<?xml version="1.0" encoding="UTF-8"?>
<testsuite xmlns:xsi="http://www.w3.org/2001/XMLSchema-instance" xsi:noNamespaceSchemaLocation="https://maven.apache.org/surefire/maven-surefire-plugin/xsd/surefire-test-report.xsd" name="org.apache.hadoop.ozone.client.rpc.TestBlockOutputStreamWithFailures" time="733.555" tests="8" errors="1" skipped="0" failures="0">
  <properties>
    <property name="awt.toolkit" value="sun.awt.X11.XToolkit"/>
    <property name="file.encoding.pkg" value="sun.io"/>
    <property name="java.specification.version" value="1.8"/>
    <property name="sun.cpu.isalist" value=""/>
    <property name="sun.jnu.encoding" value="UTF-8"/>
    <property name="java.class.path" value="/workdir/hadoop-ozone/integration-test/target/test-classes:/workdir/hadoop-ozone/integration-test/target/classes:/home/user/.m2/repository/org/apache/hadoop/hadoop-ozone-common/0.5.0-SNAPSHOT/hadoop-ozone-common-0.5.0-SNAPSHOT.jar:/home/user/.m2/repository/org/apache/commons/commons-compress/1.4.1/commons-compress-1.4.1.jar:/home/user/.m2/repository/org/tukaani/xz/1.0/xz-1.0.jar:/home/user/.m2/repository/org/apache/hadoop/hadoop-common/3.2.0/hadoop-common-3.2.0.jar:/home/user/.m2/repository/org/apache/hadoop/hadoop-hdfs/3.2.0/hadoop-hdfs-3.2.0.jar:/home/user/.m2/repository/org/apache/hadoop/hadoop-hdfs-client/3.2.0/hadoop-hdfs-client-3.2.0.jar:/home/user/.m2/repository/com/fasterxml/jackson/core/jackson-annotations/2.9.5/jackson-annotations-2.9.5.jar:/home/user/.m2/repository/org/apache/hadoop/hadoop-hdds-common/0.5.0-SNAPSHOT/hadoop-hdds-common-0.5.0-SNAPSHOT.jar:/home/user/.m2/repository/javax/annotation/javax.annotation-api/1.2/javax.annotation-api-1.2.jar:/home/user/.m2/repository/org/apache/ratis/ratis-server/0.4.0-2337318-SNAPSHOT/ratis-server-0.4.0-2337318-SNAPSHOT.jar:/home/user/.m2/repository/org/apache/ratis/ratis-thirdparty-misc/0.2.0/ratis-thirdparty-misc-0.2.0.jar:/home/user/.m2/repository/org/apache/ratis/ratis-proto/0.4.0-2337318-SNAPSHOT/ratis-proto-0.4.0-2337318-SNAPSHOT.jar:/home/user/.m2/repository/org/apache/ratis/ratis-common/0.4.0-2337318-SNAPSHOT/ratis-common-0.4.0-2337318-SNAPSHOT.jar:/home/user/.m2/repository/org/apache/ratis/ratis-client/0.4.0-2337318-SNAPSHOT/ratis-client-0.4.0-2337318-SNAPSHOT.jar:/home/user/.m2/repository/org/apache/ratis/ratis-metrics/0.4.0-2337318-SNAPSHOT/ratis-metrics-0.4.0-2337318-SNAPSHOT.jar:/home/user/.m2/repository/org/apache/ratis/ratis-netty/0.4.0-2337318-SNAPSHOT/ratis-netty-0.4.0-2337318-SNAPSHOT.jar:/home/user/.m2/repository/org/apache/ratis/ratis-grpc/0.4.0-2337318-SNAPSHOT/ratis-grpc-0.4.0-2337318-SNAPSHOT.jar:/home/user/.m2/repository/org/rocksdb/rocksdbjni/6.0.1/rocksdbjni-6.0.1.jar:/home/user/.m2/repository/org/apache/logging/log4j/log4j-api/2.11.0/log4j-api-2.11.0.jar:/home/user/.m2/repository/org/apache/logging/log4j/log4j-core/2.11.0/log4j-core-2.11.0.jar:/home/user/.m2/repository/com/lmax/disruptor/3.4.2/disruptor-3.4.2.jar:/home/user/.m2/repository/org/apache/commons/commons-pool2/2.6.0/commons-pool2-2.6.0.jar:/home/user/.m2/repository/org/bouncycastle/bcpkix-jdk15on/1.60/bcpkix-jdk15on-1.60.jar:/home/user/.m2/repository/commons-validator/commons-validator/1.6/commons-validator-1.6.jar:/home/user/.m2/repository/commons-digester/commons-digester/1.8.1/commons-digester-1.8.1.jar:/home/user/.m2/repository/io/jaegertracing/jaeger-client/0.33.1/jaeger-client-0.33.1.jar:/home/user/.m2/repository/io/jaegertracing/jaeger-thrift/0.33.1/jaeger-thrift-0.33.1.jar:/home/user/.m2/repository/org/apache/thrift/libthrift/0.11.0/libthrift-0.11.0.jar:/home/user/.m2/repository/com/squareup/okhttp3/okhttp/3.9.0/okhttp-3.9.0.jar:/home/user/.m2/repository/com/squareup/okio/okio/1.13.0/okio-1.13.0.jar:/home/user/.m2/repository/io/jaegertracing/jaeger-core/0.33.1/jaeger-core-0.33.1.jar:/home/user/.m2/repository/io/jaegertracing/jaeger-tracerresolver/0.33.1/jaeger-tracerresolver-0.33.1.jar:/home/user/.m2/repository/io/opentracing/contrib/opentracing-tracerresolver/0.1.5/opentracing-tracerresolver-0.1.5.jar:/home/user/.m2/repository/io/opentracing/opentracing-util/0.31.0/opentracing-util-0.31.0.jar:/home/user/.m2/repository/io/opentracing/opentracing-api/0.31.0/opentracing-api-0.31.0.jar:/home/user/.m2/repository/io/opentracing/opentracing-noop/0.31.0/opentracing-noop-0.31.0.jar:/home/user/.m2/repository/org/apache/hadoop/hadoop-hdds-server-framework/0.5.0-SNAPSHOT/hadoop-hdds-server-framework-0.5.0-SNAPSHOT.jar:/home/user/.m2/repository/org/apache/hadoop/hadoop-hdds-container-service/0.5.0-SNAPSHOT/hadoop-hdds-container-service-0.5.0-SNAPSHOT.jar:/home/user/.m2/repository/org/apache/hadoop/hadoop-hdds-client/0.5.0-SNAPSHOT/hadoop-hdds-client-0.5.0-SNAPSHOT.jar:/home/user/.m2/repository/org/apache/hadoop/hadoop-hdds-tools/0.5.0-SNAPSHOT/hadoop-hdds-tools-0.5.0-SNAPSHOT.jar:/home/user/.m2/repository/org/apache/hadoop/hadoop-hdds-server-scm/0.5.0-SNAPSHOT/hadoop-hdds-server-scm-0.5.0-SNAPSHOT.jar:/home/user/.m2/repository/org/apache/hadoop/hadoop-hdds-docs/0.5.0-SNAPSHOT/hadoop-hdds-docs-0.5.0-SNAPSHOT.jar:/home/user/.m2/repository/io/dropwizard/metrics/metrics-core/3.2.4/metrics-core-3.2.4.jar:/home/user/.m2/repository/org/hamcrest/hamcrest-all/1.3/hamcrest-all-1.3.jar:/home/user/.m2/repository/org/bouncycastle/bcprov-jdk15on/1.60/bcprov-jdk15on-1.60.jar:/home/user/.m2/repository/info/picocli/picocli/3.9.6/picocli-3.9.6.jar:/home/user/.m2/repository/com/google/protobuf/protobuf-java/2.5.0/protobuf-java-2.5.0.jar:/home/user/.m2/repository/com/google/guava/guava/11.0.2/guava-11.0.2.jar:/home/user/.m2/repository/org/apache/hadoop/hadoop-ozone-ozone-manager/0.5.0-SNAPSHOT/hadoop-ozone-ozone-manager-0.5.0-SNAPSHOT.jar:/home/user/.m2/repository/org/apache/hadoop/hadoop-minikdc/3.2.0/hadoop-minikdc-3.2.0.jar:/home/user/.m2/repository/commons-io/commons-io/2.5/commons-io-2.5.jar:/home/user/.m2/repository/org/apache/kerby/kerb-simplekdc/1.0.1/kerb-simplekdc-1.0.1.jar:/home/user/.m2/repository/org/apache/kerby/kerb-client/1.0.1/kerb-client-1.0.1.jar:/home/user/.m2/repository/org/apache/kerby/kerby-config/1.0.1/kerby-config-1.0.1.jar:/home/user/.m2/repository/org/apache/kerby/kerb-core/1.0.1/kerb-core-1.0.1.jar:/home/user/.m2/repository/org/apache/kerby/kerby-pkix/1.0.1/kerby-pkix-1.0.1.jar:/home/user/.m2/repository/org/apache/kerby/kerby-asn1/1.0.1/kerby-asn1-1.0.1.jar:/home/user/.m2/repository/org/apache/kerby/kerby-util/1.0.1/kerby-util-1.0.1.jar:/home/user/.m2/repository/org/apache/kerby/kerb-common/1.0.1/kerb-common-1.0.1.jar:/home/user/.m2/repository/org/apache/kerby/kerb-crypto/1.0.1/kerb-crypto-1.0.1.jar:/home/user/.m2/repository/org/apache/kerby/kerb-util/1.0.1/kerb-util-1.0.1.jar:/home/user/.m2/repository/org/apache/kerby/token-provider/1.0.1/token-provider-1.0.1.jar:/home/user/.m2/repository/org/apache/kerby/kerb-admin/1.0.1/kerb-admin-1.0.1.jar:/home/user/.m2/repository/org/apache/kerby/kerb-server/1.0.1/kerb-server-1.0.1.jar:/home/user/.m2/repository/org/apache/kerby/kerb-identity/1.0.1/kerb-identity-1.0.1.jar:/home/user/.m2/repository/org/apache/kerby/kerby-xdr/1.0.1/kerby-xdr-1.0.1.jar:/home/user/.m2/repository/org/slf4j/slf4j-log4j12/1.7.25/slf4j-log4j12-1.7.25.jar:/home/user/.m2/repository/org/apache/hadoop/hadoop-ozone-s3gateway/0.5.0-SNAPSHOT/hadoop-ozone-s3gateway-0.5.0-SNAPSHOT.jar:/home/user/.m2/repository/org/jboss/weld/servlet/weld-servlet/2.4.7.Final/weld-servlet-2.4.7.Final.jar:/home/user/.m2/repository/org/glassfish/jersey/containers/jersey-container-servlet-core/2.27/jersey-container-servlet-core-2.27.jar:/home/user/.m2/repository/org/glassfish/hk2/external/javax.inject/2.5.0-b42/javax.inject-2.5.0-b42.jar:/home/user/.m2/repository/org/glassfish/jersey/core/jersey-common/2.27/jersey-common-2.27.jar:/home/user/.m2/repository/org/glassfish/hk2/osgi-resource-locator/1.0.1/osgi-resource-locator-1.0.1.jar:/home/user/.m2/repository/javax/ws/rs/javax.ws.rs-api/2.1/javax.ws.rs-api-2.1.jar:/home/user/.m2/repository/org/glassfish/jersey/ext/cdi/jersey-cdi1x/2.27/jersey-cdi1x-2.27.jar:/home/user/.m2/repository/org/glassfish/jersey/inject/jersey-hk2/2.27/jersey-hk2-2.27.jar:/home/user/.m2/repository/org/glassfish/hk2/hk2-locator/2.5.0-b42/hk2-locator-2.5.0-b42.jar:/home/user/.m2/repository/org/javassist/javassist/3.22.0-CR2/javassist-3.22.0-CR2.jar:/home/user/.m2/repository/org/glassfish/hk2/hk2-api/2.5.0/hk2-api-2.5.0.jar:/home/user/.m2/repository/org/glassfish/hk2/external/jakarta.inject/2.5.0/jakarta.inject-2.5.0.jar:/home/user/.m2/repository/org/glassfish/hk2/hk2-utils/2.5.0/hk2-utils-2.5.0.jar:/home/user/.m2/repository/jakarta/annotation/jakarta.annotation-api/1.3.4/jakarta.annotation-api-1.3.4.jar:/home/user/.m2/repository/org/glassfish/hk2/external/aopalliance-repackaged/2.5.0/aopalliance-repackaged-2.5.0.jar:/home/user/.m2/repository/com/fasterxml/jackson/dataformat/jackson-dataformat-xml/2.9.0/jackson-dataformat-xml-2.9.0.jar:/home/user/.m2/repository/com/fasterxml/jackson/core/jackson-core/2.9.5/jackson-core-2.9.5.jar:/home/user/.m2/repository/com/fasterxml/jackson/module/jackson-module-jaxb-annotations/2.9.5/jackson-module-jaxb-annotations-2.9.5.jar:/home/user/.m2/repository/javax/enterprise/cdi-api/1.2/cdi-api-1.2.jar:/home/user/.m2/repository/javax/el/javax.el-api/3.0.0/javax.el-api-3.0.0.jar:/home/user/.m2/repository/javax/interceptor/javax.interceptor-api/1.2/javax.interceptor-api-1.2.jar:/home/user/.m2/repository/javax/inject/javax.inject/1/javax.inject-1.jar:/home/user/.m2/repository/com/sun/xml/bind/jaxb-impl/2.3.0.1/jaxb-impl-2.3.0.1.jar:/home/user/.m2/repository/com/sun/xml/bind/jaxb-core/2.3.0.1/jaxb-core-2.3.0.1.jar:/home/user/.m2/repository/javax/xml/bind/jaxb-api/2.3.0/jaxb-api-2.3.0.jar:/home/user/.m2/repository/javax/activation/activation/1.1.1/activation-1.1.1.jar:/home/user/.m2/repository/org/apache/hadoop/hadoop-ozone-csi/0.5.0-SNAPSHOT/hadoop-ozone-csi-0.5.0-SNAPSHOT.jar:/home/user/.m2/repository/com/google/protobuf/protobuf-java-util/3.5.1/protobuf-java-util-3.5.1.jar:/home/user/.m2/repository/org/apache/hadoop/hadoop-hdds-config/0.5.0-SNAPSHOT/hadoop-hdds-config-0.5.0-SNAPSHOT.jar:/home/user/.m2/repository/io/grpc/grpc-netty/1.17.1/grpc-netty-1.17.1.jar:/home/user/.m2/repository/io/grpc/grpc-core/1.17.1/grpc-core-1.17.1.jar:/home/user/.m2/repository/io/grpc/grpc-context/1.17.1/grpc-context-1.17.1.jar:/home/user/.m2/repository/com/google/errorprone/error_prone_annotations/2.2.0/error_prone_annotations-2.2.0.jar:/home/user/.m2/repository/org/codehaus/mojo/animal-sniffer-annotations/1.17/animal-sniffer-annotations-1.17.jar:/home/user/.m2/repository/io/opencensus/opencensus-api/0.17.0/opencensus-api-0.17.0.jar:/home/user/.m2/repository/io/opencensus/opencensus-contrib-grpc-metrics/0.17.0/opencensus-contrib-grpc-metrics-0.17.0.jar:/home/user/.m2/repository/io/netty/netty-codec-http2/4.1.30.Final/netty-codec-http2-4.1.30.Final.jar:/home/user/.m2/repository/io/netty/netty-codec-http/4.1.30.Final/netty-codec-http-4.1.30.Final.jar:/home/user/.m2/repository/io/netty/netty-codec/4.1.30.Final/netty-codec-4.1.30.Final.jar:/home/user/.m2/repository/io/netty/netty-handler/4.1.30.Final/netty-handler-4.1.30.Final.jar:/home/user/.m2/repository/io/netty/netty-handler-proxy/4.1.30.Final/netty-handler-proxy-4.1.30.Final.jar:/home/user/.m2/repository/io/netty/netty-codec-socks/4.1.30.Final/netty-codec-socks-4.1.30.Final.jar:/home/user/.m2/repository/io/netty/netty-transport-native-epoll/4.1.30.Final/netty-transport-native-epoll-4.1.30.Final.jar:/home/user/.m2/repository/io/netty/netty-common/4.1.30.Final/netty-common-4.1.30.Final.jar:/home/user/.m2/repository/io/netty/netty-buffer/4.1.30.Final/netty-buffer-4.1.30.Final.jar:/home/user/.m2/repository/io/netty/netty-transport/4.1.30.Final/netty-transport-4.1.30.Final.jar:/home/user/.m2/repository/io/netty/netty-resolver/4.1.30.Final/netty-resolver-4.1.30.Final.jar:/home/user/.m2/repository/io/netty/netty-transport-native-unix-common/4.1.30.Final/netty-transport-native-unix-common-4.1.30.Final.jar:/home/user/.m2/repository/io/grpc/grpc-protobuf/1.17.1/grpc-protobuf-1.17.1.jar:/home/user/.m2/repository/com/google/api/grpc/proto-google-common-protos/1.0.0/proto-google-common-protos-1.0.0.jar:/home/user/.m2/repository/io/grpc/grpc-protobuf-lite/1.17.1/grpc-protobuf-lite-1.17.1.jar:/home/user/.m2/repository/io/grpc/grpc-stub/1.17.1/grpc-stub-1.17.1.jar:/home/user/.m2/repository/org/apache/hadoop/hadoop-ozone-recon/0.5.0-SNAPSHOT/hadoop-ozone-recon-0.5.0-SNAPSHOT.jar:/home/user/.m2/repository/org/apache/hadoop/hadoop-ozone-reconcodegen/0.5.0-SNAPSHOT/hadoop-ozone-reconcodegen-0.5.0-SNAPSHOT.jar:/home/user/.m2/repository/com/google/inject/extensions/guice-multibindings/4.0/guice-multibindings-4.0.jar:/home/user/.m2/repository/com/google/inject/guice/4.0/guice-4.0.jar:/home/user/.m2/repository/aopalliance/aopalliance/1.0/aopalliance-1.0.jar:/home/user/.m2/repository/com/google/inject/extensions/guice-servlet/4.0/guice-servlet-4.0.jar:/home/user/.m2/repository/org/glassfish/jersey/containers/jersey-container-servlet/2.27/jersey-container-servlet-2.27.jar:/home/user/.m2/repository/org/glassfish/hk2/guice-bridge/2.5.0/guice-bridge-2.5.0.jar:/home/user/.m2/repository/org/glassfish/jersey/core/jersey-server/2.27/jersey-server-2.27.jar:/home/user/.m2/repository/org/glassfish/jersey/core/jersey-client/2.27/jersey-client-2.27.jar:/home/user/.m2/repository/org/glassfish/jersey/media/jersey-media-jaxb/2.27/jersey-media-jaxb-2.27.jar:/home/user/.m2/repository/javax/validation/validation-api/1.1.0.Final/validation-api-1.1.0.Final.jar:/home/user/.m2/repository/org/glassfish/jersey/media/jersey-media-json-jackson/2.27/jersey-media-json-jackson-2.27.jar:/home/user/.m2/repository/org/glassfish/jersey/ext/jersey-entity-filtering/2.27/jersey-entity-filtering-2.27.jar:/home/user/.m2/repository/com/google/inject/extensions/guice-assistedinject/4.0/guice-assistedinject-4.0.jar:/home/user/.m2/repository/org/jooq/jooq/3.11.10/jooq-3.11.10.jar:/home/user/.m2/repository/org/jooq/jooq-meta/3.11.10/jooq-meta-3.11.10.jar:/home/user/.m2/repository/org/jooq/jooq-codegen/3.11.10/jooq-codegen-3.11.10.jar:/home/user/.m2/repository/com/jolbox/bonecp/0.8.0.RELEASE/bonecp-0.8.0.RELEASE.jar:/home/user/.m2/repository/org/xerial/sqlite-jdbc/3.25.2/sqlite-jdbc-3.25.2.jar:/home/user/.m2/repository/org/springframework/spring-jdbc/5.1.3.RELEASE/spring-jdbc-5.1.3.RELEASE.jar:/home/user/.m2/repository/org/springframework/spring-beans/5.1.3.RELEASE/spring-beans-5.1.3.RELEASE.jar:/home/user/.m2/repository/org/springframework/spring-core/5.1.3.RELEASE/spring-core-5.1.3.RELEASE.jar:/home/user/.m2/repository/org/springframework/spring-jcl/5.1.3.RELEASE/spring-jcl-5.1.3.RELEASE.jar:/home/user/.m2/repository/org/springframework/spring-tx/5.1.3.RELEASE/spring-tx-5.1.3.RELEASE.jar:/home/user/.m2/repository/org/apache/hadoop/hadoop-ozone-client/0.5.0-SNAPSHOT/hadoop-ozone-client-0.5.0-SNAPSHOT.jar:/home/user/.m2/repository/commons-lang/commons-lang/2.6/commons-lang-2.6.jar:/home/user/.m2/repository/org/apache/hadoop/hadoop-ozone-ozone-manager/0.5.0-SNAPSHOT/hadoop-ozone-ozone-manager-0.5.0-SNAPSHOT-tests.jar:/home/user/.m2/repository/junit/junit/4.11/junit-4.11.jar:/home/user/.m2/repository/org/hamcrest/hamcrest-core/1.3/hamcrest-core-1.3.jar:/home/user/.m2/repository/org/openjdk/jmh/jmh-core/1.19/jmh-core-1.19.jar:/home/user/.m2/repository/net/sf/jopt-simple/jopt-simple/4.6/jopt-simple-4.6.jar:/home/user/.m2/repository/org/apache/commons/commons-math3/3.1.1/commons-math3-3.1.1.jar:/home/user/.m2/repository/org/openjdk/jmh/jmh-generator-annprocess/1.19/jmh-generator-annprocess-1.19.jar:/home/user/.m2/repository/org/mockito/mockito-all/1.8.5/mockito-all-1.8.5.jar:/home/user/.m2/repository/org/apache/hadoop/hadoop-kms/3.2.0/hadoop-kms-3.2.0.jar:/home/user/.m2/repository/org/apache/hadoop/hadoop-auth/3.2.0/hadoop-auth-3.2.0.jar:/home/user/.m2/repository/com/nimbusds/nimbus-jose-jwt/4.41.1/nimbus-jose-jwt-4.41.1.jar:/home/user/.m2/repository/com/github/stephenc/jcip/jcip-annotations/1.0-1/jcip-annotations-1.0-1.jar:/home/user/.m2/repository/net/minidev/json-smart/2.3/json-smart-2.3.jar:/home/user/.m2/repository/net/minidev/accessors-smart/1.2/accessors-smart-1.2.jar:/home/user/.m2/repository/org/ow2/asm/asm/5.0.4/asm-5.0.4.jar:/home/user/.m2/repository/org/apache/curator/curator-framework/2.12.0/curator-framework-2.12.0.jar:/home/user/.m2/repository/com/sun/jersey/jersey-core/1.19/jersey-core-1.19.jar:/home/user/.m2/repository/javax/ws/rs/jsr311-api/1.1.1/jsr311-api-1.1.1.jar:/home/user/.m2/repository/com/sun/jersey/jersey-server/1.19/jersey-server-1.19.jar:/home/user/.m2/repository/javax/servlet/javax.servlet-api/3.1.0/javax.servlet-api-3.1.0.jar:/home/user/.m2/repository/org/eclipse/jetty/jetty-server/9.3.24.v20180605/jetty-server-9.3.24.v20180605.jar:/home/user/.m2/repository/org/eclipse/jetty/jetty-http/9.3.24.v20180605/jetty-http-9.3.24.v20180605.jar:/home/user/.m2/repository/org/eclipse/jetty/jetty-io/9.3.24.v20180605/jetty-io-9.3.24.v20180605.jar:/home/user/.m2/repository/org/eclipse/jetty/jetty-webapp/9.3.24.v20180605/jetty-webapp-9.3.24.v20180605.jar:/home/user/.m2/repository/org/eclipse/jetty/jetty-xml/9.3.24.v20180605/jetty-xml-9.3.24.v20180605.jar:/home/user/.m2/repository/log4j/log4j/1.2.17/log4j-1.2.17.jar:/home/user/.m2/repository/org/slf4j/slf4j-api/1.7.25/slf4j-api-1.7.25.jar:/home/user/.m2/repository/org/slf4j/jul-to-slf4j/1.7.25/jul-to-slf4j-1.7.25.jar:/home/user/.m2/repository/org/eclipse/jetty/jetty-util/9.3.24.v20180605/jetty-util-9.3.24.v20180605.jar:/home/user/.m2/repository/com/fasterxml/jackson/core/jackson-databind/2.9.5/jackson-databind-2.9.5.jar:/home/user/.m2/repository/org/apache/hadoop/hadoop-kms/3.2.0/hadoop-kms-3.2.0-tests.jar:/home/user/.m2/repository/org/apache/hadoop/hadoop-hdds-server-scm/0.5.0-SNAPSHOT/hadoop-hdds-server-scm-0.5.0-SNAPSHOT-tests.jar:/home/user/.m2/repository/org/apache/hadoop/hadoop-hdds-container-service/0.5.0-SNAPSHOT/hadoop-hdds-container-service-0.5.0-SNAPSHOT-tests.jar:/home/user/.m2/repository/org/yaml/snakeyaml/1.16/snakeyaml-1.16.jar:/home/user/.m2/repository/org/apache/hadoop/hadoop-common/3.2.0/hadoop-common-3.2.0-tests.jar:/home/user/.m2/repository/org/apache/hadoop/hadoop-annotations/3.2.0/hadoop-annotations-3.2.0.jar:/usr/lib/jvm/java-1.8-openjdk/jre/../lib/tools.jar:/home/user/.m2/repository/commons-cli/commons-cli/1.2/commons-cli-1.2.jar:/home/user/.m2/repository/org/apache/httpcomponents/httpclient/4.5.2/httpclient-4.5.2.jar:/home/user/.m2/repository/org/apache/httpcomponents/httpcore/4.4.4/httpcore-4.4.4.jar:/home/user/.m2/repository/commons-codec/commons-codec/1.11/commons-codec-1.11.jar:/home/user/.m2/repository/commons-net/commons-net/3.6/commons-net-3.6.jar:/home/user/.m2/repository/commons-collections/commons-collections/3.2.2/commons-collections-3.2.2.jar:/home/user/.m2/repository/org/eclipse/jetty/jetty-servlet/9.3.24.v20180605/jetty-servlet-9.3.24.v20180605.jar:/home/user/.m2/repository/org/eclipse/jetty/jetty-security/9.3.24.v20180605/jetty-security-9.3.24.v20180605.jar:/home/user/.m2/repository/javax/servlet/jsp/jsp-api/2.1/jsp-api-2.1.jar:/home/user/.m2/repository/com/sun/jersey/jersey-servlet/1.19/jersey-servlet-1.19.jar:/home/user/.m2/repository/com/sun/jersey/jersey-json/1.19/jersey-json-1.19.jar:/home/user/.m2/repository/org/codehaus/jettison/jettison/1.1/jettison-1.1.jar:/home/user/.m2/repository/org/codehaus/jackson/jackson-core-asl/1.9.13/jackson-core-asl-1.9.13.jar:/home/user/.m2/repository/org/codehaus/jackson/jackson-mapper-asl/1.9.13/jackson-mapper-asl-1.9.13.jar:/home/user/.m2/repository/org/codehaus/jackson/jackson-jaxrs/1.9.13/jackson-jaxrs-1.9.13.jar:/home/user/.m2/repository/org/codehaus/jackson/jackson-xc/1.9.13/jackson-xc-1.9.13.jar:/home/user/.m2/repository/commons-logging/commons-logging/1.1.3/commons-logging-1.1.3.jar:/home/user/.m2/repository/commons-beanutils/commons-beanutils/1.9.3/commons-beanutils-1.9.3.jar:/home/user/.m2/repository/org/apache/commons/commons-configuration2/2.1.1/commons-configuration2-2.1.1.jar:/home/user/.m2/repository/org/apache/commons/commons-lang3/3.7/commons-lang3-3.7.jar:/home/user/.m2/repository/org/apache/commons/commons-text/1.4/commons-text-1.4.jar:/home/user/.m2/repository/org/apache/avro/avro/1.7.7/avro-1.7.7.jar:/home/user/.m2/repository/com/thoughtworks/paranamer/paranamer/2.3/paranamer-2.3.jar:/home/user/.m2/repository/org/xerial/snappy/snappy-java/1.0.5/snappy-java-1.0.5.jar:/home/user/.m2/repository/com/google/re2j/re2j/1.1/re2j-1.1.jar:/home/user/.m2/repository/com/google/code/gson/gson/2.2.4/gson-2.2.4.jar:/home/user/.m2/repository/com/jcraft/jsch/0.1.54/jsch-0.1.54.jar:/home/user/.m2/repository/org/apache/curator/curator-client/2.12.0/curator-client-2.12.0.jar:/home/user/.m2/repository/org/apache/curator/curator-recipes/2.12.0/curator-recipes-2.12.0.jar:/home/user/.m2/repository/com/google/code/findbugs/jsr305/3.0.0/jsr305-3.0.0.jar:/home/user/.m2/repository/org/apache/htrace/htrace-core4/4.1.0-incubating/htrace-core4-4.1.0-incubating.jar:/home/user/.m2/repository/org/apache/zookeeper/zookeeper/3.4.13/zookeeper-3.4.13.jar:/home/user/.m2/repository/org/apache/yetus/audience-annotations/0.5.0/audience-annotations-0.5.0.jar:/home/user/.m2/repository/org/codehaus/woodstox/stax2-api/3.1.4/stax2-api-3.1.4.jar:/home/user/.m2/repository/com/fasterxml/woodstox/woodstox-core/5.0.3/woodstox-core-5.0.3.jar:/home/user/.m2/repository/dnsjava/dnsjava/2.1.7/dnsjava-2.1.7.jar:/home/user/.m2/repository/org/apache/hadoop/hadoop-hdfs/3.2.0/hadoop-hdfs-3.2.0-tests.jar:/home/user/.m2/repository/org/eclipse/jetty/jetty-util-ajax/9.3.24.v20180605/jetty-util-ajax-9.3.24.v20180605.jar:/home/user/.m2/repository/commons-daemon/commons-daemon/1.0.13/commons-daemon-1.0.13.jar:/home/user/.m2/repository/io/netty/netty/3.10.5.Final/netty-3.10.5.Final.jar:/home/user/.m2/repository/io/netty/netty-all/4.0.52.Final/netty-all-4.0.52.Final.jar:/home/user/.m2/repository/org/fusesource/leveldbjni/leveldbjni-all/1.8/leveldbjni-all-1.8.jar:"/>
    <property name="java.vm.vendor" value="IcedTea"/>
    <property name="sun.arch.data.model" value="64"/>
    <property name="test.build.dir" value="/workdir/hadoop-ozone/integration-test/target/test-dir"/>
    <property name="test.cache.data" value=""/>
    <property name="java.vendor.url" value="https://icedtea.classpath.org"/>
    <property name="user.timezone" value=""/>
    <property name="java.vm.specification.version" value="1.8"/>
    <property name="os.name" value="Linux"/>
    <property name="test.build.data" value="/workdir/hadoop-ozone/integration-test/target/test-dir"/>
    <property name="user.country" value="US"/>
    <property name="sun.java.launcher" value="SUN_STANDARD"/>
    <property name="sun.boot.library.path" value="/usr/lib/jvm/java-1.8-openjdk/jre/lib/amd64"/>
    <property name="sun.java.command" value="/workdir/hadoop-ozone/integration-test/target/surefire/surefirebooter2294715611403685165.jar /workdir/hadoop-ozone/integration-test/target/surefire 2019-08-30T14-47-35_787-jvmRun1 surefire1745977025688781720tmp surefire_208242601482132949556tmp"/>
    <property name="test" value="!TestMiniChaosOzoneCluster"/>
    <property name="surefire.test.class.path" value="/workdir/hadoop-ozone/integration-test/target/test-classes:/workdir/hadoop-ozone/integration-test/target/classes:/home/user/.m2/repository/org/apache/hadoop/hadoop-ozone-common/0.5.0-SNAPSHOT/hadoop-ozone-common-0.5.0-SNAPSHOT.jar:/home/user/.m2/repository/org/apache/commons/commons-compress/1.4.1/commons-compress-1.4.1.jar:/home/user/.m2/repository/org/tukaani/xz/1.0/xz-1.0.jar:/home/user/.m2/repository/org/apache/hadoop/hadoop-common/3.2.0/hadoop-common-3.2.0.jar:/home/user/.m2/repository/org/apache/hadoop/hadoop-hdfs/3.2.0/hadoop-hdfs-3.2.0.jar:/home/user/.m2/repository/org/apache/hadoop/hadoop-hdfs-client/3.2.0/hadoop-hdfs-client-3.2.0.jar:/home/user/.m2/repository/com/fasterxml/jackson/core/jackson-annotations/2.9.5/jackson-annotations-2.9.5.jar:/home/user/.m2/repository/org/apache/hadoop/hadoop-hdds-common/0.5.0-SNAPSHOT/hadoop-hdds-common-0.5.0-SNAPSHOT.jar:/home/user/.m2/repository/javax/annotation/javax.annotation-api/1.2/javax.annotation-api-1.2.jar:/home/user/.m2/repository/org/apache/ratis/ratis-server/0.4.0-2337318-SNAPSHOT/ratis-server-0.4.0-2337318-SNAPSHOT.jar:/home/user/.m2/repository/org/apache/ratis/ratis-thirdparty-misc/0.2.0/ratis-thirdparty-misc-0.2.0.jar:/home/user/.m2/repository/org/apache/ratis/ratis-proto/0.4.0-2337318-SNAPSHOT/ratis-proto-0.4.0-2337318-SNAPSHOT.jar:/home/user/.m2/repository/org/apache/ratis/ratis-common/0.4.0-2337318-SNAPSHOT/ratis-common-0.4.0-2337318-SNAPSHOT.jar:/home/user/.m2/repository/org/apache/ratis/ratis-client/0.4.0-2337318-SNAPSHOT/ratis-client-0.4.0-2337318-SNAPSHOT.jar:/home/user/.m2/repository/org/apache/ratis/ratis-metrics/0.4.0-2337318-SNAPSHOT/ratis-metrics-0.4.0-2337318-SNAPSHOT.jar:/home/user/.m2/repository/org/apache/ratis/ratis-netty/0.4.0-2337318-SNAPSHOT/ratis-netty-0.4.0-2337318-SNAPSHOT.jar:/home/user/.m2/repository/org/apache/ratis/ratis-grpc/0.4.0-2337318-SNAPSHOT/ratis-grpc-0.4.0-2337318-SNAPSHOT.jar:/home/user/.m2/repository/org/rocksdb/rocksdbjni/6.0.1/rocksdbjni-6.0.1.jar:/home/user/.m2/repository/org/apache/logging/log4j/log4j-api/2.11.0/log4j-api-2.11.0.jar:/home/user/.m2/repository/org/apache/logging/log4j/log4j-core/2.11.0/log4j-core-2.11.0.jar:/home/user/.m2/repository/com/lmax/disruptor/3.4.2/disruptor-3.4.2.jar:/home/user/.m2/repository/org/apache/commons/commons-pool2/2.6.0/commons-pool2-2.6.0.jar:/home/user/.m2/repository/org/bouncycastle/bcpkix-jdk15on/1.60/bcpkix-jdk15on-1.60.jar:/home/user/.m2/repository/commons-validator/commons-validator/1.6/commons-validator-1.6.jar:/home/user/.m2/repository/commons-digester/commons-digester/1.8.1/commons-digester-1.8.1.jar:/home/user/.m2/repository/io/jaegertracing/jaeger-client/0.33.1/jaeger-client-0.33.1.jar:/home/user/.m2/repository/io/jaegertracing/jaeger-thrift/0.33.1/jaeger-thrift-0.33.1.jar:/home/user/.m2/repository/org/apache/thrift/libthrift/0.11.0/libthrift-0.11.0.jar:/home/user/.m2/repository/com/squareup/okhttp3/okhttp/3.9.0/okhttp-3.9.0.jar:/home/user/.m2/repository/com/squareup/okio/okio/1.13.0/okio-1.13.0.jar:/home/user/.m2/repository/io/jaegertracing/jaeger-core/0.33.1/jaeger-core-0.33.1.jar:/home/user/.m2/repository/io/jaegertracing/jaeger-tracerresolver/0.33.1/jaeger-tracerresolver-0.33.1.jar:/home/user/.m2/repository/io/opentracing/contrib/opentracing-tracerresolver/0.1.5/opentracing-tracerresolver-0.1.5.jar:/home/user/.m2/repository/io/opentracing/opentracing-util/0.31.0/opentracing-util-0.31.0.jar:/home/user/.m2/repository/io/opentracing/opentracing-api/0.31.0/opentracing-api-0.31.0.jar:/home/user/.m2/repository/io/opentracing/opentracing-noop/0.31.0/opentracing-noop-0.31.0.jar:/home/user/.m2/repository/org/apache/hadoop/hadoop-hdds-server-framework/0.5.0-SNAPSHOT/hadoop-hdds-server-framework-0.5.0-SNAPSHOT.jar:/home/user/.m2/repository/org/apache/hadoop/hadoop-hdds-container-service/0.5.0-SNAPSHOT/hadoop-hdds-container-service-0.5.0-SNAPSHOT.jar:/home/user/.m2/repository/org/apache/hadoop/hadoop-hdds-client/0.5.0-SNAPSHOT/hadoop-hdds-client-0.5.0-SNAPSHOT.jar:/home/user/.m2/repository/org/apache/hadoop/hadoop-hdds-tools/0.5.0-SNAPSHOT/hadoop-hdds-tools-0.5.0-SNAPSHOT.jar:/home/user/.m2/repository/org/apache/hadoop/hadoop-hdds-server-scm/0.5.0-SNAPSHOT/hadoop-hdds-server-scm-0.5.0-SNAPSHOT.jar:/home/user/.m2/repository/org/apache/hadoop/hadoop-hdds-docs/0.5.0-SNAPSHOT/hadoop-hdds-docs-0.5.0-SNAPSHOT.jar:/home/user/.m2/repository/io/dropwizard/metrics/metrics-core/3.2.4/metrics-core-3.2.4.jar:/home/user/.m2/repository/org/hamcrest/hamcrest-all/1.3/hamcrest-all-1.3.jar:/home/user/.m2/repository/org/bouncycastle/bcprov-jdk15on/1.60/bcprov-jdk15on-1.60.jar:/home/user/.m2/repository/info/picocli/picocli/3.9.6/picocli-3.9.6.jar:/home/user/.m2/repository/com/google/protobuf/protobuf-java/2.5.0/protobuf-java-2.5.0.jar:/home/user/.m2/repository/com/google/guava/guava/11.0.2/guava-11.0.2.jar:/home/user/.m2/repository/org/apache/hadoop/hadoop-ozone-ozone-manager/0.5.0-SNAPSHOT/hadoop-ozone-ozone-manager-0.5.0-SNAPSHOT.jar:/home/user/.m2/repository/org/apache/hadoop/hadoop-minikdc/3.2.0/hadoop-minikdc-3.2.0.jar:/home/user/.m2/repository/commons-io/commons-io/2.5/commons-io-2.5.jar:/home/user/.m2/repository/org/apache/kerby/kerb-simplekdc/1.0.1/kerb-simplekdc-1.0.1.jar:/home/user/.m2/repository/org/apache/kerby/kerb-client/1.0.1/kerb-client-1.0.1.jar:/home/user/.m2/repository/org/apache/kerby/kerby-config/1.0.1/kerby-config-1.0.1.jar:/home/user/.m2/repository/org/apache/kerby/kerb-core/1.0.1/kerb-core-1.0.1.jar:/home/user/.m2/repository/org/apache/kerby/kerby-pkix/1.0.1/kerby-pkix-1.0.1.jar:/home/user/.m2/repository/org/apache/kerby/kerby-asn1/1.0.1/kerby-asn1-1.0.1.jar:/home/user/.m2/repository/org/apache/kerby/kerby-util/1.0.1/kerby-util-1.0.1.jar:/home/user/.m2/repository/org/apache/kerby/kerb-common/1.0.1/kerb-common-1.0.1.jar:/home/user/.m2/repository/org/apache/kerby/kerb-crypto/1.0.1/kerb-crypto-1.0.1.jar:/home/user/.m2/repository/org/apache/kerby/kerb-util/1.0.1/kerb-util-1.0.1.jar:/home/user/.m2/repository/org/apache/kerby/token-provider/1.0.1/token-provider-1.0.1.jar:/home/user/.m2/repository/org/apache/kerby/kerb-admin/1.0.1/kerb-admin-1.0.1.jar:/home/user/.m2/repository/org/apache/kerby/kerb-server/1.0.1/kerb-server-1.0.1.jar:/home/user/.m2/repository/org/apache/kerby/kerb-identity/1.0.1/kerb-identity-1.0.1.jar:/home/user/.m2/repository/org/apache/kerby/kerby-xdr/1.0.1/kerby-xdr-1.0.1.jar:/home/user/.m2/repository/org/slf4j/slf4j-log4j12/1.7.25/slf4j-log4j12-1.7.25.jar:/home/user/.m2/repository/org/apache/hadoop/hadoop-ozone-s3gateway/0.5.0-SNAPSHOT/hadoop-ozone-s3gateway-0.5.0-SNAPSHOT.jar:/home/user/.m2/repository/org/jboss/weld/servlet/weld-servlet/2.4.7.Final/weld-servlet-2.4.7.Final.jar:/home/user/.m2/repository/org/glassfish/jersey/containers/jersey-container-servlet-core/2.27/jersey-container-servlet-core-2.27.jar:/home/user/.m2/repository/org/glassfish/hk2/external/javax.inject/2.5.0-b42/javax.inject-2.5.0-b42.jar:/home/user/.m2/repository/org/glassfish/jersey/core/jersey-common/2.27/jersey-common-2.27.jar:/home/user/.m2/repository/org/glassfish/hk2/osgi-resource-locator/1.0.1/osgi-resource-locator-1.0.1.jar:/home/user/.m2/repository/javax/ws/rs/javax.ws.rs-api/2.1/javax.ws.rs-api-2.1.jar:/home/user/.m2/repository/org/glassfish/jersey/ext/cdi/jersey-cdi1x/2.27/jersey-cdi1x-2.27.jar:/home/user/.m2/repository/org/glassfish/jersey/inject/jersey-hk2/2.27/jersey-hk2-2.27.jar:/home/user/.m2/repository/org/glassfish/hk2/hk2-locator/2.5.0-b42/hk2-locator-2.5.0-b42.jar:/home/user/.m2/repository/org/javassist/javassist/3.22.0-CR2/javassist-3.22.0-CR2.jar:/home/user/.m2/repository/org/glassfish/hk2/hk2-api/2.5.0/hk2-api-2.5.0.jar:/home/user/.m2/repository/org/glassfish/hk2/external/jakarta.inject/2.5.0/jakarta.inject-2.5.0.jar:/home/user/.m2/repository/org/glassfish/hk2/hk2-utils/2.5.0/hk2-utils-2.5.0.jar:/home/user/.m2/repository/jakarta/annotation/jakarta.annotation-api/1.3.4/jakarta.annotation-api-1.3.4.jar:/home/user/.m2/repository/org/glassfish/hk2/external/aopalliance-repackaged/2.5.0/aopalliance-repackaged-2.5.0.jar:/home/user/.m2/repository/com/fasterxml/jackson/dataformat/jackson-dataformat-xml/2.9.0/jackson-dataformat-xml-2.9.0.jar:/home/user/.m2/repository/com/fasterxml/jackson/core/jackson-core/2.9.5/jackson-core-2.9.5.jar:/home/user/.m2/repository/com/fasterxml/jackson/module/jackson-module-jaxb-annotations/2.9.5/jackson-module-jaxb-annotations-2.9.5.jar:/home/user/.m2/repository/javax/enterprise/cdi-api/1.2/cdi-api-1.2.jar:/home/user/.m2/repository/javax/el/javax.el-api/3.0.0/javax.el-api-3.0.0.jar:/home/user/.m2/repository/javax/interceptor/javax.interceptor-api/1.2/javax.interceptor-api-1.2.jar:/home/user/.m2/repository/javax/inject/javax.inject/1/javax.inject-1.jar:/home/user/.m2/repository/com/sun/xml/bind/jaxb-impl/2.3.0.1/jaxb-impl-2.3.0.1.jar:/home/user/.m2/repository/com/sun/xml/bind/jaxb-core/2.3.0.1/jaxb-core-2.3.0.1.jar:/home/user/.m2/repository/javax/xml/bind/jaxb-api/2.3.0/jaxb-api-2.3.0.jar:/home/user/.m2/repository/javax/activation/activation/1.1.1/activation-1.1.1.jar:/home/user/.m2/repository/org/apache/hadoop/hadoop-ozone-csi/0.5.0-SNAPSHOT/hadoop-ozone-csi-0.5.0-SNAPSHOT.jar:/home/user/.m2/repository/com/google/protobuf/protobuf-java-util/3.5.1/protobuf-java-util-3.5.1.jar:/home/user/.m2/repository/org/apache/hadoop/hadoop-hdds-config/0.5.0-SNAPSHOT/hadoop-hdds-config-0.5.0-SNAPSHOT.jar:/home/user/.m2/repository/io/grpc/grpc-netty/1.17.1/grpc-netty-1.17.1.jar:/home/user/.m2/repository/io/grpc/grpc-core/1.17.1/grpc-core-1.17.1.jar:/home/user/.m2/repository/io/grpc/grpc-context/1.17.1/grpc-context-1.17.1.jar:/home/user/.m2/repository/com/google/errorprone/error_prone_annotations/2.2.0/error_prone_annotations-2.2.0.jar:/home/user/.m2/repository/org/codehaus/mojo/animal-sniffer-annotations/1.17/animal-sniffer-annotations-1.17.jar:/home/user/.m2/repository/io/opencensus/opencensus-api/0.17.0/opencensus-api-0.17.0.jar:/home/user/.m2/repository/io/opencensus/opencensus-contrib-grpc-metrics/0.17.0/opencensus-contrib-grpc-metrics-0.17.0.jar:/home/user/.m2/repository/io/netty/netty-codec-http2/4.1.30.Final/netty-codec-http2-4.1.30.Final.jar:/home/user/.m2/repository/io/netty/netty-codec-http/4.1.30.Final/netty-codec-http-4.1.30.Final.jar:/home/user/.m2/repository/io/netty/netty-codec/4.1.30.Final/netty-codec-4.1.30.Final.jar:/home/user/.m2/repository/io/netty/netty-handler/4.1.30.Final/netty-handler-4.1.30.Final.jar:/home/user/.m2/repository/io/netty/netty-handler-proxy/4.1.30.Final/netty-handler-proxy-4.1.30.Final.jar:/home/user/.m2/repository/io/netty/netty-codec-socks/4.1.30.Final/netty-codec-socks-4.1.30.Final.jar:/home/user/.m2/repository/io/netty/netty-transport-native-epoll/4.1.30.Final/netty-transport-native-epoll-4.1.30.Final.jar:/home/user/.m2/repository/io/netty/netty-common/4.1.30.Final/netty-common-4.1.30.Final.jar:/home/user/.m2/repository/io/netty/netty-buffer/4.1.30.Final/netty-buffer-4.1.30.Final.jar:/home/user/.m2/repository/io/netty/netty-transport/4.1.30.Final/netty-transport-4.1.30.Final.jar:/home/user/.m2/repository/io/netty/netty-resolver/4.1.30.Final/netty-resolver-4.1.30.Final.jar:/home/user/.m2/repository/io/netty/netty-transport-native-unix-common/4.1.30.Final/netty-transport-native-unix-common-4.1.30.Final.jar:/home/user/.m2/repository/io/grpc/grpc-protobuf/1.17.1/grpc-protobuf-1.17.1.jar:/home/user/.m2/repository/com/google/api/grpc/proto-google-common-protos/1.0.0/proto-google-common-protos-1.0.0.jar:/home/user/.m2/repository/io/grpc/grpc-protobuf-lite/1.17.1/grpc-protobuf-lite-1.17.1.jar:/home/user/.m2/repository/io/grpc/grpc-stub/1.17.1/grpc-stub-1.17.1.jar:/home/user/.m2/repository/org/apache/hadoop/hadoop-ozone-recon/0.5.0-SNAPSHOT/hadoop-ozone-recon-0.5.0-SNAPSHOT.jar:/home/user/.m2/repository/org/apache/hadoop/hadoop-ozone-reconcodegen/0.5.0-SNAPSHOT/hadoop-ozone-reconcodegen-0.5.0-SNAPSHOT.jar:/home/user/.m2/repository/com/google/inject/extensions/guice-multibindings/4.0/guice-multibindings-4.0.jar:/home/user/.m2/repository/com/google/inject/guice/4.0/guice-4.0.jar:/home/user/.m2/repository/aopalliance/aopalliance/1.0/aopalliance-1.0.jar:/home/user/.m2/repository/com/google/inject/extensions/guice-servlet/4.0/guice-servlet-4.0.jar:/home/user/.m2/repository/org/glassfish/jersey/containers/jersey-container-servlet/2.27/jersey-container-servlet-2.27.jar:/home/user/.m2/repository/org/glassfish/hk2/guice-bridge/2.5.0/guice-bridge-2.5.0.jar:/home/user/.m2/repository/org/glassfish/jersey/core/jersey-server/2.27/jersey-server-2.27.jar:/home/user/.m2/repository/org/glassfish/jersey/core/jersey-client/2.27/jersey-client-2.27.jar:/home/user/.m2/repository/org/glassfish/jersey/media/jersey-media-jaxb/2.27/jersey-media-jaxb-2.27.jar:/home/user/.m2/repository/javax/validation/validation-api/1.1.0.Final/validation-api-1.1.0.Final.jar:/home/user/.m2/repository/org/glassfish/jersey/media/jersey-media-json-jackson/2.27/jersey-media-json-jackson-2.27.jar:/home/user/.m2/repository/org/glassfish/jersey/ext/jersey-entity-filtering/2.27/jersey-entity-filtering-2.27.jar:/home/user/.m2/repository/com/google/inject/extensions/guice-assistedinject/4.0/guice-assistedinject-4.0.jar:/home/user/.m2/repository/org/jooq/jooq/3.11.10/jooq-3.11.10.jar:/home/user/.m2/repository/org/jooq/jooq-meta/3.11.10/jooq-meta-3.11.10.jar:/home/user/.m2/repository/org/jooq/jooq-codegen/3.11.10/jooq-codegen-3.11.10.jar:/home/user/.m2/repository/com/jolbox/bonecp/0.8.0.RELEASE/bonecp-0.8.0.RELEASE.jar:/home/user/.m2/repository/org/xerial/sqlite-jdbc/3.25.2/sqlite-jdbc-3.25.2.jar:/home/user/.m2/repository/org/springframework/spring-jdbc/5.1.3.RELEASE/spring-jdbc-5.1.3.RELEASE.jar:/home/user/.m2/repository/org/springframework/spring-beans/5.1.3.RELEASE/spring-beans-5.1.3.RELEASE.jar:/home/user/.m2/repository/org/springframework/spring-core/5.1.3.RELEASE/spring-core-5.1.3.RELEASE.jar:/home/user/.m2/repository/org/springframework/spring-jcl/5.1.3.RELEASE/spring-jcl-5.1.3.RELEASE.jar:/home/user/.m2/repository/org/springframework/spring-tx/5.1.3.RELEASE/spring-tx-5.1.3.RELEASE.jar:/home/user/.m2/repository/org/apache/hadoop/hadoop-ozone-client/0.5.0-SNAPSHOT/hadoop-ozone-client-0.5.0-SNAPSHOT.jar:/home/user/.m2/repository/commons-lang/commons-lang/2.6/commons-lang-2.6.jar:/home/user/.m2/repository/org/apache/hadoop/hadoop-ozone-ozone-manager/0.5.0-SNAPSHOT/hadoop-ozone-ozone-manager-0.5.0-SNAPSHOT-tests.jar:/home/user/.m2/repository/junit/junit/4.11/junit-4.11.jar:/home/user/.m2/repository/org/hamcrest/hamcrest-core/1.3/hamcrest-core-1.3.jar:/home/user/.m2/repository/org/openjdk/jmh/jmh-core/1.19/jmh-core-1.19.jar:/home/user/.m2/repository/net/sf/jopt-simple/jopt-simple/4.6/jopt-simple-4.6.jar:/home/user/.m2/repository/org/apache/commons/commons-math3/3.1.1/commons-math3-3.1.1.jar:/home/user/.m2/repository/org/openjdk/jmh/jmh-generator-annprocess/1.19/jmh-generator-annprocess-1.19.jar:/home/user/.m2/repository/org/mockito/mockito-all/1.8.5/mockito-all-1.8.5.jar:/home/user/.m2/repository/org/apache/hadoop/hadoop-kms/3.2.0/hadoop-kms-3.2.0.jar:/home/user/.m2/repository/org/apache/hadoop/hadoop-auth/3.2.0/hadoop-auth-3.2.0.jar:/home/user/.m2/repository/com/nimbusds/nimbus-jose-jwt/4.41.1/nimbus-jose-jwt-4.41.1.jar:/home/user/.m2/repository/com/github/stephenc/jcip/jcip-annotations/1.0-1/jcip-annotations-1.0-1.jar:/home/user/.m2/repository/net/minidev/json-smart/2.3/json-smart-2.3.jar:/home/user/.m2/repository/net/minidev/accessors-smart/1.2/accessors-smart-1.2.jar:/home/user/.m2/repository/org/ow2/asm/asm/5.0.4/asm-5.0.4.jar:/home/user/.m2/repository/org/apache/curator/curator-framework/2.12.0/curator-framework-2.12.0.jar:/home/user/.m2/repository/com/sun/jersey/jersey-core/1.19/jersey-core-1.19.jar:/home/user/.m2/repository/javax/ws/rs/jsr311-api/1.1.1/jsr311-api-1.1.1.jar:/home/user/.m2/repository/com/sun/jersey/jersey-server/1.19/jersey-server-1.19.jar:/home/user/.m2/repository/javax/servlet/javax.servlet-api/3.1.0/javax.servlet-api-3.1.0.jar:/home/user/.m2/repository/org/eclipse/jetty/jetty-server/9.3.24.v20180605/jetty-server-9.3.24.v20180605.jar:/home/user/.m2/repository/org/eclipse/jetty/jetty-http/9.3.24.v20180605/jetty-http-9.3.24.v20180605.jar:/home/user/.m2/repository/org/eclipse/jetty/jetty-io/9.3.24.v20180605/jetty-io-9.3.24.v20180605.jar:/home/user/.m2/repository/org/eclipse/jetty/jetty-webapp/9.3.24.v20180605/jetty-webapp-9.3.24.v20180605.jar:/home/user/.m2/repository/org/eclipse/jetty/jetty-xml/9.3.24.v20180605/jetty-xml-9.3.24.v20180605.jar:/home/user/.m2/repository/log4j/log4j/1.2.17/log4j-1.2.17.jar:/home/user/.m2/repository/org/slf4j/slf4j-api/1.7.25/slf4j-api-1.7.25.jar:/home/user/.m2/repository/org/slf4j/jul-to-slf4j/1.7.25/jul-to-slf4j-1.7.25.jar:/home/user/.m2/repository/org/eclipse/jetty/jetty-util/9.3.24.v20180605/jetty-util-9.3.24.v20180605.jar:/home/user/.m2/repository/com/fasterxml/jackson/core/jackson-databind/2.9.5/jackson-databind-2.9.5.jar:/home/user/.m2/repository/org/apache/hadoop/hadoop-kms/3.2.0/hadoop-kms-3.2.0-tests.jar:/home/user/.m2/repository/org/apache/hadoop/hadoop-hdds-server-scm/0.5.0-SNAPSHOT/hadoop-hdds-server-scm-0.5.0-SNAPSHOT-tests.jar:/home/user/.m2/repository/org/apache/hadoop/hadoop-hdds-container-service/0.5.0-SNAPSHOT/hadoop-hdds-container-service-0.5.0-SNAPSHOT-tests.jar:/home/user/.m2/repository/org/yaml/snakeyaml/1.16/snakeyaml-1.16.jar:/home/user/.m2/repository/org/apache/hadoop/hadoop-common/3.2.0/hadoop-common-3.2.0-tests.jar:/home/user/.m2/repository/org/apache/hadoop/hadoop-annotations/3.2.0/hadoop-annotations-3.2.0.jar:/usr/lib/jvm/java-1.8-openjdk/jre/../lib/tools.jar:/home/user/.m2/repository/commons-cli/commons-cli/1.2/commons-cli-1.2.jar:/home/user/.m2/repository/org/apache/httpcomponents/httpclient/4.5.2/httpclient-4.5.2.jar:/home/user/.m2/repository/org/apache/httpcomponents/httpcore/4.4.4/httpcore-4.4.4.jar:/home/user/.m2/repository/commons-codec/commons-codec/1.11/commons-codec-1.11.jar:/home/user/.m2/repository/commons-net/commons-net/3.6/commons-net-3.6.jar:/home/user/.m2/repository/commons-collections/commons-collections/3.2.2/commons-collections-3.2.2.jar:/home/user/.m2/repository/org/eclipse/jetty/jetty-servlet/9.3.24.v20180605/jetty-servlet-9.3.24.v20180605.jar:/home/user/.m2/repository/org/eclipse/jetty/jetty-security/9.3.24.v20180605/jetty-security-9.3.24.v20180605.jar:/home/user/.m2/repository/javax/servlet/jsp/jsp-api/2.1/jsp-api-2.1.jar:/home/user/.m2/repository/com/sun/jersey/jersey-servlet/1.19/jersey-servlet-1.19.jar:/home/user/.m2/repository/com/sun/jersey/jersey-json/1.19/jersey-json-1.19.jar:/home/user/.m2/repository/org/codehaus/jettison/jettison/1.1/jettison-1.1.jar:/home/user/.m2/repository/org/codehaus/jackson/jackson-core-asl/1.9.13/jackson-core-asl-1.9.13.jar:/home/user/.m2/repository/org/codehaus/jackson/jackson-mapper-asl/1.9.13/jackson-mapper-asl-1.9.13.jar:/home/user/.m2/repository/org/codehaus/jackson/jackson-jaxrs/1.9.13/jackson-jaxrs-1.9.13.jar:/home/user/.m2/repository/org/codehaus/jackson/jackson-xc/1.9.13/jackson-xc-1.9.13.jar:/home/user/.m2/repository/commons-logging/commons-logging/1.1.3/commons-logging-1.1.3.jar:/home/user/.m2/repository/commons-beanutils/commons-beanutils/1.9.3/commons-beanutils-1.9.3.jar:/home/user/.m2/repository/org/apache/commons/commons-configuration2/2.1.1/commons-configuration2-2.1.1.jar:/home/user/.m2/repository/org/apache/commons/commons-lang3/3.7/commons-lang3-3.7.jar:/home/user/.m2/repository/org/apache/commons/commons-text/1.4/commons-text-1.4.jar:/home/user/.m2/repository/org/apache/avro/avro/1.7.7/avro-1.7.7.jar:/home/user/.m2/repository/com/thoughtworks/paranamer/paranamer/2.3/paranamer-2.3.jar:/home/user/.m2/repository/org/xerial/snappy/snappy-java/1.0.5/snappy-java-1.0.5.jar:/home/user/.m2/repository/com/google/re2j/re2j/1.1/re2j-1.1.jar:/home/user/.m2/repository/com/google/code/gson/gson/2.2.4/gson-2.2.4.jar:/home/user/.m2/repository/com/jcraft/jsch/0.1.54/jsch-0.1.54.jar:/home/user/.m2/repository/org/apache/curator/curator-client/2.12.0/curator-client-2.12.0.jar:/home/user/.m2/repository/org/apache/curator/curator-recipes/2.12.0/curator-recipes-2.12.0.jar:/home/user/.m2/repository/com/google/code/findbugs/jsr305/3.0.0/jsr305-3.0.0.jar:/home/user/.m2/repository/org/apache/htrace/htrace-core4/4.1.0-incubating/htrace-core4-4.1.0-incubating.jar:/home/user/.m2/repository/org/apache/zookeeper/zookeeper/3.4.13/zookeeper-3.4.13.jar:/home/user/.m2/repository/org/apache/yetus/audience-annotations/0.5.0/audience-annotations-0.5.0.jar:/home/user/.m2/repository/org/codehaus/woodstox/stax2-api/3.1.4/stax2-api-3.1.4.jar:/home/user/.m2/repository/com/fasterxml/woodstox/woodstox-core/5.0.3/woodstox-core-5.0.3.jar:/home/user/.m2/repository/dnsjava/dnsjava/2.1.7/dnsjava-2.1.7.jar:/home/user/.m2/repository/org/apache/hadoop/hadoop-hdfs/3.2.0/hadoop-hdfs-3.2.0-tests.jar:/home/user/.m2/repository/org/eclipse/jetty/jetty-util-ajax/9.3.24.v20180605/jetty-util-ajax-9.3.24.v20180605.jar:/home/user/.m2/repository/commons-daemon/commons-daemon/1.0.13/commons-daemon-1.0.13.jar:/home/user/.m2/repository/io/netty/netty/3.10.5.Final/netty-3.10.5.Final.jar:/home/user/.m2/repository/io/netty/netty-all/4.0.52.Final/netty-all-4.0.52.Final.jar:/home/user/.m2/repository/org/fusesource/leveldbjni/leveldbjni-all/1.8/leveldbjni-all-1.8.jar:"/>
    <property name="sun.cpu.endian" value="little"/>
    <property name="user.home" value="/home/user"/>
    <property name="user.language" value="en"/>
    <property name="java.specification.vendor" value="Oracle Corporation"/>
    <property name="java.home" value="/usr/lib/jvm/java-1.8-openjdk/jre"/>
    <property name="java.security.krb5.conf" value="/workdir/hadoop-ozone/integration-test/target/test-classes/krb5.conf"/>
    <property name="basedir" value="/workdir/hadoop-ozone/integration-test"/>
    <property name="file.separator" value="/"/>
    <property name="line.separator" value="&#10;"/>
    <property name="java.vm.specification.vendor" value="Oracle Corporation"/>
    <property name="java.specification.name" value="Java Platform API Specification"/>
    <property name="java.awt.graphicsenv" value="sun.awt.X11GraphicsEnvironment"/>
    <property name="surefire.real.class.path" value="/workdir/hadoop-ozone/integration-test/target/surefire/surefirebooter2294715611403685165.jar"/>
    <property name="hadoop.log.dir" value="/workdir/hadoop-ozone/integration-test/target/log"/>
    <property name="sun.boot.class.path" value="/usr/lib/jvm/java-1.8-openjdk/jre/lib/resources.jar:/usr/lib/jvm/java-1.8-openjdk/jre/lib/rt.jar:/usr/lib/jvm/java-1.8-openjdk/jre/lib/sunrsasign.jar:/usr/lib/jvm/java-1.8-openjdk/jre/lib/jsse.jar:/usr/lib/jvm/java-1.8-openjdk/jre/lib/jce.jar:/usr/lib/jvm/java-1.8-openjdk/jre/lib/charsets.jar:/usr/lib/jvm/java-1.8-openjdk/jre/lib/jfr.jar:/usr/lib/jvm/java-1.8-openjdk/jre/classes"/>
    <property name="sun.management.compiler" value="HotSpot 64-Bit Tiered Compilers"/>
    <property name="java.runtime.version" value="1.8.0_212-b04"/>
    <property name="java.net.preferIPv4Stack" value="true"/>
    <property name="user.name" value="jenkins1000"/>
    <property name="path.separator" value=":"/>
    <property name="java.security.egd" value="file:///dev/urandom"/>
    <property name="os.version" value="3.10.0-957.12.2.el7.x86_64"/>
    <property name="java.endorsed.dirs" value="/usr/lib/jvm/java-1.8-openjdk/jre/lib/endorsed"/>
    <property name="java.runtime.name" value="OpenJDK Runtime Environment"/>
    <property name="file.encoding" value="UTF-8"/>
    <property name="java.vm.name" value="OpenJDK 64-Bit Server VM"/>
    <property name="test.build.webapps" value=""/>
    <property name="localRepository" value="/home/user/.m2/repository"/>
    <property name="java.vendor.url.bug" value="https://icedtea.classpath.org/bugzilla"/>
    <property name="java.io.tmpdir" value="/tmp"/>
    <property name="require.test.libhadoop" value=""/>
    <property name="java.version" value="1.8.0_212"/>
    <property name="user.dir" value="/workdir/hadoop-ozone/integration-test"/>
    <property name="os.arch" value="amd64"/>
    <property name="java.vm.specification.name" value="Java Virtual Machine Specification"/>
    <property name="test.build.classes" value="/workdir/hadoop-ozone/integration-test/target/test-classes"/>
    <property name="java.awt.printerjob" value="sun.print.PSPrinterJob"/>
    <property name="sun.os.patch.level" value="unknown"/>
    <property name="hadoop.tmp.dir" value="/workdir/hadoop-ozone/integration-test/target/tmp"/>
    <property name="java.library.path" value="/usr/lib/jvm/java-1.8-openjdk/jre/lib/amd64/server:/usr/lib/jvm/java-1.8-openjdk/jre/lib/amd64:/usr/lib/jvm/java-1.8-openjdk/jre/../lib/amd64:/workdir/hadoop-ozone/integration-test/target/native/target/usr/local/lib:/workdir/hadoop-ozone/integration-test/../../hadoop-common-project/hadoop-common/target/native/target/usr/local/lib:/usr/java/packages/lib/amd64:/usr/lib64:/lib64:/lib:/usr/lib"/>
    <property name="java.vm.info" value="mixed mode"/>
    <property name="java.vendor" value="IcedTea"/>
    <property name="java.vm.version" value="25.212-b04"/>
    <property name="java.ext.dirs" value="/usr/lib/jvm/java-1.8-openjdk/jre/lib/ext:/usr/java/packages/lib/ext"/>
    <property name="sun.io.unicode.encoding" value="UnicodeLittle"/>
    <property name="java.class.version" value="52.0"/>
  </properties>
  <testcase name="test2DatanodesFailure" classname="org.apache.hadoop.ozone.client.rpc.TestBlockOutputStreamWithFailures" time="105.679">
    <error message="Allocated 0 blocks. Requested 1 blocks" type="INTERNAL_ERROR org.apache.hadoop.ozone.om.exceptions.OMException">INTERNAL_ERROR org.apache.hadoop.ozone.om.exceptions.OMException: Allocated 0 blocks. Requested 1 blocks
	at org.apache.hadoop.ozone.om.protocolPB.OzoneManagerProtocolClientSideTranslatorPB.handleError(OzoneManagerProtocolClientSideTranslatorPB.java:725)
	at org.apache.hadoop.ozone.om.protocolPB.OzoneManagerProtocolClientSideTranslatorPB.allocateBlock(OzoneManagerProtocolClientSideTranslatorPB.java:757)
	at org.apache.hadoop.ozone.client.io.BlockOutputStreamEntryPool.allocateNewBlock(BlockOutputStreamEntryPool.java:248)
	at org.apache.hadoop.ozone.client.io.BlockOutputStreamEntryPool.allocateBlockIfNeeded(BlockOutputStreamEntryPool.java:296)
	at org.apache.hadoop.ozone.client.io.KeyOutputStream.handleWrite(KeyOutputStream.java:201)
	at org.apache.hadoop.ozone.client.io.KeyOutputStream.handleRetry(KeyOutputStream.java:376)
	at org.apache.hadoop.ozone.client.io.KeyOutputStream.handleException(KeyOutputStream.java:325)
	at org.apache.hadoop.ozone.client.io.KeyOutputStream.handleFlushOrClose(KeyOutputStream.java:448)
	at org.apache.hadoop.ozone.client.io.KeyOutputStream.flush(KeyOutputStream.java:396)
	at org.apache.hadoop.ozone.client.io.OzoneOutputStream.flush(OzoneOutputStream.java:54)
	at org.apache.hadoop.ozone.client.rpc.TestBlockOutputStreamWithFailures.test2DatanodesFailure(TestBlockOutputStreamWithFailures.java:502)
	at sun.reflect.NativeMethodAccessorImpl.invoke0(Native Method)
	at sun.reflect.NativeMethodAccessorImpl.invoke(NativeMethodAccessorImpl.java:62)
	at sun.reflect.DelegatingMethodAccessorImpl.invoke(DelegatingMethodAccessorImpl.java:43)
	at java.lang.reflect.Method.invoke(Method.java:498)
	at org.junit.runners.model.FrameworkMethod$1.runReflectiveCall(FrameworkMethod.java:47)
	at org.junit.internal.runners.model.ReflectiveCallable.run(ReflectiveCallable.java:12)
	at org.junit.runners.model.FrameworkMethod.invokeExplosively(FrameworkMethod.java:44)
	at org.junit.internal.runners.statements.InvokeMethod.evaluate(InvokeMethod.java:17)
	at org.junit.internal.runners.statements.RunBefores.evaluate(RunBefores.java:26)
	at org.junit.internal.runners.statements.RunAfters.evaluate(RunAfters.java:27)
	at org.junit.runners.ParentRunner.runLeaf(ParentRunner.java:271)
	at org.junit.runners.BlockJUnit4ClassRunner.runChild(BlockJUnit4ClassRunner.java:70)
	at org.junit.runners.BlockJUnit4ClassRunner.runChild(BlockJUnit4ClassRunner.java:50)
	at org.junit.runners.ParentRunner$3.run(ParentRunner.java:238)
	at org.junit.runners.ParentRunner$1.schedule(ParentRunner.java:63)
	at org.junit.runners.ParentRunner.runChildren(ParentRunner.java:236)
	at org.junit.runners.ParentRunner.access$000(ParentRunner.java:53)
	at org.junit.runners.ParentRunner$2.evaluate(ParentRunner.java:229)
	at org.junit.runners.ParentRunner.run(ParentRunner.java:309)
	at org.apache.maven.surefire.junit4.JUnit4Provider.execute(JUnit4Provider.java:365)
	at org.apache.maven.surefire.junit4.JUnit4Provider.executeWithRerun(JUnit4Provider.java:273)
	at org.apache.maven.surefire.junit4.JUnit4Provider.executeTestSet(JUnit4Provider.java:238)
	at org.apache.maven.surefire.junit4.JUnit4Provider.invoke(JUnit4Provider.java:159)
	at org.apache.maven.surefire.booter.ForkedBooter.invokeProviderInSameClassLoader(ForkedBooter.java:384)
	at org.apache.maven.surefire.booter.ForkedBooter.runSuitesInProcess(ForkedBooter.java:345)
	at org.apache.maven.surefire.booter.ForkedBooter.execute(ForkedBooter.java:126)
	at org.apache.maven.surefire.booter.ForkedBooter.main(ForkedBooter.java:418)
</error>
    <system-out><![CDATA[2019-08-30 15:05:17,306 [main] WARN  server.ServerUtils (ServerUtils.java:getScmDbDir(145)) - ozone.scm.db.dirs is not configured. We recommend adding this setting. Falling back to ozone.metadata.dirs instead.
2019-08-30 15:05:17,418 [main] WARN  server.ServerUtils (ServerUtils.java:getScmDbDir(145)) - ozone.scm.db.dirs is not configured. We recommend adding this setting. Falling back to ozone.metadata.dirs instead.
2019-08-30 15:05:17,421 [main] WARN  server.ServerUtils (ServerUtils.java:getScmDbDir(145)) - ozone.scm.db.dirs is not configured. We recommend adding this setting. Falling back to ozone.metadata.dirs instead.
2019-08-30 15:05:17,435 [main] INFO  util.log (Log.java:initialized(192)) - Logging initialized @903ms
2019-08-30 15:05:17,516 [main] INFO  db.DBStoreBuilder (DBStoreBuilder.java:addTable(110)) - using custom profile for table: deletedBlocks
2019-08-30 15:05:17,516 [main] INFO  db.DBStoreBuilder (DBStoreBuilder.java:processTables(161)) - Using default column profile:DBProfile.DISK for Table:deletedBlocks
2019-08-30 15:05:17,517 [main] INFO  db.DBStoreBuilder (DBStoreBuilder.java:addTable(110)) - using custom profile for table: validCerts
2019-08-30 15:05:17,517 [main] INFO  db.DBStoreBuilder (DBStoreBuilder.java:processTables(161)) - Using default column profile:DBProfile.DISK for Table:validCerts
2019-08-30 15:05:17,517 [main] INFO  db.DBStoreBuilder (DBStoreBuilder.java:addTable(110)) - using custom profile for table: revokedCerts
2019-08-30 15:05:17,517 [main] INFO  db.DBStoreBuilder (DBStoreBuilder.java:processTables(161)) - Using default column profile:DBProfile.DISK for Table:revokedCerts
2019-08-30 15:05:17,527 [main] INFO  db.DBStoreBuilder (DBStoreBuilder.java:addTable(110)) - using custom profile for table: default
2019-08-30 15:05:17,527 [main] INFO  db.DBStoreBuilder (DBStoreBuilder.java:processTables(167)) - Using default column profile:DBProfile.DISK for Table:default
2019-08-30 15:05:17,528 [main] INFO  db.DBStoreBuilder (DBStoreBuilder.java:getDbProfile(198)) - Using default options. DBProfile.DISK
2019-08-30 15:05:17,727 [main] INFO  net.NodeSchemaLoader (NodeSchemaLoader.java:loadSchemaFromFile(125)) - Loading file from sun.misc.CompoundEnumeration@368f2016
2019-08-30 15:05:17,728 [main] INFO  net.NodeSchemaLoader (NodeSchemaLoader.java:loadSchema(171)) - Loading network topology layer schema file
2019-08-30 15:05:17,824 [main] INFO  node.SCMNodeManager (SCMNodeManager.java:<init>(114)) - Entering startup safe mode.
2019-08-30 15:05:17,904 [main] INFO  algorithms.ContainerPlacementPolicyFactory (ContainerPlacementPolicyFactory.java:getPolicy(55)) - Create container placement policy of type org.apache.hadoop.hdds.scm.container.placement.algorithms.SCMContainerPlacementRandom
2019-08-30 15:05:17,929 [main] WARN  server.ServerUtils (ServerUtils.java:getScmDbDir(145)) - ozone.scm.db.dirs is not configured. We recommend adding this setting. Falling back to ozone.metadata.dirs instead.
2019-08-30 15:05:18,010 [main] INFO  pipeline.SCMPipelineManager (SCMPipelineManager.java:initializePipelineState(126)) - No pipeline exists in current db
2019-08-30 15:05:18,012 [main] WARN  server.ServerUtils (ServerUtils.java:getScmDbDir(145)) - ozone.scm.db.dirs is not configured. We recommend adding this setting. Falling back to ozone.metadata.dirs instead.
2019-08-30 15:05:18,144 [main] WARN  events.EventQueue (EventQueue.java:fireEvent(183)) - No event handler registered for event TypedEvent{payloadType=SafeModeStatus, name='SafeModeStatus'}
2019-08-30 15:05:18,943 [main] INFO  ipc.CallQueueManager (CallQueueManager.java:<init>(84)) - Using callQueue: class java.util.concurrent.LinkedBlockingQueue, queueCapacity: 2000, scheduler: class org.apache.hadoop.ipc.DefaultRpcScheduler, ipcBackoff: false.
2019-08-30 15:05:18,968 [Socket Reader #1 for port 35849] INFO  ipc.Server (Server.java:run(1074)) - Starting Socket Reader #1 for port 35849
2019-08-30 15:05:18,993 [main] INFO  ipc.CallQueueManager (CallQueueManager.java:<init>(84)) - Using callQueue: class java.util.concurrent.LinkedBlockingQueue, queueCapacity: 2000, scheduler: class org.apache.hadoop.ipc.DefaultRpcScheduler, ipcBackoff: false.
2019-08-30 15:05:18,994 [Socket Reader #1 for port 37359] INFO  ipc.Server (Server.java:run(1074)) - Starting Socket Reader #1 for port 37359
2019-08-30 15:05:19,000 [main] INFO  ipc.CallQueueManager (CallQueueManager.java:<init>(84)) - Using callQueue: class java.util.concurrent.LinkedBlockingQueue, queueCapacity: 2000, scheduler: class org.apache.hadoop.ipc.DefaultRpcScheduler, ipcBackoff: false.
2019-08-30 15:05:19,001 [Socket Reader #1 for port 46702] INFO  ipc.Server (Server.java:run(1074)) - Starting Socket Reader #1 for port 46702
2019-08-30 15:05:19,025 [main] INFO  hdfs.DFSUtil (DFSUtil.java:httpServerTemplateForNNAndJN(1641)) - Starting Web-server for scm at: http://0.0.0.0:0
2019-08-30 15:05:19,166 [main] INFO  server.AuthenticationFilter (AuthenticationFilter.java:constructSecretProvider(240)) - Unable to initialize FileSignerSecretProvider, falling back to use random secrets.
2019-08-30 15:05:19,173 [main] WARN  http.HttpRequestLog (HttpRequestLog.java:getRequestLog(97)) - Jetty request log can only be enabled using Log4j
2019-08-30 15:05:19,180 [main] INFO  http.HttpServer2 (HttpServer2.java:addGlobalFilter(975)) - Added global filter 'safety' (class=org.apache.hadoop.http.HttpServer2$QuotingInputFilter)
2019-08-30 15:05:19,182 [main] INFO  http.HttpServer2 (HttpServer2.java:addFilter(948)) - Added filter static_user_filter (class=org.apache.hadoop.http.lib.StaticUserWebFilter$StaticUserFilter) to context scm
2019-08-30 15:05:19,182 [main] INFO  http.HttpServer2 (HttpServer2.java:addFilter(958)) - Added filter static_user_filter (class=org.apache.hadoop.http.lib.StaticUserWebFilter$StaticUserFilter) to context logs
2019-08-30 15:05:19,182 [main] INFO  http.HttpServer2 (HttpServer2.java:addFilter(958)) - Added filter static_user_filter (class=org.apache.hadoop.http.lib.StaticUserWebFilter$StaticUserFilter) to context static
2019-08-30 15:05:19,208 [main] INFO  server.StorageContainerManager (StorageContainerManager.java:start(759)) - StorageContainerLocationProtocol RPC server is listening at /0.0.0.0:46702
2019-08-30 15:05:19,258 [main] WARN  impl.MetricsConfig (MetricsConfig.java:loadFirst(134)) - Cannot locate configuration: tried hadoop-metrics2-storagecontainermanager.properties,hadoop-metrics2.properties
2019-08-30 15:05:19,269 [main] INFO  impl.MetricsSystemImpl (MetricsSystemImpl.java:startTimer(374)) - Scheduled Metric snapshot period at 10 second(s).
2019-08-30 15:05:19,269 [main] INFO  impl.MetricsSystemImpl (MetricsSystemImpl.java:start(191)) - StorageContainerManager metrics system started
2019-08-30 15:05:19,464 [main] INFO  server.SCMClientProtocolServer (SCMClientProtocolServer.java:start(151)) - RPC server for Client  is listening at /0.0.0.0:46702
2019-08-30 15:05:19,465 [IPC Server Responder] INFO  ipc.Server (Server.java:run(1314)) - IPC Server Responder: starting
2019-08-30 15:05:19,465 [IPC Server listener on 46702] INFO  ipc.Server (Server.java:run(1153)) - IPC Server listener on 46702: starting
2019-08-30 15:05:19,468 [main] INFO  server.StorageContainerManager (StorageContainerManager.java:start(769)) - ScmBlockLocationProtocol RPC server is listening at /0.0.0.0:37359
2019-08-30 15:05:19,469 [main] INFO  server.SCMBlockProtocolServer (SCMBlockProtocolServer.java:start(146)) - RPC server for Block Protocol is listening at /0.0.0.0:37359
2019-08-30 15:05:19,470 [IPC Server Responder] INFO  ipc.Server (Server.java:run(1314)) - IPC Server Responder: starting
2019-08-30 15:05:19,470 [IPC Server listener on 37359] INFO  ipc.Server (Server.java:run(1153)) - IPC Server listener on 37359: starting
2019-08-30 15:05:19,473 [main] INFO  server.StorageContainerManager (StorageContainerManager.java:start(773)) - ScmDatanodeProtocl RPC server is listening at /0.0.0.0:35849
2019-08-30 15:05:19,473 [main] INFO  server.SCMDatanodeProtocolServer (SCMDatanodeProtocolServer.java:start(191)) - RPC server for DataNodes is listening at /0.0.0.0:35849
2019-08-30 15:05:19,473 [IPC Server Responder] INFO  ipc.Server (Server.java:run(1314)) - IPC Server Responder: starting
2019-08-30 15:05:19,473 [IPC Server listener on 35849] INFO  ipc.Server (Server.java:run(1153)) - IPC Server listener on 35849: starting
2019-08-30 15:05:19,477 [main] INFO  http.HttpServer2 (HttpServer2.java:bindListener(1191)) - Jetty bound to port 43403
2019-08-30 15:05:19,479 [main] INFO  server.Server (Server.java:doStart(351)) - jetty-9.3.24.v20180605, build timestamp: 2018-06-05T17:11:56Z, git hash: 84205aa28f11a4f31f2a3b86d1bba2cc8ab69827
2019-08-30 15:05:19,512 [main] INFO  handler.ContextHandler (ContextHandler.java:doStart(781)) - Started o.e.j.s.ServletContextHandler@5c8eee0f{/logs,file:///workdir/hadoop-ozone/integration-test/target/log,AVAILABLE}
2019-08-30 15:05:19,512 [main] INFO  handler.ContextHandler (ContextHandler.java:doStart(781)) - Started o.e.j.s.ServletContextHandler@26425897{/static,file:///workdir/hadoop-ozone/integration-test/target/test-classes/webapps/static,AVAILABLE}
2019-08-30 15:05:19,540 [main] INFO  handler.ContextHandler (ContextHandler.java:doStart(781)) - Started o.e.j.w.WebAppContext@2d0566ba{/,file:///workdir/hadoop-ozone/integration-test/target/test-classes/webapps/scm/,AVAILABLE}{/scm}
2019-08-30 15:05:19,545 [main] INFO  server.AbstractConnector (AbstractConnector.java:doStart(278)) - Started ServerConnector@54e7391d{HTTP/1.1,[http/1.1]}{0.0.0.0:43403}
2019-08-30 15:05:19,545 [main] INFO  server.Server (Server.java:doStart(419)) - Started @3013ms
2019-08-30 15:05:19,547 [main] INFO  impl.MetricsSinkAdapter (MetricsSinkAdapter.java:start(204)) - Sink prometheus started
2019-08-30 15:05:19,547 [main] INFO  impl.MetricsSystemImpl (MetricsSystemImpl.java:registerSink(301)) - Registered sink prometheus
2019-08-30 15:05:19,548 [main] INFO  server.BaseHttpServer (BaseHttpServer.java:updateConnectorAddress(215)) - HTTP server of SCM is listening at http://0.0.0.0:43403
2019-08-30 15:05:19,553 [org.apache.hadoop.util.JvmPauseMonitor$Monitor@3f2049b6] INFO  util.JvmPauseMonitor (JvmPauseMonitor.java:run(188)) - Starting JVM pause monitor
2019-08-30 15:05:19,555 [main] WARN  server.ServerUtils (ServerUtils.java:getDBPath(222)) - ozone.om.db.dirs is not configured. We recommend adding this setting. Falling back to ozone.metadata.dirs instead.
2019-08-30 15:05:19,638 [main] WARN  server.ServerUtils (ServerUtils.java:getDBPath(222)) - ozone.om.db.dirs is not configured. We recommend adding this setting. Falling back to ozone.metadata.dirs instead.
2019-08-30 15:05:19,639 [main] WARN  server.ServerUtils (ServerUtils.java:getDBPath(222)) - ozone.om.db.dirs is not configured. We recommend adding this setting. Falling back to ozone.metadata.dirs instead.
2019-08-30 15:05:19,640 [main] INFO  om.OzoneManager (OzoneManager.java:setOMNodeDetails(652)) - OM Service ID is not set. Setting it to the default ID: omServiceIdDefault
2019-08-30 15:05:19,640 [main] INFO  om.OzoneManager (OzoneManager.java:setOMNodeDetails(658)) - OM Node ID is not set. Setting it to the OmStorage's OmID: bc40c752-a8a4-4c6c-b2db-a1c7838bafa4
2019-08-30 15:05:19,641 [main] INFO  om.OzoneManager (OzoneManager.java:loadOMHAConfigs(609)) - Found matching OM address with OMServiceId: null, OMNodeId: null, RPC Address: localhost:0 and Ratis port: 9872
2019-08-30 15:05:19,844 | INFO  | SCMAudit | user=jenkins1000 | ip=192.168.5.134 | op=GET_SCM_INFO null | ret=SUCCESS |  
2019-08-30 15:05:20,276 [main] WARN  server.ServerUtils (ServerUtils.java:getDBPath(222)) - ozone.om.db.dirs is not configured. We recommend adding this setting. Falling back to ozone.metadata.dirs instead.
2019-08-30 15:05:20,283 [main] INFO  db.DBStoreBuilder (DBStoreBuilder.java:addTable(110)) - using custom profile for table: userTable
2019-08-30 15:05:20,283 [main] INFO  db.DBStoreBuilder (DBStoreBuilder.java:processTables(161)) - Using default column profile:DBProfile.DISK for Table:userTable
2019-08-30 15:05:20,284 [main] INFO  db.DBStoreBuilder (DBStoreBuilder.java:addTable(110)) - using custom profile for table: volumeTable
2019-08-30 15:05:20,284 [main] INFO  db.DBStoreBuilder (DBStoreBuilder.java:processTables(161)) - Using default column profile:DBProfile.DISK for Table:volumeTable
2019-08-30 15:05:20,284 [main] INFO  db.DBStoreBuilder (DBStoreBuilder.java:addTable(110)) - using custom profile for table: bucketTable
2019-08-30 15:05:20,284 [main] INFO  db.DBStoreBuilder (DBStoreBuilder.java:processTables(161)) - Using default column profile:DBProfile.DISK for Table:bucketTable
2019-08-30 15:05:20,285 [main] INFO  db.DBStoreBuilder (DBStoreBuilder.java:addTable(110)) - using custom profile for table: keyTable
2019-08-30 15:05:20,285 [main] INFO  db.DBStoreBuilder (DBStoreBuilder.java:processTables(161)) - Using default column profile:DBProfile.DISK for Table:keyTable
2019-08-30 15:05:20,285 [main] INFO  db.DBStoreBuilder (DBStoreBuilder.java:addTable(110)) - using custom profile for table: deletedTable
2019-08-30 15:05:20,285 [main] INFO  db.DBStoreBuilder (DBStoreBuilder.java:processTables(161)) - Using default column profile:DBProfile.DISK for Table:deletedTable
2019-08-30 15:05:20,285 [main] INFO  db.DBStoreBuilder (DBStoreBuilder.java:addTable(110)) - using custom profile for table: openKeyTable
2019-08-30 15:05:20,286 [main] INFO  db.DBStoreBuilder (DBStoreBuilder.java:processTables(161)) - Using default column profile:DBProfile.DISK for Table:openKeyTable
2019-08-30 15:05:20,286 [main] INFO  db.DBStoreBuilder (DBStoreBuilder.java:addTable(110)) - using custom profile for table: s3Table
2019-08-30 15:05:20,286 [main] INFO  db.DBStoreBuilder (DBStoreBuilder.java:processTables(161)) - Using default column profile:DBProfile.DISK for Table:s3Table
2019-08-30 15:05:20,286 [main] INFO  db.DBStoreBuilder (DBStoreBuilder.java:addTable(110)) - using custom profile for table: multipartInfoTable
2019-08-30 15:05:20,286 [main] INFO  db.DBStoreBuilder (DBStoreBuilder.java:processTables(161)) - Using default column profile:DBProfile.DISK for Table:multipartInfoTable
2019-08-30 15:05:20,287 [main] INFO  db.DBStoreBuilder (DBStoreBuilder.java:addTable(110)) - using custom profile for table: dTokenTable
2019-08-30 15:05:20,287 [main] INFO  db.DBStoreBuilder (DBStoreBuilder.java:processTables(161)) - Using default column profile:DBProfile.DISK for Table:dTokenTable
2019-08-30 15:05:20,287 [main] INFO  db.DBStoreBuilder (DBStoreBuilder.java:addTable(110)) - using custom profile for table: s3SecretTable
2019-08-30 15:05:20,287 [main] INFO  db.DBStoreBuilder (DBStoreBuilder.java:processTables(161)) - Using default column profile:DBProfile.DISK for Table:s3SecretTable
2019-08-30 15:05:20,288 [main] INFO  db.DBStoreBuilder (DBStoreBuilder.java:addTable(110)) - using custom profile for table: prefixTable
2019-08-30 15:05:20,288 [main] INFO  db.DBStoreBuilder (DBStoreBuilder.java:processTables(161)) - Using default column profile:DBProfile.DISK for Table:prefixTable
2019-08-30 15:05:20,288 [main] INFO  db.DBStoreBuilder (DBStoreBuilder.java:addTable(110)) - using custom profile for table: default
2019-08-30 15:05:20,289 [main] INFO  db.DBStoreBuilder (DBStoreBuilder.java:processTables(167)) - Using default column profile:DBProfile.DISK for Table:default
2019-08-30 15:05:20,289 [main] INFO  db.DBStoreBuilder (DBStoreBuilder.java:getDbProfile(198)) - Using default options. DBProfile.DISK
2019-08-30 15:05:21,103 [main] INFO  ipc.CallQueueManager (CallQueueManager.java:<init>(84)) - Using callQueue: class java.util.concurrent.LinkedBlockingQueue, queueCapacity: 2000, scheduler: class org.apache.hadoop.ipc.DefaultRpcScheduler, ipcBackoff: false.
2019-08-30 15:05:21,104 [Socket Reader #1 for port 34553] INFO  ipc.Server (Server.java:run(1074)) - Starting Socket Reader #1 for port 34553
2019-08-30 15:05:21,127 [main] INFO  om.OzoneManager (OzoneManager.java:start(1266)) - OzoneManager RPC server is listening at localhost/127.0.0.1:34553
2019-08-30 15:05:21,128 [main] INFO  impl.MetricsSystemImpl (MetricsSystemImpl.java:init(158)) - OzoneManager metrics system started (again)
2019-08-30 15:05:21,129 [IPC Server listener on 34553] INFO  ipc.Server (Server.java:run(1153)) - IPC Server listener on 34553: starting
2019-08-30 15:05:21,130 [IPC Server Responder] INFO  ipc.Server (Server.java:run(1314)) - IPC Server Responder: starting
2019-08-30 15:05:21,135 [main] INFO  hdfs.DFSUtil (DFSUtil.java:httpServerTemplateForNNAndJN(1641)) - Starting Web-server for ozoneManager at: http://0.0.0.0:0
2019-08-30 15:05:21,137 [main] INFO  server.AuthenticationFilter (AuthenticationFilter.java:constructSecretProvider(240)) - Unable to initialize FileSignerSecretProvider, falling back to use random secrets.
2019-08-30 15:05:21,138 [main] WARN  http.HttpRequestLog (HttpRequestLog.java:getRequestLog(97)) - Jetty request log can only be enabled using Log4j
2019-08-30 15:05:21,142 [main] INFO  http.HttpServer2 (HttpServer2.java:addGlobalFilter(975)) - Added global filter 'safety' (class=org.apache.hadoop.http.HttpServer2$QuotingInputFilter)
2019-08-30 15:05:21,143 [main] INFO  http.HttpServer2 (HttpServer2.java:addFilter(948)) - Added filter static_user_filter (class=org.apache.hadoop.http.lib.StaticUserWebFilter$StaticUserFilter) to context ozoneManager
2019-08-30 15:05:21,143 [main] INFO  http.HttpServer2 (HttpServer2.java:addFilter(958)) - Added filter static_user_filter (class=org.apache.hadoop.http.lib.StaticUserWebFilter$StaticUserFilter) to context static
2019-08-30 15:05:21,144 [main] INFO  http.HttpServer2 (HttpServer2.java:addFilter(958)) - Added filter static_user_filter (class=org.apache.hadoop.http.lib.StaticUserWebFilter$StaticUserFilter) to context logs
2019-08-30 15:05:21,147 [main] INFO  http.HttpServer2 (HttpServer2.java:bindListener(1191)) - Jetty bound to port 44655
2019-08-30 15:05:21,147 [main] INFO  server.Server (Server.java:doStart(351)) - jetty-9.3.24.v20180605, build timestamp: 2018-06-05T17:11:56Z, git hash: 84205aa28f11a4f31f2a3b86d1bba2cc8ab69827
2019-08-30 15:05:21,150 [main] INFO  handler.ContextHandler (ContextHandler.java:doStart(781)) - Started o.e.j.s.ServletContextHandler@7a2e0858{/logs,file:///workdir/hadoop-ozone/integration-test/target/log,AVAILABLE}
2019-08-30 15:05:21,151 [main] INFO  handler.ContextHandler (ContextHandler.java:doStart(781)) - Started o.e.j.s.ServletContextHandler@1f38957{/static,file:///workdir/hadoop-ozone/integration-test/target/test-classes/webapps/static,AVAILABLE}
2019-08-30 15:05:21,158 [main] INFO  handler.ContextHandler (ContextHandler.java:doStart(781)) - Started o.e.j.w.WebAppContext@35ff8fc9{/,file:///workdir/hadoop-ozone/integration-test/target/test-classes/webapps/ozoneManager/,AVAILABLE}{/ozoneManager}
2019-08-30 15:05:21,159 [main] INFO  server.AbstractConnector (AbstractConnector.java:doStart(278)) - Started ServerConnector@5fb7183b{HTTP/1.1,[http/1.1]}{0.0.0.0:44655}
2019-08-30 15:05:21,159 [main] INFO  server.Server (Server.java:doStart(419)) - Started @4627ms
2019-08-30 15:05:21,160 [main] WARN  impl.MetricsSystemImpl (MetricsSystemImpl.java:register(276)) - Sink prometheus already exists!
2019-08-30 15:05:21,161 [main] INFO  server.BaseHttpServer (BaseHttpServer.java:updateConnectorAddress(215)) - HTTP server of OZONEMANAGER is listening at http://0.0.0.0:44655
2019-08-30 15:05:21,309 [main] INFO  impl.MetricsSystemImpl (MetricsSystemImpl.java:init(158)) - HddsDatanode metrics system started (again)
2019-08-30 15:05:21,357 [main] INFO  ozone.HddsDatanodeService (HddsDatanodeService.java:start(184)) - HddsDatanodeService host:pr-hdds-2060-hng4s-2675214545 ip:192.168.5.134
2019-08-30 15:05:21,389 [main] INFO  volume.HddsVolume (HddsVolume.java:<init>(176)) - Creating Volume: /workdir/hadoop-ozone/integration-test/target/test-dir/MiniOzoneClusterImpl-c9bf924e-a99a-40de-a7b2-d35176791736/datanode-0/data/containers/hdds of  storage type : DISK and capacity : 1482555576320
2019-08-30 15:05:21,391 [main] INFO  volume.VolumeSet (VolumeSet.java:initializeVolumeSet(170)) - Added Volume : /workdir/hadoop-ozone/integration-test/target/test-dir/MiniOzoneClusterImpl-c9bf924e-a99a-40de-a7b2-d35176791736/datanode-0/data/containers/hdds to VolumeSet
2019-08-30 15:05:21,394 [main] INFO  volume.ThrottledAsyncChecker (ThrottledAsyncChecker.java:schedule(140)) - Scheduling a check for org.apache.hadoop.ozone.container.common.volume.HddsVolume@3f1ddac2
2019-08-30 15:05:21,411 [main] INFO  volume.HddsVolumeChecker (HddsVolumeChecker.java:checkAllVolumes(203)) - Scheduled health check for volume org.apache.hadoop.ozone.container.common.volume.HddsVolume@3f1ddac2
2019-08-30 15:05:21,515 [main] INFO  impl.RaftServerProxy (ConfUtils.java:logGet(43)) - raft.rpc.type = GRPC (default)
2019-08-30 15:05:21,581 [main] INFO  grpc.GrpcFactory (GrpcFactory.java:checkPooledByteBufAllocatorUseCacheForAllThreads(45)) - PERFORMANCE WARNING: useCacheForAllThreads is true that may cause Netty to create a lot garbage objects and, as a result, trigger GC.
	It is recommended to disable useCacheForAllThreads by setting -Dorg.apache.ratis.thirdparty.io.netty.allocator.useCacheForAllThreads=false in command line.
2019-08-30 15:05:21,585 [main] INFO  grpc.GrpcConfigKeys$Server (ConfUtils.java:logGet(43)) - raft.grpc.server.port = 0 (default)
2019-08-30 15:05:21,586 [main] INFO  server.GrpcService (ConfUtils.java:logGet(43)) - raft.grpc.message.size.max = 33570816 (custom)
2019-08-30 15:05:21,588 [main] INFO  server.RaftServerConfigKeys (ConfUtils.java:logGet(43)) - raft.server.log.appender.buffer.byte-limit = 33554432 (custom)
2019-08-30 15:05:21,588 [main] INFO  server.GrpcService (ConfUtils.java:logGet(43)) - raft.grpc.flow.control.window = 1MB (=1048576) (default)
2019-08-30 15:05:21,589 [main] INFO  server.RaftServerConfigKeys (ConfUtils.java:logGet(43)) - raft.server.rpc.request.timeout = 3000ms (default)
2019-08-30 15:05:21,789 [main] INFO  server.RaftServerConfigKeys (ConfUtils.java:logGet(43)) - raft.server.storage.dir = [/workdir/hadoop-ozone/integration-test/target/test-dir/MiniOzoneClusterImpl-c9bf924e-a99a-40de-a7b2-d35176791736/datanode-0/data/ratis] (custom)
2019-08-30 15:05:21,862 [main] INFO  hdfs.DFSUtil (DFSUtil.java:httpServerTemplateForNNAndJN(1641)) - Starting Web-server for hddsDatanode at: http://0.0.0.0:0
2019-08-30 15:05:21,865 [main] INFO  server.AuthenticationFilter (AuthenticationFilter.java:constructSecretProvider(240)) - Unable to initialize FileSignerSecretProvider, falling back to use random secrets.
2019-08-30 15:05:21,866 [main] WARN  http.HttpRequestLog (HttpRequestLog.java:getRequestLog(97)) - Jetty request log can only be enabled using Log4j
2019-08-30 15:05:21,870 [main] INFO  http.HttpServer2 (HttpServer2.java:addGlobalFilter(975)) - Added global filter 'safety' (class=org.apache.hadoop.http.HttpServer2$QuotingInputFilter)
2019-08-30 15:05:21,871 [main] INFO  http.HttpServer2 (HttpServer2.java:addFilter(948)) - Added filter static_user_filter (class=org.apache.hadoop.http.lib.StaticUserWebFilter$StaticUserFilter) to context hddsDatanode
2019-08-30 15:05:21,871 [main] INFO  http.HttpServer2 (HttpServer2.java:addFilter(958)) - Added filter static_user_filter (class=org.apache.hadoop.http.lib.StaticUserWebFilter$StaticUserFilter) to context logs
2019-08-30 15:05:21,871 [main] INFO  http.HttpServer2 (HttpServer2.java:addFilter(958)) - Added filter static_user_filter (class=org.apache.hadoop.http.lib.StaticUserWebFilter$StaticUserFilter) to context static
2019-08-30 15:05:21,873 [main] INFO  http.HttpServer2 (HttpServer2.java:bindListener(1191)) - Jetty bound to port 37962
2019-08-30 15:05:21,874 [main] INFO  server.Server (Server.java:doStart(351)) - jetty-9.3.24.v20180605, build timestamp: 2018-06-05T17:11:56Z, git hash: 84205aa28f11a4f31f2a3b86d1bba2cc8ab69827
2019-08-30 15:05:21,877 [main] INFO  handler.ContextHandler (ContextHandler.java:doStart(781)) - Started o.e.j.s.ServletContextHandler@74170687{/logs,file:///workdir/hadoop-ozone/integration-test/target/log,AVAILABLE}
2019-08-30 15:05:21,878 [main] INFO  handler.ContextHandler (ContextHandler.java:doStart(781)) - Started o.e.j.s.ServletContextHandler@3d96fa9e{/static,jar:file:/home/user/.m2/repository/org/apache/hadoop/hadoop-hdds-container-service/0.5.0-SNAPSHOT/hadoop-hdds-container-service-0.5.0-SNAPSHOT.jar!/webapps/static,AVAILABLE}
2019-08-30 15:05:21,926 [main] INFO  handler.ContextHandler (ContextHandler.java:doStart(781)) - Started o.e.j.w.WebAppContext@254f906e{/,file:///tmp/jetty-0.0.0.0-37962-hddsDatanode-_-any-8246386139029934845.dir/webapp/,AVAILABLE}{/hddsDatanode}
2019-08-30 15:05:21,927 [main] INFO  server.AbstractConnector (AbstractConnector.java:doStart(278)) - Started ServerConnector@3d0035d2{HTTP/1.1,[http/1.1]}{0.0.0.0:37962}
2019-08-30 15:05:21,928 [main] INFO  server.Server (Server.java:doStart(419)) - Started @5395ms
2019-08-30 15:05:21,929 [main] WARN  impl.MetricsSystemImpl (MetricsSystemImpl.java:register(276)) - Sink prometheus already exists!
2019-08-30 15:05:21,930 [main] INFO  server.BaseHttpServer (BaseHttpServer.java:updateConnectorAddress(215)) - HTTP server of HDDSDATANODE is listening at http://0.0.0.0:37962
2019-08-30 15:05:21,931 [main] INFO  impl.MetricsSystemImpl (MetricsSystemImpl.java:init(158)) - HddsDatanode metrics system started (again)
2019-08-30 15:05:21,936 [main] INFO  ozone.HddsDatanodeService (HddsDatanodeService.java:start(184)) - HddsDatanodeService host:pr-hdds-2060-hng4s-2675214545 ip:192.168.5.134
2019-08-30 15:05:21,939 [org.apache.hadoop.util.JvmPauseMonitor$Monitor@c2f7ea8] INFO  util.JvmPauseMonitor (JvmPauseMonitor.java:run(188)) - Starting JVM pause monitor
2019-08-30 15:05:21,946 [main] INFO  volume.HddsVolume (HddsVolume.java:<init>(176)) - Creating Volume: /workdir/hadoop-ozone/integration-test/target/test-dir/MiniOzoneClusterImpl-c9bf924e-a99a-40de-a7b2-d35176791736/datanode-1/data/containers/hdds of  storage type : DISK and capacity : 1482555576320
2019-08-30 15:05:21,947 [main] INFO  volume.VolumeSet (VolumeSet.java:initializeVolumeSet(170)) - Added Volume : /workdir/hadoop-ozone/integration-test/target/test-dir/MiniOzoneClusterImpl-c9bf924e-a99a-40de-a7b2-d35176791736/datanode-1/data/containers/hdds to VolumeSet
2019-08-30 15:05:21,947 [main] INFO  volume.ThrottledAsyncChecker (ThrottledAsyncChecker.java:schedule(140)) - Scheduling a check for org.apache.hadoop.ozone.container.common.volume.HddsVolume@3b920bdc
2019-08-30 15:05:21,948 [main] INFO  volume.HddsVolumeChecker (HddsVolumeChecker.java:checkAllVolumes(203)) - Scheduled health check for volume org.apache.hadoop.ozone.container.common.volume.HddsVolume@3b920bdc
2019-08-30 15:05:21,963 [main] INFO  impl.RaftServerProxy (ConfUtils.java:logGet(43)) - raft.rpc.type = GRPC (default)
2019-08-30 15:05:21,964 [main] INFO  grpc.GrpcFactory (GrpcFactory.java:checkPooledByteBufAllocatorUseCacheForAllThreads(45)) - PERFORMANCE WARNING: useCacheForAllThreads is true that may cause Netty to create a lot garbage objects and, as a result, trigger GC.
	It is recommended to disable useCacheForAllThreads by setting -Dorg.apache.ratis.thirdparty.io.netty.allocator.useCacheForAllThreads=false in command line.
2019-08-30 15:05:21,964 [main] INFO  grpc.GrpcConfigKeys$Server (ConfUtils.java:logGet(43)) - raft.grpc.server.port = 0 (default)
2019-08-30 15:05:21,964 [main] INFO  server.GrpcService (ConfUtils.java:logGet(43)) - raft.grpc.message.size.max = 33570816 (custom)
2019-08-30 15:05:21,965 [main] INFO  server.RaftServerConfigKeys (ConfUtils.java:logGet(43)) - raft.server.log.appender.buffer.byte-limit = 33554432 (custom)
2019-08-30 15:05:21,965 [main] INFO  server.GrpcService (ConfUtils.java:logGet(43)) - raft.grpc.flow.control.window = 1MB (=1048576) (default)
2019-08-30 15:05:21,965 [main] INFO  server.RaftServerConfigKeys (ConfUtils.java:logGet(43)) - raft.server.rpc.request.timeout = 3000ms (default)
2019-08-30 15:05:21,966 [main] INFO  server.RaftServerConfigKeys (ConfUtils.java:logGet(43)) - raft.server.storage.dir = [/workdir/hadoop-ozone/integration-test/target/test-dir/MiniOzoneClusterImpl-c9bf924e-a99a-40de-a7b2-d35176791736/datanode-1/data/ratis] (custom)
2019-08-30 15:05:21,968 [main] INFO  hdfs.DFSUtil (DFSUtil.java:httpServerTemplateForNNAndJN(1641)) - Starting Web-server for hddsDatanode at: http://0.0.0.0:0
2019-08-30 15:05:21,969 [main] INFO  server.AuthenticationFilter (AuthenticationFilter.java:constructSecretProvider(240)) - Unable to initialize FileSignerSecretProvider, falling back to use random secrets.
2019-08-30 15:05:21,970 [main] WARN  http.HttpRequestLog (HttpRequestLog.java:getRequestLog(97)) - Jetty request log can only be enabled using Log4j
2019-08-30 15:05:21,971 [main] INFO  http.HttpServer2 (HttpServer2.java:addGlobalFilter(975)) - Added global filter 'safety' (class=org.apache.hadoop.http.HttpServer2$QuotingInputFilter)
2019-08-30 15:05:21,972 [main] INFO  http.HttpServer2 (HttpServer2.java:addFilter(948)) - Added filter static_user_filter (class=org.apache.hadoop.http.lib.StaticUserWebFilter$StaticUserFilter) to context hddsDatanode
2019-08-30 15:05:21,972 [main] INFO  http.HttpServer2 (HttpServer2.java:addFilter(958)) - Added filter static_user_filter (class=org.apache.hadoop.http.lib.StaticUserWebFilter$StaticUserFilter) to context static
2019-08-30 15:05:21,973 [main] INFO  http.HttpServer2 (HttpServer2.java:addFilter(958)) - Added filter static_user_filter (class=org.apache.hadoop.http.lib.StaticUserWebFilter$StaticUserFilter) to context logs
2019-08-30 15:05:21,973 [main] INFO  http.HttpServer2 (HttpServer2.java:bindListener(1191)) - Jetty bound to port 34707
2019-08-30 15:05:21,973 [main] INFO  server.Server (Server.java:doStart(351)) - jetty-9.3.24.v20180605, build timestamp: 2018-06-05T17:11:56Z, git hash: 84205aa28f11a4f31f2a3b86d1bba2cc8ab69827
2019-08-30 15:05:21,978 [main] INFO  handler.ContextHandler (ContextHandler.java:doStart(781)) - Started o.e.j.s.ServletContextHandler@58434b19{/logs,file:///workdir/hadoop-ozone/integration-test/target/log,AVAILABLE}
2019-08-30 15:05:21,979 [main] INFO  handler.ContextHandler (ContextHandler.java:doStart(781)) - Started o.e.j.s.ServletContextHandler@7dbe2ebf{/static,jar:file:/home/user/.m2/repository/org/apache/hadoop/hadoop-hdds-container-service/0.5.0-SNAPSHOT/hadoop-hdds-container-service-0.5.0-SNAPSHOT.jar!/webapps/static,AVAILABLE}
2019-08-30 15:05:22,009 [main] INFO  handler.ContextHandler (ContextHandler.java:doStart(781)) - Started o.e.j.w.WebAppContext@3c74aa0d{/,file:///tmp/jetty-0.0.0.0-34707-hddsDatanode-_-any-910996155626034496.dir/webapp/,AVAILABLE}{/hddsDatanode}
2019-08-30 15:05:22,011 [main] INFO  server.AbstractConnector (AbstractConnector.java:doStart(278)) - Started ServerConnector@6c841199{HTTP/1.1,[http/1.1]}{0.0.0.0:34707}
2019-08-30 15:05:22,011 [main] INFO  server.Server (Server.java:doStart(419)) - Started @5478ms
2019-08-30 15:05:22,015 [main] WARN  impl.MetricsSystemImpl (MetricsSystemImpl.java:register(276)) - Sink prometheus already exists!
2019-08-30 15:05:22,016 [main] INFO  server.BaseHttpServer (BaseHttpServer.java:updateConnectorAddress(215)) - HTTP server of HDDSDATANODE is listening at http://0.0.0.0:34707
2019-08-30 15:05:22,016 [main] INFO  impl.MetricsSystemImpl (MetricsSystemImpl.java:init(158)) - HddsDatanode metrics system started (again)
2019-08-30 15:05:22,020 [main] INFO  ozone.HddsDatanodeService (HddsDatanodeService.java:start(184)) - HddsDatanodeService host:pr-hdds-2060-hng4s-2675214545 ip:192.168.5.134
2019-08-30 15:05:22,020 [org.apache.hadoop.util.JvmPauseMonitor$Monitor@738fc017] INFO  util.JvmPauseMonitor (JvmPauseMonitor.java:run(188)) - Starting JVM pause monitor
2019-08-30 15:05:22,029 [main] INFO  volume.HddsVolume (HddsVolume.java:<init>(176)) - Creating Volume: /workdir/hadoop-ozone/integration-test/target/test-dir/MiniOzoneClusterImpl-c9bf924e-a99a-40de-a7b2-d35176791736/datanode-2/data/containers/hdds of  storage type : DISK and capacity : 1482555576320
2019-08-30 15:05:22,030 [main] INFO  volume.VolumeSet (VolumeSet.java:initializeVolumeSet(170)) - Added Volume : /workdir/hadoop-ozone/integration-test/target/test-dir/MiniOzoneClusterImpl-c9bf924e-a99a-40de-a7b2-d35176791736/datanode-2/data/containers/hdds to VolumeSet
2019-08-30 15:05:22,030 [main] INFO  volume.ThrottledAsyncChecker (ThrottledAsyncChecker.java:schedule(140)) - Scheduling a check for org.apache.hadoop.ozone.container.common.volume.HddsVolume@6cd3ad8a
2019-08-30 15:05:22,031 [main] INFO  volume.HddsVolumeChecker (HddsVolumeChecker.java:checkAllVolumes(203)) - Scheduled health check for volume org.apache.hadoop.ozone.container.common.volume.HddsVolume@6cd3ad8a
2019-08-30 15:05:22,044 [main] INFO  impl.RaftServerProxy (ConfUtils.java:logGet(43)) - raft.rpc.type = GRPC (default)
2019-08-30 15:05:22,044 [main] INFO  grpc.GrpcFactory (GrpcFactory.java:checkPooledByteBufAllocatorUseCacheForAllThreads(45)) - PERFORMANCE WARNING: useCacheForAllThreads is true that may cause Netty to create a lot garbage objects and, as a result, trigger GC.
	It is recommended to disable useCacheForAllThreads by setting -Dorg.apache.ratis.thirdparty.io.netty.allocator.useCacheForAllThreads=false in command line.
2019-08-30 15:05:22,045 [main] INFO  grpc.GrpcConfigKeys$Server (ConfUtils.java:logGet(43)) - raft.grpc.server.port = 0 (default)
2019-08-30 15:05:22,045 [main] INFO  server.GrpcService (ConfUtils.java:logGet(43)) - raft.grpc.message.size.max = 33570816 (custom)
2019-08-30 15:05:22,045 [main] INFO  server.RaftServerConfigKeys (ConfUtils.java:logGet(43)) - raft.server.log.appender.buffer.byte-limit = 33554432 (custom)
2019-08-30 15:05:22,046 [main] INFO  server.GrpcService (ConfUtils.java:logGet(43)) - raft.grpc.flow.control.window = 1MB (=1048576) (default)
2019-08-30 15:05:22,046 [main] INFO  server.RaftServerConfigKeys (ConfUtils.java:logGet(43)) - raft.server.rpc.request.timeout = 3000ms (default)
2019-08-30 15:05:22,046 [main] INFO  server.RaftServerConfigKeys (ConfUtils.java:logGet(43)) - raft.server.storage.dir = [/workdir/hadoop-ozone/integration-test/target/test-dir/MiniOzoneClusterImpl-c9bf924e-a99a-40de-a7b2-d35176791736/datanode-2/data/ratis] (custom)
2019-08-30 15:05:22,048 [main] INFO  hdfs.DFSUtil (DFSUtil.java:httpServerTemplateForNNAndJN(1641)) - Starting Web-server for hddsDatanode at: http://0.0.0.0:0
2019-08-30 15:05:22,050 [main] INFO  server.AuthenticationFilter (AuthenticationFilter.java:constructSecretProvider(240)) - Unable to initialize FileSignerSecretProvider, falling back to use random secrets.
2019-08-30 15:05:22,050 [main] WARN  http.HttpRequestLog (HttpRequestLog.java:getRequestLog(97)) - Jetty request log can only be enabled using Log4j
2019-08-30 15:05:22,052 [main] INFO  http.HttpServer2 (HttpServer2.java:addGlobalFilter(975)) - Added global filter 'safety' (class=org.apache.hadoop.http.HttpServer2$QuotingInputFilter)
2019-08-30 15:05:22,053 [main] INFO  http.HttpServer2 (HttpServer2.java:addFilter(948)) - Added filter static_user_filter (class=org.apache.hadoop.http.lib.StaticUserWebFilter$StaticUserFilter) to context hddsDatanode
2019-08-30 15:05:22,053 [main] INFO  http.HttpServer2 (HttpServer2.java:addFilter(958)) - Added filter static_user_filter (class=org.apache.hadoop.http.lib.StaticUserWebFilter$StaticUserFilter) to context static
2019-08-30 15:05:22,053 [main] INFO  http.HttpServer2 (HttpServer2.java:addFilter(958)) - Added filter static_user_filter (class=org.apache.hadoop.http.lib.StaticUserWebFilter$StaticUserFilter) to context logs
2019-08-30 15:05:22,054 [main] INFO  http.HttpServer2 (HttpServer2.java:bindListener(1191)) - Jetty bound to port 37338
2019-08-30 15:05:22,054 [main] INFO  server.Server (Server.java:doStart(351)) - jetty-9.3.24.v20180605, build timestamp: 2018-06-05T17:11:56Z, git hash: 84205aa28f11a4f31f2a3b86d1bba2cc8ab69827
2019-08-30 15:05:22,056 [main] INFO  handler.ContextHandler (ContextHandler.java:doStart(781)) - Started o.e.j.s.ServletContextHandler@7412ed6b{/logs,file:///workdir/hadoop-ozone/integration-test/target/log,AVAILABLE}
2019-08-30 15:05:22,057 [main] INFO  handler.ContextHandler (ContextHandler.java:doStart(781)) - Started o.e.j.s.ServletContextHandler@7b4a0aef{/static,jar:file:/home/user/.m2/repository/org/apache/hadoop/hadoop-hdds-container-service/0.5.0-SNAPSHOT/hadoop-hdds-container-service-0.5.0-SNAPSHOT.jar!/webapps/static,AVAILABLE}
2019-08-30 15:05:22,088 [main] INFO  handler.ContextHandler (ContextHandler.java:doStart(781)) - Started o.e.j.w.WebAppContext@43d9f1a2{/,file:///tmp/jetty-0.0.0.0-37338-hddsDatanode-_-any-8651962383889278243.dir/webapp/,AVAILABLE}{/hddsDatanode}
2019-08-30 15:05:22,089 [main] INFO  server.AbstractConnector (AbstractConnector.java:doStart(278)) - Started ServerConnector@23f86d8a{HTTP/1.1,[http/1.1]}{0.0.0.0:37338}
2019-08-30 15:05:22,090 [main] INFO  server.Server (Server.java:doStart(419)) - Started @5558ms
2019-08-30 15:05:22,091 [main] WARN  impl.MetricsSystemImpl (MetricsSystemImpl.java:register(276)) - Sink prometheus already exists!
2019-08-30 15:05:22,092 [main] INFO  server.BaseHttpServer (BaseHttpServer.java:updateConnectorAddress(215)) - HTTP server of HDDSDATANODE is listening at http://0.0.0.0:37338
2019-08-30 15:05:22,093 [main] INFO  impl.MetricsSystemImpl (MetricsSystemImpl.java:init(158)) - HddsDatanode metrics system started (again)
2019-08-30 15:05:22,096 [org.apache.hadoop.util.JvmPauseMonitor$Monitor@2d1f9e8c] INFO  util.JvmPauseMonitor (JvmPauseMonitor.java:run(188)) - Starting JVM pause monitor
2019-08-30 15:05:22,097 [main] INFO  ozone.HddsDatanodeService (HddsDatanodeService.java:start(184)) - HddsDatanodeService host:pr-hdds-2060-hng4s-2675214545 ip:192.168.5.134
2019-08-30 15:05:22,102 [Datanode State Machine Thread - 0] INFO  datanode.InitDatanodeState (InitDatanodeState.java:persistContainerDatanodeDetails(140)) - DatanodeDetails is persisted to /workdir/hadoop-ozone/integration-test/target/test-dir/MiniOzoneClusterImpl-c9bf924e-a99a-40de-a7b2-d35176791736/datanode-0/meta/datanode.id
2019-08-30 15:05:22,109 [main] INFO  volume.HddsVolume (HddsVolume.java:<init>(176)) - Creating Volume: /workdir/hadoop-ozone/integration-test/target/test-dir/MiniOzoneClusterImpl-c9bf924e-a99a-40de-a7b2-d35176791736/datanode-3/data/containers/hdds of  storage type : DISK and capacity : 1482555576320
2019-08-30 15:05:22,109 [main] INFO  volume.VolumeSet (VolumeSet.java:initializeVolumeSet(170)) - Added Volume : /workdir/hadoop-ozone/integration-test/target/test-dir/MiniOzoneClusterImpl-c9bf924e-a99a-40de-a7b2-d35176791736/datanode-3/data/containers/hdds to VolumeSet
2019-08-30 15:05:22,109 [Datanode State Machine Thread - 0] INFO  datanode.InitDatanodeState (InitDatanodeState.java:persistContainerDatanodeDetails(140)) - DatanodeDetails is persisted to /workdir/hadoop-ozone/integration-test/target/test-dir/MiniOzoneClusterImpl-c9bf924e-a99a-40de-a7b2-d35176791736/datanode-2/meta/datanode.id
2019-08-30 15:05:22,110 [main] INFO  volume.ThrottledAsyncChecker (ThrottledAsyncChecker.java:schedule(140)) - Scheduling a check for org.apache.hadoop.ozone.container.common.volume.HddsVolume@4bd51d3e
2019-08-30 15:05:22,111 [main] INFO  volume.HddsVolumeChecker (HddsVolumeChecker.java:checkAllVolumes(203)) - Scheduled health check for volume org.apache.hadoop.ozone.container.common.volume.HddsVolume@4bd51d3e
2019-08-30 15:05:22,112 [Datanode State Machine Thread - 0] INFO  datanode.InitDatanodeState (InitDatanodeState.java:persistContainerDatanodeDetails(140)) - DatanodeDetails is persisted to /workdir/hadoop-ozone/integration-test/target/test-dir/MiniOzoneClusterImpl-c9bf924e-a99a-40de-a7b2-d35176791736/datanode-1/meta/datanode.id
2019-08-30 15:05:22,126 [main] INFO  impl.RaftServerProxy (ConfUtils.java:logGet(43)) - raft.rpc.type = GRPC (default)
2019-08-30 15:05:22,127 [main] INFO  grpc.GrpcFactory (GrpcFactory.java:checkPooledByteBufAllocatorUseCacheForAllThreads(45)) - PERFORMANCE WARNING: useCacheForAllThreads is true that may cause Netty to create a lot garbage objects and, as a result, trigger GC.
	It is recommended to disable useCacheForAllThreads by setting -Dorg.apache.ratis.thirdparty.io.netty.allocator.useCacheForAllThreads=false in command line.
2019-08-30 15:05:22,127 [main] INFO  grpc.GrpcConfigKeys$Server (ConfUtils.java:logGet(43)) - raft.grpc.server.port = 0 (default)
2019-08-30 15:05:22,127 [main] INFO  server.GrpcService (ConfUtils.java:logGet(43)) - raft.grpc.message.size.max = 33570816 (custom)
2019-08-30 15:05:22,127 [main] INFO  server.RaftServerConfigKeys (ConfUtils.java:logGet(43)) - raft.server.log.appender.buffer.byte-limit = 33554432 (custom)
2019-08-30 15:05:22,128 [main] INFO  server.GrpcService (ConfUtils.java:logGet(43)) - raft.grpc.flow.control.window = 1MB (=1048576) (default)
2019-08-30 15:05:22,128 [main] INFO  server.RaftServerConfigKeys (ConfUtils.java:logGet(43)) - raft.server.rpc.request.timeout = 3000ms (default)
2019-08-30 15:05:22,129 [main] INFO  server.RaftServerConfigKeys (ConfUtils.java:logGet(43)) - raft.server.storage.dir = [/workdir/hadoop-ozone/integration-test/target/test-dir/MiniOzoneClusterImpl-c9bf924e-a99a-40de-a7b2-d35176791736/datanode-3/data/ratis] (custom)
2019-08-30 15:05:22,130 [main] INFO  hdfs.DFSUtil (DFSUtil.java:httpServerTemplateForNNAndJN(1641)) - Starting Web-server for hddsDatanode at: http://0.0.0.0:0
2019-08-30 15:05:22,134 [main] INFO  server.AuthenticationFilter (AuthenticationFilter.java:constructSecretProvider(240)) - Unable to initialize FileSignerSecretProvider, falling back to use random secrets.
2019-08-30 15:05:22,135 [main] WARN  http.HttpRequestLog (HttpRequestLog.java:getRequestLog(97)) - Jetty request log can only be enabled using Log4j
2019-08-30 15:05:22,137 [main] INFO  http.HttpServer2 (HttpServer2.java:addGlobalFilter(975)) - Added global filter 'safety' (class=org.apache.hadoop.http.HttpServer2$QuotingInputFilter)
2019-08-30 15:05:22,139 [main] INFO  http.HttpServer2 (HttpServer2.java:addFilter(948)) - Added filter static_user_filter (class=org.apache.hadoop.http.lib.StaticUserWebFilter$StaticUserFilter) to context hddsDatanode
2019-08-30 15:05:22,139 [main] INFO  http.HttpServer2 (HttpServer2.java:addFilter(958)) - Added filter static_user_filter (class=org.apache.hadoop.http.lib.StaticUserWebFilter$StaticUserFilter) to context logs
2019-08-30 15:05:22,139 [main] INFO  http.HttpServer2 (HttpServer2.java:addFilter(958)) - Added filter static_user_filter (class=org.apache.hadoop.http.lib.StaticUserWebFilter$StaticUserFilter) to context static
2019-08-30 15:05:22,141 [main] INFO  http.HttpServer2 (HttpServer2.java:bindListener(1191)) - Jetty bound to port 34181
2019-08-30 15:05:22,141 [main] INFO  server.Server (Server.java:doStart(351)) - jetty-9.3.24.v20180605, build timestamp: 2018-06-05T17:11:56Z, git hash: 84205aa28f11a4f31f2a3b86d1bba2cc8ab69827
2019-08-30 15:05:22,149 [main] INFO  handler.ContextHandler (ContextHandler.java:doStart(781)) - Started o.e.j.s.ServletContextHandler@5d497a91{/logs,file:///workdir/hadoop-ozone/integration-test/target/log,AVAILABLE}
2019-08-30 15:05:22,150 [main] INFO  handler.ContextHandler (ContextHandler.java:doStart(781)) - Started o.e.j.s.ServletContextHandler@1c8f6a90{/static,jar:file:/home/user/.m2/repository/org/apache/hadoop/hadoop-hdds-container-service/0.5.0-SNAPSHOT/hadoop-hdds-container-service-0.5.0-SNAPSHOT.jar!/webapps/static,AVAILABLE}
2019-08-30 15:05:22,190 [main] INFO  handler.ContextHandler (ContextHandler.java:doStart(781)) - Started o.e.j.w.WebAppContext@4a7fd0c9{/,file:///tmp/jetty-0.0.0.0-34181-hddsDatanode-_-any-6231699596115189520.dir/webapp/,AVAILABLE}{/hddsDatanode}
2019-08-30 15:05:22,191 [main] INFO  server.AbstractConnector (AbstractConnector.java:doStart(278)) - Started ServerConnector@18578491{HTTP/1.1,[http/1.1]}{0.0.0.0:34181}
2019-08-30 15:05:22,192 [main] INFO  server.Server (Server.java:doStart(419)) - Started @5659ms
2019-08-30 15:05:22,193 [main] WARN  impl.MetricsSystemImpl (MetricsSystemImpl.java:register(276)) - Sink prometheus already exists!
2019-08-30 15:05:22,194 [main] INFO  server.BaseHttpServer (BaseHttpServer.java:updateConnectorAddress(215)) - HTTP server of HDDSDATANODE is listening at http://0.0.0.0:34181
2019-08-30 15:05:22,194 [main] INFO  impl.MetricsSystemImpl (MetricsSystemImpl.java:init(158)) - HddsDatanode metrics system started (again)
2019-08-30 15:05:22,198 [main] INFO  ozone.HddsDatanodeService (HddsDatanodeService.java:start(184)) - HddsDatanodeService host:pr-hdds-2060-hng4s-2675214545 ip:192.168.5.134
2019-08-30 15:05:22,198 [org.apache.hadoop.util.JvmPauseMonitor$Monitor@6c302949] INFO  util.JvmPauseMonitor (JvmPauseMonitor.java:run(188)) - Starting JVM pause monitor
2019-08-30 15:05:22,202 [Datanode State Machine Thread - 0] INFO  datanode.InitDatanodeState (InitDatanodeState.java:persistContainerDatanodeDetails(140)) - DatanodeDetails is persisted to /workdir/hadoop-ozone/integration-test/target/test-dir/MiniOzoneClusterImpl-c9bf924e-a99a-40de-a7b2-d35176791736/datanode-3/meta/datanode.id
2019-08-30 15:05:22,209 [main] INFO  volume.HddsVolume (HddsVolume.java:<init>(176)) - Creating Volume: /workdir/hadoop-ozone/integration-test/target/test-dir/MiniOzoneClusterImpl-c9bf924e-a99a-40de-a7b2-d35176791736/datanode-4/data/containers/hdds of  storage type : DISK and capacity : 1482555576320
2019-08-30 15:05:22,210 [main] INFO  volume.VolumeSet (VolumeSet.java:initializeVolumeSet(170)) - Added Volume : /workdir/hadoop-ozone/integration-test/target/test-dir/MiniOzoneClusterImpl-c9bf924e-a99a-40de-a7b2-d35176791736/datanode-4/data/containers/hdds to VolumeSet
2019-08-30 15:05:22,210 [main] INFO  volume.ThrottledAsyncChecker (ThrottledAsyncChecker.java:schedule(140)) - Scheduling a check for org.apache.hadoop.ozone.container.common.volume.HddsVolume@4364712f
2019-08-30 15:05:22,211 [main] INFO  volume.HddsVolumeChecker (HddsVolumeChecker.java:checkAllVolumes(203)) - Scheduled health check for volume org.apache.hadoop.ozone.container.common.volume.HddsVolume@4364712f
2019-08-30 15:05:22,227 [main] INFO  impl.RaftServerProxy (ConfUtils.java:logGet(43)) - raft.rpc.type = GRPC (default)
2019-08-30 15:05:22,227 [main] INFO  grpc.GrpcFactory (GrpcFactory.java:checkPooledByteBufAllocatorUseCacheForAllThreads(45)) - PERFORMANCE WARNING: useCacheForAllThreads is true that may cause Netty to create a lot garbage objects and, as a result, trigger GC.
	It is recommended to disable useCacheForAllThreads by setting -Dorg.apache.ratis.thirdparty.io.netty.allocator.useCacheForAllThreads=false in command line.
2019-08-30 15:05:22,228 [main] INFO  grpc.GrpcConfigKeys$Server (ConfUtils.java:logGet(43)) - raft.grpc.server.port = 0 (default)
2019-08-30 15:05:22,228 [main] INFO  server.GrpcService (ConfUtils.java:logGet(43)) - raft.grpc.message.size.max = 33570816 (custom)
2019-08-30 15:05:22,228 [main] INFO  server.RaftServerConfigKeys (ConfUtils.java:logGet(43)) - raft.server.log.appender.buffer.byte-limit = 33554432 (custom)
2019-08-30 15:05:22,228 [main] INFO  server.GrpcService (ConfUtils.java:logGet(43)) - raft.grpc.flow.control.window = 1MB (=1048576) (default)
2019-08-30 15:05:22,229 [main] INFO  server.RaftServerConfigKeys (ConfUtils.java:logGet(43)) - raft.server.rpc.request.timeout = 3000ms (default)
2019-08-30 15:05:22,229 [main] INFO  server.RaftServerConfigKeys (ConfUtils.java:logGet(43)) - raft.server.storage.dir = [/workdir/hadoop-ozone/integration-test/target/test-dir/MiniOzoneClusterImpl-c9bf924e-a99a-40de-a7b2-d35176791736/datanode-4/data/ratis] (custom)
2019-08-30 15:05:22,231 [main] INFO  hdfs.DFSUtil (DFSUtil.java:httpServerTemplateForNNAndJN(1641)) - Starting Web-server for hddsDatanode at: http://0.0.0.0:0
2019-08-30 15:05:22,233 [main] INFO  server.AuthenticationFilter (AuthenticationFilter.java:constructSecretProvider(240)) - Unable to initialize FileSignerSecretProvider, falling back to use random secrets.
2019-08-30 15:05:22,233 [main] WARN  http.HttpRequestLog (HttpRequestLog.java:getRequestLog(97)) - Jetty request log can only be enabled using Log4j
2019-08-30 15:05:22,235 [main] INFO  http.HttpServer2 (HttpServer2.java:addGlobalFilter(975)) - Added global filter 'safety' (class=org.apache.hadoop.http.HttpServer2$QuotingInputFilter)
2019-08-30 15:05:22,236 [main] INFO  http.HttpServer2 (HttpServer2.java:addFilter(948)) - Added filter static_user_filter (class=org.apache.hadoop.http.lib.StaticUserWebFilter$StaticUserFilter) to context hddsDatanode
2019-08-30 15:05:22,236 [main] INFO  http.HttpServer2 (HttpServer2.java:addFilter(958)) - Added filter static_user_filter (class=org.apache.hadoop.http.lib.StaticUserWebFilter$StaticUserFilter) to context static
2019-08-30 15:05:22,236 [main] INFO  http.HttpServer2 (HttpServer2.java:addFilter(958)) - Added filter static_user_filter (class=org.apache.hadoop.http.lib.StaticUserWebFilter$StaticUserFilter) to context logs
2019-08-30 15:05:22,237 [main] INFO  http.HttpServer2 (HttpServer2.java:bindListener(1191)) - Jetty bound to port 35057
2019-08-30 15:05:22,237 [main] INFO  server.Server (Server.java:doStart(351)) - jetty-9.3.24.v20180605, build timestamp: 2018-06-05T17:11:56Z, git hash: 84205aa28f11a4f31f2a3b86d1bba2cc8ab69827
2019-08-30 15:05:22,240 [main] INFO  handler.ContextHandler (ContextHandler.java:doStart(781)) - Started o.e.j.s.ServletContextHandler@797c3c3b{/logs,file:///workdir/hadoop-ozone/integration-test/target/log,AVAILABLE}
2019-08-30 15:05:22,240 [main] INFO  handler.ContextHandler (ContextHandler.java:doStart(781)) - Started o.e.j.s.ServletContextHandler@4375b013{/static,jar:file:/home/user/.m2/repository/org/apache/hadoop/hadoop-hdds-container-service/0.5.0-SNAPSHOT/hadoop-hdds-container-service-0.5.0-SNAPSHOT.jar!/webapps/static,AVAILABLE}
2019-08-30 15:05:22,269 [main] INFO  handler.ContextHandler (ContextHandler.java:doStart(781)) - Started o.e.j.w.WebAppContext@527fc8e{/,file:///tmp/jetty-0.0.0.0-35057-hddsDatanode-_-any-4419270601419453373.dir/webapp/,AVAILABLE}{/hddsDatanode}
2019-08-30 15:05:22,270 [main] INFO  server.AbstractConnector (AbstractConnector.java:doStart(278)) - Started ServerConnector@61bfc9bf{HTTP/1.1,[http/1.1]}{0.0.0.0:35057}
2019-08-30 15:05:22,271 [main] INFO  server.Server (Server.java:doStart(419)) - Started @5738ms
2019-08-30 15:05:22,272 [main] WARN  impl.MetricsSystemImpl (MetricsSystemImpl.java:register(276)) - Sink prometheus already exists!
2019-08-30 15:05:22,273 [main] INFO  server.BaseHttpServer (BaseHttpServer.java:updateConnectorAddress(215)) - HTTP server of HDDSDATANODE is listening at http://0.0.0.0:35057
2019-08-30 15:05:22,274 [main] INFO  impl.MetricsSystemImpl (MetricsSystemImpl.java:init(158)) - HddsDatanode metrics system started (again)
2019-08-30 15:05:22,277 [main] INFO  ozone.HddsDatanodeService (HddsDatanodeService.java:start(184)) - HddsDatanodeService host:pr-hdds-2060-hng4s-2675214545 ip:192.168.5.134
2019-08-30 15:05:22,278 [org.apache.hadoop.util.JvmPauseMonitor$Monitor@7f9f2afd] INFO  util.JvmPauseMonitor (JvmPauseMonitor.java:run(188)) - Starting JVM pause monitor
2019-08-30 15:05:22,281 [Datanode State Machine Thread - 0] INFO  datanode.InitDatanodeState (InitDatanodeState.java:persistContainerDatanodeDetails(140)) - DatanodeDetails is persisted to /workdir/hadoop-ozone/integration-test/target/test-dir/MiniOzoneClusterImpl-c9bf924e-a99a-40de-a7b2-d35176791736/datanode-4/meta/datanode.id
2019-08-30 15:05:22,290 [main] INFO  volume.HddsVolume (HddsVolume.java:<init>(176)) - Creating Volume: /workdir/hadoop-ozone/integration-test/target/test-dir/MiniOzoneClusterImpl-c9bf924e-a99a-40de-a7b2-d35176791736/datanode-5/data/containers/hdds of  storage type : DISK and capacity : 1482555576320
2019-08-30 15:05:22,290 [main] INFO  volume.VolumeSet (VolumeSet.java:initializeVolumeSet(170)) - Added Volume : /workdir/hadoop-ozone/integration-test/target/test-dir/MiniOzoneClusterImpl-c9bf924e-a99a-40de-a7b2-d35176791736/datanode-5/data/containers/hdds to VolumeSet
2019-08-30 15:05:22,291 [main] INFO  volume.ThrottledAsyncChecker (ThrottledAsyncChecker.java:schedule(140)) - Scheduling a check for org.apache.hadoop.ozone.container.common.volume.HddsVolume@8d8f754
2019-08-30 15:05:22,291 [main] INFO  volume.HddsVolumeChecker (HddsVolumeChecker.java:checkAllVolumes(203)) - Scheduled health check for volume org.apache.hadoop.ozone.container.common.volume.HddsVolume@8d8f754
2019-08-30 15:05:22,309 [main] INFO  impl.RaftServerProxy (ConfUtils.java:logGet(43)) - raft.rpc.type = GRPC (default)
2019-08-30 15:05:22,310 [main] INFO  grpc.GrpcFactory (GrpcFactory.java:checkPooledByteBufAllocatorUseCacheForAllThreads(45)) - PERFORMANCE WARNING: useCacheForAllThreads is true that may cause Netty to create a lot garbage objects and, as a result, trigger GC.
	It is recommended to disable useCacheForAllThreads by setting -Dorg.apache.ratis.thirdparty.io.netty.allocator.useCacheForAllThreads=false in command line.
2019-08-30 15:05:22,310 [main] INFO  grpc.GrpcConfigKeys$Server (ConfUtils.java:logGet(43)) - raft.grpc.server.port = 0 (default)
2019-08-30 15:05:22,310 [main] INFO  server.GrpcService (ConfUtils.java:logGet(43)) - raft.grpc.message.size.max = 33570816 (custom)
2019-08-30 15:05:22,310 [main] INFO  server.RaftServerConfigKeys (ConfUtils.java:logGet(43)) - raft.server.log.appender.buffer.byte-limit = 33554432 (custom)
2019-08-30 15:05:22,311 [main] INFO  server.GrpcService (ConfUtils.java:logGet(43)) - raft.grpc.flow.control.window = 1MB (=1048576) (default)
2019-08-30 15:05:22,311 [main] INFO  server.RaftServerConfigKeys (ConfUtils.java:logGet(43)) - raft.server.rpc.request.timeout = 3000ms (default)
2019-08-30 15:05:22,312 [main] INFO  server.RaftServerConfigKeys (ConfUtils.java:logGet(43)) - raft.server.storage.dir = [/workdir/hadoop-ozone/integration-test/target/test-dir/MiniOzoneClusterImpl-c9bf924e-a99a-40de-a7b2-d35176791736/datanode-5/data/ratis] (custom)
2019-08-30 15:05:22,313 [main] INFO  hdfs.DFSUtil (DFSUtil.java:httpServerTemplateForNNAndJN(1641)) - Starting Web-server for hddsDatanode at: http://0.0.0.0:0
2019-08-30 15:05:22,315 [main] INFO  server.AuthenticationFilter (AuthenticationFilter.java:constructSecretProvider(240)) - Unable to initialize FileSignerSecretProvider, falling back to use random secrets.
2019-08-30 15:05:22,315 [main] WARN  http.HttpRequestLog (HttpRequestLog.java:getRequestLog(97)) - Jetty request log can only be enabled using Log4j
2019-08-30 15:05:22,317 [main] INFO  http.HttpServer2 (HttpServer2.java:addGlobalFilter(975)) - Added global filter 'safety' (class=org.apache.hadoop.http.HttpServer2$QuotingInputFilter)
2019-08-30 15:05:22,318 [main] INFO  http.HttpServer2 (HttpServer2.java:addFilter(948)) - Added filter static_user_filter (class=org.apache.hadoop.http.lib.StaticUserWebFilter$StaticUserFilter) to context hddsDatanode
2019-08-30 15:05:22,318 [main] INFO  http.HttpServer2 (HttpServer2.java:addFilter(958)) - Added filter static_user_filter (class=org.apache.hadoop.http.lib.StaticUserWebFilter$StaticUserFilter) to context static
2019-08-30 15:05:22,318 [main] INFO  http.HttpServer2 (HttpServer2.java:addFilter(958)) - Added filter static_user_filter (class=org.apache.hadoop.http.lib.StaticUserWebFilter$StaticUserFilter) to context logs
2019-08-30 15:05:22,319 [main] INFO  http.HttpServer2 (HttpServer2.java:bindListener(1191)) - Jetty bound to port 39712
2019-08-30 15:05:22,319 [main] INFO  server.Server (Server.java:doStart(351)) - jetty-9.3.24.v20180605, build timestamp: 2018-06-05T17:11:56Z, git hash: 84205aa28f11a4f31f2a3b86d1bba2cc8ab69827
2019-08-30 15:05:22,321 [main] INFO  handler.ContextHandler (ContextHandler.java:doStart(781)) - Started o.e.j.s.ServletContextHandler@64aad809{/logs,file:///workdir/hadoop-ozone/integration-test/target/log,AVAILABLE}
2019-08-30 15:05:22,321 [main] INFO  handler.ContextHandler (ContextHandler.java:doStart(781)) - Started o.e.j.s.ServletContextHandler@17dd671f{/static,jar:file:/home/user/.m2/repository/org/apache/hadoop/hadoop-hdds-container-service/0.5.0-SNAPSHOT/hadoop-hdds-container-service-0.5.0-SNAPSHOT.jar!/webapps/static,AVAILABLE}
2019-08-30 15:05:22,359 [main] INFO  handler.ContextHandler (ContextHandler.java:doStart(781)) - Started o.e.j.w.WebAppContext@5875de6a{/,file:///tmp/jetty-0.0.0.0-39712-hddsDatanode-_-any-8188943396598752659.dir/webapp/,AVAILABLE}{/hddsDatanode}
2019-08-30 15:05:22,360 [main] INFO  server.AbstractConnector (AbstractConnector.java:doStart(278)) - Started ServerConnector@608fe01f{HTTP/1.1,[http/1.1]}{0.0.0.0:39712}
2019-08-30 15:05:22,361 [main] INFO  server.Server (Server.java:doStart(419)) - Started @5828ms
2019-08-30 15:05:22,361 [main] WARN  impl.MetricsSystemImpl (MetricsSystemImpl.java:register(276)) - Sink prometheus already exists!
2019-08-30 15:05:22,362 [main] INFO  server.BaseHttpServer (BaseHttpServer.java:updateConnectorAddress(215)) - HTTP server of HDDSDATANODE is listening at http://0.0.0.0:39712
2019-08-30 15:05:22,363 [main] INFO  impl.MetricsSystemImpl (MetricsSystemImpl.java:init(158)) - HddsDatanode metrics system started (again)
2019-08-30 15:05:22,367 [org.apache.hadoop.util.JvmPauseMonitor$Monitor@5b770a35] INFO  util.JvmPauseMonitor (JvmPauseMonitor.java:run(188)) - Starting JVM pause monitor
2019-08-30 15:05:22,367 [main] INFO  ozone.HddsDatanodeService (HddsDatanodeService.java:start(184)) - HddsDatanodeService host:pr-hdds-2060-hng4s-2675214545 ip:192.168.5.134
2019-08-30 15:05:22,372 [Datanode State Machine Thread - 0] INFO  datanode.InitDatanodeState (InitDatanodeState.java:persistContainerDatanodeDetails(140)) - DatanodeDetails is persisted to /workdir/hadoop-ozone/integration-test/target/test-dir/MiniOzoneClusterImpl-c9bf924e-a99a-40de-a7b2-d35176791736/datanode-5/meta/datanode.id
2019-08-30 15:05:22,380 [main] INFO  volume.HddsVolume (HddsVolume.java:<init>(176)) - Creating Volume: /workdir/hadoop-ozone/integration-test/target/test-dir/MiniOzoneClusterImpl-c9bf924e-a99a-40de-a7b2-d35176791736/datanode-6/data/containers/hdds of  storage type : DISK and capacity : 1482555576320
2019-08-30 15:05:22,380 [main] INFO  volume.VolumeSet (VolumeSet.java:initializeVolumeSet(170)) - Added Volume : /workdir/hadoop-ozone/integration-test/target/test-dir/MiniOzoneClusterImpl-c9bf924e-a99a-40de-a7b2-d35176791736/datanode-6/data/containers/hdds to VolumeSet
2019-08-30 15:05:22,381 [main] INFO  volume.ThrottledAsyncChecker (ThrottledAsyncChecker.java:schedule(140)) - Scheduling a check for org.apache.hadoop.ozone.container.common.volume.HddsVolume@35a60674
2019-08-30 15:05:22,381 [main] INFO  volume.HddsVolumeChecker (HddsVolumeChecker.java:checkAllVolumes(203)) - Scheduled health check for volume org.apache.hadoop.ozone.container.common.volume.HddsVolume@35a60674
2019-08-30 15:05:22,396 [main] INFO  impl.RaftServerProxy (ConfUtils.java:logGet(43)) - raft.rpc.type = GRPC (default)
2019-08-30 15:05:22,396 [main] INFO  grpc.GrpcFactory (GrpcFactory.java:checkPooledByteBufAllocatorUseCacheForAllThreads(45)) - PERFORMANCE WARNING: useCacheForAllThreads is true that may cause Netty to create a lot garbage objects and, as a result, trigger GC.
	It is recommended to disable useCacheForAllThreads by setting -Dorg.apache.ratis.thirdparty.io.netty.allocator.useCacheForAllThreads=false in command line.
2019-08-30 15:05:22,396 [main] INFO  grpc.GrpcConfigKeys$Server (ConfUtils.java:logGet(43)) - raft.grpc.server.port = 0 (default)
2019-08-30 15:05:22,397 [main] INFO  server.GrpcService (ConfUtils.java:logGet(43)) - raft.grpc.message.size.max = 33570816 (custom)
2019-08-30 15:05:22,397 [main] INFO  server.RaftServerConfigKeys (ConfUtils.java:logGet(43)) - raft.server.log.appender.buffer.byte-limit = 33554432 (custom)
2019-08-30 15:05:22,397 [main] INFO  server.GrpcService (ConfUtils.java:logGet(43)) - raft.grpc.flow.control.window = 1MB (=1048576) (default)
2019-08-30 15:05:22,397 [main] INFO  server.RaftServerConfigKeys (ConfUtils.java:logGet(43)) - raft.server.rpc.request.timeout = 3000ms (default)
2019-08-30 15:05:22,398 [main] INFO  server.RaftServerConfigKeys (ConfUtils.java:logGet(43)) - raft.server.storage.dir = [/workdir/hadoop-ozone/integration-test/target/test-dir/MiniOzoneClusterImpl-c9bf924e-a99a-40de-a7b2-d35176791736/datanode-6/data/ratis] (custom)
2019-08-30 15:05:22,400 [main] INFO  hdfs.DFSUtil (DFSUtil.java:httpServerTemplateForNNAndJN(1641)) - Starting Web-server for hddsDatanode at: http://0.0.0.0:0
2019-08-30 15:05:22,401 [main] INFO  server.AuthenticationFilter (AuthenticationFilter.java:constructSecretProvider(240)) - Unable to initialize FileSignerSecretProvider, falling back to use random secrets.
2019-08-30 15:05:22,401 [main] WARN  http.HttpRequestLog (HttpRequestLog.java:getRequestLog(97)) - Jetty request log can only be enabled using Log4j
2019-08-30 15:05:22,403 [main] INFO  http.HttpServer2 (HttpServer2.java:addGlobalFilter(975)) - Added global filter 'safety' (class=org.apache.hadoop.http.HttpServer2$QuotingInputFilter)
2019-08-30 15:05:22,404 [main] INFO  http.HttpServer2 (HttpServer2.java:addFilter(948)) - Added filter static_user_filter (class=org.apache.hadoop.http.lib.StaticUserWebFilter$StaticUserFilter) to context hddsDatanode
2019-08-30 15:05:22,404 [main] INFO  http.HttpServer2 (HttpServer2.java:addFilter(958)) - Added filter static_user_filter (class=org.apache.hadoop.http.lib.StaticUserWebFilter$StaticUserFilter) to context logs
2019-08-30 15:05:22,404 [main] INFO  http.HttpServer2 (HttpServer2.java:addFilter(958)) - Added filter static_user_filter (class=org.apache.hadoop.http.lib.StaticUserWebFilter$StaticUserFilter) to context static
2019-08-30 15:05:22,405 [main] INFO  http.HttpServer2 (HttpServer2.java:bindListener(1191)) - Jetty bound to port 43423
2019-08-30 15:05:22,405 [main] INFO  server.Server (Server.java:doStart(351)) - jetty-9.3.24.v20180605, build timestamp: 2018-06-05T17:11:56Z, git hash: 84205aa28f11a4f31f2a3b86d1bba2cc8ab69827
2019-08-30 15:05:22,407 [main] INFO  handler.ContextHandler (ContextHandler.java:doStart(781)) - Started o.e.j.s.ServletContextHandler@22752544{/logs,file:///workdir/hadoop-ozone/integration-test/target/log,AVAILABLE}
2019-08-30 15:05:22,407 [main] INFO  handler.ContextHandler (ContextHandler.java:doStart(781)) - Started o.e.j.s.ServletContextHandler@69d23296{/static,jar:file:/home/user/.m2/repository/org/apache/hadoop/hadoop-hdds-container-service/0.5.0-SNAPSHOT/hadoop-hdds-container-service-0.5.0-SNAPSHOT.jar!/webapps/static,AVAILABLE}
2019-08-30 15:05:22,436 [main] INFO  handler.ContextHandler (ContextHandler.java:doStart(781)) - Started o.e.j.w.WebAppContext@7fb48179{/,file:///tmp/jetty-0.0.0.0-43423-hddsDatanode-_-any-2021432037405584865.dir/webapp/,AVAILABLE}{/hddsDatanode}
2019-08-30 15:05:22,436 [main] INFO  server.AbstractConnector (AbstractConnector.java:doStart(278)) - Started ServerConnector@201c3cda{HTTP/1.1,[http/1.1]}{0.0.0.0:43423}
2019-08-30 15:05:22,438 [main] INFO  server.Server (Server.java:doStart(419)) - Started @5905ms
2019-08-30 15:05:22,438 [main] WARN  impl.MetricsSystemImpl (MetricsSystemImpl.java:register(276)) - Sink prometheus already exists!
2019-08-30 15:05:22,438 [main] INFO  server.BaseHttpServer (BaseHttpServer.java:updateConnectorAddress(215)) - HTTP server of HDDSDATANODE is listening at http://0.0.0.0:43423
2019-08-30 15:05:22,441 [main] INFO  ozone.MiniOzoneClusterImpl (MiniOzoneClusterImpl.java:lambda$waitForClusterToBeReady$0(140)) - Waiting for cluster to be ready. Got 0 of 7 DN Heartbeats.
2019-08-30 15:05:22,442 [org.apache.hadoop.util.JvmPauseMonitor$Monitor@18da0cac] INFO  util.JvmPauseMonitor (JvmPauseMonitor.java:run(188)) - Starting JVM pause monitor
2019-08-30 15:05:22,445 [Datanode State Machine Thread - 0] INFO  datanode.InitDatanodeState (InitDatanodeState.java:persistContainerDatanodeDetails(140)) - DatanodeDetails is persisted to /workdir/hadoop-ozone/integration-test/target/test-dir/MiniOzoneClusterImpl-c9bf924e-a99a-40de-a7b2-d35176791736/datanode-6/meta/datanode.id
2019-08-30 15:05:23,442 [main] INFO  ozone.MiniOzoneClusterImpl (MiniOzoneClusterImpl.java:lambda$waitForClusterToBeReady$0(140)) - Waiting for cluster to be ready. Got 0 of 7 DN Heartbeats.
2019-08-30 15:05:23,977 | INFO  | SCMAudit | user=jenkins1000 | ip=192.168.5.134 | op=GET_VERSION null | ret=SUCCESS |  
2019-08-30 15:05:24,022 | INFO  | SCMAudit | user=jenkins1000 | ip=192.168.5.134 | op=GET_VERSION null | ret=SUCCESS |  
2019-08-30 15:05:24,044 [Datanode State Machine Thread - 0] INFO  ozoneimpl.OzoneContainer (OzoneContainer.java:start(201)) - Attempting to start container services.
2019-08-30 15:05:24,046 [Datanode State Machine Thread - 0] INFO  ozoneimpl.OzoneContainer (OzoneContainer.java:startContainerScrub(175)) - Background container scrubber has been disabled by hdds.containerscrub.enabled
2019-08-30 15:05:24,046 [Datanode State Machine Thread - 0] INFO  ozoneimpl.OzoneContainer (OzoneContainer.java:start(201)) - Attempting to start container services.
2019-08-30 15:05:24,047 [Datanode State Machine Thread - 0] INFO  ratis.XceiverServerRatis (XceiverServerRatis.java:start(393)) - Starting XceiverServerRatis f7e068fb-6143-4078-8f73-64e97620f45b at port 0
2019-08-30 15:05:24,049 [Datanode State Machine Thread - 0] INFO  ozoneimpl.OzoneContainer (OzoneContainer.java:startContainerScrub(175)) - Background container scrubber has been disabled by hdds.containerscrub.enabled
2019-08-30 15:05:24,050 [Datanode State Machine Thread - 0] INFO  ratis.XceiverServerRatis (XceiverServerRatis.java:start(393)) - Starting XceiverServerRatis a7864295-ee65-4810-9484-3806f14c48e5 at port 0
2019-08-30 15:05:24,092 [Datanode State Machine Thread - 0] INFO  impl.RaftServerProxy (RaftServerProxy.java:lambda$start$3(299)) - f7e068fb-6143-4078-8f73-64e97620f45b: start RPC server
2019-08-30 15:05:24,092 [Datanode State Machine Thread - 0] INFO  impl.RaftServerProxy (RaftServerProxy.java:lambda$start$3(299)) - a7864295-ee65-4810-9484-3806f14c48e5: start RPC server
2019-08-30 15:05:24,099 | INFO  | SCMAudit | user=jenkins1000 | ip=192.168.5.134 | op=GET_VERSION null | ret=SUCCESS |  
2019-08-30 15:05:24,113 [Datanode State Machine Thread - 0] INFO  ozoneimpl.OzoneContainer (OzoneContainer.java:start(201)) - Attempting to start container services.
2019-08-30 15:05:24,118 [Datanode State Machine Thread - 0] INFO  ozoneimpl.OzoneContainer (OzoneContainer.java:startContainerScrub(175)) - Background container scrubber has been disabled by hdds.containerscrub.enabled
2019-08-30 15:05:24,118 [Datanode State Machine Thread - 0] INFO  ratis.XceiverServerRatis (XceiverServerRatis.java:start(393)) - Starting XceiverServerRatis 56fefae5-2763-4634-a764-1d1f5af899ed at port 0
2019-08-30 15:05:24,133 [Datanode State Machine Thread - 0] INFO  impl.RaftServerProxy (RaftServerProxy.java:lambda$start$3(299)) - 56fefae5-2763-4634-a764-1d1f5af899ed: start RPC server
2019-08-30 15:05:24,200 | INFO  | SCMAudit | user=jenkins1000 | ip=192.168.5.134 | op=GET_VERSION null | ret=SUCCESS |  
2019-08-30 15:05:24,214 [Datanode State Machine Thread - 0] INFO  ozoneimpl.OzoneContainer (OzoneContainer.java:start(201)) - Attempting to start container services.
2019-08-30 15:05:24,214 [Datanode State Machine Thread - 0] INFO  ozoneimpl.OzoneContainer (OzoneContainer.java:startContainerScrub(175)) - Background container scrubber has been disabled by hdds.containerscrub.enabled
2019-08-30 15:05:24,214 [Datanode State Machine Thread - 0] INFO  ratis.XceiverServerRatis (XceiverServerRatis.java:start(393)) - Starting XceiverServerRatis d5adc888-1e0a-4c25-807e-09fade1f1b41 at port 0
2019-08-30 15:05:24,224 [Datanode State Machine Thread - 0] INFO  impl.RaftServerProxy (RaftServerProxy.java:lambda$start$3(299)) - d5adc888-1e0a-4c25-807e-09fade1f1b41: start RPC server
2019-08-30 15:05:24,261 [Datanode State Machine Thread - 0] INFO  server.GrpcService (GrpcService.java:startImpl(149)) - f7e068fb-6143-4078-8f73-64e97620f45b: GrpcService started, listening on 0.0.0.0/0.0.0.0:35790
2019-08-30 15:05:24,261 [Datanode State Machine Thread - 0] INFO  server.GrpcService (GrpcService.java:startImpl(149)) - a7864295-ee65-4810-9484-3806f14c48e5: GrpcService started, listening on 0.0.0.0/0.0.0.0:35097
2019-08-30 15:05:24,262 [Datanode State Machine Thread - 0] INFO  ratis.XceiverServerRatis (XceiverServerRatis.java:start(403)) - XceiverServerRatis f7e068fb-6143-4078-8f73-64e97620f45b is started using port 35790
2019-08-30 15:05:24,261 [Datanode State Machine Thread - 0] INFO  server.GrpcService (GrpcService.java:startImpl(149)) - d5adc888-1e0a-4c25-807e-09fade1f1b41: GrpcService started, listening on 0.0.0.0/0.0.0.0:42948
2019-08-30 15:05:24,261 [Datanode State Machine Thread - 0] INFO  server.GrpcService (GrpcService.java:startImpl(149)) - 56fefae5-2763-4634-a764-1d1f5af899ed: GrpcService started, listening on 0.0.0.0/0.0.0.0:43177
2019-08-30 15:05:24,263 [Datanode State Machine Thread - 0] INFO  ratis.XceiverServerRatis (XceiverServerRatis.java:start(403)) - XceiverServerRatis d5adc888-1e0a-4c25-807e-09fade1f1b41 is started using port 42948
2019-08-30 15:05:24,262 [Datanode State Machine Thread - 0] INFO  ratis.XceiverServerRatis (XceiverServerRatis.java:start(403)) - XceiverServerRatis a7864295-ee65-4810-9484-3806f14c48e5 is started using port 35097
2019-08-30 15:05:24,263 [Datanode State Machine Thread - 0] INFO  ratis.XceiverServerRatis (XceiverServerRatis.java:start(403)) - XceiverServerRatis 56fefae5-2763-4634-a764-1d1f5af899ed is started using port 43177
2019-08-30 15:05:24,269 [Datanode State Machine Thread - 0] INFO  server.XceiverServerGrpc (XceiverServerGrpc.java:start(163)) - XceiverServerGrpc a7864295-ee65-4810-9484-3806f14c48e5 is started using port 35320
2019-08-30 15:05:24,269 [Datanode State Machine Thread - 0] INFO  server.XceiverServerGrpc (XceiverServerGrpc.java:start(163)) - XceiverServerGrpc 56fefae5-2763-4634-a764-1d1f5af899ed is started using port 40336
2019-08-30 15:05:24,270 [Datanode State Machine Thread - 0] INFO  server.XceiverServerGrpc (XceiverServerGrpc.java:start(163)) - XceiverServerGrpc d5adc888-1e0a-4c25-807e-09fade1f1b41 is started using port 40541
2019-08-30 15:05:24,270 [Datanode State Machine Thread - 0] INFO  server.XceiverServerGrpc (XceiverServerGrpc.java:start(163)) - XceiverServerGrpc f7e068fb-6143-4078-8f73-64e97620f45b is started using port 46410
2019-08-30 15:05:24,279 | INFO  | SCMAudit | user=jenkins1000 | ip=192.168.5.134 | op=GET_VERSION null | ret=SUCCESS |  
2019-08-30 15:05:24,292 [Datanode State Machine Thread - 0] INFO  ozoneimpl.OzoneContainer (OzoneContainer.java:start(201)) - Attempting to start container services.
2019-08-30 15:05:24,292 [Datanode State Machine Thread - 0] INFO  ozoneimpl.OzoneContainer (OzoneContainer.java:startContainerScrub(175)) - Background container scrubber has been disabled by hdds.containerscrub.enabled
2019-08-30 15:05:24,292 [Datanode State Machine Thread - 0] INFO  ratis.XceiverServerRatis (XceiverServerRatis.java:start(393)) - Starting XceiverServerRatis 051f1e26-d98e-44a9-be86-7d4b3c80ff32 at port 0
2019-08-30 15:05:24,299 [Datanode State Machine Thread - 0] INFO  impl.RaftServerProxy (RaftServerProxy.java:lambda$start$3(299)) - 051f1e26-d98e-44a9-be86-7d4b3c80ff32: start RPC server
2019-08-30 15:05:24,301 [Datanode State Machine Thread - 0] INFO  server.GrpcService (GrpcService.java:startImpl(149)) - 051f1e26-d98e-44a9-be86-7d4b3c80ff32: GrpcService started, listening on 0.0.0.0/0.0.0.0:33174
2019-08-30 15:05:24,301 [Datanode State Machine Thread - 0] INFO  ratis.XceiverServerRatis (XceiverServerRatis.java:start(403)) - XceiverServerRatis 051f1e26-d98e-44a9-be86-7d4b3c80ff32 is started using port 33174
2019-08-30 15:05:24,303 [Datanode State Machine Thread - 0] INFO  server.XceiverServerGrpc (XceiverServerGrpc.java:start(163)) - XceiverServerGrpc 051f1e26-d98e-44a9-be86-7d4b3c80ff32 is started using port 39944
2019-08-30 15:05:24,369 | INFO  | SCMAudit | user=jenkins1000 | ip=192.168.5.134 | op=GET_VERSION null | ret=SUCCESS |  
2019-08-30 15:05:24,383 [Datanode State Machine Thread - 0] INFO  ozoneimpl.OzoneContainer (OzoneContainer.java:start(201)) - Attempting to start container services.
2019-08-30 15:05:24,383 [Datanode State Machine Thread - 0] INFO  ozoneimpl.OzoneContainer (OzoneContainer.java:startContainerScrub(175)) - Background container scrubber has been disabled by hdds.containerscrub.enabled
2019-08-30 15:05:24,383 [Datanode State Machine Thread - 0] INFO  ratis.XceiverServerRatis (XceiverServerRatis.java:start(393)) - Starting XceiverServerRatis ff806b18-47a3-461f-8103-ac239ab05d36 at port 0
2019-08-30 15:05:24,389 [Datanode State Machine Thread - 0] INFO  impl.RaftServerProxy (RaftServerProxy.java:lambda$start$3(299)) - ff806b18-47a3-461f-8103-ac239ab05d36: start RPC server
2019-08-30 15:05:24,393 [Datanode State Machine Thread - 0] INFO  server.GrpcService (GrpcService.java:startImpl(149)) - ff806b18-47a3-461f-8103-ac239ab05d36: GrpcService started, listening on 0.0.0.0/0.0.0.0:46182
2019-08-30 15:05:24,393 [Datanode State Machine Thread - 0] INFO  ratis.XceiverServerRatis (XceiverServerRatis.java:start(403)) - XceiverServerRatis ff806b18-47a3-461f-8103-ac239ab05d36 is started using port 46182
2019-08-30 15:05:24,396 [Datanode State Machine Thread - 0] INFO  server.XceiverServerGrpc (XceiverServerGrpc.java:start(163)) - XceiverServerGrpc ff806b18-47a3-461f-8103-ac239ab05d36 is started using port 38808
2019-08-30 15:05:24,444 [main] INFO  ozone.MiniOzoneClusterImpl (MiniOzoneClusterImpl.java:lambda$waitForClusterToBeReady$0(140)) - Waiting for cluster to be ready. Got 0 of 7 DN Heartbeats.
2019-08-30 15:05:24,444 | INFO  | SCMAudit | user=jenkins1000 | ip=192.168.5.134 | op=GET_VERSION null | ret=SUCCESS |  
2019-08-30 15:05:24,458 [Datanode State Machine Thread - 0] INFO  ozoneimpl.OzoneContainer (OzoneContainer.java:start(201)) - Attempting to start container services.
2019-08-30 15:05:24,458 [Datanode State Machine Thread - 0] INFO  ozoneimpl.OzoneContainer (OzoneContainer.java:startContainerScrub(175)) - Background container scrubber has been disabled by hdds.containerscrub.enabled
2019-08-30 15:05:24,458 [Datanode State Machine Thread - 0] INFO  ratis.XceiverServerRatis (XceiverServerRatis.java:start(393)) - Starting XceiverServerRatis fc5bbe82-8490-41a4-97d8-e34a13b8703c at port 0
2019-08-30 15:05:24,465 [Datanode State Machine Thread - 0] INFO  impl.RaftServerProxy (RaftServerProxy.java:lambda$start$3(299)) - fc5bbe82-8490-41a4-97d8-e34a13b8703c: start RPC server
2019-08-30 15:05:24,471 [Datanode State Machine Thread - 0] INFO  server.GrpcService (GrpcService.java:startImpl(149)) - fc5bbe82-8490-41a4-97d8-e34a13b8703c: GrpcService started, listening on 0.0.0.0/0.0.0.0:35726
2019-08-30 15:05:24,471 [Datanode State Machine Thread - 0] INFO  ratis.XceiverServerRatis (XceiverServerRatis.java:start(403)) - XceiverServerRatis fc5bbe82-8490-41a4-97d8-e34a13b8703c is started using port 35726
2019-08-30 15:05:24,475 [Datanode State Machine Thread - 0] INFO  server.XceiverServerGrpc (XceiverServerGrpc.java:start(163)) - XceiverServerGrpc fc5bbe82-8490-41a4-97d8-e34a13b8703c is started using port 40249
2019-08-30 15:05:25,444 [main] INFO  ozone.MiniOzoneClusterImpl (MiniOzoneClusterImpl.java:lambda$waitForClusterToBeReady$0(140)) - Waiting for cluster to be ready. Got 0 of 7 DN Heartbeats.
2019-08-30 15:05:25,987 [IPC Server handler 0 on 35849] INFO  net.NetworkTopology (NetworkTopologyImpl.java:add(110)) - Added a new node: /default-rack/f7e068fb-6143-4078-8f73-64e97620f45b
2019-08-30 15:05:25,987 [IPC Server handler 0 on 35849] INFO  node.SCMNodeManager (SCMNodeManager.java:register(266)) - Registered Data node : f7e068fb-6143-4078-8f73-64e97620f45b{ip: 192.168.5.134, host: pr-hdds-2060-hng4s-2675214545, networkLocation: /default-rack, certSerialId: null}
2019-08-30 15:05:25,993 [EventQueue-NodeRegistrationContainerReportForDataNodeSafeModeRule] INFO  safemode.SCMSafeModeManager (DataNodeSafeModeRule.java:process(71)) - SCM in safe mode. 1 DataNodes registered, 1 required.
2019-08-30 15:05:25,993 [EventQueue-NodeRegistrationContainerReportForDataNodeSafeModeRule] INFO  safemode.SCMSafeModeManager (SCMSafeModeManager.java:validateSafeModeExitRules(177)) - ScmSafeModeManager, all rules are successfully validated
2019-08-30 15:05:25,993 [EventQueue-NodeRegistrationContainerReportForDataNodeSafeModeRule] INFO  safemode.SCMSafeModeManager (SCMSafeModeManager.java:exitSafeMode(193)) - SCM exiting safe mode.
2019-08-30 15:05:26,001 | INFO  | SCMAudit | user=jenkins1000 | ip=192.168.5.134 | op=REGISTER {datanodeDetails=f7e068fb-6143-4078-8f73-64e97620f45b{ip: 192.168.5.134, host: pr-hdds-2060-hng4s-2675214545, networkLocation: /default-rack, certSerialId: null}} | ret=SUCCESS |  
2019-08-30 15:05:26,023 [IPC Server handler 2 on 35849] INFO  net.NetworkTopology (NetworkTopologyImpl.java:add(110)) - Added a new node: /default-rack/a7864295-ee65-4810-9484-3806f14c48e5
2019-08-30 15:05:26,024 [IPC Server handler 2 on 35849] INFO  node.SCMNodeManager (SCMNodeManager.java:register(266)) - Registered Data node : a7864295-ee65-4810-9484-3806f14c48e5{ip: 192.168.5.134, host: pr-hdds-2060-hng4s-2675214545, networkLocation: /default-rack, certSerialId: null}
2019-08-30 15:05:26,025 | INFO  | SCMAudit | user=jenkins1000 | ip=192.168.5.134 | op=REGISTER {datanodeDetails=a7864295-ee65-4810-9484-3806f14c48e5{ip: 192.168.5.134, host: pr-hdds-2060-hng4s-2675214545, networkLocation: /default-rack, certSerialId: null}} | ret=SUCCESS |  
2019-08-30 15:05:26,102 [IPC Server handler 3 on 35849] INFO  net.NetworkTopology (NetworkTopologyImpl.java:add(110)) - Added a new node: /default-rack/56fefae5-2763-4634-a764-1d1f5af899ed
2019-08-30 15:05:26,103 [IPC Server handler 3 on 35849] INFO  node.SCMNodeManager (SCMNodeManager.java:register(266)) - Registered Data node : 56fefae5-2763-4634-a764-1d1f5af899ed{ip: 192.168.5.134, host: pr-hdds-2060-hng4s-2675214545, networkLocation: /default-rack, certSerialId: null}
2019-08-30 15:05:26,103 | INFO  | SCMAudit | user=jenkins1000 | ip=192.168.5.134 | op=REGISTER {datanodeDetails=56fefae5-2763-4634-a764-1d1f5af899ed{ip: 192.168.5.134, host: pr-hdds-2060-hng4s-2675214545, networkLocation: /default-rack, certSerialId: null}} | ret=SUCCESS |  
2019-08-30 15:05:26,201 [IPC Server handler 4 on 35849] INFO  net.NetworkTopology (NetworkTopologyImpl.java:add(110)) - Added a new node: /default-rack/d5adc888-1e0a-4c25-807e-09fade1f1b41
2019-08-30 15:05:26,201 [IPC Server handler 4 on 35849] INFO  node.SCMNodeManager (SCMNodeManager.java:register(266)) - Registered Data node : d5adc888-1e0a-4c25-807e-09fade1f1b41{ip: 192.168.5.134, host: pr-hdds-2060-hng4s-2675214545, networkLocation: /default-rack, certSerialId: null}
2019-08-30 15:05:26,202 | INFO  | SCMAudit | user=jenkins1000 | ip=192.168.5.134 | op=REGISTER {datanodeDetails=d5adc888-1e0a-4c25-807e-09fade1f1b41{ip: 192.168.5.134, host: pr-hdds-2060-hng4s-2675214545, networkLocation: /default-rack, certSerialId: null}} | ret=SUCCESS |  
2019-08-30 15:05:26,281 [IPC Server handler 5 on 35849] INFO  net.NetworkTopology (NetworkTopologyImpl.java:add(110)) - Added a new node: /default-rack/051f1e26-d98e-44a9-be86-7d4b3c80ff32
2019-08-30 15:05:26,281 [IPC Server handler 5 on 35849] INFO  node.SCMNodeManager (SCMNodeManager.java:register(266)) - Registered Data node : 051f1e26-d98e-44a9-be86-7d4b3c80ff32{ip: 192.168.5.134, host: pr-hdds-2060-hng4s-2675214545, networkLocation: /default-rack, certSerialId: null}
2019-08-30 15:05:26,282 | INFO  | SCMAudit | user=jenkins1000 | ip=192.168.5.134 | op=REGISTER {datanodeDetails=051f1e26-d98e-44a9-be86-7d4b3c80ff32{ip: 192.168.5.134, host: pr-hdds-2060-hng4s-2675214545, networkLocation: /default-rack, certSerialId: null}} | ret=SUCCESS |  
2019-08-30 15:05:26,383 [IPC Server handler 6 on 35849] INFO  net.NetworkTopology (NetworkTopologyImpl.java:add(110)) - Added a new node: /default-rack/ff806b18-47a3-461f-8103-ac239ab05d36
2019-08-30 15:05:26,383 [IPC Server handler 6 on 35849] INFO  node.SCMNodeManager (SCMNodeManager.java:register(266)) - Registered Data node : ff806b18-47a3-461f-8103-ac239ab05d36{ip: 192.168.5.134, host: pr-hdds-2060-hng4s-2675214545, networkLocation: /default-rack, certSerialId: null}
2019-08-30 15:05:26,383 | INFO  | SCMAudit | user=jenkins1000 | ip=192.168.5.134 | op=REGISTER {datanodeDetails=ff806b18-47a3-461f-8103-ac239ab05d36{ip: 192.168.5.134, host: pr-hdds-2060-hng4s-2675214545, networkLocation: /default-rack, certSerialId: null}} | ret=SUCCESS |  
2019-08-30 15:05:26,445 [main] INFO  ozone.MiniOzoneClusterImpl (MiniOzoneClusterImpl.java:lambda$waitForClusterToBeReady$0(140)) - Waiting for cluster to be ready. Got 6 of 7 DN Heartbeats.
2019-08-30 15:05:26,445 [IPC Server handler 7 on 35849] INFO  net.NetworkTopology (NetworkTopologyImpl.java:add(110)) - Added a new node: /default-rack/fc5bbe82-8490-41a4-97d8-e34a13b8703c
2019-08-30 15:05:26,446 [IPC Server handler 7 on 35849] INFO  node.SCMNodeManager (SCMNodeManager.java:register(266)) - Registered Data node : fc5bbe82-8490-41a4-97d8-e34a13b8703c{ip: 192.168.5.134, host: pr-hdds-2060-hng4s-2675214545, networkLocation: /default-rack, certSerialId: null}
2019-08-30 15:05:26,446 | INFO  | SCMAudit | user=jenkins1000 | ip=192.168.5.134 | op=REGISTER {datanodeDetails=fc5bbe82-8490-41a4-97d8-e34a13b8703c{ip: 192.168.5.134, host: pr-hdds-2060-hng4s-2675214545, networkLocation: /default-rack, certSerialId: null}} | ret=SUCCESS |  
2019-08-30 15:05:26,511 [grpc-default-executor-0] INFO  impl.RaftServerProxy (RaftServerProxy.java:addNew(89)) - f7e068fb-6143-4078-8f73-64e97620f45b: addNew group-A8752755ABD2:[f7e068fb-6143-4078-8f73-64e97620f45b:192.168.5.134:35790] returns group-A8752755ABD2:java.util.concurrent.CompletableFuture@67f4272a[Not completed]
2019-08-30 15:05:26,531 [pool-27-thread-1] INFO  impl.RaftServerImpl (RaftServerImpl.java:<init>(93)) - f7e068fb-6143-4078-8f73-64e97620f45b: new RaftServerImpl for group-A8752755ABD2:[f7e068fb-6143-4078-8f73-64e97620f45b:192.168.5.134:35790] with ContainerStateMachine:uninitialized
2019-08-30 15:05:26,533 [pool-27-thread-1] INFO  server.RaftServerConfigKeys (ConfUtils.java:logGet(43)) - raft.server.rpc.timeout.min = 5s (custom)
2019-08-30 15:05:26,534 [pool-27-thread-1] INFO  server.RaftServerConfigKeys (ConfUtils.java:logGet(43)) - raft.server.rpc.timeout.max = 5200ms (custom)
2019-08-30 15:05:26,534 [pool-27-thread-1] INFO  server.RaftServerConfigKeys (ConfUtils.java:logGet(43)) - raft.server.rpcslowness.timeout = 120s (custom)
2019-08-30 15:05:26,535 [pool-27-thread-1] INFO  server.RaftServerConfigKeys (ConfUtils.java:logGet(43)) - raft.server.sleep.deviation.threshold = 300 (default)
2019-08-30 15:05:26,536 [pool-27-thread-1] INFO  server.RaftServerConfigKeys (ConfUtils.java:logGet(43)) - raft.server.log.appender.install.snapshot.enabled = false (custom)
2019-08-30 15:05:26,546 [pool-27-thread-1] INFO  impl.RaftServerImpl (ServerState.java:<init>(105)) - f7e068fb-6143-4078-8f73-64e97620f45b:group-A8752755ABD2 ConfigurationManager, init=-1: [f7e068fb-6143-4078-8f73-64e97620f45b:192.168.5.134:35790], old=null, confs=<EMPTY_MAP>
2019-08-30 15:05:26,546 [pool-27-thread-1] INFO  server.RaftServerConfigKeys (ConfUtils.java:logGet(43)) - raft.server.storage.dir = [/workdir/hadoop-ozone/integration-test/target/test-dir/MiniOzoneClusterImpl-c9bf924e-a99a-40de-a7b2-d35176791736/datanode-0/data/ratis] (custom)
2019-08-30 15:05:26,555 [pool-27-thread-1] INFO  storage.RaftStorageDirectory (RaftStorageDirectory.java:analyzeStorage(246)) - The storage directory /workdir/hadoop-ozone/integration-test/target/test-dir/MiniOzoneClusterImpl-c9bf924e-a99a-40de-a7b2-d35176791736/datanode-0/data/ratis/f29f7be5-1f32-4cc8-8c5f-a8752755abd2 does not exist. Creating ...
2019-08-30 15:05:26,572 [pool-27-thread-1] INFO  storage.RaftStorageDirectory (RaftStorageDirectory.java:tryLock(328)) - Lock on /workdir/hadoop-ozone/integration-test/target/test-dir/MiniOzoneClusterImpl-c9bf924e-a99a-40de-a7b2-d35176791736/datanode-0/data/ratis/f29f7be5-1f32-4cc8-8c5f-a8752755abd2/in_use.lock acquired by nodename 28912@pr-hdds-2060-hng4s-2675214545
2019-08-30 15:05:26,588 [pool-27-thread-1] INFO  storage.RaftStorage (RaftStorage.java:format(72)) - Storage directory /workdir/hadoop-ozone/integration-test/target/test-dir/MiniOzoneClusterImpl-c9bf924e-a99a-40de-a7b2-d35176791736/datanode-0/data/ratis/f29f7be5-1f32-4cc8-8c5f-a8752755abd2 has been successfully formatted.
2019-08-30 15:05:26,590 [pool-27-thread-1] INFO  ratis.ContainerStateMachine (ContainerStateMachine.java:loadSnapshot(227)) - group-A8752755ABD2: The snapshot info is null. Setting the last applied indexto:(t:0, i:~)
2019-08-30 15:05:26,590 [pool-27-thread-1] INFO  server.RaftServerConfigKeys (ConfUtils.java:logGet(43)) - raft.server.leader.election.timeout = 120s (custom)
2019-08-30 15:05:26,592 [pool-27-thread-1] INFO  server.RaftServerConfigKeys (ConfUtils.java:logGet(43)) - raft.server.log.use.memory = false (default)
2019-08-30 15:05:26,597 [pool-27-thread-1] INFO  server.RaftServerConfigKeys (ConfUtils.java:logGet(43)) - raft.server.log.purge.gap = 1000000 (custom)
2019-08-30 15:05:26,597 [pool-27-thread-1] INFO  server.RaftServerConfigKeys (ConfUtils.java:logGet(43)) - raft.server.log.appender.buffer.byte-limit = 33554432 (custom)
2019-08-30 15:05:26,598 [pool-27-thread-1] INFO  server.RaftServerConfigKeys (ConfUtils.java:logGet(43)) - raft.server.log.segment.size.max = 1048576 (custom)
2019-08-30 15:05:26,603 [pool-27-thread-1] INFO  server.RaftServerConfigKeys (ConfUtils.java:logGet(43)) - raft.server.log.segment.cache.num.max = 2 (custom)
2019-08-30 15:05:26,608 [pool-27-thread-1] INFO  segmented.SegmentedRaftLogWorker (SegmentedRaftLogWorker.java:<init>(172)) - new f7e068fb-6143-4078-8f73-64e97620f45b-SegmentedRaftLogWorker:Storage Directory /workdir/hadoop-ozone/integration-test/target/test-dir/MiniOzoneClusterImpl-c9bf924e-a99a-40de-a7b2-d35176791736/datanode-0/data/ratis/f29f7be5-1f32-4cc8-8c5f-a8752755abd2 for RaftStorage:Storage Directory /workdir/hadoop-ozone/integration-test/target/test-dir/MiniOzoneClusterImpl-c9bf924e-a99a-40de-a7b2-d35176791736/datanode-0/data/ratis/f29f7be5-1f32-4cc8-8c5f-a8752755abd2
2019-08-30 15:05:26,619 [pool-27-thread-1] INFO  server.RaftServerConfigKeys (ConfUtils.java:logGet(43)) - raft.server.log.queue.byte-limit = 2147483647 (custom)
2019-08-30 15:05:26,619 [pool-27-thread-1] INFO  server.RaftServerConfigKeys (ConfUtils.java:logGet(43)) - raft.server.log.queue.element-limit = 1024 (custom)
2019-08-30 15:05:26,624 [pool-27-thread-1] INFO  server.RaftServerConfigKeys (ConfUtils.java:logGet(43)) - raft.server.log.segment.size.max = 1048576 (custom)
2019-08-30 15:05:26,625 [pool-27-thread-1] INFO  server.RaftServerConfigKeys (ConfUtils.java:logGet(43)) - raft.server.log.preallocated.size = 16384 (custom)
2019-08-30 15:05:26,625 [pool-27-thread-1] INFO  server.RaftServerConfigKeys (ConfUtils.java:logGet(43)) - raft.server.log.write.buffer.size = 33554432 (custom)
2019-08-30 15:05:26,626 [pool-27-thread-1] INFO  server.RaftServerConfigKeys (ConfUtils.java:logGet(43)) - raft.server.log.force.sync.num = 128 (default)
2019-08-30 15:05:26,626 [pool-27-thread-1] INFO  server.RaftServerConfigKeys (ConfUtils.java:logGet(43)) - raft.server.log.statemachine.data.sync = true (default)
2019-08-30 15:05:26,627 [pool-27-thread-1] INFO  server.RaftServerConfigKeys (ConfUtils.java:logGet(43)) - raft.server.log.statemachine.data.sync.timeout = 10s (default)
2019-08-30 15:05:26,627 [pool-27-thread-1] INFO  server.RaftServerConfigKeys (ConfUtils.java:logGet(43)) - raft.server.log.statemachine.data.sync.timeout.retry = -1 (default)
2019-08-30 15:05:26,636 [pool-27-thread-1] INFO  server.RaftServerConfigKeys (ConfUtils.java:logGet(43)) - raft.server.log.statemachine.data.caching.enabled = true (custom)
2019-08-30 15:05:26,640 [pool-27-thread-1] INFO  segmented.SegmentedRaftLogWorker (SegmentedRaftLogWorker.java:lambda$new$0(132)) - f7e068fb-6143-4078-8f73-64e97620f45b-SegmentedRaftLogWorker:Storage Directory /workdir/hadoop-ozone/integration-test/target/test-dir/MiniOzoneClusterImpl-c9bf924e-a99a-40de-a7b2-d35176791736/datanode-0/data/ratis/f29f7be5-1f32-4cc8-8c5f-a8752755abd2: flushIndex: setUnconditionally 0 -> -1
2019-08-30 15:05:26,644 [pool-27-thread-1] INFO  server.RaftServerConfigKeys (ConfUtils.java:logGet(43)) - raft.server.snapshot.auto.trigger.enabled = true (custom)
2019-08-30 15:05:26,645 [pool-27-thread-1] INFO  server.RaftServerConfigKeys (ConfUtils.java:logGet(43)) - raft.server.snapshot.auto.trigger.threshold = 10000 (custom)
2019-08-30 15:05:26,645 [pool-27-thread-1] INFO  server.RaftServerConfigKeys (ConfUtils.java:logGet(43)) - raft.server.retrycache.expirytime = 600000ms (custom)
2019-08-30 15:05:26,665 [pool-27-thread-1] INFO  impl.RaftServerImpl (RaftServerImpl.java:start(180)) - f7e068fb-6143-4078-8f73-64e97620f45b: start group-A8752755ABD2
2019-08-30 15:05:26,666 [pool-27-thread-1] INFO  impl.RaftServerImpl (RaftServerImpl.java:setRole(171)) - f7e068fb-6143-4078-8f73-64e97620f45b:group-A8752755ABD2 changes role from null to FOLLOWER at term 0 for startAsFollower
2019-08-30 15:05:26,667 [pool-27-thread-1] INFO  impl.RoleInfo (RoleInfo.java:updateAndGet(143)) - f7e068fb-6143-4078-8f73-64e97620f45b: start FollowerState
2019-08-30 15:05:26,669 [pool-27-thread-1] INFO  util.JmxRegister (JmxRegister.java:tryRegister(44)) - Successfully registered JMX Bean with object name Ratis:service=RaftServer,group=group-A8752755ABD2,id=f7e068fb-6143-4078-8f73-64e97620f45b
2019-08-30 15:05:26,734 [RatisPipelineUtilsThread] INFO  pipeline.PipelineStateManager (PipelineStateManager.java:addPipeline(56)) - Created pipeline Pipeline[ Id: f29f7be5-1f32-4cc8-8c5f-a8752755abd2, Nodes: f7e068fb-6143-4078-8f73-64e97620f45b{ip: 192.168.5.134, host: pr-hdds-2060-hng4s-2675214545, networkLocation: /default-rack, certSerialId: null}, Type:RATIS, Factor:ONE, State:OPEN]
2019-08-30 15:05:26,761 [grpc-default-executor-0] INFO  impl.RaftServerProxy (RaftServerProxy.java:addNew(89)) - d5adc888-1e0a-4c25-807e-09fade1f1b41: addNew group-B06EEE2D92DB:[d5adc888-1e0a-4c25-807e-09fade1f1b41:192.168.5.134:42948] returns group-B06EEE2D92DB:java.util.concurrent.CompletableFuture@66978bb3[Not completed]
2019-08-30 15:05:26,809 [pool-57-thread-1] INFO  impl.RaftServerImpl (RaftServerImpl.java:<init>(93)) - d5adc888-1e0a-4c25-807e-09fade1f1b41: new RaftServerImpl for group-B06EEE2D92DB:[d5adc888-1e0a-4c25-807e-09fade1f1b41:192.168.5.134:42948] with ContainerStateMachine:uninitialized
2019-08-30 15:05:26,811 [pool-57-thread-1] INFO  server.RaftServerConfigKeys (ConfUtils.java:logGet(43)) - raft.server.rpc.timeout.min = 5s (custom)
2019-08-30 15:05:26,811 [pool-57-thread-1] INFO  server.RaftServerConfigKeys (ConfUtils.java:logGet(43)) - raft.server.rpc.timeout.max = 5200ms (custom)
2019-08-30 15:05:26,811 [pool-57-thread-1] INFO  server.RaftServerConfigKeys (ConfUtils.java:logGet(43)) - raft.server.rpcslowness.timeout = 120s (custom)
2019-08-30 15:05:26,811 [pool-57-thread-1] INFO  server.RaftServerConfigKeys (ConfUtils.java:logGet(43)) - raft.server.sleep.deviation.threshold = 300 (default)
2019-08-30 15:05:26,811 [pool-57-thread-1] INFO  server.RaftServerConfigKeys (ConfUtils.java:logGet(43)) - raft.server.log.appender.install.snapshot.enabled = false (custom)
2019-08-30 15:05:26,812 [pool-57-thread-1] INFO  impl.RaftServerImpl (ServerState.java:<init>(105)) - d5adc888-1e0a-4c25-807e-09fade1f1b41:group-B06EEE2D92DB ConfigurationManager, init=-1: [d5adc888-1e0a-4c25-807e-09fade1f1b41:192.168.5.134:42948], old=null, confs=<EMPTY_MAP>
2019-08-30 15:05:26,812 [pool-57-thread-1] INFO  server.RaftServerConfigKeys (ConfUtils.java:logGet(43)) - raft.server.storage.dir = [/workdir/hadoop-ozone/integration-test/target/test-dir/MiniOzoneClusterImpl-c9bf924e-a99a-40de-a7b2-d35176791736/datanode-3/data/ratis] (custom)
2019-08-30 15:05:26,813 [pool-57-thread-1] INFO  storage.RaftStorageDirectory (RaftStorageDirectory.java:analyzeStorage(246)) - The storage directory /workdir/hadoop-ozone/integration-test/target/test-dir/MiniOzoneClusterImpl-c9bf924e-a99a-40de-a7b2-d35176791736/datanode-3/data/ratis/4ebdd106-9624-4eae-bc43-b06eee2d92db does not exist. Creating ...
2019-08-30 15:05:26,827 [pool-57-thread-1] INFO  storage.RaftStorageDirectory (RaftStorageDirectory.java:tryLock(328)) - Lock on /workdir/hadoop-ozone/integration-test/target/test-dir/MiniOzoneClusterImpl-c9bf924e-a99a-40de-a7b2-d35176791736/datanode-3/data/ratis/4ebdd106-9624-4eae-bc43-b06eee2d92db/in_use.lock acquired by nodename 28912@pr-hdds-2060-hng4s-2675214545
2019-08-30 15:05:26,847 [pool-57-thread-1] INFO  storage.RaftStorage (RaftStorage.java:format(72)) - Storage directory /workdir/hadoop-ozone/integration-test/target/test-dir/MiniOzoneClusterImpl-c9bf924e-a99a-40de-a7b2-d35176791736/datanode-3/data/ratis/4ebdd106-9624-4eae-bc43-b06eee2d92db has been successfully formatted.
2019-08-30 15:05:26,849 [pool-57-thread-1] INFO  ratis.ContainerStateMachine (ContainerStateMachine.java:loadSnapshot(227)) - group-B06EEE2D92DB: The snapshot info is null. Setting the last applied indexto:(t:0, i:~)
2019-08-30 15:05:26,851 [pool-57-thread-1] INFO  server.RaftServerConfigKeys (ConfUtils.java:logGet(43)) - raft.server.leader.election.timeout = 120s (custom)
2019-08-30 15:05:26,852 [pool-57-thread-1] INFO  server.RaftServerConfigKeys (ConfUtils.java:logGet(43)) - raft.server.log.use.memory = false (default)
2019-08-30 15:05:26,852 [pool-57-thread-1] INFO  server.RaftServerConfigKeys (ConfUtils.java:logGet(43)) - raft.server.log.purge.gap = 1000000 (custom)
2019-08-30 15:05:26,852 [pool-57-thread-1] INFO  server.RaftServerConfigKeys (ConfUtils.java:logGet(43)) - raft.server.log.appender.buffer.byte-limit = 33554432 (custom)
2019-08-30 15:05:26,852 [pool-57-thread-1] INFO  server.RaftServerConfigKeys (ConfUtils.java:logGet(43)) - raft.server.log.segment.size.max = 1048576 (custom)
2019-08-30 15:05:26,852 [pool-57-thread-1] INFO  server.RaftServerConfigKeys (ConfUtils.java:logGet(43)) - raft.server.log.segment.cache.num.max = 2 (custom)
2019-08-30 15:05:26,853 [pool-57-thread-1] INFO  segmented.SegmentedRaftLogWorker (SegmentedRaftLogWorker.java:<init>(172)) - new d5adc888-1e0a-4c25-807e-09fade1f1b41-SegmentedRaftLogWorker:Storage Directory /workdir/hadoop-ozone/integration-test/target/test-dir/MiniOzoneClusterImpl-c9bf924e-a99a-40de-a7b2-d35176791736/datanode-3/data/ratis/4ebdd106-9624-4eae-bc43-b06eee2d92db for RaftStorage:Storage Directory /workdir/hadoop-ozone/integration-test/target/test-dir/MiniOzoneClusterImpl-c9bf924e-a99a-40de-a7b2-d35176791736/datanode-3/data/ratis/4ebdd106-9624-4eae-bc43-b06eee2d92db
2019-08-30 15:05:26,854 [pool-57-thread-1] INFO  server.RaftServerConfigKeys (ConfUtils.java:logGet(43)) - raft.server.log.queue.byte-limit = 2147483647 (custom)
2019-08-30 15:05:26,855 [pool-57-thread-1] INFO  server.RaftServerConfigKeys (ConfUtils.java:logGet(43)) - raft.server.log.queue.element-limit = 1024 (custom)
2019-08-30 15:05:26,855 [pool-57-thread-1] INFO  server.RaftServerConfigKeys (ConfUtils.java:logGet(43)) - raft.server.log.segment.size.max = 1048576 (custom)
2019-08-30 15:05:26,855 [pool-57-thread-1] INFO  server.RaftServerConfigKeys (ConfUtils.java:logGet(43)) - raft.server.log.preallocated.size = 16384 (custom)
2019-08-30 15:05:26,855 [pool-57-thread-1] INFO  server.RaftServerConfigKeys (ConfUtils.java:logGet(43)) - raft.server.log.write.buffer.size = 33554432 (custom)
2019-08-30 15:05:26,856 [pool-57-thread-1] INFO  server.RaftServerConfigKeys (ConfUtils.java:logGet(43)) - raft.server.log.force.sync.num = 128 (default)
2019-08-30 15:05:26,856 [pool-57-thread-1] INFO  server.RaftServerConfigKeys (ConfUtils.java:logGet(43)) - raft.server.log.statemachine.data.sync = true (default)
2019-08-30 15:05:26,856 [pool-57-thread-1] INFO  server.RaftServerConfigKeys (ConfUtils.java:logGet(43)) - raft.server.log.statemachine.data.sync.timeout = 10s (default)
2019-08-30 15:05:26,856 [pool-57-thread-1] INFO  server.RaftServerConfigKeys (ConfUtils.java:logGet(43)) - raft.server.log.statemachine.data.sync.timeout.retry = -1 (default)
2019-08-30 15:05:26,857 [pool-57-thread-1] INFO  server.RaftServerConfigKeys (ConfUtils.java:logGet(43)) - raft.server.log.statemachine.data.caching.enabled = true (custom)
2019-08-30 15:05:26,857 [pool-57-thread-1] INFO  segmented.SegmentedRaftLogWorker (SegmentedRaftLogWorker.java:lambda$new$0(132)) - d5adc888-1e0a-4c25-807e-09fade1f1b41-SegmentedRaftLogWorker:Storage Directory /workdir/hadoop-ozone/integration-test/target/test-dir/MiniOzoneClusterImpl-c9bf924e-a99a-40de-a7b2-d35176791736/datanode-3/data/ratis/4ebdd106-9624-4eae-bc43-b06eee2d92db: flushIndex: setUnconditionally 0 -> -1
2019-08-30 15:05:26,858 [pool-57-thread-1] INFO  server.RaftServerConfigKeys (ConfUtils.java:logGet(43)) - raft.server.snapshot.auto.trigger.enabled = true (custom)
2019-08-30 15:05:26,858 [pool-57-thread-1] INFO  server.RaftServerConfigKeys (ConfUtils.java:logGet(43)) - raft.server.snapshot.auto.trigger.threshold = 10000 (custom)
2019-08-30 15:05:26,858 [pool-57-thread-1] INFO  server.RaftServerConfigKeys (ConfUtils.java:logGet(43)) - raft.server.retrycache.expirytime = 600000ms (custom)
2019-08-30 15:05:26,859 [pool-57-thread-1] INFO  impl.RaftServerImpl (RaftServerImpl.java:start(180)) - d5adc888-1e0a-4c25-807e-09fade1f1b41: start group-B06EEE2D92DB
2019-08-30 15:05:26,859 [pool-57-thread-1] INFO  impl.RaftServerImpl (RaftServerImpl.java:setRole(171)) - d5adc888-1e0a-4c25-807e-09fade1f1b41:group-B06EEE2D92DB changes role from null to FOLLOWER at term 0 for startAsFollower
2019-08-30 15:05:26,859 [pool-57-thread-1] INFO  impl.RoleInfo (RoleInfo.java:updateAndGet(143)) - d5adc888-1e0a-4c25-807e-09fade1f1b41: start FollowerState
2019-08-30 15:05:26,861 [pool-57-thread-1] INFO  util.JmxRegister (JmxRegister.java:tryRegister(44)) - Successfully registered JMX Bean with object name Ratis:service=RaftServer,group=group-B06EEE2D92DB,id=d5adc888-1e0a-4c25-807e-09fade1f1b41
2019-08-30 15:05:26,883 [RatisPipelineUtilsThread] INFO  pipeline.PipelineStateManager (PipelineStateManager.java:addPipeline(56)) - Created pipeline Pipeline[ Id: 4ebdd106-9624-4eae-bc43-b06eee2d92db, Nodes: d5adc888-1e0a-4c25-807e-09fade1f1b41{ip: 192.168.5.134, host: pr-hdds-2060-hng4s-2675214545, networkLocation: /default-rack, certSerialId: null}, Type:RATIS, Factor:ONE, State:OPEN]
2019-08-30 15:05:26,914 [grpc-default-executor-0] INFO  impl.RaftServerProxy (RaftServerProxy.java:addNew(89)) - 051f1e26-d98e-44a9-be86-7d4b3c80ff32: addNew group-FA26393BE858:[051f1e26-d98e-44a9-be86-7d4b3c80ff32:192.168.5.134:33174] returns group-FA26393BE858:java.util.concurrent.CompletableFuture@649c3b65[Not completed]
2019-08-30 15:05:26,931 [pool-67-thread-1] INFO  impl.RaftServerImpl (RaftServerImpl.java:<init>(93)) - 051f1e26-d98e-44a9-be86-7d4b3c80ff32: new RaftServerImpl for group-FA26393BE858:[051f1e26-d98e-44a9-be86-7d4b3c80ff32:192.168.5.134:33174] with ContainerStateMachine:uninitialized
2019-08-30 15:05:26,931 [pool-67-thread-1] INFO  server.RaftServerConfigKeys (ConfUtils.java:logGet(43)) - raft.server.rpc.timeout.min = 5s (custom)
2019-08-30 15:05:26,931 [pool-67-thread-1] INFO  server.RaftServerConfigKeys (ConfUtils.java:logGet(43)) - raft.server.rpc.timeout.max = 5200ms (custom)
2019-08-30 15:05:26,931 [pool-67-thread-1] INFO  server.RaftServerConfigKeys (ConfUtils.java:logGet(43)) - raft.server.rpcslowness.timeout = 120s (custom)
2019-08-30 15:05:26,931 [pool-67-thread-1] INFO  server.RaftServerConfigKeys (ConfUtils.java:logGet(43)) - raft.server.sleep.deviation.threshold = 300 (default)
2019-08-30 15:05:26,931 [pool-67-thread-1] INFO  server.RaftServerConfigKeys (ConfUtils.java:logGet(43)) - raft.server.log.appender.install.snapshot.enabled = false (custom)
2019-08-30 15:05:26,932 [pool-67-thread-1] INFO  impl.RaftServerImpl (ServerState.java:<init>(105)) - 051f1e26-d98e-44a9-be86-7d4b3c80ff32:group-FA26393BE858 ConfigurationManager, init=-1: [051f1e26-d98e-44a9-be86-7d4b3c80ff32:192.168.5.134:33174], old=null, confs=<EMPTY_MAP>
2019-08-30 15:05:26,932 [pool-67-thread-1] INFO  server.RaftServerConfigKeys (ConfUtils.java:logGet(43)) - raft.server.storage.dir = [/workdir/hadoop-ozone/integration-test/target/test-dir/MiniOzoneClusterImpl-c9bf924e-a99a-40de-a7b2-d35176791736/datanode-4/data/ratis] (custom)
2019-08-30 15:05:26,932 [pool-67-thread-1] INFO  storage.RaftStorageDirectory (RaftStorageDirectory.java:analyzeStorage(246)) - The storage directory /workdir/hadoop-ozone/integration-test/target/test-dir/MiniOzoneClusterImpl-c9bf924e-a99a-40de-a7b2-d35176791736/datanode-4/data/ratis/aef54234-7589-4cd9-b457-fa26393be858 does not exist. Creating ...
2019-08-30 15:05:26,945 [pool-67-thread-1] INFO  storage.RaftStorageDirectory (RaftStorageDirectory.java:tryLock(328)) - Lock on /workdir/hadoop-ozone/integration-test/target/test-dir/MiniOzoneClusterImpl-c9bf924e-a99a-40de-a7b2-d35176791736/datanode-4/data/ratis/aef54234-7589-4cd9-b457-fa26393be858/in_use.lock acquired by nodename 28912@pr-hdds-2060-hng4s-2675214545
2019-08-30 15:05:26,958 [pool-67-thread-1] INFO  storage.RaftStorage (RaftStorage.java:format(72)) - Storage directory /workdir/hadoop-ozone/integration-test/target/test-dir/MiniOzoneClusterImpl-c9bf924e-a99a-40de-a7b2-d35176791736/datanode-4/data/ratis/aef54234-7589-4cd9-b457-fa26393be858 has been successfully formatted.
2019-08-30 15:05:26,959 [pool-67-thread-1] INFO  ratis.ContainerStateMachine (ContainerStateMachine.java:loadSnapshot(227)) - group-FA26393BE858: The snapshot info is null. Setting the last applied indexto:(t:0, i:~)
2019-08-30 15:05:26,959 [pool-67-thread-1] INFO  server.RaftServerConfigKeys (ConfUtils.java:logGet(43)) - raft.server.leader.election.timeout = 120s (custom)
2019-08-30 15:05:26,959 [pool-67-thread-1] INFO  server.RaftServerConfigKeys (ConfUtils.java:logGet(43)) - raft.server.log.use.memory = false (default)
2019-08-30 15:05:26,959 [pool-67-thread-1] INFO  server.RaftServerConfigKeys (ConfUtils.java:logGet(43)) - raft.server.log.purge.gap = 1000000 (custom)
2019-08-30 15:05:26,959 [pool-67-thread-1] INFO  server.RaftServerConfigKeys (ConfUtils.java:logGet(43)) - raft.server.log.appender.buffer.byte-limit = 33554432 (custom)
2019-08-30 15:05:26,959 [pool-67-thread-1] INFO  server.RaftServerConfigKeys (ConfUtils.java:logGet(43)) - raft.server.log.segment.size.max = 1048576 (custom)
2019-08-30 15:05:26,960 [pool-67-thread-1] INFO  server.RaftServerConfigKeys (ConfUtils.java:logGet(43)) - raft.server.log.segment.cache.num.max = 2 (custom)
2019-08-30 15:05:26,960 [pool-67-thread-1] INFO  segmented.SegmentedRaftLogWorker (SegmentedRaftLogWorker.java:<init>(172)) - new 051f1e26-d98e-44a9-be86-7d4b3c80ff32-SegmentedRaftLogWorker:Storage Directory /workdir/hadoop-ozone/integration-test/target/test-dir/MiniOzoneClusterImpl-c9bf924e-a99a-40de-a7b2-d35176791736/datanode-4/data/ratis/aef54234-7589-4cd9-b457-fa26393be858 for RaftStorage:Storage Directory /workdir/hadoop-ozone/integration-test/target/test-dir/MiniOzoneClusterImpl-c9bf924e-a99a-40de-a7b2-d35176791736/datanode-4/data/ratis/aef54234-7589-4cd9-b457-fa26393be858
2019-08-30 15:05:26,960 [pool-67-thread-1] INFO  server.RaftServerConfigKeys (ConfUtils.java:logGet(43)) - raft.server.log.queue.byte-limit = 2147483647 (custom)
2019-08-30 15:05:26,960 [pool-67-thread-1] INFO  server.RaftServerConfigKeys (ConfUtils.java:logGet(43)) - raft.server.log.queue.element-limit = 1024 (custom)
2019-08-30 15:05:26,960 [pool-67-thread-1] INFO  server.RaftServerConfigKeys (ConfUtils.java:logGet(43)) - raft.server.log.segment.size.max = 1048576 (custom)
2019-08-30 15:05:26,960 [pool-67-thread-1] INFO  server.RaftServerConfigKeys (ConfUtils.java:logGet(43)) - raft.server.log.preallocated.size = 16384 (custom)
2019-08-30 15:05:26,960 [pool-67-thread-1] INFO  server.RaftServerConfigKeys (ConfUtils.java:logGet(43)) - raft.server.log.write.buffer.size = 33554432 (custom)
2019-08-30 15:05:26,961 [pool-67-thread-1] INFO  server.RaftServerConfigKeys (ConfUtils.java:logGet(43)) - raft.server.log.force.sync.num = 128 (default)
2019-08-30 15:05:26,961 [pool-67-thread-1] INFO  server.RaftServerConfigKeys (ConfUtils.java:logGet(43)) - raft.server.log.statemachine.data.sync = true (default)
2019-08-30 15:05:26,961 [pool-67-thread-1] INFO  server.RaftServerConfigKeys (ConfUtils.java:logGet(43)) - raft.server.log.statemachine.data.sync.timeout = 10s (default)
2019-08-30 15:05:26,961 [pool-67-thread-1] INFO  server.RaftServerConfigKeys (ConfUtils.java:logGet(43)) - raft.server.log.statemachine.data.sync.timeout.retry = -1 (default)
2019-08-30 15:05:26,961 [pool-67-thread-1] INFO  server.RaftServerConfigKeys (ConfUtils.java:logGet(43)) - raft.server.log.statemachine.data.caching.enabled = true (custom)
2019-08-30 15:05:26,961 [pool-67-thread-1] INFO  segmented.SegmentedRaftLogWorker (SegmentedRaftLogWorker.java:lambda$new$0(132)) - 051f1e26-d98e-44a9-be86-7d4b3c80ff32-SegmentedRaftLogWorker:Storage Directory /workdir/hadoop-ozone/integration-test/target/test-dir/MiniOzoneClusterImpl-c9bf924e-a99a-40de-a7b2-d35176791736/datanode-4/data/ratis/aef54234-7589-4cd9-b457-fa26393be858: flushIndex: setUnconditionally 0 -> -1
2019-08-30 15:05:26,962 [pool-67-thread-1] INFO  server.RaftServerConfigKeys (ConfUtils.java:logGet(43)) - raft.server.snapshot.auto.trigger.enabled = true (custom)
2019-08-30 15:05:26,962 [pool-67-thread-1] INFO  server.RaftServerConfigKeys (ConfUtils.java:logGet(43)) - raft.server.snapshot.auto.trigger.threshold = 10000 (custom)
2019-08-30 15:05:26,962 [pool-67-thread-1] INFO  server.RaftServerConfigKeys (ConfUtils.java:logGet(43)) - raft.server.retrycache.expirytime = 600000ms (custom)
2019-08-30 15:05:26,962 [pool-67-thread-1] INFO  impl.RaftServerImpl (RaftServerImpl.java:start(180)) - 051f1e26-d98e-44a9-be86-7d4b3c80ff32: start group-FA26393BE858
2019-08-30 15:05:26,962 [pool-67-thread-1] INFO  impl.RaftServerImpl (RaftServerImpl.java:setRole(171)) - 051f1e26-d98e-44a9-be86-7d4b3c80ff32:group-FA26393BE858 changes role from null to FOLLOWER at term 0 for startAsFollower
2019-08-30 15:05:26,962 [pool-67-thread-1] INFO  impl.RoleInfo (RoleInfo.java:updateAndGet(143)) - 051f1e26-d98e-44a9-be86-7d4b3c80ff32: start FollowerState
2019-08-30 15:05:26,963 [pool-67-thread-1] INFO  util.JmxRegister (JmxRegister.java:tryRegister(44)) - Successfully registered JMX Bean with object name Ratis:service=RaftServer,group=group-FA26393BE858,id=051f1e26-d98e-44a9-be86-7d4b3c80ff32
2019-08-30 15:05:26,978 [RatisPipelineUtilsThread] INFO  pipeline.PipelineStateManager (PipelineStateManager.java:addPipeline(56)) - Created pipeline Pipeline[ Id: aef54234-7589-4cd9-b457-fa26393be858, Nodes: 051f1e26-d98e-44a9-be86-7d4b3c80ff32{ip: 192.168.5.134, host: pr-hdds-2060-hng4s-2675214545, networkLocation: /default-rack, certSerialId: null}, Type:RATIS, Factor:ONE, State:OPEN]
2019-08-30 15:05:27,003 [grpc-default-executor-0] INFO  impl.RaftServerProxy (RaftServerProxy.java:addNew(89)) - 56fefae5-2763-4634-a764-1d1f5af899ed: addNew group-16EF65C516E1:[56fefae5-2763-4634-a764-1d1f5af899ed:192.168.5.134:43177] returns group-16EF65C516E1:java.util.concurrent.CompletableFuture@41f3e95a[Not completed]
2019-08-30 15:05:27,006 [pool-47-thread-1] INFO  impl.RaftServerImpl (RaftServerImpl.java:<init>(93)) - 56fefae5-2763-4634-a764-1d1f5af899ed: new RaftServerImpl for group-16EF65C516E1:[56fefae5-2763-4634-a764-1d1f5af899ed:192.168.5.134:43177] with ContainerStateMachine:uninitialized
2019-08-30 15:05:27,007 [pool-47-thread-1] INFO  server.RaftServerConfigKeys (ConfUtils.java:logGet(43)) - raft.server.rpc.timeout.min = 5s (custom)
2019-08-30 15:05:27,007 [pool-47-thread-1] INFO  server.RaftServerConfigKeys (ConfUtils.java:logGet(43)) - raft.server.rpc.timeout.max = 5200ms (custom)
2019-08-30 15:05:27,007 [pool-47-thread-1] INFO  server.RaftServerConfigKeys (ConfUtils.java:logGet(43)) - raft.server.rpcslowness.timeout = 120s (custom)
2019-08-30 15:05:27,007 [pool-47-thread-1] INFO  server.RaftServerConfigKeys (ConfUtils.java:logGet(43)) - raft.server.sleep.deviation.threshold = 300 (default)
2019-08-30 15:05:27,007 [pool-47-thread-1] INFO  server.RaftServerConfigKeys (ConfUtils.java:logGet(43)) - raft.server.log.appender.install.snapshot.enabled = false (custom)
2019-08-30 15:05:27,008 [pool-47-thread-1] INFO  impl.RaftServerImpl (ServerState.java:<init>(105)) - 56fefae5-2763-4634-a764-1d1f5af899ed:group-16EF65C516E1 ConfigurationManager, init=-1: [56fefae5-2763-4634-a764-1d1f5af899ed:192.168.5.134:43177], old=null, confs=<EMPTY_MAP>
2019-08-30 15:05:27,008 [pool-47-thread-1] INFO  server.RaftServerConfigKeys (ConfUtils.java:logGet(43)) - raft.server.storage.dir = [/workdir/hadoop-ozone/integration-test/target/test-dir/MiniOzoneClusterImpl-c9bf924e-a99a-40de-a7b2-d35176791736/datanode-2/data/ratis] (custom)
2019-08-30 15:05:27,008 [pool-47-thread-1] INFO  storage.RaftStorageDirectory (RaftStorageDirectory.java:analyzeStorage(246)) - The storage directory /workdir/hadoop-ozone/integration-test/target/test-dir/MiniOzoneClusterImpl-c9bf924e-a99a-40de-a7b2-d35176791736/datanode-2/data/ratis/6a651f50-fa7a-4ad3-95be-16ef65c516e1 does not exist. Creating ...
2019-08-30 15:05:27,021 [pool-47-thread-1] INFO  storage.RaftStorageDirectory (RaftStorageDirectory.java:tryLock(328)) - Lock on /workdir/hadoop-ozone/integration-test/target/test-dir/MiniOzoneClusterImpl-c9bf924e-a99a-40de-a7b2-d35176791736/datanode-2/data/ratis/6a651f50-fa7a-4ad3-95be-16ef65c516e1/in_use.lock acquired by nodename 28912@pr-hdds-2060-hng4s-2675214545
2019-08-30 15:05:27,035 [pool-47-thread-1] INFO  storage.RaftStorage (RaftStorage.java:format(72)) - Storage directory /workdir/hadoop-ozone/integration-test/target/test-dir/MiniOzoneClusterImpl-c9bf924e-a99a-40de-a7b2-d35176791736/datanode-2/data/ratis/6a651f50-fa7a-4ad3-95be-16ef65c516e1 has been successfully formatted.
2019-08-30 15:05:27,035 [pool-47-thread-1] INFO  ratis.ContainerStateMachine (ContainerStateMachine.java:loadSnapshot(227)) - group-16EF65C516E1: The snapshot info is null. Setting the last applied indexto:(t:0, i:~)
2019-08-30 15:05:27,035 [pool-47-thread-1] INFO  server.RaftServerConfigKeys (ConfUtils.java:logGet(43)) - raft.server.leader.election.timeout = 120s (custom)
2019-08-30 15:05:27,036 [pool-47-thread-1] INFO  server.RaftServerConfigKeys (ConfUtils.java:logGet(43)) - raft.server.log.use.memory = false (default)
2019-08-30 15:05:27,036 [pool-47-thread-1] INFO  server.RaftServerConfigKeys (ConfUtils.java:logGet(43)) - raft.server.log.purge.gap = 1000000 (custom)
2019-08-30 15:05:27,036 [pool-47-thread-1] INFO  server.RaftServerConfigKeys (ConfUtils.java:logGet(43)) - raft.server.log.appender.buffer.byte-limit = 33554432 (custom)
2019-08-30 15:05:27,036 [pool-47-thread-1] INFO  server.RaftServerConfigKeys (ConfUtils.java:logGet(43)) - raft.server.log.segment.size.max = 1048576 (custom)
2019-08-30 15:05:27,036 [pool-47-thread-1] INFO  server.RaftServerConfigKeys (ConfUtils.java:logGet(43)) - raft.server.log.segment.cache.num.max = 2 (custom)
2019-08-30 15:05:27,036 [pool-47-thread-1] INFO  segmented.SegmentedRaftLogWorker (SegmentedRaftLogWorker.java:<init>(172)) - new 56fefae5-2763-4634-a764-1d1f5af899ed-SegmentedRaftLogWorker:Storage Directory /workdir/hadoop-ozone/integration-test/target/test-dir/MiniOzoneClusterImpl-c9bf924e-a99a-40de-a7b2-d35176791736/datanode-2/data/ratis/6a651f50-fa7a-4ad3-95be-16ef65c516e1 for RaftStorage:Storage Directory /workdir/hadoop-ozone/integration-test/target/test-dir/MiniOzoneClusterImpl-c9bf924e-a99a-40de-a7b2-d35176791736/datanode-2/data/ratis/6a651f50-fa7a-4ad3-95be-16ef65c516e1
2019-08-30 15:05:27,037 [pool-47-thread-1] INFO  server.RaftServerConfigKeys (ConfUtils.java:logGet(43)) - raft.server.log.queue.byte-limit = 2147483647 (custom)
2019-08-30 15:05:27,037 [pool-47-thread-1] INFO  server.RaftServerConfigKeys (ConfUtils.java:logGet(43)) - raft.server.log.queue.element-limit = 1024 (custom)
2019-08-30 15:05:27,037 [pool-47-thread-1] INFO  server.RaftServerConfigKeys (ConfUtils.java:logGet(43)) - raft.server.log.segment.size.max = 1048576 (custom)
2019-08-30 15:05:27,037 [pool-47-thread-1] INFO  server.RaftServerConfigKeys (ConfUtils.java:logGet(43)) - raft.server.log.preallocated.size = 16384 (custom)
2019-08-30 15:05:27,037 [pool-47-thread-1] INFO  server.RaftServerConfigKeys (ConfUtils.java:logGet(43)) - raft.server.log.write.buffer.size = 33554432 (custom)
2019-08-30 15:05:27,038 [pool-47-thread-1] INFO  server.RaftServerConfigKeys (ConfUtils.java:logGet(43)) - raft.server.log.force.sync.num = 128 (default)
2019-08-30 15:05:27,038 [pool-47-thread-1] INFO  server.RaftServerConfigKeys (ConfUtils.java:logGet(43)) - raft.server.log.statemachine.data.sync = true (default)
2019-08-30 15:05:27,038 [pool-47-thread-1] INFO  server.RaftServerConfigKeys (ConfUtils.java:logGet(43)) - raft.server.log.statemachine.data.sync.timeout = 10s (default)
2019-08-30 15:05:27,038 [pool-47-thread-1] INFO  server.RaftServerConfigKeys (ConfUtils.java:logGet(43)) - raft.server.log.statemachine.data.sync.timeout.retry = -1 (default)
2019-08-30 15:05:27,038 [pool-47-thread-1] INFO  server.RaftServerConfigKeys (ConfUtils.java:logGet(43)) - raft.server.log.statemachine.data.caching.enabled = true (custom)
2019-08-30 15:05:27,039 [pool-47-thread-1] INFO  segmented.SegmentedRaftLogWorker (SegmentedRaftLogWorker.java:lambda$new$0(132)) - 56fefae5-2763-4634-a764-1d1f5af899ed-SegmentedRaftLogWorker:Storage Directory /workdir/hadoop-ozone/integration-test/target/test-dir/MiniOzoneClusterImpl-c9bf924e-a99a-40de-a7b2-d35176791736/datanode-2/data/ratis/6a651f50-fa7a-4ad3-95be-16ef65c516e1: flushIndex: setUnconditionally 0 -> -1
2019-08-30 15:05:27,039 [pool-47-thread-1] INFO  server.RaftServerConfigKeys (ConfUtils.java:logGet(43)) - raft.server.snapshot.auto.trigger.enabled = true (custom)
2019-08-30 15:05:27,039 [pool-47-thread-1] INFO  server.RaftServerConfigKeys (ConfUtils.java:logGet(43)) - raft.server.snapshot.auto.trigger.threshold = 10000 (custom)
2019-08-30 15:05:27,040 [pool-47-thread-1] INFO  server.RaftServerConfigKeys (ConfUtils.java:logGet(43)) - raft.server.retrycache.expirytime = 600000ms (custom)
2019-08-30 15:05:27,040 [pool-47-thread-1] INFO  impl.RaftServerImpl (RaftServerImpl.java:start(180)) - 56fefae5-2763-4634-a764-1d1f5af899ed: start group-16EF65C516E1
2019-08-30 15:05:27,040 [pool-47-thread-1] INFO  impl.RaftServerImpl (RaftServerImpl.java:setRole(171)) - 56fefae5-2763-4634-a764-1d1f5af899ed:group-16EF65C516E1 changes role from null to FOLLOWER at term 0 for startAsFollower
2019-08-30 15:05:27,040 [pool-47-thread-1] INFO  impl.RoleInfo (RoleInfo.java:updateAndGet(143)) - 56fefae5-2763-4634-a764-1d1f5af899ed: start FollowerState
2019-08-30 15:05:27,041 [pool-47-thread-1] INFO  util.JmxRegister (JmxRegister.java:tryRegister(44)) - Successfully registered JMX Bean with object name Ratis:service=RaftServer,group=group-16EF65C516E1,id=56fefae5-2763-4634-a764-1d1f5af899ed
2019-08-30 15:05:27,053 [RatisPipelineUtilsThread] INFO  pipeline.PipelineStateManager (PipelineStateManager.java:addPipeline(56)) - Created pipeline Pipeline[ Id: 6a651f50-fa7a-4ad3-95be-16ef65c516e1, Nodes: 56fefae5-2763-4634-a764-1d1f5af899ed{ip: 192.168.5.134, host: pr-hdds-2060-hng4s-2675214545, networkLocation: /default-rack, certSerialId: null}, Type:RATIS, Factor:ONE, State:OPEN]
2019-08-30 15:05:27,074 [grpc-default-executor-0] INFO  impl.RaftServerProxy (RaftServerProxy.java:addNew(89)) - ff806b18-47a3-461f-8103-ac239ab05d36: addNew group-DB6CC64C0E52:[ff806b18-47a3-461f-8103-ac239ab05d36:192.168.5.134:46182] returns group-DB6CC64C0E52:java.util.concurrent.CompletableFuture@7d813b90[Not completed]
2019-08-30 15:05:27,078 [pool-77-thread-1] INFO  impl.RaftServerImpl (RaftServerImpl.java:<init>(93)) - ff806b18-47a3-461f-8103-ac239ab05d36: new RaftServerImpl for group-DB6CC64C0E52:[ff806b18-47a3-461f-8103-ac239ab05d36:192.168.5.134:46182] with ContainerStateMachine:uninitialized
2019-08-30 15:05:27,078 [pool-77-thread-1] INFO  server.RaftServerConfigKeys (ConfUtils.java:logGet(43)) - raft.server.rpc.timeout.min = 5s (custom)
2019-08-30 15:05:27,078 [pool-77-thread-1] INFO  server.RaftServerConfigKeys (ConfUtils.java:logGet(43)) - raft.server.rpc.timeout.max = 5200ms (custom)
2019-08-30 15:05:27,078 [pool-77-thread-1] INFO  server.RaftServerConfigKeys (ConfUtils.java:logGet(43)) - raft.server.rpcslowness.timeout = 120s (custom)
2019-08-30 15:05:27,078 [pool-77-thread-1] INFO  server.RaftServerConfigKeys (ConfUtils.java:logGet(43)) - raft.server.sleep.deviation.threshold = 300 (default)
2019-08-30 15:05:27,078 [pool-77-thread-1] INFO  server.RaftServerConfigKeys (ConfUtils.java:logGet(43)) - raft.server.log.appender.install.snapshot.enabled = false (custom)
2019-08-30 15:05:27,079 [pool-77-thread-1] INFO  impl.RaftServerImpl (ServerState.java:<init>(105)) - ff806b18-47a3-461f-8103-ac239ab05d36:group-DB6CC64C0E52 ConfigurationManager, init=-1: [ff806b18-47a3-461f-8103-ac239ab05d36:192.168.5.134:46182], old=null, confs=<EMPTY_MAP>
2019-08-30 15:05:27,079 [pool-77-thread-1] INFO  server.RaftServerConfigKeys (ConfUtils.java:logGet(43)) - raft.server.storage.dir = [/workdir/hadoop-ozone/integration-test/target/test-dir/MiniOzoneClusterImpl-c9bf924e-a99a-40de-a7b2-d35176791736/datanode-5/data/ratis] (custom)
2019-08-30 15:05:27,079 [pool-77-thread-1] INFO  storage.RaftStorageDirectory (RaftStorageDirectory.java:analyzeStorage(246)) - The storage directory /workdir/hadoop-ozone/integration-test/target/test-dir/MiniOzoneClusterImpl-c9bf924e-a99a-40de-a7b2-d35176791736/datanode-5/data/ratis/10f32669-e680-4197-925f-db6cc64c0e52 does not exist. Creating ...
2019-08-30 15:05:27,092 [pool-77-thread-1] INFO  storage.RaftStorageDirectory (RaftStorageDirectory.java:tryLock(328)) - Lock on /workdir/hadoop-ozone/integration-test/target/test-dir/MiniOzoneClusterImpl-c9bf924e-a99a-40de-a7b2-d35176791736/datanode-5/data/ratis/10f32669-e680-4197-925f-db6cc64c0e52/in_use.lock acquired by nodename 28912@pr-hdds-2060-hng4s-2675214545
2019-08-30 15:05:27,104 [pool-77-thread-1] INFO  storage.RaftStorage (RaftStorage.java:format(72)) - Storage directory /workdir/hadoop-ozone/integration-test/target/test-dir/MiniOzoneClusterImpl-c9bf924e-a99a-40de-a7b2-d35176791736/datanode-5/data/ratis/10f32669-e680-4197-925f-db6cc64c0e52 has been successfully formatted.
2019-08-30 15:05:27,105 [pool-77-thread-1] INFO  ratis.ContainerStateMachine (ContainerStateMachine.java:loadSnapshot(227)) - group-DB6CC64C0E52: The snapshot info is null. Setting the last applied indexto:(t:0, i:~)
2019-08-30 15:05:27,105 [pool-77-thread-1] INFO  server.RaftServerConfigKeys (ConfUtils.java:logGet(43)) - raft.server.leader.election.timeout = 120s (custom)
2019-08-30 15:05:27,105 [pool-77-thread-1] INFO  server.RaftServerConfigKeys (ConfUtils.java:logGet(43)) - raft.server.log.use.memory = false (default)
2019-08-30 15:05:27,105 [pool-77-thread-1] INFO  server.RaftServerConfigKeys (ConfUtils.java:logGet(43)) - raft.server.log.purge.gap = 1000000 (custom)
2019-08-30 15:05:27,105 [pool-77-thread-1] INFO  server.RaftServerConfigKeys (ConfUtils.java:logGet(43)) - raft.server.log.appender.buffer.byte-limit = 33554432 (custom)
2019-08-30 15:05:27,105 [pool-77-thread-1] INFO  server.RaftServerConfigKeys (ConfUtils.java:logGet(43)) - raft.server.log.segment.size.max = 1048576 (custom)
2019-08-30 15:05:27,106 [pool-77-thread-1] INFO  server.RaftServerConfigKeys (ConfUtils.java:logGet(43)) - raft.server.log.segment.cache.num.max = 2 (custom)
2019-08-30 15:05:27,106 [pool-77-thread-1] INFO  segmented.SegmentedRaftLogWorker (SegmentedRaftLogWorker.java:<init>(172)) - new ff806b18-47a3-461f-8103-ac239ab05d36-SegmentedRaftLogWorker:Storage Directory /workdir/hadoop-ozone/integration-test/target/test-dir/MiniOzoneClusterImpl-c9bf924e-a99a-40de-a7b2-d35176791736/datanode-5/data/ratis/10f32669-e680-4197-925f-db6cc64c0e52 for RaftStorage:Storage Directory /workdir/hadoop-ozone/integration-test/target/test-dir/MiniOzoneClusterImpl-c9bf924e-a99a-40de-a7b2-d35176791736/datanode-5/data/ratis/10f32669-e680-4197-925f-db6cc64c0e52
2019-08-30 15:05:27,106 [pool-77-thread-1] INFO  server.RaftServerConfigKeys (ConfUtils.java:logGet(43)) - raft.server.log.queue.byte-limit = 2147483647 (custom)
2019-08-30 15:05:27,106 [pool-77-thread-1] INFO  server.RaftServerConfigKeys (ConfUtils.java:logGet(43)) - raft.server.log.queue.element-limit = 1024 (custom)
2019-08-30 15:05:27,106 [pool-77-thread-1] INFO  server.RaftServerConfigKeys (ConfUtils.java:logGet(43)) - raft.server.log.segment.size.max = 1048576 (custom)
2019-08-30 15:05:27,107 [pool-77-thread-1] INFO  server.RaftServerConfigKeys (ConfUtils.java:logGet(43)) - raft.server.log.preallocated.size = 16384 (custom)
2019-08-30 15:05:27,107 [pool-77-thread-1] INFO  server.RaftServerConfigKeys (ConfUtils.java:logGet(43)) - raft.server.log.write.buffer.size = 33554432 (custom)
2019-08-30 15:05:27,107 [pool-77-thread-1] INFO  server.RaftServerConfigKeys (ConfUtils.java:logGet(43)) - raft.server.log.force.sync.num = 128 (default)
2019-08-30 15:05:27,107 [pool-77-thread-1] INFO  server.RaftServerConfigKeys (ConfUtils.java:logGet(43)) - raft.server.log.statemachine.data.sync = true (default)
2019-08-30 15:05:27,107 [pool-77-thread-1] INFO  server.RaftServerConfigKeys (ConfUtils.java:logGet(43)) - raft.server.log.statemachine.data.sync.timeout = 10s (default)
2019-08-30 15:05:27,107 [pool-77-thread-1] INFO  server.RaftServerConfigKeys (ConfUtils.java:logGet(43)) - raft.server.log.statemachine.data.sync.timeout.retry = -1 (default)
2019-08-30 15:05:27,107 [pool-77-thread-1] INFO  server.RaftServerConfigKeys (ConfUtils.java:logGet(43)) - raft.server.log.statemachine.data.caching.enabled = true (custom)
2019-08-30 15:05:27,108 [pool-77-thread-1] INFO  segmented.SegmentedRaftLogWorker (SegmentedRaftLogWorker.java:lambda$new$0(132)) - ff806b18-47a3-461f-8103-ac239ab05d36-SegmentedRaftLogWorker:Storage Directory /workdir/hadoop-ozone/integration-test/target/test-dir/MiniOzoneClusterImpl-c9bf924e-a99a-40de-a7b2-d35176791736/datanode-5/data/ratis/10f32669-e680-4197-925f-db6cc64c0e52: flushIndex: setUnconditionally 0 -> -1
2019-08-30 15:05:27,108 [pool-77-thread-1] INFO  server.RaftServerConfigKeys (ConfUtils.java:logGet(43)) - raft.server.snapshot.auto.trigger.enabled = true (custom)
2019-08-30 15:05:27,108 [pool-77-thread-1] INFO  server.RaftServerConfigKeys (ConfUtils.java:logGet(43)) - raft.server.snapshot.auto.trigger.threshold = 10000 (custom)
2019-08-30 15:05:27,108 [pool-77-thread-1] INFO  server.RaftServerConfigKeys (ConfUtils.java:logGet(43)) - raft.server.retrycache.expirytime = 600000ms (custom)
2019-08-30 15:05:27,109 [pool-77-thread-1] INFO  impl.RaftServerImpl (RaftServerImpl.java:start(180)) - ff806b18-47a3-461f-8103-ac239ab05d36: start group-DB6CC64C0E52
2019-08-30 15:05:27,109 [pool-77-thread-1] INFO  impl.RaftServerImpl (RaftServerImpl.java:setRole(171)) - ff806b18-47a3-461f-8103-ac239ab05d36:group-DB6CC64C0E52 changes role from null to FOLLOWER at term 0 for startAsFollower
2019-08-30 15:05:27,109 [pool-77-thread-1] INFO  impl.RoleInfo (RoleInfo.java:updateAndGet(143)) - ff806b18-47a3-461f-8103-ac239ab05d36: start FollowerState
2019-08-30 15:05:27,109 [pool-77-thread-1] INFO  util.JmxRegister (JmxRegister.java:tryRegister(44)) - Successfully registered JMX Bean with object name Ratis:service=RaftServer,group=group-DB6CC64C0E52,id=ff806b18-47a3-461f-8103-ac239ab05d36
2019-08-30 15:05:27,124 [RatisPipelineUtilsThread] INFO  pipeline.PipelineStateManager (PipelineStateManager.java:addPipeline(56)) - Created pipeline Pipeline[ Id: 10f32669-e680-4197-925f-db6cc64c0e52, Nodes: ff806b18-47a3-461f-8103-ac239ab05d36{ip: 192.168.5.134, host: pr-hdds-2060-hng4s-2675214545, networkLocation: /default-rack, certSerialId: null}, Type:RATIS, Factor:ONE, State:OPEN]
2019-08-30 15:05:27,160 [grpc-default-executor-0] INFO  impl.RaftServerProxy (RaftServerProxy.java:addNew(89)) - fc5bbe82-8490-41a4-97d8-e34a13b8703c: addNew group-DA503CB5D8C4:[fc5bbe82-8490-41a4-97d8-e34a13b8703c:192.168.5.134:35726] returns group-DA503CB5D8C4:java.util.concurrent.CompletableFuture@47e1162f[Not completed]
2019-08-30 15:05:27,166 [pool-87-thread-1] INFO  impl.RaftServerImpl (RaftServerImpl.java:<init>(93)) - fc5bbe82-8490-41a4-97d8-e34a13b8703c: new RaftServerImpl for group-DA503CB5D8C4:[fc5bbe82-8490-41a4-97d8-e34a13b8703c:192.168.5.134:35726] with ContainerStateMachine:uninitialized
2019-08-30 15:05:27,166 [pool-87-thread-1] INFO  server.RaftServerConfigKeys (ConfUtils.java:logGet(43)) - raft.server.rpc.timeout.min = 5s (custom)
2019-08-30 15:05:27,166 [pool-87-thread-1] INFO  server.RaftServerConfigKeys (ConfUtils.java:logGet(43)) - raft.server.rpc.timeout.max = 5200ms (custom)
2019-08-30 15:05:27,166 [pool-87-thread-1] INFO  server.RaftServerConfigKeys (ConfUtils.java:logGet(43)) - raft.server.rpcslowness.timeout = 120s (custom)
2019-08-30 15:05:27,167 [pool-87-thread-1] INFO  server.RaftServerConfigKeys (ConfUtils.java:logGet(43)) - raft.server.sleep.deviation.threshold = 300 (default)
2019-08-30 15:05:27,167 [pool-87-thread-1] INFO  server.RaftServerConfigKeys (ConfUtils.java:logGet(43)) - raft.server.log.appender.install.snapshot.enabled = false (custom)
2019-08-30 15:05:27,167 [pool-87-thread-1] INFO  impl.RaftServerImpl (ServerState.java:<init>(105)) - fc5bbe82-8490-41a4-97d8-e34a13b8703c:group-DA503CB5D8C4 ConfigurationManager, init=-1: [fc5bbe82-8490-41a4-97d8-e34a13b8703c:192.168.5.134:35726], old=null, confs=<EMPTY_MAP>
2019-08-30 15:05:27,167 [pool-87-thread-1] INFO  server.RaftServerConfigKeys (ConfUtils.java:logGet(43)) - raft.server.storage.dir = [/workdir/hadoop-ozone/integration-test/target/test-dir/MiniOzoneClusterImpl-c9bf924e-a99a-40de-a7b2-d35176791736/datanode-6/data/ratis] (custom)
2019-08-30 15:05:27,168 [pool-87-thread-1] INFO  storage.RaftStorageDirectory (RaftStorageDirectory.java:analyzeStorage(246)) - The storage directory /workdir/hadoop-ozone/integration-test/target/test-dir/MiniOzoneClusterImpl-c9bf924e-a99a-40de-a7b2-d35176791736/datanode-6/data/ratis/1131875d-a259-46e4-9a12-da503cb5d8c4 does not exist. Creating ...
2019-08-30 15:05:27,181 [pool-87-thread-1] INFO  storage.RaftStorageDirectory (RaftStorageDirectory.java:tryLock(328)) - Lock on /workdir/hadoop-ozone/integration-test/target/test-dir/MiniOzoneClusterImpl-c9bf924e-a99a-40de-a7b2-d35176791736/datanode-6/data/ratis/1131875d-a259-46e4-9a12-da503cb5d8c4/in_use.lock acquired by nodename 28912@pr-hdds-2060-hng4s-2675214545
2019-08-30 15:05:27,194 [pool-87-thread-1] INFO  storage.RaftStorage (RaftStorage.java:format(72)) - Storage directory /workdir/hadoop-ozone/integration-test/target/test-dir/MiniOzoneClusterImpl-c9bf924e-a99a-40de-a7b2-d35176791736/datanode-6/data/ratis/1131875d-a259-46e4-9a12-da503cb5d8c4 has been successfully formatted.
2019-08-30 15:05:27,194 [pool-87-thread-1] INFO  ratis.ContainerStateMachine (ContainerStateMachine.java:loadSnapshot(227)) - group-DA503CB5D8C4: The snapshot info is null. Setting the last applied indexto:(t:0, i:~)
2019-08-30 15:05:27,195 [pool-87-thread-1] INFO  server.RaftServerConfigKeys (ConfUtils.java:logGet(43)) - raft.server.leader.election.timeout = 120s (custom)
2019-08-30 15:05:27,195 [pool-87-thread-1] INFO  server.RaftServerConfigKeys (ConfUtils.java:logGet(43)) - raft.server.log.use.memory = false (default)
2019-08-30 15:05:27,195 [pool-87-thread-1] INFO  server.RaftServerConfigKeys (ConfUtils.java:logGet(43)) - raft.server.log.purge.gap = 1000000 (custom)
2019-08-30 15:05:27,195 [pool-87-thread-1] INFO  server.RaftServerConfigKeys (ConfUtils.java:logGet(43)) - raft.server.log.appender.buffer.byte-limit = 33554432 (custom)
2019-08-30 15:05:27,195 [pool-87-thread-1] INFO  server.RaftServerConfigKeys (ConfUtils.java:logGet(43)) - raft.server.log.segment.size.max = 1048576 (custom)
2019-08-30 15:05:27,195 [pool-87-thread-1] INFO  server.RaftServerConfigKeys (ConfUtils.java:logGet(43)) - raft.server.log.segment.cache.num.max = 2 (custom)
2019-08-30 15:05:27,196 [pool-87-thread-1] INFO  segmented.SegmentedRaftLogWorker (SegmentedRaftLogWorker.java:<init>(172)) - new fc5bbe82-8490-41a4-97d8-e34a13b8703c-SegmentedRaftLogWorker:Storage Directory /workdir/hadoop-ozone/integration-test/target/test-dir/MiniOzoneClusterImpl-c9bf924e-a99a-40de-a7b2-d35176791736/datanode-6/data/ratis/1131875d-a259-46e4-9a12-da503cb5d8c4 for RaftStorage:Storage Directory /workdir/hadoop-ozone/integration-test/target/test-dir/MiniOzoneClusterImpl-c9bf924e-a99a-40de-a7b2-d35176791736/datanode-6/data/ratis/1131875d-a259-46e4-9a12-da503cb5d8c4
2019-08-30 15:05:27,196 [pool-87-thread-1] INFO  server.RaftServerConfigKeys (ConfUtils.java:logGet(43)) - raft.server.log.queue.byte-limit = 2147483647 (custom)
2019-08-30 15:05:27,196 [pool-87-thread-1] INFO  server.RaftServerConfigKeys (ConfUtils.java:logGet(43)) - raft.server.log.queue.element-limit = 1024 (custom)
2019-08-30 15:05:27,196 [pool-87-thread-1] INFO  server.RaftServerConfigKeys (ConfUtils.java:logGet(43)) - raft.server.log.segment.size.max = 1048576 (custom)
2019-08-30 15:05:27,197 [pool-87-thread-1] INFO  server.RaftServerConfigKeys (ConfUtils.java:logGet(43)) - raft.server.log.preallocated.size = 16384 (custom)
2019-08-30 15:05:27,197 [pool-87-thread-1] INFO  server.RaftServerConfigKeys (ConfUtils.java:logGet(43)) - raft.server.log.write.buffer.size = 33554432 (custom)
2019-08-30 15:05:27,197 [pool-87-thread-1] INFO  server.RaftServerConfigKeys (ConfUtils.java:logGet(43)) - raft.server.log.force.sync.num = 128 (default)
2019-08-30 15:05:27,197 [pool-87-thread-1] INFO  server.RaftServerConfigKeys (ConfUtils.java:logGet(43)) - raft.server.log.statemachine.data.sync = true (default)
2019-08-30 15:05:27,197 [pool-87-thread-1] INFO  server.RaftServerConfigKeys (ConfUtils.java:logGet(43)) - raft.server.log.statemachine.data.sync.timeout = 10s (default)
2019-08-30 15:05:27,197 [pool-87-thread-1] INFO  server.RaftServerConfigKeys (ConfUtils.java:logGet(43)) - raft.server.log.statemachine.data.sync.timeout.retry = -1 (default)
2019-08-30 15:05:27,198 [pool-87-thread-1] INFO  server.RaftServerConfigKeys (ConfUtils.java:logGet(43)) - raft.server.log.statemachine.data.caching.enabled = true (custom)
2019-08-30 15:05:27,198 [pool-87-thread-1] INFO  segmented.SegmentedRaftLogWorker (SegmentedRaftLogWorker.java:lambda$new$0(132)) - fc5bbe82-8490-41a4-97d8-e34a13b8703c-SegmentedRaftLogWorker:Storage Directory /workdir/hadoop-ozone/integration-test/target/test-dir/MiniOzoneClusterImpl-c9bf924e-a99a-40de-a7b2-d35176791736/datanode-6/data/ratis/1131875d-a259-46e4-9a12-da503cb5d8c4: flushIndex: setUnconditionally 0 -> -1
2019-08-30 15:05:27,199 [pool-87-thread-1] INFO  server.RaftServerConfigKeys (ConfUtils.java:logGet(43)) - raft.server.snapshot.auto.trigger.enabled = true (custom)
2019-08-30 15:05:27,199 [pool-87-thread-1] INFO  server.RaftServerConfigKeys (ConfUtils.java:logGet(43)) - raft.server.snapshot.auto.trigger.threshold = 10000 (custom)
2019-08-30 15:05:27,199 [pool-87-thread-1] INFO  server.RaftServerConfigKeys (ConfUtils.java:logGet(43)) - raft.server.retrycache.expirytime = 600000ms (custom)
2019-08-30 15:05:27,199 [pool-87-thread-1] INFO  impl.RaftServerImpl (RaftServerImpl.java:start(180)) - fc5bbe82-8490-41a4-97d8-e34a13b8703c: start group-DA503CB5D8C4
2019-08-30 15:05:27,199 [pool-87-thread-1] INFO  impl.RaftServerImpl (RaftServerImpl.java:setRole(171)) - fc5bbe82-8490-41a4-97d8-e34a13b8703c:group-DA503CB5D8C4 changes role from null to FOLLOWER at term 0 for startAsFollower
2019-08-30 15:05:27,200 [pool-87-thread-1] INFO  impl.RoleInfo (RoleInfo.java:updateAndGet(143)) - fc5bbe82-8490-41a4-97d8-e34a13b8703c: start FollowerState
2019-08-30 15:05:27,200 [pool-87-thread-1] INFO  util.JmxRegister (JmxRegister.java:tryRegister(44)) - Successfully registered JMX Bean with object name Ratis:service=RaftServer,group=group-DA503CB5D8C4,id=fc5bbe82-8490-41a4-97d8-e34a13b8703c
2019-08-30 15:05:27,211 [RatisPipelineUtilsThread] INFO  pipeline.PipelineStateManager (PipelineStateManager.java:addPipeline(56)) - Created pipeline Pipeline[ Id: 1131875d-a259-46e4-9a12-da503cb5d8c4, Nodes: fc5bbe82-8490-41a4-97d8-e34a13b8703c{ip: 192.168.5.134, host: pr-hdds-2060-hng4s-2675214545, networkLocation: /default-rack, certSerialId: null}, Type:RATIS, Factor:ONE, State:OPEN]
2019-08-30 15:05:27,231 [grpc-default-executor-0] INFO  impl.RaftServerProxy (RaftServerProxy.java:addNew(89)) - a7864295-ee65-4810-9484-3806f14c48e5: addNew group-EE366D48229A:[a7864295-ee65-4810-9484-3806f14c48e5:192.168.5.134:35097] returns group-EE366D48229A:java.util.concurrent.CompletableFuture@7f961889[Not completed]
2019-08-30 15:05:27,234 [pool-37-thread-1] INFO  impl.RaftServerImpl (RaftServerImpl.java:<init>(93)) - a7864295-ee65-4810-9484-3806f14c48e5: new RaftServerImpl for group-EE366D48229A:[a7864295-ee65-4810-9484-3806f14c48e5:192.168.5.134:35097] with ContainerStateMachine:uninitialized
2019-08-30 15:05:27,234 [pool-37-thread-1] INFO  server.RaftServerConfigKeys (ConfUtils.java:logGet(43)) - raft.server.rpc.timeout.min = 5s (custom)
2019-08-30 15:05:27,234 [pool-37-thread-1] INFO  server.RaftServerConfigKeys (ConfUtils.java:logGet(43)) - raft.server.rpc.timeout.max = 5200ms (custom)
2019-08-30 15:05:27,235 [pool-37-thread-1] INFO  server.RaftServerConfigKeys (ConfUtils.java:logGet(43)) - raft.server.rpcslowness.timeout = 120s (custom)
2019-08-30 15:05:27,235 [pool-37-thread-1] INFO  server.RaftServerConfigKeys (ConfUtils.java:logGet(43)) - raft.server.sleep.deviation.threshold = 300 (default)
2019-08-30 15:05:27,235 [pool-37-thread-1] INFO  server.RaftServerConfigKeys (ConfUtils.java:logGet(43)) - raft.server.log.appender.install.snapshot.enabled = false (custom)
2019-08-30 15:05:27,235 [pool-37-thread-1] INFO  impl.RaftServerImpl (ServerState.java:<init>(105)) - a7864295-ee65-4810-9484-3806f14c48e5:group-EE366D48229A ConfigurationManager, init=-1: [a7864295-ee65-4810-9484-3806f14c48e5:192.168.5.134:35097], old=null, confs=<EMPTY_MAP>
2019-08-30 15:05:27,235 [pool-37-thread-1] INFO  server.RaftServerConfigKeys (ConfUtils.java:logGet(43)) - raft.server.storage.dir = [/workdir/hadoop-ozone/integration-test/target/test-dir/MiniOzoneClusterImpl-c9bf924e-a99a-40de-a7b2-d35176791736/datanode-1/data/ratis] (custom)
2019-08-30 15:05:27,236 [pool-37-thread-1] INFO  storage.RaftStorageDirectory (RaftStorageDirectory.java:analyzeStorage(246)) - The storage directory /workdir/hadoop-ozone/integration-test/target/test-dir/MiniOzoneClusterImpl-c9bf924e-a99a-40de-a7b2-d35176791736/datanode-1/data/ratis/5dfd21fd-de84-4690-bf06-ee366d48229a does not exist. Creating ...
2019-08-30 15:05:27,248 [pool-37-thread-1] INFO  storage.RaftStorageDirectory (RaftStorageDirectory.java:tryLock(328)) - Lock on /workdir/hadoop-ozone/integration-test/target/test-dir/MiniOzoneClusterImpl-c9bf924e-a99a-40de-a7b2-d35176791736/datanode-1/data/ratis/5dfd21fd-de84-4690-bf06-ee366d48229a/in_use.lock acquired by nodename 28912@pr-hdds-2060-hng4s-2675214545
2019-08-30 15:05:27,262 [pool-37-thread-1] INFO  storage.RaftStorage (RaftStorage.java:format(72)) - Storage directory /workdir/hadoop-ozone/integration-test/target/test-dir/MiniOzoneClusterImpl-c9bf924e-a99a-40de-a7b2-d35176791736/datanode-1/data/ratis/5dfd21fd-de84-4690-bf06-ee366d48229a has been successfully formatted.
2019-08-30 15:05:27,262 [pool-37-thread-1] INFO  ratis.ContainerStateMachine (ContainerStateMachine.java:loadSnapshot(227)) - group-EE366D48229A: The snapshot info is null. Setting the last applied indexto:(t:0, i:~)
2019-08-30 15:05:27,262 [pool-37-thread-1] INFO  server.RaftServerConfigKeys (ConfUtils.java:logGet(43)) - raft.server.leader.election.timeout = 120s (custom)
2019-08-30 15:05:27,263 [pool-37-thread-1] INFO  server.RaftServerConfigKeys (ConfUtils.java:logGet(43)) - raft.server.log.use.memory = false (default)
2019-08-30 15:05:27,263 [pool-37-thread-1] INFO  server.RaftServerConfigKeys (ConfUtils.java:logGet(43)) - raft.server.log.purge.gap = 1000000 (custom)
2019-08-30 15:05:27,263 [pool-37-thread-1] INFO  server.RaftServerConfigKeys (ConfUtils.java:logGet(43)) - raft.server.log.appender.buffer.byte-limit = 33554432 (custom)
2019-08-30 15:05:27,263 [pool-37-thread-1] INFO  server.RaftServerConfigKeys (ConfUtils.java:logGet(43)) - raft.server.log.segment.size.max = 1048576 (custom)
2019-08-30 15:05:27,263 [pool-37-thread-1] INFO  server.RaftServerConfigKeys (ConfUtils.java:logGet(43)) - raft.server.log.segment.cache.num.max = 2 (custom)
2019-08-30 15:05:27,264 [pool-37-thread-1] INFO  segmented.SegmentedRaftLogWorker (SegmentedRaftLogWorker.java:<init>(172)) - new a7864295-ee65-4810-9484-3806f14c48e5-SegmentedRaftLogWorker:Storage Directory /workdir/hadoop-ozone/integration-test/target/test-dir/MiniOzoneClusterImpl-c9bf924e-a99a-40de-a7b2-d35176791736/datanode-1/data/ratis/5dfd21fd-de84-4690-bf06-ee366d48229a for RaftStorage:Storage Directory /workdir/hadoop-ozone/integration-test/target/test-dir/MiniOzoneClusterImpl-c9bf924e-a99a-40de-a7b2-d35176791736/datanode-1/data/ratis/5dfd21fd-de84-4690-bf06-ee366d48229a
2019-08-30 15:05:27,264 [pool-37-thread-1] INFO  server.RaftServerConfigKeys (ConfUtils.java:logGet(43)) - raft.server.log.queue.byte-limit = 2147483647 (custom)
2019-08-30 15:05:27,264 [pool-37-thread-1] INFO  server.RaftServerConfigKeys (ConfUtils.java:logGet(43)) - raft.server.log.queue.element-limit = 1024 (custom)
2019-08-30 15:05:27,264 [pool-37-thread-1] INFO  server.RaftServerConfigKeys (ConfUtils.java:logGet(43)) - raft.server.log.segment.size.max = 1048576 (custom)
2019-08-30 15:05:27,265 [pool-37-thread-1] INFO  server.RaftServerConfigKeys (ConfUtils.java:logGet(43)) - raft.server.log.preallocated.size = 16384 (custom)
2019-08-30 15:05:27,265 [pool-37-thread-1] INFO  server.RaftServerConfigKeys (ConfUtils.java:logGet(43)) - raft.server.log.write.buffer.size = 33554432 (custom)
2019-08-30 15:05:27,265 [pool-37-thread-1] INFO  server.RaftServerConfigKeys (ConfUtils.java:logGet(43)) - raft.server.log.force.sync.num = 128 (default)
2019-08-30 15:05:27,265 [pool-37-thread-1] INFO  server.RaftServerConfigKeys (ConfUtils.java:logGet(43)) - raft.server.log.statemachine.data.sync = true (default)
2019-08-30 15:05:27,265 [pool-37-thread-1] INFO  server.RaftServerConfigKeys (ConfUtils.java:logGet(43)) - raft.server.log.statemachine.data.sync.timeout = 10s (default)
2019-08-30 15:05:27,266 [pool-37-thread-1] INFO  server.RaftServerConfigKeys (ConfUtils.java:logGet(43)) - raft.server.log.statemachine.data.sync.timeout.retry = -1 (default)
2019-08-30 15:05:27,266 [pool-37-thread-1] INFO  server.RaftServerConfigKeys (ConfUtils.java:logGet(43)) - raft.server.log.statemachine.data.caching.enabled = true (custom)
2019-08-30 15:05:27,266 [pool-37-thread-1] INFO  segmented.SegmentedRaftLogWorker (SegmentedRaftLogWorker.java:lambda$new$0(132)) - a7864295-ee65-4810-9484-3806f14c48e5-SegmentedRaftLogWorker:Storage Directory /workdir/hadoop-ozone/integration-test/target/test-dir/MiniOzoneClusterImpl-c9bf924e-a99a-40de-a7b2-d35176791736/datanode-1/data/ratis/5dfd21fd-de84-4690-bf06-ee366d48229a: flushIndex: setUnconditionally 0 -> -1
2019-08-30 15:05:27,267 [pool-37-thread-1] INFO  server.RaftServerConfigKeys (ConfUtils.java:logGet(43)) - raft.server.snapshot.auto.trigger.enabled = true (custom)
2019-08-30 15:05:27,267 [pool-37-thread-1] INFO  server.RaftServerConfigKeys (ConfUtils.java:logGet(43)) - raft.server.snapshot.auto.trigger.threshold = 10000 (custom)
2019-08-30 15:05:27,267 [pool-37-thread-1] INFO  server.RaftServerConfigKeys (ConfUtils.java:logGet(43)) - raft.server.retrycache.expirytime = 600000ms (custom)
2019-08-30 15:05:27,268 [pool-37-thread-1] INFO  impl.RaftServerImpl (RaftServerImpl.java:start(180)) - a7864295-ee65-4810-9484-3806f14c48e5: start group-EE366D48229A
2019-08-30 15:05:27,268 [pool-37-thread-1] INFO  impl.RaftServerImpl (RaftServerImpl.java:setRole(171)) - a7864295-ee65-4810-9484-3806f14c48e5:group-EE366D48229A changes role from null to FOLLOWER at term 0 for startAsFollower
2019-08-30 15:05:27,268 [pool-37-thread-1] INFO  impl.RoleInfo (RoleInfo.java:updateAndGet(143)) - a7864295-ee65-4810-9484-3806f14c48e5: start FollowerState
2019-08-30 15:05:27,269 [pool-37-thread-1] INFO  util.JmxRegister (JmxRegister.java:tryRegister(44)) - Successfully registered JMX Bean with object name Ratis:service=RaftServer,group=group-EE366D48229A,id=a7864295-ee65-4810-9484-3806f14c48e5
2019-08-30 15:05:27,286 [RatisPipelineUtilsThread] INFO  pipeline.PipelineStateManager (PipelineStateManager.java:addPipeline(56)) - Created pipeline Pipeline[ Id: 5dfd21fd-de84-4690-bf06-ee366d48229a, Nodes: a7864295-ee65-4810-9484-3806f14c48e5{ip: 192.168.5.134, host: pr-hdds-2060-hng4s-2675214545, networkLocation: /default-rack, certSerialId: null}, Type:RATIS, Factor:ONE, State:OPEN]
2019-08-30 15:05:27,329 [grpc-default-executor-1] INFO  impl.RaftServerProxy (RaftServerProxy.java:addNew(89)) - d5adc888-1e0a-4c25-807e-09fade1f1b41: addNew group-3164F9FC4885:[051f1e26-d98e-44a9-be86-7d4b3c80ff32:192.168.5.134:33174, d5adc888-1e0a-4c25-807e-09fade1f1b41:192.168.5.134:42948, f7e068fb-6143-4078-8f73-64e97620f45b:192.168.5.134:35790] returns group-3164F9FC4885:java.util.concurrent.CompletableFuture@125f642[Not completed]
2019-08-30 15:05:27,334 [grpc-default-executor-0] INFO  impl.RaftServerProxy (RaftServerProxy.java:addNew(89)) - f7e068fb-6143-4078-8f73-64e97620f45b: addNew group-3164F9FC4885:[051f1e26-d98e-44a9-be86-7d4b3c80ff32:192.168.5.134:33174, d5adc888-1e0a-4c25-807e-09fade1f1b41:192.168.5.134:42948, f7e068fb-6143-4078-8f73-64e97620f45b:192.168.5.134:35790] returns group-3164F9FC4885:java.util.concurrent.CompletableFuture@7eb3cb81[Not completed]
2019-08-30 15:05:27,335 [grpc-default-executor-1] INFO  impl.RaftServerProxy (RaftServerProxy.java:addNew(89)) - 051f1e26-d98e-44a9-be86-7d4b3c80ff32: addNew group-3164F9FC4885:[051f1e26-d98e-44a9-be86-7d4b3c80ff32:192.168.5.134:33174, d5adc888-1e0a-4c25-807e-09fade1f1b41:192.168.5.134:42948, f7e068fb-6143-4078-8f73-64e97620f45b:192.168.5.134:35790] returns group-3164F9FC4885:java.util.concurrent.CompletableFuture@51a72be[Not completed]
2019-08-30 15:05:27,335 [pool-57-thread-1] INFO  impl.RaftServerImpl (RaftServerImpl.java:<init>(93)) - d5adc888-1e0a-4c25-807e-09fade1f1b41: new RaftServerImpl for group-3164F9FC4885:[051f1e26-d98e-44a9-be86-7d4b3c80ff32:192.168.5.134:33174, d5adc888-1e0a-4c25-807e-09fade1f1b41:192.168.5.134:42948, f7e068fb-6143-4078-8f73-64e97620f45b:192.168.5.134:35790] with ContainerStateMachine:uninitialized
2019-08-30 15:05:27,336 [pool-57-thread-1] INFO  server.RaftServerConfigKeys (ConfUtils.java:logGet(43)) - raft.server.rpc.timeout.min = 5s (custom)
2019-08-30 15:05:27,336 [pool-57-thread-1] INFO  server.RaftServerConfigKeys (ConfUtils.java:logGet(43)) - raft.server.rpc.timeout.max = 5200ms (custom)
2019-08-30 15:05:27,336 [pool-57-thread-1] INFO  server.RaftServerConfigKeys (ConfUtils.java:logGet(43)) - raft.server.rpcslowness.timeout = 120s (custom)
2019-08-30 15:05:27,336 [pool-57-thread-1] INFO  server.RaftServerConfigKeys (ConfUtils.java:logGet(43)) - raft.server.sleep.deviation.threshold = 300 (default)
2019-08-30 15:05:27,336 [pool-57-thread-1] INFO  server.RaftServerConfigKeys (ConfUtils.java:logGet(43)) - raft.server.log.appender.install.snapshot.enabled = false (custom)
2019-08-30 15:05:27,337 [pool-67-thread-1] INFO  impl.RaftServerImpl (RaftServerImpl.java:<init>(93)) - 051f1e26-d98e-44a9-be86-7d4b3c80ff32: new RaftServerImpl for group-3164F9FC4885:[051f1e26-d98e-44a9-be86-7d4b3c80ff32:192.168.5.134:33174, d5adc888-1e0a-4c25-807e-09fade1f1b41:192.168.5.134:42948, f7e068fb-6143-4078-8f73-64e97620f45b:192.168.5.134:35790] with ContainerStateMachine:uninitialized
2019-08-30 15:05:27,337 [pool-57-thread-1] INFO  impl.RaftServerImpl (ServerState.java:<init>(105)) - d5adc888-1e0a-4c25-807e-09fade1f1b41:group-3164F9FC4885 ConfigurationManager, init=-1: [051f1e26-d98e-44a9-be86-7d4b3c80ff32:192.168.5.134:33174, d5adc888-1e0a-4c25-807e-09fade1f1b41:192.168.5.134:42948, f7e068fb-6143-4078-8f73-64e97620f45b:192.168.5.134:35790], old=null, confs=<EMPTY_MAP>
2019-08-30 15:05:27,337 [pool-67-thread-1] INFO  server.RaftServerConfigKeys (ConfUtils.java:logGet(43)) - raft.server.rpc.timeout.min = 5s (custom)
2019-08-30 15:05:27,337 [pool-57-thread-1] INFO  server.RaftServerConfigKeys (ConfUtils.java:logGet(43)) - raft.server.storage.dir = [/workdir/hadoop-ozone/integration-test/target/test-dir/MiniOzoneClusterImpl-c9bf924e-a99a-40de-a7b2-d35176791736/datanode-3/data/ratis] (custom)
2019-08-30 15:05:27,337 [pool-67-thread-1] INFO  server.RaftServerConfigKeys (ConfUtils.java:logGet(43)) - raft.server.rpc.timeout.max = 5200ms (custom)
2019-08-30 15:05:27,338 [pool-67-thread-1] INFO  server.RaftServerConfigKeys (ConfUtils.java:logGet(43)) - raft.server.rpcslowness.timeout = 120s (custom)
2019-08-30 15:05:27,338 [pool-67-thread-1] INFO  server.RaftServerConfigKeys (ConfUtils.java:logGet(43)) - raft.server.sleep.deviation.threshold = 300 (default)
2019-08-30 15:05:27,338 [pool-57-thread-1] INFO  storage.RaftStorageDirectory (RaftStorageDirectory.java:analyzeStorage(246)) - The storage directory /workdir/hadoop-ozone/integration-test/target/test-dir/MiniOzoneClusterImpl-c9bf924e-a99a-40de-a7b2-d35176791736/datanode-3/data/ratis/36aa1e05-e4ff-4a97-b793-3164f9fc4885 does not exist. Creating ...
2019-08-30 15:05:27,338 [pool-67-thread-1] INFO  server.RaftServerConfigKeys (ConfUtils.java:logGet(43)) - raft.server.log.appender.install.snapshot.enabled = false (custom)
2019-08-30 15:05:27,338 [pool-27-thread-1] INFO  impl.RaftServerImpl (RaftServerImpl.java:<init>(93)) - f7e068fb-6143-4078-8f73-64e97620f45b: new RaftServerImpl for group-3164F9FC4885:[051f1e26-d98e-44a9-be86-7d4b3c80ff32:192.168.5.134:33174, d5adc888-1e0a-4c25-807e-09fade1f1b41:192.168.5.134:42948, f7e068fb-6143-4078-8f73-64e97620f45b:192.168.5.134:35790] with ContainerStateMachine:uninitialized
2019-08-30 15:05:27,338 [pool-67-thread-1] INFO  impl.RaftServerImpl (ServerState.java:<init>(105)) - 051f1e26-d98e-44a9-be86-7d4b3c80ff32:group-3164F9FC4885 ConfigurationManager, init=-1: [051f1e26-d98e-44a9-be86-7d4b3c80ff32:192.168.5.134:33174, d5adc888-1e0a-4c25-807e-09fade1f1b41:192.168.5.134:42948, f7e068fb-6143-4078-8f73-64e97620f45b:192.168.5.134:35790], old=null, confs=<EMPTY_MAP>
2019-08-30 15:05:27,338 [pool-27-thread-1] INFO  server.RaftServerConfigKeys (ConfUtils.java:logGet(43)) - raft.server.rpc.timeout.min = 5s (custom)
2019-08-30 15:05:27,339 [pool-67-thread-1] INFO  server.RaftServerConfigKeys (ConfUtils.java:logGet(43)) - raft.server.storage.dir = [/workdir/hadoop-ozone/integration-test/target/test-dir/MiniOzoneClusterImpl-c9bf924e-a99a-40de-a7b2-d35176791736/datanode-4/data/ratis] (custom)
2019-08-30 15:05:27,339 [pool-27-thread-1] INFO  server.RaftServerConfigKeys (ConfUtils.java:logGet(43)) - raft.server.rpc.timeout.max = 5200ms (custom)
2019-08-30 15:05:27,339 [pool-27-thread-1] INFO  server.RaftServerConfigKeys (ConfUtils.java:logGet(43)) - raft.server.rpcslowness.timeout = 120s (custom)
2019-08-30 15:05:27,339 [pool-67-thread-1] INFO  storage.RaftStorageDirectory (RaftStorageDirectory.java:analyzeStorage(246)) - The storage directory /workdir/hadoop-ozone/integration-test/target/test-dir/MiniOzoneClusterImpl-c9bf924e-a99a-40de-a7b2-d35176791736/datanode-4/data/ratis/36aa1e05-e4ff-4a97-b793-3164f9fc4885 does not exist. Creating ...
2019-08-30 15:05:27,339 [pool-27-thread-1] INFO  server.RaftServerConfigKeys (ConfUtils.java:logGet(43)) - raft.server.sleep.deviation.threshold = 300 (default)
2019-08-30 15:05:27,339 [pool-27-thread-1] INFO  server.RaftServerConfigKeys (ConfUtils.java:logGet(43)) - raft.server.log.appender.install.snapshot.enabled = false (custom)
2019-08-30 15:05:27,340 [pool-27-thread-1] INFO  impl.RaftServerImpl (ServerState.java:<init>(105)) - f7e068fb-6143-4078-8f73-64e97620f45b:group-3164F9FC4885 ConfigurationManager, init=-1: [051f1e26-d98e-44a9-be86-7d4b3c80ff32:192.168.5.134:33174, d5adc888-1e0a-4c25-807e-09fade1f1b41:192.168.5.134:42948, f7e068fb-6143-4078-8f73-64e97620f45b:192.168.5.134:35790], old=null, confs=<EMPTY_MAP>
2019-08-30 15:05:27,340 [pool-27-thread-1] INFO  server.RaftServerConfigKeys (ConfUtils.java:logGet(43)) - raft.server.storage.dir = [/workdir/hadoop-ozone/integration-test/target/test-dir/MiniOzoneClusterImpl-c9bf924e-a99a-40de-a7b2-d35176791736/datanode-0/data/ratis] (custom)
2019-08-30 15:05:27,340 [pool-27-thread-1] INFO  storage.RaftStorageDirectory (RaftStorageDirectory.java:analyzeStorage(246)) - The storage directory /workdir/hadoop-ozone/integration-test/target/test-dir/MiniOzoneClusterImpl-c9bf924e-a99a-40de-a7b2-d35176791736/datanode-0/data/ratis/36aa1e05-e4ff-4a97-b793-3164f9fc4885 does not exist. Creating ...
2019-08-30 15:05:27,351 [pool-67-thread-1] INFO  storage.RaftStorageDirectory (RaftStorageDirectory.java:tryLock(328)) - Lock on /workdir/hadoop-ozone/integration-test/target/test-dir/MiniOzoneClusterImpl-c9bf924e-a99a-40de-a7b2-d35176791736/datanode-4/data/ratis/36aa1e05-e4ff-4a97-b793-3164f9fc4885/in_use.lock acquired by nodename 28912@pr-hdds-2060-hng4s-2675214545
2019-08-30 15:05:27,351 [pool-27-thread-1] INFO  storage.RaftStorageDirectory (RaftStorageDirectory.java:tryLock(328)) - Lock on /workdir/hadoop-ozone/integration-test/target/test-dir/MiniOzoneClusterImpl-c9bf924e-a99a-40de-a7b2-d35176791736/datanode-0/data/ratis/36aa1e05-e4ff-4a97-b793-3164f9fc4885/in_use.lock acquired by nodename 28912@pr-hdds-2060-hng4s-2675214545
2019-08-30 15:05:27,351 [pool-57-thread-1] INFO  storage.RaftStorageDirectory (RaftStorageDirectory.java:tryLock(328)) - Lock on /workdir/hadoop-ozone/integration-test/target/test-dir/MiniOzoneClusterImpl-c9bf924e-a99a-40de-a7b2-d35176791736/datanode-3/data/ratis/36aa1e05-e4ff-4a97-b793-3164f9fc4885/in_use.lock acquired by nodename 28912@pr-hdds-2060-hng4s-2675214545
2019-08-30 15:05:27,384 [pool-67-thread-1] INFO  storage.RaftStorage (RaftStorage.java:format(72)) - Storage directory /workdir/hadoop-ozone/integration-test/target/test-dir/MiniOzoneClusterImpl-c9bf924e-a99a-40de-a7b2-d35176791736/datanode-4/data/ratis/36aa1e05-e4ff-4a97-b793-3164f9fc4885 has been successfully formatted.
2019-08-30 15:05:27,384 [pool-57-thread-1] INFO  storage.RaftStorage (RaftStorage.java:format(72)) - Storage directory /workdir/hadoop-ozone/integration-test/target/test-dir/MiniOzoneClusterImpl-c9bf924e-a99a-40de-a7b2-d35176791736/datanode-3/data/ratis/36aa1e05-e4ff-4a97-b793-3164f9fc4885 has been successfully formatted.
2019-08-30 15:05:27,384 [pool-27-thread-1] INFO  storage.RaftStorage (RaftStorage.java:format(72)) - Storage directory /workdir/hadoop-ozone/integration-test/target/test-dir/MiniOzoneClusterImpl-c9bf924e-a99a-40de-a7b2-d35176791736/datanode-0/data/ratis/36aa1e05-e4ff-4a97-b793-3164f9fc4885 has been successfully formatted.
2019-08-30 15:05:27,384 [pool-57-thread-1] INFO  ratis.ContainerStateMachine (ContainerStateMachine.java:loadSnapshot(227)) - group-3164F9FC4885: The snapshot info is null. Setting the last applied indexto:(t:0, i:~)
2019-08-30 15:05:27,384 [pool-67-thread-1] INFO  ratis.ContainerStateMachine (ContainerStateMachine.java:loadSnapshot(227)) - group-3164F9FC4885: The snapshot info is null. Setting the last applied indexto:(t:0, i:~)
2019-08-30 15:05:27,385 [pool-27-thread-1] INFO  ratis.ContainerStateMachine (ContainerStateMachine.java:loadSnapshot(227)) - group-3164F9FC4885: The snapshot info is null. Setting the last applied indexto:(t:0, i:~)
2019-08-30 15:05:27,385 [pool-57-thread-1] INFO  server.RaftServerConfigKeys (ConfUtils.java:logGet(43)) - raft.server.leader.election.timeout = 120s (custom)
2019-08-30 15:05:27,385 [pool-27-thread-1] INFO  server.RaftServerConfigKeys (ConfUtils.java:logGet(43)) - raft.server.leader.election.timeout = 120s (custom)
2019-08-30 15:05:27,385 [pool-67-thread-1] INFO  server.RaftServerConfigKeys (ConfUtils.java:logGet(43)) - raft.server.leader.election.timeout = 120s (custom)
2019-08-30 15:05:27,385 [pool-27-thread-1] INFO  server.RaftServerConfigKeys (ConfUtils.java:logGet(43)) - raft.server.log.use.memory = false (default)
2019-08-30 15:05:27,385 [pool-57-thread-1] INFO  server.RaftServerConfigKeys (ConfUtils.java:logGet(43)) - raft.server.log.use.memory = false (default)
2019-08-30 15:05:27,386 [pool-27-thread-1] INFO  server.RaftServerConfigKeys (ConfUtils.java:logGet(43)) - raft.server.log.purge.gap = 1000000 (custom)
2019-08-30 15:05:27,385 [pool-67-thread-1] INFO  server.RaftServerConfigKeys (ConfUtils.java:logGet(43)) - raft.server.log.use.memory = false (default)
2019-08-30 15:05:27,386 [pool-27-thread-1] INFO  server.RaftServerConfigKeys (ConfUtils.java:logGet(43)) - raft.server.log.appender.buffer.byte-limit = 33554432 (custom)
2019-08-30 15:05:27,386 [pool-57-thread-1] INFO  server.RaftServerConfigKeys (ConfUtils.java:logGet(43)) - raft.server.log.purge.gap = 1000000 (custom)
2019-08-30 15:05:27,386 [pool-27-thread-1] INFO  server.RaftServerConfigKeys (ConfUtils.java:logGet(43)) - raft.server.log.segment.size.max = 1048576 (custom)
2019-08-30 15:05:27,386 [pool-67-thread-1] INFO  server.RaftServerConfigKeys (ConfUtils.java:logGet(43)) - raft.server.log.purge.gap = 1000000 (custom)
2019-08-30 15:05:27,387 [pool-27-thread-1] INFO  server.RaftServerConfigKeys (ConfUtils.java:logGet(43)) - raft.server.log.segment.cache.num.max = 2 (custom)
2019-08-30 15:05:27,386 [pool-57-thread-1] INFO  server.RaftServerConfigKeys (ConfUtils.java:logGet(43)) - raft.server.log.appender.buffer.byte-limit = 33554432 (custom)
2019-08-30 15:05:27,387 [pool-27-thread-1] INFO  segmented.SegmentedRaftLogWorker (SegmentedRaftLogWorker.java:<init>(172)) - new f7e068fb-6143-4078-8f73-64e97620f45b-SegmentedRaftLogWorker:Storage Directory /workdir/hadoop-ozone/integration-test/target/test-dir/MiniOzoneClusterImpl-c9bf924e-a99a-40de-a7b2-d35176791736/datanode-0/data/ratis/36aa1e05-e4ff-4a97-b793-3164f9fc4885 for RaftStorage:Storage Directory /workdir/hadoop-ozone/integration-test/target/test-dir/MiniOzoneClusterImpl-c9bf924e-a99a-40de-a7b2-d35176791736/datanode-0/data/ratis/36aa1e05-e4ff-4a97-b793-3164f9fc4885
2019-08-30 15:05:27,387 [pool-67-thread-1] INFO  server.RaftServerConfigKeys (ConfUtils.java:logGet(43)) - raft.server.log.appender.buffer.byte-limit = 33554432 (custom)
2019-08-30 15:05:27,387 [pool-27-thread-1] INFO  server.RaftServerConfigKeys (ConfUtils.java:logGet(43)) - raft.server.log.queue.byte-limit = 2147483647 (custom)
2019-08-30 15:05:27,387 [pool-57-thread-1] INFO  server.RaftServerConfigKeys (ConfUtils.java:logGet(43)) - raft.server.log.segment.size.max = 1048576 (custom)
2019-08-30 15:05:27,390 [pool-27-thread-1] INFO  server.RaftServerConfigKeys (ConfUtils.java:logGet(43)) - raft.server.log.queue.element-limit = 1024 (custom)
2019-08-30 15:05:27,387 [pool-67-thread-1] INFO  server.RaftServerConfigKeys (ConfUtils.java:logGet(43)) - raft.server.log.segment.size.max = 1048576 (custom)
2019-08-30 15:05:27,390 [pool-27-thread-1] INFO  server.RaftServerConfigKeys (ConfUtils.java:logGet(43)) - raft.server.log.segment.size.max = 1048576 (custom)
2019-08-30 15:05:27,390 [pool-57-thread-1] INFO  server.RaftServerConfigKeys (ConfUtils.java:logGet(43)) - raft.server.log.segment.cache.num.max = 2 (custom)
2019-08-30 15:05:27,390 [pool-27-thread-1] INFO  server.RaftServerConfigKeys (ConfUtils.java:logGet(43)) - raft.server.log.preallocated.size = 16384 (custom)
2019-08-30 15:05:27,390 [pool-67-thread-1] INFO  server.RaftServerConfigKeys (ConfUtils.java:logGet(43)) - raft.server.log.segment.cache.num.max = 2 (custom)
2019-08-30 15:05:27,391 [pool-27-thread-1] INFO  server.RaftServerConfigKeys (ConfUtils.java:logGet(43)) - raft.server.log.write.buffer.size = 33554432 (custom)
2019-08-30 15:05:27,391 [pool-57-thread-1] INFO  segmented.SegmentedRaftLogWorker (SegmentedRaftLogWorker.java:<init>(172)) - new d5adc888-1e0a-4c25-807e-09fade1f1b41-SegmentedRaftLogWorker:Storage Directory /workdir/hadoop-ozone/integration-test/target/test-dir/MiniOzoneClusterImpl-c9bf924e-a99a-40de-a7b2-d35176791736/datanode-3/data/ratis/36aa1e05-e4ff-4a97-b793-3164f9fc4885 for RaftStorage:Storage Directory /workdir/hadoop-ozone/integration-test/target/test-dir/MiniOzoneClusterImpl-c9bf924e-a99a-40de-a7b2-d35176791736/datanode-3/data/ratis/36aa1e05-e4ff-4a97-b793-3164f9fc4885
2019-08-30 15:05:27,391 [pool-27-thread-1] INFO  server.RaftServerConfigKeys (ConfUtils.java:logGet(43)) - raft.server.log.force.sync.num = 128 (default)
2019-08-30 15:05:27,391 [pool-67-thread-1] INFO  segmented.SegmentedRaftLogWorker (SegmentedRaftLogWorker.java:<init>(172)) - new 051f1e26-d98e-44a9-be86-7d4b3c80ff32-SegmentedRaftLogWorker:Storage Directory /workdir/hadoop-ozone/integration-test/target/test-dir/MiniOzoneClusterImpl-c9bf924e-a99a-40de-a7b2-d35176791736/datanode-4/data/ratis/36aa1e05-e4ff-4a97-b793-3164f9fc4885 for RaftStorage:Storage Directory /workdir/hadoop-ozone/integration-test/target/test-dir/MiniOzoneClusterImpl-c9bf924e-a99a-40de-a7b2-d35176791736/datanode-4/data/ratis/36aa1e05-e4ff-4a97-b793-3164f9fc4885
2019-08-30 15:05:27,391 [pool-27-thread-1] INFO  server.RaftServerConfigKeys (ConfUtils.java:logGet(43)) - raft.server.log.statemachine.data.sync = true (default)
2019-08-30 15:05:27,391 [pool-57-thread-1] INFO  server.RaftServerConfigKeys (ConfUtils.java:logGet(43)) - raft.server.log.queue.byte-limit = 2147483647 (custom)
2019-08-30 15:05:27,394 [pool-27-thread-1] INFO  server.RaftServerConfigKeys (ConfUtils.java:logGet(43)) - raft.server.log.statemachine.data.sync.timeout = 10s (default)
2019-08-30 15:05:27,393 [pool-67-thread-1] INFO  server.RaftServerConfigKeys (ConfUtils.java:logGet(43)) - raft.server.log.queue.byte-limit = 2147483647 (custom)
2019-08-30 15:05:27,396 [pool-27-thread-1] INFO  server.RaftServerConfigKeys (ConfUtils.java:logGet(43)) - raft.server.log.statemachine.data.sync.timeout.retry = -1 (default)
2019-08-30 15:05:27,396 [pool-57-thread-1] INFO  server.RaftServerConfigKeys (ConfUtils.java:logGet(43)) - raft.server.log.queue.element-limit = 1024 (custom)
2019-08-30 15:05:27,396 [pool-67-thread-1] INFO  server.RaftServerConfigKeys (ConfUtils.java:logGet(43)) - raft.server.log.queue.element-limit = 1024 (custom)
2019-08-30 15:05:27,396 [pool-57-thread-1] INFO  server.RaftServerConfigKeys (ConfUtils.java:logGet(43)) - raft.server.log.segment.size.max = 1048576 (custom)
2019-08-30 15:05:27,396 [pool-27-thread-1] INFO  server.RaftServerConfigKeys (ConfUtils.java:logGet(43)) - raft.server.log.statemachine.data.caching.enabled = true (custom)
2019-08-30 15:05:27,397 [pool-57-thread-1] INFO  server.RaftServerConfigKeys (ConfUtils.java:logGet(43)) - raft.server.log.preallocated.size = 16384 (custom)
2019-08-30 15:05:27,396 [pool-67-thread-1] INFO  server.RaftServerConfigKeys (ConfUtils.java:logGet(43)) - raft.server.log.segment.size.max = 1048576 (custom)
2019-08-30 15:05:27,397 [pool-57-thread-1] INFO  server.RaftServerConfigKeys (ConfUtils.java:logGet(43)) - raft.server.log.write.buffer.size = 33554432 (custom)
2019-08-30 15:05:27,397 [pool-27-thread-1] INFO  segmented.SegmentedRaftLogWorker (SegmentedRaftLogWorker.java:lambda$new$0(132)) - f7e068fb-6143-4078-8f73-64e97620f45b-SegmentedRaftLogWorker:Storage Directory /workdir/hadoop-ozone/integration-test/target/test-dir/MiniOzoneClusterImpl-c9bf924e-a99a-40de-a7b2-d35176791736/datanode-0/data/ratis/36aa1e05-e4ff-4a97-b793-3164f9fc4885: flushIndex: setUnconditionally 0 -> -1
2019-08-30 15:05:27,397 [pool-67-thread-1] INFO  server.RaftServerConfigKeys (ConfUtils.java:logGet(43)) - raft.server.log.preallocated.size = 16384 (custom)
2019-08-30 15:05:27,397 [pool-57-thread-1] INFO  server.RaftServerConfigKeys (ConfUtils.java:logGet(43)) - raft.server.log.force.sync.num = 128 (default)
2019-08-30 15:05:27,398 [pool-27-thread-1] INFO  server.RaftServerConfigKeys (ConfUtils.java:logGet(43)) - raft.server.snapshot.auto.trigger.enabled = true (custom)
2019-08-30 15:05:27,397 [pool-67-thread-1] INFO  server.RaftServerConfigKeys (ConfUtils.java:logGet(43)) - raft.server.log.write.buffer.size = 33554432 (custom)
2019-08-30 15:05:27,398 [pool-27-thread-1] INFO  server.RaftServerConfigKeys (ConfUtils.java:logGet(43)) - raft.server.snapshot.auto.trigger.threshold = 10000 (custom)
2019-08-30 15:05:27,398 [pool-57-thread-1] INFO  server.RaftServerConfigKeys (ConfUtils.java:logGet(43)) - raft.server.log.statemachine.data.sync = true (default)
2019-08-30 15:05:27,398 [pool-67-thread-1] INFO  server.RaftServerConfigKeys (ConfUtils.java:logGet(43)) - raft.server.log.force.sync.num = 128 (default)
2019-08-30 15:05:27,398 [pool-57-thread-1] INFO  server.RaftServerConfigKeys (ConfUtils.java:logGet(43)) - raft.server.log.statemachine.data.sync.timeout = 10s (default)
2019-08-30 15:05:27,398 [pool-27-thread-1] INFO  server.RaftServerConfigKeys (ConfUtils.java:logGet(43)) - raft.server.retrycache.expirytime = 600000ms (custom)
2019-08-30 15:05:27,398 [pool-57-thread-1] INFO  server.RaftServerConfigKeys (ConfUtils.java:logGet(43)) - raft.server.log.statemachine.data.sync.timeout.retry = -1 (default)
2019-08-30 15:05:27,398 [pool-67-thread-1] INFO  server.RaftServerConfigKeys (ConfUtils.java:logGet(43)) - raft.server.log.statemachine.data.sync = true (default)
2019-08-30 15:05:27,399 [pool-57-thread-1] INFO  server.RaftServerConfigKeys (ConfUtils.java:logGet(43)) - raft.server.log.statemachine.data.caching.enabled = true (custom)
2019-08-30 15:05:27,399 [pool-27-thread-1] INFO  impl.RaftServerImpl (RaftServerImpl.java:start(180)) - f7e068fb-6143-4078-8f73-64e97620f45b: start group-3164F9FC4885
2019-08-30 15:05:27,399 [pool-67-thread-1] INFO  server.RaftServerConfigKeys (ConfUtils.java:logGet(43)) - raft.server.log.statemachine.data.sync.timeout = 10s (default)
2019-08-30 15:05:27,399 [pool-27-thread-1] INFO  impl.RaftServerImpl (RaftServerImpl.java:setRole(171)) - f7e068fb-6143-4078-8f73-64e97620f45b:group-3164F9FC4885 changes role from null to FOLLOWER at term 0 for startAsFollower
2019-08-30 15:05:27,399 [pool-57-thread-1] INFO  segmented.SegmentedRaftLogWorker (SegmentedRaftLogWorker.java:lambda$new$0(132)) - d5adc888-1e0a-4c25-807e-09fade1f1b41-SegmentedRaftLogWorker:Storage Directory /workdir/hadoop-ozone/integration-test/target/test-dir/MiniOzoneClusterImpl-c9bf924e-a99a-40de-a7b2-d35176791736/datanode-3/data/ratis/36aa1e05-e4ff-4a97-b793-3164f9fc4885: flushIndex: setUnconditionally 0 -> -1
2019-08-30 15:05:27,400 [pool-27-thread-1] INFO  impl.RoleInfo (RoleInfo.java:updateAndGet(143)) - f7e068fb-6143-4078-8f73-64e97620f45b: start FollowerState
2019-08-30 15:05:27,399 [pool-67-thread-1] INFO  server.RaftServerConfigKeys (ConfUtils.java:logGet(43)) - raft.server.log.statemachine.data.sync.timeout.retry = -1 (default)
2019-08-30 15:05:27,400 [pool-57-thread-1] INFO  server.RaftServerConfigKeys (ConfUtils.java:logGet(43)) - raft.server.snapshot.auto.trigger.enabled = true (custom)
2019-08-30 15:05:27,400 [pool-67-thread-1] INFO  server.RaftServerConfigKeys (ConfUtils.java:logGet(43)) - raft.server.log.statemachine.data.caching.enabled = true (custom)
2019-08-30 15:05:27,400 [pool-57-thread-1] INFO  server.RaftServerConfigKeys (ConfUtils.java:logGet(43)) - raft.server.snapshot.auto.trigger.threshold = 10000 (custom)
2019-08-30 15:05:27,400 [pool-27-thread-1] INFO  util.JmxRegister (JmxRegister.java:tryRegister(44)) - Successfully registered JMX Bean with object name Ratis:service=RaftServer,group=group-3164F9FC4885,id=f7e068fb-6143-4078-8f73-64e97620f45b
2019-08-30 15:05:27,400 [pool-57-thread-1] INFO  server.RaftServerConfigKeys (ConfUtils.java:logGet(43)) - raft.server.retrycache.expirytime = 600000ms (custom)
2019-08-30 15:05:27,400 [pool-67-thread-1] INFO  segmented.SegmentedRaftLogWorker (SegmentedRaftLogWorker.java:lambda$new$0(132)) - 051f1e26-d98e-44a9-be86-7d4b3c80ff32-SegmentedRaftLogWorker:Storage Directory /workdir/hadoop-ozone/integration-test/target/test-dir/MiniOzoneClusterImpl-c9bf924e-a99a-40de-a7b2-d35176791736/datanode-4/data/ratis/36aa1e05-e4ff-4a97-b793-3164f9fc4885: flushIndex: setUnconditionally 0 -> -1
2019-08-30 15:05:27,401 [pool-57-thread-1] INFO  impl.RaftServerImpl (RaftServerImpl.java:start(180)) - d5adc888-1e0a-4c25-807e-09fade1f1b41: start group-3164F9FC4885
2019-08-30 15:05:27,401 [pool-57-thread-1] INFO  impl.RaftServerImpl (RaftServerImpl.java:setRole(171)) - d5adc888-1e0a-4c25-807e-09fade1f1b41:group-3164F9FC4885 changes role from null to FOLLOWER at term 0 for startAsFollower
2019-08-30 15:05:27,401 [pool-67-thread-1] INFO  server.RaftServerConfigKeys (ConfUtils.java:logGet(43)) - raft.server.snapshot.auto.trigger.enabled = true (custom)
2019-08-30 15:05:27,401 [pool-57-thread-1] INFO  impl.RoleInfo (RoleInfo.java:updateAndGet(143)) - d5adc888-1e0a-4c25-807e-09fade1f1b41: start FollowerState
2019-08-30 15:05:27,401 [pool-67-thread-1] INFO  server.RaftServerConfigKeys (ConfUtils.java:logGet(43)) - raft.server.snapshot.auto.trigger.threshold = 10000 (custom)
2019-08-30 15:05:27,402 [pool-67-thread-1] INFO  server.RaftServerConfigKeys (ConfUtils.java:logGet(43)) - raft.server.retrycache.expirytime = 600000ms (custom)
2019-08-30 15:05:27,402 [pool-57-thread-1] INFO  util.JmxRegister (JmxRegister.java:tryRegister(44)) - Successfully registered JMX Bean with object name Ratis:service=RaftServer,group=group-3164F9FC4885,id=d5adc888-1e0a-4c25-807e-09fade1f1b41
2019-08-30 15:05:27,402 [pool-67-thread-1] INFO  impl.RaftServerImpl (RaftServerImpl.java:start(180)) - 051f1e26-d98e-44a9-be86-7d4b3c80ff32: start group-3164F9FC4885
2019-08-30 15:05:27,402 [pool-67-thread-1] INFO  impl.RaftServerImpl (RaftServerImpl.java:setRole(171)) - 051f1e26-d98e-44a9-be86-7d4b3c80ff32:group-3164F9FC4885 changes role from null to FOLLOWER at term 0 for startAsFollower
2019-08-30 15:05:27,402 [pool-67-thread-1] INFO  impl.RoleInfo (RoleInfo.java:updateAndGet(143)) - 051f1e26-d98e-44a9-be86-7d4b3c80ff32: start FollowerState
2019-08-30 15:05:27,403 [pool-67-thread-1] INFO  util.JmxRegister (JmxRegister.java:tryRegister(44)) - Successfully registered JMX Bean with object name Ratis:service=RaftServer,group=group-3164F9FC4885,id=051f1e26-d98e-44a9-be86-7d4b3c80ff32
2019-08-30 15:05:27,427 [RatisPipelineUtilsThread] INFO  pipeline.PipelineStateManager (PipelineStateManager.java:addPipeline(56)) - Created pipeline Pipeline[ Id: 36aa1e05-e4ff-4a97-b793-3164f9fc4885, Nodes: d5adc888-1e0a-4c25-807e-09fade1f1b41{ip: 192.168.5.134, host: pr-hdds-2060-hng4s-2675214545, networkLocation: /default-rack, certSerialId: null}f7e068fb-6143-4078-8f73-64e97620f45b{ip: 192.168.5.134, host: pr-hdds-2060-hng4s-2675214545, networkLocation: /default-rack, certSerialId: null}051f1e26-d98e-44a9-be86-7d4b3c80ff32{ip: 192.168.5.134, host: pr-hdds-2060-hng4s-2675214545, networkLocation: /default-rack, certSerialId: null}, Type:RATIS, Factor:THREE, State:OPEN]
2019-08-30 15:05:27,446 [main] INFO  ozone.MiniOzoneClusterImpl (MiniOzoneClusterImpl.java:lambda$waitForClusterToBeReady$0(140)) - Cluster is ready. Got 7 of 7 DN Heartbeats.
2019-08-30 15:05:27,468 [grpc-default-executor-2] INFO  impl.RaftServerProxy (RaftServerProxy.java:addNew(89)) - ff806b18-47a3-461f-8103-ac239ab05d36: addNew group-D49D3A09B945:[fc5bbe82-8490-41a4-97d8-e34a13b8703c:192.168.5.134:35726, 56fefae5-2763-4634-a764-1d1f5af899ed:192.168.5.134:43177, ff806b18-47a3-461f-8103-ac239ab05d36:192.168.5.134:46182] returns group-D49D3A09B945:java.util.concurrent.CompletableFuture@56c2650f[Not completed]
2019-08-30 15:05:27,475 [grpc-default-executor-1] INFO  impl.RaftServerProxy (RaftServerProxy.java:addNew(89)) - 56fefae5-2763-4634-a764-1d1f5af899ed: addNew group-D49D3A09B945:[fc5bbe82-8490-41a4-97d8-e34a13b8703c:192.168.5.134:35726, 56fefae5-2763-4634-a764-1d1f5af899ed:192.168.5.134:43177, ff806b18-47a3-461f-8103-ac239ab05d36:192.168.5.134:46182] returns group-D49D3A09B945:java.util.concurrent.CompletableFuture@7112db8c[Not completed]
2019-08-30 15:05:27,476 [grpc-default-executor-2] INFO  impl.RaftServerProxy (RaftServerProxy.java:addNew(89)) - fc5bbe82-8490-41a4-97d8-e34a13b8703c: addNew group-D49D3A09B945:[fc5bbe82-8490-41a4-97d8-e34a13b8703c:192.168.5.134:35726, 56fefae5-2763-4634-a764-1d1f5af899ed:192.168.5.134:43177, ff806b18-47a3-461f-8103-ac239ab05d36:192.168.5.134:46182] returns group-D49D3A09B945:java.util.concurrent.CompletableFuture@52fdfb0f[Not completed]
2019-08-30 15:05:27,477 [pool-77-thread-1] INFO  impl.RaftServerImpl (RaftServerImpl.java:<init>(93)) - ff806b18-47a3-461f-8103-ac239ab05d36: new RaftServerImpl for group-D49D3A09B945:[fc5bbe82-8490-41a4-97d8-e34a13b8703c:192.168.5.134:35726, 56fefae5-2763-4634-a764-1d1f5af899ed:192.168.5.134:43177, ff806b18-47a3-461f-8103-ac239ab05d36:192.168.5.134:46182] with ContainerStateMachine:uninitialized
2019-08-30 15:05:27,478 [pool-77-thread-1] INFO  server.RaftServerConfigKeys (ConfUtils.java:logGet(43)) - raft.server.rpc.timeout.min = 5s (custom)
2019-08-30 15:05:27,478 [pool-77-thread-1] INFO  server.RaftServerConfigKeys (ConfUtils.java:logGet(43)) - raft.server.rpc.timeout.max = 5200ms (custom)
2019-08-30 15:05:27,478 [pool-77-thread-1] INFO  server.RaftServerConfigKeys (ConfUtils.java:logGet(43)) - raft.server.rpcslowness.timeout = 120s (custom)
2019-08-30 15:05:27,478 [pool-77-thread-1] INFO  server.RaftServerConfigKeys (ConfUtils.java:logGet(43)) - raft.server.sleep.deviation.threshold = 300 (default)
2019-08-30 15:05:27,479 [pool-77-thread-1] INFO  server.RaftServerConfigKeys (ConfUtils.java:logGet(43)) - raft.server.log.appender.install.snapshot.enabled = false (custom)
2019-08-30 15:05:27,479 [pool-87-thread-1] INFO  impl.RaftServerImpl (RaftServerImpl.java:<init>(93)) - fc5bbe82-8490-41a4-97d8-e34a13b8703c: new RaftServerImpl for group-D49D3A09B945:[fc5bbe82-8490-41a4-97d8-e34a13b8703c:192.168.5.134:35726, 56fefae5-2763-4634-a764-1d1f5af899ed:192.168.5.134:43177, ff806b18-47a3-461f-8103-ac239ab05d36:192.168.5.134:46182] with ContainerStateMachine:uninitialized
2019-08-30 15:05:27,479 [pool-77-thread-1] INFO  impl.RaftServerImpl (ServerState.java:<init>(105)) - ff806b18-47a3-461f-8103-ac239ab05d36:group-D49D3A09B945 ConfigurationManager, init=-1: [fc5bbe82-8490-41a4-97d8-e34a13b8703c:192.168.5.134:35726, 56fefae5-2763-4634-a764-1d1f5af899ed:192.168.5.134:43177, ff806b18-47a3-461f-8103-ac239ab05d36:192.168.5.134:46182], old=null, confs=<EMPTY_MAP>
2019-08-30 15:05:27,479 [pool-87-thread-1] INFO  server.RaftServerConfigKeys (ConfUtils.java:logGet(43)) - raft.server.rpc.timeout.min = 5s (custom)
2019-08-30 15:05:27,479 [pool-77-thread-1] INFO  server.RaftServerConfigKeys (ConfUtils.java:logGet(43)) - raft.server.storage.dir = [/workdir/hadoop-ozone/integration-test/target/test-dir/MiniOzoneClusterImpl-c9bf924e-a99a-40de-a7b2-d35176791736/datanode-5/data/ratis] (custom)
2019-08-30 15:05:27,480 [pool-87-thread-1] INFO  server.RaftServerConfigKeys (ConfUtils.java:logGet(43)) - raft.server.rpc.timeout.max = 5200ms (custom)
2019-08-30 15:05:27,480 [pool-87-thread-1] INFO  server.RaftServerConfigKeys (ConfUtils.java:logGet(43)) - raft.server.rpcslowness.timeout = 120s (custom)
2019-08-30 15:05:27,480 [pool-47-thread-1] INFO  impl.RaftServerImpl (RaftServerImpl.java:<init>(93)) - 56fefae5-2763-4634-a764-1d1f5af899ed: new RaftServerImpl for group-D49D3A09B945:[fc5bbe82-8490-41a4-97d8-e34a13b8703c:192.168.5.134:35726, 56fefae5-2763-4634-a764-1d1f5af899ed:192.168.5.134:43177, ff806b18-47a3-461f-8103-ac239ab05d36:192.168.5.134:46182] with ContainerStateMachine:uninitialized
2019-08-30 15:05:27,480 [pool-87-thread-1] INFO  server.RaftServerConfigKeys (ConfUtils.java:logGet(43)) - raft.server.sleep.deviation.threshold = 300 (default)
2019-08-30 15:05:27,480 [pool-77-thread-1] INFO  storage.RaftStorageDirectory (RaftStorageDirectory.java:analyzeStorage(246)) - The storage directory /workdir/hadoop-ozone/integration-test/target/test-dir/MiniOzoneClusterImpl-c9bf924e-a99a-40de-a7b2-d35176791736/datanode-5/data/ratis/8798ce88-ce0d-49ee-a819-d49d3a09b945 does not exist. Creating ...
2019-08-30 15:05:27,480 [pool-87-thread-1] INFO  server.RaftServerConfigKeys (ConfUtils.java:logGet(43)) - raft.server.log.appender.install.snapshot.enabled = false (custom)
2019-08-30 15:05:27,480 [pool-47-thread-1] INFO  server.RaftServerConfigKeys (ConfUtils.java:logGet(43)) - raft.server.rpc.timeout.min = 5s (custom)
2019-08-30 15:05:27,481 [pool-87-thread-1] INFO  impl.RaftServerImpl (ServerState.java:<init>(105)) - fc5bbe82-8490-41a4-97d8-e34a13b8703c:group-D49D3A09B945 ConfigurationManager, init=-1: [fc5bbe82-8490-41a4-97d8-e34a13b8703c:192.168.5.134:35726, 56fefae5-2763-4634-a764-1d1f5af899ed:192.168.5.134:43177, ff806b18-47a3-461f-8103-ac239ab05d36:192.168.5.134:46182], old=null, confs=<EMPTY_MAP>
2019-08-30 15:05:27,481 [pool-47-thread-1] INFO  server.RaftServerConfigKeys (ConfUtils.java:logGet(43)) - raft.server.rpc.timeout.max = 5200ms (custom)
2019-08-30 15:05:27,481 [pool-87-thread-1] INFO  server.RaftServerConfigKeys (ConfUtils.java:logGet(43)) - raft.server.storage.dir = [/workdir/hadoop-ozone/integration-test/target/test-dir/MiniOzoneClusterImpl-c9bf924e-a99a-40de-a7b2-d35176791736/datanode-6/data/ratis] (custom)
2019-08-30 15:05:27,481 [pool-47-thread-1] INFO  server.RaftServerConfigKeys (ConfUtils.java:logGet(43)) - raft.server.rpcslowness.timeout = 120s (custom)
2019-08-30 15:05:27,482 [pool-47-thread-1] INFO  server.RaftServerConfigKeys (ConfUtils.java:logGet(43)) - raft.server.sleep.deviation.threshold = 300 (default)
2019-08-30 15:05:27,482 [pool-47-thread-1] INFO  server.RaftServerConfigKeys (ConfUtils.java:logGet(43)) - raft.server.log.appender.install.snapshot.enabled = false (custom)
2019-08-30 15:05:27,482 [pool-87-thread-1] INFO  storage.RaftStorageDirectory (RaftStorageDirectory.java:analyzeStorage(246)) - The storage directory /workdir/hadoop-ozone/integration-test/target/test-dir/MiniOzoneClusterImpl-c9bf924e-a99a-40de-a7b2-d35176791736/datanode-6/data/ratis/8798ce88-ce0d-49ee-a819-d49d3a09b945 does not exist. Creating ...
2019-08-30 15:05:27,482 [pool-47-thread-1] INFO  impl.RaftServerImpl (ServerState.java:<init>(105)) - 56fefae5-2763-4634-a764-1d1f5af899ed:group-D49D3A09B945 ConfigurationManager, init=-1: [fc5bbe82-8490-41a4-97d8-e34a13b8703c:192.168.5.134:35726, 56fefae5-2763-4634-a764-1d1f5af899ed:192.168.5.134:43177, ff806b18-47a3-461f-8103-ac239ab05d36:192.168.5.134:46182], old=null, confs=<EMPTY_MAP>
2019-08-30 15:05:27,482 [pool-47-thread-1] INFO  server.RaftServerConfigKeys (ConfUtils.java:logGet(43)) - raft.server.storage.dir = [/workdir/hadoop-ozone/integration-test/target/test-dir/MiniOzoneClusterImpl-c9bf924e-a99a-40de-a7b2-d35176791736/datanode-2/data/ratis] (custom)
2019-08-30 15:05:27,483 [pool-47-thread-1] INFO  storage.RaftStorageDirectory (RaftStorageDirectory.java:analyzeStorage(246)) - The storage directory /workdir/hadoop-ozone/integration-test/target/test-dir/MiniOzoneClusterImpl-c9bf924e-a99a-40de-a7b2-d35176791736/datanode-2/data/ratis/8798ce88-ce0d-49ee-a819-d49d3a09b945 does not exist. Creating ...
2019-08-30 15:05:27,494 [pool-77-thread-1] INFO  storage.RaftStorageDirectory (RaftStorageDirectory.java:tryLock(328)) - Lock on /workdir/hadoop-ozone/integration-test/target/test-dir/MiniOzoneClusterImpl-c9bf924e-a99a-40de-a7b2-d35176791736/datanode-5/data/ratis/8798ce88-ce0d-49ee-a819-d49d3a09b945/in_use.lock acquired by nodename 28912@pr-hdds-2060-hng4s-2675214545
2019-08-30 15:05:27,494 [pool-47-thread-1] INFO  storage.RaftStorageDirectory (RaftStorageDirectory.java:tryLock(328)) - Lock on /workdir/hadoop-ozone/integration-test/target/test-dir/MiniOzoneClusterImpl-c9bf924e-a99a-40de-a7b2-d35176791736/datanode-2/data/ratis/8798ce88-ce0d-49ee-a819-d49d3a09b945/in_use.lock acquired by nodename 28912@pr-hdds-2060-hng4s-2675214545
2019-08-30 15:05:27,494 [pool-87-thread-1] INFO  storage.RaftStorageDirectory (RaftStorageDirectory.java:tryLock(328)) - Lock on /workdir/hadoop-ozone/integration-test/target/test-dir/MiniOzoneClusterImpl-c9bf924e-a99a-40de-a7b2-d35176791736/datanode-6/data/ratis/8798ce88-ce0d-49ee-a819-d49d3a09b945/in_use.lock acquired by nodename 28912@pr-hdds-2060-hng4s-2675214545
2019-08-30 15:05:27,508 [pool-77-thread-1] INFO  storage.RaftStorage (RaftStorage.java:format(72)) - Storage directory /workdir/hadoop-ozone/integration-test/target/test-dir/MiniOzoneClusterImpl-c9bf924e-a99a-40de-a7b2-d35176791736/datanode-5/data/ratis/8798ce88-ce0d-49ee-a819-d49d3a09b945 has been successfully formatted.
2019-08-30 15:05:27,508 [pool-87-thread-1] INFO  storage.RaftStorage (RaftStorage.java:format(72)) - Storage directory /workdir/hadoop-ozone/integration-test/target/test-dir/MiniOzoneClusterImpl-c9bf924e-a99a-40de-a7b2-d35176791736/datanode-6/data/ratis/8798ce88-ce0d-49ee-a819-d49d3a09b945 has been successfully formatted.
2019-08-30 15:05:27,508 [pool-47-thread-1] INFO  storage.RaftStorage (RaftStorage.java:format(72)) - Storage directory /workdir/hadoop-ozone/integration-test/target/test-dir/MiniOzoneClusterImpl-c9bf924e-a99a-40de-a7b2-d35176791736/datanode-2/data/ratis/8798ce88-ce0d-49ee-a819-d49d3a09b945 has been successfully formatted.
2019-08-30 15:05:27,509 [pool-77-thread-1] INFO  ratis.ContainerStateMachine (ContainerStateMachine.java:loadSnapshot(227)) - group-D49D3A09B945: The snapshot info is null. Setting the last applied indexto:(t:0, i:~)
2019-08-30 15:05:27,509 [pool-47-thread-1] INFO  ratis.ContainerStateMachine (ContainerStateMachine.java:loadSnapshot(227)) - group-D49D3A09B945: The snapshot info is null. Setting the last applied indexto:(t:0, i:~)
2019-08-30 15:05:27,509 [pool-87-thread-1] INFO  ratis.ContainerStateMachine (ContainerStateMachine.java:loadSnapshot(227)) - group-D49D3A09B945: The snapshot info is null. Setting the last applied indexto:(t:0, i:~)
2019-08-30 15:05:27,509 [pool-47-thread-1] INFO  server.RaftServerConfigKeys (ConfUtils.java:logGet(43)) - raft.server.leader.election.timeout = 120s (custom)
2019-08-30 15:05:27,509 [pool-77-thread-1] INFO  server.RaftServerConfigKeys (ConfUtils.java:logGet(43)) - raft.server.leader.election.timeout = 120s (custom)
2019-08-30 15:05:27,510 [pool-47-thread-1] INFO  server.RaftServerConfigKeys (ConfUtils.java:logGet(43)) - raft.server.log.use.memory = false (default)
2019-08-30 15:05:27,509 [pool-87-thread-1] INFO  server.RaftServerConfigKeys (ConfUtils.java:logGet(43)) - raft.server.leader.election.timeout = 120s (custom)
2019-08-30 15:05:27,510 [pool-47-thread-1] INFO  server.RaftServerConfigKeys (ConfUtils.java:logGet(43)) - raft.server.log.purge.gap = 1000000 (custom)
2019-08-30 15:05:27,510 [pool-77-thread-1] INFO  server.RaftServerConfigKeys (ConfUtils.java:logGet(43)) - raft.server.log.use.memory = false (default)
2019-08-30 15:05:27,510 [pool-47-thread-1] INFO  server.RaftServerConfigKeys (ConfUtils.java:logGet(43)) - raft.server.log.appender.buffer.byte-limit = 33554432 (custom)
2019-08-30 15:05:27,510 [pool-87-thread-1] INFO  server.RaftServerConfigKeys (ConfUtils.java:logGet(43)) - raft.server.log.use.memory = false (default)
2019-08-30 15:05:27,511 [pool-47-thread-1] INFO  server.RaftServerConfigKeys (ConfUtils.java:logGet(43)) - raft.server.log.segment.size.max = 1048576 (custom)
2019-08-30 15:05:27,510 [pool-77-thread-1] INFO  server.RaftServerConfigKeys (ConfUtils.java:logGet(43)) - raft.server.log.purge.gap = 1000000 (custom)
2019-08-30 15:05:27,511 [pool-47-thread-1] INFO  server.RaftServerConfigKeys (ConfUtils.java:logGet(43)) - raft.server.log.segment.cache.num.max = 2 (custom)
2019-08-30 15:05:27,511 [pool-87-thread-1] INFO  server.RaftServerConfigKeys (ConfUtils.java:logGet(43)) - raft.server.log.purge.gap = 1000000 (custom)
2019-08-30 15:05:27,511 [pool-47-thread-1] INFO  segmented.SegmentedRaftLogWorker (SegmentedRaftLogWorker.java:<init>(172)) - new 56fefae5-2763-4634-a764-1d1f5af899ed-SegmentedRaftLogWorker:Storage Directory /workdir/hadoop-ozone/integration-test/target/test-dir/MiniOzoneClusterImpl-c9bf924e-a99a-40de-a7b2-d35176791736/datanode-2/data/ratis/8798ce88-ce0d-49ee-a819-d49d3a09b945 for RaftStorage:Storage Directory /workdir/hadoop-ozone/integration-test/target/test-dir/MiniOzoneClusterImpl-c9bf924e-a99a-40de-a7b2-d35176791736/datanode-2/data/ratis/8798ce88-ce0d-49ee-a819-d49d3a09b945
2019-08-30 15:05:27,511 [pool-77-thread-1] INFO  server.RaftServerConfigKeys (ConfUtils.java:logGet(43)) - raft.server.log.appender.buffer.byte-limit = 33554432 (custom)
2019-08-30 15:05:27,512 [pool-47-thread-1] INFO  server.RaftServerConfigKeys (ConfUtils.java:logGet(43)) - raft.server.log.queue.byte-limit = 2147483647 (custom)
2019-08-30 15:05:27,512 [pool-87-thread-1] INFO  server.RaftServerConfigKeys (ConfUtils.java:logGet(43)) - raft.server.log.appender.buffer.byte-limit = 33554432 (custom)
2019-08-30 15:05:27,514 [pool-47-thread-1] INFO  server.RaftServerConfigKeys (ConfUtils.java:logGet(43)) - raft.server.log.queue.element-limit = 1024 (custom)
2019-08-30 15:05:27,514 [pool-77-thread-1] INFO  server.RaftServerConfigKeys (ConfUtils.java:logGet(43)) - raft.server.log.segment.size.max = 1048576 (custom)
2019-08-30 15:05:27,515 [pool-47-thread-1] INFO  server.RaftServerConfigKeys (ConfUtils.java:logGet(43)) - raft.server.log.segment.size.max = 1048576 (custom)
2019-08-30 15:05:27,515 [pool-87-thread-1] INFO  server.RaftServerConfigKeys (ConfUtils.java:logGet(43)) - raft.server.log.segment.size.max = 1048576 (custom)
2019-08-30 15:05:27,515 [pool-47-thread-1] INFO  server.RaftServerConfigKeys (ConfUtils.java:logGet(43)) - raft.server.log.preallocated.size = 16384 (custom)
2019-08-30 15:05:27,515 [pool-77-thread-1] INFO  server.RaftServerConfigKeys (ConfUtils.java:logGet(43)) - raft.server.log.segment.cache.num.max = 2 (custom)
2019-08-30 15:05:27,516 [pool-47-thread-1] INFO  server.RaftServerConfigKeys (ConfUtils.java:logGet(43)) - raft.server.log.write.buffer.size = 33554432 (custom)
2019-08-30 15:05:27,515 [pool-87-thread-1] INFO  server.RaftServerConfigKeys (ConfUtils.java:logGet(43)) - raft.server.log.segment.cache.num.max = 2 (custom)
2019-08-30 15:05:27,516 [pool-47-thread-1] INFO  server.RaftServerConfigKeys (ConfUtils.java:logGet(43)) - raft.server.log.force.sync.num = 128 (default)
2019-08-30 15:05:27,516 [pool-77-thread-1] INFO  segmented.SegmentedRaftLogWorker (SegmentedRaftLogWorker.java:<init>(172)) - new ff806b18-47a3-461f-8103-ac239ab05d36-SegmentedRaftLogWorker:Storage Directory /workdir/hadoop-ozone/integration-test/target/test-dir/MiniOzoneClusterImpl-c9bf924e-a99a-40de-a7b2-d35176791736/datanode-5/data/ratis/8798ce88-ce0d-49ee-a819-d49d3a09b945 for RaftStorage:Storage Directory /workdir/hadoop-ozone/integration-test/target/test-dir/MiniOzoneClusterImpl-c9bf924e-a99a-40de-a7b2-d35176791736/datanode-5/data/ratis/8798ce88-ce0d-49ee-a819-d49d3a09b945
2019-08-30 15:05:27,516 [pool-47-thread-1] INFO  server.RaftServerConfigKeys (ConfUtils.java:logGet(43)) - raft.server.log.statemachine.data.sync = true (default)
2019-08-30 15:05:27,516 [pool-87-thread-1] INFO  segmented.SegmentedRaftLogWorker (SegmentedRaftLogWorker.java:<init>(172)) - new fc5bbe82-8490-41a4-97d8-e34a13b8703c-SegmentedRaftLogWorker:Storage Directory /workdir/hadoop-ozone/integration-test/target/test-dir/MiniOzoneClusterImpl-c9bf924e-a99a-40de-a7b2-d35176791736/datanode-6/data/ratis/8798ce88-ce0d-49ee-a819-d49d3a09b945 for RaftStorage:Storage Directory /workdir/hadoop-ozone/integration-test/target/test-dir/MiniOzoneClusterImpl-c9bf924e-a99a-40de-a7b2-d35176791736/datanode-6/data/ratis/8798ce88-ce0d-49ee-a819-d49d3a09b945
2019-08-30 15:05:27,517 [pool-47-thread-1] INFO  server.RaftServerConfigKeys (ConfUtils.java:logGet(43)) - raft.server.log.statemachine.data.sync.timeout = 10s (default)
2019-08-30 15:05:27,517 [pool-77-thread-1] INFO  server.RaftServerConfigKeys (ConfUtils.java:logGet(43)) - raft.server.log.queue.byte-limit = 2147483647 (custom)
2019-08-30 15:05:27,521 [pool-47-thread-1] INFO  server.RaftServerConfigKeys (ConfUtils.java:logGet(43)) - raft.server.log.statemachine.data.sync.timeout.retry = -1 (default)
2019-08-30 15:05:27,519 [pool-87-thread-1] INFO  server.RaftServerConfigKeys (ConfUtils.java:logGet(43)) - raft.server.log.queue.byte-limit = 2147483647 (custom)
2019-08-30 15:05:27,522 [pool-47-thread-1] INFO  server.RaftServerConfigKeys (ConfUtils.java:logGet(43)) - raft.server.log.statemachine.data.caching.enabled = true (custom)
2019-08-30 15:05:27,521 [pool-77-thread-1] INFO  server.RaftServerConfigKeys (ConfUtils.java:logGet(43)) - raft.server.log.queue.element-limit = 1024 (custom)
2019-08-30 15:05:27,522 [pool-87-thread-1] INFO  server.RaftServerConfigKeys (ConfUtils.java:logGet(43)) - raft.server.log.queue.element-limit = 1024 (custom)
2019-08-30 15:05:27,522 [pool-77-thread-1] INFO  server.RaftServerConfigKeys (ConfUtils.java:logGet(43)) - raft.server.log.segment.size.max = 1048576 (custom)
2019-08-30 15:05:27,522 [pool-47-thread-1] INFO  segmented.SegmentedRaftLogWorker (SegmentedRaftLogWorker.java:lambda$new$0(132)) - 56fefae5-2763-4634-a764-1d1f5af899ed-SegmentedRaftLogWorker:Storage Directory /workdir/hadoop-ozone/integration-test/target/test-dir/MiniOzoneClusterImpl-c9bf924e-a99a-40de-a7b2-d35176791736/datanode-2/data/ratis/8798ce88-ce0d-49ee-a819-d49d3a09b945: flushIndex: setUnconditionally 0 -> -1
2019-08-30 15:05:27,522 [pool-77-thread-1] INFO  server.RaftServerConfigKeys (ConfUtils.java:logGet(43)) - raft.server.log.preallocated.size = 16384 (custom)
2019-08-30 15:05:27,523 [pool-47-thread-1] INFO  server.RaftServerConfigKeys (ConfUtils.java:logGet(43)) - raft.server.snapshot.auto.trigger.enabled = true (custom)
2019-08-30 15:05:27,522 [pool-87-thread-1] INFO  server.RaftServerConfigKeys (ConfUtils.java:logGet(43)) - raft.server.log.segment.size.max = 1048576 (custom)
2019-08-30 15:05:27,523 [pool-47-thread-1] INFO  server.RaftServerConfigKeys (ConfUtils.java:logGet(43)) - raft.server.snapshot.auto.trigger.threshold = 10000 (custom)
2019-08-30 15:05:27,523 [pool-77-thread-1] INFO  server.RaftServerConfigKeys (ConfUtils.java:logGet(43)) - raft.server.log.write.buffer.size = 33554432 (custom)
2019-08-30 15:05:27,524 [pool-47-thread-1] INFO  server.RaftServerConfigKeys (ConfUtils.java:logGet(43)) - raft.server.retrycache.expirytime = 600000ms (custom)
2019-08-30 15:05:27,523 [pool-87-thread-1] INFO  server.RaftServerConfigKeys (ConfUtils.java:logGet(43)) - raft.server.log.preallocated.size = 16384 (custom)
2019-08-30 15:05:27,524 [pool-47-thread-1] INFO  impl.RaftServerImpl (RaftServerImpl.java:start(180)) - 56fefae5-2763-4634-a764-1d1f5af899ed: start group-D49D3A09B945
2019-08-30 15:05:27,524 [pool-77-thread-1] INFO  server.RaftServerConfigKeys (ConfUtils.java:logGet(43)) - raft.server.log.force.sync.num = 128 (default)
2019-08-30 15:05:27,524 [pool-47-thread-1] INFO  impl.RaftServerImpl (RaftServerImpl.java:setRole(171)) - 56fefae5-2763-4634-a764-1d1f5af899ed:group-D49D3A09B945 changes role from null to FOLLOWER at term 0 for startAsFollower
2019-08-30 15:05:27,524 [pool-87-thread-1] INFO  server.RaftServerConfigKeys (ConfUtils.java:logGet(43)) - raft.server.log.write.buffer.size = 33554432 (custom)
2019-08-30 15:05:27,525 [pool-47-thread-1] INFO  impl.RoleInfo (RoleInfo.java:updateAndGet(143)) - 56fefae5-2763-4634-a764-1d1f5af899ed: start FollowerState
2019-08-30 15:05:27,524 [pool-77-thread-1] INFO  server.RaftServerConfigKeys (ConfUtils.java:logGet(43)) - raft.server.log.statemachine.data.sync = true (default)
2019-08-30 15:05:27,525 [pool-87-thread-1] INFO  server.RaftServerConfigKeys (ConfUtils.java:logGet(43)) - raft.server.log.force.sync.num = 128 (default)
2019-08-30 15:05:27,525 [pool-77-thread-1] INFO  server.RaftServerConfigKeys (ConfUtils.java:logGet(43)) - raft.server.log.statemachine.data.sync.timeout = 10s (default)
2019-08-30 15:05:27,525 [pool-47-thread-1] INFO  util.JmxRegister (JmxRegister.java:tryRegister(44)) - Successfully registered JMX Bean with object name Ratis:service=RaftServer,group=group-D49D3A09B945,id=56fefae5-2763-4634-a764-1d1f5af899ed
2019-08-30 15:05:27,525 [pool-87-thread-1] INFO  server.RaftServerConfigKeys (ConfUtils.java:logGet(43)) - raft.server.log.statemachine.data.sync = true (default)
2019-08-30 15:05:27,526 [pool-77-thread-1] INFO  server.RaftServerConfigKeys (ConfUtils.java:logGet(43)) - raft.server.log.statemachine.data.sync.timeout.retry = -1 (default)
2019-08-30 15:05:27,526 [pool-87-thread-1] INFO  server.RaftServerConfigKeys (ConfUtils.java:logGet(43)) - raft.server.log.statemachine.data.sync.timeout = 10s (default)
2019-08-30 15:05:27,526 [pool-77-thread-1] INFO  server.RaftServerConfigKeys (ConfUtils.java:logGet(43)) - raft.server.log.statemachine.data.caching.enabled = true (custom)
2019-08-30 15:05:27,526 [pool-87-thread-1] INFO  server.RaftServerConfigKeys (ConfUtils.java:logGet(43)) - raft.server.log.statemachine.data.sync.timeout.retry = -1 (default)
2019-08-30 15:05:27,527 [pool-77-thread-1] INFO  segmented.SegmentedRaftLogWorker (SegmentedRaftLogWorker.java:lambda$new$0(132)) - ff806b18-47a3-461f-8103-ac239ab05d36-SegmentedRaftLogWorker:Storage Directory /workdir/hadoop-ozone/integration-test/target/test-dir/MiniOzoneClusterImpl-c9bf924e-a99a-40de-a7b2-d35176791736/datanode-5/data/ratis/8798ce88-ce0d-49ee-a819-d49d3a09b945: flushIndex: setUnconditionally 0 -> -1
2019-08-30 15:05:27,527 [pool-87-thread-1] INFO  server.RaftServerConfigKeys (ConfUtils.java:logGet(43)) - raft.server.log.statemachine.data.caching.enabled = true (custom)
2019-08-30 15:05:27,527 [pool-77-thread-1] INFO  server.RaftServerConfigKeys (ConfUtils.java:logGet(43)) - raft.server.snapshot.auto.trigger.enabled = true (custom)
2019-08-30 15:05:27,527 [pool-87-thread-1] INFO  segmented.SegmentedRaftLogWorker (SegmentedRaftLogWorker.java:lambda$new$0(132)) - fc5bbe82-8490-41a4-97d8-e34a13b8703c-SegmentedRaftLogWorker:Storage Directory /workdir/hadoop-ozone/integration-test/target/test-dir/MiniOzoneClusterImpl-c9bf924e-a99a-40de-a7b2-d35176791736/datanode-6/data/ratis/8798ce88-ce0d-49ee-a819-d49d3a09b945: flushIndex: setUnconditionally 0 -> -1
2019-08-30 15:05:27,527 [pool-77-thread-1] INFO  server.RaftServerConfigKeys (ConfUtils.java:logGet(43)) - raft.server.snapshot.auto.trigger.threshold = 10000 (custom)
2019-08-30 15:05:27,530 [pool-87-thread-1] INFO  server.RaftServerConfigKeys (ConfUtils.java:logGet(43)) - raft.server.snapshot.auto.trigger.enabled = true (custom)
2019-08-30 15:05:27,530 [pool-77-thread-1] INFO  server.RaftServerConfigKeys (ConfUtils.java:logGet(43)) - raft.server.retrycache.expirytime = 600000ms (custom)
2019-08-30 15:05:27,530 [pool-87-thread-1] INFO  server.RaftServerConfigKeys (ConfUtils.java:logGet(43)) - raft.server.snapshot.auto.trigger.threshold = 10000 (custom)
2019-08-30 15:05:27,532 [pool-77-thread-1] INFO  impl.RaftServerImpl (RaftServerImpl.java:start(180)) - ff806b18-47a3-461f-8103-ac239ab05d36: start group-D49D3A09B945
2019-08-30 15:05:27,532 [pool-87-thread-1] INFO  server.RaftServerConfigKeys (ConfUtils.java:logGet(43)) - raft.server.retrycache.expirytime = 600000ms (custom)
2019-08-30 15:05:27,532 [pool-77-thread-1] INFO  impl.RaftServerImpl (RaftServerImpl.java:setRole(171)) - ff806b18-47a3-461f-8103-ac239ab05d36:group-D49D3A09B945 changes role from null to FOLLOWER at term 0 for startAsFollower
2019-08-30 15:05:27,533 [pool-87-thread-1] INFO  impl.RaftServerImpl (RaftServerImpl.java:start(180)) - fc5bbe82-8490-41a4-97d8-e34a13b8703c: start group-D49D3A09B945
2019-08-30 15:05:27,534 [pool-77-thread-1] INFO  impl.RoleInfo (RoleInfo.java:updateAndGet(143)) - ff806b18-47a3-461f-8103-ac239ab05d36: start FollowerState
2019-08-30 15:05:27,535 [pool-87-thread-1] INFO  impl.RaftServerImpl (RaftServerImpl.java:setRole(171)) - fc5bbe82-8490-41a4-97d8-e34a13b8703c:group-D49D3A09B945 changes role from null to FOLLOWER at term 0 for startAsFollower
2019-08-30 15:05:27,536 [pool-87-thread-1] INFO  impl.RoleInfo (RoleInfo.java:updateAndGet(143)) - fc5bbe82-8490-41a4-97d8-e34a13b8703c: start FollowerState
2019-08-30 15:05:27,537 [pool-77-thread-1] INFO  util.JmxRegister (JmxRegister.java:tryRegister(44)) - Successfully registered JMX Bean with object name Ratis:service=RaftServer,group=group-D49D3A09B945,id=ff806b18-47a3-461f-8103-ac239ab05d36
2019-08-30 15:05:27,537 [pool-87-thread-1] INFO  util.JmxRegister (JmxRegister.java:tryRegister(44)) - Successfully registered JMX Bean with object name Ratis:service=RaftServer,group=group-D49D3A09B945,id=fc5bbe82-8490-41a4-97d8-e34a13b8703c
2019-08-30 15:05:27,560 [RatisPipelineUtilsThread] INFO  pipeline.PipelineStateManager (PipelineStateManager.java:addPipeline(56)) - Created pipeline Pipeline[ Id: 8798ce88-ce0d-49ee-a819-d49d3a09b945, Nodes: 56fefae5-2763-4634-a764-1d1f5af899ed{ip: 192.168.5.134, host: pr-hdds-2060-hng4s-2675214545, networkLocation: /default-rack, certSerialId: null}ff806b18-47a3-461f-8103-ac239ab05d36{ip: 192.168.5.134, host: pr-hdds-2060-hng4s-2675214545, networkLocation: /default-rack, certSerialId: null}fc5bbe82-8490-41a4-97d8-e34a13b8703c{ip: 192.168.5.134, host: pr-hdds-2060-hng4s-2675214545, networkLocation: /default-rack, certSerialId: null}, Type:RATIS, Factor:THREE, State:OPEN]
2019-08-30 15:05:27,965 | INFO  | SCMAudit | user=jenkins1000 | ip=192.168.5.134 | op=SEND_HEARTBEAT {datanodeUUID=f7e068fb-6143-4078-8f73-64e97620f45b, command=[]} | ret=SUCCESS |  
2019-08-30 15:05:28,024 | INFO  | SCMAudit | user=jenkins1000 | ip=192.168.5.134 | op=SEND_HEARTBEAT {datanodeUUID=a7864295-ee65-4810-9484-3806f14c48e5, command=[]} | ret=SUCCESS |  
2019-08-30 15:05:28,103 | INFO  | SCMAudit | user=jenkins1000 | ip=192.168.5.134 | op=SEND_HEARTBEAT {datanodeUUID=56fefae5-2763-4634-a764-1d1f5af899ed, command=[]} | ret=SUCCESS |  
2019-08-30 15:05:28,109 [main] INFO  rpc.RpcClient (RpcClient.java:createVolume(293)) - Creating Volume: testblockoutputstream, with jenkins1000 as owner.
2019-08-30 15:05:28,147 | INFO  | OMAudit | user=jenkins1000 | ip=127.0.0.1 | op=CREATE_VOLUME {admin=jenkins1000, owner=jenkins1000, volume=testblockoutputstream, creationTime=1567177528142, quotaInBytes=1152921504606846976} | ret=SUCCESS |  
2019-08-30 15:05:28,168 | INFO  | OMAudit | user=jenkins1000 | ip=127.0.0.1 | op=READ_VOLUME {volume=testblockoutputstream} | ret=SUCCESS |  
2019-08-30 15:05:28,176 [main] INFO  rpc.RpcClient (RpcClient.java:createBucket(432)) - Creating Bucket: testblockoutputstream/testblockoutputstream, with Versioning false and Storage Type set to DISK and Encryption set to false 
2019-08-30 15:05:28,198 | INFO  | OMAudit | user=jenkins1000 | ip=127.0.0.1 | op=CREATE_BUCKET {volume=testblockoutputstream, bucket=testblockoutputstream, acls=[user:jenkins1000:a[ACCESS], group:default:a[ACCESS]], isVersionEnabled=false, storageType=DISK, creationTime=0} | ret=SUCCESS |  
2019-08-30 15:05:28,201 [main] INFO  impl.MetricsSystemImpl (MetricsSystemImpl.java:init(158)) - XceiverClientMetrics metrics system started (again)
2019-08-30 15:05:28,202 | INFO  | SCMAudit | user=jenkins1000 | ip=192.168.5.134 | op=SEND_HEARTBEAT {datanodeUUID=d5adc888-1e0a-4c25-807e-09fade1f1b41, command=[]} | ret=SUCCESS |  
2019-08-30 15:05:28,212 | INFO  | OMAudit | user=jenkins1000 | ip=127.0.0.1 | op=READ_VOLUME {volume=testblockoutputstream} | ret=SUCCESS |  
2019-08-30 15:05:28,221 | INFO  | OMAudit | user=jenkins1000 | ip=127.0.0.1 | op=READ_BUCKET {volume=testblockoutputstream, bucket=testblockoutputstream} | ret=SUCCESS |  
2019-08-30 15:05:28,278 | INFO  | SCMAudit | user=jenkins1000 | ip=192.168.5.134 | op=ALLOCATE_BLOCK {owner=bc40c752-a8a4-4c6c-b2db-a1c7838bafa4, size=800, type=RATIS, factor=THREE} | ret=SUCCESS |  
2019-08-30 15:05:28,281 | INFO  | SCMAudit | user=jenkins1000 | ip=192.168.5.134 | op=SEND_HEARTBEAT {datanodeUUID=051f1e26-d98e-44a9-be86-7d4b3c80ff32, command=[]} | ret=SUCCESS |  
2019-08-30 15:05:28,310 | INFO  | OMAudit | user=jenkins1000 | ip=127.0.0.1 | op=ALLOCATE_KEY {volume=testblockoutputstream, bucket=testblockoutputstream, key=35e128fa-ea1f-4600-bf24-83d624505bce, dataSize=0, replicationType=RATIS, replicationFactor=THREE, keyLocationInfo=null} | ret=SUCCESS |  
2019-08-30 15:05:28,741 | INFO  | SCMAudit | user=jenkins1000 | ip=192.168.5.134 | op=SEND_HEARTBEAT {datanodeUUID=fc5bbe82-8490-41a4-97d8-e34a13b8703c, command=[]} | ret=SUCCESS |  
2019-08-30 15:05:28,741 | INFO  | SCMAudit | user=jenkins1000 | ip=192.168.5.134 | op=SEND_HEARTBEAT {datanodeUUID=ff806b18-47a3-461f-8103-ac239ab05d36, command=[]} | ret=SUCCESS |  
2019-08-30 15:05:28,860 [grpc-default-executor-2] INFO  client.GrpcClientProtocolClient (GrpcClientProtocolClient.java:onNext(255)) - client-29B5ABD7A86F->56fefae5-2763-4634-a764-1d1f5af899ed: receive RaftClientReply:client-29B5ABD7A86F->56fefae5-2763-4634-a764-1d1f5af899ed@group-D49D3A09B945, cid=13, FAILED org.apache.ratis.protocol.NotLeaderException: Server 56fefae5-2763-4634-a764-1d1f5af899ed is not the leader (null). Request must be sent to leader., logIndex=0, commits[56fefae5-2763-4634-a764-1d1f5af899ed:c-1]
2019-08-30 15:05:28,944 | INFO  | SCMAudit | user=jenkins1000 | ip=192.168.5.134 | op=SEND_HEARTBEAT {datanodeUUID=f7e068fb-6143-4078-8f73-64e97620f45b, command=[]} | ret=SUCCESS |  
2019-08-30 15:05:29,000 [Thread-238] INFO  container.ReplicationManager (ReplicationManager.java:start(162)) - Starting Replication Monitor Thread.
2019-08-30 15:05:29,003 [ReplicationMonitor] INFO  container.ReplicationManager (ReplicationManager.java:run(225)) - Replication Monitor Thread took 3 milliseconds for processing 1 containers.
2019-08-30 15:05:29,022 | INFO  | SCMAudit | user=jenkins1000 | ip=192.168.5.134 | op=SEND_HEARTBEAT {datanodeUUID=a7864295-ee65-4810-9484-3806f14c48e5, command=[]} | ret=SUCCESS |  
2019-08-30 15:05:29,102 | INFO  | SCMAudit | user=jenkins1000 | ip=192.168.5.134 | op=SEND_HEARTBEAT {datanodeUUID=56fefae5-2763-4634-a764-1d1f5af899ed, command=[]} | ret=SUCCESS |  
2019-08-30 15:05:29,203 | INFO  | SCMAudit | user=jenkins1000 | ip=192.168.5.134 | op=SEND_HEARTBEAT {datanodeUUID=d5adc888-1e0a-4c25-807e-09fade1f1b41, command=[]} | ret=SUCCESS |  
2019-08-30 15:05:29,307 | INFO  | SCMAudit | user=jenkins1000 | ip=192.168.5.134 | op=SEND_HEARTBEAT {datanodeUUID=051f1e26-d98e-44a9-be86-7d4b3c80ff32, command=[]} | ret=SUCCESS |  
2019-08-30 15:05:29,740 | INFO  | SCMAudit | user=jenkins1000 | ip=192.168.5.134 | op=SEND_HEARTBEAT {datanodeUUID=fc5bbe82-8490-41a4-97d8-e34a13b8703c, command=[]} | ret=SUCCESS |  
2019-08-30 15:05:29,740 | INFO  | SCMAudit | user=jenkins1000 | ip=192.168.5.134 | op=SEND_HEARTBEAT {datanodeUUID=ff806b18-47a3-461f-8103-ac239ab05d36, command=[]} | ret=SUCCESS |  
2019-08-30 15:05:29,906 [grpc-default-executor-1] INFO  client.GrpcClientProtocolClient (GrpcClientProtocolClient.java:onNext(255)) - client-29B5ABD7A86F->fc5bbe82-8490-41a4-97d8-e34a13b8703c: receive RaftClientReply:client-29B5ABD7A86F->fc5bbe82-8490-41a4-97d8-e34a13b8703c@group-D49D3A09B945, cid=13, FAILED org.apache.ratis.protocol.NotLeaderException: Server fc5bbe82-8490-41a4-97d8-e34a13b8703c is not the leader (null). Request must be sent to leader., logIndex=0, commits[fc5bbe82-8490-41a4-97d8-e34a13b8703c:c-1]
2019-08-30 15:05:29,943 | INFO  | SCMAudit | user=jenkins1000 | ip=192.168.5.134 | op=SEND_HEARTBEAT {datanodeUUID=f7e068fb-6143-4078-8f73-64e97620f45b, command=[]} | ret=SUCCESS |  
2019-08-30 15:05:30,023 | INFO  | SCMAudit | user=jenkins1000 | ip=192.168.5.134 | op=SEND_HEARTBEAT {datanodeUUID=a7864295-ee65-4810-9484-3806f14c48e5, command=[]} | ret=SUCCESS |  
2019-08-30 15:05:30,114 | INFO  | SCMAudit | user=jenkins1000 | ip=192.168.5.134 | op=SEND_HEARTBEAT {datanodeUUID=56fefae5-2763-4634-a764-1d1f5af899ed, command=[]} | ret=SUCCESS |  
2019-08-30 15:05:30,202 | INFO  | SCMAudit | user=jenkins1000 | ip=192.168.5.134 | op=SEND_HEARTBEAT {datanodeUUID=d5adc888-1e0a-4c25-807e-09fade1f1b41, command=[]} | ret=SUCCESS |  
2019-08-30 15:05:30,280 | INFO  | SCMAudit | user=jenkins1000 | ip=192.168.5.134 | op=SEND_HEARTBEAT {datanodeUUID=051f1e26-d98e-44a9-be86-7d4b3c80ff32, command=[]} | ret=SUCCESS |  
2019-08-30 15:05:30,737 | INFO  | SCMAudit | user=jenkins1000 | ip=192.168.5.134 | op=SEND_HEARTBEAT {datanodeUUID=fc5bbe82-8490-41a4-97d8-e34a13b8703c, command=[]} | ret=SUCCESS |  
2019-08-30 15:05:30,738 | INFO  | SCMAudit | user=jenkins1000 | ip=192.168.5.134 | op=SEND_HEARTBEAT {datanodeUUID=ff806b18-47a3-461f-8103-ac239ab05d36, command=[]} | ret=SUCCESS |  
2019-08-30 15:05:30,935 [grpc-default-executor-1] INFO  client.GrpcClientProtocolClient (GrpcClientProtocolClient.java:onNext(255)) - client-29B5ABD7A86F->ff806b18-47a3-461f-8103-ac239ab05d36: receive RaftClientReply:client-29B5ABD7A86F->ff806b18-47a3-461f-8103-ac239ab05d36@group-D49D3A09B945, cid=13, FAILED org.apache.ratis.protocol.NotLeaderException: Server ff806b18-47a3-461f-8103-ac239ab05d36 is not the leader (null). Request must be sent to leader., logIndex=0, commits[ff806b18-47a3-461f-8103-ac239ab05d36:c-1]
2019-08-30 15:05:30,943 | INFO  | SCMAudit | user=jenkins1000 | ip=192.168.5.134 | op=SEND_HEARTBEAT {datanodeUUID=f7e068fb-6143-4078-8f73-64e97620f45b, command=[]} | ret=SUCCESS |  
2019-08-30 15:05:31,021 | INFO  | SCMAudit | user=jenkins1000 | ip=192.168.5.134 | op=SEND_HEARTBEAT {datanodeUUID=a7864295-ee65-4810-9484-3806f14c48e5, command=[]} | ret=SUCCESS |  
2019-08-30 15:05:31,099 | INFO  | SCMAudit | user=jenkins1000 | ip=192.168.5.134 | op=SEND_HEARTBEAT {datanodeUUID=56fefae5-2763-4634-a764-1d1f5af899ed, command=[]} | ret=SUCCESS |  
2019-08-30 15:05:31,205 | INFO  | SCMAudit | user=jenkins1000 | ip=192.168.5.134 | op=SEND_HEARTBEAT {datanodeUUID=d5adc888-1e0a-4c25-807e-09fade1f1b41, command=[]} | ret=SUCCESS |  
2019-08-30 15:05:31,280 | INFO  | SCMAudit | user=jenkins1000 | ip=192.168.5.134 | op=SEND_HEARTBEAT {datanodeUUID=051f1e26-d98e-44a9-be86-7d4b3c80ff32, command=[]} | ret=SUCCESS |  
2019-08-30 15:05:31,737 | INFO  | SCMAudit | user=jenkins1000 | ip=192.168.5.134 | op=SEND_HEARTBEAT {datanodeUUID=fc5bbe82-8490-41a4-97d8-e34a13b8703c, command=[]} | ret=SUCCESS |  
2019-08-30 15:05:31,738 | INFO  | SCMAudit | user=jenkins1000 | ip=192.168.5.134 | op=SEND_HEARTBEAT {datanodeUUID=ff806b18-47a3-461f-8103-ac239ab05d36, command=[]} | ret=SUCCESS |  
2019-08-30 15:05:31,796 [Thread-240] INFO  impl.FollowerState (FollowerState.java:run(106)) - f7e068fb-6143-4078-8f73-64e97620f45b:group-A8752755ABD2 changes to CANDIDATE, lastRpcTime:5129, electionTimeout:5128ms
2019-08-30 15:05:31,799 [Thread-240] INFO  impl.RoleInfo (RoleInfo.java:shutdownFollowerState(121)) - f7e068fb-6143-4078-8f73-64e97620f45b: shutdown FollowerState
2019-08-30 15:05:31,799 [Thread-240] INFO  impl.RaftServerImpl (RaftServerImpl.java:setRole(171)) - f7e068fb-6143-4078-8f73-64e97620f45b:group-A8752755ABD2 changes role from FOLLOWER to CANDIDATE at term 0 for changeToCandidate
2019-08-30 15:05:31,806 [Thread-240] INFO  impl.RoleInfo (RoleInfo.java:updateAndGet(143)) - f7e068fb-6143-4078-8f73-64e97620f45b: start LeaderElection
2019-08-30 15:05:31,827 [f7e068fb-6143-4078-8f73-64e97620f45b:group-A8752755ABD2:LeaderElection1] INFO  impl.LeaderElection (LeaderElection.java:askForVotes(181)) - f7e068fb-6143-4078-8f73-64e97620f45b:group-A8752755ABD2:LeaderElection1: begin an election at term 1 for -1: [f7e068fb-6143-4078-8f73-64e97620f45b:192.168.5.134:35790], old=null
2019-08-30 15:05:31,831 [f7e068fb-6143-4078-8f73-64e97620f45b:group-A8752755ABD2:LeaderElection1] INFO  impl.RoleInfo (RoleInfo.java:shutdownLeaderElection(134)) - f7e068fb-6143-4078-8f73-64e97620f45b: shutdown LeaderElection
2019-08-30 15:05:31,832 [f7e068fb-6143-4078-8f73-64e97620f45b:group-A8752755ABD2:LeaderElection1] INFO  impl.RaftServerImpl (RaftServerImpl.java:setRole(171)) - f7e068fb-6143-4078-8f73-64e97620f45b:group-A8752755ABD2 changes role from CANDIDATE to LEADER at term 1 for changeToLeader
2019-08-30 15:05:31,833 [f7e068fb-6143-4078-8f73-64e97620f45b:group-A8752755ABD2:LeaderElection1] INFO  impl.RaftServerImpl (ServerState.java:setLeader(263)) - f7e068fb-6143-4078-8f73-64e97620f45b:group-A8752755ABD2 change Leader from null to f7e068fb-6143-4078-8f73-64e97620f45b at term 1 for becomeLeader, leader elected after 5242ms
2019-08-30 15:05:31,844 [f7e068fb-6143-4078-8f73-64e97620f45b:group-A8752755ABD2:LeaderElection1] INFO  server.RaftServerConfigKeys (ConfUtils.java:logGet(43)) - raft.server.staging.catchup.gap = 1000 (default)
2019-08-30 15:05:31,845 [f7e068fb-6143-4078-8f73-64e97620f45b:group-A8752755ABD2:LeaderElection1] INFO  server.RaftServerConfigKeys (ConfUtils.java:logGet(43)) - raft.server.rpc.sleep.time = 25ms (default)
2019-08-30 15:05:31,849 [f7e068fb-6143-4078-8f73-64e97620f45b:group-A8752755ABD2:LeaderElection1] INFO  server.RaftServerConfigKeys (ConfUtils.java:logGet(43)) - raft.server.write.element-limit = 4096 (default)
2019-08-30 15:05:31,852 [f7e068fb-6143-4078-8f73-64e97620f45b:group-A8752755ABD2:LeaderElection1] INFO  server.RaftServerConfigKeys (ConfUtils.java:logGet(43)) - raft.server.watch.timeout = 10s (default)
2019-08-30 15:05:31,852 [f7e068fb-6143-4078-8f73-64e97620f45b:group-A8752755ABD2:LeaderElection1] INFO  server.RaftServerConfigKeys (ConfUtils.java:logGet(43)) - raft.server.watch.timeout.denomination = 1s (default)
2019-08-30 15:05:31,853 [f7e068fb-6143-4078-8f73-64e97620f45b:group-A8752755ABD2:LeaderElection1] INFO  server.RaftServerConfigKeys (ConfUtils.java:logGet(43)) - raft.server.watch.element-limit = 65536 (default)
2019-08-30 15:05:31,865 [f7e068fb-6143-4078-8f73-64e97620f45b:group-A8752755ABD2:LeaderElection1] INFO  impl.RoleInfo (RoleInfo.java:updateAndGet(143)) - f7e068fb-6143-4078-8f73-64e97620f45b: start LeaderState
2019-08-30 15:05:31,893 [f7e068fb-6143-4078-8f73-64e97620f45b:group-A8752755ABD2:LeaderElection1] INFO  segmented.SegmentedRaftLogWorker (SegmentedRaftLogWorker.java:startLogSegment(380)) - f7e068fb-6143-4078-8f73-64e97620f45b-SegmentedRaftLogWorker:Storage Directory /workdir/hadoop-ozone/integration-test/target/test-dir/MiniOzoneClusterImpl-c9bf924e-a99a-40de-a7b2-d35176791736/datanode-0/data/ratis/f29f7be5-1f32-4cc8-8c5f-a8752755abd2: Starting segment from index:0
2019-08-30 15:05:31,903 [f7e068fb-6143-4078-8f73-64e97620f45b:group-A8752755ABD2:LeaderElection1] INFO  impl.RaftServerImpl (ServerState.java:setRaftConf(361)) - f7e068fb-6143-4078-8f73-64e97620f45b:group-A8752755ABD2 set configuration 0: [f7e068fb-6143-4078-8f73-64e97620f45b:192.168.5.134:35790], old=null at 0
2019-08-30 15:05:31,941 | INFO  | SCMAudit | user=jenkins1000 | ip=192.168.5.134 | op=SEND_HEARTBEAT {datanodeUUID=f7e068fb-6143-4078-8f73-64e97620f45b, command=[]} | ret=SUCCESS |  
2019-08-30 15:05:31,957 [Thread-243] INFO  impl.FollowerState (FollowerState.java:run(106)) - d5adc888-1e0a-4c25-807e-09fade1f1b41:group-B06EEE2D92DB changes to CANDIDATE, lastRpcTime:5098, electionTimeout:5096ms
2019-08-30 15:05:31,969 [Thread-243] INFO  impl.RoleInfo (RoleInfo.java:shutdownFollowerState(121)) - d5adc888-1e0a-4c25-807e-09fade1f1b41: shutdown FollowerState
2019-08-30 15:05:31,969 [Thread-243] INFO  impl.RaftServerImpl (RaftServerImpl.java:setRole(171)) - d5adc888-1e0a-4c25-807e-09fade1f1b41:group-B06EEE2D92DB changes role from FOLLOWER to CANDIDATE at term 0 for changeToCandidate
2019-08-30 15:05:31,969 [grpc-default-executor-2] INFO  client.GrpcClientProtocolClient (GrpcClientProtocolClient.java:onNext(255)) - client-29B5ABD7A86F->fc5bbe82-8490-41a4-97d8-e34a13b8703c: receive RaftClientReply:client-29B5ABD7A86F->fc5bbe82-8490-41a4-97d8-e34a13b8703c@group-D49D3A09B945, cid=13, FAILED org.apache.ratis.protocol.NotLeaderException: Server fc5bbe82-8490-41a4-97d8-e34a13b8703c is not the leader (null). Request must be sent to leader., logIndex=0, commits[fc5bbe82-8490-41a4-97d8-e34a13b8703c:c-1]
2019-08-30 15:05:31,969 [Thread-243] INFO  impl.RoleInfo (RoleInfo.java:updateAndGet(143)) - d5adc888-1e0a-4c25-807e-09fade1f1b41: start LeaderElection
2019-08-30 15:05:31,995 [d5adc888-1e0a-4c25-807e-09fade1f1b41:group-B06EEE2D92DB:LeaderElection2] INFO  impl.LeaderElection (LeaderElection.java:askForVotes(181)) - d5adc888-1e0a-4c25-807e-09fade1f1b41:group-B06EEE2D92DB:LeaderElection2: begin an election at term 1 for -1: [d5adc888-1e0a-4c25-807e-09fade1f1b41:192.168.5.134:42948], old=null
2019-08-30 15:05:31,997 [d5adc888-1e0a-4c25-807e-09fade1f1b41:group-B06EEE2D92DB:LeaderElection2] INFO  impl.RoleInfo (RoleInfo.java:shutdownLeaderElection(134)) - d5adc888-1e0a-4c25-807e-09fade1f1b41: shutdown LeaderElection
2019-08-30 15:05:31,997 [d5adc888-1e0a-4c25-807e-09fade1f1b41:group-B06EEE2D92DB:LeaderElection2] INFO  impl.RaftServerImpl (RaftServerImpl.java:setRole(171)) - d5adc888-1e0a-4c25-807e-09fade1f1b41:group-B06EEE2D92DB changes role from CANDIDATE to LEADER at term 1 for changeToLeader
2019-08-30 15:05:31,997 [d5adc888-1e0a-4c25-807e-09fade1f1b41:group-B06EEE2D92DB:LeaderElection2] INFO  impl.RaftServerImpl (ServerState.java:setLeader(263)) - d5adc888-1e0a-4c25-807e-09fade1f1b41:group-B06EEE2D92DB change Leader from null to d5adc888-1e0a-4c25-807e-09fade1f1b41 at term 1 for becomeLeader, leader elected after 5146ms
2019-08-30 15:05:31,999 [d5adc888-1e0a-4c25-807e-09fade1f1b41:group-B06EEE2D92DB:LeaderElection2] INFO  server.RaftServerConfigKeys (ConfUtils.java:logGet(43)) - raft.server.staging.catchup.gap = 1000 (default)
2019-08-30 15:05:31,999 [d5adc888-1e0a-4c25-807e-09fade1f1b41:group-B06EEE2D92DB:LeaderElection2] INFO  server.RaftServerConfigKeys (ConfUtils.java:logGet(43)) - raft.server.rpc.sleep.time = 25ms (default)
2019-08-30 15:05:32,000 [d5adc888-1e0a-4c25-807e-09fade1f1b41:group-B06EEE2D92DB:LeaderElection2] INFO  server.RaftServerConfigKeys (ConfUtils.java:logGet(43)) - raft.server.write.element-limit = 4096 (default)
2019-08-30 15:05:32,000 [d5adc888-1e0a-4c25-807e-09fade1f1b41:group-B06EEE2D92DB:LeaderElection2] INFO  server.RaftServerConfigKeys (ConfUtils.java:logGet(43)) - raft.server.watch.timeout = 10s (default)
2019-08-30 15:05:32,000 [d5adc888-1e0a-4c25-807e-09fade1f1b41:group-B06EEE2D92DB:LeaderElection2] INFO  server.RaftServerConfigKeys (ConfUtils.java:logGet(43)) - raft.server.watch.timeout.denomination = 1s (default)
2019-08-30 15:05:32,000 [d5adc888-1e0a-4c25-807e-09fade1f1b41:group-B06EEE2D92DB:LeaderElection2] INFO  server.RaftServerConfigKeys (ConfUtils.java:logGet(43)) - raft.server.watch.element-limit = 65536 (default)
2019-08-30 15:05:32,001 [d5adc888-1e0a-4c25-807e-09fade1f1b41:group-B06EEE2D92DB:LeaderElection2] INFO  impl.RoleInfo (RoleInfo.java:updateAndGet(143)) - d5adc888-1e0a-4c25-807e-09fade1f1b41: start LeaderState
2019-08-30 15:05:32,001 [d5adc888-1e0a-4c25-807e-09fade1f1b41:group-B06EEE2D92DB:LeaderElection2] INFO  segmented.SegmentedRaftLogWorker (SegmentedRaftLogWorker.java:startLogSegment(380)) - d5adc888-1e0a-4c25-807e-09fade1f1b41-SegmentedRaftLogWorker:Storage Directory /workdir/hadoop-ozone/integration-test/target/test-dir/MiniOzoneClusterImpl-c9bf924e-a99a-40de-a7b2-d35176791736/datanode-3/data/ratis/4ebdd106-9624-4eae-bc43-b06eee2d92db: Starting segment from index:0
2019-08-30 15:05:32,002 [d5adc888-1e0a-4c25-807e-09fade1f1b41:group-B06EEE2D92DB:LeaderElection2] INFO  impl.RaftServerImpl (ServerState.java:setRaftConf(361)) - d5adc888-1e0a-4c25-807e-09fade1f1b41:group-B06EEE2D92DB set configuration 0: [d5adc888-1e0a-4c25-807e-09fade1f1b41:192.168.5.134:42948], old=null at 0
2019-08-30 15:05:32,021 | INFO  | SCMAudit | user=jenkins1000 | ip=192.168.5.134 | op=SEND_HEARTBEAT {datanodeUUID=a7864295-ee65-4810-9484-3806f14c48e5, command=[]} | ret=SUCCESS |  
2019-08-30 15:05:32,098 | INFO  | SCMAudit | user=jenkins1000 | ip=192.168.5.134 | op=SEND_HEARTBEAT {datanodeUUID=56fefae5-2763-4634-a764-1d1f5af899ed, command=[]} | ret=SUCCESS |  
2019-08-30 15:05:32,109 [Thread-246] INFO  impl.FollowerState (FollowerState.java:run(106)) - 051f1e26-d98e-44a9-be86-7d4b3c80ff32:group-FA26393BE858 changes to CANDIDATE, lastRpcTime:5146, electionTimeout:5146ms
2019-08-30 15:05:32,111 [Thread-252] INFO  impl.FollowerState (FollowerState.java:run(106)) - ff806b18-47a3-461f-8103-ac239ab05d36:group-DB6CC64C0E52 changes to CANDIDATE, lastRpcTime:5002, electionTimeout:5001ms
2019-08-30 15:05:32,111 [Thread-246] INFO  impl.RoleInfo (RoleInfo.java:shutdownFollowerState(121)) - 051f1e26-d98e-44a9-be86-7d4b3c80ff32: shutdown FollowerState
2019-08-30 15:05:32,111 [Thread-252] INFO  impl.RoleInfo (RoleInfo.java:shutdownFollowerState(121)) - ff806b18-47a3-461f-8103-ac239ab05d36: shutdown FollowerState
2019-08-30 15:05:32,111 [Thread-246] INFO  impl.RaftServerImpl (RaftServerImpl.java:setRole(171)) - 051f1e26-d98e-44a9-be86-7d4b3c80ff32:group-FA26393BE858 changes role from FOLLOWER to CANDIDATE at term 0 for changeToCandidate
2019-08-30 15:05:32,111 [Thread-252] INFO  impl.RaftServerImpl (RaftServerImpl.java:setRole(171)) - ff806b18-47a3-461f-8103-ac239ab05d36:group-DB6CC64C0E52 changes role from FOLLOWER to CANDIDATE at term 0 for changeToCandidate
2019-08-30 15:05:32,112 [Thread-246] INFO  impl.RoleInfo (RoleInfo.java:updateAndGet(143)) - 051f1e26-d98e-44a9-be86-7d4b3c80ff32: start LeaderElection
2019-08-30 15:05:32,112 [Thread-252] INFO  impl.RoleInfo (RoleInfo.java:updateAndGet(143)) - ff806b18-47a3-461f-8103-ac239ab05d36: start LeaderElection
2019-08-30 15:05:32,137 [ff806b18-47a3-461f-8103-ac239ab05d36:group-DB6CC64C0E52:LeaderElection4] INFO  impl.LeaderElection (LeaderElection.java:askForVotes(181)) - ff806b18-47a3-461f-8103-ac239ab05d36:group-DB6CC64C0E52:LeaderElection4: begin an election at term 1 for -1: [ff806b18-47a3-461f-8103-ac239ab05d36:192.168.5.134:46182], old=null
2019-08-30 15:05:32,137 [051f1e26-d98e-44a9-be86-7d4b3c80ff32:group-FA26393BE858:LeaderElection3] INFO  impl.LeaderElection (LeaderElection.java:askForVotes(181)) - 051f1e26-d98e-44a9-be86-7d4b3c80ff32:group-FA26393BE858:LeaderElection3: begin an election at term 1 for -1: [051f1e26-d98e-44a9-be86-7d4b3c80ff32:192.168.5.134:33174], old=null
2019-08-30 15:05:32,171 [ff806b18-47a3-461f-8103-ac239ab05d36:group-DB6CC64C0E52:LeaderElection4] INFO  impl.RoleInfo (RoleInfo.java:shutdownLeaderElection(134)) - ff806b18-47a3-461f-8103-ac239ab05d36: shutdown LeaderElection
2019-08-30 15:05:32,171 [051f1e26-d98e-44a9-be86-7d4b3c80ff32:group-FA26393BE858:LeaderElection3] INFO  impl.RoleInfo (RoleInfo.java:shutdownLeaderElection(134)) - 051f1e26-d98e-44a9-be86-7d4b3c80ff32: shutdown LeaderElection
2019-08-30 15:05:32,172 [ff806b18-47a3-461f-8103-ac239ab05d36:group-DB6CC64C0E52:LeaderElection4] INFO  impl.RaftServerImpl (RaftServerImpl.java:setRole(171)) - ff806b18-47a3-461f-8103-ac239ab05d36:group-DB6CC64C0E52 changes role from CANDIDATE to LEADER at term 1 for changeToLeader
2019-08-30 15:05:32,172 [051f1e26-d98e-44a9-be86-7d4b3c80ff32:group-FA26393BE858:LeaderElection3] INFO  impl.RaftServerImpl (RaftServerImpl.java:setRole(171)) - 051f1e26-d98e-44a9-be86-7d4b3c80ff32:group-FA26393BE858 changes role from CANDIDATE to LEADER at term 1 for changeToLeader
2019-08-30 15:05:32,172 [ff806b18-47a3-461f-8103-ac239ab05d36:group-DB6CC64C0E52:LeaderElection4] INFO  impl.RaftServerImpl (ServerState.java:setLeader(263)) - ff806b18-47a3-461f-8103-ac239ab05d36:group-DB6CC64C0E52 change Leader from null to ff806b18-47a3-461f-8103-ac239ab05d36 at term 1 for becomeLeader, leader elected after 5066ms
2019-08-30 15:05:32,172 [051f1e26-d98e-44a9-be86-7d4b3c80ff32:group-FA26393BE858:LeaderElection3] INFO  impl.RaftServerImpl (ServerState.java:setLeader(263)) - 051f1e26-d98e-44a9-be86-7d4b3c80ff32:group-FA26393BE858 change Leader from null to 051f1e26-d98e-44a9-be86-7d4b3c80ff32 at term 1 for becomeLeader, leader elected after 5213ms
2019-08-30 15:05:32,174 [ff806b18-47a3-461f-8103-ac239ab05d36:group-DB6CC64C0E52:LeaderElection4] INFO  server.RaftServerConfigKeys (ConfUtils.java:logGet(43)) - raft.server.staging.catchup.gap = 1000 (default)
2019-08-30 15:05:32,176 [051f1e26-d98e-44a9-be86-7d4b3c80ff32:group-FA26393BE858:LeaderElection3] INFO  server.RaftServerConfigKeys (ConfUtils.java:logGet(43)) - raft.server.staging.catchup.gap = 1000 (default)
2019-08-30 15:05:32,177 [ff806b18-47a3-461f-8103-ac239ab05d36:group-DB6CC64C0E52:LeaderElection4] INFO  server.RaftServerConfigKeys (ConfUtils.java:logGet(43)) - raft.server.rpc.sleep.time = 25ms (default)
2019-08-30 15:05:32,177 [051f1e26-d98e-44a9-be86-7d4b3c80ff32:group-FA26393BE858:LeaderElection3] INFO  server.RaftServerConfigKeys (ConfUtils.java:logGet(43)) - raft.server.rpc.sleep.time = 25ms (default)
2019-08-30 15:05:32,177 [ff806b18-47a3-461f-8103-ac239ab05d36:group-DB6CC64C0E52:LeaderElection4] INFO  server.RaftServerConfigKeys (ConfUtils.java:logGet(43)) - raft.server.write.element-limit = 4096 (default)
2019-08-30 15:05:32,177 [051f1e26-d98e-44a9-be86-7d4b3c80ff32:group-FA26393BE858:LeaderElection3] INFO  server.RaftServerConfigKeys (ConfUtils.java:logGet(43)) - raft.server.write.element-limit = 4096 (default)
2019-08-30 15:05:32,177 [ff806b18-47a3-461f-8103-ac239ab05d36:group-DB6CC64C0E52:LeaderElection4] INFO  server.RaftServerConfigKeys (ConfUtils.java:logGet(43)) - raft.server.watch.timeout = 10s (default)
2019-08-30 15:05:32,177 [051f1e26-d98e-44a9-be86-7d4b3c80ff32:group-FA26393BE858:LeaderElection3] INFO  server.RaftServerConfigKeys (ConfUtils.java:logGet(43)) - raft.server.watch.timeout = 10s (default)
2019-08-30 15:05:32,178 [ff806b18-47a3-461f-8103-ac239ab05d36:group-DB6CC64C0E52:LeaderElection4] INFO  server.RaftServerConfigKeys (ConfUtils.java:logGet(43)) - raft.server.watch.timeout.denomination = 1s (default)
2019-08-30 15:05:32,178 [051f1e26-d98e-44a9-be86-7d4b3c80ff32:group-FA26393BE858:LeaderElection3] INFO  server.RaftServerConfigKeys (ConfUtils.java:logGet(43)) - raft.server.watch.timeout.denomination = 1s (default)
2019-08-30 15:05:32,178 [ff806b18-47a3-461f-8103-ac239ab05d36:group-DB6CC64C0E52:LeaderElection4] INFO  server.RaftServerConfigKeys (ConfUtils.java:logGet(43)) - raft.server.watch.element-limit = 65536 (default)
2019-08-30 15:05:32,178 [051f1e26-d98e-44a9-be86-7d4b3c80ff32:group-FA26393BE858:LeaderElection3] INFO  server.RaftServerConfigKeys (ConfUtils.java:logGet(43)) - raft.server.watch.element-limit = 65536 (default)
2019-08-30 15:05:32,179 [ff806b18-47a3-461f-8103-ac239ab05d36:group-DB6CC64C0E52:LeaderElection4] INFO  impl.RoleInfo (RoleInfo.java:updateAndGet(143)) - ff806b18-47a3-461f-8103-ac239ab05d36: start LeaderState
2019-08-30 15:05:32,179 [051f1e26-d98e-44a9-be86-7d4b3c80ff32:group-FA26393BE858:LeaderElection3] INFO  impl.RoleInfo (RoleInfo.java:updateAndGet(143)) - 051f1e26-d98e-44a9-be86-7d4b3c80ff32: start LeaderState
2019-08-30 15:05:32,179 [ff806b18-47a3-461f-8103-ac239ab05d36:group-DB6CC64C0E52:LeaderElection4] INFO  segmented.SegmentedRaftLogWorker (SegmentedRaftLogWorker.java:startLogSegment(380)) - ff806b18-47a3-461f-8103-ac239ab05d36-SegmentedRaftLogWorker:Storage Directory /workdir/hadoop-ozone/integration-test/target/test-dir/MiniOzoneClusterImpl-c9bf924e-a99a-40de-a7b2-d35176791736/datanode-5/data/ratis/10f32669-e680-4197-925f-db6cc64c0e52: Starting segment from index:0
2019-08-30 15:05:32,179 [051f1e26-d98e-44a9-be86-7d4b3c80ff32:group-FA26393BE858:LeaderElection3] INFO  segmented.SegmentedRaftLogWorker (SegmentedRaftLogWorker.java:startLogSegment(380)) - 051f1e26-d98e-44a9-be86-7d4b3c80ff32-SegmentedRaftLogWorker:Storage Directory /workdir/hadoop-ozone/integration-test/target/test-dir/MiniOzoneClusterImpl-c9bf924e-a99a-40de-a7b2-d35176791736/datanode-4/data/ratis/aef54234-7589-4cd9-b457-fa26393be858: Starting segment from index:0
2019-08-30 15:05:32,180 [ff806b18-47a3-461f-8103-ac239ab05d36:group-DB6CC64C0E52:LeaderElection4] INFO  impl.RaftServerImpl (ServerState.java:setRaftConf(361)) - ff806b18-47a3-461f-8103-ac239ab05d36:group-DB6CC64C0E52 set configuration 0: [ff806b18-47a3-461f-8103-ac239ab05d36:192.168.5.134:46182], old=null at 0
2019-08-30 15:05:32,180 [051f1e26-d98e-44a9-be86-7d4b3c80ff32:group-FA26393BE858:LeaderElection3] INFO  impl.RaftServerImpl (ServerState.java:setRaftConf(361)) - 051f1e26-d98e-44a9-be86-7d4b3c80ff32:group-FA26393BE858 set configuration 0: [051f1e26-d98e-44a9-be86-7d4b3c80ff32:192.168.5.134:33174], old=null at 0
2019-08-30 15:05:32,223 [d5adc888-1e0a-4c25-807e-09fade1f1b41-SegmentedRaftLogWorker:Storage Directory /workdir/hadoop-ozone/integration-test/target/test-dir/MiniOzoneClusterImpl-c9bf924e-a99a-40de-a7b2-d35176791736/datanode-3/data/ratis/4ebdd106-9624-4eae-bc43-b06eee2d92db] INFO  segmented.SegmentedRaftLogWorker (SegmentedRaftLogWorker.java:execute(569)) - d5adc888-1e0a-4c25-807e-09fade1f1b41-SegmentedRaftLogWorker:Storage Directory /workdir/hadoop-ozone/integration-test/target/test-dir/MiniOzoneClusterImpl-c9bf924e-a99a-40de-a7b2-d35176791736/datanode-3/data/ratis/4ebdd106-9624-4eae-bc43-b06eee2d92db: created new log segment /workdir/hadoop-ozone/integration-test/target/test-dir/MiniOzoneClusterImpl-c9bf924e-a99a-40de-a7b2-d35176791736/datanode-3/data/ratis/4ebdd106-9624-4eae-bc43-b06eee2d92db/current/log_inprogress_0
2019-08-30 15:05:32,223 [Thread-249] INFO  impl.FollowerState (FollowerState.java:run(106)) - 56fefae5-2763-4634-a764-1d1f5af899ed:group-16EF65C516E1 changes to CANDIDATE, lastRpcTime:5182, electionTimeout:5146ms
2019-08-30 15:05:32,225 [Thread-249] INFO  impl.RoleInfo (RoleInfo.java:shutdownFollowerState(121)) - 56fefae5-2763-4634-a764-1d1f5af899ed: shutdown FollowerState
2019-08-30 15:05:32,223 [f7e068fb-6143-4078-8f73-64e97620f45b-SegmentedRaftLogWorker:Storage Directory /workdir/hadoop-ozone/integration-test/target/test-dir/MiniOzoneClusterImpl-c9bf924e-a99a-40de-a7b2-d35176791736/datanode-0/data/ratis/f29f7be5-1f32-4cc8-8c5f-a8752755abd2] INFO  segmented.SegmentedRaftLogWorker (SegmentedRaftLogWorker.java:execute(569)) - f7e068fb-6143-4078-8f73-64e97620f45b-SegmentedRaftLogWorker:Storage Directory /workdir/hadoop-ozone/integration-test/target/test-dir/MiniOzoneClusterImpl-c9bf924e-a99a-40de-a7b2-d35176791736/datanode-0/data/ratis/f29f7be5-1f32-4cc8-8c5f-a8752755abd2: created new log segment /workdir/hadoop-ozone/integration-test/target/test-dir/MiniOzoneClusterImpl-c9bf924e-a99a-40de-a7b2-d35176791736/datanode-0/data/ratis/f29f7be5-1f32-4cc8-8c5f-a8752755abd2/current/log_inprogress_0
2019-08-30 15:05:32,225 [Thread-249] INFO  impl.RaftServerImpl (RaftServerImpl.java:setRole(171)) - 56fefae5-2763-4634-a764-1d1f5af899ed:group-16EF65C516E1 changes role from FOLLOWER to CANDIDATE at term 0 for changeToCandidate
2019-08-30 15:05:32,235 [ff806b18-47a3-461f-8103-ac239ab05d36-SegmentedRaftLogWorker:Storage Directory /workdir/hadoop-ozone/integration-test/target/test-dir/MiniOzoneClusterImpl-c9bf924e-a99a-40de-a7b2-d35176791736/datanode-5/data/ratis/10f32669-e680-4197-925f-db6cc64c0e52] INFO  segmented.SegmentedRaftLogWorker (SegmentedRaftLogWorker.java:execute(569)) - ff806b18-47a3-461f-8103-ac239ab05d36-SegmentedRaftLogWorker:Storage Directory /workdir/hadoop-ozone/integration-test/target/test-dir/MiniOzoneClusterImpl-c9bf924e-a99a-40de-a7b2-d35176791736/datanode-5/data/ratis/10f32669-e680-4197-925f-db6cc64c0e52: created new log segment /workdir/hadoop-ozone/integration-test/target/test-dir/MiniOzoneClusterImpl-c9bf924e-a99a-40de-a7b2-d35176791736/datanode-5/data/ratis/10f32669-e680-4197-925f-db6cc64c0e52/current/log_inprogress_0
2019-08-30 15:05:32,244 [Thread-249] INFO  impl.RoleInfo (RoleInfo.java:updateAndGet(143)) - 56fefae5-2763-4634-a764-1d1f5af899ed: start LeaderElection
2019-08-30 15:05:32,245 | INFO  | SCMAudit | user=jenkins1000 | ip=192.168.5.134 | op=SEND_HEARTBEAT {datanodeUUID=d5adc888-1e0a-4c25-807e-09fade1f1b41, command=[]} | ret=SUCCESS |  
2019-08-30 15:05:32,235 [051f1e26-d98e-44a9-be86-7d4b3c80ff32-SegmentedRaftLogWorker:Storage Directory /workdir/hadoop-ozone/integration-test/target/test-dir/MiniOzoneClusterImpl-c9bf924e-a99a-40de-a7b2-d35176791736/datanode-4/data/ratis/aef54234-7589-4cd9-b457-fa26393be858] INFO  segmented.SegmentedRaftLogWorker (SegmentedRaftLogWorker.java:execute(569)) - 051f1e26-d98e-44a9-be86-7d4b3c80ff32-SegmentedRaftLogWorker:Storage Directory /workdir/hadoop-ozone/integration-test/target/test-dir/MiniOzoneClusterImpl-c9bf924e-a99a-40de-a7b2-d35176791736/datanode-4/data/ratis/aef54234-7589-4cd9-b457-fa26393be858: created new log segment /workdir/hadoop-ozone/integration-test/target/test-dir/MiniOzoneClusterImpl-c9bf924e-a99a-40de-a7b2-d35176791736/datanode-4/data/ratis/aef54234-7589-4cd9-b457-fa26393be858/current/log_inprogress_0
2019-08-30 15:05:32,276 [56fefae5-2763-4634-a764-1d1f5af899ed:group-16EF65C516E1:LeaderElection5] INFO  impl.LeaderElection (LeaderElection.java:askForVotes(181)) - 56fefae5-2763-4634-a764-1d1f5af899ed:group-16EF65C516E1:LeaderElection5: begin an election at term 1 for -1: [56fefae5-2763-4634-a764-1d1f5af899ed:192.168.5.134:43177], old=null
2019-08-30 15:05:32,276 [56fefae5-2763-4634-a764-1d1f5af899ed:group-16EF65C516E1:LeaderElection5] INFO  impl.RoleInfo (RoleInfo.java:shutdownLeaderElection(134)) - 56fefae5-2763-4634-a764-1d1f5af899ed: shutdown LeaderElection
2019-08-30 15:05:32,276 [56fefae5-2763-4634-a764-1d1f5af899ed:group-16EF65C516E1:LeaderElection5] INFO  impl.RaftServerImpl (RaftServerImpl.java:setRole(171)) - 56fefae5-2763-4634-a764-1d1f5af899ed:group-16EF65C516E1 changes role from CANDIDATE to LEADER at term 1 for changeToLeader
2019-08-30 15:05:32,276 [56fefae5-2763-4634-a764-1d1f5af899ed:group-16EF65C516E1:LeaderElection5] INFO  impl.RaftServerImpl (ServerState.java:setLeader(263)) - 56fefae5-2763-4634-a764-1d1f5af899ed:group-16EF65C516E1 change Leader from null to 56fefae5-2763-4634-a764-1d1f5af899ed at term 1 for becomeLeader, leader elected after 5240ms
2019-08-30 15:05:32,278 [56fefae5-2763-4634-a764-1d1f5af899ed:group-16EF65C516E1:LeaderElection5] INFO  server.RaftServerConfigKeys (ConfUtils.java:logGet(43)) - raft.server.staging.catchup.gap = 1000 (default)
2019-08-30 15:05:32,278 [56fefae5-2763-4634-a764-1d1f5af899ed:group-16EF65C516E1:LeaderElection5] INFO  server.RaftServerConfigKeys (ConfUtils.java:logGet(43)) - raft.server.rpc.sleep.time = 25ms (default)
2019-08-30 15:05:32,279 [56fefae5-2763-4634-a764-1d1f5af899ed:group-16EF65C516E1:LeaderElection5] INFO  server.RaftServerConfigKeys (ConfUtils.java:logGet(43)) - raft.server.write.element-limit = 4096 (default)
2019-08-30 15:05:32,279 [56fefae5-2763-4634-a764-1d1f5af899ed:group-16EF65C516E1:LeaderElection5] INFO  server.RaftServerConfigKeys (ConfUtils.java:logGet(43)) - raft.server.watch.timeout = 10s (default)
2019-08-30 15:05:32,279 [56fefae5-2763-4634-a764-1d1f5af899ed:group-16EF65C516E1:LeaderElection5] INFO  server.RaftServerConfigKeys (ConfUtils.java:logGet(43)) - raft.server.watch.timeout.denomination = 1s (default)
2019-08-30 15:05:32,279 | INFO  | SCMAudit | user=jenkins1000 | ip=192.168.5.134 | op=SEND_HEARTBEAT {datanodeUUID=051f1e26-d98e-44a9-be86-7d4b3c80ff32, command=[]} | ret=SUCCESS |  
2019-08-30 15:05:32,279 [56fefae5-2763-4634-a764-1d1f5af899ed:group-16EF65C516E1:LeaderElection5] INFO  server.RaftServerConfigKeys (ConfUtils.java:logGet(43)) - raft.server.watch.element-limit = 65536 (default)
2019-08-30 15:05:32,280 [56fefae5-2763-4634-a764-1d1f5af899ed:group-16EF65C516E1:LeaderElection5] INFO  impl.RoleInfo (RoleInfo.java:updateAndGet(143)) - 56fefae5-2763-4634-a764-1d1f5af899ed: start LeaderState
2019-08-30 15:05:32,280 [56fefae5-2763-4634-a764-1d1f5af899ed:group-16EF65C516E1:LeaderElection5] INFO  segmented.SegmentedRaftLogWorker (SegmentedRaftLogWorker.java:startLogSegment(380)) - 56fefae5-2763-4634-a764-1d1f5af899ed-SegmentedRaftLogWorker:Storage Directory /workdir/hadoop-ozone/integration-test/target/test-dir/MiniOzoneClusterImpl-c9bf924e-a99a-40de-a7b2-d35176791736/datanode-2/data/ratis/6a651f50-fa7a-4ad3-95be-16ef65c516e1: Starting segment from index:0
2019-08-30 15:05:32,281 [56fefae5-2763-4634-a764-1d1f5af899ed:group-16EF65C516E1:LeaderElection5] INFO  impl.RaftServerImpl (ServerState.java:setRaftConf(361)) - 56fefae5-2763-4634-a764-1d1f5af899ed:group-16EF65C516E1 set configuration 0: [56fefae5-2763-4634-a764-1d1f5af899ed:192.168.5.134:43177], old=null at 0
2019-08-30 15:05:32,315 [Thread-255] INFO  impl.FollowerState (FollowerState.java:run(106)) - fc5bbe82-8490-41a4-97d8-e34a13b8703c:group-DA503CB5D8C4 changes to CANDIDATE, lastRpcTime:5115, electionTimeout:5114ms
2019-08-30 15:05:32,318 [Thread-255] INFO  impl.RoleInfo (RoleInfo.java:shutdownFollowerState(121)) - fc5bbe82-8490-41a4-97d8-e34a13b8703c: shutdown FollowerState
2019-08-30 15:05:32,319 [Thread-255] INFO  impl.RaftServerImpl (RaftServerImpl.java:setRole(171)) - fc5bbe82-8490-41a4-97d8-e34a13b8703c:group-DA503CB5D8C4 changes role from FOLLOWER to CANDIDATE at term 0 for changeToCandidate
2019-08-30 15:05:32,319 [Thread-255] INFO  impl.RoleInfo (RoleInfo.java:updateAndGet(143)) - fc5bbe82-8490-41a4-97d8-e34a13b8703c: start LeaderElection
2019-08-30 15:05:32,328 [56fefae5-2763-4634-a764-1d1f5af899ed-SegmentedRaftLogWorker:Storage Directory /workdir/hadoop-ozone/integration-test/target/test-dir/MiniOzoneClusterImpl-c9bf924e-a99a-40de-a7b2-d35176791736/datanode-2/data/ratis/6a651f50-fa7a-4ad3-95be-16ef65c516e1] INFO  segmented.SegmentedRaftLogWorker (SegmentedRaftLogWorker.java:execute(569)) - 56fefae5-2763-4634-a764-1d1f5af899ed-SegmentedRaftLogWorker:Storage Directory /workdir/hadoop-ozone/integration-test/target/test-dir/MiniOzoneClusterImpl-c9bf924e-a99a-40de-a7b2-d35176791736/datanode-2/data/ratis/6a651f50-fa7a-4ad3-95be-16ef65c516e1: created new log segment /workdir/hadoop-ozone/integration-test/target/test-dir/MiniOzoneClusterImpl-c9bf924e-a99a-40de-a7b2-d35176791736/datanode-2/data/ratis/6a651f50-fa7a-4ad3-95be-16ef65c516e1/current/log_inprogress_0
2019-08-30 15:05:32,328 [fc5bbe82-8490-41a4-97d8-e34a13b8703c:group-DA503CB5D8C4:LeaderElection6] INFO  impl.LeaderElection (LeaderElection.java:askForVotes(181)) - fc5bbe82-8490-41a4-97d8-e34a13b8703c:group-DA503CB5D8C4:LeaderElection6: begin an election at term 1 for -1: [fc5bbe82-8490-41a4-97d8-e34a13b8703c:192.168.5.134:35726], old=null
2019-08-30 15:05:32,331 [fc5bbe82-8490-41a4-97d8-e34a13b8703c:group-DA503CB5D8C4:LeaderElection6] INFO  impl.RoleInfo (RoleInfo.java:shutdownLeaderElection(134)) - fc5bbe82-8490-41a4-97d8-e34a13b8703c: shutdown LeaderElection
2019-08-30 15:05:32,331 [fc5bbe82-8490-41a4-97d8-e34a13b8703c:group-DA503CB5D8C4:LeaderElection6] INFO  impl.RaftServerImpl (RaftServerImpl.java:setRole(171)) - fc5bbe82-8490-41a4-97d8-e34a13b8703c:group-DA503CB5D8C4 changes role from CANDIDATE to LEADER at term 1 for changeToLeader
2019-08-30 15:05:32,331 [fc5bbe82-8490-41a4-97d8-e34a13b8703c:group-DA503CB5D8C4:LeaderElection6] INFO  impl.RaftServerImpl (ServerState.java:setLeader(263)) - fc5bbe82-8490-41a4-97d8-e34a13b8703c:group-DA503CB5D8C4 change Leader from null to fc5bbe82-8490-41a4-97d8-e34a13b8703c at term 1 for becomeLeader, leader elected after 5136ms
2019-08-30 15:05:32,333 [fc5bbe82-8490-41a4-97d8-e34a13b8703c:group-DA503CB5D8C4:LeaderElection6] INFO  server.RaftServerConfigKeys (ConfUtils.java:logGet(43)) - raft.server.staging.catchup.gap = 1000 (default)
2019-08-30 15:05:32,334 [fc5bbe82-8490-41a4-97d8-e34a13b8703c:group-DA503CB5D8C4:LeaderElection6] INFO  server.RaftServerConfigKeys (ConfUtils.java:logGet(43)) - raft.server.rpc.sleep.time = 25ms (default)
2019-08-30 15:05:32,334 [fc5bbe82-8490-41a4-97d8-e34a13b8703c:group-DA503CB5D8C4:LeaderElection6] INFO  server.RaftServerConfigKeys (ConfUtils.java:logGet(43)) - raft.server.write.element-limit = 4096 (default)
2019-08-30 15:05:32,334 [fc5bbe82-8490-41a4-97d8-e34a13b8703c:group-DA503CB5D8C4:LeaderElection6] INFO  server.RaftServerConfigKeys (ConfUtils.java:logGet(43)) - raft.server.watch.timeout = 10s (default)
2019-08-30 15:05:32,334 [fc5bbe82-8490-41a4-97d8-e34a13b8703c:group-DA503CB5D8C4:LeaderElection6] INFO  server.RaftServerConfigKeys (ConfUtils.java:logGet(43)) - raft.server.watch.timeout.denomination = 1s (default)
2019-08-30 15:05:32,334 [fc5bbe82-8490-41a4-97d8-e34a13b8703c:group-DA503CB5D8C4:LeaderElection6] INFO  server.RaftServerConfigKeys (ConfUtils.java:logGet(43)) - raft.server.watch.element-limit = 65536 (default)
2019-08-30 15:05:32,334 [fc5bbe82-8490-41a4-97d8-e34a13b8703c:group-DA503CB5D8C4:LeaderElection6] INFO  impl.RoleInfo (RoleInfo.java:updateAndGet(143)) - fc5bbe82-8490-41a4-97d8-e34a13b8703c: start LeaderState
2019-08-30 15:05:32,335 [fc5bbe82-8490-41a4-97d8-e34a13b8703c:group-DA503CB5D8C4:LeaderElection6] INFO  segmented.SegmentedRaftLogWorker (SegmentedRaftLogWorker.java:startLogSegment(380)) - fc5bbe82-8490-41a4-97d8-e34a13b8703c-SegmentedRaftLogWorker:Storage Directory /workdir/hadoop-ozone/integration-test/target/test-dir/MiniOzoneClusterImpl-c9bf924e-a99a-40de-a7b2-d35176791736/datanode-6/data/ratis/1131875d-a259-46e4-9a12-da503cb5d8c4: Starting segment from index:0
2019-08-30 15:05:32,335 [fc5bbe82-8490-41a4-97d8-e34a13b8703c:group-DA503CB5D8C4:LeaderElection6] INFO  impl.RaftServerImpl (ServerState.java:setRaftConf(361)) - fc5bbe82-8490-41a4-97d8-e34a13b8703c:group-DA503CB5D8C4 set configuration 0: [fc5bbe82-8490-41a4-97d8-e34a13b8703c:192.168.5.134:35726], old=null at 0
2019-08-30 15:05:32,376 [Thread-258] INFO  impl.FollowerState (FollowerState.java:run(106)) - a7864295-ee65-4810-9484-3806f14c48e5:group-EE366D48229A changes to CANDIDATE, lastRpcTime:5107, electionTimeout:5107ms
2019-08-30 15:05:32,377 [Thread-258] INFO  impl.RoleInfo (RoleInfo.java:shutdownFollowerState(121)) - a7864295-ee65-4810-9484-3806f14c48e5: shutdown FollowerState
2019-08-30 15:05:32,377 [Thread-258] INFO  impl.RaftServerImpl (RaftServerImpl.java:setRole(171)) - a7864295-ee65-4810-9484-3806f14c48e5:group-EE366D48229A changes role from FOLLOWER to CANDIDATE at term 0 for changeToCandidate
2019-08-30 15:05:32,377 [Thread-258] INFO  impl.RoleInfo (RoleInfo.java:updateAndGet(143)) - a7864295-ee65-4810-9484-3806f14c48e5: start LeaderElection
2019-08-30 15:05:32,382 [fc5bbe82-8490-41a4-97d8-e34a13b8703c-SegmentedRaftLogWorker:Storage Directory /workdir/hadoop-ozone/integration-test/target/test-dir/MiniOzoneClusterImpl-c9bf924e-a99a-40de-a7b2-d35176791736/datanode-6/data/ratis/1131875d-a259-46e4-9a12-da503cb5d8c4] INFO  segmented.SegmentedRaftLogWorker (SegmentedRaftLogWorker.java:execute(569)) - fc5bbe82-8490-41a4-97d8-e34a13b8703c-SegmentedRaftLogWorker:Storage Directory /workdir/hadoop-ozone/integration-test/target/test-dir/MiniOzoneClusterImpl-c9bf924e-a99a-40de-a7b2-d35176791736/datanode-6/data/ratis/1131875d-a259-46e4-9a12-da503cb5d8c4: created new log segment /workdir/hadoop-ozone/integration-test/target/test-dir/MiniOzoneClusterImpl-c9bf924e-a99a-40de-a7b2-d35176791736/datanode-6/data/ratis/1131875d-a259-46e4-9a12-da503cb5d8c4/current/log_inprogress_0
2019-08-30 15:05:32,395 [a7864295-ee65-4810-9484-3806f14c48e5:group-EE366D48229A:LeaderElection7] INFO  impl.LeaderElection (LeaderElection.java:askForVotes(181)) - a7864295-ee65-4810-9484-3806f14c48e5:group-EE366D48229A:LeaderElection7: begin an election at term 1 for -1: [a7864295-ee65-4810-9484-3806f14c48e5:192.168.5.134:35097], old=null
2019-08-30 15:05:32,395 [a7864295-ee65-4810-9484-3806f14c48e5:group-EE366D48229A:LeaderElection7] INFO  impl.RoleInfo (RoleInfo.java:shutdownLeaderElection(134)) - a7864295-ee65-4810-9484-3806f14c48e5: shutdown LeaderElection
2019-08-30 15:05:32,396 [a7864295-ee65-4810-9484-3806f14c48e5:group-EE366D48229A:LeaderElection7] INFO  impl.RaftServerImpl (RaftServerImpl.java:setRole(171)) - a7864295-ee65-4810-9484-3806f14c48e5:group-EE366D48229A changes role from CANDIDATE to LEADER at term 1 for changeToLeader
2019-08-30 15:05:32,396 [a7864295-ee65-4810-9484-3806f14c48e5:group-EE366D48229A:LeaderElection7] INFO  impl.RaftServerImpl (ServerState.java:setLeader(263)) - a7864295-ee65-4810-9484-3806f14c48e5:group-EE366D48229A change Leader from null to a7864295-ee65-4810-9484-3806f14c48e5 at term 1 for becomeLeader, leader elected after 5133ms
2019-08-30 15:05:32,397 [a7864295-ee65-4810-9484-3806f14c48e5:group-EE366D48229A:LeaderElection7] INFO  server.RaftServerConfigKeys (ConfUtils.java:logGet(43)) - raft.server.staging.catchup.gap = 1000 (default)
2019-08-30 15:05:32,397 [a7864295-ee65-4810-9484-3806f14c48e5:group-EE366D48229A:LeaderElection7] INFO  server.RaftServerConfigKeys (ConfUtils.java:logGet(43)) - raft.server.rpc.sleep.time = 25ms (default)
2019-08-30 15:05:32,398 [a7864295-ee65-4810-9484-3806f14c48e5:group-EE366D48229A:LeaderElection7] INFO  server.RaftServerConfigKeys (ConfUtils.java:logGet(43)) - raft.server.write.element-limit = 4096 (default)
2019-08-30 15:05:32,398 [a7864295-ee65-4810-9484-3806f14c48e5:group-EE366D48229A:LeaderElection7] INFO  server.RaftServerConfigKeys (ConfUtils.java:logGet(43)) - raft.server.watch.timeout = 10s (default)
2019-08-30 15:05:32,398 [a7864295-ee65-4810-9484-3806f14c48e5:group-EE366D48229A:LeaderElection7] INFO  server.RaftServerConfigKeys (ConfUtils.java:logGet(43)) - raft.server.watch.timeout.denomination = 1s (default)
2019-08-30 15:05:32,398 [a7864295-ee65-4810-9484-3806f14c48e5:group-EE366D48229A:LeaderElection7] INFO  server.RaftServerConfigKeys (ConfUtils.java:logGet(43)) - raft.server.watch.element-limit = 65536 (default)
2019-08-30 15:05:32,399 [a7864295-ee65-4810-9484-3806f14c48e5:group-EE366D48229A:LeaderElection7] INFO  impl.RoleInfo (RoleInfo.java:updateAndGet(143)) - a7864295-ee65-4810-9484-3806f14c48e5: start LeaderState
2019-08-30 15:05:32,399 [a7864295-ee65-4810-9484-3806f14c48e5:group-EE366D48229A:LeaderElection7] INFO  segmented.SegmentedRaftLogWorker (SegmentedRaftLogWorker.java:startLogSegment(380)) - a7864295-ee65-4810-9484-3806f14c48e5-SegmentedRaftLogWorker:Storage Directory /workdir/hadoop-ozone/integration-test/target/test-dir/MiniOzoneClusterImpl-c9bf924e-a99a-40de-a7b2-d35176791736/datanode-1/data/ratis/5dfd21fd-de84-4690-bf06-ee366d48229a: Starting segment from index:0
2019-08-30 15:05:32,400 [a7864295-ee65-4810-9484-3806f14c48e5:group-EE366D48229A:LeaderElection7] INFO  impl.RaftServerImpl (ServerState.java:setRaftConf(361)) - a7864295-ee65-4810-9484-3806f14c48e5:group-EE366D48229A set configuration 0: [a7864295-ee65-4810-9484-3806f14c48e5:192.168.5.134:35097], old=null at 0
2019-08-30 15:05:32,439 [Thread-266] INFO  impl.FollowerState (FollowerState.java:run(106)) - 051f1e26-d98e-44a9-be86-7d4b3c80ff32:group-3164F9FC4885 changes to CANDIDATE, lastRpcTime:5036, electionTimeout:5011ms
2019-08-30 15:05:32,440 [Thread-266] INFO  impl.RoleInfo (RoleInfo.java:shutdownFollowerState(121)) - 051f1e26-d98e-44a9-be86-7d4b3c80ff32: shutdown FollowerState
2019-08-30 15:05:32,440 [Thread-266] INFO  impl.RaftServerImpl (RaftServerImpl.java:setRole(171)) - 051f1e26-d98e-44a9-be86-7d4b3c80ff32:group-3164F9FC4885 changes role from FOLLOWER to CANDIDATE at term 0 for changeToCandidate
2019-08-30 15:05:32,441 [Thread-266] INFO  impl.RoleInfo (RoleInfo.java:updateAndGet(143)) - 051f1e26-d98e-44a9-be86-7d4b3c80ff32: start LeaderElection
2019-08-30 15:05:32,441 [Thread-264] INFO  impl.FollowerState (FollowerState.java:run(106)) - d5adc888-1e0a-4c25-807e-09fade1f1b41:group-3164F9FC4885 changes to CANDIDATE, lastRpcTime:5039, electionTimeout:5039ms
2019-08-30 15:05:32,441 [Thread-264] INFO  impl.RoleInfo (RoleInfo.java:shutdownFollowerState(121)) - d5adc888-1e0a-4c25-807e-09fade1f1b41: shutdown FollowerState
2019-08-30 15:05:32,445 [Thread-264] INFO  impl.RaftServerImpl (RaftServerImpl.java:setRole(171)) - d5adc888-1e0a-4c25-807e-09fade1f1b41:group-3164F9FC4885 changes role from FOLLOWER to CANDIDATE at term 0 for changeToCandidate
2019-08-30 15:05:32,445 [Thread-264] INFO  impl.RoleInfo (RoleInfo.java:updateAndGet(143)) - d5adc888-1e0a-4c25-807e-09fade1f1b41: start LeaderElection
2019-08-30 15:05:32,454 [a7864295-ee65-4810-9484-3806f14c48e5-SegmentedRaftLogWorker:Storage Directory /workdir/hadoop-ozone/integration-test/target/test-dir/MiniOzoneClusterImpl-c9bf924e-a99a-40de-a7b2-d35176791736/datanode-1/data/ratis/5dfd21fd-de84-4690-bf06-ee366d48229a] INFO  segmented.SegmentedRaftLogWorker (SegmentedRaftLogWorker.java:execute(569)) - a7864295-ee65-4810-9484-3806f14c48e5-SegmentedRaftLogWorker:Storage Directory /workdir/hadoop-ozone/integration-test/target/test-dir/MiniOzoneClusterImpl-c9bf924e-a99a-40de-a7b2-d35176791736/datanode-1/data/ratis/5dfd21fd-de84-4690-bf06-ee366d48229a: created new log segment /workdir/hadoop-ozone/integration-test/target/test-dir/MiniOzoneClusterImpl-c9bf924e-a99a-40de-a7b2-d35176791736/datanode-1/data/ratis/5dfd21fd-de84-4690-bf06-ee366d48229a/current/log_inprogress_0
2019-08-30 15:05:32,454 [d5adc888-1e0a-4c25-807e-09fade1f1b41:group-3164F9FC4885:LeaderElection9] INFO  impl.LeaderElection (LeaderElection.java:askForVotes(181)) - d5adc888-1e0a-4c25-807e-09fade1f1b41:group-3164F9FC4885:LeaderElection9: begin an election at term 1 for -1: [051f1e26-d98e-44a9-be86-7d4b3c80ff32:192.168.5.134:33174, d5adc888-1e0a-4c25-807e-09fade1f1b41:192.168.5.134:42948, f7e068fb-6143-4078-8f73-64e97620f45b:192.168.5.134:35790], old=null
2019-08-30 15:05:32,454 [051f1e26-d98e-44a9-be86-7d4b3c80ff32:group-3164F9FC4885:LeaderElection8] INFO  impl.LeaderElection (LeaderElection.java:askForVotes(181)) - 051f1e26-d98e-44a9-be86-7d4b3c80ff32:group-3164F9FC4885:LeaderElection8: begin an election at term 1 for -1: [051f1e26-d98e-44a9-be86-7d4b3c80ff32:192.168.5.134:33174, d5adc888-1e0a-4c25-807e-09fade1f1b41:192.168.5.134:42948, f7e068fb-6143-4078-8f73-64e97620f45b:192.168.5.134:35790], old=null
2019-08-30 15:05:32,495 [grpc-default-executor-3] INFO  impl.RaftServerImpl (RaftServerImpl.java:setRole(171)) - f7e068fb-6143-4078-8f73-64e97620f45b:group-3164F9FC4885 changes role from FOLLOWER to FOLLOWER at term 1 for recognizeCandidate:051f1e26-d98e-44a9-be86-7d4b3c80ff32
2019-08-30 15:05:32,495 [grpc-default-executor-3] INFO  impl.RoleInfo (RoleInfo.java:shutdownFollowerState(121)) - f7e068fb-6143-4078-8f73-64e97620f45b: shutdown FollowerState
2019-08-30 15:05:32,495 [grpc-default-executor-3] INFO  impl.RoleInfo (RoleInfo.java:updateAndGet(143)) - f7e068fb-6143-4078-8f73-64e97620f45b: start FollowerState
2019-08-30 15:05:32,496 [Thread-261] INFO  impl.FollowerState (FollowerState.java:run(114)) - f7e068fb-6143-4078-8f73-64e97620f45b: FollowerState was interrupted: java.lang.InterruptedException: sleep interrupted
2019-08-30 15:05:32,526 [051f1e26-d98e-44a9-be86-7d4b3c80ff32:group-3164F9FC4885:LeaderElection8] INFO  impl.LeaderElection (LeaderElection.java:logAndReturn(56)) - 051f1e26-d98e-44a9-be86-7d4b3c80ff32:group-3164F9FC4885:LeaderElection8: Election PASSED; received 2 response(s) [051f1e26-d98e-44a9-be86-7d4b3c80ff32<-d5adc888-1e0a-4c25-807e-09fade1f1b41#0:FAIL-t1, 051f1e26-d98e-44a9-be86-7d4b3c80ff32<-f7e068fb-6143-4078-8f73-64e97620f45b#0:OK-t1] and 0 exception(s); 051f1e26-d98e-44a9-be86-7d4b3c80ff32:t1, leader=null, voted=051f1e26-d98e-44a9-be86-7d4b3c80ff32, raftlog=051f1e26-d98e-44a9-be86-7d4b3c80ff32-SegmentedRaftLog:OPENED:c-1,f-1,i0, conf=-1: [051f1e26-d98e-44a9-be86-7d4b3c80ff32:192.168.5.134:33174, d5adc888-1e0a-4c25-807e-09fade1f1b41:192.168.5.134:42948, f7e068fb-6143-4078-8f73-64e97620f45b:192.168.5.134:35790], old=null
2019-08-30 15:05:32,526 [d5adc888-1e0a-4c25-807e-09fade1f1b41:group-3164F9FC4885:LeaderElection9] INFO  impl.LeaderElection (LeaderElection.java:logAndReturn(56)) - d5adc888-1e0a-4c25-807e-09fade1f1b41:group-3164F9FC4885:LeaderElection9: Election REJECTED; received 2 response(s) [d5adc888-1e0a-4c25-807e-09fade1f1b41<-051f1e26-d98e-44a9-be86-7d4b3c80ff32#0:FAIL-t1, d5adc888-1e0a-4c25-807e-09fade1f1b41<-f7e068fb-6143-4078-8f73-64e97620f45b#0:FAIL-t1] and 0 exception(s); d5adc888-1e0a-4c25-807e-09fade1f1b41:t1, leader=null, voted=d5adc888-1e0a-4c25-807e-09fade1f1b41, raftlog=d5adc888-1e0a-4c25-807e-09fade1f1b41-SegmentedRaftLog:OPENED:c-1,f-1,i0, conf=-1: [051f1e26-d98e-44a9-be86-7d4b3c80ff32:192.168.5.134:33174, d5adc888-1e0a-4c25-807e-09fade1f1b41:192.168.5.134:42948, f7e068fb-6143-4078-8f73-64e97620f45b:192.168.5.134:35790], old=null
2019-08-30 15:05:32,526 [051f1e26-d98e-44a9-be86-7d4b3c80ff32:group-3164F9FC4885:LeaderElection8] INFO  impl.RoleInfo (RoleInfo.java:shutdownLeaderElection(134)) - 051f1e26-d98e-44a9-be86-7d4b3c80ff32: shutdown LeaderElection
2019-08-30 15:05:32,527 [051f1e26-d98e-44a9-be86-7d4b3c80ff32:group-3164F9FC4885:LeaderElection8] INFO  impl.RaftServerImpl (RaftServerImpl.java:setRole(171)) - 051f1e26-d98e-44a9-be86-7d4b3c80ff32:group-3164F9FC4885 changes role from CANDIDATE to LEADER at term 1 for changeToLeader
2019-08-30 15:05:32,527 [d5adc888-1e0a-4c25-807e-09fade1f1b41:group-3164F9FC4885:LeaderElection9] INFO  impl.RaftServerImpl (RaftServerImpl.java:setRole(171)) - d5adc888-1e0a-4c25-807e-09fade1f1b41:group-3164F9FC4885 changes role from CANDIDATE to FOLLOWER at term 1 for DISCOVERED_A_NEW_TERM
2019-08-30 15:05:32,532 [d5adc888-1e0a-4c25-807e-09fade1f1b41:group-3164F9FC4885:LeaderElection9] INFO  impl.RoleInfo (RoleInfo.java:shutdownLeaderElection(134)) - d5adc888-1e0a-4c25-807e-09fade1f1b41: shutdown LeaderElection
2019-08-30 15:05:32,530 [051f1e26-d98e-44a9-be86-7d4b3c80ff32:group-3164F9FC4885:LeaderElection8] INFO  impl.RaftServerImpl (ServerState.java:setLeader(263)) - 051f1e26-d98e-44a9-be86-7d4b3c80ff32:group-3164F9FC4885 change Leader from null to 051f1e26-d98e-44a9-be86-7d4b3c80ff32 at term 1 for becomeLeader, leader elected after 5144ms
2019-08-30 15:05:32,532 [d5adc888-1e0a-4c25-807e-09fade1f1b41:group-3164F9FC4885:LeaderElection9] INFO  impl.RoleInfo (RoleInfo.java:updateAndGet(143)) - d5adc888-1e0a-4c25-807e-09fade1f1b41: start FollowerState
2019-08-30 15:05:32,532 [051f1e26-d98e-44a9-be86-7d4b3c80ff32:group-3164F9FC4885:LeaderElection8] INFO  server.RaftServerConfigKeys (ConfUtils.java:logGet(43)) - raft.server.staging.catchup.gap = 1000 (default)
2019-08-30 15:05:32,534 [051f1e26-d98e-44a9-be86-7d4b3c80ff32:group-3164F9FC4885:LeaderElection8] INFO  server.RaftServerConfigKeys (ConfUtils.java:logGet(43)) - raft.server.rpc.sleep.time = 25ms (default)
2019-08-30 15:05:32,534 [051f1e26-d98e-44a9-be86-7d4b3c80ff32:group-3164F9FC4885:LeaderElection8] INFO  server.RaftServerConfigKeys (ConfUtils.java:logGet(43)) - raft.server.write.element-limit = 4096 (default)
2019-08-30 15:05:32,534 [051f1e26-d98e-44a9-be86-7d4b3c80ff32:group-3164F9FC4885:LeaderElection8] INFO  server.RaftServerConfigKeys (ConfUtils.java:logGet(43)) - raft.server.watch.timeout = 10s (default)
2019-08-30 15:05:32,534 [051f1e26-d98e-44a9-be86-7d4b3c80ff32:group-3164F9FC4885:LeaderElection8] INFO  server.RaftServerConfigKeys (ConfUtils.java:logGet(43)) - raft.server.watch.timeout.denomination = 1s (default)
2019-08-30 15:05:32,534 [051f1e26-d98e-44a9-be86-7d4b3c80ff32:group-3164F9FC4885:LeaderElection8] INFO  server.RaftServerConfigKeys (ConfUtils.java:logGet(43)) - raft.server.watch.element-limit = 65536 (default)
2019-08-30 15:05:32,536 [051f1e26-d98e-44a9-be86-7d4b3c80ff32:group-3164F9FC4885:LeaderElection8] INFO  server.RaftServerConfigKeys (ConfUtils.java:logGet(43)) - raft.server.log.appender.snapshot.chunk.size.max = 16MB (=16777216) (default)
2019-08-30 15:05:32,536 [051f1e26-d98e-44a9-be86-7d4b3c80ff32:group-3164F9FC4885:LeaderElection8] INFO  server.RaftServerConfigKeys (ConfUtils.java:logGet(43)) - raft.server.log.appender.buffer.byte-limit = 33554432 (custom)
2019-08-30 15:05:32,537 [051f1e26-d98e-44a9-be86-7d4b3c80ff32:group-3164F9FC4885:LeaderElection8] INFO  server.RaftServerConfigKeys (ConfUtils.java:logGet(43)) - raft.server.log.appender.buffer.element-limit = 1 (custom)
2019-08-30 15:05:32,539 [051f1e26-d98e-44a9-be86-7d4b3c80ff32:group-3164F9FC4885:LeaderElection8] INFO  grpc.GrpcConfigKeys$Server (ConfUtils.java:logGet(43)) - raft.grpc.server.leader.outstanding.appends.max = 128 (default)
2019-08-30 15:05:32,540 [051f1e26-d98e-44a9-be86-7d4b3c80ff32:group-3164F9FC4885:LeaderElection8] INFO  server.RaftServerConfigKeys (ConfUtils.java:logGet(43)) - raft.server.rpc.request.timeout = 3000ms (default)
2019-08-30 15:05:32,540 [051f1e26-d98e-44a9-be86-7d4b3c80ff32:group-3164F9FC4885:LeaderElection8] INFO  server.RaftServerConfigKeys (ConfUtils.java:logGet(43)) - raft.server.log.appender.install.snapshot.enabled = false (custom)
2019-08-30 15:05:32,540 [051f1e26-d98e-44a9-be86-7d4b3c80ff32:group-3164F9FC4885:LeaderElection8] INFO  server.RaftServerConfigKeys (ConfUtils.java:logGet(43)) - raft.server.log.appender.snapshot.chunk.size.max = 16MB (=16777216) (default)
2019-08-30 15:05:32,540 [051f1e26-d98e-44a9-be86-7d4b3c80ff32:group-3164F9FC4885:LeaderElection8] INFO  server.RaftServerConfigKeys (ConfUtils.java:logGet(43)) - raft.server.log.appender.buffer.byte-limit = 33554432 (custom)
2019-08-30 15:05:32,540 [051f1e26-d98e-44a9-be86-7d4b3c80ff32:group-3164F9FC4885:LeaderElection8] INFO  server.RaftServerConfigKeys (ConfUtils.java:logGet(43)) - raft.server.log.appender.buffer.element-limit = 1 (custom)
2019-08-30 15:05:32,540 [051f1e26-d98e-44a9-be86-7d4b3c80ff32:group-3164F9FC4885:LeaderElection8] INFO  grpc.GrpcConfigKeys$Server (ConfUtils.java:logGet(43)) - raft.grpc.server.leader.outstanding.appends.max = 128 (default)
2019-08-30 15:05:32,540 [051f1e26-d98e-44a9-be86-7d4b3c80ff32:group-3164F9FC4885:LeaderElection8] INFO  server.RaftServerConfigKeys (ConfUtils.java:logGet(43)) - raft.server.rpc.request.timeout = 3000ms (default)
2019-08-30 15:05:32,541 [051f1e26-d98e-44a9-be86-7d4b3c80ff32:group-3164F9FC4885:LeaderElection8] INFO  server.RaftServerConfigKeys (ConfUtils.java:logGet(43)) - raft.server.log.appender.install.snapshot.enabled = false (custom)
2019-08-30 15:05:32,542 [051f1e26-d98e-44a9-be86-7d4b3c80ff32:group-3164F9FC4885:LeaderElection8] INFO  impl.RoleInfo (RoleInfo.java:updateAndGet(143)) - 051f1e26-d98e-44a9-be86-7d4b3c80ff32: start LeaderState
2019-08-30 15:05:32,542 [051f1e26-d98e-44a9-be86-7d4b3c80ff32:group-3164F9FC4885:LeaderElection8] INFO  segmented.SegmentedRaftLogWorker (SegmentedRaftLogWorker.java:startLogSegment(380)) - 051f1e26-d98e-44a9-be86-7d4b3c80ff32-SegmentedRaftLogWorker:Storage Directory /workdir/hadoop-ozone/integration-test/target/test-dir/MiniOzoneClusterImpl-c9bf924e-a99a-40de-a7b2-d35176791736/datanode-4/data/ratis/36aa1e05-e4ff-4a97-b793-3164f9fc4885: Starting segment from index:0
2019-08-30 15:05:32,543 [051f1e26-d98e-44a9-be86-7d4b3c80ff32:group-3164F9FC4885:LeaderElection8] INFO  impl.RaftServerImpl (ServerState.java:setRaftConf(361)) - 051f1e26-d98e-44a9-be86-7d4b3c80ff32:group-3164F9FC4885 set configuration 0: [051f1e26-d98e-44a9-be86-7d4b3c80ff32:192.168.5.134:33174, d5adc888-1e0a-4c25-807e-09fade1f1b41:192.168.5.134:42948, f7e068fb-6143-4078-8f73-64e97620f45b:192.168.5.134:35790], old=null at 0
2019-08-30 15:05:32,573 [Thread-270] INFO  impl.FollowerState (FollowerState.java:run(106)) - 56fefae5-2763-4634-a764-1d1f5af899ed:group-D49D3A09B945 changes to CANDIDATE, lastRpcTime:5048, electionTimeout:5048ms
2019-08-30 15:05:32,574 [Thread-270] INFO  impl.RoleInfo (RoleInfo.java:shutdownFollowerState(121)) - 56fefae5-2763-4634-a764-1d1f5af899ed: shutdown FollowerState
2019-08-30 15:05:32,574 [Thread-270] INFO  impl.RaftServerImpl (RaftServerImpl.java:setRole(171)) - 56fefae5-2763-4634-a764-1d1f5af899ed:group-D49D3A09B945 changes role from FOLLOWER to CANDIDATE at term 0 for changeToCandidate
2019-08-30 15:05:32,574 [Thread-270] INFO  impl.RoleInfo (RoleInfo.java:updateAndGet(143)) - 56fefae5-2763-4634-a764-1d1f5af899ed: start LeaderElection
2019-08-30 15:05:32,586 [051f1e26-d98e-44a9-be86-7d4b3c80ff32-SegmentedRaftLogWorker:Storage Directory /workdir/hadoop-ozone/integration-test/target/test-dir/MiniOzoneClusterImpl-c9bf924e-a99a-40de-a7b2-d35176791736/datanode-4/data/ratis/36aa1e05-e4ff-4a97-b793-3164f9fc4885] INFO  segmented.SegmentedRaftLogWorker (SegmentedRaftLogWorker.java:execute(569)) - 051f1e26-d98e-44a9-be86-7d4b3c80ff32-SegmentedRaftLogWorker:Storage Directory /workdir/hadoop-ozone/integration-test/target/test-dir/MiniOzoneClusterImpl-c9bf924e-a99a-40de-a7b2-d35176791736/datanode-4/data/ratis/36aa1e05-e4ff-4a97-b793-3164f9fc4885: created new log segment /workdir/hadoop-ozone/integration-test/target/test-dir/MiniOzoneClusterImpl-c9bf924e-a99a-40de-a7b2-d35176791736/datanode-4/data/ratis/36aa1e05-e4ff-4a97-b793-3164f9fc4885/current/log_inprogress_0
2019-08-30 15:05:32,586 [56fefae5-2763-4634-a764-1d1f5af899ed:group-D49D3A09B945:LeaderElection10] INFO  impl.LeaderElection (LeaderElection.java:askForVotes(181)) - 56fefae5-2763-4634-a764-1d1f5af899ed:group-D49D3A09B945:LeaderElection10: begin an election at term 1 for -1: [fc5bbe82-8490-41a4-97d8-e34a13b8703c:192.168.5.134:35726, 56fefae5-2763-4634-a764-1d1f5af899ed:192.168.5.134:43177, ff806b18-47a3-461f-8103-ac239ab05d36:192.168.5.134:46182], old=null
2019-08-30 15:05:32,592 [Thread-275] INFO  impl.FollowerState (FollowerState.java:run(106)) - fc5bbe82-8490-41a4-97d8-e34a13b8703c:group-D49D3A09B945 changes to CANDIDATE, lastRpcTime:5055, electionTimeout:5055ms
2019-08-30 15:05:32,593 [Thread-275] INFO  impl.RoleInfo (RoleInfo.java:shutdownFollowerState(121)) - fc5bbe82-8490-41a4-97d8-e34a13b8703c: shutdown FollowerState
2019-08-30 15:05:32,593 [Thread-275] INFO  impl.RaftServerImpl (RaftServerImpl.java:setRole(171)) - fc5bbe82-8490-41a4-97d8-e34a13b8703c:group-D49D3A09B945 changes role from FOLLOWER to CANDIDATE at term 0 for changeToCandidate
2019-08-30 15:05:32,593 [Thread-275] INFO  impl.RoleInfo (RoleInfo.java:updateAndGet(143)) - fc5bbe82-8490-41a4-97d8-e34a13b8703c: start LeaderElection
2019-08-30 15:05:32,599 [grpc-default-executor-1] INFO  impl.RaftServerImpl (ServerState.java:setLeader(263)) - d5adc888-1e0a-4c25-807e-09fade1f1b41:group-3164F9FC4885 change Leader from null to 051f1e26-d98e-44a9-be86-7d4b3c80ff32 at term 1 for appendEntries, leader elected after 5214ms
2019-08-30 15:05:32,599 [grpc-default-executor-3] INFO  impl.RaftServerImpl (ServerState.java:setLeader(263)) - f7e068fb-6143-4078-8f73-64e97620f45b:group-3164F9FC4885 change Leader from null to 051f1e26-d98e-44a9-be86-7d4b3c80ff32 at term 1 for appendEntries, leader elected after 5213ms
2019-08-30 15:05:32,607 [grpc-default-executor-2] INFO  impl.RaftServerImpl (RaftServerImpl.java:setRole(171)) - ff806b18-47a3-461f-8103-ac239ab05d36:group-D49D3A09B945 changes role from FOLLOWER to FOLLOWER at term 1 for recognizeCandidate:56fefae5-2763-4634-a764-1d1f5af899ed
2019-08-30 15:05:32,608 [fc5bbe82-8490-41a4-97d8-e34a13b8703c:group-D49D3A09B945:LeaderElection11] INFO  impl.LeaderElection (LeaderElection.java:askForVotes(181)) - fc5bbe82-8490-41a4-97d8-e34a13b8703c:group-D49D3A09B945:LeaderElection11: begin an election at term 1 for -1: [fc5bbe82-8490-41a4-97d8-e34a13b8703c:192.168.5.134:35726, 56fefae5-2763-4634-a764-1d1f5af899ed:192.168.5.134:43177, ff806b18-47a3-461f-8103-ac239ab05d36:192.168.5.134:46182], old=null
2019-08-30 15:05:32,608 [grpc-default-executor-2] INFO  impl.RoleInfo (RoleInfo.java:shutdownFollowerState(121)) - ff806b18-47a3-461f-8103-ac239ab05d36: shutdown FollowerState
2019-08-30 15:05:32,609 [Thread-274] INFO  impl.FollowerState (FollowerState.java:run(114)) - ff806b18-47a3-461f-8103-ac239ab05d36: FollowerState was interrupted: java.lang.InterruptedException: sleep interrupted
2019-08-30 15:05:32,609 [grpc-default-executor-2] INFO  impl.RoleInfo (RoleInfo.java:updateAndGet(143)) - ff806b18-47a3-461f-8103-ac239ab05d36: start FollowerState
2019-08-30 15:05:32,628 [56fefae5-2763-4634-a764-1d1f5af899ed:group-D49D3A09B945:LeaderElection10] INFO  impl.LeaderElection (LeaderElection.java:logAndReturn(56)) - 56fefae5-2763-4634-a764-1d1f5af899ed:group-D49D3A09B945:LeaderElection10: Election PASSED; received 2 response(s) [56fefae5-2763-4634-a764-1d1f5af899ed<-fc5bbe82-8490-41a4-97d8-e34a13b8703c#0:FAIL-t1, 56fefae5-2763-4634-a764-1d1f5af899ed<-ff806b18-47a3-461f-8103-ac239ab05d36#0:OK-t1] and 0 exception(s); 56fefae5-2763-4634-a764-1d1f5af899ed:t1, leader=null, voted=56fefae5-2763-4634-a764-1d1f5af899ed, raftlog=56fefae5-2763-4634-a764-1d1f5af899ed-SegmentedRaftLog:OPENED:c-1,f-1,i0, conf=-1: [fc5bbe82-8490-41a4-97d8-e34a13b8703c:192.168.5.134:35726, 56fefae5-2763-4634-a764-1d1f5af899ed:192.168.5.134:43177, ff806b18-47a3-461f-8103-ac239ab05d36:192.168.5.134:46182], old=null
2019-08-30 15:05:32,628 [56fefae5-2763-4634-a764-1d1f5af899ed:group-D49D3A09B945:LeaderElection10] INFO  impl.RoleInfo (RoleInfo.java:shutdownLeaderElection(134)) - 56fefae5-2763-4634-a764-1d1f5af899ed: shutdown LeaderElection
2019-08-30 15:05:32,629 [56fefae5-2763-4634-a764-1d1f5af899ed:group-D49D3A09B945:LeaderElection10] INFO  impl.RaftServerImpl (RaftServerImpl.java:setRole(171)) - 56fefae5-2763-4634-a764-1d1f5af899ed:group-D49D3A09B945 changes role from CANDIDATE to LEADER at term 1 for changeToLeader
2019-08-30 15:05:32,631 [56fefae5-2763-4634-a764-1d1f5af899ed:group-D49D3A09B945:LeaderElection10] INFO  impl.RaftServerImpl (ServerState.java:setLeader(263)) - 56fefae5-2763-4634-a764-1d1f5af899ed:group-D49D3A09B945 change Leader from null to 56fefae5-2763-4634-a764-1d1f5af899ed at term 1 for becomeLeader, leader elected after 5121ms
2019-08-30 15:05:32,632 [56fefae5-2763-4634-a764-1d1f5af899ed:group-D49D3A09B945:LeaderElection10] INFO  server.RaftServerConfigKeys (ConfUtils.java:logGet(43)) - raft.server.staging.catchup.gap = 1000 (default)
2019-08-30 15:05:32,632 [56fefae5-2763-4634-a764-1d1f5af899ed:group-D49D3A09B945:LeaderElection10] INFO  server.RaftServerConfigKeys (ConfUtils.java:logGet(43)) - raft.server.rpc.sleep.time = 25ms (default)
2019-08-30 15:05:32,632 [56fefae5-2763-4634-a764-1d1f5af899ed:group-D49D3A09B945:LeaderElection10] INFO  server.RaftServerConfigKeys (ConfUtils.java:logGet(43)) - raft.server.write.element-limit = 4096 (default)
2019-08-30 15:05:32,632 [56fefae5-2763-4634-a764-1d1f5af899ed:group-D49D3A09B945:LeaderElection10] INFO  server.RaftServerConfigKeys (ConfUtils.java:logGet(43)) - raft.server.watch.timeout = 10s (default)
2019-08-30 15:05:32,632 [fc5bbe82-8490-41a4-97d8-e34a13b8703c:group-D49D3A09B945:LeaderElection11] INFO  impl.LeaderElection (LeaderElection.java:logAndReturn(56)) - fc5bbe82-8490-41a4-97d8-e34a13b8703c:group-D49D3A09B945:LeaderElection11: Election REJECTED; received 2 response(s) [fc5bbe82-8490-41a4-97d8-e34a13b8703c<-56fefae5-2763-4634-a764-1d1f5af899ed#0:FAIL-t1, fc5bbe82-8490-41a4-97d8-e34a13b8703c<-ff806b18-47a3-461f-8103-ac239ab05d36#0:FAIL-t1] and 0 exception(s); fc5bbe82-8490-41a4-97d8-e34a13b8703c:t1, leader=null, voted=fc5bbe82-8490-41a4-97d8-e34a13b8703c, raftlog=fc5bbe82-8490-41a4-97d8-e34a13b8703c-SegmentedRaftLog:OPENED:c-1,f-1,i0, conf=-1: [fc5bbe82-8490-41a4-97d8-e34a13b8703c:192.168.5.134:35726, 56fefae5-2763-4634-a764-1d1f5af899ed:192.168.5.134:43177, ff806b18-47a3-461f-8103-ac239ab05d36:192.168.5.134:46182], old=null
2019-08-30 15:05:32,635 [56fefae5-2763-4634-a764-1d1f5af899ed:group-D49D3A09B945:LeaderElection10] INFO  server.RaftServerConfigKeys (ConfUtils.java:logGet(43)) - raft.server.watch.timeout.denomination = 1s (default)
2019-08-30 15:05:32,635 [fc5bbe82-8490-41a4-97d8-e34a13b8703c:group-D49D3A09B945:LeaderElection11] INFO  impl.RaftServerImpl (RaftServerImpl.java:setRole(171)) - fc5bbe82-8490-41a4-97d8-e34a13b8703c:group-D49D3A09B945 changes role from CANDIDATE to FOLLOWER at term 1 for DISCOVERED_A_NEW_TERM
2019-08-30 15:05:32,635 [56fefae5-2763-4634-a764-1d1f5af899ed:group-D49D3A09B945:LeaderElection10] INFO  server.RaftServerConfigKeys (ConfUtils.java:logGet(43)) - raft.server.watch.element-limit = 65536 (default)
2019-08-30 15:05:32,638 [fc5bbe82-8490-41a4-97d8-e34a13b8703c:group-D49D3A09B945:LeaderElection11] INFO  impl.RoleInfo (RoleInfo.java:shutdownLeaderElection(134)) - fc5bbe82-8490-41a4-97d8-e34a13b8703c: shutdown LeaderElection
2019-08-30 15:05:32,639 [56fefae5-2763-4634-a764-1d1f5af899ed:group-D49D3A09B945:LeaderElection10] INFO  server.RaftServerConfigKeys (ConfUtils.java:logGet(43)) - raft.server.log.appender.snapshot.chunk.size.max = 16MB (=16777216) (default)
2019-08-30 15:05:32,639 [fc5bbe82-8490-41a4-97d8-e34a13b8703c:group-D49D3A09B945:LeaderElection11] INFO  impl.RoleInfo (RoleInfo.java:updateAndGet(143)) - fc5bbe82-8490-41a4-97d8-e34a13b8703c: start FollowerState
2019-08-30 15:05:32,639 [56fefae5-2763-4634-a764-1d1f5af899ed:group-D49D3A09B945:LeaderElection10] INFO  server.RaftServerConfigKeys (ConfUtils.java:logGet(43)) - raft.server.log.appender.buffer.byte-limit = 33554432 (custom)
2019-08-30 15:05:32,642 [56fefae5-2763-4634-a764-1d1f5af899ed:group-D49D3A09B945:LeaderElection10] INFO  server.RaftServerConfigKeys (ConfUtils.java:logGet(43)) - raft.server.log.appender.buffer.element-limit = 1 (custom)
2019-08-30 15:05:32,643 [56fefae5-2763-4634-a764-1d1f5af899ed:group-D49D3A09B945:LeaderElection10] INFO  grpc.GrpcConfigKeys$Server (ConfUtils.java:logGet(43)) - raft.grpc.server.leader.outstanding.appends.max = 128 (default)
2019-08-30 15:05:32,644 [56fefae5-2763-4634-a764-1d1f5af899ed:group-D49D3A09B945:LeaderElection10] INFO  server.RaftServerConfigKeys (ConfUtils.java:logGet(43)) - raft.server.rpc.request.timeout = 3000ms (default)
2019-08-30 15:05:32,645 [56fefae5-2763-4634-a764-1d1f5af899ed:group-D49D3A09B945:LeaderElection10] INFO  server.RaftServerConfigKeys (ConfUtils.java:logGet(43)) - raft.server.log.appender.install.snapshot.enabled = false (custom)
2019-08-30 15:05:32,645 [56fefae5-2763-4634-a764-1d1f5af899ed:group-D49D3A09B945:LeaderElection10] INFO  server.RaftServerConfigKeys (ConfUtils.java:logGet(43)) - raft.server.log.appender.snapshot.chunk.size.max = 16MB (=16777216) (default)
2019-08-30 15:05:32,645 [56fefae5-2763-4634-a764-1d1f5af899ed:group-D49D3A09B945:LeaderElection10] INFO  server.RaftServerConfigKeys (ConfUtils.java:logGet(43)) - raft.server.log.appender.buffer.byte-limit = 33554432 (custom)
2019-08-30 15:05:32,645 [56fefae5-2763-4634-a764-1d1f5af899ed:group-D49D3A09B945:LeaderElection10] INFO  server.RaftServerConfigKeys (ConfUtils.java:logGet(43)) - raft.server.log.appender.buffer.element-limit = 1 (custom)
2019-08-30 15:05:32,645 [56fefae5-2763-4634-a764-1d1f5af899ed:group-D49D3A09B945:LeaderElection10] INFO  grpc.GrpcConfigKeys$Server (ConfUtils.java:logGet(43)) - raft.grpc.server.leader.outstanding.appends.max = 128 (default)
2019-08-30 15:05:32,645 [56fefae5-2763-4634-a764-1d1f5af899ed:group-D49D3A09B945:LeaderElection10] INFO  server.RaftServerConfigKeys (ConfUtils.java:logGet(43)) - raft.server.rpc.request.timeout = 3000ms (default)
2019-08-30 15:05:32,646 [56fefae5-2763-4634-a764-1d1f5af899ed:group-D49D3A09B945:LeaderElection10] INFO  server.RaftServerConfigKeys (ConfUtils.java:logGet(43)) - raft.server.log.appender.install.snapshot.enabled = false (custom)
2019-08-30 15:05:32,646 [56fefae5-2763-4634-a764-1d1f5af899ed:group-D49D3A09B945:LeaderElection10] INFO  impl.RoleInfo (RoleInfo.java:updateAndGet(143)) - 56fefae5-2763-4634-a764-1d1f5af899ed: start LeaderState
2019-08-30 15:05:32,646 [56fefae5-2763-4634-a764-1d1f5af899ed:group-D49D3A09B945:LeaderElection10] INFO  segmented.SegmentedRaftLogWorker (SegmentedRaftLogWorker.java:startLogSegment(380)) - 56fefae5-2763-4634-a764-1d1f5af899ed-SegmentedRaftLogWorker:Storage Directory /workdir/hadoop-ozone/integration-test/target/test-dir/MiniOzoneClusterImpl-c9bf924e-a99a-40de-a7b2-d35176791736/datanode-2/data/ratis/8798ce88-ce0d-49ee-a819-d49d3a09b945: Starting segment from index:0
2019-08-30 15:05:32,647 [56fefae5-2763-4634-a764-1d1f5af899ed:group-D49D3A09B945:LeaderElection10] INFO  impl.RaftServerImpl (ServerState.java:setRaftConf(361)) - 56fefae5-2763-4634-a764-1d1f5af899ed:group-D49D3A09B945 set configuration 0: [fc5bbe82-8490-41a4-97d8-e34a13b8703c:192.168.5.134:35726, 56fefae5-2763-4634-a764-1d1f5af899ed:192.168.5.134:43177, ff806b18-47a3-461f-8103-ac239ab05d36:192.168.5.134:46182], old=null at 0
2019-08-30 15:05:32,681 [grpc-default-executor-1] INFO  impl.RaftServerImpl (ServerState.java:setLeader(263)) - fc5bbe82-8490-41a4-97d8-e34a13b8703c:group-D49D3A09B945 change Leader from null to 56fefae5-2763-4634-a764-1d1f5af899ed at term 1 for appendEntries, leader elected after 5171ms
2019-08-30 15:05:32,681 [grpc-default-executor-4] INFO  impl.RaftServerImpl (ServerState.java:setLeader(263)) - ff806b18-47a3-461f-8103-ac239ab05d36:group-D49D3A09B945 change Leader from null to 56fefae5-2763-4634-a764-1d1f5af899ed at term 1 for appendEntries, leader elected after 5172ms
2019-08-30 15:05:32,684 [grpc-default-executor-2] INFO  impl.RaftServerImpl (ServerState.java:setRaftConf(361)) - f7e068fb-6143-4078-8f73-64e97620f45b:group-3164F9FC4885 set configuration 0: [051f1e26-d98e-44a9-be86-7d4b3c80ff32:192.168.5.134:33174, d5adc888-1e0a-4c25-807e-09fade1f1b41:192.168.5.134:42948, f7e068fb-6143-4078-8f73-64e97620f45b:192.168.5.134:35790], old=null at 0
2019-08-30 15:05:32,684 [grpc-default-executor-3] INFO  impl.RaftServerImpl (ServerState.java:setRaftConf(361)) - d5adc888-1e0a-4c25-807e-09fade1f1b41:group-3164F9FC4885 set configuration 0: [051f1e26-d98e-44a9-be86-7d4b3c80ff32:192.168.5.134:33174, d5adc888-1e0a-4c25-807e-09fade1f1b41:192.168.5.134:42948, f7e068fb-6143-4078-8f73-64e97620f45b:192.168.5.134:35790], old=null at 0
2019-08-30 15:05:32,685 [grpc-default-executor-2] INFO  segmented.SegmentedRaftLogWorker (SegmentedRaftLogWorker.java:startLogSegment(380)) - f7e068fb-6143-4078-8f73-64e97620f45b-SegmentedRaftLogWorker:Storage Directory /workdir/hadoop-ozone/integration-test/target/test-dir/MiniOzoneClusterImpl-c9bf924e-a99a-40de-a7b2-d35176791736/datanode-0/data/ratis/36aa1e05-e4ff-4a97-b793-3164f9fc4885: Starting segment from index:0
2019-08-30 15:05:32,685 [grpc-default-executor-3] INFO  segmented.SegmentedRaftLogWorker (SegmentedRaftLogWorker.java:startLogSegment(380)) - d5adc888-1e0a-4c25-807e-09fade1f1b41-SegmentedRaftLogWorker:Storage Directory /workdir/hadoop-ozone/integration-test/target/test-dir/MiniOzoneClusterImpl-c9bf924e-a99a-40de-a7b2-d35176791736/datanode-3/data/ratis/36aa1e05-e4ff-4a97-b793-3164f9fc4885: Starting segment from index:0
2019-08-30 15:05:32,686 [grpc-default-executor-2] INFO  impl.RaftServerImpl (ServerState.java:setRaftConf(361)) - fc5bbe82-8490-41a4-97d8-e34a13b8703c:group-D49D3A09B945 set configuration 0: [fc5bbe82-8490-41a4-97d8-e34a13b8703c:192.168.5.134:35726, 56fefae5-2763-4634-a764-1d1f5af899ed:192.168.5.134:43177, ff806b18-47a3-461f-8103-ac239ab05d36:192.168.5.134:46182], old=null at 0
2019-08-30 15:05:32,686 [grpc-default-executor-3] INFO  impl.RaftServerImpl (ServerState.java:setRaftConf(361)) - ff806b18-47a3-461f-8103-ac239ab05d36:group-D49D3A09B945 set configuration 0: [fc5bbe82-8490-41a4-97d8-e34a13b8703c:192.168.5.134:35726, 56fefae5-2763-4634-a764-1d1f5af899ed:192.168.5.134:43177, ff806b18-47a3-461f-8103-ac239ab05d36:192.168.5.134:46182], old=null at 0
2019-08-30 15:05:32,686 [grpc-default-executor-2] INFO  segmented.SegmentedRaftLogWorker (SegmentedRaftLogWorker.java:startLogSegment(380)) - fc5bbe82-8490-41a4-97d8-e34a13b8703c-SegmentedRaftLogWorker:Storage Directory /workdir/hadoop-ozone/integration-test/target/test-dir/MiniOzoneClusterImpl-c9bf924e-a99a-40de-a7b2-d35176791736/datanode-6/data/ratis/8798ce88-ce0d-49ee-a819-d49d3a09b945: Starting segment from index:0
2019-08-30 15:05:32,686 [grpc-default-executor-3] INFO  segmented.SegmentedRaftLogWorker (SegmentedRaftLogWorker.java:startLogSegment(380)) - ff806b18-47a3-461f-8103-ac239ab05d36-SegmentedRaftLogWorker:Storage Directory /workdir/hadoop-ozone/integration-test/target/test-dir/MiniOzoneClusterImpl-c9bf924e-a99a-40de-a7b2-d35176791736/datanode-5/data/ratis/8798ce88-ce0d-49ee-a819-d49d3a09b945: Starting segment from index:0
2019-08-30 15:05:32,692 [56fefae5-2763-4634-a764-1d1f5af899ed-SegmentedRaftLogWorker:Storage Directory /workdir/hadoop-ozone/integration-test/target/test-dir/MiniOzoneClusterImpl-c9bf924e-a99a-40de-a7b2-d35176791736/datanode-2/data/ratis/8798ce88-ce0d-49ee-a819-d49d3a09b945] INFO  segmented.SegmentedRaftLogWorker (SegmentedRaftLogWorker.java:execute(569)) - 56fefae5-2763-4634-a764-1d1f5af899ed-SegmentedRaftLogWorker:Storage Directory /workdir/hadoop-ozone/integration-test/target/test-dir/MiniOzoneClusterImpl-c9bf924e-a99a-40de-a7b2-d35176791736/datanode-2/data/ratis/8798ce88-ce0d-49ee-a819-d49d3a09b945: created new log segment /workdir/hadoop-ozone/integration-test/target/test-dir/MiniOzoneClusterImpl-c9bf924e-a99a-40de-a7b2-d35176791736/datanode-2/data/ratis/8798ce88-ce0d-49ee-a819-d49d3a09b945/current/log_inprogress_0
2019-08-30 15:05:32,724 [f7e068fb-6143-4078-8f73-64e97620f45b-SegmentedRaftLogWorker:Storage Directory /workdir/hadoop-ozone/integration-test/target/test-dir/MiniOzoneClusterImpl-c9bf924e-a99a-40de-a7b2-d35176791736/datanode-0/data/ratis/36aa1e05-e4ff-4a97-b793-3164f9fc4885] INFO  segmented.SegmentedRaftLogWorker (SegmentedRaftLogWorker.java:execute(569)) - f7e068fb-6143-4078-8f73-64e97620f45b-SegmentedRaftLogWorker:Storage Directory /workdir/hadoop-ozone/integration-test/target/test-dir/MiniOzoneClusterImpl-c9bf924e-a99a-40de-a7b2-d35176791736/datanode-0/data/ratis/36aa1e05-e4ff-4a97-b793-3164f9fc4885: created new log segment /workdir/hadoop-ozone/integration-test/target/test-dir/MiniOzoneClusterImpl-c9bf924e-a99a-40de-a7b2-d35176791736/datanode-0/data/ratis/36aa1e05-e4ff-4a97-b793-3164f9fc4885/current/log_inprogress_0
2019-08-30 15:05:32,724 [ff806b18-47a3-461f-8103-ac239ab05d36-SegmentedRaftLogWorker:Storage Directory /workdir/hadoop-ozone/integration-test/target/test-dir/MiniOzoneClusterImpl-c9bf924e-a99a-40de-a7b2-d35176791736/datanode-5/data/ratis/8798ce88-ce0d-49ee-a819-d49d3a09b945] INFO  segmented.SegmentedRaftLogWorker (SegmentedRaftLogWorker.java:execute(569)) - ff806b18-47a3-461f-8103-ac239ab05d36-SegmentedRaftLogWorker:Storage Directory /workdir/hadoop-ozone/integration-test/target/test-dir/MiniOzoneClusterImpl-c9bf924e-a99a-40de-a7b2-d35176791736/datanode-5/data/ratis/8798ce88-ce0d-49ee-a819-d49d3a09b945: created new log segment /workdir/hadoop-ozone/integration-test/target/test-dir/MiniOzoneClusterImpl-c9bf924e-a99a-40de-a7b2-d35176791736/datanode-5/data/ratis/8798ce88-ce0d-49ee-a819-d49d3a09b945/current/log_inprogress_0
2019-08-30 15:05:32,737 | INFO  | SCMAudit | user=jenkins1000 | ip=192.168.5.134 | op=SEND_HEARTBEAT {datanodeUUID=fc5bbe82-8490-41a4-97d8-e34a13b8703c, command=[]} | ret=SUCCESS |  
2019-08-30 15:05:32,738 | INFO  | SCMAudit | user=jenkins1000 | ip=192.168.5.134 | op=SEND_HEARTBEAT {datanodeUUID=ff806b18-47a3-461f-8103-ac239ab05d36, command=[]} | ret=SUCCESS |  
2019-08-30 15:05:32,741 [fc5bbe82-8490-41a4-97d8-e34a13b8703c-SegmentedRaftLogWorker:Storage Directory /workdir/hadoop-ozone/integration-test/target/test-dir/MiniOzoneClusterImpl-c9bf924e-a99a-40de-a7b2-d35176791736/datanode-6/data/ratis/8798ce88-ce0d-49ee-a819-d49d3a09b945] INFO  segmented.SegmentedRaftLogWorker (SegmentedRaftLogWorker.java:execute(569)) - fc5bbe82-8490-41a4-97d8-e34a13b8703c-SegmentedRaftLogWorker:Storage Directory /workdir/hadoop-ozone/integration-test/target/test-dir/MiniOzoneClusterImpl-c9bf924e-a99a-40de-a7b2-d35176791736/datanode-6/data/ratis/8798ce88-ce0d-49ee-a819-d49d3a09b945: created new log segment /workdir/hadoop-ozone/integration-test/target/test-dir/MiniOzoneClusterImpl-c9bf924e-a99a-40de-a7b2-d35176791736/datanode-6/data/ratis/8798ce88-ce0d-49ee-a819-d49d3a09b945/current/log_inprogress_0
2019-08-30 15:05:32,741 [d5adc888-1e0a-4c25-807e-09fade1f1b41-SegmentedRaftLogWorker:Storage Directory /workdir/hadoop-ozone/integration-test/target/test-dir/MiniOzoneClusterImpl-c9bf924e-a99a-40de-a7b2-d35176791736/datanode-3/data/ratis/36aa1e05-e4ff-4a97-b793-3164f9fc4885] INFO  segmented.SegmentedRaftLogWorker (SegmentedRaftLogWorker.java:execute(569)) - d5adc888-1e0a-4c25-807e-09fade1f1b41-SegmentedRaftLogWorker:Storage Directory /workdir/hadoop-ozone/integration-test/target/test-dir/MiniOzoneClusterImpl-c9bf924e-a99a-40de-a7b2-d35176791736/datanode-3/data/ratis/36aa1e05-e4ff-4a97-b793-3164f9fc4885: created new log segment /workdir/hadoop-ozone/integration-test/target/test-dir/MiniOzoneClusterImpl-c9bf924e-a99a-40de-a7b2-d35176791736/datanode-3/data/ratis/36aa1e05-e4ff-4a97-b793-3164f9fc4885/current/log_inprogress_0
2019-08-30 15:05:32,941 | INFO  | SCMAudit | user=jenkins1000 | ip=192.168.5.134 | op=SEND_HEARTBEAT {datanodeUUID=f7e068fb-6143-4078-8f73-64e97620f45b, command=[]} | ret=SUCCESS |  
2019-08-30 15:05:33,021 | INFO  | SCMAudit | user=jenkins1000 | ip=192.168.5.134 | op=SEND_HEARTBEAT {datanodeUUID=a7864295-ee65-4810-9484-3806f14c48e5, command=[]} | ret=SUCCESS |  
2019-08-30 15:05:33,098 | INFO  | SCMAudit | user=jenkins1000 | ip=192.168.5.134 | op=SEND_HEARTBEAT {datanodeUUID=56fefae5-2763-4634-a764-1d1f5af899ed, command=[]} | ret=SUCCESS |  
2019-08-30 15:05:33,183 | INFO  | SCMAudit | user=jenkins1000 | ip=192.168.5.134 | op=SEND_HEARTBEAT {datanodeUUID=56fefae5-2763-4634-a764-1d1f5af899ed, command=[]} | ret=SUCCESS |  
2019-08-30 15:05:33,199 | INFO  | SCMAudit | user=jenkins1000 | ip=192.168.5.134 | op=SEND_HEARTBEAT {datanodeUUID=fc5bbe82-8490-41a4-97d8-e34a13b8703c, command=[]} | ret=SUCCESS |  
2019-08-30 15:05:33,199 | INFO  | SCMAudit | user=jenkins1000 | ip=192.168.5.134 | op=SEND_HEARTBEAT {datanodeUUID=ff806b18-47a3-461f-8103-ac239ab05d36, command=[]} | ret=SUCCESS |  
2019-08-30 15:05:33,212 | INFO  | DNAudit | user=null | ip=null | op=WRITE_CHUNK {blockData=conID: 1 locID: 102706546493095937 bcsId: 0} | ret=SUCCESS |  
2019-08-30 15:05:33,212 | INFO  | DNAudit | user=null | ip=null | op=WRITE_CHUNK {blockData=conID: 1 locID: 102706546493095937 bcsId: 0} | ret=SUCCESS |  
2019-08-30 15:05:33,212 | INFO  | DNAudit | user=null | ip=null | op=WRITE_CHUNK {blockData=conID: 1 locID: 102706546493095937 bcsId: 0} | ret=SUCCESS |  
2019-08-30 15:05:33,223 | INFO  | SCMAudit | user=jenkins1000 | ip=192.168.5.134 | op=SEND_HEARTBEAT {datanodeUUID=d5adc888-1e0a-4c25-807e-09fade1f1b41, command=[]} | ret=SUCCESS |  
2019-08-30 15:05:33,231 | INFO  | DNAudit | user=null | ip=null | op=WRITE_CHUNK {blockData=conID: 1 locID: 102706546493095937 bcsId: 0} | ret=SUCCESS |  
2019-08-30 15:05:33,250 [grpc-default-executor-3] INFO  client.GrpcClientProtocolClient (GrpcClientProtocolClient.java:onNext(255)) - client-29B5ABD7A86F->56fefae5-2763-4634-a764-1d1f5af899ed: receive RaftClientReply:client-29B5ABD7A86F->56fefae5-2763-4634-a764-1d1f5af899ed@group-D49D3A09B945, cid=13, SUCCESS, logIndex=1, commits[56fefae5-2763-4634-a764-1d1f5af899ed:c1, fc5bbe82-8490-41a4-97d8-e34a13b8703c:c0, ff806b18-47a3-461f-8103-ac239ab05d36:c0]
2019-08-30 15:05:33,255 | INFO  | DNAudit | user=null | ip=null | op=WRITE_CHUNK {blockData=conID: 1 locID: 102706546493095937 bcsId: 0} | ret=SUCCESS |  
2019-08-30 15:05:33,255 | INFO  | DNAudit | user=null | ip=null | op=WRITE_CHUNK {blockData=conID: 1 locID: 102706546493095937 bcsId: 0} | ret=SUCCESS |  
2019-08-30 15:05:33,269 | INFO  | DNAudit | user=null | ip=null | op=WRITE_CHUNK {blockData=conID: 1 locID: 102706546493095937 bcsId: 0} | ret=SUCCESS |  
2019-08-30 15:05:33,278 | INFO  | DNAudit | user=null | ip=null | op=WRITE_CHUNK {blockData=conID: 1 locID: 102706546493095937 bcsId: 0} | ret=SUCCESS |  
2019-08-30 15:05:33,278 | INFO  | DNAudit | user=null | ip=null | op=WRITE_CHUNK {blockData=conID: 1 locID: 102706546493095937 bcsId: 0} | ret=SUCCESS |  
2019-08-30 15:05:33,281 | INFO  | SCMAudit | user=jenkins1000 | ip=192.168.5.134 | op=SEND_HEARTBEAT {datanodeUUID=051f1e26-d98e-44a9-be86-7d4b3c80ff32, command=[]} | ret=SUCCESS |  
2019-08-30 15:05:33,287 | INFO  | DNAudit | user=null | ip=null | op=WRITE_CHUNK {blockData=conID: 1 locID: 102706546493095937 bcsId: 0} | ret=SUCCESS |  
2019-08-30 15:05:33,292 | INFO  | DNAudit | user=null | ip=null | op=WRITE_CHUNK {blockData=conID: 1 locID: 102706546493095937 bcsId: 0} | ret=SUCCESS |  
2019-08-30 15:05:33,293 [grpc-default-executor-2] INFO  client.GrpcClientProtocolClient (GrpcClientProtocolClient.java:onNext(255)) - client-29B5ABD7A86F->56fefae5-2763-4634-a764-1d1f5af899ed: receive RaftClientReply:client-29B5ABD7A86F->56fefae5-2763-4634-a764-1d1f5af899ed@group-D49D3A09B945, cid=14, SUCCESS, logIndex=3, commits[56fefae5-2763-4634-a764-1d1f5af899ed:c3, fc5bbe82-8490-41a4-97d8-e34a13b8703c:c2, ff806b18-47a3-461f-8103-ac239ab05d36:c2]
2019-08-30 15:05:33,296 | INFO  | DNAudit | user=null | ip=null | op=WRITE_CHUNK {blockData=conID: 1 locID: 102706546493095937 bcsId: 0} | ret=SUCCESS |  
2019-08-30 15:05:33,299 | INFO  | DNAudit | user=null | ip=null | op=WRITE_CHUNK {blockData=conID: 1 locID: 102706546493095937 bcsId: 0} | ret=SUCCESS |  
2019-08-30 15:05:33,300 | INFO  | DNAudit | user=null | ip=null | op=WRITE_CHUNK {blockData=conID: 1 locID: 102706546493095937 bcsId: 0} | ret=SUCCESS |  
2019-08-30 15:05:33,302 | INFO  | DNAudit | user=null | ip=null | op=WRITE_CHUNK {blockData=conID: 1 locID: 102706546493095937 bcsId: 0} | ret=SUCCESS |  
2019-08-30 15:05:33,302 | INFO  | DNAudit | user=null | ip=null | op=WRITE_CHUNK {blockData=conID: 1 locID: 102706546493095937 bcsId: 0} | ret=SUCCESS |  
2019-08-30 15:05:33,303 | INFO  | DNAudit | user=null | ip=null | op=WRITE_CHUNK {blockData=conID: 1 locID: 102706546493095937 bcsId: 0} | ret=SUCCESS |  
2019-08-30 15:05:33,303 | INFO  | DNAudit | user=null | ip=null | op=WRITE_CHUNK {blockData=conID: 1 locID: 102706546493095937 bcsId: 0} | ret=SUCCESS |  
2019-08-30 15:05:33,398 | INFO  | DNAudit | user=null | ip=null | op=PUT_BLOCK {blockData=[blockId=conID: 1 locID: 102706546493095937 bcsId: 0,size=200]} | ret=SUCCESS |  
2019-08-30 15:05:33,403 [grpc-default-executor-4] INFO  client.GrpcClientProtocolClient (GrpcClientProtocolClient.java:onNext(255)) - client-29B5ABD7A86F->56fefae5-2763-4634-a764-1d1f5af899ed: receive RaftClientReply:client-29B5ABD7A86F->56fefae5-2763-4634-a764-1d1f5af899ed@group-D49D3A09B945, cid=15, SUCCESS, logIndex=5, commits[56fefae5-2763-4634-a764-1d1f5af899ed:c12, fc5bbe82-8490-41a4-97d8-e34a13b8703c:c8, ff806b18-47a3-461f-8103-ac239ab05d36:c8]
2019-08-30 15:05:33,412 | INFO  | DNAudit | user=null | ip=null | op=WRITE_CHUNK {blockData=conID: 1 locID: 102706546493095937 bcsId: 0} | ret=SUCCESS |  
2019-08-30 15:05:33,413 | INFO  | DNAudit | user=null | ip=null | op=WRITE_CHUNK {blockData=conID: 1 locID: 102706546493095937 bcsId: 0} | ret=SUCCESS |  
2019-08-30 15:05:33,414 [grpc-default-executor-4] INFO  client.GrpcClientProtocolClient (GrpcClientProtocolClient.java:onNext(255)) - client-29B5ABD7A86F->56fefae5-2763-4634-a764-1d1f5af899ed: receive RaftClientReply:client-29B5ABD7A86F->56fefae5-2763-4634-a764-1d1f5af899ed@group-D49D3A09B945, cid=16, SUCCESS, logIndex=6, commits[56fefae5-2763-4634-a764-1d1f5af899ed:c12, fc5bbe82-8490-41a4-97d8-e34a13b8703c:c8, ff806b18-47a3-461f-8103-ac239ab05d36:c8]
2019-08-30 15:05:33,415 [grpc-default-executor-4] INFO  client.GrpcClientProtocolClient (GrpcClientProtocolClient.java:onNext(255)) - client-29B5ABD7A86F->56fefae5-2763-4634-a764-1d1f5af899ed: receive RaftClientReply:client-29B5ABD7A86F->56fefae5-2763-4634-a764-1d1f5af899ed@group-D49D3A09B945, cid=17, SUCCESS, logIndex=7, commits[56fefae5-2763-4634-a764-1d1f5af899ed:c12, fc5bbe82-8490-41a4-97d8-e34a13b8703c:c8, ff806b18-47a3-461f-8103-ac239ab05d36:c8]
2019-08-30 15:05:33,446 | INFO  | DNAudit | user=null | ip=null | op=PUT_BLOCK {blockData=[blockId=conID: 1 locID: 102706546493095937 bcsId: 0,size=200]} | ret=SUCCESS |  
2019-08-30 15:05:33,447 | INFO  | DNAudit | user=null | ip=null | op=WRITE_CHUNK {blockData=conID: 1 locID: 102706546493095937 bcsId: 0} | ret=SUCCESS |  
2019-08-30 15:05:33,448 | INFO  | DNAudit | user=null | ip=null | op=WRITE_CHUNK {blockData=conID: 1 locID: 102706546493095937 bcsId: 0} | ret=SUCCESS |  
2019-08-30 15:05:33,734 | INFO  | DNAudit | user=null | ip=null | op=PUT_BLOCK {blockData=[blockId=conID: 1 locID: 102706546493095937 bcsId: 0,size=200]} | ret=SUCCESS |  
2019-08-30 15:05:33,734 | INFO  | DNAudit | user=null | ip=null | op=PUT_BLOCK {blockData=[blockId=conID: 1 locID: 102706546493095937 bcsId: 0,size=400]} | ret=SUCCESS |  
2019-08-30 15:05:33,734 | INFO  | DNAudit | user=null | ip=null | op=PUT_BLOCK {blockData=[blockId=conID: 1 locID: 102706546493095937 bcsId: 0,size=400]} | ret=SUCCESS |  
2019-08-30 15:05:33,735 | INFO  | DNAudit | user=null | ip=null | op=WRITE_CHUNK {blockData=conID: 1 locID: 102706546493095937 bcsId: 0} | ret=SUCCESS |  
2019-08-30 15:05:33,736 | INFO  | DNAudit | user=null | ip=null | op=WRITE_CHUNK {blockData=conID: 1 locID: 102706546493095937 bcsId: 0} | ret=SUCCESS |  
2019-08-30 15:05:33,739 | INFO  | DNAudit | user=null | ip=null | op=PUT_BLOCK {blockData=[blockId=conID: 1 locID: 102706546493095937 bcsId: 0,size=400]} | ret=SUCCESS |  
2019-08-30 15:05:33,740 [grpc-default-executor-4] INFO  client.GrpcClientProtocolClient (GrpcClientProtocolClient.java:onNext(255)) - client-29B5ABD7A86F->56fefae5-2763-4634-a764-1d1f5af899ed: receive RaftClientReply:client-29B5ABD7A86F->56fefae5-2763-4634-a764-1d1f5af899ed@group-D49D3A09B945, cid=18, SUCCESS, logIndex=8, commits[56fefae5-2763-4634-a764-1d1f5af899ed:c12, fc5bbe82-8490-41a4-97d8-e34a13b8703c:c8, ff806b18-47a3-461f-8103-ac239ab05d36:c8]
2019-08-30 15:05:33,753 | INFO  | DNAudit | user=null | ip=null | op=WRITE_CHUNK {blockData=conID: 1 locID: 102706546493095937 bcsId: 8} | ret=SUCCESS |  
2019-08-30 15:05:33,766 | INFO  | DNAudit | user=null | ip=null | op=WRITE_CHUNK {blockData=conID: 1 locID: 102706546493095937 bcsId: 8} | ret=SUCCESS |  
2019-08-30 15:05:33,766 | INFO  | DNAudit | user=null | ip=null | op=WRITE_CHUNK {blockData=conID: 1 locID: 102706546493095937 bcsId: 8} | ret=SUCCESS |  
2019-08-30 15:05:33,779 | INFO  | DNAudit | user=null | ip=null | op=WRITE_CHUNK {blockData=conID: 1 locID: 102706546493095937 bcsId: 8} | ret=SUCCESS |  
2019-08-30 15:05:33,783 | INFO  | DNAudit | user=null | ip=null | op=PUT_BLOCK {blockData=[blockId=conID: 1 locID: 102706546493095937 bcsId: 0,size=450]} | ret=SUCCESS |  
2019-08-30 15:05:33,783 [grpc-default-executor-3] INFO  client.GrpcClientProtocolClient (GrpcClientProtocolClient.java:onNext(255)) - client-29B5ABD7A86F->56fefae5-2763-4634-a764-1d1f5af899ed: receive RaftClientReply:client-29B5ABD7A86F->56fefae5-2763-4634-a764-1d1f5af899ed@group-D49D3A09B945, cid=19, SUCCESS, logIndex=13, commits[56fefae5-2763-4634-a764-1d1f5af899ed:c14, fc5bbe82-8490-41a4-97d8-e34a13b8703c:c12, ff806b18-47a3-461f-8103-ac239ab05d36:c12]
2019-08-30 15:05:33,785 [grpc-default-executor-3] INFO  client.GrpcClientProtocolClient (GrpcClientProtocolClient.java:onNext(255)) - client-29B5ABD7A86F->56fefae5-2763-4634-a764-1d1f5af899ed: receive RaftClientReply:client-29B5ABD7A86F->56fefae5-2763-4634-a764-1d1f5af899ed@group-D49D3A09B945, cid=20, SUCCESS, logIndex=14, commits[56fefae5-2763-4634-a764-1d1f5af899ed:c14, fc5bbe82-8490-41a4-97d8-e34a13b8703c:c12, ff806b18-47a3-461f-8103-ac239ab05d36:c12]
2019-08-30 15:05:33,791 | INFO  | DNAudit | user=null | ip=null | op=WRITE_CHUNK {blockData=conID: 1 locID: 102706546493095937 bcsId: 8} | ret=SUCCESS |  
2019-08-30 15:05:33,791 | INFO  | DNAudit | user=null | ip=null | op=WRITE_CHUNK {blockData=conID: 1 locID: 102706546493095937 bcsId: 8} | ret=SUCCESS |  
2019-08-30 15:05:33,796 | INFO  | DNAudit | user=null | ip=null | op=PUT_BLOCK {blockData=[blockId=conID: 1 locID: 102706546493095937 bcsId: 0,size=450]} | ret=SUCCESS |  
2019-08-30 15:05:33,796 | INFO  | DNAudit | user=null | ip=null | op=PUT_BLOCK {blockData=[blockId=conID: 1 locID: 102706546493095937 bcsId: 0,size=450]} | ret=SUCCESS |  
2019-08-30 15:05:33,810 [grpc-default-executor-4] INFO  client.GrpcClientProtocolClient (GrpcClientProtocolClient.java:onNext(255)) - client-29B5ABD7A86F->56fefae5-2763-4634-a764-1d1f5af899ed: receive RaftClientReply:client-29B5ABD7A86F->56fefae5-2763-4634-a764-1d1f5af899ed@group-D49D3A09B945, cid=21, SUCCESS, logIndex=0, commits[56fefae5-2763-4634-a764-1d1f5af899ed:c16, fc5bbe82-8490-41a4-97d8-e34a13b8703c:c14, ff806b18-47a3-461f-8103-ac239ab05d36:c14]
2019-08-30 15:05:33,941 | INFO  | SCMAudit | user=jenkins1000 | ip=192.168.5.134 | op=SEND_HEARTBEAT {datanodeUUID=f7e068fb-6143-4078-8f73-64e97620f45b, command=[]} | ret=SUCCESS |  
2019-08-30 15:05:34,020 | INFO  | SCMAudit | user=jenkins1000 | ip=192.168.5.134 | op=SEND_HEARTBEAT {datanodeUUID=a7864295-ee65-4810-9484-3806f14c48e5, command=[]} | ret=SUCCESS |  
2019-08-30 15:05:34,164 [Datanode State Machine Thread - 0] INFO  statemachine.DatanodeStateMachine (DatanodeStateMachine.java:lambda$startDaemon$0(350)) - Ozone container server started.
2019-08-30 15:05:34,200 | INFO  | SCMAudit | user=jenkins1000 | ip=192.168.5.134 | op=SEND_HEARTBEAT {datanodeUUID=fc5bbe82-8490-41a4-97d8-e34a13b8703c, command=[]} | ret=SUCCESS |  
2019-08-30 15:05:34,200 | INFO  | SCMAudit | user=jenkins1000 | ip=192.168.5.134 | op=SEND_HEARTBEAT {datanodeUUID=ff806b18-47a3-461f-8103-ac239ab05d36, command=[]} | ret=SUCCESS |  
2019-08-30 15:05:34,224 | INFO  | SCMAudit | user=jenkins1000 | ip=192.168.5.134 | op=SEND_HEARTBEAT {datanodeUUID=d5adc888-1e0a-4c25-807e-09fade1f1b41, command=[]} | ret=SUCCESS |  
2019-08-30 15:05:34,280 | INFO  | SCMAudit | user=jenkins1000 | ip=192.168.5.134 | op=SEND_HEARTBEAT {datanodeUUID=051f1e26-d98e-44a9-be86-7d4b3c80ff32, command=[]} | ret=SUCCESS |  
2019-08-30 15:05:34,941 | INFO  | SCMAudit | user=jenkins1000 | ip=192.168.5.134 | op=SEND_HEARTBEAT {datanodeUUID=f7e068fb-6143-4078-8f73-64e97620f45b, command=[]} | ret=SUCCESS |  
2019-08-30 15:05:35,021 | INFO  | SCMAudit | user=jenkins1000 | ip=192.168.5.134 | op=SEND_HEARTBEAT {datanodeUUID=a7864295-ee65-4810-9484-3806f14c48e5, command=[]} | ret=SUCCESS |  
2019-08-30 15:05:35,200 | INFO  | SCMAudit | user=jenkins1000 | ip=192.168.5.134 | op=SEND_HEARTBEAT {datanodeUUID=fc5bbe82-8490-41a4-97d8-e34a13b8703c, command=[]} | ret=SUCCESS |  
2019-08-30 15:05:35,200 | INFO  | SCMAudit | user=jenkins1000 | ip=192.168.5.134 | op=SEND_HEARTBEAT {datanodeUUID=ff806b18-47a3-461f-8103-ac239ab05d36, command=[]} | ret=SUCCESS |  
2019-08-30 15:05:35,224 | INFO  | SCMAudit | user=jenkins1000 | ip=192.168.5.134 | op=SEND_HEARTBEAT {datanodeUUID=d5adc888-1e0a-4c25-807e-09fade1f1b41, command=[]} | ret=SUCCESS |  
2019-08-30 15:05:35,280 | INFO  | SCMAudit | user=jenkins1000 | ip=192.168.5.134 | op=SEND_HEARTBEAT {datanodeUUID=051f1e26-d98e-44a9-be86-7d4b3c80ff32, command=[]} | ret=SUCCESS |  
2019-08-30 15:05:35,941 | INFO  | SCMAudit | user=jenkins1000 | ip=192.168.5.134 | op=SEND_HEARTBEAT {datanodeUUID=f7e068fb-6143-4078-8f73-64e97620f45b, command=[]} | ret=SUCCESS |  
2019-08-30 15:05:36,020 | INFO  | SCMAudit | user=jenkins1000 | ip=192.168.5.134 | op=SEND_HEARTBEAT {datanodeUUID=a7864295-ee65-4810-9484-3806f14c48e5, command=[]} | ret=SUCCESS |  
2019-08-30 15:05:36,200 | INFO  | SCMAudit | user=jenkins1000 | ip=192.168.5.134 | op=SEND_HEARTBEAT {datanodeUUID=ff806b18-47a3-461f-8103-ac239ab05d36, command=[]} | ret=SUCCESS |  
2019-08-30 15:05:36,200 | INFO  | SCMAudit | user=jenkins1000 | ip=192.168.5.134 | op=SEND_HEARTBEAT {datanodeUUID=fc5bbe82-8490-41a4-97d8-e34a13b8703c, command=[]} | ret=SUCCESS |  
2019-08-30 15:05:36,223 | INFO  | SCMAudit | user=jenkins1000 | ip=192.168.5.134 | op=SEND_HEARTBEAT {datanodeUUID=d5adc888-1e0a-4c25-807e-09fade1f1b41, command=[]} | ret=SUCCESS |  
2019-08-30 15:05:36,280 | INFO  | SCMAudit | user=jenkins1000 | ip=192.168.5.134 | op=SEND_HEARTBEAT {datanodeUUID=051f1e26-d98e-44a9-be86-7d4b3c80ff32, command=[]} | ret=SUCCESS |  
2019-08-30 15:05:36,941 | INFO  | SCMAudit | user=jenkins1000 | ip=192.168.5.134 | op=SEND_HEARTBEAT {datanodeUUID=f7e068fb-6143-4078-8f73-64e97620f45b, command=[]} | ret=SUCCESS |  
2019-08-30 15:05:37,021 | INFO  | SCMAudit | user=jenkins1000 | ip=192.168.5.134 | op=SEND_HEARTBEAT {datanodeUUID=a7864295-ee65-4810-9484-3806f14c48e5, command=[]} | ret=SUCCESS |  
2019-08-30 15:05:37,201 | INFO  | SCMAudit | user=jenkins1000 | ip=192.168.5.134 | op=SEND_HEARTBEAT {datanodeUUID=fc5bbe82-8490-41a4-97d8-e34a13b8703c, command=[]} | ret=SUCCESS |  
2019-08-30 15:05:37,201 | INFO  | SCMAudit | user=jenkins1000 | ip=192.168.5.134 | op=SEND_HEARTBEAT {datanodeUUID=ff806b18-47a3-461f-8103-ac239ab05d36, command=[]} | ret=SUCCESS |  
2019-08-30 15:05:37,223 | INFO  | SCMAudit | user=jenkins1000 | ip=192.168.5.134 | op=SEND_HEARTBEAT {datanodeUUID=d5adc888-1e0a-4c25-807e-09fade1f1b41, command=[]} | ret=SUCCESS |  
2019-08-30 15:05:37,280 | INFO  | SCMAudit | user=jenkins1000 | ip=192.168.5.134 | op=SEND_HEARTBEAT {datanodeUUID=051f1e26-d98e-44a9-be86-7d4b3c80ff32, command=[]} | ret=SUCCESS |  
2019-08-30 15:05:37,941 | INFO  | SCMAudit | user=jenkins1000 | ip=192.168.5.134 | op=SEND_HEARTBEAT {datanodeUUID=f7e068fb-6143-4078-8f73-64e97620f45b, command=[]} | ret=SUCCESS |  
2019-08-30 15:05:38,022 | INFO  | SCMAudit | user=jenkins1000 | ip=192.168.5.134 | op=SEND_HEARTBEAT {datanodeUUID=a7864295-ee65-4810-9484-3806f14c48e5, command=[]} | ret=SUCCESS |  
2019-08-30 15:05:38,194 [EventQueue-StaleNodeForStaleNodeHandler] INFO  node.StaleNodeHandler (StaleNodeHandler.java:onMessage(58)) - Datanode 56fefae5-2763-4634-a764-1d1f5af899ed{ip: 192.168.5.134, host: pr-hdds-2060-hng4s-2675214545, networkLocation: /default-rack, certSerialId: null} moved to stale state. Finalizing its pipelines [PipelineID=6a651f50-fa7a-4ad3-95be-16ef65c516e1, PipelineID=8798ce88-ce0d-49ee-a819-d49d3a09b945]
2019-08-30 15:05:38,194 [EventQueue-StaleNodeForStaleNodeHandler] INFO  pipeline.SCMPipelineManager (SCMPipelineManager.java:finalizeAndDestroyPipeline(309)) - destroying pipeline:Pipeline[ Id: 6a651f50-fa7a-4ad3-95be-16ef65c516e1, Nodes: 56fefae5-2763-4634-a764-1d1f5af899ed{ip: 192.168.5.134, host: pr-hdds-2060-hng4s-2675214545, networkLocation: /default-rack, certSerialId: null}, Type:RATIS, Factor:ONE, State:OPEN]
2019-08-30 15:05:38,196 [EventQueue-StaleNodeForStaleNodeHandler] INFO  pipeline.PipelineStateManager (PipelineStateManager.java:finalizePipeline(123)) - Pipeline Pipeline[ Id: 6a651f50-fa7a-4ad3-95be-16ef65c516e1, Nodes: 56fefae5-2763-4634-a764-1d1f5af899ed{ip: 192.168.5.134, host: pr-hdds-2060-hng4s-2675214545, networkLocation: /default-rack, certSerialId: null}, Type:RATIS, Factor:ONE, State:CLOSED] moved to CLOSED state
2019-08-30 15:05:38,197 [EventQueue-StaleNodeForStaleNodeHandler] INFO  pipeline.SCMPipelineManager (SCMPipelineManager.java:finalizeAndDestroyPipeline(309)) - destroying pipeline:Pipeline[ Id: 8798ce88-ce0d-49ee-a819-d49d3a09b945, Nodes: 56fefae5-2763-4634-a764-1d1f5af899ed{ip: 192.168.5.134, host: pr-hdds-2060-hng4s-2675214545, networkLocation: /default-rack, certSerialId: null}ff806b18-47a3-461f-8103-ac239ab05d36{ip: 192.168.5.134, host: pr-hdds-2060-hng4s-2675214545, networkLocation: /default-rack, certSerialId: null}fc5bbe82-8490-41a4-97d8-e34a13b8703c{ip: 192.168.5.134, host: pr-hdds-2060-hng4s-2675214545, networkLocation: /default-rack, certSerialId: null}, Type:RATIS, Factor:THREE, State:OPEN]
2019-08-30 15:05:38,198 [EventQueue-StaleNodeForStaleNodeHandler] INFO  pipeline.PipelineStateManager (PipelineStateManager.java:finalizePipeline(123)) - Pipeline Pipeline[ Id: 8798ce88-ce0d-49ee-a819-d49d3a09b945, Nodes: 56fefae5-2763-4634-a764-1d1f5af899ed{ip: 192.168.5.134, host: pr-hdds-2060-hng4s-2675214545, networkLocation: /default-rack, certSerialId: null}ff806b18-47a3-461f-8103-ac239ab05d36{ip: 192.168.5.134, host: pr-hdds-2060-hng4s-2675214545, networkLocation: /default-rack, certSerialId: null}fc5bbe82-8490-41a4-97d8-e34a13b8703c{ip: 192.168.5.134, host: pr-hdds-2060-hng4s-2675214545, networkLocation: /default-rack, certSerialId: null}, Type:RATIS, Factor:THREE, State:CLOSED] moved to CLOSED state
2019-08-30 15:05:38,198 [EventQueue-CloseContainerForCloseContainerEventHandler] INFO  container.CloseContainerEventHandler (CloseContainerEventHandler.java:onMessage(61)) - Close container Event triggered for container : #1
2019-08-30 15:05:38,203 | INFO  | SCMAudit | user=jenkins1000 | ip=192.168.5.134 | op=SEND_HEARTBEAT {datanodeUUID=ff806b18-47a3-461f-8103-ac239ab05d36, command=[]} | ret=SUCCESS |  
2019-08-30 15:05:38,203 | INFO  | SCMAudit | user=jenkins1000 | ip=192.168.5.134 | op=SEND_HEARTBEAT {datanodeUUID=fc5bbe82-8490-41a4-97d8-e34a13b8703c, command=[]} | ret=SUCCESS |  
2019-08-30 15:05:38,224 | INFO  | SCMAudit | user=jenkins1000 | ip=192.168.5.134 | op=SEND_HEARTBEAT {datanodeUUID=d5adc888-1e0a-4c25-807e-09fade1f1b41, command=[]} | ret=SUCCESS |  
2019-08-30 15:05:38,280 | INFO  | SCMAudit | user=jenkins1000 | ip=192.168.5.134 | op=SEND_HEARTBEAT {datanodeUUID=051f1e26-d98e-44a9-be86-7d4b3c80ff32, command=[]} | ret=SUCCESS |  
2019-08-30 15:05:38,813 [main] INFO  ozoneimpl.OzoneContainer (OzoneContainer.java:stop(215)) - Attempting to stop container services.
2019-08-30 15:05:38,817 [main] INFO  impl.RaftServerProxy (RaftServerProxy.java:lambda$close$4(314)) - 56fefae5-2763-4634-a764-1d1f5af899ed: close
2019-08-30 15:05:38,819 [main] INFO  impl.RaftServerImpl (RaftServerImpl.java:lambda$shutdown$3(245)) - 56fefae5-2763-4634-a764-1d1f5af899ed: shutdown group-16EF65C516E1
2019-08-30 15:05:38,820 [main] INFO  util.JmxRegister (JmxRegister.java:unregister(73)) - Successfully un-registered JMX Bean with object name Ratis:service=RaftServer,group=group-16EF65C516E1,id=56fefae5-2763-4634-a764-1d1f5af899ed
2019-08-30 15:05:38,820 [main] INFO  impl.RoleInfo (RoleInfo.java:shutdownLeaderState(104)) - 56fefae5-2763-4634-a764-1d1f5af899ed: shutdown LeaderState
2019-08-30 15:05:38,821 [main] INFO  impl.PendingRequests (PendingRequests.java:sendNotLeaderResponses(202)) - 56fefae5-2763-4634-a764-1d1f5af899ed-PendingRequests: sendNotLeaderResponses
2019-08-30 15:05:38,823 [main] INFO  impl.StateMachineUpdater (StateMachineUpdater.java:stopAndJoin(115)) - StateMachineUpdater:56fefae5-2763-4634-a764-1d1f5af899ed:group-16EF65C516E1: set stopIndex = 0
2019-08-30 15:05:38,832 [main] INFO  impl.RaftServerImpl (ServerState.java:close(394)) - 56fefae5-2763-4634-a764-1d1f5af899ed:group-16EF65C516E1 closes. The last applied log index is 0
2019-08-30 15:05:38,834 [56fefae5-2763-4634-a764-1d1f5af899ed-SegmentedRaftLogWorker:Storage Directory /workdir/hadoop-ozone/integration-test/target/test-dir/MiniOzoneClusterImpl-c9bf924e-a99a-40de-a7b2-d35176791736/datanode-2/data/ratis/6a651f50-fa7a-4ad3-95be-16ef65c516e1] INFO  segmented.SegmentedRaftLogWorker (SegmentedRaftLogWorker.java:run(313)) - 56fefae5-2763-4634-a764-1d1f5af899ed-SegmentedRaftLogWorker:Storage Directory /workdir/hadoop-ozone/integration-test/target/test-dir/MiniOzoneClusterImpl-c9bf924e-a99a-40de-a7b2-d35176791736/datanode-2/data/ratis/6a651f50-fa7a-4ad3-95be-16ef65c516e1 was interrupted, exiting. There are 0 tasks remaining in the queue.
2019-08-30 15:05:38,837 [main] INFO  segmented.SegmentedRaftLogWorker (SegmentedRaftLogWorker.java:close(228)) - 56fefae5-2763-4634-a764-1d1f5af899ed-SegmentedRaftLogWorker:Storage Directory /workdir/hadoop-ozone/integration-test/target/test-dir/MiniOzoneClusterImpl-c9bf924e-a99a-40de-a7b2-d35176791736/datanode-2/data/ratis/6a651f50-fa7a-4ad3-95be-16ef65c516e1 close()
2019-08-30 15:05:38,840 [main] INFO  impl.RaftServerImpl (RaftServerImpl.java:lambda$shutdown$3(245)) - 56fefae5-2763-4634-a764-1d1f5af899ed: shutdown group-D49D3A09B945
2019-08-30 15:05:38,841 [main] INFO  util.JmxRegister (JmxRegister.java:unregister(73)) - Successfully un-registered JMX Bean with object name Ratis:service=RaftServer,group=group-D49D3A09B945,id=56fefae5-2763-4634-a764-1d1f5af899ed
2019-08-30 15:05:38,841 [main] INFO  impl.RoleInfo (RoleInfo.java:shutdownLeaderState(104)) - 56fefae5-2763-4634-a764-1d1f5af899ed: shutdown LeaderState
2019-08-30 15:05:38,845 [main] INFO  impl.PendingRequests (PendingRequests.java:sendNotLeaderResponses(202)) - 56fefae5-2763-4634-a764-1d1f5af899ed-PendingRequests: sendNotLeaderResponses
2019-08-30 15:05:38,845 [org.apache.ratis.server.impl.LogAppender$AppenderDaemon$$Lambda$541/1182846519@469a7e30] WARN  server.GrpcLogAppender (GrpcLogAppender.java:mayWait(143)) - GrpcLogAppender(56fefae5-2763-4634-a764-1d1f5af899ed->ff806b18-47a3-461f-8103-ac239ab05d36): Wait interrupted by java.lang.InterruptedException
2019-08-30 15:05:38,845 [org.apache.ratis.server.impl.LogAppender$AppenderDaemon$$Lambda$541/1182846519@398e027] WARN  server.GrpcLogAppender (GrpcLogAppender.java:mayWait(143)) - GrpcLogAppender(56fefae5-2763-4634-a764-1d1f5af899ed->fc5bbe82-8490-41a4-97d8-e34a13b8703c): Wait interrupted by java.lang.InterruptedException
2019-08-30 15:05:38,856 [grpc-default-executor-3] INFO  server.GrpcServerProtocolService (GrpcServerProtocolService.java:onCompleted(104)) - ff806b18-47a3-461f-8103-ac239ab05d36: appendEntries completed
2019-08-30 15:05:38,856 [grpc-default-executor-4] INFO  server.GrpcServerProtocolService (GrpcServerProtocolService.java:onCompleted(104)) - fc5bbe82-8490-41a4-97d8-e34a13b8703c: appendEntries completed
2019-08-30 15:05:38,861 [grpc-default-executor-4] INFO  server.GrpcLogAppender (GrpcLogAppender.java:onCompleted(292)) - 56fefae5-2763-4634-a764-1d1f5af899ed->ff806b18-47a3-461f-8103-ac239ab05d36: follower responses appendEntries COMPLETED
2019-08-30 15:05:38,867 [grpc-default-executor-3] INFO  server.GrpcLogAppender (GrpcLogAppender.java:onCompleted(292)) - 56fefae5-2763-4634-a764-1d1f5af899ed->fc5bbe82-8490-41a4-97d8-e34a13b8703c: follower responses appendEntries COMPLETED
2019-08-30 15:05:38,867 [main] INFO  impl.StateMachineUpdater (StateMachineUpdater.java:stopAndJoin(115)) - StateMachineUpdater:56fefae5-2763-4634-a764-1d1f5af899ed:group-D49D3A09B945: set stopIndex = 16
2019-08-30 15:05:38,870 [StateMachineUpdater:56fefae5-2763-4634-a764-1d1f5af899ed:group-D49D3A09B945] INFO  ratis.ContainerStateMachine (ContainerStateMachine.java:takeSnapshot(284)) - group-D49D3A09B945: Taking a snapshot at:(t:1, i:14) file /workdir/hadoop-ozone/integration-test/target/test-dir/MiniOzoneClusterImpl-c9bf924e-a99a-40de-a7b2-d35176791736/datanode-2/data/ratis/8798ce88-ce0d-49ee-a819-d49d3a09b945/sm/snapshot.1_14
2019-08-30 15:05:38,876 [grpc-default-executor-3] INFO  impl.FollowerInfo (FollowerInfo.java:lambda$new$0(50)) - 56fefae5-2763-4634-a764-1d1f5af899ed->fc5bbe82-8490-41a4-97d8-e34a13b8703c: nextIndex: updateUnconditionally 17 -> 16
2019-08-30 15:05:38,876 [grpc-default-executor-4] INFO  impl.FollowerInfo (FollowerInfo.java:lambda$new$0(50)) - 56fefae5-2763-4634-a764-1d1f5af899ed->ff806b18-47a3-461f-8103-ac239ab05d36: nextIndex: updateUnconditionally 17 -> 16
2019-08-30 15:05:38,906 [StateMachineUpdater:56fefae5-2763-4634-a764-1d1f5af899ed:group-D49D3A09B945] INFO  ratis.ContainerStateMachine (ContainerStateMachine.java:takeSnapshot(295)) - group-D49D3A09B945: Finished taking a snapshot at:(t:1, i:14) file:/workdir/hadoop-ozone/integration-test/target/test-dir/MiniOzoneClusterImpl-c9bf924e-a99a-40de-a7b2-d35176791736/datanode-2/data/ratis/8798ce88-ce0d-49ee-a819-d49d3a09b945/sm/snapshot.1_14 time:39
2019-08-30 15:05:38,906 [StateMachineUpdater:56fefae5-2763-4634-a764-1d1f5af899ed:group-D49D3A09B945] INFO  impl.StateMachineUpdater (StateMachineUpdater.java:takeSnapshot(242)) - StateMachineUpdater:56fefae5-2763-4634-a764-1d1f5af899ed:group-D49D3A09B945: Took a snapshot at index 14
2019-08-30 15:05:38,909 [StateMachineUpdater:56fefae5-2763-4634-a764-1d1f5af899ed:group-D49D3A09B945] INFO  impl.StateMachineUpdater (StateMachineUpdater.java:lambda$new$0(80)) - StateMachineUpdater:56fefae5-2763-4634-a764-1d1f5af899ed:group-D49D3A09B945: snapshotIndex: updateIncreasingly -1 -> 14
2019-08-30 15:05:38,914 [main] INFO  impl.RaftServerImpl (ServerState.java:close(394)) - 56fefae5-2763-4634-a764-1d1f5af899ed:group-D49D3A09B945 closes. The last applied log index is 16
2019-08-30 15:05:38,915 [56fefae5-2763-4634-a764-1d1f5af899ed-SegmentedRaftLogWorker:Storage Directory /workdir/hadoop-ozone/integration-test/target/test-dir/MiniOzoneClusterImpl-c9bf924e-a99a-40de-a7b2-d35176791736/datanode-2/data/ratis/8798ce88-ce0d-49ee-a819-d49d3a09b945] INFO  segmented.SegmentedRaftLogWorker (SegmentedRaftLogWorker.java:run(313)) - 56fefae5-2763-4634-a764-1d1f5af899ed-SegmentedRaftLogWorker:Storage Directory /workdir/hadoop-ozone/integration-test/target/test-dir/MiniOzoneClusterImpl-c9bf924e-a99a-40de-a7b2-d35176791736/datanode-2/data/ratis/8798ce88-ce0d-49ee-a819-d49d3a09b945 was interrupted, exiting. There are 0 tasks remaining in the queue.
2019-08-30 15:05:38,917 [main] INFO  segmented.SegmentedRaftLogWorker (SegmentedRaftLogWorker.java:close(228)) - 56fefae5-2763-4634-a764-1d1f5af899ed-SegmentedRaftLogWorker:Storage Directory /workdir/hadoop-ozone/integration-test/target/test-dir/MiniOzoneClusterImpl-c9bf924e-a99a-40de-a7b2-d35176791736/datanode-2/data/ratis/8798ce88-ce0d-49ee-a819-d49d3a09b945 close()
2019-08-30 15:05:38,921 [main] INFO  server.GrpcService (GrpcService.java:closeImpl(155)) - 56fefae5-2763-4634-a764-1d1f5af899ed: shutdown server with port 43177 now
2019-08-30 15:05:38,926 [main] INFO  server.GrpcService (GrpcService.java:closeImpl(163)) - 56fefae5-2763-4634-a764-1d1f5af899ed: shutdown server with port 43177 successfully
2019-08-30 15:05:38,926 [grpc-default-executor-3] WARN  client.GrpcClientProtocolService (LogUtils.java:warn(134)) - 2-UnorderedRequestStreamObserver2: onError: org.apache.ratis.thirdparty.io.grpc.StatusRuntimeException: CANCELLED: cancelled before receiving half close
2019-08-30 15:05:38,937 [refreshUsed-/workdir/hadoop-ozone/integration-test/target/test-dir/MiniOzoneClusterImpl-c9bf924e-a99a-40de-a7b2-d35176791736/datanode-2/data/containers] WARN  fs.CachingGetSpaceUsed (CachingGetSpaceUsed.java:run(183)) - Thread Interrupted waiting to refresh disk information: sleep interrupted
2019-08-30 15:05:38,941 | INFO  | SCMAudit | user=jenkins1000 | ip=192.168.5.134 | op=SEND_HEARTBEAT {datanodeUUID=f7e068fb-6143-4078-8f73-64e97620f45b, command=[]} | ret=SUCCESS |  
2019-08-30 15:05:38,952 [main] INFO  utils.BackgroundService (BackgroundService.java:shutdown(148)) - Shutting down service BlockDeletingService
2019-08-30 15:05:38,958 [main] INFO  statemachine.DatanodeStateMachine (DatanodeStateMachine.java:stopDaemon(395)) - Ozone container server stopped.
2019-08-30 15:05:38,962 [main] INFO  handler.ContextHandler (ContextHandler.java:doStop(910)) - Stopped o.e.j.w.WebAppContext@43d9f1a2{/,null,UNAVAILABLE}{/hddsDatanode}
2019-08-30 15:05:38,968 [main] INFO  server.AbstractConnector (AbstractConnector.java:doStop(318)) - Stopped ServerConnector@23f86d8a{HTTP/1.1,[http/1.1]}{0.0.0.0:0}
2019-08-30 15:05:38,968 [main] INFO  handler.ContextHandler (ContextHandler.java:doStop(910)) - Stopped o.e.j.s.ServletContextHandler@7b4a0aef{/static,jar:file:/home/user/.m2/repository/org/apache/hadoop/hadoop-hdds-container-service/0.5.0-SNAPSHOT/hadoop-hdds-container-service-0.5.0-SNAPSHOT.jar!/webapps/static,UNAVAILABLE}
2019-08-30 15:05:38,968 [main] INFO  handler.ContextHandler (ContextHandler.java:doStop(910)) - Stopped o.e.j.s.ServletContextHandler@7412ed6b{/logs,file:///workdir/hadoop-ozone/integration-test/target/log,UNAVAILABLE}
2019-08-30 15:05:39,021 | INFO  | SCMAudit | user=jenkins1000 | ip=192.168.5.134 | op=SEND_HEARTBEAT {datanodeUUID=a7864295-ee65-4810-9484-3806f14c48e5, command=[]} | ret=SUCCESS |  
2019-08-30 15:05:39,201 [Datanode State Machine Thread - 0] INFO  statemachine.DatanodeStateMachine (DatanodeStateMachine.java:lambda$startDaemon$0(350)) - Ozone container server started.
2019-08-30 15:05:39,224 | INFO  | SCMAudit | user=jenkins1000 | ip=192.168.5.134 | op=SEND_HEARTBEAT {datanodeUUID=d5adc888-1e0a-4c25-807e-09fade1f1b41, command=[]} | ret=SUCCESS |  
2019-08-30 15:05:39,233 | INFO  | SCMAudit | user=jenkins1000 | ip=192.168.5.134 | op=SEND_HEARTBEAT {datanodeUUID=fc5bbe82-8490-41a4-97d8-e34a13b8703c, command=[commandType: closeContainerCommand closeContainerCommandProto { containerID: 1 pipelineID { id: "8798ce88-ce0d-49ee-a819-d49d3a09b945" } cmdId: 1 force: false } ]} | ret=SUCCESS |  
2019-08-30 15:05:39,287 | INFO  | SCMAudit | user=jenkins1000 | ip=192.168.5.134 | op=SEND_HEARTBEAT {datanodeUUID=051f1e26-d98e-44a9-be86-7d4b3c80ff32, command=[]} | ret=SUCCESS |  
2019-08-30 15:05:39,942 | INFO  | SCMAudit | user=jenkins1000 | ip=192.168.5.134 | op=SEND_HEARTBEAT {datanodeUUID=f7e068fb-6143-4078-8f73-64e97620f45b, command=[]} | ret=SUCCESS |  
2019-08-30 15:05:40,020 | INFO  | SCMAudit | user=jenkins1000 | ip=192.168.5.134 | op=SEND_HEARTBEAT {datanodeUUID=a7864295-ee65-4810-9484-3806f14c48e5, command=[]} | ret=SUCCESS |  
2019-08-30 15:05:40,204 | INFO  | SCMAudit | user=jenkins1000 | ip=192.168.5.134 | op=SEND_HEARTBEAT {datanodeUUID=fc5bbe82-8490-41a4-97d8-e34a13b8703c, command=[]} | ret=SUCCESS |  
2019-08-30 15:05:40,223 | INFO  | SCMAudit | user=jenkins1000 | ip=192.168.5.134 | op=SEND_HEARTBEAT {datanodeUUID=fc5bbe82-8490-41a4-97d8-e34a13b8703c, command=[]} | ret=SUCCESS |  
2019-08-30 15:05:40,224 | INFO  | SCMAudit | user=jenkins1000 | ip=192.168.5.134 | op=SEND_HEARTBEAT {datanodeUUID=d5adc888-1e0a-4c25-807e-09fade1f1b41, command=[]} | ret=SUCCESS |  
2019-08-30 15:05:40,282 | INFO  | SCMAudit | user=jenkins1000 | ip=192.168.5.134 | op=SEND_HEARTBEAT {datanodeUUID=051f1e26-d98e-44a9-be86-7d4b3c80ff32, command=[]} | ret=SUCCESS |  
2019-08-30 15:05:40,941 | INFO  | SCMAudit | user=jenkins1000 | ip=192.168.5.134 | op=SEND_HEARTBEAT {datanodeUUID=f7e068fb-6143-4078-8f73-64e97620f45b, command=[]} | ret=SUCCESS |  
2019-08-30 15:05:41,021 | INFO  | SCMAudit | user=jenkins1000 | ip=192.168.5.134 | op=SEND_HEARTBEAT {datanodeUUID=a7864295-ee65-4810-9484-3806f14c48e5, command=[]} | ret=SUCCESS |  
2019-08-30 15:05:41,223 | INFO  | SCMAudit | user=jenkins1000 | ip=192.168.5.134 | op=SEND_HEARTBEAT {datanodeUUID=fc5bbe82-8490-41a4-97d8-e34a13b8703c, command=[]} | ret=SUCCESS |  
2019-08-30 15:05:41,225 | INFO  | SCMAudit | user=jenkins1000 | ip=192.168.5.134 | op=SEND_HEARTBEAT {datanodeUUID=d5adc888-1e0a-4c25-807e-09fade1f1b41, command=[]} | ret=SUCCESS |  
2019-08-30 15:05:41,282 | INFO  | SCMAudit | user=jenkins1000 | ip=192.168.5.134 | op=SEND_HEARTBEAT {datanodeUUID=051f1e26-d98e-44a9-be86-7d4b3c80ff32, command=[]} | ret=SUCCESS |  
2019-08-30 15:05:41,941 | INFO  | SCMAudit | user=jenkins1000 | ip=192.168.5.134 | op=SEND_HEARTBEAT {datanodeUUID=f7e068fb-6143-4078-8f73-64e97620f45b, command=[]} | ret=SUCCESS |  
2019-08-30 15:05:42,021 | INFO  | SCMAudit | user=jenkins1000 | ip=192.168.5.134 | op=SEND_HEARTBEAT {datanodeUUID=a7864295-ee65-4810-9484-3806f14c48e5, command=[]} | ret=SUCCESS |  
2019-08-30 15:05:42,223 | INFO  | SCMAudit | user=jenkins1000 | ip=192.168.5.134 | op=SEND_HEARTBEAT {datanodeUUID=fc5bbe82-8490-41a4-97d8-e34a13b8703c, command=[]} | ret=SUCCESS |  
2019-08-30 15:05:42,226 | INFO  | SCMAudit | user=jenkins1000 | ip=192.168.5.134 | op=SEND_HEARTBEAT {datanodeUUID=d5adc888-1e0a-4c25-807e-09fade1f1b41, command=[]} | ret=SUCCESS |  
2019-08-30 15:05:42,282 | INFO  | SCMAudit | user=jenkins1000 | ip=192.168.5.134 | op=SEND_HEARTBEAT {datanodeUUID=051f1e26-d98e-44a9-be86-7d4b3c80ff32, command=[]} | ret=SUCCESS |  
2019-08-30 15:05:42,943 | INFO  | SCMAudit | user=jenkins1000 | ip=192.168.5.134 | op=SEND_HEARTBEAT {datanodeUUID=f7e068fb-6143-4078-8f73-64e97620f45b, command=[]} | ret=SUCCESS |  
2019-08-30 15:05:43,021 | INFO  | SCMAudit | user=jenkins1000 | ip=192.168.5.134 | op=SEND_HEARTBEAT {datanodeUUID=a7864295-ee65-4810-9484-3806f14c48e5, command=[]} | ret=SUCCESS |  
2019-08-30 15:05:43,204 [EventQueue-StaleNodeForStaleNodeHandler] INFO  node.StaleNodeHandler (StaleNodeHandler.java:onMessage(58)) - Datanode ff806b18-47a3-461f-8103-ac239ab05d36{ip: 192.168.5.134, host: pr-hdds-2060-hng4s-2675214545, networkLocation: /default-rack, certSerialId: null} moved to stale state. Finalizing its pipelines [PipelineID=10f32669-e680-4197-925f-db6cc64c0e52, PipelineID=8798ce88-ce0d-49ee-a819-d49d3a09b945]
2019-08-30 15:05:43,205 [EventQueue-StaleNodeForStaleNodeHandler] INFO  pipeline.SCMPipelineManager (SCMPipelineManager.java:finalizeAndDestroyPipeline(309)) - destroying pipeline:Pipeline[ Id: 10f32669-e680-4197-925f-db6cc64c0e52, Nodes: ff806b18-47a3-461f-8103-ac239ab05d36{ip: 192.168.5.134, host: pr-hdds-2060-hng4s-2675214545, networkLocation: /default-rack, certSerialId: null}, Type:RATIS, Factor:ONE, State:OPEN]
2019-08-30 15:05:43,205 [EventQueue-StaleNodeForStaleNodeHandler] INFO  pipeline.PipelineStateManager (PipelineStateManager.java:finalizePipeline(123)) - Pipeline Pipeline[ Id: 10f32669-e680-4197-925f-db6cc64c0e52, Nodes: ff806b18-47a3-461f-8103-ac239ab05d36{ip: 192.168.5.134, host: pr-hdds-2060-hng4s-2675214545, networkLocation: /default-rack, certSerialId: null}, Type:RATIS, Factor:ONE, State:CLOSED] moved to CLOSED state
2019-08-30 15:05:43,206 [EventQueue-StaleNodeForStaleNodeHandler] INFO  pipeline.SCMPipelineManager (SCMPipelineManager.java:finalizeAndDestroyPipeline(309)) - destroying pipeline:Pipeline[ Id: 8798ce88-ce0d-49ee-a819-d49d3a09b945, Nodes: 56fefae5-2763-4634-a764-1d1f5af899ed{ip: 192.168.5.134, host: pr-hdds-2060-hng4s-2675214545, networkLocation: /default-rack, certSerialId: null}ff806b18-47a3-461f-8103-ac239ab05d36{ip: 192.168.5.134, host: pr-hdds-2060-hng4s-2675214545, networkLocation: /default-rack, certSerialId: null}fc5bbe82-8490-41a4-97d8-e34a13b8703c{ip: 192.168.5.134, host: pr-hdds-2060-hng4s-2675214545, networkLocation: /default-rack, certSerialId: null}, Type:RATIS, Factor:THREE, State:CLOSED]
2019-08-30 15:05:43,223 | INFO  | SCMAudit | user=jenkins1000 | ip=192.168.5.134 | op=SEND_HEARTBEAT {datanodeUUID=fc5bbe82-8490-41a4-97d8-e34a13b8703c, command=[]} | ret=SUCCESS |  
2019-08-30 15:05:43,225 | INFO  | SCMAudit | user=jenkins1000 | ip=192.168.5.134 | op=SEND_HEARTBEAT {datanodeUUID=d5adc888-1e0a-4c25-807e-09fade1f1b41, command=[]} | ret=SUCCESS |  
2019-08-30 15:05:43,281 | INFO  | SCMAudit | user=jenkins1000 | ip=192.168.5.134 | op=SEND_HEARTBEAT {datanodeUUID=051f1e26-d98e-44a9-be86-7d4b3c80ff32, command=[]} | ret=SUCCESS |  
2019-08-30 15:05:43,941 | INFO  | SCMAudit | user=jenkins1000 | ip=192.168.5.134 | op=SEND_HEARTBEAT {datanodeUUID=f7e068fb-6143-4078-8f73-64e97620f45b, command=[]} | ret=SUCCESS |  
2019-08-30 15:05:43,971 [main] INFO  ozoneimpl.OzoneContainer (OzoneContainer.java:stop(215)) - Attempting to stop container services.
2019-08-30 15:05:43,972 [main] INFO  impl.RaftServerProxy (RaftServerProxy.java:lambda$close$4(314)) - ff806b18-47a3-461f-8103-ac239ab05d36: close
2019-08-30 15:05:43,973 [main] INFO  impl.RaftServerImpl (RaftServerImpl.java:lambda$shutdown$3(245)) - ff806b18-47a3-461f-8103-ac239ab05d36: shutdown group-DB6CC64C0E52
2019-08-30 15:05:43,973 [ForkJoinPool.commonPool-worker-0] INFO  impl.RaftServerImpl (RaftServerImpl.java:lambda$shutdown$3(245)) - ff806b18-47a3-461f-8103-ac239ab05d36: shutdown group-D49D3A09B945
2019-08-30 15:05:43,973 [main] INFO  util.JmxRegister (JmxRegister.java:unregister(73)) - Successfully un-registered JMX Bean with object name Ratis:service=RaftServer,group=group-DB6CC64C0E52,id=ff806b18-47a3-461f-8103-ac239ab05d36
2019-08-30 15:05:43,974 [ForkJoinPool.commonPool-worker-0] INFO  util.JmxRegister (JmxRegister.java:unregister(73)) - Successfully un-registered JMX Bean with object name Ratis:service=RaftServer,group=group-D49D3A09B945,id=ff806b18-47a3-461f-8103-ac239ab05d36
2019-08-30 15:05:43,974 [main] INFO  impl.RoleInfo (RoleInfo.java:shutdownLeaderState(104)) - ff806b18-47a3-461f-8103-ac239ab05d36: shutdown LeaderState
2019-08-30 15:05:43,974 [ForkJoinPool.commonPool-worker-0] INFO  impl.RoleInfo (RoleInfo.java:shutdownFollowerState(121)) - ff806b18-47a3-461f-8103-ac239ab05d36: shutdown FollowerState
2019-08-30 15:05:43,975 [main] INFO  impl.PendingRequests (PendingRequests.java:sendNotLeaderResponses(202)) - ff806b18-47a3-461f-8103-ac239ab05d36-PendingRequests: sendNotLeaderResponses
2019-08-30 15:05:43,975 [StateMachineUpdater:ff806b18-47a3-461f-8103-ac239ab05d36:group-D49D3A09B945] INFO  ratis.ContainerStateMachine (ContainerStateMachine.java:takeSnapshot(284)) - group-D49D3A09B945: Taking a snapshot at:(t:1, i:14) file /workdir/hadoop-ozone/integration-test/target/test-dir/MiniOzoneClusterImpl-c9bf924e-a99a-40de-a7b2-d35176791736/datanode-5/data/ratis/8798ce88-ce0d-49ee-a819-d49d3a09b945/sm/snapshot.1_14
2019-08-30 15:05:43,975 [main] INFO  impl.StateMachineUpdater (StateMachineUpdater.java:stopAndJoin(115)) - StateMachineUpdater:ff806b18-47a3-461f-8103-ac239ab05d36:group-DB6CC64C0E52: set stopIndex = 0
2019-08-30 15:05:43,976 [main] INFO  impl.RaftServerImpl (ServerState.java:close(394)) - ff806b18-47a3-461f-8103-ac239ab05d36:group-DB6CC64C0E52 closes. The last applied log index is 0
2019-08-30 15:05:43,975 [Thread-328] INFO  impl.FollowerState (FollowerState.java:run(114)) - ff806b18-47a3-461f-8103-ac239ab05d36: FollowerState was interrupted: java.lang.InterruptedException: sleep interrupted
2019-08-30 15:05:43,975 [ForkJoinPool.commonPool-worker-0] INFO  impl.StateMachineUpdater (StateMachineUpdater.java:stopAndJoin(115)) - StateMachineUpdater:ff806b18-47a3-461f-8103-ac239ab05d36:group-D49D3A09B945: set stopIndex = 16
2019-08-30 15:05:43,976 [ff806b18-47a3-461f-8103-ac239ab05d36-SegmentedRaftLogWorker:Storage Directory /workdir/hadoop-ozone/integration-test/target/test-dir/MiniOzoneClusterImpl-c9bf924e-a99a-40de-a7b2-d35176791736/datanode-5/data/ratis/10f32669-e680-4197-925f-db6cc64c0e52] INFO  segmented.SegmentedRaftLogWorker (SegmentedRaftLogWorker.java:run(313)) - ff806b18-47a3-461f-8103-ac239ab05d36-SegmentedRaftLogWorker:Storage Directory /workdir/hadoop-ozone/integration-test/target/test-dir/MiniOzoneClusterImpl-c9bf924e-a99a-40de-a7b2-d35176791736/datanode-5/data/ratis/10f32669-e680-4197-925f-db6cc64c0e52 was interrupted, exiting. There are 0 tasks remaining in the queue.
2019-08-30 15:05:43,982 [main] INFO  segmented.SegmentedRaftLogWorker (SegmentedRaftLogWorker.java:close(228)) - ff806b18-47a3-461f-8103-ac239ab05d36-SegmentedRaftLogWorker:Storage Directory /workdir/hadoop-ozone/integration-test/target/test-dir/MiniOzoneClusterImpl-c9bf924e-a99a-40de-a7b2-d35176791736/datanode-5/data/ratis/10f32669-e680-4197-925f-db6cc64c0e52 close()
2019-08-30 15:05:43,989 [StateMachineUpdater:ff806b18-47a3-461f-8103-ac239ab05d36:group-D49D3A09B945] INFO  ratis.ContainerStateMachine (ContainerStateMachine.java:takeSnapshot(295)) - group-D49D3A09B945: Finished taking a snapshot at:(t:1, i:14) file:/workdir/hadoop-ozone/integration-test/target/test-dir/MiniOzoneClusterImpl-c9bf924e-a99a-40de-a7b2-d35176791736/datanode-5/data/ratis/8798ce88-ce0d-49ee-a819-d49d3a09b945/sm/snapshot.1_14 time:14
2019-08-30 15:05:43,989 [StateMachineUpdater:ff806b18-47a3-461f-8103-ac239ab05d36:group-D49D3A09B945] INFO  impl.StateMachineUpdater (StateMachineUpdater.java:takeSnapshot(242)) - StateMachineUpdater:ff806b18-47a3-461f-8103-ac239ab05d36:group-D49D3A09B945: Took a snapshot at index 14
2019-08-30 15:05:43,989 [StateMachineUpdater:ff806b18-47a3-461f-8103-ac239ab05d36:group-D49D3A09B945] INFO  impl.StateMachineUpdater (StateMachineUpdater.java:lambda$new$0(80)) - StateMachineUpdater:ff806b18-47a3-461f-8103-ac239ab05d36:group-D49D3A09B945: snapshotIndex: updateIncreasingly -1 -> 14
2019-08-30 15:05:43,990 [ForkJoinPool.commonPool-worker-0] INFO  impl.RaftServerImpl (ServerState.java:close(394)) - ff806b18-47a3-461f-8103-ac239ab05d36:group-D49D3A09B945 closes. The last applied log index is 16
2019-08-30 15:05:43,991 [ff806b18-47a3-461f-8103-ac239ab05d36-SegmentedRaftLogWorker:Storage Directory /workdir/hadoop-ozone/integration-test/target/test-dir/MiniOzoneClusterImpl-c9bf924e-a99a-40de-a7b2-d35176791736/datanode-5/data/ratis/8798ce88-ce0d-49ee-a819-d49d3a09b945] INFO  segmented.SegmentedRaftLogWorker (SegmentedRaftLogWorker.java:run(313)) - ff806b18-47a3-461f-8103-ac239ab05d36-SegmentedRaftLogWorker:Storage Directory /workdir/hadoop-ozone/integration-test/target/test-dir/MiniOzoneClusterImpl-c9bf924e-a99a-40de-a7b2-d35176791736/datanode-5/data/ratis/8798ce88-ce0d-49ee-a819-d49d3a09b945 was interrupted, exiting. There are 0 tasks remaining in the queue.
2019-08-30 15:05:43,993 [ForkJoinPool.commonPool-worker-0] INFO  segmented.SegmentedRaftLogWorker (SegmentedRaftLogWorker.java:close(228)) - ff806b18-47a3-461f-8103-ac239ab05d36-SegmentedRaftLogWorker:Storage Directory /workdir/hadoop-ozone/integration-test/target/test-dir/MiniOzoneClusterImpl-c9bf924e-a99a-40de-a7b2-d35176791736/datanode-5/data/ratis/8798ce88-ce0d-49ee-a819-d49d3a09b945 close()
2019-08-30 15:05:43,997 [main] INFO  server.GrpcService (GrpcService.java:closeImpl(155)) - ff806b18-47a3-461f-8103-ac239ab05d36: shutdown server with port 46182 now
2019-08-30 15:05:43,998 [main] INFO  server.GrpcService (GrpcService.java:closeImpl(163)) - ff806b18-47a3-461f-8103-ac239ab05d36: shutdown server with port 46182 successfully
2019-08-30 15:05:44,012 [refreshUsed-/workdir/hadoop-ozone/integration-test/target/test-dir/MiniOzoneClusterImpl-c9bf924e-a99a-40de-a7b2-d35176791736/datanode-5/data/containers] WARN  fs.CachingGetSpaceUsed (CachingGetSpaceUsed.java:run(183)) - Thread Interrupted waiting to refresh disk information: sleep interrupted
2019-08-30 15:05:44,022 | INFO  | SCMAudit | user=jenkins1000 | ip=192.168.5.134 | op=SEND_HEARTBEAT {datanodeUUID=a7864295-ee65-4810-9484-3806f14c48e5, command=[]} | ret=SUCCESS |  
2019-08-30 15:05:44,032 [main] INFO  utils.BackgroundService (BackgroundService.java:shutdown(148)) - Shutting down service BlockDeletingService
2019-08-30 15:05:44,037 [main] INFO  statemachine.DatanodeStateMachine (DatanodeStateMachine.java:stopDaemon(395)) - Ozone container server stopped.
2019-08-30 15:05:44,038 [main] INFO  handler.ContextHandler (ContextHandler.java:doStop(910)) - Stopped o.e.j.w.WebAppContext@5875de6a{/,null,UNAVAILABLE}{/hddsDatanode}
2019-08-30 15:05:44,039 [main] INFO  server.AbstractConnector (AbstractConnector.java:doStop(318)) - Stopped ServerConnector@608fe01f{HTTP/1.1,[http/1.1]}{0.0.0.0:0}
2019-08-30 15:05:44,040 [main] INFO  handler.ContextHandler (ContextHandler.java:doStop(910)) - Stopped o.e.j.s.ServletContextHandler@17dd671f{/static,jar:file:/home/user/.m2/repository/org/apache/hadoop/hadoop-hdds-container-service/0.5.0-SNAPSHOT/hadoop-hdds-container-service-0.5.0-SNAPSHOT.jar!/webapps/static,UNAVAILABLE}
2019-08-30 15:05:44,040 [main] INFO  handler.ContextHandler (ContextHandler.java:doStop(910)) - Stopped o.e.j.s.ServletContextHandler@64aad809{/logs,file:///workdir/hadoop-ozone/integration-test/target/log,UNAVAILABLE}
2019-08-30 15:05:44,223 | INFO  | SCMAudit | user=jenkins1000 | ip=192.168.5.134 | op=SEND_HEARTBEAT {datanodeUUID=fc5bbe82-8490-41a4-97d8-e34a13b8703c, command=[]} | ret=SUCCESS |  
2019-08-30 15:05:44,226 | INFO  | SCMAudit | user=jenkins1000 | ip=192.168.5.134 | op=SEND_HEARTBEAT {datanodeUUID=d5adc888-1e0a-4c25-807e-09fade1f1b41, command=[]} | ret=SUCCESS |  
2019-08-30 15:05:44,282 | INFO  | SCMAudit | user=jenkins1000 | ip=192.168.5.134 | op=SEND_HEARTBEAT {datanodeUUID=051f1e26-d98e-44a9-be86-7d4b3c80ff32, command=[]} | ret=SUCCESS |  
2019-08-30 15:05:44,941 | INFO  | SCMAudit | user=jenkins1000 | ip=192.168.5.134 | op=SEND_HEARTBEAT {datanodeUUID=f7e068fb-6143-4078-8f73-64e97620f45b, command=[]} | ret=SUCCESS |  
2019-08-30 15:05:45,022 | INFO  | SCMAudit | user=jenkins1000 | ip=192.168.5.134 | op=SEND_HEARTBEAT {datanodeUUID=a7864295-ee65-4810-9484-3806f14c48e5, command=[]} | ret=SUCCESS |  
2019-08-30 15:05:45,224 | INFO  | SCMAudit | user=jenkins1000 | ip=192.168.5.134 | op=SEND_HEARTBEAT {datanodeUUID=fc5bbe82-8490-41a4-97d8-e34a13b8703c, command=[]} | ret=SUCCESS |  
2019-08-30 15:05:45,226 | INFO  | SCMAudit | user=jenkins1000 | ip=192.168.5.134 | op=SEND_HEARTBEAT {datanodeUUID=d5adc888-1e0a-4c25-807e-09fade1f1b41, command=[]} | ret=SUCCESS |  
2019-08-30 15:05:45,282 | INFO  | SCMAudit | user=jenkins1000 | ip=192.168.5.134 | op=SEND_HEARTBEAT {datanodeUUID=051f1e26-d98e-44a9-be86-7d4b3c80ff32, command=[]} | ret=SUCCESS |  
2019-08-30 15:05:45,941 | INFO  | SCMAudit | user=jenkins1000 | ip=192.168.5.134 | op=SEND_HEARTBEAT {datanodeUUID=f7e068fb-6143-4078-8f73-64e97620f45b, command=[]} | ret=SUCCESS |  
2019-08-30 15:05:46,023 | INFO  | SCMAudit | user=jenkins1000 | ip=192.168.5.134 | op=SEND_HEARTBEAT {datanodeUUID=a7864295-ee65-4810-9484-3806f14c48e5, command=[]} | ret=SUCCESS |  
2019-08-30 15:05:46,084 [grpc-default-executor-1] INFO  client.GrpcClientProtocolClient (GrpcClientProtocolClient.java:onNext(255)) - client-29B5ABD7A86F->fc5bbe82-8490-41a4-97d8-e34a13b8703c: receive RaftClientReply:client-29B5ABD7A86F->fc5bbe82-8490-41a4-97d8-e34a13b8703c@group-D49D3A09B945, cid=22, FAILED org.apache.ratis.protocol.NotLeaderException: Server fc5bbe82-8490-41a4-97d8-e34a13b8703c is not the leader (56fefae5-2763-4634-a764-1d1f5af899ed:192.168.5.134:43177). Request must be sent to leader., logIndex=0, commits[fc5bbe82-8490-41a4-97d8-e34a13b8703c:c16, 56fefae5-2763-4634-a764-1d1f5af899ed:c16, ff806b18-47a3-461f-8103-ac239ab05d36:c16]
2019-08-30 15:05:46,224 | INFO  | SCMAudit | user=jenkins1000 | ip=192.168.5.134 | op=SEND_HEARTBEAT {datanodeUUID=fc5bbe82-8490-41a4-97d8-e34a13b8703c, command=[]} | ret=SUCCESS |  
2019-08-30 15:05:46,226 | INFO  | SCMAudit | user=jenkins1000 | ip=192.168.5.134 | op=SEND_HEARTBEAT {datanodeUUID=d5adc888-1e0a-4c25-807e-09fade1f1b41, command=[]} | ret=SUCCESS |  
2019-08-30 15:05:46,282 | INFO  | SCMAudit | user=jenkins1000 | ip=192.168.5.134 | op=SEND_HEARTBEAT {datanodeUUID=051f1e26-d98e-44a9-be86-7d4b3c80ff32, command=[]} | ret=SUCCESS |  
2019-08-30 15:05:46,941 | INFO  | SCMAudit | user=jenkins1000 | ip=192.168.5.134 | op=SEND_HEARTBEAT {datanodeUUID=f7e068fb-6143-4078-8f73-64e97620f45b, command=[]} | ret=SUCCESS |  
2019-08-30 15:05:47,022 | INFO  | SCMAudit | user=jenkins1000 | ip=192.168.5.134 | op=SEND_HEARTBEAT {datanodeUUID=a7864295-ee65-4810-9484-3806f14c48e5, command=[]} | ret=SUCCESS |  
2019-08-30 15:05:47,224 | INFO  | SCMAudit | user=jenkins1000 | ip=192.168.5.134 | op=SEND_HEARTBEAT {datanodeUUID=fc5bbe82-8490-41a4-97d8-e34a13b8703c, command=[]} | ret=SUCCESS |  
2019-08-30 15:05:47,227 | INFO  | SCMAudit | user=jenkins1000 | ip=192.168.5.134 | op=SEND_HEARTBEAT {datanodeUUID=d5adc888-1e0a-4c25-807e-09fade1f1b41, command=[]} | ret=SUCCESS |  
2019-08-30 15:05:47,282 | INFO  | SCMAudit | user=jenkins1000 | ip=192.168.5.134 | op=SEND_HEARTBEAT {datanodeUUID=051f1e26-d98e-44a9-be86-7d4b3c80ff32, command=[]} | ret=SUCCESS |  
2019-08-30 15:05:47,941 | INFO  | SCMAudit | user=jenkins1000 | ip=192.168.5.134 | op=SEND_HEARTBEAT {datanodeUUID=f7e068fb-6143-4078-8f73-64e97620f45b, command=[]} | ret=SUCCESS |  
2019-08-30 15:05:48,022 | INFO  | SCMAudit | user=jenkins1000 | ip=192.168.5.134 | op=SEND_HEARTBEAT {datanodeUUID=a7864295-ee65-4810-9484-3806f14c48e5, command=[]} | ret=SUCCESS |  
2019-08-30 15:05:48,048 [Thread-331] INFO  impl.FollowerState (FollowerState.java:run(106)) - fc5bbe82-8490-41a4-97d8-e34a13b8703c:group-D49D3A09B945 changes to CANDIDATE, lastRpcTime:9244, electionTimeout:5198ms
2019-08-30 15:05:48,049 [Thread-331] INFO  impl.RoleInfo (RoleInfo.java:shutdownFollowerState(121)) - fc5bbe82-8490-41a4-97d8-e34a13b8703c: shutdown FollowerState
2019-08-30 15:05:48,049 [Thread-331] INFO  impl.RaftServerImpl (RaftServerImpl.java:setRole(171)) - fc5bbe82-8490-41a4-97d8-e34a13b8703c:group-D49D3A09B945 changes role from FOLLOWER to CANDIDATE at term 1 for changeToCandidate
2019-08-30 15:05:48,049 [Thread-331] INFO  impl.RoleInfo (RoleInfo.java:updateAndGet(143)) - fc5bbe82-8490-41a4-97d8-e34a13b8703c: start LeaderElection
2019-08-30 15:05:48,053 [fc5bbe82-8490-41a4-97d8-e34a13b8703c:group-D49D3A09B945:LeaderElection12] INFO  impl.RaftServerImpl (ServerState.java:setLeader(263)) - fc5bbe82-8490-41a4-97d8-e34a13b8703c:group-D49D3A09B945 change Leader from 56fefae5-2763-4634-a764-1d1f5af899ed to null at term 1 for initElection
2019-08-30 15:05:48,067 [fc5bbe82-8490-41a4-97d8-e34a13b8703c:group-D49D3A09B945:LeaderElection12] INFO  impl.LeaderElection (LeaderElection.java:askForVotes(181)) - fc5bbe82-8490-41a4-97d8-e34a13b8703c:group-D49D3A09B945:LeaderElection12: begin an election at term 2 for 0: [fc5bbe82-8490-41a4-97d8-e34a13b8703c:192.168.5.134:35726, 56fefae5-2763-4634-a764-1d1f5af899ed:192.168.5.134:43177, ff806b18-47a3-461f-8103-ac239ab05d36:192.168.5.134:46182], old=null
2019-08-30 15:05:48,073 [fc5bbe82-8490-41a4-97d8-e34a13b8703c:group-D49D3A09B945:LeaderElection12] INFO  impl.LeaderElection (LogUtils.java:infoOrTrace(149)) - fc5bbe82-8490-41a4-97d8-e34a13b8703c:group-D49D3A09B945:LeaderElection12 got exception when requesting votes: {}
java.util.concurrent.ExecutionException: org.apache.ratis.thirdparty.io.grpc.StatusRuntimeException: UNAVAILABLE: io exception
	at java.util.concurrent.FutureTask.report(FutureTask.java:122)
	at java.util.concurrent.FutureTask.get(FutureTask.java:192)
	at org.apache.ratis.server.impl.LeaderElection.waitForResults(LeaderElection.java:262)
	at org.apache.ratis.server.impl.LeaderElection.askForVotes(LeaderElection.java:200)
	at org.apache.ratis.server.impl.LeaderElection.run(LeaderElection.java:130)
	at java.lang.Thread.run(Thread.java:748)
Caused by: org.apache.ratis.thirdparty.io.grpc.StatusRuntimeException: UNAVAILABLE: io exception
	at org.apache.ratis.thirdparty.io.grpc.stub.ClientCalls.toStatusRuntimeException(ClientCalls.java:233)
	at org.apache.ratis.thirdparty.io.grpc.stub.ClientCalls.getUnchecked(ClientCalls.java:214)
	at org.apache.ratis.thirdparty.io.grpc.stub.ClientCalls.blockingUnaryCall(ClientCalls.java:139)
	at org.apache.ratis.proto.grpc.RaftServerProtocolServiceGrpc$RaftServerProtocolServiceBlockingStub.requestVote(RaftServerProtocolServiceGrpc.java:265)
	at org.apache.ratis.grpc.server.GrpcServerProtocolClient.requestVote(GrpcServerProtocolClient.java:83)
	at org.apache.ratis.grpc.server.GrpcService.requestVote(GrpcService.java:195)
	at org.apache.ratis.server.impl.LeaderElection.lambda$submitRequests$1(LeaderElection.java:237)
	at java.util.concurrent.FutureTask.run(FutureTask.java:266)
	at java.util.concurrent.Executors$RunnableAdapter.call(Executors.java:511)
	at java.util.concurrent.FutureTask.run(FutureTask.java:266)
	at java.util.concurrent.ThreadPoolExecutor.runWorker(ThreadPoolExecutor.java:1149)
	at java.util.concurrent.ThreadPoolExecutor$Worker.run(ThreadPoolExecutor.java:624)
	... 1 more
Caused by: org.apache.ratis.thirdparty.io.netty.channel.AbstractChannel$AnnotatedConnectException: Connection refused: /192.168.5.134:46182
	at sun.nio.ch.SocketChannelImpl.checkConnect(Native Method)
	at sun.nio.ch.SocketChannelImpl.finishConnect(SocketChannelImpl.java:717)
	at org.apache.ratis.thirdparty.io.netty.channel.socket.nio.NioSocketChannel.doFinishConnect(NioSocketChannel.java:327)
	at org.apache.ratis.thirdparty.io.netty.channel.nio.AbstractNioChannel$AbstractNioUnsafe.finishConnect(AbstractNioChannel.java:340)
	at org.apache.ratis.thirdparty.io.netty.channel.nio.NioEventLoop.processSelectedKey(NioEventLoop.java:632)
	at org.apache.ratis.thirdparty.io.netty.channel.nio.NioEventLoop.processSelectedKeysOptimized(NioEventLoop.java:579)
	at org.apache.ratis.thirdparty.io.netty.channel.nio.NioEventLoop.processSelectedKeys(NioEventLoop.java:496)
	at org.apache.ratis.thirdparty.io.netty.channel.nio.NioEventLoop.run(NioEventLoop.java:458)
	at org.apache.ratis.thirdparty.io.netty.util.concurrent.SingleThreadEventExecutor$5.run(SingleThreadEventExecutor.java:897)
	at org.apache.ratis.thirdparty.io.netty.util.concurrent.FastThreadLocalRunnable.run(FastThreadLocalRunnable.java:30)
	... 1 more
Caused by: java.net.ConnectException: Connection refused
	... 11 more
2019-08-30 15:05:48,076 [fc5bbe82-8490-41a4-97d8-e34a13b8703c:group-D49D3A09B945:LeaderElection12] INFO  impl.LeaderElection (LogUtils.java:infoOrTrace(149)) - fc5bbe82-8490-41a4-97d8-e34a13b8703c:group-D49D3A09B945:LeaderElection12 got exception when requesting votes: {}
java.util.concurrent.ExecutionException: org.apache.ratis.thirdparty.io.grpc.StatusRuntimeException: UNAVAILABLE: io exception
	at java.util.concurrent.FutureTask.report(FutureTask.java:122)
	at java.util.concurrent.FutureTask.get(FutureTask.java:192)
	at org.apache.ratis.server.impl.LeaderElection.waitForResults(LeaderElection.java:262)
	at org.apache.ratis.server.impl.LeaderElection.askForVotes(LeaderElection.java:200)
	at org.apache.ratis.server.impl.LeaderElection.run(LeaderElection.java:130)
	at java.lang.Thread.run(Thread.java:748)
Caused by: org.apache.ratis.thirdparty.io.grpc.StatusRuntimeException: UNAVAILABLE: io exception
	at org.apache.ratis.thirdparty.io.grpc.stub.ClientCalls.toStatusRuntimeException(ClientCalls.java:233)
	at org.apache.ratis.thirdparty.io.grpc.stub.ClientCalls.getUnchecked(ClientCalls.java:214)
	at org.apache.ratis.thirdparty.io.grpc.stub.ClientCalls.blockingUnaryCall(ClientCalls.java:139)
	at org.apache.ratis.proto.grpc.RaftServerProtocolServiceGrpc$RaftServerProtocolServiceBlockingStub.requestVote(RaftServerProtocolServiceGrpc.java:265)
	at org.apache.ratis.grpc.server.GrpcServerProtocolClient.requestVote(GrpcServerProtocolClient.java:83)
	at org.apache.ratis.grpc.server.GrpcService.requestVote(GrpcService.java:195)
	at org.apache.ratis.server.impl.LeaderElection.lambda$submitRequests$1(LeaderElection.java:237)
	at java.util.concurrent.FutureTask.run(FutureTask.java:266)
	at java.util.concurrent.Executors$RunnableAdapter.call(Executors.java:511)
	at java.util.concurrent.FutureTask.run(FutureTask.java:266)
	at java.util.concurrent.ThreadPoolExecutor.runWorker(ThreadPoolExecutor.java:1149)
	at java.util.concurrent.ThreadPoolExecutor$Worker.run(ThreadPoolExecutor.java:624)
	... 1 more
Caused by: org.apache.ratis.thirdparty.io.netty.channel.AbstractChannel$AnnotatedConnectException: Connection refused: /192.168.5.134:43177
	at sun.nio.ch.SocketChannelImpl.checkConnect(Native Method)
	at sun.nio.ch.SocketChannelImpl.finishConnect(SocketChannelImpl.java:717)
	at org.apache.ratis.thirdparty.io.netty.channel.socket.nio.NioSocketChannel.doFinishConnect(NioSocketChannel.java:327)
	at org.apache.ratis.thirdparty.io.netty.channel.nio.AbstractNioChannel$AbstractNioUnsafe.finishConnect(AbstractNioChannel.java:340)
	at org.apache.ratis.thirdparty.io.netty.channel.nio.NioEventLoop.processSelectedKey(NioEventLoop.java:632)
	at org.apache.ratis.thirdparty.io.netty.channel.nio.NioEventLoop.processSelectedKeysOptimized(NioEventLoop.java:579)
	at org.apache.ratis.thirdparty.io.netty.channel.nio.NioEventLoop.processSelectedKeys(NioEventLoop.java:496)
	at org.apache.ratis.thirdparty.io.netty.channel.nio.NioEventLoop.run(NioEventLoop.java:458)
	at org.apache.ratis.thirdparty.io.netty.util.concurrent.SingleThreadEventExecutor$5.run(SingleThreadEventExecutor.java:897)
	at org.apache.ratis.thirdparty.io.netty.util.concurrent.FastThreadLocalRunnable.run(FastThreadLocalRunnable.java:30)
	... 1 more
Caused by: java.net.ConnectException: Connection refused
	... 11 more
2019-08-30 15:05:48,078 [fc5bbe82-8490-41a4-97d8-e34a13b8703c:group-D49D3A09B945:LeaderElection12] INFO  impl.LeaderElection (LeaderElection.java:logAndReturn(56)) - fc5bbe82-8490-41a4-97d8-e34a13b8703c:group-D49D3A09B945:LeaderElection12: Election REJECTED; received 0 response(s) [] and 2 exception(s); fc5bbe82-8490-41a4-97d8-e34a13b8703c:t2, leader=null, voted=fc5bbe82-8490-41a4-97d8-e34a13b8703c, raftlog=fc5bbe82-8490-41a4-97d8-e34a13b8703c-SegmentedRaftLog:OPENED:c16,f16,i16, conf=0: [fc5bbe82-8490-41a4-97d8-e34a13b8703c:192.168.5.134:35726, 56fefae5-2763-4634-a764-1d1f5af899ed:192.168.5.134:43177, ff806b18-47a3-461f-8103-ac239ab05d36:192.168.5.134:46182], old=null
2019-08-30 15:05:48,079 [fc5bbe82-8490-41a4-97d8-e34a13b8703c:group-D49D3A09B945:LeaderElection12] INFO  impl.LeaderElection (LogUtils.java:infoOrTrace(149)) -   Exception 0: {}
java.util.concurrent.ExecutionException: org.apache.ratis.thirdparty.io.grpc.StatusRuntimeException: UNAVAILABLE: io exception
	at java.util.concurrent.FutureTask.report(FutureTask.java:122)
	at java.util.concurrent.FutureTask.get(FutureTask.java:192)
	at org.apache.ratis.server.impl.LeaderElection.waitForResults(LeaderElection.java:262)
	at org.apache.ratis.server.impl.LeaderElection.askForVotes(LeaderElection.java:200)
	at org.apache.ratis.server.impl.LeaderElection.run(LeaderElection.java:130)
	at java.lang.Thread.run(Thread.java:748)
Caused by: org.apache.ratis.thirdparty.io.grpc.StatusRuntimeException: UNAVAILABLE: io exception
	at org.apache.ratis.thirdparty.io.grpc.stub.ClientCalls.toStatusRuntimeException(ClientCalls.java:233)
	at org.apache.ratis.thirdparty.io.grpc.stub.ClientCalls.getUnchecked(ClientCalls.java:214)
	at org.apache.ratis.thirdparty.io.grpc.stub.ClientCalls.blockingUnaryCall(ClientCalls.java:139)
	at org.apache.ratis.proto.grpc.RaftServerProtocolServiceGrpc$RaftServerProtocolServiceBlockingStub.requestVote(RaftServerProtocolServiceGrpc.java:265)
	at org.apache.ratis.grpc.server.GrpcServerProtocolClient.requestVote(GrpcServerProtocolClient.java:83)
	at org.apache.ratis.grpc.server.GrpcService.requestVote(GrpcService.java:195)
	at org.apache.ratis.server.impl.LeaderElection.lambda$submitRequests$1(LeaderElection.java:237)
	at java.util.concurrent.FutureTask.run(FutureTask.java:266)
	at java.util.concurrent.Executors$RunnableAdapter.call(Executors.java:511)
	at java.util.concurrent.FutureTask.run(FutureTask.java:266)
	at java.util.concurrent.ThreadPoolExecutor.runWorker(ThreadPoolExecutor.java:1149)
	at java.util.concurrent.ThreadPoolExecutor$Worker.run(ThreadPoolExecutor.java:624)
	... 1 more
Caused by: org.apache.ratis.thirdparty.io.netty.channel.AbstractChannel$AnnotatedConnectException: Connection refused: /192.168.5.134:46182
	at sun.nio.ch.SocketChannelImpl.checkConnect(Native Method)
	at sun.nio.ch.SocketChannelImpl.finishConnect(SocketChannelImpl.java:717)
	at org.apache.ratis.thirdparty.io.netty.channel.socket.nio.NioSocketChannel.doFinishConnect(NioSocketChannel.java:327)
	at org.apache.ratis.thirdparty.io.netty.channel.nio.AbstractNioChannel$AbstractNioUnsafe.finishConnect(AbstractNioChannel.java:340)
	at org.apache.ratis.thirdparty.io.netty.channel.nio.NioEventLoop.processSelectedKey(NioEventLoop.java:632)
	at org.apache.ratis.thirdparty.io.netty.channel.nio.NioEventLoop.processSelectedKeysOptimized(NioEventLoop.java:579)
	at org.apache.ratis.thirdparty.io.netty.channel.nio.NioEventLoop.processSelectedKeys(NioEventLoop.java:496)
	at org.apache.ratis.thirdparty.io.netty.channel.nio.NioEventLoop.run(NioEventLoop.java:458)
	at org.apache.ratis.thirdparty.io.netty.util.concurrent.SingleThreadEventExecutor$5.run(SingleThreadEventExecutor.java:897)
	at org.apache.ratis.thirdparty.io.netty.util.concurrent.FastThreadLocalRunnable.run(FastThreadLocalRunnable.java:30)
	... 1 more
Caused by: java.net.ConnectException: Connection refused
	... 11 more
2019-08-30 15:05:48,079 [fc5bbe82-8490-41a4-97d8-e34a13b8703c:group-D49D3A09B945:LeaderElection12] INFO  impl.LeaderElection (LogUtils.java:infoOrTrace(149)) -   Exception 1: {}
java.util.concurrent.ExecutionException: org.apache.ratis.thirdparty.io.grpc.StatusRuntimeException: UNAVAILABLE: io exception
	at java.util.concurrent.FutureTask.report(FutureTask.java:122)
	at java.util.concurrent.FutureTask.get(FutureTask.java:192)
	at org.apache.ratis.server.impl.LeaderElection.waitForResults(LeaderElection.java:262)
	at org.apache.ratis.server.impl.LeaderElection.askForVotes(LeaderElection.java:200)
	at org.apache.ratis.server.impl.LeaderElection.run(LeaderElection.java:130)
	at java.lang.Thread.run(Thread.java:748)
Caused by: org.apache.ratis.thirdparty.io.grpc.StatusRuntimeException: UNAVAILABLE: io exception
	at org.apache.ratis.thirdparty.io.grpc.stub.ClientCalls.toStatusRuntimeException(ClientCalls.java:233)
	at org.apache.ratis.thirdparty.io.grpc.stub.ClientCalls.getUnchecked(ClientCalls.java:214)
	at org.apache.ratis.thirdparty.io.grpc.stub.ClientCalls.blockingUnaryCall(ClientCalls.java:139)
	at org.apache.ratis.proto.grpc.RaftServerProtocolServiceGrpc$RaftServerProtocolServiceBlockingStub.requestVote(RaftServerProtocolServiceGrpc.java:265)
	at org.apache.ratis.grpc.server.GrpcServerProtocolClient.requestVote(GrpcServerProtocolClient.java:83)
	at org.apache.ratis.grpc.server.GrpcService.requestVote(GrpcService.java:195)
	at org.apache.ratis.server.impl.LeaderElection.lambda$submitRequests$1(LeaderElection.java:237)
	at java.util.concurrent.FutureTask.run(FutureTask.java:266)
	at java.util.concurrent.Executors$RunnableAdapter.call(Executors.java:511)
	at java.util.concurrent.FutureTask.run(FutureTask.java:266)
	at java.util.concurrent.ThreadPoolExecutor.runWorker(ThreadPoolExecutor.java:1149)
	at java.util.concurrent.ThreadPoolExecutor$Worker.run(ThreadPoolExecutor.java:624)
	... 1 more
Caused by: org.apache.ratis.thirdparty.io.netty.channel.AbstractChannel$AnnotatedConnectException: Connection refused: /192.168.5.134:43177
	at sun.nio.ch.SocketChannelImpl.checkConnect(Native Method)
	at sun.nio.ch.SocketChannelImpl.finishConnect(SocketChannelImpl.java:717)
	at org.apache.ratis.thirdparty.io.netty.channel.socket.nio.NioSocketChannel.doFinishConnect(NioSocketChannel.java:327)
	at org.apache.ratis.thirdparty.io.netty.channel.nio.AbstractNioChannel$AbstractNioUnsafe.finishConnect(AbstractNioChannel.java:340)
	at org.apache.ratis.thirdparty.io.netty.channel.nio.NioEventLoop.processSelectedKey(NioEventLoop.java:632)
	at org.apache.ratis.thirdparty.io.netty.channel.nio.NioEventLoop.processSelectedKeysOptimized(NioEventLoop.java:579)
	at org.apache.ratis.thirdparty.io.netty.channel.nio.NioEventLoop.processSelectedKeys(NioEventLoop.java:496)
	at org.apache.ratis.thirdparty.io.netty.channel.nio.NioEventLoop.run(NioEventLoop.java:458)
	at org.apache.ratis.thirdparty.io.netty.util.concurrent.SingleThreadEventExecutor$5.run(SingleThreadEventExecutor.java:897)
	at org.apache.ratis.thirdparty.io.netty.util.concurrent.FastThreadLocalRunnable.run(FastThreadLocalRunnable.java:30)
	... 1 more
Caused by: java.net.ConnectException: Connection refused
	... 11 more
2019-08-30 15:05:48,080 [fc5bbe82-8490-41a4-97d8-e34a13b8703c:group-D49D3A09B945:LeaderElection12] INFO  impl.RaftServerImpl (RaftServerImpl.java:setRole(171)) - fc5bbe82-8490-41a4-97d8-e34a13b8703c:group-D49D3A09B945 changes role from CANDIDATE to FOLLOWER at term 2 for DISCOVERED_A_NEW_TERM
2019-08-30 15:05:48,081 [fc5bbe82-8490-41a4-97d8-e34a13b8703c:group-D49D3A09B945:LeaderElection12] INFO  impl.RoleInfo (RoleInfo.java:shutdownLeaderElection(134)) - fc5bbe82-8490-41a4-97d8-e34a13b8703c: shutdown LeaderElection
2019-08-30 15:05:48,082 [fc5bbe82-8490-41a4-97d8-e34a13b8703c:group-D49D3A09B945:LeaderElection12] INFO  impl.RoleInfo (RoleInfo.java:updateAndGet(143)) - fc5bbe82-8490-41a4-97d8-e34a13b8703c: start FollowerState
2019-08-30 15:05:48,224 | INFO  | SCMAudit | user=jenkins1000 | ip=192.168.5.134 | op=SEND_HEARTBEAT {datanodeUUID=fc5bbe82-8490-41a4-97d8-e34a13b8703c, command=[]} | ret=SUCCESS |  
2019-08-30 15:05:48,226 | INFO  | SCMAudit | user=jenkins1000 | ip=192.168.5.134 | op=SEND_HEARTBEAT {datanodeUUID=d5adc888-1e0a-4c25-807e-09fade1f1b41, command=[]} | ret=SUCCESS |  
2019-08-30 15:05:48,281 | INFO  | SCMAudit | user=jenkins1000 | ip=192.168.5.134 | op=SEND_HEARTBEAT {datanodeUUID=051f1e26-d98e-44a9-be86-7d4b3c80ff32, command=[]} | ret=SUCCESS |  
2019-08-30 15:05:48,941 | INFO  | SCMAudit | user=jenkins1000 | ip=192.168.5.134 | op=SEND_HEARTBEAT {datanodeUUID=f7e068fb-6143-4078-8f73-64e97620f45b, command=[]} | ret=SUCCESS |  
2019-08-30 15:05:49,022 | INFO  | SCMAudit | user=jenkins1000 | ip=192.168.5.134 | op=SEND_HEARTBEAT {datanodeUUID=a7864295-ee65-4810-9484-3806f14c48e5, command=[]} | ret=SUCCESS |  
2019-08-30 15:05:49,224 | INFO  | SCMAudit | user=jenkins1000 | ip=192.168.5.134 | op=SEND_HEARTBEAT {datanodeUUID=fc5bbe82-8490-41a4-97d8-e34a13b8703c, command=[]} | ret=SUCCESS |  
2019-08-30 15:05:49,226 | INFO  | SCMAudit | user=jenkins1000 | ip=192.168.5.134 | op=SEND_HEARTBEAT {datanodeUUID=d5adc888-1e0a-4c25-807e-09fade1f1b41, command=[]} | ret=SUCCESS |  
2019-08-30 15:05:49,281 | INFO  | SCMAudit | user=jenkins1000 | ip=192.168.5.134 | op=SEND_HEARTBEAT {datanodeUUID=051f1e26-d98e-44a9-be86-7d4b3c80ff32, command=[]} | ret=SUCCESS |  
2019-08-30 15:05:49,941 | INFO  | SCMAudit | user=jenkins1000 | ip=192.168.5.134 | op=SEND_HEARTBEAT {datanodeUUID=f7e068fb-6143-4078-8f73-64e97620f45b, command=[]} | ret=SUCCESS |  
2019-08-30 15:05:50,023 | INFO  | SCMAudit | user=jenkins1000 | ip=192.168.5.134 | op=SEND_HEARTBEAT {datanodeUUID=a7864295-ee65-4810-9484-3806f14c48e5, command=[]} | ret=SUCCESS |  
2019-08-30 15:05:50,153 [grpc-default-executor-3] INFO  client.GrpcClientProtocolClient (GrpcClientProtocolClient.java:onNext(255)) - client-29B5ABD7A86F->fc5bbe82-8490-41a4-97d8-e34a13b8703c: receive RaftClientReply:client-29B5ABD7A86F->fc5bbe82-8490-41a4-97d8-e34a13b8703c@group-D49D3A09B945, cid=22, FAILED org.apache.ratis.protocol.NotLeaderException: Server fc5bbe82-8490-41a4-97d8-e34a13b8703c is not the leader (null). Request must be sent to leader., logIndex=0, commits[fc5bbe82-8490-41a4-97d8-e34a13b8703c:c16, 56fefae5-2763-4634-a764-1d1f5af899ed:c16, ff806b18-47a3-461f-8103-ac239ab05d36:c16]
2019-08-30 15:05:50,224 | INFO  | SCMAudit | user=jenkins1000 | ip=192.168.5.134 | op=SEND_HEARTBEAT {datanodeUUID=fc5bbe82-8490-41a4-97d8-e34a13b8703c, command=[]} | ret=SUCCESS |  
2019-08-30 15:05:50,226 | INFO  | SCMAudit | user=jenkins1000 | ip=192.168.5.134 | op=SEND_HEARTBEAT {datanodeUUID=d5adc888-1e0a-4c25-807e-09fade1f1b41, command=[]} | ret=SUCCESS |  
2019-08-30 15:05:50,281 | INFO  | SCMAudit | user=jenkins1000 | ip=192.168.5.134 | op=SEND_HEARTBEAT {datanodeUUID=051f1e26-d98e-44a9-be86-7d4b3c80ff32, command=[]} | ret=SUCCESS |  
2019-08-30 15:05:50,941 | INFO  | SCMAudit | user=jenkins1000 | ip=192.168.5.134 | op=SEND_HEARTBEAT {datanodeUUID=f7e068fb-6143-4078-8f73-64e97620f45b, command=[]} | ret=SUCCESS |  
2019-08-30 15:05:51,023 | INFO  | SCMAudit | user=jenkins1000 | ip=192.168.5.134 | op=SEND_HEARTBEAT {datanodeUUID=a7864295-ee65-4810-9484-3806f14c48e5, command=[]} | ret=SUCCESS |  
2019-08-30 15:05:51,224 | INFO  | SCMAudit | user=jenkins1000 | ip=192.168.5.134 | op=SEND_HEARTBEAT {datanodeUUID=fc5bbe82-8490-41a4-97d8-e34a13b8703c, command=[]} | ret=SUCCESS |  
2019-08-30 15:05:51,227 | INFO  | SCMAudit | user=jenkins1000 | ip=192.168.5.134 | op=SEND_HEARTBEAT {datanodeUUID=d5adc888-1e0a-4c25-807e-09fade1f1b41, command=[]} | ret=SUCCESS |  
2019-08-30 15:05:51,282 | INFO  | SCMAudit | user=jenkins1000 | ip=192.168.5.134 | op=SEND_HEARTBEAT {datanodeUUID=051f1e26-d98e-44a9-be86-7d4b3c80ff32, command=[]} | ret=SUCCESS |  
2019-08-30 15:05:51,941 | INFO  | SCMAudit | user=jenkins1000 | ip=192.168.5.134 | op=SEND_HEARTBEAT {datanodeUUID=f7e068fb-6143-4078-8f73-64e97620f45b, command=[]} | ret=SUCCESS |  
2019-08-30 15:05:52,030 | INFO  | SCMAudit | user=jenkins1000 | ip=192.168.5.134 | op=SEND_HEARTBEAT {datanodeUUID=a7864295-ee65-4810-9484-3806f14c48e5, command=[]} | ret=SUCCESS |  
2019-08-30 15:05:52,184 [grpc-default-executor-4] INFO  client.GrpcClientProtocolClient (GrpcClientProtocolClient.java:onNext(255)) - client-29B5ABD7A86F->fc5bbe82-8490-41a4-97d8-e34a13b8703c: receive RaftClientReply:client-29B5ABD7A86F->fc5bbe82-8490-41a4-97d8-e34a13b8703c@group-D49D3A09B945, cid=22, FAILED org.apache.ratis.protocol.NotLeaderException: Server fc5bbe82-8490-41a4-97d8-e34a13b8703c is not the leader (null). Request must be sent to leader., logIndex=0, commits[fc5bbe82-8490-41a4-97d8-e34a13b8703c:c16, 56fefae5-2763-4634-a764-1d1f5af899ed:c16, ff806b18-47a3-461f-8103-ac239ab05d36:c16]
2019-08-30 15:05:52,223 | INFO  | SCMAudit | user=jenkins1000 | ip=192.168.5.134 | op=SEND_HEARTBEAT {datanodeUUID=fc5bbe82-8490-41a4-97d8-e34a13b8703c, command=[]} | ret=SUCCESS |  
2019-08-30 15:05:52,226 | INFO  | SCMAudit | user=jenkins1000 | ip=192.168.5.134 | op=SEND_HEARTBEAT {datanodeUUID=d5adc888-1e0a-4c25-807e-09fade1f1b41, command=[]} | ret=SUCCESS |  
2019-08-30 15:05:52,281 | INFO  | SCMAudit | user=jenkins1000 | ip=192.168.5.134 | op=SEND_HEARTBEAT {datanodeUUID=051f1e26-d98e-44a9-be86-7d4b3c80ff32, command=[]} | ret=SUCCESS |  
2019-08-30 15:05:52,941 | INFO  | SCMAudit | user=jenkins1000 | ip=192.168.5.134 | op=SEND_HEARTBEAT {datanodeUUID=f7e068fb-6143-4078-8f73-64e97620f45b, command=[]} | ret=SUCCESS |  
2019-08-30 15:05:53,023 | INFO  | SCMAudit | user=jenkins1000 | ip=192.168.5.134 | op=SEND_HEARTBEAT {datanodeUUID=a7864295-ee65-4810-9484-3806f14c48e5, command=[]} | ret=SUCCESS |  
2019-08-30 15:05:53,142 [Thread-422] INFO  impl.FollowerState (FollowerState.java:run(106)) - fc5bbe82-8490-41a4-97d8-e34a13b8703c:group-D49D3A09B945 changes to CANDIDATE, lastRpcTime:5060, electionTimeout:5058ms
2019-08-30 15:05:53,144 [Thread-422] INFO  impl.RoleInfo (RoleInfo.java:shutdownFollowerState(121)) - fc5bbe82-8490-41a4-97d8-e34a13b8703c: shutdown FollowerState
2019-08-30 15:05:53,144 [Thread-422] INFO  impl.RaftServerImpl (RaftServerImpl.java:setRole(171)) - fc5bbe82-8490-41a4-97d8-e34a13b8703c:group-D49D3A09B945 changes role from FOLLOWER to CANDIDATE at term 2 for changeToCandidate
2019-08-30 15:05:53,145 [Thread-422] INFO  impl.RoleInfo (RoleInfo.java:updateAndGet(143)) - fc5bbe82-8490-41a4-97d8-e34a13b8703c: start LeaderElection
2019-08-30 15:05:53,161 [fc5bbe82-8490-41a4-97d8-e34a13b8703c:group-D49D3A09B945:LeaderElection13] INFO  impl.LeaderElection (LeaderElection.java:askForVotes(181)) - fc5bbe82-8490-41a4-97d8-e34a13b8703c:group-D49D3A09B945:LeaderElection13: begin an election at term 3 for 0: [fc5bbe82-8490-41a4-97d8-e34a13b8703c:192.168.5.134:35726, 56fefae5-2763-4634-a764-1d1f5af899ed:192.168.5.134:43177, ff806b18-47a3-461f-8103-ac239ab05d36:192.168.5.134:46182], old=null
2019-08-30 15:05:53,162 [fc5bbe82-8490-41a4-97d8-e34a13b8703c:group-D49D3A09B945:LeaderElection13] INFO  impl.LeaderElection (LogUtils.java:infoOrTrace(149)) - fc5bbe82-8490-41a4-97d8-e34a13b8703c:group-D49D3A09B945:LeaderElection13 got exception when requesting votes: {}
java.util.concurrent.ExecutionException: org.apache.ratis.thirdparty.io.grpc.StatusRuntimeException: UNAVAILABLE: io exception
	at java.util.concurrent.FutureTask.report(FutureTask.java:122)
	at java.util.concurrent.FutureTask.get(FutureTask.java:192)
	at org.apache.ratis.server.impl.LeaderElection.waitForResults(LeaderElection.java:262)
	at org.apache.ratis.server.impl.LeaderElection.askForVotes(LeaderElection.java:200)
	at org.apache.ratis.server.impl.LeaderElection.run(LeaderElection.java:130)
	at java.lang.Thread.run(Thread.java:748)
Caused by: org.apache.ratis.thirdparty.io.grpc.StatusRuntimeException: UNAVAILABLE: io exception
	at org.apache.ratis.thirdparty.io.grpc.stub.ClientCalls.toStatusRuntimeException(ClientCalls.java:233)
	at org.apache.ratis.thirdparty.io.grpc.stub.ClientCalls.getUnchecked(ClientCalls.java:214)
	at org.apache.ratis.thirdparty.io.grpc.stub.ClientCalls.blockingUnaryCall(ClientCalls.java:139)
	at org.apache.ratis.proto.grpc.RaftServerProtocolServiceGrpc$RaftServerProtocolServiceBlockingStub.requestVote(RaftServerProtocolServiceGrpc.java:265)
	at org.apache.ratis.grpc.server.GrpcServerProtocolClient.requestVote(GrpcServerProtocolClient.java:83)
	at org.apache.ratis.grpc.server.GrpcService.requestVote(GrpcService.java:195)
	at org.apache.ratis.server.impl.LeaderElection.lambda$submitRequests$1(LeaderElection.java:237)
	at java.util.concurrent.FutureTask.run(FutureTask.java:266)
	at java.util.concurrent.Executors$RunnableAdapter.call(Executors.java:511)
	at java.util.concurrent.FutureTask.run(FutureTask.java:266)
	at java.util.concurrent.ThreadPoolExecutor.runWorker(ThreadPoolExecutor.java:1149)
	at java.util.concurrent.ThreadPoolExecutor$Worker.run(ThreadPoolExecutor.java:624)
	... 1 more
Caused by: org.apache.ratis.thirdparty.io.netty.channel.AbstractChannel$AnnotatedConnectException: Connection refused: /192.168.5.134:43177
	at sun.nio.ch.SocketChannelImpl.checkConnect(Native Method)
	at sun.nio.ch.SocketChannelImpl.finishConnect(SocketChannelImpl.java:717)
	at org.apache.ratis.thirdparty.io.netty.channel.socket.nio.NioSocketChannel.doFinishConnect(NioSocketChannel.java:327)
	at org.apache.ratis.thirdparty.io.netty.channel.nio.AbstractNioChannel$AbstractNioUnsafe.finishConnect(AbstractNioChannel.java:340)
	at org.apache.ratis.thirdparty.io.netty.channel.nio.NioEventLoop.processSelectedKey(NioEventLoop.java:632)
	at org.apache.ratis.thirdparty.io.netty.channel.nio.NioEventLoop.processSelectedKeysOptimized(NioEventLoop.java:579)
	at org.apache.ratis.thirdparty.io.netty.channel.nio.NioEventLoop.processSelectedKeys(NioEventLoop.java:496)
	at org.apache.ratis.thirdparty.io.netty.channel.nio.NioEventLoop.run(NioEventLoop.java:458)
	at org.apache.ratis.thirdparty.io.netty.util.concurrent.SingleThreadEventExecutor$5.run(SingleThreadEventExecutor.java:897)
	at org.apache.ratis.thirdparty.io.netty.util.concurrent.FastThreadLocalRunnable.run(FastThreadLocalRunnable.java:30)
	... 1 more
Caused by: java.net.ConnectException: Connection refused
	... 11 more
2019-08-30 15:05:53,165 [fc5bbe82-8490-41a4-97d8-e34a13b8703c:group-D49D3A09B945:LeaderElection13] INFO  impl.LeaderElection (LogUtils.java:infoOrTrace(149)) - fc5bbe82-8490-41a4-97d8-e34a13b8703c:group-D49D3A09B945:LeaderElection13 got exception when requesting votes: {}
java.util.concurrent.ExecutionException: org.apache.ratis.thirdparty.io.grpc.StatusRuntimeException: UNAVAILABLE: io exception
	at java.util.concurrent.FutureTask.report(FutureTask.java:122)
	at java.util.concurrent.FutureTask.get(FutureTask.java:192)
	at org.apache.ratis.server.impl.LeaderElection.waitForResults(LeaderElection.java:262)
	at org.apache.ratis.server.impl.LeaderElection.askForVotes(LeaderElection.java:200)
	at org.apache.ratis.server.impl.LeaderElection.run(LeaderElection.java:130)
	at java.lang.Thread.run(Thread.java:748)
Caused by: org.apache.ratis.thirdparty.io.grpc.StatusRuntimeException: UNAVAILABLE: io exception
	at org.apache.ratis.thirdparty.io.grpc.stub.ClientCalls.toStatusRuntimeException(ClientCalls.java:233)
	at org.apache.ratis.thirdparty.io.grpc.stub.ClientCalls.getUnchecked(ClientCalls.java:214)
	at org.apache.ratis.thirdparty.io.grpc.stub.ClientCalls.blockingUnaryCall(ClientCalls.java:139)
	at org.apache.ratis.proto.grpc.RaftServerProtocolServiceGrpc$RaftServerProtocolServiceBlockingStub.requestVote(RaftServerProtocolServiceGrpc.java:265)
	at org.apache.ratis.grpc.server.GrpcServerProtocolClient.requestVote(GrpcServerProtocolClient.java:83)
	at org.apache.ratis.grpc.server.GrpcService.requestVote(GrpcService.java:195)
	at org.apache.ratis.server.impl.LeaderElection.lambda$submitRequests$1(LeaderElection.java:237)
	at java.util.concurrent.FutureTask.run(FutureTask.java:266)
	at java.util.concurrent.Executors$RunnableAdapter.call(Executors.java:511)
	at java.util.concurrent.FutureTask.run(FutureTask.java:266)
	at java.util.concurrent.ThreadPoolExecutor.runWorker(ThreadPoolExecutor.java:1149)
	at java.util.concurrent.ThreadPoolExecutor$Worker.run(ThreadPoolExecutor.java:624)
	... 1 more
Caused by: org.apache.ratis.thirdparty.io.netty.channel.AbstractChannel$AnnotatedConnectException: Connection refused: /192.168.5.134:46182
	at sun.nio.ch.SocketChannelImpl.checkConnect(Native Method)
	at sun.nio.ch.SocketChannelImpl.finishConnect(SocketChannelImpl.java:717)
	at org.apache.ratis.thirdparty.io.netty.channel.socket.nio.NioSocketChannel.doFinishConnect(NioSocketChannel.java:327)
	at org.apache.ratis.thirdparty.io.netty.channel.nio.AbstractNioChannel$AbstractNioUnsafe.finishConnect(AbstractNioChannel.java:340)
	at org.apache.ratis.thirdparty.io.netty.channel.nio.NioEventLoop.processSelectedKey(NioEventLoop.java:632)
	at org.apache.ratis.thirdparty.io.netty.channel.nio.NioEventLoop.processSelectedKeysOptimized(NioEventLoop.java:579)
	at org.apache.ratis.thirdparty.io.netty.channel.nio.NioEventLoop.processSelectedKeys(NioEventLoop.java:496)
	at org.apache.ratis.thirdparty.io.netty.channel.nio.NioEventLoop.run(NioEventLoop.java:458)
	at org.apache.ratis.thirdparty.io.netty.util.concurrent.SingleThreadEventExecutor$5.run(SingleThreadEventExecutor.java:897)
	at org.apache.ratis.thirdparty.io.netty.util.concurrent.FastThreadLocalRunnable.run(FastThreadLocalRunnable.java:30)
	... 1 more
Caused by: java.net.ConnectException: Connection refused
	... 11 more
2019-08-30 15:05:53,167 [fc5bbe82-8490-41a4-97d8-e34a13b8703c:group-D49D3A09B945:LeaderElection13] INFO  impl.LeaderElection (LeaderElection.java:logAndReturn(56)) - fc5bbe82-8490-41a4-97d8-e34a13b8703c:group-D49D3A09B945:LeaderElection13: Election REJECTED; received 0 response(s) [] and 2 exception(s); fc5bbe82-8490-41a4-97d8-e34a13b8703c:t3, leader=null, voted=fc5bbe82-8490-41a4-97d8-e34a13b8703c, raftlog=fc5bbe82-8490-41a4-97d8-e34a13b8703c-SegmentedRaftLog:OPENED:c16,f16,i16, conf=0: [fc5bbe82-8490-41a4-97d8-e34a13b8703c:192.168.5.134:35726, 56fefae5-2763-4634-a764-1d1f5af899ed:192.168.5.134:43177, ff806b18-47a3-461f-8103-ac239ab05d36:192.168.5.134:46182], old=null
2019-08-30 15:05:53,167 [fc5bbe82-8490-41a4-97d8-e34a13b8703c:group-D49D3A09B945:LeaderElection13] INFO  impl.LeaderElection (LogUtils.java:infoOrTrace(149)) -   Exception 0: {}
java.util.concurrent.ExecutionException: org.apache.ratis.thirdparty.io.grpc.StatusRuntimeException: UNAVAILABLE: io exception
	at java.util.concurrent.FutureTask.report(FutureTask.java:122)
	at java.util.concurrent.FutureTask.get(FutureTask.java:192)
	at org.apache.ratis.server.impl.LeaderElection.waitForResults(LeaderElection.java:262)
	at org.apache.ratis.server.impl.LeaderElection.askForVotes(LeaderElection.java:200)
	at org.apache.ratis.server.impl.LeaderElection.run(LeaderElection.java:130)
	at java.lang.Thread.run(Thread.java:748)
Caused by: org.apache.ratis.thirdparty.io.grpc.StatusRuntimeException: UNAVAILABLE: io exception
	at org.apache.ratis.thirdparty.io.grpc.stub.ClientCalls.toStatusRuntimeException(ClientCalls.java:233)
	at org.apache.ratis.thirdparty.io.grpc.stub.ClientCalls.getUnchecked(ClientCalls.java:214)
	at org.apache.ratis.thirdparty.io.grpc.stub.ClientCalls.blockingUnaryCall(ClientCalls.java:139)
	at org.apache.ratis.proto.grpc.RaftServerProtocolServiceGrpc$RaftServerProtocolServiceBlockingStub.requestVote(RaftServerProtocolServiceGrpc.java:265)
	at org.apache.ratis.grpc.server.GrpcServerProtocolClient.requestVote(GrpcServerProtocolClient.java:83)
	at org.apache.ratis.grpc.server.GrpcService.requestVote(GrpcService.java:195)
	at org.apache.ratis.server.impl.LeaderElection.lambda$submitRequests$1(LeaderElection.java:237)
	at java.util.concurrent.FutureTask.run(FutureTask.java:266)
	at java.util.concurrent.Executors$RunnableAdapter.call(Executors.java:511)
	at java.util.concurrent.FutureTask.run(FutureTask.java:266)
	at java.util.concurrent.ThreadPoolExecutor.runWorker(ThreadPoolExecutor.java:1149)
	at java.util.concurrent.ThreadPoolExecutor$Worker.run(ThreadPoolExecutor.java:624)
	... 1 more
Caused by: org.apache.ratis.thirdparty.io.netty.channel.AbstractChannel$AnnotatedConnectException: Connection refused: /192.168.5.134:43177
	at sun.nio.ch.SocketChannelImpl.checkConnect(Native Method)
	at sun.nio.ch.SocketChannelImpl.finishConnect(SocketChannelImpl.java:717)
	at org.apache.ratis.thirdparty.io.netty.channel.socket.nio.NioSocketChannel.doFinishConnect(NioSocketChannel.java:327)
	at org.apache.ratis.thirdparty.io.netty.channel.nio.AbstractNioChannel$AbstractNioUnsafe.finishConnect(AbstractNioChannel.java:340)
	at org.apache.ratis.thirdparty.io.netty.channel.nio.NioEventLoop.processSelectedKey(NioEventLoop.java:632)
	at org.apache.ratis.thirdparty.io.netty.channel.nio.NioEventLoop.processSelectedKeysOptimized(NioEventLoop.java:579)
	at org.apache.ratis.thirdparty.io.netty.channel.nio.NioEventLoop.processSelectedKeys(NioEventLoop.java:496)
	at org.apache.ratis.thirdparty.io.netty.channel.nio.NioEventLoop.run(NioEventLoop.java:458)
	at org.apache.ratis.thirdparty.io.netty.util.concurrent.SingleThreadEventExecutor$5.run(SingleThreadEventExecutor.java:897)
	at org.apache.ratis.thirdparty.io.netty.util.concurrent.FastThreadLocalRunnable.run(FastThreadLocalRunnable.java:30)
	... 1 more
Caused by: java.net.ConnectException: Connection refused
	... 11 more
2019-08-30 15:05:53,168 [fc5bbe82-8490-41a4-97d8-e34a13b8703c:group-D49D3A09B945:LeaderElection13] INFO  impl.LeaderElection (LogUtils.java:infoOrTrace(149)) -   Exception 1: {}
java.util.concurrent.ExecutionException: org.apache.ratis.thirdparty.io.grpc.StatusRuntimeException: UNAVAILABLE: io exception
	at java.util.concurrent.FutureTask.report(FutureTask.java:122)
	at java.util.concurrent.FutureTask.get(FutureTask.java:192)
	at org.apache.ratis.server.impl.LeaderElection.waitForResults(LeaderElection.java:262)
	at org.apache.ratis.server.impl.LeaderElection.askForVotes(LeaderElection.java:200)
	at org.apache.ratis.server.impl.LeaderElection.run(LeaderElection.java:130)
	at java.lang.Thread.run(Thread.java:748)
Caused by: org.apache.ratis.thirdparty.io.grpc.StatusRuntimeException: UNAVAILABLE: io exception
	at org.apache.ratis.thirdparty.io.grpc.stub.ClientCalls.toStatusRuntimeException(ClientCalls.java:233)
	at org.apache.ratis.thirdparty.io.grpc.stub.ClientCalls.getUnchecked(ClientCalls.java:214)
	at org.apache.ratis.thirdparty.io.grpc.stub.ClientCalls.blockingUnaryCall(ClientCalls.java:139)
	at org.apache.ratis.proto.grpc.RaftServerProtocolServiceGrpc$RaftServerProtocolServiceBlockingStub.requestVote(RaftServerProtocolServiceGrpc.java:265)
	at org.apache.ratis.grpc.server.GrpcServerProtocolClient.requestVote(GrpcServerProtocolClient.java:83)
	at org.apache.ratis.grpc.server.GrpcService.requestVote(GrpcService.java:195)
	at org.apache.ratis.server.impl.LeaderElection.lambda$submitRequests$1(LeaderElection.java:237)
	at java.util.concurrent.FutureTask.run(FutureTask.java:266)
	at java.util.concurrent.Executors$RunnableAdapter.call(Executors.java:511)
	at java.util.concurrent.FutureTask.run(FutureTask.java:266)
	at java.util.concurrent.ThreadPoolExecutor.runWorker(ThreadPoolExecutor.java:1149)
	at java.util.concurrent.ThreadPoolExecutor$Worker.run(ThreadPoolExecutor.java:624)
	... 1 more
Caused by: org.apache.ratis.thirdparty.io.netty.channel.AbstractChannel$AnnotatedConnectException: Connection refused: /192.168.5.134:46182
	at sun.nio.ch.SocketChannelImpl.checkConnect(Native Method)
	at sun.nio.ch.SocketChannelImpl.finishConnect(SocketChannelImpl.java:717)
	at org.apache.ratis.thirdparty.io.netty.channel.socket.nio.NioSocketChannel.doFinishConnect(NioSocketChannel.java:327)
	at org.apache.ratis.thirdparty.io.netty.channel.nio.AbstractNioChannel$AbstractNioUnsafe.finishConnect(AbstractNioChannel.java:340)
	at org.apache.ratis.thirdparty.io.netty.channel.nio.NioEventLoop.processSelectedKey(NioEventLoop.java:632)
	at org.apache.ratis.thirdparty.io.netty.channel.nio.NioEventLoop.processSelectedKeysOptimized(NioEventLoop.java:579)
	at org.apache.ratis.thirdparty.io.netty.channel.nio.NioEventLoop.processSelectedKeys(NioEventLoop.java:496)
	at org.apache.ratis.thirdparty.io.netty.channel.nio.NioEventLoop.run(NioEventLoop.java:458)
	at org.apache.ratis.thirdparty.io.netty.util.concurrent.SingleThreadEventExecutor$5.run(SingleThreadEventExecutor.java:897)
	at org.apache.ratis.thirdparty.io.netty.util.concurrent.FastThreadLocalRunnable.run(FastThreadLocalRunnable.java:30)
	... 1 more
Caused by: java.net.ConnectException: Connection refused
	... 11 more
2019-08-30 15:05:53,168 [fc5bbe82-8490-41a4-97d8-e34a13b8703c:group-D49D3A09B945:LeaderElection13] INFO  impl.RaftServerImpl (RaftServerImpl.java:setRole(171)) - fc5bbe82-8490-41a4-97d8-e34a13b8703c:group-D49D3A09B945 changes role from CANDIDATE to FOLLOWER at term 3 for DISCOVERED_A_NEW_TERM
2019-08-30 15:05:53,168 [fc5bbe82-8490-41a4-97d8-e34a13b8703c:group-D49D3A09B945:LeaderElection13] INFO  impl.RoleInfo (RoleInfo.java:shutdownLeaderElection(134)) - fc5bbe82-8490-41a4-97d8-e34a13b8703c: shutdown LeaderElection
2019-08-30 15:05:53,170 [fc5bbe82-8490-41a4-97d8-e34a13b8703c:group-D49D3A09B945:LeaderElection13] INFO  impl.RoleInfo (RoleInfo.java:updateAndGet(143)) - fc5bbe82-8490-41a4-97d8-e34a13b8703c: start FollowerState
2019-08-30 15:05:53,223 | INFO  | SCMAudit | user=jenkins1000 | ip=192.168.5.134 | op=SEND_HEARTBEAT {datanodeUUID=fc5bbe82-8490-41a4-97d8-e34a13b8703c, command=[]} | ret=SUCCESS |  
2019-08-30 15:05:53,227 | INFO  | SCMAudit | user=jenkins1000 | ip=192.168.5.134 | op=SEND_HEARTBEAT {datanodeUUID=d5adc888-1e0a-4c25-807e-09fade1f1b41, command=[]} | ret=SUCCESS |  
2019-08-30 15:05:53,282 | INFO  | SCMAudit | user=jenkins1000 | ip=192.168.5.134 | op=SEND_HEARTBEAT {datanodeUUID=051f1e26-d98e-44a9-be86-7d4b3c80ff32, command=[]} | ret=SUCCESS |  
2019-08-30 15:05:53,942 | INFO  | SCMAudit | user=jenkins1000 | ip=192.168.5.134 | op=SEND_HEARTBEAT {datanodeUUID=f7e068fb-6143-4078-8f73-64e97620f45b, command=[]} | ret=SUCCESS |  
2019-08-30 15:05:54,023 | INFO  | SCMAudit | user=jenkins1000 | ip=192.168.5.134 | op=SEND_HEARTBEAT {datanodeUUID=a7864295-ee65-4810-9484-3806f14c48e5, command=[]} | ret=SUCCESS |  
2019-08-30 15:05:54,223 | INFO  | SCMAudit | user=jenkins1000 | ip=192.168.5.134 | op=SEND_HEARTBEAT {datanodeUUID=fc5bbe82-8490-41a4-97d8-e34a13b8703c, command=[]} | ret=SUCCESS |  
2019-08-30 15:05:54,227 | INFO  | SCMAudit | user=jenkins1000 | ip=192.168.5.134 | op=SEND_HEARTBEAT {datanodeUUID=d5adc888-1e0a-4c25-807e-09fade1f1b41, command=[]} | ret=SUCCESS |  
2019-08-30 15:05:54,281 | INFO  | SCMAudit | user=jenkins1000 | ip=192.168.5.134 | op=SEND_HEARTBEAT {datanodeUUID=051f1e26-d98e-44a9-be86-7d4b3c80ff32, command=[]} | ret=SUCCESS |  
2019-08-30 15:05:54,942 | INFO  | SCMAudit | user=jenkins1000 | ip=192.168.5.134 | op=SEND_HEARTBEAT {datanodeUUID=f7e068fb-6143-4078-8f73-64e97620f45b, command=[]} | ret=SUCCESS |  
2019-08-30 15:05:55,023 | INFO  | SCMAudit | user=jenkins1000 | ip=192.168.5.134 | op=SEND_HEARTBEAT {datanodeUUID=a7864295-ee65-4810-9484-3806f14c48e5, command=[]} | ret=SUCCESS |  
2019-08-30 15:05:55,224 | INFO  | SCMAudit | user=jenkins1000 | ip=192.168.5.134 | op=SEND_HEARTBEAT {datanodeUUID=fc5bbe82-8490-41a4-97d8-e34a13b8703c, command=[]} | ret=SUCCESS |  
2019-08-30 15:05:55,225 [grpc-default-executor-1] INFO  client.GrpcClientProtocolClient (GrpcClientProtocolClient.java:onNext(255)) - client-29B5ABD7A86F->fc5bbe82-8490-41a4-97d8-e34a13b8703c: receive RaftClientReply:client-29B5ABD7A86F->fc5bbe82-8490-41a4-97d8-e34a13b8703c@group-D49D3A09B945, cid=22, FAILED org.apache.ratis.protocol.NotLeaderException: Server fc5bbe82-8490-41a4-97d8-e34a13b8703c is not the leader (null). Request must be sent to leader., logIndex=0, commits[fc5bbe82-8490-41a4-97d8-e34a13b8703c:c16, 56fefae5-2763-4634-a764-1d1f5af899ed:c16, ff806b18-47a3-461f-8103-ac239ab05d36:c16]
2019-08-30 15:05:55,234 | INFO  | SCMAudit | user=jenkins1000 | ip=192.168.5.134 | op=SEND_HEARTBEAT {datanodeUUID=d5adc888-1e0a-4c25-807e-09fade1f1b41, command=[]} | ret=SUCCESS |  
2019-08-30 15:05:55,281 | INFO  | SCMAudit | user=jenkins1000 | ip=192.168.5.134 | op=SEND_HEARTBEAT {datanodeUUID=051f1e26-d98e-44a9-be86-7d4b3c80ff32, command=[]} | ret=SUCCESS |  
2019-08-30 15:05:55,942 | INFO  | SCMAudit | user=jenkins1000 | ip=192.168.5.134 | op=SEND_HEARTBEAT {datanodeUUID=f7e068fb-6143-4078-8f73-64e97620f45b, command=[]} | ret=SUCCESS |  
2019-08-30 15:05:56,023 | INFO  | SCMAudit | user=jenkins1000 | ip=192.168.5.134 | op=SEND_HEARTBEAT {datanodeUUID=a7864295-ee65-4810-9484-3806f14c48e5, command=[]} | ret=SUCCESS |  
2019-08-30 15:05:56,223 | INFO  | SCMAudit | user=jenkins1000 | ip=192.168.5.134 | op=SEND_HEARTBEAT {datanodeUUID=fc5bbe82-8490-41a4-97d8-e34a13b8703c, command=[]} | ret=SUCCESS |  
2019-08-30 15:05:56,229 | INFO  | SCMAudit | user=jenkins1000 | ip=192.168.5.134 | op=SEND_HEARTBEAT {datanodeUUID=d5adc888-1e0a-4c25-807e-09fade1f1b41, command=[]} | ret=SUCCESS |  
2019-08-30 15:05:56,281 | INFO  | SCMAudit | user=jenkins1000 | ip=192.168.5.134 | op=SEND_HEARTBEAT {datanodeUUID=051f1e26-d98e-44a9-be86-7d4b3c80ff32, command=[]} | ret=SUCCESS |  
2019-08-30 15:05:56,943 | INFO  | SCMAudit | user=jenkins1000 | ip=192.168.5.134 | op=SEND_HEARTBEAT {datanodeUUID=f7e068fb-6143-4078-8f73-64e97620f45b, command=[]} | ret=SUCCESS |  
2019-08-30 15:05:57,023 | INFO  | SCMAudit | user=jenkins1000 | ip=192.168.5.134 | op=SEND_HEARTBEAT {datanodeUUID=a7864295-ee65-4810-9484-3806f14c48e5, command=[]} | ret=SUCCESS |  
2019-08-30 15:05:57,223 | INFO  | SCMAudit | user=jenkins1000 | ip=192.168.5.134 | op=SEND_HEARTBEAT {datanodeUUID=fc5bbe82-8490-41a4-97d8-e34a13b8703c, command=[]} | ret=SUCCESS |  
2019-08-30 15:05:57,229 | INFO  | SCMAudit | user=jenkins1000 | ip=192.168.5.134 | op=SEND_HEARTBEAT {datanodeUUID=d5adc888-1e0a-4c25-807e-09fade1f1b41, command=[]} | ret=SUCCESS |  
2019-08-30 15:05:57,282 | INFO  | SCMAudit | user=jenkins1000 | ip=192.168.5.134 | op=SEND_HEARTBEAT {datanodeUUID=051f1e26-d98e-44a9-be86-7d4b3c80ff32, command=[]} | ret=SUCCESS |  
2019-08-30 15:05:57,942 | INFO  | SCMAudit | user=jenkins1000 | ip=192.168.5.134 | op=SEND_HEARTBEAT {datanodeUUID=f7e068fb-6143-4078-8f73-64e97620f45b, command=[]} | ret=SUCCESS |  
2019-08-30 15:05:58,023 | INFO  | SCMAudit | user=jenkins1000 | ip=192.168.5.134 | op=SEND_HEARTBEAT {datanodeUUID=a7864295-ee65-4810-9484-3806f14c48e5, command=[]} | ret=SUCCESS |  
2019-08-30 15:05:58,223 | INFO  | SCMAudit | user=jenkins1000 | ip=192.168.5.134 | op=SEND_HEARTBEAT {datanodeUUID=fc5bbe82-8490-41a4-97d8-e34a13b8703c, command=[]} | ret=SUCCESS |  
2019-08-30 15:05:58,229 | INFO  | SCMAudit | user=jenkins1000 | ip=192.168.5.134 | op=SEND_HEARTBEAT {datanodeUUID=d5adc888-1e0a-4c25-807e-09fade1f1b41, command=[]} | ret=SUCCESS |  
2019-08-30 15:05:58,269 [Thread-443] INFO  impl.FollowerState (FollowerState.java:run(106)) - fc5bbe82-8490-41a4-97d8-e34a13b8703c:group-D49D3A09B945 changes to CANDIDATE, lastRpcTime:5099, electionTimeout:5097ms
2019-08-30 15:05:58,269 [Thread-443] INFO  impl.RoleInfo (RoleInfo.java:shutdownFollowerState(121)) - fc5bbe82-8490-41a4-97d8-e34a13b8703c: shutdown FollowerState
2019-08-30 15:05:58,270 [Thread-443] INFO  impl.RaftServerImpl (RaftServerImpl.java:setRole(171)) - fc5bbe82-8490-41a4-97d8-e34a13b8703c:group-D49D3A09B945 changes role from FOLLOWER to CANDIDATE at term 3 for changeToCandidate
2019-08-30 15:05:58,270 [Thread-443] INFO  impl.RoleInfo (RoleInfo.java:updateAndGet(143)) - fc5bbe82-8490-41a4-97d8-e34a13b8703c: start LeaderElection
2019-08-30 15:05:58,298 | INFO  | SCMAudit | user=jenkins1000 | ip=192.168.5.134 | op=SEND_HEARTBEAT {datanodeUUID=051f1e26-d98e-44a9-be86-7d4b3c80ff32, command=[]} | ret=SUCCESS |  
2019-08-30 15:05:58,302 [fc5bbe82-8490-41a4-97d8-e34a13b8703c:group-D49D3A09B945:LeaderElection14] INFO  impl.LeaderElection (LeaderElection.java:askForVotes(181)) - fc5bbe82-8490-41a4-97d8-e34a13b8703c:group-D49D3A09B945:LeaderElection14: begin an election at term 4 for 0: [fc5bbe82-8490-41a4-97d8-e34a13b8703c:192.168.5.134:35726, 56fefae5-2763-4634-a764-1d1f5af899ed:192.168.5.134:43177, ff806b18-47a3-461f-8103-ac239ab05d36:192.168.5.134:46182], old=null
2019-08-30 15:05:58,303 [fc5bbe82-8490-41a4-97d8-e34a13b8703c:group-D49D3A09B945:LeaderElection14] INFO  impl.LeaderElection (LogUtils.java:infoOrTrace(149)) - fc5bbe82-8490-41a4-97d8-e34a13b8703c:group-D49D3A09B945:LeaderElection14 got exception when requesting votes: {}
java.util.concurrent.ExecutionException: org.apache.ratis.thirdparty.io.grpc.StatusRuntimeException: UNAVAILABLE: io exception
	at java.util.concurrent.FutureTask.report(FutureTask.java:122)
	at java.util.concurrent.FutureTask.get(FutureTask.java:192)
	at org.apache.ratis.server.impl.LeaderElection.waitForResults(LeaderElection.java:262)
	at org.apache.ratis.server.impl.LeaderElection.askForVotes(LeaderElection.java:200)
	at org.apache.ratis.server.impl.LeaderElection.run(LeaderElection.java:130)
	at java.lang.Thread.run(Thread.java:748)
Caused by: org.apache.ratis.thirdparty.io.grpc.StatusRuntimeException: UNAVAILABLE: io exception
	at org.apache.ratis.thirdparty.io.grpc.stub.ClientCalls.toStatusRuntimeException(ClientCalls.java:233)
	at org.apache.ratis.thirdparty.io.grpc.stub.ClientCalls.getUnchecked(ClientCalls.java:214)
	at org.apache.ratis.thirdparty.io.grpc.stub.ClientCalls.blockingUnaryCall(ClientCalls.java:139)
	at org.apache.ratis.proto.grpc.RaftServerProtocolServiceGrpc$RaftServerProtocolServiceBlockingStub.requestVote(RaftServerProtocolServiceGrpc.java:265)
	at org.apache.ratis.grpc.server.GrpcServerProtocolClient.requestVote(GrpcServerProtocolClient.java:83)
	at org.apache.ratis.grpc.server.GrpcService.requestVote(GrpcService.java:195)
	at org.apache.ratis.server.impl.LeaderElection.lambda$submitRequests$1(LeaderElection.java:237)
	at java.util.concurrent.FutureTask.run(FutureTask.java:266)
	at java.util.concurrent.Executors$RunnableAdapter.call(Executors.java:511)
	at java.util.concurrent.FutureTask.run(FutureTask.java:266)
	at java.util.concurrent.ThreadPoolExecutor.runWorker(ThreadPoolExecutor.java:1149)
	at java.util.concurrent.ThreadPoolExecutor$Worker.run(ThreadPoolExecutor.java:624)
	... 1 more
Caused by: org.apache.ratis.thirdparty.io.netty.channel.AbstractChannel$AnnotatedConnectException: Connection refused: /192.168.5.134:43177
	at sun.nio.ch.SocketChannelImpl.checkConnect(Native Method)
	at sun.nio.ch.SocketChannelImpl.finishConnect(SocketChannelImpl.java:717)
	at org.apache.ratis.thirdparty.io.netty.channel.socket.nio.NioSocketChannel.doFinishConnect(NioSocketChannel.java:327)
	at org.apache.ratis.thirdparty.io.netty.channel.nio.AbstractNioChannel$AbstractNioUnsafe.finishConnect(AbstractNioChannel.java:340)
	at org.apache.ratis.thirdparty.io.netty.channel.nio.NioEventLoop.processSelectedKey(NioEventLoop.java:632)
	at org.apache.ratis.thirdparty.io.netty.channel.nio.NioEventLoop.processSelectedKeysOptimized(NioEventLoop.java:579)
	at org.apache.ratis.thirdparty.io.netty.channel.nio.NioEventLoop.processSelectedKeys(NioEventLoop.java:496)
	at org.apache.ratis.thirdparty.io.netty.channel.nio.NioEventLoop.run(NioEventLoop.java:458)
	at org.apache.ratis.thirdparty.io.netty.util.concurrent.SingleThreadEventExecutor$5.run(SingleThreadEventExecutor.java:897)
	at org.apache.ratis.thirdparty.io.netty.util.concurrent.FastThreadLocalRunnable.run(FastThreadLocalRunnable.java:30)
	... 1 more
Caused by: java.net.ConnectException: Connection refused
	... 11 more
2019-08-30 15:05:58,305 [fc5bbe82-8490-41a4-97d8-e34a13b8703c:group-D49D3A09B945:LeaderElection14] INFO  impl.LeaderElection (LogUtils.java:infoOrTrace(149)) - fc5bbe82-8490-41a4-97d8-e34a13b8703c:group-D49D3A09B945:LeaderElection14 got exception when requesting votes: {}
java.util.concurrent.ExecutionException: org.apache.ratis.thirdparty.io.grpc.StatusRuntimeException: UNAVAILABLE: io exception
	at java.util.concurrent.FutureTask.report(FutureTask.java:122)
	at java.util.concurrent.FutureTask.get(FutureTask.java:192)
	at org.apache.ratis.server.impl.LeaderElection.waitForResults(LeaderElection.java:262)
	at org.apache.ratis.server.impl.LeaderElection.askForVotes(LeaderElection.java:200)
	at org.apache.ratis.server.impl.LeaderElection.run(LeaderElection.java:130)
	at java.lang.Thread.run(Thread.java:748)
Caused by: org.apache.ratis.thirdparty.io.grpc.StatusRuntimeException: UNAVAILABLE: io exception
	at org.apache.ratis.thirdparty.io.grpc.stub.ClientCalls.toStatusRuntimeException(ClientCalls.java:233)
	at org.apache.ratis.thirdparty.io.grpc.stub.ClientCalls.getUnchecked(ClientCalls.java:214)
	at org.apache.ratis.thirdparty.io.grpc.stub.ClientCalls.blockingUnaryCall(ClientCalls.java:139)
	at org.apache.ratis.proto.grpc.RaftServerProtocolServiceGrpc$RaftServerProtocolServiceBlockingStub.requestVote(RaftServerProtocolServiceGrpc.java:265)
	at org.apache.ratis.grpc.server.GrpcServerProtocolClient.requestVote(GrpcServerProtocolClient.java:83)
	at org.apache.ratis.grpc.server.GrpcService.requestVote(GrpcService.java:195)
	at org.apache.ratis.server.impl.LeaderElection.lambda$submitRequests$1(LeaderElection.java:237)
	at java.util.concurrent.FutureTask.run(FutureTask.java:266)
	at java.util.concurrent.Executors$RunnableAdapter.call(Executors.java:511)
	at java.util.concurrent.FutureTask.run(FutureTask.java:266)
	at java.util.concurrent.ThreadPoolExecutor.runWorker(ThreadPoolExecutor.java:1149)
	at java.util.concurrent.ThreadPoolExecutor$Worker.run(ThreadPoolExecutor.java:624)
	... 1 more
Caused by: org.apache.ratis.thirdparty.io.netty.channel.AbstractChannel$AnnotatedConnectException: Connection refused: /192.168.5.134:46182
	at sun.nio.ch.SocketChannelImpl.checkConnect(Native Method)
	at sun.nio.ch.SocketChannelImpl.finishConnect(SocketChannelImpl.java:717)
	at org.apache.ratis.thirdparty.io.netty.channel.socket.nio.NioSocketChannel.doFinishConnect(NioSocketChannel.java:327)
	at org.apache.ratis.thirdparty.io.netty.channel.nio.AbstractNioChannel$AbstractNioUnsafe.finishConnect(AbstractNioChannel.java:340)
	at org.apache.ratis.thirdparty.io.netty.channel.nio.NioEventLoop.processSelectedKey(NioEventLoop.java:632)
	at org.apache.ratis.thirdparty.io.netty.channel.nio.NioEventLoop.processSelectedKeysOptimized(NioEventLoop.java:579)
	at org.apache.ratis.thirdparty.io.netty.channel.nio.NioEventLoop.processSelectedKeys(NioEventLoop.java:496)
	at org.apache.ratis.thirdparty.io.netty.channel.nio.NioEventLoop.run(NioEventLoop.java:458)
	at org.apache.ratis.thirdparty.io.netty.util.concurrent.SingleThreadEventExecutor$5.run(SingleThreadEventExecutor.java:897)
	at org.apache.ratis.thirdparty.io.netty.util.concurrent.FastThreadLocalRunnable.run(FastThreadLocalRunnable.java:30)
	... 1 more
Caused by: java.net.ConnectException: Connection refused
	... 11 more
2019-08-30 15:05:58,308 [fc5bbe82-8490-41a4-97d8-e34a13b8703c:group-D49D3A09B945:LeaderElection14] INFO  impl.LeaderElection (LeaderElection.java:logAndReturn(56)) - fc5bbe82-8490-41a4-97d8-e34a13b8703c:group-D49D3A09B945:LeaderElection14: Election REJECTED; received 0 response(s) [] and 2 exception(s); fc5bbe82-8490-41a4-97d8-e34a13b8703c:t4, leader=null, voted=fc5bbe82-8490-41a4-97d8-e34a13b8703c, raftlog=fc5bbe82-8490-41a4-97d8-e34a13b8703c-SegmentedRaftLog:OPENED:c16,f16,i16, conf=0: [fc5bbe82-8490-41a4-97d8-e34a13b8703c:192.168.5.134:35726, 56fefae5-2763-4634-a764-1d1f5af899ed:192.168.5.134:43177, ff806b18-47a3-461f-8103-ac239ab05d36:192.168.5.134:46182], old=null
2019-08-30 15:05:58,308 [fc5bbe82-8490-41a4-97d8-e34a13b8703c:group-D49D3A09B945:LeaderElection14] INFO  impl.LeaderElection (LogUtils.java:infoOrTrace(149)) -   Exception 0: {}
java.util.concurrent.ExecutionException: org.apache.ratis.thirdparty.io.grpc.StatusRuntimeException: UNAVAILABLE: io exception
	at java.util.concurrent.FutureTask.report(FutureTask.java:122)
	at java.util.concurrent.FutureTask.get(FutureTask.java:192)
	at org.apache.ratis.server.impl.LeaderElection.waitForResults(LeaderElection.java:262)
	at org.apache.ratis.server.impl.LeaderElection.askForVotes(LeaderElection.java:200)
	at org.apache.ratis.server.impl.LeaderElection.run(LeaderElection.java:130)
	at java.lang.Thread.run(Thread.java:748)
Caused by: org.apache.ratis.thirdparty.io.grpc.StatusRuntimeException: UNAVAILABLE: io exception
	at org.apache.ratis.thirdparty.io.grpc.stub.ClientCalls.toStatusRuntimeException(ClientCalls.java:233)
	at org.apache.ratis.thirdparty.io.grpc.stub.ClientCalls.getUnchecked(ClientCalls.java:214)
	at org.apache.ratis.thirdparty.io.grpc.stub.ClientCalls.blockingUnaryCall(ClientCalls.java:139)
	at org.apache.ratis.proto.grpc.RaftServerProtocolServiceGrpc$RaftServerProtocolServiceBlockingStub.requestVote(RaftServerProtocolServiceGrpc.java:265)
	at org.apache.ratis.grpc.server.GrpcServerProtocolClient.requestVote(GrpcServerProtocolClient.java:83)
	at org.apache.ratis.grpc.server.GrpcService.requestVote(GrpcService.java:195)
	at org.apache.ratis.server.impl.LeaderElection.lambda$submitRequests$1(LeaderElection.java:237)
	at java.util.concurrent.FutureTask.run(FutureTask.java:266)
	at java.util.concurrent.Executors$RunnableAdapter.call(Executors.java:511)
	at java.util.concurrent.FutureTask.run(FutureTask.java:266)
	at java.util.concurrent.ThreadPoolExecutor.runWorker(ThreadPoolExecutor.java:1149)
	at java.util.concurrent.ThreadPoolExecutor$Worker.run(ThreadPoolExecutor.java:624)
	... 1 more
Caused by: org.apache.ratis.thirdparty.io.netty.channel.AbstractChannel$AnnotatedConnectException: Connection refused: /192.168.5.134:43177
	at sun.nio.ch.SocketChannelImpl.checkConnect(Native Method)
	at sun.nio.ch.SocketChannelImpl.finishConnect(SocketChannelImpl.java:717)
	at org.apache.ratis.thirdparty.io.netty.channel.socket.nio.NioSocketChannel.doFinishConnect(NioSocketChannel.java:327)
	at org.apache.ratis.thirdparty.io.netty.channel.nio.AbstractNioChannel$AbstractNioUnsafe.finishConnect(AbstractNioChannel.java:340)
	at org.apache.ratis.thirdparty.io.netty.channel.nio.NioEventLoop.processSelectedKey(NioEventLoop.java:632)
	at org.apache.ratis.thirdparty.io.netty.channel.nio.NioEventLoop.processSelectedKeysOptimized(NioEventLoop.java:579)
	at org.apache.ratis.thirdparty.io.netty.channel.nio.NioEventLoop.processSelectedKeys(NioEventLoop.java:496)
	at org.apache.ratis.thirdparty.io.netty.channel.nio.NioEventLoop.run(NioEventLoop.java:458)
	at org.apache.ratis.thirdparty.io.netty.util.concurrent.SingleThreadEventExecutor$5.run(SingleThreadEventExecutor.java:897)
	at org.apache.ratis.thirdparty.io.netty.util.concurrent.FastThreadLocalRunnable.run(FastThreadLocalRunnable.java:30)
	... 1 more
Caused by: java.net.ConnectException: Connection refused
	... 11 more
2019-08-30 15:05:58,308 [fc5bbe82-8490-41a4-97d8-e34a13b8703c:group-D49D3A09B945:LeaderElection14] INFO  impl.LeaderElection (LogUtils.java:infoOrTrace(149)) -   Exception 1: {}
java.util.concurrent.ExecutionException: org.apache.ratis.thirdparty.io.grpc.StatusRuntimeException: UNAVAILABLE: io exception
	at java.util.concurrent.FutureTask.report(FutureTask.java:122)
	at java.util.concurrent.FutureTask.get(FutureTask.java:192)
	at org.apache.ratis.server.impl.LeaderElection.waitForResults(LeaderElection.java:262)
	at org.apache.ratis.server.impl.LeaderElection.askForVotes(LeaderElection.java:200)
	at org.apache.ratis.server.impl.LeaderElection.run(LeaderElection.java:130)
	at java.lang.Thread.run(Thread.java:748)
Caused by: org.apache.ratis.thirdparty.io.grpc.StatusRuntimeException: UNAVAILABLE: io exception
	at org.apache.ratis.thirdparty.io.grpc.stub.ClientCalls.toStatusRuntimeException(ClientCalls.java:233)
	at org.apache.ratis.thirdparty.io.grpc.stub.ClientCalls.getUnchecked(ClientCalls.java:214)
	at org.apache.ratis.thirdparty.io.grpc.stub.ClientCalls.blockingUnaryCall(ClientCalls.java:139)
	at org.apache.ratis.proto.grpc.RaftServerProtocolServiceGrpc$RaftServerProtocolServiceBlockingStub.requestVote(RaftServerProtocolServiceGrpc.java:265)
	at org.apache.ratis.grpc.server.GrpcServerProtocolClient.requestVote(GrpcServerProtocolClient.java:83)
	at org.apache.ratis.grpc.server.GrpcService.requestVote(GrpcService.java:195)
	at org.apache.ratis.server.impl.LeaderElection.lambda$submitRequests$1(LeaderElection.java:237)
	at java.util.concurrent.FutureTask.run(FutureTask.java:266)
	at java.util.concurrent.Executors$RunnableAdapter.call(Executors.java:511)
	at java.util.concurrent.FutureTask.run(FutureTask.java:266)
	at java.util.concurrent.ThreadPoolExecutor.runWorker(ThreadPoolExecutor.java:1149)
	at java.util.concurrent.ThreadPoolExecutor$Worker.run(ThreadPoolExecutor.java:624)
	... 1 more
Caused by: org.apache.ratis.thirdparty.io.netty.channel.AbstractChannel$AnnotatedConnectException: Connection refused: /192.168.5.134:46182
	at sun.nio.ch.SocketChannelImpl.checkConnect(Native Method)
	at sun.nio.ch.SocketChannelImpl.finishConnect(SocketChannelImpl.java:717)
	at org.apache.ratis.thirdparty.io.netty.channel.socket.nio.NioSocketChannel.doFinishConnect(NioSocketChannel.java:327)
	at org.apache.ratis.thirdparty.io.netty.channel.nio.AbstractNioChannel$AbstractNioUnsafe.finishConnect(AbstractNioChannel.java:340)
	at org.apache.ratis.thirdparty.io.netty.channel.nio.NioEventLoop.processSelectedKey(NioEventLoop.java:632)
	at org.apache.ratis.thirdparty.io.netty.channel.nio.NioEventLoop.processSelectedKeysOptimized(NioEventLoop.java:579)
	at org.apache.ratis.thirdparty.io.netty.channel.nio.NioEventLoop.processSelectedKeys(NioEventLoop.java:496)
	at org.apache.ratis.thirdparty.io.netty.channel.nio.NioEventLoop.run(NioEventLoop.java:458)
	at org.apache.ratis.thirdparty.io.netty.util.concurrent.SingleThreadEventExecutor$5.run(SingleThreadEventExecutor.java:897)
	at org.apache.ratis.thirdparty.io.netty.util.concurrent.FastThreadLocalRunnable.run(FastThreadLocalRunnable.java:30)
	... 1 more
Caused by: java.net.ConnectException: Connection refused
	... 11 more
2019-08-30 15:05:58,309 [fc5bbe82-8490-41a4-97d8-e34a13b8703c:group-D49D3A09B945:LeaderElection14] INFO  impl.RaftServerImpl (RaftServerImpl.java:setRole(171)) - fc5bbe82-8490-41a4-97d8-e34a13b8703c:group-D49D3A09B945 changes role from CANDIDATE to FOLLOWER at term 4 for DISCOVERED_A_NEW_TERM
2019-08-30 15:05:58,309 [fc5bbe82-8490-41a4-97d8-e34a13b8703c:group-D49D3A09B945:LeaderElection14] INFO  impl.RoleInfo (RoleInfo.java:shutdownLeaderElection(134)) - fc5bbe82-8490-41a4-97d8-e34a13b8703c: shutdown LeaderElection
2019-08-30 15:05:58,310 [fc5bbe82-8490-41a4-97d8-e34a13b8703c:group-D49D3A09B945:LeaderElection14] INFO  impl.RoleInfo (RoleInfo.java:updateAndGet(143)) - fc5bbe82-8490-41a4-97d8-e34a13b8703c: start FollowerState
2019-08-30 15:05:58,943 | INFO  | SCMAudit | user=jenkins1000 | ip=192.168.5.134 | op=SEND_HEARTBEAT {datanodeUUID=f7e068fb-6143-4078-8f73-64e97620f45b, command=[]} | ret=SUCCESS |  
2019-08-30 15:05:59,022 | INFO  | SCMAudit | user=jenkins1000 | ip=192.168.5.134 | op=SEND_HEARTBEAT {datanodeUUID=a7864295-ee65-4810-9484-3806f14c48e5, command=[]} | ret=SUCCESS |  
2019-08-30 15:05:59,223 | INFO  | SCMAudit | user=jenkins1000 | ip=192.168.5.134 | op=SEND_HEARTBEAT {datanodeUUID=fc5bbe82-8490-41a4-97d8-e34a13b8703c, command=[]} | ret=SUCCESS |  
2019-08-30 15:05:59,229 | INFO  | SCMAudit | user=jenkins1000 | ip=192.168.5.134 | op=SEND_HEARTBEAT {datanodeUUID=d5adc888-1e0a-4c25-807e-09fade1f1b41, command=[]} | ret=SUCCESS |  
2019-08-30 15:05:59,286 | INFO  | SCMAudit | user=jenkins1000 | ip=192.168.5.134 | op=SEND_HEARTBEAT {datanodeUUID=051f1e26-d98e-44a9-be86-7d4b3c80ff32, command=[]} | ret=SUCCESS |  
2019-08-30 15:05:59,943 | INFO  | SCMAudit | user=jenkins1000 | ip=192.168.5.134 | op=SEND_HEARTBEAT {datanodeUUID=f7e068fb-6143-4078-8f73-64e97620f45b, command=[]} | ret=SUCCESS |  
2019-08-30 15:06:00,023 | INFO  | SCMAudit | user=jenkins1000 | ip=192.168.5.134 | op=SEND_HEARTBEAT {datanodeUUID=a7864295-ee65-4810-9484-3806f14c48e5, command=[]} | ret=SUCCESS |  
2019-08-30 15:06:00,224 | INFO  | SCMAudit | user=jenkins1000 | ip=192.168.5.134 | op=SEND_HEARTBEAT {datanodeUUID=fc5bbe82-8490-41a4-97d8-e34a13b8703c, command=[]} | ret=SUCCESS |  
2019-08-30 15:06:00,229 | INFO  | SCMAudit | user=jenkins1000 | ip=192.168.5.134 | op=SEND_HEARTBEAT {datanodeUUID=d5adc888-1e0a-4c25-807e-09fade1f1b41, command=[]} | ret=SUCCESS |  
2019-08-30 15:06:00,285 | INFO  | SCMAudit | user=jenkins1000 | ip=192.168.5.134 | op=SEND_HEARTBEAT {datanodeUUID=051f1e26-d98e-44a9-be86-7d4b3c80ff32, command=[]} | ret=SUCCESS |  
2019-08-30 15:06:00,341 [grpc-default-executor-4] INFO  client.GrpcClientProtocolClient (GrpcClientProtocolClient.java:onNext(255)) - client-29B5ABD7A86F->fc5bbe82-8490-41a4-97d8-e34a13b8703c: receive RaftClientReply:client-29B5ABD7A86F->fc5bbe82-8490-41a4-97d8-e34a13b8703c@group-D49D3A09B945, cid=22, FAILED org.apache.ratis.protocol.NotLeaderException: Server fc5bbe82-8490-41a4-97d8-e34a13b8703c is not the leader (null). Request must be sent to leader., logIndex=0, commits[fc5bbe82-8490-41a4-97d8-e34a13b8703c:c16, 56fefae5-2763-4634-a764-1d1f5af899ed:c16, ff806b18-47a3-461f-8103-ac239ab05d36:c16]
2019-08-30 15:06:00,942 | INFO  | SCMAudit | user=jenkins1000 | ip=192.168.5.134 | op=SEND_HEARTBEAT {datanodeUUID=f7e068fb-6143-4078-8f73-64e97620f45b, command=[]} | ret=SUCCESS |  
2019-08-30 15:06:01,023 | INFO  | SCMAudit | user=jenkins1000 | ip=192.168.5.134 | op=SEND_HEARTBEAT {datanodeUUID=a7864295-ee65-4810-9484-3806f14c48e5, command=[]} | ret=SUCCESS |  
2019-08-30 15:06:01,224 | INFO  | SCMAudit | user=jenkins1000 | ip=192.168.5.134 | op=SEND_HEARTBEAT {datanodeUUID=fc5bbe82-8490-41a4-97d8-e34a13b8703c, command=[]} | ret=SUCCESS |  
2019-08-30 15:06:01,229 | INFO  | SCMAudit | user=jenkins1000 | ip=192.168.5.134 | op=SEND_HEARTBEAT {datanodeUUID=d5adc888-1e0a-4c25-807e-09fade1f1b41, command=[]} | ret=SUCCESS |  
2019-08-30 15:06:01,285 | INFO  | SCMAudit | user=jenkins1000 | ip=192.168.5.134 | op=SEND_HEARTBEAT {datanodeUUID=051f1e26-d98e-44a9-be86-7d4b3c80ff32, command=[]} | ret=SUCCESS |  
2019-08-30 15:06:01,943 | INFO  | SCMAudit | user=jenkins1000 | ip=192.168.5.134 | op=SEND_HEARTBEAT {datanodeUUID=f7e068fb-6143-4078-8f73-64e97620f45b, command=[]} | ret=SUCCESS |  
2019-08-30 15:06:02,023 | INFO  | SCMAudit | user=jenkins1000 | ip=192.168.5.134 | op=SEND_HEARTBEAT {datanodeUUID=a7864295-ee65-4810-9484-3806f14c48e5, command=[]} | ret=SUCCESS |  
2019-08-30 15:06:02,224 | INFO  | SCMAudit | user=jenkins1000 | ip=192.168.5.134 | op=SEND_HEARTBEAT {datanodeUUID=fc5bbe82-8490-41a4-97d8-e34a13b8703c, command=[]} | ret=SUCCESS |  
2019-08-30 15:06:02,229 | INFO  | SCMAudit | user=jenkins1000 | ip=192.168.5.134 | op=SEND_HEARTBEAT {datanodeUUID=d5adc888-1e0a-4c25-807e-09fade1f1b41, command=[]} | ret=SUCCESS |  
2019-08-30 15:06:02,286 | INFO  | SCMAudit | user=jenkins1000 | ip=192.168.5.134 | op=SEND_HEARTBEAT {datanodeUUID=051f1e26-d98e-44a9-be86-7d4b3c80ff32, command=[]} | ret=SUCCESS |  
2019-08-30 15:06:02,942 | INFO  | SCMAudit | user=jenkins1000 | ip=192.168.5.134 | op=SEND_HEARTBEAT {datanodeUUID=f7e068fb-6143-4078-8f73-64e97620f45b, command=[]} | ret=SUCCESS |  
2019-08-30 15:06:03,024 | INFO  | SCMAudit | user=jenkins1000 | ip=192.168.5.134 | op=SEND_HEARTBEAT {datanodeUUID=a7864295-ee65-4810-9484-3806f14c48e5, command=[]} | ret=SUCCESS |  
2019-08-30 15:06:03,224 | INFO  | SCMAudit | user=jenkins1000 | ip=192.168.5.134 | op=SEND_HEARTBEAT {datanodeUUID=fc5bbe82-8490-41a4-97d8-e34a13b8703c, command=[]} | ret=SUCCESS |  
2019-08-30 15:06:03,229 | INFO  | SCMAudit | user=jenkins1000 | ip=192.168.5.134 | op=SEND_HEARTBEAT {datanodeUUID=d5adc888-1e0a-4c25-807e-09fade1f1b41, command=[]} | ret=SUCCESS |  
2019-08-30 15:06:03,286 | INFO  | SCMAudit | user=jenkins1000 | ip=192.168.5.134 | op=SEND_HEARTBEAT {datanodeUUID=051f1e26-d98e-44a9-be86-7d4b3c80ff32, command=[]} | ret=SUCCESS |  
2019-08-30 15:06:03,362 [Thread-463] INFO  impl.FollowerState (FollowerState.java:run(106)) - fc5bbe82-8490-41a4-97d8-e34a13b8703c:group-D49D3A09B945 changes to CANDIDATE, lastRpcTime:5051, electionTimeout:5050ms
2019-08-30 15:06:03,362 [Thread-463] INFO  impl.RoleInfo (RoleInfo.java:shutdownFollowerState(121)) - fc5bbe82-8490-41a4-97d8-e34a13b8703c: shutdown FollowerState
2019-08-30 15:06:03,363 [Thread-463] INFO  impl.RaftServerImpl (RaftServerImpl.java:setRole(171)) - fc5bbe82-8490-41a4-97d8-e34a13b8703c:group-D49D3A09B945 changes role from FOLLOWER to CANDIDATE at term 4 for changeToCandidate
2019-08-30 15:06:03,363 [Thread-463] INFO  impl.RoleInfo (RoleInfo.java:updateAndGet(143)) - fc5bbe82-8490-41a4-97d8-e34a13b8703c: start LeaderElection
2019-08-30 15:06:03,379 [grpc-default-executor-1] INFO  client.GrpcClientProtocolClient (GrpcClientProtocolClient.java:onNext(255)) - client-29B5ABD7A86F->fc5bbe82-8490-41a4-97d8-e34a13b8703c: receive RaftClientReply:client-29B5ABD7A86F->fc5bbe82-8490-41a4-97d8-e34a13b8703c@group-D49D3A09B945, cid=22, FAILED org.apache.ratis.protocol.NotLeaderException: Server fc5bbe82-8490-41a4-97d8-e34a13b8703c is not the leader (null). Request must be sent to leader., logIndex=0, commits[fc5bbe82-8490-41a4-97d8-e34a13b8703c:c16, 56fefae5-2763-4634-a764-1d1f5af899ed:c16, ff806b18-47a3-461f-8103-ac239ab05d36:c16]
2019-08-30 15:06:03,388 [fc5bbe82-8490-41a4-97d8-e34a13b8703c:group-D49D3A09B945:LeaderElection15] INFO  impl.LeaderElection (LeaderElection.java:askForVotes(181)) - fc5bbe82-8490-41a4-97d8-e34a13b8703c:group-D49D3A09B945:LeaderElection15: begin an election at term 5 for 0: [fc5bbe82-8490-41a4-97d8-e34a13b8703c:192.168.5.134:35726, 56fefae5-2763-4634-a764-1d1f5af899ed:192.168.5.134:43177, ff806b18-47a3-461f-8103-ac239ab05d36:192.168.5.134:46182], old=null
2019-08-30 15:06:03,389 [fc5bbe82-8490-41a4-97d8-e34a13b8703c:group-D49D3A09B945:LeaderElection15] INFO  impl.LeaderElection (LogUtils.java:infoOrTrace(149)) - fc5bbe82-8490-41a4-97d8-e34a13b8703c:group-D49D3A09B945:LeaderElection15 got exception when requesting votes: {}
java.util.concurrent.ExecutionException: org.apache.ratis.thirdparty.io.grpc.StatusRuntimeException: UNAVAILABLE: io exception
	at java.util.concurrent.FutureTask.report(FutureTask.java:122)
	at java.util.concurrent.FutureTask.get(FutureTask.java:192)
	at org.apache.ratis.server.impl.LeaderElection.waitForResults(LeaderElection.java:262)
	at org.apache.ratis.server.impl.LeaderElection.askForVotes(LeaderElection.java:200)
	at org.apache.ratis.server.impl.LeaderElection.run(LeaderElection.java:130)
	at java.lang.Thread.run(Thread.java:748)
Caused by: org.apache.ratis.thirdparty.io.grpc.StatusRuntimeException: UNAVAILABLE: io exception
	at org.apache.ratis.thirdparty.io.grpc.stub.ClientCalls.toStatusRuntimeException(ClientCalls.java:233)
	at org.apache.ratis.thirdparty.io.grpc.stub.ClientCalls.getUnchecked(ClientCalls.java:214)
	at org.apache.ratis.thirdparty.io.grpc.stub.ClientCalls.blockingUnaryCall(ClientCalls.java:139)
	at org.apache.ratis.proto.grpc.RaftServerProtocolServiceGrpc$RaftServerProtocolServiceBlockingStub.requestVote(RaftServerProtocolServiceGrpc.java:265)
	at org.apache.ratis.grpc.server.GrpcServerProtocolClient.requestVote(GrpcServerProtocolClient.java:83)
	at org.apache.ratis.grpc.server.GrpcService.requestVote(GrpcService.java:195)
	at org.apache.ratis.server.impl.LeaderElection.lambda$submitRequests$1(LeaderElection.java:237)
	at java.util.concurrent.FutureTask.run(FutureTask.java:266)
	at java.util.concurrent.Executors$RunnableAdapter.call(Executors.java:511)
	at java.util.concurrent.FutureTask.run(FutureTask.java:266)
	at java.util.concurrent.ThreadPoolExecutor.runWorker(ThreadPoolExecutor.java:1149)
	at java.util.concurrent.ThreadPoolExecutor$Worker.run(ThreadPoolExecutor.java:624)
	... 1 more
Caused by: org.apache.ratis.thirdparty.io.netty.channel.AbstractChannel$AnnotatedConnectException: Connection refused: /192.168.5.134:43177
	at sun.nio.ch.SocketChannelImpl.checkConnect(Native Method)
	at sun.nio.ch.SocketChannelImpl.finishConnect(SocketChannelImpl.java:717)
	at org.apache.ratis.thirdparty.io.netty.channel.socket.nio.NioSocketChannel.doFinishConnect(NioSocketChannel.java:327)
	at org.apache.ratis.thirdparty.io.netty.channel.nio.AbstractNioChannel$AbstractNioUnsafe.finishConnect(AbstractNioChannel.java:340)
	at org.apache.ratis.thirdparty.io.netty.channel.nio.NioEventLoop.processSelectedKey(NioEventLoop.java:632)
	at org.apache.ratis.thirdparty.io.netty.channel.nio.NioEventLoop.processSelectedKeysOptimized(NioEventLoop.java:579)
	at org.apache.ratis.thirdparty.io.netty.channel.nio.NioEventLoop.processSelectedKeys(NioEventLoop.java:496)
	at org.apache.ratis.thirdparty.io.netty.channel.nio.NioEventLoop.run(NioEventLoop.java:458)
	at org.apache.ratis.thirdparty.io.netty.util.concurrent.SingleThreadEventExecutor$5.run(SingleThreadEventExecutor.java:897)
	at org.apache.ratis.thirdparty.io.netty.util.concurrent.FastThreadLocalRunnable.run(FastThreadLocalRunnable.java:30)
	... 1 more
Caused by: java.net.ConnectException: Connection refused
	... 11 more
2019-08-30 15:06:03,392 [fc5bbe82-8490-41a4-97d8-e34a13b8703c:group-D49D3A09B945:LeaderElection15] INFO  impl.LeaderElection (LogUtils.java:infoOrTrace(149)) - fc5bbe82-8490-41a4-97d8-e34a13b8703c:group-D49D3A09B945:LeaderElection15 got exception when requesting votes: {}
java.util.concurrent.ExecutionException: org.apache.ratis.thirdparty.io.grpc.StatusRuntimeException: UNAVAILABLE: io exception
	at java.util.concurrent.FutureTask.report(FutureTask.java:122)
	at java.util.concurrent.FutureTask.get(FutureTask.java:192)
	at org.apache.ratis.server.impl.LeaderElection.waitForResults(LeaderElection.java:262)
	at org.apache.ratis.server.impl.LeaderElection.askForVotes(LeaderElection.java:200)
	at org.apache.ratis.server.impl.LeaderElection.run(LeaderElection.java:130)
	at java.lang.Thread.run(Thread.java:748)
Caused by: org.apache.ratis.thirdparty.io.grpc.StatusRuntimeException: UNAVAILABLE: io exception
	at org.apache.ratis.thirdparty.io.grpc.stub.ClientCalls.toStatusRuntimeException(ClientCalls.java:233)
	at org.apache.ratis.thirdparty.io.grpc.stub.ClientCalls.getUnchecked(ClientCalls.java:214)
	at org.apache.ratis.thirdparty.io.grpc.stub.ClientCalls.blockingUnaryCall(ClientCalls.java:139)
	at org.apache.ratis.proto.grpc.RaftServerProtocolServiceGrpc$RaftServerProtocolServiceBlockingStub.requestVote(RaftServerProtocolServiceGrpc.java:265)
	at org.apache.ratis.grpc.server.GrpcServerProtocolClient.requestVote(GrpcServerProtocolClient.java:83)
	at org.apache.ratis.grpc.server.GrpcService.requestVote(GrpcService.java:195)
	at org.apache.ratis.server.impl.LeaderElection.lambda$submitRequests$1(LeaderElection.java:237)
	at java.util.concurrent.FutureTask.run(FutureTask.java:266)
	at java.util.concurrent.Executors$RunnableAdapter.call(Executors.java:511)
	at java.util.concurrent.FutureTask.run(FutureTask.java:266)
	at java.util.concurrent.ThreadPoolExecutor.runWorker(ThreadPoolExecutor.java:1149)
	at java.util.concurrent.ThreadPoolExecutor$Worker.run(ThreadPoolExecutor.java:624)
	... 1 more
Caused by: org.apache.ratis.thirdparty.io.netty.channel.AbstractChannel$AnnotatedConnectException: Connection refused: /192.168.5.134:46182
	at sun.nio.ch.SocketChannelImpl.checkConnect(Native Method)
	at sun.nio.ch.SocketChannelImpl.finishConnect(SocketChannelImpl.java:717)
	at org.apache.ratis.thirdparty.io.netty.channel.socket.nio.NioSocketChannel.doFinishConnect(NioSocketChannel.java:327)
	at org.apache.ratis.thirdparty.io.netty.channel.nio.AbstractNioChannel$AbstractNioUnsafe.finishConnect(AbstractNioChannel.java:340)
	at org.apache.ratis.thirdparty.io.netty.channel.nio.NioEventLoop.processSelectedKey(NioEventLoop.java:632)
	at org.apache.ratis.thirdparty.io.netty.channel.nio.NioEventLoop.processSelectedKeysOptimized(NioEventLoop.java:579)
	at org.apache.ratis.thirdparty.io.netty.channel.nio.NioEventLoop.processSelectedKeys(NioEventLoop.java:496)
	at org.apache.ratis.thirdparty.io.netty.channel.nio.NioEventLoop.run(NioEventLoop.java:458)
	at org.apache.ratis.thirdparty.io.netty.util.concurrent.SingleThreadEventExecutor$5.run(SingleThreadEventExecutor.java:897)
	at org.apache.ratis.thirdparty.io.netty.util.concurrent.FastThreadLocalRunnable.run(FastThreadLocalRunnable.java:30)
	... 1 more
Caused by: java.net.ConnectException: Connection refused
	... 11 more
2019-08-30 15:06:03,394 [fc5bbe82-8490-41a4-97d8-e34a13b8703c:group-D49D3A09B945:LeaderElection15] INFO  impl.LeaderElection (LeaderElection.java:logAndReturn(56)) - fc5bbe82-8490-41a4-97d8-e34a13b8703c:group-D49D3A09B945:LeaderElection15: Election REJECTED; received 0 response(s) [] and 2 exception(s); fc5bbe82-8490-41a4-97d8-e34a13b8703c:t5, leader=null, voted=fc5bbe82-8490-41a4-97d8-e34a13b8703c, raftlog=fc5bbe82-8490-41a4-97d8-e34a13b8703c-SegmentedRaftLog:OPENED:c16,f16,i16, conf=0: [fc5bbe82-8490-41a4-97d8-e34a13b8703c:192.168.5.134:35726, 56fefae5-2763-4634-a764-1d1f5af899ed:192.168.5.134:43177, ff806b18-47a3-461f-8103-ac239ab05d36:192.168.5.134:46182], old=null
2019-08-30 15:06:03,394 [fc5bbe82-8490-41a4-97d8-e34a13b8703c:group-D49D3A09B945:LeaderElection15] INFO  impl.LeaderElection (LogUtils.java:infoOrTrace(149)) -   Exception 0: {}
java.util.concurrent.ExecutionException: org.apache.ratis.thirdparty.io.grpc.StatusRuntimeException: UNAVAILABLE: io exception
	at java.util.concurrent.FutureTask.report(FutureTask.java:122)
	at java.util.concurrent.FutureTask.get(FutureTask.java:192)
	at org.apache.ratis.server.impl.LeaderElection.waitForResults(LeaderElection.java:262)
	at org.apache.ratis.server.impl.LeaderElection.askForVotes(LeaderElection.java:200)
	at org.apache.ratis.server.impl.LeaderElection.run(LeaderElection.java:130)
	at java.lang.Thread.run(Thread.java:748)
Caused by: org.apache.ratis.thirdparty.io.grpc.StatusRuntimeException: UNAVAILABLE: io exception
	at org.apache.ratis.thirdparty.io.grpc.stub.ClientCalls.toStatusRuntimeException(ClientCalls.java:233)
	at org.apache.ratis.thirdparty.io.grpc.stub.ClientCalls.getUnchecked(ClientCalls.java:214)
	at org.apache.ratis.thirdparty.io.grpc.stub.ClientCalls.blockingUnaryCall(ClientCalls.java:139)
	at org.apache.ratis.proto.grpc.RaftServerProtocolServiceGrpc$RaftServerProtocolServiceBlockingStub.requestVote(RaftServerProtocolServiceGrpc.java:265)
	at org.apache.ratis.grpc.server.GrpcServerProtocolClient.requestVote(GrpcServerProtocolClient.java:83)
	at org.apache.ratis.grpc.server.GrpcService.requestVote(GrpcService.java:195)
	at org.apache.ratis.server.impl.LeaderElection.lambda$submitRequests$1(LeaderElection.java:237)
	at java.util.concurrent.FutureTask.run(FutureTask.java:266)
	at java.util.concurrent.Executors$RunnableAdapter.call(Executors.java:511)
	at java.util.concurrent.FutureTask.run(FutureTask.java:266)
	at java.util.concurrent.ThreadPoolExecutor.runWorker(ThreadPoolExecutor.java:1149)
	at java.util.concurrent.ThreadPoolExecutor$Worker.run(ThreadPoolExecutor.java:624)
	... 1 more
Caused by: org.apache.ratis.thirdparty.io.netty.channel.AbstractChannel$AnnotatedConnectException: Connection refused: /192.168.5.134:43177
	at sun.nio.ch.SocketChannelImpl.checkConnect(Native Method)
	at sun.nio.ch.SocketChannelImpl.finishConnect(SocketChannelImpl.java:717)
	at org.apache.ratis.thirdparty.io.netty.channel.socket.nio.NioSocketChannel.doFinishConnect(NioSocketChannel.java:327)
	at org.apache.ratis.thirdparty.io.netty.channel.nio.AbstractNioChannel$AbstractNioUnsafe.finishConnect(AbstractNioChannel.java:340)
	at org.apache.ratis.thirdparty.io.netty.channel.nio.NioEventLoop.processSelectedKey(NioEventLoop.java:632)
	at org.apache.ratis.thirdparty.io.netty.channel.nio.NioEventLoop.processSelectedKeysOptimized(NioEventLoop.java:579)
	at org.apache.ratis.thirdparty.io.netty.channel.nio.NioEventLoop.processSelectedKeys(NioEventLoop.java:496)
	at org.apache.ratis.thirdparty.io.netty.channel.nio.NioEventLoop.run(NioEventLoop.java:458)
	at org.apache.ratis.thirdparty.io.netty.util.concurrent.SingleThreadEventExecutor$5.run(SingleThreadEventExecutor.java:897)
	at org.apache.ratis.thirdparty.io.netty.util.concurrent.FastThreadLocalRunnable.run(FastThreadLocalRunnable.java:30)
	... 1 more
Caused by: java.net.ConnectException: Connection refused
	... 11 more
2019-08-30 15:06:03,395 [fc5bbe82-8490-41a4-97d8-e34a13b8703c:group-D49D3A09B945:LeaderElection15] INFO  impl.LeaderElection (LogUtils.java:infoOrTrace(149)) -   Exception 1: {}
java.util.concurrent.ExecutionException: org.apache.ratis.thirdparty.io.grpc.StatusRuntimeException: UNAVAILABLE: io exception
	at java.util.concurrent.FutureTask.report(FutureTask.java:122)
	at java.util.concurrent.FutureTask.get(FutureTask.java:192)
	at org.apache.ratis.server.impl.LeaderElection.waitForResults(LeaderElection.java:262)
	at org.apache.ratis.server.impl.LeaderElection.askForVotes(LeaderElection.java:200)
	at org.apache.ratis.server.impl.LeaderElection.run(LeaderElection.java:130)
	at java.lang.Thread.run(Thread.java:748)
Caused by: org.apache.ratis.thirdparty.io.grpc.StatusRuntimeException: UNAVAILABLE: io exception
	at org.apache.ratis.thirdparty.io.grpc.stub.ClientCalls.toStatusRuntimeException(ClientCalls.java:233)
	at org.apache.ratis.thirdparty.io.grpc.stub.ClientCalls.getUnchecked(ClientCalls.java:214)
	at org.apache.ratis.thirdparty.io.grpc.stub.ClientCalls.blockingUnaryCall(ClientCalls.java:139)
	at org.apache.ratis.proto.grpc.RaftServerProtocolServiceGrpc$RaftServerProtocolServiceBlockingStub.requestVote(RaftServerProtocolServiceGrpc.java:265)
	at org.apache.ratis.grpc.server.GrpcServerProtocolClient.requestVote(GrpcServerProtocolClient.java:83)
	at org.apache.ratis.grpc.server.GrpcService.requestVote(GrpcService.java:195)
	at org.apache.ratis.server.impl.LeaderElection.lambda$submitRequests$1(LeaderElection.java:237)
	at java.util.concurrent.FutureTask.run(FutureTask.java:266)
	at java.util.concurrent.Executors$RunnableAdapter.call(Executors.java:511)
	at java.util.concurrent.FutureTask.run(FutureTask.java:266)
	at java.util.concurrent.ThreadPoolExecutor.runWorker(ThreadPoolExecutor.java:1149)
	at java.util.concurrent.ThreadPoolExecutor$Worker.run(ThreadPoolExecutor.java:624)
	... 1 more
Caused by: org.apache.ratis.thirdparty.io.netty.channel.AbstractChannel$AnnotatedConnectException: Connection refused: /192.168.5.134:46182
	at sun.nio.ch.SocketChannelImpl.checkConnect(Native Method)
	at sun.nio.ch.SocketChannelImpl.finishConnect(SocketChannelImpl.java:717)
	at org.apache.ratis.thirdparty.io.netty.channel.socket.nio.NioSocketChannel.doFinishConnect(NioSocketChannel.java:327)
	at org.apache.ratis.thirdparty.io.netty.channel.nio.AbstractNioChannel$AbstractNioUnsafe.finishConnect(AbstractNioChannel.java:340)
	at org.apache.ratis.thirdparty.io.netty.channel.nio.NioEventLoop.processSelectedKey(NioEventLoop.java:632)
	at org.apache.ratis.thirdparty.io.netty.channel.nio.NioEventLoop.processSelectedKeysOptimized(NioEventLoop.java:579)
	at org.apache.ratis.thirdparty.io.netty.channel.nio.NioEventLoop.processSelectedKeys(NioEventLoop.java:496)
	at org.apache.ratis.thirdparty.io.netty.channel.nio.NioEventLoop.run(NioEventLoop.java:458)
	at org.apache.ratis.thirdparty.io.netty.util.concurrent.SingleThreadEventExecutor$5.run(SingleThreadEventExecutor.java:897)
	at org.apache.ratis.thirdparty.io.netty.util.concurrent.FastThreadLocalRunnable.run(FastThreadLocalRunnable.java:30)
	... 1 more
Caused by: java.net.ConnectException: Connection refused
	... 11 more
2019-08-30 15:06:03,395 [fc5bbe82-8490-41a4-97d8-e34a13b8703c:group-D49D3A09B945:LeaderElection15] INFO  impl.RaftServerImpl (RaftServerImpl.java:setRole(171)) - fc5bbe82-8490-41a4-97d8-e34a13b8703c:group-D49D3A09B945 changes role from CANDIDATE to FOLLOWER at term 5 for DISCOVERED_A_NEW_TERM
2019-08-30 15:06:03,395 [fc5bbe82-8490-41a4-97d8-e34a13b8703c:group-D49D3A09B945:LeaderElection15] INFO  impl.RoleInfo (RoleInfo.java:shutdownLeaderElection(134)) - fc5bbe82-8490-41a4-97d8-e34a13b8703c: shutdown LeaderElection
2019-08-30 15:06:03,397 [fc5bbe82-8490-41a4-97d8-e34a13b8703c:group-D49D3A09B945:LeaderElection15] INFO  impl.RoleInfo (RoleInfo.java:updateAndGet(143)) - fc5bbe82-8490-41a4-97d8-e34a13b8703c: start FollowerState
2019-08-30 15:06:03,943 | INFO  | SCMAudit | user=jenkins1000 | ip=192.168.5.134 | op=SEND_HEARTBEAT {datanodeUUID=f7e068fb-6143-4078-8f73-64e97620f45b, command=[]} | ret=SUCCESS |  
2019-08-30 15:06:04,023 | INFO  | SCMAudit | user=jenkins1000 | ip=192.168.5.134 | op=SEND_HEARTBEAT {datanodeUUID=a7864295-ee65-4810-9484-3806f14c48e5, command=[]} | ret=SUCCESS |  
2019-08-30 15:06:04,225 | INFO  | SCMAudit | user=jenkins1000 | ip=192.168.5.134 | op=SEND_HEARTBEAT {datanodeUUID=fc5bbe82-8490-41a4-97d8-e34a13b8703c, command=[]} | ret=SUCCESS |  
2019-08-30 15:06:04,229 | INFO  | SCMAudit | user=jenkins1000 | ip=192.168.5.134 | op=SEND_HEARTBEAT {datanodeUUID=d5adc888-1e0a-4c25-807e-09fade1f1b41, command=[]} | ret=SUCCESS |  
2019-08-30 15:06:04,285 | INFO  | SCMAudit | user=jenkins1000 | ip=192.168.5.134 | op=SEND_HEARTBEAT {datanodeUUID=051f1e26-d98e-44a9-be86-7d4b3c80ff32, command=[]} | ret=SUCCESS |  
2019-08-30 15:06:04,943 | INFO  | SCMAudit | user=jenkins1000 | ip=192.168.5.134 | op=SEND_HEARTBEAT {datanodeUUID=f7e068fb-6143-4078-8f73-64e97620f45b, command=[]} | ret=SUCCESS |  
2019-08-30 15:06:05,024 | INFO  | SCMAudit | user=jenkins1000 | ip=192.168.5.134 | op=SEND_HEARTBEAT {datanodeUUID=a7864295-ee65-4810-9484-3806f14c48e5, command=[]} | ret=SUCCESS |  
2019-08-30 15:06:05,226 | INFO  | SCMAudit | user=jenkins1000 | ip=192.168.5.134 | op=SEND_HEARTBEAT {datanodeUUID=fc5bbe82-8490-41a4-97d8-e34a13b8703c, command=[]} | ret=SUCCESS |  
2019-08-30 15:06:05,229 | INFO  | SCMAudit | user=jenkins1000 | ip=192.168.5.134 | op=SEND_HEARTBEAT {datanodeUUID=d5adc888-1e0a-4c25-807e-09fade1f1b41, command=[]} | ret=SUCCESS |  
2019-08-30 15:06:05,285 | INFO  | SCMAudit | user=jenkins1000 | ip=192.168.5.134 | op=SEND_HEARTBEAT {datanodeUUID=051f1e26-d98e-44a9-be86-7d4b3c80ff32, command=[]} | ret=SUCCESS |  
2019-08-30 15:06:05,410 [grpc-default-executor-1] INFO  client.GrpcClientProtocolClient (GrpcClientProtocolClient.java:onNext(255)) - client-29B5ABD7A86F->fc5bbe82-8490-41a4-97d8-e34a13b8703c: receive RaftClientReply:client-29B5ABD7A86F->fc5bbe82-8490-41a4-97d8-e34a13b8703c@group-D49D3A09B945, cid=22, FAILED org.apache.ratis.protocol.NotLeaderException: Server fc5bbe82-8490-41a4-97d8-e34a13b8703c is not the leader (null). Request must be sent to leader., logIndex=0, commits[fc5bbe82-8490-41a4-97d8-e34a13b8703c:c16, 56fefae5-2763-4634-a764-1d1f5af899ed:c16, ff806b18-47a3-461f-8103-ac239ab05d36:c16]
2019-08-30 15:06:05,944 | INFO  | SCMAudit | user=jenkins1000 | ip=192.168.5.134 | op=SEND_HEARTBEAT {datanodeUUID=f7e068fb-6143-4078-8f73-64e97620f45b, command=[]} | ret=SUCCESS |  
2019-08-30 15:06:06,024 | INFO  | SCMAudit | user=jenkins1000 | ip=192.168.5.134 | op=SEND_HEARTBEAT {datanodeUUID=a7864295-ee65-4810-9484-3806f14c48e5, command=[]} | ret=SUCCESS |  
2019-08-30 15:06:06,225 | INFO  | SCMAudit | user=jenkins1000 | ip=192.168.5.134 | op=SEND_HEARTBEAT {datanodeUUID=fc5bbe82-8490-41a4-97d8-e34a13b8703c, command=[]} | ret=SUCCESS |  
2019-08-30 15:06:06,230 | INFO  | SCMAudit | user=jenkins1000 | ip=192.168.5.134 | op=SEND_HEARTBEAT {datanodeUUID=d5adc888-1e0a-4c25-807e-09fade1f1b41, command=[]} | ret=SUCCESS |  
2019-08-30 15:06:06,285 | INFO  | SCMAudit | user=jenkins1000 | ip=192.168.5.134 | op=SEND_HEARTBEAT {datanodeUUID=051f1e26-d98e-44a9-be86-7d4b3c80ff32, command=[]} | ret=SUCCESS |  
2019-08-30 15:06:06,944 | INFO  | SCMAudit | user=jenkins1000 | ip=192.168.5.134 | op=SEND_HEARTBEAT {datanodeUUID=f7e068fb-6143-4078-8f73-64e97620f45b, command=[]} | ret=SUCCESS |  
2019-08-30 15:06:07,024 | INFO  | SCMAudit | user=jenkins1000 | ip=192.168.5.134 | op=SEND_HEARTBEAT {datanodeUUID=a7864295-ee65-4810-9484-3806f14c48e5, command=[]} | ret=SUCCESS |  
2019-08-30 15:06:07,226 | INFO  | SCMAudit | user=jenkins1000 | ip=192.168.5.134 | op=SEND_HEARTBEAT {datanodeUUID=fc5bbe82-8490-41a4-97d8-e34a13b8703c, command=[]} | ret=SUCCESS |  
2019-08-30 15:06:07,229 | INFO  | SCMAudit | user=jenkins1000 | ip=192.168.5.134 | op=SEND_HEARTBEAT {datanodeUUID=d5adc888-1e0a-4c25-807e-09fade1f1b41, command=[]} | ret=SUCCESS |  
2019-08-30 15:06:07,285 | INFO  | SCMAudit | user=jenkins1000 | ip=192.168.5.134 | op=SEND_HEARTBEAT {datanodeUUID=051f1e26-d98e-44a9-be86-7d4b3c80ff32, command=[]} | ret=SUCCESS |  
2019-08-30 15:06:07,445 [grpc-default-executor-4] INFO  client.GrpcClientProtocolClient (GrpcClientProtocolClient.java:onNext(255)) - client-29B5ABD7A86F->fc5bbe82-8490-41a4-97d8-e34a13b8703c: receive RaftClientReply:client-29B5ABD7A86F->fc5bbe82-8490-41a4-97d8-e34a13b8703c@group-D49D3A09B945, cid=22, FAILED org.apache.ratis.protocol.NotLeaderException: Server fc5bbe82-8490-41a4-97d8-e34a13b8703c is not the leader (null). Request must be sent to leader., logIndex=0, commits[fc5bbe82-8490-41a4-97d8-e34a13b8703c:c16, 56fefae5-2763-4634-a764-1d1f5af899ed:c16, ff806b18-47a3-461f-8103-ac239ab05d36:c16]
2019-08-30 15:06:07,943 | INFO  | SCMAudit | user=jenkins1000 | ip=192.168.5.134 | op=SEND_HEARTBEAT {datanodeUUID=f7e068fb-6143-4078-8f73-64e97620f45b, command=[]} | ret=SUCCESS |  
2019-08-30 15:06:08,024 | INFO  | SCMAudit | user=jenkins1000 | ip=192.168.5.134 | op=SEND_HEARTBEAT {datanodeUUID=a7864295-ee65-4810-9484-3806f14c48e5, command=[]} | ret=SUCCESS |  
2019-08-30 15:06:08,226 | INFO  | SCMAudit | user=jenkins1000 | ip=192.168.5.134 | op=SEND_HEARTBEAT {datanodeUUID=fc5bbe82-8490-41a4-97d8-e34a13b8703c, command=[]} | ret=SUCCESS |  
2019-08-30 15:06:08,229 | INFO  | SCMAudit | user=jenkins1000 | ip=192.168.5.134 | op=SEND_HEARTBEAT {datanodeUUID=d5adc888-1e0a-4c25-807e-09fade1f1b41, command=[]} | ret=SUCCESS |  
2019-08-30 15:06:08,285 | INFO  | SCMAudit | user=jenkins1000 | ip=192.168.5.134 | op=SEND_HEARTBEAT {datanodeUUID=051f1e26-d98e-44a9-be86-7d4b3c80ff32, command=[]} | ret=SUCCESS |  
2019-08-30 15:06:08,565 [Thread-483] INFO  impl.FollowerState (FollowerState.java:run(106)) - fc5bbe82-8490-41a4-97d8-e34a13b8703c:group-D49D3A09B945 changes to CANDIDATE, lastRpcTime:5168, electionTimeout:5166ms
2019-08-30 15:06:08,566 [Thread-483] INFO  impl.RoleInfo (RoleInfo.java:shutdownFollowerState(121)) - fc5bbe82-8490-41a4-97d8-e34a13b8703c: shutdown FollowerState
2019-08-30 15:06:08,566 [Thread-483] INFO  impl.RaftServerImpl (RaftServerImpl.java:setRole(171)) - fc5bbe82-8490-41a4-97d8-e34a13b8703c:group-D49D3A09B945 changes role from FOLLOWER to CANDIDATE at term 5 for changeToCandidate
2019-08-30 15:06:08,566 [Thread-483] INFO  impl.RoleInfo (RoleInfo.java:updateAndGet(143)) - fc5bbe82-8490-41a4-97d8-e34a13b8703c: start LeaderElection
2019-08-30 15:06:08,584 [fc5bbe82-8490-41a4-97d8-e34a13b8703c:group-D49D3A09B945:LeaderElection16] INFO  impl.LeaderElection (LeaderElection.java:askForVotes(181)) - fc5bbe82-8490-41a4-97d8-e34a13b8703c:group-D49D3A09B945:LeaderElection16: begin an election at term 6 for 0: [fc5bbe82-8490-41a4-97d8-e34a13b8703c:192.168.5.134:35726, 56fefae5-2763-4634-a764-1d1f5af899ed:192.168.5.134:43177, ff806b18-47a3-461f-8103-ac239ab05d36:192.168.5.134:46182], old=null
2019-08-30 15:06:08,586 [fc5bbe82-8490-41a4-97d8-e34a13b8703c:group-D49D3A09B945:LeaderElection16] INFO  impl.LeaderElection (LogUtils.java:infoOrTrace(149)) - fc5bbe82-8490-41a4-97d8-e34a13b8703c:group-D49D3A09B945:LeaderElection16 got exception when requesting votes: {}
java.util.concurrent.ExecutionException: org.apache.ratis.thirdparty.io.grpc.StatusRuntimeException: UNAVAILABLE: io exception
	at java.util.concurrent.FutureTask.report(FutureTask.java:122)
	at java.util.concurrent.FutureTask.get(FutureTask.java:192)
	at org.apache.ratis.server.impl.LeaderElection.waitForResults(LeaderElection.java:262)
	at org.apache.ratis.server.impl.LeaderElection.askForVotes(LeaderElection.java:200)
	at org.apache.ratis.server.impl.LeaderElection.run(LeaderElection.java:130)
	at java.lang.Thread.run(Thread.java:748)
Caused by: org.apache.ratis.thirdparty.io.grpc.StatusRuntimeException: UNAVAILABLE: io exception
	at org.apache.ratis.thirdparty.io.grpc.stub.ClientCalls.toStatusRuntimeException(ClientCalls.java:233)
	at org.apache.ratis.thirdparty.io.grpc.stub.ClientCalls.getUnchecked(ClientCalls.java:214)
	at org.apache.ratis.thirdparty.io.grpc.stub.ClientCalls.blockingUnaryCall(ClientCalls.java:139)
	at org.apache.ratis.proto.grpc.RaftServerProtocolServiceGrpc$RaftServerProtocolServiceBlockingStub.requestVote(RaftServerProtocolServiceGrpc.java:265)
	at org.apache.ratis.grpc.server.GrpcServerProtocolClient.requestVote(GrpcServerProtocolClient.java:83)
	at org.apache.ratis.grpc.server.GrpcService.requestVote(GrpcService.java:195)
	at org.apache.ratis.server.impl.LeaderElection.lambda$submitRequests$1(LeaderElection.java:237)
	at java.util.concurrent.FutureTask.run(FutureTask.java:266)
	at java.util.concurrent.Executors$RunnableAdapter.call(Executors.java:511)
	at java.util.concurrent.FutureTask.run(FutureTask.java:266)
	at java.util.concurrent.ThreadPoolExecutor.runWorker(ThreadPoolExecutor.java:1149)
	at java.util.concurrent.ThreadPoolExecutor$Worker.run(ThreadPoolExecutor.java:624)
	... 1 more
Caused by: org.apache.ratis.thirdparty.io.netty.channel.AbstractChannel$AnnotatedConnectException: Connection refused: /192.168.5.134:43177
	at sun.nio.ch.SocketChannelImpl.checkConnect(Native Method)
	at sun.nio.ch.SocketChannelImpl.finishConnect(SocketChannelImpl.java:717)
	at org.apache.ratis.thirdparty.io.netty.channel.socket.nio.NioSocketChannel.doFinishConnect(NioSocketChannel.java:327)
	at org.apache.ratis.thirdparty.io.netty.channel.nio.AbstractNioChannel$AbstractNioUnsafe.finishConnect(AbstractNioChannel.java:340)
	at org.apache.ratis.thirdparty.io.netty.channel.nio.NioEventLoop.processSelectedKey(NioEventLoop.java:632)
	at org.apache.ratis.thirdparty.io.netty.channel.nio.NioEventLoop.processSelectedKeysOptimized(NioEventLoop.java:579)
	at org.apache.ratis.thirdparty.io.netty.channel.nio.NioEventLoop.processSelectedKeys(NioEventLoop.java:496)
	at org.apache.ratis.thirdparty.io.netty.channel.nio.NioEventLoop.run(NioEventLoop.java:458)
	at org.apache.ratis.thirdparty.io.netty.util.concurrent.SingleThreadEventExecutor$5.run(SingleThreadEventExecutor.java:897)
	at org.apache.ratis.thirdparty.io.netty.util.concurrent.FastThreadLocalRunnable.run(FastThreadLocalRunnable.java:30)
	... 1 more
Caused by: java.net.ConnectException: Connection refused
	... 11 more
2019-08-30 15:06:08,588 [fc5bbe82-8490-41a4-97d8-e34a13b8703c:group-D49D3A09B945:LeaderElection16] INFO  impl.LeaderElection (LogUtils.java:infoOrTrace(149)) - fc5bbe82-8490-41a4-97d8-e34a13b8703c:group-D49D3A09B945:LeaderElection16 got exception when requesting votes: {}
java.util.concurrent.ExecutionException: org.apache.ratis.thirdparty.io.grpc.StatusRuntimeException: UNAVAILABLE: io exception
	at java.util.concurrent.FutureTask.report(FutureTask.java:122)
	at java.util.concurrent.FutureTask.get(FutureTask.java:192)
	at org.apache.ratis.server.impl.LeaderElection.waitForResults(LeaderElection.java:262)
	at org.apache.ratis.server.impl.LeaderElection.askForVotes(LeaderElection.java:200)
	at org.apache.ratis.server.impl.LeaderElection.run(LeaderElection.java:130)
	at java.lang.Thread.run(Thread.java:748)
Caused by: org.apache.ratis.thirdparty.io.grpc.StatusRuntimeException: UNAVAILABLE: io exception
	at org.apache.ratis.thirdparty.io.grpc.stub.ClientCalls.toStatusRuntimeException(ClientCalls.java:233)
	at org.apache.ratis.thirdparty.io.grpc.stub.ClientCalls.getUnchecked(ClientCalls.java:214)
	at org.apache.ratis.thirdparty.io.grpc.stub.ClientCalls.blockingUnaryCall(ClientCalls.java:139)
	at org.apache.ratis.proto.grpc.RaftServerProtocolServiceGrpc$RaftServerProtocolServiceBlockingStub.requestVote(RaftServerProtocolServiceGrpc.java:265)
	at org.apache.ratis.grpc.server.GrpcServerProtocolClient.requestVote(GrpcServerProtocolClient.java:83)
	at org.apache.ratis.grpc.server.GrpcService.requestVote(GrpcService.java:195)
	at org.apache.ratis.server.impl.LeaderElection.lambda$submitRequests$1(LeaderElection.java:237)
	at java.util.concurrent.FutureTask.run(FutureTask.java:266)
	at java.util.concurrent.Executors$RunnableAdapter.call(Executors.java:511)
	at java.util.concurrent.FutureTask.run(FutureTask.java:266)
	at java.util.concurrent.ThreadPoolExecutor.runWorker(ThreadPoolExecutor.java:1149)
	at java.util.concurrent.ThreadPoolExecutor$Worker.run(ThreadPoolExecutor.java:624)
	... 1 more
Caused by: org.apache.ratis.thirdparty.io.netty.channel.AbstractChannel$AnnotatedConnectException: Connection refused: /192.168.5.134:46182
	at sun.nio.ch.SocketChannelImpl.checkConnect(Native Method)
	at sun.nio.ch.SocketChannelImpl.finishConnect(SocketChannelImpl.java:717)
	at org.apache.ratis.thirdparty.io.netty.channel.socket.nio.NioSocketChannel.doFinishConnect(NioSocketChannel.java:327)
	at org.apache.ratis.thirdparty.io.netty.channel.nio.AbstractNioChannel$AbstractNioUnsafe.finishConnect(AbstractNioChannel.java:340)
	at org.apache.ratis.thirdparty.io.netty.channel.nio.NioEventLoop.processSelectedKey(NioEventLoop.java:632)
	at org.apache.ratis.thirdparty.io.netty.channel.nio.NioEventLoop.processSelectedKeysOptimized(NioEventLoop.java:579)
	at org.apache.ratis.thirdparty.io.netty.channel.nio.NioEventLoop.processSelectedKeys(NioEventLoop.java:496)
	at org.apache.ratis.thirdparty.io.netty.channel.nio.NioEventLoop.run(NioEventLoop.java:458)
	at org.apache.ratis.thirdparty.io.netty.util.concurrent.SingleThreadEventExecutor$5.run(SingleThreadEventExecutor.java:897)
	at org.apache.ratis.thirdparty.io.netty.util.concurrent.FastThreadLocalRunnable.run(FastThreadLocalRunnable.java:30)
	... 1 more
Caused by: java.net.ConnectException: Connection refused
	... 11 more
2019-08-30 15:06:08,591 [fc5bbe82-8490-41a4-97d8-e34a13b8703c:group-D49D3A09B945:LeaderElection16] INFO  impl.LeaderElection (LeaderElection.java:logAndReturn(56)) - fc5bbe82-8490-41a4-97d8-e34a13b8703c:group-D49D3A09B945:LeaderElection16: Election REJECTED; received 0 response(s) [] and 2 exception(s); fc5bbe82-8490-41a4-97d8-e34a13b8703c:t6, leader=null, voted=fc5bbe82-8490-41a4-97d8-e34a13b8703c, raftlog=fc5bbe82-8490-41a4-97d8-e34a13b8703c-SegmentedRaftLog:OPENED:c16,f16,i16, conf=0: [fc5bbe82-8490-41a4-97d8-e34a13b8703c:192.168.5.134:35726, 56fefae5-2763-4634-a764-1d1f5af899ed:192.168.5.134:43177, ff806b18-47a3-461f-8103-ac239ab05d36:192.168.5.134:46182], old=null
2019-08-30 15:06:08,591 [fc5bbe82-8490-41a4-97d8-e34a13b8703c:group-D49D3A09B945:LeaderElection16] INFO  impl.LeaderElection (LogUtils.java:infoOrTrace(149)) -   Exception 0: {}
java.util.concurrent.ExecutionException: org.apache.ratis.thirdparty.io.grpc.StatusRuntimeException: UNAVAILABLE: io exception
	at java.util.concurrent.FutureTask.report(FutureTask.java:122)
	at java.util.concurrent.FutureTask.get(FutureTask.java:192)
	at org.apache.ratis.server.impl.LeaderElection.waitForResults(LeaderElection.java:262)
	at org.apache.ratis.server.impl.LeaderElection.askForVotes(LeaderElection.java:200)
	at org.apache.ratis.server.impl.LeaderElection.run(LeaderElection.java:130)
	at java.lang.Thread.run(Thread.java:748)
Caused by: org.apache.ratis.thirdparty.io.grpc.StatusRuntimeException: UNAVAILABLE: io exception
	at org.apache.ratis.thirdparty.io.grpc.stub.ClientCalls.toStatusRuntimeException(ClientCalls.java:233)
	at org.apache.ratis.thirdparty.io.grpc.stub.ClientCalls.getUnchecked(ClientCalls.java:214)
	at org.apache.ratis.thirdparty.io.grpc.stub.ClientCalls.blockingUnaryCall(ClientCalls.java:139)
	at org.apache.ratis.proto.grpc.RaftServerProtocolServiceGrpc$RaftServerProtocolServiceBlockingStub.requestVote(RaftServerProtocolServiceGrpc.java:265)
	at org.apache.ratis.grpc.server.GrpcServerProtocolClient.requestVote(GrpcServerProtocolClient.java:83)
	at org.apache.ratis.grpc.server.GrpcService.requestVote(GrpcService.java:195)
	at org.apache.ratis.server.impl.LeaderElection.lambda$submitRequests$1(LeaderElection.java:237)
	at java.util.concurrent.FutureTask.run(FutureTask.java:266)
	at java.util.concurrent.Executors$RunnableAdapter.call(Executors.java:511)
	at java.util.concurrent.FutureTask.run(FutureTask.java:266)
	at java.util.concurrent.ThreadPoolExecutor.runWorker(ThreadPoolExecutor.java:1149)
	at java.util.concurrent.ThreadPoolExecutor$Worker.run(ThreadPoolExecutor.java:624)
	... 1 more
Caused by: org.apache.ratis.thirdparty.io.netty.channel.AbstractChannel$AnnotatedConnectException: Connection refused: /192.168.5.134:43177
	at sun.nio.ch.SocketChannelImpl.checkConnect(Native Method)
	at sun.nio.ch.SocketChannelImpl.finishConnect(SocketChannelImpl.java:717)
	at org.apache.ratis.thirdparty.io.netty.channel.socket.nio.NioSocketChannel.doFinishConnect(NioSocketChannel.java:327)
	at org.apache.ratis.thirdparty.io.netty.channel.nio.AbstractNioChannel$AbstractNioUnsafe.finishConnect(AbstractNioChannel.java:340)
	at org.apache.ratis.thirdparty.io.netty.channel.nio.NioEventLoop.processSelectedKey(NioEventLoop.java:632)
	at org.apache.ratis.thirdparty.io.netty.channel.nio.NioEventLoop.processSelectedKeysOptimized(NioEventLoop.java:579)
	at org.apache.ratis.thirdparty.io.netty.channel.nio.NioEventLoop.processSelectedKeys(NioEventLoop.java:496)
	at org.apache.ratis.thirdparty.io.netty.channel.nio.NioEventLoop.run(NioEventLoop.java:458)
	at org.apache.ratis.thirdparty.io.netty.util.concurrent.SingleThreadEventExecutor$5.run(SingleThreadEventExecutor.java:897)
	at org.apache.ratis.thirdparty.io.netty.util.concurrent.FastThreadLocalRunnable.run(FastThreadLocalRunnable.java:30)
	... 1 more
Caused by: java.net.ConnectException: Connection refused
	... 11 more
2019-08-30 15:06:08,592 [fc5bbe82-8490-41a4-97d8-e34a13b8703c:group-D49D3A09B945:LeaderElection16] INFO  impl.LeaderElection (LogUtils.java:infoOrTrace(149)) -   Exception 1: {}
java.util.concurrent.ExecutionException: org.apache.ratis.thirdparty.io.grpc.StatusRuntimeException: UNAVAILABLE: io exception
	at java.util.concurrent.FutureTask.report(FutureTask.java:122)
	at java.util.concurrent.FutureTask.get(FutureTask.java:192)
	at org.apache.ratis.server.impl.LeaderElection.waitForResults(LeaderElection.java:262)
	at org.apache.ratis.server.impl.LeaderElection.askForVotes(LeaderElection.java:200)
	at org.apache.ratis.server.impl.LeaderElection.run(LeaderElection.java:130)
	at java.lang.Thread.run(Thread.java:748)
Caused by: org.apache.ratis.thirdparty.io.grpc.StatusRuntimeException: UNAVAILABLE: io exception
	at org.apache.ratis.thirdparty.io.grpc.stub.ClientCalls.toStatusRuntimeException(ClientCalls.java:233)
	at org.apache.ratis.thirdparty.io.grpc.stub.ClientCalls.getUnchecked(ClientCalls.java:214)
	at org.apache.ratis.thirdparty.io.grpc.stub.ClientCalls.blockingUnaryCall(ClientCalls.java:139)
	at org.apache.ratis.proto.grpc.RaftServerProtocolServiceGrpc$RaftServerProtocolServiceBlockingStub.requestVote(RaftServerProtocolServiceGrpc.java:265)
	at org.apache.ratis.grpc.server.GrpcServerProtocolClient.requestVote(GrpcServerProtocolClient.java:83)
	at org.apache.ratis.grpc.server.GrpcService.requestVote(GrpcService.java:195)
	at org.apache.ratis.server.impl.LeaderElection.lambda$submitRequests$1(LeaderElection.java:237)
	at java.util.concurrent.FutureTask.run(FutureTask.java:266)
	at java.util.concurrent.Executors$RunnableAdapter.call(Executors.java:511)
	at java.util.concurrent.FutureTask.run(FutureTask.java:266)
	at java.util.concurrent.ThreadPoolExecutor.runWorker(ThreadPoolExecutor.java:1149)
	at java.util.concurrent.ThreadPoolExecutor$Worker.run(ThreadPoolExecutor.java:624)
	... 1 more
Caused by: org.apache.ratis.thirdparty.io.netty.channel.AbstractChannel$AnnotatedConnectException: Connection refused: /192.168.5.134:46182
	at sun.nio.ch.SocketChannelImpl.checkConnect(Native Method)
	at sun.nio.ch.SocketChannelImpl.finishConnect(SocketChannelImpl.java:717)
	at org.apache.ratis.thirdparty.io.netty.channel.socket.nio.NioSocketChannel.doFinishConnect(NioSocketChannel.java:327)
	at org.apache.ratis.thirdparty.io.netty.channel.nio.AbstractNioChannel$AbstractNioUnsafe.finishConnect(AbstractNioChannel.java:340)
	at org.apache.ratis.thirdparty.io.netty.channel.nio.NioEventLoop.processSelectedKey(NioEventLoop.java:632)
	at org.apache.ratis.thirdparty.io.netty.channel.nio.NioEventLoop.processSelectedKeysOptimized(NioEventLoop.java:579)
	at org.apache.ratis.thirdparty.io.netty.channel.nio.NioEventLoop.processSelectedKeys(NioEventLoop.java:496)
	at org.apache.ratis.thirdparty.io.netty.channel.nio.NioEventLoop.run(NioEventLoop.java:458)
	at org.apache.ratis.thirdparty.io.netty.util.concurrent.SingleThreadEventExecutor$5.run(SingleThreadEventExecutor.java:897)
	at org.apache.ratis.thirdparty.io.netty.util.concurrent.FastThreadLocalRunnable.run(FastThreadLocalRunnable.java:30)
	... 1 more
Caused by: java.net.ConnectException: Connection refused
	... 11 more
2019-08-30 15:06:08,593 [fc5bbe82-8490-41a4-97d8-e34a13b8703c:group-D49D3A09B945:LeaderElection16] INFO  impl.RaftServerImpl (RaftServerImpl.java:setRole(171)) - fc5bbe82-8490-41a4-97d8-e34a13b8703c:group-D49D3A09B945 changes role from CANDIDATE to FOLLOWER at term 6 for DISCOVERED_A_NEW_TERM
2019-08-30 15:06:08,595 [fc5bbe82-8490-41a4-97d8-e34a13b8703c:group-D49D3A09B945:LeaderElection16] INFO  impl.RoleInfo (RoleInfo.java:shutdownLeaderElection(134)) - fc5bbe82-8490-41a4-97d8-e34a13b8703c: shutdown LeaderElection
2019-08-30 15:06:08,595 [fc5bbe82-8490-41a4-97d8-e34a13b8703c:group-D49D3A09B945:LeaderElection16] INFO  impl.RoleInfo (RoleInfo.java:updateAndGet(143)) - fc5bbe82-8490-41a4-97d8-e34a13b8703c: start FollowerState
2019-08-30 15:06:08,945 | INFO  | SCMAudit | user=jenkins1000 | ip=192.168.5.134 | op=SEND_HEARTBEAT {datanodeUUID=f7e068fb-6143-4078-8f73-64e97620f45b, command=[]} | ret=SUCCESS |  
2019-08-30 15:06:09,023 | INFO  | SCMAudit | user=jenkins1000 | ip=192.168.5.134 | op=SEND_HEARTBEAT {datanodeUUID=a7864295-ee65-4810-9484-3806f14c48e5, command=[]} | ret=SUCCESS |  
2019-08-30 15:06:09,226 | INFO  | SCMAudit | user=jenkins1000 | ip=192.168.5.134 | op=SEND_HEARTBEAT {datanodeUUID=fc5bbe82-8490-41a4-97d8-e34a13b8703c, command=[]} | ret=SUCCESS |  
2019-08-30 15:06:09,230 | INFO  | SCMAudit | user=jenkins1000 | ip=192.168.5.134 | op=SEND_HEARTBEAT {datanodeUUID=d5adc888-1e0a-4c25-807e-09fade1f1b41, command=[]} | ret=SUCCESS |  
2019-08-30 15:06:09,285 | INFO  | SCMAudit | user=jenkins1000 | ip=192.168.5.134 | op=SEND_HEARTBEAT {datanodeUUID=051f1e26-d98e-44a9-be86-7d4b3c80ff32, command=[]} | ret=SUCCESS |  
2019-08-30 15:06:09,482 [grpc-default-executor-4] INFO  client.GrpcClientProtocolClient (GrpcClientProtocolClient.java:onNext(255)) - client-29B5ABD7A86F->fc5bbe82-8490-41a4-97d8-e34a13b8703c: receive RaftClientReply:client-29B5ABD7A86F->fc5bbe82-8490-41a4-97d8-e34a13b8703c@group-D49D3A09B945, cid=22, FAILED org.apache.ratis.protocol.NotLeaderException: Server fc5bbe82-8490-41a4-97d8-e34a13b8703c is not the leader (null). Request must be sent to leader., logIndex=0, commits[fc5bbe82-8490-41a4-97d8-e34a13b8703c:c16, 56fefae5-2763-4634-a764-1d1f5af899ed:c16, ff806b18-47a3-461f-8103-ac239ab05d36:c16]
2019-08-30 15:06:09,943 | INFO  | SCMAudit | user=jenkins1000 | ip=192.168.5.134 | op=SEND_HEARTBEAT {datanodeUUID=f7e068fb-6143-4078-8f73-64e97620f45b, command=[]} | ret=SUCCESS |  
2019-08-30 15:06:10,023 | INFO  | SCMAudit | user=jenkins1000 | ip=192.168.5.134 | op=SEND_HEARTBEAT {datanodeUUID=a7864295-ee65-4810-9484-3806f14c48e5, command=[]} | ret=SUCCESS |  
2019-08-30 15:06:10,227 | INFO  | SCMAudit | user=jenkins1000 | ip=192.168.5.134 | op=SEND_HEARTBEAT {datanodeUUID=fc5bbe82-8490-41a4-97d8-e34a13b8703c, command=[]} | ret=SUCCESS |  
2019-08-30 15:06:10,230 | INFO  | SCMAudit | user=jenkins1000 | ip=192.168.5.134 | op=SEND_HEARTBEAT {datanodeUUID=d5adc888-1e0a-4c25-807e-09fade1f1b41, command=[]} | ret=SUCCESS |  
2019-08-30 15:06:10,286 | INFO  | SCMAudit | user=jenkins1000 | ip=192.168.5.134 | op=SEND_HEARTBEAT {datanodeUUID=051f1e26-d98e-44a9-be86-7d4b3c80ff32, command=[]} | ret=SUCCESS |  
2019-08-30 15:06:10,944 | INFO  | SCMAudit | user=jenkins1000 | ip=192.168.5.134 | op=SEND_HEARTBEAT {datanodeUUID=f7e068fb-6143-4078-8f73-64e97620f45b, command=[]} | ret=SUCCESS |  
2019-08-30 15:06:11,023 | INFO  | SCMAudit | user=jenkins1000 | ip=192.168.5.134 | op=SEND_HEARTBEAT {datanodeUUID=a7864295-ee65-4810-9484-3806f14c48e5, command=[]} | ret=SUCCESS |  
2019-08-30 15:06:11,227 | INFO  | SCMAudit | user=jenkins1000 | ip=192.168.5.134 | op=SEND_HEARTBEAT {datanodeUUID=fc5bbe82-8490-41a4-97d8-e34a13b8703c, command=[]} | ret=SUCCESS |  
2019-08-30 15:06:11,230 | INFO  | SCMAudit | user=jenkins1000 | ip=192.168.5.134 | op=SEND_HEARTBEAT {datanodeUUID=d5adc888-1e0a-4c25-807e-09fade1f1b41, command=[]} | ret=SUCCESS |  
2019-08-30 15:06:11,286 | INFO  | SCMAudit | user=jenkins1000 | ip=192.168.5.134 | op=SEND_HEARTBEAT {datanodeUUID=051f1e26-d98e-44a9-be86-7d4b3c80ff32, command=[]} | ret=SUCCESS |  
2019-08-30 15:06:11,943 | INFO  | SCMAudit | user=jenkins1000 | ip=192.168.5.134 | op=SEND_HEARTBEAT {datanodeUUID=f7e068fb-6143-4078-8f73-64e97620f45b, command=[]} | ret=SUCCESS |  
2019-08-30 15:06:12,023 | INFO  | SCMAudit | user=jenkins1000 | ip=192.168.5.134 | op=SEND_HEARTBEAT {datanodeUUID=a7864295-ee65-4810-9484-3806f14c48e5, command=[]} | ret=SUCCESS |  
2019-08-30 15:06:12,227 | INFO  | SCMAudit | user=jenkins1000 | ip=192.168.5.134 | op=SEND_HEARTBEAT {datanodeUUID=fc5bbe82-8490-41a4-97d8-e34a13b8703c, command=[]} | ret=SUCCESS |  
2019-08-30 15:06:12,231 | INFO  | SCMAudit | user=jenkins1000 | ip=192.168.5.134 | op=SEND_HEARTBEAT {datanodeUUID=d5adc888-1e0a-4c25-807e-09fade1f1b41, command=[]} | ret=SUCCESS |  
2019-08-30 15:06:12,286 | INFO  | SCMAudit | user=jenkins1000 | ip=192.168.5.134 | op=SEND_HEARTBEAT {datanodeUUID=051f1e26-d98e-44a9-be86-7d4b3c80ff32, command=[]} | ret=SUCCESS |  
2019-08-30 15:06:12,944 | INFO  | SCMAudit | user=jenkins1000 | ip=192.168.5.134 | op=SEND_HEARTBEAT {datanodeUUID=f7e068fb-6143-4078-8f73-64e97620f45b, command=[]} | ret=SUCCESS |  
2019-08-30 15:06:13,023 | INFO  | SCMAudit | user=jenkins1000 | ip=192.168.5.134 | op=SEND_HEARTBEAT {datanodeUUID=a7864295-ee65-4810-9484-3806f14c48e5, command=[]} | ret=SUCCESS |  
2019-08-30 15:06:13,227 | INFO  | SCMAudit | user=jenkins1000 | ip=192.168.5.134 | op=SEND_HEARTBEAT {datanodeUUID=fc5bbe82-8490-41a4-97d8-e34a13b8703c, command=[]} | ret=SUCCESS |  
2019-08-30 15:06:13,231 | INFO  | SCMAudit | user=jenkins1000 | ip=192.168.5.134 | op=SEND_HEARTBEAT {datanodeUUID=d5adc888-1e0a-4c25-807e-09fade1f1b41, command=[]} | ret=SUCCESS |  
2019-08-30 15:06:13,286 | INFO  | SCMAudit | user=jenkins1000 | ip=192.168.5.134 | op=SEND_HEARTBEAT {datanodeUUID=051f1e26-d98e-44a9-be86-7d4b3c80ff32, command=[]} | ret=SUCCESS |  
2019-08-30 15:06:13,615 [Thread-503] INFO  impl.FollowerState (FollowerState.java:run(106)) - fc5bbe82-8490-41a4-97d8-e34a13b8703c:group-D49D3A09B945 changes to CANDIDATE, lastRpcTime:5019, electionTimeout:5017ms
2019-08-30 15:06:13,615 [Thread-503] INFO  impl.RoleInfo (RoleInfo.java:shutdownFollowerState(121)) - fc5bbe82-8490-41a4-97d8-e34a13b8703c: shutdown FollowerState
2019-08-30 15:06:13,615 [Thread-503] INFO  impl.RaftServerImpl (RaftServerImpl.java:setRole(171)) - fc5bbe82-8490-41a4-97d8-e34a13b8703c:group-D49D3A09B945 changes role from FOLLOWER to CANDIDATE at term 6 for changeToCandidate
2019-08-30 15:06:13,615 [Thread-503] INFO  impl.RoleInfo (RoleInfo.java:updateAndGet(143)) - fc5bbe82-8490-41a4-97d8-e34a13b8703c: start LeaderElection
2019-08-30 15:06:13,644 [fc5bbe82-8490-41a4-97d8-e34a13b8703c:group-D49D3A09B945:LeaderElection17] INFO  impl.LeaderElection (LeaderElection.java:askForVotes(181)) - fc5bbe82-8490-41a4-97d8-e34a13b8703c:group-D49D3A09B945:LeaderElection17: begin an election at term 7 for 0: [fc5bbe82-8490-41a4-97d8-e34a13b8703c:192.168.5.134:35726, 56fefae5-2763-4634-a764-1d1f5af899ed:192.168.5.134:43177, ff806b18-47a3-461f-8103-ac239ab05d36:192.168.5.134:46182], old=null
2019-08-30 15:06:13,646 [fc5bbe82-8490-41a4-97d8-e34a13b8703c:group-D49D3A09B945:LeaderElection17] INFO  impl.LeaderElection (LogUtils.java:infoOrTrace(149)) - fc5bbe82-8490-41a4-97d8-e34a13b8703c:group-D49D3A09B945:LeaderElection17 got exception when requesting votes: {}
java.util.concurrent.ExecutionException: org.apache.ratis.thirdparty.io.grpc.StatusRuntimeException: UNAVAILABLE: io exception
	at java.util.concurrent.FutureTask.report(FutureTask.java:122)
	at java.util.concurrent.FutureTask.get(FutureTask.java:192)
	at org.apache.ratis.server.impl.LeaderElection.waitForResults(LeaderElection.java:262)
	at org.apache.ratis.server.impl.LeaderElection.askForVotes(LeaderElection.java:200)
	at org.apache.ratis.server.impl.LeaderElection.run(LeaderElection.java:130)
	at java.lang.Thread.run(Thread.java:748)
Caused by: org.apache.ratis.thirdparty.io.grpc.StatusRuntimeException: UNAVAILABLE: io exception
	at org.apache.ratis.thirdparty.io.grpc.stub.ClientCalls.toStatusRuntimeException(ClientCalls.java:233)
	at org.apache.ratis.thirdparty.io.grpc.stub.ClientCalls.getUnchecked(ClientCalls.java:214)
	at org.apache.ratis.thirdparty.io.grpc.stub.ClientCalls.blockingUnaryCall(ClientCalls.java:139)
	at org.apache.ratis.proto.grpc.RaftServerProtocolServiceGrpc$RaftServerProtocolServiceBlockingStub.requestVote(RaftServerProtocolServiceGrpc.java:265)
	at org.apache.ratis.grpc.server.GrpcServerProtocolClient.requestVote(GrpcServerProtocolClient.java:83)
	at org.apache.ratis.grpc.server.GrpcService.requestVote(GrpcService.java:195)
	at org.apache.ratis.server.impl.LeaderElection.lambda$submitRequests$1(LeaderElection.java:237)
	at java.util.concurrent.FutureTask.run(FutureTask.java:266)
	at java.util.concurrent.Executors$RunnableAdapter.call(Executors.java:511)
	at java.util.concurrent.FutureTask.run(FutureTask.java:266)
	at java.util.concurrent.ThreadPoolExecutor.runWorker(ThreadPoolExecutor.java:1149)
	at java.util.concurrent.ThreadPoolExecutor$Worker.run(ThreadPoolExecutor.java:624)
	... 1 more
Caused by: org.apache.ratis.thirdparty.io.netty.channel.AbstractChannel$AnnotatedConnectException: Connection refused: /192.168.5.134:43177
	at sun.nio.ch.SocketChannelImpl.checkConnect(Native Method)
	at sun.nio.ch.SocketChannelImpl.finishConnect(SocketChannelImpl.java:717)
	at org.apache.ratis.thirdparty.io.netty.channel.socket.nio.NioSocketChannel.doFinishConnect(NioSocketChannel.java:327)
	at org.apache.ratis.thirdparty.io.netty.channel.nio.AbstractNioChannel$AbstractNioUnsafe.finishConnect(AbstractNioChannel.java:340)
	at org.apache.ratis.thirdparty.io.netty.channel.nio.NioEventLoop.processSelectedKey(NioEventLoop.java:632)
	at org.apache.ratis.thirdparty.io.netty.channel.nio.NioEventLoop.processSelectedKeysOptimized(NioEventLoop.java:579)
	at org.apache.ratis.thirdparty.io.netty.channel.nio.NioEventLoop.processSelectedKeys(NioEventLoop.java:496)
	at org.apache.ratis.thirdparty.io.netty.channel.nio.NioEventLoop.run(NioEventLoop.java:458)
	at org.apache.ratis.thirdparty.io.netty.util.concurrent.SingleThreadEventExecutor$5.run(SingleThreadEventExecutor.java:897)
	at org.apache.ratis.thirdparty.io.netty.util.concurrent.FastThreadLocalRunnable.run(FastThreadLocalRunnable.java:30)
	... 1 more
Caused by: java.net.ConnectException: Connection refused
	... 11 more
2019-08-30 15:06:13,649 [fc5bbe82-8490-41a4-97d8-e34a13b8703c:group-D49D3A09B945:LeaderElection17] INFO  impl.LeaderElection (LogUtils.java:infoOrTrace(149)) - fc5bbe82-8490-41a4-97d8-e34a13b8703c:group-D49D3A09B945:LeaderElection17 got exception when requesting votes: {}
java.util.concurrent.ExecutionException: org.apache.ratis.thirdparty.io.grpc.StatusRuntimeException: UNAVAILABLE: io exception
	at java.util.concurrent.FutureTask.report(FutureTask.java:122)
	at java.util.concurrent.FutureTask.get(FutureTask.java:192)
	at org.apache.ratis.server.impl.LeaderElection.waitForResults(LeaderElection.java:262)
	at org.apache.ratis.server.impl.LeaderElection.askForVotes(LeaderElection.java:200)
	at org.apache.ratis.server.impl.LeaderElection.run(LeaderElection.java:130)
	at java.lang.Thread.run(Thread.java:748)
Caused by: org.apache.ratis.thirdparty.io.grpc.StatusRuntimeException: UNAVAILABLE: io exception
	at org.apache.ratis.thirdparty.io.grpc.stub.ClientCalls.toStatusRuntimeException(ClientCalls.java:233)
	at org.apache.ratis.thirdparty.io.grpc.stub.ClientCalls.getUnchecked(ClientCalls.java:214)
	at org.apache.ratis.thirdparty.io.grpc.stub.ClientCalls.blockingUnaryCall(ClientCalls.java:139)
	at org.apache.ratis.proto.grpc.RaftServerProtocolServiceGrpc$RaftServerProtocolServiceBlockingStub.requestVote(RaftServerProtocolServiceGrpc.java:265)
	at org.apache.ratis.grpc.server.GrpcServerProtocolClient.requestVote(GrpcServerProtocolClient.java:83)
	at org.apache.ratis.grpc.server.GrpcService.requestVote(GrpcService.java:195)
	at org.apache.ratis.server.impl.LeaderElection.lambda$submitRequests$1(LeaderElection.java:237)
	at java.util.concurrent.FutureTask.run(FutureTask.java:266)
	at java.util.concurrent.Executors$RunnableAdapter.call(Executors.java:511)
	at java.util.concurrent.FutureTask.run(FutureTask.java:266)
	at java.util.concurrent.ThreadPoolExecutor.runWorker(ThreadPoolExecutor.java:1149)
	at java.util.concurrent.ThreadPoolExecutor$Worker.run(ThreadPoolExecutor.java:624)
	... 1 more
Caused by: org.apache.ratis.thirdparty.io.netty.channel.AbstractChannel$AnnotatedConnectException: Connection refused: /192.168.5.134:46182
	at sun.nio.ch.SocketChannelImpl.checkConnect(Native Method)
	at sun.nio.ch.SocketChannelImpl.finishConnect(SocketChannelImpl.java:717)
	at org.apache.ratis.thirdparty.io.netty.channel.socket.nio.NioSocketChannel.doFinishConnect(NioSocketChannel.java:327)
	at org.apache.ratis.thirdparty.io.netty.channel.nio.AbstractNioChannel$AbstractNioUnsafe.finishConnect(AbstractNioChannel.java:340)
	at org.apache.ratis.thirdparty.io.netty.channel.nio.NioEventLoop.processSelectedKey(NioEventLoop.java:632)
	at org.apache.ratis.thirdparty.io.netty.channel.nio.NioEventLoop.processSelectedKeysOptimized(NioEventLoop.java:579)
	at org.apache.ratis.thirdparty.io.netty.channel.nio.NioEventLoop.processSelectedKeys(NioEventLoop.java:496)
	at org.apache.ratis.thirdparty.io.netty.channel.nio.NioEventLoop.run(NioEventLoop.java:458)
	at org.apache.ratis.thirdparty.io.netty.util.concurrent.SingleThreadEventExecutor$5.run(SingleThreadEventExecutor.java:897)
	at org.apache.ratis.thirdparty.io.netty.util.concurrent.FastThreadLocalRunnable.run(FastThreadLocalRunnable.java:30)
	... 1 more
Caused by: java.net.ConnectException: Connection refused
	... 11 more
2019-08-30 15:06:13,651 [fc5bbe82-8490-41a4-97d8-e34a13b8703c:group-D49D3A09B945:LeaderElection17] INFO  impl.LeaderElection (LeaderElection.java:logAndReturn(56)) - fc5bbe82-8490-41a4-97d8-e34a13b8703c:group-D49D3A09B945:LeaderElection17: Election REJECTED; received 0 response(s) [] and 2 exception(s); fc5bbe82-8490-41a4-97d8-e34a13b8703c:t7, leader=null, voted=fc5bbe82-8490-41a4-97d8-e34a13b8703c, raftlog=fc5bbe82-8490-41a4-97d8-e34a13b8703c-SegmentedRaftLog:OPENED:c16,f16,i16, conf=0: [fc5bbe82-8490-41a4-97d8-e34a13b8703c:192.168.5.134:35726, 56fefae5-2763-4634-a764-1d1f5af899ed:192.168.5.134:43177, ff806b18-47a3-461f-8103-ac239ab05d36:192.168.5.134:46182], old=null
2019-08-30 15:06:13,651 [fc5bbe82-8490-41a4-97d8-e34a13b8703c:group-D49D3A09B945:LeaderElection17] INFO  impl.LeaderElection (LogUtils.java:infoOrTrace(149)) -   Exception 0: {}
java.util.concurrent.ExecutionException: org.apache.ratis.thirdparty.io.grpc.StatusRuntimeException: UNAVAILABLE: io exception
	at java.util.concurrent.FutureTask.report(FutureTask.java:122)
	at java.util.concurrent.FutureTask.get(FutureTask.java:192)
	at org.apache.ratis.server.impl.LeaderElection.waitForResults(LeaderElection.java:262)
	at org.apache.ratis.server.impl.LeaderElection.askForVotes(LeaderElection.java:200)
	at org.apache.ratis.server.impl.LeaderElection.run(LeaderElection.java:130)
	at java.lang.Thread.run(Thread.java:748)
Caused by: org.apache.ratis.thirdparty.io.grpc.StatusRuntimeException: UNAVAILABLE: io exception
	at org.apache.ratis.thirdparty.io.grpc.stub.ClientCalls.toStatusRuntimeException(ClientCalls.java:233)
	at org.apache.ratis.thirdparty.io.grpc.stub.ClientCalls.getUnchecked(ClientCalls.java:214)
	at org.apache.ratis.thirdparty.io.grpc.stub.ClientCalls.blockingUnaryCall(ClientCalls.java:139)
	at org.apache.ratis.proto.grpc.RaftServerProtocolServiceGrpc$RaftServerProtocolServiceBlockingStub.requestVote(RaftServerProtocolServiceGrpc.java:265)
	at org.apache.ratis.grpc.server.GrpcServerProtocolClient.requestVote(GrpcServerProtocolClient.java:83)
	at org.apache.ratis.grpc.server.GrpcService.requestVote(GrpcService.java:195)
	at org.apache.ratis.server.impl.LeaderElection.lambda$submitRequests$1(LeaderElection.java:237)
	at java.util.concurrent.FutureTask.run(FutureTask.java:266)
	at java.util.concurrent.Executors$RunnableAdapter.call(Executors.java:511)
	at java.util.concurrent.FutureTask.run(FutureTask.java:266)
	at java.util.concurrent.ThreadPoolExecutor.runWorker(ThreadPoolExecutor.java:1149)
	at java.util.concurrent.ThreadPoolExecutor$Worker.run(ThreadPoolExecutor.java:624)
	... 1 more
Caused by: org.apache.ratis.thirdparty.io.netty.channel.AbstractChannel$AnnotatedConnectException: Connection refused: /192.168.5.134:43177
	at sun.nio.ch.SocketChannelImpl.checkConnect(Native Method)
	at sun.nio.ch.SocketChannelImpl.finishConnect(SocketChannelImpl.java:717)
	at org.apache.ratis.thirdparty.io.netty.channel.socket.nio.NioSocketChannel.doFinishConnect(NioSocketChannel.java:327)
	at org.apache.ratis.thirdparty.io.netty.channel.nio.AbstractNioChannel$AbstractNioUnsafe.finishConnect(AbstractNioChannel.java:340)
	at org.apache.ratis.thirdparty.io.netty.channel.nio.NioEventLoop.processSelectedKey(NioEventLoop.java:632)
	at org.apache.ratis.thirdparty.io.netty.channel.nio.NioEventLoop.processSelectedKeysOptimized(NioEventLoop.java:579)
	at org.apache.ratis.thirdparty.io.netty.channel.nio.NioEventLoop.processSelectedKeys(NioEventLoop.java:496)
	at org.apache.ratis.thirdparty.io.netty.channel.nio.NioEventLoop.run(NioEventLoop.java:458)
	at org.apache.ratis.thirdparty.io.netty.util.concurrent.SingleThreadEventExecutor$5.run(SingleThreadEventExecutor.java:897)
	at org.apache.ratis.thirdparty.io.netty.util.concurrent.FastThreadLocalRunnable.run(FastThreadLocalRunnable.java:30)
	... 1 more
Caused by: java.net.ConnectException: Connection refused
	... 11 more
2019-08-30 15:06:13,652 [fc5bbe82-8490-41a4-97d8-e34a13b8703c:group-D49D3A09B945:LeaderElection17] INFO  impl.LeaderElection (LogUtils.java:infoOrTrace(149)) -   Exception 1: {}
java.util.concurrent.ExecutionException: org.apache.ratis.thirdparty.io.grpc.StatusRuntimeException: UNAVAILABLE: io exception
	at java.util.concurrent.FutureTask.report(FutureTask.java:122)
	at java.util.concurrent.FutureTask.get(FutureTask.java:192)
	at org.apache.ratis.server.impl.LeaderElection.waitForResults(LeaderElection.java:262)
	at org.apache.ratis.server.impl.LeaderElection.askForVotes(LeaderElection.java:200)
	at org.apache.ratis.server.impl.LeaderElection.run(LeaderElection.java:130)
	at java.lang.Thread.run(Thread.java:748)
Caused by: org.apache.ratis.thirdparty.io.grpc.StatusRuntimeException: UNAVAILABLE: io exception
	at org.apache.ratis.thirdparty.io.grpc.stub.ClientCalls.toStatusRuntimeException(ClientCalls.java:233)
	at org.apache.ratis.thirdparty.io.grpc.stub.ClientCalls.getUnchecked(ClientCalls.java:214)
	at org.apache.ratis.thirdparty.io.grpc.stub.ClientCalls.blockingUnaryCall(ClientCalls.java:139)
	at org.apache.ratis.proto.grpc.RaftServerProtocolServiceGrpc$RaftServerProtocolServiceBlockingStub.requestVote(RaftServerProtocolServiceGrpc.java:265)
	at org.apache.ratis.grpc.server.GrpcServerProtocolClient.requestVote(GrpcServerProtocolClient.java:83)
	at org.apache.ratis.grpc.server.GrpcService.requestVote(GrpcService.java:195)
	at org.apache.ratis.server.impl.LeaderElection.lambda$submitRequests$1(LeaderElection.java:237)
	at java.util.concurrent.FutureTask.run(FutureTask.java:266)
	at java.util.concurrent.Executors$RunnableAdapter.call(Executors.java:511)
	at java.util.concurrent.FutureTask.run(FutureTask.java:266)
	at java.util.concurrent.ThreadPoolExecutor.runWorker(ThreadPoolExecutor.java:1149)
	at java.util.concurrent.ThreadPoolExecutor$Worker.run(ThreadPoolExecutor.java:624)
	... 1 more
Caused by: org.apache.ratis.thirdparty.io.netty.channel.AbstractChannel$AnnotatedConnectException: Connection refused: /192.168.5.134:46182
	at sun.nio.ch.SocketChannelImpl.checkConnect(Native Method)
	at sun.nio.ch.SocketChannelImpl.finishConnect(SocketChannelImpl.java:717)
	at org.apache.ratis.thirdparty.io.netty.channel.socket.nio.NioSocketChannel.doFinishConnect(NioSocketChannel.java:327)
	at org.apache.ratis.thirdparty.io.netty.channel.nio.AbstractNioChannel$AbstractNioUnsafe.finishConnect(AbstractNioChannel.java:340)
	at org.apache.ratis.thirdparty.io.netty.channel.nio.NioEventLoop.processSelectedKey(NioEventLoop.java:632)
	at org.apache.ratis.thirdparty.io.netty.channel.nio.NioEventLoop.processSelectedKeysOptimized(NioEventLoop.java:579)
	at org.apache.ratis.thirdparty.io.netty.channel.nio.NioEventLoop.processSelectedKeys(NioEventLoop.java:496)
	at org.apache.ratis.thirdparty.io.netty.channel.nio.NioEventLoop.run(NioEventLoop.java:458)
	at org.apache.ratis.thirdparty.io.netty.util.concurrent.SingleThreadEventExecutor$5.run(SingleThreadEventExecutor.java:897)
	at org.apache.ratis.thirdparty.io.netty.util.concurrent.FastThreadLocalRunnable.run(FastThreadLocalRunnable.java:30)
	... 1 more
Caused by: java.net.ConnectException: Connection refused
	... 11 more
2019-08-30 15:06:13,652 [fc5bbe82-8490-41a4-97d8-e34a13b8703c:group-D49D3A09B945:LeaderElection17] INFO  impl.RaftServerImpl (RaftServerImpl.java:setRole(171)) - fc5bbe82-8490-41a4-97d8-e34a13b8703c:group-D49D3A09B945 changes role from CANDIDATE to FOLLOWER at term 7 for DISCOVERED_A_NEW_TERM
2019-08-30 15:06:13,654 [fc5bbe82-8490-41a4-97d8-e34a13b8703c:group-D49D3A09B945:LeaderElection17] INFO  impl.RoleInfo (RoleInfo.java:shutdownLeaderElection(134)) - fc5bbe82-8490-41a4-97d8-e34a13b8703c: shutdown LeaderElection
2019-08-30 15:06:13,654 [fc5bbe82-8490-41a4-97d8-e34a13b8703c:group-D49D3A09B945:LeaderElection17] INFO  impl.RoleInfo (RoleInfo.java:updateAndGet(143)) - fc5bbe82-8490-41a4-97d8-e34a13b8703c: start FollowerState
2019-08-30 15:06:13,944 | INFO  | SCMAudit | user=jenkins1000 | ip=192.168.5.134 | op=SEND_HEARTBEAT {datanodeUUID=f7e068fb-6143-4078-8f73-64e97620f45b, command=[]} | ret=SUCCESS |  
2019-08-30 15:06:14,024 | INFO  | SCMAudit | user=jenkins1000 | ip=192.168.5.134 | op=SEND_HEARTBEAT {datanodeUUID=a7864295-ee65-4810-9484-3806f14c48e5, command=[]} | ret=SUCCESS |  
2019-08-30 15:06:14,227 | INFO  | SCMAudit | user=jenkins1000 | ip=192.168.5.134 | op=SEND_HEARTBEAT {datanodeUUID=fc5bbe82-8490-41a4-97d8-e34a13b8703c, command=[]} | ret=SUCCESS |  
2019-08-30 15:06:14,231 | INFO  | SCMAudit | user=jenkins1000 | ip=192.168.5.134 | op=SEND_HEARTBEAT {datanodeUUID=d5adc888-1e0a-4c25-807e-09fade1f1b41, command=[]} | ret=SUCCESS |  
2019-08-30 15:06:14,286 | INFO  | SCMAudit | user=jenkins1000 | ip=192.168.5.134 | op=SEND_HEARTBEAT {datanodeUUID=051f1e26-d98e-44a9-be86-7d4b3c80ff32, command=[]} | ret=SUCCESS |  
2019-08-30 15:06:14,944 | INFO  | SCMAudit | user=jenkins1000 | ip=192.168.5.134 | op=SEND_HEARTBEAT {datanodeUUID=f7e068fb-6143-4078-8f73-64e97620f45b, command=[]} | ret=SUCCESS |  
2019-08-30 15:06:15,024 | INFO  | SCMAudit | user=jenkins1000 | ip=192.168.5.134 | op=SEND_HEARTBEAT {datanodeUUID=a7864295-ee65-4810-9484-3806f14c48e5, command=[]} | ret=SUCCESS |  
2019-08-30 15:06:15,227 | INFO  | SCMAudit | user=jenkins1000 | ip=192.168.5.134 | op=SEND_HEARTBEAT {datanodeUUID=fc5bbe82-8490-41a4-97d8-e34a13b8703c, command=[]} | ret=SUCCESS |  
2019-08-30 15:06:15,232 | INFO  | SCMAudit | user=jenkins1000 | ip=192.168.5.134 | op=SEND_HEARTBEAT {datanodeUUID=d5adc888-1e0a-4c25-807e-09fade1f1b41, command=[]} | ret=SUCCESS |  
2019-08-30 15:06:15,286 | INFO  | SCMAudit | user=jenkins1000 | ip=192.168.5.134 | op=SEND_HEARTBEAT {datanodeUUID=051f1e26-d98e-44a9-be86-7d4b3c80ff32, command=[]} | ret=SUCCESS |  
2019-08-30 15:06:15,945 | INFO  | SCMAudit | user=jenkins1000 | ip=192.168.5.134 | op=SEND_HEARTBEAT {datanodeUUID=f7e068fb-6143-4078-8f73-64e97620f45b, command=[]} | ret=SUCCESS |  
2019-08-30 15:06:16,024 | INFO  | SCMAudit | user=jenkins1000 | ip=192.168.5.134 | op=SEND_HEARTBEAT {datanodeUUID=a7864295-ee65-4810-9484-3806f14c48e5, command=[]} | ret=SUCCESS |  
2019-08-30 15:06:16,226 | INFO  | SCMAudit | user=jenkins1000 | ip=192.168.5.134 | op=SEND_HEARTBEAT {datanodeUUID=fc5bbe82-8490-41a4-97d8-e34a13b8703c, command=[]} | ret=SUCCESS |  
2019-08-30 15:06:16,232 | INFO  | SCMAudit | user=jenkins1000 | ip=192.168.5.134 | op=SEND_HEARTBEAT {datanodeUUID=d5adc888-1e0a-4c25-807e-09fade1f1b41, command=[]} | ret=SUCCESS |  
2019-08-30 15:06:16,286 | INFO  | SCMAudit | user=jenkins1000 | ip=192.168.5.134 | op=SEND_HEARTBEAT {datanodeUUID=051f1e26-d98e-44a9-be86-7d4b3c80ff32, command=[]} | ret=SUCCESS |  
2019-08-30 15:06:16,945 | INFO  | SCMAudit | user=jenkins1000 | ip=192.168.5.134 | op=SEND_HEARTBEAT {datanodeUUID=f7e068fb-6143-4078-8f73-64e97620f45b, command=[]} | ret=SUCCESS |  
2019-08-30 15:06:17,024 | INFO  | SCMAudit | user=jenkins1000 | ip=192.168.5.134 | op=SEND_HEARTBEAT {datanodeUUID=a7864295-ee65-4810-9484-3806f14c48e5, command=[]} | ret=SUCCESS |  
2019-08-30 15:06:17,226 | INFO  | SCMAudit | user=jenkins1000 | ip=192.168.5.134 | op=SEND_HEARTBEAT {datanodeUUID=fc5bbe82-8490-41a4-97d8-e34a13b8703c, command=[]} | ret=SUCCESS |  
2019-08-30 15:06:17,232 | INFO  | SCMAudit | user=jenkins1000 | ip=192.168.5.134 | op=SEND_HEARTBEAT {datanodeUUID=d5adc888-1e0a-4c25-807e-09fade1f1b41, command=[]} | ret=SUCCESS |  
2019-08-30 15:06:17,286 | INFO  | SCMAudit | user=jenkins1000 | ip=192.168.5.134 | op=SEND_HEARTBEAT {datanodeUUID=051f1e26-d98e-44a9-be86-7d4b3c80ff32, command=[]} | ret=SUCCESS |  
2019-08-30 15:06:17,577 [grpc-default-executor-3] INFO  client.GrpcClientProtocolClient (GrpcClientProtocolClient.java:onNext(255)) - client-29B5ABD7A86F->fc5bbe82-8490-41a4-97d8-e34a13b8703c: receive RaftClientReply:client-29B5ABD7A86F->fc5bbe82-8490-41a4-97d8-e34a13b8703c@group-D49D3A09B945, cid=22, FAILED org.apache.ratis.protocol.NotLeaderException: Server fc5bbe82-8490-41a4-97d8-e34a13b8703c is not the leader (null). Request must be sent to leader., logIndex=0, commits[fc5bbe82-8490-41a4-97d8-e34a13b8703c:c16, 56fefae5-2763-4634-a764-1d1f5af899ed:c16, ff806b18-47a3-461f-8103-ac239ab05d36:c16]
2019-08-30 15:06:17,945 | INFO  | SCMAudit | user=jenkins1000 | ip=192.168.5.134 | op=SEND_HEARTBEAT {datanodeUUID=f7e068fb-6143-4078-8f73-64e97620f45b, command=[]} | ret=SUCCESS |  
2019-08-30 15:06:18,024 | INFO  | SCMAudit | user=jenkins1000 | ip=192.168.5.134 | op=SEND_HEARTBEAT {datanodeUUID=a7864295-ee65-4810-9484-3806f14c48e5, command=[]} | ret=SUCCESS |  
2019-08-30 15:06:18,226 | INFO  | SCMAudit | user=jenkins1000 | ip=192.168.5.134 | op=SEND_HEARTBEAT {datanodeUUID=fc5bbe82-8490-41a4-97d8-e34a13b8703c, command=[]} | ret=SUCCESS |  
2019-08-30 15:06:18,232 | INFO  | SCMAudit | user=jenkins1000 | ip=192.168.5.134 | op=SEND_HEARTBEAT {datanodeUUID=d5adc888-1e0a-4c25-807e-09fade1f1b41, command=[]} | ret=SUCCESS |  
2019-08-30 15:06:18,286 | INFO  | SCMAudit | user=jenkins1000 | ip=192.168.5.134 | op=SEND_HEARTBEAT {datanodeUUID=051f1e26-d98e-44a9-be86-7d4b3c80ff32, command=[]} | ret=SUCCESS |  
2019-08-30 15:06:18,778 [Thread-522] INFO  impl.FollowerState (FollowerState.java:run(106)) - fc5bbe82-8490-41a4-97d8-e34a13b8703c:group-D49D3A09B945 changes to CANDIDATE, lastRpcTime:5123, electionTimeout:5121ms
2019-08-30 15:06:18,778 [Thread-522] INFO  impl.RoleInfo (RoleInfo.java:shutdownFollowerState(121)) - fc5bbe82-8490-41a4-97d8-e34a13b8703c: shutdown FollowerState
2019-08-30 15:06:18,778 [Thread-522] INFO  impl.RaftServerImpl (RaftServerImpl.java:setRole(171)) - fc5bbe82-8490-41a4-97d8-e34a13b8703c:group-D49D3A09B945 changes role from FOLLOWER to CANDIDATE at term 7 for changeToCandidate
2019-08-30 15:06:18,778 [Thread-522] INFO  impl.RoleInfo (RoleInfo.java:updateAndGet(143)) - fc5bbe82-8490-41a4-97d8-e34a13b8703c: start LeaderElection
2019-08-30 15:06:18,795 [fc5bbe82-8490-41a4-97d8-e34a13b8703c:group-D49D3A09B945:LeaderElection18] INFO  impl.LeaderElection (LeaderElection.java:askForVotes(181)) - fc5bbe82-8490-41a4-97d8-e34a13b8703c:group-D49D3A09B945:LeaderElection18: begin an election at term 8 for 0: [fc5bbe82-8490-41a4-97d8-e34a13b8703c:192.168.5.134:35726, 56fefae5-2763-4634-a764-1d1f5af899ed:192.168.5.134:43177, ff806b18-47a3-461f-8103-ac239ab05d36:192.168.5.134:46182], old=null
2019-08-30 15:06:18,796 [fc5bbe82-8490-41a4-97d8-e34a13b8703c:group-D49D3A09B945:LeaderElection18] INFO  impl.LeaderElection (LogUtils.java:infoOrTrace(149)) - fc5bbe82-8490-41a4-97d8-e34a13b8703c:group-D49D3A09B945:LeaderElection18 got exception when requesting votes: {}
java.util.concurrent.ExecutionException: org.apache.ratis.thirdparty.io.grpc.StatusRuntimeException: UNAVAILABLE: io exception
	at java.util.concurrent.FutureTask.report(FutureTask.java:122)
	at java.util.concurrent.FutureTask.get(FutureTask.java:192)
	at org.apache.ratis.server.impl.LeaderElection.waitForResults(LeaderElection.java:262)
	at org.apache.ratis.server.impl.LeaderElection.askForVotes(LeaderElection.java:200)
	at org.apache.ratis.server.impl.LeaderElection.run(LeaderElection.java:130)
	at java.lang.Thread.run(Thread.java:748)
Caused by: org.apache.ratis.thirdparty.io.grpc.StatusRuntimeException: UNAVAILABLE: io exception
	at org.apache.ratis.thirdparty.io.grpc.stub.ClientCalls.toStatusRuntimeException(ClientCalls.java:233)
	at org.apache.ratis.thirdparty.io.grpc.stub.ClientCalls.getUnchecked(ClientCalls.java:214)
	at org.apache.ratis.thirdparty.io.grpc.stub.ClientCalls.blockingUnaryCall(ClientCalls.java:139)
	at org.apache.ratis.proto.grpc.RaftServerProtocolServiceGrpc$RaftServerProtocolServiceBlockingStub.requestVote(RaftServerProtocolServiceGrpc.java:265)
	at org.apache.ratis.grpc.server.GrpcServerProtocolClient.requestVote(GrpcServerProtocolClient.java:83)
	at org.apache.ratis.grpc.server.GrpcService.requestVote(GrpcService.java:195)
	at org.apache.ratis.server.impl.LeaderElection.lambda$submitRequests$1(LeaderElection.java:237)
	at java.util.concurrent.FutureTask.run(FutureTask.java:266)
	at java.util.concurrent.Executors$RunnableAdapter.call(Executors.java:511)
	at java.util.concurrent.FutureTask.run(FutureTask.java:266)
	at java.util.concurrent.ThreadPoolExecutor.runWorker(ThreadPoolExecutor.java:1149)
	at java.util.concurrent.ThreadPoolExecutor$Worker.run(ThreadPoolExecutor.java:624)
	... 1 more
Caused by: org.apache.ratis.thirdparty.io.netty.channel.AbstractChannel$AnnotatedConnectException: Connection refused: /192.168.5.134:43177
	at sun.nio.ch.SocketChannelImpl.checkConnect(Native Method)
	at sun.nio.ch.SocketChannelImpl.finishConnect(SocketChannelImpl.java:717)
	at org.apache.ratis.thirdparty.io.netty.channel.socket.nio.NioSocketChannel.doFinishConnect(NioSocketChannel.java:327)
	at org.apache.ratis.thirdparty.io.netty.channel.nio.AbstractNioChannel$AbstractNioUnsafe.finishConnect(AbstractNioChannel.java:340)
	at org.apache.ratis.thirdparty.io.netty.channel.nio.NioEventLoop.processSelectedKey(NioEventLoop.java:632)
	at org.apache.ratis.thirdparty.io.netty.channel.nio.NioEventLoop.processSelectedKeysOptimized(NioEventLoop.java:579)
	at org.apache.ratis.thirdparty.io.netty.channel.nio.NioEventLoop.processSelectedKeys(NioEventLoop.java:496)
	at org.apache.ratis.thirdparty.io.netty.channel.nio.NioEventLoop.run(NioEventLoop.java:458)
	at org.apache.ratis.thirdparty.io.netty.util.concurrent.SingleThreadEventExecutor$5.run(SingleThreadEventExecutor.java:897)
	at org.apache.ratis.thirdparty.io.netty.util.concurrent.FastThreadLocalRunnable.run(FastThreadLocalRunnable.java:30)
	... 1 more
Caused by: java.net.ConnectException: Connection refused
	... 11 more
2019-08-30 15:06:18,799 [fc5bbe82-8490-41a4-97d8-e34a13b8703c:group-D49D3A09B945:LeaderElection18] INFO  impl.LeaderElection (LogUtils.java:infoOrTrace(149)) - fc5bbe82-8490-41a4-97d8-e34a13b8703c:group-D49D3A09B945:LeaderElection18 got exception when requesting votes: {}
java.util.concurrent.ExecutionException: org.apache.ratis.thirdparty.io.grpc.StatusRuntimeException: UNAVAILABLE: io exception
	at java.util.concurrent.FutureTask.report(FutureTask.java:122)
	at java.util.concurrent.FutureTask.get(FutureTask.java:192)
	at org.apache.ratis.server.impl.LeaderElection.waitForResults(LeaderElection.java:262)
	at org.apache.ratis.server.impl.LeaderElection.askForVotes(LeaderElection.java:200)
	at org.apache.ratis.server.impl.LeaderElection.run(LeaderElection.java:130)
	at java.lang.Thread.run(Thread.java:748)
Caused by: org.apache.ratis.thirdparty.io.grpc.StatusRuntimeException: UNAVAILABLE: io exception
	at org.apache.ratis.thirdparty.io.grpc.stub.ClientCalls.toStatusRuntimeException(ClientCalls.java:233)
	at org.apache.ratis.thirdparty.io.grpc.stub.ClientCalls.getUnchecked(ClientCalls.java:214)
	at org.apache.ratis.thirdparty.io.grpc.stub.ClientCalls.blockingUnaryCall(ClientCalls.java:139)
	at org.apache.ratis.proto.grpc.RaftServerProtocolServiceGrpc$RaftServerProtocolServiceBlockingStub.requestVote(RaftServerProtocolServiceGrpc.java:265)
	at org.apache.ratis.grpc.server.GrpcServerProtocolClient.requestVote(GrpcServerProtocolClient.java:83)
	at org.apache.ratis.grpc.server.GrpcService.requestVote(GrpcService.java:195)
	at org.apache.ratis.server.impl.LeaderElection.lambda$submitRequests$1(LeaderElection.java:237)
	at java.util.concurrent.FutureTask.run(FutureTask.java:266)
	at java.util.concurrent.Executors$RunnableAdapter.call(Executors.java:511)
	at java.util.concurrent.FutureTask.run(FutureTask.java:266)
	at java.util.concurrent.ThreadPoolExecutor.runWorker(ThreadPoolExecutor.java:1149)
	at java.util.concurrent.ThreadPoolExecutor$Worker.run(ThreadPoolExecutor.java:624)
	... 1 more
Caused by: org.apache.ratis.thirdparty.io.netty.channel.AbstractChannel$AnnotatedConnectException: Connection refused: /192.168.5.134:46182
	at sun.nio.ch.SocketChannelImpl.checkConnect(Native Method)
	at sun.nio.ch.SocketChannelImpl.finishConnect(SocketChannelImpl.java:717)
	at org.apache.ratis.thirdparty.io.netty.channel.socket.nio.NioSocketChannel.doFinishConnect(NioSocketChannel.java:327)
	at org.apache.ratis.thirdparty.io.netty.channel.nio.AbstractNioChannel$AbstractNioUnsafe.finishConnect(AbstractNioChannel.java:340)
	at org.apache.ratis.thirdparty.io.netty.channel.nio.NioEventLoop.processSelectedKey(NioEventLoop.java:632)
	at org.apache.ratis.thirdparty.io.netty.channel.nio.NioEventLoop.processSelectedKeysOptimized(NioEventLoop.java:579)
	at org.apache.ratis.thirdparty.io.netty.channel.nio.NioEventLoop.processSelectedKeys(NioEventLoop.java:496)
	at org.apache.ratis.thirdparty.io.netty.channel.nio.NioEventLoop.run(NioEventLoop.java:458)
	at org.apache.ratis.thirdparty.io.netty.util.concurrent.SingleThreadEventExecutor$5.run(SingleThreadEventExecutor.java:897)
	at org.apache.ratis.thirdparty.io.netty.util.concurrent.FastThreadLocalRunnable.run(FastThreadLocalRunnable.java:30)
	... 1 more
Caused by: java.net.ConnectException: Connection refused
	... 11 more
2019-08-30 15:06:18,802 [fc5bbe82-8490-41a4-97d8-e34a13b8703c:group-D49D3A09B945:LeaderElection18] INFO  impl.LeaderElection (LeaderElection.java:logAndReturn(56)) - fc5bbe82-8490-41a4-97d8-e34a13b8703c:group-D49D3A09B945:LeaderElection18: Election REJECTED; received 0 response(s) [] and 2 exception(s); fc5bbe82-8490-41a4-97d8-e34a13b8703c:t8, leader=null, voted=fc5bbe82-8490-41a4-97d8-e34a13b8703c, raftlog=fc5bbe82-8490-41a4-97d8-e34a13b8703c-SegmentedRaftLog:OPENED:c16,f16,i16, conf=0: [fc5bbe82-8490-41a4-97d8-e34a13b8703c:192.168.5.134:35726, 56fefae5-2763-4634-a764-1d1f5af899ed:192.168.5.134:43177, ff806b18-47a3-461f-8103-ac239ab05d36:192.168.5.134:46182], old=null
2019-08-30 15:06:18,802 [fc5bbe82-8490-41a4-97d8-e34a13b8703c:group-D49D3A09B945:LeaderElection18] INFO  impl.LeaderElection (LogUtils.java:infoOrTrace(149)) -   Exception 0: {}
java.util.concurrent.ExecutionException: org.apache.ratis.thirdparty.io.grpc.StatusRuntimeException: UNAVAILABLE: io exception
	at java.util.concurrent.FutureTask.report(FutureTask.java:122)
	at java.util.concurrent.FutureTask.get(FutureTask.java:192)
	at org.apache.ratis.server.impl.LeaderElection.waitForResults(LeaderElection.java:262)
	at org.apache.ratis.server.impl.LeaderElection.askForVotes(LeaderElection.java:200)
	at org.apache.ratis.server.impl.LeaderElection.run(LeaderElection.java:130)
	at java.lang.Thread.run(Thread.java:748)
Caused by: org.apache.ratis.thirdparty.io.grpc.StatusRuntimeException: UNAVAILABLE: io exception
	at org.apache.ratis.thirdparty.io.grpc.stub.ClientCalls.toStatusRuntimeException(ClientCalls.java:233)
	at org.apache.ratis.thirdparty.io.grpc.stub.ClientCalls.getUnchecked(ClientCalls.java:214)
	at org.apache.ratis.thirdparty.io.grpc.stub.ClientCalls.blockingUnaryCall(ClientCalls.java:139)
	at org.apache.ratis.proto.grpc.RaftServerProtocolServiceGrpc$RaftServerProtocolServiceBlockingStub.requestVote(RaftServerProtocolServiceGrpc.java:265)
	at org.apache.ratis.grpc.server.GrpcServerProtocolClient.requestVote(GrpcServerProtocolClient.java:83)
	at org.apache.ratis.grpc.server.GrpcService.requestVote(GrpcService.java:195)
	at org.apache.ratis.server.impl.LeaderElection.lambda$submitRequests$1(LeaderElection.java:237)
	at java.util.concurrent.FutureTask.run(FutureTask.java:266)
	at java.util.concurrent.Executors$RunnableAdapter.call(Executors.java:511)
	at java.util.concurrent.FutureTask.run(FutureTask.java:266)
	at java.util.concurrent.ThreadPoolExecutor.runWorker(ThreadPoolExecutor.java:1149)
	at java.util.concurrent.ThreadPoolExecutor$Worker.run(ThreadPoolExecutor.java:624)
	... 1 more
Caused by: org.apache.ratis.thirdparty.io.netty.channel.AbstractChannel$AnnotatedConnectException: Connection refused: /192.168.5.134:43177
	at sun.nio.ch.SocketChannelImpl.checkConnect(Native Method)
	at sun.nio.ch.SocketChannelImpl.finishConnect(SocketChannelImpl.java:717)
	at org.apache.ratis.thirdparty.io.netty.channel.socket.nio.NioSocketChannel.doFinishConnect(NioSocketChannel.java:327)
	at org.apache.ratis.thirdparty.io.netty.channel.nio.AbstractNioChannel$AbstractNioUnsafe.finishConnect(AbstractNioChannel.java:340)
	at org.apache.ratis.thirdparty.io.netty.channel.nio.NioEventLoop.processSelectedKey(NioEventLoop.java:632)
	at org.apache.ratis.thirdparty.io.netty.channel.nio.NioEventLoop.processSelectedKeysOptimized(NioEventLoop.java:579)
	at org.apache.ratis.thirdparty.io.netty.channel.nio.NioEventLoop.processSelectedKeys(NioEventLoop.java:496)
	at org.apache.ratis.thirdparty.io.netty.channel.nio.NioEventLoop.run(NioEventLoop.java:458)
	at org.apache.ratis.thirdparty.io.netty.util.concurrent.SingleThreadEventExecutor$5.run(SingleThreadEventExecutor.java:897)
	at org.apache.ratis.thirdparty.io.netty.util.concurrent.FastThreadLocalRunnable.run(FastThreadLocalRunnable.java:30)
	... 1 more
Caused by: java.net.ConnectException: Connection refused
	... 11 more
2019-08-30 15:06:18,802 [fc5bbe82-8490-41a4-97d8-e34a13b8703c:group-D49D3A09B945:LeaderElection18] INFO  impl.LeaderElection (LogUtils.java:infoOrTrace(149)) -   Exception 1: {}
java.util.concurrent.ExecutionException: org.apache.ratis.thirdparty.io.grpc.StatusRuntimeException: UNAVAILABLE: io exception
	at java.util.concurrent.FutureTask.report(FutureTask.java:122)
	at java.util.concurrent.FutureTask.get(FutureTask.java:192)
	at org.apache.ratis.server.impl.LeaderElection.waitForResults(LeaderElection.java:262)
	at org.apache.ratis.server.impl.LeaderElection.askForVotes(LeaderElection.java:200)
	at org.apache.ratis.server.impl.LeaderElection.run(LeaderElection.java:130)
	at java.lang.Thread.run(Thread.java:748)
Caused by: org.apache.ratis.thirdparty.io.grpc.StatusRuntimeException: UNAVAILABLE: io exception
	at org.apache.ratis.thirdparty.io.grpc.stub.ClientCalls.toStatusRuntimeException(ClientCalls.java:233)
	at org.apache.ratis.thirdparty.io.grpc.stub.ClientCalls.getUnchecked(ClientCalls.java:214)
	at org.apache.ratis.thirdparty.io.grpc.stub.ClientCalls.blockingUnaryCall(ClientCalls.java:139)
	at org.apache.ratis.proto.grpc.RaftServerProtocolServiceGrpc$RaftServerProtocolServiceBlockingStub.requestVote(RaftServerProtocolServiceGrpc.java:265)
	at org.apache.ratis.grpc.server.GrpcServerProtocolClient.requestVote(GrpcServerProtocolClient.java:83)
	at org.apache.ratis.grpc.server.GrpcService.requestVote(GrpcService.java:195)
	at org.apache.ratis.server.impl.LeaderElection.lambda$submitRequests$1(LeaderElection.java:237)
	at java.util.concurrent.FutureTask.run(FutureTask.java:266)
	at java.util.concurrent.Executors$RunnableAdapter.call(Executors.java:511)
	at java.util.concurrent.FutureTask.run(FutureTask.java:266)
	at java.util.concurrent.ThreadPoolExecutor.runWorker(ThreadPoolExecutor.java:1149)
	at java.util.concurrent.ThreadPoolExecutor$Worker.run(ThreadPoolExecutor.java:624)
	... 1 more
Caused by: org.apache.ratis.thirdparty.io.netty.channel.AbstractChannel$AnnotatedConnectException: Connection refused: /192.168.5.134:46182
	at sun.nio.ch.SocketChannelImpl.checkConnect(Native Method)
	at sun.nio.ch.SocketChannelImpl.finishConnect(SocketChannelImpl.java:717)
	at org.apache.ratis.thirdparty.io.netty.channel.socket.nio.NioSocketChannel.doFinishConnect(NioSocketChannel.java:327)
	at org.apache.ratis.thirdparty.io.netty.channel.nio.AbstractNioChannel$AbstractNioUnsafe.finishConnect(AbstractNioChannel.java:340)
	at org.apache.ratis.thirdparty.io.netty.channel.nio.NioEventLoop.processSelectedKey(NioEventLoop.java:632)
	at org.apache.ratis.thirdparty.io.netty.channel.nio.NioEventLoop.processSelectedKeysOptimized(NioEventLoop.java:579)
	at org.apache.ratis.thirdparty.io.netty.channel.nio.NioEventLoop.processSelectedKeys(NioEventLoop.java:496)
	at org.apache.ratis.thirdparty.io.netty.channel.nio.NioEventLoop.run(NioEventLoop.java:458)
	at org.apache.ratis.thirdparty.io.netty.util.concurrent.SingleThreadEventExecutor$5.run(SingleThreadEventExecutor.java:897)
	at org.apache.ratis.thirdparty.io.netty.util.concurrent.FastThreadLocalRunnable.run(FastThreadLocalRunnable.java:30)
	... 1 more
Caused by: java.net.ConnectException: Connection refused
	... 11 more
2019-08-30 15:06:18,803 [fc5bbe82-8490-41a4-97d8-e34a13b8703c:group-D49D3A09B945:LeaderElection18] INFO  impl.RaftServerImpl (RaftServerImpl.java:setRole(171)) - fc5bbe82-8490-41a4-97d8-e34a13b8703c:group-D49D3A09B945 changes role from CANDIDATE to FOLLOWER at term 8 for DISCOVERED_A_NEW_TERM
2019-08-30 15:06:18,805 [fc5bbe82-8490-41a4-97d8-e34a13b8703c:group-D49D3A09B945:LeaderElection18] INFO  impl.RoleInfo (RoleInfo.java:shutdownLeaderElection(134)) - fc5bbe82-8490-41a4-97d8-e34a13b8703c: shutdown LeaderElection
2019-08-30 15:06:18,805 [fc5bbe82-8490-41a4-97d8-e34a13b8703c:group-D49D3A09B945:LeaderElection18] INFO  impl.RoleInfo (RoleInfo.java:updateAndGet(143)) - fc5bbe82-8490-41a4-97d8-e34a13b8703c: start FollowerState
2019-08-30 15:06:18,946 | INFO  | SCMAudit | user=jenkins1000 | ip=192.168.5.134 | op=SEND_HEARTBEAT {datanodeUUID=f7e068fb-6143-4078-8f73-64e97620f45b, command=[]} | ret=SUCCESS |  
2019-08-30 15:06:19,024 | INFO  | SCMAudit | user=jenkins1000 | ip=192.168.5.134 | op=SEND_HEARTBEAT {datanodeUUID=a7864295-ee65-4810-9484-3806f14c48e5, command=[]} | ret=SUCCESS |  
2019-08-30 15:06:19,226 | INFO  | SCMAudit | user=jenkins1000 | ip=192.168.5.134 | op=SEND_HEARTBEAT {datanodeUUID=fc5bbe82-8490-41a4-97d8-e34a13b8703c, command=[]} | ret=SUCCESS |  
2019-08-30 15:06:19,232 | INFO  | SCMAudit | user=jenkins1000 | ip=192.168.5.134 | op=SEND_HEARTBEAT {datanodeUUID=d5adc888-1e0a-4c25-807e-09fade1f1b41, command=[]} | ret=SUCCESS |  
2019-08-30 15:06:19,287 | INFO  | SCMAudit | user=jenkins1000 | ip=192.168.5.134 | op=SEND_HEARTBEAT {datanodeUUID=051f1e26-d98e-44a9-be86-7d4b3c80ff32, command=[]} | ret=SUCCESS |  
2019-08-30 15:06:19,945 | INFO  | SCMAudit | user=jenkins1000 | ip=192.168.5.134 | op=SEND_HEARTBEAT {datanodeUUID=f7e068fb-6143-4078-8f73-64e97620f45b, command=[]} | ret=SUCCESS |  
2019-08-30 15:06:20,024 | INFO  | SCMAudit | user=jenkins1000 | ip=192.168.5.134 | op=SEND_HEARTBEAT {datanodeUUID=a7864295-ee65-4810-9484-3806f14c48e5, command=[]} | ret=SUCCESS |  
2019-08-30 15:06:20,226 | INFO  | SCMAudit | user=jenkins1000 | ip=192.168.5.134 | op=SEND_HEARTBEAT {datanodeUUID=fc5bbe82-8490-41a4-97d8-e34a13b8703c, command=[]} | ret=SUCCESS |  
2019-08-30 15:06:20,232 | INFO  | SCMAudit | user=jenkins1000 | ip=192.168.5.134 | op=SEND_HEARTBEAT {datanodeUUID=d5adc888-1e0a-4c25-807e-09fade1f1b41, command=[]} | ret=SUCCESS |  
2019-08-30 15:06:20,286 | INFO  | SCMAudit | user=jenkins1000 | ip=192.168.5.134 | op=SEND_HEARTBEAT {datanodeUUID=051f1e26-d98e-44a9-be86-7d4b3c80ff32, command=[]} | ret=SUCCESS |  
2019-08-30 15:06:20,640 [grpc-default-executor-1] INFO  client.GrpcClientProtocolClient (GrpcClientProtocolClient.java:onNext(255)) - client-29B5ABD7A86F->fc5bbe82-8490-41a4-97d8-e34a13b8703c: receive RaftClientReply:client-29B5ABD7A86F->fc5bbe82-8490-41a4-97d8-e34a13b8703c@group-D49D3A09B945, cid=22, FAILED org.apache.ratis.protocol.NotLeaderException: Server fc5bbe82-8490-41a4-97d8-e34a13b8703c is not the leader (null). Request must be sent to leader., logIndex=0, commits[fc5bbe82-8490-41a4-97d8-e34a13b8703c:c16, 56fefae5-2763-4634-a764-1d1f5af899ed:c16, ff806b18-47a3-461f-8103-ac239ab05d36:c16]
2019-08-30 15:06:20,945 | INFO  | SCMAudit | user=jenkins1000 | ip=192.168.5.134 | op=SEND_HEARTBEAT {datanodeUUID=f7e068fb-6143-4078-8f73-64e97620f45b, command=[]} | ret=SUCCESS |  
2019-08-30 15:06:21,023 | INFO  | SCMAudit | user=jenkins1000 | ip=192.168.5.134 | op=SEND_HEARTBEAT {datanodeUUID=a7864295-ee65-4810-9484-3806f14c48e5, command=[]} | ret=SUCCESS |  
2019-08-30 15:06:21,227 | INFO  | SCMAudit | user=jenkins1000 | ip=192.168.5.134 | op=SEND_HEARTBEAT {datanodeUUID=fc5bbe82-8490-41a4-97d8-e34a13b8703c, command=[]} | ret=SUCCESS |  
2019-08-30 15:06:21,232 | INFO  | SCMAudit | user=jenkins1000 | ip=192.168.5.134 | op=SEND_HEARTBEAT {datanodeUUID=d5adc888-1e0a-4c25-807e-09fade1f1b41, command=[]} | ret=SUCCESS |  
2019-08-30 15:06:21,287 | INFO  | SCMAudit | user=jenkins1000 | ip=192.168.5.134 | op=SEND_HEARTBEAT {datanodeUUID=051f1e26-d98e-44a9-be86-7d4b3c80ff32, command=[]} | ret=SUCCESS |  
2019-08-30 15:06:21,948 | INFO  | SCMAudit | user=jenkins1000 | ip=192.168.5.134 | op=SEND_HEARTBEAT {datanodeUUID=f7e068fb-6143-4078-8f73-64e97620f45b, command=[]} | ret=SUCCESS |  
2019-08-30 15:06:22,024 | INFO  | SCMAudit | user=jenkins1000 | ip=192.168.5.134 | op=SEND_HEARTBEAT {datanodeUUID=a7864295-ee65-4810-9484-3806f14c48e5, command=[]} | ret=SUCCESS |  
2019-08-30 15:06:22,226 | INFO  | SCMAudit | user=jenkins1000 | ip=192.168.5.134 | op=SEND_HEARTBEAT {datanodeUUID=fc5bbe82-8490-41a4-97d8-e34a13b8703c, command=[]} | ret=SUCCESS |  
2019-08-30 15:06:22,233 | INFO  | SCMAudit | user=jenkins1000 | ip=192.168.5.134 | op=SEND_HEARTBEAT {datanodeUUID=d5adc888-1e0a-4c25-807e-09fade1f1b41, command=[]} | ret=SUCCESS |  
2019-08-30 15:06:22,286 | INFO  | SCMAudit | user=jenkins1000 | ip=192.168.5.134 | op=SEND_HEARTBEAT {datanodeUUID=051f1e26-d98e-44a9-be86-7d4b3c80ff32, command=[]} | ret=SUCCESS |  
2019-08-30 15:06:22,658 [grpc-default-executor-1] INFO  client.GrpcClientProtocolClient (GrpcClientProtocolClient.java:onNext(255)) - client-29B5ABD7A86F->fc5bbe82-8490-41a4-97d8-e34a13b8703c: receive RaftClientReply:client-29B5ABD7A86F->fc5bbe82-8490-41a4-97d8-e34a13b8703c@group-D49D3A09B945, cid=22, FAILED org.apache.ratis.protocol.NotLeaderException: Server fc5bbe82-8490-41a4-97d8-e34a13b8703c is not the leader (null). Request must be sent to leader., logIndex=0, commits[fc5bbe82-8490-41a4-97d8-e34a13b8703c:c16, 56fefae5-2763-4634-a764-1d1f5af899ed:c16, ff806b18-47a3-461f-8103-ac239ab05d36:c16]
2019-08-30 15:06:22,945 | INFO  | SCMAudit | user=jenkins1000 | ip=192.168.5.134 | op=SEND_HEARTBEAT {datanodeUUID=f7e068fb-6143-4078-8f73-64e97620f45b, command=[]} | ret=SUCCESS |  
2019-08-30 15:06:23,024 | INFO  | SCMAudit | user=jenkins1000 | ip=192.168.5.134 | op=SEND_HEARTBEAT {datanodeUUID=a7864295-ee65-4810-9484-3806f14c48e5, command=[]} | ret=SUCCESS |  
2019-08-30 15:06:23,226 | INFO  | SCMAudit | user=jenkins1000 | ip=192.168.5.134 | op=SEND_HEARTBEAT {datanodeUUID=fc5bbe82-8490-41a4-97d8-e34a13b8703c, command=[]} | ret=SUCCESS |  
2019-08-30 15:06:23,233 | INFO  | SCMAudit | user=jenkins1000 | ip=192.168.5.134 | op=SEND_HEARTBEAT {datanodeUUID=d5adc888-1e0a-4c25-807e-09fade1f1b41, command=[]} | ret=SUCCESS |  
2019-08-30 15:06:23,286 | INFO  | SCMAudit | user=jenkins1000 | ip=192.168.5.134 | op=SEND_HEARTBEAT {datanodeUUID=051f1e26-d98e-44a9-be86-7d4b3c80ff32, command=[]} | ret=SUCCESS |  
2019-08-30 15:06:23,946 | INFO  | SCMAudit | user=jenkins1000 | ip=192.168.5.134 | op=SEND_HEARTBEAT {datanodeUUID=f7e068fb-6143-4078-8f73-64e97620f45b, command=[]} | ret=SUCCESS |  
2019-08-30 15:06:23,989 [Thread-541] INFO  impl.FollowerState (FollowerState.java:run(106)) - fc5bbe82-8490-41a4-97d8-e34a13b8703c:group-D49D3A09B945 changes to CANDIDATE, lastRpcTime:5183, electionTimeout:5181ms
2019-08-30 15:06:23,989 [Thread-541] INFO  impl.RoleInfo (RoleInfo.java:shutdownFollowerState(121)) - fc5bbe82-8490-41a4-97d8-e34a13b8703c: shutdown FollowerState
2019-08-30 15:06:23,989 [Thread-541] INFO  impl.RaftServerImpl (RaftServerImpl.java:setRole(171)) - fc5bbe82-8490-41a4-97d8-e34a13b8703c:group-D49D3A09B945 changes role from FOLLOWER to CANDIDATE at term 8 for changeToCandidate
2019-08-30 15:06:23,990 [Thread-541] INFO  impl.RoleInfo (RoleInfo.java:updateAndGet(143)) - fc5bbe82-8490-41a4-97d8-e34a13b8703c: start LeaderElection
2019-08-30 15:06:24,008 [fc5bbe82-8490-41a4-97d8-e34a13b8703c:group-D49D3A09B945:LeaderElection19] INFO  impl.LeaderElection (LeaderElection.java:askForVotes(181)) - fc5bbe82-8490-41a4-97d8-e34a13b8703c:group-D49D3A09B945:LeaderElection19: begin an election at term 9 for 0: [fc5bbe82-8490-41a4-97d8-e34a13b8703c:192.168.5.134:35726, 56fefae5-2763-4634-a764-1d1f5af899ed:192.168.5.134:43177, ff806b18-47a3-461f-8103-ac239ab05d36:192.168.5.134:46182], old=null
2019-08-30 15:06:24,009 [fc5bbe82-8490-41a4-97d8-e34a13b8703c:group-D49D3A09B945:LeaderElection19] INFO  impl.LeaderElection (LogUtils.java:infoOrTrace(149)) - fc5bbe82-8490-41a4-97d8-e34a13b8703c:group-D49D3A09B945:LeaderElection19 got exception when requesting votes: {}
java.util.concurrent.ExecutionException: org.apache.ratis.thirdparty.io.grpc.StatusRuntimeException: UNAVAILABLE: io exception
	at java.util.concurrent.FutureTask.report(FutureTask.java:122)
	at java.util.concurrent.FutureTask.get(FutureTask.java:192)
	at org.apache.ratis.server.impl.LeaderElection.waitForResults(LeaderElection.java:262)
	at org.apache.ratis.server.impl.LeaderElection.askForVotes(LeaderElection.java:200)
	at org.apache.ratis.server.impl.LeaderElection.run(LeaderElection.java:130)
	at java.lang.Thread.run(Thread.java:748)
Caused by: org.apache.ratis.thirdparty.io.grpc.StatusRuntimeException: UNAVAILABLE: io exception
	at org.apache.ratis.thirdparty.io.grpc.stub.ClientCalls.toStatusRuntimeException(ClientCalls.java:233)
	at org.apache.ratis.thirdparty.io.grpc.stub.ClientCalls.getUnchecked(ClientCalls.java:214)
	at org.apache.ratis.thirdparty.io.grpc.stub.ClientCalls.blockingUnaryCall(ClientCalls.java:139)
	at org.apache.ratis.proto.grpc.RaftServerProtocolServiceGrpc$RaftServerProtocolServiceBlockingStub.requestVote(RaftServerProtocolServiceGrpc.java:265)
	at org.apache.ratis.grpc.server.GrpcServerProtocolClient.requestVote(GrpcServerProtocolClient.java:83)
	at org.apache.ratis.grpc.server.GrpcService.requestVote(GrpcService.java:195)
	at org.apache.ratis.server.impl.LeaderElection.lambda$submitRequests$1(LeaderElection.java:237)
	at java.util.concurrent.FutureTask.run(FutureTask.java:266)
	at java.util.concurrent.Executors$RunnableAdapter.call(Executors.java:511)
	at java.util.concurrent.FutureTask.run(FutureTask.java:266)
	at java.util.concurrent.ThreadPoolExecutor.runWorker(ThreadPoolExecutor.java:1149)
	at java.util.concurrent.ThreadPoolExecutor$Worker.run(ThreadPoolExecutor.java:624)
	... 1 more
Caused by: org.apache.ratis.thirdparty.io.netty.channel.AbstractChannel$AnnotatedConnectException: Connection refused: /192.168.5.134:43177
	at sun.nio.ch.SocketChannelImpl.checkConnect(Native Method)
	at sun.nio.ch.SocketChannelImpl.finishConnect(SocketChannelImpl.java:717)
	at org.apache.ratis.thirdparty.io.netty.channel.socket.nio.NioSocketChannel.doFinishConnect(NioSocketChannel.java:327)
	at org.apache.ratis.thirdparty.io.netty.channel.nio.AbstractNioChannel$AbstractNioUnsafe.finishConnect(AbstractNioChannel.java:340)
	at org.apache.ratis.thirdparty.io.netty.channel.nio.NioEventLoop.processSelectedKey(NioEventLoop.java:632)
	at org.apache.ratis.thirdparty.io.netty.channel.nio.NioEventLoop.processSelectedKeysOptimized(NioEventLoop.java:579)
	at org.apache.ratis.thirdparty.io.netty.channel.nio.NioEventLoop.processSelectedKeys(NioEventLoop.java:496)
	at org.apache.ratis.thirdparty.io.netty.channel.nio.NioEventLoop.run(NioEventLoop.java:458)
	at org.apache.ratis.thirdparty.io.netty.util.concurrent.SingleThreadEventExecutor$5.run(SingleThreadEventExecutor.java:897)
	at org.apache.ratis.thirdparty.io.netty.util.concurrent.FastThreadLocalRunnable.run(FastThreadLocalRunnable.java:30)
	... 1 more
Caused by: java.net.ConnectException: Connection refused
	... 11 more
2019-08-30 15:06:24,014 [fc5bbe82-8490-41a4-97d8-e34a13b8703c:group-D49D3A09B945:LeaderElection19] INFO  impl.LeaderElection (LogUtils.java:infoOrTrace(149)) - fc5bbe82-8490-41a4-97d8-e34a13b8703c:group-D49D3A09B945:LeaderElection19 got exception when requesting votes: {}
java.util.concurrent.ExecutionException: org.apache.ratis.thirdparty.io.grpc.StatusRuntimeException: UNAVAILABLE: io exception
	at java.util.concurrent.FutureTask.report(FutureTask.java:122)
	at java.util.concurrent.FutureTask.get(FutureTask.java:192)
	at org.apache.ratis.server.impl.LeaderElection.waitForResults(LeaderElection.java:262)
	at org.apache.ratis.server.impl.LeaderElection.askForVotes(LeaderElection.java:200)
	at org.apache.ratis.server.impl.LeaderElection.run(LeaderElection.java:130)
	at java.lang.Thread.run(Thread.java:748)
Caused by: org.apache.ratis.thirdparty.io.grpc.StatusRuntimeException: UNAVAILABLE: io exception
	at org.apache.ratis.thirdparty.io.grpc.stub.ClientCalls.toStatusRuntimeException(ClientCalls.java:233)
	at org.apache.ratis.thirdparty.io.grpc.stub.ClientCalls.getUnchecked(ClientCalls.java:214)
	at org.apache.ratis.thirdparty.io.grpc.stub.ClientCalls.blockingUnaryCall(ClientCalls.java:139)
	at org.apache.ratis.proto.grpc.RaftServerProtocolServiceGrpc$RaftServerProtocolServiceBlockingStub.requestVote(RaftServerProtocolServiceGrpc.java:265)
	at org.apache.ratis.grpc.server.GrpcServerProtocolClient.requestVote(GrpcServerProtocolClient.java:83)
	at org.apache.ratis.grpc.server.GrpcService.requestVote(GrpcService.java:195)
	at org.apache.ratis.server.impl.LeaderElection.lambda$submitRequests$1(LeaderElection.java:237)
	at java.util.concurrent.FutureTask.run(FutureTask.java:266)
	at java.util.concurrent.Executors$RunnableAdapter.call(Executors.java:511)
	at java.util.concurrent.FutureTask.run(FutureTask.java:266)
	at java.util.concurrent.ThreadPoolExecutor.runWorker(ThreadPoolExecutor.java:1149)
	at java.util.concurrent.ThreadPoolExecutor$Worker.run(ThreadPoolExecutor.java:624)
	... 1 more
Caused by: org.apache.ratis.thirdparty.io.netty.channel.AbstractChannel$AnnotatedConnectException: Connection refused: /192.168.5.134:46182
	at sun.nio.ch.SocketChannelImpl.checkConnect(Native Method)
	at sun.nio.ch.SocketChannelImpl.finishConnect(SocketChannelImpl.java:717)
	at org.apache.ratis.thirdparty.io.netty.channel.socket.nio.NioSocketChannel.doFinishConnect(NioSocketChannel.java:327)
	at org.apache.ratis.thirdparty.io.netty.channel.nio.AbstractNioChannel$AbstractNioUnsafe.finishConnect(AbstractNioChannel.java:340)
	at org.apache.ratis.thirdparty.io.netty.channel.nio.NioEventLoop.processSelectedKey(NioEventLoop.java:632)
	at org.apache.ratis.thirdparty.io.netty.channel.nio.NioEventLoop.processSelectedKeysOptimized(NioEventLoop.java:579)
	at org.apache.ratis.thirdparty.io.netty.channel.nio.NioEventLoop.processSelectedKeys(NioEventLoop.java:496)
	at org.apache.ratis.thirdparty.io.netty.channel.nio.NioEventLoop.run(NioEventLoop.java:458)
	at org.apache.ratis.thirdparty.io.netty.util.concurrent.SingleThreadEventExecutor$5.run(SingleThreadEventExecutor.java:897)
	at org.apache.ratis.thirdparty.io.netty.util.concurrent.FastThreadLocalRunnable.run(FastThreadLocalRunnable.java:30)
	... 1 more
Caused by: java.net.ConnectException: Connection refused
	... 11 more
2019-08-30 15:06:24,017 [fc5bbe82-8490-41a4-97d8-e34a13b8703c:group-D49D3A09B945:LeaderElection19] INFO  impl.LeaderElection (LeaderElection.java:logAndReturn(56)) - fc5bbe82-8490-41a4-97d8-e34a13b8703c:group-D49D3A09B945:LeaderElection19: Election REJECTED; received 0 response(s) [] and 2 exception(s); fc5bbe82-8490-41a4-97d8-e34a13b8703c:t9, leader=null, voted=fc5bbe82-8490-41a4-97d8-e34a13b8703c, raftlog=fc5bbe82-8490-41a4-97d8-e34a13b8703c-SegmentedRaftLog:OPENED:c16,f16,i16, conf=0: [fc5bbe82-8490-41a4-97d8-e34a13b8703c:192.168.5.134:35726, 56fefae5-2763-4634-a764-1d1f5af899ed:192.168.5.134:43177, ff806b18-47a3-461f-8103-ac239ab05d36:192.168.5.134:46182], old=null
2019-08-30 15:06:24,017 [fc5bbe82-8490-41a4-97d8-e34a13b8703c:group-D49D3A09B945:LeaderElection19] INFO  impl.LeaderElection (LogUtils.java:infoOrTrace(149)) -   Exception 0: {}
java.util.concurrent.ExecutionException: org.apache.ratis.thirdparty.io.grpc.StatusRuntimeException: UNAVAILABLE: io exception
	at java.util.concurrent.FutureTask.report(FutureTask.java:122)
	at java.util.concurrent.FutureTask.get(FutureTask.java:192)
	at org.apache.ratis.server.impl.LeaderElection.waitForResults(LeaderElection.java:262)
	at org.apache.ratis.server.impl.LeaderElection.askForVotes(LeaderElection.java:200)
	at org.apache.ratis.server.impl.LeaderElection.run(LeaderElection.java:130)
	at java.lang.Thread.run(Thread.java:748)
Caused by: org.apache.ratis.thirdparty.io.grpc.StatusRuntimeException: UNAVAILABLE: io exception
	at org.apache.ratis.thirdparty.io.grpc.stub.ClientCalls.toStatusRuntimeException(ClientCalls.java:233)
	at org.apache.ratis.thirdparty.io.grpc.stub.ClientCalls.getUnchecked(ClientCalls.java:214)
	at org.apache.ratis.thirdparty.io.grpc.stub.ClientCalls.blockingUnaryCall(ClientCalls.java:139)
	at org.apache.ratis.proto.grpc.RaftServerProtocolServiceGrpc$RaftServerProtocolServiceBlockingStub.requestVote(RaftServerProtocolServiceGrpc.java:265)
	at org.apache.ratis.grpc.server.GrpcServerProtocolClient.requestVote(GrpcServerProtocolClient.java:83)
	at org.apache.ratis.grpc.server.GrpcService.requestVote(GrpcService.java:195)
	at org.apache.ratis.server.impl.LeaderElection.lambda$submitRequests$1(LeaderElection.java:237)
	at java.util.concurrent.FutureTask.run(FutureTask.java:266)
	at java.util.concurrent.Executors$RunnableAdapter.call(Executors.java:511)
	at java.util.concurrent.FutureTask.run(FutureTask.java:266)
	at java.util.concurrent.ThreadPoolExecutor.runWorker(ThreadPoolExecutor.java:1149)
	at java.util.concurrent.ThreadPoolExecutor$Worker.run(ThreadPoolExecutor.java:624)
	... 1 more
Caused by: org.apache.ratis.thirdparty.io.netty.channel.AbstractChannel$AnnotatedConnectException: Connection refused: /192.168.5.134:43177
	at sun.nio.ch.SocketChannelImpl.checkConnect(Native Method)
	at sun.nio.ch.SocketChannelImpl.finishConnect(SocketChannelImpl.java:717)
	at org.apache.ratis.thirdparty.io.netty.channel.socket.nio.NioSocketChannel.doFinishConnect(NioSocketChannel.java:327)
	at org.apache.ratis.thirdparty.io.netty.channel.nio.AbstractNioChannel$AbstractNioUnsafe.finishConnect(AbstractNioChannel.java:340)
	at org.apache.ratis.thirdparty.io.netty.channel.nio.NioEventLoop.processSelectedKey(NioEventLoop.java:632)
	at org.apache.ratis.thirdparty.io.netty.channel.nio.NioEventLoop.processSelectedKeysOptimized(NioEventLoop.java:579)
	at org.apache.ratis.thirdparty.io.netty.channel.nio.NioEventLoop.processSelectedKeys(NioEventLoop.java:496)
	at org.apache.ratis.thirdparty.io.netty.channel.nio.NioEventLoop.run(NioEventLoop.java:458)
	at org.apache.ratis.thirdparty.io.netty.util.concurrent.SingleThreadEventExecutor$5.run(SingleThreadEventExecutor.java:897)
	at org.apache.ratis.thirdparty.io.netty.util.concurrent.FastThreadLocalRunnable.run(FastThreadLocalRunnable.java:30)
	... 1 more
Caused by: java.net.ConnectException: Connection refused
	... 11 more
2019-08-30 15:06:24,017 [fc5bbe82-8490-41a4-97d8-e34a13b8703c:group-D49D3A09B945:LeaderElection19] INFO  impl.LeaderElection (LogUtils.java:infoOrTrace(149)) -   Exception 1: {}
java.util.concurrent.ExecutionException: org.apache.ratis.thirdparty.io.grpc.StatusRuntimeException: UNAVAILABLE: io exception
	at java.util.concurrent.FutureTask.report(FutureTask.java:122)
	at java.util.concurrent.FutureTask.get(FutureTask.java:192)
	at org.apache.ratis.server.impl.LeaderElection.waitForResults(LeaderElection.java:262)
	at org.apache.ratis.server.impl.LeaderElection.askForVotes(LeaderElection.java:200)
	at org.apache.ratis.server.impl.LeaderElection.run(LeaderElection.java:130)
	at java.lang.Thread.run(Thread.java:748)
Caused by: org.apache.ratis.thirdparty.io.grpc.StatusRuntimeException: UNAVAILABLE: io exception
	at org.apache.ratis.thirdparty.io.grpc.stub.ClientCalls.toStatusRuntimeException(ClientCalls.java:233)
	at org.apache.ratis.thirdparty.io.grpc.stub.ClientCalls.getUnchecked(ClientCalls.java:214)
	at org.apache.ratis.thirdparty.io.grpc.stub.ClientCalls.blockingUnaryCall(ClientCalls.java:139)
	at org.apache.ratis.proto.grpc.RaftServerProtocolServiceGrpc$RaftServerProtocolServiceBlockingStub.requestVote(RaftServerProtocolServiceGrpc.java:265)
	at org.apache.ratis.grpc.server.GrpcServerProtocolClient.requestVote(GrpcServerProtocolClient.java:83)
	at org.apache.ratis.grpc.server.GrpcService.requestVote(GrpcService.java:195)
	at org.apache.ratis.server.impl.LeaderElection.lambda$submitRequests$1(LeaderElection.java:237)
	at java.util.concurrent.FutureTask.run(FutureTask.java:266)
	at java.util.concurrent.Executors$RunnableAdapter.call(Executors.java:511)
	at java.util.concurrent.FutureTask.run(FutureTask.java:266)
	at java.util.concurrent.ThreadPoolExecutor.runWorker(ThreadPoolExecutor.java:1149)
	at java.util.concurrent.ThreadPoolExecutor$Worker.run(ThreadPoolExecutor.java:624)
	... 1 more
Caused by: org.apache.ratis.thirdparty.io.netty.channel.AbstractChannel$AnnotatedConnectException: Connection refused: /192.168.5.134:46182
	at sun.nio.ch.SocketChannelImpl.checkConnect(Native Method)
	at sun.nio.ch.SocketChannelImpl.finishConnect(SocketChannelImpl.java:717)
	at org.apache.ratis.thirdparty.io.netty.channel.socket.nio.NioSocketChannel.doFinishConnect(NioSocketChannel.java:327)
	at org.apache.ratis.thirdparty.io.netty.channel.nio.AbstractNioChannel$AbstractNioUnsafe.finishConnect(AbstractNioChannel.java:340)
	at org.apache.ratis.thirdparty.io.netty.channel.nio.NioEventLoop.processSelectedKey(NioEventLoop.java:632)
	at org.apache.ratis.thirdparty.io.netty.channel.nio.NioEventLoop.processSelectedKeysOptimized(NioEventLoop.java:579)
	at org.apache.ratis.thirdparty.io.netty.channel.nio.NioEventLoop.processSelectedKeys(NioEventLoop.java:496)
	at org.apache.ratis.thirdparty.io.netty.channel.nio.NioEventLoop.run(NioEventLoop.java:458)
	at org.apache.ratis.thirdparty.io.netty.util.concurrent.SingleThreadEventExecutor$5.run(SingleThreadEventExecutor.java:897)
	at org.apache.ratis.thirdparty.io.netty.util.concurrent.FastThreadLocalRunnable.run(FastThreadLocalRunnable.java:30)
	... 1 more
Caused by: java.net.ConnectException: Connection refused
	... 11 more
2019-08-30 15:06:24,021 [fc5bbe82-8490-41a4-97d8-e34a13b8703c:group-D49D3A09B945:LeaderElection19] INFO  impl.RaftServerImpl (RaftServerImpl.java:setRole(171)) - fc5bbe82-8490-41a4-97d8-e34a13b8703c:group-D49D3A09B945 changes role from CANDIDATE to FOLLOWER at term 9 for DISCOVERED_A_NEW_TERM
2019-08-30 15:06:24,023 [fc5bbe82-8490-41a4-97d8-e34a13b8703c:group-D49D3A09B945:LeaderElection19] INFO  impl.RoleInfo (RoleInfo.java:shutdownLeaderElection(134)) - fc5bbe82-8490-41a4-97d8-e34a13b8703c: shutdown LeaderElection
2019-08-30 15:06:24,023 [fc5bbe82-8490-41a4-97d8-e34a13b8703c:group-D49D3A09B945:LeaderElection19] INFO  impl.RoleInfo (RoleInfo.java:updateAndGet(143)) - fc5bbe82-8490-41a4-97d8-e34a13b8703c: start FollowerState
2019-08-30 15:06:24,026 | INFO  | SCMAudit | user=jenkins1000 | ip=192.168.5.134 | op=SEND_HEARTBEAT {datanodeUUID=a7864295-ee65-4810-9484-3806f14c48e5, command=[]} | ret=SUCCESS |  
2019-08-30 15:06:24,226 | INFO  | SCMAudit | user=jenkins1000 | ip=192.168.5.134 | op=SEND_HEARTBEAT {datanodeUUID=fc5bbe82-8490-41a4-97d8-e34a13b8703c, command=[]} | ret=SUCCESS |  
2019-08-30 15:06:24,234 | INFO  | SCMAudit | user=jenkins1000 | ip=192.168.5.134 | op=SEND_HEARTBEAT {datanodeUUID=d5adc888-1e0a-4c25-807e-09fade1f1b41, command=[]} | ret=SUCCESS |  
2019-08-30 15:06:24,286 | INFO  | SCMAudit | user=jenkins1000 | ip=192.168.5.134 | op=SEND_HEARTBEAT {datanodeUUID=051f1e26-d98e-44a9-be86-7d4b3c80ff32, command=[]} | ret=SUCCESS |  
2019-08-30 15:06:24,946 | INFO  | SCMAudit | user=jenkins1000 | ip=192.168.5.134 | op=SEND_HEARTBEAT {datanodeUUID=f7e068fb-6143-4078-8f73-64e97620f45b, command=[]} | ret=SUCCESS |  
2019-08-30 15:06:25,025 | INFO  | SCMAudit | user=jenkins1000 | ip=192.168.5.134 | op=SEND_HEARTBEAT {datanodeUUID=a7864295-ee65-4810-9484-3806f14c48e5, command=[]} | ret=SUCCESS |  
2019-08-30 15:06:25,227 | INFO  | SCMAudit | user=jenkins1000 | ip=192.168.5.134 | op=SEND_HEARTBEAT {datanodeUUID=fc5bbe82-8490-41a4-97d8-e34a13b8703c, command=[]} | ret=SUCCESS |  
2019-08-30 15:06:25,235 | INFO  | SCMAudit | user=jenkins1000 | ip=192.168.5.134 | op=SEND_HEARTBEAT {datanodeUUID=d5adc888-1e0a-4c25-807e-09fade1f1b41, command=[]} | ret=SUCCESS |  
2019-08-30 15:06:25,286 | INFO  | SCMAudit | user=jenkins1000 | ip=192.168.5.134 | op=SEND_HEARTBEAT {datanodeUUID=051f1e26-d98e-44a9-be86-7d4b3c80ff32, command=[]} | ret=SUCCESS |  
2019-08-30 15:06:25,684 [grpc-default-executor-3] INFO  client.GrpcClientProtocolClient (GrpcClientProtocolClient.java:onNext(255)) - client-29B5ABD7A86F->fc5bbe82-8490-41a4-97d8-e34a13b8703c: receive RaftClientReply:client-29B5ABD7A86F->fc5bbe82-8490-41a4-97d8-e34a13b8703c@group-D49D3A09B945, cid=22, FAILED org.apache.ratis.protocol.NotLeaderException: Server fc5bbe82-8490-41a4-97d8-e34a13b8703c is not the leader (null). Request must be sent to leader., logIndex=0, commits[fc5bbe82-8490-41a4-97d8-e34a13b8703c:c16, 56fefae5-2763-4634-a764-1d1f5af899ed:c16, ff806b18-47a3-461f-8103-ac239ab05d36:c16]
2019-08-30 15:06:25,945 | INFO  | SCMAudit | user=jenkins1000 | ip=192.168.5.134 | op=SEND_HEARTBEAT {datanodeUUID=f7e068fb-6143-4078-8f73-64e97620f45b, command=[]} | ret=SUCCESS |  
2019-08-30 15:06:26,026 | INFO  | SCMAudit | user=jenkins1000 | ip=192.168.5.134 | op=SEND_HEARTBEAT {datanodeUUID=a7864295-ee65-4810-9484-3806f14c48e5, command=[]} | ret=SUCCESS |  
2019-08-30 15:06:26,227 | INFO  | SCMAudit | user=jenkins1000 | ip=192.168.5.134 | op=SEND_HEARTBEAT {datanodeUUID=fc5bbe82-8490-41a4-97d8-e34a13b8703c, command=[]} | ret=SUCCESS |  
2019-08-30 15:06:26,235 | INFO  | SCMAudit | user=jenkins1000 | ip=192.168.5.134 | op=SEND_HEARTBEAT {datanodeUUID=d5adc888-1e0a-4c25-807e-09fade1f1b41, command=[]} | ret=SUCCESS |  
2019-08-30 15:06:26,288 | INFO  | SCMAudit | user=jenkins1000 | ip=192.168.5.134 | op=SEND_HEARTBEAT {datanodeUUID=051f1e26-d98e-44a9-be86-7d4b3c80ff32, command=[]} | ret=SUCCESS |  
2019-08-30 15:06:26,946 | INFO  | SCMAudit | user=jenkins1000 | ip=192.168.5.134 | op=SEND_HEARTBEAT {datanodeUUID=f7e068fb-6143-4078-8f73-64e97620f45b, command=[]} | ret=SUCCESS |  
2019-08-30 15:06:27,026 | INFO  | SCMAudit | user=jenkins1000 | ip=192.168.5.134 | op=SEND_HEARTBEAT {datanodeUUID=a7864295-ee65-4810-9484-3806f14c48e5, command=[]} | ret=SUCCESS |  
2019-08-30 15:06:27,227 | INFO  | SCMAudit | user=jenkins1000 | ip=192.168.5.134 | op=SEND_HEARTBEAT {datanodeUUID=fc5bbe82-8490-41a4-97d8-e34a13b8703c, command=[]} | ret=SUCCESS |  
2019-08-30 15:06:27,234 | INFO  | SCMAudit | user=jenkins1000 | ip=192.168.5.134 | op=SEND_HEARTBEAT {datanodeUUID=d5adc888-1e0a-4c25-807e-09fade1f1b41, command=[]} | ret=SUCCESS |  
2019-08-30 15:06:27,287 | INFO  | SCMAudit | user=jenkins1000 | ip=192.168.5.134 | op=SEND_HEARTBEAT {datanodeUUID=051f1e26-d98e-44a9-be86-7d4b3c80ff32, command=[]} | ret=SUCCESS |  
2019-08-30 15:06:27,706 [grpc-default-executor-4] INFO  client.GrpcClientProtocolClient (GrpcClientProtocolClient.java:onNext(255)) - client-29B5ABD7A86F->fc5bbe82-8490-41a4-97d8-e34a13b8703c: receive RaftClientReply:client-29B5ABD7A86F->fc5bbe82-8490-41a4-97d8-e34a13b8703c@group-D49D3A09B945, cid=22, FAILED org.apache.ratis.protocol.NotLeaderException: Server fc5bbe82-8490-41a4-97d8-e34a13b8703c is not the leader (null). Request must be sent to leader., logIndex=0, commits[fc5bbe82-8490-41a4-97d8-e34a13b8703c:c16, 56fefae5-2763-4634-a764-1d1f5af899ed:c16, ff806b18-47a3-461f-8103-ac239ab05d36:c16]
2019-08-30 15:06:27,946 | INFO  | SCMAudit | user=jenkins1000 | ip=192.168.5.134 | op=SEND_HEARTBEAT {datanodeUUID=f7e068fb-6143-4078-8f73-64e97620f45b, command=[]} | ret=SUCCESS |  
2019-08-30 15:06:28,026 | INFO  | SCMAudit | user=jenkins1000 | ip=192.168.5.134 | op=SEND_HEARTBEAT {datanodeUUID=a7864295-ee65-4810-9484-3806f14c48e5, command=[]} | ret=SUCCESS |  
2019-08-30 15:06:28,227 | INFO  | SCMAudit | user=jenkins1000 | ip=192.168.5.134 | op=SEND_HEARTBEAT {datanodeUUID=fc5bbe82-8490-41a4-97d8-e34a13b8703c, command=[]} | ret=SUCCESS |  
2019-08-30 15:06:28,235 | INFO  | SCMAudit | user=jenkins1000 | ip=192.168.5.134 | op=SEND_HEARTBEAT {datanodeUUID=d5adc888-1e0a-4c25-807e-09fade1f1b41, command=[]} | ret=SUCCESS |  
2019-08-30 15:06:28,287 | INFO  | SCMAudit | user=jenkins1000 | ip=192.168.5.134 | op=SEND_HEARTBEAT {datanodeUUID=051f1e26-d98e-44a9-be86-7d4b3c80ff32, command=[]} | ret=SUCCESS |  
2019-08-30 15:06:28,946 | INFO  | SCMAudit | user=jenkins1000 | ip=192.168.5.134 | op=SEND_HEARTBEAT {datanodeUUID=f7e068fb-6143-4078-8f73-64e97620f45b, command=[]} | ret=SUCCESS |  
2019-08-30 15:06:29,026 | INFO  | SCMAudit | user=jenkins1000 | ip=192.168.5.134 | op=SEND_HEARTBEAT {datanodeUUID=a7864295-ee65-4810-9484-3806f14c48e5, command=[]} | ret=SUCCESS |  
2019-08-30 15:06:29,046 [Thread-562] INFO  impl.FollowerState (FollowerState.java:run(106)) - fc5bbe82-8490-41a4-97d8-e34a13b8703c:group-D49D3A09B945 changes to CANDIDATE, lastRpcTime:5022, electionTimeout:5020ms
2019-08-30 15:06:29,046 [Thread-562] INFO  impl.RoleInfo (RoleInfo.java:shutdownFollowerState(121)) - fc5bbe82-8490-41a4-97d8-e34a13b8703c: shutdown FollowerState
2019-08-30 15:06:29,046 [Thread-562] INFO  impl.RaftServerImpl (RaftServerImpl.java:setRole(171)) - fc5bbe82-8490-41a4-97d8-e34a13b8703c:group-D49D3A09B945 changes role from FOLLOWER to CANDIDATE at term 9 for changeToCandidate
2019-08-30 15:06:29,046 [Thread-562] INFO  impl.RoleInfo (RoleInfo.java:updateAndGet(143)) - fc5bbe82-8490-41a4-97d8-e34a13b8703c: start LeaderElection
2019-08-30 15:06:29,064 [fc5bbe82-8490-41a4-97d8-e34a13b8703c:group-D49D3A09B945:LeaderElection20] INFO  impl.LeaderElection (LeaderElection.java:askForVotes(181)) - fc5bbe82-8490-41a4-97d8-e34a13b8703c:group-D49D3A09B945:LeaderElection20: begin an election at term 10 for 0: [fc5bbe82-8490-41a4-97d8-e34a13b8703c:192.168.5.134:35726, 56fefae5-2763-4634-a764-1d1f5af899ed:192.168.5.134:43177, ff806b18-47a3-461f-8103-ac239ab05d36:192.168.5.134:46182], old=null
2019-08-30 15:06:29,066 [fc5bbe82-8490-41a4-97d8-e34a13b8703c:group-D49D3A09B945:LeaderElection20] INFO  impl.LeaderElection (LogUtils.java:infoOrTrace(149)) - fc5bbe82-8490-41a4-97d8-e34a13b8703c:group-D49D3A09B945:LeaderElection20 got exception when requesting votes: {}
java.util.concurrent.ExecutionException: org.apache.ratis.thirdparty.io.grpc.StatusRuntimeException: UNAVAILABLE: io exception
	at java.util.concurrent.FutureTask.report(FutureTask.java:122)
	at java.util.concurrent.FutureTask.get(FutureTask.java:192)
	at org.apache.ratis.server.impl.LeaderElection.waitForResults(LeaderElection.java:262)
	at org.apache.ratis.server.impl.LeaderElection.askForVotes(LeaderElection.java:200)
	at org.apache.ratis.server.impl.LeaderElection.run(LeaderElection.java:130)
	at java.lang.Thread.run(Thread.java:748)
Caused by: org.apache.ratis.thirdparty.io.grpc.StatusRuntimeException: UNAVAILABLE: io exception
	at org.apache.ratis.thirdparty.io.grpc.stub.ClientCalls.toStatusRuntimeException(ClientCalls.java:233)
	at org.apache.ratis.thirdparty.io.grpc.stub.ClientCalls.getUnchecked(ClientCalls.java:214)
	at org.apache.ratis.thirdparty.io.grpc.stub.ClientCalls.blockingUnaryCall(ClientCalls.java:139)
	at org.apache.ratis.proto.grpc.RaftServerProtocolServiceGrpc$RaftServerProtocolServiceBlockingStub.requestVote(RaftServerProtocolServiceGrpc.java:265)
	at org.apache.ratis.grpc.server.GrpcServerProtocolClient.requestVote(GrpcServerProtocolClient.java:83)
	at org.apache.ratis.grpc.server.GrpcService.requestVote(GrpcService.java:195)
	at org.apache.ratis.server.impl.LeaderElection.lambda$submitRequests$1(LeaderElection.java:237)
	at java.util.concurrent.FutureTask.run(FutureTask.java:266)
	at java.util.concurrent.Executors$RunnableAdapter.call(Executors.java:511)
	at java.util.concurrent.FutureTask.run(FutureTask.java:266)
	at java.util.concurrent.ThreadPoolExecutor.runWorker(ThreadPoolExecutor.java:1149)
	at java.util.concurrent.ThreadPoolExecutor$Worker.run(ThreadPoolExecutor.java:624)
	... 1 more
Caused by: org.apache.ratis.thirdparty.io.netty.channel.AbstractChannel$AnnotatedConnectException: Connection refused: /192.168.5.134:43177
	at sun.nio.ch.SocketChannelImpl.checkConnect(Native Method)
	at sun.nio.ch.SocketChannelImpl.finishConnect(SocketChannelImpl.java:717)
	at org.apache.ratis.thirdparty.io.netty.channel.socket.nio.NioSocketChannel.doFinishConnect(NioSocketChannel.java:327)
	at org.apache.ratis.thirdparty.io.netty.channel.nio.AbstractNioChannel$AbstractNioUnsafe.finishConnect(AbstractNioChannel.java:340)
	at org.apache.ratis.thirdparty.io.netty.channel.nio.NioEventLoop.processSelectedKey(NioEventLoop.java:632)
	at org.apache.ratis.thirdparty.io.netty.channel.nio.NioEventLoop.processSelectedKeysOptimized(NioEventLoop.java:579)
	at org.apache.ratis.thirdparty.io.netty.channel.nio.NioEventLoop.processSelectedKeys(NioEventLoop.java:496)
	at org.apache.ratis.thirdparty.io.netty.channel.nio.NioEventLoop.run(NioEventLoop.java:458)
	at org.apache.ratis.thirdparty.io.netty.util.concurrent.SingleThreadEventExecutor$5.run(SingleThreadEventExecutor.java:897)
	at org.apache.ratis.thirdparty.io.netty.util.concurrent.FastThreadLocalRunnable.run(FastThreadLocalRunnable.java:30)
	... 1 more
Caused by: java.net.ConnectException: Connection refused
	... 11 more
2019-08-30 15:06:29,069 [fc5bbe82-8490-41a4-97d8-e34a13b8703c:group-D49D3A09B945:LeaderElection20] INFO  impl.LeaderElection (LogUtils.java:infoOrTrace(149)) - fc5bbe82-8490-41a4-97d8-e34a13b8703c:group-D49D3A09B945:LeaderElection20 got exception when requesting votes: {}
java.util.concurrent.ExecutionException: org.apache.ratis.thirdparty.io.grpc.StatusRuntimeException: UNAVAILABLE: io exception
	at java.util.concurrent.FutureTask.report(FutureTask.java:122)
	at java.util.concurrent.FutureTask.get(FutureTask.java:192)
	at org.apache.ratis.server.impl.LeaderElection.waitForResults(LeaderElection.java:262)
	at org.apache.ratis.server.impl.LeaderElection.askForVotes(LeaderElection.java:200)
	at org.apache.ratis.server.impl.LeaderElection.run(LeaderElection.java:130)
	at java.lang.Thread.run(Thread.java:748)
Caused by: org.apache.ratis.thirdparty.io.grpc.StatusRuntimeException: UNAVAILABLE: io exception
	at org.apache.ratis.thirdparty.io.grpc.stub.ClientCalls.toStatusRuntimeException(ClientCalls.java:233)
	at org.apache.ratis.thirdparty.io.grpc.stub.ClientCalls.getUnchecked(ClientCalls.java:214)
	at org.apache.ratis.thirdparty.io.grpc.stub.ClientCalls.blockingUnaryCall(ClientCalls.java:139)
	at org.apache.ratis.proto.grpc.RaftServerProtocolServiceGrpc$RaftServerProtocolServiceBlockingStub.requestVote(RaftServerProtocolServiceGrpc.java:265)
	at org.apache.ratis.grpc.server.GrpcServerProtocolClient.requestVote(GrpcServerProtocolClient.java:83)
	at org.apache.ratis.grpc.server.GrpcService.requestVote(GrpcService.java:195)
	at org.apache.ratis.server.impl.LeaderElection.lambda$submitRequests$1(LeaderElection.java:237)
	at java.util.concurrent.FutureTask.run(FutureTask.java:266)
	at java.util.concurrent.Executors$RunnableAdapter.call(Executors.java:511)
	at java.util.concurrent.FutureTask.run(FutureTask.java:266)
	at java.util.concurrent.ThreadPoolExecutor.runWorker(ThreadPoolExecutor.java:1149)
	at java.util.concurrent.ThreadPoolExecutor$Worker.run(ThreadPoolExecutor.java:624)
	... 1 more
Caused by: org.apache.ratis.thirdparty.io.netty.channel.AbstractChannel$AnnotatedConnectException: Connection refused: /192.168.5.134:46182
	at sun.nio.ch.SocketChannelImpl.checkConnect(Native Method)
	at sun.nio.ch.SocketChannelImpl.finishConnect(SocketChannelImpl.java:717)
	at org.apache.ratis.thirdparty.io.netty.channel.socket.nio.NioSocketChannel.doFinishConnect(NioSocketChannel.java:327)
	at org.apache.ratis.thirdparty.io.netty.channel.nio.AbstractNioChannel$AbstractNioUnsafe.finishConnect(AbstractNioChannel.java:340)
	at org.apache.ratis.thirdparty.io.netty.channel.nio.NioEventLoop.processSelectedKey(NioEventLoop.java:632)
	at org.apache.ratis.thirdparty.io.netty.channel.nio.NioEventLoop.processSelectedKeysOptimized(NioEventLoop.java:579)
	at org.apache.ratis.thirdparty.io.netty.channel.nio.NioEventLoop.processSelectedKeys(NioEventLoop.java:496)
	at org.apache.ratis.thirdparty.io.netty.channel.nio.NioEventLoop.run(NioEventLoop.java:458)
	at org.apache.ratis.thirdparty.io.netty.util.concurrent.SingleThreadEventExecutor$5.run(SingleThreadEventExecutor.java:897)
	at org.apache.ratis.thirdparty.io.netty.util.concurrent.FastThreadLocalRunnable.run(FastThreadLocalRunnable.java:30)
	... 1 more
Caused by: java.net.ConnectException: Connection refused
	... 11 more
2019-08-30 15:06:29,071 [fc5bbe82-8490-41a4-97d8-e34a13b8703c:group-D49D3A09B945:LeaderElection20] INFO  impl.LeaderElection (LeaderElection.java:logAndReturn(56)) - fc5bbe82-8490-41a4-97d8-e34a13b8703c:group-D49D3A09B945:LeaderElection20: Election REJECTED; received 0 response(s) [] and 2 exception(s); fc5bbe82-8490-41a4-97d8-e34a13b8703c:t10, leader=null, voted=fc5bbe82-8490-41a4-97d8-e34a13b8703c, raftlog=fc5bbe82-8490-41a4-97d8-e34a13b8703c-SegmentedRaftLog:OPENED:c16,f16,i16, conf=0: [fc5bbe82-8490-41a4-97d8-e34a13b8703c:192.168.5.134:35726, 56fefae5-2763-4634-a764-1d1f5af899ed:192.168.5.134:43177, ff806b18-47a3-461f-8103-ac239ab05d36:192.168.5.134:46182], old=null
2019-08-30 15:06:29,071 [fc5bbe82-8490-41a4-97d8-e34a13b8703c:group-D49D3A09B945:LeaderElection20] INFO  impl.LeaderElection (LogUtils.java:infoOrTrace(149)) -   Exception 0: {}
java.util.concurrent.ExecutionException: org.apache.ratis.thirdparty.io.grpc.StatusRuntimeException: UNAVAILABLE: io exception
	at java.util.concurrent.FutureTask.report(FutureTask.java:122)
	at java.util.concurrent.FutureTask.get(FutureTask.java:192)
	at org.apache.ratis.server.impl.LeaderElection.waitForResults(LeaderElection.java:262)
	at org.apache.ratis.server.impl.LeaderElection.askForVotes(LeaderElection.java:200)
	at org.apache.ratis.server.impl.LeaderElection.run(LeaderElection.java:130)
	at java.lang.Thread.run(Thread.java:748)
Caused by: org.apache.ratis.thirdparty.io.grpc.StatusRuntimeException: UNAVAILABLE: io exception
	at org.apache.ratis.thirdparty.io.grpc.stub.ClientCalls.toStatusRuntimeException(ClientCalls.java:233)
	at org.apache.ratis.thirdparty.io.grpc.stub.ClientCalls.getUnchecked(ClientCalls.java:214)
	at org.apache.ratis.thirdparty.io.grpc.stub.ClientCalls.blockingUnaryCall(ClientCalls.java:139)
	at org.apache.ratis.proto.grpc.RaftServerProtocolServiceGrpc$RaftServerProtocolServiceBlockingStub.requestVote(RaftServerProtocolServiceGrpc.java:265)
	at org.apache.ratis.grpc.server.GrpcServerProtocolClient.requestVote(GrpcServerProtocolClient.java:83)
	at org.apache.ratis.grpc.server.GrpcService.requestVote(GrpcService.java:195)
	at org.apache.ratis.server.impl.LeaderElection.lambda$submitRequests$1(LeaderElection.java:237)
	at java.util.concurrent.FutureTask.run(FutureTask.java:266)
	at java.util.concurrent.Executors$RunnableAdapter.call(Executors.java:511)
	at java.util.concurrent.FutureTask.run(FutureTask.java:266)
	at java.util.concurrent.ThreadPoolExecutor.runWorker(ThreadPoolExecutor.java:1149)
	at java.util.concurrent.ThreadPoolExecutor$Worker.run(ThreadPoolExecutor.java:624)
	... 1 more
Caused by: org.apache.ratis.thirdparty.io.netty.channel.AbstractChannel$AnnotatedConnectException: Connection refused: /192.168.5.134:43177
	at sun.nio.ch.SocketChannelImpl.checkConnect(Native Method)
	at sun.nio.ch.SocketChannelImpl.finishConnect(SocketChannelImpl.java:717)
	at org.apache.ratis.thirdparty.io.netty.channel.socket.nio.NioSocketChannel.doFinishConnect(NioSocketChannel.java:327)
	at org.apache.ratis.thirdparty.io.netty.channel.nio.AbstractNioChannel$AbstractNioUnsafe.finishConnect(AbstractNioChannel.java:340)
	at org.apache.ratis.thirdparty.io.netty.channel.nio.NioEventLoop.processSelectedKey(NioEventLoop.java:632)
	at org.apache.ratis.thirdparty.io.netty.channel.nio.NioEventLoop.processSelectedKeysOptimized(NioEventLoop.java:579)
	at org.apache.ratis.thirdparty.io.netty.channel.nio.NioEventLoop.processSelectedKeys(NioEventLoop.java:496)
	at org.apache.ratis.thirdparty.io.netty.channel.nio.NioEventLoop.run(NioEventLoop.java:458)
	at org.apache.ratis.thirdparty.io.netty.util.concurrent.SingleThreadEventExecutor$5.run(SingleThreadEventExecutor.java:897)
	at org.apache.ratis.thirdparty.io.netty.util.concurrent.FastThreadLocalRunnable.run(FastThreadLocalRunnable.java:30)
	... 1 more
Caused by: java.net.ConnectException: Connection refused
	... 11 more
2019-08-30 15:06:29,072 [fc5bbe82-8490-41a4-97d8-e34a13b8703c:group-D49D3A09B945:LeaderElection20] INFO  impl.LeaderElection (LogUtils.java:infoOrTrace(149)) -   Exception 1: {}
java.util.concurrent.ExecutionException: org.apache.ratis.thirdparty.io.grpc.StatusRuntimeException: UNAVAILABLE: io exception
	at java.util.concurrent.FutureTask.report(FutureTask.java:122)
	at java.util.concurrent.FutureTask.get(FutureTask.java:192)
	at org.apache.ratis.server.impl.LeaderElection.waitForResults(LeaderElection.java:262)
	at org.apache.ratis.server.impl.LeaderElection.askForVotes(LeaderElection.java:200)
	at org.apache.ratis.server.impl.LeaderElection.run(LeaderElection.java:130)
	at java.lang.Thread.run(Thread.java:748)
Caused by: org.apache.ratis.thirdparty.io.grpc.StatusRuntimeException: UNAVAILABLE: io exception
	at org.apache.ratis.thirdparty.io.grpc.stub.ClientCalls.toStatusRuntimeException(ClientCalls.java:233)
	at org.apache.ratis.thirdparty.io.grpc.stub.ClientCalls.getUnchecked(ClientCalls.java:214)
	at org.apache.ratis.thirdparty.io.grpc.stub.ClientCalls.blockingUnaryCall(ClientCalls.java:139)
	at org.apache.ratis.proto.grpc.RaftServerProtocolServiceGrpc$RaftServerProtocolServiceBlockingStub.requestVote(RaftServerProtocolServiceGrpc.java:265)
	at org.apache.ratis.grpc.server.GrpcServerProtocolClient.requestVote(GrpcServerProtocolClient.java:83)
	at org.apache.ratis.grpc.server.GrpcService.requestVote(GrpcService.java:195)
	at org.apache.ratis.server.impl.LeaderElection.lambda$submitRequests$1(LeaderElection.java:237)
	at java.util.concurrent.FutureTask.run(FutureTask.java:266)
	at java.util.concurrent.Executors$RunnableAdapter.call(Executors.java:511)
	at java.util.concurrent.FutureTask.run(FutureTask.java:266)
	at java.util.concurrent.ThreadPoolExecutor.runWorker(ThreadPoolExecutor.java:1149)
	at java.util.concurrent.ThreadPoolExecutor$Worker.run(ThreadPoolExecutor.java:624)
	... 1 more
Caused by: org.apache.ratis.thirdparty.io.netty.channel.AbstractChannel$AnnotatedConnectException: Connection refused: /192.168.5.134:46182
	at sun.nio.ch.SocketChannelImpl.checkConnect(Native Method)
	at sun.nio.ch.SocketChannelImpl.finishConnect(SocketChannelImpl.java:717)
	at org.apache.ratis.thirdparty.io.netty.channel.socket.nio.NioSocketChannel.doFinishConnect(NioSocketChannel.java:327)
	at org.apache.ratis.thirdparty.io.netty.channel.nio.AbstractNioChannel$AbstractNioUnsafe.finishConnect(AbstractNioChannel.java:340)
	at org.apache.ratis.thirdparty.io.netty.channel.nio.NioEventLoop.processSelectedKey(NioEventLoop.java:632)
	at org.apache.ratis.thirdparty.io.netty.channel.nio.NioEventLoop.processSelectedKeysOptimized(NioEventLoop.java:579)
	at org.apache.ratis.thirdparty.io.netty.channel.nio.NioEventLoop.processSelectedKeys(NioEventLoop.java:496)
	at org.apache.ratis.thirdparty.io.netty.channel.nio.NioEventLoop.run(NioEventLoop.java:458)
	at org.apache.ratis.thirdparty.io.netty.util.concurrent.SingleThreadEventExecutor$5.run(SingleThreadEventExecutor.java:897)
	at org.apache.ratis.thirdparty.io.netty.util.concurrent.FastThreadLocalRunnable.run(FastThreadLocalRunnable.java:30)
	... 1 more
Caused by: java.net.ConnectException: Connection refused
	... 11 more
2019-08-30 15:06:29,072 [fc5bbe82-8490-41a4-97d8-e34a13b8703c:group-D49D3A09B945:LeaderElection20] INFO  impl.RaftServerImpl (RaftServerImpl.java:setRole(171)) - fc5bbe82-8490-41a4-97d8-e34a13b8703c:group-D49D3A09B945 changes role from CANDIDATE to FOLLOWER at term 10 for DISCOVERED_A_NEW_TERM
2019-08-30 15:06:29,072 [fc5bbe82-8490-41a4-97d8-e34a13b8703c:group-D49D3A09B945:LeaderElection20] INFO  impl.RoleInfo (RoleInfo.java:shutdownLeaderElection(134)) - fc5bbe82-8490-41a4-97d8-e34a13b8703c: shutdown LeaderElection
2019-08-30 15:06:29,074 [fc5bbe82-8490-41a4-97d8-e34a13b8703c:group-D49D3A09B945:LeaderElection20] INFO  impl.RoleInfo (RoleInfo.java:updateAndGet(143)) - fc5bbe82-8490-41a4-97d8-e34a13b8703c: start FollowerState
2019-08-30 15:06:29,227 | INFO  | SCMAudit | user=jenkins1000 | ip=192.168.5.134 | op=SEND_HEARTBEAT {datanodeUUID=fc5bbe82-8490-41a4-97d8-e34a13b8703c, command=[]} | ret=SUCCESS |  
2019-08-30 15:06:29,234 | INFO  | SCMAudit | user=jenkins1000 | ip=192.168.5.134 | op=SEND_HEARTBEAT {datanodeUUID=d5adc888-1e0a-4c25-807e-09fade1f1b41, command=[]} | ret=SUCCESS |  
2019-08-30 15:06:29,290 | INFO  | SCMAudit | user=jenkins1000 | ip=192.168.5.134 | op=SEND_HEARTBEAT {datanodeUUID=051f1e26-d98e-44a9-be86-7d4b3c80ff32, command=[]} | ret=SUCCESS |  
2019-08-30 15:06:29,740 [grpc-default-executor-3] INFO  client.GrpcClientProtocolClient (GrpcClientProtocolClient.java:onNext(255)) - client-29B5ABD7A86F->fc5bbe82-8490-41a4-97d8-e34a13b8703c: receive RaftClientReply:client-29B5ABD7A86F->fc5bbe82-8490-41a4-97d8-e34a13b8703c@group-D49D3A09B945, cid=22, FAILED org.apache.ratis.protocol.NotLeaderException: Server fc5bbe82-8490-41a4-97d8-e34a13b8703c is not the leader (null). Request must be sent to leader., logIndex=0, commits[fc5bbe82-8490-41a4-97d8-e34a13b8703c:c16, 56fefae5-2763-4634-a764-1d1f5af899ed:c16, ff806b18-47a3-461f-8103-ac239ab05d36:c16]
2019-08-30 15:06:29,946 | INFO  | SCMAudit | user=jenkins1000 | ip=192.168.5.134 | op=SEND_HEARTBEAT {datanodeUUID=f7e068fb-6143-4078-8f73-64e97620f45b, command=[]} | ret=SUCCESS |  
2019-08-30 15:06:30,026 | INFO  | SCMAudit | user=jenkins1000 | ip=192.168.5.134 | op=SEND_HEARTBEAT {datanodeUUID=a7864295-ee65-4810-9484-3806f14c48e5, command=[]} | ret=SUCCESS |  
2019-08-30 15:06:30,227 | INFO  | SCMAudit | user=jenkins1000 | ip=192.168.5.134 | op=SEND_HEARTBEAT {datanodeUUID=fc5bbe82-8490-41a4-97d8-e34a13b8703c, command=[]} | ret=SUCCESS |  
2019-08-30 15:06:30,234 | INFO  | SCMAudit | user=jenkins1000 | ip=192.168.5.134 | op=SEND_HEARTBEAT {datanodeUUID=d5adc888-1e0a-4c25-807e-09fade1f1b41, command=[]} | ret=SUCCESS |  
2019-08-30 15:06:30,288 | INFO  | SCMAudit | user=jenkins1000 | ip=192.168.5.134 | op=SEND_HEARTBEAT {datanodeUUID=051f1e26-d98e-44a9-be86-7d4b3c80ff32, command=[]} | ret=SUCCESS |  
2019-08-30 15:06:30,945 | INFO  | SCMAudit | user=jenkins1000 | ip=192.168.5.134 | op=SEND_HEARTBEAT {datanodeUUID=f7e068fb-6143-4078-8f73-64e97620f45b, command=[]} | ret=SUCCESS |  
2019-08-30 15:06:31,026 | INFO  | SCMAudit | user=jenkins1000 | ip=192.168.5.134 | op=SEND_HEARTBEAT {datanodeUUID=a7864295-ee65-4810-9484-3806f14c48e5, command=[]} | ret=SUCCESS |  
2019-08-30 15:06:31,228 | INFO  | SCMAudit | user=jenkins1000 | ip=192.168.5.134 | op=SEND_HEARTBEAT {datanodeUUID=fc5bbe82-8490-41a4-97d8-e34a13b8703c, command=[]} | ret=SUCCESS |  
2019-08-30 15:06:31,234 | INFO  | SCMAudit | user=jenkins1000 | ip=192.168.5.134 | op=SEND_HEARTBEAT {datanodeUUID=d5adc888-1e0a-4c25-807e-09fade1f1b41, command=[]} | ret=SUCCESS |  
2019-08-30 15:06:31,288 | INFO  | SCMAudit | user=jenkins1000 | ip=192.168.5.134 | op=SEND_HEARTBEAT {datanodeUUID=051f1e26-d98e-44a9-be86-7d4b3c80ff32, command=[]} | ret=SUCCESS |  
2019-08-30 15:06:31,762 [grpc-default-executor-1] INFO  client.GrpcClientProtocolClient (GrpcClientProtocolClient.java:onNext(255)) - client-29B5ABD7A86F->fc5bbe82-8490-41a4-97d8-e34a13b8703c: receive RaftClientReply:client-29B5ABD7A86F->fc5bbe82-8490-41a4-97d8-e34a13b8703c@group-D49D3A09B945, cid=22, FAILED org.apache.ratis.protocol.NotLeaderException: Server fc5bbe82-8490-41a4-97d8-e34a13b8703c is not the leader (null). Request must be sent to leader., logIndex=0, commits[fc5bbe82-8490-41a4-97d8-e34a13b8703c:c16, 56fefae5-2763-4634-a764-1d1f5af899ed:c16, ff806b18-47a3-461f-8103-ac239ab05d36:c16]
2019-08-30 15:06:31,946 | INFO  | SCMAudit | user=jenkins1000 | ip=192.168.5.134 | op=SEND_HEARTBEAT {datanodeUUID=f7e068fb-6143-4078-8f73-64e97620f45b, command=[]} | ret=SUCCESS |  
2019-08-30 15:06:32,027 | INFO  | SCMAudit | user=jenkins1000 | ip=192.168.5.134 | op=SEND_HEARTBEAT {datanodeUUID=a7864295-ee65-4810-9484-3806f14c48e5, command=[]} | ret=SUCCESS |  
2019-08-30 15:06:32,228 | INFO  | SCMAudit | user=jenkins1000 | ip=192.168.5.134 | op=SEND_HEARTBEAT {datanodeUUID=fc5bbe82-8490-41a4-97d8-e34a13b8703c, command=[]} | ret=SUCCESS |  
2019-08-30 15:06:32,234 | INFO  | SCMAudit | user=jenkins1000 | ip=192.168.5.134 | op=SEND_HEARTBEAT {datanodeUUID=d5adc888-1e0a-4c25-807e-09fade1f1b41, command=[]} | ret=SUCCESS |  
2019-08-30 15:06:32,288 | INFO  | SCMAudit | user=jenkins1000 | ip=192.168.5.134 | op=SEND_HEARTBEAT {datanodeUUID=051f1e26-d98e-44a9-be86-7d4b3c80ff32, command=[]} | ret=SUCCESS |  
2019-08-30 15:06:32,946 | INFO  | SCMAudit | user=jenkins1000 | ip=192.168.5.134 | op=SEND_HEARTBEAT {datanodeUUID=f7e068fb-6143-4078-8f73-64e97620f45b, command=[]} | ret=SUCCESS |  
2019-08-30 15:06:33,027 | INFO  | SCMAudit | user=jenkins1000 | ip=192.168.5.134 | op=SEND_HEARTBEAT {datanodeUUID=a7864295-ee65-4810-9484-3806f14c48e5, command=[]} | ret=SUCCESS |  
2019-08-30 15:06:33,227 | INFO  | SCMAudit | user=jenkins1000 | ip=192.168.5.134 | op=SEND_HEARTBEAT {datanodeUUID=fc5bbe82-8490-41a4-97d8-e34a13b8703c, command=[]} | ret=SUCCESS |  
2019-08-30 15:06:33,234 | INFO  | SCMAudit | user=jenkins1000 | ip=192.168.5.134 | op=SEND_HEARTBEAT {datanodeUUID=d5adc888-1e0a-4c25-807e-09fade1f1b41, command=[]} | ret=SUCCESS |  
2019-08-30 15:06:33,289 | INFO  | SCMAudit | user=jenkins1000 | ip=192.168.5.134 | op=SEND_HEARTBEAT {datanodeUUID=051f1e26-d98e-44a9-be86-7d4b3c80ff32, command=[]} | ret=SUCCESS |  
2019-08-30 15:06:33,783 [grpc-default-executor-4] INFO  client.GrpcClientProtocolClient (GrpcClientProtocolClient.java:onNext(255)) - client-29B5ABD7A86F->fc5bbe82-8490-41a4-97d8-e34a13b8703c: receive RaftClientReply:client-29B5ABD7A86F->fc5bbe82-8490-41a4-97d8-e34a13b8703c@group-D49D3A09B945, cid=22, FAILED org.apache.ratis.protocol.NotLeaderException: Server fc5bbe82-8490-41a4-97d8-e34a13b8703c is not the leader (null). Request must be sent to leader., logIndex=0, commits[fc5bbe82-8490-41a4-97d8-e34a13b8703c:c16, 56fefae5-2763-4634-a764-1d1f5af899ed:c16, ff806b18-47a3-461f-8103-ac239ab05d36:c16]
2019-08-30 15:06:33,946 | INFO  | SCMAudit | user=jenkins1000 | ip=192.168.5.134 | op=SEND_HEARTBEAT {datanodeUUID=f7e068fb-6143-4078-8f73-64e97620f45b, command=[]} | ret=SUCCESS |  
2019-08-30 15:06:34,028 | INFO  | SCMAudit | user=jenkins1000 | ip=192.168.5.134 | op=SEND_HEARTBEAT {datanodeUUID=a7864295-ee65-4810-9484-3806f14c48e5, command=[]} | ret=SUCCESS |  
2019-08-30 15:06:34,228 | INFO  | SCMAudit | user=jenkins1000 | ip=192.168.5.134 | op=SEND_HEARTBEAT {datanodeUUID=fc5bbe82-8490-41a4-97d8-e34a13b8703c, command=[]} | ret=SUCCESS |  
2019-08-30 15:06:34,234 | INFO  | SCMAudit | user=jenkins1000 | ip=192.168.5.134 | op=SEND_HEARTBEAT {datanodeUUID=d5adc888-1e0a-4c25-807e-09fade1f1b41, command=[]} | ret=SUCCESS |  
2019-08-30 15:06:34,234 [Thread-587] INFO  impl.FollowerState (FollowerState.java:run(106)) - fc5bbe82-8490-41a4-97d8-e34a13b8703c:group-D49D3A09B945 changes to CANDIDATE, lastRpcTime:5160, electionTimeout:5158ms
2019-08-30 15:06:34,235 [Thread-587] INFO  impl.RoleInfo (RoleInfo.java:shutdownFollowerState(121)) - fc5bbe82-8490-41a4-97d8-e34a13b8703c: shutdown FollowerState
2019-08-30 15:06:34,235 [Thread-587] INFO  impl.RaftServerImpl (RaftServerImpl.java:setRole(171)) - fc5bbe82-8490-41a4-97d8-e34a13b8703c:group-D49D3A09B945 changes role from FOLLOWER to CANDIDATE at term 10 for changeToCandidate
2019-08-30 15:06:34,235 [Thread-587] INFO  impl.RoleInfo (RoleInfo.java:updateAndGet(143)) - fc5bbe82-8490-41a4-97d8-e34a13b8703c: start LeaderElection
2019-08-30 15:06:34,253 [fc5bbe82-8490-41a4-97d8-e34a13b8703c:group-D49D3A09B945:LeaderElection21] INFO  impl.LeaderElection (LeaderElection.java:askForVotes(181)) - fc5bbe82-8490-41a4-97d8-e34a13b8703c:group-D49D3A09B945:LeaderElection21: begin an election at term 11 for 0: [fc5bbe82-8490-41a4-97d8-e34a13b8703c:192.168.5.134:35726, 56fefae5-2763-4634-a764-1d1f5af899ed:192.168.5.134:43177, ff806b18-47a3-461f-8103-ac239ab05d36:192.168.5.134:46182], old=null
2019-08-30 15:06:34,255 [fc5bbe82-8490-41a4-97d8-e34a13b8703c:group-D49D3A09B945:LeaderElection21] INFO  impl.LeaderElection (LogUtils.java:infoOrTrace(149)) - fc5bbe82-8490-41a4-97d8-e34a13b8703c:group-D49D3A09B945:LeaderElection21 got exception when requesting votes: {}
java.util.concurrent.ExecutionException: org.apache.ratis.thirdparty.io.grpc.StatusRuntimeException: UNAVAILABLE: io exception
	at java.util.concurrent.FutureTask.report(FutureTask.java:122)
	at java.util.concurrent.FutureTask.get(FutureTask.java:192)
	at org.apache.ratis.server.impl.LeaderElection.waitForResults(LeaderElection.java:262)
	at org.apache.ratis.server.impl.LeaderElection.askForVotes(LeaderElection.java:200)
	at org.apache.ratis.server.impl.LeaderElection.run(LeaderElection.java:130)
	at java.lang.Thread.run(Thread.java:748)
Caused by: org.apache.ratis.thirdparty.io.grpc.StatusRuntimeException: UNAVAILABLE: io exception
	at org.apache.ratis.thirdparty.io.grpc.stub.ClientCalls.toStatusRuntimeException(ClientCalls.java:233)
	at org.apache.ratis.thirdparty.io.grpc.stub.ClientCalls.getUnchecked(ClientCalls.java:214)
	at org.apache.ratis.thirdparty.io.grpc.stub.ClientCalls.blockingUnaryCall(ClientCalls.java:139)
	at org.apache.ratis.proto.grpc.RaftServerProtocolServiceGrpc$RaftServerProtocolServiceBlockingStub.requestVote(RaftServerProtocolServiceGrpc.java:265)
	at org.apache.ratis.grpc.server.GrpcServerProtocolClient.requestVote(GrpcServerProtocolClient.java:83)
	at org.apache.ratis.grpc.server.GrpcService.requestVote(GrpcService.java:195)
	at org.apache.ratis.server.impl.LeaderElection.lambda$submitRequests$1(LeaderElection.java:237)
	at java.util.concurrent.FutureTask.run(FutureTask.java:266)
	at java.util.concurrent.Executors$RunnableAdapter.call(Executors.java:511)
	at java.util.concurrent.FutureTask.run(FutureTask.java:266)
	at java.util.concurrent.ThreadPoolExecutor.runWorker(ThreadPoolExecutor.java:1149)
	at java.util.concurrent.ThreadPoolExecutor$Worker.run(ThreadPoolExecutor.java:624)
	... 1 more
Caused by: org.apache.ratis.thirdparty.io.netty.channel.AbstractChannel$AnnotatedConnectException: Connection refused: /192.168.5.134:43177
	at sun.nio.ch.SocketChannelImpl.checkConnect(Native Method)
	at sun.nio.ch.SocketChannelImpl.finishConnect(SocketChannelImpl.java:717)
	at org.apache.ratis.thirdparty.io.netty.channel.socket.nio.NioSocketChannel.doFinishConnect(NioSocketChannel.java:327)
	at org.apache.ratis.thirdparty.io.netty.channel.nio.AbstractNioChannel$AbstractNioUnsafe.finishConnect(AbstractNioChannel.java:340)
	at org.apache.ratis.thirdparty.io.netty.channel.nio.NioEventLoop.processSelectedKey(NioEventLoop.java:632)
	at org.apache.ratis.thirdparty.io.netty.channel.nio.NioEventLoop.processSelectedKeysOptimized(NioEventLoop.java:579)
	at org.apache.ratis.thirdparty.io.netty.channel.nio.NioEventLoop.processSelectedKeys(NioEventLoop.java:496)
	at org.apache.ratis.thirdparty.io.netty.channel.nio.NioEventLoop.run(NioEventLoop.java:458)
	at org.apache.ratis.thirdparty.io.netty.util.concurrent.SingleThreadEventExecutor$5.run(SingleThreadEventExecutor.java:897)
	at org.apache.ratis.thirdparty.io.netty.util.concurrent.FastThreadLocalRunnable.run(FastThreadLocalRunnable.java:30)
	... 1 more
Caused by: java.net.ConnectException: Connection refused
	... 11 more
2019-08-30 15:06:34,258 [fc5bbe82-8490-41a4-97d8-e34a13b8703c:group-D49D3A09B945:LeaderElection21] INFO  impl.LeaderElection (LogUtils.java:infoOrTrace(149)) - fc5bbe82-8490-41a4-97d8-e34a13b8703c:group-D49D3A09B945:LeaderElection21 got exception when requesting votes: {}
java.util.concurrent.ExecutionException: org.apache.ratis.thirdparty.io.grpc.StatusRuntimeException: UNAVAILABLE: io exception
	at java.util.concurrent.FutureTask.report(FutureTask.java:122)
	at java.util.concurrent.FutureTask.get(FutureTask.java:192)
	at org.apache.ratis.server.impl.LeaderElection.waitForResults(LeaderElection.java:262)
	at org.apache.ratis.server.impl.LeaderElection.askForVotes(LeaderElection.java:200)
	at org.apache.ratis.server.impl.LeaderElection.run(LeaderElection.java:130)
	at java.lang.Thread.run(Thread.java:748)
Caused by: org.apache.ratis.thirdparty.io.grpc.StatusRuntimeException: UNAVAILABLE: io exception
	at org.apache.ratis.thirdparty.io.grpc.stub.ClientCalls.toStatusRuntimeException(ClientCalls.java:233)
	at org.apache.ratis.thirdparty.io.grpc.stub.ClientCalls.getUnchecked(ClientCalls.java:214)
	at org.apache.ratis.thirdparty.io.grpc.stub.ClientCalls.blockingUnaryCall(ClientCalls.java:139)
	at org.apache.ratis.proto.grpc.RaftServerProtocolServiceGrpc$RaftServerProtocolServiceBlockingStub.requestVote(RaftServerProtocolServiceGrpc.java:265)
	at org.apache.ratis.grpc.server.GrpcServerProtocolClient.requestVote(GrpcServerProtocolClient.java:83)
	at org.apache.ratis.grpc.server.GrpcService.requestVote(GrpcService.java:195)
	at org.apache.ratis.server.impl.LeaderElection.lambda$submitRequests$1(LeaderElection.java:237)
	at java.util.concurrent.FutureTask.run(FutureTask.java:266)
	at java.util.concurrent.Executors$RunnableAdapter.call(Executors.java:511)
	at java.util.concurrent.FutureTask.run(FutureTask.java:266)
	at java.util.concurrent.ThreadPoolExecutor.runWorker(ThreadPoolExecutor.java:1149)
	at java.util.concurrent.ThreadPoolExecutor$Worker.run(ThreadPoolExecutor.java:624)
	... 1 more
Caused by: org.apache.ratis.thirdparty.io.netty.channel.AbstractChannel$AnnotatedConnectException: Connection refused: /192.168.5.134:46182
	at sun.nio.ch.SocketChannelImpl.checkConnect(Native Method)
	at sun.nio.ch.SocketChannelImpl.finishConnect(SocketChannelImpl.java:717)
	at org.apache.ratis.thirdparty.io.netty.channel.socket.nio.NioSocketChannel.doFinishConnect(NioSocketChannel.java:327)
	at org.apache.ratis.thirdparty.io.netty.channel.nio.AbstractNioChannel$AbstractNioUnsafe.finishConnect(AbstractNioChannel.java:340)
	at org.apache.ratis.thirdparty.io.netty.channel.nio.NioEventLoop.processSelectedKey(NioEventLoop.java:632)
	at org.apache.ratis.thirdparty.io.netty.channel.nio.NioEventLoop.processSelectedKeysOptimized(NioEventLoop.java:579)
	at org.apache.ratis.thirdparty.io.netty.channel.nio.NioEventLoop.processSelectedKeys(NioEventLoop.java:496)
	at org.apache.ratis.thirdparty.io.netty.channel.nio.NioEventLoop.run(NioEventLoop.java:458)
	at org.apache.ratis.thirdparty.io.netty.util.concurrent.SingleThreadEventExecutor$5.run(SingleThreadEventExecutor.java:897)
	at org.apache.ratis.thirdparty.io.netty.util.concurrent.FastThreadLocalRunnable.run(FastThreadLocalRunnable.java:30)
	... 1 more
Caused by: java.net.ConnectException: Connection refused
	... 11 more
2019-08-30 15:06:34,277 [fc5bbe82-8490-41a4-97d8-e34a13b8703c:group-D49D3A09B945:LeaderElection21] INFO  impl.LeaderElection (LeaderElection.java:logAndReturn(56)) - fc5bbe82-8490-41a4-97d8-e34a13b8703c:group-D49D3A09B945:LeaderElection21: Election REJECTED; received 0 response(s) [] and 2 exception(s); fc5bbe82-8490-41a4-97d8-e34a13b8703c:t11, leader=null, voted=fc5bbe82-8490-41a4-97d8-e34a13b8703c, raftlog=fc5bbe82-8490-41a4-97d8-e34a13b8703c-SegmentedRaftLog:OPENED:c16,f16,i16, conf=0: [fc5bbe82-8490-41a4-97d8-e34a13b8703c:192.168.5.134:35726, 56fefae5-2763-4634-a764-1d1f5af899ed:192.168.5.134:43177, ff806b18-47a3-461f-8103-ac239ab05d36:192.168.5.134:46182], old=null
2019-08-30 15:06:34,277 [fc5bbe82-8490-41a4-97d8-e34a13b8703c:group-D49D3A09B945:LeaderElection21] INFO  impl.LeaderElection (LogUtils.java:infoOrTrace(149)) -   Exception 0: {}
java.util.concurrent.ExecutionException: org.apache.ratis.thirdparty.io.grpc.StatusRuntimeException: UNAVAILABLE: io exception
	at java.util.concurrent.FutureTask.report(FutureTask.java:122)
	at java.util.concurrent.FutureTask.get(FutureTask.java:192)
	at org.apache.ratis.server.impl.LeaderElection.waitForResults(LeaderElection.java:262)
	at org.apache.ratis.server.impl.LeaderElection.askForVotes(LeaderElection.java:200)
	at org.apache.ratis.server.impl.LeaderElection.run(LeaderElection.java:130)
	at java.lang.Thread.run(Thread.java:748)
Caused by: org.apache.ratis.thirdparty.io.grpc.StatusRuntimeException: UNAVAILABLE: io exception
	at org.apache.ratis.thirdparty.io.grpc.stub.ClientCalls.toStatusRuntimeException(ClientCalls.java:233)
	at org.apache.ratis.thirdparty.io.grpc.stub.ClientCalls.getUnchecked(ClientCalls.java:214)
	at org.apache.ratis.thirdparty.io.grpc.stub.ClientCalls.blockingUnaryCall(ClientCalls.java:139)
	at org.apache.ratis.proto.grpc.RaftServerProtocolServiceGrpc$RaftServerProtocolServiceBlockingStub.requestVote(RaftServerProtocolServiceGrpc.java:265)
	at org.apache.ratis.grpc.server.GrpcServerProtocolClient.requestVote(GrpcServerProtocolClient.java:83)
	at org.apache.ratis.grpc.server.GrpcService.requestVote(GrpcService.java:195)
	at org.apache.ratis.server.impl.LeaderElection.lambda$submitRequests$1(LeaderElection.java:237)
	at java.util.concurrent.FutureTask.run(FutureTask.java:266)
	at java.util.concurrent.Executors$RunnableAdapter.call(Executors.java:511)
	at java.util.concurrent.FutureTask.run(FutureTask.java:266)
	at java.util.concurrent.ThreadPoolExecutor.runWorker(ThreadPoolExecutor.java:1149)
	at java.util.concurrent.ThreadPoolExecutor$Worker.run(ThreadPoolExecutor.java:624)
	... 1 more
Caused by: org.apache.ratis.thirdparty.io.netty.channel.AbstractChannel$AnnotatedConnectException: Connection refused: /192.168.5.134:43177
	at sun.nio.ch.SocketChannelImpl.checkConnect(Native Method)
	at sun.nio.ch.SocketChannelImpl.finishConnect(SocketChannelImpl.java:717)
	at org.apache.ratis.thirdparty.io.netty.channel.socket.nio.NioSocketChannel.doFinishConnect(NioSocketChannel.java:327)
	at org.apache.ratis.thirdparty.io.netty.channel.nio.AbstractNioChannel$AbstractNioUnsafe.finishConnect(AbstractNioChannel.java:340)
	at org.apache.ratis.thirdparty.io.netty.channel.nio.NioEventLoop.processSelectedKey(NioEventLoop.java:632)
	at org.apache.ratis.thirdparty.io.netty.channel.nio.NioEventLoop.processSelectedKeysOptimized(NioEventLoop.java:579)
	at org.apache.ratis.thirdparty.io.netty.channel.nio.NioEventLoop.processSelectedKeys(NioEventLoop.java:496)
	at org.apache.ratis.thirdparty.io.netty.channel.nio.NioEventLoop.run(NioEventLoop.java:458)
	at org.apache.ratis.thirdparty.io.netty.util.concurrent.SingleThreadEventExecutor$5.run(SingleThreadEventExecutor.java:897)
	at org.apache.ratis.thirdparty.io.netty.util.concurrent.FastThreadLocalRunnable.run(FastThreadLocalRunnable.java:30)
	... 1 more
Caused by: java.net.ConnectException: Connection refused
	... 11 more
2019-08-30 15:06:34,277 [fc5bbe82-8490-41a4-97d8-e34a13b8703c:group-D49D3A09B945:LeaderElection21] INFO  impl.LeaderElection (LogUtils.java:infoOrTrace(149)) -   Exception 1: {}
java.util.concurrent.ExecutionException: org.apache.ratis.thirdparty.io.grpc.StatusRuntimeException: UNAVAILABLE: io exception
	at java.util.concurrent.FutureTask.report(FutureTask.java:122)
	at java.util.concurrent.FutureTask.get(FutureTask.java:192)
	at org.apache.ratis.server.impl.LeaderElection.waitForResults(LeaderElection.java:262)
	at org.apache.ratis.server.impl.LeaderElection.askForVotes(LeaderElection.java:200)
	at org.apache.ratis.server.impl.LeaderElection.run(LeaderElection.java:130)
	at java.lang.Thread.run(Thread.java:748)
Caused by: org.apache.ratis.thirdparty.io.grpc.StatusRuntimeException: UNAVAILABLE: io exception
	at org.apache.ratis.thirdparty.io.grpc.stub.ClientCalls.toStatusRuntimeException(ClientCalls.java:233)
	at org.apache.ratis.thirdparty.io.grpc.stub.ClientCalls.getUnchecked(ClientCalls.java:214)
	at org.apache.ratis.thirdparty.io.grpc.stub.ClientCalls.blockingUnaryCall(ClientCalls.java:139)
	at org.apache.ratis.proto.grpc.RaftServerProtocolServiceGrpc$RaftServerProtocolServiceBlockingStub.requestVote(RaftServerProtocolServiceGrpc.java:265)
	at org.apache.ratis.grpc.server.GrpcServerProtocolClient.requestVote(GrpcServerProtocolClient.java:83)
	at org.apache.ratis.grpc.server.GrpcService.requestVote(GrpcService.java:195)
	at org.apache.ratis.server.impl.LeaderElection.lambda$submitRequests$1(LeaderElection.java:237)
	at java.util.concurrent.FutureTask.run(FutureTask.java:266)
	at java.util.concurrent.Executors$RunnableAdapter.call(Executors.java:511)
	at java.util.concurrent.FutureTask.run(FutureTask.java:266)
	at java.util.concurrent.ThreadPoolExecutor.runWorker(ThreadPoolExecutor.java:1149)
	at java.util.concurrent.ThreadPoolExecutor$Worker.run(ThreadPoolExecutor.java:624)
	... 1 more
Caused by: org.apache.ratis.thirdparty.io.netty.channel.AbstractChannel$AnnotatedConnectException: Connection refused: /192.168.5.134:46182
	at sun.nio.ch.SocketChannelImpl.checkConnect(Native Method)
	at sun.nio.ch.SocketChannelImpl.finishConnect(SocketChannelImpl.java:717)
	at org.apache.ratis.thirdparty.io.netty.channel.socket.nio.NioSocketChannel.doFinishConnect(NioSocketChannel.java:327)
	at org.apache.ratis.thirdparty.io.netty.channel.nio.AbstractNioChannel$AbstractNioUnsafe.finishConnect(AbstractNioChannel.java:340)
	at org.apache.ratis.thirdparty.io.netty.channel.nio.NioEventLoop.processSelectedKey(NioEventLoop.java:632)
	at org.apache.ratis.thirdparty.io.netty.channel.nio.NioEventLoop.processSelectedKeysOptimized(NioEventLoop.java:579)
	at org.apache.ratis.thirdparty.io.netty.channel.nio.NioEventLoop.processSelectedKeys(NioEventLoop.java:496)
	at org.apache.ratis.thirdparty.io.netty.channel.nio.NioEventLoop.run(NioEventLoop.java:458)
	at org.apache.ratis.thirdparty.io.netty.util.concurrent.SingleThreadEventExecutor$5.run(SingleThreadEventExecutor.java:897)
	at org.apache.ratis.thirdparty.io.netty.util.concurrent.FastThreadLocalRunnable.run(FastThreadLocalRunnable.java:30)
	... 1 more
Caused by: java.net.ConnectException: Connection refused
	... 11 more
2019-08-30 15:06:34,278 [fc5bbe82-8490-41a4-97d8-e34a13b8703c:group-D49D3A09B945:LeaderElection21] INFO  impl.RaftServerImpl (RaftServerImpl.java:setRole(171)) - fc5bbe82-8490-41a4-97d8-e34a13b8703c:group-D49D3A09B945 changes role from CANDIDATE to FOLLOWER at term 11 for DISCOVERED_A_NEW_TERM
2019-08-30 15:06:34,280 [fc5bbe82-8490-41a4-97d8-e34a13b8703c:group-D49D3A09B945:LeaderElection21] INFO  impl.RoleInfo (RoleInfo.java:shutdownLeaderElection(134)) - fc5bbe82-8490-41a4-97d8-e34a13b8703c: shutdown LeaderElection
2019-08-30 15:06:34,280 [fc5bbe82-8490-41a4-97d8-e34a13b8703c:group-D49D3A09B945:LeaderElection21] INFO  impl.RoleInfo (RoleInfo.java:updateAndGet(143)) - fc5bbe82-8490-41a4-97d8-e34a13b8703c: start FollowerState
2019-08-30 15:06:34,288 | INFO  | SCMAudit | user=jenkins1000 | ip=192.168.5.134 | op=SEND_HEARTBEAT {datanodeUUID=051f1e26-d98e-44a9-be86-7d4b3c80ff32, command=[]} | ret=SUCCESS |  
2019-08-30 15:06:34,952 | INFO  | SCMAudit | user=jenkins1000 | ip=192.168.5.134 | op=SEND_HEARTBEAT {datanodeUUID=f7e068fb-6143-4078-8f73-64e97620f45b, command=[]} | ret=SUCCESS |  
2019-08-30 15:06:35,029 | INFO  | SCMAudit | user=jenkins1000 | ip=192.168.5.134 | op=SEND_HEARTBEAT {datanodeUUID=a7864295-ee65-4810-9484-3806f14c48e5, command=[]} | ret=SUCCESS |  
2019-08-30 15:06:35,228 | INFO  | SCMAudit | user=jenkins1000 | ip=192.168.5.134 | op=SEND_HEARTBEAT {datanodeUUID=fc5bbe82-8490-41a4-97d8-e34a13b8703c, command=[]} | ret=SUCCESS |  
2019-08-30 15:06:35,235 | INFO  | SCMAudit | user=jenkins1000 | ip=192.168.5.134 | op=SEND_HEARTBEAT {datanodeUUID=d5adc888-1e0a-4c25-807e-09fade1f1b41, command=[]} | ret=SUCCESS |  
2019-08-30 15:06:35,288 | INFO  | SCMAudit | user=jenkins1000 | ip=192.168.5.134 | op=SEND_HEARTBEAT {datanodeUUID=051f1e26-d98e-44a9-be86-7d4b3c80ff32, command=[]} | ret=SUCCESS |  
2019-08-30 15:06:35,947 | INFO  | SCMAudit | user=jenkins1000 | ip=192.168.5.134 | op=SEND_HEARTBEAT {datanodeUUID=f7e068fb-6143-4078-8f73-64e97620f45b, command=[]} | ret=SUCCESS |  
2019-08-30 15:06:36,029 | INFO  | SCMAudit | user=jenkins1000 | ip=192.168.5.134 | op=SEND_HEARTBEAT {datanodeUUID=a7864295-ee65-4810-9484-3806f14c48e5, command=[]} | ret=SUCCESS |  
2019-08-30 15:06:36,228 | INFO  | SCMAudit | user=jenkins1000 | ip=192.168.5.134 | op=SEND_HEARTBEAT {datanodeUUID=fc5bbe82-8490-41a4-97d8-e34a13b8703c, command=[]} | ret=SUCCESS |  
2019-08-30 15:06:36,236 | INFO  | SCMAudit | user=jenkins1000 | ip=192.168.5.134 | op=SEND_HEARTBEAT {datanodeUUID=d5adc888-1e0a-4c25-807e-09fade1f1b41, command=[]} | ret=SUCCESS |  
2019-08-30 15:06:36,288 | INFO  | SCMAudit | user=jenkins1000 | ip=192.168.5.134 | op=SEND_HEARTBEAT {datanodeUUID=051f1e26-d98e-44a9-be86-7d4b3c80ff32, command=[]} | ret=SUCCESS |  
2019-08-30 15:06:36,810 [grpc-default-executor-4] INFO  client.GrpcClientProtocolClient (GrpcClientProtocolClient.java:onNext(255)) - client-29B5ABD7A86F->fc5bbe82-8490-41a4-97d8-e34a13b8703c: receive RaftClientReply:client-29B5ABD7A86F->fc5bbe82-8490-41a4-97d8-e34a13b8703c@group-D49D3A09B945, cid=22, FAILED org.apache.ratis.protocol.NotLeaderException: Server fc5bbe82-8490-41a4-97d8-e34a13b8703c is not the leader (null). Request must be sent to leader., logIndex=0, commits[fc5bbe82-8490-41a4-97d8-e34a13b8703c:c16, 56fefae5-2763-4634-a764-1d1f5af899ed:c16, ff806b18-47a3-461f-8103-ac239ab05d36:c16]
2019-08-30 15:06:36,946 | INFO  | SCMAudit | user=jenkins1000 | ip=192.168.5.134 | op=SEND_HEARTBEAT {datanodeUUID=f7e068fb-6143-4078-8f73-64e97620f45b, command=[]} | ret=SUCCESS |  
2019-08-30 15:06:37,030 | INFO  | SCMAudit | user=jenkins1000 | ip=192.168.5.134 | op=SEND_HEARTBEAT {datanodeUUID=a7864295-ee65-4810-9484-3806f14c48e5, command=[]} | ret=SUCCESS |  
2019-08-30 15:06:37,228 | INFO  | SCMAudit | user=jenkins1000 | ip=192.168.5.134 | op=SEND_HEARTBEAT {datanodeUUID=fc5bbe82-8490-41a4-97d8-e34a13b8703c, command=[]} | ret=SUCCESS |  
2019-08-30 15:06:37,235 | INFO  | SCMAudit | user=jenkins1000 | ip=192.168.5.134 | op=SEND_HEARTBEAT {datanodeUUID=d5adc888-1e0a-4c25-807e-09fade1f1b41, command=[]} | ret=SUCCESS |  
2019-08-30 15:06:37,288 | INFO  | SCMAudit | user=jenkins1000 | ip=192.168.5.134 | op=SEND_HEARTBEAT {datanodeUUID=051f1e26-d98e-44a9-be86-7d4b3c80ff32, command=[]} | ret=SUCCESS |  
2019-08-30 15:06:37,947 | INFO  | SCMAudit | user=jenkins1000 | ip=192.168.5.134 | op=SEND_HEARTBEAT {datanodeUUID=f7e068fb-6143-4078-8f73-64e97620f45b, command=[]} | ret=SUCCESS |  
2019-08-30 15:06:38,029 | INFO  | SCMAudit | user=jenkins1000 | ip=192.168.5.134 | op=SEND_HEARTBEAT {datanodeUUID=a7864295-ee65-4810-9484-3806f14c48e5, command=[]} | ret=SUCCESS |  
2019-08-30 15:06:38,228 | INFO  | SCMAudit | user=jenkins1000 | ip=192.168.5.134 | op=SEND_HEARTBEAT {datanodeUUID=fc5bbe82-8490-41a4-97d8-e34a13b8703c, command=[]} | ret=SUCCESS |  
2019-08-30 15:06:38,235 | INFO  | SCMAudit | user=jenkins1000 | ip=192.168.5.134 | op=SEND_HEARTBEAT {datanodeUUID=d5adc888-1e0a-4c25-807e-09fade1f1b41, command=[]} | ret=SUCCESS |  
2019-08-30 15:06:38,288 | INFO  | SCMAudit | user=jenkins1000 | ip=192.168.5.134 | op=SEND_HEARTBEAT {datanodeUUID=051f1e26-d98e-44a9-be86-7d4b3c80ff32, command=[]} | ret=SUCCESS |  
2019-08-30 15:06:38,831 [grpc-default-executor-3] INFO  client.GrpcClientProtocolClient (GrpcClientProtocolClient.java:onNext(255)) - client-29B5ABD7A86F->fc5bbe82-8490-41a4-97d8-e34a13b8703c: receive RaftClientReply:client-29B5ABD7A86F->fc5bbe82-8490-41a4-97d8-e34a13b8703c@group-D49D3A09B945, cid=22, FAILED org.apache.ratis.protocol.NotLeaderException: Server fc5bbe82-8490-41a4-97d8-e34a13b8703c is not the leader (null). Request must be sent to leader., logIndex=0, commits[fc5bbe82-8490-41a4-97d8-e34a13b8703c:c16, 56fefae5-2763-4634-a764-1d1f5af899ed:c16, ff806b18-47a3-461f-8103-ac239ab05d36:c16]
2019-08-30 15:06:38,947 | INFO  | SCMAudit | user=jenkins1000 | ip=192.168.5.134 | op=SEND_HEARTBEAT {datanodeUUID=f7e068fb-6143-4078-8f73-64e97620f45b, command=[]} | ret=SUCCESS |  
2019-08-30 15:06:39,029 | INFO  | SCMAudit | user=jenkins1000 | ip=192.168.5.134 | op=SEND_HEARTBEAT {datanodeUUID=a7864295-ee65-4810-9484-3806f14c48e5, command=[]} | ret=SUCCESS |  
2019-08-30 15:06:39,229 | INFO  | SCMAudit | user=jenkins1000 | ip=192.168.5.134 | op=SEND_HEARTBEAT {datanodeUUID=fc5bbe82-8490-41a4-97d8-e34a13b8703c, command=[]} | ret=SUCCESS |  
2019-08-30 15:06:39,235 | INFO  | SCMAudit | user=jenkins1000 | ip=192.168.5.134 | op=SEND_HEARTBEAT {datanodeUUID=d5adc888-1e0a-4c25-807e-09fade1f1b41, command=[]} | ret=SUCCESS |  
2019-08-30 15:06:39,288 | INFO  | SCMAudit | user=jenkins1000 | ip=192.168.5.134 | op=SEND_HEARTBEAT {datanodeUUID=051f1e26-d98e-44a9-be86-7d4b3c80ff32, command=[]} | ret=SUCCESS |  
2019-08-30 15:06:39,454 [Thread-608] INFO  impl.FollowerState (FollowerState.java:run(106)) - fc5bbe82-8490-41a4-97d8-e34a13b8703c:group-D49D3A09B945 changes to CANDIDATE, lastRpcTime:5173, electionTimeout:5171ms
2019-08-30 15:06:39,454 [Thread-608] INFO  impl.RoleInfo (RoleInfo.java:shutdownFollowerState(121)) - fc5bbe82-8490-41a4-97d8-e34a13b8703c: shutdown FollowerState
2019-08-30 15:06:39,454 [Thread-608] INFO  impl.RaftServerImpl (RaftServerImpl.java:setRole(171)) - fc5bbe82-8490-41a4-97d8-e34a13b8703c:group-D49D3A09B945 changes role from FOLLOWER to CANDIDATE at term 11 for changeToCandidate
2019-08-30 15:06:39,454 [Thread-608] INFO  impl.RoleInfo (RoleInfo.java:updateAndGet(143)) - fc5bbe82-8490-41a4-97d8-e34a13b8703c: start LeaderElection
2019-08-30 15:06:39,471 [fc5bbe82-8490-41a4-97d8-e34a13b8703c:group-D49D3A09B945:LeaderElection22] INFO  impl.LeaderElection (LeaderElection.java:askForVotes(181)) - fc5bbe82-8490-41a4-97d8-e34a13b8703c:group-D49D3A09B945:LeaderElection22: begin an election at term 12 for 0: [fc5bbe82-8490-41a4-97d8-e34a13b8703c:192.168.5.134:35726, 56fefae5-2763-4634-a764-1d1f5af899ed:192.168.5.134:43177, ff806b18-47a3-461f-8103-ac239ab05d36:192.168.5.134:46182], old=null
2019-08-30 15:06:39,473 [fc5bbe82-8490-41a4-97d8-e34a13b8703c:group-D49D3A09B945:LeaderElection22] INFO  impl.LeaderElection (LogUtils.java:infoOrTrace(149)) - fc5bbe82-8490-41a4-97d8-e34a13b8703c:group-D49D3A09B945:LeaderElection22 got exception when requesting votes: {}
java.util.concurrent.ExecutionException: org.apache.ratis.thirdparty.io.grpc.StatusRuntimeException: UNAVAILABLE: io exception
	at java.util.concurrent.FutureTask.report(FutureTask.java:122)
	at java.util.concurrent.FutureTask.get(FutureTask.java:192)
	at org.apache.ratis.server.impl.LeaderElection.waitForResults(LeaderElection.java:262)
	at org.apache.ratis.server.impl.LeaderElection.askForVotes(LeaderElection.java:200)
	at org.apache.ratis.server.impl.LeaderElection.run(LeaderElection.java:130)
	at java.lang.Thread.run(Thread.java:748)
Caused by: org.apache.ratis.thirdparty.io.grpc.StatusRuntimeException: UNAVAILABLE: io exception
	at org.apache.ratis.thirdparty.io.grpc.stub.ClientCalls.toStatusRuntimeException(ClientCalls.java:233)
	at org.apache.ratis.thirdparty.io.grpc.stub.ClientCalls.getUnchecked(ClientCalls.java:214)
	at org.apache.ratis.thirdparty.io.grpc.stub.ClientCalls.blockingUnaryCall(ClientCalls.java:139)
	at org.apache.ratis.proto.grpc.RaftServerProtocolServiceGrpc$RaftServerProtocolServiceBlockingStub.requestVote(RaftServerProtocolServiceGrpc.java:265)
	at org.apache.ratis.grpc.server.GrpcServerProtocolClient.requestVote(GrpcServerProtocolClient.java:83)
	at org.apache.ratis.grpc.server.GrpcService.requestVote(GrpcService.java:195)
	at org.apache.ratis.server.impl.LeaderElection.lambda$submitRequests$1(LeaderElection.java:237)
	at java.util.concurrent.FutureTask.run(FutureTask.java:266)
	at java.util.concurrent.Executors$RunnableAdapter.call(Executors.java:511)
	at java.util.concurrent.FutureTask.run(FutureTask.java:266)
	at java.util.concurrent.ThreadPoolExecutor.runWorker(ThreadPoolExecutor.java:1149)
	at java.util.concurrent.ThreadPoolExecutor$Worker.run(ThreadPoolExecutor.java:624)
	... 1 more
Caused by: org.apache.ratis.thirdparty.io.netty.channel.AbstractChannel$AnnotatedConnectException: Connection refused: /192.168.5.134:43177
	at sun.nio.ch.SocketChannelImpl.checkConnect(Native Method)
	at sun.nio.ch.SocketChannelImpl.finishConnect(SocketChannelImpl.java:717)
	at org.apache.ratis.thirdparty.io.netty.channel.socket.nio.NioSocketChannel.doFinishConnect(NioSocketChannel.java:327)
	at org.apache.ratis.thirdparty.io.netty.channel.nio.AbstractNioChannel$AbstractNioUnsafe.finishConnect(AbstractNioChannel.java:340)
	at org.apache.ratis.thirdparty.io.netty.channel.nio.NioEventLoop.processSelectedKey(NioEventLoop.java:632)
	at org.apache.ratis.thirdparty.io.netty.channel.nio.NioEventLoop.processSelectedKeysOptimized(NioEventLoop.java:579)
	at org.apache.ratis.thirdparty.io.netty.channel.nio.NioEventLoop.processSelectedKeys(NioEventLoop.java:496)
	at org.apache.ratis.thirdparty.io.netty.channel.nio.NioEventLoop.run(NioEventLoop.java:458)
	at org.apache.ratis.thirdparty.io.netty.util.concurrent.SingleThreadEventExecutor$5.run(SingleThreadEventExecutor.java:897)
	at org.apache.ratis.thirdparty.io.netty.util.concurrent.FastThreadLocalRunnable.run(FastThreadLocalRunnable.java:30)
	... 1 more
Caused by: java.net.ConnectException: Connection refused
	... 11 more
2019-08-30 15:06:39,475 [fc5bbe82-8490-41a4-97d8-e34a13b8703c:group-D49D3A09B945:LeaderElection22] INFO  impl.LeaderElection (LogUtils.java:infoOrTrace(149)) - fc5bbe82-8490-41a4-97d8-e34a13b8703c:group-D49D3A09B945:LeaderElection22 got exception when requesting votes: {}
java.util.concurrent.ExecutionException: org.apache.ratis.thirdparty.io.grpc.StatusRuntimeException: UNAVAILABLE: io exception
	at java.util.concurrent.FutureTask.report(FutureTask.java:122)
	at java.util.concurrent.FutureTask.get(FutureTask.java:192)
	at org.apache.ratis.server.impl.LeaderElection.waitForResults(LeaderElection.java:262)
	at org.apache.ratis.server.impl.LeaderElection.askForVotes(LeaderElection.java:200)
	at org.apache.ratis.server.impl.LeaderElection.run(LeaderElection.java:130)
	at java.lang.Thread.run(Thread.java:748)
Caused by: org.apache.ratis.thirdparty.io.grpc.StatusRuntimeException: UNAVAILABLE: io exception
	at org.apache.ratis.thirdparty.io.grpc.stub.ClientCalls.toStatusRuntimeException(ClientCalls.java:233)
	at org.apache.ratis.thirdparty.io.grpc.stub.ClientCalls.getUnchecked(ClientCalls.java:214)
	at org.apache.ratis.thirdparty.io.grpc.stub.ClientCalls.blockingUnaryCall(ClientCalls.java:139)
	at org.apache.ratis.proto.grpc.RaftServerProtocolServiceGrpc$RaftServerProtocolServiceBlockingStub.requestVote(RaftServerProtocolServiceGrpc.java:265)
	at org.apache.ratis.grpc.server.GrpcServerProtocolClient.requestVote(GrpcServerProtocolClient.java:83)
	at org.apache.ratis.grpc.server.GrpcService.requestVote(GrpcService.java:195)
	at org.apache.ratis.server.impl.LeaderElection.lambda$submitRequests$1(LeaderElection.java:237)
	at java.util.concurrent.FutureTask.run(FutureTask.java:266)
	at java.util.concurrent.Executors$RunnableAdapter.call(Executors.java:511)
	at java.util.concurrent.FutureTask.run(FutureTask.java:266)
	at java.util.concurrent.ThreadPoolExecutor.runWorker(ThreadPoolExecutor.java:1149)
	at java.util.concurrent.ThreadPoolExecutor$Worker.run(ThreadPoolExecutor.java:624)
	... 1 more
Caused by: org.apache.ratis.thirdparty.io.netty.channel.AbstractChannel$AnnotatedConnectException: Connection refused: /192.168.5.134:46182
	at sun.nio.ch.SocketChannelImpl.checkConnect(Native Method)
	at sun.nio.ch.SocketChannelImpl.finishConnect(SocketChannelImpl.java:717)
	at org.apache.ratis.thirdparty.io.netty.channel.socket.nio.NioSocketChannel.doFinishConnect(NioSocketChannel.java:327)
	at org.apache.ratis.thirdparty.io.netty.channel.nio.AbstractNioChannel$AbstractNioUnsafe.finishConnect(AbstractNioChannel.java:340)
	at org.apache.ratis.thirdparty.io.netty.channel.nio.NioEventLoop.processSelectedKey(NioEventLoop.java:632)
	at org.apache.ratis.thirdparty.io.netty.channel.nio.NioEventLoop.processSelectedKeysOptimized(NioEventLoop.java:579)
	at org.apache.ratis.thirdparty.io.netty.channel.nio.NioEventLoop.processSelectedKeys(NioEventLoop.java:496)
	at org.apache.ratis.thirdparty.io.netty.channel.nio.NioEventLoop.run(NioEventLoop.java:458)
	at org.apache.ratis.thirdparty.io.netty.util.concurrent.SingleThreadEventExecutor$5.run(SingleThreadEventExecutor.java:897)
	at org.apache.ratis.thirdparty.io.netty.util.concurrent.FastThreadLocalRunnable.run(FastThreadLocalRunnable.java:30)
	... 1 more
Caused by: java.net.ConnectException: Connection refused
	... 11 more
2019-08-30 15:06:39,477 [fc5bbe82-8490-41a4-97d8-e34a13b8703c:group-D49D3A09B945:LeaderElection22] INFO  impl.LeaderElection (LeaderElection.java:logAndReturn(56)) - fc5bbe82-8490-41a4-97d8-e34a13b8703c:group-D49D3A09B945:LeaderElection22: Election REJECTED; received 0 response(s) [] and 2 exception(s); fc5bbe82-8490-41a4-97d8-e34a13b8703c:t12, leader=null, voted=fc5bbe82-8490-41a4-97d8-e34a13b8703c, raftlog=fc5bbe82-8490-41a4-97d8-e34a13b8703c-SegmentedRaftLog:OPENED:c16,f16,i16, conf=0: [fc5bbe82-8490-41a4-97d8-e34a13b8703c:192.168.5.134:35726, 56fefae5-2763-4634-a764-1d1f5af899ed:192.168.5.134:43177, ff806b18-47a3-461f-8103-ac239ab05d36:192.168.5.134:46182], old=null
2019-08-30 15:06:39,478 [fc5bbe82-8490-41a4-97d8-e34a13b8703c:group-D49D3A09B945:LeaderElection22] INFO  impl.LeaderElection (LogUtils.java:infoOrTrace(149)) -   Exception 0: {}
java.util.concurrent.ExecutionException: org.apache.ratis.thirdparty.io.grpc.StatusRuntimeException: UNAVAILABLE: io exception
	at java.util.concurrent.FutureTask.report(FutureTask.java:122)
	at java.util.concurrent.FutureTask.get(FutureTask.java:192)
	at org.apache.ratis.server.impl.LeaderElection.waitForResults(LeaderElection.java:262)
	at org.apache.ratis.server.impl.LeaderElection.askForVotes(LeaderElection.java:200)
	at org.apache.ratis.server.impl.LeaderElection.run(LeaderElection.java:130)
	at java.lang.Thread.run(Thread.java:748)
Caused by: org.apache.ratis.thirdparty.io.grpc.StatusRuntimeException: UNAVAILABLE: io exception
	at org.apache.ratis.thirdparty.io.grpc.stub.ClientCalls.toStatusRuntimeException(ClientCalls.java:233)
	at org.apache.ratis.thirdparty.io.grpc.stub.ClientCalls.getUnchecked(ClientCalls.java:214)
	at org.apache.ratis.thirdparty.io.grpc.stub.ClientCalls.blockingUnaryCall(ClientCalls.java:139)
	at org.apache.ratis.proto.grpc.RaftServerProtocolServiceGrpc$RaftServerProtocolServiceBlockingStub.requestVote(RaftServerProtocolServiceGrpc.java:265)
	at org.apache.ratis.grpc.server.GrpcServerProtocolClient.requestVote(GrpcServerProtocolClient.java:83)
	at org.apache.ratis.grpc.server.GrpcService.requestVote(GrpcService.java:195)
	at org.apache.ratis.server.impl.LeaderElection.lambda$submitRequests$1(LeaderElection.java:237)
	at java.util.concurrent.FutureTask.run(FutureTask.java:266)
	at java.util.concurrent.Executors$RunnableAdapter.call(Executors.java:511)
	at java.util.concurrent.FutureTask.run(FutureTask.java:266)
	at java.util.concurrent.ThreadPoolExecutor.runWorker(ThreadPoolExecutor.java:1149)
	at java.util.concurrent.ThreadPoolExecutor$Worker.run(ThreadPoolExecutor.java:624)
	... 1 more
Caused by: org.apache.ratis.thirdparty.io.netty.channel.AbstractChannel$AnnotatedConnectException: Connection refused: /192.168.5.134:43177
	at sun.nio.ch.SocketChannelImpl.checkConnect(Native Method)
	at sun.nio.ch.SocketChannelImpl.finishConnect(SocketChannelImpl.java:717)
	at org.apache.ratis.thirdparty.io.netty.channel.socket.nio.NioSocketChannel.doFinishConnect(NioSocketChannel.java:327)
	at org.apache.ratis.thirdparty.io.netty.channel.nio.AbstractNioChannel$AbstractNioUnsafe.finishConnect(AbstractNioChannel.java:340)
	at org.apache.ratis.thirdparty.io.netty.channel.nio.NioEventLoop.processSelectedKey(NioEventLoop.java:632)
	at org.apache.ratis.thirdparty.io.netty.channel.nio.NioEventLoop.processSelectedKeysOptimized(NioEventLoop.java:579)
	at org.apache.ratis.thirdparty.io.netty.channel.nio.NioEventLoop.processSelectedKeys(NioEventLoop.java:496)
	at org.apache.ratis.thirdparty.io.netty.channel.nio.NioEventLoop.run(NioEventLoop.java:458)
	at org.apache.ratis.thirdparty.io.netty.util.concurrent.SingleThreadEventExecutor$5.run(SingleThreadEventExecutor.java:897)
	at org.apache.ratis.thirdparty.io.netty.util.concurrent.FastThreadLocalRunnable.run(FastThreadLocalRunnable.java:30)
	... 1 more
Caused by: java.net.ConnectException: Connection refused
	... 11 more
2019-08-30 15:06:39,478 [fc5bbe82-8490-41a4-97d8-e34a13b8703c:group-D49D3A09B945:LeaderElection22] INFO  impl.LeaderElection (LogUtils.java:infoOrTrace(149)) -   Exception 1: {}
java.util.concurrent.ExecutionException: org.apache.ratis.thirdparty.io.grpc.StatusRuntimeException: UNAVAILABLE: io exception
	at java.util.concurrent.FutureTask.report(FutureTask.java:122)
	at java.util.concurrent.FutureTask.get(FutureTask.java:192)
	at org.apache.ratis.server.impl.LeaderElection.waitForResults(LeaderElection.java:262)
	at org.apache.ratis.server.impl.LeaderElection.askForVotes(LeaderElection.java:200)
	at org.apache.ratis.server.impl.LeaderElection.run(LeaderElection.java:130)
	at java.lang.Thread.run(Thread.java:748)
Caused by: org.apache.ratis.thirdparty.io.grpc.StatusRuntimeException: UNAVAILABLE: io exception
	at org.apache.ratis.thirdparty.io.grpc.stub.ClientCalls.toStatusRuntimeException(ClientCalls.java:233)
	at org.apache.ratis.thirdparty.io.grpc.stub.ClientCalls.getUnchecked(ClientCalls.java:214)
	at org.apache.ratis.thirdparty.io.grpc.stub.ClientCalls.blockingUnaryCall(ClientCalls.java:139)
	at org.apache.ratis.proto.grpc.RaftServerProtocolServiceGrpc$RaftServerProtocolServiceBlockingStub.requestVote(RaftServerProtocolServiceGrpc.java:265)
	at org.apache.ratis.grpc.server.GrpcServerProtocolClient.requestVote(GrpcServerProtocolClient.java:83)
	at org.apache.ratis.grpc.server.GrpcService.requestVote(GrpcService.java:195)
	at org.apache.ratis.server.impl.LeaderElection.lambda$submitRequests$1(LeaderElection.java:237)
	at java.util.concurrent.FutureTask.run(FutureTask.java:266)
	at java.util.concurrent.Executors$RunnableAdapter.call(Executors.java:511)
	at java.util.concurrent.FutureTask.run(FutureTask.java:266)
	at java.util.concurrent.ThreadPoolExecutor.runWorker(ThreadPoolExecutor.java:1149)
	at java.util.concurrent.ThreadPoolExecutor$Worker.run(ThreadPoolExecutor.java:624)
	... 1 more
Caused by: org.apache.ratis.thirdparty.io.netty.channel.AbstractChannel$AnnotatedConnectException: Connection refused: /192.168.5.134:46182
	at sun.nio.ch.SocketChannelImpl.checkConnect(Native Method)
	at sun.nio.ch.SocketChannelImpl.finishConnect(SocketChannelImpl.java:717)
	at org.apache.ratis.thirdparty.io.netty.channel.socket.nio.NioSocketChannel.doFinishConnect(NioSocketChannel.java:327)
	at org.apache.ratis.thirdparty.io.netty.channel.nio.AbstractNioChannel$AbstractNioUnsafe.finishConnect(AbstractNioChannel.java:340)
	at org.apache.ratis.thirdparty.io.netty.channel.nio.NioEventLoop.processSelectedKey(NioEventLoop.java:632)
	at org.apache.ratis.thirdparty.io.netty.channel.nio.NioEventLoop.processSelectedKeysOptimized(NioEventLoop.java:579)
	at org.apache.ratis.thirdparty.io.netty.channel.nio.NioEventLoop.processSelectedKeys(NioEventLoop.java:496)
	at org.apache.ratis.thirdparty.io.netty.channel.nio.NioEventLoop.run(NioEventLoop.java:458)
	at org.apache.ratis.thirdparty.io.netty.util.concurrent.SingleThreadEventExecutor$5.run(SingleThreadEventExecutor.java:897)
	at org.apache.ratis.thirdparty.io.netty.util.concurrent.FastThreadLocalRunnable.run(FastThreadLocalRunnable.java:30)
	... 1 more
Caused by: java.net.ConnectException: Connection refused
	... 11 more
2019-08-30 15:06:39,479 [fc5bbe82-8490-41a4-97d8-e34a13b8703c:group-D49D3A09B945:LeaderElection22] INFO  impl.RaftServerImpl (RaftServerImpl.java:setRole(171)) - fc5bbe82-8490-41a4-97d8-e34a13b8703c:group-D49D3A09B945 changes role from CANDIDATE to FOLLOWER at term 12 for DISCOVERED_A_NEW_TERM
2019-08-30 15:06:39,479 [fc5bbe82-8490-41a4-97d8-e34a13b8703c:group-D49D3A09B945:LeaderElection22] INFO  impl.RoleInfo (RoleInfo.java:shutdownLeaderElection(134)) - fc5bbe82-8490-41a4-97d8-e34a13b8703c: shutdown LeaderElection
2019-08-30 15:06:39,489 [fc5bbe82-8490-41a4-97d8-e34a13b8703c:group-D49D3A09B945:LeaderElection22] INFO  impl.RoleInfo (RoleInfo.java:updateAndGet(143)) - fc5bbe82-8490-41a4-97d8-e34a13b8703c: start FollowerState
2019-08-30 15:06:39,947 | INFO  | SCMAudit | user=jenkins1000 | ip=192.168.5.134 | op=SEND_HEARTBEAT {datanodeUUID=f7e068fb-6143-4078-8f73-64e97620f45b, command=[]} | ret=SUCCESS |  
2019-08-30 15:06:40,029 | INFO  | SCMAudit | user=jenkins1000 | ip=192.168.5.134 | op=SEND_HEARTBEAT {datanodeUUID=a7864295-ee65-4810-9484-3806f14c48e5, command=[]} | ret=SUCCESS |  
2019-08-30 15:06:40,227 | INFO  | SCMAudit | user=jenkins1000 | ip=192.168.5.134 | op=SEND_HEARTBEAT {datanodeUUID=fc5bbe82-8490-41a4-97d8-e34a13b8703c, command=[]} | ret=SUCCESS |  
2019-08-30 15:06:40,235 | INFO  | SCMAudit | user=jenkins1000 | ip=192.168.5.134 | op=SEND_HEARTBEAT {datanodeUUID=d5adc888-1e0a-4c25-807e-09fade1f1b41, command=[]} | ret=SUCCESS |  
2019-08-30 15:06:40,288 | INFO  | SCMAudit | user=jenkins1000 | ip=192.168.5.134 | op=SEND_HEARTBEAT {datanodeUUID=051f1e26-d98e-44a9-be86-7d4b3c80ff32, command=[]} | ret=SUCCESS |  
2019-08-30 15:06:40,847 [grpc-default-executor-3] INFO  client.GrpcClientProtocolClient (GrpcClientProtocolClient.java:onNext(255)) - client-29B5ABD7A86F->fc5bbe82-8490-41a4-97d8-e34a13b8703c: receive RaftClientReply:client-29B5ABD7A86F->fc5bbe82-8490-41a4-97d8-e34a13b8703c@group-D49D3A09B945, cid=22, FAILED org.apache.ratis.protocol.NotLeaderException: Server fc5bbe82-8490-41a4-97d8-e34a13b8703c is not the leader (null). Request must be sent to leader., logIndex=0, commits[fc5bbe82-8490-41a4-97d8-e34a13b8703c:c16, 56fefae5-2763-4634-a764-1d1f5af899ed:c16, ff806b18-47a3-461f-8103-ac239ab05d36:c16]
2019-08-30 15:06:40,947 | INFO  | SCMAudit | user=jenkins1000 | ip=192.168.5.134 | op=SEND_HEARTBEAT {datanodeUUID=f7e068fb-6143-4078-8f73-64e97620f45b, command=[]} | ret=SUCCESS |  
2019-08-30 15:06:41,029 | INFO  | SCMAudit | user=jenkins1000 | ip=192.168.5.134 | op=SEND_HEARTBEAT {datanodeUUID=a7864295-ee65-4810-9484-3806f14c48e5, command=[]} | ret=SUCCESS |  
2019-08-30 15:06:41,227 | INFO  | SCMAudit | user=jenkins1000 | ip=192.168.5.134 | op=SEND_HEARTBEAT {datanodeUUID=fc5bbe82-8490-41a4-97d8-e34a13b8703c, command=[]} | ret=SUCCESS |  
2019-08-30 15:06:41,235 | INFO  | SCMAudit | user=jenkins1000 | ip=192.168.5.134 | op=SEND_HEARTBEAT {datanodeUUID=d5adc888-1e0a-4c25-807e-09fade1f1b41, command=[]} | ret=SUCCESS |  
2019-08-30 15:06:41,288 | INFO  | SCMAudit | user=jenkins1000 | ip=192.168.5.134 | op=SEND_HEARTBEAT {datanodeUUID=051f1e26-d98e-44a9-be86-7d4b3c80ff32, command=[]} | ret=SUCCESS |  
2019-08-30 15:06:41,946 | INFO  | SCMAudit | user=jenkins1000 | ip=192.168.5.134 | op=SEND_HEARTBEAT {datanodeUUID=f7e068fb-6143-4078-8f73-64e97620f45b, command=[]} | ret=SUCCESS |  
2019-08-30 15:06:42,029 | INFO  | SCMAudit | user=jenkins1000 | ip=192.168.5.134 | op=SEND_HEARTBEAT {datanodeUUID=a7864295-ee65-4810-9484-3806f14c48e5, command=[]} | ret=SUCCESS |  
2019-08-30 15:06:42,227 | INFO  | SCMAudit | user=jenkins1000 | ip=192.168.5.134 | op=SEND_HEARTBEAT {datanodeUUID=fc5bbe82-8490-41a4-97d8-e34a13b8703c, command=[]} | ret=SUCCESS |  
2019-08-30 15:06:42,235 | INFO  | SCMAudit | user=jenkins1000 | ip=192.168.5.134 | op=SEND_HEARTBEAT {datanodeUUID=d5adc888-1e0a-4c25-807e-09fade1f1b41, command=[]} | ret=SUCCESS |  
2019-08-30 15:06:42,288 | INFO  | SCMAudit | user=jenkins1000 | ip=192.168.5.134 | op=SEND_HEARTBEAT {datanodeUUID=051f1e26-d98e-44a9-be86-7d4b3c80ff32, command=[]} | ret=SUCCESS |  
2019-08-30 15:06:42,868 [grpc-default-executor-4] INFO  client.GrpcClientProtocolClient (GrpcClientProtocolClient.java:onNext(255)) - client-29B5ABD7A86F->fc5bbe82-8490-41a4-97d8-e34a13b8703c: receive RaftClientReply:client-29B5ABD7A86F->fc5bbe82-8490-41a4-97d8-e34a13b8703c@group-D49D3A09B945, cid=22, FAILED org.apache.ratis.protocol.NotLeaderException: Server fc5bbe82-8490-41a4-97d8-e34a13b8703c is not the leader (null). Request must be sent to leader., logIndex=0, commits[fc5bbe82-8490-41a4-97d8-e34a13b8703c:c16, 56fefae5-2763-4634-a764-1d1f5af899ed:c16, ff806b18-47a3-461f-8103-ac239ab05d36:c16]
2019-08-30 15:06:42,947 | INFO  | SCMAudit | user=jenkins1000 | ip=192.168.5.134 | op=SEND_HEARTBEAT {datanodeUUID=f7e068fb-6143-4078-8f73-64e97620f45b, command=[]} | ret=SUCCESS |  
2019-08-30 15:06:43,029 | INFO  | SCMAudit | user=jenkins1000 | ip=192.168.5.134 | op=SEND_HEARTBEAT {datanodeUUID=a7864295-ee65-4810-9484-3806f14c48e5, command=[]} | ret=SUCCESS |  
2019-08-30 15:06:43,227 | INFO  | SCMAudit | user=jenkins1000 | ip=192.168.5.134 | op=SEND_HEARTBEAT {datanodeUUID=fc5bbe82-8490-41a4-97d8-e34a13b8703c, command=[]} | ret=SUCCESS |  
2019-08-30 15:06:43,235 | INFO  | SCMAudit | user=jenkins1000 | ip=192.168.5.134 | op=SEND_HEARTBEAT {datanodeUUID=d5adc888-1e0a-4c25-807e-09fade1f1b41, command=[]} | ret=SUCCESS |  
2019-08-30 15:06:43,288 | INFO  | SCMAudit | user=jenkins1000 | ip=192.168.5.134 | op=SEND_HEARTBEAT {datanodeUUID=051f1e26-d98e-44a9-be86-7d4b3c80ff32, command=[]} | ret=SUCCESS |  
2019-08-30 15:06:43,948 | INFO  | SCMAudit | user=jenkins1000 | ip=192.168.5.134 | op=SEND_HEARTBEAT {datanodeUUID=f7e068fb-6143-4078-8f73-64e97620f45b, command=[]} | ret=SUCCESS |  
2019-08-30 15:06:44,030 | INFO  | SCMAudit | user=jenkins1000 | ip=192.168.5.134 | op=SEND_HEARTBEAT {datanodeUUID=a7864295-ee65-4810-9484-3806f14c48e5, command=[]} | ret=SUCCESS |  
2019-08-30 15:06:44,207 [RatisPipelineUtilsThread] WARN  pipeline.RatisPipelineUtils (RatisPipelineUtils.java:destroyPipeline(66)) - Pipeline destroy failed for pipeline=PipelineID=6a651f50-fa7a-4ad3-95be-16ef65c516e1 dn=56fefae5-2763-4634-a764-1d1f5af899ed{ip: 192.168.5.134, host: pr-hdds-2060-hng4s-2675214545, networkLocation: /default-rack, certSerialId: null}
2019-08-30 15:06:44,208 [RatisPipelineUtilsThread] INFO  pipeline.PipelineStateManager (PipelineStateManager.java:removePipeline(108)) - Pipeline Pipeline[ Id: 6a651f50-fa7a-4ad3-95be-16ef65c516e1, Nodes: 56fefae5-2763-4634-a764-1d1f5af899ed{ip: 192.168.5.134, host: pr-hdds-2060-hng4s-2675214545, networkLocation: /default-rack, certSerialId: null}, Type:RATIS, Factor:ONE, State:CLOSED] removed from db
2019-08-30 15:06:44,211 [RatisPipelineUtilsThread] WARN  pipeline.RatisPipelineUtils (RatisPipelineUtils.java:destroyPipeline(66)) - Pipeline destroy failed for pipeline=PipelineID=8798ce88-ce0d-49ee-a819-d49d3a09b945 dn=56fefae5-2763-4634-a764-1d1f5af899ed{ip: 192.168.5.134, host: pr-hdds-2060-hng4s-2675214545, networkLocation: /default-rack, certSerialId: null}
2019-08-30 15:06:44,213 [RatisPipelineUtilsThread] WARN  pipeline.RatisPipelineUtils (RatisPipelineUtils.java:destroyPipeline(66)) - Pipeline destroy failed for pipeline=PipelineID=8798ce88-ce0d-49ee-a819-d49d3a09b945 dn=ff806b18-47a3-461f-8103-ac239ab05d36{ip: 192.168.5.134, host: pr-hdds-2060-hng4s-2675214545, networkLocation: /default-rack, certSerialId: null}
2019-08-30 15:06:44,221 [grpc-default-executor-3] INFO  impl.RaftServerProxy (RaftServerProxy.java:remove(95)) - fc5bbe82-8490-41a4-97d8-e34a13b8703c: remove FOLLOWER group-D49D3A09B945 fc5bbe82-8490-41a4-97d8-e34a13b8703c:t12, leader=null, voted=fc5bbe82-8490-41a4-97d8-e34a13b8703c, raftlog=fc5bbe82-8490-41a4-97d8-e34a13b8703c-SegmentedRaftLog:OPENED:c16,f16,i16, conf=0: [fc5bbe82-8490-41a4-97d8-e34a13b8703c:192.168.5.134:35726, 56fefae5-2763-4634-a764-1d1f5af899ed:192.168.5.134:43177, ff806b18-47a3-461f-8103-ac239ab05d36:192.168.5.134:46182], old=null RUNNING
2019-08-30 15:06:44,226 [grpc-default-executor-3] INFO  impl.RaftServerImpl (RaftServerImpl.java:lambda$shutdown$3(245)) - fc5bbe82-8490-41a4-97d8-e34a13b8703c: shutdown group-D49D3A09B945
2019-08-30 15:06:44,226 [grpc-default-executor-3] INFO  util.JmxRegister (JmxRegister.java:unregister(73)) - Successfully un-registered JMX Bean with object name Ratis:service=RaftServer,group=group-D49D3A09B945,id=fc5bbe82-8490-41a4-97d8-e34a13b8703c
2019-08-30 15:06:44,226 [grpc-default-executor-3] INFO  impl.RoleInfo (RoleInfo.java:shutdownFollowerState(121)) - fc5bbe82-8490-41a4-97d8-e34a13b8703c: shutdown FollowerState
2019-08-30 15:06:44,227 [grpc-default-executor-3] INFO  impl.StateMachineUpdater (StateMachineUpdater.java:stopAndJoin(115)) - StateMachineUpdater:fc5bbe82-8490-41a4-97d8-e34a13b8703c:group-D49D3A09B945: set stopIndex = 16
2019-08-30 15:06:44,227 [Thread-628] INFO  impl.FollowerState (FollowerState.java:run(114)) - fc5bbe82-8490-41a4-97d8-e34a13b8703c: FollowerState was interrupted: java.lang.InterruptedException: sleep interrupted
2019-08-30 15:06:44,227 [StateMachineUpdater:fc5bbe82-8490-41a4-97d8-e34a13b8703c:group-D49D3A09B945] INFO  ratis.ContainerStateMachine (ContainerStateMachine.java:takeSnapshot(284)) - group-D49D3A09B945: Taking a snapshot at:(t:1, i:14) file /workdir/hadoop-ozone/integration-test/target/test-dir/MiniOzoneClusterImpl-c9bf924e-a99a-40de-a7b2-d35176791736/datanode-6/data/ratis/8798ce88-ce0d-49ee-a819-d49d3a09b945/sm/snapshot.1_14
2019-08-30 15:06:44,230 | INFO  | SCMAudit | user=jenkins1000 | ip=192.168.5.134 | op=SEND_HEARTBEAT {datanodeUUID=fc5bbe82-8490-41a4-97d8-e34a13b8703c, command=[]} | ret=SUCCESS |  
2019-08-30 15:06:44,235 | INFO  | SCMAudit | user=jenkins1000 | ip=192.168.5.134 | op=SEND_HEARTBEAT {datanodeUUID=d5adc888-1e0a-4c25-807e-09fade1f1b41, command=[]} | ret=SUCCESS |  
2019-08-30 15:06:44,242 [StateMachineUpdater:fc5bbe82-8490-41a4-97d8-e34a13b8703c:group-D49D3A09B945] INFO  ratis.ContainerStateMachine (ContainerStateMachine.java:takeSnapshot(295)) - group-D49D3A09B945: Finished taking a snapshot at:(t:1, i:14) file:/workdir/hadoop-ozone/integration-test/target/test-dir/MiniOzoneClusterImpl-c9bf924e-a99a-40de-a7b2-d35176791736/datanode-6/data/ratis/8798ce88-ce0d-49ee-a819-d49d3a09b945/sm/snapshot.1_14 time:14
2019-08-30 15:06:44,242 [StateMachineUpdater:fc5bbe82-8490-41a4-97d8-e34a13b8703c:group-D49D3A09B945] INFO  impl.StateMachineUpdater (StateMachineUpdater.java:takeSnapshot(242)) - StateMachineUpdater:fc5bbe82-8490-41a4-97d8-e34a13b8703c:group-D49D3A09B945: Took a snapshot at index 14
2019-08-30 15:06:44,242 [StateMachineUpdater:fc5bbe82-8490-41a4-97d8-e34a13b8703c:group-D49D3A09B945] INFO  impl.StateMachineUpdater (StateMachineUpdater.java:lambda$new$0(80)) - StateMachineUpdater:fc5bbe82-8490-41a4-97d8-e34a13b8703c:group-D49D3A09B945: snapshotIndex: updateIncreasingly -1 -> 14
2019-08-30 15:06:44,243 [grpc-default-executor-3] INFO  impl.RaftServerImpl (ServerState.java:close(394)) - fc5bbe82-8490-41a4-97d8-e34a13b8703c:group-D49D3A09B945 closes. The last applied log index is 16
2019-08-30 15:06:44,243 [fc5bbe82-8490-41a4-97d8-e34a13b8703c-SegmentedRaftLogWorker:Storage Directory /workdir/hadoop-ozone/integration-test/target/test-dir/MiniOzoneClusterImpl-c9bf924e-a99a-40de-a7b2-d35176791736/datanode-6/data/ratis/8798ce88-ce0d-49ee-a819-d49d3a09b945] INFO  segmented.SegmentedRaftLogWorker (SegmentedRaftLogWorker.java:run(313)) - fc5bbe82-8490-41a4-97d8-e34a13b8703c-SegmentedRaftLogWorker:Storage Directory /workdir/hadoop-ozone/integration-test/target/test-dir/MiniOzoneClusterImpl-c9bf924e-a99a-40de-a7b2-d35176791736/datanode-6/data/ratis/8798ce88-ce0d-49ee-a819-d49d3a09b945 was interrupted, exiting. There are 0 tasks remaining in the queue.
2019-08-30 15:06:44,245 [grpc-default-executor-3] INFO  segmented.SegmentedRaftLogWorker (SegmentedRaftLogWorker.java:close(228)) - fc5bbe82-8490-41a4-97d8-e34a13b8703c-SegmentedRaftLogWorker:Storage Directory /workdir/hadoop-ozone/integration-test/target/test-dir/MiniOzoneClusterImpl-c9bf924e-a99a-40de-a7b2-d35176791736/datanode-6/data/ratis/8798ce88-ce0d-49ee-a819-d49d3a09b945 close()
2019-08-30 15:06:44,258 [RatisPipelineUtilsThread] INFO  pipeline.PipelineStateManager (PipelineStateManager.java:removePipeline(108)) - Pipeline Pipeline[ Id: 8798ce88-ce0d-49ee-a819-d49d3a09b945, Nodes: 56fefae5-2763-4634-a764-1d1f5af899ed{ip: 192.168.5.134, host: pr-hdds-2060-hng4s-2675214545, networkLocation: /default-rack, certSerialId: null}ff806b18-47a3-461f-8103-ac239ab05d36{ip: 192.168.5.134, host: pr-hdds-2060-hng4s-2675214545, networkLocation: /default-rack, certSerialId: null}fc5bbe82-8490-41a4-97d8-e34a13b8703c{ip: 192.168.5.134, host: pr-hdds-2060-hng4s-2675214545, networkLocation: /default-rack, certSerialId: null}, Type:RATIS, Factor:THREE, State:CLOSED] removed from db
2019-08-30 15:06:44,289 | INFO  | SCMAudit | user=jenkins1000 | ip=192.168.5.134 | op=SEND_HEARTBEAT {datanodeUUID=051f1e26-d98e-44a9-be86-7d4b3c80ff32, command=[]} | ret=SUCCESS |  
2019-08-30 15:06:44,943 [main] WARN  io.KeyOutputStream (KeyOutputStream.java:handleException(276)) - Encountered exception java.io.IOException: Unexpected Storage Container Exception: java.util.concurrent.CompletionException: java.util.concurrent.CompletionException: org.apache.ratis.protocol.GroupMismatchException: fc5bbe82-8490-41a4-97d8-e34a13b8703c: group-D49D3A09B945 not found. on the pipeline Pipeline[ Id: 8798ce88-ce0d-49ee-a819-d49d3a09b945, Nodes: 56fefae5-2763-4634-a764-1d1f5af899ed{ip: 192.168.5.134, host: pr-hdds-2060-hng4s-2675214545, networkLocation: /default-rack, certSerialId: null}ff806b18-47a3-461f-8103-ac239ab05d36{ip: 192.168.5.134, host: pr-hdds-2060-hng4s-2675214545, networkLocation: /default-rack, certSerialId: null}fc5bbe82-8490-41a4-97d8-e34a13b8703c{ip: 192.168.5.134, host: pr-hdds-2060-hng4s-2675214545, networkLocation: /default-rack, certSerialId: null}, Type:RATIS, Factor:THREE, State:OPEN]. The last committed block length is 450, uncommitted data length is 350 retry count 0
2019-08-30 15:06:44,949 | INFO  | SCMAudit | user=jenkins1000 | ip=192.168.5.134 | op=SEND_HEARTBEAT {datanodeUUID=f7e068fb-6143-4078-8f73-64e97620f45b, command=[]} | ret=SUCCESS |  
2019-08-30 15:06:44,981 | INFO  | SCMAudit | user=jenkins1000 | ip=192.168.5.134 | op=ALLOCATE_BLOCK {owner=bc40c752-a8a4-4c6c-b2db-a1c7838bafa4, size=800, type=RATIS, factor=THREE} | ret=SUCCESS |  
2019-08-30 15:06:44,985 | INFO  | OMAudit | user=jenkins1000 | ip=127.0.0.1 | op=ALLOCATE_BLOCK {volume=testblockoutputstream, bucket=testblockoutputstream, key=35e128fa-ea1f-4600-bf24-83d624505bce, dataSize=0, replicationType=null, replicationFactor=null, keyLocationInfo=null, clientID=102706546490802176} | ret=SUCCESS |  
2019-08-30 15:06:45,007 [grpc-default-executor-3] INFO  client.GrpcClientProtocolClient (GrpcClientProtocolClient.java:onNext(255)) - client-4D1283813E1A->d5adc888-1e0a-4c25-807e-09fade1f1b41: receive RaftClientReply:client-4D1283813E1A->d5adc888-1e0a-4c25-807e-09fade1f1b41@group-3164F9FC4885, cid=32, FAILED org.apache.ratis.protocol.NotLeaderException: Server d5adc888-1e0a-4c25-807e-09fade1f1b41 is not the leader (051f1e26-d98e-44a9-be86-7d4b3c80ff32:192.168.5.134:33174). Request must be sent to leader., logIndex=0, commits[d5adc888-1e0a-4c25-807e-09fade1f1b41:c0, 051f1e26-d98e-44a9-be86-7d4b3c80ff32:c0, f7e068fb-6143-4078-8f73-64e97620f45b:c0]
2019-08-30 15:06:45,030 | INFO  | SCMAudit | user=jenkins1000 | ip=192.168.5.134 | op=SEND_HEARTBEAT {datanodeUUID=a7864295-ee65-4810-9484-3806f14c48e5, command=[]} | ret=SUCCESS |  
2019-08-30 15:06:45,135 | INFO  | DNAudit | user=null | ip=null | op=WRITE_CHUNK {blockData=conID: 2 locID: 102706551520034818 bcsId: 0} | ret=SUCCESS |  
2019-08-30 15:06:45,135 | INFO  | DNAudit | user=null | ip=null | op=WRITE_CHUNK {blockData=conID: 2 locID: 102706551520034818 bcsId: 0} | ret=SUCCESS |  
2019-08-30 15:06:45,136 | INFO  | DNAudit | user=null | ip=null | op=WRITE_CHUNK {blockData=conID: 2 locID: 102706551520034818 bcsId: 0} | ret=SUCCESS |  
2019-08-30 15:06:45,137 | INFO  | SCMAudit | user=jenkins1000 | ip=192.168.5.134 | op=SEND_HEARTBEAT {datanodeUUID=051f1e26-d98e-44a9-be86-7d4b3c80ff32, command=[]} | ret=SUCCESS |  
2019-08-30 15:06:45,137 | INFO  | SCMAudit | user=jenkins1000 | ip=192.168.5.134 | op=SEND_HEARTBEAT {datanodeUUID=d5adc888-1e0a-4c25-807e-09fade1f1b41, command=[]} | ret=SUCCESS |  
2019-08-30 15:06:45,137 | INFO  | SCMAudit | user=jenkins1000 | ip=192.168.5.134 | op=SEND_HEARTBEAT {datanodeUUID=f7e068fb-6143-4078-8f73-64e97620f45b, command=[]} | ret=SUCCESS |  
2019-08-30 15:06:45,151 | INFO  | DNAudit | user=null | ip=null | op=WRITE_CHUNK {blockData=conID: 2 locID: 102706551520034818 bcsId: 0} | ret=SUCCESS |  
2019-08-30 15:06:45,157 [grpc-default-executor-3] INFO  client.GrpcClientProtocolClient (GrpcClientProtocolClient.java:onNext(255)) - client-4D1283813E1A->051f1e26-d98e-44a9-be86-7d4b3c80ff32: receive RaftClientReply:client-4D1283813E1A->051f1e26-d98e-44a9-be86-7d4b3c80ff32@group-3164F9FC4885, cid=32, SUCCESS, logIndex=1, commits[051f1e26-d98e-44a9-be86-7d4b3c80ff32:c1, d5adc888-1e0a-4c25-807e-09fade1f1b41:c0, f7e068fb-6143-4078-8f73-64e97620f45b:c0]
2019-08-30 15:06:45,161 | INFO  | DNAudit | user=null | ip=null | op=WRITE_CHUNK {blockData=conID: 2 locID: 102706551520034818 bcsId: 0} | ret=SUCCESS |  
2019-08-30 15:06:45,163 | INFO  | DNAudit | user=null | ip=null | op=WRITE_CHUNK {blockData=conID: 2 locID: 102706551520034818 bcsId: 0} | ret=SUCCESS |  
2019-08-30 15:06:45,163 | INFO  | DNAudit | user=null | ip=null | op=WRITE_CHUNK {blockData=conID: 2 locID: 102706551520034818 bcsId: 0} | ret=SUCCESS |  
2019-08-30 15:06:45,163 | INFO  | DNAudit | user=null | ip=null | op=WRITE_CHUNK {blockData=conID: 2 locID: 102706551520034818 bcsId: 0} | ret=SUCCESS |  
2019-08-30 15:06:45,163 | INFO  | DNAudit | user=null | ip=null | op=WRITE_CHUNK {blockData=conID: 2 locID: 102706551520034818 bcsId: 0} | ret=SUCCESS |  
2019-08-30 15:06:45,164 | INFO  | DNAudit | user=null | ip=null | op=WRITE_CHUNK {blockData=conID: 2 locID: 102706551520034818 bcsId: 0} | ret=SUCCESS |  
2019-08-30 15:06:45,165 | INFO  | DNAudit | user=null | ip=null | op=WRITE_CHUNK {blockData=conID: 2 locID: 102706551520034818 bcsId: 0} | ret=SUCCESS |  
2019-08-30 15:06:45,165 | INFO  | DNAudit | user=null | ip=null | op=WRITE_CHUNK {blockData=conID: 2 locID: 102706551520034818 bcsId: 0} | ret=SUCCESS |  
2019-08-30 15:06:45,165 | INFO  | DNAudit | user=null | ip=null | op=WRITE_CHUNK {blockData=conID: 2 locID: 102706551520034818 bcsId: 0} | ret=SUCCESS |  
2019-08-30 15:06:45,166 | INFO  | DNAudit | user=null | ip=null | op=WRITE_CHUNK {blockData=conID: 2 locID: 102706551520034818 bcsId: 0} | ret=SUCCESS |  
2019-08-30 15:06:45,167 | INFO  | DNAudit | user=null | ip=null | op=WRITE_CHUNK {blockData=conID: 2 locID: 102706551520034818 bcsId: 0} | ret=SUCCESS |  
2019-08-30 15:06:45,176 | INFO  | DNAudit | user=null | ip=null | op=WRITE_CHUNK {blockData=conID: 2 locID: 102706551520034818 bcsId: 0} | ret=SUCCESS |  
2019-08-30 15:06:45,182 [grpc-default-executor-3] INFO  client.GrpcClientProtocolClient (GrpcClientProtocolClient.java:onNext(255)) - client-4D1283813E1A->051f1e26-d98e-44a9-be86-7d4b3c80ff32: receive RaftClientReply:client-4D1283813E1A->051f1e26-d98e-44a9-be86-7d4b3c80ff32@group-3164F9FC4885, cid=33, SUCCESS, logIndex=3, commits[051f1e26-d98e-44a9-be86-7d4b3c80ff32:c4, d5adc888-1e0a-4c25-807e-09fade1f1b41:c1, f7e068fb-6143-4078-8f73-64e97620f45b:c1]
2019-08-30 15:06:45,188 | INFO  | DNAudit | user=null | ip=null | op=WRITE_CHUNK {blockData=conID: 2 locID: 102706551520034818 bcsId: 0} | ret=SUCCESS |  
2019-08-30 15:06:45,188 | INFO  | DNAudit | user=null | ip=null | op=WRITE_CHUNK {blockData=conID: 2 locID: 102706551520034818 bcsId: 0} | ret=SUCCESS |  
2019-08-30 15:06:45,228 | INFO  | SCMAudit | user=jenkins1000 | ip=192.168.5.134 | op=SEND_HEARTBEAT {datanodeUUID=fc5bbe82-8490-41a4-97d8-e34a13b8703c, command=[]} | ret=SUCCESS |  
2019-08-30 15:06:45,271 | INFO  | DNAudit | user=null | ip=null | op=PUT_BLOCK {blockData=[blockId=conID: 2 locID: 102706551520034818 bcsId: 0,size=200]} | ret=SUCCESS |  
2019-08-30 15:06:45,275 [grpc-default-executor-6] INFO  client.GrpcClientProtocolClient (GrpcClientProtocolClient.java:onNext(255)) - client-4D1283813E1A->051f1e26-d98e-44a9-be86-7d4b3c80ff32: receive RaftClientReply:client-4D1283813E1A->051f1e26-d98e-44a9-be86-7d4b3c80ff32@group-3164F9FC4885, cid=34, SUCCESS, logIndex=4, commits[051f1e26-d98e-44a9-be86-7d4b3c80ff32:c12, d5adc888-1e0a-4c25-807e-09fade1f1b41:c7, f7e068fb-6143-4078-8f73-64e97620f45b:c7]
2019-08-30 15:06:45,280 | INFO  | DNAudit | user=null | ip=null | op=WRITE_CHUNK {blockData=conID: 2 locID: 102706551520034818 bcsId: 0} | ret=SUCCESS |  
2019-08-30 15:06:45,281 | INFO  | DNAudit | user=null | ip=null | op=WRITE_CHUNK {blockData=conID: 2 locID: 102706551520034818 bcsId: 0} | ret=SUCCESS |  
2019-08-30 15:06:45,282 [grpc-default-executor-6] INFO  client.GrpcClientProtocolClient (GrpcClientProtocolClient.java:onNext(255)) - client-4D1283813E1A->051f1e26-d98e-44a9-be86-7d4b3c80ff32: receive RaftClientReply:client-4D1283813E1A->051f1e26-d98e-44a9-be86-7d4b3c80ff32@group-3164F9FC4885, cid=35, SUCCESS, logIndex=5, commits[051f1e26-d98e-44a9-be86-7d4b3c80ff32:c12, d5adc888-1e0a-4c25-807e-09fade1f1b41:c7, f7e068fb-6143-4078-8f73-64e97620f45b:c7]
2019-08-30 15:06:45,283 [grpc-default-executor-6] INFO  client.GrpcClientProtocolClient (GrpcClientProtocolClient.java:onNext(255)) - client-4D1283813E1A->051f1e26-d98e-44a9-be86-7d4b3c80ff32: receive RaftClientReply:client-4D1283813E1A->051f1e26-d98e-44a9-be86-7d4b3c80ff32@group-3164F9FC4885, cid=36, SUCCESS, logIndex=6, commits[051f1e26-d98e-44a9-be86-7d4b3c80ff32:c12, d5adc888-1e0a-4c25-807e-09fade1f1b41:c7, f7e068fb-6143-4078-8f73-64e97620f45b:c7]
2019-08-30 15:06:45,319 | INFO  | DNAudit | user=null | ip=null | op=PUT_BLOCK {blockData=[blockId=conID: 2 locID: 102706551520034818 bcsId: 0,size=200]} | ret=SUCCESS |  
2019-08-30 15:06:45,320 | INFO  | DNAudit | user=null | ip=null | op=WRITE_CHUNK {blockData=conID: 2 locID: 102706551520034818 bcsId: 0} | ret=SUCCESS |  
2019-08-30 15:06:45,321 | INFO  | DNAudit | user=null | ip=null | op=WRITE_CHUNK {blockData=conID: 2 locID: 102706551520034818 bcsId: 0} | ret=SUCCESS |  
2019-08-30 15:06:45,368 | INFO  | DNAudit | user=null | ip=null | op=PUT_BLOCK {blockData=[blockId=conID: 2 locID: 102706551520034818 bcsId: 0,size=400]} | ret=SUCCESS |  
2019-08-30 15:06:45,368 | INFO  | DNAudit | user=null | ip=null | op=PUT_BLOCK {blockData=[blockId=conID: 2 locID: 102706551520034818 bcsId: 0,size=400]} | ret=SUCCESS |  
2019-08-30 15:06:45,371 [grpc-default-executor-6] INFO  client.GrpcClientProtocolClient (GrpcClientProtocolClient.java:onNext(255)) - client-4D1283813E1A->051f1e26-d98e-44a9-be86-7d4b3c80ff32: receive RaftClientReply:client-4D1283813E1A->051f1e26-d98e-44a9-be86-7d4b3c80ff32@group-3164F9FC4885, cid=37, SUCCESS, logIndex=7, commits[051f1e26-d98e-44a9-be86-7d4b3c80ff32:c12, d5adc888-1e0a-4c25-807e-09fade1f1b41:c7, f7e068fb-6143-4078-8f73-64e97620f45b:c7]
2019-08-30 15:06:45,375 | INFO  | DNAudit | user=null | ip=null | op=WRITE_CHUNK {blockData=conID: 2 locID: 102706551520034818 bcsId: 7} | ret=SUCCESS |  
2019-08-30 15:06:45,377 | INFO  | DNAudit | user=null | ip=null | op=WRITE_CHUNK {blockData=conID: 2 locID: 102706551520034818 bcsId: 7} | ret=SUCCESS |  
2019-08-30 15:06:45,378 | INFO  | DNAudit | user=null | ip=null | op=WRITE_CHUNK {blockData=conID: 2 locID: 102706551520034818 bcsId: 7} | ret=SUCCESS |  
2019-08-30 15:06:45,388 | INFO  | DNAudit | user=null | ip=null | op=PUT_BLOCK {blockData=[blockId=conID: 2 locID: 102706551520034818 bcsId: 0,size=200]} | ret=SUCCESS |  
2019-08-30 15:06:45,388 | INFO  | DNAudit | user=null | ip=null | op=WRITE_CHUNK {blockData=conID: 2 locID: 102706551520034818 bcsId: 0} | ret=SUCCESS |  
2019-08-30 15:06:45,389 | INFO  | DNAudit | user=null | ip=null | op=WRITE_CHUNK {blockData=conID: 2 locID: 102706551520034818 bcsId: 0} | ret=SUCCESS |  
2019-08-30 15:06:45,390 | INFO  | DNAudit | user=null | ip=null | op=PUT_BLOCK {blockData=[blockId=conID: 2 locID: 102706551520034818 bcsId: 0,size=400]} | ret=SUCCESS |  
2019-08-30 15:06:45,391 | INFO  | DNAudit | user=null | ip=null | op=WRITE_CHUNK {blockData=conID: 2 locID: 102706551520034818 bcsId: 7} | ret=SUCCESS |  
2019-08-30 15:06:45,393 [grpc-default-executor-1] INFO  client.GrpcClientProtocolClient (GrpcClientProtocolClient.java:onNext(255)) - client-4D1283813E1A->051f1e26-d98e-44a9-be86-7d4b3c80ff32: receive RaftClientReply:client-4D1283813E1A->051f1e26-d98e-44a9-be86-7d4b3c80ff32@group-3164F9FC4885, cid=38, SUCCESS, logIndex=13, commits[051f1e26-d98e-44a9-be86-7d4b3c80ff32:c13, d5adc888-1e0a-4c25-807e-09fade1f1b41:c12, f7e068fb-6143-4078-8f73-64e97620f45b:c12]
2019-08-30 15:06:45,411 | INFO  | DNAudit | user=null | ip=null | op=WRITE_CHUNK {blockData=conID: 2 locID: 102706551520034818 bcsId: 7} | ret=SUCCESS |  
2019-08-30 15:06:45,411 | INFO  | DNAudit | user=null | ip=null | op=PUT_BLOCK {blockData=[blockId=conID: 2 locID: 102706551520034818 bcsId: 0,size=450]} | ret=SUCCESS |  
2019-08-30 15:06:45,411 | INFO  | DNAudit | user=null | ip=null | op=WRITE_CHUNK {blockData=conID: 2 locID: 102706551520034818 bcsId: 7} | ret=SUCCESS |  
2019-08-30 15:06:45,413 [grpc-default-executor-6] INFO  client.GrpcClientProtocolClient (GrpcClientProtocolClient.java:onNext(255)) - client-4D1283813E1A->051f1e26-d98e-44a9-be86-7d4b3c80ff32: receive RaftClientReply:client-4D1283813E1A->051f1e26-d98e-44a9-be86-7d4b3c80ff32@group-3164F9FC4885, cid=39, SUCCESS, logIndex=14, commits[051f1e26-d98e-44a9-be86-7d4b3c80ff32:c15, d5adc888-1e0a-4c25-807e-09fade1f1b41:c13, f7e068fb-6143-4078-8f73-64e97620f45b:c12]
2019-08-30 15:06:46,031 | INFO  | SCMAudit | user=jenkins1000 | ip=192.168.5.134 | op=SEND_HEARTBEAT {datanodeUUID=a7864295-ee65-4810-9484-3806f14c48e5, command=[]} | ret=SUCCESS |  
2019-08-30 15:06:46,133 | INFO  | SCMAudit | user=jenkins1000 | ip=192.168.5.134 | op=SEND_HEARTBEAT {datanodeUUID=d5adc888-1e0a-4c25-807e-09fade1f1b41, command=[]} | ret=SUCCESS |  
2019-08-30 15:06:46,133 | INFO  | SCMAudit | user=jenkins1000 | ip=192.168.5.134 | op=SEND_HEARTBEAT {datanodeUUID=051f1e26-d98e-44a9-be86-7d4b3c80ff32, command=[]} | ret=SUCCESS |  
2019-08-30 15:06:46,133 | INFO  | SCMAudit | user=jenkins1000 | ip=192.168.5.134 | op=SEND_HEARTBEAT {datanodeUUID=f7e068fb-6143-4078-8f73-64e97620f45b, command=[]} | ret=SUCCESS |  
2019-08-30 15:06:46,229 | INFO  | SCMAudit | user=jenkins1000 | ip=192.168.5.134 | op=SEND_HEARTBEAT {datanodeUUID=fc5bbe82-8490-41a4-97d8-e34a13b8703c, command=[]} | ret=SUCCESS |  
2019-08-30 15:06:46,415 [main] WARN  scm.XceiverClientRatis (XceiverClientRatis.java:watchForCommit(262)) - 3 way commit failed on pipeline Pipeline[ Id: 36aa1e05-e4ff-4a97-b793-3164f9fc4885, Nodes: d5adc888-1e0a-4c25-807e-09fade1f1b41{ip: 192.168.5.134, host: pr-hdds-2060-hng4s-2675214545, networkLocation: /default-rack, certSerialId: null}f7e068fb-6143-4078-8f73-64e97620f45b{ip: 192.168.5.134, host: pr-hdds-2060-hng4s-2675214545, networkLocation: /default-rack, certSerialId: null}051f1e26-d98e-44a9-be86-7d4b3c80ff32{ip: 192.168.5.134, host: pr-hdds-2060-hng4s-2675214545, networkLocation: /default-rack, certSerialId: null}, Type:RATIS, Factor:THREE, State:OPEN]
java.util.concurrent.TimeoutException
	at java.util.concurrent.CompletableFuture.timedGet(CompletableFuture.java:1771)
	at java.util.concurrent.CompletableFuture.get(CompletableFuture.java:1915)
	at org.apache.hadoop.hdds.scm.XceiverClientRatis.watchForCommit(XceiverClientRatis.java:259)
	at org.apache.hadoop.hdds.scm.storage.CommitWatcher.watchForCommit(CommitWatcher.java:194)
	at org.apache.hadoop.hdds.scm.storage.CommitWatcher.watchOnLastIndex(CommitWatcher.java:157)
	at org.apache.hadoop.hdds.scm.storage.BlockOutputStream.watchForCommit(BlockOutputStream.java:347)
	at org.apache.hadoop.hdds.scm.storage.BlockOutputStream.handleFlush(BlockOutputStream.java:479)
	at org.apache.hadoop.hdds.scm.storage.BlockOutputStream.flush(BlockOutputStream.java:428)
	at org.apache.hadoop.ozone.client.io.BlockOutputStreamEntry.flush(BlockOutputStreamEntry.java:136)
	at org.apache.hadoop.ozone.client.io.KeyOutputStream.handleFlushOrClose(KeyOutputStream.java:442)
	at org.apache.hadoop.ozone.client.io.KeyOutputStream.flush(KeyOutputStream.java:396)
	at org.apache.hadoop.ozone.client.io.OzoneOutputStream.flush(OzoneOutputStream.java:54)
	at org.apache.hadoop.ozone.client.rpc.TestBlockOutputStreamWithFailures.test2DatanodesFailure(TestBlockOutputStreamWithFailures.java:502)
	at sun.reflect.NativeMethodAccessorImpl.invoke0(Native Method)
	at sun.reflect.NativeMethodAccessorImpl.invoke(NativeMethodAccessorImpl.java:62)
	at sun.reflect.DelegatingMethodAccessorImpl.invoke(DelegatingMethodAccessorImpl.java:43)
	at java.lang.reflect.Method.invoke(Method.java:498)
	at org.junit.runners.model.FrameworkMethod$1.runReflectiveCall(FrameworkMethod.java:47)
	at org.junit.internal.runners.model.ReflectiveCallable.run(ReflectiveCallable.java:12)
	at org.junit.runners.model.FrameworkMethod.invokeExplosively(FrameworkMethod.java:44)
	at org.junit.internal.runners.statements.InvokeMethod.evaluate(InvokeMethod.java:17)
	at org.junit.internal.runners.statements.RunBefores.evaluate(RunBefores.java:26)
	at org.junit.internal.runners.statements.RunAfters.evaluate(RunAfters.java:27)
	at org.junit.runners.ParentRunner.runLeaf(ParentRunner.java:271)
	at org.junit.runners.BlockJUnit4ClassRunner.runChild(BlockJUnit4ClassRunner.java:70)
	at org.junit.runners.BlockJUnit4ClassRunner.runChild(BlockJUnit4ClassRunner.java:50)
	at org.junit.runners.ParentRunner$3.run(ParentRunner.java:238)
	at org.junit.runners.ParentRunner$1.schedule(ParentRunner.java:63)
	at org.junit.runners.ParentRunner.runChildren(ParentRunner.java:236)
	at org.junit.runners.ParentRunner.access$000(ParentRunner.java:53)
	at org.junit.runners.ParentRunner$2.evaluate(ParentRunner.java:229)
	at org.junit.runners.ParentRunner.run(ParentRunner.java:309)
	at org.apache.maven.surefire.junit4.JUnit4Provider.execute(JUnit4Provider.java:365)
	at org.apache.maven.surefire.junit4.JUnit4Provider.executeWithRerun(JUnit4Provider.java:273)
	at org.apache.maven.surefire.junit4.JUnit4Provider.executeTestSet(JUnit4Provider.java:238)
	at org.apache.maven.surefire.junit4.JUnit4Provider.invoke(JUnit4Provider.java:159)
	at org.apache.maven.surefire.booter.ForkedBooter.invokeProviderInSameClassLoader(ForkedBooter.java:384)
	at org.apache.maven.surefire.booter.ForkedBooter.runSuitesInProcess(ForkedBooter.java:345)
	at org.apache.maven.surefire.booter.ForkedBooter.execute(ForkedBooter.java:126)
	at org.apache.maven.surefire.booter.ForkedBooter.main(ForkedBooter.java:418)
2019-08-30 15:06:47,031 | INFO  | SCMAudit | user=jenkins1000 | ip=192.168.5.134 | op=SEND_HEARTBEAT {datanodeUUID=a7864295-ee65-4810-9484-3806f14c48e5, command=[]} | ret=SUCCESS |  
2019-08-30 15:06:47,133 | INFO  | SCMAudit | user=jenkins1000 | ip=192.168.5.134 | op=SEND_HEARTBEAT {datanodeUUID=d5adc888-1e0a-4c25-807e-09fade1f1b41, command=[]} | ret=SUCCESS |  
2019-08-30 15:06:47,133 | INFO  | SCMAudit | user=jenkins1000 | ip=192.168.5.134 | op=SEND_HEARTBEAT {datanodeUUID=051f1e26-d98e-44a9-be86-7d4b3c80ff32, command=[]} | ret=SUCCESS |  
2019-08-30 15:06:47,134 | INFO  | SCMAudit | user=jenkins1000 | ip=192.168.5.134 | op=SEND_HEARTBEAT {datanodeUUID=f7e068fb-6143-4078-8f73-64e97620f45b, command=[]} | ret=SUCCESS |  
2019-08-30 15:06:47,233 | INFO  | SCMAudit | user=jenkins1000 | ip=192.168.5.134 | op=SEND_HEARTBEAT {datanodeUUID=fc5bbe82-8490-41a4-97d8-e34a13b8703c, command=[]} | ret=SUCCESS |  
2019-08-30 15:06:47,417 [main] WARN  storage.CommitWatcher (CommitWatcher.java:watchForCommit(203)) - watchForCommit failed for index 14
java.util.concurrent.TimeoutException
	at java.util.concurrent.CompletableFuture.timedGet(CompletableFuture.java:1771)
	at java.util.concurrent.CompletableFuture.get(CompletableFuture.java:1915)
	at org.apache.hadoop.hdds.scm.XceiverClientRatis.watchForCommit(XceiverClientRatis.java:268)
	at org.apache.hadoop.hdds.scm.storage.CommitWatcher.watchForCommit(CommitWatcher.java:194)
	at org.apache.hadoop.hdds.scm.storage.CommitWatcher.watchOnLastIndex(CommitWatcher.java:157)
	at org.apache.hadoop.hdds.scm.storage.BlockOutputStream.watchForCommit(BlockOutputStream.java:347)
	at org.apache.hadoop.hdds.scm.storage.BlockOutputStream.handleFlush(BlockOutputStream.java:479)
	at org.apache.hadoop.hdds.scm.storage.BlockOutputStream.flush(BlockOutputStream.java:428)
	at org.apache.hadoop.ozone.client.io.BlockOutputStreamEntry.flush(BlockOutputStreamEntry.java:136)
	at org.apache.hadoop.ozone.client.io.KeyOutputStream.handleFlushOrClose(KeyOutputStream.java:442)
	at org.apache.hadoop.ozone.client.io.KeyOutputStream.flush(KeyOutputStream.java:396)
	at org.apache.hadoop.ozone.client.io.OzoneOutputStream.flush(OzoneOutputStream.java:54)
	at org.apache.hadoop.ozone.client.rpc.TestBlockOutputStreamWithFailures.test2DatanodesFailure(TestBlockOutputStreamWithFailures.java:502)
	at sun.reflect.NativeMethodAccessorImpl.invoke0(Native Method)
	at sun.reflect.NativeMethodAccessorImpl.invoke(NativeMethodAccessorImpl.java:62)
	at sun.reflect.DelegatingMethodAccessorImpl.invoke(DelegatingMethodAccessorImpl.java:43)
	at java.lang.reflect.Method.invoke(Method.java:498)
	at org.junit.runners.model.FrameworkMethod$1.runReflectiveCall(FrameworkMethod.java:47)
	at org.junit.internal.runners.model.ReflectiveCallable.run(ReflectiveCallable.java:12)
	at org.junit.runners.model.FrameworkMethod.invokeExplosively(FrameworkMethod.java:44)
	at org.junit.internal.runners.statements.InvokeMethod.evaluate(InvokeMethod.java:17)
	at org.junit.internal.runners.statements.RunBefores.evaluate(RunBefores.java:26)
	at org.junit.internal.runners.statements.RunAfters.evaluate(RunAfters.java:27)
	at org.junit.runners.ParentRunner.runLeaf(ParentRunner.java:271)
	at org.junit.runners.BlockJUnit4ClassRunner.runChild(BlockJUnit4ClassRunner.java:70)
	at org.junit.runners.BlockJUnit4ClassRunner.runChild(BlockJUnit4ClassRunner.java:50)
	at org.junit.runners.ParentRunner$3.run(ParentRunner.java:238)
	at org.junit.runners.ParentRunner$1.schedule(ParentRunner.java:63)
	at org.junit.runners.ParentRunner.runChildren(ParentRunner.java:236)
	at org.junit.runners.ParentRunner.access$000(ParentRunner.java:53)
	at org.junit.runners.ParentRunner$2.evaluate(ParentRunner.java:229)
	at org.junit.runners.ParentRunner.run(ParentRunner.java:309)
	at org.apache.maven.surefire.junit4.JUnit4Provider.execute(JUnit4Provider.java:365)
	at org.apache.maven.surefire.junit4.JUnit4Provider.executeWithRerun(JUnit4Provider.java:273)
	at org.apache.maven.surefire.junit4.JUnit4Provider.executeTestSet(JUnit4Provider.java:238)
	at org.apache.maven.surefire.junit4.JUnit4Provider.invoke(JUnit4Provider.java:159)
	at org.apache.maven.surefire.booter.ForkedBooter.invokeProviderInSameClassLoader(ForkedBooter.java:384)
	at org.apache.maven.surefire.booter.ForkedBooter.runSuitesInProcess(ForkedBooter.java:345)
	at org.apache.maven.surefire.booter.ForkedBooter.execute(ForkedBooter.java:126)
	at org.apache.maven.surefire.booter.ForkedBooter.main(ForkedBooter.java:418)
2019-08-30 15:06:47,419 [main] WARN  io.KeyOutputStream (KeyOutputStream.java:handleException(276)) - Encountered exception java.io.IOException: Unexpected Storage Container Exception: java.io.IOException: Unexpected Storage Container Exception: java.util.concurrent.TimeoutException on the pipeline Pipeline[ Id: 36aa1e05-e4ff-4a97-b793-3164f9fc4885, Nodes: d5adc888-1e0a-4c25-807e-09fade1f1b41{ip: 192.168.5.134, host: pr-hdds-2060-hng4s-2675214545, networkLocation: /default-rack, certSerialId: null}f7e068fb-6143-4078-8f73-64e97620f45b{ip: 192.168.5.134, host: pr-hdds-2060-hng4s-2675214545, networkLocation: /default-rack, certSerialId: null}051f1e26-d98e-44a9-be86-7d4b3c80ff32{ip: 192.168.5.134, host: pr-hdds-2060-hng4s-2675214545, networkLocation: /default-rack, certSerialId: null}, Type:RATIS, Factor:THREE, State:OPEN]. The last committed block length is 400, uncommitted data length is 50 retry count 0
2019-08-30 15:06:47,427 [IPC Server handler 19 on 37359] WARN  block.BlockManagerImpl (BlockManagerImpl.java:allocateBlock(192)) - Pipeline creation failed for type:RATIS factor:THREE. Retrying get pipelines call once.
org.apache.hadoop.hdds.scm.pipeline.InsufficientDatanodesException: Cannot create pipeline of factor 3 using 2 nodes.
	at org.apache.hadoop.hdds.scm.pipeline.RatisPipelineProvider.create(RatisPipelineProvider.java:151)
	at org.apache.hadoop.hdds.scm.pipeline.PipelineFactory.create(PipelineFactory.java:57)
	at org.apache.hadoop.hdds.scm.pipeline.SCMPipelineManager.createPipeline(SCMPipelineManager.java:149)
	at org.apache.hadoop.hdds.scm.block.BlockManagerImpl.allocateBlock(BlockManagerImpl.java:190)
	at org.apache.hadoop.hdds.scm.server.SCMBlockProtocolServer.allocateBlock(SCMBlockProtocolServer.java:182)
	at org.apache.hadoop.ozone.protocolPB.ScmBlockLocationProtocolServerSideTranslatorPB.allocateScmBlock(ScmBlockLocationProtocolServerSideTranslatorPB.java:183)
	at org.apache.hadoop.ozone.protocolPB.ScmBlockLocationProtocolServerSideTranslatorPB.processMessage(ScmBlockLocationProtocolServerSideTranslatorPB.java:141)
	at org.apache.hadoop.ozone.protocolPB.ScmBlockLocationProtocolServerSideTranslatorPB.send(ScmBlockLocationProtocolServerSideTranslatorPB.java:116)
	at org.apache.hadoop.hdds.protocol.proto.ScmBlockLocationProtocolProtos$ScmBlockLocationProtocolService$2.callBlockingMethod(ScmBlockLocationProtocolProtos.java:13157)
	at org.apache.hadoop.ipc.ProtobufRpcEngine$Server$ProtoBufRpcInvoker.call(ProtobufRpcEngine.java:524)
	at org.apache.hadoop.ipc.RPC$Server.call(RPC.java:1025)
	at org.apache.hadoop.ipc.Server$RpcCall.run(Server.java:876)
	at org.apache.hadoop.ipc.Server$RpcCall.run(Server.java:822)
	at java.security.AccessController.doPrivileged(Native Method)
	at javax.security.auth.Subject.doAs(Subject.java:422)
	at org.apache.hadoop.security.UserGroupInformation.doAs(UserGroupInformation.java:1730)
	at org.apache.hadoop.ipc.Server$Handler.run(Server.java:2682)
2019-08-30 15:06:47,428 [IPC Server handler 19 on 37359] INFO  block.BlockManagerImpl (BlockManagerImpl.java:allocateBlock(198)) - Could not find available pipeline of type:RATIS and factor:THREE even after retrying
2019-08-30 15:06:47,428 [IPC Server handler 19 on 37359] ERROR block.BlockManagerImpl (BlockManagerImpl.java:allocateBlock(222)) - Unable to allocate a block for the size: 800, type: RATIS, factor: THREE
2019-08-30 15:06:47,428 | INFO  | SCMAudit | user=jenkins1000 | ip=192.168.5.134 | op=ALLOCATE_BLOCK {owner=bc40c752-a8a4-4c6c-b2db-a1c7838bafa4, size=800, type=RATIS, factor=THREE} | ret=SUCCESS |  
2019-08-30 15:06:47,432 | ERROR | OMAudit | user=jenkins1000 | ip=127.0.0.1 | op=ALLOCATE_BLOCK {volume=testblockoutputstream, bucket=testblockoutputstream, key=35e128fa-ea1f-4600-bf24-83d624505bce, dataSize=0, replicationType=null, replicationFactor=null, keyLocationInfo=null, clientID=102706546490802176} | ret=FAILURE | org.apache.hadoop.hdds.scm.exceptions.SCMException: Allocated 0 blocks. Requested 1 blocks
	at org.apache.hadoop.hdds.scm.protocolPB.ScmBlockLocationProtocolClientSideTranslatorPB.handleError(ScmBlockLocationProtocolClientSideTranslatorPB.java:118)
	at org.apache.hadoop.hdds.scm.protocolPB.ScmBlockLocationProtocolClientSideTranslatorPB.allocateBlock(ScmBlockLocationProtocolClientSideTranslatorPB.java:156) 
2019-08-30 15:06:47,437 [main] ERROR io.BlockOutputStreamEntryPool (BlockOutputStreamEntryPool.java:allocateBlockIfNeeded(299)) - Try to allocate more blocks for write failed, already allocated 0 blocks for this write.
INTERNAL_ERROR org.apache.hadoop.ozone.om.exceptions.OMException: Allocated 0 blocks. Requested 1 blocks
	at org.apache.hadoop.ozone.om.protocolPB.OzoneManagerProtocolClientSideTranslatorPB.handleError(OzoneManagerProtocolClientSideTranslatorPB.java:725)
	at org.apache.hadoop.ozone.om.protocolPB.OzoneManagerProtocolClientSideTranslatorPB.allocateBlock(OzoneManagerProtocolClientSideTranslatorPB.java:757)
	at org.apache.hadoop.ozone.client.io.BlockOutputStreamEntryPool.allocateNewBlock(BlockOutputStreamEntryPool.java:248)
	at org.apache.hadoop.ozone.client.io.BlockOutputStreamEntryPool.allocateBlockIfNeeded(BlockOutputStreamEntryPool.java:296)
	at org.apache.hadoop.ozone.client.io.KeyOutputStream.handleWrite(KeyOutputStream.java:201)
	at org.apache.hadoop.ozone.client.io.KeyOutputStream.handleRetry(KeyOutputStream.java:376)
	at org.apache.hadoop.ozone.client.io.KeyOutputStream.handleException(KeyOutputStream.java:325)
	at org.apache.hadoop.ozone.client.io.KeyOutputStream.handleFlushOrClose(KeyOutputStream.java:448)
	at org.apache.hadoop.ozone.client.io.KeyOutputStream.flush(KeyOutputStream.java:396)
	at org.apache.hadoop.ozone.client.io.OzoneOutputStream.flush(OzoneOutputStream.java:54)
	at org.apache.hadoop.ozone.client.rpc.TestBlockOutputStreamWithFailures.test2DatanodesFailure(TestBlockOutputStreamWithFailures.java:502)
	at sun.reflect.NativeMethodAccessorImpl.invoke0(Native Method)
	at sun.reflect.NativeMethodAccessorImpl.invoke(NativeMethodAccessorImpl.java:62)
	at sun.reflect.DelegatingMethodAccessorImpl.invoke(DelegatingMethodAccessorImpl.java:43)
	at java.lang.reflect.Method.invoke(Method.java:498)
	at org.junit.runners.model.FrameworkMethod$1.runReflectiveCall(FrameworkMethod.java:47)
	at org.junit.internal.runners.model.ReflectiveCallable.run(ReflectiveCallable.java:12)
	at org.junit.runners.model.FrameworkMethod.invokeExplosively(FrameworkMethod.java:44)
	at org.junit.internal.runners.statements.InvokeMethod.evaluate(InvokeMethod.java:17)
	at org.junit.internal.runners.statements.RunBefores.evaluate(RunBefores.java:26)
	at org.junit.internal.runners.statements.RunAfters.evaluate(RunAfters.java:27)
	at org.junit.runners.ParentRunner.runLeaf(ParentRunner.java:271)
	at org.junit.runners.BlockJUnit4ClassRunner.runChild(BlockJUnit4ClassRunner.java:70)
	at org.junit.runners.BlockJUnit4ClassRunner.runChild(BlockJUnit4ClassRunner.java:50)
	at org.junit.runners.ParentRunner$3.run(ParentRunner.java:238)
	at org.junit.runners.ParentRunner$1.schedule(ParentRunner.java:63)
	at org.junit.runners.ParentRunner.runChildren(ParentRunner.java:236)
	at org.junit.runners.ParentRunner.access$000(ParentRunner.java:53)
	at org.junit.runners.ParentRunner$2.evaluate(ParentRunner.java:229)
	at org.junit.runners.ParentRunner.run(ParentRunner.java:309)
	at org.apache.maven.surefire.junit4.JUnit4Provider.execute(JUnit4Provider.java:365)
	at org.apache.maven.surefire.junit4.JUnit4Provider.executeWithRerun(JUnit4Provider.java:273)
	at org.apache.maven.surefire.junit4.JUnit4Provider.executeTestSet(JUnit4Provider.java:238)
	at org.apache.maven.surefire.junit4.JUnit4Provider.invoke(JUnit4Provider.java:159)
	at org.apache.maven.surefire.booter.ForkedBooter.invokeProviderInSameClassLoader(ForkedBooter.java:384)
	at org.apache.maven.surefire.booter.ForkedBooter.runSuitesInProcess(ForkedBooter.java:345)
	at org.apache.maven.surefire.booter.ForkedBooter.execute(ForkedBooter.java:126)
	at org.apache.maven.surefire.booter.ForkedBooter.main(ForkedBooter.java:418)
2019-08-30 15:06:47,439 [main] INFO  ozone.MiniOzoneClusterImpl (MiniOzoneClusterImpl.java:shutdown(307)) - Shutting down the Mini Ozone Cluster
2019-08-30 15:06:47,439 | INFO  | SCMAudit | user=null | ip=null | op=GET_SCM_INFO null | ret=SUCCESS |  
2019-08-30 15:06:47,439 [main] INFO  ozone.MiniOzoneClusterImpl (MiniOzoneClusterImpl.java:stop(322)) - Stopping the Mini Ozone Cluster
2019-08-30 15:06:47,440 [main] INFO  ozone.MiniOzoneClusterImpl (MiniOzoneClusterImpl.java:stop(324)) - Stopping the OzoneManager
2019-08-30 15:06:47,440 [main] INFO  ipc.Server (Server.java:stop(3082)) - Stopping server on 34553
2019-08-30 15:06:47,452 [IPC Server listener on 34553] INFO  ipc.Server (Server.java:run(1185)) - Stopping IPC Server listener on 34553
2019-08-30 15:06:47,459 [main] INFO  ratis.OzoneManagerDoubleBuffer (OzoneManagerDoubleBuffer.java:stop(248)) - Stopping OMDoubleBuffer flush thread
2019-08-30 15:06:47,468 [IPC Server Responder] INFO  ipc.Server (Server.java:run(1319)) - Stopping IPC Server Responder
2019-08-30 15:06:47,480 [OMDoubleBufferFlushThread] INFO  ratis.OzoneManagerDoubleBuffer (OzoneManagerDoubleBuffer.java:flushTransactions(191)) - OMDoubleBuffer flush thread OMDoubleBufferFlushThread is interrupted and will exit. OMDoubleBufferFlushThread
2019-08-30 15:06:47,490 [main] INFO  utils.BackgroundService (BackgroundService.java:shutdown(148)) - Shutting down service KeyDeletingService
2019-08-30 15:06:47,493 [main] INFO  handler.ContextHandler (ContextHandler.java:doStop(910)) - Stopped o.e.j.w.WebAppContext@35ff8fc9{/,null,UNAVAILABLE}{/ozoneManager}
2019-08-30 15:06:47,494 [main] INFO  server.AbstractConnector (AbstractConnector.java:doStop(318)) - Stopped ServerConnector@5fb7183b{HTTP/1.1,[http/1.1]}{0.0.0.0:0}
2019-08-30 15:06:47,494 [main] INFO  handler.ContextHandler (ContextHandler.java:doStop(910)) - Stopped o.e.j.s.ServletContextHandler@1f38957{/static,file:///workdir/hadoop-ozone/integration-test/target/test-classes/webapps/static,UNAVAILABLE}
2019-08-30 15:06:47,495 [main] INFO  handler.ContextHandler (ContextHandler.java:doStop(910)) - Stopped o.e.j.s.ServletContextHandler@7a2e0858{/logs,file:///workdir/hadoop-ozone/integration-test/target/log,UNAVAILABLE}
2019-08-30 15:06:47,498 [main] INFO  ozone.MiniOzoneClusterImpl (MiniOzoneClusterImpl.java:stop(330)) - Shutting the HddsDatanodes
2019-08-30 15:06:47,916 | INFO  | DNAudit | user=null | ip=null | op=PUT_BLOCK {blockData=[blockId=conID: 2 locID: 102706551520034818 bcsId: 0,size=450]} | ret=SUCCESS |  
2019-08-30 15:06:47,916 | INFO  | DNAudit | user=null | ip=null | op=PUT_BLOCK {blockData=[blockId=conID: 2 locID: 102706551520034818 bcsId: 0,size=450]} | ret=SUCCESS |  
2019-08-30 15:06:47,922 [grpc-default-executor-1] INFO  client.GrpcClientProtocolClient (GrpcClientProtocolClient.java:onNext(255)) - client-4D1283813E1A->051f1e26-d98e-44a9-be86-7d4b3c80ff32: receive RaftClientReply:client-4D1283813E1A->051f1e26-d98e-44a9-be86-7d4b3c80ff32@group-3164F9FC4885, cid=41, SUCCESS, logIndex=0, commits[051f1e26-d98e-44a9-be86-7d4b3c80ff32:c16, d5adc888-1e0a-4c25-807e-09fade1f1b41:c16, f7e068fb-6143-4078-8f73-64e97620f45b:c16]
2019-08-30 15:06:47,923 [grpc-default-executor-1] INFO  client.GrpcClientProtocolClient (GrpcClientProtocolClient.java:onNext(255)) - client-4D1283813E1A->051f1e26-d98e-44a9-be86-7d4b3c80ff32: receive RaftClientReply:client-4D1283813E1A->051f1e26-d98e-44a9-be86-7d4b3c80ff32@group-3164F9FC4885, cid=40, SUCCESS, logIndex=0, commits[051f1e26-d98e-44a9-be86-7d4b3c80ff32:c16, d5adc888-1e0a-4c25-807e-09fade1f1b41:c16, f7e068fb-6143-4078-8f73-64e97620f45b:c16]
2019-08-30 15:06:48,029 [Datanode State Machine Thread - 0] INFO  statemachine.DatanodeStateMachine (DatanodeStateMachine.java:lambda$startDaemon$0(350)) - Ozone container server started.
2019-08-30 15:06:48,131 [Datanode State Machine Thread - 0] INFO  statemachine.DatanodeStateMachine (DatanodeStateMachine.java:lambda$startDaemon$0(350)) - Ozone container server started.
2019-08-30 15:06:48,133 | INFO  | SCMAudit | user=jenkins1000 | ip=192.168.5.134 | op=SEND_HEARTBEAT {datanodeUUID=d5adc888-1e0a-4c25-807e-09fade1f1b41, command=[]} | ret=SUCCESS |  
2019-08-30 15:06:48,133 | INFO  | SCMAudit | user=jenkins1000 | ip=192.168.5.134 | op=SEND_HEARTBEAT {datanodeUUID=f7e068fb-6143-4078-8f73-64e97620f45b, command=[]} | ret=SUCCESS |  
2019-08-30 15:06:48,232 | INFO  | SCMAudit | user=jenkins1000 | ip=192.168.5.134 | op=SEND_HEARTBEAT {datanodeUUID=fc5bbe82-8490-41a4-97d8-e34a13b8703c, command=[]} | ret=SUCCESS |  
2019-08-30 15:06:49,133 | INFO  | SCMAudit | user=jenkins1000 | ip=192.168.5.134 | op=SEND_HEARTBEAT {datanodeUUID=d5adc888-1e0a-4c25-807e-09fade1f1b41, command=[]} | ret=SUCCESS |  
2019-08-30 15:06:49,133 | INFO  | SCMAudit | user=jenkins1000 | ip=192.168.5.134 | op=SEND_HEARTBEAT {datanodeUUID=f7e068fb-6143-4078-8f73-64e97620f45b, command=[]} | ret=SUCCESS |  
2019-08-30 15:06:49,210 [RatisPipelineUtilsThread] WARN  pipeline.RatisPipelineUtils (RatisPipelineUtils.java:destroyPipeline(66)) - Pipeline destroy failed for pipeline=PipelineID=10f32669-e680-4197-925f-db6cc64c0e52 dn=ff806b18-47a3-461f-8103-ac239ab05d36{ip: 192.168.5.134, host: pr-hdds-2060-hng4s-2675214545, networkLocation: /default-rack, certSerialId: null}
2019-08-30 15:06:49,211 [RatisPipelineUtilsThread] INFO  pipeline.PipelineStateManager (PipelineStateManager.java:removePipeline(108)) - Pipeline Pipeline[ Id: 10f32669-e680-4197-925f-db6cc64c0e52, Nodes: ff806b18-47a3-461f-8103-ac239ab05d36{ip: 192.168.5.134, host: pr-hdds-2060-hng4s-2675214545, networkLocation: /default-rack, certSerialId: null}, Type:RATIS, Factor:ONE, State:CLOSED] removed from db
2019-08-30 15:06:49,213 [RatisPipelineUtilsThread] WARN  pipeline.RatisPipelineUtils (RatisPipelineUtils.java:destroyPipeline(66)) - Pipeline destroy failed for pipeline=PipelineID=8798ce88-ce0d-49ee-a819-d49d3a09b945 dn=56fefae5-2763-4634-a764-1d1f5af899ed{ip: 192.168.5.134, host: pr-hdds-2060-hng4s-2675214545, networkLocation: /default-rack, certSerialId: null}
2019-08-30 15:06:49,216 [RatisPipelineUtilsThread] WARN  pipeline.RatisPipelineUtils (RatisPipelineUtils.java:destroyPipeline(66)) - Pipeline destroy failed for pipeline=PipelineID=8798ce88-ce0d-49ee-a819-d49d3a09b945 dn=ff806b18-47a3-461f-8103-ac239ab05d36{ip: 192.168.5.134, host: pr-hdds-2060-hng4s-2675214545, networkLocation: /default-rack, certSerialId: null}
2019-08-30 15:06:49,223 [grpc-default-executor-1] INFO  impl.RaftServerProxy (RaftServerProxy.java:remove(95)) - fc5bbe82-8490-41a4-97d8-e34a13b8703c: remove group-D49D3A09B945:null
2019-08-30 15:06:49,233 | INFO  | SCMAudit | user=jenkins1000 | ip=192.168.5.134 | op=SEND_HEARTBEAT {datanodeUUID=fc5bbe82-8490-41a4-97d8-e34a13b8703c, command=[]} | ret=SUCCESS |  
2019-08-30 15:06:49,234 [RatisPipelineUtilsThread] WARN  pipeline.RatisPipelineUtils (RatisPipelineUtils.java:destroyPipeline(66)) - Pipeline destroy failed for pipeline=PipelineID=8798ce88-ce0d-49ee-a819-d49d3a09b945 dn=fc5bbe82-8490-41a4-97d8-e34a13b8703c{ip: 192.168.5.134, host: pr-hdds-2060-hng4s-2675214545, networkLocation: /default-rack, certSerialId: null}
2019-08-30 15:06:49,235 [RatisPipelineUtilsThread] ERROR pipeline.SCMPipelineManager (Scheduler.java:lambda$schedule$1(70)) - Destroy pipeline failed for pipeline:Pipeline[ Id: 8798ce88-ce0d-49ee-a819-d49d3a09b945, Nodes: 56fefae5-2763-4634-a764-1d1f5af899ed{ip: 192.168.5.134, host: pr-hdds-2060-hng4s-2675214545, networkLocation: /default-rack, certSerialId: null}ff806b18-47a3-461f-8103-ac239ab05d36{ip: 192.168.5.134, host: pr-hdds-2060-hng4s-2675214545, networkLocation: /default-rack, certSerialId: null}fc5bbe82-8490-41a4-97d8-e34a13b8703c{ip: 192.168.5.134, host: pr-hdds-2060-hng4s-2675214545, networkLocation: /default-rack, certSerialId: null}, Type:RATIS, Factor:THREE, State:CLOSED]
org.apache.hadoop.hdds.scm.pipeline.PipelineNotFoundException: PipelineID=8798ce88-ce0d-49ee-a819-d49d3a09b945 not found
	at org.apache.hadoop.hdds.scm.pipeline.PipelineStateMap.getPipeline(PipelineStateMap.java:132)
	at org.apache.hadoop.hdds.scm.pipeline.PipelineStateMap.removePipeline(PipelineStateMap.java:322)
	at org.apache.hadoop.hdds.scm.pipeline.PipelineStateManager.removePipeline(PipelineStateManager.java:107)
	at org.apache.hadoop.hdds.scm.pipeline.SCMPipelineManager.removePipeline(SCMPipelineManager.java:397)
	at org.apache.hadoop.hdds.scm.pipeline.SCMPipelineManager.destroyPipeline(SCMPipelineManager.java:383)
	at org.apache.hadoop.hdds.scm.pipeline.SCMPipelineManager.lambda$finalizeAndDestroyPipeline$0(SCMPipelineManager.java:316)
	at org.apache.hadoop.utils.Scheduler.lambda$schedule$1(Scheduler.java:68)
	at java.util.concurrent.Executors$RunnableAdapter.call(Executors.java:511)
	at java.util.concurrent.FutureTask.run(FutureTask.java:266)
	at java.util.concurrent.ScheduledThreadPoolExecutor$ScheduledFutureTask.access$201(ScheduledThreadPoolExecutor.java:180)
	at java.util.concurrent.ScheduledThreadPoolExecutor$ScheduledFutureTask.run(ScheduledThreadPoolExecutor.java:293)
	at java.util.concurrent.ThreadPoolExecutor.runWorker(ThreadPoolExecutor.java:1149)
	at java.util.concurrent.ThreadPoolExecutor$Worker.run(ThreadPoolExecutor.java:624)
	at java.lang.Thread.run(Thread.java:748)
2019-08-30 15:06:50,133 | INFO  | SCMAudit | user=jenkins1000 | ip=192.168.5.134 | op=SEND_HEARTBEAT {datanodeUUID=d5adc888-1e0a-4c25-807e-09fade1f1b41, command=[]} | ret=SUCCESS |  
2019-08-30 15:06:50,133 | INFO  | SCMAudit | user=jenkins1000 | ip=192.168.5.134 | op=SEND_HEARTBEAT {datanodeUUID=f7e068fb-6143-4078-8f73-64e97620f45b, command=[]} | ret=SUCCESS |  
2019-08-30 15:06:50,233 | INFO  | SCMAudit | user=jenkins1000 | ip=192.168.5.134 | op=SEND_HEARTBEAT {datanodeUUID=fc5bbe82-8490-41a4-97d8-e34a13b8703c, command=[]} | ret=SUCCESS |  
2019-08-30 15:06:51,133 | INFO  | SCMAudit | user=jenkins1000 | ip=192.168.5.134 | op=SEND_HEARTBEAT {datanodeUUID=d5adc888-1e0a-4c25-807e-09fade1f1b41, command=[]} | ret=SUCCESS |  
2019-08-30 15:06:51,133 | INFO  | SCMAudit | user=jenkins1000 | ip=192.168.5.134 | op=SEND_HEARTBEAT {datanodeUUID=f7e068fb-6143-4078-8f73-64e97620f45b, command=[]} | ret=SUCCESS |  
2019-08-30 15:06:51,234 | INFO  | SCMAudit | user=jenkins1000 | ip=192.168.5.134 | op=SEND_HEARTBEAT {datanodeUUID=fc5bbe82-8490-41a4-97d8-e34a13b8703c, command=[]} | ret=SUCCESS |  
2019-08-30 15:06:52,037 [EventQueue-StaleNodeForStaleNodeHandler] INFO  node.StaleNodeHandler (StaleNodeHandler.java:onMessage(58)) - Datanode a7864295-ee65-4810-9484-3806f14c48e5{ip: 192.168.5.134, host: pr-hdds-2060-hng4s-2675214545, networkLocation: /default-rack, certSerialId: null} moved to stale state. Finalizing its pipelines [PipelineID=5dfd21fd-de84-4690-bf06-ee366d48229a]
2019-08-30 15:06:52,037 [EventQueue-StaleNodeForStaleNodeHandler] INFO  pipeline.SCMPipelineManager (SCMPipelineManager.java:finalizeAndDestroyPipeline(309)) - destroying pipeline:Pipeline[ Id: 5dfd21fd-de84-4690-bf06-ee366d48229a, Nodes: a7864295-ee65-4810-9484-3806f14c48e5{ip: 192.168.5.134, host: pr-hdds-2060-hng4s-2675214545, networkLocation: /default-rack, certSerialId: null}, Type:RATIS, Factor:ONE, State:OPEN]
2019-08-30 15:06:52,038 [EventQueue-StaleNodeForStaleNodeHandler] INFO  pipeline.PipelineStateManager (PipelineStateManager.java:finalizePipeline(123)) - Pipeline Pipeline[ Id: 5dfd21fd-de84-4690-bf06-ee366d48229a, Nodes: a7864295-ee65-4810-9484-3806f14c48e5{ip: 192.168.5.134, host: pr-hdds-2060-hng4s-2675214545, networkLocation: /default-rack, certSerialId: null}, Type:RATIS, Factor:ONE, State:CLOSED] moved to CLOSED state
2019-08-30 15:06:52,140 [EventQueue-StaleNodeForStaleNodeHandler] INFO  node.StaleNodeHandler (StaleNodeHandler.java:onMessage(58)) - Datanode 051f1e26-d98e-44a9-be86-7d4b3c80ff32{ip: 192.168.5.134, host: pr-hdds-2060-hng4s-2675214545, networkLocation: /default-rack, certSerialId: null} moved to stale state. Finalizing its pipelines [PipelineID=aef54234-7589-4cd9-b457-fa26393be858, PipelineID=36aa1e05-e4ff-4a97-b793-3164f9fc4885]
2019-08-30 15:06:52,140 [EventQueue-StaleNodeForStaleNodeHandler] INFO  pipeline.SCMPipelineManager (SCMPipelineManager.java:finalizeAndDestroyPipeline(309)) - destroying pipeline:Pipeline[ Id: aef54234-7589-4cd9-b457-fa26393be858, Nodes: 051f1e26-d98e-44a9-be86-7d4b3c80ff32{ip: 192.168.5.134, host: pr-hdds-2060-hng4s-2675214545, networkLocation: /default-rack, certSerialId: null}, Type:RATIS, Factor:ONE, State:OPEN]
2019-08-30 15:06:52,140 [EventQueue-StaleNodeForStaleNodeHandler] INFO  pipeline.PipelineStateManager (PipelineStateManager.java:finalizePipeline(123)) - Pipeline Pipeline[ Id: aef54234-7589-4cd9-b457-fa26393be858, Nodes: 051f1e26-d98e-44a9-be86-7d4b3c80ff32{ip: 192.168.5.134, host: pr-hdds-2060-hng4s-2675214545, networkLocation: /default-rack, certSerialId: null}, Type:RATIS, Factor:ONE, State:CLOSED] moved to CLOSED state
2019-08-30 15:06:52,141 | INFO  | SCMAudit | user=jenkins1000 | ip=192.168.5.134 | op=SEND_HEARTBEAT {datanodeUUID=d5adc888-1e0a-4c25-807e-09fade1f1b41, command=[]} | ret=SUCCESS |  
2019-08-30 15:06:52,141 | INFO  | SCMAudit | user=jenkins1000 | ip=192.168.5.134 | op=SEND_HEARTBEAT {datanodeUUID=f7e068fb-6143-4078-8f73-64e97620f45b, command=[]} | ret=SUCCESS |  
2019-08-30 15:06:52,141 [EventQueue-StaleNodeForStaleNodeHandler] INFO  pipeline.SCMPipelineManager (SCMPipelineManager.java:finalizeAndDestroyPipeline(309)) - destroying pipeline:Pipeline[ Id: 36aa1e05-e4ff-4a97-b793-3164f9fc4885, Nodes: d5adc888-1e0a-4c25-807e-09fade1f1b41{ip: 192.168.5.134, host: pr-hdds-2060-hng4s-2675214545, networkLocation: /default-rack, certSerialId: null}f7e068fb-6143-4078-8f73-64e97620f45b{ip: 192.168.5.134, host: pr-hdds-2060-hng4s-2675214545, networkLocation: /default-rack, certSerialId: null}051f1e26-d98e-44a9-be86-7d4b3c80ff32{ip: 192.168.5.134, host: pr-hdds-2060-hng4s-2675214545, networkLocation: /default-rack, certSerialId: null}, Type:RATIS, Factor:THREE, State:OPEN]
2019-08-30 15:06:52,141 [EventQueue-StaleNodeForStaleNodeHandler] INFO  pipeline.PipelineStateManager (PipelineStateManager.java:finalizePipeline(123)) - Pipeline Pipeline[ Id: 36aa1e05-e4ff-4a97-b793-3164f9fc4885, Nodes: d5adc888-1e0a-4c25-807e-09fade1f1b41{ip: 192.168.5.134, host: pr-hdds-2060-hng4s-2675214545, networkLocation: /default-rack, certSerialId: null}f7e068fb-6143-4078-8f73-64e97620f45b{ip: 192.168.5.134, host: pr-hdds-2060-hng4s-2675214545, networkLocation: /default-rack, certSerialId: null}051f1e26-d98e-44a9-be86-7d4b3c80ff32{ip: 192.168.5.134, host: pr-hdds-2060-hng4s-2675214545, networkLocation: /default-rack, certSerialId: null}, Type:RATIS, Factor:THREE, State:CLOSED] moved to CLOSED state
2019-08-30 15:06:52,142 [EventQueue-CloseContainerForCloseContainerEventHandler] INFO  container.CloseContainerEventHandler (CloseContainerEventHandler.java:onMessage(61)) - Close container Event triggered for container : #2
2019-08-30 15:06:52,233 | INFO  | SCMAudit | user=jenkins1000 | ip=192.168.5.134 | op=SEND_HEARTBEAT {datanodeUUID=fc5bbe82-8490-41a4-97d8-e34a13b8703c, command=[]} | ret=SUCCESS |  
2019-08-30 15:06:52,500 [main] INFO  ozoneimpl.OzoneContainer (OzoneContainer.java:stop(215)) - Attempting to stop container services.
2019-08-30 15:06:52,500 [ForkJoinPool.commonPool-worker-0] INFO  ozoneimpl.OzoneContainer (OzoneContainer.java:stop(215)) - Attempting to stop container services.
2019-08-30 15:06:52,501 [main] INFO  impl.RaftServerProxy (RaftServerProxy.java:lambda$close$4(314)) - 051f1e26-d98e-44a9-be86-7d4b3c80ff32: close
2019-08-30 15:06:52,502 [ForkJoinPool.commonPool-worker-0] INFO  impl.RaftServerProxy (RaftServerProxy.java:lambda$close$4(314)) - a7864295-ee65-4810-9484-3806f14c48e5: close
2019-08-30 15:06:52,502 [main] INFO  impl.RaftServerImpl (RaftServerImpl.java:lambda$shutdown$3(245)) - 051f1e26-d98e-44a9-be86-7d4b3c80ff32: shutdown group-FA26393BE858
2019-08-30 15:06:52,502 [ForkJoinPool.commonPool-worker-0] INFO  impl.RaftServerImpl (RaftServerImpl.java:lambda$shutdown$3(245)) - a7864295-ee65-4810-9484-3806f14c48e5: shutdown group-EE366D48229A
2019-08-30 15:06:52,503 [main] INFO  util.JmxRegister (JmxRegister.java:unregister(73)) - Successfully un-registered JMX Bean with object name Ratis:service=RaftServer,group=group-FA26393BE858,id=051f1e26-d98e-44a9-be86-7d4b3c80ff32
2019-08-30 15:06:52,503 [ForkJoinPool.commonPool-worker-0] INFO  util.JmxRegister (JmxRegister.java:unregister(73)) - Successfully un-registered JMX Bean with object name Ratis:service=RaftServer,group=group-EE366D48229A,id=a7864295-ee65-4810-9484-3806f14c48e5
2019-08-30 15:06:52,503 [main] INFO  impl.RoleInfo (RoleInfo.java:shutdownLeaderState(104)) - 051f1e26-d98e-44a9-be86-7d4b3c80ff32: shutdown LeaderState
2019-08-30 15:06:52,504 [ForkJoinPool.commonPool-worker-0] INFO  impl.RoleInfo (RoleInfo.java:shutdownLeaderState(104)) - a7864295-ee65-4810-9484-3806f14c48e5: shutdown LeaderState
2019-08-30 15:06:52,504 [main] INFO  impl.PendingRequests (PendingRequests.java:sendNotLeaderResponses(202)) - 051f1e26-d98e-44a9-be86-7d4b3c80ff32-PendingRequests: sendNotLeaderResponses
2019-08-30 15:06:52,504 [ForkJoinPool.commonPool-worker-0] INFO  impl.PendingRequests (PendingRequests.java:sendNotLeaderResponses(202)) - a7864295-ee65-4810-9484-3806f14c48e5-PendingRequests: sendNotLeaderResponses
2019-08-30 15:06:52,508 [main] INFO  impl.StateMachineUpdater (StateMachineUpdater.java:stopAndJoin(115)) - StateMachineUpdater:051f1e26-d98e-44a9-be86-7d4b3c80ff32:group-FA26393BE858: set stopIndex = 0
2019-08-30 15:06:52,509 [ForkJoinPool.commonPool-worker-0] INFO  impl.StateMachineUpdater (StateMachineUpdater.java:stopAndJoin(115)) - StateMachineUpdater:a7864295-ee65-4810-9484-3806f14c48e5:group-EE366D48229A: set stopIndex = 0
2019-08-30 15:06:52,509 [main] INFO  impl.RaftServerImpl (ServerState.java:close(394)) - 051f1e26-d98e-44a9-be86-7d4b3c80ff32:group-FA26393BE858 closes. The last applied log index is 0
2019-08-30 15:06:52,509 [ForkJoinPool.commonPool-worker-0] INFO  impl.RaftServerImpl (ServerState.java:close(394)) - a7864295-ee65-4810-9484-3806f14c48e5:group-EE366D48229A closes. The last applied log index is 0
2019-08-30 15:06:52,510 [051f1e26-d98e-44a9-be86-7d4b3c80ff32-SegmentedRaftLogWorker:Storage Directory /workdir/hadoop-ozone/integration-test/target/test-dir/MiniOzoneClusterImpl-c9bf924e-a99a-40de-a7b2-d35176791736/datanode-4/data/ratis/aef54234-7589-4cd9-b457-fa26393be858] INFO  segmented.SegmentedRaftLogWorker (SegmentedRaftLogWorker.java:run(313)) - 051f1e26-d98e-44a9-be86-7d4b3c80ff32-SegmentedRaftLogWorker:Storage Directory /workdir/hadoop-ozone/integration-test/target/test-dir/MiniOzoneClusterImpl-c9bf924e-a99a-40de-a7b2-d35176791736/datanode-4/data/ratis/aef54234-7589-4cd9-b457-fa26393be858 was interrupted, exiting. There are 0 tasks remaining in the queue.
2019-08-30 15:06:52,510 [a7864295-ee65-4810-9484-3806f14c48e5-SegmentedRaftLogWorker:Storage Directory /workdir/hadoop-ozone/integration-test/target/test-dir/MiniOzoneClusterImpl-c9bf924e-a99a-40de-a7b2-d35176791736/datanode-1/data/ratis/5dfd21fd-de84-4690-bf06-ee366d48229a] INFO  segmented.SegmentedRaftLogWorker (SegmentedRaftLogWorker.java:run(313)) - a7864295-ee65-4810-9484-3806f14c48e5-SegmentedRaftLogWorker:Storage Directory /workdir/hadoop-ozone/integration-test/target/test-dir/MiniOzoneClusterImpl-c9bf924e-a99a-40de-a7b2-d35176791736/datanode-1/data/ratis/5dfd21fd-de84-4690-bf06-ee366d48229a was interrupted, exiting. There are 0 tasks remaining in the queue.
2019-08-30 15:06:52,514 [main] INFO  segmented.SegmentedRaftLogWorker (SegmentedRaftLogWorker.java:close(228)) - 051f1e26-d98e-44a9-be86-7d4b3c80ff32-SegmentedRaftLogWorker:Storage Directory /workdir/hadoop-ozone/integration-test/target/test-dir/MiniOzoneClusterImpl-c9bf924e-a99a-40de-a7b2-d35176791736/datanode-4/data/ratis/aef54234-7589-4cd9-b457-fa26393be858 close()
2019-08-30 15:06:52,514 [ForkJoinPool.commonPool-worker-0] INFO  segmented.SegmentedRaftLogWorker (SegmentedRaftLogWorker.java:close(228)) - a7864295-ee65-4810-9484-3806f14c48e5-SegmentedRaftLogWorker:Storage Directory /workdir/hadoop-ozone/integration-test/target/test-dir/MiniOzoneClusterImpl-c9bf924e-a99a-40de-a7b2-d35176791736/datanode-1/data/ratis/5dfd21fd-de84-4690-bf06-ee366d48229a close()
2019-08-30 15:06:52,519 [main] INFO  impl.RaftServerImpl (RaftServerImpl.java:lambda$shutdown$3(245)) - 051f1e26-d98e-44a9-be86-7d4b3c80ff32: shutdown group-3164F9FC4885
2019-08-30 15:06:52,522 [ForkJoinPool.commonPool-worker-0] INFO  server.GrpcService (GrpcService.java:closeImpl(155)) - a7864295-ee65-4810-9484-3806f14c48e5: shutdown server with port 35097 now
2019-08-30 15:06:52,523 [main] INFO  util.JmxRegister (JmxRegister.java:unregister(73)) - Successfully un-registered JMX Bean with object name Ratis:service=RaftServer,group=group-3164F9FC4885,id=051f1e26-d98e-44a9-be86-7d4b3c80ff32
2019-08-30 15:06:52,525 [ForkJoinPool.commonPool-worker-0] INFO  server.GrpcService (GrpcService.java:closeImpl(163)) - a7864295-ee65-4810-9484-3806f14c48e5: shutdown server with port 35097 successfully
2019-08-30 15:06:52,525 [main] INFO  impl.RoleInfo (RoleInfo.java:shutdownLeaderState(104)) - 051f1e26-d98e-44a9-be86-7d4b3c80ff32: shutdown LeaderState
2019-08-30 15:06:52,530 [main] INFO  impl.PendingRequests (PendingRequests.java:sendNotLeaderResponses(202)) - 051f1e26-d98e-44a9-be86-7d4b3c80ff32-PendingRequests: sendNotLeaderResponses
2019-08-30 15:06:52,530 [org.apache.ratis.server.impl.LogAppender$AppenderDaemon$$Lambda$541/1182846519@6f7dac31] WARN  server.GrpcLogAppender (GrpcLogAppender.java:mayWait(143)) - GrpcLogAppender(051f1e26-d98e-44a9-be86-7d4b3c80ff32->d5adc888-1e0a-4c25-807e-09fade1f1b41): Wait interrupted by java.lang.InterruptedException
2019-08-30 15:06:52,530 [org.apache.ratis.server.impl.LogAppender$AppenderDaemon$$Lambda$541/1182846519@6cf2710f] WARN  server.GrpcLogAppender (GrpcLogAppender.java:mayWait(143)) - GrpcLogAppender(051f1e26-d98e-44a9-be86-7d4b3c80ff32->f7e068fb-6143-4078-8f73-64e97620f45b): Wait interrupted by java.lang.InterruptedException
2019-08-30 15:06:52,534 [main] INFO  impl.StateMachineUpdater (StateMachineUpdater.java:stopAndJoin(115)) - StateMachineUpdater:051f1e26-d98e-44a9-be86-7d4b3c80ff32:group-3164F9FC4885: set stopIndex = 16
2019-08-30 15:06:52,534 [StateMachineUpdater:051f1e26-d98e-44a9-be86-7d4b3c80ff32:group-3164F9FC4885] INFO  ratis.ContainerStateMachine (ContainerStateMachine.java:takeSnapshot(284)) - group-3164F9FC4885: Taking a snapshot at:(t:1, i:15) file /workdir/hadoop-ozone/integration-test/target/test-dir/MiniOzoneClusterImpl-c9bf924e-a99a-40de-a7b2-d35176791736/datanode-4/data/ratis/36aa1e05-e4ff-4a97-b793-3164f9fc4885/sm/snapshot.1_15
2019-08-30 15:06:52,537 [grpc-default-executor-6] INFO  server.GrpcServerProtocolService (GrpcServerProtocolService.java:onCompleted(104)) - d5adc888-1e0a-4c25-807e-09fade1f1b41: appendEntries completed
2019-08-30 15:06:52,537 [grpc-default-executor-1] INFO  server.GrpcServerProtocolService (GrpcServerProtocolService.java:onCompleted(104)) - f7e068fb-6143-4078-8f73-64e97620f45b: appendEntries completed
2019-08-30 15:06:52,538 [grpc-default-executor-6] INFO  server.GrpcLogAppender (GrpcLogAppender.java:onCompleted(292)) - 051f1e26-d98e-44a9-be86-7d4b3c80ff32->d5adc888-1e0a-4c25-807e-09fade1f1b41: follower responses appendEntries COMPLETED
2019-08-30 15:06:52,538 [grpc-default-executor-1] INFO  server.GrpcLogAppender (GrpcLogAppender.java:onCompleted(292)) - 051f1e26-d98e-44a9-be86-7d4b3c80ff32->f7e068fb-6143-4078-8f73-64e97620f45b: follower responses appendEntries COMPLETED
2019-08-30 15:06:52,539 [grpc-default-executor-6] INFO  impl.FollowerInfo (FollowerInfo.java:lambda$new$0(50)) - 051f1e26-d98e-44a9-be86-7d4b3c80ff32->d5adc888-1e0a-4c25-807e-09fade1f1b41: nextIndex: updateUnconditionally 17 -> 16
2019-08-30 15:06:52,539 [grpc-default-executor-1] INFO  impl.FollowerInfo (FollowerInfo.java:lambda$new$0(50)) - 051f1e26-d98e-44a9-be86-7d4b3c80ff32->f7e068fb-6143-4078-8f73-64e97620f45b: nextIndex: updateUnconditionally 17 -> 16
2019-08-30 15:06:52,548 [refreshUsed-/workdir/hadoop-ozone/integration-test/target/test-dir/MiniOzoneClusterImpl-c9bf924e-a99a-40de-a7b2-d35176791736/datanode-1/data/containers] WARN  fs.CachingGetSpaceUsed (CachingGetSpaceUsed.java:run(183)) - Thread Interrupted waiting to refresh disk information: sleep interrupted
2019-08-30 15:06:52,551 [StateMachineUpdater:051f1e26-d98e-44a9-be86-7d4b3c80ff32:group-3164F9FC4885] INFO  ratis.ContainerStateMachine (ContainerStateMachine.java:takeSnapshot(295)) - group-3164F9FC4885: Finished taking a snapshot at:(t:1, i:15) file:/workdir/hadoop-ozone/integration-test/target/test-dir/MiniOzoneClusterImpl-c9bf924e-a99a-40de-a7b2-d35176791736/datanode-4/data/ratis/36aa1e05-e4ff-4a97-b793-3164f9fc4885/sm/snapshot.1_15 time:16
2019-08-30 15:06:52,551 [StateMachineUpdater:051f1e26-d98e-44a9-be86-7d4b3c80ff32:group-3164F9FC4885] INFO  impl.StateMachineUpdater (StateMachineUpdater.java:takeSnapshot(242)) - StateMachineUpdater:051f1e26-d98e-44a9-be86-7d4b3c80ff32:group-3164F9FC4885: Took a snapshot at index 15
2019-08-30 15:06:52,551 [StateMachineUpdater:051f1e26-d98e-44a9-be86-7d4b3c80ff32:group-3164F9FC4885] INFO  impl.StateMachineUpdater (StateMachineUpdater.java:lambda$new$0(80)) - StateMachineUpdater:051f1e26-d98e-44a9-be86-7d4b3c80ff32:group-3164F9FC4885: snapshotIndex: updateIncreasingly -1 -> 15
2019-08-30 15:06:52,551 [main] INFO  impl.RaftServerImpl (ServerState.java:close(394)) - 051f1e26-d98e-44a9-be86-7d4b3c80ff32:group-3164F9FC4885 closes. The last applied log index is 16
2019-08-30 15:06:52,552 [051f1e26-d98e-44a9-be86-7d4b3c80ff32-SegmentedRaftLogWorker:Storage Directory /workdir/hadoop-ozone/integration-test/target/test-dir/MiniOzoneClusterImpl-c9bf924e-a99a-40de-a7b2-d35176791736/datanode-4/data/ratis/36aa1e05-e4ff-4a97-b793-3164f9fc4885] INFO  segmented.SegmentedRaftLogWorker (SegmentedRaftLogWorker.java:run(313)) - 051f1e26-d98e-44a9-be86-7d4b3c80ff32-SegmentedRaftLogWorker:Storage Directory /workdir/hadoop-ozone/integration-test/target/test-dir/MiniOzoneClusterImpl-c9bf924e-a99a-40de-a7b2-d35176791736/datanode-4/data/ratis/36aa1e05-e4ff-4a97-b793-3164f9fc4885 was interrupted, exiting. There are 0 tasks remaining in the queue.
2019-08-30 15:06:52,554 [main] INFO  segmented.SegmentedRaftLogWorker (SegmentedRaftLogWorker.java:close(228)) - 051f1e26-d98e-44a9-be86-7d4b3c80ff32-SegmentedRaftLogWorker:Storage Directory /workdir/hadoop-ozone/integration-test/target/test-dir/MiniOzoneClusterImpl-c9bf924e-a99a-40de-a7b2-d35176791736/datanode-4/data/ratis/36aa1e05-e4ff-4a97-b793-3164f9fc4885 close()
2019-08-30 15:06:52,557 [main] INFO  server.GrpcService (GrpcService.java:closeImpl(155)) - 051f1e26-d98e-44a9-be86-7d4b3c80ff32: shutdown server with port 33174 now
2019-08-30 15:06:52,559 [grpc-default-executor-6] WARN  client.GrpcClientProtocolService (LogUtils.java:warn(134)) - 1-UnorderedRequestStreamObserver1: onError: org.apache.ratis.thirdparty.io.grpc.StatusRuntimeException: CANCELLED: cancelled before receiving half close
2019-08-30 15:06:52,561 [main] INFO  server.GrpcService (GrpcService.java:closeImpl(163)) - 051f1e26-d98e-44a9-be86-7d4b3c80ff32: shutdown server with port 33174 successfully
2019-08-30 15:06:52,571 [refreshUsed-/workdir/hadoop-ozone/integration-test/target/test-dir/MiniOzoneClusterImpl-c9bf924e-a99a-40de-a7b2-d35176791736/datanode-4/data/containers] WARN  fs.CachingGetSpaceUsed (CachingGetSpaceUsed.java:run(183)) - Thread Interrupted waiting to refresh disk information: sleep interrupted
2019-08-30 15:06:52,580 [ForkJoinPool.commonPool-worker-0] INFO  utils.BackgroundService (BackgroundService.java:shutdown(148)) - Shutting down service BlockDeletingService
2019-08-30 15:06:52,584 [ForkJoinPool.commonPool-worker-0] INFO  statemachine.DatanodeStateMachine (DatanodeStateMachine.java:stopDaemon(395)) - Ozone container server stopped.
2019-08-30 15:06:52,590 [ForkJoinPool.commonPool-worker-0] INFO  handler.ContextHandler (ContextHandler.java:doStop(910)) - Stopped o.e.j.w.WebAppContext@3c74aa0d{/,null,UNAVAILABLE}{/hddsDatanode}
2019-08-30 15:06:52,590 [ForkJoinPool.commonPool-worker-0] INFO  server.AbstractConnector (AbstractConnector.java:doStop(318)) - Stopped ServerConnector@6c841199{HTTP/1.1,[http/1.1]}{0.0.0.0:0}
2019-08-30 15:06:52,593 [ForkJoinPool.commonPool-worker-0] INFO  handler.ContextHandler (ContextHandler.java:doStop(910)) - Stopped o.e.j.s.ServletContextHandler@7dbe2ebf{/static,jar:file:/home/user/.m2/repository/org/apache/hadoop/hadoop-hdds-container-service/0.5.0-SNAPSHOT/hadoop-hdds-container-service-0.5.0-SNAPSHOT.jar!/webapps/static,UNAVAILABLE}
2019-08-30 15:06:52,594 [ForkJoinPool.commonPool-worker-0] INFO  handler.ContextHandler (ContextHandler.java:doStop(910)) - Stopped o.e.j.s.ServletContextHandler@58434b19{/logs,file:///workdir/hadoop-ozone/integration-test/target/log,UNAVAILABLE}
2019-08-30 15:06:52,597 [main] INFO  utils.BackgroundService (BackgroundService.java:shutdown(148)) - Shutting down service BlockDeletingService
2019-08-30 15:06:52,602 [main] INFO  statemachine.DatanodeStateMachine (DatanodeStateMachine.java:stopDaemon(395)) - Ozone container server stopped.
2019-08-30 15:06:52,603 [main] INFO  handler.ContextHandler (ContextHandler.java:doStop(910)) - Stopped o.e.j.w.WebAppContext@527fc8e{/,null,UNAVAILABLE}{/hddsDatanode}
2019-08-30 15:06:52,604 [main] INFO  server.AbstractConnector (AbstractConnector.java:doStop(318)) - Stopped ServerConnector@61bfc9bf{HTTP/1.1,[http/1.1]}{0.0.0.0:0}
2019-08-30 15:06:52,604 [main] INFO  handler.ContextHandler (ContextHandler.java:doStop(910)) - Stopped o.e.j.s.ServletContextHandler@4375b013{/static,jar:file:/home/user/.m2/repository/org/apache/hadoop/hadoop-hdds-container-service/0.5.0-SNAPSHOT/hadoop-hdds-container-service-0.5.0-SNAPSHOT.jar!/webapps/static,UNAVAILABLE}
2019-08-30 15:06:52,604 [main] INFO  handler.ContextHandler (ContextHandler.java:doStop(910)) - Stopped o.e.j.s.ServletContextHandler@797c3c3b{/logs,file:///workdir/hadoop-ozone/integration-test/target/log,UNAVAILABLE}
2019-08-30 15:06:53,132 [Datanode State Machine Thread - 0] INFO  statemachine.DatanodeStateMachine (DatanodeStateMachine.java:lambda$startDaemon$0(350)) - Ozone container server started.
2019-08-30 15:06:53,134 [Datanode State Machine Thread - 0] INFO  statemachine.DatanodeStateMachine (DatanodeStateMachine.java:lambda$startDaemon$0(350)) - Ozone container server started.
2019-08-30 15:06:53,233 | INFO  | SCMAudit | user=jenkins1000 | ip=192.168.5.134 | op=SEND_HEARTBEAT {datanodeUUID=fc5bbe82-8490-41a4-97d8-e34a13b8703c, command=[]} | ret=SUCCESS |  
2019-08-30 15:06:54,233 | INFO  | SCMAudit | user=jenkins1000 | ip=192.168.5.134 | op=SEND_HEARTBEAT {datanodeUUID=fc5bbe82-8490-41a4-97d8-e34a13b8703c, command=[]} | ret=SUCCESS |  
2019-08-30 15:06:55,234 | INFO  | SCMAudit | user=jenkins1000 | ip=192.168.5.134 | op=SEND_HEARTBEAT {datanodeUUID=fc5bbe82-8490-41a4-97d8-e34a13b8703c, command=[]} | ret=SUCCESS |  
2019-08-30 15:06:56,233 | INFO  | SCMAudit | user=jenkins1000 | ip=192.168.5.134 | op=SEND_HEARTBEAT {datanodeUUID=fc5bbe82-8490-41a4-97d8-e34a13b8703c, command=[]} | ret=SUCCESS |  
2019-08-30 15:06:57,145 [EventQueue-StaleNodeForStaleNodeHandler] INFO  node.StaleNodeHandler (StaleNodeHandler.java:onMessage(58)) - Datanode d5adc888-1e0a-4c25-807e-09fade1f1b41{ip: 192.168.5.134, host: pr-hdds-2060-hng4s-2675214545, networkLocation: /default-rack, certSerialId: null} moved to stale state. Finalizing its pipelines [PipelineID=36aa1e05-e4ff-4a97-b793-3164f9fc4885, PipelineID=4ebdd106-9624-4eae-bc43-b06eee2d92db]
2019-08-30 15:06:57,146 [EventQueue-StaleNodeForStaleNodeHandler] INFO  pipeline.SCMPipelineManager (SCMPipelineManager.java:finalizeAndDestroyPipeline(309)) - destroying pipeline:Pipeline[ Id: 36aa1e05-e4ff-4a97-b793-3164f9fc4885, Nodes: d5adc888-1e0a-4c25-807e-09fade1f1b41{ip: 192.168.5.134, host: pr-hdds-2060-hng4s-2675214545, networkLocation: /default-rack, certSerialId: null}f7e068fb-6143-4078-8f73-64e97620f45b{ip: 192.168.5.134, host: pr-hdds-2060-hng4s-2675214545, networkLocation: /default-rack, certSerialId: null}051f1e26-d98e-44a9-be86-7d4b3c80ff32{ip: 192.168.5.134, host: pr-hdds-2060-hng4s-2675214545, networkLocation: /default-rack, certSerialId: null}, Type:RATIS, Factor:THREE, State:CLOSED]
2019-08-30 15:06:57,146 [EventQueue-StaleNodeForStaleNodeHandler] INFO  pipeline.SCMPipelineManager (SCMPipelineManager.java:finalizeAndDestroyPipeline(309)) - destroying pipeline:Pipeline[ Id: 4ebdd106-9624-4eae-bc43-b06eee2d92db, Nodes: d5adc888-1e0a-4c25-807e-09fade1f1b41{ip: 192.168.5.134, host: pr-hdds-2060-hng4s-2675214545, networkLocation: /default-rack, certSerialId: null}, Type:RATIS, Factor:ONE, State:OPEN]
2019-08-30 15:06:57,146 [EventQueue-StaleNodeForStaleNodeHandler] INFO  pipeline.PipelineStateManager (PipelineStateManager.java:finalizePipeline(123)) - Pipeline Pipeline[ Id: 4ebdd106-9624-4eae-bc43-b06eee2d92db, Nodes: d5adc888-1e0a-4c25-807e-09fade1f1b41{ip: 192.168.5.134, host: pr-hdds-2060-hng4s-2675214545, networkLocation: /default-rack, certSerialId: null}, Type:RATIS, Factor:ONE, State:CLOSED] moved to CLOSED state
2019-08-30 15:06:57,147 [EventQueue-StaleNodeForStaleNodeHandler] INFO  node.StaleNodeHandler (StaleNodeHandler.java:onMessage(58)) - Datanode f7e068fb-6143-4078-8f73-64e97620f45b{ip: 192.168.5.134, host: pr-hdds-2060-hng4s-2675214545, networkLocation: /default-rack, certSerialId: null} moved to stale state. Finalizing its pipelines [PipelineID=36aa1e05-e4ff-4a97-b793-3164f9fc4885, PipelineID=f29f7be5-1f32-4cc8-8c5f-a8752755abd2]
2019-08-30 15:06:57,147 [EventQueue-StaleNodeForStaleNodeHandler] INFO  pipeline.SCMPipelineManager (SCMPipelineManager.java:finalizeAndDestroyPipeline(309)) - destroying pipeline:Pipeline[ Id: 36aa1e05-e4ff-4a97-b793-3164f9fc4885, Nodes: d5adc888-1e0a-4c25-807e-09fade1f1b41{ip: 192.168.5.134, host: pr-hdds-2060-hng4s-2675214545, networkLocation: /default-rack, certSerialId: null}f7e068fb-6143-4078-8f73-64e97620f45b{ip: 192.168.5.134, host: pr-hdds-2060-hng4s-2675214545, networkLocation: /default-rack, certSerialId: null}051f1e26-d98e-44a9-be86-7d4b3c80ff32{ip: 192.168.5.134, host: pr-hdds-2060-hng4s-2675214545, networkLocation: /default-rack, certSerialId: null}, Type:RATIS, Factor:THREE, State:CLOSED]
2019-08-30 15:06:57,147 [EventQueue-StaleNodeForStaleNodeHandler] INFO  pipeline.SCMPipelineManager (SCMPipelineManager.java:finalizeAndDestroyPipeline(309)) - destroying pipeline:Pipeline[ Id: f29f7be5-1f32-4cc8-8c5f-a8752755abd2, Nodes: f7e068fb-6143-4078-8f73-64e97620f45b{ip: 192.168.5.134, host: pr-hdds-2060-hng4s-2675214545, networkLocation: /default-rack, certSerialId: null}, Type:RATIS, Factor:ONE, State:OPEN]
2019-08-30 15:06:57,147 [EventQueue-StaleNodeForStaleNodeHandler] INFO  pipeline.PipelineStateManager (PipelineStateManager.java:finalizePipeline(123)) - Pipeline Pipeline[ Id: f29f7be5-1f32-4cc8-8c5f-a8752755abd2, Nodes: f7e068fb-6143-4078-8f73-64e97620f45b{ip: 192.168.5.134, host: pr-hdds-2060-hng4s-2675214545, networkLocation: /default-rack, certSerialId: null}, Type:RATIS, Factor:ONE, State:CLOSED] moved to CLOSED state
2019-08-30 15:06:57,233 | INFO  | SCMAudit | user=jenkins1000 | ip=192.168.5.134 | op=SEND_HEARTBEAT {datanodeUUID=fc5bbe82-8490-41a4-97d8-e34a13b8703c, command=[]} | ret=SUCCESS |  
2019-08-30 15:06:57,596 [ForkJoinPool.commonPool-worker-0] INFO  ozoneimpl.OzoneContainer (OzoneContainer.java:stop(215)) - Attempting to stop container services.
2019-08-30 15:06:57,597 [ForkJoinPool.commonPool-worker-0] INFO  impl.RaftServerProxy (RaftServerProxy.java:lambda$close$4(314)) - f7e068fb-6143-4078-8f73-64e97620f45b: close
2019-08-30 15:06:57,597 [ForkJoinPool.commonPool-worker-0] INFO  impl.RaftServerImpl (RaftServerImpl.java:lambda$shutdown$3(245)) - f7e068fb-6143-4078-8f73-64e97620f45b: shutdown group-3164F9FC4885
2019-08-30 15:06:57,598 [ForkJoinPool.commonPool-worker-0] INFO  util.JmxRegister (JmxRegister.java:unregister(73)) - Successfully un-registered JMX Bean with object name Ratis:service=RaftServer,group=group-3164F9FC4885,id=f7e068fb-6143-4078-8f73-64e97620f45b
2019-08-30 15:06:57,598 [ForkJoinPool.commonPool-worker-0] INFO  impl.RoleInfo (RoleInfo.java:shutdownFollowerState(121)) - f7e068fb-6143-4078-8f73-64e97620f45b: shutdown FollowerState
2019-08-30 15:06:57,598 [ForkJoinPool.commonPool-worker-0] INFO  impl.StateMachineUpdater (StateMachineUpdater.java:stopAndJoin(115)) - StateMachineUpdater:f7e068fb-6143-4078-8f73-64e97620f45b:group-3164F9FC4885: set stopIndex = 16
2019-08-30 15:06:57,598 [Thread-314] INFO  impl.FollowerState (FollowerState.java:run(114)) - f7e068fb-6143-4078-8f73-64e97620f45b: FollowerState was interrupted: java.lang.InterruptedException: sleep interrupted
2019-08-30 15:06:57,598 [StateMachineUpdater:f7e068fb-6143-4078-8f73-64e97620f45b:group-3164F9FC4885] INFO  ratis.ContainerStateMachine (ContainerStateMachine.java:takeSnapshot(284)) - group-3164F9FC4885: Taking a snapshot at:(t:1, i:16) file /workdir/hadoop-ozone/integration-test/target/test-dir/MiniOzoneClusterImpl-c9bf924e-a99a-40de-a7b2-d35176791736/datanode-0/data/ratis/36aa1e05-e4ff-4a97-b793-3164f9fc4885/sm/snapshot.1_16
2019-08-30 15:06:57,606 [main] INFO  ozoneimpl.OzoneContainer (OzoneContainer.java:stop(215)) - Attempting to stop container services.
2019-08-30 15:06:57,607 [main] INFO  impl.RaftServerProxy (RaftServerProxy.java:lambda$close$4(314)) - d5adc888-1e0a-4c25-807e-09fade1f1b41: close
2019-08-30 15:06:57,607 [main] INFO  impl.RaftServerImpl (RaftServerImpl.java:lambda$shutdown$3(245)) - d5adc888-1e0a-4c25-807e-09fade1f1b41: shutdown group-3164F9FC4885
2019-08-30 15:06:57,608 [main] INFO  util.JmxRegister (JmxRegister.java:unregister(73)) - Successfully un-registered JMX Bean with object name Ratis:service=RaftServer,group=group-3164F9FC4885,id=d5adc888-1e0a-4c25-807e-09fade1f1b41
2019-08-30 15:06:57,608 [main] INFO  impl.RoleInfo (RoleInfo.java:shutdownFollowerState(121)) - d5adc888-1e0a-4c25-807e-09fade1f1b41: shutdown FollowerState
2019-08-30 15:06:57,608 [main] INFO  impl.StateMachineUpdater (StateMachineUpdater.java:stopAndJoin(115)) - StateMachineUpdater:d5adc888-1e0a-4c25-807e-09fade1f1b41:group-3164F9FC4885: set stopIndex = 16
2019-08-30 15:06:57,609 [StateMachineUpdater:d5adc888-1e0a-4c25-807e-09fade1f1b41:group-3164F9FC4885] INFO  ratis.ContainerStateMachine (ContainerStateMachine.java:takeSnapshot(284)) - group-3164F9FC4885: Taking a snapshot at:(t:1, i:16) file /workdir/hadoop-ozone/integration-test/target/test-dir/MiniOzoneClusterImpl-c9bf924e-a99a-40de-a7b2-d35176791736/datanode-3/data/ratis/36aa1e05-e4ff-4a97-b793-3164f9fc4885/sm/snapshot.1_16
2019-08-30 15:06:57,609 [Thread-315] INFO  impl.FollowerState (FollowerState.java:run(114)) - d5adc888-1e0a-4c25-807e-09fade1f1b41: FollowerState was interrupted: java.lang.InterruptedException: sleep interrupted
2019-08-30 15:06:57,612 [StateMachineUpdater:f7e068fb-6143-4078-8f73-64e97620f45b:group-3164F9FC4885] INFO  ratis.ContainerStateMachine (ContainerStateMachine.java:takeSnapshot(295)) - group-3164F9FC4885: Finished taking a snapshot at:(t:1, i:16) file:/workdir/hadoop-ozone/integration-test/target/test-dir/MiniOzoneClusterImpl-c9bf924e-a99a-40de-a7b2-d35176791736/datanode-0/data/ratis/36aa1e05-e4ff-4a97-b793-3164f9fc4885/sm/snapshot.1_16 time:14
2019-08-30 15:06:57,612 [StateMachineUpdater:d5adc888-1e0a-4c25-807e-09fade1f1b41:group-3164F9FC4885] INFO  ratis.ContainerStateMachine (ContainerStateMachine.java:takeSnapshot(295)) - group-3164F9FC4885: Finished taking a snapshot at:(t:1, i:16) file:/workdir/hadoop-ozone/integration-test/target/test-dir/MiniOzoneClusterImpl-c9bf924e-a99a-40de-a7b2-d35176791736/datanode-3/data/ratis/36aa1e05-e4ff-4a97-b793-3164f9fc4885/sm/snapshot.1_16 time:4
2019-08-30 15:06:57,612 [StateMachineUpdater:f7e068fb-6143-4078-8f73-64e97620f45b:group-3164F9FC4885] INFO  impl.StateMachineUpdater (StateMachineUpdater.java:takeSnapshot(242)) - StateMachineUpdater:f7e068fb-6143-4078-8f73-64e97620f45b:group-3164F9FC4885: Took a snapshot at index 16
2019-08-30 15:06:57,612 [StateMachineUpdater:d5adc888-1e0a-4c25-807e-09fade1f1b41:group-3164F9FC4885] INFO  impl.StateMachineUpdater (StateMachineUpdater.java:takeSnapshot(242)) - StateMachineUpdater:d5adc888-1e0a-4c25-807e-09fade1f1b41:group-3164F9FC4885: Took a snapshot at index 16
2019-08-30 15:06:57,613 [StateMachineUpdater:f7e068fb-6143-4078-8f73-64e97620f45b:group-3164F9FC4885] INFO  impl.StateMachineUpdater (StateMachineUpdater.java:lambda$new$0(80)) - StateMachineUpdater:f7e068fb-6143-4078-8f73-64e97620f45b:group-3164F9FC4885: snapshotIndex: updateIncreasingly -1 -> 16
2019-08-30 15:06:57,613 [StateMachineUpdater:d5adc888-1e0a-4c25-807e-09fade1f1b41:group-3164F9FC4885] INFO  impl.StateMachineUpdater (StateMachineUpdater.java:lambda$new$0(80)) - StateMachineUpdater:d5adc888-1e0a-4c25-807e-09fade1f1b41:group-3164F9FC4885: snapshotIndex: updateIncreasingly -1 -> 16
2019-08-30 15:06:57,613 [ForkJoinPool.commonPool-worker-0] INFO  impl.RaftServerImpl (ServerState.java:close(394)) - f7e068fb-6143-4078-8f73-64e97620f45b:group-3164F9FC4885 closes. The last applied log index is 16
2019-08-30 15:06:57,613 [main] INFO  impl.RaftServerImpl (ServerState.java:close(394)) - d5adc888-1e0a-4c25-807e-09fade1f1b41:group-3164F9FC4885 closes. The last applied log index is 16
2019-08-30 15:06:57,614 [f7e068fb-6143-4078-8f73-64e97620f45b-SegmentedRaftLogWorker:Storage Directory /workdir/hadoop-ozone/integration-test/target/test-dir/MiniOzoneClusterImpl-c9bf924e-a99a-40de-a7b2-d35176791736/datanode-0/data/ratis/36aa1e05-e4ff-4a97-b793-3164f9fc4885] INFO  segmented.SegmentedRaftLogWorker (SegmentedRaftLogWorker.java:run(313)) - f7e068fb-6143-4078-8f73-64e97620f45b-SegmentedRaftLogWorker:Storage Directory /workdir/hadoop-ozone/integration-test/target/test-dir/MiniOzoneClusterImpl-c9bf924e-a99a-40de-a7b2-d35176791736/datanode-0/data/ratis/36aa1e05-e4ff-4a97-b793-3164f9fc4885 was interrupted, exiting. There are 0 tasks remaining in the queue.
2019-08-30 15:06:57,614 [d5adc888-1e0a-4c25-807e-09fade1f1b41-SegmentedRaftLogWorker:Storage Directory /workdir/hadoop-ozone/integration-test/target/test-dir/MiniOzoneClusterImpl-c9bf924e-a99a-40de-a7b2-d35176791736/datanode-3/data/ratis/36aa1e05-e4ff-4a97-b793-3164f9fc4885] INFO  segmented.SegmentedRaftLogWorker (SegmentedRaftLogWorker.java:run(313)) - d5adc888-1e0a-4c25-807e-09fade1f1b41-SegmentedRaftLogWorker:Storage Directory /workdir/hadoop-ozone/integration-test/target/test-dir/MiniOzoneClusterImpl-c9bf924e-a99a-40de-a7b2-d35176791736/datanode-3/data/ratis/36aa1e05-e4ff-4a97-b793-3164f9fc4885 was interrupted, exiting. There are 0 tasks remaining in the queue.
2019-08-30 15:06:57,618 [ForkJoinPool.commonPool-worker-0] INFO  segmented.SegmentedRaftLogWorker (SegmentedRaftLogWorker.java:close(228)) - f7e068fb-6143-4078-8f73-64e97620f45b-SegmentedRaftLogWorker:Storage Directory /workdir/hadoop-ozone/integration-test/target/test-dir/MiniOzoneClusterImpl-c9bf924e-a99a-40de-a7b2-d35176791736/datanode-0/data/ratis/36aa1e05-e4ff-4a97-b793-3164f9fc4885 close()
2019-08-30 15:06:57,618 [main] INFO  segmented.SegmentedRaftLogWorker (SegmentedRaftLogWorker.java:close(228)) - d5adc888-1e0a-4c25-807e-09fade1f1b41-SegmentedRaftLogWorker:Storage Directory /workdir/hadoop-ozone/integration-test/target/test-dir/MiniOzoneClusterImpl-c9bf924e-a99a-40de-a7b2-d35176791736/datanode-3/data/ratis/36aa1e05-e4ff-4a97-b793-3164f9fc4885 close()
2019-08-30 15:06:57,622 [ForkJoinPool.commonPool-worker-0] INFO  impl.RaftServerImpl (RaftServerImpl.java:lambda$shutdown$3(245)) - f7e068fb-6143-4078-8f73-64e97620f45b: shutdown group-A8752755ABD2
2019-08-30 15:06:57,631 [main] INFO  impl.RaftServerImpl (RaftServerImpl.java:lambda$shutdown$3(245)) - d5adc888-1e0a-4c25-807e-09fade1f1b41: shutdown group-B06EEE2D92DB
2019-08-30 15:06:57,632 [ForkJoinPool.commonPool-worker-0] INFO  util.JmxRegister (JmxRegister.java:unregister(73)) - Successfully un-registered JMX Bean with object name Ratis:service=RaftServer,group=group-A8752755ABD2,id=f7e068fb-6143-4078-8f73-64e97620f45b
2019-08-30 15:06:57,632 [main] INFO  util.JmxRegister (JmxRegister.java:unregister(73)) - Successfully un-registered JMX Bean with object name Ratis:service=RaftServer,group=group-B06EEE2D92DB,id=d5adc888-1e0a-4c25-807e-09fade1f1b41
2019-08-30 15:06:57,632 [ForkJoinPool.commonPool-worker-0] INFO  impl.RoleInfo (RoleInfo.java:shutdownLeaderState(104)) - f7e068fb-6143-4078-8f73-64e97620f45b: shutdown LeaderState
2019-08-30 15:06:57,633 [main] INFO  impl.RoleInfo (RoleInfo.java:shutdownLeaderState(104)) - d5adc888-1e0a-4c25-807e-09fade1f1b41: shutdown LeaderState
2019-08-30 15:06:57,633 [ForkJoinPool.commonPool-worker-0] INFO  impl.PendingRequests (PendingRequests.java:sendNotLeaderResponses(202)) - f7e068fb-6143-4078-8f73-64e97620f45b-PendingRequests: sendNotLeaderResponses
2019-08-30 15:06:57,634 [main] INFO  impl.PendingRequests (PendingRequests.java:sendNotLeaderResponses(202)) - d5adc888-1e0a-4c25-807e-09fade1f1b41-PendingRequests: sendNotLeaderResponses
2019-08-30 15:06:57,634 [ForkJoinPool.commonPool-worker-0] INFO  impl.StateMachineUpdater (StateMachineUpdater.java:stopAndJoin(115)) - StateMachineUpdater:f7e068fb-6143-4078-8f73-64e97620f45b:group-A8752755ABD2: set stopIndex = 0
2019-08-30 15:06:57,634 [main] INFO  impl.StateMachineUpdater (StateMachineUpdater.java:stopAndJoin(115)) - StateMachineUpdater:d5adc888-1e0a-4c25-807e-09fade1f1b41:group-B06EEE2D92DB: set stopIndex = 0
2019-08-30 15:06:57,635 [main] INFO  impl.RaftServerImpl (ServerState.java:close(394)) - d5adc888-1e0a-4c25-807e-09fade1f1b41:group-B06EEE2D92DB closes. The last applied log index is 0
2019-08-30 15:06:57,635 [ForkJoinPool.commonPool-worker-0] INFO  impl.RaftServerImpl (ServerState.java:close(394)) - f7e068fb-6143-4078-8f73-64e97620f45b:group-A8752755ABD2 closes. The last applied log index is 0
2019-08-30 15:06:57,636 [d5adc888-1e0a-4c25-807e-09fade1f1b41-SegmentedRaftLogWorker:Storage Directory /workdir/hadoop-ozone/integration-test/target/test-dir/MiniOzoneClusterImpl-c9bf924e-a99a-40de-a7b2-d35176791736/datanode-3/data/ratis/4ebdd106-9624-4eae-bc43-b06eee2d92db] INFO  segmented.SegmentedRaftLogWorker (SegmentedRaftLogWorker.java:run(313)) - d5adc888-1e0a-4c25-807e-09fade1f1b41-SegmentedRaftLogWorker:Storage Directory /workdir/hadoop-ozone/integration-test/target/test-dir/MiniOzoneClusterImpl-c9bf924e-a99a-40de-a7b2-d35176791736/datanode-3/data/ratis/4ebdd106-9624-4eae-bc43-b06eee2d92db was interrupted, exiting. There are 0 tasks remaining in the queue.
2019-08-30 15:06:57,636 [f7e068fb-6143-4078-8f73-64e97620f45b-SegmentedRaftLogWorker:Storage Directory /workdir/hadoop-ozone/integration-test/target/test-dir/MiniOzoneClusterImpl-c9bf924e-a99a-40de-a7b2-d35176791736/datanode-0/data/ratis/f29f7be5-1f32-4cc8-8c5f-a8752755abd2] INFO  segmented.SegmentedRaftLogWorker (SegmentedRaftLogWorker.java:run(313)) - f7e068fb-6143-4078-8f73-64e97620f45b-SegmentedRaftLogWorker:Storage Directory /workdir/hadoop-ozone/integration-test/target/test-dir/MiniOzoneClusterImpl-c9bf924e-a99a-40de-a7b2-d35176791736/datanode-0/data/ratis/f29f7be5-1f32-4cc8-8c5f-a8752755abd2 was interrupted, exiting. There are 0 tasks remaining in the queue.
2019-08-30 15:06:57,636 [main] INFO  segmented.SegmentedRaftLogWorker (SegmentedRaftLogWorker.java:close(228)) - d5adc888-1e0a-4c25-807e-09fade1f1b41-SegmentedRaftLogWorker:Storage Directory /workdir/hadoop-ozone/integration-test/target/test-dir/MiniOzoneClusterImpl-c9bf924e-a99a-40de-a7b2-d35176791736/datanode-3/data/ratis/4ebdd106-9624-4eae-bc43-b06eee2d92db close()
2019-08-30 15:06:57,637 [ForkJoinPool.commonPool-worker-0] INFO  segmented.SegmentedRaftLogWorker (SegmentedRaftLogWorker.java:close(228)) - f7e068fb-6143-4078-8f73-64e97620f45b-SegmentedRaftLogWorker:Storage Directory /workdir/hadoop-ozone/integration-test/target/test-dir/MiniOzoneClusterImpl-c9bf924e-a99a-40de-a7b2-d35176791736/datanode-0/data/ratis/f29f7be5-1f32-4cc8-8c5f-a8752755abd2 close()
2019-08-30 15:06:57,638 [main] INFO  server.GrpcService (GrpcService.java:closeImpl(155)) - d5adc888-1e0a-4c25-807e-09fade1f1b41: shutdown server with port 42948 now
2019-08-30 15:06:57,640 [ForkJoinPool.commonPool-worker-0] INFO  server.GrpcService (GrpcService.java:closeImpl(155)) - f7e068fb-6143-4078-8f73-64e97620f45b: shutdown server with port 35790 now
2019-08-30 15:06:57,641 [main] INFO  server.GrpcService (GrpcService.java:closeImpl(163)) - d5adc888-1e0a-4c25-807e-09fade1f1b41: shutdown server with port 42948 successfully
2019-08-30 15:06:57,641 [ForkJoinPool.commonPool-worker-0] INFO  server.GrpcService (GrpcService.java:closeImpl(163)) - f7e068fb-6143-4078-8f73-64e97620f45b: shutdown server with port 35790 successfully
2019-08-30 15:06:57,658 [refreshUsed-/workdir/hadoop-ozone/integration-test/target/test-dir/MiniOzoneClusterImpl-c9bf924e-a99a-40de-a7b2-d35176791736/datanode-3/data/containers] WARN  fs.CachingGetSpaceUsed (CachingGetSpaceUsed.java:run(183)) - Thread Interrupted waiting to refresh disk information: sleep interrupted
2019-08-30 15:06:57,659 [refreshUsed-/workdir/hadoop-ozone/integration-test/target/test-dir/MiniOzoneClusterImpl-c9bf924e-a99a-40de-a7b2-d35176791736/datanode-0/data/containers] WARN  fs.CachingGetSpaceUsed (CachingGetSpaceUsed.java:run(183)) - Thread Interrupted waiting to refresh disk information: sleep interrupted
2019-08-30 15:06:57,678 [ForkJoinPool.commonPool-worker-0] INFO  utils.BackgroundService (BackgroundService.java:shutdown(148)) - Shutting down service BlockDeletingService
2019-08-30 15:06:57,681 [main] INFO  utils.BackgroundService (BackgroundService.java:shutdown(148)) - Shutting down service BlockDeletingService
2019-08-30 15:06:57,682 [ForkJoinPool.commonPool-worker-0] INFO  statemachine.DatanodeStateMachine (DatanodeStateMachine.java:stopDaemon(395)) - Ozone container server stopped.
2019-08-30 15:06:57,689 [main] INFO  statemachine.DatanodeStateMachine (DatanodeStateMachine.java:stopDaemon(395)) - Ozone container server stopped.
2019-08-30 15:06:57,689 [ForkJoinPool.commonPool-worker-0] INFO  handler.ContextHandler (ContextHandler.java:doStop(910)) - Stopped o.e.j.w.WebAppContext@254f906e{/,null,UNAVAILABLE}{/hddsDatanode}
2019-08-30 15:06:57,691 [ForkJoinPool.commonPool-worker-0] INFO  server.AbstractConnector (AbstractConnector.java:doStop(318)) - Stopped ServerConnector@3d0035d2{HTTP/1.1,[http/1.1]}{0.0.0.0:0}
2019-08-30 15:06:57,691 [main] INFO  handler.ContextHandler (ContextHandler.java:doStop(910)) - Stopped o.e.j.w.WebAppContext@4a7fd0c9{/,null,UNAVAILABLE}{/hddsDatanode}
2019-08-30 15:06:57,692 [ForkJoinPool.commonPool-worker-0] INFO  handler.ContextHandler (ContextHandler.java:doStop(910)) - Stopped o.e.j.s.ServletContextHandler@3d96fa9e{/static,jar:file:/home/user/.m2/repository/org/apache/hadoop/hadoop-hdds-container-service/0.5.0-SNAPSHOT/hadoop-hdds-container-service-0.5.0-SNAPSHOT.jar!/webapps/static,UNAVAILABLE}
2019-08-30 15:06:57,694 [ForkJoinPool.commonPool-worker-0] INFO  handler.ContextHandler (ContextHandler.java:doStop(910)) - Stopped o.e.j.s.ServletContextHandler@74170687{/logs,file:///workdir/hadoop-ozone/integration-test/target/log,UNAVAILABLE}
2019-08-30 15:06:57,694 [main] INFO  server.AbstractConnector (AbstractConnector.java:doStop(318)) - Stopped ServerConnector@18578491{HTTP/1.1,[http/1.1]}{0.0.0.0:0}
2019-08-30 15:06:57,695 [main] INFO  handler.ContextHandler (ContextHandler.java:doStop(910)) - Stopped o.e.j.s.ServletContextHandler@1c8f6a90{/static,jar:file:/home/user/.m2/repository/org/apache/hadoop/hadoop-hdds-container-service/0.5.0-SNAPSHOT/hadoop-hdds-container-service-0.5.0-SNAPSHOT.jar!/webapps/static,UNAVAILABLE}
2019-08-30 15:06:57,695 [main] INFO  handler.ContextHandler (ContextHandler.java:doStop(910)) - Stopped o.e.j.s.ServletContextHandler@5d497a91{/logs,file:///workdir/hadoop-ozone/integration-test/target/log,UNAVAILABLE}
2019-08-30 15:06:58,233 [Datanode State Machine Thread - 0] INFO  statemachine.DatanodeStateMachine (DatanodeStateMachine.java:lambda$startDaemon$0(350)) - Ozone container server started.
2019-08-30 15:07:02,254 [EventQueue-StaleNodeForStaleNodeHandler] INFO  node.StaleNodeHandler (StaleNodeHandler.java:onMessage(58)) - Datanode fc5bbe82-8490-41a4-97d8-e34a13b8703c{ip: 192.168.5.134, host: pr-hdds-2060-hng4s-2675214545, networkLocation: /default-rack, certSerialId: null} moved to stale state. Finalizing its pipelines [PipelineID=1131875d-a259-46e4-9a12-da503cb5d8c4]
2019-08-30 15:07:02,255 [EventQueue-StaleNodeForStaleNodeHandler] INFO  pipeline.SCMPipelineManager (SCMPipelineManager.java:finalizeAndDestroyPipeline(309)) - destroying pipeline:Pipeline[ Id: 1131875d-a259-46e4-9a12-da503cb5d8c4, Nodes: fc5bbe82-8490-41a4-97d8-e34a13b8703c{ip: 192.168.5.134, host: pr-hdds-2060-hng4s-2675214545, networkLocation: /default-rack, certSerialId: null}, Type:RATIS, Factor:ONE, State:OPEN]
2019-08-30 15:07:02,255 [EventQueue-StaleNodeForStaleNodeHandler] INFO  pipeline.PipelineStateManager (PipelineStateManager.java:finalizePipeline(123)) - Pipeline Pipeline[ Id: 1131875d-a259-46e4-9a12-da503cb5d8c4, Nodes: fc5bbe82-8490-41a4-97d8-e34a13b8703c{ip: 192.168.5.134, host: pr-hdds-2060-hng4s-2675214545, networkLocation: /default-rack, certSerialId: null}, Type:RATIS, Factor:ONE, State:CLOSED] moved to CLOSED state
2019-08-30 15:07:02,695 [ForkJoinPool.commonPool-worker-0] INFO  ozoneimpl.OzoneContainer (OzoneContainer.java:stop(215)) - Attempting to stop container services.
2019-08-30 15:07:02,696 [ForkJoinPool.commonPool-worker-0] INFO  impl.RaftServerProxy (RaftServerProxy.java:lambda$close$4(314)) - fc5bbe82-8490-41a4-97d8-e34a13b8703c: close
2019-08-30 15:07:02,696 [ForkJoinPool.commonPool-worker-0] INFO  impl.RaftServerImpl (RaftServerImpl.java:lambda$shutdown$3(245)) - fc5bbe82-8490-41a4-97d8-e34a13b8703c: shutdown group-DA503CB5D8C4
2019-08-30 15:07:02,696 [ForkJoinPool.commonPool-worker-0] INFO  util.JmxRegister (JmxRegister.java:unregister(73)) - Successfully un-registered JMX Bean with object name Ratis:service=RaftServer,group=group-DA503CB5D8C4,id=fc5bbe82-8490-41a4-97d8-e34a13b8703c
2019-08-30 15:07:02,696 [ForkJoinPool.commonPool-worker-0] INFO  impl.RoleInfo (RoleInfo.java:shutdownLeaderState(104)) - fc5bbe82-8490-41a4-97d8-e34a13b8703c: shutdown LeaderState
2019-08-30 15:07:02,697 [ForkJoinPool.commonPool-worker-0] INFO  impl.PendingRequests (PendingRequests.java:sendNotLeaderResponses(202)) - fc5bbe82-8490-41a4-97d8-e34a13b8703c-PendingRequests: sendNotLeaderResponses
2019-08-30 15:07:02,697 [ForkJoinPool.commonPool-worker-0] INFO  impl.StateMachineUpdater (StateMachineUpdater.java:stopAndJoin(115)) - StateMachineUpdater:fc5bbe82-8490-41a4-97d8-e34a13b8703c:group-DA503CB5D8C4: set stopIndex = 0
2019-08-30 15:07:02,698 [ForkJoinPool.commonPool-worker-0] INFO  impl.RaftServerImpl (ServerState.java:close(394)) - fc5bbe82-8490-41a4-97d8-e34a13b8703c:group-DA503CB5D8C4 closes. The last applied log index is 0
2019-08-30 15:07:02,698 [fc5bbe82-8490-41a4-97d8-e34a13b8703c-SegmentedRaftLogWorker:Storage Directory /workdir/hadoop-ozone/integration-test/target/test-dir/MiniOzoneClusterImpl-c9bf924e-a99a-40de-a7b2-d35176791736/datanode-6/data/ratis/1131875d-a259-46e4-9a12-da503cb5d8c4] INFO  segmented.SegmentedRaftLogWorker (SegmentedRaftLogWorker.java:run(313)) - fc5bbe82-8490-41a4-97d8-e34a13b8703c-SegmentedRaftLogWorker:Storage Directory /workdir/hadoop-ozone/integration-test/target/test-dir/MiniOzoneClusterImpl-c9bf924e-a99a-40de-a7b2-d35176791736/datanode-6/data/ratis/1131875d-a259-46e4-9a12-da503cb5d8c4 was interrupted, exiting. There are 0 tasks remaining in the queue.
2019-08-30 15:07:02,708 [ForkJoinPool.commonPool-worker-0] INFO  segmented.SegmentedRaftLogWorker (SegmentedRaftLogWorker.java:close(228)) - fc5bbe82-8490-41a4-97d8-e34a13b8703c-SegmentedRaftLogWorker:Storage Directory /workdir/hadoop-ozone/integration-test/target/test-dir/MiniOzoneClusterImpl-c9bf924e-a99a-40de-a7b2-d35176791736/datanode-6/data/ratis/1131875d-a259-46e4-9a12-da503cb5d8c4 close()
2019-08-30 15:07:02,710 [ForkJoinPool.commonPool-worker-0] INFO  server.GrpcService (GrpcService.java:closeImpl(155)) - fc5bbe82-8490-41a4-97d8-e34a13b8703c: shutdown server with port 35726 now
2019-08-30 15:07:02,711 [ForkJoinPool.commonPool-worker-0] INFO  server.GrpcService (GrpcService.java:closeImpl(163)) - fc5bbe82-8490-41a4-97d8-e34a13b8703c: shutdown server with port 35726 successfully
2019-08-30 15:07:02,714 [refreshUsed-/workdir/hadoop-ozone/integration-test/target/test-dir/MiniOzoneClusterImpl-c9bf924e-a99a-40de-a7b2-d35176791736/datanode-6/data/containers] WARN  fs.CachingGetSpaceUsed (CachingGetSpaceUsed.java:run(183)) - Thread Interrupted waiting to refresh disk information: sleep interrupted
2019-08-30 15:07:02,733 [ForkJoinPool.commonPool-worker-0] INFO  utils.BackgroundService (BackgroundService.java:shutdown(148)) - Shutting down service BlockDeletingService
2019-08-30 15:07:02,737 [ForkJoinPool.commonPool-worker-0] INFO  statemachine.DatanodeStateMachine (DatanodeStateMachine.java:stopDaemon(395)) - Ozone container server stopped.
2019-08-30 15:07:02,740 [ForkJoinPool.commonPool-worker-0] INFO  handler.ContextHandler (ContextHandler.java:doStop(910)) - Stopped o.e.j.w.WebAppContext@7fb48179{/,null,UNAVAILABLE}{/hddsDatanode}
2019-08-30 15:07:02,741 [ForkJoinPool.commonPool-worker-0] INFO  server.AbstractConnector (AbstractConnector.java:doStop(318)) - Stopped ServerConnector@201c3cda{HTTP/1.1,[http/1.1]}{0.0.0.0:0}
2019-08-30 15:07:02,742 [ForkJoinPool.commonPool-worker-0] INFO  handler.ContextHandler (ContextHandler.java:doStop(910)) - Stopped o.e.j.s.ServletContextHandler@69d23296{/static,jar:file:/home/user/.m2/repository/org/apache/hadoop/hadoop-hdds-container-service/0.5.0-SNAPSHOT/hadoop-hdds-container-service-0.5.0-SNAPSHOT.jar!/webapps/static,UNAVAILABLE}
2019-08-30 15:07:02,744 [ForkJoinPool.commonPool-worker-0] INFO  handler.ContextHandler (ContextHandler.java:doStop(910)) - Stopped o.e.j.s.ServletContextHandler@22752544{/logs,file:///workdir/hadoop-ozone/integration-test/target/log,UNAVAILABLE}
2019-08-30 15:07:02,744 [main] INFO  ozone.MiniOzoneClusterImpl (MiniOzoneClusterImpl.java:stop(339)) - Stopping the StorageContainerManager
2019-08-30 15:07:02,745 [main] INFO  server.StorageContainerManager (StorageContainerManager.java:stop(797)) - Stopping Replication Manager Service.
2019-08-30 15:07:02,745 [main] INFO  container.ReplicationManager (ReplicationManager.java:stop(203)) - Stopping Replication Monitor Thread.
2019-08-30 15:07:02,745 [main] INFO  server.StorageContainerManager (StorageContainerManager.java:stop(804)) - Stopping Lease Manager of the command watchers
2019-08-30 15:07:02,745 [main] INFO  server.StorageContainerManager (StorageContainerManager.java:stop(811)) - Stopping datanode service RPC server
2019-08-30 15:07:02,746 [main] INFO  server.SCMDatanodeProtocolServer (SCMDatanodeProtocolServer.java:stop(367)) - Stopping the RPC server for DataNodes
2019-08-30 15:07:02,746 [main] INFO  ipc.Server (Server.java:stop(3082)) - Stopping server on 35849
2019-08-30 15:07:02,748 [IPC Server Responder] INFO  ipc.Server (Server.java:run(1319)) - Stopping IPC Server Responder
2019-08-30 15:07:02,748 [IPC Server listener on 35849] INFO  ipc.Server (Server.java:run(1185)) - Stopping IPC Server listener on 35849
2019-08-30 15:07:02,755 [SCM Heartbeat Processing Thread - 0] WARN  node.NodeStateManager (NodeStateManager.java:scheduleNextHealthCheck(646)) - Current Thread is interrupted, shutting down HB processing thread for Node Manager.
2019-08-30 15:07:02,755 [main] INFO  server.StorageContainerManager (StorageContainerManager.java:stop(819)) - Stopping block service RPC server
2019-08-30 15:07:02,756 [main] INFO  server.SCMBlockProtocolServer (SCMBlockProtocolServer.java:stop(155)) - Stopping the RPC server for Block Protocol
2019-08-30 15:07:02,756 [main] INFO  ipc.Server (Server.java:stop(3082)) - Stopping server on 37359
2019-08-30 15:07:02,756 [IPC Server listener on 37359] INFO  ipc.Server (Server.java:run(1185)) - Stopping IPC Server listener on 37359
2019-08-30 15:07:02,756 [main] INFO  server.StorageContainerManager (StorageContainerManager.java:stop(826)) - Stopping the StorageContainerLocationProtocol RPC server
2019-08-30 15:07:02,758 [main] INFO  server.SCMClientProtocolServer (SCMClientProtocolServer.java:stop(159)) - Stopping the RPC server for Client Protocol
2019-08-30 15:07:02,758 [IPC Server Responder] INFO  ipc.Server (Server.java:run(1319)) - Stopping IPC Server Responder
2019-08-30 15:07:02,758 [main] INFO  ipc.Server (Server.java:stop(3082)) - Stopping server on 46702
2019-08-30 15:07:02,759 [IPC Server listener on 46702] INFO  ipc.Server (Server.java:run(1185)) - Stopping IPC Server listener on 46702
2019-08-30 15:07:02,759 [main] INFO  server.StorageContainerManager (StorageContainerManager.java:stop(833)) - Stopping Storage Container Manager HTTP server.
2019-08-30 15:07:02,761 [IPC Server Responder] INFO  ipc.Server (Server.java:run(1319)) - Stopping IPC Server Responder
2019-08-30 15:07:02,761 [main] INFO  handler.ContextHandler (ContextHandler.java:doStop(910)) - Stopped o.e.j.w.WebAppContext@2d0566ba{/,null,UNAVAILABLE}{/scm}
2019-08-30 15:07:02,762 [main] INFO  server.AbstractConnector (AbstractConnector.java:doStop(318)) - Stopped ServerConnector@54e7391d{HTTP/1.1,[http/1.1]}{0.0.0.0:0}
2019-08-30 15:07:02,762 [main] INFO  handler.ContextHandler (ContextHandler.java:doStop(910)) - Stopped o.e.j.s.ServletContextHandler@26425897{/static,file:///workdir/hadoop-ozone/integration-test/target/test-classes/webapps/static,UNAVAILABLE}
2019-08-30 15:07:02,763 [main] INFO  handler.ContextHandler (ContextHandler.java:doStop(910)) - Stopped o.e.j.s.ServletContextHandler@5c8eee0f{/logs,file:///workdir/hadoop-ozone/integration-test/target/log,UNAVAILABLE}
2019-08-30 15:07:02,764 [main] INFO  server.StorageContainerManager (StorageContainerManager.java:stop(844)) - Stopping Block Manager Service.
2019-08-30 15:07:02,764 [main] INFO  utils.BackgroundService (BackgroundService.java:shutdown(148)) - Shutting down service SCMBlockDeletingService
2019-08-30 15:07:02,765 [main] INFO  utils.BackgroundService (BackgroundService.java:shutdown(148)) - Shutting down service SCMBlockDeletingService
2019-08-30 15:07:02,765 [main] INFO  server.StorageContainerManager (StorageContainerManager.java:stop(866)) - Stopping SCM Event Queue.
2019-08-30 15:07:02,772 [main] INFO  impl.MetricsSystemImpl (MetricsSystemImpl.java:stop(210)) - Stopping XceiverClientMetrics metrics system...
2019-08-30 15:07:02,782 [prometheus] INFO  impl.MetricsSinkAdapter (MetricsSinkAdapter.java:publishMetricsFromQueue(141)) - prometheus thread interrupted.
2019-08-30 15:07:02,782 [main] INFO  impl.MetricsSystemImpl (MetricsSystemImpl.java:stop(216)) - XceiverClientMetrics metrics system stopped.
]]></system-out>
  </testcase>
  <testcase name="testDatanodeFailureWithPreAllocation" classname="org.apache.hadoop.ozone.client.rpc.TestBlockOutputStreamWithFailures" time="224.424"/>
  <testcase name="testDatanodeFailureWithSingleNodeRatis" classname="org.apache.hadoop.ozone.client.rpc.TestBlockOutputStreamWithFailures" time="224.045"/>
  <testcase name="testWatchForCommitWithSingleNodeRatis" classname="org.apache.hadoop.ozone.client.rpc.TestBlockOutputStreamWithFailures" time="33.393"/>
  <testcase name="testWatchForCommitDatanodeFailure" classname="org.apache.hadoop.ozone.client.rpc.TestBlockOutputStreamWithFailures" time="34.318"/>
  <testcase name="testFailureWithPrimeSizedData" classname="org.apache.hadoop.ozone.client.rpc.TestBlockOutputStreamWithFailures" time="40.044"/>
  <testcase name="testWatchForCommitWithCloseContainerException" classname="org.apache.hadoop.ozone.client.rpc.TestBlockOutputStreamWithFailures" time="34.336"/>
  <testcase name="testExceptionDuringClose" classname="org.apache.hadoop.ozone.client.rpc.TestBlockOutputStreamWithFailures" time="37.061"/>
</testsuite>