<?xml version="1.0" encoding="UTF-8"?>
<testsuite xmlns:xsi="http://www.w3.org/2001/XMLSchema-instance" xsi:noNamespaceSchemaLocation="https://maven.apache.org/surefire/maven-surefire-plugin/xsd/surefire-test-report.xsd" name="org.apache.hadoop.hdds.scm.pipeline.TestRatisPipelineCreateAndDestory" time="69.734" tests="2" errors="1" skipped="0" failures="0">
  <properties>
    <property name="awt.toolkit" value="sun.awt.X11.XToolkit"/>
    <property name="file.encoding.pkg" value="sun.io"/>
    <property name="java.specification.version" value="1.8"/>
    <property name="sun.cpu.isalist" value=""/>
    <property name="sun.jnu.encoding" value="UTF-8"/>
    <property name="java.class.path" value="/workdir/hadoop-ozone/integration-test/target/test-classes:/workdir/hadoop-ozone/integration-test/target/classes:/home/user/.m2/repository/org/apache/hadoop/hadoop-ozone-common/0.4.1-SNAPSHOT/hadoop-ozone-common-0.4.1-SNAPSHOT.jar:/home/user/.m2/repository/org/apache/commons/commons-compress/1.4.1/commons-compress-1.4.1.jar:/home/user/.m2/repository/org/tukaani/xz/1.0/xz-1.0.jar:/home/user/.m2/repository/org/apache/hadoop/hadoop-common/3.2.0/hadoop-common-3.2.0.jar:/home/user/.m2/repository/org/apache/hadoop/hadoop-hdfs/3.2.0/hadoop-hdfs-3.2.0.jar:/home/user/.m2/repository/org/apache/hadoop/hadoop-hdfs-client/3.2.0/hadoop-hdfs-client-3.2.0.jar:/home/user/.m2/repository/com/fasterxml/jackson/core/jackson-annotations/2.9.5/jackson-annotations-2.9.5.jar:/home/user/.m2/repository/org/apache/hadoop/hadoop-hdds-common/0.4.1-SNAPSHOT/hadoop-hdds-common-0.4.1-SNAPSHOT.jar:/home/user/.m2/repository/javax/annotation/javax.annotation-api/1.2/javax.annotation-api-1.2.jar:/home/user/.m2/repository/org/apache/ratis/ratis-server/0.4.0-2337318-SNAPSHOT/ratis-server-0.4.0-2337318-SNAPSHOT.jar:/home/user/.m2/repository/org/apache/ratis/ratis-thirdparty-misc/0.2.0/ratis-thirdparty-misc-0.2.0.jar:/home/user/.m2/repository/org/apache/ratis/ratis-proto/0.4.0-2337318-SNAPSHOT/ratis-proto-0.4.0-2337318-SNAPSHOT.jar:/home/user/.m2/repository/org/apache/ratis/ratis-common/0.4.0-2337318-SNAPSHOT/ratis-common-0.4.0-2337318-SNAPSHOT.jar:/home/user/.m2/repository/org/apache/ratis/ratis-client/0.4.0-2337318-SNAPSHOT/ratis-client-0.4.0-2337318-SNAPSHOT.jar:/home/user/.m2/repository/org/apache/ratis/ratis-metrics/0.4.0-2337318-SNAPSHOT/ratis-metrics-0.4.0-2337318-SNAPSHOT.jar:/home/user/.m2/repository/org/apache/ratis/ratis-netty/0.4.0-2337318-SNAPSHOT/ratis-netty-0.4.0-2337318-SNAPSHOT.jar:/home/user/.m2/repository/org/apache/ratis/ratis-grpc/0.4.0-2337318-SNAPSHOT/ratis-grpc-0.4.0-2337318-SNAPSHOT.jar:/home/user/.m2/repository/org/rocksdb/rocksdbjni/6.0.1/rocksdbjni-6.0.1.jar:/home/user/.m2/repository/org/apache/logging/log4j/log4j-api/2.11.0/log4j-api-2.11.0.jar:/home/user/.m2/repository/org/apache/logging/log4j/log4j-core/2.11.0/log4j-core-2.11.0.jar:/home/user/.m2/repository/com/lmax/disruptor/3.4.2/disruptor-3.4.2.jar:/home/user/.m2/repository/org/apache/commons/commons-pool2/2.6.0/commons-pool2-2.6.0.jar:/home/user/.m2/repository/org/bouncycastle/bcpkix-jdk15on/1.60/bcpkix-jdk15on-1.60.jar:/home/user/.m2/repository/commons-validator/commons-validator/1.6/commons-validator-1.6.jar:/home/user/.m2/repository/commons-digester/commons-digester/1.8.1/commons-digester-1.8.1.jar:/home/user/.m2/repository/io/jaegertracing/jaeger-client/0.33.1/jaeger-client-0.33.1.jar:/home/user/.m2/repository/io/jaegertracing/jaeger-thrift/0.33.1/jaeger-thrift-0.33.1.jar:/home/user/.m2/repository/org/apache/thrift/libthrift/0.11.0/libthrift-0.11.0.jar:/home/user/.m2/repository/com/squareup/okhttp3/okhttp/3.9.0/okhttp-3.9.0.jar:/home/user/.m2/repository/com/squareup/okio/okio/1.13.0/okio-1.13.0.jar:/home/user/.m2/repository/io/jaegertracing/jaeger-core/0.33.1/jaeger-core-0.33.1.jar:/home/user/.m2/repository/io/jaegertracing/jaeger-tracerresolver/0.33.1/jaeger-tracerresolver-0.33.1.jar:/home/user/.m2/repository/io/opentracing/contrib/opentracing-tracerresolver/0.1.5/opentracing-tracerresolver-0.1.5.jar:/home/user/.m2/repository/io/opentracing/opentracing-util/0.31.0/opentracing-util-0.31.0.jar:/home/user/.m2/repository/io/opentracing/opentracing-api/0.31.0/opentracing-api-0.31.0.jar:/home/user/.m2/repository/io/opentracing/opentracing-noop/0.31.0/opentracing-noop-0.31.0.jar:/home/user/.m2/repository/org/apache/hadoop/hadoop-hdds-server-framework/0.4.1-SNAPSHOT/hadoop-hdds-server-framework-0.4.1-SNAPSHOT.jar:/home/user/.m2/repository/org/apache/hadoop/hadoop-hdds-container-service/0.4.1-SNAPSHOT/hadoop-hdds-container-service-0.4.1-SNAPSHOT.jar:/home/user/.m2/repository/org/apache/hadoop/hadoop-hdds-client/0.4.1-SNAPSHOT/hadoop-hdds-client-0.4.1-SNAPSHOT.jar:/home/user/.m2/repository/org/apache/hadoop/hadoop-hdds-tools/0.4.1-SNAPSHOT/hadoop-hdds-tools-0.4.1-SNAPSHOT.jar:/home/user/.m2/repository/org/apache/hadoop/hadoop-hdds-server-scm/0.4.1-SNAPSHOT/hadoop-hdds-server-scm-0.4.1-SNAPSHOT.jar:/home/user/.m2/repository/org/apache/hadoop/hadoop-hdds-docs/0.4.1-SNAPSHOT/hadoop-hdds-docs-0.4.1-SNAPSHOT.jar:/home/user/.m2/repository/io/dropwizard/metrics/metrics-core/3.2.4/metrics-core-3.2.4.jar:/home/user/.m2/repository/org/hamcrest/hamcrest-all/1.3/hamcrest-all-1.3.jar:/home/user/.m2/repository/org/bouncycastle/bcprov-jdk15on/1.60/bcprov-jdk15on-1.60.jar:/home/user/.m2/repository/info/picocli/picocli/3.9.6/picocli-3.9.6.jar:/home/user/.m2/repository/com/google/protobuf/protobuf-java/2.5.0/protobuf-java-2.5.0.jar:/home/user/.m2/repository/com/google/guava/guava/11.0.2/guava-11.0.2.jar:/home/user/.m2/repository/org/apache/hadoop/hadoop-ozone-ozone-manager/0.4.1-SNAPSHOT/hadoop-ozone-ozone-manager-0.4.1-SNAPSHOT.jar:/home/user/.m2/repository/org/apache/hadoop/hadoop-minikdc/3.2.0/hadoop-minikdc-3.2.0.jar:/home/user/.m2/repository/commons-io/commons-io/2.5/commons-io-2.5.jar:/home/user/.m2/repository/org/apache/kerby/kerb-simplekdc/1.0.1/kerb-simplekdc-1.0.1.jar:/home/user/.m2/repository/org/apache/kerby/kerb-client/1.0.1/kerb-client-1.0.1.jar:/home/user/.m2/repository/org/apache/kerby/kerby-config/1.0.1/kerby-config-1.0.1.jar:/home/user/.m2/repository/org/apache/kerby/kerb-core/1.0.1/kerb-core-1.0.1.jar:/home/user/.m2/repository/org/apache/kerby/kerby-pkix/1.0.1/kerby-pkix-1.0.1.jar:/home/user/.m2/repository/org/apache/kerby/kerby-asn1/1.0.1/kerby-asn1-1.0.1.jar:/home/user/.m2/repository/org/apache/kerby/kerby-util/1.0.1/kerby-util-1.0.1.jar:/home/user/.m2/repository/org/apache/kerby/kerb-common/1.0.1/kerb-common-1.0.1.jar:/home/user/.m2/repository/org/apache/kerby/kerb-crypto/1.0.1/kerb-crypto-1.0.1.jar:/home/user/.m2/repository/org/apache/kerby/kerb-util/1.0.1/kerb-util-1.0.1.jar:/home/user/.m2/repository/org/apache/kerby/token-provider/1.0.1/token-provider-1.0.1.jar:/home/user/.m2/repository/org/apache/kerby/kerb-admin/1.0.1/kerb-admin-1.0.1.jar:/home/user/.m2/repository/org/apache/kerby/kerb-server/1.0.1/kerb-server-1.0.1.jar:/home/user/.m2/repository/org/apache/kerby/kerb-identity/1.0.1/kerb-identity-1.0.1.jar:/home/user/.m2/repository/org/apache/kerby/kerby-xdr/1.0.1/kerby-xdr-1.0.1.jar:/home/user/.m2/repository/org/slf4j/slf4j-log4j12/1.7.25/slf4j-log4j12-1.7.25.jar:/home/user/.m2/repository/org/apache/hadoop/hadoop-ozone-objectstore-service/0.4.1-SNAPSHOT/hadoop-ozone-objectstore-service-0.4.1-SNAPSHOT.jar:/home/user/.m2/repository/org/apache/hadoop/hadoop-ozone-s3gateway/0.4.1-SNAPSHOT/hadoop-ozone-s3gateway-0.4.1-SNAPSHOT.jar:/home/user/.m2/repository/org/jboss/weld/servlet/weld-servlet/2.4.7.Final/weld-servlet-2.4.7.Final.jar:/home/user/.m2/repository/org/glassfish/jersey/containers/jersey-container-servlet-core/2.27/jersey-container-servlet-core-2.27.jar:/home/user/.m2/repository/org/glassfish/hk2/external/javax.inject/2.5.0-b42/javax.inject-2.5.0-b42.jar:/home/user/.m2/repository/org/glassfish/jersey/core/jersey-common/2.27/jersey-common-2.27.jar:/home/user/.m2/repository/org/glassfish/hk2/osgi-resource-locator/1.0.1/osgi-resource-locator-1.0.1.jar:/home/user/.m2/repository/javax/ws/rs/javax.ws.rs-api/2.1/javax.ws.rs-api-2.1.jar:/home/user/.m2/repository/org/glassfish/jersey/ext/cdi/jersey-cdi1x/2.27/jersey-cdi1x-2.27.jar:/home/user/.m2/repository/org/glassfish/jersey/inject/jersey-hk2/2.27/jersey-hk2-2.27.jar:/home/user/.m2/repository/org/glassfish/hk2/hk2-locator/2.5.0-b42/hk2-locator-2.5.0-b42.jar:/home/user/.m2/repository/org/javassist/javassist/3.22.0-CR2/javassist-3.22.0-CR2.jar:/home/user/.m2/repository/org/glassfish/hk2/hk2-api/2.5.0/hk2-api-2.5.0.jar:/home/user/.m2/repository/org/glassfish/hk2/external/jakarta.inject/2.5.0/jakarta.inject-2.5.0.jar:/home/user/.m2/repository/org/glassfish/hk2/hk2-utils/2.5.0/hk2-utils-2.5.0.jar:/home/user/.m2/repository/jakarta/annotation/jakarta.annotation-api/1.3.4/jakarta.annotation-api-1.3.4.jar:/home/user/.m2/repository/org/glassfish/hk2/external/aopalliance-repackaged/2.5.0/aopalliance-repackaged-2.5.0.jar:/home/user/.m2/repository/com/fasterxml/jackson/dataformat/jackson-dataformat-xml/2.9.0/jackson-dataformat-xml-2.9.0.jar:/home/user/.m2/repository/com/fasterxml/jackson/core/jackson-core/2.9.5/jackson-core-2.9.5.jar:/home/user/.m2/repository/com/fasterxml/jackson/module/jackson-module-jaxb-annotations/2.9.5/jackson-module-jaxb-annotations-2.9.5.jar:/home/user/.m2/repository/javax/enterprise/cdi-api/1.2/cdi-api-1.2.jar:/home/user/.m2/repository/javax/el/javax.el-api/3.0.0/javax.el-api-3.0.0.jar:/home/user/.m2/repository/javax/interceptor/javax.interceptor-api/1.2/javax.interceptor-api-1.2.jar:/home/user/.m2/repository/javax/inject/javax.inject/1/javax.inject-1.jar:/home/user/.m2/repository/com/sun/xml/bind/jaxb-impl/2.3.0.1/jaxb-impl-2.3.0.1.jar:/home/user/.m2/repository/com/sun/xml/bind/jaxb-core/2.3.0.1/jaxb-core-2.3.0.1.jar:/home/user/.m2/repository/javax/xml/bind/jaxb-api/2.3.0/jaxb-api-2.3.0.jar:/home/user/.m2/repository/javax/activation/activation/1.1.1/activation-1.1.1.jar:/home/user/.m2/repository/org/apache/hadoop/hadoop-ozone-csi/0.4.1-SNAPSHOT/hadoop-ozone-csi-0.4.1-SNAPSHOT.jar:/home/user/.m2/repository/com/google/protobuf/protobuf-java-util/3.5.1/protobuf-java-util-3.5.1.jar:/home/user/.m2/repository/org/apache/hadoop/hadoop-hdds-config/0.4.1-SNAPSHOT/hadoop-hdds-config-0.4.1-SNAPSHOT.jar:/home/user/.m2/repository/io/grpc/grpc-netty/1.17.1/grpc-netty-1.17.1.jar:/home/user/.m2/repository/io/grpc/grpc-core/1.17.1/grpc-core-1.17.1.jar:/home/user/.m2/repository/io/grpc/grpc-context/1.17.1/grpc-context-1.17.1.jar:/home/user/.m2/repository/com/google/errorprone/error_prone_annotations/2.2.0/error_prone_annotations-2.2.0.jar:/home/user/.m2/repository/org/codehaus/mojo/animal-sniffer-annotations/1.17/animal-sniffer-annotations-1.17.jar:/home/user/.m2/repository/io/opencensus/opencensus-api/0.17.0/opencensus-api-0.17.0.jar:/home/user/.m2/repository/io/opencensus/opencensus-contrib-grpc-metrics/0.17.0/opencensus-contrib-grpc-metrics-0.17.0.jar:/home/user/.m2/repository/io/netty/netty-codec-http2/4.1.30.Final/netty-codec-http2-4.1.30.Final.jar:/home/user/.m2/repository/io/netty/netty-codec-http/4.1.30.Final/netty-codec-http-4.1.30.Final.jar:/home/user/.m2/repository/io/netty/netty-codec/4.1.30.Final/netty-codec-4.1.30.Final.jar:/home/user/.m2/repository/io/netty/netty-handler/4.1.30.Final/netty-handler-4.1.30.Final.jar:/home/user/.m2/repository/io/netty/netty-handler-proxy/4.1.30.Final/netty-handler-proxy-4.1.30.Final.jar:/home/user/.m2/repository/io/netty/netty-codec-socks/4.1.30.Final/netty-codec-socks-4.1.30.Final.jar:/home/user/.m2/repository/io/netty/netty-transport-native-epoll/4.1.30.Final/netty-transport-native-epoll-4.1.30.Final.jar:/home/user/.m2/repository/io/netty/netty-common/4.1.30.Final/netty-common-4.1.30.Final.jar:/home/user/.m2/repository/io/netty/netty-buffer/4.1.30.Final/netty-buffer-4.1.30.Final.jar:/home/user/.m2/repository/io/netty/netty-transport/4.1.30.Final/netty-transport-4.1.30.Final.jar:/home/user/.m2/repository/io/netty/netty-resolver/4.1.30.Final/netty-resolver-4.1.30.Final.jar:/home/user/.m2/repository/io/netty/netty-transport-native-unix-common/4.1.30.Final/netty-transport-native-unix-common-4.1.30.Final.jar:/home/user/.m2/repository/io/grpc/grpc-protobuf/1.17.1/grpc-protobuf-1.17.1.jar:/home/user/.m2/repository/com/google/api/grpc/proto-google-common-protos/1.0.0/proto-google-common-protos-1.0.0.jar:/home/user/.m2/repository/io/grpc/grpc-protobuf-lite/1.17.1/grpc-protobuf-lite-1.17.1.jar:/home/user/.m2/repository/io/grpc/grpc-stub/1.17.1/grpc-stub-1.17.1.jar:/home/user/.m2/repository/org/apache/hadoop/hadoop-ozone-recon/0.4.1-SNAPSHOT/hadoop-ozone-recon-0.4.1-SNAPSHOT.jar:/home/user/.m2/repository/org/apache/hadoop/hadoop-ozone-reconcodegen/0.4.1-SNAPSHOT/hadoop-ozone-reconcodegen-0.4.1-SNAPSHOT.jar:/home/user/.m2/repository/com/google/inject/extensions/guice-multibindings/4.0/guice-multibindings-4.0.jar:/home/user/.m2/repository/com/google/inject/guice/4.0/guice-4.0.jar:/home/user/.m2/repository/aopalliance/aopalliance/1.0/aopalliance-1.0.jar:/home/user/.m2/repository/com/google/inject/extensions/guice-servlet/4.0/guice-servlet-4.0.jar:/home/user/.m2/repository/org/glassfish/jersey/containers/jersey-container-servlet/2.27/jersey-container-servlet-2.27.jar:/home/user/.m2/repository/org/glassfish/hk2/guice-bridge/2.5.0/guice-bridge-2.5.0.jar:/home/user/.m2/repository/org/glassfish/jersey/core/jersey-server/2.27/jersey-server-2.27.jar:/home/user/.m2/repository/org/glassfish/jersey/core/jersey-client/2.27/jersey-client-2.27.jar:/home/user/.m2/repository/org/glassfish/jersey/media/jersey-media-jaxb/2.27/jersey-media-jaxb-2.27.jar:/home/user/.m2/repository/javax/validation/validation-api/1.1.0.Final/validation-api-1.1.0.Final.jar:/home/user/.m2/repository/org/glassfish/jersey/media/jersey-media-json-jackson/2.27/jersey-media-json-jackson-2.27.jar:/home/user/.m2/repository/org/glassfish/jersey/ext/jersey-entity-filtering/2.27/jersey-entity-filtering-2.27.jar:/home/user/.m2/repository/com/google/inject/extensions/guice-assistedinject/4.0/guice-assistedinject-4.0.jar:/home/user/.m2/repository/org/jooq/jooq/3.11.10/jooq-3.11.10.jar:/home/user/.m2/repository/org/jooq/jooq-meta/3.11.10/jooq-meta-3.11.10.jar:/home/user/.m2/repository/org/jooq/jooq-codegen/3.11.10/jooq-codegen-3.11.10.jar:/home/user/.m2/repository/com/jolbox/bonecp/0.8.0.RELEASE/bonecp-0.8.0.RELEASE.jar:/home/user/.m2/repository/org/xerial/sqlite-jdbc/3.25.2/sqlite-jdbc-3.25.2.jar:/home/user/.m2/repository/org/springframework/spring-jdbc/5.1.3.RELEASE/spring-jdbc-5.1.3.RELEASE.jar:/home/user/.m2/repository/org/springframework/spring-beans/5.1.3.RELEASE/spring-beans-5.1.3.RELEASE.jar:/home/user/.m2/repository/org/springframework/spring-core/5.1.3.RELEASE/spring-core-5.1.3.RELEASE.jar:/home/user/.m2/repository/org/springframework/spring-jcl/5.1.3.RELEASE/spring-jcl-5.1.3.RELEASE.jar:/home/user/.m2/repository/org/springframework/spring-tx/5.1.3.RELEASE/spring-tx-5.1.3.RELEASE.jar:/home/user/.m2/repository/org/apache/hadoop/hadoop-ozone-client/0.4.1-SNAPSHOT/hadoop-ozone-client-0.4.1-SNAPSHOT.jar:/home/user/.m2/repository/commons-lang/commons-lang/2.6/commons-lang-2.6.jar:/home/user/.m2/repository/org/apache/hadoop/hadoop-ozone-ozone-manager/0.4.1-SNAPSHOT/hadoop-ozone-ozone-manager-0.4.1-SNAPSHOT-tests.jar:/home/user/.m2/repository/junit/junit/4.11/junit-4.11.jar:/home/user/.m2/repository/org/hamcrest/hamcrest-core/1.3/hamcrest-core-1.3.jar:/home/user/.m2/repository/org/openjdk/jmh/jmh-core/1.19/jmh-core-1.19.jar:/home/user/.m2/repository/net/sf/jopt-simple/jopt-simple/4.6/jopt-simple-4.6.jar:/home/user/.m2/repository/org/apache/commons/commons-math3/3.1.1/commons-math3-3.1.1.jar:/home/user/.m2/repository/org/openjdk/jmh/jmh-generator-annprocess/1.19/jmh-generator-annprocess-1.19.jar:/home/user/.m2/repository/org/mockito/mockito-all/1.8.5/mockito-all-1.8.5.jar:/home/user/.m2/repository/org/apache/hadoop/hadoop-kms/3.2.0/hadoop-kms-3.2.0.jar:/home/user/.m2/repository/org/apache/hadoop/hadoop-auth/3.2.0/hadoop-auth-3.2.0.jar:/home/user/.m2/repository/com/nimbusds/nimbus-jose-jwt/4.41.1/nimbus-jose-jwt-4.41.1.jar:/home/user/.m2/repository/com/github/stephenc/jcip/jcip-annotations/1.0-1/jcip-annotations-1.0-1.jar:/home/user/.m2/repository/net/minidev/json-smart/2.3/json-smart-2.3.jar:/home/user/.m2/repository/net/minidev/accessors-smart/1.2/accessors-smart-1.2.jar:/home/user/.m2/repository/org/ow2/asm/asm/5.0.4/asm-5.0.4.jar:/home/user/.m2/repository/org/apache/curator/curator-framework/2.12.0/curator-framework-2.12.0.jar:/home/user/.m2/repository/com/sun/jersey/jersey-core/1.19/jersey-core-1.19.jar:/home/user/.m2/repository/javax/ws/rs/jsr311-api/1.1.1/jsr311-api-1.1.1.jar:/home/user/.m2/repository/com/sun/jersey/jersey-server/1.19/jersey-server-1.19.jar:/home/user/.m2/repository/javax/servlet/javax.servlet-api/3.1.0/javax.servlet-api-3.1.0.jar:/home/user/.m2/repository/org/eclipse/jetty/jetty-server/9.3.24.v20180605/jetty-server-9.3.24.v20180605.jar:/home/user/.m2/repository/org/eclipse/jetty/jetty-http/9.3.24.v20180605/jetty-http-9.3.24.v20180605.jar:/home/user/.m2/repository/org/eclipse/jetty/jetty-io/9.3.24.v20180605/jetty-io-9.3.24.v20180605.jar:/home/user/.m2/repository/org/eclipse/jetty/jetty-webapp/9.3.24.v20180605/jetty-webapp-9.3.24.v20180605.jar:/home/user/.m2/repository/org/eclipse/jetty/jetty-xml/9.3.24.v20180605/jetty-xml-9.3.24.v20180605.jar:/home/user/.m2/repository/log4j/log4j/1.2.17/log4j-1.2.17.jar:/home/user/.m2/repository/org/slf4j/slf4j-api/1.7.25/slf4j-api-1.7.25.jar:/home/user/.m2/repository/org/slf4j/jul-to-slf4j/1.7.25/jul-to-slf4j-1.7.25.jar:/home/user/.m2/repository/org/eclipse/jetty/jetty-util/9.3.24.v20180605/jetty-util-9.3.24.v20180605.jar:/home/user/.m2/repository/com/fasterxml/jackson/core/jackson-databind/2.9.5/jackson-databind-2.9.5.jar:/home/user/.m2/repository/org/apache/hadoop/hadoop-kms/3.2.0/hadoop-kms-3.2.0-tests.jar:/home/user/.m2/repository/org/apache/hadoop/hadoop-hdds-server-scm/0.4.1-SNAPSHOT/hadoop-hdds-server-scm-0.4.1-SNAPSHOT-tests.jar:/home/user/.m2/repository/org/apache/hadoop/hadoop-hdds-container-service/0.4.1-SNAPSHOT/hadoop-hdds-container-service-0.4.1-SNAPSHOT-tests.jar:/home/user/.m2/repository/org/yaml/snakeyaml/1.16/snakeyaml-1.16.jar:/home/user/.m2/repository/org/apache/hadoop/hadoop-common/3.2.0/hadoop-common-3.2.0-tests.jar:/home/user/.m2/repository/org/apache/hadoop/hadoop-annotations/3.2.0/hadoop-annotations-3.2.0.jar:/usr/lib/jvm/java-1.8-openjdk/jre/../lib/tools.jar:/home/user/.m2/repository/commons-cli/commons-cli/1.2/commons-cli-1.2.jar:/home/user/.m2/repository/org/apache/httpcomponents/httpclient/4.5.2/httpclient-4.5.2.jar:/home/user/.m2/repository/org/apache/httpcomponents/httpcore/4.4.4/httpcore-4.4.4.jar:/home/user/.m2/repository/commons-codec/commons-codec/1.11/commons-codec-1.11.jar:/home/user/.m2/repository/commons-net/commons-net/3.6/commons-net-3.6.jar:/home/user/.m2/repository/commons-collections/commons-collections/3.2.2/commons-collections-3.2.2.jar:/home/user/.m2/repository/org/eclipse/jetty/jetty-servlet/9.3.24.v20180605/jetty-servlet-9.3.24.v20180605.jar:/home/user/.m2/repository/org/eclipse/jetty/jetty-security/9.3.24.v20180605/jetty-security-9.3.24.v20180605.jar:/home/user/.m2/repository/javax/servlet/jsp/jsp-api/2.1/jsp-api-2.1.jar:/home/user/.m2/repository/com/sun/jersey/jersey-servlet/1.19/jersey-servlet-1.19.jar:/home/user/.m2/repository/com/sun/jersey/jersey-json/1.19/jersey-json-1.19.jar:/home/user/.m2/repository/org/codehaus/jettison/jettison/1.1/jettison-1.1.jar:/home/user/.m2/repository/org/codehaus/jackson/jackson-core-asl/1.9.13/jackson-core-asl-1.9.13.jar:/home/user/.m2/repository/org/codehaus/jackson/jackson-mapper-asl/1.9.13/jackson-mapper-asl-1.9.13.jar:/home/user/.m2/repository/org/codehaus/jackson/jackson-jaxrs/1.9.13/jackson-jaxrs-1.9.13.jar:/home/user/.m2/repository/org/codehaus/jackson/jackson-xc/1.9.13/jackson-xc-1.9.13.jar:/home/user/.m2/repository/commons-logging/commons-logging/1.1.3/commons-logging-1.1.3.jar:/home/user/.m2/repository/commons-beanutils/commons-beanutils/1.9.3/commons-beanutils-1.9.3.jar:/home/user/.m2/repository/org/apache/commons/commons-configuration2/2.1.1/commons-configuration2-2.1.1.jar:/home/user/.m2/repository/org/apache/commons/commons-lang3/3.7/commons-lang3-3.7.jar:/home/user/.m2/repository/org/apache/commons/commons-text/1.4/commons-text-1.4.jar:/home/user/.m2/repository/org/apache/avro/avro/1.7.7/avro-1.7.7.jar:/home/user/.m2/repository/com/thoughtworks/paranamer/paranamer/2.3/paranamer-2.3.jar:/home/user/.m2/repository/org/xerial/snappy/snappy-java/1.0.5/snappy-java-1.0.5.jar:/home/user/.m2/repository/com/google/re2j/re2j/1.1/re2j-1.1.jar:/home/user/.m2/repository/com/google/code/gson/gson/2.2.4/gson-2.2.4.jar:/home/user/.m2/repository/com/jcraft/jsch/0.1.54/jsch-0.1.54.jar:/home/user/.m2/repository/org/apache/curator/curator-client/2.12.0/curator-client-2.12.0.jar:/home/user/.m2/repository/org/apache/curator/curator-recipes/2.12.0/curator-recipes-2.12.0.jar:/home/user/.m2/repository/com/google/code/findbugs/jsr305/3.0.0/jsr305-3.0.0.jar:/home/user/.m2/repository/org/apache/htrace/htrace-core4/4.1.0-incubating/htrace-core4-4.1.0-incubating.jar:/home/user/.m2/repository/org/apache/zookeeper/zookeeper/3.4.13/zookeeper-3.4.13.jar:/home/user/.m2/repository/org/apache/yetus/audience-annotations/0.5.0/audience-annotations-0.5.0.jar:/home/user/.m2/repository/org/codehaus/woodstox/stax2-api/3.1.4/stax2-api-3.1.4.jar:/home/user/.m2/repository/com/fasterxml/woodstox/woodstox-core/5.0.3/woodstox-core-5.0.3.jar:/home/user/.m2/repository/dnsjava/dnsjava/2.1.7/dnsjava-2.1.7.jar:/home/user/.m2/repository/org/apache/hadoop/hadoop-hdfs/3.2.0/hadoop-hdfs-3.2.0-tests.jar:/home/user/.m2/repository/org/eclipse/jetty/jetty-util-ajax/9.3.24.v20180605/jetty-util-ajax-9.3.24.v20180605.jar:/home/user/.m2/repository/commons-daemon/commons-daemon/1.0.13/commons-daemon-1.0.13.jar:/home/user/.m2/repository/io/netty/netty/3.10.5.Final/netty-3.10.5.Final.jar:/home/user/.m2/repository/io/netty/netty-all/4.0.52.Final/netty-all-4.0.52.Final.jar:/home/user/.m2/repository/org/fusesource/leveldbjni/leveldbjni-all/1.8/leveldbjni-all-1.8.jar:"/>
    <property name="java.vm.vendor" value="IcedTea"/>
    <property name="sun.arch.data.model" value="64"/>
    <property name="test.build.dir" value="/workdir/hadoop-ozone/integration-test/target/test-dir"/>
    <property name="test.cache.data" value=""/>
    <property name="java.vendor.url" value="https://icedtea.classpath.org"/>
    <property name="user.timezone" value=""/>
    <property name="java.vm.specification.version" value="1.8"/>
    <property name="os.name" value="Linux"/>
    <property name="test.build.data" value="/workdir/hadoop-ozone/integration-test/target/test-dir"/>
    <property name="user.country" value="US"/>
    <property name="sun.java.launcher" value="SUN_STANDARD"/>
    <property name="sun.boot.library.path" value="/usr/lib/jvm/java-1.8-openjdk/jre/lib/amd64"/>
    <property name="sun.java.command" value="/workdir/hadoop-ozone/integration-test/target/surefire/surefirebooter5367516909845023969.jar /workdir/hadoop-ozone/integration-test/target/surefire 2019-08-24T11-30-58_863-jvmRun1 surefire5129061213318106606tmp surefire_891941017072459935686tmp"/>
    <property name="test" value="!TestMiniChaosOzoneCluster"/>
    <property name="surefire.test.class.path" value="/workdir/hadoop-ozone/integration-test/target/test-classes:/workdir/hadoop-ozone/integration-test/target/classes:/home/user/.m2/repository/org/apache/hadoop/hadoop-ozone-common/0.4.1-SNAPSHOT/hadoop-ozone-common-0.4.1-SNAPSHOT.jar:/home/user/.m2/repository/org/apache/commons/commons-compress/1.4.1/commons-compress-1.4.1.jar:/home/user/.m2/repository/org/tukaani/xz/1.0/xz-1.0.jar:/home/user/.m2/repository/org/apache/hadoop/hadoop-common/3.2.0/hadoop-common-3.2.0.jar:/home/user/.m2/repository/org/apache/hadoop/hadoop-hdfs/3.2.0/hadoop-hdfs-3.2.0.jar:/home/user/.m2/repository/org/apache/hadoop/hadoop-hdfs-client/3.2.0/hadoop-hdfs-client-3.2.0.jar:/home/user/.m2/repository/com/fasterxml/jackson/core/jackson-annotations/2.9.5/jackson-annotations-2.9.5.jar:/home/user/.m2/repository/org/apache/hadoop/hadoop-hdds-common/0.4.1-SNAPSHOT/hadoop-hdds-common-0.4.1-SNAPSHOT.jar:/home/user/.m2/repository/javax/annotation/javax.annotation-api/1.2/javax.annotation-api-1.2.jar:/home/user/.m2/repository/org/apache/ratis/ratis-server/0.4.0-2337318-SNAPSHOT/ratis-server-0.4.0-2337318-SNAPSHOT.jar:/home/user/.m2/repository/org/apache/ratis/ratis-thirdparty-misc/0.2.0/ratis-thirdparty-misc-0.2.0.jar:/home/user/.m2/repository/org/apache/ratis/ratis-proto/0.4.0-2337318-SNAPSHOT/ratis-proto-0.4.0-2337318-SNAPSHOT.jar:/home/user/.m2/repository/org/apache/ratis/ratis-common/0.4.0-2337318-SNAPSHOT/ratis-common-0.4.0-2337318-SNAPSHOT.jar:/home/user/.m2/repository/org/apache/ratis/ratis-client/0.4.0-2337318-SNAPSHOT/ratis-client-0.4.0-2337318-SNAPSHOT.jar:/home/user/.m2/repository/org/apache/ratis/ratis-metrics/0.4.0-2337318-SNAPSHOT/ratis-metrics-0.4.0-2337318-SNAPSHOT.jar:/home/user/.m2/repository/org/apache/ratis/ratis-netty/0.4.0-2337318-SNAPSHOT/ratis-netty-0.4.0-2337318-SNAPSHOT.jar:/home/user/.m2/repository/org/apache/ratis/ratis-grpc/0.4.0-2337318-SNAPSHOT/ratis-grpc-0.4.0-2337318-SNAPSHOT.jar:/home/user/.m2/repository/org/rocksdb/rocksdbjni/6.0.1/rocksdbjni-6.0.1.jar:/home/user/.m2/repository/org/apache/logging/log4j/log4j-api/2.11.0/log4j-api-2.11.0.jar:/home/user/.m2/repository/org/apache/logging/log4j/log4j-core/2.11.0/log4j-core-2.11.0.jar:/home/user/.m2/repository/com/lmax/disruptor/3.4.2/disruptor-3.4.2.jar:/home/user/.m2/repository/org/apache/commons/commons-pool2/2.6.0/commons-pool2-2.6.0.jar:/home/user/.m2/repository/org/bouncycastle/bcpkix-jdk15on/1.60/bcpkix-jdk15on-1.60.jar:/home/user/.m2/repository/commons-validator/commons-validator/1.6/commons-validator-1.6.jar:/home/user/.m2/repository/commons-digester/commons-digester/1.8.1/commons-digester-1.8.1.jar:/home/user/.m2/repository/io/jaegertracing/jaeger-client/0.33.1/jaeger-client-0.33.1.jar:/home/user/.m2/repository/io/jaegertracing/jaeger-thrift/0.33.1/jaeger-thrift-0.33.1.jar:/home/user/.m2/repository/org/apache/thrift/libthrift/0.11.0/libthrift-0.11.0.jar:/home/user/.m2/repository/com/squareup/okhttp3/okhttp/3.9.0/okhttp-3.9.0.jar:/home/user/.m2/repository/com/squareup/okio/okio/1.13.0/okio-1.13.0.jar:/home/user/.m2/repository/io/jaegertracing/jaeger-core/0.33.1/jaeger-core-0.33.1.jar:/home/user/.m2/repository/io/jaegertracing/jaeger-tracerresolver/0.33.1/jaeger-tracerresolver-0.33.1.jar:/home/user/.m2/repository/io/opentracing/contrib/opentracing-tracerresolver/0.1.5/opentracing-tracerresolver-0.1.5.jar:/home/user/.m2/repository/io/opentracing/opentracing-util/0.31.0/opentracing-util-0.31.0.jar:/home/user/.m2/repository/io/opentracing/opentracing-api/0.31.0/opentracing-api-0.31.0.jar:/home/user/.m2/repository/io/opentracing/opentracing-noop/0.31.0/opentracing-noop-0.31.0.jar:/home/user/.m2/repository/org/apache/hadoop/hadoop-hdds-server-framework/0.4.1-SNAPSHOT/hadoop-hdds-server-framework-0.4.1-SNAPSHOT.jar:/home/user/.m2/repository/org/apache/hadoop/hadoop-hdds-container-service/0.4.1-SNAPSHOT/hadoop-hdds-container-service-0.4.1-SNAPSHOT.jar:/home/user/.m2/repository/org/apache/hadoop/hadoop-hdds-client/0.4.1-SNAPSHOT/hadoop-hdds-client-0.4.1-SNAPSHOT.jar:/home/user/.m2/repository/org/apache/hadoop/hadoop-hdds-tools/0.4.1-SNAPSHOT/hadoop-hdds-tools-0.4.1-SNAPSHOT.jar:/home/user/.m2/repository/org/apache/hadoop/hadoop-hdds-server-scm/0.4.1-SNAPSHOT/hadoop-hdds-server-scm-0.4.1-SNAPSHOT.jar:/home/user/.m2/repository/org/apache/hadoop/hadoop-hdds-docs/0.4.1-SNAPSHOT/hadoop-hdds-docs-0.4.1-SNAPSHOT.jar:/home/user/.m2/repository/io/dropwizard/metrics/metrics-core/3.2.4/metrics-core-3.2.4.jar:/home/user/.m2/repository/org/hamcrest/hamcrest-all/1.3/hamcrest-all-1.3.jar:/home/user/.m2/repository/org/bouncycastle/bcprov-jdk15on/1.60/bcprov-jdk15on-1.60.jar:/home/user/.m2/repository/info/picocli/picocli/3.9.6/picocli-3.9.6.jar:/home/user/.m2/repository/com/google/protobuf/protobuf-java/2.5.0/protobuf-java-2.5.0.jar:/home/user/.m2/repository/com/google/guava/guava/11.0.2/guava-11.0.2.jar:/home/user/.m2/repository/org/apache/hadoop/hadoop-ozone-ozone-manager/0.4.1-SNAPSHOT/hadoop-ozone-ozone-manager-0.4.1-SNAPSHOT.jar:/home/user/.m2/repository/org/apache/hadoop/hadoop-minikdc/3.2.0/hadoop-minikdc-3.2.0.jar:/home/user/.m2/repository/commons-io/commons-io/2.5/commons-io-2.5.jar:/home/user/.m2/repository/org/apache/kerby/kerb-simplekdc/1.0.1/kerb-simplekdc-1.0.1.jar:/home/user/.m2/repository/org/apache/kerby/kerb-client/1.0.1/kerb-client-1.0.1.jar:/home/user/.m2/repository/org/apache/kerby/kerby-config/1.0.1/kerby-config-1.0.1.jar:/home/user/.m2/repository/org/apache/kerby/kerb-core/1.0.1/kerb-core-1.0.1.jar:/home/user/.m2/repository/org/apache/kerby/kerby-pkix/1.0.1/kerby-pkix-1.0.1.jar:/home/user/.m2/repository/org/apache/kerby/kerby-asn1/1.0.1/kerby-asn1-1.0.1.jar:/home/user/.m2/repository/org/apache/kerby/kerby-util/1.0.1/kerby-util-1.0.1.jar:/home/user/.m2/repository/org/apache/kerby/kerb-common/1.0.1/kerb-common-1.0.1.jar:/home/user/.m2/repository/org/apache/kerby/kerb-crypto/1.0.1/kerb-crypto-1.0.1.jar:/home/user/.m2/repository/org/apache/kerby/kerb-util/1.0.1/kerb-util-1.0.1.jar:/home/user/.m2/repository/org/apache/kerby/token-provider/1.0.1/token-provider-1.0.1.jar:/home/user/.m2/repository/org/apache/kerby/kerb-admin/1.0.1/kerb-admin-1.0.1.jar:/home/user/.m2/repository/org/apache/kerby/kerb-server/1.0.1/kerb-server-1.0.1.jar:/home/user/.m2/repository/org/apache/kerby/kerb-identity/1.0.1/kerb-identity-1.0.1.jar:/home/user/.m2/repository/org/apache/kerby/kerby-xdr/1.0.1/kerby-xdr-1.0.1.jar:/home/user/.m2/repository/org/slf4j/slf4j-log4j12/1.7.25/slf4j-log4j12-1.7.25.jar:/home/user/.m2/repository/org/apache/hadoop/hadoop-ozone-objectstore-service/0.4.1-SNAPSHOT/hadoop-ozone-objectstore-service-0.4.1-SNAPSHOT.jar:/home/user/.m2/repository/org/apache/hadoop/hadoop-ozone-s3gateway/0.4.1-SNAPSHOT/hadoop-ozone-s3gateway-0.4.1-SNAPSHOT.jar:/home/user/.m2/repository/org/jboss/weld/servlet/weld-servlet/2.4.7.Final/weld-servlet-2.4.7.Final.jar:/home/user/.m2/repository/org/glassfish/jersey/containers/jersey-container-servlet-core/2.27/jersey-container-servlet-core-2.27.jar:/home/user/.m2/repository/org/glassfish/hk2/external/javax.inject/2.5.0-b42/javax.inject-2.5.0-b42.jar:/home/user/.m2/repository/org/glassfish/jersey/core/jersey-common/2.27/jersey-common-2.27.jar:/home/user/.m2/repository/org/glassfish/hk2/osgi-resource-locator/1.0.1/osgi-resource-locator-1.0.1.jar:/home/user/.m2/repository/javax/ws/rs/javax.ws.rs-api/2.1/javax.ws.rs-api-2.1.jar:/home/user/.m2/repository/org/glassfish/jersey/ext/cdi/jersey-cdi1x/2.27/jersey-cdi1x-2.27.jar:/home/user/.m2/repository/org/glassfish/jersey/inject/jersey-hk2/2.27/jersey-hk2-2.27.jar:/home/user/.m2/repository/org/glassfish/hk2/hk2-locator/2.5.0-b42/hk2-locator-2.5.0-b42.jar:/home/user/.m2/repository/org/javassist/javassist/3.22.0-CR2/javassist-3.22.0-CR2.jar:/home/user/.m2/repository/org/glassfish/hk2/hk2-api/2.5.0/hk2-api-2.5.0.jar:/home/user/.m2/repository/org/glassfish/hk2/external/jakarta.inject/2.5.0/jakarta.inject-2.5.0.jar:/home/user/.m2/repository/org/glassfish/hk2/hk2-utils/2.5.0/hk2-utils-2.5.0.jar:/home/user/.m2/repository/jakarta/annotation/jakarta.annotation-api/1.3.4/jakarta.annotation-api-1.3.4.jar:/home/user/.m2/repository/org/glassfish/hk2/external/aopalliance-repackaged/2.5.0/aopalliance-repackaged-2.5.0.jar:/home/user/.m2/repository/com/fasterxml/jackson/dataformat/jackson-dataformat-xml/2.9.0/jackson-dataformat-xml-2.9.0.jar:/home/user/.m2/repository/com/fasterxml/jackson/core/jackson-core/2.9.5/jackson-core-2.9.5.jar:/home/user/.m2/repository/com/fasterxml/jackson/module/jackson-module-jaxb-annotations/2.9.5/jackson-module-jaxb-annotations-2.9.5.jar:/home/user/.m2/repository/javax/enterprise/cdi-api/1.2/cdi-api-1.2.jar:/home/user/.m2/repository/javax/el/javax.el-api/3.0.0/javax.el-api-3.0.0.jar:/home/user/.m2/repository/javax/interceptor/javax.interceptor-api/1.2/javax.interceptor-api-1.2.jar:/home/user/.m2/repository/javax/inject/javax.inject/1/javax.inject-1.jar:/home/user/.m2/repository/com/sun/xml/bind/jaxb-impl/2.3.0.1/jaxb-impl-2.3.0.1.jar:/home/user/.m2/repository/com/sun/xml/bind/jaxb-core/2.3.0.1/jaxb-core-2.3.0.1.jar:/home/user/.m2/repository/javax/xml/bind/jaxb-api/2.3.0/jaxb-api-2.3.0.jar:/home/user/.m2/repository/javax/activation/activation/1.1.1/activation-1.1.1.jar:/home/user/.m2/repository/org/apache/hadoop/hadoop-ozone-csi/0.4.1-SNAPSHOT/hadoop-ozone-csi-0.4.1-SNAPSHOT.jar:/home/user/.m2/repository/com/google/protobuf/protobuf-java-util/3.5.1/protobuf-java-util-3.5.1.jar:/home/user/.m2/repository/org/apache/hadoop/hadoop-hdds-config/0.4.1-SNAPSHOT/hadoop-hdds-config-0.4.1-SNAPSHOT.jar:/home/user/.m2/repository/io/grpc/grpc-netty/1.17.1/grpc-netty-1.17.1.jar:/home/user/.m2/repository/io/grpc/grpc-core/1.17.1/grpc-core-1.17.1.jar:/home/user/.m2/repository/io/grpc/grpc-context/1.17.1/grpc-context-1.17.1.jar:/home/user/.m2/repository/com/google/errorprone/error_prone_annotations/2.2.0/error_prone_annotations-2.2.0.jar:/home/user/.m2/repository/org/codehaus/mojo/animal-sniffer-annotations/1.17/animal-sniffer-annotations-1.17.jar:/home/user/.m2/repository/io/opencensus/opencensus-api/0.17.0/opencensus-api-0.17.0.jar:/home/user/.m2/repository/io/opencensus/opencensus-contrib-grpc-metrics/0.17.0/opencensus-contrib-grpc-metrics-0.17.0.jar:/home/user/.m2/repository/io/netty/netty-codec-http2/4.1.30.Final/netty-codec-http2-4.1.30.Final.jar:/home/user/.m2/repository/io/netty/netty-codec-http/4.1.30.Final/netty-codec-http-4.1.30.Final.jar:/home/user/.m2/repository/io/netty/netty-codec/4.1.30.Final/netty-codec-4.1.30.Final.jar:/home/user/.m2/repository/io/netty/netty-handler/4.1.30.Final/netty-handler-4.1.30.Final.jar:/home/user/.m2/repository/io/netty/netty-handler-proxy/4.1.30.Final/netty-handler-proxy-4.1.30.Final.jar:/home/user/.m2/repository/io/netty/netty-codec-socks/4.1.30.Final/netty-codec-socks-4.1.30.Final.jar:/home/user/.m2/repository/io/netty/netty-transport-native-epoll/4.1.30.Final/netty-transport-native-epoll-4.1.30.Final.jar:/home/user/.m2/repository/io/netty/netty-common/4.1.30.Final/netty-common-4.1.30.Final.jar:/home/user/.m2/repository/io/netty/netty-buffer/4.1.30.Final/netty-buffer-4.1.30.Final.jar:/home/user/.m2/repository/io/netty/netty-transport/4.1.30.Final/netty-transport-4.1.30.Final.jar:/home/user/.m2/repository/io/netty/netty-resolver/4.1.30.Final/netty-resolver-4.1.30.Final.jar:/home/user/.m2/repository/io/netty/netty-transport-native-unix-common/4.1.30.Final/netty-transport-native-unix-common-4.1.30.Final.jar:/home/user/.m2/repository/io/grpc/grpc-protobuf/1.17.1/grpc-protobuf-1.17.1.jar:/home/user/.m2/repository/com/google/api/grpc/proto-google-common-protos/1.0.0/proto-google-common-protos-1.0.0.jar:/home/user/.m2/repository/io/grpc/grpc-protobuf-lite/1.17.1/grpc-protobuf-lite-1.17.1.jar:/home/user/.m2/repository/io/grpc/grpc-stub/1.17.1/grpc-stub-1.17.1.jar:/home/user/.m2/repository/org/apache/hadoop/hadoop-ozone-recon/0.4.1-SNAPSHOT/hadoop-ozone-recon-0.4.1-SNAPSHOT.jar:/home/user/.m2/repository/org/apache/hadoop/hadoop-ozone-reconcodegen/0.4.1-SNAPSHOT/hadoop-ozone-reconcodegen-0.4.1-SNAPSHOT.jar:/home/user/.m2/repository/com/google/inject/extensions/guice-multibindings/4.0/guice-multibindings-4.0.jar:/home/user/.m2/repository/com/google/inject/guice/4.0/guice-4.0.jar:/home/user/.m2/repository/aopalliance/aopalliance/1.0/aopalliance-1.0.jar:/home/user/.m2/repository/com/google/inject/extensions/guice-servlet/4.0/guice-servlet-4.0.jar:/home/user/.m2/repository/org/glassfish/jersey/containers/jersey-container-servlet/2.27/jersey-container-servlet-2.27.jar:/home/user/.m2/repository/org/glassfish/hk2/guice-bridge/2.5.0/guice-bridge-2.5.0.jar:/home/user/.m2/repository/org/glassfish/jersey/core/jersey-server/2.27/jersey-server-2.27.jar:/home/user/.m2/repository/org/glassfish/jersey/core/jersey-client/2.27/jersey-client-2.27.jar:/home/user/.m2/repository/org/glassfish/jersey/media/jersey-media-jaxb/2.27/jersey-media-jaxb-2.27.jar:/home/user/.m2/repository/javax/validation/validation-api/1.1.0.Final/validation-api-1.1.0.Final.jar:/home/user/.m2/repository/org/glassfish/jersey/media/jersey-media-json-jackson/2.27/jersey-media-json-jackson-2.27.jar:/home/user/.m2/repository/org/glassfish/jersey/ext/jersey-entity-filtering/2.27/jersey-entity-filtering-2.27.jar:/home/user/.m2/repository/com/google/inject/extensions/guice-assistedinject/4.0/guice-assistedinject-4.0.jar:/home/user/.m2/repository/org/jooq/jooq/3.11.10/jooq-3.11.10.jar:/home/user/.m2/repository/org/jooq/jooq-meta/3.11.10/jooq-meta-3.11.10.jar:/home/user/.m2/repository/org/jooq/jooq-codegen/3.11.10/jooq-codegen-3.11.10.jar:/home/user/.m2/repository/com/jolbox/bonecp/0.8.0.RELEASE/bonecp-0.8.0.RELEASE.jar:/home/user/.m2/repository/org/xerial/sqlite-jdbc/3.25.2/sqlite-jdbc-3.25.2.jar:/home/user/.m2/repository/org/springframework/spring-jdbc/5.1.3.RELEASE/spring-jdbc-5.1.3.RELEASE.jar:/home/user/.m2/repository/org/springframework/spring-beans/5.1.3.RELEASE/spring-beans-5.1.3.RELEASE.jar:/home/user/.m2/repository/org/springframework/spring-core/5.1.3.RELEASE/spring-core-5.1.3.RELEASE.jar:/home/user/.m2/repository/org/springframework/spring-jcl/5.1.3.RELEASE/spring-jcl-5.1.3.RELEASE.jar:/home/user/.m2/repository/org/springframework/spring-tx/5.1.3.RELEASE/spring-tx-5.1.3.RELEASE.jar:/home/user/.m2/repository/org/apache/hadoop/hadoop-ozone-client/0.4.1-SNAPSHOT/hadoop-ozone-client-0.4.1-SNAPSHOT.jar:/home/user/.m2/repository/commons-lang/commons-lang/2.6/commons-lang-2.6.jar:/home/user/.m2/repository/org/apache/hadoop/hadoop-ozone-ozone-manager/0.4.1-SNAPSHOT/hadoop-ozone-ozone-manager-0.4.1-SNAPSHOT-tests.jar:/home/user/.m2/repository/junit/junit/4.11/junit-4.11.jar:/home/user/.m2/repository/org/hamcrest/hamcrest-core/1.3/hamcrest-core-1.3.jar:/home/user/.m2/repository/org/openjdk/jmh/jmh-core/1.19/jmh-core-1.19.jar:/home/user/.m2/repository/net/sf/jopt-simple/jopt-simple/4.6/jopt-simple-4.6.jar:/home/user/.m2/repository/org/apache/commons/commons-math3/3.1.1/commons-math3-3.1.1.jar:/home/user/.m2/repository/org/openjdk/jmh/jmh-generator-annprocess/1.19/jmh-generator-annprocess-1.19.jar:/home/user/.m2/repository/org/mockito/mockito-all/1.8.5/mockito-all-1.8.5.jar:/home/user/.m2/repository/org/apache/hadoop/hadoop-kms/3.2.0/hadoop-kms-3.2.0.jar:/home/user/.m2/repository/org/apache/hadoop/hadoop-auth/3.2.0/hadoop-auth-3.2.0.jar:/home/user/.m2/repository/com/nimbusds/nimbus-jose-jwt/4.41.1/nimbus-jose-jwt-4.41.1.jar:/home/user/.m2/repository/com/github/stephenc/jcip/jcip-annotations/1.0-1/jcip-annotations-1.0-1.jar:/home/user/.m2/repository/net/minidev/json-smart/2.3/json-smart-2.3.jar:/home/user/.m2/repository/net/minidev/accessors-smart/1.2/accessors-smart-1.2.jar:/home/user/.m2/repository/org/ow2/asm/asm/5.0.4/asm-5.0.4.jar:/home/user/.m2/repository/org/apache/curator/curator-framework/2.12.0/curator-framework-2.12.0.jar:/home/user/.m2/repository/com/sun/jersey/jersey-core/1.19/jersey-core-1.19.jar:/home/user/.m2/repository/javax/ws/rs/jsr311-api/1.1.1/jsr311-api-1.1.1.jar:/home/user/.m2/repository/com/sun/jersey/jersey-server/1.19/jersey-server-1.19.jar:/home/user/.m2/repository/javax/servlet/javax.servlet-api/3.1.0/javax.servlet-api-3.1.0.jar:/home/user/.m2/repository/org/eclipse/jetty/jetty-server/9.3.24.v20180605/jetty-server-9.3.24.v20180605.jar:/home/user/.m2/repository/org/eclipse/jetty/jetty-http/9.3.24.v20180605/jetty-http-9.3.24.v20180605.jar:/home/user/.m2/repository/org/eclipse/jetty/jetty-io/9.3.24.v20180605/jetty-io-9.3.24.v20180605.jar:/home/user/.m2/repository/org/eclipse/jetty/jetty-webapp/9.3.24.v20180605/jetty-webapp-9.3.24.v20180605.jar:/home/user/.m2/repository/org/eclipse/jetty/jetty-xml/9.3.24.v20180605/jetty-xml-9.3.24.v20180605.jar:/home/user/.m2/repository/log4j/log4j/1.2.17/log4j-1.2.17.jar:/home/user/.m2/repository/org/slf4j/slf4j-api/1.7.25/slf4j-api-1.7.25.jar:/home/user/.m2/repository/org/slf4j/jul-to-slf4j/1.7.25/jul-to-slf4j-1.7.25.jar:/home/user/.m2/repository/org/eclipse/jetty/jetty-util/9.3.24.v20180605/jetty-util-9.3.24.v20180605.jar:/home/user/.m2/repository/com/fasterxml/jackson/core/jackson-databind/2.9.5/jackson-databind-2.9.5.jar:/home/user/.m2/repository/org/apache/hadoop/hadoop-kms/3.2.0/hadoop-kms-3.2.0-tests.jar:/home/user/.m2/repository/org/apache/hadoop/hadoop-hdds-server-scm/0.4.1-SNAPSHOT/hadoop-hdds-server-scm-0.4.1-SNAPSHOT-tests.jar:/home/user/.m2/repository/org/apache/hadoop/hadoop-hdds-container-service/0.4.1-SNAPSHOT/hadoop-hdds-container-service-0.4.1-SNAPSHOT-tests.jar:/home/user/.m2/repository/org/yaml/snakeyaml/1.16/snakeyaml-1.16.jar:/home/user/.m2/repository/org/apache/hadoop/hadoop-common/3.2.0/hadoop-common-3.2.0-tests.jar:/home/user/.m2/repository/org/apache/hadoop/hadoop-annotations/3.2.0/hadoop-annotations-3.2.0.jar:/usr/lib/jvm/java-1.8-openjdk/jre/../lib/tools.jar:/home/user/.m2/repository/commons-cli/commons-cli/1.2/commons-cli-1.2.jar:/home/user/.m2/repository/org/apache/httpcomponents/httpclient/4.5.2/httpclient-4.5.2.jar:/home/user/.m2/repository/org/apache/httpcomponents/httpcore/4.4.4/httpcore-4.4.4.jar:/home/user/.m2/repository/commons-codec/commons-codec/1.11/commons-codec-1.11.jar:/home/user/.m2/repository/commons-net/commons-net/3.6/commons-net-3.6.jar:/home/user/.m2/repository/commons-collections/commons-collections/3.2.2/commons-collections-3.2.2.jar:/home/user/.m2/repository/org/eclipse/jetty/jetty-servlet/9.3.24.v20180605/jetty-servlet-9.3.24.v20180605.jar:/home/user/.m2/repository/org/eclipse/jetty/jetty-security/9.3.24.v20180605/jetty-security-9.3.24.v20180605.jar:/home/user/.m2/repository/javax/servlet/jsp/jsp-api/2.1/jsp-api-2.1.jar:/home/user/.m2/repository/com/sun/jersey/jersey-servlet/1.19/jersey-servlet-1.19.jar:/home/user/.m2/repository/com/sun/jersey/jersey-json/1.19/jersey-json-1.19.jar:/home/user/.m2/repository/org/codehaus/jettison/jettison/1.1/jettison-1.1.jar:/home/user/.m2/repository/org/codehaus/jackson/jackson-core-asl/1.9.13/jackson-core-asl-1.9.13.jar:/home/user/.m2/repository/org/codehaus/jackson/jackson-mapper-asl/1.9.13/jackson-mapper-asl-1.9.13.jar:/home/user/.m2/repository/org/codehaus/jackson/jackson-jaxrs/1.9.13/jackson-jaxrs-1.9.13.jar:/home/user/.m2/repository/org/codehaus/jackson/jackson-xc/1.9.13/jackson-xc-1.9.13.jar:/home/user/.m2/repository/commons-logging/commons-logging/1.1.3/commons-logging-1.1.3.jar:/home/user/.m2/repository/commons-beanutils/commons-beanutils/1.9.3/commons-beanutils-1.9.3.jar:/home/user/.m2/repository/org/apache/commons/commons-configuration2/2.1.1/commons-configuration2-2.1.1.jar:/home/user/.m2/repository/org/apache/commons/commons-lang3/3.7/commons-lang3-3.7.jar:/home/user/.m2/repository/org/apache/commons/commons-text/1.4/commons-text-1.4.jar:/home/user/.m2/repository/org/apache/avro/avro/1.7.7/avro-1.7.7.jar:/home/user/.m2/repository/com/thoughtworks/paranamer/paranamer/2.3/paranamer-2.3.jar:/home/user/.m2/repository/org/xerial/snappy/snappy-java/1.0.5/snappy-java-1.0.5.jar:/home/user/.m2/repository/com/google/re2j/re2j/1.1/re2j-1.1.jar:/home/user/.m2/repository/com/google/code/gson/gson/2.2.4/gson-2.2.4.jar:/home/user/.m2/repository/com/jcraft/jsch/0.1.54/jsch-0.1.54.jar:/home/user/.m2/repository/org/apache/curator/curator-client/2.12.0/curator-client-2.12.0.jar:/home/user/.m2/repository/org/apache/curator/curator-recipes/2.12.0/curator-recipes-2.12.0.jar:/home/user/.m2/repository/com/google/code/findbugs/jsr305/3.0.0/jsr305-3.0.0.jar:/home/user/.m2/repository/org/apache/htrace/htrace-core4/4.1.0-incubating/htrace-core4-4.1.0-incubating.jar:/home/user/.m2/repository/org/apache/zookeeper/zookeeper/3.4.13/zookeeper-3.4.13.jar:/home/user/.m2/repository/org/apache/yetus/audience-annotations/0.5.0/audience-annotations-0.5.0.jar:/home/user/.m2/repository/org/codehaus/woodstox/stax2-api/3.1.4/stax2-api-3.1.4.jar:/home/user/.m2/repository/com/fasterxml/woodstox/woodstox-core/5.0.3/woodstox-core-5.0.3.jar:/home/user/.m2/repository/dnsjava/dnsjava/2.1.7/dnsjava-2.1.7.jar:/home/user/.m2/repository/org/apache/hadoop/hadoop-hdfs/3.2.0/hadoop-hdfs-3.2.0-tests.jar:/home/user/.m2/repository/org/eclipse/jetty/jetty-util-ajax/9.3.24.v20180605/jetty-util-ajax-9.3.24.v20180605.jar:/home/user/.m2/repository/commons-daemon/commons-daemon/1.0.13/commons-daemon-1.0.13.jar:/home/user/.m2/repository/io/netty/netty/3.10.5.Final/netty-3.10.5.Final.jar:/home/user/.m2/repository/io/netty/netty-all/4.0.52.Final/netty-all-4.0.52.Final.jar:/home/user/.m2/repository/org/fusesource/leveldbjni/leveldbjni-all/1.8/leveldbjni-all-1.8.jar:"/>
    <property name="sun.cpu.endian" value="little"/>
    <property name="user.home" value="/home/user"/>
    <property name="user.language" value="en"/>
    <property name="java.specification.vendor" value="Oracle Corporation"/>
    <property name="java.home" value="/usr/lib/jvm/java-1.8-openjdk/jre"/>
    <property name="java.security.krb5.conf" value="/workdir/hadoop-ozone/integration-test/target/test-classes/krb5.conf"/>
    <property name="basedir" value="/workdir/hadoop-ozone/integration-test"/>
    <property name="file.separator" value="/"/>
    <property name="line.separator" value="&#10;"/>
    <property name="java.vm.specification.vendor" value="Oracle Corporation"/>
    <property name="java.specification.name" value="Java Platform API Specification"/>
    <property name="java.awt.graphicsenv" value="sun.awt.X11GraphicsEnvironment"/>
    <property name="surefire.real.class.path" value="/workdir/hadoop-ozone/integration-test/target/surefire/surefirebooter5367516909845023969.jar"/>
    <property name="hadoop.log.dir" value="/workdir/hadoop-ozone/integration-test/target/log"/>
    <property name="sun.boot.class.path" value="/usr/lib/jvm/java-1.8-openjdk/jre/lib/resources.jar:/usr/lib/jvm/java-1.8-openjdk/jre/lib/rt.jar:/usr/lib/jvm/java-1.8-openjdk/jre/lib/sunrsasign.jar:/usr/lib/jvm/java-1.8-openjdk/jre/lib/jsse.jar:/usr/lib/jvm/java-1.8-openjdk/jre/lib/jce.jar:/usr/lib/jvm/java-1.8-openjdk/jre/lib/charsets.jar:/usr/lib/jvm/java-1.8-openjdk/jre/lib/jfr.jar:/usr/lib/jvm/java-1.8-openjdk/jre/classes"/>
    <property name="sun.management.compiler" value="HotSpot 64-Bit Tiered Compilers"/>
    <property name="java.runtime.version" value="1.8.0_212-b04"/>
    <property name="java.net.preferIPv4Stack" value="true"/>
    <property name="user.name" value="jenkins1000"/>
    <property name="path.separator" value=":"/>
    <property name="java.security.egd" value="file:///dev/urandom"/>
    <property name="os.version" value="3.10.0-957.12.2.el7.x86_64"/>
    <property name="java.endorsed.dirs" value="/usr/lib/jvm/java-1.8-openjdk/jre/lib/endorsed"/>
    <property name="java.runtime.name" value="OpenJDK Runtime Environment"/>
    <property name="file.encoding" value="UTF-8"/>
    <property name="java.vm.name" value="OpenJDK 64-Bit Server VM"/>
    <property name="test.build.webapps" value=""/>
    <property name="localRepository" value="/home/user/.m2/repository"/>
    <property name="java.vendor.url.bug" value="https://icedtea.classpath.org/bugzilla"/>
    <property name="java.io.tmpdir" value="/tmp"/>
    <property name="require.test.libhadoop" value=""/>
    <property name="java.version" value="1.8.0_212"/>
    <property name="user.dir" value="/workdir/hadoop-ozone/integration-test"/>
    <property name="os.arch" value="amd64"/>
    <property name="java.vm.specification.name" value="Java Virtual Machine Specification"/>
    <property name="test.build.classes" value="/workdir/hadoop-ozone/integration-test/target/test-classes"/>
    <property name="java.awt.printerjob" value="sun.print.PSPrinterJob"/>
    <property name="sun.os.patch.level" value="unknown"/>
    <property name="hadoop.tmp.dir" value="/workdir/hadoop-ozone/integration-test/target/tmp"/>
    <property name="java.library.path" value="/usr/lib/jvm/java-1.8-openjdk/jre/lib/amd64/server:/usr/lib/jvm/java-1.8-openjdk/jre/lib/amd64:/usr/lib/jvm/java-1.8-openjdk/jre/../lib/amd64:/workdir/hadoop-ozone/integration-test/target/native/target/usr/local/lib:/workdir/hadoop-ozone/integration-test/../../hadoop-common-project/hadoop-common/target/native/target/usr/local/lib:/usr/java/packages/lib/amd64:/usr/lib64:/lib64:/lib:/usr/lib"/>
    <property name="java.vm.info" value="mixed mode"/>
    <property name="java.vendor" value="IcedTea"/>
    <property name="java.vm.version" value="25.212-b04"/>
    <property name="java.ext.dirs" value="/usr/lib/jvm/java-1.8-openjdk/jre/lib/ext:/usr/java/packages/lib/ext"/>
    <property name="sun.io.unicode.encoding" value="UnicodeLittle"/>
    <property name="java.class.version" value="52.0"/>
  </properties>
  <testcase name="testAutomaticPipelineCreationOnPipelineDestroy" classname="org.apache.hadoop.hdds.scm.pipeline.TestRatisPipelineCreateAndDestory" time="28.905"/>
  <testcase name="testPipelineCreationOnNodeRestart" classname="org.apache.hadoop.hdds.scm.pipeline.TestRatisPipelineCreateAndDestory" time="40.582">
    <error message="test timed out after 30000 milliseconds" type="java.lang.Exception">java.lang.Exception: test timed out after 30000 milliseconds
	at java.lang.Thread.sleep(Native Method)
	at org.apache.hadoop.test.GenericTestUtils.waitFor(GenericTestUtils.java:382)
	at org.apache.hadoop.hdds.scm.pipeline.TestRatisPipelineCreateAndDestory.waitForPipelines(TestRatisPipelineCreateAndDestory.java:126)
	at org.apache.hadoop.hdds.scm.pipeline.TestRatisPipelineCreateAndDestory.testPipelineCreationOnNodeRestart(TestRatisPipelineCreateAndDestory.java:121)
	at sun.reflect.NativeMethodAccessorImpl.invoke0(Native Method)
	at sun.reflect.NativeMethodAccessorImpl.invoke(NativeMethodAccessorImpl.java:62)
	at sun.reflect.DelegatingMethodAccessorImpl.invoke(DelegatingMethodAccessorImpl.java:43)
	at java.lang.reflect.Method.invoke(Method.java:498)
	at org.junit.runners.model.FrameworkMethod$1.runReflectiveCall(FrameworkMethod.java:47)
	at org.junit.internal.runners.model.ReflectiveCallable.run(ReflectiveCallable.java:12)
	at org.junit.runners.model.FrameworkMethod.invokeExplosively(FrameworkMethod.java:44)
	at org.junit.internal.runners.statements.InvokeMethod.evaluate(InvokeMethod.java:17)
	at org.junit.internal.runners.statements.FailOnTimeout$StatementThread.run(FailOnTimeout.java:74)
</error>
    <system-out><![CDATA[2019-08-24 12:53:42,250 WARN  server.ServerUtils (ServerUtils.java:getScmDbDir(145)) - ozone.scm.db.dirs is not configured. We recommend adding this setting. Falling back to ozone.metadata.dirs instead.
2019-08-24 12:53:42,266 WARN  server.ServerUtils (ServerUtils.java:getScmDbDir(145)) - ozone.scm.db.dirs is not configured. We recommend adding this setting. Falling back to ozone.metadata.dirs instead.
2019-08-24 12:53:42,266 WARN  server.ServerUtils (ServerUtils.java:getScmDbDir(145)) - ozone.scm.db.dirs is not configured. We recommend adding this setting. Falling back to ozone.metadata.dirs instead.
2019-08-24 12:53:42,267 INFO  db.DBStoreBuilder (DBStoreBuilder.java:addTable(110)) - using custom profile for table: deletedBlocks
2019-08-24 12:53:42,267 INFO  db.DBStoreBuilder (DBStoreBuilder.java:processTables(161)) - Using default column profile:DBProfile.DISK for Table:deletedBlocks
2019-08-24 12:53:42,267 INFO  db.DBStoreBuilder (DBStoreBuilder.java:addTable(110)) - using custom profile for table: validCerts
2019-08-24 12:53:42,268 INFO  db.DBStoreBuilder (DBStoreBuilder.java:processTables(161)) - Using default column profile:DBProfile.DISK for Table:validCerts
2019-08-24 12:53:42,268 INFO  db.DBStoreBuilder (DBStoreBuilder.java:addTable(110)) - using custom profile for table: revokedCerts
2019-08-24 12:53:42,268 INFO  db.DBStoreBuilder (DBStoreBuilder.java:processTables(161)) - Using default column profile:DBProfile.DISK for Table:revokedCerts
2019-08-24 12:53:42,269 INFO  db.DBStoreBuilder (DBStoreBuilder.java:addTable(110)) - using custom profile for table: default
2019-08-24 12:53:42,269 INFO  db.DBStoreBuilder (DBStoreBuilder.java:processTables(167)) - Using default column profile:DBProfile.DISK for Table:default
2019-08-24 12:53:42,269 INFO  db.DBStoreBuilder (DBStoreBuilder.java:getDbProfile(198)) - Using default options. DBProfile.DISK
2019-08-24 12:53:42,733 INFO  net.NodeSchemaLoader (NodeSchemaLoader.java:loadSchemaFromFile(125)) - Loading file from sun.misc.CompoundEnumeration@44466020
2019-08-24 12:53:42,733 INFO  net.NodeSchemaLoader (NodeSchemaLoader.java:loadSchema(171)) - Loading network topology layer schema file
2019-08-24 12:53:42,740 INFO  node.SCMNodeManager (SCMNodeManager.java:<init>(121)) - Entering startup safe mode.
2019-08-24 12:53:42,741 WARN  server.ServerUtils (ServerUtils.java:getScmDbDir(145)) - ozone.scm.db.dirs is not configured. We recommend adding this setting. Falling back to ozone.metadata.dirs instead.
2019-08-24 12:53:42,837 INFO  pipeline.SCMPipelineManager (SCMPipelineManager.java:initializePipelineState(126)) - No pipeline exists in current db
2019-08-24 12:53:42,838 WARN  server.ServerUtils (ServerUtils.java:getScmDbDir(145)) - ozone.scm.db.dirs is not configured. We recommend adding this setting. Falling back to ozone.metadata.dirs instead.
2019-08-24 12:53:43,039 WARN  events.EventQueue (EventQueue.java:fireEvent(175)) - No event handler registered for event TypedEvent{payloadType=SafeModeStatus, name='SafeModeStatus'}
2019-08-24 12:53:43,040 INFO  ipc.CallQueueManager (CallQueueManager.java:<init>(84)) - Using callQueue: class java.util.concurrent.LinkedBlockingQueue, queueCapacity: 2000, scheduler: class org.apache.hadoop.ipc.DefaultRpcScheduler, ipcBackoff: false.
2019-08-24 12:53:43,041 INFO  ipc.Server (Server.java:run(1074)) - Starting Socket Reader #1 for port 33278
2019-08-24 12:53:43,043 INFO  ipc.CallQueueManager (CallQueueManager.java:<init>(84)) - Using callQueue: class java.util.concurrent.LinkedBlockingQueue, queueCapacity: 2000, scheduler: class org.apache.hadoop.ipc.DefaultRpcScheduler, ipcBackoff: false.
2019-08-24 12:53:43,044 INFO  ipc.Server (Server.java:run(1074)) - Starting Socket Reader #1 for port 40779
2019-08-24 12:53:43,046 INFO  ipc.CallQueueManager (CallQueueManager.java:<init>(84)) - Using callQueue: class java.util.concurrent.LinkedBlockingQueue, queueCapacity: 2000, scheduler: class org.apache.hadoop.ipc.DefaultRpcScheduler, ipcBackoff: false.
2019-08-24 12:53:43,047 INFO  ipc.Server (Server.java:run(1074)) - Starting Socket Reader #1 for port 34824
2019-08-24 12:53:43,049 INFO  hdfs.DFSUtil (DFSUtil.java:httpServerTemplateForNNAndJN(1641)) - Starting Web-server for scm at: http://0.0.0.0:0
2019-08-24 12:53:43,051 INFO  server.AuthenticationFilter (AuthenticationFilter.java:constructSecretProvider(240)) - Unable to initialize FileSignerSecretProvider, falling back to use random secrets.
2019-08-24 12:53:43,052 WARN  http.HttpRequestLog (HttpRequestLog.java:getRequestLog(97)) - Jetty request log can only be enabled using Log4j
2019-08-24 12:53:43,054 INFO  http.HttpServer2 (HttpServer2.java:addGlobalFilter(975)) - Added global filter 'safety' (class=org.apache.hadoop.http.HttpServer2$QuotingInputFilter)
2019-08-24 12:53:43,055 INFO  http.HttpServer2 (HttpServer2.java:addFilter(948)) - Added filter static_user_filter (class=org.apache.hadoop.http.lib.StaticUserWebFilter$StaticUserFilter) to context scm
2019-08-24 12:53:43,055 INFO  http.HttpServer2 (HttpServer2.java:addFilter(958)) - Added filter static_user_filter (class=org.apache.hadoop.http.lib.StaticUserWebFilter$StaticUserFilter) to context static
2019-08-24 12:53:43,055 INFO  http.HttpServer2 (HttpServer2.java:addFilter(958)) - Added filter static_user_filter (class=org.apache.hadoop.http.lib.StaticUserWebFilter$StaticUserFilter) to context logs
2019-08-24 12:53:43,058 INFO  server.StorageContainerManager (StorageContainerManager.java:start(759)) - StorageContainerLocationProtocol RPC server is listening at /0.0.0.0:34824
2019-08-24 12:53:43,060 WARN  impl.MetricsConfig (MetricsConfig.java:loadFirst(134)) - Cannot locate configuration: tried hadoop-metrics2-storagecontainermanager.properties,hadoop-metrics2.properties
2019-08-24 12:53:43,061 INFO  impl.MetricsSystemImpl (MetricsSystemImpl.java:startTimer(374)) - Scheduled Metric snapshot period at 10 second(s).
2019-08-24 12:53:43,061 INFO  impl.MetricsSystemImpl (MetricsSystemImpl.java:start(191)) - StorageContainerManager metrics system started
2019-08-24 12:53:43,109 INFO  server.SCMClientProtocolServer (SCMClientProtocolServer.java:start(151)) - RPC server for Client  is listening at /0.0.0.0:34824
2019-08-24 12:53:43,109 INFO  ipc.Server (Server.java:run(1314)) - IPC Server Responder: starting
2019-08-24 12:53:43,110 INFO  ipc.Server (Server.java:run(1153)) - IPC Server listener on 34824: starting
2019-08-24 12:53:43,113 INFO  server.StorageContainerManager (StorageContainerManager.java:start(769)) - ScmBlockLocationProtocol RPC server is listening at /0.0.0.0:40779
2019-08-24 12:53:43,113 INFO  server.SCMBlockProtocolServer (SCMBlockProtocolServer.java:start(140)) - RPC server for Block Protocol is listening at /0.0.0.0:40779
2019-08-24 12:53:43,113 INFO  ipc.Server (Server.java:run(1314)) - IPC Server Responder: starting
2019-08-24 12:53:43,114 INFO  ipc.Server (Server.java:run(1153)) - IPC Server listener on 40779: starting
2019-08-24 12:53:43,117 INFO  server.StorageContainerManager (StorageContainerManager.java:start(773)) - ScmDatanodeProtocl RPC server is listening at /0.0.0.0:33278
2019-08-24 12:53:43,117 INFO  server.SCMDatanodeProtocolServer (SCMDatanodeProtocolServer.java:start(191)) - RPC server for DataNodes is listening at /0.0.0.0:33278
2019-08-24 12:53:43,117 INFO  ipc.Server (Server.java:run(1314)) - IPC Server Responder: starting
2019-08-24 12:53:43,117 INFO  ipc.Server (Server.java:run(1153)) - IPC Server listener on 33278: starting
2019-08-24 12:53:43,120 INFO  http.HttpServer2 (HttpServer2.java:bindListener(1191)) - Jetty bound to port 45035
2019-08-24 12:53:43,120 INFO  server.Server (Server.java:doStart(351)) - jetty-9.3.24.v20180605, build timestamp: 2018-06-05T17:11:56Z, git hash: 84205aa28f11a4f31f2a3b86d1bba2cc8ab69827
2019-08-24 12:53:43,122 INFO  handler.ContextHandler (ContextHandler.java:doStart(781)) - Started o.e.j.s.ServletContextHandler@7c6413e3{/logs,file:///workdir/hadoop-ozone/integration-test/target/log,AVAILABLE}
2019-08-24 12:53:43,123 INFO  handler.ContextHandler (ContextHandler.java:doStart(781)) - Started o.e.j.s.ServletContextHandler@6fb1b5b{/static,file:///workdir/hadoop-ozone/integration-test/target/test-classes/webapps/static,AVAILABLE}
2019-08-24 12:53:43,128 INFO  handler.ContextHandler (ContextHandler.java:doStart(781)) - Started o.e.j.w.WebAppContext@6919bca5{/,file:///workdir/hadoop-ozone/integration-test/target/test-classes/webapps/scm/,AVAILABLE}{/scm}
2019-08-24 12:53:43,128 INFO  server.AbstractConnector (AbstractConnector.java:doStart(278)) - Started ServerConnector@17f1e170{HTTP/1.1,[http/1.1]}{0.0.0.0:45035}
2019-08-24 12:53:43,129 INFO  server.Server (Server.java:doStart(419)) - Started @30369ms
2019-08-24 12:53:43,130 INFO  server.BaseHttpServer (BaseHttpServer.java:updateConnectorAddress(207)) - HTTP server of SCM is listening at http://0.0.0.0:45035
2019-08-24 12:53:43,130 WARN  server.ServerUtils (ServerUtils.java:getDBPath(222)) - ozone.om.db.dirs is not configured. We recommend adding this setting. Falling back to ozone.metadata.dirs instead.
2019-08-24 12:53:43,131 INFO  util.JvmPauseMonitor (JvmPauseMonitor.java:run(188)) - Starting JVM pause monitor
2019-08-24 12:53:43,147 WARN  server.ServerUtils (ServerUtils.java:getDBPath(222)) - ozone.om.db.dirs is not configured. We recommend adding this setting. Falling back to ozone.metadata.dirs instead.
2019-08-24 12:53:43,148 WARN  server.ServerUtils (ServerUtils.java:getDBPath(222)) - ozone.om.db.dirs is not configured. We recommend adding this setting. Falling back to ozone.metadata.dirs instead.
2019-08-24 12:53:43,148 INFO  om.OzoneManager (OzoneManager.java:setOMNodeDetails(645)) - OM Service ID is not set. Setting it to the default ID: omServiceIdDefault
2019-08-24 12:53:43,148 INFO  om.OzoneManager (OzoneManager.java:setOMNodeDetails(651)) - OM Node ID is not set. Setting it to the OmStorage's OmID: cddcd2bc-f5e9-4952-959a-4cc8f5a20168
2019-08-24 12:53:43,148 INFO  om.OzoneManager (OzoneManager.java:loadOMHAConfigs(602)) - Found matching OM address with OMServiceId: null, OMNodeId: null, RPC Address: localhost:0 and Ratis port: 9872
2019-08-24 12:53:43,153 | INFO  | SCMAudit | user=jenkins1000 | ip=192.168.69.124 | op=GET_SCM_INFO null | ret=SUCCESS |  
2019-08-24 12:53:43,156 WARN  server.ServerUtils (ServerUtils.java:getDBPath(222)) - ozone.om.db.dirs is not configured. We recommend adding this setting. Falling back to ozone.metadata.dirs instead.
2019-08-24 12:53:43,156 INFO  db.DBStoreBuilder (DBStoreBuilder.java:addTable(110)) - using custom profile for table: userTable
2019-08-24 12:53:43,156 INFO  db.DBStoreBuilder (DBStoreBuilder.java:processTables(161)) - Using default column profile:DBProfile.DISK for Table:userTable
2019-08-24 12:53:43,156 INFO  db.DBStoreBuilder (DBStoreBuilder.java:addTable(110)) - using custom profile for table: volumeTable
2019-08-24 12:53:43,157 INFO  db.DBStoreBuilder (DBStoreBuilder.java:processTables(161)) - Using default column profile:DBProfile.DISK for Table:volumeTable
2019-08-24 12:53:43,157 INFO  db.DBStoreBuilder (DBStoreBuilder.java:addTable(110)) - using custom profile for table: bucketTable
2019-08-24 12:53:43,157 INFO  db.DBStoreBuilder (DBStoreBuilder.java:processTables(161)) - Using default column profile:DBProfile.DISK for Table:bucketTable
2019-08-24 12:53:43,157 INFO  db.DBStoreBuilder (DBStoreBuilder.java:addTable(110)) - using custom profile for table: keyTable
2019-08-24 12:53:43,157 INFO  db.DBStoreBuilder (DBStoreBuilder.java:processTables(161)) - Using default column profile:DBProfile.DISK for Table:keyTable
2019-08-24 12:53:43,157 INFO  db.DBStoreBuilder (DBStoreBuilder.java:addTable(110)) - using custom profile for table: deletedTable
2019-08-24 12:53:43,157 INFO  db.DBStoreBuilder (DBStoreBuilder.java:processTables(161)) - Using default column profile:DBProfile.DISK for Table:deletedTable
2019-08-24 12:53:43,158 INFO  db.DBStoreBuilder (DBStoreBuilder.java:addTable(110)) - using custom profile for table: openKeyTable
2019-08-24 12:53:43,158 INFO  db.DBStoreBuilder (DBStoreBuilder.java:processTables(161)) - Using default column profile:DBProfile.DISK for Table:openKeyTable
2019-08-24 12:53:43,158 INFO  db.DBStoreBuilder (DBStoreBuilder.java:addTable(110)) - using custom profile for table: s3Table
2019-08-24 12:53:43,158 INFO  db.DBStoreBuilder (DBStoreBuilder.java:processTables(161)) - Using default column profile:DBProfile.DISK for Table:s3Table
2019-08-24 12:53:43,158 INFO  db.DBStoreBuilder (DBStoreBuilder.java:addTable(110)) - using custom profile for table: multipartInfoTable
2019-08-24 12:53:43,158 INFO  db.DBStoreBuilder (DBStoreBuilder.java:processTables(161)) - Using default column profile:DBProfile.DISK for Table:multipartInfoTable
2019-08-24 12:53:43,159 INFO  db.DBStoreBuilder (DBStoreBuilder.java:addTable(110)) - using custom profile for table: dTokenTable
2019-08-24 12:53:43,159 INFO  db.DBStoreBuilder (DBStoreBuilder.java:processTables(161)) - Using default column profile:DBProfile.DISK for Table:dTokenTable
2019-08-24 12:53:43,159 INFO  db.DBStoreBuilder (DBStoreBuilder.java:addTable(110)) - using custom profile for table: s3SecretTable
2019-08-24 12:53:43,159 INFO  db.DBStoreBuilder (DBStoreBuilder.java:processTables(161)) - Using default column profile:DBProfile.DISK for Table:s3SecretTable
2019-08-24 12:53:43,159 INFO  db.DBStoreBuilder (DBStoreBuilder.java:addTable(110)) - using custom profile for table: prefixTable
2019-08-24 12:53:43,159 INFO  db.DBStoreBuilder (DBStoreBuilder.java:processTables(161)) - Using default column profile:DBProfile.DISK for Table:prefixTable
2019-08-24 12:53:43,159 INFO  db.DBStoreBuilder (DBStoreBuilder.java:addTable(110)) - using custom profile for table: default
2019-08-24 12:53:43,160 INFO  db.DBStoreBuilder (DBStoreBuilder.java:processTables(167)) - Using default column profile:DBProfile.DISK for Table:default
2019-08-24 12:53:43,160 INFO  db.DBStoreBuilder (DBStoreBuilder.java:getDbProfile(198)) - Using default options. DBProfile.DISK
2019-08-24 12:53:43,923 INFO  ipc.CallQueueManager (CallQueueManager.java:<init>(84)) - Using callQueue: class java.util.concurrent.LinkedBlockingQueue, queueCapacity: 2000, scheduler: class org.apache.hadoop.ipc.DefaultRpcScheduler, ipcBackoff: false.
2019-08-24 12:53:43,924 INFO  ipc.Server (Server.java:run(1074)) - Starting Socket Reader #1 for port 46419
2019-08-24 12:53:43,937 INFO  om.OzoneManager (OzoneManager.java:start(1256)) - OzoneManager RPC server is listening at localhost/127.0.0.1:46419
2019-08-24 12:53:43,937 INFO  impl.MetricsSystemImpl (MetricsSystemImpl.java:init(158)) - OzoneManager metrics system started (again)
2019-08-24 12:53:43,938 INFO  ipc.Server (Server.java:run(1153)) - IPC Server listener on 46419: starting
2019-08-24 12:53:43,938 INFO  ipc.Server (Server.java:run(1314)) - IPC Server Responder: starting
2019-08-24 12:53:43,943 INFO  hdfs.DFSUtil (DFSUtil.java:httpServerTemplateForNNAndJN(1641)) - Starting Web-server for ozoneManager at: http://0.0.0.0:0
2019-08-24 12:53:43,946 INFO  server.AuthenticationFilter (AuthenticationFilter.java:constructSecretProvider(240)) - Unable to initialize FileSignerSecretProvider, falling back to use random secrets.
2019-08-24 12:53:43,946 WARN  http.HttpRequestLog (HttpRequestLog.java:getRequestLog(97)) - Jetty request log can only be enabled using Log4j
2019-08-24 12:53:43,949 INFO  http.HttpServer2 (HttpServer2.java:addGlobalFilter(975)) - Added global filter 'safety' (class=org.apache.hadoop.http.HttpServer2$QuotingInputFilter)
2019-08-24 12:53:43,950 INFO  http.HttpServer2 (HttpServer2.java:addFilter(948)) - Added filter static_user_filter (class=org.apache.hadoop.http.lib.StaticUserWebFilter$StaticUserFilter) to context ozoneManager
2019-08-24 12:53:43,950 INFO  http.HttpServer2 (HttpServer2.java:addFilter(958)) - Added filter static_user_filter (class=org.apache.hadoop.http.lib.StaticUserWebFilter$StaticUserFilter) to context logs
2019-08-24 12:53:43,951 INFO  http.HttpServer2 (HttpServer2.java:addFilter(958)) - Added filter static_user_filter (class=org.apache.hadoop.http.lib.StaticUserWebFilter$StaticUserFilter) to context static
2019-08-24 12:53:43,952 INFO  http.HttpServer2 (HttpServer2.java:bindListener(1191)) - Jetty bound to port 35152
2019-08-24 12:53:43,952 INFO  server.Server (Server.java:doStart(351)) - jetty-9.3.24.v20180605, build timestamp: 2018-06-05T17:11:56Z, git hash: 84205aa28f11a4f31f2a3b86d1bba2cc8ab69827
2019-08-24 12:53:43,954 INFO  handler.ContextHandler (ContextHandler.java:doStart(781)) - Started o.e.j.s.ServletContextHandler@2d169706{/logs,file:///workdir/hadoop-ozone/integration-test/target/log,AVAILABLE}
2019-08-24 12:53:43,955 INFO  handler.ContextHandler (ContextHandler.java:doStart(781)) - Started o.e.j.s.ServletContextHandler@49e713f2{/static,file:///workdir/hadoop-ozone/integration-test/target/test-classes/webapps/static,AVAILABLE}
2019-08-24 12:53:43,962 INFO  handler.ContextHandler (ContextHandler.java:doStart(781)) - Started o.e.j.w.WebAppContext@37363a33{/,file:///workdir/hadoop-ozone/integration-test/target/test-classes/webapps/ozoneManager/,AVAILABLE}{/ozoneManager}
2019-08-24 12:53:43,963 INFO  server.AbstractConnector (AbstractConnector.java:doStart(278)) - Started ServerConnector@4b809ef1{HTTP/1.1,[http/1.1]}{0.0.0.0:35152}
2019-08-24 12:53:43,963 INFO  server.Server (Server.java:doStart(419)) - Started @31203ms
2019-08-24 12:53:43,964 INFO  server.BaseHttpServer (BaseHttpServer.java:updateConnectorAddress(207)) - HTTP server of OZONEMANAGER is listening at http://0.0.0.0:35152
2019-08-24 12:53:43,975 INFO  impl.MetricsSystemImpl (MetricsSystemImpl.java:init(158)) - HddsDatanode metrics system started (again)
2019-08-24 12:53:43,978 INFO  ozone.HddsDatanodeService (HddsDatanodeService.java:start(184)) - HddsDatanodeService host:pr-hdds-2029-g5rx4-259851958 ip:192.168.69.124
2019-08-24 12:53:43,986 INFO  volume.HddsVolume (HddsVolume.java:<init>(176)) - Creating Volume: /workdir/hadoop-ozone/integration-test/target/test-dir/MiniOzoneClusterImpl-41984b6e-f72b-4a0e-8b27-1606d96635a1/datanode-0/data/containers/hdds of  storage type : DISK and capacity : 1482555576320
2019-08-24 12:53:43,986 INFO  volume.VolumeSet (VolumeSet.java:initializeVolumeSet(170)) - Added Volume : /workdir/hadoop-ozone/integration-test/target/test-dir/MiniOzoneClusterImpl-41984b6e-f72b-4a0e-8b27-1606d96635a1/datanode-0/data/containers/hdds to VolumeSet
2019-08-24 12:53:43,986 INFO  volume.ThrottledAsyncChecker (ThrottledAsyncChecker.java:schedule(140)) - Scheduling a check for org.apache.hadoop.ozone.container.common.volume.HddsVolume@37a3bed0
2019-08-24 12:53:43,987 INFO  volume.HddsVolumeChecker (HddsVolumeChecker.java:checkAllVolumes(203)) - Scheduled health check for volume org.apache.hadoop.ozone.container.common.volume.HddsVolume@37a3bed0
2019-08-24 12:53:44,006 INFO  impl.RaftServerProxy (ConfUtils.java:logGet(43)) - raft.rpc.type = GRPC (default)
2019-08-24 12:53:44,007 INFO  grpc.GrpcFactory (GrpcFactory.java:checkPooledByteBufAllocatorUseCacheForAllThreads(45)) - PERFORMANCE WARNING: useCacheForAllThreads is true that may cause Netty to create a lot garbage objects and, as a result, trigger GC.
	It is recommended to disable useCacheForAllThreads by setting -Dorg.apache.ratis.thirdparty.io.netty.allocator.useCacheForAllThreads=false in command line.
2019-08-24 12:53:44,007 INFO  grpc.GrpcConfigKeys$Server (ConfUtils.java:logGet(43)) - raft.grpc.server.port = 0 (default)
2019-08-24 12:53:44,007 INFO  server.GrpcService (ConfUtils.java:logGet(43)) - raft.grpc.message.size.max = 33570816 (custom)
2019-08-24 12:53:44,007 INFO  server.RaftServerConfigKeys (ConfUtils.java:logGet(43)) - raft.server.log.appender.buffer.byte-limit = 33554432 (custom)
2019-08-24 12:53:44,007 INFO  server.GrpcService (ConfUtils.java:logGet(43)) - raft.grpc.flow.control.window = 1MB (=1048576) (default)
2019-08-24 12:53:44,008 INFO  server.RaftServerConfigKeys (ConfUtils.java:logGet(43)) - raft.server.rpc.request.timeout = 3000ms (default)
2019-08-24 12:53:44,008 INFO  server.RaftServerConfigKeys (ConfUtils.java:logGet(43)) - raft.server.storage.dir = [/workdir/hadoop-ozone/integration-test/target/test-dir/MiniOzoneClusterImpl-41984b6e-f72b-4a0e-8b27-1606d96635a1/datanode-0/data/ratis] (custom)
2019-08-24 12:53:44,009 INFO  replication.SimpleContainerDownloader (SimpleContainerDownloader.java:<init>(72)) - Starting container downloader service to copy containers to replicate.
2019-08-24 12:53:44,010 INFO  hdfs.DFSUtil (DFSUtil.java:httpServerTemplateForNNAndJN(1641)) - Starting Web-server for hddsDatanode at: http://0.0.0.0:0
2019-08-24 12:53:44,012 INFO  server.AuthenticationFilter (AuthenticationFilter.java:constructSecretProvider(240)) - Unable to initialize FileSignerSecretProvider, falling back to use random secrets.
2019-08-24 12:53:44,012 WARN  http.HttpRequestLog (HttpRequestLog.java:getRequestLog(97)) - Jetty request log can only be enabled using Log4j
2019-08-24 12:53:44,014 INFO  http.HttpServer2 (HttpServer2.java:addGlobalFilter(975)) - Added global filter 'safety' (class=org.apache.hadoop.http.HttpServer2$QuotingInputFilter)
2019-08-24 12:53:44,015 INFO  http.HttpServer2 (HttpServer2.java:addFilter(948)) - Added filter static_user_filter (class=org.apache.hadoop.http.lib.StaticUserWebFilter$StaticUserFilter) to context hddsDatanode
2019-08-24 12:53:44,015 INFO  http.HttpServer2 (HttpServer2.java:addFilter(958)) - Added filter static_user_filter (class=org.apache.hadoop.http.lib.StaticUserWebFilter$StaticUserFilter) to context static
2019-08-24 12:53:44,015 INFO  http.HttpServer2 (HttpServer2.java:addFilter(958)) - Added filter static_user_filter (class=org.apache.hadoop.http.lib.StaticUserWebFilter$StaticUserFilter) to context logs
2019-08-24 12:53:44,016 INFO  http.HttpServer2 (HttpServer2.java:bindListener(1191)) - Jetty bound to port 46082
2019-08-24 12:53:44,016 INFO  server.Server (Server.java:doStart(351)) - jetty-9.3.24.v20180605, build timestamp: 2018-06-05T17:11:56Z, git hash: 84205aa28f11a4f31f2a3b86d1bba2cc8ab69827
2019-08-24 12:53:44,018 INFO  handler.ContextHandler (ContextHandler.java:doStart(781)) - Started o.e.j.s.ServletContextHandler@2b41b075{/logs,file:///workdir/hadoop-ozone/integration-test/target/log,AVAILABLE}
2019-08-24 12:53:44,019 INFO  handler.ContextHandler (ContextHandler.java:doStart(781)) - Started o.e.j.s.ServletContextHandler@5bf11612{/static,jar:file:/home/user/.m2/repository/org/apache/hadoop/hadoop-hdds-container-service/0.4.1-SNAPSHOT/hadoop-hdds-container-service-0.4.1-SNAPSHOT.jar!/webapps/static,AVAILABLE}
2019-08-24 12:53:44,055 INFO  handler.ContextHandler (ContextHandler.java:doStart(781)) - Started o.e.j.w.WebAppContext@3e809f39{/,file:///tmp/jetty-0.0.0.0-46082-hddsDatanode-_-any-8684172125134993518.dir/webapp/,AVAILABLE}{/hddsDatanode}
2019-08-24 12:53:44,055 INFO  server.AbstractConnector (AbstractConnector.java:doStart(278)) - Started ServerConnector@4c7d9ad0{HTTP/1.1,[http/1.1]}{0.0.0.0:46082}
2019-08-24 12:53:44,056 INFO  server.Server (Server.java:doStart(419)) - Started @31295ms
2019-08-24 12:53:44,057 INFO  server.BaseHttpServer (BaseHttpServer.java:updateConnectorAddress(207)) - HTTP server of HDDSDATANODE is listening at http://0.0.0.0:46082
2019-08-24 12:53:44,274 | INFO  | ObjectStoreRestHttpServer | Listening HDDS REST traffic on /0.0.0.0:44420 |  
2019-08-24 12:53:44,274 INFO  ozone.HddsDatanodeService (HddsDatanodeService.java:startPlugins(395)) - Started plug-in org.apache.hadoop.ozone.web.OzoneHddsDatanodeService@20c05142
2019-08-24 12:53:44,274 INFO  impl.MetricsSystemImpl (MetricsSystemImpl.java:init(158)) - HddsDatanode metrics system started (again)
2019-08-24 12:53:44,278 INFO  util.JvmPauseMonitor (JvmPauseMonitor.java:run(188)) - Starting JVM pause monitor
2019-08-24 12:53:44,278 INFO  ozone.HddsDatanodeService (HddsDatanodeService.java:start(184)) - HddsDatanodeService host:pr-hdds-2029-g5rx4-259851958 ip:192.168.69.124
2019-08-24 12:53:44,281 INFO  datanode.InitDatanodeState (InitDatanodeState.java:persistContainerDatanodeDetails(140)) - DatanodeDetails is persisted to /workdir/hadoop-ozone/integration-test/target/test-dir/MiniOzoneClusterImpl-41984b6e-f72b-4a0e-8b27-1606d96635a1/datanode-0/meta/datanode.id
2019-08-24 12:53:44,287 INFO  volume.HddsVolume (HddsVolume.java:<init>(176)) - Creating Volume: /workdir/hadoop-ozone/integration-test/target/test-dir/MiniOzoneClusterImpl-41984b6e-f72b-4a0e-8b27-1606d96635a1/datanode-1/data/containers/hdds of  storage type : DISK and capacity : 1482555576320
2019-08-24 12:53:44,287 INFO  volume.VolumeSet (VolumeSet.java:initializeVolumeSet(170)) - Added Volume : /workdir/hadoop-ozone/integration-test/target/test-dir/MiniOzoneClusterImpl-41984b6e-f72b-4a0e-8b27-1606d96635a1/datanode-1/data/containers/hdds to VolumeSet
2019-08-24 12:53:44,287 INFO  volume.ThrottledAsyncChecker (ThrottledAsyncChecker.java:schedule(140)) - Scheduling a check for org.apache.hadoop.ozone.container.common.volume.HddsVolume@3c0bfdf8
2019-08-24 12:53:44,291 INFO  volume.HddsVolumeChecker (HddsVolumeChecker.java:checkAllVolumes(203)) - Scheduled health check for volume org.apache.hadoop.ozone.container.common.volume.HddsVolume@3c0bfdf8
2019-08-24 12:53:44,310 INFO  impl.RaftServerProxy (ConfUtils.java:logGet(43)) - raft.rpc.type = GRPC (default)
2019-08-24 12:53:44,310 INFO  grpc.GrpcFactory (GrpcFactory.java:checkPooledByteBufAllocatorUseCacheForAllThreads(45)) - PERFORMANCE WARNING: useCacheForAllThreads is true that may cause Netty to create a lot garbage objects and, as a result, trigger GC.
	It is recommended to disable useCacheForAllThreads by setting -Dorg.apache.ratis.thirdparty.io.netty.allocator.useCacheForAllThreads=false in command line.
2019-08-24 12:53:44,310 INFO  grpc.GrpcConfigKeys$Server (ConfUtils.java:logGet(43)) - raft.grpc.server.port = 0 (default)
2019-08-24 12:53:44,310 INFO  server.GrpcService (ConfUtils.java:logGet(43)) - raft.grpc.message.size.max = 33570816 (custom)
2019-08-24 12:53:44,310 INFO  server.RaftServerConfigKeys (ConfUtils.java:logGet(43)) - raft.server.log.appender.buffer.byte-limit = 33554432 (custom)
2019-08-24 12:53:44,310 INFO  server.GrpcService (ConfUtils.java:logGet(43)) - raft.grpc.flow.control.window = 1MB (=1048576) (default)
2019-08-24 12:53:44,311 INFO  server.RaftServerConfigKeys (ConfUtils.java:logGet(43)) - raft.server.rpc.request.timeout = 3000ms (default)
2019-08-24 12:53:44,311 INFO  server.RaftServerConfigKeys (ConfUtils.java:logGet(43)) - raft.server.storage.dir = [/workdir/hadoop-ozone/integration-test/target/test-dir/MiniOzoneClusterImpl-41984b6e-f72b-4a0e-8b27-1606d96635a1/datanode-1/data/ratis] (custom)
2019-08-24 12:53:44,312 INFO  replication.SimpleContainerDownloader (SimpleContainerDownloader.java:<init>(72)) - Starting container downloader service to copy containers to replicate.
2019-08-24 12:53:44,313 INFO  hdfs.DFSUtil (DFSUtil.java:httpServerTemplateForNNAndJN(1641)) - Starting Web-server for hddsDatanode at: http://0.0.0.0:0
2019-08-24 12:53:44,315 INFO  server.AuthenticationFilter (AuthenticationFilter.java:constructSecretProvider(240)) - Unable to initialize FileSignerSecretProvider, falling back to use random secrets.
2019-08-24 12:53:44,316 WARN  http.HttpRequestLog (HttpRequestLog.java:getRequestLog(97)) - Jetty request log can only be enabled using Log4j
2019-08-24 12:53:44,318 INFO  http.HttpServer2 (HttpServer2.java:addGlobalFilter(975)) - Added global filter 'safety' (class=org.apache.hadoop.http.HttpServer2$QuotingInputFilter)
2019-08-24 12:53:44,319 INFO  http.HttpServer2 (HttpServer2.java:addFilter(948)) - Added filter static_user_filter (class=org.apache.hadoop.http.lib.StaticUserWebFilter$StaticUserFilter) to context hddsDatanode
2019-08-24 12:53:44,319 INFO  http.HttpServer2 (HttpServer2.java:addFilter(958)) - Added filter static_user_filter (class=org.apache.hadoop.http.lib.StaticUserWebFilter$StaticUserFilter) to context logs
2019-08-24 12:53:44,319 INFO  http.HttpServer2 (HttpServer2.java:addFilter(958)) - Added filter static_user_filter (class=org.apache.hadoop.http.lib.StaticUserWebFilter$StaticUserFilter) to context static
2019-08-24 12:53:44,320 INFO  http.HttpServer2 (HttpServer2.java:bindListener(1191)) - Jetty bound to port 33830
2019-08-24 12:53:44,320 INFO  server.Server (Server.java:doStart(351)) - jetty-9.3.24.v20180605, build timestamp: 2018-06-05T17:11:56Z, git hash: 84205aa28f11a4f31f2a3b86d1bba2cc8ab69827
2019-08-24 12:53:44,323 INFO  handler.ContextHandler (ContextHandler.java:doStart(781)) - Started o.e.j.s.ServletContextHandler@4bb44442{/logs,file:///workdir/hadoop-ozone/integration-test/target/log,AVAILABLE}
2019-08-24 12:53:44,324 INFO  handler.ContextHandler (ContextHandler.java:doStart(781)) - Started o.e.j.s.ServletContextHandler@75d6335a{/static,jar:file:/home/user/.m2/repository/org/apache/hadoop/hadoop-hdds-container-service/0.4.1-SNAPSHOT/hadoop-hdds-container-service-0.4.1-SNAPSHOT.jar!/webapps/static,AVAILABLE}
2019-08-24 12:53:44,365 INFO  handler.ContextHandler (ContextHandler.java:doStart(781)) - Started o.e.j.w.WebAppContext@7158faf0{/,file:///tmp/jetty-0.0.0.0-33830-hddsDatanode-_-any-418188807620000778.dir/webapp/,AVAILABLE}{/hddsDatanode}
2019-08-24 12:53:44,366 INFO  server.AbstractConnector (AbstractConnector.java:doStart(278)) - Started ServerConnector@3983e934{HTTP/1.1,[http/1.1]}{0.0.0.0:33830}
2019-08-24 12:53:44,367 INFO  server.Server (Server.java:doStart(419)) - Started @31607ms
2019-08-24 12:53:44,368 INFO  server.BaseHttpServer (BaseHttpServer.java:updateConnectorAddress(207)) - HTTP server of HDDSDATANODE is listening at http://0.0.0.0:33830
2019-08-24 12:53:44,506 | INFO  | ObjectStoreRestHttpServer | Listening HDDS REST traffic on /0.0.0.0:35229 |  
2019-08-24 12:53:44,506 INFO  ozone.HddsDatanodeService (HddsDatanodeService.java:startPlugins(395)) - Started plug-in org.apache.hadoop.ozone.web.OzoneHddsDatanodeService@7b38ce76
2019-08-24 12:53:44,506 INFO  impl.MetricsSystemImpl (MetricsSystemImpl.java:init(158)) - HddsDatanode metrics system started (again)
2019-08-24 12:53:44,510 INFO  ozone.HddsDatanodeService (HddsDatanodeService.java:start(184)) - HddsDatanodeService host:pr-hdds-2029-g5rx4-259851958 ip:192.168.69.124
2019-08-24 12:53:44,510 INFO  util.JvmPauseMonitor (JvmPauseMonitor.java:run(188)) - Starting JVM pause monitor
2019-08-24 12:53:44,513 INFO  datanode.InitDatanodeState (InitDatanodeState.java:persistContainerDatanodeDetails(140)) - DatanodeDetails is persisted to /workdir/hadoop-ozone/integration-test/target/test-dir/MiniOzoneClusterImpl-41984b6e-f72b-4a0e-8b27-1606d96635a1/datanode-1/meta/datanode.id
2019-08-24 12:53:44,518 INFO  volume.HddsVolume (HddsVolume.java:<init>(176)) - Creating Volume: /workdir/hadoop-ozone/integration-test/target/test-dir/MiniOzoneClusterImpl-41984b6e-f72b-4a0e-8b27-1606d96635a1/datanode-2/data/containers/hdds of  storage type : DISK and capacity : 1482555576320
2019-08-24 12:53:44,519 INFO  volume.VolumeSet (VolumeSet.java:initializeVolumeSet(170)) - Added Volume : /workdir/hadoop-ozone/integration-test/target/test-dir/MiniOzoneClusterImpl-41984b6e-f72b-4a0e-8b27-1606d96635a1/datanode-2/data/containers/hdds to VolumeSet
2019-08-24 12:53:44,519 INFO  volume.ThrottledAsyncChecker (ThrottledAsyncChecker.java:schedule(140)) - Scheduling a check for org.apache.hadoop.ozone.container.common.volume.HddsVolume@434aba06
2019-08-24 12:53:44,519 INFO  volume.HddsVolumeChecker (HddsVolumeChecker.java:checkAllVolumes(203)) - Scheduled health check for volume org.apache.hadoop.ozone.container.common.volume.HddsVolume@434aba06
2019-08-24 12:53:44,534 INFO  impl.RaftServerProxy (ConfUtils.java:logGet(43)) - raft.rpc.type = GRPC (default)
2019-08-24 12:53:44,534 INFO  grpc.GrpcFactory (GrpcFactory.java:checkPooledByteBufAllocatorUseCacheForAllThreads(45)) - PERFORMANCE WARNING: useCacheForAllThreads is true that may cause Netty to create a lot garbage objects and, as a result, trigger GC.
	It is recommended to disable useCacheForAllThreads by setting -Dorg.apache.ratis.thirdparty.io.netty.allocator.useCacheForAllThreads=false in command line.
2019-08-24 12:53:44,534 INFO  grpc.GrpcConfigKeys$Server (ConfUtils.java:logGet(43)) - raft.grpc.server.port = 0 (default)
2019-08-24 12:53:44,534 INFO  server.GrpcService (ConfUtils.java:logGet(43)) - raft.grpc.message.size.max = 33570816 (custom)
2019-08-24 12:53:44,534 INFO  server.RaftServerConfigKeys (ConfUtils.java:logGet(43)) - raft.server.log.appender.buffer.byte-limit = 33554432 (custom)
2019-08-24 12:53:44,535 INFO  server.GrpcService (ConfUtils.java:logGet(43)) - raft.grpc.flow.control.window = 1MB (=1048576) (default)
2019-08-24 12:53:44,535 INFO  server.RaftServerConfigKeys (ConfUtils.java:logGet(43)) - raft.server.rpc.request.timeout = 3000ms (default)
2019-08-24 12:53:44,535 INFO  server.RaftServerConfigKeys (ConfUtils.java:logGet(43)) - raft.server.storage.dir = [/workdir/hadoop-ozone/integration-test/target/test-dir/MiniOzoneClusterImpl-41984b6e-f72b-4a0e-8b27-1606d96635a1/datanode-2/data/ratis] (custom)
2019-08-24 12:53:44,536 INFO  replication.SimpleContainerDownloader (SimpleContainerDownloader.java:<init>(72)) - Starting container downloader service to copy containers to replicate.
2019-08-24 12:53:44,537 INFO  hdfs.DFSUtil (DFSUtil.java:httpServerTemplateForNNAndJN(1641)) - Starting Web-server for hddsDatanode at: http://0.0.0.0:0
2019-08-24 12:53:44,538 INFO  server.AuthenticationFilter (AuthenticationFilter.java:constructSecretProvider(240)) - Unable to initialize FileSignerSecretProvider, falling back to use random secrets.
2019-08-24 12:53:44,538 WARN  http.HttpRequestLog (HttpRequestLog.java:getRequestLog(97)) - Jetty request log can only be enabled using Log4j
2019-08-24 12:53:44,540 INFO  http.HttpServer2 (HttpServer2.java:addGlobalFilter(975)) - Added global filter 'safety' (class=org.apache.hadoop.http.HttpServer2$QuotingInputFilter)
2019-08-24 12:53:44,541 INFO  http.HttpServer2 (HttpServer2.java:addFilter(948)) - Added filter static_user_filter (class=org.apache.hadoop.http.lib.StaticUserWebFilter$StaticUserFilter) to context hddsDatanode
2019-08-24 12:53:44,541 INFO  http.HttpServer2 (HttpServer2.java:addFilter(958)) - Added filter static_user_filter (class=org.apache.hadoop.http.lib.StaticUserWebFilter$StaticUserFilter) to context logs
2019-08-24 12:53:44,541 INFO  http.HttpServer2 (HttpServer2.java:addFilter(958)) - Added filter static_user_filter (class=org.apache.hadoop.http.lib.StaticUserWebFilter$StaticUserFilter) to context static
2019-08-24 12:53:44,541 INFO  http.HttpServer2 (HttpServer2.java:bindListener(1191)) - Jetty bound to port 36267
2019-08-24 12:53:44,542 INFO  server.Server (Server.java:doStart(351)) - jetty-9.3.24.v20180605, build timestamp: 2018-06-05T17:11:56Z, git hash: 84205aa28f11a4f31f2a3b86d1bba2cc8ab69827
2019-08-24 12:53:44,543 INFO  handler.ContextHandler (ContextHandler.java:doStart(781)) - Started o.e.j.s.ServletContextHandler@2b34ceb6{/logs,file:///workdir/hadoop-ozone/integration-test/target/log,AVAILABLE}
2019-08-24 12:53:44,544 INFO  handler.ContextHandler (ContextHandler.java:doStart(781)) - Started o.e.j.s.ServletContextHandler@4b13f30e{/static,jar:file:/home/user/.m2/repository/org/apache/hadoop/hadoop-hdds-container-service/0.4.1-SNAPSHOT/hadoop-hdds-container-service-0.4.1-SNAPSHOT.jar!/webapps/static,AVAILABLE}
2019-08-24 12:53:44,571 INFO  handler.ContextHandler (ContextHandler.java:doStart(781)) - Started o.e.j.w.WebAppContext@35f61cb8{/,file:///tmp/jetty-0.0.0.0-36267-hddsDatanode-_-any-5192455332464205389.dir/webapp/,AVAILABLE}{/hddsDatanode}
2019-08-24 12:53:44,572 INFO  server.AbstractConnector (AbstractConnector.java:doStart(278)) - Started ServerConnector@73d99a53{HTTP/1.1,[http/1.1]}{0.0.0.0:36267}
2019-08-24 12:53:44,573 INFO  server.Server (Server.java:doStart(419)) - Started @31813ms
2019-08-24 12:53:44,574 INFO  server.BaseHttpServer (BaseHttpServer.java:updateConnectorAddress(207)) - HTTP server of HDDSDATANODE is listening at http://0.0.0.0:36267
2019-08-24 12:53:44,711 | INFO  | ObjectStoreRestHttpServer | Listening HDDS REST traffic on /0.0.0.0:38999 |  
2019-08-24 12:53:44,711 INFO  ozone.HddsDatanodeService (HddsDatanodeService.java:startPlugins(395)) - Started plug-in org.apache.hadoop.ozone.web.OzoneHddsDatanodeService@31c11dac
2019-08-24 12:53:44,711 INFO  ozone.MiniOzoneClusterImpl (MiniOzoneClusterImpl.java:lambda$waitForClusterToBeReady$0(142)) - Waiting for cluster to be ready. Got 0 of 3 DN Heartbeats.
2019-08-24 12:53:44,714 INFO  util.JvmPauseMonitor (JvmPauseMonitor.java:run(188)) - Starting JVM pause monitor
2019-08-24 12:53:44,718 INFO  datanode.InitDatanodeState (InitDatanodeState.java:persistContainerDatanodeDetails(140)) - DatanodeDetails is persisted to /workdir/hadoop-ozone/integration-test/target/test-dir/MiniOzoneClusterImpl-41984b6e-f72b-4a0e-8b27-1606d96635a1/datanode-2/meta/datanode.id
2019-08-24 12:53:45,712 INFO  ozone.MiniOzoneClusterImpl (MiniOzoneClusterImpl.java:lambda$waitForClusterToBeReady$0(142)) - Waiting for cluster to be ready. Got 0 of 3 DN Heartbeats.
2019-08-24 12:53:46,285 | INFO  | SCMAudit | user=jenkins1000 | ip=192.168.69.124 | op=GET_VERSION null | ret=SUCCESS |  
2019-08-24 12:53:46,315 INFO  ozoneimpl.OzoneContainer (OzoneContainer.java:start(186)) - Attempting to start container services.
2019-08-24 12:53:46,318 INFO  ozoneimpl.OzoneContainer (OzoneContainer.java:startContainerScrub(160)) - Background container scrubber has been disabled by hdds.containerscrub.enabled
2019-08-24 12:53:46,318 INFO  ratis.XceiverServerRatis (XceiverServerRatis.java:start(404)) - Starting XceiverServerRatis 88606864-d3c7-410e-8604-6d8d21473076 at port 0
2019-08-24 12:53:46,326 INFO  impl.RaftServerProxy (RaftServerProxy.java:lambda$start$3(299)) - 88606864-d3c7-410e-8604-6d8d21473076: start RPC server
2019-08-24 12:53:46,330 INFO  server.GrpcService (GrpcService.java:startImpl(149)) - 88606864-d3c7-410e-8604-6d8d21473076: GrpcService started, listening on 0.0.0.0/0.0.0.0:33113
2019-08-24 12:53:46,331 INFO  ratis.XceiverServerRatis (XceiverServerRatis.java:start(414)) - XceiverServerRatis 88606864-d3c7-410e-8604-6d8d21473076 is started using port 33113
2019-08-24 12:53:46,331 INFO  server.XceiverServerGrpc (XceiverServerGrpc.java:start(161)) - XceiverServerGrpc 88606864-d3c7-410e-8604-6d8d21473076 is started using port 43179
2019-08-24 12:53:46,511 | INFO  | SCMAudit | user=jenkins1000 | ip=192.168.69.124 | op=GET_VERSION null | ret=SUCCESS |  
2019-08-24 12:53:46,527 INFO  ozoneimpl.OzoneContainer (OzoneContainer.java:start(186)) - Attempting to start container services.
2019-08-24 12:53:46,527 INFO  ozoneimpl.OzoneContainer (OzoneContainer.java:startContainerScrub(160)) - Background container scrubber has been disabled by hdds.containerscrub.enabled
2019-08-24 12:53:46,527 INFO  ratis.XceiverServerRatis (XceiverServerRatis.java:start(404)) - Starting XceiverServerRatis cff0f701-856b-47b5-97eb-c2f7cf466fad at port 0
2019-08-24 12:53:46,535 INFO  impl.RaftServerProxy (RaftServerProxy.java:lambda$start$3(299)) - cff0f701-856b-47b5-97eb-c2f7cf466fad: start RPC server
2019-08-24 12:53:46,536 INFO  server.GrpcService (GrpcService.java:startImpl(149)) - cff0f701-856b-47b5-97eb-c2f7cf466fad: GrpcService started, listening on 0.0.0.0/0.0.0.0:39465
2019-08-24 12:53:46,536 INFO  ratis.XceiverServerRatis (XceiverServerRatis.java:start(414)) - XceiverServerRatis cff0f701-856b-47b5-97eb-c2f7cf466fad is started using port 39465
2019-08-24 12:53:46,539 INFO  server.XceiverServerGrpc (XceiverServerGrpc.java:start(161)) - XceiverServerGrpc cff0f701-856b-47b5-97eb-c2f7cf466fad is started using port 36192
2019-08-24 12:53:46,712 INFO  ozone.MiniOzoneClusterImpl (MiniOzoneClusterImpl.java:lambda$waitForClusterToBeReady$0(142)) - Waiting for cluster to be ready. Got 0 of 3 DN Heartbeats.
2019-08-24 12:53:46,716 | INFO  | SCMAudit | user=jenkins1000 | ip=192.168.69.124 | op=GET_VERSION null | ret=SUCCESS |  
2019-08-24 12:53:46,748 INFO  ozoneimpl.OzoneContainer (OzoneContainer.java:start(186)) - Attempting to start container services.
2019-08-24 12:53:46,749 INFO  ozoneimpl.OzoneContainer (OzoneContainer.java:startContainerScrub(160)) - Background container scrubber has been disabled by hdds.containerscrub.enabled
2019-08-24 12:53:46,749 INFO  ratis.XceiverServerRatis (XceiverServerRatis.java:start(404)) - Starting XceiverServerRatis 144ca2c3-c864-4a6d-85bb-c117ab4d9edf at port 0
2019-08-24 12:53:46,758 INFO  impl.RaftServerProxy (RaftServerProxy.java:lambda$start$3(299)) - 144ca2c3-c864-4a6d-85bb-c117ab4d9edf: start RPC server
2019-08-24 12:53:46,759 INFO  server.GrpcService (GrpcService.java:startImpl(149)) - 144ca2c3-c864-4a6d-85bb-c117ab4d9edf: GrpcService started, listening on 0.0.0.0/0.0.0.0:36478
2019-08-24 12:53:46,759 INFO  ratis.XceiverServerRatis (XceiverServerRatis.java:start(414)) - XceiverServerRatis 144ca2c3-c864-4a6d-85bb-c117ab4d9edf is started using port 36478
2019-08-24 12:53:46,764 INFO  server.XceiverServerGrpc (XceiverServerGrpc.java:start(161)) - XceiverServerGrpc 144ca2c3-c864-4a6d-85bb-c117ab4d9edf is started using port 34347
2019-08-24 12:53:47,713 INFO  ozone.MiniOzoneClusterImpl (MiniOzoneClusterImpl.java:lambda$waitForClusterToBeReady$0(142)) - Waiting for cluster to be ready. Got 0 of 3 DN Heartbeats.
2019-08-24 12:53:48,283 INFO  net.NetworkTopology (NetworkTopologyImpl.java:add(110)) - Added a new node: /default-rack/88606864-d3c7-410e-8604-6d8d21473076
2019-08-24 12:53:48,285 INFO  node.SCMNodeManager (SCMNodeManager.java:register(273)) - Registered Data node : 88606864-d3c7-410e-8604-6d8d21473076{ip: 192.168.69.124, host: pr-hdds-2029-g5rx4-259851958, networkLocation: /default-rack, certSerialId: null}
2019-08-24 12:53:48,286 INFO  safemode.SCMSafeModeManager (DataNodeSafeModeRule.java:process(71)) - SCM in safe mode. 1 DataNodes registered, 1 required.
2019-08-24 12:53:48,288 INFO  safemode.SCMSafeModeManager (SCMSafeModeManager.java:validateSafeModeExitRules(177)) - ScmSafeModeManager, all rules are successfully validated
2019-08-24 12:53:48,288 INFO  safemode.SCMSafeModeManager (SCMSafeModeManager.java:exitSafeMode(193)) - SCM exiting safe mode.
2019-08-24 12:53:48,288 | INFO  | SCMAudit | user=jenkins1000 | ip=192.168.69.124 | op=REGISTER {datanodeDetails=88606864-d3c7-410e-8604-6d8d21473076{ip: 192.168.69.124, host: pr-hdds-2029-g5rx4-259851958, networkLocation: /default-rack, certSerialId: null}} | ret=SUCCESS |  
2019-08-24 12:53:48,313 INFO  impl.RaftServerProxy (RaftServerProxy.java:addNew(89)) - 88606864-d3c7-410e-8604-6d8d21473076: addNew group-8AAA66C8B2F4:[88606864-d3c7-410e-8604-6d8d21473076:192.168.69.124:33113] returns group-8AAA66C8B2F4:java.util.concurrent.CompletableFuture@4683c08[Not completed]
2019-08-24 12:53:48,316 INFO  impl.RaftServerImpl (RaftServerImpl.java:<init>(93)) - 88606864-d3c7-410e-8604-6d8d21473076: new RaftServerImpl for group-8AAA66C8B2F4:[88606864-d3c7-410e-8604-6d8d21473076:192.168.69.124:33113] with ContainerStateMachine:uninitialized
2019-08-24 12:53:48,316 INFO  server.RaftServerConfigKeys (ConfUtils.java:logGet(43)) - raft.server.rpc.timeout.min = 5s (custom)
2019-08-24 12:53:48,317 INFO  server.RaftServerConfigKeys (ConfUtils.java:logGet(43)) - raft.server.rpc.timeout.max = 5200ms (custom)
2019-08-24 12:53:48,317 INFO  server.RaftServerConfigKeys (ConfUtils.java:logGet(43)) - raft.server.rpcslowness.timeout = 120s (custom)
2019-08-24 12:53:48,317 INFO  server.RaftServerConfigKeys (ConfUtils.java:logGet(43)) - raft.server.sleep.deviation.threshold = 300 (default)
2019-08-24 12:53:48,317 INFO  server.RaftServerConfigKeys (ConfUtils.java:logGet(43)) - raft.server.log.appender.install.snapshot.enabled = false (custom)
2019-08-24 12:53:48,317 INFO  impl.RaftServerImpl (ServerState.java:<init>(105)) - 88606864-d3c7-410e-8604-6d8d21473076:group-8AAA66C8B2F4 ConfigurationManager, init=-1: [88606864-d3c7-410e-8604-6d8d21473076:192.168.69.124:33113], old=null, confs=<EMPTY_MAP>
2019-08-24 12:53:48,318 INFO  server.RaftServerConfigKeys (ConfUtils.java:logGet(43)) - raft.server.storage.dir = [/workdir/hadoop-ozone/integration-test/target/test-dir/MiniOzoneClusterImpl-41984b6e-f72b-4a0e-8b27-1606d96635a1/datanode-0/data/ratis] (custom)
2019-08-24 12:53:48,318 INFO  storage.RaftStorageDirectory (RaftStorageDirectory.java:analyzeStorage(246)) - The storage directory /workdir/hadoop-ozone/integration-test/target/test-dir/MiniOzoneClusterImpl-41984b6e-f72b-4a0e-8b27-1606d96635a1/datanode-0/data/ratis/24cbd146-a05b-472f-a4b6-8aaa66c8b2f4 does not exist. Creating ...
2019-08-24 12:53:48,338 INFO  storage.RaftStorageDirectory (RaftStorageDirectory.java:tryLock(328)) - Lock on /workdir/hadoop-ozone/integration-test/target/test-dir/MiniOzoneClusterImpl-41984b6e-f72b-4a0e-8b27-1606d96635a1/datanode-0/data/ratis/24cbd146-a05b-472f-a4b6-8aaa66c8b2f4/in_use.lock acquired by nodename 8922@pr-hdds-2029-g5rx4-259851958
2019-08-24 12:53:48,349 INFO  storage.RaftStorage (RaftStorage.java:format(72)) - Storage directory /workdir/hadoop-ozone/integration-test/target/test-dir/MiniOzoneClusterImpl-41984b6e-f72b-4a0e-8b27-1606d96635a1/datanode-0/data/ratis/24cbd146-a05b-472f-a4b6-8aaa66c8b2f4 has been successfully formatted.
2019-08-24 12:53:48,350 INFO  ratis.ContainerStateMachine (ContainerStateMachine.java:loadSnapshot(213)) - group-8AAA66C8B2F4: The snapshot info is null. Setting the last applied indexto:(t:0, i:~)
2019-08-24 12:53:48,350 INFO  server.RaftServerConfigKeys (ConfUtils.java:logGet(43)) - raft.server.leader.election.timeout = 120s (custom)
2019-08-24 12:53:48,350 INFO  server.RaftServerConfigKeys (ConfUtils.java:logGet(43)) - raft.server.log.use.memory = false (default)
2019-08-24 12:53:48,351 INFO  server.RaftServerConfigKeys (ConfUtils.java:logGet(43)) - raft.server.log.purge.gap = 1000000000 (custom)
2019-08-24 12:53:48,351 INFO  server.RaftServerConfigKeys (ConfUtils.java:logGet(43)) - raft.server.log.appender.buffer.byte-limit = 33554432 (custom)
2019-08-24 12:53:48,351 INFO  server.RaftServerConfigKeys (ConfUtils.java:logGet(43)) - raft.server.log.segment.size.max = 1048576 (custom)
2019-08-24 12:53:48,351 INFO  server.RaftServerConfigKeys (ConfUtils.java:logGet(43)) - raft.server.log.segment.cache.num.max = 2 (custom)
2019-08-24 12:53:48,352 INFO  segmented.SegmentedRaftLogWorker (SegmentedRaftLogWorker.java:<init>(172)) - new 88606864-d3c7-410e-8604-6d8d21473076-SegmentedRaftLogWorker:Storage Directory /workdir/hadoop-ozone/integration-test/target/test-dir/MiniOzoneClusterImpl-41984b6e-f72b-4a0e-8b27-1606d96635a1/datanode-0/data/ratis/24cbd146-a05b-472f-a4b6-8aaa66c8b2f4 for RaftStorage:Storage Directory /workdir/hadoop-ozone/integration-test/target/test-dir/MiniOzoneClusterImpl-41984b6e-f72b-4a0e-8b27-1606d96635a1/datanode-0/data/ratis/24cbd146-a05b-472f-a4b6-8aaa66c8b2f4
2019-08-24 12:53:48,352 INFO  server.RaftServerConfigKeys (ConfUtils.java:logGet(43)) - raft.server.log.queue.byte-limit = 2147483647 (custom)
2019-08-24 12:53:48,352 INFO  server.RaftServerConfigKeys (ConfUtils.java:logGet(43)) - raft.server.log.queue.element-limit = 1024 (custom)
2019-08-24 12:53:48,353 INFO  server.RaftServerConfigKeys (ConfUtils.java:logGet(43)) - raft.server.log.segment.size.max = 1048576 (custom)
2019-08-24 12:53:48,353 INFO  server.RaftServerConfigKeys (ConfUtils.java:logGet(43)) - raft.server.log.preallocated.size = 16384 (custom)
2019-08-24 12:53:48,353 INFO  server.RaftServerConfigKeys (ConfUtils.java:logGet(43)) - raft.server.log.write.buffer.size = 33554432 (custom)
2019-08-24 12:53:48,353 INFO  server.RaftServerConfigKeys (ConfUtils.java:logGet(43)) - raft.server.log.force.sync.num = 128 (default)
2019-08-24 12:53:48,353 INFO  server.RaftServerConfigKeys (ConfUtils.java:logGet(43)) - raft.server.log.statemachine.data.sync = true (default)
2019-08-24 12:53:48,354 INFO  server.RaftServerConfigKeys (ConfUtils.java:logGet(43)) - raft.server.log.statemachine.data.sync.timeout = 10s (default)
2019-08-24 12:53:48,354 INFO  server.RaftServerConfigKeys (ConfUtils.java:logGet(43)) - raft.server.log.statemachine.data.sync.timeout.retry = -1 (default)
2019-08-24 12:53:48,354 INFO  server.RaftServerConfigKeys (ConfUtils.java:logGet(43)) - raft.server.log.statemachine.data.caching.enabled = true (custom)
2019-08-24 12:53:48,355 INFO  segmented.SegmentedRaftLogWorker (SegmentedRaftLogWorker.java:lambda$new$0(132)) - 88606864-d3c7-410e-8604-6d8d21473076-SegmentedRaftLogWorker:Storage Directory /workdir/hadoop-ozone/integration-test/target/test-dir/MiniOzoneClusterImpl-41984b6e-f72b-4a0e-8b27-1606d96635a1/datanode-0/data/ratis/24cbd146-a05b-472f-a4b6-8aaa66c8b2f4: flushIndex: setUnconditionally 0 -> -1
2019-08-24 12:53:48,355 INFO  server.RaftServerConfigKeys (ConfUtils.java:logGet(43)) - raft.server.snapshot.auto.trigger.enabled = true (custom)
2019-08-24 12:53:48,355 INFO  server.RaftServerConfigKeys (ConfUtils.java:logGet(43)) - raft.server.snapshot.auto.trigger.threshold = 10000 (custom)
2019-08-24 12:53:48,356 INFO  server.RaftServerConfigKeys (ConfUtils.java:logGet(43)) - raft.server.retrycache.expirytime = 600000ms (custom)
2019-08-24 12:53:48,356 INFO  impl.RaftServerImpl (RaftServerImpl.java:start(180)) - 88606864-d3c7-410e-8604-6d8d21473076: start group-8AAA66C8B2F4
2019-08-24 12:53:48,356 INFO  impl.RaftServerImpl (RaftServerImpl.java:setRole(171)) - 88606864-d3c7-410e-8604-6d8d21473076:group-8AAA66C8B2F4 changes role from null to FOLLOWER at term 0 for startAsFollower
2019-08-24 12:53:48,357 INFO  impl.RoleInfo (RoleInfo.java:updateAndGet(143)) - 88606864-d3c7-410e-8604-6d8d21473076: start FollowerState
2019-08-24 12:53:48,357 INFO  util.JmxRegister (JmxRegister.java:tryRegister(44)) - Successfully registered JMX Bean with object name Ratis:service=RaftServer,group=group-8AAA66C8B2F4,id=88606864-d3c7-410e-8604-6d8d21473076
2019-08-24 12:53:48,365 INFO  pipeline.PipelineStateManager (PipelineStateManager.java:addPipeline(56)) - Created pipeline Pipeline[ Id: 24cbd146-a05b-472f-a4b6-8aaa66c8b2f4, Nodes: 88606864-d3c7-410e-8604-6d8d21473076{ip: 192.168.69.124, host: pr-hdds-2029-g5rx4-259851958, networkLocation: /default-rack, certSerialId: null}, Type:RATIS, Factor:ONE, State:OPEN]
2019-08-24 12:53:48,511 INFO  net.NetworkTopology (NetworkTopologyImpl.java:add(110)) - Added a new node: /default-rack/cff0f701-856b-47b5-97eb-c2f7cf466fad
2019-08-24 12:53:48,511 INFO  node.SCMNodeManager (SCMNodeManager.java:register(273)) - Registered Data node : cff0f701-856b-47b5-97eb-c2f7cf466fad{ip: 192.168.69.124, host: pr-hdds-2029-g5rx4-259851958, networkLocation: /default-rack, certSerialId: null}
2019-08-24 12:53:48,512 | INFO  | SCMAudit | user=jenkins1000 | ip=192.168.69.124 | op=REGISTER {datanodeDetails=cff0f701-856b-47b5-97eb-c2f7cf466fad{ip: 192.168.69.124, host: pr-hdds-2029-g5rx4-259851958, networkLocation: /default-rack, certSerialId: null}} | ret=SUCCESS |  
2019-08-24 12:53:48,530 INFO  impl.RaftServerProxy (RaftServerProxy.java:addNew(89)) - cff0f701-856b-47b5-97eb-c2f7cf466fad: addNew group-F5BCB37DC72A:[cff0f701-856b-47b5-97eb-c2f7cf466fad:192.168.69.124:39465] returns group-F5BCB37DC72A:java.util.concurrent.CompletableFuture@210a2312[Not completed]
2019-08-24 12:53:48,531 INFO  impl.RaftServerImpl (RaftServerImpl.java:<init>(93)) - cff0f701-856b-47b5-97eb-c2f7cf466fad: new RaftServerImpl for group-F5BCB37DC72A:[cff0f701-856b-47b5-97eb-c2f7cf466fad:192.168.69.124:39465] with ContainerStateMachine:uninitialized
2019-08-24 12:53:48,532 INFO  server.RaftServerConfigKeys (ConfUtils.java:logGet(43)) - raft.server.rpc.timeout.min = 5s (custom)
2019-08-24 12:53:48,532 INFO  server.RaftServerConfigKeys (ConfUtils.java:logGet(43)) - raft.server.rpc.timeout.max = 5200ms (custom)
2019-08-24 12:53:48,532 INFO  server.RaftServerConfigKeys (ConfUtils.java:logGet(43)) - raft.server.rpcslowness.timeout = 120s (custom)
2019-08-24 12:53:48,532 INFO  server.RaftServerConfigKeys (ConfUtils.java:logGet(43)) - raft.server.sleep.deviation.threshold = 300 (default)
2019-08-24 12:53:48,532 INFO  server.RaftServerConfigKeys (ConfUtils.java:logGet(43)) - raft.server.log.appender.install.snapshot.enabled = false (custom)
2019-08-24 12:53:48,533 INFO  impl.RaftServerImpl (ServerState.java:<init>(105)) - cff0f701-856b-47b5-97eb-c2f7cf466fad:group-F5BCB37DC72A ConfigurationManager, init=-1: [cff0f701-856b-47b5-97eb-c2f7cf466fad:192.168.69.124:39465], old=null, confs=<EMPTY_MAP>
2019-08-24 12:53:48,533 INFO  server.RaftServerConfigKeys (ConfUtils.java:logGet(43)) - raft.server.storage.dir = [/workdir/hadoop-ozone/integration-test/target/test-dir/MiniOzoneClusterImpl-41984b6e-f72b-4a0e-8b27-1606d96635a1/datanode-1/data/ratis] (custom)
2019-08-24 12:53:48,533 INFO  storage.RaftStorageDirectory (RaftStorageDirectory.java:analyzeStorage(246)) - The storage directory /workdir/hadoop-ozone/integration-test/target/test-dir/MiniOzoneClusterImpl-41984b6e-f72b-4a0e-8b27-1606d96635a1/datanode-1/data/ratis/d4492a84-8ee5-434a-8485-f5bcb37dc72a does not exist. Creating ...
2019-08-24 12:53:48,546 INFO  storage.RaftStorageDirectory (RaftStorageDirectory.java:tryLock(328)) - Lock on /workdir/hadoop-ozone/integration-test/target/test-dir/MiniOzoneClusterImpl-41984b6e-f72b-4a0e-8b27-1606d96635a1/datanode-1/data/ratis/d4492a84-8ee5-434a-8485-f5bcb37dc72a/in_use.lock acquired by nodename 8922@pr-hdds-2029-g5rx4-259851958
2019-08-24 12:53:48,559 INFO  storage.RaftStorage (RaftStorage.java:format(72)) - Storage directory /workdir/hadoop-ozone/integration-test/target/test-dir/MiniOzoneClusterImpl-41984b6e-f72b-4a0e-8b27-1606d96635a1/datanode-1/data/ratis/d4492a84-8ee5-434a-8485-f5bcb37dc72a has been successfully formatted.
2019-08-24 12:53:48,560 INFO  ratis.ContainerStateMachine (ContainerStateMachine.java:loadSnapshot(213)) - group-F5BCB37DC72A: The snapshot info is null. Setting the last applied indexto:(t:0, i:~)
2019-08-24 12:53:48,560 INFO  server.RaftServerConfigKeys (ConfUtils.java:logGet(43)) - raft.server.leader.election.timeout = 120s (custom)
2019-08-24 12:53:48,560 INFO  server.RaftServerConfigKeys (ConfUtils.java:logGet(43)) - raft.server.log.use.memory = false (default)
2019-08-24 12:53:48,560 INFO  server.RaftServerConfigKeys (ConfUtils.java:logGet(43)) - raft.server.log.purge.gap = 1000000000 (custom)
2019-08-24 12:53:48,561 INFO  server.RaftServerConfigKeys (ConfUtils.java:logGet(43)) - raft.server.log.appender.buffer.byte-limit = 33554432 (custom)
2019-08-24 12:53:48,561 INFO  server.RaftServerConfigKeys (ConfUtils.java:logGet(43)) - raft.server.log.segment.size.max = 1048576 (custom)
2019-08-24 12:53:48,561 INFO  server.RaftServerConfigKeys (ConfUtils.java:logGet(43)) - raft.server.log.segment.cache.num.max = 2 (custom)
2019-08-24 12:53:48,561 INFO  segmented.SegmentedRaftLogWorker (SegmentedRaftLogWorker.java:<init>(172)) - new cff0f701-856b-47b5-97eb-c2f7cf466fad-SegmentedRaftLogWorker:Storage Directory /workdir/hadoop-ozone/integration-test/target/test-dir/MiniOzoneClusterImpl-41984b6e-f72b-4a0e-8b27-1606d96635a1/datanode-1/data/ratis/d4492a84-8ee5-434a-8485-f5bcb37dc72a for RaftStorage:Storage Directory /workdir/hadoop-ozone/integration-test/target/test-dir/MiniOzoneClusterImpl-41984b6e-f72b-4a0e-8b27-1606d96635a1/datanode-1/data/ratis/d4492a84-8ee5-434a-8485-f5bcb37dc72a
2019-08-24 12:53:48,561 INFO  server.RaftServerConfigKeys (ConfUtils.java:logGet(43)) - raft.server.log.queue.byte-limit = 2147483647 (custom)
2019-08-24 12:53:48,562 INFO  server.RaftServerConfigKeys (ConfUtils.java:logGet(43)) - raft.server.log.queue.element-limit = 1024 (custom)
2019-08-24 12:53:48,562 INFO  server.RaftServerConfigKeys (ConfUtils.java:logGet(43)) - raft.server.log.segment.size.max = 1048576 (custom)
2019-08-24 12:53:48,562 INFO  server.RaftServerConfigKeys (ConfUtils.java:logGet(43)) - raft.server.log.preallocated.size = 16384 (custom)
2019-08-24 12:53:48,562 INFO  server.RaftServerConfigKeys (ConfUtils.java:logGet(43)) - raft.server.log.write.buffer.size = 33554432 (custom)
2019-08-24 12:53:48,562 INFO  server.RaftServerConfigKeys (ConfUtils.java:logGet(43)) - raft.server.log.force.sync.num = 128 (default)
2019-08-24 12:53:48,562 INFO  server.RaftServerConfigKeys (ConfUtils.java:logGet(43)) - raft.server.log.statemachine.data.sync = true (default)
2019-08-24 12:53:48,563 INFO  server.RaftServerConfigKeys (ConfUtils.java:logGet(43)) - raft.server.log.statemachine.data.sync.timeout = 10s (default)
2019-08-24 12:53:48,563 INFO  server.RaftServerConfigKeys (ConfUtils.java:logGet(43)) - raft.server.log.statemachine.data.sync.timeout.retry = -1 (default)
2019-08-24 12:53:48,563 INFO  server.RaftServerConfigKeys (ConfUtils.java:logGet(43)) - raft.server.log.statemachine.data.caching.enabled = true (custom)
2019-08-24 12:53:48,564 INFO  segmented.SegmentedRaftLogWorker (SegmentedRaftLogWorker.java:lambda$new$0(132)) - cff0f701-856b-47b5-97eb-c2f7cf466fad-SegmentedRaftLogWorker:Storage Directory /workdir/hadoop-ozone/integration-test/target/test-dir/MiniOzoneClusterImpl-41984b6e-f72b-4a0e-8b27-1606d96635a1/datanode-1/data/ratis/d4492a84-8ee5-434a-8485-f5bcb37dc72a: flushIndex: setUnconditionally 0 -> -1
2019-08-24 12:53:48,564 INFO  server.RaftServerConfigKeys (ConfUtils.java:logGet(43)) - raft.server.snapshot.auto.trigger.enabled = true (custom)
2019-08-24 12:53:48,564 INFO  server.RaftServerConfigKeys (ConfUtils.java:logGet(43)) - raft.server.snapshot.auto.trigger.threshold = 10000 (custom)
2019-08-24 12:53:48,564 INFO  server.RaftServerConfigKeys (ConfUtils.java:logGet(43)) - raft.server.retrycache.expirytime = 600000ms (custom)
2019-08-24 12:53:48,565 INFO  impl.RaftServerImpl (RaftServerImpl.java:start(180)) - cff0f701-856b-47b5-97eb-c2f7cf466fad: start group-F5BCB37DC72A
2019-08-24 12:53:48,565 INFO  impl.RaftServerImpl (RaftServerImpl.java:setRole(171)) - cff0f701-856b-47b5-97eb-c2f7cf466fad:group-F5BCB37DC72A changes role from null to FOLLOWER at term 0 for startAsFollower
2019-08-24 12:53:48,565 INFO  impl.RoleInfo (RoleInfo.java:updateAndGet(143)) - cff0f701-856b-47b5-97eb-c2f7cf466fad: start FollowerState
2019-08-24 12:53:48,571 INFO  util.JmxRegister (JmxRegister.java:tryRegister(44)) - Successfully registered JMX Bean with object name Ratis:service=RaftServer,group=group-F5BCB37DC72A,id=cff0f701-856b-47b5-97eb-c2f7cf466fad
2019-08-24 12:53:48,580 INFO  pipeline.PipelineStateManager (PipelineStateManager.java:addPipeline(56)) - Created pipeline Pipeline[ Id: d4492a84-8ee5-434a-8485-f5bcb37dc72a, Nodes: cff0f701-856b-47b5-97eb-c2f7cf466fad{ip: 192.168.69.124, host: pr-hdds-2029-g5rx4-259851958, networkLocation: /default-rack, certSerialId: null}, Type:RATIS, Factor:ONE, State:OPEN]
2019-08-24 12:53:48,713 INFO  ozone.MiniOzoneClusterImpl (MiniOzoneClusterImpl.java:lambda$waitForClusterToBeReady$0(142)) - Waiting for cluster to be ready. Got 2 of 3 DN Heartbeats.
2019-08-24 12:53:48,716 INFO  net.NetworkTopology (NetworkTopologyImpl.java:add(110)) - Added a new node: /default-rack/144ca2c3-c864-4a6d-85bb-c117ab4d9edf
2019-08-24 12:53:48,716 INFO  node.SCMNodeManager (SCMNodeManager.java:register(273)) - Registered Data node : 144ca2c3-c864-4a6d-85bb-c117ab4d9edf{ip: 192.168.69.124, host: pr-hdds-2029-g5rx4-259851958, networkLocation: /default-rack, certSerialId: null}
2019-08-24 12:53:48,717 | INFO  | SCMAudit | user=jenkins1000 | ip=192.168.69.124 | op=REGISTER {datanodeDetails=144ca2c3-c864-4a6d-85bb-c117ab4d9edf{ip: 192.168.69.124, host: pr-hdds-2029-g5rx4-259851958, networkLocation: /default-rack, certSerialId: null}} | ret=SUCCESS |  
2019-08-24 12:53:48,728 INFO  impl.RaftServerProxy (RaftServerProxy.java:addNew(89)) - 144ca2c3-c864-4a6d-85bb-c117ab4d9edf: addNew group-730DE5407053:[144ca2c3-c864-4a6d-85bb-c117ab4d9edf:192.168.69.124:36478] returns group-730DE5407053:java.util.concurrent.CompletableFuture@4aecc2a0[Not completed]
2019-08-24 12:53:48,730 INFO  impl.RaftServerImpl (RaftServerImpl.java:<init>(93)) - 144ca2c3-c864-4a6d-85bb-c117ab4d9edf: new RaftServerImpl for group-730DE5407053:[144ca2c3-c864-4a6d-85bb-c117ab4d9edf:192.168.69.124:36478] with ContainerStateMachine:uninitialized
2019-08-24 12:53:48,730 INFO  server.RaftServerConfigKeys (ConfUtils.java:logGet(43)) - raft.server.rpc.timeout.min = 5s (custom)
2019-08-24 12:53:48,730 INFO  server.RaftServerConfigKeys (ConfUtils.java:logGet(43)) - raft.server.rpc.timeout.max = 5200ms (custom)
2019-08-24 12:53:48,730 INFO  server.RaftServerConfigKeys (ConfUtils.java:logGet(43)) - raft.server.rpcslowness.timeout = 120s (custom)
2019-08-24 12:53:48,730 INFO  server.RaftServerConfigKeys (ConfUtils.java:logGet(43)) - raft.server.sleep.deviation.threshold = 300 (default)
2019-08-24 12:53:48,731 INFO  server.RaftServerConfigKeys (ConfUtils.java:logGet(43)) - raft.server.log.appender.install.snapshot.enabled = false (custom)
2019-08-24 12:53:48,731 INFO  impl.RaftServerImpl (ServerState.java:<init>(105)) - 144ca2c3-c864-4a6d-85bb-c117ab4d9edf:group-730DE5407053 ConfigurationManager, init=-1: [144ca2c3-c864-4a6d-85bb-c117ab4d9edf:192.168.69.124:36478], old=null, confs=<EMPTY_MAP>
2019-08-24 12:53:48,731 INFO  server.RaftServerConfigKeys (ConfUtils.java:logGet(43)) - raft.server.storage.dir = [/workdir/hadoop-ozone/integration-test/target/test-dir/MiniOzoneClusterImpl-41984b6e-f72b-4a0e-8b27-1606d96635a1/datanode-2/data/ratis] (custom)
2019-08-24 12:53:48,731 INFO  storage.RaftStorageDirectory (RaftStorageDirectory.java:analyzeStorage(246)) - The storage directory /workdir/hadoop-ozone/integration-test/target/test-dir/MiniOzoneClusterImpl-41984b6e-f72b-4a0e-8b27-1606d96635a1/datanode-2/data/ratis/184e1648-e8e7-403c-9a58-730de5407053 does not exist. Creating ...
2019-08-24 12:53:48,746 INFO  storage.RaftStorageDirectory (RaftStorageDirectory.java:tryLock(328)) - Lock on /workdir/hadoop-ozone/integration-test/target/test-dir/MiniOzoneClusterImpl-41984b6e-f72b-4a0e-8b27-1606d96635a1/datanode-2/data/ratis/184e1648-e8e7-403c-9a58-730de5407053/in_use.lock acquired by nodename 8922@pr-hdds-2029-g5rx4-259851958
2019-08-24 12:53:48,777 INFO  storage.RaftStorage (RaftStorage.java:format(72)) - Storage directory /workdir/hadoop-ozone/integration-test/target/test-dir/MiniOzoneClusterImpl-41984b6e-f72b-4a0e-8b27-1606d96635a1/datanode-2/data/ratis/184e1648-e8e7-403c-9a58-730de5407053 has been successfully formatted.
2019-08-24 12:53:48,778 INFO  ratis.ContainerStateMachine (ContainerStateMachine.java:loadSnapshot(213)) - group-730DE5407053: The snapshot info is null. Setting the last applied indexto:(t:0, i:~)
2019-08-24 12:53:48,778 INFO  server.RaftServerConfigKeys (ConfUtils.java:logGet(43)) - raft.server.leader.election.timeout = 120s (custom)
2019-08-24 12:53:48,778 INFO  server.RaftServerConfigKeys (ConfUtils.java:logGet(43)) - raft.server.log.use.memory = false (default)
2019-08-24 12:53:48,778 INFO  server.RaftServerConfigKeys (ConfUtils.java:logGet(43)) - raft.server.log.purge.gap = 1000000000 (custom)
2019-08-24 12:53:48,779 INFO  server.RaftServerConfigKeys (ConfUtils.java:logGet(43)) - raft.server.log.appender.buffer.byte-limit = 33554432 (custom)
2019-08-24 12:53:48,779 INFO  server.RaftServerConfigKeys (ConfUtils.java:logGet(43)) - raft.server.log.segment.size.max = 1048576 (custom)
2019-08-24 12:53:48,779 INFO  server.RaftServerConfigKeys (ConfUtils.java:logGet(43)) - raft.server.log.segment.cache.num.max = 2 (custom)
2019-08-24 12:53:48,779 INFO  segmented.SegmentedRaftLogWorker (SegmentedRaftLogWorker.java:<init>(172)) - new 144ca2c3-c864-4a6d-85bb-c117ab4d9edf-SegmentedRaftLogWorker:Storage Directory /workdir/hadoop-ozone/integration-test/target/test-dir/MiniOzoneClusterImpl-41984b6e-f72b-4a0e-8b27-1606d96635a1/datanode-2/data/ratis/184e1648-e8e7-403c-9a58-730de5407053 for RaftStorage:Storage Directory /workdir/hadoop-ozone/integration-test/target/test-dir/MiniOzoneClusterImpl-41984b6e-f72b-4a0e-8b27-1606d96635a1/datanode-2/data/ratis/184e1648-e8e7-403c-9a58-730de5407053
2019-08-24 12:53:48,779 INFO  server.RaftServerConfigKeys (ConfUtils.java:logGet(43)) - raft.server.log.queue.byte-limit = 2147483647 (custom)
2019-08-24 12:53:48,780 INFO  server.RaftServerConfigKeys (ConfUtils.java:logGet(43)) - raft.server.log.queue.element-limit = 1024 (custom)
2019-08-24 12:53:48,780 INFO  server.RaftServerConfigKeys (ConfUtils.java:logGet(43)) - raft.server.log.segment.size.max = 1048576 (custom)
2019-08-24 12:53:48,780 INFO  server.RaftServerConfigKeys (ConfUtils.java:logGet(43)) - raft.server.log.preallocated.size = 16384 (custom)
2019-08-24 12:53:48,780 INFO  server.RaftServerConfigKeys (ConfUtils.java:logGet(43)) - raft.server.log.write.buffer.size = 33554432 (custom)
2019-08-24 12:53:48,781 INFO  server.RaftServerConfigKeys (ConfUtils.java:logGet(43)) - raft.server.log.force.sync.num = 128 (default)
2019-08-24 12:53:48,781 INFO  server.RaftServerConfigKeys (ConfUtils.java:logGet(43)) - raft.server.log.statemachine.data.sync = true (default)
2019-08-24 12:53:48,781 INFO  server.RaftServerConfigKeys (ConfUtils.java:logGet(43)) - raft.server.log.statemachine.data.sync.timeout = 10s (default)
2019-08-24 12:53:48,781 INFO  server.RaftServerConfigKeys (ConfUtils.java:logGet(43)) - raft.server.log.statemachine.data.sync.timeout.retry = -1 (default)
2019-08-24 12:53:48,782 INFO  server.RaftServerConfigKeys (ConfUtils.java:logGet(43)) - raft.server.log.statemachine.data.caching.enabled = true (custom)
2019-08-24 12:53:48,782 INFO  segmented.SegmentedRaftLogWorker (SegmentedRaftLogWorker.java:lambda$new$0(132)) - 144ca2c3-c864-4a6d-85bb-c117ab4d9edf-SegmentedRaftLogWorker:Storage Directory /workdir/hadoop-ozone/integration-test/target/test-dir/MiniOzoneClusterImpl-41984b6e-f72b-4a0e-8b27-1606d96635a1/datanode-2/data/ratis/184e1648-e8e7-403c-9a58-730de5407053: flushIndex: setUnconditionally 0 -> -1
2019-08-24 12:53:48,783 INFO  server.RaftServerConfigKeys (ConfUtils.java:logGet(43)) - raft.server.snapshot.auto.trigger.enabled = true (custom)
2019-08-24 12:53:48,783 INFO  server.RaftServerConfigKeys (ConfUtils.java:logGet(43)) - raft.server.snapshot.auto.trigger.threshold = 10000 (custom)
2019-08-24 12:53:48,783 INFO  server.RaftServerConfigKeys (ConfUtils.java:logGet(43)) - raft.server.retrycache.expirytime = 600000ms (custom)
2019-08-24 12:53:48,783 INFO  impl.RaftServerImpl (RaftServerImpl.java:start(180)) - 144ca2c3-c864-4a6d-85bb-c117ab4d9edf: start group-730DE5407053
2019-08-24 12:53:48,783 INFO  impl.RaftServerImpl (RaftServerImpl.java:setRole(171)) - 144ca2c3-c864-4a6d-85bb-c117ab4d9edf:group-730DE5407053 changes role from null to FOLLOWER at term 0 for startAsFollower
2019-08-24 12:53:48,784 INFO  impl.RoleInfo (RoleInfo.java:updateAndGet(143)) - 144ca2c3-c864-4a6d-85bb-c117ab4d9edf: start FollowerState
2019-08-24 12:53:48,784 INFO  util.JmxRegister (JmxRegister.java:tryRegister(44)) - Successfully registered JMX Bean with object name Ratis:service=RaftServer,group=group-730DE5407053,id=144ca2c3-c864-4a6d-85bb-c117ab4d9edf
2019-08-24 12:53:48,791 INFO  pipeline.PipelineStateManager (PipelineStateManager.java:addPipeline(56)) - Created pipeline Pipeline[ Id: 184e1648-e8e7-403c-9a58-730de5407053, Nodes: 144ca2c3-c864-4a6d-85bb-c117ab4d9edf{ip: 192.168.69.124, host: pr-hdds-2029-g5rx4-259851958, networkLocation: /default-rack, certSerialId: null}, Type:RATIS, Factor:ONE, State:OPEN]
2019-08-24 12:53:48,816 INFO  impl.RaftServerProxy (RaftServerProxy.java:addNew(89)) - cff0f701-856b-47b5-97eb-c2f7cf466fad: addNew group-AB80F3B17E67:[cff0f701-856b-47b5-97eb-c2f7cf466fad:192.168.69.124:39465, 144ca2c3-c864-4a6d-85bb-c117ab4d9edf:192.168.69.124:36478, 88606864-d3c7-410e-8604-6d8d21473076:192.168.69.124:33113] returns group-AB80F3B17E67:java.util.concurrent.CompletableFuture@bfd244f[Not completed]
2019-08-24 12:53:48,817 INFO  impl.RaftServerProxy (RaftServerProxy.java:addNew(89)) - 88606864-d3c7-410e-8604-6d8d21473076: addNew group-AB80F3B17E67:[cff0f701-856b-47b5-97eb-c2f7cf466fad:192.168.69.124:39465, 144ca2c3-c864-4a6d-85bb-c117ab4d9edf:192.168.69.124:36478, 88606864-d3c7-410e-8604-6d8d21473076:192.168.69.124:33113] returns group-AB80F3B17E67:java.util.concurrent.CompletableFuture@2a7256a4[Not completed]
2019-08-24 12:53:48,817 INFO  impl.RaftServerProxy (RaftServerProxy.java:addNew(89)) - 144ca2c3-c864-4a6d-85bb-c117ab4d9edf: addNew group-AB80F3B17E67:[cff0f701-856b-47b5-97eb-c2f7cf466fad:192.168.69.124:39465, 144ca2c3-c864-4a6d-85bb-c117ab4d9edf:192.168.69.124:36478, 88606864-d3c7-410e-8604-6d8d21473076:192.168.69.124:33113] returns group-AB80F3B17E67:java.util.concurrent.CompletableFuture@7e9db789[Not completed]
2019-08-24 12:53:48,819 INFO  impl.RaftServerImpl (RaftServerImpl.java:<init>(93)) - cff0f701-856b-47b5-97eb-c2f7cf466fad: new RaftServerImpl for group-AB80F3B17E67:[cff0f701-856b-47b5-97eb-c2f7cf466fad:192.168.69.124:39465, 144ca2c3-c864-4a6d-85bb-c117ab4d9edf:192.168.69.124:36478, 88606864-d3c7-410e-8604-6d8d21473076:192.168.69.124:33113] with ContainerStateMachine:uninitialized
2019-08-24 12:53:48,820 INFO  server.RaftServerConfigKeys (ConfUtils.java:logGet(43)) - raft.server.rpc.timeout.min = 5s (custom)
2019-08-24 12:53:48,820 INFO  server.RaftServerConfigKeys (ConfUtils.java:logGet(43)) - raft.server.rpc.timeout.max = 5200ms (custom)
2019-08-24 12:53:48,820 INFO  server.RaftServerConfigKeys (ConfUtils.java:logGet(43)) - raft.server.rpcslowness.timeout = 120s (custom)
2019-08-24 12:53:48,820 INFO  impl.RaftServerImpl (RaftServerImpl.java:<init>(93)) - 144ca2c3-c864-4a6d-85bb-c117ab4d9edf: new RaftServerImpl for group-AB80F3B17E67:[cff0f701-856b-47b5-97eb-c2f7cf466fad:192.168.69.124:39465, 144ca2c3-c864-4a6d-85bb-c117ab4d9edf:192.168.69.124:36478, 88606864-d3c7-410e-8604-6d8d21473076:192.168.69.124:33113] with ContainerStateMachine:uninitialized
2019-08-24 12:53:48,820 INFO  server.RaftServerConfigKeys (ConfUtils.java:logGet(43)) - raft.server.sleep.deviation.threshold = 300 (default)
2019-08-24 12:53:48,820 INFO  server.RaftServerConfigKeys (ConfUtils.java:logGet(43)) - raft.server.rpc.timeout.min = 5s (custom)
2019-08-24 12:53:48,821 INFO  server.RaftServerConfigKeys (ConfUtils.java:logGet(43)) - raft.server.log.appender.install.snapshot.enabled = false (custom)
2019-08-24 12:53:48,821 INFO  server.RaftServerConfigKeys (ConfUtils.java:logGet(43)) - raft.server.rpc.timeout.max = 5200ms (custom)
2019-08-24 12:53:48,821 INFO  impl.RaftServerImpl (RaftServerImpl.java:<init>(93)) - 88606864-d3c7-410e-8604-6d8d21473076: new RaftServerImpl for group-AB80F3B17E67:[cff0f701-856b-47b5-97eb-c2f7cf466fad:192.168.69.124:39465, 144ca2c3-c864-4a6d-85bb-c117ab4d9edf:192.168.69.124:36478, 88606864-d3c7-410e-8604-6d8d21473076:192.168.69.124:33113] with ContainerStateMachine:uninitialized
2019-08-24 12:53:48,821 INFO  impl.RaftServerImpl (ServerState.java:<init>(105)) - cff0f701-856b-47b5-97eb-c2f7cf466fad:group-AB80F3B17E67 ConfigurationManager, init=-1: [cff0f701-856b-47b5-97eb-c2f7cf466fad:192.168.69.124:39465, 144ca2c3-c864-4a6d-85bb-c117ab4d9edf:192.168.69.124:36478, 88606864-d3c7-410e-8604-6d8d21473076:192.168.69.124:33113], old=null, confs=<EMPTY_MAP>
2019-08-24 12:53:48,821 INFO  server.RaftServerConfigKeys (ConfUtils.java:logGet(43)) - raft.server.rpc.timeout.min = 5s (custom)
2019-08-24 12:53:48,821 INFO  server.RaftServerConfigKeys (ConfUtils.java:logGet(43)) - raft.server.rpcslowness.timeout = 120s (custom)
2019-08-24 12:53:48,821 INFO  server.RaftServerConfigKeys (ConfUtils.java:logGet(43)) - raft.server.rpc.timeout.max = 5200ms (custom)
2019-08-24 12:53:48,821 INFO  server.RaftServerConfigKeys (ConfUtils.java:logGet(43)) - raft.server.storage.dir = [/workdir/hadoop-ozone/integration-test/target/test-dir/MiniOzoneClusterImpl-41984b6e-f72b-4a0e-8b27-1606d96635a1/datanode-1/data/ratis] (custom)
2019-08-24 12:53:48,822 INFO  server.RaftServerConfigKeys (ConfUtils.java:logGet(43)) - raft.server.rpcslowness.timeout = 120s (custom)
2019-08-24 12:53:48,822 INFO  server.RaftServerConfigKeys (ConfUtils.java:logGet(43)) - raft.server.sleep.deviation.threshold = 300 (default)
2019-08-24 12:53:48,822 INFO  server.RaftServerConfigKeys (ConfUtils.java:logGet(43)) - raft.server.sleep.deviation.threshold = 300 (default)
2019-08-24 12:53:48,822 INFO  storage.RaftStorageDirectory (RaftStorageDirectory.java:analyzeStorage(246)) - The storage directory /workdir/hadoop-ozone/integration-test/target/test-dir/MiniOzoneClusterImpl-41984b6e-f72b-4a0e-8b27-1606d96635a1/datanode-1/data/ratis/257e6ba3-e70b-4482-9bff-ab80f3b17e67 does not exist. Creating ...
2019-08-24 12:53:48,822 INFO  server.RaftServerConfigKeys (ConfUtils.java:logGet(43)) - raft.server.log.appender.install.snapshot.enabled = false (custom)
2019-08-24 12:53:48,822 INFO  server.RaftServerConfigKeys (ConfUtils.java:logGet(43)) - raft.server.log.appender.install.snapshot.enabled = false (custom)
2019-08-24 12:53:48,823 INFO  impl.RaftServerImpl (ServerState.java:<init>(105)) - 144ca2c3-c864-4a6d-85bb-c117ab4d9edf:group-AB80F3B17E67 ConfigurationManager, init=-1: [cff0f701-856b-47b5-97eb-c2f7cf466fad:192.168.69.124:39465, 144ca2c3-c864-4a6d-85bb-c117ab4d9edf:192.168.69.124:36478, 88606864-d3c7-410e-8604-6d8d21473076:192.168.69.124:33113], old=null, confs=<EMPTY_MAP>
2019-08-24 12:53:48,823 INFO  impl.RaftServerImpl (ServerState.java:<init>(105)) - 88606864-d3c7-410e-8604-6d8d21473076:group-AB80F3B17E67 ConfigurationManager, init=-1: [cff0f701-856b-47b5-97eb-c2f7cf466fad:192.168.69.124:39465, 144ca2c3-c864-4a6d-85bb-c117ab4d9edf:192.168.69.124:36478, 88606864-d3c7-410e-8604-6d8d21473076:192.168.69.124:33113], old=null, confs=<EMPTY_MAP>
2019-08-24 12:53:48,823 INFO  server.RaftServerConfigKeys (ConfUtils.java:logGet(43)) - raft.server.storage.dir = [/workdir/hadoop-ozone/integration-test/target/test-dir/MiniOzoneClusterImpl-41984b6e-f72b-4a0e-8b27-1606d96635a1/datanode-2/data/ratis] (custom)
2019-08-24 12:53:48,823 INFO  server.RaftServerConfigKeys (ConfUtils.java:logGet(43)) - raft.server.storage.dir = [/workdir/hadoop-ozone/integration-test/target/test-dir/MiniOzoneClusterImpl-41984b6e-f72b-4a0e-8b27-1606d96635a1/datanode-0/data/ratis] (custom)
2019-08-24 12:53:48,823 INFO  storage.RaftStorageDirectory (RaftStorageDirectory.java:analyzeStorage(246)) - The storage directory /workdir/hadoop-ozone/integration-test/target/test-dir/MiniOzoneClusterImpl-41984b6e-f72b-4a0e-8b27-1606d96635a1/datanode-2/data/ratis/257e6ba3-e70b-4482-9bff-ab80f3b17e67 does not exist. Creating ...
2019-08-24 12:53:48,824 INFO  storage.RaftStorageDirectory (RaftStorageDirectory.java:analyzeStorage(246)) - The storage directory /workdir/hadoop-ozone/integration-test/target/test-dir/MiniOzoneClusterImpl-41984b6e-f72b-4a0e-8b27-1606d96635a1/datanode-0/data/ratis/257e6ba3-e70b-4482-9bff-ab80f3b17e67 does not exist. Creating ...
2019-08-24 12:53:48,836 INFO  storage.RaftStorageDirectory (RaftStorageDirectory.java:tryLock(328)) - Lock on /workdir/hadoop-ozone/integration-test/target/test-dir/MiniOzoneClusterImpl-41984b6e-f72b-4a0e-8b27-1606d96635a1/datanode-0/data/ratis/257e6ba3-e70b-4482-9bff-ab80f3b17e67/in_use.lock acquired by nodename 8922@pr-hdds-2029-g5rx4-259851958
2019-08-24 12:53:48,836 INFO  storage.RaftStorageDirectory (RaftStorageDirectory.java:tryLock(328)) - Lock on /workdir/hadoop-ozone/integration-test/target/test-dir/MiniOzoneClusterImpl-41984b6e-f72b-4a0e-8b27-1606d96635a1/datanode-1/data/ratis/257e6ba3-e70b-4482-9bff-ab80f3b17e67/in_use.lock acquired by nodename 8922@pr-hdds-2029-g5rx4-259851958
2019-08-24 12:53:48,836 INFO  storage.RaftStorageDirectory (RaftStorageDirectory.java:tryLock(328)) - Lock on /workdir/hadoop-ozone/integration-test/target/test-dir/MiniOzoneClusterImpl-41984b6e-f72b-4a0e-8b27-1606d96635a1/datanode-2/data/ratis/257e6ba3-e70b-4482-9bff-ab80f3b17e67/in_use.lock acquired by nodename 8922@pr-hdds-2029-g5rx4-259851958
2019-08-24 12:53:48,851 INFO  storage.RaftStorage (RaftStorage.java:format(72)) - Storage directory /workdir/hadoop-ozone/integration-test/target/test-dir/MiniOzoneClusterImpl-41984b6e-f72b-4a0e-8b27-1606d96635a1/datanode-1/data/ratis/257e6ba3-e70b-4482-9bff-ab80f3b17e67 has been successfully formatted.
2019-08-24 12:53:48,851 INFO  storage.RaftStorage (RaftStorage.java:format(72)) - Storage directory /workdir/hadoop-ozone/integration-test/target/test-dir/MiniOzoneClusterImpl-41984b6e-f72b-4a0e-8b27-1606d96635a1/datanode-2/data/ratis/257e6ba3-e70b-4482-9bff-ab80f3b17e67 has been successfully formatted.
2019-08-24 12:53:48,851 INFO  storage.RaftStorage (RaftStorage.java:format(72)) - Storage directory /workdir/hadoop-ozone/integration-test/target/test-dir/MiniOzoneClusterImpl-41984b6e-f72b-4a0e-8b27-1606d96635a1/datanode-0/data/ratis/257e6ba3-e70b-4482-9bff-ab80f3b17e67 has been successfully formatted.
2019-08-24 12:53:48,851 INFO  ratis.ContainerStateMachine (ContainerStateMachine.java:loadSnapshot(213)) - group-AB80F3B17E67: The snapshot info is null. Setting the last applied indexto:(t:0, i:~)
2019-08-24 12:53:48,851 INFO  ratis.ContainerStateMachine (ContainerStateMachine.java:loadSnapshot(213)) - group-AB80F3B17E67: The snapshot info is null. Setting the last applied indexto:(t:0, i:~)
2019-08-24 12:53:48,851 INFO  server.RaftServerConfigKeys (ConfUtils.java:logGet(43)) - raft.server.leader.election.timeout = 120s (custom)
2019-08-24 12:53:48,851 INFO  ratis.ContainerStateMachine (ContainerStateMachine.java:loadSnapshot(213)) - group-AB80F3B17E67: The snapshot info is null. Setting the last applied indexto:(t:0, i:~)
2019-08-24 12:53:48,852 INFO  server.RaftServerConfigKeys (ConfUtils.java:logGet(43)) - raft.server.log.use.memory = false (default)
2019-08-24 12:53:48,852 INFO  server.RaftServerConfigKeys (ConfUtils.java:logGet(43)) - raft.server.leader.election.timeout = 120s (custom)
2019-08-24 12:53:48,852 INFO  server.RaftServerConfigKeys (ConfUtils.java:logGet(43)) - raft.server.log.purge.gap = 1000000000 (custom)
2019-08-24 12:53:48,852 INFO  server.RaftServerConfigKeys (ConfUtils.java:logGet(43)) - raft.server.leader.election.timeout = 120s (custom)
2019-08-24 12:53:48,853 INFO  server.RaftServerConfigKeys (ConfUtils.java:logGet(43)) - raft.server.log.appender.buffer.byte-limit = 33554432 (custom)
2019-08-24 12:53:48,852 INFO  server.RaftServerConfigKeys (ConfUtils.java:logGet(43)) - raft.server.log.use.memory = false (default)
2019-08-24 12:53:48,853 INFO  server.RaftServerConfigKeys (ConfUtils.java:logGet(43)) - raft.server.log.segment.size.max = 1048576 (custom)
2019-08-24 12:53:48,853 INFO  server.RaftServerConfigKeys (ConfUtils.java:logGet(43)) - raft.server.log.use.memory = false (default)
2019-08-24 12:53:48,853 INFO  server.RaftServerConfigKeys (ConfUtils.java:logGet(43)) - raft.server.log.segment.cache.num.max = 2 (custom)
2019-08-24 12:53:48,853 INFO  server.RaftServerConfigKeys (ConfUtils.java:logGet(43)) - raft.server.log.purge.gap = 1000000000 (custom)
2019-08-24 12:53:48,854 INFO  segmented.SegmentedRaftLogWorker (SegmentedRaftLogWorker.java:<init>(172)) - new 144ca2c3-c864-4a6d-85bb-c117ab4d9edf-SegmentedRaftLogWorker:Storage Directory /workdir/hadoop-ozone/integration-test/target/test-dir/MiniOzoneClusterImpl-41984b6e-f72b-4a0e-8b27-1606d96635a1/datanode-2/data/ratis/257e6ba3-e70b-4482-9bff-ab80f3b17e67 for RaftStorage:Storage Directory /workdir/hadoop-ozone/integration-test/target/test-dir/MiniOzoneClusterImpl-41984b6e-f72b-4a0e-8b27-1606d96635a1/datanode-2/data/ratis/257e6ba3-e70b-4482-9bff-ab80f3b17e67
2019-08-24 12:53:48,853 INFO  server.RaftServerConfigKeys (ConfUtils.java:logGet(43)) - raft.server.log.purge.gap = 1000000000 (custom)
2019-08-24 12:53:48,854 INFO  server.RaftServerConfigKeys (ConfUtils.java:logGet(43)) - raft.server.log.queue.byte-limit = 2147483647 (custom)
2019-08-24 12:53:48,854 INFO  server.RaftServerConfigKeys (ConfUtils.java:logGet(43)) - raft.server.log.appender.buffer.byte-limit = 33554432 (custom)
2019-08-24 12:53:48,854 INFO  server.RaftServerConfigKeys (ConfUtils.java:logGet(43)) - raft.server.log.queue.element-limit = 1024 (custom)
2019-08-24 12:53:48,854 INFO  server.RaftServerConfigKeys (ConfUtils.java:logGet(43)) - raft.server.log.appender.buffer.byte-limit = 33554432 (custom)
2019-08-24 12:53:48,855 INFO  server.RaftServerConfigKeys (ConfUtils.java:logGet(43)) - raft.server.log.segment.size.max = 1048576 (custom)
2019-08-24 12:53:48,855 INFO  server.RaftServerConfigKeys (ConfUtils.java:logGet(43)) - raft.server.log.segment.size.max = 1048576 (custom)
2019-08-24 12:53:48,855 INFO  server.RaftServerConfigKeys (ConfUtils.java:logGet(43)) - raft.server.log.preallocated.size = 16384 (custom)
2019-08-24 12:53:48,855 INFO  server.RaftServerConfigKeys (ConfUtils.java:logGet(43)) - raft.server.log.segment.size.max = 1048576 (custom)
2019-08-24 12:53:48,855 INFO  server.RaftServerConfigKeys (ConfUtils.java:logGet(43)) - raft.server.log.write.buffer.size = 33554432 (custom)
2019-08-24 12:53:48,855 INFO  server.RaftServerConfigKeys (ConfUtils.java:logGet(43)) - raft.server.log.segment.cache.num.max = 2 (custom)
2019-08-24 12:53:48,856 INFO  server.RaftServerConfigKeys (ConfUtils.java:logGet(43)) - raft.server.log.force.sync.num = 128 (default)
2019-08-24 12:53:48,856 INFO  server.RaftServerConfigKeys (ConfUtils.java:logGet(43)) - raft.server.log.statemachine.data.sync = true (default)
2019-08-24 12:53:48,856 INFO  server.RaftServerConfigKeys (ConfUtils.java:logGet(43)) - raft.server.log.segment.cache.num.max = 2 (custom)
2019-08-24 12:53:48,856 INFO  server.RaftServerConfigKeys (ConfUtils.java:logGet(43)) - raft.server.log.statemachine.data.sync.timeout = 10s (default)
2019-08-24 12:53:48,856 INFO  segmented.SegmentedRaftLogWorker (SegmentedRaftLogWorker.java:<init>(172)) - new cff0f701-856b-47b5-97eb-c2f7cf466fad-SegmentedRaftLogWorker:Storage Directory /workdir/hadoop-ozone/integration-test/target/test-dir/MiniOzoneClusterImpl-41984b6e-f72b-4a0e-8b27-1606d96635a1/datanode-1/data/ratis/257e6ba3-e70b-4482-9bff-ab80f3b17e67 for RaftStorage:Storage Directory /workdir/hadoop-ozone/integration-test/target/test-dir/MiniOzoneClusterImpl-41984b6e-f72b-4a0e-8b27-1606d96635a1/datanode-1/data/ratis/257e6ba3-e70b-4482-9bff-ab80f3b17e67
2019-08-24 12:53:48,857 INFO  server.RaftServerConfigKeys (ConfUtils.java:logGet(43)) - raft.server.log.statemachine.data.sync.timeout.retry = -1 (default)
2019-08-24 12:53:48,857 INFO  segmented.SegmentedRaftLogWorker (SegmentedRaftLogWorker.java:<init>(172)) - new 88606864-d3c7-410e-8604-6d8d21473076-SegmentedRaftLogWorker:Storage Directory /workdir/hadoop-ozone/integration-test/target/test-dir/MiniOzoneClusterImpl-41984b6e-f72b-4a0e-8b27-1606d96635a1/datanode-0/data/ratis/257e6ba3-e70b-4482-9bff-ab80f3b17e67 for RaftStorage:Storage Directory /workdir/hadoop-ozone/integration-test/target/test-dir/MiniOzoneClusterImpl-41984b6e-f72b-4a0e-8b27-1606d96635a1/datanode-0/data/ratis/257e6ba3-e70b-4482-9bff-ab80f3b17e67
2019-08-24 12:53:48,857 INFO  server.RaftServerConfigKeys (ConfUtils.java:logGet(43)) - raft.server.log.statemachine.data.caching.enabled = true (custom)
2019-08-24 12:53:48,857 INFO  server.RaftServerConfigKeys (ConfUtils.java:logGet(43)) - raft.server.log.queue.byte-limit = 2147483647 (custom)
2019-08-24 12:53:48,858 INFO  segmented.SegmentedRaftLogWorker (SegmentedRaftLogWorker.java:lambda$new$0(132)) - 144ca2c3-c864-4a6d-85bb-c117ab4d9edf-SegmentedRaftLogWorker:Storage Directory /workdir/hadoop-ozone/integration-test/target/test-dir/MiniOzoneClusterImpl-41984b6e-f72b-4a0e-8b27-1606d96635a1/datanode-2/data/ratis/257e6ba3-e70b-4482-9bff-ab80f3b17e67: flushIndex: setUnconditionally 0 -> -1
2019-08-24 12:53:48,857 INFO  server.RaftServerConfigKeys (ConfUtils.java:logGet(43)) - raft.server.log.queue.byte-limit = 2147483647 (custom)
2019-08-24 12:53:48,858 INFO  server.RaftServerConfigKeys (ConfUtils.java:logGet(43)) - raft.server.log.queue.element-limit = 1024 (custom)
2019-08-24 12:53:48,858 INFO  server.RaftServerConfigKeys (ConfUtils.java:logGet(43)) - raft.server.snapshot.auto.trigger.enabled = true (custom)
2019-08-24 12:53:48,858 INFO  server.RaftServerConfigKeys (ConfUtils.java:logGet(43)) - raft.server.log.queue.element-limit = 1024 (custom)
2019-08-24 12:53:48,859 INFO  server.RaftServerConfigKeys (ConfUtils.java:logGet(43)) - raft.server.snapshot.auto.trigger.threshold = 10000 (custom)
2019-08-24 12:53:48,859 INFO  server.RaftServerConfigKeys (ConfUtils.java:logGet(43)) - raft.server.log.segment.size.max = 1048576 (custom)
2019-08-24 12:53:48,859 INFO  server.RaftServerConfigKeys (ConfUtils.java:logGet(43)) - raft.server.retrycache.expirytime = 600000ms (custom)
2019-08-24 12:53:48,859 INFO  server.RaftServerConfigKeys (ConfUtils.java:logGet(43)) - raft.server.log.segment.size.max = 1048576 (custom)
2019-08-24 12:53:48,860 INFO  impl.RaftServerImpl (RaftServerImpl.java:start(180)) - 144ca2c3-c864-4a6d-85bb-c117ab4d9edf: start group-AB80F3B17E67
2019-08-24 12:53:48,860 INFO  impl.RaftServerImpl (RaftServerImpl.java:setRole(171)) - 144ca2c3-c864-4a6d-85bb-c117ab4d9edf:group-AB80F3B17E67 changes role from null to FOLLOWER at term 0 for startAsFollower
2019-08-24 12:53:48,859 INFO  server.RaftServerConfigKeys (ConfUtils.java:logGet(43)) - raft.server.log.preallocated.size = 16384 (custom)
2019-08-24 12:53:48,860 INFO  impl.RoleInfo (RoleInfo.java:updateAndGet(143)) - 144ca2c3-c864-4a6d-85bb-c117ab4d9edf: start FollowerState
2019-08-24 12:53:48,860 INFO  server.RaftServerConfigKeys (ConfUtils.java:logGet(43)) - raft.server.log.preallocated.size = 16384 (custom)
2019-08-24 12:53:48,860 INFO  server.RaftServerConfigKeys (ConfUtils.java:logGet(43)) - raft.server.log.write.buffer.size = 33554432 (custom)
2019-08-24 12:53:48,860 INFO  server.RaftServerConfigKeys (ConfUtils.java:logGet(43)) - raft.server.log.write.buffer.size = 33554432 (custom)
2019-08-24 12:53:48,861 INFO  server.RaftServerConfigKeys (ConfUtils.java:logGet(43)) - raft.server.log.force.sync.num = 128 (default)
2019-08-24 12:53:48,861 INFO  util.JmxRegister (JmxRegister.java:tryRegister(44)) - Successfully registered JMX Bean with object name Ratis:service=RaftServer,group=group-AB80F3B17E67,id=144ca2c3-c864-4a6d-85bb-c117ab4d9edf
2019-08-24 12:53:48,861 INFO  server.RaftServerConfigKeys (ConfUtils.java:logGet(43)) - raft.server.log.statemachine.data.sync = true (default)
2019-08-24 12:53:48,861 INFO  server.RaftServerConfigKeys (ConfUtils.java:logGet(43)) - raft.server.log.force.sync.num = 128 (default)
2019-08-24 12:53:48,861 INFO  server.RaftServerConfigKeys (ConfUtils.java:logGet(43)) - raft.server.log.statemachine.data.sync.timeout = 10s (default)
2019-08-24 12:53:48,862 INFO  server.RaftServerConfigKeys (ConfUtils.java:logGet(43)) - raft.server.log.statemachine.data.sync = true (default)
2019-08-24 12:53:48,862 INFO  server.RaftServerConfigKeys (ConfUtils.java:logGet(43)) - raft.server.log.statemachine.data.sync.timeout.retry = -1 (default)
2019-08-24 12:53:48,862 INFO  server.RaftServerConfigKeys (ConfUtils.java:logGet(43)) - raft.server.log.statemachine.data.sync.timeout = 10s (default)
2019-08-24 12:53:48,862 INFO  server.RaftServerConfigKeys (ConfUtils.java:logGet(43)) - raft.server.log.statemachine.data.caching.enabled = true (custom)
2019-08-24 12:53:48,862 INFO  server.RaftServerConfigKeys (ConfUtils.java:logGet(43)) - raft.server.log.statemachine.data.sync.timeout.retry = -1 (default)
2019-08-24 12:53:48,865 INFO  segmented.SegmentedRaftLogWorker (SegmentedRaftLogWorker.java:lambda$new$0(132)) - cff0f701-856b-47b5-97eb-c2f7cf466fad-SegmentedRaftLogWorker:Storage Directory /workdir/hadoop-ozone/integration-test/target/test-dir/MiniOzoneClusterImpl-41984b6e-f72b-4a0e-8b27-1606d96635a1/datanode-1/data/ratis/257e6ba3-e70b-4482-9bff-ab80f3b17e67: flushIndex: setUnconditionally 0 -> -1
2019-08-24 12:53:48,865 INFO  server.RaftServerConfigKeys (ConfUtils.java:logGet(43)) - raft.server.log.statemachine.data.caching.enabled = true (custom)
2019-08-24 12:53:48,867 INFO  server.RaftServerConfigKeys (ConfUtils.java:logGet(43)) - raft.server.snapshot.auto.trigger.enabled = true (custom)
2019-08-24 12:53:48,867 INFO  segmented.SegmentedRaftLogWorker (SegmentedRaftLogWorker.java:lambda$new$0(132)) - 88606864-d3c7-410e-8604-6d8d21473076-SegmentedRaftLogWorker:Storage Directory /workdir/hadoop-ozone/integration-test/target/test-dir/MiniOzoneClusterImpl-41984b6e-f72b-4a0e-8b27-1606d96635a1/datanode-0/data/ratis/257e6ba3-e70b-4482-9bff-ab80f3b17e67: flushIndex: setUnconditionally 0 -> -1
2019-08-24 12:53:48,867 INFO  server.RaftServerConfigKeys (ConfUtils.java:logGet(43)) - raft.server.snapshot.auto.trigger.threshold = 10000 (custom)
2019-08-24 12:53:48,867 INFO  server.RaftServerConfigKeys (ConfUtils.java:logGet(43)) - raft.server.snapshot.auto.trigger.enabled = true (custom)
2019-08-24 12:53:48,867 INFO  server.RaftServerConfigKeys (ConfUtils.java:logGet(43)) - raft.server.retrycache.expirytime = 600000ms (custom)
2019-08-24 12:53:48,868 INFO  server.RaftServerConfigKeys (ConfUtils.java:logGet(43)) - raft.server.snapshot.auto.trigger.threshold = 10000 (custom)
2019-08-24 12:53:48,868 INFO  impl.RaftServerImpl (RaftServerImpl.java:start(180)) - cff0f701-856b-47b5-97eb-c2f7cf466fad: start group-AB80F3B17E67
2019-08-24 12:53:48,869 INFO  server.RaftServerConfigKeys (ConfUtils.java:logGet(43)) - raft.server.retrycache.expirytime = 600000ms (custom)
2019-08-24 12:53:48,869 INFO  impl.RaftServerImpl (RaftServerImpl.java:setRole(171)) - cff0f701-856b-47b5-97eb-c2f7cf466fad:group-AB80F3B17E67 changes role from null to FOLLOWER at term 0 for startAsFollower
2019-08-24 12:53:48,870 INFO  impl.RaftServerImpl (RaftServerImpl.java:start(180)) - 88606864-d3c7-410e-8604-6d8d21473076: start group-AB80F3B17E67
2019-08-24 12:53:48,870 INFO  impl.RoleInfo (RoleInfo.java:updateAndGet(143)) - cff0f701-856b-47b5-97eb-c2f7cf466fad: start FollowerState
2019-08-24 12:53:48,870 INFO  impl.RaftServerImpl (RaftServerImpl.java:setRole(171)) - 88606864-d3c7-410e-8604-6d8d21473076:group-AB80F3B17E67 changes role from null to FOLLOWER at term 0 for startAsFollower
2019-08-24 12:53:48,870 INFO  impl.RoleInfo (RoleInfo.java:updateAndGet(143)) - 88606864-d3c7-410e-8604-6d8d21473076: start FollowerState
2019-08-24 12:53:48,871 INFO  util.JmxRegister (JmxRegister.java:tryRegister(44)) - Successfully registered JMX Bean with object name Ratis:service=RaftServer,group=group-AB80F3B17E67,id=cff0f701-856b-47b5-97eb-c2f7cf466fad
2019-08-24 12:53:48,871 INFO  util.JmxRegister (JmxRegister.java:tryRegister(44)) - Successfully registered JMX Bean with object name Ratis:service=RaftServer,group=group-AB80F3B17E67,id=88606864-d3c7-410e-8604-6d8d21473076
2019-08-24 12:53:48,877 INFO  pipeline.PipelineStateManager (PipelineStateManager.java:addPipeline(56)) - Created pipeline Pipeline[ Id: 257e6ba3-e70b-4482-9bff-ab80f3b17e67, Nodes: 88606864-d3c7-410e-8604-6d8d21473076{ip: 192.168.69.124, host: pr-hdds-2029-g5rx4-259851958, networkLocation: /default-rack, certSerialId: null}cff0f701-856b-47b5-97eb-c2f7cf466fad{ip: 192.168.69.124, host: pr-hdds-2029-g5rx4-259851958, networkLocation: /default-rack, certSerialId: null}144ca2c3-c864-4a6d-85bb-c117ab4d9edf{ip: 192.168.69.124, host: pr-hdds-2029-g5rx4-259851958, networkLocation: /default-rack, certSerialId: null}, Type:RATIS, Factor:THREE, State:OPEN]
2019-08-24 12:53:49,714 INFO  ozone.MiniOzoneClusterImpl (MiniOzoneClusterImpl.java:lambda$waitForClusterToBeReady$0(142)) - Cluster is ready. Got 3 of 3 DN Heartbeats.
2019-08-24 12:53:49,715 INFO  datanode.ObjectStoreHandler (ObjectStoreHandler.java:close(155)) - Closing ObjectStoreHandler.
2019-08-24 12:53:49,716 INFO  ozone.HddsDatanodeService (HddsDatanodeService.java:stop(451)) - Stopped plug-in org.apache.hadoop.ozone.web.OzoneHddsDatanodeService@20c05142
2019-08-24 12:53:50,279 INFO  statemachine.DatanodeStateMachine (DatanodeStateMachine.java:lambda$startDaemon$0(350)) - Ozone container server started.
2019-08-24 12:53:50,514 | INFO  | SCMAudit | user=jenkins1000 | ip=192.168.69.124 | op=SEND_HEARTBEAT {datanodeUUID=cff0f701-856b-47b5-97eb-c2f7cf466fad, command=[]} | ret=SUCCESS |  
2019-08-24 12:53:50,716 | INFO  | SCMAudit | user=jenkins1000 | ip=192.168.69.124 | op=SEND_HEARTBEAT {datanodeUUID=144ca2c3-c864-4a6d-85bb-c117ab4d9edf, command=[]} | ret=SUCCESS |  
2019-08-24 12:53:51,290 INFO  container.ReplicationManager (ReplicationManager.java:start(152)) - Starting Replication Monitor Thread.
2019-08-24 12:53:51,293 INFO  container.ReplicationManager (ReplicationManager.java:run(215)) - Replication Monitor Thread took 0 milliseconds for processing 0 containers.
2019-08-24 12:53:51,511 | INFO  | SCMAudit | user=jenkins1000 | ip=192.168.69.124 | op=SEND_HEARTBEAT {datanodeUUID=cff0f701-856b-47b5-97eb-c2f7cf466fad, command=[]} | ret=SUCCESS |  
2019-08-24 12:53:51,716 | INFO  | SCMAudit | user=jenkins1000 | ip=192.168.69.124 | op=SEND_HEARTBEAT {datanodeUUID=144ca2c3-c864-4a6d-85bb-c117ab4d9edf, command=[]} | ret=SUCCESS |  
2019-08-24 12:53:52,511 | INFO  | SCMAudit | user=jenkins1000 | ip=192.168.69.124 | op=SEND_HEARTBEAT {datanodeUUID=cff0f701-856b-47b5-97eb-c2f7cf466fad, command=[]} | ret=SUCCESS |  
2019-08-24 12:53:52,716 | INFO  | SCMAudit | user=jenkins1000 | ip=192.168.69.124 | op=SEND_HEARTBEAT {datanodeUUID=144ca2c3-c864-4a6d-85bb-c117ab4d9edf, command=[]} | ret=SUCCESS |  
2019-08-24 12:53:53,468 INFO  impl.FollowerState (FollowerState.java:run(106)) - 88606864-d3c7-410e-8604-6d8d21473076:group-8AAA66C8B2F4 changes to CANDIDATE, lastRpcTime:5111, electionTimeout:5111ms
2019-08-24 12:53:53,469 INFO  impl.RoleInfo (RoleInfo.java:shutdownFollowerState(121)) - 88606864-d3c7-410e-8604-6d8d21473076: shutdown FollowerState
2019-08-24 12:53:53,469 INFO  impl.RaftServerImpl (RaftServerImpl.java:setRole(171)) - 88606864-d3c7-410e-8604-6d8d21473076:group-8AAA66C8B2F4 changes role from FOLLOWER to CANDIDATE at term 0 for changeToCandidate
2019-08-24 12:53:53,469 INFO  impl.RoleInfo (RoleInfo.java:updateAndGet(143)) - 88606864-d3c7-410e-8604-6d8d21473076: start LeaderElection
2019-08-24 12:53:53,499 INFO  impl.LeaderElection (LeaderElection.java:askForVotes(181)) - 88606864-d3c7-410e-8604-6d8d21473076:group-8AAA66C8B2F4:LeaderElection11: begin an election at term 1 for -1: [88606864-d3c7-410e-8604-6d8d21473076:192.168.69.124:33113], old=null
2019-08-24 12:53:53,500 INFO  impl.RoleInfo (RoleInfo.java:shutdownLeaderElection(134)) - 88606864-d3c7-410e-8604-6d8d21473076: shutdown LeaderElection
2019-08-24 12:53:53,500 INFO  impl.RaftServerImpl (RaftServerImpl.java:setRole(171)) - 88606864-d3c7-410e-8604-6d8d21473076:group-8AAA66C8B2F4 changes role from CANDIDATE to LEADER at term 1 for changeToLeader
2019-08-24 12:53:53,500 INFO  impl.RaftServerImpl (ServerState.java:setLeader(263)) - 88606864-d3c7-410e-8604-6d8d21473076:group-8AAA66C8B2F4 change Leader from null to 88606864-d3c7-410e-8604-6d8d21473076 at term 1 for becomeLeader, leader elected after 5150ms
2019-08-24 12:53:53,501 INFO  server.RaftServerConfigKeys (ConfUtils.java:logGet(43)) - raft.server.staging.catchup.gap = 1000 (default)
2019-08-24 12:53:53,501 INFO  server.RaftServerConfigKeys (ConfUtils.java:logGet(43)) - raft.server.rpc.sleep.time = 25ms (default)
2019-08-24 12:53:53,501 INFO  server.RaftServerConfigKeys (ConfUtils.java:logGet(43)) - raft.server.write.element-limit = 4096 (default)
2019-08-24 12:53:53,501 INFO  server.RaftServerConfigKeys (ConfUtils.java:logGet(43)) - raft.server.watch.timeout = 10s (default)
2019-08-24 12:53:53,502 INFO  server.RaftServerConfigKeys (ConfUtils.java:logGet(43)) - raft.server.watch.timeout.denomination = 1s (default)
2019-08-24 12:53:53,502 INFO  server.RaftServerConfigKeys (ConfUtils.java:logGet(43)) - raft.server.watch.element-limit = 65536 (default)
2019-08-24 12:53:53,502 INFO  impl.RoleInfo (RoleInfo.java:updateAndGet(143)) - 88606864-d3c7-410e-8604-6d8d21473076: start LeaderState
2019-08-24 12:53:53,503 INFO  segmented.SegmentedRaftLogWorker (SegmentedRaftLogWorker.java:startLogSegment(380)) - 88606864-d3c7-410e-8604-6d8d21473076-SegmentedRaftLogWorker:Storage Directory /workdir/hadoop-ozone/integration-test/target/test-dir/MiniOzoneClusterImpl-41984b6e-f72b-4a0e-8b27-1606d96635a1/datanode-0/data/ratis/24cbd146-a05b-472f-a4b6-8aaa66c8b2f4: Starting segment from index:0
2019-08-24 12:53:53,504 INFO  impl.RaftServerImpl (ServerState.java:setRaftConf(361)) - 88606864-d3c7-410e-8604-6d8d21473076:group-8AAA66C8B2F4 set configuration 0: [88606864-d3c7-410e-8604-6d8d21473076:192.168.69.124:33113], old=null at 0
2019-08-24 12:53:53,536 | INFO  | SCMAudit | user=jenkins1000 | ip=192.168.69.124 | op=SEND_HEARTBEAT {datanodeUUID=cff0f701-856b-47b5-97eb-c2f7cf466fad, command=[]} | ret=SUCCESS |  
2019-08-24 12:53:53,555 INFO  segmented.SegmentedRaftLogWorker (SegmentedRaftLogWorker.java:execute(569)) - 88606864-d3c7-410e-8604-6d8d21473076-SegmentedRaftLogWorker:Storage Directory /workdir/hadoop-ozone/integration-test/target/test-dir/MiniOzoneClusterImpl-41984b6e-f72b-4a0e-8b27-1606d96635a1/datanode-0/data/ratis/24cbd146-a05b-472f-a4b6-8aaa66c8b2f4: created new log segment /workdir/hadoop-ozone/integration-test/target/test-dir/MiniOzoneClusterImpl-41984b6e-f72b-4a0e-8b27-1606d96635a1/datanode-0/data/ratis/24cbd146-a05b-472f-a4b6-8aaa66c8b2f4/current/log_inprogress_0
2019-08-24 12:53:53,611 INFO  impl.FollowerState (FollowerState.java:run(106)) - cff0f701-856b-47b5-97eb-c2f7cf466fad:group-F5BCB37DC72A changes to CANDIDATE, lastRpcTime:5045, electionTimeout:5040ms
2019-08-24 12:53:53,611 INFO  impl.RoleInfo (RoleInfo.java:shutdownFollowerState(121)) - cff0f701-856b-47b5-97eb-c2f7cf466fad: shutdown FollowerState
2019-08-24 12:53:53,611 INFO  impl.RaftServerImpl (RaftServerImpl.java:setRole(171)) - cff0f701-856b-47b5-97eb-c2f7cf466fad:group-F5BCB37DC72A changes role from FOLLOWER to CANDIDATE at term 0 for changeToCandidate
2019-08-24 12:53:53,611 INFO  impl.RoleInfo (RoleInfo.java:updateAndGet(143)) - cff0f701-856b-47b5-97eb-c2f7cf466fad: start LeaderElection
2019-08-24 12:53:53,634 INFO  impl.LeaderElection (LeaderElection.java:askForVotes(181)) - cff0f701-856b-47b5-97eb-c2f7cf466fad:group-F5BCB37DC72A:LeaderElection12: begin an election at term 1 for -1: [cff0f701-856b-47b5-97eb-c2f7cf466fad:192.168.69.124:39465], old=null
2019-08-24 12:53:53,635 INFO  impl.RoleInfo (RoleInfo.java:shutdownLeaderElection(134)) - cff0f701-856b-47b5-97eb-c2f7cf466fad: shutdown LeaderElection
2019-08-24 12:53:53,635 INFO  impl.RaftServerImpl (RaftServerImpl.java:setRole(171)) - cff0f701-856b-47b5-97eb-c2f7cf466fad:group-F5BCB37DC72A changes role from CANDIDATE to LEADER at term 1 for changeToLeader
2019-08-24 12:53:53,635 INFO  impl.RaftServerImpl (ServerState.java:setLeader(263)) - cff0f701-856b-47b5-97eb-c2f7cf466fad:group-F5BCB37DC72A change Leader from null to cff0f701-856b-47b5-97eb-c2f7cf466fad at term 1 for becomeLeader, leader elected after 5075ms
2019-08-24 12:53:53,635 INFO  server.RaftServerConfigKeys (ConfUtils.java:logGet(43)) - raft.server.staging.catchup.gap = 1000 (default)
2019-08-24 12:53:53,635 INFO  server.RaftServerConfigKeys (ConfUtils.java:logGet(43)) - raft.server.rpc.sleep.time = 25ms (default)
2019-08-24 12:53:53,636 INFO  server.RaftServerConfigKeys (ConfUtils.java:logGet(43)) - raft.server.write.element-limit = 4096 (default)
2019-08-24 12:53:53,636 INFO  server.RaftServerConfigKeys (ConfUtils.java:logGet(43)) - raft.server.watch.timeout = 10s (default)
2019-08-24 12:53:53,636 INFO  server.RaftServerConfigKeys (ConfUtils.java:logGet(43)) - raft.server.watch.timeout.denomination = 1s (default)
2019-08-24 12:53:53,636 INFO  server.RaftServerConfigKeys (ConfUtils.java:logGet(43)) - raft.server.watch.element-limit = 65536 (default)
2019-08-24 12:53:53,637 INFO  impl.RoleInfo (RoleInfo.java:updateAndGet(143)) - cff0f701-856b-47b5-97eb-c2f7cf466fad: start LeaderState
2019-08-24 12:53:53,637 INFO  segmented.SegmentedRaftLogWorker (SegmentedRaftLogWorker.java:startLogSegment(380)) - cff0f701-856b-47b5-97eb-c2f7cf466fad-SegmentedRaftLogWorker:Storage Directory /workdir/hadoop-ozone/integration-test/target/test-dir/MiniOzoneClusterImpl-41984b6e-f72b-4a0e-8b27-1606d96635a1/datanode-1/data/ratis/d4492a84-8ee5-434a-8485-f5bcb37dc72a: Starting segment from index:0
2019-08-24 12:53:53,638 INFO  impl.RaftServerImpl (ServerState.java:setRaftConf(361)) - cff0f701-856b-47b5-97eb-c2f7cf466fad:group-F5BCB37DC72A set configuration 0: [cff0f701-856b-47b5-97eb-c2f7cf466fad:192.168.69.124:39465], old=null at 0
2019-08-24 12:53:53,689 INFO  segmented.SegmentedRaftLogWorker (SegmentedRaftLogWorker.java:execute(569)) - cff0f701-856b-47b5-97eb-c2f7cf466fad-SegmentedRaftLogWorker:Storage Directory /workdir/hadoop-ozone/integration-test/target/test-dir/MiniOzoneClusterImpl-41984b6e-f72b-4a0e-8b27-1606d96635a1/datanode-1/data/ratis/d4492a84-8ee5-434a-8485-f5bcb37dc72a: created new log segment /workdir/hadoop-ozone/integration-test/target/test-dir/MiniOzoneClusterImpl-41984b6e-f72b-4a0e-8b27-1606d96635a1/datanode-1/data/ratis/d4492a84-8ee5-434a-8485-f5bcb37dc72a/current/log_inprogress_0
2019-08-24 12:53:53,717 | INFO  | SCMAudit | user=jenkins1000 | ip=192.168.69.124 | op=SEND_HEARTBEAT {datanodeUUID=144ca2c3-c864-4a6d-85bb-c117ab4d9edf, command=[]} | ret=SUCCESS |  
2019-08-24 12:53:53,744 INFO  node.StaleNodeHandler (StaleNodeHandler.java:onMessage(58)) - Datanode 88606864-d3c7-410e-8604-6d8d21473076{ip: 192.168.69.124, host: pr-hdds-2029-g5rx4-259851958, networkLocation: /default-rack, certSerialId: null} moved to stale state. Finalizing its pipelines [PipelineID=24cbd146-a05b-472f-a4b6-8aaa66c8b2f4, PipelineID=257e6ba3-e70b-4482-9bff-ab80f3b17e67]
2019-08-24 12:53:53,744 INFO  pipeline.SCMPipelineManager (SCMPipelineManager.java:finalizeAndDestroyPipeline(309)) - destroying pipeline:Pipeline[ Id: 24cbd146-a05b-472f-a4b6-8aaa66c8b2f4, Nodes: 88606864-d3c7-410e-8604-6d8d21473076{ip: 192.168.69.124, host: pr-hdds-2029-g5rx4-259851958, networkLocation: /default-rack, certSerialId: null}, Type:RATIS, Factor:ONE, State:OPEN]
2019-08-24 12:53:53,745 INFO  pipeline.PipelineStateManager (PipelineStateManager.java:finalizePipeline(123)) - Pipeline Pipeline[ Id: 24cbd146-a05b-472f-a4b6-8aaa66c8b2f4, Nodes: 88606864-d3c7-410e-8604-6d8d21473076{ip: 192.168.69.124, host: pr-hdds-2029-g5rx4-259851958, networkLocation: /default-rack, certSerialId: null}, Type:RATIS, Factor:ONE, State:CLOSED] moved to CLOSED state
2019-08-24 12:53:53,747 INFO  pipeline.SCMPipelineManager (SCMPipelineManager.java:finalizeAndDestroyPipeline(309)) - destroying pipeline:Pipeline[ Id: 257e6ba3-e70b-4482-9bff-ab80f3b17e67, Nodes: 88606864-d3c7-410e-8604-6d8d21473076{ip: 192.168.69.124, host: pr-hdds-2029-g5rx4-259851958, networkLocation: /default-rack, certSerialId: null}cff0f701-856b-47b5-97eb-c2f7cf466fad{ip: 192.168.69.124, host: pr-hdds-2029-g5rx4-259851958, networkLocation: /default-rack, certSerialId: null}144ca2c3-c864-4a6d-85bb-c117ab4d9edf{ip: 192.168.69.124, host: pr-hdds-2029-g5rx4-259851958, networkLocation: /default-rack, certSerialId: null}, Type:RATIS, Factor:THREE, State:OPEN]
2019-08-24 12:53:53,747 INFO  pipeline.PipelineStateManager (PipelineStateManager.java:finalizePipeline(123)) - Pipeline Pipeline[ Id: 257e6ba3-e70b-4482-9bff-ab80f3b17e67, Nodes: 88606864-d3c7-410e-8604-6d8d21473076{ip: 192.168.69.124, host: pr-hdds-2029-g5rx4-259851958, networkLocation: /default-rack, certSerialId: null}cff0f701-856b-47b5-97eb-c2f7cf466fad{ip: 192.168.69.124, host: pr-hdds-2029-g5rx4-259851958, networkLocation: /default-rack, certSerialId: null}144ca2c3-c864-4a6d-85bb-c117ab4d9edf{ip: 192.168.69.124, host: pr-hdds-2029-g5rx4-259851958, networkLocation: /default-rack, certSerialId: null}, Type:RATIS, Factor:THREE, State:CLOSED] moved to CLOSED state
2019-08-24 12:53:53,870 INFO  impl.FollowerState (FollowerState.java:run(106)) - 144ca2c3-c864-4a6d-85bb-c117ab4d9edf:group-AB80F3B17E67 changes to CANDIDATE, lastRpcTime:5009, electionTimeout:5009ms
2019-08-24 12:53:53,870 INFO  impl.RoleInfo (RoleInfo.java:shutdownFollowerState(121)) - 144ca2c3-c864-4a6d-85bb-c117ab4d9edf: shutdown FollowerState
2019-08-24 12:53:53,870 INFO  impl.RaftServerImpl (RaftServerImpl.java:setRole(171)) - 144ca2c3-c864-4a6d-85bb-c117ab4d9edf:group-AB80F3B17E67 changes role from FOLLOWER to CANDIDATE at term 0 for changeToCandidate
2019-08-24 12:53:53,870 INFO  impl.FollowerState (FollowerState.java:run(106)) - 144ca2c3-c864-4a6d-85bb-c117ab4d9edf:group-730DE5407053 changes to CANDIDATE, lastRpcTime:5086, electionTimeout:5086ms
2019-08-24 12:53:53,870 INFO  impl.RoleInfo (RoleInfo.java:updateAndGet(143)) - 144ca2c3-c864-4a6d-85bb-c117ab4d9edf: start LeaderElection
2019-08-24 12:53:53,871 INFO  impl.RoleInfo (RoleInfo.java:shutdownFollowerState(121)) - 144ca2c3-c864-4a6d-85bb-c117ab4d9edf: shutdown FollowerState
2019-08-24 12:53:53,871 INFO  impl.RaftServerImpl (RaftServerImpl.java:setRole(171)) - 144ca2c3-c864-4a6d-85bb-c117ab4d9edf:group-730DE5407053 changes role from FOLLOWER to CANDIDATE at term 0 for changeToCandidate
2019-08-24 12:53:53,873 INFO  impl.RoleInfo (RoleInfo.java:updateAndGet(143)) - 144ca2c3-c864-4a6d-85bb-c117ab4d9edf: start LeaderElection
2019-08-24 12:53:53,891 INFO  impl.LeaderElection (LeaderElection.java:askForVotes(181)) - 144ca2c3-c864-4a6d-85bb-c117ab4d9edf:group-730DE5407053:LeaderElection14: begin an election at term 1 for -1: [144ca2c3-c864-4a6d-85bb-c117ab4d9edf:192.168.69.124:36478], old=null
2019-08-24 12:53:53,891 INFO  impl.LeaderElection (LeaderElection.java:askForVotes(181)) - 144ca2c3-c864-4a6d-85bb-c117ab4d9edf:group-AB80F3B17E67:LeaderElection13: begin an election at term 1 for -1: [cff0f701-856b-47b5-97eb-c2f7cf466fad:192.168.69.124:39465, 144ca2c3-c864-4a6d-85bb-c117ab4d9edf:192.168.69.124:36478, 88606864-d3c7-410e-8604-6d8d21473076:192.168.69.124:33113], old=null
2019-08-24 12:53:53,892 INFO  impl.RoleInfo (RoleInfo.java:shutdownLeaderElection(134)) - 144ca2c3-c864-4a6d-85bb-c117ab4d9edf: shutdown LeaderElection
2019-08-24 12:53:53,892 INFO  impl.RaftServerImpl (RaftServerImpl.java:setRole(171)) - 144ca2c3-c864-4a6d-85bb-c117ab4d9edf:group-730DE5407053 changes role from CANDIDATE to LEADER at term 1 for changeToLeader
2019-08-24 12:53:53,892 INFO  impl.RaftServerImpl (ServerState.java:setLeader(263)) - 144ca2c3-c864-4a6d-85bb-c117ab4d9edf:group-730DE5407053 change Leader from null to 144ca2c3-c864-4a6d-85bb-c117ab4d9edf at term 1 for becomeLeader, leader elected after 5114ms
2019-08-24 12:53:53,892 INFO  server.RaftServerConfigKeys (ConfUtils.java:logGet(43)) - raft.server.staging.catchup.gap = 1000 (default)
2019-08-24 12:53:53,893 INFO  server.RaftServerConfigKeys (ConfUtils.java:logGet(43)) - raft.server.rpc.sleep.time = 25ms (default)
2019-08-24 12:53:53,893 INFO  server.RaftServerConfigKeys (ConfUtils.java:logGet(43)) - raft.server.write.element-limit = 4096 (default)
2019-08-24 12:53:53,893 INFO  server.RaftServerConfigKeys (ConfUtils.java:logGet(43)) - raft.server.watch.timeout = 10s (default)
2019-08-24 12:53:53,893 INFO  server.RaftServerConfigKeys (ConfUtils.java:logGet(43)) - raft.server.watch.timeout.denomination = 1s (default)
2019-08-24 12:53:53,893 INFO  server.RaftServerConfigKeys (ConfUtils.java:logGet(43)) - raft.server.watch.element-limit = 65536 (default)
2019-08-24 12:53:53,894 INFO  impl.RoleInfo (RoleInfo.java:updateAndGet(143)) - 144ca2c3-c864-4a6d-85bb-c117ab4d9edf: start LeaderState
2019-08-24 12:53:53,894 INFO  segmented.SegmentedRaftLogWorker (SegmentedRaftLogWorker.java:startLogSegment(380)) - 144ca2c3-c864-4a6d-85bb-c117ab4d9edf-SegmentedRaftLogWorker:Storage Directory /workdir/hadoop-ozone/integration-test/target/test-dir/MiniOzoneClusterImpl-41984b6e-f72b-4a0e-8b27-1606d96635a1/datanode-2/data/ratis/184e1648-e8e7-403c-9a58-730de5407053: Starting segment from index:0
2019-08-24 12:53:53,895 INFO  impl.RaftServerImpl (ServerState.java:setRaftConf(361)) - 144ca2c3-c864-4a6d-85bb-c117ab4d9edf:group-730DE5407053 set configuration 0: [144ca2c3-c864-4a6d-85bb-c117ab4d9edf:192.168.69.124:36478], old=null at 0
2019-08-24 12:53:53,942 INFO  impl.RaftServerImpl (RaftServerImpl.java:setRole(171)) - 88606864-d3c7-410e-8604-6d8d21473076:group-AB80F3B17E67 changes role from FOLLOWER to FOLLOWER at term 1 for recognizeCandidate:144ca2c3-c864-4a6d-85bb-c117ab4d9edf
2019-08-24 12:53:53,943 INFO  impl.RaftServerImpl (RaftServerImpl.java:setRole(171)) - cff0f701-856b-47b5-97eb-c2f7cf466fad:group-AB80F3B17E67 changes role from FOLLOWER to FOLLOWER at term 1 for recognizeCandidate:144ca2c3-c864-4a6d-85bb-c117ab4d9edf
2019-08-24 12:53:53,943 INFO  impl.RoleInfo (RoleInfo.java:shutdownFollowerState(121)) - 88606864-d3c7-410e-8604-6d8d21473076: shutdown FollowerState
2019-08-24 12:53:53,943 INFO  impl.RoleInfo (RoleInfo.java:shutdownFollowerState(121)) - cff0f701-856b-47b5-97eb-c2f7cf466fad: shutdown FollowerState
2019-08-24 12:53:53,943 INFO  impl.FollowerState (FollowerState.java:run(114)) - 88606864-d3c7-410e-8604-6d8d21473076: FollowerState was interrupted: java.lang.InterruptedException: sleep interrupted
2019-08-24 12:53:53,944 INFO  impl.RoleInfo (RoleInfo.java:updateAndGet(143)) - cff0f701-856b-47b5-97eb-c2f7cf466fad: start FollowerState
2019-08-24 12:53:53,943 INFO  impl.RoleInfo (RoleInfo.java:updateAndGet(143)) - 88606864-d3c7-410e-8604-6d8d21473076: start FollowerState
2019-08-24 12:53:53,944 INFO  impl.FollowerState (FollowerState.java:run(114)) - cff0f701-856b-47b5-97eb-c2f7cf466fad: FollowerState was interrupted: java.lang.InterruptedException: sleep interrupted
2019-08-24 12:53:53,949 INFO  segmented.SegmentedRaftLogWorker (SegmentedRaftLogWorker.java:execute(569)) - 144ca2c3-c864-4a6d-85bb-c117ab4d9edf-SegmentedRaftLogWorker:Storage Directory /workdir/hadoop-ozone/integration-test/target/test-dir/MiniOzoneClusterImpl-41984b6e-f72b-4a0e-8b27-1606d96635a1/datanode-2/data/ratis/184e1648-e8e7-403c-9a58-730de5407053: created new log segment /workdir/hadoop-ozone/integration-test/target/test-dir/MiniOzoneClusterImpl-41984b6e-f72b-4a0e-8b27-1606d96635a1/datanode-2/data/ratis/184e1648-e8e7-403c-9a58-730de5407053/current/log_inprogress_0
2019-08-24 12:53:53,968 INFO  impl.LeaderElection (LeaderElection.java:logAndReturn(56)) - 144ca2c3-c864-4a6d-85bb-c117ab4d9edf:group-AB80F3B17E67:LeaderElection13: Election PASSED; received 1 response(s) [144ca2c3-c864-4a6d-85bb-c117ab4d9edf<-88606864-d3c7-410e-8604-6d8d21473076#0:OK-t1] and 0 exception(s); 144ca2c3-c864-4a6d-85bb-c117ab4d9edf:t1, leader=null, voted=144ca2c3-c864-4a6d-85bb-c117ab4d9edf, raftlog=144ca2c3-c864-4a6d-85bb-c117ab4d9edf-SegmentedRaftLog:OPENED:c-1,f-1,i0, conf=-1: [cff0f701-856b-47b5-97eb-c2f7cf466fad:192.168.69.124:39465, 144ca2c3-c864-4a6d-85bb-c117ab4d9edf:192.168.69.124:36478, 88606864-d3c7-410e-8604-6d8d21473076:192.168.69.124:33113], old=null
2019-08-24 12:53:53,968 INFO  impl.RoleInfo (RoleInfo.java:shutdownLeaderElection(134)) - 144ca2c3-c864-4a6d-85bb-c117ab4d9edf: shutdown LeaderElection
2019-08-24 12:53:53,970 INFO  impl.RaftServerImpl (RaftServerImpl.java:setRole(171)) - 144ca2c3-c864-4a6d-85bb-c117ab4d9edf:group-AB80F3B17E67 changes role from CANDIDATE to LEADER at term 1 for changeToLeader
2019-08-24 12:53:53,970 INFO  impl.RaftServerImpl (ServerState.java:setLeader(263)) - 144ca2c3-c864-4a6d-85bb-c117ab4d9edf:group-AB80F3B17E67 change Leader from null to 144ca2c3-c864-4a6d-85bb-c117ab4d9edf at term 1 for becomeLeader, leader elected after 5118ms
2019-08-24 12:53:53,970 INFO  server.RaftServerConfigKeys (ConfUtils.java:logGet(43)) - raft.server.staging.catchup.gap = 1000 (default)
2019-08-24 12:53:53,970 INFO  server.RaftServerConfigKeys (ConfUtils.java:logGet(43)) - raft.server.rpc.sleep.time = 25ms (default)
2019-08-24 12:53:53,971 INFO  server.RaftServerConfigKeys (ConfUtils.java:logGet(43)) - raft.server.write.element-limit = 4096 (default)
2019-08-24 12:53:53,971 INFO  server.RaftServerConfigKeys (ConfUtils.java:logGet(43)) - raft.server.watch.timeout = 10s (default)
2019-08-24 12:53:53,971 INFO  server.RaftServerConfigKeys (ConfUtils.java:logGet(43)) - raft.server.watch.timeout.denomination = 1s (default)
2019-08-24 12:53:53,971 INFO  server.RaftServerConfigKeys (ConfUtils.java:logGet(43)) - raft.server.watch.element-limit = 65536 (default)
2019-08-24 12:53:53,971 INFO  server.RaftServerConfigKeys (ConfUtils.java:logGet(43)) - raft.server.log.appender.snapshot.chunk.size.max = 16MB (=16777216) (default)
2019-08-24 12:53:53,972 INFO  server.RaftServerConfigKeys (ConfUtils.java:logGet(43)) - raft.server.log.appender.buffer.byte-limit = 33554432 (custom)
2019-08-24 12:53:53,972 INFO  server.RaftServerConfigKeys (ConfUtils.java:logGet(43)) - raft.server.log.appender.buffer.element-limit = 1 (custom)
2019-08-24 12:53:53,972 INFO  grpc.GrpcConfigKeys$Server (ConfUtils.java:logGet(43)) - raft.grpc.server.leader.outstanding.appends.max = 128 (default)
2019-08-24 12:53:53,972 INFO  server.RaftServerConfigKeys (ConfUtils.java:logGet(43)) - raft.server.rpc.request.timeout = 3000ms (default)
2019-08-24 12:53:53,972 INFO  server.RaftServerConfigKeys (ConfUtils.java:logGet(43)) - raft.server.log.appender.install.snapshot.enabled = false (custom)
2019-08-24 12:53:53,972 INFO  server.RaftServerConfigKeys (ConfUtils.java:logGet(43)) - raft.server.log.appender.snapshot.chunk.size.max = 16MB (=16777216) (default)
2019-08-24 12:53:53,973 INFO  server.RaftServerConfigKeys (ConfUtils.java:logGet(43)) - raft.server.log.appender.buffer.byte-limit = 33554432 (custom)
2019-08-24 12:53:53,973 INFO  server.RaftServerConfigKeys (ConfUtils.java:logGet(43)) - raft.server.log.appender.buffer.element-limit = 1 (custom)
2019-08-24 12:53:53,973 INFO  grpc.GrpcConfigKeys$Server (ConfUtils.java:logGet(43)) - raft.grpc.server.leader.outstanding.appends.max = 128 (default)
2019-08-24 12:53:53,973 INFO  server.RaftServerConfigKeys (ConfUtils.java:logGet(43)) - raft.server.rpc.request.timeout = 3000ms (default)
2019-08-24 12:53:53,973 INFO  server.RaftServerConfigKeys (ConfUtils.java:logGet(43)) - raft.server.log.appender.install.snapshot.enabled = false (custom)
2019-08-24 12:53:53,973 INFO  impl.RoleInfo (RoleInfo.java:updateAndGet(143)) - 144ca2c3-c864-4a6d-85bb-c117ab4d9edf: start LeaderState
2019-08-24 12:53:53,974 INFO  segmented.SegmentedRaftLogWorker (SegmentedRaftLogWorker.java:startLogSegment(380)) - 144ca2c3-c864-4a6d-85bb-c117ab4d9edf-SegmentedRaftLogWorker:Storage Directory /workdir/hadoop-ozone/integration-test/target/test-dir/MiniOzoneClusterImpl-41984b6e-f72b-4a0e-8b27-1606d96635a1/datanode-2/data/ratis/257e6ba3-e70b-4482-9bff-ab80f3b17e67: Starting segment from index:0
2019-08-24 12:53:53,974 INFO  impl.RaftServerImpl (ServerState.java:setRaftConf(361)) - 144ca2c3-c864-4a6d-85bb-c117ab4d9edf:group-AB80F3B17E67 set configuration 0: [cff0f701-856b-47b5-97eb-c2f7cf466fad:192.168.69.124:39465, 144ca2c3-c864-4a6d-85bb-c117ab4d9edf:192.168.69.124:36478, 88606864-d3c7-410e-8604-6d8d21473076:192.168.69.124:33113], old=null at 0
2019-08-24 12:53:54,015 INFO  impl.RaftServerImpl (ServerState.java:setLeader(263)) - cff0f701-856b-47b5-97eb-c2f7cf466fad:group-AB80F3B17E67 change Leader from null to 144ca2c3-c864-4a6d-85bb-c117ab4d9edf at term 1 for appendEntries, leader elected after 5163ms
2019-08-24 12:53:54,015 INFO  impl.RaftServerImpl (ServerState.java:setLeader(263)) - 88606864-d3c7-410e-8604-6d8d21473076:group-AB80F3B17E67 change Leader from null to 144ca2c3-c864-4a6d-85bb-c117ab4d9edf at term 1 for appendEntries, leader elected after 5163ms
2019-08-24 12:53:54,021 INFO  impl.RaftServerImpl (ServerState.java:setRaftConf(361)) - 88606864-d3c7-410e-8604-6d8d21473076:group-AB80F3B17E67 set configuration 0: [cff0f701-856b-47b5-97eb-c2f7cf466fad:192.168.69.124:39465, 144ca2c3-c864-4a6d-85bb-c117ab4d9edf:192.168.69.124:36478, 88606864-d3c7-410e-8604-6d8d21473076:192.168.69.124:33113], old=null at 0
2019-08-24 12:53:54,021 INFO  impl.RaftServerImpl (ServerState.java:setRaftConf(361)) - cff0f701-856b-47b5-97eb-c2f7cf466fad:group-AB80F3B17E67 set configuration 0: [cff0f701-856b-47b5-97eb-c2f7cf466fad:192.168.69.124:39465, 144ca2c3-c864-4a6d-85bb-c117ab4d9edf:192.168.69.124:36478, 88606864-d3c7-410e-8604-6d8d21473076:192.168.69.124:33113], old=null at 0
2019-08-24 12:53:54,021 INFO  segmented.SegmentedRaftLogWorker (SegmentedRaftLogWorker.java:startLogSegment(380)) - 88606864-d3c7-410e-8604-6d8d21473076-SegmentedRaftLogWorker:Storage Directory /workdir/hadoop-ozone/integration-test/target/test-dir/MiniOzoneClusterImpl-41984b6e-f72b-4a0e-8b27-1606d96635a1/datanode-0/data/ratis/257e6ba3-e70b-4482-9bff-ab80f3b17e67: Starting segment from index:0
2019-08-24 12:53:54,022 INFO  segmented.SegmentedRaftLogWorker (SegmentedRaftLogWorker.java:startLogSegment(380)) - cff0f701-856b-47b5-97eb-c2f7cf466fad-SegmentedRaftLogWorker:Storage Directory /workdir/hadoop-ozone/integration-test/target/test-dir/MiniOzoneClusterImpl-41984b6e-f72b-4a0e-8b27-1606d96635a1/datanode-1/data/ratis/257e6ba3-e70b-4482-9bff-ab80f3b17e67: Starting segment from index:0
2019-08-24 12:53:54,030 INFO  segmented.SegmentedRaftLogWorker (SegmentedRaftLogWorker.java:execute(569)) - 144ca2c3-c864-4a6d-85bb-c117ab4d9edf-SegmentedRaftLogWorker:Storage Directory /workdir/hadoop-ozone/integration-test/target/test-dir/MiniOzoneClusterImpl-41984b6e-f72b-4a0e-8b27-1606d96635a1/datanode-2/data/ratis/257e6ba3-e70b-4482-9bff-ab80f3b17e67: created new log segment /workdir/hadoop-ozone/integration-test/target/test-dir/MiniOzoneClusterImpl-41984b6e-f72b-4a0e-8b27-1606d96635a1/datanode-2/data/ratis/257e6ba3-e70b-4482-9bff-ab80f3b17e67/current/log_inprogress_0
2019-08-24 12:53:54,095 INFO  segmented.SegmentedRaftLogWorker (SegmentedRaftLogWorker.java:execute(569)) - cff0f701-856b-47b5-97eb-c2f7cf466fad-SegmentedRaftLogWorker:Storage Directory /workdir/hadoop-ozone/integration-test/target/test-dir/MiniOzoneClusterImpl-41984b6e-f72b-4a0e-8b27-1606d96635a1/datanode-1/data/ratis/257e6ba3-e70b-4482-9bff-ab80f3b17e67: created new log segment /workdir/hadoop-ozone/integration-test/target/test-dir/MiniOzoneClusterImpl-41984b6e-f72b-4a0e-8b27-1606d96635a1/datanode-1/data/ratis/257e6ba3-e70b-4482-9bff-ab80f3b17e67/current/log_inprogress_0
2019-08-24 12:53:54,096 INFO  segmented.SegmentedRaftLogWorker (SegmentedRaftLogWorker.java:execute(569)) - 88606864-d3c7-410e-8604-6d8d21473076-SegmentedRaftLogWorker:Storage Directory /workdir/hadoop-ozone/integration-test/target/test-dir/MiniOzoneClusterImpl-41984b6e-f72b-4a0e-8b27-1606d96635a1/datanode-0/data/ratis/257e6ba3-e70b-4482-9bff-ab80f3b17e67: created new log segment /workdir/hadoop-ozone/integration-test/target/test-dir/MiniOzoneClusterImpl-41984b6e-f72b-4a0e-8b27-1606d96635a1/datanode-0/data/ratis/257e6ba3-e70b-4482-9bff-ab80f3b17e67/current/log_inprogress_0
2019-08-24 12:53:54,537 | INFO  | SCMAudit | user=jenkins1000 | ip=192.168.69.124 | op=SEND_HEARTBEAT {datanodeUUID=cff0f701-856b-47b5-97eb-c2f7cf466fad, command=[]} | ret=SUCCESS |  
2019-08-24 12:53:54,716 | INFO  | SCMAudit | user=jenkins1000 | ip=192.168.69.124 | op=SEND_HEARTBEAT {datanodeUUID=144ca2c3-c864-4a6d-85bb-c117ab4d9edf, command=[]} | ret=SUCCESS |  
2019-08-24 12:53:54,718 INFO  ozoneimpl.OzoneContainer (OzoneContainer.java:stop(199)) - Attempting to stop container services.
2019-08-24 12:53:54,718 INFO  impl.RaftServerProxy (RaftServerProxy.java:lambda$close$4(314)) - 88606864-d3c7-410e-8604-6d8d21473076: close
2019-08-24 12:53:54,719 INFO  impl.RaftServerImpl (RaftServerImpl.java:lambda$shutdown$3(245)) - 88606864-d3c7-410e-8604-6d8d21473076: shutdown group-8AAA66C8B2F4
2019-08-24 12:53:54,719 INFO  util.JmxRegister (JmxRegister.java:unregister(73)) - Successfully un-registered JMX Bean with object name Ratis:service=RaftServer,group=group-8AAA66C8B2F4,id=88606864-d3c7-410e-8604-6d8d21473076
2019-08-24 12:53:54,720 INFO  impl.RoleInfo (RoleInfo.java:shutdownLeaderState(104)) - 88606864-d3c7-410e-8604-6d8d21473076: shutdown LeaderState
2019-08-24 12:53:54,720 INFO  impl.PendingRequests (PendingRequests.java:sendNotLeaderResponses(202)) - 88606864-d3c7-410e-8604-6d8d21473076-PendingRequests: sendNotLeaderResponses
2019-08-24 12:53:54,721 INFO  impl.StateMachineUpdater (StateMachineUpdater.java:stopAndJoin(115)) - StateMachineUpdater:88606864-d3c7-410e-8604-6d8d21473076:group-8AAA66C8B2F4: set stopIndex = 0
2019-08-24 12:53:54,723 INFO  impl.RaftServerImpl (ServerState.java:close(394)) - 88606864-d3c7-410e-8604-6d8d21473076:group-8AAA66C8B2F4 closes. The last applied log index is 0
2019-08-24 12:53:54,724 INFO  segmented.SegmentedRaftLogWorker (SegmentedRaftLogWorker.java:run(313)) - 88606864-d3c7-410e-8604-6d8d21473076-SegmentedRaftLogWorker:Storage Directory /workdir/hadoop-ozone/integration-test/target/test-dir/MiniOzoneClusterImpl-41984b6e-f72b-4a0e-8b27-1606d96635a1/datanode-0/data/ratis/24cbd146-a05b-472f-a4b6-8aaa66c8b2f4 was interrupted, exiting. There are 0 tasks remaining in the queue.
2019-08-24 12:53:54,725 INFO  segmented.SegmentedRaftLogWorker (SegmentedRaftLogWorker.java:close(228)) - 88606864-d3c7-410e-8604-6d8d21473076-SegmentedRaftLogWorker:Storage Directory /workdir/hadoop-ozone/integration-test/target/test-dir/MiniOzoneClusterImpl-41984b6e-f72b-4a0e-8b27-1606d96635a1/datanode-0/data/ratis/24cbd146-a05b-472f-a4b6-8aaa66c8b2f4 close()
2019-08-24 12:53:54,728 INFO  impl.RaftServerImpl (RaftServerImpl.java:lambda$shutdown$3(245)) - 88606864-d3c7-410e-8604-6d8d21473076: shutdown group-AB80F3B17E67
2019-08-24 12:53:54,729 INFO  util.JmxRegister (JmxRegister.java:unregister(73)) - Successfully un-registered JMX Bean with object name Ratis:service=RaftServer,group=group-AB80F3B17E67,id=88606864-d3c7-410e-8604-6d8d21473076
2019-08-24 12:53:54,729 INFO  impl.RoleInfo (RoleInfo.java:shutdownFollowerState(121)) - 88606864-d3c7-410e-8604-6d8d21473076: shutdown FollowerState
2019-08-24 12:53:54,729 INFO  impl.StateMachineUpdater (StateMachineUpdater.java:stopAndJoin(115)) - StateMachineUpdater:88606864-d3c7-410e-8604-6d8d21473076:group-AB80F3B17E67: set stopIndex = -1
2019-08-24 12:53:54,729 INFO  impl.FollowerState (FollowerState.java:run(114)) - 88606864-d3c7-410e-8604-6d8d21473076: FollowerState was interrupted: java.lang.InterruptedException: sleep interrupted
2019-08-24 12:53:54,731 INFO  impl.RaftServerImpl (ServerState.java:close(394)) - 88606864-d3c7-410e-8604-6d8d21473076:group-AB80F3B17E67 closes. The last applied log index is -1
2019-08-24 12:53:54,733 INFO  segmented.SegmentedRaftLogWorker (SegmentedRaftLogWorker.java:run(313)) - 88606864-d3c7-410e-8604-6d8d21473076-SegmentedRaftLogWorker:Storage Directory /workdir/hadoop-ozone/integration-test/target/test-dir/MiniOzoneClusterImpl-41984b6e-f72b-4a0e-8b27-1606d96635a1/datanode-0/data/ratis/257e6ba3-e70b-4482-9bff-ab80f3b17e67 was interrupted, exiting. There are 0 tasks remaining in the queue.
2019-08-24 12:53:54,734 INFO  segmented.SegmentedRaftLogWorker (SegmentedRaftLogWorker.java:close(228)) - 88606864-d3c7-410e-8604-6d8d21473076-SegmentedRaftLogWorker:Storage Directory /workdir/hadoop-ozone/integration-test/target/test-dir/MiniOzoneClusterImpl-41984b6e-f72b-4a0e-8b27-1606d96635a1/datanode-0/data/ratis/257e6ba3-e70b-4482-9bff-ab80f3b17e67 close()
2019-08-24 12:53:54,741 INFO  server.GrpcService (GrpcService.java:closeImpl(155)) - 88606864-d3c7-410e-8604-6d8d21473076: shutdown server with port 33113 now
2019-08-24 12:53:54,743 WARN  server.GrpcServerProtocolService (LogUtils.java:warn(134)) - 88606864-d3c7-410e-8604-6d8d21473076: appendEntries onError: org.apache.ratis.thirdparty.io.grpc.StatusRuntimeException: CANCELLED: cancelled before receiving half close
2019-08-24 12:53:54,743 INFO  server.GrpcService (GrpcService.java:closeImpl(163)) - 88606864-d3c7-410e-8604-6d8d21473076: shutdown server with port 33113 successfully
2019-08-24 12:53:54,744 WARN  server.GrpcLogAppender (LogUtils.java:warn(134)) - 144ca2c3-c864-4a6d-85bb-c117ab4d9edf->88606864-d3c7-410e-8604-6d8d21473076: Failed appendEntries: org.apache.ratis.thirdparty.io.grpc.StatusRuntimeException: CANCELLED: HTTP/2 error code: CANCEL
Received Rst Stream
2019-08-24 12:53:54,746 INFO  impl.FollowerInfo (FollowerInfo.java:lambda$new$0(50)) - 144ca2c3-c864-4a6d-85bb-c117ab4d9edf->88606864-d3c7-410e-8604-6d8d21473076: nextIndex: updateUnconditionally 1 -> 0
2019-08-24 12:53:54,750 INFO  utils.BackgroundService (BackgroundService.java:shutdown(148)) - Shutting down service BlockDeletingService
2019-08-24 12:53:54,752 WARN  fs.CachingGetSpaceUsed (CachingGetSpaceUsed.java:run(183)) - Thread Interrupted waiting to refresh disk information: sleep interrupted
2019-08-24 12:53:54,772 INFO  statemachine.DatanodeStateMachine (DatanodeStateMachine.java:stopDaemon(395)) - Ozone container server stopped.
2019-08-24 12:53:54,774 INFO  handler.ContextHandler (ContextHandler.java:doStop(910)) - Stopped o.e.j.w.WebAppContext@3e809f39{/,null,UNAVAILABLE}{/hddsDatanode}
2019-08-24 12:53:54,775 INFO  server.AbstractConnector (AbstractConnector.java:doStop(318)) - Stopped ServerConnector@4c7d9ad0{HTTP/1.1,[http/1.1]}{0.0.0.0:0}
2019-08-24 12:53:54,775 INFO  handler.ContextHandler (ContextHandler.java:doStop(910)) - Stopped o.e.j.s.ServletContextHandler@5bf11612{/static,jar:file:/home/user/.m2/repository/org/apache/hadoop/hadoop-hdds-container-service/0.4.1-SNAPSHOT/hadoop-hdds-container-service-0.4.1-SNAPSHOT.jar!/webapps/static,UNAVAILABLE}
2019-08-24 12:53:54,776 INFO  handler.ContextHandler (ContextHandler.java:doStop(910)) - Stopped o.e.j.s.ServletContextHandler@2b41b075{/logs,file:///workdir/hadoop-ozone/integration-test/target/log,UNAVAILABLE}
2019-08-24 12:53:54,777 INFO  datanode.ObjectStoreHandler (ObjectStoreHandler.java:close(155)) - Closing ObjectStoreHandler.
2019-08-24 12:53:54,777 INFO  ozone.HddsDatanodeService (HddsDatanodeService.java:stop(451)) - Stopped plug-in org.apache.hadoop.ozone.web.OzoneHddsDatanodeService@7b38ce76
2019-08-24 12:53:55,535 INFO  statemachine.DatanodeStateMachine (DatanodeStateMachine.java:lambda$startDaemon$0(350)) - Ozone container server started.
2019-08-24 12:53:55,717 | INFO  | SCMAudit | user=jenkins1000 | ip=192.168.69.124 | op=SEND_HEARTBEAT {datanodeUUID=144ca2c3-c864-4a6d-85bb-c117ab4d9edf, command=[]} | ret=SUCCESS |  
2019-08-24 12:53:56,616 WARN  server.GrpcLogAppender (LogUtils.java:warn(134)) - 144ca2c3-c864-4a6d-85bb-c117ab4d9edf->88606864-d3c7-410e-8604-6d8d21473076: Failed appendEntries: org.apache.ratis.thirdparty.io.grpc.StatusRuntimeException: UNAVAILABLE: io exception
2019-08-24 12:53:56,620 INFO  impl.FollowerInfo (FollowerInfo.java:lambda$new$0(50)) - 144ca2c3-c864-4a6d-85bb-c117ab4d9edf->88606864-d3c7-410e-8604-6d8d21473076: nextIndex: updateUnconditionally 0 -> 0
2019-08-24 12:53:56,717 | INFO  | SCMAudit | user=jenkins1000 | ip=192.168.69.124 | op=SEND_HEARTBEAT {datanodeUUID=144ca2c3-c864-4a6d-85bb-c117ab4d9edf, command=[]} | ret=SUCCESS |  
2019-08-24 12:53:57,717 | INFO  | SCMAudit | user=jenkins1000 | ip=192.168.69.124 | op=SEND_HEARTBEAT {datanodeUUID=144ca2c3-c864-4a6d-85bb-c117ab4d9edf, command=[]} | ret=SUCCESS |  
2019-08-24 12:53:58,717 | INFO  | SCMAudit | user=jenkins1000 | ip=192.168.69.124 | op=SEND_HEARTBEAT {datanodeUUID=144ca2c3-c864-4a6d-85bb-c117ab4d9edf, command=[]} | ret=SUCCESS |  
2019-08-24 12:53:59,118 WARN  server.GrpcLogAppender (LogUtils.java:warn(134)) - 144ca2c3-c864-4a6d-85bb-c117ab4d9edf->88606864-d3c7-410e-8604-6d8d21473076: Failed appendEntries: org.apache.ratis.thirdparty.io.grpc.StatusRuntimeException: UNAVAILABLE: io exception
2019-08-24 12:53:59,120 INFO  impl.FollowerInfo (FollowerInfo.java:lambda$new$0(50)) - 144ca2c3-c864-4a6d-85bb-c117ab4d9edf->88606864-d3c7-410e-8604-6d8d21473076: nextIndex: updateUnconditionally 0 -> 0
2019-08-24 12:53:59,718 | INFO  | SCMAudit | user=jenkins1000 | ip=192.168.69.124 | op=SEND_HEARTBEAT {datanodeUUID=144ca2c3-c864-4a6d-85bb-c117ab4d9edf, command=[]} | ret=SUCCESS |  
2019-08-24 12:53:59,745 INFO  node.StaleNodeHandler (StaleNodeHandler.java:onMessage(58)) - Datanode cff0f701-856b-47b5-97eb-c2f7cf466fad{ip: 192.168.69.124, host: pr-hdds-2029-g5rx4-259851958, networkLocation: /default-rack, certSerialId: null} moved to stale state. Finalizing its pipelines [PipelineID=d4492a84-8ee5-434a-8485-f5bcb37dc72a, PipelineID=257e6ba3-e70b-4482-9bff-ab80f3b17e67]
2019-08-24 12:53:59,745 INFO  pipeline.SCMPipelineManager (SCMPipelineManager.java:finalizeAndDestroyPipeline(309)) - destroying pipeline:Pipeline[ Id: d4492a84-8ee5-434a-8485-f5bcb37dc72a, Nodes: cff0f701-856b-47b5-97eb-c2f7cf466fad{ip: 192.168.69.124, host: pr-hdds-2029-g5rx4-259851958, networkLocation: /default-rack, certSerialId: null}, Type:RATIS, Factor:ONE, State:OPEN]
2019-08-24 12:53:59,746 INFO  pipeline.PipelineStateManager (PipelineStateManager.java:finalizePipeline(123)) - Pipeline Pipeline[ Id: d4492a84-8ee5-434a-8485-f5bcb37dc72a, Nodes: cff0f701-856b-47b5-97eb-c2f7cf466fad{ip: 192.168.69.124, host: pr-hdds-2029-g5rx4-259851958, networkLocation: /default-rack, certSerialId: null}, Type:RATIS, Factor:ONE, State:CLOSED] moved to CLOSED state
2019-08-24 12:53:59,746 INFO  pipeline.SCMPipelineManager (SCMPipelineManager.java:finalizeAndDestroyPipeline(309)) - destroying pipeline:Pipeline[ Id: 257e6ba3-e70b-4482-9bff-ab80f3b17e67, Nodes: 88606864-d3c7-410e-8604-6d8d21473076{ip: 192.168.69.124, host: pr-hdds-2029-g5rx4-259851958, networkLocation: /default-rack, certSerialId: null}cff0f701-856b-47b5-97eb-c2f7cf466fad{ip: 192.168.69.124, host: pr-hdds-2029-g5rx4-259851958, networkLocation: /default-rack, certSerialId: null}144ca2c3-c864-4a6d-85bb-c117ab4d9edf{ip: 192.168.69.124, host: pr-hdds-2029-g5rx4-259851958, networkLocation: /default-rack, certSerialId: null}, Type:RATIS, Factor:THREE, State:CLOSED]
2019-08-24 12:53:59,778 INFO  ozoneimpl.OzoneContainer (OzoneContainer.java:stop(199)) - Attempting to stop container services.
2019-08-24 12:53:59,779 INFO  impl.RaftServerProxy (RaftServerProxy.java:lambda$close$4(314)) - cff0f701-856b-47b5-97eb-c2f7cf466fad: close
2019-08-24 12:53:59,779 INFO  impl.RaftServerImpl (RaftServerImpl.java:lambda$shutdown$3(245)) - cff0f701-856b-47b5-97eb-c2f7cf466fad: shutdown group-F5BCB37DC72A
2019-08-24 12:53:59,780 INFO  util.JmxRegister (JmxRegister.java:unregister(73)) - Successfully un-registered JMX Bean with object name Ratis:service=RaftServer,group=group-F5BCB37DC72A,id=cff0f701-856b-47b5-97eb-c2f7cf466fad
2019-08-24 12:53:59,780 INFO  impl.RoleInfo (RoleInfo.java:shutdownLeaderState(104)) - cff0f701-856b-47b5-97eb-c2f7cf466fad: shutdown LeaderState
2019-08-24 12:53:59,780 INFO  impl.PendingRequests (PendingRequests.java:sendNotLeaderResponses(202)) - cff0f701-856b-47b5-97eb-c2f7cf466fad-PendingRequests: sendNotLeaderResponses
2019-08-24 12:53:59,781 INFO  impl.StateMachineUpdater (StateMachineUpdater.java:stopAndJoin(115)) - StateMachineUpdater:cff0f701-856b-47b5-97eb-c2f7cf466fad:group-F5BCB37DC72A: set stopIndex = 0
2019-08-24 12:53:59,783 INFO  impl.RaftServerImpl (ServerState.java:close(394)) - cff0f701-856b-47b5-97eb-c2f7cf466fad:group-F5BCB37DC72A closes. The last applied log index is 0
2019-08-24 12:53:59,783 INFO  segmented.SegmentedRaftLogWorker (SegmentedRaftLogWorker.java:run(313)) - cff0f701-856b-47b5-97eb-c2f7cf466fad-SegmentedRaftLogWorker:Storage Directory /workdir/hadoop-ozone/integration-test/target/test-dir/MiniOzoneClusterImpl-41984b6e-f72b-4a0e-8b27-1606d96635a1/datanode-1/data/ratis/d4492a84-8ee5-434a-8485-f5bcb37dc72a was interrupted, exiting. There are 0 tasks remaining in the queue.
2019-08-24 12:53:59,785 INFO  segmented.SegmentedRaftLogWorker (SegmentedRaftLogWorker.java:close(228)) - cff0f701-856b-47b5-97eb-c2f7cf466fad-SegmentedRaftLogWorker:Storage Directory /workdir/hadoop-ozone/integration-test/target/test-dir/MiniOzoneClusterImpl-41984b6e-f72b-4a0e-8b27-1606d96635a1/datanode-1/data/ratis/d4492a84-8ee5-434a-8485-f5bcb37dc72a close()
2019-08-24 12:53:59,786 INFO  impl.RaftServerImpl (RaftServerImpl.java:lambda$shutdown$3(245)) - cff0f701-856b-47b5-97eb-c2f7cf466fad: shutdown group-AB80F3B17E67
2019-08-24 12:53:59,787 INFO  util.JmxRegister (JmxRegister.java:unregister(73)) - Successfully un-registered JMX Bean with object name Ratis:service=RaftServer,group=group-AB80F3B17E67,id=cff0f701-856b-47b5-97eb-c2f7cf466fad
2019-08-24 12:53:59,787 INFO  impl.RoleInfo (RoleInfo.java:shutdownFollowerState(121)) - cff0f701-856b-47b5-97eb-c2f7cf466fad: shutdown FollowerState
2019-08-24 12:53:59,787 INFO  impl.StateMachineUpdater (StateMachineUpdater.java:stopAndJoin(115)) - StateMachineUpdater:cff0f701-856b-47b5-97eb-c2f7cf466fad:group-AB80F3B17E67: set stopIndex = 0
2019-08-24 12:53:59,788 INFO  impl.FollowerState (FollowerState.java:run(114)) - cff0f701-856b-47b5-97eb-c2f7cf466fad: FollowerState was interrupted: java.lang.InterruptedException: sleep interrupted
2019-08-24 12:53:59,789 INFO  impl.RaftServerImpl (ServerState.java:close(394)) - cff0f701-856b-47b5-97eb-c2f7cf466fad:group-AB80F3B17E67 closes. The last applied log index is 0
2019-08-24 12:53:59,791 INFO  segmented.SegmentedRaftLogWorker (SegmentedRaftLogWorker.java:run(313)) - cff0f701-856b-47b5-97eb-c2f7cf466fad-SegmentedRaftLogWorker:Storage Directory /workdir/hadoop-ozone/integration-test/target/test-dir/MiniOzoneClusterImpl-41984b6e-f72b-4a0e-8b27-1606d96635a1/datanode-1/data/ratis/257e6ba3-e70b-4482-9bff-ab80f3b17e67 was interrupted, exiting. There are 0 tasks remaining in the queue.
2019-08-24 12:53:59,792 INFO  segmented.SegmentedRaftLogWorker (SegmentedRaftLogWorker.java:close(228)) - cff0f701-856b-47b5-97eb-c2f7cf466fad-SegmentedRaftLogWorker:Storage Directory /workdir/hadoop-ozone/integration-test/target/test-dir/MiniOzoneClusterImpl-41984b6e-f72b-4a0e-8b27-1606d96635a1/datanode-1/data/ratis/257e6ba3-e70b-4482-9bff-ab80f3b17e67 close()
2019-08-24 12:53:59,793 INFO  server.GrpcService (GrpcService.java:closeImpl(155)) - cff0f701-856b-47b5-97eb-c2f7cf466fad: shutdown server with port 39465 now
2019-08-24 12:53:59,796 WARN  server.GrpcServerProtocolService (LogUtils.java:warn(134)) - cff0f701-856b-47b5-97eb-c2f7cf466fad: appendEntries onError: org.apache.ratis.thirdparty.io.grpc.StatusRuntimeException: CANCELLED: cancelled before receiving half close
2019-08-24 12:53:59,796 INFO  server.GrpcService (GrpcService.java:closeImpl(163)) - cff0f701-856b-47b5-97eb-c2f7cf466fad: shutdown server with port 39465 successfully
2019-08-24 12:53:59,796 WARN  server.GrpcLogAppender (LogUtils.java:warn(134)) - 144ca2c3-c864-4a6d-85bb-c117ab4d9edf->cff0f701-856b-47b5-97eb-c2f7cf466fad: Failed appendEntries: org.apache.ratis.thirdparty.io.grpc.StatusRuntimeException: CANCELLED: HTTP/2 error code: CANCEL
Received Rst Stream
2019-08-24 12:53:59,798 INFO  impl.FollowerInfo (FollowerInfo.java:lambda$new$0(50)) - 144ca2c3-c864-4a6d-85bb-c117ab4d9edf->cff0f701-856b-47b5-97eb-c2f7cf466fad: nextIndex: updateUnconditionally 1 -> 0
2019-08-24 12:53:59,800 INFO  utils.BackgroundService (BackgroundService.java:shutdown(148)) - Shutting down service BlockDeletingService
2019-08-24 12:53:59,803 WARN  fs.CachingGetSpaceUsed (CachingGetSpaceUsed.java:run(183)) - Thread Interrupted waiting to refresh disk information: sleep interrupted
2019-08-24 12:53:59,823 INFO  statemachine.DatanodeStateMachine (DatanodeStateMachine.java:stopDaemon(395)) - Ozone container server stopped.
2019-08-24 12:53:59,825 INFO  handler.ContextHandler (ContextHandler.java:doStop(910)) - Stopped o.e.j.w.WebAppContext@7158faf0{/,null,UNAVAILABLE}{/hddsDatanode}
2019-08-24 12:53:59,825 INFO  server.AbstractConnector (AbstractConnector.java:doStop(318)) - Stopped ServerConnector@3983e934{HTTP/1.1,[http/1.1]}{0.0.0.0:0}
2019-08-24 12:53:59,826 INFO  handler.ContextHandler (ContextHandler.java:doStop(910)) - Stopped o.e.j.s.ServletContextHandler@75d6335a{/static,jar:file:/home/user/.m2/repository/org/apache/hadoop/hadoop-hdds-container-service/0.4.1-SNAPSHOT/hadoop-hdds-container-service-0.4.1-SNAPSHOT.jar!/webapps/static,UNAVAILABLE}
2019-08-24 12:53:59,826 INFO  handler.ContextHandler (ContextHandler.java:doStop(910)) - Stopped o.e.j.s.ServletContextHandler@4bb44442{/logs,file:///workdir/hadoop-ozone/integration-test/target/log,UNAVAILABLE}
2019-08-24 12:53:59,827 INFO  datanode.ObjectStoreHandler (ObjectStoreHandler.java:close(155)) - Closing ObjectStoreHandler.
2019-08-24 12:53:59,829 INFO  ozone.HddsDatanodeService (HddsDatanodeService.java:stop(451)) - Stopped plug-in org.apache.hadoop.ozone.web.OzoneHddsDatanodeService@31c11dac
2019-08-24 12:54:00,717 INFO  statemachine.DatanodeStateMachine (DatanodeStateMachine.java:lambda$startDaemon$0(350)) - Ozone container server started.
2019-08-24 12:54:01,619 WARN  server.GrpcLogAppender (LogUtils.java:warn(134)) - 144ca2c3-c864-4a6d-85bb-c117ab4d9edf->88606864-d3c7-410e-8604-6d8d21473076: Failed appendEntries: org.apache.ratis.thirdparty.io.grpc.StatusRuntimeException: UNAVAILABLE: io exception
2019-08-24 12:54:01,621 INFO  impl.FollowerInfo (FollowerInfo.java:lambda$new$0(50)) - 144ca2c3-c864-4a6d-85bb-c117ab4d9edf->88606864-d3c7-410e-8604-6d8d21473076: nextIndex: updateUnconditionally 0 -> 0
2019-08-24 12:54:01,633 WARN  server.GrpcLogAppender (LogUtils.java:warn(134)) - 144ca2c3-c864-4a6d-85bb-c117ab4d9edf->cff0f701-856b-47b5-97eb-c2f7cf466fad: Failed appendEntries: org.apache.ratis.thirdparty.io.grpc.StatusRuntimeException: UNAVAILABLE: io exception
2019-08-24 12:54:01,635 INFO  impl.FollowerInfo (FollowerInfo.java:lambda$new$0(50)) - 144ca2c3-c864-4a6d-85bb-c117ab4d9edf->cff0f701-856b-47b5-97eb-c2f7cf466fad: nextIndex: updateUnconditionally 0 -> 0
2019-08-24 12:54:04,122 WARN  server.GrpcLogAppender (LogUtils.java:warn(134)) - 144ca2c3-c864-4a6d-85bb-c117ab4d9edf->88606864-d3c7-410e-8604-6d8d21473076: Failed appendEntries: org.apache.ratis.thirdparty.io.grpc.StatusRuntimeException: UNAVAILABLE: io exception
2019-08-24 12:54:04,126 INFO  impl.FollowerInfo (FollowerInfo.java:lambda$new$0(50)) - 144ca2c3-c864-4a6d-85bb-c117ab4d9edf->88606864-d3c7-410e-8604-6d8d21473076: nextIndex: updateUnconditionally 0 -> 0
2019-08-24 12:54:04,135 WARN  server.GrpcLogAppender (LogUtils.java:warn(134)) - 144ca2c3-c864-4a6d-85bb-c117ab4d9edf->cff0f701-856b-47b5-97eb-c2f7cf466fad: Failed appendEntries: org.apache.ratis.thirdparty.io.grpc.StatusRuntimeException: UNAVAILABLE: io exception
2019-08-24 12:54:04,136 INFO  impl.FollowerInfo (FollowerInfo.java:lambda$new$0(50)) - 144ca2c3-c864-4a6d-85bb-c117ab4d9edf->cff0f701-856b-47b5-97eb-c2f7cf466fad: nextIndex: updateUnconditionally 0 -> 0
2019-08-24 12:54:04,746 INFO  node.StaleNodeHandler (StaleNodeHandler.java:onMessage(58)) - Datanode 144ca2c3-c864-4a6d-85bb-c117ab4d9edf{ip: 192.168.69.124, host: pr-hdds-2029-g5rx4-259851958, networkLocation: /default-rack, certSerialId: null} moved to stale state. Finalizing its pipelines [PipelineID=184e1648-e8e7-403c-9a58-730de5407053, PipelineID=257e6ba3-e70b-4482-9bff-ab80f3b17e67]
2019-08-24 12:54:04,747 INFO  pipeline.SCMPipelineManager (SCMPipelineManager.java:finalizeAndDestroyPipeline(309)) - destroying pipeline:Pipeline[ Id: 184e1648-e8e7-403c-9a58-730de5407053, Nodes: 144ca2c3-c864-4a6d-85bb-c117ab4d9edf{ip: 192.168.69.124, host: pr-hdds-2029-g5rx4-259851958, networkLocation: /default-rack, certSerialId: null}, Type:RATIS, Factor:ONE, State:OPEN]
2019-08-24 12:54:04,747 INFO  pipeline.PipelineStateManager (PipelineStateManager.java:finalizePipeline(123)) - Pipeline Pipeline[ Id: 184e1648-e8e7-403c-9a58-730de5407053, Nodes: 144ca2c3-c864-4a6d-85bb-c117ab4d9edf{ip: 192.168.69.124, host: pr-hdds-2029-g5rx4-259851958, networkLocation: /default-rack, certSerialId: null}, Type:RATIS, Factor:ONE, State:CLOSED] moved to CLOSED state
2019-08-24 12:54:04,747 INFO  pipeline.SCMPipelineManager (SCMPipelineManager.java:finalizeAndDestroyPipeline(309)) - destroying pipeline:Pipeline[ Id: 257e6ba3-e70b-4482-9bff-ab80f3b17e67, Nodes: 88606864-d3c7-410e-8604-6d8d21473076{ip: 192.168.69.124, host: pr-hdds-2029-g5rx4-259851958, networkLocation: /default-rack, certSerialId: null}cff0f701-856b-47b5-97eb-c2f7cf466fad{ip: 192.168.69.124, host: pr-hdds-2029-g5rx4-259851958, networkLocation: /default-rack, certSerialId: null}144ca2c3-c864-4a6d-85bb-c117ab4d9edf{ip: 192.168.69.124, host: pr-hdds-2029-g5rx4-259851958, networkLocation: /default-rack, certSerialId: null}, Type:RATIS, Factor:THREE, State:CLOSED]
2019-08-24 12:54:04,830 INFO  ozoneimpl.OzoneContainer (OzoneContainer.java:stop(199)) - Attempting to stop container services.
2019-08-24 12:54:04,830 INFO  impl.RaftServerProxy (RaftServerProxy.java:lambda$close$4(314)) - 144ca2c3-c864-4a6d-85bb-c117ab4d9edf: close
2019-08-24 12:54:04,831 INFO  impl.RaftServerImpl (RaftServerImpl.java:lambda$shutdown$3(245)) - 144ca2c3-c864-4a6d-85bb-c117ab4d9edf: shutdown group-730DE5407053
2019-08-24 12:54:04,831 INFO  util.JmxRegister (JmxRegister.java:unregister(73)) - Successfully un-registered JMX Bean with object name Ratis:service=RaftServer,group=group-730DE5407053,id=144ca2c3-c864-4a6d-85bb-c117ab4d9edf
2019-08-24 12:54:04,832 INFO  impl.RoleInfo (RoleInfo.java:shutdownLeaderState(104)) - 144ca2c3-c864-4a6d-85bb-c117ab4d9edf: shutdown LeaderState
2019-08-24 12:54:04,832 INFO  impl.PendingRequests (PendingRequests.java:sendNotLeaderResponses(202)) - 144ca2c3-c864-4a6d-85bb-c117ab4d9edf-PendingRequests: sendNotLeaderResponses
2019-08-24 12:54:04,833 INFO  impl.StateMachineUpdater (StateMachineUpdater.java:stopAndJoin(115)) - StateMachineUpdater:144ca2c3-c864-4a6d-85bb-c117ab4d9edf:group-730DE5407053: set stopIndex = 0
2019-08-24 12:54:04,834 INFO  impl.RaftServerImpl (ServerState.java:close(394)) - 144ca2c3-c864-4a6d-85bb-c117ab4d9edf:group-730DE5407053 closes. The last applied log index is 0
2019-08-24 12:54:04,835 INFO  segmented.SegmentedRaftLogWorker (SegmentedRaftLogWorker.java:run(313)) - 144ca2c3-c864-4a6d-85bb-c117ab4d9edf-SegmentedRaftLogWorker:Storage Directory /workdir/hadoop-ozone/integration-test/target/test-dir/MiniOzoneClusterImpl-41984b6e-f72b-4a0e-8b27-1606d96635a1/datanode-2/data/ratis/184e1648-e8e7-403c-9a58-730de5407053 was interrupted, exiting. There are 0 tasks remaining in the queue.
2019-08-24 12:54:04,836 INFO  segmented.SegmentedRaftLogWorker (SegmentedRaftLogWorker.java:close(228)) - 144ca2c3-c864-4a6d-85bb-c117ab4d9edf-SegmentedRaftLogWorker:Storage Directory /workdir/hadoop-ozone/integration-test/target/test-dir/MiniOzoneClusterImpl-41984b6e-f72b-4a0e-8b27-1606d96635a1/datanode-2/data/ratis/184e1648-e8e7-403c-9a58-730de5407053 close()
2019-08-24 12:54:04,837 INFO  impl.RaftServerImpl (RaftServerImpl.java:lambda$shutdown$3(245)) - 144ca2c3-c864-4a6d-85bb-c117ab4d9edf: shutdown group-AB80F3B17E67
2019-08-24 12:54:04,838 INFO  util.JmxRegister (JmxRegister.java:unregister(73)) - Successfully un-registered JMX Bean with object name Ratis:service=RaftServer,group=group-AB80F3B17E67,id=144ca2c3-c864-4a6d-85bb-c117ab4d9edf
2019-08-24 12:54:04,838 INFO  impl.RoleInfo (RoleInfo.java:shutdownLeaderState(104)) - 144ca2c3-c864-4a6d-85bb-c117ab4d9edf: shutdown LeaderState
2019-08-24 12:54:04,840 INFO  impl.PendingRequests (PendingRequests.java:sendNotLeaderResponses(202)) - 144ca2c3-c864-4a6d-85bb-c117ab4d9edf-PendingRequests: sendNotLeaderResponses
2019-08-24 12:54:04,840 WARN  server.GrpcLogAppender (GrpcLogAppender.java:mayWait(143)) - GrpcLogAppender(144ca2c3-c864-4a6d-85bb-c117ab4d9edf->88606864-d3c7-410e-8604-6d8d21473076): Wait interrupted by java.lang.InterruptedException
2019-08-24 12:54:04,840 WARN  server.GrpcLogAppender (GrpcLogAppender.java:mayWait(143)) - GrpcLogAppender(144ca2c3-c864-4a6d-85bb-c117ab4d9edf->cff0f701-856b-47b5-97eb-c2f7cf466fad): Wait interrupted by java.lang.InterruptedException
2019-08-24 12:54:04,841 INFO  impl.StateMachineUpdater (StateMachineUpdater.java:stopAndJoin(115)) - StateMachineUpdater:144ca2c3-c864-4a6d-85bb-c117ab4d9edf:group-AB80F3B17E67: set stopIndex = 0
2019-08-24 12:54:04,844 INFO  impl.RaftServerImpl (ServerState.java:close(394)) - 144ca2c3-c864-4a6d-85bb-c117ab4d9edf:group-AB80F3B17E67 closes. The last applied log index is 0
2019-08-24 12:54:04,844 INFO  segmented.SegmentedRaftLogWorker (SegmentedRaftLogWorker.java:run(313)) - 144ca2c3-c864-4a6d-85bb-c117ab4d9edf-SegmentedRaftLogWorker:Storage Directory /workdir/hadoop-ozone/integration-test/target/test-dir/MiniOzoneClusterImpl-41984b6e-f72b-4a0e-8b27-1606d96635a1/datanode-2/data/ratis/257e6ba3-e70b-4482-9bff-ab80f3b17e67 was interrupted, exiting. There are 0 tasks remaining in the queue.
2019-08-24 12:54:04,848 INFO  segmented.SegmentedRaftLogWorker (SegmentedRaftLogWorker.java:close(228)) - 144ca2c3-c864-4a6d-85bb-c117ab4d9edf-SegmentedRaftLogWorker:Storage Directory /workdir/hadoop-ozone/integration-test/target/test-dir/MiniOzoneClusterImpl-41984b6e-f72b-4a0e-8b27-1606d96635a1/datanode-2/data/ratis/257e6ba3-e70b-4482-9bff-ab80f3b17e67 close()
2019-08-24 12:54:04,849 INFO  server.GrpcService (GrpcService.java:closeImpl(155)) - 144ca2c3-c864-4a6d-85bb-c117ab4d9edf: shutdown server with port 36478 now
2019-08-24 12:54:04,850 INFO  server.GrpcService (GrpcService.java:closeImpl(163)) - 144ca2c3-c864-4a6d-85bb-c117ab4d9edf: shutdown server with port 36478 successfully
2019-08-24 12:54:04,852 INFO  utils.BackgroundService (BackgroundService.java:shutdown(148)) - Shutting down service BlockDeletingService
2019-08-24 12:54:04,855 WARN  fs.CachingGetSpaceUsed (CachingGetSpaceUsed.java:run(183)) - Thread Interrupted waiting to refresh disk information: sleep interrupted
2019-08-24 12:54:04,873 INFO  statemachine.DatanodeStateMachine (DatanodeStateMachine.java:stopDaemon(395)) - Ozone container server stopped.
2019-08-24 12:54:04,875 INFO  handler.ContextHandler (ContextHandler.java:doStop(910)) - Stopped o.e.j.w.WebAppContext@35f61cb8{/,null,UNAVAILABLE}{/hddsDatanode}
2019-08-24 12:54:04,875 INFO  server.AbstractConnector (AbstractConnector.java:doStop(318)) - Stopped ServerConnector@73d99a53{HTTP/1.1,[http/1.1]}{0.0.0.0:0}
2019-08-24 12:54:04,876 INFO  handler.ContextHandler (ContextHandler.java:doStop(910)) - Stopped o.e.j.s.ServletContextHandler@4b13f30e{/static,jar:file:/home/user/.m2/repository/org/apache/hadoop/hadoop-hdds-container-service/0.4.1-SNAPSHOT/hadoop-hdds-container-service-0.4.1-SNAPSHOT.jar!/webapps/static,UNAVAILABLE}
2019-08-24 12:54:04,876 INFO  handler.ContextHandler (ContextHandler.java:doStop(910)) - Stopped o.e.j.s.ServletContextHandler@2b34ceb6{/logs,file:///workdir/hadoop-ozone/integration-test/target/log,UNAVAILABLE}
2019-08-24 12:54:04,880 INFO  impl.MetricsSystemImpl (MetricsSystemImpl.java:init(158)) - HddsDatanode metrics system started (again)
2019-08-24 12:54:04,923 INFO  ozone.HddsDatanodeService (HddsDatanodeService.java:start(184)) - HddsDatanodeService host:pr-hdds-2029-g5rx4-259851958 ip:192.168.69.124
2019-08-24 12:54:04,926 INFO  volume.VolumeUsage (VolumeUsage.java:loadScmUsed(144)) - Cached ScmUsed found for /workdir/hadoop-ozone/integration-test/target/test-dir/MiniOzoneClusterImpl-41984b6e-f72b-4a0e-8b27-1606d96635a1/datanode-0/data/containers : 4096 
2019-08-24 12:54:04,927 INFO  volume.HddsVolume (HddsVolume.java:<init>(176)) - Creating Volume: /workdir/hadoop-ozone/integration-test/target/test-dir/MiniOzoneClusterImpl-41984b6e-f72b-4a0e-8b27-1606d96635a1/datanode-0/data/containers/hdds of  storage type : DISK and capacity : 1482555576320
2019-08-24 12:54:04,927 INFO  volume.VolumeSet (VolumeSet.java:initializeVolumeSet(170)) - Added Volume : /workdir/hadoop-ozone/integration-test/target/test-dir/MiniOzoneClusterImpl-41984b6e-f72b-4a0e-8b27-1606d96635a1/datanode-0/data/containers/hdds to VolumeSet
2019-08-24 12:54:04,927 INFO  volume.ThrottledAsyncChecker (ThrottledAsyncChecker.java:schedule(140)) - Scheduling a check for org.apache.hadoop.ozone.container.common.volume.HddsVolume@32c176b5
2019-08-24 12:54:04,928 INFO  volume.HddsVolumeChecker (HddsVolumeChecker.java:checkAllVolumes(203)) - Scheduled health check for volume org.apache.hadoop.ozone.container.common.volume.HddsVolume@32c176b5
2019-08-24 12:54:04,954 INFO  impl.RaftServerProxy (ConfUtils.java:logGet(43)) - raft.rpc.type = GRPC (default)
2019-08-24 12:54:04,954 INFO  grpc.GrpcFactory (GrpcFactory.java:checkPooledByteBufAllocatorUseCacheForAllThreads(45)) - PERFORMANCE WARNING: useCacheForAllThreads is true that may cause Netty to create a lot garbage objects and, as a result, trigger GC.
	It is recommended to disable useCacheForAllThreads by setting -Dorg.apache.ratis.thirdparty.io.netty.allocator.useCacheForAllThreads=false in command line.
2019-08-24 12:54:04,954 INFO  grpc.GrpcConfigKeys$Server (ConfUtils.java:logGet(43)) - raft.grpc.server.port = 33113 (custom)
2019-08-24 12:54:04,955 INFO  server.GrpcService (ConfUtils.java:logGet(43)) - raft.grpc.message.size.max = 33570816 (custom)
2019-08-24 12:54:04,955 INFO  server.RaftServerConfigKeys (ConfUtils.java:logGet(43)) - raft.server.log.appender.buffer.byte-limit = 33554432 (custom)
2019-08-24 12:54:04,955 INFO  server.GrpcService (ConfUtils.java:logGet(43)) - raft.grpc.flow.control.window = 1MB (=1048576) (default)
2019-08-24 12:54:04,955 INFO  server.RaftServerConfigKeys (ConfUtils.java:logGet(43)) - raft.server.rpc.request.timeout = 3000ms (default)
2019-08-24 12:54:04,956 INFO  server.RaftServerConfigKeys (ConfUtils.java:logGet(43)) - raft.server.storage.dir = [/workdir/hadoop-ozone/integration-test/target/test-dir/MiniOzoneClusterImpl-41984b6e-f72b-4a0e-8b27-1606d96635a1/datanode-0/data/ratis] (custom)
2019-08-24 12:54:04,956 INFO  impl.RaftServerProxy (RaftServerProxy.java:lambda$null$0(191)) - 88606864-d3c7-410e-8604-6d8d21473076: found a subdirectory /workdir/hadoop-ozone/integration-test/target/test-dir/MiniOzoneClusterImpl-41984b6e-f72b-4a0e-8b27-1606d96635a1/datanode-0/data/ratis/24cbd146-a05b-472f-a4b6-8aaa66c8b2f4
2019-08-24 12:54:04,958 INFO  impl.RaftServerProxy (RaftServerProxy.java:addNew(89)) - 88606864-d3c7-410e-8604-6d8d21473076: addNew group-8AAA66C8B2F4:[] returns group-8AAA66C8B2F4:java.util.concurrent.CompletableFuture@b0cc613[Not completed]
2019-08-24 12:54:04,958 INFO  impl.RaftServerProxy (RaftServerProxy.java:lambda$null$0(191)) - 88606864-d3c7-410e-8604-6d8d21473076: found a subdirectory /workdir/hadoop-ozone/integration-test/target/test-dir/MiniOzoneClusterImpl-41984b6e-f72b-4a0e-8b27-1606d96635a1/datanode-0/data/ratis/257e6ba3-e70b-4482-9bff-ab80f3b17e67
2019-08-24 12:54:04,958 INFO  impl.RaftServerProxy (RaftServerProxy.java:addNew(89)) - 88606864-d3c7-410e-8604-6d8d21473076: addNew group-AB80F3B17E67:[] returns group-AB80F3B17E67:java.util.concurrent.CompletableFuture@7b54098f[Not completed]
2019-08-24 12:54:04,959 INFO  impl.RaftServerImpl (RaftServerImpl.java:<init>(93)) - 88606864-d3c7-410e-8604-6d8d21473076: new RaftServerImpl for group-8AAA66C8B2F4:[] with ContainerStateMachine:uninitialized
2019-08-24 12:54:04,959 INFO  replication.SimpleContainerDownloader (SimpleContainerDownloader.java:<init>(72)) - Starting container downloader service to copy containers to replicate.
2019-08-24 12:54:04,959 INFO  server.RaftServerConfigKeys (ConfUtils.java:logGet(43)) - raft.server.rpc.timeout.min = 5s (custom)
2019-08-24 12:54:04,959 INFO  server.RaftServerConfigKeys (ConfUtils.java:logGet(43)) - raft.server.rpc.timeout.max = 5200ms (custom)
2019-08-24 12:54:04,960 INFO  server.RaftServerConfigKeys (ConfUtils.java:logGet(43)) - raft.server.rpcslowness.timeout = 120s (custom)
2019-08-24 12:54:04,960 INFO  server.RaftServerConfigKeys (ConfUtils.java:logGet(43)) - raft.server.sleep.deviation.threshold = 300 (default)
2019-08-24 12:54:04,960 INFO  server.RaftServerConfigKeys (ConfUtils.java:logGet(43)) - raft.server.log.appender.install.snapshot.enabled = false (custom)
2019-08-24 12:54:04,960 INFO  impl.RaftServerImpl (ServerState.java:<init>(105)) - 88606864-d3c7-410e-8604-6d8d21473076:group-8AAA66C8B2F4 ConfigurationManager, init=-1: [], old=null, confs=<EMPTY_MAP>
2019-08-24 12:54:04,960 INFO  server.RaftServerConfigKeys (ConfUtils.java:logGet(43)) - raft.server.storage.dir = [/workdir/hadoop-ozone/integration-test/target/test-dir/MiniOzoneClusterImpl-41984b6e-f72b-4a0e-8b27-1606d96635a1/datanode-0/data/ratis] (custom)
2019-08-24 12:54:04,962 INFO  hdfs.DFSUtil (DFSUtil.java:httpServerTemplateForNNAndJN(1641)) - Starting Web-server for hddsDatanode at: http://0.0.0.0:46082
2019-08-24 12:54:04,964 INFO  server.AuthenticationFilter (AuthenticationFilter.java:constructSecretProvider(240)) - Unable to initialize FileSignerSecretProvider, falling back to use random secrets.
2019-08-24 12:54:04,965 WARN  http.HttpRequestLog (HttpRequestLog.java:getRequestLog(97)) - Jetty request log can only be enabled using Log4j
2019-08-24 12:54:04,968 INFO  http.HttpServer2 (HttpServer2.java:addGlobalFilter(975)) - Added global filter 'safety' (class=org.apache.hadoop.http.HttpServer2$QuotingInputFilter)
2019-08-24 12:54:04,969 INFO  http.HttpServer2 (HttpServer2.java:addFilter(948)) - Added filter static_user_filter (class=org.apache.hadoop.http.lib.StaticUserWebFilter$StaticUserFilter) to context hddsDatanode
2019-08-24 12:54:04,969 INFO  http.HttpServer2 (HttpServer2.java:addFilter(958)) - Added filter static_user_filter (class=org.apache.hadoop.http.lib.StaticUserWebFilter$StaticUserFilter) to context static
2019-08-24 12:54:04,969 INFO  http.HttpServer2 (HttpServer2.java:addFilter(958)) - Added filter static_user_filter (class=org.apache.hadoop.http.lib.StaticUserWebFilter$StaticUserFilter) to context logs
2019-08-24 12:54:04,971 INFO  http.HttpServer2 (HttpServer2.java:bindListener(1191)) - Jetty bound to port 46082
2019-08-24 12:54:04,971 INFO  server.Server (Server.java:doStart(351)) - jetty-9.3.24.v20180605, build timestamp: 2018-06-05T17:11:56Z, git hash: 84205aa28f11a4f31f2a3b86d1bba2cc8ab69827
2019-08-24 12:54:04,973 INFO  storage.RaftStorageDirectory (RaftStorageDirectory.java:tryLock(328)) - Lock on /workdir/hadoop-ozone/integration-test/target/test-dir/MiniOzoneClusterImpl-41984b6e-f72b-4a0e-8b27-1606d96635a1/datanode-0/data/ratis/24cbd146-a05b-472f-a4b6-8aaa66c8b2f4/in_use.lock acquired by nodename 8922@pr-hdds-2029-g5rx4-259851958
2019-08-24 12:54:04,973 INFO  handler.ContextHandler (ContextHandler.java:doStart(781)) - Started o.e.j.s.ServletContextHandler@56298706{/logs,file:///workdir/hadoop-ozone/integration-test/target/log,AVAILABLE}
2019-08-24 12:54:04,974 INFO  ratis.ContainerStateMachine (ContainerStateMachine.java:loadSnapshot(213)) - group-8AAA66C8B2F4: The snapshot info is null. Setting the last applied indexto:(t:0, i:~)
2019-08-24 12:54:04,974 INFO  handler.ContextHandler (ContextHandler.java:doStart(781)) - Started o.e.j.s.ServletContextHandler@1633a62e{/static,jar:file:/home/user/.m2/repository/org/apache/hadoop/hadoop-hdds-container-service/0.4.1-SNAPSHOT/hadoop-hdds-container-service-0.4.1-SNAPSHOT.jar!/webapps/static,AVAILABLE}
2019-08-24 12:54:04,974 INFO  server.RaftServerConfigKeys (ConfUtils.java:logGet(43)) - raft.server.leader.election.timeout = 120s (custom)
2019-08-24 12:54:04,975 INFO  server.RaftServerConfigKeys (ConfUtils.java:logGet(43)) - raft.server.log.use.memory = false (default)
2019-08-24 12:54:04,975 INFO  server.RaftServerConfigKeys (ConfUtils.java:logGet(43)) - raft.server.log.purge.gap = 1000000000 (custom)
2019-08-24 12:54:04,975 INFO  server.RaftServerConfigKeys (ConfUtils.java:logGet(43)) - raft.server.log.appender.buffer.byte-limit = 33554432 (custom)
2019-08-24 12:54:04,975 INFO  server.RaftServerConfigKeys (ConfUtils.java:logGet(43)) - raft.server.log.segment.size.max = 1048576 (custom)
2019-08-24 12:54:04,975 INFO  server.RaftServerConfigKeys (ConfUtils.java:logGet(43)) - raft.server.log.segment.cache.num.max = 2 (custom)
2019-08-24 12:54:04,975 INFO  segmented.SegmentedRaftLogWorker (SegmentedRaftLogWorker.java:<init>(172)) - new 88606864-d3c7-410e-8604-6d8d21473076-SegmentedRaftLogWorker:Storage Directory /workdir/hadoop-ozone/integration-test/target/test-dir/MiniOzoneClusterImpl-41984b6e-f72b-4a0e-8b27-1606d96635a1/datanode-0/data/ratis/24cbd146-a05b-472f-a4b6-8aaa66c8b2f4 for RaftStorage:Storage Directory /workdir/hadoop-ozone/integration-test/target/test-dir/MiniOzoneClusterImpl-41984b6e-f72b-4a0e-8b27-1606d96635a1/datanode-0/data/ratis/24cbd146-a05b-472f-a4b6-8aaa66c8b2f4
2019-08-24 12:54:04,975 INFO  server.RaftServerConfigKeys (ConfUtils.java:logGet(43)) - raft.server.log.queue.byte-limit = 2147483647 (custom)
2019-08-24 12:54:04,975 INFO  server.RaftServerConfigKeys (ConfUtils.java:logGet(43)) - raft.server.log.queue.element-limit = 1024 (custom)
2019-08-24 12:54:04,976 INFO  server.RaftServerConfigKeys (ConfUtils.java:logGet(43)) - raft.server.log.segment.size.max = 1048576 (custom)
2019-08-24 12:54:04,976 INFO  server.RaftServerConfigKeys (ConfUtils.java:logGet(43)) - raft.server.log.preallocated.size = 16384 (custom)
2019-08-24 12:54:04,976 INFO  server.RaftServerConfigKeys (ConfUtils.java:logGet(43)) - raft.server.log.write.buffer.size = 33554432 (custom)
2019-08-24 12:54:04,976 INFO  server.RaftServerConfigKeys (ConfUtils.java:logGet(43)) - raft.server.log.force.sync.num = 128 (default)
2019-08-24 12:54:04,976 INFO  server.RaftServerConfigKeys (ConfUtils.java:logGet(43)) - raft.server.log.statemachine.data.sync = true (default)
2019-08-24 12:54:04,976 INFO  server.RaftServerConfigKeys (ConfUtils.java:logGet(43)) - raft.server.log.statemachine.data.sync.timeout = 10s (default)
2019-08-24 12:54:04,976 INFO  server.RaftServerConfigKeys (ConfUtils.java:logGet(43)) - raft.server.log.statemachine.data.sync.timeout.retry = -1 (default)
2019-08-24 12:54:04,976 INFO  server.RaftServerConfigKeys (ConfUtils.java:logGet(43)) - raft.server.log.statemachine.data.caching.enabled = true (custom)
2019-08-24 12:54:04,982 INFO  impl.RaftServerImpl (ServerState.java:setRaftConf(361)) - 88606864-d3c7-410e-8604-6d8d21473076:group-8AAA66C8B2F4 set configuration 0: [88606864-d3c7-410e-8604-6d8d21473076:192.168.69.124:33113], old=null at 0
2019-08-24 12:54:04,983 INFO  segmented.LogSegment (LogSegment.java:loadSegment(145)) - Successfully read 1 entries from segment file /workdir/hadoop-ozone/integration-test/target/test-dir/MiniOzoneClusterImpl-41984b6e-f72b-4a0e-8b27-1606d96635a1/datanode-0/data/ratis/24cbd146-a05b-472f-a4b6-8aaa66c8b2f4/current/log_inprogress_0
2019-08-24 12:54:04,983 INFO  segmented.SegmentedRaftLogWorker (SegmentedRaftLogWorker.java:lambda$new$0(132)) - 88606864-d3c7-410e-8604-6d8d21473076-SegmentedRaftLogWorker:Storage Directory /workdir/hadoop-ozone/integration-test/target/test-dir/MiniOzoneClusterImpl-41984b6e-f72b-4a0e-8b27-1606d96635a1/datanode-0/data/ratis/24cbd146-a05b-472f-a4b6-8aaa66c8b2f4: flushIndex: setUnconditionally 0 -> 0
2019-08-24 12:54:05,006 INFO  server.RaftServerConfigKeys (ConfUtils.java:logGet(43)) - raft.server.snapshot.auto.trigger.enabled = true (custom)
2019-08-24 12:54:05,006 INFO  server.RaftServerConfigKeys (ConfUtils.java:logGet(43)) - raft.server.snapshot.auto.trigger.threshold = 10000 (custom)
2019-08-24 12:54:05,006 INFO  server.RaftServerConfigKeys (ConfUtils.java:logGet(43)) - raft.server.retrycache.expirytime = 600000ms (custom)
2019-08-24 12:54:05,008 INFO  impl.RaftServerImpl (RaftServerImpl.java:<init>(93)) - 88606864-d3c7-410e-8604-6d8d21473076: new RaftServerImpl for group-AB80F3B17E67:[] with ContainerStateMachine:uninitialized
2019-08-24 12:54:05,008 INFO  server.RaftServerConfigKeys (ConfUtils.java:logGet(43)) - raft.server.rpc.timeout.min = 5s (custom)
2019-08-24 12:54:05,008 INFO  server.RaftServerConfigKeys (ConfUtils.java:logGet(43)) - raft.server.rpc.timeout.max = 5200ms (custom)
2019-08-24 12:54:05,008 INFO  server.RaftServerConfigKeys (ConfUtils.java:logGet(43)) - raft.server.rpcslowness.timeout = 120s (custom)
2019-08-24 12:54:05,008 INFO  server.RaftServerConfigKeys (ConfUtils.java:logGet(43)) - raft.server.sleep.deviation.threshold = 300 (default)
2019-08-24 12:54:05,008 INFO  server.RaftServerConfigKeys (ConfUtils.java:logGet(43)) - raft.server.log.appender.install.snapshot.enabled = false (custom)
2019-08-24 12:54:05,008 INFO  impl.RaftServerImpl (ServerState.java:<init>(105)) - 88606864-d3c7-410e-8604-6d8d21473076:group-AB80F3B17E67 ConfigurationManager, init=-1: [], old=null, confs=<EMPTY_MAP>
2019-08-24 12:54:05,009 INFO  server.RaftServerConfigKeys (ConfUtils.java:logGet(43)) - raft.server.storage.dir = [/workdir/hadoop-ozone/integration-test/target/test-dir/MiniOzoneClusterImpl-41984b6e-f72b-4a0e-8b27-1606d96635a1/datanode-0/data/ratis] (custom)
2019-08-24 12:54:05,010 INFO  handler.ContextHandler (ContextHandler.java:doStart(781)) - Started o.e.j.w.WebAppContext@185b380f{/,file:///tmp/jetty-0.0.0.0-46082-hddsDatanode-_-any-2854294699330042306.dir/webapp/,AVAILABLE}{/hddsDatanode}
2019-08-24 12:54:05,010 INFO  server.AbstractConnector (AbstractConnector.java:doStart(278)) - Started ServerConnector@18123970{HTTP/1.1,[http/1.1]}{0.0.0.0:46082}
2019-08-24 12:54:05,012 INFO  server.Server (Server.java:doStart(419)) - Started @52251ms
2019-08-24 12:54:05,014 INFO  server.BaseHttpServer (BaseHttpServer.java:updateConnectorAddress(207)) - HTTP server of HDDSDATANODE is listening at http://0.0.0.0:46082
2019-08-24 12:54:05,021 INFO  storage.RaftStorageDirectory (RaftStorageDirectory.java:tryLock(328)) - Lock on /workdir/hadoop-ozone/integration-test/target/test-dir/MiniOzoneClusterImpl-41984b6e-f72b-4a0e-8b27-1606d96635a1/datanode-0/data/ratis/257e6ba3-e70b-4482-9bff-ab80f3b17e67/in_use.lock acquired by nodename 8922@pr-hdds-2029-g5rx4-259851958
2019-08-24 12:54:05,021 INFO  ratis.ContainerStateMachine (ContainerStateMachine.java:loadSnapshot(213)) - group-AB80F3B17E67: The snapshot info is null. Setting the last applied indexto:(t:0, i:~)
2019-08-24 12:54:05,021 INFO  server.RaftServerConfigKeys (ConfUtils.java:logGet(43)) - raft.server.leader.election.timeout = 120s (custom)
2019-08-24 12:54:05,021 INFO  server.RaftServerConfigKeys (ConfUtils.java:logGet(43)) - raft.server.log.use.memory = false (default)
2019-08-24 12:54:05,022 INFO  server.RaftServerConfigKeys (ConfUtils.java:logGet(43)) - raft.server.log.purge.gap = 1000000000 (custom)
2019-08-24 12:54:05,022 INFO  server.RaftServerConfigKeys (ConfUtils.java:logGet(43)) - raft.server.log.appender.buffer.byte-limit = 33554432 (custom)
2019-08-24 12:54:05,022 INFO  server.RaftServerConfigKeys (ConfUtils.java:logGet(43)) - raft.server.log.segment.size.max = 1048576 (custom)
2019-08-24 12:54:05,022 INFO  server.RaftServerConfigKeys (ConfUtils.java:logGet(43)) - raft.server.log.segment.cache.num.max = 2 (custom)
2019-08-24 12:54:05,022 INFO  segmented.SegmentedRaftLogWorker (SegmentedRaftLogWorker.java:<init>(172)) - new 88606864-d3c7-410e-8604-6d8d21473076-SegmentedRaftLogWorker:Storage Directory /workdir/hadoop-ozone/integration-test/target/test-dir/MiniOzoneClusterImpl-41984b6e-f72b-4a0e-8b27-1606d96635a1/datanode-0/data/ratis/257e6ba3-e70b-4482-9bff-ab80f3b17e67 for RaftStorage:Storage Directory /workdir/hadoop-ozone/integration-test/target/test-dir/MiniOzoneClusterImpl-41984b6e-f72b-4a0e-8b27-1606d96635a1/datanode-0/data/ratis/257e6ba3-e70b-4482-9bff-ab80f3b17e67
2019-08-24 12:54:05,022 INFO  server.RaftServerConfigKeys (ConfUtils.java:logGet(43)) - raft.server.log.queue.byte-limit = 2147483647 (custom)
2019-08-24 12:54:05,022 INFO  server.RaftServerConfigKeys (ConfUtils.java:logGet(43)) - raft.server.log.queue.element-limit = 1024 (custom)
2019-08-24 12:54:05,022 INFO  server.RaftServerConfigKeys (ConfUtils.java:logGet(43)) - raft.server.log.segment.size.max = 1048576 (custom)
2019-08-24 12:54:05,022 INFO  server.RaftServerConfigKeys (ConfUtils.java:logGet(43)) - raft.server.log.preallocated.size = 16384 (custom)
2019-08-24 12:54:05,023 INFO  server.RaftServerConfigKeys (ConfUtils.java:logGet(43)) - raft.server.log.write.buffer.size = 33554432 (custom)
2019-08-24 12:54:05,023 INFO  server.RaftServerConfigKeys (ConfUtils.java:logGet(43)) - raft.server.log.force.sync.num = 128 (default)
2019-08-24 12:54:05,023 INFO  server.RaftServerConfigKeys (ConfUtils.java:logGet(43)) - raft.server.log.statemachine.data.sync = true (default)
2019-08-24 12:54:05,023 INFO  server.RaftServerConfigKeys (ConfUtils.java:logGet(43)) - raft.server.log.statemachine.data.sync.timeout = 10s (default)
2019-08-24 12:54:05,023 INFO  server.RaftServerConfigKeys (ConfUtils.java:logGet(43)) - raft.server.log.statemachine.data.sync.timeout.retry = -1 (default)
2019-08-24 12:54:05,023 INFO  server.RaftServerConfigKeys (ConfUtils.java:logGet(43)) - raft.server.log.statemachine.data.caching.enabled = true (custom)
2019-08-24 12:54:05,024 INFO  impl.RaftServerImpl (ServerState.java:setRaftConf(361)) - 88606864-d3c7-410e-8604-6d8d21473076:group-AB80F3B17E67 set configuration 0: [cff0f701-856b-47b5-97eb-c2f7cf466fad:192.168.69.124:39465, 144ca2c3-c864-4a6d-85bb-c117ab4d9edf:192.168.69.124:36478, 88606864-d3c7-410e-8604-6d8d21473076:192.168.69.124:33113], old=null at 0
2019-08-24 12:54:05,024 INFO  segmented.LogSegment (LogSegment.java:loadSegment(145)) - Successfully read 1 entries from segment file /workdir/hadoop-ozone/integration-test/target/test-dir/MiniOzoneClusterImpl-41984b6e-f72b-4a0e-8b27-1606d96635a1/datanode-0/data/ratis/257e6ba3-e70b-4482-9bff-ab80f3b17e67/current/log_inprogress_0
2019-08-24 12:54:05,024 INFO  segmented.SegmentedRaftLogWorker (SegmentedRaftLogWorker.java:lambda$new$0(132)) - 88606864-d3c7-410e-8604-6d8d21473076-SegmentedRaftLogWorker:Storage Directory /workdir/hadoop-ozone/integration-test/target/test-dir/MiniOzoneClusterImpl-41984b6e-f72b-4a0e-8b27-1606d96635a1/datanode-0/data/ratis/257e6ba3-e70b-4482-9bff-ab80f3b17e67: flushIndex: setUnconditionally 0 -> 0
2019-08-24 12:54:05,049 INFO  server.RaftServerConfigKeys (ConfUtils.java:logGet(43)) - raft.server.snapshot.auto.trigger.enabled = true (custom)
2019-08-24 12:54:05,049 INFO  server.RaftServerConfigKeys (ConfUtils.java:logGet(43)) - raft.server.snapshot.auto.trigger.threshold = 10000 (custom)
2019-08-24 12:54:05,049 INFO  server.RaftServerConfigKeys (ConfUtils.java:logGet(43)) - raft.server.retrycache.expirytime = 600000ms (custom)
2019-08-24 12:54:05,185 | INFO  | ObjectStoreRestHttpServer | Listening HDDS REST traffic on /0.0.0.0:36783 |  
2019-08-24 12:54:05,186 INFO  ozone.HddsDatanodeService (HddsDatanodeService.java:startPlugins(395)) - Started plug-in org.apache.hadoop.ozone.web.OzoneHddsDatanodeService@64457fca
2019-08-24 12:54:05,187 INFO  impl.MetricsSystemImpl (MetricsSystemImpl.java:init(158)) - HddsDatanode metrics system started (again)
2019-08-24 12:54:05,188 INFO  util.JvmPauseMonitor (JvmPauseMonitor.java:run(188)) - Starting JVM pause monitor
2019-08-24 12:54:05,191 INFO  ozone.HddsDatanodeService (HddsDatanodeService.java:start(184)) - HddsDatanodeService host:pr-hdds-2029-g5rx4-259851958 ip:192.168.69.124
2019-08-24 12:54:05,193 INFO  volume.VolumeUsage (VolumeUsage.java:loadScmUsed(144)) - Cached ScmUsed found for /workdir/hadoop-ozone/integration-test/target/test-dir/MiniOzoneClusterImpl-41984b6e-f72b-4a0e-8b27-1606d96635a1/datanode-1/data/containers : 4096 
2019-08-24 12:54:05,193 INFO  volume.HddsVolume (HddsVolume.java:<init>(176)) - Creating Volume: /workdir/hadoop-ozone/integration-test/target/test-dir/MiniOzoneClusterImpl-41984b6e-f72b-4a0e-8b27-1606d96635a1/datanode-1/data/containers/hdds of  storage type : DISK and capacity : 1482555576320
2019-08-24 12:54:05,193 INFO  volume.VolumeSet (VolumeSet.java:initializeVolumeSet(170)) - Added Volume : /workdir/hadoop-ozone/integration-test/target/test-dir/MiniOzoneClusterImpl-41984b6e-f72b-4a0e-8b27-1606d96635a1/datanode-1/data/containers/hdds to VolumeSet
2019-08-24 12:54:05,194 INFO  volume.ThrottledAsyncChecker (ThrottledAsyncChecker.java:schedule(140)) - Scheduling a check for org.apache.hadoop.ozone.container.common.volume.HddsVolume@8652403
2019-08-24 12:54:05,194 INFO  volume.HddsVolumeChecker (HddsVolumeChecker.java:checkAllVolumes(203)) - Scheduled health check for volume org.apache.hadoop.ozone.container.common.volume.HddsVolume@8652403
2019-08-24 12:54:05,208 INFO  impl.RaftServerProxy (ConfUtils.java:logGet(43)) - raft.rpc.type = GRPC (default)
2019-08-24 12:54:05,208 INFO  grpc.GrpcFactory (GrpcFactory.java:checkPooledByteBufAllocatorUseCacheForAllThreads(45)) - PERFORMANCE WARNING: useCacheForAllThreads is true that may cause Netty to create a lot garbage objects and, as a result, trigger GC.
	It is recommended to disable useCacheForAllThreads by setting -Dorg.apache.ratis.thirdparty.io.netty.allocator.useCacheForAllThreads=false in command line.
2019-08-24 12:54:05,209 INFO  grpc.GrpcConfigKeys$Server (ConfUtils.java:logGet(43)) - raft.grpc.server.port = 39465 (custom)
2019-08-24 12:54:05,209 INFO  server.GrpcService (ConfUtils.java:logGet(43)) - raft.grpc.message.size.max = 33570816 (custom)
2019-08-24 12:54:05,209 INFO  server.RaftServerConfigKeys (ConfUtils.java:logGet(43)) - raft.server.log.appender.buffer.byte-limit = 33554432 (custom)
2019-08-24 12:54:05,209 INFO  server.GrpcService (ConfUtils.java:logGet(43)) - raft.grpc.flow.control.window = 1MB (=1048576) (default)
2019-08-24 12:54:05,209 INFO  server.RaftServerConfigKeys (ConfUtils.java:logGet(43)) - raft.server.rpc.request.timeout = 3000ms (default)
2019-08-24 12:54:05,210 INFO  server.RaftServerConfigKeys (ConfUtils.java:logGet(43)) - raft.server.storage.dir = [/workdir/hadoop-ozone/integration-test/target/test-dir/MiniOzoneClusterImpl-41984b6e-f72b-4a0e-8b27-1606d96635a1/datanode-1/data/ratis] (custom)
2019-08-24 12:54:05,210 INFO  impl.RaftServerProxy (RaftServerProxy.java:lambda$null$0(191)) - cff0f701-856b-47b5-97eb-c2f7cf466fad: found a subdirectory /workdir/hadoop-ozone/integration-test/target/test-dir/MiniOzoneClusterImpl-41984b6e-f72b-4a0e-8b27-1606d96635a1/datanode-1/data/ratis/257e6ba3-e70b-4482-9bff-ab80f3b17e67
2019-08-24 12:54:05,210 INFO  impl.RaftServerProxy (RaftServerProxy.java:addNew(89)) - cff0f701-856b-47b5-97eb-c2f7cf466fad: addNew group-AB80F3B17E67:[] returns group-AB80F3B17E67:java.util.concurrent.CompletableFuture@5c69679c[Not completed]
2019-08-24 12:54:05,211 INFO  impl.RaftServerProxy (RaftServerProxy.java:lambda$null$0(191)) - cff0f701-856b-47b5-97eb-c2f7cf466fad: found a subdirectory /workdir/hadoop-ozone/integration-test/target/test-dir/MiniOzoneClusterImpl-41984b6e-f72b-4a0e-8b27-1606d96635a1/datanode-1/data/ratis/d4492a84-8ee5-434a-8485-f5bcb37dc72a
2019-08-24 12:54:05,211 INFO  impl.RaftServerProxy (RaftServerProxy.java:addNew(89)) - cff0f701-856b-47b5-97eb-c2f7cf466fad: addNew group-F5BCB37DC72A:[] returns group-F5BCB37DC72A:java.util.concurrent.CompletableFuture@7e892ef[Not completed]
2019-08-24 12:54:05,211 INFO  replication.SimpleContainerDownloader (SimpleContainerDownloader.java:<init>(72)) - Starting container downloader service to copy containers to replicate.
2019-08-24 12:54:05,212 INFO  hdfs.DFSUtil (DFSUtil.java:httpServerTemplateForNNAndJN(1641)) - Starting Web-server for hddsDatanode at: http://0.0.0.0:33830
2019-08-24 12:54:05,213 INFO  impl.RaftServerImpl (RaftServerImpl.java:<init>(93)) - cff0f701-856b-47b5-97eb-c2f7cf466fad: new RaftServerImpl for group-AB80F3B17E67:[] with ContainerStateMachine:uninitialized
2019-08-24 12:54:05,213 INFO  server.RaftServerConfigKeys (ConfUtils.java:logGet(43)) - raft.server.rpc.timeout.min = 5s (custom)
2019-08-24 12:54:05,213 INFO  server.RaftServerConfigKeys (ConfUtils.java:logGet(43)) - raft.server.rpc.timeout.max = 5200ms (custom)
2019-08-24 12:54:05,213 INFO  server.RaftServerConfigKeys (ConfUtils.java:logGet(43)) - raft.server.rpcslowness.timeout = 120s (custom)
2019-08-24 12:54:05,213 INFO  server.RaftServerConfigKeys (ConfUtils.java:logGet(43)) - raft.server.sleep.deviation.threshold = 300 (default)
2019-08-24 12:54:05,213 INFO  server.RaftServerConfigKeys (ConfUtils.java:logGet(43)) - raft.server.log.appender.install.snapshot.enabled = false (custom)
2019-08-24 12:54:05,214 INFO  server.AuthenticationFilter (AuthenticationFilter.java:constructSecretProvider(240)) - Unable to initialize FileSignerSecretProvider, falling back to use random secrets.
2019-08-24 12:54:05,214 INFO  impl.RaftServerImpl (ServerState.java:<init>(105)) - cff0f701-856b-47b5-97eb-c2f7cf466fad:group-AB80F3B17E67 ConfigurationManager, init=-1: [], old=null, confs=<EMPTY_MAP>
2019-08-24 12:54:05,214 INFO  server.RaftServerConfigKeys (ConfUtils.java:logGet(43)) - raft.server.storage.dir = [/workdir/hadoop-ozone/integration-test/target/test-dir/MiniOzoneClusterImpl-41984b6e-f72b-4a0e-8b27-1606d96635a1/datanode-1/data/ratis] (custom)
2019-08-24 12:54:05,214 WARN  http.HttpRequestLog (HttpRequestLog.java:getRequestLog(97)) - Jetty request log can only be enabled using Log4j
2019-08-24 12:54:05,215 INFO  http.HttpServer2 (HttpServer2.java:addGlobalFilter(975)) - Added global filter 'safety' (class=org.apache.hadoop.http.HttpServer2$QuotingInputFilter)
2019-08-24 12:54:05,216 INFO  http.HttpServer2 (HttpServer2.java:addFilter(948)) - Added filter static_user_filter (class=org.apache.hadoop.http.lib.StaticUserWebFilter$StaticUserFilter) to context hddsDatanode
2019-08-24 12:54:05,216 INFO  http.HttpServer2 (HttpServer2.java:addFilter(958)) - Added filter static_user_filter (class=org.apache.hadoop.http.lib.StaticUserWebFilter$StaticUserFilter) to context logs
2019-08-24 12:54:05,216 INFO  http.HttpServer2 (HttpServer2.java:addFilter(958)) - Added filter static_user_filter (class=org.apache.hadoop.http.lib.StaticUserWebFilter$StaticUserFilter) to context static
2019-08-24 12:54:05,217 INFO  http.HttpServer2 (HttpServer2.java:bindListener(1191)) - Jetty bound to port 33830
2019-08-24 12:54:05,217 INFO  server.Server (Server.java:doStart(351)) - jetty-9.3.24.v20180605, build timestamp: 2018-06-05T17:11:56Z, git hash: 84205aa28f11a4f31f2a3b86d1bba2cc8ab69827
2019-08-24 12:54:05,218 INFO  handler.ContextHandler (ContextHandler.java:doStart(781)) - Started o.e.j.s.ServletContextHandler@3f280dbc{/logs,file:///workdir/hadoop-ozone/integration-test/target/log,AVAILABLE}
2019-08-24 12:54:05,219 INFO  handler.ContextHandler (ContextHandler.java:doStart(781)) - Started o.e.j.s.ServletContextHandler@18c5d8db{/static,jar:file:/home/user/.m2/repository/org/apache/hadoop/hadoop-hdds-container-service/0.4.1-SNAPSHOT/hadoop-hdds-container-service-0.4.1-SNAPSHOT.jar!/webapps/static,AVAILABLE}
2019-08-24 12:54:05,239 INFO  storage.RaftStorageDirectory (RaftStorageDirectory.java:tryLock(328)) - Lock on /workdir/hadoop-ozone/integration-test/target/test-dir/MiniOzoneClusterImpl-41984b6e-f72b-4a0e-8b27-1606d96635a1/datanode-1/data/ratis/257e6ba3-e70b-4482-9bff-ab80f3b17e67/in_use.lock acquired by nodename 8922@pr-hdds-2029-g5rx4-259851958
2019-08-24 12:54:05,240 INFO  ratis.ContainerStateMachine (ContainerStateMachine.java:loadSnapshot(213)) - group-AB80F3B17E67: The snapshot info is null. Setting the last applied indexto:(t:0, i:~)
2019-08-24 12:54:05,240 INFO  server.RaftServerConfigKeys (ConfUtils.java:logGet(43)) - raft.server.leader.election.timeout = 120s (custom)
2019-08-24 12:54:05,240 INFO  server.RaftServerConfigKeys (ConfUtils.java:logGet(43)) - raft.server.log.use.memory = false (default)
2019-08-24 12:54:05,241 INFO  server.RaftServerConfigKeys (ConfUtils.java:logGet(43)) - raft.server.log.purge.gap = 1000000000 (custom)
2019-08-24 12:54:05,241 INFO  server.RaftServerConfigKeys (ConfUtils.java:logGet(43)) - raft.server.log.appender.buffer.byte-limit = 33554432 (custom)
2019-08-24 12:54:05,241 INFO  server.RaftServerConfigKeys (ConfUtils.java:logGet(43)) - raft.server.log.segment.size.max = 1048576 (custom)
2019-08-24 12:54:05,241 INFO  server.RaftServerConfigKeys (ConfUtils.java:logGet(43)) - raft.server.log.segment.cache.num.max = 2 (custom)
2019-08-24 12:54:05,241 INFO  segmented.SegmentedRaftLogWorker (SegmentedRaftLogWorker.java:<init>(172)) - new cff0f701-856b-47b5-97eb-c2f7cf466fad-SegmentedRaftLogWorker:Storage Directory /workdir/hadoop-ozone/integration-test/target/test-dir/MiniOzoneClusterImpl-41984b6e-f72b-4a0e-8b27-1606d96635a1/datanode-1/data/ratis/257e6ba3-e70b-4482-9bff-ab80f3b17e67 for RaftStorage:Storage Directory /workdir/hadoop-ozone/integration-test/target/test-dir/MiniOzoneClusterImpl-41984b6e-f72b-4a0e-8b27-1606d96635a1/datanode-1/data/ratis/257e6ba3-e70b-4482-9bff-ab80f3b17e67
2019-08-24 12:54:05,241 INFO  server.RaftServerConfigKeys (ConfUtils.java:logGet(43)) - raft.server.log.queue.byte-limit = 2147483647 (custom)
2019-08-24 12:54:05,242 INFO  server.RaftServerConfigKeys (ConfUtils.java:logGet(43)) - raft.server.log.queue.element-limit = 1024 (custom)
2019-08-24 12:54:05,242 INFO  server.RaftServerConfigKeys (ConfUtils.java:logGet(43)) - raft.server.log.segment.size.max = 1048576 (custom)
2019-08-24 12:54:05,242 INFO  server.RaftServerConfigKeys (ConfUtils.java:logGet(43)) - raft.server.log.preallocated.size = 16384 (custom)
2019-08-24 12:54:05,242 INFO  server.RaftServerConfigKeys (ConfUtils.java:logGet(43)) - raft.server.log.write.buffer.size = 33554432 (custom)
2019-08-24 12:54:05,242 INFO  server.RaftServerConfigKeys (ConfUtils.java:logGet(43)) - raft.server.log.force.sync.num = 128 (default)
2019-08-24 12:54:05,242 INFO  server.RaftServerConfigKeys (ConfUtils.java:logGet(43)) - raft.server.log.statemachine.data.sync = true (default)
2019-08-24 12:54:05,242 INFO  server.RaftServerConfigKeys (ConfUtils.java:logGet(43)) - raft.server.log.statemachine.data.sync.timeout = 10s (default)
2019-08-24 12:54:05,243 INFO  server.RaftServerConfigKeys (ConfUtils.java:logGet(43)) - raft.server.log.statemachine.data.sync.timeout.retry = -1 (default)
2019-08-24 12:54:05,243 INFO  server.RaftServerConfigKeys (ConfUtils.java:logGet(43)) - raft.server.log.statemachine.data.caching.enabled = true (custom)
2019-08-24 12:54:05,244 INFO  impl.RaftServerImpl (ServerState.java:setRaftConf(361)) - cff0f701-856b-47b5-97eb-c2f7cf466fad:group-AB80F3B17E67 set configuration 0: [cff0f701-856b-47b5-97eb-c2f7cf466fad:192.168.69.124:39465, 144ca2c3-c864-4a6d-85bb-c117ab4d9edf:192.168.69.124:36478, 88606864-d3c7-410e-8604-6d8d21473076:192.168.69.124:33113], old=null at 0
2019-08-24 12:54:05,244 INFO  segmented.LogSegment (LogSegment.java:loadSegment(145)) - Successfully read 1 entries from segment file /workdir/hadoop-ozone/integration-test/target/test-dir/MiniOzoneClusterImpl-41984b6e-f72b-4a0e-8b27-1606d96635a1/datanode-1/data/ratis/257e6ba3-e70b-4482-9bff-ab80f3b17e67/current/log_inprogress_0
2019-08-24 12:54:05,245 INFO  segmented.SegmentedRaftLogWorker (SegmentedRaftLogWorker.java:lambda$new$0(132)) - cff0f701-856b-47b5-97eb-c2f7cf466fad-SegmentedRaftLogWorker:Storage Directory /workdir/hadoop-ozone/integration-test/target/test-dir/MiniOzoneClusterImpl-41984b6e-f72b-4a0e-8b27-1606d96635a1/datanode-1/data/ratis/257e6ba3-e70b-4482-9bff-ab80f3b17e67: flushIndex: setUnconditionally 0 -> 0
2019-08-24 12:54:05,246 INFO  handler.ContextHandler (ContextHandler.java:doStart(781)) - Started o.e.j.w.WebAppContext@27ba06d9{/,file:///tmp/jetty-0.0.0.0-33830-hddsDatanode-_-any-8806118523558774168.dir/webapp/,AVAILABLE}{/hddsDatanode}
2019-08-24 12:54:05,247 INFO  server.AbstractConnector (AbstractConnector.java:doStart(278)) - Started ServerConnector@1b6dc200{HTTP/1.1,[http/1.1]}{0.0.0.0:33830}
2019-08-24 12:54:05,277 INFO  server.RaftServerConfigKeys (ConfUtils.java:logGet(43)) - raft.server.snapshot.auto.trigger.enabled = true (custom)
2019-08-24 12:54:05,277 INFO  server.RaftServerConfigKeys (ConfUtils.java:logGet(43)) - raft.server.snapshot.auto.trigger.threshold = 10000 (custom)
2019-08-24 12:54:05,277 INFO  server.RaftServerConfigKeys (ConfUtils.java:logGet(43)) - raft.server.retrycache.expirytime = 600000ms (custom)
2019-08-24 12:54:05,277 INFO  server.Server (Server.java:doStart(419)) - Started @52517ms
2019-08-24 12:54:05,279 INFO  server.BaseHttpServer (BaseHttpServer.java:updateConnectorAddress(207)) - HTTP server of HDDSDATANODE is listening at http://0.0.0.0:33830
2019-08-24 12:54:05,279 INFO  impl.RaftServerImpl (RaftServerImpl.java:<init>(93)) - cff0f701-856b-47b5-97eb-c2f7cf466fad: new RaftServerImpl for group-F5BCB37DC72A:[] with ContainerStateMachine:uninitialized
2019-08-24 12:54:05,279 INFO  server.RaftServerConfigKeys (ConfUtils.java:logGet(43)) - raft.server.rpc.timeout.min = 5s (custom)
2019-08-24 12:54:05,279 INFO  server.RaftServerConfigKeys (ConfUtils.java:logGet(43)) - raft.server.rpc.timeout.max = 5200ms (custom)
2019-08-24 12:54:05,279 INFO  server.RaftServerConfigKeys (ConfUtils.java:logGet(43)) - raft.server.rpcslowness.timeout = 120s (custom)
2019-08-24 12:54:05,279 INFO  server.RaftServerConfigKeys (ConfUtils.java:logGet(43)) - raft.server.sleep.deviation.threshold = 300 (default)
2019-08-24 12:54:05,279 INFO  server.RaftServerConfigKeys (ConfUtils.java:logGet(43)) - raft.server.log.appender.install.snapshot.enabled = false (custom)
2019-08-24 12:54:05,280 INFO  impl.RaftServerImpl (ServerState.java:<init>(105)) - cff0f701-856b-47b5-97eb-c2f7cf466fad:group-F5BCB37DC72A ConfigurationManager, init=-1: [], old=null, confs=<EMPTY_MAP>
2019-08-24 12:54:05,280 INFO  server.RaftServerConfigKeys (ConfUtils.java:logGet(43)) - raft.server.storage.dir = [/workdir/hadoop-ozone/integration-test/target/test-dir/MiniOzoneClusterImpl-41984b6e-f72b-4a0e-8b27-1606d96635a1/datanode-1/data/ratis] (custom)
2019-08-24 12:54:05,292 INFO  storage.RaftStorageDirectory (RaftStorageDirectory.java:tryLock(328)) - Lock on /workdir/hadoop-ozone/integration-test/target/test-dir/MiniOzoneClusterImpl-41984b6e-f72b-4a0e-8b27-1606d96635a1/datanode-1/data/ratis/d4492a84-8ee5-434a-8485-f5bcb37dc72a/in_use.lock acquired by nodename 8922@pr-hdds-2029-g5rx4-259851958
2019-08-24 12:54:05,293 INFO  ratis.ContainerStateMachine (ContainerStateMachine.java:loadSnapshot(213)) - group-F5BCB37DC72A: The snapshot info is null. Setting the last applied indexto:(t:0, i:~)
2019-08-24 12:54:05,293 INFO  server.RaftServerConfigKeys (ConfUtils.java:logGet(43)) - raft.server.leader.election.timeout = 120s (custom)
2019-08-24 12:54:05,293 INFO  server.RaftServerConfigKeys (ConfUtils.java:logGet(43)) - raft.server.log.use.memory = false (default)
2019-08-24 12:54:05,293 INFO  server.RaftServerConfigKeys (ConfUtils.java:logGet(43)) - raft.server.log.purge.gap = 1000000000 (custom)
2019-08-24 12:54:05,293 INFO  server.RaftServerConfigKeys (ConfUtils.java:logGet(43)) - raft.server.log.appender.buffer.byte-limit = 33554432 (custom)
2019-08-24 12:54:05,293 INFO  server.RaftServerConfigKeys (ConfUtils.java:logGet(43)) - raft.server.log.segment.size.max = 1048576 (custom)
2019-08-24 12:54:05,293 INFO  server.RaftServerConfigKeys (ConfUtils.java:logGet(43)) - raft.server.log.segment.cache.num.max = 2 (custom)
2019-08-24 12:54:05,293 INFO  segmented.SegmentedRaftLogWorker (SegmentedRaftLogWorker.java:<init>(172)) - new cff0f701-856b-47b5-97eb-c2f7cf466fad-SegmentedRaftLogWorker:Storage Directory /workdir/hadoop-ozone/integration-test/target/test-dir/MiniOzoneClusterImpl-41984b6e-f72b-4a0e-8b27-1606d96635a1/datanode-1/data/ratis/d4492a84-8ee5-434a-8485-f5bcb37dc72a for RaftStorage:Storage Directory /workdir/hadoop-ozone/integration-test/target/test-dir/MiniOzoneClusterImpl-41984b6e-f72b-4a0e-8b27-1606d96635a1/datanode-1/data/ratis/d4492a84-8ee5-434a-8485-f5bcb37dc72a
2019-08-24 12:54:05,293 INFO  server.RaftServerConfigKeys (ConfUtils.java:logGet(43)) - raft.server.log.queue.byte-limit = 2147483647 (custom)
2019-08-24 12:54:05,294 INFO  server.RaftServerConfigKeys (ConfUtils.java:logGet(43)) - raft.server.log.queue.element-limit = 1024 (custom)
2019-08-24 12:54:05,294 INFO  server.RaftServerConfigKeys (ConfUtils.java:logGet(43)) - raft.server.log.segment.size.max = 1048576 (custom)
2019-08-24 12:54:05,294 INFO  server.RaftServerConfigKeys (ConfUtils.java:logGet(43)) - raft.server.log.preallocated.size = 16384 (custom)
2019-08-24 12:54:05,294 INFO  server.RaftServerConfigKeys (ConfUtils.java:logGet(43)) - raft.server.log.write.buffer.size = 33554432 (custom)
2019-08-24 12:54:05,294 INFO  server.RaftServerConfigKeys (ConfUtils.java:logGet(43)) - raft.server.log.force.sync.num = 128 (default)
2019-08-24 12:54:05,294 INFO  server.RaftServerConfigKeys (ConfUtils.java:logGet(43)) - raft.server.log.statemachine.data.sync = true (default)
2019-08-24 12:54:05,294 INFO  server.RaftServerConfigKeys (ConfUtils.java:logGet(43)) - raft.server.log.statemachine.data.sync.timeout = 10s (default)
2019-08-24 12:54:05,294 INFO  server.RaftServerConfigKeys (ConfUtils.java:logGet(43)) - raft.server.log.statemachine.data.sync.timeout.retry = -1 (default)
2019-08-24 12:54:05,294 INFO  server.RaftServerConfigKeys (ConfUtils.java:logGet(43)) - raft.server.log.statemachine.data.caching.enabled = true (custom)
2019-08-24 12:54:05,295 INFO  impl.RaftServerImpl (ServerState.java:setRaftConf(361)) - cff0f701-856b-47b5-97eb-c2f7cf466fad:group-F5BCB37DC72A set configuration 0: [cff0f701-856b-47b5-97eb-c2f7cf466fad:192.168.69.124:39465], old=null at 0
2019-08-24 12:54:05,295 INFO  segmented.LogSegment (LogSegment.java:loadSegment(145)) - Successfully read 1 entries from segment file /workdir/hadoop-ozone/integration-test/target/test-dir/MiniOzoneClusterImpl-41984b6e-f72b-4a0e-8b27-1606d96635a1/datanode-1/data/ratis/d4492a84-8ee5-434a-8485-f5bcb37dc72a/current/log_inprogress_0
2019-08-24 12:54:05,295 INFO  segmented.SegmentedRaftLogWorker (SegmentedRaftLogWorker.java:lambda$new$0(132)) - cff0f701-856b-47b5-97eb-c2f7cf466fad-SegmentedRaftLogWorker:Storage Directory /workdir/hadoop-ozone/integration-test/target/test-dir/MiniOzoneClusterImpl-41984b6e-f72b-4a0e-8b27-1606d96635a1/datanode-1/data/ratis/d4492a84-8ee5-434a-8485-f5bcb37dc72a: flushIndex: setUnconditionally 0 -> 0
2019-08-24 12:54:05,320 INFO  server.RaftServerConfigKeys (ConfUtils.java:logGet(43)) - raft.server.snapshot.auto.trigger.enabled = true (custom)
2019-08-24 12:54:05,320 INFO  server.RaftServerConfigKeys (ConfUtils.java:logGet(43)) - raft.server.snapshot.auto.trigger.threshold = 10000 (custom)
2019-08-24 12:54:05,321 INFO  server.RaftServerConfigKeys (ConfUtils.java:logGet(43)) - raft.server.retrycache.expirytime = 600000ms (custom)
2019-08-24 12:54:05,446 | INFO  | ObjectStoreRestHttpServer | Listening HDDS REST traffic on /0.0.0.0:45776 |  
2019-08-24 12:54:05,446 INFO  ozone.HddsDatanodeService (HddsDatanodeService.java:startPlugins(395)) - Started plug-in org.apache.hadoop.ozone.web.OzoneHddsDatanodeService@74052ba5
2019-08-24 12:54:05,448 INFO  impl.MetricsSystemImpl (MetricsSystemImpl.java:init(158)) - HddsDatanode metrics system started (again)
2019-08-24 12:54:05,448 INFO  util.JvmPauseMonitor (JvmPauseMonitor.java:run(188)) - Starting JVM pause monitor
2019-08-24 12:54:05,452 INFO  ozone.HddsDatanodeService (HddsDatanodeService.java:start(184)) - HddsDatanodeService host:pr-hdds-2029-g5rx4-259851958 ip:192.168.69.124
2019-08-24 12:54:05,453 INFO  volume.VolumeUsage (VolumeUsage.java:loadScmUsed(144)) - Cached ScmUsed found for /workdir/hadoop-ozone/integration-test/target/test-dir/MiniOzoneClusterImpl-41984b6e-f72b-4a0e-8b27-1606d96635a1/datanode-2/data/containers : 4096 
2019-08-24 12:54:05,454 INFO  volume.HddsVolume (HddsVolume.java:<init>(176)) - Creating Volume: /workdir/hadoop-ozone/integration-test/target/test-dir/MiniOzoneClusterImpl-41984b6e-f72b-4a0e-8b27-1606d96635a1/datanode-2/data/containers/hdds of  storage type : DISK and capacity : 1482555576320
2019-08-24 12:54:05,454 INFO  volume.VolumeSet (VolumeSet.java:initializeVolumeSet(170)) - Added Volume : /workdir/hadoop-ozone/integration-test/target/test-dir/MiniOzoneClusterImpl-41984b6e-f72b-4a0e-8b27-1606d96635a1/datanode-2/data/containers/hdds to VolumeSet
2019-08-24 12:54:05,454 INFO  volume.ThrottledAsyncChecker (ThrottledAsyncChecker.java:schedule(140)) - Scheduling a check for org.apache.hadoop.ozone.container.common.volume.HddsVolume@5e8613e3
2019-08-24 12:54:05,455 INFO  volume.HddsVolumeChecker (HddsVolumeChecker.java:checkAllVolumes(203)) - Scheduled health check for volume org.apache.hadoop.ozone.container.common.volume.HddsVolume@5e8613e3
2019-08-24 12:54:05,469 INFO  impl.RaftServerProxy (ConfUtils.java:logGet(43)) - raft.rpc.type = GRPC (default)
2019-08-24 12:54:05,469 INFO  grpc.GrpcFactory (GrpcFactory.java:checkPooledByteBufAllocatorUseCacheForAllThreads(45)) - PERFORMANCE WARNING: useCacheForAllThreads is true that may cause Netty to create a lot garbage objects and, as a result, trigger GC.
	It is recommended to disable useCacheForAllThreads by setting -Dorg.apache.ratis.thirdparty.io.netty.allocator.useCacheForAllThreads=false in command line.
2019-08-24 12:54:05,469 INFO  grpc.GrpcConfigKeys$Server (ConfUtils.java:logGet(43)) - raft.grpc.server.port = 36478 (custom)
2019-08-24 12:54:05,469 INFO  server.GrpcService (ConfUtils.java:logGet(43)) - raft.grpc.message.size.max = 33570816 (custom)
2019-08-24 12:54:05,469 INFO  server.RaftServerConfigKeys (ConfUtils.java:logGet(43)) - raft.server.log.appender.buffer.byte-limit = 33554432 (custom)
2019-08-24 12:54:05,470 INFO  server.GrpcService (ConfUtils.java:logGet(43)) - raft.grpc.flow.control.window = 1MB (=1048576) (default)
2019-08-24 12:54:05,470 INFO  server.RaftServerConfigKeys (ConfUtils.java:logGet(43)) - raft.server.rpc.request.timeout = 3000ms (default)
2019-08-24 12:54:05,470 INFO  server.RaftServerConfigKeys (ConfUtils.java:logGet(43)) - raft.server.storage.dir = [/workdir/hadoop-ozone/integration-test/target/test-dir/MiniOzoneClusterImpl-41984b6e-f72b-4a0e-8b27-1606d96635a1/datanode-2/data/ratis] (custom)
2019-08-24 12:54:05,470 INFO  impl.RaftServerProxy (RaftServerProxy.java:lambda$null$0(191)) - 144ca2c3-c864-4a6d-85bb-c117ab4d9edf: found a subdirectory /workdir/hadoop-ozone/integration-test/target/test-dir/MiniOzoneClusterImpl-41984b6e-f72b-4a0e-8b27-1606d96635a1/datanode-2/data/ratis/257e6ba3-e70b-4482-9bff-ab80f3b17e67
2019-08-24 12:54:05,471 INFO  impl.RaftServerProxy (RaftServerProxy.java:addNew(89)) - 144ca2c3-c864-4a6d-85bb-c117ab4d9edf: addNew group-AB80F3B17E67:[] returns group-AB80F3B17E67:java.util.concurrent.CompletableFuture@263a24f9[Not completed]
2019-08-24 12:54:05,471 INFO  impl.RaftServerProxy (RaftServerProxy.java:lambda$null$0(191)) - 144ca2c3-c864-4a6d-85bb-c117ab4d9edf: found a subdirectory /workdir/hadoop-ozone/integration-test/target/test-dir/MiniOzoneClusterImpl-41984b6e-f72b-4a0e-8b27-1606d96635a1/datanode-2/data/ratis/184e1648-e8e7-403c-9a58-730de5407053
2019-08-24 12:54:05,471 INFO  impl.RaftServerProxy (RaftServerProxy.java:addNew(89)) - 144ca2c3-c864-4a6d-85bb-c117ab4d9edf: addNew group-730DE5407053:[] returns group-730DE5407053:java.util.concurrent.CompletableFuture@21adbe33[Not completed]
2019-08-24 12:54:05,472 INFO  replication.SimpleContainerDownloader (SimpleContainerDownloader.java:<init>(72)) - Starting container downloader service to copy containers to replicate.
2019-08-24 12:54:05,473 INFO  impl.RaftServerImpl (RaftServerImpl.java:<init>(93)) - 144ca2c3-c864-4a6d-85bb-c117ab4d9edf: new RaftServerImpl for group-AB80F3B17E67:[] with ContainerStateMachine:uninitialized
2019-08-24 12:54:05,473 INFO  server.RaftServerConfigKeys (ConfUtils.java:logGet(43)) - raft.server.rpc.timeout.min = 5s (custom)
2019-08-24 12:54:05,473 INFO  hdfs.DFSUtil (DFSUtil.java:httpServerTemplateForNNAndJN(1641)) - Starting Web-server for hddsDatanode at: http://0.0.0.0:36267
2019-08-24 12:54:05,473 INFO  server.RaftServerConfigKeys (ConfUtils.java:logGet(43)) - raft.server.rpc.timeout.max = 5200ms (custom)
2019-08-24 12:54:05,473 INFO  server.RaftServerConfigKeys (ConfUtils.java:logGet(43)) - raft.server.rpcslowness.timeout = 120s (custom)
2019-08-24 12:54:05,473 INFO  server.RaftServerConfigKeys (ConfUtils.java:logGet(43)) - raft.server.sleep.deviation.threshold = 300 (default)
2019-08-24 12:54:05,473 INFO  server.RaftServerConfigKeys (ConfUtils.java:logGet(43)) - raft.server.log.appender.install.snapshot.enabled = false (custom)
2019-08-24 12:54:05,474 INFO  impl.RaftServerImpl (ServerState.java:<init>(105)) - 144ca2c3-c864-4a6d-85bb-c117ab4d9edf:group-AB80F3B17E67 ConfigurationManager, init=-1: [], old=null, confs=<EMPTY_MAP>
2019-08-24 12:54:05,474 INFO  server.RaftServerConfigKeys (ConfUtils.java:logGet(43)) - raft.server.storage.dir = [/workdir/hadoop-ozone/integration-test/target/test-dir/MiniOzoneClusterImpl-41984b6e-f72b-4a0e-8b27-1606d96635a1/datanode-2/data/ratis] (custom)
2019-08-24 12:54:05,475 INFO  server.AuthenticationFilter (AuthenticationFilter.java:constructSecretProvider(240)) - Unable to initialize FileSignerSecretProvider, falling back to use random secrets.
2019-08-24 12:54:05,476 WARN  http.HttpRequestLog (HttpRequestLog.java:getRequestLog(97)) - Jetty request log can only be enabled using Log4j
2019-08-24 12:54:05,478 INFO  http.HttpServer2 (HttpServer2.java:addGlobalFilter(975)) - Added global filter 'safety' (class=org.apache.hadoop.http.HttpServer2$QuotingInputFilter)
2019-08-24 12:54:05,479 INFO  http.HttpServer2 (HttpServer2.java:addFilter(948)) - Added filter static_user_filter (class=org.apache.hadoop.http.lib.StaticUserWebFilter$StaticUserFilter) to context hddsDatanode
2019-08-24 12:54:05,479 INFO  http.HttpServer2 (HttpServer2.java:addFilter(958)) - Added filter static_user_filter (class=org.apache.hadoop.http.lib.StaticUserWebFilter$StaticUserFilter) to context logs
2019-08-24 12:54:05,479 INFO  http.HttpServer2 (HttpServer2.java:addFilter(958)) - Added filter static_user_filter (class=org.apache.hadoop.http.lib.StaticUserWebFilter$StaticUserFilter) to context static
2019-08-24 12:54:05,480 INFO  http.HttpServer2 (HttpServer2.java:bindListener(1191)) - Jetty bound to port 36267
2019-08-24 12:54:05,480 INFO  server.Server (Server.java:doStart(351)) - jetty-9.3.24.v20180605, build timestamp: 2018-06-05T17:11:56Z, git hash: 84205aa28f11a4f31f2a3b86d1bba2cc8ab69827
2019-08-24 12:54:05,483 INFO  handler.ContextHandler (ContextHandler.java:doStart(781)) - Started o.e.j.s.ServletContextHandler@1542ceb3{/logs,file:///workdir/hadoop-ozone/integration-test/target/log,AVAILABLE}
2019-08-24 12:54:05,483 INFO  handler.ContextHandler (ContextHandler.java:doStart(781)) - Started o.e.j.s.ServletContextHandler@20da958{/static,jar:file:/home/user/.m2/repository/org/apache/hadoop/hadoop-hdds-container-service/0.4.1-SNAPSHOT/hadoop-hdds-container-service-0.4.1-SNAPSHOT.jar!/webapps/static,AVAILABLE}
2019-08-24 12:54:05,499 INFO  storage.RaftStorageDirectory (RaftStorageDirectory.java:tryLock(328)) - Lock on /workdir/hadoop-ozone/integration-test/target/test-dir/MiniOzoneClusterImpl-41984b6e-f72b-4a0e-8b27-1606d96635a1/datanode-2/data/ratis/257e6ba3-e70b-4482-9bff-ab80f3b17e67/in_use.lock acquired by nodename 8922@pr-hdds-2029-g5rx4-259851958
2019-08-24 12:54:05,499 INFO  ratis.ContainerStateMachine (ContainerStateMachine.java:loadSnapshot(213)) - group-AB80F3B17E67: The snapshot info is null. Setting the last applied indexto:(t:0, i:~)
2019-08-24 12:54:05,499 INFO  server.RaftServerConfigKeys (ConfUtils.java:logGet(43)) - raft.server.leader.election.timeout = 120s (custom)
2019-08-24 12:54:05,500 INFO  server.RaftServerConfigKeys (ConfUtils.java:logGet(43)) - raft.server.log.use.memory = false (default)
2019-08-24 12:54:05,500 INFO  server.RaftServerConfigKeys (ConfUtils.java:logGet(43)) - raft.server.log.purge.gap = 1000000000 (custom)
2019-08-24 12:54:05,500 INFO  server.RaftServerConfigKeys (ConfUtils.java:logGet(43)) - raft.server.log.appender.buffer.byte-limit = 33554432 (custom)
2019-08-24 12:54:05,500 INFO  server.RaftServerConfigKeys (ConfUtils.java:logGet(43)) - raft.server.log.segment.size.max = 1048576 (custom)
2019-08-24 12:54:05,500 INFO  server.RaftServerConfigKeys (ConfUtils.java:logGet(43)) - raft.server.log.segment.cache.num.max = 2 (custom)
2019-08-24 12:54:05,500 INFO  segmented.SegmentedRaftLogWorker (SegmentedRaftLogWorker.java:<init>(172)) - new 144ca2c3-c864-4a6d-85bb-c117ab4d9edf-SegmentedRaftLogWorker:Storage Directory /workdir/hadoop-ozone/integration-test/target/test-dir/MiniOzoneClusterImpl-41984b6e-f72b-4a0e-8b27-1606d96635a1/datanode-2/data/ratis/257e6ba3-e70b-4482-9bff-ab80f3b17e67 for RaftStorage:Storage Directory /workdir/hadoop-ozone/integration-test/target/test-dir/MiniOzoneClusterImpl-41984b6e-f72b-4a0e-8b27-1606d96635a1/datanode-2/data/ratis/257e6ba3-e70b-4482-9bff-ab80f3b17e67
2019-08-24 12:54:05,500 INFO  server.RaftServerConfigKeys (ConfUtils.java:logGet(43)) - raft.server.log.queue.byte-limit = 2147483647 (custom)
2019-08-24 12:54:05,501 INFO  server.RaftServerConfigKeys (ConfUtils.java:logGet(43)) - raft.server.log.queue.element-limit = 1024 (custom)
2019-08-24 12:54:05,501 INFO  server.RaftServerConfigKeys (ConfUtils.java:logGet(43)) - raft.server.log.segment.size.max = 1048576 (custom)
2019-08-24 12:54:05,501 INFO  server.RaftServerConfigKeys (ConfUtils.java:logGet(43)) - raft.server.log.preallocated.size = 16384 (custom)
2019-08-24 12:54:05,501 INFO  server.RaftServerConfigKeys (ConfUtils.java:logGet(43)) - raft.server.log.write.buffer.size = 33554432 (custom)
2019-08-24 12:54:05,501 INFO  server.RaftServerConfigKeys (ConfUtils.java:logGet(43)) - raft.server.log.force.sync.num = 128 (default)
2019-08-24 12:54:05,501 INFO  server.RaftServerConfigKeys (ConfUtils.java:logGet(43)) - raft.server.log.statemachine.data.sync = true (default)
2019-08-24 12:54:05,501 INFO  server.RaftServerConfigKeys (ConfUtils.java:logGet(43)) - raft.server.log.statemachine.data.sync.timeout = 10s (default)
2019-08-24 12:54:05,501 INFO  server.RaftServerConfigKeys (ConfUtils.java:logGet(43)) - raft.server.log.statemachine.data.sync.timeout.retry = -1 (default)
2019-08-24 12:54:05,502 INFO  server.RaftServerConfigKeys (ConfUtils.java:logGet(43)) - raft.server.log.statemachine.data.caching.enabled = true (custom)
2019-08-24 12:54:05,502 INFO  impl.RaftServerImpl (ServerState.java:setRaftConf(361)) - 144ca2c3-c864-4a6d-85bb-c117ab4d9edf:group-AB80F3B17E67 set configuration 0: [cff0f701-856b-47b5-97eb-c2f7cf466fad:192.168.69.124:39465, 144ca2c3-c864-4a6d-85bb-c117ab4d9edf:192.168.69.124:36478, 88606864-d3c7-410e-8604-6d8d21473076:192.168.69.124:33113], old=null at 0
2019-08-24 12:54:05,503 INFO  segmented.LogSegment (LogSegment.java:loadSegment(145)) - Successfully read 1 entries from segment file /workdir/hadoop-ozone/integration-test/target/test-dir/MiniOzoneClusterImpl-41984b6e-f72b-4a0e-8b27-1606d96635a1/datanode-2/data/ratis/257e6ba3-e70b-4482-9bff-ab80f3b17e67/current/log_inprogress_0
2019-08-24 12:54:05,503 INFO  segmented.SegmentedRaftLogWorker (SegmentedRaftLogWorker.java:lambda$new$0(132)) - 144ca2c3-c864-4a6d-85bb-c117ab4d9edf-SegmentedRaftLogWorker:Storage Directory /workdir/hadoop-ozone/integration-test/target/test-dir/MiniOzoneClusterImpl-41984b6e-f72b-4a0e-8b27-1606d96635a1/datanode-2/data/ratis/257e6ba3-e70b-4482-9bff-ab80f3b17e67: flushIndex: setUnconditionally 0 -> 0
2019-08-24 12:54:05,522 INFO  handler.ContextHandler (ContextHandler.java:doStart(781)) - Started o.e.j.w.WebAppContext@7f9a0c7d{/,file:///tmp/jetty-0.0.0.0-36267-hddsDatanode-_-any-26335300061479298.dir/webapp/,AVAILABLE}{/hddsDatanode}
2019-08-24 12:54:05,523 INFO  server.AbstractConnector (AbstractConnector.java:doStart(278)) - Started ServerConnector@da89206{HTTP/1.1,[http/1.1]}{0.0.0.0:36267}
2019-08-24 12:54:05,533 INFO  server.Server (Server.java:doStart(419)) - Started @52773ms
2019-08-24 12:54:05,533 INFO  server.RaftServerConfigKeys (ConfUtils.java:logGet(43)) - raft.server.snapshot.auto.trigger.enabled = true (custom)
2019-08-24 12:54:05,534 INFO  server.RaftServerConfigKeys (ConfUtils.java:logGet(43)) - raft.server.snapshot.auto.trigger.threshold = 10000 (custom)
2019-08-24 12:54:05,534 INFO  server.RaftServerConfigKeys (ConfUtils.java:logGet(43)) - raft.server.retrycache.expirytime = 600000ms (custom)
2019-08-24 12:54:05,534 INFO  server.BaseHttpServer (BaseHttpServer.java:updateConnectorAddress(207)) - HTTP server of HDDSDATANODE is listening at http://0.0.0.0:36267
2019-08-24 12:54:05,536 INFO  impl.RaftServerImpl (RaftServerImpl.java:<init>(93)) - 144ca2c3-c864-4a6d-85bb-c117ab4d9edf: new RaftServerImpl for group-730DE5407053:[] with ContainerStateMachine:uninitialized
2019-08-24 12:54:05,536 INFO  server.RaftServerConfigKeys (ConfUtils.java:logGet(43)) - raft.server.rpc.timeout.min = 5s (custom)
2019-08-24 12:54:05,536 INFO  server.RaftServerConfigKeys (ConfUtils.java:logGet(43)) - raft.server.rpc.timeout.max = 5200ms (custom)
2019-08-24 12:54:05,536 INFO  server.RaftServerConfigKeys (ConfUtils.java:logGet(43)) - raft.server.rpcslowness.timeout = 120s (custom)
2019-08-24 12:54:05,537 INFO  server.RaftServerConfigKeys (ConfUtils.java:logGet(43)) - raft.server.sleep.deviation.threshold = 300 (default)
2019-08-24 12:54:05,537 INFO  server.RaftServerConfigKeys (ConfUtils.java:logGet(43)) - raft.server.log.appender.install.snapshot.enabled = false (custom)
2019-08-24 12:54:05,537 INFO  impl.RaftServerImpl (ServerState.java:<init>(105)) - 144ca2c3-c864-4a6d-85bb-c117ab4d9edf:group-730DE5407053 ConfigurationManager, init=-1: [], old=null, confs=<EMPTY_MAP>
2019-08-24 12:54:05,537 INFO  server.RaftServerConfigKeys (ConfUtils.java:logGet(43)) - raft.server.storage.dir = [/workdir/hadoop-ozone/integration-test/target/test-dir/MiniOzoneClusterImpl-41984b6e-f72b-4a0e-8b27-1606d96635a1/datanode-2/data/ratis] (custom)
2019-08-24 12:54:05,550 INFO  storage.RaftStorageDirectory (RaftStorageDirectory.java:tryLock(328)) - Lock on /workdir/hadoop-ozone/integration-test/target/test-dir/MiniOzoneClusterImpl-41984b6e-f72b-4a0e-8b27-1606d96635a1/datanode-2/data/ratis/184e1648-e8e7-403c-9a58-730de5407053/in_use.lock acquired by nodename 8922@pr-hdds-2029-g5rx4-259851958
2019-08-24 12:54:05,550 INFO  ratis.ContainerStateMachine (ContainerStateMachine.java:loadSnapshot(213)) - group-730DE5407053: The snapshot info is null. Setting the last applied indexto:(t:0, i:~)
2019-08-24 12:54:05,551 INFO  server.RaftServerConfigKeys (ConfUtils.java:logGet(43)) - raft.server.leader.election.timeout = 120s (custom)
2019-08-24 12:54:05,551 INFO  server.RaftServerConfigKeys (ConfUtils.java:logGet(43)) - raft.server.log.use.memory = false (default)
2019-08-24 12:54:05,551 INFO  server.RaftServerConfigKeys (ConfUtils.java:logGet(43)) - raft.server.log.purge.gap = 1000000000 (custom)
2019-08-24 12:54:05,551 INFO  server.RaftServerConfigKeys (ConfUtils.java:logGet(43)) - raft.server.log.appender.buffer.byte-limit = 33554432 (custom)
2019-08-24 12:54:05,551 INFO  server.RaftServerConfigKeys (ConfUtils.java:logGet(43)) - raft.server.log.segment.size.max = 1048576 (custom)
2019-08-24 12:54:05,552 INFO  server.RaftServerConfigKeys (ConfUtils.java:logGet(43)) - raft.server.log.segment.cache.num.max = 2 (custom)
2019-08-24 12:54:05,552 INFO  segmented.SegmentedRaftLogWorker (SegmentedRaftLogWorker.java:<init>(172)) - new 144ca2c3-c864-4a6d-85bb-c117ab4d9edf-SegmentedRaftLogWorker:Storage Directory /workdir/hadoop-ozone/integration-test/target/test-dir/MiniOzoneClusterImpl-41984b6e-f72b-4a0e-8b27-1606d96635a1/datanode-2/data/ratis/184e1648-e8e7-403c-9a58-730de5407053 for RaftStorage:Storage Directory /workdir/hadoop-ozone/integration-test/target/test-dir/MiniOzoneClusterImpl-41984b6e-f72b-4a0e-8b27-1606d96635a1/datanode-2/data/ratis/184e1648-e8e7-403c-9a58-730de5407053
2019-08-24 12:54:05,552 INFO  server.RaftServerConfigKeys (ConfUtils.java:logGet(43)) - raft.server.log.queue.byte-limit = 2147483647 (custom)
2019-08-24 12:54:05,552 INFO  server.RaftServerConfigKeys (ConfUtils.java:logGet(43)) - raft.server.log.queue.element-limit = 1024 (custom)
2019-08-24 12:54:05,552 INFO  server.RaftServerConfigKeys (ConfUtils.java:logGet(43)) - raft.server.log.segment.size.max = 1048576 (custom)
2019-08-24 12:54:05,552 INFO  server.RaftServerConfigKeys (ConfUtils.java:logGet(43)) - raft.server.log.preallocated.size = 16384 (custom)
2019-08-24 12:54:05,553 INFO  server.RaftServerConfigKeys (ConfUtils.java:logGet(43)) - raft.server.log.write.buffer.size = 33554432 (custom)
2019-08-24 12:54:05,553 INFO  server.RaftServerConfigKeys (ConfUtils.java:logGet(43)) - raft.server.log.force.sync.num = 128 (default)
2019-08-24 12:54:05,553 INFO  server.RaftServerConfigKeys (ConfUtils.java:logGet(43)) - raft.server.log.statemachine.data.sync = true (default)
2019-08-24 12:54:05,553 INFO  server.RaftServerConfigKeys (ConfUtils.java:logGet(43)) - raft.server.log.statemachine.data.sync.timeout = 10s (default)
2019-08-24 12:54:05,553 INFO  server.RaftServerConfigKeys (ConfUtils.java:logGet(43)) - raft.server.log.statemachine.data.sync.timeout.retry = -1 (default)
2019-08-24 12:54:05,553 INFO  server.RaftServerConfigKeys (ConfUtils.java:logGet(43)) - raft.server.log.statemachine.data.caching.enabled = true (custom)
2019-08-24 12:54:05,554 INFO  impl.RaftServerImpl (ServerState.java:setRaftConf(361)) - 144ca2c3-c864-4a6d-85bb-c117ab4d9edf:group-730DE5407053 set configuration 0: [144ca2c3-c864-4a6d-85bb-c117ab4d9edf:192.168.69.124:36478], old=null at 0
2019-08-24 12:54:05,555 INFO  segmented.LogSegment (LogSegment.java:loadSegment(145)) - Successfully read 1 entries from segment file /workdir/hadoop-ozone/integration-test/target/test-dir/MiniOzoneClusterImpl-41984b6e-f72b-4a0e-8b27-1606d96635a1/datanode-2/data/ratis/184e1648-e8e7-403c-9a58-730de5407053/current/log_inprogress_0
2019-08-24 12:54:05,555 INFO  segmented.SegmentedRaftLogWorker (SegmentedRaftLogWorker.java:lambda$new$0(132)) - 144ca2c3-c864-4a6d-85bb-c117ab4d9edf-SegmentedRaftLogWorker:Storage Directory /workdir/hadoop-ozone/integration-test/target/test-dir/MiniOzoneClusterImpl-41984b6e-f72b-4a0e-8b27-1606d96635a1/datanode-2/data/ratis/184e1648-e8e7-403c-9a58-730de5407053: flushIndex: setUnconditionally 0 -> 0
2019-08-24 12:54:05,670 INFO  server.RaftServerConfigKeys (ConfUtils.java:logGet(43)) - raft.server.snapshot.auto.trigger.enabled = true (custom)
2019-08-24 12:54:05,674 INFO  server.RaftServerConfigKeys (ConfUtils.java:logGet(43)) - raft.server.snapshot.auto.trigger.threshold = 10000 (custom)
2019-08-24 12:54:05,674 INFO  server.RaftServerConfigKeys (ConfUtils.java:logGet(43)) - raft.server.retrycache.expirytime = 600000ms (custom)
2019-08-24 12:54:05,906 | INFO  | ObjectStoreRestHttpServer | Listening HDDS REST traffic on /0.0.0.0:44443 |  
2019-08-24 12:54:05,906 INFO  ozone.HddsDatanodeService (HddsDatanodeService.java:startPlugins(395)) - Started plug-in org.apache.hadoop.ozone.web.OzoneHddsDatanodeService@51d8abfa
2019-08-24 12:54:05,907 INFO  pipeline.SCMPipelineManager (SCMPipelineManager.java:finalizeAndDestroyPipeline(309)) - destroying pipeline:Pipeline[ Id: 257e6ba3-e70b-4482-9bff-ab80f3b17e67, Nodes: 88606864-d3c7-410e-8604-6d8d21473076{ip: 192.168.69.124, host: pr-hdds-2029-g5rx4-259851958, networkLocation: /default-rack, certSerialId: null}cff0f701-856b-47b5-97eb-c2f7cf466fad{ip: 192.168.69.124, host: pr-hdds-2029-g5rx4-259851958, networkLocation: /default-rack, certSerialId: null}144ca2c3-c864-4a6d-85bb-c117ab4d9edf{ip: 192.168.69.124, host: pr-hdds-2029-g5rx4-259851958, networkLocation: /default-rack, certSerialId: null}, Type:RATIS, Factor:THREE, State:OPEN]
2019-08-24 12:54:05,908 INFO  util.JvmPauseMonitor (JvmPauseMonitor.java:run(188)) - Starting JVM pause monitor
2019-08-24 12:54:05,913 WARN  pipeline.RatisPipelineUtils (RatisPipelineUtils.java:destroyPipeline(66)) - Pipeline destroy failed for pipeline=PipelineID=257e6ba3-e70b-4482-9bff-ab80f3b17e67 dn=88606864-d3c7-410e-8604-6d8d21473076{ip: 192.168.69.124, host: pr-hdds-2029-g5rx4-259851958, networkLocation: /default-rack, certSerialId: null}
2019-08-24 12:54:05,915 WARN  pipeline.RatisPipelineUtils (RatisPipelineUtils.java:destroyPipeline(66)) - Pipeline destroy failed for pipeline=PipelineID=257e6ba3-e70b-4482-9bff-ab80f3b17e67 dn=cff0f701-856b-47b5-97eb-c2f7cf466fad{ip: 192.168.69.124, host: pr-hdds-2029-g5rx4-259851958, networkLocation: /default-rack, certSerialId: null}
2019-08-24 12:54:05,917 WARN  pipeline.RatisPipelineUtils (RatisPipelineUtils.java:destroyPipeline(66)) - Pipeline destroy failed for pipeline=PipelineID=257e6ba3-e70b-4482-9bff-ab80f3b17e67 dn=144ca2c3-c864-4a6d-85bb-c117ab4d9edf{ip: 192.168.69.124, host: pr-hdds-2029-g5rx4-259851958, networkLocation: /default-rack, certSerialId: null}
2019-08-24 12:54:05,918 INFO  pipeline.PipelineStateManager (PipelineStateManager.java:removePipeline(108)) - Pipeline Pipeline[ Id: 257e6ba3-e70b-4482-9bff-ab80f3b17e67, Nodes: 88606864-d3c7-410e-8604-6d8d21473076{ip: 192.168.69.124, host: pr-hdds-2029-g5rx4-259851958, networkLocation: /default-rack, certSerialId: null}cff0f701-856b-47b5-97eb-c2f7cf466fad{ip: 192.168.69.124, host: pr-hdds-2029-g5rx4-259851958, networkLocation: /default-rack, certSerialId: null}144ca2c3-c864-4a6d-85bb-c117ab4d9edf{ip: 192.168.69.124, host: pr-hdds-2029-g5rx4-259851958, networkLocation: /default-rack, certSerialId: null}, Type:RATIS, Factor:THREE, State:CLOSED] removed from db
2019-08-24 12:54:07,188 | INFO  | SCMAudit | user=jenkins1000 | ip=192.168.69.124 | op=GET_VERSION null | ret=SUCCESS |  
2019-08-24 12:54:07,190 INFO  ozoneimpl.OzoneContainer (OzoneContainer.java:start(186)) - Attempting to start container services.
2019-08-24 12:54:07,190 INFO  ozoneimpl.OzoneContainer (OzoneContainer.java:startContainerScrub(160)) - Background container scrubber has been disabled by hdds.containerscrub.enabled
2019-08-24 12:54:07,190 INFO  ratis.XceiverServerRatis (XceiverServerRatis.java:start(404)) - Starting XceiverServerRatis 88606864-d3c7-410e-8604-6d8d21473076 at port 33113
2019-08-24 12:54:07,199 INFO  impl.RaftServerImpl (RaftServerImpl.java:start(180)) - 88606864-d3c7-410e-8604-6d8d21473076: start group-AB80F3B17E67
2019-08-24 12:54:07,199 INFO  impl.RaftServerImpl (RaftServerImpl.java:start(180)) - 88606864-d3c7-410e-8604-6d8d21473076: start group-8AAA66C8B2F4
2019-08-24 12:54:07,200 INFO  impl.RaftServerImpl (RaftServerImpl.java:setRole(171)) - 88606864-d3c7-410e-8604-6d8d21473076:group-AB80F3B17E67 changes role from null to FOLLOWER at term 1 for startAsFollower
2019-08-24 12:54:07,201 INFO  impl.RaftServerImpl (RaftServerImpl.java:setRole(171)) - 88606864-d3c7-410e-8604-6d8d21473076:group-8AAA66C8B2F4 changes role from null to FOLLOWER at term 1 for startAsFollower
2019-08-24 12:54:07,201 INFO  impl.RoleInfo (RoleInfo.java:updateAndGet(143)) - 88606864-d3c7-410e-8604-6d8d21473076: start FollowerState
2019-08-24 12:54:07,202 INFO  impl.RoleInfo (RoleInfo.java:updateAndGet(143)) - 88606864-d3c7-410e-8604-6d8d21473076: start FollowerState
2019-08-24 12:54:07,203 INFO  util.JmxRegister (JmxRegister.java:tryRegister(44)) - Successfully registered JMX Bean with object name Ratis:service=RaftServer,group=group-AB80F3B17E67,id=88606864-d3c7-410e-8604-6d8d21473076
2019-08-24 12:54:07,203 INFO  util.JmxRegister (JmxRegister.java:tryRegister(44)) - Successfully registered JMX Bean with object name Ratis:service=RaftServer,group=group-8AAA66C8B2F4,id=88606864-d3c7-410e-8604-6d8d21473076
2019-08-24 12:54:07,206 INFO  impl.RaftServerProxy (RaftServerProxy.java:lambda$start$3(299)) - 88606864-d3c7-410e-8604-6d8d21473076: start RPC server
2019-08-24 12:54:07,208 INFO  server.GrpcService (GrpcService.java:startImpl(149)) - 88606864-d3c7-410e-8604-6d8d21473076: GrpcService started, listening on 0.0.0.0/0.0.0.0:33113
2019-08-24 12:54:07,450 | INFO  | SCMAudit | user=jenkins1000 | ip=192.168.69.124 | op=GET_VERSION null | ret=SUCCESS |  
2019-08-24 12:54:07,451 INFO  ozoneimpl.OzoneContainer (OzoneContainer.java:start(186)) - Attempting to start container services.
2019-08-24 12:54:07,452 INFO  ozoneimpl.OzoneContainer (OzoneContainer.java:startContainerScrub(160)) - Background container scrubber has been disabled by hdds.containerscrub.enabled
2019-08-24 12:54:07,452 INFO  ratis.XceiverServerRatis (XceiverServerRatis.java:start(404)) - Starting XceiverServerRatis cff0f701-856b-47b5-97eb-c2f7cf466fad at port 39465
2019-08-24 12:54:07,467 INFO  impl.RaftServerImpl (RaftServerImpl.java:start(180)) - cff0f701-856b-47b5-97eb-c2f7cf466fad: start group-AB80F3B17E67
2019-08-24 12:54:07,467 INFO  impl.RaftServerImpl (RaftServerImpl.java:start(180)) - cff0f701-856b-47b5-97eb-c2f7cf466fad: start group-F5BCB37DC72A
2019-08-24 12:54:07,468 INFO  impl.RaftServerImpl (RaftServerImpl.java:setRole(171)) - cff0f701-856b-47b5-97eb-c2f7cf466fad:group-AB80F3B17E67 changes role from null to FOLLOWER at term 1 for startAsFollower
2019-08-24 12:54:07,469 INFO  impl.RaftServerImpl (RaftServerImpl.java:setRole(171)) - cff0f701-856b-47b5-97eb-c2f7cf466fad:group-F5BCB37DC72A changes role from null to FOLLOWER at term 1 for startAsFollower
2019-08-24 12:54:07,470 INFO  impl.RoleInfo (RoleInfo.java:updateAndGet(143)) - cff0f701-856b-47b5-97eb-c2f7cf466fad: start FollowerState
2019-08-24 12:54:07,470 INFO  impl.RoleInfo (RoleInfo.java:updateAndGet(143)) - cff0f701-856b-47b5-97eb-c2f7cf466fad: start FollowerState
2019-08-24 12:54:07,470 INFO  util.JmxRegister (JmxRegister.java:tryRegister(44)) - Successfully registered JMX Bean with object name Ratis:service=RaftServer,group=group-AB80F3B17E67,id=cff0f701-856b-47b5-97eb-c2f7cf466fad
2019-08-24 12:54:07,470 INFO  util.JmxRegister (JmxRegister.java:tryRegister(44)) - Successfully registered JMX Bean with object name Ratis:service=RaftServer,group=group-F5BCB37DC72A,id=cff0f701-856b-47b5-97eb-c2f7cf466fad
2019-08-24 12:54:07,473 INFO  impl.RaftServerProxy (RaftServerProxy.java:lambda$start$3(299)) - cff0f701-856b-47b5-97eb-c2f7cf466fad: start RPC server
2019-08-24 12:54:07,474 INFO  server.GrpcService (GrpcService.java:startImpl(149)) - cff0f701-856b-47b5-97eb-c2f7cf466fad: GrpcService started, listening on 0.0.0.0/0.0.0.0:39465
2019-08-24 12:54:07,909 | INFO  | SCMAudit | user=jenkins1000 | ip=192.168.69.124 | op=GET_VERSION null | ret=SUCCESS |  
2019-08-24 12:54:07,910 INFO  ozoneimpl.OzoneContainer (OzoneContainer.java:start(186)) - Attempting to start container services.
2019-08-24 12:54:07,910 INFO  ozoneimpl.OzoneContainer (OzoneContainer.java:startContainerScrub(160)) - Background container scrubber has been disabled by hdds.containerscrub.enabled
2019-08-24 12:54:07,911 INFO  ratis.XceiverServerRatis (XceiverServerRatis.java:start(404)) - Starting XceiverServerRatis 144ca2c3-c864-4a6d-85bb-c117ab4d9edf at port 36478
2019-08-24 12:54:07,919 INFO  impl.RaftServerImpl (RaftServerImpl.java:start(180)) - 144ca2c3-c864-4a6d-85bb-c117ab4d9edf: start group-AB80F3B17E67
2019-08-24 12:54:07,919 INFO  impl.RaftServerImpl (RaftServerImpl.java:start(180)) - 144ca2c3-c864-4a6d-85bb-c117ab4d9edf: start group-730DE5407053
2019-08-24 12:54:07,920 INFO  impl.RaftServerImpl (RaftServerImpl.java:setRole(171)) - 144ca2c3-c864-4a6d-85bb-c117ab4d9edf:group-AB80F3B17E67 changes role from null to FOLLOWER at term 1 for startAsFollower
2019-08-24 12:54:07,922 INFO  impl.RaftServerImpl (RaftServerImpl.java:setRole(171)) - 144ca2c3-c864-4a6d-85bb-c117ab4d9edf:group-730DE5407053 changes role from null to FOLLOWER at term 1 for startAsFollower
2019-08-24 12:54:07,922 INFO  impl.RoleInfo (RoleInfo.java:updateAndGet(143)) - 144ca2c3-c864-4a6d-85bb-c117ab4d9edf: start FollowerState
2019-08-24 12:54:07,922 INFO  impl.RoleInfo (RoleInfo.java:updateAndGet(143)) - 144ca2c3-c864-4a6d-85bb-c117ab4d9edf: start FollowerState
2019-08-24 12:54:07,923 INFO  util.JmxRegister (JmxRegister.java:tryRegister(44)) - Successfully registered JMX Bean with object name Ratis:service=RaftServer,group=group-AB80F3B17E67,id=144ca2c3-c864-4a6d-85bb-c117ab4d9edf
2019-08-24 12:54:07,923 INFO  util.JmxRegister (JmxRegister.java:tryRegister(44)) - Successfully registered JMX Bean with object name Ratis:service=RaftServer,group=group-730DE5407053,id=144ca2c3-c864-4a6d-85bb-c117ab4d9edf
2019-08-24 12:54:07,927 INFO  impl.RaftServerProxy (RaftServerProxy.java:lambda$start$3(299)) - 144ca2c3-c864-4a6d-85bb-c117ab4d9edf: start RPC server
2019-08-24 12:54:07,928 INFO  server.GrpcService (GrpcService.java:startImpl(149)) - 144ca2c3-c864-4a6d-85bb-c117ab4d9edf: GrpcService started, listening on 0.0.0.0/0.0.0.0:36478
2019-08-24 12:54:09,194 | INFO  | SCMAudit | user=jenkins1000 | ip=192.168.69.124 | op=REGISTER {datanodeDetails=88606864-d3c7-410e-8604-6d8d21473076{ip: 192.168.69.124, host: pr-hdds-2029-g5rx4-259851958, networkLocation: /default-rack, certSerialId: null}} | ret=SUCCESS |  
2019-08-24 12:54:09,209 INFO  impl.RaftServerProxy (RaftServerProxy.java:remove(95)) - 88606864-d3c7-410e-8604-6d8d21473076: remove FOLLOWER group-AB80F3B17E67 88606864-d3c7-410e-8604-6d8d21473076:t1, leader=null, voted=144ca2c3-c864-4a6d-85bb-c117ab4d9edf, raftlog=88606864-d3c7-410e-8604-6d8d21473076-SegmentedRaftLog:OPENED:c-1,f0,i0, conf=0: [cff0f701-856b-47b5-97eb-c2f7cf466fad:192.168.69.124:39465, 144ca2c3-c864-4a6d-85bb-c117ab4d9edf:192.168.69.124:36478, 88606864-d3c7-410e-8604-6d8d21473076:192.168.69.124:33113], old=null RUNNING
2019-08-24 12:54:09,209 INFO  impl.RaftServerImpl (RaftServerImpl.java:lambda$shutdown$3(245)) - 88606864-d3c7-410e-8604-6d8d21473076: shutdown group-AB80F3B17E67
2019-08-24 12:54:09,209 INFO  util.JmxRegister (JmxRegister.java:unregister(73)) - Successfully un-registered JMX Bean with object name Ratis:service=RaftServer,group=group-AB80F3B17E67,id=88606864-d3c7-410e-8604-6d8d21473076
2019-08-24 12:54:09,210 INFO  impl.RoleInfo (RoleInfo.java:shutdownFollowerState(121)) - 88606864-d3c7-410e-8604-6d8d21473076: shutdown FollowerState
2019-08-24 12:54:09,210 INFO  impl.StateMachineUpdater (StateMachineUpdater.java:stopAndJoin(115)) - StateMachineUpdater:88606864-d3c7-410e-8604-6d8d21473076:group-AB80F3B17E67: set stopIndex = -1
2019-08-24 12:54:09,210 INFO  impl.FollowerState (FollowerState.java:run(114)) - 88606864-d3c7-410e-8604-6d8d21473076: FollowerState was interrupted: java.lang.InterruptedException: sleep interrupted
2019-08-24 12:54:09,210 INFO  impl.RaftServerImpl (ServerState.java:close(394)) - 88606864-d3c7-410e-8604-6d8d21473076:group-AB80F3B17E67 closes. The last applied log index is -1
2019-08-24 12:54:09,212 INFO  segmented.SegmentedRaftLogWorker (SegmentedRaftLogWorker.java:run(313)) - 88606864-d3c7-410e-8604-6d8d21473076-SegmentedRaftLogWorker:Storage Directory /workdir/hadoop-ozone/integration-test/target/test-dir/MiniOzoneClusterImpl-41984b6e-f72b-4a0e-8b27-1606d96635a1/datanode-0/data/ratis/257e6ba3-e70b-4482-9bff-ab80f3b17e67 was interrupted, exiting. There are 0 tasks remaining in the queue.
2019-08-24 12:54:09,213 INFO  segmented.SegmentedRaftLogWorker (SegmentedRaftLogWorker.java:close(228)) - 88606864-d3c7-410e-8604-6d8d21473076-SegmentedRaftLogWorker:Storage Directory /workdir/hadoop-ozone/integration-test/target/test-dir/MiniOzoneClusterImpl-41984b6e-f72b-4a0e-8b27-1606d96635a1/datanode-0/data/ratis/257e6ba3-e70b-4482-9bff-ab80f3b17e67 close()
2019-08-24 12:54:09,451 | INFO  | SCMAudit | user=jenkins1000 | ip=192.168.69.124 | op=REGISTER {datanodeDetails=cff0f701-856b-47b5-97eb-c2f7cf466fad{ip: 192.168.69.124, host: pr-hdds-2029-g5rx4-259851958, networkLocation: /default-rack, certSerialId: null}} | ret=SUCCESS |  
2019-08-24 12:54:09,457 INFO  impl.RaftServerProxy (RaftServerProxy.java:remove(95)) - cff0f701-856b-47b5-97eb-c2f7cf466fad: remove FOLLOWER group-AB80F3B17E67 cff0f701-856b-47b5-97eb-c2f7cf466fad:t1, leader=null, voted=144ca2c3-c864-4a6d-85bb-c117ab4d9edf, raftlog=cff0f701-856b-47b5-97eb-c2f7cf466fad-SegmentedRaftLog:OPENED:c-1,f0,i0, conf=0: [cff0f701-856b-47b5-97eb-c2f7cf466fad:192.168.69.124:39465, 144ca2c3-c864-4a6d-85bb-c117ab4d9edf:192.168.69.124:36478, 88606864-d3c7-410e-8604-6d8d21473076:192.168.69.124:33113], old=null RUNNING
2019-08-24 12:54:09,458 INFO  impl.RaftServerImpl (RaftServerImpl.java:lambda$shutdown$3(245)) - cff0f701-856b-47b5-97eb-c2f7cf466fad: shutdown group-AB80F3B17E67
2019-08-24 12:54:09,458 INFO  util.JmxRegister (JmxRegister.java:unregister(73)) - Successfully un-registered JMX Bean with object name Ratis:service=RaftServer,group=group-AB80F3B17E67,id=cff0f701-856b-47b5-97eb-c2f7cf466fad
2019-08-24 12:54:09,458 INFO  impl.RoleInfo (RoleInfo.java:shutdownFollowerState(121)) - cff0f701-856b-47b5-97eb-c2f7cf466fad: shutdown FollowerState
2019-08-24 12:54:09,458 INFO  impl.StateMachineUpdater (StateMachineUpdater.java:stopAndJoin(115)) - StateMachineUpdater:cff0f701-856b-47b5-97eb-c2f7cf466fad:group-AB80F3B17E67: set stopIndex = -1
2019-08-24 12:54:09,459 INFO  impl.FollowerState (FollowerState.java:run(114)) - cff0f701-856b-47b5-97eb-c2f7cf466fad: FollowerState was interrupted: java.lang.InterruptedException: sleep interrupted
2019-08-24 12:54:09,459 INFO  impl.RaftServerImpl (ServerState.java:close(394)) - cff0f701-856b-47b5-97eb-c2f7cf466fad:group-AB80F3B17E67 closes. The last applied log index is -1
2019-08-24 12:54:09,461 INFO  segmented.SegmentedRaftLogWorker (SegmentedRaftLogWorker.java:run(313)) - cff0f701-856b-47b5-97eb-c2f7cf466fad-SegmentedRaftLogWorker:Storage Directory /workdir/hadoop-ozone/integration-test/target/test-dir/MiniOzoneClusterImpl-41984b6e-f72b-4a0e-8b27-1606d96635a1/datanode-1/data/ratis/257e6ba3-e70b-4482-9bff-ab80f3b17e67 was interrupted, exiting. There are 0 tasks remaining in the queue.
2019-08-24 12:54:09,463 INFO  segmented.SegmentedRaftLogWorker (SegmentedRaftLogWorker.java:close(228)) - cff0f701-856b-47b5-97eb-c2f7cf466fad-SegmentedRaftLogWorker:Storage Directory /workdir/hadoop-ozone/integration-test/target/test-dir/MiniOzoneClusterImpl-41984b6e-f72b-4a0e-8b27-1606d96635a1/datanode-1/data/ratis/257e6ba3-e70b-4482-9bff-ab80f3b17e67 close()
2019-08-24 12:54:09,910 | INFO  | SCMAudit | user=jenkins1000 | ip=192.168.69.124 | op=REGISTER {datanodeDetails=144ca2c3-c864-4a6d-85bb-c117ab4d9edf{ip: 192.168.69.124, host: pr-hdds-2029-g5rx4-259851958, networkLocation: /default-rack, certSerialId: null}} | ret=SUCCESS |  
2019-08-24 12:54:09,916 INFO  impl.RaftServerProxy (RaftServerProxy.java:remove(95)) - 144ca2c3-c864-4a6d-85bb-c117ab4d9edf: remove FOLLOWER group-AB80F3B17E67 144ca2c3-c864-4a6d-85bb-c117ab4d9edf:t1, leader=null, voted=144ca2c3-c864-4a6d-85bb-c117ab4d9edf, raftlog=144ca2c3-c864-4a6d-85bb-c117ab4d9edf-SegmentedRaftLog:OPENED:c-1,f0,i0, conf=0: [cff0f701-856b-47b5-97eb-c2f7cf466fad:192.168.69.124:39465, 144ca2c3-c864-4a6d-85bb-c117ab4d9edf:192.168.69.124:36478, 88606864-d3c7-410e-8604-6d8d21473076:192.168.69.124:33113], old=null RUNNING
2019-08-24 12:54:09,916 INFO  impl.RaftServerImpl (RaftServerImpl.java:lambda$shutdown$3(245)) - 144ca2c3-c864-4a6d-85bb-c117ab4d9edf: shutdown group-AB80F3B17E67
2019-08-24 12:54:09,917 INFO  util.JmxRegister (JmxRegister.java:unregister(73)) - Successfully un-registered JMX Bean with object name Ratis:service=RaftServer,group=group-AB80F3B17E67,id=144ca2c3-c864-4a6d-85bb-c117ab4d9edf
2019-08-24 12:54:09,917 INFO  impl.RoleInfo (RoleInfo.java:shutdownFollowerState(121)) - 144ca2c3-c864-4a6d-85bb-c117ab4d9edf: shutdown FollowerState
2019-08-24 12:54:09,917 INFO  impl.StateMachineUpdater (StateMachineUpdater.java:stopAndJoin(115)) - StateMachineUpdater:144ca2c3-c864-4a6d-85bb-c117ab4d9edf:group-AB80F3B17E67: set stopIndex = -1
2019-08-24 12:54:09,917 INFO  impl.FollowerState (FollowerState.java:run(114)) - 144ca2c3-c864-4a6d-85bb-c117ab4d9edf: FollowerState was interrupted: java.lang.InterruptedException: sleep interrupted
2019-08-24 12:54:09,917 INFO  impl.RaftServerImpl (ServerState.java:close(394)) - 144ca2c3-c864-4a6d-85bb-c117ab4d9edf:group-AB80F3B17E67 closes. The last applied log index is -1
2019-08-24 12:54:09,920 INFO  segmented.SegmentedRaftLogWorker (SegmentedRaftLogWorker.java:run(313)) - 144ca2c3-c864-4a6d-85bb-c117ab4d9edf-SegmentedRaftLogWorker:Storage Directory /workdir/hadoop-ozone/integration-test/target/test-dir/MiniOzoneClusterImpl-41984b6e-f72b-4a0e-8b27-1606d96635a1/datanode-2/data/ratis/257e6ba3-e70b-4482-9bff-ab80f3b17e67 was interrupted, exiting. There are 0 tasks remaining in the queue.
2019-08-24 12:54:09,921 INFO  segmented.SegmentedRaftLogWorker (SegmentedRaftLogWorker.java:close(228)) - 144ca2c3-c864-4a6d-85bb-c117ab4d9edf-SegmentedRaftLogWorker:Storage Directory /workdir/hadoop-ozone/integration-test/target/test-dir/MiniOzoneClusterImpl-41984b6e-f72b-4a0e-8b27-1606d96635a1/datanode-2/data/ratis/257e6ba3-e70b-4482-9bff-ab80f3b17e67 close()
2019-08-24 12:54:11,190 | INFO  | SCMAudit | user=jenkins1000 | ip=192.168.69.124 | op=SEND_HEARTBEAT {datanodeUUID=88606864-d3c7-410e-8604-6d8d21473076, command=[]} | ret=SUCCESS |  
2019-08-24 12:54:11,451 | INFO  | SCMAudit | user=jenkins1000 | ip=192.168.69.124 | op=SEND_HEARTBEAT {datanodeUUID=cff0f701-856b-47b5-97eb-c2f7cf466fad, command=[]} | ret=SUCCESS |  
2019-08-24 12:54:11,759 INFO  impl.RaftServerProxy (RaftServerProxy.java:addNew(89)) - 88606864-d3c7-410e-8604-6d8d21473076: addNew group-E0928EBBFC04:[88606864-d3c7-410e-8604-6d8d21473076:192.168.69.124:33113] returns group-E0928EBBFC04:java.util.concurrent.CompletableFuture@7eb73d68[Not completed]
2019-08-24 12:54:11,761 INFO  impl.RaftServerImpl (RaftServerImpl.java:<init>(93)) - 88606864-d3c7-410e-8604-6d8d21473076: new RaftServerImpl for group-E0928EBBFC04:[88606864-d3c7-410e-8604-6d8d21473076:192.168.69.124:33113] with ContainerStateMachine:uninitialized
2019-08-24 12:54:11,762 INFO  server.RaftServerConfigKeys (ConfUtils.java:logGet(43)) - raft.server.rpc.timeout.min = 5s (custom)
2019-08-24 12:54:11,762 INFO  server.RaftServerConfigKeys (ConfUtils.java:logGet(43)) - raft.server.rpc.timeout.max = 5200ms (custom)
2019-08-24 12:54:11,762 INFO  server.RaftServerConfigKeys (ConfUtils.java:logGet(43)) - raft.server.rpcslowness.timeout = 120s (custom)
2019-08-24 12:54:11,763 INFO  server.RaftServerConfigKeys (ConfUtils.java:logGet(43)) - raft.server.sleep.deviation.threshold = 300 (default)
2019-08-24 12:54:11,763 INFO  server.RaftServerConfigKeys (ConfUtils.java:logGet(43)) - raft.server.log.appender.install.snapshot.enabled = false (custom)
2019-08-24 12:54:11,763 INFO  impl.RaftServerImpl (ServerState.java:<init>(105)) - 88606864-d3c7-410e-8604-6d8d21473076:group-E0928EBBFC04 ConfigurationManager, init=-1: [88606864-d3c7-410e-8604-6d8d21473076:192.168.69.124:33113], old=null, confs=<EMPTY_MAP>
2019-08-24 12:54:11,763 INFO  server.RaftServerConfigKeys (ConfUtils.java:logGet(43)) - raft.server.storage.dir = [/workdir/hadoop-ozone/integration-test/target/test-dir/MiniOzoneClusterImpl-41984b6e-f72b-4a0e-8b27-1606d96635a1/datanode-0/data/ratis] (custom)
2019-08-24 12:54:11,764 INFO  storage.RaftStorageDirectory (RaftStorageDirectory.java:analyzeStorage(246)) - The storage directory /workdir/hadoop-ozone/integration-test/target/test-dir/MiniOzoneClusterImpl-41984b6e-f72b-4a0e-8b27-1606d96635a1/datanode-0/data/ratis/b6663a8d-c31c-460d-b8cc-e0928ebbfc04 does not exist. Creating ...
2019-08-24 12:54:11,776 INFO  storage.RaftStorageDirectory (RaftStorageDirectory.java:tryLock(328)) - Lock on /workdir/hadoop-ozone/integration-test/target/test-dir/MiniOzoneClusterImpl-41984b6e-f72b-4a0e-8b27-1606d96635a1/datanode-0/data/ratis/b6663a8d-c31c-460d-b8cc-e0928ebbfc04/in_use.lock acquired by nodename 8922@pr-hdds-2029-g5rx4-259851958
2019-08-24 12:54:11,787 INFO  storage.RaftStorage (RaftStorage.java:format(72)) - Storage directory /workdir/hadoop-ozone/integration-test/target/test-dir/MiniOzoneClusterImpl-41984b6e-f72b-4a0e-8b27-1606d96635a1/datanode-0/data/ratis/b6663a8d-c31c-460d-b8cc-e0928ebbfc04 has been successfully formatted.
2019-08-24 12:54:11,787 INFO  ratis.ContainerStateMachine (ContainerStateMachine.java:loadSnapshot(213)) - group-E0928EBBFC04: The snapshot info is null. Setting the last applied indexto:(t:0, i:~)
2019-08-24 12:54:11,787 INFO  server.RaftServerConfigKeys (ConfUtils.java:logGet(43)) - raft.server.leader.election.timeout = 120s (custom)
2019-08-24 12:54:11,788 INFO  server.RaftServerConfigKeys (ConfUtils.java:logGet(43)) - raft.server.log.use.memory = false (default)
2019-08-24 12:54:11,788 INFO  server.RaftServerConfigKeys (ConfUtils.java:logGet(43)) - raft.server.log.purge.gap = 1000000000 (custom)
2019-08-24 12:54:11,788 INFO  server.RaftServerConfigKeys (ConfUtils.java:logGet(43)) - raft.server.log.appender.buffer.byte-limit = 33554432 (custom)
2019-08-24 12:54:11,788 INFO  server.RaftServerConfigKeys (ConfUtils.java:logGet(43)) - raft.server.log.segment.size.max = 1048576 (custom)
2019-08-24 12:54:11,788 INFO  server.RaftServerConfigKeys (ConfUtils.java:logGet(43)) - raft.server.log.segment.cache.num.max = 2 (custom)
2019-08-24 12:54:11,788 INFO  segmented.SegmentedRaftLogWorker (SegmentedRaftLogWorker.java:<init>(172)) - new 88606864-d3c7-410e-8604-6d8d21473076-SegmentedRaftLogWorker:Storage Directory /workdir/hadoop-ozone/integration-test/target/test-dir/MiniOzoneClusterImpl-41984b6e-f72b-4a0e-8b27-1606d96635a1/datanode-0/data/ratis/b6663a8d-c31c-460d-b8cc-e0928ebbfc04 for RaftStorage:Storage Directory /workdir/hadoop-ozone/integration-test/target/test-dir/MiniOzoneClusterImpl-41984b6e-f72b-4a0e-8b27-1606d96635a1/datanode-0/data/ratis/b6663a8d-c31c-460d-b8cc-e0928ebbfc04
2019-08-24 12:54:11,788 INFO  server.RaftServerConfigKeys (ConfUtils.java:logGet(43)) - raft.server.log.queue.byte-limit = 2147483647 (custom)
2019-08-24 12:54:11,789 INFO  server.RaftServerConfigKeys (ConfUtils.java:logGet(43)) - raft.server.log.queue.element-limit = 1024 (custom)
2019-08-24 12:54:11,789 INFO  server.RaftServerConfigKeys (ConfUtils.java:logGet(43)) - raft.server.log.segment.size.max = 1048576 (custom)
2019-08-24 12:54:11,789 INFO  server.RaftServerConfigKeys (ConfUtils.java:logGet(43)) - raft.server.log.preallocated.size = 16384 (custom)
2019-08-24 12:54:11,789 INFO  server.RaftServerConfigKeys (ConfUtils.java:logGet(43)) - raft.server.log.write.buffer.size = 33554432 (custom)
2019-08-24 12:54:11,789 INFO  server.RaftServerConfigKeys (ConfUtils.java:logGet(43)) - raft.server.log.force.sync.num = 128 (default)
2019-08-24 12:54:11,790 INFO  server.RaftServerConfigKeys (ConfUtils.java:logGet(43)) - raft.server.log.statemachine.data.sync = true (default)
2019-08-24 12:54:11,790 INFO  server.RaftServerConfigKeys (ConfUtils.java:logGet(43)) - raft.server.log.statemachine.data.sync.timeout = 10s (default)
2019-08-24 12:54:11,790 INFO  server.RaftServerConfigKeys (ConfUtils.java:logGet(43)) - raft.server.log.statemachine.data.sync.timeout.retry = -1 (default)
2019-08-24 12:54:11,790 INFO  server.RaftServerConfigKeys (ConfUtils.java:logGet(43)) - raft.server.log.statemachine.data.caching.enabled = true (custom)
2019-08-24 12:54:11,791 INFO  segmented.SegmentedRaftLogWorker (SegmentedRaftLogWorker.java:lambda$new$0(132)) - 88606864-d3c7-410e-8604-6d8d21473076-SegmentedRaftLogWorker:Storage Directory /workdir/hadoop-ozone/integration-test/target/test-dir/MiniOzoneClusterImpl-41984b6e-f72b-4a0e-8b27-1606d96635a1/datanode-0/data/ratis/b6663a8d-c31c-460d-b8cc-e0928ebbfc04: flushIndex: setUnconditionally 0 -> -1
2019-08-24 12:54:11,791 INFO  server.RaftServerConfigKeys (ConfUtils.java:logGet(43)) - raft.server.snapshot.auto.trigger.enabled = true (custom)
2019-08-24 12:54:11,791 INFO  server.RaftServerConfigKeys (ConfUtils.java:logGet(43)) - raft.server.snapshot.auto.trigger.threshold = 10000 (custom)
2019-08-24 12:54:11,792 INFO  server.RaftServerConfigKeys (ConfUtils.java:logGet(43)) - raft.server.retrycache.expirytime = 600000ms (custom)
2019-08-24 12:54:11,792 INFO  impl.RaftServerImpl (RaftServerImpl.java:start(180)) - 88606864-d3c7-410e-8604-6d8d21473076: start group-E0928EBBFC04
2019-08-24 12:54:11,792 INFO  impl.RaftServerImpl (RaftServerImpl.java:setRole(171)) - 88606864-d3c7-410e-8604-6d8d21473076:group-E0928EBBFC04 changes role from null to FOLLOWER at term 0 for startAsFollower
2019-08-24 12:54:11,792 INFO  impl.RoleInfo (RoleInfo.java:updateAndGet(143)) - 88606864-d3c7-410e-8604-6d8d21473076: start FollowerState
2019-08-24 12:54:11,793 INFO  util.JmxRegister (JmxRegister.java:tryRegister(44)) - Successfully registered JMX Bean with object name Ratis:service=RaftServer,group=group-E0928EBBFC04,id=88606864-d3c7-410e-8604-6d8d21473076
2019-08-24 12:54:11,798 INFO  pipeline.PipelineStateManager (PipelineStateManager.java:addPipeline(56)) - Created pipeline Pipeline[ Id: b6663a8d-c31c-460d-b8cc-e0928ebbfc04, Nodes: 88606864-d3c7-410e-8604-6d8d21473076{ip: 192.168.69.124, host: pr-hdds-2029-g5rx4-259851958, networkLocation: /default-rack, certSerialId: null}, Type:RATIS, Factor:ONE, State:OPEN]
2019-08-24 12:54:11,804 INFO  impl.RaftServerProxy (RaftServerProxy.java:addNew(89)) - cff0f701-856b-47b5-97eb-c2f7cf466fad: addNew group-9B277145C22A:[cff0f701-856b-47b5-97eb-c2f7cf466fad:192.168.69.124:39465] returns group-9B277145C22A:java.util.concurrent.CompletableFuture@2f1d48aa[Not completed]
2019-08-24 12:54:11,806 INFO  impl.RaftServerImpl (RaftServerImpl.java:<init>(93)) - cff0f701-856b-47b5-97eb-c2f7cf466fad: new RaftServerImpl for group-9B277145C22A:[cff0f701-856b-47b5-97eb-c2f7cf466fad:192.168.69.124:39465] with ContainerStateMachine:uninitialized
2019-08-24 12:54:11,806 INFO  server.RaftServerConfigKeys (ConfUtils.java:logGet(43)) - raft.server.rpc.timeout.min = 5s (custom)
2019-08-24 12:54:11,806 INFO  server.RaftServerConfigKeys (ConfUtils.java:logGet(43)) - raft.server.rpc.timeout.max = 5200ms (custom)
2019-08-24 12:54:11,807 INFO  server.RaftServerConfigKeys (ConfUtils.java:logGet(43)) - raft.server.rpcslowness.timeout = 120s (custom)
2019-08-24 12:54:11,807 INFO  server.RaftServerConfigKeys (ConfUtils.java:logGet(43)) - raft.server.sleep.deviation.threshold = 300 (default)
2019-08-24 12:54:11,807 INFO  server.RaftServerConfigKeys (ConfUtils.java:logGet(43)) - raft.server.log.appender.install.snapshot.enabled = false (custom)
2019-08-24 12:54:11,807 INFO  impl.RaftServerImpl (ServerState.java:<init>(105)) - cff0f701-856b-47b5-97eb-c2f7cf466fad:group-9B277145C22A ConfigurationManager, init=-1: [cff0f701-856b-47b5-97eb-c2f7cf466fad:192.168.69.124:39465], old=null, confs=<EMPTY_MAP>
2019-08-24 12:54:11,807 INFO  server.RaftServerConfigKeys (ConfUtils.java:logGet(43)) - raft.server.storage.dir = [/workdir/hadoop-ozone/integration-test/target/test-dir/MiniOzoneClusterImpl-41984b6e-f72b-4a0e-8b27-1606d96635a1/datanode-1/data/ratis] (custom)
2019-08-24 12:54:11,808 INFO  storage.RaftStorageDirectory (RaftStorageDirectory.java:analyzeStorage(246)) - The storage directory /workdir/hadoop-ozone/integration-test/target/test-dir/MiniOzoneClusterImpl-41984b6e-f72b-4a0e-8b27-1606d96635a1/datanode-1/data/ratis/4739f371-842e-4c25-9757-9b277145c22a does not exist. Creating ...
2019-08-24 12:54:11,819 INFO  storage.RaftStorageDirectory (RaftStorageDirectory.java:tryLock(328)) - Lock on /workdir/hadoop-ozone/integration-test/target/test-dir/MiniOzoneClusterImpl-41984b6e-f72b-4a0e-8b27-1606d96635a1/datanode-1/data/ratis/4739f371-842e-4c25-9757-9b277145c22a/in_use.lock acquired by nodename 8922@pr-hdds-2029-g5rx4-259851958
2019-08-24 12:54:11,844 INFO  storage.RaftStorage (RaftStorage.java:format(72)) - Storage directory /workdir/hadoop-ozone/integration-test/target/test-dir/MiniOzoneClusterImpl-41984b6e-f72b-4a0e-8b27-1606d96635a1/datanode-1/data/ratis/4739f371-842e-4c25-9757-9b277145c22a has been successfully formatted.
2019-08-24 12:54:11,844 INFO  ratis.ContainerStateMachine (ContainerStateMachine.java:loadSnapshot(213)) - group-9B277145C22A: The snapshot info is null. Setting the last applied indexto:(t:0, i:~)
2019-08-24 12:54:11,844 INFO  server.RaftServerConfigKeys (ConfUtils.java:logGet(43)) - raft.server.leader.election.timeout = 120s (custom)
2019-08-24 12:54:11,844 INFO  server.RaftServerConfigKeys (ConfUtils.java:logGet(43)) - raft.server.log.use.memory = false (default)
2019-08-24 12:54:11,845 INFO  server.RaftServerConfigKeys (ConfUtils.java:logGet(43)) - raft.server.log.purge.gap = 1000000000 (custom)
2019-08-24 12:54:11,845 INFO  server.RaftServerConfigKeys (ConfUtils.java:logGet(43)) - raft.server.log.appender.buffer.byte-limit = 33554432 (custom)
2019-08-24 12:54:11,845 INFO  server.RaftServerConfigKeys (ConfUtils.java:logGet(43)) - raft.server.log.segment.size.max = 1048576 (custom)
2019-08-24 12:54:11,845 INFO  server.RaftServerConfigKeys (ConfUtils.java:logGet(43)) - raft.server.log.segment.cache.num.max = 2 (custom)
2019-08-24 12:54:11,845 INFO  segmented.SegmentedRaftLogWorker (SegmentedRaftLogWorker.java:<init>(172)) - new cff0f701-856b-47b5-97eb-c2f7cf466fad-SegmentedRaftLogWorker:Storage Directory /workdir/hadoop-ozone/integration-test/target/test-dir/MiniOzoneClusterImpl-41984b6e-f72b-4a0e-8b27-1606d96635a1/datanode-1/data/ratis/4739f371-842e-4c25-9757-9b277145c22a for RaftStorage:Storage Directory /workdir/hadoop-ozone/integration-test/target/test-dir/MiniOzoneClusterImpl-41984b6e-f72b-4a0e-8b27-1606d96635a1/datanode-1/data/ratis/4739f371-842e-4c25-9757-9b277145c22a
2019-08-24 12:54:11,845 INFO  server.RaftServerConfigKeys (ConfUtils.java:logGet(43)) - raft.server.log.queue.byte-limit = 2147483647 (custom)
2019-08-24 12:54:11,846 INFO  server.RaftServerConfigKeys (ConfUtils.java:logGet(43)) - raft.server.log.queue.element-limit = 1024 (custom)
2019-08-24 12:54:11,846 INFO  server.RaftServerConfigKeys (ConfUtils.java:logGet(43)) - raft.server.log.segment.size.max = 1048576 (custom)
2019-08-24 12:54:11,846 INFO  server.RaftServerConfigKeys (ConfUtils.java:logGet(43)) - raft.server.log.preallocated.size = 16384 (custom)
2019-08-24 12:54:11,846 INFO  server.RaftServerConfigKeys (ConfUtils.java:logGet(43)) - raft.server.log.write.buffer.size = 33554432 (custom)
2019-08-24 12:54:11,846 INFO  server.RaftServerConfigKeys (ConfUtils.java:logGet(43)) - raft.server.log.force.sync.num = 128 (default)
2019-08-24 12:54:11,846 INFO  server.RaftServerConfigKeys (ConfUtils.java:logGet(43)) - raft.server.log.statemachine.data.sync = true (default)
2019-08-24 12:54:11,847 INFO  server.RaftServerConfigKeys (ConfUtils.java:logGet(43)) - raft.server.log.statemachine.data.sync.timeout = 10s (default)
2019-08-24 12:54:11,847 INFO  server.RaftServerConfigKeys (ConfUtils.java:logGet(43)) - raft.server.log.statemachine.data.sync.timeout.retry = -1 (default)
2019-08-24 12:54:11,847 INFO  server.RaftServerConfigKeys (ConfUtils.java:logGet(43)) - raft.server.log.statemachine.data.caching.enabled = true (custom)
2019-08-24 12:54:11,847 INFO  segmented.SegmentedRaftLogWorker (SegmentedRaftLogWorker.java:lambda$new$0(132)) - cff0f701-856b-47b5-97eb-c2f7cf466fad-SegmentedRaftLogWorker:Storage Directory /workdir/hadoop-ozone/integration-test/target/test-dir/MiniOzoneClusterImpl-41984b6e-f72b-4a0e-8b27-1606d96635a1/datanode-1/data/ratis/4739f371-842e-4c25-9757-9b277145c22a: flushIndex: setUnconditionally 0 -> -1
2019-08-24 12:54:11,848 INFO  server.RaftServerConfigKeys (ConfUtils.java:logGet(43)) - raft.server.snapshot.auto.trigger.enabled = true (custom)
2019-08-24 12:54:11,848 INFO  server.RaftServerConfigKeys (ConfUtils.java:logGet(43)) - raft.server.snapshot.auto.trigger.threshold = 10000 (custom)
2019-08-24 12:54:11,848 INFO  server.RaftServerConfigKeys (ConfUtils.java:logGet(43)) - raft.server.retrycache.expirytime = 600000ms (custom)
2019-08-24 12:54:11,848 INFO  impl.RaftServerImpl (RaftServerImpl.java:start(180)) - cff0f701-856b-47b5-97eb-c2f7cf466fad: start group-9B277145C22A
2019-08-24 12:54:11,848 INFO  impl.RaftServerImpl (RaftServerImpl.java:setRole(171)) - cff0f701-856b-47b5-97eb-c2f7cf466fad:group-9B277145C22A changes role from null to FOLLOWER at term 0 for startAsFollower
2019-08-24 12:54:11,849 INFO  impl.RoleInfo (RoleInfo.java:updateAndGet(143)) - cff0f701-856b-47b5-97eb-c2f7cf466fad: start FollowerState
2019-08-24 12:54:11,849 INFO  util.JmxRegister (JmxRegister.java:tryRegister(44)) - Successfully registered JMX Bean with object name Ratis:service=RaftServer,group=group-9B277145C22A,id=cff0f701-856b-47b5-97eb-c2f7cf466fad
2019-08-24 12:54:11,854 INFO  pipeline.PipelineStateManager (PipelineStateManager.java:addPipeline(56)) - Created pipeline Pipeline[ Id: 4739f371-842e-4c25-9757-9b277145c22a, Nodes: cff0f701-856b-47b5-97eb-c2f7cf466fad{ip: 192.168.69.124, host: pr-hdds-2029-g5rx4-259851958, networkLocation: /default-rack, certSerialId: null}, Type:RATIS, Factor:ONE, State:OPEN]
2019-08-24 12:54:11,910 | INFO  | SCMAudit | user=jenkins1000 | ip=192.168.69.124 | op=SEND_HEARTBEAT {datanodeUUID=144ca2c3-c864-4a6d-85bb-c117ab4d9edf, command=[]} | ret=SUCCESS |  
2019-08-24 12:54:12,190 | INFO  | SCMAudit | user=jenkins1000 | ip=192.168.69.124 | op=SEND_HEARTBEAT {datanodeUUID=88606864-d3c7-410e-8604-6d8d21473076, command=[]} | ret=SUCCESS |  
2019-08-24 12:54:12,232 INFO  ozone.MiniOzoneClusterImpl (MiniOzoneClusterImpl.java:shutdown(321)) - Shutting down the Mini Ozone Cluster
2019-08-24 12:54:12,233 | INFO  | SCMAudit | user=null | ip=null | op=GET_SCM_INFO null | ret=SUCCESS |  
2019-08-24 12:54:12,233 INFO  ozone.MiniOzoneClusterImpl (MiniOzoneClusterImpl.java:stop(336)) - Stopping the Mini Ozone Cluster
2019-08-24 12:54:12,233 INFO  ozone.MiniOzoneClusterImpl (MiniOzoneClusterImpl.java:stop(338)) - Stopping the OzoneManager
2019-08-24 12:54:12,234 INFO  ipc.Server (Server.java:stop(3082)) - Stopping server on 46419
2019-08-24 12:54:12,250 INFO  utils.BackgroundService (BackgroundService.java:shutdown(148)) - Shutting down service KeyDeletingService
2019-08-24 12:54:12,251 INFO  ipc.Server (Server.java:run(1185)) - Stopping IPC Server listener on 46419
2019-08-24 12:54:12,250 INFO  ipc.Server (Server.java:run(1319)) - Stopping IPC Server Responder
2019-08-24 12:54:12,268 INFO  handler.ContextHandler (ContextHandler.java:doStop(910)) - Stopped o.e.j.w.WebAppContext@37363a33{/,null,UNAVAILABLE}{/ozoneManager}
2019-08-24 12:54:12,268 INFO  server.AbstractConnector (AbstractConnector.java:doStop(318)) - Stopped ServerConnector@4b809ef1{HTTP/1.1,[http/1.1]}{0.0.0.0:0}
2019-08-24 12:54:12,270 INFO  handler.ContextHandler (ContextHandler.java:doStop(910)) - Stopped o.e.j.s.ServletContextHandler@49e713f2{/static,file:///workdir/hadoop-ozone/integration-test/target/test-classes/webapps/static,UNAVAILABLE}
2019-08-24 12:54:12,271 INFO  handler.ContextHandler (ContextHandler.java:doStop(910)) - Stopped o.e.j.s.ServletContextHandler@2d169706{/logs,file:///workdir/hadoop-ozone/integration-test/target/log,UNAVAILABLE}
2019-08-24 12:54:12,275 INFO  ozone.MiniOzoneClusterImpl (MiniOzoneClusterImpl.java:stop(344)) - Shutting the HddsDatanodes
2019-08-24 12:54:12,275 INFO  datanode.ObjectStoreHandler (ObjectStoreHandler.java:close(155)) - Closing ObjectStoreHandler.
2019-08-24 12:54:12,275 INFO  datanode.ObjectStoreHandler (ObjectStoreHandler.java:close(155)) - Closing ObjectStoreHandler.
2019-08-24 12:54:12,276 INFO  ozone.HddsDatanodeService (HddsDatanodeService.java:stop(451)) - Stopped plug-in org.apache.hadoop.ozone.web.OzoneHddsDatanodeService@74052ba5
2019-08-24 12:54:12,276 INFO  ozone.HddsDatanodeService (HddsDatanodeService.java:stop(451)) - Stopped plug-in org.apache.hadoop.ozone.web.OzoneHddsDatanodeService@64457fca
2019-08-24 12:54:12,304 INFO  impl.FollowerState (FollowerState.java:run(106)) - 88606864-d3c7-410e-8604-6d8d21473076:group-8AAA66C8B2F4 changes to CANDIDATE, lastRpcTime:5102, electionTimeout:5102ms
2019-08-24 12:54:12,304 INFO  impl.RoleInfo (RoleInfo.java:shutdownFollowerState(121)) - 88606864-d3c7-410e-8604-6d8d21473076: shutdown FollowerState
2019-08-24 12:54:12,305 INFO  impl.RaftServerImpl (RaftServerImpl.java:setRole(171)) - 88606864-d3c7-410e-8604-6d8d21473076:group-8AAA66C8B2F4 changes role from FOLLOWER to CANDIDATE at term 1 for changeToCandidate
2019-08-24 12:54:12,305 INFO  impl.RoleInfo (RoleInfo.java:updateAndGet(143)) - 88606864-d3c7-410e-8604-6d8d21473076: start LeaderElection
2019-08-24 12:54:12,342 INFO  impl.LeaderElection (LeaderElection.java:askForVotes(181)) - 88606864-d3c7-410e-8604-6d8d21473076:group-8AAA66C8B2F4:LeaderElection15: begin an election at term 2 for 0: [88606864-d3c7-410e-8604-6d8d21473076:192.168.69.124:33113], old=null
2019-08-24 12:54:12,342 INFO  impl.RoleInfo (RoleInfo.java:shutdownLeaderElection(134)) - 88606864-d3c7-410e-8604-6d8d21473076: shutdown LeaderElection
2019-08-24 12:54:12,342 INFO  impl.RaftServerImpl (RaftServerImpl.java:setRole(171)) - 88606864-d3c7-410e-8604-6d8d21473076:group-8AAA66C8B2F4 changes role from CANDIDATE to LEADER at term 2 for changeToLeader
2019-08-24 12:54:12,342 INFO  impl.RaftServerImpl (ServerState.java:setLeader(263)) - 88606864-d3c7-410e-8604-6d8d21473076:group-8AAA66C8B2F4 change Leader from null to 88606864-d3c7-410e-8604-6d8d21473076 at term 2 for becomeLeader, leader elected after 7368ms
2019-08-24 12:54:12,343 INFO  server.RaftServerConfigKeys (ConfUtils.java:logGet(43)) - raft.server.staging.catchup.gap = 1000 (default)
2019-08-24 12:54:12,343 INFO  server.RaftServerConfigKeys (ConfUtils.java:logGet(43)) - raft.server.rpc.sleep.time = 25ms (default)
2019-08-24 12:54:12,343 INFO  server.RaftServerConfigKeys (ConfUtils.java:logGet(43)) - raft.server.write.element-limit = 4096 (default)
2019-08-24 12:54:12,343 INFO  server.RaftServerConfigKeys (ConfUtils.java:logGet(43)) - raft.server.watch.timeout = 10s (default)
2019-08-24 12:54:12,343 INFO  server.RaftServerConfigKeys (ConfUtils.java:logGet(43)) - raft.server.watch.timeout.denomination = 1s (default)
2019-08-24 12:54:12,344 INFO  server.RaftServerConfigKeys (ConfUtils.java:logGet(43)) - raft.server.watch.element-limit = 65536 (default)
2019-08-24 12:54:12,344 INFO  impl.RoleInfo (RoleInfo.java:updateAndGet(143)) - 88606864-d3c7-410e-8604-6d8d21473076: start LeaderState
2019-08-24 12:54:12,345 INFO  segmented.SegmentedRaftLogWorker (SegmentedRaftLogWorker.java:rollLogSegment(385)) - 88606864-d3c7-410e-8604-6d8d21473076-SegmentedRaftLogWorker:Storage Directory /workdir/hadoop-ozone/integration-test/target/test-dir/MiniOzoneClusterImpl-41984b6e-f72b-4a0e-8b27-1606d96635a1/datanode-0/data/ratis/24cbd146-a05b-472f-a4b6-8aaa66c8b2f4: Rolling segment log-0_0 to index:0
2019-08-24 12:54:12,347 INFO  impl.RaftServerImpl (ServerState.java:setRaftConf(361)) - 88606864-d3c7-410e-8604-6d8d21473076:group-8AAA66C8B2F4 set configuration 1: [88606864-d3c7-410e-8604-6d8d21473076:192.168.69.124:33113], old=null at 1
2019-08-24 12:54:12,347 INFO  segmented.SegmentedRaftLogWorker (SegmentedRaftLogWorker.java:execute(526)) - 88606864-d3c7-410e-8604-6d8d21473076-SegmentedRaftLogWorker:Storage Directory /workdir/hadoop-ozone/integration-test/target/test-dir/MiniOzoneClusterImpl-41984b6e-f72b-4a0e-8b27-1606d96635a1/datanode-0/data/ratis/24cbd146-a05b-472f-a4b6-8aaa66c8b2f4: Rolled log segment from /workdir/hadoop-ozone/integration-test/target/test-dir/MiniOzoneClusterImpl-41984b6e-f72b-4a0e-8b27-1606d96635a1/datanode-0/data/ratis/24cbd146-a05b-472f-a4b6-8aaa66c8b2f4/current/log_inprogress_0 to /workdir/hadoop-ozone/integration-test/target/test-dir/MiniOzoneClusterImpl-41984b6e-f72b-4a0e-8b27-1606d96635a1/datanode-0/data/ratis/24cbd146-a05b-472f-a4b6-8aaa66c8b2f4/current/log_0-0
2019-08-24 12:54:12,395 INFO  segmented.SegmentedRaftLogWorker (SegmentedRaftLogWorker.java:execute(569)) - 88606864-d3c7-410e-8604-6d8d21473076-SegmentedRaftLogWorker:Storage Directory /workdir/hadoop-ozone/integration-test/target/test-dir/MiniOzoneClusterImpl-41984b6e-f72b-4a0e-8b27-1606d96635a1/datanode-0/data/ratis/24cbd146-a05b-472f-a4b6-8aaa66c8b2f4: created new log segment /workdir/hadoop-ozone/integration-test/target/test-dir/MiniOzoneClusterImpl-41984b6e-f72b-4a0e-8b27-1606d96635a1/datanode-0/data/ratis/24cbd146-a05b-472f-a4b6-8aaa66c8b2f4/current/log_inprogress_1
2019-08-24 12:54:12,449 INFO  statemachine.DatanodeStateMachine (DatanodeStateMachine.java:lambda$startDaemon$0(350)) - Ozone container server started.
2019-08-24 12:54:12,594 INFO  impl.FollowerState (FollowerState.java:run(106)) - cff0f701-856b-47b5-97eb-c2f7cf466fad:group-F5BCB37DC72A changes to CANDIDATE, lastRpcTime:5123, electionTimeout:5123ms
2019-08-24 12:54:12,594 INFO  impl.RoleInfo (RoleInfo.java:shutdownFollowerState(121)) - cff0f701-856b-47b5-97eb-c2f7cf466fad: shutdown FollowerState
2019-08-24 12:54:12,594 INFO  impl.RaftServerImpl (RaftServerImpl.java:setRole(171)) - cff0f701-856b-47b5-97eb-c2f7cf466fad:group-F5BCB37DC72A changes role from FOLLOWER to CANDIDATE at term 1 for changeToCandidate
2019-08-24 12:54:12,594 INFO  impl.RoleInfo (RoleInfo.java:updateAndGet(143)) - cff0f701-856b-47b5-97eb-c2f7cf466fad: start LeaderElection
2019-08-24 12:54:12,607 INFO  impl.LeaderElection (LeaderElection.java:askForVotes(181)) - cff0f701-856b-47b5-97eb-c2f7cf466fad:group-F5BCB37DC72A:LeaderElection16: begin an election at term 2 for 0: [cff0f701-856b-47b5-97eb-c2f7cf466fad:192.168.69.124:39465], old=null
2019-08-24 12:54:12,607 INFO  impl.RoleInfo (RoleInfo.java:shutdownLeaderElection(134)) - cff0f701-856b-47b5-97eb-c2f7cf466fad: shutdown LeaderElection
2019-08-24 12:54:12,608 INFO  impl.RaftServerImpl (RaftServerImpl.java:setRole(171)) - cff0f701-856b-47b5-97eb-c2f7cf466fad:group-F5BCB37DC72A changes role from CANDIDATE to LEADER at term 2 for changeToLeader
2019-08-24 12:54:12,608 INFO  impl.RaftServerImpl (ServerState.java:setLeader(263)) - cff0f701-856b-47b5-97eb-c2f7cf466fad:group-F5BCB37DC72A change Leader from null to cff0f701-856b-47b5-97eb-c2f7cf466fad at term 2 for becomeLeader, leader elected after 7315ms
2019-08-24 12:54:12,608 INFO  server.RaftServerConfigKeys (ConfUtils.java:logGet(43)) - raft.server.staging.catchup.gap = 1000 (default)
2019-08-24 12:54:12,608 INFO  server.RaftServerConfigKeys (ConfUtils.java:logGet(43)) - raft.server.rpc.sleep.time = 25ms (default)
2019-08-24 12:54:12,608 INFO  server.RaftServerConfigKeys (ConfUtils.java:logGet(43)) - raft.server.write.element-limit = 4096 (default)
2019-08-24 12:54:12,609 INFO  server.RaftServerConfigKeys (ConfUtils.java:logGet(43)) - raft.server.watch.timeout = 10s (default)
2019-08-24 12:54:12,609 INFO  server.RaftServerConfigKeys (ConfUtils.java:logGet(43)) - raft.server.watch.timeout.denomination = 1s (default)
2019-08-24 12:54:12,609 INFO  server.RaftServerConfigKeys (ConfUtils.java:logGet(43)) - raft.server.watch.element-limit = 65536 (default)
2019-08-24 12:54:12,609 INFO  impl.RoleInfo (RoleInfo.java:updateAndGet(143)) - cff0f701-856b-47b5-97eb-c2f7cf466fad: start LeaderState
2019-08-24 12:54:12,610 INFO  segmented.SegmentedRaftLogWorker (SegmentedRaftLogWorker.java:rollLogSegment(385)) - cff0f701-856b-47b5-97eb-c2f7cf466fad-SegmentedRaftLogWorker:Storage Directory /workdir/hadoop-ozone/integration-test/target/test-dir/MiniOzoneClusterImpl-41984b6e-f72b-4a0e-8b27-1606d96635a1/datanode-1/data/ratis/d4492a84-8ee5-434a-8485-f5bcb37dc72a: Rolling segment log-0_0 to index:0
2019-08-24 12:54:12,611 INFO  impl.RaftServerImpl (ServerState.java:setRaftConf(361)) - cff0f701-856b-47b5-97eb-c2f7cf466fad:group-F5BCB37DC72A set configuration 1: [cff0f701-856b-47b5-97eb-c2f7cf466fad:192.168.69.124:39465], old=null at 1
2019-08-24 12:54:12,612 INFO  segmented.SegmentedRaftLogWorker (SegmentedRaftLogWorker.java:execute(526)) - cff0f701-856b-47b5-97eb-c2f7cf466fad-SegmentedRaftLogWorker:Storage Directory /workdir/hadoop-ozone/integration-test/target/test-dir/MiniOzoneClusterImpl-41984b6e-f72b-4a0e-8b27-1606d96635a1/datanode-1/data/ratis/d4492a84-8ee5-434a-8485-f5bcb37dc72a: Rolled log segment from /workdir/hadoop-ozone/integration-test/target/test-dir/MiniOzoneClusterImpl-41984b6e-f72b-4a0e-8b27-1606d96635a1/datanode-1/data/ratis/d4492a84-8ee5-434a-8485-f5bcb37dc72a/current/log_inprogress_0 to /workdir/hadoop-ozone/integration-test/target/test-dir/MiniOzoneClusterImpl-41984b6e-f72b-4a0e-8b27-1606d96635a1/datanode-1/data/ratis/d4492a84-8ee5-434a-8485-f5bcb37dc72a/current/log_0-0
2019-08-24 12:54:12,660 INFO  segmented.SegmentedRaftLogWorker (SegmentedRaftLogWorker.java:execute(569)) - cff0f701-856b-47b5-97eb-c2f7cf466fad-SegmentedRaftLogWorker:Storage Directory /workdir/hadoop-ozone/integration-test/target/test-dir/MiniOzoneClusterImpl-41984b6e-f72b-4a0e-8b27-1606d96635a1/datanode-1/data/ratis/d4492a84-8ee5-434a-8485-f5bcb37dc72a: created new log segment /workdir/hadoop-ozone/integration-test/target/test-dir/MiniOzoneClusterImpl-41984b6e-f72b-4a0e-8b27-1606d96635a1/datanode-1/data/ratis/d4492a84-8ee5-434a-8485-f5bcb37dc72a/current/log_inprogress_1
2019-08-24 12:54:12,759 INFO  impl.RaftServerProxy (RaftServerProxy.java:addNew(89)) - 144ca2c3-c864-4a6d-85bb-c117ab4d9edf: addNew group-EDDCC7AAB753:[144ca2c3-c864-4a6d-85bb-c117ab4d9edf:192.168.69.124:36478] returns group-EDDCC7AAB753:java.util.concurrent.CompletableFuture@49802228[Not completed]
2019-08-24 12:54:12,760 INFO  impl.RaftServerImpl (RaftServerImpl.java:<init>(93)) - 144ca2c3-c864-4a6d-85bb-c117ab4d9edf: new RaftServerImpl for group-EDDCC7AAB753:[144ca2c3-c864-4a6d-85bb-c117ab4d9edf:192.168.69.124:36478] with ContainerStateMachine:uninitialized
2019-08-24 12:54:12,761 INFO  server.RaftServerConfigKeys (ConfUtils.java:logGet(43)) - raft.server.rpc.timeout.min = 5s (custom)
2019-08-24 12:54:12,761 INFO  server.RaftServerConfigKeys (ConfUtils.java:logGet(43)) - raft.server.rpc.timeout.max = 5200ms (custom)
2019-08-24 12:54:12,761 INFO  server.RaftServerConfigKeys (ConfUtils.java:logGet(43)) - raft.server.rpcslowness.timeout = 120s (custom)
2019-08-24 12:54:12,761 INFO  server.RaftServerConfigKeys (ConfUtils.java:logGet(43)) - raft.server.sleep.deviation.threshold = 300 (default)
2019-08-24 12:54:12,761 INFO  server.RaftServerConfigKeys (ConfUtils.java:logGet(43)) - raft.server.log.appender.install.snapshot.enabled = false (custom)
2019-08-24 12:54:12,761 INFO  impl.RaftServerImpl (ServerState.java:<init>(105)) - 144ca2c3-c864-4a6d-85bb-c117ab4d9edf:group-EDDCC7AAB753 ConfigurationManager, init=-1: [144ca2c3-c864-4a6d-85bb-c117ab4d9edf:192.168.69.124:36478], old=null, confs=<EMPTY_MAP>
2019-08-24 12:54:12,762 INFO  server.RaftServerConfigKeys (ConfUtils.java:logGet(43)) - raft.server.storage.dir = [/workdir/hadoop-ozone/integration-test/target/test-dir/MiniOzoneClusterImpl-41984b6e-f72b-4a0e-8b27-1606d96635a1/datanode-2/data/ratis] (custom)
2019-08-24 12:54:12,762 INFO  storage.RaftStorageDirectory (RaftStorageDirectory.java:analyzeStorage(246)) - The storage directory /workdir/hadoop-ozone/integration-test/target/test-dir/MiniOzoneClusterImpl-41984b6e-f72b-4a0e-8b27-1606d96635a1/datanode-2/data/ratis/9b766e92-de9f-4247-9ff5-eddcc7aab753 does not exist. Creating ...
2019-08-24 12:54:12,775 INFO  storage.RaftStorageDirectory (RaftStorageDirectory.java:tryLock(328)) - Lock on /workdir/hadoop-ozone/integration-test/target/test-dir/MiniOzoneClusterImpl-41984b6e-f72b-4a0e-8b27-1606d96635a1/datanode-2/data/ratis/9b766e92-de9f-4247-9ff5-eddcc7aab753/in_use.lock acquired by nodename 8922@pr-hdds-2029-g5rx4-259851958
2019-08-24 12:54:12,788 INFO  storage.RaftStorage (RaftStorage.java:format(72)) - Storage directory /workdir/hadoop-ozone/integration-test/target/test-dir/MiniOzoneClusterImpl-41984b6e-f72b-4a0e-8b27-1606d96635a1/datanode-2/data/ratis/9b766e92-de9f-4247-9ff5-eddcc7aab753 has been successfully formatted.
2019-08-24 12:54:12,789 INFO  ratis.ContainerStateMachine (ContainerStateMachine.java:loadSnapshot(213)) - group-EDDCC7AAB753: The snapshot info is null. Setting the last applied indexto:(t:0, i:~)
2019-08-24 12:54:12,789 INFO  server.RaftServerConfigKeys (ConfUtils.java:logGet(43)) - raft.server.leader.election.timeout = 120s (custom)
2019-08-24 12:54:12,789 INFO  server.RaftServerConfigKeys (ConfUtils.java:logGet(43)) - raft.server.log.use.memory = false (default)
2019-08-24 12:54:12,789 INFO  server.RaftServerConfigKeys (ConfUtils.java:logGet(43)) - raft.server.log.purge.gap = 1000000000 (custom)
2019-08-24 12:54:12,789 INFO  server.RaftServerConfigKeys (ConfUtils.java:logGet(43)) - raft.server.log.appender.buffer.byte-limit = 33554432 (custom)
2019-08-24 12:54:12,790 INFO  server.RaftServerConfigKeys (ConfUtils.java:logGet(43)) - raft.server.log.segment.size.max = 1048576 (custom)
2019-08-24 12:54:12,790 INFO  server.RaftServerConfigKeys (ConfUtils.java:logGet(43)) - raft.server.log.segment.cache.num.max = 2 (custom)
2019-08-24 12:54:12,790 INFO  segmented.SegmentedRaftLogWorker (SegmentedRaftLogWorker.java:<init>(172)) - new 144ca2c3-c864-4a6d-85bb-c117ab4d9edf-SegmentedRaftLogWorker:Storage Directory /workdir/hadoop-ozone/integration-test/target/test-dir/MiniOzoneClusterImpl-41984b6e-f72b-4a0e-8b27-1606d96635a1/datanode-2/data/ratis/9b766e92-de9f-4247-9ff5-eddcc7aab753 for RaftStorage:Storage Directory /workdir/hadoop-ozone/integration-test/target/test-dir/MiniOzoneClusterImpl-41984b6e-f72b-4a0e-8b27-1606d96635a1/datanode-2/data/ratis/9b766e92-de9f-4247-9ff5-eddcc7aab753
2019-08-24 12:54:12,790 INFO  server.RaftServerConfigKeys (ConfUtils.java:logGet(43)) - raft.server.log.queue.byte-limit = 2147483647 (custom)
2019-08-24 12:54:12,790 INFO  server.RaftServerConfigKeys (ConfUtils.java:logGet(43)) - raft.server.log.queue.element-limit = 1024 (custom)
2019-08-24 12:54:12,790 INFO  server.RaftServerConfigKeys (ConfUtils.java:logGet(43)) - raft.server.log.segment.size.max = 1048576 (custom)
2019-08-24 12:54:12,791 INFO  server.RaftServerConfigKeys (ConfUtils.java:logGet(43)) - raft.server.log.preallocated.size = 16384 (custom)
2019-08-24 12:54:12,791 INFO  server.RaftServerConfigKeys (ConfUtils.java:logGet(43)) - raft.server.log.write.buffer.size = 33554432 (custom)
2019-08-24 12:54:12,791 INFO  server.RaftServerConfigKeys (ConfUtils.java:logGet(43)) - raft.server.log.force.sync.num = 128 (default)
2019-08-24 12:54:12,791 INFO  server.RaftServerConfigKeys (ConfUtils.java:logGet(43)) - raft.server.log.statemachine.data.sync = true (default)
2019-08-24 12:54:12,791 INFO  server.RaftServerConfigKeys (ConfUtils.java:logGet(43)) - raft.server.log.statemachine.data.sync.timeout = 10s (default)
2019-08-24 12:54:12,791 INFO  server.RaftServerConfigKeys (ConfUtils.java:logGet(43)) - raft.server.log.statemachine.data.sync.timeout.retry = -1 (default)
2019-08-24 12:54:12,792 INFO  server.RaftServerConfigKeys (ConfUtils.java:logGet(43)) - raft.server.log.statemachine.data.caching.enabled = true (custom)
2019-08-24 12:54:12,792 INFO  segmented.SegmentedRaftLogWorker (SegmentedRaftLogWorker.java:lambda$new$0(132)) - 144ca2c3-c864-4a6d-85bb-c117ab4d9edf-SegmentedRaftLogWorker:Storage Directory /workdir/hadoop-ozone/integration-test/target/test-dir/MiniOzoneClusterImpl-41984b6e-f72b-4a0e-8b27-1606d96635a1/datanode-2/data/ratis/9b766e92-de9f-4247-9ff5-eddcc7aab753: flushIndex: setUnconditionally 0 -> -1
2019-08-24 12:54:12,792 INFO  server.RaftServerConfigKeys (ConfUtils.java:logGet(43)) - raft.server.snapshot.auto.trigger.enabled = true (custom)
2019-08-24 12:54:12,793 INFO  server.RaftServerConfigKeys (ConfUtils.java:logGet(43)) - raft.server.snapshot.auto.trigger.threshold = 10000 (custom)
2019-08-24 12:54:12,793 INFO  server.RaftServerConfigKeys (ConfUtils.java:logGet(43)) - raft.server.retrycache.expirytime = 600000ms (custom)
2019-08-24 12:54:12,793 INFO  impl.RaftServerImpl (RaftServerImpl.java:start(180)) - 144ca2c3-c864-4a6d-85bb-c117ab4d9edf: start group-EDDCC7AAB753
2019-08-24 12:54:12,793 INFO  impl.RaftServerImpl (RaftServerImpl.java:setRole(171)) - 144ca2c3-c864-4a6d-85bb-c117ab4d9edf:group-EDDCC7AAB753 changes role from null to FOLLOWER at term 0 for startAsFollower
2019-08-24 12:54:12,793 INFO  impl.RoleInfo (RoleInfo.java:updateAndGet(143)) - 144ca2c3-c864-4a6d-85bb-c117ab4d9edf: start FollowerState
2019-08-24 12:54:12,794 INFO  util.JmxRegister (JmxRegister.java:tryRegister(44)) - Successfully registered JMX Bean with object name Ratis:service=RaftServer,group=group-EDDCC7AAB753,id=144ca2c3-c864-4a6d-85bb-c117ab4d9edf
2019-08-24 12:54:12,800 INFO  pipeline.PipelineStateManager (PipelineStateManager.java:addPipeline(56)) - Created pipeline Pipeline[ Id: 9b766e92-de9f-4247-9ff5-eddcc7aab753, Nodes: 144ca2c3-c864-4a6d-85bb-c117ab4d9edf{ip: 192.168.69.124, host: pr-hdds-2029-g5rx4-259851958, networkLocation: /default-rack, certSerialId: null}, Type:RATIS, Factor:ONE, State:OPEN]
2019-08-24 12:54:12,813 INFO  impl.RaftServerProxy (RaftServerProxy.java:addNew(89)) - 88606864-d3c7-410e-8604-6d8d21473076: addNew group-D37511F228E9:[cff0f701-856b-47b5-97eb-c2f7cf466fad:192.168.69.124:39465, 144ca2c3-c864-4a6d-85bb-c117ab4d9edf:192.168.69.124:36478, 88606864-d3c7-410e-8604-6d8d21473076:192.168.69.124:33113] returns group-D37511F228E9:java.util.concurrent.CompletableFuture@1858ba1d[Not completed]
2019-08-24 12:54:12,813 INFO  impl.RaftServerProxy (RaftServerProxy.java:addNew(89)) - cff0f701-856b-47b5-97eb-c2f7cf466fad: addNew group-D37511F228E9:[cff0f701-856b-47b5-97eb-c2f7cf466fad:192.168.69.124:39465, 144ca2c3-c864-4a6d-85bb-c117ab4d9edf:192.168.69.124:36478, 88606864-d3c7-410e-8604-6d8d21473076:192.168.69.124:33113] returns group-D37511F228E9:java.util.concurrent.CompletableFuture@36140ed0[Not completed]
2019-08-24 12:54:12,813 INFO  impl.RaftServerProxy (RaftServerProxy.java:addNew(89)) - 144ca2c3-c864-4a6d-85bb-c117ab4d9edf: addNew group-D37511F228E9:[cff0f701-856b-47b5-97eb-c2f7cf466fad:192.168.69.124:39465, 144ca2c3-c864-4a6d-85bb-c117ab4d9edf:192.168.69.124:36478, 88606864-d3c7-410e-8604-6d8d21473076:192.168.69.124:33113] returns group-D37511F228E9:java.util.concurrent.CompletableFuture@2b531306[Not completed]
2019-08-24 12:54:12,815 INFO  impl.RaftServerImpl (RaftServerImpl.java:<init>(93)) - cff0f701-856b-47b5-97eb-c2f7cf466fad: new RaftServerImpl for group-D37511F228E9:[cff0f701-856b-47b5-97eb-c2f7cf466fad:192.168.69.124:39465, 144ca2c3-c864-4a6d-85bb-c117ab4d9edf:192.168.69.124:36478, 88606864-d3c7-410e-8604-6d8d21473076:192.168.69.124:33113] with ContainerStateMachine:uninitialized
2019-08-24 12:54:12,815 INFO  server.RaftServerConfigKeys (ConfUtils.java:logGet(43)) - raft.server.rpc.timeout.min = 5s (custom)
2019-08-24 12:54:12,815 INFO  server.RaftServerConfigKeys (ConfUtils.java:logGet(43)) - raft.server.rpc.timeout.max = 5200ms (custom)
2019-08-24 12:54:12,815 INFO  server.RaftServerConfigKeys (ConfUtils.java:logGet(43)) - raft.server.rpcslowness.timeout = 120s (custom)
2019-08-24 12:54:12,815 INFO  server.RaftServerConfigKeys (ConfUtils.java:logGet(43)) - raft.server.sleep.deviation.threshold = 300 (default)
2019-08-24 12:54:12,816 INFO  server.RaftServerConfigKeys (ConfUtils.java:logGet(43)) - raft.server.log.appender.install.snapshot.enabled = false (custom)
2019-08-24 12:54:12,816 INFO  impl.RaftServerImpl (ServerState.java:<init>(105)) - cff0f701-856b-47b5-97eb-c2f7cf466fad:group-D37511F228E9 ConfigurationManager, init=-1: [cff0f701-856b-47b5-97eb-c2f7cf466fad:192.168.69.124:39465, 144ca2c3-c864-4a6d-85bb-c117ab4d9edf:192.168.69.124:36478, 88606864-d3c7-410e-8604-6d8d21473076:192.168.69.124:33113], old=null, confs=<EMPTY_MAP>
2019-08-24 12:54:12,816 INFO  server.RaftServerConfigKeys (ConfUtils.java:logGet(43)) - raft.server.storage.dir = [/workdir/hadoop-ozone/integration-test/target/test-dir/MiniOzoneClusterImpl-41984b6e-f72b-4a0e-8b27-1606d96635a1/datanode-1/data/ratis] (custom)
2019-08-24 12:54:12,817 INFO  storage.RaftStorageDirectory (RaftStorageDirectory.java:analyzeStorage(246)) - The storage directory /workdir/hadoop-ozone/integration-test/target/test-dir/MiniOzoneClusterImpl-41984b6e-f72b-4a0e-8b27-1606d96635a1/datanode-1/data/ratis/f7ad8608-ad07-404c-8178-d37511f228e9 does not exist. Creating ...
2019-08-24 12:54:12,817 INFO  impl.RaftServerImpl (RaftServerImpl.java:<init>(93)) - 88606864-d3c7-410e-8604-6d8d21473076: new RaftServerImpl for group-D37511F228E9:[cff0f701-856b-47b5-97eb-c2f7cf466fad:192.168.69.124:39465, 144ca2c3-c864-4a6d-85bb-c117ab4d9edf:192.168.69.124:36478, 88606864-d3c7-410e-8604-6d8d21473076:192.168.69.124:33113] with ContainerStateMachine:uninitialized
2019-08-24 12:54:12,817 INFO  impl.RaftServerImpl (RaftServerImpl.java:<init>(93)) - 144ca2c3-c864-4a6d-85bb-c117ab4d9edf: new RaftServerImpl for group-D37511F228E9:[cff0f701-856b-47b5-97eb-c2f7cf466fad:192.168.69.124:39465, 144ca2c3-c864-4a6d-85bb-c117ab4d9edf:192.168.69.124:36478, 88606864-d3c7-410e-8604-6d8d21473076:192.168.69.124:33113] with ContainerStateMachine:uninitialized
2019-08-24 12:54:12,817 INFO  server.RaftServerConfigKeys (ConfUtils.java:logGet(43)) - raft.server.rpc.timeout.min = 5s (custom)
2019-08-24 12:54:12,817 INFO  server.RaftServerConfigKeys (ConfUtils.java:logGet(43)) - raft.server.rpc.timeout.min = 5s (custom)
2019-08-24 12:54:12,817 INFO  server.RaftServerConfigKeys (ConfUtils.java:logGet(43)) - raft.server.rpc.timeout.max = 5200ms (custom)
2019-08-24 12:54:12,818 INFO  server.RaftServerConfigKeys (ConfUtils.java:logGet(43)) - raft.server.rpc.timeout.max = 5200ms (custom)
2019-08-24 12:54:12,818 INFO  server.RaftServerConfigKeys (ConfUtils.java:logGet(43)) - raft.server.rpcslowness.timeout = 120s (custom)
2019-08-24 12:54:12,818 INFO  server.RaftServerConfigKeys (ConfUtils.java:logGet(43)) - raft.server.rpcslowness.timeout = 120s (custom)
2019-08-24 12:54:12,818 INFO  server.RaftServerConfigKeys (ConfUtils.java:logGet(43)) - raft.server.sleep.deviation.threshold = 300 (default)
2019-08-24 12:54:12,818 INFO  server.RaftServerConfigKeys (ConfUtils.java:logGet(43)) - raft.server.sleep.deviation.threshold = 300 (default)
2019-08-24 12:54:12,819 INFO  server.RaftServerConfigKeys (ConfUtils.java:logGet(43)) - raft.server.log.appender.install.snapshot.enabled = false (custom)
2019-08-24 12:54:12,819 INFO  server.RaftServerConfigKeys (ConfUtils.java:logGet(43)) - raft.server.log.appender.install.snapshot.enabled = false (custom)
2019-08-24 12:54:12,819 INFO  impl.RaftServerImpl (ServerState.java:<init>(105)) - 88606864-d3c7-410e-8604-6d8d21473076:group-D37511F228E9 ConfigurationManager, init=-1: [cff0f701-856b-47b5-97eb-c2f7cf466fad:192.168.69.124:39465, 144ca2c3-c864-4a6d-85bb-c117ab4d9edf:192.168.69.124:36478, 88606864-d3c7-410e-8604-6d8d21473076:192.168.69.124:33113], old=null, confs=<EMPTY_MAP>
2019-08-24 12:54:12,819 INFO  impl.RaftServerImpl (ServerState.java:<init>(105)) - 144ca2c3-c864-4a6d-85bb-c117ab4d9edf:group-D37511F228E9 ConfigurationManager, init=-1: [cff0f701-856b-47b5-97eb-c2f7cf466fad:192.168.69.124:39465, 144ca2c3-c864-4a6d-85bb-c117ab4d9edf:192.168.69.124:36478, 88606864-d3c7-410e-8604-6d8d21473076:192.168.69.124:33113], old=null, confs=<EMPTY_MAP>
2019-08-24 12:54:12,819 INFO  server.RaftServerConfigKeys (ConfUtils.java:logGet(43)) - raft.server.storage.dir = [/workdir/hadoop-ozone/integration-test/target/test-dir/MiniOzoneClusterImpl-41984b6e-f72b-4a0e-8b27-1606d96635a1/datanode-0/data/ratis] (custom)
2019-08-24 12:54:12,819 INFO  server.RaftServerConfigKeys (ConfUtils.java:logGet(43)) - raft.server.storage.dir = [/workdir/hadoop-ozone/integration-test/target/test-dir/MiniOzoneClusterImpl-41984b6e-f72b-4a0e-8b27-1606d96635a1/datanode-2/data/ratis] (custom)
2019-08-24 12:54:12,820 INFO  storage.RaftStorageDirectory (RaftStorageDirectory.java:analyzeStorage(246)) - The storage directory /workdir/hadoop-ozone/integration-test/target/test-dir/MiniOzoneClusterImpl-41984b6e-f72b-4a0e-8b27-1606d96635a1/datanode-2/data/ratis/f7ad8608-ad07-404c-8178-d37511f228e9 does not exist. Creating ...
2019-08-24 12:54:12,820 INFO  storage.RaftStorageDirectory (RaftStorageDirectory.java:analyzeStorage(246)) - The storage directory /workdir/hadoop-ozone/integration-test/target/test-dir/MiniOzoneClusterImpl-41984b6e-f72b-4a0e-8b27-1606d96635a1/datanode-0/data/ratis/f7ad8608-ad07-404c-8178-d37511f228e9 does not exist. Creating ...
2019-08-24 12:54:12,842 INFO  storage.RaftStorageDirectory (RaftStorageDirectory.java:tryLock(328)) - Lock on /workdir/hadoop-ozone/integration-test/target/test-dir/MiniOzoneClusterImpl-41984b6e-f72b-4a0e-8b27-1606d96635a1/datanode-1/data/ratis/f7ad8608-ad07-404c-8178-d37511f228e9/in_use.lock acquired by nodename 8922@pr-hdds-2029-g5rx4-259851958
2019-08-24 12:54:12,842 INFO  storage.RaftStorageDirectory (RaftStorageDirectory.java:tryLock(328)) - Lock on /workdir/hadoop-ozone/integration-test/target/test-dir/MiniOzoneClusterImpl-41984b6e-f72b-4a0e-8b27-1606d96635a1/datanode-0/data/ratis/f7ad8608-ad07-404c-8178-d37511f228e9/in_use.lock acquired by nodename 8922@pr-hdds-2029-g5rx4-259851958
2019-08-24 12:54:12,842 INFO  storage.RaftStorageDirectory (RaftStorageDirectory.java:tryLock(328)) - Lock on /workdir/hadoop-ozone/integration-test/target/test-dir/MiniOzoneClusterImpl-41984b6e-f72b-4a0e-8b27-1606d96635a1/datanode-2/data/ratis/f7ad8608-ad07-404c-8178-d37511f228e9/in_use.lock acquired by nodename 8922@pr-hdds-2029-g5rx4-259851958
2019-08-24 12:54:12,861 INFO  storage.RaftStorage (RaftStorage.java:format(72)) - Storage directory /workdir/hadoop-ozone/integration-test/target/test-dir/MiniOzoneClusterImpl-41984b6e-f72b-4a0e-8b27-1606d96635a1/datanode-0/data/ratis/f7ad8608-ad07-404c-8178-d37511f228e9 has been successfully formatted.
2019-08-24 12:54:12,861 INFO  storage.RaftStorage (RaftStorage.java:format(72)) - Storage directory /workdir/hadoop-ozone/integration-test/target/test-dir/MiniOzoneClusterImpl-41984b6e-f72b-4a0e-8b27-1606d96635a1/datanode-2/data/ratis/f7ad8608-ad07-404c-8178-d37511f228e9 has been successfully formatted.
2019-08-24 12:54:12,861 INFO  ratis.ContainerStateMachine (ContainerStateMachine.java:loadSnapshot(213)) - group-D37511F228E9: The snapshot info is null. Setting the last applied indexto:(t:0, i:~)
2019-08-24 12:54:12,861 INFO  storage.RaftStorage (RaftStorage.java:format(72)) - Storage directory /workdir/hadoop-ozone/integration-test/target/test-dir/MiniOzoneClusterImpl-41984b6e-f72b-4a0e-8b27-1606d96635a1/datanode-1/data/ratis/f7ad8608-ad07-404c-8178-d37511f228e9 has been successfully formatted.
2019-08-24 12:54:12,861 INFO  ratis.ContainerStateMachine (ContainerStateMachine.java:loadSnapshot(213)) - group-D37511F228E9: The snapshot info is null. Setting the last applied indexto:(t:0, i:~)
2019-08-24 12:54:12,861 INFO  server.RaftServerConfigKeys (ConfUtils.java:logGet(43)) - raft.server.leader.election.timeout = 120s (custom)
2019-08-24 12:54:12,862 INFO  server.RaftServerConfigKeys (ConfUtils.java:logGet(43)) - raft.server.leader.election.timeout = 120s (custom)
2019-08-24 12:54:12,862 INFO  ratis.ContainerStateMachine (ContainerStateMachine.java:loadSnapshot(213)) - group-D37511F228E9: The snapshot info is null. Setting the last applied indexto:(t:0, i:~)
2019-08-24 12:54:12,862 INFO  server.RaftServerConfigKeys (ConfUtils.java:logGet(43)) - raft.server.log.use.memory = false (default)
2019-08-24 12:54:12,862 INFO  server.RaftServerConfigKeys (ConfUtils.java:logGet(43)) - raft.server.log.use.memory = false (default)
2019-08-24 12:54:12,862 INFO  server.RaftServerConfigKeys (ConfUtils.java:logGet(43)) - raft.server.log.purge.gap = 1000000000 (custom)
2019-08-24 12:54:12,862 INFO  server.RaftServerConfigKeys (ConfUtils.java:logGet(43)) - raft.server.leader.election.timeout = 120s (custom)
2019-08-24 12:54:12,863 INFO  server.RaftServerConfigKeys (ConfUtils.java:logGet(43)) - raft.server.log.appender.buffer.byte-limit = 33554432 (custom)
2019-08-24 12:54:12,862 INFO  server.RaftServerConfigKeys (ConfUtils.java:logGet(43)) - raft.server.log.purge.gap = 1000000000 (custom)
2019-08-24 12:54:12,863 INFO  server.RaftServerConfigKeys (ConfUtils.java:logGet(43)) - raft.server.log.segment.size.max = 1048576 (custom)
2019-08-24 12:54:12,863 INFO  server.RaftServerConfigKeys (ConfUtils.java:logGet(43)) - raft.server.log.use.memory = false (default)
2019-08-24 12:54:12,863 INFO  server.RaftServerConfigKeys (ConfUtils.java:logGet(43)) - raft.server.log.segment.cache.num.max = 2 (custom)
2019-08-24 12:54:12,863 INFO  server.RaftServerConfigKeys (ConfUtils.java:logGet(43)) - raft.server.log.appender.buffer.byte-limit = 33554432 (custom)
2019-08-24 12:54:12,864 INFO  segmented.SegmentedRaftLogWorker (SegmentedRaftLogWorker.java:<init>(172)) - new 144ca2c3-c864-4a6d-85bb-c117ab4d9edf-SegmentedRaftLogWorker:Storage Directory /workdir/hadoop-ozone/integration-test/target/test-dir/MiniOzoneClusterImpl-41984b6e-f72b-4a0e-8b27-1606d96635a1/datanode-2/data/ratis/f7ad8608-ad07-404c-8178-d37511f228e9 for RaftStorage:Storage Directory /workdir/hadoop-ozone/integration-test/target/test-dir/MiniOzoneClusterImpl-41984b6e-f72b-4a0e-8b27-1606d96635a1/datanode-2/data/ratis/f7ad8608-ad07-404c-8178-d37511f228e9
2019-08-24 12:54:12,863 INFO  server.RaftServerConfigKeys (ConfUtils.java:logGet(43)) - raft.server.log.purge.gap = 1000000000 (custom)
2019-08-24 12:54:12,864 INFO  server.RaftServerConfigKeys (ConfUtils.java:logGet(43)) - raft.server.log.queue.byte-limit = 2147483647 (custom)
2019-08-24 12:54:12,864 INFO  server.RaftServerConfigKeys (ConfUtils.java:logGet(43)) - raft.server.log.segment.size.max = 1048576 (custom)
2019-08-24 12:54:12,864 INFO  server.RaftServerConfigKeys (ConfUtils.java:logGet(43)) - raft.server.log.queue.element-limit = 1024 (custom)
2019-08-24 12:54:12,864 INFO  server.RaftServerConfigKeys (ConfUtils.java:logGet(43)) - raft.server.log.appender.buffer.byte-limit = 33554432 (custom)
2019-08-24 12:54:12,865 INFO  server.RaftServerConfigKeys (ConfUtils.java:logGet(43)) - raft.server.log.segment.size.max = 1048576 (custom)
2019-08-24 12:54:12,865 INFO  server.RaftServerConfigKeys (ConfUtils.java:logGet(43)) - raft.server.log.segment.cache.num.max = 2 (custom)
2019-08-24 12:54:12,865 INFO  server.RaftServerConfigKeys (ConfUtils.java:logGet(43)) - raft.server.log.preallocated.size = 16384 (custom)
2019-08-24 12:54:12,865 INFO  server.RaftServerConfigKeys (ConfUtils.java:logGet(43)) - raft.server.log.segment.size.max = 1048576 (custom)
2019-08-24 12:54:12,865 INFO  server.RaftServerConfigKeys (ConfUtils.java:logGet(43)) - raft.server.log.write.buffer.size = 33554432 (custom)
2019-08-24 12:54:12,865 INFO  segmented.SegmentedRaftLogWorker (SegmentedRaftLogWorker.java:<init>(172)) - new 88606864-d3c7-410e-8604-6d8d21473076-SegmentedRaftLogWorker:Storage Directory /workdir/hadoop-ozone/integration-test/target/test-dir/MiniOzoneClusterImpl-41984b6e-f72b-4a0e-8b27-1606d96635a1/datanode-0/data/ratis/f7ad8608-ad07-404c-8178-d37511f228e9 for RaftStorage:Storage Directory /workdir/hadoop-ozone/integration-test/target/test-dir/MiniOzoneClusterImpl-41984b6e-f72b-4a0e-8b27-1606d96635a1/datanode-0/data/ratis/f7ad8608-ad07-404c-8178-d37511f228e9
2019-08-24 12:54:12,866 INFO  server.RaftServerConfigKeys (ConfUtils.java:logGet(43)) - raft.server.log.force.sync.num = 128 (default)
2019-08-24 12:54:12,865 INFO  server.RaftServerConfigKeys (ConfUtils.java:logGet(43)) - raft.server.log.segment.cache.num.max = 2 (custom)
2019-08-24 12:54:12,866 INFO  server.RaftServerConfigKeys (ConfUtils.java:logGet(43)) - raft.server.log.statemachine.data.sync = true (default)
2019-08-24 12:54:12,866 INFO  server.RaftServerConfigKeys (ConfUtils.java:logGet(43)) - raft.server.log.queue.byte-limit = 2147483647 (custom)
2019-08-24 12:54:12,866 INFO  server.RaftServerConfigKeys (ConfUtils.java:logGet(43)) - raft.server.log.statemachine.data.sync.timeout = 10s (default)
2019-08-24 12:54:12,866 INFO  segmented.SegmentedRaftLogWorker (SegmentedRaftLogWorker.java:<init>(172)) - new cff0f701-856b-47b5-97eb-c2f7cf466fad-SegmentedRaftLogWorker:Storage Directory /workdir/hadoop-ozone/integration-test/target/test-dir/MiniOzoneClusterImpl-41984b6e-f72b-4a0e-8b27-1606d96635a1/datanode-1/data/ratis/f7ad8608-ad07-404c-8178-d37511f228e9 for RaftStorage:Storage Directory /workdir/hadoop-ozone/integration-test/target/test-dir/MiniOzoneClusterImpl-41984b6e-f72b-4a0e-8b27-1606d96635a1/datanode-1/data/ratis/f7ad8608-ad07-404c-8178-d37511f228e9
2019-08-24 12:54:12,867 INFO  server.RaftServerConfigKeys (ConfUtils.java:logGet(43)) - raft.server.log.statemachine.data.sync.timeout.retry = -1 (default)
2019-08-24 12:54:12,866 INFO  server.RaftServerConfigKeys (ConfUtils.java:logGet(43)) - raft.server.log.queue.element-limit = 1024 (custom)
2019-08-24 12:54:12,867 INFO  server.RaftServerConfigKeys (ConfUtils.java:logGet(43)) - raft.server.log.statemachine.data.caching.enabled = true (custom)
2019-08-24 12:54:12,867 INFO  server.RaftServerConfigKeys (ConfUtils.java:logGet(43)) - raft.server.log.queue.byte-limit = 2147483647 (custom)
2019-08-24 12:54:12,867 INFO  server.RaftServerConfigKeys (ConfUtils.java:logGet(43)) - raft.server.log.segment.size.max = 1048576 (custom)
2019-08-24 12:54:12,867 INFO  segmented.SegmentedRaftLogWorker (SegmentedRaftLogWorker.java:lambda$new$0(132)) - 144ca2c3-c864-4a6d-85bb-c117ab4d9edf-SegmentedRaftLogWorker:Storage Directory /workdir/hadoop-ozone/integration-test/target/test-dir/MiniOzoneClusterImpl-41984b6e-f72b-4a0e-8b27-1606d96635a1/datanode-2/data/ratis/f7ad8608-ad07-404c-8178-d37511f228e9: flushIndex: setUnconditionally 0 -> -1
2019-08-24 12:54:12,867 INFO  server.RaftServerConfigKeys (ConfUtils.java:logGet(43)) - raft.server.log.queue.element-limit = 1024 (custom)
2019-08-24 12:54:12,868 INFO  server.RaftServerConfigKeys (ConfUtils.java:logGet(43)) - raft.server.log.preallocated.size = 16384 (custom)
2019-08-24 12:54:12,868 INFO  server.RaftServerConfigKeys (ConfUtils.java:logGet(43)) - raft.server.snapshot.auto.trigger.enabled = true (custom)
2019-08-24 12:54:12,868 INFO  server.RaftServerConfigKeys (ConfUtils.java:logGet(43)) - raft.server.log.segment.size.max = 1048576 (custom)
2019-08-24 12:54:12,868 INFO  server.RaftServerConfigKeys (ConfUtils.java:logGet(43)) - raft.server.snapshot.auto.trigger.threshold = 10000 (custom)
2019-08-24 12:54:12,868 INFO  server.RaftServerConfigKeys (ConfUtils.java:logGet(43)) - raft.server.log.write.buffer.size = 33554432 (custom)
2019-08-24 12:54:12,869 INFO  server.RaftServerConfigKeys (ConfUtils.java:logGet(43)) - raft.server.retrycache.expirytime = 600000ms (custom)
2019-08-24 12:54:12,868 INFO  server.RaftServerConfigKeys (ConfUtils.java:logGet(43)) - raft.server.log.preallocated.size = 16384 (custom)
2019-08-24 12:54:12,869 INFO  impl.RaftServerImpl (RaftServerImpl.java:start(180)) - 144ca2c3-c864-4a6d-85bb-c117ab4d9edf: start group-D37511F228E9
2019-08-24 12:54:12,869 INFO  impl.RaftServerImpl (RaftServerImpl.java:setRole(171)) - 144ca2c3-c864-4a6d-85bb-c117ab4d9edf:group-D37511F228E9 changes role from null to FOLLOWER at term 0 for startAsFollower
2019-08-24 12:54:12,869 INFO  server.RaftServerConfigKeys (ConfUtils.java:logGet(43)) - raft.server.log.force.sync.num = 128 (default)
2019-08-24 12:54:12,869 INFO  impl.RoleInfo (RoleInfo.java:updateAndGet(143)) - 144ca2c3-c864-4a6d-85bb-c117ab4d9edf: start FollowerState
2019-08-24 12:54:12,869 INFO  server.RaftServerConfigKeys (ConfUtils.java:logGet(43)) - raft.server.log.write.buffer.size = 33554432 (custom)
2019-08-24 12:54:12,870 INFO  server.RaftServerConfigKeys (ConfUtils.java:logGet(43)) - raft.server.log.statemachine.data.sync = true (default)
2019-08-24 12:54:12,870 INFO  server.RaftServerConfigKeys (ConfUtils.java:logGet(43)) - raft.server.log.force.sync.num = 128 (default)
2019-08-24 12:54:12,870 INFO  server.RaftServerConfigKeys (ConfUtils.java:logGet(43)) - raft.server.log.statemachine.data.sync.timeout = 10s (default)
2019-08-24 12:54:12,870 INFO  util.JmxRegister (JmxRegister.java:tryRegister(44)) - Successfully registered JMX Bean with object name Ratis:service=RaftServer,group=group-D37511F228E9,id=144ca2c3-c864-4a6d-85bb-c117ab4d9edf
2019-08-24 12:54:12,870 INFO  server.RaftServerConfigKeys (ConfUtils.java:logGet(43)) - raft.server.log.statemachine.data.sync.timeout.retry = -1 (default)
2019-08-24 12:54:12,870 INFO  server.RaftServerConfigKeys (ConfUtils.java:logGet(43)) - raft.server.log.statemachine.data.sync = true (default)
2019-08-24 12:54:12,871 INFO  server.RaftServerConfigKeys (ConfUtils.java:logGet(43)) - raft.server.log.statemachine.data.caching.enabled = true (custom)
2019-08-24 12:54:12,871 INFO  server.RaftServerConfigKeys (ConfUtils.java:logGet(43)) - raft.server.log.statemachine.data.sync.timeout = 10s (default)
2019-08-24 12:54:12,871 INFO  server.RaftServerConfigKeys (ConfUtils.java:logGet(43)) - raft.server.log.statemachine.data.sync.timeout.retry = -1 (default)
2019-08-24 12:54:12,871 INFO  segmented.SegmentedRaftLogWorker (SegmentedRaftLogWorker.java:lambda$new$0(132)) - 88606864-d3c7-410e-8604-6d8d21473076-SegmentedRaftLogWorker:Storage Directory /workdir/hadoop-ozone/integration-test/target/test-dir/MiniOzoneClusterImpl-41984b6e-f72b-4a0e-8b27-1606d96635a1/datanode-0/data/ratis/f7ad8608-ad07-404c-8178-d37511f228e9: flushIndex: setUnconditionally 0 -> -1
2019-08-24 12:54:12,871 INFO  server.RaftServerConfigKeys (ConfUtils.java:logGet(43)) - raft.server.log.statemachine.data.caching.enabled = true (custom)
2019-08-24 12:54:12,872 INFO  server.RaftServerConfigKeys (ConfUtils.java:logGet(43)) - raft.server.snapshot.auto.trigger.enabled = true (custom)
2019-08-24 12:54:12,872 INFO  server.RaftServerConfigKeys (ConfUtils.java:logGet(43)) - raft.server.snapshot.auto.trigger.threshold = 10000 (custom)
2019-08-24 12:54:12,872 INFO  segmented.SegmentedRaftLogWorker (SegmentedRaftLogWorker.java:lambda$new$0(132)) - cff0f701-856b-47b5-97eb-c2f7cf466fad-SegmentedRaftLogWorker:Storage Directory /workdir/hadoop-ozone/integration-test/target/test-dir/MiniOzoneClusterImpl-41984b6e-f72b-4a0e-8b27-1606d96635a1/datanode-1/data/ratis/f7ad8608-ad07-404c-8178-d37511f228e9: flushIndex: setUnconditionally 0 -> -1
2019-08-24 12:54:12,874 INFO  server.RaftServerConfigKeys (ConfUtils.java:logGet(43)) - raft.server.retrycache.expirytime = 600000ms (custom)
2019-08-24 12:54:12,874 INFO  server.RaftServerConfigKeys (ConfUtils.java:logGet(43)) - raft.server.snapshot.auto.trigger.enabled = true (custom)
2019-08-24 12:54:12,874 INFO  impl.RaftServerImpl (RaftServerImpl.java:start(180)) - 88606864-d3c7-410e-8604-6d8d21473076: start group-D37511F228E9
2019-08-24 12:54:12,874 INFO  server.RaftServerConfigKeys (ConfUtils.java:logGet(43)) - raft.server.snapshot.auto.trigger.threshold = 10000 (custom)
2019-08-24 12:54:12,875 INFO  impl.RaftServerImpl (RaftServerImpl.java:setRole(171)) - 88606864-d3c7-410e-8604-6d8d21473076:group-D37511F228E9 changes role from null to FOLLOWER at term 0 for startAsFollower
2019-08-24 12:54:12,875 INFO  server.RaftServerConfigKeys (ConfUtils.java:logGet(43)) - raft.server.retrycache.expirytime = 600000ms (custom)
2019-08-24 12:54:12,875 INFO  impl.RoleInfo (RoleInfo.java:updateAndGet(143)) - 88606864-d3c7-410e-8604-6d8d21473076: start FollowerState
2019-08-24 12:54:12,875 INFO  impl.RaftServerImpl (RaftServerImpl.java:start(180)) - cff0f701-856b-47b5-97eb-c2f7cf466fad: start group-D37511F228E9
2019-08-24 12:54:12,875 INFO  impl.RaftServerImpl (RaftServerImpl.java:setRole(171)) - cff0f701-856b-47b5-97eb-c2f7cf466fad:group-D37511F228E9 changes role from null to FOLLOWER at term 0 for startAsFollower
2019-08-24 12:54:12,876 INFO  impl.RoleInfo (RoleInfo.java:updateAndGet(143)) - cff0f701-856b-47b5-97eb-c2f7cf466fad: start FollowerState
2019-08-24 12:54:12,876 INFO  util.JmxRegister (JmxRegister.java:tryRegister(44)) - Successfully registered JMX Bean with object name Ratis:service=RaftServer,group=group-D37511F228E9,id=88606864-d3c7-410e-8604-6d8d21473076
2019-08-24 12:54:12,876 INFO  util.JmxRegister (JmxRegister.java:tryRegister(44)) - Successfully registered JMX Bean with object name Ratis:service=RaftServer,group=group-D37511F228E9,id=cff0f701-856b-47b5-97eb-c2f7cf466fad
2019-08-24 12:54:12,883 INFO  pipeline.PipelineStateManager (PipelineStateManager.java:addPipeline(56)) - Created pipeline Pipeline[ Id: f7ad8608-ad07-404c-8178-d37511f228e9, Nodes: 88606864-d3c7-410e-8604-6d8d21473076{ip: 192.168.69.124, host: pr-hdds-2029-g5rx4-259851958, networkLocation: /default-rack, certSerialId: null}cff0f701-856b-47b5-97eb-c2f7cf466fad{ip: 192.168.69.124, host: pr-hdds-2029-g5rx4-259851958, networkLocation: /default-rack, certSerialId: null}144ca2c3-c864-4a6d-85bb-c117ab4d9edf{ip: 192.168.69.124, host: pr-hdds-2029-g5rx4-259851958, networkLocation: /default-rack, certSerialId: null}, Type:RATIS, Factor:THREE, State:OPEN]
2019-08-24 12:54:12,910 | INFO  | SCMAudit | user=jenkins1000 | ip=192.168.69.124 | op=SEND_HEARTBEAT {datanodeUUID=144ca2c3-c864-4a6d-85bb-c117ab4d9edf, command=[]} | ret=SUCCESS |  
2019-08-24 12:54:13,027 INFO  impl.FollowerState (FollowerState.java:run(106)) - 144ca2c3-c864-4a6d-85bb-c117ab4d9edf:group-730DE5407053 changes to CANDIDATE, lastRpcTime:5105, electionTimeout:5104ms
2019-08-24 12:54:13,028 INFO  impl.RoleInfo (RoleInfo.java:shutdownFollowerState(121)) - 144ca2c3-c864-4a6d-85bb-c117ab4d9edf: shutdown FollowerState
2019-08-24 12:54:13,028 INFO  impl.RaftServerImpl (RaftServerImpl.java:setRole(171)) - 144ca2c3-c864-4a6d-85bb-c117ab4d9edf:group-730DE5407053 changes role from FOLLOWER to CANDIDATE at term 1 for changeToCandidate
2019-08-24 12:54:13,028 INFO  impl.RoleInfo (RoleInfo.java:updateAndGet(143)) - 144ca2c3-c864-4a6d-85bb-c117ab4d9edf: start LeaderElection
2019-08-24 12:54:13,189 INFO  statemachine.DatanodeStateMachine (DatanodeStateMachine.java:lambda$startDaemon$0(350)) - Ozone container server started.
2019-08-24 12:54:13,210 INFO  impl.LeaderElection (LeaderElection.java:askForVotes(181)) - 144ca2c3-c864-4a6d-85bb-c117ab4d9edf:group-730DE5407053:LeaderElection17: begin an election at term 2 for 0: [144ca2c3-c864-4a6d-85bb-c117ab4d9edf:192.168.69.124:36478], old=null
2019-08-24 12:54:13,210 INFO  impl.RoleInfo (RoleInfo.java:shutdownLeaderElection(134)) - 144ca2c3-c864-4a6d-85bb-c117ab4d9edf: shutdown LeaderElection
2019-08-24 12:54:13,210 INFO  impl.RaftServerImpl (RaftServerImpl.java:setRole(171)) - 144ca2c3-c864-4a6d-85bb-c117ab4d9edf:group-730DE5407053 changes role from CANDIDATE to LEADER at term 2 for changeToLeader
2019-08-24 12:54:13,210 INFO  impl.RaftServerImpl (ServerState.java:setLeader(263)) - 144ca2c3-c864-4a6d-85bb-c117ab4d9edf:group-730DE5407053 change Leader from null to 144ca2c3-c864-4a6d-85bb-c117ab4d9edf at term 2 for becomeLeader, leader elected after 7659ms
2019-08-24 12:54:13,211 INFO  server.RaftServerConfigKeys (ConfUtils.java:logGet(43)) - raft.server.staging.catchup.gap = 1000 (default)
2019-08-24 12:54:13,211 INFO  server.RaftServerConfigKeys (ConfUtils.java:logGet(43)) - raft.server.rpc.sleep.time = 25ms (default)
2019-08-24 12:54:13,211 INFO  server.RaftServerConfigKeys (ConfUtils.java:logGet(43)) - raft.server.write.element-limit = 4096 (default)
2019-08-24 12:54:13,211 INFO  server.RaftServerConfigKeys (ConfUtils.java:logGet(43)) - raft.server.watch.timeout = 10s (default)
2019-08-24 12:54:13,211 INFO  server.RaftServerConfigKeys (ConfUtils.java:logGet(43)) - raft.server.watch.timeout.denomination = 1s (default)
2019-08-24 12:54:13,211 INFO  server.RaftServerConfigKeys (ConfUtils.java:logGet(43)) - raft.server.watch.element-limit = 65536 (default)
2019-08-24 12:54:13,212 INFO  impl.RoleInfo (RoleInfo.java:updateAndGet(143)) - 144ca2c3-c864-4a6d-85bb-c117ab4d9edf: start LeaderState
2019-08-24 12:54:13,212 INFO  segmented.SegmentedRaftLogWorker (SegmentedRaftLogWorker.java:rollLogSegment(385)) - 144ca2c3-c864-4a6d-85bb-c117ab4d9edf-SegmentedRaftLogWorker:Storage Directory /workdir/hadoop-ozone/integration-test/target/test-dir/MiniOzoneClusterImpl-41984b6e-f72b-4a0e-8b27-1606d96635a1/datanode-2/data/ratis/184e1648-e8e7-403c-9a58-730de5407053: Rolling segment log-0_0 to index:0
2019-08-24 12:54:13,214 INFO  impl.RaftServerImpl (ServerState.java:setRaftConf(361)) - 144ca2c3-c864-4a6d-85bb-c117ab4d9edf:group-730DE5407053 set configuration 1: [144ca2c3-c864-4a6d-85bb-c117ab4d9edf:192.168.69.124:36478], old=null at 1
2019-08-24 12:54:13,215 INFO  segmented.SegmentedRaftLogWorker (SegmentedRaftLogWorker.java:execute(526)) - 144ca2c3-c864-4a6d-85bb-c117ab4d9edf-SegmentedRaftLogWorker:Storage Directory /workdir/hadoop-ozone/integration-test/target/test-dir/MiniOzoneClusterImpl-41984b6e-f72b-4a0e-8b27-1606d96635a1/datanode-2/data/ratis/184e1648-e8e7-403c-9a58-730de5407053: Rolled log segment from /workdir/hadoop-ozone/integration-test/target/test-dir/MiniOzoneClusterImpl-41984b6e-f72b-4a0e-8b27-1606d96635a1/datanode-2/data/ratis/184e1648-e8e7-403c-9a58-730de5407053/current/log_inprogress_0 to /workdir/hadoop-ozone/integration-test/target/test-dir/MiniOzoneClusterImpl-41984b6e-f72b-4a0e-8b27-1606d96635a1/datanode-2/data/ratis/184e1648-e8e7-403c-9a58-730de5407053/current/log_0-0
2019-08-24 12:54:13,259 INFO  segmented.SegmentedRaftLogWorker (SegmentedRaftLogWorker.java:execute(569)) - 144ca2c3-c864-4a6d-85bb-c117ab4d9edf-SegmentedRaftLogWorker:Storage Directory /workdir/hadoop-ozone/integration-test/target/test-dir/MiniOzoneClusterImpl-41984b6e-f72b-4a0e-8b27-1606d96635a1/datanode-2/data/ratis/184e1648-e8e7-403c-9a58-730de5407053: created new log segment /workdir/hadoop-ozone/integration-test/target/test-dir/MiniOzoneClusterImpl-41984b6e-f72b-4a0e-8b27-1606d96635a1/datanode-2/data/ratis/184e1648-e8e7-403c-9a58-730de5407053/current/log_inprogress_1
2019-08-24 12:54:13,910 | INFO  | SCMAudit | user=jenkins1000 | ip=192.168.69.124 | op=SEND_HEARTBEAT {datanodeUUID=144ca2c3-c864-4a6d-85bb-c117ab4d9edf, command=[]} | ret=SUCCESS |  
2019-08-24 12:54:14,910 | INFO  | SCMAudit | user=jenkins1000 | ip=192.168.69.124 | op=SEND_HEARTBEAT {datanodeUUID=144ca2c3-c864-4a6d-85bb-c117ab4d9edf, command=[]} | ret=SUCCESS |  
2019-08-24 12:54:15,911 | INFO  | SCMAudit | user=jenkins1000 | ip=192.168.69.124 | op=SEND_HEARTBEAT {datanodeUUID=144ca2c3-c864-4a6d-85bb-c117ab4d9edf, command=[]} | ret=SUCCESS |  
2019-08-24 12:54:16,750 INFO  node.StaleNodeHandler (StaleNodeHandler.java:onMessage(58)) - Datanode cff0f701-856b-47b5-97eb-c2f7cf466fad{ip: 192.168.69.124, host: pr-hdds-2029-g5rx4-259851958, networkLocation: /default-rack, certSerialId: null} moved to stale state. Finalizing its pipelines [PipelineID=f7ad8608-ad07-404c-8178-d37511f228e9, PipelineID=d4492a84-8ee5-434a-8485-f5bcb37dc72a, PipelineID=4739f371-842e-4c25-9757-9b277145c22a]
2019-08-24 12:54:16,750 INFO  pipeline.SCMPipelineManager (SCMPipelineManager.java:finalizeAndDestroyPipeline(309)) - destroying pipeline:Pipeline[ Id: f7ad8608-ad07-404c-8178-d37511f228e9, Nodes: 88606864-d3c7-410e-8604-6d8d21473076{ip: 192.168.69.124, host: pr-hdds-2029-g5rx4-259851958, networkLocation: /default-rack, certSerialId: null}cff0f701-856b-47b5-97eb-c2f7cf466fad{ip: 192.168.69.124, host: pr-hdds-2029-g5rx4-259851958, networkLocation: /default-rack, certSerialId: null}144ca2c3-c864-4a6d-85bb-c117ab4d9edf{ip: 192.168.69.124, host: pr-hdds-2029-g5rx4-259851958, networkLocation: /default-rack, certSerialId: null}, Type:RATIS, Factor:THREE, State:OPEN]
2019-08-24 12:54:16,750 INFO  pipeline.PipelineStateManager (PipelineStateManager.java:finalizePipeline(123)) - Pipeline Pipeline[ Id: f7ad8608-ad07-404c-8178-d37511f228e9, Nodes: 88606864-d3c7-410e-8604-6d8d21473076{ip: 192.168.69.124, host: pr-hdds-2029-g5rx4-259851958, networkLocation: /default-rack, certSerialId: null}cff0f701-856b-47b5-97eb-c2f7cf466fad{ip: 192.168.69.124, host: pr-hdds-2029-g5rx4-259851958, networkLocation: /default-rack, certSerialId: null}144ca2c3-c864-4a6d-85bb-c117ab4d9edf{ip: 192.168.69.124, host: pr-hdds-2029-g5rx4-259851958, networkLocation: /default-rack, certSerialId: null}, Type:RATIS, Factor:THREE, State:CLOSED] moved to CLOSED state
2019-08-24 12:54:16,751 INFO  pipeline.SCMPipelineManager (SCMPipelineManager.java:finalizeAndDestroyPipeline(309)) - destroying pipeline:Pipeline[ Id: d4492a84-8ee5-434a-8485-f5bcb37dc72a, Nodes: cff0f701-856b-47b5-97eb-c2f7cf466fad{ip: 192.168.69.124, host: pr-hdds-2029-g5rx4-259851958, networkLocation: /default-rack, certSerialId: null}, Type:RATIS, Factor:ONE, State:CLOSED]
2019-08-24 12:54:16,751 INFO  pipeline.SCMPipelineManager (SCMPipelineManager.java:finalizeAndDestroyPipeline(309)) - destroying pipeline:Pipeline[ Id: 4739f371-842e-4c25-9757-9b277145c22a, Nodes: cff0f701-856b-47b5-97eb-c2f7cf466fad{ip: 192.168.69.124, host: pr-hdds-2029-g5rx4-259851958, networkLocation: /default-rack, certSerialId: null}, Type:RATIS, Factor:ONE, State:OPEN]
2019-08-24 12:54:16,757 INFO  pipeline.PipelineStateManager (PipelineStateManager.java:finalizePipeline(123)) - Pipeline Pipeline[ Id: 4739f371-842e-4c25-9757-9b277145c22a, Nodes: cff0f701-856b-47b5-97eb-c2f7cf466fad{ip: 192.168.69.124, host: pr-hdds-2029-g5rx4-259851958, networkLocation: /default-rack, certSerialId: null}, Type:RATIS, Factor:ONE, State:CLOSED] moved to CLOSED state
2019-08-24 12:54:16,901 INFO  impl.FollowerState (FollowerState.java:run(106)) - 88606864-d3c7-410e-8604-6d8d21473076:group-E0928EBBFC04 changes to CANDIDATE, lastRpcTime:5108, electionTimeout:5108ms
2019-08-24 12:54:16,901 INFO  impl.RoleInfo (RoleInfo.java:shutdownFollowerState(121)) - 88606864-d3c7-410e-8604-6d8d21473076: shutdown FollowerState
2019-08-24 12:54:16,901 INFO  impl.RaftServerImpl (RaftServerImpl.java:setRole(171)) - 88606864-d3c7-410e-8604-6d8d21473076:group-E0928EBBFC04 changes role from FOLLOWER to CANDIDATE at term 0 for changeToCandidate
2019-08-24 12:54:16,901 INFO  impl.RoleInfo (RoleInfo.java:updateAndGet(143)) - 88606864-d3c7-410e-8604-6d8d21473076: start LeaderElection
2019-08-24 12:54:16,911 | INFO  | SCMAudit | user=jenkins1000 | ip=192.168.69.124 | op=SEND_HEARTBEAT {datanodeUUID=144ca2c3-c864-4a6d-85bb-c117ab4d9edf, command=[]} | ret=SUCCESS |  
2019-08-24 12:54:16,927 INFO  impl.LeaderElection (LeaderElection.java:askForVotes(181)) - 88606864-d3c7-410e-8604-6d8d21473076:group-E0928EBBFC04:LeaderElection18: begin an election at term 1 for -1: [88606864-d3c7-410e-8604-6d8d21473076:192.168.69.124:33113], old=null
2019-08-24 12:54:16,927 INFO  impl.RoleInfo (RoleInfo.java:shutdownLeaderElection(134)) - 88606864-d3c7-410e-8604-6d8d21473076: shutdown LeaderElection
2019-08-24 12:54:16,927 INFO  impl.RaftServerImpl (RaftServerImpl.java:setRole(171)) - 88606864-d3c7-410e-8604-6d8d21473076:group-E0928EBBFC04 changes role from CANDIDATE to LEADER at term 1 for changeToLeader
2019-08-24 12:54:16,927 INFO  impl.RaftServerImpl (ServerState.java:setLeader(263)) - 88606864-d3c7-410e-8604-6d8d21473076:group-E0928EBBFC04 change Leader from null to 88606864-d3c7-410e-8604-6d8d21473076 at term 1 for becomeLeader, leader elected after 5139ms
2019-08-24 12:54:16,927 INFO  server.RaftServerConfigKeys (ConfUtils.java:logGet(43)) - raft.server.staging.catchup.gap = 1000 (default)
2019-08-24 12:54:16,927 INFO  server.RaftServerConfigKeys (ConfUtils.java:logGet(43)) - raft.server.rpc.sleep.time = 25ms (default)
2019-08-24 12:54:16,927 INFO  server.RaftServerConfigKeys (ConfUtils.java:logGet(43)) - raft.server.write.element-limit = 4096 (default)
2019-08-24 12:54:16,928 INFO  server.RaftServerConfigKeys (ConfUtils.java:logGet(43)) - raft.server.watch.timeout = 10s (default)
2019-08-24 12:54:16,928 INFO  server.RaftServerConfigKeys (ConfUtils.java:logGet(43)) - raft.server.watch.timeout.denomination = 1s (default)
2019-08-24 12:54:16,928 INFO  server.RaftServerConfigKeys (ConfUtils.java:logGet(43)) - raft.server.watch.element-limit = 65536 (default)
2019-08-24 12:54:16,928 INFO  impl.RoleInfo (RoleInfo.java:updateAndGet(143)) - 88606864-d3c7-410e-8604-6d8d21473076: start LeaderState
2019-08-24 12:54:16,928 INFO  segmented.SegmentedRaftLogWorker (SegmentedRaftLogWorker.java:startLogSegment(380)) - 88606864-d3c7-410e-8604-6d8d21473076-SegmentedRaftLogWorker:Storage Directory /workdir/hadoop-ozone/integration-test/target/test-dir/MiniOzoneClusterImpl-41984b6e-f72b-4a0e-8b27-1606d96635a1/datanode-0/data/ratis/b6663a8d-c31c-460d-b8cc-e0928ebbfc04: Starting segment from index:0
2019-08-24 12:54:16,929 INFO  impl.RaftServerImpl (ServerState.java:setRaftConf(361)) - 88606864-d3c7-410e-8604-6d8d21473076:group-E0928EBBFC04 set configuration 0: [88606864-d3c7-410e-8604-6d8d21473076:192.168.69.124:33113], old=null at 0
2019-08-24 12:54:16,975 INFO  segmented.SegmentedRaftLogWorker (SegmentedRaftLogWorker.java:execute(569)) - 88606864-d3c7-410e-8604-6d8d21473076-SegmentedRaftLogWorker:Storage Directory /workdir/hadoop-ozone/integration-test/target/test-dir/MiniOzoneClusterImpl-41984b6e-f72b-4a0e-8b27-1606d96635a1/datanode-0/data/ratis/b6663a8d-c31c-460d-b8cc-e0928ebbfc04: created new log segment /workdir/hadoop-ozone/integration-test/target/test-dir/MiniOzoneClusterImpl-41984b6e-f72b-4a0e-8b27-1606d96635a1/datanode-0/data/ratis/b6663a8d-c31c-460d-b8cc-e0928ebbfc04/current/log_inprogress_0
2019-08-24 12:54:16,978 INFO  impl.FollowerState (FollowerState.java:run(106)) - cff0f701-856b-47b5-97eb-c2f7cf466fad:group-9B277145C22A changes to CANDIDATE, lastRpcTime:5129, electionTimeout:5129ms
2019-08-24 12:54:16,978 INFO  impl.RoleInfo (RoleInfo.java:shutdownFollowerState(121)) - cff0f701-856b-47b5-97eb-c2f7cf466fad: shutdown FollowerState
2019-08-24 12:54:16,978 INFO  impl.RaftServerImpl (RaftServerImpl.java:setRole(171)) - cff0f701-856b-47b5-97eb-c2f7cf466fad:group-9B277145C22A changes role from FOLLOWER to CANDIDATE at term 0 for changeToCandidate
2019-08-24 12:54:16,978 INFO  impl.RoleInfo (RoleInfo.java:updateAndGet(143)) - cff0f701-856b-47b5-97eb-c2f7cf466fad: start LeaderElection
2019-08-24 12:54:16,986 INFO  impl.LeaderElection (LeaderElection.java:askForVotes(181)) - cff0f701-856b-47b5-97eb-c2f7cf466fad:group-9B277145C22A:LeaderElection19: begin an election at term 1 for -1: [cff0f701-856b-47b5-97eb-c2f7cf466fad:192.168.69.124:39465], old=null
2019-08-24 12:54:16,987 INFO  impl.RoleInfo (RoleInfo.java:shutdownLeaderElection(134)) - cff0f701-856b-47b5-97eb-c2f7cf466fad: shutdown LeaderElection
2019-08-24 12:54:16,987 INFO  impl.RaftServerImpl (RaftServerImpl.java:setRole(171)) - cff0f701-856b-47b5-97eb-c2f7cf466fad:group-9B277145C22A changes role from CANDIDATE to LEADER at term 1 for changeToLeader
2019-08-24 12:54:16,987 INFO  impl.RaftServerImpl (ServerState.java:setLeader(263)) - cff0f701-856b-47b5-97eb-c2f7cf466fad:group-9B277145C22A change Leader from null to cff0f701-856b-47b5-97eb-c2f7cf466fad at term 1 for becomeLeader, leader elected after 5142ms
2019-08-24 12:54:16,987 INFO  server.RaftServerConfigKeys (ConfUtils.java:logGet(43)) - raft.server.staging.catchup.gap = 1000 (default)
2019-08-24 12:54:16,987 INFO  server.RaftServerConfigKeys (ConfUtils.java:logGet(43)) - raft.server.rpc.sleep.time = 25ms (default)
2019-08-24 12:54:16,988 INFO  server.RaftServerConfigKeys (ConfUtils.java:logGet(43)) - raft.server.write.element-limit = 4096 (default)
2019-08-24 12:54:16,988 INFO  server.RaftServerConfigKeys (ConfUtils.java:logGet(43)) - raft.server.watch.timeout = 10s (default)
2019-08-24 12:54:16,988 INFO  server.RaftServerConfigKeys (ConfUtils.java:logGet(43)) - raft.server.watch.timeout.denomination = 1s (default)
2019-08-24 12:54:16,988 INFO  server.RaftServerConfigKeys (ConfUtils.java:logGet(43)) - raft.server.watch.element-limit = 65536 (default)
2019-08-24 12:54:16,989 INFO  impl.RoleInfo (RoleInfo.java:updateAndGet(143)) - cff0f701-856b-47b5-97eb-c2f7cf466fad: start LeaderState
2019-08-24 12:54:16,989 INFO  segmented.SegmentedRaftLogWorker (SegmentedRaftLogWorker.java:startLogSegment(380)) - cff0f701-856b-47b5-97eb-c2f7cf466fad-SegmentedRaftLogWorker:Storage Directory /workdir/hadoop-ozone/integration-test/target/test-dir/MiniOzoneClusterImpl-41984b6e-f72b-4a0e-8b27-1606d96635a1/datanode-1/data/ratis/4739f371-842e-4c25-9757-9b277145c22a: Starting segment from index:0
2019-08-24 12:54:16,989 INFO  impl.RaftServerImpl (ServerState.java:setRaftConf(361)) - cff0f701-856b-47b5-97eb-c2f7cf466fad:group-9B277145C22A set configuration 0: [cff0f701-856b-47b5-97eb-c2f7cf466fad:192.168.69.124:39465], old=null at 0
2019-08-24 12:54:17,027 INFO  segmented.SegmentedRaftLogWorker (SegmentedRaftLogWorker.java:execute(569)) - cff0f701-856b-47b5-97eb-c2f7cf466fad-SegmentedRaftLogWorker:Storage Directory /workdir/hadoop-ozone/integration-test/target/test-dir/MiniOzoneClusterImpl-41984b6e-f72b-4a0e-8b27-1606d96635a1/datanode-1/data/ratis/4739f371-842e-4c25-9757-9b277145c22a: created new log segment /workdir/hadoop-ozone/integration-test/target/test-dir/MiniOzoneClusterImpl-41984b6e-f72b-4a0e-8b27-1606d96635a1/datanode-1/data/ratis/4739f371-842e-4c25-9757-9b277145c22a/current/log_inprogress_0
2019-08-24 12:54:17,277 INFO  ozoneimpl.OzoneContainer (OzoneContainer.java:stop(199)) - Attempting to stop container services.
2019-08-24 12:54:17,277 INFO  ozoneimpl.OzoneContainer (OzoneContainer.java:stop(199)) - Attempting to stop container services.
2019-08-24 12:54:17,277 INFO  impl.RaftServerProxy (RaftServerProxy.java:lambda$close$4(314)) - cff0f701-856b-47b5-97eb-c2f7cf466fad: close
2019-08-24 12:54:17,278 INFO  impl.RaftServerProxy (RaftServerProxy.java:lambda$close$4(314)) - 88606864-d3c7-410e-8604-6d8d21473076: close
2019-08-24 12:54:17,278 INFO  impl.RaftServerImpl (RaftServerImpl.java:lambda$shutdown$3(245)) - cff0f701-856b-47b5-97eb-c2f7cf466fad: shutdown group-D37511F228E9
2019-08-24 12:54:17,278 INFO  impl.RaftServerImpl (RaftServerImpl.java:lambda$shutdown$3(245)) - 88606864-d3c7-410e-8604-6d8d21473076: shutdown group-D37511F228E9
2019-08-24 12:54:17,279 INFO  util.JmxRegister (JmxRegister.java:unregister(73)) - Successfully un-registered JMX Bean with object name Ratis:service=RaftServer,group=group-D37511F228E9,id=cff0f701-856b-47b5-97eb-c2f7cf466fad
2019-08-24 12:54:17,279 INFO  impl.RoleInfo (RoleInfo.java:shutdownFollowerState(121)) - cff0f701-856b-47b5-97eb-c2f7cf466fad: shutdown FollowerState
2019-08-24 12:54:17,279 INFO  util.JmxRegister (JmxRegister.java:unregister(73)) - Successfully un-registered JMX Bean with object name Ratis:service=RaftServer,group=group-D37511F228E9,id=88606864-d3c7-410e-8604-6d8d21473076
2019-08-24 12:54:17,280 INFO  impl.FollowerState (FollowerState.java:run(114)) - cff0f701-856b-47b5-97eb-c2f7cf466fad: FollowerState was interrupted: java.lang.InterruptedException: sleep interrupted
2019-08-24 12:54:17,280 INFO  impl.StateMachineUpdater (StateMachineUpdater.java:stopAndJoin(115)) - StateMachineUpdater:cff0f701-856b-47b5-97eb-c2f7cf466fad:group-D37511F228E9: set stopIndex = -1
2019-08-24 12:54:17,283 INFO  impl.RaftServerImpl (ServerState.java:close(394)) - cff0f701-856b-47b5-97eb-c2f7cf466fad:group-D37511F228E9 closes. The last applied log index is -1
2019-08-24 12:54:17,281 INFO  impl.RoleInfo (RoleInfo.java:shutdownFollowerState(121)) - 88606864-d3c7-410e-8604-6d8d21473076: shutdown FollowerState
2019-08-24 12:54:17,284 INFO  segmented.SegmentedRaftLogWorker (SegmentedRaftLogWorker.java:run(313)) - cff0f701-856b-47b5-97eb-c2f7cf466fad-SegmentedRaftLogWorker:Storage Directory /workdir/hadoop-ozone/integration-test/target/test-dir/MiniOzoneClusterImpl-41984b6e-f72b-4a0e-8b27-1606d96635a1/datanode-1/data/ratis/f7ad8608-ad07-404c-8178-d37511f228e9 was interrupted, exiting. There are 0 tasks remaining in the queue.
2019-08-24 12:54:17,284 INFO  impl.StateMachineUpdater (StateMachineUpdater.java:stopAndJoin(115)) - StateMachineUpdater:88606864-d3c7-410e-8604-6d8d21473076:group-D37511F228E9: set stopIndex = -1
2019-08-24 12:54:17,285 INFO  segmented.SegmentedRaftLogWorker (SegmentedRaftLogWorker.java:close(228)) - cff0f701-856b-47b5-97eb-c2f7cf466fad-SegmentedRaftLogWorker:Storage Directory /workdir/hadoop-ozone/integration-test/target/test-dir/MiniOzoneClusterImpl-41984b6e-f72b-4a0e-8b27-1606d96635a1/datanode-1/data/ratis/f7ad8608-ad07-404c-8178-d37511f228e9 close()
2019-08-24 12:54:17,285 INFO  impl.FollowerState (FollowerState.java:run(114)) - 88606864-d3c7-410e-8604-6d8d21473076: FollowerState was interrupted: java.lang.InterruptedException: sleep interrupted
2019-08-24 12:54:17,286 INFO  impl.RaftServerImpl (ServerState.java:close(394)) - 88606864-d3c7-410e-8604-6d8d21473076:group-D37511F228E9 closes. The last applied log index is -1
2019-08-24 12:54:17,289 INFO  impl.RaftServerImpl (RaftServerImpl.java:lambda$shutdown$3(245)) - cff0f701-856b-47b5-97eb-c2f7cf466fad: shutdown group-F5BCB37DC72A
2019-08-24 12:54:17,291 INFO  segmented.SegmentedRaftLogWorker (SegmentedRaftLogWorker.java:run(313)) - 88606864-d3c7-410e-8604-6d8d21473076-SegmentedRaftLogWorker:Storage Directory /workdir/hadoop-ozone/integration-test/target/test-dir/MiniOzoneClusterImpl-41984b6e-f72b-4a0e-8b27-1606d96635a1/datanode-0/data/ratis/f7ad8608-ad07-404c-8178-d37511f228e9 was interrupted, exiting. There are 0 tasks remaining in the queue.
2019-08-24 12:54:17,291 INFO  util.JmxRegister (JmxRegister.java:unregister(73)) - Successfully un-registered JMX Bean with object name Ratis:service=RaftServer,group=group-F5BCB37DC72A,id=cff0f701-856b-47b5-97eb-c2f7cf466fad
2019-08-24 12:54:17,292 INFO  impl.RoleInfo (RoleInfo.java:shutdownLeaderState(104)) - cff0f701-856b-47b5-97eb-c2f7cf466fad: shutdown LeaderState
2019-08-24 12:54:17,291 INFO  segmented.SegmentedRaftLogWorker (SegmentedRaftLogWorker.java:close(228)) - 88606864-d3c7-410e-8604-6d8d21473076-SegmentedRaftLogWorker:Storage Directory /workdir/hadoop-ozone/integration-test/target/test-dir/MiniOzoneClusterImpl-41984b6e-f72b-4a0e-8b27-1606d96635a1/datanode-0/data/ratis/f7ad8608-ad07-404c-8178-d37511f228e9 close()
2019-08-24 12:54:17,293 INFO  impl.PendingRequests (PendingRequests.java:sendNotLeaderResponses(202)) - cff0f701-856b-47b5-97eb-c2f7cf466fad-PendingRequests: sendNotLeaderResponses
2019-08-24 12:54:17,295 INFO  impl.RaftServerImpl (RaftServerImpl.java:lambda$shutdown$3(245)) - 88606864-d3c7-410e-8604-6d8d21473076: shutdown group-8AAA66C8B2F4
2019-08-24 12:54:17,300 INFO  impl.StateMachineUpdater (StateMachineUpdater.java:stopAndJoin(115)) - StateMachineUpdater:cff0f701-856b-47b5-97eb-c2f7cf466fad:group-F5BCB37DC72A: set stopIndex = 2
2019-08-24 12:54:17,300 INFO  util.JmxRegister (JmxRegister.java:unregister(73)) - Successfully un-registered JMX Bean with object name Ratis:service=RaftServer,group=group-8AAA66C8B2F4,id=88606864-d3c7-410e-8604-6d8d21473076
2019-08-24 12:54:17,301 INFO  impl.RaftServerImpl (ServerState.java:close(394)) - cff0f701-856b-47b5-97eb-c2f7cf466fad:group-F5BCB37DC72A closes. The last applied log index is 2
2019-08-24 12:54:17,301 INFO  impl.RoleInfo (RoleInfo.java:shutdownLeaderState(104)) - 88606864-d3c7-410e-8604-6d8d21473076: shutdown LeaderState
2019-08-24 12:54:17,302 INFO  segmented.SegmentedRaftLogWorker (SegmentedRaftLogWorker.java:run(313)) - cff0f701-856b-47b5-97eb-c2f7cf466fad-SegmentedRaftLogWorker:Storage Directory /workdir/hadoop-ozone/integration-test/target/test-dir/MiniOzoneClusterImpl-41984b6e-f72b-4a0e-8b27-1606d96635a1/datanode-1/data/ratis/d4492a84-8ee5-434a-8485-f5bcb37dc72a was interrupted, exiting. There are 0 tasks remaining in the queue.
2019-08-24 12:54:17,302 INFO  impl.PendingRequests (PendingRequests.java:sendNotLeaderResponses(202)) - 88606864-d3c7-410e-8604-6d8d21473076-PendingRequests: sendNotLeaderResponses
2019-08-24 12:54:17,303 INFO  segmented.SegmentedRaftLogWorker (SegmentedRaftLogWorker.java:close(228)) - cff0f701-856b-47b5-97eb-c2f7cf466fad-SegmentedRaftLogWorker:Storage Directory /workdir/hadoop-ozone/integration-test/target/test-dir/MiniOzoneClusterImpl-41984b6e-f72b-4a0e-8b27-1606d96635a1/datanode-1/data/ratis/d4492a84-8ee5-434a-8485-f5bcb37dc72a close()
2019-08-24 12:54:17,308 INFO  impl.StateMachineUpdater (StateMachineUpdater.java:stopAndJoin(115)) - StateMachineUpdater:88606864-d3c7-410e-8604-6d8d21473076:group-8AAA66C8B2F4: set stopIndex = 2
2019-08-24 12:54:17,311 INFO  impl.RaftServerImpl (RaftServerImpl.java:lambda$shutdown$3(245)) - cff0f701-856b-47b5-97eb-c2f7cf466fad: shutdown group-9B277145C22A
2019-08-24 12:54:17,311 INFO  impl.RaftServerImpl (ServerState.java:close(394)) - 88606864-d3c7-410e-8604-6d8d21473076:group-8AAA66C8B2F4 closes. The last applied log index is 2
2019-08-24 12:54:17,311 INFO  util.JmxRegister (JmxRegister.java:unregister(73)) - Successfully un-registered JMX Bean with object name Ratis:service=RaftServer,group=group-9B277145C22A,id=cff0f701-856b-47b5-97eb-c2f7cf466fad
2019-08-24 12:54:17,312 INFO  segmented.SegmentedRaftLogWorker (SegmentedRaftLogWorker.java:run(313)) - 88606864-d3c7-410e-8604-6d8d21473076-SegmentedRaftLogWorker:Storage Directory /workdir/hadoop-ozone/integration-test/target/test-dir/MiniOzoneClusterImpl-41984b6e-f72b-4a0e-8b27-1606d96635a1/datanode-0/data/ratis/24cbd146-a05b-472f-a4b6-8aaa66c8b2f4 was interrupted, exiting. There are 0 tasks remaining in the queue.
2019-08-24 12:54:17,312 INFO  impl.RoleInfo (RoleInfo.java:shutdownLeaderState(104)) - cff0f701-856b-47b5-97eb-c2f7cf466fad: shutdown LeaderState
2019-08-24 12:54:17,314 INFO  segmented.SegmentedRaftLogWorker (SegmentedRaftLogWorker.java:close(228)) - 88606864-d3c7-410e-8604-6d8d21473076-SegmentedRaftLogWorker:Storage Directory /workdir/hadoop-ozone/integration-test/target/test-dir/MiniOzoneClusterImpl-41984b6e-f72b-4a0e-8b27-1606d96635a1/datanode-0/data/ratis/24cbd146-a05b-472f-a4b6-8aaa66c8b2f4 close()
2019-08-24 12:54:17,314 INFO  impl.PendingRequests (PendingRequests.java:sendNotLeaderResponses(202)) - cff0f701-856b-47b5-97eb-c2f7cf466fad-PendingRequests: sendNotLeaderResponses
2019-08-24 12:54:17,316 INFO  impl.RaftServerImpl (RaftServerImpl.java:lambda$shutdown$3(245)) - 88606864-d3c7-410e-8604-6d8d21473076: shutdown group-E0928EBBFC04
2019-08-24 12:54:17,317 INFO  impl.StateMachineUpdater (StateMachineUpdater.java:stopAndJoin(115)) - StateMachineUpdater:cff0f701-856b-47b5-97eb-c2f7cf466fad:group-9B277145C22A: set stopIndex = 0
2019-08-24 12:54:17,321 INFO  util.JmxRegister (JmxRegister.java:unregister(73)) - Successfully un-registered JMX Bean with object name Ratis:service=RaftServer,group=group-E0928EBBFC04,id=88606864-d3c7-410e-8604-6d8d21473076
2019-08-24 12:54:17,322 INFO  impl.RaftServerImpl (ServerState.java:close(394)) - cff0f701-856b-47b5-97eb-c2f7cf466fad:group-9B277145C22A closes. The last applied log index is 0
2019-08-24 12:54:17,322 INFO  impl.RoleInfo (RoleInfo.java:shutdownLeaderState(104)) - 88606864-d3c7-410e-8604-6d8d21473076: shutdown LeaderState
2019-08-24 12:54:17,323 INFO  segmented.SegmentedRaftLogWorker (SegmentedRaftLogWorker.java:run(313)) - cff0f701-856b-47b5-97eb-c2f7cf466fad-SegmentedRaftLogWorker:Storage Directory /workdir/hadoop-ozone/integration-test/target/test-dir/MiniOzoneClusterImpl-41984b6e-f72b-4a0e-8b27-1606d96635a1/datanode-1/data/ratis/4739f371-842e-4c25-9757-9b277145c22a was interrupted, exiting. There are 0 tasks remaining in the queue.
2019-08-24 12:54:17,323 INFO  impl.PendingRequests (PendingRequests.java:sendNotLeaderResponses(202)) - 88606864-d3c7-410e-8604-6d8d21473076-PendingRequests: sendNotLeaderResponses
2019-08-24 12:54:17,326 INFO  segmented.SegmentedRaftLogWorker (SegmentedRaftLogWorker.java:close(228)) - cff0f701-856b-47b5-97eb-c2f7cf466fad-SegmentedRaftLogWorker:Storage Directory /workdir/hadoop-ozone/integration-test/target/test-dir/MiniOzoneClusterImpl-41984b6e-f72b-4a0e-8b27-1606d96635a1/datanode-1/data/ratis/4739f371-842e-4c25-9757-9b277145c22a close()
2019-08-24 12:54:17,327 INFO  impl.StateMachineUpdater (StateMachineUpdater.java:stopAndJoin(115)) - StateMachineUpdater:88606864-d3c7-410e-8604-6d8d21473076:group-E0928EBBFC04: set stopIndex = 0
2019-08-24 12:54:17,328 INFO  server.GrpcService (GrpcService.java:closeImpl(155)) - cff0f701-856b-47b5-97eb-c2f7cf466fad: shutdown server with port 39465 now
2019-08-24 12:54:17,328 INFO  impl.RaftServerImpl (ServerState.java:close(394)) - 88606864-d3c7-410e-8604-6d8d21473076:group-E0928EBBFC04 closes. The last applied log index is 0
2019-08-24 12:54:17,329 INFO  server.GrpcService (GrpcService.java:closeImpl(163)) - cff0f701-856b-47b5-97eb-c2f7cf466fad: shutdown server with port 39465 successfully
2019-08-24 12:54:17,329 INFO  segmented.SegmentedRaftLogWorker (SegmentedRaftLogWorker.java:run(313)) - 88606864-d3c7-410e-8604-6d8d21473076-SegmentedRaftLogWorker:Storage Directory /workdir/hadoop-ozone/integration-test/target/test-dir/MiniOzoneClusterImpl-41984b6e-f72b-4a0e-8b27-1606d96635a1/datanode-0/data/ratis/b6663a8d-c31c-460d-b8cc-e0928ebbfc04 was interrupted, exiting. There are 0 tasks remaining in the queue.
2019-08-24 12:54:17,330 INFO  segmented.SegmentedRaftLogWorker (SegmentedRaftLogWorker.java:close(228)) - 88606864-d3c7-410e-8604-6d8d21473076-SegmentedRaftLogWorker:Storage Directory /workdir/hadoop-ozone/integration-test/target/test-dir/MiniOzoneClusterImpl-41984b6e-f72b-4a0e-8b27-1606d96635a1/datanode-0/data/ratis/b6663a8d-c31c-460d-b8cc-e0928ebbfc04 close()
2019-08-24 12:54:17,331 INFO  server.GrpcService (GrpcService.java:closeImpl(155)) - 88606864-d3c7-410e-8604-6d8d21473076: shutdown server with port 33113 now
2019-08-24 12:54:17,331 INFO  utils.BackgroundService (BackgroundService.java:shutdown(148)) - Shutting down service BlockDeletingService
2019-08-24 12:54:17,332 INFO  server.GrpcService (GrpcService.java:closeImpl(163)) - 88606864-d3c7-410e-8604-6d8d21473076: shutdown server with port 33113 successfully
2019-08-24 12:54:17,333 WARN  fs.CachingGetSpaceUsed (CachingGetSpaceUsed.java:run(183)) - Thread Interrupted waiting to refresh disk information: sleep interrupted
2019-08-24 12:54:17,334 INFO  utils.BackgroundService (BackgroundService.java:shutdown(148)) - Shutting down service BlockDeletingService
2019-08-24 12:54:17,335 WARN  fs.CachingGetSpaceUsed (CachingGetSpaceUsed.java:run(183)) - Thread Interrupted waiting to refresh disk information: sleep interrupted
2019-08-24 12:54:17,361 INFO  statemachine.DatanodeStateMachine (DatanodeStateMachine.java:stopDaemon(395)) - Ozone container server stopped.
2019-08-24 12:54:17,361 INFO  statemachine.DatanodeStateMachine (DatanodeStateMachine.java:stopDaemon(395)) - Ozone container server stopped.
2019-08-24 12:54:17,367 INFO  handler.ContextHandler (ContextHandler.java:doStop(910)) - Stopped o.e.j.w.WebAppContext@185b380f{/,null,UNAVAILABLE}{/hddsDatanode}
2019-08-24 12:54:17,367 INFO  handler.ContextHandler (ContextHandler.java:doStop(910)) - Stopped o.e.j.w.WebAppContext@27ba06d9{/,null,UNAVAILABLE}{/hddsDatanode}
2019-08-24 12:54:17,367 INFO  server.AbstractConnector (AbstractConnector.java:doStop(318)) - Stopped ServerConnector@18123970{HTTP/1.1,[http/1.1]}{0.0.0.0:46082}
2019-08-24 12:54:17,368 INFO  server.AbstractConnector (AbstractConnector.java:doStop(318)) - Stopped ServerConnector@1b6dc200{HTTP/1.1,[http/1.1]}{0.0.0.0:33830}
2019-08-24 12:54:17,369 INFO  handler.ContextHandler (ContextHandler.java:doStop(910)) - Stopped o.e.j.s.ServletContextHandler@1633a62e{/static,jar:file:/home/user/.m2/repository/org/apache/hadoop/hadoop-hdds-container-service/0.4.1-SNAPSHOT/hadoop-hdds-container-service-0.4.1-SNAPSHOT.jar!/webapps/static,UNAVAILABLE}
2019-08-24 12:54:17,370 INFO  handler.ContextHandler (ContextHandler.java:doStop(910)) - Stopped o.e.j.s.ServletContextHandler@18c5d8db{/static,jar:file:/home/user/.m2/repository/org/apache/hadoop/hadoop-hdds-container-service/0.4.1-SNAPSHOT/hadoop-hdds-container-service-0.4.1-SNAPSHOT.jar!/webapps/static,UNAVAILABLE}
2019-08-24 12:54:17,371 INFO  handler.ContextHandler (ContextHandler.java:doStop(910)) - Stopped o.e.j.s.ServletContextHandler@56298706{/logs,file:///workdir/hadoop-ozone/integration-test/target/log,UNAVAILABLE}
2019-08-24 12:54:17,372 INFO  handler.ContextHandler (ContextHandler.java:doStop(910)) - Stopped o.e.j.s.ServletContextHandler@3f280dbc{/logs,file:///workdir/hadoop-ozone/integration-test/target/log,UNAVAILABLE}
2019-08-24 12:54:17,373 INFO  datanode.ObjectStoreHandler (ObjectStoreHandler.java:close(155)) - Closing ObjectStoreHandler.
2019-08-24 12:54:17,374 INFO  ozone.HddsDatanodeService (HddsDatanodeService.java:stop(451)) - Stopped plug-in org.apache.hadoop.ozone.web.OzoneHddsDatanodeService@51d8abfa
2019-08-24 12:54:17,750 INFO  node.StaleNodeHandler (StaleNodeHandler.java:onMessage(58)) - Datanode 88606864-d3c7-410e-8604-6d8d21473076{ip: 192.168.69.124, host: pr-hdds-2029-g5rx4-259851958, networkLocation: /default-rack, certSerialId: null} moved to stale state. Finalizing its pipelines [PipelineID=f7ad8608-ad07-404c-8178-d37511f228e9, PipelineID=24cbd146-a05b-472f-a4b6-8aaa66c8b2f4, PipelineID=b6663a8d-c31c-460d-b8cc-e0928ebbfc04]
2019-08-24 12:54:17,750 INFO  pipeline.SCMPipelineManager (SCMPipelineManager.java:finalizeAndDestroyPipeline(309)) - destroying pipeline:Pipeline[ Id: f7ad8608-ad07-404c-8178-d37511f228e9, Nodes: 88606864-d3c7-410e-8604-6d8d21473076{ip: 192.168.69.124, host: pr-hdds-2029-g5rx4-259851958, networkLocation: /default-rack, certSerialId: null}cff0f701-856b-47b5-97eb-c2f7cf466fad{ip: 192.168.69.124, host: pr-hdds-2029-g5rx4-259851958, networkLocation: /default-rack, certSerialId: null}144ca2c3-c864-4a6d-85bb-c117ab4d9edf{ip: 192.168.69.124, host: pr-hdds-2029-g5rx4-259851958, networkLocation: /default-rack, certSerialId: null}, Type:RATIS, Factor:THREE, State:CLOSED]
2019-08-24 12:54:17,751 INFO  pipeline.SCMPipelineManager (SCMPipelineManager.java:finalizeAndDestroyPipeline(309)) - destroying pipeline:Pipeline[ Id: 24cbd146-a05b-472f-a4b6-8aaa66c8b2f4, Nodes: 88606864-d3c7-410e-8604-6d8d21473076{ip: 192.168.69.124, host: pr-hdds-2029-g5rx4-259851958, networkLocation: /default-rack, certSerialId: null}, Type:RATIS, Factor:ONE, State:CLOSED]
2019-08-24 12:54:17,751 INFO  pipeline.SCMPipelineManager (SCMPipelineManager.java:finalizeAndDestroyPipeline(309)) - destroying pipeline:Pipeline[ Id: b6663a8d-c31c-460d-b8cc-e0928ebbfc04, Nodes: 88606864-d3c7-410e-8604-6d8d21473076{ip: 192.168.69.124, host: pr-hdds-2029-g5rx4-259851958, networkLocation: /default-rack, certSerialId: null}, Type:RATIS, Factor:ONE, State:OPEN]
2019-08-24 12:54:17,751 INFO  pipeline.PipelineStateManager (PipelineStateManager.java:finalizePipeline(123)) - Pipeline Pipeline[ Id: b6663a8d-c31c-460d-b8cc-e0928ebbfc04, Nodes: 88606864-d3c7-410e-8604-6d8d21473076{ip: 192.168.69.124, host: pr-hdds-2029-g5rx4-259851958, networkLocation: /default-rack, certSerialId: null}, Type:RATIS, Factor:ONE, State:CLOSED] moved to CLOSED state
2019-08-24 12:54:17,868 INFO  impl.FollowerState (FollowerState.java:run(106)) - 144ca2c3-c864-4a6d-85bb-c117ab4d9edf:group-EDDCC7AAB753 changes to CANDIDATE, lastRpcTime:5074, electionTimeout:5074ms
2019-08-24 12:54:17,868 INFO  impl.RoleInfo (RoleInfo.java:shutdownFollowerState(121)) - 144ca2c3-c864-4a6d-85bb-c117ab4d9edf: shutdown FollowerState
2019-08-24 12:54:17,868 INFO  impl.RaftServerImpl (RaftServerImpl.java:setRole(171)) - 144ca2c3-c864-4a6d-85bb-c117ab4d9edf:group-EDDCC7AAB753 changes role from FOLLOWER to CANDIDATE at term 0 for changeToCandidate
2019-08-24 12:54:17,868 INFO  impl.RoleInfo (RoleInfo.java:updateAndGet(143)) - 144ca2c3-c864-4a6d-85bb-c117ab4d9edf: start LeaderElection
2019-08-24 12:54:17,877 INFO  impl.FollowerState (FollowerState.java:run(106)) - 144ca2c3-c864-4a6d-85bb-c117ab4d9edf:group-D37511F228E9 changes to CANDIDATE, lastRpcTime:5007, electionTimeout:5007ms
2019-08-24 12:54:17,877 INFO  impl.RoleInfo (RoleInfo.java:shutdownFollowerState(121)) - 144ca2c3-c864-4a6d-85bb-c117ab4d9edf: shutdown FollowerState
2019-08-24 12:54:17,877 INFO  impl.RaftServerImpl (RaftServerImpl.java:setRole(171)) - 144ca2c3-c864-4a6d-85bb-c117ab4d9edf:group-D37511F228E9 changes role from FOLLOWER to CANDIDATE at term 0 for changeToCandidate
2019-08-24 12:54:17,877 INFO  impl.RoleInfo (RoleInfo.java:updateAndGet(143)) - 144ca2c3-c864-4a6d-85bb-c117ab4d9edf: start LeaderElection
2019-08-24 12:54:17,886 INFO  impl.LeaderElection (LeaderElection.java:askForVotes(181)) - 144ca2c3-c864-4a6d-85bb-c117ab4d9edf:group-EDDCC7AAB753:LeaderElection20: begin an election at term 1 for -1: [144ca2c3-c864-4a6d-85bb-c117ab4d9edf:192.168.69.124:36478], old=null
2019-08-24 12:54:17,886 INFO  impl.LeaderElection (LeaderElection.java:askForVotes(181)) - 144ca2c3-c864-4a6d-85bb-c117ab4d9edf:group-D37511F228E9:LeaderElection21: begin an election at term 1 for -1: [cff0f701-856b-47b5-97eb-c2f7cf466fad:192.168.69.124:39465, 144ca2c3-c864-4a6d-85bb-c117ab4d9edf:192.168.69.124:36478, 88606864-d3c7-410e-8604-6d8d21473076:192.168.69.124:33113], old=null
2019-08-24 12:54:17,886 INFO  impl.RoleInfo (RoleInfo.java:shutdownLeaderElection(134)) - 144ca2c3-c864-4a6d-85bb-c117ab4d9edf: shutdown LeaderElection
2019-08-24 12:54:17,886 INFO  impl.RaftServerImpl (RaftServerImpl.java:setRole(171)) - 144ca2c3-c864-4a6d-85bb-c117ab4d9edf:group-EDDCC7AAB753 changes role from CANDIDATE to LEADER at term 1 for changeToLeader
2019-08-24 12:54:17,886 INFO  impl.RaftServerImpl (ServerState.java:setLeader(263)) - 144ca2c3-c864-4a6d-85bb-c117ab4d9edf:group-EDDCC7AAB753 change Leader from null to 144ca2c3-c864-4a6d-85bb-c117ab4d9edf at term 1 for becomeLeader, leader elected after 5097ms
2019-08-24 12:54:17,886 INFO  server.RaftServerConfigKeys (ConfUtils.java:logGet(43)) - raft.server.staging.catchup.gap = 1000 (default)
2019-08-24 12:54:17,887 INFO  server.RaftServerConfigKeys (ConfUtils.java:logGet(43)) - raft.server.rpc.sleep.time = 25ms (default)
2019-08-24 12:54:17,887 INFO  server.RaftServerConfigKeys (ConfUtils.java:logGet(43)) - raft.server.write.element-limit = 4096 (default)
2019-08-24 12:54:17,887 INFO  server.RaftServerConfigKeys (ConfUtils.java:logGet(43)) - raft.server.watch.timeout = 10s (default)
2019-08-24 12:54:17,887 INFO  server.RaftServerConfigKeys (ConfUtils.java:logGet(43)) - raft.server.watch.timeout.denomination = 1s (default)
2019-08-24 12:54:17,887 INFO  server.RaftServerConfigKeys (ConfUtils.java:logGet(43)) - raft.server.watch.element-limit = 65536 (default)
2019-08-24 12:54:17,887 INFO  impl.RoleInfo (RoleInfo.java:updateAndGet(143)) - 144ca2c3-c864-4a6d-85bb-c117ab4d9edf: start LeaderState
2019-08-24 12:54:17,888 INFO  segmented.SegmentedRaftLogWorker (SegmentedRaftLogWorker.java:startLogSegment(380)) - 144ca2c3-c864-4a6d-85bb-c117ab4d9edf-SegmentedRaftLogWorker:Storage Directory /workdir/hadoop-ozone/integration-test/target/test-dir/MiniOzoneClusterImpl-41984b6e-f72b-4a0e-8b27-1606d96635a1/datanode-2/data/ratis/9b766e92-de9f-4247-9ff5-eddcc7aab753: Starting segment from index:0
2019-08-24 12:54:17,888 INFO  impl.RaftServerImpl (ServerState.java:setRaftConf(361)) - 144ca2c3-c864-4a6d-85bb-c117ab4d9edf:group-EDDCC7AAB753 set configuration 0: [144ca2c3-c864-4a6d-85bb-c117ab4d9edf:192.168.69.124:36478], old=null at 0
2019-08-24 12:54:17,921 INFO  statemachine.DatanodeStateMachine (DatanodeStateMachine.java:lambda$startDaemon$0(350)) - Ozone container server started.
2019-08-24 12:54:17,923 INFO  impl.LeaderElection (LogUtils.java:infoOrTrace(149)) - 144ca2c3-c864-4a6d-85bb-c117ab4d9edf:group-D37511F228E9:LeaderElection21 got exception when requesting votes: {}
java.util.concurrent.ExecutionException: org.apache.ratis.thirdparty.io.grpc.StatusRuntimeException: UNAVAILABLE: io exception
	at java.util.concurrent.FutureTask.report(FutureTask.java:122)
	at java.util.concurrent.FutureTask.get(FutureTask.java:192)
	at org.apache.ratis.server.impl.LeaderElection.waitForResults(LeaderElection.java:262)
	at org.apache.ratis.server.impl.LeaderElection.askForVotes(LeaderElection.java:200)
	at org.apache.ratis.server.impl.LeaderElection.run(LeaderElection.java:130)
	at java.lang.Thread.run(Thread.java:748)
Caused by: org.apache.ratis.thirdparty.io.grpc.StatusRuntimeException: UNAVAILABLE: io exception
	at org.apache.ratis.thirdparty.io.grpc.stub.ClientCalls.toStatusRuntimeException(ClientCalls.java:233)
	at org.apache.ratis.thirdparty.io.grpc.stub.ClientCalls.getUnchecked(ClientCalls.java:214)
	at org.apache.ratis.thirdparty.io.grpc.stub.ClientCalls.blockingUnaryCall(ClientCalls.java:139)
	at org.apache.ratis.proto.grpc.RaftServerProtocolServiceGrpc$RaftServerProtocolServiceBlockingStub.requestVote(RaftServerProtocolServiceGrpc.java:265)
	at org.apache.ratis.grpc.server.GrpcServerProtocolClient.requestVote(GrpcServerProtocolClient.java:83)
	at org.apache.ratis.grpc.server.GrpcService.requestVote(GrpcService.java:195)
	at org.apache.ratis.server.impl.LeaderElection.lambda$submitRequests$1(LeaderElection.java:237)
	at java.util.concurrent.FutureTask.run(FutureTask.java:266)
	at java.util.concurrent.Executors$RunnableAdapter.call(Executors.java:511)
	at java.util.concurrent.FutureTask.run(FutureTask.java:266)
	at java.util.concurrent.ThreadPoolExecutor.runWorker(ThreadPoolExecutor.java:1149)
	at java.util.concurrent.ThreadPoolExecutor$Worker.run(ThreadPoolExecutor.java:624)
	... 1 more
Caused by: org.apache.ratis.thirdparty.io.netty.channel.AbstractChannel$AnnotatedConnectException: Connection refused: /192.168.69.124:39465
	at sun.nio.ch.SocketChannelImpl.checkConnect(Native Method)
	at sun.nio.ch.SocketChannelImpl.finishConnect(SocketChannelImpl.java:717)
	at org.apache.ratis.thirdparty.io.netty.channel.socket.nio.NioSocketChannel.doFinishConnect(NioSocketChannel.java:327)
	at org.apache.ratis.thirdparty.io.netty.channel.nio.AbstractNioChannel$AbstractNioUnsafe.finishConnect(AbstractNioChannel.java:340)
	at org.apache.ratis.thirdparty.io.netty.channel.nio.NioEventLoop.processSelectedKey(NioEventLoop.java:632)
	at org.apache.ratis.thirdparty.io.netty.channel.nio.NioEventLoop.processSelectedKeysOptimized(NioEventLoop.java:579)
	at org.apache.ratis.thirdparty.io.netty.channel.nio.NioEventLoop.processSelectedKeys(NioEventLoop.java:496)
	at org.apache.ratis.thirdparty.io.netty.channel.nio.NioEventLoop.run(NioEventLoop.java:458)
	at org.apache.ratis.thirdparty.io.netty.util.concurrent.SingleThreadEventExecutor$5.run(SingleThreadEventExecutor.java:897)
	at org.apache.ratis.thirdparty.io.netty.util.concurrent.FastThreadLocalRunnable.run(FastThreadLocalRunnable.java:30)
	... 1 more
Caused by: java.net.ConnectException: Connection refused
	... 11 more
2019-08-24 12:54:17,925 INFO  impl.LeaderElection (LogUtils.java:infoOrTrace(149)) - 144ca2c3-c864-4a6d-85bb-c117ab4d9edf:group-D37511F228E9:LeaderElection21 got exception when requesting votes: {}
java.util.concurrent.ExecutionException: org.apache.ratis.thirdparty.io.grpc.StatusRuntimeException: UNAVAILABLE: io exception
	at java.util.concurrent.FutureTask.report(FutureTask.java:122)
	at java.util.concurrent.FutureTask.get(FutureTask.java:192)
	at org.apache.ratis.server.impl.LeaderElection.waitForResults(LeaderElection.java:262)
	at org.apache.ratis.server.impl.LeaderElection.askForVotes(LeaderElection.java:200)
	at org.apache.ratis.server.impl.LeaderElection.run(LeaderElection.java:130)
	at java.lang.Thread.run(Thread.java:748)
Caused by: org.apache.ratis.thirdparty.io.grpc.StatusRuntimeException: UNAVAILABLE: io exception
	at org.apache.ratis.thirdparty.io.grpc.stub.ClientCalls.toStatusRuntimeException(ClientCalls.java:233)
	at org.apache.ratis.thirdparty.io.grpc.stub.ClientCalls.getUnchecked(ClientCalls.java:214)
	at org.apache.ratis.thirdparty.io.grpc.stub.ClientCalls.blockingUnaryCall(ClientCalls.java:139)
	at org.apache.ratis.proto.grpc.RaftServerProtocolServiceGrpc$RaftServerProtocolServiceBlockingStub.requestVote(RaftServerProtocolServiceGrpc.java:265)
	at org.apache.ratis.grpc.server.GrpcServerProtocolClient.requestVote(GrpcServerProtocolClient.java:83)
	at org.apache.ratis.grpc.server.GrpcService.requestVote(GrpcService.java:195)
	at org.apache.ratis.server.impl.LeaderElection.lambda$submitRequests$1(LeaderElection.java:237)
	at java.util.concurrent.FutureTask.run(FutureTask.java:266)
	at java.util.concurrent.Executors$RunnableAdapter.call(Executors.java:511)
	at java.util.concurrent.FutureTask.run(FutureTask.java:266)
	at java.util.concurrent.ThreadPoolExecutor.runWorker(ThreadPoolExecutor.java:1149)
	at java.util.concurrent.ThreadPoolExecutor$Worker.run(ThreadPoolExecutor.java:624)
	... 1 more
Caused by: org.apache.ratis.thirdparty.io.netty.channel.AbstractChannel$AnnotatedConnectException: Connection refused: /192.168.69.124:33113
	at sun.nio.ch.SocketChannelImpl.checkConnect(Native Method)
	at sun.nio.ch.SocketChannelImpl.finishConnect(SocketChannelImpl.java:717)
	at org.apache.ratis.thirdparty.io.netty.channel.socket.nio.NioSocketChannel.doFinishConnect(NioSocketChannel.java:327)
	at org.apache.ratis.thirdparty.io.netty.channel.nio.AbstractNioChannel$AbstractNioUnsafe.finishConnect(AbstractNioChannel.java:340)
	at org.apache.ratis.thirdparty.io.netty.channel.nio.NioEventLoop.processSelectedKey(NioEventLoop.java:632)
	at org.apache.ratis.thirdparty.io.netty.channel.nio.NioEventLoop.processSelectedKeysOptimized(NioEventLoop.java:579)
	at org.apache.ratis.thirdparty.io.netty.channel.nio.NioEventLoop.processSelectedKeys(NioEventLoop.java:496)
	at org.apache.ratis.thirdparty.io.netty.channel.nio.NioEventLoop.run(NioEventLoop.java:458)
	at org.apache.ratis.thirdparty.io.netty.util.concurrent.SingleThreadEventExecutor$5.run(SingleThreadEventExecutor.java:897)
	at org.apache.ratis.thirdparty.io.netty.util.concurrent.FastThreadLocalRunnable.run(FastThreadLocalRunnable.java:30)
	... 1 more
Caused by: java.net.ConnectException: Connection refused
	... 11 more
2019-08-24 12:54:17,926 INFO  impl.LeaderElection (LeaderElection.java:logAndReturn(56)) - 144ca2c3-c864-4a6d-85bb-c117ab4d9edf:group-D37511F228E9:LeaderElection21: Election REJECTED; received 0 response(s) [] and 2 exception(s); 144ca2c3-c864-4a6d-85bb-c117ab4d9edf:t1, leader=null, voted=144ca2c3-c864-4a6d-85bb-c117ab4d9edf, raftlog=144ca2c3-c864-4a6d-85bb-c117ab4d9edf-SegmentedRaftLog:OPENED:c-1,f-1,i0, conf=-1: [cff0f701-856b-47b5-97eb-c2f7cf466fad:192.168.69.124:39465, 144ca2c3-c864-4a6d-85bb-c117ab4d9edf:192.168.69.124:36478, 88606864-d3c7-410e-8604-6d8d21473076:192.168.69.124:33113], old=null
2019-08-24 12:54:17,926 INFO  impl.LeaderElection (LogUtils.java:infoOrTrace(149)) -   Exception 0: {}
java.util.concurrent.ExecutionException: org.apache.ratis.thirdparty.io.grpc.StatusRuntimeException: UNAVAILABLE: io exception
	at java.util.concurrent.FutureTask.report(FutureTask.java:122)
	at java.util.concurrent.FutureTask.get(FutureTask.java:192)
	at org.apache.ratis.server.impl.LeaderElection.waitForResults(LeaderElection.java:262)
	at org.apache.ratis.server.impl.LeaderElection.askForVotes(LeaderElection.java:200)
	at org.apache.ratis.server.impl.LeaderElection.run(LeaderElection.java:130)
	at java.lang.Thread.run(Thread.java:748)
Caused by: org.apache.ratis.thirdparty.io.grpc.StatusRuntimeException: UNAVAILABLE: io exception
	at org.apache.ratis.thirdparty.io.grpc.stub.ClientCalls.toStatusRuntimeException(ClientCalls.java:233)
	at org.apache.ratis.thirdparty.io.grpc.stub.ClientCalls.getUnchecked(ClientCalls.java:214)
	at org.apache.ratis.thirdparty.io.grpc.stub.ClientCalls.blockingUnaryCall(ClientCalls.java:139)
	at org.apache.ratis.proto.grpc.RaftServerProtocolServiceGrpc$RaftServerProtocolServiceBlockingStub.requestVote(RaftServerProtocolServiceGrpc.java:265)
	at org.apache.ratis.grpc.server.GrpcServerProtocolClient.requestVote(GrpcServerProtocolClient.java:83)
	at org.apache.ratis.grpc.server.GrpcService.requestVote(GrpcService.java:195)
	at org.apache.ratis.server.impl.LeaderElection.lambda$submitRequests$1(LeaderElection.java:237)
	at java.util.concurrent.FutureTask.run(FutureTask.java:266)
	at java.util.concurrent.Executors$RunnableAdapter.call(Executors.java:511)
	at java.util.concurrent.FutureTask.run(FutureTask.java:266)
	at java.util.concurrent.ThreadPoolExecutor.runWorker(ThreadPoolExecutor.java:1149)
	at java.util.concurrent.ThreadPoolExecutor$Worker.run(ThreadPoolExecutor.java:624)
	... 1 more
Caused by: org.apache.ratis.thirdparty.io.netty.channel.AbstractChannel$AnnotatedConnectException: Connection refused: /192.168.69.124:39465
	at sun.nio.ch.SocketChannelImpl.checkConnect(Native Method)
	at sun.nio.ch.SocketChannelImpl.finishConnect(SocketChannelImpl.java:717)
	at org.apache.ratis.thirdparty.io.netty.channel.socket.nio.NioSocketChannel.doFinishConnect(NioSocketChannel.java:327)
	at org.apache.ratis.thirdparty.io.netty.channel.nio.AbstractNioChannel$AbstractNioUnsafe.finishConnect(AbstractNioChannel.java:340)
	at org.apache.ratis.thirdparty.io.netty.channel.nio.NioEventLoop.processSelectedKey(NioEventLoop.java:632)
	at org.apache.ratis.thirdparty.io.netty.channel.nio.NioEventLoop.processSelectedKeysOptimized(NioEventLoop.java:579)
	at org.apache.ratis.thirdparty.io.netty.channel.nio.NioEventLoop.processSelectedKeys(NioEventLoop.java:496)
	at org.apache.ratis.thirdparty.io.netty.channel.nio.NioEventLoop.run(NioEventLoop.java:458)
	at org.apache.ratis.thirdparty.io.netty.util.concurrent.SingleThreadEventExecutor$5.run(SingleThreadEventExecutor.java:897)
	at org.apache.ratis.thirdparty.io.netty.util.concurrent.FastThreadLocalRunnable.run(FastThreadLocalRunnable.java:30)
	... 1 more
Caused by: java.net.ConnectException: Connection refused
	... 11 more
2019-08-24 12:54:17,926 INFO  impl.LeaderElection (LogUtils.java:infoOrTrace(149)) -   Exception 1: {}
java.util.concurrent.ExecutionException: org.apache.ratis.thirdparty.io.grpc.StatusRuntimeException: UNAVAILABLE: io exception
	at java.util.concurrent.FutureTask.report(FutureTask.java:122)
	at java.util.concurrent.FutureTask.get(FutureTask.java:192)
	at org.apache.ratis.server.impl.LeaderElection.waitForResults(LeaderElection.java:262)
	at org.apache.ratis.server.impl.LeaderElection.askForVotes(LeaderElection.java:200)
	at org.apache.ratis.server.impl.LeaderElection.run(LeaderElection.java:130)
	at java.lang.Thread.run(Thread.java:748)
Caused by: org.apache.ratis.thirdparty.io.grpc.StatusRuntimeException: UNAVAILABLE: io exception
	at org.apache.ratis.thirdparty.io.grpc.stub.ClientCalls.toStatusRuntimeException(ClientCalls.java:233)
	at org.apache.ratis.thirdparty.io.grpc.stub.ClientCalls.getUnchecked(ClientCalls.java:214)
	at org.apache.ratis.thirdparty.io.grpc.stub.ClientCalls.blockingUnaryCall(ClientCalls.java:139)
	at org.apache.ratis.proto.grpc.RaftServerProtocolServiceGrpc$RaftServerProtocolServiceBlockingStub.requestVote(RaftServerProtocolServiceGrpc.java:265)
	at org.apache.ratis.grpc.server.GrpcServerProtocolClient.requestVote(GrpcServerProtocolClient.java:83)
	at org.apache.ratis.grpc.server.GrpcService.requestVote(GrpcService.java:195)
	at org.apache.ratis.server.impl.LeaderElection.lambda$submitRequests$1(LeaderElection.java:237)
	at java.util.concurrent.FutureTask.run(FutureTask.java:266)
	at java.util.concurrent.Executors$RunnableAdapter.call(Executors.java:511)
	at java.util.concurrent.FutureTask.run(FutureTask.java:266)
	at java.util.concurrent.ThreadPoolExecutor.runWorker(ThreadPoolExecutor.java:1149)
	at java.util.concurrent.ThreadPoolExecutor$Worker.run(ThreadPoolExecutor.java:624)
	... 1 more
Caused by: org.apache.ratis.thirdparty.io.netty.channel.AbstractChannel$AnnotatedConnectException: Connection refused: /192.168.69.124:33113
	at sun.nio.ch.SocketChannelImpl.checkConnect(Native Method)
	at sun.nio.ch.SocketChannelImpl.finishConnect(SocketChannelImpl.java:717)
	at org.apache.ratis.thirdparty.io.netty.channel.socket.nio.NioSocketChannel.doFinishConnect(NioSocketChannel.java:327)
	at org.apache.ratis.thirdparty.io.netty.channel.nio.AbstractNioChannel$AbstractNioUnsafe.finishConnect(AbstractNioChannel.java:340)
	at org.apache.ratis.thirdparty.io.netty.channel.nio.NioEventLoop.processSelectedKey(NioEventLoop.java:632)
	at org.apache.ratis.thirdparty.io.netty.channel.nio.NioEventLoop.processSelectedKeysOptimized(NioEventLoop.java:579)
	at org.apache.ratis.thirdparty.io.netty.channel.nio.NioEventLoop.processSelectedKeys(NioEventLoop.java:496)
	at org.apache.ratis.thirdparty.io.netty.channel.nio.NioEventLoop.run(NioEventLoop.java:458)
	at org.apache.ratis.thirdparty.io.netty.util.concurrent.SingleThreadEventExecutor$5.run(SingleThreadEventExecutor.java:897)
	at org.apache.ratis.thirdparty.io.netty.util.concurrent.FastThreadLocalRunnable.run(FastThreadLocalRunnable.java:30)
	... 1 more
Caused by: java.net.ConnectException: Connection refused
	... 11 more
2019-08-24 12:54:17,928 INFO  impl.RaftServerImpl (RaftServerImpl.java:setRole(171)) - 144ca2c3-c864-4a6d-85bb-c117ab4d9edf:group-D37511F228E9 changes role from CANDIDATE to FOLLOWER at term 1 for DISCOVERED_A_NEW_TERM
2019-08-24 12:54:17,929 INFO  impl.RoleInfo (RoleInfo.java:shutdownLeaderElection(134)) - 144ca2c3-c864-4a6d-85bb-c117ab4d9edf: shutdown LeaderElection
2019-08-24 12:54:17,929 INFO  impl.RoleInfo (RoleInfo.java:updateAndGet(143)) - 144ca2c3-c864-4a6d-85bb-c117ab4d9edf: start FollowerState
2019-08-24 12:54:17,934 INFO  segmented.SegmentedRaftLogWorker (SegmentedRaftLogWorker.java:execute(569)) - 144ca2c3-c864-4a6d-85bb-c117ab4d9edf-SegmentedRaftLogWorker:Storage Directory /workdir/hadoop-ozone/integration-test/target/test-dir/MiniOzoneClusterImpl-41984b6e-f72b-4a0e-8b27-1606d96635a1/datanode-2/data/ratis/9b766e92-de9f-4247-9ff5-eddcc7aab753: created new log segment /workdir/hadoop-ozone/integration-test/target/test-dir/MiniOzoneClusterImpl-41984b6e-f72b-4a0e-8b27-1606d96635a1/datanode-2/data/ratis/9b766e92-de9f-4247-9ff5-eddcc7aab753/current/log_inprogress_0
2019-08-24 12:54:22,374 INFO  ozoneimpl.OzoneContainer (OzoneContainer.java:stop(199)) - Attempting to stop container services.
2019-08-24 12:54:22,375 INFO  impl.RaftServerProxy (RaftServerProxy.java:lambda$close$4(314)) - 144ca2c3-c864-4a6d-85bb-c117ab4d9edf: close
2019-08-24 12:54:22,375 INFO  impl.RaftServerImpl (RaftServerImpl.java:lambda$shutdown$3(245)) - 144ca2c3-c864-4a6d-85bb-c117ab4d9edf: shutdown group-D37511F228E9
2019-08-24 12:54:22,375 INFO  util.JmxRegister (JmxRegister.java:unregister(73)) - Successfully un-registered JMX Bean with object name Ratis:service=RaftServer,group=group-D37511F228E9,id=144ca2c3-c864-4a6d-85bb-c117ab4d9edf
2019-08-24 12:54:22,376 INFO  impl.RoleInfo (RoleInfo.java:shutdownFollowerState(121)) - 144ca2c3-c864-4a6d-85bb-c117ab4d9edf: shutdown FollowerState
2019-08-24 12:54:22,376 INFO  impl.StateMachineUpdater (StateMachineUpdater.java:stopAndJoin(115)) - StateMachineUpdater:144ca2c3-c864-4a6d-85bb-c117ab4d9edf:group-D37511F228E9: set stopIndex = -1
2019-08-24 12:54:22,376 INFO  impl.FollowerState (FollowerState.java:run(114)) - 144ca2c3-c864-4a6d-85bb-c117ab4d9edf: FollowerState was interrupted: java.lang.InterruptedException: sleep interrupted
2019-08-24 12:54:22,376 INFO  impl.RaftServerImpl (ServerState.java:close(394)) - 144ca2c3-c864-4a6d-85bb-c117ab4d9edf:group-D37511F228E9 closes. The last applied log index is -1
2019-08-24 12:54:22,378 INFO  segmented.SegmentedRaftLogWorker (SegmentedRaftLogWorker.java:run(313)) - 144ca2c3-c864-4a6d-85bb-c117ab4d9edf-SegmentedRaftLogWorker:Storage Directory /workdir/hadoop-ozone/integration-test/target/test-dir/MiniOzoneClusterImpl-41984b6e-f72b-4a0e-8b27-1606d96635a1/datanode-2/data/ratis/f7ad8608-ad07-404c-8178-d37511f228e9 was interrupted, exiting. There are 0 tasks remaining in the queue.
2019-08-24 12:54:22,378 INFO  segmented.SegmentedRaftLogWorker (SegmentedRaftLogWorker.java:close(228)) - 144ca2c3-c864-4a6d-85bb-c117ab4d9edf-SegmentedRaftLogWorker:Storage Directory /workdir/hadoop-ozone/integration-test/target/test-dir/MiniOzoneClusterImpl-41984b6e-f72b-4a0e-8b27-1606d96635a1/datanode-2/data/ratis/f7ad8608-ad07-404c-8178-d37511f228e9 close()
2019-08-24 12:54:22,379 INFO  impl.RaftServerImpl (RaftServerImpl.java:lambda$shutdown$3(245)) - 144ca2c3-c864-4a6d-85bb-c117ab4d9edf: shutdown group-730DE5407053
2019-08-24 12:54:22,380 INFO  util.JmxRegister (JmxRegister.java:unregister(73)) - Successfully un-registered JMX Bean with object name Ratis:service=RaftServer,group=group-730DE5407053,id=144ca2c3-c864-4a6d-85bb-c117ab4d9edf
2019-08-24 12:54:22,380 INFO  impl.RoleInfo (RoleInfo.java:shutdownLeaderState(104)) - 144ca2c3-c864-4a6d-85bb-c117ab4d9edf: shutdown LeaderState
2019-08-24 12:54:22,380 INFO  impl.PendingRequests (PendingRequests.java:sendNotLeaderResponses(202)) - 144ca2c3-c864-4a6d-85bb-c117ab4d9edf-PendingRequests: sendNotLeaderResponses
2019-08-24 12:54:22,384 INFO  impl.StateMachineUpdater (StateMachineUpdater.java:stopAndJoin(115)) - StateMachineUpdater:144ca2c3-c864-4a6d-85bb-c117ab4d9edf:group-730DE5407053: set stopIndex = 2
2019-08-24 12:54:22,384 INFO  impl.RaftServerImpl (ServerState.java:close(394)) - 144ca2c3-c864-4a6d-85bb-c117ab4d9edf:group-730DE5407053 closes. The last applied log index is 2
2019-08-24 12:54:22,385 INFO  segmented.SegmentedRaftLogWorker (SegmentedRaftLogWorker.java:run(313)) - 144ca2c3-c864-4a6d-85bb-c117ab4d9edf-SegmentedRaftLogWorker:Storage Directory /workdir/hadoop-ozone/integration-test/target/test-dir/MiniOzoneClusterImpl-41984b6e-f72b-4a0e-8b27-1606d96635a1/datanode-2/data/ratis/184e1648-e8e7-403c-9a58-730de5407053 was interrupted, exiting. There are 0 tasks remaining in the queue.
2019-08-24 12:54:22,385 INFO  segmented.SegmentedRaftLogWorker (SegmentedRaftLogWorker.java:close(228)) - 144ca2c3-c864-4a6d-85bb-c117ab4d9edf-SegmentedRaftLogWorker:Storage Directory /workdir/hadoop-ozone/integration-test/target/test-dir/MiniOzoneClusterImpl-41984b6e-f72b-4a0e-8b27-1606d96635a1/datanode-2/data/ratis/184e1648-e8e7-403c-9a58-730de5407053 close()
2019-08-24 12:54:22,386 INFO  impl.RaftServerImpl (RaftServerImpl.java:lambda$shutdown$3(245)) - 144ca2c3-c864-4a6d-85bb-c117ab4d9edf: shutdown group-EDDCC7AAB753
2019-08-24 12:54:22,386 INFO  util.JmxRegister (JmxRegister.java:unregister(73)) - Successfully un-registered JMX Bean with object name Ratis:service=RaftServer,group=group-EDDCC7AAB753,id=144ca2c3-c864-4a6d-85bb-c117ab4d9edf
2019-08-24 12:54:22,386 INFO  impl.RoleInfo (RoleInfo.java:shutdownLeaderState(104)) - 144ca2c3-c864-4a6d-85bb-c117ab4d9edf: shutdown LeaderState
2019-08-24 12:54:22,387 INFO  impl.PendingRequests (PendingRequests.java:sendNotLeaderResponses(202)) - 144ca2c3-c864-4a6d-85bb-c117ab4d9edf-PendingRequests: sendNotLeaderResponses
2019-08-24 12:54:22,387 INFO  impl.StateMachineUpdater (StateMachineUpdater.java:stopAndJoin(115)) - StateMachineUpdater:144ca2c3-c864-4a6d-85bb-c117ab4d9edf:group-EDDCC7AAB753: set stopIndex = 0
2019-08-24 12:54:22,387 INFO  impl.RaftServerImpl (ServerState.java:close(394)) - 144ca2c3-c864-4a6d-85bb-c117ab4d9edf:group-EDDCC7AAB753 closes. The last applied log index is 0
2019-08-24 12:54:22,388 INFO  segmented.SegmentedRaftLogWorker (SegmentedRaftLogWorker.java:run(313)) - 144ca2c3-c864-4a6d-85bb-c117ab4d9edf-SegmentedRaftLogWorker:Storage Directory /workdir/hadoop-ozone/integration-test/target/test-dir/MiniOzoneClusterImpl-41984b6e-f72b-4a0e-8b27-1606d96635a1/datanode-2/data/ratis/9b766e92-de9f-4247-9ff5-eddcc7aab753 was interrupted, exiting. There are 0 tasks remaining in the queue.
2019-08-24 12:54:22,389 INFO  segmented.SegmentedRaftLogWorker (SegmentedRaftLogWorker.java:close(228)) - 144ca2c3-c864-4a6d-85bb-c117ab4d9edf-SegmentedRaftLogWorker:Storage Directory /workdir/hadoop-ozone/integration-test/target/test-dir/MiniOzoneClusterImpl-41984b6e-f72b-4a0e-8b27-1606d96635a1/datanode-2/data/ratis/9b766e92-de9f-4247-9ff5-eddcc7aab753 close()
2019-08-24 12:54:22,390 INFO  server.GrpcService (GrpcService.java:closeImpl(155)) - 144ca2c3-c864-4a6d-85bb-c117ab4d9edf: shutdown server with port 36478 now
2019-08-24 12:54:22,393 INFO  server.GrpcService (GrpcService.java:closeImpl(163)) - 144ca2c3-c864-4a6d-85bb-c117ab4d9edf: shutdown server with port 36478 successfully
2019-08-24 12:54:22,394 INFO  utils.BackgroundService (BackgroundService.java:shutdown(148)) - Shutting down service BlockDeletingService
2019-08-24 12:54:22,395 WARN  fs.CachingGetSpaceUsed (CachingGetSpaceUsed.java:run(183)) - Thread Interrupted waiting to refresh disk information: sleep interrupted
2019-08-24 12:54:22,412 INFO  statemachine.DatanodeStateMachine (DatanodeStateMachine.java:stopDaemon(395)) - Ozone container server stopped.
2019-08-24 12:54:22,415 INFO  handler.ContextHandler (ContextHandler.java:doStop(910)) - Stopped o.e.j.w.WebAppContext@7f9a0c7d{/,null,UNAVAILABLE}{/hddsDatanode}
2019-08-24 12:54:22,416 INFO  server.AbstractConnector (AbstractConnector.java:doStop(318)) - Stopped ServerConnector@da89206{HTTP/1.1,[http/1.1]}{0.0.0.0:36267}
2019-08-24 12:54:22,417 INFO  handler.ContextHandler (ContextHandler.java:doStop(910)) - Stopped o.e.j.s.ServletContextHandler@20da958{/static,jar:file:/home/user/.m2/repository/org/apache/hadoop/hadoop-hdds-container-service/0.4.1-SNAPSHOT/hadoop-hdds-container-service-0.4.1-SNAPSHOT.jar!/webapps/static,UNAVAILABLE}
2019-08-24 12:54:22,418 INFO  handler.ContextHandler (ContextHandler.java:doStop(910)) - Stopped o.e.j.s.ServletContextHandler@1542ceb3{/logs,file:///workdir/hadoop-ozone/integration-test/target/log,UNAVAILABLE}
2019-08-24 12:54:22,418 INFO  ozone.MiniOzoneClusterImpl (MiniOzoneClusterImpl.java:stop(353)) - Stopping the StorageContainerManager
2019-08-24 12:54:22,419 INFO  server.StorageContainerManager (StorageContainerManager.java:stop(797)) - Stopping Replication Manager Service.
2019-08-24 12:54:22,419 INFO  container.ReplicationManager (ReplicationManager.java:stop(193)) - Stopping Replication Monitor Thread.
2019-08-24 12:54:22,419 INFO  server.StorageContainerManager (StorageContainerManager.java:stop(804)) - Stopping Lease Manager of the command watchers
2019-08-24 12:54:22,419 INFO  server.StorageContainerManager (StorageContainerManager.java:stop(811)) - Stopping datanode service RPC server
2019-08-24 12:54:22,419 INFO  server.SCMDatanodeProtocolServer (SCMDatanodeProtocolServer.java:stop(367)) - Stopping the RPC server for DataNodes
2019-08-24 12:54:22,420 INFO  ipc.Server (Server.java:stop(3082)) - Stopping server on 33278
2019-08-24 12:54:22,422 INFO  ipc.Server (Server.java:run(1185)) - Stopping IPC Server listener on 33278
2019-08-24 12:54:22,424 INFO  ipc.Server (Server.java:run(1319)) - Stopping IPC Server Responder
2019-08-24 12:54:22,752 WARN  node.NodeStateManager (NodeStateManager.java:scheduleNextHealthCheck(646)) - Current Thread is interrupted, shutting down HB processing thread for Node Manager.
2019-08-24 12:54:22,752 INFO  node.StaleNodeHandler (StaleNodeHandler.java:onMessage(58)) - Datanode 144ca2c3-c864-4a6d-85bb-c117ab4d9edf{ip: 192.168.69.124, host: pr-hdds-2029-g5rx4-259851958, networkLocation: /default-rack, certSerialId: null} moved to stale state. Finalizing its pipelines [PipelineID=f7ad8608-ad07-404c-8178-d37511f228e9, PipelineID=184e1648-e8e7-403c-9a58-730de5407053, PipelineID=9b766e92-de9f-4247-9ff5-eddcc7aab753]
2019-08-24 12:54:22,752 INFO  server.StorageContainerManager (StorageContainerManager.java:stop(819)) - Stopping block service RPC server
2019-08-24 12:54:22,752 INFO  server.SCMBlockProtocolServer (SCMBlockProtocolServer.java:stop(148)) - Stopping the RPC server for Block Protocol
2019-08-24 12:54:22,752 INFO  pipeline.SCMPipelineManager (SCMPipelineManager.java:finalizeAndDestroyPipeline(309)) - destroying pipeline:Pipeline[ Id: f7ad8608-ad07-404c-8178-d37511f228e9, Nodes: 88606864-d3c7-410e-8604-6d8d21473076{ip: 192.168.69.124, host: pr-hdds-2029-g5rx4-259851958, networkLocation: /default-rack, certSerialId: null}cff0f701-856b-47b5-97eb-c2f7cf466fad{ip: 192.168.69.124, host: pr-hdds-2029-g5rx4-259851958, networkLocation: /default-rack, certSerialId: null}144ca2c3-c864-4a6d-85bb-c117ab4d9edf{ip: 192.168.69.124, host: pr-hdds-2029-g5rx4-259851958, networkLocation: /default-rack, certSerialId: null}, Type:RATIS, Factor:THREE, State:CLOSED]
2019-08-24 12:54:22,753 INFO  ipc.Server (Server.java:stop(3082)) - Stopping server on 40779
2019-08-24 12:54:22,754 INFO  pipeline.SCMPipelineManager (SCMPipelineManager.java:finalizeAndDestroyPipeline(309)) - destroying pipeline:Pipeline[ Id: 184e1648-e8e7-403c-9a58-730de5407053, Nodes: 144ca2c3-c864-4a6d-85bb-c117ab4d9edf{ip: 192.168.69.124, host: pr-hdds-2029-g5rx4-259851958, networkLocation: /default-rack, certSerialId: null}, Type:RATIS, Factor:ONE, State:CLOSED]
2019-08-24 12:54:22,755 INFO  pipeline.SCMPipelineManager (SCMPipelineManager.java:finalizeAndDestroyPipeline(309)) - destroying pipeline:Pipeline[ Id: 9b766e92-de9f-4247-9ff5-eddcc7aab753, Nodes: 144ca2c3-c864-4a6d-85bb-c117ab4d9edf{ip: 192.168.69.124, host: pr-hdds-2029-g5rx4-259851958, networkLocation: /default-rack, certSerialId: null}, Type:RATIS, Factor:ONE, State:OPEN]
2019-08-24 12:54:22,755 INFO  ipc.Server (Server.java:run(1185)) - Stopping IPC Server listener on 40779
2019-08-24 12:54:22,755 INFO  server.StorageContainerManager (StorageContainerManager.java:stop(826)) - Stopping the StorageContainerLocationProtocol RPC server
2019-08-24 12:54:22,755 INFO  pipeline.PipelineStateManager (PipelineStateManager.java:finalizePipeline(123)) - Pipeline Pipeline[ Id: 9b766e92-de9f-4247-9ff5-eddcc7aab753, Nodes: 144ca2c3-c864-4a6d-85bb-c117ab4d9edf{ip: 192.168.69.124, host: pr-hdds-2029-g5rx4-259851958, networkLocation: /default-rack, certSerialId: null}, Type:RATIS, Factor:ONE, State:CLOSED] moved to CLOSED state
2019-08-24 12:54:22,755 INFO  server.SCMClientProtocolServer (SCMClientProtocolServer.java:stop(159)) - Stopping the RPC server for Client Protocol
2019-08-24 12:54:22,757 INFO  ipc.Server (Server.java:run(1319)) - Stopping IPC Server Responder
2019-08-24 12:54:22,758 INFO  ipc.Server (Server.java:stop(3082)) - Stopping server on 34824
2019-08-24 12:54:22,760 INFO  ipc.Server (Server.java:run(1185)) - Stopping IPC Server listener on 34824
2019-08-24 12:54:22,760 INFO  server.StorageContainerManager (StorageContainerManager.java:stop(833)) - Stopping Storage Container Manager HTTP server.
2019-08-24 12:54:22,761 INFO  ipc.Server (Server.java:run(1319)) - Stopping IPC Server Responder
2019-08-24 12:54:22,763 INFO  handler.ContextHandler (ContextHandler.java:doStop(910)) - Stopped o.e.j.w.WebAppContext@6919bca5{/,null,UNAVAILABLE}{/scm}
2019-08-24 12:54:22,764 INFO  server.AbstractConnector (AbstractConnector.java:doStop(318)) - Stopped ServerConnector@17f1e170{HTTP/1.1,[http/1.1]}{0.0.0.0:0}
2019-08-24 12:54:22,765 INFO  handler.ContextHandler (ContextHandler.java:doStop(910)) - Stopped o.e.j.s.ServletContextHandler@6fb1b5b{/static,file:///workdir/hadoop-ozone/integration-test/target/test-classes/webapps/static,UNAVAILABLE}
2019-08-24 12:54:22,766 INFO  handler.ContextHandler (ContextHandler.java:doStop(910)) - Stopped o.e.j.s.ServletContextHandler@7c6413e3{/logs,file:///workdir/hadoop-ozone/integration-test/target/log,UNAVAILABLE}
2019-08-24 12:54:22,767 INFO  server.StorageContainerManager (StorageContainerManager.java:stop(844)) - Stopping Block Manager Service.
2019-08-24 12:54:22,767 INFO  utils.BackgroundService (BackgroundService.java:shutdown(148)) - Shutting down service SCMBlockDeletingService
2019-08-24 12:54:22,768 INFO  utils.BackgroundService (BackgroundService.java:shutdown(148)) - Shutting down service SCMBlockDeletingService
2019-08-24 12:54:22,769 INFO  server.StorageContainerManager (StorageContainerManager.java:stop(866)) - Stopping SCM Event Queue.
2019-08-24 12:54:22,776 INFO  impl.MetricsSystemImpl (MetricsSystemImpl.java:stop(210)) - Stopping HddsDatanode metrics system...
2019-08-24 12:54:22,785 INFO  impl.MetricsSystemImpl (MetricsSystemImpl.java:stop(216)) - HddsDatanode metrics system stopped.
]]></system-out>
    <system-err><![CDATA[Aug 24, 2019 12:53:44 PM com.sun.jersey.server.impl.application.WebApplicationImpl _initiate
INFO: Initiating Jersey application, version 'Jersey: 1.19 02/11/2015 03:25 AM'
Aug 24, 2019 12:53:44 PM com.sun.jersey.server.impl.application.WebApplicationImpl _initiate
INFO: Initiating Jersey application, version 'Jersey: 1.19 02/11/2015 03:25 AM'
Aug 24, 2019 12:53:44 PM com.sun.jersey.server.impl.application.WebApplicationImpl _initiate
INFO: Initiating Jersey application, version 'Jersey: 1.19 02/11/2015 03:25 AM'
Aug 24, 2019 12:54:05 PM com.sun.jersey.server.impl.application.WebApplicationImpl _initiate
INFO: Initiating Jersey application, version 'Jersey: 1.19 02/11/2015 03:25 AM'
Aug 24, 2019 12:54:05 PM com.sun.jersey.server.impl.application.WebApplicationImpl _initiate
INFO: Initiating Jersey application, version 'Jersey: 1.19 02/11/2015 03:25 AM'
Aug 24, 2019 12:54:05 PM com.sun.jersey.server.impl.application.WebApplicationImpl _initiate
INFO: Initiating Jersey application, version 'Jersey: 1.19 02/11/2015 03:25 AM'
]]></system-err>
  </testcase>
</testsuite>