<?xml version="1.0" encoding="UTF-8"?>
<testsuite xmlns:xsi="http://www.w3.org/2001/XMLSchema-instance" xsi:noNamespaceSchemaLocation="https://maven.apache.org/surefire/maven-surefire-plugin/xsd/surefire-test-report.xsd" name="org.apache.hadoop.ozone.client.rpc.TestOzoneClientRetriesOnException" time="85.409" tests="2" errors="1" skipped="0" failures="0">
  <properties>
    <property name="awt.toolkit" value="sun.awt.X11.XToolkit"/>
    <property name="file.encoding.pkg" value="sun.io"/>
    <property name="java.specification.version" value="1.8"/>
    <property name="sun.cpu.isalist" value=""/>
    <property name="sun.jnu.encoding" value="UTF-8"/>
    <property name="java.class.path" value="/workdir/hadoop-ozone/integration-test/target/test-classes:/workdir/hadoop-ozone/integration-test/target/classes:/home/user/.m2/repository/org/apache/hadoop/hadoop-ozone-common/0.4.1-SNAPSHOT/hadoop-ozone-common-0.4.1-SNAPSHOT.jar:/home/user/.m2/repository/org/apache/commons/commons-compress/1.4.1/commons-compress-1.4.1.jar:/home/user/.m2/repository/org/tukaani/xz/1.0/xz-1.0.jar:/home/user/.m2/repository/org/apache/hadoop/hadoop-common/3.2.0/hadoop-common-3.2.0.jar:/home/user/.m2/repository/org/apache/hadoop/hadoop-hdfs/3.2.0/hadoop-hdfs-3.2.0.jar:/home/user/.m2/repository/org/apache/hadoop/hadoop-hdfs-client/3.2.0/hadoop-hdfs-client-3.2.0.jar:/home/user/.m2/repository/com/fasterxml/jackson/core/jackson-annotations/2.9.5/jackson-annotations-2.9.5.jar:/home/user/.m2/repository/org/apache/hadoop/hadoop-hdds-common/0.4.1-SNAPSHOT/hadoop-hdds-common-0.4.1-SNAPSHOT.jar:/home/user/.m2/repository/javax/annotation/javax.annotation-api/1.2/javax.annotation-api-1.2.jar:/home/user/.m2/repository/org/apache/ratis/ratis-server/0.4.0-2337318-SNAPSHOT/ratis-server-0.4.0-2337318-SNAPSHOT.jar:/home/user/.m2/repository/org/apache/ratis/ratis-thirdparty-misc/0.2.0/ratis-thirdparty-misc-0.2.0.jar:/home/user/.m2/repository/org/apache/ratis/ratis-proto/0.4.0-2337318-SNAPSHOT/ratis-proto-0.4.0-2337318-SNAPSHOT.jar:/home/user/.m2/repository/org/apache/ratis/ratis-common/0.4.0-2337318-SNAPSHOT/ratis-common-0.4.0-2337318-SNAPSHOT.jar:/home/user/.m2/repository/org/apache/ratis/ratis-client/0.4.0-2337318-SNAPSHOT/ratis-client-0.4.0-2337318-SNAPSHOT.jar:/home/user/.m2/repository/org/apache/ratis/ratis-metrics/0.4.0-2337318-SNAPSHOT/ratis-metrics-0.4.0-2337318-SNAPSHOT.jar:/home/user/.m2/repository/org/apache/ratis/ratis-netty/0.4.0-2337318-SNAPSHOT/ratis-netty-0.4.0-2337318-SNAPSHOT.jar:/home/user/.m2/repository/org/apache/ratis/ratis-grpc/0.4.0-2337318-SNAPSHOT/ratis-grpc-0.4.0-2337318-SNAPSHOT.jar:/home/user/.m2/repository/org/rocksdb/rocksdbjni/6.0.1/rocksdbjni-6.0.1.jar:/home/user/.m2/repository/org/apache/logging/log4j/log4j-api/2.11.0/log4j-api-2.11.0.jar:/home/user/.m2/repository/org/apache/logging/log4j/log4j-core/2.11.0/log4j-core-2.11.0.jar:/home/user/.m2/repository/com/lmax/disruptor/3.4.2/disruptor-3.4.2.jar:/home/user/.m2/repository/org/apache/commons/commons-pool2/2.6.0/commons-pool2-2.6.0.jar:/home/user/.m2/repository/org/bouncycastle/bcpkix-jdk15on/1.60/bcpkix-jdk15on-1.60.jar:/home/user/.m2/repository/commons-validator/commons-validator/1.6/commons-validator-1.6.jar:/home/user/.m2/repository/commons-digester/commons-digester/1.8.1/commons-digester-1.8.1.jar:/home/user/.m2/repository/io/jaegertracing/jaeger-client/0.33.1/jaeger-client-0.33.1.jar:/home/user/.m2/repository/io/jaegertracing/jaeger-thrift/0.33.1/jaeger-thrift-0.33.1.jar:/home/user/.m2/repository/org/apache/thrift/libthrift/0.11.0/libthrift-0.11.0.jar:/home/user/.m2/repository/com/squareup/okhttp3/okhttp/3.9.0/okhttp-3.9.0.jar:/home/user/.m2/repository/com/squareup/okio/okio/1.13.0/okio-1.13.0.jar:/home/user/.m2/repository/io/jaegertracing/jaeger-core/0.33.1/jaeger-core-0.33.1.jar:/home/user/.m2/repository/io/jaegertracing/jaeger-tracerresolver/0.33.1/jaeger-tracerresolver-0.33.1.jar:/home/user/.m2/repository/io/opentracing/contrib/opentracing-tracerresolver/0.1.5/opentracing-tracerresolver-0.1.5.jar:/home/user/.m2/repository/io/opentracing/opentracing-util/0.31.0/opentracing-util-0.31.0.jar:/home/user/.m2/repository/io/opentracing/opentracing-api/0.31.0/opentracing-api-0.31.0.jar:/home/user/.m2/repository/io/opentracing/opentracing-noop/0.31.0/opentracing-noop-0.31.0.jar:/home/user/.m2/repository/org/apache/hadoop/hadoop-hdds-server-framework/0.4.1-SNAPSHOT/hadoop-hdds-server-framework-0.4.1-SNAPSHOT.jar:/home/user/.m2/repository/org/apache/hadoop/hadoop-hdds-container-service/0.4.1-SNAPSHOT/hadoop-hdds-container-service-0.4.1-SNAPSHOT.jar:/home/user/.m2/repository/org/apache/hadoop/hadoop-hdds-client/0.4.1-SNAPSHOT/hadoop-hdds-client-0.4.1-SNAPSHOT.jar:/home/user/.m2/repository/org/apache/hadoop/hadoop-hdds-tools/0.4.1-SNAPSHOT/hadoop-hdds-tools-0.4.1-SNAPSHOT.jar:/home/user/.m2/repository/org/apache/hadoop/hadoop-hdds-server-scm/0.4.1-SNAPSHOT/hadoop-hdds-server-scm-0.4.1-SNAPSHOT.jar:/home/user/.m2/repository/org/apache/hadoop/hadoop-hdds-docs/0.4.1-SNAPSHOT/hadoop-hdds-docs-0.4.1-SNAPSHOT.jar:/home/user/.m2/repository/io/dropwizard/metrics/metrics-core/3.2.4/metrics-core-3.2.4.jar:/home/user/.m2/repository/org/hamcrest/hamcrest-all/1.3/hamcrest-all-1.3.jar:/home/user/.m2/repository/org/bouncycastle/bcprov-jdk15on/1.60/bcprov-jdk15on-1.60.jar:/home/user/.m2/repository/info/picocli/picocli/3.9.6/picocli-3.9.6.jar:/home/user/.m2/repository/com/google/protobuf/protobuf-java/2.5.0/protobuf-java-2.5.0.jar:/home/user/.m2/repository/com/google/guava/guava/11.0.2/guava-11.0.2.jar:/home/user/.m2/repository/org/apache/hadoop/hadoop-ozone-ozone-manager/0.4.1-SNAPSHOT/hadoop-ozone-ozone-manager-0.4.1-SNAPSHOT.jar:/home/user/.m2/repository/org/apache/hadoop/hadoop-minikdc/3.2.0/hadoop-minikdc-3.2.0.jar:/home/user/.m2/repository/commons-io/commons-io/2.5/commons-io-2.5.jar:/home/user/.m2/repository/org/apache/kerby/kerb-simplekdc/1.0.1/kerb-simplekdc-1.0.1.jar:/home/user/.m2/repository/org/apache/kerby/kerb-client/1.0.1/kerb-client-1.0.1.jar:/home/user/.m2/repository/org/apache/kerby/kerby-config/1.0.1/kerby-config-1.0.1.jar:/home/user/.m2/repository/org/apache/kerby/kerb-core/1.0.1/kerb-core-1.0.1.jar:/home/user/.m2/repository/org/apache/kerby/kerby-pkix/1.0.1/kerby-pkix-1.0.1.jar:/home/user/.m2/repository/org/apache/kerby/kerby-asn1/1.0.1/kerby-asn1-1.0.1.jar:/home/user/.m2/repository/org/apache/kerby/kerby-util/1.0.1/kerby-util-1.0.1.jar:/home/user/.m2/repository/org/apache/kerby/kerb-common/1.0.1/kerb-common-1.0.1.jar:/home/user/.m2/repository/org/apache/kerby/kerb-crypto/1.0.1/kerb-crypto-1.0.1.jar:/home/user/.m2/repository/org/apache/kerby/kerb-util/1.0.1/kerb-util-1.0.1.jar:/home/user/.m2/repository/org/apache/kerby/token-provider/1.0.1/token-provider-1.0.1.jar:/home/user/.m2/repository/org/apache/kerby/kerb-admin/1.0.1/kerb-admin-1.0.1.jar:/home/user/.m2/repository/org/apache/kerby/kerb-server/1.0.1/kerb-server-1.0.1.jar:/home/user/.m2/repository/org/apache/kerby/kerb-identity/1.0.1/kerb-identity-1.0.1.jar:/home/user/.m2/repository/org/apache/kerby/kerby-xdr/1.0.1/kerby-xdr-1.0.1.jar:/home/user/.m2/repository/org/slf4j/slf4j-log4j12/1.7.25/slf4j-log4j12-1.7.25.jar:/home/user/.m2/repository/org/apache/hadoop/hadoop-ozone-objectstore-service/0.4.1-SNAPSHOT/hadoop-ozone-objectstore-service-0.4.1-SNAPSHOT.jar:/home/user/.m2/repository/org/apache/hadoop/hadoop-ozone-s3gateway/0.4.1-SNAPSHOT/hadoop-ozone-s3gateway-0.4.1-SNAPSHOT.jar:/home/user/.m2/repository/org/jboss/weld/servlet/weld-servlet/2.4.7.Final/weld-servlet-2.4.7.Final.jar:/home/user/.m2/repository/org/glassfish/jersey/containers/jersey-container-servlet-core/2.27/jersey-container-servlet-core-2.27.jar:/home/user/.m2/repository/org/glassfish/hk2/external/javax.inject/2.5.0-b42/javax.inject-2.5.0-b42.jar:/home/user/.m2/repository/org/glassfish/jersey/core/jersey-common/2.27/jersey-common-2.27.jar:/home/user/.m2/repository/org/glassfish/hk2/osgi-resource-locator/1.0.1/osgi-resource-locator-1.0.1.jar:/home/user/.m2/repository/javax/ws/rs/javax.ws.rs-api/2.1/javax.ws.rs-api-2.1.jar:/home/user/.m2/repository/org/glassfish/jersey/ext/cdi/jersey-cdi1x/2.27/jersey-cdi1x-2.27.jar:/home/user/.m2/repository/org/glassfish/jersey/inject/jersey-hk2/2.27/jersey-hk2-2.27.jar:/home/user/.m2/repository/org/glassfish/hk2/hk2-locator/2.5.0-b42/hk2-locator-2.5.0-b42.jar:/home/user/.m2/repository/org/javassist/javassist/3.22.0-CR2/javassist-3.22.0-CR2.jar:/home/user/.m2/repository/org/glassfish/hk2/hk2-api/2.5.0/hk2-api-2.5.0.jar:/home/user/.m2/repository/org/glassfish/hk2/external/jakarta.inject/2.5.0/jakarta.inject-2.5.0.jar:/home/user/.m2/repository/org/glassfish/hk2/hk2-utils/2.5.0/hk2-utils-2.5.0.jar:/home/user/.m2/repository/jakarta/annotation/jakarta.annotation-api/1.3.4/jakarta.annotation-api-1.3.4.jar:/home/user/.m2/repository/org/glassfish/hk2/external/aopalliance-repackaged/2.5.0/aopalliance-repackaged-2.5.0.jar:/home/user/.m2/repository/com/fasterxml/jackson/dataformat/jackson-dataformat-xml/2.9.0/jackson-dataformat-xml-2.9.0.jar:/home/user/.m2/repository/com/fasterxml/jackson/core/jackson-core/2.9.5/jackson-core-2.9.5.jar:/home/user/.m2/repository/com/fasterxml/jackson/module/jackson-module-jaxb-annotations/2.9.5/jackson-module-jaxb-annotations-2.9.5.jar:/home/user/.m2/repository/javax/enterprise/cdi-api/1.2/cdi-api-1.2.jar:/home/user/.m2/repository/javax/el/javax.el-api/3.0.0/javax.el-api-3.0.0.jar:/home/user/.m2/repository/javax/interceptor/javax.interceptor-api/1.2/javax.interceptor-api-1.2.jar:/home/user/.m2/repository/javax/inject/javax.inject/1/javax.inject-1.jar:/home/user/.m2/repository/com/sun/xml/bind/jaxb-impl/2.3.0.1/jaxb-impl-2.3.0.1.jar:/home/user/.m2/repository/com/sun/xml/bind/jaxb-core/2.3.0.1/jaxb-core-2.3.0.1.jar:/home/user/.m2/repository/javax/xml/bind/jaxb-api/2.3.0/jaxb-api-2.3.0.jar:/home/user/.m2/repository/javax/activation/activation/1.1.1/activation-1.1.1.jar:/home/user/.m2/repository/org/apache/hadoop/hadoop-ozone-csi/0.4.1-SNAPSHOT/hadoop-ozone-csi-0.4.1-SNAPSHOT.jar:/home/user/.m2/repository/com/google/protobuf/protobuf-java-util/3.5.1/protobuf-java-util-3.5.1.jar:/home/user/.m2/repository/org/apache/hadoop/hadoop-hdds-config/0.4.1-SNAPSHOT/hadoop-hdds-config-0.4.1-SNAPSHOT.jar:/home/user/.m2/repository/io/grpc/grpc-netty/1.17.1/grpc-netty-1.17.1.jar:/home/user/.m2/repository/io/grpc/grpc-core/1.17.1/grpc-core-1.17.1.jar:/home/user/.m2/repository/io/grpc/grpc-context/1.17.1/grpc-context-1.17.1.jar:/home/user/.m2/repository/com/google/errorprone/error_prone_annotations/2.2.0/error_prone_annotations-2.2.0.jar:/home/user/.m2/repository/org/codehaus/mojo/animal-sniffer-annotations/1.17/animal-sniffer-annotations-1.17.jar:/home/user/.m2/repository/io/opencensus/opencensus-api/0.17.0/opencensus-api-0.17.0.jar:/home/user/.m2/repository/io/opencensus/opencensus-contrib-grpc-metrics/0.17.0/opencensus-contrib-grpc-metrics-0.17.0.jar:/home/user/.m2/repository/io/netty/netty-codec-http2/4.1.30.Final/netty-codec-http2-4.1.30.Final.jar:/home/user/.m2/repository/io/netty/netty-codec-http/4.1.30.Final/netty-codec-http-4.1.30.Final.jar:/home/user/.m2/repository/io/netty/netty-codec/4.1.30.Final/netty-codec-4.1.30.Final.jar:/home/user/.m2/repository/io/netty/netty-handler/4.1.30.Final/netty-handler-4.1.30.Final.jar:/home/user/.m2/repository/io/netty/netty-handler-proxy/4.1.30.Final/netty-handler-proxy-4.1.30.Final.jar:/home/user/.m2/repository/io/netty/netty-codec-socks/4.1.30.Final/netty-codec-socks-4.1.30.Final.jar:/home/user/.m2/repository/io/netty/netty-transport-native-epoll/4.1.30.Final/netty-transport-native-epoll-4.1.30.Final.jar:/home/user/.m2/repository/io/netty/netty-common/4.1.30.Final/netty-common-4.1.30.Final.jar:/home/user/.m2/repository/io/netty/netty-buffer/4.1.30.Final/netty-buffer-4.1.30.Final.jar:/home/user/.m2/repository/io/netty/netty-transport/4.1.30.Final/netty-transport-4.1.30.Final.jar:/home/user/.m2/repository/io/netty/netty-resolver/4.1.30.Final/netty-resolver-4.1.30.Final.jar:/home/user/.m2/repository/io/netty/netty-transport-native-unix-common/4.1.30.Final/netty-transport-native-unix-common-4.1.30.Final.jar:/home/user/.m2/repository/io/grpc/grpc-protobuf/1.17.1/grpc-protobuf-1.17.1.jar:/home/user/.m2/repository/com/google/api/grpc/proto-google-common-protos/1.0.0/proto-google-common-protos-1.0.0.jar:/home/user/.m2/repository/io/grpc/grpc-protobuf-lite/1.17.1/grpc-protobuf-lite-1.17.1.jar:/home/user/.m2/repository/io/grpc/grpc-stub/1.17.1/grpc-stub-1.17.1.jar:/home/user/.m2/repository/org/apache/hadoop/hadoop-ozone-recon/0.4.1-SNAPSHOT/hadoop-ozone-recon-0.4.1-SNAPSHOT.jar:/home/user/.m2/repository/org/apache/hadoop/hadoop-ozone-reconcodegen/0.4.1-SNAPSHOT/hadoop-ozone-reconcodegen-0.4.1-SNAPSHOT.jar:/home/user/.m2/repository/com/google/inject/extensions/guice-multibindings/4.0/guice-multibindings-4.0.jar:/home/user/.m2/repository/com/google/inject/guice/4.0/guice-4.0.jar:/home/user/.m2/repository/aopalliance/aopalliance/1.0/aopalliance-1.0.jar:/home/user/.m2/repository/com/google/inject/extensions/guice-servlet/4.0/guice-servlet-4.0.jar:/home/user/.m2/repository/org/glassfish/jersey/containers/jersey-container-servlet/2.27/jersey-container-servlet-2.27.jar:/home/user/.m2/repository/org/glassfish/hk2/guice-bridge/2.5.0/guice-bridge-2.5.0.jar:/home/user/.m2/repository/org/glassfish/jersey/core/jersey-server/2.27/jersey-server-2.27.jar:/home/user/.m2/repository/org/glassfish/jersey/core/jersey-client/2.27/jersey-client-2.27.jar:/home/user/.m2/repository/org/glassfish/jersey/media/jersey-media-jaxb/2.27/jersey-media-jaxb-2.27.jar:/home/user/.m2/repository/javax/validation/validation-api/1.1.0.Final/validation-api-1.1.0.Final.jar:/home/user/.m2/repository/org/glassfish/jersey/media/jersey-media-json-jackson/2.27/jersey-media-json-jackson-2.27.jar:/home/user/.m2/repository/org/glassfish/jersey/ext/jersey-entity-filtering/2.27/jersey-entity-filtering-2.27.jar:/home/user/.m2/repository/com/google/inject/extensions/guice-assistedinject/4.0/guice-assistedinject-4.0.jar:/home/user/.m2/repository/org/jooq/jooq/3.11.10/jooq-3.11.10.jar:/home/user/.m2/repository/org/jooq/jooq-meta/3.11.10/jooq-meta-3.11.10.jar:/home/user/.m2/repository/org/jooq/jooq-codegen/3.11.10/jooq-codegen-3.11.10.jar:/home/user/.m2/repository/com/jolbox/bonecp/0.8.0.RELEASE/bonecp-0.8.0.RELEASE.jar:/home/user/.m2/repository/org/xerial/sqlite-jdbc/3.25.2/sqlite-jdbc-3.25.2.jar:/home/user/.m2/repository/org/springframework/spring-jdbc/5.1.3.RELEASE/spring-jdbc-5.1.3.RELEASE.jar:/home/user/.m2/repository/org/springframework/spring-beans/5.1.3.RELEASE/spring-beans-5.1.3.RELEASE.jar:/home/user/.m2/repository/org/springframework/spring-core/5.1.3.RELEASE/spring-core-5.1.3.RELEASE.jar:/home/user/.m2/repository/org/springframework/spring-jcl/5.1.3.RELEASE/spring-jcl-5.1.3.RELEASE.jar:/home/user/.m2/repository/org/springframework/spring-tx/5.1.3.RELEASE/spring-tx-5.1.3.RELEASE.jar:/home/user/.m2/repository/org/apache/hadoop/hadoop-ozone-client/0.4.1-SNAPSHOT/hadoop-ozone-client-0.4.1-SNAPSHOT.jar:/home/user/.m2/repository/commons-lang/commons-lang/2.6/commons-lang-2.6.jar:/home/user/.m2/repository/org/apache/hadoop/hadoop-ozone-ozone-manager/0.4.1-SNAPSHOT/hadoop-ozone-ozone-manager-0.4.1-SNAPSHOT-tests.jar:/home/user/.m2/repository/junit/junit/4.11/junit-4.11.jar:/home/user/.m2/repository/org/hamcrest/hamcrest-core/1.3/hamcrest-core-1.3.jar:/home/user/.m2/repository/org/openjdk/jmh/jmh-core/1.19/jmh-core-1.19.jar:/home/user/.m2/repository/net/sf/jopt-simple/jopt-simple/4.6/jopt-simple-4.6.jar:/home/user/.m2/repository/org/apache/commons/commons-math3/3.1.1/commons-math3-3.1.1.jar:/home/user/.m2/repository/org/openjdk/jmh/jmh-generator-annprocess/1.19/jmh-generator-annprocess-1.19.jar:/home/user/.m2/repository/org/mockito/mockito-all/1.8.5/mockito-all-1.8.5.jar:/home/user/.m2/repository/org/apache/hadoop/hadoop-kms/3.2.0/hadoop-kms-3.2.0.jar:/home/user/.m2/repository/org/apache/hadoop/hadoop-auth/3.2.0/hadoop-auth-3.2.0.jar:/home/user/.m2/repository/com/nimbusds/nimbus-jose-jwt/4.41.1/nimbus-jose-jwt-4.41.1.jar:/home/user/.m2/repository/com/github/stephenc/jcip/jcip-annotations/1.0-1/jcip-annotations-1.0-1.jar:/home/user/.m2/repository/net/minidev/json-smart/2.3/json-smart-2.3.jar:/home/user/.m2/repository/net/minidev/accessors-smart/1.2/accessors-smart-1.2.jar:/home/user/.m2/repository/org/ow2/asm/asm/5.0.4/asm-5.0.4.jar:/home/user/.m2/repository/org/apache/curator/curator-framework/2.12.0/curator-framework-2.12.0.jar:/home/user/.m2/repository/com/sun/jersey/jersey-core/1.19/jersey-core-1.19.jar:/home/user/.m2/repository/javax/ws/rs/jsr311-api/1.1.1/jsr311-api-1.1.1.jar:/home/user/.m2/repository/com/sun/jersey/jersey-server/1.19/jersey-server-1.19.jar:/home/user/.m2/repository/javax/servlet/javax.servlet-api/3.1.0/javax.servlet-api-3.1.0.jar:/home/user/.m2/repository/org/eclipse/jetty/jetty-server/9.3.24.v20180605/jetty-server-9.3.24.v20180605.jar:/home/user/.m2/repository/org/eclipse/jetty/jetty-http/9.3.24.v20180605/jetty-http-9.3.24.v20180605.jar:/home/user/.m2/repository/org/eclipse/jetty/jetty-io/9.3.24.v20180605/jetty-io-9.3.24.v20180605.jar:/home/user/.m2/repository/org/eclipse/jetty/jetty-webapp/9.3.24.v20180605/jetty-webapp-9.3.24.v20180605.jar:/home/user/.m2/repository/org/eclipse/jetty/jetty-xml/9.3.24.v20180605/jetty-xml-9.3.24.v20180605.jar:/home/user/.m2/repository/log4j/log4j/1.2.17/log4j-1.2.17.jar:/home/user/.m2/repository/org/slf4j/slf4j-api/1.7.25/slf4j-api-1.7.25.jar:/home/user/.m2/repository/org/slf4j/jul-to-slf4j/1.7.25/jul-to-slf4j-1.7.25.jar:/home/user/.m2/repository/org/eclipse/jetty/jetty-util/9.3.24.v20180605/jetty-util-9.3.24.v20180605.jar:/home/user/.m2/repository/com/fasterxml/jackson/core/jackson-databind/2.9.5/jackson-databind-2.9.5.jar:/home/user/.m2/repository/org/apache/hadoop/hadoop-kms/3.2.0/hadoop-kms-3.2.0-tests.jar:/home/user/.m2/repository/org/apache/hadoop/hadoop-hdds-server-scm/0.4.1-SNAPSHOT/hadoop-hdds-server-scm-0.4.1-SNAPSHOT-tests.jar:/home/user/.m2/repository/org/apache/hadoop/hadoop-hdds-container-service/0.4.1-SNAPSHOT/hadoop-hdds-container-service-0.4.1-SNAPSHOT-tests.jar:/home/user/.m2/repository/org/yaml/snakeyaml/1.16/snakeyaml-1.16.jar:/home/user/.m2/repository/org/apache/hadoop/hadoop-common/3.2.0/hadoop-common-3.2.0-tests.jar:/home/user/.m2/repository/org/apache/hadoop/hadoop-annotations/3.2.0/hadoop-annotations-3.2.0.jar:/usr/lib/jvm/java-1.8-openjdk/jre/../lib/tools.jar:/home/user/.m2/repository/commons-cli/commons-cli/1.2/commons-cli-1.2.jar:/home/user/.m2/repository/org/apache/httpcomponents/httpclient/4.5.2/httpclient-4.5.2.jar:/home/user/.m2/repository/org/apache/httpcomponents/httpcore/4.4.4/httpcore-4.4.4.jar:/home/user/.m2/repository/commons-codec/commons-codec/1.11/commons-codec-1.11.jar:/home/user/.m2/repository/commons-net/commons-net/3.6/commons-net-3.6.jar:/home/user/.m2/repository/commons-collections/commons-collections/3.2.2/commons-collections-3.2.2.jar:/home/user/.m2/repository/org/eclipse/jetty/jetty-servlet/9.3.24.v20180605/jetty-servlet-9.3.24.v20180605.jar:/home/user/.m2/repository/org/eclipse/jetty/jetty-security/9.3.24.v20180605/jetty-security-9.3.24.v20180605.jar:/home/user/.m2/repository/javax/servlet/jsp/jsp-api/2.1/jsp-api-2.1.jar:/home/user/.m2/repository/com/sun/jersey/jersey-servlet/1.19/jersey-servlet-1.19.jar:/home/user/.m2/repository/com/sun/jersey/jersey-json/1.19/jersey-json-1.19.jar:/home/user/.m2/repository/org/codehaus/jettison/jettison/1.1/jettison-1.1.jar:/home/user/.m2/repository/org/codehaus/jackson/jackson-core-asl/1.9.13/jackson-core-asl-1.9.13.jar:/home/user/.m2/repository/org/codehaus/jackson/jackson-mapper-asl/1.9.13/jackson-mapper-asl-1.9.13.jar:/home/user/.m2/repository/org/codehaus/jackson/jackson-jaxrs/1.9.13/jackson-jaxrs-1.9.13.jar:/home/user/.m2/repository/org/codehaus/jackson/jackson-xc/1.9.13/jackson-xc-1.9.13.jar:/home/user/.m2/repository/commons-logging/commons-logging/1.1.3/commons-logging-1.1.3.jar:/home/user/.m2/repository/commons-beanutils/commons-beanutils/1.9.3/commons-beanutils-1.9.3.jar:/home/user/.m2/repository/org/apache/commons/commons-configuration2/2.1.1/commons-configuration2-2.1.1.jar:/home/user/.m2/repository/org/apache/commons/commons-lang3/3.7/commons-lang3-3.7.jar:/home/user/.m2/repository/org/apache/commons/commons-text/1.4/commons-text-1.4.jar:/home/user/.m2/repository/org/apache/avro/avro/1.7.7/avro-1.7.7.jar:/home/user/.m2/repository/com/thoughtworks/paranamer/paranamer/2.3/paranamer-2.3.jar:/home/user/.m2/repository/org/xerial/snappy/snappy-java/1.0.5/snappy-java-1.0.5.jar:/home/user/.m2/repository/com/google/re2j/re2j/1.1/re2j-1.1.jar:/home/user/.m2/repository/com/google/code/gson/gson/2.2.4/gson-2.2.4.jar:/home/user/.m2/repository/com/jcraft/jsch/0.1.54/jsch-0.1.54.jar:/home/user/.m2/repository/org/apache/curator/curator-client/2.12.0/curator-client-2.12.0.jar:/home/user/.m2/repository/org/apache/curator/curator-recipes/2.12.0/curator-recipes-2.12.0.jar:/home/user/.m2/repository/com/google/code/findbugs/jsr305/3.0.0/jsr305-3.0.0.jar:/home/user/.m2/repository/org/apache/htrace/htrace-core4/4.1.0-incubating/htrace-core4-4.1.0-incubating.jar:/home/user/.m2/repository/org/apache/zookeeper/zookeeper/3.4.13/zookeeper-3.4.13.jar:/home/user/.m2/repository/org/apache/yetus/audience-annotations/0.5.0/audience-annotations-0.5.0.jar:/home/user/.m2/repository/org/codehaus/woodstox/stax2-api/3.1.4/stax2-api-3.1.4.jar:/home/user/.m2/repository/com/fasterxml/woodstox/woodstox-core/5.0.3/woodstox-core-5.0.3.jar:/home/user/.m2/repository/dnsjava/dnsjava/2.1.7/dnsjava-2.1.7.jar:/home/user/.m2/repository/org/apache/hadoop/hadoop-hdfs/3.2.0/hadoop-hdfs-3.2.0-tests.jar:/home/user/.m2/repository/org/eclipse/jetty/jetty-util-ajax/9.3.24.v20180605/jetty-util-ajax-9.3.24.v20180605.jar:/home/user/.m2/repository/commons-daemon/commons-daemon/1.0.13/commons-daemon-1.0.13.jar:/home/user/.m2/repository/io/netty/netty/3.10.5.Final/netty-3.10.5.Final.jar:/home/user/.m2/repository/io/netty/netty-all/4.0.52.Final/netty-all-4.0.52.Final.jar:/home/user/.m2/repository/org/fusesource/leveldbjni/leveldbjni-all/1.8/leveldbjni-all-1.8.jar:"/>
    <property name="java.vm.vendor" value="IcedTea"/>
    <property name="sun.arch.data.model" value="64"/>
    <property name="test.build.dir" value="/workdir/hadoop-ozone/integration-test/target/test-dir"/>
    <property name="test.cache.data" value=""/>
    <property name="java.vendor.url" value="https://icedtea.classpath.org"/>
    <property name="user.timezone" value=""/>
    <property name="java.vm.specification.version" value="1.8"/>
    <property name="os.name" value="Linux"/>
    <property name="test.build.data" value="/workdir/hadoop-ozone/integration-test/target/test-dir"/>
    <property name="user.country" value="US"/>
    <property name="sun.java.launcher" value="SUN_STANDARD"/>
    <property name="sun.boot.library.path" value="/usr/lib/jvm/java-1.8-openjdk/jre/lib/amd64"/>
    <property name="sun.java.command" value="/workdir/hadoop-ozone/integration-test/target/surefire/surefirebooter8251851851146314930.jar /workdir/hadoop-ozone/integration-test/target/surefire 2019-08-24T11-30-58_863-jvmRun1 surefire7728414025811326566tmp surefire_37538215808789574295tmp"/>
    <property name="test" value="!TestMiniChaosOzoneCluster"/>
    <property name="surefire.test.class.path" value="/workdir/hadoop-ozone/integration-test/target/test-classes:/workdir/hadoop-ozone/integration-test/target/classes:/home/user/.m2/repository/org/apache/hadoop/hadoop-ozone-common/0.4.1-SNAPSHOT/hadoop-ozone-common-0.4.1-SNAPSHOT.jar:/home/user/.m2/repository/org/apache/commons/commons-compress/1.4.1/commons-compress-1.4.1.jar:/home/user/.m2/repository/org/tukaani/xz/1.0/xz-1.0.jar:/home/user/.m2/repository/org/apache/hadoop/hadoop-common/3.2.0/hadoop-common-3.2.0.jar:/home/user/.m2/repository/org/apache/hadoop/hadoop-hdfs/3.2.0/hadoop-hdfs-3.2.0.jar:/home/user/.m2/repository/org/apache/hadoop/hadoop-hdfs-client/3.2.0/hadoop-hdfs-client-3.2.0.jar:/home/user/.m2/repository/com/fasterxml/jackson/core/jackson-annotations/2.9.5/jackson-annotations-2.9.5.jar:/home/user/.m2/repository/org/apache/hadoop/hadoop-hdds-common/0.4.1-SNAPSHOT/hadoop-hdds-common-0.4.1-SNAPSHOT.jar:/home/user/.m2/repository/javax/annotation/javax.annotation-api/1.2/javax.annotation-api-1.2.jar:/home/user/.m2/repository/org/apache/ratis/ratis-server/0.4.0-2337318-SNAPSHOT/ratis-server-0.4.0-2337318-SNAPSHOT.jar:/home/user/.m2/repository/org/apache/ratis/ratis-thirdparty-misc/0.2.0/ratis-thirdparty-misc-0.2.0.jar:/home/user/.m2/repository/org/apache/ratis/ratis-proto/0.4.0-2337318-SNAPSHOT/ratis-proto-0.4.0-2337318-SNAPSHOT.jar:/home/user/.m2/repository/org/apache/ratis/ratis-common/0.4.0-2337318-SNAPSHOT/ratis-common-0.4.0-2337318-SNAPSHOT.jar:/home/user/.m2/repository/org/apache/ratis/ratis-client/0.4.0-2337318-SNAPSHOT/ratis-client-0.4.0-2337318-SNAPSHOT.jar:/home/user/.m2/repository/org/apache/ratis/ratis-metrics/0.4.0-2337318-SNAPSHOT/ratis-metrics-0.4.0-2337318-SNAPSHOT.jar:/home/user/.m2/repository/org/apache/ratis/ratis-netty/0.4.0-2337318-SNAPSHOT/ratis-netty-0.4.0-2337318-SNAPSHOT.jar:/home/user/.m2/repository/org/apache/ratis/ratis-grpc/0.4.0-2337318-SNAPSHOT/ratis-grpc-0.4.0-2337318-SNAPSHOT.jar:/home/user/.m2/repository/org/rocksdb/rocksdbjni/6.0.1/rocksdbjni-6.0.1.jar:/home/user/.m2/repository/org/apache/logging/log4j/log4j-api/2.11.0/log4j-api-2.11.0.jar:/home/user/.m2/repository/org/apache/logging/log4j/log4j-core/2.11.0/log4j-core-2.11.0.jar:/home/user/.m2/repository/com/lmax/disruptor/3.4.2/disruptor-3.4.2.jar:/home/user/.m2/repository/org/apache/commons/commons-pool2/2.6.0/commons-pool2-2.6.0.jar:/home/user/.m2/repository/org/bouncycastle/bcpkix-jdk15on/1.60/bcpkix-jdk15on-1.60.jar:/home/user/.m2/repository/commons-validator/commons-validator/1.6/commons-validator-1.6.jar:/home/user/.m2/repository/commons-digester/commons-digester/1.8.1/commons-digester-1.8.1.jar:/home/user/.m2/repository/io/jaegertracing/jaeger-client/0.33.1/jaeger-client-0.33.1.jar:/home/user/.m2/repository/io/jaegertracing/jaeger-thrift/0.33.1/jaeger-thrift-0.33.1.jar:/home/user/.m2/repository/org/apache/thrift/libthrift/0.11.0/libthrift-0.11.0.jar:/home/user/.m2/repository/com/squareup/okhttp3/okhttp/3.9.0/okhttp-3.9.0.jar:/home/user/.m2/repository/com/squareup/okio/okio/1.13.0/okio-1.13.0.jar:/home/user/.m2/repository/io/jaegertracing/jaeger-core/0.33.1/jaeger-core-0.33.1.jar:/home/user/.m2/repository/io/jaegertracing/jaeger-tracerresolver/0.33.1/jaeger-tracerresolver-0.33.1.jar:/home/user/.m2/repository/io/opentracing/contrib/opentracing-tracerresolver/0.1.5/opentracing-tracerresolver-0.1.5.jar:/home/user/.m2/repository/io/opentracing/opentracing-util/0.31.0/opentracing-util-0.31.0.jar:/home/user/.m2/repository/io/opentracing/opentracing-api/0.31.0/opentracing-api-0.31.0.jar:/home/user/.m2/repository/io/opentracing/opentracing-noop/0.31.0/opentracing-noop-0.31.0.jar:/home/user/.m2/repository/org/apache/hadoop/hadoop-hdds-server-framework/0.4.1-SNAPSHOT/hadoop-hdds-server-framework-0.4.1-SNAPSHOT.jar:/home/user/.m2/repository/org/apache/hadoop/hadoop-hdds-container-service/0.4.1-SNAPSHOT/hadoop-hdds-container-service-0.4.1-SNAPSHOT.jar:/home/user/.m2/repository/org/apache/hadoop/hadoop-hdds-client/0.4.1-SNAPSHOT/hadoop-hdds-client-0.4.1-SNAPSHOT.jar:/home/user/.m2/repository/org/apache/hadoop/hadoop-hdds-tools/0.4.1-SNAPSHOT/hadoop-hdds-tools-0.4.1-SNAPSHOT.jar:/home/user/.m2/repository/org/apache/hadoop/hadoop-hdds-server-scm/0.4.1-SNAPSHOT/hadoop-hdds-server-scm-0.4.1-SNAPSHOT.jar:/home/user/.m2/repository/org/apache/hadoop/hadoop-hdds-docs/0.4.1-SNAPSHOT/hadoop-hdds-docs-0.4.1-SNAPSHOT.jar:/home/user/.m2/repository/io/dropwizard/metrics/metrics-core/3.2.4/metrics-core-3.2.4.jar:/home/user/.m2/repository/org/hamcrest/hamcrest-all/1.3/hamcrest-all-1.3.jar:/home/user/.m2/repository/org/bouncycastle/bcprov-jdk15on/1.60/bcprov-jdk15on-1.60.jar:/home/user/.m2/repository/info/picocli/picocli/3.9.6/picocli-3.9.6.jar:/home/user/.m2/repository/com/google/protobuf/protobuf-java/2.5.0/protobuf-java-2.5.0.jar:/home/user/.m2/repository/com/google/guava/guava/11.0.2/guava-11.0.2.jar:/home/user/.m2/repository/org/apache/hadoop/hadoop-ozone-ozone-manager/0.4.1-SNAPSHOT/hadoop-ozone-ozone-manager-0.4.1-SNAPSHOT.jar:/home/user/.m2/repository/org/apache/hadoop/hadoop-minikdc/3.2.0/hadoop-minikdc-3.2.0.jar:/home/user/.m2/repository/commons-io/commons-io/2.5/commons-io-2.5.jar:/home/user/.m2/repository/org/apache/kerby/kerb-simplekdc/1.0.1/kerb-simplekdc-1.0.1.jar:/home/user/.m2/repository/org/apache/kerby/kerb-client/1.0.1/kerb-client-1.0.1.jar:/home/user/.m2/repository/org/apache/kerby/kerby-config/1.0.1/kerby-config-1.0.1.jar:/home/user/.m2/repository/org/apache/kerby/kerb-core/1.0.1/kerb-core-1.0.1.jar:/home/user/.m2/repository/org/apache/kerby/kerby-pkix/1.0.1/kerby-pkix-1.0.1.jar:/home/user/.m2/repository/org/apache/kerby/kerby-asn1/1.0.1/kerby-asn1-1.0.1.jar:/home/user/.m2/repository/org/apache/kerby/kerby-util/1.0.1/kerby-util-1.0.1.jar:/home/user/.m2/repository/org/apache/kerby/kerb-common/1.0.1/kerb-common-1.0.1.jar:/home/user/.m2/repository/org/apache/kerby/kerb-crypto/1.0.1/kerb-crypto-1.0.1.jar:/home/user/.m2/repository/org/apache/kerby/kerb-util/1.0.1/kerb-util-1.0.1.jar:/home/user/.m2/repository/org/apache/kerby/token-provider/1.0.1/token-provider-1.0.1.jar:/home/user/.m2/repository/org/apache/kerby/kerb-admin/1.0.1/kerb-admin-1.0.1.jar:/home/user/.m2/repository/org/apache/kerby/kerb-server/1.0.1/kerb-server-1.0.1.jar:/home/user/.m2/repository/org/apache/kerby/kerb-identity/1.0.1/kerb-identity-1.0.1.jar:/home/user/.m2/repository/org/apache/kerby/kerby-xdr/1.0.1/kerby-xdr-1.0.1.jar:/home/user/.m2/repository/org/slf4j/slf4j-log4j12/1.7.25/slf4j-log4j12-1.7.25.jar:/home/user/.m2/repository/org/apache/hadoop/hadoop-ozone-objectstore-service/0.4.1-SNAPSHOT/hadoop-ozone-objectstore-service-0.4.1-SNAPSHOT.jar:/home/user/.m2/repository/org/apache/hadoop/hadoop-ozone-s3gateway/0.4.1-SNAPSHOT/hadoop-ozone-s3gateway-0.4.1-SNAPSHOT.jar:/home/user/.m2/repository/org/jboss/weld/servlet/weld-servlet/2.4.7.Final/weld-servlet-2.4.7.Final.jar:/home/user/.m2/repository/org/glassfish/jersey/containers/jersey-container-servlet-core/2.27/jersey-container-servlet-core-2.27.jar:/home/user/.m2/repository/org/glassfish/hk2/external/javax.inject/2.5.0-b42/javax.inject-2.5.0-b42.jar:/home/user/.m2/repository/org/glassfish/jersey/core/jersey-common/2.27/jersey-common-2.27.jar:/home/user/.m2/repository/org/glassfish/hk2/osgi-resource-locator/1.0.1/osgi-resource-locator-1.0.1.jar:/home/user/.m2/repository/javax/ws/rs/javax.ws.rs-api/2.1/javax.ws.rs-api-2.1.jar:/home/user/.m2/repository/org/glassfish/jersey/ext/cdi/jersey-cdi1x/2.27/jersey-cdi1x-2.27.jar:/home/user/.m2/repository/org/glassfish/jersey/inject/jersey-hk2/2.27/jersey-hk2-2.27.jar:/home/user/.m2/repository/org/glassfish/hk2/hk2-locator/2.5.0-b42/hk2-locator-2.5.0-b42.jar:/home/user/.m2/repository/org/javassist/javassist/3.22.0-CR2/javassist-3.22.0-CR2.jar:/home/user/.m2/repository/org/glassfish/hk2/hk2-api/2.5.0/hk2-api-2.5.0.jar:/home/user/.m2/repository/org/glassfish/hk2/external/jakarta.inject/2.5.0/jakarta.inject-2.5.0.jar:/home/user/.m2/repository/org/glassfish/hk2/hk2-utils/2.5.0/hk2-utils-2.5.0.jar:/home/user/.m2/repository/jakarta/annotation/jakarta.annotation-api/1.3.4/jakarta.annotation-api-1.3.4.jar:/home/user/.m2/repository/org/glassfish/hk2/external/aopalliance-repackaged/2.5.0/aopalliance-repackaged-2.5.0.jar:/home/user/.m2/repository/com/fasterxml/jackson/dataformat/jackson-dataformat-xml/2.9.0/jackson-dataformat-xml-2.9.0.jar:/home/user/.m2/repository/com/fasterxml/jackson/core/jackson-core/2.9.5/jackson-core-2.9.5.jar:/home/user/.m2/repository/com/fasterxml/jackson/module/jackson-module-jaxb-annotations/2.9.5/jackson-module-jaxb-annotations-2.9.5.jar:/home/user/.m2/repository/javax/enterprise/cdi-api/1.2/cdi-api-1.2.jar:/home/user/.m2/repository/javax/el/javax.el-api/3.0.0/javax.el-api-3.0.0.jar:/home/user/.m2/repository/javax/interceptor/javax.interceptor-api/1.2/javax.interceptor-api-1.2.jar:/home/user/.m2/repository/javax/inject/javax.inject/1/javax.inject-1.jar:/home/user/.m2/repository/com/sun/xml/bind/jaxb-impl/2.3.0.1/jaxb-impl-2.3.0.1.jar:/home/user/.m2/repository/com/sun/xml/bind/jaxb-core/2.3.0.1/jaxb-core-2.3.0.1.jar:/home/user/.m2/repository/javax/xml/bind/jaxb-api/2.3.0/jaxb-api-2.3.0.jar:/home/user/.m2/repository/javax/activation/activation/1.1.1/activation-1.1.1.jar:/home/user/.m2/repository/org/apache/hadoop/hadoop-ozone-csi/0.4.1-SNAPSHOT/hadoop-ozone-csi-0.4.1-SNAPSHOT.jar:/home/user/.m2/repository/com/google/protobuf/protobuf-java-util/3.5.1/protobuf-java-util-3.5.1.jar:/home/user/.m2/repository/org/apache/hadoop/hadoop-hdds-config/0.4.1-SNAPSHOT/hadoop-hdds-config-0.4.1-SNAPSHOT.jar:/home/user/.m2/repository/io/grpc/grpc-netty/1.17.1/grpc-netty-1.17.1.jar:/home/user/.m2/repository/io/grpc/grpc-core/1.17.1/grpc-core-1.17.1.jar:/home/user/.m2/repository/io/grpc/grpc-context/1.17.1/grpc-context-1.17.1.jar:/home/user/.m2/repository/com/google/errorprone/error_prone_annotations/2.2.0/error_prone_annotations-2.2.0.jar:/home/user/.m2/repository/org/codehaus/mojo/animal-sniffer-annotations/1.17/animal-sniffer-annotations-1.17.jar:/home/user/.m2/repository/io/opencensus/opencensus-api/0.17.0/opencensus-api-0.17.0.jar:/home/user/.m2/repository/io/opencensus/opencensus-contrib-grpc-metrics/0.17.0/opencensus-contrib-grpc-metrics-0.17.0.jar:/home/user/.m2/repository/io/netty/netty-codec-http2/4.1.30.Final/netty-codec-http2-4.1.30.Final.jar:/home/user/.m2/repository/io/netty/netty-codec-http/4.1.30.Final/netty-codec-http-4.1.30.Final.jar:/home/user/.m2/repository/io/netty/netty-codec/4.1.30.Final/netty-codec-4.1.30.Final.jar:/home/user/.m2/repository/io/netty/netty-handler/4.1.30.Final/netty-handler-4.1.30.Final.jar:/home/user/.m2/repository/io/netty/netty-handler-proxy/4.1.30.Final/netty-handler-proxy-4.1.30.Final.jar:/home/user/.m2/repository/io/netty/netty-codec-socks/4.1.30.Final/netty-codec-socks-4.1.30.Final.jar:/home/user/.m2/repository/io/netty/netty-transport-native-epoll/4.1.30.Final/netty-transport-native-epoll-4.1.30.Final.jar:/home/user/.m2/repository/io/netty/netty-common/4.1.30.Final/netty-common-4.1.30.Final.jar:/home/user/.m2/repository/io/netty/netty-buffer/4.1.30.Final/netty-buffer-4.1.30.Final.jar:/home/user/.m2/repository/io/netty/netty-transport/4.1.30.Final/netty-transport-4.1.30.Final.jar:/home/user/.m2/repository/io/netty/netty-resolver/4.1.30.Final/netty-resolver-4.1.30.Final.jar:/home/user/.m2/repository/io/netty/netty-transport-native-unix-common/4.1.30.Final/netty-transport-native-unix-common-4.1.30.Final.jar:/home/user/.m2/repository/io/grpc/grpc-protobuf/1.17.1/grpc-protobuf-1.17.1.jar:/home/user/.m2/repository/com/google/api/grpc/proto-google-common-protos/1.0.0/proto-google-common-protos-1.0.0.jar:/home/user/.m2/repository/io/grpc/grpc-protobuf-lite/1.17.1/grpc-protobuf-lite-1.17.1.jar:/home/user/.m2/repository/io/grpc/grpc-stub/1.17.1/grpc-stub-1.17.1.jar:/home/user/.m2/repository/org/apache/hadoop/hadoop-ozone-recon/0.4.1-SNAPSHOT/hadoop-ozone-recon-0.4.1-SNAPSHOT.jar:/home/user/.m2/repository/org/apache/hadoop/hadoop-ozone-reconcodegen/0.4.1-SNAPSHOT/hadoop-ozone-reconcodegen-0.4.1-SNAPSHOT.jar:/home/user/.m2/repository/com/google/inject/extensions/guice-multibindings/4.0/guice-multibindings-4.0.jar:/home/user/.m2/repository/com/google/inject/guice/4.0/guice-4.0.jar:/home/user/.m2/repository/aopalliance/aopalliance/1.0/aopalliance-1.0.jar:/home/user/.m2/repository/com/google/inject/extensions/guice-servlet/4.0/guice-servlet-4.0.jar:/home/user/.m2/repository/org/glassfish/jersey/containers/jersey-container-servlet/2.27/jersey-container-servlet-2.27.jar:/home/user/.m2/repository/org/glassfish/hk2/guice-bridge/2.5.0/guice-bridge-2.5.0.jar:/home/user/.m2/repository/org/glassfish/jersey/core/jersey-server/2.27/jersey-server-2.27.jar:/home/user/.m2/repository/org/glassfish/jersey/core/jersey-client/2.27/jersey-client-2.27.jar:/home/user/.m2/repository/org/glassfish/jersey/media/jersey-media-jaxb/2.27/jersey-media-jaxb-2.27.jar:/home/user/.m2/repository/javax/validation/validation-api/1.1.0.Final/validation-api-1.1.0.Final.jar:/home/user/.m2/repository/org/glassfish/jersey/media/jersey-media-json-jackson/2.27/jersey-media-json-jackson-2.27.jar:/home/user/.m2/repository/org/glassfish/jersey/ext/jersey-entity-filtering/2.27/jersey-entity-filtering-2.27.jar:/home/user/.m2/repository/com/google/inject/extensions/guice-assistedinject/4.0/guice-assistedinject-4.0.jar:/home/user/.m2/repository/org/jooq/jooq/3.11.10/jooq-3.11.10.jar:/home/user/.m2/repository/org/jooq/jooq-meta/3.11.10/jooq-meta-3.11.10.jar:/home/user/.m2/repository/org/jooq/jooq-codegen/3.11.10/jooq-codegen-3.11.10.jar:/home/user/.m2/repository/com/jolbox/bonecp/0.8.0.RELEASE/bonecp-0.8.0.RELEASE.jar:/home/user/.m2/repository/org/xerial/sqlite-jdbc/3.25.2/sqlite-jdbc-3.25.2.jar:/home/user/.m2/repository/org/springframework/spring-jdbc/5.1.3.RELEASE/spring-jdbc-5.1.3.RELEASE.jar:/home/user/.m2/repository/org/springframework/spring-beans/5.1.3.RELEASE/spring-beans-5.1.3.RELEASE.jar:/home/user/.m2/repository/org/springframework/spring-core/5.1.3.RELEASE/spring-core-5.1.3.RELEASE.jar:/home/user/.m2/repository/org/springframework/spring-jcl/5.1.3.RELEASE/spring-jcl-5.1.3.RELEASE.jar:/home/user/.m2/repository/org/springframework/spring-tx/5.1.3.RELEASE/spring-tx-5.1.3.RELEASE.jar:/home/user/.m2/repository/org/apache/hadoop/hadoop-ozone-client/0.4.1-SNAPSHOT/hadoop-ozone-client-0.4.1-SNAPSHOT.jar:/home/user/.m2/repository/commons-lang/commons-lang/2.6/commons-lang-2.6.jar:/home/user/.m2/repository/org/apache/hadoop/hadoop-ozone-ozone-manager/0.4.1-SNAPSHOT/hadoop-ozone-ozone-manager-0.4.1-SNAPSHOT-tests.jar:/home/user/.m2/repository/junit/junit/4.11/junit-4.11.jar:/home/user/.m2/repository/org/hamcrest/hamcrest-core/1.3/hamcrest-core-1.3.jar:/home/user/.m2/repository/org/openjdk/jmh/jmh-core/1.19/jmh-core-1.19.jar:/home/user/.m2/repository/net/sf/jopt-simple/jopt-simple/4.6/jopt-simple-4.6.jar:/home/user/.m2/repository/org/apache/commons/commons-math3/3.1.1/commons-math3-3.1.1.jar:/home/user/.m2/repository/org/openjdk/jmh/jmh-generator-annprocess/1.19/jmh-generator-annprocess-1.19.jar:/home/user/.m2/repository/org/mockito/mockito-all/1.8.5/mockito-all-1.8.5.jar:/home/user/.m2/repository/org/apache/hadoop/hadoop-kms/3.2.0/hadoop-kms-3.2.0.jar:/home/user/.m2/repository/org/apache/hadoop/hadoop-auth/3.2.0/hadoop-auth-3.2.0.jar:/home/user/.m2/repository/com/nimbusds/nimbus-jose-jwt/4.41.1/nimbus-jose-jwt-4.41.1.jar:/home/user/.m2/repository/com/github/stephenc/jcip/jcip-annotations/1.0-1/jcip-annotations-1.0-1.jar:/home/user/.m2/repository/net/minidev/json-smart/2.3/json-smart-2.3.jar:/home/user/.m2/repository/net/minidev/accessors-smart/1.2/accessors-smart-1.2.jar:/home/user/.m2/repository/org/ow2/asm/asm/5.0.4/asm-5.0.4.jar:/home/user/.m2/repository/org/apache/curator/curator-framework/2.12.0/curator-framework-2.12.0.jar:/home/user/.m2/repository/com/sun/jersey/jersey-core/1.19/jersey-core-1.19.jar:/home/user/.m2/repository/javax/ws/rs/jsr311-api/1.1.1/jsr311-api-1.1.1.jar:/home/user/.m2/repository/com/sun/jersey/jersey-server/1.19/jersey-server-1.19.jar:/home/user/.m2/repository/javax/servlet/javax.servlet-api/3.1.0/javax.servlet-api-3.1.0.jar:/home/user/.m2/repository/org/eclipse/jetty/jetty-server/9.3.24.v20180605/jetty-server-9.3.24.v20180605.jar:/home/user/.m2/repository/org/eclipse/jetty/jetty-http/9.3.24.v20180605/jetty-http-9.3.24.v20180605.jar:/home/user/.m2/repository/org/eclipse/jetty/jetty-io/9.3.24.v20180605/jetty-io-9.3.24.v20180605.jar:/home/user/.m2/repository/org/eclipse/jetty/jetty-webapp/9.3.24.v20180605/jetty-webapp-9.3.24.v20180605.jar:/home/user/.m2/repository/org/eclipse/jetty/jetty-xml/9.3.24.v20180605/jetty-xml-9.3.24.v20180605.jar:/home/user/.m2/repository/log4j/log4j/1.2.17/log4j-1.2.17.jar:/home/user/.m2/repository/org/slf4j/slf4j-api/1.7.25/slf4j-api-1.7.25.jar:/home/user/.m2/repository/org/slf4j/jul-to-slf4j/1.7.25/jul-to-slf4j-1.7.25.jar:/home/user/.m2/repository/org/eclipse/jetty/jetty-util/9.3.24.v20180605/jetty-util-9.3.24.v20180605.jar:/home/user/.m2/repository/com/fasterxml/jackson/core/jackson-databind/2.9.5/jackson-databind-2.9.5.jar:/home/user/.m2/repository/org/apache/hadoop/hadoop-kms/3.2.0/hadoop-kms-3.2.0-tests.jar:/home/user/.m2/repository/org/apache/hadoop/hadoop-hdds-server-scm/0.4.1-SNAPSHOT/hadoop-hdds-server-scm-0.4.1-SNAPSHOT-tests.jar:/home/user/.m2/repository/org/apache/hadoop/hadoop-hdds-container-service/0.4.1-SNAPSHOT/hadoop-hdds-container-service-0.4.1-SNAPSHOT-tests.jar:/home/user/.m2/repository/org/yaml/snakeyaml/1.16/snakeyaml-1.16.jar:/home/user/.m2/repository/org/apache/hadoop/hadoop-common/3.2.0/hadoop-common-3.2.0-tests.jar:/home/user/.m2/repository/org/apache/hadoop/hadoop-annotations/3.2.0/hadoop-annotations-3.2.0.jar:/usr/lib/jvm/java-1.8-openjdk/jre/../lib/tools.jar:/home/user/.m2/repository/commons-cli/commons-cli/1.2/commons-cli-1.2.jar:/home/user/.m2/repository/org/apache/httpcomponents/httpclient/4.5.2/httpclient-4.5.2.jar:/home/user/.m2/repository/org/apache/httpcomponents/httpcore/4.4.4/httpcore-4.4.4.jar:/home/user/.m2/repository/commons-codec/commons-codec/1.11/commons-codec-1.11.jar:/home/user/.m2/repository/commons-net/commons-net/3.6/commons-net-3.6.jar:/home/user/.m2/repository/commons-collections/commons-collections/3.2.2/commons-collections-3.2.2.jar:/home/user/.m2/repository/org/eclipse/jetty/jetty-servlet/9.3.24.v20180605/jetty-servlet-9.3.24.v20180605.jar:/home/user/.m2/repository/org/eclipse/jetty/jetty-security/9.3.24.v20180605/jetty-security-9.3.24.v20180605.jar:/home/user/.m2/repository/javax/servlet/jsp/jsp-api/2.1/jsp-api-2.1.jar:/home/user/.m2/repository/com/sun/jersey/jersey-servlet/1.19/jersey-servlet-1.19.jar:/home/user/.m2/repository/com/sun/jersey/jersey-json/1.19/jersey-json-1.19.jar:/home/user/.m2/repository/org/codehaus/jettison/jettison/1.1/jettison-1.1.jar:/home/user/.m2/repository/org/codehaus/jackson/jackson-core-asl/1.9.13/jackson-core-asl-1.9.13.jar:/home/user/.m2/repository/org/codehaus/jackson/jackson-mapper-asl/1.9.13/jackson-mapper-asl-1.9.13.jar:/home/user/.m2/repository/org/codehaus/jackson/jackson-jaxrs/1.9.13/jackson-jaxrs-1.9.13.jar:/home/user/.m2/repository/org/codehaus/jackson/jackson-xc/1.9.13/jackson-xc-1.9.13.jar:/home/user/.m2/repository/commons-logging/commons-logging/1.1.3/commons-logging-1.1.3.jar:/home/user/.m2/repository/commons-beanutils/commons-beanutils/1.9.3/commons-beanutils-1.9.3.jar:/home/user/.m2/repository/org/apache/commons/commons-configuration2/2.1.1/commons-configuration2-2.1.1.jar:/home/user/.m2/repository/org/apache/commons/commons-lang3/3.7/commons-lang3-3.7.jar:/home/user/.m2/repository/org/apache/commons/commons-text/1.4/commons-text-1.4.jar:/home/user/.m2/repository/org/apache/avro/avro/1.7.7/avro-1.7.7.jar:/home/user/.m2/repository/com/thoughtworks/paranamer/paranamer/2.3/paranamer-2.3.jar:/home/user/.m2/repository/org/xerial/snappy/snappy-java/1.0.5/snappy-java-1.0.5.jar:/home/user/.m2/repository/com/google/re2j/re2j/1.1/re2j-1.1.jar:/home/user/.m2/repository/com/google/code/gson/gson/2.2.4/gson-2.2.4.jar:/home/user/.m2/repository/com/jcraft/jsch/0.1.54/jsch-0.1.54.jar:/home/user/.m2/repository/org/apache/curator/curator-client/2.12.0/curator-client-2.12.0.jar:/home/user/.m2/repository/org/apache/curator/curator-recipes/2.12.0/curator-recipes-2.12.0.jar:/home/user/.m2/repository/com/google/code/findbugs/jsr305/3.0.0/jsr305-3.0.0.jar:/home/user/.m2/repository/org/apache/htrace/htrace-core4/4.1.0-incubating/htrace-core4-4.1.0-incubating.jar:/home/user/.m2/repository/org/apache/zookeeper/zookeeper/3.4.13/zookeeper-3.4.13.jar:/home/user/.m2/repository/org/apache/yetus/audience-annotations/0.5.0/audience-annotations-0.5.0.jar:/home/user/.m2/repository/org/codehaus/woodstox/stax2-api/3.1.4/stax2-api-3.1.4.jar:/home/user/.m2/repository/com/fasterxml/woodstox/woodstox-core/5.0.3/woodstox-core-5.0.3.jar:/home/user/.m2/repository/dnsjava/dnsjava/2.1.7/dnsjava-2.1.7.jar:/home/user/.m2/repository/org/apache/hadoop/hadoop-hdfs/3.2.0/hadoop-hdfs-3.2.0-tests.jar:/home/user/.m2/repository/org/eclipse/jetty/jetty-util-ajax/9.3.24.v20180605/jetty-util-ajax-9.3.24.v20180605.jar:/home/user/.m2/repository/commons-daemon/commons-daemon/1.0.13/commons-daemon-1.0.13.jar:/home/user/.m2/repository/io/netty/netty/3.10.5.Final/netty-3.10.5.Final.jar:/home/user/.m2/repository/io/netty/netty-all/4.0.52.Final/netty-all-4.0.52.Final.jar:/home/user/.m2/repository/org/fusesource/leveldbjni/leveldbjni-all/1.8/leveldbjni-all-1.8.jar:"/>
    <property name="sun.cpu.endian" value="little"/>
    <property name="user.home" value="/home/user"/>
    <property name="user.language" value="en"/>
    <property name="java.specification.vendor" value="Oracle Corporation"/>
    <property name="java.home" value="/usr/lib/jvm/java-1.8-openjdk/jre"/>
    <property name="java.security.krb5.conf" value="/workdir/hadoop-ozone/integration-test/target/test-classes/krb5.conf"/>
    <property name="basedir" value="/workdir/hadoop-ozone/integration-test"/>
    <property name="file.separator" value="/"/>
    <property name="line.separator" value="&#10;"/>
    <property name="java.vm.specification.vendor" value="Oracle Corporation"/>
    <property name="java.specification.name" value="Java Platform API Specification"/>
    <property name="java.awt.graphicsenv" value="sun.awt.X11GraphicsEnvironment"/>
    <property name="surefire.real.class.path" value="/workdir/hadoop-ozone/integration-test/target/surefire/surefirebooter8251851851146314930.jar"/>
    <property name="hadoop.log.dir" value="/workdir/hadoop-ozone/integration-test/target/log"/>
    <property name="sun.boot.class.path" value="/usr/lib/jvm/java-1.8-openjdk/jre/lib/resources.jar:/usr/lib/jvm/java-1.8-openjdk/jre/lib/rt.jar:/usr/lib/jvm/java-1.8-openjdk/jre/lib/sunrsasign.jar:/usr/lib/jvm/java-1.8-openjdk/jre/lib/jsse.jar:/usr/lib/jvm/java-1.8-openjdk/jre/lib/jce.jar:/usr/lib/jvm/java-1.8-openjdk/jre/lib/charsets.jar:/usr/lib/jvm/java-1.8-openjdk/jre/lib/jfr.jar:/usr/lib/jvm/java-1.8-openjdk/jre/classes"/>
    <property name="sun.management.compiler" value="HotSpot 64-Bit Tiered Compilers"/>
    <property name="java.runtime.version" value="1.8.0_212-b04"/>
    <property name="java.net.preferIPv4Stack" value="true"/>
    <property name="user.name" value="jenkins1000"/>
    <property name="path.separator" value=":"/>
    <property name="java.security.egd" value="file:///dev/urandom"/>
    <property name="os.version" value="3.10.0-957.12.2.el7.x86_64"/>
    <property name="java.endorsed.dirs" value="/usr/lib/jvm/java-1.8-openjdk/jre/lib/endorsed"/>
    <property name="java.runtime.name" value="OpenJDK Runtime Environment"/>
    <property name="file.encoding" value="UTF-8"/>
    <property name="java.vm.name" value="OpenJDK 64-Bit Server VM"/>
    <property name="test.build.webapps" value=""/>
    <property name="localRepository" value="/home/user/.m2/repository"/>
    <property name="java.vendor.url.bug" value="https://icedtea.classpath.org/bugzilla"/>
    <property name="java.io.tmpdir" value="/tmp"/>
    <property name="require.test.libhadoop" value=""/>
    <property name="java.version" value="1.8.0_212"/>
    <property name="user.dir" value="/workdir/hadoop-ozone/integration-test"/>
    <property name="os.arch" value="amd64"/>
    <property name="java.vm.specification.name" value="Java Virtual Machine Specification"/>
    <property name="test.build.classes" value="/workdir/hadoop-ozone/integration-test/target/test-classes"/>
    <property name="java.awt.printerjob" value="sun.print.PSPrinterJob"/>
    <property name="sun.os.patch.level" value="unknown"/>
    <property name="hadoop.tmp.dir" value="/workdir/hadoop-ozone/integration-test/target/tmp"/>
    <property name="java.library.path" value="/usr/lib/jvm/java-1.8-openjdk/jre/lib/amd64/server:/usr/lib/jvm/java-1.8-openjdk/jre/lib/amd64:/usr/lib/jvm/java-1.8-openjdk/jre/../lib/amd64:/workdir/hadoop-ozone/integration-test/target/native/target/usr/local/lib:/workdir/hadoop-ozone/integration-test/../../hadoop-common-project/hadoop-common/target/native/target/usr/local/lib:/usr/java/packages/lib/amd64:/usr/lib64:/lib64:/lib:/usr/lib"/>
    <property name="java.vm.info" value="mixed mode"/>
    <property name="java.vendor" value="IcedTea"/>
    <property name="java.vm.version" value="25.212-b04"/>
    <property name="java.ext.dirs" value="/usr/lib/jvm/java-1.8-openjdk/jre/lib/ext:/usr/java/packages/lib/ext"/>
    <property name="sun.io.unicode.encoding" value="UnicodeLittle"/>
    <property name="java.class.version" value="52.0"/>
  </properties>
  <testcase name="testGroupMismatchExceptionHandling" classname="org.apache.hadoop.ozone.client.rpc.TestOzoneClientRetriesOnException" time="51.773"/>
  <testcase name="testMaxRetriesByOzoneClient" classname="org.apache.hadoop.ozone.client.rpc.TestOzoneClientRetriesOnException" time="33.383">
    <error message="Failed to command cmdType: CreateContainer&#10;containerID: 1&#10;datanodeUuid: &quot;ac24382e-f3ea-4dac-af42-de8bfd054530&quot;&#10;createContainer {&#10;}&#10;" type="java.io.IOException">java.io.IOException: 
Failed to command cmdType: CreateContainer
containerID: 1
datanodeUuid: "ac24382e-f3ea-4dac-af42-de8bfd054530"
createContainer {
}

	at org.apache.hadoop.hdds.scm.XceiverClientSpi.sendCommand(XceiverClientSpi.java:113)
	at org.apache.hadoop.ozone.client.rpc.TestOzoneClientRetriesOnException.testMaxRetriesByOzoneClient(TestOzoneClientRetriesOnException.java:190)
	at sun.reflect.NativeMethodAccessorImpl.invoke0(Native Method)
	at sun.reflect.NativeMethodAccessorImpl.invoke(NativeMethodAccessorImpl.java:62)
	at sun.reflect.DelegatingMethodAccessorImpl.invoke(DelegatingMethodAccessorImpl.java:43)
	at java.lang.reflect.Method.invoke(Method.java:498)
	at org.junit.runners.model.FrameworkMethod$1.runReflectiveCall(FrameworkMethod.java:47)
	at org.junit.internal.runners.model.ReflectiveCallable.run(ReflectiveCallable.java:12)
	at org.junit.runners.model.FrameworkMethod.invokeExplosively(FrameworkMethod.java:44)
	at org.junit.internal.runners.statements.InvokeMethod.evaluate(InvokeMethod.java:17)
	at org.junit.internal.runners.statements.RunBefores.evaluate(RunBefores.java:26)
	at org.junit.internal.runners.statements.RunAfters.evaluate(RunAfters.java:27)
	at org.junit.runners.ParentRunner.runLeaf(ParentRunner.java:271)
	at org.junit.runners.BlockJUnit4ClassRunner.runChild(BlockJUnit4ClassRunner.java:70)
	at org.junit.runners.BlockJUnit4ClassRunner.runChild(BlockJUnit4ClassRunner.java:50)
	at org.junit.runners.ParentRunner$3.run(ParentRunner.java:238)
	at org.junit.runners.ParentRunner$1.schedule(ParentRunner.java:63)
	at org.junit.runners.ParentRunner.runChildren(ParentRunner.java:236)
	at org.junit.runners.ParentRunner.access$000(ParentRunner.java:53)
	at org.junit.runners.ParentRunner$2.evaluate(ParentRunner.java:229)
	at org.junit.runners.ParentRunner.run(ParentRunner.java:309)
	at org.apache.maven.surefire.junit4.JUnit4Provider.execute(JUnit4Provider.java:365)
	at org.apache.maven.surefire.junit4.JUnit4Provider.executeWithRerun(JUnit4Provider.java:273)
	at org.apache.maven.surefire.junit4.JUnit4Provider.executeTestSet(JUnit4Provider.java:238)
	at org.apache.maven.surefire.junit4.JUnit4Provider.invoke(JUnit4Provider.java:159)
	at org.apache.maven.surefire.booter.ForkedBooter.invokeProviderInSameClassLoader(ForkedBooter.java:384)
	at org.apache.maven.surefire.booter.ForkedBooter.runSuitesInProcess(ForkedBooter.java:345)
	at org.apache.maven.surefire.booter.ForkedBooter.execute(ForkedBooter.java:126)
	at org.apache.maven.surefire.booter.ForkedBooter.main(ForkedBooter.java:418)
Caused by: java.util.concurrent.ExecutionException: org.apache.ratis.protocol.StateMachineException: java.util.concurrent.CompletionException: java.lang.IllegalArgumentException
	at java.util.concurrent.CompletableFuture.reportGet(CompletableFuture.java:357)
	at java.util.concurrent.CompletableFuture.get(CompletableFuture.java:1895)
	at org.apache.hadoop.hdds.scm.XceiverClientSpi.sendCommand(XceiverClientSpi.java:110)
	... 28 more
Caused by: org.apache.ratis.protocol.StateMachineException: java.util.concurrent.CompletionException: java.lang.IllegalArgumentException
	at java.util.concurrent.CompletableFuture.encodeThrowable(CompletableFuture.java:273)
	at java.util.concurrent.CompletableFuture.completeThrowable(CompletableFuture.java:280)
	at java.util.concurrent.CompletableFuture$AsyncSupply.run(CompletableFuture.java:1592)
	at java.util.concurrent.ThreadPoolExecutor.runWorker(ThreadPoolExecutor.java:1149)
	at java.util.concurrent.ThreadPoolExecutor$Worker.run(ThreadPoolExecutor.java:624)
	at java.lang.Thread.run(Thread.java:748)
</error>
    <system-out><![CDATA[2019-08-24 12:08:06,824 WARN  server.ServerUtils (ServerUtils.java:getScmDbDir(145)) - ozone.scm.db.dirs is not configured. We recommend adding this setting. Falling back to ozone.metadata.dirs instead.
2019-08-24 12:08:06,850 WARN  server.ServerUtils (ServerUtils.java:getScmDbDir(145)) - ozone.scm.db.dirs is not configured. We recommend adding this setting. Falling back to ozone.metadata.dirs instead.
2019-08-24 12:08:06,850 WARN  server.ServerUtils (ServerUtils.java:getScmDbDir(145)) - ozone.scm.db.dirs is not configured. We recommend adding this setting. Falling back to ozone.metadata.dirs instead.
2019-08-24 12:08:06,851 INFO  db.DBStoreBuilder (DBStoreBuilder.java:addTable(110)) - using custom profile for table: deletedBlocks
2019-08-24 12:08:06,851 INFO  db.DBStoreBuilder (DBStoreBuilder.java:processTables(161)) - Using default column profile:DBProfile.DISK for Table:deletedBlocks
2019-08-24 12:08:06,851 INFO  db.DBStoreBuilder (DBStoreBuilder.java:addTable(110)) - using custom profile for table: validCerts
2019-08-24 12:08:06,852 INFO  db.DBStoreBuilder (DBStoreBuilder.java:processTables(161)) - Using default column profile:DBProfile.DISK for Table:validCerts
2019-08-24 12:08:06,852 INFO  db.DBStoreBuilder (DBStoreBuilder.java:addTable(110)) - using custom profile for table: revokedCerts
2019-08-24 12:08:06,852 INFO  db.DBStoreBuilder (DBStoreBuilder.java:processTables(161)) - Using default column profile:DBProfile.DISK for Table:revokedCerts
2019-08-24 12:08:06,852 INFO  db.DBStoreBuilder (DBStoreBuilder.java:addTable(110)) - using custom profile for table: default
2019-08-24 12:08:06,853 INFO  db.DBStoreBuilder (DBStoreBuilder.java:processTables(167)) - Using default column profile:DBProfile.DISK for Table:default
2019-08-24 12:08:06,853 INFO  db.DBStoreBuilder (DBStoreBuilder.java:getDbProfile(198)) - Using default options. DBProfile.DISK
2019-08-24 12:08:07,069 INFO  net.NodeSchemaLoader (NodeSchemaLoader.java:loadSchemaFromFile(125)) - Loading file from sun.misc.CompoundEnumeration@52b32b70
2019-08-24 12:08:07,069 INFO  net.NodeSchemaLoader (NodeSchemaLoader.java:loadSchema(171)) - Loading network topology layer schema file
2019-08-24 12:08:07,075 WARN  server.ServerUtils (ServerUtils.java:sanitizeUserArgs(70)) - ozone.scm.stale.node.interval value = 300000 is larger than max = 100000 based on the key value of ozone.scm.heartbeat.thread.interval, reset to the max value 100000.
2019-08-24 12:08:07,076 WARN  server.ServerUtils (ServerUtils.java:sanitizeUserArgs(70)) - ozone.scm.stale.node.interval value = 300000 is larger than max = 100000 based on the key value of ozone.scm.heartbeat.thread.interval, reset to the max value 100000.
2019-08-24 12:08:07,076 INFO  node.SCMNodeManager (SCMNodeManager.java:<init>(121)) - Entering startup safe mode.
2019-08-24 12:08:07,077 WARN  server.ServerUtils (ServerUtils.java:getScmDbDir(145)) - ozone.scm.db.dirs is not configured. We recommend adding this setting. Falling back to ozone.metadata.dirs instead.
2019-08-24 12:08:07,154 INFO  pipeline.SCMPipelineManager (SCMPipelineManager.java:initializePipelineState(126)) - No pipeline exists in current db
2019-08-24 12:08:07,154 WARN  server.ServerUtils (ServerUtils.java:getScmDbDir(145)) - ozone.scm.db.dirs is not configured. We recommend adding this setting. Falling back to ozone.metadata.dirs instead.
2019-08-24 12:08:07,237 WARN  events.EventQueue (EventQueue.java:fireEvent(175)) - No event handler registered for event TypedEvent{payloadType=SafeModeStatus, name='SafeModeStatus'}
2019-08-24 12:08:07,238 INFO  ipc.CallQueueManager (CallQueueManager.java:<init>(84)) - Using callQueue: class java.util.concurrent.LinkedBlockingQueue, queueCapacity: 2000, scheduler: class org.apache.hadoop.ipc.DefaultRpcScheduler, ipcBackoff: false.
2019-08-24 12:08:07,240 INFO  ipc.Server (Server.java:run(1074)) - Starting Socket Reader #1 for port 41776
2019-08-24 12:08:07,242 INFO  ipc.CallQueueManager (CallQueueManager.java:<init>(84)) - Using callQueue: class java.util.concurrent.LinkedBlockingQueue, queueCapacity: 2000, scheduler: class org.apache.hadoop.ipc.DefaultRpcScheduler, ipcBackoff: false.
2019-08-24 12:08:07,243 INFO  ipc.Server (Server.java:run(1074)) - Starting Socket Reader #1 for port 33741
2019-08-24 12:08:07,245 INFO  ipc.CallQueueManager (CallQueueManager.java:<init>(84)) - Using callQueue: class java.util.concurrent.LinkedBlockingQueue, queueCapacity: 2000, scheduler: class org.apache.hadoop.ipc.DefaultRpcScheduler, ipcBackoff: false.
2019-08-24 12:08:07,246 INFO  ipc.Server (Server.java:run(1074)) - Starting Socket Reader #1 for port 40292
2019-08-24 12:08:07,250 INFO  hdfs.DFSUtil (DFSUtil.java:httpServerTemplateForNNAndJN(1641)) - Starting Web-server for scm at: http://0.0.0.0:0
2019-08-24 12:08:07,253 INFO  server.AuthenticationFilter (AuthenticationFilter.java:constructSecretProvider(240)) - Unable to initialize FileSignerSecretProvider, falling back to use random secrets.
2019-08-24 12:08:07,254 WARN  http.HttpRequestLog (HttpRequestLog.java:getRequestLog(97)) - Jetty request log can only be enabled using Log4j
2019-08-24 12:08:07,257 INFO  http.HttpServer2 (HttpServer2.java:addGlobalFilter(975)) - Added global filter 'safety' (class=org.apache.hadoop.http.HttpServer2$QuotingInputFilter)
2019-08-24 12:08:07,259 INFO  http.HttpServer2 (HttpServer2.java:addFilter(948)) - Added filter static_user_filter (class=org.apache.hadoop.http.lib.StaticUserWebFilter$StaticUserFilter) to context scm
2019-08-24 12:08:07,259 INFO  http.HttpServer2 (HttpServer2.java:addFilter(958)) - Added filter static_user_filter (class=org.apache.hadoop.http.lib.StaticUserWebFilter$StaticUserFilter) to context static
2019-08-24 12:08:07,260 INFO  http.HttpServer2 (HttpServer2.java:addFilter(958)) - Added filter static_user_filter (class=org.apache.hadoop.http.lib.StaticUserWebFilter$StaticUserFilter) to context logs
2019-08-24 12:08:07,263 INFO  server.StorageContainerManager (StorageContainerManager.java:start(759)) - StorageContainerLocationProtocol RPC server is listening at /0.0.0.0:40292
2019-08-24 12:08:07,266 WARN  impl.MetricsConfig (MetricsConfig.java:loadFirst(134)) - Cannot locate configuration: tried hadoop-metrics2-storagecontainermanager.properties,hadoop-metrics2.properties
2019-08-24 12:08:07,268 INFO  impl.MetricsSystemImpl (MetricsSystemImpl.java:startTimer(374)) - Scheduled Metric snapshot period at 10 second(s).
2019-08-24 12:08:07,268 INFO  impl.MetricsSystemImpl (MetricsSystemImpl.java:start(191)) - StorageContainerManager metrics system started
2019-08-24 12:08:07,332 INFO  server.SCMClientProtocolServer (SCMClientProtocolServer.java:start(151)) - RPC server for Client  is listening at /0.0.0.0:40292
2019-08-24 12:08:07,333 INFO  ipc.Server (Server.java:run(1314)) - IPC Server Responder: starting
2019-08-24 12:08:07,333 INFO  ipc.Server (Server.java:run(1153)) - IPC Server listener on 40292: starting
2019-08-24 12:08:07,338 INFO  server.StorageContainerManager (StorageContainerManager.java:start(769)) - ScmBlockLocationProtocol RPC server is listening at /0.0.0.0:33741
2019-08-24 12:08:07,338 INFO  server.SCMBlockProtocolServer (SCMBlockProtocolServer.java:start(140)) - RPC server for Block Protocol is listening at /0.0.0.0:33741
2019-08-24 12:08:07,339 INFO  ipc.Server (Server.java:run(1314)) - IPC Server Responder: starting
2019-08-24 12:08:07,339 INFO  ipc.Server (Server.java:run(1153)) - IPC Server listener on 33741: starting
2019-08-24 12:08:07,344 INFO  server.StorageContainerManager (StorageContainerManager.java:start(773)) - ScmDatanodeProtocl RPC server is listening at /0.0.0.0:41776
2019-08-24 12:08:07,344 INFO  server.SCMDatanodeProtocolServer (SCMDatanodeProtocolServer.java:start(191)) - RPC server for DataNodes is listening at /0.0.0.0:41776
2019-08-24 12:08:07,345 INFO  ipc.Server (Server.java:run(1314)) - IPC Server Responder: starting
2019-08-24 12:08:07,345 INFO  ipc.Server (Server.java:run(1153)) - IPC Server listener on 41776: starting
2019-08-24 12:08:07,350 INFO  http.HttpServer2 (HttpServer2.java:bindListener(1191)) - Jetty bound to port 33937
2019-08-24 12:08:07,351 INFO  server.Server (Server.java:doStart(351)) - jetty-9.3.24.v20180605, build timestamp: 2018-06-05T17:11:56Z, git hash: 84205aa28f11a4f31f2a3b86d1bba2cc8ab69827
2019-08-24 12:08:07,354 INFO  handler.ContextHandler (ContextHandler.java:doStart(781)) - Started o.e.j.s.ServletContextHandler@485deee1{/logs,file:///workdir/hadoop-ozone/integration-test/target/log,AVAILABLE}
2019-08-24 12:08:07,354 INFO  handler.ContextHandler (ContextHandler.java:doStart(781)) - Started o.e.j.s.ServletContextHandler@38a96593{/static,file:///workdir/hadoop-ozone/integration-test/target/test-classes/webapps/static,AVAILABLE}
2019-08-24 12:08:07,362 INFO  handler.ContextHandler (ContextHandler.java:doStart(781)) - Started o.e.j.w.WebAppContext@785a4557{/,file:///workdir/hadoop-ozone/integration-test/target/test-classes/webapps/scm/,AVAILABLE}{/scm}
2019-08-24 12:08:07,363 INFO  server.AbstractConnector (AbstractConnector.java:doStart(278)) - Started ServerConnector@2bf3ec4{HTTP/1.1,[http/1.1]}{0.0.0.0:33937}
2019-08-24 12:08:07,365 INFO  server.Server (Server.java:doStart(419)) - Started @52947ms
2019-08-24 12:08:07,366 INFO  server.BaseHttpServer (BaseHttpServer.java:updateConnectorAddress(207)) - HTTP server of SCM is listening at http://0.0.0.0:33937
2019-08-24 12:08:07,367 WARN  server.ServerUtils (ServerUtils.java:getDBPath(222)) - ozone.om.db.dirs is not configured. We recommend adding this setting. Falling back to ozone.metadata.dirs instead.
2019-08-24 12:08:07,368 INFO  util.JvmPauseMonitor (JvmPauseMonitor.java:run(188)) - Starting JVM pause monitor
2019-08-24 12:08:07,382 WARN  server.ServerUtils (ServerUtils.java:getDBPath(222)) - ozone.om.db.dirs is not configured. We recommend adding this setting. Falling back to ozone.metadata.dirs instead.
2019-08-24 12:08:07,382 WARN  server.ServerUtils (ServerUtils.java:getDBPath(222)) - ozone.om.db.dirs is not configured. We recommend adding this setting. Falling back to ozone.metadata.dirs instead.
2019-08-24 12:08:07,383 INFO  om.OzoneManager (OzoneManager.java:setOMNodeDetails(645)) - OM Service ID is not set. Setting it to the default ID: omServiceIdDefault
2019-08-24 12:08:07,383 INFO  om.OzoneManager (OzoneManager.java:setOMNodeDetails(651)) - OM Node ID is not set. Setting it to the OmStorage's OmID: 11c94c2d-742e-496e-bdc4-f70d8278fc13
2019-08-24 12:08:07,384 INFO  om.OzoneManager (OzoneManager.java:loadOMHAConfigs(602)) - Found matching OM address with OMServiceId: null, OMNodeId: null, RPC Address: localhost:0 and Ratis port: 9872
2019-08-24 12:08:07,391 | INFO  | SCMAudit | user=jenkins1000 | ip=192.168.69.124 | op=GET_SCM_INFO null | ret=SUCCESS |  
2019-08-24 12:08:07,395 WARN  server.ServerUtils (ServerUtils.java:getDBPath(222)) - ozone.om.db.dirs is not configured. We recommend adding this setting. Falling back to ozone.metadata.dirs instead.
2019-08-24 12:08:07,395 INFO  db.DBStoreBuilder (DBStoreBuilder.java:addTable(110)) - using custom profile for table: userTable
2019-08-24 12:08:07,396 INFO  db.DBStoreBuilder (DBStoreBuilder.java:processTables(161)) - Using default column profile:DBProfile.DISK for Table:userTable
2019-08-24 12:08:07,396 INFO  db.DBStoreBuilder (DBStoreBuilder.java:addTable(110)) - using custom profile for table: volumeTable
2019-08-24 12:08:07,396 INFO  db.DBStoreBuilder (DBStoreBuilder.java:processTables(161)) - Using default column profile:DBProfile.DISK for Table:volumeTable
2019-08-24 12:08:07,397 INFO  db.DBStoreBuilder (DBStoreBuilder.java:addTable(110)) - using custom profile for table: bucketTable
2019-08-24 12:08:07,397 INFO  db.DBStoreBuilder (DBStoreBuilder.java:processTables(161)) - Using default column profile:DBProfile.DISK for Table:bucketTable
2019-08-24 12:08:07,398 INFO  db.DBStoreBuilder (DBStoreBuilder.java:addTable(110)) - using custom profile for table: keyTable
2019-08-24 12:08:07,398 INFO  db.DBStoreBuilder (DBStoreBuilder.java:processTables(161)) - Using default column profile:DBProfile.DISK for Table:keyTable
2019-08-24 12:08:07,398 INFO  db.DBStoreBuilder (DBStoreBuilder.java:addTable(110)) - using custom profile for table: deletedTable
2019-08-24 12:08:07,399 INFO  db.DBStoreBuilder (DBStoreBuilder.java:processTables(161)) - Using default column profile:DBProfile.DISK for Table:deletedTable
2019-08-24 12:08:07,399 INFO  db.DBStoreBuilder (DBStoreBuilder.java:addTable(110)) - using custom profile for table: openKeyTable
2019-08-24 12:08:07,399 INFO  db.DBStoreBuilder (DBStoreBuilder.java:processTables(161)) - Using default column profile:DBProfile.DISK for Table:openKeyTable
2019-08-24 12:08:07,400 INFO  db.DBStoreBuilder (DBStoreBuilder.java:addTable(110)) - using custom profile for table: s3Table
2019-08-24 12:08:07,400 INFO  db.DBStoreBuilder (DBStoreBuilder.java:processTables(161)) - Using default column profile:DBProfile.DISK for Table:s3Table
2019-08-24 12:08:07,400 INFO  db.DBStoreBuilder (DBStoreBuilder.java:addTable(110)) - using custom profile for table: multipartInfoTable
2019-08-24 12:08:07,400 INFO  db.DBStoreBuilder (DBStoreBuilder.java:processTables(161)) - Using default column profile:DBProfile.DISK for Table:multipartInfoTable
2019-08-24 12:08:07,401 INFO  db.DBStoreBuilder (DBStoreBuilder.java:addTable(110)) - using custom profile for table: dTokenTable
2019-08-24 12:08:07,401 INFO  db.DBStoreBuilder (DBStoreBuilder.java:processTables(161)) - Using default column profile:DBProfile.DISK for Table:dTokenTable
2019-08-24 12:08:07,402 INFO  db.DBStoreBuilder (DBStoreBuilder.java:addTable(110)) - using custom profile for table: s3SecretTable
2019-08-24 12:08:07,402 INFO  db.DBStoreBuilder (DBStoreBuilder.java:processTables(161)) - Using default column profile:DBProfile.DISK for Table:s3SecretTable
2019-08-24 12:08:07,402 INFO  db.DBStoreBuilder (DBStoreBuilder.java:addTable(110)) - using custom profile for table: prefixTable
2019-08-24 12:08:07,402 INFO  db.DBStoreBuilder (DBStoreBuilder.java:processTables(161)) - Using default column profile:DBProfile.DISK for Table:prefixTable
2019-08-24 12:08:07,403 INFO  db.DBStoreBuilder (DBStoreBuilder.java:addTable(110)) - using custom profile for table: default
2019-08-24 12:08:07,403 INFO  db.DBStoreBuilder (DBStoreBuilder.java:processTables(167)) - Using default column profile:DBProfile.DISK for Table:default
2019-08-24 12:08:07,403 INFO  db.DBStoreBuilder (DBStoreBuilder.java:getDbProfile(198)) - Using default options. DBProfile.DISK
2019-08-24 12:08:08,075 INFO  ipc.CallQueueManager (CallQueueManager.java:<init>(84)) - Using callQueue: class java.util.concurrent.LinkedBlockingQueue, queueCapacity: 2000, scheduler: class org.apache.hadoop.ipc.DefaultRpcScheduler, ipcBackoff: false.
2019-08-24 12:08:08,076 INFO  ipc.Server (Server.java:run(1074)) - Starting Socket Reader #1 for port 43206
2019-08-24 12:08:08,092 INFO  om.OzoneManager (OzoneManager.java:start(1256)) - OzoneManager RPC server is listening at localhost/127.0.0.1:43206
2019-08-24 12:08:08,092 INFO  impl.MetricsSystemImpl (MetricsSystemImpl.java:init(158)) - OzoneManager metrics system started (again)
2019-08-24 12:08:08,093 INFO  ipc.Server (Server.java:run(1314)) - IPC Server Responder: starting
2019-08-24 12:08:08,093 INFO  ipc.Server (Server.java:run(1153)) - IPC Server listener on 43206: starting
2019-08-24 12:08:08,099 INFO  hdfs.DFSUtil (DFSUtil.java:httpServerTemplateForNNAndJN(1641)) - Starting Web-server for ozoneManager at: http://0.0.0.0:0
2019-08-24 12:08:08,102 INFO  server.AuthenticationFilter (AuthenticationFilter.java:constructSecretProvider(240)) - Unable to initialize FileSignerSecretProvider, falling back to use random secrets.
2019-08-24 12:08:08,103 WARN  http.HttpRequestLog (HttpRequestLog.java:getRequestLog(97)) - Jetty request log can only be enabled using Log4j
2019-08-24 12:08:08,106 INFO  http.HttpServer2 (HttpServer2.java:addGlobalFilter(975)) - Added global filter 'safety' (class=org.apache.hadoop.http.HttpServer2$QuotingInputFilter)
2019-08-24 12:08:08,107 INFO  http.HttpServer2 (HttpServer2.java:addFilter(948)) - Added filter static_user_filter (class=org.apache.hadoop.http.lib.StaticUserWebFilter$StaticUserFilter) to context ozoneManager
2019-08-24 12:08:08,107 INFO  http.HttpServer2 (HttpServer2.java:addFilter(958)) - Added filter static_user_filter (class=org.apache.hadoop.http.lib.StaticUserWebFilter$StaticUserFilter) to context static
2019-08-24 12:08:08,107 INFO  http.HttpServer2 (HttpServer2.java:addFilter(958)) - Added filter static_user_filter (class=org.apache.hadoop.http.lib.StaticUserWebFilter$StaticUserFilter) to context logs
2019-08-24 12:08:08,108 INFO  http.HttpServer2 (HttpServer2.java:bindListener(1191)) - Jetty bound to port 37172
2019-08-24 12:08:08,108 INFO  server.Server (Server.java:doStart(351)) - jetty-9.3.24.v20180605, build timestamp: 2018-06-05T17:11:56Z, git hash: 84205aa28f11a4f31f2a3b86d1bba2cc8ab69827
2019-08-24 12:08:08,111 INFO  handler.ContextHandler (ContextHandler.java:doStart(781)) - Started o.e.j.s.ServletContextHandler@54bb1194{/logs,file:///workdir/hadoop-ozone/integration-test/target/log,AVAILABLE}
2019-08-24 12:08:08,112 INFO  handler.ContextHandler (ContextHandler.java:doStart(781)) - Started o.e.j.s.ServletContextHandler@1f42366{/static,file:///workdir/hadoop-ozone/integration-test/target/test-classes/webapps/static,AVAILABLE}
2019-08-24 12:08:08,119 INFO  handler.ContextHandler (ContextHandler.java:doStart(781)) - Started o.e.j.w.WebAppContext@58cda03f{/,file:///workdir/hadoop-ozone/integration-test/target/test-classes/webapps/ozoneManager/,AVAILABLE}{/ozoneManager}
2019-08-24 12:08:08,120 INFO  server.AbstractConnector (AbstractConnector.java:doStart(278)) - Started ServerConnector@7757a37f{HTTP/1.1,[http/1.1]}{0.0.0.0:37172}
2019-08-24 12:08:08,121 INFO  server.Server (Server.java:doStart(419)) - Started @53703ms
2019-08-24 12:08:08,122 INFO  server.BaseHttpServer (BaseHttpServer.java:updateConnectorAddress(207)) - HTTP server of OZONEMANAGER is listening at http://0.0.0.0:37172
2019-08-24 12:08:08,144 INFO  impl.MetricsSystemImpl (MetricsSystemImpl.java:init(158)) - HddsDatanode metrics system started (again)
2019-08-24 12:08:08,148 INFO  ozone.HddsDatanodeService (HddsDatanodeService.java:start(184)) - HddsDatanodeService host:pr-hdds-2029-g5rx4-259851958 ip:192.168.69.124
2019-08-24 12:08:08,156 INFO  volume.HddsVolume (HddsVolume.java:<init>(176)) - Creating Volume: /workdir/hadoop-ozone/integration-test/target/test-dir/MiniOzoneClusterImpl-51fda694-2cca-4d9a-be93-0e760f3df14d/datanode-0/data/containers/hdds of  storage type : DISK and capacity : 1482555576320
2019-08-24 12:08:08,156 INFO  volume.VolumeSet (VolumeSet.java:initializeVolumeSet(170)) - Added Volume : /workdir/hadoop-ozone/integration-test/target/test-dir/MiniOzoneClusterImpl-51fda694-2cca-4d9a-be93-0e760f3df14d/datanode-0/data/containers/hdds to VolumeSet
2019-08-24 12:08:08,157 INFO  volume.ThrottledAsyncChecker (ThrottledAsyncChecker.java:schedule(140)) - Scheduling a check for org.apache.hadoop.ozone.container.common.volume.HddsVolume@58182b96
2019-08-24 12:08:08,157 INFO  volume.HddsVolumeChecker (HddsVolumeChecker.java:checkAllVolumes(203)) - Scheduled health check for volume org.apache.hadoop.ozone.container.common.volume.HddsVolume@58182b96
2019-08-24 12:08:08,176 INFO  impl.RaftServerProxy (ConfUtils.java:logGet(43)) - raft.rpc.type = GRPC (default)
2019-08-24 12:08:08,177 INFO  grpc.GrpcFactory (GrpcFactory.java:checkPooledByteBufAllocatorUseCacheForAllThreads(45)) - PERFORMANCE WARNING: useCacheForAllThreads is true that may cause Netty to create a lot garbage objects and, as a result, trigger GC.
	It is recommended to disable useCacheForAllThreads by setting -Dorg.apache.ratis.thirdparty.io.netty.allocator.useCacheForAllThreads=false in command line.
2019-08-24 12:08:08,177 INFO  grpc.GrpcConfigKeys$Server (ConfUtils.java:logGet(43)) - raft.grpc.server.port = 0 (default)
2019-08-24 12:08:08,177 INFO  server.GrpcService (ConfUtils.java:logGet(43)) - raft.grpc.message.size.max = 33570816 (custom)
2019-08-24 12:08:08,177 INFO  server.RaftServerConfigKeys (ConfUtils.java:logGet(43)) - raft.server.log.appender.buffer.byte-limit = 33554432 (custom)
2019-08-24 12:08:08,178 INFO  server.GrpcService (ConfUtils.java:logGet(43)) - raft.grpc.flow.control.window = 1MB (=1048576) (default)
2019-08-24 12:08:08,178 INFO  server.RaftServerConfigKeys (ConfUtils.java:logGet(43)) - raft.server.rpc.request.timeout = 3000ms (default)
2019-08-24 12:08:08,179 INFO  server.RaftServerConfigKeys (ConfUtils.java:logGet(43)) - raft.server.storage.dir = [/workdir/hadoop-ozone/integration-test/target/test-dir/MiniOzoneClusterImpl-51fda694-2cca-4d9a-be93-0e760f3df14d/datanode-0/data/ratis] (custom)
2019-08-24 12:08:08,179 INFO  replication.SimpleContainerDownloader (SimpleContainerDownloader.java:<init>(72)) - Starting container downloader service to copy containers to replicate.
2019-08-24 12:08:08,181 INFO  hdfs.DFSUtil (DFSUtil.java:httpServerTemplateForNNAndJN(1641)) - Starting Web-server for hddsDatanode at: http://0.0.0.0:0
2019-08-24 12:08:08,182 INFO  server.AuthenticationFilter (AuthenticationFilter.java:constructSecretProvider(240)) - Unable to initialize FileSignerSecretProvider, falling back to use random secrets.
2019-08-24 12:08:08,183 WARN  http.HttpRequestLog (HttpRequestLog.java:getRequestLog(97)) - Jetty request log can only be enabled using Log4j
2019-08-24 12:08:08,185 INFO  http.HttpServer2 (HttpServer2.java:addGlobalFilter(975)) - Added global filter 'safety' (class=org.apache.hadoop.http.HttpServer2$QuotingInputFilter)
2019-08-24 12:08:08,185 INFO  http.HttpServer2 (HttpServer2.java:addFilter(948)) - Added filter static_user_filter (class=org.apache.hadoop.http.lib.StaticUserWebFilter$StaticUserFilter) to context hddsDatanode
2019-08-24 12:08:08,186 INFO  http.HttpServer2 (HttpServer2.java:addFilter(958)) - Added filter static_user_filter (class=org.apache.hadoop.http.lib.StaticUserWebFilter$StaticUserFilter) to context static
2019-08-24 12:08:08,186 INFO  http.HttpServer2 (HttpServer2.java:addFilter(958)) - Added filter static_user_filter (class=org.apache.hadoop.http.lib.StaticUserWebFilter$StaticUserFilter) to context logs
2019-08-24 12:08:08,187 INFO  http.HttpServer2 (HttpServer2.java:bindListener(1191)) - Jetty bound to port 44979
2019-08-24 12:08:08,187 INFO  server.Server (Server.java:doStart(351)) - jetty-9.3.24.v20180605, build timestamp: 2018-06-05T17:11:56Z, git hash: 84205aa28f11a4f31f2a3b86d1bba2cc8ab69827
2019-08-24 12:08:08,189 INFO  handler.ContextHandler (ContextHandler.java:doStart(781)) - Started o.e.j.s.ServletContextHandler@15e8c040{/logs,file:///workdir/hadoop-ozone/integration-test/target/log,AVAILABLE}
2019-08-24 12:08:08,189 INFO  handler.ContextHandler (ContextHandler.java:doStart(781)) - Started o.e.j.s.ServletContextHandler@60ed0b9d{/static,jar:file:/home/user/.m2/repository/org/apache/hadoop/hadoop-hdds-container-service/0.4.1-SNAPSHOT/hadoop-hdds-container-service-0.4.1-SNAPSHOT.jar!/webapps/static,AVAILABLE}
2019-08-24 12:08:08,223 INFO  handler.ContextHandler (ContextHandler.java:doStart(781)) - Started o.e.j.w.WebAppContext@3ae2702a{/,file:///tmp/jetty-0.0.0.0-44979-hddsDatanode-_-any-6847049658883423963.dir/webapp/,AVAILABLE}{/hddsDatanode}
2019-08-24 12:08:08,223 INFO  server.AbstractConnector (AbstractConnector.java:doStart(278)) - Started ServerConnector@7d088813{HTTP/1.1,[http/1.1]}{0.0.0.0:44979}
2019-08-24 12:08:08,224 INFO  server.Server (Server.java:doStart(419)) - Started @53807ms
2019-08-24 12:08:08,225 INFO  server.BaseHttpServer (BaseHttpServer.java:updateConnectorAddress(207)) - HTTP server of HDDSDATANODE is listening at http://0.0.0.0:44979
2019-08-24 12:08:08,367 | INFO  | ObjectStoreRestHttpServer | Listening HDDS REST traffic on /0.0.0.0:37770 |  
2019-08-24 12:08:08,367 INFO  ozone.HddsDatanodeService (HddsDatanodeService.java:startPlugins(395)) - Started plug-in org.apache.hadoop.ozone.web.OzoneHddsDatanodeService@65af05b2
2019-08-24 12:08:08,367 INFO  impl.MetricsSystemImpl (MetricsSystemImpl.java:init(158)) - HddsDatanode metrics system started (again)
2019-08-24 12:08:08,372 INFO  util.JvmPauseMonitor (JvmPauseMonitor.java:run(188)) - Starting JVM pause monitor
2019-08-24 12:08:08,372 INFO  ozone.HddsDatanodeService (HddsDatanodeService.java:start(184)) - HddsDatanodeService host:pr-hdds-2029-g5rx4-259851958 ip:192.168.69.124
2019-08-24 12:08:08,374 INFO  datanode.InitDatanodeState (InitDatanodeState.java:persistContainerDatanodeDetails(140)) - DatanodeDetails is persisted to /workdir/hadoop-ozone/integration-test/target/test-dir/MiniOzoneClusterImpl-51fda694-2cca-4d9a-be93-0e760f3df14d/datanode-0/meta/datanode.id
2019-08-24 12:08:08,380 INFO  volume.HddsVolume (HddsVolume.java:<init>(176)) - Creating Volume: /workdir/hadoop-ozone/integration-test/target/test-dir/MiniOzoneClusterImpl-51fda694-2cca-4d9a-be93-0e760f3df14d/datanode-1/data/containers/hdds of  storage type : DISK and capacity : 1482555576320
2019-08-24 12:08:08,380 INFO  volume.VolumeSet (VolumeSet.java:initializeVolumeSet(170)) - Added Volume : /workdir/hadoop-ozone/integration-test/target/test-dir/MiniOzoneClusterImpl-51fda694-2cca-4d9a-be93-0e760f3df14d/datanode-1/data/containers/hdds to VolumeSet
2019-08-24 12:08:08,380 INFO  volume.ThrottledAsyncChecker (ThrottledAsyncChecker.java:schedule(140)) - Scheduling a check for org.apache.hadoop.ozone.container.common.volume.HddsVolume@370a8b6e
2019-08-24 12:08:08,381 INFO  volume.HddsVolumeChecker (HddsVolumeChecker.java:checkAllVolumes(203)) - Scheduled health check for volume org.apache.hadoop.ozone.container.common.volume.HddsVolume@370a8b6e
2019-08-24 12:08:08,396 INFO  impl.RaftServerProxy (ConfUtils.java:logGet(43)) - raft.rpc.type = GRPC (default)
2019-08-24 12:08:08,396 INFO  grpc.GrpcFactory (GrpcFactory.java:checkPooledByteBufAllocatorUseCacheForAllThreads(45)) - PERFORMANCE WARNING: useCacheForAllThreads is true that may cause Netty to create a lot garbage objects and, as a result, trigger GC.
	It is recommended to disable useCacheForAllThreads by setting -Dorg.apache.ratis.thirdparty.io.netty.allocator.useCacheForAllThreads=false in command line.
2019-08-24 12:08:08,396 INFO  grpc.GrpcConfigKeys$Server (ConfUtils.java:logGet(43)) - raft.grpc.server.port = 0 (default)
2019-08-24 12:08:08,396 INFO  server.GrpcService (ConfUtils.java:logGet(43)) - raft.grpc.message.size.max = 33570816 (custom)
2019-08-24 12:08:08,397 INFO  server.RaftServerConfigKeys (ConfUtils.java:logGet(43)) - raft.server.log.appender.buffer.byte-limit = 33554432 (custom)
2019-08-24 12:08:08,397 INFO  server.GrpcService (ConfUtils.java:logGet(43)) - raft.grpc.flow.control.window = 1MB (=1048576) (default)
2019-08-24 12:08:08,397 INFO  server.RaftServerConfigKeys (ConfUtils.java:logGet(43)) - raft.server.rpc.request.timeout = 3000ms (default)
2019-08-24 12:08:08,397 INFO  server.RaftServerConfigKeys (ConfUtils.java:logGet(43)) - raft.server.storage.dir = [/workdir/hadoop-ozone/integration-test/target/test-dir/MiniOzoneClusterImpl-51fda694-2cca-4d9a-be93-0e760f3df14d/datanode-1/data/ratis] (custom)
2019-08-24 12:08:08,398 INFO  replication.SimpleContainerDownloader (SimpleContainerDownloader.java:<init>(72)) - Starting container downloader service to copy containers to replicate.
2019-08-24 12:08:08,399 INFO  hdfs.DFSUtil (DFSUtil.java:httpServerTemplateForNNAndJN(1641)) - Starting Web-server for hddsDatanode at: http://0.0.0.0:0
2019-08-24 12:08:08,400 INFO  server.AuthenticationFilter (AuthenticationFilter.java:constructSecretProvider(240)) - Unable to initialize FileSignerSecretProvider, falling back to use random secrets.
2019-08-24 12:08:08,401 WARN  http.HttpRequestLog (HttpRequestLog.java:getRequestLog(97)) - Jetty request log can only be enabled using Log4j
2019-08-24 12:08:08,402 INFO  http.HttpServer2 (HttpServer2.java:addGlobalFilter(975)) - Added global filter 'safety' (class=org.apache.hadoop.http.HttpServer2$QuotingInputFilter)
2019-08-24 12:08:08,403 INFO  http.HttpServer2 (HttpServer2.java:addFilter(948)) - Added filter static_user_filter (class=org.apache.hadoop.http.lib.StaticUserWebFilter$StaticUserFilter) to context hddsDatanode
2019-08-24 12:08:08,403 INFO  http.HttpServer2 (HttpServer2.java:addFilter(958)) - Added filter static_user_filter (class=org.apache.hadoop.http.lib.StaticUserWebFilter$StaticUserFilter) to context static
2019-08-24 12:08:08,403 INFO  http.HttpServer2 (HttpServer2.java:addFilter(958)) - Added filter static_user_filter (class=org.apache.hadoop.http.lib.StaticUserWebFilter$StaticUserFilter) to context logs
2019-08-24 12:08:08,404 INFO  http.HttpServer2 (HttpServer2.java:bindListener(1191)) - Jetty bound to port 43523
2019-08-24 12:08:08,404 INFO  server.Server (Server.java:doStart(351)) - jetty-9.3.24.v20180605, build timestamp: 2018-06-05T17:11:56Z, git hash: 84205aa28f11a4f31f2a3b86d1bba2cc8ab69827
2019-08-24 12:08:08,406 INFO  handler.ContextHandler (ContextHandler.java:doStart(781)) - Started o.e.j.s.ServletContextHandler@6253e59a{/logs,file:///workdir/hadoop-ozone/integration-test/target/log,AVAILABLE}
2019-08-24 12:08:08,406 INFO  handler.ContextHandler (ContextHandler.java:doStart(781)) - Started o.e.j.s.ServletContextHandler@16ccd2bc{/static,jar:file:/home/user/.m2/repository/org/apache/hadoop/hadoop-hdds-container-service/0.4.1-SNAPSHOT/hadoop-hdds-container-service-0.4.1-SNAPSHOT.jar!/webapps/static,AVAILABLE}
2019-08-24 12:08:08,434 INFO  handler.ContextHandler (ContextHandler.java:doStart(781)) - Started o.e.j.w.WebAppContext@68a5aadd{/,file:///tmp/jetty-0.0.0.0-43523-hddsDatanode-_-any-5017753571875836405.dir/webapp/,AVAILABLE}{/hddsDatanode}
2019-08-24 12:08:08,435 INFO  server.AbstractConnector (AbstractConnector.java:doStart(278)) - Started ServerConnector@1c2096c6{HTTP/1.1,[http/1.1]}{0.0.0.0:43523}
2019-08-24 12:08:08,436 INFO  server.Server (Server.java:doStart(419)) - Started @54018ms
2019-08-24 12:08:08,436 INFO  server.BaseHttpServer (BaseHttpServer.java:updateConnectorAddress(207)) - HTTP server of HDDSDATANODE is listening at http://0.0.0.0:43523
2019-08-24 12:08:08,567 | INFO  | ObjectStoreRestHttpServer | Listening HDDS REST traffic on /0.0.0.0:46417 |  
2019-08-24 12:08:08,567 INFO  ozone.HddsDatanodeService (HddsDatanodeService.java:startPlugins(395)) - Started plug-in org.apache.hadoop.ozone.web.OzoneHddsDatanodeService@38667005
2019-08-24 12:08:08,567 INFO  impl.MetricsSystemImpl (MetricsSystemImpl.java:init(158)) - HddsDatanode metrics system started (again)
2019-08-24 12:08:08,572 INFO  util.JvmPauseMonitor (JvmPauseMonitor.java:run(188)) - Starting JVM pause monitor
2019-08-24 12:08:08,572 INFO  ozone.HddsDatanodeService (HddsDatanodeService.java:start(184)) - HddsDatanodeService host:pr-hdds-2029-g5rx4-259851958 ip:192.168.69.124
2019-08-24 12:08:08,574 INFO  datanode.InitDatanodeState (InitDatanodeState.java:persistContainerDatanodeDetails(140)) - DatanodeDetails is persisted to /workdir/hadoop-ozone/integration-test/target/test-dir/MiniOzoneClusterImpl-51fda694-2cca-4d9a-be93-0e760f3df14d/datanode-1/meta/datanode.id
2019-08-24 12:08:08,581 INFO  volume.HddsVolume (HddsVolume.java:<init>(176)) - Creating Volume: /workdir/hadoop-ozone/integration-test/target/test-dir/MiniOzoneClusterImpl-51fda694-2cca-4d9a-be93-0e760f3df14d/datanode-2/data/containers/hdds of  storage type : DISK and capacity : 1482555576320
2019-08-24 12:08:08,581 INFO  volume.VolumeSet (VolumeSet.java:initializeVolumeSet(170)) - Added Volume : /workdir/hadoop-ozone/integration-test/target/test-dir/MiniOzoneClusterImpl-51fda694-2cca-4d9a-be93-0e760f3df14d/datanode-2/data/containers/hdds to VolumeSet
2019-08-24 12:08:08,581 INFO  volume.ThrottledAsyncChecker (ThrottledAsyncChecker.java:schedule(140)) - Scheduling a check for org.apache.hadoop.ozone.container.common.volume.HddsVolume@7c9372ed
2019-08-24 12:08:08,582 INFO  volume.HddsVolumeChecker (HddsVolumeChecker.java:checkAllVolumes(203)) - Scheduled health check for volume org.apache.hadoop.ozone.container.common.volume.HddsVolume@7c9372ed
2019-08-24 12:08:08,597 INFO  impl.RaftServerProxy (ConfUtils.java:logGet(43)) - raft.rpc.type = GRPC (default)
2019-08-24 12:08:08,598 INFO  grpc.GrpcFactory (GrpcFactory.java:checkPooledByteBufAllocatorUseCacheForAllThreads(45)) - PERFORMANCE WARNING: useCacheForAllThreads is true that may cause Netty to create a lot garbage objects and, as a result, trigger GC.
	It is recommended to disable useCacheForAllThreads by setting -Dorg.apache.ratis.thirdparty.io.netty.allocator.useCacheForAllThreads=false in command line.
2019-08-24 12:08:08,598 INFO  grpc.GrpcConfigKeys$Server (ConfUtils.java:logGet(43)) - raft.grpc.server.port = 0 (default)
2019-08-24 12:08:08,598 INFO  server.GrpcService (ConfUtils.java:logGet(43)) - raft.grpc.message.size.max = 33570816 (custom)
2019-08-24 12:08:08,598 INFO  server.RaftServerConfigKeys (ConfUtils.java:logGet(43)) - raft.server.log.appender.buffer.byte-limit = 33554432 (custom)
2019-08-24 12:08:08,598 INFO  server.GrpcService (ConfUtils.java:logGet(43)) - raft.grpc.flow.control.window = 1MB (=1048576) (default)
2019-08-24 12:08:08,599 INFO  server.RaftServerConfigKeys (ConfUtils.java:logGet(43)) - raft.server.rpc.request.timeout = 3000ms (default)
2019-08-24 12:08:08,599 INFO  server.RaftServerConfigKeys (ConfUtils.java:logGet(43)) - raft.server.storage.dir = [/workdir/hadoop-ozone/integration-test/target/test-dir/MiniOzoneClusterImpl-51fda694-2cca-4d9a-be93-0e760f3df14d/datanode-2/data/ratis] (custom)
2019-08-24 12:08:08,599 INFO  replication.SimpleContainerDownloader (SimpleContainerDownloader.java:<init>(72)) - Starting container downloader service to copy containers to replicate.
2019-08-24 12:08:08,601 INFO  hdfs.DFSUtil (DFSUtil.java:httpServerTemplateForNNAndJN(1641)) - Starting Web-server for hddsDatanode at: http://0.0.0.0:0
2019-08-24 12:08:08,602 INFO  server.AuthenticationFilter (AuthenticationFilter.java:constructSecretProvider(240)) - Unable to initialize FileSignerSecretProvider, falling back to use random secrets.
2019-08-24 12:08:08,602 WARN  http.HttpRequestLog (HttpRequestLog.java:getRequestLog(97)) - Jetty request log can only be enabled using Log4j
2019-08-24 12:08:08,604 INFO  http.HttpServer2 (HttpServer2.java:addGlobalFilter(975)) - Added global filter 'safety' (class=org.apache.hadoop.http.HttpServer2$QuotingInputFilter)
2019-08-24 12:08:08,604 INFO  http.HttpServer2 (HttpServer2.java:addFilter(948)) - Added filter static_user_filter (class=org.apache.hadoop.http.lib.StaticUserWebFilter$StaticUserFilter) to context hddsDatanode
2019-08-24 12:08:08,604 INFO  http.HttpServer2 (HttpServer2.java:addFilter(958)) - Added filter static_user_filter (class=org.apache.hadoop.http.lib.StaticUserWebFilter$StaticUserFilter) to context static
2019-08-24 12:08:08,604 INFO  http.HttpServer2 (HttpServer2.java:addFilter(958)) - Added filter static_user_filter (class=org.apache.hadoop.http.lib.StaticUserWebFilter$StaticUserFilter) to context logs
2019-08-24 12:08:08,605 INFO  http.HttpServer2 (HttpServer2.java:bindListener(1191)) - Jetty bound to port 33645
2019-08-24 12:08:08,605 INFO  server.Server (Server.java:doStart(351)) - jetty-9.3.24.v20180605, build timestamp: 2018-06-05T17:11:56Z, git hash: 84205aa28f11a4f31f2a3b86d1bba2cc8ab69827
2019-08-24 12:08:08,607 INFO  handler.ContextHandler (ContextHandler.java:doStart(781)) - Started o.e.j.s.ServletContextHandler@6fd7aba8{/logs,file:///workdir/hadoop-ozone/integration-test/target/log,AVAILABLE}
2019-08-24 12:08:08,608 INFO  handler.ContextHandler (ContextHandler.java:doStart(781)) - Started o.e.j.s.ServletContextHandler@3ce7490a{/static,jar:file:/home/user/.m2/repository/org/apache/hadoop/hadoop-hdds-container-service/0.4.1-SNAPSHOT/hadoop-hdds-container-service-0.4.1-SNAPSHOT.jar!/webapps/static,AVAILABLE}
2019-08-24 12:08:08,636 INFO  handler.ContextHandler (ContextHandler.java:doStart(781)) - Started o.e.j.w.WebAppContext@d949bc4{/,file:///tmp/jetty-0.0.0.0-33645-hddsDatanode-_-any-3353206156354046549.dir/webapp/,AVAILABLE}{/hddsDatanode}
2019-08-24 12:08:08,636 INFO  server.AbstractConnector (AbstractConnector.java:doStart(278)) - Started ServerConnector@7079f8f0{HTTP/1.1,[http/1.1]}{0.0.0.0:33645}
2019-08-24 12:08:08,637 INFO  server.Server (Server.java:doStart(419)) - Started @54220ms
2019-08-24 12:08:08,638 INFO  server.BaseHttpServer (BaseHttpServer.java:updateConnectorAddress(207)) - HTTP server of HDDSDATANODE is listening at http://0.0.0.0:33645
2019-08-24 12:08:08,767 | INFO  | ObjectStoreRestHttpServer | Listening HDDS REST traffic on /0.0.0.0:36129 |  
2019-08-24 12:08:08,768 INFO  ozone.HddsDatanodeService (HddsDatanodeService.java:startPlugins(395)) - Started plug-in org.apache.hadoop.ozone.web.OzoneHddsDatanodeService@39f93225
2019-08-24 12:08:08,768 INFO  impl.MetricsSystemImpl (MetricsSystemImpl.java:init(158)) - HddsDatanode metrics system started (again)
2019-08-24 12:08:08,774 INFO  util.JvmPauseMonitor (JvmPauseMonitor.java:run(188)) - Starting JVM pause monitor
2019-08-24 12:08:08,774 INFO  ozone.HddsDatanodeService (HddsDatanodeService.java:start(184)) - HddsDatanodeService host:pr-hdds-2029-g5rx4-259851958 ip:192.168.69.124
2019-08-24 12:08:08,776 INFO  datanode.InitDatanodeState (InitDatanodeState.java:persistContainerDatanodeDetails(140)) - DatanodeDetails is persisted to /workdir/hadoop-ozone/integration-test/target/test-dir/MiniOzoneClusterImpl-51fda694-2cca-4d9a-be93-0e760f3df14d/datanode-2/meta/datanode.id
2019-08-24 12:08:08,783 INFO  volume.HddsVolume (HddsVolume.java:<init>(176)) - Creating Volume: /workdir/hadoop-ozone/integration-test/target/test-dir/MiniOzoneClusterImpl-51fda694-2cca-4d9a-be93-0e760f3df14d/datanode-3/data/containers/hdds of  storage type : DISK and capacity : 1482555576320
2019-08-24 12:08:08,783 INFO  volume.VolumeSet (VolumeSet.java:initializeVolumeSet(170)) - Added Volume : /workdir/hadoop-ozone/integration-test/target/test-dir/MiniOzoneClusterImpl-51fda694-2cca-4d9a-be93-0e760f3df14d/datanode-3/data/containers/hdds to VolumeSet
2019-08-24 12:08:08,783 INFO  volume.ThrottledAsyncChecker (ThrottledAsyncChecker.java:schedule(140)) - Scheduling a check for org.apache.hadoop.ozone.container.common.volume.HddsVolume@75e4fe3c
2019-08-24 12:08:08,784 INFO  volume.HddsVolumeChecker (HddsVolumeChecker.java:checkAllVolumes(203)) - Scheduled health check for volume org.apache.hadoop.ozone.container.common.volume.HddsVolume@75e4fe3c
2019-08-24 12:08:08,801 INFO  impl.RaftServerProxy (ConfUtils.java:logGet(43)) - raft.rpc.type = GRPC (default)
2019-08-24 12:08:08,801 INFO  grpc.GrpcFactory (GrpcFactory.java:checkPooledByteBufAllocatorUseCacheForAllThreads(45)) - PERFORMANCE WARNING: useCacheForAllThreads is true that may cause Netty to create a lot garbage objects and, as a result, trigger GC.
	It is recommended to disable useCacheForAllThreads by setting -Dorg.apache.ratis.thirdparty.io.netty.allocator.useCacheForAllThreads=false in command line.
2019-08-24 12:08:08,802 INFO  grpc.GrpcConfigKeys$Server (ConfUtils.java:logGet(43)) - raft.grpc.server.port = 0 (default)
2019-08-24 12:08:08,802 INFO  server.GrpcService (ConfUtils.java:logGet(43)) - raft.grpc.message.size.max = 33570816 (custom)
2019-08-24 12:08:08,802 INFO  server.RaftServerConfigKeys (ConfUtils.java:logGet(43)) - raft.server.log.appender.buffer.byte-limit = 33554432 (custom)
2019-08-24 12:08:08,802 INFO  server.GrpcService (ConfUtils.java:logGet(43)) - raft.grpc.flow.control.window = 1MB (=1048576) (default)
2019-08-24 12:08:08,802 INFO  server.RaftServerConfigKeys (ConfUtils.java:logGet(43)) - raft.server.rpc.request.timeout = 3000ms (default)
2019-08-24 12:08:08,803 INFO  server.RaftServerConfigKeys (ConfUtils.java:logGet(43)) - raft.server.storage.dir = [/workdir/hadoop-ozone/integration-test/target/test-dir/MiniOzoneClusterImpl-51fda694-2cca-4d9a-be93-0e760f3df14d/datanode-3/data/ratis] (custom)
2019-08-24 12:08:08,803 INFO  replication.SimpleContainerDownloader (SimpleContainerDownloader.java:<init>(72)) - Starting container downloader service to copy containers to replicate.
2019-08-24 12:08:08,805 INFO  hdfs.DFSUtil (DFSUtil.java:httpServerTemplateForNNAndJN(1641)) - Starting Web-server for hddsDatanode at: http://0.0.0.0:0
2019-08-24 12:08:08,806 INFO  server.AuthenticationFilter (AuthenticationFilter.java:constructSecretProvider(240)) - Unable to initialize FileSignerSecretProvider, falling back to use random secrets.
2019-08-24 12:08:08,806 WARN  http.HttpRequestLog (HttpRequestLog.java:getRequestLog(97)) - Jetty request log can only be enabled using Log4j
2019-08-24 12:08:08,808 INFO  http.HttpServer2 (HttpServer2.java:addGlobalFilter(975)) - Added global filter 'safety' (class=org.apache.hadoop.http.HttpServer2$QuotingInputFilter)
2019-08-24 12:08:08,808 INFO  http.HttpServer2 (HttpServer2.java:addFilter(948)) - Added filter static_user_filter (class=org.apache.hadoop.http.lib.StaticUserWebFilter$StaticUserFilter) to context hddsDatanode
2019-08-24 12:08:08,808 INFO  http.HttpServer2 (HttpServer2.java:addFilter(958)) - Added filter static_user_filter (class=org.apache.hadoop.http.lib.StaticUserWebFilter$StaticUserFilter) to context static
2019-08-24 12:08:08,809 INFO  http.HttpServer2 (HttpServer2.java:addFilter(958)) - Added filter static_user_filter (class=org.apache.hadoop.http.lib.StaticUserWebFilter$StaticUserFilter) to context logs
2019-08-24 12:08:08,809 INFO  http.HttpServer2 (HttpServer2.java:bindListener(1191)) - Jetty bound to port 40650
2019-08-24 12:08:08,809 INFO  server.Server (Server.java:doStart(351)) - jetty-9.3.24.v20180605, build timestamp: 2018-06-05T17:11:56Z, git hash: 84205aa28f11a4f31f2a3b86d1bba2cc8ab69827
2019-08-24 12:08:08,811 INFO  handler.ContextHandler (ContextHandler.java:doStart(781)) - Started o.e.j.s.ServletContextHandler@2acb1264{/logs,file:///workdir/hadoop-ozone/integration-test/target/log,AVAILABLE}
2019-08-24 12:08:08,812 INFO  handler.ContextHandler (ContextHandler.java:doStart(781)) - Started o.e.j.s.ServletContextHandler@1f68e4e8{/static,jar:file:/home/user/.m2/repository/org/apache/hadoop/hadoop-hdds-container-service/0.4.1-SNAPSHOT/hadoop-hdds-container-service-0.4.1-SNAPSHOT.jar!/webapps/static,AVAILABLE}
2019-08-24 12:08:08,840 INFO  handler.ContextHandler (ContextHandler.java:doStart(781)) - Started o.e.j.w.WebAppContext@1a819901{/,file:///tmp/jetty-0.0.0.0-40650-hddsDatanode-_-any-5461688985672942696.dir/webapp/,AVAILABLE}{/hddsDatanode}
2019-08-24 12:08:08,840 INFO  server.AbstractConnector (AbstractConnector.java:doStart(278)) - Started ServerConnector@588d630d{HTTP/1.1,[http/1.1]}{0.0.0.0:40650}
2019-08-24 12:08:08,842 INFO  server.Server (Server.java:doStart(419)) - Started @54425ms
2019-08-24 12:08:08,843 INFO  server.BaseHttpServer (BaseHttpServer.java:updateConnectorAddress(207)) - HTTP server of HDDSDATANODE is listening at http://0.0.0.0:40650
2019-08-24 12:08:09,003 | INFO  | ObjectStoreRestHttpServer | Listening HDDS REST traffic on /0.0.0.0:36762 |  
2019-08-24 12:08:09,003 INFO  ozone.HddsDatanodeService (HddsDatanodeService.java:startPlugins(395)) - Started plug-in org.apache.hadoop.ozone.web.OzoneHddsDatanodeService@73ddb7ef
2019-08-24 12:08:09,004 INFO  impl.MetricsSystemImpl (MetricsSystemImpl.java:init(158)) - HddsDatanode metrics system started (again)
2019-08-24 12:08:09,008 INFO  util.JvmPauseMonitor (JvmPauseMonitor.java:run(188)) - Starting JVM pause monitor
2019-08-24 12:08:09,010 INFO  datanode.InitDatanodeState (InitDatanodeState.java:persistContainerDatanodeDetails(140)) - DatanodeDetails is persisted to /workdir/hadoop-ozone/integration-test/target/test-dir/MiniOzoneClusterImpl-51fda694-2cca-4d9a-be93-0e760f3df14d/datanode-3/meta/datanode.id
2019-08-24 12:08:09,011 INFO  ozone.HddsDatanodeService (HddsDatanodeService.java:start(184)) - HddsDatanodeService host:pr-hdds-2029-g5rx4-259851958 ip:192.168.69.124
2019-08-24 12:08:09,018 INFO  volume.HddsVolume (HddsVolume.java:<init>(176)) - Creating Volume: /workdir/hadoop-ozone/integration-test/target/test-dir/MiniOzoneClusterImpl-51fda694-2cca-4d9a-be93-0e760f3df14d/datanode-4/data/containers/hdds of  storage type : DISK and capacity : 1482555576320
2019-08-24 12:08:09,018 INFO  volume.VolumeSet (VolumeSet.java:initializeVolumeSet(170)) - Added Volume : /workdir/hadoop-ozone/integration-test/target/test-dir/MiniOzoneClusterImpl-51fda694-2cca-4d9a-be93-0e760f3df14d/datanode-4/data/containers/hdds to VolumeSet
2019-08-24 12:08:09,019 INFO  volume.ThrottledAsyncChecker (ThrottledAsyncChecker.java:schedule(140)) - Scheduling a check for org.apache.hadoop.ozone.container.common.volume.HddsVolume@e7e455d
2019-08-24 12:08:09,019 INFO  volume.HddsVolumeChecker (HddsVolumeChecker.java:checkAllVolumes(203)) - Scheduled health check for volume org.apache.hadoop.ozone.container.common.volume.HddsVolume@e7e455d
2019-08-24 12:08:09,034 INFO  impl.RaftServerProxy (ConfUtils.java:logGet(43)) - raft.rpc.type = GRPC (default)
2019-08-24 12:08:09,034 INFO  grpc.GrpcFactory (GrpcFactory.java:checkPooledByteBufAllocatorUseCacheForAllThreads(45)) - PERFORMANCE WARNING: useCacheForAllThreads is true that may cause Netty to create a lot garbage objects and, as a result, trigger GC.
	It is recommended to disable useCacheForAllThreads by setting -Dorg.apache.ratis.thirdparty.io.netty.allocator.useCacheForAllThreads=false in command line.
2019-08-24 12:08:09,035 INFO  grpc.GrpcConfigKeys$Server (ConfUtils.java:logGet(43)) - raft.grpc.server.port = 0 (default)
2019-08-24 12:08:09,035 INFO  server.GrpcService (ConfUtils.java:logGet(43)) - raft.grpc.message.size.max = 33570816 (custom)
2019-08-24 12:08:09,035 INFO  server.RaftServerConfigKeys (ConfUtils.java:logGet(43)) - raft.server.log.appender.buffer.byte-limit = 33554432 (custom)
2019-08-24 12:08:09,035 INFO  server.GrpcService (ConfUtils.java:logGet(43)) - raft.grpc.flow.control.window = 1MB (=1048576) (default)
2019-08-24 12:08:09,035 INFO  server.RaftServerConfigKeys (ConfUtils.java:logGet(43)) - raft.server.rpc.request.timeout = 3000ms (default)
2019-08-24 12:08:09,036 INFO  server.RaftServerConfigKeys (ConfUtils.java:logGet(43)) - raft.server.storage.dir = [/workdir/hadoop-ozone/integration-test/target/test-dir/MiniOzoneClusterImpl-51fda694-2cca-4d9a-be93-0e760f3df14d/datanode-4/data/ratis] (custom)
2019-08-24 12:08:09,036 INFO  replication.SimpleContainerDownloader (SimpleContainerDownloader.java:<init>(72)) - Starting container downloader service to copy containers to replicate.
2019-08-24 12:08:09,038 INFO  hdfs.DFSUtil (DFSUtil.java:httpServerTemplateForNNAndJN(1641)) - Starting Web-server for hddsDatanode at: http://0.0.0.0:0
2019-08-24 12:08:09,041 INFO  server.AuthenticationFilter (AuthenticationFilter.java:constructSecretProvider(240)) - Unable to initialize FileSignerSecretProvider, falling back to use random secrets.
2019-08-24 12:08:09,041 WARN  http.HttpRequestLog (HttpRequestLog.java:getRequestLog(97)) - Jetty request log can only be enabled using Log4j
2019-08-24 12:08:09,044 INFO  http.HttpServer2 (HttpServer2.java:addGlobalFilter(975)) - Added global filter 'safety' (class=org.apache.hadoop.http.HttpServer2$QuotingInputFilter)
2019-08-24 12:08:09,045 INFO  http.HttpServer2 (HttpServer2.java:addFilter(948)) - Added filter static_user_filter (class=org.apache.hadoop.http.lib.StaticUserWebFilter$StaticUserFilter) to context hddsDatanode
2019-08-24 12:08:09,045 INFO  http.HttpServer2 (HttpServer2.java:addFilter(958)) - Added filter static_user_filter (class=org.apache.hadoop.http.lib.StaticUserWebFilter$StaticUserFilter) to context static
2019-08-24 12:08:09,046 INFO  http.HttpServer2 (HttpServer2.java:addFilter(958)) - Added filter static_user_filter (class=org.apache.hadoop.http.lib.StaticUserWebFilter$StaticUserFilter) to context logs
2019-08-24 12:08:09,047 INFO  http.HttpServer2 (HttpServer2.java:bindListener(1191)) - Jetty bound to port 43657
2019-08-24 12:08:09,047 INFO  server.Server (Server.java:doStart(351)) - jetty-9.3.24.v20180605, build timestamp: 2018-06-05T17:11:56Z, git hash: 84205aa28f11a4f31f2a3b86d1bba2cc8ab69827
2019-08-24 12:08:09,255 INFO  handler.ContextHandler (ContextHandler.java:doStart(781)) - Started o.e.j.s.ServletContextHandler@319b1c77{/logs,file:///workdir/hadoop-ozone/integration-test/target/log,AVAILABLE}
2019-08-24 12:08:09,256 INFO  handler.ContextHandler (ContextHandler.java:doStart(781)) - Started o.e.j.s.ServletContextHandler@51d88c38{/static,jar:file:/home/user/.m2/repository/org/apache/hadoop/hadoop-hdds-container-service/0.4.1-SNAPSHOT/hadoop-hdds-container-service-0.4.1-SNAPSHOT.jar!/webapps/static,AVAILABLE}
2019-08-24 12:08:09,312 INFO  handler.ContextHandler (ContextHandler.java:doStart(781)) - Started o.e.j.w.WebAppContext@5af40e45{/,file:///tmp/jetty-0.0.0.0-43657-hddsDatanode-_-any-182595310496431975.dir/webapp/,AVAILABLE}{/hddsDatanode}
2019-08-24 12:08:09,314 INFO  server.AbstractConnector (AbstractConnector.java:doStart(278)) - Started ServerConnector@1a06602f{HTTP/1.1,[http/1.1]}{0.0.0.0:43657}
2019-08-24 12:08:09,316 INFO  server.Server (Server.java:doStart(419)) - Started @54898ms
2019-08-24 12:08:09,317 INFO  server.BaseHttpServer (BaseHttpServer.java:updateConnectorAddress(207)) - HTTP server of HDDSDATANODE is listening at http://0.0.0.0:43657
2019-08-24 12:08:09,471 | INFO  | ObjectStoreRestHttpServer | Listening HDDS REST traffic on /0.0.0.0:38434 |  
2019-08-24 12:08:09,472 INFO  ozone.HddsDatanodeService (HddsDatanodeService.java:startPlugins(395)) - Started plug-in org.apache.hadoop.ozone.web.OzoneHddsDatanodeService@2a984952
2019-08-24 12:08:09,472 INFO  impl.MetricsSystemImpl (MetricsSystemImpl.java:init(158)) - HddsDatanode metrics system started (again)
2019-08-24 12:08:09,476 INFO  util.JvmPauseMonitor (JvmPauseMonitor.java:run(188)) - Starting JVM pause monitor
2019-08-24 12:08:09,478 INFO  datanode.InitDatanodeState (InitDatanodeState.java:persistContainerDatanodeDetails(140)) - DatanodeDetails is persisted to /workdir/hadoop-ozone/integration-test/target/test-dir/MiniOzoneClusterImpl-51fda694-2cca-4d9a-be93-0e760f3df14d/datanode-4/meta/datanode.id
2019-08-24 12:08:09,482 INFO  ozone.HddsDatanodeService (HddsDatanodeService.java:start(184)) - HddsDatanodeService host:pr-hdds-2029-g5rx4-259851958 ip:192.168.69.124
2019-08-24 12:08:09,491 INFO  volume.HddsVolume (HddsVolume.java:<init>(176)) - Creating Volume: /workdir/hadoop-ozone/integration-test/target/test-dir/MiniOzoneClusterImpl-51fda694-2cca-4d9a-be93-0e760f3df14d/datanode-5/data/containers/hdds of  storage type : DISK and capacity : 1482555576320
2019-08-24 12:08:09,491 INFO  volume.VolumeSet (VolumeSet.java:initializeVolumeSet(170)) - Added Volume : /workdir/hadoop-ozone/integration-test/target/test-dir/MiniOzoneClusterImpl-51fda694-2cca-4d9a-be93-0e760f3df14d/datanode-5/data/containers/hdds to VolumeSet
2019-08-24 12:08:09,492 INFO  volume.ThrottledAsyncChecker (ThrottledAsyncChecker.java:schedule(140)) - Scheduling a check for org.apache.hadoop.ozone.container.common.volume.HddsVolume@1d2d4d7a
2019-08-24 12:08:09,493 INFO  volume.HddsVolumeChecker (HddsVolumeChecker.java:checkAllVolumes(203)) - Scheduled health check for volume org.apache.hadoop.ozone.container.common.volume.HddsVolume@1d2d4d7a
2019-08-24 12:08:09,513 INFO  impl.RaftServerProxy (ConfUtils.java:logGet(43)) - raft.rpc.type = GRPC (default)
2019-08-24 12:08:09,513 INFO  grpc.GrpcFactory (GrpcFactory.java:checkPooledByteBufAllocatorUseCacheForAllThreads(45)) - PERFORMANCE WARNING: useCacheForAllThreads is true that may cause Netty to create a lot garbage objects and, as a result, trigger GC.
	It is recommended to disable useCacheForAllThreads by setting -Dorg.apache.ratis.thirdparty.io.netty.allocator.useCacheForAllThreads=false in command line.
2019-08-24 12:08:09,514 INFO  grpc.GrpcConfigKeys$Server (ConfUtils.java:logGet(43)) - raft.grpc.server.port = 0 (default)
2019-08-24 12:08:09,514 INFO  server.GrpcService (ConfUtils.java:logGet(43)) - raft.grpc.message.size.max = 33570816 (custom)
2019-08-24 12:08:09,514 INFO  server.RaftServerConfigKeys (ConfUtils.java:logGet(43)) - raft.server.log.appender.buffer.byte-limit = 33554432 (custom)
2019-08-24 12:08:09,514 INFO  server.GrpcService (ConfUtils.java:logGet(43)) - raft.grpc.flow.control.window = 1MB (=1048576) (default)
2019-08-24 12:08:09,515 INFO  server.RaftServerConfigKeys (ConfUtils.java:logGet(43)) - raft.server.rpc.request.timeout = 3000ms (default)
2019-08-24 12:08:09,516 INFO  server.RaftServerConfigKeys (ConfUtils.java:logGet(43)) - raft.server.storage.dir = [/workdir/hadoop-ozone/integration-test/target/test-dir/MiniOzoneClusterImpl-51fda694-2cca-4d9a-be93-0e760f3df14d/datanode-5/data/ratis] (custom)
2019-08-24 12:08:09,517 INFO  replication.SimpleContainerDownloader (SimpleContainerDownloader.java:<init>(72)) - Starting container downloader service to copy containers to replicate.
2019-08-24 12:08:09,518 INFO  hdfs.DFSUtil (DFSUtil.java:httpServerTemplateForNNAndJN(1641)) - Starting Web-server for hddsDatanode at: http://0.0.0.0:0
2019-08-24 12:08:09,520 INFO  server.AuthenticationFilter (AuthenticationFilter.java:constructSecretProvider(240)) - Unable to initialize FileSignerSecretProvider, falling back to use random secrets.
2019-08-24 12:08:09,522 WARN  http.HttpRequestLog (HttpRequestLog.java:getRequestLog(97)) - Jetty request log can only be enabled using Log4j
2019-08-24 12:08:09,524 INFO  http.HttpServer2 (HttpServer2.java:addGlobalFilter(975)) - Added global filter 'safety' (class=org.apache.hadoop.http.HttpServer2$QuotingInputFilter)
2019-08-24 12:08:09,525 INFO  http.HttpServer2 (HttpServer2.java:addFilter(948)) - Added filter static_user_filter (class=org.apache.hadoop.http.lib.StaticUserWebFilter$StaticUserFilter) to context hddsDatanode
2019-08-24 12:08:09,525 INFO  http.HttpServer2 (HttpServer2.java:addFilter(958)) - Added filter static_user_filter (class=org.apache.hadoop.http.lib.StaticUserWebFilter$StaticUserFilter) to context static
2019-08-24 12:08:09,525 INFO  http.HttpServer2 (HttpServer2.java:addFilter(958)) - Added filter static_user_filter (class=org.apache.hadoop.http.lib.StaticUserWebFilter$StaticUserFilter) to context logs
2019-08-24 12:08:09,526 INFO  http.HttpServer2 (HttpServer2.java:bindListener(1191)) - Jetty bound to port 43287
2019-08-24 12:08:09,526 INFO  server.Server (Server.java:doStart(351)) - jetty-9.3.24.v20180605, build timestamp: 2018-06-05T17:11:56Z, git hash: 84205aa28f11a4f31f2a3b86d1bba2cc8ab69827
2019-08-24 12:08:09,529 INFO  handler.ContextHandler (ContextHandler.java:doStart(781)) - Started o.e.j.s.ServletContextHandler@6d80e411{/logs,file:///workdir/hadoop-ozone/integration-test/target/log,AVAILABLE}
2019-08-24 12:08:09,529 INFO  handler.ContextHandler (ContextHandler.java:doStart(781)) - Started o.e.j.s.ServletContextHandler@60e67c06{/static,jar:file:/home/user/.m2/repository/org/apache/hadoop/hadoop-hdds-container-service/0.4.1-SNAPSHOT/hadoop-hdds-container-service-0.4.1-SNAPSHOT.jar!/webapps/static,AVAILABLE}
2019-08-24 12:08:09,564 INFO  handler.ContextHandler (ContextHandler.java:doStart(781)) - Started o.e.j.w.WebAppContext@7323dce7{/,file:///tmp/jetty-0.0.0.0-43287-hddsDatanode-_-any-8509501055849650030.dir/webapp/,AVAILABLE}{/hddsDatanode}
2019-08-24 12:08:09,567 INFO  server.AbstractConnector (AbstractConnector.java:doStart(278)) - Started ServerConnector@5f68eec6{HTTP/1.1,[http/1.1]}{0.0.0.0:43287}
2019-08-24 12:08:09,567 INFO  server.Server (Server.java:doStart(419)) - Started @55150ms
2019-08-24 12:08:09,568 INFO  server.BaseHttpServer (BaseHttpServer.java:updateConnectorAddress(207)) - HTTP server of HDDSDATANODE is listening at http://0.0.0.0:43287
2019-08-24 12:08:09,688 | INFO  | ObjectStoreRestHttpServer | Listening HDDS REST traffic on /0.0.0.0:45746 |  
2019-08-24 12:08:09,688 INFO  ozone.HddsDatanodeService (HddsDatanodeService.java:startPlugins(395)) - Started plug-in org.apache.hadoop.ozone.web.OzoneHddsDatanodeService@5649f55
2019-08-24 12:08:09,688 INFO  impl.MetricsSystemImpl (MetricsSystemImpl.java:init(158)) - HddsDatanode metrics system started (again)
2019-08-24 12:08:09,694 INFO  util.JvmPauseMonitor (JvmPauseMonitor.java:run(188)) - Starting JVM pause monitor
2019-08-24 12:08:09,694 INFO  ozone.HddsDatanodeService (HddsDatanodeService.java:start(184)) - HddsDatanodeService host:pr-hdds-2029-g5rx4-259851958 ip:192.168.69.124
2019-08-24 12:08:09,696 INFO  datanode.InitDatanodeState (InitDatanodeState.java:persistContainerDatanodeDetails(140)) - DatanodeDetails is persisted to /workdir/hadoop-ozone/integration-test/target/test-dir/MiniOzoneClusterImpl-51fda694-2cca-4d9a-be93-0e760f3df14d/datanode-5/meta/datanode.id
2019-08-24 12:08:09,704 INFO  volume.HddsVolume (HddsVolume.java:<init>(176)) - Creating Volume: /workdir/hadoop-ozone/integration-test/target/test-dir/MiniOzoneClusterImpl-51fda694-2cca-4d9a-be93-0e760f3df14d/datanode-6/data/containers/hdds of  storage type : DISK and capacity : 1482555576320
2019-08-24 12:08:09,704 INFO  volume.VolumeSet (VolumeSet.java:initializeVolumeSet(170)) - Added Volume : /workdir/hadoop-ozone/integration-test/target/test-dir/MiniOzoneClusterImpl-51fda694-2cca-4d9a-be93-0e760f3df14d/datanode-6/data/containers/hdds to VolumeSet
2019-08-24 12:08:09,704 INFO  volume.ThrottledAsyncChecker (ThrottledAsyncChecker.java:schedule(140)) - Scheduling a check for org.apache.hadoop.ozone.container.common.volume.HddsVolume@48da64f2
2019-08-24 12:08:09,705 INFO  volume.HddsVolumeChecker (HddsVolumeChecker.java:checkAllVolumes(203)) - Scheduled health check for volume org.apache.hadoop.ozone.container.common.volume.HddsVolume@48da64f2
2019-08-24 12:08:09,720 INFO  impl.RaftServerProxy (ConfUtils.java:logGet(43)) - raft.rpc.type = GRPC (default)
2019-08-24 12:08:09,720 INFO  grpc.GrpcFactory (GrpcFactory.java:checkPooledByteBufAllocatorUseCacheForAllThreads(45)) - PERFORMANCE WARNING: useCacheForAllThreads is true that may cause Netty to create a lot garbage objects and, as a result, trigger GC.
	It is recommended to disable useCacheForAllThreads by setting -Dorg.apache.ratis.thirdparty.io.netty.allocator.useCacheForAllThreads=false in command line.
2019-08-24 12:08:09,720 INFO  grpc.GrpcConfigKeys$Server (ConfUtils.java:logGet(43)) - raft.grpc.server.port = 0 (default)
2019-08-24 12:08:09,720 INFO  server.GrpcService (ConfUtils.java:logGet(43)) - raft.grpc.message.size.max = 33570816 (custom)
2019-08-24 12:08:09,721 INFO  server.RaftServerConfigKeys (ConfUtils.java:logGet(43)) - raft.server.log.appender.buffer.byte-limit = 33554432 (custom)
2019-08-24 12:08:09,721 INFO  server.GrpcService (ConfUtils.java:logGet(43)) - raft.grpc.flow.control.window = 1MB (=1048576) (default)
2019-08-24 12:08:09,721 INFO  server.RaftServerConfigKeys (ConfUtils.java:logGet(43)) - raft.server.rpc.request.timeout = 3000ms (default)
2019-08-24 12:08:09,722 INFO  server.RaftServerConfigKeys (ConfUtils.java:logGet(43)) - raft.server.storage.dir = [/workdir/hadoop-ozone/integration-test/target/test-dir/MiniOzoneClusterImpl-51fda694-2cca-4d9a-be93-0e760f3df14d/datanode-6/data/ratis] (custom)
2019-08-24 12:08:09,723 INFO  replication.SimpleContainerDownloader (SimpleContainerDownloader.java:<init>(72)) - Starting container downloader service to copy containers to replicate.
2019-08-24 12:08:09,724 INFO  hdfs.DFSUtil (DFSUtil.java:httpServerTemplateForNNAndJN(1641)) - Starting Web-server for hddsDatanode at: http://0.0.0.0:0
2019-08-24 12:08:09,726 INFO  server.AuthenticationFilter (AuthenticationFilter.java:constructSecretProvider(240)) - Unable to initialize FileSignerSecretProvider, falling back to use random secrets.
2019-08-24 12:08:09,727 WARN  http.HttpRequestLog (HttpRequestLog.java:getRequestLog(97)) - Jetty request log can only be enabled using Log4j
2019-08-24 12:08:09,729 INFO  http.HttpServer2 (HttpServer2.java:addGlobalFilter(975)) - Added global filter 'safety' (class=org.apache.hadoop.http.HttpServer2$QuotingInputFilter)
2019-08-24 12:08:09,730 INFO  http.HttpServer2 (HttpServer2.java:addFilter(948)) - Added filter static_user_filter (class=org.apache.hadoop.http.lib.StaticUserWebFilter$StaticUserFilter) to context hddsDatanode
2019-08-24 12:08:09,730 INFO  http.HttpServer2 (HttpServer2.java:addFilter(958)) - Added filter static_user_filter (class=org.apache.hadoop.http.lib.StaticUserWebFilter$StaticUserFilter) to context logs
2019-08-24 12:08:09,730 INFO  http.HttpServer2 (HttpServer2.java:addFilter(958)) - Added filter static_user_filter (class=org.apache.hadoop.http.lib.StaticUserWebFilter$StaticUserFilter) to context static
2019-08-24 12:08:09,731 INFO  http.HttpServer2 (HttpServer2.java:bindListener(1191)) - Jetty bound to port 38050
2019-08-24 12:08:09,732 INFO  server.Server (Server.java:doStart(351)) - jetty-9.3.24.v20180605, build timestamp: 2018-06-05T17:11:56Z, git hash: 84205aa28f11a4f31f2a3b86d1bba2cc8ab69827
2019-08-24 12:08:09,734 INFO  handler.ContextHandler (ContextHandler.java:doStart(781)) - Started o.e.j.s.ServletContextHandler@b56d8a7{/logs,file:///workdir/hadoop-ozone/integration-test/target/log,AVAILABLE}
2019-08-24 12:08:09,734 INFO  handler.ContextHandler (ContextHandler.java:doStart(781)) - Started o.e.j.s.ServletContextHandler@6de5ad56{/static,jar:file:/home/user/.m2/repository/org/apache/hadoop/hadoop-hdds-container-service/0.4.1-SNAPSHOT/hadoop-hdds-container-service-0.4.1-SNAPSHOT.jar!/webapps/static,AVAILABLE}
2019-08-24 12:08:09,776 INFO  handler.ContextHandler (ContextHandler.java:doStart(781)) - Started o.e.j.w.WebAppContext@cef885d{/,file:///tmp/jetty-0.0.0.0-38050-hddsDatanode-_-any-3910338395740099820.dir/webapp/,AVAILABLE}{/hddsDatanode}
2019-08-24 12:08:09,777 INFO  server.AbstractConnector (AbstractConnector.java:doStart(278)) - Started ServerConnector@35d4035f{HTTP/1.1,[http/1.1]}{0.0.0.0:38050}
2019-08-24 12:08:09,778 INFO  server.Server (Server.java:doStart(419)) - Started @55361ms
2019-08-24 12:08:09,779 INFO  server.BaseHttpServer (BaseHttpServer.java:updateConnectorAddress(207)) - HTTP server of HDDSDATANODE is listening at http://0.0.0.0:38050
2019-08-24 12:08:09,899 | INFO  | ObjectStoreRestHttpServer | Listening HDDS REST traffic on /0.0.0.0:40726 |  
2019-08-24 12:08:09,900 INFO  ozone.HddsDatanodeService (HddsDatanodeService.java:startPlugins(395)) - Started plug-in org.apache.hadoop.ozone.web.OzoneHddsDatanodeService@460b77d6
2019-08-24 12:08:09,900 INFO  ozone.MiniOzoneClusterImpl (MiniOzoneClusterImpl.java:lambda$waitForClusterToBeReady$0(142)) - Waiting for cluster to be ready. Got 0 of 7 DN Heartbeats.
2019-08-24 12:08:09,904 INFO  util.JvmPauseMonitor (JvmPauseMonitor.java:run(188)) - Starting JVM pause monitor
2019-08-24 12:08:09,906 INFO  datanode.InitDatanodeState (InitDatanodeState.java:persistContainerDatanodeDetails(140)) - DatanodeDetails is persisted to /workdir/hadoop-ozone/integration-test/target/test-dir/MiniOzoneClusterImpl-51fda694-2cca-4d9a-be93-0e760f3df14d/datanode-6/meta/datanode.id
2019-08-24 12:08:10,379 | INFO  | SCMAudit | user=jenkins1000 | ip=192.168.69.124 | op=GET_VERSION null | ret=SUCCESS |  
2019-08-24 12:08:10,397 INFO  ozoneimpl.OzoneContainer (OzoneContainer.java:start(186)) - Attempting to start container services.
2019-08-24 12:08:10,400 INFO  ozoneimpl.OzoneContainer (OzoneContainer.java:startContainerScrub(160)) - Background container scrubber has been disabled by hdds.containerscrub.enabled
2019-08-24 12:08:10,400 INFO  ratis.XceiverServerRatis (XceiverServerRatis.java:start(404)) - Starting XceiverServerRatis e3245855-bf1f-48f0-80ab-9c933646f70d at port 0
2019-08-24 12:08:10,410 INFO  impl.RaftServerProxy (RaftServerProxy.java:lambda$start$3(299)) - e3245855-bf1f-48f0-80ab-9c933646f70d: start RPC server
2019-08-24 12:08:10,413 INFO  server.GrpcService (GrpcService.java:startImpl(149)) - e3245855-bf1f-48f0-80ab-9c933646f70d: GrpcService started, listening on 0.0.0.0/0.0.0.0:42949
2019-08-24 12:08:10,413 INFO  ratis.XceiverServerRatis (XceiverServerRatis.java:start(414)) - XceiverServerRatis e3245855-bf1f-48f0-80ab-9c933646f70d is started using port 42949
2019-08-24 12:08:10,415 INFO  server.XceiverServerGrpc (XceiverServerGrpc.java:start(161)) - XceiverServerGrpc e3245855-bf1f-48f0-80ab-9c933646f70d is started using port 39976
2019-08-24 12:08:10,573 | INFO  | SCMAudit | user=jenkins1000 | ip=192.168.69.124 | op=GET_VERSION null | ret=SUCCESS |  
2019-08-24 12:08:10,589 INFO  ozoneimpl.OzoneContainer (OzoneContainer.java:start(186)) - Attempting to start container services.
2019-08-24 12:08:10,597 INFO  ozoneimpl.OzoneContainer (OzoneContainer.java:startContainerScrub(160)) - Background container scrubber has been disabled by hdds.containerscrub.enabled
2019-08-24 12:08:10,597 INFO  ratis.XceiverServerRatis (XceiverServerRatis.java:start(404)) - Starting XceiverServerRatis 2b46a3aa-8182-4071-b625-185ecb7c784d at port 0
2019-08-24 12:08:10,607 INFO  impl.RaftServerProxy (RaftServerProxy.java:lambda$start$3(299)) - 2b46a3aa-8182-4071-b625-185ecb7c784d: start RPC server
2019-08-24 12:08:10,608 INFO  server.GrpcService (GrpcService.java:startImpl(149)) - 2b46a3aa-8182-4071-b625-185ecb7c784d: GrpcService started, listening on 0.0.0.0/0.0.0.0:42312
2019-08-24 12:08:10,608 INFO  ratis.XceiverServerRatis (XceiverServerRatis.java:start(414)) - XceiverServerRatis 2b46a3aa-8182-4071-b625-185ecb7c784d is started using port 42312
2019-08-24 12:08:10,609 INFO  server.XceiverServerGrpc (XceiverServerGrpc.java:start(161)) - XceiverServerGrpc 2b46a3aa-8182-4071-b625-185ecb7c784d is started using port 43364
2019-08-24 12:08:10,774 | INFO  | SCMAudit | user=jenkins1000 | ip=192.168.69.124 | op=GET_VERSION null | ret=SUCCESS |  
2019-08-24 12:08:10,789 INFO  ozoneimpl.OzoneContainer (OzoneContainer.java:start(186)) - Attempting to start container services.
2019-08-24 12:08:10,789 INFO  ozoneimpl.OzoneContainer (OzoneContainer.java:startContainerScrub(160)) - Background container scrubber has been disabled by hdds.containerscrub.enabled
2019-08-24 12:08:10,789 INFO  ratis.XceiverServerRatis (XceiverServerRatis.java:start(404)) - Starting XceiverServerRatis b4101fba-fe3d-48ac-bf34-b9a40fb2492f at port 0
2019-08-24 12:08:10,798 INFO  impl.RaftServerProxy (RaftServerProxy.java:lambda$start$3(299)) - b4101fba-fe3d-48ac-bf34-b9a40fb2492f: start RPC server
2019-08-24 12:08:10,799 INFO  server.GrpcService (GrpcService.java:startImpl(149)) - b4101fba-fe3d-48ac-bf34-b9a40fb2492f: GrpcService started, listening on 0.0.0.0/0.0.0.0:33655
2019-08-24 12:08:10,799 INFO  ratis.XceiverServerRatis (XceiverServerRatis.java:start(414)) - XceiverServerRatis b4101fba-fe3d-48ac-bf34-b9a40fb2492f is started using port 33655
2019-08-24 12:08:10,816 INFO  server.XceiverServerGrpc (XceiverServerGrpc.java:start(161)) - XceiverServerGrpc b4101fba-fe3d-48ac-bf34-b9a40fb2492f is started using port 41859
2019-08-24 12:08:10,900 INFO  ozone.MiniOzoneClusterImpl (MiniOzoneClusterImpl.java:lambda$waitForClusterToBeReady$0(142)) - Waiting for cluster to be ready. Got 0 of 7 DN Heartbeats.
2019-08-24 12:08:11,008 | INFO  | SCMAudit | user=jenkins1000 | ip=192.168.69.124 | op=GET_VERSION null | ret=SUCCESS |  
2019-08-24 12:08:11,023 INFO  ozoneimpl.OzoneContainer (OzoneContainer.java:start(186)) - Attempting to start container services.
2019-08-24 12:08:11,023 INFO  ozoneimpl.OzoneContainer (OzoneContainer.java:startContainerScrub(160)) - Background container scrubber has been disabled by hdds.containerscrub.enabled
2019-08-24 12:08:11,023 INFO  ratis.XceiverServerRatis (XceiverServerRatis.java:start(404)) - Starting XceiverServerRatis ac24382e-f3ea-4dac-af42-de8bfd054530 at port 0
2019-08-24 12:08:11,031 INFO  impl.RaftServerProxy (RaftServerProxy.java:lambda$start$3(299)) - ac24382e-f3ea-4dac-af42-de8bfd054530: start RPC server
2019-08-24 12:08:11,032 INFO  server.GrpcService (GrpcService.java:startImpl(149)) - ac24382e-f3ea-4dac-af42-de8bfd054530: GrpcService started, listening on 0.0.0.0/0.0.0.0:46547
2019-08-24 12:08:11,033 INFO  ratis.XceiverServerRatis (XceiverServerRatis.java:start(414)) - XceiverServerRatis ac24382e-f3ea-4dac-af42-de8bfd054530 is started using port 46547
2019-08-24 12:08:11,033 INFO  server.XceiverServerGrpc (XceiverServerGrpc.java:start(161)) - XceiverServerGrpc ac24382e-f3ea-4dac-af42-de8bfd054530 is started using port 44021
2019-08-24 12:08:11,478 | INFO  | SCMAudit | user=jenkins1000 | ip=192.168.69.124 | op=GET_VERSION null | ret=SUCCESS |  
2019-08-24 12:08:11,492 INFO  ozoneimpl.OzoneContainer (OzoneContainer.java:start(186)) - Attempting to start container services.
2019-08-24 12:08:11,493 INFO  ozoneimpl.OzoneContainer (OzoneContainer.java:startContainerScrub(160)) - Background container scrubber has been disabled by hdds.containerscrub.enabled
2019-08-24 12:08:11,493 INFO  ratis.XceiverServerRatis (XceiverServerRatis.java:start(404)) - Starting XceiverServerRatis 64ac8f20-39ba-4880-986e-8ea4baeefec1 at port 0
2019-08-24 12:08:11,502 INFO  impl.RaftServerProxy (RaftServerProxy.java:lambda$start$3(299)) - 64ac8f20-39ba-4880-986e-8ea4baeefec1: start RPC server
2019-08-24 12:08:11,506 INFO  server.GrpcService (GrpcService.java:startImpl(149)) - 64ac8f20-39ba-4880-986e-8ea4baeefec1: GrpcService started, listening on 0.0.0.0/0.0.0.0:39759
2019-08-24 12:08:11,506 INFO  ratis.XceiverServerRatis (XceiverServerRatis.java:start(414)) - XceiverServerRatis 64ac8f20-39ba-4880-986e-8ea4baeefec1 is started using port 39759
2019-08-24 12:08:11,508 INFO  server.XceiverServerGrpc (XceiverServerGrpc.java:start(161)) - XceiverServerGrpc 64ac8f20-39ba-4880-986e-8ea4baeefec1 is started using port 41445
2019-08-24 12:08:11,696 | INFO  | SCMAudit | user=jenkins1000 | ip=192.168.69.124 | op=GET_VERSION null | ret=SUCCESS |  
2019-08-24 12:08:11,710 INFO  ozoneimpl.OzoneContainer (OzoneContainer.java:start(186)) - Attempting to start container services.
2019-08-24 12:08:11,710 INFO  ozoneimpl.OzoneContainer (OzoneContainer.java:startContainerScrub(160)) - Background container scrubber has been disabled by hdds.containerscrub.enabled
2019-08-24 12:08:11,710 INFO  ratis.XceiverServerRatis (XceiverServerRatis.java:start(404)) - Starting XceiverServerRatis 2c37cd26-857b-48ba-bf51-53d6dc663059 at port 0
2019-08-24 12:08:11,718 INFO  impl.RaftServerProxy (RaftServerProxy.java:lambda$start$3(299)) - 2c37cd26-857b-48ba-bf51-53d6dc663059: start RPC server
2019-08-24 12:08:11,719 INFO  server.GrpcService (GrpcService.java:startImpl(149)) - 2c37cd26-857b-48ba-bf51-53d6dc663059: GrpcService started, listening on 0.0.0.0/0.0.0.0:32981
2019-08-24 12:08:11,719 INFO  ratis.XceiverServerRatis (XceiverServerRatis.java:start(414)) - XceiverServerRatis 2c37cd26-857b-48ba-bf51-53d6dc663059 is started using port 32981
2019-08-24 12:08:11,723 INFO  server.XceiverServerGrpc (XceiverServerGrpc.java:start(161)) - XceiverServerGrpc 2c37cd26-857b-48ba-bf51-53d6dc663059 is started using port 37881
2019-08-24 12:08:11,901 INFO  ozone.MiniOzoneClusterImpl (MiniOzoneClusterImpl.java:lambda$waitForClusterToBeReady$0(142)) - Waiting for cluster to be ready. Got 0 of 7 DN Heartbeats.
2019-08-24 12:08:11,904 | INFO  | SCMAudit | user=jenkins1000 | ip=192.168.69.124 | op=GET_VERSION null | ret=SUCCESS |  
2019-08-24 12:08:11,919 INFO  ozoneimpl.OzoneContainer (OzoneContainer.java:start(186)) - Attempting to start container services.
2019-08-24 12:08:11,919 INFO  ozoneimpl.OzoneContainer (OzoneContainer.java:startContainerScrub(160)) - Background container scrubber has been disabled by hdds.containerscrub.enabled
2019-08-24 12:08:11,919 INFO  ratis.XceiverServerRatis (XceiverServerRatis.java:start(404)) - Starting XceiverServerRatis 60bc2dd8-8884-4522-9cd7-f1a573ff78f6 at port 0
2019-08-24 12:08:11,928 INFO  impl.RaftServerProxy (RaftServerProxy.java:lambda$start$3(299)) - 60bc2dd8-8884-4522-9cd7-f1a573ff78f6: start RPC server
2019-08-24 12:08:11,930 INFO  server.GrpcService (GrpcService.java:startImpl(149)) - 60bc2dd8-8884-4522-9cd7-f1a573ff78f6: GrpcService started, listening on 0.0.0.0/0.0.0.0:32779
2019-08-24 12:08:11,930 INFO  ratis.XceiverServerRatis (XceiverServerRatis.java:start(414)) - XceiverServerRatis 60bc2dd8-8884-4522-9cd7-f1a573ff78f6 is started using port 32779
2019-08-24 12:08:11,930 INFO  server.XceiverServerGrpc (XceiverServerGrpc.java:start(161)) - XceiverServerGrpc 60bc2dd8-8884-4522-9cd7-f1a573ff78f6 is started using port 36360
2019-08-24 12:08:12,378 INFO  net.NetworkTopology (NetworkTopologyImpl.java:add(110)) - Added a new node: /default-rack/e3245855-bf1f-48f0-80ab-9c933646f70d
2019-08-24 12:08:12,381 INFO  node.SCMNodeManager (SCMNodeManager.java:register(273)) - Registered Data node : e3245855-bf1f-48f0-80ab-9c933646f70d{ip: 192.168.69.124, host: pr-hdds-2029-g5rx4-259851958, networkLocation: /default-rack, certSerialId: null}
2019-08-24 12:08:12,382 | INFO  | SCMAudit | user=jenkins1000 | ip=192.168.69.124 | op=REGISTER {datanodeDetails=e3245855-bf1f-48f0-80ab-9c933646f70d{ip: 192.168.69.124, host: pr-hdds-2029-g5rx4-259851958, networkLocation: /default-rack, certSerialId: null}} | ret=SUCCESS |  
2019-08-24 12:08:12,382 INFO  safemode.SCMSafeModeManager (DataNodeSafeModeRule.java:process(71)) - SCM in safe mode. 1 DataNodes registered, 1 required.
2019-08-24 12:08:12,384 INFO  safemode.SCMSafeModeManager (SCMSafeModeManager.java:validateSafeModeExitRules(177)) - ScmSafeModeManager, all rules are successfully validated
2019-08-24 12:08:12,384 INFO  safemode.SCMSafeModeManager (SCMSafeModeManager.java:exitSafeMode(193)) - SCM exiting safe mode.
2019-08-24 12:08:12,400 INFO  impl.RaftServerProxy (RaftServerProxy.java:addNew(89)) - e3245855-bf1f-48f0-80ab-9c933646f70d: addNew group-F0E75F3153D2:[e3245855-bf1f-48f0-80ab-9c933646f70d:192.168.69.124:42949] returns group-F0E75F3153D2:java.util.concurrent.CompletableFuture@1116a2fa[Not completed]
2019-08-24 12:08:12,402 INFO  impl.RaftServerImpl (RaftServerImpl.java:<init>(93)) - e3245855-bf1f-48f0-80ab-9c933646f70d: new RaftServerImpl for group-F0E75F3153D2:[e3245855-bf1f-48f0-80ab-9c933646f70d:192.168.69.124:42949] with ContainerStateMachine:uninitialized
2019-08-24 12:08:12,402 INFO  server.RaftServerConfigKeys (ConfUtils.java:logGet(43)) - raft.server.rpc.timeout.min = 5s (custom)
2019-08-24 12:08:12,403 INFO  server.RaftServerConfigKeys (ConfUtils.java:logGet(43)) - raft.server.rpc.timeout.max = 5200ms (custom)
2019-08-24 12:08:12,403 INFO  server.RaftServerConfigKeys (ConfUtils.java:logGet(43)) - raft.server.rpcslowness.timeout = 120s (custom)
2019-08-24 12:08:12,403 INFO  server.RaftServerConfigKeys (ConfUtils.java:logGet(43)) - raft.server.sleep.deviation.threshold = 300 (default)
2019-08-24 12:08:12,403 INFO  server.RaftServerConfigKeys (ConfUtils.java:logGet(43)) - raft.server.log.appender.install.snapshot.enabled = false (custom)
2019-08-24 12:08:12,404 INFO  impl.RaftServerImpl (ServerState.java:<init>(105)) - e3245855-bf1f-48f0-80ab-9c933646f70d:group-F0E75F3153D2 ConfigurationManager, init=-1: [e3245855-bf1f-48f0-80ab-9c933646f70d:192.168.69.124:42949], old=null, confs=<EMPTY_MAP>
2019-08-24 12:08:12,404 INFO  server.RaftServerConfigKeys (ConfUtils.java:logGet(43)) - raft.server.storage.dir = [/workdir/hadoop-ozone/integration-test/target/test-dir/MiniOzoneClusterImpl-51fda694-2cca-4d9a-be93-0e760f3df14d/datanode-0/data/ratis] (custom)
2019-08-24 12:08:12,404 INFO  storage.RaftStorageDirectory (RaftStorageDirectory.java:analyzeStorage(246)) - The storage directory /workdir/hadoop-ozone/integration-test/target/test-dir/MiniOzoneClusterImpl-51fda694-2cca-4d9a-be93-0e760f3df14d/datanode-0/data/ratis/65cd69b1-2c62-4998-8c46-f0e75f3153d2 does not exist. Creating ...
2019-08-24 12:08:12,418 INFO  storage.RaftStorageDirectory (RaftStorageDirectory.java:tryLock(328)) - Lock on /workdir/hadoop-ozone/integration-test/target/test-dir/MiniOzoneClusterImpl-51fda694-2cca-4d9a-be93-0e760f3df14d/datanode-0/data/ratis/65cd69b1-2c62-4998-8c46-f0e75f3153d2/in_use.lock acquired by nodename 30433@pr-hdds-2029-g5rx4-259851958
2019-08-24 12:08:12,432 INFO  storage.RaftStorage (RaftStorage.java:format(72)) - Storage directory /workdir/hadoop-ozone/integration-test/target/test-dir/MiniOzoneClusterImpl-51fda694-2cca-4d9a-be93-0e760f3df14d/datanode-0/data/ratis/65cd69b1-2c62-4998-8c46-f0e75f3153d2 has been successfully formatted.
2019-08-24 12:08:12,432 INFO  ratis.ContainerStateMachine (ContainerStateMachine.java:loadSnapshot(213)) - group-F0E75F3153D2: The snapshot info is null. Setting the last applied indexto:(t:0, i:~)
2019-08-24 12:08:12,433 INFO  server.RaftServerConfigKeys (ConfUtils.java:logGet(43)) - raft.server.leader.election.timeout = 120s (custom)
2019-08-24 12:08:12,433 INFO  server.RaftServerConfigKeys (ConfUtils.java:logGet(43)) - raft.server.log.use.memory = false (default)
2019-08-24 12:08:12,433 INFO  server.RaftServerConfigKeys (ConfUtils.java:logGet(43)) - raft.server.log.purge.gap = 1000000000 (custom)
2019-08-24 12:08:12,433 INFO  server.RaftServerConfigKeys (ConfUtils.java:logGet(43)) - raft.server.log.appender.buffer.byte-limit = 33554432 (custom)
2019-08-24 12:08:12,434 INFO  server.RaftServerConfigKeys (ConfUtils.java:logGet(43)) - raft.server.log.segment.size.max = 1048576 (custom)
2019-08-24 12:08:12,434 INFO  server.RaftServerConfigKeys (ConfUtils.java:logGet(43)) - raft.server.log.segment.cache.num.max = 2 (custom)
2019-08-24 12:08:12,434 INFO  segmented.SegmentedRaftLogWorker (SegmentedRaftLogWorker.java:<init>(172)) - new e3245855-bf1f-48f0-80ab-9c933646f70d-SegmentedRaftLogWorker:Storage Directory /workdir/hadoop-ozone/integration-test/target/test-dir/MiniOzoneClusterImpl-51fda694-2cca-4d9a-be93-0e760f3df14d/datanode-0/data/ratis/65cd69b1-2c62-4998-8c46-f0e75f3153d2 for RaftStorage:Storage Directory /workdir/hadoop-ozone/integration-test/target/test-dir/MiniOzoneClusterImpl-51fda694-2cca-4d9a-be93-0e760f3df14d/datanode-0/data/ratis/65cd69b1-2c62-4998-8c46-f0e75f3153d2
2019-08-24 12:08:12,434 INFO  server.RaftServerConfigKeys (ConfUtils.java:logGet(43)) - raft.server.log.queue.byte-limit = 2147483647 (custom)
2019-08-24 12:08:12,434 INFO  server.RaftServerConfigKeys (ConfUtils.java:logGet(43)) - raft.server.log.queue.element-limit = 1024 (custom)
2019-08-24 12:08:12,435 INFO  server.RaftServerConfigKeys (ConfUtils.java:logGet(43)) - raft.server.log.segment.size.max = 1048576 (custom)
2019-08-24 12:08:12,435 INFO  server.RaftServerConfigKeys (ConfUtils.java:logGet(43)) - raft.server.log.preallocated.size = 16384 (custom)
2019-08-24 12:08:12,435 INFO  server.RaftServerConfigKeys (ConfUtils.java:logGet(43)) - raft.server.log.write.buffer.size = 33554432 (custom)
2019-08-24 12:08:12,435 INFO  server.RaftServerConfigKeys (ConfUtils.java:logGet(43)) - raft.server.log.force.sync.num = 128 (default)
2019-08-24 12:08:12,436 INFO  server.RaftServerConfigKeys (ConfUtils.java:logGet(43)) - raft.server.log.statemachine.data.sync = true (default)
2019-08-24 12:08:12,436 INFO  server.RaftServerConfigKeys (ConfUtils.java:logGet(43)) - raft.server.log.statemachine.data.sync.timeout = 10s (default)
2019-08-24 12:08:12,436 INFO  server.RaftServerConfigKeys (ConfUtils.java:logGet(43)) - raft.server.log.statemachine.data.sync.timeout.retry = -1 (default)
2019-08-24 12:08:12,436 INFO  server.RaftServerConfigKeys (ConfUtils.java:logGet(43)) - raft.server.log.statemachine.data.caching.enabled = true (custom)
2019-08-24 12:08:12,437 INFO  segmented.SegmentedRaftLogWorker (SegmentedRaftLogWorker.java:lambda$new$0(132)) - e3245855-bf1f-48f0-80ab-9c933646f70d-SegmentedRaftLogWorker:Storage Directory /workdir/hadoop-ozone/integration-test/target/test-dir/MiniOzoneClusterImpl-51fda694-2cca-4d9a-be93-0e760f3df14d/datanode-0/data/ratis/65cd69b1-2c62-4998-8c46-f0e75f3153d2: flushIndex: setUnconditionally 0 -> -1
2019-08-24 12:08:12,437 INFO  server.RaftServerConfigKeys (ConfUtils.java:logGet(43)) - raft.server.snapshot.auto.trigger.enabled = true (custom)
2019-08-24 12:08:12,438 INFO  server.RaftServerConfigKeys (ConfUtils.java:logGet(43)) - raft.server.snapshot.auto.trigger.threshold = 10000 (custom)
2019-08-24 12:08:12,438 INFO  server.RaftServerConfigKeys (ConfUtils.java:logGet(43)) - raft.server.retrycache.expirytime = 600000ms (custom)
2019-08-24 12:08:12,438 INFO  impl.RaftServerImpl (RaftServerImpl.java:start(180)) - e3245855-bf1f-48f0-80ab-9c933646f70d: start group-F0E75F3153D2
2019-08-24 12:08:12,438 INFO  impl.RaftServerImpl (RaftServerImpl.java:setRole(171)) - e3245855-bf1f-48f0-80ab-9c933646f70d:group-F0E75F3153D2 changes role from null to FOLLOWER at term 0 for startAsFollower
2019-08-24 12:08:12,439 INFO  impl.RoleInfo (RoleInfo.java:updateAndGet(143)) - e3245855-bf1f-48f0-80ab-9c933646f70d: start FollowerState
2019-08-24 12:08:12,440 INFO  util.JmxRegister (JmxRegister.java:tryRegister(44)) - Successfully registered JMX Bean with object name Ratis:service=RaftServer,group=group-F0E75F3153D2,id=e3245855-bf1f-48f0-80ab-9c933646f70d
2019-08-24 12:08:12,460 INFO  pipeline.PipelineStateManager (PipelineStateManager.java:addPipeline(56)) - Created pipeline Pipeline[ Id: 65cd69b1-2c62-4998-8c46-f0e75f3153d2, Nodes: e3245855-bf1f-48f0-80ab-9c933646f70d{ip: 192.168.69.124, host: pr-hdds-2029-g5rx4-259851958, networkLocation: /default-rack, certSerialId: null}, Type:RATIS, Factor:ONE, State:OPEN]
2019-08-24 12:08:12,573 INFO  net.NetworkTopology (NetworkTopologyImpl.java:add(110)) - Added a new node: /default-rack/2b46a3aa-8182-4071-b625-185ecb7c784d
2019-08-24 12:08:12,574 INFO  node.SCMNodeManager (SCMNodeManager.java:register(273)) - Registered Data node : 2b46a3aa-8182-4071-b625-185ecb7c784d{ip: 192.168.69.124, host: pr-hdds-2029-g5rx4-259851958, networkLocation: /default-rack, certSerialId: null}
2019-08-24 12:08:12,574 | INFO  | SCMAudit | user=jenkins1000 | ip=192.168.69.124 | op=REGISTER {datanodeDetails=2b46a3aa-8182-4071-b625-185ecb7c784d{ip: 192.168.69.124, host: pr-hdds-2029-g5rx4-259851958, networkLocation: /default-rack, certSerialId: null}} | ret=SUCCESS |  
2019-08-24 12:08:12,585 INFO  impl.RaftServerProxy (RaftServerProxy.java:addNew(89)) - 2b46a3aa-8182-4071-b625-185ecb7c784d: addNew group-320EE2FCC71C:[2b46a3aa-8182-4071-b625-185ecb7c784d:192.168.69.124:42312] returns group-320EE2FCC71C:java.util.concurrent.CompletableFuture@f694511[Not completed]
2019-08-24 12:08:12,589 INFO  impl.RaftServerImpl (RaftServerImpl.java:<init>(93)) - 2b46a3aa-8182-4071-b625-185ecb7c784d: new RaftServerImpl for group-320EE2FCC71C:[2b46a3aa-8182-4071-b625-185ecb7c784d:192.168.69.124:42312] with ContainerStateMachine:uninitialized
2019-08-24 12:08:12,589 INFO  server.RaftServerConfigKeys (ConfUtils.java:logGet(43)) - raft.server.rpc.timeout.min = 5s (custom)
2019-08-24 12:08:12,589 INFO  server.RaftServerConfigKeys (ConfUtils.java:logGet(43)) - raft.server.rpc.timeout.max = 5200ms (custom)
2019-08-24 12:08:12,589 INFO  server.RaftServerConfigKeys (ConfUtils.java:logGet(43)) - raft.server.rpcslowness.timeout = 120s (custom)
2019-08-24 12:08:12,589 INFO  server.RaftServerConfigKeys (ConfUtils.java:logGet(43)) - raft.server.sleep.deviation.threshold = 300 (default)
2019-08-24 12:08:12,590 INFO  server.RaftServerConfigKeys (ConfUtils.java:logGet(43)) - raft.server.log.appender.install.snapshot.enabled = false (custom)
2019-08-24 12:08:12,590 INFO  impl.RaftServerImpl (ServerState.java:<init>(105)) - 2b46a3aa-8182-4071-b625-185ecb7c784d:group-320EE2FCC71C ConfigurationManager, init=-1: [2b46a3aa-8182-4071-b625-185ecb7c784d:192.168.69.124:42312], old=null, confs=<EMPTY_MAP>
2019-08-24 12:08:12,590 INFO  server.RaftServerConfigKeys (ConfUtils.java:logGet(43)) - raft.server.storage.dir = [/workdir/hadoop-ozone/integration-test/target/test-dir/MiniOzoneClusterImpl-51fda694-2cca-4d9a-be93-0e760f3df14d/datanode-1/data/ratis] (custom)
2019-08-24 12:08:12,590 INFO  storage.RaftStorageDirectory (RaftStorageDirectory.java:analyzeStorage(246)) - The storage directory /workdir/hadoop-ozone/integration-test/target/test-dir/MiniOzoneClusterImpl-51fda694-2cca-4d9a-be93-0e760f3df14d/datanode-1/data/ratis/2c045e2a-1665-48e0-8324-320ee2fcc71c does not exist. Creating ...
2019-08-24 12:08:12,604 INFO  storage.RaftStorageDirectory (RaftStorageDirectory.java:tryLock(328)) - Lock on /workdir/hadoop-ozone/integration-test/target/test-dir/MiniOzoneClusterImpl-51fda694-2cca-4d9a-be93-0e760f3df14d/datanode-1/data/ratis/2c045e2a-1665-48e0-8324-320ee2fcc71c/in_use.lock acquired by nodename 30433@pr-hdds-2029-g5rx4-259851958
2019-08-24 12:08:12,617 INFO  storage.RaftStorage (RaftStorage.java:format(72)) - Storage directory /workdir/hadoop-ozone/integration-test/target/test-dir/MiniOzoneClusterImpl-51fda694-2cca-4d9a-be93-0e760f3df14d/datanode-1/data/ratis/2c045e2a-1665-48e0-8324-320ee2fcc71c has been successfully formatted.
2019-08-24 12:08:12,617 INFO  ratis.ContainerStateMachine (ContainerStateMachine.java:loadSnapshot(213)) - group-320EE2FCC71C: The snapshot info is null. Setting the last applied indexto:(t:0, i:~)
2019-08-24 12:08:12,617 INFO  server.RaftServerConfigKeys (ConfUtils.java:logGet(43)) - raft.server.leader.election.timeout = 120s (custom)
2019-08-24 12:08:12,617 INFO  server.RaftServerConfigKeys (ConfUtils.java:logGet(43)) - raft.server.log.use.memory = false (default)
2019-08-24 12:08:12,618 INFO  server.RaftServerConfigKeys (ConfUtils.java:logGet(43)) - raft.server.log.purge.gap = 1000000000 (custom)
2019-08-24 12:08:12,618 INFO  server.RaftServerConfigKeys (ConfUtils.java:logGet(43)) - raft.server.log.appender.buffer.byte-limit = 33554432 (custom)
2019-08-24 12:08:12,618 INFO  server.RaftServerConfigKeys (ConfUtils.java:logGet(43)) - raft.server.log.segment.size.max = 1048576 (custom)
2019-08-24 12:08:12,618 INFO  server.RaftServerConfigKeys (ConfUtils.java:logGet(43)) - raft.server.log.segment.cache.num.max = 2 (custom)
2019-08-24 12:08:12,618 INFO  segmented.SegmentedRaftLogWorker (SegmentedRaftLogWorker.java:<init>(172)) - new 2b46a3aa-8182-4071-b625-185ecb7c784d-SegmentedRaftLogWorker:Storage Directory /workdir/hadoop-ozone/integration-test/target/test-dir/MiniOzoneClusterImpl-51fda694-2cca-4d9a-be93-0e760f3df14d/datanode-1/data/ratis/2c045e2a-1665-48e0-8324-320ee2fcc71c for RaftStorage:Storage Directory /workdir/hadoop-ozone/integration-test/target/test-dir/MiniOzoneClusterImpl-51fda694-2cca-4d9a-be93-0e760f3df14d/datanode-1/data/ratis/2c045e2a-1665-48e0-8324-320ee2fcc71c
2019-08-24 12:08:12,619 INFO  server.RaftServerConfigKeys (ConfUtils.java:logGet(43)) - raft.server.log.queue.byte-limit = 2147483647 (custom)
2019-08-24 12:08:12,619 INFO  server.RaftServerConfigKeys (ConfUtils.java:logGet(43)) - raft.server.log.queue.element-limit = 1024 (custom)
2019-08-24 12:08:12,619 INFO  server.RaftServerConfigKeys (ConfUtils.java:logGet(43)) - raft.server.log.segment.size.max = 1048576 (custom)
2019-08-24 12:08:12,619 INFO  server.RaftServerConfigKeys (ConfUtils.java:logGet(43)) - raft.server.log.preallocated.size = 16384 (custom)
2019-08-24 12:08:12,619 INFO  server.RaftServerConfigKeys (ConfUtils.java:logGet(43)) - raft.server.log.write.buffer.size = 33554432 (custom)
2019-08-24 12:08:12,620 INFO  server.RaftServerConfigKeys (ConfUtils.java:logGet(43)) - raft.server.log.force.sync.num = 128 (default)
2019-08-24 12:08:12,620 INFO  server.RaftServerConfigKeys (ConfUtils.java:logGet(43)) - raft.server.log.statemachine.data.sync = true (default)
2019-08-24 12:08:12,620 INFO  server.RaftServerConfigKeys (ConfUtils.java:logGet(43)) - raft.server.log.statemachine.data.sync.timeout = 10s (default)
2019-08-24 12:08:12,620 INFO  server.RaftServerConfigKeys (ConfUtils.java:logGet(43)) - raft.server.log.statemachine.data.sync.timeout.retry = -1 (default)
2019-08-24 12:08:12,620 INFO  server.RaftServerConfigKeys (ConfUtils.java:logGet(43)) - raft.server.log.statemachine.data.caching.enabled = true (custom)
2019-08-24 12:08:12,621 INFO  segmented.SegmentedRaftLogWorker (SegmentedRaftLogWorker.java:lambda$new$0(132)) - 2b46a3aa-8182-4071-b625-185ecb7c784d-SegmentedRaftLogWorker:Storage Directory /workdir/hadoop-ozone/integration-test/target/test-dir/MiniOzoneClusterImpl-51fda694-2cca-4d9a-be93-0e760f3df14d/datanode-1/data/ratis/2c045e2a-1665-48e0-8324-320ee2fcc71c: flushIndex: setUnconditionally 0 -> -1
2019-08-24 12:08:12,621 INFO  server.RaftServerConfigKeys (ConfUtils.java:logGet(43)) - raft.server.snapshot.auto.trigger.enabled = true (custom)
2019-08-24 12:08:12,621 INFO  server.RaftServerConfigKeys (ConfUtils.java:logGet(43)) - raft.server.snapshot.auto.trigger.threshold = 10000 (custom)
2019-08-24 12:08:12,622 INFO  server.RaftServerConfigKeys (ConfUtils.java:logGet(43)) - raft.server.retrycache.expirytime = 600000ms (custom)
2019-08-24 12:08:12,622 INFO  impl.RaftServerImpl (RaftServerImpl.java:start(180)) - 2b46a3aa-8182-4071-b625-185ecb7c784d: start group-320EE2FCC71C
2019-08-24 12:08:12,622 INFO  impl.RaftServerImpl (RaftServerImpl.java:setRole(171)) - 2b46a3aa-8182-4071-b625-185ecb7c784d:group-320EE2FCC71C changes role from null to FOLLOWER at term 0 for startAsFollower
2019-08-24 12:08:12,622 INFO  impl.RoleInfo (RoleInfo.java:updateAndGet(143)) - 2b46a3aa-8182-4071-b625-185ecb7c784d: start FollowerState
2019-08-24 12:08:12,623 INFO  util.JmxRegister (JmxRegister.java:tryRegister(44)) - Successfully registered JMX Bean with object name Ratis:service=RaftServer,group=group-320EE2FCC71C,id=2b46a3aa-8182-4071-b625-185ecb7c784d
2019-08-24 12:08:12,626 INFO  pipeline.PipelineStateManager (PipelineStateManager.java:addPipeline(56)) - Created pipeline Pipeline[ Id: 2c045e2a-1665-48e0-8324-320ee2fcc71c, Nodes: 2b46a3aa-8182-4071-b625-185ecb7c784d{ip: 192.168.69.124, host: pr-hdds-2029-g5rx4-259851958, networkLocation: /default-rack, certSerialId: null}, Type:RATIS, Factor:ONE, State:OPEN]
2019-08-24 12:08:12,775 INFO  net.NetworkTopology (NetworkTopologyImpl.java:add(110)) - Added a new node: /default-rack/b4101fba-fe3d-48ac-bf34-b9a40fb2492f
2019-08-24 12:08:12,776 INFO  node.SCMNodeManager (SCMNodeManager.java:register(273)) - Registered Data node : b4101fba-fe3d-48ac-bf34-b9a40fb2492f{ip: 192.168.69.124, host: pr-hdds-2029-g5rx4-259851958, networkLocation: /default-rack, certSerialId: null}
2019-08-24 12:08:12,776 | INFO  | SCMAudit | user=jenkins1000 | ip=192.168.69.124 | op=REGISTER {datanodeDetails=b4101fba-fe3d-48ac-bf34-b9a40fb2492f{ip: 192.168.69.124, host: pr-hdds-2029-g5rx4-259851958, networkLocation: /default-rack, certSerialId: null}} | ret=SUCCESS |  
2019-08-24 12:08:12,788 INFO  impl.RaftServerProxy (RaftServerProxy.java:addNew(89)) - b4101fba-fe3d-48ac-bf34-b9a40fb2492f: addNew group-2467C3DDA778:[b4101fba-fe3d-48ac-bf34-b9a40fb2492f:192.168.69.124:33655] returns group-2467C3DDA778:java.util.concurrent.CompletableFuture@116c188c[Not completed]
2019-08-24 12:08:12,794 INFO  impl.RaftServerImpl (RaftServerImpl.java:<init>(93)) - b4101fba-fe3d-48ac-bf34-b9a40fb2492f: new RaftServerImpl for group-2467C3DDA778:[b4101fba-fe3d-48ac-bf34-b9a40fb2492f:192.168.69.124:33655] with ContainerStateMachine:uninitialized
2019-08-24 12:08:12,795 INFO  server.RaftServerConfigKeys (ConfUtils.java:logGet(43)) - raft.server.rpc.timeout.min = 5s (custom)
2019-08-24 12:08:12,795 INFO  server.RaftServerConfigKeys (ConfUtils.java:logGet(43)) - raft.server.rpc.timeout.max = 5200ms (custom)
2019-08-24 12:08:12,795 INFO  server.RaftServerConfigKeys (ConfUtils.java:logGet(43)) - raft.server.rpcslowness.timeout = 120s (custom)
2019-08-24 12:08:12,795 INFO  server.RaftServerConfigKeys (ConfUtils.java:logGet(43)) - raft.server.sleep.deviation.threshold = 300 (default)
2019-08-24 12:08:12,796 INFO  server.RaftServerConfigKeys (ConfUtils.java:logGet(43)) - raft.server.log.appender.install.snapshot.enabled = false (custom)
2019-08-24 12:08:12,796 INFO  impl.RaftServerImpl (ServerState.java:<init>(105)) - b4101fba-fe3d-48ac-bf34-b9a40fb2492f:group-2467C3DDA778 ConfigurationManager, init=-1: [b4101fba-fe3d-48ac-bf34-b9a40fb2492f:192.168.69.124:33655], old=null, confs=<EMPTY_MAP>
2019-08-24 12:08:12,796 INFO  server.RaftServerConfigKeys (ConfUtils.java:logGet(43)) - raft.server.storage.dir = [/workdir/hadoop-ozone/integration-test/target/test-dir/MiniOzoneClusterImpl-51fda694-2cca-4d9a-be93-0e760f3df14d/datanode-2/data/ratis] (custom)
2019-08-24 12:08:12,796 INFO  storage.RaftStorageDirectory (RaftStorageDirectory.java:analyzeStorage(246)) - The storage directory /workdir/hadoop-ozone/integration-test/target/test-dir/MiniOzoneClusterImpl-51fda694-2cca-4d9a-be93-0e760f3df14d/datanode-2/data/ratis/c17084a3-b3d3-444b-a554-2467c3dda778 does not exist. Creating ...
2019-08-24 12:08:12,810 INFO  storage.RaftStorageDirectory (RaftStorageDirectory.java:tryLock(328)) - Lock on /workdir/hadoop-ozone/integration-test/target/test-dir/MiniOzoneClusterImpl-51fda694-2cca-4d9a-be93-0e760f3df14d/datanode-2/data/ratis/c17084a3-b3d3-444b-a554-2467c3dda778/in_use.lock acquired by nodename 30433@pr-hdds-2029-g5rx4-259851958
2019-08-24 12:08:12,824 INFO  storage.RaftStorage (RaftStorage.java:format(72)) - Storage directory /workdir/hadoop-ozone/integration-test/target/test-dir/MiniOzoneClusterImpl-51fda694-2cca-4d9a-be93-0e760f3df14d/datanode-2/data/ratis/c17084a3-b3d3-444b-a554-2467c3dda778 has been successfully formatted.
2019-08-24 12:08:12,825 INFO  ratis.ContainerStateMachine (ContainerStateMachine.java:loadSnapshot(213)) - group-2467C3DDA778: The snapshot info is null. Setting the last applied indexto:(t:0, i:~)
2019-08-24 12:08:12,825 INFO  server.RaftServerConfigKeys (ConfUtils.java:logGet(43)) - raft.server.leader.election.timeout = 120s (custom)
2019-08-24 12:08:12,825 INFO  server.RaftServerConfigKeys (ConfUtils.java:logGet(43)) - raft.server.log.use.memory = false (default)
2019-08-24 12:08:12,825 INFO  server.RaftServerConfigKeys (ConfUtils.java:logGet(43)) - raft.server.log.purge.gap = 1000000000 (custom)
2019-08-24 12:08:12,825 INFO  server.RaftServerConfigKeys (ConfUtils.java:logGet(43)) - raft.server.log.appender.buffer.byte-limit = 33554432 (custom)
2019-08-24 12:08:12,826 INFO  server.RaftServerConfigKeys (ConfUtils.java:logGet(43)) - raft.server.log.segment.size.max = 1048576 (custom)
2019-08-24 12:08:12,826 INFO  server.RaftServerConfigKeys (ConfUtils.java:logGet(43)) - raft.server.log.segment.cache.num.max = 2 (custom)
2019-08-24 12:08:12,826 INFO  segmented.SegmentedRaftLogWorker (SegmentedRaftLogWorker.java:<init>(172)) - new b4101fba-fe3d-48ac-bf34-b9a40fb2492f-SegmentedRaftLogWorker:Storage Directory /workdir/hadoop-ozone/integration-test/target/test-dir/MiniOzoneClusterImpl-51fda694-2cca-4d9a-be93-0e760f3df14d/datanode-2/data/ratis/c17084a3-b3d3-444b-a554-2467c3dda778 for RaftStorage:Storage Directory /workdir/hadoop-ozone/integration-test/target/test-dir/MiniOzoneClusterImpl-51fda694-2cca-4d9a-be93-0e760f3df14d/datanode-2/data/ratis/c17084a3-b3d3-444b-a554-2467c3dda778
2019-08-24 12:08:12,826 INFO  server.RaftServerConfigKeys (ConfUtils.java:logGet(43)) - raft.server.log.queue.byte-limit = 2147483647 (custom)
2019-08-24 12:08:12,826 INFO  server.RaftServerConfigKeys (ConfUtils.java:logGet(43)) - raft.server.log.queue.element-limit = 1024 (custom)
2019-08-24 12:08:12,827 INFO  server.RaftServerConfigKeys (ConfUtils.java:logGet(43)) - raft.server.log.segment.size.max = 1048576 (custom)
2019-08-24 12:08:12,827 INFO  server.RaftServerConfigKeys (ConfUtils.java:logGet(43)) - raft.server.log.preallocated.size = 16384 (custom)
2019-08-24 12:08:12,827 INFO  server.RaftServerConfigKeys (ConfUtils.java:logGet(43)) - raft.server.log.write.buffer.size = 33554432 (custom)
2019-08-24 12:08:12,827 INFO  server.RaftServerConfigKeys (ConfUtils.java:logGet(43)) - raft.server.log.force.sync.num = 128 (default)
2019-08-24 12:08:12,828 INFO  server.RaftServerConfigKeys (ConfUtils.java:logGet(43)) - raft.server.log.statemachine.data.sync = true (default)
2019-08-24 12:08:12,828 INFO  server.RaftServerConfigKeys (ConfUtils.java:logGet(43)) - raft.server.log.statemachine.data.sync.timeout = 10s (default)
2019-08-24 12:08:12,828 INFO  server.RaftServerConfigKeys (ConfUtils.java:logGet(43)) - raft.server.log.statemachine.data.sync.timeout.retry = -1 (default)
2019-08-24 12:08:12,828 INFO  server.RaftServerConfigKeys (ConfUtils.java:logGet(43)) - raft.server.log.statemachine.data.caching.enabled = true (custom)
2019-08-24 12:08:12,829 INFO  segmented.SegmentedRaftLogWorker (SegmentedRaftLogWorker.java:lambda$new$0(132)) - b4101fba-fe3d-48ac-bf34-b9a40fb2492f-SegmentedRaftLogWorker:Storage Directory /workdir/hadoop-ozone/integration-test/target/test-dir/MiniOzoneClusterImpl-51fda694-2cca-4d9a-be93-0e760f3df14d/datanode-2/data/ratis/c17084a3-b3d3-444b-a554-2467c3dda778: flushIndex: setUnconditionally 0 -> -1
2019-08-24 12:08:12,829 INFO  server.RaftServerConfigKeys (ConfUtils.java:logGet(43)) - raft.server.snapshot.auto.trigger.enabled = true (custom)
2019-08-24 12:08:12,829 INFO  server.RaftServerConfigKeys (ConfUtils.java:logGet(43)) - raft.server.snapshot.auto.trigger.threshold = 10000 (custom)
2019-08-24 12:08:12,830 INFO  server.RaftServerConfigKeys (ConfUtils.java:logGet(43)) - raft.server.retrycache.expirytime = 600000ms (custom)
2019-08-24 12:08:12,830 INFO  impl.RaftServerImpl (RaftServerImpl.java:start(180)) - b4101fba-fe3d-48ac-bf34-b9a40fb2492f: start group-2467C3DDA778
2019-08-24 12:08:12,830 INFO  impl.RaftServerImpl (RaftServerImpl.java:setRole(171)) - b4101fba-fe3d-48ac-bf34-b9a40fb2492f:group-2467C3DDA778 changes role from null to FOLLOWER at term 0 for startAsFollower
2019-08-24 12:08:12,830 INFO  impl.RoleInfo (RoleInfo.java:updateAndGet(143)) - b4101fba-fe3d-48ac-bf34-b9a40fb2492f: start FollowerState
2019-08-24 12:08:12,831 INFO  util.JmxRegister (JmxRegister.java:tryRegister(44)) - Successfully registered JMX Bean with object name Ratis:service=RaftServer,group=group-2467C3DDA778,id=b4101fba-fe3d-48ac-bf34-b9a40fb2492f
2019-08-24 12:08:12,834 INFO  pipeline.PipelineStateManager (PipelineStateManager.java:addPipeline(56)) - Created pipeline Pipeline[ Id: c17084a3-b3d3-444b-a554-2467c3dda778, Nodes: b4101fba-fe3d-48ac-bf34-b9a40fb2492f{ip: 192.168.69.124, host: pr-hdds-2029-g5rx4-259851958, networkLocation: /default-rack, certSerialId: null}, Type:RATIS, Factor:ONE, State:OPEN]
2019-08-24 12:08:12,851 INFO  impl.RaftServerProxy (RaftServerProxy.java:addNew(89)) - 2b46a3aa-8182-4071-b625-185ecb7c784d: addNew group-9F80B3D42C45:[e3245855-bf1f-48f0-80ab-9c933646f70d:192.168.69.124:42949, b4101fba-fe3d-48ac-bf34-b9a40fb2492f:192.168.69.124:33655, 2b46a3aa-8182-4071-b625-185ecb7c784d:192.168.69.124:42312] returns group-9F80B3D42C45:java.util.concurrent.CompletableFuture@2605598b[Not completed]
2019-08-24 12:08:12,852 INFO  impl.RaftServerProxy (RaftServerProxy.java:addNew(89)) - b4101fba-fe3d-48ac-bf34-b9a40fb2492f: addNew group-9F80B3D42C45:[e3245855-bf1f-48f0-80ab-9c933646f70d:192.168.69.124:42949, b4101fba-fe3d-48ac-bf34-b9a40fb2492f:192.168.69.124:33655, 2b46a3aa-8182-4071-b625-185ecb7c784d:192.168.69.124:42312] returns group-9F80B3D42C45:java.util.concurrent.CompletableFuture@483f72cc[Not completed]
2019-08-24 12:08:12,852 INFO  impl.RaftServerProxy (RaftServerProxy.java:addNew(89)) - e3245855-bf1f-48f0-80ab-9c933646f70d: addNew group-9F80B3D42C45:[e3245855-bf1f-48f0-80ab-9c933646f70d:192.168.69.124:42949, b4101fba-fe3d-48ac-bf34-b9a40fb2492f:192.168.69.124:33655, 2b46a3aa-8182-4071-b625-185ecb7c784d:192.168.69.124:42312] returns group-9F80B3D42C45:java.util.concurrent.CompletableFuture@6083c709[Not completed]
2019-08-24 12:08:12,853 INFO  impl.RaftServerImpl (RaftServerImpl.java:<init>(93)) - b4101fba-fe3d-48ac-bf34-b9a40fb2492f: new RaftServerImpl for group-9F80B3D42C45:[e3245855-bf1f-48f0-80ab-9c933646f70d:192.168.69.124:42949, b4101fba-fe3d-48ac-bf34-b9a40fb2492f:192.168.69.124:33655, 2b46a3aa-8182-4071-b625-185ecb7c784d:192.168.69.124:42312] with ContainerStateMachine:uninitialized
2019-08-24 12:08:12,853 INFO  server.RaftServerConfigKeys (ConfUtils.java:logGet(43)) - raft.server.rpc.timeout.min = 5s (custom)
2019-08-24 12:08:12,853 INFO  server.RaftServerConfigKeys (ConfUtils.java:logGet(43)) - raft.server.rpc.timeout.max = 5200ms (custom)
2019-08-24 12:08:12,854 INFO  server.RaftServerConfigKeys (ConfUtils.java:logGet(43)) - raft.server.rpcslowness.timeout = 120s (custom)
2019-08-24 12:08:12,854 INFO  server.RaftServerConfigKeys (ConfUtils.java:logGet(43)) - raft.server.sleep.deviation.threshold = 300 (default)
2019-08-24 12:08:12,854 INFO  impl.RaftServerImpl (RaftServerImpl.java:<init>(93)) - e3245855-bf1f-48f0-80ab-9c933646f70d: new RaftServerImpl for group-9F80B3D42C45:[e3245855-bf1f-48f0-80ab-9c933646f70d:192.168.69.124:42949, b4101fba-fe3d-48ac-bf34-b9a40fb2492f:192.168.69.124:33655, 2b46a3aa-8182-4071-b625-185ecb7c784d:192.168.69.124:42312] with ContainerStateMachine:uninitialized
2019-08-24 12:08:12,854 INFO  server.RaftServerConfigKeys (ConfUtils.java:logGet(43)) - raft.server.log.appender.install.snapshot.enabled = false (custom)
2019-08-24 12:08:12,854 INFO  server.RaftServerConfigKeys (ConfUtils.java:logGet(43)) - raft.server.rpc.timeout.min = 5s (custom)
2019-08-24 12:08:12,854 INFO  impl.RaftServerImpl (ServerState.java:<init>(105)) - b4101fba-fe3d-48ac-bf34-b9a40fb2492f:group-9F80B3D42C45 ConfigurationManager, init=-1: [e3245855-bf1f-48f0-80ab-9c933646f70d:192.168.69.124:42949, b4101fba-fe3d-48ac-bf34-b9a40fb2492f:192.168.69.124:33655, 2b46a3aa-8182-4071-b625-185ecb7c784d:192.168.69.124:42312], old=null, confs=<EMPTY_MAP>
2019-08-24 12:08:12,854 INFO  server.RaftServerConfigKeys (ConfUtils.java:logGet(43)) - raft.server.rpc.timeout.max = 5200ms (custom)
2019-08-24 12:08:12,855 INFO  server.RaftServerConfigKeys (ConfUtils.java:logGet(43)) - raft.server.storage.dir = [/workdir/hadoop-ozone/integration-test/target/test-dir/MiniOzoneClusterImpl-51fda694-2cca-4d9a-be93-0e760f3df14d/datanode-2/data/ratis] (custom)
2019-08-24 12:08:12,855 INFO  server.RaftServerConfigKeys (ConfUtils.java:logGet(43)) - raft.server.rpcslowness.timeout = 120s (custom)
2019-08-24 12:08:12,855 INFO  impl.RaftServerImpl (RaftServerImpl.java:<init>(93)) - 2b46a3aa-8182-4071-b625-185ecb7c784d: new RaftServerImpl for group-9F80B3D42C45:[e3245855-bf1f-48f0-80ab-9c933646f70d:192.168.69.124:42949, b4101fba-fe3d-48ac-bf34-b9a40fb2492f:192.168.69.124:33655, 2b46a3aa-8182-4071-b625-185ecb7c784d:192.168.69.124:42312] with ContainerStateMachine:uninitialized
2019-08-24 12:08:12,855 INFO  storage.RaftStorageDirectory (RaftStorageDirectory.java:analyzeStorage(246)) - The storage directory /workdir/hadoop-ozone/integration-test/target/test-dir/MiniOzoneClusterImpl-51fda694-2cca-4d9a-be93-0e760f3df14d/datanode-2/data/ratis/87b5cdf6-4aa6-4611-a7ae-9f80b3d42c45 does not exist. Creating ...
2019-08-24 12:08:12,855 INFO  server.RaftServerConfigKeys (ConfUtils.java:logGet(43)) - raft.server.sleep.deviation.threshold = 300 (default)
2019-08-24 12:08:12,855 INFO  server.RaftServerConfigKeys (ConfUtils.java:logGet(43)) - raft.server.rpc.timeout.min = 5s (custom)
2019-08-24 12:08:12,855 INFO  server.RaftServerConfigKeys (ConfUtils.java:logGet(43)) - raft.server.log.appender.install.snapshot.enabled = false (custom)
2019-08-24 12:08:12,856 INFO  server.RaftServerConfigKeys (ConfUtils.java:logGet(43)) - raft.server.rpc.timeout.max = 5200ms (custom)
2019-08-24 12:08:12,856 INFO  impl.RaftServerImpl (ServerState.java:<init>(105)) - e3245855-bf1f-48f0-80ab-9c933646f70d:group-9F80B3D42C45 ConfigurationManager, init=-1: [e3245855-bf1f-48f0-80ab-9c933646f70d:192.168.69.124:42949, b4101fba-fe3d-48ac-bf34-b9a40fb2492f:192.168.69.124:33655, 2b46a3aa-8182-4071-b625-185ecb7c784d:192.168.69.124:42312], old=null, confs=<EMPTY_MAP>
2019-08-24 12:08:12,856 INFO  server.RaftServerConfigKeys (ConfUtils.java:logGet(43)) - raft.server.rpcslowness.timeout = 120s (custom)
2019-08-24 12:08:12,856 INFO  server.RaftServerConfigKeys (ConfUtils.java:logGet(43)) - raft.server.storage.dir = [/workdir/hadoop-ozone/integration-test/target/test-dir/MiniOzoneClusterImpl-51fda694-2cca-4d9a-be93-0e760f3df14d/datanode-0/data/ratis] (custom)
2019-08-24 12:08:12,856 INFO  server.RaftServerConfigKeys (ConfUtils.java:logGet(43)) - raft.server.sleep.deviation.threshold = 300 (default)
2019-08-24 12:08:12,857 INFO  server.RaftServerConfigKeys (ConfUtils.java:logGet(43)) - raft.server.log.appender.install.snapshot.enabled = false (custom)
2019-08-24 12:08:12,857 INFO  storage.RaftStorageDirectory (RaftStorageDirectory.java:analyzeStorage(246)) - The storage directory /workdir/hadoop-ozone/integration-test/target/test-dir/MiniOzoneClusterImpl-51fda694-2cca-4d9a-be93-0e760f3df14d/datanode-0/data/ratis/87b5cdf6-4aa6-4611-a7ae-9f80b3d42c45 does not exist. Creating ...
2019-08-24 12:08:12,857 INFO  impl.RaftServerImpl (ServerState.java:<init>(105)) - 2b46a3aa-8182-4071-b625-185ecb7c784d:group-9F80B3D42C45 ConfigurationManager, init=-1: [e3245855-bf1f-48f0-80ab-9c933646f70d:192.168.69.124:42949, b4101fba-fe3d-48ac-bf34-b9a40fb2492f:192.168.69.124:33655, 2b46a3aa-8182-4071-b625-185ecb7c784d:192.168.69.124:42312], old=null, confs=<EMPTY_MAP>
2019-08-24 12:08:12,857 INFO  server.RaftServerConfigKeys (ConfUtils.java:logGet(43)) - raft.server.storage.dir = [/workdir/hadoop-ozone/integration-test/target/test-dir/MiniOzoneClusterImpl-51fda694-2cca-4d9a-be93-0e760f3df14d/datanode-1/data/ratis] (custom)
2019-08-24 12:08:12,858 INFO  storage.RaftStorageDirectory (RaftStorageDirectory.java:analyzeStorage(246)) - The storage directory /workdir/hadoop-ozone/integration-test/target/test-dir/MiniOzoneClusterImpl-51fda694-2cca-4d9a-be93-0e760f3df14d/datanode-1/data/ratis/87b5cdf6-4aa6-4611-a7ae-9f80b3d42c45 does not exist. Creating ...
2019-08-24 12:08:12,869 INFO  storage.RaftStorageDirectory (RaftStorageDirectory.java:tryLock(328)) - Lock on /workdir/hadoop-ozone/integration-test/target/test-dir/MiniOzoneClusterImpl-51fda694-2cca-4d9a-be93-0e760f3df14d/datanode-2/data/ratis/87b5cdf6-4aa6-4611-a7ae-9f80b3d42c45/in_use.lock acquired by nodename 30433@pr-hdds-2029-g5rx4-259851958
2019-08-24 12:08:12,869 INFO  storage.RaftStorageDirectory (RaftStorageDirectory.java:tryLock(328)) - Lock on /workdir/hadoop-ozone/integration-test/target/test-dir/MiniOzoneClusterImpl-51fda694-2cca-4d9a-be93-0e760f3df14d/datanode-0/data/ratis/87b5cdf6-4aa6-4611-a7ae-9f80b3d42c45/in_use.lock acquired by nodename 30433@pr-hdds-2029-g5rx4-259851958
2019-08-24 12:08:12,869 INFO  storage.RaftStorageDirectory (RaftStorageDirectory.java:tryLock(328)) - Lock on /workdir/hadoop-ozone/integration-test/target/test-dir/MiniOzoneClusterImpl-51fda694-2cca-4d9a-be93-0e760f3df14d/datanode-1/data/ratis/87b5cdf6-4aa6-4611-a7ae-9f80b3d42c45/in_use.lock acquired by nodename 30433@pr-hdds-2029-g5rx4-259851958
2019-08-24 12:08:12,883 INFO  storage.RaftStorage (RaftStorage.java:format(72)) - Storage directory /workdir/hadoop-ozone/integration-test/target/test-dir/MiniOzoneClusterImpl-51fda694-2cca-4d9a-be93-0e760f3df14d/datanode-2/data/ratis/87b5cdf6-4aa6-4611-a7ae-9f80b3d42c45 has been successfully formatted.
2019-08-24 12:08:12,883 INFO  storage.RaftStorage (RaftStorage.java:format(72)) - Storage directory /workdir/hadoop-ozone/integration-test/target/test-dir/MiniOzoneClusterImpl-51fda694-2cca-4d9a-be93-0e760f3df14d/datanode-1/data/ratis/87b5cdf6-4aa6-4611-a7ae-9f80b3d42c45 has been successfully formatted.
2019-08-24 12:08:12,884 INFO  ratis.ContainerStateMachine (ContainerStateMachine.java:loadSnapshot(213)) - group-9F80B3D42C45: The snapshot info is null. Setting the last applied indexto:(t:0, i:~)
2019-08-24 12:08:12,884 INFO  ratis.ContainerStateMachine (ContainerStateMachine.java:loadSnapshot(213)) - group-9F80B3D42C45: The snapshot info is null. Setting the last applied indexto:(t:0, i:~)
2019-08-24 12:08:12,883 INFO  storage.RaftStorage (RaftStorage.java:format(72)) - Storage directory /workdir/hadoop-ozone/integration-test/target/test-dir/MiniOzoneClusterImpl-51fda694-2cca-4d9a-be93-0e760f3df14d/datanode-0/data/ratis/87b5cdf6-4aa6-4611-a7ae-9f80b3d42c45 has been successfully formatted.
2019-08-24 12:08:12,884 INFO  server.RaftServerConfigKeys (ConfUtils.java:logGet(43)) - raft.server.leader.election.timeout = 120s (custom)
2019-08-24 12:08:12,884 INFO  ratis.ContainerStateMachine (ContainerStateMachine.java:loadSnapshot(213)) - group-9F80B3D42C45: The snapshot info is null. Setting the last applied indexto:(t:0, i:~)
2019-08-24 12:08:12,884 INFO  server.RaftServerConfigKeys (ConfUtils.java:logGet(43)) - raft.server.leader.election.timeout = 120s (custom)
2019-08-24 12:08:12,885 INFO  server.RaftServerConfigKeys (ConfUtils.java:logGet(43)) - raft.server.leader.election.timeout = 120s (custom)
2019-08-24 12:08:12,884 INFO  server.RaftServerConfigKeys (ConfUtils.java:logGet(43)) - raft.server.log.use.memory = false (default)
2019-08-24 12:08:12,885 INFO  server.RaftServerConfigKeys (ConfUtils.java:logGet(43)) - raft.server.log.use.memory = false (default)
2019-08-24 12:08:12,885 INFO  server.RaftServerConfigKeys (ConfUtils.java:logGet(43)) - raft.server.log.use.memory = false (default)
2019-08-24 12:08:12,886 INFO  server.RaftServerConfigKeys (ConfUtils.java:logGet(43)) - raft.server.log.purge.gap = 1000000000 (custom)
2019-08-24 12:08:12,885 INFO  server.RaftServerConfigKeys (ConfUtils.java:logGet(43)) - raft.server.log.purge.gap = 1000000000 (custom)
2019-08-24 12:08:12,886 INFO  server.RaftServerConfigKeys (ConfUtils.java:logGet(43)) - raft.server.log.appender.buffer.byte-limit = 33554432 (custom)
2019-08-24 12:08:12,886 INFO  server.RaftServerConfigKeys (ConfUtils.java:logGet(43)) - raft.server.log.purge.gap = 1000000000 (custom)
2019-08-24 12:08:12,886 INFO  server.RaftServerConfigKeys (ConfUtils.java:logGet(43)) - raft.server.log.segment.size.max = 1048576 (custom)
2019-08-24 12:08:12,886 INFO  server.RaftServerConfigKeys (ConfUtils.java:logGet(43)) - raft.server.log.appender.buffer.byte-limit = 33554432 (custom)
2019-08-24 12:08:12,887 INFO  server.RaftServerConfigKeys (ConfUtils.java:logGet(43)) - raft.server.log.segment.cache.num.max = 2 (custom)
2019-08-24 12:08:12,887 INFO  segmented.SegmentedRaftLogWorker (SegmentedRaftLogWorker.java:<init>(172)) - new e3245855-bf1f-48f0-80ab-9c933646f70d-SegmentedRaftLogWorker:Storage Directory /workdir/hadoop-ozone/integration-test/target/test-dir/MiniOzoneClusterImpl-51fda694-2cca-4d9a-be93-0e760f3df14d/datanode-0/data/ratis/87b5cdf6-4aa6-4611-a7ae-9f80b3d42c45 for RaftStorage:Storage Directory /workdir/hadoop-ozone/integration-test/target/test-dir/MiniOzoneClusterImpl-51fda694-2cca-4d9a-be93-0e760f3df14d/datanode-0/data/ratis/87b5cdf6-4aa6-4611-a7ae-9f80b3d42c45
2019-08-24 12:08:12,887 INFO  server.RaftServerConfigKeys (ConfUtils.java:logGet(43)) - raft.server.log.appender.buffer.byte-limit = 33554432 (custom)
2019-08-24 12:08:12,888 INFO  server.RaftServerConfigKeys (ConfUtils.java:logGet(43)) - raft.server.log.queue.byte-limit = 2147483647 (custom)
2019-08-24 12:08:12,887 INFO  server.RaftServerConfigKeys (ConfUtils.java:logGet(43)) - raft.server.log.segment.size.max = 1048576 (custom)
2019-08-24 12:08:12,888 INFO  server.RaftServerConfigKeys (ConfUtils.java:logGet(43)) - raft.server.log.segment.cache.num.max = 2 (custom)
2019-08-24 12:08:12,888 INFO  server.RaftServerConfigKeys (ConfUtils.java:logGet(43)) - raft.server.log.queue.element-limit = 1024 (custom)
2019-08-24 12:08:12,888 INFO  server.RaftServerConfigKeys (ConfUtils.java:logGet(43)) - raft.server.log.segment.size.max = 1048576 (custom)
2019-08-24 12:08:12,889 INFO  server.RaftServerConfigKeys (ConfUtils.java:logGet(43)) - raft.server.log.segment.size.max = 1048576 (custom)
2019-08-24 12:08:12,888 INFO  segmented.SegmentedRaftLogWorker (SegmentedRaftLogWorker.java:<init>(172)) - new 2b46a3aa-8182-4071-b625-185ecb7c784d-SegmentedRaftLogWorker:Storage Directory /workdir/hadoop-ozone/integration-test/target/test-dir/MiniOzoneClusterImpl-51fda694-2cca-4d9a-be93-0e760f3df14d/datanode-1/data/ratis/87b5cdf6-4aa6-4611-a7ae-9f80b3d42c45 for RaftStorage:Storage Directory /workdir/hadoop-ozone/integration-test/target/test-dir/MiniOzoneClusterImpl-51fda694-2cca-4d9a-be93-0e760f3df14d/datanode-1/data/ratis/87b5cdf6-4aa6-4611-a7ae-9f80b3d42c45
2019-08-24 12:08:12,889 INFO  server.RaftServerConfigKeys (ConfUtils.java:logGet(43)) - raft.server.log.preallocated.size = 16384 (custom)
2019-08-24 12:08:12,889 INFO  server.RaftServerConfigKeys (ConfUtils.java:logGet(43)) - raft.server.log.segment.cache.num.max = 2 (custom)
2019-08-24 12:08:12,889 INFO  server.RaftServerConfigKeys (ConfUtils.java:logGet(43)) - raft.server.log.write.buffer.size = 33554432 (custom)
2019-08-24 12:08:12,889 INFO  server.RaftServerConfigKeys (ConfUtils.java:logGet(43)) - raft.server.log.queue.byte-limit = 2147483647 (custom)
2019-08-24 12:08:12,890 INFO  server.RaftServerConfigKeys (ConfUtils.java:logGet(43)) - raft.server.log.force.sync.num = 128 (default)
2019-08-24 12:08:12,890 INFO  server.RaftServerConfigKeys (ConfUtils.java:logGet(43)) - raft.server.log.statemachine.data.sync = true (default)
2019-08-24 12:08:12,889 INFO  segmented.SegmentedRaftLogWorker (SegmentedRaftLogWorker.java:<init>(172)) - new b4101fba-fe3d-48ac-bf34-b9a40fb2492f-SegmentedRaftLogWorker:Storage Directory /workdir/hadoop-ozone/integration-test/target/test-dir/MiniOzoneClusterImpl-51fda694-2cca-4d9a-be93-0e760f3df14d/datanode-2/data/ratis/87b5cdf6-4aa6-4611-a7ae-9f80b3d42c45 for RaftStorage:Storage Directory /workdir/hadoop-ozone/integration-test/target/test-dir/MiniOzoneClusterImpl-51fda694-2cca-4d9a-be93-0e760f3df14d/datanode-2/data/ratis/87b5cdf6-4aa6-4611-a7ae-9f80b3d42c45
2019-08-24 12:08:12,890 INFO  server.RaftServerConfigKeys (ConfUtils.java:logGet(43)) - raft.server.log.statemachine.data.sync.timeout = 10s (default)
2019-08-24 12:08:12,890 INFO  server.RaftServerConfigKeys (ConfUtils.java:logGet(43)) - raft.server.log.queue.element-limit = 1024 (custom)
2019-08-24 12:08:12,891 INFO  server.RaftServerConfigKeys (ConfUtils.java:logGet(43)) - raft.server.log.statemachine.data.sync.timeout.retry = -1 (default)
2019-08-24 12:08:12,891 INFO  server.RaftServerConfigKeys (ConfUtils.java:logGet(43)) - raft.server.log.queue.byte-limit = 2147483647 (custom)
2019-08-24 12:08:12,891 INFO  server.RaftServerConfigKeys (ConfUtils.java:logGet(43)) - raft.server.log.statemachine.data.caching.enabled = true (custom)
2019-08-24 12:08:12,891 INFO  server.RaftServerConfigKeys (ConfUtils.java:logGet(43)) - raft.server.log.segment.size.max = 1048576 (custom)
2019-08-24 12:08:12,892 INFO  segmented.SegmentedRaftLogWorker (SegmentedRaftLogWorker.java:lambda$new$0(132)) - e3245855-bf1f-48f0-80ab-9c933646f70d-SegmentedRaftLogWorker:Storage Directory /workdir/hadoop-ozone/integration-test/target/test-dir/MiniOzoneClusterImpl-51fda694-2cca-4d9a-be93-0e760f3df14d/datanode-0/data/ratis/87b5cdf6-4aa6-4611-a7ae-9f80b3d42c45: flushIndex: setUnconditionally 0 -> -1
2019-08-24 12:08:12,891 INFO  server.RaftServerConfigKeys (ConfUtils.java:logGet(43)) - raft.server.log.queue.element-limit = 1024 (custom)
2019-08-24 12:08:12,892 INFO  server.RaftServerConfigKeys (ConfUtils.java:logGet(43)) - raft.server.log.preallocated.size = 16384 (custom)
2019-08-24 12:08:12,892 INFO  server.RaftServerConfigKeys (ConfUtils.java:logGet(43)) - raft.server.snapshot.auto.trigger.enabled = true (custom)
2019-08-24 12:08:12,892 INFO  server.RaftServerConfigKeys (ConfUtils.java:logGet(43)) - raft.server.log.segment.size.max = 1048576 (custom)
2019-08-24 12:08:12,892 INFO  server.RaftServerConfigKeys (ConfUtils.java:logGet(43)) - raft.server.snapshot.auto.trigger.threshold = 10000 (custom)
2019-08-24 12:08:12,892 INFO  server.RaftServerConfigKeys (ConfUtils.java:logGet(43)) - raft.server.log.write.buffer.size = 33554432 (custom)
2019-08-24 12:08:12,893 INFO  server.RaftServerConfigKeys (ConfUtils.java:logGet(43)) - raft.server.retrycache.expirytime = 600000ms (custom)
2019-08-24 12:08:12,893 INFO  server.RaftServerConfigKeys (ConfUtils.java:logGet(43)) - raft.server.log.preallocated.size = 16384 (custom)
2019-08-24 12:08:12,893 INFO  impl.RaftServerImpl (RaftServerImpl.java:start(180)) - e3245855-bf1f-48f0-80ab-9c933646f70d: start group-9F80B3D42C45
2019-08-24 12:08:12,893 INFO  impl.RaftServerImpl (RaftServerImpl.java:setRole(171)) - e3245855-bf1f-48f0-80ab-9c933646f70d:group-9F80B3D42C45 changes role from null to FOLLOWER at term 0 for startAsFollower
2019-08-24 12:08:12,893 INFO  server.RaftServerConfigKeys (ConfUtils.java:logGet(43)) - raft.server.log.force.sync.num = 128 (default)
2019-08-24 12:08:12,894 INFO  impl.RoleInfo (RoleInfo.java:updateAndGet(143)) - e3245855-bf1f-48f0-80ab-9c933646f70d: start FollowerState
2019-08-24 12:08:12,893 INFO  server.RaftServerConfigKeys (ConfUtils.java:logGet(43)) - raft.server.log.write.buffer.size = 33554432 (custom)
2019-08-24 12:08:12,894 INFO  server.RaftServerConfigKeys (ConfUtils.java:logGet(43)) - raft.server.log.statemachine.data.sync = true (default)
2019-08-24 12:08:12,908 INFO  ozone.MiniOzoneClusterImpl (MiniOzoneClusterImpl.java:lambda$waitForClusterToBeReady$0(142)) - Waiting for cluster to be ready. Got 3 of 7 DN Heartbeats.
2019-08-24 12:08:12,908 INFO  util.JmxRegister (JmxRegister.java:tryRegister(44)) - Successfully registered JMX Bean with object name Ratis:service=RaftServer,group=group-9F80B3D42C45,id=e3245855-bf1f-48f0-80ab-9c933646f70d
2019-08-24 12:08:12,894 INFO  server.RaftServerConfigKeys (ConfUtils.java:logGet(43)) - raft.server.log.force.sync.num = 128 (default)
2019-08-24 12:08:12,908 INFO  server.RaftServerConfigKeys (ConfUtils.java:logGet(43)) - raft.server.log.statemachine.data.sync.timeout = 10s (default)
2019-08-24 12:08:12,909 INFO  server.RaftServerConfigKeys (ConfUtils.java:logGet(43)) - raft.server.log.statemachine.data.sync = true (default)
2019-08-24 12:08:12,916 INFO  server.RaftServerConfigKeys (ConfUtils.java:logGet(43)) - raft.server.log.statemachine.data.sync.timeout.retry = -1 (default)
2019-08-24 12:08:12,917 INFO  server.RaftServerConfigKeys (ConfUtils.java:logGet(43)) - raft.server.log.statemachine.data.sync.timeout = 10s (default)
2019-08-24 12:08:12,917 INFO  server.RaftServerConfigKeys (ConfUtils.java:logGet(43)) - raft.server.log.statemachine.data.caching.enabled = true (custom)
2019-08-24 12:08:12,917 INFO  server.RaftServerConfigKeys (ConfUtils.java:logGet(43)) - raft.server.log.statemachine.data.sync.timeout.retry = -1 (default)
2019-08-24 12:08:12,917 INFO  server.RaftServerConfigKeys (ConfUtils.java:logGet(43)) - raft.server.log.statemachine.data.caching.enabled = true (custom)
2019-08-24 12:08:12,917 INFO  segmented.SegmentedRaftLogWorker (SegmentedRaftLogWorker.java:lambda$new$0(132)) - 2b46a3aa-8182-4071-b625-185ecb7c784d-SegmentedRaftLogWorker:Storage Directory /workdir/hadoop-ozone/integration-test/target/test-dir/MiniOzoneClusterImpl-51fda694-2cca-4d9a-be93-0e760f3df14d/datanode-1/data/ratis/87b5cdf6-4aa6-4611-a7ae-9f80b3d42c45: flushIndex: setUnconditionally 0 -> -1
2019-08-24 12:08:12,918 INFO  segmented.SegmentedRaftLogWorker (SegmentedRaftLogWorker.java:lambda$new$0(132)) - b4101fba-fe3d-48ac-bf34-b9a40fb2492f-SegmentedRaftLogWorker:Storage Directory /workdir/hadoop-ozone/integration-test/target/test-dir/MiniOzoneClusterImpl-51fda694-2cca-4d9a-be93-0e760f3df14d/datanode-2/data/ratis/87b5cdf6-4aa6-4611-a7ae-9f80b3d42c45: flushIndex: setUnconditionally 0 -> -1
2019-08-24 12:08:12,918 INFO  server.RaftServerConfigKeys (ConfUtils.java:logGet(43)) - raft.server.snapshot.auto.trigger.enabled = true (custom)
2019-08-24 12:08:12,918 INFO  server.RaftServerConfigKeys (ConfUtils.java:logGet(43)) - raft.server.snapshot.auto.trigger.enabled = true (custom)
2019-08-24 12:08:12,918 INFO  server.RaftServerConfigKeys (ConfUtils.java:logGet(43)) - raft.server.snapshot.auto.trigger.threshold = 10000 (custom)
2019-08-24 12:08:12,918 INFO  server.RaftServerConfigKeys (ConfUtils.java:logGet(43)) - raft.server.snapshot.auto.trigger.threshold = 10000 (custom)
2019-08-24 12:08:12,919 INFO  server.RaftServerConfigKeys (ConfUtils.java:logGet(43)) - raft.server.retrycache.expirytime = 600000ms (custom)
2019-08-24 12:08:12,919 INFO  server.RaftServerConfigKeys (ConfUtils.java:logGet(43)) - raft.server.retrycache.expirytime = 600000ms (custom)
2019-08-24 12:08:12,919 INFO  impl.RaftServerImpl (RaftServerImpl.java:start(180)) - 2b46a3aa-8182-4071-b625-185ecb7c784d: start group-9F80B3D42C45
2019-08-24 12:08:12,919 INFO  impl.RaftServerImpl (RaftServerImpl.java:start(180)) - b4101fba-fe3d-48ac-bf34-b9a40fb2492f: start group-9F80B3D42C45
2019-08-24 12:08:12,919 INFO  impl.RaftServerImpl (RaftServerImpl.java:setRole(171)) - 2b46a3aa-8182-4071-b625-185ecb7c784d:group-9F80B3D42C45 changes role from null to FOLLOWER at term 0 for startAsFollower
2019-08-24 12:08:12,919 INFO  impl.RaftServerImpl (RaftServerImpl.java:setRole(171)) - b4101fba-fe3d-48ac-bf34-b9a40fb2492f:group-9F80B3D42C45 changes role from null to FOLLOWER at term 0 for startAsFollower
2019-08-24 12:08:12,919 INFO  impl.RoleInfo (RoleInfo.java:updateAndGet(143)) - 2b46a3aa-8182-4071-b625-185ecb7c784d: start FollowerState
2019-08-24 12:08:12,920 INFO  impl.RoleInfo (RoleInfo.java:updateAndGet(143)) - b4101fba-fe3d-48ac-bf34-b9a40fb2492f: start FollowerState
2019-08-24 12:08:12,920 INFO  util.JmxRegister (JmxRegister.java:tryRegister(44)) - Successfully registered JMX Bean with object name Ratis:service=RaftServer,group=group-9F80B3D42C45,id=2b46a3aa-8182-4071-b625-185ecb7c784d
2019-08-24 12:08:12,920 INFO  util.JmxRegister (JmxRegister.java:tryRegister(44)) - Successfully registered JMX Bean with object name Ratis:service=RaftServer,group=group-9F80B3D42C45,id=b4101fba-fe3d-48ac-bf34-b9a40fb2492f
2019-08-24 12:08:12,923 INFO  pipeline.PipelineStateManager (PipelineStateManager.java:addPipeline(56)) - Created pipeline Pipeline[ Id: 87b5cdf6-4aa6-4611-a7ae-9f80b3d42c45, Nodes: 2b46a3aa-8182-4071-b625-185ecb7c784d{ip: 192.168.69.124, host: pr-hdds-2029-g5rx4-259851958, networkLocation: /default-rack, certSerialId: null}b4101fba-fe3d-48ac-bf34-b9a40fb2492f{ip: 192.168.69.124, host: pr-hdds-2029-g5rx4-259851958, networkLocation: /default-rack, certSerialId: null}e3245855-bf1f-48f0-80ab-9c933646f70d{ip: 192.168.69.124, host: pr-hdds-2029-g5rx4-259851958, networkLocation: /default-rack, certSerialId: null}, Type:RATIS, Factor:THREE, State:OPEN]
2019-08-24 12:08:13,009 INFO  net.NetworkTopology (NetworkTopologyImpl.java:add(110)) - Added a new node: /default-rack/ac24382e-f3ea-4dac-af42-de8bfd054530
2019-08-24 12:08:13,010 INFO  node.SCMNodeManager (SCMNodeManager.java:register(273)) - Registered Data node : ac24382e-f3ea-4dac-af42-de8bfd054530{ip: 192.168.69.124, host: pr-hdds-2029-g5rx4-259851958, networkLocation: /default-rack, certSerialId: null}
2019-08-24 12:08:13,013 | INFO  | SCMAudit | user=jenkins1000 | ip=192.168.69.124 | op=REGISTER {datanodeDetails=ac24382e-f3ea-4dac-af42-de8bfd054530{ip: 192.168.69.124, host: pr-hdds-2029-g5rx4-259851958, networkLocation: /default-rack, certSerialId: null}} | ret=SUCCESS |  
2019-08-24 12:08:13,023 INFO  impl.RaftServerProxy (RaftServerProxy.java:addNew(89)) - ac24382e-f3ea-4dac-af42-de8bfd054530: addNew group-3D0121A34794:[ac24382e-f3ea-4dac-af42-de8bfd054530:192.168.69.124:46547] returns group-3D0121A34794:java.util.concurrent.CompletableFuture@1b95bec6[Not completed]
2019-08-24 12:08:13,029 INFO  impl.RaftServerImpl (RaftServerImpl.java:<init>(93)) - ac24382e-f3ea-4dac-af42-de8bfd054530: new RaftServerImpl for group-3D0121A34794:[ac24382e-f3ea-4dac-af42-de8bfd054530:192.168.69.124:46547] with ContainerStateMachine:uninitialized
2019-08-24 12:08:13,029 INFO  server.RaftServerConfigKeys (ConfUtils.java:logGet(43)) - raft.server.rpc.timeout.min = 5s (custom)
2019-08-24 12:08:13,030 INFO  server.RaftServerConfigKeys (ConfUtils.java:logGet(43)) - raft.server.rpc.timeout.max = 5200ms (custom)
2019-08-24 12:08:13,030 INFO  server.RaftServerConfigKeys (ConfUtils.java:logGet(43)) - raft.server.rpcslowness.timeout = 120s (custom)
2019-08-24 12:08:13,030 INFO  server.RaftServerConfigKeys (ConfUtils.java:logGet(43)) - raft.server.sleep.deviation.threshold = 300 (default)
2019-08-24 12:08:13,030 INFO  server.RaftServerConfigKeys (ConfUtils.java:logGet(43)) - raft.server.log.appender.install.snapshot.enabled = false (custom)
2019-08-24 12:08:13,030 INFO  impl.RaftServerImpl (ServerState.java:<init>(105)) - ac24382e-f3ea-4dac-af42-de8bfd054530:group-3D0121A34794 ConfigurationManager, init=-1: [ac24382e-f3ea-4dac-af42-de8bfd054530:192.168.69.124:46547], old=null, confs=<EMPTY_MAP>
2019-08-24 12:08:13,030 INFO  server.RaftServerConfigKeys (ConfUtils.java:logGet(43)) - raft.server.storage.dir = [/workdir/hadoop-ozone/integration-test/target/test-dir/MiniOzoneClusterImpl-51fda694-2cca-4d9a-be93-0e760f3df14d/datanode-3/data/ratis] (custom)
2019-08-24 12:08:13,031 INFO  storage.RaftStorageDirectory (RaftStorageDirectory.java:analyzeStorage(246)) - The storage directory /workdir/hadoop-ozone/integration-test/target/test-dir/MiniOzoneClusterImpl-51fda694-2cca-4d9a-be93-0e760f3df14d/datanode-3/data/ratis/f638c8d2-1503-43d9-b59e-3d0121a34794 does not exist. Creating ...
2019-08-24 12:08:13,045 INFO  storage.RaftStorageDirectory (RaftStorageDirectory.java:tryLock(328)) - Lock on /workdir/hadoop-ozone/integration-test/target/test-dir/MiniOzoneClusterImpl-51fda694-2cca-4d9a-be93-0e760f3df14d/datanode-3/data/ratis/f638c8d2-1503-43d9-b59e-3d0121a34794/in_use.lock acquired by nodename 30433@pr-hdds-2029-g5rx4-259851958
2019-08-24 12:08:13,058 INFO  storage.RaftStorage (RaftStorage.java:format(72)) - Storage directory /workdir/hadoop-ozone/integration-test/target/test-dir/MiniOzoneClusterImpl-51fda694-2cca-4d9a-be93-0e760f3df14d/datanode-3/data/ratis/f638c8d2-1503-43d9-b59e-3d0121a34794 has been successfully formatted.
2019-08-24 12:08:13,059 INFO  ratis.ContainerStateMachine (ContainerStateMachine.java:loadSnapshot(213)) - group-3D0121A34794: The snapshot info is null. Setting the last applied indexto:(t:0, i:~)
2019-08-24 12:08:13,059 INFO  server.RaftServerConfigKeys (ConfUtils.java:logGet(43)) - raft.server.leader.election.timeout = 120s (custom)
2019-08-24 12:08:13,059 INFO  server.RaftServerConfigKeys (ConfUtils.java:logGet(43)) - raft.server.log.use.memory = false (default)
2019-08-24 12:08:13,059 INFO  server.RaftServerConfigKeys (ConfUtils.java:logGet(43)) - raft.server.log.purge.gap = 1000000000 (custom)
2019-08-24 12:08:13,059 INFO  server.RaftServerConfigKeys (ConfUtils.java:logGet(43)) - raft.server.log.appender.buffer.byte-limit = 33554432 (custom)
2019-08-24 12:08:13,060 INFO  server.RaftServerConfigKeys (ConfUtils.java:logGet(43)) - raft.server.log.segment.size.max = 1048576 (custom)
2019-08-24 12:08:13,060 INFO  server.RaftServerConfigKeys (ConfUtils.java:logGet(43)) - raft.server.log.segment.cache.num.max = 2 (custom)
2019-08-24 12:08:13,060 INFO  segmented.SegmentedRaftLogWorker (SegmentedRaftLogWorker.java:<init>(172)) - new ac24382e-f3ea-4dac-af42-de8bfd054530-SegmentedRaftLogWorker:Storage Directory /workdir/hadoop-ozone/integration-test/target/test-dir/MiniOzoneClusterImpl-51fda694-2cca-4d9a-be93-0e760f3df14d/datanode-3/data/ratis/f638c8d2-1503-43d9-b59e-3d0121a34794 for RaftStorage:Storage Directory /workdir/hadoop-ozone/integration-test/target/test-dir/MiniOzoneClusterImpl-51fda694-2cca-4d9a-be93-0e760f3df14d/datanode-3/data/ratis/f638c8d2-1503-43d9-b59e-3d0121a34794
2019-08-24 12:08:13,060 INFO  server.RaftServerConfigKeys (ConfUtils.java:logGet(43)) - raft.server.log.queue.byte-limit = 2147483647 (custom)
2019-08-24 12:08:13,060 INFO  server.RaftServerConfigKeys (ConfUtils.java:logGet(43)) - raft.server.log.queue.element-limit = 1024 (custom)
2019-08-24 12:08:13,061 INFO  server.RaftServerConfigKeys (ConfUtils.java:logGet(43)) - raft.server.log.segment.size.max = 1048576 (custom)
2019-08-24 12:08:13,061 INFO  server.RaftServerConfigKeys (ConfUtils.java:logGet(43)) - raft.server.log.preallocated.size = 16384 (custom)
2019-08-24 12:08:13,061 INFO  server.RaftServerConfigKeys (ConfUtils.java:logGet(43)) - raft.server.log.write.buffer.size = 33554432 (custom)
2019-08-24 12:08:13,061 INFO  server.RaftServerConfigKeys (ConfUtils.java:logGet(43)) - raft.server.log.force.sync.num = 128 (default)
2019-08-24 12:08:13,062 INFO  server.RaftServerConfigKeys (ConfUtils.java:logGet(43)) - raft.server.log.statemachine.data.sync = true (default)
2019-08-24 12:08:13,062 INFO  server.RaftServerConfigKeys (ConfUtils.java:logGet(43)) - raft.server.log.statemachine.data.sync.timeout = 10s (default)
2019-08-24 12:08:13,062 INFO  server.RaftServerConfigKeys (ConfUtils.java:logGet(43)) - raft.server.log.statemachine.data.sync.timeout.retry = -1 (default)
2019-08-24 12:08:13,062 INFO  server.RaftServerConfigKeys (ConfUtils.java:logGet(43)) - raft.server.log.statemachine.data.caching.enabled = true (custom)
2019-08-24 12:08:13,063 INFO  segmented.SegmentedRaftLogWorker (SegmentedRaftLogWorker.java:lambda$new$0(132)) - ac24382e-f3ea-4dac-af42-de8bfd054530-SegmentedRaftLogWorker:Storage Directory /workdir/hadoop-ozone/integration-test/target/test-dir/MiniOzoneClusterImpl-51fda694-2cca-4d9a-be93-0e760f3df14d/datanode-3/data/ratis/f638c8d2-1503-43d9-b59e-3d0121a34794: flushIndex: setUnconditionally 0 -> -1
2019-08-24 12:08:13,063 INFO  server.RaftServerConfigKeys (ConfUtils.java:logGet(43)) - raft.server.snapshot.auto.trigger.enabled = true (custom)
2019-08-24 12:08:13,063 INFO  server.RaftServerConfigKeys (ConfUtils.java:logGet(43)) - raft.server.snapshot.auto.trigger.threshold = 10000 (custom)
2019-08-24 12:08:13,064 INFO  server.RaftServerConfigKeys (ConfUtils.java:logGet(43)) - raft.server.retrycache.expirytime = 600000ms (custom)
2019-08-24 12:08:13,064 INFO  impl.RaftServerImpl (RaftServerImpl.java:start(180)) - ac24382e-f3ea-4dac-af42-de8bfd054530: start group-3D0121A34794
2019-08-24 12:08:13,064 INFO  impl.RaftServerImpl (RaftServerImpl.java:setRole(171)) - ac24382e-f3ea-4dac-af42-de8bfd054530:group-3D0121A34794 changes role from null to FOLLOWER at term 0 for startAsFollower
2019-08-24 12:08:13,064 INFO  impl.RoleInfo (RoleInfo.java:updateAndGet(143)) - ac24382e-f3ea-4dac-af42-de8bfd054530: start FollowerState
2019-08-24 12:08:13,065 INFO  util.JmxRegister (JmxRegister.java:tryRegister(44)) - Successfully registered JMX Bean with object name Ratis:service=RaftServer,group=group-3D0121A34794,id=ac24382e-f3ea-4dac-af42-de8bfd054530
2019-08-24 12:08:13,068 INFO  pipeline.PipelineStateManager (PipelineStateManager.java:addPipeline(56)) - Created pipeline Pipeline[ Id: f638c8d2-1503-43d9-b59e-3d0121a34794, Nodes: ac24382e-f3ea-4dac-af42-de8bfd054530{ip: 192.168.69.124, host: pr-hdds-2029-g5rx4-259851958, networkLocation: /default-rack, certSerialId: null}, Type:RATIS, Factor:ONE, State:OPEN]
2019-08-24 12:08:13,478 INFO  net.NetworkTopology (NetworkTopologyImpl.java:add(110)) - Added a new node: /default-rack/64ac8f20-39ba-4880-986e-8ea4baeefec1
2019-08-24 12:08:13,479 INFO  node.SCMNodeManager (SCMNodeManager.java:register(273)) - Registered Data node : 64ac8f20-39ba-4880-986e-8ea4baeefec1{ip: 192.168.69.124, host: pr-hdds-2029-g5rx4-259851958, networkLocation: /default-rack, certSerialId: null}
2019-08-24 12:08:13,483 | INFO  | SCMAudit | user=jenkins1000 | ip=192.168.69.124 | op=REGISTER {datanodeDetails=64ac8f20-39ba-4880-986e-8ea4baeefec1{ip: 192.168.69.124, host: pr-hdds-2029-g5rx4-259851958, networkLocation: /default-rack, certSerialId: null}} | ret=SUCCESS |  
2019-08-24 12:08:13,492 INFO  impl.RaftServerProxy (RaftServerProxy.java:addNew(89)) - 64ac8f20-39ba-4880-986e-8ea4baeefec1: addNew group-22D93678A505:[64ac8f20-39ba-4880-986e-8ea4baeefec1:192.168.69.124:39759] returns group-22D93678A505:java.util.concurrent.CompletableFuture@41e9838[Not completed]
2019-08-24 12:08:13,497 INFO  impl.RaftServerImpl (RaftServerImpl.java:<init>(93)) - 64ac8f20-39ba-4880-986e-8ea4baeefec1: new RaftServerImpl for group-22D93678A505:[64ac8f20-39ba-4880-986e-8ea4baeefec1:192.168.69.124:39759] with ContainerStateMachine:uninitialized
2019-08-24 12:08:13,498 INFO  server.RaftServerConfigKeys (ConfUtils.java:logGet(43)) - raft.server.rpc.timeout.min = 5s (custom)
2019-08-24 12:08:13,498 INFO  server.RaftServerConfigKeys (ConfUtils.java:logGet(43)) - raft.server.rpc.timeout.max = 5200ms (custom)
2019-08-24 12:08:13,498 INFO  server.RaftServerConfigKeys (ConfUtils.java:logGet(43)) - raft.server.rpcslowness.timeout = 120s (custom)
2019-08-24 12:08:13,498 INFO  server.RaftServerConfigKeys (ConfUtils.java:logGet(43)) - raft.server.sleep.deviation.threshold = 300 (default)
2019-08-24 12:08:13,499 INFO  server.RaftServerConfigKeys (ConfUtils.java:logGet(43)) - raft.server.log.appender.install.snapshot.enabled = false (custom)
2019-08-24 12:08:13,499 INFO  impl.RaftServerImpl (ServerState.java:<init>(105)) - 64ac8f20-39ba-4880-986e-8ea4baeefec1:group-22D93678A505 ConfigurationManager, init=-1: [64ac8f20-39ba-4880-986e-8ea4baeefec1:192.168.69.124:39759], old=null, confs=<EMPTY_MAP>
2019-08-24 12:08:13,499 INFO  server.RaftServerConfigKeys (ConfUtils.java:logGet(43)) - raft.server.storage.dir = [/workdir/hadoop-ozone/integration-test/target/test-dir/MiniOzoneClusterImpl-51fda694-2cca-4d9a-be93-0e760f3df14d/datanode-4/data/ratis] (custom)
2019-08-24 12:08:13,500 INFO  storage.RaftStorageDirectory (RaftStorageDirectory.java:analyzeStorage(246)) - The storage directory /workdir/hadoop-ozone/integration-test/target/test-dir/MiniOzoneClusterImpl-51fda694-2cca-4d9a-be93-0e760f3df14d/datanode-4/data/ratis/5fb4dc96-454f-4cc7-b772-22d93678a505 does not exist. Creating ...
2019-08-24 12:08:13,513 INFO  storage.RaftStorageDirectory (RaftStorageDirectory.java:tryLock(328)) - Lock on /workdir/hadoop-ozone/integration-test/target/test-dir/MiniOzoneClusterImpl-51fda694-2cca-4d9a-be93-0e760f3df14d/datanode-4/data/ratis/5fb4dc96-454f-4cc7-b772-22d93678a505/in_use.lock acquired by nodename 30433@pr-hdds-2029-g5rx4-259851958
2019-08-24 12:08:13,527 INFO  storage.RaftStorage (RaftStorage.java:format(72)) - Storage directory /workdir/hadoop-ozone/integration-test/target/test-dir/MiniOzoneClusterImpl-51fda694-2cca-4d9a-be93-0e760f3df14d/datanode-4/data/ratis/5fb4dc96-454f-4cc7-b772-22d93678a505 has been successfully formatted.
2019-08-24 12:08:13,528 INFO  ratis.ContainerStateMachine (ContainerStateMachine.java:loadSnapshot(213)) - group-22D93678A505: The snapshot info is null. Setting the last applied indexto:(t:0, i:~)
2019-08-24 12:08:13,528 INFO  server.RaftServerConfigKeys (ConfUtils.java:logGet(43)) - raft.server.leader.election.timeout = 120s (custom)
2019-08-24 12:08:13,528 INFO  server.RaftServerConfigKeys (ConfUtils.java:logGet(43)) - raft.server.log.use.memory = false (default)
2019-08-24 12:08:13,528 INFO  server.RaftServerConfigKeys (ConfUtils.java:logGet(43)) - raft.server.log.purge.gap = 1000000000 (custom)
2019-08-24 12:08:13,528 INFO  server.RaftServerConfigKeys (ConfUtils.java:logGet(43)) - raft.server.log.appender.buffer.byte-limit = 33554432 (custom)
2019-08-24 12:08:13,529 INFO  server.RaftServerConfigKeys (ConfUtils.java:logGet(43)) - raft.server.log.segment.size.max = 1048576 (custom)
2019-08-24 12:08:13,529 INFO  server.RaftServerConfigKeys (ConfUtils.java:logGet(43)) - raft.server.log.segment.cache.num.max = 2 (custom)
2019-08-24 12:08:13,529 INFO  segmented.SegmentedRaftLogWorker (SegmentedRaftLogWorker.java:<init>(172)) - new 64ac8f20-39ba-4880-986e-8ea4baeefec1-SegmentedRaftLogWorker:Storage Directory /workdir/hadoop-ozone/integration-test/target/test-dir/MiniOzoneClusterImpl-51fda694-2cca-4d9a-be93-0e760f3df14d/datanode-4/data/ratis/5fb4dc96-454f-4cc7-b772-22d93678a505 for RaftStorage:Storage Directory /workdir/hadoop-ozone/integration-test/target/test-dir/MiniOzoneClusterImpl-51fda694-2cca-4d9a-be93-0e760f3df14d/datanode-4/data/ratis/5fb4dc96-454f-4cc7-b772-22d93678a505
2019-08-24 12:08:13,529 INFO  server.RaftServerConfigKeys (ConfUtils.java:logGet(43)) - raft.server.log.queue.byte-limit = 2147483647 (custom)
2019-08-24 12:08:13,529 INFO  server.RaftServerConfigKeys (ConfUtils.java:logGet(43)) - raft.server.log.queue.element-limit = 1024 (custom)
2019-08-24 12:08:13,530 INFO  server.RaftServerConfigKeys (ConfUtils.java:logGet(43)) - raft.server.log.segment.size.max = 1048576 (custom)
2019-08-24 12:08:13,530 INFO  server.RaftServerConfigKeys (ConfUtils.java:logGet(43)) - raft.server.log.preallocated.size = 16384 (custom)
2019-08-24 12:08:13,530 INFO  server.RaftServerConfigKeys (ConfUtils.java:logGet(43)) - raft.server.log.write.buffer.size = 33554432 (custom)
2019-08-24 12:08:13,530 INFO  server.RaftServerConfigKeys (ConfUtils.java:logGet(43)) - raft.server.log.force.sync.num = 128 (default)
2019-08-24 12:08:13,530 INFO  server.RaftServerConfigKeys (ConfUtils.java:logGet(43)) - raft.server.log.statemachine.data.sync = true (default)
2019-08-24 12:08:13,531 INFO  server.RaftServerConfigKeys (ConfUtils.java:logGet(43)) - raft.server.log.statemachine.data.sync.timeout = 10s (default)
2019-08-24 12:08:13,531 INFO  server.RaftServerConfigKeys (ConfUtils.java:logGet(43)) - raft.server.log.statemachine.data.sync.timeout.retry = -1 (default)
2019-08-24 12:08:13,531 INFO  server.RaftServerConfigKeys (ConfUtils.java:logGet(43)) - raft.server.log.statemachine.data.caching.enabled = true (custom)
2019-08-24 12:08:13,532 INFO  segmented.SegmentedRaftLogWorker (SegmentedRaftLogWorker.java:lambda$new$0(132)) - 64ac8f20-39ba-4880-986e-8ea4baeefec1-SegmentedRaftLogWorker:Storage Directory /workdir/hadoop-ozone/integration-test/target/test-dir/MiniOzoneClusterImpl-51fda694-2cca-4d9a-be93-0e760f3df14d/datanode-4/data/ratis/5fb4dc96-454f-4cc7-b772-22d93678a505: flushIndex: setUnconditionally 0 -> -1
2019-08-24 12:08:13,532 INFO  server.RaftServerConfigKeys (ConfUtils.java:logGet(43)) - raft.server.snapshot.auto.trigger.enabled = true (custom)
2019-08-24 12:08:13,532 INFO  server.RaftServerConfigKeys (ConfUtils.java:logGet(43)) - raft.server.snapshot.auto.trigger.threshold = 10000 (custom)
2019-08-24 12:08:13,533 INFO  server.RaftServerConfigKeys (ConfUtils.java:logGet(43)) - raft.server.retrycache.expirytime = 600000ms (custom)
2019-08-24 12:08:13,533 INFO  impl.RaftServerImpl (RaftServerImpl.java:start(180)) - 64ac8f20-39ba-4880-986e-8ea4baeefec1: start group-22D93678A505
2019-08-24 12:08:13,533 INFO  impl.RaftServerImpl (RaftServerImpl.java:setRole(171)) - 64ac8f20-39ba-4880-986e-8ea4baeefec1:group-22D93678A505 changes role from null to FOLLOWER at term 0 for startAsFollower
2019-08-24 12:08:13,533 INFO  impl.RoleInfo (RoleInfo.java:updateAndGet(143)) - 64ac8f20-39ba-4880-986e-8ea4baeefec1: start FollowerState
2019-08-24 12:08:13,534 INFO  util.JmxRegister (JmxRegister.java:tryRegister(44)) - Successfully registered JMX Bean with object name Ratis:service=RaftServer,group=group-22D93678A505,id=64ac8f20-39ba-4880-986e-8ea4baeefec1
2019-08-24 12:08:13,537 INFO  pipeline.PipelineStateManager (PipelineStateManager.java:addPipeline(56)) - Created pipeline Pipeline[ Id: 5fb4dc96-454f-4cc7-b772-22d93678a505, Nodes: 64ac8f20-39ba-4880-986e-8ea4baeefec1{ip: 192.168.69.124, host: pr-hdds-2029-g5rx4-259851958, networkLocation: /default-rack, certSerialId: null}, Type:RATIS, Factor:ONE, State:OPEN]
2019-08-24 12:08:13,696 INFO  net.NetworkTopology (NetworkTopologyImpl.java:add(110)) - Added a new node: /default-rack/2c37cd26-857b-48ba-bf51-53d6dc663059
2019-08-24 12:08:13,696 INFO  node.SCMNodeManager (SCMNodeManager.java:register(273)) - Registered Data node : 2c37cd26-857b-48ba-bf51-53d6dc663059{ip: 192.168.69.124, host: pr-hdds-2029-g5rx4-259851958, networkLocation: /default-rack, certSerialId: null}
2019-08-24 12:08:13,699 | INFO  | SCMAudit | user=jenkins1000 | ip=192.168.69.124 | op=REGISTER {datanodeDetails=2c37cd26-857b-48ba-bf51-53d6dc663059{ip: 192.168.69.124, host: pr-hdds-2029-g5rx4-259851958, networkLocation: /default-rack, certSerialId: null}} | ret=SUCCESS |  
2019-08-24 12:08:13,709 INFO  impl.RaftServerProxy (RaftServerProxy.java:addNew(89)) - 2c37cd26-857b-48ba-bf51-53d6dc663059: addNew group-84017FC112C4:[2c37cd26-857b-48ba-bf51-53d6dc663059:192.168.69.124:32981] returns group-84017FC112C4:java.util.concurrent.CompletableFuture@d834a4b[Not completed]
2019-08-24 12:08:13,715 INFO  impl.RaftServerImpl (RaftServerImpl.java:<init>(93)) - 2c37cd26-857b-48ba-bf51-53d6dc663059: new RaftServerImpl for group-84017FC112C4:[2c37cd26-857b-48ba-bf51-53d6dc663059:192.168.69.124:32981] with ContainerStateMachine:uninitialized
2019-08-24 12:08:13,715 INFO  server.RaftServerConfigKeys (ConfUtils.java:logGet(43)) - raft.server.rpc.timeout.min = 5s (custom)
2019-08-24 12:08:13,716 INFO  server.RaftServerConfigKeys (ConfUtils.java:logGet(43)) - raft.server.rpc.timeout.max = 5200ms (custom)
2019-08-24 12:08:13,716 INFO  server.RaftServerConfigKeys (ConfUtils.java:logGet(43)) - raft.server.rpcslowness.timeout = 120s (custom)
2019-08-24 12:08:13,716 INFO  server.RaftServerConfigKeys (ConfUtils.java:logGet(43)) - raft.server.sleep.deviation.threshold = 300 (default)
2019-08-24 12:08:13,716 INFO  server.RaftServerConfigKeys (ConfUtils.java:logGet(43)) - raft.server.log.appender.install.snapshot.enabled = false (custom)
2019-08-24 12:08:13,716 INFO  impl.RaftServerImpl (ServerState.java:<init>(105)) - 2c37cd26-857b-48ba-bf51-53d6dc663059:group-84017FC112C4 ConfigurationManager, init=-1: [2c37cd26-857b-48ba-bf51-53d6dc663059:192.168.69.124:32981], old=null, confs=<EMPTY_MAP>
2019-08-24 12:08:13,716 INFO  server.RaftServerConfigKeys (ConfUtils.java:logGet(43)) - raft.server.storage.dir = [/workdir/hadoop-ozone/integration-test/target/test-dir/MiniOzoneClusterImpl-51fda694-2cca-4d9a-be93-0e760f3df14d/datanode-5/data/ratis] (custom)
2019-08-24 12:08:13,717 INFO  storage.RaftStorageDirectory (RaftStorageDirectory.java:analyzeStorage(246)) - The storage directory /workdir/hadoop-ozone/integration-test/target/test-dir/MiniOzoneClusterImpl-51fda694-2cca-4d9a-be93-0e760f3df14d/datanode-5/data/ratis/28697e4d-660b-47c4-923c-84017fc112c4 does not exist. Creating ...
2019-08-24 12:08:13,731 INFO  storage.RaftStorageDirectory (RaftStorageDirectory.java:tryLock(328)) - Lock on /workdir/hadoop-ozone/integration-test/target/test-dir/MiniOzoneClusterImpl-51fda694-2cca-4d9a-be93-0e760f3df14d/datanode-5/data/ratis/28697e4d-660b-47c4-923c-84017fc112c4/in_use.lock acquired by nodename 30433@pr-hdds-2029-g5rx4-259851958
2019-08-24 12:08:13,744 INFO  storage.RaftStorage (RaftStorage.java:format(72)) - Storage directory /workdir/hadoop-ozone/integration-test/target/test-dir/MiniOzoneClusterImpl-51fda694-2cca-4d9a-be93-0e760f3df14d/datanode-5/data/ratis/28697e4d-660b-47c4-923c-84017fc112c4 has been successfully formatted.
2019-08-24 12:08:13,744 INFO  ratis.ContainerStateMachine (ContainerStateMachine.java:loadSnapshot(213)) - group-84017FC112C4: The snapshot info is null. Setting the last applied indexto:(t:0, i:~)
2019-08-24 12:08:13,745 INFO  server.RaftServerConfigKeys (ConfUtils.java:logGet(43)) - raft.server.leader.election.timeout = 120s (custom)
2019-08-24 12:08:13,745 INFO  server.RaftServerConfigKeys (ConfUtils.java:logGet(43)) - raft.server.log.use.memory = false (default)
2019-08-24 12:08:13,745 INFO  server.RaftServerConfigKeys (ConfUtils.java:logGet(43)) - raft.server.log.purge.gap = 1000000000 (custom)
2019-08-24 12:08:13,745 INFO  server.RaftServerConfigKeys (ConfUtils.java:logGet(43)) - raft.server.log.appender.buffer.byte-limit = 33554432 (custom)
2019-08-24 12:08:13,745 INFO  server.RaftServerConfigKeys (ConfUtils.java:logGet(43)) - raft.server.log.segment.size.max = 1048576 (custom)
2019-08-24 12:08:13,746 INFO  server.RaftServerConfigKeys (ConfUtils.java:logGet(43)) - raft.server.log.segment.cache.num.max = 2 (custom)
2019-08-24 12:08:13,746 INFO  segmented.SegmentedRaftLogWorker (SegmentedRaftLogWorker.java:<init>(172)) - new 2c37cd26-857b-48ba-bf51-53d6dc663059-SegmentedRaftLogWorker:Storage Directory /workdir/hadoop-ozone/integration-test/target/test-dir/MiniOzoneClusterImpl-51fda694-2cca-4d9a-be93-0e760f3df14d/datanode-5/data/ratis/28697e4d-660b-47c4-923c-84017fc112c4 for RaftStorage:Storage Directory /workdir/hadoop-ozone/integration-test/target/test-dir/MiniOzoneClusterImpl-51fda694-2cca-4d9a-be93-0e760f3df14d/datanode-5/data/ratis/28697e4d-660b-47c4-923c-84017fc112c4
2019-08-24 12:08:13,746 INFO  server.RaftServerConfigKeys (ConfUtils.java:logGet(43)) - raft.server.log.queue.byte-limit = 2147483647 (custom)
2019-08-24 12:08:13,746 INFO  server.RaftServerConfigKeys (ConfUtils.java:logGet(43)) - raft.server.log.queue.element-limit = 1024 (custom)
2019-08-24 12:08:13,746 INFO  server.RaftServerConfigKeys (ConfUtils.java:logGet(43)) - raft.server.log.segment.size.max = 1048576 (custom)
2019-08-24 12:08:13,747 INFO  server.RaftServerConfigKeys (ConfUtils.java:logGet(43)) - raft.server.log.preallocated.size = 16384 (custom)
2019-08-24 12:08:13,747 INFO  server.RaftServerConfigKeys (ConfUtils.java:logGet(43)) - raft.server.log.write.buffer.size = 33554432 (custom)
2019-08-24 12:08:13,747 INFO  server.RaftServerConfigKeys (ConfUtils.java:logGet(43)) - raft.server.log.force.sync.num = 128 (default)
2019-08-24 12:08:13,747 INFO  server.RaftServerConfigKeys (ConfUtils.java:logGet(43)) - raft.server.log.statemachine.data.sync = true (default)
2019-08-24 12:08:13,747 INFO  server.RaftServerConfigKeys (ConfUtils.java:logGet(43)) - raft.server.log.statemachine.data.sync.timeout = 10s (default)
2019-08-24 12:08:13,748 INFO  server.RaftServerConfigKeys (ConfUtils.java:logGet(43)) - raft.server.log.statemachine.data.sync.timeout.retry = -1 (default)
2019-08-24 12:08:13,748 INFO  server.RaftServerConfigKeys (ConfUtils.java:logGet(43)) - raft.server.log.statemachine.data.caching.enabled = true (custom)
2019-08-24 12:08:13,748 INFO  segmented.SegmentedRaftLogWorker (SegmentedRaftLogWorker.java:lambda$new$0(132)) - 2c37cd26-857b-48ba-bf51-53d6dc663059-SegmentedRaftLogWorker:Storage Directory /workdir/hadoop-ozone/integration-test/target/test-dir/MiniOzoneClusterImpl-51fda694-2cca-4d9a-be93-0e760f3df14d/datanode-5/data/ratis/28697e4d-660b-47c4-923c-84017fc112c4: flushIndex: setUnconditionally 0 -> -1
2019-08-24 12:08:13,749 INFO  server.RaftServerConfigKeys (ConfUtils.java:logGet(43)) - raft.server.snapshot.auto.trigger.enabled = true (custom)
2019-08-24 12:08:13,749 INFO  server.RaftServerConfigKeys (ConfUtils.java:logGet(43)) - raft.server.snapshot.auto.trigger.threshold = 10000 (custom)
2019-08-24 12:08:13,749 INFO  server.RaftServerConfigKeys (ConfUtils.java:logGet(43)) - raft.server.retrycache.expirytime = 600000ms (custom)
2019-08-24 12:08:13,749 INFO  impl.RaftServerImpl (RaftServerImpl.java:start(180)) - 2c37cd26-857b-48ba-bf51-53d6dc663059: start group-84017FC112C4
2019-08-24 12:08:13,750 INFO  impl.RaftServerImpl (RaftServerImpl.java:setRole(171)) - 2c37cd26-857b-48ba-bf51-53d6dc663059:group-84017FC112C4 changes role from null to FOLLOWER at term 0 for startAsFollower
2019-08-24 12:08:13,750 INFO  impl.RoleInfo (RoleInfo.java:updateAndGet(143)) - 2c37cd26-857b-48ba-bf51-53d6dc663059: start FollowerState
2019-08-24 12:08:13,750 INFO  util.JmxRegister (JmxRegister.java:tryRegister(44)) - Successfully registered JMX Bean with object name Ratis:service=RaftServer,group=group-84017FC112C4,id=2c37cd26-857b-48ba-bf51-53d6dc663059
2019-08-24 12:08:13,753 INFO  pipeline.PipelineStateManager (PipelineStateManager.java:addPipeline(56)) - Created pipeline Pipeline[ Id: 28697e4d-660b-47c4-923c-84017fc112c4, Nodes: 2c37cd26-857b-48ba-bf51-53d6dc663059{ip: 192.168.69.124, host: pr-hdds-2029-g5rx4-259851958, networkLocation: /default-rack, certSerialId: null}, Type:RATIS, Factor:ONE, State:OPEN]
2019-08-24 12:08:13,769 INFO  impl.RaftServerProxy (RaftServerProxy.java:addNew(89)) - 2c37cd26-857b-48ba-bf51-53d6dc663059: addNew group-C00A8178B9B1:[ac24382e-f3ea-4dac-af42-de8bfd054530:192.168.69.124:46547, 2c37cd26-857b-48ba-bf51-53d6dc663059:192.168.69.124:32981, 64ac8f20-39ba-4880-986e-8ea4baeefec1:192.168.69.124:39759] returns group-C00A8178B9B1:java.util.concurrent.CompletableFuture@5eb39b05[Not completed]
2019-08-24 12:08:13,769 INFO  impl.RaftServerProxy (RaftServerProxy.java:addNew(89)) - 64ac8f20-39ba-4880-986e-8ea4baeefec1: addNew group-C00A8178B9B1:[ac24382e-f3ea-4dac-af42-de8bfd054530:192.168.69.124:46547, 2c37cd26-857b-48ba-bf51-53d6dc663059:192.168.69.124:32981, 64ac8f20-39ba-4880-986e-8ea4baeefec1:192.168.69.124:39759] returns group-C00A8178B9B1:java.util.concurrent.CompletableFuture@6b005c68[Not completed]
2019-08-24 12:08:13,769 INFO  impl.RaftServerProxy (RaftServerProxy.java:addNew(89)) - ac24382e-f3ea-4dac-af42-de8bfd054530: addNew group-C00A8178B9B1:[ac24382e-f3ea-4dac-af42-de8bfd054530:192.168.69.124:46547, 2c37cd26-857b-48ba-bf51-53d6dc663059:192.168.69.124:32981, 64ac8f20-39ba-4880-986e-8ea4baeefec1:192.168.69.124:39759] returns group-C00A8178B9B1:java.util.concurrent.CompletableFuture@1421da30[Not completed]
2019-08-24 12:08:13,771 INFO  impl.RaftServerImpl (RaftServerImpl.java:<init>(93)) - 64ac8f20-39ba-4880-986e-8ea4baeefec1: new RaftServerImpl for group-C00A8178B9B1:[ac24382e-f3ea-4dac-af42-de8bfd054530:192.168.69.124:46547, 2c37cd26-857b-48ba-bf51-53d6dc663059:192.168.69.124:32981, 64ac8f20-39ba-4880-986e-8ea4baeefec1:192.168.69.124:39759] with ContainerStateMachine:uninitialized
2019-08-24 12:08:13,772 INFO  server.RaftServerConfigKeys (ConfUtils.java:logGet(43)) - raft.server.rpc.timeout.min = 5s (custom)
2019-08-24 12:08:13,772 INFO  impl.RaftServerImpl (RaftServerImpl.java:<init>(93)) - ac24382e-f3ea-4dac-af42-de8bfd054530: new RaftServerImpl for group-C00A8178B9B1:[ac24382e-f3ea-4dac-af42-de8bfd054530:192.168.69.124:46547, 2c37cd26-857b-48ba-bf51-53d6dc663059:192.168.69.124:32981, 64ac8f20-39ba-4880-986e-8ea4baeefec1:192.168.69.124:39759] with ContainerStateMachine:uninitialized
2019-08-24 12:08:13,772 INFO  server.RaftServerConfigKeys (ConfUtils.java:logGet(43)) - raft.server.rpc.timeout.max = 5200ms (custom)
2019-08-24 12:08:13,772 INFO  server.RaftServerConfigKeys (ConfUtils.java:logGet(43)) - raft.server.rpc.timeout.min = 5s (custom)
2019-08-24 12:08:13,772 INFO  server.RaftServerConfigKeys (ConfUtils.java:logGet(43)) - raft.server.rpcslowness.timeout = 120s (custom)
2019-08-24 12:08:13,772 INFO  server.RaftServerConfigKeys (ConfUtils.java:logGet(43)) - raft.server.rpc.timeout.max = 5200ms (custom)
2019-08-24 12:08:13,773 INFO  server.RaftServerConfigKeys (ConfUtils.java:logGet(43)) - raft.server.sleep.deviation.threshold = 300 (default)
2019-08-24 12:08:13,773 INFO  impl.RaftServerImpl (RaftServerImpl.java:<init>(93)) - 2c37cd26-857b-48ba-bf51-53d6dc663059: new RaftServerImpl for group-C00A8178B9B1:[ac24382e-f3ea-4dac-af42-de8bfd054530:192.168.69.124:46547, 2c37cd26-857b-48ba-bf51-53d6dc663059:192.168.69.124:32981, 64ac8f20-39ba-4880-986e-8ea4baeefec1:192.168.69.124:39759] with ContainerStateMachine:uninitialized
2019-08-24 12:08:13,773 INFO  server.RaftServerConfigKeys (ConfUtils.java:logGet(43)) - raft.server.log.appender.install.snapshot.enabled = false (custom)
2019-08-24 12:08:13,773 INFO  server.RaftServerConfigKeys (ConfUtils.java:logGet(43)) - raft.server.rpcslowness.timeout = 120s (custom)
2019-08-24 12:08:13,773 INFO  impl.RaftServerImpl (ServerState.java:<init>(105)) - 64ac8f20-39ba-4880-986e-8ea4baeefec1:group-C00A8178B9B1 ConfigurationManager, init=-1: [ac24382e-f3ea-4dac-af42-de8bfd054530:192.168.69.124:46547, 2c37cd26-857b-48ba-bf51-53d6dc663059:192.168.69.124:32981, 64ac8f20-39ba-4880-986e-8ea4baeefec1:192.168.69.124:39759], old=null, confs=<EMPTY_MAP>
2019-08-24 12:08:13,773 INFO  server.RaftServerConfigKeys (ConfUtils.java:logGet(43)) - raft.server.rpc.timeout.min = 5s (custom)
2019-08-24 12:08:13,774 INFO  server.RaftServerConfigKeys (ConfUtils.java:logGet(43)) - raft.server.storage.dir = [/workdir/hadoop-ozone/integration-test/target/test-dir/MiniOzoneClusterImpl-51fda694-2cca-4d9a-be93-0e760f3df14d/datanode-4/data/ratis] (custom)
2019-08-24 12:08:13,773 INFO  server.RaftServerConfigKeys (ConfUtils.java:logGet(43)) - raft.server.sleep.deviation.threshold = 300 (default)
2019-08-24 12:08:13,774 INFO  server.RaftServerConfigKeys (ConfUtils.java:logGet(43)) - raft.server.rpc.timeout.max = 5200ms (custom)
2019-08-24 12:08:13,774 INFO  server.RaftServerConfigKeys (ConfUtils.java:logGet(43)) - raft.server.log.appender.install.snapshot.enabled = false (custom)
2019-08-24 12:08:13,774 INFO  storage.RaftStorageDirectory (RaftStorageDirectory.java:analyzeStorage(246)) - The storage directory /workdir/hadoop-ozone/integration-test/target/test-dir/MiniOzoneClusterImpl-51fda694-2cca-4d9a-be93-0e760f3df14d/datanode-4/data/ratis/443e94db-40ac-44ab-8f96-c00a8178b9b1 does not exist. Creating ...
2019-08-24 12:08:13,774 INFO  server.RaftServerConfigKeys (ConfUtils.java:logGet(43)) - raft.server.rpcslowness.timeout = 120s (custom)
2019-08-24 12:08:13,774 INFO  impl.RaftServerImpl (ServerState.java:<init>(105)) - ac24382e-f3ea-4dac-af42-de8bfd054530:group-C00A8178B9B1 ConfigurationManager, init=-1: [ac24382e-f3ea-4dac-af42-de8bfd054530:192.168.69.124:46547, 2c37cd26-857b-48ba-bf51-53d6dc663059:192.168.69.124:32981, 64ac8f20-39ba-4880-986e-8ea4baeefec1:192.168.69.124:39759], old=null, confs=<EMPTY_MAP>
2019-08-24 12:08:13,775 INFO  server.RaftServerConfigKeys (ConfUtils.java:logGet(43)) - raft.server.sleep.deviation.threshold = 300 (default)
2019-08-24 12:08:13,775 INFO  server.RaftServerConfigKeys (ConfUtils.java:logGet(43)) - raft.server.storage.dir = [/workdir/hadoop-ozone/integration-test/target/test-dir/MiniOzoneClusterImpl-51fda694-2cca-4d9a-be93-0e760f3df14d/datanode-3/data/ratis] (custom)
2019-08-24 12:08:13,775 INFO  server.RaftServerConfigKeys (ConfUtils.java:logGet(43)) - raft.server.log.appender.install.snapshot.enabled = false (custom)
2019-08-24 12:08:13,775 INFO  impl.RaftServerImpl (ServerState.java:<init>(105)) - 2c37cd26-857b-48ba-bf51-53d6dc663059:group-C00A8178B9B1 ConfigurationManager, init=-1: [ac24382e-f3ea-4dac-af42-de8bfd054530:192.168.69.124:46547, 2c37cd26-857b-48ba-bf51-53d6dc663059:192.168.69.124:32981, 64ac8f20-39ba-4880-986e-8ea4baeefec1:192.168.69.124:39759], old=null, confs=<EMPTY_MAP>
2019-08-24 12:08:13,775 INFO  storage.RaftStorageDirectory (RaftStorageDirectory.java:analyzeStorage(246)) - The storage directory /workdir/hadoop-ozone/integration-test/target/test-dir/MiniOzoneClusterImpl-51fda694-2cca-4d9a-be93-0e760f3df14d/datanode-3/data/ratis/443e94db-40ac-44ab-8f96-c00a8178b9b1 does not exist. Creating ...
2019-08-24 12:08:13,775 INFO  server.RaftServerConfigKeys (ConfUtils.java:logGet(43)) - raft.server.storage.dir = [/workdir/hadoop-ozone/integration-test/target/test-dir/MiniOzoneClusterImpl-51fda694-2cca-4d9a-be93-0e760f3df14d/datanode-5/data/ratis] (custom)
2019-08-24 12:08:13,776 INFO  storage.RaftStorageDirectory (RaftStorageDirectory.java:analyzeStorage(246)) - The storage directory /workdir/hadoop-ozone/integration-test/target/test-dir/MiniOzoneClusterImpl-51fda694-2cca-4d9a-be93-0e760f3df14d/datanode-5/data/ratis/443e94db-40ac-44ab-8f96-c00a8178b9b1 does not exist. Creating ...
2019-08-24 12:08:13,788 INFO  storage.RaftStorageDirectory (RaftStorageDirectory.java:tryLock(328)) - Lock on /workdir/hadoop-ozone/integration-test/target/test-dir/MiniOzoneClusterImpl-51fda694-2cca-4d9a-be93-0e760f3df14d/datanode-3/data/ratis/443e94db-40ac-44ab-8f96-c00a8178b9b1/in_use.lock acquired by nodename 30433@pr-hdds-2029-g5rx4-259851958
2019-08-24 12:08:13,788 INFO  storage.RaftStorageDirectory (RaftStorageDirectory.java:tryLock(328)) - Lock on /workdir/hadoop-ozone/integration-test/target/test-dir/MiniOzoneClusterImpl-51fda694-2cca-4d9a-be93-0e760f3df14d/datanode-5/data/ratis/443e94db-40ac-44ab-8f96-c00a8178b9b1/in_use.lock acquired by nodename 30433@pr-hdds-2029-g5rx4-259851958
2019-08-24 12:08:13,788 INFO  storage.RaftStorageDirectory (RaftStorageDirectory.java:tryLock(328)) - Lock on /workdir/hadoop-ozone/integration-test/target/test-dir/MiniOzoneClusterImpl-51fda694-2cca-4d9a-be93-0e760f3df14d/datanode-4/data/ratis/443e94db-40ac-44ab-8f96-c00a8178b9b1/in_use.lock acquired by nodename 30433@pr-hdds-2029-g5rx4-259851958
2019-08-24 12:08:13,803 INFO  storage.RaftStorage (RaftStorage.java:format(72)) - Storage directory /workdir/hadoop-ozone/integration-test/target/test-dir/MiniOzoneClusterImpl-51fda694-2cca-4d9a-be93-0e760f3df14d/datanode-5/data/ratis/443e94db-40ac-44ab-8f96-c00a8178b9b1 has been successfully formatted.
2019-08-24 12:08:13,803 INFO  storage.RaftStorage (RaftStorage.java:format(72)) - Storage directory /workdir/hadoop-ozone/integration-test/target/test-dir/MiniOzoneClusterImpl-51fda694-2cca-4d9a-be93-0e760f3df14d/datanode-4/data/ratis/443e94db-40ac-44ab-8f96-c00a8178b9b1 has been successfully formatted.
2019-08-24 12:08:13,803 INFO  storage.RaftStorage (RaftStorage.java:format(72)) - Storage directory /workdir/hadoop-ozone/integration-test/target/test-dir/MiniOzoneClusterImpl-51fda694-2cca-4d9a-be93-0e760f3df14d/datanode-3/data/ratis/443e94db-40ac-44ab-8f96-c00a8178b9b1 has been successfully formatted.
2019-08-24 12:08:13,803 INFO  ratis.ContainerStateMachine (ContainerStateMachine.java:loadSnapshot(213)) - group-C00A8178B9B1: The snapshot info is null. Setting the last applied indexto:(t:0, i:~)
2019-08-24 12:08:13,803 INFO  ratis.ContainerStateMachine (ContainerStateMachine.java:loadSnapshot(213)) - group-C00A8178B9B1: The snapshot info is null. Setting the last applied indexto:(t:0, i:~)
2019-08-24 12:08:13,803 INFO  ratis.ContainerStateMachine (ContainerStateMachine.java:loadSnapshot(213)) - group-C00A8178B9B1: The snapshot info is null. Setting the last applied indexto:(t:0, i:~)
2019-08-24 12:08:13,804 INFO  server.RaftServerConfigKeys (ConfUtils.java:logGet(43)) - raft.server.leader.election.timeout = 120s (custom)
2019-08-24 12:08:13,804 INFO  server.RaftServerConfigKeys (ConfUtils.java:logGet(43)) - raft.server.leader.election.timeout = 120s (custom)
2019-08-24 12:08:13,804 INFO  server.RaftServerConfigKeys (ConfUtils.java:logGet(43)) - raft.server.log.use.memory = false (default)
2019-08-24 12:08:13,804 INFO  server.RaftServerConfigKeys (ConfUtils.java:logGet(43)) - raft.server.leader.election.timeout = 120s (custom)
2019-08-24 12:08:13,804 INFO  server.RaftServerConfigKeys (ConfUtils.java:logGet(43)) - raft.server.log.purge.gap = 1000000000 (custom)
2019-08-24 12:08:13,804 INFO  server.RaftServerConfigKeys (ConfUtils.java:logGet(43)) - raft.server.log.use.memory = false (default)
2019-08-24 12:08:13,804 INFO  server.RaftServerConfigKeys (ConfUtils.java:logGet(43)) - raft.server.log.appender.buffer.byte-limit = 33554432 (custom)
2019-08-24 12:08:13,804 INFO  server.RaftServerConfigKeys (ConfUtils.java:logGet(43)) - raft.server.log.use.memory = false (default)
2019-08-24 12:08:13,805 INFO  server.RaftServerConfigKeys (ConfUtils.java:logGet(43)) - raft.server.log.segment.size.max = 1048576 (custom)
2019-08-24 12:08:13,805 INFO  server.RaftServerConfigKeys (ConfUtils.java:logGet(43)) - raft.server.log.purge.gap = 1000000000 (custom)
2019-08-24 12:08:13,805 INFO  server.RaftServerConfigKeys (ConfUtils.java:logGet(43)) - raft.server.log.segment.cache.num.max = 2 (custom)
2019-08-24 12:08:13,805 INFO  server.RaftServerConfigKeys (ConfUtils.java:logGet(43)) - raft.server.log.purge.gap = 1000000000 (custom)
2019-08-24 12:08:13,805 INFO  segmented.SegmentedRaftLogWorker (SegmentedRaftLogWorker.java:<init>(172)) - new ac24382e-f3ea-4dac-af42-de8bfd054530-SegmentedRaftLogWorker:Storage Directory /workdir/hadoop-ozone/integration-test/target/test-dir/MiniOzoneClusterImpl-51fda694-2cca-4d9a-be93-0e760f3df14d/datanode-3/data/ratis/443e94db-40ac-44ab-8f96-c00a8178b9b1 for RaftStorage:Storage Directory /workdir/hadoop-ozone/integration-test/target/test-dir/MiniOzoneClusterImpl-51fda694-2cca-4d9a-be93-0e760f3df14d/datanode-3/data/ratis/443e94db-40ac-44ab-8f96-c00a8178b9b1
2019-08-24 12:08:13,805 INFO  server.RaftServerConfigKeys (ConfUtils.java:logGet(43)) - raft.server.log.appender.buffer.byte-limit = 33554432 (custom)
2019-08-24 12:08:13,806 INFO  server.RaftServerConfigKeys (ConfUtils.java:logGet(43)) - raft.server.log.queue.byte-limit = 2147483647 (custom)
2019-08-24 12:08:13,805 INFO  server.RaftServerConfigKeys (ConfUtils.java:logGet(43)) - raft.server.log.appender.buffer.byte-limit = 33554432 (custom)
2019-08-24 12:08:13,806 INFO  server.RaftServerConfigKeys (ConfUtils.java:logGet(43)) - raft.server.log.queue.element-limit = 1024 (custom)
2019-08-24 12:08:13,806 INFO  server.RaftServerConfigKeys (ConfUtils.java:logGet(43)) - raft.server.log.segment.size.max = 1048576 (custom)
2019-08-24 12:08:13,806 INFO  server.RaftServerConfigKeys (ConfUtils.java:logGet(43)) - raft.server.log.segment.size.max = 1048576 (custom)
2019-08-24 12:08:13,806 INFO  server.RaftServerConfigKeys (ConfUtils.java:logGet(43)) - raft.server.log.segment.size.max = 1048576 (custom)
2019-08-24 12:08:13,807 INFO  server.RaftServerConfigKeys (ConfUtils.java:logGet(43)) - raft.server.log.preallocated.size = 16384 (custom)
2019-08-24 12:08:13,807 INFO  server.RaftServerConfigKeys (ConfUtils.java:logGet(43)) - raft.server.log.write.buffer.size = 33554432 (custom)
2019-08-24 12:08:13,806 INFO  server.RaftServerConfigKeys (ConfUtils.java:logGet(43)) - raft.server.log.segment.cache.num.max = 2 (custom)
2019-08-24 12:08:13,807 INFO  server.RaftServerConfigKeys (ConfUtils.java:logGet(43)) - raft.server.log.force.sync.num = 128 (default)
2019-08-24 12:08:13,807 INFO  server.RaftServerConfigKeys (ConfUtils.java:logGet(43)) - raft.server.log.statemachine.data.sync = true (default)
2019-08-24 12:08:13,807 INFO  server.RaftServerConfigKeys (ConfUtils.java:logGet(43)) - raft.server.log.segment.cache.num.max = 2 (custom)
2019-08-24 12:08:13,808 INFO  server.RaftServerConfigKeys (ConfUtils.java:logGet(43)) - raft.server.log.statemachine.data.sync.timeout = 10s (default)
2019-08-24 12:08:13,807 INFO  segmented.SegmentedRaftLogWorker (SegmentedRaftLogWorker.java:<init>(172)) - new 2c37cd26-857b-48ba-bf51-53d6dc663059-SegmentedRaftLogWorker:Storage Directory /workdir/hadoop-ozone/integration-test/target/test-dir/MiniOzoneClusterImpl-51fda694-2cca-4d9a-be93-0e760f3df14d/datanode-5/data/ratis/443e94db-40ac-44ab-8f96-c00a8178b9b1 for RaftStorage:Storage Directory /workdir/hadoop-ozone/integration-test/target/test-dir/MiniOzoneClusterImpl-51fda694-2cca-4d9a-be93-0e760f3df14d/datanode-5/data/ratis/443e94db-40ac-44ab-8f96-c00a8178b9b1
2019-08-24 12:08:13,808 INFO  server.RaftServerConfigKeys (ConfUtils.java:logGet(43)) - raft.server.log.statemachine.data.sync.timeout.retry = -1 (default)
2019-08-24 12:08:13,808 INFO  segmented.SegmentedRaftLogWorker (SegmentedRaftLogWorker.java:<init>(172)) - new 64ac8f20-39ba-4880-986e-8ea4baeefec1-SegmentedRaftLogWorker:Storage Directory /workdir/hadoop-ozone/integration-test/target/test-dir/MiniOzoneClusterImpl-51fda694-2cca-4d9a-be93-0e760f3df14d/datanode-4/data/ratis/443e94db-40ac-44ab-8f96-c00a8178b9b1 for RaftStorage:Storage Directory /workdir/hadoop-ozone/integration-test/target/test-dir/MiniOzoneClusterImpl-51fda694-2cca-4d9a-be93-0e760f3df14d/datanode-4/data/ratis/443e94db-40ac-44ab-8f96-c00a8178b9b1
2019-08-24 12:08:13,808 INFO  server.RaftServerConfigKeys (ConfUtils.java:logGet(43)) - raft.server.log.statemachine.data.caching.enabled = true (custom)
2019-08-24 12:08:13,808 INFO  server.RaftServerConfigKeys (ConfUtils.java:logGet(43)) - raft.server.log.queue.byte-limit = 2147483647 (custom)
2019-08-24 12:08:13,808 INFO  server.RaftServerConfigKeys (ConfUtils.java:logGet(43)) - raft.server.log.queue.byte-limit = 2147483647 (custom)
2019-08-24 12:08:13,809 INFO  segmented.SegmentedRaftLogWorker (SegmentedRaftLogWorker.java:lambda$new$0(132)) - ac24382e-f3ea-4dac-af42-de8bfd054530-SegmentedRaftLogWorker:Storage Directory /workdir/hadoop-ozone/integration-test/target/test-dir/MiniOzoneClusterImpl-51fda694-2cca-4d9a-be93-0e760f3df14d/datanode-3/data/ratis/443e94db-40ac-44ab-8f96-c00a8178b9b1: flushIndex: setUnconditionally 0 -> -1
2019-08-24 12:08:13,809 INFO  server.RaftServerConfigKeys (ConfUtils.java:logGet(43)) - raft.server.log.queue.element-limit = 1024 (custom)
2019-08-24 12:08:13,809 INFO  server.RaftServerConfigKeys (ConfUtils.java:logGet(43)) - raft.server.log.queue.element-limit = 1024 (custom)
2019-08-24 12:08:13,809 INFO  server.RaftServerConfigKeys (ConfUtils.java:logGet(43)) - raft.server.snapshot.auto.trigger.enabled = true (custom)
2019-08-24 12:08:13,809 INFO  server.RaftServerConfigKeys (ConfUtils.java:logGet(43)) - raft.server.log.segment.size.max = 1048576 (custom)
2019-08-24 12:08:13,810 INFO  server.RaftServerConfigKeys (ConfUtils.java:logGet(43)) - raft.server.snapshot.auto.trigger.threshold = 10000 (custom)
2019-08-24 12:08:13,809 INFO  server.RaftServerConfigKeys (ConfUtils.java:logGet(43)) - raft.server.log.segment.size.max = 1048576 (custom)
2019-08-24 12:08:13,810 INFO  server.RaftServerConfigKeys (ConfUtils.java:logGet(43)) - raft.server.retrycache.expirytime = 600000ms (custom)
2019-08-24 12:08:13,810 INFO  server.RaftServerConfigKeys (ConfUtils.java:logGet(43)) - raft.server.log.preallocated.size = 16384 (custom)
2019-08-24 12:08:13,810 INFO  impl.RaftServerImpl (RaftServerImpl.java:start(180)) - ac24382e-f3ea-4dac-af42-de8bfd054530: start group-C00A8178B9B1
2019-08-24 12:08:13,810 INFO  server.RaftServerConfigKeys (ConfUtils.java:logGet(43)) - raft.server.log.preallocated.size = 16384 (custom)
2019-08-24 12:08:13,811 INFO  impl.RaftServerImpl (RaftServerImpl.java:setRole(171)) - ac24382e-f3ea-4dac-af42-de8bfd054530:group-C00A8178B9B1 changes role from null to FOLLOWER at term 0 for startAsFollower
2019-08-24 12:08:13,810 INFO  server.RaftServerConfigKeys (ConfUtils.java:logGet(43)) - raft.server.log.write.buffer.size = 33554432 (custom)
2019-08-24 12:08:13,811 INFO  impl.RoleInfo (RoleInfo.java:updateAndGet(143)) - ac24382e-f3ea-4dac-af42-de8bfd054530: start FollowerState
2019-08-24 12:08:13,811 INFO  server.RaftServerConfigKeys (ConfUtils.java:logGet(43)) - raft.server.log.write.buffer.size = 33554432 (custom)
2019-08-24 12:08:13,811 INFO  server.RaftServerConfigKeys (ConfUtils.java:logGet(43)) - raft.server.log.force.sync.num = 128 (default)
2019-08-24 12:08:13,811 INFO  server.RaftServerConfigKeys (ConfUtils.java:logGet(43)) - raft.server.log.force.sync.num = 128 (default)
2019-08-24 12:08:13,811 INFO  server.RaftServerConfigKeys (ConfUtils.java:logGet(43)) - raft.server.log.statemachine.data.sync = true (default)
2019-08-24 12:08:13,811 INFO  util.JmxRegister (JmxRegister.java:tryRegister(44)) - Successfully registered JMX Bean with object name Ratis:service=RaftServer,group=group-C00A8178B9B1,id=ac24382e-f3ea-4dac-af42-de8bfd054530
2019-08-24 12:08:13,812 INFO  server.RaftServerConfigKeys (ConfUtils.java:logGet(43)) - raft.server.log.statemachine.data.sync.timeout = 10s (default)
2019-08-24 12:08:13,812 INFO  server.RaftServerConfigKeys (ConfUtils.java:logGet(43)) - raft.server.log.statemachine.data.sync = true (default)
2019-08-24 12:08:13,812 INFO  server.RaftServerConfigKeys (ConfUtils.java:logGet(43)) - raft.server.log.statemachine.data.sync.timeout.retry = -1 (default)
2019-08-24 12:08:13,812 INFO  server.RaftServerConfigKeys (ConfUtils.java:logGet(43)) - raft.server.log.statemachine.data.sync.timeout = 10s (default)
2019-08-24 12:08:13,813 INFO  server.RaftServerConfigKeys (ConfUtils.java:logGet(43)) - raft.server.log.statemachine.data.caching.enabled = true (custom)
2019-08-24 12:08:13,813 INFO  server.RaftServerConfigKeys (ConfUtils.java:logGet(43)) - raft.server.log.statemachine.data.sync.timeout.retry = -1 (default)
2019-08-24 12:08:13,813 INFO  segmented.SegmentedRaftLogWorker (SegmentedRaftLogWorker.java:lambda$new$0(132)) - 2c37cd26-857b-48ba-bf51-53d6dc663059-SegmentedRaftLogWorker:Storage Directory /workdir/hadoop-ozone/integration-test/target/test-dir/MiniOzoneClusterImpl-51fda694-2cca-4d9a-be93-0e760f3df14d/datanode-5/data/ratis/443e94db-40ac-44ab-8f96-c00a8178b9b1: flushIndex: setUnconditionally 0 -> -1
2019-08-24 12:08:13,813 INFO  server.RaftServerConfigKeys (ConfUtils.java:logGet(43)) - raft.server.log.statemachine.data.caching.enabled = true (custom)
2019-08-24 12:08:13,813 INFO  server.RaftServerConfigKeys (ConfUtils.java:logGet(43)) - raft.server.snapshot.auto.trigger.enabled = true (custom)
2019-08-24 12:08:13,814 INFO  segmented.SegmentedRaftLogWorker (SegmentedRaftLogWorker.java:lambda$new$0(132)) - 64ac8f20-39ba-4880-986e-8ea4baeefec1-SegmentedRaftLogWorker:Storage Directory /workdir/hadoop-ozone/integration-test/target/test-dir/MiniOzoneClusterImpl-51fda694-2cca-4d9a-be93-0e760f3df14d/datanode-4/data/ratis/443e94db-40ac-44ab-8f96-c00a8178b9b1: flushIndex: setUnconditionally 0 -> -1
2019-08-24 12:08:13,814 INFO  server.RaftServerConfigKeys (ConfUtils.java:logGet(43)) - raft.server.snapshot.auto.trigger.threshold = 10000 (custom)
2019-08-24 12:08:13,814 INFO  server.RaftServerConfigKeys (ConfUtils.java:logGet(43)) - raft.server.snapshot.auto.trigger.enabled = true (custom)
2019-08-24 12:08:13,814 INFO  server.RaftServerConfigKeys (ConfUtils.java:logGet(43)) - raft.server.retrycache.expirytime = 600000ms (custom)
2019-08-24 12:08:13,814 INFO  server.RaftServerConfigKeys (ConfUtils.java:logGet(43)) - raft.server.snapshot.auto.trigger.threshold = 10000 (custom)
2019-08-24 12:08:13,814 INFO  impl.RaftServerImpl (RaftServerImpl.java:start(180)) - 2c37cd26-857b-48ba-bf51-53d6dc663059: start group-C00A8178B9B1
2019-08-24 12:08:13,814 INFO  server.RaftServerConfigKeys (ConfUtils.java:logGet(43)) - raft.server.retrycache.expirytime = 600000ms (custom)
2019-08-24 12:08:13,815 INFO  impl.RaftServerImpl (RaftServerImpl.java:setRole(171)) - 2c37cd26-857b-48ba-bf51-53d6dc663059:group-C00A8178B9B1 changes role from null to FOLLOWER at term 0 for startAsFollower
2019-08-24 12:08:13,815 INFO  impl.RaftServerImpl (RaftServerImpl.java:start(180)) - 64ac8f20-39ba-4880-986e-8ea4baeefec1: start group-C00A8178B9B1
2019-08-24 12:08:13,815 INFO  impl.RoleInfo (RoleInfo.java:updateAndGet(143)) - 2c37cd26-857b-48ba-bf51-53d6dc663059: start FollowerState
2019-08-24 12:08:13,815 INFO  impl.RaftServerImpl (RaftServerImpl.java:setRole(171)) - 64ac8f20-39ba-4880-986e-8ea4baeefec1:group-C00A8178B9B1 changes role from null to FOLLOWER at term 0 for startAsFollower
2019-08-24 12:08:13,815 INFO  impl.RoleInfo (RoleInfo.java:updateAndGet(143)) - 64ac8f20-39ba-4880-986e-8ea4baeefec1: start FollowerState
2019-08-24 12:08:13,815 INFO  util.JmxRegister (JmxRegister.java:tryRegister(44)) - Successfully registered JMX Bean with object name Ratis:service=RaftServer,group=group-C00A8178B9B1,id=2c37cd26-857b-48ba-bf51-53d6dc663059
2019-08-24 12:08:13,816 INFO  util.JmxRegister (JmxRegister.java:tryRegister(44)) - Successfully registered JMX Bean with object name Ratis:service=RaftServer,group=group-C00A8178B9B1,id=64ac8f20-39ba-4880-986e-8ea4baeefec1
2019-08-24 12:08:13,819 INFO  pipeline.PipelineStateManager (PipelineStateManager.java:addPipeline(56)) - Created pipeline Pipeline[ Id: 443e94db-40ac-44ab-8f96-c00a8178b9b1, Nodes: ac24382e-f3ea-4dac-af42-de8bfd054530{ip: 192.168.69.124, host: pr-hdds-2029-g5rx4-259851958, networkLocation: /default-rack, certSerialId: null}64ac8f20-39ba-4880-986e-8ea4baeefec1{ip: 192.168.69.124, host: pr-hdds-2029-g5rx4-259851958, networkLocation: /default-rack, certSerialId: null}2c37cd26-857b-48ba-bf51-53d6dc663059{ip: 192.168.69.124, host: pr-hdds-2029-g5rx4-259851958, networkLocation: /default-rack, certSerialId: null}, Type:RATIS, Factor:THREE, State:OPEN]
2019-08-24 12:08:13,906 INFO  net.NetworkTopology (NetworkTopologyImpl.java:add(110)) - Added a new node: /default-rack/60bc2dd8-8884-4522-9cd7-f1a573ff78f6
2019-08-24 12:08:13,907 INFO  node.SCMNodeManager (SCMNodeManager.java:register(273)) - Registered Data node : 60bc2dd8-8884-4522-9cd7-f1a573ff78f6{ip: 192.168.69.124, host: pr-hdds-2029-g5rx4-259851958, networkLocation: /default-rack, certSerialId: null}
2019-08-24 12:08:13,910 INFO  ozone.MiniOzoneClusterImpl (MiniOzoneClusterImpl.java:lambda$waitForClusterToBeReady$0(142)) - Cluster is ready. Got 7 of 7 DN Heartbeats.
2019-08-24 12:08:13,911 | INFO  | SCMAudit | user=jenkins1000 | ip=192.168.69.124 | op=REGISTER {datanodeDetails=60bc2dd8-8884-4522-9cd7-f1a573ff78f6{ip: 192.168.69.124, host: pr-hdds-2029-g5rx4-259851958, networkLocation: /default-rack, certSerialId: null}} | ret=SUCCESS |  
2019-08-24 12:08:13,923 INFO  impl.RaftServerProxy (RaftServerProxy.java:addNew(89)) - 60bc2dd8-8884-4522-9cd7-f1a573ff78f6: addNew group-F4540A945222:[60bc2dd8-8884-4522-9cd7-f1a573ff78f6:192.168.69.124:32779] returns group-F4540A945222:java.util.concurrent.CompletableFuture@3b96f781[Not completed]
2019-08-24 12:08:13,935 INFO  impl.RaftServerImpl (RaftServerImpl.java:<init>(93)) - 60bc2dd8-8884-4522-9cd7-f1a573ff78f6: new RaftServerImpl for group-F4540A945222:[60bc2dd8-8884-4522-9cd7-f1a573ff78f6:192.168.69.124:32779] with ContainerStateMachine:uninitialized
2019-08-24 12:08:13,935 INFO  server.RaftServerConfigKeys (ConfUtils.java:logGet(43)) - raft.server.rpc.timeout.min = 5s (custom)
2019-08-24 12:08:13,935 INFO  server.RaftServerConfigKeys (ConfUtils.java:logGet(43)) - raft.server.rpc.timeout.max = 5200ms (custom)
2019-08-24 12:08:13,935 INFO  server.RaftServerConfigKeys (ConfUtils.java:logGet(43)) - raft.server.rpcslowness.timeout = 120s (custom)
2019-08-24 12:08:13,936 INFO  server.RaftServerConfigKeys (ConfUtils.java:logGet(43)) - raft.server.sleep.deviation.threshold = 300 (default)
2019-08-24 12:08:13,936 INFO  server.RaftServerConfigKeys (ConfUtils.java:logGet(43)) - raft.server.log.appender.install.snapshot.enabled = false (custom)
2019-08-24 12:08:13,939 INFO  impl.RaftServerImpl (ServerState.java:<init>(105)) - 60bc2dd8-8884-4522-9cd7-f1a573ff78f6:group-F4540A945222 ConfigurationManager, init=-1: [60bc2dd8-8884-4522-9cd7-f1a573ff78f6:192.168.69.124:32779], old=null, confs=<EMPTY_MAP>
2019-08-24 12:08:13,939 INFO  server.RaftServerConfigKeys (ConfUtils.java:logGet(43)) - raft.server.storage.dir = [/workdir/hadoop-ozone/integration-test/target/test-dir/MiniOzoneClusterImpl-51fda694-2cca-4d9a-be93-0e760f3df14d/datanode-6/data/ratis] (custom)
2019-08-24 12:08:13,939 INFO  storage.RaftStorageDirectory (RaftStorageDirectory.java:analyzeStorage(246)) - The storage directory /workdir/hadoop-ozone/integration-test/target/test-dir/MiniOzoneClusterImpl-51fda694-2cca-4d9a-be93-0e760f3df14d/datanode-6/data/ratis/c270e05f-1bee-4d2d-8569-f4540a945222 does not exist. Creating ...
2019-08-24 12:08:13,945 INFO  rpc.RpcClient (RpcClient.java:createVolume(288)) - Creating Volume: testblockoutputstreamwithretries, with jenkins1000 as owner.
2019-08-24 12:08:13,948 | INFO  | OMAudit | user=jenkins1000 | ip=127.0.0.1 | op=CREATE_VOLUME {admin=jenkins1000, owner=jenkins1000, volume=testblockoutputstreamwithretries, creationTime=1566648493947, quotaInBytes=1152921504606846976} | ret=SUCCESS |  
2019-08-24 12:08:13,954 INFO  storage.RaftStorageDirectory (RaftStorageDirectory.java:tryLock(328)) - Lock on /workdir/hadoop-ozone/integration-test/target/test-dir/MiniOzoneClusterImpl-51fda694-2cca-4d9a-be93-0e760f3df14d/datanode-6/data/ratis/c270e05f-1bee-4d2d-8569-f4540a945222/in_use.lock acquired by nodename 30433@pr-hdds-2029-g5rx4-259851958
2019-08-24 12:08:13,957 | INFO  | OMAudit | user=jenkins1000 | ip=127.0.0.1 | op=READ_VOLUME {volume=testblockoutputstreamwithretries} | ret=SUCCESS |  
2019-08-24 12:08:13,958 INFO  rpc.RpcClient (RpcClient.java:createBucket(427)) - Creating Bucket: testblockoutputstreamwithretries/testblockoutputstreamwithretries, with Versioning false and Storage Type set to DISK and Encryption set to false 
2019-08-24 12:08:13,962 | INFO  | OMAudit | user=jenkins1000 | ip=127.0.0.1 | op=CREATE_BUCKET {volume=testblockoutputstreamwithretries, bucket=testblockoutputstreamwithretries, acls=[user:jenkins1000:a[ACCESS], group:default:a[ACCESS]], isVersionEnabled=false, storageType=DISK, creationTime=0} | ret=SUCCESS |  
2019-08-24 12:08:13,964 | INFO  | OMAudit | user=jenkins1000 | ip=127.0.0.1 | op=READ_VOLUME {volume=testblockoutputstreamwithretries} | ret=SUCCESS |  
2019-08-24 12:08:13,966 | INFO  | OMAudit | user=jenkins1000 | ip=127.0.0.1 | op=READ_BUCKET {volume=testblockoutputstreamwithretries, bucket=testblockoutputstreamwithretries} | ret=SUCCESS |  
2019-08-24 12:08:13,970 INFO  storage.RaftStorage (RaftStorage.java:format(72)) - Storage directory /workdir/hadoop-ozone/integration-test/target/test-dir/MiniOzoneClusterImpl-51fda694-2cca-4d9a-be93-0e760f3df14d/datanode-6/data/ratis/c270e05f-1bee-4d2d-8569-f4540a945222 has been successfully formatted.
2019-08-24 12:08:13,970 INFO  ratis.ContainerStateMachine (ContainerStateMachine.java:loadSnapshot(213)) - group-F4540A945222: The snapshot info is null. Setting the last applied indexto:(t:0, i:~)
2019-08-24 12:08:13,970 INFO  server.RaftServerConfigKeys (ConfUtils.java:logGet(43)) - raft.server.leader.election.timeout = 120s (custom)
2019-08-24 12:08:13,970 INFO  server.RaftServerConfigKeys (ConfUtils.java:logGet(43)) - raft.server.log.use.memory = false (default)
2019-08-24 12:08:13,971 INFO  server.RaftServerConfigKeys (ConfUtils.java:logGet(43)) - raft.server.log.purge.gap = 1000000000 (custom)
2019-08-24 12:08:13,971 INFO  server.RaftServerConfigKeys (ConfUtils.java:logGet(43)) - raft.server.log.appender.buffer.byte-limit = 33554432 (custom)
2019-08-24 12:08:13,971 INFO  server.RaftServerConfigKeys (ConfUtils.java:logGet(43)) - raft.server.log.segment.size.max = 1048576 (custom)
2019-08-24 12:08:13,971 INFO  server.RaftServerConfigKeys (ConfUtils.java:logGet(43)) - raft.server.log.segment.cache.num.max = 2 (custom)
2019-08-24 12:08:13,971 INFO  segmented.SegmentedRaftLogWorker (SegmentedRaftLogWorker.java:<init>(172)) - new 60bc2dd8-8884-4522-9cd7-f1a573ff78f6-SegmentedRaftLogWorker:Storage Directory /workdir/hadoop-ozone/integration-test/target/test-dir/MiniOzoneClusterImpl-51fda694-2cca-4d9a-be93-0e760f3df14d/datanode-6/data/ratis/c270e05f-1bee-4d2d-8569-f4540a945222 for RaftStorage:Storage Directory /workdir/hadoop-ozone/integration-test/target/test-dir/MiniOzoneClusterImpl-51fda694-2cca-4d9a-be93-0e760f3df14d/datanode-6/data/ratis/c270e05f-1bee-4d2d-8569-f4540a945222
2019-08-24 12:08:13,971 INFO  server.RaftServerConfigKeys (ConfUtils.java:logGet(43)) - raft.server.log.queue.byte-limit = 2147483647 (custom)
2019-08-24 12:08:13,972 INFO  server.RaftServerConfigKeys (ConfUtils.java:logGet(43)) - raft.server.log.queue.element-limit = 1024 (custom)
2019-08-24 12:08:13,972 INFO  server.RaftServerConfigKeys (ConfUtils.java:logGet(43)) - raft.server.log.segment.size.max = 1048576 (custom)
2019-08-24 12:08:13,972 INFO  server.RaftServerConfigKeys (ConfUtils.java:logGet(43)) - raft.server.log.preallocated.size = 16384 (custom)
2019-08-24 12:08:13,972 INFO  server.RaftServerConfigKeys (ConfUtils.java:logGet(43)) - raft.server.log.write.buffer.size = 33554432 (custom)
2019-08-24 12:08:13,972 INFO  server.RaftServerConfigKeys (ConfUtils.java:logGet(43)) - raft.server.log.force.sync.num = 128 (default)
2019-08-24 12:08:13,972 INFO  server.RaftServerConfigKeys (ConfUtils.java:logGet(43)) - raft.server.log.statemachine.data.sync = true (default)
2019-08-24 12:08:13,972 INFO  server.RaftServerConfigKeys (ConfUtils.java:logGet(43)) - raft.server.log.statemachine.data.sync.timeout = 10s (default)
2019-08-24 12:08:13,972 INFO  server.RaftServerConfigKeys (ConfUtils.java:logGet(43)) - raft.server.log.statemachine.data.sync.timeout.retry = -1 (default)
2019-08-24 12:08:13,973 INFO  server.RaftServerConfigKeys (ConfUtils.java:logGet(43)) - raft.server.log.statemachine.data.caching.enabled = true (custom)
2019-08-24 12:08:13,973 INFO  segmented.SegmentedRaftLogWorker (SegmentedRaftLogWorker.java:lambda$new$0(132)) - 60bc2dd8-8884-4522-9cd7-f1a573ff78f6-SegmentedRaftLogWorker:Storage Directory /workdir/hadoop-ozone/integration-test/target/test-dir/MiniOzoneClusterImpl-51fda694-2cca-4d9a-be93-0e760f3df14d/datanode-6/data/ratis/c270e05f-1bee-4d2d-8569-f4540a945222: flushIndex: setUnconditionally 0 -> -1
2019-08-24 12:08:13,973 INFO  server.RaftServerConfigKeys (ConfUtils.java:logGet(43)) - raft.server.snapshot.auto.trigger.enabled = true (custom)
2019-08-24 12:08:13,973 INFO  server.RaftServerConfigKeys (ConfUtils.java:logGet(43)) - raft.server.snapshot.auto.trigger.threshold = 10000 (custom)
2019-08-24 12:08:13,974 INFO  server.RaftServerConfigKeys (ConfUtils.java:logGet(43)) - raft.server.retrycache.expirytime = 600000ms (custom)
2019-08-24 12:08:13,974 INFO  impl.RaftServerImpl (RaftServerImpl.java:start(180)) - 60bc2dd8-8884-4522-9cd7-f1a573ff78f6: start group-F4540A945222
2019-08-24 12:08:13,974 INFO  impl.RaftServerImpl (RaftServerImpl.java:setRole(171)) - 60bc2dd8-8884-4522-9cd7-f1a573ff78f6:group-F4540A945222 changes role from null to FOLLOWER at term 0 for startAsFollower
2019-08-24 12:08:13,974 INFO  impl.RoleInfo (RoleInfo.java:updateAndGet(143)) - 60bc2dd8-8884-4522-9cd7-f1a573ff78f6: start FollowerState
2019-08-24 12:08:13,974 INFO  util.JmxRegister (JmxRegister.java:tryRegister(44)) - Successfully registered JMX Bean with object name Ratis:service=RaftServer,group=group-F4540A945222,id=60bc2dd8-8884-4522-9cd7-f1a573ff78f6
2019-08-24 12:08:13,977 INFO  pipeline.PipelineStateManager (PipelineStateManager.java:addPipeline(56)) - Created pipeline Pipeline[ Id: c270e05f-1bee-4d2d-8569-f4540a945222, Nodes: 60bc2dd8-8884-4522-9cd7-f1a573ff78f6{ip: 192.168.69.124, host: pr-hdds-2029-g5rx4-259851958, networkLocation: /default-rack, certSerialId: null}, Type:RATIS, Factor:ONE, State:OPEN]
2019-08-24 12:08:13,982 | INFO  | SCMAudit | user=jenkins1000 | ip=192.168.69.124 | op=ALLOCATE_BLOCK {owner=11c94c2d-742e-496e-bdc4-f70d8278fc13, size=800, type=RATIS, factor=THREE} | ret=SUCCESS |  
2019-08-24 12:08:13,985 | INFO  | OMAudit | user=jenkins1000 | ip=127.0.0.1 | op=ALLOCATE_KEY {volume=testblockoutputstreamwithretries, bucket=testblockoutputstreamwithretries, key=a1f377d8-98c0-4bf2-b8de-487d5eab6b32, dataSize=3200, replicationType=RATIS, replicationFactor=THREE, keyLocationInfo=null} | ret=SUCCESS |  
2019-08-24 12:08:14,004 INFO  client.GrpcClientProtocolClient (GrpcClientProtocolClient.java:onNext(255)) - client-E0F08DA636C1->ac24382e-f3ea-4dac-af42-de8bfd054530: receive RaftClientReply:client-E0F08DA636C1->ac24382e-f3ea-4dac-af42-de8bfd054530@group-C00A8178B9B1, cid=42, FAILED org.apache.ratis.protocol.NotLeaderException: Server ac24382e-f3ea-4dac-af42-de8bfd054530 is not the leader (null). Request must be sent to leader., logIndex=0, commits[ac24382e-f3ea-4dac-af42-de8bfd054530:c-1]
2019-08-24 12:08:14,374 | INFO  | SCMAudit | user=jenkins1000 | ip=192.168.69.124 | op=SEND_HEARTBEAT {datanodeUUID=e3245855-bf1f-48f0-80ab-9c933646f70d, command=[]} | ret=SUCCESS |  
2019-08-24 12:08:14,573 | INFO  | SCMAudit | user=jenkins1000 | ip=192.168.69.124 | op=SEND_HEARTBEAT {datanodeUUID=2b46a3aa-8182-4071-b625-185ecb7c784d, command=[]} | ret=SUCCESS |  
2019-08-24 12:08:14,774 | INFO  | SCMAudit | user=jenkins1000 | ip=192.168.69.124 | op=SEND_HEARTBEAT {datanodeUUID=b4101fba-fe3d-48ac-bf34-b9a40fb2492f, command=[]} | ret=SUCCESS |  
2019-08-24 12:08:15,009 | INFO  | SCMAudit | user=jenkins1000 | ip=192.168.69.124 | op=SEND_HEARTBEAT {datanodeUUID=ac24382e-f3ea-4dac-af42-de8bfd054530, command=[]} | ret=SUCCESS |  
2019-08-24 12:08:15,035 INFO  client.GrpcClientProtocolClient (GrpcClientProtocolClient.java:onNext(255)) - client-E0F08DA636C1->2c37cd26-857b-48ba-bf51-53d6dc663059: receive RaftClientReply:client-E0F08DA636C1->2c37cd26-857b-48ba-bf51-53d6dc663059@group-C00A8178B9B1, cid=42, FAILED org.apache.ratis.protocol.NotLeaderException: Server 2c37cd26-857b-48ba-bf51-53d6dc663059 is not the leader (null). Request must be sent to leader., logIndex=0, commits[2c37cd26-857b-48ba-bf51-53d6dc663059:c-1]
2019-08-24 12:08:15,374 | INFO  | SCMAudit | user=jenkins1000 | ip=192.168.69.124 | op=SEND_HEARTBEAT {datanodeUUID=e3245855-bf1f-48f0-80ab-9c933646f70d, command=[]} | ret=SUCCESS |  
2019-08-24 12:08:15,388 INFO  container.ReplicationManager (ReplicationManager.java:start(152)) - Starting Replication Monitor Thread.
2019-08-24 12:08:15,393 INFO  container.ReplicationManager (ReplicationManager.java:run(215)) - Replication Monitor Thread took 0 milliseconds for processing 3 containers.
2019-08-24 12:08:15,478 | INFO  | SCMAudit | user=jenkins1000 | ip=192.168.69.124 | op=SEND_HEARTBEAT {datanodeUUID=64ac8f20-39ba-4880-986e-8ea4baeefec1, command=[]} | ret=SUCCESS |  
2019-08-24 12:08:15,573 | INFO  | SCMAudit | user=jenkins1000 | ip=192.168.69.124 | op=SEND_HEARTBEAT {datanodeUUID=2b46a3aa-8182-4071-b625-185ecb7c784d, command=[]} | ret=SUCCESS |  
2019-08-24 12:08:15,696 | INFO  | SCMAudit | user=jenkins1000 | ip=192.168.69.124 | op=SEND_HEARTBEAT {datanodeUUID=2c37cd26-857b-48ba-bf51-53d6dc663059, command=[]} | ret=SUCCESS |  
2019-08-24 12:08:15,775 | INFO  | SCMAudit | user=jenkins1000 | ip=192.168.69.124 | op=SEND_HEARTBEAT {datanodeUUID=b4101fba-fe3d-48ac-bf34-b9a40fb2492f, command=[]} | ret=SUCCESS |  
2019-08-24 12:08:15,905 | INFO  | SCMAudit | user=jenkins1000 | ip=192.168.69.124 | op=SEND_HEARTBEAT {datanodeUUID=60bc2dd8-8884-4522-9cd7-f1a573ff78f6, command=[]} | ret=SUCCESS |  
2019-08-24 12:08:16,010 | INFO  | SCMAudit | user=jenkins1000 | ip=192.168.69.124 | op=SEND_HEARTBEAT {datanodeUUID=ac24382e-f3ea-4dac-af42-de8bfd054530, command=[]} | ret=SUCCESS |  
2019-08-24 12:08:16,056 INFO  client.GrpcClientProtocolClient (GrpcClientProtocolClient.java:onNext(255)) - client-E0F08DA636C1->64ac8f20-39ba-4880-986e-8ea4baeefec1: receive RaftClientReply:client-E0F08DA636C1->64ac8f20-39ba-4880-986e-8ea4baeefec1@group-C00A8178B9B1, cid=42, FAILED org.apache.ratis.protocol.NotLeaderException: Server 64ac8f20-39ba-4880-986e-8ea4baeefec1 is not the leader (null). Request must be sent to leader., logIndex=0, commits[64ac8f20-39ba-4880-986e-8ea4baeefec1:c-1]
2019-08-24 12:08:16,374 | INFO  | SCMAudit | user=jenkins1000 | ip=192.168.69.124 | op=SEND_HEARTBEAT {datanodeUUID=e3245855-bf1f-48f0-80ab-9c933646f70d, command=[]} | ret=SUCCESS |  
2019-08-24 12:08:16,478 | INFO  | SCMAudit | user=jenkins1000 | ip=192.168.69.124 | op=SEND_HEARTBEAT {datanodeUUID=64ac8f20-39ba-4880-986e-8ea4baeefec1, command=[]} | ret=SUCCESS |  
2019-08-24 12:08:16,574 | INFO  | SCMAudit | user=jenkins1000 | ip=192.168.69.124 | op=SEND_HEARTBEAT {datanodeUUID=2b46a3aa-8182-4071-b625-185ecb7c784d, command=[]} | ret=SUCCESS |  
2019-08-24 12:08:16,696 | INFO  | SCMAudit | user=jenkins1000 | ip=192.168.69.124 | op=SEND_HEARTBEAT {datanodeUUID=2c37cd26-857b-48ba-bf51-53d6dc663059, command=[]} | ret=SUCCESS |  
2019-08-24 12:08:16,775 | INFO  | SCMAudit | user=jenkins1000 | ip=192.168.69.124 | op=SEND_HEARTBEAT {datanodeUUID=b4101fba-fe3d-48ac-bf34-b9a40fb2492f, command=[]} | ret=SUCCESS |  
2019-08-24 12:08:16,905 | INFO  | SCMAudit | user=jenkins1000 | ip=192.168.69.124 | op=SEND_HEARTBEAT {datanodeUUID=60bc2dd8-8884-4522-9cd7-f1a573ff78f6, command=[]} | ret=SUCCESS |  
2019-08-24 12:08:17,010 | INFO  | SCMAudit | user=jenkins1000 | ip=192.168.69.124 | op=SEND_HEARTBEAT {datanodeUUID=ac24382e-f3ea-4dac-af42-de8bfd054530, command=[]} | ret=SUCCESS |  
2019-08-24 12:08:17,082 INFO  client.GrpcClientProtocolClient (GrpcClientProtocolClient.java:onNext(255)) - client-E0F08DA636C1->2c37cd26-857b-48ba-bf51-53d6dc663059: receive RaftClientReply:client-E0F08DA636C1->2c37cd26-857b-48ba-bf51-53d6dc663059@group-C00A8178B9B1, cid=42, FAILED org.apache.ratis.protocol.NotLeaderException: Server 2c37cd26-857b-48ba-bf51-53d6dc663059 is not the leader (null). Request must be sent to leader., logIndex=0, commits[2c37cd26-857b-48ba-bf51-53d6dc663059:c-1]
2019-08-24 12:08:17,376 | INFO  | SCMAudit | user=jenkins1000 | ip=192.168.69.124 | op=SEND_HEARTBEAT {datanodeUUID=e3245855-bf1f-48f0-80ab-9c933646f70d, command=[]} | ret=SUCCESS |  
2019-08-24 12:08:17,478 | INFO  | SCMAudit | user=jenkins1000 | ip=192.168.69.124 | op=SEND_HEARTBEAT {datanodeUUID=64ac8f20-39ba-4880-986e-8ea4baeefec1, command=[]} | ret=SUCCESS |  
2019-08-24 12:08:17,513 INFO  impl.FollowerState (FollowerState.java:run(106)) - e3245855-bf1f-48f0-80ab-9c933646f70d:group-F0E75F3153D2 changes to CANDIDATE, lastRpcTime:5074, electionTimeout:5074ms
2019-08-24 12:08:17,514 INFO  impl.RoleInfo (RoleInfo.java:shutdownFollowerState(121)) - e3245855-bf1f-48f0-80ab-9c933646f70d: shutdown FollowerState
2019-08-24 12:08:17,514 INFO  impl.RaftServerImpl (RaftServerImpl.java:setRole(171)) - e3245855-bf1f-48f0-80ab-9c933646f70d:group-F0E75F3153D2 changes role from FOLLOWER to CANDIDATE at term 0 for changeToCandidate
2019-08-24 12:08:17,514 INFO  impl.RoleInfo (RoleInfo.java:updateAndGet(143)) - e3245855-bf1f-48f0-80ab-9c933646f70d: start LeaderElection
2019-08-24 12:08:17,558 INFO  impl.LeaderElection (LeaderElection.java:askForVotes(181)) - e3245855-bf1f-48f0-80ab-9c933646f70d:group-F0E75F3153D2:LeaderElection21: begin an election at term 1 for -1: [e3245855-bf1f-48f0-80ab-9c933646f70d:192.168.69.124:42949], old=null
2019-08-24 12:08:17,559 INFO  impl.RoleInfo (RoleInfo.java:shutdownLeaderElection(134)) - e3245855-bf1f-48f0-80ab-9c933646f70d: shutdown LeaderElection
2019-08-24 12:08:17,559 INFO  impl.RaftServerImpl (RaftServerImpl.java:setRole(171)) - e3245855-bf1f-48f0-80ab-9c933646f70d:group-F0E75F3153D2 changes role from CANDIDATE to LEADER at term 1 for changeToLeader
2019-08-24 12:08:17,559 INFO  impl.RaftServerImpl (ServerState.java:setLeader(263)) - e3245855-bf1f-48f0-80ab-9c933646f70d:group-F0E75F3153D2 change Leader from null to e3245855-bf1f-48f0-80ab-9c933646f70d at term 1 for becomeLeader, leader elected after 5126ms
2019-08-24 12:08:17,562 INFO  server.RaftServerConfigKeys (ConfUtils.java:logGet(43)) - raft.server.staging.catchup.gap = 1000 (default)
2019-08-24 12:08:17,562 INFO  server.RaftServerConfigKeys (ConfUtils.java:logGet(43)) - raft.server.rpc.sleep.time = 25ms (default)
2019-08-24 12:08:17,562 INFO  server.RaftServerConfigKeys (ConfUtils.java:logGet(43)) - raft.server.write.element-limit = 4096 (default)
2019-08-24 12:08:17,563 INFO  server.RaftServerConfigKeys (ConfUtils.java:logGet(43)) - raft.server.watch.timeout = 10s (default)
2019-08-24 12:08:17,563 INFO  server.RaftServerConfigKeys (ConfUtils.java:logGet(43)) - raft.server.watch.timeout.denomination = 1s (default)
2019-08-24 12:08:17,563 INFO  server.RaftServerConfigKeys (ConfUtils.java:logGet(43)) - raft.server.watch.element-limit = 65536 (default)
2019-08-24 12:08:17,563 INFO  impl.RoleInfo (RoleInfo.java:updateAndGet(143)) - e3245855-bf1f-48f0-80ab-9c933646f70d: start LeaderState
2019-08-24 12:08:17,564 INFO  segmented.SegmentedRaftLogWorker (SegmentedRaftLogWorker.java:startLogSegment(380)) - e3245855-bf1f-48f0-80ab-9c933646f70d-SegmentedRaftLogWorker:Storage Directory /workdir/hadoop-ozone/integration-test/target/test-dir/MiniOzoneClusterImpl-51fda694-2cca-4d9a-be93-0e760f3df14d/datanode-0/data/ratis/65cd69b1-2c62-4998-8c46-f0e75f3153d2: Starting segment from index:0
2019-08-24 12:08:17,565 INFO  impl.RaftServerImpl (ServerState.java:setRaftConf(361)) - e3245855-bf1f-48f0-80ab-9c933646f70d:group-F0E75F3153D2 set configuration 0: [e3245855-bf1f-48f0-80ab-9c933646f70d:192.168.69.124:42949], old=null at 0
2019-08-24 12:08:17,603 | INFO  | SCMAudit | user=jenkins1000 | ip=192.168.69.124 | op=SEND_HEARTBEAT {datanodeUUID=2b46a3aa-8182-4071-b625-185ecb7c784d, command=[]} | ret=SUCCESS |  
2019-08-24 12:08:17,613 INFO  segmented.SegmentedRaftLogWorker (SegmentedRaftLogWorker.java:execute(569)) - e3245855-bf1f-48f0-80ab-9c933646f70d-SegmentedRaftLogWorker:Storage Directory /workdir/hadoop-ozone/integration-test/target/test-dir/MiniOzoneClusterImpl-51fda694-2cca-4d9a-be93-0e760f3df14d/datanode-0/data/ratis/65cd69b1-2c62-4998-8c46-f0e75f3153d2: created new log segment /workdir/hadoop-ozone/integration-test/target/test-dir/MiniOzoneClusterImpl-51fda694-2cca-4d9a-be93-0e760f3df14d/datanode-0/data/ratis/65cd69b1-2c62-4998-8c46-f0e75f3153d2/current/log_inprogress_0
2019-08-24 12:08:17,687 INFO  impl.FollowerState (FollowerState.java:run(106)) - 2b46a3aa-8182-4071-b625-185ecb7c784d:group-320EE2FCC71C changes to CANDIDATE, lastRpcTime:5064, electionTimeout:5064ms
2019-08-24 12:08:17,687 INFO  impl.RoleInfo (RoleInfo.java:shutdownFollowerState(121)) - 2b46a3aa-8182-4071-b625-185ecb7c784d: shutdown FollowerState
2019-08-24 12:08:17,687 INFO  impl.RaftServerImpl (RaftServerImpl.java:setRole(171)) - 2b46a3aa-8182-4071-b625-185ecb7c784d:group-320EE2FCC71C changes role from FOLLOWER to CANDIDATE at term 0 for changeToCandidate
2019-08-24 12:08:17,687 INFO  impl.RoleInfo (RoleInfo.java:updateAndGet(143)) - 2b46a3aa-8182-4071-b625-185ecb7c784d: start LeaderElection
2019-08-24 12:08:17,696 | INFO  | SCMAudit | user=jenkins1000 | ip=192.168.69.124 | op=SEND_HEARTBEAT {datanodeUUID=2c37cd26-857b-48ba-bf51-53d6dc663059, command=[]} | ret=SUCCESS |  
2019-08-24 12:08:17,707 INFO  impl.LeaderElection (LeaderElection.java:askForVotes(181)) - 2b46a3aa-8182-4071-b625-185ecb7c784d:group-320EE2FCC71C:LeaderElection22: begin an election at term 1 for -1: [2b46a3aa-8182-4071-b625-185ecb7c784d:192.168.69.124:42312], old=null
2019-08-24 12:08:17,707 INFO  impl.RoleInfo (RoleInfo.java:shutdownLeaderElection(134)) - 2b46a3aa-8182-4071-b625-185ecb7c784d: shutdown LeaderElection
2019-08-24 12:08:17,707 INFO  impl.RaftServerImpl (RaftServerImpl.java:setRole(171)) - 2b46a3aa-8182-4071-b625-185ecb7c784d:group-320EE2FCC71C changes role from CANDIDATE to LEADER at term 1 for changeToLeader
2019-08-24 12:08:17,707 INFO  impl.RaftServerImpl (ServerState.java:setLeader(263)) - 2b46a3aa-8182-4071-b625-185ecb7c784d:group-320EE2FCC71C change Leader from null to 2b46a3aa-8182-4071-b625-185ecb7c784d at term 1 for becomeLeader, leader elected after 5090ms
2019-08-24 12:08:17,710 INFO  server.RaftServerConfigKeys (ConfUtils.java:logGet(43)) - raft.server.staging.catchup.gap = 1000 (default)
2019-08-24 12:08:17,711 INFO  server.RaftServerConfigKeys (ConfUtils.java:logGet(43)) - raft.server.rpc.sleep.time = 25ms (default)
2019-08-24 12:08:17,711 INFO  server.RaftServerConfigKeys (ConfUtils.java:logGet(43)) - raft.server.write.element-limit = 4096 (default)
2019-08-24 12:08:17,711 INFO  server.RaftServerConfigKeys (ConfUtils.java:logGet(43)) - raft.server.watch.timeout = 10s (default)
2019-08-24 12:08:17,712 INFO  server.RaftServerConfigKeys (ConfUtils.java:logGet(43)) - raft.server.watch.timeout.denomination = 1s (default)
2019-08-24 12:08:17,712 INFO  server.RaftServerConfigKeys (ConfUtils.java:logGet(43)) - raft.server.watch.element-limit = 65536 (default)
2019-08-24 12:08:17,712 INFO  impl.RoleInfo (RoleInfo.java:updateAndGet(143)) - 2b46a3aa-8182-4071-b625-185ecb7c784d: start LeaderState
2019-08-24 12:08:17,713 INFO  segmented.SegmentedRaftLogWorker (SegmentedRaftLogWorker.java:startLogSegment(380)) - 2b46a3aa-8182-4071-b625-185ecb7c784d-SegmentedRaftLogWorker:Storage Directory /workdir/hadoop-ozone/integration-test/target/test-dir/MiniOzoneClusterImpl-51fda694-2cca-4d9a-be93-0e760f3df14d/datanode-1/data/ratis/2c045e2a-1665-48e0-8324-320ee2fcc71c: Starting segment from index:0
2019-08-24 12:08:17,714 INFO  impl.RaftServerImpl (ServerState.java:setRaftConf(361)) - 2b46a3aa-8182-4071-b625-185ecb7c784d:group-320EE2FCC71C set configuration 0: [2b46a3aa-8182-4071-b625-185ecb7c784d:192.168.69.124:42312], old=null at 0
2019-08-24 12:08:17,759 INFO  segmented.SegmentedRaftLogWorker (SegmentedRaftLogWorker.java:execute(569)) - 2b46a3aa-8182-4071-b625-185ecb7c784d-SegmentedRaftLogWorker:Storage Directory /workdir/hadoop-ozone/integration-test/target/test-dir/MiniOzoneClusterImpl-51fda694-2cca-4d9a-be93-0e760f3df14d/datanode-1/data/ratis/2c045e2a-1665-48e0-8324-320ee2fcc71c: created new log segment /workdir/hadoop-ozone/integration-test/target/test-dir/MiniOzoneClusterImpl-51fda694-2cca-4d9a-be93-0e760f3df14d/datanode-1/data/ratis/2c045e2a-1665-48e0-8324-320ee2fcc71c/current/log_inprogress_0
2019-08-24 12:08:17,775 | INFO  | SCMAudit | user=jenkins1000 | ip=192.168.69.124 | op=SEND_HEARTBEAT {datanodeUUID=b4101fba-fe3d-48ac-bf34-b9a40fb2492f, command=[]} | ret=SUCCESS |  
2019-08-24 12:08:17,905 | INFO  | SCMAudit | user=jenkins1000 | ip=192.168.69.124 | op=SEND_HEARTBEAT {datanodeUUID=60bc2dd8-8884-4522-9cd7-f1a573ff78f6, command=[]} | ret=SUCCESS |  
2019-08-24 12:08:17,958 INFO  impl.FollowerState (FollowerState.java:run(106)) - b4101fba-fe3d-48ac-bf34-b9a40fb2492f:group-2467C3DDA778 changes to CANDIDATE, lastRpcTime:5127, electionTimeout:5127ms
2019-08-24 12:08:17,958 INFO  impl.RoleInfo (RoleInfo.java:shutdownFollowerState(121)) - b4101fba-fe3d-48ac-bf34-b9a40fb2492f: shutdown FollowerState
2019-08-24 12:08:17,958 INFO  impl.RaftServerImpl (RaftServerImpl.java:setRole(171)) - b4101fba-fe3d-48ac-bf34-b9a40fb2492f:group-2467C3DDA778 changes role from FOLLOWER to CANDIDATE at term 0 for changeToCandidate
2019-08-24 12:08:17,958 INFO  impl.RoleInfo (RoleInfo.java:updateAndGet(143)) - b4101fba-fe3d-48ac-bf34-b9a40fb2492f: start LeaderElection
2019-08-24 12:08:17,978 INFO  impl.LeaderElection (LeaderElection.java:askForVotes(181)) - b4101fba-fe3d-48ac-bf34-b9a40fb2492f:group-2467C3DDA778:LeaderElection23: begin an election at term 1 for -1: [b4101fba-fe3d-48ac-bf34-b9a40fb2492f:192.168.69.124:33655], old=null
2019-08-24 12:08:17,978 INFO  impl.RoleInfo (RoleInfo.java:shutdownLeaderElection(134)) - b4101fba-fe3d-48ac-bf34-b9a40fb2492f: shutdown LeaderElection
2019-08-24 12:08:17,978 INFO  impl.RaftServerImpl (RaftServerImpl.java:setRole(171)) - b4101fba-fe3d-48ac-bf34-b9a40fb2492f:group-2467C3DDA778 changes role from CANDIDATE to LEADER at term 1 for changeToLeader
2019-08-24 12:08:17,978 INFO  impl.RaftServerImpl (ServerState.java:setLeader(263)) - b4101fba-fe3d-48ac-bf34-b9a40fb2492f:group-2467C3DDA778 change Leader from null to b4101fba-fe3d-48ac-bf34-b9a40fb2492f at term 1 for becomeLeader, leader elected after 5153ms
2019-08-24 12:08:17,981 INFO  server.RaftServerConfigKeys (ConfUtils.java:logGet(43)) - raft.server.staging.catchup.gap = 1000 (default)
2019-08-24 12:08:17,981 INFO  server.RaftServerConfigKeys (ConfUtils.java:logGet(43)) - raft.server.rpc.sleep.time = 25ms (default)
2019-08-24 12:08:17,981 INFO  server.RaftServerConfigKeys (ConfUtils.java:logGet(43)) - raft.server.write.element-limit = 4096 (default)
2019-08-24 12:08:17,982 INFO  server.RaftServerConfigKeys (ConfUtils.java:logGet(43)) - raft.server.watch.timeout = 10s (default)
2019-08-24 12:08:17,982 INFO  server.RaftServerConfigKeys (ConfUtils.java:logGet(43)) - raft.server.watch.timeout.denomination = 1s (default)
2019-08-24 12:08:17,982 INFO  server.RaftServerConfigKeys (ConfUtils.java:logGet(43)) - raft.server.watch.element-limit = 65536 (default)
2019-08-24 12:08:17,982 INFO  impl.RoleInfo (RoleInfo.java:updateAndGet(143)) - b4101fba-fe3d-48ac-bf34-b9a40fb2492f: start LeaderState
2019-08-24 12:08:17,983 INFO  segmented.SegmentedRaftLogWorker (SegmentedRaftLogWorker.java:startLogSegment(380)) - b4101fba-fe3d-48ac-bf34-b9a40fb2492f-SegmentedRaftLogWorker:Storage Directory /workdir/hadoop-ozone/integration-test/target/test-dir/MiniOzoneClusterImpl-51fda694-2cca-4d9a-be93-0e760f3df14d/datanode-2/data/ratis/c17084a3-b3d3-444b-a554-2467c3dda778: Starting segment from index:0
2019-08-24 12:08:17,983 INFO  impl.RaftServerImpl (ServerState.java:setRaftConf(361)) - b4101fba-fe3d-48ac-bf34-b9a40fb2492f:group-2467C3DDA778 set configuration 0: [b4101fba-fe3d-48ac-bf34-b9a40fb2492f:192.168.69.124:33655], old=null at 0
2019-08-24 12:08:18,026 INFO  impl.FollowerState (FollowerState.java:run(106)) - e3245855-bf1f-48f0-80ab-9c933646f70d:group-9F80B3D42C45 changes to CANDIDATE, lastRpcTime:5132, electionTimeout:5111ms
2019-08-24 12:08:18,029 INFO  impl.RoleInfo (RoleInfo.java:shutdownFollowerState(121)) - e3245855-bf1f-48f0-80ab-9c933646f70d: shutdown FollowerState
2019-08-24 12:08:18,029 INFO  impl.RaftServerImpl (RaftServerImpl.java:setRole(171)) - e3245855-bf1f-48f0-80ab-9c933646f70d:group-9F80B3D42C45 changes role from FOLLOWER to CANDIDATE at term 0 for changeToCandidate
2019-08-24 12:08:18,029 INFO  impl.RoleInfo (RoleInfo.java:updateAndGet(143)) - e3245855-bf1f-48f0-80ab-9c933646f70d: start LeaderElection
2019-08-24 12:08:18,043 INFO  segmented.SegmentedRaftLogWorker (SegmentedRaftLogWorker.java:execute(569)) - b4101fba-fe3d-48ac-bf34-b9a40fb2492f-SegmentedRaftLogWorker:Storage Directory /workdir/hadoop-ozone/integration-test/target/test-dir/MiniOzoneClusterImpl-51fda694-2cca-4d9a-be93-0e760f3df14d/datanode-2/data/ratis/c17084a3-b3d3-444b-a554-2467c3dda778: created new log segment /workdir/hadoop-ozone/integration-test/target/test-dir/MiniOzoneClusterImpl-51fda694-2cca-4d9a-be93-0e760f3df14d/datanode-2/data/ratis/c17084a3-b3d3-444b-a554-2467c3dda778/current/log_inprogress_0
2019-08-24 12:08:18,043 | INFO  | SCMAudit | user=jenkins1000 | ip=192.168.69.124 | op=SEND_HEARTBEAT {datanodeUUID=ac24382e-f3ea-4dac-af42-de8bfd054530, command=[]} | ret=SUCCESS |  
2019-08-24 12:08:18,057 INFO  impl.LeaderElection (LeaderElection.java:askForVotes(181)) - e3245855-bf1f-48f0-80ab-9c933646f70d:group-9F80B3D42C45:LeaderElection24: begin an election at term 1 for -1: [e3245855-bf1f-48f0-80ab-9c933646f70d:192.168.69.124:42949, b4101fba-fe3d-48ac-bf34-b9a40fb2492f:192.168.69.124:33655, 2b46a3aa-8182-4071-b625-185ecb7c784d:192.168.69.124:42312], old=null
2019-08-24 12:08:18,064 INFO  impl.RaftServerImpl (RaftServerImpl.java:setRole(171)) - 2b46a3aa-8182-4071-b625-185ecb7c784d:group-9F80B3D42C45 changes role from FOLLOWER to FOLLOWER at term 1 for recognizeCandidate:e3245855-bf1f-48f0-80ab-9c933646f70d
2019-08-24 12:08:18,064 INFO  impl.RaftServerImpl (RaftServerImpl.java:setRole(171)) - b4101fba-fe3d-48ac-bf34-b9a40fb2492f:group-9F80B3D42C45 changes role from FOLLOWER to FOLLOWER at term 1 for recognizeCandidate:e3245855-bf1f-48f0-80ab-9c933646f70d
2019-08-24 12:08:18,064 INFO  impl.RoleInfo (RoleInfo.java:shutdownFollowerState(121)) - 2b46a3aa-8182-4071-b625-185ecb7c784d: shutdown FollowerState
2019-08-24 12:08:18,067 INFO  impl.RoleInfo (RoleInfo.java:shutdownFollowerState(121)) - b4101fba-fe3d-48ac-bf34-b9a40fb2492f: shutdown FollowerState
2019-08-24 12:08:18,068 INFO  impl.FollowerState (FollowerState.java:run(114)) - 2b46a3aa-8182-4071-b625-185ecb7c784d: FollowerState was interrupted: java.lang.InterruptedException: sleep interrupted
2019-08-24 12:08:18,068 INFO  impl.RoleInfo (RoleInfo.java:updateAndGet(143)) - 2b46a3aa-8182-4071-b625-185ecb7c784d: start FollowerState
2019-08-24 12:08:18,068 INFO  impl.RoleInfo (RoleInfo.java:updateAndGet(143)) - b4101fba-fe3d-48ac-bf34-b9a40fb2492f: start FollowerState
2019-08-24 12:08:18,088 INFO  impl.LeaderElection (LeaderElection.java:logAndReturn(56)) - e3245855-bf1f-48f0-80ab-9c933646f70d:group-9F80B3D42C45:LeaderElection24: Election PASSED; received 1 response(s) [e3245855-bf1f-48f0-80ab-9c933646f70d<-2b46a3aa-8182-4071-b625-185ecb7c784d#0:OK-t1] and 0 exception(s); e3245855-bf1f-48f0-80ab-9c933646f70d:t1, leader=null, voted=e3245855-bf1f-48f0-80ab-9c933646f70d, raftlog=e3245855-bf1f-48f0-80ab-9c933646f70d-SegmentedRaftLog:OPENED:c-1,f-1,i0, conf=-1: [e3245855-bf1f-48f0-80ab-9c933646f70d:192.168.69.124:42949, b4101fba-fe3d-48ac-bf34-b9a40fb2492f:192.168.69.124:33655, 2b46a3aa-8182-4071-b625-185ecb7c784d:192.168.69.124:42312], old=null
2019-08-24 12:08:18,088 INFO  impl.RoleInfo (RoleInfo.java:shutdownLeaderElection(134)) - e3245855-bf1f-48f0-80ab-9c933646f70d: shutdown LeaderElection
2019-08-24 12:08:18,088 INFO  impl.RaftServerImpl (RaftServerImpl.java:setRole(171)) - e3245855-bf1f-48f0-80ab-9c933646f70d:group-9F80B3D42C45 changes role from CANDIDATE to LEADER at term 1 for changeToLeader
2019-08-24 12:08:18,088 INFO  impl.RaftServerImpl (ServerState.java:setLeader(263)) - e3245855-bf1f-48f0-80ab-9c933646f70d:group-9F80B3D42C45 change Leader from null to e3245855-bf1f-48f0-80ab-9c933646f70d at term 1 for becomeLeader, leader elected after 5203ms
2019-08-24 12:08:18,088 INFO  server.RaftServerConfigKeys (ConfUtils.java:logGet(43)) - raft.server.staging.catchup.gap = 1000 (default)
2019-08-24 12:08:18,089 INFO  server.RaftServerConfigKeys (ConfUtils.java:logGet(43)) - raft.server.rpc.sleep.time = 25ms (default)
2019-08-24 12:08:18,089 INFO  server.RaftServerConfigKeys (ConfUtils.java:logGet(43)) - raft.server.write.element-limit = 4096 (default)
2019-08-24 12:08:18,089 INFO  server.RaftServerConfigKeys (ConfUtils.java:logGet(43)) - raft.server.watch.timeout = 10s (default)
2019-08-24 12:08:18,089 INFO  server.RaftServerConfigKeys (ConfUtils.java:logGet(43)) - raft.server.watch.timeout.denomination = 1s (default)
2019-08-24 12:08:18,089 INFO  server.RaftServerConfigKeys (ConfUtils.java:logGet(43)) - raft.server.watch.element-limit = 65536 (default)
2019-08-24 12:08:18,090 INFO  server.RaftServerConfigKeys (ConfUtils.java:logGet(43)) - raft.server.log.appender.snapshot.chunk.size.max = 16MB (=16777216) (default)
2019-08-24 12:08:18,090 INFO  server.RaftServerConfigKeys (ConfUtils.java:logGet(43)) - raft.server.log.appender.buffer.byte-limit = 33554432 (custom)
2019-08-24 12:08:18,090 INFO  server.RaftServerConfigKeys (ConfUtils.java:logGet(43)) - raft.server.log.appender.buffer.element-limit = 1 (custom)
2019-08-24 12:08:18,090 INFO  grpc.GrpcConfigKeys$Server (ConfUtils.java:logGet(43)) - raft.grpc.server.leader.outstanding.appends.max = 128 (default)
2019-08-24 12:08:18,091 INFO  server.RaftServerConfigKeys (ConfUtils.java:logGet(43)) - raft.server.rpc.request.timeout = 3000ms (default)
2019-08-24 12:08:18,091 INFO  server.RaftServerConfigKeys (ConfUtils.java:logGet(43)) - raft.server.log.appender.install.snapshot.enabled = false (custom)
2019-08-24 12:08:18,091 INFO  server.RaftServerConfigKeys (ConfUtils.java:logGet(43)) - raft.server.log.appender.snapshot.chunk.size.max = 16MB (=16777216) (default)
2019-08-24 12:08:18,091 INFO  server.RaftServerConfigKeys (ConfUtils.java:logGet(43)) - raft.server.log.appender.buffer.byte-limit = 33554432 (custom)
2019-08-24 12:08:18,091 INFO  server.RaftServerConfigKeys (ConfUtils.java:logGet(43)) - raft.server.log.appender.buffer.element-limit = 1 (custom)
2019-08-24 12:08:18,091 INFO  grpc.GrpcConfigKeys$Server (ConfUtils.java:logGet(43)) - raft.grpc.server.leader.outstanding.appends.max = 128 (default)
2019-08-24 12:08:18,092 INFO  server.RaftServerConfigKeys (ConfUtils.java:logGet(43)) - raft.server.rpc.request.timeout = 3000ms (default)
2019-08-24 12:08:18,092 INFO  server.RaftServerConfigKeys (ConfUtils.java:logGet(43)) - raft.server.log.appender.install.snapshot.enabled = false (custom)
2019-08-24 12:08:18,092 INFO  impl.RoleInfo (RoleInfo.java:updateAndGet(143)) - e3245855-bf1f-48f0-80ab-9c933646f70d: start LeaderState
2019-08-24 12:08:18,092 INFO  segmented.SegmentedRaftLogWorker (SegmentedRaftLogWorker.java:startLogSegment(380)) - e3245855-bf1f-48f0-80ab-9c933646f70d-SegmentedRaftLogWorker:Storage Directory /workdir/hadoop-ozone/integration-test/target/test-dir/MiniOzoneClusterImpl-51fda694-2cca-4d9a-be93-0e760f3df14d/datanode-0/data/ratis/87b5cdf6-4aa6-4611-a7ae-9f80b3d42c45: Starting segment from index:0
2019-08-24 12:08:18,133 INFO  impl.FollowerState (FollowerState.java:run(106)) - ac24382e-f3ea-4dac-af42-de8bfd054530:group-3D0121A34794 changes to CANDIDATE, lastRpcTime:5068, electionTimeout:5066ms
2019-08-24 12:08:18,133 INFO  impl.RaftServerImpl (ServerState.java:setRaftConf(361)) - e3245855-bf1f-48f0-80ab-9c933646f70d:group-9F80B3D42C45 set configuration 0: [e3245855-bf1f-48f0-80ab-9c933646f70d:192.168.69.124:42949, b4101fba-fe3d-48ac-bf34-b9a40fb2492f:192.168.69.124:33655, 2b46a3aa-8182-4071-b625-185ecb7c784d:192.168.69.124:42312], old=null at 0
2019-08-24 12:08:18,133 INFO  impl.RoleInfo (RoleInfo.java:shutdownFollowerState(121)) - ac24382e-f3ea-4dac-af42-de8bfd054530: shutdown FollowerState
2019-08-24 12:08:18,134 INFO  impl.RaftServerImpl (RaftServerImpl.java:setRole(171)) - ac24382e-f3ea-4dac-af42-de8bfd054530:group-3D0121A34794 changes role from FOLLOWER to CANDIDATE at term 0 for changeToCandidate
2019-08-24 12:08:18,137 INFO  impl.RoleInfo (RoleInfo.java:updateAndGet(143)) - ac24382e-f3ea-4dac-af42-de8bfd054530: start LeaderElection
2019-08-24 12:08:18,144 INFO  impl.RaftServerImpl (ServerState.java:setLeader(263)) - b4101fba-fe3d-48ac-bf34-b9a40fb2492f:group-9F80B3D42C45 change Leader from null to e3245855-bf1f-48f0-80ab-9c933646f70d at term 1 for appendEntries, leader elected after 5259ms
2019-08-24 12:08:18,144 INFO  impl.RaftServerImpl (ServerState.java:setLeader(263)) - 2b46a3aa-8182-4071-b625-185ecb7c784d:group-9F80B3D42C45 change Leader from null to e3245855-bf1f-48f0-80ab-9c933646f70d at term 1 for appendEntries, leader elected after 5259ms
2019-08-24 12:08:18,147 INFO  segmented.SegmentedRaftLogWorker (SegmentedRaftLogWorker.java:execute(569)) - e3245855-bf1f-48f0-80ab-9c933646f70d-SegmentedRaftLogWorker:Storage Directory /workdir/hadoop-ozone/integration-test/target/test-dir/MiniOzoneClusterImpl-51fda694-2cca-4d9a-be93-0e760f3df14d/datanode-0/data/ratis/87b5cdf6-4aa6-4611-a7ae-9f80b3d42c45: created new log segment /workdir/hadoop-ozone/integration-test/target/test-dir/MiniOzoneClusterImpl-51fda694-2cca-4d9a-be93-0e760f3df14d/datanode-0/data/ratis/87b5cdf6-4aa6-4611-a7ae-9f80b3d42c45/current/log_inprogress_0
2019-08-24 12:08:18,148 INFO  impl.LeaderElection (LeaderElection.java:askForVotes(181)) - ac24382e-f3ea-4dac-af42-de8bfd054530:group-3D0121A34794:LeaderElection25: begin an election at term 1 for -1: [ac24382e-f3ea-4dac-af42-de8bfd054530:192.168.69.124:46547], old=null
2019-08-24 12:08:18,148 INFO  impl.RoleInfo (RoleInfo.java:shutdownLeaderElection(134)) - ac24382e-f3ea-4dac-af42-de8bfd054530: shutdown LeaderElection
2019-08-24 12:08:18,148 INFO  impl.RaftServerImpl (RaftServerImpl.java:setRole(171)) - ac24382e-f3ea-4dac-af42-de8bfd054530:group-3D0121A34794 changes role from CANDIDATE to LEADER at term 1 for changeToLeader
2019-08-24 12:08:18,148 INFO  impl.RaftServerImpl (ServerState.java:setLeader(263)) - ac24382e-f3ea-4dac-af42-de8bfd054530:group-3D0121A34794 change Leader from null to ac24382e-f3ea-4dac-af42-de8bfd054530 at term 1 for becomeLeader, leader elected after 5089ms
2019-08-24 12:08:18,151 INFO  server.RaftServerConfigKeys (ConfUtils.java:logGet(43)) - raft.server.staging.catchup.gap = 1000 (default)
2019-08-24 12:08:18,151 INFO  server.RaftServerConfigKeys (ConfUtils.java:logGet(43)) - raft.server.rpc.sleep.time = 25ms (default)
2019-08-24 12:08:18,151 INFO  server.RaftServerConfigKeys (ConfUtils.java:logGet(43)) - raft.server.write.element-limit = 4096 (default)
2019-08-24 12:08:18,152 INFO  server.RaftServerConfigKeys (ConfUtils.java:logGet(43)) - raft.server.watch.timeout = 10s (default)
2019-08-24 12:08:18,152 INFO  server.RaftServerConfigKeys (ConfUtils.java:logGet(43)) - raft.server.watch.timeout.denomination = 1s (default)
2019-08-24 12:08:18,154 INFO  server.RaftServerConfigKeys (ConfUtils.java:logGet(43)) - raft.server.watch.element-limit = 65536 (default)
2019-08-24 12:08:18,155 INFO  impl.RoleInfo (RoleInfo.java:updateAndGet(143)) - ac24382e-f3ea-4dac-af42-de8bfd054530: start LeaderState
2019-08-24 12:08:18,157 INFO  impl.RaftServerImpl (ServerState.java:setRaftConf(361)) - b4101fba-fe3d-48ac-bf34-b9a40fb2492f:group-9F80B3D42C45 set configuration 0: [e3245855-bf1f-48f0-80ab-9c933646f70d:192.168.69.124:42949, b4101fba-fe3d-48ac-bf34-b9a40fb2492f:192.168.69.124:33655, 2b46a3aa-8182-4071-b625-185ecb7c784d:192.168.69.124:42312], old=null at 0
2019-08-24 12:08:18,157 INFO  segmented.SegmentedRaftLogWorker (SegmentedRaftLogWorker.java:startLogSegment(380)) - ac24382e-f3ea-4dac-af42-de8bfd054530-SegmentedRaftLogWorker:Storage Directory /workdir/hadoop-ozone/integration-test/target/test-dir/MiniOzoneClusterImpl-51fda694-2cca-4d9a-be93-0e760f3df14d/datanode-3/data/ratis/f638c8d2-1503-43d9-b59e-3d0121a34794: Starting segment from index:0
2019-08-24 12:08:18,160 INFO  segmented.SegmentedRaftLogWorker (SegmentedRaftLogWorker.java:startLogSegment(380)) - b4101fba-fe3d-48ac-bf34-b9a40fb2492f-SegmentedRaftLogWorker:Storage Directory /workdir/hadoop-ozone/integration-test/target/test-dir/MiniOzoneClusterImpl-51fda694-2cca-4d9a-be93-0e760f3df14d/datanode-2/data/ratis/87b5cdf6-4aa6-4611-a7ae-9f80b3d42c45: Starting segment from index:0
2019-08-24 12:08:18,160 INFO  impl.RaftServerImpl (ServerState.java:setRaftConf(361)) - 2b46a3aa-8182-4071-b625-185ecb7c784d:group-9F80B3D42C45 set configuration 0: [e3245855-bf1f-48f0-80ab-9c933646f70d:192.168.69.124:42949, b4101fba-fe3d-48ac-bf34-b9a40fb2492f:192.168.69.124:33655, 2b46a3aa-8182-4071-b625-185ecb7c784d:192.168.69.124:42312], old=null at 0
2019-08-24 12:08:18,160 INFO  impl.RaftServerImpl (ServerState.java:setRaftConf(361)) - ac24382e-f3ea-4dac-af42-de8bfd054530:group-3D0121A34794 set configuration 0: [ac24382e-f3ea-4dac-af42-de8bfd054530:192.168.69.124:46547], old=null at 0
2019-08-24 12:08:18,160 INFO  client.GrpcClientProtocolClient (GrpcClientProtocolClient.java:onNext(255)) - client-E0F08DA636C1->ac24382e-f3ea-4dac-af42-de8bfd054530: receive RaftClientReply:client-E0F08DA636C1->ac24382e-f3ea-4dac-af42-de8bfd054530@group-C00A8178B9B1, cid=42, FAILED org.apache.ratis.protocol.NotLeaderException: Server ac24382e-f3ea-4dac-af42-de8bfd054530 is not the leader (null). Request must be sent to leader., logIndex=0, commits[ac24382e-f3ea-4dac-af42-de8bfd054530:c-1]
2019-08-24 12:08:18,160 INFO  segmented.SegmentedRaftLogWorker (SegmentedRaftLogWorker.java:startLogSegment(380)) - 2b46a3aa-8182-4071-b625-185ecb7c784d-SegmentedRaftLogWorker:Storage Directory /workdir/hadoop-ozone/integration-test/target/test-dir/MiniOzoneClusterImpl-51fda694-2cca-4d9a-be93-0e760f3df14d/datanode-1/data/ratis/87b5cdf6-4aa6-4611-a7ae-9f80b3d42c45: Starting segment from index:0
2019-08-24 12:08:18,247 INFO  segmented.SegmentedRaftLogWorker (SegmentedRaftLogWorker.java:execute(569)) - b4101fba-fe3d-48ac-bf34-b9a40fb2492f-SegmentedRaftLogWorker:Storage Directory /workdir/hadoop-ozone/integration-test/target/test-dir/MiniOzoneClusterImpl-51fda694-2cca-4d9a-be93-0e760f3df14d/datanode-2/data/ratis/87b5cdf6-4aa6-4611-a7ae-9f80b3d42c45: created new log segment /workdir/hadoop-ozone/integration-test/target/test-dir/MiniOzoneClusterImpl-51fda694-2cca-4d9a-be93-0e760f3df14d/datanode-2/data/ratis/87b5cdf6-4aa6-4611-a7ae-9f80b3d42c45/current/log_inprogress_0
2019-08-24 12:08:18,247 INFO  segmented.SegmentedRaftLogWorker (SegmentedRaftLogWorker.java:execute(569)) - ac24382e-f3ea-4dac-af42-de8bfd054530-SegmentedRaftLogWorker:Storage Directory /workdir/hadoop-ozone/integration-test/target/test-dir/MiniOzoneClusterImpl-51fda694-2cca-4d9a-be93-0e760f3df14d/datanode-3/data/ratis/f638c8d2-1503-43d9-b59e-3d0121a34794: created new log segment /workdir/hadoop-ozone/integration-test/target/test-dir/MiniOzoneClusterImpl-51fda694-2cca-4d9a-be93-0e760f3df14d/datanode-3/data/ratis/f638c8d2-1503-43d9-b59e-3d0121a34794/current/log_inprogress_0
2019-08-24 12:08:18,261 INFO  segmented.SegmentedRaftLogWorker (SegmentedRaftLogWorker.java:execute(569)) - 2b46a3aa-8182-4071-b625-185ecb7c784d-SegmentedRaftLogWorker:Storage Directory /workdir/hadoop-ozone/integration-test/target/test-dir/MiniOzoneClusterImpl-51fda694-2cca-4d9a-be93-0e760f3df14d/datanode-1/data/ratis/87b5cdf6-4aa6-4611-a7ae-9f80b3d42c45: created new log segment /workdir/hadoop-ozone/integration-test/target/test-dir/MiniOzoneClusterImpl-51fda694-2cca-4d9a-be93-0e760f3df14d/datanode-1/data/ratis/87b5cdf6-4aa6-4611-a7ae-9f80b3d42c45/current/log_inprogress_0
2019-08-24 12:08:18,374 | INFO  | SCMAudit | user=jenkins1000 | ip=192.168.69.124 | op=SEND_HEARTBEAT {datanodeUUID=e3245855-bf1f-48f0-80ab-9c933646f70d, command=[]} | ret=SUCCESS |  
2019-08-24 12:08:18,478 | INFO  | SCMAudit | user=jenkins1000 | ip=192.168.69.124 | op=SEND_HEARTBEAT {datanodeUUID=64ac8f20-39ba-4880-986e-8ea4baeefec1, command=[]} | ret=SUCCESS |  
2019-08-24 12:08:18,559 INFO  impl.FollowerState (FollowerState.java:run(106)) - 64ac8f20-39ba-4880-986e-8ea4baeefec1:group-22D93678A505 changes to CANDIDATE, lastRpcTime:5025, electionTimeout:5025ms
2019-08-24 12:08:18,559 INFO  impl.RoleInfo (RoleInfo.java:shutdownFollowerState(121)) - 64ac8f20-39ba-4880-986e-8ea4baeefec1: shutdown FollowerState
2019-08-24 12:08:18,559 INFO  impl.RaftServerImpl (RaftServerImpl.java:setRole(171)) - 64ac8f20-39ba-4880-986e-8ea4baeefec1:group-22D93678A505 changes role from FOLLOWER to CANDIDATE at term 0 for changeToCandidate
2019-08-24 12:08:18,559 INFO  impl.RoleInfo (RoleInfo.java:updateAndGet(143)) - 64ac8f20-39ba-4880-986e-8ea4baeefec1: start LeaderElection
2019-08-24 12:08:18,580 INFO  impl.LeaderElection (LeaderElection.java:askForVotes(181)) - 64ac8f20-39ba-4880-986e-8ea4baeefec1:group-22D93678A505:LeaderElection26: begin an election at term 1 for -1: [64ac8f20-39ba-4880-986e-8ea4baeefec1:192.168.69.124:39759], old=null
2019-08-24 12:08:18,580 INFO  impl.RoleInfo (RoleInfo.java:shutdownLeaderElection(134)) - 64ac8f20-39ba-4880-986e-8ea4baeefec1: shutdown LeaderElection
2019-08-24 12:08:18,580 INFO  impl.RaftServerImpl (RaftServerImpl.java:setRole(171)) - 64ac8f20-39ba-4880-986e-8ea4baeefec1:group-22D93678A505 changes role from CANDIDATE to LEADER at term 1 for changeToLeader
2019-08-24 12:08:18,580 INFO  impl.RaftServerImpl (ServerState.java:setLeader(263)) - 64ac8f20-39ba-4880-986e-8ea4baeefec1:group-22D93678A505 change Leader from null to 64ac8f20-39ba-4880-986e-8ea4baeefec1 at term 1 for becomeLeader, leader elected after 5052ms
2019-08-24 12:08:18,583 INFO  server.RaftServerConfigKeys (ConfUtils.java:logGet(43)) - raft.server.staging.catchup.gap = 1000 (default)
2019-08-24 12:08:18,583 INFO  server.RaftServerConfigKeys (ConfUtils.java:logGet(43)) - raft.server.rpc.sleep.time = 25ms (default)
2019-08-24 12:08:18,583 INFO  server.RaftServerConfigKeys (ConfUtils.java:logGet(43)) - raft.server.write.element-limit = 4096 (default)
2019-08-24 12:08:18,584 INFO  server.RaftServerConfigKeys (ConfUtils.java:logGet(43)) - raft.server.watch.timeout = 10s (default)
2019-08-24 12:08:18,584 INFO  server.RaftServerConfigKeys (ConfUtils.java:logGet(43)) - raft.server.watch.timeout.denomination = 1s (default)
2019-08-24 12:08:18,584 INFO  server.RaftServerConfigKeys (ConfUtils.java:logGet(43)) - raft.server.watch.element-limit = 65536 (default)
2019-08-24 12:08:18,584 INFO  impl.RoleInfo (RoleInfo.java:updateAndGet(143)) - 64ac8f20-39ba-4880-986e-8ea4baeefec1: start LeaderState
2019-08-24 12:08:18,584 INFO  segmented.SegmentedRaftLogWorker (SegmentedRaftLogWorker.java:startLogSegment(380)) - 64ac8f20-39ba-4880-986e-8ea4baeefec1-SegmentedRaftLogWorker:Storage Directory /workdir/hadoop-ozone/integration-test/target/test-dir/MiniOzoneClusterImpl-51fda694-2cca-4d9a-be93-0e760f3df14d/datanode-4/data/ratis/5fb4dc96-454f-4cc7-b772-22d93678a505: Starting segment from index:0
2019-08-24 12:08:18,585 INFO  impl.RaftServerImpl (ServerState.java:setRaftConf(361)) - 64ac8f20-39ba-4880-986e-8ea4baeefec1:group-22D93678A505 set configuration 0: [64ac8f20-39ba-4880-986e-8ea4baeefec1:192.168.69.124:39759], old=null at 0
2019-08-24 12:08:18,627 | INFO  | SCMAudit | user=jenkins1000 | ip=192.168.69.124 | op=SEND_HEARTBEAT {datanodeUUID=2b46a3aa-8182-4071-b625-185ecb7c784d, command=[]} | ret=SUCCESS |  
2019-08-24 12:08:18,638 INFO  segmented.SegmentedRaftLogWorker (SegmentedRaftLogWorker.java:execute(569)) - 64ac8f20-39ba-4880-986e-8ea4baeefec1-SegmentedRaftLogWorker:Storage Directory /workdir/hadoop-ozone/integration-test/target/test-dir/MiniOzoneClusterImpl-51fda694-2cca-4d9a-be93-0e760f3df14d/datanode-4/data/ratis/5fb4dc96-454f-4cc7-b772-22d93678a505: created new log segment /workdir/hadoop-ozone/integration-test/target/test-dir/MiniOzoneClusterImpl-51fda694-2cca-4d9a-be93-0e760f3df14d/datanode-4/data/ratis/5fb4dc96-454f-4cc7-b772-22d93678a505/current/log_inprogress_0
2019-08-24 12:08:18,696 | INFO  | SCMAudit | user=jenkins1000 | ip=192.168.69.124 | op=SEND_HEARTBEAT {datanodeUUID=2c37cd26-857b-48ba-bf51-53d6dc663059, command=[]} | ret=SUCCESS |  
2019-08-24 12:08:18,775 | INFO  | SCMAudit | user=jenkins1000 | ip=192.168.69.124 | op=SEND_HEARTBEAT {datanodeUUID=b4101fba-fe3d-48ac-bf34-b9a40fb2492f, command=[]} | ret=SUCCESS |  
2019-08-24 12:08:18,786 INFO  impl.FollowerState (FollowerState.java:run(106)) - 2c37cd26-857b-48ba-bf51-53d6dc663059:group-84017FC112C4 changes to CANDIDATE, lastRpcTime:5036, electionTimeout:5036ms
2019-08-24 12:08:18,787 INFO  impl.RoleInfo (RoleInfo.java:shutdownFollowerState(121)) - 2c37cd26-857b-48ba-bf51-53d6dc663059: shutdown FollowerState
2019-08-24 12:08:18,787 INFO  impl.RaftServerImpl (RaftServerImpl.java:setRole(171)) - 2c37cd26-857b-48ba-bf51-53d6dc663059:group-84017FC112C4 changes role from FOLLOWER to CANDIDATE at term 0 for changeToCandidate
2019-08-24 12:08:18,787 INFO  impl.RoleInfo (RoleInfo.java:updateAndGet(143)) - 2c37cd26-857b-48ba-bf51-53d6dc663059: start LeaderElection
2019-08-24 12:08:18,807 INFO  impl.LeaderElection (LeaderElection.java:askForVotes(181)) - 2c37cd26-857b-48ba-bf51-53d6dc663059:group-84017FC112C4:LeaderElection27: begin an election at term 1 for -1: [2c37cd26-857b-48ba-bf51-53d6dc663059:192.168.69.124:32981], old=null
2019-08-24 12:08:18,808 INFO  impl.RoleInfo (RoleInfo.java:shutdownLeaderElection(134)) - 2c37cd26-857b-48ba-bf51-53d6dc663059: shutdown LeaderElection
2019-08-24 12:08:18,808 INFO  impl.RaftServerImpl (RaftServerImpl.java:setRole(171)) - 2c37cd26-857b-48ba-bf51-53d6dc663059:group-84017FC112C4 changes role from CANDIDATE to LEADER at term 1 for changeToLeader
2019-08-24 12:08:18,808 INFO  impl.RaftServerImpl (ServerState.java:setLeader(263)) - 2c37cd26-857b-48ba-bf51-53d6dc663059:group-84017FC112C4 change Leader from null to 2c37cd26-857b-48ba-bf51-53d6dc663059 at term 1 for becomeLeader, leader elected after 5063ms
2019-08-24 12:08:18,811 INFO  server.RaftServerConfigKeys (ConfUtils.java:logGet(43)) - raft.server.staging.catchup.gap = 1000 (default)
2019-08-24 12:08:18,811 INFO  server.RaftServerConfigKeys (ConfUtils.java:logGet(43)) - raft.server.rpc.sleep.time = 25ms (default)
2019-08-24 12:08:18,811 INFO  server.RaftServerConfigKeys (ConfUtils.java:logGet(43)) - raft.server.write.element-limit = 4096 (default)
2019-08-24 12:08:18,811 INFO  server.RaftServerConfigKeys (ConfUtils.java:logGet(43)) - raft.server.watch.timeout = 10s (default)
2019-08-24 12:08:18,811 INFO  server.RaftServerConfigKeys (ConfUtils.java:logGet(43)) - raft.server.watch.timeout.denomination = 1s (default)
2019-08-24 12:08:18,811 INFO  server.RaftServerConfigKeys (ConfUtils.java:logGet(43)) - raft.server.watch.element-limit = 65536 (default)
2019-08-24 12:08:18,812 INFO  impl.RoleInfo (RoleInfo.java:updateAndGet(143)) - 2c37cd26-857b-48ba-bf51-53d6dc663059: start LeaderState
2019-08-24 12:08:18,812 INFO  segmented.SegmentedRaftLogWorker (SegmentedRaftLogWorker.java:startLogSegment(380)) - 2c37cd26-857b-48ba-bf51-53d6dc663059-SegmentedRaftLogWorker:Storage Directory /workdir/hadoop-ozone/integration-test/target/test-dir/MiniOzoneClusterImpl-51fda694-2cca-4d9a-be93-0e760f3df14d/datanode-5/data/ratis/28697e4d-660b-47c4-923c-84017fc112c4: Starting segment from index:0
2019-08-24 12:08:18,813 INFO  impl.RaftServerImpl (ServerState.java:setRaftConf(361)) - 2c37cd26-857b-48ba-bf51-53d6dc663059:group-84017FC112C4 set configuration 0: [2c37cd26-857b-48ba-bf51-53d6dc663059:192.168.69.124:32981], old=null at 0
2019-08-24 12:08:18,853 INFO  impl.FollowerState (FollowerState.java:run(106)) - 2c37cd26-857b-48ba-bf51-53d6dc663059:group-C00A8178B9B1 changes to CANDIDATE, lastRpcTime:5038, electionTimeout:5037ms
2019-08-24 12:08:18,854 INFO  impl.RoleInfo (RoleInfo.java:shutdownFollowerState(121)) - 2c37cd26-857b-48ba-bf51-53d6dc663059: shutdown FollowerState
2019-08-24 12:08:18,854 INFO  impl.RaftServerImpl (RaftServerImpl.java:setRole(171)) - 2c37cd26-857b-48ba-bf51-53d6dc663059:group-C00A8178B9B1 changes role from FOLLOWER to CANDIDATE at term 0 for changeToCandidate
2019-08-24 12:08:18,854 INFO  impl.RoleInfo (RoleInfo.java:updateAndGet(143)) - 2c37cd26-857b-48ba-bf51-53d6dc663059: start LeaderElection
2019-08-24 12:08:18,867 INFO  segmented.SegmentedRaftLogWorker (SegmentedRaftLogWorker.java:execute(569)) - 2c37cd26-857b-48ba-bf51-53d6dc663059-SegmentedRaftLogWorker:Storage Directory /workdir/hadoop-ozone/integration-test/target/test-dir/MiniOzoneClusterImpl-51fda694-2cca-4d9a-be93-0e760f3df14d/datanode-5/data/ratis/28697e4d-660b-47c4-923c-84017fc112c4: created new log segment /workdir/hadoop-ozone/integration-test/target/test-dir/MiniOzoneClusterImpl-51fda694-2cca-4d9a-be93-0e760f3df14d/datanode-5/data/ratis/28697e4d-660b-47c4-923c-84017fc112c4/current/log_inprogress_0
2019-08-24 12:08:18,867 INFO  impl.LeaderElection (LeaderElection.java:askForVotes(181)) - 2c37cd26-857b-48ba-bf51-53d6dc663059:group-C00A8178B9B1:LeaderElection28: begin an election at term 1 for -1: [ac24382e-f3ea-4dac-af42-de8bfd054530:192.168.69.124:46547, 2c37cd26-857b-48ba-bf51-53d6dc663059:192.168.69.124:32981, 64ac8f20-39ba-4880-986e-8ea4baeefec1:192.168.69.124:39759], old=null
2019-08-24 12:08:18,874 INFO  impl.RaftServerImpl (RaftServerImpl.java:setRole(171)) - ac24382e-f3ea-4dac-af42-de8bfd054530:group-C00A8178B9B1 changes role from FOLLOWER to FOLLOWER at term 1 for recognizeCandidate:2c37cd26-857b-48ba-bf51-53d6dc663059
2019-08-24 12:08:18,874 INFO  impl.RaftServerImpl (RaftServerImpl.java:setRole(171)) - 64ac8f20-39ba-4880-986e-8ea4baeefec1:group-C00A8178B9B1 changes role from FOLLOWER to FOLLOWER at term 1 for recognizeCandidate:2c37cd26-857b-48ba-bf51-53d6dc663059
2019-08-24 12:08:18,874 INFO  impl.RoleInfo (RoleInfo.java:shutdownFollowerState(121)) - ac24382e-f3ea-4dac-af42-de8bfd054530: shutdown FollowerState
2019-08-24 12:08:18,874 INFO  impl.RoleInfo (RoleInfo.java:shutdownFollowerState(121)) - 64ac8f20-39ba-4880-986e-8ea4baeefec1: shutdown FollowerState
2019-08-24 12:08:18,874 INFO  impl.FollowerState (FollowerState.java:run(114)) - ac24382e-f3ea-4dac-af42-de8bfd054530: FollowerState was interrupted: java.lang.InterruptedException: sleep interrupted
2019-08-24 12:08:18,874 INFO  impl.FollowerState (FollowerState.java:run(114)) - 64ac8f20-39ba-4880-986e-8ea4baeefec1: FollowerState was interrupted: java.lang.InterruptedException: sleep interrupted
2019-08-24 12:08:18,874 INFO  impl.RoleInfo (RoleInfo.java:updateAndGet(143)) - ac24382e-f3ea-4dac-af42-de8bfd054530: start FollowerState
2019-08-24 12:08:18,874 INFO  impl.RoleInfo (RoleInfo.java:updateAndGet(143)) - 64ac8f20-39ba-4880-986e-8ea4baeefec1: start FollowerState
2019-08-24 12:08:18,895 INFO  impl.LeaderElection (LeaderElection.java:logAndReturn(56)) - 2c37cd26-857b-48ba-bf51-53d6dc663059:group-C00A8178B9B1:LeaderElection28: Election PASSED; received 1 response(s) [2c37cd26-857b-48ba-bf51-53d6dc663059<-ac24382e-f3ea-4dac-af42-de8bfd054530#0:OK-t1] and 0 exception(s); 2c37cd26-857b-48ba-bf51-53d6dc663059:t1, leader=null, voted=2c37cd26-857b-48ba-bf51-53d6dc663059, raftlog=2c37cd26-857b-48ba-bf51-53d6dc663059-SegmentedRaftLog:OPENED:c-1,f-1,i0, conf=-1: [ac24382e-f3ea-4dac-af42-de8bfd054530:192.168.69.124:46547, 2c37cd26-857b-48ba-bf51-53d6dc663059:192.168.69.124:32981, 64ac8f20-39ba-4880-986e-8ea4baeefec1:192.168.69.124:39759], old=null
2019-08-24 12:08:18,896 INFO  impl.RoleInfo (RoleInfo.java:shutdownLeaderElection(134)) - 2c37cd26-857b-48ba-bf51-53d6dc663059: shutdown LeaderElection
2019-08-24 12:08:18,896 INFO  impl.RaftServerImpl (RaftServerImpl.java:setRole(171)) - 2c37cd26-857b-48ba-bf51-53d6dc663059:group-C00A8178B9B1 changes role from CANDIDATE to LEADER at term 1 for changeToLeader
2019-08-24 12:08:18,896 INFO  impl.RaftServerImpl (ServerState.java:setLeader(263)) - 2c37cd26-857b-48ba-bf51-53d6dc663059:group-C00A8178B9B1 change Leader from null to 2c37cd26-857b-48ba-bf51-53d6dc663059 at term 1 for becomeLeader, leader elected after 5092ms
2019-08-24 12:08:18,896 INFO  server.RaftServerConfigKeys (ConfUtils.java:logGet(43)) - raft.server.staging.catchup.gap = 1000 (default)
2019-08-24 12:08:18,896 INFO  server.RaftServerConfigKeys (ConfUtils.java:logGet(43)) - raft.server.rpc.sleep.time = 25ms (default)
2019-08-24 12:08:18,897 INFO  server.RaftServerConfigKeys (ConfUtils.java:logGet(43)) - raft.server.write.element-limit = 4096 (default)
2019-08-24 12:08:18,897 INFO  server.RaftServerConfigKeys (ConfUtils.java:logGet(43)) - raft.server.watch.timeout = 10s (default)
2019-08-24 12:08:18,897 INFO  server.RaftServerConfigKeys (ConfUtils.java:logGet(43)) - raft.server.watch.timeout.denomination = 1s (default)
2019-08-24 12:08:18,897 INFO  server.RaftServerConfigKeys (ConfUtils.java:logGet(43)) - raft.server.watch.element-limit = 65536 (default)
2019-08-24 12:08:18,897 INFO  server.RaftServerConfigKeys (ConfUtils.java:logGet(43)) - raft.server.log.appender.snapshot.chunk.size.max = 16MB (=16777216) (default)
2019-08-24 12:08:18,898 INFO  server.RaftServerConfigKeys (ConfUtils.java:logGet(43)) - raft.server.log.appender.buffer.byte-limit = 33554432 (custom)
2019-08-24 12:08:18,898 INFO  server.RaftServerConfigKeys (ConfUtils.java:logGet(43)) - raft.server.log.appender.buffer.element-limit = 1 (custom)
2019-08-24 12:08:18,898 INFO  grpc.GrpcConfigKeys$Server (ConfUtils.java:logGet(43)) - raft.grpc.server.leader.outstanding.appends.max = 128 (default)
2019-08-24 12:08:18,898 INFO  server.RaftServerConfigKeys (ConfUtils.java:logGet(43)) - raft.server.rpc.request.timeout = 3000ms (default)
2019-08-24 12:08:18,899 INFO  server.RaftServerConfigKeys (ConfUtils.java:logGet(43)) - raft.server.log.appender.install.snapshot.enabled = false (custom)
2019-08-24 12:08:18,899 INFO  server.RaftServerConfigKeys (ConfUtils.java:logGet(43)) - raft.server.log.appender.snapshot.chunk.size.max = 16MB (=16777216) (default)
2019-08-24 12:08:18,899 INFO  server.RaftServerConfigKeys (ConfUtils.java:logGet(43)) - raft.server.log.appender.buffer.byte-limit = 33554432 (custom)
2019-08-24 12:08:18,899 INFO  server.RaftServerConfigKeys (ConfUtils.java:logGet(43)) - raft.server.log.appender.buffer.element-limit = 1 (custom)
2019-08-24 12:08:18,900 INFO  grpc.GrpcConfigKeys$Server (ConfUtils.java:logGet(43)) - raft.grpc.server.leader.outstanding.appends.max = 128 (default)
2019-08-24 12:08:18,900 INFO  server.RaftServerConfigKeys (ConfUtils.java:logGet(43)) - raft.server.rpc.request.timeout = 3000ms (default)
2019-08-24 12:08:18,900 INFO  server.RaftServerConfigKeys (ConfUtils.java:logGet(43)) - raft.server.log.appender.install.snapshot.enabled = false (custom)
2019-08-24 12:08:18,900 INFO  impl.RoleInfo (RoleInfo.java:updateAndGet(143)) - 2c37cd26-857b-48ba-bf51-53d6dc663059: start LeaderState
2019-08-24 12:08:18,901 INFO  segmented.SegmentedRaftLogWorker (SegmentedRaftLogWorker.java:startLogSegment(380)) - 2c37cd26-857b-48ba-bf51-53d6dc663059-SegmentedRaftLogWorker:Storage Directory /workdir/hadoop-ozone/integration-test/target/test-dir/MiniOzoneClusterImpl-51fda694-2cca-4d9a-be93-0e760f3df14d/datanode-5/data/ratis/443e94db-40ac-44ab-8f96-c00a8178b9b1: Starting segment from index:0
2019-08-24 12:08:18,902 INFO  impl.RaftServerImpl (ServerState.java:setRaftConf(361)) - 2c37cd26-857b-48ba-bf51-53d6dc663059:group-C00A8178B9B1 set configuration 0: [ac24382e-f3ea-4dac-af42-de8bfd054530:192.168.69.124:46547, 2c37cd26-857b-48ba-bf51-53d6dc663059:192.168.69.124:32981, 64ac8f20-39ba-4880-986e-8ea4baeefec1:192.168.69.124:39759], old=null at 0
2019-08-24 12:08:18,941 INFO  impl.RaftServerImpl (ServerState.java:setLeader(263)) - ac24382e-f3ea-4dac-af42-de8bfd054530:group-C00A8178B9B1 change Leader from null to 2c37cd26-857b-48ba-bf51-53d6dc663059 at term 1 for appendEntries, leader elected after 5137ms
2019-08-24 12:08:18,944 INFO  impl.RaftServerImpl (ServerState.java:setLeader(263)) - 64ac8f20-39ba-4880-986e-8ea4baeefec1:group-C00A8178B9B1 change Leader from null to 2c37cd26-857b-48ba-bf51-53d6dc663059 at term 1 for appendEntries, leader elected after 5140ms
2019-08-24 12:08:18,945 | INFO  | SCMAudit | user=jenkins1000 | ip=192.168.69.124 | op=SEND_HEARTBEAT {datanodeUUID=60bc2dd8-8884-4522-9cd7-f1a573ff78f6, command=[]} | ret=SUCCESS |  
2019-08-24 12:08:18,947 INFO  impl.RaftServerImpl (ServerState.java:setRaftConf(361)) - ac24382e-f3ea-4dac-af42-de8bfd054530:group-C00A8178B9B1 set configuration 0: [ac24382e-f3ea-4dac-af42-de8bfd054530:192.168.69.124:46547, 2c37cd26-857b-48ba-bf51-53d6dc663059:192.168.69.124:32981, 64ac8f20-39ba-4880-986e-8ea4baeefec1:192.168.69.124:39759], old=null at 0
2019-08-24 12:08:18,947 INFO  segmented.SegmentedRaftLogWorker (SegmentedRaftLogWorker.java:startLogSegment(380)) - ac24382e-f3ea-4dac-af42-de8bfd054530-SegmentedRaftLogWorker:Storage Directory /workdir/hadoop-ozone/integration-test/target/test-dir/MiniOzoneClusterImpl-51fda694-2cca-4d9a-be93-0e760f3df14d/datanode-3/data/ratis/443e94db-40ac-44ab-8f96-c00a8178b9b1: Starting segment from index:0
2019-08-24 12:08:18,948 INFO  impl.RaftServerImpl (ServerState.java:setRaftConf(361)) - 64ac8f20-39ba-4880-986e-8ea4baeefec1:group-C00A8178B9B1 set configuration 0: [ac24382e-f3ea-4dac-af42-de8bfd054530:192.168.69.124:46547, 2c37cd26-857b-48ba-bf51-53d6dc663059:192.168.69.124:32981, 64ac8f20-39ba-4880-986e-8ea4baeefec1:192.168.69.124:39759], old=null at 0
2019-08-24 12:08:18,948 INFO  segmented.SegmentedRaftLogWorker (SegmentedRaftLogWorker.java:startLogSegment(380)) - 64ac8f20-39ba-4880-986e-8ea4baeefec1-SegmentedRaftLogWorker:Storage Directory /workdir/hadoop-ozone/integration-test/target/test-dir/MiniOzoneClusterImpl-51fda694-2cca-4d9a-be93-0e760f3df14d/datanode-4/data/ratis/443e94db-40ac-44ab-8f96-c00a8178b9b1: Starting segment from index:0
2019-08-24 12:08:18,953 INFO  segmented.SegmentedRaftLogWorker (SegmentedRaftLogWorker.java:execute(569)) - 2c37cd26-857b-48ba-bf51-53d6dc663059-SegmentedRaftLogWorker:Storage Directory /workdir/hadoop-ozone/integration-test/target/test-dir/MiniOzoneClusterImpl-51fda694-2cca-4d9a-be93-0e760f3df14d/datanode-5/data/ratis/443e94db-40ac-44ab-8f96-c00a8178b9b1: created new log segment /workdir/hadoop-ozone/integration-test/target/test-dir/MiniOzoneClusterImpl-51fda694-2cca-4d9a-be93-0e760f3df14d/datanode-5/data/ratis/443e94db-40ac-44ab-8f96-c00a8178b9b1/current/log_inprogress_0
2019-08-24 12:08:18,998 INFO  segmented.SegmentedRaftLogWorker (SegmentedRaftLogWorker.java:execute(569)) - ac24382e-f3ea-4dac-af42-de8bfd054530-SegmentedRaftLogWorker:Storage Directory /workdir/hadoop-ozone/integration-test/target/test-dir/MiniOzoneClusterImpl-51fda694-2cca-4d9a-be93-0e760f3df14d/datanode-3/data/ratis/443e94db-40ac-44ab-8f96-c00a8178b9b1: created new log segment /workdir/hadoop-ozone/integration-test/target/test-dir/MiniOzoneClusterImpl-51fda694-2cca-4d9a-be93-0e760f3df14d/datanode-3/data/ratis/443e94db-40ac-44ab-8f96-c00a8178b9b1/current/log_inprogress_0
2019-08-24 12:08:18,998 INFO  segmented.SegmentedRaftLogWorker (SegmentedRaftLogWorker.java:execute(569)) - 64ac8f20-39ba-4880-986e-8ea4baeefec1-SegmentedRaftLogWorker:Storage Directory /workdir/hadoop-ozone/integration-test/target/test-dir/MiniOzoneClusterImpl-51fda694-2cca-4d9a-be93-0e760f3df14d/datanode-4/data/ratis/443e94db-40ac-44ab-8f96-c00a8178b9b1: created new log segment /workdir/hadoop-ozone/integration-test/target/test-dir/MiniOzoneClusterImpl-51fda694-2cca-4d9a-be93-0e760f3df14d/datanode-4/data/ratis/443e94db-40ac-44ab-8f96-c00a8178b9b1/current/log_inprogress_0
2019-08-24 12:08:19,028 | INFO  | SCMAudit | user=jenkins1000 | ip=192.168.69.124 | op=SEND_HEARTBEAT {datanodeUUID=ac24382e-f3ea-4dac-af42-de8bfd054530, command=[]} | ret=SUCCESS |  
2019-08-24 12:08:19,113 INFO  impl.FollowerState (FollowerState.java:run(106)) - 60bc2dd8-8884-4522-9cd7-f1a573ff78f6:group-F4540A945222 changes to CANDIDATE, lastRpcTime:5138, electionTimeout:5138ms
2019-08-24 12:08:19,113 INFO  impl.RoleInfo (RoleInfo.java:shutdownFollowerState(121)) - 60bc2dd8-8884-4522-9cd7-f1a573ff78f6: shutdown FollowerState
2019-08-24 12:08:19,113 INFO  impl.RaftServerImpl (RaftServerImpl.java:setRole(171)) - 60bc2dd8-8884-4522-9cd7-f1a573ff78f6:group-F4540A945222 changes role from FOLLOWER to CANDIDATE at term 0 for changeToCandidate
2019-08-24 12:08:19,113 INFO  impl.RoleInfo (RoleInfo.java:updateAndGet(143)) - 60bc2dd8-8884-4522-9cd7-f1a573ff78f6: start LeaderElection
2019-08-24 12:08:19,132 INFO  impl.LeaderElection (LeaderElection.java:askForVotes(181)) - 60bc2dd8-8884-4522-9cd7-f1a573ff78f6:group-F4540A945222:LeaderElection29: begin an election at term 1 for -1: [60bc2dd8-8884-4522-9cd7-f1a573ff78f6:192.168.69.124:32779], old=null
2019-08-24 12:08:19,133 INFO  impl.RoleInfo (RoleInfo.java:shutdownLeaderElection(134)) - 60bc2dd8-8884-4522-9cd7-f1a573ff78f6: shutdown LeaderElection
2019-08-24 12:08:19,133 INFO  impl.RaftServerImpl (RaftServerImpl.java:setRole(171)) - 60bc2dd8-8884-4522-9cd7-f1a573ff78f6:group-F4540A945222 changes role from CANDIDATE to LEADER at term 1 for changeToLeader
2019-08-24 12:08:19,133 INFO  impl.RaftServerImpl (ServerState.java:setLeader(263)) - 60bc2dd8-8884-4522-9cd7-f1a573ff78f6:group-F4540A945222 change Leader from null to 60bc2dd8-8884-4522-9cd7-f1a573ff78f6 at term 1 for becomeLeader, leader elected after 5162ms
2019-08-24 12:08:19,144 INFO  server.RaftServerConfigKeys (ConfUtils.java:logGet(43)) - raft.server.staging.catchup.gap = 1000 (default)
2019-08-24 12:08:19,144 INFO  server.RaftServerConfigKeys (ConfUtils.java:logGet(43)) - raft.server.rpc.sleep.time = 25ms (default)
2019-08-24 12:08:19,144 INFO  server.RaftServerConfigKeys (ConfUtils.java:logGet(43)) - raft.server.write.element-limit = 4096 (default)
2019-08-24 12:08:19,144 INFO  server.RaftServerConfigKeys (ConfUtils.java:logGet(43)) - raft.server.watch.timeout = 10s (default)
2019-08-24 12:08:19,145 INFO  server.RaftServerConfigKeys (ConfUtils.java:logGet(43)) - raft.server.watch.timeout.denomination = 1s (default)
2019-08-24 12:08:19,145 INFO  server.RaftServerConfigKeys (ConfUtils.java:logGet(43)) - raft.server.watch.element-limit = 65536 (default)
2019-08-24 12:08:19,145 INFO  impl.RoleInfo (RoleInfo.java:updateAndGet(143)) - 60bc2dd8-8884-4522-9cd7-f1a573ff78f6: start LeaderState
2019-08-24 12:08:19,145 INFO  segmented.SegmentedRaftLogWorker (SegmentedRaftLogWorker.java:startLogSegment(380)) - 60bc2dd8-8884-4522-9cd7-f1a573ff78f6-SegmentedRaftLogWorker:Storage Directory /workdir/hadoop-ozone/integration-test/target/test-dir/MiniOzoneClusterImpl-51fda694-2cca-4d9a-be93-0e760f3df14d/datanode-6/data/ratis/c270e05f-1bee-4d2d-8569-f4540a945222: Starting segment from index:0
2019-08-24 12:08:19,146 INFO  impl.RaftServerImpl (ServerState.java:setRaftConf(361)) - 60bc2dd8-8884-4522-9cd7-f1a573ff78f6:group-F4540A945222 set configuration 0: [60bc2dd8-8884-4522-9cd7-f1a573ff78f6:192.168.69.124:32779], old=null at 0
2019-08-24 12:08:19,199 INFO  segmented.SegmentedRaftLogWorker (SegmentedRaftLogWorker.java:execute(569)) - 60bc2dd8-8884-4522-9cd7-f1a573ff78f6-SegmentedRaftLogWorker:Storage Directory /workdir/hadoop-ozone/integration-test/target/test-dir/MiniOzoneClusterImpl-51fda694-2cca-4d9a-be93-0e760f3df14d/datanode-6/data/ratis/c270e05f-1bee-4d2d-8569-f4540a945222: created new log segment /workdir/hadoop-ozone/integration-test/target/test-dir/MiniOzoneClusterImpl-51fda694-2cca-4d9a-be93-0e760f3df14d/datanode-6/data/ratis/c270e05f-1bee-4d2d-8569-f4540a945222/current/log_inprogress_0
2019-08-24 12:08:19,359 | INFO  | DNAudit | user=null | ip=null | op=CREATE_CONTAINER {containerID=1, containerType=KeyValueContainer} | ret=SUCCESS |  
2019-08-24 12:08:19,368 | INFO  | SCMAudit | user=jenkins1000 | ip=192.168.69.124 | op=SEND_HEARTBEAT {datanodeUUID=2c37cd26-857b-48ba-bf51-53d6dc663059, command=[]} | ret=SUCCESS |  
2019-08-24 12:08:19,369 INFO  client.GrpcClientProtocolClient (GrpcClientProtocolClient.java:onNext(255)) - client-E0F08DA636C1->2c37cd26-857b-48ba-bf51-53d6dc663059: receive RaftClientReply:client-E0F08DA636C1->2c37cd26-857b-48ba-bf51-53d6dc663059@group-C00A8178B9B1, cid=42, SUCCESS, logIndex=1, commits[2c37cd26-857b-48ba-bf51-53d6dc663059:c2, ac24382e-f3ea-4dac-af42-de8bfd054530:c1, 64ac8f20-39ba-4880-986e-8ea4baeefec1:c1]
2019-08-24 12:08:19,378 | INFO  | SCMAudit | user=jenkins1000 | ip=192.168.69.124 | op=SEND_HEARTBEAT {datanodeUUID=e3245855-bf1f-48f0-80ab-9c933646f70d, command=[]} | ret=SUCCESS |  
2019-08-24 12:08:19,388 | INFO  | DNAudit | user=null | ip=null | op=CREATE_CONTAINER {containerID=1, containerType=KeyValueContainer} | ret=SUCCESS |  
2019-08-24 12:08:19,388 | INFO  | DNAudit | user=null | ip=null | op=CREATE_CONTAINER {containerID=1, containerType=KeyValueContainer} | ret=SUCCESS |  
2019-08-24 12:08:19,389 | INFO  | SCMAudit | user=jenkins1000 | ip=192.168.69.124 | op=SEND_HEARTBEAT {datanodeUUID=64ac8f20-39ba-4880-986e-8ea4baeefec1, command=[]} | ret=SUCCESS |  
2019-08-24 12:08:19,389 | INFO  | SCMAudit | user=jenkins1000 | ip=192.168.69.124 | op=SEND_HEARTBEAT {datanodeUUID=ac24382e-f3ea-4dac-af42-de8bfd054530, command=[]} | ret=SUCCESS |  
2019-08-24 12:08:19,502 | INFO  | DNAudit | user=null | ip=null | op=CREATE_CONTAINER {containerID=2, containerType=KeyValueContainer} | ret=SUCCESS |  
2019-08-24 12:08:19,511 | INFO  | SCMAudit | user=jenkins1000 | ip=192.168.69.124 | op=SEND_HEARTBEAT {datanodeUUID=2c37cd26-857b-48ba-bf51-53d6dc663059, command=[]} | ret=SUCCESS |  
2019-08-24 12:08:19,511 INFO  client.GrpcClientProtocolClient (GrpcClientProtocolClient.java:onNext(255)) - client-E0F08DA636C1->2c37cd26-857b-48ba-bf51-53d6dc663059: receive RaftClientReply:client-E0F08DA636C1->2c37cd26-857b-48ba-bf51-53d6dc663059@group-C00A8178B9B1, cid=43, SUCCESS, logIndex=3, commits[2c37cd26-857b-48ba-bf51-53d6dc663059:c4, ac24382e-f3ea-4dac-af42-de8bfd054530:c3, 64ac8f20-39ba-4880-986e-8ea4baeefec1:c3]
2019-08-24 12:08:19,528 | INFO  | DNAudit | user=null | ip=null | op=CREATE_CONTAINER {containerID=2, containerType=KeyValueContainer} | ret=SUCCESS |  
2019-08-24 12:08:19,528 | INFO  | DNAudit | user=null | ip=null | op=CREATE_CONTAINER {containerID=2, containerType=KeyValueContainer} | ret=SUCCESS |  
2019-08-24 12:08:19,532 | INFO  | SCMAudit | user=jenkins1000 | ip=192.168.69.124 | op=SEND_HEARTBEAT {datanodeUUID=64ac8f20-39ba-4880-986e-8ea4baeefec1, command=[]} | ret=SUCCESS |  
2019-08-24 12:08:19,532 | INFO  | SCMAudit | user=jenkins1000 | ip=192.168.69.124 | op=SEND_HEARTBEAT {datanodeUUID=ac24382e-f3ea-4dac-af42-de8bfd054530, command=[]} | ret=SUCCESS |  
2019-08-24 12:08:19,627 | INFO  | SCMAudit | user=jenkins1000 | ip=192.168.69.124 | op=SEND_HEARTBEAT {datanodeUUID=2b46a3aa-8182-4071-b625-185ecb7c784d, command=[]} | ret=SUCCESS |  
2019-08-24 12:08:19,661 | INFO  | DNAudit | user=null | ip=null | op=CREATE_CONTAINER {containerID=3, containerType=KeyValueContainer} | ret=SUCCESS |  
2019-08-24 12:08:19,663 | INFO  | SCMAudit | user=jenkins1000 | ip=192.168.69.124 | op=SEND_HEARTBEAT {datanodeUUID=2c37cd26-857b-48ba-bf51-53d6dc663059, command=[]} | ret=SUCCESS |  
2019-08-24 12:08:19,663 INFO  client.GrpcClientProtocolClient (GrpcClientProtocolClient.java:onNext(255)) - client-E0F08DA636C1->2c37cd26-857b-48ba-bf51-53d6dc663059: receive RaftClientReply:client-E0F08DA636C1->2c37cd26-857b-48ba-bf51-53d6dc663059@group-C00A8178B9B1, cid=44, SUCCESS, logIndex=5, commits[2c37cd26-857b-48ba-bf51-53d6dc663059:c6, ac24382e-f3ea-4dac-af42-de8bfd054530:c5, 64ac8f20-39ba-4880-986e-8ea4baeefec1:c5]
2019-08-24 12:08:19,695 INFO  client.GrpcClientProtocolClient (GrpcClientProtocolClient.java:onNext(255)) - client-E0F08DA636C1->2c37cd26-857b-48ba-bf51-53d6dc663059: receive RaftClientReply:client-E0F08DA636C1->2c37cd26-857b-48ba-bf51-53d6dc663059@group-C00A8178B9B1, cid=45, FAILED org.apache.ratis.protocol.StateMachineException: java.util.concurrent.CompletionException: java.lang.IllegalArgumentException, logIndex=7, commits[2c37cd26-857b-48ba-bf51-53d6dc663059:c7, ac24382e-f3ea-4dac-af42-de8bfd054530:c6, 64ac8f20-39ba-4880-986e-8ea4baeefec1:c6]
2019-08-24 12:08:19,700 INFO  ozone.MiniOzoneClusterImpl (MiniOzoneClusterImpl.java:shutdown(321)) - Shutting down the Mini Ozone Cluster
2019-08-24 12:08:19,700 | INFO  | SCMAudit | user=null | ip=null | op=GET_SCM_INFO null | ret=SUCCESS |  
2019-08-24 12:08:19,700 INFO  ozone.MiniOzoneClusterImpl (MiniOzoneClusterImpl.java:stop(336)) - Stopping the Mini Ozone Cluster
2019-08-24 12:08:19,700 INFO  ozone.MiniOzoneClusterImpl (MiniOzoneClusterImpl.java:stop(338)) - Stopping the OzoneManager
2019-08-24 12:08:19,701 INFO  ipc.Server (Server.java:stop(3082)) - Stopping server on 43206
2019-08-24 12:08:19,712 | INFO  | DNAudit | user=null | ip=null | op=CREATE_CONTAINER {containerID=3, containerType=KeyValueContainer} | ret=SUCCESS |  
2019-08-24 12:08:19,712 INFO  utils.BackgroundService (BackgroundService.java:shutdown(148)) - Shutting down service KeyDeletingService
2019-08-24 12:08:19,712 | INFO  | DNAudit | user=null | ip=null | op=CREATE_CONTAINER {containerID=3, containerType=KeyValueContainer} | ret=SUCCESS |  
2019-08-24 12:08:19,712 INFO  ipc.Server (Server.java:run(1185)) - Stopping IPC Server listener on 43206
2019-08-24 12:08:19,712 INFO  ipc.Server (Server.java:run(1319)) - Stopping IPC Server Responder
2019-08-24 12:08:19,746 | INFO  | SCMAudit | user=jenkins1000 | ip=192.168.69.124 | op=SEND_HEARTBEAT {datanodeUUID=ac24382e-f3ea-4dac-af42-de8bfd054530, command=[]} | ret=SUCCESS |  
2019-08-24 12:08:19,746 | INFO  | SCMAudit | user=jenkins1000 | ip=192.168.69.124 | op=SEND_HEARTBEAT {datanodeUUID=64ac8f20-39ba-4880-986e-8ea4baeefec1, command=[]} | ret=SUCCESS |  
2019-08-24 12:08:19,749 INFO  handler.ContextHandler (ContextHandler.java:doStop(910)) - Stopped o.e.j.w.WebAppContext@58cda03f{/,null,UNAVAILABLE}{/ozoneManager}
2019-08-24 12:08:19,750 INFO  server.AbstractConnector (AbstractConnector.java:doStop(318)) - Stopped ServerConnector@7757a37f{HTTP/1.1,[http/1.1]}{0.0.0.0:0}
2019-08-24 12:08:19,750 INFO  handler.ContextHandler (ContextHandler.java:doStop(910)) - Stopped o.e.j.s.ServletContextHandler@1f42366{/static,file:///workdir/hadoop-ozone/integration-test/target/test-classes/webapps/static,UNAVAILABLE}
2019-08-24 12:08:19,751 INFO  handler.ContextHandler (ContextHandler.java:doStop(910)) - Stopped o.e.j.s.ServletContextHandler@54bb1194{/logs,file:///workdir/hadoop-ozone/integration-test/target/log,UNAVAILABLE}
2019-08-24 12:08:19,754 INFO  ozone.MiniOzoneClusterImpl (MiniOzoneClusterImpl.java:stop(344)) - Shutting the HddsDatanodes
2019-08-24 12:08:19,755 INFO  datanode.ObjectStoreHandler (ObjectStoreHandler.java:close(155)) - Closing ObjectStoreHandler.
2019-08-24 12:08:19,755 INFO  datanode.ObjectStoreHandler (ObjectStoreHandler.java:close(155)) - Closing ObjectStoreHandler.
2019-08-24 12:08:19,756 INFO  ozone.HddsDatanodeService (HddsDatanodeService.java:stop(451)) - Stopped plug-in org.apache.hadoop.ozone.web.OzoneHddsDatanodeService@2a984952
2019-08-24 12:08:19,756 INFO  ozone.HddsDatanodeService (HddsDatanodeService.java:stop(451)) - Stopped plug-in org.apache.hadoop.ozone.web.OzoneHddsDatanodeService@38667005
2019-08-24 12:08:19,775 | INFO  | SCMAudit | user=jenkins1000 | ip=192.168.69.124 | op=SEND_HEARTBEAT {datanodeUUID=b4101fba-fe3d-48ac-bf34-b9a40fb2492f, command=[]} | ret=SUCCESS |  
2019-08-24 12:08:19,942 | INFO  | SCMAudit | user=jenkins1000 | ip=192.168.69.124 | op=SEND_HEARTBEAT {datanodeUUID=60bc2dd8-8884-4522-9cd7-f1a573ff78f6, command=[]} | ret=SUCCESS |  
2019-08-24 12:08:20,376 | INFO  | SCMAudit | user=jenkins1000 | ip=192.168.69.124 | op=SEND_HEARTBEAT {datanodeUUID=e3245855-bf1f-48f0-80ab-9c933646f70d, command=[]} | ret=SUCCESS |  
2019-08-24 12:08:20,626 INFO  statemachine.DatanodeStateMachine (DatanodeStateMachine.java:lambda$startDaemon$0(350)) - Ozone container server started.
2019-08-24 12:08:20,662 | INFO  | SCMAudit | user=jenkins1000 | ip=192.168.69.124 | op=SEND_HEARTBEAT {datanodeUUID=2c37cd26-857b-48ba-bf51-53d6dc663059, command=[]} | ret=SUCCESS |  
2019-08-24 12:08:20,712 INFO  statemachine.DatanodeStateMachine (DatanodeStateMachine.java:lambda$startDaemon$0(350)) - Ozone container server started.
2019-08-24 12:08:20,713 | INFO  | SCMAudit | user=jenkins1000 | ip=192.168.69.124 | op=SEND_HEARTBEAT {datanodeUUID=ac24382e-f3ea-4dac-af42-de8bfd054530, command=[]} | ret=SUCCESS |  
2019-08-24 12:08:20,774 | INFO  | SCMAudit | user=jenkins1000 | ip=192.168.69.124 | op=SEND_HEARTBEAT {datanodeUUID=b4101fba-fe3d-48ac-bf34-b9a40fb2492f, command=[]} | ret=SUCCESS |  
2019-08-24 12:08:20,942 | INFO  | SCMAudit | user=jenkins1000 | ip=192.168.69.124 | op=SEND_HEARTBEAT {datanodeUUID=60bc2dd8-8884-4522-9cd7-f1a573ff78f6, command=[]} | ret=SUCCESS |  
2019-08-24 12:08:21,376 | INFO  | SCMAudit | user=jenkins1000 | ip=192.168.69.124 | op=SEND_HEARTBEAT {datanodeUUID=e3245855-bf1f-48f0-80ab-9c933646f70d, command=[]} | ret=SUCCESS |  
2019-08-24 12:08:21,662 | INFO  | SCMAudit | user=jenkins1000 | ip=192.168.69.124 | op=SEND_HEARTBEAT {datanodeUUID=2c37cd26-857b-48ba-bf51-53d6dc663059, command=[]} | ret=SUCCESS |  
2019-08-24 12:08:21,713 | INFO  | SCMAudit | user=jenkins1000 | ip=192.168.69.124 | op=SEND_HEARTBEAT {datanodeUUID=ac24382e-f3ea-4dac-af42-de8bfd054530, command=[]} | ret=SUCCESS |  
2019-08-24 12:08:21,774 | INFO  | SCMAudit | user=jenkins1000 | ip=192.168.69.124 | op=SEND_HEARTBEAT {datanodeUUID=b4101fba-fe3d-48ac-bf34-b9a40fb2492f, command=[]} | ret=SUCCESS |  
2019-08-24 12:08:21,943 | INFO  | SCMAudit | user=jenkins1000 | ip=192.168.69.124 | op=SEND_HEARTBEAT {datanodeUUID=60bc2dd8-8884-4522-9cd7-f1a573ff78f6, command=[]} | ret=SUCCESS |  
2019-08-24 12:08:22,376 | INFO  | SCMAudit | user=jenkins1000 | ip=192.168.69.124 | op=SEND_HEARTBEAT {datanodeUUID=e3245855-bf1f-48f0-80ab-9c933646f70d, command=[]} | ret=SUCCESS |  
2019-08-24 12:08:22,662 | INFO  | SCMAudit | user=jenkins1000 | ip=192.168.69.124 | op=SEND_HEARTBEAT {datanodeUUID=2c37cd26-857b-48ba-bf51-53d6dc663059, command=[]} | ret=SUCCESS |  
2019-08-24 12:08:22,714 | INFO  | SCMAudit | user=jenkins1000 | ip=192.168.69.124 | op=SEND_HEARTBEAT {datanodeUUID=ac24382e-f3ea-4dac-af42-de8bfd054530, command=[]} | ret=SUCCESS |  
2019-08-24 12:08:22,775 | INFO  | SCMAudit | user=jenkins1000 | ip=192.168.69.124 | op=SEND_HEARTBEAT {datanodeUUID=b4101fba-fe3d-48ac-bf34-b9a40fb2492f, command=[]} | ret=SUCCESS |  
2019-08-24 12:08:22,944 | INFO  | SCMAudit | user=jenkins1000 | ip=192.168.69.124 | op=SEND_HEARTBEAT {datanodeUUID=60bc2dd8-8884-4522-9cd7-f1a573ff78f6, command=[]} | ret=SUCCESS |  
2019-08-24 12:08:23,376 | INFO  | SCMAudit | user=jenkins1000 | ip=192.168.69.124 | op=SEND_HEARTBEAT {datanodeUUID=e3245855-bf1f-48f0-80ab-9c933646f70d, command=[]} | ret=SUCCESS |  
2019-08-24 12:08:23,663 | INFO  | SCMAudit | user=jenkins1000 | ip=192.168.69.124 | op=SEND_HEARTBEAT {datanodeUUID=2c37cd26-857b-48ba-bf51-53d6dc663059, command=[]} | ret=SUCCESS |  
2019-08-24 12:08:23,713 | INFO  | SCMAudit | user=jenkins1000 | ip=192.168.69.124 | op=SEND_HEARTBEAT {datanodeUUID=ac24382e-f3ea-4dac-af42-de8bfd054530, command=[]} | ret=SUCCESS |  
2019-08-24 12:08:23,776 | INFO  | SCMAudit | user=jenkins1000 | ip=192.168.69.124 | op=SEND_HEARTBEAT {datanodeUUID=b4101fba-fe3d-48ac-bf34-b9a40fb2492f, command=[]} | ret=SUCCESS |  
2019-08-24 12:08:23,944 | INFO  | SCMAudit | user=jenkins1000 | ip=192.168.69.124 | op=SEND_HEARTBEAT {datanodeUUID=60bc2dd8-8884-4522-9cd7-f1a573ff78f6, command=[]} | ret=SUCCESS |  
2019-08-24 12:08:24,375 | INFO  | SCMAudit | user=jenkins1000 | ip=192.168.69.124 | op=SEND_HEARTBEAT {datanodeUUID=e3245855-bf1f-48f0-80ab-9c933646f70d, command=[]} | ret=SUCCESS |  
2019-08-24 12:08:24,663 | INFO  | SCMAudit | user=jenkins1000 | ip=192.168.69.124 | op=SEND_HEARTBEAT {datanodeUUID=2c37cd26-857b-48ba-bf51-53d6dc663059, command=[]} | ret=SUCCESS |  
2019-08-24 12:08:24,713 | INFO  | SCMAudit | user=jenkins1000 | ip=192.168.69.124 | op=SEND_HEARTBEAT {datanodeUUID=ac24382e-f3ea-4dac-af42-de8bfd054530, command=[]} | ret=SUCCESS |  
2019-08-24 12:08:24,757 INFO  ozoneimpl.OzoneContainer (OzoneContainer.java:stop(199)) - Attempting to stop container services.
2019-08-24 12:08:24,757 INFO  ozoneimpl.OzoneContainer (OzoneContainer.java:stop(199)) - Attempting to stop container services.
2019-08-24 12:08:24,758 INFO  impl.RaftServerProxy (RaftServerProxy.java:lambda$close$4(314)) - 64ac8f20-39ba-4880-986e-8ea4baeefec1: close
2019-08-24 12:08:24,758 INFO  impl.RaftServerProxy (RaftServerProxy.java:lambda$close$4(314)) - 2b46a3aa-8182-4071-b625-185ecb7c784d: close
2019-08-24 12:08:24,759 INFO  impl.RaftServerImpl (RaftServerImpl.java:lambda$shutdown$3(245)) - 64ac8f20-39ba-4880-986e-8ea4baeefec1: shutdown group-C00A8178B9B1
2019-08-24 12:08:24,759 INFO  impl.RaftServerImpl (RaftServerImpl.java:lambda$shutdown$3(245)) - 2b46a3aa-8182-4071-b625-185ecb7c784d: shutdown group-320EE2FCC71C
2019-08-24 12:08:24,759 INFO  util.JmxRegister (JmxRegister.java:unregister(73)) - Successfully un-registered JMX Bean with object name Ratis:service=RaftServer,group=group-C00A8178B9B1,id=64ac8f20-39ba-4880-986e-8ea4baeefec1
2019-08-24 12:08:24,760 INFO  util.JmxRegister (JmxRegister.java:unregister(73)) - Successfully un-registered JMX Bean with object name Ratis:service=RaftServer,group=group-320EE2FCC71C,id=2b46a3aa-8182-4071-b625-185ecb7c784d
2019-08-24 12:08:24,760 INFO  impl.RoleInfo (RoleInfo.java:shutdownFollowerState(121)) - 64ac8f20-39ba-4880-986e-8ea4baeefec1: shutdown FollowerState
2019-08-24 12:08:24,760 INFO  impl.RoleInfo (RoleInfo.java:shutdownLeaderState(104)) - 2b46a3aa-8182-4071-b625-185ecb7c784d: shutdown LeaderState
2019-08-24 12:08:24,761 INFO  ratis.ContainerStateMachine (ContainerStateMachine.java:takeSnapshot(262)) - group-C00A8178B9B1: Taking a snapshot at:(t:1, i:6) file /workdir/hadoop-ozone/integration-test/target/test-dir/MiniOzoneClusterImpl-51fda694-2cca-4d9a-be93-0e760f3df14d/datanode-4/data/ratis/443e94db-40ac-44ab-8f96-c00a8178b9b1/sm/snapshot.1_6
2019-08-24 12:08:24,761 INFO  impl.FollowerState (FollowerState.java:run(114)) - 64ac8f20-39ba-4880-986e-8ea4baeefec1: FollowerState was interrupted: java.lang.InterruptedException: sleep interrupted
2019-08-24 12:08:24,761 INFO  impl.StateMachineUpdater (StateMachineUpdater.java:stopAndJoin(115)) - StateMachineUpdater:64ac8f20-39ba-4880-986e-8ea4baeefec1:group-C00A8178B9B1: set stopIndex = 8
2019-08-24 12:08:24,761 INFO  impl.PendingRequests (PendingRequests.java:sendNotLeaderResponses(202)) - 2b46a3aa-8182-4071-b625-185ecb7c784d-PendingRequests: sendNotLeaderResponses
2019-08-24 12:08:24,766 INFO  impl.StateMachineUpdater (StateMachineUpdater.java:stopAndJoin(115)) - StateMachineUpdater:2b46a3aa-8182-4071-b625-185ecb7c784d:group-320EE2FCC71C: set stopIndex = 0
2019-08-24 12:08:24,766 INFO  impl.RaftServerImpl (ServerState.java:close(394)) - 2b46a3aa-8182-4071-b625-185ecb7c784d:group-320EE2FCC71C closes. The last applied log index is 0
2019-08-24 12:08:24,767 INFO  segmented.SegmentedRaftLogWorker (SegmentedRaftLogWorker.java:run(313)) - 2b46a3aa-8182-4071-b625-185ecb7c784d-SegmentedRaftLogWorker:Storage Directory /workdir/hadoop-ozone/integration-test/target/test-dir/MiniOzoneClusterImpl-51fda694-2cca-4d9a-be93-0e760f3df14d/datanode-1/data/ratis/2c045e2a-1665-48e0-8324-320ee2fcc71c was interrupted, exiting. There are 0 tasks remaining in the queue.
2019-08-24 12:08:24,772 INFO  segmented.SegmentedRaftLogWorker (SegmentedRaftLogWorker.java:close(228)) - 2b46a3aa-8182-4071-b625-185ecb7c784d-SegmentedRaftLogWorker:Storage Directory /workdir/hadoop-ozone/integration-test/target/test-dir/MiniOzoneClusterImpl-51fda694-2cca-4d9a-be93-0e760f3df14d/datanode-1/data/ratis/2c045e2a-1665-48e0-8324-320ee2fcc71c close()
2019-08-24 12:08:24,777 INFO  impl.RaftServerImpl (RaftServerImpl.java:lambda$shutdown$3(245)) - 2b46a3aa-8182-4071-b625-185ecb7c784d: shutdown group-9F80B3D42C45
2019-08-24 12:08:24,778 INFO  util.JmxRegister (JmxRegister.java:unregister(73)) - Successfully un-registered JMX Bean with object name Ratis:service=RaftServer,group=group-9F80B3D42C45,id=2b46a3aa-8182-4071-b625-185ecb7c784d
2019-08-24 12:08:24,778 INFO  ratis.ContainerStateMachine (ContainerStateMachine.java:takeSnapshot(273)) - group-C00A8178B9B1: Finished taking a snapshot at:(t:1, i:6) file:/workdir/hadoop-ozone/integration-test/target/test-dir/MiniOzoneClusterImpl-51fda694-2cca-4d9a-be93-0e760f3df14d/datanode-4/data/ratis/443e94db-40ac-44ab-8f96-c00a8178b9b1/sm/snapshot.1_6 time:17
2019-08-24 12:08:24,778 INFO  impl.RoleInfo (RoleInfo.java:shutdownFollowerState(121)) - 2b46a3aa-8182-4071-b625-185ecb7c784d: shutdown FollowerState
2019-08-24 12:08:24,778 INFO  impl.StateMachineUpdater (StateMachineUpdater.java:takeSnapshot(242)) - StateMachineUpdater:64ac8f20-39ba-4880-986e-8ea4baeefec1:group-C00A8178B9B1: Took a snapshot at index 6
2019-08-24 12:08:24,778 INFO  impl.StateMachineUpdater (StateMachineUpdater.java:stopAndJoin(115)) - StateMachineUpdater:2b46a3aa-8182-4071-b625-185ecb7c784d:group-9F80B3D42C45: set stopIndex = 0
2019-08-24 12:08:24,778 | INFO  | SCMAudit | user=jenkins1000 | ip=192.168.69.124 | op=SEND_HEARTBEAT {datanodeUUID=b4101fba-fe3d-48ac-bf34-b9a40fb2492f, command=[]} | ret=SUCCESS |  
2019-08-24 12:08:24,778 INFO  impl.StateMachineUpdater (StateMachineUpdater.java:lambda$new$0(80)) - StateMachineUpdater:64ac8f20-39ba-4880-986e-8ea4baeefec1:group-C00A8178B9B1: snapshotIndex: updateIncreasingly -1 -> 6
2019-08-24 12:08:24,778 INFO  impl.FollowerState (FollowerState.java:run(114)) - 2b46a3aa-8182-4071-b625-185ecb7c784d: FollowerState was interrupted: java.lang.InterruptedException: sleep interrupted
2019-08-24 12:08:24,778 INFO  impl.RaftServerImpl (ServerState.java:close(394)) - 2b46a3aa-8182-4071-b625-185ecb7c784d:group-9F80B3D42C45 closes. The last applied log index is 0
2019-08-24 12:08:24,781 INFO  impl.RaftServerImpl (ServerState.java:close(394)) - 64ac8f20-39ba-4880-986e-8ea4baeefec1:group-C00A8178B9B1 closes. The last applied log index is 8
2019-08-24 12:08:24,781 INFO  segmented.SegmentedRaftLogWorker (SegmentedRaftLogWorker.java:run(313)) - 2b46a3aa-8182-4071-b625-185ecb7c784d-SegmentedRaftLogWorker:Storage Directory /workdir/hadoop-ozone/integration-test/target/test-dir/MiniOzoneClusterImpl-51fda694-2cca-4d9a-be93-0e760f3df14d/datanode-1/data/ratis/87b5cdf6-4aa6-4611-a7ae-9f80b3d42c45 was interrupted, exiting. There are 0 tasks remaining in the queue.
2019-08-24 12:08:24,782 INFO  segmented.SegmentedRaftLogWorker (SegmentedRaftLogWorker.java:run(313)) - 64ac8f20-39ba-4880-986e-8ea4baeefec1-SegmentedRaftLogWorker:Storage Directory /workdir/hadoop-ozone/integration-test/target/test-dir/MiniOzoneClusterImpl-51fda694-2cca-4d9a-be93-0e760f3df14d/datanode-4/data/ratis/443e94db-40ac-44ab-8f96-c00a8178b9b1 was interrupted, exiting. There are 0 tasks remaining in the queue.
2019-08-24 12:08:24,784 INFO  segmented.SegmentedRaftLogWorker (SegmentedRaftLogWorker.java:close(228)) - 2b46a3aa-8182-4071-b625-185ecb7c784d-SegmentedRaftLogWorker:Storage Directory /workdir/hadoop-ozone/integration-test/target/test-dir/MiniOzoneClusterImpl-51fda694-2cca-4d9a-be93-0e760f3df14d/datanode-1/data/ratis/87b5cdf6-4aa6-4611-a7ae-9f80b3d42c45 close()
2019-08-24 12:08:24,791 INFO  server.GrpcService (GrpcService.java:closeImpl(155)) - 2b46a3aa-8182-4071-b625-185ecb7c784d: shutdown server with port 42312 now
2019-08-24 12:08:24,791 INFO  segmented.SegmentedRaftLogWorker (SegmentedRaftLogWorker.java:close(228)) - 64ac8f20-39ba-4880-986e-8ea4baeefec1-SegmentedRaftLogWorker:Storage Directory /workdir/hadoop-ozone/integration-test/target/test-dir/MiniOzoneClusterImpl-51fda694-2cca-4d9a-be93-0e760f3df14d/datanode-4/data/ratis/443e94db-40ac-44ab-8f96-c00a8178b9b1 close()
2019-08-24 12:08:24,796 INFO  impl.RaftServerImpl (RaftServerImpl.java:lambda$shutdown$3(245)) - 64ac8f20-39ba-4880-986e-8ea4baeefec1: shutdown group-22D93678A505
2019-08-24 12:08:24,796 WARN  server.GrpcServerProtocolService (LogUtils.java:warn(134)) - 2b46a3aa-8182-4071-b625-185ecb7c784d: appendEntries onError: org.apache.ratis.thirdparty.io.grpc.StatusRuntimeException: CANCELLED: cancelled before receiving half close
2019-08-24 12:08:24,796 WARN  server.GrpcLogAppender (LogUtils.java:warn(134)) - e3245855-bf1f-48f0-80ab-9c933646f70d->2b46a3aa-8182-4071-b625-185ecb7c784d: Failed appendEntries: org.apache.ratis.thirdparty.io.grpc.StatusRuntimeException: CANCELLED: HTTP/2 error code: CANCEL
Received Rst Stream
2019-08-24 12:08:24,796 INFO  server.GrpcService (GrpcService.java:closeImpl(163)) - 2b46a3aa-8182-4071-b625-185ecb7c784d: shutdown server with port 42312 successfully
2019-08-24 12:08:24,796 INFO  util.JmxRegister (JmxRegister.java:unregister(73)) - Successfully un-registered JMX Bean with object name Ratis:service=RaftServer,group=group-22D93678A505,id=64ac8f20-39ba-4880-986e-8ea4baeefec1
2019-08-24 12:08:24,800 INFO  impl.RoleInfo (RoleInfo.java:shutdownLeaderState(104)) - 64ac8f20-39ba-4880-986e-8ea4baeefec1: shutdown LeaderState
2019-08-24 12:08:24,800 INFO  impl.FollowerInfo (FollowerInfo.java:lambda$new$0(50)) - e3245855-bf1f-48f0-80ab-9c933646f70d->2b46a3aa-8182-4071-b625-185ecb7c784d: nextIndex: updateUnconditionally 1 -> 0
2019-08-24 12:08:24,801 INFO  impl.PendingRequests (PendingRequests.java:sendNotLeaderResponses(202)) - 64ac8f20-39ba-4880-986e-8ea4baeefec1-PendingRequests: sendNotLeaderResponses
2019-08-24 12:08:24,800 INFO  utils.BackgroundService (BackgroundService.java:shutdown(148)) - Shutting down service BlockDeletingService
2019-08-24 12:08:24,801 INFO  impl.StateMachineUpdater (StateMachineUpdater.java:stopAndJoin(115)) - StateMachineUpdater:64ac8f20-39ba-4880-986e-8ea4baeefec1:group-22D93678A505: set stopIndex = 0
2019-08-24 12:08:24,802 INFO  impl.RaftServerImpl (ServerState.java:close(394)) - 64ac8f20-39ba-4880-986e-8ea4baeefec1:group-22D93678A505 closes. The last applied log index is 0
2019-08-24 12:08:24,803 INFO  segmented.SegmentedRaftLogWorker (SegmentedRaftLogWorker.java:run(313)) - 64ac8f20-39ba-4880-986e-8ea4baeefec1-SegmentedRaftLogWorker:Storage Directory /workdir/hadoop-ozone/integration-test/target/test-dir/MiniOzoneClusterImpl-51fda694-2cca-4d9a-be93-0e760f3df14d/datanode-4/data/ratis/5fb4dc96-454f-4cc7-b772-22d93678a505 was interrupted, exiting. There are 0 tasks remaining in the queue.
2019-08-24 12:08:24,805 INFO  segmented.SegmentedRaftLogWorker (SegmentedRaftLogWorker.java:close(228)) - 64ac8f20-39ba-4880-986e-8ea4baeefec1-SegmentedRaftLogWorker:Storage Directory /workdir/hadoop-ozone/integration-test/target/test-dir/MiniOzoneClusterImpl-51fda694-2cca-4d9a-be93-0e760f3df14d/datanode-4/data/ratis/5fb4dc96-454f-4cc7-b772-22d93678a505 close()
2019-08-24 12:08:24,805 WARN  fs.CachingGetSpaceUsed (CachingGetSpaceUsed.java:run(183)) - Thread Interrupted waiting to refresh disk information: sleep interrupted
2019-08-24 12:08:24,823 INFO  server.GrpcService (GrpcService.java:closeImpl(155)) - 64ac8f20-39ba-4880-986e-8ea4baeefec1: shutdown server with port 39759 now
2019-08-24 12:08:24,825 INFO  server.GrpcService (GrpcService.java:closeImpl(163)) - 64ac8f20-39ba-4880-986e-8ea4baeefec1: shutdown server with port 39759 successfully
2019-08-24 12:08:24,825 WARN  server.GrpcServerProtocolService (LogUtils.java:warn(134)) - 64ac8f20-39ba-4880-986e-8ea4baeefec1: appendEntries onError: org.apache.ratis.thirdparty.io.grpc.StatusRuntimeException: CANCELLED: cancelled before receiving half close
2019-08-24 12:08:24,825 WARN  server.GrpcLogAppender (LogUtils.java:warn(134)) - 2c37cd26-857b-48ba-bf51-53d6dc663059->64ac8f20-39ba-4880-986e-8ea4baeefec1: Failed appendEntries: org.apache.ratis.thirdparty.io.grpc.StatusRuntimeException: CANCELLED: HTTP/2 error code: CANCEL
Received Rst Stream
2019-08-24 12:08:24,828 INFO  impl.FollowerInfo (FollowerInfo.java:lambda$new$0(50)) - 2c37cd26-857b-48ba-bf51-53d6dc663059->64ac8f20-39ba-4880-986e-8ea4baeefec1: nextIndex: updateUnconditionally 9 -> 8
2019-08-24 12:08:24,832 INFO  utils.BackgroundService (BackgroundService.java:shutdown(148)) - Shutting down service BlockDeletingService
2019-08-24 12:08:24,833 WARN  fs.CachingGetSpaceUsed (CachingGetSpaceUsed.java:run(183)) - Thread Interrupted waiting to refresh disk information: sleep interrupted
2019-08-24 12:08:24,851 INFO  statemachine.DatanodeStateMachine (DatanodeStateMachine.java:stopDaemon(395)) - Ozone container server stopped.
2019-08-24 12:08:24,858 INFO  handler.ContextHandler (ContextHandler.java:doStop(910)) - Stopped o.e.j.w.WebAppContext@68a5aadd{/,null,UNAVAILABLE}{/hddsDatanode}
2019-08-24 12:08:24,859 INFO  server.AbstractConnector (AbstractConnector.java:doStop(318)) - Stopped ServerConnector@1c2096c6{HTTP/1.1,[http/1.1]}{0.0.0.0:0}
2019-08-24 12:08:24,861 INFO  handler.ContextHandler (ContextHandler.java:doStop(910)) - Stopped o.e.j.s.ServletContextHandler@16ccd2bc{/static,jar:file:/home/user/.m2/repository/org/apache/hadoop/hadoop-hdds-container-service/0.4.1-SNAPSHOT/hadoop-hdds-container-service-0.4.1-SNAPSHOT.jar!/webapps/static,UNAVAILABLE}
2019-08-24 12:08:24,863 INFO  handler.ContextHandler (ContextHandler.java:doStop(910)) - Stopped o.e.j.s.ServletContextHandler@6253e59a{/logs,file:///workdir/hadoop-ozone/integration-test/target/log,UNAVAILABLE}
2019-08-24 12:08:24,869 INFO  statemachine.DatanodeStateMachine (DatanodeStateMachine.java:stopDaemon(395)) - Ozone container server stopped.
2019-08-24 12:08:24,870 INFO  datanode.ObjectStoreHandler (ObjectStoreHandler.java:close(155)) - Closing ObjectStoreHandler.
2019-08-24 12:08:24,871 INFO  ozone.HddsDatanodeService (HddsDatanodeService.java:stop(451)) - Stopped plug-in org.apache.hadoop.ozone.web.OzoneHddsDatanodeService@39f93225
2019-08-24 12:08:24,871 INFO  handler.ContextHandler (ContextHandler.java:doStop(910)) - Stopped o.e.j.w.WebAppContext@5af40e45{/,null,UNAVAILABLE}{/hddsDatanode}
2019-08-24 12:08:24,872 INFO  server.AbstractConnector (AbstractConnector.java:doStop(318)) - Stopped ServerConnector@1a06602f{HTTP/1.1,[http/1.1]}{0.0.0.0:0}
2019-08-24 12:08:24,872 INFO  handler.ContextHandler (ContextHandler.java:doStop(910)) - Stopped o.e.j.s.ServletContextHandler@51d88c38{/static,jar:file:/home/user/.m2/repository/org/apache/hadoop/hadoop-hdds-container-service/0.4.1-SNAPSHOT/hadoop-hdds-container-service-0.4.1-SNAPSHOT.jar!/webapps/static,UNAVAILABLE}
2019-08-24 12:08:24,873 INFO  handler.ContextHandler (ContextHandler.java:doStop(910)) - Stopped o.e.j.s.ServletContextHandler@319b1c77{/logs,file:///workdir/hadoop-ozone/integration-test/target/log,UNAVAILABLE}
2019-08-24 12:08:24,874 INFO  datanode.ObjectStoreHandler (ObjectStoreHandler.java:close(155)) - Closing ObjectStoreHandler.
2019-08-24 12:08:24,875 INFO  ozone.HddsDatanodeService (HddsDatanodeService.java:stop(451)) - Stopped plug-in org.apache.hadoop.ozone.web.OzoneHddsDatanodeService@73ddb7ef
2019-08-24 12:08:24,944 | INFO  | SCMAudit | user=jenkins1000 | ip=192.168.69.124 | op=SEND_HEARTBEAT {datanodeUUID=60bc2dd8-8884-4522-9cd7-f1a573ff78f6, command=[]} | ret=SUCCESS |  
2019-08-24 12:08:25,376 | INFO  | SCMAudit | user=jenkins1000 | ip=192.168.69.124 | op=SEND_HEARTBEAT {datanodeUUID=e3245855-bf1f-48f0-80ab-9c933646f70d, command=[]} | ret=SUCCESS |  
2019-08-24 12:08:25,663 | INFO  | SCMAudit | user=jenkins1000 | ip=192.168.69.124 | op=SEND_HEARTBEAT {datanodeUUID=2c37cd26-857b-48ba-bf51-53d6dc663059, command=[]} | ret=SUCCESS |  
2019-08-24 12:08:25,712 INFO  statemachine.DatanodeStateMachine (DatanodeStateMachine.java:lambda$startDaemon$0(350)) - Ozone container server started.
2019-08-24 12:08:25,777 INFO  statemachine.DatanodeStateMachine (DatanodeStateMachine.java:lambda$startDaemon$0(350)) - Ozone container server started.
2019-08-24 12:08:25,783 WARN  server.GrpcLogAppender (LogUtils.java:warn(134)) - e3245855-bf1f-48f0-80ab-9c933646f70d->2b46a3aa-8182-4071-b625-185ecb7c784d: Failed appendEntries: org.apache.ratis.thirdparty.io.grpc.StatusRuntimeException: UNAVAILABLE: io exception
2019-08-24 12:08:25,787 INFO  impl.FollowerInfo (FollowerInfo.java:lambda$new$0(50)) - e3245855-bf1f-48f0-80ab-9c933646f70d->2b46a3aa-8182-4071-b625-185ecb7c784d: nextIndex: updateUnconditionally 0 -> 0
2019-08-24 12:08:25,944 | INFO  | SCMAudit | user=jenkins1000 | ip=192.168.69.124 | op=SEND_HEARTBEAT {datanodeUUID=60bc2dd8-8884-4522-9cd7-f1a573ff78f6, command=[]} | ret=SUCCESS |  
2019-08-24 12:08:26,376 | INFO  | SCMAudit | user=jenkins1000 | ip=192.168.69.124 | op=SEND_HEARTBEAT {datanodeUUID=e3245855-bf1f-48f0-80ab-9c933646f70d, command=[]} | ret=SUCCESS |  
2019-08-24 12:08:26,663 | INFO  | SCMAudit | user=jenkins1000 | ip=192.168.69.124 | op=SEND_HEARTBEAT {datanodeUUID=2c37cd26-857b-48ba-bf51-53d6dc663059, command=[]} | ret=SUCCESS |  
2019-08-24 12:08:26,944 | INFO  | SCMAudit | user=jenkins1000 | ip=192.168.69.124 | op=SEND_HEARTBEAT {datanodeUUID=60bc2dd8-8884-4522-9cd7-f1a573ff78f6, command=[]} | ret=SUCCESS |  
2019-08-24 12:08:27,205 WARN  server.GrpcLogAppender (LogUtils.java:warn(134)) - 2c37cd26-857b-48ba-bf51-53d6dc663059->64ac8f20-39ba-4880-986e-8ea4baeefec1: Failed appendEntries: org.apache.ratis.thirdparty.io.grpc.StatusRuntimeException: UNAVAILABLE: io exception
2019-08-24 12:08:27,209 INFO  impl.FollowerInfo (FollowerInfo.java:lambda$new$0(50)) - 2c37cd26-857b-48ba-bf51-53d6dc663059->64ac8f20-39ba-4880-986e-8ea4baeefec1: nextIndex: updateUnconditionally 8 -> 7
2019-08-24 12:08:27,376 | INFO  | SCMAudit | user=jenkins1000 | ip=192.168.69.124 | op=SEND_HEARTBEAT {datanodeUUID=e3245855-bf1f-48f0-80ab-9c933646f70d, command=[]} | ret=SUCCESS |  
2019-08-24 12:08:27,663 | INFO  | SCMAudit | user=jenkins1000 | ip=192.168.69.124 | op=SEND_HEARTBEAT {datanodeUUID=2c37cd26-857b-48ba-bf51-53d6dc663059, command=[]} | ret=SUCCESS |  
2019-08-24 12:08:27,944 | INFO  | SCMAudit | user=jenkins1000 | ip=192.168.69.124 | op=SEND_HEARTBEAT {datanodeUUID=60bc2dd8-8884-4522-9cd7-f1a573ff78f6, command=[]} | ret=SUCCESS |  
2019-08-24 12:08:28,284 WARN  server.GrpcLogAppender (LogUtils.java:warn(134)) - e3245855-bf1f-48f0-80ab-9c933646f70d->2b46a3aa-8182-4071-b625-185ecb7c784d: Failed appendEntries: org.apache.ratis.thirdparty.io.grpc.StatusRuntimeException: UNAVAILABLE: io exception
2019-08-24 12:08:28,288 INFO  impl.FollowerInfo (FollowerInfo.java:lambda$new$0(50)) - e3245855-bf1f-48f0-80ab-9c933646f70d->2b46a3aa-8182-4071-b625-185ecb7c784d: nextIndex: updateUnconditionally 0 -> 0
2019-08-24 12:08:28,377 | INFO  | SCMAudit | user=jenkins1000 | ip=192.168.69.124 | op=SEND_HEARTBEAT {datanodeUUID=e3245855-bf1f-48f0-80ab-9c933646f70d, command=[]} | ret=SUCCESS |  
2019-08-24 12:08:28,663 | INFO  | SCMAudit | user=jenkins1000 | ip=192.168.69.124 | op=SEND_HEARTBEAT {datanodeUUID=2c37cd26-857b-48ba-bf51-53d6dc663059, command=[]} | ret=SUCCESS |  
2019-08-24 12:08:28,944 | INFO  | SCMAudit | user=jenkins1000 | ip=192.168.69.124 | op=SEND_HEARTBEAT {datanodeUUID=60bc2dd8-8884-4522-9cd7-f1a573ff78f6, command=[]} | ret=SUCCESS |  
2019-08-24 12:08:29,377 | INFO  | SCMAudit | user=jenkins1000 | ip=192.168.69.124 | op=SEND_HEARTBEAT {datanodeUUID=e3245855-bf1f-48f0-80ab-9c933646f70d, command=[]} | ret=SUCCESS |  
2019-08-24 12:08:29,663 | INFO  | SCMAudit | user=jenkins1000 | ip=192.168.69.124 | op=SEND_HEARTBEAT {datanodeUUID=2c37cd26-857b-48ba-bf51-53d6dc663059, command=[]} | ret=SUCCESS |  
2019-08-24 12:08:29,706 WARN  server.GrpcLogAppender (LogUtils.java:warn(134)) - 2c37cd26-857b-48ba-bf51-53d6dc663059->64ac8f20-39ba-4880-986e-8ea4baeefec1: Failed appendEntries: org.apache.ratis.thirdparty.io.grpc.StatusRuntimeException: UNAVAILABLE: io exception
2019-08-24 12:08:29,710 INFO  impl.FollowerInfo (FollowerInfo.java:lambda$new$0(50)) - 2c37cd26-857b-48ba-bf51-53d6dc663059->64ac8f20-39ba-4880-986e-8ea4baeefec1: nextIndex: updateUnconditionally 7 -> 6
2019-08-24 12:08:29,871 INFO  ozoneimpl.OzoneContainer (OzoneContainer.java:stop(199)) - Attempting to stop container services.
2019-08-24 12:08:29,872 INFO  impl.RaftServerProxy (RaftServerProxy.java:lambda$close$4(314)) - b4101fba-fe3d-48ac-bf34-b9a40fb2492f: close
2019-08-24 12:08:29,872 INFO  impl.RaftServerImpl (RaftServerImpl.java:lambda$shutdown$3(245)) - b4101fba-fe3d-48ac-bf34-b9a40fb2492f: shutdown group-9F80B3D42C45
2019-08-24 12:08:29,872 INFO  util.JmxRegister (JmxRegister.java:unregister(73)) - Successfully un-registered JMX Bean with object name Ratis:service=RaftServer,group=group-9F80B3D42C45,id=b4101fba-fe3d-48ac-bf34-b9a40fb2492f
2019-08-24 12:08:29,873 INFO  impl.RoleInfo (RoleInfo.java:shutdownFollowerState(121)) - b4101fba-fe3d-48ac-bf34-b9a40fb2492f: shutdown FollowerState
2019-08-24 12:08:29,873 INFO  impl.StateMachineUpdater (StateMachineUpdater.java:stopAndJoin(115)) - StateMachineUpdater:b4101fba-fe3d-48ac-bf34-b9a40fb2492f:group-9F80B3D42C45: set stopIndex = 0
2019-08-24 12:08:29,873 INFO  impl.FollowerState (FollowerState.java:run(114)) - b4101fba-fe3d-48ac-bf34-b9a40fb2492f: FollowerState was interrupted: java.lang.InterruptedException: sleep interrupted
2019-08-24 12:08:29,873 INFO  impl.RaftServerImpl (ServerState.java:close(394)) - b4101fba-fe3d-48ac-bf34-b9a40fb2492f:group-9F80B3D42C45 closes. The last applied log index is 0
2019-08-24 12:08:29,876 INFO  ozoneimpl.OzoneContainer (OzoneContainer.java:stop(199)) - Attempting to stop container services.
2019-08-24 12:08:29,876 INFO  segmented.SegmentedRaftLogWorker (SegmentedRaftLogWorker.java:run(313)) - b4101fba-fe3d-48ac-bf34-b9a40fb2492f-SegmentedRaftLogWorker:Storage Directory /workdir/hadoop-ozone/integration-test/target/test-dir/MiniOzoneClusterImpl-51fda694-2cca-4d9a-be93-0e760f3df14d/datanode-2/data/ratis/87b5cdf6-4aa6-4611-a7ae-9f80b3d42c45 was interrupted, exiting. There are 0 tasks remaining in the queue.
2019-08-24 12:08:29,877 INFO  impl.RaftServerProxy (RaftServerProxy.java:lambda$close$4(314)) - ac24382e-f3ea-4dac-af42-de8bfd054530: close
2019-08-24 12:08:29,879 INFO  segmented.SegmentedRaftLogWorker (SegmentedRaftLogWorker.java:close(228)) - b4101fba-fe3d-48ac-bf34-b9a40fb2492f-SegmentedRaftLogWorker:Storage Directory /workdir/hadoop-ozone/integration-test/target/test-dir/MiniOzoneClusterImpl-51fda694-2cca-4d9a-be93-0e760f3df14d/datanode-2/data/ratis/87b5cdf6-4aa6-4611-a7ae-9f80b3d42c45 close()
2019-08-24 12:08:29,880 INFO  impl.RaftServerImpl (RaftServerImpl.java:lambda$shutdown$3(245)) - ac24382e-f3ea-4dac-af42-de8bfd054530: shutdown group-C00A8178B9B1
2019-08-24 12:08:29,882 INFO  impl.RaftServerImpl (RaftServerImpl.java:lambda$shutdown$3(245)) - b4101fba-fe3d-48ac-bf34-b9a40fb2492f: shutdown group-2467C3DDA778
2019-08-24 12:08:29,883 INFO  util.JmxRegister (JmxRegister.java:unregister(73)) - Successfully un-registered JMX Bean with object name Ratis:service=RaftServer,group=group-C00A8178B9B1,id=ac24382e-f3ea-4dac-af42-de8bfd054530
2019-08-24 12:08:29,883 INFO  util.JmxRegister (JmxRegister.java:unregister(73)) - Successfully un-registered JMX Bean with object name Ratis:service=RaftServer,group=group-2467C3DDA778,id=b4101fba-fe3d-48ac-bf34-b9a40fb2492f
2019-08-24 12:08:29,883 INFO  impl.RoleInfo (RoleInfo.java:shutdownFollowerState(121)) - ac24382e-f3ea-4dac-af42-de8bfd054530: shutdown FollowerState
2019-08-24 12:08:29,884 INFO  impl.RoleInfo (RoleInfo.java:shutdownLeaderState(104)) - b4101fba-fe3d-48ac-bf34-b9a40fb2492f: shutdown LeaderState
2019-08-24 12:08:29,884 INFO  impl.FollowerState (FollowerState.java:run(114)) - ac24382e-f3ea-4dac-af42-de8bfd054530: FollowerState was interrupted: java.lang.InterruptedException: sleep interrupted
2019-08-24 12:08:29,885 INFO  impl.PendingRequests (PendingRequests.java:sendNotLeaderResponses(202)) - b4101fba-fe3d-48ac-bf34-b9a40fb2492f-PendingRequests: sendNotLeaderResponses
2019-08-24 12:08:29,884 INFO  ratis.ContainerStateMachine (ContainerStateMachine.java:takeSnapshot(262)) - group-C00A8178B9B1: Taking a snapshot at:(t:1, i:6) file /workdir/hadoop-ozone/integration-test/target/test-dir/MiniOzoneClusterImpl-51fda694-2cca-4d9a-be93-0e760f3df14d/datanode-3/data/ratis/443e94db-40ac-44ab-8f96-c00a8178b9b1/sm/snapshot.1_6
2019-08-24 12:08:29,887 INFO  impl.StateMachineUpdater (StateMachineUpdater.java:stopAndJoin(115)) - StateMachineUpdater:b4101fba-fe3d-48ac-bf34-b9a40fb2492f:group-2467C3DDA778: set stopIndex = 0
2019-08-24 12:08:29,884 INFO  impl.StateMachineUpdater (StateMachineUpdater.java:stopAndJoin(115)) - StateMachineUpdater:ac24382e-f3ea-4dac-af42-de8bfd054530:group-C00A8178B9B1: set stopIndex = 8
2019-08-24 12:08:29,887 INFO  impl.RaftServerImpl (ServerState.java:close(394)) - b4101fba-fe3d-48ac-bf34-b9a40fb2492f:group-2467C3DDA778 closes. The last applied log index is 0
2019-08-24 12:08:29,889 INFO  segmented.SegmentedRaftLogWorker (SegmentedRaftLogWorker.java:run(313)) - b4101fba-fe3d-48ac-bf34-b9a40fb2492f-SegmentedRaftLogWorker:Storage Directory /workdir/hadoop-ozone/integration-test/target/test-dir/MiniOzoneClusterImpl-51fda694-2cca-4d9a-be93-0e760f3df14d/datanode-2/data/ratis/c17084a3-b3d3-444b-a554-2467c3dda778 was interrupted, exiting. There are 0 tasks remaining in the queue.
2019-08-24 12:08:29,891 INFO  segmented.SegmentedRaftLogWorker (SegmentedRaftLogWorker.java:close(228)) - b4101fba-fe3d-48ac-bf34-b9a40fb2492f-SegmentedRaftLogWorker:Storage Directory /workdir/hadoop-ozone/integration-test/target/test-dir/MiniOzoneClusterImpl-51fda694-2cca-4d9a-be93-0e760f3df14d/datanode-2/data/ratis/c17084a3-b3d3-444b-a554-2467c3dda778 close()
2019-08-24 12:08:29,894 INFO  server.GrpcService (GrpcService.java:closeImpl(155)) - b4101fba-fe3d-48ac-bf34-b9a40fb2492f: shutdown server with port 33655 now
2019-08-24 12:08:29,894 INFO  ratis.ContainerStateMachine (ContainerStateMachine.java:takeSnapshot(273)) - group-C00A8178B9B1: Finished taking a snapshot at:(t:1, i:6) file:/workdir/hadoop-ozone/integration-test/target/test-dir/MiniOzoneClusterImpl-51fda694-2cca-4d9a-be93-0e760f3df14d/datanode-3/data/ratis/443e94db-40ac-44ab-8f96-c00a8178b9b1/sm/snapshot.1_6 time:10
2019-08-24 12:08:29,894 INFO  impl.StateMachineUpdater (StateMachineUpdater.java:takeSnapshot(242)) - StateMachineUpdater:ac24382e-f3ea-4dac-af42-de8bfd054530:group-C00A8178B9B1: Took a snapshot at index 6
2019-08-24 12:08:29,895 INFO  impl.StateMachineUpdater (StateMachineUpdater.java:lambda$new$0(80)) - StateMachineUpdater:ac24382e-f3ea-4dac-af42-de8bfd054530:group-C00A8178B9B1: snapshotIndex: updateIncreasingly -1 -> 6
2019-08-24 12:08:29,895 WARN  server.GrpcServerProtocolService (LogUtils.java:warn(134)) - b4101fba-fe3d-48ac-bf34-b9a40fb2492f: appendEntries onError: org.apache.ratis.thirdparty.io.grpc.StatusRuntimeException: CANCELLED: cancelled before receiving half close
2019-08-24 12:08:29,895 WARN  server.GrpcLogAppender (LogUtils.java:warn(134)) - e3245855-bf1f-48f0-80ab-9c933646f70d->b4101fba-fe3d-48ac-bf34-b9a40fb2492f: Failed appendEntries: org.apache.ratis.thirdparty.io.grpc.StatusRuntimeException: CANCELLED: HTTP/2 error code: CANCEL
Received Rst Stream
2019-08-24 12:08:29,895 INFO  impl.RaftServerImpl (ServerState.java:close(394)) - ac24382e-f3ea-4dac-af42-de8bfd054530:group-C00A8178B9B1 closes. The last applied log index is 8
2019-08-24 12:08:29,895 INFO  server.GrpcService (GrpcService.java:closeImpl(163)) - b4101fba-fe3d-48ac-bf34-b9a40fb2492f: shutdown server with port 33655 successfully
2019-08-24 12:08:29,898 INFO  segmented.SegmentedRaftLogWorker (SegmentedRaftLogWorker.java:run(313)) - ac24382e-f3ea-4dac-af42-de8bfd054530-SegmentedRaftLogWorker:Storage Directory /workdir/hadoop-ozone/integration-test/target/test-dir/MiniOzoneClusterImpl-51fda694-2cca-4d9a-be93-0e760f3df14d/datanode-3/data/ratis/443e94db-40ac-44ab-8f96-c00a8178b9b1 was interrupted, exiting. There are 0 tasks remaining in the queue.
2019-08-24 12:08:29,897 INFO  impl.FollowerInfo (FollowerInfo.java:lambda$new$0(50)) - e3245855-bf1f-48f0-80ab-9c933646f70d->b4101fba-fe3d-48ac-bf34-b9a40fb2492f: nextIndex: updateUnconditionally 1 -> 0
2019-08-24 12:08:29,901 INFO  segmented.SegmentedRaftLogWorker (SegmentedRaftLogWorker.java:close(228)) - ac24382e-f3ea-4dac-af42-de8bfd054530-SegmentedRaftLogWorker:Storage Directory /workdir/hadoop-ozone/integration-test/target/test-dir/MiniOzoneClusterImpl-51fda694-2cca-4d9a-be93-0e760f3df14d/datanode-3/data/ratis/443e94db-40ac-44ab-8f96-c00a8178b9b1 close()
2019-08-24 12:08:29,903 INFO  impl.RaftServerImpl (RaftServerImpl.java:lambda$shutdown$3(245)) - ac24382e-f3ea-4dac-af42-de8bfd054530: shutdown group-3D0121A34794
2019-08-24 12:08:29,904 INFO  utils.BackgroundService (BackgroundService.java:shutdown(148)) - Shutting down service BlockDeletingService
2019-08-24 12:08:29,904 INFO  util.JmxRegister (JmxRegister.java:unregister(73)) - Successfully un-registered JMX Bean with object name Ratis:service=RaftServer,group=group-3D0121A34794,id=ac24382e-f3ea-4dac-af42-de8bfd054530
2019-08-24 12:08:29,905 INFO  impl.RoleInfo (RoleInfo.java:shutdownLeaderState(104)) - ac24382e-f3ea-4dac-af42-de8bfd054530: shutdown LeaderState
2019-08-24 12:08:29,905 INFO  impl.PendingRequests (PendingRequests.java:sendNotLeaderResponses(202)) - ac24382e-f3ea-4dac-af42-de8bfd054530-PendingRequests: sendNotLeaderResponses
2019-08-24 12:08:29,906 WARN  fs.CachingGetSpaceUsed (CachingGetSpaceUsed.java:run(183)) - Thread Interrupted waiting to refresh disk information: sleep interrupted
2019-08-24 12:08:29,906 INFO  impl.StateMachineUpdater (StateMachineUpdater.java:stopAndJoin(115)) - StateMachineUpdater:ac24382e-f3ea-4dac-af42-de8bfd054530:group-3D0121A34794: set stopIndex = 0
2019-08-24 12:08:29,906 INFO  impl.RaftServerImpl (ServerState.java:close(394)) - ac24382e-f3ea-4dac-af42-de8bfd054530:group-3D0121A34794 closes. The last applied log index is 0
2019-08-24 12:08:29,907 INFO  segmented.SegmentedRaftLogWorker (SegmentedRaftLogWorker.java:run(313)) - ac24382e-f3ea-4dac-af42-de8bfd054530-SegmentedRaftLogWorker:Storage Directory /workdir/hadoop-ozone/integration-test/target/test-dir/MiniOzoneClusterImpl-51fda694-2cca-4d9a-be93-0e760f3df14d/datanode-3/data/ratis/f638c8d2-1503-43d9-b59e-3d0121a34794 was interrupted, exiting. There are 0 tasks remaining in the queue.
2019-08-24 12:08:29,909 INFO  segmented.SegmentedRaftLogWorker (SegmentedRaftLogWorker.java:close(228)) - ac24382e-f3ea-4dac-af42-de8bfd054530-SegmentedRaftLogWorker:Storage Directory /workdir/hadoop-ozone/integration-test/target/test-dir/MiniOzoneClusterImpl-51fda694-2cca-4d9a-be93-0e760f3df14d/datanode-3/data/ratis/f638c8d2-1503-43d9-b59e-3d0121a34794 close()
2019-08-24 12:08:29,912 INFO  server.GrpcService (GrpcService.java:closeImpl(155)) - ac24382e-f3ea-4dac-af42-de8bfd054530: shutdown server with port 46547 now
2019-08-24 12:08:29,913 WARN  server.GrpcServerProtocolService (LogUtils.java:warn(134)) - ac24382e-f3ea-4dac-af42-de8bfd054530: appendEntries onError: org.apache.ratis.thirdparty.io.grpc.StatusRuntimeException: CANCELLED: cancelled before receiving half close
2019-08-24 12:08:29,913 INFO  server.GrpcService (GrpcService.java:closeImpl(163)) - ac24382e-f3ea-4dac-af42-de8bfd054530: shutdown server with port 46547 successfully
2019-08-24 12:08:29,913 WARN  server.GrpcLogAppender (LogUtils.java:warn(134)) - 2c37cd26-857b-48ba-bf51-53d6dc663059->ac24382e-f3ea-4dac-af42-de8bfd054530: Failed appendEntries: org.apache.ratis.thirdparty.io.grpc.StatusRuntimeException: CANCELLED: HTTP/2 error code: CANCEL
Received Rst Stream
2019-08-24 12:08:29,916 INFO  impl.FollowerInfo (FollowerInfo.java:lambda$new$0(50)) - 2c37cd26-857b-48ba-bf51-53d6dc663059->ac24382e-f3ea-4dac-af42-de8bfd054530: nextIndex: updateUnconditionally 9 -> 8
2019-08-24 12:08:29,917 INFO  utils.BackgroundService (BackgroundService.java:shutdown(148)) - Shutting down service BlockDeletingService
2019-08-24 12:08:29,919 WARN  fs.CachingGetSpaceUsed (CachingGetSpaceUsed.java:run(183)) - Thread Interrupted waiting to refresh disk information: sleep interrupted
2019-08-24 12:08:29,933 INFO  statemachine.DatanodeStateMachine (DatanodeStateMachine.java:stopDaemon(395)) - Ozone container server stopped.
2019-08-24 12:08:29,939 INFO  handler.ContextHandler (ContextHandler.java:doStop(910)) - Stopped o.e.j.w.WebAppContext@d949bc4{/,null,UNAVAILABLE}{/hddsDatanode}
2019-08-24 12:08:29,940 INFO  server.AbstractConnector (AbstractConnector.java:doStop(318)) - Stopped ServerConnector@7079f8f0{HTTP/1.1,[http/1.1]}{0.0.0.0:0}
2019-08-24 12:08:29,942 INFO  handler.ContextHandler (ContextHandler.java:doStop(910)) - Stopped o.e.j.s.ServletContextHandler@3ce7490a{/static,jar:file:/home/user/.m2/repository/org/apache/hadoop/hadoop-hdds-container-service/0.4.1-SNAPSHOT/hadoop-hdds-container-service-0.4.1-SNAPSHOT.jar!/webapps/static,UNAVAILABLE}
2019-08-24 12:08:29,944 INFO  handler.ContextHandler (ContextHandler.java:doStop(910)) - Stopped o.e.j.s.ServletContextHandler@6fd7aba8{/logs,file:///workdir/hadoop-ozone/integration-test/target/log,UNAVAILABLE}
2019-08-24 12:08:29,944 | INFO  | SCMAudit | user=jenkins1000 | ip=192.168.69.124 | op=SEND_HEARTBEAT {datanodeUUID=60bc2dd8-8884-4522-9cd7-f1a573ff78f6, command=[]} | ret=SUCCESS |  
2019-08-24 12:08:29,945 INFO  datanode.ObjectStoreHandler (ObjectStoreHandler.java:close(155)) - Closing ObjectStoreHandler.
2019-08-24 12:08:29,946 INFO  ozone.HddsDatanodeService (HddsDatanodeService.java:stop(451)) - Stopped plug-in org.apache.hadoop.ozone.web.OzoneHddsDatanodeService@65af05b2
2019-08-24 12:08:29,950 INFO  statemachine.DatanodeStateMachine (DatanodeStateMachine.java:stopDaemon(395)) - Ozone container server stopped.
2019-08-24 12:08:29,951 INFO  handler.ContextHandler (ContextHandler.java:doStop(910)) - Stopped o.e.j.w.WebAppContext@1a819901{/,null,UNAVAILABLE}{/hddsDatanode}
2019-08-24 12:08:29,952 INFO  server.AbstractConnector (AbstractConnector.java:doStop(318)) - Stopped ServerConnector@588d630d{HTTP/1.1,[http/1.1]}{0.0.0.0:0}
2019-08-24 12:08:29,952 INFO  handler.ContextHandler (ContextHandler.java:doStop(910)) - Stopped o.e.j.s.ServletContextHandler@1f68e4e8{/static,jar:file:/home/user/.m2/repository/org/apache/hadoop/hadoop-hdds-container-service/0.4.1-SNAPSHOT/hadoop-hdds-container-service-0.4.1-SNAPSHOT.jar!/webapps/static,UNAVAILABLE}
2019-08-24 12:08:29,953 INFO  handler.ContextHandler (ContextHandler.java:doStop(910)) - Stopped o.e.j.s.ServletContextHandler@2acb1264{/logs,file:///workdir/hadoop-ozone/integration-test/target/log,UNAVAILABLE}
2019-08-24 12:08:29,954 INFO  datanode.ObjectStoreHandler (ObjectStoreHandler.java:close(155)) - Closing ObjectStoreHandler.
2019-08-24 12:08:29,955 INFO  ozone.HddsDatanodeService (HddsDatanodeService.java:stop(451)) - Stopped plug-in org.apache.hadoop.ozone.web.OzoneHddsDatanodeService@460b77d6
2019-08-24 12:08:30,376 INFO  statemachine.DatanodeStateMachine (DatanodeStateMachine.java:lambda$startDaemon$0(350)) - Ozone container server started.
2019-08-24 12:08:30,663 | INFO  | SCMAudit | user=jenkins1000 | ip=192.168.69.124 | op=SEND_HEARTBEAT {datanodeUUID=2c37cd26-857b-48ba-bf51-53d6dc663059, command=[]} | ret=SUCCESS |  
2019-08-24 12:08:30,781 WARN  server.GrpcLogAppender (LogUtils.java:warn(134)) - e3245855-bf1f-48f0-80ab-9c933646f70d->b4101fba-fe3d-48ac-bf34-b9a40fb2492f: Failed appendEntries: org.apache.ratis.thirdparty.io.grpc.StatusRuntimeException: UNAVAILABLE: io exception
2019-08-24 12:08:30,784 INFO  impl.FollowerInfo (FollowerInfo.java:lambda$new$0(50)) - e3245855-bf1f-48f0-80ab-9c933646f70d->b4101fba-fe3d-48ac-bf34-b9a40fb2492f: nextIndex: updateUnconditionally 0 -> 0
2019-08-24 12:08:30,786 WARN  server.GrpcLogAppender (LogUtils.java:warn(134)) - e3245855-bf1f-48f0-80ab-9c933646f70d->2b46a3aa-8182-4071-b625-185ecb7c784d: Failed appendEntries: org.apache.ratis.thirdparty.io.grpc.StatusRuntimeException: UNAVAILABLE: io exception
2019-08-24 12:08:30,788 INFO  impl.FollowerInfo (FollowerInfo.java:lambda$new$0(50)) - e3245855-bf1f-48f0-80ab-9c933646f70d->2b46a3aa-8182-4071-b625-185ecb7c784d: nextIndex: updateUnconditionally 0 -> 0
2019-08-24 12:08:30,943 INFO  statemachine.DatanodeStateMachine (DatanodeStateMachine.java:lambda$startDaemon$0(350)) - Ozone container server started.
2019-08-24 12:08:31,663 | INFO  | SCMAudit | user=jenkins1000 | ip=192.168.69.124 | op=SEND_HEARTBEAT {datanodeUUID=2c37cd26-857b-48ba-bf51-53d6dc663059, command=[]} | ret=SUCCESS |  
2019-08-24 12:08:32,207 WARN  server.GrpcLogAppender (LogUtils.java:warn(134)) - 2c37cd26-857b-48ba-bf51-53d6dc663059->64ac8f20-39ba-4880-986e-8ea4baeefec1: Failed appendEntries: org.apache.ratis.thirdparty.io.grpc.StatusRuntimeException: UNAVAILABLE: io exception
2019-08-24 12:08:32,210 INFO  impl.FollowerInfo (FollowerInfo.java:lambda$new$0(50)) - 2c37cd26-857b-48ba-bf51-53d6dc663059->64ac8f20-39ba-4880-986e-8ea4baeefec1: nextIndex: updateUnconditionally 6 -> 5
2019-08-24 12:08:32,214 WARN  server.GrpcLogAppender (LogUtils.java:warn(134)) - 2c37cd26-857b-48ba-bf51-53d6dc663059->ac24382e-f3ea-4dac-af42-de8bfd054530: Failed appendEntries: org.apache.ratis.thirdparty.io.grpc.StatusRuntimeException: UNAVAILABLE: io exception
2019-08-24 12:08:32,216 INFO  impl.FollowerInfo (FollowerInfo.java:lambda$new$0(50)) - 2c37cd26-857b-48ba-bf51-53d6dc663059->ac24382e-f3ea-4dac-af42-de8bfd054530: nextIndex: updateUnconditionally 8 -> 7
2019-08-24 12:08:32,664 | INFO  | SCMAudit | user=jenkins1000 | ip=192.168.69.124 | op=SEND_HEARTBEAT {datanodeUUID=2c37cd26-857b-48ba-bf51-53d6dc663059, command=[]} | ret=SUCCESS |  
2019-08-24 12:08:33,283 WARN  server.GrpcLogAppender (LogUtils.java:warn(134)) - e3245855-bf1f-48f0-80ab-9c933646f70d->b4101fba-fe3d-48ac-bf34-b9a40fb2492f: Failed appendEntries: org.apache.ratis.thirdparty.io.grpc.StatusRuntimeException: UNAVAILABLE: io exception
2019-08-24 12:08:33,286 INFO  impl.FollowerInfo (FollowerInfo.java:lambda$new$0(50)) - e3245855-bf1f-48f0-80ab-9c933646f70d->b4101fba-fe3d-48ac-bf34-b9a40fb2492f: nextIndex: updateUnconditionally 0 -> 0
2019-08-24 12:08:33,288 WARN  server.GrpcLogAppender (LogUtils.java:warn(134)) - e3245855-bf1f-48f0-80ab-9c933646f70d->2b46a3aa-8182-4071-b625-185ecb7c784d: Failed appendEntries: org.apache.ratis.thirdparty.io.grpc.StatusRuntimeException: UNAVAILABLE: io exception
2019-08-24 12:08:33,291 INFO  impl.FollowerInfo (FollowerInfo.java:lambda$new$0(50)) - e3245855-bf1f-48f0-80ab-9c933646f70d->2b46a3aa-8182-4071-b625-185ecb7c784d: nextIndex: updateUnconditionally 0 -> 0
2019-08-24 12:08:33,663 | INFO  | SCMAudit | user=jenkins1000 | ip=192.168.69.124 | op=SEND_HEARTBEAT {datanodeUUID=2c37cd26-857b-48ba-bf51-53d6dc663059, command=[]} | ret=SUCCESS |  
2019-08-24 12:08:34,664 | INFO  | SCMAudit | user=jenkins1000 | ip=192.168.69.124 | op=SEND_HEARTBEAT {datanodeUUID=2c37cd26-857b-48ba-bf51-53d6dc663059, command=[]} | ret=SUCCESS |  
2019-08-24 12:08:34,709 WARN  server.GrpcLogAppender (LogUtils.java:warn(134)) - 2c37cd26-857b-48ba-bf51-53d6dc663059->64ac8f20-39ba-4880-986e-8ea4baeefec1: Failed appendEntries: org.apache.ratis.thirdparty.io.grpc.StatusRuntimeException: UNAVAILABLE: io exception
2019-08-24 12:08:34,718 INFO  impl.FollowerInfo (FollowerInfo.java:lambda$new$0(50)) - 2c37cd26-857b-48ba-bf51-53d6dc663059->64ac8f20-39ba-4880-986e-8ea4baeefec1: nextIndex: updateUnconditionally 5 -> 4
2019-08-24 12:08:34,731 WARN  server.GrpcLogAppender (LogUtils.java:warn(134)) - 2c37cd26-857b-48ba-bf51-53d6dc663059->ac24382e-f3ea-4dac-af42-de8bfd054530: Failed appendEntries: org.apache.ratis.thirdparty.io.grpc.StatusRuntimeException: UNAVAILABLE: io exception
2019-08-24 12:08:34,733 INFO  impl.FollowerInfo (FollowerInfo.java:lambda$new$0(50)) - 2c37cd26-857b-48ba-bf51-53d6dc663059->ac24382e-f3ea-4dac-af42-de8bfd054530: nextIndex: updateUnconditionally 7 -> 6
2019-08-24 12:08:34,948 INFO  ozoneimpl.OzoneContainer (OzoneContainer.java:stop(199)) - Attempting to stop container services.
2019-08-24 12:08:34,948 INFO  impl.RaftServerProxy (RaftServerProxy.java:lambda$close$4(314)) - e3245855-bf1f-48f0-80ab-9c933646f70d: close
2019-08-24 12:08:34,948 INFO  impl.RaftServerImpl (RaftServerImpl.java:lambda$shutdown$3(245)) - e3245855-bf1f-48f0-80ab-9c933646f70d: shutdown group-F0E75F3153D2
2019-08-24 12:08:34,949 INFO  util.JmxRegister (JmxRegister.java:unregister(73)) - Successfully un-registered JMX Bean with object name Ratis:service=RaftServer,group=group-F0E75F3153D2,id=e3245855-bf1f-48f0-80ab-9c933646f70d
2019-08-24 12:08:34,949 INFO  impl.RoleInfo (RoleInfo.java:shutdownLeaderState(104)) - e3245855-bf1f-48f0-80ab-9c933646f70d: shutdown LeaderState
2019-08-24 12:08:34,949 INFO  impl.PendingRequests (PendingRequests.java:sendNotLeaderResponses(202)) - e3245855-bf1f-48f0-80ab-9c933646f70d-PendingRequests: sendNotLeaderResponses
2019-08-24 12:08:34,950 INFO  impl.StateMachineUpdater (StateMachineUpdater.java:stopAndJoin(115)) - StateMachineUpdater:e3245855-bf1f-48f0-80ab-9c933646f70d:group-F0E75F3153D2: set stopIndex = 0
2019-08-24 12:08:34,950 INFO  impl.RaftServerImpl (ServerState.java:close(394)) - e3245855-bf1f-48f0-80ab-9c933646f70d:group-F0E75F3153D2 closes. The last applied log index is 0
2019-08-24 12:08:34,951 INFO  segmented.SegmentedRaftLogWorker (SegmentedRaftLogWorker.java:run(313)) - e3245855-bf1f-48f0-80ab-9c933646f70d-SegmentedRaftLogWorker:Storage Directory /workdir/hadoop-ozone/integration-test/target/test-dir/MiniOzoneClusterImpl-51fda694-2cca-4d9a-be93-0e760f3df14d/datanode-0/data/ratis/65cd69b1-2c62-4998-8c46-f0e75f3153d2 was interrupted, exiting. There are 0 tasks remaining in the queue.
2019-08-24 12:08:34,953 INFO  segmented.SegmentedRaftLogWorker (SegmentedRaftLogWorker.java:close(228)) - e3245855-bf1f-48f0-80ab-9c933646f70d-SegmentedRaftLogWorker:Storage Directory /workdir/hadoop-ozone/integration-test/target/test-dir/MiniOzoneClusterImpl-51fda694-2cca-4d9a-be93-0e760f3df14d/datanode-0/data/ratis/65cd69b1-2c62-4998-8c46-f0e75f3153d2 close()
2019-08-24 12:08:34,955 INFO  impl.RaftServerImpl (RaftServerImpl.java:lambda$shutdown$3(245)) - e3245855-bf1f-48f0-80ab-9c933646f70d: shutdown group-9F80B3D42C45
2019-08-24 12:08:34,955 INFO  util.JmxRegister (JmxRegister.java:unregister(73)) - Successfully un-registered JMX Bean with object name Ratis:service=RaftServer,group=group-9F80B3D42C45,id=e3245855-bf1f-48f0-80ab-9c933646f70d
2019-08-24 12:08:34,956 INFO  impl.RoleInfo (RoleInfo.java:shutdownLeaderState(104)) - e3245855-bf1f-48f0-80ab-9c933646f70d: shutdown LeaderState
2019-08-24 12:08:34,956 INFO  ozoneimpl.OzoneContainer (OzoneContainer.java:stop(199)) - Attempting to stop container services.
2019-08-24 12:08:34,959 INFO  impl.PendingRequests (PendingRequests.java:sendNotLeaderResponses(202)) - e3245855-bf1f-48f0-80ab-9c933646f70d-PendingRequests: sendNotLeaderResponses
2019-08-24 12:08:34,959 WARN  server.GrpcLogAppender (GrpcLogAppender.java:mayWait(143)) - GrpcLogAppender(e3245855-bf1f-48f0-80ab-9c933646f70d->2b46a3aa-8182-4071-b625-185ecb7c784d): Wait interrupted by java.lang.InterruptedException
2019-08-24 12:08:34,959 WARN  server.GrpcLogAppender (GrpcLogAppender.java:mayWait(143)) - GrpcLogAppender(e3245855-bf1f-48f0-80ab-9c933646f70d->b4101fba-fe3d-48ac-bf34-b9a40fb2492f): Wait interrupted by java.lang.InterruptedException
2019-08-24 12:08:34,960 INFO  impl.StateMachineUpdater (StateMachineUpdater.java:stopAndJoin(115)) - StateMachineUpdater:e3245855-bf1f-48f0-80ab-9c933646f70d:group-9F80B3D42C45: set stopIndex = 0
2019-08-24 12:08:34,960 INFO  impl.RaftServerImpl (ServerState.java:close(394)) - e3245855-bf1f-48f0-80ab-9c933646f70d:group-9F80B3D42C45 closes. The last applied log index is 0
2019-08-24 12:08:34,959 INFO  impl.RaftServerProxy (RaftServerProxy.java:lambda$close$4(314)) - 60bc2dd8-8884-4522-9cd7-f1a573ff78f6: close
2019-08-24 12:08:34,961 INFO  segmented.SegmentedRaftLogWorker (SegmentedRaftLogWorker.java:run(313)) - e3245855-bf1f-48f0-80ab-9c933646f70d-SegmentedRaftLogWorker:Storage Directory /workdir/hadoop-ozone/integration-test/target/test-dir/MiniOzoneClusterImpl-51fda694-2cca-4d9a-be93-0e760f3df14d/datanode-0/data/ratis/87b5cdf6-4aa6-4611-a7ae-9f80b3d42c45 was interrupted, exiting. There are 0 tasks remaining in the queue.
2019-08-24 12:08:34,961 INFO  impl.RaftServerImpl (RaftServerImpl.java:lambda$shutdown$3(245)) - 60bc2dd8-8884-4522-9cd7-f1a573ff78f6: shutdown group-F4540A945222
2019-08-24 12:08:34,963 INFO  util.JmxRegister (JmxRegister.java:unregister(73)) - Successfully un-registered JMX Bean with object name Ratis:service=RaftServer,group=group-F4540A945222,id=60bc2dd8-8884-4522-9cd7-f1a573ff78f6
2019-08-24 12:08:34,964 INFO  impl.RoleInfo (RoleInfo.java:shutdownLeaderState(104)) - 60bc2dd8-8884-4522-9cd7-f1a573ff78f6: shutdown LeaderState
2019-08-24 12:08:34,964 INFO  impl.PendingRequests (PendingRequests.java:sendNotLeaderResponses(202)) - 60bc2dd8-8884-4522-9cd7-f1a573ff78f6-PendingRequests: sendNotLeaderResponses
2019-08-24 12:08:34,965 INFO  segmented.SegmentedRaftLogWorker (SegmentedRaftLogWorker.java:close(228)) - e3245855-bf1f-48f0-80ab-9c933646f70d-SegmentedRaftLogWorker:Storage Directory /workdir/hadoop-ozone/integration-test/target/test-dir/MiniOzoneClusterImpl-51fda694-2cca-4d9a-be93-0e760f3df14d/datanode-0/data/ratis/87b5cdf6-4aa6-4611-a7ae-9f80b3d42c45 close()
2019-08-24 12:08:34,965 INFO  impl.StateMachineUpdater (StateMachineUpdater.java:stopAndJoin(115)) - StateMachineUpdater:60bc2dd8-8884-4522-9cd7-f1a573ff78f6:group-F4540A945222: set stopIndex = 0
2019-08-24 12:08:34,972 INFO  server.GrpcService (GrpcService.java:closeImpl(155)) - e3245855-bf1f-48f0-80ab-9c933646f70d: shutdown server with port 42949 now
2019-08-24 12:08:34,972 INFO  impl.RaftServerImpl (ServerState.java:close(394)) - 60bc2dd8-8884-4522-9cd7-f1a573ff78f6:group-F4540A945222 closes. The last applied log index is 0
2019-08-24 12:08:34,974 INFO  server.GrpcService (GrpcService.java:closeImpl(163)) - e3245855-bf1f-48f0-80ab-9c933646f70d: shutdown server with port 42949 successfully
2019-08-24 12:08:34,974 INFO  segmented.SegmentedRaftLogWorker (SegmentedRaftLogWorker.java:run(313)) - 60bc2dd8-8884-4522-9cd7-f1a573ff78f6-SegmentedRaftLogWorker:Storage Directory /workdir/hadoop-ozone/integration-test/target/test-dir/MiniOzoneClusterImpl-51fda694-2cca-4d9a-be93-0e760f3df14d/datanode-6/data/ratis/c270e05f-1bee-4d2d-8569-f4540a945222 was interrupted, exiting. There are 0 tasks remaining in the queue.
2019-08-24 12:08:34,975 INFO  segmented.SegmentedRaftLogWorker (SegmentedRaftLogWorker.java:close(228)) - 60bc2dd8-8884-4522-9cd7-f1a573ff78f6-SegmentedRaftLogWorker:Storage Directory /workdir/hadoop-ozone/integration-test/target/test-dir/MiniOzoneClusterImpl-51fda694-2cca-4d9a-be93-0e760f3df14d/datanode-6/data/ratis/c270e05f-1bee-4d2d-8569-f4540a945222 close()
2019-08-24 12:08:34,976 INFO  utils.BackgroundService (BackgroundService.java:shutdown(148)) - Shutting down service BlockDeletingService
2019-08-24 12:08:34,976 INFO  server.GrpcService (GrpcService.java:closeImpl(155)) - 60bc2dd8-8884-4522-9cd7-f1a573ff78f6: shutdown server with port 32779 now
2019-08-24 12:08:34,978 INFO  server.GrpcService (GrpcService.java:closeImpl(163)) - 60bc2dd8-8884-4522-9cd7-f1a573ff78f6: shutdown server with port 32779 successfully
2019-08-24 12:08:34,979 WARN  fs.CachingGetSpaceUsed (CachingGetSpaceUsed.java:run(183)) - Thread Interrupted waiting to refresh disk information: sleep interrupted
2019-08-24 12:08:34,985 INFO  utils.BackgroundService (BackgroundService.java:shutdown(148)) - Shutting down service BlockDeletingService
2019-08-24 12:08:34,987 WARN  fs.CachingGetSpaceUsed (CachingGetSpaceUsed.java:run(183)) - Thread Interrupted waiting to refresh disk information: sleep interrupted
2019-08-24 12:08:35,003 INFO  statemachine.DatanodeStateMachine (DatanodeStateMachine.java:stopDaemon(395)) - Ozone container server stopped.
2019-08-24 12:08:35,008 INFO  handler.ContextHandler (ContextHandler.java:doStop(910)) - Stopped o.e.j.w.WebAppContext@3ae2702a{/,null,UNAVAILABLE}{/hddsDatanode}
2019-08-24 12:08:35,009 INFO  server.AbstractConnector (AbstractConnector.java:doStop(318)) - Stopped ServerConnector@7d088813{HTTP/1.1,[http/1.1]}{0.0.0.0:0}
2019-08-24 12:08:35,010 INFO  handler.ContextHandler (ContextHandler.java:doStop(910)) - Stopped o.e.j.s.ServletContextHandler@60ed0b9d{/static,jar:file:/home/user/.m2/repository/org/apache/hadoop/hadoop-hdds-container-service/0.4.1-SNAPSHOT/hadoop-hdds-container-service-0.4.1-SNAPSHOT.jar!/webapps/static,UNAVAILABLE}
2019-08-24 12:08:35,013 INFO  handler.ContextHandler (ContextHandler.java:doStop(910)) - Stopped o.e.j.s.ServletContextHandler@15e8c040{/logs,file:///workdir/hadoop-ozone/integration-test/target/log,UNAVAILABLE}
2019-08-24 12:08:35,014 INFO  statemachine.DatanodeStateMachine (DatanodeStateMachine.java:stopDaemon(395)) - Ozone container server stopped.
2019-08-24 12:08:35,016 INFO  handler.ContextHandler (ContextHandler.java:doStop(910)) - Stopped o.e.j.w.WebAppContext@cef885d{/,null,UNAVAILABLE}{/hddsDatanode}
2019-08-24 12:08:35,016 INFO  datanode.ObjectStoreHandler (ObjectStoreHandler.java:close(155)) - Closing ObjectStoreHandler.
2019-08-24 12:08:35,016 INFO  server.AbstractConnector (AbstractConnector.java:doStop(318)) - Stopped ServerConnector@35d4035f{HTTP/1.1,[http/1.1]}{0.0.0.0:0}
2019-08-24 12:08:35,016 INFO  ozone.HddsDatanodeService (HddsDatanodeService.java:stop(451)) - Stopped plug-in org.apache.hadoop.ozone.web.OzoneHddsDatanodeService@5649f55
2019-08-24 12:08:35,017 INFO  handler.ContextHandler (ContextHandler.java:doStop(910)) - Stopped o.e.j.s.ServletContextHandler@6de5ad56{/static,jar:file:/home/user/.m2/repository/org/apache/hadoop/hadoop-hdds-container-service/0.4.1-SNAPSHOT/hadoop-hdds-container-service-0.4.1-SNAPSHOT.jar!/webapps/static,UNAVAILABLE}
2019-08-24 12:08:35,017 INFO  handler.ContextHandler (ContextHandler.java:doStop(910)) - Stopped o.e.j.s.ServletContextHandler@b56d8a7{/logs,file:///workdir/hadoop-ozone/integration-test/target/log,UNAVAILABLE}
2019-08-24 12:08:35,662 INFO  statemachine.DatanodeStateMachine (DatanodeStateMachine.java:lambda$startDaemon$0(350)) - Ozone container server started.
2019-08-24 12:08:37,211 WARN  server.GrpcLogAppender (LogUtils.java:warn(134)) - 2c37cd26-857b-48ba-bf51-53d6dc663059->64ac8f20-39ba-4880-986e-8ea4baeefec1: Failed appendEntries: org.apache.ratis.thirdparty.io.grpc.StatusRuntimeException: UNAVAILABLE: io exception
2019-08-24 12:08:37,213 INFO  impl.FollowerInfo (FollowerInfo.java:lambda$new$0(50)) - 2c37cd26-857b-48ba-bf51-53d6dc663059->64ac8f20-39ba-4880-986e-8ea4baeefec1: nextIndex: updateUnconditionally 4 -> 3
2019-08-24 12:08:37,221 WARN  server.GrpcLogAppender (LogUtils.java:warn(134)) - 2c37cd26-857b-48ba-bf51-53d6dc663059->ac24382e-f3ea-4dac-af42-de8bfd054530: Failed appendEntries: org.apache.ratis.thirdparty.io.grpc.StatusRuntimeException: UNAVAILABLE: io exception
2019-08-24 12:08:37,223 INFO  impl.FollowerInfo (FollowerInfo.java:lambda$new$0(50)) - 2c37cd26-857b-48ba-bf51-53d6dc663059->ac24382e-f3ea-4dac-af42-de8bfd054530: nextIndex: updateUnconditionally 6 -> 5
2019-08-24 12:08:39,712 WARN  server.GrpcLogAppender (LogUtils.java:warn(134)) - 2c37cd26-857b-48ba-bf51-53d6dc663059->64ac8f20-39ba-4880-986e-8ea4baeefec1: Failed appendEntries: org.apache.ratis.thirdparty.io.grpc.StatusRuntimeException: UNAVAILABLE: io exception
2019-08-24 12:08:39,714 INFO  impl.FollowerInfo (FollowerInfo.java:lambda$new$0(50)) - 2c37cd26-857b-48ba-bf51-53d6dc663059->64ac8f20-39ba-4880-986e-8ea4baeefec1: nextIndex: updateUnconditionally 3 -> 2
2019-08-24 12:08:39,722 WARN  server.GrpcLogAppender (LogUtils.java:warn(134)) - 2c37cd26-857b-48ba-bf51-53d6dc663059->ac24382e-f3ea-4dac-af42-de8bfd054530: Failed appendEntries: org.apache.ratis.thirdparty.io.grpc.StatusRuntimeException: UNAVAILABLE: io exception
2019-08-24 12:08:39,724 INFO  impl.FollowerInfo (FollowerInfo.java:lambda$new$0(50)) - 2c37cd26-857b-48ba-bf51-53d6dc663059->ac24382e-f3ea-4dac-af42-de8bfd054530: nextIndex: updateUnconditionally 5 -> 4
2019-08-24 12:08:40,017 INFO  ozoneimpl.OzoneContainer (OzoneContainer.java:stop(199)) - Attempting to stop container services.
2019-08-24 12:08:40,018 INFO  impl.RaftServerProxy (RaftServerProxy.java:lambda$close$4(314)) - 2c37cd26-857b-48ba-bf51-53d6dc663059: close
2019-08-24 12:08:40,018 INFO  impl.RaftServerImpl (RaftServerImpl.java:lambda$shutdown$3(245)) - 2c37cd26-857b-48ba-bf51-53d6dc663059: shutdown group-84017FC112C4
2019-08-24 12:08:40,019 INFO  util.JmxRegister (JmxRegister.java:unregister(73)) - Successfully un-registered JMX Bean with object name Ratis:service=RaftServer,group=group-84017FC112C4,id=2c37cd26-857b-48ba-bf51-53d6dc663059
2019-08-24 12:08:40,019 INFO  impl.RoleInfo (RoleInfo.java:shutdownLeaderState(104)) - 2c37cd26-857b-48ba-bf51-53d6dc663059: shutdown LeaderState
2019-08-24 12:08:40,019 INFO  impl.PendingRequests (PendingRequests.java:sendNotLeaderResponses(202)) - 2c37cd26-857b-48ba-bf51-53d6dc663059-PendingRequests: sendNotLeaderResponses
2019-08-24 12:08:40,020 INFO  impl.StateMachineUpdater (StateMachineUpdater.java:stopAndJoin(115)) - StateMachineUpdater:2c37cd26-857b-48ba-bf51-53d6dc663059:group-84017FC112C4: set stopIndex = 0
2019-08-24 12:08:40,020 INFO  impl.RaftServerImpl (ServerState.java:close(394)) - 2c37cd26-857b-48ba-bf51-53d6dc663059:group-84017FC112C4 closes. The last applied log index is 0
2019-08-24 12:08:40,021 INFO  segmented.SegmentedRaftLogWorker (SegmentedRaftLogWorker.java:run(313)) - 2c37cd26-857b-48ba-bf51-53d6dc663059-SegmentedRaftLogWorker:Storage Directory /workdir/hadoop-ozone/integration-test/target/test-dir/MiniOzoneClusterImpl-51fda694-2cca-4d9a-be93-0e760f3df14d/datanode-5/data/ratis/28697e4d-660b-47c4-923c-84017fc112c4 was interrupted, exiting. There are 0 tasks remaining in the queue.
2019-08-24 12:08:40,021 INFO  segmented.SegmentedRaftLogWorker (SegmentedRaftLogWorker.java:close(228)) - 2c37cd26-857b-48ba-bf51-53d6dc663059-SegmentedRaftLogWorker:Storage Directory /workdir/hadoop-ozone/integration-test/target/test-dir/MiniOzoneClusterImpl-51fda694-2cca-4d9a-be93-0e760f3df14d/datanode-5/data/ratis/28697e4d-660b-47c4-923c-84017fc112c4 close()
2019-08-24 12:08:40,021 INFO  impl.RaftServerImpl (RaftServerImpl.java:lambda$shutdown$3(245)) - 2c37cd26-857b-48ba-bf51-53d6dc663059: shutdown group-C00A8178B9B1
2019-08-24 12:08:40,022 INFO  util.JmxRegister (JmxRegister.java:unregister(73)) - Successfully un-registered JMX Bean with object name Ratis:service=RaftServer,group=group-C00A8178B9B1,id=2c37cd26-857b-48ba-bf51-53d6dc663059
2019-08-24 12:08:40,022 INFO  impl.RoleInfo (RoleInfo.java:shutdownLeaderState(104)) - 2c37cd26-857b-48ba-bf51-53d6dc663059: shutdown LeaderState
2019-08-24 12:08:40,024 INFO  impl.PendingRequests (PendingRequests.java:sendNotLeaderResponses(202)) - 2c37cd26-857b-48ba-bf51-53d6dc663059-PendingRequests: sendNotLeaderResponses
2019-08-24 12:08:40,025 WARN  server.GrpcLogAppender (GrpcLogAppender.java:mayWait(143)) - GrpcLogAppender(2c37cd26-857b-48ba-bf51-53d6dc663059->64ac8f20-39ba-4880-986e-8ea4baeefec1): Wait interrupted by java.lang.InterruptedException
2019-08-24 12:08:40,024 WARN  server.GrpcLogAppender (GrpcLogAppender.java:mayWait(143)) - GrpcLogAppender(2c37cd26-857b-48ba-bf51-53d6dc663059->ac24382e-f3ea-4dac-af42-de8bfd054530): Wait interrupted by java.lang.InterruptedException
2019-08-24 12:08:40,027 INFO  impl.StateMachineUpdater (StateMachineUpdater.java:stopAndJoin(115)) - StateMachineUpdater:2c37cd26-857b-48ba-bf51-53d6dc663059:group-C00A8178B9B1: set stopIndex = 8
2019-08-24 12:08:40,027 INFO  ratis.ContainerStateMachine (ContainerStateMachine.java:takeSnapshot(262)) - group-C00A8178B9B1: Taking a snapshot at:(t:1, i:6) file /workdir/hadoop-ozone/integration-test/target/test-dir/MiniOzoneClusterImpl-51fda694-2cca-4d9a-be93-0e760f3df14d/datanode-5/data/ratis/443e94db-40ac-44ab-8f96-c00a8178b9b1/sm/snapshot.1_6
2019-08-24 12:08:40,035 INFO  ratis.ContainerStateMachine (ContainerStateMachine.java:takeSnapshot(273)) - group-C00A8178B9B1: Finished taking a snapshot at:(t:1, i:6) file:/workdir/hadoop-ozone/integration-test/target/test-dir/MiniOzoneClusterImpl-51fda694-2cca-4d9a-be93-0e760f3df14d/datanode-5/data/ratis/443e94db-40ac-44ab-8f96-c00a8178b9b1/sm/snapshot.1_6 time:7
2019-08-24 12:08:40,035 INFO  impl.StateMachineUpdater (StateMachineUpdater.java:takeSnapshot(242)) - StateMachineUpdater:2c37cd26-857b-48ba-bf51-53d6dc663059:group-C00A8178B9B1: Took a snapshot at index 6
2019-08-24 12:08:40,035 INFO  impl.StateMachineUpdater (StateMachineUpdater.java:lambda$new$0(80)) - StateMachineUpdater:2c37cd26-857b-48ba-bf51-53d6dc663059:group-C00A8178B9B1: snapshotIndex: updateIncreasingly -1 -> 6
2019-08-24 12:08:40,035 INFO  impl.RaftServerImpl (ServerState.java:close(394)) - 2c37cd26-857b-48ba-bf51-53d6dc663059:group-C00A8178B9B1 closes. The last applied log index is 8
2019-08-24 12:08:40,036 INFO  segmented.SegmentedRaftLogWorker (SegmentedRaftLogWorker.java:run(313)) - 2c37cd26-857b-48ba-bf51-53d6dc663059-SegmentedRaftLogWorker:Storage Directory /workdir/hadoop-ozone/integration-test/target/test-dir/MiniOzoneClusterImpl-51fda694-2cca-4d9a-be93-0e760f3df14d/datanode-5/data/ratis/443e94db-40ac-44ab-8f96-c00a8178b9b1 was interrupted, exiting. There are 0 tasks remaining in the queue.
2019-08-24 12:08:40,036 INFO  segmented.SegmentedRaftLogWorker (SegmentedRaftLogWorker.java:close(228)) - 2c37cd26-857b-48ba-bf51-53d6dc663059-SegmentedRaftLogWorker:Storage Directory /workdir/hadoop-ozone/integration-test/target/test-dir/MiniOzoneClusterImpl-51fda694-2cca-4d9a-be93-0e760f3df14d/datanode-5/data/ratis/443e94db-40ac-44ab-8f96-c00a8178b9b1 close()
2019-08-24 12:08:40,037 INFO  server.GrpcService (GrpcService.java:closeImpl(155)) - 2c37cd26-857b-48ba-bf51-53d6dc663059: shutdown server with port 32981 now
2019-08-24 12:08:40,037 INFO  server.GrpcService (GrpcService.java:closeImpl(163)) - 2c37cd26-857b-48ba-bf51-53d6dc663059: shutdown server with port 32981 successfully
2019-08-24 12:08:40,038 INFO  utils.BackgroundService (BackgroundService.java:shutdown(148)) - Shutting down service BlockDeletingService
2019-08-24 12:08:40,040 WARN  fs.CachingGetSpaceUsed (CachingGetSpaceUsed.java:run(183)) - Thread Interrupted waiting to refresh disk information: sleep interrupted
2019-08-24 12:08:40,058 INFO  statemachine.DatanodeStateMachine (DatanodeStateMachine.java:stopDaemon(395)) - Ozone container server stopped.
2019-08-24 12:08:40,062 INFO  handler.ContextHandler (ContextHandler.java:doStop(910)) - Stopped o.e.j.w.WebAppContext@7323dce7{/,null,UNAVAILABLE}{/hddsDatanode}
2019-08-24 12:08:40,063 INFO  server.AbstractConnector (AbstractConnector.java:doStop(318)) - Stopped ServerConnector@5f68eec6{HTTP/1.1,[http/1.1]}{0.0.0.0:0}
2019-08-24 12:08:40,066 INFO  handler.ContextHandler (ContextHandler.java:doStop(910)) - Stopped o.e.j.s.ServletContextHandler@60e67c06{/static,jar:file:/home/user/.m2/repository/org/apache/hadoop/hadoop-hdds-container-service/0.4.1-SNAPSHOT/hadoop-hdds-container-service-0.4.1-SNAPSHOT.jar!/webapps/static,UNAVAILABLE}
2019-08-24 12:08:40,066 INFO  handler.ContextHandler (ContextHandler.java:doStop(910)) - Stopped o.e.j.s.ServletContextHandler@6d80e411{/logs,file:///workdir/hadoop-ozone/integration-test/target/log,UNAVAILABLE}
2019-08-24 12:08:40,067 INFO  ozone.MiniOzoneClusterImpl (MiniOzoneClusterImpl.java:stop(353)) - Stopping the StorageContainerManager
2019-08-24 12:08:40,068 INFO  server.StorageContainerManager (StorageContainerManager.java:stop(797)) - Stopping Replication Manager Service.
2019-08-24 12:08:40,068 INFO  container.ReplicationManager (ReplicationManager.java:stop(193)) - Stopping Replication Monitor Thread.
2019-08-24 12:08:40,068 INFO  server.StorageContainerManager (StorageContainerManager.java:stop(804)) - Stopping Lease Manager of the command watchers
2019-08-24 12:08:40,069 INFO  server.StorageContainerManager (StorageContainerManager.java:stop(811)) - Stopping datanode service RPC server
2019-08-24 12:08:40,069 INFO  server.SCMDatanodeProtocolServer (SCMDatanodeProtocolServer.java:stop(367)) - Stopping the RPC server for DataNodes
2019-08-24 12:08:40,069 INFO  ipc.Server (Server.java:stop(3082)) - Stopping server on 41776
2019-08-24 12:08:40,073 INFO  ipc.Server (Server.java:run(1319)) - Stopping IPC Server Responder
2019-08-24 12:08:40,073 INFO  ipc.Server (Server.java:run(1185)) - Stopping IPC Server listener on 41776
2019-08-24 12:08:40,127 WARN  node.NodeStateManager (NodeStateManager.java:scheduleNextHealthCheck(646)) - Current Thread is interrupted, shutting down HB processing thread for Node Manager.
2019-08-24 12:08:40,127 INFO  server.StorageContainerManager (StorageContainerManager.java:stop(819)) - Stopping block service RPC server
2019-08-24 12:08:40,128 INFO  server.SCMBlockProtocolServer (SCMBlockProtocolServer.java:stop(148)) - Stopping the RPC server for Block Protocol
2019-08-24 12:08:40,128 INFO  ipc.Server (Server.java:stop(3082)) - Stopping server on 33741
2019-08-24 12:08:40,130 INFO  server.StorageContainerManager (StorageContainerManager.java:stop(826)) - Stopping the StorageContainerLocationProtocol RPC server
2019-08-24 12:08:40,130 INFO  server.SCMClientProtocolServer (SCMClientProtocolServer.java:stop(159)) - Stopping the RPC server for Client Protocol
2019-08-24 12:08:40,131 INFO  ipc.Server (Server.java:run(1185)) - Stopping IPC Server listener on 33741
2019-08-24 12:08:40,131 INFO  ipc.Server (Server.java:stop(3082)) - Stopping server on 40292
2019-08-24 12:08:40,131 INFO  ipc.Server (Server.java:run(1319)) - Stopping IPC Server Responder
2019-08-24 12:08:40,134 INFO  server.StorageContainerManager (StorageContainerManager.java:stop(833)) - Stopping Storage Container Manager HTTP server.
2019-08-24 12:08:40,135 INFO  ipc.Server (Server.java:run(1185)) - Stopping IPC Server listener on 40292
2019-08-24 12:08:40,135 INFO  handler.ContextHandler (ContextHandler.java:doStop(910)) - Stopped o.e.j.w.WebAppContext@785a4557{/,null,UNAVAILABLE}{/scm}
2019-08-24 12:08:40,135 INFO  ipc.Server (Server.java:run(1319)) - Stopping IPC Server Responder
2019-08-24 12:08:40,137 INFO  server.AbstractConnector (AbstractConnector.java:doStop(318)) - Stopped ServerConnector@2bf3ec4{HTTP/1.1,[http/1.1]}{0.0.0.0:0}
2019-08-24 12:08:40,138 INFO  handler.ContextHandler (ContextHandler.java:doStop(910)) - Stopped o.e.j.s.ServletContextHandler@38a96593{/static,file:///workdir/hadoop-ozone/integration-test/target/test-classes/webapps/static,UNAVAILABLE}
2019-08-24 12:08:40,138 INFO  handler.ContextHandler (ContextHandler.java:doStop(910)) - Stopped o.e.j.s.ServletContextHandler@485deee1{/logs,file:///workdir/hadoop-ozone/integration-test/target/log,UNAVAILABLE}
2019-08-24 12:08:40,139 INFO  server.StorageContainerManager (StorageContainerManager.java:stop(844)) - Stopping Block Manager Service.
2019-08-24 12:08:40,140 INFO  utils.BackgroundService (BackgroundService.java:shutdown(148)) - Shutting down service SCMBlockDeletingService
2019-08-24 12:08:40,140 INFO  utils.BackgroundService (BackgroundService.java:shutdown(148)) - Shutting down service SCMBlockDeletingService
2019-08-24 12:08:40,141 INFO  server.StorageContainerManager (StorageContainerManager.java:stop(866)) - Stopping SCM Event Queue.
2019-08-24 12:08:40,145 INFO  impl.MetricsSystemImpl (MetricsSystemImpl.java:stop(210)) - Stopping HddsDatanode metrics system...
2019-08-24 12:08:40,151 INFO  impl.MetricsSystemImpl (MetricsSystemImpl.java:stop(216)) - HddsDatanode metrics system stopped.
]]></system-out>
    <system-err><![CDATA[Aug 24, 2019 12:08:08 PM com.sun.jersey.server.impl.application.WebApplicationImpl _initiate
INFO: Initiating Jersey application, version 'Jersey: 1.19 02/11/2015 03:25 AM'
Aug 24, 2019 12:08:08 PM com.sun.jersey.server.impl.application.WebApplicationImpl _initiate
INFO: Initiating Jersey application, version 'Jersey: 1.19 02/11/2015 03:25 AM'
Aug 24, 2019 12:08:08 PM com.sun.jersey.server.impl.application.WebApplicationImpl _initiate
INFO: Initiating Jersey application, version 'Jersey: 1.19 02/11/2015 03:25 AM'
Aug 24, 2019 12:08:08 PM com.sun.jersey.server.impl.application.WebApplicationImpl _initiate
INFO: Initiating Jersey application, version 'Jersey: 1.19 02/11/2015 03:25 AM'
Aug 24, 2019 12:08:09 PM com.sun.jersey.server.impl.application.WebApplicationImpl _initiate
INFO: Initiating Jersey application, version 'Jersey: 1.19 02/11/2015 03:25 AM'
Aug 24, 2019 12:08:09 PM com.sun.jersey.server.impl.application.WebApplicationImpl _initiate
INFO: Initiating Jersey application, version 'Jersey: 1.19 02/11/2015 03:25 AM'
Aug 24, 2019 12:08:09 PM com.sun.jersey.server.impl.application.WebApplicationImpl _initiate
INFO: Initiating Jersey application, version 'Jersey: 1.19 02/11/2015 03:25 AM'
]]></system-err>
  </testcase>
</testsuite>