<?xml version="1.0" encoding="UTF-8"?>
<testsuite xmlns:xsi="http://www.w3.org/2001/XMLSchema-instance" xsi:noNamespaceSchemaLocation="https://maven.apache.org/surefire/maven-surefire-plugin/xsd/surefire-test-report.xsd" name="org.apache.hadoop.ozone.freon.TestRandomKeyGenerator" time="126.785" tests="6" errors="1" skipped="0" failures="0">
  <properties>
    <property name="awt.toolkit" value="sun.awt.X11.XToolkit"/>
    <property name="file.encoding.pkg" value="sun.io"/>
    <property name="java.specification.version" value="1.8"/>
    <property name="sun.cpu.isalist" value=""/>
    <property name="sun.jnu.encoding" value="UTF-8"/>
    <property name="java.class.path" value="/workdir/hadoop-ozone/tools/target/test-classes:/workdir/hadoop-ozone/tools/target/classes:/home/user/.m2/repository/org/apache/hadoop/hadoop-ozone-ozone-manager/0.5.0-SNAPSHOT/hadoop-ozone-ozone-manager-0.5.0-SNAPSHOT.jar:/home/user/.m2/repository/org/apache/hadoop/hadoop-hdds-docs/0.5.0-SNAPSHOT/hadoop-hdds-docs-0.5.0-SNAPSHOT.jar:/home/user/.m2/repository/org/bouncycastle/bcprov-jdk15on/1.60/bcprov-jdk15on-1.60.jar:/home/user/.m2/repository/org/apache/hadoop/hadoop-ozone-common/0.5.0-SNAPSHOT/hadoop-ozone-common-0.5.0-SNAPSHOT.jar:/home/user/.m2/repository/org/apache/commons/commons-compress/1.4.1/commons-compress-1.4.1.jar:/home/user/.m2/repository/org/tukaani/xz/1.0/xz-1.0.jar:/home/user/.m2/repository/org/apache/hadoop/hadoop-hdfs-client/3.2.0/hadoop-hdfs-client-3.2.0.jar:/home/user/.m2/repository/com/fasterxml/jackson/core/jackson-annotations/2.9.5/jackson-annotations-2.9.5.jar:/home/user/.m2/repository/org/apache/hadoop/hadoop-hdds-common/0.5.0-SNAPSHOT/hadoop-hdds-common-0.5.0-SNAPSHOT.jar:/home/user/.m2/repository/org/apache/hadoop/hadoop-hdds-config/0.5.0-SNAPSHOT/hadoop-hdds-config-0.5.0-SNAPSHOT.jar:/home/user/.m2/repository/javax/annotation/javax.annotation-api/1.2/javax.annotation-api-1.2.jar:/home/user/.m2/repository/org/apache/ratis/ratis-server/0.4.0-2337318-SNAPSHOT/ratis-server-0.4.0-2337318-SNAPSHOT.jar:/home/user/.m2/repository/org/apache/ratis/ratis-thirdparty-misc/0.2.0/ratis-thirdparty-misc-0.2.0.jar:/home/user/.m2/repository/org/apache/ratis/ratis-proto/0.4.0-2337318-SNAPSHOT/ratis-proto-0.4.0-2337318-SNAPSHOT.jar:/home/user/.m2/repository/org/apache/ratis/ratis-common/0.4.0-2337318-SNAPSHOT/ratis-common-0.4.0-2337318-SNAPSHOT.jar:/home/user/.m2/repository/org/apache/ratis/ratis-client/0.4.0-2337318-SNAPSHOT/ratis-client-0.4.0-2337318-SNAPSHOT.jar:/home/user/.m2/repository/org/apache/ratis/ratis-metrics/0.4.0-2337318-SNAPSHOT/ratis-metrics-0.4.0-2337318-SNAPSHOT.jar:/home/user/.m2/repository/org/apache/ratis/ratis-netty/0.4.0-2337318-SNAPSHOT/ratis-netty-0.4.0-2337318-SNAPSHOT.jar:/home/user/.m2/repository/org/apache/ratis/ratis-grpc/0.4.0-2337318-SNAPSHOT/ratis-grpc-0.4.0-2337318-SNAPSHOT.jar:/home/user/.m2/repository/org/rocksdb/rocksdbjni/6.0.1/rocksdbjni-6.0.1.jar:/home/user/.m2/repository/org/apache/logging/log4j/log4j-api/2.11.0/log4j-api-2.11.0.jar:/home/user/.m2/repository/org/apache/logging/log4j/log4j-core/2.11.0/log4j-core-2.11.0.jar:/home/user/.m2/repository/com/lmax/disruptor/3.4.2/disruptor-3.4.2.jar:/home/user/.m2/repository/org/apache/commons/commons-pool2/2.6.0/commons-pool2-2.6.0.jar:/home/user/.m2/repository/org/bouncycastle/bcpkix-jdk15on/1.60/bcpkix-jdk15on-1.60.jar:/home/user/.m2/repository/commons-validator/commons-validator/1.6/commons-validator-1.6.jar:/home/user/.m2/repository/commons-digester/commons-digester/1.8.1/commons-digester-1.8.1.jar:/home/user/.m2/repository/io/jaegertracing/jaeger-client/0.33.1/jaeger-client-0.33.1.jar:/home/user/.m2/repository/io/jaegertracing/jaeger-thrift/0.33.1/jaeger-thrift-0.33.1.jar:/home/user/.m2/repository/org/apache/thrift/libthrift/0.11.0/libthrift-0.11.0.jar:/home/user/.m2/repository/com/squareup/okhttp3/okhttp/3.9.0/okhttp-3.9.0.jar:/home/user/.m2/repository/com/squareup/okio/okio/1.13.0/okio-1.13.0.jar:/home/user/.m2/repository/io/jaegertracing/jaeger-core/0.33.1/jaeger-core-0.33.1.jar:/home/user/.m2/repository/io/jaegertracing/jaeger-tracerresolver/0.33.1/jaeger-tracerresolver-0.33.1.jar:/home/user/.m2/repository/io/opentracing/contrib/opentracing-tracerresolver/0.1.5/opentracing-tracerresolver-0.1.5.jar:/home/user/.m2/repository/io/opentracing/opentracing-util/0.31.0/opentracing-util-0.31.0.jar:/home/user/.m2/repository/io/opentracing/opentracing-api/0.31.0/opentracing-api-0.31.0.jar:/home/user/.m2/repository/io/opentracing/opentracing-noop/0.31.0/opentracing-noop-0.31.0.jar:/home/user/.m2/repository/org/yaml/snakeyaml/1.16/snakeyaml-1.16.jar:/home/user/.m2/repository/org/apache/hadoop/hadoop-hdds-container-service/0.5.0-SNAPSHOT/hadoop-hdds-container-service-0.5.0-SNAPSHOT.jar:/home/user/.m2/repository/org/apache/hadoop/hadoop-hdds-client/0.5.0-SNAPSHOT/hadoop-hdds-client-0.5.0-SNAPSHOT.jar:/home/user/.m2/repository/org/apache/hadoop/hadoop-hdds-tools/0.5.0-SNAPSHOT/hadoop-hdds-tools-0.5.0-SNAPSHOT.jar:/home/user/.m2/repository/org/xerial/sqlite-jdbc/3.25.2/sqlite-jdbc-3.25.2.jar:/home/user/.m2/repository/org/apache/hadoop/hadoop-hdds-server-scm/0.5.0-SNAPSHOT/hadoop-hdds-server-scm-0.5.0-SNAPSHOT.jar:/home/user/.m2/repository/com/sun/xml/bind/jaxb-impl/2.3.0.1/jaxb-impl-2.3.0.1.jar:/home/user/.m2/repository/org/hamcrest/hamcrest-all/1.3/hamcrest-all-1.3.jar:/home/user/.m2/repository/info/picocli/picocli/3.9.6/picocli-3.9.6.jar:/home/user/.m2/repository/com/google/protobuf/protobuf-java/2.5.0/protobuf-java-2.5.0.jar:/home/user/.m2/repository/com/google/guava/guava/11.0.2/guava-11.0.2.jar:/home/user/.m2/repository/org/apache/hadoop/hadoop-ozone-client/0.5.0-SNAPSHOT/hadoop-ozone-client-0.5.0-SNAPSHOT.jar:/workdir/hadoop-ozone/ozonefs/target/classes:/home/user/.m2/repository/org/apache/hadoop/hadoop-hdds-server-framework/0.5.0-SNAPSHOT/hadoop-hdds-server-framework-0.5.0-SNAPSHOT.jar:/home/user/.m2/repository/org/apache/hadoop/hadoop-common/3.2.0/hadoop-common-3.2.0.jar:/home/user/.m2/repository/org/apache/hadoop/hadoop-annotations/3.2.0/hadoop-annotations-3.2.0.jar:/usr/lib/jvm/java-1.8-openjdk/jre/../lib/tools.jar:/home/user/.m2/repository/commons-cli/commons-cli/1.2/commons-cli-1.2.jar:/home/user/.m2/repository/org/apache/commons/commons-math3/3.1.1/commons-math3-3.1.1.jar:/home/user/.m2/repository/org/apache/httpcomponents/httpclient/4.5.2/httpclient-4.5.2.jar:/home/user/.m2/repository/org/apache/httpcomponents/httpcore/4.4.4/httpcore-4.4.4.jar:/home/user/.m2/repository/commons-codec/commons-codec/1.11/commons-codec-1.11.jar:/home/user/.m2/repository/commons-io/commons-io/2.5/commons-io-2.5.jar:/home/user/.m2/repository/commons-net/commons-net/3.6/commons-net-3.6.jar:/home/user/.m2/repository/commons-collections/commons-collections/3.2.2/commons-collections-3.2.2.jar:/home/user/.m2/repository/javax/servlet/javax.servlet-api/3.1.0/javax.servlet-api-3.1.0.jar:/home/user/.m2/repository/org/eclipse/jetty/jetty-server/9.3.24.v20180605/jetty-server-9.3.24.v20180605.jar:/home/user/.m2/repository/org/eclipse/jetty/jetty-http/9.3.24.v20180605/jetty-http-9.3.24.v20180605.jar:/home/user/.m2/repository/org/eclipse/jetty/jetty-io/9.3.24.v20180605/jetty-io-9.3.24.v20180605.jar:/home/user/.m2/repository/org/eclipse/jetty/jetty-util/9.3.24.v20180605/jetty-util-9.3.24.v20180605.jar:/home/user/.m2/repository/org/eclipse/jetty/jetty-servlet/9.3.24.v20180605/jetty-servlet-9.3.24.v20180605.jar:/home/user/.m2/repository/org/eclipse/jetty/jetty-security/9.3.24.v20180605/jetty-security-9.3.24.v20180605.jar:/home/user/.m2/repository/org/eclipse/jetty/jetty-webapp/9.3.24.v20180605/jetty-webapp-9.3.24.v20180605.jar:/home/user/.m2/repository/org/eclipse/jetty/jetty-xml/9.3.24.v20180605/jetty-xml-9.3.24.v20180605.jar:/home/user/.m2/repository/javax/servlet/jsp/jsp-api/2.1/jsp-api-2.1.jar:/home/user/.m2/repository/com/sun/jersey/jersey-core/1.19/jersey-core-1.19.jar:/home/user/.m2/repository/javax/ws/rs/jsr311-api/1.1.1/jsr311-api-1.1.1.jar:/home/user/.m2/repository/com/sun/jersey/jersey-servlet/1.19/jersey-servlet-1.19.jar:/home/user/.m2/repository/com/sun/jersey/jersey-json/1.19/jersey-json-1.19.jar:/home/user/.m2/repository/org/codehaus/jettison/jettison/1.1/jettison-1.1.jar:/home/user/.m2/repository/org/codehaus/jackson/jackson-core-asl/1.9.13/jackson-core-asl-1.9.13.jar:/home/user/.m2/repository/org/codehaus/jackson/jackson-mapper-asl/1.9.13/jackson-mapper-asl-1.9.13.jar:/home/user/.m2/repository/org/codehaus/jackson/jackson-jaxrs/1.9.13/jackson-jaxrs-1.9.13.jar:/home/user/.m2/repository/org/codehaus/jackson/jackson-xc/1.9.13/jackson-xc-1.9.13.jar:/home/user/.m2/repository/com/sun/jersey/jersey-server/1.19/jersey-server-1.19.jar:/home/user/.m2/repository/commons-logging/commons-logging/1.1.3/commons-logging-1.1.3.jar:/home/user/.m2/repository/log4j/log4j/1.2.17/log4j-1.2.17.jar:/home/user/.m2/repository/commons-beanutils/commons-beanutils/1.9.3/commons-beanutils-1.9.3.jar:/home/user/.m2/repository/org/apache/commons/commons-configuration2/2.1.1/commons-configuration2-2.1.1.jar:/home/user/.m2/repository/org/apache/commons/commons-lang3/3.7/commons-lang3-3.7.jar:/home/user/.m2/repository/org/apache/commons/commons-text/1.4/commons-text-1.4.jar:/home/user/.m2/repository/org/slf4j/slf4j-api/1.7.25/slf4j-api-1.7.25.jar:/home/user/.m2/repository/org/slf4j/slf4j-log4j12/1.7.25/slf4j-log4j12-1.7.25.jar:/home/user/.m2/repository/org/apache/avro/avro/1.7.7/avro-1.7.7.jar:/home/user/.m2/repository/com/thoughtworks/paranamer/paranamer/2.3/paranamer-2.3.jar:/home/user/.m2/repository/org/xerial/snappy/snappy-java/1.0.5/snappy-java-1.0.5.jar:/home/user/.m2/repository/com/google/re2j/re2j/1.1/re2j-1.1.jar:/home/user/.m2/repository/com/google/code/gson/gson/2.2.4/gson-2.2.4.jar:/home/user/.m2/repository/org/apache/hadoop/hadoop-auth/3.2.0/hadoop-auth-3.2.0.jar:/home/user/.m2/repository/com/nimbusds/nimbus-jose-jwt/4.41.1/nimbus-jose-jwt-4.41.1.jar:/home/user/.m2/repository/com/github/stephenc/jcip/jcip-annotations/1.0-1/jcip-annotations-1.0-1.jar:/home/user/.m2/repository/net/minidev/json-smart/2.3/json-smart-2.3.jar:/home/user/.m2/repository/net/minidev/accessors-smart/1.2/accessors-smart-1.2.jar:/home/user/.m2/repository/org/apache/curator/curator-framework/2.12.0/curator-framework-2.12.0.jar:/home/user/.m2/repository/com/jcraft/jsch/0.1.54/jsch-0.1.54.jar:/home/user/.m2/repository/org/apache/curator/curator-client/2.12.0/curator-client-2.12.0.jar:/home/user/.m2/repository/org/apache/curator/curator-recipes/2.12.0/curator-recipes-2.12.0.jar:/home/user/.m2/repository/com/google/code/findbugs/jsr305/3.0.0/jsr305-3.0.0.jar:/home/user/.m2/repository/org/apache/htrace/htrace-core4/4.1.0-incubating/htrace-core4-4.1.0-incubating.jar:/home/user/.m2/repository/org/apache/zookeeper/zookeeper/3.4.13/zookeeper-3.4.13.jar:/home/user/.m2/repository/org/apache/yetus/audience-annotations/0.5.0/audience-annotations-0.5.0.jar:/home/user/.m2/repository/org/apache/kerby/kerb-simplekdc/1.0.1/kerb-simplekdc-1.0.1.jar:/home/user/.m2/repository/org/apache/kerby/kerb-client/1.0.1/kerb-client-1.0.1.jar:/home/user/.m2/repository/org/apache/kerby/kerby-config/1.0.1/kerby-config-1.0.1.jar:/home/user/.m2/repository/org/apache/kerby/kerb-core/1.0.1/kerb-core-1.0.1.jar:/home/user/.m2/repository/org/apache/kerby/kerby-pkix/1.0.1/kerby-pkix-1.0.1.jar:/home/user/.m2/repository/org/apache/kerby/kerby-asn1/1.0.1/kerby-asn1-1.0.1.jar:/home/user/.m2/repository/org/apache/kerby/kerby-util/1.0.1/kerby-util-1.0.1.jar:/home/user/.m2/repository/org/apache/kerby/kerb-common/1.0.1/kerb-common-1.0.1.jar:/home/user/.m2/repository/org/apache/kerby/kerb-crypto/1.0.1/kerb-crypto-1.0.1.jar:/home/user/.m2/repository/org/apache/kerby/kerb-util/1.0.1/kerb-util-1.0.1.jar:/home/user/.m2/repository/org/apache/kerby/token-provider/1.0.1/token-provider-1.0.1.jar:/home/user/.m2/repository/org/apache/kerby/kerb-admin/1.0.1/kerb-admin-1.0.1.jar:/home/user/.m2/repository/org/apache/kerby/kerb-server/1.0.1/kerb-server-1.0.1.jar:/home/user/.m2/repository/org/apache/kerby/kerb-identity/1.0.1/kerb-identity-1.0.1.jar:/home/user/.m2/repository/org/apache/kerby/kerby-xdr/1.0.1/kerby-xdr-1.0.1.jar:/home/user/.m2/repository/com/fasterxml/jackson/core/jackson-databind/2.9.5/jackson-databind-2.9.5.jar:/home/user/.m2/repository/com/fasterxml/jackson/core/jackson-core/2.9.5/jackson-core-2.9.5.jar:/home/user/.m2/repository/org/codehaus/woodstox/stax2-api/3.1.4/stax2-api-3.1.4.jar:/home/user/.m2/repository/com/fasterxml/woodstox/woodstox-core/5.0.3/woodstox-core-5.0.3.jar:/home/user/.m2/repository/dnsjava/dnsjava/2.1.7/dnsjava-2.1.7.jar:/home/user/.m2/repository/org/apache/hadoop/hadoop-hdfs/3.2.0/hadoop-hdfs-3.2.0.jar:/home/user/.m2/repository/org/eclipse/jetty/jetty-util-ajax/9.3.24.v20180605/jetty-util-ajax-9.3.24.v20180605.jar:/home/user/.m2/repository/commons-daemon/commons-daemon/1.0.13/commons-daemon-1.0.13.jar:/home/user/.m2/repository/io/netty/netty/3.10.5.Final/netty-3.10.5.Final.jar:/home/user/.m2/repository/io/netty/netty-all/4.0.52.Final/netty-all-4.0.52.Final.jar:/home/user/.m2/repository/org/fusesource/leveldbjni/leveldbjni-all/1.8/leveldbjni-all-1.8.jar:/home/user/.m2/repository/com/sun/xml/bind/jaxb-core/2.3.0.1/jaxb-core-2.3.0.1.jar:/home/user/.m2/repository/javax/xml/bind/jaxb-api/2.3.0/jaxb-api-2.3.0.jar:/home/user/.m2/repository/javax/activation/activation/1.1.1/activation-1.1.1.jar:/home/user/.m2/repository/io/dropwizard/metrics/metrics-core/3.2.4/metrics-core-3.2.4.jar:/home/user/.m2/repository/org/openjdk/jmh/jmh-core/1.19/jmh-core-1.19.jar:/home/user/.m2/repository/net/sf/jopt-simple/jopt-simple/4.6/jopt-simple-4.6.jar:/home/user/.m2/repository/org/openjdk/jmh/jmh-generator-annprocess/1.19/jmh-generator-annprocess-1.19.jar:/home/user/.m2/repository/com/google/code/findbugs/findbugs/3.0.1/findbugs-3.0.1.jar:/home/user/.m2/repository/net/jcip/jcip-annotations/1.0/jcip-annotations-1.0.jar:/home/user/.m2/repository/com/google/code/findbugs/bcel-findbugs/6.0/bcel-findbugs-6.0.jar:/home/user/.m2/repository/com/google/code/findbugs/jFormatString/2.0.1/jFormatString-2.0.1.jar:/home/user/.m2/repository/dom4j/dom4j/1.6.1/dom4j-1.6.1.jar:/home/user/.m2/repository/xml-apis/xml-apis/1.0.b2/xml-apis-1.0.b2.jar:/home/user/.m2/repository/org/ow2/asm/asm-debug-all/5.0.2/asm-debug-all-5.0.2.jar:/home/user/.m2/repository/org/ow2/asm/asm-commons/5.0.2/asm-commons-5.0.2.jar:/home/user/.m2/repository/org/ow2/asm/asm-tree/5.0.2/asm-tree-5.0.2.jar:/home/user/.m2/repository/org/ow2/asm/asm/5.0.4/asm-5.0.4.jar:/home/user/.m2/repository/commons-lang/commons-lang/2.6/commons-lang-2.6.jar:/home/user/.m2/repository/com/apple/AppleJavaExtensions/1.4/AppleJavaExtensions-1.4.jar:/home/user/.m2/repository/jaxen/jaxen/1.1.6/jaxen-1.1.6.jar:/home/user/.m2/repository/junit/junit/4.11/junit-4.11.jar:/home/user/.m2/repository/org/hamcrest/hamcrest-core/1.3/hamcrest-core-1.3.jar:/home/user/.m2/repository/org/apache/hadoop/hadoop-common/3.2.0/hadoop-common-3.2.0-tests.jar:/workdir/hadoop-ozone/integration-test/target/test-classes:/home/user/.m2/repository/org/apache/hadoop/hadoop-ozone-s3gateway/0.5.0-SNAPSHOT/hadoop-ozone-s3gateway-0.5.0-SNAPSHOT.jar:/home/user/.m2/repository/org/jboss/weld/servlet/weld-servlet/2.4.7.Final/weld-servlet-2.4.7.Final.jar:/home/user/.m2/repository/org/glassfish/jersey/containers/jersey-container-servlet-core/2.27/jersey-container-servlet-core-2.27.jar:/home/user/.m2/repository/org/glassfish/hk2/external/javax.inject/2.5.0-b42/javax.inject-2.5.0-b42.jar:/home/user/.m2/repository/org/glassfish/jersey/core/jersey-common/2.27/jersey-common-2.27.jar:/home/user/.m2/repository/org/glassfish/hk2/osgi-resource-locator/1.0.1/osgi-resource-locator-1.0.1.jar:/home/user/.m2/repository/javax/ws/rs/javax.ws.rs-api/2.1/javax.ws.rs-api-2.1.jar:/home/user/.m2/repository/org/glassfish/jersey/ext/cdi/jersey-cdi1x/2.27/jersey-cdi1x-2.27.jar:/home/user/.m2/repository/org/glassfish/jersey/inject/jersey-hk2/2.27/jersey-hk2-2.27.jar:/home/user/.m2/repository/org/glassfish/hk2/hk2-locator/2.5.0-b42/hk2-locator-2.5.0-b42.jar:/home/user/.m2/repository/org/javassist/javassist/3.22.0-CR2/javassist-3.22.0-CR2.jar:/home/user/.m2/repository/org/glassfish/hk2/hk2-api/2.5.0/hk2-api-2.5.0.jar:/home/user/.m2/repository/org/glassfish/hk2/external/jakarta.inject/2.5.0/jakarta.inject-2.5.0.jar:/home/user/.m2/repository/org/glassfish/hk2/hk2-utils/2.5.0/hk2-utils-2.5.0.jar:/home/user/.m2/repository/jakarta/annotation/jakarta.annotation-api/1.3.4/jakarta.annotation-api-1.3.4.jar:/home/user/.m2/repository/org/glassfish/hk2/external/aopalliance-repackaged/2.5.0/aopalliance-repackaged-2.5.0.jar:/home/user/.m2/repository/com/fasterxml/jackson/dataformat/jackson-dataformat-xml/2.9.0/jackson-dataformat-xml-2.9.0.jar:/home/user/.m2/repository/com/fasterxml/jackson/module/jackson-module-jaxb-annotations/2.9.5/jackson-module-jaxb-annotations-2.9.5.jar:/home/user/.m2/repository/javax/enterprise/cdi-api/1.2/cdi-api-1.2.jar:/home/user/.m2/repository/javax/el/javax.el-api/3.0.0/javax.el-api-3.0.0.jar:/home/user/.m2/repository/javax/interceptor/javax.interceptor-api/1.2/javax.interceptor-api-1.2.jar:/home/user/.m2/repository/javax/inject/javax.inject/1/javax.inject-1.jar:/home/user/.m2/repository/org/apache/hadoop/hadoop-ozone-csi/0.5.0-SNAPSHOT/hadoop-ozone-csi-0.5.0-SNAPSHOT.jar:/home/user/.m2/repository/com/google/protobuf/protobuf-java-util/3.5.1/protobuf-java-util-3.5.1.jar:/home/user/.m2/repository/io/grpc/grpc-netty/1.17.1/grpc-netty-1.17.1.jar:/home/user/.m2/repository/io/grpc/grpc-core/1.17.1/grpc-core-1.17.1.jar:/home/user/.m2/repository/io/grpc/grpc-context/1.17.1/grpc-context-1.17.1.jar:/home/user/.m2/repository/com/google/errorprone/error_prone_annotations/2.2.0/error_prone_annotations-2.2.0.jar:/home/user/.m2/repository/org/codehaus/mojo/animal-sniffer-annotations/1.17/animal-sniffer-annotations-1.17.jar:/home/user/.m2/repository/io/opencensus/opencensus-api/0.17.0/opencensus-api-0.17.0.jar:/home/user/.m2/repository/io/opencensus/opencensus-contrib-grpc-metrics/0.17.0/opencensus-contrib-grpc-metrics-0.17.0.jar:/home/user/.m2/repository/io/netty/netty-codec-http2/4.1.30.Final/netty-codec-http2-4.1.30.Final.jar:/home/user/.m2/repository/io/netty/netty-codec-http/4.1.30.Final/netty-codec-http-4.1.30.Final.jar:/home/user/.m2/repository/io/netty/netty-codec/4.1.30.Final/netty-codec-4.1.30.Final.jar:/home/user/.m2/repository/io/netty/netty-handler/4.1.30.Final/netty-handler-4.1.30.Final.jar:/home/user/.m2/repository/io/netty/netty-handler-proxy/4.1.30.Final/netty-handler-proxy-4.1.30.Final.jar:/home/user/.m2/repository/io/netty/netty-codec-socks/4.1.30.Final/netty-codec-socks-4.1.30.Final.jar:/home/user/.m2/repository/io/netty/netty-transport-native-epoll/4.1.30.Final/netty-transport-native-epoll-4.1.30.Final.jar:/home/user/.m2/repository/io/netty/netty-common/4.1.30.Final/netty-common-4.1.30.Final.jar:/home/user/.m2/repository/io/netty/netty-buffer/4.1.30.Final/netty-buffer-4.1.30.Final.jar:/home/user/.m2/repository/io/netty/netty-transport/4.1.30.Final/netty-transport-4.1.30.Final.jar:/home/user/.m2/repository/io/netty/netty-resolver/4.1.30.Final/netty-resolver-4.1.30.Final.jar:/home/user/.m2/repository/io/netty/netty-transport-native-unix-common/4.1.30.Final/netty-transport-native-unix-common-4.1.30.Final.jar:/home/user/.m2/repository/io/grpc/grpc-protobuf/1.17.1/grpc-protobuf-1.17.1.jar:/home/user/.m2/repository/com/google/api/grpc/proto-google-common-protos/1.0.0/proto-google-common-protos-1.0.0.jar:/home/user/.m2/repository/io/grpc/grpc-protobuf-lite/1.17.1/grpc-protobuf-lite-1.17.1.jar:/home/user/.m2/repository/io/grpc/grpc-stub/1.17.1/grpc-stub-1.17.1.jar:/home/user/.m2/repository/org/apache/hadoop/hadoop-ozone-recon/0.5.0-SNAPSHOT/hadoop-ozone-recon-0.5.0-SNAPSHOT.jar:/home/user/.m2/repository/org/apache/hadoop/hadoop-ozone-reconcodegen/0.5.0-SNAPSHOT/hadoop-ozone-reconcodegen-0.5.0-SNAPSHOT.jar:/home/user/.m2/repository/com/google/inject/extensions/guice-multibindings/4.0/guice-multibindings-4.0.jar:/home/user/.m2/repository/com/google/inject/guice/4.0/guice-4.0.jar:/home/user/.m2/repository/aopalliance/aopalliance/1.0/aopalliance-1.0.jar:/home/user/.m2/repository/com/google/inject/extensions/guice-servlet/4.0/guice-servlet-4.0.jar:/home/user/.m2/repository/org/glassfish/jersey/containers/jersey-container-servlet/2.27/jersey-container-servlet-2.27.jar:/home/user/.m2/repository/org/glassfish/hk2/guice-bridge/2.5.0/guice-bridge-2.5.0.jar:/home/user/.m2/repository/org/glassfish/jersey/core/jersey-server/2.27/jersey-server-2.27.jar:/home/user/.m2/repository/org/glassfish/jersey/core/jersey-client/2.27/jersey-client-2.27.jar:/home/user/.m2/repository/org/glassfish/jersey/media/jersey-media-jaxb/2.27/jersey-media-jaxb-2.27.jar:/home/user/.m2/repository/javax/validation/validation-api/1.1.0.Final/validation-api-1.1.0.Final.jar:/home/user/.m2/repository/org/glassfish/jersey/media/jersey-media-json-jackson/2.27/jersey-media-json-jackson-2.27.jar:/home/user/.m2/repository/org/glassfish/jersey/ext/jersey-entity-filtering/2.27/jersey-entity-filtering-2.27.jar:/home/user/.m2/repository/com/google/inject/extensions/guice-assistedinject/4.0/guice-assistedinject-4.0.jar:/home/user/.m2/repository/org/jooq/jooq/3.11.10/jooq-3.11.10.jar:/home/user/.m2/repository/org/jooq/jooq-meta/3.11.10/jooq-meta-3.11.10.jar:/home/user/.m2/repository/org/jooq/jooq-codegen/3.11.10/jooq-codegen-3.11.10.jar:/home/user/.m2/repository/com/jolbox/bonecp/0.8.0.RELEASE/bonecp-0.8.0.RELEASE.jar:/home/user/.m2/repository/org/springframework/spring-jdbc/5.1.3.RELEASE/spring-jdbc-5.1.3.RELEASE.jar:/home/user/.m2/repository/org/springframework/spring-beans/5.1.3.RELEASE/spring-beans-5.1.3.RELEASE.jar:/home/user/.m2/repository/org/springframework/spring-core/5.1.3.RELEASE/spring-core-5.1.3.RELEASE.jar:/home/user/.m2/repository/org/springframework/spring-jcl/5.1.3.RELEASE/spring-jcl-5.1.3.RELEASE.jar:/home/user/.m2/repository/org/springframework/spring-tx/5.1.3.RELEASE/spring-tx-5.1.3.RELEASE.jar:/home/user/.m2/repository/org/mockito/mockito-core/2.15.0/mockito-core-2.15.0.jar:/home/user/.m2/repository/net/bytebuddy/byte-buddy/1.7.9/byte-buddy-1.7.9.jar:/home/user/.m2/repository/net/bytebuddy/byte-buddy-agent/1.7.9/byte-buddy-agent-1.7.9.jar:/home/user/.m2/repository/org/objenesis/objenesis/1.0/objenesis-1.0.jar:"/>
    <property name="java.vm.vendor" value="IcedTea"/>
    <property name="sun.arch.data.model" value="64"/>
    <property name="test.build.dir" value="/workdir/hadoop-ozone/tools/target/test-dir"/>
    <property name="test.cache.data" value=""/>
    <property name="java.vendor.url" value="https://icedtea.classpath.org"/>
    <property name="user.timezone" value=""/>
    <property name="java.vm.specification.version" value="1.8"/>
    <property name="os.name" value="Linux"/>
    <property name="test.build.data" value="/workdir/hadoop-ozone/tools/target/test-dir"/>
    <property name="user.country" value="US"/>
    <property name="sun.java.launcher" value="SUN_STANDARD"/>
    <property name="sun.boot.library.path" value="/usr/lib/jvm/java-1.8-openjdk/jre/lib/amd64"/>
    <property name="sun.java.command" value="/workdir/hadoop-ozone/tools/target/surefire/surefirebooter2773728653449469641.jar /workdir/hadoop-ozone/tools/target/surefire 2019-08-28T19-46-27_198-jvmRun1 surefire7805636826580419592tmp surefire_1041740880737000189859tmp"/>
    <property name="test" value="!TestMiniChaosOzoneCluster"/>
    <property name="surefire.test.class.path" value="/workdir/hadoop-ozone/tools/target/test-classes:/workdir/hadoop-ozone/tools/target/classes:/home/user/.m2/repository/org/apache/hadoop/hadoop-ozone-ozone-manager/0.5.0-SNAPSHOT/hadoop-ozone-ozone-manager-0.5.0-SNAPSHOT.jar:/home/user/.m2/repository/org/apache/hadoop/hadoop-hdds-docs/0.5.0-SNAPSHOT/hadoop-hdds-docs-0.5.0-SNAPSHOT.jar:/home/user/.m2/repository/org/bouncycastle/bcprov-jdk15on/1.60/bcprov-jdk15on-1.60.jar:/home/user/.m2/repository/org/apache/hadoop/hadoop-ozone-common/0.5.0-SNAPSHOT/hadoop-ozone-common-0.5.0-SNAPSHOT.jar:/home/user/.m2/repository/org/apache/commons/commons-compress/1.4.1/commons-compress-1.4.1.jar:/home/user/.m2/repository/org/tukaani/xz/1.0/xz-1.0.jar:/home/user/.m2/repository/org/apache/hadoop/hadoop-hdfs-client/3.2.0/hadoop-hdfs-client-3.2.0.jar:/home/user/.m2/repository/com/fasterxml/jackson/core/jackson-annotations/2.9.5/jackson-annotations-2.9.5.jar:/home/user/.m2/repository/org/apache/hadoop/hadoop-hdds-common/0.5.0-SNAPSHOT/hadoop-hdds-common-0.5.0-SNAPSHOT.jar:/home/user/.m2/repository/org/apache/hadoop/hadoop-hdds-config/0.5.0-SNAPSHOT/hadoop-hdds-config-0.5.0-SNAPSHOT.jar:/home/user/.m2/repository/javax/annotation/javax.annotation-api/1.2/javax.annotation-api-1.2.jar:/home/user/.m2/repository/org/apache/ratis/ratis-server/0.4.0-2337318-SNAPSHOT/ratis-server-0.4.0-2337318-SNAPSHOT.jar:/home/user/.m2/repository/org/apache/ratis/ratis-thirdparty-misc/0.2.0/ratis-thirdparty-misc-0.2.0.jar:/home/user/.m2/repository/org/apache/ratis/ratis-proto/0.4.0-2337318-SNAPSHOT/ratis-proto-0.4.0-2337318-SNAPSHOT.jar:/home/user/.m2/repository/org/apache/ratis/ratis-common/0.4.0-2337318-SNAPSHOT/ratis-common-0.4.0-2337318-SNAPSHOT.jar:/home/user/.m2/repository/org/apache/ratis/ratis-client/0.4.0-2337318-SNAPSHOT/ratis-client-0.4.0-2337318-SNAPSHOT.jar:/home/user/.m2/repository/org/apache/ratis/ratis-metrics/0.4.0-2337318-SNAPSHOT/ratis-metrics-0.4.0-2337318-SNAPSHOT.jar:/home/user/.m2/repository/org/apache/ratis/ratis-netty/0.4.0-2337318-SNAPSHOT/ratis-netty-0.4.0-2337318-SNAPSHOT.jar:/home/user/.m2/repository/org/apache/ratis/ratis-grpc/0.4.0-2337318-SNAPSHOT/ratis-grpc-0.4.0-2337318-SNAPSHOT.jar:/home/user/.m2/repository/org/rocksdb/rocksdbjni/6.0.1/rocksdbjni-6.0.1.jar:/home/user/.m2/repository/org/apache/logging/log4j/log4j-api/2.11.0/log4j-api-2.11.0.jar:/home/user/.m2/repository/org/apache/logging/log4j/log4j-core/2.11.0/log4j-core-2.11.0.jar:/home/user/.m2/repository/com/lmax/disruptor/3.4.2/disruptor-3.4.2.jar:/home/user/.m2/repository/org/apache/commons/commons-pool2/2.6.0/commons-pool2-2.6.0.jar:/home/user/.m2/repository/org/bouncycastle/bcpkix-jdk15on/1.60/bcpkix-jdk15on-1.60.jar:/home/user/.m2/repository/commons-validator/commons-validator/1.6/commons-validator-1.6.jar:/home/user/.m2/repository/commons-digester/commons-digester/1.8.1/commons-digester-1.8.1.jar:/home/user/.m2/repository/io/jaegertracing/jaeger-client/0.33.1/jaeger-client-0.33.1.jar:/home/user/.m2/repository/io/jaegertracing/jaeger-thrift/0.33.1/jaeger-thrift-0.33.1.jar:/home/user/.m2/repository/org/apache/thrift/libthrift/0.11.0/libthrift-0.11.0.jar:/home/user/.m2/repository/com/squareup/okhttp3/okhttp/3.9.0/okhttp-3.9.0.jar:/home/user/.m2/repository/com/squareup/okio/okio/1.13.0/okio-1.13.0.jar:/home/user/.m2/repository/io/jaegertracing/jaeger-core/0.33.1/jaeger-core-0.33.1.jar:/home/user/.m2/repository/io/jaegertracing/jaeger-tracerresolver/0.33.1/jaeger-tracerresolver-0.33.1.jar:/home/user/.m2/repository/io/opentracing/contrib/opentracing-tracerresolver/0.1.5/opentracing-tracerresolver-0.1.5.jar:/home/user/.m2/repository/io/opentracing/opentracing-util/0.31.0/opentracing-util-0.31.0.jar:/home/user/.m2/repository/io/opentracing/opentracing-api/0.31.0/opentracing-api-0.31.0.jar:/home/user/.m2/repository/io/opentracing/opentracing-noop/0.31.0/opentracing-noop-0.31.0.jar:/home/user/.m2/repository/org/yaml/snakeyaml/1.16/snakeyaml-1.16.jar:/home/user/.m2/repository/org/apache/hadoop/hadoop-hdds-container-service/0.5.0-SNAPSHOT/hadoop-hdds-container-service-0.5.0-SNAPSHOT.jar:/home/user/.m2/repository/org/apache/hadoop/hadoop-hdds-client/0.5.0-SNAPSHOT/hadoop-hdds-client-0.5.0-SNAPSHOT.jar:/home/user/.m2/repository/org/apache/hadoop/hadoop-hdds-tools/0.5.0-SNAPSHOT/hadoop-hdds-tools-0.5.0-SNAPSHOT.jar:/home/user/.m2/repository/org/xerial/sqlite-jdbc/3.25.2/sqlite-jdbc-3.25.2.jar:/home/user/.m2/repository/org/apache/hadoop/hadoop-hdds-server-scm/0.5.0-SNAPSHOT/hadoop-hdds-server-scm-0.5.0-SNAPSHOT.jar:/home/user/.m2/repository/com/sun/xml/bind/jaxb-impl/2.3.0.1/jaxb-impl-2.3.0.1.jar:/home/user/.m2/repository/org/hamcrest/hamcrest-all/1.3/hamcrest-all-1.3.jar:/home/user/.m2/repository/info/picocli/picocli/3.9.6/picocli-3.9.6.jar:/home/user/.m2/repository/com/google/protobuf/protobuf-java/2.5.0/protobuf-java-2.5.0.jar:/home/user/.m2/repository/com/google/guava/guava/11.0.2/guava-11.0.2.jar:/home/user/.m2/repository/org/apache/hadoop/hadoop-ozone-client/0.5.0-SNAPSHOT/hadoop-ozone-client-0.5.0-SNAPSHOT.jar:/workdir/hadoop-ozone/ozonefs/target/classes:/home/user/.m2/repository/org/apache/hadoop/hadoop-hdds-server-framework/0.5.0-SNAPSHOT/hadoop-hdds-server-framework-0.5.0-SNAPSHOT.jar:/home/user/.m2/repository/org/apache/hadoop/hadoop-common/3.2.0/hadoop-common-3.2.0.jar:/home/user/.m2/repository/org/apache/hadoop/hadoop-annotations/3.2.0/hadoop-annotations-3.2.0.jar:/usr/lib/jvm/java-1.8-openjdk/jre/../lib/tools.jar:/home/user/.m2/repository/commons-cli/commons-cli/1.2/commons-cli-1.2.jar:/home/user/.m2/repository/org/apache/commons/commons-math3/3.1.1/commons-math3-3.1.1.jar:/home/user/.m2/repository/org/apache/httpcomponents/httpclient/4.5.2/httpclient-4.5.2.jar:/home/user/.m2/repository/org/apache/httpcomponents/httpcore/4.4.4/httpcore-4.4.4.jar:/home/user/.m2/repository/commons-codec/commons-codec/1.11/commons-codec-1.11.jar:/home/user/.m2/repository/commons-io/commons-io/2.5/commons-io-2.5.jar:/home/user/.m2/repository/commons-net/commons-net/3.6/commons-net-3.6.jar:/home/user/.m2/repository/commons-collections/commons-collections/3.2.2/commons-collections-3.2.2.jar:/home/user/.m2/repository/javax/servlet/javax.servlet-api/3.1.0/javax.servlet-api-3.1.0.jar:/home/user/.m2/repository/org/eclipse/jetty/jetty-server/9.3.24.v20180605/jetty-server-9.3.24.v20180605.jar:/home/user/.m2/repository/org/eclipse/jetty/jetty-http/9.3.24.v20180605/jetty-http-9.3.24.v20180605.jar:/home/user/.m2/repository/org/eclipse/jetty/jetty-io/9.3.24.v20180605/jetty-io-9.3.24.v20180605.jar:/home/user/.m2/repository/org/eclipse/jetty/jetty-util/9.3.24.v20180605/jetty-util-9.3.24.v20180605.jar:/home/user/.m2/repository/org/eclipse/jetty/jetty-servlet/9.3.24.v20180605/jetty-servlet-9.3.24.v20180605.jar:/home/user/.m2/repository/org/eclipse/jetty/jetty-security/9.3.24.v20180605/jetty-security-9.3.24.v20180605.jar:/home/user/.m2/repository/org/eclipse/jetty/jetty-webapp/9.3.24.v20180605/jetty-webapp-9.3.24.v20180605.jar:/home/user/.m2/repository/org/eclipse/jetty/jetty-xml/9.3.24.v20180605/jetty-xml-9.3.24.v20180605.jar:/home/user/.m2/repository/javax/servlet/jsp/jsp-api/2.1/jsp-api-2.1.jar:/home/user/.m2/repository/com/sun/jersey/jersey-core/1.19/jersey-core-1.19.jar:/home/user/.m2/repository/javax/ws/rs/jsr311-api/1.1.1/jsr311-api-1.1.1.jar:/home/user/.m2/repository/com/sun/jersey/jersey-servlet/1.19/jersey-servlet-1.19.jar:/home/user/.m2/repository/com/sun/jersey/jersey-json/1.19/jersey-json-1.19.jar:/home/user/.m2/repository/org/codehaus/jettison/jettison/1.1/jettison-1.1.jar:/home/user/.m2/repository/org/codehaus/jackson/jackson-core-asl/1.9.13/jackson-core-asl-1.9.13.jar:/home/user/.m2/repository/org/codehaus/jackson/jackson-mapper-asl/1.9.13/jackson-mapper-asl-1.9.13.jar:/home/user/.m2/repository/org/codehaus/jackson/jackson-jaxrs/1.9.13/jackson-jaxrs-1.9.13.jar:/home/user/.m2/repository/org/codehaus/jackson/jackson-xc/1.9.13/jackson-xc-1.9.13.jar:/home/user/.m2/repository/com/sun/jersey/jersey-server/1.19/jersey-server-1.19.jar:/home/user/.m2/repository/commons-logging/commons-logging/1.1.3/commons-logging-1.1.3.jar:/home/user/.m2/repository/log4j/log4j/1.2.17/log4j-1.2.17.jar:/home/user/.m2/repository/commons-beanutils/commons-beanutils/1.9.3/commons-beanutils-1.9.3.jar:/home/user/.m2/repository/org/apache/commons/commons-configuration2/2.1.1/commons-configuration2-2.1.1.jar:/home/user/.m2/repository/org/apache/commons/commons-lang3/3.7/commons-lang3-3.7.jar:/home/user/.m2/repository/org/apache/commons/commons-text/1.4/commons-text-1.4.jar:/home/user/.m2/repository/org/slf4j/slf4j-api/1.7.25/slf4j-api-1.7.25.jar:/home/user/.m2/repository/org/slf4j/slf4j-log4j12/1.7.25/slf4j-log4j12-1.7.25.jar:/home/user/.m2/repository/org/apache/avro/avro/1.7.7/avro-1.7.7.jar:/home/user/.m2/repository/com/thoughtworks/paranamer/paranamer/2.3/paranamer-2.3.jar:/home/user/.m2/repository/org/xerial/snappy/snappy-java/1.0.5/snappy-java-1.0.5.jar:/home/user/.m2/repository/com/google/re2j/re2j/1.1/re2j-1.1.jar:/home/user/.m2/repository/com/google/code/gson/gson/2.2.4/gson-2.2.4.jar:/home/user/.m2/repository/org/apache/hadoop/hadoop-auth/3.2.0/hadoop-auth-3.2.0.jar:/home/user/.m2/repository/com/nimbusds/nimbus-jose-jwt/4.41.1/nimbus-jose-jwt-4.41.1.jar:/home/user/.m2/repository/com/github/stephenc/jcip/jcip-annotations/1.0-1/jcip-annotations-1.0-1.jar:/home/user/.m2/repository/net/minidev/json-smart/2.3/json-smart-2.3.jar:/home/user/.m2/repository/net/minidev/accessors-smart/1.2/accessors-smart-1.2.jar:/home/user/.m2/repository/org/apache/curator/curator-framework/2.12.0/curator-framework-2.12.0.jar:/home/user/.m2/repository/com/jcraft/jsch/0.1.54/jsch-0.1.54.jar:/home/user/.m2/repository/org/apache/curator/curator-client/2.12.0/curator-client-2.12.0.jar:/home/user/.m2/repository/org/apache/curator/curator-recipes/2.12.0/curator-recipes-2.12.0.jar:/home/user/.m2/repository/com/google/code/findbugs/jsr305/3.0.0/jsr305-3.0.0.jar:/home/user/.m2/repository/org/apache/htrace/htrace-core4/4.1.0-incubating/htrace-core4-4.1.0-incubating.jar:/home/user/.m2/repository/org/apache/zookeeper/zookeeper/3.4.13/zookeeper-3.4.13.jar:/home/user/.m2/repository/org/apache/yetus/audience-annotations/0.5.0/audience-annotations-0.5.0.jar:/home/user/.m2/repository/org/apache/kerby/kerb-simplekdc/1.0.1/kerb-simplekdc-1.0.1.jar:/home/user/.m2/repository/org/apache/kerby/kerb-client/1.0.1/kerb-client-1.0.1.jar:/home/user/.m2/repository/org/apache/kerby/kerby-config/1.0.1/kerby-config-1.0.1.jar:/home/user/.m2/repository/org/apache/kerby/kerb-core/1.0.1/kerb-core-1.0.1.jar:/home/user/.m2/repository/org/apache/kerby/kerby-pkix/1.0.1/kerby-pkix-1.0.1.jar:/home/user/.m2/repository/org/apache/kerby/kerby-asn1/1.0.1/kerby-asn1-1.0.1.jar:/home/user/.m2/repository/org/apache/kerby/kerby-util/1.0.1/kerby-util-1.0.1.jar:/home/user/.m2/repository/org/apache/kerby/kerb-common/1.0.1/kerb-common-1.0.1.jar:/home/user/.m2/repository/org/apache/kerby/kerb-crypto/1.0.1/kerb-crypto-1.0.1.jar:/home/user/.m2/repository/org/apache/kerby/kerb-util/1.0.1/kerb-util-1.0.1.jar:/home/user/.m2/repository/org/apache/kerby/token-provider/1.0.1/token-provider-1.0.1.jar:/home/user/.m2/repository/org/apache/kerby/kerb-admin/1.0.1/kerb-admin-1.0.1.jar:/home/user/.m2/repository/org/apache/kerby/kerb-server/1.0.1/kerb-server-1.0.1.jar:/home/user/.m2/repository/org/apache/kerby/kerb-identity/1.0.1/kerb-identity-1.0.1.jar:/home/user/.m2/repository/org/apache/kerby/kerby-xdr/1.0.1/kerby-xdr-1.0.1.jar:/home/user/.m2/repository/com/fasterxml/jackson/core/jackson-databind/2.9.5/jackson-databind-2.9.5.jar:/home/user/.m2/repository/com/fasterxml/jackson/core/jackson-core/2.9.5/jackson-core-2.9.5.jar:/home/user/.m2/repository/org/codehaus/woodstox/stax2-api/3.1.4/stax2-api-3.1.4.jar:/home/user/.m2/repository/com/fasterxml/woodstox/woodstox-core/5.0.3/woodstox-core-5.0.3.jar:/home/user/.m2/repository/dnsjava/dnsjava/2.1.7/dnsjava-2.1.7.jar:/home/user/.m2/repository/org/apache/hadoop/hadoop-hdfs/3.2.0/hadoop-hdfs-3.2.0.jar:/home/user/.m2/repository/org/eclipse/jetty/jetty-util-ajax/9.3.24.v20180605/jetty-util-ajax-9.3.24.v20180605.jar:/home/user/.m2/repository/commons-daemon/commons-daemon/1.0.13/commons-daemon-1.0.13.jar:/home/user/.m2/repository/io/netty/netty/3.10.5.Final/netty-3.10.5.Final.jar:/home/user/.m2/repository/io/netty/netty-all/4.0.52.Final/netty-all-4.0.52.Final.jar:/home/user/.m2/repository/org/fusesource/leveldbjni/leveldbjni-all/1.8/leveldbjni-all-1.8.jar:/home/user/.m2/repository/com/sun/xml/bind/jaxb-core/2.3.0.1/jaxb-core-2.3.0.1.jar:/home/user/.m2/repository/javax/xml/bind/jaxb-api/2.3.0/jaxb-api-2.3.0.jar:/home/user/.m2/repository/javax/activation/activation/1.1.1/activation-1.1.1.jar:/home/user/.m2/repository/io/dropwizard/metrics/metrics-core/3.2.4/metrics-core-3.2.4.jar:/home/user/.m2/repository/org/openjdk/jmh/jmh-core/1.19/jmh-core-1.19.jar:/home/user/.m2/repository/net/sf/jopt-simple/jopt-simple/4.6/jopt-simple-4.6.jar:/home/user/.m2/repository/org/openjdk/jmh/jmh-generator-annprocess/1.19/jmh-generator-annprocess-1.19.jar:/home/user/.m2/repository/com/google/code/findbugs/findbugs/3.0.1/findbugs-3.0.1.jar:/home/user/.m2/repository/net/jcip/jcip-annotations/1.0/jcip-annotations-1.0.jar:/home/user/.m2/repository/com/google/code/findbugs/bcel-findbugs/6.0/bcel-findbugs-6.0.jar:/home/user/.m2/repository/com/google/code/findbugs/jFormatString/2.0.1/jFormatString-2.0.1.jar:/home/user/.m2/repository/dom4j/dom4j/1.6.1/dom4j-1.6.1.jar:/home/user/.m2/repository/xml-apis/xml-apis/1.0.b2/xml-apis-1.0.b2.jar:/home/user/.m2/repository/org/ow2/asm/asm-debug-all/5.0.2/asm-debug-all-5.0.2.jar:/home/user/.m2/repository/org/ow2/asm/asm-commons/5.0.2/asm-commons-5.0.2.jar:/home/user/.m2/repository/org/ow2/asm/asm-tree/5.0.2/asm-tree-5.0.2.jar:/home/user/.m2/repository/org/ow2/asm/asm/5.0.4/asm-5.0.4.jar:/home/user/.m2/repository/commons-lang/commons-lang/2.6/commons-lang-2.6.jar:/home/user/.m2/repository/com/apple/AppleJavaExtensions/1.4/AppleJavaExtensions-1.4.jar:/home/user/.m2/repository/jaxen/jaxen/1.1.6/jaxen-1.1.6.jar:/home/user/.m2/repository/junit/junit/4.11/junit-4.11.jar:/home/user/.m2/repository/org/hamcrest/hamcrest-core/1.3/hamcrest-core-1.3.jar:/home/user/.m2/repository/org/apache/hadoop/hadoop-common/3.2.0/hadoop-common-3.2.0-tests.jar:/workdir/hadoop-ozone/integration-test/target/test-classes:/home/user/.m2/repository/org/apache/hadoop/hadoop-ozone-s3gateway/0.5.0-SNAPSHOT/hadoop-ozone-s3gateway-0.5.0-SNAPSHOT.jar:/home/user/.m2/repository/org/jboss/weld/servlet/weld-servlet/2.4.7.Final/weld-servlet-2.4.7.Final.jar:/home/user/.m2/repository/org/glassfish/jersey/containers/jersey-container-servlet-core/2.27/jersey-container-servlet-core-2.27.jar:/home/user/.m2/repository/org/glassfish/hk2/external/javax.inject/2.5.0-b42/javax.inject-2.5.0-b42.jar:/home/user/.m2/repository/org/glassfish/jersey/core/jersey-common/2.27/jersey-common-2.27.jar:/home/user/.m2/repository/org/glassfish/hk2/osgi-resource-locator/1.0.1/osgi-resource-locator-1.0.1.jar:/home/user/.m2/repository/javax/ws/rs/javax.ws.rs-api/2.1/javax.ws.rs-api-2.1.jar:/home/user/.m2/repository/org/glassfish/jersey/ext/cdi/jersey-cdi1x/2.27/jersey-cdi1x-2.27.jar:/home/user/.m2/repository/org/glassfish/jersey/inject/jersey-hk2/2.27/jersey-hk2-2.27.jar:/home/user/.m2/repository/org/glassfish/hk2/hk2-locator/2.5.0-b42/hk2-locator-2.5.0-b42.jar:/home/user/.m2/repository/org/javassist/javassist/3.22.0-CR2/javassist-3.22.0-CR2.jar:/home/user/.m2/repository/org/glassfish/hk2/hk2-api/2.5.0/hk2-api-2.5.0.jar:/home/user/.m2/repository/org/glassfish/hk2/external/jakarta.inject/2.5.0/jakarta.inject-2.5.0.jar:/home/user/.m2/repository/org/glassfish/hk2/hk2-utils/2.5.0/hk2-utils-2.5.0.jar:/home/user/.m2/repository/jakarta/annotation/jakarta.annotation-api/1.3.4/jakarta.annotation-api-1.3.4.jar:/home/user/.m2/repository/org/glassfish/hk2/external/aopalliance-repackaged/2.5.0/aopalliance-repackaged-2.5.0.jar:/home/user/.m2/repository/com/fasterxml/jackson/dataformat/jackson-dataformat-xml/2.9.0/jackson-dataformat-xml-2.9.0.jar:/home/user/.m2/repository/com/fasterxml/jackson/module/jackson-module-jaxb-annotations/2.9.5/jackson-module-jaxb-annotations-2.9.5.jar:/home/user/.m2/repository/javax/enterprise/cdi-api/1.2/cdi-api-1.2.jar:/home/user/.m2/repository/javax/el/javax.el-api/3.0.0/javax.el-api-3.0.0.jar:/home/user/.m2/repository/javax/interceptor/javax.interceptor-api/1.2/javax.interceptor-api-1.2.jar:/home/user/.m2/repository/javax/inject/javax.inject/1/javax.inject-1.jar:/home/user/.m2/repository/org/apache/hadoop/hadoop-ozone-csi/0.5.0-SNAPSHOT/hadoop-ozone-csi-0.5.0-SNAPSHOT.jar:/home/user/.m2/repository/com/google/protobuf/protobuf-java-util/3.5.1/protobuf-java-util-3.5.1.jar:/home/user/.m2/repository/io/grpc/grpc-netty/1.17.1/grpc-netty-1.17.1.jar:/home/user/.m2/repository/io/grpc/grpc-core/1.17.1/grpc-core-1.17.1.jar:/home/user/.m2/repository/io/grpc/grpc-context/1.17.1/grpc-context-1.17.1.jar:/home/user/.m2/repository/com/google/errorprone/error_prone_annotations/2.2.0/error_prone_annotations-2.2.0.jar:/home/user/.m2/repository/org/codehaus/mojo/animal-sniffer-annotations/1.17/animal-sniffer-annotations-1.17.jar:/home/user/.m2/repository/io/opencensus/opencensus-api/0.17.0/opencensus-api-0.17.0.jar:/home/user/.m2/repository/io/opencensus/opencensus-contrib-grpc-metrics/0.17.0/opencensus-contrib-grpc-metrics-0.17.0.jar:/home/user/.m2/repository/io/netty/netty-codec-http2/4.1.30.Final/netty-codec-http2-4.1.30.Final.jar:/home/user/.m2/repository/io/netty/netty-codec-http/4.1.30.Final/netty-codec-http-4.1.30.Final.jar:/home/user/.m2/repository/io/netty/netty-codec/4.1.30.Final/netty-codec-4.1.30.Final.jar:/home/user/.m2/repository/io/netty/netty-handler/4.1.30.Final/netty-handler-4.1.30.Final.jar:/home/user/.m2/repository/io/netty/netty-handler-proxy/4.1.30.Final/netty-handler-proxy-4.1.30.Final.jar:/home/user/.m2/repository/io/netty/netty-codec-socks/4.1.30.Final/netty-codec-socks-4.1.30.Final.jar:/home/user/.m2/repository/io/netty/netty-transport-native-epoll/4.1.30.Final/netty-transport-native-epoll-4.1.30.Final.jar:/home/user/.m2/repository/io/netty/netty-common/4.1.30.Final/netty-common-4.1.30.Final.jar:/home/user/.m2/repository/io/netty/netty-buffer/4.1.30.Final/netty-buffer-4.1.30.Final.jar:/home/user/.m2/repository/io/netty/netty-transport/4.1.30.Final/netty-transport-4.1.30.Final.jar:/home/user/.m2/repository/io/netty/netty-resolver/4.1.30.Final/netty-resolver-4.1.30.Final.jar:/home/user/.m2/repository/io/netty/netty-transport-native-unix-common/4.1.30.Final/netty-transport-native-unix-common-4.1.30.Final.jar:/home/user/.m2/repository/io/grpc/grpc-protobuf/1.17.1/grpc-protobuf-1.17.1.jar:/home/user/.m2/repository/com/google/api/grpc/proto-google-common-protos/1.0.0/proto-google-common-protos-1.0.0.jar:/home/user/.m2/repository/io/grpc/grpc-protobuf-lite/1.17.1/grpc-protobuf-lite-1.17.1.jar:/home/user/.m2/repository/io/grpc/grpc-stub/1.17.1/grpc-stub-1.17.1.jar:/home/user/.m2/repository/org/apache/hadoop/hadoop-ozone-recon/0.5.0-SNAPSHOT/hadoop-ozone-recon-0.5.0-SNAPSHOT.jar:/home/user/.m2/repository/org/apache/hadoop/hadoop-ozone-reconcodegen/0.5.0-SNAPSHOT/hadoop-ozone-reconcodegen-0.5.0-SNAPSHOT.jar:/home/user/.m2/repository/com/google/inject/extensions/guice-multibindings/4.0/guice-multibindings-4.0.jar:/home/user/.m2/repository/com/google/inject/guice/4.0/guice-4.0.jar:/home/user/.m2/repository/aopalliance/aopalliance/1.0/aopalliance-1.0.jar:/home/user/.m2/repository/com/google/inject/extensions/guice-servlet/4.0/guice-servlet-4.0.jar:/home/user/.m2/repository/org/glassfish/jersey/containers/jersey-container-servlet/2.27/jersey-container-servlet-2.27.jar:/home/user/.m2/repository/org/glassfish/hk2/guice-bridge/2.5.0/guice-bridge-2.5.0.jar:/home/user/.m2/repository/org/glassfish/jersey/core/jersey-server/2.27/jersey-server-2.27.jar:/home/user/.m2/repository/org/glassfish/jersey/core/jersey-client/2.27/jersey-client-2.27.jar:/home/user/.m2/repository/org/glassfish/jersey/media/jersey-media-jaxb/2.27/jersey-media-jaxb-2.27.jar:/home/user/.m2/repository/javax/validation/validation-api/1.1.0.Final/validation-api-1.1.0.Final.jar:/home/user/.m2/repository/org/glassfish/jersey/media/jersey-media-json-jackson/2.27/jersey-media-json-jackson-2.27.jar:/home/user/.m2/repository/org/glassfish/jersey/ext/jersey-entity-filtering/2.27/jersey-entity-filtering-2.27.jar:/home/user/.m2/repository/com/google/inject/extensions/guice-assistedinject/4.0/guice-assistedinject-4.0.jar:/home/user/.m2/repository/org/jooq/jooq/3.11.10/jooq-3.11.10.jar:/home/user/.m2/repository/org/jooq/jooq-meta/3.11.10/jooq-meta-3.11.10.jar:/home/user/.m2/repository/org/jooq/jooq-codegen/3.11.10/jooq-codegen-3.11.10.jar:/home/user/.m2/repository/com/jolbox/bonecp/0.8.0.RELEASE/bonecp-0.8.0.RELEASE.jar:/home/user/.m2/repository/org/springframework/spring-jdbc/5.1.3.RELEASE/spring-jdbc-5.1.3.RELEASE.jar:/home/user/.m2/repository/org/springframework/spring-beans/5.1.3.RELEASE/spring-beans-5.1.3.RELEASE.jar:/home/user/.m2/repository/org/springframework/spring-core/5.1.3.RELEASE/spring-core-5.1.3.RELEASE.jar:/home/user/.m2/repository/org/springframework/spring-jcl/5.1.3.RELEASE/spring-jcl-5.1.3.RELEASE.jar:/home/user/.m2/repository/org/springframework/spring-tx/5.1.3.RELEASE/spring-tx-5.1.3.RELEASE.jar:/home/user/.m2/repository/org/mockito/mockito-core/2.15.0/mockito-core-2.15.0.jar:/home/user/.m2/repository/net/bytebuddy/byte-buddy/1.7.9/byte-buddy-1.7.9.jar:/home/user/.m2/repository/net/bytebuddy/byte-buddy-agent/1.7.9/byte-buddy-agent-1.7.9.jar:/home/user/.m2/repository/org/objenesis/objenesis/1.0/objenesis-1.0.jar:"/>
    <property name="sun.cpu.endian" value="little"/>
    <property name="user.home" value="/home/user"/>
    <property name="user.language" value="en"/>
    <property name="java.specification.vendor" value="Oracle Corporation"/>
    <property name="java.home" value="/usr/lib/jvm/java-1.8-openjdk/jre"/>
    <property name="java.security.krb5.conf" value="/workdir/hadoop-ozone/tools/target/test-classes/krb5.conf"/>
    <property name="basedir" value="/workdir/hadoop-ozone/tools"/>
    <property name="file.separator" value="/"/>
    <property name="line.separator" value="&#10;"/>
    <property name="java.vm.specification.vendor" value="Oracle Corporation"/>
    <property name="java.specification.name" value="Java Platform API Specification"/>
    <property name="java.awt.graphicsenv" value="sun.awt.X11GraphicsEnvironment"/>
    <property name="surefire.real.class.path" value="/workdir/hadoop-ozone/tools/target/surefire/surefirebooter2773728653449469641.jar"/>
    <property name="hadoop.log.dir" value="/workdir/hadoop-ozone/tools/target/log"/>
    <property name="sun.boot.class.path" value="/usr/lib/jvm/java-1.8-openjdk/jre/lib/resources.jar:/usr/lib/jvm/java-1.8-openjdk/jre/lib/rt.jar:/usr/lib/jvm/java-1.8-openjdk/jre/lib/sunrsasign.jar:/usr/lib/jvm/java-1.8-openjdk/jre/lib/jsse.jar:/usr/lib/jvm/java-1.8-openjdk/jre/lib/jce.jar:/usr/lib/jvm/java-1.8-openjdk/jre/lib/charsets.jar:/usr/lib/jvm/java-1.8-openjdk/jre/lib/jfr.jar:/usr/lib/jvm/java-1.8-openjdk/jre/classes"/>
    <property name="sun.management.compiler" value="HotSpot 64-Bit Tiered Compilers"/>
    <property name="java.runtime.version" value="1.8.0_212-b04"/>
    <property name="java.net.preferIPv4Stack" value="true"/>
    <property name="user.name" value="jenkins1000"/>
    <property name="path.separator" value=":"/>
    <property name="java.security.egd" value="file:///dev/urandom"/>
    <property name="os.version" value="3.10.0-957.12.2.el7.x86_64"/>
    <property name="java.endorsed.dirs" value="/usr/lib/jvm/java-1.8-openjdk/jre/lib/endorsed"/>
    <property name="java.runtime.name" value="OpenJDK Runtime Environment"/>
    <property name="file.encoding" value="UTF-8"/>
    <property name="java.vm.name" value="OpenJDK 64-Bit Server VM"/>
    <property name="test.build.webapps" value=""/>
    <property name="localRepository" value="/home/user/.m2/repository"/>
    <property name="java.vendor.url.bug" value="https://icedtea.classpath.org/bugzilla"/>
    <property name="java.io.tmpdir" value="/tmp"/>
    <property name="require.test.libhadoop" value=""/>
    <property name="java.version" value="1.8.0_212"/>
    <property name="user.dir" value="/workdir/hadoop-ozone/tools"/>
    <property name="os.arch" value="amd64"/>
    <property name="java.vm.specification.name" value="Java Virtual Machine Specification"/>
    <property name="test.build.classes" value="/workdir/hadoop-ozone/tools/target/test-classes"/>
    <property name="java.awt.printerjob" value="sun.print.PSPrinterJob"/>
    <property name="sun.os.patch.level" value="unknown"/>
    <property name="hadoop.tmp.dir" value="/workdir/hadoop-ozone/tools/target/tmp"/>
    <property name="java.library.path" value="/usr/lib/jvm/java-1.8-openjdk/jre/lib/amd64/server:/usr/lib/jvm/java-1.8-openjdk/jre/lib/amd64:/usr/lib/jvm/java-1.8-openjdk/jre/../lib/amd64:/workdir/hadoop-ozone/tools/target/native/target/usr/local/lib:/workdir/hadoop-ozone/tools/../../hadoop-common-project/hadoop-common/target/native/target/usr/local/lib:/usr/java/packages/lib/amd64:/usr/lib64:/lib64:/lib:/usr/lib"/>
    <property name="java.vm.info" value="mixed mode"/>
    <property name="java.vendor" value="IcedTea"/>
    <property name="java.vm.version" value="25.212-b04"/>
    <property name="java.ext.dirs" value="/usr/lib/jvm/java-1.8-openjdk/jre/lib/ext:/usr/java/packages/lib/ext"/>
    <property name="sun.io.unicode.encoding" value="UnicodeLittle"/>
    <property name="java.class.version" value="52.0"/>
  </properties>
  <testcase name="ratisTest3" classname="org.apache.hadoop.ozone.freon.TestRandomKeyGenerator" time="15.585"/>
  <testcase name="testThreadPoolSize" classname="org.apache.hadoop.ozone.freon.TestRandomKeyGenerator" time="5.051"/>
  <testcase name="defaultTest" classname="org.apache.hadoop.ozone.freon.TestRandomKeyGenerator" time="5.023"/>
  <testcase name="bigFileThan2GB" classname="org.apache.hadoop.ozone.freon.TestRandomKeyGenerator" time="62.932">
    <error message="Allocated 0 blocks. Requested 1 blocks" type="INTERNAL_ERROR org.apache.hadoop.ozone.om.exceptions.OMException">INTERNAL_ERROR org.apache.hadoop.ozone.om.exceptions.OMException: Allocated 0 blocks. Requested 1 blocks
	at org.apache.hadoop.ozone.om.protocolPB.OzoneManagerProtocolClientSideTranslatorPB.handleError(OzoneManagerProtocolClientSideTranslatorPB.java:725)
	at org.apache.hadoop.ozone.om.protocolPB.OzoneManagerProtocolClientSideTranslatorPB.allocateBlock(OzoneManagerProtocolClientSideTranslatorPB.java:757)
	at org.apache.hadoop.ozone.client.io.BlockOutputStreamEntryPool.allocateNewBlock(BlockOutputStreamEntryPool.java:248)
	at org.apache.hadoop.ozone.client.io.BlockOutputStreamEntryPool.allocateBlockIfNeeded(BlockOutputStreamEntryPool.java:296)
	at org.apache.hadoop.ozone.client.io.KeyOutputStream.handleWrite(KeyOutputStream.java:201)
	at org.apache.hadoop.ozone.client.io.KeyOutputStream.write(KeyOutputStream.java:193)
	at org.apache.hadoop.ozone.client.io.OzoneOutputStream.write(OzoneOutputStream.java:49)
	at org.apache.hadoop.ozone.freon.RandomKeyGenerator.createKey(RandomKeyGenerator.java:708)
	at org.apache.hadoop.ozone.freon.RandomKeyGenerator.access$1100(RandomKeyGenerator.java:88)
	at org.apache.hadoop.ozone.freon.RandomKeyGenerator$ObjectCreator.run(RandomKeyGenerator.java:615)
	at java.util.concurrent.Executors$RunnableAdapter.call(Executors.java:511)
	at java.util.concurrent.FutureTask.run(FutureTask.java:266)
	at java.util.concurrent.ThreadPoolExecutor.runWorker(ThreadPoolExecutor.java:1149)
	at java.util.concurrent.ThreadPoolExecutor$Worker.run(ThreadPoolExecutor.java:624)
	at java.lang.Thread.run(Thread.java:748)
</error>
    <system-out><![CDATA[2019-08-28 21:29:16,750 [grpc-default-executor-1] WARN  client.GrpcClientProtocolService (LogUtils.java:warn(134)) - 12-UnorderedRequestStreamObserver12: onError: org.apache.ratis.thirdparty.io.grpc.StatusRuntimeException: CANCELLED: cancelled before receiving half close
2019-08-28 21:29:16,966 | INFO  | SCMAudit | user=jenkins1000 | ip=192.168.36.107 | op=SEND_HEARTBEAT {datanodeUUID=b6ff45f5-67b8-463b-a273-c2e7d9dadd75, command=[]} | ret=SUCCESS |  
2019-08-28 21:29:16,966 | INFO  | SCMAudit | user=jenkins1000 | ip=192.168.36.107 | op=SEND_HEARTBEAT {datanodeUUID=6a5cb75f-f7eb-4671-9a85-3b6f7898f6cc, command=[]} | ret=SUCCESS |  
2019-08-28 21:29:16,966 | INFO  | SCMAudit | user=jenkins1000 | ip=192.168.36.107 | op=SEND_HEARTBEAT {datanodeUUID=b461a7b0-028a-4eb5-b268-b89ac225aff8, command=[]} | ret=SUCCESS |  
2019-08-28 21:29:17,381 | INFO  | SCMAudit | user=jenkins1000 | ip=192.168.36.107 | op=SEND_HEARTBEAT {datanodeUUID=68f89a68-6a96-4cde-8528-8617611d459d, command=[]} | ret=SUCCESS |  
2019-08-28 21:29:17,382 | INFO  | SCMAudit | user=jenkins1000 | ip=192.168.36.107 | op=SEND_HEARTBEAT {datanodeUUID=af4986ea-80d8-4c92-96d2-2b3929a4248a, command=[]} | ret=SUCCESS |  
2019-08-28 21:29:17,966 | INFO  | SCMAudit | user=jenkins1000 | ip=192.168.36.107 | op=SEND_HEARTBEAT {datanodeUUID=6a5cb75f-f7eb-4671-9a85-3b6f7898f6cc, command=[]} | ret=SUCCESS |  
2019-08-28 21:29:17,966 | INFO  | SCMAudit | user=jenkins1000 | ip=192.168.36.107 | op=SEND_HEARTBEAT {datanodeUUID=b6ff45f5-67b8-463b-a273-c2e7d9dadd75, command=[]} | ret=SUCCESS |  
2019-08-28 21:29:17,966 | INFO  | SCMAudit | user=jenkins1000 | ip=192.168.36.107 | op=SEND_HEARTBEAT {datanodeUUID=b461a7b0-028a-4eb5-b268-b89ac225aff8, command=[]} | ret=SUCCESS |  
2019-08-28 21:29:18,381 | INFO  | SCMAudit | user=jenkins1000 | ip=192.168.36.107 | op=SEND_HEARTBEAT {datanodeUUID=68f89a68-6a96-4cde-8528-8617611d459d, command=[]} | ret=SUCCESS |  
2019-08-28 21:29:18,383 | INFO  | SCMAudit | user=jenkins1000 | ip=192.168.36.107 | op=SEND_HEARTBEAT {datanodeUUID=af4986ea-80d8-4c92-96d2-2b3929a4248a, command=[]} | ret=SUCCESS |  
2019-08-28 21:29:18,967 | INFO  | SCMAudit | user=jenkins1000 | ip=192.168.36.107 | op=SEND_HEARTBEAT {datanodeUUID=b461a7b0-028a-4eb5-b268-b89ac225aff8, command=[]} | ret=SUCCESS |  
2019-08-28 21:29:18,967 | INFO  | SCMAudit | user=jenkins1000 | ip=192.168.36.107 | op=SEND_HEARTBEAT {datanodeUUID=b6ff45f5-67b8-463b-a273-c2e7d9dadd75, command=[]} | ret=SUCCESS |  
2019-08-28 21:29:18,967 | INFO  | SCMAudit | user=jenkins1000 | ip=192.168.36.107 | op=SEND_HEARTBEAT {datanodeUUID=6a5cb75f-f7eb-4671-9a85-3b6f7898f6cc, command=[]} | ret=SUCCESS |  
2019-08-28 21:29:19,381 | INFO  | SCMAudit | user=jenkins1000 | ip=192.168.36.107 | op=SEND_HEARTBEAT {datanodeUUID=68f89a68-6a96-4cde-8528-8617611d459d, command=[]} | ret=SUCCESS |  
2019-08-28 21:29:19,383 | INFO  | SCMAudit | user=jenkins1000 | ip=192.168.36.107 | op=SEND_HEARTBEAT {datanodeUUID=af4986ea-80d8-4c92-96d2-2b3929a4248a, command=[]} | ret=SUCCESS |  
2019-08-28 21:29:19,971 | INFO  | SCMAudit | user=jenkins1000 | ip=192.168.36.107 | op=SEND_HEARTBEAT {datanodeUUID=b461a7b0-028a-4eb5-b268-b89ac225aff8, command=[]} | ret=SUCCESS |  
2019-08-28 21:29:19,971 | INFO  | SCMAudit | user=jenkins1000 | ip=192.168.36.107 | op=SEND_HEARTBEAT {datanodeUUID=b6ff45f5-67b8-463b-a273-c2e7d9dadd75, command=[]} | ret=SUCCESS |  
2019-08-28 21:29:19,971 | INFO  | SCMAudit | user=jenkins1000 | ip=192.168.36.107 | op=SEND_HEARTBEAT {datanodeUUID=6a5cb75f-f7eb-4671-9a85-3b6f7898f6cc, command=[]} | ret=SUCCESS |  
2019-08-28 21:29:20,382 | INFO  | SCMAudit | user=jenkins1000 | ip=192.168.36.107 | op=SEND_HEARTBEAT {datanodeUUID=68f89a68-6a96-4cde-8528-8617611d459d, command=[]} | ret=SUCCESS |  
2019-08-28 21:29:20,383 | INFO  | SCMAudit | user=jenkins1000 | ip=192.168.36.107 | op=SEND_HEARTBEAT {datanodeUUID=af4986ea-80d8-4c92-96d2-2b3929a4248a, command=[]} | ret=SUCCESS |  
2019-08-28 21:29:20,966 | INFO  | SCMAudit | user=jenkins1000 | ip=192.168.36.107 | op=SEND_HEARTBEAT {datanodeUUID=b6ff45f5-67b8-463b-a273-c2e7d9dadd75, command=[]} | ret=SUCCESS |  
2019-08-28 21:29:20,966 | INFO  | SCMAudit | user=jenkins1000 | ip=192.168.36.107 | op=SEND_HEARTBEAT {datanodeUUID=b461a7b0-028a-4eb5-b268-b89ac225aff8, command=[]} | ret=SUCCESS |  
2019-08-28 21:29:20,967 | INFO  | SCMAudit | user=jenkins1000 | ip=192.168.36.107 | op=SEND_HEARTBEAT {datanodeUUID=6a5cb75f-f7eb-4671-9a85-3b6f7898f6cc, command=[]} | ret=SUCCESS |  
2019-08-28 21:29:21,382 | INFO  | SCMAudit | user=jenkins1000 | ip=192.168.36.107 | op=SEND_HEARTBEAT {datanodeUUID=68f89a68-6a96-4cde-8528-8617611d459d, command=[]} | ret=SUCCESS |  
2019-08-28 21:29:21,383 | INFO  | SCMAudit | user=jenkins1000 | ip=192.168.36.107 | op=SEND_HEARTBEAT {datanodeUUID=af4986ea-80d8-4c92-96d2-2b3929a4248a, command=[]} | ret=SUCCESS |  
2019-08-28 21:29:21,966 | INFO  | SCMAudit | user=jenkins1000 | ip=192.168.36.107 | op=SEND_HEARTBEAT {datanodeUUID=b6ff45f5-67b8-463b-a273-c2e7d9dadd75, command=[]} | ret=SUCCESS |  
2019-08-28 21:29:21,967 | INFO  | SCMAudit | user=jenkins1000 | ip=192.168.36.107 | op=SEND_HEARTBEAT {datanodeUUID=6a5cb75f-f7eb-4671-9a85-3b6f7898f6cc, command=[]} | ret=SUCCESS |  
2019-08-28 21:29:21,967 | INFO  | SCMAudit | user=jenkins1000 | ip=192.168.36.107 | op=SEND_HEARTBEAT {datanodeUUID=b461a7b0-028a-4eb5-b268-b89ac225aff8, command=[]} | ret=SUCCESS |  
2019-08-28 21:29:22,382 | INFO  | SCMAudit | user=jenkins1000 | ip=192.168.36.107 | op=SEND_HEARTBEAT {datanodeUUID=68f89a68-6a96-4cde-8528-8617611d459d, command=[]} | ret=SUCCESS |  
2019-08-28 21:29:22,383 | INFO  | SCMAudit | user=jenkins1000 | ip=192.168.36.107 | op=SEND_HEARTBEAT {datanodeUUID=af4986ea-80d8-4c92-96d2-2b3929a4248a, command=[]} | ret=SUCCESS |  
2019-08-28 21:29:22,966 | INFO  | SCMAudit | user=jenkins1000 | ip=192.168.36.107 | op=SEND_HEARTBEAT {datanodeUUID=b6ff45f5-67b8-463b-a273-c2e7d9dadd75, command=[]} | ret=SUCCESS |  
2019-08-28 21:29:22,967 | INFO  | SCMAudit | user=jenkins1000 | ip=192.168.36.107 | op=SEND_HEARTBEAT {datanodeUUID=6a5cb75f-f7eb-4671-9a85-3b6f7898f6cc, command=[]} | ret=SUCCESS |  
2019-08-28 21:29:22,967 | INFO  | SCMAudit | user=jenkins1000 | ip=192.168.36.107 | op=SEND_HEARTBEAT {datanodeUUID=b461a7b0-028a-4eb5-b268-b89ac225aff8, command=[]} | ret=SUCCESS |  
2019-08-28 21:29:23,383 | INFO  | SCMAudit | user=jenkins1000 | ip=192.168.36.107 | op=SEND_HEARTBEAT {datanodeUUID=af4986ea-80d8-4c92-96d2-2b3929a4248a, command=[]} | ret=SUCCESS |  
2019-08-28 21:29:23,383 | INFO  | SCMAudit | user=jenkins1000 | ip=192.168.36.107 | op=SEND_HEARTBEAT {datanodeUUID=68f89a68-6a96-4cde-8528-8617611d459d, command=[]} | ret=SUCCESS |  
2019-08-28 21:29:23,967 | INFO  | SCMAudit | user=jenkins1000 | ip=192.168.36.107 | op=SEND_HEARTBEAT {datanodeUUID=b6ff45f5-67b8-463b-a273-c2e7d9dadd75, command=[]} | ret=SUCCESS |  
2019-08-28 21:29:23,968 | INFO  | SCMAudit | user=jenkins1000 | ip=192.168.36.107 | op=SEND_HEARTBEAT {datanodeUUID=b461a7b0-028a-4eb5-b268-b89ac225aff8, command=[]} | ret=SUCCESS |  
2019-08-28 21:29:23,968 | INFO  | SCMAudit | user=jenkins1000 | ip=192.168.36.107 | op=SEND_HEARTBEAT {datanodeUUID=6a5cb75f-f7eb-4671-9a85-3b6f7898f6cc, command=[]} | ret=SUCCESS |  
2019-08-28 21:29:24,086 [main] INFO  freon.RandomKeyGenerator (RandomKeyGenerator.java:call(283)) - Number of Threads: 1
2019-08-28 21:29:24,087 [main] INFO  freon.RandomKeyGenerator (RandomKeyGenerator.java:call(288)) - Number of Volumes: 1.
2019-08-28 21:29:24,087 [main] INFO  freon.RandomKeyGenerator (RandomKeyGenerator.java:call(289)) - Number of Buckets per Volume: 1.
2019-08-28 21:29:24,087 [main] INFO  freon.RandomKeyGenerator (RandomKeyGenerator.java:call(290)) - Number of Keys per Bucket: 1.
2019-08-28 21:29:24,087 [main] INFO  freon.RandomKeyGenerator (RandomKeyGenerator.java:call(291)) - Key size: 2147483657 bytes
2019-08-28 21:29:24,087 [main] INFO  freon.RandomKeyGenerator (RandomKeyGenerator.java:call(292)) - Buffer size: 4096 bytes
2019-08-28 21:29:24,088 [main] INFO  freon.RandomKeyGenerator (RandomKeyGenerator.java:call(293)) - validateWrites : true
2019-08-28 21:29:24,089 [main] INFO  freon.RandomKeyGenerator (RandomKeyGenerator.java:call(307)) - Data validation is enabled.
2019-08-28 21:29:24,090 [main] INFO  freon.RandomKeyGenerator (RandomKeyGenerator.java:call(313)) - Starting progress bar Thread.

2019-08-28 21:29:24,090 [pool-282-thread-1] INFO  rpc.RpcClient (RpcClient.java:createVolume(293)) - Creating Volume: vol-0-08922, with jenkins1000 as owner.
 0.00% |█                                                                                                    |  0/1 Time: 0:00:002019-08-28 21:29:24,097 | INFO  | OMAudit | user=jenkins1000 | ip=127.0.0.1 | op=CREATE_VOLUME {admin=jenkins1000, owner=jenkins1000, volume=vol-0-08922, creationTime=1567027764097, quotaInBytes=1152921504606846976} | ret=SUCCESS |  
2019-08-28 21:29:24,100 | INFO  | OMAudit | user=jenkins1000 | ip=127.0.0.1 | op=READ_VOLUME {volume=vol-0-08922} | ret=SUCCESS |  
2019-08-28 21:29:24,101 [pool-282-thread-1] INFO  rpc.RpcClient (RpcClient.java:createBucket(432)) - Creating Bucket: vol-0-08922/bucket-0-29862, with Versioning false and Storage Type set to DISK and Encryption set to false 
2019-08-28 21:29:24,103 | INFO  | OMAudit | user=jenkins1000 | ip=127.0.0.1 | op=CREATE_BUCKET {volume=vol-0-08922, bucket=bucket-0-29862, acls=[user:jenkins1000:a[ACCESS], group:default:a[ACCESS]], isVersionEnabled=false, storageType=DISK, creationTime=0} | ret=SUCCESS |  
2019-08-28 21:29:24,105 | INFO  | OMAudit | user=jenkins1000 | ip=127.0.0.1 | op=READ_BUCKET {volume=vol-0-08922, bucket=bucket-0-29862} | ret=SUCCESS |  
2019-08-28 21:29:24,124 | INFO  | SCMAudit | user=jenkins1000 | ip=127.0.0.1 | op=ALLOCATE_BLOCK {owner=a0140aad-a474-4492-a39d-25bd6167d9f0, size=4194304, type=RATIS, factor=THREE} | ret=SUCCESS |  
2019-08-28 21:29:24,137 | INFO  | OMAudit | user=jenkins1000 | ip=127.0.0.1 | op=ALLOCATE_KEY {volume=vol-0-08922, bucket=bucket-0-29862, key=key-0-31337, dataSize=2147483657, replicationType=RATIS, replicationFactor=THREE, keyLocationInfo=null} | ret=SUCCESS |  
2019-08-28 21:29:24,186 | INFO  | DNAudit | user=null | ip=null | op=WRITE_CHUNK {blockData=conID: 2 locID: 102696731549041043 bcsId: 0} | ret=SUCCESS |  
2019-08-28 21:29:24,194 | INFO  | DNAudit | user=null | ip=null | op=WRITE_CHUNK {blockData=conID: 2 locID: 102696731549041043 bcsId: 0} | ret=SUCCESS |  
2019-08-28 21:29:24,195 | INFO  | DNAudit | user=null | ip=null | op=WRITE_CHUNK {blockData=conID: 2 locID: 102696731549041043 bcsId: 0} | ret=SUCCESS |  
2019-08-28 21:29:24,200 | INFO  | DNAudit | user=null | ip=null | op=WRITE_CHUNK {blockData=conID: 2 locID: 102696731549041043 bcsId: 0} | ret=SUCCESS |  
2019-08-28 21:29:24,205 [grpc-default-executor-3] INFO  client.GrpcClientProtocolClient (GrpcClientProtocolClient.java:onNext(255)) - client-05DA20D107F8->b461a7b0-028a-4eb5-b268-b89ac225aff8: receive RaftClientReply:client-05DA20D107F8->b461a7b0-028a-4eb5-b268-b89ac225aff8@group-0C8C0AA7542A, cid=600, SUCCESS, logIndex=713, commits[b461a7b0-028a-4eb5-b268-b89ac225aff8:c713, b6ff45f5-67b8-463b-a273-c2e7d9dadd75:c712, 6a5cb75f-f7eb-4671-9a85-3b6f7898f6cc:c712]
2019-08-28 21:29:24,223 | INFO  | DNAudit | user=null | ip=null | op=WRITE_CHUNK {blockData=conID: 2 locID: 102696731549041043 bcsId: 0} | ret=SUCCESS |  
2019-08-28 21:29:24,223 | INFO  | DNAudit | user=null | ip=null | op=WRITE_CHUNK {blockData=conID: 2 locID: 102696731549041043 bcsId: 0} | ret=SUCCESS |  
2019-08-28 21:29:24,233 | INFO  | DNAudit | user=null | ip=null | op=WRITE_CHUNK {blockData=conID: 2 locID: 102696731549041043 bcsId: 0} | ret=SUCCESS |  
2019-08-28 21:29:24,239 | INFO  | DNAudit | user=null | ip=null | op=PUT_BLOCK {blockData=[blockId=conID: 2 locID: 102696731549041043 bcsId: 0,size=1048576]} | ret=SUCCESS |  
2019-08-28 21:29:24,244 [grpc-default-executor-3] INFO  client.GrpcClientProtocolClient (GrpcClientProtocolClient.java:onNext(255)) - client-05DA20D107F8->b461a7b0-028a-4eb5-b268-b89ac225aff8: receive RaftClientReply:client-05DA20D107F8->b461a7b0-028a-4eb5-b268-b89ac225aff8@group-0C8C0AA7542A, cid=601, SUCCESS, logIndex=715, commits[b461a7b0-028a-4eb5-b268-b89ac225aff8:c715, b6ff45f5-67b8-463b-a273-c2e7d9dadd75:c713, 6a5cb75f-f7eb-4671-9a85-3b6f7898f6cc:c713]
2019-08-28 21:29:24,245 | INFO  | DNAudit | user=null | ip=null | op=WRITE_CHUNK {blockData=conID: 2 locID: 102696731549041043 bcsId: 0} | ret=SUCCESS |  
2019-08-28 21:29:24,247 | INFO  | DNAudit | user=null | ip=null | op=WRITE_CHUNK {blockData=conID: 2 locID: 102696731549041043 bcsId: 0} | ret=SUCCESS |  
2019-08-28 21:29:24,251 | INFO  | DNAudit | user=null | ip=null | op=PUT_BLOCK {blockData=[blockId=conID: 2 locID: 102696731549041043 bcsId: 0,size=1048576]} | ret=SUCCESS |  
2019-08-28 21:29:24,251 | INFO  | DNAudit | user=null | ip=null | op=PUT_BLOCK {blockData=[blockId=conID: 2 locID: 102696731549041043 bcsId: 0,size=1048576]} | ret=SUCCESS |  
2019-08-28 21:29:24,252 | INFO  | DNAudit | user=null | ip=null | op=WRITE_CHUNK {blockData=conID: 2 locID: 102696731549041043 bcsId: 0} | ret=SUCCESS |  
2019-08-28 21:29:24,252 | INFO  | DNAudit | user=null | ip=null | op=PUT_BLOCK {blockData=[blockId=conID: 2 locID: 102696731549041043 bcsId: 0,size=2097152]} | ret=SUCCESS |  
2019-08-28 21:29:24,254 [grpc-default-executor-3] INFO  client.GrpcClientProtocolClient (GrpcClientProtocolClient.java:onNext(255)) - client-05DA20D107F8->b461a7b0-028a-4eb5-b268-b89ac225aff8: receive RaftClientReply:client-05DA20D107F8->b461a7b0-028a-4eb5-b268-b89ac225aff8@group-0C8C0AA7542A, cid=602, SUCCESS, logIndex=716, commits[b461a7b0-028a-4eb5-b268-b89ac225aff8:c718, b6ff45f5-67b8-463b-a273-c2e7d9dadd75:c715, 6a5cb75f-f7eb-4671-9a85-3b6f7898f6cc:c715]
2019-08-28 21:29:24,255 [grpc-default-executor-3] INFO  client.GrpcClientProtocolClient (GrpcClientProtocolClient.java:onNext(255)) - client-05DA20D107F8->b461a7b0-028a-4eb5-b268-b89ac225aff8: receive RaftClientReply:client-05DA20D107F8->b461a7b0-028a-4eb5-b268-b89ac225aff8@group-0C8C0AA7542A, cid=603, SUCCESS, logIndex=717, commits[b461a7b0-028a-4eb5-b268-b89ac225aff8:c718, b6ff45f5-67b8-463b-a273-c2e7d9dadd75:c715, 6a5cb75f-f7eb-4671-9a85-3b6f7898f6cc:c715]
2019-08-28 21:29:24,270 | INFO  | DNAudit | user=null | ip=null | op=WRITE_CHUNK {blockData=conID: 2 locID: 102696731549041043 bcsId: 0} | ret=SUCCESS |  
2019-08-28 21:29:24,270 | INFO  | DNAudit | user=null | ip=null | op=WRITE_CHUNK {blockData=conID: 2 locID: 102696731549041043 bcsId: 0} | ret=SUCCESS |  
2019-08-28 21:29:24,277 | INFO  | DNAudit | user=null | ip=null | op=WRITE_CHUNK {blockData=conID: 2 locID: 102696731549041043 bcsId: 717} | ret=SUCCESS |  
2019-08-28 21:29:24,277 | INFO  | DNAudit | user=null | ip=null | op=PUT_BLOCK {blockData=[blockId=conID: 2 locID: 102696731549041043 bcsId: 0,size=2097152]} | ret=SUCCESS |  
2019-08-28 21:29:24,278 | INFO  | DNAudit | user=null | ip=null | op=PUT_BLOCK {blockData=[blockId=conID: 2 locID: 102696731549041043 bcsId: 0,size=2097152]} | ret=SUCCESS |  
2019-08-28 21:29:24,284 | INFO  | DNAudit | user=null | ip=null | op=WRITE_CHUNK {blockData=conID: 2 locID: 102696731549041043 bcsId: 717} | ret=SUCCESS |  
2019-08-28 21:29:24,288 | INFO  | DNAudit | user=null | ip=null | op=WRITE_CHUNK {blockData=conID: 2 locID: 102696731549041043 bcsId: 717} | ret=SUCCESS |  
2019-08-28 21:29:24,295 | INFO  | DNAudit | user=null | ip=null | op=WRITE_CHUNK {blockData=conID: 2 locID: 102696731549041043 bcsId: 717} | ret=SUCCESS |  
2019-08-28 21:29:24,296 | INFO  | DNAudit | user=null | ip=null | op=PUT_BLOCK {blockData=[blockId=conID: 2 locID: 102696731549041043 bcsId: 0,size=3145728]} | ret=SUCCESS |  
2019-08-28 21:29:24,297 [grpc-default-executor-3] INFO  client.GrpcClientProtocolClient (GrpcClientProtocolClient.java:onNext(255)) - client-05DA20D107F8->b461a7b0-028a-4eb5-b268-b89ac225aff8: receive RaftClientReply:client-05DA20D107F8->b461a7b0-028a-4eb5-b268-b89ac225aff8@group-0C8C0AA7542A, cid=604, SUCCESS, logIndex=721, commits[b461a7b0-028a-4eb5-b268-b89ac225aff8:c722, b6ff45f5-67b8-463b-a273-c2e7d9dadd75:c718, 6a5cb75f-f7eb-4671-9a85-3b6f7898f6cc:c719]
2019-08-28 21:29:24,297 [grpc-default-executor-3] INFO  client.GrpcClientProtocolClient (GrpcClientProtocolClient.java:onNext(255)) - client-05DA20D107F8->b461a7b0-028a-4eb5-b268-b89ac225aff8: receive RaftClientReply:client-05DA20D107F8->b461a7b0-028a-4eb5-b268-b89ac225aff8@group-0C8C0AA7542A, cid=605, SUCCESS, logIndex=722, commits[b461a7b0-028a-4eb5-b268-b89ac225aff8:c722, b6ff45f5-67b8-463b-a273-c2e7d9dadd75:c719, 6a5cb75f-f7eb-4671-9a85-3b6f7898f6cc:c719]
2019-08-28 21:29:24,298 | INFO  | DNAudit | user=null | ip=null | op=WRITE_CHUNK {blockData=conID: 2 locID: 102696731549041043 bcsId: 717} | ret=SUCCESS |  
2019-08-28 21:29:24,298 | INFO  | DNAudit | user=null | ip=null | op=WRITE_CHUNK {blockData=conID: 2 locID: 102696731549041043 bcsId: 717} | ret=SUCCESS |  
2019-08-28 21:29:24,299 | INFO  | DNAudit | user=null | ip=null | op=PUT_BLOCK {blockData=[blockId=conID: 2 locID: 102696731549041043 bcsId: 0,size=3145728]} | ret=SUCCESS |  
2019-08-28 21:29:24,300 | INFO  | DNAudit | user=null | ip=null | op=PUT_BLOCK {blockData=[blockId=conID: 2 locID: 102696731549041043 bcsId: 0,size=3145728]} | ret=SUCCESS |  
2019-08-28 21:29:24,312 | INFO  | DNAudit | user=null | ip=null | op=WRITE_CHUNK {blockData=conID: 2 locID: 102696731549041043 bcsId: 722} | ret=SUCCESS |  
2019-08-28 21:29:24,318 | INFO  | DNAudit | user=null | ip=null | op=WRITE_CHUNK {blockData=conID: 2 locID: 102696731549041043 bcsId: 722} | ret=SUCCESS |  
2019-08-28 21:29:24,319 | INFO  | DNAudit | user=null | ip=null | op=WRITE_CHUNK {blockData=conID: 2 locID: 102696731549041043 bcsId: 722} | ret=SUCCESS |  
2019-08-28 21:29:24,327 | INFO  | DNAudit | user=null | ip=null | op=WRITE_CHUNK {blockData=conID: 2 locID: 102696731549041043 bcsId: 722} | ret=SUCCESS |  
2019-08-28 21:29:24,328 | INFO  | DNAudit | user=null | ip=null | op=PUT_BLOCK {blockData=[blockId=conID: 2 locID: 102696731549041043 bcsId: 0,size=4194304]} | ret=SUCCESS |  
2019-08-28 21:29:24,329 [grpc-default-executor-3] INFO  client.GrpcClientProtocolClient (GrpcClientProtocolClient.java:onNext(255)) - client-05DA20D107F8->b461a7b0-028a-4eb5-b268-b89ac225aff8: receive RaftClientReply:client-05DA20D107F8->b461a7b0-028a-4eb5-b268-b89ac225aff8@group-0C8C0AA7542A, cid=606, SUCCESS, logIndex=725, commits[b461a7b0-028a-4eb5-b268-b89ac225aff8:c726, b6ff45f5-67b8-463b-a273-c2e7d9dadd75:c724, 6a5cb75f-f7eb-4671-9a85-3b6f7898f6cc:c724]
2019-08-28 21:29:24,329 [grpc-default-executor-3] INFO  client.GrpcClientProtocolClient (GrpcClientProtocolClient.java:onNext(255)) - client-05DA20D107F8->b461a7b0-028a-4eb5-b268-b89ac225aff8: receive RaftClientReply:client-05DA20D107F8->b461a7b0-028a-4eb5-b268-b89ac225aff8@group-0C8C0AA7542A, cid=607, SUCCESS, logIndex=726, commits[b461a7b0-028a-4eb5-b268-b89ac225aff8:c726, b6ff45f5-67b8-463b-a273-c2e7d9dadd75:c724, 6a5cb75f-f7eb-4671-9a85-3b6f7898f6cc:c724]
2019-08-28 21:29:24,335 | INFO  | DNAudit | user=null | ip=null | op=WRITE_CHUNK {blockData=conID: 2 locID: 102696731549041043 bcsId: 722} | ret=SUCCESS |  
2019-08-28 21:29:24,335 | INFO  | DNAudit | user=null | ip=null | op=WRITE_CHUNK {blockData=conID: 2 locID: 102696731549041043 bcsId: 722} | ret=SUCCESS |  
2019-08-28 21:29:24,336 | INFO  | DNAudit | user=null | ip=null | op=PUT_BLOCK {blockData=[blockId=conID: 2 locID: 102696731549041043 bcsId: 0,size=4194304]} | ret=SUCCESS |  
2019-08-28 21:29:24,336 | INFO  | DNAudit | user=null | ip=null | op=PUT_BLOCK {blockData=[blockId=conID: 2 locID: 102696731549041043 bcsId: 0,size=4194304]} | ret=SUCCESS |  
2019-08-28 21:29:24,341 [grpc-default-executor-3] INFO  client.GrpcClientProtocolClient (GrpcClientProtocolClient.java:onNext(255)) - client-05DA20D107F8->b461a7b0-028a-4eb5-b268-b89ac225aff8: receive RaftClientReply:client-05DA20D107F8->b461a7b0-028a-4eb5-b268-b89ac225aff8@group-0C8C0AA7542A, cid=608, SUCCESS, logIndex=0, commits[b461a7b0-028a-4eb5-b268-b89ac225aff8:c728, b6ff45f5-67b8-463b-a273-c2e7d9dadd75:c726, 6a5cb75f-f7eb-4671-9a85-3b6f7898f6cc:c726]
2019-08-28 21:29:24,354 | INFO  | DNAudit | user=null | ip=null | op=WRITE_CHUNK {blockData=conID: 3 locID: 102696731549041044 bcsId: 0} | ret=SUCCESS |  
2019-08-28 21:29:24,358 | INFO  | DNAudit | user=null | ip=null | op=WRITE_CHUNK {blockData=conID: 3 locID: 102696731549041044 bcsId: 0} | ret=SUCCESS |  
2019-08-28 21:29:24,360 | INFO  | DNAudit | user=null | ip=null | op=WRITE_CHUNK {blockData=conID: 3 locID: 102696731549041044 bcsId: 0} | ret=SUCCESS |  
2019-08-28 21:29:24,361 | INFO  | DNAudit | user=null | ip=null | op=WRITE_CHUNK {blockData=conID: 3 locID: 102696731549041044 bcsId: 0} | ret=SUCCESS |  
2019-08-28 21:29:24,364 | INFO  | DNAudit | user=null | ip=null | op=WRITE_CHUNK {blockData=conID: 3 locID: 102696731549041044 bcsId: 0} | ret=SUCCESS |  
2019-08-28 21:29:24,365 | INFO  | DNAudit | user=null | ip=null | op=WRITE_CHUNK {blockData=conID: 3 locID: 102696731549041044 bcsId: 0} | ret=SUCCESS |  
2019-08-28 21:29:24,383 | INFO  | SCMAudit | user=jenkins1000 | ip=192.168.36.107 | op=SEND_HEARTBEAT {datanodeUUID=af4986ea-80d8-4c92-96d2-2b3929a4248a, command=[]} | ret=SUCCESS |  
2019-08-28 21:29:24,384 | INFO  | SCMAudit | user=jenkins1000 | ip=192.168.36.107 | op=SEND_HEARTBEAT {datanodeUUID=68f89a68-6a96-4cde-8528-8617611d459d, command=[]} | ret=SUCCESS |  
2019-08-28 21:29:24,387 | INFO  | DNAudit | user=null | ip=null | op=WRITE_CHUNK {blockData=conID: 3 locID: 102696731549041044 bcsId: 0} | ret=SUCCESS |  
2019-08-28 21:29:24,388 | INFO  | DNAudit | user=null | ip=null | op=PUT_BLOCK {blockData=[blockId=conID: 3 locID: 102696731549041044 bcsId: 0,size=1048576]} | ret=SUCCESS |  
2019-08-28 21:29:24,388 | INFO  | DNAudit | user=null | ip=null | op=WRITE_CHUNK {blockData=conID: 3 locID: 102696731549041044 bcsId: 0} | ret=SUCCESS |  
2019-08-28 21:29:24,389 | INFO  | DNAudit | user=null | ip=null | op=PUT_BLOCK {blockData=[blockId=conID: 3 locID: 102696731549041044 bcsId: 0,size=2097152]} | ret=SUCCESS |  
2019-08-28 21:29:24,389 [grpc-default-executor-5] INFO  client.GrpcClientProtocolClient (GrpcClientProtocolClient.java:onNext(255)) - client-05DA20D107F8->b461a7b0-028a-4eb5-b268-b89ac225aff8: receive RaftClientReply:client-05DA20D107F8->b461a7b0-028a-4eb5-b268-b89ac225aff8@group-0C8C0AA7542A, cid=609, SUCCESS, logIndex=729, commits[b461a7b0-028a-4eb5-b268-b89ac225aff8:c732, b6ff45f5-67b8-463b-a273-c2e7d9dadd75:c728, 6a5cb75f-f7eb-4671-9a85-3b6f7898f6cc:c728]
2019-08-28 21:29:24,390 [grpc-default-executor-5] INFO  client.GrpcClientProtocolClient (GrpcClientProtocolClient.java:onNext(255)) - client-05DA20D107F8->b461a7b0-028a-4eb5-b268-b89ac225aff8: receive RaftClientReply:client-05DA20D107F8->b461a7b0-028a-4eb5-b268-b89ac225aff8@group-0C8C0AA7542A, cid=610, SUCCESS, logIndex=730, commits[b461a7b0-028a-4eb5-b268-b89ac225aff8:c732, b6ff45f5-67b8-463b-a273-c2e7d9dadd75:c728, 6a5cb75f-f7eb-4671-9a85-3b6f7898f6cc:c728]
2019-08-28 21:29:24,391 [grpc-default-executor-5] INFO  client.GrpcClientProtocolClient (GrpcClientProtocolClient.java:onNext(255)) - client-05DA20D107F8->b461a7b0-028a-4eb5-b268-b89ac225aff8: receive RaftClientReply:client-05DA20D107F8->b461a7b0-028a-4eb5-b268-b89ac225aff8@group-0C8C0AA7542A, cid=611, SUCCESS, logIndex=731, commits[b461a7b0-028a-4eb5-b268-b89ac225aff8:c732, b6ff45f5-67b8-463b-a273-c2e7d9dadd75:c728, 6a5cb75f-f7eb-4671-9a85-3b6f7898f6cc:c728]
2019-08-28 21:29:24,391 [grpc-default-executor-5] INFO  client.GrpcClientProtocolClient (GrpcClientProtocolClient.java:onNext(255)) - client-05DA20D107F8->b461a7b0-028a-4eb5-b268-b89ac225aff8: receive RaftClientReply:client-05DA20D107F8->b461a7b0-028a-4eb5-b268-b89ac225aff8@group-0C8C0AA7542A, cid=612, SUCCESS, logIndex=732, commits[b461a7b0-028a-4eb5-b268-b89ac225aff8:c732, b6ff45f5-67b8-463b-a273-c2e7d9dadd75:c728, 6a5cb75f-f7eb-4671-9a85-3b6f7898f6cc:c728]
2019-08-28 21:29:24,392 | INFO  | DNAudit | user=null | ip=null | op=WRITE_CHUNK {blockData=conID: 3 locID: 102696731549041044 bcsId: 0} | ret=SUCCESS |  
2019-08-28 21:29:24,392 | INFO  | DNAudit | user=null | ip=null | op=WRITE_CHUNK {blockData=conID: 3 locID: 102696731549041044 bcsId: 0} | ret=SUCCESS |  
2019-08-28 21:29:24,393 | INFO  | DNAudit | user=null | ip=null | op=PUT_BLOCK {blockData=[blockId=conID: 3 locID: 102696731549041044 bcsId: 0,size=1048576]} | ret=SUCCESS |  
2019-08-28 21:29:24,394 | INFO  | DNAudit | user=null | ip=null | op=PUT_BLOCK {blockData=[blockId=conID: 3 locID: 102696731549041044 bcsId: 0,size=1048576]} | ret=SUCCESS |  
2019-08-28 21:29:24,394 | INFO  | DNAudit | user=null | ip=null | op=WRITE_CHUNK {blockData=conID: 3 locID: 102696731549041044 bcsId: 0} | ret=SUCCESS |  
2019-08-28 21:29:24,394 | INFO  | DNAudit | user=null | ip=null | op=WRITE_CHUNK {blockData=conID: 3 locID: 102696731549041044 bcsId: 0} | ret=SUCCESS |  
2019-08-28 21:29:24,395 | INFO  | DNAudit | user=null | ip=null | op=PUT_BLOCK {blockData=[blockId=conID: 3 locID: 102696731549041044 bcsId: 0,size=2097152]} | ret=SUCCESS |  
2019-08-28 21:29:24,395 | INFO  | DNAudit | user=null | ip=null | op=PUT_BLOCK {blockData=[blockId=conID: 3 locID: 102696731549041044 bcsId: 0,size=2097152]} | ret=SUCCESS |  
2019-08-28 21:29:24,395 [grpc-default-executor-5] INFO  client.GrpcClientProtocolClient (GrpcClientProtocolClient.java:onNext(255)) - client-05DA20D107F8->b461a7b0-028a-4eb5-b268-b89ac225aff8: receive RaftClientReply:client-05DA20D107F8->b461a7b0-028a-4eb5-b268-b89ac225aff8@group-0C8C0AA7542A, cid=613, SUCCESS, logIndex=0, commits[b461a7b0-028a-4eb5-b268-b89ac225aff8:c733, b6ff45f5-67b8-463b-a273-c2e7d9dadd75:c730, 6a5cb75f-f7eb-4671-9a85-3b6f7898f6cc:c730]
2019-08-28 21:29:24,406 | INFO  | DNAudit | user=null | ip=null | op=WRITE_CHUNK {blockData=conID: 3 locID: 102696731549041044 bcsId: 732} | ret=SUCCESS |  
2019-08-28 21:29:24,411 | INFO  | DNAudit | user=null | ip=null | op=WRITE_CHUNK {blockData=conID: 3 locID: 102696731549041044 bcsId: 732} | ret=SUCCESS |  
2019-08-28 21:29:24,415 | INFO  | DNAudit | user=null | ip=null | op=WRITE_CHUNK {blockData=conID: 3 locID: 102696731549041044 bcsId: 732} | ret=SUCCESS |  
2019-08-28 21:29:24,417 | INFO  | DNAudit | user=null | ip=null | op=WRITE_CHUNK {blockData=conID: 3 locID: 102696731549041044 bcsId: 732} | ret=SUCCESS |  
2019-08-28 21:29:24,418 | INFO  | DNAudit | user=null | ip=null | op=PUT_BLOCK {blockData=[blockId=conID: 3 locID: 102696731549041044 bcsId: 0,size=3145728]} | ret=SUCCESS |  
2019-08-28 21:29:24,418 [grpc-default-executor-5] INFO  client.GrpcClientProtocolClient (GrpcClientProtocolClient.java:onNext(255)) - client-05DA20D107F8->b461a7b0-028a-4eb5-b268-b89ac225aff8: receive RaftClientReply:client-05DA20D107F8->b461a7b0-028a-4eb5-b268-b89ac225aff8@group-0C8C0AA7542A, cid=614, SUCCESS, logIndex=737, commits[b461a7b0-028a-4eb5-b268-b89ac225aff8:c738, b6ff45f5-67b8-463b-a273-c2e7d9dadd75:c736, 6a5cb75f-f7eb-4671-9a85-3b6f7898f6cc:c732]
2019-08-28 21:29:24,419 [grpc-default-executor-5] INFO  client.GrpcClientProtocolClient (GrpcClientProtocolClient.java:onNext(255)) - client-05DA20D107F8->b461a7b0-028a-4eb5-b268-b89ac225aff8: receive RaftClientReply:client-05DA20D107F8->b461a7b0-028a-4eb5-b268-b89ac225aff8@group-0C8C0AA7542A, cid=615, SUCCESS, logIndex=738, commits[b461a7b0-028a-4eb5-b268-b89ac225aff8:c738, b6ff45f5-67b8-463b-a273-c2e7d9dadd75:c736, 6a5cb75f-f7eb-4671-9a85-3b6f7898f6cc:c732]
2019-08-28 21:29:24,421 | INFO  | DNAudit | user=null | ip=null | op=WRITE_CHUNK {blockData=conID: 3 locID: 102696731549041044 bcsId: 732} | ret=SUCCESS |  
2019-08-28 21:29:24,421 | INFO  | DNAudit | user=null | ip=null | op=WRITE_CHUNK {blockData=conID: 3 locID: 102696731549041044 bcsId: 732} | ret=SUCCESS |  
2019-08-28 21:29:24,422 | INFO  | DNAudit | user=null | ip=null | op=PUT_BLOCK {blockData=[blockId=conID: 3 locID: 102696731549041044 bcsId: 0,size=3145728]} | ret=SUCCESS |  
2019-08-28 21:29:24,422 | INFO  | DNAudit | user=null | ip=null | op=PUT_BLOCK {blockData=[blockId=conID: 3 locID: 102696731549041044 bcsId: 0,size=3145728]} | ret=SUCCESS |  
2019-08-28 21:29:24,432 | INFO  | DNAudit | user=null | ip=null | op=WRITE_CHUNK {blockData=conID: 3 locID: 102696731549041044 bcsId: 738} | ret=SUCCESS |  
2019-08-28 21:29:24,438 | INFO  | DNAudit | user=null | ip=null | op=WRITE_CHUNK {blockData=conID: 3 locID: 102696731549041044 bcsId: 738} | ret=SUCCESS |  
2019-08-28 21:29:24,440 | INFO  | DNAudit | user=null | ip=null | op=WRITE_CHUNK {blockData=conID: 3 locID: 102696731549041044 bcsId: 738} | ret=SUCCESS |  
2019-08-28 21:29:24,444 | INFO  | DNAudit | user=null | ip=null | op=WRITE_CHUNK {blockData=conID: 3 locID: 102696731549041044 bcsId: 738} | ret=SUCCESS |  
2019-08-28 21:29:24,445 | INFO  | DNAudit | user=null | ip=null | op=PUT_BLOCK {blockData=[blockId=conID: 3 locID: 102696731549041044 bcsId: 0,size=4194304]} | ret=SUCCESS |  
2019-08-28 21:29:24,445 [grpc-default-executor-5] INFO  client.GrpcClientProtocolClient (GrpcClientProtocolClient.java:onNext(255)) - client-05DA20D107F8->b461a7b0-028a-4eb5-b268-b89ac225aff8: receive RaftClientReply:client-05DA20D107F8->b461a7b0-028a-4eb5-b268-b89ac225aff8@group-0C8C0AA7542A, cid=616, SUCCESS, logIndex=741, commits[b461a7b0-028a-4eb5-b268-b89ac225aff8:c742, b6ff45f5-67b8-463b-a273-c2e7d9dadd75:c740, 6a5cb75f-f7eb-4671-9a85-3b6f7898f6cc:c740]
2019-08-28 21:29:24,446 [grpc-default-executor-5] INFO  client.GrpcClientProtocolClient (GrpcClientProtocolClient.java:onNext(255)) - client-05DA20D107F8->b461a7b0-028a-4eb5-b268-b89ac225aff8: receive RaftClientReply:client-05DA20D107F8->b461a7b0-028a-4eb5-b268-b89ac225aff8@group-0C8C0AA7542A, cid=617, SUCCESS, logIndex=742, commits[b461a7b0-028a-4eb5-b268-b89ac225aff8:c742, b6ff45f5-67b8-463b-a273-c2e7d9dadd75:c740, 6a5cb75f-f7eb-4671-9a85-3b6f7898f6cc:c740]
2019-08-28 21:29:24,454 | INFO  | DNAudit | user=null | ip=null | op=WRITE_CHUNK {blockData=conID: 3 locID: 102696731549041044 bcsId: 738} | ret=SUCCESS |  
2019-08-28 21:29:24,454 | INFO  | DNAudit | user=null | ip=null | op=WRITE_CHUNK {blockData=conID: 3 locID: 102696731549041044 bcsId: 738} | ret=SUCCESS |  
2019-08-28 21:29:24,455 | INFO  | DNAudit | user=null | ip=null | op=PUT_BLOCK {blockData=[blockId=conID: 3 locID: 102696731549041044 bcsId: 0,size=4194304]} | ret=SUCCESS |  
2019-08-28 21:29:24,455 | INFO  | DNAudit | user=null | ip=null | op=PUT_BLOCK {blockData=[blockId=conID: 3 locID: 102696731549041044 bcsId: 0,size=4194304]} | ret=SUCCESS |  
2019-08-28 21:29:24,457 [grpc-default-executor-5] INFO  client.GrpcClientProtocolClient (GrpcClientProtocolClient.java:onNext(255)) - client-05DA20D107F8->b461a7b0-028a-4eb5-b268-b89ac225aff8: receive RaftClientReply:client-05DA20D107F8->b461a7b0-028a-4eb5-b268-b89ac225aff8@group-0C8C0AA7542A, cid=618, SUCCESS, logIndex=0, commits[b461a7b0-028a-4eb5-b268-b89ac225aff8:c743, b6ff45f5-67b8-463b-a273-c2e7d9dadd75:c742, 6a5cb75f-f7eb-4671-9a85-3b6f7898f6cc:c742]
2019-08-28 21:29:24,474 | INFO  | DNAudit | user=null | ip=null | op=WRITE_CHUNK {blockData=conID: 1 locID: 102696731549106581 bcsId: 0} | ret=SUCCESS |  
2019-08-28 21:29:24,479 | INFO  | DNAudit | user=null | ip=null | op=WRITE_CHUNK {blockData=conID: 1 locID: 102696731549106581 bcsId: 0} | ret=SUCCESS |  
2019-08-28 21:29:24,480 | INFO  | DNAudit | user=null | ip=null | op=WRITE_CHUNK {blockData=conID: 1 locID: 102696731549106581 bcsId: 0} | ret=SUCCESS |  
2019-08-28 21:29:24,481 | INFO  | DNAudit | user=null | ip=null | op=WRITE_CHUNK {blockData=conID: 1 locID: 102696731549106581 bcsId: 0} | ret=SUCCESS |  
2019-08-28 21:29:24,484 | INFO  | DNAudit | user=null | ip=null | op=WRITE_CHUNK {blockData=conID: 1 locID: 102696731549106581 bcsId: 0} | ret=SUCCESS |  
2019-08-28 21:29:24,484 | INFO  | DNAudit | user=null | ip=null | op=WRITE_CHUNK {blockData=conID: 1 locID: 102696731549106581 bcsId: 0} | ret=SUCCESS |  
2019-08-28 21:29:24,485 | INFO  | DNAudit | user=null | ip=null | op=PUT_BLOCK {blockData=[blockId=conID: 1 locID: 102696731549106581 bcsId: 0,size=1048576]} | ret=SUCCESS |  
2019-08-28 21:29:24,485 [grpc-default-executor-5] INFO  client.GrpcClientProtocolClient (GrpcClientProtocolClient.java:onNext(255)) - client-05DA20D107F8->b461a7b0-028a-4eb5-b268-b89ac225aff8: receive RaftClientReply:client-05DA20D107F8->b461a7b0-028a-4eb5-b268-b89ac225aff8@group-0C8C0AA7542A, cid=619, SUCCESS, logIndex=745, commits[b461a7b0-028a-4eb5-b268-b89ac225aff8:c746, b6ff45f5-67b8-463b-a273-c2e7d9dadd75:c744, 6a5cb75f-f7eb-4671-9a85-3b6f7898f6cc:c744]
2019-08-28 21:29:24,485 | INFO  | DNAudit | user=null | ip=null | op=WRITE_CHUNK {blockData=conID: 1 locID: 102696731549106581 bcsId: 0} | ret=SUCCESS |  
2019-08-28 21:29:24,486 [grpc-default-executor-5] INFO  client.GrpcClientProtocolClient (GrpcClientProtocolClient.java:onNext(255)) - client-05DA20D107F8->b461a7b0-028a-4eb5-b268-b89ac225aff8: receive RaftClientReply:client-05DA20D107F8->b461a7b0-028a-4eb5-b268-b89ac225aff8@group-0C8C0AA7542A, cid=620, SUCCESS, logIndex=746, commits[b461a7b0-028a-4eb5-b268-b89ac225aff8:c746, b6ff45f5-67b8-463b-a273-c2e7d9dadd75:c744, 6a5cb75f-f7eb-4671-9a85-3b6f7898f6cc:c744]
2019-08-28 21:29:24,490 | INFO  | DNAudit | user=null | ip=null | op=WRITE_CHUNK {blockData=conID: 1 locID: 102696731549106581 bcsId: 0} | ret=SUCCESS |  
2019-08-28 21:29:24,490 | INFO  | DNAudit | user=null | ip=null | op=WRITE_CHUNK {blockData=conID: 1 locID: 102696731549106581 bcsId: 0} | ret=SUCCESS |  
2019-08-28 21:29:24,490 | INFO  | DNAudit | user=null | ip=null | op=WRITE_CHUNK {blockData=conID: 1 locID: 102696731549106581 bcsId: 0} | ret=SUCCESS |  
2019-08-28 21:29:24,490 | INFO  | DNAudit | user=null | ip=null | op=PUT_BLOCK {blockData=[blockId=conID: 1 locID: 102696731549106581 bcsId: 0,size=1048576]} | ret=SUCCESS |  
2019-08-28 21:29:24,491 | INFO  | DNAudit | user=null | ip=null | op=PUT_BLOCK {blockData=[blockId=conID: 1 locID: 102696731549106581 bcsId: 0,size=2097152]} | ret=SUCCESS |  
2019-08-28 21:29:24,491 | INFO  | DNAudit | user=null | ip=null | op=PUT_BLOCK {blockData=[blockId=conID: 1 locID: 102696731549106581 bcsId: 0,size=1048576]} | ret=SUCCESS |  
2019-08-28 21:29:24,491 [grpc-default-executor-5] INFO  client.GrpcClientProtocolClient (GrpcClientProtocolClient.java:onNext(255)) - client-05DA20D107F8->b461a7b0-028a-4eb5-b268-b89ac225aff8: receive RaftClientReply:client-05DA20D107F8->b461a7b0-028a-4eb5-b268-b89ac225aff8@group-0C8C0AA7542A, cid=621, SUCCESS, logIndex=747, commits[b461a7b0-028a-4eb5-b268-b89ac225aff8:c748, b6ff45f5-67b8-463b-a273-c2e7d9dadd75:c744, 6a5cb75f-f7eb-4671-9a85-3b6f7898f6cc:c744]
2019-08-28 21:29:24,492 [grpc-default-executor-5] INFO  client.GrpcClientProtocolClient (GrpcClientProtocolClient.java:onNext(255)) - client-05DA20D107F8->b461a7b0-028a-4eb5-b268-b89ac225aff8: receive RaftClientReply:client-05DA20D107F8->b461a7b0-028a-4eb5-b268-b89ac225aff8@group-0C8C0AA7542A, cid=622, SUCCESS, logIndex=748, commits[b461a7b0-028a-4eb5-b268-b89ac225aff8:c748, b6ff45f5-67b8-463b-a273-c2e7d9dadd75:c744, 6a5cb75f-f7eb-4671-9a85-3b6f7898f6cc:c744]
2019-08-28 21:29:24,494 [grpc-default-executor-5] INFO  client.GrpcClientProtocolClient (GrpcClientProtocolClient.java:onNext(255)) - client-05DA20D107F8->b461a7b0-028a-4eb5-b268-b89ac225aff8: receive RaftClientReply:client-05DA20D107F8->b461a7b0-028a-4eb5-b268-b89ac225aff8@group-0C8C0AA7542A, cid=623, SUCCESS, logIndex=0, commits[b461a7b0-028a-4eb5-b268-b89ac225aff8:c750, b6ff45f5-67b8-463b-a273-c2e7d9dadd75:c746, 6a5cb75f-f7eb-4671-9a85-3b6f7898f6cc:c746]
2019-08-28 21:29:24,500 | INFO  | DNAudit | user=null | ip=null | op=WRITE_CHUNK {blockData=conID: 1 locID: 102696731549106581 bcsId: 0} | ret=SUCCESS |  
2019-08-28 21:29:24,501 | INFO  | DNAudit | user=null | ip=null | op=WRITE_CHUNK {blockData=conID: 1 locID: 102696731549106581 bcsId: 0} | ret=SUCCESS |  
2019-08-28 21:29:24,501 | INFO  | DNAudit | user=null | ip=null | op=PUT_BLOCK {blockData=[blockId=conID: 1 locID: 102696731549106581 bcsId: 0,size=2097152]} | ret=SUCCESS |  
2019-08-28 21:29:24,502 | INFO  | DNAudit | user=null | ip=null | op=PUT_BLOCK {blockData=[blockId=conID: 1 locID: 102696731549106581 bcsId: 0,size=2097152]} | ret=SUCCESS |  
2019-08-28 21:29:24,505 | INFO  | DNAudit | user=null | ip=null | op=WRITE_CHUNK {blockData=conID: 1 locID: 102696731549106581 bcsId: 748} | ret=SUCCESS |  
2019-08-28 21:29:24,511 | INFO  | DNAudit | user=null | ip=null | op=WRITE_CHUNK {blockData=conID: 1 locID: 102696731549106581 bcsId: 748} | ret=SUCCESS |  
2019-08-28 21:29:24,511 | INFO  | DNAudit | user=null | ip=null | op=WRITE_CHUNK {blockData=conID: 1 locID: 102696731549106581 bcsId: 748} | ret=SUCCESS |  
2019-08-28 21:29:24,521 | INFO  | DNAudit | user=null | ip=null | op=WRITE_CHUNK {blockData=conID: 1 locID: 102696731549106581 bcsId: 748} | ret=SUCCESS |  
2019-08-28 21:29:24,522 | INFO  | DNAudit | user=null | ip=null | op=PUT_BLOCK {blockData=[blockId=conID: 1 locID: 102696731549106581 bcsId: 0,size=3145728]} | ret=SUCCESS |  
2019-08-28 21:29:24,522 [grpc-default-executor-3] INFO  client.GrpcClientProtocolClient (GrpcClientProtocolClient.java:onNext(255)) - client-05DA20D107F8->b461a7b0-028a-4eb5-b268-b89ac225aff8: receive RaftClientReply:client-05DA20D107F8->b461a7b0-028a-4eb5-b268-b89ac225aff8@group-0C8C0AA7542A, cid=624, SUCCESS, logIndex=753, commits[b461a7b0-028a-4eb5-b268-b89ac225aff8:c754, b6ff45f5-67b8-463b-a273-c2e7d9dadd75:c752, 6a5cb75f-f7eb-4671-9a85-3b6f7898f6cc:c748]
2019-08-28 21:29:24,523 [grpc-default-executor-3] INFO  client.GrpcClientProtocolClient (GrpcClientProtocolClient.java:onNext(255)) - client-05DA20D107F8->b461a7b0-028a-4eb5-b268-b89ac225aff8: receive RaftClientReply:client-05DA20D107F8->b461a7b0-028a-4eb5-b268-b89ac225aff8@group-0C8C0AA7542A, cid=625, SUCCESS, logIndex=754, commits[b461a7b0-028a-4eb5-b268-b89ac225aff8:c754, b6ff45f5-67b8-463b-a273-c2e7d9dadd75:c752, 6a5cb75f-f7eb-4671-9a85-3b6f7898f6cc:c752]
2019-08-28 21:29:24,526 | INFO  | DNAudit | user=null | ip=null | op=WRITE_CHUNK {blockData=conID: 1 locID: 102696731549106581 bcsId: 748} | ret=SUCCESS |  
2019-08-28 21:29:24,526 | INFO  | DNAudit | user=null | ip=null | op=WRITE_CHUNK {blockData=conID: 1 locID: 102696731549106581 bcsId: 748} | ret=SUCCESS |  
2019-08-28 21:29:24,526 | INFO  | DNAudit | user=null | ip=null | op=PUT_BLOCK {blockData=[blockId=conID: 1 locID: 102696731549106581 bcsId: 0,size=3145728]} | ret=SUCCESS |  
2019-08-28 21:29:24,527 | INFO  | DNAudit | user=null | ip=null | op=PUT_BLOCK {blockData=[blockId=conID: 1 locID: 102696731549106581 bcsId: 0,size=3145728]} | ret=SUCCESS |  
2019-08-28 21:29:24,535 | INFO  | DNAudit | user=null | ip=null | op=WRITE_CHUNK {blockData=conID: 1 locID: 102696731549106581 bcsId: 754} | ret=SUCCESS |  
2019-08-28 21:29:24,539 | INFO  | DNAudit | user=null | ip=null | op=WRITE_CHUNK {blockData=conID: 1 locID: 102696731549106581 bcsId: 754} | ret=SUCCESS |  
2019-08-28 21:29:24,541 | INFO  | DNAudit | user=null | ip=null | op=WRITE_CHUNK {blockData=conID: 1 locID: 102696731549106581 bcsId: 754} | ret=SUCCESS |  
2019-08-28 21:29:24,557 | INFO  | DNAudit | user=null | ip=null | op=WRITE_CHUNK {blockData=conID: 1 locID: 102696731549106581 bcsId: 754} | ret=SUCCESS |  
2019-08-28 21:29:24,558 | INFO  | DNAudit | user=null | ip=null | op=PUT_BLOCK {blockData=[blockId=conID: 1 locID: 102696731549106581 bcsId: 0,size=4194304]} | ret=SUCCESS |  
2019-08-28 21:29:24,558 [grpc-default-executor-5] INFO  client.GrpcClientProtocolClient (GrpcClientProtocolClient.java:onNext(255)) - client-05DA20D107F8->b461a7b0-028a-4eb5-b268-b89ac225aff8: receive RaftClientReply:client-05DA20D107F8->b461a7b0-028a-4eb5-b268-b89ac225aff8@group-0C8C0AA7542A, cid=626, SUCCESS, logIndex=757, commits[b461a7b0-028a-4eb5-b268-b89ac225aff8:c758, b6ff45f5-67b8-463b-a273-c2e7d9dadd75:c756, 6a5cb75f-f7eb-4671-9a85-3b6f7898f6cc:c756]
2019-08-28 21:29:24,559 [grpc-default-executor-5] INFO  client.GrpcClientProtocolClient (GrpcClientProtocolClient.java:onNext(255)) - client-05DA20D107F8->b461a7b0-028a-4eb5-b268-b89ac225aff8: receive RaftClientReply:client-05DA20D107F8->b461a7b0-028a-4eb5-b268-b89ac225aff8@group-0C8C0AA7542A, cid=627, SUCCESS, logIndex=758, commits[b461a7b0-028a-4eb5-b268-b89ac225aff8:c758, b6ff45f5-67b8-463b-a273-c2e7d9dadd75:c756, 6a5cb75f-f7eb-4671-9a85-3b6f7898f6cc:c756]
2019-08-28 21:29:24,562 | INFO  | DNAudit | user=null | ip=null | op=WRITE_CHUNK {blockData=conID: 1 locID: 102696731549106581 bcsId: 754} | ret=SUCCESS |  
2019-08-28 21:29:24,563 | INFO  | DNAudit | user=null | ip=null | op=PUT_BLOCK {blockData=[blockId=conID: 1 locID: 102696731549106581 bcsId: 0,size=4194304]} | ret=SUCCESS |  
2019-08-28 21:29:24,563 | INFO  | DNAudit | user=null | ip=null | op=WRITE_CHUNK {blockData=conID: 1 locID: 102696731549106581 bcsId: 754} | ret=SUCCESS |  
2019-08-28 21:29:24,564 | INFO  | DNAudit | user=null | ip=null | op=PUT_BLOCK {blockData=[blockId=conID: 1 locID: 102696731549106581 bcsId: 0,size=4194304]} | ret=SUCCESS |  
2019-08-28 21:29:24,564 [grpc-default-executor-5] INFO  client.GrpcClientProtocolClient (GrpcClientProtocolClient.java:onNext(255)) - client-05DA20D107F8->b461a7b0-028a-4eb5-b268-b89ac225aff8: receive RaftClientReply:client-05DA20D107F8->b461a7b0-028a-4eb5-b268-b89ac225aff8@group-0C8C0AA7542A, cid=628, SUCCESS, logIndex=0, commits[b461a7b0-028a-4eb5-b268-b89ac225aff8:c759, b6ff45f5-67b8-463b-a273-c2e7d9dadd75:c758, 6a5cb75f-f7eb-4671-9a85-3b6f7898f6cc:c758]
2019-08-28 21:29:24,577 | INFO  | DNAudit | user=null | ip=null | op=WRITE_CHUNK {blockData=conID: 2 locID: 102696731549106582 bcsId: 0} | ret=SUCCESS |  
2019-08-28 21:29:24,582 | INFO  | DNAudit | user=null | ip=null | op=WRITE_CHUNK {blockData=conID: 2 locID: 102696731549106582 bcsId: 0} | ret=SUCCESS |  
2019-08-28 21:29:24,582 | INFO  | DNAudit | user=null | ip=null | op=WRITE_CHUNK {blockData=conID: 2 locID: 102696731549106582 bcsId: 0} | ret=SUCCESS |  
2019-08-28 21:29:24,583 | INFO  | DNAudit | user=null | ip=null | op=WRITE_CHUNK {blockData=conID: 2 locID: 102696731549106582 bcsId: 0} | ret=SUCCESS |  
2019-08-28 21:29:24,588 | INFO  | DNAudit | user=null | ip=null | op=WRITE_CHUNK {blockData=conID: 2 locID: 102696731549106582 bcsId: 0} | ret=SUCCESS |  
2019-08-28 21:29:24,588 | INFO  | DNAudit | user=null | ip=null | op=WRITE_CHUNK {blockData=conID: 2 locID: 102696731549106582 bcsId: 0} | ret=SUCCESS |  
2019-08-28 21:29:24,590 | INFO  | DNAudit | user=null | ip=null | op=WRITE_CHUNK {blockData=conID: 2 locID: 102696731549106582 bcsId: 0} | ret=SUCCESS |  
2019-08-28 21:29:24,591 | INFO  | DNAudit | user=null | ip=null | op=PUT_BLOCK {blockData=[blockId=conID: 2 locID: 102696731549106582 bcsId: 0,size=1048576]} | ret=SUCCESS |  
2019-08-28 21:29:24,591 [grpc-default-executor-5] INFO  client.GrpcClientProtocolClient (GrpcClientProtocolClient.java:onNext(255)) - client-05DA20D107F8->b461a7b0-028a-4eb5-b268-b89ac225aff8: receive RaftClientReply:client-05DA20D107F8->b461a7b0-028a-4eb5-b268-b89ac225aff8@group-0C8C0AA7542A, cid=629, SUCCESS, logIndex=761, commits[b461a7b0-028a-4eb5-b268-b89ac225aff8:c762, b6ff45f5-67b8-463b-a273-c2e7d9dadd75:c760, 6a5cb75f-f7eb-4671-9a85-3b6f7898f6cc:c760]
2019-08-28 21:29:24,592 [grpc-default-executor-5] INFO  client.GrpcClientProtocolClient (GrpcClientProtocolClient.java:onNext(255)) - client-05DA20D107F8->b461a7b0-028a-4eb5-b268-b89ac225aff8: receive RaftClientReply:client-05DA20D107F8->b461a7b0-028a-4eb5-b268-b89ac225aff8@group-0C8C0AA7542A, cid=630, SUCCESS, logIndex=762, commits[b461a7b0-028a-4eb5-b268-b89ac225aff8:c762, b6ff45f5-67b8-463b-a273-c2e7d9dadd75:c760, 6a5cb75f-f7eb-4671-9a85-3b6f7898f6cc:c760]
2019-08-28 21:29:24,597 | INFO  | DNAudit | user=null | ip=null | op=WRITE_CHUNK {blockData=conID: 2 locID: 102696731549106582 bcsId: 0} | ret=SUCCESS |  
2019-08-28 21:29:24,597 | INFO  | DNAudit | user=null | ip=null | op=WRITE_CHUNK {blockData=conID: 2 locID: 102696731549106582 bcsId: 0} | ret=SUCCESS |  
2019-08-28 21:29:24,597 | INFO  | DNAudit | user=null | ip=null | op=WRITE_CHUNK {blockData=conID: 2 locID: 102696731549106582 bcsId: 0} | ret=SUCCESS |  
2019-08-28 21:29:24,598 | INFO  | DNAudit | user=null | ip=null | op=PUT_BLOCK {blockData=[blockId=conID: 2 locID: 102696731549106582 bcsId: 0,size=1048576]} | ret=SUCCESS |  
2019-08-28 21:29:24,598 | INFO  | DNAudit | user=null | ip=null | op=PUT_BLOCK {blockData=[blockId=conID: 2 locID: 102696731549106582 bcsId: 0,size=1048576]} | ret=SUCCESS |  
2019-08-28 21:29:24,598 | INFO  | DNAudit | user=null | ip=null | op=PUT_BLOCK {blockData=[blockId=conID: 2 locID: 102696731549106582 bcsId: 0,size=2097152]} | ret=SUCCESS |  
2019-08-28 21:29:24,598 [grpc-default-executor-3] INFO  client.GrpcClientProtocolClient (GrpcClientProtocolClient.java:onNext(255)) - client-05DA20D107F8->b461a7b0-028a-4eb5-b268-b89ac225aff8: receive RaftClientReply:client-05DA20D107F8->b461a7b0-028a-4eb5-b268-b89ac225aff8@group-0C8C0AA7542A, cid=631, SUCCESS, logIndex=763, commits[b461a7b0-028a-4eb5-b268-b89ac225aff8:c766, b6ff45f5-67b8-463b-a273-c2e7d9dadd75:c760, 6a5cb75f-f7eb-4671-9a85-3b6f7898f6cc:c762]
2019-08-28 21:29:24,599 [grpc-default-executor-1] INFO  client.GrpcClientProtocolClient (GrpcClientProtocolClient.java:onNext(255)) - client-05DA20D107F8->b461a7b0-028a-4eb5-b268-b89ac225aff8: receive RaftClientReply:client-05DA20D107F8->b461a7b0-028a-4eb5-b268-b89ac225aff8@group-0C8C0AA7542A, cid=632, SUCCESS, logIndex=764, commits[b461a7b0-028a-4eb5-b268-b89ac225aff8:c766, b6ff45f5-67b8-463b-a273-c2e7d9dadd75:c762, 6a5cb75f-f7eb-4671-9a85-3b6f7898f6cc:c762]
2019-08-28 21:29:24,603 | INFO  | DNAudit | user=null | ip=null | op=WRITE_CHUNK {blockData=conID: 2 locID: 102696731549106582 bcsId: 0} | ret=SUCCESS |  
2019-08-28 21:29:24,603 | INFO  | DNAudit | user=null | ip=null | op=WRITE_CHUNK {blockData=conID: 2 locID: 102696731549106582 bcsId: 0} | ret=SUCCESS |  
2019-08-28 21:29:24,604 | INFO  | DNAudit | user=null | ip=null | op=PUT_BLOCK {blockData=[blockId=conID: 2 locID: 102696731549106582 bcsId: 0,size=2097152]} | ret=SUCCESS |  
2019-08-28 21:29:24,604 | INFO  | DNAudit | user=null | ip=null | op=PUT_BLOCK {blockData=[blockId=conID: 2 locID: 102696731549106582 bcsId: 0,size=2097152]} | ret=SUCCESS |  
2019-08-28 21:29:24,610 | INFO  | DNAudit | user=null | ip=null | op=WRITE_CHUNK {blockData=conID: 2 locID: 102696731549106582 bcsId: 764} | ret=SUCCESS |  
2019-08-28 21:29:24,616 | INFO  | DNAudit | user=null | ip=null | op=WRITE_CHUNK {blockData=conID: 2 locID: 102696731549106582 bcsId: 764} | ret=SUCCESS |  
2019-08-28 21:29:24,617 | INFO  | DNAudit | user=null | ip=null | op=WRITE_CHUNK {blockData=conID: 2 locID: 102696731549106582 bcsId: 764} | ret=SUCCESS |  
2019-08-28 21:29:24,636 | INFO  | DNAudit | user=null | ip=null | op=WRITE_CHUNK {blockData=conID: 2 locID: 102696731549106582 bcsId: 764} | ret=SUCCESS |  
2019-08-28 21:29:24,636 | INFO  | DNAudit | user=null | ip=null | op=PUT_BLOCK {blockData=[blockId=conID: 2 locID: 102696731549106582 bcsId: 0,size=3145728]} | ret=SUCCESS |  
2019-08-28 21:29:24,637 [grpc-default-executor-1] INFO  client.GrpcClientProtocolClient (GrpcClientProtocolClient.java:onNext(255)) - client-05DA20D107F8->b461a7b0-028a-4eb5-b268-b89ac225aff8: receive RaftClientReply:client-05DA20D107F8->b461a7b0-028a-4eb5-b268-b89ac225aff8@group-0C8C0AA7542A, cid=633, SUCCESS, logIndex=768, commits[b461a7b0-028a-4eb5-b268-b89ac225aff8:c769, b6ff45f5-67b8-463b-a273-c2e7d9dadd75:c767, 6a5cb75f-f7eb-4671-9a85-3b6f7898f6cc:c767]
2019-08-28 21:29:24,637 [grpc-default-executor-1] INFO  client.GrpcClientProtocolClient (GrpcClientProtocolClient.java:onNext(255)) - client-05DA20D107F8->b461a7b0-028a-4eb5-b268-b89ac225aff8: receive RaftClientReply:client-05DA20D107F8->b461a7b0-028a-4eb5-b268-b89ac225aff8@group-0C8C0AA7542A, cid=634, SUCCESS, logIndex=769, commits[b461a7b0-028a-4eb5-b268-b89ac225aff8:c769, b6ff45f5-67b8-463b-a273-c2e7d9dadd75:c767, 6a5cb75f-f7eb-4671-9a85-3b6f7898f6cc:c767]
2019-08-28 21:29:24,647 | INFO  | DNAudit | user=null | ip=null | op=WRITE_CHUNK {blockData=conID: 2 locID: 102696731549106582 bcsId: 764} | ret=SUCCESS |  
2019-08-28 21:29:24,647 | INFO  | DNAudit | user=null | ip=null | op=WRITE_CHUNK {blockData=conID: 2 locID: 102696731549106582 bcsId: 764} | ret=SUCCESS |  
2019-08-28 21:29:24,647 | INFO  | DNAudit | user=null | ip=null | op=PUT_BLOCK {blockData=[blockId=conID: 2 locID: 102696731549106582 bcsId: 0,size=3145728]} | ret=SUCCESS |  
2019-08-28 21:29:24,647 | INFO  | DNAudit | user=null | ip=null | op=PUT_BLOCK {blockData=[blockId=conID: 2 locID: 102696731549106582 bcsId: 0,size=3145728]} | ret=SUCCESS |  
2019-08-28 21:29:24,651 | INFO  | DNAudit | user=null | ip=null | op=WRITE_CHUNK {blockData=conID: 2 locID: 102696731549106582 bcsId: 769} | ret=SUCCESS |  
2019-08-28 21:29:24,655 | INFO  | DNAudit | user=null | ip=null | op=WRITE_CHUNK {blockData=conID: 2 locID: 102696731549106582 bcsId: 769} | ret=SUCCESS |  
2019-08-28 21:29:24,656 | INFO  | DNAudit | user=null | ip=null | op=WRITE_CHUNK {blockData=conID: 2 locID: 102696731549106582 bcsId: 769} | ret=SUCCESS |  
2019-08-28 21:29:25,006 | INFO  | SCMAudit | user=jenkins1000 | ip=192.168.36.107 | op=SEND_HEARTBEAT {datanodeUUID=b461a7b0-028a-4eb5-b268-b89ac225aff8, command=[]} | ret=SUCCESS |  
2019-08-28 21:29:25,006 | INFO  | SCMAudit | user=jenkins1000 | ip=192.168.36.107 | op=SEND_HEARTBEAT {datanodeUUID=b6ff45f5-67b8-463b-a273-c2e7d9dadd75, command=[]} | ret=SUCCESS |  
2019-08-28 21:29:25,007 | INFO  | SCMAudit | user=jenkins1000 | ip=192.168.36.107 | op=SEND_HEARTBEAT {datanodeUUID=6a5cb75f-f7eb-4671-9a85-3b6f7898f6cc, command=[]} | ret=SUCCESS |  
2019-08-28 21:29:25,007 | INFO  | DNAudit | user=null | ip=null | op=WRITE_CHUNK {blockData=conID: 2 locID: 102696731549106582 bcsId: 769} | ret=SUCCESS |  
2019-08-28 21:29:25,008 | INFO  | DNAudit | user=null | ip=null | op=PUT_BLOCK {blockData=[blockId=conID: 2 locID: 102696731549106582 bcsId: 0,size=4194304]} | ret=SUCCESS |  
2019-08-28 21:29:25,008 [grpc-default-executor-5] INFO  client.GrpcClientProtocolClient (GrpcClientProtocolClient.java:onNext(255)) - client-05DA20D107F8->b461a7b0-028a-4eb5-b268-b89ac225aff8: receive RaftClientReply:client-05DA20D107F8->b461a7b0-028a-4eb5-b268-b89ac225aff8@group-0C8C0AA7542A, cid=635, SUCCESS, logIndex=772, commits[b461a7b0-028a-4eb5-b268-b89ac225aff8:c773, b6ff45f5-67b8-463b-a273-c2e7d9dadd75:c771, 6a5cb75f-f7eb-4671-9a85-3b6f7898f6cc:c771]
2019-08-28 21:29:25,009 [grpc-default-executor-5] INFO  client.GrpcClientProtocolClient (GrpcClientProtocolClient.java:onNext(255)) - client-05DA20D107F8->b461a7b0-028a-4eb5-b268-b89ac225aff8: receive RaftClientReply:client-05DA20D107F8->b461a7b0-028a-4eb5-b268-b89ac225aff8@group-0C8C0AA7542A, cid=636, SUCCESS, logIndex=773, commits[b461a7b0-028a-4eb5-b268-b89ac225aff8:c773, b6ff45f5-67b8-463b-a273-c2e7d9dadd75:c771, 6a5cb75f-f7eb-4671-9a85-3b6f7898f6cc:c771]
2019-08-28 21:29:25,013 | INFO  | DNAudit | user=null | ip=null | op=WRITE_CHUNK {blockData=conID: 2 locID: 102696731549106582 bcsId: 769} | ret=SUCCESS |  
2019-08-28 21:29:25,013 | INFO  | DNAudit | user=null | ip=null | op=WRITE_CHUNK {blockData=conID: 2 locID: 102696731549106582 bcsId: 769} | ret=SUCCESS |  
2019-08-28 21:29:25,013 | INFO  | DNAudit | user=null | ip=null | op=PUT_BLOCK {blockData=[blockId=conID: 2 locID: 102696731549106582 bcsId: 0,size=4194304]} | ret=SUCCESS |  
2019-08-28 21:29:25,014 | INFO  | DNAudit | user=null | ip=null | op=PUT_BLOCK {blockData=[blockId=conID: 2 locID: 102696731549106582 bcsId: 0,size=4194304]} | ret=SUCCESS |  
2019-08-28 21:29:25,015 [grpc-default-executor-5] INFO  client.GrpcClientProtocolClient (GrpcClientProtocolClient.java:onNext(255)) - client-05DA20D107F8->b461a7b0-028a-4eb5-b268-b89ac225aff8: receive RaftClientReply:client-05DA20D107F8->b461a7b0-028a-4eb5-b268-b89ac225aff8@group-0C8C0AA7542A, cid=637, SUCCESS, logIndex=0, commits[b461a7b0-028a-4eb5-b268-b89ac225aff8:c774, b6ff45f5-67b8-463b-a273-c2e7d9dadd75:c773, 6a5cb75f-f7eb-4671-9a85-3b6f7898f6cc:c773]
2019-08-28 21:29:25,029 | INFO  | DNAudit | user=null | ip=null | op=WRITE_CHUNK {blockData=conID: 3 locID: 102696731549106583 bcsId: 0} | ret=SUCCESS |  
2019-08-28 21:29:25,031 | INFO  | DNAudit | user=null | ip=null | op=WRITE_CHUNK {blockData=conID: 3 locID: 102696731549106583 bcsId: 0} | ret=SUCCESS |  
2019-08-28 21:29:25,033 | INFO  | DNAudit | user=null | ip=null | op=WRITE_CHUNK {blockData=conID: 3 locID: 102696731549106583 bcsId: 0} | ret=SUCCESS |  
2019-08-28 21:29:25,036 | INFO  | DNAudit | user=null | ip=null | op=WRITE_CHUNK {blockData=conID: 3 locID: 102696731549106583 bcsId: 0} | ret=SUCCESS |  
2019-08-28 21:29:25,036 | INFO  | DNAudit | user=null | ip=null | op=WRITE_CHUNK {blockData=conID: 3 locID: 102696731549106583 bcsId: 0} | ret=SUCCESS |  
2019-08-28 21:29:25,039 | INFO  | DNAudit | user=null | ip=null | op=WRITE_CHUNK {blockData=conID: 3 locID: 102696731549106583 bcsId: 0} | ret=SUCCESS |  
2019-08-28 21:29:25,062 | INFO  | DNAudit | user=null | ip=null | op=WRITE_CHUNK {blockData=conID: 3 locID: 102696731549106583 bcsId: 0} | ret=SUCCESS |  
2019-08-28 21:29:25,062 | INFO  | DNAudit | user=null | ip=null | op=PUT_BLOCK {blockData=[blockId=conID: 3 locID: 102696731549106583 bcsId: 0,size=1048576]} | ret=SUCCESS |  
2019-08-28 21:29:25,063 | INFO  | DNAudit | user=null | ip=null | op=WRITE_CHUNK {blockData=conID: 3 locID: 102696731549106583 bcsId: 0} | ret=SUCCESS |  
2019-08-28 21:29:25,063 | INFO  | DNAudit | user=null | ip=null | op=PUT_BLOCK {blockData=[blockId=conID: 3 locID: 102696731549106583 bcsId: 0,size=2097152]} | ret=SUCCESS |  
2019-08-28 21:29:25,063 [grpc-default-executor-1] INFO  client.GrpcClientProtocolClient (GrpcClientProtocolClient.java:onNext(255)) - client-05DA20D107F8->b461a7b0-028a-4eb5-b268-b89ac225aff8: receive RaftClientReply:client-05DA20D107F8->b461a7b0-028a-4eb5-b268-b89ac225aff8@group-0C8C0AA7542A, cid=638, SUCCESS, logIndex=776, commits[b461a7b0-028a-4eb5-b268-b89ac225aff8:c779, b6ff45f5-67b8-463b-a273-c2e7d9dadd75:c775, 6a5cb75f-f7eb-4671-9a85-3b6f7898f6cc:c775]
2019-08-28 21:29:25,064 [grpc-default-executor-1] INFO  client.GrpcClientProtocolClient (GrpcClientProtocolClient.java:onNext(255)) - client-05DA20D107F8->b461a7b0-028a-4eb5-b268-b89ac225aff8: receive RaftClientReply:client-05DA20D107F8->b461a7b0-028a-4eb5-b268-b89ac225aff8@group-0C8C0AA7542A, cid=639, SUCCESS, logIndex=777, commits[b461a7b0-028a-4eb5-b268-b89ac225aff8:c779, b6ff45f5-67b8-463b-a273-c2e7d9dadd75:c775, 6a5cb75f-f7eb-4671-9a85-3b6f7898f6cc:c775]
2019-08-28 21:29:25,064 [grpc-default-executor-1] INFO  client.GrpcClientProtocolClient (GrpcClientProtocolClient.java:onNext(255)) - client-05DA20D107F8->b461a7b0-028a-4eb5-b268-b89ac225aff8: receive RaftClientReply:client-05DA20D107F8->b461a7b0-028a-4eb5-b268-b89ac225aff8@group-0C8C0AA7542A, cid=640, SUCCESS, logIndex=778, commits[b461a7b0-028a-4eb5-b268-b89ac225aff8:c779, b6ff45f5-67b8-463b-a273-c2e7d9dadd75:c775, 6a5cb75f-f7eb-4671-9a85-3b6f7898f6cc:c775]
2019-08-28 21:29:25,065 [grpc-default-executor-1] INFO  client.GrpcClientProtocolClient (GrpcClientProtocolClient.java:onNext(255)) - client-05DA20D107F8->b461a7b0-028a-4eb5-b268-b89ac225aff8: receive RaftClientReply:client-05DA20D107F8->b461a7b0-028a-4eb5-b268-b89ac225aff8@group-0C8C0AA7542A, cid=641, SUCCESS, logIndex=779, commits[b461a7b0-028a-4eb5-b268-b89ac225aff8:c779, b6ff45f5-67b8-463b-a273-c2e7d9dadd75:c775, 6a5cb75f-f7eb-4671-9a85-3b6f7898f6cc:c775]
2019-08-28 21:29:25,074 | INFO  | DNAudit | user=null | ip=null | op=WRITE_CHUNK {blockData=conID: 3 locID: 102696731549106583 bcsId: 0} | ret=SUCCESS |  
2019-08-28 21:29:25,074 | INFO  | DNAudit | user=null | ip=null | op=PUT_BLOCK {blockData=[blockId=conID: 3 locID: 102696731549106583 bcsId: 0,size=1048576]} | ret=SUCCESS |  
2019-08-28 21:29:25,075 | INFO  | DNAudit | user=null | ip=null | op=WRITE_CHUNK {blockData=conID: 3 locID: 102696731549106583 bcsId: 0} | ret=SUCCESS |  
2019-08-28 21:29:25,080 | INFO  | DNAudit | user=null | ip=null | op=WRITE_CHUNK {blockData=conID: 3 locID: 102696731549106583 bcsId: 0} | ret=SUCCESS |  
2019-08-28 21:29:25,080 | INFO  | DNAudit | user=null | ip=null | op=PUT_BLOCK {blockData=[blockId=conID: 3 locID: 102696731549106583 bcsId: 0,size=1048576]} | ret=SUCCESS |  
2019-08-28 21:29:25,080 | INFO  | DNAudit | user=null | ip=null | op=PUT_BLOCK {blockData=[blockId=conID: 3 locID: 102696731549106583 bcsId: 0,size=2097152]} | ret=SUCCESS |  
2019-08-28 21:29:25,080 | INFO  | DNAudit | user=null | ip=null | op=WRITE_CHUNK {blockData=conID: 3 locID: 102696731549106583 bcsId: 0} | ret=SUCCESS |  
2019-08-28 21:29:25,081 | INFO  | DNAudit | user=null | ip=null | op=PUT_BLOCK {blockData=[blockId=conID: 3 locID: 102696731549106583 bcsId: 0,size=2097152]} | ret=SUCCESS |  
2019-08-28 21:29:25,081 [grpc-default-executor-1] INFO  client.GrpcClientProtocolClient (GrpcClientProtocolClient.java:onNext(255)) - client-05DA20D107F8->b461a7b0-028a-4eb5-b268-b89ac225aff8: receive RaftClientReply:client-05DA20D107F8->b461a7b0-028a-4eb5-b268-b89ac225aff8@group-0C8C0AA7542A, cid=642, SUCCESS, logIndex=0, commits[b461a7b0-028a-4eb5-b268-b89ac225aff8:c780, b6ff45f5-67b8-463b-a273-c2e7d9dadd75:c778, 6a5cb75f-f7eb-4671-9a85-3b6f7898f6cc:c778]
2019-08-28 21:29:25,091 | INFO  | DNAudit | user=null | ip=null | op=WRITE_CHUNK {blockData=conID: 3 locID: 102696731549106583 bcsId: 779} | ret=SUCCESS |  
 0.00% |█                                                                                                    |  0/1 Time: 0:00:012019-08-28 21:29:25,095 | INFO  | DNAudit | user=null | ip=null | op=WRITE_CHUNK {blockData=conID: 3 locID: 102696731549106583 bcsId: 779} | ret=SUCCESS |  
2019-08-28 21:29:25,095 | INFO  | DNAudit | user=null | ip=null | op=WRITE_CHUNK {blockData=conID: 3 locID: 102696731549106583 bcsId: 779} | ret=SUCCESS |  
2019-08-28 21:29:25,112 | INFO  | DNAudit | user=null | ip=null | op=WRITE_CHUNK {blockData=conID: 3 locID: 102696731549106583 bcsId: 779} | ret=SUCCESS |  
2019-08-28 21:29:25,112 | INFO  | DNAudit | user=null | ip=null | op=PUT_BLOCK {blockData=[blockId=conID: 3 locID: 102696731549106583 bcsId: 0,size=3145728]} | ret=SUCCESS |  
2019-08-28 21:29:25,113 [grpc-default-executor-1] INFO  client.GrpcClientProtocolClient (GrpcClientProtocolClient.java:onNext(255)) - client-05DA20D107F8->b461a7b0-028a-4eb5-b268-b89ac225aff8: receive RaftClientReply:client-05DA20D107F8->b461a7b0-028a-4eb5-b268-b89ac225aff8@group-0C8C0AA7542A, cid=643, SUCCESS, logIndex=783, commits[b461a7b0-028a-4eb5-b268-b89ac225aff8:c784, b6ff45f5-67b8-463b-a273-c2e7d9dadd75:c782, 6a5cb75f-f7eb-4671-9a85-3b6f7898f6cc:c782]
2019-08-28 21:29:25,114 [grpc-default-executor-1] INFO  client.GrpcClientProtocolClient (GrpcClientProtocolClient.java:onNext(255)) - client-05DA20D107F8->b461a7b0-028a-4eb5-b268-b89ac225aff8: receive RaftClientReply:client-05DA20D107F8->b461a7b0-028a-4eb5-b268-b89ac225aff8@group-0C8C0AA7542A, cid=644, SUCCESS, logIndex=784, commits[b461a7b0-028a-4eb5-b268-b89ac225aff8:c784, b6ff45f5-67b8-463b-a273-c2e7d9dadd75:c782, 6a5cb75f-f7eb-4671-9a85-3b6f7898f6cc:c782]
2019-08-28 21:29:25,123 | INFO  | DNAudit | user=null | ip=null | op=WRITE_CHUNK {blockData=conID: 3 locID: 102696731549106583 bcsId: 784} | ret=SUCCESS |  
2019-08-28 21:29:25,129 | INFO  | DNAudit | user=null | ip=null | op=WRITE_CHUNK {blockData=conID: 3 locID: 102696731549106583 bcsId: 784} | ret=SUCCESS |  
2019-08-28 21:29:25,129 | INFO  | DNAudit | user=null | ip=null | op=WRITE_CHUNK {blockData=conID: 3 locID: 102696731549106583 bcsId: 784} | ret=SUCCESS |  
2019-08-28 21:29:25,140 | INFO  | DNAudit | user=null | ip=null | op=WRITE_CHUNK {blockData=conID: 3 locID: 102696731549106583 bcsId: 779} | ret=SUCCESS |  
2019-08-28 21:29:25,140 | INFO  | DNAudit | user=null | ip=null | op=WRITE_CHUNK {blockData=conID: 3 locID: 102696731549106583 bcsId: 779} | ret=SUCCESS |  
2019-08-28 21:29:25,140 | INFO  | DNAudit | user=null | ip=null | op=PUT_BLOCK {blockData=[blockId=conID: 3 locID: 102696731549106583 bcsId: 0,size=3145728]} | ret=SUCCESS |  
2019-08-28 21:29:25,140 | INFO  | DNAudit | user=null | ip=null | op=PUT_BLOCK {blockData=[blockId=conID: 3 locID: 102696731549106583 bcsId: 0,size=3145728]} | ret=SUCCESS |  
2019-08-28 21:29:25,142 | INFO  | DNAudit | user=null | ip=null | op=WRITE_CHUNK {blockData=conID: 3 locID: 102696731549106583 bcsId: 784} | ret=SUCCESS |  
2019-08-28 21:29:25,143 | INFO  | DNAudit | user=null | ip=null | op=PUT_BLOCK {blockData=[blockId=conID: 3 locID: 102696731549106583 bcsId: 0,size=4194304]} | ret=SUCCESS |  
2019-08-28 21:29:25,144 [grpc-default-executor-5] INFO  client.GrpcClientProtocolClient (GrpcClientProtocolClient.java:onNext(255)) - client-05DA20D107F8->b461a7b0-028a-4eb5-b268-b89ac225aff8: receive RaftClientReply:client-05DA20D107F8->b461a7b0-028a-4eb5-b268-b89ac225aff8@group-0C8C0AA7542A, cid=645, SUCCESS, logIndex=787, commits[b461a7b0-028a-4eb5-b268-b89ac225aff8:c788, b6ff45f5-67b8-463b-a273-c2e7d9dadd75:c784, 6a5cb75f-f7eb-4671-9a85-3b6f7898f6cc:c784]
2019-08-28 21:29:25,144 [grpc-default-executor-5] INFO  client.GrpcClientProtocolClient (GrpcClientProtocolClient.java:onNext(255)) - client-05DA20D107F8->b461a7b0-028a-4eb5-b268-b89ac225aff8: receive RaftClientReply:client-05DA20D107F8->b461a7b0-028a-4eb5-b268-b89ac225aff8@group-0C8C0AA7542A, cid=646, SUCCESS, logIndex=788, commits[b461a7b0-028a-4eb5-b268-b89ac225aff8:c788, b6ff45f5-67b8-463b-a273-c2e7d9dadd75:c784, 6a5cb75f-f7eb-4671-9a85-3b6f7898f6cc:c784]
2019-08-28 21:29:25,171 | INFO  | DNAudit | user=null | ip=null | op=WRITE_CHUNK {blockData=conID: 3 locID: 102696731549106583 bcsId: 784} | ret=SUCCESS |  
2019-08-28 21:29:25,171 | INFO  | DNAudit | user=null | ip=null | op=WRITE_CHUNK {blockData=conID: 3 locID: 102696731549106583 bcsId: 784} | ret=SUCCESS |  
2019-08-28 21:29:25,172 | INFO  | DNAudit | user=null | ip=null | op=PUT_BLOCK {blockData=[blockId=conID: 3 locID: 102696731549106583 bcsId: 0,size=4194304]} | ret=SUCCESS |  
2019-08-28 21:29:25,172 | INFO  | DNAudit | user=null | ip=null | op=PUT_BLOCK {blockData=[blockId=conID: 3 locID: 102696731549106583 bcsId: 0,size=4194304]} | ret=SUCCESS |  
2019-08-28 21:29:25,173 [grpc-default-executor-5] INFO  client.GrpcClientProtocolClient (GrpcClientProtocolClient.java:onNext(255)) - client-05DA20D107F8->b461a7b0-028a-4eb5-b268-b89ac225aff8: receive RaftClientReply:client-05DA20D107F8->b461a7b0-028a-4eb5-b268-b89ac225aff8@group-0C8C0AA7542A, cid=647, SUCCESS, logIndex=0, commits[b461a7b0-028a-4eb5-b268-b89ac225aff8:c789, b6ff45f5-67b8-463b-a273-c2e7d9dadd75:c788, 6a5cb75f-f7eb-4671-9a85-3b6f7898f6cc:c788]
2019-08-28 21:29:25,186 | INFO  | DNAudit | user=null | ip=null | op=WRITE_CHUNK {blockData=conID: 1 locID: 102696731549106584 bcsId: 0} | ret=SUCCESS |  
2019-08-28 21:29:25,193 | INFO  | DNAudit | user=null | ip=null | op=WRITE_CHUNK {blockData=conID: 1 locID: 102696731549106584 bcsId: 0} | ret=SUCCESS |  
2019-08-28 21:29:25,194 | INFO  | DNAudit | user=null | ip=null | op=WRITE_CHUNK {blockData=conID: 1 locID: 102696731549106584 bcsId: 0} | ret=SUCCESS |  
2019-08-28 21:29:25,196 | INFO  | DNAudit | user=null | ip=null | op=WRITE_CHUNK {blockData=conID: 1 locID: 102696731549106584 bcsId: 0} | ret=SUCCESS |  
2019-08-28 21:29:25,196 | INFO  | DNAudit | user=null | ip=null | op=WRITE_CHUNK {blockData=conID: 1 locID: 102696731549106584 bcsId: 0} | ret=SUCCESS |  
2019-08-28 21:29:25,197 | INFO  | DNAudit | user=null | ip=null | op=WRITE_CHUNK {blockData=conID: 1 locID: 102696731549106584 bcsId: 0} | ret=SUCCESS |  
2019-08-28 21:29:25,216 | INFO  | DNAudit | user=null | ip=null | op=WRITE_CHUNK {blockData=conID: 1 locID: 102696731549106584 bcsId: 0} | ret=SUCCESS |  
2019-08-28 21:29:25,217 | INFO  | DNAudit | user=null | ip=null | op=PUT_BLOCK {blockData=[blockId=conID: 1 locID: 102696731549106584 bcsId: 0,size=1048576]} | ret=SUCCESS |  
2019-08-28 21:29:25,217 | INFO  | DNAudit | user=null | ip=null | op=WRITE_CHUNK {blockData=conID: 1 locID: 102696731549106584 bcsId: 0} | ret=SUCCESS |  
2019-08-28 21:29:25,217 [grpc-default-executor-6] INFO  client.GrpcClientProtocolClient (GrpcClientProtocolClient.java:onNext(255)) - client-05DA20D107F8->b461a7b0-028a-4eb5-b268-b89ac225aff8: receive RaftClientReply:client-05DA20D107F8->b461a7b0-028a-4eb5-b268-b89ac225aff8@group-0C8C0AA7542A, cid=648, SUCCESS, logIndex=791, commits[b461a7b0-028a-4eb5-b268-b89ac225aff8:c792, b6ff45f5-67b8-463b-a273-c2e7d9dadd75:c790, 6a5cb75f-f7eb-4671-9a85-3b6f7898f6cc:c790]
2019-08-28 21:29:25,218 [grpc-default-executor-6] INFO  client.GrpcClientProtocolClient (GrpcClientProtocolClient.java:onNext(255)) - client-05DA20D107F8->b461a7b0-028a-4eb5-b268-b89ac225aff8: receive RaftClientReply:client-05DA20D107F8->b461a7b0-028a-4eb5-b268-b89ac225aff8@group-0C8C0AA7542A, cid=649, SUCCESS, logIndex=792, commits[b461a7b0-028a-4eb5-b268-b89ac225aff8:c794, b6ff45f5-67b8-463b-a273-c2e7d9dadd75:c790, 6a5cb75f-f7eb-4671-9a85-3b6f7898f6cc:c790]
2019-08-28 21:29:25,218 | INFO  | DNAudit | user=null | ip=null | op=PUT_BLOCK {blockData=[blockId=conID: 1 locID: 102696731549106584 bcsId: 0,size=2097152]} | ret=SUCCESS |  
2019-08-28 21:29:25,219 [grpc-default-executor-6] INFO  client.GrpcClientProtocolClient (GrpcClientProtocolClient.java:onNext(255)) - client-05DA20D107F8->b461a7b0-028a-4eb5-b268-b89ac225aff8: receive RaftClientReply:client-05DA20D107F8->b461a7b0-028a-4eb5-b268-b89ac225aff8@group-0C8C0AA7542A, cid=650, SUCCESS, logIndex=793, commits[b461a7b0-028a-4eb5-b268-b89ac225aff8:c794, b6ff45f5-67b8-463b-a273-c2e7d9dadd75:c790, 6a5cb75f-f7eb-4671-9a85-3b6f7898f6cc:c790]
2019-08-28 21:29:25,219 [grpc-default-executor-6] INFO  client.GrpcClientProtocolClient (GrpcClientProtocolClient.java:onNext(255)) - client-05DA20D107F8->b461a7b0-028a-4eb5-b268-b89ac225aff8: receive RaftClientReply:client-05DA20D107F8->b461a7b0-028a-4eb5-b268-b89ac225aff8@group-0C8C0AA7542A, cid=651, SUCCESS, logIndex=794, commits[b461a7b0-028a-4eb5-b268-b89ac225aff8:c794, b6ff45f5-67b8-463b-a273-c2e7d9dadd75:c790, 6a5cb75f-f7eb-4671-9a85-3b6f7898f6cc:c790]
2019-08-28 21:29:25,226 | INFO  | DNAudit | user=null | ip=null | op=WRITE_CHUNK {blockData=conID: 1 locID: 102696731549106584 bcsId: 0} | ret=SUCCESS |  
2019-08-28 21:29:25,226 | INFO  | DNAudit | user=null | ip=null | op=WRITE_CHUNK {blockData=conID: 1 locID: 102696731549106584 bcsId: 0} | ret=SUCCESS |  
2019-08-28 21:29:25,227 | INFO  | DNAudit | user=null | ip=null | op=PUT_BLOCK {blockData=[blockId=conID: 1 locID: 102696731549106584 bcsId: 0,size=1048576]} | ret=SUCCESS |  
2019-08-28 21:29:25,227 | INFO  | DNAudit | user=null | ip=null | op=PUT_BLOCK {blockData=[blockId=conID: 1 locID: 102696731549106584 bcsId: 0,size=1048576]} | ret=SUCCESS |  
2019-08-28 21:29:25,228 | INFO  | DNAudit | user=null | ip=null | op=WRITE_CHUNK {blockData=conID: 1 locID: 102696731549106584 bcsId: 0} | ret=SUCCESS |  
2019-08-28 21:29:25,228 | INFO  | DNAudit | user=null | ip=null | op=WRITE_CHUNK {blockData=conID: 1 locID: 102696731549106584 bcsId: 0} | ret=SUCCESS |  
2019-08-28 21:29:25,228 | INFO  | DNAudit | user=null | ip=null | op=PUT_BLOCK {blockData=[blockId=conID: 1 locID: 102696731549106584 bcsId: 0,size=2097152]} | ret=SUCCESS |  
2019-08-28 21:29:25,228 | INFO  | DNAudit | user=null | ip=null | op=PUT_BLOCK {blockData=[blockId=conID: 1 locID: 102696731549106584 bcsId: 0,size=2097152]} | ret=SUCCESS |  
2019-08-28 21:29:25,229 [grpc-default-executor-6] INFO  client.GrpcClientProtocolClient (GrpcClientProtocolClient.java:onNext(255)) - client-05DA20D107F8->b461a7b0-028a-4eb5-b268-b89ac225aff8: receive RaftClientReply:client-05DA20D107F8->b461a7b0-028a-4eb5-b268-b89ac225aff8@group-0C8C0AA7542A, cid=652, SUCCESS, logIndex=0, commits[b461a7b0-028a-4eb5-b268-b89ac225aff8:c795, b6ff45f5-67b8-463b-a273-c2e7d9dadd75:c792, 6a5cb75f-f7eb-4671-9a85-3b6f7898f6cc:c792]
2019-08-28 21:29:25,240 | INFO  | DNAudit | user=null | ip=null | op=WRITE_CHUNK {blockData=conID: 1 locID: 102696731549106584 bcsId: 794} | ret=SUCCESS |  
2019-08-28 21:29:25,243 | INFO  | DNAudit | user=null | ip=null | op=WRITE_CHUNK {blockData=conID: 1 locID: 102696731549106584 bcsId: 794} | ret=SUCCESS |  
2019-08-28 21:29:25,243 | INFO  | DNAudit | user=null | ip=null | op=WRITE_CHUNK {blockData=conID: 1 locID: 102696731549106584 bcsId: 794} | ret=SUCCESS |  
2019-08-28 21:29:25,257 | INFO  | DNAudit | user=null | ip=null | op=WRITE_CHUNK {blockData=conID: 1 locID: 102696731549106584 bcsId: 794} | ret=SUCCESS |  
2019-08-28 21:29:25,258 | INFO  | DNAudit | user=null | ip=null | op=PUT_BLOCK {blockData=[blockId=conID: 1 locID: 102696731549106584 bcsId: 0,size=3145728]} | ret=SUCCESS |  
2019-08-28 21:29:25,258 [grpc-default-executor-6] INFO  client.GrpcClientProtocolClient (GrpcClientProtocolClient.java:onNext(255)) - client-05DA20D107F8->b461a7b0-028a-4eb5-b268-b89ac225aff8: receive RaftClientReply:client-05DA20D107F8->b461a7b0-028a-4eb5-b268-b89ac225aff8@group-0C8C0AA7542A, cid=653, SUCCESS, logIndex=798, commits[b461a7b0-028a-4eb5-b268-b89ac225aff8:c799, b6ff45f5-67b8-463b-a273-c2e7d9dadd75:c797, 6a5cb75f-f7eb-4671-9a85-3b6f7898f6cc:c794]
2019-08-28 21:29:25,259 [grpc-default-executor-6] INFO  client.GrpcClientProtocolClient (GrpcClientProtocolClient.java:onNext(255)) - client-05DA20D107F8->b461a7b0-028a-4eb5-b268-b89ac225aff8: receive RaftClientReply:client-05DA20D107F8->b461a7b0-028a-4eb5-b268-b89ac225aff8@group-0C8C0AA7542A, cid=654, SUCCESS, logIndex=799, commits[b461a7b0-028a-4eb5-b268-b89ac225aff8:c799, b6ff45f5-67b8-463b-a273-c2e7d9dadd75:c797, 6a5cb75f-f7eb-4671-9a85-3b6f7898f6cc:c797]
2019-08-28 21:29:25,263 | INFO  | DNAudit | user=null | ip=null | op=WRITE_CHUNK {blockData=conID: 1 locID: 102696731549106584 bcsId: 794} | ret=SUCCESS |  
2019-08-28 21:29:25,263 | INFO  | DNAudit | user=null | ip=null | op=WRITE_CHUNK {blockData=conID: 1 locID: 102696731549106584 bcsId: 794} | ret=SUCCESS |  
2019-08-28 21:29:25,263 | INFO  | DNAudit | user=null | ip=null | op=PUT_BLOCK {blockData=[blockId=conID: 1 locID: 102696731549106584 bcsId: 0,size=3145728]} | ret=SUCCESS |  
2019-08-28 21:29:25,264 | INFO  | DNAudit | user=null | ip=null | op=PUT_BLOCK {blockData=[blockId=conID: 1 locID: 102696731549106584 bcsId: 0,size=3145728]} | ret=SUCCESS |  
2019-08-28 21:29:25,269 | INFO  | DNAudit | user=null | ip=null | op=WRITE_CHUNK {blockData=conID: 1 locID: 102696731549106584 bcsId: 799} | ret=SUCCESS |  
2019-08-28 21:29:25,273 | INFO  | DNAudit | user=null | ip=null | op=WRITE_CHUNK {blockData=conID: 1 locID: 102696731549106584 bcsId: 799} | ret=SUCCESS |  
2019-08-28 21:29:25,273 | INFO  | DNAudit | user=null | ip=null | op=WRITE_CHUNK {blockData=conID: 1 locID: 102696731549106584 bcsId: 799} | ret=SUCCESS |  
2019-08-28 21:29:25,277 | INFO  | DNAudit | user=null | ip=null | op=WRITE_CHUNK {blockData=conID: 1 locID: 102696731549106584 bcsId: 799} | ret=SUCCESS |  
2019-08-28 21:29:25,278 | INFO  | DNAudit | user=null | ip=null | op=PUT_BLOCK {blockData=[blockId=conID: 1 locID: 102696731549106584 bcsId: 0,size=4194304]} | ret=SUCCESS |  
2019-08-28 21:29:25,278 [grpc-default-executor-6] INFO  client.GrpcClientProtocolClient (GrpcClientProtocolClient.java:onNext(255)) - client-05DA20D107F8->b461a7b0-028a-4eb5-b268-b89ac225aff8: receive RaftClientReply:client-05DA20D107F8->b461a7b0-028a-4eb5-b268-b89ac225aff8@group-0C8C0AA7542A, cid=655, SUCCESS, logIndex=802, commits[b461a7b0-028a-4eb5-b268-b89ac225aff8:c803, b6ff45f5-67b8-463b-a273-c2e7d9dadd75:c801, 6a5cb75f-f7eb-4671-9a85-3b6f7898f6cc:c801]
2019-08-28 21:29:25,279 [grpc-default-executor-6] INFO  client.GrpcClientProtocolClient (GrpcClientProtocolClient.java:onNext(255)) - client-05DA20D107F8->b461a7b0-028a-4eb5-b268-b89ac225aff8: receive RaftClientReply:client-05DA20D107F8->b461a7b0-028a-4eb5-b268-b89ac225aff8@group-0C8C0AA7542A, cid=656, SUCCESS, logIndex=803, commits[b461a7b0-028a-4eb5-b268-b89ac225aff8:c803, b6ff45f5-67b8-463b-a273-c2e7d9dadd75:c801, 6a5cb75f-f7eb-4671-9a85-3b6f7898f6cc:c801]
2019-08-28 21:29:25,285 | INFO  | DNAudit | user=null | ip=null | op=WRITE_CHUNK {blockData=conID: 1 locID: 102696731549106584 bcsId: 799} | ret=SUCCESS |  
2019-08-28 21:29:25,285 | INFO  | DNAudit | user=null | ip=null | op=WRITE_CHUNK {blockData=conID: 1 locID: 102696731549106584 bcsId: 799} | ret=SUCCESS |  
2019-08-28 21:29:25,286 | INFO  | DNAudit | user=null | ip=null | op=PUT_BLOCK {blockData=[blockId=conID: 1 locID: 102696731549106584 bcsId: 0,size=4194304]} | ret=SUCCESS |  
2019-08-28 21:29:25,286 | INFO  | DNAudit | user=null | ip=null | op=PUT_BLOCK {blockData=[blockId=conID: 1 locID: 102696731549106584 bcsId: 0,size=4194304]} | ret=SUCCESS |  
2019-08-28 21:29:25,287 [grpc-default-executor-6] INFO  client.GrpcClientProtocolClient (GrpcClientProtocolClient.java:onNext(255)) - client-05DA20D107F8->b461a7b0-028a-4eb5-b268-b89ac225aff8: receive RaftClientReply:client-05DA20D107F8->b461a7b0-028a-4eb5-b268-b89ac225aff8@group-0C8C0AA7542A, cid=657, SUCCESS, logIndex=0, commits[b461a7b0-028a-4eb5-b268-b89ac225aff8:c804, b6ff45f5-67b8-463b-a273-c2e7d9dadd75:c803, 6a5cb75f-f7eb-4671-9a85-3b6f7898f6cc:c803]
2019-08-28 21:29:25,298 | INFO  | DNAudit | user=null | ip=null | op=WRITE_CHUNK {blockData=conID: 2 locID: 102696731549106585 bcsId: 0} | ret=SUCCESS |  
2019-08-28 21:29:25,302 | INFO  | DNAudit | user=null | ip=null | op=WRITE_CHUNK {blockData=conID: 2 locID: 102696731549106585 bcsId: 0} | ret=SUCCESS |  
2019-08-28 21:29:25,303 | INFO  | DNAudit | user=null | ip=null | op=WRITE_CHUNK {blockData=conID: 2 locID: 102696731549106585 bcsId: 0} | ret=SUCCESS |  
2019-08-28 21:29:25,305 | INFO  | DNAudit | user=null | ip=null | op=WRITE_CHUNK {blockData=conID: 2 locID: 102696731549106585 bcsId: 0} | ret=SUCCESS |  
2019-08-28 21:29:25,307 | INFO  | DNAudit | user=null | ip=null | op=WRITE_CHUNK {blockData=conID: 2 locID: 102696731549106585 bcsId: 0} | ret=SUCCESS |  
2019-08-28 21:29:25,309 | INFO  | DNAudit | user=null | ip=null | op=WRITE_CHUNK {blockData=conID: 2 locID: 102696731549106585 bcsId: 0} | ret=SUCCESS |  
2019-08-28 21:29:25,310 | INFO  | DNAudit | user=null | ip=null | op=WRITE_CHUNK {blockData=conID: 2 locID: 102696731549106585 bcsId: 0} | ret=SUCCESS |  
2019-08-28 21:29:25,310 | INFO  | DNAudit | user=null | ip=null | op=PUT_BLOCK {blockData=[blockId=conID: 2 locID: 102696731549106585 bcsId: 0,size=1048576]} | ret=SUCCESS |  
2019-08-28 21:29:25,311 | INFO  | DNAudit | user=null | ip=null | op=WRITE_CHUNK {blockData=conID: 2 locID: 102696731549106585 bcsId: 0} | ret=SUCCESS |  
2019-08-28 21:29:25,311 [grpc-default-executor-1] INFO  client.GrpcClientProtocolClient (GrpcClientProtocolClient.java:onNext(255)) - client-05DA20D107F8->b461a7b0-028a-4eb5-b268-b89ac225aff8: receive RaftClientReply:client-05DA20D107F8->b461a7b0-028a-4eb5-b268-b89ac225aff8@group-0C8C0AA7542A, cid=658, SUCCESS, logIndex=806, commits[b461a7b0-028a-4eb5-b268-b89ac225aff8:c807, b6ff45f5-67b8-463b-a273-c2e7d9dadd75:c805, 6a5cb75f-f7eb-4671-9a85-3b6f7898f6cc:c805]
2019-08-28 21:29:25,311 | INFO  | DNAudit | user=null | ip=null | op=PUT_BLOCK {blockData=[blockId=conID: 2 locID: 102696731549106585 bcsId: 0,size=2097152]} | ret=SUCCESS |  
2019-08-28 21:29:25,312 | INFO  | DNAudit | user=null | ip=null | op=WRITE_CHUNK {blockData=conID: 2 locID: 102696731549106585 bcsId: 0} | ret=SUCCESS |  
2019-08-28 21:29:25,312 | INFO  | DNAudit | user=null | ip=null | op=PUT_BLOCK {blockData=[blockId=conID: 2 locID: 102696731549106585 bcsId: 0,size=1048576]} | ret=SUCCESS |  
2019-08-28 21:29:25,312 | INFO  | DNAudit | user=null | ip=null | op=WRITE_CHUNK {blockData=conID: 2 locID: 102696731549106585 bcsId: 0} | ret=SUCCESS |  
2019-08-28 21:29:25,312 [grpc-default-executor-6] INFO  client.GrpcClientProtocolClient (GrpcClientProtocolClient.java:onNext(255)) - client-05DA20D107F8->b461a7b0-028a-4eb5-b268-b89ac225aff8: receive RaftClientReply:client-05DA20D107F8->b461a7b0-028a-4eb5-b268-b89ac225aff8@group-0C8C0AA7542A, cid=659, SUCCESS, logIndex=807, commits[b461a7b0-028a-4eb5-b268-b89ac225aff8:c808, b6ff45f5-67b8-463b-a273-c2e7d9dadd75:c805, 6a5cb75f-f7eb-4671-9a85-3b6f7898f6cc:c805]
2019-08-28 21:29:25,313 | INFO  | DNAudit | user=null | ip=null | op=PUT_BLOCK {blockData=[blockId=conID: 2 locID: 102696731549106585 bcsId: 0,size=1048576]} | ret=SUCCESS |  
2019-08-28 21:29:25,313 [grpc-default-executor-6] INFO  client.GrpcClientProtocolClient (GrpcClientProtocolClient.java:onNext(255)) - client-05DA20D107F8->b461a7b0-028a-4eb5-b268-b89ac225aff8: receive RaftClientReply:client-05DA20D107F8->b461a7b0-028a-4eb5-b268-b89ac225aff8@group-0C8C0AA7542A, cid=660, SUCCESS, logIndex=808, commits[b461a7b0-028a-4eb5-b268-b89ac225aff8:c809, b6ff45f5-67b8-463b-a273-c2e7d9dadd75:c805, 6a5cb75f-f7eb-4671-9a85-3b6f7898f6cc:c805]
2019-08-28 21:29:25,313 | INFO  | DNAudit | user=null | ip=null | op=WRITE_CHUNK {blockData=conID: 2 locID: 102696731549106585 bcsId: 0} | ret=SUCCESS |  
2019-08-28 21:29:25,313 [grpc-default-executor-1] INFO  client.GrpcClientProtocolClient (GrpcClientProtocolClient.java:onNext(255)) - client-05DA20D107F8->b461a7b0-028a-4eb5-b268-b89ac225aff8: receive RaftClientReply:client-05DA20D107F8->b461a7b0-028a-4eb5-b268-b89ac225aff8@group-0C8C0AA7542A, cid=661, SUCCESS, logIndex=809, commits[b461a7b0-028a-4eb5-b268-b89ac225aff8:c809, b6ff45f5-67b8-463b-a273-c2e7d9dadd75:c805, 6a5cb75f-f7eb-4671-9a85-3b6f7898f6cc:c805]
2019-08-28 21:29:25,314 | INFO  | DNAudit | user=null | ip=null | op=WRITE_CHUNK {blockData=conID: 2 locID: 102696731549106585 bcsId: 0} | ret=SUCCESS |  
2019-08-28 21:29:25,314 | INFO  | DNAudit | user=null | ip=null | op=PUT_BLOCK {blockData=[blockId=conID: 2 locID: 102696731549106585 bcsId: 0,size=2097152]} | ret=SUCCESS |  
2019-08-28 21:29:25,315 | INFO  | DNAudit | user=null | ip=null | op=PUT_BLOCK {blockData=[blockId=conID: 2 locID: 102696731549106585 bcsId: 0,size=2097152]} | ret=SUCCESS |  
2019-08-28 21:29:25,315 [grpc-default-executor-6] INFO  client.GrpcClientProtocolClient (GrpcClientProtocolClient.java:onNext(255)) - client-05DA20D107F8->b461a7b0-028a-4eb5-b268-b89ac225aff8: receive RaftClientReply:client-05DA20D107F8->b461a7b0-028a-4eb5-b268-b89ac225aff8@group-0C8C0AA7542A, cid=662, SUCCESS, logIndex=0, commits[b461a7b0-028a-4eb5-b268-b89ac225aff8:c812, b6ff45f5-67b8-463b-a273-c2e7d9dadd75:c808, 6a5cb75f-f7eb-4671-9a85-3b6f7898f6cc:c807]
2019-08-28 21:29:25,323 | INFO  | DNAudit | user=null | ip=null | op=WRITE_CHUNK {blockData=conID: 2 locID: 102696731549106585 bcsId: 809} | ret=SUCCESS |  
2019-08-28 21:29:25,327 | INFO  | DNAudit | user=null | ip=null | op=WRITE_CHUNK {blockData=conID: 2 locID: 102696731549106585 bcsId: 809} | ret=SUCCESS |  
2019-08-28 21:29:25,327 | INFO  | DNAudit | user=null | ip=null | op=WRITE_CHUNK {blockData=conID: 2 locID: 102696731549106585 bcsId: 809} | ret=SUCCESS |  
2019-08-28 21:29:25,349 | INFO  | DNAudit | user=null | ip=null | op=WRITE_CHUNK {blockData=conID: 2 locID: 102696731549106585 bcsId: 809} | ret=SUCCESS |  
2019-08-28 21:29:25,350 | INFO  | DNAudit | user=null | ip=null | op=PUT_BLOCK {blockData=[blockId=conID: 2 locID: 102696731549106585 bcsId: 0,size=3145728]} | ret=SUCCESS |  
2019-08-28 21:29:25,351 [grpc-default-executor-1] INFO  client.GrpcClientProtocolClient (GrpcClientProtocolClient.java:onNext(255)) - client-05DA20D107F8->b461a7b0-028a-4eb5-b268-b89ac225aff8: receive RaftClientReply:client-05DA20D107F8->b461a7b0-028a-4eb5-b268-b89ac225aff8@group-0C8C0AA7542A, cid=663, SUCCESS, logIndex=814, commits[b461a7b0-028a-4eb5-b268-b89ac225aff8:c815, b6ff45f5-67b8-463b-a273-c2e7d9dadd75:c813, 6a5cb75f-f7eb-4671-9a85-3b6f7898f6cc:c813]
2019-08-28 21:29:25,351 [grpc-default-executor-1] INFO  client.GrpcClientProtocolClient (GrpcClientProtocolClient.java:onNext(255)) - client-05DA20D107F8->b461a7b0-028a-4eb5-b268-b89ac225aff8: receive RaftClientReply:client-05DA20D107F8->b461a7b0-028a-4eb5-b268-b89ac225aff8@group-0C8C0AA7542A, cid=664, SUCCESS, logIndex=815, commits[b461a7b0-028a-4eb5-b268-b89ac225aff8:c815, b6ff45f5-67b8-463b-a273-c2e7d9dadd75:c813, 6a5cb75f-f7eb-4671-9a85-3b6f7898f6cc:c813]
2019-08-28 21:29:25,361 | INFO  | DNAudit | user=null | ip=null | op=WRITE_CHUNK {blockData=conID: 2 locID: 102696731549106585 bcsId: 809} | ret=SUCCESS |  
2019-08-28 21:29:25,361 | INFO  | DNAudit | user=null | ip=null | op=WRITE_CHUNK {blockData=conID: 2 locID: 102696731549106585 bcsId: 809} | ret=SUCCESS |  
2019-08-28 21:29:25,361 | INFO  | DNAudit | user=null | ip=null | op=WRITE_CHUNK {blockData=conID: 2 locID: 102696731549106585 bcsId: 815} | ret=SUCCESS |  
2019-08-28 21:29:25,365 | INFO  | DNAudit | user=null | ip=null | op=WRITE_CHUNK {blockData=conID: 2 locID: 102696731549106585 bcsId: 815} | ret=SUCCESS |  
2019-08-28 21:29:25,367 | INFO  | DNAudit | user=null | ip=null | op=WRITE_CHUNK {blockData=conID: 2 locID: 102696731549106585 bcsId: 815} | ret=SUCCESS |  
2019-08-28 21:29:25,369 | INFO  | DNAudit | user=null | ip=null | op=PUT_BLOCK {blockData=[blockId=conID: 2 locID: 102696731549106585 bcsId: 0,size=3145728]} | ret=SUCCESS |  
2019-08-28 21:29:25,369 | INFO  | DNAudit | user=null | ip=null | op=PUT_BLOCK {blockData=[blockId=conID: 2 locID: 102696731549106585 bcsId: 0,size=3145728]} | ret=SUCCESS |  
2019-08-28 21:29:25,384 | INFO  | SCMAudit | user=jenkins1000 | ip=192.168.36.107 | op=SEND_HEARTBEAT {datanodeUUID=af4986ea-80d8-4c92-96d2-2b3929a4248a, command=[]} | ret=SUCCESS |  
2019-08-28 21:29:25,384 | INFO  | SCMAudit | user=jenkins1000 | ip=192.168.36.107 | op=SEND_HEARTBEAT {datanodeUUID=68f89a68-6a96-4cde-8528-8617611d459d, command=[]} | ret=SUCCESS |  
2019-08-28 21:29:25,387 | INFO  | DNAudit | user=null | ip=null | op=WRITE_CHUNK {blockData=conID: 2 locID: 102696731549106585 bcsId: 815} | ret=SUCCESS |  
2019-08-28 21:29:25,388 | INFO  | DNAudit | user=null | ip=null | op=PUT_BLOCK {blockData=[blockId=conID: 2 locID: 102696731549106585 bcsId: 0,size=4194304]} | ret=SUCCESS |  
2019-08-28 21:29:25,389 [grpc-default-executor-6] INFO  client.GrpcClientProtocolClient (GrpcClientProtocolClient.java:onNext(255)) - client-05DA20D107F8->b461a7b0-028a-4eb5-b268-b89ac225aff8: receive RaftClientReply:client-05DA20D107F8->b461a7b0-028a-4eb5-b268-b89ac225aff8@group-0C8C0AA7542A, cid=665, SUCCESS, logIndex=818, commits[b461a7b0-028a-4eb5-b268-b89ac225aff8:c819, b6ff45f5-67b8-463b-a273-c2e7d9dadd75:c815, 6a5cb75f-f7eb-4671-9a85-3b6f7898f6cc:c815]
2019-08-28 21:29:25,389 [grpc-default-executor-6] INFO  client.GrpcClientProtocolClient (GrpcClientProtocolClient.java:onNext(255)) - client-05DA20D107F8->b461a7b0-028a-4eb5-b268-b89ac225aff8: receive RaftClientReply:client-05DA20D107F8->b461a7b0-028a-4eb5-b268-b89ac225aff8@group-0C8C0AA7542A, cid=666, SUCCESS, logIndex=819, commits[b461a7b0-028a-4eb5-b268-b89ac225aff8:c819, b6ff45f5-67b8-463b-a273-c2e7d9dadd75:c815, 6a5cb75f-f7eb-4671-9a85-3b6f7898f6cc:c815]
2019-08-28 21:29:25,406 | INFO  | DNAudit | user=null | ip=null | op=WRITE_CHUNK {blockData=conID: 2 locID: 102696731549106585 bcsId: 815} | ret=SUCCESS |  
2019-08-28 21:29:25,415 | INFO  | DNAudit | user=null | ip=null | op=PUT_BLOCK {blockData=[blockId=conID: 2 locID: 102696731549106585 bcsId: 0,size=4194304]} | ret=SUCCESS |  
2019-08-28 21:29:25,436 | INFO  | DNAudit | user=null | ip=null | op=WRITE_CHUNK {blockData=conID: 2 locID: 102696731549106585 bcsId: 815} | ret=SUCCESS |  
2019-08-28 21:29:25,436 | INFO  | DNAudit | user=null | ip=null | op=PUT_BLOCK {blockData=[blockId=conID: 2 locID: 102696731549106585 bcsId: 0,size=4194304]} | ret=SUCCESS |  
2019-08-28 21:29:25,437 [grpc-default-executor-6] INFO  client.GrpcClientProtocolClient (GrpcClientProtocolClient.java:onNext(255)) - client-05DA20D107F8->b461a7b0-028a-4eb5-b268-b89ac225aff8: receive RaftClientReply:client-05DA20D107F8->b461a7b0-028a-4eb5-b268-b89ac225aff8@group-0C8C0AA7542A, cid=667, SUCCESS, logIndex=0, commits[b461a7b0-028a-4eb5-b268-b89ac225aff8:c821, b6ff45f5-67b8-463b-a273-c2e7d9dadd75:c819, 6a5cb75f-f7eb-4671-9a85-3b6f7898f6cc:c819]
2019-08-28 21:29:25,452 | INFO  | DNAudit | user=null | ip=null | op=WRITE_CHUNK {blockData=conID: 3 locID: 102696731549106586 bcsId: 0} | ret=SUCCESS |  
2019-08-28 21:29:25,456 | INFO  | DNAudit | user=null | ip=null | op=WRITE_CHUNK {blockData=conID: 3 locID: 102696731549106586 bcsId: 0} | ret=SUCCESS |  
2019-08-28 21:29:25,458 | INFO  | DNAudit | user=null | ip=null | op=WRITE_CHUNK {blockData=conID: 3 locID: 102696731549106586 bcsId: 0} | ret=SUCCESS |  
2019-08-28 21:29:25,460 | INFO  | DNAudit | user=null | ip=null | op=WRITE_CHUNK {blockData=conID: 3 locID: 102696731549106586 bcsId: 0} | ret=SUCCESS |  
2019-08-28 21:29:25,462 | INFO  | DNAudit | user=null | ip=null | op=WRITE_CHUNK {blockData=conID: 3 locID: 102696731549106586 bcsId: 0} | ret=SUCCESS |  
2019-08-28 21:29:25,463 | INFO  | DNAudit | user=null | ip=null | op=WRITE_CHUNK {blockData=conID: 3 locID: 102696731549106586 bcsId: 0} | ret=SUCCESS |  
2019-08-28 21:29:25,467 | INFO  | DNAudit | user=null | ip=null | op=WRITE_CHUNK {blockData=conID: 3 locID: 102696731549106586 bcsId: 0} | ret=SUCCESS |  
2019-08-28 21:29:25,468 | INFO  | DNAudit | user=null | ip=null | op=PUT_BLOCK {blockData=[blockId=conID: 3 locID: 102696731549106586 bcsId: 0,size=1048576]} | ret=SUCCESS |  
2019-08-28 21:29:25,468 [grpc-default-executor-1] INFO  client.GrpcClientProtocolClient (GrpcClientProtocolClient.java:onNext(255)) - client-05DA20D107F8->b461a7b0-028a-4eb5-b268-b89ac225aff8: receive RaftClientReply:client-05DA20D107F8->b461a7b0-028a-4eb5-b268-b89ac225aff8@group-0C8C0AA7542A, cid=668, SUCCESS, logIndex=822, commits[b461a7b0-028a-4eb5-b268-b89ac225aff8:c825, b6ff45f5-67b8-463b-a273-c2e7d9dadd75:c821, 6a5cb75f-f7eb-4671-9a85-3b6f7898f6cc:c821]
2019-08-28 21:29:25,469 | INFO  | DNAudit | user=null | ip=null | op=WRITE_CHUNK {blockData=conID: 3 locID: 102696731549106586 bcsId: 0} | ret=SUCCESS |  
2019-08-28 21:29:25,470 [grpc-default-executor-1] INFO  client.GrpcClientProtocolClient (GrpcClientProtocolClient.java:onNext(255)) - client-05DA20D107F8->b461a7b0-028a-4eb5-b268-b89ac225aff8: receive RaftClientReply:client-05DA20D107F8->b461a7b0-028a-4eb5-b268-b89ac225aff8@group-0C8C0AA7542A, cid=669, SUCCESS, logIndex=823, commits[b461a7b0-028a-4eb5-b268-b89ac225aff8:c825, b6ff45f5-67b8-463b-a273-c2e7d9dadd75:c821, 6a5cb75f-f7eb-4671-9a85-3b6f7898f6cc:c821]
2019-08-28 21:29:25,470 | INFO  | DNAudit | user=null | ip=null | op=PUT_BLOCK {blockData=[blockId=conID: 3 locID: 102696731549106586 bcsId: 0,size=2097152]} | ret=SUCCESS |  
2019-08-28 21:29:25,470 [grpc-default-executor-1] INFO  client.GrpcClientProtocolClient (GrpcClientProtocolClient.java:onNext(255)) - client-05DA20D107F8->b461a7b0-028a-4eb5-b268-b89ac225aff8: receive RaftClientReply:client-05DA20D107F8->b461a7b0-028a-4eb5-b268-b89ac225aff8@group-0C8C0AA7542A, cid=670, SUCCESS, logIndex=824, commits[b461a7b0-028a-4eb5-b268-b89ac225aff8:c825, b6ff45f5-67b8-463b-a273-c2e7d9dadd75:c821, 6a5cb75f-f7eb-4671-9a85-3b6f7898f6cc:c821]
2019-08-28 21:29:25,471 [grpc-default-executor-1] INFO  client.GrpcClientProtocolClient (GrpcClientProtocolClient.java:onNext(255)) - client-05DA20D107F8->b461a7b0-028a-4eb5-b268-b89ac225aff8: receive RaftClientReply:client-05DA20D107F8->b461a7b0-028a-4eb5-b268-b89ac225aff8@group-0C8C0AA7542A, cid=671, SUCCESS, logIndex=825, commits[b461a7b0-028a-4eb5-b268-b89ac225aff8:c825, b6ff45f5-67b8-463b-a273-c2e7d9dadd75:c821, 6a5cb75f-f7eb-4671-9a85-3b6f7898f6cc:c821]
2019-08-28 21:29:25,484 | INFO  | DNAudit | user=null | ip=null | op=WRITE_CHUNK {blockData=conID: 3 locID: 102696731549106586 bcsId: 0} | ret=SUCCESS |  
2019-08-28 21:29:25,484 | INFO  | DNAudit | user=null | ip=null | op=WRITE_CHUNK {blockData=conID: 3 locID: 102696731549106586 bcsId: 0} | ret=SUCCESS |  
2019-08-28 21:29:25,485 | INFO  | DNAudit | user=null | ip=null | op=PUT_BLOCK {blockData=[blockId=conID: 3 locID: 102696731549106586 bcsId: 0,size=1048576]} | ret=SUCCESS |  
2019-08-28 21:29:25,485 | INFO  | DNAudit | user=null | ip=null | op=PUT_BLOCK {blockData=[blockId=conID: 3 locID: 102696731549106586 bcsId: 0,size=1048576]} | ret=SUCCESS |  
2019-08-28 21:29:25,485 | INFO  | DNAudit | user=null | ip=null | op=WRITE_CHUNK {blockData=conID: 3 locID: 102696731549106586 bcsId: 0} | ret=SUCCESS |  
2019-08-28 21:29:25,485 | INFO  | DNAudit | user=null | ip=null | op=PUT_BLOCK {blockData=[blockId=conID: 3 locID: 102696731549106586 bcsId: 0,size=2097152]} | ret=SUCCESS |  
2019-08-28 21:29:25,485 | INFO  | DNAudit | user=null | ip=null | op=WRITE_CHUNK {blockData=conID: 3 locID: 102696731549106586 bcsId: 0} | ret=SUCCESS |  
2019-08-28 21:29:25,486 | INFO  | DNAudit | user=null | ip=null | op=PUT_BLOCK {blockData=[blockId=conID: 3 locID: 102696731549106586 bcsId: 0,size=2097152]} | ret=SUCCESS |  
2019-08-28 21:29:25,487 [grpc-default-executor-1] INFO  client.GrpcClientProtocolClient (GrpcClientProtocolClient.java:onNext(255)) - client-05DA20D107F8->b461a7b0-028a-4eb5-b268-b89ac225aff8: receive RaftClientReply:client-05DA20D107F8->b461a7b0-028a-4eb5-b268-b89ac225aff8@group-0C8C0AA7542A, cid=672, SUCCESS, logIndex=0, commits[b461a7b0-028a-4eb5-b268-b89ac225aff8:c828, b6ff45f5-67b8-463b-a273-c2e7d9dadd75:c824, 6a5cb75f-f7eb-4671-9a85-3b6f7898f6cc:c823]
2019-08-28 21:29:25,496 | INFO  | DNAudit | user=null | ip=null | op=WRITE_CHUNK {blockData=conID: 3 locID: 102696731549106586 bcsId: 825} | ret=SUCCESS |  
2019-08-28 21:29:25,498 | INFO  | DNAudit | user=null | ip=null | op=WRITE_CHUNK {blockData=conID: 3 locID: 102696731549106586 bcsId: 825} | ret=SUCCESS |  
2019-08-28 21:29:25,499 | INFO  | DNAudit | user=null | ip=null | op=WRITE_CHUNK {blockData=conID: 3 locID: 102696731549106586 bcsId: 825} | ret=SUCCESS |  
2019-08-28 21:29:25,515 | INFO  | DNAudit | user=null | ip=null | op=WRITE_CHUNK {blockData=conID: 3 locID: 102696731549106586 bcsId: 825} | ret=SUCCESS |  
2019-08-28 21:29:25,516 | INFO  | DNAudit | user=null | ip=null | op=PUT_BLOCK {blockData=[blockId=conID: 3 locID: 102696731549106586 bcsId: 0,size=3145728]} | ret=SUCCESS |  
2019-08-28 21:29:25,517 [grpc-default-executor-3] INFO  client.GrpcClientProtocolClient (GrpcClientProtocolClient.java:onNext(255)) - client-05DA20D107F8->b461a7b0-028a-4eb5-b268-b89ac225aff8: receive RaftClientReply:client-05DA20D107F8->b461a7b0-028a-4eb5-b268-b89ac225aff8@group-0C8C0AA7542A, cid=673, SUCCESS, logIndex=830, commits[b461a7b0-028a-4eb5-b268-b89ac225aff8:c831, b6ff45f5-67b8-463b-a273-c2e7d9dadd75:c829, 6a5cb75f-f7eb-4671-9a85-3b6f7898f6cc:c829]
2019-08-28 21:29:25,517 [grpc-default-executor-3] INFO  client.GrpcClientProtocolClient (GrpcClientProtocolClient.java:onNext(255)) - client-05DA20D107F8->b461a7b0-028a-4eb5-b268-b89ac225aff8: receive RaftClientReply:client-05DA20D107F8->b461a7b0-028a-4eb5-b268-b89ac225aff8@group-0C8C0AA7542A, cid=674, SUCCESS, logIndex=831, commits[b461a7b0-028a-4eb5-b268-b89ac225aff8:c831, b6ff45f5-67b8-463b-a273-c2e7d9dadd75:c829, 6a5cb75f-f7eb-4671-9a85-3b6f7898f6cc:c829]
2019-08-28 21:29:25,523 | INFO  | DNAudit | user=null | ip=null | op=WRITE_CHUNK {blockData=conID: 3 locID: 102696731549106586 bcsId: 825} | ret=SUCCESS |  
2019-08-28 21:29:25,523 | INFO  | DNAudit | user=null | ip=null | op=WRITE_CHUNK {blockData=conID: 3 locID: 102696731549106586 bcsId: 825} | ret=SUCCESS |  
2019-08-28 21:29:25,523 | INFO  | DNAudit | user=null | ip=null | op=PUT_BLOCK {blockData=[blockId=conID: 3 locID: 102696731549106586 bcsId: 0,size=3145728]} | ret=SUCCESS |  
2019-08-28 21:29:25,524 | INFO  | DNAudit | user=null | ip=null | op=PUT_BLOCK {blockData=[blockId=conID: 3 locID: 102696731549106586 bcsId: 0,size=3145728]} | ret=SUCCESS |  
2019-08-28 21:29:25,527 | INFO  | DNAudit | user=null | ip=null | op=WRITE_CHUNK {blockData=conID: 3 locID: 102696731549106586 bcsId: 831} | ret=SUCCESS |  
2019-08-28 21:29:25,530 | INFO  | DNAudit | user=null | ip=null | op=WRITE_CHUNK {blockData=conID: 3 locID: 102696731549106586 bcsId: 831} | ret=SUCCESS |  
2019-08-28 21:29:25,530 | INFO  | DNAudit | user=null | ip=null | op=WRITE_CHUNK {blockData=conID: 3 locID: 102696731549106586 bcsId: 831} | ret=SUCCESS |  
2019-08-28 21:29:25,541 | INFO  | DNAudit | user=null | ip=null | op=WRITE_CHUNK {blockData=conID: 3 locID: 102696731549106586 bcsId: 831} | ret=SUCCESS |  
2019-08-28 21:29:25,541 | INFO  | DNAudit | user=null | ip=null | op=PUT_BLOCK {blockData=[blockId=conID: 3 locID: 102696731549106586 bcsId: 0,size=4194304]} | ret=SUCCESS |  
2019-08-28 21:29:25,542 [grpc-default-executor-6] INFO  client.GrpcClientProtocolClient (GrpcClientProtocolClient.java:onNext(255)) - client-05DA20D107F8->b461a7b0-028a-4eb5-b268-b89ac225aff8: receive RaftClientReply:client-05DA20D107F8->b461a7b0-028a-4eb5-b268-b89ac225aff8@group-0C8C0AA7542A, cid=675, SUCCESS, logIndex=834, commits[b461a7b0-028a-4eb5-b268-b89ac225aff8:c835, b6ff45f5-67b8-463b-a273-c2e7d9dadd75:c833, 6a5cb75f-f7eb-4671-9a85-3b6f7898f6cc:c833]
2019-08-28 21:29:25,543 [grpc-default-executor-6] INFO  client.GrpcClientProtocolClient (GrpcClientProtocolClient.java:onNext(255)) - client-05DA20D107F8->b461a7b0-028a-4eb5-b268-b89ac225aff8: receive RaftClientReply:client-05DA20D107F8->b461a7b0-028a-4eb5-b268-b89ac225aff8@group-0C8C0AA7542A, cid=676, SUCCESS, logIndex=835, commits[b461a7b0-028a-4eb5-b268-b89ac225aff8:c835, b6ff45f5-67b8-463b-a273-c2e7d9dadd75:c833, 6a5cb75f-f7eb-4671-9a85-3b6f7898f6cc:c833]
2019-08-28 21:29:25,548 | INFO  | DNAudit | user=null | ip=null | op=WRITE_CHUNK {blockData=conID: 3 locID: 102696731549106586 bcsId: 831} | ret=SUCCESS |  
2019-08-28 21:29:25,548 | INFO  | DNAudit | user=null | ip=null | op=WRITE_CHUNK {blockData=conID: 3 locID: 102696731549106586 bcsId: 831} | ret=SUCCESS |  
2019-08-28 21:29:25,548 | INFO  | DNAudit | user=null | ip=null | op=PUT_BLOCK {blockData=[blockId=conID: 3 locID: 102696731549106586 bcsId: 0,size=4194304]} | ret=SUCCESS |  
2019-08-28 21:29:25,548 | INFO  | DNAudit | user=null | ip=null | op=PUT_BLOCK {blockData=[blockId=conID: 3 locID: 102696731549106586 bcsId: 0,size=4194304]} | ret=SUCCESS |  
2019-08-28 21:29:25,549 [grpc-default-executor-1] INFO  client.GrpcClientProtocolClient (GrpcClientProtocolClient.java:onNext(255)) - client-05DA20D107F8->b461a7b0-028a-4eb5-b268-b89ac225aff8: receive RaftClientReply:client-05DA20D107F8->b461a7b0-028a-4eb5-b268-b89ac225aff8@group-0C8C0AA7542A, cid=677, SUCCESS, logIndex=0, commits[b461a7b0-028a-4eb5-b268-b89ac225aff8:c836, b6ff45f5-67b8-463b-a273-c2e7d9dadd75:c835, 6a5cb75f-f7eb-4671-9a85-3b6f7898f6cc:c835]
2019-08-28 21:29:25,559 | INFO  | DNAudit | user=null | ip=null | op=WRITE_CHUNK {blockData=conID: 1 locID: 102696731549106587 bcsId: 0} | ret=SUCCESS |  
2019-08-28 21:29:25,561 | INFO  | DNAudit | user=null | ip=null | op=WRITE_CHUNK {blockData=conID: 1 locID: 102696731549106587 bcsId: 0} | ret=SUCCESS |  
2019-08-28 21:29:25,562 | INFO  | DNAudit | user=null | ip=null | op=WRITE_CHUNK {blockData=conID: 1 locID: 102696731549106587 bcsId: 0} | ret=SUCCESS |  
2019-08-28 21:29:25,562 | INFO  | DNAudit | user=null | ip=null | op=WRITE_CHUNK {blockData=conID: 1 locID: 102696731549106587 bcsId: 0} | ret=SUCCESS |  
2019-08-28 21:29:25,564 | INFO  | DNAudit | user=null | ip=null | op=WRITE_CHUNK {blockData=conID: 1 locID: 102696731549106587 bcsId: 0} | ret=SUCCESS |  
2019-08-28 21:29:25,564 | INFO  | DNAudit | user=null | ip=null | op=WRITE_CHUNK {blockData=conID: 1 locID: 102696731549106587 bcsId: 0} | ret=SUCCESS |  
2019-08-28 21:29:25,569 | INFO  | DNAudit | user=null | ip=null | op=WRITE_CHUNK {blockData=conID: 1 locID: 102696731549106587 bcsId: 0} | ret=SUCCESS |  
2019-08-28 21:29:25,570 | INFO  | DNAudit | user=null | ip=null | op=PUT_BLOCK {blockData=[blockId=conID: 1 locID: 102696731549106587 bcsId: 0,size=1048576]} | ret=SUCCESS |  
2019-08-28 21:29:25,570 | INFO  | DNAudit | user=null | ip=null | op=WRITE_CHUNK {blockData=conID: 1 locID: 102696731549106587 bcsId: 0} | ret=SUCCESS |  
2019-08-28 21:29:25,570 [grpc-default-executor-1] INFO  client.GrpcClientProtocolClient (GrpcClientProtocolClient.java:onNext(255)) - client-05DA20D107F8->b461a7b0-028a-4eb5-b268-b89ac225aff8: receive RaftClientReply:client-05DA20D107F8->b461a7b0-028a-4eb5-b268-b89ac225aff8@group-0C8C0AA7542A, cid=678, SUCCESS, logIndex=838, commits[b461a7b0-028a-4eb5-b268-b89ac225aff8:c840, b6ff45f5-67b8-463b-a273-c2e7d9dadd75:c837, 6a5cb75f-f7eb-4671-9a85-3b6f7898f6cc:c837]
2019-08-28 21:29:25,571 | INFO  | DNAudit | user=null | ip=null | op=PUT_BLOCK {blockData=[blockId=conID: 1 locID: 102696731549106587 bcsId: 0,size=2097152]} | ret=SUCCESS |  
2019-08-28 21:29:25,571 [grpc-default-executor-1] INFO  client.GrpcClientProtocolClient (GrpcClientProtocolClient.java:onNext(255)) - client-05DA20D107F8->b461a7b0-028a-4eb5-b268-b89ac225aff8: receive RaftClientReply:client-05DA20D107F8->b461a7b0-028a-4eb5-b268-b89ac225aff8@group-0C8C0AA7542A, cid=679, SUCCESS, logIndex=839, commits[b461a7b0-028a-4eb5-b268-b89ac225aff8:c841, b6ff45f5-67b8-463b-a273-c2e7d9dadd75:c837, 6a5cb75f-f7eb-4671-9a85-3b6f7898f6cc:c837]
2019-08-28 21:29:25,571 [grpc-default-executor-1] INFO  client.GrpcClientProtocolClient (GrpcClientProtocolClient.java:onNext(255)) - client-05DA20D107F8->b461a7b0-028a-4eb5-b268-b89ac225aff8: receive RaftClientReply:client-05DA20D107F8->b461a7b0-028a-4eb5-b268-b89ac225aff8@group-0C8C0AA7542A, cid=680, SUCCESS, logIndex=840, commits[b461a7b0-028a-4eb5-b268-b89ac225aff8:c841, b6ff45f5-67b8-463b-a273-c2e7d9dadd75:c837, 6a5cb75f-f7eb-4671-9a85-3b6f7898f6cc:c837]
2019-08-28 21:29:25,572 [grpc-default-executor-1] INFO  client.GrpcClientProtocolClient (GrpcClientProtocolClient.java:onNext(255)) - client-05DA20D107F8->b461a7b0-028a-4eb5-b268-b89ac225aff8: receive RaftClientReply:client-05DA20D107F8->b461a7b0-028a-4eb5-b268-b89ac225aff8@group-0C8C0AA7542A, cid=681, SUCCESS, logIndex=841, commits[b461a7b0-028a-4eb5-b268-b89ac225aff8:c841, b6ff45f5-67b8-463b-a273-c2e7d9dadd75:c837, 6a5cb75f-f7eb-4671-9a85-3b6f7898f6cc:c837]
2019-08-28 21:29:25,585 | INFO  | DNAudit | user=null | ip=null | op=WRITE_CHUNK {blockData=conID: 1 locID: 102696731549106587 bcsId: 0} | ret=SUCCESS |  
2019-08-28 21:29:25,585 | INFO  | DNAudit | user=null | ip=null | op=WRITE_CHUNK {blockData=conID: 1 locID: 102696731549106587 bcsId: 0} | ret=SUCCESS |  
2019-08-28 21:29:25,585 | INFO  | DNAudit | user=null | ip=null | op=PUT_BLOCK {blockData=[blockId=conID: 1 locID: 102696731549106587 bcsId: 0,size=1048576]} | ret=SUCCESS |  
2019-08-28 21:29:25,586 | INFO  | DNAudit | user=null | ip=null | op=WRITE_CHUNK {blockData=conID: 1 locID: 102696731549106587 bcsId: 0} | ret=SUCCESS |  
2019-08-28 21:29:25,586 | INFO  | DNAudit | user=null | ip=null | op=PUT_BLOCK {blockData=[blockId=conID: 1 locID: 102696731549106587 bcsId: 0,size=1048576]} | ret=SUCCESS |  
2019-08-28 21:29:25,587 | INFO  | DNAudit | user=null | ip=null | op=WRITE_CHUNK {blockData=conID: 1 locID: 102696731549106587 bcsId: 0} | ret=SUCCESS |  
2019-08-28 21:29:25,587 | INFO  | DNAudit | user=null | ip=null | op=PUT_BLOCK {blockData=[blockId=conID: 1 locID: 102696731549106587 bcsId: 0,size=2097152]} | ret=SUCCESS |  
2019-08-28 21:29:25,587 | INFO  | DNAudit | user=null | ip=null | op=PUT_BLOCK {blockData=[blockId=conID: 1 locID: 102696731549106587 bcsId: 0,size=2097152]} | ret=SUCCESS |  
2019-08-28 21:29:25,587 [grpc-default-executor-1] INFO  client.GrpcClientProtocolClient (GrpcClientProtocolClient.java:onNext(255)) - client-05DA20D107F8->b461a7b0-028a-4eb5-b268-b89ac225aff8: receive RaftClientReply:client-05DA20D107F8->b461a7b0-028a-4eb5-b268-b89ac225aff8@group-0C8C0AA7542A, cid=682, SUCCESS, logIndex=0, commits[b461a7b0-028a-4eb5-b268-b89ac225aff8:c842, b6ff45f5-67b8-463b-a273-c2e7d9dadd75:c840, 6a5cb75f-f7eb-4671-9a85-3b6f7898f6cc:c839]
2019-08-28 21:29:25,596 | INFO  | DNAudit | user=null | ip=null | op=WRITE_CHUNK {blockData=conID: 1 locID: 102696731549106587 bcsId: 841} | ret=SUCCESS |  
2019-08-28 21:29:25,599 | INFO  | DNAudit | user=null | ip=null | op=WRITE_CHUNK {blockData=conID: 1 locID: 102696731549106587 bcsId: 841} | ret=SUCCESS |  
2019-08-28 21:29:25,600 | INFO  | DNAudit | user=null | ip=null | op=WRITE_CHUNK {blockData=conID: 1 locID: 102696731549106587 bcsId: 841} | ret=SUCCESS |  
2019-08-28 21:29:25,611 | INFO  | DNAudit | user=null | ip=null | op=WRITE_CHUNK {blockData=conID: 1 locID: 102696731549106587 bcsId: 841} | ret=SUCCESS |  
2019-08-28 21:29:25,612 | INFO  | DNAudit | user=null | ip=null | op=PUT_BLOCK {blockData=[blockId=conID: 1 locID: 102696731549106587 bcsId: 0,size=3145728]} | ret=SUCCESS |  
2019-08-28 21:29:25,612 [grpc-default-executor-6] INFO  client.GrpcClientProtocolClient (GrpcClientProtocolClient.java:onNext(255)) - client-05DA20D107F8->b461a7b0-028a-4eb5-b268-b89ac225aff8: receive RaftClientReply:client-05DA20D107F8->b461a7b0-028a-4eb5-b268-b89ac225aff8@group-0C8C0AA7542A, cid=683, SUCCESS, logIndex=846, commits[b461a7b0-028a-4eb5-b268-b89ac225aff8:c847, b6ff45f5-67b8-463b-a273-c2e7d9dadd75:c845, 6a5cb75f-f7eb-4671-9a85-3b6f7898f6cc:c845]
2019-08-28 21:29:25,613 [grpc-default-executor-6] INFO  client.GrpcClientProtocolClient (GrpcClientProtocolClient.java:onNext(255)) - client-05DA20D107F8->b461a7b0-028a-4eb5-b268-b89ac225aff8: receive RaftClientReply:client-05DA20D107F8->b461a7b0-028a-4eb5-b268-b89ac225aff8@group-0C8C0AA7542A, cid=684, SUCCESS, logIndex=847, commits[b461a7b0-028a-4eb5-b268-b89ac225aff8:c847, b6ff45f5-67b8-463b-a273-c2e7d9dadd75:c845, 6a5cb75f-f7eb-4671-9a85-3b6f7898f6cc:c845]
2019-08-28 21:29:25,620 | INFO  | DNAudit | user=null | ip=null | op=WRITE_CHUNK {blockData=conID: 1 locID: 102696731549106587 bcsId: 847} | ret=SUCCESS |  
2019-08-28 21:29:25,623 | INFO  | DNAudit | user=null | ip=null | op=WRITE_CHUNK {blockData=conID: 1 locID: 102696731549106587 bcsId: 847} | ret=SUCCESS |  
2019-08-28 21:29:25,623 | INFO  | DNAudit | user=null | ip=null | op=WRITE_CHUNK {blockData=conID: 1 locID: 102696731549106587 bcsId: 847} | ret=SUCCESS |  
2019-08-28 21:29:25,625 | INFO  | DNAudit | user=null | ip=null | op=WRITE_CHUNK {blockData=conID: 1 locID: 102696731549106587 bcsId: 841} | ret=SUCCESS |  
2019-08-28 21:29:25,625 | INFO  | DNAudit | user=null | ip=null | op=WRITE_CHUNK {blockData=conID: 1 locID: 102696731549106587 bcsId: 841} | ret=SUCCESS |  
2019-08-28 21:29:25,625 | INFO  | DNAudit | user=null | ip=null | op=PUT_BLOCK {blockData=[blockId=conID: 1 locID: 102696731549106587 bcsId: 0,size=3145728]} | ret=SUCCESS |  
2019-08-28 21:29:25,627 | INFO  | DNAudit | user=null | ip=null | op=PUT_BLOCK {blockData=[blockId=conID: 1 locID: 102696731549106587 bcsId: 0,size=3145728]} | ret=SUCCESS |  
2019-08-28 21:29:25,627 | INFO  | DNAudit | user=null | ip=null | op=WRITE_CHUNK {blockData=conID: 1 locID: 102696731549106587 bcsId: 847} | ret=SUCCESS |  
2019-08-28 21:29:25,628 | INFO  | DNAudit | user=null | ip=null | op=PUT_BLOCK {blockData=[blockId=conID: 1 locID: 102696731549106587 bcsId: 0,size=4194304]} | ret=SUCCESS |  
2019-08-28 21:29:25,629 [grpc-default-executor-1] INFO  client.GrpcClientProtocolClient (GrpcClientProtocolClient.java:onNext(255)) - client-05DA20D107F8->b461a7b0-028a-4eb5-b268-b89ac225aff8: receive RaftClientReply:client-05DA20D107F8->b461a7b0-028a-4eb5-b268-b89ac225aff8@group-0C8C0AA7542A, cid=685, SUCCESS, logIndex=850, commits[b461a7b0-028a-4eb5-b268-b89ac225aff8:c851, b6ff45f5-67b8-463b-a273-c2e7d9dadd75:c847, 6a5cb75f-f7eb-4671-9a85-3b6f7898f6cc:c847]
2019-08-28 21:29:25,629 [grpc-default-executor-1] INFO  client.GrpcClientProtocolClient (GrpcClientProtocolClient.java:onNext(255)) - client-05DA20D107F8->b461a7b0-028a-4eb5-b268-b89ac225aff8: receive RaftClientReply:client-05DA20D107F8->b461a7b0-028a-4eb5-b268-b89ac225aff8@group-0C8C0AA7542A, cid=686, SUCCESS, logIndex=851, commits[b461a7b0-028a-4eb5-b268-b89ac225aff8:c851, b6ff45f5-67b8-463b-a273-c2e7d9dadd75:c847, 6a5cb75f-f7eb-4671-9a85-3b6f7898f6cc:c847]
2019-08-28 21:29:25,647 | INFO  | DNAudit | user=null | ip=null | op=WRITE_CHUNK {blockData=conID: 1 locID: 102696731549106587 bcsId: 847} | ret=SUCCESS |  
2019-08-28 21:29:25,647 | INFO  | DNAudit | user=null | ip=null | op=WRITE_CHUNK {blockData=conID: 1 locID: 102696731549106587 bcsId: 847} | ret=SUCCESS |  
2019-08-28 21:29:25,648 | INFO  | DNAudit | user=null | ip=null | op=PUT_BLOCK {blockData=[blockId=conID: 1 locID: 102696731549106587 bcsId: 0,size=4194304]} | ret=SUCCESS |  
2019-08-28 21:29:25,648 | INFO  | DNAudit | user=null | ip=null | op=PUT_BLOCK {blockData=[blockId=conID: 1 locID: 102696731549106587 bcsId: 0,size=4194304]} | ret=SUCCESS |  
2019-08-28 21:29:25,649 [grpc-default-executor-1] INFO  client.GrpcClientProtocolClient (GrpcClientProtocolClient.java:onNext(255)) - client-05DA20D107F8->b461a7b0-028a-4eb5-b268-b89ac225aff8: receive RaftClientReply:client-05DA20D107F8->b461a7b0-028a-4eb5-b268-b89ac225aff8@group-0C8C0AA7542A, cid=687, SUCCESS, logIndex=0, commits[b461a7b0-028a-4eb5-b268-b89ac225aff8:c853, b6ff45f5-67b8-463b-a273-c2e7d9dadd75:c851, 6a5cb75f-f7eb-4671-9a85-3b6f7898f6cc:c851]
2019-08-28 21:29:25,657 | INFO  | DNAudit | user=null | ip=null | op=WRITE_CHUNK {blockData=conID: 2 locID: 102696731549172124 bcsId: 0} | ret=SUCCESS |  
2019-08-28 21:29:25,662 | INFO  | DNAudit | user=null | ip=null | op=WRITE_CHUNK {blockData=conID: 2 locID: 102696731549172124 bcsId: 0} | ret=SUCCESS |  
2019-08-28 21:29:25,662 | INFO  | DNAudit | user=null | ip=null | op=WRITE_CHUNK {blockData=conID: 2 locID: 102696731549172124 bcsId: 0} | ret=SUCCESS |  
2019-08-28 21:29:25,663 | INFO  | DNAudit | user=null | ip=null | op=WRITE_CHUNK {blockData=conID: 2 locID: 102696731549172124 bcsId: 0} | ret=SUCCESS |  
2019-08-28 21:29:25,667 | INFO  | DNAudit | user=null | ip=null | op=WRITE_CHUNK {blockData=conID: 2 locID: 102696731549172124 bcsId: 0} | ret=SUCCESS |  
2019-08-28 21:29:25,667 | INFO  | DNAudit | user=null | ip=null | op=WRITE_CHUNK {blockData=conID: 2 locID: 102696731549172124 bcsId: 0} | ret=SUCCESS |  
2019-08-28 21:29:25,667 | INFO  | DNAudit | user=null | ip=null | op=WRITE_CHUNK {blockData=conID: 2 locID: 102696731549172124 bcsId: 0} | ret=SUCCESS |  
2019-08-28 21:29:25,668 | INFO  | DNAudit | user=null | ip=null | op=PUT_BLOCK {blockData=[blockId=conID: 2 locID: 102696731549172124 bcsId: 0,size=1048576]} | ret=SUCCESS |  
2019-08-28 21:29:25,668 [grpc-default-executor-5] INFO  client.GrpcClientProtocolClient (GrpcClientProtocolClient.java:onNext(255)) - client-05DA20D107F8->b461a7b0-028a-4eb5-b268-b89ac225aff8: receive RaftClientReply:client-05DA20D107F8->b461a7b0-028a-4eb5-b268-b89ac225aff8@group-0C8C0AA7542A, cid=688, SUCCESS, logIndex=854, commits[b461a7b0-028a-4eb5-b268-b89ac225aff8:c855, b6ff45f5-67b8-463b-a273-c2e7d9dadd75:c853, 6a5cb75f-f7eb-4671-9a85-3b6f7898f6cc:c853]
2019-08-28 21:29:25,669 [grpc-default-executor-5] INFO  client.GrpcClientProtocolClient (GrpcClientProtocolClient.java:onNext(255)) - client-05DA20D107F8->b461a7b0-028a-4eb5-b268-b89ac225aff8: receive RaftClientReply:client-05DA20D107F8->b461a7b0-028a-4eb5-b268-b89ac225aff8@group-0C8C0AA7542A, cid=689, SUCCESS, logIndex=855, commits[b461a7b0-028a-4eb5-b268-b89ac225aff8:c855, b6ff45f5-67b8-463b-a273-c2e7d9dadd75:c853, 6a5cb75f-f7eb-4671-9a85-3b6f7898f6cc:c853]
2019-08-28 21:29:25,686 | INFO  | DNAudit | user=null | ip=null | op=WRITE_CHUNK {blockData=conID: 2 locID: 102696731549172124 bcsId: 0} | ret=SUCCESS |  
2019-08-28 21:29:25,687 | INFO  | DNAudit | user=null | ip=null | op=WRITE_CHUNK {blockData=conID: 2 locID: 102696731549172124 bcsId: 0} | ret=SUCCESS |  
2019-08-28 21:29:25,687 | INFO  | DNAudit | user=null | ip=null | op=PUT_BLOCK {blockData=[blockId=conID: 2 locID: 102696731549172124 bcsId: 0,size=1048576]} | ret=SUCCESS |  
2019-08-28 21:29:25,687 | INFO  | DNAudit | user=null | ip=null | op=WRITE_CHUNK {blockData=conID: 2 locID: 102696731549172124 bcsId: 0} | ret=SUCCESS |  
2019-08-28 21:29:25,687 | INFO  | DNAudit | user=null | ip=null | op=PUT_BLOCK {blockData=[blockId=conID: 2 locID: 102696731549172124 bcsId: 0,size=2097152]} | ret=SUCCESS |  
2019-08-28 21:29:25,688 | INFO  | DNAudit | user=null | ip=null | op=PUT_BLOCK {blockData=[blockId=conID: 2 locID: 102696731549172124 bcsId: 0,size=1048576]} | ret=SUCCESS |  
2019-08-28 21:29:25,688 [grpc-default-executor-5] INFO  client.GrpcClientProtocolClient (GrpcClientProtocolClient.java:onNext(255)) - client-05DA20D107F8->b461a7b0-028a-4eb5-b268-b89ac225aff8: receive RaftClientReply:client-05DA20D107F8->b461a7b0-028a-4eb5-b268-b89ac225aff8@group-0C8C0AA7542A, cid=690, SUCCESS, logIndex=856, commits[b461a7b0-028a-4eb5-b268-b89ac225aff8:c857, b6ff45f5-67b8-463b-a273-c2e7d9dadd75:c853, 6a5cb75f-f7eb-4671-9a85-3b6f7898f6cc:c853]
2019-08-28 21:29:25,689 [grpc-default-executor-5] INFO  client.GrpcClientProtocolClient (GrpcClientProtocolClient.java:onNext(255)) - client-05DA20D107F8->b461a7b0-028a-4eb5-b268-b89ac225aff8: receive RaftClientReply:client-05DA20D107F8->b461a7b0-028a-4eb5-b268-b89ac225aff8@group-0C8C0AA7542A, cid=691, SUCCESS, logIndex=857, commits[b461a7b0-028a-4eb5-b268-b89ac225aff8:c857, b6ff45f5-67b8-463b-a273-c2e7d9dadd75:c853, 6a5cb75f-f7eb-4671-9a85-3b6f7898f6cc:c853]
2019-08-28 21:29:25,690 [grpc-default-executor-5] INFO  client.GrpcClientProtocolClient (GrpcClientProtocolClient.java:onNext(255)) - client-05DA20D107F8->b461a7b0-028a-4eb5-b268-b89ac225aff8: receive RaftClientReply:client-05DA20D107F8->b461a7b0-028a-4eb5-b268-b89ac225aff8@group-0C8C0AA7542A, cid=692, SUCCESS, logIndex=0, commits[b461a7b0-028a-4eb5-b268-b89ac225aff8:c859, b6ff45f5-67b8-463b-a273-c2e7d9dadd75:c855, 6a5cb75f-f7eb-4671-9a85-3b6f7898f6cc:c855]
2019-08-28 21:29:25,699 | INFO  | DNAudit | user=null | ip=null | op=WRITE_CHUNK {blockData=conID: 2 locID: 102696731549172124 bcsId: 857} | ret=SUCCESS |  
2019-08-28 21:29:25,702 | INFO  | DNAudit | user=null | ip=null | op=WRITE_CHUNK {blockData=conID: 2 locID: 102696731549172124 bcsId: 857} | ret=SUCCESS |  
2019-08-28 21:29:25,702 | INFO  | DNAudit | user=null | ip=null | op=WRITE_CHUNK {blockData=conID: 2 locID: 102696731549172124 bcsId: 857} | ret=SUCCESS |  
2019-08-28 21:29:25,710 | INFO  | DNAudit | user=null | ip=null | op=WRITE_CHUNK {blockData=conID: 2 locID: 102696731549172124 bcsId: 0} | ret=SUCCESS |  
2019-08-28 21:29:25,710 | INFO  | DNAudit | user=null | ip=null | op=WRITE_CHUNK {blockData=conID: 2 locID: 102696731549172124 bcsId: 0} | ret=SUCCESS |  
2019-08-28 21:29:25,710 | INFO  | DNAudit | user=null | ip=null | op=PUT_BLOCK {blockData=[blockId=conID: 2 locID: 102696731549172124 bcsId: 0,size=2097152]} | ret=SUCCESS |  
2019-08-28 21:29:25,711 | INFO  | DNAudit | user=null | ip=null | op=PUT_BLOCK {blockData=[blockId=conID: 2 locID: 102696731549172124 bcsId: 0,size=2097152]} | ret=SUCCESS |  
2019-08-28 21:29:25,712 | INFO  | DNAudit | user=null | ip=null | op=WRITE_CHUNK {blockData=conID: 2 locID: 102696731549172124 bcsId: 857} | ret=SUCCESS |  
2019-08-28 21:29:25,712 | INFO  | DNAudit | user=null | ip=null | op=PUT_BLOCK {blockData=[blockId=conID: 2 locID: 102696731549172124 bcsId: 0,size=3145728]} | ret=SUCCESS |  
2019-08-28 21:29:25,712 [grpc-default-executor-5] INFO  client.GrpcClientProtocolClient (GrpcClientProtocolClient.java:onNext(255)) - client-05DA20D107F8->b461a7b0-028a-4eb5-b268-b89ac225aff8: receive RaftClientReply:client-05DA20D107F8->b461a7b0-028a-4eb5-b268-b89ac225aff8@group-0C8C0AA7542A, cid=693, SUCCESS, logIndex=862, commits[b461a7b0-028a-4eb5-b268-b89ac225aff8:c863, b6ff45f5-67b8-463b-a273-c2e7d9dadd75:c859, 6a5cb75f-f7eb-4671-9a85-3b6f7898f6cc:c859]
2019-08-28 21:29:25,713 [grpc-default-executor-5] INFO  client.GrpcClientProtocolClient (GrpcClientProtocolClient.java:onNext(255)) - client-05DA20D107F8->b461a7b0-028a-4eb5-b268-b89ac225aff8: receive RaftClientReply:client-05DA20D107F8->b461a7b0-028a-4eb5-b268-b89ac225aff8@group-0C8C0AA7542A, cid=694, SUCCESS, logIndex=863, commits[b461a7b0-028a-4eb5-b268-b89ac225aff8:c863, b6ff45f5-67b8-463b-a273-c2e7d9dadd75:c859, 6a5cb75f-f7eb-4671-9a85-3b6f7898f6cc:c859]
2019-08-28 21:29:25,721 | INFO  | DNAudit | user=null | ip=null | op=WRITE_CHUNK {blockData=conID: 2 locID: 102696731549172124 bcsId: 863} | ret=SUCCESS |  
2019-08-28 21:29:25,724 | INFO  | DNAudit | user=null | ip=null | op=WRITE_CHUNK {blockData=conID: 2 locID: 102696731549172124 bcsId: 863} | ret=SUCCESS |  
2019-08-28 21:29:25,725 | INFO  | DNAudit | user=null | ip=null | op=WRITE_CHUNK {blockData=conID: 2 locID: 102696731549172124 bcsId: 863} | ret=SUCCESS |  
2019-08-28 21:29:25,729 | INFO  | DNAudit | user=null | ip=null | op=WRITE_CHUNK {blockData=conID: 2 locID: 102696731549172124 bcsId: 857} | ret=SUCCESS |  
2019-08-28 21:29:25,729 | INFO  | DNAudit | user=null | ip=null | op=WRITE_CHUNK {blockData=conID: 2 locID: 102696731549172124 bcsId: 857} | ret=SUCCESS |  
2019-08-28 21:29:25,731 | INFO  | DNAudit | user=null | ip=null | op=PUT_BLOCK {blockData=[blockId=conID: 2 locID: 102696731549172124 bcsId: 0,size=3145728]} | ret=SUCCESS |  
2019-08-28 21:29:25,731 | INFO  | DNAudit | user=null | ip=null | op=PUT_BLOCK {blockData=[blockId=conID: 2 locID: 102696731549172124 bcsId: 0,size=3145728]} | ret=SUCCESS |  
2019-08-28 21:29:25,732 | INFO  | DNAudit | user=null | ip=null | op=WRITE_CHUNK {blockData=conID: 2 locID: 102696731549172124 bcsId: 863} | ret=SUCCESS |  
2019-08-28 21:29:25,732 | INFO  | DNAudit | user=null | ip=null | op=PUT_BLOCK {blockData=[blockId=conID: 2 locID: 102696731549172124 bcsId: 0,size=4194304]} | ret=SUCCESS |  
2019-08-28 21:29:25,733 [grpc-default-executor-3] INFO  client.GrpcClientProtocolClient (GrpcClientProtocolClient.java:onNext(255)) - client-05DA20D107F8->b461a7b0-028a-4eb5-b268-b89ac225aff8: receive RaftClientReply:client-05DA20D107F8->b461a7b0-028a-4eb5-b268-b89ac225aff8@group-0C8C0AA7542A, cid=695, SUCCESS, logIndex=866, commits[b461a7b0-028a-4eb5-b268-b89ac225aff8:c867, b6ff45f5-67b8-463b-a273-c2e7d9dadd75:c863, 6a5cb75f-f7eb-4671-9a85-3b6f7898f6cc:c863]
2019-08-28 21:29:25,733 [grpc-default-executor-3] INFO  client.GrpcClientProtocolClient (GrpcClientProtocolClient.java:onNext(255)) - client-05DA20D107F8->b461a7b0-028a-4eb5-b268-b89ac225aff8: receive RaftClientReply:client-05DA20D107F8->b461a7b0-028a-4eb5-b268-b89ac225aff8@group-0C8C0AA7542A, cid=696, SUCCESS, logIndex=867, commits[b461a7b0-028a-4eb5-b268-b89ac225aff8:c867, b6ff45f5-67b8-463b-a273-c2e7d9dadd75:c863, 6a5cb75f-f7eb-4671-9a85-3b6f7898f6cc:c863]
2019-08-28 21:29:25,748 | INFO  | DNAudit | user=null | ip=null | op=WRITE_CHUNK {blockData=conID: 2 locID: 102696731549172124 bcsId: 863} | ret=SUCCESS |  
2019-08-28 21:29:25,748 | INFO  | DNAudit | user=null | ip=null | op=WRITE_CHUNK {blockData=conID: 2 locID: 102696731549172124 bcsId: 863} | ret=SUCCESS |  
2019-08-28 21:29:25,748 | INFO  | DNAudit | user=null | ip=null | op=PUT_BLOCK {blockData=[blockId=conID: 2 locID: 102696731549172124 bcsId: 0,size=4194304]} | ret=SUCCESS |  
2019-08-28 21:29:25,749 | INFO  | DNAudit | user=null | ip=null | op=PUT_BLOCK {blockData=[blockId=conID: 2 locID: 102696731549172124 bcsId: 0,size=4194304]} | ret=SUCCESS |  
2019-08-28 21:29:25,750 [grpc-default-executor-5] INFO  client.GrpcClientProtocolClient (GrpcClientProtocolClient.java:onNext(255)) - client-05DA20D107F8->b461a7b0-028a-4eb5-b268-b89ac225aff8: receive RaftClientReply:client-05DA20D107F8->b461a7b0-028a-4eb5-b268-b89ac225aff8@group-0C8C0AA7542A, cid=697, SUCCESS, logIndex=0, commits[b461a7b0-028a-4eb5-b268-b89ac225aff8:c868, b6ff45f5-67b8-463b-a273-c2e7d9dadd75:c867, 6a5cb75f-f7eb-4671-9a85-3b6f7898f6cc:c867]
2019-08-28 21:29:25,757 | INFO  | DNAudit | user=null | ip=null | op=WRITE_CHUNK {blockData=conID: 3 locID: 102696731549172125 bcsId: 0} | ret=SUCCESS |  
2019-08-28 21:29:25,762 | INFO  | DNAudit | user=null | ip=null | op=WRITE_CHUNK {blockData=conID: 3 locID: 102696731549172125 bcsId: 0} | ret=SUCCESS |  
2019-08-28 21:29:25,765 | INFO  | DNAudit | user=null | ip=null | op=WRITE_CHUNK {blockData=conID: 3 locID: 102696731549172125 bcsId: 0} | ret=SUCCESS |  
2019-08-28 21:29:25,765 | INFO  | DNAudit | user=null | ip=null | op=WRITE_CHUNK {blockData=conID: 3 locID: 102696731549172125 bcsId: 0} | ret=SUCCESS |  
2019-08-28 21:29:25,768 | INFO  | DNAudit | user=null | ip=null | op=WRITE_CHUNK {blockData=conID: 3 locID: 102696731549172125 bcsId: 0} | ret=SUCCESS |  
2019-08-28 21:29:25,768 | INFO  | DNAudit | user=null | ip=null | op=WRITE_CHUNK {blockData=conID: 3 locID: 102696731549172125 bcsId: 0} | ret=SUCCESS |  
2019-08-28 21:29:25,786 | INFO  | DNAudit | user=null | ip=null | op=WRITE_CHUNK {blockData=conID: 3 locID: 102696731549172125 bcsId: 0} | ret=SUCCESS |  
2019-08-28 21:29:25,787 | INFO  | DNAudit | user=null | ip=null | op=PUT_BLOCK {blockData=[blockId=conID: 3 locID: 102696731549172125 bcsId: 0,size=1048576]} | ret=SUCCESS |  
2019-08-28 21:29:25,787 [grpc-default-executor-6] INFO  client.GrpcClientProtocolClient (GrpcClientProtocolClient.java:onNext(255)) - client-05DA20D107F8->b461a7b0-028a-4eb5-b268-b89ac225aff8: receive RaftClientReply:client-05DA20D107F8->b461a7b0-028a-4eb5-b268-b89ac225aff8@group-0C8C0AA7542A, cid=698, SUCCESS, logIndex=870, commits[b461a7b0-028a-4eb5-b268-b89ac225aff8:c871, b6ff45f5-67b8-463b-a273-c2e7d9dadd75:c869, 6a5cb75f-f7eb-4671-9a85-3b6f7898f6cc:c869]
2019-08-28 21:29:25,788 [grpc-default-executor-6] INFO  client.GrpcClientProtocolClient (GrpcClientProtocolClient.java:onNext(255)) - client-05DA20D107F8->b461a7b0-028a-4eb5-b268-b89ac225aff8: receive RaftClientReply:client-05DA20D107F8->b461a7b0-028a-4eb5-b268-b89ac225aff8@group-0C8C0AA7542A, cid=699, SUCCESS, logIndex=871, commits[b461a7b0-028a-4eb5-b268-b89ac225aff8:c871, b6ff45f5-67b8-463b-a273-c2e7d9dadd75:c869, 6a5cb75f-f7eb-4671-9a85-3b6f7898f6cc:c869]
2019-08-28 21:29:25,808 | INFO  | DNAudit | user=null | ip=null | op=WRITE_CHUNK {blockData=conID: 3 locID: 102696731549172125 bcsId: 0} | ret=SUCCESS |  
2019-08-28 21:29:25,809 | INFO  | DNAudit | user=null | ip=null | op=PUT_BLOCK {blockData=[blockId=conID: 3 locID: 102696731549172125 bcsId: 0,size=2097152]} | ret=SUCCESS |  
2019-08-28 21:29:25,809 [grpc-default-executor-5] INFO  client.GrpcClientProtocolClient (GrpcClientProtocolClient.java:onNext(255)) - client-05DA20D107F8->b461a7b0-028a-4eb5-b268-b89ac225aff8: receive RaftClientReply:client-05DA20D107F8->b461a7b0-028a-4eb5-b268-b89ac225aff8@group-0C8C0AA7542A, cid=700, SUCCESS, logIndex=872, commits[b461a7b0-028a-4eb5-b268-b89ac225aff8:c873, b6ff45f5-67b8-463b-a273-c2e7d9dadd75:c869, 6a5cb75f-f7eb-4671-9a85-3b6f7898f6cc:c869]
2019-08-28 21:29:25,809 [grpc-default-executor-5] INFO  client.GrpcClientProtocolClient (GrpcClientProtocolClient.java:onNext(255)) - client-05DA20D107F8->b461a7b0-028a-4eb5-b268-b89ac225aff8: receive RaftClientReply:client-05DA20D107F8->b461a7b0-028a-4eb5-b268-b89ac225aff8@group-0C8C0AA7542A, cid=701, SUCCESS, logIndex=873, commits[b461a7b0-028a-4eb5-b268-b89ac225aff8:c873, b6ff45f5-67b8-463b-a273-c2e7d9dadd75:c869, 6a5cb75f-f7eb-4671-9a85-3b6f7898f6cc:c869]
2019-08-28 21:29:25,878 | INFO  | DNAudit | user=null | ip=null | op=WRITE_CHUNK {blockData=conID: 3 locID: 102696731549172125 bcsId: 0} | ret=SUCCESS |  
2019-08-28 21:29:25,878 | INFO  | DNAudit | user=null | ip=null | op=WRITE_CHUNK {blockData=conID: 3 locID: 102696731549172125 bcsId: 0} | ret=SUCCESS |  
2019-08-28 21:29:25,878 | INFO  | DNAudit | user=null | ip=null | op=PUT_BLOCK {blockData=[blockId=conID: 3 locID: 102696731549172125 bcsId: 0,size=1048576]} | ret=SUCCESS |  
2019-08-28 21:29:25,879 | INFO  | DNAudit | user=null | ip=null | op=PUT_BLOCK {blockData=[blockId=conID: 3 locID: 102696731549172125 bcsId: 0,size=1048576]} | ret=SUCCESS |  
2019-08-28 21:29:25,879 | INFO  | DNAudit | user=null | ip=null | op=WRITE_CHUNK {blockData=conID: 3 locID: 102696731549172125 bcsId: 0} | ret=SUCCESS |  
2019-08-28 21:29:25,879 | INFO  | DNAudit | user=null | ip=null | op=PUT_BLOCK {blockData=[blockId=conID: 3 locID: 102696731549172125 bcsId: 0,size=2097152]} | ret=SUCCESS |  
2019-08-28 21:29:25,879 [grpc-default-executor-5] INFO  client.GrpcClientProtocolClient (GrpcClientProtocolClient.java:onNext(255)) - client-05DA20D107F8->b461a7b0-028a-4eb5-b268-b89ac225aff8: receive RaftClientReply:client-05DA20D107F8->b461a7b0-028a-4eb5-b268-b89ac225aff8@group-0C8C0AA7542A, cid=702, SUCCESS, logIndex=0, commits[b461a7b0-028a-4eb5-b268-b89ac225aff8:c873, b6ff45f5-67b8-463b-a273-c2e7d9dadd75:c871, 6a5cb75f-f7eb-4671-9a85-3b6f7898f6cc:c871]
2019-08-28 21:29:25,880 | INFO  | DNAudit | user=null | ip=null | op=WRITE_CHUNK {blockData=conID: 3 locID: 102696731549172125 bcsId: 0} | ret=SUCCESS |  
2019-08-28 21:29:25,880 | INFO  | DNAudit | user=null | ip=null | op=PUT_BLOCK {blockData=[blockId=conID: 3 locID: 102696731549172125 bcsId: 0,size=2097152]} | ret=SUCCESS |  
2019-08-28 21:29:25,890 | INFO  | DNAudit | user=null | ip=null | op=WRITE_CHUNK {blockData=conID: 3 locID: 102696731549172125 bcsId: 873} | ret=SUCCESS |  
2019-08-28 21:29:25,894 | INFO  | DNAudit | user=null | ip=null | op=WRITE_CHUNK {blockData=conID: 3 locID: 102696731549172125 bcsId: 873} | ret=SUCCESS |  
2019-08-28 21:29:25,895 | INFO  | DNAudit | user=null | ip=null | op=WRITE_CHUNK {blockData=conID: 3 locID: 102696731549172125 bcsId: 873} | ret=SUCCESS |  
2019-08-28 21:29:25,903 | INFO  | DNAudit | user=null | ip=null | op=WRITE_CHUNK {blockData=conID: 3 locID: 102696731549172125 bcsId: 873} | ret=SUCCESS |  
2019-08-28 21:29:25,903 | INFO  | DNAudit | user=null | ip=null | op=PUT_BLOCK {blockData=[blockId=conID: 3 locID: 102696731549172125 bcsId: 0,size=3145728]} | ret=SUCCESS |  
2019-08-28 21:29:25,904 [grpc-default-executor-5] INFO  client.GrpcClientProtocolClient (GrpcClientProtocolClient.java:onNext(255)) - client-05DA20D107F8->b461a7b0-028a-4eb5-b268-b89ac225aff8: receive RaftClientReply:client-05DA20D107F8->b461a7b0-028a-4eb5-b268-b89ac225aff8@group-0C8C0AA7542A, cid=703, SUCCESS, logIndex=878, commits[b461a7b0-028a-4eb5-b268-b89ac225aff8:c879, b6ff45f5-67b8-463b-a273-c2e7d9dadd75:c877, 6a5cb75f-f7eb-4671-9a85-3b6f7898f6cc:c877]
2019-08-28 21:29:25,904 [grpc-default-executor-5] INFO  client.GrpcClientProtocolClient (GrpcClientProtocolClient.java:onNext(255)) - client-05DA20D107F8->b461a7b0-028a-4eb5-b268-b89ac225aff8: receive RaftClientReply:client-05DA20D107F8->b461a7b0-028a-4eb5-b268-b89ac225aff8@group-0C8C0AA7542A, cid=704, SUCCESS, logIndex=879, commits[b461a7b0-028a-4eb5-b268-b89ac225aff8:c879, b6ff45f5-67b8-463b-a273-c2e7d9dadd75:c877, 6a5cb75f-f7eb-4671-9a85-3b6f7898f6cc:c877]
2019-08-28 21:29:25,914 | INFO  | DNAudit | user=null | ip=null | op=WRITE_CHUNK {blockData=conID: 3 locID: 102696731549172125 bcsId: 879} | ret=SUCCESS |  
2019-08-28 21:29:25,916 | INFO  | DNAudit | user=null | ip=null | op=WRITE_CHUNK {blockData=conID: 3 locID: 102696731549172125 bcsId: 879} | ret=SUCCESS |  
2019-08-28 21:29:25,917 | INFO  | DNAudit | user=null | ip=null | op=WRITE_CHUNK {blockData=conID: 3 locID: 102696731549172125 bcsId: 879} | ret=SUCCESS |  
2019-08-28 21:29:25,923 | INFO  | DNAudit | user=null | ip=null | op=WRITE_CHUNK {blockData=conID: 3 locID: 102696731549172125 bcsId: 873} | ret=SUCCESS |  
2019-08-28 21:29:25,923 | INFO  | DNAudit | user=null | ip=null | op=WRITE_CHUNK {blockData=conID: 3 locID: 102696731549172125 bcsId: 873} | ret=SUCCESS |  
2019-08-28 21:29:25,924 | INFO  | DNAudit | user=null | ip=null | op=PUT_BLOCK {blockData=[blockId=conID: 3 locID: 102696731549172125 bcsId: 0,size=3145728]} | ret=SUCCESS |  
2019-08-28 21:29:25,924 | INFO  | DNAudit | user=null | ip=null | op=PUT_BLOCK {blockData=[blockId=conID: 3 locID: 102696731549172125 bcsId: 0,size=3145728]} | ret=SUCCESS |  
2019-08-28 21:29:25,925 | INFO  | DNAudit | user=null | ip=null | op=WRITE_CHUNK {blockData=conID: 3 locID: 102696731549172125 bcsId: 879} | ret=SUCCESS |  
2019-08-28 21:29:25,926 | INFO  | DNAudit | user=null | ip=null | op=PUT_BLOCK {blockData=[blockId=conID: 3 locID: 102696731549172125 bcsId: 0,size=4194304]} | ret=SUCCESS |  
2019-08-28 21:29:25,926 [grpc-default-executor-3] INFO  client.GrpcClientProtocolClient (GrpcClientProtocolClient.java:onNext(255)) - client-05DA20D107F8->b461a7b0-028a-4eb5-b268-b89ac225aff8: receive RaftClientReply:client-05DA20D107F8->b461a7b0-028a-4eb5-b268-b89ac225aff8@group-0C8C0AA7542A, cid=705, SUCCESS, logIndex=882, commits[b461a7b0-028a-4eb5-b268-b89ac225aff8:c882, b6ff45f5-67b8-463b-a273-c2e7d9dadd75:c879, 6a5cb75f-f7eb-4671-9a85-3b6f7898f6cc:c879]
2019-08-28 21:29:25,926 [grpc-default-executor-3] INFO  client.GrpcClientProtocolClient (GrpcClientProtocolClient.java:onNext(255)) - client-05DA20D107F8->b461a7b0-028a-4eb5-b268-b89ac225aff8: receive RaftClientReply:client-05DA20D107F8->b461a7b0-028a-4eb5-b268-b89ac225aff8@group-0C8C0AA7542A, cid=706, SUCCESS, logIndex=883, commits[b461a7b0-028a-4eb5-b268-b89ac225aff8:c883, b6ff45f5-67b8-463b-a273-c2e7d9dadd75:c879, 6a5cb75f-f7eb-4671-9a85-3b6f7898f6cc:c879]
2019-08-28 21:29:25,946 | INFO  | DNAudit | user=null | ip=null | op=WRITE_CHUNK {blockData=conID: 3 locID: 102696731549172125 bcsId: 879} | ret=SUCCESS |  
2019-08-28 21:29:25,946 | INFO  | DNAudit | user=null | ip=null | op=WRITE_CHUNK {blockData=conID: 3 locID: 102696731549172125 bcsId: 879} | ret=SUCCESS |  
2019-08-28 21:29:25,947 | INFO  | DNAudit | user=null | ip=null | op=PUT_BLOCK {blockData=[blockId=conID: 3 locID: 102696731549172125 bcsId: 0,size=4194304]} | ret=SUCCESS |  
2019-08-28 21:29:25,947 | INFO  | DNAudit | user=null | ip=null | op=PUT_BLOCK {blockData=[blockId=conID: 3 locID: 102696731549172125 bcsId: 0,size=4194304]} | ret=SUCCESS |  
2019-08-28 21:29:25,948 [grpc-default-executor-3] INFO  client.GrpcClientProtocolClient (GrpcClientProtocolClient.java:onNext(255)) - client-05DA20D107F8->b461a7b0-028a-4eb5-b268-b89ac225aff8: receive RaftClientReply:client-05DA20D107F8->b461a7b0-028a-4eb5-b268-b89ac225aff8@group-0C8C0AA7542A, cid=707, SUCCESS, logIndex=0, commits[b461a7b0-028a-4eb5-b268-b89ac225aff8:c885, b6ff45f5-67b8-463b-a273-c2e7d9dadd75:c883, 6a5cb75f-f7eb-4671-9a85-3b6f7898f6cc:c883]
2019-08-28 21:29:25,957 | INFO  | DNAudit | user=null | ip=null | op=WRITE_CHUNK {blockData=conID: 1 locID: 102696731549172126 bcsId: 0} | ret=SUCCESS |  
2019-08-28 21:29:25,959 | INFO  | DNAudit | user=null | ip=null | op=WRITE_CHUNK {blockData=conID: 1 locID: 102696731549172126 bcsId: 0} | ret=SUCCESS |  
2019-08-28 21:29:25,960 | INFO  | DNAudit | user=null | ip=null | op=WRITE_CHUNK {blockData=conID: 1 locID: 102696731549172126 bcsId: 0} | ret=SUCCESS |  
2019-08-28 21:29:25,961 | INFO  | DNAudit | user=null | ip=null | op=WRITE_CHUNK {blockData=conID: 1 locID: 102696731549172126 bcsId: 0} | ret=SUCCESS |  
2019-08-28 21:29:25,963 | INFO  | DNAudit | user=null | ip=null | op=WRITE_CHUNK {blockData=conID: 1 locID: 102696731549172126 bcsId: 0} | ret=SUCCESS |  
2019-08-28 21:29:25,963 | INFO  | DNAudit | user=null | ip=null | op=WRITE_CHUNK {blockData=conID: 1 locID: 102696731549172126 bcsId: 0} | ret=SUCCESS |  
2019-08-28 21:29:25,971 | INFO  | DNAudit | user=null | ip=null | op=WRITE_CHUNK {blockData=conID: 1 locID: 102696731549172126 bcsId: 0} | ret=SUCCESS |  
2019-08-28 21:29:25,972 | INFO  | DNAudit | user=null | ip=null | op=PUT_BLOCK {blockData=[blockId=conID: 1 locID: 102696731549172126 bcsId: 0,size=1048576]} | ret=SUCCESS |  
2019-08-28 21:29:25,972 | INFO  | DNAudit | user=null | ip=null | op=WRITE_CHUNK {blockData=conID: 1 locID: 102696731549172126 bcsId: 0} | ret=SUCCESS |  
2019-08-28 21:29:25,972 [grpc-default-executor-6] INFO  client.GrpcClientProtocolClient (GrpcClientProtocolClient.java:onNext(255)) - client-05DA20D107F8->b461a7b0-028a-4eb5-b268-b89ac225aff8: receive RaftClientReply:client-05DA20D107F8->b461a7b0-028a-4eb5-b268-b89ac225aff8@group-0C8C0AA7542A, cid=708, SUCCESS, logIndex=886, commits[b461a7b0-028a-4eb5-b268-b89ac225aff8:c889, b6ff45f5-67b8-463b-a273-c2e7d9dadd75:c885, 6a5cb75f-f7eb-4671-9a85-3b6f7898f6cc:c885]
2019-08-28 21:29:25,973 | INFO  | DNAudit | user=null | ip=null | op=PUT_BLOCK {blockData=[blockId=conID: 1 locID: 102696731549172126 bcsId: 0,size=2097152]} | ret=SUCCESS |  
2019-08-28 21:29:25,973 [grpc-default-executor-6] INFO  client.GrpcClientProtocolClient (GrpcClientProtocolClient.java:onNext(255)) - client-05DA20D107F8->b461a7b0-028a-4eb5-b268-b89ac225aff8: receive RaftClientReply:client-05DA20D107F8->b461a7b0-028a-4eb5-b268-b89ac225aff8@group-0C8C0AA7542A, cid=709, SUCCESS, logIndex=887, commits[b461a7b0-028a-4eb5-b268-b89ac225aff8:c889, b6ff45f5-67b8-463b-a273-c2e7d9dadd75:c885, 6a5cb75f-f7eb-4671-9a85-3b6f7898f6cc:c885]
2019-08-28 21:29:25,973 [grpc-default-executor-6] INFO  client.GrpcClientProtocolClient (GrpcClientProtocolClient.java:onNext(255)) - client-05DA20D107F8->b461a7b0-028a-4eb5-b268-b89ac225aff8: receive RaftClientReply:client-05DA20D107F8->b461a7b0-028a-4eb5-b268-b89ac225aff8@group-0C8C0AA7542A, cid=710, SUCCESS, logIndex=888, commits[b461a7b0-028a-4eb5-b268-b89ac225aff8:c889, b6ff45f5-67b8-463b-a273-c2e7d9dadd75:c885, 6a5cb75f-f7eb-4671-9a85-3b6f7898f6cc:c885]
2019-08-28 21:29:25,973 [grpc-default-executor-6] INFO  client.GrpcClientProtocolClient (GrpcClientProtocolClient.java:onNext(255)) - client-05DA20D107F8->b461a7b0-028a-4eb5-b268-b89ac225aff8: receive RaftClientReply:client-05DA20D107F8->b461a7b0-028a-4eb5-b268-b89ac225aff8@group-0C8C0AA7542A, cid=711, SUCCESS, logIndex=889, commits[b461a7b0-028a-4eb5-b268-b89ac225aff8:c889, b6ff45f5-67b8-463b-a273-c2e7d9dadd75:c885, 6a5cb75f-f7eb-4671-9a85-3b6f7898f6cc:c885]
2019-08-28 21:29:25,990 | INFO  | DNAudit | user=null | ip=null | op=WRITE_CHUNK {blockData=conID: 1 locID: 102696731549172126 bcsId: 0} | ret=SUCCESS |  
2019-08-28 21:29:25,990 | INFO  | DNAudit | user=null | ip=null | op=WRITE_CHUNK {blockData=conID: 1 locID: 102696731549172126 bcsId: 0} | ret=SUCCESS |  
2019-08-28 21:29:25,990 | INFO  | DNAudit | user=null | ip=null | op=PUT_BLOCK {blockData=[blockId=conID: 1 locID: 102696731549172126 bcsId: 0,size=1048576]} | ret=SUCCESS |  
2019-08-28 21:29:25,991 | INFO  | DNAudit | user=null | ip=null | op=PUT_BLOCK {blockData=[blockId=conID: 1 locID: 102696731549172126 bcsId: 0,size=1048576]} | ret=SUCCESS |  
2019-08-28 21:29:25,991 | INFO  | DNAudit | user=null | ip=null | op=WRITE_CHUNK {blockData=conID: 1 locID: 102696731549172126 bcsId: 0} | ret=SUCCESS |  
2019-08-28 21:29:25,991 | INFO  | DNAudit | user=null | ip=null | op=WRITE_CHUNK {blockData=conID: 1 locID: 102696731549172126 bcsId: 0} | ret=SUCCESS |  
2019-08-28 21:29:25,991 | INFO  | DNAudit | user=null | ip=null | op=PUT_BLOCK {blockData=[blockId=conID: 1 locID: 102696731549172126 bcsId: 0,size=2097152]} | ret=SUCCESS |  
2019-08-28 21:29:25,991 | INFO  | DNAudit | user=null | ip=null | op=PUT_BLOCK {blockData=[blockId=conID: 1 locID: 102696731549172126 bcsId: 0,size=2097152]} | ret=SUCCESS |  
2019-08-28 21:29:25,992 [grpc-default-executor-6] INFO  client.GrpcClientProtocolClient (GrpcClientProtocolClient.java:onNext(255)) - client-05DA20D107F8->b461a7b0-028a-4eb5-b268-b89ac225aff8: receive RaftClientReply:client-05DA20D107F8->b461a7b0-028a-4eb5-b268-b89ac225aff8@group-0C8C0AA7542A, cid=712, SUCCESS, logIndex=0, commits[b461a7b0-028a-4eb5-b268-b89ac225aff8:c890, b6ff45f5-67b8-463b-a273-c2e7d9dadd75:c887, 6a5cb75f-f7eb-4671-9a85-3b6f7898f6cc:c887]
2019-08-28 21:29:26,001 | INFO  | DNAudit | user=null | ip=null | op=WRITE_CHUNK {blockData=conID: 1 locID: 102696731549172126 bcsId: 889} | ret=SUCCESS |  
2019-08-28 21:29:26,004 | INFO  | DNAudit | user=null | ip=null | op=WRITE_CHUNK {blockData=conID: 1 locID: 102696731549172126 bcsId: 889} | ret=SUCCESS |  
2019-08-28 21:29:26,004 | INFO  | DNAudit | user=null | ip=null | op=WRITE_CHUNK {blockData=conID: 1 locID: 102696731549172126 bcsId: 889} | ret=SUCCESS |  
2019-08-28 21:29:26,013 | INFO  | SCMAudit | user=jenkins1000 | ip=192.168.36.107 | op=SEND_HEARTBEAT {datanodeUUID=b461a7b0-028a-4eb5-b268-b89ac225aff8, command=[]} | ret=SUCCESS |  
2019-08-28 21:29:26,013 | INFO  | SCMAudit | user=jenkins1000 | ip=192.168.36.107 | op=SEND_HEARTBEAT {datanodeUUID=b6ff45f5-67b8-463b-a273-c2e7d9dadd75, command=[]} | ret=SUCCESS |  
2019-08-28 21:29:26,013 | INFO  | SCMAudit | user=jenkins1000 | ip=192.168.36.107 | op=SEND_HEARTBEAT {datanodeUUID=6a5cb75f-f7eb-4671-9a85-3b6f7898f6cc, command=[]} | ret=SUCCESS |  
2019-08-28 21:29:26,016 | INFO  | DNAudit | user=null | ip=null | op=WRITE_CHUNK {blockData=conID: 1 locID: 102696731549172126 bcsId: 889} | ret=SUCCESS |  
2019-08-28 21:29:26,017 | INFO  | DNAudit | user=null | ip=null | op=PUT_BLOCK {blockData=[blockId=conID: 1 locID: 102696731549172126 bcsId: 0,size=3145728]} | ret=SUCCESS |  
2019-08-28 21:29:26,017 [grpc-default-executor-5] INFO  client.GrpcClientProtocolClient (GrpcClientProtocolClient.java:onNext(255)) - client-05DA20D107F8->b461a7b0-028a-4eb5-b268-b89ac225aff8: receive RaftClientReply:client-05DA20D107F8->b461a7b0-028a-4eb5-b268-b89ac225aff8@group-0C8C0AA7542A, cid=713, SUCCESS, logIndex=894, commits[b461a7b0-028a-4eb5-b268-b89ac225aff8:c895, b6ff45f5-67b8-463b-a273-c2e7d9dadd75:c893, 6a5cb75f-f7eb-4671-9a85-3b6f7898f6cc:c893]
2019-08-28 21:29:26,018 [grpc-default-executor-5] INFO  client.GrpcClientProtocolClient (GrpcClientProtocolClient.java:onNext(255)) - client-05DA20D107F8->b461a7b0-028a-4eb5-b268-b89ac225aff8: receive RaftClientReply:client-05DA20D107F8->b461a7b0-028a-4eb5-b268-b89ac225aff8@group-0C8C0AA7542A, cid=714, SUCCESS, logIndex=895, commits[b461a7b0-028a-4eb5-b268-b89ac225aff8:c895, b6ff45f5-67b8-463b-a273-c2e7d9dadd75:c893, 6a5cb75f-f7eb-4671-9a85-3b6f7898f6cc:c893]
2019-08-28 21:29:26,025 | INFO  | DNAudit | user=null | ip=null | op=WRITE_CHUNK {blockData=conID: 1 locID: 102696731549172126 bcsId: 895} | ret=SUCCESS |  
2019-08-28 21:29:26,028 | INFO  | DNAudit | user=null | ip=null | op=WRITE_CHUNK {blockData=conID: 1 locID: 102696731549172126 bcsId: 895} | ret=SUCCESS |  
2019-08-28 21:29:26,028 | INFO  | DNAudit | user=null | ip=null | op=WRITE_CHUNK {blockData=conID: 1 locID: 102696731549172126 bcsId: 895} | ret=SUCCESS |  
2019-08-28 21:29:26,037 | INFO  | DNAudit | user=null | ip=null | op=WRITE_CHUNK {blockData=conID: 1 locID: 102696731549172126 bcsId: 889} | ret=SUCCESS |  
2019-08-28 21:29:26,037 | INFO  | DNAudit | user=null | ip=null | op=WRITE_CHUNK {blockData=conID: 1 locID: 102696731549172126 bcsId: 889} | ret=SUCCESS |  
2019-08-28 21:29:26,038 | INFO  | DNAudit | user=null | ip=null | op=PUT_BLOCK {blockData=[blockId=conID: 1 locID: 102696731549172126 bcsId: 0,size=3145728]} | ret=SUCCESS |  
2019-08-28 21:29:26,038 | INFO  | DNAudit | user=null | ip=null | op=PUT_BLOCK {blockData=[blockId=conID: 1 locID: 102696731549172126 bcsId: 0,size=3145728]} | ret=SUCCESS |  
2019-08-28 21:29:26,038 | INFO  | DNAudit | user=null | ip=null | op=WRITE_CHUNK {blockData=conID: 1 locID: 102696731549172126 bcsId: 895} | ret=SUCCESS |  
2019-08-28 21:29:26,039 | INFO  | DNAudit | user=null | ip=null | op=PUT_BLOCK {blockData=[blockId=conID: 1 locID: 102696731549172126 bcsId: 0,size=4194304]} | ret=SUCCESS |  
2019-08-28 21:29:26,039 [grpc-default-executor-6] INFO  client.GrpcClientProtocolClient (GrpcClientProtocolClient.java:onNext(255)) - client-05DA20D107F8->b461a7b0-028a-4eb5-b268-b89ac225aff8: receive RaftClientReply:client-05DA20D107F8->b461a7b0-028a-4eb5-b268-b89ac225aff8@group-0C8C0AA7542A, cid=715, SUCCESS, logIndex=898, commits[b461a7b0-028a-4eb5-b268-b89ac225aff8:c898, b6ff45f5-67b8-463b-a273-c2e7d9dadd75:c895, 6a5cb75f-f7eb-4671-9a85-3b6f7898f6cc:c894]
2019-08-28 21:29:26,039 [grpc-default-executor-6] INFO  client.GrpcClientProtocolClient (GrpcClientProtocolClient.java:onNext(255)) - client-05DA20D107F8->b461a7b0-028a-4eb5-b268-b89ac225aff8: receive RaftClientReply:client-05DA20D107F8->b461a7b0-028a-4eb5-b268-b89ac225aff8@group-0C8C0AA7542A, cid=716, SUCCESS, logIndex=899, commits[b461a7b0-028a-4eb5-b268-b89ac225aff8:c899, b6ff45f5-67b8-463b-a273-c2e7d9dadd75:c895, 6a5cb75f-f7eb-4671-9a85-3b6f7898f6cc:c895]
2019-08-28 21:29:26,054 | INFO  | DNAudit | user=null | ip=null | op=WRITE_CHUNK {blockData=conID: 1 locID: 102696731549172126 bcsId: 895} | ret=SUCCESS |  
2019-08-28 21:29:26,054 | INFO  | DNAudit | user=null | ip=null | op=WRITE_CHUNK {blockData=conID: 1 locID: 102696731549172126 bcsId: 895} | ret=SUCCESS |  
2019-08-28 21:29:26,055 | INFO  | DNAudit | user=null | ip=null | op=PUT_BLOCK {blockData=[blockId=conID: 1 locID: 102696731549172126 bcsId: 0,size=4194304]} | ret=SUCCESS |  
2019-08-28 21:29:26,056 | INFO  | DNAudit | user=null | ip=null | op=PUT_BLOCK {blockData=[blockId=conID: 1 locID: 102696731549172126 bcsId: 0,size=4194304]} | ret=SUCCESS |  
2019-08-28 21:29:26,056 [grpc-default-executor-6] INFO  client.GrpcClientProtocolClient (GrpcClientProtocolClient.java:onNext(255)) - client-05DA20D107F8->b461a7b0-028a-4eb5-b268-b89ac225aff8: receive RaftClientReply:client-05DA20D107F8->b461a7b0-028a-4eb5-b268-b89ac225aff8@group-0C8C0AA7542A, cid=717, SUCCESS, logIndex=0, commits[b461a7b0-028a-4eb5-b268-b89ac225aff8:c901, b6ff45f5-67b8-463b-a273-c2e7d9dadd75:c899, 6a5cb75f-f7eb-4671-9a85-3b6f7898f6cc:c899]
2019-08-28 21:29:26,063 | INFO  | DNAudit | user=null | ip=null | op=WRITE_CHUNK {blockData=conID: 2 locID: 102696731549172127 bcsId: 0} | ret=SUCCESS |  
2019-08-28 21:29:26,067 | INFO  | DNAudit | user=null | ip=null | op=WRITE_CHUNK {blockData=conID: 2 locID: 102696731549172127 bcsId: 0} | ret=SUCCESS |  
2019-08-28 21:29:26,067 | INFO  | DNAudit | user=null | ip=null | op=WRITE_CHUNK {blockData=conID: 2 locID: 102696731549172127 bcsId: 0} | ret=SUCCESS |  
2019-08-28 21:29:26,067 | INFO  | DNAudit | user=null | ip=null | op=WRITE_CHUNK {blockData=conID: 2 locID: 102696731549172127 bcsId: 0} | ret=SUCCESS |  
2019-08-28 21:29:26,070 | INFO  | DNAudit | user=null | ip=null | op=WRITE_CHUNK {blockData=conID: 2 locID: 102696731549172127 bcsId: 0} | ret=SUCCESS |  
2019-08-28 21:29:26,070 | INFO  | DNAudit | user=null | ip=null | op=WRITE_CHUNK {blockData=conID: 2 locID: 102696731549172127 bcsId: 0} | ret=SUCCESS |  
2019-08-28 21:29:26,076 | INFO  | DNAudit | user=null | ip=null | op=WRITE_CHUNK {blockData=conID: 2 locID: 102696731549172127 bcsId: 0} | ret=SUCCESS |  
2019-08-28 21:29:26,076 | INFO  | DNAudit | user=null | ip=null | op=PUT_BLOCK {blockData=[blockId=conID: 2 locID: 102696731549172127 bcsId: 0,size=1048576]} | ret=SUCCESS |  
2019-08-28 21:29:26,077 | INFO  | DNAudit | user=null | ip=null | op=WRITE_CHUNK {blockData=conID: 2 locID: 102696731549172127 bcsId: 0} | ret=SUCCESS |  
2019-08-28 21:29:26,077 [grpc-default-executor-3] INFO  client.GrpcClientProtocolClient (GrpcClientProtocolClient.java:onNext(255)) - client-05DA20D107F8->b461a7b0-028a-4eb5-b268-b89ac225aff8: receive RaftClientReply:client-05DA20D107F8->b461a7b0-028a-4eb5-b268-b89ac225aff8@group-0C8C0AA7542A, cid=718, SUCCESS, logIndex=902, commits[b461a7b0-028a-4eb5-b268-b89ac225aff8:c903, b6ff45f5-67b8-463b-a273-c2e7d9dadd75:c901, 6a5cb75f-f7eb-4671-9a85-3b6f7898f6cc:c901]
2019-08-28 21:29:26,077 | INFO  | DNAudit | user=null | ip=null | op=PUT_BLOCK {blockData=[blockId=conID: 2 locID: 102696731549172127 bcsId: 0,size=2097152]} | ret=SUCCESS |  
2019-08-28 21:29:26,077 [grpc-default-executor-3] INFO  client.GrpcClientProtocolClient (GrpcClientProtocolClient.java:onNext(255)) - client-05DA20D107F8->b461a7b0-028a-4eb5-b268-b89ac225aff8: receive RaftClientReply:client-05DA20D107F8->b461a7b0-028a-4eb5-b268-b89ac225aff8@group-0C8C0AA7542A, cid=719, SUCCESS, logIndex=903, commits[b461a7b0-028a-4eb5-b268-b89ac225aff8:c903, b6ff45f5-67b8-463b-a273-c2e7d9dadd75:c901, 6a5cb75f-f7eb-4671-9a85-3b6f7898f6cc:c901]
2019-08-28 21:29:26,078 [grpc-default-executor-3] INFO  client.GrpcClientProtocolClient (GrpcClientProtocolClient.java:onNext(255)) - client-05DA20D107F8->b461a7b0-028a-4eb5-b268-b89ac225aff8: receive RaftClientReply:client-05DA20D107F8->b461a7b0-028a-4eb5-b268-b89ac225aff8@group-0C8C0AA7542A, cid=720, SUCCESS, logIndex=904, commits[b461a7b0-028a-4eb5-b268-b89ac225aff8:c905, b6ff45f5-67b8-463b-a273-c2e7d9dadd75:c901, 6a5cb75f-f7eb-4671-9a85-3b6f7898f6cc:c901]
2019-08-28 21:29:26,078 [grpc-default-executor-3] INFO  client.GrpcClientProtocolClient (GrpcClientProtocolClient.java:onNext(255)) - client-05DA20D107F8->b461a7b0-028a-4eb5-b268-b89ac225aff8: receive RaftClientReply:client-05DA20D107F8->b461a7b0-028a-4eb5-b268-b89ac225aff8@group-0C8C0AA7542A, cid=721, SUCCESS, logIndex=905, commits[b461a7b0-028a-4eb5-b268-b89ac225aff8:c905, b6ff45f5-67b8-463b-a273-c2e7d9dadd75:c901, 6a5cb75f-f7eb-4671-9a85-3b6f7898f6cc:c901]
 0.00% |█                                                                                                    |  0/1 Time: 0:00:022019-08-28 21:29:26,099 | INFO  | DNAudit | user=null | ip=null | op=WRITE_CHUNK {blockData=conID: 2 locID: 102696731549172127 bcsId: 0} | ret=SUCCESS |  
2019-08-28 21:29:26,099 | INFO  | DNAudit | user=null | ip=null | op=WRITE_CHUNK {blockData=conID: 2 locID: 102696731549172127 bcsId: 0} | ret=SUCCESS |  
2019-08-28 21:29:26,099 | INFO  | DNAudit | user=null | ip=null | op=PUT_BLOCK {blockData=[blockId=conID: 2 locID: 102696731549172127 bcsId: 0,size=1048576]} | ret=SUCCESS |  
2019-08-28 21:29:26,099 | INFO  | DNAudit | user=null | ip=null | op=PUT_BLOCK {blockData=[blockId=conID: 2 locID: 102696731549172127 bcsId: 0,size=1048576]} | ret=SUCCESS |  
2019-08-28 21:29:26,100 [grpc-default-executor-3] INFO  client.GrpcClientProtocolClient (GrpcClientProtocolClient.java:onNext(255)) - client-05DA20D107F8->b461a7b0-028a-4eb5-b268-b89ac225aff8: receive RaftClientReply:client-05DA20D107F8->b461a7b0-028a-4eb5-b268-b89ac225aff8@group-0C8C0AA7542A, cid=722, SUCCESS, logIndex=0, commits[b461a7b0-028a-4eb5-b268-b89ac225aff8:c906, b6ff45f5-67b8-463b-a273-c2e7d9dadd75:c903, 6a5cb75f-f7eb-4671-9a85-3b6f7898f6cc:c903]
2019-08-28 21:29:26,100 | INFO  | DNAudit | user=null | ip=null | op=WRITE_CHUNK {blockData=conID: 2 locID: 102696731549172127 bcsId: 0} | ret=SUCCESS |  
2019-08-28 21:29:26,100 | INFO  | DNAudit | user=null | ip=null | op=PUT_BLOCK {blockData=[blockId=conID: 2 locID: 102696731549172127 bcsId: 0,size=2097152]} | ret=SUCCESS |  
2019-08-28 21:29:26,101 | INFO  | DNAudit | user=null | ip=null | op=WRITE_CHUNK {blockData=conID: 2 locID: 102696731549172127 bcsId: 0} | ret=SUCCESS |  
2019-08-28 21:29:26,101 | INFO  | DNAudit | user=null | ip=null | op=PUT_BLOCK {blockData=[blockId=conID: 2 locID: 102696731549172127 bcsId: 0,size=2097152]} | ret=SUCCESS |  
2019-08-28 21:29:26,107 | INFO  | DNAudit | user=null | ip=null | op=WRITE_CHUNK {blockData=conID: 2 locID: 102696731549172127 bcsId: 905} | ret=SUCCESS |  
2019-08-28 21:29:26,110 | INFO  | DNAudit | user=null | ip=null | op=WRITE_CHUNK {blockData=conID: 2 locID: 102696731549172127 bcsId: 905} | ret=SUCCESS |  
2019-08-28 21:29:26,111 | INFO  | DNAudit | user=null | ip=null | op=WRITE_CHUNK {blockData=conID: 2 locID: 102696731549172127 bcsId: 905} | ret=SUCCESS |  
2019-08-28 21:29:26,125 | INFO  | DNAudit | user=null | ip=null | op=WRITE_CHUNK {blockData=conID: 2 locID: 102696731549172127 bcsId: 905} | ret=SUCCESS |  
2019-08-28 21:29:26,125 | INFO  | DNAudit | user=null | ip=null | op=PUT_BLOCK {blockData=[blockId=conID: 2 locID: 102696731549172127 bcsId: 0,size=3145728]} | ret=SUCCESS |  
2019-08-28 21:29:26,126 [grpc-default-executor-6] INFO  client.GrpcClientProtocolClient (GrpcClientProtocolClient.java:onNext(255)) - client-05DA20D107F8->b461a7b0-028a-4eb5-b268-b89ac225aff8: receive RaftClientReply:client-05DA20D107F8->b461a7b0-028a-4eb5-b268-b89ac225aff8@group-0C8C0AA7542A, cid=723, SUCCESS, logIndex=909, commits[b461a7b0-028a-4eb5-b268-b89ac225aff8:c910, b6ff45f5-67b8-463b-a273-c2e7d9dadd75:c908, 6a5cb75f-f7eb-4671-9a85-3b6f7898f6cc:c908]
2019-08-28 21:29:26,126 [grpc-default-executor-6] INFO  client.GrpcClientProtocolClient (GrpcClientProtocolClient.java:onNext(255)) - client-05DA20D107F8->b461a7b0-028a-4eb5-b268-b89ac225aff8: receive RaftClientReply:client-05DA20D107F8->b461a7b0-028a-4eb5-b268-b89ac225aff8@group-0C8C0AA7542A, cid=724, SUCCESS, logIndex=910, commits[b461a7b0-028a-4eb5-b268-b89ac225aff8:c910, b6ff45f5-67b8-463b-a273-c2e7d9dadd75:c908, 6a5cb75f-f7eb-4671-9a85-3b6f7898f6cc:c908]
2019-08-28 21:29:26,131 | INFO  | DNAudit | user=null | ip=null | op=WRITE_CHUNK {blockData=conID: 2 locID: 102696731549172127 bcsId: 905} | ret=SUCCESS |  
2019-08-28 21:29:26,131 | INFO  | DNAudit | user=null | ip=null | op=WRITE_CHUNK {blockData=conID: 2 locID: 102696731549172127 bcsId: 905} | ret=SUCCESS |  
2019-08-28 21:29:26,131 | INFO  | DNAudit | user=null | ip=null | op=PUT_BLOCK {blockData=[blockId=conID: 2 locID: 102696731549172127 bcsId: 0,size=3145728]} | ret=SUCCESS |  
2019-08-28 21:29:26,131 | INFO  | DNAudit | user=null | ip=null | op=PUT_BLOCK {blockData=[blockId=conID: 2 locID: 102696731549172127 bcsId: 0,size=3145728]} | ret=SUCCESS |  
2019-08-28 21:29:26,133 | INFO  | DNAudit | user=null | ip=null | op=WRITE_CHUNK {blockData=conID: 2 locID: 102696731549172127 bcsId: 910} | ret=SUCCESS |  
2019-08-28 21:29:26,137 | INFO  | DNAudit | user=null | ip=null | op=WRITE_CHUNK {blockData=conID: 2 locID: 102696731549172127 bcsId: 910} | ret=SUCCESS |  
2019-08-28 21:29:26,138 | INFO  | DNAudit | user=null | ip=null | op=WRITE_CHUNK {blockData=conID: 2 locID: 102696731549172127 bcsId: 910} | ret=SUCCESS |  
2019-08-28 21:29:26,153 | INFO  | DNAudit | user=null | ip=null | op=WRITE_CHUNK {blockData=conID: 2 locID: 102696731549172127 bcsId: 910} | ret=SUCCESS |  
2019-08-28 21:29:26,154 | INFO  | DNAudit | user=null | ip=null | op=PUT_BLOCK {blockData=[blockId=conID: 2 locID: 102696731549172127 bcsId: 0,size=4194304]} | ret=SUCCESS |  
2019-08-28 21:29:26,154 [grpc-default-executor-6] INFO  client.GrpcClientProtocolClient (GrpcClientProtocolClient.java:onNext(255)) - client-05DA20D107F8->b461a7b0-028a-4eb5-b268-b89ac225aff8: receive RaftClientReply:client-05DA20D107F8->b461a7b0-028a-4eb5-b268-b89ac225aff8@group-0C8C0AA7542A, cid=725, SUCCESS, logIndex=913, commits[b461a7b0-028a-4eb5-b268-b89ac225aff8:c914, b6ff45f5-67b8-463b-a273-c2e7d9dadd75:c911, 6a5cb75f-f7eb-4671-9a85-3b6f7898f6cc:c911]
2019-08-28 21:29:26,155 [grpc-default-executor-6] INFO  client.GrpcClientProtocolClient (GrpcClientProtocolClient.java:onNext(255)) - client-05DA20D107F8->b461a7b0-028a-4eb5-b268-b89ac225aff8: receive RaftClientReply:client-05DA20D107F8->b461a7b0-028a-4eb5-b268-b89ac225aff8@group-0C8C0AA7542A, cid=726, SUCCESS, logIndex=914, commits[b461a7b0-028a-4eb5-b268-b89ac225aff8:c914, b6ff45f5-67b8-463b-a273-c2e7d9dadd75:c911, 6a5cb75f-f7eb-4671-9a85-3b6f7898f6cc:c911]
2019-08-28 21:29:26,165 | INFO  | DNAudit | user=null | ip=null | op=WRITE_CHUNK {blockData=conID: 2 locID: 102696731549172127 bcsId: 910} | ret=SUCCESS |  
2019-08-28 21:29:26,165 | INFO  | DNAudit | user=null | ip=null | op=WRITE_CHUNK {blockData=conID: 2 locID: 102696731549172127 bcsId: 910} | ret=SUCCESS |  
2019-08-28 21:29:26,165 | INFO  | DNAudit | user=null | ip=null | op=PUT_BLOCK {blockData=[blockId=conID: 2 locID: 102696731549172127 bcsId: 0,size=4194304]} | ret=SUCCESS |  
2019-08-28 21:29:26,165 | INFO  | DNAudit | user=null | ip=null | op=PUT_BLOCK {blockData=[blockId=conID: 2 locID: 102696731549172127 bcsId: 0,size=4194304]} | ret=SUCCESS |  
2019-08-28 21:29:26,166 [grpc-default-executor-6] INFO  client.GrpcClientProtocolClient (GrpcClientProtocolClient.java:onNext(255)) - client-05DA20D107F8->b461a7b0-028a-4eb5-b268-b89ac225aff8: receive RaftClientReply:client-05DA20D107F8->b461a7b0-028a-4eb5-b268-b89ac225aff8@group-0C8C0AA7542A, cid=727, SUCCESS, logIndex=0, commits[b461a7b0-028a-4eb5-b268-b89ac225aff8:c915, b6ff45f5-67b8-463b-a273-c2e7d9dadd75:c914, 6a5cb75f-f7eb-4671-9a85-3b6f7898f6cc:c914]
2019-08-28 21:29:26,174 | INFO  | DNAudit | user=null | ip=null | op=WRITE_CHUNK {blockData=conID: 3 locID: 102696731549172128 bcsId: 0} | ret=SUCCESS |  
2019-08-28 21:29:26,178 | INFO  | DNAudit | user=null | ip=null | op=WRITE_CHUNK {blockData=conID: 3 locID: 102696731549172128 bcsId: 0} | ret=SUCCESS |  
2019-08-28 21:29:26,178 | INFO  | DNAudit | user=null | ip=null | op=WRITE_CHUNK {blockData=conID: 3 locID: 102696731549172128 bcsId: 0} | ret=SUCCESS |  
2019-08-28 21:29:26,178 | INFO  | DNAudit | user=null | ip=null | op=WRITE_CHUNK {blockData=conID: 3 locID: 102696731549172128 bcsId: 0} | ret=SUCCESS |  
2019-08-28 21:29:26,182 | INFO  | DNAudit | user=null | ip=null | op=WRITE_CHUNK {blockData=conID: 3 locID: 102696731549172128 bcsId: 0} | ret=SUCCESS |  
2019-08-28 21:29:26,182 | INFO  | DNAudit | user=null | ip=null | op=WRITE_CHUNK {blockData=conID: 3 locID: 102696731549172128 bcsId: 0} | ret=SUCCESS |  
2019-08-28 21:29:26,197 | INFO  | DNAudit | user=null | ip=null | op=WRITE_CHUNK {blockData=conID: 3 locID: 102696731549172128 bcsId: 0} | ret=SUCCESS |  
2019-08-28 21:29:26,198 | INFO  | DNAudit | user=null | ip=null | op=PUT_BLOCK {blockData=[blockId=conID: 3 locID: 102696731549172128 bcsId: 0,size=1048576]} | ret=SUCCESS |  
2019-08-28 21:29:26,198 | INFO  | DNAudit | user=null | ip=null | op=WRITE_CHUNK {blockData=conID: 3 locID: 102696731549172128 bcsId: 0} | ret=SUCCESS |  
2019-08-28 21:29:26,198 [grpc-default-executor-6] INFO  client.GrpcClientProtocolClient (GrpcClientProtocolClient.java:onNext(255)) - client-05DA20D107F8->b461a7b0-028a-4eb5-b268-b89ac225aff8: receive RaftClientReply:client-05DA20D107F8->b461a7b0-028a-4eb5-b268-b89ac225aff8@group-0C8C0AA7542A, cid=728, SUCCESS, logIndex=917, commits[b461a7b0-028a-4eb5-b268-b89ac225aff8:c918, b6ff45f5-67b8-463b-a273-c2e7d9dadd75:c916, 6a5cb75f-f7eb-4671-9a85-3b6f7898f6cc:c916]
2019-08-28 21:29:26,199 | INFO  | DNAudit | user=null | ip=null | op=PUT_BLOCK {blockData=[blockId=conID: 3 locID: 102696731549172128 bcsId: 0,size=2097152]} | ret=SUCCESS |  
2019-08-28 21:29:26,199 | INFO  | DNAudit | user=null | ip=null | op=WRITE_CHUNK {blockData=conID: 3 locID: 102696731549172128 bcsId: 0} | ret=SUCCESS |  
2019-08-28 21:29:26,199 [grpc-default-executor-6] INFO  client.GrpcClientProtocolClient (GrpcClientProtocolClient.java:onNext(255)) - client-05DA20D107F8->b461a7b0-028a-4eb5-b268-b89ac225aff8: receive RaftClientReply:client-05DA20D107F8->b461a7b0-028a-4eb5-b268-b89ac225aff8@group-0C8C0AA7542A, cid=729, SUCCESS, logIndex=918, commits[b461a7b0-028a-4eb5-b268-b89ac225aff8:c920, b6ff45f5-67b8-463b-a273-c2e7d9dadd75:c916, 6a5cb75f-f7eb-4671-9a85-3b6f7898f6cc:c916]
2019-08-28 21:29:26,199 | INFO  | DNAudit | user=null | ip=null | op=PUT_BLOCK {blockData=[blockId=conID: 3 locID: 102696731549172128 bcsId: 0,size=1048576]} | ret=SUCCESS |  
2019-08-28 21:29:26,200 | INFO  | DNAudit | user=null | ip=null | op=WRITE_CHUNK {blockData=conID: 3 locID: 102696731549172128 bcsId: 0} | ret=SUCCESS |  
2019-08-28 21:29:26,200 [grpc-default-executor-6] INFO  client.GrpcClientProtocolClient (GrpcClientProtocolClient.java:onNext(255)) - client-05DA20D107F8->b461a7b0-028a-4eb5-b268-b89ac225aff8: receive RaftClientReply:client-05DA20D107F8->b461a7b0-028a-4eb5-b268-b89ac225aff8@group-0C8C0AA7542A, cid=730, SUCCESS, logIndex=919, commits[b461a7b0-028a-4eb5-b268-b89ac225aff8:c920, b6ff45f5-67b8-463b-a273-c2e7d9dadd75:c916, 6a5cb75f-f7eb-4671-9a85-3b6f7898f6cc:c916]
2019-08-28 21:29:26,200 | INFO  | DNAudit | user=null | ip=null | op=PUT_BLOCK {blockData=[blockId=conID: 3 locID: 102696731549172128 bcsId: 0,size=1048576]} | ret=SUCCESS |  
2019-08-28 21:29:26,200 | INFO  | DNAudit | user=null | ip=null | op=WRITE_CHUNK {blockData=conID: 3 locID: 102696731549172128 bcsId: 0} | ret=SUCCESS |  
2019-08-28 21:29:26,200 [grpc-default-executor-6] INFO  client.GrpcClientProtocolClient (GrpcClientProtocolClient.java:onNext(255)) - client-05DA20D107F8->b461a7b0-028a-4eb5-b268-b89ac225aff8: receive RaftClientReply:client-05DA20D107F8->b461a7b0-028a-4eb5-b268-b89ac225aff8@group-0C8C0AA7542A, cid=731, SUCCESS, logIndex=920, commits[b461a7b0-028a-4eb5-b268-b89ac225aff8:c920, b6ff45f5-67b8-463b-a273-c2e7d9dadd75:c916, 6a5cb75f-f7eb-4671-9a85-3b6f7898f6cc:c916]
2019-08-28 21:29:26,200 | INFO  | DNAudit | user=null | ip=null | op=PUT_BLOCK {blockData=[blockId=conID: 3 locID: 102696731549172128 bcsId: 0,size=2097152]} | ret=SUCCESS |  
2019-08-28 21:29:26,201 | INFO  | DNAudit | user=null | ip=null | op=WRITE_CHUNK {blockData=conID: 3 locID: 102696731549172128 bcsId: 0} | ret=SUCCESS |  
2019-08-28 21:29:26,201 | INFO  | DNAudit | user=null | ip=null | op=PUT_BLOCK {blockData=[blockId=conID: 3 locID: 102696731549172128 bcsId: 0,size=2097152]} | ret=SUCCESS |  
2019-08-28 21:29:26,201 [grpc-default-executor-1] INFO  client.GrpcClientProtocolClient (GrpcClientProtocolClient.java:onNext(255)) - client-05DA20D107F8->b461a7b0-028a-4eb5-b268-b89ac225aff8: receive RaftClientReply:client-05DA20D107F8->b461a7b0-028a-4eb5-b268-b89ac225aff8@group-0C8C0AA7542A, cid=732, SUCCESS, logIndex=0, commits[b461a7b0-028a-4eb5-b268-b89ac225aff8:c924, b6ff45f5-67b8-463b-a273-c2e7d9dadd75:c918, 6a5cb75f-f7eb-4671-9a85-3b6f7898f6cc:c920]
2019-08-28 21:29:26,210 | INFO  | DNAudit | user=null | ip=null | op=WRITE_CHUNK {blockData=conID: 3 locID: 102696731549172128 bcsId: 920} | ret=SUCCESS |  
2019-08-28 21:29:26,213 | INFO  | DNAudit | user=null | ip=null | op=WRITE_CHUNK {blockData=conID: 3 locID: 102696731549172128 bcsId: 920} | ret=SUCCESS |  
2019-08-28 21:29:26,213 | INFO  | DNAudit | user=null | ip=null | op=WRITE_CHUNK {blockData=conID: 3 locID: 102696731549172128 bcsId: 920} | ret=SUCCESS |  
2019-08-28 21:29:26,239 | INFO  | DNAudit | user=null | ip=null | op=WRITE_CHUNK {blockData=conID: 3 locID: 102696731549172128 bcsId: 920} | ret=SUCCESS |  
2019-08-28 21:29:26,239 | INFO  | DNAudit | user=null | ip=null | op=PUT_BLOCK {blockData=[blockId=conID: 3 locID: 102696731549172128 bcsId: 0,size=3145728]} | ret=SUCCESS |  
2019-08-28 21:29:26,239 [grpc-default-executor-1] INFO  client.GrpcClientProtocolClient (GrpcClientProtocolClient.java:onNext(255)) - client-05DA20D107F8->b461a7b0-028a-4eb5-b268-b89ac225aff8: receive RaftClientReply:client-05DA20D107F8->b461a7b0-028a-4eb5-b268-b89ac225aff8@group-0C8C0AA7542A, cid=733, SUCCESS, logIndex=925, commits[b461a7b0-028a-4eb5-b268-b89ac225aff8:c926, b6ff45f5-67b8-463b-a273-c2e7d9dadd75:c924, 6a5cb75f-f7eb-4671-9a85-3b6f7898f6cc:c924]
2019-08-28 21:29:26,240 [grpc-default-executor-1] INFO  client.GrpcClientProtocolClient (GrpcClientProtocolClient.java:onNext(255)) - client-05DA20D107F8->b461a7b0-028a-4eb5-b268-b89ac225aff8: receive RaftClientReply:client-05DA20D107F8->b461a7b0-028a-4eb5-b268-b89ac225aff8@group-0C8C0AA7542A, cid=734, SUCCESS, logIndex=926, commits[b461a7b0-028a-4eb5-b268-b89ac225aff8:c926, b6ff45f5-67b8-463b-a273-c2e7d9dadd75:c924, 6a5cb75f-f7eb-4671-9a85-3b6f7898f6cc:c924]
2019-08-28 21:29:26,251 | INFO  | DNAudit | user=null | ip=null | op=WRITE_CHUNK {blockData=conID: 3 locID: 102696731549172128 bcsId: 926} | ret=SUCCESS |  
2019-08-28 21:29:26,254 | INFO  | DNAudit | user=null | ip=null | op=WRITE_CHUNK {blockData=conID: 3 locID: 102696731549172128 bcsId: 926} | ret=SUCCESS |  
2019-08-28 21:29:26,254 | INFO  | DNAudit | user=null | ip=null | op=WRITE_CHUNK {blockData=conID: 3 locID: 102696731549172128 bcsId: 926} | ret=SUCCESS |  
2019-08-28 21:29:26,258 | INFO  | DNAudit | user=null | ip=null | op=WRITE_CHUNK {blockData=conID: 3 locID: 102696731549172128 bcsId: 920} | ret=SUCCESS |  
2019-08-28 21:29:26,269 | INFO  | DNAudit | user=null | ip=null | op=WRITE_CHUNK {blockData=conID: 3 locID: 102696731549172128 bcsId: 920} | ret=SUCCESS |  
2019-08-28 21:29:26,271 | INFO  | DNAudit | user=null | ip=null | op=PUT_BLOCK {blockData=[blockId=conID: 3 locID: 102696731549172128 bcsId: 0,size=3145728]} | ret=SUCCESS |  
2019-08-28 21:29:26,271 | INFO  | DNAudit | user=null | ip=null | op=PUT_BLOCK {blockData=[blockId=conID: 3 locID: 102696731549172128 bcsId: 0,size=3145728]} | ret=SUCCESS |  
2019-08-28 21:29:26,272 | INFO  | DNAudit | user=null | ip=null | op=WRITE_CHUNK {blockData=conID: 3 locID: 102696731549172128 bcsId: 926} | ret=SUCCESS |  
2019-08-28 21:29:26,272 | INFO  | DNAudit | user=null | ip=null | op=PUT_BLOCK {blockData=[blockId=conID: 3 locID: 102696731549172128 bcsId: 0,size=4194304]} | ret=SUCCESS |  
2019-08-28 21:29:26,273 [grpc-default-executor-1] INFO  client.GrpcClientProtocolClient (GrpcClientProtocolClient.java:onNext(255)) - client-05DA20D107F8->b461a7b0-028a-4eb5-b268-b89ac225aff8: receive RaftClientReply:client-05DA20D107F8->b461a7b0-028a-4eb5-b268-b89ac225aff8@group-0C8C0AA7542A, cid=735, SUCCESS, logIndex=929, commits[b461a7b0-028a-4eb5-b268-b89ac225aff8:c929, b6ff45f5-67b8-463b-a273-c2e7d9dadd75:c926, 6a5cb75f-f7eb-4671-9a85-3b6f7898f6cc:c926]
2019-08-28 21:29:26,273 [grpc-default-executor-1] INFO  client.GrpcClientProtocolClient (GrpcClientProtocolClient.java:onNext(255)) - client-05DA20D107F8->b461a7b0-028a-4eb5-b268-b89ac225aff8: receive RaftClientReply:client-05DA20D107F8->b461a7b0-028a-4eb5-b268-b89ac225aff8@group-0C8C0AA7542A, cid=736, SUCCESS, logIndex=930, commits[b461a7b0-028a-4eb5-b268-b89ac225aff8:c930, b6ff45f5-67b8-463b-a273-c2e7d9dadd75:c926, 6a5cb75f-f7eb-4671-9a85-3b6f7898f6cc:c926]
2019-08-28 21:29:26,276 | INFO  | DNAudit | user=null | ip=null | op=WRITE_CHUNK {blockData=conID: 3 locID: 102696731549172128 bcsId: 926} | ret=SUCCESS |  
2019-08-28 21:29:26,276 | INFO  | DNAudit | user=null | ip=null | op=WRITE_CHUNK {blockData=conID: 3 locID: 102696731549172128 bcsId: 926} | ret=SUCCESS |  
2019-08-28 21:29:26,277 | INFO  | DNAudit | user=null | ip=null | op=PUT_BLOCK {blockData=[blockId=conID: 3 locID: 102696731549172128 bcsId: 0,size=4194304]} | ret=SUCCESS |  
2019-08-28 21:29:26,278 | INFO  | DNAudit | user=null | ip=null | op=PUT_BLOCK {blockData=[blockId=conID: 3 locID: 102696731549172128 bcsId: 0,size=4194304]} | ret=SUCCESS |  
2019-08-28 21:29:26,279 [grpc-default-executor-1] INFO  client.GrpcClientProtocolClient (GrpcClientProtocolClient.java:onNext(255)) - client-05DA20D107F8->b461a7b0-028a-4eb5-b268-b89ac225aff8: receive RaftClientReply:client-05DA20D107F8->b461a7b0-028a-4eb5-b268-b89ac225aff8@group-0C8C0AA7542A, cid=737, SUCCESS, logIndex=0, commits[b461a7b0-028a-4eb5-b268-b89ac225aff8:c932, b6ff45f5-67b8-463b-a273-c2e7d9dadd75:c930, 6a5cb75f-f7eb-4671-9a85-3b6f7898f6cc:c930]
2019-08-28 21:29:26,289 | INFO  | DNAudit | user=null | ip=null | op=WRITE_CHUNK {blockData=conID: 1 locID: 102696731549172129 bcsId: 0} | ret=SUCCESS |  
2019-08-28 21:29:26,292 | INFO  | DNAudit | user=null | ip=null | op=WRITE_CHUNK {blockData=conID: 1 locID: 102696731549172129 bcsId: 0} | ret=SUCCESS |  
2019-08-28 21:29:26,292 | INFO  | DNAudit | user=null | ip=null | op=WRITE_CHUNK {blockData=conID: 1 locID: 102696731549172129 bcsId: 0} | ret=SUCCESS |  
2019-08-28 21:29:26,293 | INFO  | DNAudit | user=null | ip=null | op=WRITE_CHUNK {blockData=conID: 1 locID: 102696731549172129 bcsId: 0} | ret=SUCCESS |  
2019-08-28 21:29:26,294 | INFO  | DNAudit | user=null | ip=null | op=WRITE_CHUNK {blockData=conID: 1 locID: 102696731549172129 bcsId: 0} | ret=SUCCESS |  
2019-08-28 21:29:26,295 | INFO  | DNAudit | user=null | ip=null | op=WRITE_CHUNK {blockData=conID: 1 locID: 102696731549172129 bcsId: 0} | ret=SUCCESS |  
2019-08-28 21:29:26,309 | INFO  | DNAudit | user=null | ip=null | op=WRITE_CHUNK {blockData=conID: 1 locID: 102696731549172129 bcsId: 0} | ret=SUCCESS |  
2019-08-28 21:29:26,310 | INFO  | DNAudit | user=null | ip=null | op=PUT_BLOCK {blockData=[blockId=conID: 1 locID: 102696731549172129 bcsId: 0,size=1048576]} | ret=SUCCESS |  
2019-08-28 21:29:26,310 [grpc-default-executor-6] INFO  client.GrpcClientProtocolClient (GrpcClientProtocolClient.java:onNext(255)) - client-05DA20D107F8->b461a7b0-028a-4eb5-b268-b89ac225aff8: receive RaftClientReply:client-05DA20D107F8->b461a7b0-028a-4eb5-b268-b89ac225aff8@group-0C8C0AA7542A, cid=738, SUCCESS, logIndex=933, commits[b461a7b0-028a-4eb5-b268-b89ac225aff8:c934, b6ff45f5-67b8-463b-a273-c2e7d9dadd75:c932, 6a5cb75f-f7eb-4671-9a85-3b6f7898f6cc:c932]
2019-08-28 21:29:26,311 | INFO  | DNAudit | user=null | ip=null | op=WRITE_CHUNK {blockData=conID: 1 locID: 102696731549172129 bcsId: 0} | ret=SUCCESS |  
2019-08-28 21:29:26,311 [grpc-default-executor-6] INFO  client.GrpcClientProtocolClient (GrpcClientProtocolClient.java:onNext(255)) - client-05DA20D107F8->b461a7b0-028a-4eb5-b268-b89ac225aff8: receive RaftClientReply:client-05DA20D107F8->b461a7b0-028a-4eb5-b268-b89ac225aff8@group-0C8C0AA7542A, cid=739, SUCCESS, logIndex=934, commits[b461a7b0-028a-4eb5-b268-b89ac225aff8:c936, b6ff45f5-67b8-463b-a273-c2e7d9dadd75:c932, 6a5cb75f-f7eb-4671-9a85-3b6f7898f6cc:c932]
2019-08-28 21:29:26,311 | INFO  | DNAudit | user=null | ip=null | op=PUT_BLOCK {blockData=[blockId=conID: 1 locID: 102696731549172129 bcsId: 0,size=2097152]} | ret=SUCCESS |  
2019-08-28 21:29:26,311 [grpc-default-executor-6] INFO  client.GrpcClientProtocolClient (GrpcClientProtocolClient.java:onNext(255)) - client-05DA20D107F8->b461a7b0-028a-4eb5-b268-b89ac225aff8: receive RaftClientReply:client-05DA20D107F8->b461a7b0-028a-4eb5-b268-b89ac225aff8@group-0C8C0AA7542A, cid=740, SUCCESS, logIndex=935, commits[b461a7b0-028a-4eb5-b268-b89ac225aff8:c936, b6ff45f5-67b8-463b-a273-c2e7d9dadd75:c932, 6a5cb75f-f7eb-4671-9a85-3b6f7898f6cc:c932]
2019-08-28 21:29:26,312 [grpc-default-executor-6] INFO  client.GrpcClientProtocolClient (GrpcClientProtocolClient.java:onNext(255)) - client-05DA20D107F8->b461a7b0-028a-4eb5-b268-b89ac225aff8: receive RaftClientReply:client-05DA20D107F8->b461a7b0-028a-4eb5-b268-b89ac225aff8@group-0C8C0AA7542A, cid=741, SUCCESS, logIndex=936, commits[b461a7b0-028a-4eb5-b268-b89ac225aff8:c936, b6ff45f5-67b8-463b-a273-c2e7d9dadd75:c932, 6a5cb75f-f7eb-4671-9a85-3b6f7898f6cc:c932]
2019-08-28 21:29:26,332 | INFO  | DNAudit | user=null | ip=null | op=WRITE_CHUNK {blockData=conID: 1 locID: 102696731549172129 bcsId: 0} | ret=SUCCESS |  
2019-08-28 21:29:26,333 | INFO  | DNAudit | user=null | ip=null | op=WRITE_CHUNK {blockData=conID: 1 locID: 102696731549172129 bcsId: 0} | ret=SUCCESS |  
2019-08-28 21:29:26,333 | INFO  | DNAudit | user=null | ip=null | op=PUT_BLOCK {blockData=[blockId=conID: 1 locID: 102696731549172129 bcsId: 0,size=1048576]} | ret=SUCCESS |  
2019-08-28 21:29:26,333 | INFO  | DNAudit | user=null | ip=null | op=PUT_BLOCK {blockData=[blockId=conID: 1 locID: 102696731549172129 bcsId: 0,size=1048576]} | ret=SUCCESS |  
2019-08-28 21:29:26,333 | INFO  | DNAudit | user=null | ip=null | op=WRITE_CHUNK {blockData=conID: 1 locID: 102696731549172129 bcsId: 0} | ret=SUCCESS |  
2019-08-28 21:29:26,334 | INFO  | DNAudit | user=null | ip=null | op=WRITE_CHUNK {blockData=conID: 1 locID: 102696731549172129 bcsId: 0} | ret=SUCCESS |  
2019-08-28 21:29:26,334 | INFO  | DNAudit | user=null | ip=null | op=PUT_BLOCK {blockData=[blockId=conID: 1 locID: 102696731549172129 bcsId: 0,size=2097152]} | ret=SUCCESS |  
2019-08-28 21:29:26,334 | INFO  | DNAudit | user=null | ip=null | op=PUT_BLOCK {blockData=[blockId=conID: 1 locID: 102696731549172129 bcsId: 0,size=2097152]} | ret=SUCCESS |  
2019-08-28 21:29:26,334 [grpc-default-executor-6] INFO  client.GrpcClientProtocolClient (GrpcClientProtocolClient.java:onNext(255)) - client-05DA20D107F8->b461a7b0-028a-4eb5-b268-b89ac225aff8: receive RaftClientReply:client-05DA20D107F8->b461a7b0-028a-4eb5-b268-b89ac225aff8@group-0C8C0AA7542A, cid=742, SUCCESS, logIndex=0, commits[b461a7b0-028a-4eb5-b268-b89ac225aff8:c939, b6ff45f5-67b8-463b-a273-c2e7d9dadd75:c936, 6a5cb75f-f7eb-4671-9a85-3b6f7898f6cc:c934]
2019-08-28 21:29:26,343 | INFO  | DNAudit | user=null | ip=null | op=WRITE_CHUNK {blockData=conID: 1 locID: 102696731549172129 bcsId: 936} | ret=SUCCESS |  
2019-08-28 21:29:26,346 | INFO  | DNAudit | user=null | ip=null | op=WRITE_CHUNK {blockData=conID: 1 locID: 102696731549172129 bcsId: 936} | ret=SUCCESS |  
2019-08-28 21:29:26,348 | INFO  | DNAudit | user=null | ip=null | op=WRITE_CHUNK {blockData=conID: 1 locID: 102696731549172129 bcsId: 936} | ret=SUCCESS |  
2019-08-28 21:29:26,353 | INFO  | DNAudit | user=null | ip=null | op=WRITE_CHUNK {blockData=conID: 1 locID: 102696731549172129 bcsId: 936} | ret=SUCCESS |  
2019-08-28 21:29:26,353 | INFO  | DNAudit | user=null | ip=null | op=PUT_BLOCK {blockData=[blockId=conID: 1 locID: 102696731549172129 bcsId: 0,size=3145728]} | ret=SUCCESS |  
2019-08-28 21:29:26,353 [grpc-default-executor-2] INFO  client.GrpcClientProtocolClient (GrpcClientProtocolClient.java:onNext(255)) - client-05DA20D107F8->b461a7b0-028a-4eb5-b268-b89ac225aff8: receive RaftClientReply:client-05DA20D107F8->b461a7b0-028a-4eb5-b268-b89ac225aff8@group-0C8C0AA7542A, cid=743, SUCCESS, logIndex=940, commits[b461a7b0-028a-4eb5-b268-b89ac225aff8:c941, b6ff45f5-67b8-463b-a273-c2e7d9dadd75:c939, 6a5cb75f-f7eb-4671-9a85-3b6f7898f6cc:c939]
2019-08-28 21:29:26,354 [grpc-default-executor-2] INFO  client.GrpcClientProtocolClient (GrpcClientProtocolClient.java:onNext(255)) - client-05DA20D107F8->b461a7b0-028a-4eb5-b268-b89ac225aff8: receive RaftClientReply:client-05DA20D107F8->b461a7b0-028a-4eb5-b268-b89ac225aff8@group-0C8C0AA7542A, cid=744, SUCCESS, logIndex=941, commits[b461a7b0-028a-4eb5-b268-b89ac225aff8:c941, b6ff45f5-67b8-463b-a273-c2e7d9dadd75:c939, 6a5cb75f-f7eb-4671-9a85-3b6f7898f6cc:c939]
2019-08-28 21:29:26,364 | INFO  | DNAudit | user=null | ip=null | op=WRITE_CHUNK {blockData=conID: 1 locID: 102696731549172129 bcsId: 941} | ret=SUCCESS |  
2019-08-28 21:29:26,367 | INFO  | DNAudit | user=null | ip=null | op=WRITE_CHUNK {blockData=conID: 1 locID: 102696731549172129 bcsId: 941} | ret=SUCCESS |  
2019-08-28 21:29:26,368 | INFO  | DNAudit | user=null | ip=null | op=WRITE_CHUNK {blockData=conID: 1 locID: 102696731549172129 bcsId: 941} | ret=SUCCESS |  
2019-08-28 21:29:26,372 | INFO  | DNAudit | user=null | ip=null | op=WRITE_CHUNK {blockData=conID: 1 locID: 102696731549172129 bcsId: 936} | ret=SUCCESS |  
2019-08-28 21:29:26,372 | INFO  | DNAudit | user=null | ip=null | op=WRITE_CHUNK {blockData=conID: 1 locID: 102696731549172129 bcsId: 936} | ret=SUCCESS |  
2019-08-28 21:29:26,373 | INFO  | DNAudit | user=null | ip=null | op=PUT_BLOCK {blockData=[blockId=conID: 1 locID: 102696731549172129 bcsId: 0,size=3145728]} | ret=SUCCESS |  
2019-08-28 21:29:26,373 | INFO  | DNAudit | user=null | ip=null | op=PUT_BLOCK {blockData=[blockId=conID: 1 locID: 102696731549172129 bcsId: 0,size=3145728]} | ret=SUCCESS |  
2019-08-28 21:29:26,374 | INFO  | DNAudit | user=null | ip=null | op=WRITE_CHUNK {blockData=conID: 1 locID: 102696731549172129 bcsId: 941} | ret=SUCCESS |  
2019-08-28 21:29:26,375 | INFO  | DNAudit | user=null | ip=null | op=PUT_BLOCK {blockData=[blockId=conID: 1 locID: 102696731549172129 bcsId: 0,size=4194304]} | ret=SUCCESS |  
2019-08-28 21:29:26,375 [grpc-default-executor-2] INFO  client.GrpcClientProtocolClient (GrpcClientProtocolClient.java:onNext(255)) - client-05DA20D107F8->b461a7b0-028a-4eb5-b268-b89ac225aff8: receive RaftClientReply:client-05DA20D107F8->b461a7b0-028a-4eb5-b268-b89ac225aff8@group-0C8C0AA7542A, cid=745, SUCCESS, logIndex=944, commits[b461a7b0-028a-4eb5-b268-b89ac225aff8:c944, b6ff45f5-67b8-463b-a273-c2e7d9dadd75:c941, 6a5cb75f-f7eb-4671-9a85-3b6f7898f6cc:c941]
2019-08-28 21:29:26,376 [grpc-default-executor-2] INFO  client.GrpcClientProtocolClient (GrpcClientProtocolClient.java:onNext(255)) - client-05DA20D107F8->b461a7b0-028a-4eb5-b268-b89ac225aff8: receive RaftClientReply:client-05DA20D107F8->b461a7b0-028a-4eb5-b268-b89ac225aff8@group-0C8C0AA7542A, cid=746, SUCCESS, logIndex=945, commits[b461a7b0-028a-4eb5-b268-b89ac225aff8:c945, b6ff45f5-67b8-463b-a273-c2e7d9dadd75:c941, 6a5cb75f-f7eb-4671-9a85-3b6f7898f6cc:c941]
2019-08-28 21:29:26,383 | INFO  | SCMAudit | user=jenkins1000 | ip=192.168.36.107 | op=SEND_HEARTBEAT {datanodeUUID=af4986ea-80d8-4c92-96d2-2b3929a4248a, command=[]} | ret=SUCCESS |  
2019-08-28 21:29:26,383 | INFO  | SCMAudit | user=jenkins1000 | ip=192.168.36.107 | op=SEND_HEARTBEAT {datanodeUUID=68f89a68-6a96-4cde-8528-8617611d459d, command=[]} | ret=SUCCESS |  
2019-08-28 21:29:26,392 | INFO  | DNAudit | user=null | ip=null | op=WRITE_CHUNK {blockData=conID: 1 locID: 102696731549172129 bcsId: 941} | ret=SUCCESS |  
2019-08-28 21:29:26,392 | INFO  | DNAudit | user=null | ip=null | op=WRITE_CHUNK {blockData=conID: 1 locID: 102696731549172129 bcsId: 941} | ret=SUCCESS |  
2019-08-28 21:29:26,393 | INFO  | DNAudit | user=null | ip=null | op=PUT_BLOCK {blockData=[blockId=conID: 1 locID: 102696731549172129 bcsId: 0,size=4194304]} | ret=SUCCESS |  
2019-08-28 21:29:26,393 | INFO  | DNAudit | user=null | ip=null | op=PUT_BLOCK {blockData=[blockId=conID: 1 locID: 102696731549172129 bcsId: 0,size=4194304]} | ret=SUCCESS |  
2019-08-28 21:29:26,394 [grpc-default-executor-2] INFO  client.GrpcClientProtocolClient (GrpcClientProtocolClient.java:onNext(255)) - client-05DA20D107F8->b461a7b0-028a-4eb5-b268-b89ac225aff8: receive RaftClientReply:client-05DA20D107F8->b461a7b0-028a-4eb5-b268-b89ac225aff8@group-0C8C0AA7542A, cid=747, SUCCESS, logIndex=0, commits[b461a7b0-028a-4eb5-b268-b89ac225aff8:c947, b6ff45f5-67b8-463b-a273-c2e7d9dadd75:c945, 6a5cb75f-f7eb-4671-9a85-3b6f7898f6cc:c945]
2019-08-28 21:29:26,403 | INFO  | DNAudit | user=null | ip=null | op=WRITE_CHUNK {blockData=conID: 2 locID: 102696731549172130 bcsId: 0} | ret=SUCCESS |  
2019-08-28 21:29:26,405 | INFO  | DNAudit | user=null | ip=null | op=WRITE_CHUNK {blockData=conID: 2 locID: 102696731549172130 bcsId: 0} | ret=SUCCESS |  
2019-08-28 21:29:26,405 | INFO  | DNAudit | user=null | ip=null | op=WRITE_CHUNK {blockData=conID: 2 locID: 102696731549172130 bcsId: 0} | ret=SUCCESS |  
2019-08-28 21:29:26,406 | INFO  | DNAudit | user=null | ip=null | op=WRITE_CHUNK {blockData=conID: 2 locID: 102696731549172130 bcsId: 0} | ret=SUCCESS |  
2019-08-28 21:29:26,409 | INFO  | DNAudit | user=null | ip=null | op=WRITE_CHUNK {blockData=conID: 2 locID: 102696731549172130 bcsId: 0} | ret=SUCCESS |  
2019-08-28 21:29:26,409 | INFO  | DNAudit | user=null | ip=null | op=WRITE_CHUNK {blockData=conID: 2 locID: 102696731549172130 bcsId: 0} | ret=SUCCESS |  
2019-08-28 21:29:26,413 | INFO  | DNAudit | user=null | ip=null | op=WRITE_CHUNK {blockData=conID: 2 locID: 102696731549172130 bcsId: 0} | ret=SUCCESS |  
2019-08-28 21:29:26,413 | INFO  | DNAudit | user=null | ip=null | op=PUT_BLOCK {blockData=[blockId=conID: 2 locID: 102696731549172130 bcsId: 0,size=1048576]} | ret=SUCCESS |  
2019-08-28 21:29:26,414 [grpc-default-executor-2] INFO  client.GrpcClientProtocolClient (GrpcClientProtocolClient.java:onNext(255)) - client-05DA20D107F8->b461a7b0-028a-4eb5-b268-b89ac225aff8: receive RaftClientReply:client-05DA20D107F8->b461a7b0-028a-4eb5-b268-b89ac225aff8@group-0C8C0AA7542A, cid=748, SUCCESS, logIndex=948, commits[b461a7b0-028a-4eb5-b268-b89ac225aff8:c949, b6ff45f5-67b8-463b-a273-c2e7d9dadd75:c947, 6a5cb75f-f7eb-4671-9a85-3b6f7898f6cc:c947]
2019-08-28 21:29:26,414 [grpc-default-executor-2] INFO  client.GrpcClientProtocolClient (GrpcClientProtocolClient.java:onNext(255)) - client-05DA20D107F8->b461a7b0-028a-4eb5-b268-b89ac225aff8: receive RaftClientReply:client-05DA20D107F8->b461a7b0-028a-4eb5-b268-b89ac225aff8@group-0C8C0AA7542A, cid=749, SUCCESS, logIndex=949, commits[b461a7b0-028a-4eb5-b268-b89ac225aff8:c949, b6ff45f5-67b8-463b-a273-c2e7d9dadd75:c947, 6a5cb75f-f7eb-4671-9a85-3b6f7898f6cc:c947]
2019-08-28 21:29:26,415 | INFO  | DNAudit | user=null | ip=null | op=WRITE_CHUNK {blockData=conID: 2 locID: 102696731549172130 bcsId: 0} | ret=SUCCESS |  
2019-08-28 21:29:26,415 | INFO  | DNAudit | user=null | ip=null | op=PUT_BLOCK {blockData=[blockId=conID: 2 locID: 102696731549172130 bcsId: 0,size=2097152]} | ret=SUCCESS |  
2019-08-28 21:29:26,415 [grpc-default-executor-6] INFO  client.GrpcClientProtocolClient (GrpcClientProtocolClient.java:onNext(255)) - client-05DA20D107F8->b461a7b0-028a-4eb5-b268-b89ac225aff8: receive RaftClientReply:client-05DA20D107F8->b461a7b0-028a-4eb5-b268-b89ac225aff8@group-0C8C0AA7542A, cid=750, SUCCESS, logIndex=950, commits[b461a7b0-028a-4eb5-b268-b89ac225aff8:c951, b6ff45f5-67b8-463b-a273-c2e7d9dadd75:c947, 6a5cb75f-f7eb-4671-9a85-3b6f7898f6cc:c947]
2019-08-28 21:29:26,416 | INFO  | DNAudit | user=null | ip=null | op=WRITE_CHUNK {blockData=conID: 2 locID: 102696731549172130 bcsId: 0} | ret=SUCCESS |  
2019-08-28 21:29:26,416 | INFO  | DNAudit | user=null | ip=null | op=WRITE_CHUNK {blockData=conID: 2 locID: 102696731549172130 bcsId: 0} | ret=SUCCESS |  
2019-08-28 21:29:26,416 | INFO  | DNAudit | user=null | ip=null | op=PUT_BLOCK {blockData=[blockId=conID: 2 locID: 102696731549172130 bcsId: 0,size=1048576]} | ret=SUCCESS |  
2019-08-28 21:29:26,416 [grpc-default-executor-6] INFO  client.GrpcClientProtocolClient (GrpcClientProtocolClient.java:onNext(255)) - client-05DA20D107F8->b461a7b0-028a-4eb5-b268-b89ac225aff8: receive RaftClientReply:client-05DA20D107F8->b461a7b0-028a-4eb5-b268-b89ac225aff8@group-0C8C0AA7542A, cid=751, SUCCESS, logIndex=951, commits[b461a7b0-028a-4eb5-b268-b89ac225aff8:c951, b6ff45f5-67b8-463b-a273-c2e7d9dadd75:c947, 6a5cb75f-f7eb-4671-9a85-3b6f7898f6cc:c947]
2019-08-28 21:29:26,416 | INFO  | DNAudit | user=null | ip=null | op=PUT_BLOCK {blockData=[blockId=conID: 2 locID: 102696731549172130 bcsId: 0,size=1048576]} | ret=SUCCESS |  
2019-08-28 21:29:26,417 [grpc-default-executor-2] INFO  client.GrpcClientProtocolClient (GrpcClientProtocolClient.java:onNext(255)) - client-05DA20D107F8->b461a7b0-028a-4eb5-b268-b89ac225aff8: receive RaftClientReply:client-05DA20D107F8->b461a7b0-028a-4eb5-b268-b89ac225aff8@group-0C8C0AA7542A, cid=752, SUCCESS, logIndex=0, commits[b461a7b0-028a-4eb5-b268-b89ac225aff8:c953, b6ff45f5-67b8-463b-a273-c2e7d9dadd75:c949, 6a5cb75f-f7eb-4671-9a85-3b6f7898f6cc:c949]
2019-08-28 21:29:26,424 | INFO  | DNAudit | user=null | ip=null | op=WRITE_CHUNK {blockData=conID: 2 locID: 102696731549172130 bcsId: 951} | ret=SUCCESS |  
2019-08-28 21:29:26,426 | INFO  | DNAudit | user=null | ip=null | op=WRITE_CHUNK {blockData=conID: 2 locID: 102696731549172130 bcsId: 951} | ret=SUCCESS |  
2019-08-28 21:29:26,427 | INFO  | DNAudit | user=null | ip=null | op=WRITE_CHUNK {blockData=conID: 2 locID: 102696731549172130 bcsId: 951} | ret=SUCCESS |  
2019-08-28 21:29:26,438 | INFO  | DNAudit | user=null | ip=null | op=WRITE_CHUNK {blockData=conID: 2 locID: 102696731549172130 bcsId: 0} | ret=SUCCESS |  
2019-08-28 21:29:26,438 | INFO  | DNAudit | user=null | ip=null | op=PUT_BLOCK {blockData=[blockId=conID: 2 locID: 102696731549172130 bcsId: 0,size=2097152]} | ret=SUCCESS |  
2019-08-28 21:29:26,438 | INFO  | DNAudit | user=null | ip=null | op=WRITE_CHUNK {blockData=conID: 2 locID: 102696731549172130 bcsId: 0} | ret=SUCCESS |  
2019-08-28 21:29:26,439 | INFO  | DNAudit | user=null | ip=null | op=PUT_BLOCK {blockData=[blockId=conID: 2 locID: 102696731549172130 bcsId: 0,size=2097152]} | ret=SUCCESS |  
2019-08-28 21:29:26,441 | INFO  | DNAudit | user=null | ip=null | op=WRITE_CHUNK {blockData=conID: 2 locID: 102696731549172130 bcsId: 951} | ret=SUCCESS |  
2019-08-28 21:29:26,441 | INFO  | DNAudit | user=null | ip=null | op=PUT_BLOCK {blockData=[blockId=conID: 2 locID: 102696731549172130 bcsId: 0,size=3145728]} | ret=SUCCESS |  
2019-08-28 21:29:26,442 [grpc-default-executor-2] INFO  client.GrpcClientProtocolClient (GrpcClientProtocolClient.java:onNext(255)) - client-05DA20D107F8->b461a7b0-028a-4eb5-b268-b89ac225aff8: receive RaftClientReply:client-05DA20D107F8->b461a7b0-028a-4eb5-b268-b89ac225aff8@group-0C8C0AA7542A, cid=753, SUCCESS, logIndex=956, commits[b461a7b0-028a-4eb5-b268-b89ac225aff8:c957, b6ff45f5-67b8-463b-a273-c2e7d9dadd75:c953, 6a5cb75f-f7eb-4671-9a85-3b6f7898f6cc:c953]
2019-08-28 21:29:26,442 [grpc-default-executor-2] INFO  client.GrpcClientProtocolClient (GrpcClientProtocolClient.java:onNext(255)) - client-05DA20D107F8->b461a7b0-028a-4eb5-b268-b89ac225aff8: receive RaftClientReply:client-05DA20D107F8->b461a7b0-028a-4eb5-b268-b89ac225aff8@group-0C8C0AA7542A, cid=754, SUCCESS, logIndex=957, commits[b461a7b0-028a-4eb5-b268-b89ac225aff8:c957, b6ff45f5-67b8-463b-a273-c2e7d9dadd75:c953, 6a5cb75f-f7eb-4671-9a85-3b6f7898f6cc:c953]
2019-08-28 21:29:26,449 | INFO  | DNAudit | user=null | ip=null | op=WRITE_CHUNK {blockData=conID: 2 locID: 102696731549172130 bcsId: 957} | ret=SUCCESS |  
2019-08-28 21:29:26,452 | INFO  | DNAudit | user=null | ip=null | op=WRITE_CHUNK {blockData=conID: 2 locID: 102696731549172130 bcsId: 957} | ret=SUCCESS |  
2019-08-28 21:29:26,453 | INFO  | DNAudit | user=null | ip=null | op=WRITE_CHUNK {blockData=conID: 2 locID: 102696731549172130 bcsId: 957} | ret=SUCCESS |  
2019-08-28 21:29:26,469 | INFO  | DNAudit | user=null | ip=null | op=WRITE_CHUNK {blockData=conID: 2 locID: 102696731549172130 bcsId: 951} | ret=SUCCESS |  
2019-08-28 21:29:26,470 | INFO  | DNAudit | user=null | ip=null | op=WRITE_CHUNK {blockData=conID: 2 locID: 102696731549172130 bcsId: 951} | ret=SUCCESS |  
2019-08-28 21:29:26,481 | INFO  | DNAudit | user=null | ip=null | op=PUT_BLOCK {blockData=[blockId=conID: 2 locID: 102696731549172130 bcsId: 0,size=3145728]} | ret=SUCCESS |  
2019-08-28 21:29:26,482 | INFO  | DNAudit | user=null | ip=null | op=PUT_BLOCK {blockData=[blockId=conID: 2 locID: 102696731549172130 bcsId: 0,size=3145728]} | ret=SUCCESS |  
2019-08-28 21:29:26,482 | INFO  | DNAudit | user=null | ip=null | op=WRITE_CHUNK {blockData=conID: 2 locID: 102696731549172130 bcsId: 957} | ret=SUCCESS |  
2019-08-28 21:29:26,482 | INFO  | DNAudit | user=null | ip=null | op=PUT_BLOCK {blockData=[blockId=conID: 2 locID: 102696731549172130 bcsId: 0,size=4194304]} | ret=SUCCESS |  
2019-08-28 21:29:26,482 [grpc-default-executor-5] INFO  client.GrpcClientProtocolClient (GrpcClientProtocolClient.java:onNext(255)) - client-05DA20D107F8->b461a7b0-028a-4eb5-b268-b89ac225aff8: receive RaftClientReply:client-05DA20D107F8->b461a7b0-028a-4eb5-b268-b89ac225aff8@group-0C8C0AA7542A, cid=755, SUCCESS, logIndex=960, commits[b461a7b0-028a-4eb5-b268-b89ac225aff8:c961, b6ff45f5-67b8-463b-a273-c2e7d9dadd75:c957, 6a5cb75f-f7eb-4671-9a85-3b6f7898f6cc:c957]
2019-08-28 21:29:26,483 [grpc-default-executor-5] INFO  client.GrpcClientProtocolClient (GrpcClientProtocolClient.java:onNext(255)) - client-05DA20D107F8->b461a7b0-028a-4eb5-b268-b89ac225aff8: receive RaftClientReply:client-05DA20D107F8->b461a7b0-028a-4eb5-b268-b89ac225aff8@group-0C8C0AA7542A, cid=756, SUCCESS, logIndex=961, commits[b461a7b0-028a-4eb5-b268-b89ac225aff8:c961, b6ff45f5-67b8-463b-a273-c2e7d9dadd75:c957, 6a5cb75f-f7eb-4671-9a85-3b6f7898f6cc:c957]
2019-08-28 21:29:26,505 | INFO  | DNAudit | user=null | ip=null | op=WRITE_CHUNK {blockData=conID: 2 locID: 102696731549172130 bcsId: 957} | ret=SUCCESS |  
2019-08-28 21:29:26,505 | INFO  | DNAudit | user=null | ip=null | op=WRITE_CHUNK {blockData=conID: 2 locID: 102696731549172130 bcsId: 957} | ret=SUCCESS |  
2019-08-28 21:29:26,505 | INFO  | DNAudit | user=null | ip=null | op=PUT_BLOCK {blockData=[blockId=conID: 2 locID: 102696731549172130 bcsId: 0,size=4194304]} | ret=SUCCESS |  
2019-08-28 21:29:26,505 | INFO  | DNAudit | user=null | ip=null | op=PUT_BLOCK {blockData=[blockId=conID: 2 locID: 102696731549172130 bcsId: 0,size=4194304]} | ret=SUCCESS |  
2019-08-28 21:29:26,506 [grpc-default-executor-5] INFO  client.GrpcClientProtocolClient (GrpcClientProtocolClient.java:onNext(255)) - client-05DA20D107F8->b461a7b0-028a-4eb5-b268-b89ac225aff8: receive RaftClientReply:client-05DA20D107F8->b461a7b0-028a-4eb5-b268-b89ac225aff8@group-0C8C0AA7542A, cid=757, SUCCESS, logIndex=0, commits[b461a7b0-028a-4eb5-b268-b89ac225aff8:c962, b6ff45f5-67b8-463b-a273-c2e7d9dadd75:c961, 6a5cb75f-f7eb-4671-9a85-3b6f7898f6cc:c961]
2019-08-28 21:29:26,514 | INFO  | DNAudit | user=null | ip=null | op=WRITE_CHUNK {blockData=conID: 3 locID: 102696731549237667 bcsId: 0} | ret=SUCCESS |  
2019-08-28 21:29:26,517 | INFO  | DNAudit | user=null | ip=null | op=WRITE_CHUNK {blockData=conID: 3 locID: 102696731549237667 bcsId: 0} | ret=SUCCESS |  
2019-08-28 21:29:26,517 | INFO  | DNAudit | user=null | ip=null | op=WRITE_CHUNK {blockData=conID: 3 locID: 102696731549237667 bcsId: 0} | ret=SUCCESS |  
2019-08-28 21:29:26,517 | INFO  | DNAudit | user=null | ip=null | op=WRITE_CHUNK {blockData=conID: 3 locID: 102696731549237667 bcsId: 0} | ret=SUCCESS |  
2019-08-28 21:29:26,520 | INFO  | DNAudit | user=null | ip=null | op=WRITE_CHUNK {blockData=conID: 3 locID: 102696731549237667 bcsId: 0} | ret=SUCCESS |  
2019-08-28 21:29:26,521 | INFO  | DNAudit | user=null | ip=null | op=WRITE_CHUNK {blockData=conID: 3 locID: 102696731549237667 bcsId: 0} | ret=SUCCESS |  
2019-08-28 21:29:26,526 | INFO  | DNAudit | user=null | ip=null | op=WRITE_CHUNK {blockData=conID: 3 locID: 102696731549237667 bcsId: 0} | ret=SUCCESS |  
2019-08-28 21:29:26,527 | INFO  | DNAudit | user=null | ip=null | op=PUT_BLOCK {blockData=[blockId=conID: 3 locID: 102696731549237667 bcsId: 0,size=1048576]} | ret=SUCCESS |  
2019-08-28 21:29:26,527 [grpc-default-executor-2] INFO  client.GrpcClientProtocolClient (GrpcClientProtocolClient.java:onNext(255)) - client-05DA20D107F8->b461a7b0-028a-4eb5-b268-b89ac225aff8: receive RaftClientReply:client-05DA20D107F8->b461a7b0-028a-4eb5-b268-b89ac225aff8@group-0C8C0AA7542A, cid=758, SUCCESS, logIndex=964, commits[b461a7b0-028a-4eb5-b268-b89ac225aff8:c965, b6ff45f5-67b8-463b-a273-c2e7d9dadd75:c963, 6a5cb75f-f7eb-4671-9a85-3b6f7898f6cc:c963]
2019-08-28 21:29:26,528 [grpc-default-executor-2] INFO  client.GrpcClientProtocolClient (GrpcClientProtocolClient.java:onNext(255)) - client-05DA20D107F8->b461a7b0-028a-4eb5-b268-b89ac225aff8: receive RaftClientReply:client-05DA20D107F8->b461a7b0-028a-4eb5-b268-b89ac225aff8@group-0C8C0AA7542A, cid=759, SUCCESS, logIndex=965, commits[b461a7b0-028a-4eb5-b268-b89ac225aff8:c965, b6ff45f5-67b8-463b-a273-c2e7d9dadd75:c963, 6a5cb75f-f7eb-4671-9a85-3b6f7898f6cc:c963]
2019-08-28 21:29:26,547 | INFO  | DNAudit | user=null | ip=null | op=WRITE_CHUNK {blockData=conID: 3 locID: 102696731549237667 bcsId: 0} | ret=SUCCESS |  
2019-08-28 21:29:26,548 | INFO  | DNAudit | user=null | ip=null | op=PUT_BLOCK {blockData=[blockId=conID: 3 locID: 102696731549237667 bcsId: 0,size=2097152]} | ret=SUCCESS |  
2019-08-28 21:29:26,549 [grpc-default-executor-6] INFO  client.GrpcClientProtocolClient (GrpcClientProtocolClient.java:onNext(255)) - client-05DA20D107F8->b461a7b0-028a-4eb5-b268-b89ac225aff8: receive RaftClientReply:client-05DA20D107F8->b461a7b0-028a-4eb5-b268-b89ac225aff8@group-0C8C0AA7542A, cid=760, SUCCESS, logIndex=966, commits[b461a7b0-028a-4eb5-b268-b89ac225aff8:c967, b6ff45f5-67b8-463b-a273-c2e7d9dadd75:c963, 6a5cb75f-f7eb-4671-9a85-3b6f7898f6cc:c963]
2019-08-28 21:29:26,550 [grpc-default-executor-6] INFO  client.GrpcClientProtocolClient (GrpcClientProtocolClient.java:onNext(255)) - client-05DA20D107F8->b461a7b0-028a-4eb5-b268-b89ac225aff8: receive RaftClientReply:client-05DA20D107F8->b461a7b0-028a-4eb5-b268-b89ac225aff8@group-0C8C0AA7542A, cid=761, SUCCESS, logIndex=967, commits[b461a7b0-028a-4eb5-b268-b89ac225aff8:c967, b6ff45f5-67b8-463b-a273-c2e7d9dadd75:c963, 6a5cb75f-f7eb-4671-9a85-3b6f7898f6cc:c963]
2019-08-28 21:29:26,556 | INFO  | DNAudit | user=null | ip=null | op=WRITE_CHUNK {blockData=conID: 3 locID: 102696731549237667 bcsId: 0} | ret=SUCCESS |  
2019-08-28 21:29:26,556 | INFO  | DNAudit | user=null | ip=null | op=WRITE_CHUNK {blockData=conID: 3 locID: 102696731549237667 bcsId: 0} | ret=SUCCESS |  
2019-08-28 21:29:26,556 | INFO  | DNAudit | user=null | ip=null | op=PUT_BLOCK {blockData=[blockId=conID: 3 locID: 102696731549237667 bcsId: 0,size=1048576]} | ret=SUCCESS |  
2019-08-28 21:29:26,556 | INFO  | DNAudit | user=null | ip=null | op=PUT_BLOCK {blockData=[blockId=conID: 3 locID: 102696731549237667 bcsId: 0,size=1048576]} | ret=SUCCESS |  
2019-08-28 21:29:26,557 | INFO  | DNAudit | user=null | ip=null | op=WRITE_CHUNK {blockData=conID: 3 locID: 102696731549237667 bcsId: 0} | ret=SUCCESS |  
2019-08-28 21:29:26,557 | INFO  | DNAudit | user=null | ip=null | op=PUT_BLOCK {blockData=[blockId=conID: 3 locID: 102696731549237667 bcsId: 0,size=2097152]} | ret=SUCCESS |  
2019-08-28 21:29:26,557 [grpc-default-executor-6] INFO  client.GrpcClientProtocolClient (GrpcClientProtocolClient.java:onNext(255)) - client-05DA20D107F8->b461a7b0-028a-4eb5-b268-b89ac225aff8: receive RaftClientReply:client-05DA20D107F8->b461a7b0-028a-4eb5-b268-b89ac225aff8@group-0C8C0AA7542A, cid=762, SUCCESS, logIndex=0, commits[b461a7b0-028a-4eb5-b268-b89ac225aff8:c969, b6ff45f5-67b8-463b-a273-c2e7d9dadd75:c965, 6a5cb75f-f7eb-4671-9a85-3b6f7898f6cc:c965]
2019-08-28 21:29:26,557 | INFO  | DNAudit | user=null | ip=null | op=WRITE_CHUNK {blockData=conID: 3 locID: 102696731549237667 bcsId: 0} | ret=SUCCESS |  
2019-08-28 21:29:26,557 | INFO  | DNAudit | user=null | ip=null | op=PUT_BLOCK {blockData=[blockId=conID: 3 locID: 102696731549237667 bcsId: 0,size=2097152]} | ret=SUCCESS |  
2019-08-28 21:29:26,567 | INFO  | DNAudit | user=null | ip=null | op=WRITE_CHUNK {blockData=conID: 3 locID: 102696731549237667 bcsId: 967} | ret=SUCCESS |  
2019-08-28 21:29:26,569 | INFO  | DNAudit | user=null | ip=null | op=WRITE_CHUNK {blockData=conID: 3 locID: 102696731549237667 bcsId: 967} | ret=SUCCESS |  
2019-08-28 21:29:26,569 | INFO  | DNAudit | user=null | ip=null | op=WRITE_CHUNK {blockData=conID: 3 locID: 102696731549237667 bcsId: 967} | ret=SUCCESS |  
2019-08-28 21:29:26,580 | INFO  | DNAudit | user=null | ip=null | op=WRITE_CHUNK {blockData=conID: 3 locID: 102696731549237667 bcsId: 967} | ret=SUCCESS |  
2019-08-28 21:29:26,581 | INFO  | DNAudit | user=null | ip=null | op=PUT_BLOCK {blockData=[blockId=conID: 3 locID: 102696731549237667 bcsId: 0,size=3145728]} | ret=SUCCESS |  
2019-08-28 21:29:26,581 [grpc-default-executor-3] INFO  client.GrpcClientProtocolClient (GrpcClientProtocolClient.java:onNext(255)) - client-05DA20D107F8->b461a7b0-028a-4eb5-b268-b89ac225aff8: receive RaftClientReply:client-05DA20D107F8->b461a7b0-028a-4eb5-b268-b89ac225aff8@group-0C8C0AA7542A, cid=763, SUCCESS, logIndex=972, commits[b461a7b0-028a-4eb5-b268-b89ac225aff8:c972, b6ff45f5-67b8-463b-a273-c2e7d9dadd75:c971, 6a5cb75f-f7eb-4671-9a85-3b6f7898f6cc:c971]
2019-08-28 21:29:26,582 [grpc-default-executor-3] INFO  client.GrpcClientProtocolClient (GrpcClientProtocolClient.java:onNext(255)) - client-05DA20D107F8->b461a7b0-028a-4eb5-b268-b89ac225aff8: receive RaftClientReply:client-05DA20D107F8->b461a7b0-028a-4eb5-b268-b89ac225aff8@group-0C8C0AA7542A, cid=764, SUCCESS, logIndex=973, commits[b461a7b0-028a-4eb5-b268-b89ac225aff8:c973, b6ff45f5-67b8-463b-a273-c2e7d9dadd75:c971, 6a5cb75f-f7eb-4671-9a85-3b6f7898f6cc:c971]
2019-08-28 21:29:26,590 | INFO  | DNAudit | user=null | ip=null | op=WRITE_CHUNK {blockData=conID: 3 locID: 102696731549237667 bcsId: 973} | ret=SUCCESS |  
2019-08-28 21:29:26,593 | INFO  | DNAudit | user=null | ip=null | op=WRITE_CHUNK {blockData=conID: 3 locID: 102696731549237667 bcsId: 973} | ret=SUCCESS |  
2019-08-28 21:29:26,593 | INFO  | DNAudit | user=null | ip=null | op=WRITE_CHUNK {blockData=conID: 3 locID: 102696731549237667 bcsId: 973} | ret=SUCCESS |  
2019-08-28 21:29:26,601 | INFO  | DNAudit | user=null | ip=null | op=WRITE_CHUNK {blockData=conID: 3 locID: 102696731549237667 bcsId: 967} | ret=SUCCESS |  
2019-08-28 21:29:26,602 | INFO  | DNAudit | user=null | ip=null | op=WRITE_CHUNK {blockData=conID: 3 locID: 102696731549237667 bcsId: 967} | ret=SUCCESS |  
2019-08-28 21:29:26,603 | INFO  | DNAudit | user=null | ip=null | op=PUT_BLOCK {blockData=[blockId=conID: 3 locID: 102696731549237667 bcsId: 0,size=3145728]} | ret=SUCCESS |  
2019-08-28 21:29:26,603 | INFO  | DNAudit | user=null | ip=null | op=PUT_BLOCK {blockData=[blockId=conID: 3 locID: 102696731549237667 bcsId: 0,size=3145728]} | ret=SUCCESS |  
2019-08-28 21:29:26,604 | INFO  | DNAudit | user=null | ip=null | op=WRITE_CHUNK {blockData=conID: 3 locID: 102696731549237667 bcsId: 973} | ret=SUCCESS |  
2019-08-28 21:29:26,604 | INFO  | DNAudit | user=null | ip=null | op=PUT_BLOCK {blockData=[blockId=conID: 3 locID: 102696731549237667 bcsId: 0,size=4194304]} | ret=SUCCESS |  
2019-08-28 21:29:26,604 [grpc-default-executor-5] INFO  client.GrpcClientProtocolClient (GrpcClientProtocolClient.java:onNext(255)) - client-05DA20D107F8->b461a7b0-028a-4eb5-b268-b89ac225aff8: receive RaftClientReply:client-05DA20D107F8->b461a7b0-028a-4eb5-b268-b89ac225aff8@group-0C8C0AA7542A, cid=765, SUCCESS, logIndex=976, commits[b461a7b0-028a-4eb5-b268-b89ac225aff8:c977, b6ff45f5-67b8-463b-a273-c2e7d9dadd75:c973, 6a5cb75f-f7eb-4671-9a85-3b6f7898f6cc:c973]
2019-08-28 21:29:26,605 [grpc-default-executor-5] INFO  client.GrpcClientProtocolClient (GrpcClientProtocolClient.java:onNext(255)) - client-05DA20D107F8->b461a7b0-028a-4eb5-b268-b89ac225aff8: receive RaftClientReply:client-05DA20D107F8->b461a7b0-028a-4eb5-b268-b89ac225aff8@group-0C8C0AA7542A, cid=766, SUCCESS, logIndex=977, commits[b461a7b0-028a-4eb5-b268-b89ac225aff8:c977, b6ff45f5-67b8-463b-a273-c2e7d9dadd75:c973, 6a5cb75f-f7eb-4671-9a85-3b6f7898f6cc:c973]
2019-08-28 21:29:26,623 | INFO  | DNAudit | user=null | ip=null | op=WRITE_CHUNK {blockData=conID: 3 locID: 102696731549237667 bcsId: 973} | ret=SUCCESS |  
2019-08-28 21:29:26,623 | INFO  | DNAudit | user=null | ip=null | op=WRITE_CHUNK {blockData=conID: 3 locID: 102696731549237667 bcsId: 973} | ret=SUCCESS |  
2019-08-28 21:29:26,624 | INFO  | DNAudit | user=null | ip=null | op=PUT_BLOCK {blockData=[blockId=conID: 3 locID: 102696731549237667 bcsId: 0,size=4194304]} | ret=SUCCESS |  
2019-08-28 21:29:26,624 | INFO  | DNAudit | user=null | ip=null | op=PUT_BLOCK {blockData=[blockId=conID: 3 locID: 102696731549237667 bcsId: 0,size=4194304]} | ret=SUCCESS |  
2019-08-28 21:29:26,624 [grpc-default-executor-6] INFO  client.GrpcClientProtocolClient (GrpcClientProtocolClient.java:onNext(255)) - client-05DA20D107F8->b461a7b0-028a-4eb5-b268-b89ac225aff8: receive RaftClientReply:client-05DA20D107F8->b461a7b0-028a-4eb5-b268-b89ac225aff8@group-0C8C0AA7542A, cid=767, SUCCESS, logIndex=0, commits[b461a7b0-028a-4eb5-b268-b89ac225aff8:c979, b6ff45f5-67b8-463b-a273-c2e7d9dadd75:c977, 6a5cb75f-f7eb-4671-9a85-3b6f7898f6cc:c977]
2019-08-28 21:29:26,633 | INFO  | DNAudit | user=null | ip=null | op=WRITE_CHUNK {blockData=conID: 1 locID: 102696731549237668 bcsId: 0} | ret=SUCCESS |  
2019-08-28 21:29:26,637 | INFO  | DNAudit | user=null | ip=null | op=WRITE_CHUNK {blockData=conID: 1 locID: 102696731549237668 bcsId: 0} | ret=SUCCESS |  
2019-08-28 21:29:26,638 | INFO  | DNAudit | user=null | ip=null | op=WRITE_CHUNK {blockData=conID: 1 locID: 102696731549237668 bcsId: 0} | ret=SUCCESS |  
2019-08-28 21:29:26,638 | INFO  | DNAudit | user=null | ip=null | op=WRITE_CHUNK {blockData=conID: 1 locID: 102696731549237668 bcsId: 0} | ret=SUCCESS |  
2019-08-28 21:29:26,640 | INFO  | DNAudit | user=null | ip=null | op=WRITE_CHUNK {blockData=conID: 1 locID: 102696731549237668 bcsId: 0} | ret=SUCCESS |  
2019-08-28 21:29:26,640 | INFO  | DNAudit | user=null | ip=null | op=WRITE_CHUNK {blockData=conID: 1 locID: 102696731549237668 bcsId: 0} | ret=SUCCESS |  
2019-08-28 21:29:26,641 | INFO  | DNAudit | user=null | ip=null | op=WRITE_CHUNK {blockData=conID: 1 locID: 102696731549237668 bcsId: 0} | ret=SUCCESS |  
2019-08-28 21:29:26,641 | INFO  | DNAudit | user=null | ip=null | op=PUT_BLOCK {blockData=[blockId=conID: 1 locID: 102696731549237668 bcsId: 0,size=1048576]} | ret=SUCCESS |  
2019-08-28 21:29:26,642 [grpc-default-executor-3] INFO  client.GrpcClientProtocolClient (GrpcClientProtocolClient.java:onNext(255)) - client-05DA20D107F8->b461a7b0-028a-4eb5-b268-b89ac225aff8: receive RaftClientReply:client-05DA20D107F8->b461a7b0-028a-4eb5-b268-b89ac225aff8@group-0C8C0AA7542A, cid=768, SUCCESS, logIndex=980, commits[b461a7b0-028a-4eb5-b268-b89ac225aff8:c981, b6ff45f5-67b8-463b-a273-c2e7d9dadd75:c979, 6a5cb75f-f7eb-4671-9a85-3b6f7898f6cc:c979]
2019-08-28 21:29:26,643 | INFO  | DNAudit | user=null | ip=null | op=WRITE_CHUNK {blockData=conID: 1 locID: 102696731549237668 bcsId: 0} | ret=SUCCESS |  
2019-08-28 21:29:26,643 [grpc-default-executor-6] INFO  client.GrpcClientProtocolClient (GrpcClientProtocolClient.java:onNext(255)) - client-05DA20D107F8->b461a7b0-028a-4eb5-b268-b89ac225aff8: receive RaftClientReply:client-05DA20D107F8->b461a7b0-028a-4eb5-b268-b89ac225aff8@group-0C8C0AA7542A, cid=769, SUCCESS, logIndex=981, commits[b461a7b0-028a-4eb5-b268-b89ac225aff8:c981, b6ff45f5-67b8-463b-a273-c2e7d9dadd75:c979, 6a5cb75f-f7eb-4671-9a85-3b6f7898f6cc:c979]
2019-08-28 21:29:26,643 | INFO  | DNAudit | user=null | ip=null | op=PUT_BLOCK {blockData=[blockId=conID: 1 locID: 102696731549237668 bcsId: 0,size=2097152]} | ret=SUCCESS |  
2019-08-28 21:29:26,643 [grpc-default-executor-6] INFO  client.GrpcClientProtocolClient (GrpcClientProtocolClient.java:onNext(255)) - client-05DA20D107F8->b461a7b0-028a-4eb5-b268-b89ac225aff8: receive RaftClientReply:client-05DA20D107F8->b461a7b0-028a-4eb5-b268-b89ac225aff8@group-0C8C0AA7542A, cid=770, SUCCESS, logIndex=982, commits[b461a7b0-028a-4eb5-b268-b89ac225aff8:c983, b6ff45f5-67b8-463b-a273-c2e7d9dadd75:c979, 6a5cb75f-f7eb-4671-9a85-3b6f7898f6cc:c979]
2019-08-28 21:29:26,644 [grpc-default-executor-6] INFO  client.GrpcClientProtocolClient (GrpcClientProtocolClient.java:onNext(255)) - client-05DA20D107F8->b461a7b0-028a-4eb5-b268-b89ac225aff8: receive RaftClientReply:client-05DA20D107F8->b461a7b0-028a-4eb5-b268-b89ac225aff8@group-0C8C0AA7542A, cid=771, SUCCESS, logIndex=983, commits[b461a7b0-028a-4eb5-b268-b89ac225aff8:c983, b6ff45f5-67b8-463b-a273-c2e7d9dadd75:c979, 6a5cb75f-f7eb-4671-9a85-3b6f7898f6cc:c979]
2019-08-28 21:29:26,661 | INFO  | DNAudit | user=null | ip=null | op=WRITE_CHUNK {blockData=conID: 1 locID: 102696731549237668 bcsId: 0} | ret=SUCCESS |  
2019-08-28 21:29:26,661 | INFO  | DNAudit | user=null | ip=null | op=WRITE_CHUNK {blockData=conID: 1 locID: 102696731549237668 bcsId: 0} | ret=SUCCESS |  
2019-08-28 21:29:26,662 | INFO  | DNAudit | user=null | ip=null | op=PUT_BLOCK {blockData=[blockId=conID: 1 locID: 102696731549237668 bcsId: 0,size=1048576]} | ret=SUCCESS |  
2019-08-28 21:29:26,662 | INFO  | DNAudit | user=null | ip=null | op=PUT_BLOCK {blockData=[blockId=conID: 1 locID: 102696731549237668 bcsId: 0,size=1048576]} | ret=SUCCESS |  
2019-08-28 21:29:26,662 | INFO  | DNAudit | user=null | ip=null | op=WRITE_CHUNK {blockData=conID: 1 locID: 102696731549237668 bcsId: 0} | ret=SUCCESS |  
2019-08-28 21:29:26,662 [grpc-default-executor-6] INFO  client.GrpcClientProtocolClient (GrpcClientProtocolClient.java:onNext(255)) - client-05DA20D107F8->b461a7b0-028a-4eb5-b268-b89ac225aff8: receive RaftClientReply:client-05DA20D107F8->b461a7b0-028a-4eb5-b268-b89ac225aff8@group-0C8C0AA7542A, cid=772, SUCCESS, logIndex=0, commits[b461a7b0-028a-4eb5-b268-b89ac225aff8:c985, b6ff45f5-67b8-463b-a273-c2e7d9dadd75:c981, 6a5cb75f-f7eb-4671-9a85-3b6f7898f6cc:c981]
2019-08-28 21:29:26,662 | INFO  | DNAudit | user=null | ip=null | op=PUT_BLOCK {blockData=[blockId=conID: 1 locID: 102696731549237668 bcsId: 0,size=2097152]} | ret=SUCCESS |  
2019-08-28 21:29:26,663 | INFO  | DNAudit | user=null | ip=null | op=WRITE_CHUNK {blockData=conID: 1 locID: 102696731549237668 bcsId: 0} | ret=SUCCESS |  
2019-08-28 21:29:26,663 | INFO  | DNAudit | user=null | ip=null | op=PUT_BLOCK {blockData=[blockId=conID: 1 locID: 102696731549237668 bcsId: 0,size=2097152]} | ret=SUCCESS |  
2019-08-28 21:29:26,671 | INFO  | DNAudit | user=null | ip=null | op=WRITE_CHUNK {blockData=conID: 1 locID: 102696731549237668 bcsId: 983} | ret=SUCCESS |  
2019-08-28 21:29:26,673 | INFO  | DNAudit | user=null | ip=null | op=WRITE_CHUNK {blockData=conID: 1 locID: 102696731549237668 bcsId: 983} | ret=SUCCESS |  
2019-08-28 21:29:26,673 | INFO  | DNAudit | user=null | ip=null | op=WRITE_CHUNK {blockData=conID: 1 locID: 102696731549237668 bcsId: 983} | ret=SUCCESS |  
2019-08-28 21:29:26,679 | INFO  | DNAudit | user=null | ip=null | op=WRITE_CHUNK {blockData=conID: 1 locID: 102696731549237668 bcsId: 983} | ret=SUCCESS |  
2019-08-28 21:29:26,679 | INFO  | DNAudit | user=null | ip=null | op=PUT_BLOCK {blockData=[blockId=conID: 1 locID: 102696731549237668 bcsId: 0,size=3145728]} | ret=SUCCESS |  
2019-08-28 21:29:26,680 [grpc-default-executor-2] INFO  client.GrpcClientProtocolClient (GrpcClientProtocolClient.java:onNext(255)) - client-05DA20D107F8->b461a7b0-028a-4eb5-b268-b89ac225aff8: receive RaftClientReply:client-05DA20D107F8->b461a7b0-028a-4eb5-b268-b89ac225aff8@group-0C8C0AA7542A, cid=773, SUCCESS, logIndex=988, commits[b461a7b0-028a-4eb5-b268-b89ac225aff8:c989, b6ff45f5-67b8-463b-a273-c2e7d9dadd75:c987, 6a5cb75f-f7eb-4671-9a85-3b6f7898f6cc:c987]
2019-08-28 21:29:26,680 [grpc-default-executor-2] INFO  client.GrpcClientProtocolClient (GrpcClientProtocolClient.java:onNext(255)) - client-05DA20D107F8->b461a7b0-028a-4eb5-b268-b89ac225aff8: receive RaftClientReply:client-05DA20D107F8->b461a7b0-028a-4eb5-b268-b89ac225aff8@group-0C8C0AA7542A, cid=774, SUCCESS, logIndex=989, commits[b461a7b0-028a-4eb5-b268-b89ac225aff8:c989, b6ff45f5-67b8-463b-a273-c2e7d9dadd75:c987, 6a5cb75f-f7eb-4671-9a85-3b6f7898f6cc:c987]
2019-08-28 21:29:26,689 | INFO  | DNAudit | user=null | ip=null | op=WRITE_CHUNK {blockData=conID: 1 locID: 102696731549237668 bcsId: 989} | ret=SUCCESS |  
2019-08-28 21:29:26,690 | INFO  | DNAudit | user=null | ip=null | op=WRITE_CHUNK {blockData=conID: 1 locID: 102696731549237668 bcsId: 983} | ret=SUCCESS |  
2019-08-28 21:29:26,691 | INFO  | DNAudit | user=null | ip=null | op=WRITE_CHUNK {blockData=conID: 1 locID: 102696731549237668 bcsId: 989} | ret=SUCCESS |  
2019-08-28 21:29:26,691 | INFO  | DNAudit | user=null | ip=null | op=WRITE_CHUNK {blockData=conID: 1 locID: 102696731549237668 bcsId: 983} | ret=SUCCESS |  
2019-08-28 21:29:26,691 | INFO  | DNAudit | user=null | ip=null | op=WRITE_CHUNK {blockData=conID: 1 locID: 102696731549237668 bcsId: 989} | ret=SUCCESS |  
2019-08-28 21:29:26,702 | INFO  | DNAudit | user=null | ip=null | op=PUT_BLOCK {blockData=[blockId=conID: 1 locID: 102696731549237668 bcsId: 0,size=3145728]} | ret=SUCCESS |  
2019-08-28 21:29:26,702 | INFO  | DNAudit | user=null | ip=null | op=WRITE_CHUNK {blockData=conID: 1 locID: 102696731549237668 bcsId: 989} | ret=SUCCESS |  
2019-08-28 21:29:26,703 | INFO  | DNAudit | user=null | ip=null | op=PUT_BLOCK {blockData=[blockId=conID: 1 locID: 102696731549237668 bcsId: 0,size=3145728]} | ret=SUCCESS |  
2019-08-28 21:29:26,703 | INFO  | DNAudit | user=null | ip=null | op=PUT_BLOCK {blockData=[blockId=conID: 1 locID: 102696731549237668 bcsId: 0,size=4194304]} | ret=SUCCESS |  
2019-08-28 21:29:26,703 [grpc-default-executor-3] INFO  client.GrpcClientProtocolClient (GrpcClientProtocolClient.java:onNext(255)) - client-05DA20D107F8->b461a7b0-028a-4eb5-b268-b89ac225aff8: receive RaftClientReply:client-05DA20D107F8->b461a7b0-028a-4eb5-b268-b89ac225aff8@group-0C8C0AA7542A, cid=775, SUCCESS, logIndex=992, commits[b461a7b0-028a-4eb5-b268-b89ac225aff8:c993, b6ff45f5-67b8-463b-a273-c2e7d9dadd75:c989, 6a5cb75f-f7eb-4671-9a85-3b6f7898f6cc:c989]
2019-08-28 21:29:26,704 | INFO  | DNAudit | user=null | ip=null | op=WRITE_CHUNK {blockData=conID: 1 locID: 102696731549237668 bcsId: 989} | ret=SUCCESS |  
2019-08-28 21:29:26,704 | INFO  | DNAudit | user=null | ip=null | op=WRITE_CHUNK {blockData=conID: 1 locID: 102696731549237668 bcsId: 989} | ret=SUCCESS |  
2019-08-28 21:29:26,704 [grpc-default-executor-3] INFO  client.GrpcClientProtocolClient (GrpcClientProtocolClient.java:onNext(255)) - client-05DA20D107F8->b461a7b0-028a-4eb5-b268-b89ac225aff8: receive RaftClientReply:client-05DA20D107F8->b461a7b0-028a-4eb5-b268-b89ac225aff8@group-0C8C0AA7542A, cid=776, SUCCESS, logIndex=993, commits[b461a7b0-028a-4eb5-b268-b89ac225aff8:c993, b6ff45f5-67b8-463b-a273-c2e7d9dadd75:c989, 6a5cb75f-f7eb-4671-9a85-3b6f7898f6cc:c989]
2019-08-28 21:29:26,705 | INFO  | DNAudit | user=null | ip=null | op=PUT_BLOCK {blockData=[blockId=conID: 1 locID: 102696731549237668 bcsId: 0,size=4194304]} | ret=SUCCESS |  
2019-08-28 21:29:26,705 | INFO  | DNAudit | user=null | ip=null | op=PUT_BLOCK {blockData=[blockId=conID: 1 locID: 102696731549237668 bcsId: 0,size=4194304]} | ret=SUCCESS |  
2019-08-28 21:29:26,706 [grpc-default-executor-6] INFO  client.GrpcClientProtocolClient (GrpcClientProtocolClient.java:onNext(255)) - client-05DA20D107F8->b461a7b0-028a-4eb5-b268-b89ac225aff8: receive RaftClientReply:client-05DA20D107F8->b461a7b0-028a-4eb5-b268-b89ac225aff8@group-0C8C0AA7542A, cid=777, SUCCESS, logIndex=0, commits[b461a7b0-028a-4eb5-b268-b89ac225aff8:c995, b6ff45f5-67b8-463b-a273-c2e7d9dadd75:c993, 6a5cb75f-f7eb-4671-9a85-3b6f7898f6cc:c993]
2019-08-28 21:29:26,715 | INFO  | DNAudit | user=null | ip=null | op=WRITE_CHUNK {blockData=conID: 2 locID: 102696731549237669 bcsId: 0} | ret=SUCCESS |  
2019-08-28 21:29:26,717 | INFO  | DNAudit | user=null | ip=null | op=WRITE_CHUNK {blockData=conID: 2 locID: 102696731549237669 bcsId: 0} | ret=SUCCESS |  
2019-08-28 21:29:26,718 | INFO  | DNAudit | user=null | ip=null | op=WRITE_CHUNK {blockData=conID: 2 locID: 102696731549237669 bcsId: 0} | ret=SUCCESS |  
2019-08-28 21:29:26,718 | INFO  | DNAudit | user=null | ip=null | op=WRITE_CHUNK {blockData=conID: 2 locID: 102696731549237669 bcsId: 0} | ret=SUCCESS |  
2019-08-28 21:29:26,720 | INFO  | DNAudit | user=null | ip=null | op=WRITE_CHUNK {blockData=conID: 2 locID: 102696731549237669 bcsId: 0} | ret=SUCCESS |  
2019-08-28 21:29:26,721 | INFO  | DNAudit | user=null | ip=null | op=WRITE_CHUNK {blockData=conID: 2 locID: 102696731549237669 bcsId: 0} | ret=SUCCESS |  
2019-08-28 21:29:26,733 | INFO  | DNAudit | user=null | ip=null | op=WRITE_CHUNK {blockData=conID: 2 locID: 102696731549237669 bcsId: 0} | ret=SUCCESS |  
2019-08-28 21:29:26,733 | INFO  | DNAudit | user=null | ip=null | op=PUT_BLOCK {blockData=[blockId=conID: 2 locID: 102696731549237669 bcsId: 0,size=1048576]} | ret=SUCCESS |  
2019-08-28 21:29:26,733 [grpc-default-executor-2] INFO  client.GrpcClientProtocolClient (GrpcClientProtocolClient.java:onNext(255)) - client-05DA20D107F8->b461a7b0-028a-4eb5-b268-b89ac225aff8: receive RaftClientReply:client-05DA20D107F8->b461a7b0-028a-4eb5-b268-b89ac225aff8@group-0C8C0AA7542A, cid=778, SUCCESS, logIndex=996, commits[b461a7b0-028a-4eb5-b268-b89ac225aff8:c997, b6ff45f5-67b8-463b-a273-c2e7d9dadd75:c995, 6a5cb75f-f7eb-4671-9a85-3b6f7898f6cc:c995]
2019-08-28 21:29:26,734 | INFO  | DNAudit | user=null | ip=null | op=WRITE_CHUNK {blockData=conID: 2 locID: 102696731549237669 bcsId: 0} | ret=SUCCESS |  
2019-08-28 21:29:26,734 [grpc-default-executor-6] INFO  client.GrpcClientProtocolClient (GrpcClientProtocolClient.java:onNext(255)) - client-05DA20D107F8->b461a7b0-028a-4eb5-b268-b89ac225aff8: receive RaftClientReply:client-05DA20D107F8->b461a7b0-028a-4eb5-b268-b89ac225aff8@group-0C8C0AA7542A, cid=779, SUCCESS, logIndex=997, commits[b461a7b0-028a-4eb5-b268-b89ac225aff8:c997, b6ff45f5-67b8-463b-a273-c2e7d9dadd75:c995, 6a5cb75f-f7eb-4671-9a85-3b6f7898f6cc:c995]
2019-08-28 21:29:26,734 | INFO  | DNAudit | user=null | ip=null | op=PUT_BLOCK {blockData=[blockId=conID: 2 locID: 102696731549237669 bcsId: 0,size=2097152]} | ret=SUCCESS |  
2019-08-28 21:29:26,735 | INFO  | DNAudit | user=null | ip=null | op=WRITE_CHUNK {blockData=conID: 2 locID: 102696731549237669 bcsId: 0} | ret=SUCCESS |  
2019-08-28 21:29:26,735 [grpc-default-executor-5] INFO  client.GrpcClientProtocolClient (GrpcClientProtocolClient.java:onNext(255)) - client-05DA20D107F8->b461a7b0-028a-4eb5-b268-b89ac225aff8: receive RaftClientReply:client-05DA20D107F8->b461a7b0-028a-4eb5-b268-b89ac225aff8@group-0C8C0AA7542A, cid=780, SUCCESS, logIndex=998, commits[b461a7b0-028a-4eb5-b268-b89ac225aff8:c999, b6ff45f5-67b8-463b-a273-c2e7d9dadd75:c995, 6a5cb75f-f7eb-4671-9a85-3b6f7898f6cc:c995]
2019-08-28 21:29:26,735 [grpc-default-executor-5] INFO  client.GrpcClientProtocolClient (GrpcClientProtocolClient.java:onNext(255)) - client-05DA20D107F8->b461a7b0-028a-4eb5-b268-b89ac225aff8: receive RaftClientReply:client-05DA20D107F8->b461a7b0-028a-4eb5-b268-b89ac225aff8@group-0C8C0AA7542A, cid=781, SUCCESS, logIndex=999, commits[b461a7b0-028a-4eb5-b268-b89ac225aff8:c999, b6ff45f5-67b8-463b-a273-c2e7d9dadd75:c995, 6a5cb75f-f7eb-4671-9a85-3b6f7898f6cc:c995]
2019-08-28 21:29:26,735 | INFO  | DNAudit | user=null | ip=null | op=PUT_BLOCK {blockData=[blockId=conID: 2 locID: 102696731549237669 bcsId: 0,size=1048576]} | ret=SUCCESS |  
2019-08-28 21:29:26,736 | INFO  | DNAudit | user=null | ip=null | op=WRITE_CHUNK {blockData=conID: 2 locID: 102696731549237669 bcsId: 0} | ret=SUCCESS |  
2019-08-28 21:29:26,736 | INFO  | DNAudit | user=null | ip=null | op=WRITE_CHUNK {blockData=conID: 2 locID: 102696731549237669 bcsId: 0} | ret=SUCCESS |  
2019-08-28 21:29:26,736 | INFO  | DNAudit | user=null | ip=null | op=PUT_BLOCK {blockData=[blockId=conID: 2 locID: 102696731549237669 bcsId: 0,size=2097152]} | ret=SUCCESS |  
2019-08-28 21:29:26,736 | INFO  | DNAudit | user=null | ip=null | op=PUT_BLOCK {blockData=[blockId=conID: 2 locID: 102696731549237669 bcsId: 0,size=1048576]} | ret=SUCCESS |  
2019-08-28 21:29:26,737 [grpc-default-executor-5] INFO  client.GrpcClientProtocolClient (GrpcClientProtocolClient.java:onNext(255)) - client-05DA20D107F8->b461a7b0-028a-4eb5-b268-b89ac225aff8: receive RaftClientReply:client-05DA20D107F8->b461a7b0-028a-4eb5-b268-b89ac225aff8@group-0C8C0AA7542A, cid=782, SUCCESS, logIndex=0, commits[b461a7b0-028a-4eb5-b268-b89ac225aff8:c1001, b6ff45f5-67b8-463b-a273-c2e7d9dadd75:c999, 6a5cb75f-f7eb-4671-9a85-3b6f7898f6cc:c997]
2019-08-28 21:29:26,737 | INFO  | DNAudit | user=null | ip=null | op=WRITE_CHUNK {blockData=conID: 2 locID: 102696731549237669 bcsId: 0} | ret=SUCCESS |  
2019-08-28 21:29:26,737 | INFO  | DNAudit | user=null | ip=null | op=PUT_BLOCK {blockData=[blockId=conID: 2 locID: 102696731549237669 bcsId: 0,size=2097152]} | ret=SUCCESS |  
2019-08-28 21:29:26,744 | INFO  | DNAudit | user=null | ip=null | op=WRITE_CHUNK {blockData=conID: 2 locID: 102696731549237669 bcsId: 999} | ret=SUCCESS |  
2019-08-28 21:29:26,747 | INFO  | DNAudit | user=null | ip=null | op=WRITE_CHUNK {blockData=conID: 2 locID: 102696731549237669 bcsId: 999} | ret=SUCCESS |  
2019-08-28 21:29:26,747 | INFO  | DNAudit | user=null | ip=null | op=WRITE_CHUNK {blockData=conID: 2 locID: 102696731549237669 bcsId: 999} | ret=SUCCESS |  
2019-08-28 21:29:26,760 | INFO  | DNAudit | user=null | ip=null | op=WRITE_CHUNK {blockData=conID: 2 locID: 102696731549237669 bcsId: 999} | ret=SUCCESS |  
2019-08-28 21:29:26,760 | INFO  | DNAudit | user=null | ip=null | op=PUT_BLOCK {blockData=[blockId=conID: 2 locID: 102696731549237669 bcsId: 0,size=3145728]} | ret=SUCCESS |  
2019-08-28 21:29:26,760 [grpc-default-executor-2] INFO  client.GrpcClientProtocolClient (GrpcClientProtocolClient.java:onNext(255)) - client-05DA20D107F8->b461a7b0-028a-4eb5-b268-b89ac225aff8: receive RaftClientReply:client-05DA20D107F8->b461a7b0-028a-4eb5-b268-b89ac225aff8@group-0C8C0AA7542A, cid=783, SUCCESS, logIndex=1004, commits[b461a7b0-028a-4eb5-b268-b89ac225aff8:c1005, b6ff45f5-67b8-463b-a273-c2e7d9dadd75:c1003, 6a5cb75f-f7eb-4671-9a85-3b6f7898f6cc:c1003]
2019-08-28 21:29:26,761 [grpc-default-executor-2] INFO  client.GrpcClientProtocolClient (GrpcClientProtocolClient.java:onNext(255)) - client-05DA20D107F8->b461a7b0-028a-4eb5-b268-b89ac225aff8: receive RaftClientReply:client-05DA20D107F8->b461a7b0-028a-4eb5-b268-b89ac225aff8@group-0C8C0AA7542A, cid=784, SUCCESS, logIndex=1005, commits[b461a7b0-028a-4eb5-b268-b89ac225aff8:c1005, b6ff45f5-67b8-463b-a273-c2e7d9dadd75:c1003, 6a5cb75f-f7eb-4671-9a85-3b6f7898f6cc:c1003]
2019-08-28 21:29:26,767 | INFO  | DNAudit | user=null | ip=null | op=WRITE_CHUNK {blockData=conID: 2 locID: 102696731549237669 bcsId: 1005} | ret=SUCCESS |  
2019-08-28 21:29:26,770 | INFO  | DNAudit | user=null | ip=null | op=WRITE_CHUNK {blockData=conID: 2 locID: 102696731549237669 bcsId: 1005} | ret=SUCCESS |  
2019-08-28 21:29:26,770 | INFO  | DNAudit | user=null | ip=null | op=WRITE_CHUNK {blockData=conID: 2 locID: 102696731549237669 bcsId: 1005} | ret=SUCCESS |  
2019-08-28 21:29:26,771 | INFO  | DNAudit | user=null | ip=null | op=WRITE_CHUNK {blockData=conID: 2 locID: 102696731549237669 bcsId: 999} | ret=SUCCESS |  
2019-08-28 21:29:26,771 | INFO  | DNAudit | user=null | ip=null | op=WRITE_CHUNK {blockData=conID: 2 locID: 102696731549237669 bcsId: 999} | ret=SUCCESS |  
2019-08-28 21:29:26,772 | INFO  | DNAudit | user=null | ip=null | op=PUT_BLOCK {blockData=[blockId=conID: 2 locID: 102696731549237669 bcsId: 0,size=3145728]} | ret=SUCCESS |  
2019-08-28 21:29:26,773 | INFO  | DNAudit | user=null | ip=null | op=PUT_BLOCK {blockData=[blockId=conID: 2 locID: 102696731549237669 bcsId: 0,size=3145728]} | ret=SUCCESS |  
2019-08-28 21:29:26,773 | INFO  | DNAudit | user=null | ip=null | op=WRITE_CHUNK {blockData=conID: 2 locID: 102696731549237669 bcsId: 1005} | ret=SUCCESS |  
2019-08-28 21:29:26,773 | INFO  | DNAudit | user=null | ip=null | op=PUT_BLOCK {blockData=[blockId=conID: 2 locID: 102696731549237669 bcsId: 0,size=4194304]} | ret=SUCCESS |  
2019-08-28 21:29:26,774 [grpc-default-executor-6] INFO  client.GrpcClientProtocolClient (GrpcClientProtocolClient.java:onNext(255)) - client-05DA20D107F8->b461a7b0-028a-4eb5-b268-b89ac225aff8: receive RaftClientReply:client-05DA20D107F8->b461a7b0-028a-4eb5-b268-b89ac225aff8@group-0C8C0AA7542A, cid=785, SUCCESS, logIndex=1008, commits[b461a7b0-028a-4eb5-b268-b89ac225aff8:c1009, b6ff45f5-67b8-463b-a273-c2e7d9dadd75:c1005, 6a5cb75f-f7eb-4671-9a85-3b6f7898f6cc:c1005]
2019-08-28 21:29:26,774 [grpc-default-executor-6] INFO  client.GrpcClientProtocolClient (GrpcClientProtocolClient.java:onNext(255)) - client-05DA20D107F8->b461a7b0-028a-4eb5-b268-b89ac225aff8: receive RaftClientReply:client-05DA20D107F8->b461a7b0-028a-4eb5-b268-b89ac225aff8@group-0C8C0AA7542A, cid=786, SUCCESS, logIndex=1009, commits[b461a7b0-028a-4eb5-b268-b89ac225aff8:c1009, b6ff45f5-67b8-463b-a273-c2e7d9dadd75:c1005, 6a5cb75f-f7eb-4671-9a85-3b6f7898f6cc:c1005]
2019-08-28 21:29:26,790 | INFO  | DNAudit | user=null | ip=null | op=WRITE_CHUNK {blockData=conID: 2 locID: 102696731549237669 bcsId: 1005} | ret=SUCCESS |  
2019-08-28 21:29:26,790 | INFO  | DNAudit | user=null | ip=null | op=WRITE_CHUNK {blockData=conID: 2 locID: 102696731549237669 bcsId: 1005} | ret=SUCCESS |  
2019-08-28 21:29:26,791 | INFO  | DNAudit | user=null | ip=null | op=PUT_BLOCK {blockData=[blockId=conID: 2 locID: 102696731549237669 bcsId: 0,size=4194304]} | ret=SUCCESS |  
2019-08-28 21:29:26,791 | INFO  | DNAudit | user=null | ip=null | op=PUT_BLOCK {blockData=[blockId=conID: 2 locID: 102696731549237669 bcsId: 0,size=4194304]} | ret=SUCCESS |  
2019-08-28 21:29:26,792 [grpc-default-executor-5] INFO  client.GrpcClientProtocolClient (GrpcClientProtocolClient.java:onNext(255)) - client-05DA20D107F8->b461a7b0-028a-4eb5-b268-b89ac225aff8: receive RaftClientReply:client-05DA20D107F8->b461a7b0-028a-4eb5-b268-b89ac225aff8@group-0C8C0AA7542A, cid=787, SUCCESS, logIndex=0, commits[b461a7b0-028a-4eb5-b268-b89ac225aff8:c1011, b6ff45f5-67b8-463b-a273-c2e7d9dadd75:c1009, 6a5cb75f-f7eb-4671-9a85-3b6f7898f6cc:c1009]
2019-08-28 21:29:26,799 | INFO  | DNAudit | user=null | ip=null | op=WRITE_CHUNK {blockData=conID: 3 locID: 102696731549237670 bcsId: 0} | ret=SUCCESS |  
2019-08-28 21:29:27,029 | INFO  | SCMAudit | user=jenkins1000 | ip=192.168.36.107 | op=SEND_HEARTBEAT {datanodeUUID=b6ff45f5-67b8-463b-a273-c2e7d9dadd75, command=[]} | ret=SUCCESS |  
2019-08-28 21:29:27,029 | INFO  | SCMAudit | user=jenkins1000 | ip=192.168.36.107 | op=SEND_HEARTBEAT {datanodeUUID=6a5cb75f-f7eb-4671-9a85-3b6f7898f6cc, command=[]} | ret=SUCCESS |  
2019-08-28 21:29:27,029 | INFO  | SCMAudit | user=jenkins1000 | ip=192.168.36.107 | op=SEND_HEARTBEAT {datanodeUUID=b461a7b0-028a-4eb5-b268-b89ac225aff8, command=[]} | ret=SUCCESS |  
2019-08-28 21:29:27,032 | INFO  | DNAudit | user=null | ip=null | op=WRITE_CHUNK {blockData=conID: 3 locID: 102696731549237670 bcsId: 0} | ret=SUCCESS |  
2019-08-28 21:29:27,033 | INFO  | DNAudit | user=null | ip=null | op=WRITE_CHUNK {blockData=conID: 3 locID: 102696731549237670 bcsId: 0} | ret=SUCCESS |  
2019-08-28 21:29:27,034 | INFO  | DNAudit | user=null | ip=null | op=WRITE_CHUNK {blockData=conID: 3 locID: 102696731549237670 bcsId: 0} | ret=SUCCESS |  
2019-08-28 21:29:27,036 | INFO  | DNAudit | user=null | ip=null | op=WRITE_CHUNK {blockData=conID: 3 locID: 102696731549237670 bcsId: 0} | ret=SUCCESS |  
2019-08-28 21:29:27,037 | INFO  | DNAudit | user=null | ip=null | op=WRITE_CHUNK {blockData=conID: 3 locID: 102696731549237670 bcsId: 0} | ret=SUCCESS |  
2019-08-28 21:29:27,043 | INFO  | DNAudit | user=null | ip=null | op=WRITE_CHUNK {blockData=conID: 3 locID: 102696731549237670 bcsId: 0} | ret=SUCCESS |  
2019-08-28 21:29:27,044 | INFO  | DNAudit | user=null | ip=null | op=PUT_BLOCK {blockData=[blockId=conID: 3 locID: 102696731549237670 bcsId: 0,size=1048576]} | ret=SUCCESS |  
2019-08-28 21:29:27,045 [grpc-default-executor-3] INFO  client.GrpcClientProtocolClient (GrpcClientProtocolClient.java:onNext(255)) - client-05DA20D107F8->b461a7b0-028a-4eb5-b268-b89ac225aff8: receive RaftClientReply:client-05DA20D107F8->b461a7b0-028a-4eb5-b268-b89ac225aff8@group-0C8C0AA7542A, cid=788, SUCCESS, logIndex=1012, commits[b461a7b0-028a-4eb5-b268-b89ac225aff8:c1013, b6ff45f5-67b8-463b-a273-c2e7d9dadd75:c1011, 6a5cb75f-f7eb-4671-9a85-3b6f7898f6cc:c1011]
2019-08-28 21:29:27,046 [grpc-default-executor-3] INFO  client.GrpcClientProtocolClient (GrpcClientProtocolClient.java:onNext(255)) - client-05DA20D107F8->b461a7b0-028a-4eb5-b268-b89ac225aff8: receive RaftClientReply:client-05DA20D107F8->b461a7b0-028a-4eb5-b268-b89ac225aff8@group-0C8C0AA7542A, cid=789, SUCCESS, logIndex=1013, commits[b461a7b0-028a-4eb5-b268-b89ac225aff8:c1013, b6ff45f5-67b8-463b-a273-c2e7d9dadd75:c1011, 6a5cb75f-f7eb-4671-9a85-3b6f7898f6cc:c1011]
2019-08-28 21:29:27,064 | INFO  | DNAudit | user=null | ip=null | op=WRITE_CHUNK {blockData=conID: 3 locID: 102696731549237670 bcsId: 0} | ret=SUCCESS |  
2019-08-28 21:29:27,065 | INFO  | DNAudit | user=null | ip=null | op=PUT_BLOCK {blockData=[blockId=conID: 3 locID: 102696731549237670 bcsId: 0,size=2097152]} | ret=SUCCESS |  
2019-08-28 21:29:27,065 [grpc-default-executor-3] INFO  client.GrpcClientProtocolClient (GrpcClientProtocolClient.java:onNext(255)) - client-05DA20D107F8->b461a7b0-028a-4eb5-b268-b89ac225aff8: receive RaftClientReply:client-05DA20D107F8->b461a7b0-028a-4eb5-b268-b89ac225aff8@group-0C8C0AA7542A, cid=790, SUCCESS, logIndex=1014, commits[b461a7b0-028a-4eb5-b268-b89ac225aff8:c1015, b6ff45f5-67b8-463b-a273-c2e7d9dadd75:c1011, 6a5cb75f-f7eb-4671-9a85-3b6f7898f6cc:c1011]
2019-08-28 21:29:27,066 [grpc-default-executor-3] INFO  client.GrpcClientProtocolClient (GrpcClientProtocolClient.java:onNext(255)) - client-05DA20D107F8->b461a7b0-028a-4eb5-b268-b89ac225aff8: receive RaftClientReply:client-05DA20D107F8->b461a7b0-028a-4eb5-b268-b89ac225aff8@group-0C8C0AA7542A, cid=791, SUCCESS, logIndex=1015, commits[b461a7b0-028a-4eb5-b268-b89ac225aff8:c1015, b6ff45f5-67b8-463b-a273-c2e7d9dadd75:c1011, 6a5cb75f-f7eb-4671-9a85-3b6f7898f6cc:c1011]
2019-08-28 21:29:27,086 | INFO  | DNAudit | user=null | ip=null | op=WRITE_CHUNK {blockData=conID: 3 locID: 102696731549237670 bcsId: 0} | ret=SUCCESS |  
2019-08-28 21:29:27,086 | INFO  | DNAudit | user=null | ip=null | op=PUT_BLOCK {blockData=[blockId=conID: 3 locID: 102696731549237670 bcsId: 0,size=1048576]} | ret=SUCCESS |  
2019-08-28 21:29:27,087 | INFO  | DNAudit | user=null | ip=null | op=WRITE_CHUNK {blockData=conID: 3 locID: 102696731549237670 bcsId: 0} | ret=SUCCESS |  
2019-08-28 21:29:27,087 | INFO  | DNAudit | user=null | ip=null | op=PUT_BLOCK {blockData=[blockId=conID: 3 locID: 102696731549237670 bcsId: 0,size=1048576]} | ret=SUCCESS |  
2019-08-28 21:29:27,087 | INFO  | DNAudit | user=null | ip=null | op=WRITE_CHUNK {blockData=conID: 3 locID: 102696731549237670 bcsId: 0} | ret=SUCCESS |  
2019-08-28 21:29:27,088 | INFO  | DNAudit | user=null | ip=null | op=PUT_BLOCK {blockData=[blockId=conID: 3 locID: 102696731549237670 bcsId: 0,size=2097152]} | ret=SUCCESS |  
2019-08-28 21:29:27,088 [grpc-default-executor-6] INFO  client.GrpcClientProtocolClient (GrpcClientProtocolClient.java:onNext(255)) - client-05DA20D107F8->b461a7b0-028a-4eb5-b268-b89ac225aff8: receive RaftClientReply:client-05DA20D107F8->b461a7b0-028a-4eb5-b268-b89ac225aff8@group-0C8C0AA7542A, cid=792, SUCCESS, logIndex=0, commits[b461a7b0-028a-4eb5-b268-b89ac225aff8:c1016, b6ff45f5-67b8-463b-a273-c2e7d9dadd75:c1013, 6a5cb75f-f7eb-4671-9a85-3b6f7898f6cc:c1013]
2019-08-28 21:29:27,088 | INFO  | DNAudit | user=null | ip=null | op=WRITE_CHUNK {blockData=conID: 3 locID: 102696731549237670 bcsId: 0} | ret=SUCCESS |  
2019-08-28 21:29:27,088 | INFO  | DNAudit | user=null | ip=null | op=PUT_BLOCK {blockData=[blockId=conID: 3 locID: 102696731549237670 bcsId: 0,size=2097152]} | ret=SUCCESS |  
 0.00% |█                                                                                                    |  0/1 Time: 0:00:032019-08-28 21:29:27,098 | INFO  | DNAudit | user=null | ip=null | op=WRITE_CHUNK {blockData=conID: 3 locID: 102696731549237670 bcsId: 1015} | ret=SUCCESS |  
2019-08-28 21:29:27,100 | INFO  | DNAudit | user=null | ip=null | op=WRITE_CHUNK {blockData=conID: 3 locID: 102696731549237670 bcsId: 1015} | ret=SUCCESS |  
2019-08-28 21:29:27,100 | INFO  | DNAudit | user=null | ip=null | op=WRITE_CHUNK {blockData=conID: 3 locID: 102696731549237670 bcsId: 1015} | ret=SUCCESS |  
2019-08-28 21:29:27,127 | INFO  | DNAudit | user=null | ip=null | op=WRITE_CHUNK {blockData=conID: 3 locID: 102696731549237670 bcsId: 1015} | ret=SUCCESS |  
2019-08-28 21:29:27,128 | INFO  | DNAudit | user=null | ip=null | op=PUT_BLOCK {blockData=[blockId=conID: 3 locID: 102696731549237670 bcsId: 0,size=3145728]} | ret=SUCCESS |  
2019-08-28 21:29:27,128 [grpc-default-executor-3] INFO  client.GrpcClientProtocolClient (GrpcClientProtocolClient.java:onNext(255)) - client-05DA20D107F8->b461a7b0-028a-4eb5-b268-b89ac225aff8: receive RaftClientReply:client-05DA20D107F8->b461a7b0-028a-4eb5-b268-b89ac225aff8@group-0C8C0AA7542A, cid=793, SUCCESS, logIndex=1019, commits[b461a7b0-028a-4eb5-b268-b89ac225aff8:c1020, b6ff45f5-67b8-463b-a273-c2e7d9dadd75:c1018, 6a5cb75f-f7eb-4671-9a85-3b6f7898f6cc:c1018]
2019-08-28 21:29:27,129 [grpc-default-executor-3] INFO  client.GrpcClientProtocolClient (GrpcClientProtocolClient.java:onNext(255)) - client-05DA20D107F8->b461a7b0-028a-4eb5-b268-b89ac225aff8: receive RaftClientReply:client-05DA20D107F8->b461a7b0-028a-4eb5-b268-b89ac225aff8@group-0C8C0AA7542A, cid=794, SUCCESS, logIndex=1020, commits[b461a7b0-028a-4eb5-b268-b89ac225aff8:c1020, b6ff45f5-67b8-463b-a273-c2e7d9dadd75:c1018, 6a5cb75f-f7eb-4671-9a85-3b6f7898f6cc:c1018]
2019-08-28 21:29:27,139 | INFO  | DNAudit | user=null | ip=null | op=WRITE_CHUNK {blockData=conID: 3 locID: 102696731549237670 bcsId: 1020} | ret=SUCCESS |  
2019-08-28 21:29:27,141 | INFO  | DNAudit | user=null | ip=null | op=WRITE_CHUNK {blockData=conID: 3 locID: 102696731549237670 bcsId: 1020} | ret=SUCCESS |  
2019-08-28 21:29:27,141 | INFO  | DNAudit | user=null | ip=null | op=WRITE_CHUNK {blockData=conID: 3 locID: 102696731549237670 bcsId: 1020} | ret=SUCCESS |  
2019-08-28 21:29:27,148 | INFO  | DNAudit | user=null | ip=null | op=WRITE_CHUNK {blockData=conID: 3 locID: 102696731549237670 bcsId: 1015} | ret=SUCCESS |  
2019-08-28 21:29:27,148 | INFO  | DNAudit | user=null | ip=null | op=WRITE_CHUNK {blockData=conID: 3 locID: 102696731549237670 bcsId: 1015} | ret=SUCCESS |  
2019-08-28 21:29:27,148 | INFO  | DNAudit | user=null | ip=null | op=PUT_BLOCK {blockData=[blockId=conID: 3 locID: 102696731549237670 bcsId: 0,size=3145728]} | ret=SUCCESS |  
2019-08-28 21:29:27,148 | INFO  | DNAudit | user=null | ip=null | op=PUT_BLOCK {blockData=[blockId=conID: 3 locID: 102696731549237670 bcsId: 0,size=3145728]} | ret=SUCCESS |  
2019-08-28 21:29:27,150 | INFO  | DNAudit | user=null | ip=null | op=WRITE_CHUNK {blockData=conID: 3 locID: 102696731549237670 bcsId: 1020} | ret=SUCCESS |  
2019-08-28 21:29:27,150 | INFO  | DNAudit | user=null | ip=null | op=PUT_BLOCK {blockData=[blockId=conID: 3 locID: 102696731549237670 bcsId: 0,size=4194304]} | ret=SUCCESS |  
2019-08-28 21:29:27,150 [grpc-default-executor-6] INFO  client.GrpcClientProtocolClient (GrpcClientProtocolClient.java:onNext(255)) - client-05DA20D107F8->b461a7b0-028a-4eb5-b268-b89ac225aff8: receive RaftClientReply:client-05DA20D107F8->b461a7b0-028a-4eb5-b268-b89ac225aff8@group-0C8C0AA7542A, cid=795, SUCCESS, logIndex=1023, commits[b461a7b0-028a-4eb5-b268-b89ac225aff8:c1024, b6ff45f5-67b8-463b-a273-c2e7d9dadd75:c1020, 6a5cb75f-f7eb-4671-9a85-3b6f7898f6cc:c1020]
2019-08-28 21:29:27,151 [grpc-default-executor-6] INFO  client.GrpcClientProtocolClient (GrpcClientProtocolClient.java:onNext(255)) - client-05DA20D107F8->b461a7b0-028a-4eb5-b268-b89ac225aff8: receive RaftClientReply:client-05DA20D107F8->b461a7b0-028a-4eb5-b268-b89ac225aff8@group-0C8C0AA7542A, cid=796, SUCCESS, logIndex=1024, commits[b461a7b0-028a-4eb5-b268-b89ac225aff8:c1024, b6ff45f5-67b8-463b-a273-c2e7d9dadd75:c1020, 6a5cb75f-f7eb-4671-9a85-3b6f7898f6cc:c1020]
2019-08-28 21:29:27,173 | INFO  | DNAudit | user=null | ip=null | op=WRITE_CHUNK {blockData=conID: 3 locID: 102696731549237670 bcsId: 1020} | ret=SUCCESS |  
2019-08-28 21:29:27,173 | INFO  | DNAudit | user=null | ip=null | op=WRITE_CHUNK {blockData=conID: 3 locID: 102696731549237670 bcsId: 1020} | ret=SUCCESS |  
2019-08-28 21:29:27,174 | INFO  | DNAudit | user=null | ip=null | op=PUT_BLOCK {blockData=[blockId=conID: 3 locID: 102696731549237670 bcsId: 0,size=4194304]} | ret=SUCCESS |  
2019-08-28 21:29:27,174 | INFO  | DNAudit | user=null | ip=null | op=PUT_BLOCK {blockData=[blockId=conID: 3 locID: 102696731549237670 bcsId: 0,size=4194304]} | ret=SUCCESS |  
2019-08-28 21:29:27,175 [grpc-default-executor-5] INFO  client.GrpcClientProtocolClient (GrpcClientProtocolClient.java:onNext(255)) - client-05DA20D107F8->b461a7b0-028a-4eb5-b268-b89ac225aff8: receive RaftClientReply:client-05DA20D107F8->b461a7b0-028a-4eb5-b268-b89ac225aff8@group-0C8C0AA7542A, cid=797, SUCCESS, logIndex=0, commits[b461a7b0-028a-4eb5-b268-b89ac225aff8:c1026, b6ff45f5-67b8-463b-a273-c2e7d9dadd75:c1024, 6a5cb75f-f7eb-4671-9a85-3b6f7898f6cc:c1024]
2019-08-28 21:29:27,182 | INFO  | DNAudit | user=null | ip=null | op=WRITE_CHUNK {blockData=conID: 1 locID: 102696731549237671 bcsId: 0} | ret=SUCCESS |  
2019-08-28 21:29:27,185 | INFO  | DNAudit | user=null | ip=null | op=WRITE_CHUNK {blockData=conID: 1 locID: 102696731549237671 bcsId: 0} | ret=SUCCESS |  
2019-08-28 21:29:27,186 | INFO  | DNAudit | user=null | ip=null | op=WRITE_CHUNK {blockData=conID: 1 locID: 102696731549237671 bcsId: 0} | ret=SUCCESS |  
2019-08-28 21:29:27,186 | INFO  | DNAudit | user=null | ip=null | op=WRITE_CHUNK {blockData=conID: 1 locID: 102696731549237671 bcsId: 0} | ret=SUCCESS |  
2019-08-28 21:29:27,189 | INFO  | DNAudit | user=null | ip=null | op=WRITE_CHUNK {blockData=conID: 1 locID: 102696731549237671 bcsId: 0} | ret=SUCCESS |  
2019-08-28 21:29:27,189 | INFO  | DNAudit | user=null | ip=null | op=WRITE_CHUNK {blockData=conID: 1 locID: 102696731549237671 bcsId: 0} | ret=SUCCESS |  
2019-08-28 21:29:27,196 | INFO  | DNAudit | user=null | ip=null | op=WRITE_CHUNK {blockData=conID: 1 locID: 102696731549237671 bcsId: 0} | ret=SUCCESS |  
2019-08-28 21:29:27,197 | INFO  | DNAudit | user=null | ip=null | op=PUT_BLOCK {blockData=[blockId=conID: 1 locID: 102696731549237671 bcsId: 0,size=1048576]} | ret=SUCCESS |  
2019-08-28 21:29:27,197 | INFO  | DNAudit | user=null | ip=null | op=WRITE_CHUNK {blockData=conID: 1 locID: 102696731549237671 bcsId: 0} | ret=SUCCESS |  
2019-08-28 21:29:27,197 [grpc-default-executor-3] INFO  client.GrpcClientProtocolClient (GrpcClientProtocolClient.java:onNext(255)) - client-05DA20D107F8->b461a7b0-028a-4eb5-b268-b89ac225aff8: receive RaftClientReply:client-05DA20D107F8->b461a7b0-028a-4eb5-b268-b89ac225aff8@group-0C8C0AA7542A, cid=798, SUCCESS, logIndex=1027, commits[b461a7b0-028a-4eb5-b268-b89ac225aff8:c1028, b6ff45f5-67b8-463b-a273-c2e7d9dadd75:c1026, 6a5cb75f-f7eb-4671-9a85-3b6f7898f6cc:c1026]
2019-08-28 21:29:27,197 | INFO  | DNAudit | user=null | ip=null | op=PUT_BLOCK {blockData=[blockId=conID: 1 locID: 102696731549237671 bcsId: 0,size=2097152]} | ret=SUCCESS |  
2019-08-28 21:29:27,198 | INFO  | DNAudit | user=null | ip=null | op=WRITE_CHUNK {blockData=conID: 1 locID: 102696731549237671 bcsId: 0} | ret=SUCCESS |  
2019-08-28 21:29:27,198 [grpc-default-executor-3] INFO  client.GrpcClientProtocolClient (GrpcClientProtocolClient.java:onNext(255)) - client-05DA20D107F8->b461a7b0-028a-4eb5-b268-b89ac225aff8: receive RaftClientReply:client-05DA20D107F8->b461a7b0-028a-4eb5-b268-b89ac225aff8@group-0C8C0AA7542A, cid=799, SUCCESS, logIndex=1028, commits[b461a7b0-028a-4eb5-b268-b89ac225aff8:c1029, b6ff45f5-67b8-463b-a273-c2e7d9dadd75:c1026, 6a5cb75f-f7eb-4671-9a85-3b6f7898f6cc:c1026]
2019-08-28 21:29:27,198 | INFO  | DNAudit | user=null | ip=null | op=PUT_BLOCK {blockData=[blockId=conID: 1 locID: 102696731549237671 bcsId: 0,size=1048576]} | ret=SUCCESS |  
2019-08-28 21:29:27,198 [grpc-default-executor-3] INFO  client.GrpcClientProtocolClient (GrpcClientProtocolClient.java:onNext(255)) - client-05DA20D107F8->b461a7b0-028a-4eb5-b268-b89ac225aff8: receive RaftClientReply:client-05DA20D107F8->b461a7b0-028a-4eb5-b268-b89ac225aff8@group-0C8C0AA7542A, cid=800, SUCCESS, logIndex=1029, commits[b461a7b0-028a-4eb5-b268-b89ac225aff8:c1030, b6ff45f5-67b8-463b-a273-c2e7d9dadd75:c1026, 6a5cb75f-f7eb-4671-9a85-3b6f7898f6cc:c1026]
2019-08-28 21:29:27,198 [grpc-default-executor-3] INFO  client.GrpcClientProtocolClient (GrpcClientProtocolClient.java:onNext(255)) - client-05DA20D107F8->b461a7b0-028a-4eb5-b268-b89ac225aff8: receive RaftClientReply:client-05DA20D107F8->b461a7b0-028a-4eb5-b268-b89ac225aff8@group-0C8C0AA7542A, cid=801, SUCCESS, logIndex=1030, commits[b461a7b0-028a-4eb5-b268-b89ac225aff8:c1030, b6ff45f5-67b8-463b-a273-c2e7d9dadd75:c1026, 6a5cb75f-f7eb-4671-9a85-3b6f7898f6cc:c1026]
2019-08-28 21:29:27,217 | INFO  | DNAudit | user=null | ip=null | op=WRITE_CHUNK {blockData=conID: 1 locID: 102696731549237671 bcsId: 0} | ret=SUCCESS |  
2019-08-28 21:29:27,218 | INFO  | DNAudit | user=null | ip=null | op=WRITE_CHUNK {blockData=conID: 1 locID: 102696731549237671 bcsId: 0} | ret=SUCCESS |  
2019-08-28 21:29:27,218 | INFO  | DNAudit | user=null | ip=null | op=PUT_BLOCK {blockData=[blockId=conID: 1 locID: 102696731549237671 bcsId: 0,size=1048576]} | ret=SUCCESS |  
2019-08-28 21:29:27,218 | INFO  | DNAudit | user=null | ip=null | op=WRITE_CHUNK {blockData=conID: 1 locID: 102696731549237671 bcsId: 0} | ret=SUCCESS |  
2019-08-28 21:29:27,218 | INFO  | DNAudit | user=null | ip=null | op=PUT_BLOCK {blockData=[blockId=conID: 1 locID: 102696731549237671 bcsId: 0,size=2097152]} | ret=SUCCESS |  
2019-08-28 21:29:27,218 | INFO  | DNAudit | user=null | ip=null | op=PUT_BLOCK {blockData=[blockId=conID: 1 locID: 102696731549237671 bcsId: 0,size=2097152]} | ret=SUCCESS |  
2019-08-28 21:29:27,218 [grpc-default-executor-3] INFO  client.GrpcClientProtocolClient (GrpcClientProtocolClient.java:onNext(255)) - client-05DA20D107F8->b461a7b0-028a-4eb5-b268-b89ac225aff8: receive RaftClientReply:client-05DA20D107F8->b461a7b0-028a-4eb5-b268-b89ac225aff8@group-0C8C0AA7542A, cid=802, SUCCESS, logIndex=0, commits[b461a7b0-028a-4eb5-b268-b89ac225aff8:c1031, b6ff45f5-67b8-463b-a273-c2e7d9dadd75:c1028, 6a5cb75f-f7eb-4671-9a85-3b6f7898f6cc:c1028]
2019-08-28 21:29:27,225 | INFO  | DNAudit | user=null | ip=null | op=WRITE_CHUNK {blockData=conID: 1 locID: 102696731549237671 bcsId: 1030} | ret=SUCCESS |  
2019-08-28 21:29:27,228 | INFO  | DNAudit | user=null | ip=null | op=WRITE_CHUNK {blockData=conID: 1 locID: 102696731549237671 bcsId: 1030} | ret=SUCCESS |  
2019-08-28 21:29:27,228 | INFO  | DNAudit | user=null | ip=null | op=WRITE_CHUNK {blockData=conID: 1 locID: 102696731549237671 bcsId: 1030} | ret=SUCCESS |  
2019-08-28 21:29:27,241 | INFO  | DNAudit | user=null | ip=null | op=WRITE_CHUNK {blockData=conID: 1 locID: 102696731549237671 bcsId: 1030} | ret=SUCCESS |  
2019-08-28 21:29:27,241 | INFO  | DNAudit | user=null | ip=null | op=PUT_BLOCK {blockData=[blockId=conID: 1 locID: 102696731549237671 bcsId: 0,size=3145728]} | ret=SUCCESS |  
2019-08-28 21:29:27,242 [grpc-default-executor-5] INFO  client.GrpcClientProtocolClient (GrpcClientProtocolClient.java:onNext(255)) - client-05DA20D107F8->b461a7b0-028a-4eb5-b268-b89ac225aff8: receive RaftClientReply:client-05DA20D107F8->b461a7b0-028a-4eb5-b268-b89ac225aff8@group-0C8C0AA7542A, cid=803, SUCCESS, logIndex=1035, commits[b461a7b0-028a-4eb5-b268-b89ac225aff8:c1036, b6ff45f5-67b8-463b-a273-c2e7d9dadd75:c1034, 6a5cb75f-f7eb-4671-9a85-3b6f7898f6cc:c1034]
2019-08-28 21:29:27,242 [grpc-default-executor-5] INFO  client.GrpcClientProtocolClient (GrpcClientProtocolClient.java:onNext(255)) - client-05DA20D107F8->b461a7b0-028a-4eb5-b268-b89ac225aff8: receive RaftClientReply:client-05DA20D107F8->b461a7b0-028a-4eb5-b268-b89ac225aff8@group-0C8C0AA7542A, cid=804, SUCCESS, logIndex=1036, commits[b461a7b0-028a-4eb5-b268-b89ac225aff8:c1036, b6ff45f5-67b8-463b-a273-c2e7d9dadd75:c1034, 6a5cb75f-f7eb-4671-9a85-3b6f7898f6cc:c1034]
2019-08-28 21:29:27,248 | INFO  | DNAudit | user=null | ip=null | op=WRITE_CHUNK {blockData=conID: 1 locID: 102696731549237671 bcsId: 1036} | ret=SUCCESS |  
2019-08-28 21:29:27,251 | INFO  | DNAudit | user=null | ip=null | op=WRITE_CHUNK {blockData=conID: 1 locID: 102696731549237671 bcsId: 1036} | ret=SUCCESS |  
2019-08-28 21:29:27,251 | INFO  | DNAudit | user=null | ip=null | op=WRITE_CHUNK {blockData=conID: 1 locID: 102696731549237671 bcsId: 1036} | ret=SUCCESS |  
2019-08-28 21:29:27,260 | INFO  | DNAudit | user=null | ip=null | op=WRITE_CHUNK {blockData=conID: 1 locID: 102696731549237671 bcsId: 1030} | ret=SUCCESS |  
2019-08-28 21:29:27,260 | INFO  | DNAudit | user=null | ip=null | op=WRITE_CHUNK {blockData=conID: 1 locID: 102696731549237671 bcsId: 1030} | ret=SUCCESS |  
2019-08-28 21:29:27,272 | INFO  | DNAudit | user=null | ip=null | op=PUT_BLOCK {blockData=[blockId=conID: 1 locID: 102696731549237671 bcsId: 0,size=3145728]} | ret=SUCCESS |  
2019-08-28 21:29:27,272 | INFO  | DNAudit | user=null | ip=null | op=PUT_BLOCK {blockData=[blockId=conID: 1 locID: 102696731549237671 bcsId: 0,size=3145728]} | ret=SUCCESS |  
2019-08-28 21:29:27,274 | INFO  | DNAudit | user=null | ip=null | op=WRITE_CHUNK {blockData=conID: 1 locID: 102696731549237671 bcsId: 1036} | ret=SUCCESS |  
2019-08-28 21:29:27,274 | INFO  | DNAudit | user=null | ip=null | op=PUT_BLOCK {blockData=[blockId=conID: 1 locID: 102696731549237671 bcsId: 0,size=4194304]} | ret=SUCCESS |  
2019-08-28 21:29:27,275 [grpc-default-executor-3] INFO  client.GrpcClientProtocolClient (GrpcClientProtocolClient.java:onNext(255)) - client-05DA20D107F8->b461a7b0-028a-4eb5-b268-b89ac225aff8: receive RaftClientReply:client-05DA20D107F8->b461a7b0-028a-4eb5-b268-b89ac225aff8@group-0C8C0AA7542A, cid=805, SUCCESS, logIndex=1039, commits[b461a7b0-028a-4eb5-b268-b89ac225aff8:c1040, b6ff45f5-67b8-463b-a273-c2e7d9dadd75:c1036, 6a5cb75f-f7eb-4671-9a85-3b6f7898f6cc:c1036]
2019-08-28 21:29:27,275 [grpc-default-executor-3] INFO  client.GrpcClientProtocolClient (GrpcClientProtocolClient.java:onNext(255)) - client-05DA20D107F8->b461a7b0-028a-4eb5-b268-b89ac225aff8: receive RaftClientReply:client-05DA20D107F8->b461a7b0-028a-4eb5-b268-b89ac225aff8@group-0C8C0AA7542A, cid=806, SUCCESS, logIndex=1040, commits[b461a7b0-028a-4eb5-b268-b89ac225aff8:c1040, b6ff45f5-67b8-463b-a273-c2e7d9dadd75:c1036, 6a5cb75f-f7eb-4671-9a85-3b6f7898f6cc:c1036]
2019-08-28 21:29:27,298 | INFO  | DNAudit | user=null | ip=null | op=WRITE_CHUNK {blockData=conID: 1 locID: 102696731549237671 bcsId: 1036} | ret=SUCCESS |  
2019-08-28 21:29:27,298 | INFO  | DNAudit | user=null | ip=null | op=WRITE_CHUNK {blockData=conID: 1 locID: 102696731549237671 bcsId: 1036} | ret=SUCCESS |  
2019-08-28 21:29:27,299 | INFO  | DNAudit | user=null | ip=null | op=PUT_BLOCK {blockData=[blockId=conID: 1 locID: 102696731549237671 bcsId: 0,size=4194304]} | ret=SUCCESS |  
2019-08-28 21:29:27,299 | INFO  | DNAudit | user=null | ip=null | op=PUT_BLOCK {blockData=[blockId=conID: 1 locID: 102696731549237671 bcsId: 0,size=4194304]} | ret=SUCCESS |  
2019-08-28 21:29:27,300 [grpc-default-executor-3] INFO  client.GrpcClientProtocolClient (GrpcClientProtocolClient.java:onNext(255)) - client-05DA20D107F8->b461a7b0-028a-4eb5-b268-b89ac225aff8: receive RaftClientReply:client-05DA20D107F8->b461a7b0-028a-4eb5-b268-b89ac225aff8@group-0C8C0AA7542A, cid=807, SUCCESS, logIndex=0, commits[b461a7b0-028a-4eb5-b268-b89ac225aff8:c1042, b6ff45f5-67b8-463b-a273-c2e7d9dadd75:c1040, 6a5cb75f-f7eb-4671-9a85-3b6f7898f6cc:c1040]
2019-08-28 21:29:27,307 | INFO  | DNAudit | user=null | ip=null | op=WRITE_CHUNK {blockData=conID: 2 locID: 102696731549237672 bcsId: 0} | ret=SUCCESS |  
2019-08-28 21:29:27,309 | INFO  | DNAudit | user=null | ip=null | op=WRITE_CHUNK {blockData=conID: 2 locID: 102696731549237672 bcsId: 0} | ret=SUCCESS |  
2019-08-28 21:29:27,309 | INFO  | DNAudit | user=null | ip=null | op=WRITE_CHUNK {blockData=conID: 2 locID: 102696731549237672 bcsId: 0} | ret=SUCCESS |  
2019-08-28 21:29:27,310 | INFO  | DNAudit | user=null | ip=null | op=WRITE_CHUNK {blockData=conID: 2 locID: 102696731549237672 bcsId: 0} | ret=SUCCESS |  
2019-08-28 21:29:27,310 | INFO  | DNAudit | user=null | ip=null | op=WRITE_CHUNK {blockData=conID: 2 locID: 102696731549237672 bcsId: 0} | ret=SUCCESS |  
2019-08-28 21:29:27,311 | INFO  | DNAudit | user=null | ip=null | op=WRITE_CHUNK {blockData=conID: 2 locID: 102696731549237672 bcsId: 0} | ret=SUCCESS |  
2019-08-28 21:29:27,332 | INFO  | DNAudit | user=null | ip=null | op=WRITE_CHUNK {blockData=conID: 2 locID: 102696731549237672 bcsId: 0} | ret=SUCCESS |  
2019-08-28 21:29:27,332 | INFO  | DNAudit | user=null | ip=null | op=PUT_BLOCK {blockData=[blockId=conID: 2 locID: 102696731549237672 bcsId: 0,size=1048576]} | ret=SUCCESS |  
2019-08-28 21:29:27,333 | INFO  | DNAudit | user=null | ip=null | op=WRITE_CHUNK {blockData=conID: 2 locID: 102696731549237672 bcsId: 0} | ret=SUCCESS |  
2019-08-28 21:29:27,332 [grpc-default-executor-5] INFO  client.GrpcClientProtocolClient (GrpcClientProtocolClient.java:onNext(255)) - client-05DA20D107F8->b461a7b0-028a-4eb5-b268-b89ac225aff8: receive RaftClientReply:client-05DA20D107F8->b461a7b0-028a-4eb5-b268-b89ac225aff8@group-0C8C0AA7542A, cid=808, SUCCESS, logIndex=1043, commits[b461a7b0-028a-4eb5-b268-b89ac225aff8:c1046, b6ff45f5-67b8-463b-a273-c2e7d9dadd75:c1042, 6a5cb75f-f7eb-4671-9a85-3b6f7898f6cc:c1042]
2019-08-28 21:29:27,333 | INFO  | DNAudit | user=null | ip=null | op=PUT_BLOCK {blockData=[blockId=conID: 2 locID: 102696731549237672 bcsId: 0,size=2097152]} | ret=SUCCESS |  
2019-08-28 21:29:27,333 [grpc-default-executor-5] INFO  client.GrpcClientProtocolClient (GrpcClientProtocolClient.java:onNext(255)) - client-05DA20D107F8->b461a7b0-028a-4eb5-b268-b89ac225aff8: receive RaftClientReply:client-05DA20D107F8->b461a7b0-028a-4eb5-b268-b89ac225aff8@group-0C8C0AA7542A, cid=809, SUCCESS, logIndex=1044, commits[b461a7b0-028a-4eb5-b268-b89ac225aff8:c1046, b6ff45f5-67b8-463b-a273-c2e7d9dadd75:c1042, 6a5cb75f-f7eb-4671-9a85-3b6f7898f6cc:c1042]
2019-08-28 21:29:27,334 | INFO  | DNAudit | user=null | ip=null | op=WRITE_CHUNK {blockData=conID: 2 locID: 102696731549237672 bcsId: 0} | ret=SUCCESS |  
2019-08-28 21:29:27,334 [grpc-default-executor-5] INFO  client.GrpcClientProtocolClient (GrpcClientProtocolClient.java:onNext(255)) - client-05DA20D107F8->b461a7b0-028a-4eb5-b268-b89ac225aff8: receive RaftClientReply:client-05DA20D107F8->b461a7b0-028a-4eb5-b268-b89ac225aff8@group-0C8C0AA7542A, cid=810, SUCCESS, logIndex=1045, commits[b461a7b0-028a-4eb5-b268-b89ac225aff8:c1046, b6ff45f5-67b8-463b-a273-c2e7d9dadd75:c1042, 6a5cb75f-f7eb-4671-9a85-3b6f7898f6cc:c1042]
2019-08-28 21:29:27,334 | INFO  | DNAudit | user=null | ip=null | op=WRITE_CHUNK {blockData=conID: 2 locID: 102696731549237672 bcsId: 0} | ret=SUCCESS |  
2019-08-28 21:29:27,334 | INFO  | DNAudit | user=null | ip=null | op=PUT_BLOCK {blockData=[blockId=conID: 2 locID: 102696731549237672 bcsId: 0,size=1048576]} | ret=SUCCESS |  
2019-08-28 21:29:27,334 [grpc-default-executor-5] INFO  client.GrpcClientProtocolClient (GrpcClientProtocolClient.java:onNext(255)) - client-05DA20D107F8->b461a7b0-028a-4eb5-b268-b89ac225aff8: receive RaftClientReply:client-05DA20D107F8->b461a7b0-028a-4eb5-b268-b89ac225aff8@group-0C8C0AA7542A, cid=811, SUCCESS, logIndex=1046, commits[b461a7b0-028a-4eb5-b268-b89ac225aff8:c1046, b6ff45f5-67b8-463b-a273-c2e7d9dadd75:c1042, 6a5cb75f-f7eb-4671-9a85-3b6f7898f6cc:c1042]
2019-08-28 21:29:27,334 | INFO  | DNAudit | user=null | ip=null | op=PUT_BLOCK {blockData=[blockId=conID: 2 locID: 102696731549237672 bcsId: 0,size=1048576]} | ret=SUCCESS |  
2019-08-28 21:29:27,335 | INFO  | DNAudit | user=null | ip=null | op=WRITE_CHUNK {blockData=conID: 2 locID: 102696731549237672 bcsId: 0} | ret=SUCCESS |  
2019-08-28 21:29:27,335 | INFO  | DNAudit | user=null | ip=null | op=WRITE_CHUNK {blockData=conID: 2 locID: 102696731549237672 bcsId: 0} | ret=SUCCESS |  
2019-08-28 21:29:27,335 | INFO  | DNAudit | user=null | ip=null | op=PUT_BLOCK {blockData=[blockId=conID: 2 locID: 102696731549237672 bcsId: 0,size=2097152]} | ret=SUCCESS |  
2019-08-28 21:29:27,335 | INFO  | DNAudit | user=null | ip=null | op=PUT_BLOCK {blockData=[blockId=conID: 2 locID: 102696731549237672 bcsId: 0,size=2097152]} | ret=SUCCESS |  
2019-08-28 21:29:27,335 [grpc-default-executor-6] INFO  client.GrpcClientProtocolClient (GrpcClientProtocolClient.java:onNext(255)) - client-05DA20D107F8->b461a7b0-028a-4eb5-b268-b89ac225aff8: receive RaftClientReply:client-05DA20D107F8->b461a7b0-028a-4eb5-b268-b89ac225aff8@group-0C8C0AA7542A, cid=812, SUCCESS, logIndex=0, commits[b461a7b0-028a-4eb5-b268-b89ac225aff8:c1047, b6ff45f5-67b8-463b-a273-c2e7d9dadd75:c1044, 6a5cb75f-f7eb-4671-9a85-3b6f7898f6cc:c1044]
2019-08-28 21:29:27,343 | INFO  | DNAudit | user=null | ip=null | op=WRITE_CHUNK {blockData=conID: 2 locID: 102696731549237672 bcsId: 1046} | ret=SUCCESS |  
2019-08-28 21:29:27,344 | INFO  | DNAudit | user=null | ip=null | op=WRITE_CHUNK {blockData=conID: 2 locID: 102696731549237672 bcsId: 1046} | ret=SUCCESS |  
2019-08-28 21:29:27,345 | INFO  | DNAudit | user=null | ip=null | op=WRITE_CHUNK {blockData=conID: 2 locID: 102696731549237672 bcsId: 1046} | ret=SUCCESS |  
2019-08-28 21:29:27,361 | INFO  | DNAudit | user=null | ip=null | op=WRITE_CHUNK {blockData=conID: 2 locID: 102696731549237672 bcsId: 1046} | ret=SUCCESS |  
2019-08-28 21:29:27,362 | INFO  | DNAudit | user=null | ip=null | op=PUT_BLOCK {blockData=[blockId=conID: 2 locID: 102696731549237672 bcsId: 0,size=3145728]} | ret=SUCCESS |  
2019-08-28 21:29:27,362 [grpc-default-executor-2] INFO  client.GrpcClientProtocolClient (GrpcClientProtocolClient.java:onNext(255)) - client-05DA20D107F8->b461a7b0-028a-4eb5-b268-b89ac225aff8: receive RaftClientReply:client-05DA20D107F8->b461a7b0-028a-4eb5-b268-b89ac225aff8@group-0C8C0AA7542A, cid=813, SUCCESS, logIndex=1051, commits[b461a7b0-028a-4eb5-b268-b89ac225aff8:c1052, b6ff45f5-67b8-463b-a273-c2e7d9dadd75:c1050, 6a5cb75f-f7eb-4671-9a85-3b6f7898f6cc:c1050]
2019-08-28 21:29:27,363 [grpc-default-executor-2] INFO  client.GrpcClientProtocolClient (GrpcClientProtocolClient.java:onNext(255)) - client-05DA20D107F8->b461a7b0-028a-4eb5-b268-b89ac225aff8: receive RaftClientReply:client-05DA20D107F8->b461a7b0-028a-4eb5-b268-b89ac225aff8@group-0C8C0AA7542A, cid=814, SUCCESS, logIndex=1052, commits[b461a7b0-028a-4eb5-b268-b89ac225aff8:c1052, b6ff45f5-67b8-463b-a273-c2e7d9dadd75:c1050, 6a5cb75f-f7eb-4671-9a85-3b6f7898f6cc:c1050]
2019-08-28 21:29:27,370 | INFO  | DNAudit | user=null | ip=null | op=WRITE_CHUNK {blockData=conID: 2 locID: 102696731549237672 bcsId: 1052} | ret=SUCCESS |  
2019-08-28 21:29:27,372 | INFO  | DNAudit | user=null | ip=null | op=WRITE_CHUNK {blockData=conID: 2 locID: 102696731549237672 bcsId: 1052} | ret=SUCCESS |  
2019-08-28 21:29:27,373 | INFO  | DNAudit | user=null | ip=null | op=WRITE_CHUNK {blockData=conID: 2 locID: 102696731549237672 bcsId: 1052} | ret=SUCCESS |  
2019-08-28 21:29:27,373 | INFO  | DNAudit | user=null | ip=null | op=WRITE_CHUNK {blockData=conID: 2 locID: 102696731549237672 bcsId: 1046} | ret=SUCCESS |  
2019-08-28 21:29:27,373 | INFO  | DNAudit | user=null | ip=null | op=WRITE_CHUNK {blockData=conID: 2 locID: 102696731549237672 bcsId: 1046} | ret=SUCCESS |  
2019-08-28 21:29:27,373 | INFO  | DNAudit | user=null | ip=null | op=PUT_BLOCK {blockData=[blockId=conID: 2 locID: 102696731549237672 bcsId: 0,size=3145728]} | ret=SUCCESS |  
2019-08-28 21:29:27,373 | INFO  | DNAudit | user=null | ip=null | op=PUT_BLOCK {blockData=[blockId=conID: 2 locID: 102696731549237672 bcsId: 0,size=3145728]} | ret=SUCCESS |  
2019-08-28 21:29:27,375 | INFO  | DNAudit | user=null | ip=null | op=WRITE_CHUNK {blockData=conID: 2 locID: 102696731549237672 bcsId: 1052} | ret=SUCCESS |  
2019-08-28 21:29:27,375 | INFO  | DNAudit | user=null | ip=null | op=PUT_BLOCK {blockData=[blockId=conID: 2 locID: 102696731549237672 bcsId: 0,size=4194304]} | ret=SUCCESS |  
2019-08-28 21:29:27,375 [grpc-default-executor-6] INFO  client.GrpcClientProtocolClient (GrpcClientProtocolClient.java:onNext(255)) - client-05DA20D107F8->b461a7b0-028a-4eb5-b268-b89ac225aff8: receive RaftClientReply:client-05DA20D107F8->b461a7b0-028a-4eb5-b268-b89ac225aff8@group-0C8C0AA7542A, cid=815, SUCCESS, logIndex=1055, commits[b461a7b0-028a-4eb5-b268-b89ac225aff8:c1056, b6ff45f5-67b8-463b-a273-c2e7d9dadd75:c1052, 6a5cb75f-f7eb-4671-9a85-3b6f7898f6cc:c1052]
2019-08-28 21:29:27,376 [grpc-default-executor-6] INFO  client.GrpcClientProtocolClient (GrpcClientProtocolClient.java:onNext(255)) - client-05DA20D107F8->b461a7b0-028a-4eb5-b268-b89ac225aff8: receive RaftClientReply:client-05DA20D107F8->b461a7b0-028a-4eb5-b268-b89ac225aff8@group-0C8C0AA7542A, cid=816, SUCCESS, logIndex=1056, commits[b461a7b0-028a-4eb5-b268-b89ac225aff8:c1056, b6ff45f5-67b8-463b-a273-c2e7d9dadd75:c1052, 6a5cb75f-f7eb-4671-9a85-3b6f7898f6cc:c1052]
2019-08-28 21:29:27,384 | INFO  | SCMAudit | user=jenkins1000 | ip=192.168.36.107 | op=SEND_HEARTBEAT {datanodeUUID=68f89a68-6a96-4cde-8528-8617611d459d, command=[]} | ret=SUCCESS |  
2019-08-28 21:29:27,384 | INFO  | SCMAudit | user=jenkins1000 | ip=192.168.36.107 | op=SEND_HEARTBEAT {datanodeUUID=af4986ea-80d8-4c92-96d2-2b3929a4248a, command=[]} | ret=SUCCESS |  
2019-08-28 21:29:27,394 | INFO  | DNAudit | user=null | ip=null | op=WRITE_CHUNK {blockData=conID: 2 locID: 102696731549237672 bcsId: 1052} | ret=SUCCESS |  
2019-08-28 21:29:27,394 | INFO  | DNAudit | user=null | ip=null | op=WRITE_CHUNK {blockData=conID: 2 locID: 102696731549237672 bcsId: 1052} | ret=SUCCESS |  
2019-08-28 21:29:27,394 | INFO  | DNAudit | user=null | ip=null | op=PUT_BLOCK {blockData=[blockId=conID: 2 locID: 102696731549237672 bcsId: 0,size=4194304]} | ret=SUCCESS |  
2019-08-28 21:29:27,394 | INFO  | DNAudit | user=null | ip=null | op=PUT_BLOCK {blockData=[blockId=conID: 2 locID: 102696731549237672 bcsId: 0,size=4194304]} | ret=SUCCESS |  
2019-08-28 21:29:27,394 [grpc-default-executor-3] INFO  client.GrpcClientProtocolClient (GrpcClientProtocolClient.java:onNext(255)) - client-05DA20D107F8->b461a7b0-028a-4eb5-b268-b89ac225aff8: receive RaftClientReply:client-05DA20D107F8->b461a7b0-028a-4eb5-b268-b89ac225aff8@group-0C8C0AA7542A, cid=817, SUCCESS, logIndex=0, commits[b461a7b0-028a-4eb5-b268-b89ac225aff8:c1056, b6ff45f5-67b8-463b-a273-c2e7d9dadd75:c1056, 6a5cb75f-f7eb-4671-9a85-3b6f7898f6cc:c1056]
2019-08-28 21:29:27,403 | INFO  | DNAudit | user=null | ip=null | op=WRITE_CHUNK {blockData=conID: 3 locID: 102696731549237673 bcsId: 0} | ret=SUCCESS |  
2019-08-28 21:29:27,403 | INFO  | DNAudit | user=null | ip=null | op=WRITE_CHUNK {blockData=conID: 3 locID: 102696731549237673 bcsId: 0} | ret=SUCCESS |  
2019-08-28 21:29:27,403 | INFO  | DNAudit | user=null | ip=null | op=WRITE_CHUNK {blockData=conID: 3 locID: 102696731549237673 bcsId: 0} | ret=SUCCESS |  
2019-08-28 21:29:27,405 | INFO  | DNAudit | user=null | ip=null | op=WRITE_CHUNK {blockData=conID: 3 locID: 102696731549237673 bcsId: 0} | ret=SUCCESS |  
2019-08-28 21:29:27,406 | INFO  | DNAudit | user=null | ip=null | op=WRITE_CHUNK {blockData=conID: 3 locID: 102696731549237673 bcsId: 0} | ret=SUCCESS |  
2019-08-28 21:29:27,406 | INFO  | DNAudit | user=null | ip=null | op=WRITE_CHUNK {blockData=conID: 3 locID: 102696731549237673 bcsId: 0} | ret=SUCCESS |  
2019-08-28 21:29:27,412 | INFO  | DNAudit | user=null | ip=null | op=WRITE_CHUNK {blockData=conID: 3 locID: 102696731549237673 bcsId: 0} | ret=SUCCESS |  
2019-08-28 21:29:27,412 | INFO  | DNAudit | user=null | ip=null | op=PUT_BLOCK {blockData=[blockId=conID: 3 locID: 102696731549237673 bcsId: 0,size=1048576]} | ret=SUCCESS |  
2019-08-28 21:29:27,413 | INFO  | DNAudit | user=null | ip=null | op=WRITE_CHUNK {blockData=conID: 3 locID: 102696731549237673 bcsId: 0} | ret=SUCCESS |  
2019-08-28 21:29:27,413 | INFO  | DNAudit | user=null | ip=null | op=PUT_BLOCK {blockData=[blockId=conID: 3 locID: 102696731549237673 bcsId: 0,size=2097152]} | ret=SUCCESS |  
2019-08-28 21:29:27,413 [grpc-default-executor-3] INFO  client.GrpcClientProtocolClient (GrpcClientProtocolClient.java:onNext(255)) - client-05DA20D107F8->b461a7b0-028a-4eb5-b268-b89ac225aff8: receive RaftClientReply:client-05DA20D107F8->b461a7b0-028a-4eb5-b268-b89ac225aff8@group-0C8C0AA7542A, cid=818, SUCCESS, logIndex=1059, commits[b461a7b0-028a-4eb5-b268-b89ac225aff8:c1060, b6ff45f5-67b8-463b-a273-c2e7d9dadd75:c1057, 6a5cb75f-f7eb-4671-9a85-3b6f7898f6cc:c1056]
2019-08-28 21:29:27,414 [grpc-default-executor-3] INFO  client.GrpcClientProtocolClient (GrpcClientProtocolClient.java:onNext(255)) - client-05DA20D107F8->b461a7b0-028a-4eb5-b268-b89ac225aff8: receive RaftClientReply:client-05DA20D107F8->b461a7b0-028a-4eb5-b268-b89ac225aff8@group-0C8C0AA7542A, cid=819, SUCCESS, logIndex=1060, commits[b461a7b0-028a-4eb5-b268-b89ac225aff8:c1062, b6ff45f5-67b8-463b-a273-c2e7d9dadd75:c1057, 6a5cb75f-f7eb-4671-9a85-3b6f7898f6cc:c1057]
2019-08-28 21:29:27,414 [grpc-default-executor-3] INFO  client.GrpcClientProtocolClient (GrpcClientProtocolClient.java:onNext(255)) - client-05DA20D107F8->b461a7b0-028a-4eb5-b268-b89ac225aff8: receive RaftClientReply:client-05DA20D107F8->b461a7b0-028a-4eb5-b268-b89ac225aff8@group-0C8C0AA7542A, cid=820, SUCCESS, logIndex=1061, commits[b461a7b0-028a-4eb5-b268-b89ac225aff8:c1062, b6ff45f5-67b8-463b-a273-c2e7d9dadd75:c1057, 6a5cb75f-f7eb-4671-9a85-3b6f7898f6cc:c1057]
2019-08-28 21:29:27,414 [grpc-default-executor-3] INFO  client.GrpcClientProtocolClient (GrpcClientProtocolClient.java:onNext(255)) - client-05DA20D107F8->b461a7b0-028a-4eb5-b268-b89ac225aff8: receive RaftClientReply:client-05DA20D107F8->b461a7b0-028a-4eb5-b268-b89ac225aff8@group-0C8C0AA7542A, cid=821, SUCCESS, logIndex=1062, commits[b461a7b0-028a-4eb5-b268-b89ac225aff8:c1062, b6ff45f5-67b8-463b-a273-c2e7d9dadd75:c1057, 6a5cb75f-f7eb-4671-9a85-3b6f7898f6cc:c1057]
2019-08-28 21:29:27,437 | INFO  | DNAudit | user=null | ip=null | op=WRITE_CHUNK {blockData=conID: 3 locID: 102696731549237673 bcsId: 0} | ret=SUCCESS |  
2019-08-28 21:29:27,437 | INFO  | DNAudit | user=null | ip=null | op=WRITE_CHUNK {blockData=conID: 3 locID: 102696731549237673 bcsId: 0} | ret=SUCCESS |  
2019-08-28 21:29:27,437 | INFO  | DNAudit | user=null | ip=null | op=PUT_BLOCK {blockData=[blockId=conID: 3 locID: 102696731549237673 bcsId: 0,size=1048576]} | ret=SUCCESS |  
2019-08-28 21:29:27,438 | INFO  | DNAudit | user=null | ip=null | op=PUT_BLOCK {blockData=[blockId=conID: 3 locID: 102696731549237673 bcsId: 0,size=1048576]} | ret=SUCCESS |  
2019-08-28 21:29:27,438 | INFO  | DNAudit | user=null | ip=null | op=WRITE_CHUNK {blockData=conID: 3 locID: 102696731549237673 bcsId: 0} | ret=SUCCESS |  
2019-08-28 21:29:27,438 | INFO  | DNAudit | user=null | ip=null | op=WRITE_CHUNK {blockData=conID: 3 locID: 102696731549237673 bcsId: 0} | ret=SUCCESS |  
2019-08-28 21:29:27,438 | INFO  | DNAudit | user=null | ip=null | op=PUT_BLOCK {blockData=[blockId=conID: 3 locID: 102696731549237673 bcsId: 0,size=2097152]} | ret=SUCCESS |  
2019-08-28 21:29:27,438 | INFO  | DNAudit | user=null | ip=null | op=PUT_BLOCK {blockData=[blockId=conID: 3 locID: 102696731549237673 bcsId: 0,size=2097152]} | ret=SUCCESS |  
2019-08-28 21:29:27,438 [grpc-default-executor-5] INFO  client.GrpcClientProtocolClient (GrpcClientProtocolClient.java:onNext(255)) - client-05DA20D107F8->b461a7b0-028a-4eb5-b268-b89ac225aff8: receive RaftClientReply:client-05DA20D107F8->b461a7b0-028a-4eb5-b268-b89ac225aff8@group-0C8C0AA7542A, cid=822, SUCCESS, logIndex=0, commits[b461a7b0-028a-4eb5-b268-b89ac225aff8:c1064, b6ff45f5-67b8-463b-a273-c2e7d9dadd75:c1060, 6a5cb75f-f7eb-4671-9a85-3b6f7898f6cc:c1060]
2019-08-28 21:29:27,445 | INFO  | DNAudit | user=null | ip=null | op=WRITE_CHUNK {blockData=conID: 3 locID: 102696731549237673 bcsId: 1062} | ret=SUCCESS |  
2019-08-28 21:29:27,447 | INFO  | DNAudit | user=null | ip=null | op=WRITE_CHUNK {blockData=conID: 3 locID: 102696731549237673 bcsId: 1062} | ret=SUCCESS |  
2019-08-28 21:29:27,448 | INFO  | DNAudit | user=null | ip=null | op=WRITE_CHUNK {blockData=conID: 3 locID: 102696731549237673 bcsId: 1062} | ret=SUCCESS |  
2019-08-28 21:29:27,451 | INFO  | DNAudit | user=null | ip=null | op=WRITE_CHUNK {blockData=conID: 3 locID: 102696731549237673 bcsId: 1062} | ret=SUCCESS |  
2019-08-28 21:29:27,451 | INFO  | DNAudit | user=null | ip=null | op=PUT_BLOCK {blockData=[blockId=conID: 3 locID: 102696731549237673 bcsId: 0,size=3145728]} | ret=SUCCESS |  
2019-08-28 21:29:27,451 [grpc-default-executor-3] INFO  client.GrpcClientProtocolClient (GrpcClientProtocolClient.java:onNext(255)) - client-05DA20D107F8->b461a7b0-028a-4eb5-b268-b89ac225aff8: receive RaftClientReply:client-05DA20D107F8->b461a7b0-028a-4eb5-b268-b89ac225aff8@group-0C8C0AA7542A, cid=823, SUCCESS, logIndex=1066, commits[b461a7b0-028a-4eb5-b268-b89ac225aff8:c1067, b6ff45f5-67b8-463b-a273-c2e7d9dadd75:c1065, 6a5cb75f-f7eb-4671-9a85-3b6f7898f6cc:c1065]
2019-08-28 21:29:27,452 [grpc-default-executor-3] INFO  client.GrpcClientProtocolClient (GrpcClientProtocolClient.java:onNext(255)) - client-05DA20D107F8->b461a7b0-028a-4eb5-b268-b89ac225aff8: receive RaftClientReply:client-05DA20D107F8->b461a7b0-028a-4eb5-b268-b89ac225aff8@group-0C8C0AA7542A, cid=824, SUCCESS, logIndex=1067, commits[b461a7b0-028a-4eb5-b268-b89ac225aff8:c1067, b6ff45f5-67b8-463b-a273-c2e7d9dadd75:c1065, 6a5cb75f-f7eb-4671-9a85-3b6f7898f6cc:c1065]
2019-08-28 21:29:27,458 | INFO  | DNAudit | user=null | ip=null | op=WRITE_CHUNK {blockData=conID: 3 locID: 102696731549237673 bcsId: 1067} | ret=SUCCESS |  
2019-08-28 21:29:27,460 | INFO  | DNAudit | user=null | ip=null | op=WRITE_CHUNK {blockData=conID: 3 locID: 102696731549237673 bcsId: 1067} | ret=SUCCESS |  
2019-08-28 21:29:27,460 | INFO  | DNAudit | user=null | ip=null | op=WRITE_CHUNK {blockData=conID: 3 locID: 102696731549237673 bcsId: 1067} | ret=SUCCESS |  
2019-08-28 21:29:27,472 | INFO  | DNAudit | user=null | ip=null | op=WRITE_CHUNK {blockData=conID: 3 locID: 102696731549237673 bcsId: 1062} | ret=SUCCESS |  
2019-08-28 21:29:27,472 | INFO  | DNAudit | user=null | ip=null | op=WRITE_CHUNK {blockData=conID: 3 locID: 102696731549237673 bcsId: 1062} | ret=SUCCESS |  
2019-08-28 21:29:27,504 | INFO  | DNAudit | user=null | ip=null | op=PUT_BLOCK {blockData=[blockId=conID: 3 locID: 102696731549237673 bcsId: 0,size=3145728]} | ret=SUCCESS |  
2019-08-28 21:29:27,504 | INFO  | DNAudit | user=null | ip=null | op=PUT_BLOCK {blockData=[blockId=conID: 3 locID: 102696731549237673 bcsId: 0,size=3145728]} | ret=SUCCESS |  
2019-08-28 21:29:27,505 | INFO  | DNAudit | user=null | ip=null | op=WRITE_CHUNK {blockData=conID: 3 locID: 102696731549237673 bcsId: 1067} | ret=SUCCESS |  
2019-08-28 21:29:27,505 | INFO  | DNAudit | user=null | ip=null | op=PUT_BLOCK {blockData=[blockId=conID: 3 locID: 102696731549237673 bcsId: 0,size=4194304]} | ret=SUCCESS |  
2019-08-28 21:29:27,505 [grpc-default-executor-2] INFO  client.GrpcClientProtocolClient (GrpcClientProtocolClient.java:onNext(255)) - client-05DA20D107F8->b461a7b0-028a-4eb5-b268-b89ac225aff8: receive RaftClientReply:client-05DA20D107F8->b461a7b0-028a-4eb5-b268-b89ac225aff8@group-0C8C0AA7542A, cid=825, SUCCESS, logIndex=1070, commits[b461a7b0-028a-4eb5-b268-b89ac225aff8:c1071, b6ff45f5-67b8-463b-a273-c2e7d9dadd75:c1067, 6a5cb75f-f7eb-4671-9a85-3b6f7898f6cc:c1067]
2019-08-28 21:29:27,506 [grpc-default-executor-2] INFO  client.GrpcClientProtocolClient (GrpcClientProtocolClient.java:onNext(255)) - client-05DA20D107F8->b461a7b0-028a-4eb5-b268-b89ac225aff8: receive RaftClientReply:client-05DA20D107F8->b461a7b0-028a-4eb5-b268-b89ac225aff8@group-0C8C0AA7542A, cid=826, SUCCESS, logIndex=1071, commits[b461a7b0-028a-4eb5-b268-b89ac225aff8:c1071, b6ff45f5-67b8-463b-a273-c2e7d9dadd75:c1067, 6a5cb75f-f7eb-4671-9a85-3b6f7898f6cc:c1067]
2019-08-28 21:29:27,523 | INFO  | DNAudit | user=null | ip=null | op=WRITE_CHUNK {blockData=conID: 3 locID: 102696731549237673 bcsId: 1067} | ret=SUCCESS |  
2019-08-28 21:29:27,523 | INFO  | DNAudit | user=null | ip=null | op=WRITE_CHUNK {blockData=conID: 3 locID: 102696731549237673 bcsId: 1067} | ret=SUCCESS |  
2019-08-28 21:29:27,523 | INFO  | DNAudit | user=null | ip=null | op=PUT_BLOCK {blockData=[blockId=conID: 3 locID: 102696731549237673 bcsId: 0,size=4194304]} | ret=SUCCESS |  
2019-08-28 21:29:27,524 | INFO  | DNAudit | user=null | ip=null | op=PUT_BLOCK {blockData=[blockId=conID: 3 locID: 102696731549237673 bcsId: 0,size=4194304]} | ret=SUCCESS |  
2019-08-28 21:29:27,525 [grpc-default-executor-2] INFO  client.GrpcClientProtocolClient (GrpcClientProtocolClient.java:onNext(255)) - client-05DA20D107F8->b461a7b0-028a-4eb5-b268-b89ac225aff8: receive RaftClientReply:client-05DA20D107F8->b461a7b0-028a-4eb5-b268-b89ac225aff8@group-0C8C0AA7542A, cid=827, SUCCESS, logIndex=0, commits[b461a7b0-028a-4eb5-b268-b89ac225aff8:c1073, b6ff45f5-67b8-463b-a273-c2e7d9dadd75:c1071, 6a5cb75f-f7eb-4671-9a85-3b6f7898f6cc:c1071]
2019-08-28 21:29:27,532 | INFO  | DNAudit | user=null | ip=null | op=WRITE_CHUNK {blockData=conID: 1 locID: 102696731549303210 bcsId: 0} | ret=SUCCESS |  
2019-08-28 21:29:27,534 | INFO  | DNAudit | user=null | ip=null | op=WRITE_CHUNK {blockData=conID: 1 locID: 102696731549303210 bcsId: 0} | ret=SUCCESS |  
2019-08-28 21:29:27,534 | INFO  | DNAudit | user=null | ip=null | op=WRITE_CHUNK {blockData=conID: 1 locID: 102696731549303210 bcsId: 0} | ret=SUCCESS |  
2019-08-28 21:29:27,534 | INFO  | DNAudit | user=null | ip=null | op=WRITE_CHUNK {blockData=conID: 1 locID: 102696731549303210 bcsId: 0} | ret=SUCCESS |  
2019-08-28 21:29:27,536 | INFO  | DNAudit | user=null | ip=null | op=WRITE_CHUNK {blockData=conID: 1 locID: 102696731549303210 bcsId: 0} | ret=SUCCESS |  
2019-08-28 21:29:27,537 | INFO  | DNAudit | user=null | ip=null | op=WRITE_CHUNK {blockData=conID: 1 locID: 102696731549303210 bcsId: 0} | ret=SUCCESS |  
2019-08-28 21:29:27,547 | INFO  | DNAudit | user=null | ip=null | op=WRITE_CHUNK {blockData=conID: 1 locID: 102696731549303210 bcsId: 0} | ret=SUCCESS |  
2019-08-28 21:29:27,548 | INFO  | DNAudit | user=null | ip=null | op=PUT_BLOCK {blockData=[blockId=conID: 1 locID: 102696731549303210 bcsId: 0,size=1048576]} | ret=SUCCESS |  
2019-08-28 21:29:27,548 | INFO  | DNAudit | user=null | ip=null | op=WRITE_CHUNK {blockData=conID: 1 locID: 102696731549303210 bcsId: 0} | ret=SUCCESS |  
2019-08-28 21:29:27,549 [grpc-default-executor-5] INFO  client.GrpcClientProtocolClient (GrpcClientProtocolClient.java:onNext(255)) - client-05DA20D107F8->b461a7b0-028a-4eb5-b268-b89ac225aff8: receive RaftClientReply:client-05DA20D107F8->b461a7b0-028a-4eb5-b268-b89ac225aff8@group-0C8C0AA7542A, cid=828, SUCCESS, logIndex=1074, commits[b461a7b0-028a-4eb5-b268-b89ac225aff8:c1076, b6ff45f5-67b8-463b-a273-c2e7d9dadd75:c1073, 6a5cb75f-f7eb-4671-9a85-3b6f7898f6cc:c1073]
2019-08-28 21:29:27,549 | INFO  | DNAudit | user=null | ip=null | op=PUT_BLOCK {blockData=[blockId=conID: 1 locID: 102696731549303210 bcsId: 0,size=2097152]} | ret=SUCCESS |  
2019-08-28 21:29:27,549 | INFO  | DNAudit | user=null | ip=null | op=WRITE_CHUNK {blockData=conID: 1 locID: 102696731549303210 bcsId: 0} | ret=SUCCESS |  
2019-08-28 21:29:27,549 [grpc-default-executor-5] INFO  client.GrpcClientProtocolClient (GrpcClientProtocolClient.java:onNext(255)) - client-05DA20D107F8->b461a7b0-028a-4eb5-b268-b89ac225aff8: receive RaftClientReply:client-05DA20D107F8->b461a7b0-028a-4eb5-b268-b89ac225aff8@group-0C8C0AA7542A, cid=829, SUCCESS, logIndex=1075, commits[b461a7b0-028a-4eb5-b268-b89ac225aff8:c1077, b6ff45f5-67b8-463b-a273-c2e7d9dadd75:c1073, 6a5cb75f-f7eb-4671-9a85-3b6f7898f6cc:c1073]
2019-08-28 21:29:27,549 | INFO  | DNAudit | user=null | ip=null | op=PUT_BLOCK {blockData=[blockId=conID: 1 locID: 102696731549303210 bcsId: 0,size=1048576]} | ret=SUCCESS |  
2019-08-28 21:29:27,550 | INFO  | DNAudit | user=null | ip=null | op=WRITE_CHUNK {blockData=conID: 1 locID: 102696731549303210 bcsId: 0} | ret=SUCCESS |  
2019-08-28 21:29:27,550 | INFO  | DNAudit | user=null | ip=null | op=PUT_BLOCK {blockData=[blockId=conID: 1 locID: 102696731549303210 bcsId: 0,size=1048576]} | ret=SUCCESS |  
2019-08-28 21:29:27,550 | INFO  | DNAudit | user=null | ip=null | op=WRITE_CHUNK {blockData=conID: 1 locID: 102696731549303210 bcsId: 0} | ret=SUCCESS |  
2019-08-28 21:29:27,550 [grpc-default-executor-5] INFO  client.GrpcClientProtocolClient (GrpcClientProtocolClient.java:onNext(255)) - client-05DA20D107F8->b461a7b0-028a-4eb5-b268-b89ac225aff8: receive RaftClientReply:client-05DA20D107F8->b461a7b0-028a-4eb5-b268-b89ac225aff8@group-0C8C0AA7542A, cid=830, SUCCESS, logIndex=1076, commits[b461a7b0-028a-4eb5-b268-b89ac225aff8:c1077, b6ff45f5-67b8-463b-a273-c2e7d9dadd75:c1073, 6a5cb75f-f7eb-4671-9a85-3b6f7898f6cc:c1073]
2019-08-28 21:29:27,551 | INFO  | DNAudit | user=null | ip=null | op=PUT_BLOCK {blockData=[blockId=conID: 1 locID: 102696731549303210 bcsId: 0,size=2097152]} | ret=SUCCESS |  
2019-08-28 21:29:27,551 | INFO  | DNAudit | user=null | ip=null | op=WRITE_CHUNK {blockData=conID: 1 locID: 102696731549303210 bcsId: 0} | ret=SUCCESS |  
2019-08-28 21:29:27,551 [grpc-default-executor-5] INFO  client.GrpcClientProtocolClient (GrpcClientProtocolClient.java:onNext(255)) - client-05DA20D107F8->b461a7b0-028a-4eb5-b268-b89ac225aff8: receive RaftClientReply:client-05DA20D107F8->b461a7b0-028a-4eb5-b268-b89ac225aff8@group-0C8C0AA7542A, cid=831, SUCCESS, logIndex=1077, commits[b461a7b0-028a-4eb5-b268-b89ac225aff8:c1077, b6ff45f5-67b8-463b-a273-c2e7d9dadd75:c1073, 6a5cb75f-f7eb-4671-9a85-3b6f7898f6cc:c1073]
2019-08-28 21:29:27,551 | INFO  | DNAudit | user=null | ip=null | op=PUT_BLOCK {blockData=[blockId=conID: 1 locID: 102696731549303210 bcsId: 0,size=2097152]} | ret=SUCCESS |  
2019-08-28 21:29:27,552 [grpc-default-executor-5] INFO  client.GrpcClientProtocolClient (GrpcClientProtocolClient.java:onNext(255)) - client-05DA20D107F8->b461a7b0-028a-4eb5-b268-b89ac225aff8: receive RaftClientReply:client-05DA20D107F8->b461a7b0-028a-4eb5-b268-b89ac225aff8@group-0C8C0AA7542A, cid=832, SUCCESS, logIndex=0, commits[b461a7b0-028a-4eb5-b268-b89ac225aff8:c1081, b6ff45f5-67b8-463b-a273-c2e7d9dadd75:c1077, 6a5cb75f-f7eb-4671-9a85-3b6f7898f6cc:c1077]
2019-08-28 21:29:27,558 | INFO  | DNAudit | user=null | ip=null | op=WRITE_CHUNK {blockData=conID: 1 locID: 102696731549303210 bcsId: 1077} | ret=SUCCESS |  
2019-08-28 21:29:27,560 | INFO  | DNAudit | user=null | ip=null | op=WRITE_CHUNK {blockData=conID: 1 locID: 102696731549303210 bcsId: 1077} | ret=SUCCESS |  
2019-08-28 21:29:27,560 | INFO  | DNAudit | user=null | ip=null | op=WRITE_CHUNK {blockData=conID: 1 locID: 102696731549303210 bcsId: 1077} | ret=SUCCESS |  
2019-08-28 21:29:27,583 | INFO  | DNAudit | user=null | ip=null | op=WRITE_CHUNK {blockData=conID: 1 locID: 102696731549303210 bcsId: 1077} | ret=SUCCESS |  
2019-08-28 21:29:27,584 | INFO  | DNAudit | user=null | ip=null | op=PUT_BLOCK {blockData=[blockId=conID: 1 locID: 102696731549303210 bcsId: 0,size=3145728]} | ret=SUCCESS |  
2019-08-28 21:29:27,584 [grpc-default-executor-5] INFO  client.GrpcClientProtocolClient (GrpcClientProtocolClient.java:onNext(255)) - client-05DA20D107F8->b461a7b0-028a-4eb5-b268-b89ac225aff8: receive RaftClientReply:client-05DA20D107F8->b461a7b0-028a-4eb5-b268-b89ac225aff8@group-0C8C0AA7542A, cid=833, SUCCESS, logIndex=1082, commits[b461a7b0-028a-4eb5-b268-b89ac225aff8:c1083, b6ff45f5-67b8-463b-a273-c2e7d9dadd75:c1081, 6a5cb75f-f7eb-4671-9a85-3b6f7898f6cc:c1081]
2019-08-28 21:29:27,584 [grpc-default-executor-5] INFO  client.GrpcClientProtocolClient (GrpcClientProtocolClient.java:onNext(255)) - client-05DA20D107F8->b461a7b0-028a-4eb5-b268-b89ac225aff8: receive RaftClientReply:client-05DA20D107F8->b461a7b0-028a-4eb5-b268-b89ac225aff8@group-0C8C0AA7542A, cid=834, SUCCESS, logIndex=1083, commits[b461a7b0-028a-4eb5-b268-b89ac225aff8:c1083, b6ff45f5-67b8-463b-a273-c2e7d9dadd75:c1081, 6a5cb75f-f7eb-4671-9a85-3b6f7898f6cc:c1081]
2019-08-28 21:29:27,591 | INFO  | DNAudit | user=null | ip=null | op=WRITE_CHUNK {blockData=conID: 1 locID: 102696731549303210 bcsId: 1083} | ret=SUCCESS |  
2019-08-28 21:29:27,593 | INFO  | DNAudit | user=null | ip=null | op=WRITE_CHUNK {blockData=conID: 1 locID: 102696731549303210 bcsId: 1083} | ret=SUCCESS |  
2019-08-28 21:29:27,593 | INFO  | DNAudit | user=null | ip=null | op=WRITE_CHUNK {blockData=conID: 1 locID: 102696731549303210 bcsId: 1083} | ret=SUCCESS |  
2019-08-28 21:29:27,609 | INFO  | DNAudit | user=null | ip=null | op=WRITE_CHUNK {blockData=conID: 1 locID: 102696731549303210 bcsId: 1077} | ret=SUCCESS |  
2019-08-28 21:29:27,609 | INFO  | DNAudit | user=null | ip=null | op=WRITE_CHUNK {blockData=conID: 1 locID: 102696731549303210 bcsId: 1077} | ret=SUCCESS |  
2019-08-28 21:29:27,610 | INFO  | DNAudit | user=null | ip=null | op=PUT_BLOCK {blockData=[blockId=conID: 1 locID: 102696731549303210 bcsId: 0,size=3145728]} | ret=SUCCESS |  
2019-08-28 21:29:27,610 | INFO  | DNAudit | user=null | ip=null | op=PUT_BLOCK {blockData=[blockId=conID: 1 locID: 102696731549303210 bcsId: 0,size=3145728]} | ret=SUCCESS |  
2019-08-28 21:29:27,630 | INFO  | DNAudit | user=null | ip=null | op=WRITE_CHUNK {blockData=conID: 1 locID: 102696731549303210 bcsId: 1083} | ret=SUCCESS |  
2019-08-28 21:29:27,630 | INFO  | DNAudit | user=null | ip=null | op=PUT_BLOCK {blockData=[blockId=conID: 1 locID: 102696731549303210 bcsId: 0,size=4194304]} | ret=SUCCESS |  
2019-08-28 21:29:27,631 [grpc-default-executor-5] INFO  client.GrpcClientProtocolClient (GrpcClientProtocolClient.java:onNext(255)) - client-05DA20D107F8->b461a7b0-028a-4eb5-b268-b89ac225aff8: receive RaftClientReply:client-05DA20D107F8->b461a7b0-028a-4eb5-b268-b89ac225aff8@group-0C8C0AA7542A, cid=835, SUCCESS, logIndex=1086, commits[b461a7b0-028a-4eb5-b268-b89ac225aff8:c1087, b6ff45f5-67b8-463b-a273-c2e7d9dadd75:c1083, 6a5cb75f-f7eb-4671-9a85-3b6f7898f6cc:c1083]
2019-08-28 21:29:27,631 [grpc-default-executor-5] INFO  client.GrpcClientProtocolClient (GrpcClientProtocolClient.java:onNext(255)) - client-05DA20D107F8->b461a7b0-028a-4eb5-b268-b89ac225aff8: receive RaftClientReply:client-05DA20D107F8->b461a7b0-028a-4eb5-b268-b89ac225aff8@group-0C8C0AA7542A, cid=836, SUCCESS, logIndex=1087, commits[b461a7b0-028a-4eb5-b268-b89ac225aff8:c1087, b6ff45f5-67b8-463b-a273-c2e7d9dadd75:c1083, 6a5cb75f-f7eb-4671-9a85-3b6f7898f6cc:c1083]
2019-08-28 21:29:27,652 | INFO  | DNAudit | user=null | ip=null | op=WRITE_CHUNK {blockData=conID: 1 locID: 102696731549303210 bcsId: 1083} | ret=SUCCESS |  
2019-08-28 21:29:27,652 | INFO  | DNAudit | user=null | ip=null | op=WRITE_CHUNK {blockData=conID: 1 locID: 102696731549303210 bcsId: 1083} | ret=SUCCESS |  
2019-08-28 21:29:27,653 | INFO  | DNAudit | user=null | ip=null | op=PUT_BLOCK {blockData=[blockId=conID: 1 locID: 102696731549303210 bcsId: 0,size=4194304]} | ret=SUCCESS |  
2019-08-28 21:29:27,653 | INFO  | DNAudit | user=null | ip=null | op=PUT_BLOCK {blockData=[blockId=conID: 1 locID: 102696731549303210 bcsId: 0,size=4194304]} | ret=SUCCESS |  
2019-08-28 21:29:27,653 [grpc-default-executor-5] INFO  client.GrpcClientProtocolClient (GrpcClientProtocolClient.java:onNext(255)) - client-05DA20D107F8->b461a7b0-028a-4eb5-b268-b89ac225aff8: receive RaftClientReply:client-05DA20D107F8->b461a7b0-028a-4eb5-b268-b89ac225aff8@group-0C8C0AA7542A, cid=837, SUCCESS, logIndex=0, commits[b461a7b0-028a-4eb5-b268-b89ac225aff8:c1089, b6ff45f5-67b8-463b-a273-c2e7d9dadd75:c1087, 6a5cb75f-f7eb-4671-9a85-3b6f7898f6cc:c1087]
2019-08-28 21:29:27,660 | INFO  | DNAudit | user=null | ip=null | op=WRITE_CHUNK {blockData=conID: 2 locID: 102696731549303211 bcsId: 0} | ret=SUCCESS |  
2019-08-28 21:29:27,663 | INFO  | DNAudit | user=null | ip=null | op=WRITE_CHUNK {blockData=conID: 2 locID: 102696731549303211 bcsId: 0} | ret=SUCCESS |  
2019-08-28 21:29:27,663 | INFO  | DNAudit | user=null | ip=null | op=WRITE_CHUNK {blockData=conID: 2 locID: 102696731549303211 bcsId: 0} | ret=SUCCESS |  
2019-08-28 21:29:27,663 | INFO  | DNAudit | user=null | ip=null | op=WRITE_CHUNK {blockData=conID: 2 locID: 102696731549303211 bcsId: 0} | ret=SUCCESS |  
2019-08-28 21:29:27,665 | INFO  | DNAudit | user=null | ip=null | op=WRITE_CHUNK {blockData=conID: 2 locID: 102696731549303211 bcsId: 0} | ret=SUCCESS |  
2019-08-28 21:29:27,665 | INFO  | DNAudit | user=null | ip=null | op=WRITE_CHUNK {blockData=conID: 2 locID: 102696731549303211 bcsId: 0} | ret=SUCCESS |  
2019-08-28 21:29:27,674 | INFO  | DNAudit | user=null | ip=null | op=WRITE_CHUNK {blockData=conID: 2 locID: 102696731549303211 bcsId: 0} | ret=SUCCESS |  
2019-08-28 21:29:27,674 | INFO  | DNAudit | user=null | ip=null | op=PUT_BLOCK {blockData=[blockId=conID: 2 locID: 102696731549303211 bcsId: 0,size=1048576]} | ret=SUCCESS |  
2019-08-28 21:29:27,675 | INFO  | DNAudit | user=null | ip=null | op=WRITE_CHUNK {blockData=conID: 2 locID: 102696731549303211 bcsId: 0} | ret=SUCCESS |  
2019-08-28 21:29:27,675 [grpc-default-executor-5] INFO  client.GrpcClientProtocolClient (GrpcClientProtocolClient.java:onNext(255)) - client-05DA20D107F8->b461a7b0-028a-4eb5-b268-b89ac225aff8: receive RaftClientReply:client-05DA20D107F8->b461a7b0-028a-4eb5-b268-b89ac225aff8@group-0C8C0AA7542A, cid=838, SUCCESS, logIndex=1090, commits[b461a7b0-028a-4eb5-b268-b89ac225aff8:c1092, b6ff45f5-67b8-463b-a273-c2e7d9dadd75:c1089, 6a5cb75f-f7eb-4671-9a85-3b6f7898f6cc:c1089]
2019-08-28 21:29:27,675 | INFO  | DNAudit | user=null | ip=null | op=PUT_BLOCK {blockData=[blockId=conID: 2 locID: 102696731549303211 bcsId: 0,size=2097152]} | ret=SUCCESS |  
2019-08-28 21:29:27,675 [grpc-default-executor-5] INFO  client.GrpcClientProtocolClient (GrpcClientProtocolClient.java:onNext(255)) - client-05DA20D107F8->b461a7b0-028a-4eb5-b268-b89ac225aff8: receive RaftClientReply:client-05DA20D107F8->b461a7b0-028a-4eb5-b268-b89ac225aff8@group-0C8C0AA7542A, cid=839, SUCCESS, logIndex=1091, commits[b461a7b0-028a-4eb5-b268-b89ac225aff8:c1093, b6ff45f5-67b8-463b-a273-c2e7d9dadd75:c1089, 6a5cb75f-f7eb-4671-9a85-3b6f7898f6cc:c1089]
2019-08-28 21:29:27,675 [grpc-default-executor-5] INFO  client.GrpcClientProtocolClient (GrpcClientProtocolClient.java:onNext(255)) - client-05DA20D107F8->b461a7b0-028a-4eb5-b268-b89ac225aff8: receive RaftClientReply:client-05DA20D107F8->b461a7b0-028a-4eb5-b268-b89ac225aff8@group-0C8C0AA7542A, cid=840, SUCCESS, logIndex=1092, commits[b461a7b0-028a-4eb5-b268-b89ac225aff8:c1093, b6ff45f5-67b8-463b-a273-c2e7d9dadd75:c1089, 6a5cb75f-f7eb-4671-9a85-3b6f7898f6cc:c1089]
2019-08-28 21:29:27,676 [grpc-default-executor-5] INFO  client.GrpcClientProtocolClient (GrpcClientProtocolClient.java:onNext(255)) - client-05DA20D107F8->b461a7b0-028a-4eb5-b268-b89ac225aff8: receive RaftClientReply:client-05DA20D107F8->b461a7b0-028a-4eb5-b268-b89ac225aff8@group-0C8C0AA7542A, cid=841, SUCCESS, logIndex=1093, commits[b461a7b0-028a-4eb5-b268-b89ac225aff8:c1093, b6ff45f5-67b8-463b-a273-c2e7d9dadd75:c1089, 6a5cb75f-f7eb-4671-9a85-3b6f7898f6cc:c1089]
2019-08-28 21:29:27,691 | INFO  | DNAudit | user=null | ip=null | op=WRITE_CHUNK {blockData=conID: 2 locID: 102696731549303211 bcsId: 0} | ret=SUCCESS |  
2019-08-28 21:29:27,692 | INFO  | DNAudit | user=null | ip=null | op=WRITE_CHUNK {blockData=conID: 2 locID: 102696731549303211 bcsId: 0} | ret=SUCCESS |  
2019-08-28 21:29:27,692 | INFO  | DNAudit | user=null | ip=null | op=PUT_BLOCK {blockData=[blockId=conID: 2 locID: 102696731549303211 bcsId: 0,size=1048576]} | ret=SUCCESS |  
2019-08-28 21:29:27,692 | INFO  | DNAudit | user=null | ip=null | op=PUT_BLOCK {blockData=[blockId=conID: 2 locID: 102696731549303211 bcsId: 0,size=1048576]} | ret=SUCCESS |  
2019-08-28 21:29:27,692 [grpc-default-executor-5] INFO  client.GrpcClientProtocolClient (GrpcClientProtocolClient.java:onNext(255)) - client-05DA20D107F8->b461a7b0-028a-4eb5-b268-b89ac225aff8: receive RaftClientReply:client-05DA20D107F8->b461a7b0-028a-4eb5-b268-b89ac225aff8@group-0C8C0AA7542A, cid=842, SUCCESS, logIndex=0, commits[b461a7b0-028a-4eb5-b268-b89ac225aff8:c1094, b6ff45f5-67b8-463b-a273-c2e7d9dadd75:c1091, 6a5cb75f-f7eb-4671-9a85-3b6f7898f6cc:c1091]
2019-08-28 21:29:27,693 | INFO  | DNAudit | user=null | ip=null | op=WRITE_CHUNK {blockData=conID: 2 locID: 102696731549303211 bcsId: 0} | ret=SUCCESS |  
2019-08-28 21:29:27,693 | INFO  | DNAudit | user=null | ip=null | op=WRITE_CHUNK {blockData=conID: 2 locID: 102696731549303211 bcsId: 0} | ret=SUCCESS |  
2019-08-28 21:29:27,694 | INFO  | DNAudit | user=null | ip=null | op=PUT_BLOCK {blockData=[blockId=conID: 2 locID: 102696731549303211 bcsId: 0,size=2097152]} | ret=SUCCESS |  
2019-08-28 21:29:27,694 | INFO  | DNAudit | user=null | ip=null | op=PUT_BLOCK {blockData=[blockId=conID: 2 locID: 102696731549303211 bcsId: 0,size=2097152]} | ret=SUCCESS |  
2019-08-28 21:29:27,700 | INFO  | DNAudit | user=null | ip=null | op=WRITE_CHUNK {blockData=conID: 2 locID: 102696731549303211 bcsId: 1093} | ret=SUCCESS |  
2019-08-28 21:29:27,703 | INFO  | DNAudit | user=null | ip=null | op=WRITE_CHUNK {blockData=conID: 2 locID: 102696731549303211 bcsId: 1093} | ret=SUCCESS |  
2019-08-28 21:29:27,703 | INFO  | DNAudit | user=null | ip=null | op=WRITE_CHUNK {blockData=conID: 2 locID: 102696731549303211 bcsId: 1093} | ret=SUCCESS |  
2019-08-28 21:29:27,726 | INFO  | DNAudit | user=null | ip=null | op=WRITE_CHUNK {blockData=conID: 2 locID: 102696731549303211 bcsId: 1093} | ret=SUCCESS |  
2019-08-28 21:29:27,727 | INFO  | DNAudit | user=null | ip=null | op=PUT_BLOCK {blockData=[blockId=conID: 2 locID: 102696731549303211 bcsId: 0,size=3145728]} | ret=SUCCESS |  
2019-08-28 21:29:27,727 [grpc-default-executor-5] INFO  client.GrpcClientProtocolClient (GrpcClientProtocolClient.java:onNext(255)) - client-05DA20D107F8->b461a7b0-028a-4eb5-b268-b89ac225aff8: receive RaftClientReply:client-05DA20D107F8->b461a7b0-028a-4eb5-b268-b89ac225aff8@group-0C8C0AA7542A, cid=843, SUCCESS, logIndex=1098, commits[b461a7b0-028a-4eb5-b268-b89ac225aff8:c1099, b6ff45f5-67b8-463b-a273-c2e7d9dadd75:c1097, 6a5cb75f-f7eb-4671-9a85-3b6f7898f6cc:c1097]
2019-08-28 21:29:27,727 [grpc-default-executor-5] INFO  client.GrpcClientProtocolClient (GrpcClientProtocolClient.java:onNext(255)) - client-05DA20D107F8->b461a7b0-028a-4eb5-b268-b89ac225aff8: receive RaftClientReply:client-05DA20D107F8->b461a7b0-028a-4eb5-b268-b89ac225aff8@group-0C8C0AA7542A, cid=844, SUCCESS, logIndex=1099, commits[b461a7b0-028a-4eb5-b268-b89ac225aff8:c1099, b6ff45f5-67b8-463b-a273-c2e7d9dadd75:c1097, 6a5cb75f-f7eb-4671-9a85-3b6f7898f6cc:c1097]
2019-08-28 21:29:27,736 | INFO  | DNAudit | user=null | ip=null | op=WRITE_CHUNK {blockData=conID: 2 locID: 102696731549303211 bcsId: 1099} | ret=SUCCESS |  
2019-08-28 21:29:27,736 | INFO  | DNAudit | user=null | ip=null | op=WRITE_CHUNK {blockData=conID: 2 locID: 102696731549303211 bcsId: 1093} | ret=SUCCESS |  
2019-08-28 21:29:27,736 | INFO  | DNAudit | user=null | ip=null | op=WRITE_CHUNK {blockData=conID: 2 locID: 102696731549303211 bcsId: 1093} | ret=SUCCESS |  
2019-08-28 21:29:27,737 | INFO  | DNAudit | user=null | ip=null | op=PUT_BLOCK {blockData=[blockId=conID: 2 locID: 102696731549303211 bcsId: 0,size=3145728]} | ret=SUCCESS |  
2019-08-28 21:29:27,737 | INFO  | DNAudit | user=null | ip=null | op=PUT_BLOCK {blockData=[blockId=conID: 2 locID: 102696731549303211 bcsId: 0,size=3145728]} | ret=SUCCESS |  
2019-08-28 21:29:27,738 | INFO  | DNAudit | user=null | ip=null | op=WRITE_CHUNK {blockData=conID: 2 locID: 102696731549303211 bcsId: 1099} | ret=SUCCESS |  
2019-08-28 21:29:27,738 | INFO  | DNAudit | user=null | ip=null | op=WRITE_CHUNK {blockData=conID: 2 locID: 102696731549303211 bcsId: 1099} | ret=SUCCESS |  
2019-08-28 21:29:27,759 | INFO  | DNAudit | user=null | ip=null | op=WRITE_CHUNK {blockData=conID: 2 locID: 102696731549303211 bcsId: 1099} | ret=SUCCESS |  
2019-08-28 21:29:27,760 | INFO  | DNAudit | user=null | ip=null | op=PUT_BLOCK {blockData=[blockId=conID: 2 locID: 102696731549303211 bcsId: 0,size=4194304]} | ret=SUCCESS |  
2019-08-28 21:29:27,760 [grpc-default-executor-5] INFO  client.GrpcClientProtocolClient (GrpcClientProtocolClient.java:onNext(255)) - client-05DA20D107F8->b461a7b0-028a-4eb5-b268-b89ac225aff8: receive RaftClientReply:client-05DA20D107F8->b461a7b0-028a-4eb5-b268-b89ac225aff8@group-0C8C0AA7542A, cid=845, SUCCESS, logIndex=1102, commits[b461a7b0-028a-4eb5-b268-b89ac225aff8:c1103, b6ff45f5-67b8-463b-a273-c2e7d9dadd75:c1099, 6a5cb75f-f7eb-4671-9a85-3b6f7898f6cc:c1099]
2019-08-28 21:29:27,760 | INFO  | DNAudit | user=null | ip=null | op=WRITE_CHUNK {blockData=conID: 2 locID: 102696731549303211 bcsId: 1099} | ret=SUCCESS |  
2019-08-28 21:29:27,760 [grpc-default-executor-2] INFO  client.GrpcClientProtocolClient (GrpcClientProtocolClient.java:onNext(255)) - client-05DA20D107F8->b461a7b0-028a-4eb5-b268-b89ac225aff8: receive RaftClientReply:client-05DA20D107F8->b461a7b0-028a-4eb5-b268-b89ac225aff8@group-0C8C0AA7542A, cid=846, SUCCESS, logIndex=1103, commits[b461a7b0-028a-4eb5-b268-b89ac225aff8:c1103, b6ff45f5-67b8-463b-a273-c2e7d9dadd75:c1099, 6a5cb75f-f7eb-4671-9a85-3b6f7898f6cc:c1099]
2019-08-28 21:29:27,761 | INFO  | DNAudit | user=null | ip=null | op=PUT_BLOCK {blockData=[blockId=conID: 2 locID: 102696731549303211 bcsId: 0,size=4194304]} | ret=SUCCESS |  
2019-08-28 21:29:27,761 | INFO  | DNAudit | user=null | ip=null | op=WRITE_CHUNK {blockData=conID: 2 locID: 102696731549303211 bcsId: 1099} | ret=SUCCESS |  
2019-08-28 21:29:27,761 | INFO  | DNAudit | user=null | ip=null | op=PUT_BLOCK {blockData=[blockId=conID: 2 locID: 102696731549303211 bcsId: 0,size=4194304]} | ret=SUCCESS |  
2019-08-28 21:29:27,762 [grpc-default-executor-2] INFO  client.GrpcClientProtocolClient (GrpcClientProtocolClient.java:onNext(255)) - client-05DA20D107F8->b461a7b0-028a-4eb5-b268-b89ac225aff8: receive RaftClientReply:client-05DA20D107F8->b461a7b0-028a-4eb5-b268-b89ac225aff8@group-0C8C0AA7542A, cid=847, SUCCESS, logIndex=0, commits[b461a7b0-028a-4eb5-b268-b89ac225aff8:c1104, b6ff45f5-67b8-463b-a273-c2e7d9dadd75:c1103, 6a5cb75f-f7eb-4671-9a85-3b6f7898f6cc:c1103]
2019-08-28 21:29:27,769 | INFO  | DNAudit | user=null | ip=null | op=WRITE_CHUNK {blockData=conID: 3 locID: 102696731549303212 bcsId: 0} | ret=SUCCESS |  
2019-08-28 21:29:27,772 | INFO  | DNAudit | user=null | ip=null | op=WRITE_CHUNK {blockData=conID: 3 locID: 102696731549303212 bcsId: 0} | ret=SUCCESS |  
2019-08-28 21:29:27,772 | INFO  | DNAudit | user=null | ip=null | op=WRITE_CHUNK {blockData=conID: 3 locID: 102696731549303212 bcsId: 0} | ret=SUCCESS |  
2019-08-28 21:29:27,772 | INFO  | DNAudit | user=null | ip=null | op=WRITE_CHUNK {blockData=conID: 3 locID: 102696731549303212 bcsId: 0} | ret=SUCCESS |  
2019-08-28 21:29:27,773 | INFO  | DNAudit | user=null | ip=null | op=WRITE_CHUNK {blockData=conID: 3 locID: 102696731549303212 bcsId: 0} | ret=SUCCESS |  
2019-08-28 21:29:27,773 | INFO  | DNAudit | user=null | ip=null | op=WRITE_CHUNK {blockData=conID: 3 locID: 102696731549303212 bcsId: 0} | ret=SUCCESS |  
2019-08-28 21:29:27,793 | INFO  | DNAudit | user=null | ip=null | op=WRITE_CHUNK {blockData=conID: 3 locID: 102696731549303212 bcsId: 0} | ret=SUCCESS |  
2019-08-28 21:29:27,794 | INFO  | DNAudit | user=null | ip=null | op=PUT_BLOCK {blockData=[blockId=conID: 3 locID: 102696731549303212 bcsId: 0,size=1048576]} | ret=SUCCESS |  
2019-08-28 21:29:27,794 [grpc-default-executor-2] INFO  client.GrpcClientProtocolClient (GrpcClientProtocolClient.java:onNext(255)) - client-05DA20D107F8->b461a7b0-028a-4eb5-b268-b89ac225aff8: receive RaftClientReply:client-05DA20D107F8->b461a7b0-028a-4eb5-b268-b89ac225aff8@group-0C8C0AA7542A, cid=848, SUCCESS, logIndex=1106, commits[b461a7b0-028a-4eb5-b268-b89ac225aff8:c1109, b6ff45f5-67b8-463b-a273-c2e7d9dadd75:c1105, 6a5cb75f-f7eb-4671-9a85-3b6f7898f6cc:c1105]
2019-08-28 21:29:27,794 | INFO  | DNAudit | user=null | ip=null | op=WRITE_CHUNK {blockData=conID: 3 locID: 102696731549303212 bcsId: 0} | ret=SUCCESS |  
2019-08-28 21:29:27,795 | INFO  | DNAudit | user=null | ip=null | op=PUT_BLOCK {blockData=[blockId=conID: 3 locID: 102696731549303212 bcsId: 0,size=2097152]} | ret=SUCCESS |  
2019-08-28 21:29:27,795 [grpc-default-executor-2] INFO  client.GrpcClientProtocolClient (GrpcClientProtocolClient.java:onNext(255)) - client-05DA20D107F8->b461a7b0-028a-4eb5-b268-b89ac225aff8: receive RaftClientReply:client-05DA20D107F8->b461a7b0-028a-4eb5-b268-b89ac225aff8@group-0C8C0AA7542A, cid=849, SUCCESS, logIndex=1107, commits[b461a7b0-028a-4eb5-b268-b89ac225aff8:c1109, b6ff45f5-67b8-463b-a273-c2e7d9dadd75:c1105, 6a5cb75f-f7eb-4671-9a85-3b6f7898f6cc:c1105]
2019-08-28 21:29:27,795 [grpc-default-executor-2] INFO  client.GrpcClientProtocolClient (GrpcClientProtocolClient.java:onNext(255)) - client-05DA20D107F8->b461a7b0-028a-4eb5-b268-b89ac225aff8: receive RaftClientReply:client-05DA20D107F8->b461a7b0-028a-4eb5-b268-b89ac225aff8@group-0C8C0AA7542A, cid=850, SUCCESS, logIndex=1108, commits[b461a7b0-028a-4eb5-b268-b89ac225aff8:c1109, b6ff45f5-67b8-463b-a273-c2e7d9dadd75:c1105, 6a5cb75f-f7eb-4671-9a85-3b6f7898f6cc:c1105]
2019-08-28 21:29:27,795 [grpc-default-executor-2] INFO  client.GrpcClientProtocolClient (GrpcClientProtocolClient.java:onNext(255)) - client-05DA20D107F8->b461a7b0-028a-4eb5-b268-b89ac225aff8: receive RaftClientReply:client-05DA20D107F8->b461a7b0-028a-4eb5-b268-b89ac225aff8@group-0C8C0AA7542A, cid=851, SUCCESS, logIndex=1109, commits[b461a7b0-028a-4eb5-b268-b89ac225aff8:c1109, b6ff45f5-67b8-463b-a273-c2e7d9dadd75:c1105, 6a5cb75f-f7eb-4671-9a85-3b6f7898f6cc:c1105]
2019-08-28 21:29:27,814 | INFO  | DNAudit | user=null | ip=null | op=WRITE_CHUNK {blockData=conID: 3 locID: 102696731549303212 bcsId: 0} | ret=SUCCESS |  
2019-08-28 21:29:27,814 | INFO  | DNAudit | user=null | ip=null | op=WRITE_CHUNK {blockData=conID: 3 locID: 102696731549303212 bcsId: 0} | ret=SUCCESS |  
2019-08-28 21:29:27,814 | INFO  | DNAudit | user=null | ip=null | op=PUT_BLOCK {blockData=[blockId=conID: 3 locID: 102696731549303212 bcsId: 0,size=1048576]} | ret=SUCCESS |  
2019-08-28 21:29:27,814 | INFO  | DNAudit | user=null | ip=null | op=PUT_BLOCK {blockData=[blockId=conID: 3 locID: 102696731549303212 bcsId: 0,size=1048576]} | ret=SUCCESS |  
2019-08-28 21:29:27,814 [grpc-default-executor-2] INFO  client.GrpcClientProtocolClient (GrpcClientProtocolClient.java:onNext(255)) - client-05DA20D107F8->b461a7b0-028a-4eb5-b268-b89ac225aff8: receive RaftClientReply:client-05DA20D107F8->b461a7b0-028a-4eb5-b268-b89ac225aff8@group-0C8C0AA7542A, cid=852, SUCCESS, logIndex=0, commits[b461a7b0-028a-4eb5-b268-b89ac225aff8:c1110, b6ff45f5-67b8-463b-a273-c2e7d9dadd75:c1107, 6a5cb75f-f7eb-4671-9a85-3b6f7898f6cc:c1107]
2019-08-28 21:29:27,815 | INFO  | DNAudit | user=null | ip=null | op=WRITE_CHUNK {blockData=conID: 3 locID: 102696731549303212 bcsId: 0} | ret=SUCCESS |  
2019-08-28 21:29:27,815 | INFO  | DNAudit | user=null | ip=null | op=PUT_BLOCK {blockData=[blockId=conID: 3 locID: 102696731549303212 bcsId: 0,size=2097152]} | ret=SUCCESS |  
2019-08-28 21:29:27,816 | INFO  | DNAudit | user=null | ip=null | op=WRITE_CHUNK {blockData=conID: 3 locID: 102696731549303212 bcsId: 0} | ret=SUCCESS |  
2019-08-28 21:29:27,816 | INFO  | DNAudit | user=null | ip=null | op=PUT_BLOCK {blockData=[blockId=conID: 3 locID: 102696731549303212 bcsId: 0,size=2097152]} | ret=SUCCESS |  
2019-08-28 21:29:27,822 | INFO  | DNAudit | user=null | ip=null | op=WRITE_CHUNK {blockData=conID: 3 locID: 102696731549303212 bcsId: 1109} | ret=SUCCESS |  
2019-08-28 21:29:27,825 | INFO  | DNAudit | user=null | ip=null | op=WRITE_CHUNK {blockData=conID: 3 locID: 102696731549303212 bcsId: 1109} | ret=SUCCESS |  
2019-08-28 21:29:27,825 | INFO  | DNAudit | user=null | ip=null | op=WRITE_CHUNK {blockData=conID: 3 locID: 102696731549303212 bcsId: 1109} | ret=SUCCESS |  
2019-08-28 21:29:27,837 | INFO  | DNAudit | user=null | ip=null | op=WRITE_CHUNK {blockData=conID: 3 locID: 102696731549303212 bcsId: 1109} | ret=SUCCESS |  
2019-08-28 21:29:27,838 | INFO  | DNAudit | user=null | ip=null | op=PUT_BLOCK {blockData=[blockId=conID: 3 locID: 102696731549303212 bcsId: 0,size=3145728]} | ret=SUCCESS |  
2019-08-28 21:29:27,838 [grpc-default-executor-5] INFO  client.GrpcClientProtocolClient (GrpcClientProtocolClient.java:onNext(255)) - client-05DA20D107F8->b461a7b0-028a-4eb5-b268-b89ac225aff8: receive RaftClientReply:client-05DA20D107F8->b461a7b0-028a-4eb5-b268-b89ac225aff8@group-0C8C0AA7542A, cid=853, SUCCESS, logIndex=1114, commits[b461a7b0-028a-4eb5-b268-b89ac225aff8:c1115, b6ff45f5-67b8-463b-a273-c2e7d9dadd75:c1113, 6a5cb75f-f7eb-4671-9a85-3b6f7898f6cc:c1113]
2019-08-28 21:29:27,838 [grpc-default-executor-5] INFO  client.GrpcClientProtocolClient (GrpcClientProtocolClient.java:onNext(255)) - client-05DA20D107F8->b461a7b0-028a-4eb5-b268-b89ac225aff8: receive RaftClientReply:client-05DA20D107F8->b461a7b0-028a-4eb5-b268-b89ac225aff8@group-0C8C0AA7542A, cid=854, SUCCESS, logIndex=1115, commits[b461a7b0-028a-4eb5-b268-b89ac225aff8:c1115, b6ff45f5-67b8-463b-a273-c2e7d9dadd75:c1113, 6a5cb75f-f7eb-4671-9a85-3b6f7898f6cc:c1113]
2019-08-28 21:29:27,846 | INFO  | DNAudit | user=null | ip=null | op=WRITE_CHUNK {blockData=conID: 3 locID: 102696731549303212 bcsId: 1115} | ret=SUCCESS |  
2019-08-28 21:29:27,849 | INFO  | DNAudit | user=null | ip=null | op=WRITE_CHUNK {blockData=conID: 3 locID: 102696731549303212 bcsId: 1115} | ret=SUCCESS |  
2019-08-28 21:29:27,849 | INFO  | DNAudit | user=null | ip=null | op=WRITE_CHUNK {blockData=conID: 3 locID: 102696731549303212 bcsId: 1115} | ret=SUCCESS |  
2019-08-28 21:29:27,860 | INFO  | DNAudit | user=null | ip=null | op=WRITE_CHUNK {blockData=conID: 3 locID: 102696731549303212 bcsId: 1109} | ret=SUCCESS |  
2019-08-28 21:29:27,860 | INFO  | DNAudit | user=null | ip=null | op=WRITE_CHUNK {blockData=conID: 3 locID: 102696731549303212 bcsId: 1109} | ret=SUCCESS |  
2019-08-28 21:29:27,862 | INFO  | DNAudit | user=null | ip=null | op=PUT_BLOCK {blockData=[blockId=conID: 3 locID: 102696731549303212 bcsId: 0,size=3145728]} | ret=SUCCESS |  
2019-08-28 21:29:27,862 | INFO  | DNAudit | user=null | ip=null | op=PUT_BLOCK {blockData=[blockId=conID: 3 locID: 102696731549303212 bcsId: 0,size=3145728]} | ret=SUCCESS |  
2019-08-28 21:29:27,862 | INFO  | DNAudit | user=null | ip=null | op=WRITE_CHUNK {blockData=conID: 3 locID: 102696731549303212 bcsId: 1115} | ret=SUCCESS |  
2019-08-28 21:29:27,862 | INFO  | DNAudit | user=null | ip=null | op=PUT_BLOCK {blockData=[blockId=conID: 3 locID: 102696731549303212 bcsId: 0,size=4194304]} | ret=SUCCESS |  
2019-08-28 21:29:27,863 [grpc-default-executor-3] INFO  client.GrpcClientProtocolClient (GrpcClientProtocolClient.java:onNext(255)) - client-05DA20D107F8->b461a7b0-028a-4eb5-b268-b89ac225aff8: receive RaftClientReply:client-05DA20D107F8->b461a7b0-028a-4eb5-b268-b89ac225aff8@group-0C8C0AA7542A, cid=855, SUCCESS, logIndex=1118, commits[b461a7b0-028a-4eb5-b268-b89ac225aff8:c1119, b6ff45f5-67b8-463b-a273-c2e7d9dadd75:c1115, 6a5cb75f-f7eb-4671-9a85-3b6f7898f6cc:c1115]
2019-08-28 21:29:27,863 [grpc-default-executor-3] INFO  client.GrpcClientProtocolClient (GrpcClientProtocolClient.java:onNext(255)) - client-05DA20D107F8->b461a7b0-028a-4eb5-b268-b89ac225aff8: receive RaftClientReply:client-05DA20D107F8->b461a7b0-028a-4eb5-b268-b89ac225aff8@group-0C8C0AA7542A, cid=856, SUCCESS, logIndex=1119, commits[b461a7b0-028a-4eb5-b268-b89ac225aff8:c1119, b6ff45f5-67b8-463b-a273-c2e7d9dadd75:c1115, 6a5cb75f-f7eb-4671-9a85-3b6f7898f6cc:c1115]
2019-08-28 21:29:27,874 | INFO  | DNAudit | user=null | ip=null | op=WRITE_CHUNK {blockData=conID: 3 locID: 102696731549303212 bcsId: 1115} | ret=SUCCESS |  
2019-08-28 21:29:27,874 | INFO  | DNAudit | user=null | ip=null | op=WRITE_CHUNK {blockData=conID: 3 locID: 102696731549303212 bcsId: 1115} | ret=SUCCESS |  
2019-08-28 21:29:27,875 | INFO  | DNAudit | user=null | ip=null | op=PUT_BLOCK {blockData=[blockId=conID: 3 locID: 102696731549303212 bcsId: 0,size=4194304]} | ret=SUCCESS |  
2019-08-28 21:29:27,875 | INFO  | DNAudit | user=null | ip=null | op=PUT_BLOCK {blockData=[blockId=conID: 3 locID: 102696731549303212 bcsId: 0,size=4194304]} | ret=SUCCESS |  
2019-08-28 21:29:27,876 [grpc-default-executor-3] INFO  client.GrpcClientProtocolClient (GrpcClientProtocolClient.java:onNext(255)) - client-05DA20D107F8->b461a7b0-028a-4eb5-b268-b89ac225aff8: receive RaftClientReply:client-05DA20D107F8->b461a7b0-028a-4eb5-b268-b89ac225aff8@group-0C8C0AA7542A, cid=857, SUCCESS, logIndex=0, commits[b461a7b0-028a-4eb5-b268-b89ac225aff8:c1121, b6ff45f5-67b8-463b-a273-c2e7d9dadd75:c1119, 6a5cb75f-f7eb-4671-9a85-3b6f7898f6cc:c1119]
2019-08-28 21:29:27,981 | INFO  | DNAudit | user=null | ip=null | op=WRITE_CHUNK {blockData=conID: 1 locID: 102696731549303213 bcsId: 0} | ret=SUCCESS |  
2019-08-28 21:29:27,985 | INFO  | DNAudit | user=null | ip=null | op=WRITE_CHUNK {blockData=conID: 1 locID: 102696731549303213 bcsId: 0} | ret=SUCCESS |  
2019-08-28 21:29:27,986 | INFO  | DNAudit | user=null | ip=null | op=WRITE_CHUNK {blockData=conID: 1 locID: 102696731549303213 bcsId: 0} | ret=SUCCESS |  
2019-08-28 21:29:27,986 | INFO  | DNAudit | user=null | ip=null | op=WRITE_CHUNK {blockData=conID: 1 locID: 102696731549303213 bcsId: 0} | ret=SUCCESS |  
2019-08-28 21:29:27,988 | INFO  | DNAudit | user=null | ip=null | op=WRITE_CHUNK {blockData=conID: 1 locID: 102696731549303213 bcsId: 0} | ret=SUCCESS |  
2019-08-28 21:29:27,989 | INFO  | DNAudit | user=null | ip=null | op=WRITE_CHUNK {blockData=conID: 1 locID: 102696731549303213 bcsId: 0} | ret=SUCCESS |  
2019-08-28 21:29:27,994 | INFO  | DNAudit | user=null | ip=null | op=WRITE_CHUNK {blockData=conID: 1 locID: 102696731549303213 bcsId: 0} | ret=SUCCESS |  
2019-08-28 21:29:27,995 | INFO  | DNAudit | user=null | ip=null | op=PUT_BLOCK {blockData=[blockId=conID: 1 locID: 102696731549303213 bcsId: 0,size=1048576]} | ret=SUCCESS |  
2019-08-28 21:29:27,995 [grpc-default-executor-6] INFO  client.GrpcClientProtocolClient (GrpcClientProtocolClient.java:onNext(255)) - client-05DA20D107F8->b461a7b0-028a-4eb5-b268-b89ac225aff8: receive RaftClientReply:client-05DA20D107F8->b461a7b0-028a-4eb5-b268-b89ac225aff8@group-0C8C0AA7542A, cid=858, SUCCESS, logIndex=1122, commits[b461a7b0-028a-4eb5-b268-b89ac225aff8:c1123, b6ff45f5-67b8-463b-a273-c2e7d9dadd75:c1121, 6a5cb75f-f7eb-4671-9a85-3b6f7898f6cc:c1121]
2019-08-28 21:29:27,996 | INFO  | DNAudit | user=null | ip=null | op=WRITE_CHUNK {blockData=conID: 1 locID: 102696731549303213 bcsId: 0} | ret=SUCCESS |  
2019-08-28 21:29:27,996 | INFO  | DNAudit | user=null | ip=null | op=WRITE_CHUNK {blockData=conID: 1 locID: 102696731549303213 bcsId: 0} | ret=SUCCESS |  
2019-08-28 21:29:27,996 | INFO  | DNAudit | user=null | ip=null | op=PUT_BLOCK {blockData=[blockId=conID: 1 locID: 102696731549303213 bcsId: 0,size=2097152]} | ret=SUCCESS |  
2019-08-28 21:29:27,996 [grpc-default-executor-6] INFO  client.GrpcClientProtocolClient (GrpcClientProtocolClient.java:onNext(255)) - client-05DA20D107F8->b461a7b0-028a-4eb5-b268-b89ac225aff8: receive RaftClientReply:client-05DA20D107F8->b461a7b0-028a-4eb5-b268-b89ac225aff8@group-0C8C0AA7542A, cid=859, SUCCESS, logIndex=1123, commits[b461a7b0-028a-4eb5-b268-b89ac225aff8:c1125, b6ff45f5-67b8-463b-a273-c2e7d9dadd75:c1121, 6a5cb75f-f7eb-4671-9a85-3b6f7898f6cc:c1121]
2019-08-28 21:29:27,997 [grpc-default-executor-6] INFO  client.GrpcClientProtocolClient (GrpcClientProtocolClient.java:onNext(255)) - client-05DA20D107F8->b461a7b0-028a-4eb5-b268-b89ac225aff8: receive RaftClientReply:client-05DA20D107F8->b461a7b0-028a-4eb5-b268-b89ac225aff8@group-0C8C0AA7542A, cid=860, SUCCESS, logIndex=1124, commits[b461a7b0-028a-4eb5-b268-b89ac225aff8:c1125, b6ff45f5-67b8-463b-a273-c2e7d9dadd75:c1121, 6a5cb75f-f7eb-4671-9a85-3b6f7898f6cc:c1121]
2019-08-28 21:29:27,997 | INFO  | DNAudit | user=null | ip=null | op=WRITE_CHUNK {blockData=conID: 1 locID: 102696731549303213 bcsId: 0} | ret=SUCCESS |  
2019-08-28 21:29:27,997 [grpc-default-executor-3] INFO  client.GrpcClientProtocolClient (GrpcClientProtocolClient.java:onNext(255)) - client-05DA20D107F8->b461a7b0-028a-4eb5-b268-b89ac225aff8: receive RaftClientReply:client-05DA20D107F8->b461a7b0-028a-4eb5-b268-b89ac225aff8@group-0C8C0AA7542A, cid=861, SUCCESS, logIndex=1125, commits[b461a7b0-028a-4eb5-b268-b89ac225aff8:c1126, b6ff45f5-67b8-463b-a273-c2e7d9dadd75:c1121, 6a5cb75f-f7eb-4671-9a85-3b6f7898f6cc:c1122]
2019-08-28 21:29:27,997 | INFO  | DNAudit | user=null | ip=null | op=PUT_BLOCK {blockData=[blockId=conID: 1 locID: 102696731549303213 bcsId: 0,size=1048576]} | ret=SUCCESS |  
2019-08-28 21:29:27,998 | INFO  | DNAudit | user=null | ip=null | op=PUT_BLOCK {blockData=[blockId=conID: 1 locID: 102696731549303213 bcsId: 0,size=1048576]} | ret=SUCCESS |  
2019-08-28 21:29:27,998 | INFO  | DNAudit | user=null | ip=null | op=WRITE_CHUNK {blockData=conID: 1 locID: 102696731549303213 bcsId: 0} | ret=SUCCESS |  
2019-08-28 21:29:27,998 | INFO  | DNAudit | user=null | ip=null | op=PUT_BLOCK {blockData=[blockId=conID: 1 locID: 102696731549303213 bcsId: 0,size=2097152]} | ret=SUCCESS |  
2019-08-28 21:29:27,998 | INFO  | DNAudit | user=null | ip=null | op=WRITE_CHUNK {blockData=conID: 1 locID: 102696731549303213 bcsId: 0} | ret=SUCCESS |  
2019-08-28 21:29:27,999 | INFO  | DNAudit | user=null | ip=null | op=PUT_BLOCK {blockData=[blockId=conID: 1 locID: 102696731549303213 bcsId: 0,size=2097152]} | ret=SUCCESS |  
2019-08-28 21:29:28,000 [grpc-default-executor-3] INFO  client.GrpcClientProtocolClient (GrpcClientProtocolClient.java:onNext(255)) - client-05DA20D107F8->b461a7b0-028a-4eb5-b268-b89ac225aff8: receive RaftClientReply:client-05DA20D107F8->b461a7b0-028a-4eb5-b268-b89ac225aff8@group-0C8C0AA7542A, cid=862, SUCCESS, logIndex=0, commits[b461a7b0-028a-4eb5-b268-b89ac225aff8:c1129, b6ff45f5-67b8-463b-a273-c2e7d9dadd75:c1125, 6a5cb75f-f7eb-4671-9a85-3b6f7898f6cc:c1125]
2019-08-28 21:29:28,008 | INFO  | DNAudit | user=null | ip=null | op=WRITE_CHUNK {blockData=conID: 1 locID: 102696731549303213 bcsId: 1125} | ret=SUCCESS |  
2019-08-28 21:29:28,011 | INFO  | DNAudit | user=null | ip=null | op=WRITE_CHUNK {blockData=conID: 1 locID: 102696731549303213 bcsId: 1125} | ret=SUCCESS |  
2019-08-28 21:29:28,011 | INFO  | DNAudit | user=null | ip=null | op=WRITE_CHUNK {blockData=conID: 1 locID: 102696731549303213 bcsId: 1125} | ret=SUCCESS |  
2019-08-28 21:29:28,026 | INFO  | DNAudit | user=null | ip=null | op=WRITE_CHUNK {blockData=conID: 1 locID: 102696731549303213 bcsId: 1125} | ret=SUCCESS |  
2019-08-28 21:29:28,027 | INFO  | DNAudit | user=null | ip=null | op=PUT_BLOCK {blockData=[blockId=conID: 1 locID: 102696731549303213 bcsId: 0,size=3145728]} | ret=SUCCESS |  
2019-08-28 21:29:28,027 [grpc-default-executor-6] INFO  client.GrpcClientProtocolClient (GrpcClientProtocolClient.java:onNext(255)) - client-05DA20D107F8->b461a7b0-028a-4eb5-b268-b89ac225aff8: receive RaftClientReply:client-05DA20D107F8->b461a7b0-028a-4eb5-b268-b89ac225aff8@group-0C8C0AA7542A, cid=863, SUCCESS, logIndex=1130, commits[b461a7b0-028a-4eb5-b268-b89ac225aff8:c1131, b6ff45f5-67b8-463b-a273-c2e7d9dadd75:c1129, 6a5cb75f-f7eb-4671-9a85-3b6f7898f6cc:c1129]
2019-08-28 21:29:28,028 [grpc-default-executor-6] INFO  client.GrpcClientProtocolClient (GrpcClientProtocolClient.java:onNext(255)) - client-05DA20D107F8->b461a7b0-028a-4eb5-b268-b89ac225aff8: receive RaftClientReply:client-05DA20D107F8->b461a7b0-028a-4eb5-b268-b89ac225aff8@group-0C8C0AA7542A, cid=864, SUCCESS, logIndex=1131, commits[b461a7b0-028a-4eb5-b268-b89ac225aff8:c1131, b6ff45f5-67b8-463b-a273-c2e7d9dadd75:c1129, 6a5cb75f-f7eb-4671-9a85-3b6f7898f6cc:c1129]
2019-08-28 21:29:28,028 | INFO  | SCMAudit | user=jenkins1000 | ip=192.168.36.107 | op=SEND_HEARTBEAT {datanodeUUID=b461a7b0-028a-4eb5-b268-b89ac225aff8, command=[]} | ret=SUCCESS |  
2019-08-28 21:29:28,028 | INFO  | SCMAudit | user=jenkins1000 | ip=192.168.36.107 | op=SEND_HEARTBEAT {datanodeUUID=b6ff45f5-67b8-463b-a273-c2e7d9dadd75, command=[]} | ret=SUCCESS |  
2019-08-28 21:29:28,028 | INFO  | SCMAudit | user=jenkins1000 | ip=192.168.36.107 | op=SEND_HEARTBEAT {datanodeUUID=6a5cb75f-f7eb-4671-9a85-3b6f7898f6cc, command=[]} | ret=SUCCESS |  
2019-08-28 21:29:28,036 | INFO  | DNAudit | user=null | ip=null | op=WRITE_CHUNK {blockData=conID: 1 locID: 102696731549303213 bcsId: 1131} | ret=SUCCESS |  
2019-08-28 21:29:28,037 | INFO  | DNAudit | user=null | ip=null | op=WRITE_CHUNK {blockData=conID: 1 locID: 102696731549303213 bcsId: 1125} | ret=SUCCESS |  
2019-08-28 21:29:28,037 | INFO  | DNAudit | user=null | ip=null | op=WRITE_CHUNK {blockData=conID: 1 locID: 102696731549303213 bcsId: 1125} | ret=SUCCESS |  
2019-08-28 21:29:28,037 | INFO  | DNAudit | user=null | ip=null | op=PUT_BLOCK {blockData=[blockId=conID: 1 locID: 102696731549303213 bcsId: 0,size=3145728]} | ret=SUCCESS |  
2019-08-28 21:29:28,037 | INFO  | DNAudit | user=null | ip=null | op=PUT_BLOCK {blockData=[blockId=conID: 1 locID: 102696731549303213 bcsId: 0,size=3145728]} | ret=SUCCESS |  
2019-08-28 21:29:28,038 | INFO  | DNAudit | user=null | ip=null | op=WRITE_CHUNK {blockData=conID: 1 locID: 102696731549303213 bcsId: 1131} | ret=SUCCESS |  
2019-08-28 21:29:28,038 | INFO  | DNAudit | user=null | ip=null | op=WRITE_CHUNK {blockData=conID: 1 locID: 102696731549303213 bcsId: 1131} | ret=SUCCESS |  
2019-08-28 21:29:28,058 | INFO  | DNAudit | user=null | ip=null | op=WRITE_CHUNK {blockData=conID: 1 locID: 102696731549303213 bcsId: 1131} | ret=SUCCESS |  
2019-08-28 21:29:28,058 | INFO  | DNAudit | user=null | ip=null | op=PUT_BLOCK {blockData=[blockId=conID: 1 locID: 102696731549303213 bcsId: 0,size=4194304]} | ret=SUCCESS |  
2019-08-28 21:29:28,059 [grpc-default-executor-2] INFO  client.GrpcClientProtocolClient (GrpcClientProtocolClient.java:onNext(255)) - client-05DA20D107F8->b461a7b0-028a-4eb5-b268-b89ac225aff8: receive RaftClientReply:client-05DA20D107F8->b461a7b0-028a-4eb5-b268-b89ac225aff8@group-0C8C0AA7542A, cid=865, SUCCESS, logIndex=1134, commits[b461a7b0-028a-4eb5-b268-b89ac225aff8:c1135, b6ff45f5-67b8-463b-a273-c2e7d9dadd75:c1131, 6a5cb75f-f7eb-4671-9a85-3b6f7898f6cc:c1131]
2019-08-28 21:29:28,059 [grpc-default-executor-2] INFO  client.GrpcClientProtocolClient (GrpcClientProtocolClient.java:onNext(255)) - client-05DA20D107F8->b461a7b0-028a-4eb5-b268-b89ac225aff8: receive RaftClientReply:client-05DA20D107F8->b461a7b0-028a-4eb5-b268-b89ac225aff8@group-0C8C0AA7542A, cid=866, SUCCESS, logIndex=1135, commits[b461a7b0-028a-4eb5-b268-b89ac225aff8:c1135, b6ff45f5-67b8-463b-a273-c2e7d9dadd75:c1131, 6a5cb75f-f7eb-4671-9a85-3b6f7898f6cc:c1131]
2019-08-28 21:29:28,073 | INFO  | DNAudit | user=null | ip=null | op=WRITE_CHUNK {blockData=conID: 1 locID: 102696731549303213 bcsId: 1131} | ret=SUCCESS |  
2019-08-28 21:29:28,073 | INFO  | DNAudit | user=null | ip=null | op=WRITE_CHUNK {blockData=conID: 1 locID: 102696731549303213 bcsId: 1131} | ret=SUCCESS |  
2019-08-28 21:29:28,074 | INFO  | DNAudit | user=null | ip=null | op=PUT_BLOCK {blockData=[blockId=conID: 1 locID: 102696731549303213 bcsId: 0,size=4194304]} | ret=SUCCESS |  
2019-08-28 21:29:28,075 | INFO  | DNAudit | user=null | ip=null | op=PUT_BLOCK {blockData=[blockId=conID: 1 locID: 102696731549303213 bcsId: 0,size=4194304]} | ret=SUCCESS |  
2019-08-28 21:29:28,076 [grpc-default-executor-2] INFO  client.GrpcClientProtocolClient (GrpcClientProtocolClient.java:onNext(255)) - client-05DA20D107F8->b461a7b0-028a-4eb5-b268-b89ac225aff8: receive RaftClientReply:client-05DA20D107F8->b461a7b0-028a-4eb5-b268-b89ac225aff8@group-0C8C0AA7542A, cid=867, SUCCESS, logIndex=0, commits[b461a7b0-028a-4eb5-b268-b89ac225aff8:c1137, b6ff45f5-67b8-463b-a273-c2e7d9dadd75:c1135, 6a5cb75f-f7eb-4671-9a85-3b6f7898f6cc:c1135]
2019-08-28 21:29:28,083 | INFO  | DNAudit | user=null | ip=null | op=WRITE_CHUNK {blockData=conID: 2 locID: 102696731549303214 bcsId: 0} | ret=SUCCESS |  
2019-08-28 21:29:28,087 | INFO  | DNAudit | user=null | ip=null | op=WRITE_CHUNK {blockData=conID: 2 locID: 102696731549303214 bcsId: 0} | ret=SUCCESS |  
2019-08-28 21:29:28,087 | INFO  | DNAudit | user=null | ip=null | op=WRITE_CHUNK {blockData=conID: 2 locID: 102696731549303214 bcsId: 0} | ret=SUCCESS |  
2019-08-28 21:29:28,087 | INFO  | DNAudit | user=null | ip=null | op=WRITE_CHUNK {blockData=conID: 2 locID: 102696731549303214 bcsId: 0} | ret=SUCCESS |  
2019-08-28 21:29:28,089 | INFO  | DNAudit | user=null | ip=null | op=WRITE_CHUNK {blockData=conID: 2 locID: 102696731549303214 bcsId: 0} | ret=SUCCESS |  
2019-08-28 21:29:28,089 | INFO  | DNAudit | user=null | ip=null | op=WRITE_CHUNK {blockData=conID: 2 locID: 102696731549303214 bcsId: 0} | ret=SUCCESS |  
 0.00% |█                                                                                                    |  0/1 Time: 0:00:042019-08-28 21:29:28,096 | INFO  | DNAudit | user=null | ip=null | op=WRITE_CHUNK {blockData=conID: 2 locID: 102696731549303214 bcsId: 0} | ret=SUCCESS |  
2019-08-28 21:29:28,097 | INFO  | DNAudit | user=null | ip=null | op=PUT_BLOCK {blockData=[blockId=conID: 2 locID: 102696731549303214 bcsId: 0,size=1048576]} | ret=SUCCESS |  
2019-08-28 21:29:28,097 [grpc-default-executor-2] INFO  client.GrpcClientProtocolClient (GrpcClientProtocolClient.java:onNext(255)) - client-05DA20D107F8->b461a7b0-028a-4eb5-b268-b89ac225aff8: receive RaftClientReply:client-05DA20D107F8->b461a7b0-028a-4eb5-b268-b89ac225aff8@group-0C8C0AA7542A, cid=868, SUCCESS, logIndex=1138, commits[b461a7b0-028a-4eb5-b268-b89ac225aff8:c1139, b6ff45f5-67b8-463b-a273-c2e7d9dadd75:c1137, 6a5cb75f-f7eb-4671-9a85-3b6f7898f6cc:c1137]
2019-08-28 21:29:28,098 [grpc-default-executor-2] INFO  client.GrpcClientProtocolClient (GrpcClientProtocolClient.java:onNext(255)) - client-05DA20D107F8->b461a7b0-028a-4eb5-b268-b89ac225aff8: receive RaftClientReply:client-05DA20D107F8->b461a7b0-028a-4eb5-b268-b89ac225aff8@group-0C8C0AA7542A, cid=869, SUCCESS, logIndex=1139, commits[b461a7b0-028a-4eb5-b268-b89ac225aff8:c1139, b6ff45f5-67b8-463b-a273-c2e7d9dadd75:c1137, 6a5cb75f-f7eb-4671-9a85-3b6f7898f6cc:c1137]
2019-08-28 21:29:28,123 | INFO  | DNAudit | user=null | ip=null | op=WRITE_CHUNK {blockData=conID: 2 locID: 102696731549303214 bcsId: 0} | ret=SUCCESS |  
2019-08-28 21:29:28,123 | INFO  | DNAudit | user=null | ip=null | op=PUT_BLOCK {blockData=[blockId=conID: 2 locID: 102696731549303214 bcsId: 0,size=2097152]} | ret=SUCCESS |  
2019-08-28 21:29:28,124 [grpc-default-executor-6] INFO  client.GrpcClientProtocolClient (GrpcClientProtocolClient.java:onNext(255)) - client-05DA20D107F8->b461a7b0-028a-4eb5-b268-b89ac225aff8: receive RaftClientReply:client-05DA20D107F8->b461a7b0-028a-4eb5-b268-b89ac225aff8@group-0C8C0AA7542A, cid=870, SUCCESS, logIndex=1140, commits[b461a7b0-028a-4eb5-b268-b89ac225aff8:c1141, b6ff45f5-67b8-463b-a273-c2e7d9dadd75:c1137, 6a5cb75f-f7eb-4671-9a85-3b6f7898f6cc:c1137]
2019-08-28 21:29:28,124 [grpc-default-executor-6] INFO  client.GrpcClientProtocolClient (GrpcClientProtocolClient.java:onNext(255)) - client-05DA20D107F8->b461a7b0-028a-4eb5-b268-b89ac225aff8: receive RaftClientReply:client-05DA20D107F8->b461a7b0-028a-4eb5-b268-b89ac225aff8@group-0C8C0AA7542A, cid=871, SUCCESS, logIndex=1141, commits[b461a7b0-028a-4eb5-b268-b89ac225aff8:c1141, b6ff45f5-67b8-463b-a273-c2e7d9dadd75:c1137, 6a5cb75f-f7eb-4671-9a85-3b6f7898f6cc:c1137]
2019-08-28 21:29:28,135 | INFO  | DNAudit | user=null | ip=null | op=WRITE_CHUNK {blockData=conID: 2 locID: 102696731549303214 bcsId: 0} | ret=SUCCESS |  
2019-08-28 21:29:28,135 | INFO  | DNAudit | user=null | ip=null | op=PUT_BLOCK {blockData=[blockId=conID: 2 locID: 102696731549303214 bcsId: 0,size=1048576]} | ret=SUCCESS |  
2019-08-28 21:29:28,136 | INFO  | DNAudit | user=null | ip=null | op=WRITE_CHUNK {blockData=conID: 2 locID: 102696731549303214 bcsId: 0} | ret=SUCCESS |  
2019-08-28 21:29:28,136 | INFO  | DNAudit | user=null | ip=null | op=PUT_BLOCK {blockData=[blockId=conID: 2 locID: 102696731549303214 bcsId: 0,size=1048576]} | ret=SUCCESS |  
2019-08-28 21:29:28,136 | INFO  | DNAudit | user=null | ip=null | op=WRITE_CHUNK {blockData=conID: 2 locID: 102696731549303214 bcsId: 0} | ret=SUCCESS |  
2019-08-28 21:29:28,137 | INFO  | DNAudit | user=null | ip=null | op=PUT_BLOCK {blockData=[blockId=conID: 2 locID: 102696731549303214 bcsId: 0,size=2097152]} | ret=SUCCESS |  
2019-08-28 21:29:28,137 [grpc-default-executor-6] INFO  client.GrpcClientProtocolClient (GrpcClientProtocolClient.java:onNext(255)) - client-05DA20D107F8->b461a7b0-028a-4eb5-b268-b89ac225aff8: receive RaftClientReply:client-05DA20D107F8->b461a7b0-028a-4eb5-b268-b89ac225aff8@group-0C8C0AA7542A, cid=872, SUCCESS, logIndex=0, commits[b461a7b0-028a-4eb5-b268-b89ac225aff8:c1143, b6ff45f5-67b8-463b-a273-c2e7d9dadd75:c1139, 6a5cb75f-f7eb-4671-9a85-3b6f7898f6cc:c1139]
2019-08-28 21:29:28,137 | INFO  | DNAudit | user=null | ip=null | op=WRITE_CHUNK {blockData=conID: 2 locID: 102696731549303214 bcsId: 0} | ret=SUCCESS |  
2019-08-28 21:29:28,138 | INFO  | DNAudit | user=null | ip=null | op=PUT_BLOCK {blockData=[blockId=conID: 2 locID: 102696731549303214 bcsId: 0,size=2097152]} | ret=SUCCESS |  
2019-08-28 21:29:28,144 | INFO  | DNAudit | user=null | ip=null | op=WRITE_CHUNK {blockData=conID: 2 locID: 102696731549303214 bcsId: 1141} | ret=SUCCESS |  
2019-08-28 21:29:28,147 | INFO  | DNAudit | user=null | ip=null | op=WRITE_CHUNK {blockData=conID: 2 locID: 102696731549303214 bcsId: 1141} | ret=SUCCESS |  
2019-08-28 21:29:28,147 | INFO  | DNAudit | user=null | ip=null | op=WRITE_CHUNK {blockData=conID: 2 locID: 102696731549303214 bcsId: 1141} | ret=SUCCESS |  
2019-08-28 21:29:28,150 | INFO  | DNAudit | user=null | ip=null | op=WRITE_CHUNK {blockData=conID: 2 locID: 102696731549303214 bcsId: 1141} | ret=SUCCESS |  
2019-08-28 21:29:28,150 | INFO  | DNAudit | user=null | ip=null | op=PUT_BLOCK {blockData=[blockId=conID: 2 locID: 102696731549303214 bcsId: 0,size=3145728]} | ret=SUCCESS |  
2019-08-28 21:29:28,151 [grpc-default-executor-6] INFO  client.GrpcClientProtocolClient (GrpcClientProtocolClient.java:onNext(255)) - client-05DA20D107F8->b461a7b0-028a-4eb5-b268-b89ac225aff8: receive RaftClientReply:client-05DA20D107F8->b461a7b0-028a-4eb5-b268-b89ac225aff8@group-0C8C0AA7542A, cid=873, SUCCESS, logIndex=1146, commits[b461a7b0-028a-4eb5-b268-b89ac225aff8:c1147, b6ff45f5-67b8-463b-a273-c2e7d9dadd75:c1145, 6a5cb75f-f7eb-4671-9a85-3b6f7898f6cc:c1145]
2019-08-28 21:29:28,151 [grpc-default-executor-6] INFO  client.GrpcClientProtocolClient (GrpcClientProtocolClient.java:onNext(255)) - client-05DA20D107F8->b461a7b0-028a-4eb5-b268-b89ac225aff8: receive RaftClientReply:client-05DA20D107F8->b461a7b0-028a-4eb5-b268-b89ac225aff8@group-0C8C0AA7542A, cid=874, SUCCESS, logIndex=1147, commits[b461a7b0-028a-4eb5-b268-b89ac225aff8:c1147, b6ff45f5-67b8-463b-a273-c2e7d9dadd75:c1145, 6a5cb75f-f7eb-4671-9a85-3b6f7898f6cc:c1145]
2019-08-28 21:29:28,157 | INFO  | DNAudit | user=null | ip=null | op=WRITE_CHUNK {blockData=conID: 2 locID: 102696731549303214 bcsId: 1147} | ret=SUCCESS |  
2019-08-28 21:29:28,160 | INFO  | DNAudit | user=null | ip=null | op=WRITE_CHUNK {blockData=conID: 2 locID: 102696731549303214 bcsId: 1147} | ret=SUCCESS |  
2019-08-28 21:29:28,160 | INFO  | DNAudit | user=null | ip=null | op=WRITE_CHUNK {blockData=conID: 2 locID: 102696731549303214 bcsId: 1147} | ret=SUCCESS |  
2019-08-28 21:29:28,162 | INFO  | DNAudit | user=null | ip=null | op=WRITE_CHUNK {blockData=conID: 2 locID: 102696731549303214 bcsId: 1141} | ret=SUCCESS |  
2019-08-28 21:29:28,162 | INFO  | DNAudit | user=null | ip=null | op=WRITE_CHUNK {blockData=conID: 2 locID: 102696731549303214 bcsId: 1141} | ret=SUCCESS |  
2019-08-28 21:29:28,174 | INFO  | DNAudit | user=null | ip=null | op=PUT_BLOCK {blockData=[blockId=conID: 2 locID: 102696731549303214 bcsId: 0,size=3145728]} | ret=SUCCESS |  
2019-08-28 21:29:28,174 | INFO  | DNAudit | user=null | ip=null | op=PUT_BLOCK {blockData=[blockId=conID: 2 locID: 102696731549303214 bcsId: 0,size=3145728]} | ret=SUCCESS |  
2019-08-28 21:29:28,176 | INFO  | DNAudit | user=null | ip=null | op=WRITE_CHUNK {blockData=conID: 2 locID: 102696731549303214 bcsId: 1147} | ret=SUCCESS |  
2019-08-28 21:29:28,176 | INFO  | DNAudit | user=null | ip=null | op=PUT_BLOCK {blockData=[blockId=conID: 2 locID: 102696731549303214 bcsId: 0,size=4194304]} | ret=SUCCESS |  
2019-08-28 21:29:28,177 [grpc-default-executor-3] INFO  client.GrpcClientProtocolClient (GrpcClientProtocolClient.java:onNext(255)) - client-05DA20D107F8->b461a7b0-028a-4eb5-b268-b89ac225aff8: receive RaftClientReply:client-05DA20D107F8->b461a7b0-028a-4eb5-b268-b89ac225aff8@group-0C8C0AA7542A, cid=875, SUCCESS, logIndex=1150, commits[b461a7b0-028a-4eb5-b268-b89ac225aff8:c1151, b6ff45f5-67b8-463b-a273-c2e7d9dadd75:c1147, 6a5cb75f-f7eb-4671-9a85-3b6f7898f6cc:c1147]
2019-08-28 21:29:28,177 [grpc-default-executor-3] INFO  client.GrpcClientProtocolClient (GrpcClientProtocolClient.java:onNext(255)) - client-05DA20D107F8->b461a7b0-028a-4eb5-b268-b89ac225aff8: receive RaftClientReply:client-05DA20D107F8->b461a7b0-028a-4eb5-b268-b89ac225aff8@group-0C8C0AA7542A, cid=876, SUCCESS, logIndex=1151, commits[b461a7b0-028a-4eb5-b268-b89ac225aff8:c1151, b6ff45f5-67b8-463b-a273-c2e7d9dadd75:c1147, 6a5cb75f-f7eb-4671-9a85-3b6f7898f6cc:c1147]
2019-08-28 21:29:28,202 | INFO  | DNAudit | user=null | ip=null | op=WRITE_CHUNK {blockData=conID: 2 locID: 102696731549303214 bcsId: 1147} | ret=SUCCESS |  
2019-08-28 21:29:28,202 | INFO  | DNAudit | user=null | ip=null | op=WRITE_CHUNK {blockData=conID: 2 locID: 102696731549303214 bcsId: 1147} | ret=SUCCESS |  
2019-08-28 21:29:28,213 | INFO  | DNAudit | user=null | ip=null | op=PUT_BLOCK {blockData=[blockId=conID: 2 locID: 102696731549303214 bcsId: 0,size=4194304]} | ret=SUCCESS |  
2019-08-28 21:29:28,213 | INFO  | DNAudit | user=null | ip=null | op=PUT_BLOCK {blockData=[blockId=conID: 2 locID: 102696731549303214 bcsId: 0,size=4194304]} | ret=SUCCESS |  
2019-08-28 21:29:28,214 [grpc-default-executor-6] INFO  client.GrpcClientProtocolClient (GrpcClientProtocolClient.java:onNext(255)) - client-05DA20D107F8->b461a7b0-028a-4eb5-b268-b89ac225aff8: receive RaftClientReply:client-05DA20D107F8->b461a7b0-028a-4eb5-b268-b89ac225aff8@group-0C8C0AA7542A, cid=877, SUCCESS, logIndex=0, commits[b461a7b0-028a-4eb5-b268-b89ac225aff8:c1153, b6ff45f5-67b8-463b-a273-c2e7d9dadd75:c1151, 6a5cb75f-f7eb-4671-9a85-3b6f7898f6cc:c1151]
2019-08-28 21:29:28,222 | INFO  | DNAudit | user=null | ip=null | op=WRITE_CHUNK {blockData=conID: 3 locID: 102696731549303215 bcsId: 0} | ret=SUCCESS |  
2019-08-28 21:29:28,225 | INFO  | DNAudit | user=null | ip=null | op=WRITE_CHUNK {blockData=conID: 3 locID: 102696731549303215 bcsId: 0} | ret=SUCCESS |  
2019-08-28 21:29:28,225 | INFO  | DNAudit | user=null | ip=null | op=WRITE_CHUNK {blockData=conID: 3 locID: 102696731549303215 bcsId: 0} | ret=SUCCESS |  
2019-08-28 21:29:28,225 | INFO  | DNAudit | user=null | ip=null | op=WRITE_CHUNK {blockData=conID: 3 locID: 102696731549303215 bcsId: 0} | ret=SUCCESS |  
2019-08-28 21:29:28,227 | INFO  | DNAudit | user=null | ip=null | op=WRITE_CHUNK {blockData=conID: 3 locID: 102696731549303215 bcsId: 0} | ret=SUCCESS |  
2019-08-28 21:29:28,227 | INFO  | DNAudit | user=null | ip=null | op=WRITE_CHUNK {blockData=conID: 3 locID: 102696731549303215 bcsId: 0} | ret=SUCCESS |  
2019-08-28 21:29:28,239 | INFO  | DNAudit | user=null | ip=null | op=WRITE_CHUNK {blockData=conID: 3 locID: 102696731549303215 bcsId: 0} | ret=SUCCESS |  
2019-08-28 21:29:28,240 | INFO  | DNAudit | user=null | ip=null | op=PUT_BLOCK {blockData=[blockId=conID: 3 locID: 102696731549303215 bcsId: 0,size=1048576]} | ret=SUCCESS |  
2019-08-28 21:29:28,240 [grpc-default-executor-6] INFO  client.GrpcClientProtocolClient (GrpcClientProtocolClient.java:onNext(255)) - client-05DA20D107F8->b461a7b0-028a-4eb5-b268-b89ac225aff8: receive RaftClientReply:client-05DA20D107F8->b461a7b0-028a-4eb5-b268-b89ac225aff8@group-0C8C0AA7542A, cid=878, SUCCESS, logIndex=1154, commits[b461a7b0-028a-4eb5-b268-b89ac225aff8:c1155, b6ff45f5-67b8-463b-a273-c2e7d9dadd75:c1153, 6a5cb75f-f7eb-4671-9a85-3b6f7898f6cc:c1153]
2019-08-28 21:29:28,240 | INFO  | DNAudit | user=null | ip=null | op=WRITE_CHUNK {blockData=conID: 3 locID: 102696731549303215 bcsId: 0} | ret=SUCCESS |  
2019-08-28 21:29:28,241 | INFO  | DNAudit | user=null | ip=null | op=PUT_BLOCK {blockData=[blockId=conID: 3 locID: 102696731549303215 bcsId: 0,size=2097152]} | ret=SUCCESS |  
2019-08-28 21:29:28,241 [grpc-default-executor-6] INFO  client.GrpcClientProtocolClient (GrpcClientProtocolClient.java:onNext(255)) - client-05DA20D107F8->b461a7b0-028a-4eb5-b268-b89ac225aff8: receive RaftClientReply:client-05DA20D107F8->b461a7b0-028a-4eb5-b268-b89ac225aff8@group-0C8C0AA7542A, cid=879, SUCCESS, logIndex=1155, commits[b461a7b0-028a-4eb5-b268-b89ac225aff8:c1155, b6ff45f5-67b8-463b-a273-c2e7d9dadd75:c1153, 6a5cb75f-f7eb-4671-9a85-3b6f7898f6cc:c1153]
2019-08-28 21:29:28,241 [grpc-default-executor-6] INFO  client.GrpcClientProtocolClient (GrpcClientProtocolClient.java:onNext(255)) - client-05DA20D107F8->b461a7b0-028a-4eb5-b268-b89ac225aff8: receive RaftClientReply:client-05DA20D107F8->b461a7b0-028a-4eb5-b268-b89ac225aff8@group-0C8C0AA7542A, cid=880, SUCCESS, logIndex=1156, commits[b461a7b0-028a-4eb5-b268-b89ac225aff8:c1157, b6ff45f5-67b8-463b-a273-c2e7d9dadd75:c1153, 6a5cb75f-f7eb-4671-9a85-3b6f7898f6cc:c1153]
2019-08-28 21:29:28,241 [grpc-default-executor-6] INFO  client.GrpcClientProtocolClient (GrpcClientProtocolClient.java:onNext(255)) - client-05DA20D107F8->b461a7b0-028a-4eb5-b268-b89ac225aff8: receive RaftClientReply:client-05DA20D107F8->b461a7b0-028a-4eb5-b268-b89ac225aff8@group-0C8C0AA7542A, cid=881, SUCCESS, logIndex=1157, commits[b461a7b0-028a-4eb5-b268-b89ac225aff8:c1157, b6ff45f5-67b8-463b-a273-c2e7d9dadd75:c1153, 6a5cb75f-f7eb-4671-9a85-3b6f7898f6cc:c1153]
2019-08-28 21:29:28,242 | INFO  | DNAudit | user=null | ip=null | op=WRITE_CHUNK {blockData=conID: 3 locID: 102696731549303215 bcsId: 0} | ret=SUCCESS |  
2019-08-28 21:29:28,242 | INFO  | DNAudit | user=null | ip=null | op=PUT_BLOCK {blockData=[blockId=conID: 3 locID: 102696731549303215 bcsId: 0,size=1048576]} | ret=SUCCESS |  
2019-08-28 21:29:28,242 | INFO  | DNAudit | user=null | ip=null | op=WRITE_CHUNK {blockData=conID: 3 locID: 102696731549303215 bcsId: 0} | ret=SUCCESS |  
2019-08-28 21:29:28,243 | INFO  | DNAudit | user=null | ip=null | op=PUT_BLOCK {blockData=[blockId=conID: 3 locID: 102696731549303215 bcsId: 0,size=1048576]} | ret=SUCCESS |  
2019-08-28 21:29:28,243 [grpc-default-executor-6] INFO  client.GrpcClientProtocolClient (GrpcClientProtocolClient.java:onNext(255)) - client-05DA20D107F8->b461a7b0-028a-4eb5-b268-b89ac225aff8: receive RaftClientReply:client-05DA20D107F8->b461a7b0-028a-4eb5-b268-b89ac225aff8@group-0C8C0AA7542A, cid=882, SUCCESS, logIndex=0, commits[b461a7b0-028a-4eb5-b268-b89ac225aff8:c1159, b6ff45f5-67b8-463b-a273-c2e7d9dadd75:c1155, 6a5cb75f-f7eb-4671-9a85-3b6f7898f6cc:c1155]
2019-08-28 21:29:28,243 | INFO  | DNAudit | user=null | ip=null | op=WRITE_CHUNK {blockData=conID: 3 locID: 102696731549303215 bcsId: 0} | ret=SUCCESS |  
2019-08-28 21:29:28,243 | INFO  | DNAudit | user=null | ip=null | op=WRITE_CHUNK {blockData=conID: 3 locID: 102696731549303215 bcsId: 0} | ret=SUCCESS |  
2019-08-28 21:29:28,243 | INFO  | DNAudit | user=null | ip=null | op=PUT_BLOCK {blockData=[blockId=conID: 3 locID: 102696731549303215 bcsId: 0,size=2097152]} | ret=SUCCESS |  
2019-08-28 21:29:28,243 | INFO  | DNAudit | user=null | ip=null | op=PUT_BLOCK {blockData=[blockId=conID: 3 locID: 102696731549303215 bcsId: 0,size=2097152]} | ret=SUCCESS |  
2019-08-28 21:29:28,249 | INFO  | DNAudit | user=null | ip=null | op=WRITE_CHUNK {blockData=conID: 3 locID: 102696731549303215 bcsId: 1157} | ret=SUCCESS |  
2019-08-28 21:29:28,252 | INFO  | DNAudit | user=null | ip=null | op=WRITE_CHUNK {blockData=conID: 3 locID: 102696731549303215 bcsId: 1157} | ret=SUCCESS |  
2019-08-28 21:29:28,253 | INFO  | DNAudit | user=null | ip=null | op=WRITE_CHUNK {blockData=conID: 3 locID: 102696731549303215 bcsId: 1157} | ret=SUCCESS |  
2019-08-28 21:29:28,264 | INFO  | DNAudit | user=null | ip=null | op=WRITE_CHUNK {blockData=conID: 3 locID: 102696731549303215 bcsId: 1157} | ret=SUCCESS |  
2019-08-28 21:29:28,265 | INFO  | DNAudit | user=null | ip=null | op=PUT_BLOCK {blockData=[blockId=conID: 3 locID: 102696731549303215 bcsId: 0,size=3145728]} | ret=SUCCESS |  
2019-08-28 21:29:28,265 [grpc-default-executor-3] INFO  client.GrpcClientProtocolClient (GrpcClientProtocolClient.java:onNext(255)) - client-05DA20D107F8->b461a7b0-028a-4eb5-b268-b89ac225aff8: receive RaftClientReply:client-05DA20D107F8->b461a7b0-028a-4eb5-b268-b89ac225aff8@group-0C8C0AA7542A, cid=883, SUCCESS, logIndex=1162, commits[b461a7b0-028a-4eb5-b268-b89ac225aff8:c1163, b6ff45f5-67b8-463b-a273-c2e7d9dadd75:c1161, 6a5cb75f-f7eb-4671-9a85-3b6f7898f6cc:c1161]
2019-08-28 21:29:28,266 [grpc-default-executor-3] INFO  client.GrpcClientProtocolClient (GrpcClientProtocolClient.java:onNext(255)) - client-05DA20D107F8->b461a7b0-028a-4eb5-b268-b89ac225aff8: receive RaftClientReply:client-05DA20D107F8->b461a7b0-028a-4eb5-b268-b89ac225aff8@group-0C8C0AA7542A, cid=884, SUCCESS, logIndex=1163, commits[b461a7b0-028a-4eb5-b268-b89ac225aff8:c1163, b6ff45f5-67b8-463b-a273-c2e7d9dadd75:c1161, 6a5cb75f-f7eb-4671-9a85-3b6f7898f6cc:c1161]
2019-08-28 21:29:28,272 | INFO  | DNAudit | user=null | ip=null | op=WRITE_CHUNK {blockData=conID: 3 locID: 102696731549303215 bcsId: 1163} | ret=SUCCESS |  
2019-08-28 21:29:28,275 | INFO  | DNAudit | user=null | ip=null | op=WRITE_CHUNK {blockData=conID: 3 locID: 102696731549303215 bcsId: 1163} | ret=SUCCESS |  
2019-08-28 21:29:28,275 | INFO  | DNAudit | user=null | ip=null | op=WRITE_CHUNK {blockData=conID: 3 locID: 102696731549303215 bcsId: 1163} | ret=SUCCESS |  
2019-08-28 21:29:28,282 | INFO  | DNAudit | user=null | ip=null | op=WRITE_CHUNK {blockData=conID: 3 locID: 102696731549303215 bcsId: 1157} | ret=SUCCESS |  
2019-08-28 21:29:28,282 | INFO  | DNAudit | user=null | ip=null | op=WRITE_CHUNK {blockData=conID: 3 locID: 102696731549303215 bcsId: 1157} | ret=SUCCESS |  
2019-08-28 21:29:28,283 | INFO  | DNAudit | user=null | ip=null | op=PUT_BLOCK {blockData=[blockId=conID: 3 locID: 102696731549303215 bcsId: 0,size=3145728]} | ret=SUCCESS |  
2019-08-28 21:29:28,283 | INFO  | DNAudit | user=null | ip=null | op=PUT_BLOCK {blockData=[blockId=conID: 3 locID: 102696731549303215 bcsId: 0,size=3145728]} | ret=SUCCESS |  
2019-08-28 21:29:28,284 | INFO  | DNAudit | user=null | ip=null | op=WRITE_CHUNK {blockData=conID: 3 locID: 102696731549303215 bcsId: 1163} | ret=SUCCESS |  
2019-08-28 21:29:28,284 | INFO  | DNAudit | user=null | ip=null | op=PUT_BLOCK {blockData=[blockId=conID: 3 locID: 102696731549303215 bcsId: 0,size=4194304]} | ret=SUCCESS |  
2019-08-28 21:29:28,284 [grpc-default-executor-2] INFO  client.GrpcClientProtocolClient (GrpcClientProtocolClient.java:onNext(255)) - client-05DA20D107F8->b461a7b0-028a-4eb5-b268-b89ac225aff8: receive RaftClientReply:client-05DA20D107F8->b461a7b0-028a-4eb5-b268-b89ac225aff8@group-0C8C0AA7542A, cid=885, SUCCESS, logIndex=1166, commits[b461a7b0-028a-4eb5-b268-b89ac225aff8:c1167, b6ff45f5-67b8-463b-a273-c2e7d9dadd75:c1163, 6a5cb75f-f7eb-4671-9a85-3b6f7898f6cc:c1163]
2019-08-28 21:29:28,285 [grpc-default-executor-2] INFO  client.GrpcClientProtocolClient (GrpcClientProtocolClient.java:onNext(255)) - client-05DA20D107F8->b461a7b0-028a-4eb5-b268-b89ac225aff8: receive RaftClientReply:client-05DA20D107F8->b461a7b0-028a-4eb5-b268-b89ac225aff8@group-0C8C0AA7542A, cid=886, SUCCESS, logIndex=1167, commits[b461a7b0-028a-4eb5-b268-b89ac225aff8:c1167, b6ff45f5-67b8-463b-a273-c2e7d9dadd75:c1163, 6a5cb75f-f7eb-4671-9a85-3b6f7898f6cc:c1163]
2019-08-28 21:29:28,307 | INFO  | DNAudit | user=null | ip=null | op=WRITE_CHUNK {blockData=conID: 3 locID: 102696731549303215 bcsId: 1163} | ret=SUCCESS |  
2019-08-28 21:29:28,308 | INFO  | DNAudit | user=null | ip=null | op=WRITE_CHUNK {blockData=conID: 3 locID: 102696731549303215 bcsId: 1163} | ret=SUCCESS |  
2019-08-28 21:29:28,308 | INFO  | DNAudit | user=null | ip=null | op=PUT_BLOCK {blockData=[blockId=conID: 3 locID: 102696731549303215 bcsId: 0,size=4194304]} | ret=SUCCESS |  
2019-08-28 21:29:28,308 | INFO  | DNAudit | user=null | ip=null | op=PUT_BLOCK {blockData=[blockId=conID: 3 locID: 102696731549303215 bcsId: 0,size=4194304]} | ret=SUCCESS |  
2019-08-28 21:29:28,308 [grpc-default-executor-3] INFO  client.GrpcClientProtocolClient (GrpcClientProtocolClient.java:onNext(255)) - client-05DA20D107F8->b461a7b0-028a-4eb5-b268-b89ac225aff8: receive RaftClientReply:client-05DA20D107F8->b461a7b0-028a-4eb5-b268-b89ac225aff8@group-0C8C0AA7542A, cid=887, SUCCESS, logIndex=0, commits[b461a7b0-028a-4eb5-b268-b89ac225aff8:c1168, b6ff45f5-67b8-463b-a273-c2e7d9dadd75:c1167, 6a5cb75f-f7eb-4671-9a85-3b6f7898f6cc:c1167]
2019-08-28 21:29:28,316 | INFO  | DNAudit | user=null | ip=null | op=WRITE_CHUNK {blockData=conID: 1 locID: 102696731549368752 bcsId: 0} | ret=SUCCESS |  
2019-08-28 21:29:28,319 | INFO  | DNAudit | user=null | ip=null | op=WRITE_CHUNK {blockData=conID: 1 locID: 102696731549368752 bcsId: 0} | ret=SUCCESS |  
2019-08-28 21:29:28,319 | INFO  | DNAudit | user=null | ip=null | op=WRITE_CHUNK {blockData=conID: 1 locID: 102696731549368752 bcsId: 0} | ret=SUCCESS |  
2019-08-28 21:29:28,319 | INFO  | DNAudit | user=null | ip=null | op=WRITE_CHUNK {blockData=conID: 1 locID: 102696731549368752 bcsId: 0} | ret=SUCCESS |  
2019-08-28 21:29:28,321 | INFO  | DNAudit | user=null | ip=null | op=WRITE_CHUNK {blockData=conID: 1 locID: 102696731549368752 bcsId: 0} | ret=SUCCESS |  
2019-08-28 21:29:28,321 | INFO  | DNAudit | user=null | ip=null | op=WRITE_CHUNK {blockData=conID: 1 locID: 102696731549368752 bcsId: 0} | ret=SUCCESS |  
2019-08-28 21:29:28,329 | INFO  | DNAudit | user=null | ip=null | op=WRITE_CHUNK {blockData=conID: 1 locID: 102696731549368752 bcsId: 0} | ret=SUCCESS |  
2019-08-28 21:29:28,330 | INFO  | DNAudit | user=null | ip=null | op=PUT_BLOCK {blockData=[blockId=conID: 1 locID: 102696731549368752 bcsId: 0,size=1048576]} | ret=SUCCESS |  
2019-08-28 21:29:28,330 | INFO  | DNAudit | user=null | ip=null | op=WRITE_CHUNK {blockData=conID: 1 locID: 102696731549368752 bcsId: 0} | ret=SUCCESS |  
2019-08-28 21:29:28,330 [grpc-default-executor-3] INFO  client.GrpcClientProtocolClient (GrpcClientProtocolClient.java:onNext(255)) - client-05DA20D107F8->b461a7b0-028a-4eb5-b268-b89ac225aff8: receive RaftClientReply:client-05DA20D107F8->b461a7b0-028a-4eb5-b268-b89ac225aff8@group-0C8C0AA7542A, cid=888, SUCCESS, logIndex=1170, commits[b461a7b0-028a-4eb5-b268-b89ac225aff8:c1171, b6ff45f5-67b8-463b-a273-c2e7d9dadd75:c1169, 6a5cb75f-f7eb-4671-9a85-3b6f7898f6cc:c1169]
2019-08-28 21:29:28,331 | INFO  | DNAudit | user=null | ip=null | op=PUT_BLOCK {blockData=[blockId=conID: 1 locID: 102696731549368752 bcsId: 0,size=2097152]} | ret=SUCCESS |  
2019-08-28 21:29:28,331 [grpc-default-executor-2] INFO  client.GrpcClientProtocolClient (GrpcClientProtocolClient.java:onNext(255)) - client-05DA20D107F8->b461a7b0-028a-4eb5-b268-b89ac225aff8: receive RaftClientReply:client-05DA20D107F8->b461a7b0-028a-4eb5-b268-b89ac225aff8@group-0C8C0AA7542A, cid=889, SUCCESS, logIndex=1171, commits[b461a7b0-028a-4eb5-b268-b89ac225aff8:c1171, b6ff45f5-67b8-463b-a273-c2e7d9dadd75:c1169, 6a5cb75f-f7eb-4671-9a85-3b6f7898f6cc:c1169]
2019-08-28 21:29:28,331 | INFO  | DNAudit | user=null | ip=null | op=WRITE_CHUNK {blockData=conID: 1 locID: 102696731549368752 bcsId: 0} | ret=SUCCESS |  
2019-08-28 21:29:28,331 [grpc-default-executor-3] INFO  client.GrpcClientProtocolClient (GrpcClientProtocolClient.java:onNext(255)) - client-05DA20D107F8->b461a7b0-028a-4eb5-b268-b89ac225aff8: receive RaftClientReply:client-05DA20D107F8->b461a7b0-028a-4eb5-b268-b89ac225aff8@group-0C8C0AA7542A, cid=890, SUCCESS, logIndex=1172, commits[b461a7b0-028a-4eb5-b268-b89ac225aff8:c1173, b6ff45f5-67b8-463b-a273-c2e7d9dadd75:c1169, 6a5cb75f-f7eb-4671-9a85-3b6f7898f6cc:c1169]
2019-08-28 21:29:28,331 | INFO  | DNAudit | user=null | ip=null | op=PUT_BLOCK {blockData=[blockId=conID: 1 locID: 102696731549368752 bcsId: 0,size=1048576]} | ret=SUCCESS |  
2019-08-28 21:29:28,331 [grpc-default-executor-3] INFO  client.GrpcClientProtocolClient (GrpcClientProtocolClient.java:onNext(255)) - client-05DA20D107F8->b461a7b0-028a-4eb5-b268-b89ac225aff8: receive RaftClientReply:client-05DA20D107F8->b461a7b0-028a-4eb5-b268-b89ac225aff8@group-0C8C0AA7542A, cid=891, SUCCESS, logIndex=1173, commits[b461a7b0-028a-4eb5-b268-b89ac225aff8:c1173, b6ff45f5-67b8-463b-a273-c2e7d9dadd75:c1169, 6a5cb75f-f7eb-4671-9a85-3b6f7898f6cc:c1169]
2019-08-28 21:29:28,332 | INFO  | DNAudit | user=null | ip=null | op=WRITE_CHUNK {blockData=conID: 1 locID: 102696731549368752 bcsId: 0} | ret=SUCCESS |  
2019-08-28 21:29:28,332 | INFO  | DNAudit | user=null | ip=null | op=PUT_BLOCK {blockData=[blockId=conID: 1 locID: 102696731549368752 bcsId: 0,size=1048576]} | ret=SUCCESS |  
2019-08-28 21:29:28,332 | INFO  | DNAudit | user=null | ip=null | op=WRITE_CHUNK {blockData=conID: 1 locID: 102696731549368752 bcsId: 0} | ret=SUCCESS |  
2019-08-28 21:29:28,332 | INFO  | DNAudit | user=null | ip=null | op=WRITE_CHUNK {blockData=conID: 1 locID: 102696731549368752 bcsId: 0} | ret=SUCCESS |  
2019-08-28 21:29:28,332 | INFO  | DNAudit | user=null | ip=null | op=PUT_BLOCK {blockData=[blockId=conID: 1 locID: 102696731549368752 bcsId: 0,size=2097152]} | ret=SUCCESS |  
2019-08-28 21:29:28,332 | INFO  | DNAudit | user=null | ip=null | op=PUT_BLOCK {blockData=[blockId=conID: 1 locID: 102696731549368752 bcsId: 0,size=2097152]} | ret=SUCCESS |  
2019-08-28 21:29:28,333 [grpc-default-executor-2] INFO  client.GrpcClientProtocolClient (GrpcClientProtocolClient.java:onNext(255)) - client-05DA20D107F8->b461a7b0-028a-4eb5-b268-b89ac225aff8: receive RaftClientReply:client-05DA20D107F8->b461a7b0-028a-4eb5-b268-b89ac225aff8@group-0C8C0AA7542A, cid=892, SUCCESS, logIndex=0, commits[b461a7b0-028a-4eb5-b268-b89ac225aff8:c1175, b6ff45f5-67b8-463b-a273-c2e7d9dadd75:c1171, 6a5cb75f-f7eb-4671-9a85-3b6f7898f6cc:c1173]
2019-08-28 21:29:28,340 | INFO  | DNAudit | user=null | ip=null | op=WRITE_CHUNK {blockData=conID: 1 locID: 102696731549368752 bcsId: 1173} | ret=SUCCESS |  
2019-08-28 21:29:28,342 | INFO  | DNAudit | user=null | ip=null | op=WRITE_CHUNK {blockData=conID: 1 locID: 102696731549368752 bcsId: 1173} | ret=SUCCESS |  
2019-08-28 21:29:28,342 | INFO  | DNAudit | user=null | ip=null | op=WRITE_CHUNK {blockData=conID: 1 locID: 102696731549368752 bcsId: 1173} | ret=SUCCESS |  
2019-08-28 21:29:28,355 | INFO  | DNAudit | user=null | ip=null | op=WRITE_CHUNK {blockData=conID: 1 locID: 102696731549368752 bcsId: 1173} | ret=SUCCESS |  
2019-08-28 21:29:28,355 | INFO  | DNAudit | user=null | ip=null | op=PUT_BLOCK {blockData=[blockId=conID: 1 locID: 102696731549368752 bcsId: 0,size=3145728]} | ret=SUCCESS |  
2019-08-28 21:29:28,355 [grpc-default-executor-2] INFO  client.GrpcClientProtocolClient (GrpcClientProtocolClient.java:onNext(255)) - client-05DA20D107F8->b461a7b0-028a-4eb5-b268-b89ac225aff8: receive RaftClientReply:client-05DA20D107F8->b461a7b0-028a-4eb5-b268-b89ac225aff8@group-0C8C0AA7542A, cid=893, SUCCESS, logIndex=1177, commits[b461a7b0-028a-4eb5-b268-b89ac225aff8:c1178, b6ff45f5-67b8-463b-a273-c2e7d9dadd75:c1176, 6a5cb75f-f7eb-4671-9a85-3b6f7898f6cc:c1176]
2019-08-28 21:29:28,356 [grpc-default-executor-2] INFO  client.GrpcClientProtocolClient (GrpcClientProtocolClient.java:onNext(255)) - client-05DA20D107F8->b461a7b0-028a-4eb5-b268-b89ac225aff8: receive RaftClientReply:client-05DA20D107F8->b461a7b0-028a-4eb5-b268-b89ac225aff8@group-0C8C0AA7542A, cid=894, SUCCESS, logIndex=1178, commits[b461a7b0-028a-4eb5-b268-b89ac225aff8:c1178, b6ff45f5-67b8-463b-a273-c2e7d9dadd75:c1176, 6a5cb75f-f7eb-4671-9a85-3b6f7898f6cc:c1176]
2019-08-28 21:29:28,363 | INFO  | DNAudit | user=null | ip=null | op=WRITE_CHUNK {blockData=conID: 1 locID: 102696731549368752 bcsId: 1178} | ret=SUCCESS |  
2019-08-28 21:29:28,364 | INFO  | DNAudit | user=null | ip=null | op=WRITE_CHUNK {blockData=conID: 1 locID: 102696731549368752 bcsId: 1178} | ret=SUCCESS |  
2019-08-28 21:29:28,366 | INFO  | DNAudit | user=null | ip=null | op=WRITE_CHUNK {blockData=conID: 1 locID: 102696731549368752 bcsId: 1173} | ret=SUCCESS |  
2019-08-28 21:29:28,366 | INFO  | DNAudit | user=null | ip=null | op=WRITE_CHUNK {blockData=conID: 1 locID: 102696731549368752 bcsId: 1173} | ret=SUCCESS |  
2019-08-28 21:29:28,366 | INFO  | DNAudit | user=null | ip=null | op=PUT_BLOCK {blockData=[blockId=conID: 1 locID: 102696731549368752 bcsId: 0,size=3145728]} | ret=SUCCESS |  
2019-08-28 21:29:28,366 | INFO  | DNAudit | user=null | ip=null | op=PUT_BLOCK {blockData=[blockId=conID: 1 locID: 102696731549368752 bcsId: 0,size=3145728]} | ret=SUCCESS |  
2019-08-28 21:29:28,368 | INFO  | DNAudit | user=null | ip=null | op=WRITE_CHUNK {blockData=conID: 1 locID: 102696731549368752 bcsId: 1178} | ret=SUCCESS |  
2019-08-28 21:29:28,368 | INFO  | DNAudit | user=null | ip=null | op=WRITE_CHUNK {blockData=conID: 1 locID: 102696731549368752 bcsId: 1178} | ret=SUCCESS |  
2019-08-28 21:29:28,369 | INFO  | DNAudit | user=null | ip=null | op=PUT_BLOCK {blockData=[blockId=conID: 1 locID: 102696731549368752 bcsId: 0,size=4194304]} | ret=SUCCESS |  
2019-08-28 21:29:28,369 [grpc-default-executor-2] INFO  client.GrpcClientProtocolClient (GrpcClientProtocolClient.java:onNext(255)) - client-05DA20D107F8->b461a7b0-028a-4eb5-b268-b89ac225aff8: receive RaftClientReply:client-05DA20D107F8->b461a7b0-028a-4eb5-b268-b89ac225aff8@group-0C8C0AA7542A, cid=895, SUCCESS, logIndex=1181, commits[b461a7b0-028a-4eb5-b268-b89ac225aff8:c1182, b6ff45f5-67b8-463b-a273-c2e7d9dadd75:c1178, 6a5cb75f-f7eb-4671-9a85-3b6f7898f6cc:c1178]
2019-08-28 21:29:28,369 [grpc-default-executor-2] INFO  client.GrpcClientProtocolClient (GrpcClientProtocolClient.java:onNext(255)) - client-05DA20D107F8->b461a7b0-028a-4eb5-b268-b89ac225aff8: receive RaftClientReply:client-05DA20D107F8->b461a7b0-028a-4eb5-b268-b89ac225aff8@group-0C8C0AA7542A, cid=896, SUCCESS, logIndex=1182, commits[b461a7b0-028a-4eb5-b268-b89ac225aff8:c1182, b6ff45f5-67b8-463b-a273-c2e7d9dadd75:c1178, 6a5cb75f-f7eb-4671-9a85-3b6f7898f6cc:c1178]
2019-08-28 21:29:28,384 | INFO  | SCMAudit | user=jenkins1000 | ip=192.168.36.107 | op=SEND_HEARTBEAT {datanodeUUID=68f89a68-6a96-4cde-8528-8617611d459d, command=[]} | ret=SUCCESS |  
2019-08-28 21:29:28,384 | INFO  | SCMAudit | user=jenkins1000 | ip=192.168.36.107 | op=SEND_HEARTBEAT {datanodeUUID=af4986ea-80d8-4c92-96d2-2b3929a4248a, command=[]} | ret=SUCCESS |  
2019-08-28 21:29:28,392 | INFO  | DNAudit | user=null | ip=null | op=WRITE_CHUNK {blockData=conID: 1 locID: 102696731549368752 bcsId: 1178} | ret=SUCCESS |  
2019-08-28 21:29:28,393 | INFO  | DNAudit | user=null | ip=null | op=WRITE_CHUNK {blockData=conID: 1 locID: 102696731549368752 bcsId: 1178} | ret=SUCCESS |  
2019-08-28 21:29:28,393 | INFO  | DNAudit | user=null | ip=null | op=PUT_BLOCK {blockData=[blockId=conID: 1 locID: 102696731549368752 bcsId: 0,size=4194304]} | ret=SUCCESS |  
2019-08-28 21:29:28,394 | INFO  | DNAudit | user=null | ip=null | op=PUT_BLOCK {blockData=[blockId=conID: 1 locID: 102696731549368752 bcsId: 0,size=4194304]} | ret=SUCCESS |  
2019-08-28 21:29:28,395 [grpc-default-executor-6] INFO  client.GrpcClientProtocolClient (GrpcClientProtocolClient.java:onNext(255)) - client-05DA20D107F8->b461a7b0-028a-4eb5-b268-b89ac225aff8: receive RaftClientReply:client-05DA20D107F8->b461a7b0-028a-4eb5-b268-b89ac225aff8@group-0C8C0AA7542A, cid=897, SUCCESS, logIndex=0, commits[b461a7b0-028a-4eb5-b268-b89ac225aff8:c1184, b6ff45f5-67b8-463b-a273-c2e7d9dadd75:c1182, 6a5cb75f-f7eb-4671-9a85-3b6f7898f6cc:c1182]
2019-08-28 21:29:28,402 | INFO  | DNAudit | user=null | ip=null | op=WRITE_CHUNK {blockData=conID: 2 locID: 102696731549368753 bcsId: 0} | ret=SUCCESS |  
2019-08-28 21:29:28,404 | INFO  | DNAudit | user=null | ip=null | op=WRITE_CHUNK {blockData=conID: 2 locID: 102696731549368753 bcsId: 0} | ret=SUCCESS |  
2019-08-28 21:29:28,405 | INFO  | DNAudit | user=null | ip=null | op=WRITE_CHUNK {blockData=conID: 2 locID: 102696731549368753 bcsId: 0} | ret=SUCCESS |  
2019-08-28 21:29:28,405 | INFO  | DNAudit | user=null | ip=null | op=WRITE_CHUNK {blockData=conID: 2 locID: 102696731549368753 bcsId: 0} | ret=SUCCESS |  
2019-08-28 21:29:28,408 | INFO  | DNAudit | user=null | ip=null | op=WRITE_CHUNK {blockData=conID: 2 locID: 102696731549368753 bcsId: 0} | ret=SUCCESS |  
2019-08-28 21:29:28,408 | INFO  | DNAudit | user=null | ip=null | op=WRITE_CHUNK {blockData=conID: 2 locID: 102696731549368753 bcsId: 0} | ret=SUCCESS |  
2019-08-28 21:29:28,429 | INFO  | DNAudit | user=null | ip=null | op=WRITE_CHUNK {blockData=conID: 2 locID: 102696731549368753 bcsId: 0} | ret=SUCCESS |  
2019-08-28 21:29:28,429 | INFO  | DNAudit | user=null | ip=null | op=PUT_BLOCK {blockData=[blockId=conID: 2 locID: 102696731549368753 bcsId: 0,size=1048576]} | ret=SUCCESS |  
2019-08-28 21:29:28,429 [grpc-default-executor-3] INFO  client.GrpcClientProtocolClient (GrpcClientProtocolClient.java:onNext(255)) - client-05DA20D107F8->b461a7b0-028a-4eb5-b268-b89ac225aff8: receive RaftClientReply:client-05DA20D107F8->b461a7b0-028a-4eb5-b268-b89ac225aff8@group-0C8C0AA7542A, cid=898, SUCCESS, logIndex=1185, commits[b461a7b0-028a-4eb5-b268-b89ac225aff8:c1186, b6ff45f5-67b8-463b-a273-c2e7d9dadd75:c1184, 6a5cb75f-f7eb-4671-9a85-3b6f7898f6cc:c1184]
2019-08-28 21:29:28,430 [grpc-default-executor-3] INFO  client.GrpcClientProtocolClient (GrpcClientProtocolClient.java:onNext(255)) - client-05DA20D107F8->b461a7b0-028a-4eb5-b268-b89ac225aff8: receive RaftClientReply:client-05DA20D107F8->b461a7b0-028a-4eb5-b268-b89ac225aff8@group-0C8C0AA7542A, cid=899, SUCCESS, logIndex=1186, commits[b461a7b0-028a-4eb5-b268-b89ac225aff8:c1186, b6ff45f5-67b8-463b-a273-c2e7d9dadd75:c1184, 6a5cb75f-f7eb-4671-9a85-3b6f7898f6cc:c1184]
2019-08-28 21:29:28,505 | INFO  | DNAudit | user=null | ip=null | op=WRITE_CHUNK {blockData=conID: 2 locID: 102696731549368753 bcsId: 0} | ret=SUCCESS |  
2019-08-28 21:29:28,505 | INFO  | DNAudit | user=null | ip=null | op=WRITE_CHUNK {blockData=conID: 2 locID: 102696731549368753 bcsId: 0} | ret=SUCCESS |  
2019-08-28 21:29:28,505 | INFO  | DNAudit | user=null | ip=null | op=PUT_BLOCK {blockData=[blockId=conID: 2 locID: 102696731549368753 bcsId: 0,size=2097152]} | ret=SUCCESS |  
2019-08-28 21:29:28,505 | INFO  | DNAudit | user=null | ip=null | op=PUT_BLOCK {blockData=[blockId=conID: 2 locID: 102696731549368753 bcsId: 0,size=1048576]} | ret=SUCCESS |  
2019-08-28 21:29:28,505 [grpc-default-executor-6] INFO  client.GrpcClientProtocolClient (GrpcClientProtocolClient.java:onNext(255)) - client-05DA20D107F8->b461a7b0-028a-4eb5-b268-b89ac225aff8: receive RaftClientReply:client-05DA20D107F8->b461a7b0-028a-4eb5-b268-b89ac225aff8@group-0C8C0AA7542A, cid=900, SUCCESS, logIndex=1187, commits[b461a7b0-028a-4eb5-b268-b89ac225aff8:c1188, b6ff45f5-67b8-463b-a273-c2e7d9dadd75:c1184, 6a5cb75f-f7eb-4671-9a85-3b6f7898f6cc:c1184]
2019-08-28 21:29:28,506 [grpc-default-executor-6] INFO  client.GrpcClientProtocolClient (GrpcClientProtocolClient.java:onNext(255)) - client-05DA20D107F8->b461a7b0-028a-4eb5-b268-b89ac225aff8: receive RaftClientReply:client-05DA20D107F8->b461a7b0-028a-4eb5-b268-b89ac225aff8@group-0C8C0AA7542A, cid=901, SUCCESS, logIndex=1188, commits[b461a7b0-028a-4eb5-b268-b89ac225aff8:c1190, b6ff45f5-67b8-463b-a273-c2e7d9dadd75:c1186, 6a5cb75f-f7eb-4671-9a85-3b6f7898f6cc:c1184]
2019-08-28 21:29:28,526 | INFO  | DNAudit | user=null | ip=null | op=WRITE_CHUNK {blockData=conID: 2 locID: 102696731549368753 bcsId: 0} | ret=SUCCESS |  
2019-08-28 21:29:28,526 | INFO  | DNAudit | user=null | ip=null | op=WRITE_CHUNK {blockData=conID: 2 locID: 102696731549368753 bcsId: 0} | ret=SUCCESS |  
2019-08-28 21:29:28,526 | INFO  | DNAudit | user=null | ip=null | op=PUT_BLOCK {blockData=[blockId=conID: 2 locID: 102696731549368753 bcsId: 0,size=1048576]} | ret=SUCCESS |  
2019-08-28 21:29:28,526 | INFO  | DNAudit | user=null | ip=null | op=PUT_BLOCK {blockData=[blockId=conID: 2 locID: 102696731549368753 bcsId: 0,size=2097152]} | ret=SUCCESS |  
2019-08-28 21:29:28,527 [grpc-default-executor-6] INFO  client.GrpcClientProtocolClient (GrpcClientProtocolClient.java:onNext(255)) - client-05DA20D107F8->b461a7b0-028a-4eb5-b268-b89ac225aff8: receive RaftClientReply:client-05DA20D107F8->b461a7b0-028a-4eb5-b268-b89ac225aff8@group-0C8C0AA7542A, cid=902, SUCCESS, logIndex=0, commits[b461a7b0-028a-4eb5-b268-b89ac225aff8:c1192, b6ff45f5-67b8-463b-a273-c2e7d9dadd75:c1188, 6a5cb75f-f7eb-4671-9a85-3b6f7898f6cc:c1186]
2019-08-28 21:29:28,535 | INFO  | DNAudit | user=null | ip=null | op=WRITE_CHUNK {blockData=conID: 2 locID: 102696731549368753 bcsId: 1188} | ret=SUCCESS |  
2019-08-28 21:29:28,538 | INFO  | DNAudit | user=null | ip=null | op=WRITE_CHUNK {blockData=conID: 2 locID: 102696731549368753 bcsId: 1188} | ret=SUCCESS |  
2019-08-28 21:29:28,538 | INFO  | DNAudit | user=null | ip=null | op=WRITE_CHUNK {blockData=conID: 2 locID: 102696731549368753 bcsId: 1188} | ret=SUCCESS |  
2019-08-28 21:29:28,550 | INFO  | DNAudit | user=null | ip=null | op=WRITE_CHUNK {blockData=conID: 2 locID: 102696731549368753 bcsId: 0} | ret=SUCCESS |  
2019-08-28 21:29:28,550 | INFO  | DNAudit | user=null | ip=null | op=PUT_BLOCK {blockData=[blockId=conID: 2 locID: 102696731549368753 bcsId: 0,size=2097152]} | ret=SUCCESS |  
2019-08-28 21:29:28,551 | INFO  | DNAudit | user=null | ip=null | op=WRITE_CHUNK {blockData=conID: 2 locID: 102696731549368753 bcsId: 1188} | ret=SUCCESS |  
2019-08-28 21:29:28,551 | INFO  | DNAudit | user=null | ip=null | op=PUT_BLOCK {blockData=[blockId=conID: 2 locID: 102696731549368753 bcsId: 0,size=3145728]} | ret=SUCCESS |  
2019-08-28 21:29:28,551 [grpc-default-executor-2] INFO  client.GrpcClientProtocolClient (GrpcClientProtocolClient.java:onNext(255)) - client-05DA20D107F8->b461a7b0-028a-4eb5-b268-b89ac225aff8: receive RaftClientReply:client-05DA20D107F8->b461a7b0-028a-4eb5-b268-b89ac225aff8@group-0C8C0AA7542A, cid=903, SUCCESS, logIndex=1193, commits[b461a7b0-028a-4eb5-b268-b89ac225aff8:c1194, b6ff45f5-67b8-463b-a273-c2e7d9dadd75:c1192, 6a5cb75f-f7eb-4671-9a85-3b6f7898f6cc:c1188]
2019-08-28 21:29:28,552 [grpc-default-executor-2] INFO  client.GrpcClientProtocolClient (GrpcClientProtocolClient.java:onNext(255)) - client-05DA20D107F8->b461a7b0-028a-4eb5-b268-b89ac225aff8: receive RaftClientReply:client-05DA20D107F8->b461a7b0-028a-4eb5-b268-b89ac225aff8@group-0C8C0AA7542A, cid=904, SUCCESS, logIndex=1194, commits[b461a7b0-028a-4eb5-b268-b89ac225aff8:c1194, b6ff45f5-67b8-463b-a273-c2e7d9dadd75:c1192, 6a5cb75f-f7eb-4671-9a85-3b6f7898f6cc:c1192]
2019-08-28 21:29:28,561 | INFO  | DNAudit | user=null | ip=null | op=WRITE_CHUNK {blockData=conID: 2 locID: 102696731549368753 bcsId: 1194} | ret=SUCCESS |  
2019-08-28 21:29:28,562 | INFO  | DNAudit | user=null | ip=null | op=WRITE_CHUNK {blockData=conID: 2 locID: 102696731549368753 bcsId: 1194} | ret=SUCCESS |  
2019-08-28 21:29:28,563 | INFO  | DNAudit | user=null | ip=null | op=WRITE_CHUNK {blockData=conID: 2 locID: 102696731549368753 bcsId: 1194} | ret=SUCCESS |  
2019-08-28 21:29:28,574 | INFO  | DNAudit | user=null | ip=null | op=WRITE_CHUNK {blockData=conID: 2 locID: 102696731549368753 bcsId: 1188} | ret=SUCCESS |  
2019-08-28 21:29:28,574 | INFO  | DNAudit | user=null | ip=null | op=WRITE_CHUNK {blockData=conID: 2 locID: 102696731549368753 bcsId: 1188} | ret=SUCCESS |  
2019-08-28 21:29:28,575 | INFO  | DNAudit | user=null | ip=null | op=PUT_BLOCK {blockData=[blockId=conID: 2 locID: 102696731549368753 bcsId: 0,size=3145728]} | ret=SUCCESS |  
2019-08-28 21:29:28,575 | INFO  | DNAudit | user=null | ip=null | op=WRITE_CHUNK {blockData=conID: 2 locID: 102696731549368753 bcsId: 1194} | ret=SUCCESS |  
2019-08-28 21:29:28,576 | INFO  | DNAudit | user=null | ip=null | op=PUT_BLOCK {blockData=[blockId=conID: 2 locID: 102696731549368753 bcsId: 0,size=3145728]} | ret=SUCCESS |  
2019-08-28 21:29:28,576 | INFO  | DNAudit | user=null | ip=null | op=PUT_BLOCK {blockData=[blockId=conID: 2 locID: 102696731549368753 bcsId: 0,size=4194304]} | ret=SUCCESS |  
2019-08-28 21:29:28,576 [grpc-default-executor-3] INFO  client.GrpcClientProtocolClient (GrpcClientProtocolClient.java:onNext(255)) - client-05DA20D107F8->b461a7b0-028a-4eb5-b268-b89ac225aff8: receive RaftClientReply:client-05DA20D107F8->b461a7b0-028a-4eb5-b268-b89ac225aff8@group-0C8C0AA7542A, cid=905, SUCCESS, logIndex=1197, commits[b461a7b0-028a-4eb5-b268-b89ac225aff8:c1197, b6ff45f5-67b8-463b-a273-c2e7d9dadd75:c1194, 6a5cb75f-f7eb-4671-9a85-3b6f7898f6cc:c1193]
2019-08-28 21:29:28,577 [grpc-default-executor-3] INFO  client.GrpcClientProtocolClient (GrpcClientProtocolClient.java:onNext(255)) - client-05DA20D107F8->b461a7b0-028a-4eb5-b268-b89ac225aff8: receive RaftClientReply:client-05DA20D107F8->b461a7b0-028a-4eb5-b268-b89ac225aff8@group-0C8C0AA7542A, cid=906, SUCCESS, logIndex=1198, commits[b461a7b0-028a-4eb5-b268-b89ac225aff8:c1198, b6ff45f5-67b8-463b-a273-c2e7d9dadd75:c1194, 6a5cb75f-f7eb-4671-9a85-3b6f7898f6cc:c1194]
2019-08-28 21:29:28,596 | INFO  | DNAudit | user=null | ip=null | op=WRITE_CHUNK {blockData=conID: 2 locID: 102696731549368753 bcsId: 1194} | ret=SUCCESS |  
2019-08-28 21:29:28,596 | INFO  | DNAudit | user=null | ip=null | op=WRITE_CHUNK {blockData=conID: 2 locID: 102696731549368753 bcsId: 1194} | ret=SUCCESS |  
2019-08-28 21:29:28,598 | INFO  | DNAudit | user=null | ip=null | op=PUT_BLOCK {blockData=[blockId=conID: 2 locID: 102696731549368753 bcsId: 0,size=4194304]} | ret=SUCCESS |  
2019-08-28 21:29:28,598 | INFO  | DNAudit | user=null | ip=null | op=PUT_BLOCK {blockData=[blockId=conID: 2 locID: 102696731549368753 bcsId: 0,size=4194304]} | ret=SUCCESS |  
2019-08-28 21:29:28,598 [grpc-default-executor-2] INFO  client.GrpcClientProtocolClient (GrpcClientProtocolClient.java:onNext(255)) - client-05DA20D107F8->b461a7b0-028a-4eb5-b268-b89ac225aff8: receive RaftClientReply:client-05DA20D107F8->b461a7b0-028a-4eb5-b268-b89ac225aff8@group-0C8C0AA7542A, cid=907, SUCCESS, logIndex=0, commits[b461a7b0-028a-4eb5-b268-b89ac225aff8:c1200, b6ff45f5-67b8-463b-a273-c2e7d9dadd75:c1198, 6a5cb75f-f7eb-4671-9a85-3b6f7898f6cc:c1198]
2019-08-28 21:29:28,605 | INFO  | DNAudit | user=null | ip=null | op=WRITE_CHUNK {blockData=conID: 3 locID: 102696731549368754 bcsId: 0} | ret=SUCCESS |  
2019-08-28 21:29:28,608 | INFO  | DNAudit | user=null | ip=null | op=WRITE_CHUNK {blockData=conID: 3 locID: 102696731549368754 bcsId: 0} | ret=SUCCESS |  
2019-08-28 21:29:28,609 | INFO  | DNAudit | user=null | ip=null | op=WRITE_CHUNK {blockData=conID: 3 locID: 102696731549368754 bcsId: 0} | ret=SUCCESS |  
2019-08-28 21:29:28,609 | INFO  | DNAudit | user=null | ip=null | op=WRITE_CHUNK {blockData=conID: 3 locID: 102696731549368754 bcsId: 0} | ret=SUCCESS |  
2019-08-28 21:29:28,611 | INFO  | DNAudit | user=null | ip=null | op=WRITE_CHUNK {blockData=conID: 3 locID: 102696731549368754 bcsId: 0} | ret=SUCCESS |  
2019-08-28 21:29:28,619 | INFO  | DNAudit | user=null | ip=null | op=WRITE_CHUNK {blockData=conID: 3 locID: 102696731549368754 bcsId: 0} | ret=SUCCESS |  
2019-08-28 21:29:28,619 | INFO  | DNAudit | user=null | ip=null | op=PUT_BLOCK {blockData=[blockId=conID: 3 locID: 102696731549368754 bcsId: 0,size=1048576]} | ret=SUCCESS |  
2019-08-28 21:29:28,619 [grpc-default-executor-3] INFO  client.GrpcClientProtocolClient (GrpcClientProtocolClient.java:onNext(255)) - client-05DA20D107F8->b461a7b0-028a-4eb5-b268-b89ac225aff8: receive RaftClientReply:client-05DA20D107F8->b461a7b0-028a-4eb5-b268-b89ac225aff8@group-0C8C0AA7542A, cid=908, SUCCESS, logIndex=1201, commits[b461a7b0-028a-4eb5-b268-b89ac225aff8:c1202, b6ff45f5-67b8-463b-a273-c2e7d9dadd75:c1200, 6a5cb75f-f7eb-4671-9a85-3b6f7898f6cc:c1200]
2019-08-28 21:29:28,620 [grpc-default-executor-3] INFO  client.GrpcClientProtocolClient (GrpcClientProtocolClient.java:onNext(255)) - client-05DA20D107F8->b461a7b0-028a-4eb5-b268-b89ac225aff8: receive RaftClientReply:client-05DA20D107F8->b461a7b0-028a-4eb5-b268-b89ac225aff8@group-0C8C0AA7542A, cid=909, SUCCESS, logIndex=1202, commits[b461a7b0-028a-4eb5-b268-b89ac225aff8:c1202, b6ff45f5-67b8-463b-a273-c2e7d9dadd75:c1200, 6a5cb75f-f7eb-4671-9a85-3b6f7898f6cc:c1200]
2019-08-28 21:29:28,620 | INFO  | DNAudit | user=null | ip=null | op=WRITE_CHUNK {blockData=conID: 3 locID: 102696731549368754 bcsId: 0} | ret=SUCCESS |  
2019-08-28 21:29:28,620 | INFO  | DNAudit | user=null | ip=null | op=PUT_BLOCK {blockData=[blockId=conID: 3 locID: 102696731549368754 bcsId: 0,size=2097152]} | ret=SUCCESS |  
2019-08-28 21:29:28,621 [grpc-default-executor-6] INFO  client.GrpcClientProtocolClient (GrpcClientProtocolClient.java:onNext(255)) - client-05DA20D107F8->b461a7b0-028a-4eb5-b268-b89ac225aff8: receive RaftClientReply:client-05DA20D107F8->b461a7b0-028a-4eb5-b268-b89ac225aff8@group-0C8C0AA7542A, cid=910, SUCCESS, logIndex=1203, commits[b461a7b0-028a-4eb5-b268-b89ac225aff8:c1204, b6ff45f5-67b8-463b-a273-c2e7d9dadd75:c1200, 6a5cb75f-f7eb-4671-9a85-3b6f7898f6cc:c1200]
2019-08-28 21:29:28,621 [grpc-default-executor-6] INFO  client.GrpcClientProtocolClient (GrpcClientProtocolClient.java:onNext(255)) - client-05DA20D107F8->b461a7b0-028a-4eb5-b268-b89ac225aff8: receive RaftClientReply:client-05DA20D107F8->b461a7b0-028a-4eb5-b268-b89ac225aff8@group-0C8C0AA7542A, cid=911, SUCCESS, logIndex=1204, commits[b461a7b0-028a-4eb5-b268-b89ac225aff8:c1204, b6ff45f5-67b8-463b-a273-c2e7d9dadd75:c1200, 6a5cb75f-f7eb-4671-9a85-3b6f7898f6cc:c1200]
2019-08-28 21:29:28,622 | INFO  | DNAudit | user=null | ip=null | op=WRITE_CHUNK {blockData=conID: 3 locID: 102696731549368754 bcsId: 0} | ret=SUCCESS |  
2019-08-28 21:29:28,622 | INFO  | DNAudit | user=null | ip=null | op=PUT_BLOCK {blockData=[blockId=conID: 3 locID: 102696731549368754 bcsId: 0,size=1048576]} | ret=SUCCESS |  
2019-08-28 21:29:28,623 | INFO  | DNAudit | user=null | ip=null | op=WRITE_CHUNK {blockData=conID: 3 locID: 102696731549368754 bcsId: 0} | ret=SUCCESS |  
2019-08-28 21:29:28,623 | INFO  | DNAudit | user=null | ip=null | op=PUT_BLOCK {blockData=[blockId=conID: 3 locID: 102696731549368754 bcsId: 0,size=2097152]} | ret=SUCCESS |  
2019-08-28 21:29:28,657 | INFO  | DNAudit | user=null | ip=null | op=WRITE_CHUNK {blockData=conID: 3 locID: 102696731549368754 bcsId: 0} | ret=SUCCESS |  
2019-08-28 21:29:28,685 | INFO  | DNAudit | user=null | ip=null | op=WRITE_CHUNK {blockData=conID: 3 locID: 102696731549368754 bcsId: 0} | ret=SUCCESS |  
2019-08-28 21:29:28,685 | INFO  | DNAudit | user=null | ip=null | op=PUT_BLOCK {blockData=[blockId=conID: 3 locID: 102696731549368754 bcsId: 0,size=1048576]} | ret=SUCCESS |  
2019-08-28 21:29:28,685 | INFO  | DNAudit | user=null | ip=null | op=WRITE_CHUNK {blockData=conID: 3 locID: 102696731549368754 bcsId: 0} | ret=SUCCESS |  
2019-08-28 21:29:28,685 | INFO  | DNAudit | user=null | ip=null | op=PUT_BLOCK {blockData=[blockId=conID: 3 locID: 102696731549368754 bcsId: 0,size=2097152]} | ret=SUCCESS |  
2019-08-28 21:29:28,685 [grpc-default-executor-2] INFO  client.GrpcClientProtocolClient (GrpcClientProtocolClient.java:onNext(255)) - client-05DA20D107F8->b461a7b0-028a-4eb5-b268-b89ac225aff8: receive RaftClientReply:client-05DA20D107F8->b461a7b0-028a-4eb5-b268-b89ac225aff8@group-0C8C0AA7542A, cid=912, SUCCESS, logIndex=0, commits[b461a7b0-028a-4eb5-b268-b89ac225aff8:c1208, b6ff45f5-67b8-463b-a273-c2e7d9dadd75:c1204, 6a5cb75f-f7eb-4671-9a85-3b6f7898f6cc:c1202]
2019-08-28 21:29:28,692 | INFO  | DNAudit | user=null | ip=null | op=WRITE_CHUNK {blockData=conID: 3 locID: 102696731549368754 bcsId: 1204} | ret=SUCCESS |  
2019-08-28 21:29:28,694 | INFO  | DNAudit | user=null | ip=null | op=WRITE_CHUNK {blockData=conID: 3 locID: 102696731549368754 bcsId: 1204} | ret=SUCCESS |  
2019-08-28 21:29:28,694 | INFO  | DNAudit | user=null | ip=null | op=WRITE_CHUNK {blockData=conID: 3 locID: 102696731549368754 bcsId: 1204} | ret=SUCCESS |  
2019-08-28 21:29:28,705 | INFO  | DNAudit | user=null | ip=null | op=WRITE_CHUNK {blockData=conID: 3 locID: 102696731549368754 bcsId: 1204} | ret=SUCCESS |  
2019-08-28 21:29:28,706 | INFO  | DNAudit | user=null | ip=null | op=PUT_BLOCK {blockData=[blockId=conID: 3 locID: 102696731549368754 bcsId: 0,size=3145728]} | ret=SUCCESS |  
2019-08-28 21:29:28,706 [grpc-default-executor-2] INFO  client.GrpcClientProtocolClient (GrpcClientProtocolClient.java:onNext(255)) - client-05DA20D107F8->b461a7b0-028a-4eb5-b268-b89ac225aff8: receive RaftClientReply:client-05DA20D107F8->b461a7b0-028a-4eb5-b268-b89ac225aff8@group-0C8C0AA7542A, cid=913, SUCCESS, logIndex=1209, commits[b461a7b0-028a-4eb5-b268-b89ac225aff8:c1210, b6ff45f5-67b8-463b-a273-c2e7d9dadd75:c1208, 6a5cb75f-f7eb-4671-9a85-3b6f7898f6cc:c1208]
2019-08-28 21:29:28,707 [grpc-default-executor-2] INFO  client.GrpcClientProtocolClient (GrpcClientProtocolClient.java:onNext(255)) - client-05DA20D107F8->b461a7b0-028a-4eb5-b268-b89ac225aff8: receive RaftClientReply:client-05DA20D107F8->b461a7b0-028a-4eb5-b268-b89ac225aff8@group-0C8C0AA7542A, cid=914, SUCCESS, logIndex=1210, commits[b461a7b0-028a-4eb5-b268-b89ac225aff8:c1210, b6ff45f5-67b8-463b-a273-c2e7d9dadd75:c1208, 6a5cb75f-f7eb-4671-9a85-3b6f7898f6cc:c1208]
2019-08-28 21:29:28,713 | INFO  | DNAudit | user=null | ip=null | op=WRITE_CHUNK {blockData=conID: 3 locID: 102696731549368754 bcsId: 1210} | ret=SUCCESS |  
2019-08-28 21:29:28,715 | INFO  | DNAudit | user=null | ip=null | op=WRITE_CHUNK {blockData=conID: 3 locID: 102696731549368754 bcsId: 1210} | ret=SUCCESS |  
2019-08-28 21:29:28,715 | INFO  | DNAudit | user=null | ip=null | op=WRITE_CHUNK {blockData=conID: 3 locID: 102696731549368754 bcsId: 1210} | ret=SUCCESS |  
2019-08-28 21:29:28,721 | INFO  | DNAudit | user=null | ip=null | op=WRITE_CHUNK {blockData=conID: 3 locID: 102696731549368754 bcsId: 1204} | ret=SUCCESS |  
2019-08-28 21:29:28,722 | INFO  | DNAudit | user=null | ip=null | op=WRITE_CHUNK {blockData=conID: 3 locID: 102696731549368754 bcsId: 1204} | ret=SUCCESS |  
2019-08-28 21:29:28,722 | INFO  | DNAudit | user=null | ip=null | op=PUT_BLOCK {blockData=[blockId=conID: 3 locID: 102696731549368754 bcsId: 0,size=3145728]} | ret=SUCCESS |  
2019-08-28 21:29:28,722 | INFO  | DNAudit | user=null | ip=null | op=PUT_BLOCK {blockData=[blockId=conID: 3 locID: 102696731549368754 bcsId: 0,size=3145728]} | ret=SUCCESS |  
2019-08-28 21:29:28,723 | INFO  | DNAudit | user=null | ip=null | op=WRITE_CHUNK {blockData=conID: 3 locID: 102696731549368754 bcsId: 1210} | ret=SUCCESS |  
2019-08-28 21:29:28,723 | INFO  | DNAudit | user=null | ip=null | op=PUT_BLOCK {blockData=[blockId=conID: 3 locID: 102696731549368754 bcsId: 0,size=4194304]} | ret=SUCCESS |  
2019-08-28 21:29:28,724 [grpc-default-executor-6] INFO  client.GrpcClientProtocolClient (GrpcClientProtocolClient.java:onNext(255)) - client-05DA20D107F8->b461a7b0-028a-4eb5-b268-b89ac225aff8: receive RaftClientReply:client-05DA20D107F8->b461a7b0-028a-4eb5-b268-b89ac225aff8@group-0C8C0AA7542A, cid=915, SUCCESS, logIndex=1213, commits[b461a7b0-028a-4eb5-b268-b89ac225aff8:c1214, b6ff45f5-67b8-463b-a273-c2e7d9dadd75:c1210, 6a5cb75f-f7eb-4671-9a85-3b6f7898f6cc:c1210]
2019-08-28 21:29:28,724 [grpc-default-executor-6] INFO  client.GrpcClientProtocolClient (GrpcClientProtocolClient.java:onNext(255)) - client-05DA20D107F8->b461a7b0-028a-4eb5-b268-b89ac225aff8: receive RaftClientReply:client-05DA20D107F8->b461a7b0-028a-4eb5-b268-b89ac225aff8@group-0C8C0AA7542A, cid=916, SUCCESS, logIndex=1214, commits[b461a7b0-028a-4eb5-b268-b89ac225aff8:c1214, b6ff45f5-67b8-463b-a273-c2e7d9dadd75:c1210, 6a5cb75f-f7eb-4671-9a85-3b6f7898f6cc:c1210]
2019-08-28 21:29:28,743 | INFO  | DNAudit | user=null | ip=null | op=WRITE_CHUNK {blockData=conID: 3 locID: 102696731549368754 bcsId: 1210} | ret=SUCCESS |  
2019-08-28 21:29:28,743 | INFO  | DNAudit | user=null | ip=null | op=WRITE_CHUNK {blockData=conID: 3 locID: 102696731549368754 bcsId: 1210} | ret=SUCCESS |  
2019-08-28 21:29:28,744 | INFO  | DNAudit | user=null | ip=null | op=PUT_BLOCK {blockData=[blockId=conID: 3 locID: 102696731549368754 bcsId: 0,size=4194304]} | ret=SUCCESS |  
2019-08-28 21:29:28,744 | INFO  | DNAudit | user=null | ip=null | op=PUT_BLOCK {blockData=[blockId=conID: 3 locID: 102696731549368754 bcsId: 0,size=4194304]} | ret=SUCCESS |  
2019-08-28 21:29:28,745 [grpc-default-executor-6] INFO  client.GrpcClientProtocolClient (GrpcClientProtocolClient.java:onNext(255)) - client-05DA20D107F8->b461a7b0-028a-4eb5-b268-b89ac225aff8: receive RaftClientReply:client-05DA20D107F8->b461a7b0-028a-4eb5-b268-b89ac225aff8@group-0C8C0AA7542A, cid=917, SUCCESS, logIndex=0, commits[b461a7b0-028a-4eb5-b268-b89ac225aff8:c1216, b6ff45f5-67b8-463b-a273-c2e7d9dadd75:c1214, 6a5cb75f-f7eb-4671-9a85-3b6f7898f6cc:c1214]
2019-08-28 21:29:28,751 | INFO  | DNAudit | user=null | ip=null | op=WRITE_CHUNK {blockData=conID: 1 locID: 102696731549368755 bcsId: 0} | ret=SUCCESS |  
2019-08-28 21:29:28,754 | INFO  | DNAudit | user=null | ip=null | op=WRITE_CHUNK {blockData=conID: 1 locID: 102696731549368755 bcsId: 0} | ret=SUCCESS |  
2019-08-28 21:29:28,754 | INFO  | DNAudit | user=null | ip=null | op=WRITE_CHUNK {blockData=conID: 1 locID: 102696731549368755 bcsId: 0} | ret=SUCCESS |  
2019-08-28 21:29:28,754 | INFO  | DNAudit | user=null | ip=null | op=WRITE_CHUNK {blockData=conID: 1 locID: 102696731549368755 bcsId: 0} | ret=SUCCESS |  
2019-08-28 21:29:28,755 | INFO  | DNAudit | user=null | ip=null | op=WRITE_CHUNK {blockData=conID: 1 locID: 102696731549368755 bcsId: 0} | ret=SUCCESS |  
2019-08-28 21:29:28,756 | INFO  | DNAudit | user=null | ip=null | op=WRITE_CHUNK {blockData=conID: 1 locID: 102696731549368755 bcsId: 0} | ret=SUCCESS |  
2019-08-28 21:29:28,765 | INFO  | DNAudit | user=null | ip=null | op=WRITE_CHUNK {blockData=conID: 1 locID: 102696731549368755 bcsId: 0} | ret=SUCCESS |  
2019-08-28 21:29:28,766 | INFO  | DNAudit | user=null | ip=null | op=PUT_BLOCK {blockData=[blockId=conID: 1 locID: 102696731549368755 bcsId: 0,size=1048576]} | ret=SUCCESS |  
2019-08-28 21:29:28,766 [grpc-default-executor-5] INFO  client.GrpcClientProtocolClient (GrpcClientProtocolClient.java:onNext(255)) - client-05DA20D107F8->b461a7b0-028a-4eb5-b268-b89ac225aff8: receive RaftClientReply:client-05DA20D107F8->b461a7b0-028a-4eb5-b268-b89ac225aff8@group-0C8C0AA7542A, cid=918, SUCCESS, logIndex=1217, commits[b461a7b0-028a-4eb5-b268-b89ac225aff8:c1220, b6ff45f5-67b8-463b-a273-c2e7d9dadd75:c1216, 6a5cb75f-f7eb-4671-9a85-3b6f7898f6cc:c1216]
2019-08-28 21:29:28,767 | INFO  | DNAudit | user=null | ip=null | op=WRITE_CHUNK {blockData=conID: 1 locID: 102696731549368755 bcsId: 0} | ret=SUCCESS |  
2019-08-28 21:29:28,767 | INFO  | DNAudit | user=null | ip=null | op=WRITE_CHUNK {blockData=conID: 1 locID: 102696731549368755 bcsId: 0} | ret=SUCCESS |  
2019-08-28 21:29:28,767 | INFO  | DNAudit | user=null | ip=null | op=WRITE_CHUNK {blockData=conID: 1 locID: 102696731549368755 bcsId: 0} | ret=SUCCESS |  
2019-08-28 21:29:28,767 | INFO  | DNAudit | user=null | ip=null | op=PUT_BLOCK {blockData=[blockId=conID: 1 locID: 102696731549368755 bcsId: 0,size=1048576]} | ret=SUCCESS |  
2019-08-28 21:29:28,767 [grpc-default-executor-6] INFO  client.GrpcClientProtocolClient (GrpcClientProtocolClient.java:onNext(255)) - client-05DA20D107F8->b461a7b0-028a-4eb5-b268-b89ac225aff8: receive RaftClientReply:client-05DA20D107F8->b461a7b0-028a-4eb5-b268-b89ac225aff8@group-0C8C0AA7542A, cid=919, SUCCESS, logIndex=1218, commits[b461a7b0-028a-4eb5-b268-b89ac225aff8:c1220, b6ff45f5-67b8-463b-a273-c2e7d9dadd75:c1216, 6a5cb75f-f7eb-4671-9a85-3b6f7898f6cc:c1216]
2019-08-28 21:29:28,767 | INFO  | DNAudit | user=null | ip=null | op=PUT_BLOCK {blockData=[blockId=conID: 1 locID: 102696731549368755 bcsId: 0,size=1048576]} | ret=SUCCESS |  
2019-08-28 21:29:28,767 | INFO  | DNAudit | user=null | ip=null | op=PUT_BLOCK {blockData=[blockId=conID: 1 locID: 102696731549368755 bcsId: 0,size=2097152]} | ret=SUCCESS |  
2019-08-28 21:29:28,767 [grpc-default-executor-6] INFO  client.GrpcClientProtocolClient (GrpcClientProtocolClient.java:onNext(255)) - client-05DA20D107F8->b461a7b0-028a-4eb5-b268-b89ac225aff8: receive RaftClientReply:client-05DA20D107F8->b461a7b0-028a-4eb5-b268-b89ac225aff8@group-0C8C0AA7542A, cid=920, SUCCESS, logIndex=1219, commits[b461a7b0-028a-4eb5-b268-b89ac225aff8:c1220, b6ff45f5-67b8-463b-a273-c2e7d9dadd75:c1216, 6a5cb75f-f7eb-4671-9a85-3b6f7898f6cc:c1216]
2019-08-28 21:29:28,768 [grpc-default-executor-6] INFO  client.GrpcClientProtocolClient (GrpcClientProtocolClient.java:onNext(255)) - client-05DA20D107F8->b461a7b0-028a-4eb5-b268-b89ac225aff8: receive RaftClientReply:client-05DA20D107F8->b461a7b0-028a-4eb5-b268-b89ac225aff8@group-0C8C0AA7542A, cid=921, SUCCESS, logIndex=1220, commits[b461a7b0-028a-4eb5-b268-b89ac225aff8:c1222, b6ff45f5-67b8-463b-a273-c2e7d9dadd75:c1218, 6a5cb75f-f7eb-4671-9a85-3b6f7898f6cc:c1218]
2019-08-28 21:29:28,768 | INFO  | DNAudit | user=null | ip=null | op=WRITE_CHUNK {blockData=conID: 1 locID: 102696731549368755 bcsId: 0} | ret=SUCCESS |  
2019-08-28 21:29:28,768 | INFO  | DNAudit | user=null | ip=null | op=PUT_BLOCK {blockData=[blockId=conID: 1 locID: 102696731549368755 bcsId: 0,size=2097152]} | ret=SUCCESS |  
2019-08-28 21:29:28,768 | INFO  | DNAudit | user=null | ip=null | op=WRITE_CHUNK {blockData=conID: 1 locID: 102696731549368755 bcsId: 0} | ret=SUCCESS |  
2019-08-28 21:29:28,769 | INFO  | DNAudit | user=null | ip=null | op=PUT_BLOCK {blockData=[blockId=conID: 1 locID: 102696731549368755 bcsId: 0,size=2097152]} | ret=SUCCESS |  
2019-08-28 21:29:28,774 | INFO  | DNAudit | user=null | ip=null | op=WRITE_CHUNK {blockData=conID: 1 locID: 102696731549368755 bcsId: 1220} | ret=SUCCESS |  
2019-08-28 21:29:28,776 | INFO  | DNAudit | user=null | ip=null | op=WRITE_CHUNK {blockData=conID: 1 locID: 102696731549368755 bcsId: 1220} | ret=SUCCESS |  
2019-08-28 21:29:28,776 | INFO  | DNAudit | user=null | ip=null | op=WRITE_CHUNK {blockData=conID: 1 locID: 102696731549368755 bcsId: 1220} | ret=SUCCESS |  
2019-08-28 21:29:28,790 | INFO  | DNAudit | user=null | ip=null | op=WRITE_CHUNK {blockData=conID: 1 locID: 102696731549368755 bcsId: 1220} | ret=SUCCESS |  
2019-08-28 21:29:28,790 | INFO  | DNAudit | user=null | ip=null | op=PUT_BLOCK {blockData=[blockId=conID: 1 locID: 102696731549368755 bcsId: 0,size=3145728]} | ret=SUCCESS |  
2019-08-28 21:29:28,790 [grpc-default-executor-3] INFO  client.GrpcClientProtocolClient (GrpcClientProtocolClient.java:onNext(255)) - client-05DA20D107F8->b461a7b0-028a-4eb5-b268-b89ac225aff8: receive RaftClientReply:client-05DA20D107F8->b461a7b0-028a-4eb5-b268-b89ac225aff8@group-0C8C0AA7542A, cid=922, SUCCESS, logIndex=1225, commits[b461a7b0-028a-4eb5-b268-b89ac225aff8:c1226, b6ff45f5-67b8-463b-a273-c2e7d9dadd75:c1224, 6a5cb75f-f7eb-4671-9a85-3b6f7898f6cc:c1224]
2019-08-28 21:29:28,791 [grpc-default-executor-3] INFO  client.GrpcClientProtocolClient (GrpcClientProtocolClient.java:onNext(255)) - client-05DA20D107F8->b461a7b0-028a-4eb5-b268-b89ac225aff8: receive RaftClientReply:client-05DA20D107F8->b461a7b0-028a-4eb5-b268-b89ac225aff8@group-0C8C0AA7542A, cid=923, SUCCESS, logIndex=1226, commits[b461a7b0-028a-4eb5-b268-b89ac225aff8:c1226, b6ff45f5-67b8-463b-a273-c2e7d9dadd75:c1224, 6a5cb75f-f7eb-4671-9a85-3b6f7898f6cc:c1224]
2019-08-28 21:29:28,797 | INFO  | DNAudit | user=null | ip=null | op=WRITE_CHUNK {blockData=conID: 1 locID: 102696731549368755 bcsId: 1226} | ret=SUCCESS |  
2019-08-28 21:29:28,799 | INFO  | DNAudit | user=null | ip=null | op=WRITE_CHUNK {blockData=conID: 1 locID: 102696731549368755 bcsId: 1226} | ret=SUCCESS |  
2019-08-28 21:29:28,799 | INFO  | DNAudit | user=null | ip=null | op=WRITE_CHUNK {blockData=conID: 1 locID: 102696731549368755 bcsId: 1226} | ret=SUCCESS |  
2019-08-28 21:29:28,810 | INFO  | DNAudit | user=null | ip=null | op=WRITE_CHUNK {blockData=conID: 1 locID: 102696731549368755 bcsId: 1220} | ret=SUCCESS |  
2019-08-28 21:29:28,810 | INFO  | DNAudit | user=null | ip=null | op=WRITE_CHUNK {blockData=conID: 1 locID: 102696731549368755 bcsId: 1220} | ret=SUCCESS |  
2019-08-28 21:29:28,810 | INFO  | DNAudit | user=null | ip=null | op=PUT_BLOCK {blockData=[blockId=conID: 1 locID: 102696731549368755 bcsId: 0,size=3145728]} | ret=SUCCESS |  
2019-08-28 21:29:28,810 | INFO  | DNAudit | user=null | ip=null | op=PUT_BLOCK {blockData=[blockId=conID: 1 locID: 102696731549368755 bcsId: 0,size=3145728]} | ret=SUCCESS |  
2019-08-28 21:29:28,897 | INFO  | DNAudit | user=null | ip=null | op=WRITE_CHUNK {blockData=conID: 1 locID: 102696731549368755 bcsId: 1226} | ret=SUCCESS |  
2019-08-28 21:29:28,898 | INFO  | DNAudit | user=null | ip=null | op=PUT_BLOCK {blockData=[blockId=conID: 1 locID: 102696731549368755 bcsId: 0,size=4194304]} | ret=SUCCESS |  
2019-08-28 21:29:28,898 [grpc-default-executor-6] INFO  client.GrpcClientProtocolClient (GrpcClientProtocolClient.java:onNext(255)) - client-05DA20D107F8->b461a7b0-028a-4eb5-b268-b89ac225aff8: receive RaftClientReply:client-05DA20D107F8->b461a7b0-028a-4eb5-b268-b89ac225aff8@group-0C8C0AA7542A, cid=924, SUCCESS, logIndex=1229, commits[b461a7b0-028a-4eb5-b268-b89ac225aff8:c1230, b6ff45f5-67b8-463b-a273-c2e7d9dadd75:c1226, 6a5cb75f-f7eb-4671-9a85-3b6f7898f6cc:c1226]
2019-08-28 21:29:28,899 [grpc-default-executor-6] INFO  client.GrpcClientProtocolClient (GrpcClientProtocolClient.java:onNext(255)) - client-05DA20D107F8->b461a7b0-028a-4eb5-b268-b89ac225aff8: receive RaftClientReply:client-05DA20D107F8->b461a7b0-028a-4eb5-b268-b89ac225aff8@group-0C8C0AA7542A, cid=925, SUCCESS, logIndex=1230, commits[b461a7b0-028a-4eb5-b268-b89ac225aff8:c1230, b6ff45f5-67b8-463b-a273-c2e7d9dadd75:c1226, 6a5cb75f-f7eb-4671-9a85-3b6f7898f6cc:c1226]
2019-08-28 21:29:28,909 | INFO  | DNAudit | user=null | ip=null | op=WRITE_CHUNK {blockData=conID: 1 locID: 102696731549368755 bcsId: 1226} | ret=SUCCESS |  
2019-08-28 21:29:28,909 | INFO  | DNAudit | user=null | ip=null | op=WRITE_CHUNK {blockData=conID: 1 locID: 102696731549368755 bcsId: 1226} | ret=SUCCESS |  
2019-08-28 21:29:28,909 | INFO  | DNAudit | user=null | ip=null | op=PUT_BLOCK {blockData=[blockId=conID: 1 locID: 102696731549368755 bcsId: 0,size=4194304]} | ret=SUCCESS |  
2019-08-28 21:29:28,909 | INFO  | DNAudit | user=null | ip=null | op=PUT_BLOCK {blockData=[blockId=conID: 1 locID: 102696731549368755 bcsId: 0,size=4194304]} | ret=SUCCESS |  
2019-08-28 21:29:28,910 [grpc-default-executor-6] INFO  client.GrpcClientProtocolClient (GrpcClientProtocolClient.java:onNext(255)) - client-05DA20D107F8->b461a7b0-028a-4eb5-b268-b89ac225aff8: receive RaftClientReply:client-05DA20D107F8->b461a7b0-028a-4eb5-b268-b89ac225aff8@group-0C8C0AA7542A, cid=926, SUCCESS, logIndex=0, commits[b461a7b0-028a-4eb5-b268-b89ac225aff8:c1230, b6ff45f5-67b8-463b-a273-c2e7d9dadd75:c1230, 6a5cb75f-f7eb-4671-9a85-3b6f7898f6cc:c1230]
2019-08-28 21:29:28,917 | INFO  | DNAudit | user=null | ip=null | op=WRITE_CHUNK {blockData=conID: 2 locID: 102696731549368756 bcsId: 0} | ret=SUCCESS |  
2019-08-28 21:29:28,919 | INFO  | DNAudit | user=null | ip=null | op=WRITE_CHUNK {blockData=conID: 2 locID: 102696731549368756 bcsId: 0} | ret=SUCCESS |  
2019-08-28 21:29:28,920 | INFO  | DNAudit | user=null | ip=null | op=WRITE_CHUNK {blockData=conID: 2 locID: 102696731549368756 bcsId: 0} | ret=SUCCESS |  
2019-08-28 21:29:28,922 | INFO  | DNAudit | user=null | ip=null | op=WRITE_CHUNK {blockData=conID: 2 locID: 102696731549368756 bcsId: 0} | ret=SUCCESS |  
2019-08-28 21:29:28,922 | INFO  | DNAudit | user=null | ip=null | op=WRITE_CHUNK {blockData=conID: 2 locID: 102696731549368756 bcsId: 0} | ret=SUCCESS |  
2019-08-28 21:29:28,922 | INFO  | DNAudit | user=null | ip=null | op=PUT_BLOCK {blockData=[blockId=conID: 2 locID: 102696731549368756 bcsId: 0,size=1048576]} | ret=SUCCESS |  
2019-08-28 21:29:28,923 | INFO  | DNAudit | user=null | ip=null | op=WRITE_CHUNK {blockData=conID: 2 locID: 102696731549368756 bcsId: 0} | ret=SUCCESS |  
2019-08-28 21:29:28,923 [grpc-default-executor-6] INFO  client.GrpcClientProtocolClient (GrpcClientProtocolClient.java:onNext(255)) - client-05DA20D107F8->b461a7b0-028a-4eb5-b268-b89ac225aff8: receive RaftClientReply:client-05DA20D107F8->b461a7b0-028a-4eb5-b268-b89ac225aff8@group-0C8C0AA7542A, cid=927, SUCCESS, logIndex=1233, commits[b461a7b0-028a-4eb5-b268-b89ac225aff8:c1234, b6ff45f5-67b8-463b-a273-c2e7d9dadd75:c1230, 6a5cb75f-f7eb-4671-9a85-3b6f7898f6cc:c1232]
2019-08-28 21:29:28,923 [grpc-default-executor-6] INFO  client.GrpcClientProtocolClient (GrpcClientProtocolClient.java:onNext(255)) - client-05DA20D107F8->b461a7b0-028a-4eb5-b268-b89ac225aff8: receive RaftClientReply:client-05DA20D107F8->b461a7b0-028a-4eb5-b268-b89ac225aff8@group-0C8C0AA7542A, cid=928, SUCCESS, logIndex=1234, commits[b461a7b0-028a-4eb5-b268-b89ac225aff8:c1234, b6ff45f5-67b8-463b-a273-c2e7d9dadd75:c1230, 6a5cb75f-f7eb-4671-9a85-3b6f7898f6cc:c1232]
2019-08-28 21:29:28,923 | INFO  | DNAudit | user=null | ip=null | op=WRITE_CHUNK {blockData=conID: 2 locID: 102696731549368756 bcsId: 0} | ret=SUCCESS |  
2019-08-28 21:29:28,924 | INFO  | DNAudit | user=null | ip=null | op=WRITE_CHUNK {blockData=conID: 2 locID: 102696731549368756 bcsId: 0} | ret=SUCCESS |  
2019-08-28 21:29:28,924 | INFO  | DNAudit | user=null | ip=null | op=WRITE_CHUNK {blockData=conID: 2 locID: 102696731549368756 bcsId: 0} | ret=SUCCESS |  
2019-08-28 21:29:28,924 | INFO  | DNAudit | user=null | ip=null | op=PUT_BLOCK {blockData=[blockId=conID: 2 locID: 102696731549368756 bcsId: 0,size=1048576]} | ret=SUCCESS |  
2019-08-28 21:29:28,924 | INFO  | DNAudit | user=null | ip=null | op=PUT_BLOCK {blockData=[blockId=conID: 2 locID: 102696731549368756 bcsId: 0,size=2097152]} | ret=SUCCESS |  
2019-08-28 21:29:28,925 [grpc-default-executor-3] INFO  client.GrpcClientProtocolClient (GrpcClientProtocolClient.java:onNext(255)) - client-05DA20D107F8->b461a7b0-028a-4eb5-b268-b89ac225aff8: receive RaftClientReply:client-05DA20D107F8->b461a7b0-028a-4eb5-b268-b89ac225aff8@group-0C8C0AA7542A, cid=929, SUCCESS, logIndex=1235, commits[b461a7b0-028a-4eb5-b268-b89ac225aff8:c1237, b6ff45f5-67b8-463b-a273-c2e7d9dadd75:c1230, 6a5cb75f-f7eb-4671-9a85-3b6f7898f6cc:c1233]
2019-08-28 21:29:28,925 [grpc-default-executor-3] INFO  client.GrpcClientProtocolClient (GrpcClientProtocolClient.java:onNext(255)) - client-05DA20D107F8->b461a7b0-028a-4eb5-b268-b89ac225aff8: receive RaftClientReply:client-05DA20D107F8->b461a7b0-028a-4eb5-b268-b89ac225aff8@group-0C8C0AA7542A, cid=930, SUCCESS, logIndex=1236, commits[b461a7b0-028a-4eb5-b268-b89ac225aff8:c1238, b6ff45f5-67b8-463b-a273-c2e7d9dadd75:c1230, 6a5cb75f-f7eb-4671-9a85-3b6f7898f6cc:c1234]
2019-08-28 21:29:28,926 | INFO  | DNAudit | user=null | ip=null | op=WRITE_CHUNK {blockData=conID: 2 locID: 102696731549368756 bcsId: 0} | ret=SUCCESS |  
2019-08-28 21:29:28,926 | INFO  | DNAudit | user=null | ip=null | op=WRITE_CHUNK {blockData=conID: 2 locID: 102696731549368756 bcsId: 0} | ret=SUCCESS |  
2019-08-28 21:29:28,926 | INFO  | DNAudit | user=null | ip=null | op=PUT_BLOCK {blockData=[blockId=conID: 2 locID: 102696731549368756 bcsId: 0,size=1048576]} | ret=SUCCESS |  
2019-08-28 21:29:28,926 | INFO  | DNAudit | user=null | ip=null | op=PUT_BLOCK {blockData=[blockId=conID: 2 locID: 102696731549368756 bcsId: 0,size=2097152]} | ret=SUCCESS |  
2019-08-28 21:29:28,926 [grpc-default-executor-3] INFO  client.GrpcClientProtocolClient (GrpcClientProtocolClient.java:onNext(255)) - client-05DA20D107F8->b461a7b0-028a-4eb5-b268-b89ac225aff8: receive RaftClientReply:client-05DA20D107F8->b461a7b0-028a-4eb5-b268-b89ac225aff8@group-0C8C0AA7542A, cid=931, SUCCESS, logIndex=0, commits[b461a7b0-028a-4eb5-b268-b89ac225aff8:c1239, b6ff45f5-67b8-463b-a273-c2e7d9dadd75:c1234, 6a5cb75f-f7eb-4671-9a85-3b6f7898f6cc:c1236]
2019-08-28 21:29:28,932 | INFO  | DNAudit | user=null | ip=null | op=WRITE_CHUNK {blockData=conID: 2 locID: 102696731549368756 bcsId: 1236} | ret=SUCCESS |  
2019-08-28 21:29:28,934 | INFO  | DNAudit | user=null | ip=null | op=WRITE_CHUNK {blockData=conID: 2 locID: 102696731549368756 bcsId: 1236} | ret=SUCCESS |  
2019-08-28 21:29:28,935 | INFO  | DNAudit | user=null | ip=null | op=WRITE_CHUNK {blockData=conID: 2 locID: 102696731549368756 bcsId: 1236} | ret=SUCCESS |  
2019-08-28 21:29:28,952 | INFO  | DNAudit | user=null | ip=null | op=WRITE_CHUNK {blockData=conID: 2 locID: 102696731549368756 bcsId: 0} | ret=SUCCESS |  
2019-08-28 21:29:28,953 | INFO  | DNAudit | user=null | ip=null | op=PUT_BLOCK {blockData=[blockId=conID: 2 locID: 102696731549368756 bcsId: 0,size=2097152]} | ret=SUCCESS |  
2019-08-28 21:29:28,972 | INFO  | DNAudit | user=null | ip=null | op=WRITE_CHUNK {blockData=conID: 2 locID: 102696731549368756 bcsId: 1236} | ret=SUCCESS |  
2019-08-28 21:29:28,972 | INFO  | DNAudit | user=null | ip=null | op=PUT_BLOCK {blockData=[blockId=conID: 2 locID: 102696731549368756 bcsId: 0,size=3145728]} | ret=SUCCESS |  
2019-08-28 21:29:28,972 [grpc-default-executor-5] INFO  client.GrpcClientProtocolClient (GrpcClientProtocolClient.java:onNext(255)) - client-05DA20D107F8->b461a7b0-028a-4eb5-b268-b89ac225aff8: receive RaftClientReply:client-05DA20D107F8->b461a7b0-028a-4eb5-b268-b89ac225aff8@group-0C8C0AA7542A, cid=932, SUCCESS, logIndex=1241, commits[b461a7b0-028a-4eb5-b268-b89ac225aff8:c1242, b6ff45f5-67b8-463b-a273-c2e7d9dadd75:c1237, 6a5cb75f-f7eb-4671-9a85-3b6f7898f6cc:c1239]
2019-08-28 21:29:28,973 [grpc-default-executor-5] INFO  client.GrpcClientProtocolClient (GrpcClientProtocolClient.java:onNext(255)) - client-05DA20D107F8->b461a7b0-028a-4eb5-b268-b89ac225aff8: receive RaftClientReply:client-05DA20D107F8->b461a7b0-028a-4eb5-b268-b89ac225aff8@group-0C8C0AA7542A, cid=933, SUCCESS, logIndex=1242, commits[b461a7b0-028a-4eb5-b268-b89ac225aff8:c1242, b6ff45f5-67b8-463b-a273-c2e7d9dadd75:c1239, 6a5cb75f-f7eb-4671-9a85-3b6f7898f6cc:c1239]
2019-08-28 21:29:28,979 | INFO  | DNAudit | user=null | ip=null | op=WRITE_CHUNK {blockData=conID: 2 locID: 102696731549368756 bcsId: 1242} | ret=SUCCESS |  
2019-08-28 21:29:28,983 | INFO  | DNAudit | user=null | ip=null | op=WRITE_CHUNK {blockData=conID: 2 locID: 102696731549368756 bcsId: 1242} | ret=SUCCESS |  
2019-08-28 21:29:28,983 | INFO  | DNAudit | user=null | ip=null | op=WRITE_CHUNK {blockData=conID: 2 locID: 102696731549368756 bcsId: 1242} | ret=SUCCESS |  
2019-08-28 21:29:28,988 | INFO  | DNAudit | user=null | ip=null | op=WRITE_CHUNK {blockData=conID: 2 locID: 102696731549368756 bcsId: 1236} | ret=SUCCESS |  
2019-08-28 21:29:28,988 | INFO  | DNAudit | user=null | ip=null | op=WRITE_CHUNK {blockData=conID: 2 locID: 102696731549368756 bcsId: 1236} | ret=SUCCESS |  
2019-08-28 21:29:28,988 | INFO  | DNAudit | user=null | ip=null | op=PUT_BLOCK {blockData=[blockId=conID: 2 locID: 102696731549368756 bcsId: 0,size=3145728]} | ret=SUCCESS |  
2019-08-28 21:29:28,988 | INFO  | DNAudit | user=null | ip=null | op=PUT_BLOCK {blockData=[blockId=conID: 2 locID: 102696731549368756 bcsId: 0,size=3145728]} | ret=SUCCESS |  
2019-08-28 21:29:28,990 | INFO  | DNAudit | user=null | ip=null | op=WRITE_CHUNK {blockData=conID: 2 locID: 102696731549368756 bcsId: 1242} | ret=SUCCESS |  
2019-08-28 21:29:28,990 | INFO  | DNAudit | user=null | ip=null | op=PUT_BLOCK {blockData=[blockId=conID: 2 locID: 102696731549368756 bcsId: 0,size=4194304]} | ret=SUCCESS |  
2019-08-28 21:29:28,991 [grpc-default-executor-5] INFO  client.GrpcClientProtocolClient (GrpcClientProtocolClient.java:onNext(255)) - client-05DA20D107F8->b461a7b0-028a-4eb5-b268-b89ac225aff8: receive RaftClientReply:client-05DA20D107F8->b461a7b0-028a-4eb5-b268-b89ac225aff8@group-0C8C0AA7542A, cid=934, SUCCESS, logIndex=1245, commits[b461a7b0-028a-4eb5-b268-b89ac225aff8:c1246, b6ff45f5-67b8-463b-a273-c2e7d9dadd75:c1242, 6a5cb75f-f7eb-4671-9a85-3b6f7898f6cc:c1242]
2019-08-28 21:29:28,991 [grpc-default-executor-5] INFO  client.GrpcClientProtocolClient (GrpcClientProtocolClient.java:onNext(255)) - client-05DA20D107F8->b461a7b0-028a-4eb5-b268-b89ac225aff8: receive RaftClientReply:client-05DA20D107F8->b461a7b0-028a-4eb5-b268-b89ac225aff8@group-0C8C0AA7542A, cid=935, SUCCESS, logIndex=1246, commits[b461a7b0-028a-4eb5-b268-b89ac225aff8:c1246, b6ff45f5-67b8-463b-a273-c2e7d9dadd75:c1242, 6a5cb75f-f7eb-4671-9a85-3b6f7898f6cc:c1242]
2019-08-28 21:29:29,006 | INFO  | DNAudit | user=null | ip=null | op=WRITE_CHUNK {blockData=conID: 2 locID: 102696731549368756 bcsId: 1242} | ret=SUCCESS |  
2019-08-28 21:29:29,006 | INFO  | DNAudit | user=null | ip=null | op=WRITE_CHUNK {blockData=conID: 2 locID: 102696731549368756 bcsId: 1242} | ret=SUCCESS |  
2019-08-28 21:29:29,007 | INFO  | DNAudit | user=null | ip=null | op=PUT_BLOCK {blockData=[blockId=conID: 2 locID: 102696731549368756 bcsId: 0,size=4194304]} | ret=SUCCESS |  
2019-08-28 21:29:29,008 | INFO  | DNAudit | user=null | ip=null | op=PUT_BLOCK {blockData=[blockId=conID: 2 locID: 102696731549368756 bcsId: 0,size=4194304]} | ret=SUCCESS |  
2019-08-28 21:29:29,008 [grpc-default-executor-5] INFO  client.GrpcClientProtocolClient (GrpcClientProtocolClient.java:onNext(255)) - client-05DA20D107F8->b461a7b0-028a-4eb5-b268-b89ac225aff8: receive RaftClientReply:client-05DA20D107F8->b461a7b0-028a-4eb5-b268-b89ac225aff8@group-0C8C0AA7542A, cid=936, SUCCESS, logIndex=0, commits[b461a7b0-028a-4eb5-b268-b89ac225aff8:c1248, b6ff45f5-67b8-463b-a273-c2e7d9dadd75:c1246, 6a5cb75f-f7eb-4671-9a85-3b6f7898f6cc:c1246]
2019-08-28 21:29:29,015 | INFO  | DNAudit | user=null | ip=null | op=WRITE_CHUNK {blockData=conID: 3 locID: 102696731549368757 bcsId: 0} | ret=SUCCESS |  
2019-08-28 21:29:29,018 | INFO  | DNAudit | user=null | ip=null | op=WRITE_CHUNK {blockData=conID: 3 locID: 102696731549368757 bcsId: 0} | ret=SUCCESS |  
2019-08-28 21:29:29,018 | INFO  | DNAudit | user=null | ip=null | op=WRITE_CHUNK {blockData=conID: 3 locID: 102696731549368757 bcsId: 0} | ret=SUCCESS |  
2019-08-28 21:29:29,018 | INFO  | DNAudit | user=null | ip=null | op=WRITE_CHUNK {blockData=conID: 3 locID: 102696731549368757 bcsId: 0} | ret=SUCCESS |  
2019-08-28 21:29:29,020 | INFO  | DNAudit | user=null | ip=null | op=WRITE_CHUNK {blockData=conID: 3 locID: 102696731549368757 bcsId: 0} | ret=SUCCESS |  
2019-08-28 21:29:29,020 | INFO  | DNAudit | user=null | ip=null | op=WRITE_CHUNK {blockData=conID: 3 locID: 102696731549368757 bcsId: 0} | ret=SUCCESS |  
2019-08-28 21:29:29,028 | INFO  | SCMAudit | user=jenkins1000 | ip=192.168.36.107 | op=SEND_HEARTBEAT {datanodeUUID=6a5cb75f-f7eb-4671-9a85-3b6f7898f6cc, command=[]} | ret=SUCCESS |  
2019-08-28 21:29:29,028 | INFO  | SCMAudit | user=jenkins1000 | ip=192.168.36.107 | op=SEND_HEARTBEAT {datanodeUUID=b461a7b0-028a-4eb5-b268-b89ac225aff8, command=[]} | ret=SUCCESS |  
2019-08-28 21:29:29,028 | INFO  | SCMAudit | user=jenkins1000 | ip=192.168.36.107 | op=SEND_HEARTBEAT {datanodeUUID=b6ff45f5-67b8-463b-a273-c2e7d9dadd75, command=[]} | ret=SUCCESS |  
2019-08-28 21:29:29,044 | INFO  | DNAudit | user=null | ip=null | op=WRITE_CHUNK {blockData=conID: 3 locID: 102696731549368757 bcsId: 0} | ret=SUCCESS |  
2019-08-28 21:29:29,044 | INFO  | DNAudit | user=null | ip=null | op=PUT_BLOCK {blockData=[blockId=conID: 3 locID: 102696731549368757 bcsId: 0,size=1048576]} | ret=SUCCESS |  
2019-08-28 21:29:29,044 [grpc-default-executor-6] INFO  client.GrpcClientProtocolClient (GrpcClientProtocolClient.java:onNext(255)) - client-05DA20D107F8->b461a7b0-028a-4eb5-b268-b89ac225aff8: receive RaftClientReply:client-05DA20D107F8->b461a7b0-028a-4eb5-b268-b89ac225aff8@group-0C8C0AA7542A, cid=937, SUCCESS, logIndex=1249, commits[b461a7b0-028a-4eb5-b268-b89ac225aff8:c1252, b6ff45f5-67b8-463b-a273-c2e7d9dadd75:c1248, 6a5cb75f-f7eb-4671-9a85-3b6f7898f6cc:c1248]
2019-08-28 21:29:29,044 | INFO  | DNAudit | user=null | ip=null | op=WRITE_CHUNK {blockData=conID: 3 locID: 102696731549368757 bcsId: 0} | ret=SUCCESS |  
2019-08-28 21:29:29,045 | INFO  | DNAudit | user=null | ip=null | op=PUT_BLOCK {blockData=[blockId=conID: 3 locID: 102696731549368757 bcsId: 0,size=2097152]} | ret=SUCCESS |  
2019-08-28 21:29:29,045 [grpc-default-executor-6] INFO  client.GrpcClientProtocolClient (GrpcClientProtocolClient.java:onNext(255)) - client-05DA20D107F8->b461a7b0-028a-4eb5-b268-b89ac225aff8: receive RaftClientReply:client-05DA20D107F8->b461a7b0-028a-4eb5-b268-b89ac225aff8@group-0C8C0AA7542A, cid=938, SUCCESS, logIndex=1250, commits[b461a7b0-028a-4eb5-b268-b89ac225aff8:c1252, b6ff45f5-67b8-463b-a273-c2e7d9dadd75:c1248, 6a5cb75f-f7eb-4671-9a85-3b6f7898f6cc:c1248]
2019-08-28 21:29:29,045 [grpc-default-executor-6] INFO  client.GrpcClientProtocolClient (GrpcClientProtocolClient.java:onNext(255)) - client-05DA20D107F8->b461a7b0-028a-4eb5-b268-b89ac225aff8: receive RaftClientReply:client-05DA20D107F8->b461a7b0-028a-4eb5-b268-b89ac225aff8@group-0C8C0AA7542A, cid=939, SUCCESS, logIndex=1251, commits[b461a7b0-028a-4eb5-b268-b89ac225aff8:c1252, b6ff45f5-67b8-463b-a273-c2e7d9dadd75:c1248, 6a5cb75f-f7eb-4671-9a85-3b6f7898f6cc:c1248]
2019-08-28 21:29:29,045 [grpc-default-executor-6] INFO  client.GrpcClientProtocolClient (GrpcClientProtocolClient.java:onNext(255)) - client-05DA20D107F8->b461a7b0-028a-4eb5-b268-b89ac225aff8: receive RaftClientReply:client-05DA20D107F8->b461a7b0-028a-4eb5-b268-b89ac225aff8@group-0C8C0AA7542A, cid=940, SUCCESS, logIndex=1252, commits[b461a7b0-028a-4eb5-b268-b89ac225aff8:c1252, b6ff45f5-67b8-463b-a273-c2e7d9dadd75:c1248, 6a5cb75f-f7eb-4671-9a85-3b6f7898f6cc:c1248]
2019-08-28 21:29:29,058 | INFO  | DNAudit | user=null | ip=null | op=WRITE_CHUNK {blockData=conID: 3 locID: 102696731549368757 bcsId: 0} | ret=SUCCESS |  
2019-08-28 21:29:29,058 | INFO  | DNAudit | user=null | ip=null | op=PUT_BLOCK {blockData=[blockId=conID: 3 locID: 102696731549368757 bcsId: 0,size=1048576]} | ret=SUCCESS |  
2019-08-28 21:29:29,059 | INFO  | DNAudit | user=null | ip=null | op=WRITE_CHUNK {blockData=conID: 3 locID: 102696731549368757 bcsId: 0} | ret=SUCCESS |  
2019-08-28 21:29:29,059 | INFO  | DNAudit | user=null | ip=null | op=PUT_BLOCK {blockData=[blockId=conID: 3 locID: 102696731549368757 bcsId: 0,size=1048576]} | ret=SUCCESS |  
2019-08-28 21:29:29,059 | INFO  | DNAudit | user=null | ip=null | op=WRITE_CHUNK {blockData=conID: 3 locID: 102696731549368757 bcsId: 0} | ret=SUCCESS |  
2019-08-28 21:29:29,059 | INFO  | DNAudit | user=null | ip=null | op=PUT_BLOCK {blockData=[blockId=conID: 3 locID: 102696731549368757 bcsId: 0,size=2097152]} | ret=SUCCESS |  
2019-08-28 21:29:29,060 | INFO  | DNAudit | user=null | ip=null | op=WRITE_CHUNK {blockData=conID: 3 locID: 102696731549368757 bcsId: 0} | ret=SUCCESS |  
2019-08-28 21:29:29,061 [grpc-default-executor-6] INFO  client.GrpcClientProtocolClient (GrpcClientProtocolClient.java:onNext(255)) - client-05DA20D107F8->b461a7b0-028a-4eb5-b268-b89ac225aff8: receive RaftClientReply:client-05DA20D107F8->b461a7b0-028a-4eb5-b268-b89ac225aff8@group-0C8C0AA7542A, cid=941, SUCCESS, logIndex=0, commits[b461a7b0-028a-4eb5-b268-b89ac225aff8:c1253, b6ff45f5-67b8-463b-a273-c2e7d9dadd75:c1250, 6a5cb75f-f7eb-4671-9a85-3b6f7898f6cc:c1250]
2019-08-28 21:29:29,062 | INFO  | DNAudit | user=null | ip=null | op=PUT_BLOCK {blockData=[blockId=conID: 3 locID: 102696731549368757 bcsId: 0,size=2097152]} | ret=SUCCESS |  
2019-08-28 21:29:29,068 | INFO  | DNAudit | user=null | ip=null | op=WRITE_CHUNK {blockData=conID: 3 locID: 102696731549368757 bcsId: 1252} | ret=SUCCESS |  
2019-08-28 21:29:29,070 | INFO  | DNAudit | user=null | ip=null | op=WRITE_CHUNK {blockData=conID: 3 locID: 102696731549368757 bcsId: 1252} | ret=SUCCESS |  
2019-08-28 21:29:29,071 | INFO  | DNAudit | user=null | ip=null | op=WRITE_CHUNK {blockData=conID: 3 locID: 102696731549368757 bcsId: 1252} | ret=SUCCESS |  
2019-08-28 21:29:29,073 | INFO  | DNAudit | user=null | ip=null | op=WRITE_CHUNK {blockData=conID: 3 locID: 102696731549368757 bcsId: 1252} | ret=SUCCESS |  
2019-08-28 21:29:29,073 | INFO  | DNAudit | user=null | ip=null | op=PUT_BLOCK {blockData=[blockId=conID: 3 locID: 102696731549368757 bcsId: 0,size=3145728]} | ret=SUCCESS |  
2019-08-28 21:29:29,073 [grpc-default-executor-3] INFO  client.GrpcClientProtocolClient (GrpcClientProtocolClient.java:onNext(255)) - client-05DA20D107F8->b461a7b0-028a-4eb5-b268-b89ac225aff8: receive RaftClientReply:client-05DA20D107F8->b461a7b0-028a-4eb5-b268-b89ac225aff8@group-0C8C0AA7542A, cid=942, SUCCESS, logIndex=1257, commits[b461a7b0-028a-4eb5-b268-b89ac225aff8:c1258, b6ff45f5-67b8-463b-a273-c2e7d9dadd75:c1256, 6a5cb75f-f7eb-4671-9a85-3b6f7898f6cc:c1256]
2019-08-28 21:29:29,074 [grpc-default-executor-3] INFO  client.GrpcClientProtocolClient (GrpcClientProtocolClient.java:onNext(255)) - client-05DA20D107F8->b461a7b0-028a-4eb5-b268-b89ac225aff8: receive RaftClientReply:client-05DA20D107F8->b461a7b0-028a-4eb5-b268-b89ac225aff8@group-0C8C0AA7542A, cid=943, SUCCESS, logIndex=1258, commits[b461a7b0-028a-4eb5-b268-b89ac225aff8:c1258, b6ff45f5-67b8-463b-a273-c2e7d9dadd75:c1256, 6a5cb75f-f7eb-4671-9a85-3b6f7898f6cc:c1256]
2019-08-28 21:29:29,080 | INFO  | DNAudit | user=null | ip=null | op=WRITE_CHUNK {blockData=conID: 3 locID: 102696731549368757 bcsId: 1258} | ret=SUCCESS |  
2019-08-28 21:29:29,082 | INFO  | DNAudit | user=null | ip=null | op=WRITE_CHUNK {blockData=conID: 3 locID: 102696731549368757 bcsId: 1258} | ret=SUCCESS |  
2019-08-28 21:29:29,082 | INFO  | DNAudit | user=null | ip=null | op=WRITE_CHUNK {blockData=conID: 3 locID: 102696731549368757 bcsId: 1258} | ret=SUCCESS |  
2019-08-28 21:29:29,091 | INFO  | DNAudit | user=null | ip=null | op=WRITE_CHUNK {blockData=conID: 3 locID: 102696731549368757 bcsId: 1252} | ret=SUCCESS |  
2019-08-28 21:29:29,091 | INFO  | DNAudit | user=null | ip=null | op=WRITE_CHUNK {blockData=conID: 3 locID: 102696731549368757 bcsId: 1252} | ret=SUCCESS |  
 0.00% |█                                                                                                    |  0/1 Time: 0:00:052019-08-28 21:29:29,097 | INFO  | DNAudit | user=null | ip=null | op=PUT_BLOCK {blockData=[blockId=conID: 3 locID: 102696731549368757 bcsId: 0,size=3145728]} | ret=SUCCESS |  
2019-08-28 21:29:29,097 | INFO  | DNAudit | user=null | ip=null | op=PUT_BLOCK {blockData=[blockId=conID: 3 locID: 102696731549368757 bcsId: 0,size=3145728]} | ret=SUCCESS |  
2019-08-28 21:29:29,107 | INFO  | DNAudit | user=null | ip=null | op=WRITE_CHUNK {blockData=conID: 3 locID: 102696731549368757 bcsId: 1258} | ret=SUCCESS |  
2019-08-28 21:29:29,107 | INFO  | DNAudit | user=null | ip=null | op=PUT_BLOCK {blockData=[blockId=conID: 3 locID: 102696731549368757 bcsId: 0,size=4194304]} | ret=SUCCESS |  
2019-08-28 21:29:29,107 [grpc-default-executor-5] INFO  client.GrpcClientProtocolClient (GrpcClientProtocolClient.java:onNext(255)) - client-05DA20D107F8->b461a7b0-028a-4eb5-b268-b89ac225aff8: receive RaftClientReply:client-05DA20D107F8->b461a7b0-028a-4eb5-b268-b89ac225aff8@group-0C8C0AA7542A, cid=944, SUCCESS, logIndex=1261, commits[b461a7b0-028a-4eb5-b268-b89ac225aff8:c1262, b6ff45f5-67b8-463b-a273-c2e7d9dadd75:c1258, 6a5cb75f-f7eb-4671-9a85-3b6f7898f6cc:c1258]
2019-08-28 21:29:29,108 [grpc-default-executor-5] INFO  client.GrpcClientProtocolClient (GrpcClientProtocolClient.java:onNext(255)) - client-05DA20D107F8->b461a7b0-028a-4eb5-b268-b89ac225aff8: receive RaftClientReply:client-05DA20D107F8->b461a7b0-028a-4eb5-b268-b89ac225aff8@group-0C8C0AA7542A, cid=945, SUCCESS, logIndex=1262, commits[b461a7b0-028a-4eb5-b268-b89ac225aff8:c1262, b6ff45f5-67b8-463b-a273-c2e7d9dadd75:c1258, 6a5cb75f-f7eb-4671-9a85-3b6f7898f6cc:c1258]
2019-08-28 21:29:29,127 | INFO  | DNAudit | user=null | ip=null | op=WRITE_CHUNK {blockData=conID: 3 locID: 102696731549368757 bcsId: 1258} | ret=SUCCESS |  
2019-08-28 21:29:29,127 | INFO  | DNAudit | user=null | ip=null | op=WRITE_CHUNK {blockData=conID: 3 locID: 102696731549368757 bcsId: 1258} | ret=SUCCESS |  
2019-08-28 21:29:29,128 | INFO  | DNAudit | user=null | ip=null | op=PUT_BLOCK {blockData=[blockId=conID: 3 locID: 102696731549368757 bcsId: 0,size=4194304]} | ret=SUCCESS |  
2019-08-28 21:29:29,128 | INFO  | DNAudit | user=null | ip=null | op=PUT_BLOCK {blockData=[blockId=conID: 3 locID: 102696731549368757 bcsId: 0,size=4194304]} | ret=SUCCESS |  
2019-08-28 21:29:29,129 [grpc-default-executor-5] INFO  client.GrpcClientProtocolClient (GrpcClientProtocolClient.java:onNext(255)) - client-05DA20D107F8->b461a7b0-028a-4eb5-b268-b89ac225aff8: receive RaftClientReply:client-05DA20D107F8->b461a7b0-028a-4eb5-b268-b89ac225aff8@group-0C8C0AA7542A, cid=946, SUCCESS, logIndex=0, commits[b461a7b0-028a-4eb5-b268-b89ac225aff8:c1264, b6ff45f5-67b8-463b-a273-c2e7d9dadd75:c1262, 6a5cb75f-f7eb-4671-9a85-3b6f7898f6cc:c1262]
2019-08-28 21:29:29,136 | INFO  | DNAudit | user=null | ip=null | op=WRITE_CHUNK {blockData=conID: 1 locID: 102696731549368758 bcsId: 0} | ret=SUCCESS |  
2019-08-28 21:29:29,138 | INFO  | DNAudit | user=null | ip=null | op=WRITE_CHUNK {blockData=conID: 1 locID: 102696731549368758 bcsId: 0} | ret=SUCCESS |  
2019-08-28 21:29:29,139 | INFO  | DNAudit | user=null | ip=null | op=WRITE_CHUNK {blockData=conID: 1 locID: 102696731549368758 bcsId: 0} | ret=SUCCESS |  
2019-08-28 21:29:29,140 | INFO  | DNAudit | user=null | ip=null | op=WRITE_CHUNK {blockData=conID: 1 locID: 102696731549368758 bcsId: 0} | ret=SUCCESS |  
2019-08-28 21:29:29,141 | INFO  | DNAudit | user=null | ip=null | op=WRITE_CHUNK {blockData=conID: 1 locID: 102696731549368758 bcsId: 0} | ret=SUCCESS |  
2019-08-28 21:29:29,142 | INFO  | DNAudit | user=null | ip=null | op=WRITE_CHUNK {blockData=conID: 1 locID: 102696731549368758 bcsId: 0} | ret=SUCCESS |  
2019-08-28 21:29:29,150 | INFO  | DNAudit | user=null | ip=null | op=WRITE_CHUNK {blockData=conID: 1 locID: 102696731549368758 bcsId: 0} | ret=SUCCESS |  
2019-08-28 21:29:29,151 | INFO  | DNAudit | user=null | ip=null | op=PUT_BLOCK {blockData=[blockId=conID: 1 locID: 102696731549368758 bcsId: 0,size=1048576]} | ret=SUCCESS |  
2019-08-28 21:29:29,151 [grpc-default-executor-3] INFO  client.GrpcClientProtocolClient (GrpcClientProtocolClient.java:onNext(255)) - client-05DA20D107F8->b461a7b0-028a-4eb5-b268-b89ac225aff8: receive RaftClientReply:client-05DA20D107F8->b461a7b0-028a-4eb5-b268-b89ac225aff8@group-0C8C0AA7542A, cid=947, SUCCESS, logIndex=1265, commits[b461a7b0-028a-4eb5-b268-b89ac225aff8:c1266, b6ff45f5-67b8-463b-a273-c2e7d9dadd75:c1264, 6a5cb75f-f7eb-4671-9a85-3b6f7898f6cc:c1264]
2019-08-28 21:29:29,152 | INFO  | DNAudit | user=null | ip=null | op=WRITE_CHUNK {blockData=conID: 1 locID: 102696731549368758 bcsId: 0} | ret=SUCCESS |  
2019-08-28 21:29:29,152 [grpc-default-executor-3] INFO  client.GrpcClientProtocolClient (GrpcClientProtocolClient.java:onNext(255)) - client-05DA20D107F8->b461a7b0-028a-4eb5-b268-b89ac225aff8: receive RaftClientReply:client-05DA20D107F8->b461a7b0-028a-4eb5-b268-b89ac225aff8@group-0C8C0AA7542A, cid=948, SUCCESS, logIndex=1266, commits[b461a7b0-028a-4eb5-b268-b89ac225aff8:c1266, b6ff45f5-67b8-463b-a273-c2e7d9dadd75:c1264, 6a5cb75f-f7eb-4671-9a85-3b6f7898f6cc:c1264]
2019-08-28 21:29:29,152 | INFO  | DNAudit | user=null | ip=null | op=PUT_BLOCK {blockData=[blockId=conID: 1 locID: 102696731549368758 bcsId: 0,size=2097152]} | ret=SUCCESS |  
2019-08-28 21:29:29,152 [grpc-default-executor-3] INFO  client.GrpcClientProtocolClient (GrpcClientProtocolClient.java:onNext(255)) - client-05DA20D107F8->b461a7b0-028a-4eb5-b268-b89ac225aff8: receive RaftClientReply:client-05DA20D107F8->b461a7b0-028a-4eb5-b268-b89ac225aff8@group-0C8C0AA7542A, cid=949, SUCCESS, logIndex=1267, commits[b461a7b0-028a-4eb5-b268-b89ac225aff8:c1268, b6ff45f5-67b8-463b-a273-c2e7d9dadd75:c1264, 6a5cb75f-f7eb-4671-9a85-3b6f7898f6cc:c1264]
2019-08-28 21:29:29,153 | INFO  | DNAudit | user=null | ip=null | op=WRITE_CHUNK {blockData=conID: 1 locID: 102696731549368758 bcsId: 0} | ret=SUCCESS |  
2019-08-28 21:29:29,153 | INFO  | DNAudit | user=null | ip=null | op=PUT_BLOCK {blockData=[blockId=conID: 1 locID: 102696731549368758 bcsId: 0,size=1048576]} | ret=SUCCESS |  
2019-08-28 21:29:29,153 | INFO  | DNAudit | user=null | ip=null | op=WRITE_CHUNK {blockData=conID: 1 locID: 102696731549368758 bcsId: 0} | ret=SUCCESS |  
2019-08-28 21:29:29,153 [grpc-default-executor-3] INFO  client.GrpcClientProtocolClient (GrpcClientProtocolClient.java:onNext(255)) - client-05DA20D107F8->b461a7b0-028a-4eb5-b268-b89ac225aff8: receive RaftClientReply:client-05DA20D107F8->b461a7b0-028a-4eb5-b268-b89ac225aff8@group-0C8C0AA7542A, cid=950, SUCCESS, logIndex=1268, commits[b461a7b0-028a-4eb5-b268-b89ac225aff8:c1268, b6ff45f5-67b8-463b-a273-c2e7d9dadd75:c1264, 6a5cb75f-f7eb-4671-9a85-3b6f7898f6cc:c1264]
2019-08-28 21:29:29,153 | INFO  | DNAudit | user=null | ip=null | op=PUT_BLOCK {blockData=[blockId=conID: 1 locID: 102696731549368758 bcsId: 0,size=1048576]} | ret=SUCCESS |  
2019-08-28 21:29:29,154 | INFO  | DNAudit | user=null | ip=null | op=WRITE_CHUNK {blockData=conID: 1 locID: 102696731549368758 bcsId: 0} | ret=SUCCESS |  
2019-08-28 21:29:29,154 | INFO  | DNAudit | user=null | ip=null | op=WRITE_CHUNK {blockData=conID: 1 locID: 102696731549368758 bcsId: 0} | ret=SUCCESS |  
2019-08-28 21:29:29,154 | INFO  | DNAudit | user=null | ip=null | op=PUT_BLOCK {blockData=[blockId=conID: 1 locID: 102696731549368758 bcsId: 0,size=2097152]} | ret=SUCCESS |  
2019-08-28 21:29:29,154 | INFO  | DNAudit | user=null | ip=null | op=PUT_BLOCK {blockData=[blockId=conID: 1 locID: 102696731549368758 bcsId: 0,size=2097152]} | ret=SUCCESS |  
2019-08-28 21:29:29,154 [grpc-default-executor-6] INFO  client.GrpcClientProtocolClient (GrpcClientProtocolClient.java:onNext(255)) - client-05DA20D107F8->b461a7b0-028a-4eb5-b268-b89ac225aff8: receive RaftClientReply:client-05DA20D107F8->b461a7b0-028a-4eb5-b268-b89ac225aff8@group-0C8C0AA7542A, cid=951, SUCCESS, logIndex=0, commits[b461a7b0-028a-4eb5-b268-b89ac225aff8:c1270, b6ff45f5-67b8-463b-a273-c2e7d9dadd75:c1268, 6a5cb75f-f7eb-4671-9a85-3b6f7898f6cc:c1268]
2019-08-28 21:29:29,161 | INFO  | DNAudit | user=null | ip=null | op=WRITE_CHUNK {blockData=conID: 1 locID: 102696731549368758 bcsId: 1268} | ret=SUCCESS |  
2019-08-28 21:29:29,163 | INFO  | DNAudit | user=null | ip=null | op=WRITE_CHUNK {blockData=conID: 1 locID: 102696731549368758 bcsId: 1268} | ret=SUCCESS |  
2019-08-28 21:29:29,163 | INFO  | DNAudit | user=null | ip=null | op=WRITE_CHUNK {blockData=conID: 1 locID: 102696731549368758 bcsId: 1268} | ret=SUCCESS |  
2019-08-28 21:29:29,169 | INFO  | DNAudit | user=null | ip=null | op=WRITE_CHUNK {blockData=conID: 1 locID: 102696731549368758 bcsId: 1268} | ret=SUCCESS |  
2019-08-28 21:29:29,169 | INFO  | DNAudit | user=null | ip=null | op=PUT_BLOCK {blockData=[blockId=conID: 1 locID: 102696731549368758 bcsId: 0,size=3145728]} | ret=SUCCESS |  
2019-08-28 21:29:29,169 [grpc-default-executor-6] INFO  client.GrpcClientProtocolClient (GrpcClientProtocolClient.java:onNext(255)) - client-05DA20D107F8->b461a7b0-028a-4eb5-b268-b89ac225aff8: receive RaftClientReply:client-05DA20D107F8->b461a7b0-028a-4eb5-b268-b89ac225aff8@group-0C8C0AA7542A, cid=952, SUCCESS, logIndex=1273, commits[b461a7b0-028a-4eb5-b268-b89ac225aff8:c1274, b6ff45f5-67b8-463b-a273-c2e7d9dadd75:c1272, 6a5cb75f-f7eb-4671-9a85-3b6f7898f6cc:c1272]
2019-08-28 21:29:29,170 [grpc-default-executor-6] INFO  client.GrpcClientProtocolClient (GrpcClientProtocolClient.java:onNext(255)) - client-05DA20D107F8->b461a7b0-028a-4eb5-b268-b89ac225aff8: receive RaftClientReply:client-05DA20D107F8->b461a7b0-028a-4eb5-b268-b89ac225aff8@group-0C8C0AA7542A, cid=953, SUCCESS, logIndex=1274, commits[b461a7b0-028a-4eb5-b268-b89ac225aff8:c1274, b6ff45f5-67b8-463b-a273-c2e7d9dadd75:c1272, 6a5cb75f-f7eb-4671-9a85-3b6f7898f6cc:c1272]
2019-08-28 21:29:29,177 | INFO  | DNAudit | user=null | ip=null | op=WRITE_CHUNK {blockData=conID: 1 locID: 102696731549368758 bcsId: 1274} | ret=SUCCESS |  
2019-08-28 21:29:29,179 | INFO  | DNAudit | user=null | ip=null | op=WRITE_CHUNK {blockData=conID: 1 locID: 102696731549368758 bcsId: 1274} | ret=SUCCESS |  
2019-08-28 21:29:29,180 | INFO  | DNAudit | user=null | ip=null | op=WRITE_CHUNK {blockData=conID: 1 locID: 102696731549368758 bcsId: 1274} | ret=SUCCESS |  
2019-08-28 21:29:29,180 | INFO  | DNAudit | user=null | ip=null | op=WRITE_CHUNK {blockData=conID: 1 locID: 102696731549368758 bcsId: 1268} | ret=SUCCESS |  
2019-08-28 21:29:29,180 | INFO  | DNAudit | user=null | ip=null | op=WRITE_CHUNK {blockData=conID: 1 locID: 102696731549368758 bcsId: 1268} | ret=SUCCESS |  
2019-08-28 21:29:29,181 | INFO  | DNAudit | user=null | ip=null | op=PUT_BLOCK {blockData=[blockId=conID: 1 locID: 102696731549368758 bcsId: 0,size=3145728]} | ret=SUCCESS |  
2019-08-28 21:29:29,181 | INFO  | DNAudit | user=null | ip=null | op=PUT_BLOCK {blockData=[blockId=conID: 1 locID: 102696731549368758 bcsId: 0,size=3145728]} | ret=SUCCESS |  
2019-08-28 21:29:29,184 | INFO  | DNAudit | user=null | ip=null | op=WRITE_CHUNK {blockData=conID: 1 locID: 102696731549368758 bcsId: 1274} | ret=SUCCESS |  
2019-08-28 21:29:29,184 | INFO  | DNAudit | user=null | ip=null | op=PUT_BLOCK {blockData=[blockId=conID: 1 locID: 102696731549368758 bcsId: 0,size=4194304]} | ret=SUCCESS |  
2019-08-28 21:29:29,184 [grpc-default-executor-5] INFO  client.GrpcClientProtocolClient (GrpcClientProtocolClient.java:onNext(255)) - client-05DA20D107F8->b461a7b0-028a-4eb5-b268-b89ac225aff8: receive RaftClientReply:client-05DA20D107F8->b461a7b0-028a-4eb5-b268-b89ac225aff8@group-0C8C0AA7542A, cid=954, SUCCESS, logIndex=1277, commits[b461a7b0-028a-4eb5-b268-b89ac225aff8:c1278, b6ff45f5-67b8-463b-a273-c2e7d9dadd75:c1274, 6a5cb75f-f7eb-4671-9a85-3b6f7898f6cc:c1274]
2019-08-28 21:29:29,185 [grpc-default-executor-5] INFO  client.GrpcClientProtocolClient (GrpcClientProtocolClient.java:onNext(255)) - client-05DA20D107F8->b461a7b0-028a-4eb5-b268-b89ac225aff8: receive RaftClientReply:client-05DA20D107F8->b461a7b0-028a-4eb5-b268-b89ac225aff8@group-0C8C0AA7542A, cid=955, SUCCESS, logIndex=1278, commits[b461a7b0-028a-4eb5-b268-b89ac225aff8:c1278, b6ff45f5-67b8-463b-a273-c2e7d9dadd75:c1274, 6a5cb75f-f7eb-4671-9a85-3b6f7898f6cc:c1274]
2019-08-28 21:29:29,192 | INFO  | DNAudit | user=null | ip=null | op=WRITE_CHUNK {blockData=conID: 1 locID: 102696731549368758 bcsId: 1274} | ret=SUCCESS |  
2019-08-28 21:29:29,192 | INFO  | DNAudit | user=null | ip=null | op=WRITE_CHUNK {blockData=conID: 1 locID: 102696731549368758 bcsId: 1274} | ret=SUCCESS |  
2019-08-28 21:29:29,193 | INFO  | DNAudit | user=null | ip=null | op=PUT_BLOCK {blockData=[blockId=conID: 1 locID: 102696731549368758 bcsId: 0,size=4194304]} | ret=SUCCESS |  
2019-08-28 21:29:29,193 | INFO  | DNAudit | user=null | ip=null | op=PUT_BLOCK {blockData=[blockId=conID: 1 locID: 102696731549368758 bcsId: 0,size=4194304]} | ret=SUCCESS |  
2019-08-28 21:29:29,194 [grpc-default-executor-5] INFO  client.GrpcClientProtocolClient (GrpcClientProtocolClient.java:onNext(255)) - client-05DA20D107F8->b461a7b0-028a-4eb5-b268-b89ac225aff8: receive RaftClientReply:client-05DA20D107F8->b461a7b0-028a-4eb5-b268-b89ac225aff8@group-0C8C0AA7542A, cid=956, SUCCESS, logIndex=0, commits[b461a7b0-028a-4eb5-b268-b89ac225aff8:c1280, b6ff45f5-67b8-463b-a273-c2e7d9dadd75:c1278, 6a5cb75f-f7eb-4671-9a85-3b6f7898f6cc:c1278]
2019-08-28 21:29:29,201 | INFO  | DNAudit | user=null | ip=null | op=WRITE_CHUNK {blockData=conID: 2 locID: 102696731549368759 bcsId: 0} | ret=SUCCESS |  
2019-08-28 21:29:29,204 | INFO  | DNAudit | user=null | ip=null | op=WRITE_CHUNK {blockData=conID: 2 locID: 102696731549368759 bcsId: 0} | ret=SUCCESS |  
2019-08-28 21:29:29,204 | INFO  | DNAudit | user=null | ip=null | op=WRITE_CHUNK {blockData=conID: 2 locID: 102696731549368759 bcsId: 0} | ret=SUCCESS |  
2019-08-28 21:29:29,205 | INFO  | DNAudit | user=null | ip=null | op=WRITE_CHUNK {blockData=conID: 2 locID: 102696731549368759 bcsId: 0} | ret=SUCCESS |  
2019-08-28 21:29:29,206 | INFO  | DNAudit | user=null | ip=null | op=WRITE_CHUNK {blockData=conID: 2 locID: 102696731549368759 bcsId: 0} | ret=SUCCESS |  
2019-08-28 21:29:29,206 | INFO  | DNAudit | user=null | ip=null | op=WRITE_CHUNK {blockData=conID: 2 locID: 102696731549368759 bcsId: 0} | ret=SUCCESS |  
2019-08-28 21:29:29,207 | INFO  | DNAudit | user=null | ip=null | op=PUT_BLOCK {blockData=[blockId=conID: 2 locID: 102696731549368759 bcsId: 0,size=1048576]} | ret=SUCCESS |  
2019-08-28 21:29:29,207 | INFO  | DNAudit | user=null | ip=null | op=WRITE_CHUNK {blockData=conID: 2 locID: 102696731549368759 bcsId: 0} | ret=SUCCESS |  
2019-08-28 21:29:29,207 [grpc-default-executor-6] INFO  client.GrpcClientProtocolClient (GrpcClientProtocolClient.java:onNext(255)) - client-05DA20D107F8->b461a7b0-028a-4eb5-b268-b89ac225aff8: receive RaftClientReply:client-05DA20D107F8->b461a7b0-028a-4eb5-b268-b89ac225aff8@group-0C8C0AA7542A, cid=957, SUCCESS, logIndex=1281, commits[b461a7b0-028a-4eb5-b268-b89ac225aff8:c1282, b6ff45f5-67b8-463b-a273-c2e7d9dadd75:c1280, 6a5cb75f-f7eb-4671-9a85-3b6f7898f6cc:c1280]
2019-08-28 21:29:29,207 [grpc-default-executor-6] INFO  client.GrpcClientProtocolClient (GrpcClientProtocolClient.java:onNext(255)) - client-05DA20D107F8->b461a7b0-028a-4eb5-b268-b89ac225aff8: receive RaftClientReply:client-05DA20D107F8->b461a7b0-028a-4eb5-b268-b89ac225aff8@group-0C8C0AA7542A, cid=958, SUCCESS, logIndex=1282, commits[b461a7b0-028a-4eb5-b268-b89ac225aff8:c1282, b6ff45f5-67b8-463b-a273-c2e7d9dadd75:c1280, 6a5cb75f-f7eb-4671-9a85-3b6f7898f6cc:c1280]
2019-08-28 21:29:29,208 | INFO  | DNAudit | user=null | ip=null | op=WRITE_CHUNK {blockData=conID: 2 locID: 102696731549368759 bcsId: 0} | ret=SUCCESS |  
2019-08-28 21:29:29,208 | INFO  | DNAudit | user=null | ip=null | op=WRITE_CHUNK {blockData=conID: 2 locID: 102696731549368759 bcsId: 0} | ret=SUCCESS |  
2019-08-28 21:29:29,208 | INFO  | DNAudit | user=null | ip=null | op=PUT_BLOCK {blockData=[blockId=conID: 2 locID: 102696731549368759 bcsId: 0,size=2097152]} | ret=SUCCESS |  
2019-08-28 21:29:29,208 [grpc-default-executor-5] INFO  client.GrpcClientProtocolClient (GrpcClientProtocolClient.java:onNext(255)) - client-05DA20D107F8->b461a7b0-028a-4eb5-b268-b89ac225aff8: receive RaftClientReply:client-05DA20D107F8->b461a7b0-028a-4eb5-b268-b89ac225aff8@group-0C8C0AA7542A, cid=959, SUCCESS, logIndex=1283, commits[b461a7b0-028a-4eb5-b268-b89ac225aff8:c1284, b6ff45f5-67b8-463b-a273-c2e7d9dadd75:c1280, 6a5cb75f-f7eb-4671-9a85-3b6f7898f6cc:c1281]
2019-08-28 21:29:29,209 | INFO  | DNAudit | user=null | ip=null | op=WRITE_CHUNK {blockData=conID: 2 locID: 102696731549368759 bcsId: 0} | ret=SUCCESS |  
2019-08-28 21:29:29,209 | INFO  | DNAudit | user=null | ip=null | op=PUT_BLOCK {blockData=[blockId=conID: 2 locID: 102696731549368759 bcsId: 0,size=1048576]} | ret=SUCCESS |  
2019-08-28 21:29:29,209 [grpc-default-executor-3] INFO  client.GrpcClientProtocolClient (GrpcClientProtocolClient.java:onNext(255)) - client-05DA20D107F8->b461a7b0-028a-4eb5-b268-b89ac225aff8: receive RaftClientReply:client-05DA20D107F8->b461a7b0-028a-4eb5-b268-b89ac225aff8@group-0C8C0AA7542A, cid=960, SUCCESS, logIndex=1284, commits[b461a7b0-028a-4eb5-b268-b89ac225aff8:c1285, b6ff45f5-67b8-463b-a273-c2e7d9dadd75:c1280, 6a5cb75f-f7eb-4671-9a85-3b6f7898f6cc:c1281]
2019-08-28 21:29:29,209 | INFO  | DNAudit | user=null | ip=null | op=PUT_BLOCK {blockData=[blockId=conID: 2 locID: 102696731549368759 bcsId: 0,size=1048576]} | ret=SUCCESS |  
2019-08-28 21:29:29,210 [grpc-default-executor-3] INFO  client.GrpcClientProtocolClient (GrpcClientProtocolClient.java:onNext(255)) - client-05DA20D107F8->b461a7b0-028a-4eb5-b268-b89ac225aff8: receive RaftClientReply:client-05DA20D107F8->b461a7b0-028a-4eb5-b268-b89ac225aff8@group-0C8C0AA7542A, cid=961, SUCCESS, logIndex=0, commits[b461a7b0-028a-4eb5-b268-b89ac225aff8:c1286, b6ff45f5-67b8-463b-a273-c2e7d9dadd75:c1282, 6a5cb75f-f7eb-4671-9a85-3b6f7898f6cc:c1282]
2019-08-28 21:29:29,210 | INFO  | DNAudit | user=null | ip=null | op=WRITE_CHUNK {blockData=conID: 2 locID: 102696731549368759 bcsId: 0} | ret=SUCCESS |  
2019-08-28 21:29:29,210 | INFO  | DNAudit | user=null | ip=null | op=WRITE_CHUNK {blockData=conID: 2 locID: 102696731549368759 bcsId: 0} | ret=SUCCESS |  
2019-08-28 21:29:29,210 | INFO  | DNAudit | user=null | ip=null | op=PUT_BLOCK {blockData=[blockId=conID: 2 locID: 102696731549368759 bcsId: 0,size=2097152]} | ret=SUCCESS |  
2019-08-28 21:29:29,211 | INFO  | DNAudit | user=null | ip=null | op=PUT_BLOCK {blockData=[blockId=conID: 2 locID: 102696731549368759 bcsId: 0,size=2097152]} | ret=SUCCESS |  
2019-08-28 21:29:29,215 | INFO  | DNAudit | user=null | ip=null | op=WRITE_CHUNK {blockData=conID: 2 locID: 102696731549368759 bcsId: 1284} | ret=SUCCESS |  
2019-08-28 21:29:29,217 | INFO  | DNAudit | user=null | ip=null | op=WRITE_CHUNK {blockData=conID: 2 locID: 102696731549368759 bcsId: 1284} | ret=SUCCESS |  
2019-08-28 21:29:29,217 | INFO  | DNAudit | user=null | ip=null | op=WRITE_CHUNK {blockData=conID: 2 locID: 102696731549368759 bcsId: 1284} | ret=SUCCESS |  
2019-08-28 21:29:29,235 | INFO  | DNAudit | user=null | ip=null | op=WRITE_CHUNK {blockData=conID: 2 locID: 102696731549368759 bcsId: 1284} | ret=SUCCESS |  
2019-08-28 21:29:29,236 | INFO  | DNAudit | user=null | ip=null | op=PUT_BLOCK {blockData=[blockId=conID: 2 locID: 102696731549368759 bcsId: 0,size=3145728]} | ret=SUCCESS |  
2019-08-28 21:29:29,236 [grpc-default-executor-3] INFO  client.GrpcClientProtocolClient (GrpcClientProtocolClient.java:onNext(255)) - client-05DA20D107F8->b461a7b0-028a-4eb5-b268-b89ac225aff8: receive RaftClientReply:client-05DA20D107F8->b461a7b0-028a-4eb5-b268-b89ac225aff8@group-0C8C0AA7542A, cid=962, SUCCESS, logIndex=1289, commits[b461a7b0-028a-4eb5-b268-b89ac225aff8:c1290, b6ff45f5-67b8-463b-a273-c2e7d9dadd75:c1288, 6a5cb75f-f7eb-4671-9a85-3b6f7898f6cc:c1288]
2019-08-28 21:29:29,236 [grpc-default-executor-3] INFO  client.GrpcClientProtocolClient (GrpcClientProtocolClient.java:onNext(255)) - client-05DA20D107F8->b461a7b0-028a-4eb5-b268-b89ac225aff8: receive RaftClientReply:client-05DA20D107F8->b461a7b0-028a-4eb5-b268-b89ac225aff8@group-0C8C0AA7542A, cid=963, SUCCESS, logIndex=1290, commits[b461a7b0-028a-4eb5-b268-b89ac225aff8:c1290, b6ff45f5-67b8-463b-a273-c2e7d9dadd75:c1288, 6a5cb75f-f7eb-4671-9a85-3b6f7898f6cc:c1288]
2019-08-28 21:29:29,242 | INFO  | DNAudit | user=null | ip=null | op=WRITE_CHUNK {blockData=conID: 2 locID: 102696731549368759 bcsId: 1290} | ret=SUCCESS |  
2019-08-28 21:29:29,244 | INFO  | DNAudit | user=null | ip=null | op=WRITE_CHUNK {blockData=conID: 2 locID: 102696731549368759 bcsId: 1290} | ret=SUCCESS |  
2019-08-28 21:29:29,245 | INFO  | DNAudit | user=null | ip=null | op=WRITE_CHUNK {blockData=conID: 2 locID: 102696731549368759 bcsId: 1290} | ret=SUCCESS |  
2019-08-28 21:29:29,247 | INFO  | DNAudit | user=null | ip=null | op=WRITE_CHUNK {blockData=conID: 2 locID: 102696731549368759 bcsId: 1284} | ret=SUCCESS |  
2019-08-28 21:29:29,247 | INFO  | DNAudit | user=null | ip=null | op=WRITE_CHUNK {blockData=conID: 2 locID: 102696731549368759 bcsId: 1284} | ret=SUCCESS |  
2019-08-28 21:29:29,248 | INFO  | DNAudit | user=null | ip=null | op=PUT_BLOCK {blockData=[blockId=conID: 2 locID: 102696731549368759 bcsId: 0,size=3145728]} | ret=SUCCESS |  
2019-08-28 21:29:29,248 | INFO  | DNAudit | user=null | ip=null | op=WRITE_CHUNK {blockData=conID: 2 locID: 102696731549368759 bcsId: 1290} | ret=SUCCESS |  
2019-08-28 21:29:29,248 | INFO  | DNAudit | user=null | ip=null | op=PUT_BLOCK {blockData=[blockId=conID: 2 locID: 102696731549368759 bcsId: 0,size=3145728]} | ret=SUCCESS |  
2019-08-28 21:29:29,248 | INFO  | DNAudit | user=null | ip=null | op=PUT_BLOCK {blockData=[blockId=conID: 2 locID: 102696731549368759 bcsId: 0,size=4194304]} | ret=SUCCESS |  
2019-08-28 21:29:29,249 [grpc-default-executor-6] INFO  client.GrpcClientProtocolClient (GrpcClientProtocolClient.java:onNext(255)) - client-05DA20D107F8->b461a7b0-028a-4eb5-b268-b89ac225aff8: receive RaftClientReply:client-05DA20D107F8->b461a7b0-028a-4eb5-b268-b89ac225aff8@group-0C8C0AA7542A, cid=964, SUCCESS, logIndex=1293, commits[b461a7b0-028a-4eb5-b268-b89ac225aff8:c1294, b6ff45f5-67b8-463b-a273-c2e7d9dadd75:c1290, 6a5cb75f-f7eb-4671-9a85-3b6f7898f6cc:c1289]
2019-08-28 21:29:29,249 [grpc-default-executor-6] INFO  client.GrpcClientProtocolClient (GrpcClientProtocolClient.java:onNext(255)) - client-05DA20D107F8->b461a7b0-028a-4eb5-b268-b89ac225aff8: receive RaftClientReply:client-05DA20D107F8->b461a7b0-028a-4eb5-b268-b89ac225aff8@group-0C8C0AA7542A, cid=965, SUCCESS, logIndex=1294, commits[b461a7b0-028a-4eb5-b268-b89ac225aff8:c1294, b6ff45f5-67b8-463b-a273-c2e7d9dadd75:c1290, 6a5cb75f-f7eb-4671-9a85-3b6f7898f6cc:c1290]
2019-08-28 21:29:29,266 | INFO  | DNAudit | user=null | ip=null | op=WRITE_CHUNK {blockData=conID: 2 locID: 102696731549368759 bcsId: 1290} | ret=SUCCESS |  
2019-08-28 21:29:29,267 | INFO  | DNAudit | user=null | ip=null | op=WRITE_CHUNK {blockData=conID: 2 locID: 102696731549368759 bcsId: 1290} | ret=SUCCESS |  
2019-08-28 21:29:29,267 | INFO  | DNAudit | user=null | ip=null | op=PUT_BLOCK {blockData=[blockId=conID: 2 locID: 102696731549368759 bcsId: 0,size=4194304]} | ret=SUCCESS |  
2019-08-28 21:29:29,267 | INFO  | DNAudit | user=null | ip=null | op=PUT_BLOCK {blockData=[blockId=conID: 2 locID: 102696731549368759 bcsId: 0,size=4194304]} | ret=SUCCESS |  
2019-08-28 21:29:29,267 [grpc-default-executor-6] INFO  client.GrpcClientProtocolClient (GrpcClientProtocolClient.java:onNext(255)) - client-05DA20D107F8->b461a7b0-028a-4eb5-b268-b89ac225aff8: receive RaftClientReply:client-05DA20D107F8->b461a7b0-028a-4eb5-b268-b89ac225aff8@group-0C8C0AA7542A, cid=966, SUCCESS, logIndex=0, commits[b461a7b0-028a-4eb5-b268-b89ac225aff8:c1295, b6ff45f5-67b8-463b-a273-c2e7d9dadd75:c1294, 6a5cb75f-f7eb-4671-9a85-3b6f7898f6cc:c1294]
2019-08-28 21:29:29,274 | INFO  | DNAudit | user=null | ip=null | op=WRITE_CHUNK {blockData=conID: 3 locID: 102696731549434296 bcsId: 0} | ret=SUCCESS |  
2019-08-28 21:29:29,276 | INFO  | DNAudit | user=null | ip=null | op=WRITE_CHUNK {blockData=conID: 3 locID: 102696731549434296 bcsId: 0} | ret=SUCCESS |  
2019-08-28 21:29:29,276 | INFO  | DNAudit | user=null | ip=null | op=WRITE_CHUNK {blockData=conID: 3 locID: 102696731549434296 bcsId: 0} | ret=SUCCESS |  
2019-08-28 21:29:29,277 | INFO  | DNAudit | user=null | ip=null | op=WRITE_CHUNK {blockData=conID: 3 locID: 102696731549434296 bcsId: 0} | ret=SUCCESS |  
2019-08-28 21:29:29,278 | INFO  | DNAudit | user=null | ip=null | op=WRITE_CHUNK {blockData=conID: 3 locID: 102696731549434296 bcsId: 0} | ret=SUCCESS |  
2019-08-28 21:29:29,279 | INFO  | DNAudit | user=null | ip=null | op=WRITE_CHUNK {blockData=conID: 3 locID: 102696731549434296 bcsId: 0} | ret=SUCCESS |  
2019-08-28 21:29:29,296 | INFO  | DNAudit | user=null | ip=null | op=WRITE_CHUNK {blockData=conID: 3 locID: 102696731549434296 bcsId: 0} | ret=SUCCESS |  
2019-08-28 21:29:29,297 | INFO  | DNAudit | user=null | ip=null | op=PUT_BLOCK {blockData=[blockId=conID: 3 locID: 102696731549434296 bcsId: 0,size=1048576]} | ret=SUCCESS |  
2019-08-28 21:29:29,297 [grpc-default-executor-5] INFO  client.GrpcClientProtocolClient (GrpcClientProtocolClient.java:onNext(255)) - client-05DA20D107F8->b461a7b0-028a-4eb5-b268-b89ac225aff8: receive RaftClientReply:client-05DA20D107F8->b461a7b0-028a-4eb5-b268-b89ac225aff8@group-0C8C0AA7542A, cid=967, SUCCESS, logIndex=1297, commits[b461a7b0-028a-4eb5-b268-b89ac225aff8:c1298, b6ff45f5-67b8-463b-a273-c2e7d9dadd75:c1296, 6a5cb75f-f7eb-4671-9a85-3b6f7898f6cc:c1296]
2019-08-28 21:29:29,297 | INFO  | DNAudit | user=null | ip=null | op=WRITE_CHUNK {blockData=conID: 3 locID: 102696731549434296 bcsId: 0} | ret=SUCCESS |  
2019-08-28 21:29:29,298 | INFO  | DNAudit | user=null | ip=null | op=PUT_BLOCK {blockData=[blockId=conID: 3 locID: 102696731549434296 bcsId: 0,size=2097152]} | ret=SUCCESS |  
2019-08-28 21:29:29,298 [grpc-default-executor-6] INFO  client.GrpcClientProtocolClient (GrpcClientProtocolClient.java:onNext(255)) - client-05DA20D107F8->b461a7b0-028a-4eb5-b268-b89ac225aff8: receive RaftClientReply:client-05DA20D107F8->b461a7b0-028a-4eb5-b268-b89ac225aff8@group-0C8C0AA7542A, cid=968, SUCCESS, logIndex=1298, commits[b461a7b0-028a-4eb5-b268-b89ac225aff8:c1298, b6ff45f5-67b8-463b-a273-c2e7d9dadd75:c1296, 6a5cb75f-f7eb-4671-9a85-3b6f7898f6cc:c1296]
2019-08-28 21:29:29,298 [grpc-default-executor-6] INFO  client.GrpcClientProtocolClient (GrpcClientProtocolClient.java:onNext(255)) - client-05DA20D107F8->b461a7b0-028a-4eb5-b268-b89ac225aff8: receive RaftClientReply:client-05DA20D107F8->b461a7b0-028a-4eb5-b268-b89ac225aff8@group-0C8C0AA7542A, cid=969, SUCCESS, logIndex=1299, commits[b461a7b0-028a-4eb5-b268-b89ac225aff8:c1299, b6ff45f5-67b8-463b-a273-c2e7d9dadd75:c1296, 6a5cb75f-f7eb-4671-9a85-3b6f7898f6cc:c1296]
2019-08-28 21:29:29,298 [grpc-default-executor-6] INFO  client.GrpcClientProtocolClient (GrpcClientProtocolClient.java:onNext(255)) - client-05DA20D107F8->b461a7b0-028a-4eb5-b268-b89ac225aff8: receive RaftClientReply:client-05DA20D107F8->b461a7b0-028a-4eb5-b268-b89ac225aff8@group-0C8C0AA7542A, cid=970, SUCCESS, logIndex=1300, commits[b461a7b0-028a-4eb5-b268-b89ac225aff8:c1300, b6ff45f5-67b8-463b-a273-c2e7d9dadd75:c1296, 6a5cb75f-f7eb-4671-9a85-3b6f7898f6cc:c1296]
2019-08-28 21:29:29,312 | INFO  | DNAudit | user=null | ip=null | op=WRITE_CHUNK {blockData=conID: 3 locID: 102696731549434296 bcsId: 0} | ret=SUCCESS |  
2019-08-28 21:29:29,313 | INFO  | DNAudit | user=null | ip=null | op=PUT_BLOCK {blockData=[blockId=conID: 3 locID: 102696731549434296 bcsId: 0,size=1048576]} | ret=SUCCESS |  
2019-08-28 21:29:29,313 | INFO  | DNAudit | user=null | ip=null | op=WRITE_CHUNK {blockData=conID: 3 locID: 102696731549434296 bcsId: 0} | ret=SUCCESS |  
2019-08-28 21:29:29,313 | INFO  | DNAudit | user=null | ip=null | op=PUT_BLOCK {blockData=[blockId=conID: 3 locID: 102696731549434296 bcsId: 0,size=1048576]} | ret=SUCCESS |  
2019-08-28 21:29:29,314 [grpc-default-executor-6] INFO  client.GrpcClientProtocolClient (GrpcClientProtocolClient.java:onNext(255)) - client-05DA20D107F8->b461a7b0-028a-4eb5-b268-b89ac225aff8: receive RaftClientReply:client-05DA20D107F8->b461a7b0-028a-4eb5-b268-b89ac225aff8@group-0C8C0AA7542A, cid=971, SUCCESS, logIndex=0, commits[b461a7b0-028a-4eb5-b268-b89ac225aff8:c1302, b6ff45f5-67b8-463b-a273-c2e7d9dadd75:c1298, 6a5cb75f-f7eb-4671-9a85-3b6f7898f6cc:c1298]
2019-08-28 21:29:29,320 | INFO  | DNAudit | user=null | ip=null | op=WRITE_CHUNK {blockData=conID: 3 locID: 102696731549434296 bcsId: 1300} | ret=SUCCESS |  
2019-08-28 21:29:29,322 | INFO  | DNAudit | user=null | ip=null | op=WRITE_CHUNK {blockData=conID: 3 locID: 102696731549434296 bcsId: 1300} | ret=SUCCESS |  
2019-08-28 21:29:29,322 | INFO  | DNAudit | user=null | ip=null | op=WRITE_CHUNK {blockData=conID: 3 locID: 102696731549434296 bcsId: 1300} | ret=SUCCESS |  
2019-08-28 21:29:29,330 | INFO  | DNAudit | user=null | ip=null | op=WRITE_CHUNK {blockData=conID: 3 locID: 102696731549434296 bcsId: 0} | ret=SUCCESS |  
2019-08-28 21:29:29,330 | INFO  | DNAudit | user=null | ip=null | op=PUT_BLOCK {blockData=[blockId=conID: 3 locID: 102696731549434296 bcsId: 0,size=2097152]} | ret=SUCCESS |  
2019-08-28 21:29:29,331 | INFO  | DNAudit | user=null | ip=null | op=WRITE_CHUNK {blockData=conID: 3 locID: 102696731549434296 bcsId: 0} | ret=SUCCESS |  
2019-08-28 21:29:29,331 | INFO  | DNAudit | user=null | ip=null | op=PUT_BLOCK {blockData=[blockId=conID: 3 locID: 102696731549434296 bcsId: 0,size=2097152]} | ret=SUCCESS |  
2019-08-28 21:29:29,332 | INFO  | DNAudit | user=null | ip=null | op=WRITE_CHUNK {blockData=conID: 3 locID: 102696731549434296 bcsId: 1300} | ret=SUCCESS |  
2019-08-28 21:29:29,332 | INFO  | DNAudit | user=null | ip=null | op=PUT_BLOCK {blockData=[blockId=conID: 3 locID: 102696731549434296 bcsId: 0,size=3145728]} | ret=SUCCESS |  
2019-08-28 21:29:29,332 [grpc-default-executor-3] INFO  client.GrpcClientProtocolClient (GrpcClientProtocolClient.java:onNext(255)) - client-05DA20D107F8->b461a7b0-028a-4eb5-b268-b89ac225aff8: receive RaftClientReply:client-05DA20D107F8->b461a7b0-028a-4eb5-b268-b89ac225aff8@group-0C8C0AA7542A, cid=972, SUCCESS, logIndex=1305, commits[b461a7b0-028a-4eb5-b268-b89ac225aff8:c1306, b6ff45f5-67b8-463b-a273-c2e7d9dadd75:c1302, 6a5cb75f-f7eb-4671-9a85-3b6f7898f6cc:c1300]
2019-08-28 21:29:29,333 [grpc-default-executor-3] INFO  client.GrpcClientProtocolClient (GrpcClientProtocolClient.java:onNext(255)) - client-05DA20D107F8->b461a7b0-028a-4eb5-b268-b89ac225aff8: receive RaftClientReply:client-05DA20D107F8->b461a7b0-028a-4eb5-b268-b89ac225aff8@group-0C8C0AA7542A, cid=973, SUCCESS, logIndex=1306, commits[b461a7b0-028a-4eb5-b268-b89ac225aff8:c1306, b6ff45f5-67b8-463b-a273-c2e7d9dadd75:c1302, 6a5cb75f-f7eb-4671-9a85-3b6f7898f6cc:c1302]
2019-08-28 21:29:29,338 | INFO  | DNAudit | user=null | ip=null | op=WRITE_CHUNK {blockData=conID: 3 locID: 102696731549434296 bcsId: 1306} | ret=SUCCESS |  
2019-08-28 21:29:29,340 | INFO  | DNAudit | user=null | ip=null | op=WRITE_CHUNK {blockData=conID: 3 locID: 102696731549434296 bcsId: 1306} | ret=SUCCESS |  
2019-08-28 21:29:29,341 | INFO  | DNAudit | user=null | ip=null | op=WRITE_CHUNK {blockData=conID: 3 locID: 102696731549434296 bcsId: 1306} | ret=SUCCESS |  
2019-08-28 21:29:29,348 | INFO  | DNAudit | user=null | ip=null | op=WRITE_CHUNK {blockData=conID: 3 locID: 102696731549434296 bcsId: 1300} | ret=SUCCESS |  
2019-08-28 21:29:29,349 | INFO  | DNAudit | user=null | ip=null | op=WRITE_CHUNK {blockData=conID: 3 locID: 102696731549434296 bcsId: 1300} | ret=SUCCESS |  
2019-08-28 21:29:29,349 | INFO  | DNAudit | user=null | ip=null | op=PUT_BLOCK {blockData=[blockId=conID: 3 locID: 102696731549434296 bcsId: 0,size=3145728]} | ret=SUCCESS |  
2019-08-28 21:29:29,349 | INFO  | DNAudit | user=null | ip=null | op=PUT_BLOCK {blockData=[blockId=conID: 3 locID: 102696731549434296 bcsId: 0,size=3145728]} | ret=SUCCESS |  
2019-08-28 21:29:29,350 | INFO  | DNAudit | user=null | ip=null | op=WRITE_CHUNK {blockData=conID: 3 locID: 102696731549434296 bcsId: 1306} | ret=SUCCESS |  
2019-08-28 21:29:29,351 | INFO  | DNAudit | user=null | ip=null | op=PUT_BLOCK {blockData=[blockId=conID: 3 locID: 102696731549434296 bcsId: 0,size=4194304]} | ret=SUCCESS |  
2019-08-28 21:29:29,351 [grpc-default-executor-6] INFO  client.GrpcClientProtocolClient (GrpcClientProtocolClient.java:onNext(255)) - client-05DA20D107F8->b461a7b0-028a-4eb5-b268-b89ac225aff8: receive RaftClientReply:client-05DA20D107F8->b461a7b0-028a-4eb5-b268-b89ac225aff8@group-0C8C0AA7542A, cid=974, SUCCESS, logIndex=1309, commits[b461a7b0-028a-4eb5-b268-b89ac225aff8:c1309, b6ff45f5-67b8-463b-a273-c2e7d9dadd75:c1306, 6a5cb75f-f7eb-4671-9a85-3b6f7898f6cc:c1306]
2019-08-28 21:29:29,351 [grpc-default-executor-6] INFO  client.GrpcClientProtocolClient (GrpcClientProtocolClient.java:onNext(255)) - client-05DA20D107F8->b461a7b0-028a-4eb5-b268-b89ac225aff8: receive RaftClientReply:client-05DA20D107F8->b461a7b0-028a-4eb5-b268-b89ac225aff8@group-0C8C0AA7542A, cid=975, SUCCESS, logIndex=1310, commits[b461a7b0-028a-4eb5-b268-b89ac225aff8:c1310, b6ff45f5-67b8-463b-a273-c2e7d9dadd75:c1306, 6a5cb75f-f7eb-4671-9a85-3b6f7898f6cc:c1306]
2019-08-28 21:29:29,367 | INFO  | DNAudit | user=null | ip=null | op=WRITE_CHUNK {blockData=conID: 3 locID: 102696731549434296 bcsId: 1306} | ret=SUCCESS |  
2019-08-28 21:29:29,367 | INFO  | DNAudit | user=null | ip=null | op=WRITE_CHUNK {blockData=conID: 3 locID: 102696731549434296 bcsId: 1306} | ret=SUCCESS |  
2019-08-28 21:29:29,368 | INFO  | DNAudit | user=null | ip=null | op=PUT_BLOCK {blockData=[blockId=conID: 3 locID: 102696731549434296 bcsId: 0,size=4194304]} | ret=SUCCESS |  
2019-08-28 21:29:29,368 | INFO  | DNAudit | user=null | ip=null | op=PUT_BLOCK {blockData=[blockId=conID: 3 locID: 102696731549434296 bcsId: 0,size=4194304]} | ret=SUCCESS |  
2019-08-28 21:29:29,369 [grpc-default-executor-3] INFO  client.GrpcClientProtocolClient (GrpcClientProtocolClient.java:onNext(255)) - client-05DA20D107F8->b461a7b0-028a-4eb5-b268-b89ac225aff8: receive RaftClientReply:client-05DA20D107F8->b461a7b0-028a-4eb5-b268-b89ac225aff8@group-0C8C0AA7542A, cid=976, SUCCESS, logIndex=0, commits[b461a7b0-028a-4eb5-b268-b89ac225aff8:c1311, b6ff45f5-67b8-463b-a273-c2e7d9dadd75:c1310, 6a5cb75f-f7eb-4671-9a85-3b6f7898f6cc:c1310]
2019-08-28 21:29:29,375 | INFO  | DNAudit | user=null | ip=null | op=WRITE_CHUNK {blockData=conID: 1 locID: 102696731549434297 bcsId: 0} | ret=SUCCESS |  
2019-08-28 21:29:29,377 | INFO  | DNAudit | user=null | ip=null | op=WRITE_CHUNK {blockData=conID: 1 locID: 102696731549434297 bcsId: 0} | ret=SUCCESS |  
2019-08-28 21:29:29,378 | INFO  | DNAudit | user=null | ip=null | op=WRITE_CHUNK {blockData=conID: 1 locID: 102696731549434297 bcsId: 0} | ret=SUCCESS |  
2019-08-28 21:29:29,378 | INFO  | DNAudit | user=null | ip=null | op=WRITE_CHUNK {blockData=conID: 1 locID: 102696731549434297 bcsId: 0} | ret=SUCCESS |  
2019-08-28 21:29:29,379 | INFO  | DNAudit | user=null | ip=null | op=WRITE_CHUNK {blockData=conID: 1 locID: 102696731549434297 bcsId: 0} | ret=SUCCESS |  
2019-08-28 21:29:29,380 | INFO  | DNAudit | user=null | ip=null | op=WRITE_CHUNK {blockData=conID: 1 locID: 102696731549434297 bcsId: 0} | ret=SUCCESS |  
2019-08-28 21:29:29,385 | INFO  | SCMAudit | user=jenkins1000 | ip=192.168.36.107 | op=SEND_HEARTBEAT {datanodeUUID=68f89a68-6a96-4cde-8528-8617611d459d, command=[]} | ret=SUCCESS |  
2019-08-28 21:29:29,385 | INFO  | SCMAudit | user=jenkins1000 | ip=192.168.36.107 | op=SEND_HEARTBEAT {datanodeUUID=af4986ea-80d8-4c92-96d2-2b3929a4248a, command=[]} | ret=SUCCESS |  
2019-08-28 21:29:29,404 | INFO  | DNAudit | user=null | ip=null | op=WRITE_CHUNK {blockData=conID: 1 locID: 102696731549434297 bcsId: 0} | ret=SUCCESS |  
2019-08-28 21:29:29,408 | INFO  | DNAudit | user=null | ip=null | op=PUT_BLOCK {blockData=[blockId=conID: 1 locID: 102696731549434297 bcsId: 0,size=1048576]} | ret=SUCCESS |  
2019-08-28 21:29:29,408 [grpc-default-executor-6] INFO  client.GrpcClientProtocolClient (GrpcClientProtocolClient.java:onNext(255)) - client-05DA20D107F8->b461a7b0-028a-4eb5-b268-b89ac225aff8: receive RaftClientReply:client-05DA20D107F8->b461a7b0-028a-4eb5-b268-b89ac225aff8@group-0C8C0AA7542A, cid=977, SUCCESS, logIndex=1313, commits[b461a7b0-028a-4eb5-b268-b89ac225aff8:c1314, b6ff45f5-67b8-463b-a273-c2e7d9dadd75:c1312, 6a5cb75f-f7eb-4671-9a85-3b6f7898f6cc:c1312]
2019-08-28 21:29:29,409 | INFO  | DNAudit | user=null | ip=null | op=WRITE_CHUNK {blockData=conID: 1 locID: 102696731549434297 bcsId: 0} | ret=SUCCESS |  
2019-08-28 21:29:29,409 | INFO  | DNAudit | user=null | ip=null | op=PUT_BLOCK {blockData=[blockId=conID: 1 locID: 102696731549434297 bcsId: 0,size=2097152]} | ret=SUCCESS |  
2019-08-28 21:29:29,409 [grpc-default-executor-5] INFO  client.GrpcClientProtocolClient (GrpcClientProtocolClient.java:onNext(255)) - client-05DA20D107F8->b461a7b0-028a-4eb5-b268-b89ac225aff8: receive RaftClientReply:client-05DA20D107F8->b461a7b0-028a-4eb5-b268-b89ac225aff8@group-0C8C0AA7542A, cid=978, SUCCESS, logIndex=1314, commits[b461a7b0-028a-4eb5-b268-b89ac225aff8:c1314, b6ff45f5-67b8-463b-a273-c2e7d9dadd75:c1312, 6a5cb75f-f7eb-4671-9a85-3b6f7898f6cc:c1312]
2019-08-28 21:29:29,410 [grpc-default-executor-5] INFO  client.GrpcClientProtocolClient (GrpcClientProtocolClient.java:onNext(255)) - client-05DA20D107F8->b461a7b0-028a-4eb5-b268-b89ac225aff8: receive RaftClientReply:client-05DA20D107F8->b461a7b0-028a-4eb5-b268-b89ac225aff8@group-0C8C0AA7542A, cid=979, SUCCESS, logIndex=1315, commits[b461a7b0-028a-4eb5-b268-b89ac225aff8:c1316, b6ff45f5-67b8-463b-a273-c2e7d9dadd75:c1312, 6a5cb75f-f7eb-4671-9a85-3b6f7898f6cc:c1312]
2019-08-28 21:29:29,410 [grpc-default-executor-5] INFO  client.GrpcClientProtocolClient (GrpcClientProtocolClient.java:onNext(255)) - client-05DA20D107F8->b461a7b0-028a-4eb5-b268-b89ac225aff8: receive RaftClientReply:client-05DA20D107F8->b461a7b0-028a-4eb5-b268-b89ac225aff8@group-0C8C0AA7542A, cid=980, SUCCESS, logIndex=1316, commits[b461a7b0-028a-4eb5-b268-b89ac225aff8:c1316, b6ff45f5-67b8-463b-a273-c2e7d9dadd75:c1312, 6a5cb75f-f7eb-4671-9a85-3b6f7898f6cc:c1312]
2019-08-28 21:29:29,421 | INFO  | DNAudit | user=null | ip=null | op=WRITE_CHUNK {blockData=conID: 1 locID: 102696731549434297 bcsId: 0} | ret=SUCCESS |  
2019-08-28 21:29:29,421 | INFO  | DNAudit | user=null | ip=null | op=PUT_BLOCK {blockData=[blockId=conID: 1 locID: 102696731549434297 bcsId: 0,size=1048576]} | ret=SUCCESS |  
2019-08-28 21:29:29,421 | INFO  | DNAudit | user=null | ip=null | op=WRITE_CHUNK {blockData=conID: 1 locID: 102696731549434297 bcsId: 0} | ret=SUCCESS |  
2019-08-28 21:29:29,422 | INFO  | DNAudit | user=null | ip=null | op=PUT_BLOCK {blockData=[blockId=conID: 1 locID: 102696731549434297 bcsId: 0,size=1048576]} | ret=SUCCESS |  
2019-08-28 21:29:29,422 [grpc-default-executor-5] INFO  client.GrpcClientProtocolClient (GrpcClientProtocolClient.java:onNext(255)) - client-05DA20D107F8->b461a7b0-028a-4eb5-b268-b89ac225aff8: receive RaftClientReply:client-05DA20D107F8->b461a7b0-028a-4eb5-b268-b89ac225aff8@group-0C8C0AA7542A, cid=981, SUCCESS, logIndex=0, commits[b461a7b0-028a-4eb5-b268-b89ac225aff8:c1317, b6ff45f5-67b8-463b-a273-c2e7d9dadd75:c1314, 6a5cb75f-f7eb-4671-9a85-3b6f7898f6cc:c1314]
2019-08-28 21:29:29,422 | INFO  | DNAudit | user=null | ip=null | op=WRITE_CHUNK {blockData=conID: 1 locID: 102696731549434297 bcsId: 0} | ret=SUCCESS |  
2019-08-28 21:29:29,422 | INFO  | DNAudit | user=null | ip=null | op=PUT_BLOCK {blockData=[blockId=conID: 1 locID: 102696731549434297 bcsId: 0,size=2097152]} | ret=SUCCESS |  
2019-08-28 21:29:29,423 | INFO  | DNAudit | user=null | ip=null | op=WRITE_CHUNK {blockData=conID: 1 locID: 102696731549434297 bcsId: 0} | ret=SUCCESS |  
2019-08-28 21:29:29,424 | INFO  | DNAudit | user=null | ip=null | op=PUT_BLOCK {blockData=[blockId=conID: 1 locID: 102696731549434297 bcsId: 0,size=2097152]} | ret=SUCCESS |  
2019-08-28 21:29:29,430 | INFO  | DNAudit | user=null | ip=null | op=WRITE_CHUNK {blockData=conID: 1 locID: 102696731549434297 bcsId: 1316} | ret=SUCCESS |  
2019-08-28 21:29:29,431 | INFO  | DNAudit | user=null | ip=null | op=WRITE_CHUNK {blockData=conID: 1 locID: 102696731549434297 bcsId: 1316} | ret=SUCCESS |  
2019-08-28 21:29:29,433 | INFO  | DNAudit | user=null | ip=null | op=WRITE_CHUNK {blockData=conID: 1 locID: 102696731549434297 bcsId: 1316} | ret=SUCCESS |  
2019-08-28 21:29:29,448 | INFO  | DNAudit | user=null | ip=null | op=WRITE_CHUNK {blockData=conID: 1 locID: 102696731549434297 bcsId: 1316} | ret=SUCCESS |  
2019-08-28 21:29:29,448 | INFO  | DNAudit | user=null | ip=null | op=PUT_BLOCK {blockData=[blockId=conID: 1 locID: 102696731549434297 bcsId: 0,size=3145728]} | ret=SUCCESS |  
2019-08-28 21:29:29,449 [grpc-default-executor-3] INFO  client.GrpcClientProtocolClient (GrpcClientProtocolClient.java:onNext(255)) - client-05DA20D107F8->b461a7b0-028a-4eb5-b268-b89ac225aff8: receive RaftClientReply:client-05DA20D107F8->b461a7b0-028a-4eb5-b268-b89ac225aff8@group-0C8C0AA7542A, cid=982, SUCCESS, logIndex=1321, commits[b461a7b0-028a-4eb5-b268-b89ac225aff8:c1322, b6ff45f5-67b8-463b-a273-c2e7d9dadd75:c1320, 6a5cb75f-f7eb-4671-9a85-3b6f7898f6cc:c1320]
2019-08-28 21:29:29,449 [grpc-default-executor-3] INFO  client.GrpcClientProtocolClient (GrpcClientProtocolClient.java:onNext(255)) - client-05DA20D107F8->b461a7b0-028a-4eb5-b268-b89ac225aff8: receive RaftClientReply:client-05DA20D107F8->b461a7b0-028a-4eb5-b268-b89ac225aff8@group-0C8C0AA7542A, cid=983, SUCCESS, logIndex=1322, commits[b461a7b0-028a-4eb5-b268-b89ac225aff8:c1322, b6ff45f5-67b8-463b-a273-c2e7d9dadd75:c1320, 6a5cb75f-f7eb-4671-9a85-3b6f7898f6cc:c1320]
2019-08-28 21:29:29,458 | INFO  | DNAudit | user=null | ip=null | op=WRITE_CHUNK {blockData=conID: 1 locID: 102696731549434297 bcsId: 1322} | ret=SUCCESS |  
2019-08-28 21:29:29,461 | INFO  | DNAudit | user=null | ip=null | op=WRITE_CHUNK {blockData=conID: 1 locID: 102696731549434297 bcsId: 1322} | ret=SUCCESS |  
2019-08-28 21:29:29,461 | INFO  | DNAudit | user=null | ip=null | op=WRITE_CHUNK {blockData=conID: 1 locID: 102696731549434297 bcsId: 1322} | ret=SUCCESS |  
2019-08-28 21:29:29,469 | INFO  | DNAudit | user=null | ip=null | op=WRITE_CHUNK {blockData=conID: 1 locID: 102696731549434297 bcsId: 1316} | ret=SUCCESS |  
2019-08-28 21:29:29,469 | INFO  | DNAudit | user=null | ip=null | op=WRITE_CHUNK {blockData=conID: 1 locID: 102696731549434297 bcsId: 1316} | ret=SUCCESS |  
2019-08-28 21:29:29,470 | INFO  | DNAudit | user=null | ip=null | op=PUT_BLOCK {blockData=[blockId=conID: 1 locID: 102696731549434297 bcsId: 0,size=3145728]} | ret=SUCCESS |  
2019-08-28 21:29:29,471 | INFO  | DNAudit | user=null | ip=null | op=WRITE_CHUNK {blockData=conID: 1 locID: 102696731549434297 bcsId: 1322} | ret=SUCCESS |  
2019-08-28 21:29:29,471 | INFO  | DNAudit | user=null | ip=null | op=PUT_BLOCK {blockData=[blockId=conID: 1 locID: 102696731549434297 bcsId: 0,size=3145728]} | ret=SUCCESS |  
2019-08-28 21:29:29,471 | INFO  | DNAudit | user=null | ip=null | op=PUT_BLOCK {blockData=[blockId=conID: 1 locID: 102696731549434297 bcsId: 0,size=4194304]} | ret=SUCCESS |  
2019-08-28 21:29:29,471 [grpc-default-executor-5] INFO  client.GrpcClientProtocolClient (GrpcClientProtocolClient.java:onNext(255)) - client-05DA20D107F8->b461a7b0-028a-4eb5-b268-b89ac225aff8: receive RaftClientReply:client-05DA20D107F8->b461a7b0-028a-4eb5-b268-b89ac225aff8@group-0C8C0AA7542A, cid=984, SUCCESS, logIndex=1325, commits[b461a7b0-028a-4eb5-b268-b89ac225aff8:c1326, b6ff45f5-67b8-463b-a273-c2e7d9dadd75:c1322, 6a5cb75f-f7eb-4671-9a85-3b6f7898f6cc:c1321]
2019-08-28 21:29:29,472 [grpc-default-executor-5] INFO  client.GrpcClientProtocolClient (GrpcClientProtocolClient.java:onNext(255)) - client-05DA20D107F8->b461a7b0-028a-4eb5-b268-b89ac225aff8: receive RaftClientReply:client-05DA20D107F8->b461a7b0-028a-4eb5-b268-b89ac225aff8@group-0C8C0AA7542A, cid=985, SUCCESS, logIndex=1326, commits[b461a7b0-028a-4eb5-b268-b89ac225aff8:c1326, b6ff45f5-67b8-463b-a273-c2e7d9dadd75:c1322, 6a5cb75f-f7eb-4671-9a85-3b6f7898f6cc:c1322]
2019-08-28 21:29:29,491 | INFO  | DNAudit | user=null | ip=null | op=WRITE_CHUNK {blockData=conID: 1 locID: 102696731549434297 bcsId: 1322} | ret=SUCCESS |  
2019-08-28 21:29:29,491 | INFO  | DNAudit | user=null | ip=null | op=WRITE_CHUNK {blockData=conID: 1 locID: 102696731549434297 bcsId: 1322} | ret=SUCCESS |  
2019-08-28 21:29:29,491 | INFO  | DNAudit | user=null | ip=null | op=PUT_BLOCK {blockData=[blockId=conID: 1 locID: 102696731549434297 bcsId: 0,size=4194304]} | ret=SUCCESS |  
2019-08-28 21:29:29,492 | INFO  | DNAudit | user=null | ip=null | op=PUT_BLOCK {blockData=[blockId=conID: 1 locID: 102696731549434297 bcsId: 0,size=4194304]} | ret=SUCCESS |  
2019-08-28 21:29:29,492 [grpc-default-executor-5] INFO  client.GrpcClientProtocolClient (GrpcClientProtocolClient.java:onNext(255)) - client-05DA20D107F8->b461a7b0-028a-4eb5-b268-b89ac225aff8: receive RaftClientReply:client-05DA20D107F8->b461a7b0-028a-4eb5-b268-b89ac225aff8@group-0C8C0AA7542A, cid=986, SUCCESS, logIndex=0, commits[b461a7b0-028a-4eb5-b268-b89ac225aff8:c1327, b6ff45f5-67b8-463b-a273-c2e7d9dadd75:c1326, 6a5cb75f-f7eb-4671-9a85-3b6f7898f6cc:c1326]
2019-08-28 21:29:29,499 | INFO  | DNAudit | user=null | ip=null | op=WRITE_CHUNK {blockData=conID: 2 locID: 102696731549434298 bcsId: 0} | ret=SUCCESS |  
2019-08-28 21:29:29,502 | INFO  | DNAudit | user=null | ip=null | op=WRITE_CHUNK {blockData=conID: 2 locID: 102696731549434298 bcsId: 0} | ret=SUCCESS |  
2019-08-28 21:29:29,503 | INFO  | DNAudit | user=null | ip=null | op=WRITE_CHUNK {blockData=conID: 2 locID: 102696731549434298 bcsId: 0} | ret=SUCCESS |  
2019-08-28 21:29:29,503 | INFO  | DNAudit | user=null | ip=null | op=WRITE_CHUNK {blockData=conID: 2 locID: 102696731549434298 bcsId: 0} | ret=SUCCESS |  
2019-08-28 21:29:29,504 | INFO  | DNAudit | user=null | ip=null | op=WRITE_CHUNK {blockData=conID: 2 locID: 102696731549434298 bcsId: 0} | ret=SUCCESS |  
2019-08-28 21:29:29,504 | INFO  | DNAudit | user=null | ip=null | op=WRITE_CHUNK {blockData=conID: 2 locID: 102696731549434298 bcsId: 0} | ret=SUCCESS |  
2019-08-28 21:29:29,513 | INFO  | DNAudit | user=null | ip=null | op=WRITE_CHUNK {blockData=conID: 2 locID: 102696731549434298 bcsId: 0} | ret=SUCCESS |  
2019-08-28 21:29:29,514 | INFO  | DNAudit | user=null | ip=null | op=PUT_BLOCK {blockData=[blockId=conID: 2 locID: 102696731549434298 bcsId: 0,size=1048576]} | ret=SUCCESS |  
2019-08-28 21:29:29,514 [grpc-default-executor-3] INFO  client.GrpcClientProtocolClient (GrpcClientProtocolClient.java:onNext(255)) - client-05DA20D107F8->b461a7b0-028a-4eb5-b268-b89ac225aff8: receive RaftClientReply:client-05DA20D107F8->b461a7b0-028a-4eb5-b268-b89ac225aff8@group-0C8C0AA7542A, cid=987, SUCCESS, logIndex=1329, commits[b461a7b0-028a-4eb5-b268-b89ac225aff8:c1330, b6ff45f5-67b8-463b-a273-c2e7d9dadd75:c1328, 6a5cb75f-f7eb-4671-9a85-3b6f7898f6cc:c1328]
2019-08-28 21:29:29,514 | INFO  | DNAudit | user=null | ip=null | op=WRITE_CHUNK {blockData=conID: 2 locID: 102696731549434298 bcsId: 0} | ret=SUCCESS |  
2019-08-28 21:29:29,515 | INFO  | DNAudit | user=null | ip=null | op=PUT_BLOCK {blockData=[blockId=conID: 2 locID: 102696731549434298 bcsId: 0,size=2097152]} | ret=SUCCESS |  
2019-08-28 21:29:29,515 | INFO  | DNAudit | user=null | ip=null | op=WRITE_CHUNK {blockData=conID: 2 locID: 102696731549434298 bcsId: 0} | ret=SUCCESS |  
2019-08-28 21:29:29,515 [grpc-default-executor-6] INFO  client.GrpcClientProtocolClient (GrpcClientProtocolClient.java:onNext(255)) - client-05DA20D107F8->b461a7b0-028a-4eb5-b268-b89ac225aff8: receive RaftClientReply:client-05DA20D107F8->b461a7b0-028a-4eb5-b268-b89ac225aff8@group-0C8C0AA7542A, cid=988, SUCCESS, logIndex=1330, commits[b461a7b0-028a-4eb5-b268-b89ac225aff8:c1332, b6ff45f5-67b8-463b-a273-c2e7d9dadd75:c1328, 6a5cb75f-f7eb-4671-9a85-3b6f7898f6cc:c1328]
2019-08-28 21:29:29,515 | INFO  | DNAudit | user=null | ip=null | op=PUT_BLOCK {blockData=[blockId=conID: 2 locID: 102696731549434298 bcsId: 0,size=1048576]} | ret=SUCCESS |  
2019-08-28 21:29:29,515 [grpc-default-executor-3] INFO  client.GrpcClientProtocolClient (GrpcClientProtocolClient.java:onNext(255)) - client-05DA20D107F8->b461a7b0-028a-4eb5-b268-b89ac225aff8: receive RaftClientReply:client-05DA20D107F8->b461a7b0-028a-4eb5-b268-b89ac225aff8@group-0C8C0AA7542A, cid=989, SUCCESS, logIndex=1331, commits[b461a7b0-028a-4eb5-b268-b89ac225aff8:c1332, b6ff45f5-67b8-463b-a273-c2e7d9dadd75:c1328, 6a5cb75f-f7eb-4671-9a85-3b6f7898f6cc:c1328]
2019-08-28 21:29:29,515 | INFO  | DNAudit | user=null | ip=null | op=WRITE_CHUNK {blockData=conID: 2 locID: 102696731549434298 bcsId: 0} | ret=SUCCESS |  
2019-08-28 21:29:29,516 [grpc-default-executor-3] INFO  client.GrpcClientProtocolClient (GrpcClientProtocolClient.java:onNext(255)) - client-05DA20D107F8->b461a7b0-028a-4eb5-b268-b89ac225aff8: receive RaftClientReply:client-05DA20D107F8->b461a7b0-028a-4eb5-b268-b89ac225aff8@group-0C8C0AA7542A, cid=990, SUCCESS, logIndex=1332, commits[b461a7b0-028a-4eb5-b268-b89ac225aff8:c1333, b6ff45f5-67b8-463b-a273-c2e7d9dadd75:c1329, 6a5cb75f-f7eb-4671-9a85-3b6f7898f6cc:c1328]
2019-08-28 21:29:29,537 | INFO  | DNAudit | user=null | ip=null | op=WRITE_CHUNK {blockData=conID: 2 locID: 102696731549434298 bcsId: 0} | ret=SUCCESS |  
2019-08-28 21:29:29,537 | INFO  | DNAudit | user=null | ip=null | op=PUT_BLOCK {blockData=[blockId=conID: 2 locID: 102696731549434298 bcsId: 0,size=2097152]} | ret=SUCCESS |  
2019-08-28 21:29:29,537 | INFO  | DNAudit | user=null | ip=null | op=PUT_BLOCK {blockData=[blockId=conID: 2 locID: 102696731549434298 bcsId: 0,size=1048576]} | ret=SUCCESS |  
2019-08-28 21:29:29,537 | INFO  | DNAudit | user=null | ip=null | op=WRITE_CHUNK {blockData=conID: 2 locID: 102696731549434298 bcsId: 0} | ret=SUCCESS |  
2019-08-28 21:29:29,538 | INFO  | DNAudit | user=null | ip=null | op=PUT_BLOCK {blockData=[blockId=conID: 2 locID: 102696731549434298 bcsId: 0,size=2097152]} | ret=SUCCESS |  
2019-08-28 21:29:29,538 [grpc-default-executor-3] INFO  client.GrpcClientProtocolClient (GrpcClientProtocolClient.java:onNext(255)) - client-05DA20D107F8->b461a7b0-028a-4eb5-b268-b89ac225aff8: receive RaftClientReply:client-05DA20D107F8->b461a7b0-028a-4eb5-b268-b89ac225aff8@group-0C8C0AA7542A, cid=991, SUCCESS, logIndex=0, commits[b461a7b0-028a-4eb5-b268-b89ac225aff8:c1336, b6ff45f5-67b8-463b-a273-c2e7d9dadd75:c1332, 6a5cb75f-f7eb-4671-9a85-3b6f7898f6cc:c1330]
2019-08-28 21:29:29,546 | INFO  | DNAudit | user=null | ip=null | op=WRITE_CHUNK {blockData=conID: 2 locID: 102696731549434298 bcsId: 1332} | ret=SUCCESS |  
2019-08-28 21:29:29,549 | INFO  | DNAudit | user=null | ip=null | op=WRITE_CHUNK {blockData=conID: 2 locID: 102696731549434298 bcsId: 1332} | ret=SUCCESS |  
2019-08-28 21:29:29,550 | INFO  | DNAudit | user=null | ip=null | op=WRITE_CHUNK {blockData=conID: 2 locID: 102696731549434298 bcsId: 1332} | ret=SUCCESS |  
2019-08-28 21:29:29,561 | INFO  | DNAudit | user=null | ip=null | op=WRITE_CHUNK {blockData=conID: 2 locID: 102696731549434298 bcsId: 1332} | ret=SUCCESS |  
2019-08-28 21:29:29,561 | INFO  | DNAudit | user=null | ip=null | op=PUT_BLOCK {blockData=[blockId=conID: 2 locID: 102696731549434298 bcsId: 0,size=3145728]} | ret=SUCCESS |  
2019-08-28 21:29:29,562 [grpc-default-executor-3] INFO  client.GrpcClientProtocolClient (GrpcClientProtocolClient.java:onNext(255)) - client-05DA20D107F8->b461a7b0-028a-4eb5-b268-b89ac225aff8: receive RaftClientReply:client-05DA20D107F8->b461a7b0-028a-4eb5-b268-b89ac225aff8@group-0C8C0AA7542A, cid=992, SUCCESS, logIndex=1337, commits[b461a7b0-028a-4eb5-b268-b89ac225aff8:c1338, b6ff45f5-67b8-463b-a273-c2e7d9dadd75:c1336, 6a5cb75f-f7eb-4671-9a85-3b6f7898f6cc:c1336]
2019-08-28 21:29:29,562 [grpc-default-executor-3] INFO  client.GrpcClientProtocolClient (GrpcClientProtocolClient.java:onNext(255)) - client-05DA20D107F8->b461a7b0-028a-4eb5-b268-b89ac225aff8: receive RaftClientReply:client-05DA20D107F8->b461a7b0-028a-4eb5-b268-b89ac225aff8@group-0C8C0AA7542A, cid=993, SUCCESS, logIndex=1338, commits[b461a7b0-028a-4eb5-b268-b89ac225aff8:c1338, b6ff45f5-67b8-463b-a273-c2e7d9dadd75:c1336, 6a5cb75f-f7eb-4671-9a85-3b6f7898f6cc:c1336]
2019-08-28 21:29:29,571 | INFO  | DNAudit | user=null | ip=null | op=WRITE_CHUNK {blockData=conID: 2 locID: 102696731549434298 bcsId: 1338} | ret=SUCCESS |  
2019-08-28 21:29:29,785 | INFO  | DNAudit | user=null | ip=null | op=WRITE_CHUNK {blockData=conID: 2 locID: 102696731549434298 bcsId: 1332} | ret=SUCCESS |  
2019-08-28 21:29:29,785 | INFO  | DNAudit | user=null | ip=null | op=WRITE_CHUNK {blockData=conID: 2 locID: 102696731549434298 bcsId: 1332} | ret=SUCCESS |  
2019-08-28 21:29:29,787 | INFO  | DNAudit | user=null | ip=null | op=WRITE_CHUNK {blockData=conID: 2 locID: 102696731549434298 bcsId: 1338} | ret=SUCCESS |  
2019-08-28 21:29:29,788 | INFO  | DNAudit | user=null | ip=null | op=WRITE_CHUNK {blockData=conID: 2 locID: 102696731549434298 bcsId: 1338} | ret=SUCCESS |  
2019-08-28 21:29:29,799 | INFO  | DNAudit | user=null | ip=null | op=PUT_BLOCK {blockData=[blockId=conID: 2 locID: 102696731549434298 bcsId: 0,size=3145728]} | ret=SUCCESS |  
2019-08-28 21:29:29,799 | INFO  | DNAudit | user=null | ip=null | op=PUT_BLOCK {blockData=[blockId=conID: 2 locID: 102696731549434298 bcsId: 0,size=3145728]} | ret=SUCCESS |  
2019-08-28 21:29:29,817 | INFO  | DNAudit | user=null | ip=null | op=WRITE_CHUNK {blockData=conID: 2 locID: 102696731549434298 bcsId: 1338} | ret=SUCCESS |  
2019-08-28 21:29:29,818 | INFO  | DNAudit | user=null | ip=null | op=PUT_BLOCK {blockData=[blockId=conID: 2 locID: 102696731549434298 bcsId: 0,size=4194304]} | ret=SUCCESS |  
2019-08-28 21:29:29,818 [grpc-default-executor-6] INFO  client.GrpcClientProtocolClient (GrpcClientProtocolClient.java:onNext(255)) - client-05DA20D107F8->b461a7b0-028a-4eb5-b268-b89ac225aff8: receive RaftClientReply:client-05DA20D107F8->b461a7b0-028a-4eb5-b268-b89ac225aff8@group-0C8C0AA7542A, cid=994, SUCCESS, logIndex=1341, commits[b461a7b0-028a-4eb5-b268-b89ac225aff8:c1342, b6ff45f5-67b8-463b-a273-c2e7d9dadd75:c1338, 6a5cb75f-f7eb-4671-9a85-3b6f7898f6cc:c1338]
2019-08-28 21:29:29,819 [grpc-default-executor-6] INFO  client.GrpcClientProtocolClient (GrpcClientProtocolClient.java:onNext(255)) - client-05DA20D107F8->b461a7b0-028a-4eb5-b268-b89ac225aff8: receive RaftClientReply:client-05DA20D107F8->b461a7b0-028a-4eb5-b268-b89ac225aff8@group-0C8C0AA7542A, cid=995, SUCCESS, logIndex=1342, commits[b461a7b0-028a-4eb5-b268-b89ac225aff8:c1342, b6ff45f5-67b8-463b-a273-c2e7d9dadd75:c1338, 6a5cb75f-f7eb-4671-9a85-3b6f7898f6cc:c1338]
2019-08-28 21:29:29,836 | INFO  | DNAudit | user=null | ip=null | op=WRITE_CHUNK {blockData=conID: 2 locID: 102696731549434298 bcsId: 1338} | ret=SUCCESS |  
2019-08-28 21:29:29,836 | INFO  | DNAudit | user=null | ip=null | op=WRITE_CHUNK {blockData=conID: 2 locID: 102696731549434298 bcsId: 1338} | ret=SUCCESS |  
2019-08-28 21:29:29,837 | INFO  | DNAudit | user=null | ip=null | op=PUT_BLOCK {blockData=[blockId=conID: 2 locID: 102696731549434298 bcsId: 0,size=4194304]} | ret=SUCCESS |  
2019-08-28 21:29:29,851 | INFO  | DNAudit | user=null | ip=null | op=PUT_BLOCK {blockData=[blockId=conID: 2 locID: 102696731549434298 bcsId: 0,size=4194304]} | ret=SUCCESS |  
2019-08-28 21:29:29,852 [grpc-default-executor-5] INFO  client.GrpcClientProtocolClient (GrpcClientProtocolClient.java:onNext(255)) - client-05DA20D107F8->b461a7b0-028a-4eb5-b268-b89ac225aff8: receive RaftClientReply:client-05DA20D107F8->b461a7b0-028a-4eb5-b268-b89ac225aff8@group-0C8C0AA7542A, cid=996, SUCCESS, logIndex=0, commits[b461a7b0-028a-4eb5-b268-b89ac225aff8:c1343, b6ff45f5-67b8-463b-a273-c2e7d9dadd75:c1342, 6a5cb75f-f7eb-4671-9a85-3b6f7898f6cc:c1342]
2019-08-28 21:29:29,862 | INFO  | DNAudit | user=null | ip=null | op=WRITE_CHUNK {blockData=conID: 3 locID: 102696731549434299 bcsId: 0} | ret=SUCCESS |  
2019-08-28 21:29:29,865 | INFO  | DNAudit | user=null | ip=null | op=WRITE_CHUNK {blockData=conID: 3 locID: 102696731549434299 bcsId: 0} | ret=SUCCESS |  
2019-08-28 21:29:29,866 | INFO  | DNAudit | user=null | ip=null | op=WRITE_CHUNK {blockData=conID: 3 locID: 102696731549434299 bcsId: 0} | ret=SUCCESS |  
2019-08-28 21:29:29,866 | INFO  | DNAudit | user=null | ip=null | op=WRITE_CHUNK {blockData=conID: 3 locID: 102696731549434299 bcsId: 0} | ret=SUCCESS |  
2019-08-28 21:29:29,868 | INFO  | DNAudit | user=null | ip=null | op=WRITE_CHUNK {blockData=conID: 3 locID: 102696731549434299 bcsId: 0} | ret=SUCCESS |  
2019-08-28 21:29:29,868 | INFO  | DNAudit | user=null | ip=null | op=WRITE_CHUNK {blockData=conID: 3 locID: 102696731549434299 bcsId: 0} | ret=SUCCESS |  
2019-08-28 21:29:29,924 | INFO  | DNAudit | user=null | ip=null | op=WRITE_CHUNK {blockData=conID: 3 locID: 102696731549434299 bcsId: 0} | ret=SUCCESS |  
2019-08-28 21:29:29,925 | INFO  | DNAudit | user=null | ip=null | op=PUT_BLOCK {blockData=[blockId=conID: 3 locID: 102696731549434299 bcsId: 0,size=1048576]} | ret=SUCCESS |  
2019-08-28 21:29:29,925 [grpc-default-executor-6] INFO  client.GrpcClientProtocolClient (GrpcClientProtocolClient.java:onNext(255)) - client-05DA20D107F8->b461a7b0-028a-4eb5-b268-b89ac225aff8: receive RaftClientReply:client-05DA20D107F8->b461a7b0-028a-4eb5-b268-b89ac225aff8@group-0C8C0AA7542A, cid=997, SUCCESS, logIndex=1345, commits[b461a7b0-028a-4eb5-b268-b89ac225aff8:c1346, b6ff45f5-67b8-463b-a273-c2e7d9dadd75:c1344, 6a5cb75f-f7eb-4671-9a85-3b6f7898f6cc:c1344]
2019-08-28 21:29:29,925 | INFO  | DNAudit | user=null | ip=null | op=WRITE_CHUNK {blockData=conID: 3 locID: 102696731549434299 bcsId: 0} | ret=SUCCESS |  
2019-08-28 21:29:29,926 | INFO  | DNAudit | user=null | ip=null | op=PUT_BLOCK {blockData=[blockId=conID: 3 locID: 102696731549434299 bcsId: 0,size=2097152]} | ret=SUCCESS |  
2019-08-28 21:29:29,926 [grpc-default-executor-6] INFO  client.GrpcClientProtocolClient (GrpcClientProtocolClient.java:onNext(255)) - client-05DA20D107F8->b461a7b0-028a-4eb5-b268-b89ac225aff8: receive RaftClientReply:client-05DA20D107F8->b461a7b0-028a-4eb5-b268-b89ac225aff8@group-0C8C0AA7542A, cid=998, SUCCESS, logIndex=1346, commits[b461a7b0-028a-4eb5-b268-b89ac225aff8:c1348, b6ff45f5-67b8-463b-a273-c2e7d9dadd75:c1344, 6a5cb75f-f7eb-4671-9a85-3b6f7898f6cc:c1344]
2019-08-28 21:29:29,926 [grpc-default-executor-6] INFO  client.GrpcClientProtocolClient (GrpcClientProtocolClient.java:onNext(255)) - client-05DA20D107F8->b461a7b0-028a-4eb5-b268-b89ac225aff8: receive RaftClientReply:client-05DA20D107F8->b461a7b0-028a-4eb5-b268-b89ac225aff8@group-0C8C0AA7542A, cid=999, SUCCESS, logIndex=1347, commits[b461a7b0-028a-4eb5-b268-b89ac225aff8:c1348, b6ff45f5-67b8-463b-a273-c2e7d9dadd75:c1344, 6a5cb75f-f7eb-4671-9a85-3b6f7898f6cc:c1344]
2019-08-28 21:29:29,927 [grpc-default-executor-6] INFO  client.GrpcClientProtocolClient (GrpcClientProtocolClient.java:onNext(255)) - client-05DA20D107F8->b461a7b0-028a-4eb5-b268-b89ac225aff8: receive RaftClientReply:client-05DA20D107F8->b461a7b0-028a-4eb5-b268-b89ac225aff8@group-0C8C0AA7542A, cid=1000, SUCCESS, logIndex=1348, commits[b461a7b0-028a-4eb5-b268-b89ac225aff8:c1348, b6ff45f5-67b8-463b-a273-c2e7d9dadd75:c1344, 6a5cb75f-f7eb-4671-9a85-3b6f7898f6cc:c1344]
2019-08-28 21:29:29,978 | INFO  | DNAudit | user=null | ip=null | op=WRITE_CHUNK {blockData=conID: 3 locID: 102696731549434299 bcsId: 0} | ret=SUCCESS |  
2019-08-28 21:29:29,978 | INFO  | DNAudit | user=null | ip=null | op=WRITE_CHUNK {blockData=conID: 3 locID: 102696731549434299 bcsId: 0} | ret=SUCCESS |  
2019-08-28 21:29:29,981 | INFO  | DNAudit | user=null | ip=null | op=PUT_BLOCK {blockData=[blockId=conID: 3 locID: 102696731549434299 bcsId: 0,size=1048576]} | ret=SUCCESS |  
2019-08-28 21:29:29,981 | INFO  | DNAudit | user=null | ip=null | op=PUT_BLOCK {blockData=[blockId=conID: 3 locID: 102696731549434299 bcsId: 0,size=1048576]} | ret=SUCCESS |  
2019-08-28 21:29:29,981 | INFO  | DNAudit | user=null | ip=null | op=WRITE_CHUNK {blockData=conID: 3 locID: 102696731549434299 bcsId: 0} | ret=SUCCESS |  
2019-08-28 21:29:29,981 | INFO  | DNAudit | user=null | ip=null | op=WRITE_CHUNK {blockData=conID: 3 locID: 102696731549434299 bcsId: 0} | ret=SUCCESS |  
2019-08-28 21:29:29,982 | INFO  | DNAudit | user=null | ip=null | op=PUT_BLOCK {blockData=[blockId=conID: 3 locID: 102696731549434299 bcsId: 0,size=2097152]} | ret=SUCCESS |  
2019-08-28 21:29:29,982 | INFO  | DNAudit | user=null | ip=null | op=PUT_BLOCK {blockData=[blockId=conID: 3 locID: 102696731549434299 bcsId: 0,size=2097152]} | ret=SUCCESS |  
2019-08-28 21:29:29,982 [grpc-default-executor-3] INFO  client.GrpcClientProtocolClient (GrpcClientProtocolClient.java:onNext(255)) - client-05DA20D107F8->b461a7b0-028a-4eb5-b268-b89ac225aff8: receive RaftClientReply:client-05DA20D107F8->b461a7b0-028a-4eb5-b268-b89ac225aff8@group-0C8C0AA7542A, cid=1001, SUCCESS, logIndex=0, commits[b461a7b0-028a-4eb5-b268-b89ac225aff8:c1351, b6ff45f5-67b8-463b-a273-c2e7d9dadd75:c1348, 6a5cb75f-f7eb-4671-9a85-3b6f7898f6cc:c1346]
2019-08-28 21:29:29,992 | INFO  | DNAudit | user=null | ip=null | op=WRITE_CHUNK {blockData=conID: 3 locID: 102696731549434299 bcsId: 1348} | ret=SUCCESS |  
2019-08-28 21:29:29,996 | INFO  | DNAudit | user=null | ip=null | op=WRITE_CHUNK {blockData=conID: 3 locID: 102696731549434299 bcsId: 1348} | ret=SUCCESS |  
2019-08-28 21:29:29,996 | INFO  | DNAudit | user=null | ip=null | op=WRITE_CHUNK {blockData=conID: 3 locID: 102696731549434299 bcsId: 1348} | ret=SUCCESS |  
2019-08-28 21:29:30,013 | INFO  | DNAudit | user=null | ip=null | op=WRITE_CHUNK {blockData=conID: 3 locID: 102696731549434299 bcsId: 1348} | ret=SUCCESS |  
2019-08-28 21:29:30,014 | INFO  | DNAudit | user=null | ip=null | op=PUT_BLOCK {blockData=[blockId=conID: 3 locID: 102696731549434299 bcsId: 0,size=3145728]} | ret=SUCCESS |  
2019-08-28 21:29:30,014 [grpc-default-executor-3] INFO  client.GrpcClientProtocolClient (GrpcClientProtocolClient.java:onNext(255)) - client-05DA20D107F8->b461a7b0-028a-4eb5-b268-b89ac225aff8: receive RaftClientReply:client-05DA20D107F8->b461a7b0-028a-4eb5-b268-b89ac225aff8@group-0C8C0AA7542A, cid=1002, SUCCESS, logIndex=1352, commits[b461a7b0-028a-4eb5-b268-b89ac225aff8:c1353, b6ff45f5-67b8-463b-a273-c2e7d9dadd75:c1351, 6a5cb75f-f7eb-4671-9a85-3b6f7898f6cc:c1351]
2019-08-28 21:29:30,015 [grpc-default-executor-3] INFO  client.GrpcClientProtocolClient (GrpcClientProtocolClient.java:onNext(255)) - client-05DA20D107F8->b461a7b0-028a-4eb5-b268-b89ac225aff8: receive RaftClientReply:client-05DA20D107F8->b461a7b0-028a-4eb5-b268-b89ac225aff8@group-0C8C0AA7542A, cid=1003, SUCCESS, logIndex=1353, commits[b461a7b0-028a-4eb5-b268-b89ac225aff8:c1353, b6ff45f5-67b8-463b-a273-c2e7d9dadd75:c1351, 6a5cb75f-f7eb-4671-9a85-3b6f7898f6cc:c1351]
2019-08-28 21:29:30,023 | INFO  | DNAudit | user=null | ip=null | op=WRITE_CHUNK {blockData=conID: 3 locID: 102696731549434299 bcsId: 1353} | ret=SUCCESS |  
2019-08-28 21:29:30,027 | INFO  | DNAudit | user=null | ip=null | op=WRITE_CHUNK {blockData=conID: 3 locID: 102696731549434299 bcsId: 1353} | ret=SUCCESS |  
2019-08-28 21:29:30,027 | INFO  | DNAudit | user=null | ip=null | op=WRITE_CHUNK {blockData=conID: 3 locID: 102696731549434299 bcsId: 1353} | ret=SUCCESS |  
2019-08-28 21:29:30,028 | INFO  | SCMAudit | user=jenkins1000 | ip=192.168.36.107 | op=SEND_HEARTBEAT {datanodeUUID=6a5cb75f-f7eb-4671-9a85-3b6f7898f6cc, command=[]} | ret=SUCCESS |  
2019-08-28 21:29:30,028 | INFO  | SCMAudit | user=jenkins1000 | ip=192.168.36.107 | op=SEND_HEARTBEAT {datanodeUUID=b6ff45f5-67b8-463b-a273-c2e7d9dadd75, command=[]} | ret=SUCCESS |  
2019-08-28 21:29:30,028 | INFO  | SCMAudit | user=jenkins1000 | ip=192.168.36.107 | op=SEND_HEARTBEAT {datanodeUUID=b461a7b0-028a-4eb5-b268-b89ac225aff8, command=[]} | ret=SUCCESS |  
2019-08-28 21:29:30,035 | INFO  | DNAudit | user=null | ip=null | op=WRITE_CHUNK {blockData=conID: 3 locID: 102696731549434299 bcsId: 1348} | ret=SUCCESS |  
2019-08-28 21:29:30,036 | INFO  | DNAudit | user=null | ip=null | op=WRITE_CHUNK {blockData=conID: 3 locID: 102696731549434299 bcsId: 1348} | ret=SUCCESS |  
2019-08-28 21:29:30,037 | INFO  | DNAudit | user=null | ip=null | op=PUT_BLOCK {blockData=[blockId=conID: 3 locID: 102696731549434299 bcsId: 0,size=3145728]} | ret=SUCCESS |  
2019-08-28 21:29:30,037 | INFO  | DNAudit | user=null | ip=null | op=PUT_BLOCK {blockData=[blockId=conID: 3 locID: 102696731549434299 bcsId: 0,size=3145728]} | ret=SUCCESS |  
2019-08-28 21:29:30,038 | INFO  | DNAudit | user=null | ip=null | op=WRITE_CHUNK {blockData=conID: 3 locID: 102696731549434299 bcsId: 1353} | ret=SUCCESS |  
2019-08-28 21:29:30,038 | INFO  | DNAudit | user=null | ip=null | op=PUT_BLOCK {blockData=[blockId=conID: 3 locID: 102696731549434299 bcsId: 0,size=4194304]} | ret=SUCCESS |  
2019-08-28 21:29:30,039 [grpc-default-executor-6] INFO  client.GrpcClientProtocolClient (GrpcClientProtocolClient.java:onNext(255)) - client-05DA20D107F8->b461a7b0-028a-4eb5-b268-b89ac225aff8: receive RaftClientReply:client-05DA20D107F8->b461a7b0-028a-4eb5-b268-b89ac225aff8@group-0C8C0AA7542A, cid=1004, SUCCESS, logIndex=1356, commits[b461a7b0-028a-4eb5-b268-b89ac225aff8:c1357, b6ff45f5-67b8-463b-a273-c2e7d9dadd75:c1353, 6a5cb75f-f7eb-4671-9a85-3b6f7898f6cc:c1353]
2019-08-28 21:29:30,039 [grpc-default-executor-6] INFO  client.GrpcClientProtocolClient (GrpcClientProtocolClient.java:onNext(255)) - client-05DA20D107F8->b461a7b0-028a-4eb5-b268-b89ac225aff8: receive RaftClientReply:client-05DA20D107F8->b461a7b0-028a-4eb5-b268-b89ac225aff8@group-0C8C0AA7542A, cid=1005, SUCCESS, logIndex=1357, commits[b461a7b0-028a-4eb5-b268-b89ac225aff8:c1357, b6ff45f5-67b8-463b-a273-c2e7d9dadd75:c1353, 6a5cb75f-f7eb-4671-9a85-3b6f7898f6cc:c1353]
2019-08-28 21:29:30,055 | INFO  | DNAudit | user=null | ip=null | op=WRITE_CHUNK {blockData=conID: 3 locID: 102696731549434299 bcsId: 1353} | ret=SUCCESS |  
2019-08-28 21:29:30,055 | INFO  | DNAudit | user=null | ip=null | op=WRITE_CHUNK {blockData=conID: 3 locID: 102696731549434299 bcsId: 1353} | ret=SUCCESS |  
2019-08-28 21:29:30,055 | INFO  | DNAudit | user=null | ip=null | op=PUT_BLOCK {blockData=[blockId=conID: 3 locID: 102696731549434299 bcsId: 0,size=4194304]} | ret=SUCCESS |  
2019-08-28 21:29:30,056 | INFO  | DNAudit | user=null | ip=null | op=PUT_BLOCK {blockData=[blockId=conID: 3 locID: 102696731549434299 bcsId: 0,size=4194304]} | ret=SUCCESS |  
2019-08-28 21:29:30,057 [grpc-default-executor-6] INFO  client.GrpcClientProtocolClient (GrpcClientProtocolClient.java:onNext(255)) - client-05DA20D107F8->b461a7b0-028a-4eb5-b268-b89ac225aff8: receive RaftClientReply:client-05DA20D107F8->b461a7b0-028a-4eb5-b268-b89ac225aff8@group-0C8C0AA7542A, cid=1006, SUCCESS, logIndex=0, commits[b461a7b0-028a-4eb5-b268-b89ac225aff8:c1358, b6ff45f5-67b8-463b-a273-c2e7d9dadd75:c1357, 6a5cb75f-f7eb-4671-9a85-3b6f7898f6cc:c1357]
2019-08-28 21:29:30,064 | INFO  | DNAudit | user=null | ip=null | op=WRITE_CHUNK {blockData=conID: 1 locID: 102696731549434300 bcsId: 0} | ret=SUCCESS |  
2019-08-28 21:29:30,067 | INFO  | DNAudit | user=null | ip=null | op=WRITE_CHUNK {blockData=conID: 1 locID: 102696731549434300 bcsId: 0} | ret=SUCCESS |  
2019-08-28 21:29:30,068 | INFO  | DNAudit | user=null | ip=null | op=WRITE_CHUNK {blockData=conID: 1 locID: 102696731549434300 bcsId: 0} | ret=SUCCESS |  
2019-08-28 21:29:30,068 | INFO  | DNAudit | user=null | ip=null | op=WRITE_CHUNK {blockData=conID: 1 locID: 102696731549434300 bcsId: 0} | ret=SUCCESS |  
2019-08-28 21:29:30,071 | INFO  | DNAudit | user=null | ip=null | op=WRITE_CHUNK {blockData=conID: 1 locID: 102696731549434300 bcsId: 0} | ret=SUCCESS |  
2019-08-28 21:29:30,071 | INFO  | DNAudit | user=null | ip=null | op=WRITE_CHUNK {blockData=conID: 1 locID: 102696731549434300 bcsId: 0} | ret=SUCCESS |  
2019-08-28 21:29:30,093 | INFO  | DNAudit | user=null | ip=null | op=WRITE_CHUNK {blockData=conID: 1 locID: 102696731549434300 bcsId: 0} | ret=SUCCESS |  
2019-08-28 21:29:30,093 | INFO  | DNAudit | user=null | ip=null | op=PUT_BLOCK {blockData=[blockId=conID: 1 locID: 102696731549434300 bcsId: 0,size=1048576]} | ret=SUCCESS |  
 0.00% |█                                                                                                    |  0/1 Time: 0:00:062019-08-28 21:29:30,094 [grpc-default-executor-5] INFO  client.GrpcClientProtocolClient (GrpcClientProtocolClient.java:onNext(255)) - client-05DA20D107F8->b461a7b0-028a-4eb5-b268-b89ac225aff8: receive RaftClientReply:client-05DA20D107F8->b461a7b0-028a-4eb5-b268-b89ac225aff8@group-0C8C0AA7542A, cid=1007, SUCCESS, logIndex=1360, commits[b461a7b0-028a-4eb5-b268-b89ac225aff8:c1361, b6ff45f5-67b8-463b-a273-c2e7d9dadd75:c1359, 6a5cb75f-f7eb-4671-9a85-3b6f7898f6cc:c1359]
2019-08-28 21:29:30,095 [grpc-default-executor-5] INFO  client.GrpcClientProtocolClient (GrpcClientProtocolClient.java:onNext(255)) - client-05DA20D107F8->b461a7b0-028a-4eb5-b268-b89ac225aff8: receive RaftClientReply:client-05DA20D107F8->b461a7b0-028a-4eb5-b268-b89ac225aff8@group-0C8C0AA7542A, cid=1008, SUCCESS, logIndex=1361, commits[b461a7b0-028a-4eb5-b268-b89ac225aff8:c1361, b6ff45f5-67b8-463b-a273-c2e7d9dadd75:c1359, 6a5cb75f-f7eb-4671-9a85-3b6f7898f6cc:c1359]
2019-08-28 21:29:30,111 | INFO  | DNAudit | user=null | ip=null | op=WRITE_CHUNK {blockData=conID: 1 locID: 102696731549434300 bcsId: 0} | ret=SUCCESS |  
2019-08-28 21:29:30,112 | INFO  | DNAudit | user=null | ip=null | op=PUT_BLOCK {blockData=[blockId=conID: 1 locID: 102696731549434300 bcsId: 0,size=2097152]} | ret=SUCCESS |  
2019-08-28 21:29:30,112 [grpc-default-executor-3] INFO  client.GrpcClientProtocolClient (GrpcClientProtocolClient.java:onNext(255)) - client-05DA20D107F8->b461a7b0-028a-4eb5-b268-b89ac225aff8: receive RaftClientReply:client-05DA20D107F8->b461a7b0-028a-4eb5-b268-b89ac225aff8@group-0C8C0AA7542A, cid=1009, SUCCESS, logIndex=1362, commits[b461a7b0-028a-4eb5-b268-b89ac225aff8:c1363, b6ff45f5-67b8-463b-a273-c2e7d9dadd75:c1359, 6a5cb75f-f7eb-4671-9a85-3b6f7898f6cc:c1359]
2019-08-28 21:29:30,113 [grpc-default-executor-3] INFO  client.GrpcClientProtocolClient (GrpcClientProtocolClient.java:onNext(255)) - client-05DA20D107F8->b461a7b0-028a-4eb5-b268-b89ac225aff8: receive RaftClientReply:client-05DA20D107F8->b461a7b0-028a-4eb5-b268-b89ac225aff8@group-0C8C0AA7542A, cid=1010, SUCCESS, logIndex=1363, commits[b461a7b0-028a-4eb5-b268-b89ac225aff8:c1363, b6ff45f5-67b8-463b-a273-c2e7d9dadd75:c1359, 6a5cb75f-f7eb-4671-9a85-3b6f7898f6cc:c1359]
2019-08-28 21:29:30,131 | INFO  | DNAudit | user=null | ip=null | op=WRITE_CHUNK {blockData=conID: 1 locID: 102696731549434300 bcsId: 0} | ret=SUCCESS |  
2019-08-28 21:29:30,132 | INFO  | DNAudit | user=null | ip=null | op=PUT_BLOCK {blockData=[blockId=conID: 1 locID: 102696731549434300 bcsId: 0,size=1048576]} | ret=SUCCESS |  
2019-08-28 21:29:30,132 | INFO  | DNAudit | user=null | ip=null | op=WRITE_CHUNK {blockData=conID: 1 locID: 102696731549434300 bcsId: 0} | ret=SUCCESS |  
2019-08-28 21:29:30,132 | INFO  | DNAudit | user=null | ip=null | op=PUT_BLOCK {blockData=[blockId=conID: 1 locID: 102696731549434300 bcsId: 0,size=1048576]} | ret=SUCCESS |  
2019-08-28 21:29:30,133 [grpc-default-executor-3] INFO  client.GrpcClientProtocolClient (GrpcClientProtocolClient.java:onNext(255)) - client-05DA20D107F8->b461a7b0-028a-4eb5-b268-b89ac225aff8: receive RaftClientReply:client-05DA20D107F8->b461a7b0-028a-4eb5-b268-b89ac225aff8@group-0C8C0AA7542A, cid=1011, SUCCESS, logIndex=0, commits[b461a7b0-028a-4eb5-b268-b89ac225aff8:c1365, b6ff45f5-67b8-463b-a273-c2e7d9dadd75:c1361, 6a5cb75f-f7eb-4671-9a85-3b6f7898f6cc:c1361]
2019-08-28 21:29:30,141 | INFO  | DNAudit | user=null | ip=null | op=WRITE_CHUNK {blockData=conID: 1 locID: 102696731549434300 bcsId: 1363} | ret=SUCCESS |  
2019-08-28 21:29:30,143 | INFO  | DNAudit | user=null | ip=null | op=WRITE_CHUNK {blockData=conID: 1 locID: 102696731549434300 bcsId: 1363} | ret=SUCCESS |  
2019-08-28 21:29:30,143 | INFO  | DNAudit | user=null | ip=null | op=WRITE_CHUNK {blockData=conID: 1 locID: 102696731549434300 bcsId: 1363} | ret=SUCCESS |  
2019-08-28 21:29:30,150 | INFO  | DNAudit | user=null | ip=null | op=WRITE_CHUNK {blockData=conID: 1 locID: 102696731549434300 bcsId: 0} | ret=SUCCESS |  
2019-08-28 21:29:30,150 | INFO  | DNAudit | user=null | ip=null | op=PUT_BLOCK {blockData=[blockId=conID: 1 locID: 102696731549434300 bcsId: 0,size=2097152]} | ret=SUCCESS |  
2019-08-28 21:29:30,150 | INFO  | DNAudit | user=null | ip=null | op=WRITE_CHUNK {blockData=conID: 1 locID: 102696731549434300 bcsId: 0} | ret=SUCCESS |  
2019-08-28 21:29:30,151 | INFO  | DNAudit | user=null | ip=null | op=PUT_BLOCK {blockData=[blockId=conID: 1 locID: 102696731549434300 bcsId: 0,size=2097152]} | ret=SUCCESS |  
2019-08-28 21:29:30,169 | INFO  | DNAudit | user=null | ip=null | op=WRITE_CHUNK {blockData=conID: 1 locID: 102696731549434300 bcsId: 1363} | ret=SUCCESS |  
2019-08-28 21:29:30,169 | INFO  | DNAudit | user=null | ip=null | op=PUT_BLOCK {blockData=[blockId=conID: 1 locID: 102696731549434300 bcsId: 0,size=3145728]} | ret=SUCCESS |  
2019-08-28 21:29:30,169 [grpc-default-executor-3] INFO  client.GrpcClientProtocolClient (GrpcClientProtocolClient.java:onNext(255)) - client-05DA20D107F8->b461a7b0-028a-4eb5-b268-b89ac225aff8: receive RaftClientReply:client-05DA20D107F8->b461a7b0-028a-4eb5-b268-b89ac225aff8@group-0C8C0AA7542A, cid=1012, SUCCESS, logIndex=1368, commits[b461a7b0-028a-4eb5-b268-b89ac225aff8:c1369, b6ff45f5-67b8-463b-a273-c2e7d9dadd75:c1365, 6a5cb75f-f7eb-4671-9a85-3b6f7898f6cc:c1365]
2019-08-28 21:29:30,170 [grpc-default-executor-3] INFO  client.GrpcClientProtocolClient (GrpcClientProtocolClient.java:onNext(255)) - client-05DA20D107F8->b461a7b0-028a-4eb5-b268-b89ac225aff8: receive RaftClientReply:client-05DA20D107F8->b461a7b0-028a-4eb5-b268-b89ac225aff8@group-0C8C0AA7542A, cid=1013, SUCCESS, logIndex=1369, commits[b461a7b0-028a-4eb5-b268-b89ac225aff8:c1369, b6ff45f5-67b8-463b-a273-c2e7d9dadd75:c1365, 6a5cb75f-f7eb-4671-9a85-3b6f7898f6cc:c1365]
2019-08-28 21:29:30,178 | INFO  | DNAudit | user=null | ip=null | op=WRITE_CHUNK {blockData=conID: 1 locID: 102696731549434300 bcsId: 1369} | ret=SUCCESS |  
2019-08-28 21:29:30,181 | INFO  | DNAudit | user=null | ip=null | op=WRITE_CHUNK {blockData=conID: 1 locID: 102696731549434300 bcsId: 1369} | ret=SUCCESS |  
2019-08-28 21:29:30,181 | INFO  | DNAudit | user=null | ip=null | op=WRITE_CHUNK {blockData=conID: 1 locID: 102696731549434300 bcsId: 1369} | ret=SUCCESS |  
2019-08-28 21:29:30,192 | INFO  | DNAudit | user=null | ip=null | op=WRITE_CHUNK {blockData=conID: 1 locID: 102696731549434300 bcsId: 1363} | ret=SUCCESS |  
2019-08-28 21:29:30,192 | INFO  | DNAudit | user=null | ip=null | op=WRITE_CHUNK {blockData=conID: 1 locID: 102696731549434300 bcsId: 1363} | ret=SUCCESS |  
2019-08-28 21:29:30,224 | INFO  | DNAudit | user=null | ip=null | op=PUT_BLOCK {blockData=[blockId=conID: 1 locID: 102696731549434300 bcsId: 0,size=3145728]} | ret=SUCCESS |  
2019-08-28 21:29:30,224 | INFO  | DNAudit | user=null | ip=null | op=PUT_BLOCK {blockData=[blockId=conID: 1 locID: 102696731549434300 bcsId: 0,size=3145728]} | ret=SUCCESS |  
2019-08-28 21:29:30,225 | INFO  | DNAudit | user=null | ip=null | op=WRITE_CHUNK {blockData=conID: 1 locID: 102696731549434300 bcsId: 1369} | ret=SUCCESS |  
2019-08-28 21:29:30,225 | INFO  | DNAudit | user=null | ip=null | op=PUT_BLOCK {blockData=[blockId=conID: 1 locID: 102696731549434300 bcsId: 0,size=4194304]} | ret=SUCCESS |  
2019-08-28 21:29:30,226 [grpc-default-executor-3] INFO  client.GrpcClientProtocolClient (GrpcClientProtocolClient.java:onNext(255)) - client-05DA20D107F8->b461a7b0-028a-4eb5-b268-b89ac225aff8: receive RaftClientReply:client-05DA20D107F8->b461a7b0-028a-4eb5-b268-b89ac225aff8@group-0C8C0AA7542A, cid=1014, SUCCESS, logIndex=1372, commits[b461a7b0-028a-4eb5-b268-b89ac225aff8:c1372, b6ff45f5-67b8-463b-a273-c2e7d9dadd75:c1369, 6a5cb75f-f7eb-4671-9a85-3b6f7898f6cc:c1369]
2019-08-28 21:29:30,226 [grpc-default-executor-3] INFO  client.GrpcClientProtocolClient (GrpcClientProtocolClient.java:onNext(255)) - client-05DA20D107F8->b461a7b0-028a-4eb5-b268-b89ac225aff8: receive RaftClientReply:client-05DA20D107F8->b461a7b0-028a-4eb5-b268-b89ac225aff8@group-0C8C0AA7542A, cid=1015, SUCCESS, logIndex=1373, commits[b461a7b0-028a-4eb5-b268-b89ac225aff8:c1373, b6ff45f5-67b8-463b-a273-c2e7d9dadd75:c1369, 6a5cb75f-f7eb-4671-9a85-3b6f7898f6cc:c1369]
2019-08-28 21:29:30,238 | INFO  | DNAudit | user=null | ip=null | op=WRITE_CHUNK {blockData=conID: 1 locID: 102696731549434300 bcsId: 1369} | ret=SUCCESS |  
2019-08-28 21:29:30,238 | INFO  | DNAudit | user=null | ip=null | op=WRITE_CHUNK {blockData=conID: 1 locID: 102696731549434300 bcsId: 1369} | ret=SUCCESS |  
2019-08-28 21:29:30,240 | INFO  | DNAudit | user=null | ip=null | op=PUT_BLOCK {blockData=[blockId=conID: 1 locID: 102696731549434300 bcsId: 0,size=4194304]} | ret=SUCCESS |  
2019-08-28 21:29:30,240 | INFO  | DNAudit | user=null | ip=null | op=PUT_BLOCK {blockData=[blockId=conID: 1 locID: 102696731549434300 bcsId: 0,size=4194304]} | ret=SUCCESS |  
2019-08-28 21:29:30,241 [grpc-default-executor-3] INFO  client.GrpcClientProtocolClient (GrpcClientProtocolClient.java:onNext(255)) - client-05DA20D107F8->b461a7b0-028a-4eb5-b268-b89ac225aff8: receive RaftClientReply:client-05DA20D107F8->b461a7b0-028a-4eb5-b268-b89ac225aff8@group-0C8C0AA7542A, cid=1016, SUCCESS, logIndex=0, commits[b461a7b0-028a-4eb5-b268-b89ac225aff8:c1375, b6ff45f5-67b8-463b-a273-c2e7d9dadd75:c1373, 6a5cb75f-f7eb-4671-9a85-3b6f7898f6cc:c1373]
2019-08-28 21:29:30,250 | INFO  | DNAudit | user=null | ip=null | op=WRITE_CHUNK {blockData=conID: 2 locID: 102696731549434301 bcsId: 0} | ret=SUCCESS |  
2019-08-28 21:29:30,254 | INFO  | DNAudit | user=null | ip=null | op=WRITE_CHUNK {blockData=conID: 2 locID: 102696731549434301 bcsId: 0} | ret=SUCCESS |  
2019-08-28 21:29:30,254 | INFO  | DNAudit | user=null | ip=null | op=WRITE_CHUNK {blockData=conID: 2 locID: 102696731549434301 bcsId: 0} | ret=SUCCESS |  
2019-08-28 21:29:30,254 | INFO  | DNAudit | user=null | ip=null | op=WRITE_CHUNK {blockData=conID: 2 locID: 102696731549434301 bcsId: 0} | ret=SUCCESS |  
2019-08-28 21:29:30,257 | INFO  | DNAudit | user=null | ip=null | op=WRITE_CHUNK {blockData=conID: 2 locID: 102696731549434301 bcsId: 0} | ret=SUCCESS |  
2019-08-28 21:29:30,257 | INFO  | DNAudit | user=null | ip=null | op=WRITE_CHUNK {blockData=conID: 2 locID: 102696731549434301 bcsId: 0} | ret=SUCCESS |  
2019-08-28 21:29:30,283 | INFO  | DNAudit | user=null | ip=null | op=WRITE_CHUNK {blockData=conID: 2 locID: 102696731549434301 bcsId: 0} | ret=SUCCESS |  
2019-08-28 21:29:30,283 | INFO  | DNAudit | user=null | ip=null | op=PUT_BLOCK {blockData=[blockId=conID: 2 locID: 102696731549434301 bcsId: 0,size=1048576]} | ret=SUCCESS |  
2019-08-28 21:29:30,284 [grpc-default-executor-5] INFO  client.GrpcClientProtocolClient (GrpcClientProtocolClient.java:onNext(255)) - client-05DA20D107F8->b461a7b0-028a-4eb5-b268-b89ac225aff8: receive RaftClientReply:client-05DA20D107F8->b461a7b0-028a-4eb5-b268-b89ac225aff8@group-0C8C0AA7542A, cid=1017, SUCCESS, logIndex=1376, commits[b461a7b0-028a-4eb5-b268-b89ac225aff8:c1377, b6ff45f5-67b8-463b-a273-c2e7d9dadd75:c1375, 6a5cb75f-f7eb-4671-9a85-3b6f7898f6cc:c1375]
2019-08-28 21:29:30,285 [grpc-default-executor-5] INFO  client.GrpcClientProtocolClient (GrpcClientProtocolClient.java:onNext(255)) - client-05DA20D107F8->b461a7b0-028a-4eb5-b268-b89ac225aff8: receive RaftClientReply:client-05DA20D107F8->b461a7b0-028a-4eb5-b268-b89ac225aff8@group-0C8C0AA7542A, cid=1018, SUCCESS, logIndex=1377, commits[b461a7b0-028a-4eb5-b268-b89ac225aff8:c1377, b6ff45f5-67b8-463b-a273-c2e7d9dadd75:c1375, 6a5cb75f-f7eb-4671-9a85-3b6f7898f6cc:c1375]
2019-08-28 21:29:30,299 | INFO  | DNAudit | user=null | ip=null | op=WRITE_CHUNK {blockData=conID: 2 locID: 102696731549434301 bcsId: 0} | ret=SUCCESS |  
2019-08-28 21:29:30,299 | INFO  | DNAudit | user=null | ip=null | op=PUT_BLOCK {blockData=[blockId=conID: 2 locID: 102696731549434301 bcsId: 0,size=2097152]} | ret=SUCCESS |  
2019-08-28 21:29:30,300 [grpc-default-executor-5] INFO  client.GrpcClientProtocolClient (GrpcClientProtocolClient.java:onNext(255)) - client-05DA20D107F8->b461a7b0-028a-4eb5-b268-b89ac225aff8: receive RaftClientReply:client-05DA20D107F8->b461a7b0-028a-4eb5-b268-b89ac225aff8@group-0C8C0AA7542A, cid=1019, SUCCESS, logIndex=1378, commits[b461a7b0-028a-4eb5-b268-b89ac225aff8:c1379, b6ff45f5-67b8-463b-a273-c2e7d9dadd75:c1375, 6a5cb75f-f7eb-4671-9a85-3b6f7898f6cc:c1375]
2019-08-28 21:29:30,301 [grpc-default-executor-5] INFO  client.GrpcClientProtocolClient (GrpcClientProtocolClient.java:onNext(255)) - client-05DA20D107F8->b461a7b0-028a-4eb5-b268-b89ac225aff8: receive RaftClientReply:client-05DA20D107F8->b461a7b0-028a-4eb5-b268-b89ac225aff8@group-0C8C0AA7542A, cid=1020, SUCCESS, logIndex=1379, commits[b461a7b0-028a-4eb5-b268-b89ac225aff8:c1379, b6ff45f5-67b8-463b-a273-c2e7d9dadd75:c1375, 6a5cb75f-f7eb-4671-9a85-3b6f7898f6cc:c1375]
2019-08-28 21:29:30,386 | INFO  | SCMAudit | user=jenkins1000 | ip=192.168.36.107 | op=SEND_HEARTBEAT {datanodeUUID=af4986ea-80d8-4c92-96d2-2b3929a4248a, command=[]} | ret=SUCCESS |  
2019-08-28 21:29:30,386 | INFO  | SCMAudit | user=jenkins1000 | ip=192.168.36.107 | op=SEND_HEARTBEAT {datanodeUUID=68f89a68-6a96-4cde-8528-8617611d459d, command=[]} | ret=SUCCESS |  
2019-08-28 21:29:30,431 | INFO  | DNAudit | user=null | ip=null | op=WRITE_CHUNK {blockData=conID: 2 locID: 102696731549434301 bcsId: 0} | ret=SUCCESS |  
2019-08-28 21:29:30,431 | INFO  | DNAudit | user=null | ip=null | op=WRITE_CHUNK {blockData=conID: 2 locID: 102696731549434301 bcsId: 0} | ret=SUCCESS |  
2019-08-28 21:29:30,431 | INFO  | DNAudit | user=null | ip=null | op=PUT_BLOCK {blockData=[blockId=conID: 2 locID: 102696731549434301 bcsId: 0,size=1048576]} | ret=SUCCESS |  
2019-08-28 21:29:30,431 | INFO  | DNAudit | user=null | ip=null | op=PUT_BLOCK {blockData=[blockId=conID: 2 locID: 102696731549434301 bcsId: 0,size=1048576]} | ret=SUCCESS |  
2019-08-28 21:29:30,433 [grpc-default-executor-5] INFO  client.GrpcClientProtocolClient (GrpcClientProtocolClient.java:onNext(255)) - client-05DA20D107F8->b461a7b0-028a-4eb5-b268-b89ac225aff8: receive RaftClientReply:client-05DA20D107F8->b461a7b0-028a-4eb5-b268-b89ac225aff8@group-0C8C0AA7542A, cid=1021, SUCCESS, logIndex=0, commits[b461a7b0-028a-4eb5-b268-b89ac225aff8:c1381, b6ff45f5-67b8-463b-a273-c2e7d9dadd75:c1377, 6a5cb75f-f7eb-4671-9a85-3b6f7898f6cc:c1377]
2019-08-28 21:29:30,441 | INFO  | DNAudit | user=null | ip=null | op=WRITE_CHUNK {blockData=conID: 2 locID: 102696731549434301 bcsId: 1379} | ret=SUCCESS |  
2019-08-28 21:29:30,444 | INFO  | DNAudit | user=null | ip=null | op=WRITE_CHUNK {blockData=conID: 2 locID: 102696731549434301 bcsId: 1379} | ret=SUCCESS |  
2019-08-28 21:29:30,444 | INFO  | DNAudit | user=null | ip=null | op=WRITE_CHUNK {blockData=conID: 2 locID: 102696731549434301 bcsId: 1379} | ret=SUCCESS |  
2019-08-28 21:29:30,463 | INFO  | DNAudit | user=null | ip=null | op=WRITE_CHUNK {blockData=conID: 2 locID: 102696731549434301 bcsId: 0} | ret=SUCCESS |  
2019-08-28 21:29:30,463 | INFO  | DNAudit | user=null | ip=null | op=WRITE_CHUNK {blockData=conID: 2 locID: 102696731549434301 bcsId: 0} | ret=SUCCESS |  
2019-08-28 21:29:30,464 | INFO  | DNAudit | user=null | ip=null | op=PUT_BLOCK {blockData=[blockId=conID: 2 locID: 102696731549434301 bcsId: 0,size=2097152]} | ret=SUCCESS |  
2019-08-28 21:29:30,464 | INFO  | DNAudit | user=null | ip=null | op=PUT_BLOCK {blockData=[blockId=conID: 2 locID: 102696731549434301 bcsId: 0,size=2097152]} | ret=SUCCESS |  
2019-08-28 21:29:30,482 | INFO  | DNAudit | user=null | ip=null | op=WRITE_CHUNK {blockData=conID: 2 locID: 102696731549434301 bcsId: 1379} | ret=SUCCESS |  
2019-08-28 21:29:30,483 | INFO  | DNAudit | user=null | ip=null | op=PUT_BLOCK {blockData=[blockId=conID: 2 locID: 102696731549434301 bcsId: 0,size=3145728]} | ret=SUCCESS |  
2019-08-28 21:29:30,483 [grpc-default-executor-6] INFO  client.GrpcClientProtocolClient (GrpcClientProtocolClient.java:onNext(255)) - client-05DA20D107F8->b461a7b0-028a-4eb5-b268-b89ac225aff8: receive RaftClientReply:client-05DA20D107F8->b461a7b0-028a-4eb5-b268-b89ac225aff8@group-0C8C0AA7542A, cid=1022, SUCCESS, logIndex=1384, commits[b461a7b0-028a-4eb5-b268-b89ac225aff8:c1385, b6ff45f5-67b8-463b-a273-c2e7d9dadd75:c1381, 6a5cb75f-f7eb-4671-9a85-3b6f7898f6cc:c1381]
2019-08-28 21:29:30,484 [grpc-default-executor-6] INFO  client.GrpcClientProtocolClient (GrpcClientProtocolClient.java:onNext(255)) - client-05DA20D107F8->b461a7b0-028a-4eb5-b268-b89ac225aff8: receive RaftClientReply:client-05DA20D107F8->b461a7b0-028a-4eb5-b268-b89ac225aff8@group-0C8C0AA7542A, cid=1023, SUCCESS, logIndex=1385, commits[b461a7b0-028a-4eb5-b268-b89ac225aff8:c1385, b6ff45f5-67b8-463b-a273-c2e7d9dadd75:c1381, 6a5cb75f-f7eb-4671-9a85-3b6f7898f6cc:c1381]
2019-08-28 21:29:30,493 | INFO  | DNAudit | user=null | ip=null | op=WRITE_CHUNK {blockData=conID: 2 locID: 102696731549434301 bcsId: 1385} | ret=SUCCESS |  
2019-08-28 21:29:30,495 | INFO  | DNAudit | user=null | ip=null | op=WRITE_CHUNK {blockData=conID: 2 locID: 102696731549434301 bcsId: 1385} | ret=SUCCESS |  
2019-08-28 21:29:30,496 | INFO  | DNAudit | user=null | ip=null | op=WRITE_CHUNK {blockData=conID: 2 locID: 102696731549434301 bcsId: 1385} | ret=SUCCESS |  
2019-08-28 21:29:30,509 | INFO  | DNAudit | user=null | ip=null | op=WRITE_CHUNK {blockData=conID: 2 locID: 102696731549434301 bcsId: 1379} | ret=SUCCESS |  
2019-08-28 21:29:30,509 | INFO  | DNAudit | user=null | ip=null | op=WRITE_CHUNK {blockData=conID: 2 locID: 102696731549434301 bcsId: 1379} | ret=SUCCESS |  
2019-08-28 21:29:30,509 | INFO  | DNAudit | user=null | ip=null | op=PUT_BLOCK {blockData=[blockId=conID: 2 locID: 102696731549434301 bcsId: 0,size=3145728]} | ret=SUCCESS |  
2019-08-28 21:29:30,509 | INFO  | DNAudit | user=null | ip=null | op=PUT_BLOCK {blockData=[blockId=conID: 2 locID: 102696731549434301 bcsId: 0,size=3145728]} | ret=SUCCESS |  
2019-08-28 21:29:30,511 | INFO  | DNAudit | user=null | ip=null | op=WRITE_CHUNK {blockData=conID: 2 locID: 102696731549434301 bcsId: 1385} | ret=SUCCESS |  
2019-08-28 21:29:30,511 | INFO  | DNAudit | user=null | ip=null | op=PUT_BLOCK {blockData=[blockId=conID: 2 locID: 102696731549434301 bcsId: 0,size=4194304]} | ret=SUCCESS |  
2019-08-28 21:29:30,512 [grpc-default-executor-5] INFO  client.GrpcClientProtocolClient (GrpcClientProtocolClient.java:onNext(255)) - client-05DA20D107F8->b461a7b0-028a-4eb5-b268-b89ac225aff8: receive RaftClientReply:client-05DA20D107F8->b461a7b0-028a-4eb5-b268-b89ac225aff8@group-0C8C0AA7542A, cid=1024, SUCCESS, logIndex=1388, commits[b461a7b0-028a-4eb5-b268-b89ac225aff8:c1389, b6ff45f5-67b8-463b-a273-c2e7d9dadd75:c1385, 6a5cb75f-f7eb-4671-9a85-3b6f7898f6cc:c1385]
2019-08-28 21:29:30,512 [grpc-default-executor-5] INFO  client.GrpcClientProtocolClient (GrpcClientProtocolClient.java:onNext(255)) - client-05DA20D107F8->b461a7b0-028a-4eb5-b268-b89ac225aff8: receive RaftClientReply:client-05DA20D107F8->b461a7b0-028a-4eb5-b268-b89ac225aff8@group-0C8C0AA7542A, cid=1025, SUCCESS, logIndex=1389, commits[b461a7b0-028a-4eb5-b268-b89ac225aff8:c1389, b6ff45f5-67b8-463b-a273-c2e7d9dadd75:c1385, 6a5cb75f-f7eb-4671-9a85-3b6f7898f6cc:c1385]
2019-08-28 21:29:30,532 | INFO  | DNAudit | user=null | ip=null | op=WRITE_CHUNK {blockData=conID: 2 locID: 102696731549434301 bcsId: 1385} | ret=SUCCESS |  
2019-08-28 21:29:30,532 | INFO  | DNAudit | user=null | ip=null | op=WRITE_CHUNK {blockData=conID: 2 locID: 102696731549434301 bcsId: 1385} | ret=SUCCESS |  
2019-08-28 21:29:30,532 | INFO  | DNAudit | user=null | ip=null | op=PUT_BLOCK {blockData=[blockId=conID: 2 locID: 102696731549434301 bcsId: 0,size=4194304]} | ret=SUCCESS |  
2019-08-28 21:29:30,532 | INFO  | DNAudit | user=null | ip=null | op=PUT_BLOCK {blockData=[blockId=conID: 2 locID: 102696731549434301 bcsId: 0,size=4194304]} | ret=SUCCESS |  
2019-08-28 21:29:30,533 [grpc-default-executor-5] INFO  client.GrpcClientProtocolClient (GrpcClientProtocolClient.java:onNext(255)) - client-05DA20D107F8->b461a7b0-028a-4eb5-b268-b89ac225aff8: receive RaftClientReply:client-05DA20D107F8->b461a7b0-028a-4eb5-b268-b89ac225aff8@group-0C8C0AA7542A, cid=1026, SUCCESS, logIndex=0, commits[b461a7b0-028a-4eb5-b268-b89ac225aff8:c1390, b6ff45f5-67b8-463b-a273-c2e7d9dadd75:c1389, 6a5cb75f-f7eb-4671-9a85-3b6f7898f6cc:c1389]
2019-08-28 21:29:30,543 | INFO  | DNAudit | user=null | ip=null | op=WRITE_CHUNK {blockData=conID: 3 locID: 102696731549434302 bcsId: 0} | ret=SUCCESS |  
2019-08-28 21:29:30,545 | INFO  | DNAudit | user=null | ip=null | op=WRITE_CHUNK {blockData=conID: 3 locID: 102696731549434302 bcsId: 0} | ret=SUCCESS |  
2019-08-28 21:29:30,546 | INFO  | DNAudit | user=null | ip=null | op=WRITE_CHUNK {blockData=conID: 3 locID: 102696731549434302 bcsId: 0} | ret=SUCCESS |  
2019-08-28 21:29:30,547 | INFO  | DNAudit | user=null | ip=null | op=WRITE_CHUNK {blockData=conID: 3 locID: 102696731549434302 bcsId: 0} | ret=SUCCESS |  
2019-08-28 21:29:30,550 | INFO  | DNAudit | user=null | ip=null | op=WRITE_CHUNK {blockData=conID: 3 locID: 102696731549434302 bcsId: 0} | ret=SUCCESS |  
2019-08-28 21:29:30,550 | INFO  | DNAudit | user=null | ip=null | op=WRITE_CHUNK {blockData=conID: 3 locID: 102696731549434302 bcsId: 0} | ret=SUCCESS |  
2019-08-28 21:29:30,563 | INFO  | DNAudit | user=null | ip=null | op=WRITE_CHUNK {blockData=conID: 3 locID: 102696731549434302 bcsId: 0} | ret=SUCCESS |  
2019-08-28 21:29:30,564 | INFO  | DNAudit | user=null | ip=null | op=PUT_BLOCK {blockData=[blockId=conID: 3 locID: 102696731549434302 bcsId: 0,size=1048576]} | ret=SUCCESS |  
2019-08-28 21:29:30,564 [grpc-default-executor-6] INFO  client.GrpcClientProtocolClient (GrpcClientProtocolClient.java:onNext(255)) - client-05DA20D107F8->b461a7b0-028a-4eb5-b268-b89ac225aff8: receive RaftClientReply:client-05DA20D107F8->b461a7b0-028a-4eb5-b268-b89ac225aff8@group-0C8C0AA7542A, cid=1027, SUCCESS, logIndex=1392, commits[b461a7b0-028a-4eb5-b268-b89ac225aff8:c1393, b6ff45f5-67b8-463b-a273-c2e7d9dadd75:c1391, 6a5cb75f-f7eb-4671-9a85-3b6f7898f6cc:c1391]
2019-08-28 21:29:30,565 [grpc-default-executor-6] INFO  client.GrpcClientProtocolClient (GrpcClientProtocolClient.java:onNext(255)) - client-05DA20D107F8->b461a7b0-028a-4eb5-b268-b89ac225aff8: receive RaftClientReply:client-05DA20D107F8->b461a7b0-028a-4eb5-b268-b89ac225aff8@group-0C8C0AA7542A, cid=1028, SUCCESS, logIndex=1393, commits[b461a7b0-028a-4eb5-b268-b89ac225aff8:c1393, b6ff45f5-67b8-463b-a273-c2e7d9dadd75:c1391, 6a5cb75f-f7eb-4671-9a85-3b6f7898f6cc:c1391]
2019-08-28 21:29:30,583 | INFO  | DNAudit | user=null | ip=null | op=WRITE_CHUNK {blockData=conID: 3 locID: 102696731549434302 bcsId: 0} | ret=SUCCESS |  
2019-08-28 21:29:30,584 | INFO  | DNAudit | user=null | ip=null | op=PUT_BLOCK {blockData=[blockId=conID: 3 locID: 102696731549434302 bcsId: 0,size=2097152]} | ret=SUCCESS |  
2019-08-28 21:29:30,584 [grpc-default-executor-3] INFO  client.GrpcClientProtocolClient (GrpcClientProtocolClient.java:onNext(255)) - client-05DA20D107F8->b461a7b0-028a-4eb5-b268-b89ac225aff8: receive RaftClientReply:client-05DA20D107F8->b461a7b0-028a-4eb5-b268-b89ac225aff8@group-0C8C0AA7542A, cid=1029, SUCCESS, logIndex=1394, commits[b461a7b0-028a-4eb5-b268-b89ac225aff8:c1395, b6ff45f5-67b8-463b-a273-c2e7d9dadd75:c1391, 6a5cb75f-f7eb-4671-9a85-3b6f7898f6cc:c1391]
2019-08-28 21:29:30,585 [grpc-default-executor-3] INFO  client.GrpcClientProtocolClient (GrpcClientProtocolClient.java:onNext(255)) - client-05DA20D107F8->b461a7b0-028a-4eb5-b268-b89ac225aff8: receive RaftClientReply:client-05DA20D107F8->b461a7b0-028a-4eb5-b268-b89ac225aff8@group-0C8C0AA7542A, cid=1030, SUCCESS, logIndex=1395, commits[b461a7b0-028a-4eb5-b268-b89ac225aff8:c1395, b6ff45f5-67b8-463b-a273-c2e7d9dadd75:c1391, 6a5cb75f-f7eb-4671-9a85-3b6f7898f6cc:c1391]
2019-08-28 21:29:30,605 | INFO  | DNAudit | user=null | ip=null | op=WRITE_CHUNK {blockData=conID: 3 locID: 102696731549434302 bcsId: 0} | ret=SUCCESS |  
2019-08-28 21:29:30,612 | INFO  | DNAudit | user=null | ip=null | op=WRITE_CHUNK {blockData=conID: 3 locID: 102696731549434302 bcsId: 0} | ret=SUCCESS |  
2019-08-28 21:29:30,612 | INFO  | DNAudit | user=null | ip=null | op=PUT_BLOCK {blockData=[blockId=conID: 3 locID: 102696731549434302 bcsId: 0,size=1048576]} | ret=SUCCESS |  
2019-08-28 21:29:30,612 | INFO  | DNAudit | user=null | ip=null | op=WRITE_CHUNK {blockData=conID: 3 locID: 102696731549434302 bcsId: 0} | ret=SUCCESS |  
2019-08-28 21:29:30,612 | INFO  | DNAudit | user=null | ip=null | op=PUT_BLOCK {blockData=[blockId=conID: 3 locID: 102696731549434302 bcsId: 0,size=1048576]} | ret=SUCCESS |  
2019-08-28 21:29:30,613 | INFO  | DNAudit | user=null | ip=null | op=PUT_BLOCK {blockData=[blockId=conID: 3 locID: 102696731549434302 bcsId: 0,size=2097152]} | ret=SUCCESS |  
2019-08-28 21:29:30,613 [grpc-default-executor-3] INFO  client.GrpcClientProtocolClient (GrpcClientProtocolClient.java:onNext(255)) - client-05DA20D107F8->b461a7b0-028a-4eb5-b268-b89ac225aff8: receive RaftClientReply:client-05DA20D107F8->b461a7b0-028a-4eb5-b268-b89ac225aff8@group-0C8C0AA7542A, cid=1031, SUCCESS, logIndex=0, commits[b461a7b0-028a-4eb5-b268-b89ac225aff8:c1397, b6ff45f5-67b8-463b-a273-c2e7d9dadd75:c1393, 6a5cb75f-f7eb-4671-9a85-3b6f7898f6cc:c1393]
2019-08-28 21:29:30,625 | INFO  | DNAudit | user=null | ip=null | op=WRITE_CHUNK {blockData=conID: 3 locID: 102696731549434302 bcsId: 1395} | ret=SUCCESS |  
2019-08-28 21:29:30,627 | INFO  | DNAudit | user=null | ip=null | op=WRITE_CHUNK {blockData=conID: 3 locID: 102696731549434302 bcsId: 0} | ret=SUCCESS |  
2019-08-28 21:29:30,627 | INFO  | DNAudit | user=null | ip=null | op=PUT_BLOCK {blockData=[blockId=conID: 3 locID: 102696731549434302 bcsId: 0,size=2097152]} | ret=SUCCESS |  
2019-08-28 21:29:30,628 | INFO  | DNAudit | user=null | ip=null | op=WRITE_CHUNK {blockData=conID: 3 locID: 102696731549434302 bcsId: 1395} | ret=SUCCESS |  
2019-08-28 21:29:30,628 | INFO  | DNAudit | user=null | ip=null | op=WRITE_CHUNK {blockData=conID: 3 locID: 102696731549434302 bcsId: 1395} | ret=SUCCESS |  
2019-08-28 21:29:30,641 | INFO  | DNAudit | user=null | ip=null | op=WRITE_CHUNK {blockData=conID: 3 locID: 102696731549434302 bcsId: 1395} | ret=SUCCESS |  
2019-08-28 21:29:30,642 | INFO  | DNAudit | user=null | ip=null | op=PUT_BLOCK {blockData=[blockId=conID: 3 locID: 102696731549434302 bcsId: 0,size=3145728]} | ret=SUCCESS |  
2019-08-28 21:29:30,642 [grpc-default-executor-3] INFO  client.GrpcClientProtocolClient (GrpcClientProtocolClient.java:onNext(255)) - client-05DA20D107F8->b461a7b0-028a-4eb5-b268-b89ac225aff8: receive RaftClientReply:client-05DA20D107F8->b461a7b0-028a-4eb5-b268-b89ac225aff8@group-0C8C0AA7542A, cid=1032, SUCCESS, logIndex=1400, commits[b461a7b0-028a-4eb5-b268-b89ac225aff8:c1401, b6ff45f5-67b8-463b-a273-c2e7d9dadd75:c1399, 6a5cb75f-f7eb-4671-9a85-3b6f7898f6cc:c1399]
2019-08-28 21:29:30,643 [grpc-default-executor-3] INFO  client.GrpcClientProtocolClient (GrpcClientProtocolClient.java:onNext(255)) - client-05DA20D107F8->b461a7b0-028a-4eb5-b268-b89ac225aff8: receive RaftClientReply:client-05DA20D107F8->b461a7b0-028a-4eb5-b268-b89ac225aff8@group-0C8C0AA7542A, cid=1033, SUCCESS, logIndex=1401, commits[b461a7b0-028a-4eb5-b268-b89ac225aff8:c1401, b6ff45f5-67b8-463b-a273-c2e7d9dadd75:c1399, 6a5cb75f-f7eb-4671-9a85-3b6f7898f6cc:c1399]
2019-08-28 21:29:30,652 | INFO  | DNAudit | user=null | ip=null | op=WRITE_CHUNK {blockData=conID: 3 locID: 102696731549434302 bcsId: 1401} | ret=SUCCESS |  
2019-08-28 21:29:30,654 | INFO  | DNAudit | user=null | ip=null | op=WRITE_CHUNK {blockData=conID: 3 locID: 102696731549434302 bcsId: 1401} | ret=SUCCESS |  
2019-08-28 21:29:30,655 | INFO  | DNAudit | user=null | ip=null | op=WRITE_CHUNK {blockData=conID: 3 locID: 102696731549434302 bcsId: 1401} | ret=SUCCESS |  
2019-08-28 21:29:30,657 | INFO  | DNAudit | user=null | ip=null | op=WRITE_CHUNK {blockData=conID: 3 locID: 102696731549434302 bcsId: 1395} | ret=SUCCESS |  
2019-08-28 21:29:30,657 | INFO  | DNAudit | user=null | ip=null | op=WRITE_CHUNK {blockData=conID: 3 locID: 102696731549434302 bcsId: 1395} | ret=SUCCESS |  
2019-08-28 21:29:30,657 | INFO  | DNAudit | user=null | ip=null | op=PUT_BLOCK {blockData=[blockId=conID: 3 locID: 102696731549434302 bcsId: 0,size=3145728]} | ret=SUCCESS |  
2019-08-28 21:29:30,658 | INFO  | DNAudit | user=null | ip=null | op=PUT_BLOCK {blockData=[blockId=conID: 3 locID: 102696731549434302 bcsId: 0,size=3145728]} | ret=SUCCESS |  
2019-08-28 21:29:30,660 | INFO  | DNAudit | user=null | ip=null | op=WRITE_CHUNK {blockData=conID: 3 locID: 102696731549434302 bcsId: 1401} | ret=SUCCESS |  
2019-08-28 21:29:30,660 | INFO  | DNAudit | user=null | ip=null | op=PUT_BLOCK {blockData=[blockId=conID: 3 locID: 102696731549434302 bcsId: 0,size=4194304]} | ret=SUCCESS |  
2019-08-28 21:29:30,661 [grpc-default-executor-3] INFO  client.GrpcClientProtocolClient (GrpcClientProtocolClient.java:onNext(255)) - client-05DA20D107F8->b461a7b0-028a-4eb5-b268-b89ac225aff8: receive RaftClientReply:client-05DA20D107F8->b461a7b0-028a-4eb5-b268-b89ac225aff8@group-0C8C0AA7542A, cid=1034, SUCCESS, logIndex=1404, commits[b461a7b0-028a-4eb5-b268-b89ac225aff8:c1405, b6ff45f5-67b8-463b-a273-c2e7d9dadd75:c1401, 6a5cb75f-f7eb-4671-9a85-3b6f7898f6cc:c1401]
2019-08-28 21:29:30,661 [grpc-default-executor-3] INFO  client.GrpcClientProtocolClient (GrpcClientProtocolClient.java:onNext(255)) - client-05DA20D107F8->b461a7b0-028a-4eb5-b268-b89ac225aff8: receive RaftClientReply:client-05DA20D107F8->b461a7b0-028a-4eb5-b268-b89ac225aff8@group-0C8C0AA7542A, cid=1035, SUCCESS, logIndex=1405, commits[b461a7b0-028a-4eb5-b268-b89ac225aff8:c1405, b6ff45f5-67b8-463b-a273-c2e7d9dadd75:c1401, 6a5cb75f-f7eb-4671-9a85-3b6f7898f6cc:c1401]
2019-08-28 21:29:30,682 | INFO  | DNAudit | user=null | ip=null | op=WRITE_CHUNK {blockData=conID: 3 locID: 102696731549434302 bcsId: 1401} | ret=SUCCESS |  
2019-08-28 21:29:30,682 | INFO  | DNAudit | user=null | ip=null | op=WRITE_CHUNK {blockData=conID: 3 locID: 102696731549434302 bcsId: 1401} | ret=SUCCESS |  
2019-08-28 21:29:30,683 | INFO  | DNAudit | user=null | ip=null | op=PUT_BLOCK {blockData=[blockId=conID: 3 locID: 102696731549434302 bcsId: 0,size=4194304]} | ret=SUCCESS |  
2019-08-28 21:29:30,684 | INFO  | DNAudit | user=null | ip=null | op=PUT_BLOCK {blockData=[blockId=conID: 3 locID: 102696731549434302 bcsId: 0,size=4194304]} | ret=SUCCESS |  
2019-08-28 21:29:30,685 [grpc-default-executor-3] INFO  client.GrpcClientProtocolClient (GrpcClientProtocolClient.java:onNext(255)) - client-05DA20D107F8->b461a7b0-028a-4eb5-b268-b89ac225aff8: receive RaftClientReply:client-05DA20D107F8->b461a7b0-028a-4eb5-b268-b89ac225aff8@group-0C8C0AA7542A, cid=1036, SUCCESS, logIndex=0, commits[b461a7b0-028a-4eb5-b268-b89ac225aff8:c1407, b6ff45f5-67b8-463b-a273-c2e7d9dadd75:c1405, 6a5cb75f-f7eb-4671-9a85-3b6f7898f6cc:c1405]
2019-08-28 21:29:30,694 | INFO  | DNAudit | user=null | ip=null | op=WRITE_CHUNK {blockData=conID: 1 locID: 102696731549434303 bcsId: 0} | ret=SUCCESS |  
2019-08-28 21:29:30,698 | INFO  | DNAudit | user=null | ip=null | op=WRITE_CHUNK {blockData=conID: 1 locID: 102696731549434303 bcsId: 0} | ret=SUCCESS |  
2019-08-28 21:29:30,698 | INFO  | DNAudit | user=null | ip=null | op=WRITE_CHUNK {blockData=conID: 1 locID: 102696731549434303 bcsId: 0} | ret=SUCCESS |  
2019-08-28 21:29:30,699 | INFO  | DNAudit | user=null | ip=null | op=WRITE_CHUNK {blockData=conID: 1 locID: 102696731549434303 bcsId: 0} | ret=SUCCESS |  
2019-08-28 21:29:30,701 | INFO  | DNAudit | user=null | ip=null | op=WRITE_CHUNK {blockData=conID: 1 locID: 102696731549434303 bcsId: 0} | ret=SUCCESS |  
2019-08-28 21:29:30,702 | INFO  | DNAudit | user=null | ip=null | op=WRITE_CHUNK {blockData=conID: 1 locID: 102696731549434303 bcsId: 0} | ret=SUCCESS |  
2019-08-28 21:29:30,722 | INFO  | DNAudit | user=null | ip=null | op=WRITE_CHUNK {blockData=conID: 1 locID: 102696731549434303 bcsId: 0} | ret=SUCCESS |  
2019-08-28 21:29:30,723 | INFO  | DNAudit | user=null | ip=null | op=PUT_BLOCK {blockData=[blockId=conID: 1 locID: 102696731549434303 bcsId: 0,size=1048576]} | ret=SUCCESS |  
2019-08-28 21:29:30,723 [grpc-default-executor-6] INFO  client.GrpcClientProtocolClient (GrpcClientProtocolClient.java:onNext(255)) - client-05DA20D107F8->b461a7b0-028a-4eb5-b268-b89ac225aff8: receive RaftClientReply:client-05DA20D107F8->b461a7b0-028a-4eb5-b268-b89ac225aff8@group-0C8C0AA7542A, cid=1037, SUCCESS, logIndex=1408, commits[b461a7b0-028a-4eb5-b268-b89ac225aff8:c1409, b6ff45f5-67b8-463b-a273-c2e7d9dadd75:c1407, 6a5cb75f-f7eb-4671-9a85-3b6f7898f6cc:c1407]
2019-08-28 21:29:30,724 [grpc-default-executor-6] INFO  client.GrpcClientProtocolClient (GrpcClientProtocolClient.java:onNext(255)) - client-05DA20D107F8->b461a7b0-028a-4eb5-b268-b89ac225aff8: receive RaftClientReply:client-05DA20D107F8->b461a7b0-028a-4eb5-b268-b89ac225aff8@group-0C8C0AA7542A, cid=1038, SUCCESS, logIndex=1409, commits[b461a7b0-028a-4eb5-b268-b89ac225aff8:c1409, b6ff45f5-67b8-463b-a273-c2e7d9dadd75:c1407, 6a5cb75f-f7eb-4671-9a85-3b6f7898f6cc:c1407]
2019-08-28 21:29:30,744 | INFO  | DNAudit | user=null | ip=null | op=WRITE_CHUNK {blockData=conID: 1 locID: 102696731549434303 bcsId: 0} | ret=SUCCESS |  
2019-08-28 21:29:30,744 | INFO  | DNAudit | user=null | ip=null | op=PUT_BLOCK {blockData=[blockId=conID: 1 locID: 102696731549434303 bcsId: 0,size=2097152]} | ret=SUCCESS |  
2019-08-28 21:29:30,745 [grpc-default-executor-6] INFO  client.GrpcClientProtocolClient (GrpcClientProtocolClient.java:onNext(255)) - client-05DA20D107F8->b461a7b0-028a-4eb5-b268-b89ac225aff8: receive RaftClientReply:client-05DA20D107F8->b461a7b0-028a-4eb5-b268-b89ac225aff8@group-0C8C0AA7542A, cid=1039, SUCCESS, logIndex=1410, commits[b461a7b0-028a-4eb5-b268-b89ac225aff8:c1411, b6ff45f5-67b8-463b-a273-c2e7d9dadd75:c1407, 6a5cb75f-f7eb-4671-9a85-3b6f7898f6cc:c1407]
2019-08-28 21:29:30,745 | INFO  | DNAudit | user=null | ip=null | op=WRITE_CHUNK {blockData=conID: 1 locID: 102696731549434303 bcsId: 0} | ret=SUCCESS |  
2019-08-28 21:29:30,745 [grpc-default-executor-5] INFO  client.GrpcClientProtocolClient (GrpcClientProtocolClient.java:onNext(255)) - client-05DA20D107F8->b461a7b0-028a-4eb5-b268-b89ac225aff8: receive RaftClientReply:client-05DA20D107F8->b461a7b0-028a-4eb5-b268-b89ac225aff8@group-0C8C0AA7542A, cid=1040, SUCCESS, logIndex=1411, commits[b461a7b0-028a-4eb5-b268-b89ac225aff8:c1411, b6ff45f5-67b8-463b-a273-c2e7d9dadd75:c1407, 6a5cb75f-f7eb-4671-9a85-3b6f7898f6cc:c1407]
2019-08-28 21:29:30,748 | INFO  | DNAudit | user=null | ip=null | op=PUT_BLOCK {blockData=[blockId=conID: 1 locID: 102696731549434303 bcsId: 0,size=1048576]} | ret=SUCCESS |  
2019-08-28 21:29:30,749 | INFO  | DNAudit | user=null | ip=null | op=WRITE_CHUNK {blockData=conID: 1 locID: 102696731549434303 bcsId: 0} | ret=SUCCESS |  
2019-08-28 21:29:30,749 | INFO  | DNAudit | user=null | ip=null | op=WRITE_CHUNK {blockData=conID: 1 locID: 102696731549434303 bcsId: 0} | ret=SUCCESS |  
2019-08-28 21:29:30,750 | INFO  | DNAudit | user=null | ip=null | op=PUT_BLOCK {blockData=[blockId=conID: 1 locID: 102696731549434303 bcsId: 0,size=2097152]} | ret=SUCCESS |  
2019-08-28 21:29:30,750 | INFO  | DNAudit | user=null | ip=null | op=PUT_BLOCK {blockData=[blockId=conID: 1 locID: 102696731549434303 bcsId: 0,size=1048576]} | ret=SUCCESS |  
2019-08-28 21:29:30,751 [grpc-default-executor-6] INFO  client.GrpcClientProtocolClient (GrpcClientProtocolClient.java:onNext(255)) - client-05DA20D107F8->b461a7b0-028a-4eb5-b268-b89ac225aff8: receive RaftClientReply:client-05DA20D107F8->b461a7b0-028a-4eb5-b268-b89ac225aff8@group-0C8C0AA7542A, cid=1041, SUCCESS, logIndex=0, commits[b461a7b0-028a-4eb5-b268-b89ac225aff8:c1415, b6ff45f5-67b8-463b-a273-c2e7d9dadd75:c1411, 6a5cb75f-f7eb-4671-9a85-3b6f7898f6cc:c1409]
2019-08-28 21:29:30,762 | INFO  | DNAudit | user=null | ip=null | op=WRITE_CHUNK {blockData=conID: 1 locID: 102696731549434303 bcsId: 1411} | ret=SUCCESS |  
2019-08-28 21:29:30,766 | INFO  | DNAudit | user=null | ip=null | op=WRITE_CHUNK {blockData=conID: 1 locID: 102696731549434303 bcsId: 1411} | ret=SUCCESS |  
2019-08-28 21:29:30,766 | INFO  | DNAudit | user=null | ip=null | op=WRITE_CHUNK {blockData=conID: 1 locID: 102696731549434303 bcsId: 1411} | ret=SUCCESS |  
2019-08-28 21:29:30,768 | INFO  | DNAudit | user=null | ip=null | op=WRITE_CHUNK {blockData=conID: 1 locID: 102696731549434303 bcsId: 0} | ret=SUCCESS |  
2019-08-28 21:29:30,769 | INFO  | DNAudit | user=null | ip=null | op=PUT_BLOCK {blockData=[blockId=conID: 1 locID: 102696731549434303 bcsId: 0,size=2097152]} | ret=SUCCESS |  
2019-08-28 21:29:30,769 | INFO  | DNAudit | user=null | ip=null | op=WRITE_CHUNK {blockData=conID: 1 locID: 102696731549434303 bcsId: 1411} | ret=SUCCESS |  
2019-08-28 21:29:30,770 | INFO  | DNAudit | user=null | ip=null | op=PUT_BLOCK {blockData=[blockId=conID: 1 locID: 102696731549434303 bcsId: 0,size=3145728]} | ret=SUCCESS |  
2019-08-28 21:29:30,770 [grpc-default-executor-5] INFO  client.GrpcClientProtocolClient (GrpcClientProtocolClient.java:onNext(255)) - client-05DA20D107F8->b461a7b0-028a-4eb5-b268-b89ac225aff8: receive RaftClientReply:client-05DA20D107F8->b461a7b0-028a-4eb5-b268-b89ac225aff8@group-0C8C0AA7542A, cid=1042, SUCCESS, logIndex=1416, commits[b461a7b0-028a-4eb5-b268-b89ac225aff8:c1417, b6ff45f5-67b8-463b-a273-c2e7d9dadd75:c1415, 6a5cb75f-f7eb-4671-9a85-3b6f7898f6cc:c1411]
2019-08-28 21:29:30,770 [grpc-default-executor-5] INFO  client.GrpcClientProtocolClient (GrpcClientProtocolClient.java:onNext(255)) - client-05DA20D107F8->b461a7b0-028a-4eb5-b268-b89ac225aff8: receive RaftClientReply:client-05DA20D107F8->b461a7b0-028a-4eb5-b268-b89ac225aff8@group-0C8C0AA7542A, cid=1043, SUCCESS, logIndex=1417, commits[b461a7b0-028a-4eb5-b268-b89ac225aff8:c1417, b6ff45f5-67b8-463b-a273-c2e7d9dadd75:c1415, 6a5cb75f-f7eb-4671-9a85-3b6f7898f6cc:c1411]
2019-08-28 21:29:30,779 | INFO  | DNAudit | user=null | ip=null | op=WRITE_CHUNK {blockData=conID: 1 locID: 102696731549434303 bcsId: 1417} | ret=SUCCESS |  
2019-08-28 21:29:30,781 | INFO  | DNAudit | user=null | ip=null | op=WRITE_CHUNK {blockData=conID: 1 locID: 102696731549434303 bcsId: 1417} | ret=SUCCESS |  
2019-08-28 21:29:30,782 | INFO  | DNAudit | user=null | ip=null | op=WRITE_CHUNK {blockData=conID: 1 locID: 102696731549434303 bcsId: 1417} | ret=SUCCESS |  
2019-08-28 21:29:30,797 | INFO  | DNAudit | user=null | ip=null | op=WRITE_CHUNK {blockData=conID: 1 locID: 102696731549434303 bcsId: 1411} | ret=SUCCESS |  
2019-08-28 21:29:30,820 | INFO  | DNAudit | user=null | ip=null | op=WRITE_CHUNK {blockData=conID: 1 locID: 102696731549434303 bcsId: 1411} | ret=SUCCESS |  
2019-08-28 21:29:30,821 | INFO  | DNAudit | user=null | ip=null | op=PUT_BLOCK {blockData=[blockId=conID: 1 locID: 102696731549434303 bcsId: 0,size=3145728]} | ret=SUCCESS |  
2019-08-28 21:29:30,821 | INFO  | DNAudit | user=null | ip=null | op=PUT_BLOCK {blockData=[blockId=conID: 1 locID: 102696731549434303 bcsId: 0,size=3145728]} | ret=SUCCESS |  
2019-08-28 21:29:30,821 | INFO  | DNAudit | user=null | ip=null | op=WRITE_CHUNK {blockData=conID: 1 locID: 102696731549434303 bcsId: 1417} | ret=SUCCESS |  
2019-08-28 21:29:30,822 | INFO  | DNAudit | user=null | ip=null | op=PUT_BLOCK {blockData=[blockId=conID: 1 locID: 102696731549434303 bcsId: 0,size=4194304]} | ret=SUCCESS |  
2019-08-28 21:29:30,822 [grpc-default-executor-6] INFO  client.GrpcClientProtocolClient (GrpcClientProtocolClient.java:onNext(255)) - client-05DA20D107F8->b461a7b0-028a-4eb5-b268-b89ac225aff8: receive RaftClientReply:client-05DA20D107F8->b461a7b0-028a-4eb5-b268-b89ac225aff8@group-0C8C0AA7542A, cid=1044, SUCCESS, logIndex=1420, commits[b461a7b0-028a-4eb5-b268-b89ac225aff8:c1421, b6ff45f5-67b8-463b-a273-c2e7d9dadd75:c1416, 6a5cb75f-f7eb-4671-9a85-3b6f7898f6cc:c1417]
2019-08-28 21:29:30,823 [grpc-default-executor-6] INFO  client.GrpcClientProtocolClient (GrpcClientProtocolClient.java:onNext(255)) - client-05DA20D107F8->b461a7b0-028a-4eb5-b268-b89ac225aff8: receive RaftClientReply:client-05DA20D107F8->b461a7b0-028a-4eb5-b268-b89ac225aff8@group-0C8C0AA7542A, cid=1045, SUCCESS, logIndex=1421, commits[b461a7b0-028a-4eb5-b268-b89ac225aff8:c1421, b6ff45f5-67b8-463b-a273-c2e7d9dadd75:c1417, 6a5cb75f-f7eb-4671-9a85-3b6f7898f6cc:c1417]
2019-08-28 21:29:30,844 | INFO  | DNAudit | user=null | ip=null | op=WRITE_CHUNK {blockData=conID: 1 locID: 102696731549434303 bcsId: 1417} | ret=SUCCESS |  
2019-08-28 21:29:30,844 | INFO  | DNAudit | user=null | ip=null | op=WRITE_CHUNK {blockData=conID: 1 locID: 102696731549434303 bcsId: 1417} | ret=SUCCESS |  
2019-08-28 21:29:30,864 | INFO  | DNAudit | user=null | ip=null | op=PUT_BLOCK {blockData=[blockId=conID: 1 locID: 102696731549434303 bcsId: 0,size=4194304]} | ret=SUCCESS |  
2019-08-28 21:29:30,865 | INFO  | DNAudit | user=null | ip=null | op=PUT_BLOCK {blockData=[blockId=conID: 1 locID: 102696731549434303 bcsId: 0,size=4194304]} | ret=SUCCESS |  
2019-08-28 21:29:30,865 [grpc-default-executor-6] INFO  client.GrpcClientProtocolClient (GrpcClientProtocolClient.java:onNext(255)) - client-05DA20D107F8->b461a7b0-028a-4eb5-b268-b89ac225aff8: receive RaftClientReply:client-05DA20D107F8->b461a7b0-028a-4eb5-b268-b89ac225aff8@group-0C8C0AA7542A, cid=1046, SUCCESS, logIndex=0, commits[b461a7b0-028a-4eb5-b268-b89ac225aff8:c1423, b6ff45f5-67b8-463b-a273-c2e7d9dadd75:c1421, 6a5cb75f-f7eb-4671-9a85-3b6f7898f6cc:c1421]
2019-08-28 21:29:30,875 | INFO  | DNAudit | user=null | ip=null | op=WRITE_CHUNK {blockData=conID: 2 locID: 102696731549499840 bcsId: 0} | ret=SUCCESS |  
2019-08-28 21:29:30,879 | INFO  | DNAudit | user=null | ip=null | op=WRITE_CHUNK {blockData=conID: 2 locID: 102696731549499840 bcsId: 0} | ret=SUCCESS |  
2019-08-28 21:29:30,879 | INFO  | DNAudit | user=null | ip=null | op=WRITE_CHUNK {blockData=conID: 2 locID: 102696731549499840 bcsId: 0} | ret=SUCCESS |  
2019-08-28 21:29:30,879 | INFO  | DNAudit | user=null | ip=null | op=WRITE_CHUNK {blockData=conID: 2 locID: 102696731549499840 bcsId: 0} | ret=SUCCESS |  
2019-08-28 21:29:30,881 | INFO  | DNAudit | user=null | ip=null | op=WRITE_CHUNK {blockData=conID: 2 locID: 102696731549499840 bcsId: 0} | ret=SUCCESS |  
2019-08-28 21:29:30,882 | INFO  | DNAudit | user=null | ip=null | op=WRITE_CHUNK {blockData=conID: 2 locID: 102696731549499840 bcsId: 0} | ret=SUCCESS |  
2019-08-28 21:29:30,893 | INFO  | DNAudit | user=null | ip=null | op=WRITE_CHUNK {blockData=conID: 2 locID: 102696731549499840 bcsId: 0} | ret=SUCCESS |  
2019-08-28 21:29:30,894 | INFO  | DNAudit | user=null | ip=null | op=PUT_BLOCK {blockData=[blockId=conID: 2 locID: 102696731549499840 bcsId: 0,size=1048576]} | ret=SUCCESS |  
2019-08-28 21:29:30,894 [grpc-default-executor-6] INFO  client.GrpcClientProtocolClient (GrpcClientProtocolClient.java:onNext(255)) - client-05DA20D107F8->b461a7b0-028a-4eb5-b268-b89ac225aff8: receive RaftClientReply:client-05DA20D107F8->b461a7b0-028a-4eb5-b268-b89ac225aff8@group-0C8C0AA7542A, cid=1047, SUCCESS, logIndex=1424, commits[b461a7b0-028a-4eb5-b268-b89ac225aff8:c1425, b6ff45f5-67b8-463b-a273-c2e7d9dadd75:c1423, 6a5cb75f-f7eb-4671-9a85-3b6f7898f6cc:c1423]
2019-08-28 21:29:30,895 [grpc-default-executor-6] INFO  client.GrpcClientProtocolClient (GrpcClientProtocolClient.java:onNext(255)) - client-05DA20D107F8->b461a7b0-028a-4eb5-b268-b89ac225aff8: receive RaftClientReply:client-05DA20D107F8->b461a7b0-028a-4eb5-b268-b89ac225aff8@group-0C8C0AA7542A, cid=1048, SUCCESS, logIndex=1425, commits[b461a7b0-028a-4eb5-b268-b89ac225aff8:c1425, b6ff45f5-67b8-463b-a273-c2e7d9dadd75:c1423, 6a5cb75f-f7eb-4671-9a85-3b6f7898f6cc:c1423]
2019-08-28 21:29:30,913 | INFO  | DNAudit | user=null | ip=null | op=WRITE_CHUNK {blockData=conID: 2 locID: 102696731549499840 bcsId: 0} | ret=SUCCESS |  
2019-08-28 21:29:30,914 | INFO  | DNAudit | user=null | ip=null | op=PUT_BLOCK {blockData=[blockId=conID: 2 locID: 102696731549499840 bcsId: 0,size=2097152]} | ret=SUCCESS |  
2019-08-28 21:29:30,914 [grpc-default-executor-3] INFO  client.GrpcClientProtocolClient (GrpcClientProtocolClient.java:onNext(255)) - client-05DA20D107F8->b461a7b0-028a-4eb5-b268-b89ac225aff8: receive RaftClientReply:client-05DA20D107F8->b461a7b0-028a-4eb5-b268-b89ac225aff8@group-0C8C0AA7542A, cid=1049, SUCCESS, logIndex=1426, commits[b461a7b0-028a-4eb5-b268-b89ac225aff8:c1427, b6ff45f5-67b8-463b-a273-c2e7d9dadd75:c1423, 6a5cb75f-f7eb-4671-9a85-3b6f7898f6cc:c1423]
2019-08-28 21:29:30,914 [grpc-default-executor-3] INFO  client.GrpcClientProtocolClient (GrpcClientProtocolClient.java:onNext(255)) - client-05DA20D107F8->b461a7b0-028a-4eb5-b268-b89ac225aff8: receive RaftClientReply:client-05DA20D107F8->b461a7b0-028a-4eb5-b268-b89ac225aff8@group-0C8C0AA7542A, cid=1050, SUCCESS, logIndex=1427, commits[b461a7b0-028a-4eb5-b268-b89ac225aff8:c1427, b6ff45f5-67b8-463b-a273-c2e7d9dadd75:c1423, 6a5cb75f-f7eb-4671-9a85-3b6f7898f6cc:c1423]
2019-08-28 21:29:30,970 | INFO  | DNAudit | user=null | ip=null | op=WRITE_CHUNK {blockData=conID: 2 locID: 102696731549499840 bcsId: 0} | ret=SUCCESS |  
2019-08-28 21:29:30,971 | INFO  | DNAudit | user=null | ip=null | op=WRITE_CHUNK {blockData=conID: 2 locID: 102696731549499840 bcsId: 0} | ret=SUCCESS |  
2019-08-28 21:29:30,971 | INFO  | DNAudit | user=null | ip=null | op=PUT_BLOCK {blockData=[blockId=conID: 2 locID: 102696731549499840 bcsId: 0,size=1048576]} | ret=SUCCESS |  
2019-08-28 21:29:30,971 | INFO  | DNAudit | user=null | ip=null | op=PUT_BLOCK {blockData=[blockId=conID: 2 locID: 102696731549499840 bcsId: 0,size=1048576]} | ret=SUCCESS |  
2019-08-28 21:29:30,972 [grpc-default-executor-3] INFO  client.GrpcClientProtocolClient (GrpcClientProtocolClient.java:onNext(255)) - client-05DA20D107F8->b461a7b0-028a-4eb5-b268-b89ac225aff8: receive RaftClientReply:client-05DA20D107F8->b461a7b0-028a-4eb5-b268-b89ac225aff8@group-0C8C0AA7542A, cid=1051, SUCCESS, logIndex=0, commits[b461a7b0-028a-4eb5-b268-b89ac225aff8:c1429, b6ff45f5-67b8-463b-a273-c2e7d9dadd75:c1425, 6a5cb75f-f7eb-4671-9a85-3b6f7898f6cc:c1425]
2019-08-28 21:29:30,984 | INFO  | DNAudit | user=null | ip=null | op=WRITE_CHUNK {blockData=conID: 2 locID: 102696731549499840 bcsId: 0} | ret=SUCCESS |  
2019-08-28 21:29:30,984 | INFO  | DNAudit | user=null | ip=null | op=WRITE_CHUNK {blockData=conID: 2 locID: 102696731549499840 bcsId: 0} | ret=SUCCESS |  
2019-08-28 21:29:30,984 | INFO  | DNAudit | user=null | ip=null | op=PUT_BLOCK {blockData=[blockId=conID: 2 locID: 102696731549499840 bcsId: 0,size=2097152]} | ret=SUCCESS |  
2019-08-28 21:29:30,985 | INFO  | DNAudit | user=null | ip=null | op=PUT_BLOCK {blockData=[blockId=conID: 2 locID: 102696731549499840 bcsId: 0,size=2097152]} | ret=SUCCESS |  
2019-08-28 21:29:30,985 | INFO  | DNAudit | user=null | ip=null | op=WRITE_CHUNK {blockData=conID: 2 locID: 102696731549499840 bcsId: 1427} | ret=SUCCESS |  
2019-08-28 21:29:30,989 | INFO  | DNAudit | user=null | ip=null | op=WRITE_CHUNK {blockData=conID: 2 locID: 102696731549499840 bcsId: 1427} | ret=SUCCESS |  
2019-08-28 21:29:30,990 | INFO  | DNAudit | user=null | ip=null | op=WRITE_CHUNK {blockData=conID: 2 locID: 102696731549499840 bcsId: 1427} | ret=SUCCESS |  
2019-08-28 21:29:31,000 | INFO  | DNAudit | user=null | ip=null | op=WRITE_CHUNK {blockData=conID: 2 locID: 102696731549499840 bcsId: 1427} | ret=SUCCESS |  
2019-08-28 21:29:31,001 | INFO  | DNAudit | user=null | ip=null | op=PUT_BLOCK {blockData=[blockId=conID: 2 locID: 102696731549499840 bcsId: 0,size=3145728]} | ret=SUCCESS |  
2019-08-28 21:29:31,001 [grpc-default-executor-5] INFO  client.GrpcClientProtocolClient (GrpcClientProtocolClient.java:onNext(255)) - client-05DA20D107F8->b461a7b0-028a-4eb5-b268-b89ac225aff8: receive RaftClientReply:client-05DA20D107F8->b461a7b0-028a-4eb5-b268-b89ac225aff8@group-0C8C0AA7542A, cid=1052, SUCCESS, logIndex=1432, commits[b461a7b0-028a-4eb5-b268-b89ac225aff8:c1433, b6ff45f5-67b8-463b-a273-c2e7d9dadd75:c1429, 6a5cb75f-f7eb-4671-9a85-3b6f7898f6cc:c1429]
2019-08-28 21:29:31,002 [grpc-default-executor-5] INFO  client.GrpcClientProtocolClient (GrpcClientProtocolClient.java:onNext(255)) - client-05DA20D107F8->b461a7b0-028a-4eb5-b268-b89ac225aff8: receive RaftClientReply:client-05DA20D107F8->b461a7b0-028a-4eb5-b268-b89ac225aff8@group-0C8C0AA7542A, cid=1053, SUCCESS, logIndex=1433, commits[b461a7b0-028a-4eb5-b268-b89ac225aff8:c1433, b6ff45f5-67b8-463b-a273-c2e7d9dadd75:c1429, 6a5cb75f-f7eb-4671-9a85-3b6f7898f6cc:c1429]
2019-08-28 21:29:31,012 | INFO  | DNAudit | user=null | ip=null | op=WRITE_CHUNK {blockData=conID: 2 locID: 102696731549499840 bcsId: 1433} | ret=SUCCESS |  
2019-08-28 21:29:31,015 | INFO  | DNAudit | user=null | ip=null | op=WRITE_CHUNK {blockData=conID: 2 locID: 102696731549499840 bcsId: 1433} | ret=SUCCESS |  
2019-08-28 21:29:31,017 | INFO  | DNAudit | user=null | ip=null | op=WRITE_CHUNK {blockData=conID: 2 locID: 102696731549499840 bcsId: 1433} | ret=SUCCESS |  
2019-08-28 21:29:31,022 | INFO  | DNAudit | user=null | ip=null | op=WRITE_CHUNK {blockData=conID: 2 locID: 102696731549499840 bcsId: 1427} | ret=SUCCESS |  
2019-08-28 21:29:31,022 | INFO  | DNAudit | user=null | ip=null | op=WRITE_CHUNK {blockData=conID: 2 locID: 102696731549499840 bcsId: 1427} | ret=SUCCESS |  
2019-08-28 21:29:31,023 | INFO  | DNAudit | user=null | ip=null | op=PUT_BLOCK {blockData=[blockId=conID: 2 locID: 102696731549499840 bcsId: 0,size=3145728]} | ret=SUCCESS |  
2019-08-28 21:29:31,023 | INFO  | DNAudit | user=null | ip=null | op=PUT_BLOCK {blockData=[blockId=conID: 2 locID: 102696731549499840 bcsId: 0,size=3145728]} | ret=SUCCESS |  
2019-08-28 21:29:31,025 | INFO  | DNAudit | user=null | ip=null | op=WRITE_CHUNK {blockData=conID: 2 locID: 102696731549499840 bcsId: 1433} | ret=SUCCESS |  
2019-08-28 21:29:31,025 | INFO  | DNAudit | user=null | ip=null | op=PUT_BLOCK {blockData=[blockId=conID: 2 locID: 102696731549499840 bcsId: 0,size=4194304]} | ret=SUCCESS |  
2019-08-28 21:29:31,026 [grpc-default-executor-3] INFO  client.GrpcClientProtocolClient (GrpcClientProtocolClient.java:onNext(255)) - client-05DA20D107F8->b461a7b0-028a-4eb5-b268-b89ac225aff8: receive RaftClientReply:client-05DA20D107F8->b461a7b0-028a-4eb5-b268-b89ac225aff8@group-0C8C0AA7542A, cid=1054, SUCCESS, logIndex=1436, commits[b461a7b0-028a-4eb5-b268-b89ac225aff8:c1437, b6ff45f5-67b8-463b-a273-c2e7d9dadd75:c1433, 6a5cb75f-f7eb-4671-9a85-3b6f7898f6cc:c1433]
2019-08-28 21:29:31,027 [grpc-default-executor-3] INFO  client.GrpcClientProtocolClient (GrpcClientProtocolClient.java:onNext(255)) - client-05DA20D107F8->b461a7b0-028a-4eb5-b268-b89ac225aff8: receive RaftClientReply:client-05DA20D107F8->b461a7b0-028a-4eb5-b268-b89ac225aff8@group-0C8C0AA7542A, cid=1055, SUCCESS, logIndex=1437, commits[b461a7b0-028a-4eb5-b268-b89ac225aff8:c1437, b6ff45f5-67b8-463b-a273-c2e7d9dadd75:c1433, 6a5cb75f-f7eb-4671-9a85-3b6f7898f6cc:c1433]
2019-08-28 21:29:31,029 | INFO  | SCMAudit | user=jenkins1000 | ip=192.168.36.107 | op=SEND_HEARTBEAT {datanodeUUID=b6ff45f5-67b8-463b-a273-c2e7d9dadd75, command=[]} | ret=SUCCESS |  
2019-08-28 21:29:31,029 | INFO  | SCMAudit | user=jenkins1000 | ip=192.168.36.107 | op=SEND_HEARTBEAT {datanodeUUID=6a5cb75f-f7eb-4671-9a85-3b6f7898f6cc, command=[]} | ret=SUCCESS |  
2019-08-28 21:29:31,029 | INFO  | SCMAudit | user=jenkins1000 | ip=192.168.36.107 | op=SEND_HEARTBEAT {datanodeUUID=b461a7b0-028a-4eb5-b268-b89ac225aff8, command=[]} | ret=SUCCESS |  
2019-08-28 21:29:31,042 | INFO  | DNAudit | user=null | ip=null | op=WRITE_CHUNK {blockData=conID: 2 locID: 102696731549499840 bcsId: 1433} | ret=SUCCESS |  
2019-08-28 21:29:31,043 | INFO  | DNAudit | user=null | ip=null | op=WRITE_CHUNK {blockData=conID: 2 locID: 102696731549499840 bcsId: 1433} | ret=SUCCESS |  
2019-08-28 21:29:31,043 | INFO  | DNAudit | user=null | ip=null | op=PUT_BLOCK {blockData=[blockId=conID: 2 locID: 102696731549499840 bcsId: 0,size=4194304]} | ret=SUCCESS |  
2019-08-28 21:29:31,043 | INFO  | DNAudit | user=null | ip=null | op=PUT_BLOCK {blockData=[blockId=conID: 2 locID: 102696731549499840 bcsId: 0,size=4194304]} | ret=SUCCESS |  
2019-08-28 21:29:31,044 [grpc-default-executor-3] INFO  client.GrpcClientProtocolClient (GrpcClientProtocolClient.java:onNext(255)) - client-05DA20D107F8->b461a7b0-028a-4eb5-b268-b89ac225aff8: receive RaftClientReply:client-05DA20D107F8->b461a7b0-028a-4eb5-b268-b89ac225aff8@group-0C8C0AA7542A, cid=1056, SUCCESS, logIndex=0, commits[b461a7b0-028a-4eb5-b268-b89ac225aff8:c1438, b6ff45f5-67b8-463b-a273-c2e7d9dadd75:c1437, 6a5cb75f-f7eb-4671-9a85-3b6f7898f6cc:c1437]
2019-08-28 21:29:31,055 | INFO  | DNAudit | user=null | ip=null | op=WRITE_CHUNK {blockData=conID: 3 locID: 102696731549499841 bcsId: 0} | ret=SUCCESS |  
2019-08-28 21:29:31,058 | INFO  | DNAudit | user=null | ip=null | op=WRITE_CHUNK {blockData=conID: 3 locID: 102696731549499841 bcsId: 0} | ret=SUCCESS |  
2019-08-28 21:29:31,058 | INFO  | DNAudit | user=null | ip=null | op=WRITE_CHUNK {blockData=conID: 3 locID: 102696731549499841 bcsId: 0} | ret=SUCCESS |  
2019-08-28 21:29:31,060 | INFO  | DNAudit | user=null | ip=null | op=WRITE_CHUNK {blockData=conID: 3 locID: 102696731549499841 bcsId: 0} | ret=SUCCESS |  
2019-08-28 21:29:31,061 | INFO  | DNAudit | user=null | ip=null | op=WRITE_CHUNK {blockData=conID: 3 locID: 102696731549499841 bcsId: 0} | ret=SUCCESS |  
2019-08-28 21:29:31,061 | INFO  | DNAudit | user=null | ip=null | op=WRITE_CHUNK {blockData=conID: 3 locID: 102696731549499841 bcsId: 0} | ret=SUCCESS |  
2019-08-28 21:29:31,077 | INFO  | DNAudit | user=null | ip=null | op=WRITE_CHUNK {blockData=conID: 3 locID: 102696731549499841 bcsId: 0} | ret=SUCCESS |  
2019-08-28 21:29:31,077 | INFO  | DNAudit | user=null | ip=null | op=PUT_BLOCK {blockData=[blockId=conID: 3 locID: 102696731549499841 bcsId: 0,size=1048576]} | ret=SUCCESS |  
2019-08-28 21:29:31,078 [grpc-default-executor-5] INFO  client.GrpcClientProtocolClient (GrpcClientProtocolClient.java:onNext(255)) - client-05DA20D107F8->b461a7b0-028a-4eb5-b268-b89ac225aff8: receive RaftClientReply:client-05DA20D107F8->b461a7b0-028a-4eb5-b268-b89ac225aff8@group-0C8C0AA7542A, cid=1057, SUCCESS, logIndex=1440, commits[b461a7b0-028a-4eb5-b268-b89ac225aff8:c1441, b6ff45f5-67b8-463b-a273-c2e7d9dadd75:c1439, 6a5cb75f-f7eb-4671-9a85-3b6f7898f6cc:c1439]
2019-08-28 21:29:31,078 [grpc-default-executor-5] INFO  client.GrpcClientProtocolClient (GrpcClientProtocolClient.java:onNext(255)) - client-05DA20D107F8->b461a7b0-028a-4eb5-b268-b89ac225aff8: receive RaftClientReply:client-05DA20D107F8->b461a7b0-028a-4eb5-b268-b89ac225aff8@group-0C8C0AA7542A, cid=1058, SUCCESS, logIndex=1441, commits[b461a7b0-028a-4eb5-b268-b89ac225aff8:c1441, b6ff45f5-67b8-463b-a273-c2e7d9dadd75:c1439, 6a5cb75f-f7eb-4671-9a85-3b6f7898f6cc:c1439]
 0.00% |█                                                                                                    |  0/1 Time: 0:00:072019-08-28 21:29:31,094 | INFO  | DNAudit | user=null | ip=null | op=WRITE_CHUNK {blockData=conID: 3 locID: 102696731549499841 bcsId: 0} | ret=SUCCESS |  
2019-08-28 21:29:31,095 | INFO  | DNAudit | user=null | ip=null | op=PUT_BLOCK {blockData=[blockId=conID: 3 locID: 102696731549499841 bcsId: 0,size=2097152]} | ret=SUCCESS |  
2019-08-28 21:29:31,095 | INFO  | DNAudit | user=null | ip=null | op=WRITE_CHUNK {blockData=conID: 3 locID: 102696731549499841 bcsId: 0} | ret=SUCCESS |  
2019-08-28 21:29:31,095 | INFO  | DNAudit | user=null | ip=null | op=PUT_BLOCK {blockData=[blockId=conID: 3 locID: 102696731549499841 bcsId: 0,size=1048576]} | ret=SUCCESS |  
2019-08-28 21:29:31,095 [grpc-default-executor-2] INFO  client.GrpcClientProtocolClient (GrpcClientProtocolClient.java:onNext(255)) - client-05DA20D107F8->b461a7b0-028a-4eb5-b268-b89ac225aff8: receive RaftClientReply:client-05DA20D107F8->b461a7b0-028a-4eb5-b268-b89ac225aff8@group-0C8C0AA7542A, cid=1059, SUCCESS, logIndex=1442, commits[b461a7b0-028a-4eb5-b268-b89ac225aff8:c1443, b6ff45f5-67b8-463b-a273-c2e7d9dadd75:c1439, 6a5cb75f-f7eb-4671-9a85-3b6f7898f6cc:c1439]
2019-08-28 21:29:31,096 [grpc-default-executor-2] INFO  client.GrpcClientProtocolClient (GrpcClientProtocolClient.java:onNext(255)) - client-05DA20D107F8->b461a7b0-028a-4eb5-b268-b89ac225aff8: receive RaftClientReply:client-05DA20D107F8->b461a7b0-028a-4eb5-b268-b89ac225aff8@group-0C8C0AA7542A, cid=1060, SUCCESS, logIndex=1443, commits[b461a7b0-028a-4eb5-b268-b89ac225aff8:c1443, b6ff45f5-67b8-463b-a273-c2e7d9dadd75:c1439, 6a5cb75f-f7eb-4671-9a85-3b6f7898f6cc:c1439]
2019-08-28 21:29:31,117 | INFO  | DNAudit | user=null | ip=null | op=WRITE_CHUNK {blockData=conID: 3 locID: 102696731549499841 bcsId: 0} | ret=SUCCESS |  
2019-08-28 21:29:31,117 | INFO  | DNAudit | user=null | ip=null | op=PUT_BLOCK {blockData=[blockId=conID: 3 locID: 102696731549499841 bcsId: 0,size=1048576]} | ret=SUCCESS |  
2019-08-28 21:29:31,117 [grpc-default-executor-2] INFO  client.GrpcClientProtocolClient (GrpcClientProtocolClient.java:onNext(255)) - client-05DA20D107F8->b461a7b0-028a-4eb5-b268-b89ac225aff8: receive RaftClientReply:client-05DA20D107F8->b461a7b0-028a-4eb5-b268-b89ac225aff8@group-0C8C0AA7542A, cid=1061, SUCCESS, logIndex=0, commits[b461a7b0-028a-4eb5-b268-b89ac225aff8:c1444, b6ff45f5-67b8-463b-a273-c2e7d9dadd75:c1441, 6a5cb75f-f7eb-4671-9a85-3b6f7898f6cc:c1441]
2019-08-28 21:29:31,118 | INFO  | DNAudit | user=null | ip=null | op=WRITE_CHUNK {blockData=conID: 3 locID: 102696731549499841 bcsId: 0} | ret=SUCCESS |  
2019-08-28 21:29:31,118 | INFO  | DNAudit | user=null | ip=null | op=PUT_BLOCK {blockData=[blockId=conID: 3 locID: 102696731549499841 bcsId: 0,size=2097152]} | ret=SUCCESS |  
2019-08-28 21:29:31,119 | INFO  | DNAudit | user=null | ip=null | op=WRITE_CHUNK {blockData=conID: 3 locID: 102696731549499841 bcsId: 0} | ret=SUCCESS |  
2019-08-28 21:29:31,119 | INFO  | DNAudit | user=null | ip=null | op=PUT_BLOCK {blockData=[blockId=conID: 3 locID: 102696731549499841 bcsId: 0,size=2097152]} | ret=SUCCESS |  
2019-08-28 21:29:31,127 | INFO  | DNAudit | user=null | ip=null | op=WRITE_CHUNK {blockData=conID: 3 locID: 102696731549499841 bcsId: 1443} | ret=SUCCESS |  
2019-08-28 21:29:31,130 | INFO  | DNAudit | user=null | ip=null | op=WRITE_CHUNK {blockData=conID: 3 locID: 102696731549499841 bcsId: 1443} | ret=SUCCESS |  
2019-08-28 21:29:31,131 | INFO  | DNAudit | user=null | ip=null | op=WRITE_CHUNK {blockData=conID: 3 locID: 102696731549499841 bcsId: 1443} | ret=SUCCESS |  
2019-08-28 21:29:31,158 | INFO  | DNAudit | user=null | ip=null | op=WRITE_CHUNK {blockData=conID: 3 locID: 102696731549499841 bcsId: 1443} | ret=SUCCESS |  
2019-08-28 21:29:31,158 | INFO  | DNAudit | user=null | ip=null | op=PUT_BLOCK {blockData=[blockId=conID: 3 locID: 102696731549499841 bcsId: 0,size=3145728]} | ret=SUCCESS |  
2019-08-28 21:29:31,159 [grpc-default-executor-3] INFO  client.GrpcClientProtocolClient (GrpcClientProtocolClient.java:onNext(255)) - client-05DA20D107F8->b461a7b0-028a-4eb5-b268-b89ac225aff8: receive RaftClientReply:client-05DA20D107F8->b461a7b0-028a-4eb5-b268-b89ac225aff8@group-0C8C0AA7542A, cid=1062, SUCCESS, logIndex=1447, commits[b461a7b0-028a-4eb5-b268-b89ac225aff8:c1448, b6ff45f5-67b8-463b-a273-c2e7d9dadd75:c1446, 6a5cb75f-f7eb-4671-9a85-3b6f7898f6cc:c1446]
2019-08-28 21:29:31,159 [grpc-default-executor-3] INFO  client.GrpcClientProtocolClient (GrpcClientProtocolClient.java:onNext(255)) - client-05DA20D107F8->b461a7b0-028a-4eb5-b268-b89ac225aff8: receive RaftClientReply:client-05DA20D107F8->b461a7b0-028a-4eb5-b268-b89ac225aff8@group-0C8C0AA7542A, cid=1063, SUCCESS, logIndex=1448, commits[b461a7b0-028a-4eb5-b268-b89ac225aff8:c1448, b6ff45f5-67b8-463b-a273-c2e7d9dadd75:c1446, 6a5cb75f-f7eb-4671-9a85-3b6f7898f6cc:c1446]
2019-08-28 21:29:31,169 | INFO  | DNAudit | user=null | ip=null | op=WRITE_CHUNK {blockData=conID: 3 locID: 102696731549499841 bcsId: 1448} | ret=SUCCESS |  
2019-08-28 21:29:31,170 | INFO  | DNAudit | user=null | ip=null | op=WRITE_CHUNK {blockData=conID: 3 locID: 102696731549499841 bcsId: 1448} | ret=SUCCESS |  
2019-08-28 21:29:31,172 | INFO  | DNAudit | user=null | ip=null | op=WRITE_CHUNK {blockData=conID: 3 locID: 102696731549499841 bcsId: 1448} | ret=SUCCESS |  
2019-08-28 21:29:31,176 | INFO  | DNAudit | user=null | ip=null | op=WRITE_CHUNK {blockData=conID: 3 locID: 102696731549499841 bcsId: 1443} | ret=SUCCESS |  
2019-08-28 21:29:31,176 | INFO  | DNAudit | user=null | ip=null | op=WRITE_CHUNK {blockData=conID: 3 locID: 102696731549499841 bcsId: 1443} | ret=SUCCESS |  
2019-08-28 21:29:31,177 | INFO  | DNAudit | user=null | ip=null | op=PUT_BLOCK {blockData=[blockId=conID: 3 locID: 102696731549499841 bcsId: 0,size=3145728]} | ret=SUCCESS |  
2019-08-28 21:29:31,178 | INFO  | DNAudit | user=null | ip=null | op=PUT_BLOCK {blockData=[blockId=conID: 3 locID: 102696731549499841 bcsId: 0,size=3145728]} | ret=SUCCESS |  
2019-08-28 21:29:31,178 | INFO  | DNAudit | user=null | ip=null | op=WRITE_CHUNK {blockData=conID: 3 locID: 102696731549499841 bcsId: 1448} | ret=SUCCESS |  
2019-08-28 21:29:31,179 | INFO  | DNAudit | user=null | ip=null | op=PUT_BLOCK {blockData=[blockId=conID: 3 locID: 102696731549499841 bcsId: 0,size=4194304]} | ret=SUCCESS |  
2019-08-28 21:29:31,179 [grpc-default-executor-5] INFO  client.GrpcClientProtocolClient (GrpcClientProtocolClient.java:onNext(255)) - client-05DA20D107F8->b461a7b0-028a-4eb5-b268-b89ac225aff8: receive RaftClientReply:client-05DA20D107F8->b461a7b0-028a-4eb5-b268-b89ac225aff8@group-0C8C0AA7542A, cid=1064, SUCCESS, logIndex=1451, commits[b461a7b0-028a-4eb5-b268-b89ac225aff8:c1451, b6ff45f5-67b8-463b-a273-c2e7d9dadd75:c1448, 6a5cb75f-f7eb-4671-9a85-3b6f7898f6cc:c1448]
2019-08-28 21:29:31,179 [grpc-default-executor-5] INFO  client.GrpcClientProtocolClient (GrpcClientProtocolClient.java:onNext(255)) - client-05DA20D107F8->b461a7b0-028a-4eb5-b268-b89ac225aff8: receive RaftClientReply:client-05DA20D107F8->b461a7b0-028a-4eb5-b268-b89ac225aff8@group-0C8C0AA7542A, cid=1065, SUCCESS, logIndex=1452, commits[b461a7b0-028a-4eb5-b268-b89ac225aff8:c1452, b6ff45f5-67b8-463b-a273-c2e7d9dadd75:c1448, 6a5cb75f-f7eb-4671-9a85-3b6f7898f6cc:c1448]
2019-08-28 21:29:31,196 | INFO  | DNAudit | user=null | ip=null | op=WRITE_CHUNK {blockData=conID: 3 locID: 102696731549499841 bcsId: 1448} | ret=SUCCESS |  
2019-08-28 21:29:31,196 | INFO  | DNAudit | user=null | ip=null | op=WRITE_CHUNK {blockData=conID: 3 locID: 102696731549499841 bcsId: 1448} | ret=SUCCESS |  
2019-08-28 21:29:31,197 | INFO  | DNAudit | user=null | ip=null | op=PUT_BLOCK {blockData=[blockId=conID: 3 locID: 102696731549499841 bcsId: 0,size=4194304]} | ret=SUCCESS |  
2019-08-28 21:29:31,197 | INFO  | DNAudit | user=null | ip=null | op=PUT_BLOCK {blockData=[blockId=conID: 3 locID: 102696731549499841 bcsId: 0,size=4194304]} | ret=SUCCESS |  
2019-08-28 21:29:31,198 [grpc-default-executor-6] INFO  client.GrpcClientProtocolClient (GrpcClientProtocolClient.java:onNext(255)) - client-05DA20D107F8->b461a7b0-028a-4eb5-b268-b89ac225aff8: receive RaftClientReply:client-05DA20D107F8->b461a7b0-028a-4eb5-b268-b89ac225aff8@group-0C8C0AA7542A, cid=1066, SUCCESS, logIndex=0, commits[b461a7b0-028a-4eb5-b268-b89ac225aff8:c1454, b6ff45f5-67b8-463b-a273-c2e7d9dadd75:c1452, 6a5cb75f-f7eb-4671-9a85-3b6f7898f6cc:c1452]
2019-08-28 21:29:31,210 | INFO  | DNAudit | user=null | ip=null | op=WRITE_CHUNK {blockData=conID: 1 locID: 102696731549499842 bcsId: 0} | ret=SUCCESS |  
2019-08-28 21:29:31,426 | INFO  | DNAudit | user=null | ip=null | op=WRITE_CHUNK {blockData=conID: 1 locID: 102696731549499842 bcsId: 0} | ret=SUCCESS |  
2019-08-28 21:29:31,427 | INFO  | SCMAudit | user=jenkins1000 | ip=192.168.36.107 | op=SEND_HEARTBEAT {datanodeUUID=68f89a68-6a96-4cde-8528-8617611d459d, command=[]} | ret=SUCCESS |  
2019-08-28 21:29:31,427 | INFO  | SCMAudit | user=jenkins1000 | ip=192.168.36.107 | op=SEND_HEARTBEAT {datanodeUUID=af4986ea-80d8-4c92-96d2-2b3929a4248a, command=[]} | ret=SUCCESS |  
2019-08-28 21:29:31,427 | INFO  | DNAudit | user=null | ip=null | op=WRITE_CHUNK {blockData=conID: 1 locID: 102696731549499842 bcsId: 0} | ret=SUCCESS |  
2019-08-28 21:29:31,428 | INFO  | DNAudit | user=null | ip=null | op=WRITE_CHUNK {blockData=conID: 1 locID: 102696731549499842 bcsId: 0} | ret=SUCCESS |  
2019-08-28 21:29:31,429 | INFO  | DNAudit | user=null | ip=null | op=WRITE_CHUNK {blockData=conID: 1 locID: 102696731549499842 bcsId: 0} | ret=SUCCESS |  
2019-08-28 21:29:31,430 | INFO  | DNAudit | user=null | ip=null | op=WRITE_CHUNK {blockData=conID: 1 locID: 102696731549499842 bcsId: 0} | ret=SUCCESS |  
2019-08-28 21:29:31,443 | INFO  | DNAudit | user=null | ip=null | op=WRITE_CHUNK {blockData=conID: 1 locID: 102696731549499842 bcsId: 0} | ret=SUCCESS |  
2019-08-28 21:29:31,444 | INFO  | DNAudit | user=null | ip=null | op=PUT_BLOCK {blockData=[blockId=conID: 1 locID: 102696731549499842 bcsId: 0,size=1048576]} | ret=SUCCESS |  
2019-08-28 21:29:31,444 [grpc-default-executor-6] INFO  client.GrpcClientProtocolClient (GrpcClientProtocolClient.java:onNext(255)) - client-05DA20D107F8->b461a7b0-028a-4eb5-b268-b89ac225aff8: receive RaftClientReply:client-05DA20D107F8->b461a7b0-028a-4eb5-b268-b89ac225aff8@group-0C8C0AA7542A, cid=1067, SUCCESS, logIndex=1455, commits[b461a7b0-028a-4eb5-b268-b89ac225aff8:c1458, b6ff45f5-67b8-463b-a273-c2e7d9dadd75:c1454, 6a5cb75f-f7eb-4671-9a85-3b6f7898f6cc:c1452]
2019-08-28 21:29:31,444 | INFO  | DNAudit | user=null | ip=null | op=WRITE_CHUNK {blockData=conID: 1 locID: 102696731549499842 bcsId: 0} | ret=SUCCESS |  
2019-08-28 21:29:31,445 | INFO  | DNAudit | user=null | ip=null | op=PUT_BLOCK {blockData=[blockId=conID: 1 locID: 102696731549499842 bcsId: 0,size=2097152]} | ret=SUCCESS |  
2019-08-28 21:29:31,445 [grpc-default-executor-6] INFO  client.GrpcClientProtocolClient (GrpcClientProtocolClient.java:onNext(255)) - client-05DA20D107F8->b461a7b0-028a-4eb5-b268-b89ac225aff8: receive RaftClientReply:client-05DA20D107F8->b461a7b0-028a-4eb5-b268-b89ac225aff8@group-0C8C0AA7542A, cid=1068, SUCCESS, logIndex=1456, commits[b461a7b0-028a-4eb5-b268-b89ac225aff8:c1458, b6ff45f5-67b8-463b-a273-c2e7d9dadd75:c1454, 6a5cb75f-f7eb-4671-9a85-3b6f7898f6cc:c1454]
2019-08-28 21:29:31,445 [grpc-default-executor-6] INFO  client.GrpcClientProtocolClient (GrpcClientProtocolClient.java:onNext(255)) - client-05DA20D107F8->b461a7b0-028a-4eb5-b268-b89ac225aff8: receive RaftClientReply:client-05DA20D107F8->b461a7b0-028a-4eb5-b268-b89ac225aff8@group-0C8C0AA7542A, cid=1069, SUCCESS, logIndex=1457, commits[b461a7b0-028a-4eb5-b268-b89ac225aff8:c1458, b6ff45f5-67b8-463b-a273-c2e7d9dadd75:c1454, 6a5cb75f-f7eb-4671-9a85-3b6f7898f6cc:c1454]
2019-08-28 21:29:31,446 [grpc-default-executor-6] INFO  client.GrpcClientProtocolClient (GrpcClientProtocolClient.java:onNext(255)) - client-05DA20D107F8->b461a7b0-028a-4eb5-b268-b89ac225aff8: receive RaftClientReply:client-05DA20D107F8->b461a7b0-028a-4eb5-b268-b89ac225aff8@group-0C8C0AA7542A, cid=1070, SUCCESS, logIndex=1458, commits[b461a7b0-028a-4eb5-b268-b89ac225aff8:c1458, b6ff45f5-67b8-463b-a273-c2e7d9dadd75:c1454, 6a5cb75f-f7eb-4671-9a85-3b6f7898f6cc:c1454]
2019-08-28 21:29:31,460 | INFO  | DNAudit | user=null | ip=null | op=WRITE_CHUNK {blockData=conID: 1 locID: 102696731549499842 bcsId: 0} | ret=SUCCESS |  
2019-08-28 21:29:31,460 | INFO  | DNAudit | user=null | ip=null | op=WRITE_CHUNK {blockData=conID: 1 locID: 102696731549499842 bcsId: 0} | ret=SUCCESS |  
2019-08-28 21:29:31,460 | INFO  | DNAudit | user=null | ip=null | op=PUT_BLOCK {blockData=[blockId=conID: 1 locID: 102696731549499842 bcsId: 0,size=1048576]} | ret=SUCCESS |  
2019-08-28 21:29:31,460 | INFO  | DNAudit | user=null | ip=null | op=PUT_BLOCK {blockData=[blockId=conID: 1 locID: 102696731549499842 bcsId: 0,size=1048576]} | ret=SUCCESS |  
2019-08-28 21:29:31,461 | INFO  | DNAudit | user=null | ip=null | op=WRITE_CHUNK {blockData=conID: 1 locID: 102696731549499842 bcsId: 0} | ret=SUCCESS |  
2019-08-28 21:29:31,461 [grpc-default-executor-6] INFO  client.GrpcClientProtocolClient (GrpcClientProtocolClient.java:onNext(255)) - client-05DA20D107F8->b461a7b0-028a-4eb5-b268-b89ac225aff8: receive RaftClientReply:client-05DA20D107F8->b461a7b0-028a-4eb5-b268-b89ac225aff8@group-0C8C0AA7542A, cid=1071, SUCCESS, logIndex=0, commits[b461a7b0-028a-4eb5-b268-b89ac225aff8:c1459, b6ff45f5-67b8-463b-a273-c2e7d9dadd75:c1456, 6a5cb75f-f7eb-4671-9a85-3b6f7898f6cc:c1456]
2019-08-28 21:29:31,461 | INFO  | DNAudit | user=null | ip=null | op=WRITE_CHUNK {blockData=conID: 1 locID: 102696731549499842 bcsId: 0} | ret=SUCCESS |  
2019-08-28 21:29:31,462 | INFO  | DNAudit | user=null | ip=null | op=PUT_BLOCK {blockData=[blockId=conID: 1 locID: 102696731549499842 bcsId: 0,size=2097152]} | ret=SUCCESS |  
2019-08-28 21:29:31,463 | INFO  | DNAudit | user=null | ip=null | op=PUT_BLOCK {blockData=[blockId=conID: 1 locID: 102696731549499842 bcsId: 0,size=2097152]} | ret=SUCCESS |  
2019-08-28 21:29:31,471 | INFO  | DNAudit | user=null | ip=null | op=WRITE_CHUNK {blockData=conID: 1 locID: 102696731549499842 bcsId: 1458} | ret=SUCCESS |  
2019-08-28 21:29:31,474 | INFO  | DNAudit | user=null | ip=null | op=WRITE_CHUNK {blockData=conID: 1 locID: 102696731549499842 bcsId: 1458} | ret=SUCCESS |  
2019-08-28 21:29:31,474 | INFO  | DNAudit | user=null | ip=null | op=WRITE_CHUNK {blockData=conID: 1 locID: 102696731549499842 bcsId: 1458} | ret=SUCCESS |  
2019-08-28 21:29:31,501 | INFO  | DNAudit | user=null | ip=null | op=WRITE_CHUNK {blockData=conID: 1 locID: 102696731549499842 bcsId: 1458} | ret=SUCCESS |  
2019-08-28 21:29:31,502 | INFO  | DNAudit | user=null | ip=null | op=PUT_BLOCK {blockData=[blockId=conID: 1 locID: 102696731549499842 bcsId: 0,size=3145728]} | ret=SUCCESS |  
2019-08-28 21:29:31,502 [grpc-default-executor-6] INFO  client.GrpcClientProtocolClient (GrpcClientProtocolClient.java:onNext(255)) - client-05DA20D107F8->b461a7b0-028a-4eb5-b268-b89ac225aff8: receive RaftClientReply:client-05DA20D107F8->b461a7b0-028a-4eb5-b268-b89ac225aff8@group-0C8C0AA7542A, cid=1072, SUCCESS, logIndex=1463, commits[b461a7b0-028a-4eb5-b268-b89ac225aff8:c1464, b6ff45f5-67b8-463b-a273-c2e7d9dadd75:c1462, 6a5cb75f-f7eb-4671-9a85-3b6f7898f6cc:c1462]
2019-08-28 21:29:31,503 [grpc-default-executor-6] INFO  client.GrpcClientProtocolClient (GrpcClientProtocolClient.java:onNext(255)) - client-05DA20D107F8->b461a7b0-028a-4eb5-b268-b89ac225aff8: receive RaftClientReply:client-05DA20D107F8->b461a7b0-028a-4eb5-b268-b89ac225aff8@group-0C8C0AA7542A, cid=1073, SUCCESS, logIndex=1464, commits[b461a7b0-028a-4eb5-b268-b89ac225aff8:c1464, b6ff45f5-67b8-463b-a273-c2e7d9dadd75:c1462, 6a5cb75f-f7eb-4671-9a85-3b6f7898f6cc:c1462]
2019-08-28 21:29:31,512 | INFO  | DNAudit | user=null | ip=null | op=WRITE_CHUNK {blockData=conID: 1 locID: 102696731549499842 bcsId: 1464} | ret=SUCCESS |  
2019-08-28 21:29:31,515 | INFO  | DNAudit | user=null | ip=null | op=WRITE_CHUNK {blockData=conID: 1 locID: 102696731549499842 bcsId: 1464} | ret=SUCCESS |  
2019-08-28 21:29:31,515 | INFO  | DNAudit | user=null | ip=null | op=WRITE_CHUNK {blockData=conID: 1 locID: 102696731549499842 bcsId: 1464} | ret=SUCCESS |  
2019-08-28 21:29:31,531 | INFO  | DNAudit | user=null | ip=null | op=WRITE_CHUNK {blockData=conID: 1 locID: 102696731549499842 bcsId: 1458} | ret=SUCCESS |  
2019-08-28 21:29:31,532 | INFO  | DNAudit | user=null | ip=null | op=WRITE_CHUNK {blockData=conID: 1 locID: 102696731549499842 bcsId: 1458} | ret=SUCCESS |  
2019-08-28 21:29:31,532 | INFO  | DNAudit | user=null | ip=null | op=PUT_BLOCK {blockData=[blockId=conID: 1 locID: 102696731549499842 bcsId: 0,size=3145728]} | ret=SUCCESS |  
2019-08-28 21:29:31,532 | INFO  | DNAudit | user=null | ip=null | op=PUT_BLOCK {blockData=[blockId=conID: 1 locID: 102696731549499842 bcsId: 0,size=3145728]} | ret=SUCCESS |  
2019-08-28 21:29:31,533 | INFO  | DNAudit | user=null | ip=null | op=WRITE_CHUNK {blockData=conID: 1 locID: 102696731549499842 bcsId: 1464} | ret=SUCCESS |  
2019-08-28 21:29:31,534 | INFO  | DNAudit | user=null | ip=null | op=PUT_BLOCK {blockData=[blockId=conID: 1 locID: 102696731549499842 bcsId: 0,size=4194304]} | ret=SUCCESS |  
2019-08-28 21:29:31,534 [grpc-default-executor-3] INFO  client.GrpcClientProtocolClient (GrpcClientProtocolClient.java:onNext(255)) - client-05DA20D107F8->b461a7b0-028a-4eb5-b268-b89ac225aff8: receive RaftClientReply:client-05DA20D107F8->b461a7b0-028a-4eb5-b268-b89ac225aff8@group-0C8C0AA7542A, cid=1074, SUCCESS, logIndex=1467, commits[b461a7b0-028a-4eb5-b268-b89ac225aff8:c1468, b6ff45f5-67b8-463b-a273-c2e7d9dadd75:c1464, 6a5cb75f-f7eb-4671-9a85-3b6f7898f6cc:c1464]
2019-08-28 21:29:31,535 [grpc-default-executor-3] INFO  client.GrpcClientProtocolClient (GrpcClientProtocolClient.java:onNext(255)) - client-05DA20D107F8->b461a7b0-028a-4eb5-b268-b89ac225aff8: receive RaftClientReply:client-05DA20D107F8->b461a7b0-028a-4eb5-b268-b89ac225aff8@group-0C8C0AA7542A, cid=1075, SUCCESS, logIndex=1468, commits[b461a7b0-028a-4eb5-b268-b89ac225aff8:c1468, b6ff45f5-67b8-463b-a273-c2e7d9dadd75:c1464, 6a5cb75f-f7eb-4671-9a85-3b6f7898f6cc:c1464]
2019-08-28 21:29:31,547 | INFO  | DNAudit | user=null | ip=null | op=WRITE_CHUNK {blockData=conID: 1 locID: 102696731549499842 bcsId: 1464} | ret=SUCCESS |  
2019-08-28 21:29:31,547 | INFO  | DNAudit | user=null | ip=null | op=WRITE_CHUNK {blockData=conID: 1 locID: 102696731549499842 bcsId: 1464} | ret=SUCCESS |  
2019-08-28 21:29:31,548 | INFO  | DNAudit | user=null | ip=null | op=PUT_BLOCK {blockData=[blockId=conID: 1 locID: 102696731549499842 bcsId: 0,size=4194304]} | ret=SUCCESS |  
2019-08-28 21:29:31,548 | INFO  | DNAudit | user=null | ip=null | op=PUT_BLOCK {blockData=[blockId=conID: 1 locID: 102696731549499842 bcsId: 0,size=4194304]} | ret=SUCCESS |  
2019-08-28 21:29:31,549 [grpc-default-executor-3] INFO  client.GrpcClientProtocolClient (GrpcClientProtocolClient.java:onNext(255)) - client-05DA20D107F8->b461a7b0-028a-4eb5-b268-b89ac225aff8: receive RaftClientReply:client-05DA20D107F8->b461a7b0-028a-4eb5-b268-b89ac225aff8@group-0C8C0AA7542A, cid=1076, SUCCESS, logIndex=0, commits[b461a7b0-028a-4eb5-b268-b89ac225aff8:c1470, b6ff45f5-67b8-463b-a273-c2e7d9dadd75:c1468, 6a5cb75f-f7eb-4671-9a85-3b6f7898f6cc:c1468]
2019-08-28 21:29:31,558 | INFO  | DNAudit | user=null | ip=null | op=WRITE_CHUNK {blockData=conID: 2 locID: 102696731549499843 bcsId: 0} | ret=SUCCESS |  
2019-08-28 21:29:31,561 | INFO  | DNAudit | user=null | ip=null | op=WRITE_CHUNK {blockData=conID: 2 locID: 102696731549499843 bcsId: 0} | ret=SUCCESS |  
2019-08-28 21:29:31,562 | INFO  | DNAudit | user=null | ip=null | op=WRITE_CHUNK {blockData=conID: 2 locID: 102696731549499843 bcsId: 0} | ret=SUCCESS |  
2019-08-28 21:29:31,562 | INFO  | DNAudit | user=null | ip=null | op=WRITE_CHUNK {blockData=conID: 2 locID: 102696731549499843 bcsId: 0} | ret=SUCCESS |  
2019-08-28 21:29:31,564 | INFO  | DNAudit | user=null | ip=null | op=WRITE_CHUNK {blockData=conID: 2 locID: 102696731549499843 bcsId: 0} | ret=SUCCESS |  
2019-08-28 21:29:31,565 | INFO  | DNAudit | user=null | ip=null | op=WRITE_CHUNK {blockData=conID: 2 locID: 102696731549499843 bcsId: 0} | ret=SUCCESS |  
2019-08-28 21:29:31,586 | INFO  | DNAudit | user=null | ip=null | op=WRITE_CHUNK {blockData=conID: 2 locID: 102696731549499843 bcsId: 0} | ret=SUCCESS |  
2019-08-28 21:29:31,587 | INFO  | DNAudit | user=null | ip=null | op=PUT_BLOCK {blockData=[blockId=conID: 2 locID: 102696731549499843 bcsId: 0,size=1048576]} | ret=SUCCESS |  
2019-08-28 21:29:31,587 [grpc-default-executor-3] INFO  client.GrpcClientProtocolClient (GrpcClientProtocolClient.java:onNext(255)) - client-05DA20D107F8->b461a7b0-028a-4eb5-b268-b89ac225aff8: receive RaftClientReply:client-05DA20D107F8->b461a7b0-028a-4eb5-b268-b89ac225aff8@group-0C8C0AA7542A, cid=1077, SUCCESS, logIndex=1471, commits[b461a7b0-028a-4eb5-b268-b89ac225aff8:c1472, b6ff45f5-67b8-463b-a273-c2e7d9dadd75:c1470, 6a5cb75f-f7eb-4671-9a85-3b6f7898f6cc:c1470]
2019-08-28 21:29:31,587 | INFO  | DNAudit | user=null | ip=null | op=WRITE_CHUNK {blockData=conID: 2 locID: 102696731549499843 bcsId: 0} | ret=SUCCESS |  
2019-08-28 21:29:31,587 | INFO  | DNAudit | user=null | ip=null | op=PUT_BLOCK {blockData=[blockId=conID: 2 locID: 102696731549499843 bcsId: 0,size=2097152]} | ret=SUCCESS |  
2019-08-28 21:29:31,588 [grpc-default-executor-3] INFO  client.GrpcClientProtocolClient (GrpcClientProtocolClient.java:onNext(255)) - client-05DA20D107F8->b461a7b0-028a-4eb5-b268-b89ac225aff8: receive RaftClientReply:client-05DA20D107F8->b461a7b0-028a-4eb5-b268-b89ac225aff8@group-0C8C0AA7542A, cid=1078, SUCCESS, logIndex=1472, commits[b461a7b0-028a-4eb5-b268-b89ac225aff8:c1474, b6ff45f5-67b8-463b-a273-c2e7d9dadd75:c1470, 6a5cb75f-f7eb-4671-9a85-3b6f7898f6cc:c1470]
2019-08-28 21:29:31,588 [grpc-default-executor-3] INFO  client.GrpcClientProtocolClient (GrpcClientProtocolClient.java:onNext(255)) - client-05DA20D107F8->b461a7b0-028a-4eb5-b268-b89ac225aff8: receive RaftClientReply:client-05DA20D107F8->b461a7b0-028a-4eb5-b268-b89ac225aff8@group-0C8C0AA7542A, cid=1079, SUCCESS, logIndex=1473, commits[b461a7b0-028a-4eb5-b268-b89ac225aff8:c1474, b6ff45f5-67b8-463b-a273-c2e7d9dadd75:c1470, 6a5cb75f-f7eb-4671-9a85-3b6f7898f6cc:c1470]
2019-08-28 21:29:31,588 [grpc-default-executor-3] INFO  client.GrpcClientProtocolClient (GrpcClientProtocolClient.java:onNext(255)) - client-05DA20D107F8->b461a7b0-028a-4eb5-b268-b89ac225aff8: receive RaftClientReply:client-05DA20D107F8->b461a7b0-028a-4eb5-b268-b89ac225aff8@group-0C8C0AA7542A, cid=1080, SUCCESS, logIndex=1474, commits[b461a7b0-028a-4eb5-b268-b89ac225aff8:c1474, b6ff45f5-67b8-463b-a273-c2e7d9dadd75:c1470, 6a5cb75f-f7eb-4671-9a85-3b6f7898f6cc:c1470]
2019-08-28 21:29:31,608 | INFO  | DNAudit | user=null | ip=null | op=WRITE_CHUNK {blockData=conID: 2 locID: 102696731549499843 bcsId: 0} | ret=SUCCESS |  
2019-08-28 21:29:31,608 | INFO  | DNAudit | user=null | ip=null | op=PUT_BLOCK {blockData=[blockId=conID: 2 locID: 102696731549499843 bcsId: 0,size=1048576]} | ret=SUCCESS |  
2019-08-28 21:29:31,609 | INFO  | DNAudit | user=null | ip=null | op=WRITE_CHUNK {blockData=conID: 2 locID: 102696731549499843 bcsId: 0} | ret=SUCCESS |  
2019-08-28 21:29:31,609 | INFO  | DNAudit | user=null | ip=null | op=PUT_BLOCK {blockData=[blockId=conID: 2 locID: 102696731549499843 bcsId: 0,size=1048576]} | ret=SUCCESS |  
2019-08-28 21:29:31,609 | INFO  | DNAudit | user=null | ip=null | op=WRITE_CHUNK {blockData=conID: 2 locID: 102696731549499843 bcsId: 0} | ret=SUCCESS |  
2019-08-28 21:29:31,609 | INFO  | DNAudit | user=null | ip=null | op=PUT_BLOCK {blockData=[blockId=conID: 2 locID: 102696731549499843 bcsId: 0,size=2097152]} | ret=SUCCESS |  
2019-08-28 21:29:31,609 | INFO  | DNAudit | user=null | ip=null | op=WRITE_CHUNK {blockData=conID: 2 locID: 102696731549499843 bcsId: 0} | ret=SUCCESS |  
2019-08-28 21:29:31,610 | INFO  | DNAudit | user=null | ip=null | op=PUT_BLOCK {blockData=[blockId=conID: 2 locID: 102696731549499843 bcsId: 0,size=2097152]} | ret=SUCCESS |  
2019-08-28 21:29:31,610 [grpc-default-executor-6] INFO  client.GrpcClientProtocolClient (GrpcClientProtocolClient.java:onNext(255)) - client-05DA20D107F8->b461a7b0-028a-4eb5-b268-b89ac225aff8: receive RaftClientReply:client-05DA20D107F8->b461a7b0-028a-4eb5-b268-b89ac225aff8@group-0C8C0AA7542A, cid=1081, SUCCESS, logIndex=0, commits[b461a7b0-028a-4eb5-b268-b89ac225aff8:c1475, b6ff45f5-67b8-463b-a273-c2e7d9dadd75:c1472, 6a5cb75f-f7eb-4671-9a85-3b6f7898f6cc:c1472]
2019-08-28 21:29:31,618 | INFO  | DNAudit | user=null | ip=null | op=WRITE_CHUNK {blockData=conID: 2 locID: 102696731549499843 bcsId: 1474} | ret=SUCCESS |  
2019-08-28 21:29:31,621 | INFO  | DNAudit | user=null | ip=null | op=WRITE_CHUNK {blockData=conID: 2 locID: 102696731549499843 bcsId: 1474} | ret=SUCCESS |  
2019-08-28 21:29:31,621 | INFO  | DNAudit | user=null | ip=null | op=WRITE_CHUNK {blockData=conID: 2 locID: 102696731549499843 bcsId: 1474} | ret=SUCCESS |  
2019-08-28 21:29:31,648 | INFO  | DNAudit | user=null | ip=null | op=WRITE_CHUNK {blockData=conID: 2 locID: 102696731549499843 bcsId: 1474} | ret=SUCCESS |  
2019-08-28 21:29:31,648 | INFO  | DNAudit | user=null | ip=null | op=PUT_BLOCK {blockData=[blockId=conID: 2 locID: 102696731549499843 bcsId: 0,size=3145728]} | ret=SUCCESS |  
2019-08-28 21:29:31,649 [grpc-default-executor-3] INFO  client.GrpcClientProtocolClient (GrpcClientProtocolClient.java:onNext(255)) - client-05DA20D107F8->b461a7b0-028a-4eb5-b268-b89ac225aff8: receive RaftClientReply:client-05DA20D107F8->b461a7b0-028a-4eb5-b268-b89ac225aff8@group-0C8C0AA7542A, cid=1082, SUCCESS, logIndex=1479, commits[b461a7b0-028a-4eb5-b268-b89ac225aff8:c1480, b6ff45f5-67b8-463b-a273-c2e7d9dadd75:c1478, 6a5cb75f-f7eb-4671-9a85-3b6f7898f6cc:c1478]
2019-08-28 21:29:31,649 [grpc-default-executor-3] INFO  client.GrpcClientProtocolClient (GrpcClientProtocolClient.java:onNext(255)) - client-05DA20D107F8->b461a7b0-028a-4eb5-b268-b89ac225aff8: receive RaftClientReply:client-05DA20D107F8->b461a7b0-028a-4eb5-b268-b89ac225aff8@group-0C8C0AA7542A, cid=1083, SUCCESS, logIndex=1480, commits[b461a7b0-028a-4eb5-b268-b89ac225aff8:c1480, b6ff45f5-67b8-463b-a273-c2e7d9dadd75:c1478, 6a5cb75f-f7eb-4671-9a85-3b6f7898f6cc:c1478]
2019-08-28 21:29:31,657 | INFO  | DNAudit | user=null | ip=null | op=WRITE_CHUNK {blockData=conID: 2 locID: 102696731549499843 bcsId: 1480} | ret=SUCCESS |  
2019-08-28 21:29:31,661 | INFO  | DNAudit | user=null | ip=null | op=WRITE_CHUNK {blockData=conID: 2 locID: 102696731549499843 bcsId: 1480} | ret=SUCCESS |  
2019-08-28 21:29:31,661 | INFO  | DNAudit | user=null | ip=null | op=WRITE_CHUNK {blockData=conID: 2 locID: 102696731549499843 bcsId: 1480} | ret=SUCCESS |  
2019-08-28 21:29:31,665 | INFO  | DNAudit | user=null | ip=null | op=WRITE_CHUNK {blockData=conID: 2 locID: 102696731549499843 bcsId: 1474} | ret=SUCCESS |  
2019-08-28 21:29:31,676 | INFO  | DNAudit | user=null | ip=null | op=WRITE_CHUNK {blockData=conID: 2 locID: 102696731549499843 bcsId: 1474} | ret=SUCCESS |  
2019-08-28 21:29:31,677 | INFO  | DNAudit | user=null | ip=null | op=PUT_BLOCK {blockData=[blockId=conID: 2 locID: 102696731549499843 bcsId: 0,size=3145728]} | ret=SUCCESS |  
2019-08-28 21:29:31,679 | INFO  | DNAudit | user=null | ip=null | op=PUT_BLOCK {blockData=[blockId=conID: 2 locID: 102696731549499843 bcsId: 0,size=3145728]} | ret=SUCCESS |  
2019-08-28 21:29:31,680 | INFO  | DNAudit | user=null | ip=null | op=WRITE_CHUNK {blockData=conID: 2 locID: 102696731549499843 bcsId: 1480} | ret=SUCCESS |  
2019-08-28 21:29:31,680 | INFO  | DNAudit | user=null | ip=null | op=PUT_BLOCK {blockData=[blockId=conID: 2 locID: 102696731549499843 bcsId: 0,size=4194304]} | ret=SUCCESS |  
2019-08-28 21:29:31,681 [grpc-default-executor-3] INFO  client.GrpcClientProtocolClient (GrpcClientProtocolClient.java:onNext(255)) - client-05DA20D107F8->b461a7b0-028a-4eb5-b268-b89ac225aff8: receive RaftClientReply:client-05DA20D107F8->b461a7b0-028a-4eb5-b268-b89ac225aff8@group-0C8C0AA7542A, cid=1084, SUCCESS, logIndex=1483, commits[b461a7b0-028a-4eb5-b268-b89ac225aff8:c1484, b6ff45f5-67b8-463b-a273-c2e7d9dadd75:c1480, 6a5cb75f-f7eb-4671-9a85-3b6f7898f6cc:c1480]
2019-08-28 21:29:31,681 [grpc-default-executor-3] INFO  client.GrpcClientProtocolClient (GrpcClientProtocolClient.java:onNext(255)) - client-05DA20D107F8->b461a7b0-028a-4eb5-b268-b89ac225aff8: receive RaftClientReply:client-05DA20D107F8->b461a7b0-028a-4eb5-b268-b89ac225aff8@group-0C8C0AA7542A, cid=1085, SUCCESS, logIndex=1484, commits[b461a7b0-028a-4eb5-b268-b89ac225aff8:c1484, b6ff45f5-67b8-463b-a273-c2e7d9dadd75:c1480, 6a5cb75f-f7eb-4671-9a85-3b6f7898f6cc:c1480]
2019-08-28 21:29:31,697 | INFO  | DNAudit | user=null | ip=null | op=WRITE_CHUNK {blockData=conID: 2 locID: 102696731549499843 bcsId: 1480} | ret=SUCCESS |  
2019-08-28 21:29:31,697 | INFO  | DNAudit | user=null | ip=null | op=WRITE_CHUNK {blockData=conID: 2 locID: 102696731549499843 bcsId: 1480} | ret=SUCCESS |  
2019-08-28 21:29:31,697 | INFO  | DNAudit | user=null | ip=null | op=PUT_BLOCK {blockData=[blockId=conID: 2 locID: 102696731549499843 bcsId: 0,size=4194304]} | ret=SUCCESS |  
2019-08-28 21:29:31,697 | INFO  | DNAudit | user=null | ip=null | op=PUT_BLOCK {blockData=[blockId=conID: 2 locID: 102696731549499843 bcsId: 0,size=4194304]} | ret=SUCCESS |  
2019-08-28 21:29:31,698 [grpc-default-executor-3] INFO  client.GrpcClientProtocolClient (GrpcClientProtocolClient.java:onNext(255)) - client-05DA20D107F8->b461a7b0-028a-4eb5-b268-b89ac225aff8: receive RaftClientReply:client-05DA20D107F8->b461a7b0-028a-4eb5-b268-b89ac225aff8@group-0C8C0AA7542A, cid=1086, SUCCESS, logIndex=0, commits[b461a7b0-028a-4eb5-b268-b89ac225aff8:c1485, b6ff45f5-67b8-463b-a273-c2e7d9dadd75:c1484, 6a5cb75f-f7eb-4671-9a85-3b6f7898f6cc:c1484]
2019-08-28 21:29:31,706 | INFO  | DNAudit | user=null | ip=null | op=WRITE_CHUNK {blockData=conID: 3 locID: 102696731549499844 bcsId: 0} | ret=SUCCESS |  
2019-08-28 21:29:31,709 | INFO  | DNAudit | user=null | ip=null | op=WRITE_CHUNK {blockData=conID: 3 locID: 102696731549499844 bcsId: 0} | ret=SUCCESS |  
2019-08-28 21:29:31,709 | INFO  | DNAudit | user=null | ip=null | op=WRITE_CHUNK {blockData=conID: 3 locID: 102696731549499844 bcsId: 0} | ret=SUCCESS |  
2019-08-28 21:29:31,710 | INFO  | DNAudit | user=null | ip=null | op=WRITE_CHUNK {blockData=conID: 3 locID: 102696731549499844 bcsId: 0} | ret=SUCCESS |  
2019-08-28 21:29:31,711 | INFO  | DNAudit | user=null | ip=null | op=WRITE_CHUNK {blockData=conID: 3 locID: 102696731549499844 bcsId: 0} | ret=SUCCESS |  
2019-08-28 21:29:31,712 | INFO  | DNAudit | user=null | ip=null | op=WRITE_CHUNK {blockData=conID: 3 locID: 102696731549499844 bcsId: 0} | ret=SUCCESS |  
2019-08-28 21:29:31,734 | INFO  | DNAudit | user=null | ip=null | op=WRITE_CHUNK {blockData=conID: 3 locID: 102696731549499844 bcsId: 0} | ret=SUCCESS |  
2019-08-28 21:29:31,735 | INFO  | DNAudit | user=null | ip=null | op=PUT_BLOCK {blockData=[blockId=conID: 3 locID: 102696731549499844 bcsId: 0,size=1048576]} | ret=SUCCESS |  
2019-08-28 21:29:31,735 | INFO  | DNAudit | user=null | ip=null | op=WRITE_CHUNK {blockData=conID: 3 locID: 102696731549499844 bcsId: 0} | ret=SUCCESS |  
2019-08-28 21:29:31,735 [grpc-default-executor-5] INFO  client.GrpcClientProtocolClient (GrpcClientProtocolClient.java:onNext(255)) - client-05DA20D107F8->b461a7b0-028a-4eb5-b268-b89ac225aff8: receive RaftClientReply:client-05DA20D107F8->b461a7b0-028a-4eb5-b268-b89ac225aff8@group-0C8C0AA7542A, cid=1087, SUCCESS, logIndex=1487, commits[b461a7b0-028a-4eb5-b268-b89ac225aff8:c1489, b6ff45f5-67b8-463b-a273-c2e7d9dadd75:c1486, 6a5cb75f-f7eb-4671-9a85-3b6f7898f6cc:c1486]
2019-08-28 21:29:31,736 | INFO  | DNAudit | user=null | ip=null | op=PUT_BLOCK {blockData=[blockId=conID: 3 locID: 102696731549499844 bcsId: 0,size=2097152]} | ret=SUCCESS |  
2019-08-28 21:29:31,736 [grpc-default-executor-5] INFO  client.GrpcClientProtocolClient (GrpcClientProtocolClient.java:onNext(255)) - client-05DA20D107F8->b461a7b0-028a-4eb5-b268-b89ac225aff8: receive RaftClientReply:client-05DA20D107F8->b461a7b0-028a-4eb5-b268-b89ac225aff8@group-0C8C0AA7542A, cid=1088, SUCCESS, logIndex=1488, commits[b461a7b0-028a-4eb5-b268-b89ac225aff8:c1490, b6ff45f5-67b8-463b-a273-c2e7d9dadd75:c1486, 6a5cb75f-f7eb-4671-9a85-3b6f7898f6cc:c1486]
2019-08-28 21:29:31,736 [grpc-default-executor-5] INFO  client.GrpcClientProtocolClient (GrpcClientProtocolClient.java:onNext(255)) - client-05DA20D107F8->b461a7b0-028a-4eb5-b268-b89ac225aff8: receive RaftClientReply:client-05DA20D107F8->b461a7b0-028a-4eb5-b268-b89ac225aff8@group-0C8C0AA7542A, cid=1089, SUCCESS, logIndex=1489, commits[b461a7b0-028a-4eb5-b268-b89ac225aff8:c1490, b6ff45f5-67b8-463b-a273-c2e7d9dadd75:c1486, 6a5cb75f-f7eb-4671-9a85-3b6f7898f6cc:c1486]
2019-08-28 21:29:31,737 [grpc-default-executor-5] INFO  client.GrpcClientProtocolClient (GrpcClientProtocolClient.java:onNext(255)) - client-05DA20D107F8->b461a7b0-028a-4eb5-b268-b89ac225aff8: receive RaftClientReply:client-05DA20D107F8->b461a7b0-028a-4eb5-b268-b89ac225aff8@group-0C8C0AA7542A, cid=1090, SUCCESS, logIndex=1490, commits[b461a7b0-028a-4eb5-b268-b89ac225aff8:c1490, b6ff45f5-67b8-463b-a273-c2e7d9dadd75:c1486, 6a5cb75f-f7eb-4671-9a85-3b6f7898f6cc:c1486]
2019-08-28 21:29:31,748 | INFO  | DNAudit | user=null | ip=null | op=WRITE_CHUNK {blockData=conID: 3 locID: 102696731549499844 bcsId: 0} | ret=SUCCESS |  
2019-08-28 21:29:31,748 | INFO  | DNAudit | user=null | ip=null | op=PUT_BLOCK {blockData=[blockId=conID: 3 locID: 102696731549499844 bcsId: 0,size=1048576]} | ret=SUCCESS |  
2019-08-28 21:29:31,748 | INFO  | DNAudit | user=null | ip=null | op=WRITE_CHUNK {blockData=conID: 3 locID: 102696731549499844 bcsId: 0} | ret=SUCCESS |  
2019-08-28 21:29:31,749 | INFO  | DNAudit | user=null | ip=null | op=PUT_BLOCK {blockData=[blockId=conID: 3 locID: 102696731549499844 bcsId: 0,size=1048576]} | ret=SUCCESS |  
2019-08-28 21:29:31,749 | INFO  | DNAudit | user=null | ip=null | op=WRITE_CHUNK {blockData=conID: 3 locID: 102696731549499844 bcsId: 0} | ret=SUCCESS |  
2019-08-28 21:29:31,749 | INFO  | DNAudit | user=null | ip=null | op=PUT_BLOCK {blockData=[blockId=conID: 3 locID: 102696731549499844 bcsId: 0,size=2097152]} | ret=SUCCESS |  
2019-08-28 21:29:31,749 | INFO  | DNAudit | user=null | ip=null | op=WRITE_CHUNK {blockData=conID: 3 locID: 102696731549499844 bcsId: 0} | ret=SUCCESS |  
2019-08-28 21:29:31,749 [grpc-default-executor-6] INFO  client.GrpcClientProtocolClient (GrpcClientProtocolClient.java:onNext(255)) - client-05DA20D107F8->b461a7b0-028a-4eb5-b268-b89ac225aff8: receive RaftClientReply:client-05DA20D107F8->b461a7b0-028a-4eb5-b268-b89ac225aff8@group-0C8C0AA7542A, cid=1091, SUCCESS, logIndex=0, commits[b461a7b0-028a-4eb5-b268-b89ac225aff8:c1491, b6ff45f5-67b8-463b-a273-c2e7d9dadd75:c1488, 6a5cb75f-f7eb-4671-9a85-3b6f7898f6cc:c1488]
2019-08-28 21:29:31,750 | INFO  | DNAudit | user=null | ip=null | op=PUT_BLOCK {blockData=[blockId=conID: 3 locID: 102696731549499844 bcsId: 0,size=2097152]} | ret=SUCCESS |  
2019-08-28 21:29:31,757 | INFO  | DNAudit | user=null | ip=null | op=WRITE_CHUNK {blockData=conID: 3 locID: 102696731549499844 bcsId: 1490} | ret=SUCCESS |  
2019-08-28 21:29:31,759 | INFO  | DNAudit | user=null | ip=null | op=WRITE_CHUNK {blockData=conID: 3 locID: 102696731549499844 bcsId: 1490} | ret=SUCCESS |  
2019-08-28 21:29:31,760 | INFO  | DNAudit | user=null | ip=null | op=WRITE_CHUNK {blockData=conID: 3 locID: 102696731549499844 bcsId: 1490} | ret=SUCCESS |  
2019-08-28 21:29:31,779 | INFO  | DNAudit | user=null | ip=null | op=WRITE_CHUNK {blockData=conID: 3 locID: 102696731549499844 bcsId: 1490} | ret=SUCCESS |  
2019-08-28 21:29:31,780 | INFO  | DNAudit | user=null | ip=null | op=PUT_BLOCK {blockData=[blockId=conID: 3 locID: 102696731549499844 bcsId: 0,size=3145728]} | ret=SUCCESS |  
2019-08-28 21:29:31,780 [grpc-default-executor-5] INFO  client.GrpcClientProtocolClient (GrpcClientProtocolClient.java:onNext(255)) - client-05DA20D107F8->b461a7b0-028a-4eb5-b268-b89ac225aff8: receive RaftClientReply:client-05DA20D107F8->b461a7b0-028a-4eb5-b268-b89ac225aff8@group-0C8C0AA7542A, cid=1092, SUCCESS, logIndex=1495, commits[b461a7b0-028a-4eb5-b268-b89ac225aff8:c1496, b6ff45f5-67b8-463b-a273-c2e7d9dadd75:c1490, 6a5cb75f-f7eb-4671-9a85-3b6f7898f6cc:c1494]
2019-08-28 21:29:31,781 [grpc-default-executor-5] INFO  client.GrpcClientProtocolClient (GrpcClientProtocolClient.java:onNext(255)) - client-05DA20D107F8->b461a7b0-028a-4eb5-b268-b89ac225aff8: receive RaftClientReply:client-05DA20D107F8->b461a7b0-028a-4eb5-b268-b89ac225aff8@group-0C8C0AA7542A, cid=1093, SUCCESS, logIndex=1496, commits[b461a7b0-028a-4eb5-b268-b89ac225aff8:c1496, b6ff45f5-67b8-463b-a273-c2e7d9dadd75:c1494, 6a5cb75f-f7eb-4671-9a85-3b6f7898f6cc:c1494]
2019-08-28 21:29:31,787 | INFO  | DNAudit | user=null | ip=null | op=WRITE_CHUNK {blockData=conID: 3 locID: 102696731549499844 bcsId: 1496} | ret=SUCCESS |  
2019-08-28 21:29:31,790 | INFO  | DNAudit | user=null | ip=null | op=WRITE_CHUNK {blockData=conID: 3 locID: 102696731549499844 bcsId: 1496} | ret=SUCCESS |  
2019-08-28 21:29:31,791 | INFO  | DNAudit | user=null | ip=null | op=WRITE_CHUNK {blockData=conID: 3 locID: 102696731549499844 bcsId: 1496} | ret=SUCCESS |  
2019-08-28 21:29:31,792 | INFO  | DNAudit | user=null | ip=null | op=WRITE_CHUNK {blockData=conID: 3 locID: 102696731549499844 bcsId: 1490} | ret=SUCCESS |  
2019-08-28 21:29:31,792 | INFO  | DNAudit | user=null | ip=null | op=WRITE_CHUNK {blockData=conID: 3 locID: 102696731549499844 bcsId: 1490} | ret=SUCCESS |  
2019-08-28 21:29:31,792 | INFO  | DNAudit | user=null | ip=null | op=PUT_BLOCK {blockData=[blockId=conID: 3 locID: 102696731549499844 bcsId: 0,size=3145728]} | ret=SUCCESS |  
2019-08-28 21:29:31,792 | INFO  | DNAudit | user=null | ip=null | op=PUT_BLOCK {blockData=[blockId=conID: 3 locID: 102696731549499844 bcsId: 0,size=3145728]} | ret=SUCCESS |  
2019-08-28 21:29:31,793 | INFO  | DNAudit | user=null | ip=null | op=WRITE_CHUNK {blockData=conID: 3 locID: 102696731549499844 bcsId: 1496} | ret=SUCCESS |  
2019-08-28 21:29:31,794 | INFO  | DNAudit | user=null | ip=null | op=PUT_BLOCK {blockData=[blockId=conID: 3 locID: 102696731549499844 bcsId: 0,size=4194304]} | ret=SUCCESS |  
2019-08-28 21:29:31,794 [grpc-default-executor-5] INFO  client.GrpcClientProtocolClient (GrpcClientProtocolClient.java:onNext(255)) - client-05DA20D107F8->b461a7b0-028a-4eb5-b268-b89ac225aff8: receive RaftClientReply:client-05DA20D107F8->b461a7b0-028a-4eb5-b268-b89ac225aff8@group-0C8C0AA7542A, cid=1094, SUCCESS, logIndex=1498, commits[b461a7b0-028a-4eb5-b268-b89ac225aff8:c1499, b6ff45f5-67b8-463b-a273-c2e7d9dadd75:c1496, 6a5cb75f-f7eb-4671-9a85-3b6f7898f6cc:c1496]
2019-08-28 21:29:31,794 [grpc-default-executor-5] INFO  client.GrpcClientProtocolClient (GrpcClientProtocolClient.java:onNext(255)) - client-05DA20D107F8->b461a7b0-028a-4eb5-b268-b89ac225aff8: receive RaftClientReply:client-05DA20D107F8->b461a7b0-028a-4eb5-b268-b89ac225aff8@group-0C8C0AA7542A, cid=1095, SUCCESS, logIndex=1499, commits[b461a7b0-028a-4eb5-b268-b89ac225aff8:c1499, b6ff45f5-67b8-463b-a273-c2e7d9dadd75:c1496, 6a5cb75f-f7eb-4671-9a85-3b6f7898f6cc:c1496]
2019-08-28 21:29:31,807 | INFO  | DNAudit | user=null | ip=null | op=WRITE_CHUNK {blockData=conID: 3 locID: 102696731549499844 bcsId: 1496} | ret=SUCCESS |  
2019-08-28 21:29:31,807 | INFO  | DNAudit | user=null | ip=null | op=WRITE_CHUNK {blockData=conID: 3 locID: 102696731549499844 bcsId: 1496} | ret=SUCCESS |  
2019-08-28 21:29:31,808 | INFO  | DNAudit | user=null | ip=null | op=PUT_BLOCK {blockData=[blockId=conID: 3 locID: 102696731549499844 bcsId: 0,size=4194304]} | ret=SUCCESS |  
2019-08-28 21:29:31,808 | INFO  | DNAudit | user=null | ip=null | op=PUT_BLOCK {blockData=[blockId=conID: 3 locID: 102696731549499844 bcsId: 0,size=4194304]} | ret=SUCCESS |  
2019-08-28 21:29:31,809 [grpc-default-executor-5] INFO  client.GrpcClientProtocolClient (GrpcClientProtocolClient.java:onNext(255)) - client-05DA20D107F8->b461a7b0-028a-4eb5-b268-b89ac225aff8: receive RaftClientReply:client-05DA20D107F8->b461a7b0-028a-4eb5-b268-b89ac225aff8@group-0C8C0AA7542A, cid=1096, SUCCESS, logIndex=0, commits[b461a7b0-028a-4eb5-b268-b89ac225aff8:c1501, b6ff45f5-67b8-463b-a273-c2e7d9dadd75:c1499, 6a5cb75f-f7eb-4671-9a85-3b6f7898f6cc:c1499]
2019-08-28 21:29:31,815 | INFO  | DNAudit | user=null | ip=null | op=WRITE_CHUNK {blockData=conID: 1 locID: 102696731549499845 bcsId: 0} | ret=SUCCESS |  
2019-08-28 21:29:31,819 | INFO  | DNAudit | user=null | ip=null | op=WRITE_CHUNK {blockData=conID: 1 locID: 102696731549499845 bcsId: 0} | ret=SUCCESS |  
2019-08-28 21:29:31,819 | INFO  | DNAudit | user=null | ip=null | op=WRITE_CHUNK {blockData=conID: 1 locID: 102696731549499845 bcsId: 0} | ret=SUCCESS |  
2019-08-28 21:29:31,819 | INFO  | DNAudit | user=null | ip=null | op=WRITE_CHUNK {blockData=conID: 1 locID: 102696731549499845 bcsId: 0} | ret=SUCCESS |  
2019-08-28 21:29:31,821 | INFO  | DNAudit | user=null | ip=null | op=WRITE_CHUNK {blockData=conID: 1 locID: 102696731549499845 bcsId: 0} | ret=SUCCESS |  
2019-08-28 21:29:31,821 | INFO  | DNAudit | user=null | ip=null | op=WRITE_CHUNK {blockData=conID: 1 locID: 102696731549499845 bcsId: 0} | ret=SUCCESS |  
2019-08-28 21:29:31,843 | INFO  | DNAudit | user=null | ip=null | op=WRITE_CHUNK {blockData=conID: 1 locID: 102696731549499845 bcsId: 0} | ret=SUCCESS |  
2019-08-28 21:29:31,844 | INFO  | DNAudit | user=null | ip=null | op=PUT_BLOCK {blockData=[blockId=conID: 1 locID: 102696731549499845 bcsId: 0,size=1048576]} | ret=SUCCESS |  
2019-08-28 21:29:31,844 [grpc-default-executor-5] INFO  client.GrpcClientProtocolClient (GrpcClientProtocolClient.java:onNext(255)) - client-05DA20D107F8->b461a7b0-028a-4eb5-b268-b89ac225aff8: receive RaftClientReply:client-05DA20D107F8->b461a7b0-028a-4eb5-b268-b89ac225aff8@group-0C8C0AA7542A, cid=1097, SUCCESS, logIndex=1502, commits[b461a7b0-028a-4eb5-b268-b89ac225aff8:c1503, b6ff45f5-67b8-463b-a273-c2e7d9dadd75:c1501, 6a5cb75f-f7eb-4671-9a85-3b6f7898f6cc:c1501]
2019-08-28 21:29:31,845 [grpc-default-executor-5] INFO  client.GrpcClientProtocolClient (GrpcClientProtocolClient.java:onNext(255)) - client-05DA20D107F8->b461a7b0-028a-4eb5-b268-b89ac225aff8: receive RaftClientReply:client-05DA20D107F8->b461a7b0-028a-4eb5-b268-b89ac225aff8@group-0C8C0AA7542A, cid=1098, SUCCESS, logIndex=1503, commits[b461a7b0-028a-4eb5-b268-b89ac225aff8:c1503, b6ff45f5-67b8-463b-a273-c2e7d9dadd75:c1501, 6a5cb75f-f7eb-4671-9a85-3b6f7898f6cc:c1501]
2019-08-28 21:29:31,853 | INFO  | DNAudit | user=null | ip=null | op=WRITE_CHUNK {blockData=conID: 1 locID: 102696731549499845 bcsId: 0} | ret=SUCCESS |  
2019-08-28 21:29:31,854 | INFO  | DNAudit | user=null | ip=null | op=WRITE_CHUNK {blockData=conID: 1 locID: 102696731549499845 bcsId: 0} | ret=SUCCESS |  
2019-08-28 21:29:31,854 | INFO  | DNAudit | user=null | ip=null | op=PUT_BLOCK {blockData=[blockId=conID: 1 locID: 102696731549499845 bcsId: 0,size=2097152]} | ret=SUCCESS |  
2019-08-28 21:29:31,854 | INFO  | DNAudit | user=null | ip=null | op=PUT_BLOCK {blockData=[blockId=conID: 1 locID: 102696731549499845 bcsId: 0,size=1048576]} | ret=SUCCESS |  
2019-08-28 21:29:31,854 [grpc-default-executor-5] INFO  client.GrpcClientProtocolClient (GrpcClientProtocolClient.java:onNext(255)) - client-05DA20D107F8->b461a7b0-028a-4eb5-b268-b89ac225aff8: receive RaftClientReply:client-05DA20D107F8->b461a7b0-028a-4eb5-b268-b89ac225aff8@group-0C8C0AA7542A, cid=1099, SUCCESS, logIndex=1504, commits[b461a7b0-028a-4eb5-b268-b89ac225aff8:c1505, b6ff45f5-67b8-463b-a273-c2e7d9dadd75:c1501, 6a5cb75f-f7eb-4671-9a85-3b6f7898f6cc:c1501]
2019-08-28 21:29:31,854 | INFO  | DNAudit | user=null | ip=null | op=WRITE_CHUNK {blockData=conID: 1 locID: 102696731549499845 bcsId: 0} | ret=SUCCESS |  
2019-08-28 21:29:31,855 | INFO  | DNAudit | user=null | ip=null | op=PUT_BLOCK {blockData=[blockId=conID: 1 locID: 102696731549499845 bcsId: 0,size=1048576]} | ret=SUCCESS |  
2019-08-28 21:29:31,855 | INFO  | DNAudit | user=null | ip=null | op=WRITE_CHUNK {blockData=conID: 1 locID: 102696731549499845 bcsId: 0} | ret=SUCCESS |  
2019-08-28 21:29:31,855 [grpc-default-executor-6] INFO  client.GrpcClientProtocolClient (GrpcClientProtocolClient.java:onNext(255)) - client-05DA20D107F8->b461a7b0-028a-4eb5-b268-b89ac225aff8: receive RaftClientReply:client-05DA20D107F8->b461a7b0-028a-4eb5-b268-b89ac225aff8@group-0C8C0AA7542A, cid=1100, SUCCESS, logIndex=1505, commits[b461a7b0-028a-4eb5-b268-b89ac225aff8:c1506, b6ff45f5-67b8-463b-a273-c2e7d9dadd75:c1503, 6a5cb75f-f7eb-4671-9a85-3b6f7898f6cc:c1501]
2019-08-28 21:29:31,855 | INFO  | DNAudit | user=null | ip=null | op=PUT_BLOCK {blockData=[blockId=conID: 1 locID: 102696731549499845 bcsId: 0,size=2097152]} | ret=SUCCESS |  
2019-08-28 21:29:31,856 | INFO  | DNAudit | user=null | ip=null | op=WRITE_CHUNK {blockData=conID: 1 locID: 102696731549499845 bcsId: 0} | ret=SUCCESS |  
2019-08-28 21:29:31,856 | INFO  | DNAudit | user=null | ip=null | op=PUT_BLOCK {blockData=[blockId=conID: 1 locID: 102696731549499845 bcsId: 0,size=2097152]} | ret=SUCCESS |  
2019-08-28 21:29:31,856 [grpc-default-executor-5] INFO  client.GrpcClientProtocolClient (GrpcClientProtocolClient.java:onNext(255)) - client-05DA20D107F8->b461a7b0-028a-4eb5-b268-b89ac225aff8: receive RaftClientReply:client-05DA20D107F8->b461a7b0-028a-4eb5-b268-b89ac225aff8@group-0C8C0AA7542A, cid=1101, SUCCESS, logIndex=0, commits[b461a7b0-028a-4eb5-b268-b89ac225aff8:c1509, b6ff45f5-67b8-463b-a273-c2e7d9dadd75:c1505, 6a5cb75f-f7eb-4671-9a85-3b6f7898f6cc:c1503]
2019-08-28 21:29:31,865 | INFO  | DNAudit | user=null | ip=null | op=WRITE_CHUNK {blockData=conID: 1 locID: 102696731549499845 bcsId: 1505} | ret=SUCCESS |  
2019-08-28 21:29:31,867 | INFO  | DNAudit | user=null | ip=null | op=WRITE_CHUNK {blockData=conID: 1 locID: 102696731549499845 bcsId: 1505} | ret=SUCCESS |  
2019-08-28 21:29:31,867 | INFO  | DNAudit | user=null | ip=null | op=WRITE_CHUNK {blockData=conID: 1 locID: 102696731549499845 bcsId: 1505} | ret=SUCCESS |  
2019-08-28 21:29:31,899 | INFO  | DNAudit | user=null | ip=null | op=WRITE_CHUNK {blockData=conID: 1 locID: 102696731549499845 bcsId: 1505} | ret=SUCCESS |  
2019-08-28 21:29:31,900 | INFO  | DNAudit | user=null | ip=null | op=PUT_BLOCK {blockData=[blockId=conID: 1 locID: 102696731549499845 bcsId: 0,size=3145728]} | ret=SUCCESS |  
2019-08-28 21:29:31,900 [grpc-default-executor-5] INFO  client.GrpcClientProtocolClient (GrpcClientProtocolClient.java:onNext(255)) - client-05DA20D107F8->b461a7b0-028a-4eb5-b268-b89ac225aff8: receive RaftClientReply:client-05DA20D107F8->b461a7b0-028a-4eb5-b268-b89ac225aff8@group-0C8C0AA7542A, cid=1102, SUCCESS, logIndex=1510, commits[b461a7b0-028a-4eb5-b268-b89ac225aff8:c1511, b6ff45f5-67b8-463b-a273-c2e7d9dadd75:c1509, 6a5cb75f-f7eb-4671-9a85-3b6f7898f6cc:c1509]
2019-08-28 21:29:31,900 [grpc-default-executor-5] INFO  client.GrpcClientProtocolClient (GrpcClientProtocolClient.java:onNext(255)) - client-05DA20D107F8->b461a7b0-028a-4eb5-b268-b89ac225aff8: receive RaftClientReply:client-05DA20D107F8->b461a7b0-028a-4eb5-b268-b89ac225aff8@group-0C8C0AA7542A, cid=1103, SUCCESS, logIndex=1511, commits[b461a7b0-028a-4eb5-b268-b89ac225aff8:c1511, b6ff45f5-67b8-463b-a273-c2e7d9dadd75:c1509, 6a5cb75f-f7eb-4671-9a85-3b6f7898f6cc:c1509]
2019-08-28 21:29:31,913 | INFO  | DNAudit | user=null | ip=null | op=WRITE_CHUNK {blockData=conID: 1 locID: 102696731549499845 bcsId: 1511} | ret=SUCCESS |  
2019-08-28 21:29:31,913 | INFO  | DNAudit | user=null | ip=null | op=WRITE_CHUNK {blockData=conID: 1 locID: 102696731549499845 bcsId: 1511} | ret=SUCCESS |  
2019-08-28 21:29:31,913 | INFO  | DNAudit | user=null | ip=null | op=WRITE_CHUNK {blockData=conID: 1 locID: 102696731549499845 bcsId: 1511} | ret=SUCCESS |  
2019-08-28 21:29:31,918 | INFO  | DNAudit | user=null | ip=null | op=WRITE_CHUNK {blockData=conID: 1 locID: 102696731549499845 bcsId: 1505} | ret=SUCCESS |  
2019-08-28 21:29:31,919 | INFO  | DNAudit | user=null | ip=null | op=WRITE_CHUNK {blockData=conID: 1 locID: 102696731549499845 bcsId: 1505} | ret=SUCCESS |  
2019-08-28 21:29:31,919 | INFO  | DNAudit | user=null | ip=null | op=PUT_BLOCK {blockData=[blockId=conID: 1 locID: 102696731549499845 bcsId: 0,size=3145728]} | ret=SUCCESS |  
2019-08-28 21:29:31,919 | INFO  | DNAudit | user=null | ip=null | op=PUT_BLOCK {blockData=[blockId=conID: 1 locID: 102696731549499845 bcsId: 0,size=3145728]} | ret=SUCCESS |  
2019-08-28 21:29:31,920 | INFO  | DNAudit | user=null | ip=null | op=WRITE_CHUNK {blockData=conID: 1 locID: 102696731549499845 bcsId: 1511} | ret=SUCCESS |  
2019-08-28 21:29:31,920 | INFO  | DNAudit | user=null | ip=null | op=PUT_BLOCK {blockData=[blockId=conID: 1 locID: 102696731549499845 bcsId: 0,size=4194304]} | ret=SUCCESS |  
2019-08-28 21:29:31,921 [grpc-default-executor-6] INFO  client.GrpcClientProtocolClient (GrpcClientProtocolClient.java:onNext(255)) - client-05DA20D107F8->b461a7b0-028a-4eb5-b268-b89ac225aff8: receive RaftClientReply:client-05DA20D107F8->b461a7b0-028a-4eb5-b268-b89ac225aff8@group-0C8C0AA7542A, cid=1104, SUCCESS, logIndex=1514, commits[b461a7b0-028a-4eb5-b268-b89ac225aff8:c1514, b6ff45f5-67b8-463b-a273-c2e7d9dadd75:c1511, 6a5cb75f-f7eb-4671-9a85-3b6f7898f6cc:c1511]
2019-08-28 21:29:31,921 [grpc-default-executor-6] INFO  client.GrpcClientProtocolClient (GrpcClientProtocolClient.java:onNext(255)) - client-05DA20D107F8->b461a7b0-028a-4eb5-b268-b89ac225aff8: receive RaftClientReply:client-05DA20D107F8->b461a7b0-028a-4eb5-b268-b89ac225aff8@group-0C8C0AA7542A, cid=1105, SUCCESS, logIndex=1515, commits[b461a7b0-028a-4eb5-b268-b89ac225aff8:c1515, b6ff45f5-67b8-463b-a273-c2e7d9dadd75:c1511, 6a5cb75f-f7eb-4671-9a85-3b6f7898f6cc:c1511]
2019-08-28 21:29:31,939 | INFO  | DNAudit | user=null | ip=null | op=WRITE_CHUNK {blockData=conID: 1 locID: 102696731549499845 bcsId: 1511} | ret=SUCCESS |  
2019-08-28 21:29:31,939 | INFO  | DNAudit | user=null | ip=null | op=WRITE_CHUNK {blockData=conID: 1 locID: 102696731549499845 bcsId: 1511} | ret=SUCCESS |  
2019-08-28 21:29:31,940 | INFO  | DNAudit | user=null | ip=null | op=PUT_BLOCK {blockData=[blockId=conID: 1 locID: 102696731549499845 bcsId: 0,size=4194304]} | ret=SUCCESS |  
2019-08-28 21:29:31,940 | INFO  | DNAudit | user=null | ip=null | op=PUT_BLOCK {blockData=[blockId=conID: 1 locID: 102696731549499845 bcsId: 0,size=4194304]} | ret=SUCCESS |  
2019-08-28 21:29:31,941 [grpc-default-executor-3] INFO  client.GrpcClientProtocolClient (GrpcClientProtocolClient.java:onNext(255)) - client-05DA20D107F8->b461a7b0-028a-4eb5-b268-b89ac225aff8: receive RaftClientReply:client-05DA20D107F8->b461a7b0-028a-4eb5-b268-b89ac225aff8@group-0C8C0AA7542A, cid=1106, SUCCESS, logIndex=0, commits[b461a7b0-028a-4eb5-b268-b89ac225aff8:c1517, b6ff45f5-67b8-463b-a273-c2e7d9dadd75:c1515, 6a5cb75f-f7eb-4671-9a85-3b6f7898f6cc:c1515]
2019-08-28 21:29:31,948 | INFO  | DNAudit | user=null | ip=null | op=WRITE_CHUNK {blockData=conID: 2 locID: 102696731549499846 bcsId: 0} | ret=SUCCESS |  
2019-08-28 21:29:31,951 | INFO  | DNAudit | user=null | ip=null | op=WRITE_CHUNK {blockData=conID: 2 locID: 102696731549499846 bcsId: 0} | ret=SUCCESS |  
2019-08-28 21:29:31,952 | INFO  | DNAudit | user=null | ip=null | op=WRITE_CHUNK {blockData=conID: 2 locID: 102696731549499846 bcsId: 0} | ret=SUCCESS |  
2019-08-28 21:29:31,952 | INFO  | DNAudit | user=null | ip=null | op=WRITE_CHUNK {blockData=conID: 2 locID: 102696731549499846 bcsId: 0} | ret=SUCCESS |  
2019-08-28 21:29:31,953 | INFO  | DNAudit | user=null | ip=null | op=WRITE_CHUNK {blockData=conID: 2 locID: 102696731549499846 bcsId: 0} | ret=SUCCESS |  
2019-08-28 21:29:31,953 | INFO  | DNAudit | user=null | ip=null | op=WRITE_CHUNK {blockData=conID: 2 locID: 102696731549499846 bcsId: 0} | ret=SUCCESS |  
2019-08-28 21:29:31,962 | INFO  | DNAudit | user=null | ip=null | op=WRITE_CHUNK {blockData=conID: 2 locID: 102696731549499846 bcsId: 0} | ret=SUCCESS |  
2019-08-28 21:29:31,963 | INFO  | DNAudit | user=null | ip=null | op=PUT_BLOCK {blockData=[blockId=conID: 2 locID: 102696731549499846 bcsId: 0,size=1048576]} | ret=SUCCESS |  
2019-08-28 21:29:31,963 [grpc-default-executor-2] INFO  client.GrpcClientProtocolClient (GrpcClientProtocolClient.java:onNext(255)) - client-05DA20D107F8->b461a7b0-028a-4eb5-b268-b89ac225aff8: receive RaftClientReply:client-05DA20D107F8->b461a7b0-028a-4eb5-b268-b89ac225aff8@group-0C8C0AA7542A, cid=1107, SUCCESS, logIndex=1518, commits[b461a7b0-028a-4eb5-b268-b89ac225aff8:c1519, b6ff45f5-67b8-463b-a273-c2e7d9dadd75:c1517, 6a5cb75f-f7eb-4671-9a85-3b6f7898f6cc:c1517]
2019-08-28 21:29:31,963 | INFO  | DNAudit | user=null | ip=null | op=WRITE_CHUNK {blockData=conID: 2 locID: 102696731549499846 bcsId: 0} | ret=SUCCESS |  
2019-08-28 21:29:31,963 [grpc-default-executor-2] INFO  client.GrpcClientProtocolClient (GrpcClientProtocolClient.java:onNext(255)) - client-05DA20D107F8->b461a7b0-028a-4eb5-b268-b89ac225aff8: receive RaftClientReply:client-05DA20D107F8->b461a7b0-028a-4eb5-b268-b89ac225aff8@group-0C8C0AA7542A, cid=1108, SUCCESS, logIndex=1519, commits[b461a7b0-028a-4eb5-b268-b89ac225aff8:c1521, b6ff45f5-67b8-463b-a273-c2e7d9dadd75:c1517, 6a5cb75f-f7eb-4671-9a85-3b6f7898f6cc:c1517]
2019-08-28 21:29:31,963 | INFO  | DNAudit | user=null | ip=null | op=PUT_BLOCK {blockData=[blockId=conID: 2 locID: 102696731549499846 bcsId: 0,size=2097152]} | ret=SUCCESS |  
2019-08-28 21:29:31,964 [grpc-default-executor-2] INFO  client.GrpcClientProtocolClient (GrpcClientProtocolClient.java:onNext(255)) - client-05DA20D107F8->b461a7b0-028a-4eb5-b268-b89ac225aff8: receive RaftClientReply:client-05DA20D107F8->b461a7b0-028a-4eb5-b268-b89ac225aff8@group-0C8C0AA7542A, cid=1109, SUCCESS, logIndex=1520, commits[b461a7b0-028a-4eb5-b268-b89ac225aff8:c1521, b6ff45f5-67b8-463b-a273-c2e7d9dadd75:c1517, 6a5cb75f-f7eb-4671-9a85-3b6f7898f6cc:c1517]
2019-08-28 21:29:31,964 [grpc-default-executor-2] INFO  client.GrpcClientProtocolClient (GrpcClientProtocolClient.java:onNext(255)) - client-05DA20D107F8->b461a7b0-028a-4eb5-b268-b89ac225aff8: receive RaftClientReply:client-05DA20D107F8->b461a7b0-028a-4eb5-b268-b89ac225aff8@group-0C8C0AA7542A, cid=1110, SUCCESS, logIndex=1521, commits[b461a7b0-028a-4eb5-b268-b89ac225aff8:c1521, b6ff45f5-67b8-463b-a273-c2e7d9dadd75:c1517, 6a5cb75f-f7eb-4671-9a85-3b6f7898f6cc:c1517]
2019-08-28 21:29:31,985 | INFO  | DNAudit | user=null | ip=null | op=WRITE_CHUNK {blockData=conID: 2 locID: 102696731549499846 bcsId: 0} | ret=SUCCESS |  
2019-08-28 21:29:31,985 | INFO  | DNAudit | user=null | ip=null | op=WRITE_CHUNK {blockData=conID: 2 locID: 102696731549499846 bcsId: 0} | ret=SUCCESS |  
2019-08-28 21:29:31,986 | INFO  | DNAudit | user=null | ip=null | op=PUT_BLOCK {blockData=[blockId=conID: 2 locID: 102696731549499846 bcsId: 0,size=1048576]} | ret=SUCCESS |  
2019-08-28 21:29:31,986 | INFO  | DNAudit | user=null | ip=null | op=WRITE_CHUNK {blockData=conID: 2 locID: 102696731549499846 bcsId: 0} | ret=SUCCESS |  
2019-08-28 21:29:31,987 | INFO  | DNAudit | user=null | ip=null | op=PUT_BLOCK {blockData=[blockId=conID: 2 locID: 102696731549499846 bcsId: 0,size=2097152]} | ret=SUCCESS |  
2019-08-28 21:29:31,987 | INFO  | DNAudit | user=null | ip=null | op=PUT_BLOCK {blockData=[blockId=conID: 2 locID: 102696731549499846 bcsId: 0,size=1048576]} | ret=SUCCESS |  
2019-08-28 21:29:31,987 | INFO  | DNAudit | user=null | ip=null | op=WRITE_CHUNK {blockData=conID: 2 locID: 102696731549499846 bcsId: 0} | ret=SUCCESS |  
2019-08-28 21:29:31,987 | INFO  | DNAudit | user=null | ip=null | op=PUT_BLOCK {blockData=[blockId=conID: 2 locID: 102696731549499846 bcsId: 0,size=2097152]} | ret=SUCCESS |  
2019-08-28 21:29:31,987 [grpc-default-executor-3] INFO  client.GrpcClientProtocolClient (GrpcClientProtocolClient.java:onNext(255)) - client-05DA20D107F8->b461a7b0-028a-4eb5-b268-b89ac225aff8: receive RaftClientReply:client-05DA20D107F8->b461a7b0-028a-4eb5-b268-b89ac225aff8@group-0C8C0AA7542A, cid=1111, SUCCESS, logIndex=0, commits[b461a7b0-028a-4eb5-b268-b89ac225aff8:c1525, b6ff45f5-67b8-463b-a273-c2e7d9dadd75:c1521, 6a5cb75f-f7eb-4671-9a85-3b6f7898f6cc:c1519]
2019-08-28 21:29:31,995 | INFO  | DNAudit | user=null | ip=null | op=WRITE_CHUNK {blockData=conID: 2 locID: 102696731549499846 bcsId: 1521} | ret=SUCCESS |  
2019-08-28 21:29:31,997 | INFO  | DNAudit | user=null | ip=null | op=WRITE_CHUNK {blockData=conID: 2 locID: 102696731549499846 bcsId: 1521} | ret=SUCCESS |  
2019-08-28 21:29:31,997 | INFO  | DNAudit | user=null | ip=null | op=WRITE_CHUNK {blockData=conID: 2 locID: 102696731549499846 bcsId: 1521} | ret=SUCCESS |  
2019-08-28 21:29:32,011 | INFO  | DNAudit | user=null | ip=null | op=WRITE_CHUNK {blockData=conID: 2 locID: 102696731549499846 bcsId: 1521} | ret=SUCCESS |  
2019-08-28 21:29:32,011 | INFO  | DNAudit | user=null | ip=null | op=PUT_BLOCK {blockData=[blockId=conID: 2 locID: 102696731549499846 bcsId: 0,size=3145728]} | ret=SUCCESS |  
2019-08-28 21:29:32,011 [grpc-default-executor-3] INFO  client.GrpcClientProtocolClient (GrpcClientProtocolClient.java:onNext(255)) - client-05DA20D107F8->b461a7b0-028a-4eb5-b268-b89ac225aff8: receive RaftClientReply:client-05DA20D107F8->b461a7b0-028a-4eb5-b268-b89ac225aff8@group-0C8C0AA7542A, cid=1112, SUCCESS, logIndex=1526, commits[b461a7b0-028a-4eb5-b268-b89ac225aff8:c1527, b6ff45f5-67b8-463b-a273-c2e7d9dadd75:c1525, 6a5cb75f-f7eb-4671-9a85-3b6f7898f6cc:c1525]
2019-08-28 21:29:32,012 [grpc-default-executor-3] INFO  client.GrpcClientProtocolClient (GrpcClientProtocolClient.java:onNext(255)) - client-05DA20D107F8->b461a7b0-028a-4eb5-b268-b89ac225aff8: receive RaftClientReply:client-05DA20D107F8->b461a7b0-028a-4eb5-b268-b89ac225aff8@group-0C8C0AA7542A, cid=1113, SUCCESS, logIndex=1527, commits[b461a7b0-028a-4eb5-b268-b89ac225aff8:c1527, b6ff45f5-67b8-463b-a273-c2e7d9dadd75:c1525, 6a5cb75f-f7eb-4671-9a85-3b6f7898f6cc:c1525]
2019-08-28 21:29:32,019 | INFO  | DNAudit | user=null | ip=null | op=WRITE_CHUNK {blockData=conID: 2 locID: 102696731549499846 bcsId: 1527} | ret=SUCCESS |  
2019-08-28 21:29:32,021 | INFO  | DNAudit | user=null | ip=null | op=WRITE_CHUNK {blockData=conID: 2 locID: 102696731549499846 bcsId: 1527} | ret=SUCCESS |  
2019-08-28 21:29:32,021 | INFO  | DNAudit | user=null | ip=null | op=WRITE_CHUNK {blockData=conID: 2 locID: 102696731549499846 bcsId: 1527} | ret=SUCCESS |  
2019-08-28 21:29:32,027 | INFO  | DNAudit | user=null | ip=null | op=WRITE_CHUNK {blockData=conID: 2 locID: 102696731549499846 bcsId: 1521} | ret=SUCCESS |  
2019-08-28 21:29:32,027 | INFO  | DNAudit | user=null | ip=null | op=WRITE_CHUNK {blockData=conID: 2 locID: 102696731549499846 bcsId: 1521} | ret=SUCCESS |  
2019-08-28 21:29:32,027 | INFO  | DNAudit | user=null | ip=null | op=PUT_BLOCK {blockData=[blockId=conID: 2 locID: 102696731549499846 bcsId: 0,size=3145728]} | ret=SUCCESS |  
2019-08-28 21:29:32,027 | INFO  | DNAudit | user=null | ip=null | op=PUT_BLOCK {blockData=[blockId=conID: 2 locID: 102696731549499846 bcsId: 0,size=3145728]} | ret=SUCCESS |  
2019-08-28 21:29:32,028 | INFO  | SCMAudit | user=jenkins1000 | ip=192.168.36.107 | op=SEND_HEARTBEAT {datanodeUUID=b6ff45f5-67b8-463b-a273-c2e7d9dadd75, command=[]} | ret=SUCCESS |  
2019-08-28 21:29:32,028 | INFO  | SCMAudit | user=jenkins1000 | ip=192.168.36.107 | op=SEND_HEARTBEAT {datanodeUUID=b461a7b0-028a-4eb5-b268-b89ac225aff8, command=[]} | ret=SUCCESS |  
2019-08-28 21:29:32,028 | INFO  | SCMAudit | user=jenkins1000 | ip=192.168.36.107 | op=SEND_HEARTBEAT {datanodeUUID=6a5cb75f-f7eb-4671-9a85-3b6f7898f6cc, command=[]} | ret=SUCCESS |  
2019-08-28 21:29:32,059 | INFO  | DNAudit | user=null | ip=null | op=WRITE_CHUNK {blockData=conID: 2 locID: 102696731549499846 bcsId: 1527} | ret=SUCCESS |  
2019-08-28 21:29:32,059 | INFO  | DNAudit | user=null | ip=null | op=PUT_BLOCK {blockData=[blockId=conID: 2 locID: 102696731549499846 bcsId: 0,size=4194304]} | ret=SUCCESS |  
2019-08-28 21:29:32,059 [grpc-default-executor-3] INFO  client.GrpcClientProtocolClient (GrpcClientProtocolClient.java:onNext(255)) - client-05DA20D107F8->b461a7b0-028a-4eb5-b268-b89ac225aff8: receive RaftClientReply:client-05DA20D107F8->b461a7b0-028a-4eb5-b268-b89ac225aff8@group-0C8C0AA7542A, cid=1114, SUCCESS, logIndex=1530, commits[b461a7b0-028a-4eb5-b268-b89ac225aff8:c1531, b6ff45f5-67b8-463b-a273-c2e7d9dadd75:c1527, 6a5cb75f-f7eb-4671-9a85-3b6f7898f6cc:c1527]
2019-08-28 21:29:32,060 [grpc-default-executor-3] INFO  client.GrpcClientProtocolClient (GrpcClientProtocolClient.java:onNext(255)) - client-05DA20D107F8->b461a7b0-028a-4eb5-b268-b89ac225aff8: receive RaftClientReply:client-05DA20D107F8->b461a7b0-028a-4eb5-b268-b89ac225aff8@group-0C8C0AA7542A, cid=1115, SUCCESS, logIndex=1531, commits[b461a7b0-028a-4eb5-b268-b89ac225aff8:c1531, b6ff45f5-67b8-463b-a273-c2e7d9dadd75:c1527, 6a5cb75f-f7eb-4671-9a85-3b6f7898f6cc:c1527]
2019-08-28 21:29:32,073 | INFO  | DNAudit | user=null | ip=null | op=WRITE_CHUNK {blockData=conID: 2 locID: 102696731549499846 bcsId: 1527} | ret=SUCCESS |  
2019-08-28 21:29:32,073 | INFO  | DNAudit | user=null | ip=null | op=WRITE_CHUNK {blockData=conID: 2 locID: 102696731549499846 bcsId: 1527} | ret=SUCCESS |  
2019-08-28 21:29:32,073 | INFO  | DNAudit | user=null | ip=null | op=PUT_BLOCK {blockData=[blockId=conID: 2 locID: 102696731549499846 bcsId: 0,size=4194304]} | ret=SUCCESS |  
2019-08-28 21:29:32,074 | INFO  | DNAudit | user=null | ip=null | op=PUT_BLOCK {blockData=[blockId=conID: 2 locID: 102696731549499846 bcsId: 0,size=4194304]} | ret=SUCCESS |  
2019-08-28 21:29:32,075 [grpc-default-executor-3] INFO  client.GrpcClientProtocolClient (GrpcClientProtocolClient.java:onNext(255)) - client-05DA20D107F8->b461a7b0-028a-4eb5-b268-b89ac225aff8: receive RaftClientReply:client-05DA20D107F8->b461a7b0-028a-4eb5-b268-b89ac225aff8@group-0C8C0AA7542A, cid=1116, SUCCESS, logIndex=0, commits[b461a7b0-028a-4eb5-b268-b89ac225aff8:c1533, b6ff45f5-67b8-463b-a273-c2e7d9dadd75:c1531, 6a5cb75f-f7eb-4671-9a85-3b6f7898f6cc:c1531]
2019-08-28 21:29:32,083 | INFO  | DNAudit | user=null | ip=null | op=WRITE_CHUNK {blockData=conID: 3 locID: 102696731549499847 bcsId: 0} | ret=SUCCESS |  
2019-08-28 21:29:32,086 | INFO  | DNAudit | user=null | ip=null | op=WRITE_CHUNK {blockData=conID: 3 locID: 102696731549499847 bcsId: 0} | ret=SUCCESS |  
2019-08-28 21:29:32,087 | INFO  | DNAudit | user=null | ip=null | op=WRITE_CHUNK {blockData=conID: 3 locID: 102696731549499847 bcsId: 0} | ret=SUCCESS |  
2019-08-28 21:29:32,087 | INFO  | DNAudit | user=null | ip=null | op=WRITE_CHUNK {blockData=conID: 3 locID: 102696731549499847 bcsId: 0} | ret=SUCCESS |  
2019-08-28 21:29:32,089 | INFO  | DNAudit | user=null | ip=null | op=WRITE_CHUNK {blockData=conID: 3 locID: 102696731549499847 bcsId: 0} | ret=SUCCESS |  
2019-08-28 21:29:32,089 | INFO  | DNAudit | user=null | ip=null | op=WRITE_CHUNK {blockData=conID: 3 locID: 102696731549499847 bcsId: 0} | ret=SUCCESS |  
 0.00% |█                                                                                                    |  0/1 Time: 0:00:082019-08-28 21:29:32,107 | INFO  | DNAudit | user=null | ip=null | op=WRITE_CHUNK {blockData=conID: 3 locID: 102696731549499847 bcsId: 0} | ret=SUCCESS |  
2019-08-28 21:29:32,108 | INFO  | DNAudit | user=null | ip=null | op=PUT_BLOCK {blockData=[blockId=conID: 3 locID: 102696731549499847 bcsId: 0,size=1048576]} | ret=SUCCESS |  
2019-08-28 21:29:32,108 | INFO  | DNAudit | user=null | ip=null | op=WRITE_CHUNK {blockData=conID: 3 locID: 102696731549499847 bcsId: 0} | ret=SUCCESS |  
2019-08-28 21:29:32,108 [grpc-default-executor-2] INFO  client.GrpcClientProtocolClient (GrpcClientProtocolClient.java:onNext(255)) - client-05DA20D107F8->b461a7b0-028a-4eb5-b268-b89ac225aff8: receive RaftClientReply:client-05DA20D107F8->b461a7b0-028a-4eb5-b268-b89ac225aff8@group-0C8C0AA7542A, cid=1117, SUCCESS, logIndex=1534, commits[b461a7b0-028a-4eb5-b268-b89ac225aff8:c1536, b6ff45f5-67b8-463b-a273-c2e7d9dadd75:c1533, 6a5cb75f-f7eb-4671-9a85-3b6f7898f6cc:c1533]
2019-08-28 21:29:32,108 | INFO  | DNAudit | user=null | ip=null | op=PUT_BLOCK {blockData=[blockId=conID: 3 locID: 102696731549499847 bcsId: 0,size=2097152]} | ret=SUCCESS |  
2019-08-28 21:29:32,108 [grpc-default-executor-2] INFO  client.GrpcClientProtocolClient (GrpcClientProtocolClient.java:onNext(255)) - client-05DA20D107F8->b461a7b0-028a-4eb5-b268-b89ac225aff8: receive RaftClientReply:client-05DA20D107F8->b461a7b0-028a-4eb5-b268-b89ac225aff8@group-0C8C0AA7542A, cid=1118, SUCCESS, logIndex=1535, commits[b461a7b0-028a-4eb5-b268-b89ac225aff8:c1537, b6ff45f5-67b8-463b-a273-c2e7d9dadd75:c1533, 6a5cb75f-f7eb-4671-9a85-3b6f7898f6cc:c1533]
2019-08-28 21:29:32,109 [grpc-default-executor-2] INFO  client.GrpcClientProtocolClient (GrpcClientProtocolClient.java:onNext(255)) - client-05DA20D107F8->b461a7b0-028a-4eb5-b268-b89ac225aff8: receive RaftClientReply:client-05DA20D107F8->b461a7b0-028a-4eb5-b268-b89ac225aff8@group-0C8C0AA7542A, cid=1119, SUCCESS, logIndex=1536, commits[b461a7b0-028a-4eb5-b268-b89ac225aff8:c1537, b6ff45f5-67b8-463b-a273-c2e7d9dadd75:c1533, 6a5cb75f-f7eb-4671-9a85-3b6f7898f6cc:c1533]
2019-08-28 21:29:32,109 [grpc-default-executor-2] INFO  client.GrpcClientProtocolClient (GrpcClientProtocolClient.java:onNext(255)) - client-05DA20D107F8->b461a7b0-028a-4eb5-b268-b89ac225aff8: receive RaftClientReply:client-05DA20D107F8->b461a7b0-028a-4eb5-b268-b89ac225aff8@group-0C8C0AA7542A, cid=1120, SUCCESS, logIndex=1537, commits[b461a7b0-028a-4eb5-b268-b89ac225aff8:c1537, b6ff45f5-67b8-463b-a273-c2e7d9dadd75:c1533, 6a5cb75f-f7eb-4671-9a85-3b6f7898f6cc:c1533]
2019-08-28 21:29:32,128 | INFO  | DNAudit | user=null | ip=null | op=WRITE_CHUNK {blockData=conID: 3 locID: 102696731549499847 bcsId: 0} | ret=SUCCESS |  
2019-08-28 21:29:32,128 | INFO  | DNAudit | user=null | ip=null | op=WRITE_CHUNK {blockData=conID: 3 locID: 102696731549499847 bcsId: 0} | ret=SUCCESS |  
2019-08-28 21:29:32,129 | INFO  | DNAudit | user=null | ip=null | op=PUT_BLOCK {blockData=[blockId=conID: 3 locID: 102696731549499847 bcsId: 0,size=1048576]} | ret=SUCCESS |  
2019-08-28 21:29:32,129 | INFO  | DNAudit | user=null | ip=null | op=PUT_BLOCK {blockData=[blockId=conID: 3 locID: 102696731549499847 bcsId: 0,size=1048576]} | ret=SUCCESS |  
2019-08-28 21:29:32,129 | INFO  | DNAudit | user=null | ip=null | op=WRITE_CHUNK {blockData=conID: 3 locID: 102696731549499847 bcsId: 0} | ret=SUCCESS |  
2019-08-28 21:29:32,129 | INFO  | DNAudit | user=null | ip=null | op=WRITE_CHUNK {blockData=conID: 3 locID: 102696731549499847 bcsId: 0} | ret=SUCCESS |  
2019-08-28 21:29:32,129 | INFO  | DNAudit | user=null | ip=null | op=PUT_BLOCK {blockData=[blockId=conID: 3 locID: 102696731549499847 bcsId: 0,size=2097152]} | ret=SUCCESS |  
2019-08-28 21:29:32,129 | INFO  | DNAudit | user=null | ip=null | op=PUT_BLOCK {blockData=[blockId=conID: 3 locID: 102696731549499847 bcsId: 0,size=2097152]} | ret=SUCCESS |  
2019-08-28 21:29:32,130 [grpc-default-executor-2] INFO  client.GrpcClientProtocolClient (GrpcClientProtocolClient.java:onNext(255)) - client-05DA20D107F8->b461a7b0-028a-4eb5-b268-b89ac225aff8: receive RaftClientReply:client-05DA20D107F8->b461a7b0-028a-4eb5-b268-b89ac225aff8@group-0C8C0AA7542A, cid=1121, SUCCESS, logIndex=0, commits[b461a7b0-028a-4eb5-b268-b89ac225aff8:c1541, b6ff45f5-67b8-463b-a273-c2e7d9dadd75:c1537, 6a5cb75f-f7eb-4671-9a85-3b6f7898f6cc:c1535]
2019-08-28 21:29:32,137 | INFO  | DNAudit | user=null | ip=null | op=WRITE_CHUNK {blockData=conID: 3 locID: 102696731549499847 bcsId: 1537} | ret=SUCCESS |  
2019-08-28 21:29:32,139 | INFO  | DNAudit | user=null | ip=null | op=WRITE_CHUNK {blockData=conID: 3 locID: 102696731549499847 bcsId: 1537} | ret=SUCCESS |  
2019-08-28 21:29:32,139 | INFO  | DNAudit | user=null | ip=null | op=WRITE_CHUNK {blockData=conID: 3 locID: 102696731549499847 bcsId: 1537} | ret=SUCCESS |  
2019-08-28 21:29:32,152 | INFO  | DNAudit | user=null | ip=null | op=WRITE_CHUNK {blockData=conID: 3 locID: 102696731549499847 bcsId: 1537} | ret=SUCCESS |  
2019-08-28 21:29:32,152 | INFO  | DNAudit | user=null | ip=null | op=PUT_BLOCK {blockData=[blockId=conID: 3 locID: 102696731549499847 bcsId: 0,size=3145728]} | ret=SUCCESS |  
2019-08-28 21:29:32,152 [grpc-default-executor-3] INFO  client.GrpcClientProtocolClient (GrpcClientProtocolClient.java:onNext(255)) - client-05DA20D107F8->b461a7b0-028a-4eb5-b268-b89ac225aff8: receive RaftClientReply:client-05DA20D107F8->b461a7b0-028a-4eb5-b268-b89ac225aff8@group-0C8C0AA7542A, cid=1122, SUCCESS, logIndex=1542, commits[b461a7b0-028a-4eb5-b268-b89ac225aff8:c1543, b6ff45f5-67b8-463b-a273-c2e7d9dadd75:c1541, 6a5cb75f-f7eb-4671-9a85-3b6f7898f6cc:c1541]
2019-08-28 21:29:32,153 [grpc-default-executor-3] INFO  client.GrpcClientProtocolClient (GrpcClientProtocolClient.java:onNext(255)) - client-05DA20D107F8->b461a7b0-028a-4eb5-b268-b89ac225aff8: receive RaftClientReply:client-05DA20D107F8->b461a7b0-028a-4eb5-b268-b89ac225aff8@group-0C8C0AA7542A, cid=1123, SUCCESS, logIndex=1543, commits[b461a7b0-028a-4eb5-b268-b89ac225aff8:c1543, b6ff45f5-67b8-463b-a273-c2e7d9dadd75:c1541, 6a5cb75f-f7eb-4671-9a85-3b6f7898f6cc:c1541]
2019-08-28 21:29:32,159 | INFO  | DNAudit | user=null | ip=null | op=WRITE_CHUNK {blockData=conID: 3 locID: 102696731549499847 bcsId: 1543} | ret=SUCCESS |  
2019-08-28 21:29:32,162 | INFO  | DNAudit | user=null | ip=null | op=WRITE_CHUNK {blockData=conID: 3 locID: 102696731549499847 bcsId: 1543} | ret=SUCCESS |  
2019-08-28 21:29:32,162 | INFO  | DNAudit | user=null | ip=null | op=WRITE_CHUNK {blockData=conID: 3 locID: 102696731549499847 bcsId: 1543} | ret=SUCCESS |  
2019-08-28 21:29:32,180 | INFO  | DNAudit | user=null | ip=null | op=WRITE_CHUNK {blockData=conID: 3 locID: 102696731549499847 bcsId: 1537} | ret=SUCCESS |  
2019-08-28 21:29:32,180 | INFO  | DNAudit | user=null | ip=null | op=WRITE_CHUNK {blockData=conID: 3 locID: 102696731549499847 bcsId: 1537} | ret=SUCCESS |  
2019-08-28 21:29:32,181 | INFO  | DNAudit | user=null | ip=null | op=PUT_BLOCK {blockData=[blockId=conID: 3 locID: 102696731549499847 bcsId: 0,size=3145728]} | ret=SUCCESS |  
2019-08-28 21:29:32,181 | INFO  | DNAudit | user=null | ip=null | op=PUT_BLOCK {blockData=[blockId=conID: 3 locID: 102696731549499847 bcsId: 0,size=3145728]} | ret=SUCCESS |  
2019-08-28 21:29:32,182 | INFO  | DNAudit | user=null | ip=null | op=WRITE_CHUNK {blockData=conID: 3 locID: 102696731549499847 bcsId: 1543} | ret=SUCCESS |  
2019-08-28 21:29:32,182 | INFO  | DNAudit | user=null | ip=null | op=PUT_BLOCK {blockData=[blockId=conID: 3 locID: 102696731549499847 bcsId: 0,size=4194304]} | ret=SUCCESS |  
2019-08-28 21:29:32,182 [grpc-default-executor-3] INFO  client.GrpcClientProtocolClient (GrpcClientProtocolClient.java:onNext(255)) - client-05DA20D107F8->b461a7b0-028a-4eb5-b268-b89ac225aff8: receive RaftClientReply:client-05DA20D107F8->b461a7b0-028a-4eb5-b268-b89ac225aff8@group-0C8C0AA7542A, cid=1124, SUCCESS, logIndex=1546, commits[b461a7b0-028a-4eb5-b268-b89ac225aff8:c1547, b6ff45f5-67b8-463b-a273-c2e7d9dadd75:c1543, 6a5cb75f-f7eb-4671-9a85-3b6f7898f6cc:c1543]
2019-08-28 21:29:32,183 [grpc-default-executor-3] INFO  client.GrpcClientProtocolClient (GrpcClientProtocolClient.java:onNext(255)) - client-05DA20D107F8->b461a7b0-028a-4eb5-b268-b89ac225aff8: receive RaftClientReply:client-05DA20D107F8->b461a7b0-028a-4eb5-b268-b89ac225aff8@group-0C8C0AA7542A, cid=1125, SUCCESS, logIndex=1547, commits[b461a7b0-028a-4eb5-b268-b89ac225aff8:c1547, b6ff45f5-67b8-463b-a273-c2e7d9dadd75:c1543, 6a5cb75f-f7eb-4671-9a85-3b6f7898f6cc:c1543]
2019-08-28 21:29:32,206 | INFO  | DNAudit | user=null | ip=null | op=WRITE_CHUNK {blockData=conID: 3 locID: 102696731549499847 bcsId: 1543} | ret=SUCCESS |  
2019-08-28 21:29:32,207 | INFO  | DNAudit | user=null | ip=null | op=WRITE_CHUNK {blockData=conID: 3 locID: 102696731549499847 bcsId: 1543} | ret=SUCCESS |  
2019-08-28 21:29:32,208 | INFO  | DNAudit | user=null | ip=null | op=PUT_BLOCK {blockData=[blockId=conID: 3 locID: 102696731549499847 bcsId: 0,size=4194304]} | ret=SUCCESS |  
2019-08-28 21:29:32,208 | INFO  | DNAudit | user=null | ip=null | op=PUT_BLOCK {blockData=[blockId=conID: 3 locID: 102696731549499847 bcsId: 0,size=4194304]} | ret=SUCCESS |  
2019-08-28 21:29:32,208 [grpc-default-executor-3] INFO  client.GrpcClientProtocolClient (GrpcClientProtocolClient.java:onNext(255)) - client-05DA20D107F8->b461a7b0-028a-4eb5-b268-b89ac225aff8: receive RaftClientReply:client-05DA20D107F8->b461a7b0-028a-4eb5-b268-b89ac225aff8@group-0C8C0AA7542A, cid=1126, SUCCESS, logIndex=0, commits[b461a7b0-028a-4eb5-b268-b89ac225aff8:c1549, b6ff45f5-67b8-463b-a273-c2e7d9dadd75:c1547, 6a5cb75f-f7eb-4671-9a85-3b6f7898f6cc:c1547]
2019-08-28 21:29:32,217 | INFO  | DNAudit | user=null | ip=null | op=WRITE_CHUNK {blockData=conID: 1 locID: 102696731549499848 bcsId: 0} | ret=SUCCESS |  
2019-08-28 21:29:32,219 | INFO  | DNAudit | user=null | ip=null | op=WRITE_CHUNK {blockData=conID: 1 locID: 102696731549499848 bcsId: 0} | ret=SUCCESS |  
2019-08-28 21:29:32,220 | INFO  | DNAudit | user=null | ip=null | op=WRITE_CHUNK {blockData=conID: 1 locID: 102696731549499848 bcsId: 0} | ret=SUCCESS |  
2019-08-28 21:29:32,220 | INFO  | DNAudit | user=null | ip=null | op=WRITE_CHUNK {blockData=conID: 1 locID: 102696731549499848 bcsId: 0} | ret=SUCCESS |  
2019-08-28 21:29:32,222 | INFO  | DNAudit | user=null | ip=null | op=WRITE_CHUNK {blockData=conID: 1 locID: 102696731549499848 bcsId: 0} | ret=SUCCESS |  
2019-08-28 21:29:32,222 | INFO  | DNAudit | user=null | ip=null | op=WRITE_CHUNK {blockData=conID: 1 locID: 102696731549499848 bcsId: 0} | ret=SUCCESS |  
2019-08-28 21:29:32,232 | INFO  | DNAudit | user=null | ip=null | op=WRITE_CHUNK {blockData=conID: 1 locID: 102696731549499848 bcsId: 0} | ret=SUCCESS |  
2019-08-28 21:29:32,232 | INFO  | DNAudit | user=null | ip=null | op=PUT_BLOCK {blockData=[blockId=conID: 1 locID: 102696731549499848 bcsId: 0,size=1048576]} | ret=SUCCESS |  
2019-08-28 21:29:32,234 [grpc-default-executor-3] INFO  client.GrpcClientProtocolClient (GrpcClientProtocolClient.java:onNext(255)) - client-05DA20D107F8->b461a7b0-028a-4eb5-b268-b89ac225aff8: receive RaftClientReply:client-05DA20D107F8->b461a7b0-028a-4eb5-b268-b89ac225aff8@group-0C8C0AA7542A, cid=1127, SUCCESS, logIndex=1550, commits[b461a7b0-028a-4eb5-b268-b89ac225aff8:c1551, b6ff45f5-67b8-463b-a273-c2e7d9dadd75:c1549, 6a5cb75f-f7eb-4671-9a85-3b6f7898f6cc:c1549]
2019-08-28 21:29:32,234 [grpc-default-executor-3] INFO  client.GrpcClientProtocolClient (GrpcClientProtocolClient.java:onNext(255)) - client-05DA20D107F8->b461a7b0-028a-4eb5-b268-b89ac225aff8: receive RaftClientReply:client-05DA20D107F8->b461a7b0-028a-4eb5-b268-b89ac225aff8@group-0C8C0AA7542A, cid=1128, SUCCESS, logIndex=1551, commits[b461a7b0-028a-4eb5-b268-b89ac225aff8:c1551, b6ff45f5-67b8-463b-a273-c2e7d9dadd75:c1549, 6a5cb75f-f7eb-4671-9a85-3b6f7898f6cc:c1549]
2019-08-28 21:29:32,255 | INFO  | DNAudit | user=null | ip=null | op=WRITE_CHUNK {blockData=conID: 1 locID: 102696731549499848 bcsId: 0} | ret=SUCCESS |  
2019-08-28 21:29:32,255 | INFO  | DNAudit | user=null | ip=null | op=PUT_BLOCK {blockData=[blockId=conID: 1 locID: 102696731549499848 bcsId: 0,size=2097152]} | ret=SUCCESS |  
2019-08-28 21:29:32,256 [grpc-default-executor-2] INFO  client.GrpcClientProtocolClient (GrpcClientProtocolClient.java:onNext(255)) - client-05DA20D107F8->b461a7b0-028a-4eb5-b268-b89ac225aff8: receive RaftClientReply:client-05DA20D107F8->b461a7b0-028a-4eb5-b268-b89ac225aff8@group-0C8C0AA7542A, cid=1129, SUCCESS, logIndex=1552, commits[b461a7b0-028a-4eb5-b268-b89ac225aff8:c1553, b6ff45f5-67b8-463b-a273-c2e7d9dadd75:c1549, 6a5cb75f-f7eb-4671-9a85-3b6f7898f6cc:c1549]
2019-08-28 21:29:32,256 [grpc-default-executor-2] INFO  client.GrpcClientProtocolClient (GrpcClientProtocolClient.java:onNext(255)) - client-05DA20D107F8->b461a7b0-028a-4eb5-b268-b89ac225aff8: receive RaftClientReply:client-05DA20D107F8->b461a7b0-028a-4eb5-b268-b89ac225aff8@group-0C8C0AA7542A, cid=1130, SUCCESS, logIndex=1553, commits[b461a7b0-028a-4eb5-b268-b89ac225aff8:c1553, b6ff45f5-67b8-463b-a273-c2e7d9dadd75:c1549, 6a5cb75f-f7eb-4671-9a85-3b6f7898f6cc:c1549]
2019-08-28 21:29:32,278 | INFO  | DNAudit | user=null | ip=null | op=WRITE_CHUNK {blockData=conID: 1 locID: 102696731549499848 bcsId: 0} | ret=SUCCESS |  
2019-08-28 21:29:32,279 | INFO  | DNAudit | user=null | ip=null | op=PUT_BLOCK {blockData=[blockId=conID: 1 locID: 102696731549499848 bcsId: 0,size=1048576]} | ret=SUCCESS |  
2019-08-28 21:29:32,279 | INFO  | DNAudit | user=null | ip=null | op=WRITE_CHUNK {blockData=conID: 1 locID: 102696731549499848 bcsId: 0} | ret=SUCCESS |  
2019-08-28 21:29:32,279 | INFO  | DNAudit | user=null | ip=null | op=PUT_BLOCK {blockData=[blockId=conID: 1 locID: 102696731549499848 bcsId: 0,size=1048576]} | ret=SUCCESS |  
2019-08-28 21:29:32,279 [grpc-default-executor-2] INFO  client.GrpcClientProtocolClient (GrpcClientProtocolClient.java:onNext(255)) - client-05DA20D107F8->b461a7b0-028a-4eb5-b268-b89ac225aff8: receive RaftClientReply:client-05DA20D107F8->b461a7b0-028a-4eb5-b268-b89ac225aff8@group-0C8C0AA7542A, cid=1131, SUCCESS, logIndex=0, commits[b461a7b0-028a-4eb5-b268-b89ac225aff8:c1555, b6ff45f5-67b8-463b-a273-c2e7d9dadd75:c1551, 6a5cb75f-f7eb-4671-9a85-3b6f7898f6cc:c1551]
2019-08-28 21:29:32,287 | INFO  | DNAudit | user=null | ip=null | op=WRITE_CHUNK {blockData=conID: 1 locID: 102696731549499848 bcsId: 1553} | ret=SUCCESS |  
2019-08-28 21:29:32,289 | INFO  | DNAudit | user=null | ip=null | op=WRITE_CHUNK {blockData=conID: 1 locID: 102696731549499848 bcsId: 1553} | ret=SUCCESS |  
2019-08-28 21:29:32,289 | INFO  | DNAudit | user=null | ip=null | op=WRITE_CHUNK {blockData=conID: 1 locID: 102696731549499848 bcsId: 1553} | ret=SUCCESS |  
2019-08-28 21:29:32,299 | INFO  | DNAudit | user=null | ip=null | op=WRITE_CHUNK {blockData=conID: 1 locID: 102696731549499848 bcsId: 0} | ret=SUCCESS |  
2019-08-28 21:29:32,299 | INFO  | DNAudit | user=null | ip=null | op=PUT_BLOCK {blockData=[blockId=conID: 1 locID: 102696731549499848 bcsId: 0,size=2097152]} | ret=SUCCESS |  
2019-08-28 21:29:32,300 | INFO  | DNAudit | user=null | ip=null | op=WRITE_CHUNK {blockData=conID: 1 locID: 102696731549499848 bcsId: 0} | ret=SUCCESS |  
2019-08-28 21:29:32,300 | INFO  | DNAudit | user=null | ip=null | op=PUT_BLOCK {blockData=[blockId=conID: 1 locID: 102696731549499848 bcsId: 0,size=2097152]} | ret=SUCCESS |  
2019-08-28 21:29:32,301 | INFO  | DNAudit | user=null | ip=null | op=WRITE_CHUNK {blockData=conID: 1 locID: 102696731549499848 bcsId: 1553} | ret=SUCCESS |  
2019-08-28 21:29:32,301 | INFO  | DNAudit | user=null | ip=null | op=PUT_BLOCK {blockData=[blockId=conID: 1 locID: 102696731549499848 bcsId: 0,size=3145728]} | ret=SUCCESS |  
2019-08-28 21:29:32,301 [grpc-default-executor-6] INFO  client.GrpcClientProtocolClient (GrpcClientProtocolClient.java:onNext(255)) - client-05DA20D107F8->b461a7b0-028a-4eb5-b268-b89ac225aff8: receive RaftClientReply:client-05DA20D107F8->b461a7b0-028a-4eb5-b268-b89ac225aff8@group-0C8C0AA7542A, cid=1132, SUCCESS, logIndex=1558, commits[b461a7b0-028a-4eb5-b268-b89ac225aff8:c1559, b6ff45f5-67b8-463b-a273-c2e7d9dadd75:c1555, 6a5cb75f-f7eb-4671-9a85-3b6f7898f6cc:c1553]
2019-08-28 21:29:32,302 [grpc-default-executor-6] INFO  client.GrpcClientProtocolClient (GrpcClientProtocolClient.java:onNext(255)) - client-05DA20D107F8->b461a7b0-028a-4eb5-b268-b89ac225aff8: receive RaftClientReply:client-05DA20D107F8->b461a7b0-028a-4eb5-b268-b89ac225aff8@group-0C8C0AA7542A, cid=1133, SUCCESS, logIndex=1559, commits[b461a7b0-028a-4eb5-b268-b89ac225aff8:c1559, b6ff45f5-67b8-463b-a273-c2e7d9dadd75:c1555, 6a5cb75f-f7eb-4671-9a85-3b6f7898f6cc:c1555]
2019-08-28 21:29:32,309 | INFO  | DNAudit | user=null | ip=null | op=WRITE_CHUNK {blockData=conID: 1 locID: 102696731549499848 bcsId: 1559} | ret=SUCCESS |  
2019-08-28 21:29:32,312 | INFO  | DNAudit | user=null | ip=null | op=WRITE_CHUNK {blockData=conID: 1 locID: 102696731549499848 bcsId: 1559} | ret=SUCCESS |  
2019-08-28 21:29:32,312 | INFO  | DNAudit | user=null | ip=null | op=WRITE_CHUNK {blockData=conID: 1 locID: 102696731549499848 bcsId: 1559} | ret=SUCCESS |  
2019-08-28 21:29:32,321 | INFO  | DNAudit | user=null | ip=null | op=WRITE_CHUNK {blockData=conID: 1 locID: 102696731549499848 bcsId: 1553} | ret=SUCCESS |  
2019-08-28 21:29:32,321 | INFO  | DNAudit | user=null | ip=null | op=WRITE_CHUNK {blockData=conID: 1 locID: 102696731549499848 bcsId: 1553} | ret=SUCCESS |  
2019-08-28 21:29:32,321 | INFO  | DNAudit | user=null | ip=null | op=PUT_BLOCK {blockData=[blockId=conID: 1 locID: 102696731549499848 bcsId: 0,size=3145728]} | ret=SUCCESS |  
2019-08-28 21:29:32,321 | INFO  | DNAudit | user=null | ip=null | op=PUT_BLOCK {blockData=[blockId=conID: 1 locID: 102696731549499848 bcsId: 0,size=3145728]} | ret=SUCCESS |  
2019-08-28 21:29:32,323 | INFO  | DNAudit | user=null | ip=null | op=WRITE_CHUNK {blockData=conID: 1 locID: 102696731549499848 bcsId: 1559} | ret=SUCCESS |  
2019-08-28 21:29:32,323 | INFO  | DNAudit | user=null | ip=null | op=PUT_BLOCK {blockData=[blockId=conID: 1 locID: 102696731549499848 bcsId: 0,size=4194304]} | ret=SUCCESS |  
2019-08-28 21:29:32,323 [grpc-default-executor-2] INFO  client.GrpcClientProtocolClient (GrpcClientProtocolClient.java:onNext(255)) - client-05DA20D107F8->b461a7b0-028a-4eb5-b268-b89ac225aff8: receive RaftClientReply:client-05DA20D107F8->b461a7b0-028a-4eb5-b268-b89ac225aff8@group-0C8C0AA7542A, cid=1134, SUCCESS, logIndex=1562, commits[b461a7b0-028a-4eb5-b268-b89ac225aff8:c1563, b6ff45f5-67b8-463b-a273-c2e7d9dadd75:c1559, 6a5cb75f-f7eb-4671-9a85-3b6f7898f6cc:c1559]
2019-08-28 21:29:32,324 [grpc-default-executor-2] INFO  client.GrpcClientProtocolClient (GrpcClientProtocolClient.java:onNext(255)) - client-05DA20D107F8->b461a7b0-028a-4eb5-b268-b89ac225aff8: receive RaftClientReply:client-05DA20D107F8->b461a7b0-028a-4eb5-b268-b89ac225aff8@group-0C8C0AA7542A, cid=1135, SUCCESS, logIndex=1563, commits[b461a7b0-028a-4eb5-b268-b89ac225aff8:c1563, b6ff45f5-67b8-463b-a273-c2e7d9dadd75:c1559, 6a5cb75f-f7eb-4671-9a85-3b6f7898f6cc:c1559]
2019-08-28 21:29:32,347 | INFO  | DNAudit | user=null | ip=null | op=WRITE_CHUNK {blockData=conID: 1 locID: 102696731549499848 bcsId: 1559} | ret=SUCCESS |  
2019-08-28 21:29:32,347 | INFO  | DNAudit | user=null | ip=null | op=WRITE_CHUNK {blockData=conID: 1 locID: 102696731549499848 bcsId: 1559} | ret=SUCCESS |  
2019-08-28 21:29:32,348 | INFO  | DNAudit | user=null | ip=null | op=PUT_BLOCK {blockData=[blockId=conID: 1 locID: 102696731549499848 bcsId: 0,size=4194304]} | ret=SUCCESS |  
2019-08-28 21:29:32,348 | INFO  | DNAudit | user=null | ip=null | op=PUT_BLOCK {blockData=[blockId=conID: 1 locID: 102696731549499848 bcsId: 0,size=4194304]} | ret=SUCCESS |  
2019-08-28 21:29:32,349 [grpc-default-executor-2] INFO  client.GrpcClientProtocolClient (GrpcClientProtocolClient.java:onNext(255)) - client-05DA20D107F8->b461a7b0-028a-4eb5-b268-b89ac225aff8: receive RaftClientReply:client-05DA20D107F8->b461a7b0-028a-4eb5-b268-b89ac225aff8@group-0C8C0AA7542A, cid=1136, SUCCESS, logIndex=0, commits[b461a7b0-028a-4eb5-b268-b89ac225aff8:c1565, b6ff45f5-67b8-463b-a273-c2e7d9dadd75:c1563, 6a5cb75f-f7eb-4671-9a85-3b6f7898f6cc:c1563]
2019-08-28 21:29:32,356 | INFO  | DNAudit | user=null | ip=null | op=WRITE_CHUNK {blockData=conID: 2 locID: 102696731549565385 bcsId: 0} | ret=SUCCESS |  
2019-08-28 21:29:32,360 | INFO  | DNAudit | user=null | ip=null | op=WRITE_CHUNK {blockData=conID: 2 locID: 102696731549565385 bcsId: 0} | ret=SUCCESS |  
2019-08-28 21:29:32,360 | INFO  | DNAudit | user=null | ip=null | op=WRITE_CHUNK {blockData=conID: 2 locID: 102696731549565385 bcsId: 0} | ret=SUCCESS |  
2019-08-28 21:29:32,361 | INFO  | DNAudit | user=null | ip=null | op=WRITE_CHUNK {blockData=conID: 2 locID: 102696731549565385 bcsId: 0} | ret=SUCCESS |  
2019-08-28 21:29:32,365 | INFO  | DNAudit | user=null | ip=null | op=WRITE_CHUNK {blockData=conID: 2 locID: 102696731549565385 bcsId: 0} | ret=SUCCESS |  
2019-08-28 21:29:32,366 | INFO  | DNAudit | user=null | ip=null | op=WRITE_CHUNK {blockData=conID: 2 locID: 102696731549565385 bcsId: 0} | ret=SUCCESS |  
2019-08-28 21:29:32,370 | INFO  | DNAudit | user=null | ip=null | op=WRITE_CHUNK {blockData=conID: 2 locID: 102696731549565385 bcsId: 0} | ret=SUCCESS |  
2019-08-28 21:29:32,371 | INFO  | DNAudit | user=null | ip=null | op=PUT_BLOCK {blockData=[blockId=conID: 2 locID: 102696731549565385 bcsId: 0,size=1048576]} | ret=SUCCESS |  
2019-08-28 21:29:32,371 [grpc-default-executor-2] INFO  client.GrpcClientProtocolClient (GrpcClientProtocolClient.java:onNext(255)) - client-05DA20D107F8->b461a7b0-028a-4eb5-b268-b89ac225aff8: receive RaftClientReply:client-05DA20D107F8->b461a7b0-028a-4eb5-b268-b89ac225aff8@group-0C8C0AA7542A, cid=1137, SUCCESS, logIndex=1566, commits[b461a7b0-028a-4eb5-b268-b89ac225aff8:c1567, b6ff45f5-67b8-463b-a273-c2e7d9dadd75:c1565, 6a5cb75f-f7eb-4671-9a85-3b6f7898f6cc:c1565]
2019-08-28 21:29:32,372 [grpc-default-executor-2] INFO  client.GrpcClientProtocolClient (GrpcClientProtocolClient.java:onNext(255)) - client-05DA20D107F8->b461a7b0-028a-4eb5-b268-b89ac225aff8: receive RaftClientReply:client-05DA20D107F8->b461a7b0-028a-4eb5-b268-b89ac225aff8@group-0C8C0AA7542A, cid=1138, SUCCESS, logIndex=1567, commits[b461a7b0-028a-4eb5-b268-b89ac225aff8:c1567, b6ff45f5-67b8-463b-a273-c2e7d9dadd75:c1565, 6a5cb75f-f7eb-4671-9a85-3b6f7898f6cc:c1565]
2019-08-28 21:29:32,430 | INFO  | SCMAudit | user=jenkins1000 | ip=192.168.36.107 | op=SEND_HEARTBEAT {datanodeUUID=68f89a68-6a96-4cde-8528-8617611d459d, command=[]} | ret=SUCCESS |  
2019-08-28 21:29:32,430 | INFO  | SCMAudit | user=jenkins1000 | ip=192.168.36.107 | op=SEND_HEARTBEAT {datanodeUUID=af4986ea-80d8-4c92-96d2-2b3929a4248a, command=[]} | ret=SUCCESS |  
2019-08-28 21:29:32,495 | INFO  | DNAudit | user=null | ip=null | op=WRITE_CHUNK {blockData=conID: 2 locID: 102696731549565385 bcsId: 0} | ret=SUCCESS |  
2019-08-28 21:29:32,495 | INFO  | DNAudit | user=null | ip=null | op=PUT_BLOCK {blockData=[blockId=conID: 2 locID: 102696731549565385 bcsId: 0,size=2097152]} | ret=SUCCESS |  
2019-08-28 21:29:32,495 [grpc-default-executor-2] INFO  client.GrpcClientProtocolClient (GrpcClientProtocolClient.java:onNext(255)) - client-05DA20D107F8->b461a7b0-028a-4eb5-b268-b89ac225aff8: receive RaftClientReply:client-05DA20D107F8->b461a7b0-028a-4eb5-b268-b89ac225aff8@group-0C8C0AA7542A, cid=1139, SUCCESS, logIndex=1568, commits[b461a7b0-028a-4eb5-b268-b89ac225aff8:c1569, b6ff45f5-67b8-463b-a273-c2e7d9dadd75:c1565, 6a5cb75f-f7eb-4671-9a85-3b6f7898f6cc:c1565]
2019-08-28 21:29:32,496 [grpc-default-executor-2] INFO  client.GrpcClientProtocolClient (GrpcClientProtocolClient.java:onNext(255)) - client-05DA20D107F8->b461a7b0-028a-4eb5-b268-b89ac225aff8: receive RaftClientReply:client-05DA20D107F8->b461a7b0-028a-4eb5-b268-b89ac225aff8@group-0C8C0AA7542A, cid=1140, SUCCESS, logIndex=1569, commits[b461a7b0-028a-4eb5-b268-b89ac225aff8:c1569, b6ff45f5-67b8-463b-a273-c2e7d9dadd75:c1565, 6a5cb75f-f7eb-4671-9a85-3b6f7898f6cc:c1565]
2019-08-28 21:29:32,521 | INFO  | DNAudit | user=null | ip=null | op=WRITE_CHUNK {blockData=conID: 2 locID: 102696731549565385 bcsId: 0} | ret=SUCCESS |  
2019-08-28 21:29:32,522 | INFO  | DNAudit | user=null | ip=null | op=WRITE_CHUNK {blockData=conID: 2 locID: 102696731549565385 bcsId: 0} | ret=SUCCESS |  
2019-08-28 21:29:32,522 | INFO  | DNAudit | user=null | ip=null | op=PUT_BLOCK {blockData=[blockId=conID: 2 locID: 102696731549565385 bcsId: 0,size=1048576]} | ret=SUCCESS |  
2019-08-28 21:29:32,522 | INFO  | DNAudit | user=null | ip=null | op=PUT_BLOCK {blockData=[blockId=conID: 2 locID: 102696731549565385 bcsId: 0,size=1048576]} | ret=SUCCESS |  
2019-08-28 21:29:32,675 | INFO  | DNAudit | user=null | ip=null | op=WRITE_CHUNK {blockData=conID: 2 locID: 102696731549565385 bcsId: 0} | ret=SUCCESS |  
2019-08-28 21:29:32,676 | INFO  | DNAudit | user=null | ip=null | op=PUT_BLOCK {blockData=[blockId=conID: 2 locID: 102696731549565385 bcsId: 0,size=2097152]} | ret=SUCCESS |  
2019-08-28 21:29:32,676 [grpc-default-executor-2] INFO  client.GrpcClientProtocolClient (GrpcClientProtocolClient.java:onNext(255)) - client-05DA20D107F8->b461a7b0-028a-4eb5-b268-b89ac225aff8: receive RaftClientReply:client-05DA20D107F8->b461a7b0-028a-4eb5-b268-b89ac225aff8@group-0C8C0AA7542A, cid=1141, SUCCESS, logIndex=0, commits[b461a7b0-028a-4eb5-b268-b89ac225aff8:c1570, b6ff45f5-67b8-463b-a273-c2e7d9dadd75:c1567, 6a5cb75f-f7eb-4671-9a85-3b6f7898f6cc:c1567]
2019-08-28 21:29:32,676 | INFO  | DNAudit | user=null | ip=null | op=WRITE_CHUNK {blockData=conID: 2 locID: 102696731549565385 bcsId: 0} | ret=SUCCESS |  
2019-08-28 21:29:32,677 | INFO  | DNAudit | user=null | ip=null | op=PUT_BLOCK {blockData=[blockId=conID: 2 locID: 102696731549565385 bcsId: 0,size=2097152]} | ret=SUCCESS |  
2019-08-28 21:29:32,686 | INFO  | DNAudit | user=null | ip=null | op=WRITE_CHUNK {blockData=conID: 2 locID: 102696731549565385 bcsId: 1569} | ret=SUCCESS |  
2019-08-28 21:29:32,689 | INFO  | DNAudit | user=null | ip=null | op=WRITE_CHUNK {blockData=conID: 2 locID: 102696731549565385 bcsId: 1569} | ret=SUCCESS |  
2019-08-28 21:29:32,690 | INFO  | DNAudit | user=null | ip=null | op=WRITE_CHUNK {blockData=conID: 2 locID: 102696731549565385 bcsId: 1569} | ret=SUCCESS |  
2019-08-28 21:29:32,704 | INFO  | DNAudit | user=null | ip=null | op=WRITE_CHUNK {blockData=conID: 2 locID: 102696731549565385 bcsId: 1569} | ret=SUCCESS |  
2019-08-28 21:29:32,705 | INFO  | DNAudit | user=null | ip=null | op=PUT_BLOCK {blockData=[blockId=conID: 2 locID: 102696731549565385 bcsId: 0,size=3145728]} | ret=SUCCESS |  
2019-08-28 21:29:32,705 [grpc-default-executor-2] INFO  client.GrpcClientProtocolClient (GrpcClientProtocolClient.java:onNext(255)) - client-05DA20D107F8->b461a7b0-028a-4eb5-b268-b89ac225aff8: receive RaftClientReply:client-05DA20D107F8->b461a7b0-028a-4eb5-b268-b89ac225aff8@group-0C8C0AA7542A, cid=1142, SUCCESS, logIndex=1574, commits[b461a7b0-028a-4eb5-b268-b89ac225aff8:c1575, b6ff45f5-67b8-463b-a273-c2e7d9dadd75:c1573, 6a5cb75f-f7eb-4671-9a85-3b6f7898f6cc:c1573]
2019-08-28 21:29:32,706 [grpc-default-executor-2] INFO  client.GrpcClientProtocolClient (GrpcClientProtocolClient.java:onNext(255)) - client-05DA20D107F8->b461a7b0-028a-4eb5-b268-b89ac225aff8: receive RaftClientReply:client-05DA20D107F8->b461a7b0-028a-4eb5-b268-b89ac225aff8@group-0C8C0AA7542A, cid=1143, SUCCESS, logIndex=1575, commits[b461a7b0-028a-4eb5-b268-b89ac225aff8:c1575, b6ff45f5-67b8-463b-a273-c2e7d9dadd75:c1573, 6a5cb75f-f7eb-4671-9a85-3b6f7898f6cc:c1573]
2019-08-28 21:29:32,715 | INFO  | DNAudit | user=null | ip=null | op=WRITE_CHUNK {blockData=conID: 2 locID: 102696731549565385 bcsId: 1575} | ret=SUCCESS |  
2019-08-28 21:29:32,718 | INFO  | DNAudit | user=null | ip=null | op=WRITE_CHUNK {blockData=conID: 2 locID: 102696731549565385 bcsId: 1575} | ret=SUCCESS |  
2019-08-28 21:29:32,718 | INFO  | DNAudit | user=null | ip=null | op=WRITE_CHUNK {blockData=conID: 2 locID: 102696731549565385 bcsId: 1575} | ret=SUCCESS |  
2019-08-28 21:29:32,723 | INFO  | DNAudit | user=null | ip=null | op=WRITE_CHUNK {blockData=conID: 2 locID: 102696731549565385 bcsId: 1569} | ret=SUCCESS |  
2019-08-28 21:29:32,723 | INFO  | DNAudit | user=null | ip=null | op=WRITE_CHUNK {blockData=conID: 2 locID: 102696731549565385 bcsId: 1569} | ret=SUCCESS |  
2019-08-28 21:29:32,724 | INFO  | DNAudit | user=null | ip=null | op=PUT_BLOCK {blockData=[blockId=conID: 2 locID: 102696731549565385 bcsId: 0,size=3145728]} | ret=SUCCESS |  
2019-08-28 21:29:32,724 | INFO  | DNAudit | user=null | ip=null | op=PUT_BLOCK {blockData=[blockId=conID: 2 locID: 102696731549565385 bcsId: 0,size=3145728]} | ret=SUCCESS |  
2019-08-28 21:29:32,738 | INFO  | DNAudit | user=null | ip=null | op=WRITE_CHUNK {blockData=conID: 2 locID: 102696731549565385 bcsId: 1575} | ret=SUCCESS |  
2019-08-28 21:29:32,738 | INFO  | DNAudit | user=null | ip=null | op=PUT_BLOCK {blockData=[blockId=conID: 2 locID: 102696731549565385 bcsId: 0,size=4194304]} | ret=SUCCESS |  
2019-08-28 21:29:32,740 [grpc-default-executor-3] INFO  client.GrpcClientProtocolClient (GrpcClientProtocolClient.java:onNext(255)) - client-05DA20D107F8->b461a7b0-028a-4eb5-b268-b89ac225aff8: receive RaftClientReply:client-05DA20D107F8->b461a7b0-028a-4eb5-b268-b89ac225aff8@group-0C8C0AA7542A, cid=1144, SUCCESS, logIndex=1578, commits[b461a7b0-028a-4eb5-b268-b89ac225aff8:c1579, b6ff45f5-67b8-463b-a273-c2e7d9dadd75:c1575, 6a5cb75f-f7eb-4671-9a85-3b6f7898f6cc:c1575]
2019-08-28 21:29:32,741 [grpc-default-executor-3] INFO  client.GrpcClientProtocolClient (GrpcClientProtocolClient.java:onNext(255)) - client-05DA20D107F8->b461a7b0-028a-4eb5-b268-b89ac225aff8: receive RaftClientReply:client-05DA20D107F8->b461a7b0-028a-4eb5-b268-b89ac225aff8@group-0C8C0AA7542A, cid=1145, SUCCESS, logIndex=1579, commits[b461a7b0-028a-4eb5-b268-b89ac225aff8:c1579, b6ff45f5-67b8-463b-a273-c2e7d9dadd75:c1575, 6a5cb75f-f7eb-4671-9a85-3b6f7898f6cc:c1575]
2019-08-28 21:29:32,758 | INFO  | DNAudit | user=null | ip=null | op=WRITE_CHUNK {blockData=conID: 2 locID: 102696731549565385 bcsId: 1575} | ret=SUCCESS |  
2019-08-28 21:29:32,758 | INFO  | DNAudit | user=null | ip=null | op=WRITE_CHUNK {blockData=conID: 2 locID: 102696731549565385 bcsId: 1575} | ret=SUCCESS |  
2019-08-28 21:29:32,758 | INFO  | DNAudit | user=null | ip=null | op=PUT_BLOCK {blockData=[blockId=conID: 2 locID: 102696731549565385 bcsId: 0,size=4194304]} | ret=SUCCESS |  
2019-08-28 21:29:32,758 | INFO  | DNAudit | user=null | ip=null | op=PUT_BLOCK {blockData=[blockId=conID: 2 locID: 102696731549565385 bcsId: 0,size=4194304]} | ret=SUCCESS |  
2019-08-28 21:29:32,759 [grpc-default-executor-6] INFO  client.GrpcClientProtocolClient (GrpcClientProtocolClient.java:onNext(255)) - client-05DA20D107F8->b461a7b0-028a-4eb5-b268-b89ac225aff8: receive RaftClientReply:client-05DA20D107F8->b461a7b0-028a-4eb5-b268-b89ac225aff8@group-0C8C0AA7542A, cid=1146, SUCCESS, logIndex=0, commits[b461a7b0-028a-4eb5-b268-b89ac225aff8:c1580, b6ff45f5-67b8-463b-a273-c2e7d9dadd75:c1579, 6a5cb75f-f7eb-4671-9a85-3b6f7898f6cc:c1579]
2019-08-28 21:29:32,772 | INFO  | DNAudit | user=null | ip=null | op=WRITE_CHUNK {blockData=conID: 3 locID: 102696731549565386 bcsId: 0} | ret=SUCCESS |  
2019-08-28 21:29:32,775 | INFO  | DNAudit | user=null | ip=null | op=WRITE_CHUNK {blockData=conID: 3 locID: 102696731549565386 bcsId: 0} | ret=SUCCESS |  
2019-08-28 21:29:32,776 | INFO  | DNAudit | user=null | ip=null | op=WRITE_CHUNK {blockData=conID: 3 locID: 102696731549565386 bcsId: 0} | ret=SUCCESS |  
2019-08-28 21:29:32,776 | INFO  | DNAudit | user=null | ip=null | op=WRITE_CHUNK {blockData=conID: 3 locID: 102696731549565386 bcsId: 0} | ret=SUCCESS |  
2019-08-28 21:29:32,777 | INFO  | DNAudit | user=null | ip=null | op=WRITE_CHUNK {blockData=conID: 3 locID: 102696731549565386 bcsId: 0} | ret=SUCCESS |  
2019-08-28 21:29:32,778 | INFO  | DNAudit | user=null | ip=null | op=WRITE_CHUNK {blockData=conID: 3 locID: 102696731549565386 bcsId: 0} | ret=SUCCESS |  
2019-08-28 21:29:32,802 | INFO  | DNAudit | user=null | ip=null | op=WRITE_CHUNK {blockData=conID: 3 locID: 102696731549565386 bcsId: 0} | ret=SUCCESS |  
2019-08-28 21:29:32,803 | INFO  | DNAudit | user=null | ip=null | op=PUT_BLOCK {blockData=[blockId=conID: 3 locID: 102696731549565386 bcsId: 0,size=1048576]} | ret=SUCCESS |  
2019-08-28 21:29:32,803 [grpc-default-executor-5] INFO  client.GrpcClientProtocolClient (GrpcClientProtocolClient.java:onNext(255)) - client-05DA20D107F8->b461a7b0-028a-4eb5-b268-b89ac225aff8: receive RaftClientReply:client-05DA20D107F8->b461a7b0-028a-4eb5-b268-b89ac225aff8@group-0C8C0AA7542A, cid=1147, SUCCESS, logIndex=1582, commits[b461a7b0-028a-4eb5-b268-b89ac225aff8:c1584, b6ff45f5-67b8-463b-a273-c2e7d9dadd75:c1581, 6a5cb75f-f7eb-4671-9a85-3b6f7898f6cc:c1581]
2019-08-28 21:29:32,804 | INFO  | DNAudit | user=null | ip=null | op=WRITE_CHUNK {blockData=conID: 3 locID: 102696731549565386 bcsId: 0} | ret=SUCCESS |  
2019-08-28 21:29:32,804 | INFO  | DNAudit | user=null | ip=null | op=PUT_BLOCK {blockData=[blockId=conID: 3 locID: 102696731549565386 bcsId: 0,size=2097152]} | ret=SUCCESS |  
2019-08-28 21:29:32,804 [grpc-default-executor-5] INFO  client.GrpcClientProtocolClient (GrpcClientProtocolClient.java:onNext(255)) - client-05DA20D107F8->b461a7b0-028a-4eb5-b268-b89ac225aff8: receive RaftClientReply:client-05DA20D107F8->b461a7b0-028a-4eb5-b268-b89ac225aff8@group-0C8C0AA7542A, cid=1148, SUCCESS, logIndex=1583, commits[b461a7b0-028a-4eb5-b268-b89ac225aff8:c1585, b6ff45f5-67b8-463b-a273-c2e7d9dadd75:c1581, 6a5cb75f-f7eb-4671-9a85-3b6f7898f6cc:c1581]
2019-08-28 21:29:32,805 [grpc-default-executor-5] INFO  client.GrpcClientProtocolClient (GrpcClientProtocolClient.java:onNext(255)) - client-05DA20D107F8->b461a7b0-028a-4eb5-b268-b89ac225aff8: receive RaftClientReply:client-05DA20D107F8->b461a7b0-028a-4eb5-b268-b89ac225aff8@group-0C8C0AA7542A, cid=1149, SUCCESS, logIndex=1584, commits[b461a7b0-028a-4eb5-b268-b89ac225aff8:c1585, b6ff45f5-67b8-463b-a273-c2e7d9dadd75:c1581, 6a5cb75f-f7eb-4671-9a85-3b6f7898f6cc:c1581]
2019-08-28 21:29:32,805 [grpc-default-executor-5] INFO  client.GrpcClientProtocolClient (GrpcClientProtocolClient.java:onNext(255)) - client-05DA20D107F8->b461a7b0-028a-4eb5-b268-b89ac225aff8: receive RaftClientReply:client-05DA20D107F8->b461a7b0-028a-4eb5-b268-b89ac225aff8@group-0C8C0AA7542A, cid=1150, SUCCESS, logIndex=1585, commits[b461a7b0-028a-4eb5-b268-b89ac225aff8:c1585, b6ff45f5-67b8-463b-a273-c2e7d9dadd75:c1581, 6a5cb75f-f7eb-4671-9a85-3b6f7898f6cc:c1581]
2019-08-28 21:29:32,819 | INFO  | DNAudit | user=null | ip=null | op=WRITE_CHUNK {blockData=conID: 3 locID: 102696731549565386 bcsId: 0} | ret=SUCCESS |  
2019-08-28 21:29:32,820 | INFO  | DNAudit | user=null | ip=null | op=WRITE_CHUNK {blockData=conID: 3 locID: 102696731549565386 bcsId: 0} | ret=SUCCESS |  
2019-08-28 21:29:32,820 | INFO  | DNAudit | user=null | ip=null | op=PUT_BLOCK {blockData=[blockId=conID: 3 locID: 102696731549565386 bcsId: 0,size=1048576]} | ret=SUCCESS |  
2019-08-28 21:29:32,820 | INFO  | DNAudit | user=null | ip=null | op=PUT_BLOCK {blockData=[blockId=conID: 3 locID: 102696731549565386 bcsId: 0,size=1048576]} | ret=SUCCESS |  
2019-08-28 21:29:32,820 | INFO  | DNAudit | user=null | ip=null | op=WRITE_CHUNK {blockData=conID: 3 locID: 102696731549565386 bcsId: 0} | ret=SUCCESS |  
2019-08-28 21:29:32,821 [grpc-default-executor-5] INFO  client.GrpcClientProtocolClient (GrpcClientProtocolClient.java:onNext(255)) - client-05DA20D107F8->b461a7b0-028a-4eb5-b268-b89ac225aff8: receive RaftClientReply:client-05DA20D107F8->b461a7b0-028a-4eb5-b268-b89ac225aff8@group-0C8C0AA7542A, cid=1151, SUCCESS, logIndex=0, commits[b461a7b0-028a-4eb5-b268-b89ac225aff8:c1586, b6ff45f5-67b8-463b-a273-c2e7d9dadd75:c1583, 6a5cb75f-f7eb-4671-9a85-3b6f7898f6cc:c1583]
2019-08-28 21:29:32,821 | INFO  | DNAudit | user=null | ip=null | op=WRITE_CHUNK {blockData=conID: 3 locID: 102696731549565386 bcsId: 0} | ret=SUCCESS |  
2019-08-28 21:29:32,821 | INFO  | DNAudit | user=null | ip=null | op=PUT_BLOCK {blockData=[blockId=conID: 3 locID: 102696731549565386 bcsId: 0,size=2097152]} | ret=SUCCESS |  
2019-08-28 21:29:32,822 | INFO  | DNAudit | user=null | ip=null | op=PUT_BLOCK {blockData=[blockId=conID: 3 locID: 102696731549565386 bcsId: 0,size=2097152]} | ret=SUCCESS |  
2019-08-28 21:29:32,830 | INFO  | DNAudit | user=null | ip=null | op=WRITE_CHUNK {blockData=conID: 3 locID: 102696731549565386 bcsId: 1585} | ret=SUCCESS |  
2019-08-28 21:29:32,834 | INFO  | DNAudit | user=null | ip=null | op=WRITE_CHUNK {blockData=conID: 3 locID: 102696731549565386 bcsId: 1585} | ret=SUCCESS |  
2019-08-28 21:29:32,834 | INFO  | DNAudit | user=null | ip=null | op=WRITE_CHUNK {blockData=conID: 3 locID: 102696731549565386 bcsId: 1585} | ret=SUCCESS |  
2019-08-28 21:29:32,843 | INFO  | DNAudit | user=null | ip=null | op=WRITE_CHUNK {blockData=conID: 3 locID: 102696731549565386 bcsId: 1585} | ret=SUCCESS |  
2019-08-28 21:29:32,844 | INFO  | DNAudit | user=null | ip=null | op=PUT_BLOCK {blockData=[blockId=conID: 3 locID: 102696731549565386 bcsId: 0,size=3145728]} | ret=SUCCESS |  
2019-08-28 21:29:32,844 [grpc-default-executor-3] INFO  client.GrpcClientProtocolClient (GrpcClientProtocolClient.java:onNext(255)) - client-05DA20D107F8->b461a7b0-028a-4eb5-b268-b89ac225aff8: receive RaftClientReply:client-05DA20D107F8->b461a7b0-028a-4eb5-b268-b89ac225aff8@group-0C8C0AA7542A, cid=1152, SUCCESS, logIndex=1590, commits[b461a7b0-028a-4eb5-b268-b89ac225aff8:c1591, b6ff45f5-67b8-463b-a273-c2e7d9dadd75:c1589, 6a5cb75f-f7eb-4671-9a85-3b6f7898f6cc:c1589]
2019-08-28 21:29:32,845 [grpc-default-executor-3] INFO  client.GrpcClientProtocolClient (GrpcClientProtocolClient.java:onNext(255)) - client-05DA20D107F8->b461a7b0-028a-4eb5-b268-b89ac225aff8: receive RaftClientReply:client-05DA20D107F8->b461a7b0-028a-4eb5-b268-b89ac225aff8@group-0C8C0AA7542A, cid=1153, SUCCESS, logIndex=1591, commits[b461a7b0-028a-4eb5-b268-b89ac225aff8:c1591, b6ff45f5-67b8-463b-a273-c2e7d9dadd75:c1589, 6a5cb75f-f7eb-4671-9a85-3b6f7898f6cc:c1589]
2019-08-28 21:29:32,853 | INFO  | DNAudit | user=null | ip=null | op=WRITE_CHUNK {blockData=conID: 3 locID: 102696731549565386 bcsId: 1591} | ret=SUCCESS |  
2019-08-28 21:29:32,857 | INFO  | DNAudit | user=null | ip=null | op=WRITE_CHUNK {blockData=conID: 3 locID: 102696731549565386 bcsId: 1591} | ret=SUCCESS |  
2019-08-28 21:29:32,858 | INFO  | DNAudit | user=null | ip=null | op=WRITE_CHUNK {blockData=conID: 3 locID: 102696731549565386 bcsId: 1591} | ret=SUCCESS |  
2019-08-28 21:29:32,872 | INFO  | DNAudit | user=null | ip=null | op=WRITE_CHUNK {blockData=conID: 3 locID: 102696731549565386 bcsId: 1585} | ret=SUCCESS |  
2019-08-28 21:29:32,872 | INFO  | DNAudit | user=null | ip=null | op=WRITE_CHUNK {blockData=conID: 3 locID: 102696731549565386 bcsId: 1585} | ret=SUCCESS |  
2019-08-28 21:29:32,875 | INFO  | DNAudit | user=null | ip=null | op=PUT_BLOCK {blockData=[blockId=conID: 3 locID: 102696731549565386 bcsId: 0,size=3145728]} | ret=SUCCESS |  
2019-08-28 21:29:32,875 | INFO  | DNAudit | user=null | ip=null | op=PUT_BLOCK {blockData=[blockId=conID: 3 locID: 102696731549565386 bcsId: 0,size=3145728]} | ret=SUCCESS |  
2019-08-28 21:29:32,876 | INFO  | DNAudit | user=null | ip=null | op=WRITE_CHUNK {blockData=conID: 3 locID: 102696731549565386 bcsId: 1591} | ret=SUCCESS |  
2019-08-28 21:29:32,876 | INFO  | DNAudit | user=null | ip=null | op=PUT_BLOCK {blockData=[blockId=conID: 3 locID: 102696731549565386 bcsId: 0,size=4194304]} | ret=SUCCESS |  
2019-08-28 21:29:32,876 [grpc-default-executor-6] INFO  client.GrpcClientProtocolClient (GrpcClientProtocolClient.java:onNext(255)) - client-05DA20D107F8->b461a7b0-028a-4eb5-b268-b89ac225aff8: receive RaftClientReply:client-05DA20D107F8->b461a7b0-028a-4eb5-b268-b89ac225aff8@group-0C8C0AA7542A, cid=1154, SUCCESS, logIndex=1594, commits[b461a7b0-028a-4eb5-b268-b89ac225aff8:c1595, b6ff45f5-67b8-463b-a273-c2e7d9dadd75:c1591, 6a5cb75f-f7eb-4671-9a85-3b6f7898f6cc:c1591]
2019-08-28 21:29:32,877 [grpc-default-executor-6] INFO  client.GrpcClientProtocolClient (GrpcClientProtocolClient.java:onNext(255)) - client-05DA20D107F8->b461a7b0-028a-4eb5-b268-b89ac225aff8: receive RaftClientReply:client-05DA20D107F8->b461a7b0-028a-4eb5-b268-b89ac225aff8@group-0C8C0AA7542A, cid=1155, SUCCESS, logIndex=1595, commits[b461a7b0-028a-4eb5-b268-b89ac225aff8:c1595, b6ff45f5-67b8-463b-a273-c2e7d9dadd75:c1591, 6a5cb75f-f7eb-4671-9a85-3b6f7898f6cc:c1591]
2019-08-28 21:29:32,901 | INFO  | DNAudit | user=null | ip=null | op=WRITE_CHUNK {blockData=conID: 3 locID: 102696731549565386 bcsId: 1591} | ret=SUCCESS |  
2019-08-28 21:29:32,901 | INFO  | DNAudit | user=null | ip=null | op=WRITE_CHUNK {blockData=conID: 3 locID: 102696731549565386 bcsId: 1591} | ret=SUCCESS |  
2019-08-28 21:29:32,902 | INFO  | DNAudit | user=null | ip=null | op=PUT_BLOCK {blockData=[blockId=conID: 3 locID: 102696731549565386 bcsId: 0,size=4194304]} | ret=SUCCESS |  
2019-08-28 21:29:32,902 | INFO  | DNAudit | user=null | ip=null | op=PUT_BLOCK {blockData=[blockId=conID: 3 locID: 102696731549565386 bcsId: 0,size=4194304]} | ret=SUCCESS |  
2019-08-28 21:29:32,903 [grpc-default-executor-6] INFO  client.GrpcClientProtocolClient (GrpcClientProtocolClient.java:onNext(255)) - client-05DA20D107F8->b461a7b0-028a-4eb5-b268-b89ac225aff8: receive RaftClientReply:client-05DA20D107F8->b461a7b0-028a-4eb5-b268-b89ac225aff8@group-0C8C0AA7542A, cid=1156, SUCCESS, logIndex=0, commits[b461a7b0-028a-4eb5-b268-b89ac225aff8:c1597, b6ff45f5-67b8-463b-a273-c2e7d9dadd75:c1595, 6a5cb75f-f7eb-4671-9a85-3b6f7898f6cc:c1595]
2019-08-28 21:29:32,912 | INFO  | DNAudit | user=null | ip=null | op=WRITE_CHUNK {blockData=conID: 1 locID: 102696731549565387 bcsId: 0} | ret=SUCCESS |  
2019-08-28 21:29:32,916 | INFO  | DNAudit | user=null | ip=null | op=WRITE_CHUNK {blockData=conID: 1 locID: 102696731549565387 bcsId: 0} | ret=SUCCESS |  
2019-08-28 21:29:32,916 | INFO  | DNAudit | user=null | ip=null | op=WRITE_CHUNK {blockData=conID: 1 locID: 102696731549565387 bcsId: 0} | ret=SUCCESS |  
2019-08-28 21:29:32,917 | INFO  | DNAudit | user=null | ip=null | op=WRITE_CHUNK {blockData=conID: 1 locID: 102696731549565387 bcsId: 0} | ret=SUCCESS |  
2019-08-28 21:29:32,919 | INFO  | DNAudit | user=null | ip=null | op=WRITE_CHUNK {blockData=conID: 1 locID: 102696731549565387 bcsId: 0} | ret=SUCCESS |  
2019-08-28 21:29:32,919 | INFO  | DNAudit | user=null | ip=null | op=WRITE_CHUNK {blockData=conID: 1 locID: 102696731549565387 bcsId: 0} | ret=SUCCESS |  
2019-08-28 21:29:32,936 | INFO  | DNAudit | user=null | ip=null | op=WRITE_CHUNK {blockData=conID: 1 locID: 102696731549565387 bcsId: 0} | ret=SUCCESS |  
2019-08-28 21:29:32,937 | INFO  | DNAudit | user=null | ip=null | op=PUT_BLOCK {blockData=[blockId=conID: 1 locID: 102696731549565387 bcsId: 0,size=1048576]} | ret=SUCCESS |  
2019-08-28 21:29:32,937 [grpc-default-executor-5] INFO  client.GrpcClientProtocolClient (GrpcClientProtocolClient.java:onNext(255)) - client-05DA20D107F8->b461a7b0-028a-4eb5-b268-b89ac225aff8: receive RaftClientReply:client-05DA20D107F8->b461a7b0-028a-4eb5-b268-b89ac225aff8@group-0C8C0AA7542A, cid=1157, SUCCESS, logIndex=1598, commits[b461a7b0-028a-4eb5-b268-b89ac225aff8:c1599, b6ff45f5-67b8-463b-a273-c2e7d9dadd75:c1597, 6a5cb75f-f7eb-4671-9a85-3b6f7898f6cc:c1597]
2019-08-28 21:29:32,938 [grpc-default-executor-5] INFO  client.GrpcClientProtocolClient (GrpcClientProtocolClient.java:onNext(255)) - client-05DA20D107F8->b461a7b0-028a-4eb5-b268-b89ac225aff8: receive RaftClientReply:client-05DA20D107F8->b461a7b0-028a-4eb5-b268-b89ac225aff8@group-0C8C0AA7542A, cid=1158, SUCCESS, logIndex=1599, commits[b461a7b0-028a-4eb5-b268-b89ac225aff8:c1599, b6ff45f5-67b8-463b-a273-c2e7d9dadd75:c1597, 6a5cb75f-f7eb-4671-9a85-3b6f7898f6cc:c1597]
2019-08-28 21:29:32,958 | INFO  | DNAudit | user=null | ip=null | op=WRITE_CHUNK {blockData=conID: 1 locID: 102696731549565387 bcsId: 0} | ret=SUCCESS |  
2019-08-28 21:29:32,958 | INFO  | DNAudit | user=null | ip=null | op=PUT_BLOCK {blockData=[blockId=conID: 1 locID: 102696731549565387 bcsId: 0,size=2097152]} | ret=SUCCESS |  
2019-08-28 21:29:32,959 [grpc-default-executor-6] INFO  client.GrpcClientProtocolClient (GrpcClientProtocolClient.java:onNext(255)) - client-05DA20D107F8->b461a7b0-028a-4eb5-b268-b89ac225aff8: receive RaftClientReply:client-05DA20D107F8->b461a7b0-028a-4eb5-b268-b89ac225aff8@group-0C8C0AA7542A, cid=1159, SUCCESS, logIndex=1600, commits[b461a7b0-028a-4eb5-b268-b89ac225aff8:c1601, b6ff45f5-67b8-463b-a273-c2e7d9dadd75:c1597, 6a5cb75f-f7eb-4671-9a85-3b6f7898f6cc:c1597]
2019-08-28 21:29:32,959 [grpc-default-executor-6] INFO  client.GrpcClientProtocolClient (GrpcClientProtocolClient.java:onNext(255)) - client-05DA20D107F8->b461a7b0-028a-4eb5-b268-b89ac225aff8: receive RaftClientReply:client-05DA20D107F8->b461a7b0-028a-4eb5-b268-b89ac225aff8@group-0C8C0AA7542A, cid=1160, SUCCESS, logIndex=1601, commits[b461a7b0-028a-4eb5-b268-b89ac225aff8:c1601, b6ff45f5-67b8-463b-a273-c2e7d9dadd75:c1597, 6a5cb75f-f7eb-4671-9a85-3b6f7898f6cc:c1597]
2019-08-28 21:29:32,974 | INFO  | DNAudit | user=null | ip=null | op=WRITE_CHUNK {blockData=conID: 1 locID: 102696731549565387 bcsId: 0} | ret=SUCCESS |  
2019-08-28 21:29:32,974 | INFO  | DNAudit | user=null | ip=null | op=PUT_BLOCK {blockData=[blockId=conID: 1 locID: 102696731549565387 bcsId: 0,size=1048576]} | ret=SUCCESS |  
2019-08-28 21:29:32,975 | INFO  | DNAudit | user=null | ip=null | op=WRITE_CHUNK {blockData=conID: 1 locID: 102696731549565387 bcsId: 0} | ret=SUCCESS |  
2019-08-28 21:29:32,975 | INFO  | DNAudit | user=null | ip=null | op=PUT_BLOCK {blockData=[blockId=conID: 1 locID: 102696731549565387 bcsId: 0,size=1048576]} | ret=SUCCESS |  
2019-08-28 21:29:32,975 | INFO  | DNAudit | user=null | ip=null | op=WRITE_CHUNK {blockData=conID: 1 locID: 102696731549565387 bcsId: 0} | ret=SUCCESS |  
2019-08-28 21:29:32,975 | INFO  | DNAudit | user=null | ip=null | op=PUT_BLOCK {blockData=[blockId=conID: 1 locID: 102696731549565387 bcsId: 0,size=2097152]} | ret=SUCCESS |  
2019-08-28 21:29:32,975 [grpc-default-executor-6] INFO  client.GrpcClientProtocolClient (GrpcClientProtocolClient.java:onNext(255)) - client-05DA20D107F8->b461a7b0-028a-4eb5-b268-b89ac225aff8: receive RaftClientReply:client-05DA20D107F8->b461a7b0-028a-4eb5-b268-b89ac225aff8@group-0C8C0AA7542A, cid=1161, SUCCESS, logIndex=0, commits[b461a7b0-028a-4eb5-b268-b89ac225aff8:c1603, b6ff45f5-67b8-463b-a273-c2e7d9dadd75:c1599, 6a5cb75f-f7eb-4671-9a85-3b6f7898f6cc:c1599]
2019-08-28 21:29:32,976 | INFO  | DNAudit | user=null | ip=null | op=WRITE_CHUNK {blockData=conID: 1 locID: 102696731549565387 bcsId: 0} | ret=SUCCESS |  
2019-08-28 21:29:32,977 | INFO  | DNAudit | user=null | ip=null | op=PUT_BLOCK {blockData=[blockId=conID: 1 locID: 102696731549565387 bcsId: 0,size=2097152]} | ret=SUCCESS |  
2019-08-28 21:29:32,984 | INFO  | DNAudit | user=null | ip=null | op=WRITE_CHUNK {blockData=conID: 1 locID: 102696731549565387 bcsId: 1601} | ret=SUCCESS |  
2019-08-28 21:29:32,986 | INFO  | DNAudit | user=null | ip=null | op=WRITE_CHUNK {blockData=conID: 1 locID: 102696731549565387 bcsId: 1601} | ret=SUCCESS |  
2019-08-28 21:29:32,987 | INFO  | DNAudit | user=null | ip=null | op=WRITE_CHUNK {blockData=conID: 1 locID: 102696731549565387 bcsId: 1601} | ret=SUCCESS |  
2019-08-28 21:29:33,014 | INFO  | DNAudit | user=null | ip=null | op=WRITE_CHUNK {blockData=conID: 1 locID: 102696731549565387 bcsId: 1601} | ret=SUCCESS |  
2019-08-28 21:29:33,015 | INFO  | DNAudit | user=null | ip=null | op=PUT_BLOCK {blockData=[blockId=conID: 1 locID: 102696731549565387 bcsId: 0,size=3145728]} | ret=SUCCESS |  
2019-08-28 21:29:33,015 [grpc-default-executor-5] INFO  client.GrpcClientProtocolClient (GrpcClientProtocolClient.java:onNext(255)) - client-05DA20D107F8->b461a7b0-028a-4eb5-b268-b89ac225aff8: receive RaftClientReply:client-05DA20D107F8->b461a7b0-028a-4eb5-b268-b89ac225aff8@group-0C8C0AA7542A, cid=1162, SUCCESS, logIndex=1606, commits[b461a7b0-028a-4eb5-b268-b89ac225aff8:c1607, b6ff45f5-67b8-463b-a273-c2e7d9dadd75:c1605, 6a5cb75f-f7eb-4671-9a85-3b6f7898f6cc:c1605]
2019-08-28 21:29:33,016 [grpc-default-executor-5] INFO  client.GrpcClientProtocolClient (GrpcClientProtocolClient.java:onNext(255)) - client-05DA20D107F8->b461a7b0-028a-4eb5-b268-b89ac225aff8: receive RaftClientReply:client-05DA20D107F8->b461a7b0-028a-4eb5-b268-b89ac225aff8@group-0C8C0AA7542A, cid=1163, SUCCESS, logIndex=1607, commits[b461a7b0-028a-4eb5-b268-b89ac225aff8:c1607, b6ff45f5-67b8-463b-a273-c2e7d9dadd75:c1605, 6a5cb75f-f7eb-4671-9a85-3b6f7898f6cc:c1605]
2019-08-28 21:29:33,023 | INFO  | DNAudit | user=null | ip=null | op=WRITE_CHUNK {blockData=conID: 1 locID: 102696731549565387 bcsId: 1607} | ret=SUCCESS |  
2019-08-28 21:29:33,026 | INFO  | DNAudit | user=null | ip=null | op=WRITE_CHUNK {blockData=conID: 1 locID: 102696731549565387 bcsId: 1607} | ret=SUCCESS |  
2019-08-28 21:29:33,026 | INFO  | DNAudit | user=null | ip=null | op=WRITE_CHUNK {blockData=conID: 1 locID: 102696731549565387 bcsId: 1607} | ret=SUCCESS |  
2019-08-28 21:29:33,029 | INFO  | SCMAudit | user=jenkins1000 | ip=192.168.36.107 | op=SEND_HEARTBEAT {datanodeUUID=b461a7b0-028a-4eb5-b268-b89ac225aff8, command=[]} | ret=SUCCESS |  
2019-08-28 21:29:33,029 | INFO  | SCMAudit | user=jenkins1000 | ip=192.168.36.107 | op=SEND_HEARTBEAT {datanodeUUID=6a5cb75f-f7eb-4671-9a85-3b6f7898f6cc, command=[]} | ret=SUCCESS |  
2019-08-28 21:29:33,029 | INFO  | SCMAudit | user=jenkins1000 | ip=192.168.36.107 | op=SEND_HEARTBEAT {datanodeUUID=b6ff45f5-67b8-463b-a273-c2e7d9dadd75, command=[]} | ret=SUCCESS |  
2019-08-28 21:29:33,035 | INFO  | DNAudit | user=null | ip=null | op=WRITE_CHUNK {blockData=conID: 1 locID: 102696731549565387 bcsId: 1601} | ret=SUCCESS |  
2019-08-28 21:29:33,035 | INFO  | DNAudit | user=null | ip=null | op=WRITE_CHUNK {blockData=conID: 1 locID: 102696731549565387 bcsId: 1601} | ret=SUCCESS |  
2019-08-28 21:29:33,035 | INFO  | DNAudit | user=null | ip=null | op=PUT_BLOCK {blockData=[blockId=conID: 1 locID: 102696731549565387 bcsId: 0,size=3145728]} | ret=SUCCESS |  
2019-08-28 21:29:33,035 | INFO  | DNAudit | user=null | ip=null | op=PUT_BLOCK {blockData=[blockId=conID: 1 locID: 102696731549565387 bcsId: 0,size=3145728]} | ret=SUCCESS |  
2019-08-28 21:29:33,036 | INFO  | DNAudit | user=null | ip=null | op=WRITE_CHUNK {blockData=conID: 1 locID: 102696731549565387 bcsId: 1607} | ret=SUCCESS |  
2019-08-28 21:29:33,037 | INFO  | DNAudit | user=null | ip=null | op=PUT_BLOCK {blockData=[blockId=conID: 1 locID: 102696731549565387 bcsId: 0,size=4194304]} | ret=SUCCESS |  
2019-08-28 21:29:33,037 [grpc-default-executor-5] INFO  client.GrpcClientProtocolClient (GrpcClientProtocolClient.java:onNext(255)) - client-05DA20D107F8->b461a7b0-028a-4eb5-b268-b89ac225aff8: receive RaftClientReply:client-05DA20D107F8->b461a7b0-028a-4eb5-b268-b89ac225aff8@group-0C8C0AA7542A, cid=1164, SUCCESS, logIndex=1610, commits[b461a7b0-028a-4eb5-b268-b89ac225aff8:c1610, b6ff45f5-67b8-463b-a273-c2e7d9dadd75:c1607, 6a5cb75f-f7eb-4671-9a85-3b6f7898f6cc:c1607]
2019-08-28 21:29:33,037 [grpc-default-executor-5] INFO  client.GrpcClientProtocolClient (GrpcClientProtocolClient.java:onNext(255)) - client-05DA20D107F8->b461a7b0-028a-4eb5-b268-b89ac225aff8: receive RaftClientReply:client-05DA20D107F8->b461a7b0-028a-4eb5-b268-b89ac225aff8@group-0C8C0AA7542A, cid=1165, SUCCESS, logIndex=1611, commits[b461a7b0-028a-4eb5-b268-b89ac225aff8:c1611, b6ff45f5-67b8-463b-a273-c2e7d9dadd75:c1607, 6a5cb75f-f7eb-4671-9a85-3b6f7898f6cc:c1607]
2019-08-28 21:29:33,054 | INFO  | DNAudit | user=null | ip=null | op=WRITE_CHUNK {blockData=conID: 1 locID: 102696731549565387 bcsId: 1607} | ret=SUCCESS |  
2019-08-28 21:29:33,054 | INFO  | DNAudit | user=null | ip=null | op=WRITE_CHUNK {blockData=conID: 1 locID: 102696731549565387 bcsId: 1607} | ret=SUCCESS |  
2019-08-28 21:29:33,055 | INFO  | DNAudit | user=null | ip=null | op=PUT_BLOCK {blockData=[blockId=conID: 1 locID: 102696731549565387 bcsId: 0,size=4194304]} | ret=SUCCESS |  
2019-08-28 21:29:33,055 | INFO  | DNAudit | user=null | ip=null | op=PUT_BLOCK {blockData=[blockId=conID: 1 locID: 102696731549565387 bcsId: 0,size=4194304]} | ret=SUCCESS |  
2019-08-28 21:29:33,056 [grpc-default-executor-5] INFO  client.GrpcClientProtocolClient (GrpcClientProtocolClient.java:onNext(255)) - client-05DA20D107F8->b461a7b0-028a-4eb5-b268-b89ac225aff8: receive RaftClientReply:client-05DA20D107F8->b461a7b0-028a-4eb5-b268-b89ac225aff8@group-0C8C0AA7542A, cid=1166, SUCCESS, logIndex=0, commits[b461a7b0-028a-4eb5-b268-b89ac225aff8:c1613, b6ff45f5-67b8-463b-a273-c2e7d9dadd75:c1611, 6a5cb75f-f7eb-4671-9a85-3b6f7898f6cc:c1611]
2019-08-28 21:29:33,063 | INFO  | DNAudit | user=null | ip=null | op=WRITE_CHUNK {blockData=conID: 2 locID: 102696731549565388 bcsId: 0} | ret=SUCCESS |  
2019-08-28 21:29:33,066 | INFO  | DNAudit | user=null | ip=null | op=WRITE_CHUNK {blockData=conID: 2 locID: 102696731549565388 bcsId: 0} | ret=SUCCESS |  
2019-08-28 21:29:33,068 | INFO  | DNAudit | user=null | ip=null | op=WRITE_CHUNK {blockData=conID: 2 locID: 102696731549565388 bcsId: 0} | ret=SUCCESS |  
2019-08-28 21:29:33,069 | INFO  | DNAudit | user=null | ip=null | op=WRITE_CHUNK {blockData=conID: 2 locID: 102696731549565388 bcsId: 0} | ret=SUCCESS |  
2019-08-28 21:29:33,072 | INFO  | DNAudit | user=null | ip=null | op=WRITE_CHUNK {blockData=conID: 2 locID: 102696731549565388 bcsId: 0} | ret=SUCCESS |  
2019-08-28 21:29:33,072 | INFO  | DNAudit | user=null | ip=null | op=WRITE_CHUNK {blockData=conID: 2 locID: 102696731549565388 bcsId: 0} | ret=SUCCESS |  
2019-08-28 21:29:33,072 | INFO  | DNAudit | user=null | ip=null | op=PUT_BLOCK {blockData=[blockId=conID: 2 locID: 102696731549565388 bcsId: 0,size=1048576]} | ret=SUCCESS |  
2019-08-28 21:29:33,072 [grpc-default-executor-3] INFO  client.GrpcClientProtocolClient (GrpcClientProtocolClient.java:onNext(255)) - client-05DA20D107F8->b461a7b0-028a-4eb5-b268-b89ac225aff8: receive RaftClientReply:client-05DA20D107F8->b461a7b0-028a-4eb5-b268-b89ac225aff8@group-0C8C0AA7542A, cid=1167, SUCCESS, logIndex=1614, commits[b461a7b0-028a-4eb5-b268-b89ac225aff8:c1615, b6ff45f5-67b8-463b-a273-c2e7d9dadd75:c1613, 6a5cb75f-f7eb-4671-9a85-3b6f7898f6cc:c1613]
2019-08-28 21:29:33,073 [grpc-default-executor-3] INFO  client.GrpcClientProtocolClient (GrpcClientProtocolClient.java:onNext(255)) - client-05DA20D107F8->b461a7b0-028a-4eb5-b268-b89ac225aff8: receive RaftClientReply:client-05DA20D107F8->b461a7b0-028a-4eb5-b268-b89ac225aff8@group-0C8C0AA7542A, cid=1168, SUCCESS, logIndex=1615, commits[b461a7b0-028a-4eb5-b268-b89ac225aff8:c1615, b6ff45f5-67b8-463b-a273-c2e7d9dadd75:c1613, 6a5cb75f-f7eb-4671-9a85-3b6f7898f6cc:c1613]
2019-08-28 21:29:33,073 | INFO  | DNAudit | user=null | ip=null | op=WRITE_CHUNK {blockData=conID: 2 locID: 102696731549565388 bcsId: 0} | ret=SUCCESS |  
 0.00% |█                                                                                                    |  0/1 Time: 0:00:092019-08-28 21:29:33,097 | INFO  | DNAudit | user=null | ip=null | op=WRITE_CHUNK {blockData=conID: 2 locID: 102696731549565388 bcsId: 0} | ret=SUCCESS |  
2019-08-28 21:29:33,098 | INFO  | DNAudit | user=null | ip=null | op=WRITE_CHUNK {blockData=conID: 2 locID: 102696731549565388 bcsId: 0} | ret=SUCCESS |  
2019-08-28 21:29:33,098 | INFO  | DNAudit | user=null | ip=null | op=WRITE_CHUNK {blockData=conID: 2 locID: 102696731549565388 bcsId: 0} | ret=SUCCESS |  
2019-08-28 21:29:33,098 | INFO  | DNAudit | user=null | ip=null | op=PUT_BLOCK {blockData=[blockId=conID: 2 locID: 102696731549565388 bcsId: 0,size=1048576]} | ret=SUCCESS |  
2019-08-28 21:29:33,098 | INFO  | DNAudit | user=null | ip=null | op=PUT_BLOCK {blockData=[blockId=conID: 2 locID: 102696731549565388 bcsId: 0,size=2097152]} | ret=SUCCESS |  
2019-08-28 21:29:33,098 | INFO  | DNAudit | user=null | ip=null | op=PUT_BLOCK {blockData=[blockId=conID: 2 locID: 102696731549565388 bcsId: 0,size=1048576]} | ret=SUCCESS |  
2019-08-28 21:29:33,098 [grpc-default-executor-5] INFO  client.GrpcClientProtocolClient (GrpcClientProtocolClient.java:onNext(255)) - client-05DA20D107F8->b461a7b0-028a-4eb5-b268-b89ac225aff8: receive RaftClientReply:client-05DA20D107F8->b461a7b0-028a-4eb5-b268-b89ac225aff8@group-0C8C0AA7542A, cid=1169, SUCCESS, logIndex=1616, commits[b461a7b0-028a-4eb5-b268-b89ac225aff8:c1617, b6ff45f5-67b8-463b-a273-c2e7d9dadd75:c1613, 6a5cb75f-f7eb-4671-9a85-3b6f7898f6cc:c1613]
2019-08-28 21:29:33,099 [grpc-default-executor-5] INFO  client.GrpcClientProtocolClient (GrpcClientProtocolClient.java:onNext(255)) - client-05DA20D107F8->b461a7b0-028a-4eb5-b268-b89ac225aff8: receive RaftClientReply:client-05DA20D107F8->b461a7b0-028a-4eb5-b268-b89ac225aff8@group-0C8C0AA7542A, cid=1170, SUCCESS, logIndex=1617, commits[b461a7b0-028a-4eb5-b268-b89ac225aff8:c1619, b6ff45f5-67b8-463b-a273-c2e7d9dadd75:c1615, 6a5cb75f-f7eb-4671-9a85-3b6f7898f6cc:c1615]
2019-08-28 21:29:33,106 | INFO  | DNAudit | user=null | ip=null | op=WRITE_CHUNK {blockData=conID: 2 locID: 102696731549565388 bcsId: 1617} | ret=SUCCESS |  
2019-08-28 21:29:33,109 | INFO  | DNAudit | user=null | ip=null | op=WRITE_CHUNK {blockData=conID: 2 locID: 102696731549565388 bcsId: 1617} | ret=SUCCESS |  
2019-08-28 21:29:33,109 | INFO  | DNAudit | user=null | ip=null | op=WRITE_CHUNK {blockData=conID: 2 locID: 102696731549565388 bcsId: 1617} | ret=SUCCESS |  
2019-08-28 21:29:33,114 | INFO  | DNAudit | user=null | ip=null | op=WRITE_CHUNK {blockData=conID: 2 locID: 102696731549565388 bcsId: 0} | ret=SUCCESS |  
2019-08-28 21:29:33,114 | INFO  | DNAudit | user=null | ip=null | op=PUT_BLOCK {blockData=[blockId=conID: 2 locID: 102696731549565388 bcsId: 0,size=2097152]} | ret=SUCCESS |  
2019-08-28 21:29:33,114 | INFO  | DNAudit | user=null | ip=null | op=WRITE_CHUNK {blockData=conID: 2 locID: 102696731549565388 bcsId: 0} | ret=SUCCESS |  
2019-08-28 21:29:33,131 | INFO  | DNAudit | user=null | ip=null | op=WRITE_CHUNK {blockData=conID: 2 locID: 102696731549565388 bcsId: 1617} | ret=SUCCESS |  
2019-08-28 21:29:33,132 | INFO  | DNAudit | user=null | ip=null | op=PUT_BLOCK {blockData=[blockId=conID: 2 locID: 102696731549565388 bcsId: 0,size=2097152]} | ret=SUCCESS |  
2019-08-28 21:29:33,132 | INFO  | DNAudit | user=null | ip=null | op=PUT_BLOCK {blockData=[blockId=conID: 2 locID: 102696731549565388 bcsId: 0,size=3145728]} | ret=SUCCESS |  
2019-08-28 21:29:33,132 [grpc-default-executor-3] INFO  client.GrpcClientProtocolClient (GrpcClientProtocolClient.java:onNext(255)) - client-05DA20D107F8->b461a7b0-028a-4eb5-b268-b89ac225aff8: receive RaftClientReply:client-05DA20D107F8->b461a7b0-028a-4eb5-b268-b89ac225aff8@group-0C8C0AA7542A, cid=1171, SUCCESS, logIndex=1622, commits[b461a7b0-028a-4eb5-b268-b89ac225aff8:c1623, b6ff45f5-67b8-463b-a273-c2e7d9dadd75:c1619, 6a5cb75f-f7eb-4671-9a85-3b6f7898f6cc:c1616]
2019-08-28 21:29:33,132 [grpc-default-executor-3] INFO  client.GrpcClientProtocolClient (GrpcClientProtocolClient.java:onNext(255)) - client-05DA20D107F8->b461a7b0-028a-4eb5-b268-b89ac225aff8: receive RaftClientReply:client-05DA20D107F8->b461a7b0-028a-4eb5-b268-b89ac225aff8@group-0C8C0AA7542A, cid=1172, SUCCESS, logIndex=1623, commits[b461a7b0-028a-4eb5-b268-b89ac225aff8:c1623, b6ff45f5-67b8-463b-a273-c2e7d9dadd75:c1619, 6a5cb75f-f7eb-4671-9a85-3b6f7898f6cc:c1619]
2019-08-28 21:29:33,139 | INFO  | DNAudit | user=null | ip=null | op=WRITE_CHUNK {blockData=conID: 2 locID: 102696731549565388 bcsId: 1623} | ret=SUCCESS |  
2019-08-28 21:29:33,142 | INFO  | DNAudit | user=null | ip=null | op=WRITE_CHUNK {blockData=conID: 2 locID: 102696731549565388 bcsId: 1623} | ret=SUCCESS |  
2019-08-28 21:29:33,143 | INFO  | DNAudit | user=null | ip=null | op=WRITE_CHUNK {blockData=conID: 2 locID: 102696731549565388 bcsId: 1623} | ret=SUCCESS |  
2019-08-28 21:29:33,154 | INFO  | DNAudit | user=null | ip=null | op=WRITE_CHUNK {blockData=conID: 2 locID: 102696731549565388 bcsId: 1617} | ret=SUCCESS |  
2019-08-28 21:29:33,154 | INFO  | DNAudit | user=null | ip=null | op=WRITE_CHUNK {blockData=conID: 2 locID: 102696731549565388 bcsId: 1617} | ret=SUCCESS |  
2019-08-28 21:29:33,154 | INFO  | DNAudit | user=null | ip=null | op=PUT_BLOCK {blockData=[blockId=conID: 2 locID: 102696731549565388 bcsId: 0,size=3145728]} | ret=SUCCESS |  
2019-08-28 21:29:33,154 | INFO  | DNAudit | user=null | ip=null | op=PUT_BLOCK {blockData=[blockId=conID: 2 locID: 102696731549565388 bcsId: 0,size=3145728]} | ret=SUCCESS |  
2019-08-28 21:29:33,155 | INFO  | DNAudit | user=null | ip=null | op=WRITE_CHUNK {blockData=conID: 2 locID: 102696731549565388 bcsId: 1623} | ret=SUCCESS |  
2019-08-28 21:29:33,156 | INFO  | DNAudit | user=null | ip=null | op=PUT_BLOCK {blockData=[blockId=conID: 2 locID: 102696731549565388 bcsId: 0,size=4194304]} | ret=SUCCESS |  
2019-08-28 21:29:33,156 [grpc-default-executor-3] INFO  client.GrpcClientProtocolClient (GrpcClientProtocolClient.java:onNext(255)) - client-05DA20D107F8->b461a7b0-028a-4eb5-b268-b89ac225aff8: receive RaftClientReply:client-05DA20D107F8->b461a7b0-028a-4eb5-b268-b89ac225aff8@group-0C8C0AA7542A, cid=1173, SUCCESS, logIndex=1626, commits[b461a7b0-028a-4eb5-b268-b89ac225aff8:c1626, b6ff45f5-67b8-463b-a273-c2e7d9dadd75:c1623, 6a5cb75f-f7eb-4671-9a85-3b6f7898f6cc:c1623]
2019-08-28 21:29:33,156 [grpc-default-executor-3] INFO  client.GrpcClientProtocolClient (GrpcClientProtocolClient.java:onNext(255)) - client-05DA20D107F8->b461a7b0-028a-4eb5-b268-b89ac225aff8: receive RaftClientReply:client-05DA20D107F8->b461a7b0-028a-4eb5-b268-b89ac225aff8@group-0C8C0AA7542A, cid=1174, SUCCESS, logIndex=1627, commits[b461a7b0-028a-4eb5-b268-b89ac225aff8:c1627, b6ff45f5-67b8-463b-a273-c2e7d9dadd75:c1623, 6a5cb75f-f7eb-4671-9a85-3b6f7898f6cc:c1623]
2019-08-28 21:29:33,177 | INFO  | DNAudit | user=null | ip=null | op=WRITE_CHUNK {blockData=conID: 2 locID: 102696731549565388 bcsId: 1623} | ret=SUCCESS |  
2019-08-28 21:29:33,178 | INFO  | DNAudit | user=null | ip=null | op=WRITE_CHUNK {blockData=conID: 2 locID: 102696731549565388 bcsId: 1623} | ret=SUCCESS |  
2019-08-28 21:29:33,179 | INFO  | DNAudit | user=null | ip=null | op=PUT_BLOCK {blockData=[blockId=conID: 2 locID: 102696731549565388 bcsId: 0,size=4194304]} | ret=SUCCESS |  
2019-08-28 21:29:33,179 | INFO  | DNAudit | user=null | ip=null | op=PUT_BLOCK {blockData=[blockId=conID: 2 locID: 102696731549565388 bcsId: 0,size=4194304]} | ret=SUCCESS |  
2019-08-28 21:29:33,180 [grpc-default-executor-3] INFO  client.GrpcClientProtocolClient (GrpcClientProtocolClient.java:onNext(255)) - client-05DA20D107F8->b461a7b0-028a-4eb5-b268-b89ac225aff8: receive RaftClientReply:client-05DA20D107F8->b461a7b0-028a-4eb5-b268-b89ac225aff8@group-0C8C0AA7542A, cid=1175, SUCCESS, logIndex=0, commits[b461a7b0-028a-4eb5-b268-b89ac225aff8:c1629, b6ff45f5-67b8-463b-a273-c2e7d9dadd75:c1627, 6a5cb75f-f7eb-4671-9a85-3b6f7898f6cc:c1627]
2019-08-28 21:29:33,188 | INFO  | DNAudit | user=null | ip=null | op=WRITE_CHUNK {blockData=conID: 3 locID: 102696731549565389 bcsId: 0} | ret=SUCCESS |  
2019-08-28 21:29:33,193 | INFO  | DNAudit | user=null | ip=null | op=WRITE_CHUNK {blockData=conID: 3 locID: 102696731549565389 bcsId: 0} | ret=SUCCESS |  
2019-08-28 21:29:33,193 | INFO  | DNAudit | user=null | ip=null | op=WRITE_CHUNK {blockData=conID: 3 locID: 102696731549565389 bcsId: 0} | ret=SUCCESS |  
2019-08-28 21:29:33,193 | INFO  | DNAudit | user=null | ip=null | op=WRITE_CHUNK {blockData=conID: 3 locID: 102696731549565389 bcsId: 0} | ret=SUCCESS |  
2019-08-28 21:29:33,194 | INFO  | DNAudit | user=null | ip=null | op=WRITE_CHUNK {blockData=conID: 3 locID: 102696731549565389 bcsId: 0} | ret=SUCCESS |  
2019-08-28 21:29:33,194 | INFO  | DNAudit | user=null | ip=null | op=WRITE_CHUNK {blockData=conID: 3 locID: 102696731549565389 bcsId: 0} | ret=SUCCESS |  
2019-08-28 21:29:33,203 | INFO  | DNAudit | user=null | ip=null | op=WRITE_CHUNK {blockData=conID: 3 locID: 102696731549565389 bcsId: 0} | ret=SUCCESS |  
2019-08-28 21:29:33,203 | INFO  | DNAudit | user=null | ip=null | op=PUT_BLOCK {blockData=[blockId=conID: 3 locID: 102696731549565389 bcsId: 0,size=1048576]} | ret=SUCCESS |  
2019-08-28 21:29:33,203 [grpc-default-executor-2] INFO  client.GrpcClientProtocolClient (GrpcClientProtocolClient.java:onNext(255)) - client-05DA20D107F8->b461a7b0-028a-4eb5-b268-b89ac225aff8: receive RaftClientReply:client-05DA20D107F8->b461a7b0-028a-4eb5-b268-b89ac225aff8@group-0C8C0AA7542A, cid=1176, SUCCESS, logIndex=1630, commits[b461a7b0-028a-4eb5-b268-b89ac225aff8:c1631, b6ff45f5-67b8-463b-a273-c2e7d9dadd75:c1629, 6a5cb75f-f7eb-4671-9a85-3b6f7898f6cc:c1629]
2019-08-28 21:29:33,204 | INFO  | DNAudit | user=null | ip=null | op=WRITE_CHUNK {blockData=conID: 3 locID: 102696731549565389 bcsId: 0} | ret=SUCCESS |  
2019-08-28 21:29:33,204 [grpc-default-executor-2] INFO  client.GrpcClientProtocolClient (GrpcClientProtocolClient.java:onNext(255)) - client-05DA20D107F8->b461a7b0-028a-4eb5-b268-b89ac225aff8: receive RaftClientReply:client-05DA20D107F8->b461a7b0-028a-4eb5-b268-b89ac225aff8@group-0C8C0AA7542A, cid=1177, SUCCESS, logIndex=1631, commits[b461a7b0-028a-4eb5-b268-b89ac225aff8:c1633, b6ff45f5-67b8-463b-a273-c2e7d9dadd75:c1629, 6a5cb75f-f7eb-4671-9a85-3b6f7898f6cc:c1629]
2019-08-28 21:29:33,204 | INFO  | DNAudit | user=null | ip=null | op=PUT_BLOCK {blockData=[blockId=conID: 3 locID: 102696731549565389 bcsId: 0,size=2097152]} | ret=SUCCESS |  
2019-08-28 21:29:33,204 [grpc-default-executor-2] INFO  client.GrpcClientProtocolClient (GrpcClientProtocolClient.java:onNext(255)) - client-05DA20D107F8->b461a7b0-028a-4eb5-b268-b89ac225aff8: receive RaftClientReply:client-05DA20D107F8->b461a7b0-028a-4eb5-b268-b89ac225aff8@group-0C8C0AA7542A, cid=1178, SUCCESS, logIndex=1632, commits[b461a7b0-028a-4eb5-b268-b89ac225aff8:c1633, b6ff45f5-67b8-463b-a273-c2e7d9dadd75:c1629, 6a5cb75f-f7eb-4671-9a85-3b6f7898f6cc:c1629]
2019-08-28 21:29:33,205 [grpc-default-executor-2] INFO  client.GrpcClientProtocolClient (GrpcClientProtocolClient.java:onNext(255)) - client-05DA20D107F8->b461a7b0-028a-4eb5-b268-b89ac225aff8: receive RaftClientReply:client-05DA20D107F8->b461a7b0-028a-4eb5-b268-b89ac225aff8@group-0C8C0AA7542A, cid=1179, SUCCESS, logIndex=1633, commits[b461a7b0-028a-4eb5-b268-b89ac225aff8:c1633, b6ff45f5-67b8-463b-a273-c2e7d9dadd75:c1629, 6a5cb75f-f7eb-4671-9a85-3b6f7898f6cc:c1629]
2019-08-28 21:29:33,219 | INFO  | DNAudit | user=null | ip=null | op=WRITE_CHUNK {blockData=conID: 3 locID: 102696731549565389 bcsId: 0} | ret=SUCCESS |  
2019-08-28 21:29:33,219 | INFO  | DNAudit | user=null | ip=null | op=WRITE_CHUNK {blockData=conID: 3 locID: 102696731549565389 bcsId: 0} | ret=SUCCESS |  
2019-08-28 21:29:33,220 | INFO  | DNAudit | user=null | ip=null | op=PUT_BLOCK {blockData=[blockId=conID: 3 locID: 102696731549565389 bcsId: 0,size=1048576]} | ret=SUCCESS |  
2019-08-28 21:29:33,221 | INFO  | DNAudit | user=null | ip=null | op=PUT_BLOCK {blockData=[blockId=conID: 3 locID: 102696731549565389 bcsId: 0,size=1048576]} | ret=SUCCESS |  
2019-08-28 21:29:33,221 | INFO  | DNAudit | user=null | ip=null | op=WRITE_CHUNK {blockData=conID: 3 locID: 102696731549565389 bcsId: 0} | ret=SUCCESS |  
2019-08-28 21:29:33,221 | INFO  | DNAudit | user=null | ip=null | op=PUT_BLOCK {blockData=[blockId=conID: 3 locID: 102696731549565389 bcsId: 0,size=2097152]} | ret=SUCCESS |  
2019-08-28 21:29:33,221 | INFO  | DNAudit | user=null | ip=null | op=WRITE_CHUNK {blockData=conID: 3 locID: 102696731549565389 bcsId: 0} | ret=SUCCESS |  
2019-08-28 21:29:33,222 | INFO  | DNAudit | user=null | ip=null | op=PUT_BLOCK {blockData=[blockId=conID: 3 locID: 102696731549565389 bcsId: 0,size=2097152]} | ret=SUCCESS |  
2019-08-28 21:29:33,222 [grpc-default-executor-2] INFO  client.GrpcClientProtocolClient (GrpcClientProtocolClient.java:onNext(255)) - client-05DA20D107F8->b461a7b0-028a-4eb5-b268-b89ac225aff8: receive RaftClientReply:client-05DA20D107F8->b461a7b0-028a-4eb5-b268-b89ac225aff8@group-0C8C0AA7542A, cid=1180, SUCCESS, logIndex=0, commits[b461a7b0-028a-4eb5-b268-b89ac225aff8:c1635, b6ff45f5-67b8-463b-a273-c2e7d9dadd75:c1631, 6a5cb75f-f7eb-4671-9a85-3b6f7898f6cc:c1631]
2019-08-28 21:29:33,229 | INFO  | DNAudit | user=null | ip=null | op=WRITE_CHUNK {blockData=conID: 3 locID: 102696731549565389 bcsId: 1633} | ret=SUCCESS |  
2019-08-28 21:29:33,231 | INFO  | DNAudit | user=null | ip=null | op=WRITE_CHUNK {blockData=conID: 3 locID: 102696731549565389 bcsId: 1633} | ret=SUCCESS |  
2019-08-28 21:29:33,231 | INFO  | DNAudit | user=null | ip=null | op=WRITE_CHUNK {blockData=conID: 3 locID: 102696731549565389 bcsId: 1633} | ret=SUCCESS |  
2019-08-28 21:29:33,258 | INFO  | DNAudit | user=null | ip=null | op=WRITE_CHUNK {blockData=conID: 3 locID: 102696731549565389 bcsId: 1633} | ret=SUCCESS |  
2019-08-28 21:29:33,259 | INFO  | DNAudit | user=null | ip=null | op=PUT_BLOCK {blockData=[blockId=conID: 3 locID: 102696731549565389 bcsId: 0,size=3145728]} | ret=SUCCESS |  
2019-08-28 21:29:33,259 [grpc-default-executor-2] INFO  client.GrpcClientProtocolClient (GrpcClientProtocolClient.java:onNext(255)) - client-05DA20D107F8->b461a7b0-028a-4eb5-b268-b89ac225aff8: receive RaftClientReply:client-05DA20D107F8->b461a7b0-028a-4eb5-b268-b89ac225aff8@group-0C8C0AA7542A, cid=1181, SUCCESS, logIndex=1638, commits[b461a7b0-028a-4eb5-b268-b89ac225aff8:c1639, b6ff45f5-67b8-463b-a273-c2e7d9dadd75:c1637, 6a5cb75f-f7eb-4671-9a85-3b6f7898f6cc:c1637]
2019-08-28 21:29:33,260 [grpc-default-executor-2] INFO  client.GrpcClientProtocolClient (GrpcClientProtocolClient.java:onNext(255)) - client-05DA20D107F8->b461a7b0-028a-4eb5-b268-b89ac225aff8: receive RaftClientReply:client-05DA20D107F8->b461a7b0-028a-4eb5-b268-b89ac225aff8@group-0C8C0AA7542A, cid=1182, SUCCESS, logIndex=1639, commits[b461a7b0-028a-4eb5-b268-b89ac225aff8:c1639, b6ff45f5-67b8-463b-a273-c2e7d9dadd75:c1637, 6a5cb75f-f7eb-4671-9a85-3b6f7898f6cc:c1637]
2019-08-28 21:29:33,267 | INFO  | DNAudit | user=null | ip=null | op=WRITE_CHUNK {blockData=conID: 3 locID: 102696731549565389 bcsId: 1639} | ret=SUCCESS |  
2019-08-28 21:29:33,269 | INFO  | DNAudit | user=null | ip=null | op=WRITE_CHUNK {blockData=conID: 3 locID: 102696731549565389 bcsId: 1639} | ret=SUCCESS |  
2019-08-28 21:29:33,269 | INFO  | DNAudit | user=null | ip=null | op=WRITE_CHUNK {blockData=conID: 3 locID: 102696731549565389 bcsId: 1639} | ret=SUCCESS |  
2019-08-28 21:29:33,277 | INFO  | DNAudit | user=null | ip=null | op=WRITE_CHUNK {blockData=conID: 3 locID: 102696731549565389 bcsId: 1633} | ret=SUCCESS |  
2019-08-28 21:29:33,277 | INFO  | DNAudit | user=null | ip=null | op=WRITE_CHUNK {blockData=conID: 3 locID: 102696731549565389 bcsId: 1633} | ret=SUCCESS |  
2019-08-28 21:29:33,277 | INFO  | DNAudit | user=null | ip=null | op=PUT_BLOCK {blockData=[blockId=conID: 3 locID: 102696731549565389 bcsId: 0,size=3145728]} | ret=SUCCESS |  
2019-08-28 21:29:33,278 | INFO  | DNAudit | user=null | ip=null | op=PUT_BLOCK {blockData=[blockId=conID: 3 locID: 102696731549565389 bcsId: 0,size=3145728]} | ret=SUCCESS |  
2019-08-28 21:29:33,279 | INFO  | DNAudit | user=null | ip=null | op=WRITE_CHUNK {blockData=conID: 3 locID: 102696731549565389 bcsId: 1639} | ret=SUCCESS |  
2019-08-28 21:29:33,279 | INFO  | DNAudit | user=null | ip=null | op=PUT_BLOCK {blockData=[blockId=conID: 3 locID: 102696731549565389 bcsId: 0,size=4194304]} | ret=SUCCESS |  
2019-08-28 21:29:33,280 [grpc-default-executor-3] INFO  client.GrpcClientProtocolClient (GrpcClientProtocolClient.java:onNext(255)) - client-05DA20D107F8->b461a7b0-028a-4eb5-b268-b89ac225aff8: receive RaftClientReply:client-05DA20D107F8->b461a7b0-028a-4eb5-b268-b89ac225aff8@group-0C8C0AA7542A, cid=1183, SUCCESS, logIndex=1642, commits[b461a7b0-028a-4eb5-b268-b89ac225aff8:c1643, b6ff45f5-67b8-463b-a273-c2e7d9dadd75:c1639, 6a5cb75f-f7eb-4671-9a85-3b6f7898f6cc:c1639]
2019-08-28 21:29:33,280 [grpc-default-executor-3] INFO  client.GrpcClientProtocolClient (GrpcClientProtocolClient.java:onNext(255)) - client-05DA20D107F8->b461a7b0-028a-4eb5-b268-b89ac225aff8: receive RaftClientReply:client-05DA20D107F8->b461a7b0-028a-4eb5-b268-b89ac225aff8@group-0C8C0AA7542A, cid=1184, SUCCESS, logIndex=1643, commits[b461a7b0-028a-4eb5-b268-b89ac225aff8:c1643, b6ff45f5-67b8-463b-a273-c2e7d9dadd75:c1639, 6a5cb75f-f7eb-4671-9a85-3b6f7898f6cc:c1639]
2019-08-28 21:29:33,302 | INFO  | DNAudit | user=null | ip=null | op=WRITE_CHUNK {blockData=conID: 3 locID: 102696731549565389 bcsId: 1639} | ret=SUCCESS |  
2019-08-28 21:29:33,302 | INFO  | DNAudit | user=null | ip=null | op=WRITE_CHUNK {blockData=conID: 3 locID: 102696731549565389 bcsId: 1639} | ret=SUCCESS |  
2019-08-28 21:29:33,303 | INFO  | DNAudit | user=null | ip=null | op=PUT_BLOCK {blockData=[blockId=conID: 3 locID: 102696731549565389 bcsId: 0,size=4194304]} | ret=SUCCESS |  
2019-08-28 21:29:33,303 | INFO  | DNAudit | user=null | ip=null | op=PUT_BLOCK {blockData=[blockId=conID: 3 locID: 102696731549565389 bcsId: 0,size=4194304]} | ret=SUCCESS |  
2019-08-28 21:29:33,303 [grpc-default-executor-2] INFO  client.GrpcClientProtocolClient (GrpcClientProtocolClient.java:onNext(255)) - client-05DA20D107F8->b461a7b0-028a-4eb5-b268-b89ac225aff8: receive RaftClientReply:client-05DA20D107F8->b461a7b0-028a-4eb5-b268-b89ac225aff8@group-0C8C0AA7542A, cid=1185, SUCCESS, logIndex=0, commits[b461a7b0-028a-4eb5-b268-b89ac225aff8:c1645, b6ff45f5-67b8-463b-a273-c2e7d9dadd75:c1643, 6a5cb75f-f7eb-4671-9a85-3b6f7898f6cc:c1643]
2019-08-28 21:29:33,312 | INFO  | DNAudit | user=null | ip=null | op=WRITE_CHUNK {blockData=conID: 1 locID: 102696731549565390 bcsId: 0} | ret=SUCCESS |  
2019-08-28 21:29:33,315 | INFO  | DNAudit | user=null | ip=null | op=WRITE_CHUNK {blockData=conID: 1 locID: 102696731549565390 bcsId: 0} | ret=SUCCESS |  
2019-08-28 21:29:33,315 | INFO  | DNAudit | user=null | ip=null | op=WRITE_CHUNK {blockData=conID: 1 locID: 102696731549565390 bcsId: 0} | ret=SUCCESS |  
2019-08-28 21:29:33,315 | INFO  | DNAudit | user=null | ip=null | op=WRITE_CHUNK {blockData=conID: 1 locID: 102696731549565390 bcsId: 0} | ret=SUCCESS |  
2019-08-28 21:29:33,316 | INFO  | DNAudit | user=null | ip=null | op=WRITE_CHUNK {blockData=conID: 1 locID: 102696731549565390 bcsId: 0} | ret=SUCCESS |  
2019-08-28 21:29:33,316 | INFO  | DNAudit | user=null | ip=null | op=WRITE_CHUNK {blockData=conID: 1 locID: 102696731549565390 bcsId: 0} | ret=SUCCESS |  
2019-08-28 21:29:33,321 | INFO  | DNAudit | user=null | ip=null | op=WRITE_CHUNK {blockData=conID: 1 locID: 102696731549565390 bcsId: 0} | ret=SUCCESS |  
2019-08-28 21:29:33,322 | INFO  | DNAudit | user=null | ip=null | op=PUT_BLOCK {blockData=[blockId=conID: 1 locID: 102696731549565390 bcsId: 0,size=1048576]} | ret=SUCCESS |  
2019-08-28 21:29:33,323 | INFO  | DNAudit | user=null | ip=null | op=WRITE_CHUNK {blockData=conID: 1 locID: 102696731549565390 bcsId: 0} | ret=SUCCESS |  
2019-08-28 21:29:33,322 [grpc-default-executor-3] INFO  client.GrpcClientProtocolClient (GrpcClientProtocolClient.java:onNext(255)) - client-05DA20D107F8->b461a7b0-028a-4eb5-b268-b89ac225aff8: receive RaftClientReply:client-05DA20D107F8->b461a7b0-028a-4eb5-b268-b89ac225aff8@group-0C8C0AA7542A, cid=1186, SUCCESS, logIndex=1646, commits[b461a7b0-028a-4eb5-b268-b89ac225aff8:c1648, b6ff45f5-67b8-463b-a273-c2e7d9dadd75:c1645, 6a5cb75f-f7eb-4671-9a85-3b6f7898f6cc:c1645]
2019-08-28 21:29:33,323 | INFO  | DNAudit | user=null | ip=null | op=PUT_BLOCK {blockData=[blockId=conID: 1 locID: 102696731549565390 bcsId: 0,size=2097152]} | ret=SUCCESS |  
2019-08-28 21:29:33,323 [grpc-default-executor-3] INFO  client.GrpcClientProtocolClient (GrpcClientProtocolClient.java:onNext(255)) - client-05DA20D107F8->b461a7b0-028a-4eb5-b268-b89ac225aff8: receive RaftClientReply:client-05DA20D107F8->b461a7b0-028a-4eb5-b268-b89ac225aff8@group-0C8C0AA7542A, cid=1187, SUCCESS, logIndex=1647, commits[b461a7b0-028a-4eb5-b268-b89ac225aff8:c1649, b6ff45f5-67b8-463b-a273-c2e7d9dadd75:c1645, 6a5cb75f-f7eb-4671-9a85-3b6f7898f6cc:c1645]
2019-08-28 21:29:33,323 [grpc-default-executor-3] INFO  client.GrpcClientProtocolClient (GrpcClientProtocolClient.java:onNext(255)) - client-05DA20D107F8->b461a7b0-028a-4eb5-b268-b89ac225aff8: receive RaftClientReply:client-05DA20D107F8->b461a7b0-028a-4eb5-b268-b89ac225aff8@group-0C8C0AA7542A, cid=1188, SUCCESS, logIndex=1648, commits[b461a7b0-028a-4eb5-b268-b89ac225aff8:c1649, b6ff45f5-67b8-463b-a273-c2e7d9dadd75:c1645, 6a5cb75f-f7eb-4671-9a85-3b6f7898f6cc:c1645]
2019-08-28 21:29:33,324 [grpc-default-executor-3] INFO  client.GrpcClientProtocolClient (GrpcClientProtocolClient.java:onNext(255)) - client-05DA20D107F8->b461a7b0-028a-4eb5-b268-b89ac225aff8: receive RaftClientReply:client-05DA20D107F8->b461a7b0-028a-4eb5-b268-b89ac225aff8@group-0C8C0AA7542A, cid=1189, SUCCESS, logIndex=1649, commits[b461a7b0-028a-4eb5-b268-b89ac225aff8:c1649, b6ff45f5-67b8-463b-a273-c2e7d9dadd75:c1645, 6a5cb75f-f7eb-4671-9a85-3b6f7898f6cc:c1645]
2019-08-28 21:29:33,341 | INFO  | DNAudit | user=null | ip=null | op=WRITE_CHUNK {blockData=conID: 1 locID: 102696731549565390 bcsId: 0} | ret=SUCCESS |  
2019-08-28 21:29:33,341 | INFO  | DNAudit | user=null | ip=null | op=WRITE_CHUNK {blockData=conID: 1 locID: 102696731549565390 bcsId: 0} | ret=SUCCESS |  
2019-08-28 21:29:33,341 | INFO  | DNAudit | user=null | ip=null | op=PUT_BLOCK {blockData=[blockId=conID: 1 locID: 102696731549565390 bcsId: 0,size=1048576]} | ret=SUCCESS |  
2019-08-28 21:29:33,343 | INFO  | DNAudit | user=null | ip=null | op=PUT_BLOCK {blockData=[blockId=conID: 1 locID: 102696731549565390 bcsId: 0,size=1048576]} | ret=SUCCESS |  
2019-08-28 21:29:33,343 | INFO  | DNAudit | user=null | ip=null | op=WRITE_CHUNK {blockData=conID: 1 locID: 102696731549565390 bcsId: 0} | ret=SUCCESS |  
2019-08-28 21:29:33,343 | INFO  | DNAudit | user=null | ip=null | op=WRITE_CHUNK {blockData=conID: 1 locID: 102696731549565390 bcsId: 0} | ret=SUCCESS |  
2019-08-28 21:29:33,343 | INFO  | DNAudit | user=null | ip=null | op=PUT_BLOCK {blockData=[blockId=conID: 1 locID: 102696731549565390 bcsId: 0,size=2097152]} | ret=SUCCESS |  
2019-08-28 21:29:33,343 | INFO  | DNAudit | user=null | ip=null | op=PUT_BLOCK {blockData=[blockId=conID: 1 locID: 102696731549565390 bcsId: 0,size=2097152]} | ret=SUCCESS |  
2019-08-28 21:29:33,344 [grpc-default-executor-3] INFO  client.GrpcClientProtocolClient (GrpcClientProtocolClient.java:onNext(255)) - client-05DA20D107F8->b461a7b0-028a-4eb5-b268-b89ac225aff8: receive RaftClientReply:client-05DA20D107F8->b461a7b0-028a-4eb5-b268-b89ac225aff8@group-0C8C0AA7542A, cid=1190, SUCCESS, logIndex=0, commits[b461a7b0-028a-4eb5-b268-b89ac225aff8:c1651, b6ff45f5-67b8-463b-a273-c2e7d9dadd75:c1647, 6a5cb75f-f7eb-4671-9a85-3b6f7898f6cc:c1647]
2019-08-28 21:29:33,350 | INFO  | DNAudit | user=null | ip=null | op=WRITE_CHUNK {blockData=conID: 1 locID: 102696731549565390 bcsId: 1649} | ret=SUCCESS |  
2019-08-28 21:29:33,352 | INFO  | DNAudit | user=null | ip=null | op=WRITE_CHUNK {blockData=conID: 1 locID: 102696731549565390 bcsId: 1649} | ret=SUCCESS |  
2019-08-28 21:29:33,353 | INFO  | DNAudit | user=null | ip=null | op=WRITE_CHUNK {blockData=conID: 1 locID: 102696731549565390 bcsId: 1649} | ret=SUCCESS |  
2019-08-28 21:29:33,377 | INFO  | DNAudit | user=null | ip=null | op=WRITE_CHUNK {blockData=conID: 1 locID: 102696731549565390 bcsId: 1649} | ret=SUCCESS |  
2019-08-28 21:29:33,377 | INFO  | DNAudit | user=null | ip=null | op=PUT_BLOCK {blockData=[blockId=conID: 1 locID: 102696731549565390 bcsId: 0,size=3145728]} | ret=SUCCESS |  
2019-08-28 21:29:33,378 [grpc-default-executor-3] INFO  client.GrpcClientProtocolClient (GrpcClientProtocolClient.java:onNext(255)) - client-05DA20D107F8->b461a7b0-028a-4eb5-b268-b89ac225aff8: receive RaftClientReply:client-05DA20D107F8->b461a7b0-028a-4eb5-b268-b89ac225aff8@group-0C8C0AA7542A, cid=1191, SUCCESS, logIndex=1654, commits[b461a7b0-028a-4eb5-b268-b89ac225aff8:c1655, b6ff45f5-67b8-463b-a273-c2e7d9dadd75:c1653, 6a5cb75f-f7eb-4671-9a85-3b6f7898f6cc:c1653]
2019-08-28 21:29:33,378 [grpc-default-executor-3] INFO  client.GrpcClientProtocolClient (GrpcClientProtocolClient.java:onNext(255)) - client-05DA20D107F8->b461a7b0-028a-4eb5-b268-b89ac225aff8: receive RaftClientReply:client-05DA20D107F8->b461a7b0-028a-4eb5-b268-b89ac225aff8@group-0C8C0AA7542A, cid=1192, SUCCESS, logIndex=1655, commits[b461a7b0-028a-4eb5-b268-b89ac225aff8:c1655, b6ff45f5-67b8-463b-a273-c2e7d9dadd75:c1653, 6a5cb75f-f7eb-4671-9a85-3b6f7898f6cc:c1653]
2019-08-28 21:29:33,386 | INFO  | DNAudit | user=null | ip=null | op=WRITE_CHUNK {blockData=conID: 1 locID: 102696731549565390 bcsId: 1655} | ret=SUCCESS |  
2019-08-28 21:29:33,389 | INFO  | DNAudit | user=null | ip=null | op=WRITE_CHUNK {blockData=conID: 1 locID: 102696731549565390 bcsId: 1655} | ret=SUCCESS |  
2019-08-28 21:29:33,389 | INFO  | DNAudit | user=null | ip=null | op=WRITE_CHUNK {blockData=conID: 1 locID: 102696731549565390 bcsId: 1655} | ret=SUCCESS |  
2019-08-28 21:29:33,392 | INFO  | DNAudit | user=null | ip=null | op=WRITE_CHUNK {blockData=conID: 1 locID: 102696731549565390 bcsId: 1649} | ret=SUCCESS |  
2019-08-28 21:29:33,392 | INFO  | DNAudit | user=null | ip=null | op=WRITE_CHUNK {blockData=conID: 1 locID: 102696731549565390 bcsId: 1649} | ret=SUCCESS |  
2019-08-28 21:29:33,395 | INFO  | DNAudit | user=null | ip=null | op=PUT_BLOCK {blockData=[blockId=conID: 1 locID: 102696731549565390 bcsId: 0,size=3145728]} | ret=SUCCESS |  
2019-08-28 21:29:33,396 | INFO  | DNAudit | user=null | ip=null | op=PUT_BLOCK {blockData=[blockId=conID: 1 locID: 102696731549565390 bcsId: 0,size=3145728]} | ret=SUCCESS |  
2019-08-28 21:29:33,397 | INFO  | DNAudit | user=null | ip=null | op=WRITE_CHUNK {blockData=conID: 1 locID: 102696731549565390 bcsId: 1655} | ret=SUCCESS |  
2019-08-28 21:29:33,398 | INFO  | DNAudit | user=null | ip=null | op=PUT_BLOCK {blockData=[blockId=conID: 1 locID: 102696731549565390 bcsId: 0,size=4194304]} | ret=SUCCESS |  
2019-08-28 21:29:33,398 [grpc-default-executor-2] INFO  client.GrpcClientProtocolClient (GrpcClientProtocolClient.java:onNext(255)) - client-05DA20D107F8->b461a7b0-028a-4eb5-b268-b89ac225aff8: receive RaftClientReply:client-05DA20D107F8->b461a7b0-028a-4eb5-b268-b89ac225aff8@group-0C8C0AA7542A, cid=1193, SUCCESS, logIndex=1658, commits[b461a7b0-028a-4eb5-b268-b89ac225aff8:c1659, b6ff45f5-67b8-463b-a273-c2e7d9dadd75:c1655, 6a5cb75f-f7eb-4671-9a85-3b6f7898f6cc:c1655]
2019-08-28 21:29:33,399 [grpc-default-executor-2] INFO  client.GrpcClientProtocolClient (GrpcClientProtocolClient.java:onNext(255)) - client-05DA20D107F8->b461a7b0-028a-4eb5-b268-b89ac225aff8: receive RaftClientReply:client-05DA20D107F8->b461a7b0-028a-4eb5-b268-b89ac225aff8@group-0C8C0AA7542A, cid=1194, SUCCESS, logIndex=1659, commits[b461a7b0-028a-4eb5-b268-b89ac225aff8:c1659, b6ff45f5-67b8-463b-a273-c2e7d9dadd75:c1655, 6a5cb75f-f7eb-4671-9a85-3b6f7898f6cc:c1655]
2019-08-28 21:29:33,412 | INFO  | DNAudit | user=null | ip=null | op=WRITE_CHUNK {blockData=conID: 1 locID: 102696731549565390 bcsId: 1655} | ret=SUCCESS |  
2019-08-28 21:29:33,412 | INFO  | DNAudit | user=null | ip=null | op=WRITE_CHUNK {blockData=conID: 1 locID: 102696731549565390 bcsId: 1655} | ret=SUCCESS |  
2019-08-28 21:29:33,412 | INFO  | DNAudit | user=null | ip=null | op=PUT_BLOCK {blockData=[blockId=conID: 1 locID: 102696731549565390 bcsId: 0,size=4194304]} | ret=SUCCESS |  
2019-08-28 21:29:33,412 | INFO  | DNAudit | user=null | ip=null | op=PUT_BLOCK {blockData=[blockId=conID: 1 locID: 102696731549565390 bcsId: 0,size=4194304]} | ret=SUCCESS |  
2019-08-28 21:29:33,412 [grpc-default-executor-2] INFO  client.GrpcClientProtocolClient (GrpcClientProtocolClient.java:onNext(255)) - client-05DA20D107F8->b461a7b0-028a-4eb5-b268-b89ac225aff8: receive RaftClientReply:client-05DA20D107F8->b461a7b0-028a-4eb5-b268-b89ac225aff8@group-0C8C0AA7542A, cid=1195, SUCCESS, logIndex=0, commits[b461a7b0-028a-4eb5-b268-b89ac225aff8:c1660, b6ff45f5-67b8-463b-a273-c2e7d9dadd75:c1659, 6a5cb75f-f7eb-4671-9a85-3b6f7898f6cc:c1659]
2019-08-28 21:29:33,420 | INFO  | DNAudit | user=null | ip=null | op=WRITE_CHUNK {blockData=conID: 2 locID: 102696731549565391 bcsId: 0} | ret=SUCCESS |  
2019-08-28 21:29:33,424 | INFO  | DNAudit | user=null | ip=null | op=WRITE_CHUNK {blockData=conID: 2 locID: 102696731549565391 bcsId: 0} | ret=SUCCESS |  
2019-08-28 21:29:33,425 | INFO  | DNAudit | user=null | ip=null | op=WRITE_CHUNK {blockData=conID: 2 locID: 102696731549565391 bcsId: 0} | ret=SUCCESS |  
2019-08-28 21:29:33,425 | INFO  | DNAudit | user=null | ip=null | op=WRITE_CHUNK {blockData=conID: 2 locID: 102696731549565391 bcsId: 0} | ret=SUCCESS |  
2019-08-28 21:29:33,426 | INFO  | DNAudit | user=null | ip=null | op=WRITE_CHUNK {blockData=conID: 2 locID: 102696731549565391 bcsId: 0} | ret=SUCCESS |  
2019-08-28 21:29:33,427 | INFO  | DNAudit | user=null | ip=null | op=WRITE_CHUNK {blockData=conID: 2 locID: 102696731549565391 bcsId: 0} | ret=SUCCESS |  
2019-08-28 21:29:33,429 | INFO  | SCMAudit | user=jenkins1000 | ip=192.168.36.107 | op=SEND_HEARTBEAT {datanodeUUID=af4986ea-80d8-4c92-96d2-2b3929a4248a, command=[]} | ret=SUCCESS |  
2019-08-28 21:29:33,430 | INFO  | SCMAudit | user=jenkins1000 | ip=192.168.36.107 | op=SEND_HEARTBEAT {datanodeUUID=68f89a68-6a96-4cde-8528-8617611d459d, command=[]} | ret=SUCCESS |  
2019-08-28 21:29:33,435 | INFO  | DNAudit | user=null | ip=null | op=WRITE_CHUNK {blockData=conID: 2 locID: 102696731549565391 bcsId: 0} | ret=SUCCESS |  
2019-08-28 21:29:33,436 | INFO  | DNAudit | user=null | ip=null | op=PUT_BLOCK {blockData=[blockId=conID: 2 locID: 102696731549565391 bcsId: 0,size=1048576]} | ret=SUCCESS |  
2019-08-28 21:29:33,436 [grpc-default-executor-2] INFO  client.GrpcClientProtocolClient (GrpcClientProtocolClient.java:onNext(255)) - client-05DA20D107F8->b461a7b0-028a-4eb5-b268-b89ac225aff8: receive RaftClientReply:client-05DA20D107F8->b461a7b0-028a-4eb5-b268-b89ac225aff8@group-0C8C0AA7542A, cid=1196, SUCCESS, logIndex=1662, commits[b461a7b0-028a-4eb5-b268-b89ac225aff8:c1663, b6ff45f5-67b8-463b-a273-c2e7d9dadd75:c1661, 6a5cb75f-f7eb-4671-9a85-3b6f7898f6cc:c1661]
2019-08-28 21:29:33,437 [grpc-default-executor-2] INFO  client.GrpcClientProtocolClient (GrpcClientProtocolClient.java:onNext(255)) - client-05DA20D107F8->b461a7b0-028a-4eb5-b268-b89ac225aff8: receive RaftClientReply:client-05DA20D107F8->b461a7b0-028a-4eb5-b268-b89ac225aff8@group-0C8C0AA7542A, cid=1197, SUCCESS, logIndex=1663, commits[b461a7b0-028a-4eb5-b268-b89ac225aff8:c1663, b6ff45f5-67b8-463b-a273-c2e7d9dadd75:c1661, 6a5cb75f-f7eb-4671-9a85-3b6f7898f6cc:c1661]
2019-08-28 21:29:33,473 | INFO  | DNAudit | user=null | ip=null | op=WRITE_CHUNK {blockData=conID: 2 locID: 102696731549565391 bcsId: 0} | ret=SUCCESS |  
2019-08-28 21:29:33,473 | INFO  | DNAudit | user=null | ip=null | op=PUT_BLOCK {blockData=[blockId=conID: 2 locID: 102696731549565391 bcsId: 0,size=2097152]} | ret=SUCCESS |  
2019-08-28 21:29:33,474 [grpc-default-executor-2] INFO  client.GrpcClientProtocolClient (GrpcClientProtocolClient.java:onNext(255)) - client-05DA20D107F8->b461a7b0-028a-4eb5-b268-b89ac225aff8: receive RaftClientReply:client-05DA20D107F8->b461a7b0-028a-4eb5-b268-b89ac225aff8@group-0C8C0AA7542A, cid=1198, SUCCESS, logIndex=1664, commits[b461a7b0-028a-4eb5-b268-b89ac225aff8:c1665, b6ff45f5-67b8-463b-a273-c2e7d9dadd75:c1661, 6a5cb75f-f7eb-4671-9a85-3b6f7898f6cc:c1661]
2019-08-28 21:29:33,474 [grpc-default-executor-2] INFO  client.GrpcClientProtocolClient (GrpcClientProtocolClient.java:onNext(255)) - client-05DA20D107F8->b461a7b0-028a-4eb5-b268-b89ac225aff8: receive RaftClientReply:client-05DA20D107F8->b461a7b0-028a-4eb5-b268-b89ac225aff8@group-0C8C0AA7542A, cid=1199, SUCCESS, logIndex=1665, commits[b461a7b0-028a-4eb5-b268-b89ac225aff8:c1665, b6ff45f5-67b8-463b-a273-c2e7d9dadd75:c1661, 6a5cb75f-f7eb-4671-9a85-3b6f7898f6cc:c1661]
2019-08-28 21:29:33,579 | INFO  | DNAudit | user=null | ip=null | op=WRITE_CHUNK {blockData=conID: 2 locID: 102696731549565391 bcsId: 0} | ret=SUCCESS |  
2019-08-28 21:29:33,580 | INFO  | DNAudit | user=null | ip=null | op=WRITE_CHUNK {blockData=conID: 2 locID: 102696731549565391 bcsId: 0} | ret=SUCCESS |  
2019-08-28 21:29:33,649 | INFO  | DNAudit | user=null | ip=null | op=PUT_BLOCK {blockData=[blockId=conID: 2 locID: 102696731549565391 bcsId: 0,size=1048576]} | ret=SUCCESS |  
2019-08-28 21:29:33,649 | INFO  | DNAudit | user=null | ip=null | op=PUT_BLOCK {blockData=[blockId=conID: 2 locID: 102696731549565391 bcsId: 0,size=1048576]} | ret=SUCCESS |  
2019-08-28 21:29:33,650 [grpc-default-executor-2] INFO  client.GrpcClientProtocolClient (GrpcClientProtocolClient.java:onNext(255)) - client-05DA20D107F8->b461a7b0-028a-4eb5-b268-b89ac225aff8: receive RaftClientReply:client-05DA20D107F8->b461a7b0-028a-4eb5-b268-b89ac225aff8@group-0C8C0AA7542A, cid=1200, SUCCESS, logIndex=0, commits[b461a7b0-028a-4eb5-b268-b89ac225aff8:c1667, b6ff45f5-67b8-463b-a273-c2e7d9dadd75:c1663, 6a5cb75f-f7eb-4671-9a85-3b6f7898f6cc:c1663]
2019-08-28 21:29:33,660 | INFO  | DNAudit | user=null | ip=null | op=WRITE_CHUNK {blockData=conID: 2 locID: 102696731549565391 bcsId: 1665} | ret=SUCCESS |  
2019-08-28 21:29:33,664 | INFO  | DNAudit | user=null | ip=null | op=WRITE_CHUNK {blockData=conID: 2 locID: 102696731549565391 bcsId: 1665} | ret=SUCCESS |  
2019-08-28 21:29:33,664 | INFO  | DNAudit | user=null | ip=null | op=WRITE_CHUNK {blockData=conID: 2 locID: 102696731549565391 bcsId: 1665} | ret=SUCCESS |  
2019-08-28 21:29:33,718 | INFO  | DNAudit | user=null | ip=null | op=WRITE_CHUNK {blockData=conID: 2 locID: 102696731549565391 bcsId: 0} | ret=SUCCESS |  
2019-08-28 21:29:33,718 | INFO  | DNAudit | user=null | ip=null | op=WRITE_CHUNK {blockData=conID: 2 locID: 102696731549565391 bcsId: 0} | ret=SUCCESS |  
2019-08-28 21:29:33,718 | INFO  | DNAudit | user=null | ip=null | op=PUT_BLOCK {blockData=[blockId=conID: 2 locID: 102696731549565391 bcsId: 0,size=2097152]} | ret=SUCCESS |  
2019-08-28 21:29:33,718 | INFO  | DNAudit | user=null | ip=null | op=PUT_BLOCK {blockData=[blockId=conID: 2 locID: 102696731549565391 bcsId: 0,size=2097152]} | ret=SUCCESS |  
2019-08-28 21:29:33,719 | INFO  | DNAudit | user=null | ip=null | op=WRITE_CHUNK {blockData=conID: 2 locID: 102696731549565391 bcsId: 1665} | ret=SUCCESS |  
2019-08-28 21:29:33,719 | INFO  | DNAudit | user=null | ip=null | op=PUT_BLOCK {blockData=[blockId=conID: 2 locID: 102696731549565391 bcsId: 0,size=3145728]} | ret=SUCCESS |  
2019-08-28 21:29:33,719 [grpc-default-executor-2] INFO  client.GrpcClientProtocolClient (GrpcClientProtocolClient.java:onNext(255)) - client-05DA20D107F8->b461a7b0-028a-4eb5-b268-b89ac225aff8: receive RaftClientReply:client-05DA20D107F8->b461a7b0-028a-4eb5-b268-b89ac225aff8@group-0C8C0AA7542A, cid=1201, SUCCESS, logIndex=1670, commits[b461a7b0-028a-4eb5-b268-b89ac225aff8:c1671, b6ff45f5-67b8-463b-a273-c2e7d9dadd75:c1669, 6a5cb75f-f7eb-4671-9a85-3b6f7898f6cc:c1669]
2019-08-28 21:29:33,720 [grpc-default-executor-2] INFO  client.GrpcClientProtocolClient (GrpcClientProtocolClient.java:onNext(255)) - client-05DA20D107F8->b461a7b0-028a-4eb5-b268-b89ac225aff8: receive RaftClientReply:client-05DA20D107F8->b461a7b0-028a-4eb5-b268-b89ac225aff8@group-0C8C0AA7542A, cid=1202, SUCCESS, logIndex=1671, commits[b461a7b0-028a-4eb5-b268-b89ac225aff8:c1671, b6ff45f5-67b8-463b-a273-c2e7d9dadd75:c1669, 6a5cb75f-f7eb-4671-9a85-3b6f7898f6cc:c1669]
2019-08-28 21:29:33,730 | INFO  | DNAudit | user=null | ip=null | op=WRITE_CHUNK {blockData=conID: 2 locID: 102696731549565391 bcsId: 1671} | ret=SUCCESS |  
2019-08-28 21:29:33,733 | INFO  | DNAudit | user=null | ip=null | op=WRITE_CHUNK {blockData=conID: 2 locID: 102696731549565391 bcsId: 1671} | ret=SUCCESS |  
2019-08-28 21:29:33,733 | INFO  | DNAudit | user=null | ip=null | op=WRITE_CHUNK {blockData=conID: 2 locID: 102696731549565391 bcsId: 1671} | ret=SUCCESS |  
2019-08-28 21:29:33,733 | INFO  | DNAudit | user=null | ip=null | op=WRITE_CHUNK {blockData=conID: 2 locID: 102696731549565391 bcsId: 1665} | ret=SUCCESS |  
2019-08-28 21:29:33,733 | INFO  | DNAudit | user=null | ip=null | op=WRITE_CHUNK {blockData=conID: 2 locID: 102696731549565391 bcsId: 1665} | ret=SUCCESS |  
2019-08-28 21:29:33,734 | INFO  | DNAudit | user=null | ip=null | op=PUT_BLOCK {blockData=[blockId=conID: 2 locID: 102696731549565391 bcsId: 0,size=3145728]} | ret=SUCCESS |  
2019-08-28 21:29:33,734 | INFO  | DNAudit | user=null | ip=null | op=PUT_BLOCK {blockData=[blockId=conID: 2 locID: 102696731549565391 bcsId: 0,size=3145728]} | ret=SUCCESS |  
2019-08-28 21:29:33,742 | INFO  | DNAudit | user=null | ip=null | op=WRITE_CHUNK {blockData=conID: 2 locID: 102696731549565391 bcsId: 1671} | ret=SUCCESS |  
2019-08-28 21:29:33,742 | INFO  | DNAudit | user=null | ip=null | op=PUT_BLOCK {blockData=[blockId=conID: 2 locID: 102696731549565391 bcsId: 0,size=4194304]} | ret=SUCCESS |  
2019-08-28 21:29:33,743 [grpc-default-executor-2] INFO  client.GrpcClientProtocolClient (GrpcClientProtocolClient.java:onNext(255)) - client-05DA20D107F8->b461a7b0-028a-4eb5-b268-b89ac225aff8: receive RaftClientReply:client-05DA20D107F8->b461a7b0-028a-4eb5-b268-b89ac225aff8@group-0C8C0AA7542A, cid=1203, SUCCESS, logIndex=1674, commits[b461a7b0-028a-4eb5-b268-b89ac225aff8:c1675, b6ff45f5-67b8-463b-a273-c2e7d9dadd75:c1671, 6a5cb75f-f7eb-4671-9a85-3b6f7898f6cc:c1671]
2019-08-28 21:29:33,743 [grpc-default-executor-2] INFO  client.GrpcClientProtocolClient (GrpcClientProtocolClient.java:onNext(255)) - client-05DA20D107F8->b461a7b0-028a-4eb5-b268-b89ac225aff8: receive RaftClientReply:client-05DA20D107F8->b461a7b0-028a-4eb5-b268-b89ac225aff8@group-0C8C0AA7542A, cid=1204, SUCCESS, logIndex=1675, commits[b461a7b0-028a-4eb5-b268-b89ac225aff8:c1675, b6ff45f5-67b8-463b-a273-c2e7d9dadd75:c1671, 6a5cb75f-f7eb-4671-9a85-3b6f7898f6cc:c1671]
2019-08-28 21:29:33,746 | INFO  | DNAudit | user=null | ip=null | op=WRITE_CHUNK {blockData=conID: 2 locID: 102696731549565391 bcsId: 1671} | ret=SUCCESS |  
2019-08-28 21:29:33,746 | INFO  | DNAudit | user=null | ip=null | op=WRITE_CHUNK {blockData=conID: 2 locID: 102696731549565391 bcsId: 1671} | ret=SUCCESS |  
2019-08-28 21:29:33,746 | INFO  | DNAudit | user=null | ip=null | op=PUT_BLOCK {blockData=[blockId=conID: 2 locID: 102696731549565391 bcsId: 0,size=4194304]} | ret=SUCCESS |  
2019-08-28 21:29:33,746 | INFO  | DNAudit | user=null | ip=null | op=PUT_BLOCK {blockData=[blockId=conID: 2 locID: 102696731549565391 bcsId: 0,size=4194304]} | ret=SUCCESS |  
2019-08-28 21:29:33,747 [grpc-default-executor-2] INFO  client.GrpcClientProtocolClient (GrpcClientProtocolClient.java:onNext(255)) - client-05DA20D107F8->b461a7b0-028a-4eb5-b268-b89ac225aff8: receive RaftClientReply:client-05DA20D107F8->b461a7b0-028a-4eb5-b268-b89ac225aff8@group-0C8C0AA7542A, cid=1205, SUCCESS, logIndex=0, commits[b461a7b0-028a-4eb5-b268-b89ac225aff8:c1676, b6ff45f5-67b8-463b-a273-c2e7d9dadd75:c1675, 6a5cb75f-f7eb-4671-9a85-3b6f7898f6cc:c1675]
2019-08-28 21:29:33,755 | INFO  | DNAudit | user=null | ip=null | op=WRITE_CHUNK {blockData=conID: 3 locID: 102696731549630928 bcsId: 0} | ret=SUCCESS |  
2019-08-28 21:29:33,759 | INFO  | DNAudit | user=null | ip=null | op=WRITE_CHUNK {blockData=conID: 3 locID: 102696731549630928 bcsId: 0} | ret=SUCCESS |  
2019-08-28 21:29:33,759 | INFO  | DNAudit | user=null | ip=null | op=WRITE_CHUNK {blockData=conID: 3 locID: 102696731549630928 bcsId: 0} | ret=SUCCESS |  
2019-08-28 21:29:33,763 | INFO  | DNAudit | user=null | ip=null | op=WRITE_CHUNK {blockData=conID: 3 locID: 102696731549630928 bcsId: 0} | ret=SUCCESS |  
2019-08-28 21:29:33,766 | INFO  | DNAudit | user=null | ip=null | op=WRITE_CHUNK {blockData=conID: 3 locID: 102696731549630928 bcsId: 0} | ret=SUCCESS |  
2019-08-28 21:29:33,766 | INFO  | DNAudit | user=null | ip=null | op=WRITE_CHUNK {blockData=conID: 3 locID: 102696731549630928 bcsId: 0} | ret=SUCCESS |  
2019-08-28 21:29:33,774 | INFO  | DNAudit | user=null | ip=null | op=WRITE_CHUNK {blockData=conID: 3 locID: 102696731549630928 bcsId: 0} | ret=SUCCESS |  
2019-08-28 21:29:33,775 | INFO  | DNAudit | user=null | ip=null | op=PUT_BLOCK {blockData=[blockId=conID: 3 locID: 102696731549630928 bcsId: 0,size=1048576]} | ret=SUCCESS |  
2019-08-28 21:29:33,775 [grpc-default-executor-5] INFO  client.GrpcClientProtocolClient (GrpcClientProtocolClient.java:onNext(255)) - client-05DA20D107F8->b461a7b0-028a-4eb5-b268-b89ac225aff8: receive RaftClientReply:client-05DA20D107F8->b461a7b0-028a-4eb5-b268-b89ac225aff8@group-0C8C0AA7542A, cid=1206, SUCCESS, logIndex=1678, commits[b461a7b0-028a-4eb5-b268-b89ac225aff8:c1679, b6ff45f5-67b8-463b-a273-c2e7d9dadd75:c1677, 6a5cb75f-f7eb-4671-9a85-3b6f7898f6cc:c1677]
2019-08-28 21:29:33,776 [grpc-default-executor-5] INFO  client.GrpcClientProtocolClient (GrpcClientProtocolClient.java:onNext(255)) - client-05DA20D107F8->b461a7b0-028a-4eb5-b268-b89ac225aff8: receive RaftClientReply:client-05DA20D107F8->b461a7b0-028a-4eb5-b268-b89ac225aff8@group-0C8C0AA7542A, cid=1207, SUCCESS, logIndex=1679, commits[b461a7b0-028a-4eb5-b268-b89ac225aff8:c1679, b6ff45f5-67b8-463b-a273-c2e7d9dadd75:c1677, 6a5cb75f-f7eb-4671-9a85-3b6f7898f6cc:c1677]
2019-08-28 21:29:33,792 | INFO  | DNAudit | user=null | ip=null | op=WRITE_CHUNK {blockData=conID: 3 locID: 102696731549630928 bcsId: 0} | ret=SUCCESS |  
2019-08-28 21:29:33,793 | INFO  | DNAudit | user=null | ip=null | op=PUT_BLOCK {blockData=[blockId=conID: 3 locID: 102696731549630928 bcsId: 0,size=2097152]} | ret=SUCCESS |  
2019-08-28 21:29:33,793 [grpc-default-executor-6] INFO  client.GrpcClientProtocolClient (GrpcClientProtocolClient.java:onNext(255)) - client-05DA20D107F8->b461a7b0-028a-4eb5-b268-b89ac225aff8: receive RaftClientReply:client-05DA20D107F8->b461a7b0-028a-4eb5-b268-b89ac225aff8@group-0C8C0AA7542A, cid=1208, SUCCESS, logIndex=1680, commits[b461a7b0-028a-4eb5-b268-b89ac225aff8:c1681, b6ff45f5-67b8-463b-a273-c2e7d9dadd75:c1677, 6a5cb75f-f7eb-4671-9a85-3b6f7898f6cc:c1677]
2019-08-28 21:29:33,793 [grpc-default-executor-6] INFO  client.GrpcClientProtocolClient (GrpcClientProtocolClient.java:onNext(255)) - client-05DA20D107F8->b461a7b0-028a-4eb5-b268-b89ac225aff8: receive RaftClientReply:client-05DA20D107F8->b461a7b0-028a-4eb5-b268-b89ac225aff8@group-0C8C0AA7542A, cid=1209, SUCCESS, logIndex=1681, commits[b461a7b0-028a-4eb5-b268-b89ac225aff8:c1681, b6ff45f5-67b8-463b-a273-c2e7d9dadd75:c1677, 6a5cb75f-f7eb-4671-9a85-3b6f7898f6cc:c1677]
2019-08-28 21:29:33,801 | INFO  | DNAudit | user=null | ip=null | op=WRITE_CHUNK {blockData=conID: 3 locID: 102696731549630928 bcsId: 0} | ret=SUCCESS |  
2019-08-28 21:29:33,802 | INFO  | DNAudit | user=null | ip=null | op=PUT_BLOCK {blockData=[blockId=conID: 3 locID: 102696731549630928 bcsId: 0,size=1048576]} | ret=SUCCESS |  
2019-08-28 21:29:33,802 | INFO  | DNAudit | user=null | ip=null | op=WRITE_CHUNK {blockData=conID: 3 locID: 102696731549630928 bcsId: 0} | ret=SUCCESS |  
2019-08-28 21:29:33,802 | INFO  | DNAudit | user=null | ip=null | op=PUT_BLOCK {blockData=[blockId=conID: 3 locID: 102696731549630928 bcsId: 0,size=1048576]} | ret=SUCCESS |  
2019-08-28 21:29:33,802 [grpc-default-executor-6] INFO  client.GrpcClientProtocolClient (GrpcClientProtocolClient.java:onNext(255)) - client-05DA20D107F8->b461a7b0-028a-4eb5-b268-b89ac225aff8: receive RaftClientReply:client-05DA20D107F8->b461a7b0-028a-4eb5-b268-b89ac225aff8@group-0C8C0AA7542A, cid=1210, SUCCESS, logIndex=0, commits[b461a7b0-028a-4eb5-b268-b89ac225aff8:c1683, b6ff45f5-67b8-463b-a273-c2e7d9dadd75:c1679, 6a5cb75f-f7eb-4671-9a85-3b6f7898f6cc:c1679]
2019-08-28 21:29:33,811 | INFO  | DNAudit | user=null | ip=null | op=WRITE_CHUNK {blockData=conID: 3 locID: 102696731549630928 bcsId: 1681} | ret=SUCCESS |  
2019-08-28 21:29:33,813 | INFO  | DNAudit | user=null | ip=null | op=WRITE_CHUNK {blockData=conID: 3 locID: 102696731549630928 bcsId: 1681} | ret=SUCCESS |  
2019-08-28 21:29:33,813 | INFO  | DNAudit | user=null | ip=null | op=WRITE_CHUNK {blockData=conID: 3 locID: 102696731549630928 bcsId: 1681} | ret=SUCCESS |  
2019-08-28 21:29:33,816 | INFO  | DNAudit | user=null | ip=null | op=WRITE_CHUNK {blockData=conID: 3 locID: 102696731549630928 bcsId: 0} | ret=SUCCESS |  
2019-08-28 21:29:33,816 | INFO  | DNAudit | user=null | ip=null | op=PUT_BLOCK {blockData=[blockId=conID: 3 locID: 102696731549630928 bcsId: 0,size=2097152]} | ret=SUCCESS |  
2019-08-28 21:29:33,816 | INFO  | DNAudit | user=null | ip=null | op=WRITE_CHUNK {blockData=conID: 3 locID: 102696731549630928 bcsId: 0} | ret=SUCCESS |  
2019-08-28 21:29:33,937 | INFO  | DNAudit | user=null | ip=null | op=PUT_BLOCK {blockData=[blockId=conID: 3 locID: 102696731549630928 bcsId: 0,size=2097152]} | ret=SUCCESS |  
2019-08-28 21:29:33,938 | INFO  | DNAudit | user=null | ip=null | op=WRITE_CHUNK {blockData=conID: 3 locID: 102696731549630928 bcsId: 1681} | ret=SUCCESS |  
2019-08-28 21:29:33,939 | INFO  | DNAudit | user=null | ip=null | op=PUT_BLOCK {blockData=[blockId=conID: 3 locID: 102696731549630928 bcsId: 0,size=3145728]} | ret=SUCCESS |  
2019-08-28 21:29:33,939 [grpc-default-executor-6] INFO  client.GrpcClientProtocolClient (GrpcClientProtocolClient.java:onNext(255)) - client-05DA20D107F8->b461a7b0-028a-4eb5-b268-b89ac225aff8: receive RaftClientReply:client-05DA20D107F8->b461a7b0-028a-4eb5-b268-b89ac225aff8@group-0C8C0AA7542A, cid=1211, SUCCESS, logIndex=1686, commits[b461a7b0-028a-4eb5-b268-b89ac225aff8:c1687, b6ff45f5-67b8-463b-a273-c2e7d9dadd75:c1683, 6a5cb75f-f7eb-4671-9a85-3b6f7898f6cc:c1683]
2019-08-28 21:29:33,940 [grpc-default-executor-6] INFO  client.GrpcClientProtocolClient (GrpcClientProtocolClient.java:onNext(255)) - client-05DA20D107F8->b461a7b0-028a-4eb5-b268-b89ac225aff8: receive RaftClientReply:client-05DA20D107F8->b461a7b0-028a-4eb5-b268-b89ac225aff8@group-0C8C0AA7542A, cid=1212, SUCCESS, logIndex=1687, commits[b461a7b0-028a-4eb5-b268-b89ac225aff8:c1687, b6ff45f5-67b8-463b-a273-c2e7d9dadd75:c1683, 6a5cb75f-f7eb-4671-9a85-3b6f7898f6cc:c1683]
2019-08-28 21:29:33,947 | INFO  | DNAudit | user=null | ip=null | op=WRITE_CHUNK {blockData=conID: 3 locID: 102696731549630928 bcsId: 1681} | ret=SUCCESS |  
2019-08-28 21:29:33,947 | INFO  | DNAudit | user=null | ip=null | op=WRITE_CHUNK {blockData=conID: 3 locID: 102696731549630928 bcsId: 1681} | ret=SUCCESS |  
2019-08-28 21:29:33,948 | INFO  | DNAudit | user=null | ip=null | op=PUT_BLOCK {blockData=[blockId=conID: 3 locID: 102696731549630928 bcsId: 0,size=3145728]} | ret=SUCCESS |  
2019-08-28 21:29:33,948 | INFO  | DNAudit | user=null | ip=null | op=PUT_BLOCK {blockData=[blockId=conID: 3 locID: 102696731549630928 bcsId: 0,size=3145728]} | ret=SUCCESS |  
2019-08-28 21:29:33,950 | INFO  | DNAudit | user=null | ip=null | op=WRITE_CHUNK {blockData=conID: 3 locID: 102696731549630928 bcsId: 1687} | ret=SUCCESS |  
2019-08-28 21:29:33,954 | INFO  | DNAudit | user=null | ip=null | op=WRITE_CHUNK {blockData=conID: 3 locID: 102696731549630928 bcsId: 1687} | ret=SUCCESS |  
2019-08-28 21:29:33,954 | INFO  | DNAudit | user=null | ip=null | op=WRITE_CHUNK {blockData=conID: 3 locID: 102696731549630928 bcsId: 1687} | ret=SUCCESS |  
2019-08-28 21:29:33,967 | INFO  | DNAudit | user=null | ip=null | op=WRITE_CHUNK {blockData=conID: 3 locID: 102696731549630928 bcsId: 1687} | ret=SUCCESS |  
2019-08-28 21:29:33,968 | INFO  | DNAudit | user=null | ip=null | op=PUT_BLOCK {blockData=[blockId=conID: 3 locID: 102696731549630928 bcsId: 0,size=4194304]} | ret=SUCCESS |  
2019-08-28 21:29:33,968 [grpc-default-executor-5] INFO  client.GrpcClientProtocolClient (GrpcClientProtocolClient.java:onNext(255)) - client-05DA20D107F8->b461a7b0-028a-4eb5-b268-b89ac225aff8: receive RaftClientReply:client-05DA20D107F8->b461a7b0-028a-4eb5-b268-b89ac225aff8@group-0C8C0AA7542A, cid=1213, SUCCESS, logIndex=1690, commits[b461a7b0-028a-4eb5-b268-b89ac225aff8:c1691, b6ff45f5-67b8-463b-a273-c2e7d9dadd75:c1689, 6a5cb75f-f7eb-4671-9a85-3b6f7898f6cc:c1689]
2019-08-28 21:29:33,969 [grpc-default-executor-5] INFO  client.GrpcClientProtocolClient (GrpcClientProtocolClient.java:onNext(255)) - client-05DA20D107F8->b461a7b0-028a-4eb5-b268-b89ac225aff8: receive RaftClientReply:client-05DA20D107F8->b461a7b0-028a-4eb5-b268-b89ac225aff8@group-0C8C0AA7542A, cid=1214, SUCCESS, logIndex=1691, commits[b461a7b0-028a-4eb5-b268-b89ac225aff8:c1691, b6ff45f5-67b8-463b-a273-c2e7d9dadd75:c1689, 6a5cb75f-f7eb-4671-9a85-3b6f7898f6cc:c1689]
2019-08-28 21:29:33,996 | INFO  | DNAudit | user=null | ip=null | op=WRITE_CHUNK {blockData=conID: 3 locID: 102696731549630928 bcsId: 1687} | ret=SUCCESS |  
2019-08-28 21:29:33,996 | INFO  | DNAudit | user=null | ip=null | op=WRITE_CHUNK {blockData=conID: 3 locID: 102696731549630928 bcsId: 1687} | ret=SUCCESS |  
2019-08-28 21:29:33,996 | INFO  | DNAudit | user=null | ip=null | op=PUT_BLOCK {blockData=[blockId=conID: 3 locID: 102696731549630928 bcsId: 0,size=4194304]} | ret=SUCCESS |  
2019-08-28 21:29:33,997 | INFO  | DNAudit | user=null | ip=null | op=PUT_BLOCK {blockData=[blockId=conID: 3 locID: 102696731549630928 bcsId: 0,size=4194304]} | ret=SUCCESS |  
2019-08-28 21:29:33,997 [grpc-default-executor-6] INFO  client.GrpcClientProtocolClient (GrpcClientProtocolClient.java:onNext(255)) - client-05DA20D107F8->b461a7b0-028a-4eb5-b268-b89ac225aff8: receive RaftClientReply:client-05DA20D107F8->b461a7b0-028a-4eb5-b268-b89ac225aff8@group-0C8C0AA7542A, cid=1215, SUCCESS, logIndex=0, commits[b461a7b0-028a-4eb5-b268-b89ac225aff8:c1691, b6ff45f5-67b8-463b-a273-c2e7d9dadd75:c1691, 6a5cb75f-f7eb-4671-9a85-3b6f7898f6cc:c1691]
2019-08-28 21:29:34,006 | INFO  | DNAudit | user=null | ip=null | op=WRITE_CHUNK {blockData=conID: 1 locID: 102696731549630929 bcsId: 0} | ret=SUCCESS |  
2019-08-28 21:29:34,010 | INFO  | DNAudit | user=null | ip=null | op=WRITE_CHUNK {blockData=conID: 1 locID: 102696731549630929 bcsId: 0} | ret=SUCCESS |  
2019-08-28 21:29:34,010 | INFO  | DNAudit | user=null | ip=null | op=WRITE_CHUNK {blockData=conID: 1 locID: 102696731549630929 bcsId: 0} | ret=SUCCESS |  
2019-08-28 21:29:34,010 | INFO  | DNAudit | user=null | ip=null | op=WRITE_CHUNK {blockData=conID: 1 locID: 102696731549630929 bcsId: 0} | ret=SUCCESS |  
2019-08-28 21:29:34,013 | INFO  | DNAudit | user=null | ip=null | op=WRITE_CHUNK {blockData=conID: 1 locID: 102696731549630929 bcsId: 0} | ret=SUCCESS |  
2019-08-28 21:29:34,013 | INFO  | DNAudit | user=null | ip=null | op=WRITE_CHUNK {blockData=conID: 1 locID: 102696731549630929 bcsId: 0} | ret=SUCCESS |  
2019-08-28 21:29:34,018 | INFO  | DNAudit | user=null | ip=null | op=WRITE_CHUNK {blockData=conID: 1 locID: 102696731549630929 bcsId: 0} | ret=SUCCESS |  
2019-08-28 21:29:34,019 | INFO  | DNAudit | user=null | ip=null | op=PUT_BLOCK {blockData=[blockId=conID: 1 locID: 102696731549630929 bcsId: 0,size=1048576]} | ret=SUCCESS |  
2019-08-28 21:29:34,019 [grpc-default-executor-6] INFO  client.GrpcClientProtocolClient (GrpcClientProtocolClient.java:onNext(255)) - client-05DA20D107F8->b461a7b0-028a-4eb5-b268-b89ac225aff8: receive RaftClientReply:client-05DA20D107F8->b461a7b0-028a-4eb5-b268-b89ac225aff8@group-0C8C0AA7542A, cid=1216, SUCCESS, logIndex=1694, commits[b461a7b0-028a-4eb5-b268-b89ac225aff8:c1696, b6ff45f5-67b8-463b-a273-c2e7d9dadd75:c1692, 6a5cb75f-f7eb-4671-9a85-3b6f7898f6cc:c1692]
2019-08-28 21:29:34,020 | INFO  | DNAudit | user=null | ip=null | op=WRITE_CHUNK {blockData=conID: 1 locID: 102696731549630929 bcsId: 0} | ret=SUCCESS |  
2019-08-28 21:29:34,020 [grpc-default-executor-6] INFO  client.GrpcClientProtocolClient (GrpcClientProtocolClient.java:onNext(255)) - client-05DA20D107F8->b461a7b0-028a-4eb5-b268-b89ac225aff8: receive RaftClientReply:client-05DA20D107F8->b461a7b0-028a-4eb5-b268-b89ac225aff8@group-0C8C0AA7542A, cid=1217, SUCCESS, logIndex=1695, commits[b461a7b0-028a-4eb5-b268-b89ac225aff8:c1697, b6ff45f5-67b8-463b-a273-c2e7d9dadd75:c1692, 6a5cb75f-f7eb-4671-9a85-3b6f7898f6cc:c1692]
2019-08-28 21:29:34,020 | INFO  | DNAudit | user=null | ip=null | op=PUT_BLOCK {blockData=[blockId=conID: 1 locID: 102696731549630929 bcsId: 0,size=2097152]} | ret=SUCCESS |  
2019-08-28 21:29:34,020 [grpc-default-executor-6] INFO  client.GrpcClientProtocolClient (GrpcClientProtocolClient.java:onNext(255)) - client-05DA20D107F8->b461a7b0-028a-4eb5-b268-b89ac225aff8: receive RaftClientReply:client-05DA20D107F8->b461a7b0-028a-4eb5-b268-b89ac225aff8@group-0C8C0AA7542A, cid=1218, SUCCESS, logIndex=1696, commits[b461a7b0-028a-4eb5-b268-b89ac225aff8:c1697, b6ff45f5-67b8-463b-a273-c2e7d9dadd75:c1692, 6a5cb75f-f7eb-4671-9a85-3b6f7898f6cc:c1692]
2019-08-28 21:29:34,021 [grpc-default-executor-6] INFO  client.GrpcClientProtocolClient (GrpcClientProtocolClient.java:onNext(255)) - client-05DA20D107F8->b461a7b0-028a-4eb5-b268-b89ac225aff8: receive RaftClientReply:client-05DA20D107F8->b461a7b0-028a-4eb5-b268-b89ac225aff8@group-0C8C0AA7542A, cid=1219, SUCCESS, logIndex=1697, commits[b461a7b0-028a-4eb5-b268-b89ac225aff8:c1697, b6ff45f5-67b8-463b-a273-c2e7d9dadd75:c1692, 6a5cb75f-f7eb-4671-9a85-3b6f7898f6cc:c1692]
2019-08-28 21:29:34,027 | INFO  | SCMAudit | user=jenkins1000 | ip=192.168.36.107 | op=SEND_HEARTBEAT {datanodeUUID=b6ff45f5-67b8-463b-a273-c2e7d9dadd75, command=[]} | ret=SUCCESS |  
2019-08-28 21:29:34,027 | INFO  | SCMAudit | user=jenkins1000 | ip=192.168.36.107 | op=SEND_HEARTBEAT {datanodeUUID=6a5cb75f-f7eb-4671-9a85-3b6f7898f6cc, command=[]} | ret=SUCCESS |  
2019-08-28 21:29:34,028 | INFO  | SCMAudit | user=jenkins1000 | ip=192.168.36.107 | op=SEND_HEARTBEAT {datanodeUUID=b461a7b0-028a-4eb5-b268-b89ac225aff8, command=[]} | ret=SUCCESS |  
2019-08-28 21:29:34,036 | INFO  | DNAudit | user=null | ip=null | op=WRITE_CHUNK {blockData=conID: 1 locID: 102696731549630929 bcsId: 0} | ret=SUCCESS |  
2019-08-28 21:29:34,036 | INFO  | DNAudit | user=null | ip=null | op=WRITE_CHUNK {blockData=conID: 1 locID: 102696731549630929 bcsId: 0} | ret=SUCCESS |  
2019-08-28 21:29:34,037 | INFO  | DNAudit | user=null | ip=null | op=PUT_BLOCK {blockData=[blockId=conID: 1 locID: 102696731549630929 bcsId: 0,size=1048576]} | ret=SUCCESS |  
2019-08-28 21:29:34,037 | INFO  | DNAudit | user=null | ip=null | op=PUT_BLOCK {blockData=[blockId=conID: 1 locID: 102696731549630929 bcsId: 0,size=1048576]} | ret=SUCCESS |  
2019-08-28 21:29:34,037 | INFO  | DNAudit | user=null | ip=null | op=WRITE_CHUNK {blockData=conID: 1 locID: 102696731549630929 bcsId: 0} | ret=SUCCESS |  
2019-08-28 21:29:34,038 | INFO  | DNAudit | user=null | ip=null | op=WRITE_CHUNK {blockData=conID: 1 locID: 102696731549630929 bcsId: 0} | ret=SUCCESS |  
2019-08-28 21:29:34,038 | INFO  | DNAudit | user=null | ip=null | op=PUT_BLOCK {blockData=[blockId=conID: 1 locID: 102696731549630929 bcsId: 0,size=2097152]} | ret=SUCCESS |  
2019-08-28 21:29:34,038 | INFO  | DNAudit | user=null | ip=null | op=PUT_BLOCK {blockData=[blockId=conID: 1 locID: 102696731549630929 bcsId: 0,size=2097152]} | ret=SUCCESS |  
2019-08-28 21:29:34,038 [grpc-default-executor-6] INFO  client.GrpcClientProtocolClient (GrpcClientProtocolClient.java:onNext(255)) - client-05DA20D107F8->b461a7b0-028a-4eb5-b268-b89ac225aff8: receive RaftClientReply:client-05DA20D107F8->b461a7b0-028a-4eb5-b268-b89ac225aff8@group-0C8C0AA7542A, cid=1220, SUCCESS, logIndex=0, commits[b461a7b0-028a-4eb5-b268-b89ac225aff8:c1699, b6ff45f5-67b8-463b-a273-c2e7d9dadd75:c1696, 6a5cb75f-f7eb-4671-9a85-3b6f7898f6cc:c1696]
2019-08-28 21:29:34,046 | INFO  | DNAudit | user=null | ip=null | op=WRITE_CHUNK {blockData=conID: 1 locID: 102696731549630929 bcsId: 1697} | ret=SUCCESS |  
2019-08-28 21:29:34,048 | INFO  | DNAudit | user=null | ip=null | op=WRITE_CHUNK {blockData=conID: 1 locID: 102696731549630929 bcsId: 1697} | ret=SUCCESS |  
2019-08-28 21:29:34,048 | INFO  | DNAudit | user=null | ip=null | op=WRITE_CHUNK {blockData=conID: 1 locID: 102696731549630929 bcsId: 1697} | ret=SUCCESS |  
2019-08-28 21:29:34,070 | INFO  | DNAudit | user=null | ip=null | op=WRITE_CHUNK {blockData=conID: 1 locID: 102696731549630929 bcsId: 1697} | ret=SUCCESS |  
2019-08-28 21:29:34,071 | INFO  | DNAudit | user=null | ip=null | op=PUT_BLOCK {blockData=[blockId=conID: 1 locID: 102696731549630929 bcsId: 0,size=3145728]} | ret=SUCCESS |  
2019-08-28 21:29:34,071 [grpc-default-executor-6] INFO  client.GrpcClientProtocolClient (GrpcClientProtocolClient.java:onNext(255)) - client-05DA20D107F8->b461a7b0-028a-4eb5-b268-b89ac225aff8: receive RaftClientReply:client-05DA20D107F8->b461a7b0-028a-4eb5-b268-b89ac225aff8@group-0C8C0AA7542A, cid=1221, SUCCESS, logIndex=1702, commits[b461a7b0-028a-4eb5-b268-b89ac225aff8:c1703, b6ff45f5-67b8-463b-a273-c2e7d9dadd75:c1701, 6a5cb75f-f7eb-4671-9a85-3b6f7898f6cc:c1701]
2019-08-28 21:29:34,071 [grpc-default-executor-6] INFO  client.GrpcClientProtocolClient (GrpcClientProtocolClient.java:onNext(255)) - client-05DA20D107F8->b461a7b0-028a-4eb5-b268-b89ac225aff8: receive RaftClientReply:client-05DA20D107F8->b461a7b0-028a-4eb5-b268-b89ac225aff8@group-0C8C0AA7542A, cid=1222, SUCCESS, logIndex=1703, commits[b461a7b0-028a-4eb5-b268-b89ac225aff8:c1703, b6ff45f5-67b8-463b-a273-c2e7d9dadd75:c1701, 6a5cb75f-f7eb-4671-9a85-3b6f7898f6cc:c1701]
2019-08-28 21:29:34,079 | INFO  | DNAudit | user=null | ip=null | op=WRITE_CHUNK {blockData=conID: 1 locID: 102696731549630929 bcsId: 1697} | ret=SUCCESS |  
2019-08-28 21:29:34,079 | INFO  | DNAudit | user=null | ip=null | op=WRITE_CHUNK {blockData=conID: 1 locID: 102696731549630929 bcsId: 1697} | ret=SUCCESS |  
2019-08-28 21:29:34,079 | INFO  | DNAudit | user=null | ip=null | op=WRITE_CHUNK {blockData=conID: 1 locID: 102696731549630929 bcsId: 1703} | ret=SUCCESS |  
2019-08-28 21:29:34,079 | INFO  | DNAudit | user=null | ip=null | op=PUT_BLOCK {blockData=[blockId=conID: 1 locID: 102696731549630929 bcsId: 0,size=3145728]} | ret=SUCCESS |  
2019-08-28 21:29:34,079 | INFO  | DNAudit | user=null | ip=null | op=PUT_BLOCK {blockData=[blockId=conID: 1 locID: 102696731549630929 bcsId: 0,size=3145728]} | ret=SUCCESS |  
2019-08-28 21:29:34,081 | INFO  | DNAudit | user=null | ip=null | op=WRITE_CHUNK {blockData=conID: 1 locID: 102696731549630929 bcsId: 1703} | ret=SUCCESS |  
2019-08-28 21:29:34,081 | INFO  | DNAudit | user=null | ip=null | op=WRITE_CHUNK {blockData=conID: 1 locID: 102696731549630929 bcsId: 1703} | ret=SUCCESS |  
 0.00% |█                                                                                                    |  0/1 Time: 0:00:102019-08-28 21:29:34,110 | INFO  | DNAudit | user=null | ip=null | op=WRITE_CHUNK {blockData=conID: 1 locID: 102696731549630929 bcsId: 1703} | ret=SUCCESS |  
2019-08-28 21:29:34,110 | INFO  | DNAudit | user=null | ip=null | op=PUT_BLOCK {blockData=[blockId=conID: 1 locID: 102696731549630929 bcsId: 0,size=4194304]} | ret=SUCCESS |  
2019-08-28 21:29:34,110 [grpc-default-executor-6] INFO  client.GrpcClientProtocolClient (GrpcClientProtocolClient.java:onNext(255)) - client-05DA20D107F8->b461a7b0-028a-4eb5-b268-b89ac225aff8: receive RaftClientReply:client-05DA20D107F8->b461a7b0-028a-4eb5-b268-b89ac225aff8@group-0C8C0AA7542A, cid=1223, SUCCESS, logIndex=1706, commits[b461a7b0-028a-4eb5-b268-b89ac225aff8:c1707, b6ff45f5-67b8-463b-a273-c2e7d9dadd75:c1703, 6a5cb75f-f7eb-4671-9a85-3b6f7898f6cc:c1703]
2019-08-28 21:29:34,111 [grpc-default-executor-6] INFO  client.GrpcClientProtocolClient (GrpcClientProtocolClient.java:onNext(255)) - client-05DA20D107F8->b461a7b0-028a-4eb5-b268-b89ac225aff8: receive RaftClientReply:client-05DA20D107F8->b461a7b0-028a-4eb5-b268-b89ac225aff8@group-0C8C0AA7542A, cid=1224, SUCCESS, logIndex=1707, commits[b461a7b0-028a-4eb5-b268-b89ac225aff8:c1707, b6ff45f5-67b8-463b-a273-c2e7d9dadd75:c1703, 6a5cb75f-f7eb-4671-9a85-3b6f7898f6cc:c1703]
2019-08-28 21:29:34,137 | INFO  | DNAudit | user=null | ip=null | op=WRITE_CHUNK {blockData=conID: 1 locID: 102696731549630929 bcsId: 1703} | ret=SUCCESS |  
2019-08-28 21:29:34,138 | INFO  | DNAudit | user=null | ip=null | op=PUT_BLOCK {blockData=[blockId=conID: 1 locID: 102696731549630929 bcsId: 0,size=4194304]} | ret=SUCCESS |  
2019-08-28 21:29:34,156 | INFO  | DNAudit | user=null | ip=null | op=WRITE_CHUNK {blockData=conID: 1 locID: 102696731549630929 bcsId: 1703} | ret=SUCCESS |  
2019-08-28 21:29:34,156 | INFO  | DNAudit | user=null | ip=null | op=PUT_BLOCK {blockData=[blockId=conID: 1 locID: 102696731549630929 bcsId: 0,size=4194304]} | ret=SUCCESS |  
2019-08-28 21:29:34,157 [grpc-default-executor-6] INFO  client.GrpcClientProtocolClient (GrpcClientProtocolClient.java:onNext(255)) - client-05DA20D107F8->b461a7b0-028a-4eb5-b268-b89ac225aff8: receive RaftClientReply:client-05DA20D107F8->b461a7b0-028a-4eb5-b268-b89ac225aff8@group-0C8C0AA7542A, cid=1225, SUCCESS, logIndex=0, commits[b461a7b0-028a-4eb5-b268-b89ac225aff8:c1709, b6ff45f5-67b8-463b-a273-c2e7d9dadd75:c1707, 6a5cb75f-f7eb-4671-9a85-3b6f7898f6cc:c1707]
2019-08-28 21:29:34,166 | INFO  | DNAudit | user=null | ip=null | op=WRITE_CHUNK {blockData=conID: 2 locID: 102696731549630930 bcsId: 0} | ret=SUCCESS |  
2019-08-28 21:29:34,170 | INFO  | DNAudit | user=null | ip=null | op=WRITE_CHUNK {blockData=conID: 2 locID: 102696731549630930 bcsId: 0} | ret=SUCCESS |  
2019-08-28 21:29:34,170 | INFO  | DNAudit | user=null | ip=null | op=WRITE_CHUNK {blockData=conID: 2 locID: 102696731549630930 bcsId: 0} | ret=SUCCESS |  
2019-08-28 21:29:34,170 | INFO  | DNAudit | user=null | ip=null | op=WRITE_CHUNK {blockData=conID: 2 locID: 102696731549630930 bcsId: 0} | ret=SUCCESS |  
2019-08-28 21:29:34,173 | INFO  | DNAudit | user=null | ip=null | op=WRITE_CHUNK {blockData=conID: 2 locID: 102696731549630930 bcsId: 0} | ret=SUCCESS |  
2019-08-28 21:29:34,173 | INFO  | DNAudit | user=null | ip=null | op=WRITE_CHUNK {blockData=conID: 2 locID: 102696731549630930 bcsId: 0} | ret=SUCCESS |  
2019-08-28 21:29:34,179 | INFO  | DNAudit | user=null | ip=null | op=WRITE_CHUNK {blockData=conID: 2 locID: 102696731549630930 bcsId: 0} | ret=SUCCESS |  
2019-08-28 21:29:34,180 | INFO  | DNAudit | user=null | ip=null | op=PUT_BLOCK {blockData=[blockId=conID: 2 locID: 102696731549630930 bcsId: 0,size=1048576]} | ret=SUCCESS |  
2019-08-28 21:29:34,180 [grpc-default-executor-3] INFO  client.GrpcClientProtocolClient (GrpcClientProtocolClient.java:onNext(255)) - client-05DA20D107F8->b461a7b0-028a-4eb5-b268-b89ac225aff8: receive RaftClientReply:client-05DA20D107F8->b461a7b0-028a-4eb5-b268-b89ac225aff8@group-0C8C0AA7542A, cid=1226, SUCCESS, logIndex=1710, commits[b461a7b0-028a-4eb5-b268-b89ac225aff8:c1711, b6ff45f5-67b8-463b-a273-c2e7d9dadd75:c1709, 6a5cb75f-f7eb-4671-9a85-3b6f7898f6cc:c1709]
2019-08-28 21:29:34,180 [grpc-default-executor-3] INFO  client.GrpcClientProtocolClient (GrpcClientProtocolClient.java:onNext(255)) - client-05DA20D107F8->b461a7b0-028a-4eb5-b268-b89ac225aff8: receive RaftClientReply:client-05DA20D107F8->b461a7b0-028a-4eb5-b268-b89ac225aff8@group-0C8C0AA7542A, cid=1227, SUCCESS, logIndex=1711, commits[b461a7b0-028a-4eb5-b268-b89ac225aff8:c1711, b6ff45f5-67b8-463b-a273-c2e7d9dadd75:c1709, 6a5cb75f-f7eb-4671-9a85-3b6f7898f6cc:c1709]
2019-08-28 21:29:34,195 | INFO  | DNAudit | user=null | ip=null | op=WRITE_CHUNK {blockData=conID: 2 locID: 102696731549630930 bcsId: 0} | ret=SUCCESS |  
2019-08-28 21:29:34,196 | INFO  | DNAudit | user=null | ip=null | op=PUT_BLOCK {blockData=[blockId=conID: 2 locID: 102696731549630930 bcsId: 0,size=2097152]} | ret=SUCCESS |  
2019-08-28 21:29:34,196 [grpc-default-executor-6] INFO  client.GrpcClientProtocolClient (GrpcClientProtocolClient.java:onNext(255)) - client-05DA20D107F8->b461a7b0-028a-4eb5-b268-b89ac225aff8: receive RaftClientReply:client-05DA20D107F8->b461a7b0-028a-4eb5-b268-b89ac225aff8@group-0C8C0AA7542A, cid=1228, SUCCESS, logIndex=1712, commits[b461a7b0-028a-4eb5-b268-b89ac225aff8:c1713, b6ff45f5-67b8-463b-a273-c2e7d9dadd75:c1709, 6a5cb75f-f7eb-4671-9a85-3b6f7898f6cc:c1709]
2019-08-28 21:29:34,197 [grpc-default-executor-6] INFO  client.GrpcClientProtocolClient (GrpcClientProtocolClient.java:onNext(255)) - client-05DA20D107F8->b461a7b0-028a-4eb5-b268-b89ac225aff8: receive RaftClientReply:client-05DA20D107F8->b461a7b0-028a-4eb5-b268-b89ac225aff8@group-0C8C0AA7542A, cid=1229, SUCCESS, logIndex=1713, commits[b461a7b0-028a-4eb5-b268-b89ac225aff8:c1713, b6ff45f5-67b8-463b-a273-c2e7d9dadd75:c1709, 6a5cb75f-f7eb-4671-9a85-3b6f7898f6cc:c1709]
2019-08-28 21:29:34,217 | INFO  | DNAudit | user=null | ip=null | op=WRITE_CHUNK {blockData=conID: 2 locID: 102696731549630930 bcsId: 0} | ret=SUCCESS |  
2019-08-28 21:29:34,217 | INFO  | DNAudit | user=null | ip=null | op=PUT_BLOCK {blockData=[blockId=conID: 2 locID: 102696731549630930 bcsId: 0,size=1048576]} | ret=SUCCESS |  
2019-08-28 21:29:34,218 | INFO  | DNAudit | user=null | ip=null | op=WRITE_CHUNK {blockData=conID: 2 locID: 102696731549630930 bcsId: 0} | ret=SUCCESS |  
2019-08-28 21:29:34,218 | INFO  | DNAudit | user=null | ip=null | op=PUT_BLOCK {blockData=[blockId=conID: 2 locID: 102696731549630930 bcsId: 0,size=1048576]} | ret=SUCCESS |  
2019-08-28 21:29:34,218 | INFO  | DNAudit | user=null | ip=null | op=WRITE_CHUNK {blockData=conID: 2 locID: 102696731549630930 bcsId: 0} | ret=SUCCESS |  
2019-08-28 21:29:34,218 | INFO  | DNAudit | user=null | ip=null | op=PUT_BLOCK {blockData=[blockId=conID: 2 locID: 102696731549630930 bcsId: 0,size=2097152]} | ret=SUCCESS |  
2019-08-28 21:29:34,219 [grpc-default-executor-6] INFO  client.GrpcClientProtocolClient (GrpcClientProtocolClient.java:onNext(255)) - client-05DA20D107F8->b461a7b0-028a-4eb5-b268-b89ac225aff8: receive RaftClientReply:client-05DA20D107F8->b461a7b0-028a-4eb5-b268-b89ac225aff8@group-0C8C0AA7542A, cid=1230, SUCCESS, logIndex=0, commits[b461a7b0-028a-4eb5-b268-b89ac225aff8:c1715, b6ff45f5-67b8-463b-a273-c2e7d9dadd75:c1711, 6a5cb75f-f7eb-4671-9a85-3b6f7898f6cc:c1711]
2019-08-28 21:29:34,220 | INFO  | DNAudit | user=null | ip=null | op=WRITE_CHUNK {blockData=conID: 2 locID: 102696731549630930 bcsId: 0} | ret=SUCCESS |  
2019-08-28 21:29:34,220 | INFO  | DNAudit | user=null | ip=null | op=PUT_BLOCK {blockData=[blockId=conID: 2 locID: 102696731549630930 bcsId: 0,size=2097152]} | ret=SUCCESS |  
2019-08-28 21:29:34,229 | INFO  | DNAudit | user=null | ip=null | op=WRITE_CHUNK {blockData=conID: 2 locID: 102696731549630930 bcsId: 1713} | ret=SUCCESS |  
2019-08-28 21:29:34,231 | INFO  | DNAudit | user=null | ip=null | op=WRITE_CHUNK {blockData=conID: 2 locID: 102696731549630930 bcsId: 1713} | ret=SUCCESS |  
2019-08-28 21:29:34,231 | INFO  | DNAudit | user=null | ip=null | op=WRITE_CHUNK {blockData=conID: 2 locID: 102696731549630930 bcsId: 1713} | ret=SUCCESS |  
2019-08-28 21:29:34,235 | INFO  | DNAudit | user=null | ip=null | op=WRITE_CHUNK {blockData=conID: 2 locID: 102696731549630930 bcsId: 1713} | ret=SUCCESS |  
2019-08-28 21:29:34,235 | INFO  | DNAudit | user=null | ip=null | op=PUT_BLOCK {blockData=[blockId=conID: 2 locID: 102696731549630930 bcsId: 0,size=3145728]} | ret=SUCCESS |  
2019-08-28 21:29:34,236 [grpc-default-executor-3] INFO  client.GrpcClientProtocolClient (GrpcClientProtocolClient.java:onNext(255)) - client-05DA20D107F8->b461a7b0-028a-4eb5-b268-b89ac225aff8: receive RaftClientReply:client-05DA20D107F8->b461a7b0-028a-4eb5-b268-b89ac225aff8@group-0C8C0AA7542A, cid=1231, SUCCESS, logIndex=1718, commits[b461a7b0-028a-4eb5-b268-b89ac225aff8:c1719, b6ff45f5-67b8-463b-a273-c2e7d9dadd75:c1717, 6a5cb75f-f7eb-4671-9a85-3b6f7898f6cc:c1717]
2019-08-28 21:29:34,236 [grpc-default-executor-3] INFO  client.GrpcClientProtocolClient (GrpcClientProtocolClient.java:onNext(255)) - client-05DA20D107F8->b461a7b0-028a-4eb5-b268-b89ac225aff8: receive RaftClientReply:client-05DA20D107F8->b461a7b0-028a-4eb5-b268-b89ac225aff8@group-0C8C0AA7542A, cid=1232, SUCCESS, logIndex=1719, commits[b461a7b0-028a-4eb5-b268-b89ac225aff8:c1719, b6ff45f5-67b8-463b-a273-c2e7d9dadd75:c1717, 6a5cb75f-f7eb-4671-9a85-3b6f7898f6cc:c1717]
2019-08-28 21:29:34,244 | INFO  | DNAudit | user=null | ip=null | op=WRITE_CHUNK {blockData=conID: 2 locID: 102696731549630930 bcsId: 1713} | ret=SUCCESS |  
2019-08-28 21:29:34,244 | INFO  | DNAudit | user=null | ip=null | op=WRITE_CHUNK {blockData=conID: 2 locID: 102696731549630930 bcsId: 1713} | ret=SUCCESS |  
2019-08-28 21:29:34,245 | INFO  | DNAudit | user=null | ip=null | op=WRITE_CHUNK {blockData=conID: 2 locID: 102696731549630930 bcsId: 1719} | ret=SUCCESS |  
2019-08-28 21:29:34,249 | INFO  | DNAudit | user=null | ip=null | op=WRITE_CHUNK {blockData=conID: 2 locID: 102696731549630930 bcsId: 1719} | ret=SUCCESS |  
2019-08-28 21:29:34,249 | INFO  | DNAudit | user=null | ip=null | op=WRITE_CHUNK {blockData=conID: 2 locID: 102696731549630930 bcsId: 1719} | ret=SUCCESS |  
2019-08-28 21:29:34,272 | INFO  | DNAudit | user=null | ip=null | op=PUT_BLOCK {blockData=[blockId=conID: 2 locID: 102696731549630930 bcsId: 0,size=3145728]} | ret=SUCCESS |  
2019-08-28 21:29:34,273 | INFO  | DNAudit | user=null | ip=null | op=PUT_BLOCK {blockData=[blockId=conID: 2 locID: 102696731549630930 bcsId: 0,size=3145728]} | ret=SUCCESS |  
2019-08-28 21:29:34,293 | INFO  | DNAudit | user=null | ip=null | op=WRITE_CHUNK {blockData=conID: 2 locID: 102696731549630930 bcsId: 1719} | ret=SUCCESS |  
2019-08-28 21:29:34,294 | INFO  | DNAudit | user=null | ip=null | op=PUT_BLOCK {blockData=[blockId=conID: 2 locID: 102696731549630930 bcsId: 0,size=4194304]} | ret=SUCCESS |  
2019-08-28 21:29:34,294 [grpc-default-executor-2] INFO  client.GrpcClientProtocolClient (GrpcClientProtocolClient.java:onNext(255)) - client-05DA20D107F8->b461a7b0-028a-4eb5-b268-b89ac225aff8: receive RaftClientReply:client-05DA20D107F8->b461a7b0-028a-4eb5-b268-b89ac225aff8@group-0C8C0AA7542A, cid=1233, SUCCESS, logIndex=1722, commits[b461a7b0-028a-4eb5-b268-b89ac225aff8:c1723, b6ff45f5-67b8-463b-a273-c2e7d9dadd75:c1719, 6a5cb75f-f7eb-4671-9a85-3b6f7898f6cc:c1719]
2019-08-28 21:29:34,295 [grpc-default-executor-2] INFO  client.GrpcClientProtocolClient (GrpcClientProtocolClient.java:onNext(255)) - client-05DA20D107F8->b461a7b0-028a-4eb5-b268-b89ac225aff8: receive RaftClientReply:client-05DA20D107F8->b461a7b0-028a-4eb5-b268-b89ac225aff8@group-0C8C0AA7542A, cid=1234, SUCCESS, logIndex=1723, commits[b461a7b0-028a-4eb5-b268-b89ac225aff8:c1723, b6ff45f5-67b8-463b-a273-c2e7d9dadd75:c1719, 6a5cb75f-f7eb-4671-9a85-3b6f7898f6cc:c1719]
2019-08-28 21:29:34,331 | INFO  | DNAudit | user=null | ip=null | op=WRITE_CHUNK {blockData=conID: 2 locID: 102696731549630930 bcsId: 1719} | ret=SUCCESS |  
2019-08-28 21:29:34,331 | INFO  | DNAudit | user=null | ip=null | op=WRITE_CHUNK {blockData=conID: 2 locID: 102696731549630930 bcsId: 1719} | ret=SUCCESS |  
2019-08-28 21:29:34,332 | INFO  | DNAudit | user=null | ip=null | op=PUT_BLOCK {blockData=[blockId=conID: 2 locID: 102696731549630930 bcsId: 0,size=4194304]} | ret=SUCCESS |  
2019-08-28 21:29:34,333 | INFO  | DNAudit | user=null | ip=null | op=PUT_BLOCK {blockData=[blockId=conID: 2 locID: 102696731549630930 bcsId: 0,size=4194304]} | ret=SUCCESS |  
2019-08-28 21:29:34,333 [grpc-default-executor-2] INFO  client.GrpcClientProtocolClient (GrpcClientProtocolClient.java:onNext(255)) - client-05DA20D107F8->b461a7b0-028a-4eb5-b268-b89ac225aff8: receive RaftClientReply:client-05DA20D107F8->b461a7b0-028a-4eb5-b268-b89ac225aff8@group-0C8C0AA7542A, cid=1235, SUCCESS, logIndex=0, commits[b461a7b0-028a-4eb5-b268-b89ac225aff8:c1725, b6ff45f5-67b8-463b-a273-c2e7d9dadd75:c1723, 6a5cb75f-f7eb-4671-9a85-3b6f7898f6cc:c1723]
2019-08-28 21:29:34,376 | INFO  | SCMAudit | user=jenkins1000 | ip=127.0.0.1 | op=ALLOCATE_BLOCK {owner=a0140aad-a474-4492-a39d-25bd6167d9f0, size=4194304, type=RATIS, factor=THREE} | ret=SUCCESS |  
2019-08-28 21:29:34,381 | INFO  | OMAudit | user=jenkins1000 | ip=127.0.0.1 | op=ALLOCATE_BLOCK {volume=vol-0-08922, bucket=bucket-0-29862, key=key-0-31337, dataSize=0, replicationType=null, replicationFactor=null, keyLocationInfo=null, clientID=102696731548516754} | ret=SUCCESS |  
2019-08-28 21:29:34,392 | INFO  | DNAudit | user=null | ip=null | op=WRITE_CHUNK {blockData=conID: 3 locID: 102696732221440467 bcsId: 0} | ret=SUCCESS |  
2019-08-28 21:29:34,395 | INFO  | DNAudit | user=null | ip=null | op=WRITE_CHUNK {blockData=conID: 3 locID: 102696732221440467 bcsId: 0} | ret=SUCCESS |  
2019-08-28 21:29:34,395 | INFO  | DNAudit | user=null | ip=null | op=WRITE_CHUNK {blockData=conID: 3 locID: 102696732221440467 bcsId: 0} | ret=SUCCESS |  
2019-08-28 21:29:34,395 | INFO  | DNAudit | user=null | ip=null | op=WRITE_CHUNK {blockData=conID: 3 locID: 102696732221440467 bcsId: 0} | ret=SUCCESS |  
2019-08-28 21:29:34,412 | INFO  | DNAudit | user=null | ip=null | op=WRITE_CHUNK {blockData=conID: 3 locID: 102696732221440467 bcsId: 0} | ret=SUCCESS |  
2019-08-28 21:29:34,412 | INFO  | DNAudit | user=null | ip=null | op=PUT_BLOCK {blockData=[blockId=conID: 3 locID: 102696732221440467 bcsId: 0,size=1048576]} | ret=SUCCESS |  
2019-08-28 21:29:34,412 [grpc-default-executor-3] INFO  client.GrpcClientProtocolClient (GrpcClientProtocolClient.java:onNext(255)) - client-05DA20D107F8->b461a7b0-028a-4eb5-b268-b89ac225aff8: receive RaftClientReply:client-05DA20D107F8->b461a7b0-028a-4eb5-b268-b89ac225aff8@group-0C8C0AA7542A, cid=1236, SUCCESS, logIndex=1726, commits[b461a7b0-028a-4eb5-b268-b89ac225aff8:c1727, b6ff45f5-67b8-463b-a273-c2e7d9dadd75:c1725, 6a5cb75f-f7eb-4671-9a85-3b6f7898f6cc:c1725]
2019-08-28 21:29:34,413 [grpc-default-executor-3] INFO  client.GrpcClientProtocolClient (GrpcClientProtocolClient.java:onNext(255)) - client-05DA20D107F8->b461a7b0-028a-4eb5-b268-b89ac225aff8: receive RaftClientReply:client-05DA20D107F8->b461a7b0-028a-4eb5-b268-b89ac225aff8@group-0C8C0AA7542A, cid=1237, SUCCESS, logIndex=1727, commits[b461a7b0-028a-4eb5-b268-b89ac225aff8:c1727, b6ff45f5-67b8-463b-a273-c2e7d9dadd75:c1725, 6a5cb75f-f7eb-4671-9a85-3b6f7898f6cc:c1725]
2019-08-28 21:29:34,429 | INFO  | SCMAudit | user=jenkins1000 | ip=192.168.36.107 | op=SEND_HEARTBEAT {datanodeUUID=af4986ea-80d8-4c92-96d2-2b3929a4248a, command=[]} | ret=SUCCESS |  
2019-08-28 21:29:34,430 | INFO  | SCMAudit | user=jenkins1000 | ip=192.168.36.107 | op=SEND_HEARTBEAT {datanodeUUID=68f89a68-6a96-4cde-8528-8617611d459d, command=[]} | ret=SUCCESS |  
2019-08-28 21:29:34,517 | INFO  | DNAudit | user=null | ip=null | op=WRITE_CHUNK {blockData=conID: 3 locID: 102696732221440467 bcsId: 0} | ret=SUCCESS |  
2019-08-28 21:29:34,517 | INFO  | DNAudit | user=null | ip=null | op=WRITE_CHUNK {blockData=conID: 3 locID: 102696732221440467 bcsId: 0} | ret=SUCCESS |  
2019-08-28 21:29:34,537 | INFO  | DNAudit | user=null | ip=null | op=WRITE_CHUNK {blockData=conID: 3 locID: 102696732221440467 bcsId: 0} | ret=SUCCESS |  
2019-08-28 21:29:34,537 | INFO  | DNAudit | user=null | ip=null | op=WRITE_CHUNK {blockData=conID: 3 locID: 102696732221440467 bcsId: 0} | ret=SUCCESS |  
2019-08-28 21:29:34,537 | INFO  | DNAudit | user=null | ip=null | op=WRITE_CHUNK {blockData=conID: 3 locID: 102696732221440467 bcsId: 0} | ret=SUCCESS |  
2019-08-28 21:29:34,538 | INFO  | DNAudit | user=null | ip=null | op=PUT_BLOCK {blockData=[blockId=conID: 3 locID: 102696732221440467 bcsId: 0,size=1048576]} | ret=SUCCESS |  
2019-08-28 21:29:34,538 | INFO  | DNAudit | user=null | ip=null | op=PUT_BLOCK {blockData=[blockId=conID: 3 locID: 102696732221440467 bcsId: 0,size=2097152]} | ret=SUCCESS |  
2019-08-28 21:29:34,538 | INFO  | DNAudit | user=null | ip=null | op=PUT_BLOCK {blockData=[blockId=conID: 3 locID: 102696732221440467 bcsId: 0,size=1048576]} | ret=SUCCESS |  
2019-08-28 21:29:34,538 [grpc-default-executor-3] INFO  client.GrpcClientProtocolClient (GrpcClientProtocolClient.java:onNext(255)) - client-05DA20D107F8->b461a7b0-028a-4eb5-b268-b89ac225aff8: receive RaftClientReply:client-05DA20D107F8->b461a7b0-028a-4eb5-b268-b89ac225aff8@group-0C8C0AA7542A, cid=1238, SUCCESS, logIndex=1728, commits[b461a7b0-028a-4eb5-b268-b89ac225aff8:c1730, b6ff45f5-67b8-463b-a273-c2e7d9dadd75:c1727, 6a5cb75f-f7eb-4671-9a85-3b6f7898f6cc:c1727]
2019-08-28 21:29:34,538 [grpc-default-executor-3] INFO  client.GrpcClientProtocolClient (GrpcClientProtocolClient.java:onNext(255)) - client-05DA20D107F8->b461a7b0-028a-4eb5-b268-b89ac225aff8: receive RaftClientReply:client-05DA20D107F8->b461a7b0-028a-4eb5-b268-b89ac225aff8@group-0C8C0AA7542A, cid=1239, SUCCESS, logIndex=1729, commits[b461a7b0-028a-4eb5-b268-b89ac225aff8:c1730, b6ff45f5-67b8-463b-a273-c2e7d9dadd75:c1727, 6a5cb75f-f7eb-4671-9a85-3b6f7898f6cc:c1727]
2019-08-28 21:29:34,553 | INFO  | DNAudit | user=null | ip=null | op=WRITE_CHUNK {blockData=conID: 3 locID: 102696732221440467 bcsId: 1729} | ret=SUCCESS |  
2019-08-28 21:29:34,557 | INFO  | DNAudit | user=null | ip=null | op=WRITE_CHUNK {blockData=conID: 3 locID: 102696732221440467 bcsId: 1729} | ret=SUCCESS |  
2019-08-28 21:29:34,558 | INFO  | DNAudit | user=null | ip=null | op=WRITE_CHUNK {blockData=conID: 3 locID: 102696732221440467 bcsId: 1729} | ret=SUCCESS |  
2019-08-28 21:29:34,577 | INFO  | DNAudit | user=null | ip=null | op=WRITE_CHUNK {blockData=conID: 3 locID: 102696732221440467 bcsId: 0} | ret=SUCCESS |  
2019-08-28 21:29:34,577 | INFO  | DNAudit | user=null | ip=null | op=WRITE_CHUNK {blockData=conID: 3 locID: 102696732221440467 bcsId: 0} | ret=SUCCESS |  
2019-08-28 21:29:34,578 | INFO  | DNAudit | user=null | ip=null | op=PUT_BLOCK {blockData=[blockId=conID: 3 locID: 102696732221440467 bcsId: 0,size=2097152]} | ret=SUCCESS |  
2019-08-28 21:29:34,578 | INFO  | DNAudit | user=null | ip=null | op=PUT_BLOCK {blockData=[blockId=conID: 3 locID: 102696732221440467 bcsId: 0,size=2097152]} | ret=SUCCESS |  
2019-08-28 21:29:34,579 | INFO  | DNAudit | user=null | ip=null | op=WRITE_CHUNK {blockData=conID: 3 locID: 102696732221440467 bcsId: 1729} | ret=SUCCESS |  
2019-08-28 21:29:34,580 | INFO  | DNAudit | user=null | ip=null | op=PUT_BLOCK {blockData=[blockId=conID: 3 locID: 102696732221440467 bcsId: 0,size=3145728]} | ret=SUCCESS |  
2019-08-28 21:29:34,580 [grpc-default-executor-6] INFO  client.GrpcClientProtocolClient (GrpcClientProtocolClient.java:onNext(255)) - client-05DA20D107F8->b461a7b0-028a-4eb5-b268-b89ac225aff8: receive RaftClientReply:client-05DA20D107F8->b461a7b0-028a-4eb5-b268-b89ac225aff8@group-0C8C0AA7542A, cid=1240, SUCCESS, logIndex=1734, commits[b461a7b0-028a-4eb5-b268-b89ac225aff8:c1735, b6ff45f5-67b8-463b-a273-c2e7d9dadd75:c1730, 6a5cb75f-f7eb-4671-9a85-3b6f7898f6cc:c1729]
2019-08-28 21:29:34,581 [grpc-default-executor-6] INFO  client.GrpcClientProtocolClient (GrpcClientProtocolClient.java:onNext(255)) - client-05DA20D107F8->b461a7b0-028a-4eb5-b268-b89ac225aff8: receive RaftClientReply:client-05DA20D107F8->b461a7b0-028a-4eb5-b268-b89ac225aff8@group-0C8C0AA7542A, cid=1241, SUCCESS, logIndex=1735, commits[b461a7b0-028a-4eb5-b268-b89ac225aff8:c1735, b6ff45f5-67b8-463b-a273-c2e7d9dadd75:c1730, 6a5cb75f-f7eb-4671-9a85-3b6f7898f6cc:c1730]
2019-08-28 21:29:34,591 | INFO  | DNAudit | user=null | ip=null | op=WRITE_CHUNK {blockData=conID: 3 locID: 102696732221440467 bcsId: 1735} | ret=SUCCESS |  
2019-08-28 21:29:34,595 | INFO  | DNAudit | user=null | ip=null | op=WRITE_CHUNK {blockData=conID: 3 locID: 102696732221440467 bcsId: 1735} | ret=SUCCESS |  
2019-08-28 21:29:34,595 | INFO  | DNAudit | user=null | ip=null | op=WRITE_CHUNK {blockData=conID: 3 locID: 102696732221440467 bcsId: 1735} | ret=SUCCESS |  
2019-08-28 21:29:34,610 | INFO  | DNAudit | user=null | ip=null | op=WRITE_CHUNK {blockData=conID: 3 locID: 102696732221440467 bcsId: 1729} | ret=SUCCESS |  
2019-08-28 21:29:34,610 | INFO  | DNAudit | user=null | ip=null | op=WRITE_CHUNK {blockData=conID: 3 locID: 102696732221440467 bcsId: 1729} | ret=SUCCESS |  
2019-08-28 21:29:34,610 | INFO  | DNAudit | user=null | ip=null | op=PUT_BLOCK {blockData=[blockId=conID: 3 locID: 102696732221440467 bcsId: 0,size=3145728]} | ret=SUCCESS |  
2019-08-28 21:29:34,610 | INFO  | DNAudit | user=null | ip=null | op=PUT_BLOCK {blockData=[blockId=conID: 3 locID: 102696732221440467 bcsId: 0,size=3145728]} | ret=SUCCESS |  
2019-08-28 21:29:34,612 | INFO  | DNAudit | user=null | ip=null | op=WRITE_CHUNK {blockData=conID: 3 locID: 102696732221440467 bcsId: 1735} | ret=SUCCESS |  
2019-08-28 21:29:34,612 | INFO  | DNAudit | user=null | ip=null | op=PUT_BLOCK {blockData=[blockId=conID: 3 locID: 102696732221440467 bcsId: 0,size=4194304]} | ret=SUCCESS |  
2019-08-28 21:29:34,613 [grpc-default-executor-3] INFO  client.GrpcClientProtocolClient (GrpcClientProtocolClient.java:onNext(255)) - client-05DA20D107F8->b461a7b0-028a-4eb5-b268-b89ac225aff8: receive RaftClientReply:client-05DA20D107F8->b461a7b0-028a-4eb5-b268-b89ac225aff8@group-0C8C0AA7542A, cid=1242, SUCCESS, logIndex=1738, commits[b461a7b0-028a-4eb5-b268-b89ac225aff8:c1738, b6ff45f5-67b8-463b-a273-c2e7d9dadd75:c1735, 6a5cb75f-f7eb-4671-9a85-3b6f7898f6cc:c1735]
2019-08-28 21:29:34,613 [grpc-default-executor-3] INFO  client.GrpcClientProtocolClient (GrpcClientProtocolClient.java:onNext(255)) - client-05DA20D107F8->b461a7b0-028a-4eb5-b268-b89ac225aff8: receive RaftClientReply:client-05DA20D107F8->b461a7b0-028a-4eb5-b268-b89ac225aff8@group-0C8C0AA7542A, cid=1243, SUCCESS, logIndex=1739, commits[b461a7b0-028a-4eb5-b268-b89ac225aff8:c1739, b6ff45f5-67b8-463b-a273-c2e7d9dadd75:c1735, 6a5cb75f-f7eb-4671-9a85-3b6f7898f6cc:c1735]
2019-08-28 21:29:34,631 | INFO  | DNAudit | user=null | ip=null | op=WRITE_CHUNK {blockData=conID: 3 locID: 102696732221440467 bcsId: 1735} | ret=SUCCESS |  
2019-08-28 21:29:34,631 | INFO  | DNAudit | user=null | ip=null | op=WRITE_CHUNK {blockData=conID: 3 locID: 102696732221440467 bcsId: 1735} | ret=SUCCESS |  
2019-08-28 21:29:34,633 | INFO  | DNAudit | user=null | ip=null | op=PUT_BLOCK {blockData=[blockId=conID: 3 locID: 102696732221440467 bcsId: 0,size=4194304]} | ret=SUCCESS |  
2019-08-28 21:29:34,633 | INFO  | DNAudit | user=null | ip=null | op=PUT_BLOCK {blockData=[blockId=conID: 3 locID: 102696732221440467 bcsId: 0,size=4194304]} | ret=SUCCESS |  
2019-08-28 21:29:34,634 [grpc-default-executor-3] INFO  client.GrpcClientProtocolClient (GrpcClientProtocolClient.java:onNext(255)) - client-05DA20D107F8->b461a7b0-028a-4eb5-b268-b89ac225aff8: receive RaftClientReply:client-05DA20D107F8->b461a7b0-028a-4eb5-b268-b89ac225aff8@group-0C8C0AA7542A, cid=1244, SUCCESS, logIndex=0, commits[b461a7b0-028a-4eb5-b268-b89ac225aff8:c1741, b6ff45f5-67b8-463b-a273-c2e7d9dadd75:c1739, 6a5cb75f-f7eb-4671-9a85-3b6f7898f6cc:c1739]
2019-08-28 21:29:34,640 | INFO  | SCMAudit | user=jenkins1000 | ip=127.0.0.1 | op=ALLOCATE_BLOCK {owner=a0140aad-a474-4492-a39d-25bd6167d9f0, size=4194304, type=RATIS, factor=THREE} | ret=SUCCESS |  
2019-08-28 21:29:34,646 | INFO  | OMAudit | user=jenkins1000 | ip=127.0.0.1 | op=ALLOCATE_BLOCK {volume=vol-0-08922, bucket=bucket-0-29862, key=key-0-31337, dataSize=0, replicationType=null, replicationFactor=null, keyLocationInfo=null, clientID=102696731548516754} | ret=SUCCESS |  
2019-08-28 21:29:34,658 | INFO  | DNAudit | user=null | ip=null | op=WRITE_CHUNK {blockData=conID: 1 locID: 102696732238807508 bcsId: 0} | ret=SUCCESS |  
2019-08-28 21:29:34,661 | INFO  | DNAudit | user=null | ip=null | op=WRITE_CHUNK {blockData=conID: 1 locID: 102696732238807508 bcsId: 0} | ret=SUCCESS |  
2019-08-28 21:29:34,663 | INFO  | DNAudit | user=null | ip=null | op=WRITE_CHUNK {blockData=conID: 1 locID: 102696732238807508 bcsId: 0} | ret=SUCCESS |  
2019-08-28 21:29:34,663 | INFO  | DNAudit | user=null | ip=null | op=WRITE_CHUNK {blockData=conID: 1 locID: 102696732238807508 bcsId: 0} | ret=SUCCESS |  
2019-08-28 21:29:34,665 | INFO  | DNAudit | user=null | ip=null | op=WRITE_CHUNK {blockData=conID: 1 locID: 102696732238807508 bcsId: 0} | ret=SUCCESS |  
2019-08-28 21:29:34,666 | INFO  | DNAudit | user=null | ip=null | op=WRITE_CHUNK {blockData=conID: 1 locID: 102696732238807508 bcsId: 0} | ret=SUCCESS |  
2019-08-28 21:29:34,671 | INFO  | DNAudit | user=null | ip=null | op=WRITE_CHUNK {blockData=conID: 1 locID: 102696732238807508 bcsId: 0} | ret=SUCCESS |  
2019-08-28 21:29:34,671 | INFO  | DNAudit | user=null | ip=null | op=PUT_BLOCK {blockData=[blockId=conID: 1 locID: 102696732238807508 bcsId: 0,size=1048576]} | ret=SUCCESS |  
2019-08-28 21:29:34,671 [grpc-default-executor-3] INFO  client.GrpcClientProtocolClient (GrpcClientProtocolClient.java:onNext(255)) - client-05DA20D107F8->b461a7b0-028a-4eb5-b268-b89ac225aff8: receive RaftClientReply:client-05DA20D107F8->b461a7b0-028a-4eb5-b268-b89ac225aff8@group-0C8C0AA7542A, cid=1245, SUCCESS, logIndex=1742, commits[b461a7b0-028a-4eb5-b268-b89ac225aff8:c1743, b6ff45f5-67b8-463b-a273-c2e7d9dadd75:c1741, 6a5cb75f-f7eb-4671-9a85-3b6f7898f6cc:c1741]
2019-08-28 21:29:34,672 [grpc-default-executor-3] INFO  client.GrpcClientProtocolClient (GrpcClientProtocolClient.java:onNext(255)) - client-05DA20D107F8->b461a7b0-028a-4eb5-b268-b89ac225aff8: receive RaftClientReply:client-05DA20D107F8->b461a7b0-028a-4eb5-b268-b89ac225aff8@group-0C8C0AA7542A, cid=1246, SUCCESS, logIndex=1743, commits[b461a7b0-028a-4eb5-b268-b89ac225aff8:c1743, b6ff45f5-67b8-463b-a273-c2e7d9dadd75:c1741, 6a5cb75f-f7eb-4671-9a85-3b6f7898f6cc:c1741]
2019-08-28 21:29:34,688 | INFO  | DNAudit | user=null | ip=null | op=WRITE_CHUNK {blockData=conID: 1 locID: 102696732238807508 bcsId: 0} | ret=SUCCESS |  
2019-08-28 21:29:34,689 | INFO  | DNAudit | user=null | ip=null | op=PUT_BLOCK {blockData=[blockId=conID: 1 locID: 102696732238807508 bcsId: 0,size=2097152]} | ret=SUCCESS |  
2019-08-28 21:29:34,689 | INFO  | DNAudit | user=null | ip=null | op=WRITE_CHUNK {blockData=conID: 1 locID: 102696732238807508 bcsId: 0} | ret=SUCCESS |  
2019-08-28 21:29:34,689 | INFO  | DNAudit | user=null | ip=null | op=PUT_BLOCK {blockData=[blockId=conID: 1 locID: 102696732238807508 bcsId: 0,size=1048576]} | ret=SUCCESS |  
2019-08-28 21:29:34,690 | INFO  | DNAudit | user=null | ip=null | op=WRITE_CHUNK {blockData=conID: 1 locID: 102696732238807508 bcsId: 0} | ret=SUCCESS |  
2019-08-28 21:29:34,690 | INFO  | DNAudit | user=null | ip=null | op=PUT_BLOCK {blockData=[blockId=conID: 1 locID: 102696732238807508 bcsId: 0,size=1048576]} | ret=SUCCESS |  
2019-08-28 21:29:34,690 | INFO  | DNAudit | user=null | ip=null | op=WRITE_CHUNK {blockData=conID: 1 locID: 102696732238807508 bcsId: 0} | ret=SUCCESS |  
2019-08-28 21:29:34,690 | INFO  | DNAudit | user=null | ip=null | op=PUT_BLOCK {blockData=[blockId=conID: 1 locID: 102696732238807508 bcsId: 0,size=2097152]} | ret=SUCCESS |  
2019-08-28 21:29:34,691 | INFO  | DNAudit | user=null | ip=null | op=WRITE_CHUNK {blockData=conID: 1 locID: 102696732238807508 bcsId: 0} | ret=SUCCESS |  
2019-08-28 21:29:34,691 | INFO  | DNAudit | user=null | ip=null | op=PUT_BLOCK {blockData=[blockId=conID: 1 locID: 102696732238807508 bcsId: 0,size=2097152]} | ret=SUCCESS |  
2019-08-28 21:29:34,691 [grpc-default-executor-6] INFO  client.GrpcClientProtocolClient (GrpcClientProtocolClient.java:onNext(255)) - client-05DA20D107F8->b461a7b0-028a-4eb5-b268-b89ac225aff8: receive RaftClientReply:client-05DA20D107F8->b461a7b0-028a-4eb5-b268-b89ac225aff8@group-0C8C0AA7542A, cid=1247, SUCCESS, logIndex=1744, commits[b461a7b0-028a-4eb5-b268-b89ac225aff8:c1745, b6ff45f5-67b8-463b-a273-c2e7d9dadd75:c1741, 6a5cb75f-f7eb-4671-9a85-3b6f7898f6cc:c1741]
2019-08-28 21:29:34,695 [grpc-default-executor-6] INFO  client.GrpcClientProtocolClient (GrpcClientProtocolClient.java:onNext(255)) - client-05DA20D107F8->b461a7b0-028a-4eb5-b268-b89ac225aff8: receive RaftClientReply:client-05DA20D107F8->b461a7b0-028a-4eb5-b268-b89ac225aff8@group-0C8C0AA7542A, cid=1248, SUCCESS, logIndex=1745, commits[b461a7b0-028a-4eb5-b268-b89ac225aff8:c1745, b6ff45f5-67b8-463b-a273-c2e7d9dadd75:c1741, 6a5cb75f-f7eb-4671-9a85-3b6f7898f6cc:c1741]
2019-08-28 21:29:34,697 [grpc-default-executor-6] INFO  client.GrpcClientProtocolClient (GrpcClientProtocolClient.java:onNext(255)) - client-05DA20D107F8->b461a7b0-028a-4eb5-b268-b89ac225aff8: receive RaftClientReply:client-05DA20D107F8->b461a7b0-028a-4eb5-b268-b89ac225aff8@group-0C8C0AA7542A, cid=1249, SUCCESS, logIndex=0, commits[b461a7b0-028a-4eb5-b268-b89ac225aff8:c1748, b6ff45f5-67b8-463b-a273-c2e7d9dadd75:c1745, 6a5cb75f-f7eb-4671-9a85-3b6f7898f6cc:c1745]
2019-08-28 21:29:34,704 | INFO  | DNAudit | user=null | ip=null | op=WRITE_CHUNK {blockData=conID: 1 locID: 102696732238807508 bcsId: 1745} | ret=SUCCESS |  
2019-08-28 21:29:34,707 | INFO  | DNAudit | user=null | ip=null | op=WRITE_CHUNK {blockData=conID: 1 locID: 102696732238807508 bcsId: 1745} | ret=SUCCESS |  
2019-08-28 21:29:34,707 | INFO  | DNAudit | user=null | ip=null | op=WRITE_CHUNK {blockData=conID: 1 locID: 102696732238807508 bcsId: 1745} | ret=SUCCESS |  
2019-08-28 21:29:34,716 | INFO  | DNAudit | user=null | ip=null | op=WRITE_CHUNK {blockData=conID: 1 locID: 102696732238807508 bcsId: 1745} | ret=SUCCESS |  
2019-08-28 21:29:34,716 | INFO  | DNAudit | user=null | ip=null | op=PUT_BLOCK {blockData=[blockId=conID: 1 locID: 102696732238807508 bcsId: 0,size=3145728]} | ret=SUCCESS |  
2019-08-28 21:29:34,717 [grpc-default-executor-2] INFO  client.GrpcClientProtocolClient (GrpcClientProtocolClient.java:onNext(255)) - client-05DA20D107F8->b461a7b0-028a-4eb5-b268-b89ac225aff8: receive RaftClientReply:client-05DA20D107F8->b461a7b0-028a-4eb5-b268-b89ac225aff8@group-0C8C0AA7542A, cid=1250, SUCCESS, logIndex=1749, commits[b461a7b0-028a-4eb5-b268-b89ac225aff8:c1750, b6ff45f5-67b8-463b-a273-c2e7d9dadd75:c1748, 6a5cb75f-f7eb-4671-9a85-3b6f7898f6cc:c1748]
2019-08-28 21:29:34,717 [grpc-default-executor-2] INFO  client.GrpcClientProtocolClient (GrpcClientProtocolClient.java:onNext(255)) - client-05DA20D107F8->b461a7b0-028a-4eb5-b268-b89ac225aff8: receive RaftClientReply:client-05DA20D107F8->b461a7b0-028a-4eb5-b268-b89ac225aff8@group-0C8C0AA7542A, cid=1251, SUCCESS, logIndex=1750, commits[b461a7b0-028a-4eb5-b268-b89ac225aff8:c1750, b6ff45f5-67b8-463b-a273-c2e7d9dadd75:c1748, 6a5cb75f-f7eb-4671-9a85-3b6f7898f6cc:c1748]
2019-08-28 21:29:34,725 | INFO  | DNAudit | user=null | ip=null | op=WRITE_CHUNK {blockData=conID: 1 locID: 102696732238807508 bcsId: 1750} | ret=SUCCESS |  
2019-08-28 21:29:34,727 | INFO  | DNAudit | user=null | ip=null | op=WRITE_CHUNK {blockData=conID: 1 locID: 102696732238807508 bcsId: 1750} | ret=SUCCESS |  
2019-08-28 21:29:34,728 | INFO  | DNAudit | user=null | ip=null | op=WRITE_CHUNK {blockData=conID: 1 locID: 102696732238807508 bcsId: 1750} | ret=SUCCESS |  
2019-08-28 21:29:34,742 | INFO  | DNAudit | user=null | ip=null | op=WRITE_CHUNK {blockData=conID: 1 locID: 102696732238807508 bcsId: 1745} | ret=SUCCESS |  
2019-08-28 21:29:34,743 | INFO  | DNAudit | user=null | ip=null | op=WRITE_CHUNK {blockData=conID: 1 locID: 102696732238807508 bcsId: 1745} | ret=SUCCESS |  
2019-08-28 21:29:34,743 | INFO  | DNAudit | user=null | ip=null | op=PUT_BLOCK {blockData=[blockId=conID: 1 locID: 102696732238807508 bcsId: 0,size=3145728]} | ret=SUCCESS |  
2019-08-28 21:29:34,743 | INFO  | DNAudit | user=null | ip=null | op=PUT_BLOCK {blockData=[blockId=conID: 1 locID: 102696732238807508 bcsId: 0,size=3145728]} | ret=SUCCESS |  
2019-08-28 21:29:34,745 | INFO  | DNAudit | user=null | ip=null | op=WRITE_CHUNK {blockData=conID: 1 locID: 102696732238807508 bcsId: 1750} | ret=SUCCESS |  
2019-08-28 21:29:34,745 | INFO  | DNAudit | user=null | ip=null | op=PUT_BLOCK {blockData=[blockId=conID: 1 locID: 102696732238807508 bcsId: 0,size=4194304]} | ret=SUCCESS |  
2019-08-28 21:29:34,746 [grpc-default-executor-6] INFO  client.GrpcClientProtocolClient (GrpcClientProtocolClient.java:onNext(255)) - client-05DA20D107F8->b461a7b0-028a-4eb5-b268-b89ac225aff8: receive RaftClientReply:client-05DA20D107F8->b461a7b0-028a-4eb5-b268-b89ac225aff8@group-0C8C0AA7542A, cid=1252, SUCCESS, logIndex=1753, commits[b461a7b0-028a-4eb5-b268-b89ac225aff8:c1754, b6ff45f5-67b8-463b-a273-c2e7d9dadd75:c1750, 6a5cb75f-f7eb-4671-9a85-3b6f7898f6cc:c1750]
2019-08-28 21:29:34,746 [grpc-default-executor-6] INFO  client.GrpcClientProtocolClient (GrpcClientProtocolClient.java:onNext(255)) - client-05DA20D107F8->b461a7b0-028a-4eb5-b268-b89ac225aff8: receive RaftClientReply:client-05DA20D107F8->b461a7b0-028a-4eb5-b268-b89ac225aff8@group-0C8C0AA7542A, cid=1253, SUCCESS, logIndex=1754, commits[b461a7b0-028a-4eb5-b268-b89ac225aff8:c1754, b6ff45f5-67b8-463b-a273-c2e7d9dadd75:c1750, 6a5cb75f-f7eb-4671-9a85-3b6f7898f6cc:c1750]
2019-08-28 21:29:34,762 | INFO  | DNAudit | user=null | ip=null | op=WRITE_CHUNK {blockData=conID: 1 locID: 102696732238807508 bcsId: 1750} | ret=SUCCESS |  
2019-08-28 21:29:34,762 | INFO  | DNAudit | user=null | ip=null | op=WRITE_CHUNK {blockData=conID: 1 locID: 102696732238807508 bcsId: 1750} | ret=SUCCESS |  
2019-08-28 21:29:34,762 | INFO  | DNAudit | user=null | ip=null | op=PUT_BLOCK {blockData=[blockId=conID: 1 locID: 102696732238807508 bcsId: 0,size=4194304]} | ret=SUCCESS |  
2019-08-28 21:29:34,762 | INFO  | DNAudit | user=null | ip=null | op=PUT_BLOCK {blockData=[blockId=conID: 1 locID: 102696732238807508 bcsId: 0,size=4194304]} | ret=SUCCESS |  
2019-08-28 21:29:34,763 [grpc-default-executor-6] INFO  client.GrpcClientProtocolClient (GrpcClientProtocolClient.java:onNext(255)) - client-05DA20D107F8->b461a7b0-028a-4eb5-b268-b89ac225aff8: receive RaftClientReply:client-05DA20D107F8->b461a7b0-028a-4eb5-b268-b89ac225aff8@group-0C8C0AA7542A, cid=1254, SUCCESS, logIndex=0, commits[b461a7b0-028a-4eb5-b268-b89ac225aff8:c1755, b6ff45f5-67b8-463b-a273-c2e7d9dadd75:c1754, 6a5cb75f-f7eb-4671-9a85-3b6f7898f6cc:c1754]
2019-08-28 21:29:34,771 | INFO  | SCMAudit | user=jenkins1000 | ip=127.0.0.1 | op=ALLOCATE_BLOCK {owner=a0140aad-a474-4492-a39d-25bd6167d9f0, size=4194304, type=RATIS, factor=THREE} | ret=SUCCESS |  
2019-08-28 21:29:34,778 | INFO  | OMAudit | user=jenkins1000 | ip=127.0.0.1 | op=ALLOCATE_BLOCK {volume=vol-0-08922, bucket=bucket-0-29862, key=key-0-31337, dataSize=0, replicationType=null, replicationFactor=null, keyLocationInfo=null, clientID=102696731548516754} | ret=SUCCESS |  
2019-08-28 21:29:34,786 | INFO  | DNAudit | user=null | ip=null | op=WRITE_CHUNK {blockData=conID: 2 locID: 102696732247392725 bcsId: 0} | ret=SUCCESS |  
2019-08-28 21:29:34,789 | INFO  | DNAudit | user=null | ip=null | op=WRITE_CHUNK {blockData=conID: 2 locID: 102696732247392725 bcsId: 0} | ret=SUCCESS |  
2019-08-28 21:29:34,790 | INFO  | DNAudit | user=null | ip=null | op=WRITE_CHUNK {blockData=conID: 2 locID: 102696732247392725 bcsId: 0} | ret=SUCCESS |  
2019-08-28 21:29:34,791 | INFO  | DNAudit | user=null | ip=null | op=WRITE_CHUNK {blockData=conID: 2 locID: 102696732247392725 bcsId: 0} | ret=SUCCESS |  
2019-08-28 21:29:34,792 | INFO  | DNAudit | user=null | ip=null | op=WRITE_CHUNK {blockData=conID: 2 locID: 102696732247392725 bcsId: 0} | ret=SUCCESS |  
2019-08-28 21:29:34,793 | INFO  | DNAudit | user=null | ip=null | op=WRITE_CHUNK {blockData=conID: 2 locID: 102696732247392725 bcsId: 0} | ret=SUCCESS |  
2019-08-28 21:29:34,805 | INFO  | DNAudit | user=null | ip=null | op=WRITE_CHUNK {blockData=conID: 2 locID: 102696732247392725 bcsId: 0} | ret=SUCCESS |  
2019-08-28 21:29:34,805 | INFO  | DNAudit | user=null | ip=null | op=PUT_BLOCK {blockData=[blockId=conID: 2 locID: 102696732247392725 bcsId: 0,size=1048576]} | ret=SUCCESS |  
2019-08-28 21:29:34,806 [grpc-default-executor-2] INFO  client.GrpcClientProtocolClient (GrpcClientProtocolClient.java:onNext(255)) - client-05DA20D107F8->b461a7b0-028a-4eb5-b268-b89ac225aff8: receive RaftClientReply:client-05DA20D107F8->b461a7b0-028a-4eb5-b268-b89ac225aff8@group-0C8C0AA7542A, cid=1255, SUCCESS, logIndex=1756, commits[b461a7b0-028a-4eb5-b268-b89ac225aff8:c1757, b6ff45f5-67b8-463b-a273-c2e7d9dadd75:c1755, 6a5cb75f-f7eb-4671-9a85-3b6f7898f6cc:c1755]
2019-08-28 21:29:34,806 [grpc-default-executor-2] INFO  client.GrpcClientProtocolClient (GrpcClientProtocolClient.java:onNext(255)) - client-05DA20D107F8->b461a7b0-028a-4eb5-b268-b89ac225aff8: receive RaftClientReply:client-05DA20D107F8->b461a7b0-028a-4eb5-b268-b89ac225aff8@group-0C8C0AA7542A, cid=1256, SUCCESS, logIndex=1757, commits[b461a7b0-028a-4eb5-b268-b89ac225aff8:c1757, b6ff45f5-67b8-463b-a273-c2e7d9dadd75:c1755, 6a5cb75f-f7eb-4671-9a85-3b6f7898f6cc:c1755]
2019-08-28 21:29:34,819 | INFO  | DNAudit | user=null | ip=null | op=WRITE_CHUNK {blockData=conID: 2 locID: 102696732247392725 bcsId: 0} | ret=SUCCESS |  
2019-08-28 21:29:34,819 | INFO  | DNAudit | user=null | ip=null | op=WRITE_CHUNK {blockData=conID: 2 locID: 102696732247392725 bcsId: 0} | ret=SUCCESS |  
2019-08-28 21:29:34,819 | INFO  | DNAudit | user=null | ip=null | op=PUT_BLOCK {blockData=[blockId=conID: 2 locID: 102696732247392725 bcsId: 0,size=2097152]} | ret=SUCCESS |  
2019-08-28 21:29:34,819 | INFO  | DNAudit | user=null | ip=null | op=PUT_BLOCK {blockData=[blockId=conID: 2 locID: 102696732247392725 bcsId: 0,size=1048576]} | ret=SUCCESS |  
2019-08-28 21:29:34,820 | INFO  | DNAudit | user=null | ip=null | op=WRITE_CHUNK {blockData=conID: 2 locID: 102696732247392725 bcsId: 0} | ret=SUCCESS |  
2019-08-28 21:29:34,820 [grpc-default-executor-6] INFO  client.GrpcClientProtocolClient (GrpcClientProtocolClient.java:onNext(255)) - client-05DA20D107F8->b461a7b0-028a-4eb5-b268-b89ac225aff8: receive RaftClientReply:client-05DA20D107F8->b461a7b0-028a-4eb5-b268-b89ac225aff8@group-0C8C0AA7542A, cid=1257, SUCCESS, logIndex=1758, commits[b461a7b0-028a-4eb5-b268-b89ac225aff8:c1759, b6ff45f5-67b8-463b-a273-c2e7d9dadd75:c1755, 6a5cb75f-f7eb-4671-9a85-3b6f7898f6cc:c1755]
2019-08-28 21:29:34,820 | INFO  | DNAudit | user=null | ip=null | op=PUT_BLOCK {blockData=[blockId=conID: 2 locID: 102696732247392725 bcsId: 0,size=1048576]} | ret=SUCCESS |  
2019-08-28 21:29:34,820 | INFO  | DNAudit | user=null | ip=null | op=WRITE_CHUNK {blockData=conID: 2 locID: 102696732247392725 bcsId: 0} | ret=SUCCESS |  
2019-08-28 21:29:34,820 | INFO  | DNAudit | user=null | ip=null | op=PUT_BLOCK {blockData=[blockId=conID: 2 locID: 102696732247392725 bcsId: 0,size=2097152]} | ret=SUCCESS |  
2019-08-28 21:29:34,820 [grpc-default-executor-2] INFO  client.GrpcClientProtocolClient (GrpcClientProtocolClient.java:onNext(255)) - client-05DA20D107F8->b461a7b0-028a-4eb5-b268-b89ac225aff8: receive RaftClientReply:client-05DA20D107F8->b461a7b0-028a-4eb5-b268-b89ac225aff8@group-0C8C0AA7542A, cid=1258, SUCCESS, logIndex=1759, commits[b461a7b0-028a-4eb5-b268-b89ac225aff8:c1759, b6ff45f5-67b8-463b-a273-c2e7d9dadd75:c1757, 6a5cb75f-f7eb-4671-9a85-3b6f7898f6cc:c1755]
2019-08-28 21:29:34,821 | INFO  | DNAudit | user=null | ip=null | op=WRITE_CHUNK {blockData=conID: 2 locID: 102696732247392725 bcsId: 0} | ret=SUCCESS |  
2019-08-28 21:29:34,821 | INFO  | DNAudit | user=null | ip=null | op=PUT_BLOCK {blockData=[blockId=conID: 2 locID: 102696732247392725 bcsId: 0,size=2097152]} | ret=SUCCESS |  
2019-08-28 21:29:34,822 [grpc-default-executor-2] INFO  client.GrpcClientProtocolClient (GrpcClientProtocolClient.java:onNext(255)) - client-05DA20D107F8->b461a7b0-028a-4eb5-b268-b89ac225aff8: receive RaftClientReply:client-05DA20D107F8->b461a7b0-028a-4eb5-b268-b89ac225aff8@group-0C8C0AA7542A, cid=1259, SUCCESS, logIndex=0, commits[b461a7b0-028a-4eb5-b268-b89ac225aff8:c1763, b6ff45f5-67b8-463b-a273-c2e7d9dadd75:c1759, 6a5cb75f-f7eb-4671-9a85-3b6f7898f6cc:c1757]
2019-08-28 21:29:34,829 | INFO  | DNAudit | user=null | ip=null | op=WRITE_CHUNK {blockData=conID: 2 locID: 102696732247392725 bcsId: 1759} | ret=SUCCESS |  
2019-08-28 21:29:34,832 | INFO  | DNAudit | user=null | ip=null | op=WRITE_CHUNK {blockData=conID: 2 locID: 102696732247392725 bcsId: 1759} | ret=SUCCESS |  
2019-08-28 21:29:34,832 | INFO  | DNAudit | user=null | ip=null | op=WRITE_CHUNK {blockData=conID: 2 locID: 102696732247392725 bcsId: 1759} | ret=SUCCESS |  
2019-08-28 21:29:34,845 | INFO  | DNAudit | user=null | ip=null | op=WRITE_CHUNK {blockData=conID: 2 locID: 102696732247392725 bcsId: 1759} | ret=SUCCESS |  
2019-08-28 21:29:34,846 | INFO  | DNAudit | user=null | ip=null | op=PUT_BLOCK {blockData=[blockId=conID: 2 locID: 102696732247392725 bcsId: 0,size=3145728]} | ret=SUCCESS |  
2019-08-28 21:29:34,847 [grpc-default-executor-6] INFO  client.GrpcClientProtocolClient (GrpcClientProtocolClient.java:onNext(255)) - client-05DA20D107F8->b461a7b0-028a-4eb5-b268-b89ac225aff8: receive RaftClientReply:client-05DA20D107F8->b461a7b0-028a-4eb5-b268-b89ac225aff8@group-0C8C0AA7542A, cid=1260, SUCCESS, logIndex=1764, commits[b461a7b0-028a-4eb5-b268-b89ac225aff8:c1765, b6ff45f5-67b8-463b-a273-c2e7d9dadd75:c1763, 6a5cb75f-f7eb-4671-9a85-3b6f7898f6cc:c1763]
2019-08-28 21:29:34,847 [grpc-default-executor-6] INFO  client.GrpcClientProtocolClient (GrpcClientProtocolClient.java:onNext(255)) - client-05DA20D107F8->b461a7b0-028a-4eb5-b268-b89ac225aff8: receive RaftClientReply:client-05DA20D107F8->b461a7b0-028a-4eb5-b268-b89ac225aff8@group-0C8C0AA7542A, cid=1261, SUCCESS, logIndex=1765, commits[b461a7b0-028a-4eb5-b268-b89ac225aff8:c1765, b6ff45f5-67b8-463b-a273-c2e7d9dadd75:c1763, 6a5cb75f-f7eb-4671-9a85-3b6f7898f6cc:c1763]
2019-08-28 21:29:34,855 | INFO  | DNAudit | user=null | ip=null | op=WRITE_CHUNK {blockData=conID: 2 locID: 102696732247392725 bcsId: 1765} | ret=SUCCESS |  
2019-08-28 21:29:34,857 | INFO  | DNAudit | user=null | ip=null | op=WRITE_CHUNK {blockData=conID: 2 locID: 102696732247392725 bcsId: 1765} | ret=SUCCESS |  
2019-08-28 21:29:34,858 | INFO  | DNAudit | user=null | ip=null | op=WRITE_CHUNK {blockData=conID: 2 locID: 102696732247392725 bcsId: 1765} | ret=SUCCESS |  
2019-08-28 21:29:34,865 | INFO  | DNAudit | user=null | ip=null | op=WRITE_CHUNK {blockData=conID: 2 locID: 102696732247392725 bcsId: 1759} | ret=SUCCESS |  
2019-08-28 21:29:34,865 | INFO  | DNAudit | user=null | ip=null | op=WRITE_CHUNK {blockData=conID: 2 locID: 102696732247392725 bcsId: 1759} | ret=SUCCESS |  
2019-08-28 21:29:34,866 | INFO  | DNAudit | user=null | ip=null | op=PUT_BLOCK {blockData=[blockId=conID: 2 locID: 102696732247392725 bcsId: 0,size=3145728]} | ret=SUCCESS |  
2019-08-28 21:29:34,866 | INFO  | DNAudit | user=null | ip=null | op=PUT_BLOCK {blockData=[blockId=conID: 2 locID: 102696732247392725 bcsId: 0,size=3145728]} | ret=SUCCESS |  
2019-08-28 21:29:34,867 | INFO  | DNAudit | user=null | ip=null | op=WRITE_CHUNK {blockData=conID: 2 locID: 102696732247392725 bcsId: 1765} | ret=SUCCESS |  
2019-08-28 21:29:34,868 | INFO  | DNAudit | user=null | ip=null | op=PUT_BLOCK {blockData=[blockId=conID: 2 locID: 102696732247392725 bcsId: 0,size=4194304]} | ret=SUCCESS |  
2019-08-28 21:29:34,868 [grpc-default-executor-2] INFO  client.GrpcClientProtocolClient (GrpcClientProtocolClient.java:onNext(255)) - client-05DA20D107F8->b461a7b0-028a-4eb5-b268-b89ac225aff8: receive RaftClientReply:client-05DA20D107F8->b461a7b0-028a-4eb5-b268-b89ac225aff8@group-0C8C0AA7542A, cid=1262, SUCCESS, logIndex=1768, commits[b461a7b0-028a-4eb5-b268-b89ac225aff8:c1768, b6ff45f5-67b8-463b-a273-c2e7d9dadd75:c1765, 6a5cb75f-f7eb-4671-9a85-3b6f7898f6cc:c1765]
2019-08-28 21:29:34,868 [grpc-default-executor-2] INFO  client.GrpcClientProtocolClient (GrpcClientProtocolClient.java:onNext(255)) - client-05DA20D107F8->b461a7b0-028a-4eb5-b268-b89ac225aff8: receive RaftClientReply:client-05DA20D107F8->b461a7b0-028a-4eb5-b268-b89ac225aff8@group-0C8C0AA7542A, cid=1263, SUCCESS, logIndex=1769, commits[b461a7b0-028a-4eb5-b268-b89ac225aff8:c1769, b6ff45f5-67b8-463b-a273-c2e7d9dadd75:c1765, 6a5cb75f-f7eb-4671-9a85-3b6f7898f6cc:c1765]
2019-08-28 21:29:34,888 | INFO  | DNAudit | user=null | ip=null | op=WRITE_CHUNK {blockData=conID: 2 locID: 102696732247392725 bcsId: 1765} | ret=SUCCESS |  
2019-08-28 21:29:34,888 | INFO  | DNAudit | user=null | ip=null | op=WRITE_CHUNK {blockData=conID: 2 locID: 102696732247392725 bcsId: 1765} | ret=SUCCESS |  
2019-08-28 21:29:34,889 | INFO  | DNAudit | user=null | ip=null | op=PUT_BLOCK {blockData=[blockId=conID: 2 locID: 102696732247392725 bcsId: 0,size=4194304]} | ret=SUCCESS |  
2019-08-28 21:29:34,889 | INFO  | DNAudit | user=null | ip=null | op=PUT_BLOCK {blockData=[blockId=conID: 2 locID: 102696732247392725 bcsId: 0,size=4194304]} | ret=SUCCESS |  
2019-08-28 21:29:34,891 [grpc-default-executor-2] INFO  client.GrpcClientProtocolClient (GrpcClientProtocolClient.java:onNext(255)) - client-05DA20D107F8->b461a7b0-028a-4eb5-b268-b89ac225aff8: receive RaftClientReply:client-05DA20D107F8->b461a7b0-028a-4eb5-b268-b89ac225aff8@group-0C8C0AA7542A, cid=1264, SUCCESS, logIndex=0, commits[b461a7b0-028a-4eb5-b268-b89ac225aff8:c1771, b6ff45f5-67b8-463b-a273-c2e7d9dadd75:c1769, 6a5cb75f-f7eb-4671-9a85-3b6f7898f6cc:c1769]
2019-08-28 21:29:34,897 | INFO  | SCMAudit | user=jenkins1000 | ip=127.0.0.1 | op=ALLOCATE_BLOCK {owner=a0140aad-a474-4492-a39d-25bd6167d9f0, size=4194304, type=RATIS, factor=THREE} | ret=SUCCESS |  
2019-08-28 21:29:34,901 | INFO  | OMAudit | user=jenkins1000 | ip=127.0.0.1 | op=ALLOCATE_BLOCK {volume=vol-0-08922, bucket=bucket-0-29862, key=key-0-31337, dataSize=0, replicationType=null, replicationFactor=null, keyLocationInfo=null, clientID=102696731548516754} | ret=SUCCESS |  
2019-08-28 21:29:34,911 | INFO  | DNAudit | user=null | ip=null | op=WRITE_CHUNK {blockData=conID: 3 locID: 102696732255650262 bcsId: 0} | ret=SUCCESS |  
2019-08-28 21:29:34,916 | INFO  | DNAudit | user=null | ip=null | op=WRITE_CHUNK {blockData=conID: 3 locID: 102696732255650262 bcsId: 0} | ret=SUCCESS |  
2019-08-28 21:29:34,922 | INFO  | DNAudit | user=null | ip=null | op=WRITE_CHUNK {blockData=conID: 3 locID: 102696732255650262 bcsId: 0} | ret=SUCCESS |  
2019-08-28 21:29:34,922 | INFO  | DNAudit | user=null | ip=null | op=WRITE_CHUNK {blockData=conID: 3 locID: 102696732255650262 bcsId: 0} | ret=SUCCESS |  
2019-08-28 21:29:34,924 | INFO  | DNAudit | user=null | ip=null | op=WRITE_CHUNK {blockData=conID: 3 locID: 102696732255650262 bcsId: 0} | ret=SUCCESS |  
2019-08-28 21:29:34,926 | INFO  | DNAudit | user=null | ip=null | op=WRITE_CHUNK {blockData=conID: 3 locID: 102696732255650262 bcsId: 0} | ret=SUCCESS |  
2019-08-28 21:29:34,933 | INFO  | DNAudit | user=null | ip=null | op=WRITE_CHUNK {blockData=conID: 3 locID: 102696732255650262 bcsId: 0} | ret=SUCCESS |  
2019-08-28 21:29:34,933 | INFO  | DNAudit | user=null | ip=null | op=PUT_BLOCK {blockData=[blockId=conID: 3 locID: 102696732255650262 bcsId: 0,size=1048576]} | ret=SUCCESS |  
2019-08-28 21:29:34,933 | INFO  | DNAudit | user=null | ip=null | op=WRITE_CHUNK {blockData=conID: 3 locID: 102696732255650262 bcsId: 0} | ret=SUCCESS |  
2019-08-28 21:29:34,934 [grpc-default-executor-5] INFO  client.GrpcClientProtocolClient (GrpcClientProtocolClient.java:onNext(255)) - client-05DA20D107F8->b461a7b0-028a-4eb5-b268-b89ac225aff8: receive RaftClientReply:client-05DA20D107F8->b461a7b0-028a-4eb5-b268-b89ac225aff8@group-0C8C0AA7542A, cid=1265, SUCCESS, logIndex=1772, commits[b461a7b0-028a-4eb5-b268-b89ac225aff8:c1775, b6ff45f5-67b8-463b-a273-c2e7d9dadd75:c1771, 6a5cb75f-f7eb-4671-9a85-3b6f7898f6cc:c1771]
2019-08-28 21:29:34,934 | INFO  | DNAudit | user=null | ip=null | op=PUT_BLOCK {blockData=[blockId=conID: 3 locID: 102696732255650262 bcsId: 0,size=2097152]} | ret=SUCCESS |  
2019-08-28 21:29:34,934 [grpc-default-executor-5] INFO  client.GrpcClientProtocolClient (GrpcClientProtocolClient.java:onNext(255)) - client-05DA20D107F8->b461a7b0-028a-4eb5-b268-b89ac225aff8: receive RaftClientReply:client-05DA20D107F8->b461a7b0-028a-4eb5-b268-b89ac225aff8@group-0C8C0AA7542A, cid=1266, SUCCESS, logIndex=1773, commits[b461a7b0-028a-4eb5-b268-b89ac225aff8:c1775, b6ff45f5-67b8-463b-a273-c2e7d9dadd75:c1771, 6a5cb75f-f7eb-4671-9a85-3b6f7898f6cc:c1771]
2019-08-28 21:29:34,934 [grpc-default-executor-5] INFO  client.GrpcClientProtocolClient (GrpcClientProtocolClient.java:onNext(255)) - client-05DA20D107F8->b461a7b0-028a-4eb5-b268-b89ac225aff8: receive RaftClientReply:client-05DA20D107F8->b461a7b0-028a-4eb5-b268-b89ac225aff8@group-0C8C0AA7542A, cid=1267, SUCCESS, logIndex=1774, commits[b461a7b0-028a-4eb5-b268-b89ac225aff8:c1775, b6ff45f5-67b8-463b-a273-c2e7d9dadd75:c1771, 6a5cb75f-f7eb-4671-9a85-3b6f7898f6cc:c1771]
2019-08-28 21:29:34,935 [grpc-default-executor-5] INFO  client.GrpcClientProtocolClient (GrpcClientProtocolClient.java:onNext(255)) - client-05DA20D107F8->b461a7b0-028a-4eb5-b268-b89ac225aff8: receive RaftClientReply:client-05DA20D107F8->b461a7b0-028a-4eb5-b268-b89ac225aff8@group-0C8C0AA7542A, cid=1268, SUCCESS, logIndex=1775, commits[b461a7b0-028a-4eb5-b268-b89ac225aff8:c1775, b6ff45f5-67b8-463b-a273-c2e7d9dadd75:c1771, 6a5cb75f-f7eb-4671-9a85-3b6f7898f6cc:c1771]
2019-08-28 21:29:34,946 | INFO  | DNAudit | user=null | ip=null | op=WRITE_CHUNK {blockData=conID: 3 locID: 102696732255650262 bcsId: 0} | ret=SUCCESS |  
2019-08-28 21:29:34,947 | INFO  | DNAudit | user=null | ip=null | op=PUT_BLOCK {blockData=[blockId=conID: 3 locID: 102696732255650262 bcsId: 0,size=1048576]} | ret=SUCCESS |  
2019-08-28 21:29:34,962 | INFO  | DNAudit | user=null | ip=null | op=WRITE_CHUNK {blockData=conID: 3 locID: 102696732255650262 bcsId: 0} | ret=SUCCESS |  
2019-08-28 21:29:34,963 | INFO  | DNAudit | user=null | ip=null | op=PUT_BLOCK {blockData=[blockId=conID: 3 locID: 102696732255650262 bcsId: 0,size=1048576]} | ret=SUCCESS |  
2019-08-28 21:29:34,963 | INFO  | DNAudit | user=null | ip=null | op=WRITE_CHUNK {blockData=conID: 3 locID: 102696732255650262 bcsId: 0} | ret=SUCCESS |  
2019-08-28 21:29:34,963 | INFO  | DNAudit | user=null | ip=null | op=WRITE_CHUNK {blockData=conID: 3 locID: 102696732255650262 bcsId: 0} | ret=SUCCESS |  
2019-08-28 21:29:34,963 | INFO  | DNAudit | user=null | ip=null | op=PUT_BLOCK {blockData=[blockId=conID: 3 locID: 102696732255650262 bcsId: 0,size=2097152]} | ret=SUCCESS |  
2019-08-28 21:29:34,964 | INFO  | DNAudit | user=null | ip=null | op=PUT_BLOCK {blockData=[blockId=conID: 3 locID: 102696732255650262 bcsId: 0,size=2097152]} | ret=SUCCESS |  
2019-08-28 21:29:34,964 [grpc-default-executor-5] INFO  client.GrpcClientProtocolClient (GrpcClientProtocolClient.java:onNext(255)) - client-05DA20D107F8->b461a7b0-028a-4eb5-b268-b89ac225aff8: receive RaftClientReply:client-05DA20D107F8->b461a7b0-028a-4eb5-b268-b89ac225aff8@group-0C8C0AA7542A, cid=1269, SUCCESS, logIndex=0, commits[b461a7b0-028a-4eb5-b268-b89ac225aff8:c1776, b6ff45f5-67b8-463b-a273-c2e7d9dadd75:c1773, 6a5cb75f-f7eb-4671-9a85-3b6f7898f6cc:c1773]
2019-08-28 21:29:34,973 | INFO  | DNAudit | user=null | ip=null | op=WRITE_CHUNK {blockData=conID: 3 locID: 102696732255650262 bcsId: 1775} | ret=SUCCESS |  
2019-08-28 21:29:34,975 | INFO  | DNAudit | user=null | ip=null | op=WRITE_CHUNK {blockData=conID: 3 locID: 102696732255650262 bcsId: 1775} | ret=SUCCESS |  
2019-08-28 21:29:34,975 | INFO  | DNAudit | user=null | ip=null | op=WRITE_CHUNK {blockData=conID: 3 locID: 102696732255650262 bcsId: 1775} | ret=SUCCESS |  
2019-08-28 21:29:34,999 | INFO  | DNAudit | user=null | ip=null | op=WRITE_CHUNK {blockData=conID: 3 locID: 102696732255650262 bcsId: 1775} | ret=SUCCESS |  
2019-08-28 21:29:35,000 | INFO  | DNAudit | user=null | ip=null | op=PUT_BLOCK {blockData=[blockId=conID: 3 locID: 102696732255650262 bcsId: 0,size=3145728]} | ret=SUCCESS |  
2019-08-28 21:29:35,000 [grpc-default-executor-6] INFO  client.GrpcClientProtocolClient (GrpcClientProtocolClient.java:onNext(255)) - client-05DA20D107F8->b461a7b0-028a-4eb5-b268-b89ac225aff8: receive RaftClientReply:client-05DA20D107F8->b461a7b0-028a-4eb5-b268-b89ac225aff8@group-0C8C0AA7542A, cid=1270, SUCCESS, logIndex=1780, commits[b461a7b0-028a-4eb5-b268-b89ac225aff8:c1781, b6ff45f5-67b8-463b-a273-c2e7d9dadd75:c1779, 6a5cb75f-f7eb-4671-9a85-3b6f7898f6cc:c1779]
2019-08-28 21:29:35,000 [grpc-default-executor-6] INFO  client.GrpcClientProtocolClient (GrpcClientProtocolClient.java:onNext(255)) - client-05DA20D107F8->b461a7b0-028a-4eb5-b268-b89ac225aff8: receive RaftClientReply:client-05DA20D107F8->b461a7b0-028a-4eb5-b268-b89ac225aff8@group-0C8C0AA7542A, cid=1271, SUCCESS, logIndex=1781, commits[b461a7b0-028a-4eb5-b268-b89ac225aff8:c1781, b6ff45f5-67b8-463b-a273-c2e7d9dadd75:c1779, 6a5cb75f-f7eb-4671-9a85-3b6f7898f6cc:c1779]
2019-08-28 21:29:35,010 | INFO  | DNAudit | user=null | ip=null | op=WRITE_CHUNK {blockData=conID: 3 locID: 102696732255650262 bcsId: 1781} | ret=SUCCESS |  
2019-08-28 21:29:35,012 | INFO  | DNAudit | user=null | ip=null | op=WRITE_CHUNK {blockData=conID: 3 locID: 102696732255650262 bcsId: 1781} | ret=SUCCESS |  
2019-08-28 21:29:35,012 | INFO  | DNAudit | user=null | ip=null | op=WRITE_CHUNK {blockData=conID: 3 locID: 102696732255650262 bcsId: 1781} | ret=SUCCESS |  
2019-08-28 21:29:35,020 | INFO  | DNAudit | user=null | ip=null | op=WRITE_CHUNK {blockData=conID: 3 locID: 102696732255650262 bcsId: 1775} | ret=SUCCESS |  
2019-08-28 21:29:35,021 | INFO  | DNAudit | user=null | ip=null | op=WRITE_CHUNK {blockData=conID: 3 locID: 102696732255650262 bcsId: 1775} | ret=SUCCESS |  
2019-08-28 21:29:35,021 | INFO  | DNAudit | user=null | ip=null | op=PUT_BLOCK {blockData=[blockId=conID: 3 locID: 102696732255650262 bcsId: 0,size=3145728]} | ret=SUCCESS |  
2019-08-28 21:29:35,021 | INFO  | DNAudit | user=null | ip=null | op=PUT_BLOCK {blockData=[blockId=conID: 3 locID: 102696732255650262 bcsId: 0,size=3145728]} | ret=SUCCESS |  
2019-08-28 21:29:35,023 | INFO  | DNAudit | user=null | ip=null | op=WRITE_CHUNK {blockData=conID: 3 locID: 102696732255650262 bcsId: 1781} | ret=SUCCESS |  
2019-08-28 21:29:35,024 | INFO  | DNAudit | user=null | ip=null | op=PUT_BLOCK {blockData=[blockId=conID: 3 locID: 102696732255650262 bcsId: 0,size=4194304]} | ret=SUCCESS |  
2019-08-28 21:29:35,024 [grpc-default-executor-5] INFO  client.GrpcClientProtocolClient (GrpcClientProtocolClient.java:onNext(255)) - client-05DA20D107F8->b461a7b0-028a-4eb5-b268-b89ac225aff8: receive RaftClientReply:client-05DA20D107F8->b461a7b0-028a-4eb5-b268-b89ac225aff8@group-0C8C0AA7542A, cid=1272, SUCCESS, logIndex=1784, commits[b461a7b0-028a-4eb5-b268-b89ac225aff8:c1785, b6ff45f5-67b8-463b-a273-c2e7d9dadd75:c1781, 6a5cb75f-f7eb-4671-9a85-3b6f7898f6cc:c1781]
2019-08-28 21:29:35,025 [grpc-default-executor-5] INFO  client.GrpcClientProtocolClient (GrpcClientProtocolClient.java:onNext(255)) - client-05DA20D107F8->b461a7b0-028a-4eb5-b268-b89ac225aff8: receive RaftClientReply:client-05DA20D107F8->b461a7b0-028a-4eb5-b268-b89ac225aff8@group-0C8C0AA7542A, cid=1273, SUCCESS, logIndex=1785, commits[b461a7b0-028a-4eb5-b268-b89ac225aff8:c1785, b6ff45f5-67b8-463b-a273-c2e7d9dadd75:c1781, 6a5cb75f-f7eb-4671-9a85-3b6f7898f6cc:c1781]
2019-08-28 21:29:35,028 | INFO  | SCMAudit | user=jenkins1000 | ip=192.168.36.107 | op=SEND_HEARTBEAT {datanodeUUID=6a5cb75f-f7eb-4671-9a85-3b6f7898f6cc, command=[]} | ret=SUCCESS |  
2019-08-28 21:29:35,028 | INFO  | SCMAudit | user=jenkins1000 | ip=192.168.36.107 | op=SEND_HEARTBEAT {datanodeUUID=b6ff45f5-67b8-463b-a273-c2e7d9dadd75, command=[]} | ret=SUCCESS |  
2019-08-28 21:29:35,028 | INFO  | SCMAudit | user=jenkins1000 | ip=192.168.36.107 | op=SEND_HEARTBEAT {datanodeUUID=b461a7b0-028a-4eb5-b268-b89ac225aff8, command=[]} | ret=SUCCESS |  
2019-08-28 21:29:35,044 | INFO  | DNAudit | user=null | ip=null | op=WRITE_CHUNK {blockData=conID: 3 locID: 102696732255650262 bcsId: 1781} | ret=SUCCESS |  
2019-08-28 21:29:35,044 | INFO  | DNAudit | user=null | ip=null | op=WRITE_CHUNK {blockData=conID: 3 locID: 102696732255650262 bcsId: 1781} | ret=SUCCESS |  
2019-08-28 21:29:35,044 | INFO  | DNAudit | user=null | ip=null | op=PUT_BLOCK {blockData=[blockId=conID: 3 locID: 102696732255650262 bcsId: 0,size=4194304]} | ret=SUCCESS |  
2019-08-28 21:29:35,044 | INFO  | DNAudit | user=null | ip=null | op=PUT_BLOCK {blockData=[blockId=conID: 3 locID: 102696732255650262 bcsId: 0,size=4194304]} | ret=SUCCESS |  
2019-08-28 21:29:35,046 [grpc-default-executor-5] INFO  client.GrpcClientProtocolClient (GrpcClientProtocolClient.java:onNext(255)) - client-05DA20D107F8->b461a7b0-028a-4eb5-b268-b89ac225aff8: receive RaftClientReply:client-05DA20D107F8->b461a7b0-028a-4eb5-b268-b89ac225aff8@group-0C8C0AA7542A, cid=1274, SUCCESS, logIndex=0, commits[b461a7b0-028a-4eb5-b268-b89ac225aff8:c1786, b6ff45f5-67b8-463b-a273-c2e7d9dadd75:c1785, 6a5cb75f-f7eb-4671-9a85-3b6f7898f6cc:c1785]
2019-08-28 21:29:35,051 | INFO  | SCMAudit | user=jenkins1000 | ip=127.0.0.1 | op=ALLOCATE_BLOCK {owner=a0140aad-a474-4492-a39d-25bd6167d9f0, size=4194304, type=RATIS, factor=THREE} | ret=SUCCESS |  
2019-08-28 21:29:35,054 | INFO  | OMAudit | user=jenkins1000 | ip=127.0.0.1 | op=ALLOCATE_BLOCK {volume=vol-0-08922, bucket=bucket-0-29862, key=key-0-31337, dataSize=0, replicationType=null, replicationFactor=null, keyLocationInfo=null, clientID=102696731548516754} | ret=SUCCESS |  
2019-08-28 21:29:35,065 | INFO  | DNAudit | user=null | ip=null | op=WRITE_CHUNK {blockData=conID: 1 locID: 102696732265742807 bcsId: 0} | ret=SUCCESS |  
2019-08-28 21:29:35,068 | INFO  | DNAudit | user=null | ip=null | op=WRITE_CHUNK {blockData=conID: 1 locID: 102696732265742807 bcsId: 0} | ret=SUCCESS |  
2019-08-28 21:29:35,068 | INFO  | DNAudit | user=null | ip=null | op=WRITE_CHUNK {blockData=conID: 1 locID: 102696732265742807 bcsId: 0} | ret=SUCCESS |  
2019-08-28 21:29:35,071 | INFO  | DNAudit | user=null | ip=null | op=WRITE_CHUNK {blockData=conID: 1 locID: 102696732265742807 bcsId: 0} | ret=SUCCESS |  
2019-08-28 21:29:35,071 | INFO  | DNAudit | user=null | ip=null | op=WRITE_CHUNK {blockData=conID: 1 locID: 102696732265742807 bcsId: 0} | ret=SUCCESS |  
2019-08-28 21:29:35,072 | INFO  | DNAudit | user=null | ip=null | op=WRITE_CHUNK {blockData=conID: 1 locID: 102696732265742807 bcsId: 0} | ret=SUCCESS |  
2019-08-28 21:29:35,076 | INFO  | DNAudit | user=null | ip=null | op=WRITE_CHUNK {blockData=conID: 1 locID: 102696732265742807 bcsId: 0} | ret=SUCCESS |  
2019-08-28 21:29:35,076 | INFO  | DNAudit | user=null | ip=null | op=PUT_BLOCK {blockData=[blockId=conID: 1 locID: 102696732265742807 bcsId: 0,size=1048576]} | ret=SUCCESS |  
2019-08-28 21:29:35,076 [grpc-default-executor-6] INFO  client.GrpcClientProtocolClient (GrpcClientProtocolClient.java:onNext(255)) - client-05DA20D107F8->b461a7b0-028a-4eb5-b268-b89ac225aff8: receive RaftClientReply:client-05DA20D107F8->b461a7b0-028a-4eb5-b268-b89ac225aff8@group-0C8C0AA7542A, cid=1275, SUCCESS, logIndex=1788, commits[b461a7b0-028a-4eb5-b268-b89ac225aff8:c1789, b6ff45f5-67b8-463b-a273-c2e7d9dadd75:c1787, 6a5cb75f-f7eb-4671-9a85-3b6f7898f6cc:c1787]
2019-08-28 21:29:35,077 [grpc-default-executor-6] INFO  client.GrpcClientProtocolClient (GrpcClientProtocolClient.java:onNext(255)) - client-05DA20D107F8->b461a7b0-028a-4eb5-b268-b89ac225aff8: receive RaftClientReply:client-05DA20D107F8->b461a7b0-028a-4eb5-b268-b89ac225aff8@group-0C8C0AA7542A, cid=1276, SUCCESS, logIndex=1789, commits[b461a7b0-028a-4eb5-b268-b89ac225aff8:c1789, b6ff45f5-67b8-463b-a273-c2e7d9dadd75:c1787, 6a5cb75f-f7eb-4671-9a85-3b6f7898f6cc:c1787]
2019-08-28 21:29:35,094 | INFO  | DNAudit | user=null | ip=null | op=WRITE_CHUNK {blockData=conID: 1 locID: 102696732265742807 bcsId: 0} | ret=SUCCESS |  
2019-08-28 21:29:35,094 | INFO  | DNAudit | user=null | ip=null | op=PUT_BLOCK {blockData=[blockId=conID: 1 locID: 102696732265742807 bcsId: 0,size=2097152]} | ret=SUCCESS |  
2019-08-28 21:29:35,095 [grpc-default-executor-6] INFO  client.GrpcClientProtocolClient (GrpcClientProtocolClient.java:onNext(255)) - client-05DA20D107F8->b461a7b0-028a-4eb5-b268-b89ac225aff8: receive RaftClientReply:client-05DA20D107F8->b461a7b0-028a-4eb5-b268-b89ac225aff8@group-0C8C0AA7542A, cid=1277, SUCCESS, logIndex=1790, commits[b461a7b0-028a-4eb5-b268-b89ac225aff8:c1791, b6ff45f5-67b8-463b-a273-c2e7d9dadd75:c1787, 6a5cb75f-f7eb-4671-9a85-3b6f7898f6cc:c1787]
2019-08-28 21:29:35,095 [grpc-default-executor-6] INFO  client.GrpcClientProtocolClient (GrpcClientProtocolClient.java:onNext(255)) - client-05DA20D107F8->b461a7b0-028a-4eb5-b268-b89ac225aff8: receive RaftClientReply:client-05DA20D107F8->b461a7b0-028a-4eb5-b268-b89ac225aff8@group-0C8C0AA7542A, cid=1278, SUCCESS, logIndex=1791, commits[b461a7b0-028a-4eb5-b268-b89ac225aff8:c1791, b6ff45f5-67b8-463b-a273-c2e7d9dadd75:c1787, 6a5cb75f-f7eb-4671-9a85-3b6f7898f6cc:c1787]
 0.00% |█                                                                                                    |  0/1 Time: 0:00:112019-08-28 21:29:35,096 | INFO  | DNAudit | user=null | ip=null | op=WRITE_CHUNK {blockData=conID: 1 locID: 102696732265742807 bcsId: 0} | ret=SUCCESS |  
2019-08-28 21:29:35,096 | INFO  | DNAudit | user=null | ip=null | op=PUT_BLOCK {blockData=[blockId=conID: 1 locID: 102696732265742807 bcsId: 0,size=1048576]} | ret=SUCCESS |  
2019-08-28 21:29:35,097 | INFO  | DNAudit | user=null | ip=null | op=WRITE_CHUNK {blockData=conID: 1 locID: 102696732265742807 bcsId: 0} | ret=SUCCESS |  
2019-08-28 21:29:35,097 | INFO  | DNAudit | user=null | ip=null | op=PUT_BLOCK {blockData=[blockId=conID: 1 locID: 102696732265742807 bcsId: 0,size=2097152]} | ret=SUCCESS |  
2019-08-28 21:29:35,097 [grpc-default-executor-5] INFO  client.GrpcClientProtocolClient (GrpcClientProtocolClient.java:onNext(255)) - client-05DA20D107F8->b461a7b0-028a-4eb5-b268-b89ac225aff8: receive RaftClientReply:client-05DA20D107F8->b461a7b0-028a-4eb5-b268-b89ac225aff8@group-0C8C0AA7542A, cid=1279, SUCCESS, logIndex=0, commits[b461a7b0-028a-4eb5-b268-b89ac225aff8:c1794, b6ff45f5-67b8-463b-a273-c2e7d9dadd75:c1789, 6a5cb75f-f7eb-4671-9a85-3b6f7898f6cc:c1791]
2019-08-28 21:29:35,105 | INFO  | DNAudit | user=null | ip=null | op=WRITE_CHUNK {blockData=conID: 1 locID: 102696732265742807 bcsId: 1791} | ret=SUCCESS |  
2019-08-28 21:29:35,108 | INFO  | DNAudit | user=null | ip=null | op=WRITE_CHUNK {blockData=conID: 1 locID: 102696732265742807 bcsId: 1791} | ret=SUCCESS |  
2019-08-28 21:29:35,108 | INFO  | DNAudit | user=null | ip=null | op=WRITE_CHUNK {blockData=conID: 1 locID: 102696732265742807 bcsId: 1791} | ret=SUCCESS |  
2019-08-28 21:29:35,108 | INFO  | DNAudit | user=null | ip=null | op=WRITE_CHUNK {blockData=conID: 1 locID: 102696732265742807 bcsId: 0} | ret=SUCCESS |  
2019-08-28 21:29:35,109 | INFO  | DNAudit | user=null | ip=null | op=PUT_BLOCK {blockData=[blockId=conID: 1 locID: 102696732265742807 bcsId: 0,size=1048576]} | ret=SUCCESS |  
2019-08-28 21:29:35,109 | INFO  | DNAudit | user=null | ip=null | op=WRITE_CHUNK {blockData=conID: 1 locID: 102696732265742807 bcsId: 0} | ret=SUCCESS |  
2019-08-28 21:29:35,109 | INFO  | DNAudit | user=null | ip=null | op=PUT_BLOCK {blockData=[blockId=conID: 1 locID: 102696732265742807 bcsId: 0,size=2097152]} | ret=SUCCESS |  
2019-08-28 21:29:35,119 | INFO  | DNAudit | user=null | ip=null | op=WRITE_CHUNK {blockData=conID: 1 locID: 102696732265742807 bcsId: 1791} | ret=SUCCESS |  
2019-08-28 21:29:35,120 | INFO  | DNAudit | user=null | ip=null | op=PUT_BLOCK {blockData=[blockId=conID: 1 locID: 102696732265742807 bcsId: 0,size=3145728]} | ret=SUCCESS |  
2019-08-28 21:29:35,120 [grpc-default-executor-5] INFO  client.GrpcClientProtocolClient (GrpcClientProtocolClient.java:onNext(255)) - client-05DA20D107F8->b461a7b0-028a-4eb5-b268-b89ac225aff8: receive RaftClientReply:client-05DA20D107F8->b461a7b0-028a-4eb5-b268-b89ac225aff8@group-0C8C0AA7542A, cid=1280, SUCCESS, logIndex=1795, commits[b461a7b0-028a-4eb5-b268-b89ac225aff8:c1796, b6ff45f5-67b8-463b-a273-c2e7d9dadd75:c1794, 6a5cb75f-f7eb-4671-9a85-3b6f7898f6cc:c1794]
2019-08-28 21:29:35,121 [grpc-default-executor-5] INFO  client.GrpcClientProtocolClient (GrpcClientProtocolClient.java:onNext(255)) - client-05DA20D107F8->b461a7b0-028a-4eb5-b268-b89ac225aff8: receive RaftClientReply:client-05DA20D107F8->b461a7b0-028a-4eb5-b268-b89ac225aff8@group-0C8C0AA7542A, cid=1281, SUCCESS, logIndex=1796, commits[b461a7b0-028a-4eb5-b268-b89ac225aff8:c1796, b6ff45f5-67b8-463b-a273-c2e7d9dadd75:c1794, 6a5cb75f-f7eb-4671-9a85-3b6f7898f6cc:c1794]
2019-08-28 21:29:35,128 | INFO  | DNAudit | user=null | ip=null | op=WRITE_CHUNK {blockData=conID: 1 locID: 102696732265742807 bcsId: 1796} | ret=SUCCESS |  
2019-08-28 21:29:35,290 | INFO  | DNAudit | user=null | ip=null | op=WRITE_CHUNK {blockData=conID: 1 locID: 102696732265742807 bcsId: 1791} | ret=SUCCESS |  
2019-08-28 21:29:35,290 | INFO  | DNAudit | user=null | ip=null | op=WRITE_CHUNK {blockData=conID: 1 locID: 102696732265742807 bcsId: 1791} | ret=SUCCESS |  
2019-08-28 21:29:35,290 | INFO  | DNAudit | user=null | ip=null | op=PUT_BLOCK {blockData=[blockId=conID: 1 locID: 102696732265742807 bcsId: 0,size=3145728]} | ret=SUCCESS |  
2019-08-28 21:29:35,290 | INFO  | DNAudit | user=null | ip=null | op=PUT_BLOCK {blockData=[blockId=conID: 1 locID: 102696732265742807 bcsId: 0,size=3145728]} | ret=SUCCESS |  
2019-08-28 21:29:35,291 | INFO  | DNAudit | user=null | ip=null | op=WRITE_CHUNK {blockData=conID: 1 locID: 102696732265742807 bcsId: 1796} | ret=SUCCESS |  
2019-08-28 21:29:35,291 | INFO  | DNAudit | user=null | ip=null | op=WRITE_CHUNK {blockData=conID: 1 locID: 102696732265742807 bcsId: 1796} | ret=SUCCESS |  
2019-08-28 21:29:35,299 | INFO  | DNAudit | user=null | ip=null | op=WRITE_CHUNK {blockData=conID: 1 locID: 102696732265742807 bcsId: 1796} | ret=SUCCESS |  
2019-08-28 21:29:35,300 | INFO  | DNAudit | user=null | ip=null | op=PUT_BLOCK {blockData=[blockId=conID: 1 locID: 102696732265742807 bcsId: 0,size=4194304]} | ret=SUCCESS |  
2019-08-28 21:29:35,300 [grpc-default-executor-5] INFO  client.GrpcClientProtocolClient (GrpcClientProtocolClient.java:onNext(255)) - client-05DA20D107F8->b461a7b0-028a-4eb5-b268-b89ac225aff8: receive RaftClientReply:client-05DA20D107F8->b461a7b0-028a-4eb5-b268-b89ac225aff8@group-0C8C0AA7542A, cid=1282, SUCCESS, logIndex=1799, commits[b461a7b0-028a-4eb5-b268-b89ac225aff8:c1800, b6ff45f5-67b8-463b-a273-c2e7d9dadd75:c1796, 6a5cb75f-f7eb-4671-9a85-3b6f7898f6cc:c1796]
2019-08-28 21:29:35,301 [grpc-default-executor-5] INFO  client.GrpcClientProtocolClient (GrpcClientProtocolClient.java:onNext(255)) - client-05DA20D107F8->b461a7b0-028a-4eb5-b268-b89ac225aff8: receive RaftClientReply:client-05DA20D107F8->b461a7b0-028a-4eb5-b268-b89ac225aff8@group-0C8C0AA7542A, cid=1283, SUCCESS, logIndex=1800, commits[b461a7b0-028a-4eb5-b268-b89ac225aff8:c1800, b6ff45f5-67b8-463b-a273-c2e7d9dadd75:c1796, 6a5cb75f-f7eb-4671-9a85-3b6f7898f6cc:c1796]
2019-08-28 21:29:35,318 | INFO  | DNAudit | user=null | ip=null | op=WRITE_CHUNK {blockData=conID: 1 locID: 102696732265742807 bcsId: 1796} | ret=SUCCESS |  
2019-08-28 21:29:35,318 | INFO  | DNAudit | user=null | ip=null | op=WRITE_CHUNK {blockData=conID: 1 locID: 102696732265742807 bcsId: 1796} | ret=SUCCESS |  
2019-08-28 21:29:35,318 | INFO  | DNAudit | user=null | ip=null | op=PUT_BLOCK {blockData=[blockId=conID: 1 locID: 102696732265742807 bcsId: 0,size=4194304]} | ret=SUCCESS |  
2019-08-28 21:29:35,319 | INFO  | DNAudit | user=null | ip=null | op=PUT_BLOCK {blockData=[blockId=conID: 1 locID: 102696732265742807 bcsId: 0,size=4194304]} | ret=SUCCESS |  
2019-08-28 21:29:35,320 [grpc-default-executor-5] INFO  client.GrpcClientProtocolClient (GrpcClientProtocolClient.java:onNext(255)) - client-05DA20D107F8->b461a7b0-028a-4eb5-b268-b89ac225aff8: receive RaftClientReply:client-05DA20D107F8->b461a7b0-028a-4eb5-b268-b89ac225aff8@group-0C8C0AA7542A, cid=1284, SUCCESS, logIndex=0, commits[b461a7b0-028a-4eb5-b268-b89ac225aff8:c1801, b6ff45f5-67b8-463b-a273-c2e7d9dadd75:c1800, 6a5cb75f-f7eb-4671-9a85-3b6f7898f6cc:c1800]
2019-08-28 21:29:35,325 | INFO  | SCMAudit | user=jenkins1000 | ip=127.0.0.1 | op=ALLOCATE_BLOCK {owner=a0140aad-a474-4492-a39d-25bd6167d9f0, size=4194304, type=RATIS, factor=THREE} | ret=SUCCESS |  
2019-08-28 21:29:35,330 | INFO  | OMAudit | user=jenkins1000 | ip=127.0.0.1 | op=ALLOCATE_BLOCK {volume=vol-0-08922, bucket=bucket-0-29862, key=key-0-31337, dataSize=0, replicationType=null, replicationFactor=null, keyLocationInfo=null, clientID=102696731548516754} | ret=SUCCESS |  
2019-08-28 21:29:35,339 | INFO  | DNAudit | user=null | ip=null | op=WRITE_CHUNK {blockData=conID: 2 locID: 102696732283699672 bcsId: 0} | ret=SUCCESS |  
2019-08-28 21:29:35,343 | INFO  | DNAudit | user=null | ip=null | op=WRITE_CHUNK {blockData=conID: 2 locID: 102696732283699672 bcsId: 0} | ret=SUCCESS |  
2019-08-28 21:29:35,344 | INFO  | DNAudit | user=null | ip=null | op=WRITE_CHUNK {blockData=conID: 2 locID: 102696732283699672 bcsId: 0} | ret=SUCCESS |  
2019-08-28 21:29:35,345 | INFO  | DNAudit | user=null | ip=null | op=WRITE_CHUNK {blockData=conID: 2 locID: 102696732283699672 bcsId: 0} | ret=SUCCESS |  
2019-08-28 21:29:35,347 | INFO  | DNAudit | user=null | ip=null | op=WRITE_CHUNK {blockData=conID: 2 locID: 102696732283699672 bcsId: 0} | ret=SUCCESS |  
2019-08-28 21:29:35,347 | INFO  | DNAudit | user=null | ip=null | op=WRITE_CHUNK {blockData=conID: 2 locID: 102696732283699672 bcsId: 0} | ret=SUCCESS |  
2019-08-28 21:29:35,357 | INFO  | DNAudit | user=null | ip=null | op=WRITE_CHUNK {blockData=conID: 2 locID: 102696732283699672 bcsId: 0} | ret=SUCCESS |  
2019-08-28 21:29:35,358 | INFO  | DNAudit | user=null | ip=null | op=PUT_BLOCK {blockData=[blockId=conID: 2 locID: 102696732283699672 bcsId: 0,size=1048576]} | ret=SUCCESS |  
2019-08-28 21:29:35,358 [grpc-default-executor-3] INFO  client.GrpcClientProtocolClient (GrpcClientProtocolClient.java:onNext(255)) - client-05DA20D107F8->b461a7b0-028a-4eb5-b268-b89ac225aff8: receive RaftClientReply:client-05DA20D107F8->b461a7b0-028a-4eb5-b268-b89ac225aff8@group-0C8C0AA7542A, cid=1285, SUCCESS, logIndex=1803, commits[b461a7b0-028a-4eb5-b268-b89ac225aff8:c1804, b6ff45f5-67b8-463b-a273-c2e7d9dadd75:c1800, 6a5cb75f-f7eb-4671-9a85-3b6f7898f6cc:c1802]
2019-08-28 21:29:35,359 [grpc-default-executor-3] INFO  client.GrpcClientProtocolClient (GrpcClientProtocolClient.java:onNext(255)) - client-05DA20D107F8->b461a7b0-028a-4eb5-b268-b89ac225aff8: receive RaftClientReply:client-05DA20D107F8->b461a7b0-028a-4eb5-b268-b89ac225aff8@group-0C8C0AA7542A, cid=1286, SUCCESS, logIndex=1804, commits[b461a7b0-028a-4eb5-b268-b89ac225aff8:c1804, b6ff45f5-67b8-463b-a273-c2e7d9dadd75:c1800, 6a5cb75f-f7eb-4671-9a85-3b6f7898f6cc:c1802]
2019-08-28 21:29:35,372 | INFO  | DNAudit | user=null | ip=null | op=WRITE_CHUNK {blockData=conID: 2 locID: 102696732283699672 bcsId: 0} | ret=SUCCESS |  
2019-08-28 21:29:35,372 | INFO  | DNAudit | user=null | ip=null | op=WRITE_CHUNK {blockData=conID: 2 locID: 102696732283699672 bcsId: 0} | ret=SUCCESS |  
2019-08-28 21:29:35,373 | INFO  | DNAudit | user=null | ip=null | op=PUT_BLOCK {blockData=[blockId=conID: 2 locID: 102696732283699672 bcsId: 0,size=1048576]} | ret=SUCCESS |  
2019-08-28 21:29:35,373 | INFO  | DNAudit | user=null | ip=null | op=PUT_BLOCK {blockData=[blockId=conID: 2 locID: 102696732283699672 bcsId: 0,size=2097152]} | ret=SUCCESS |  
2019-08-28 21:29:35,373 | INFO  | DNAudit | user=null | ip=null | op=WRITE_CHUNK {blockData=conID: 2 locID: 102696732283699672 bcsId: 0} | ret=SUCCESS |  
2019-08-28 21:29:35,373 | INFO  | DNAudit | user=null | ip=null | op=PUT_BLOCK {blockData=[blockId=conID: 2 locID: 102696732283699672 bcsId: 0,size=1048576]} | ret=SUCCESS |  
2019-08-28 21:29:35,373 [grpc-default-executor-2] INFO  client.GrpcClientProtocolClient (GrpcClientProtocolClient.java:onNext(255)) - client-05DA20D107F8->b461a7b0-028a-4eb5-b268-b89ac225aff8: receive RaftClientReply:client-05DA20D107F8->b461a7b0-028a-4eb5-b268-b89ac225aff8@group-0C8C0AA7542A, cid=1287, SUCCESS, logIndex=1805, commits[b461a7b0-028a-4eb5-b268-b89ac225aff8:c1806, b6ff45f5-67b8-463b-a273-c2e7d9dadd75:c1802, 6a5cb75f-f7eb-4671-9a85-3b6f7898f6cc:c1802]
2019-08-28 21:29:35,374 | INFO  | DNAudit | user=null | ip=null | op=WRITE_CHUNK {blockData=conID: 2 locID: 102696732283699672 bcsId: 0} | ret=SUCCESS |  
2019-08-28 21:29:35,374 [grpc-default-executor-2] INFO  client.GrpcClientProtocolClient (GrpcClientProtocolClient.java:onNext(255)) - client-05DA20D107F8->b461a7b0-028a-4eb5-b268-b89ac225aff8: receive RaftClientReply:client-05DA20D107F8->b461a7b0-028a-4eb5-b268-b89ac225aff8@group-0C8C0AA7542A, cid=1288, SUCCESS, logIndex=1806, commits[b461a7b0-028a-4eb5-b268-b89ac225aff8:c1808, b6ff45f5-67b8-463b-a273-c2e7d9dadd75:c1804, 6a5cb75f-f7eb-4671-9a85-3b6f7898f6cc:c1804]
2019-08-28 21:29:35,374 | INFO  | DNAudit | user=null | ip=null | op=PUT_BLOCK {blockData=[blockId=conID: 2 locID: 102696732283699672 bcsId: 0,size=2097152]} | ret=SUCCESS |  
2019-08-28 21:29:35,374 | INFO  | DNAudit | user=null | ip=null | op=WRITE_CHUNK {blockData=conID: 2 locID: 102696732283699672 bcsId: 0} | ret=SUCCESS |  
2019-08-28 21:29:35,375 | INFO  | DNAudit | user=null | ip=null | op=PUT_BLOCK {blockData=[blockId=conID: 2 locID: 102696732283699672 bcsId: 0,size=2097152]} | ret=SUCCESS |  
2019-08-28 21:29:35,382 | INFO  | DNAudit | user=null | ip=null | op=WRITE_CHUNK {blockData=conID: 2 locID: 102696732283699672 bcsId: 1806} | ret=SUCCESS |  
2019-08-28 21:29:35,385 | INFO  | DNAudit | user=null | ip=null | op=WRITE_CHUNK {blockData=conID: 2 locID: 102696732283699672 bcsId: 1806} | ret=SUCCESS |  
2019-08-28 21:29:35,386 | INFO  | DNAudit | user=null | ip=null | op=WRITE_CHUNK {blockData=conID: 2 locID: 102696732283699672 bcsId: 1806} | ret=SUCCESS |  
2019-08-28 21:29:35,391 | INFO  | DNAudit | user=null | ip=null | op=WRITE_CHUNK {blockData=conID: 2 locID: 102696732283699672 bcsId: 1806} | ret=SUCCESS |  
2019-08-28 21:29:35,392 | INFO  | DNAudit | user=null | ip=null | op=PUT_BLOCK {blockData=[blockId=conID: 2 locID: 102696732283699672 bcsId: 0,size=3145728]} | ret=SUCCESS |  
2019-08-28 21:29:35,392 [grpc-default-executor-2] INFO  client.GrpcClientProtocolClient (GrpcClientProtocolClient.java:onNext(255)) - client-05DA20D107F8->b461a7b0-028a-4eb5-b268-b89ac225aff8: receive RaftClientReply:client-05DA20D107F8->b461a7b0-028a-4eb5-b268-b89ac225aff8@group-0C8C0AA7542A, cid=1289, SUCCESS, logIndex=1811, commits[b461a7b0-028a-4eb5-b268-b89ac225aff8:c1812, b6ff45f5-67b8-463b-a273-c2e7d9dadd75:c1806, 6a5cb75f-f7eb-4671-9a85-3b6f7898f6cc:c1810]
2019-08-28 21:29:35,392 [grpc-default-executor-2] INFO  client.GrpcClientProtocolClient (GrpcClientProtocolClient.java:onNext(255)) - client-05DA20D107F8->b461a7b0-028a-4eb5-b268-b89ac225aff8: receive RaftClientReply:client-05DA20D107F8->b461a7b0-028a-4eb5-b268-b89ac225aff8@group-0C8C0AA7542A, cid=1290, SUCCESS, logIndex=1812, commits[b461a7b0-028a-4eb5-b268-b89ac225aff8:c1812, b6ff45f5-67b8-463b-a273-c2e7d9dadd75:c1806, 6a5cb75f-f7eb-4671-9a85-3b6f7898f6cc:c1810]
2019-08-28 21:29:35,400 | INFO  | DNAudit | user=null | ip=null | op=WRITE_CHUNK {blockData=conID: 2 locID: 102696732283699672 bcsId: 1812} | ret=SUCCESS |  
2019-08-28 21:29:35,403 | INFO  | DNAudit | user=null | ip=null | op=WRITE_CHUNK {blockData=conID: 2 locID: 102696732283699672 bcsId: 1812} | ret=SUCCESS |  
2019-08-28 21:29:35,404 | INFO  | DNAudit | user=null | ip=null | op=WRITE_CHUNK {blockData=conID: 2 locID: 102696732283699672 bcsId: 1812} | ret=SUCCESS |  
2019-08-28 21:29:35,411 | INFO  | DNAudit | user=null | ip=null | op=WRITE_CHUNK {blockData=conID: 2 locID: 102696732283699672 bcsId: 1806} | ret=SUCCESS |  
2019-08-28 21:29:35,423 | INFO  | DNAudit | user=null | ip=null | op=PUT_BLOCK {blockData=[blockId=conID: 2 locID: 102696732283699672 bcsId: 0,size=3145728]} | ret=SUCCESS |  
2019-08-28 21:29:35,424 | INFO  | DNAudit | user=null | ip=null | op=WRITE_CHUNK {blockData=conID: 2 locID: 102696732283699672 bcsId: 1806} | ret=SUCCESS |  
2019-08-28 21:29:35,424 | INFO  | DNAudit | user=null | ip=null | op=WRITE_CHUNK {blockData=conID: 2 locID: 102696732283699672 bcsId: 1812} | ret=SUCCESS |  
2019-08-28 21:29:35,424 | INFO  | DNAudit | user=null | ip=null | op=PUT_BLOCK {blockData=[blockId=conID: 2 locID: 102696732283699672 bcsId: 0,size=3145728]} | ret=SUCCESS |  
2019-08-28 21:29:35,425 | INFO  | DNAudit | user=null | ip=null | op=PUT_BLOCK {blockData=[blockId=conID: 2 locID: 102696732283699672 bcsId: 0,size=4194304]} | ret=SUCCESS |  
2019-08-28 21:29:35,425 [grpc-default-executor-3] INFO  client.GrpcClientProtocolClient (GrpcClientProtocolClient.java:onNext(255)) - client-05DA20D107F8->b461a7b0-028a-4eb5-b268-b89ac225aff8: receive RaftClientReply:client-05DA20D107F8->b461a7b0-028a-4eb5-b268-b89ac225aff8@group-0C8C0AA7542A, cid=1291, SUCCESS, logIndex=1814, commits[b461a7b0-028a-4eb5-b268-b89ac225aff8:c1815, b6ff45f5-67b8-463b-a273-c2e7d9dadd75:c1812, 6a5cb75f-f7eb-4671-9a85-3b6f7898f6cc:c1812]
2019-08-28 21:29:35,425 [grpc-default-executor-3] INFO  client.GrpcClientProtocolClient (GrpcClientProtocolClient.java:onNext(255)) - client-05DA20D107F8->b461a7b0-028a-4eb5-b268-b89ac225aff8: receive RaftClientReply:client-05DA20D107F8->b461a7b0-028a-4eb5-b268-b89ac225aff8@group-0C8C0AA7542A, cid=1292, SUCCESS, logIndex=1815, commits[b461a7b0-028a-4eb5-b268-b89ac225aff8:c1815, b6ff45f5-67b8-463b-a273-c2e7d9dadd75:c1812, 6a5cb75f-f7eb-4671-9a85-3b6f7898f6cc:c1812]
2019-08-28 21:29:35,429 | INFO  | SCMAudit | user=jenkins1000 | ip=192.168.36.107 | op=SEND_HEARTBEAT {datanodeUUID=af4986ea-80d8-4c92-96d2-2b3929a4248a, command=[]} | ret=SUCCESS |  
2019-08-28 21:29:35,429 | INFO  | SCMAudit | user=jenkins1000 | ip=192.168.36.107 | op=SEND_HEARTBEAT {datanodeUUID=68f89a68-6a96-4cde-8528-8617611d459d, command=[]} | ret=SUCCESS |  
2019-08-28 21:29:35,431 | INFO  | DNAudit | user=null | ip=null | op=WRITE_CHUNK {blockData=conID: 2 locID: 102696732283699672 bcsId: 1812} | ret=SUCCESS |  
2019-08-28 21:29:35,432 | INFO  | DNAudit | user=null | ip=null | op=WRITE_CHUNK {blockData=conID: 2 locID: 102696732283699672 bcsId: 1812} | ret=SUCCESS |  
2019-08-28 21:29:35,432 | INFO  | DNAudit | user=null | ip=null | op=PUT_BLOCK {blockData=[blockId=conID: 2 locID: 102696732283699672 bcsId: 0,size=4194304]} | ret=SUCCESS |  
2019-08-28 21:29:35,432 | INFO  | DNAudit | user=null | ip=null | op=PUT_BLOCK {blockData=[blockId=conID: 2 locID: 102696732283699672 bcsId: 0,size=4194304]} | ret=SUCCESS |  
2019-08-28 21:29:35,433 [grpc-default-executor-3] INFO  client.GrpcClientProtocolClient (GrpcClientProtocolClient.java:onNext(255)) - client-05DA20D107F8->b461a7b0-028a-4eb5-b268-b89ac225aff8: receive RaftClientReply:client-05DA20D107F8->b461a7b0-028a-4eb5-b268-b89ac225aff8@group-0C8C0AA7542A, cid=1293, SUCCESS, logIndex=0, commits[b461a7b0-028a-4eb5-b268-b89ac225aff8:c1817, b6ff45f5-67b8-463b-a273-c2e7d9dadd75:c1815, 6a5cb75f-f7eb-4671-9a85-3b6f7898f6cc:c1815]
2019-08-28 21:29:35,439 | INFO  | SCMAudit | user=jenkins1000 | ip=127.0.0.1 | op=ALLOCATE_BLOCK {owner=a0140aad-a474-4492-a39d-25bd6167d9f0, size=4194304, type=RATIS, factor=THREE} | ret=SUCCESS |  
2019-08-28 21:29:35,443 | INFO  | OMAudit | user=jenkins1000 | ip=127.0.0.1 | op=ALLOCATE_BLOCK {volume=vol-0-08922, bucket=bucket-0-29862, key=key-0-31337, dataSize=0, replicationType=null, replicationFactor=null, keyLocationInfo=null, clientID=102696731548516754} | ret=SUCCESS |  
2019-08-28 21:29:35,451 | INFO  | DNAudit | user=null | ip=null | op=WRITE_CHUNK {blockData=conID: 3 locID: 102696732291170777 bcsId: 0} | ret=SUCCESS |  
2019-08-28 21:29:35,453 | INFO  | DNAudit | user=null | ip=null | op=WRITE_CHUNK {blockData=conID: 3 locID: 102696732291170777 bcsId: 0} | ret=SUCCESS |  
2019-08-28 21:29:35,454 | INFO  | DNAudit | user=null | ip=null | op=WRITE_CHUNK {blockData=conID: 3 locID: 102696732291170777 bcsId: 0} | ret=SUCCESS |  
2019-08-28 21:29:35,455 | INFO  | DNAudit | user=null | ip=null | op=WRITE_CHUNK {blockData=conID: 3 locID: 102696732291170777 bcsId: 0} | ret=SUCCESS |  
2019-08-28 21:29:35,456 | INFO  | DNAudit | user=null | ip=null | op=WRITE_CHUNK {blockData=conID: 3 locID: 102696732291170777 bcsId: 0} | ret=SUCCESS |  
2019-08-28 21:29:35,456 | INFO  | DNAudit | user=null | ip=null | op=WRITE_CHUNK {blockData=conID: 3 locID: 102696732291170777 bcsId: 0} | ret=SUCCESS |  
2019-08-28 21:29:35,464 | INFO  | DNAudit | user=null | ip=null | op=WRITE_CHUNK {blockData=conID: 3 locID: 102696732291170777 bcsId: 0} | ret=SUCCESS |  
2019-08-28 21:29:35,464 | INFO  | DNAudit | user=null | ip=null | op=PUT_BLOCK {blockData=[blockId=conID: 3 locID: 102696732291170777 bcsId: 0,size=1048576]} | ret=SUCCESS |  
2019-08-28 21:29:35,464 | INFO  | DNAudit | user=null | ip=null | op=WRITE_CHUNK {blockData=conID: 3 locID: 102696732291170777 bcsId: 0} | ret=SUCCESS |  
2019-08-28 21:29:35,464 [grpc-default-executor-6] INFO  client.GrpcClientProtocolClient (GrpcClientProtocolClient.java:onNext(255)) - client-05DA20D107F8->b461a7b0-028a-4eb5-b268-b89ac225aff8: receive RaftClientReply:client-05DA20D107F8->b461a7b0-028a-4eb5-b268-b89ac225aff8@group-0C8C0AA7542A, cid=1294, SUCCESS, logIndex=1818, commits[b461a7b0-028a-4eb5-b268-b89ac225aff8:c1819, b6ff45f5-67b8-463b-a273-c2e7d9dadd75:c1817, 6a5cb75f-f7eb-4671-9a85-3b6f7898f6cc:c1815]
2019-08-28 21:29:35,465 | INFO  | DNAudit | user=null | ip=null | op=PUT_BLOCK {blockData=[blockId=conID: 3 locID: 102696732291170777 bcsId: 0,size=2097152]} | ret=SUCCESS |  
2019-08-28 21:29:35,465 [grpc-default-executor-6] INFO  client.GrpcClientProtocolClient (GrpcClientProtocolClient.java:onNext(255)) - client-05DA20D107F8->b461a7b0-028a-4eb5-b268-b89ac225aff8: receive RaftClientReply:client-05DA20D107F8->b461a7b0-028a-4eb5-b268-b89ac225aff8@group-0C8C0AA7542A, cid=1295, SUCCESS, logIndex=1819, commits[b461a7b0-028a-4eb5-b268-b89ac225aff8:c1821, b6ff45f5-67b8-463b-a273-c2e7d9dadd75:c1817, 6a5cb75f-f7eb-4671-9a85-3b6f7898f6cc:c1817]
2019-08-28 21:29:35,465 [grpc-default-executor-6] INFO  client.GrpcClientProtocolClient (GrpcClientProtocolClient.java:onNext(255)) - client-05DA20D107F8->b461a7b0-028a-4eb5-b268-b89ac225aff8: receive RaftClientReply:client-05DA20D107F8->b461a7b0-028a-4eb5-b268-b89ac225aff8@group-0C8C0AA7542A, cid=1296, SUCCESS, logIndex=1820, commits[b461a7b0-028a-4eb5-b268-b89ac225aff8:c1821, b6ff45f5-67b8-463b-a273-c2e7d9dadd75:c1817, 6a5cb75f-f7eb-4671-9a85-3b6f7898f6cc:c1817]
2019-08-28 21:29:35,466 [grpc-default-executor-6] INFO  client.GrpcClientProtocolClient (GrpcClientProtocolClient.java:onNext(255)) - client-05DA20D107F8->b461a7b0-028a-4eb5-b268-b89ac225aff8: receive RaftClientReply:client-05DA20D107F8->b461a7b0-028a-4eb5-b268-b89ac225aff8@group-0C8C0AA7542A, cid=1297, SUCCESS, logIndex=1821, commits[b461a7b0-028a-4eb5-b268-b89ac225aff8:c1821, b6ff45f5-67b8-463b-a273-c2e7d9dadd75:c1817, 6a5cb75f-f7eb-4671-9a85-3b6f7898f6cc:c1817]
2019-08-28 21:29:35,488 | INFO  | DNAudit | user=null | ip=null | op=WRITE_CHUNK {blockData=conID: 3 locID: 102696732291170777 bcsId: 0} | ret=SUCCESS |  
2019-08-28 21:29:35,488 | INFO  | DNAudit | user=null | ip=null | op=PUT_BLOCK {blockData=[blockId=conID: 3 locID: 102696732291170777 bcsId: 0,size=1048576]} | ret=SUCCESS |  
2019-08-28 21:29:35,488 | INFO  | DNAudit | user=null | ip=null | op=WRITE_CHUNK {blockData=conID: 3 locID: 102696732291170777 bcsId: 0} | ret=SUCCESS |  
2019-08-28 21:29:35,488 | INFO  | DNAudit | user=null | ip=null | op=PUT_BLOCK {blockData=[blockId=conID: 3 locID: 102696732291170777 bcsId: 0,size=1048576]} | ret=SUCCESS |  
2019-08-28 21:29:35,489 | INFO  | DNAudit | user=null | ip=null | op=WRITE_CHUNK {blockData=conID: 3 locID: 102696732291170777 bcsId: 0} | ret=SUCCESS |  
2019-08-28 21:29:35,489 [grpc-default-executor-6] INFO  client.GrpcClientProtocolClient (GrpcClientProtocolClient.java:onNext(255)) - client-05DA20D107F8->b461a7b0-028a-4eb5-b268-b89ac225aff8: receive RaftClientReply:client-05DA20D107F8->b461a7b0-028a-4eb5-b268-b89ac225aff8@group-0C8C0AA7542A, cid=1298, SUCCESS, logIndex=0, commits[b461a7b0-028a-4eb5-b268-b89ac225aff8:c1822, b6ff45f5-67b8-463b-a273-c2e7d9dadd75:c1819, 6a5cb75f-f7eb-4671-9a85-3b6f7898f6cc:c1819]
2019-08-28 21:29:35,490 | INFO  | DNAudit | user=null | ip=null | op=PUT_BLOCK {blockData=[blockId=conID: 3 locID: 102696732291170777 bcsId: 0,size=2097152]} | ret=SUCCESS |  
2019-08-28 21:29:35,490 | INFO  | DNAudit | user=null | ip=null | op=WRITE_CHUNK {blockData=conID: 3 locID: 102696732291170777 bcsId: 0} | ret=SUCCESS |  
2019-08-28 21:29:35,490 | INFO  | DNAudit | user=null | ip=null | op=PUT_BLOCK {blockData=[blockId=conID: 3 locID: 102696732291170777 bcsId: 0,size=2097152]} | ret=SUCCESS |  
2019-08-28 21:29:35,498 | INFO  | DNAudit | user=null | ip=null | op=WRITE_CHUNK {blockData=conID: 3 locID: 102696732291170777 bcsId: 1821} | ret=SUCCESS |  
2019-08-28 21:29:35,501 | INFO  | DNAudit | user=null | ip=null | op=WRITE_CHUNK {blockData=conID: 3 locID: 102696732291170777 bcsId: 1821} | ret=SUCCESS |  
2019-08-28 21:29:35,501 | INFO  | DNAudit | user=null | ip=null | op=WRITE_CHUNK {blockData=conID: 3 locID: 102696732291170777 bcsId: 1821} | ret=SUCCESS |  
2019-08-28 21:29:35,525 | INFO  | DNAudit | user=null | ip=null | op=WRITE_CHUNK {blockData=conID: 3 locID: 102696732291170777 bcsId: 1821} | ret=SUCCESS |  
2019-08-28 21:29:35,526 | INFO  | DNAudit | user=null | ip=null | op=PUT_BLOCK {blockData=[blockId=conID: 3 locID: 102696732291170777 bcsId: 0,size=3145728]} | ret=SUCCESS |  
2019-08-28 21:29:35,526 [grpc-default-executor-6] INFO  client.GrpcClientProtocolClient (GrpcClientProtocolClient.java:onNext(255)) - client-05DA20D107F8->b461a7b0-028a-4eb5-b268-b89ac225aff8: receive RaftClientReply:client-05DA20D107F8->b461a7b0-028a-4eb5-b268-b89ac225aff8@group-0C8C0AA7542A, cid=1299, SUCCESS, logIndex=1826, commits[b461a7b0-028a-4eb5-b268-b89ac225aff8:c1827, b6ff45f5-67b8-463b-a273-c2e7d9dadd75:c1825, 6a5cb75f-f7eb-4671-9a85-3b6f7898f6cc:c1825]
2019-08-28 21:29:35,527 [grpc-default-executor-6] INFO  client.GrpcClientProtocolClient (GrpcClientProtocolClient.java:onNext(255)) - client-05DA20D107F8->b461a7b0-028a-4eb5-b268-b89ac225aff8: receive RaftClientReply:client-05DA20D107F8->b461a7b0-028a-4eb5-b268-b89ac225aff8@group-0C8C0AA7542A, cid=1300, SUCCESS, logIndex=1827, commits[b461a7b0-028a-4eb5-b268-b89ac225aff8:c1827, b6ff45f5-67b8-463b-a273-c2e7d9dadd75:c1825, 6a5cb75f-f7eb-4671-9a85-3b6f7898f6cc:c1825]
2019-08-28 21:29:35,535 | INFO  | DNAudit | user=null | ip=null | op=WRITE_CHUNK {blockData=conID: 3 locID: 102696732291170777 bcsId: 1827} | ret=SUCCESS |  
2019-08-28 21:29:35,538 | INFO  | DNAudit | user=null | ip=null | op=WRITE_CHUNK {blockData=conID: 3 locID: 102696732291170777 bcsId: 1827} | ret=SUCCESS |  
2019-08-28 21:29:35,539 | INFO  | DNAudit | user=null | ip=null | op=WRITE_CHUNK {blockData=conID: 3 locID: 102696732291170777 bcsId: 1827} | ret=SUCCESS |  
2019-08-28 21:29:35,546 | INFO  | DNAudit | user=null | ip=null | op=WRITE_CHUNK {blockData=conID: 3 locID: 102696732291170777 bcsId: 1821} | ret=SUCCESS |  
2019-08-28 21:29:35,546 | INFO  | DNAudit | user=null | ip=null | op=WRITE_CHUNK {blockData=conID: 3 locID: 102696732291170777 bcsId: 1821} | ret=SUCCESS |  
2019-08-28 21:29:35,547 | INFO  | DNAudit | user=null | ip=null | op=PUT_BLOCK {blockData=[blockId=conID: 3 locID: 102696732291170777 bcsId: 0,size=3145728]} | ret=SUCCESS |  
2019-08-28 21:29:35,547 | INFO  | DNAudit | user=null | ip=null | op=PUT_BLOCK {blockData=[blockId=conID: 3 locID: 102696732291170777 bcsId: 0,size=3145728]} | ret=SUCCESS |  
2019-08-28 21:29:35,549 | INFO  | DNAudit | user=null | ip=null | op=WRITE_CHUNK {blockData=conID: 3 locID: 102696732291170777 bcsId: 1827} | ret=SUCCESS |  
2019-08-28 21:29:35,549 | INFO  | DNAudit | user=null | ip=null | op=PUT_BLOCK {blockData=[blockId=conID: 3 locID: 102696732291170777 bcsId: 0,size=4194304]} | ret=SUCCESS |  
2019-08-28 21:29:35,550 [grpc-default-executor-2] INFO  client.GrpcClientProtocolClient (GrpcClientProtocolClient.java:onNext(255)) - client-05DA20D107F8->b461a7b0-028a-4eb5-b268-b89ac225aff8: receive RaftClientReply:client-05DA20D107F8->b461a7b0-028a-4eb5-b268-b89ac225aff8@group-0C8C0AA7542A, cid=1301, SUCCESS, logIndex=1830, commits[b461a7b0-028a-4eb5-b268-b89ac225aff8:c1831, b6ff45f5-67b8-463b-a273-c2e7d9dadd75:c1827, 6a5cb75f-f7eb-4671-9a85-3b6f7898f6cc:c1827]
2019-08-28 21:29:35,550 [grpc-default-executor-2] INFO  client.GrpcClientProtocolClient (GrpcClientProtocolClient.java:onNext(255)) - client-05DA20D107F8->b461a7b0-028a-4eb5-b268-b89ac225aff8: receive RaftClientReply:client-05DA20D107F8->b461a7b0-028a-4eb5-b268-b89ac225aff8@group-0C8C0AA7542A, cid=1302, SUCCESS, logIndex=1831, commits[b461a7b0-028a-4eb5-b268-b89ac225aff8:c1831, b6ff45f5-67b8-463b-a273-c2e7d9dadd75:c1827, 6a5cb75f-f7eb-4671-9a85-3b6f7898f6cc:c1827]
2019-08-28 21:29:35,568 | INFO  | DNAudit | user=null | ip=null | op=WRITE_CHUNK {blockData=conID: 3 locID: 102696732291170777 bcsId: 1827} | ret=SUCCESS |  
2019-08-28 21:29:35,568 | INFO  | DNAudit | user=null | ip=null | op=WRITE_CHUNK {blockData=conID: 3 locID: 102696732291170777 bcsId: 1827} | ret=SUCCESS |  
2019-08-28 21:29:35,568 | INFO  | DNAudit | user=null | ip=null | op=PUT_BLOCK {blockData=[blockId=conID: 3 locID: 102696732291170777 bcsId: 0,size=4194304]} | ret=SUCCESS |  
2019-08-28 21:29:35,568 | INFO  | DNAudit | user=null | ip=null | op=PUT_BLOCK {blockData=[blockId=conID: 3 locID: 102696732291170777 bcsId: 0,size=4194304]} | ret=SUCCESS |  
2019-08-28 21:29:35,569 [grpc-default-executor-2] INFO  client.GrpcClientProtocolClient (GrpcClientProtocolClient.java:onNext(255)) - client-05DA20D107F8->b461a7b0-028a-4eb5-b268-b89ac225aff8: receive RaftClientReply:client-05DA20D107F8->b461a7b0-028a-4eb5-b268-b89ac225aff8@group-0C8C0AA7542A, cid=1303, SUCCESS, logIndex=0, commits[b461a7b0-028a-4eb5-b268-b89ac225aff8:c1832, b6ff45f5-67b8-463b-a273-c2e7d9dadd75:c1831, 6a5cb75f-f7eb-4671-9a85-3b6f7898f6cc:c1831]
2019-08-28 21:29:35,574 | INFO  | SCMAudit | user=jenkins1000 | ip=127.0.0.1 | op=ALLOCATE_BLOCK {owner=a0140aad-a474-4492-a39d-25bd6167d9f0, size=4194304, type=RATIS, factor=THREE} | ret=SUCCESS |  
2019-08-28 21:29:35,578 | INFO  | OMAudit | user=jenkins1000 | ip=127.0.0.1 | op=ALLOCATE_BLOCK {volume=vol-0-08922, bucket=bucket-0-29862, key=key-0-31337, dataSize=0, replicationType=null, replicationFactor=null, keyLocationInfo=null, clientID=102696731548516754} | ret=SUCCESS |  
2019-08-28 21:29:35,587 | INFO  | DNAudit | user=null | ip=null | op=WRITE_CHUNK {blockData=conID: 1 locID: 102696732300018138 bcsId: 0} | ret=SUCCESS |  
2019-08-28 21:29:35,590 | INFO  | DNAudit | user=null | ip=null | op=WRITE_CHUNK {blockData=conID: 1 locID: 102696732300018138 bcsId: 0} | ret=SUCCESS |  
2019-08-28 21:29:35,591 | INFO  | DNAudit | user=null | ip=null | op=WRITE_CHUNK {blockData=conID: 1 locID: 102696732300018138 bcsId: 0} | ret=SUCCESS |  
2019-08-28 21:29:35,592 | INFO  | DNAudit | user=null | ip=null | op=WRITE_CHUNK {blockData=conID: 1 locID: 102696732300018138 bcsId: 0} | ret=SUCCESS |  
2019-08-28 21:29:35,595 | INFO  | DNAudit | user=null | ip=null | op=WRITE_CHUNK {blockData=conID: 1 locID: 102696732300018138 bcsId: 0} | ret=SUCCESS |  
2019-08-28 21:29:35,595 | INFO  | DNAudit | user=null | ip=null | op=WRITE_CHUNK {blockData=conID: 1 locID: 102696732300018138 bcsId: 0} | ret=SUCCESS |  
2019-08-28 21:29:35,605 | INFO  | DNAudit | user=null | ip=null | op=WRITE_CHUNK {blockData=conID: 1 locID: 102696732300018138 bcsId: 0} | ret=SUCCESS |  
2019-08-28 21:29:35,605 | INFO  | DNAudit | user=null | ip=null | op=PUT_BLOCK {blockData=[blockId=conID: 1 locID: 102696732300018138 bcsId: 0,size=1048576]} | ret=SUCCESS |  
2019-08-28 21:29:35,605 [grpc-default-executor-2] INFO  client.GrpcClientProtocolClient (GrpcClientProtocolClient.java:onNext(255)) - client-05DA20D107F8->b461a7b0-028a-4eb5-b268-b89ac225aff8: receive RaftClientReply:client-05DA20D107F8->b461a7b0-028a-4eb5-b268-b89ac225aff8@group-0C8C0AA7542A, cid=1304, SUCCESS, logIndex=1834, commits[b461a7b0-028a-4eb5-b268-b89ac225aff8:c1835, b6ff45f5-67b8-463b-a273-c2e7d9dadd75:c1833, 6a5cb75f-f7eb-4671-9a85-3b6f7898f6cc:c1833]
2019-08-28 21:29:35,607 [grpc-default-executor-2] INFO  client.GrpcClientProtocolClient (GrpcClientProtocolClient.java:onNext(255)) - client-05DA20D107F8->b461a7b0-028a-4eb5-b268-b89ac225aff8: receive RaftClientReply:client-05DA20D107F8->b461a7b0-028a-4eb5-b268-b89ac225aff8@group-0C8C0AA7542A, cid=1305, SUCCESS, logIndex=1835, commits[b461a7b0-028a-4eb5-b268-b89ac225aff8:c1835, b6ff45f5-67b8-463b-a273-c2e7d9dadd75:c1833, 6a5cb75f-f7eb-4671-9a85-3b6f7898f6cc:c1833]
2019-08-28 21:29:35,618 | INFO  | DNAudit | user=null | ip=null | op=WRITE_CHUNK {blockData=conID: 1 locID: 102696732300018138 bcsId: 0} | ret=SUCCESS |  
2019-08-28 21:29:35,618 | INFO  | DNAudit | user=null | ip=null | op=PUT_BLOCK {blockData=[blockId=conID: 1 locID: 102696732300018138 bcsId: 0,size=2097152]} | ret=SUCCESS |  
2019-08-28 21:29:35,618 | INFO  | DNAudit | user=null | ip=null | op=WRITE_CHUNK {blockData=conID: 1 locID: 102696732300018138 bcsId: 0} | ret=SUCCESS |  
2019-08-28 21:29:35,618 [grpc-default-executor-6] INFO  client.GrpcClientProtocolClient (GrpcClientProtocolClient.java:onNext(255)) - client-05DA20D107F8->b461a7b0-028a-4eb5-b268-b89ac225aff8: receive RaftClientReply:client-05DA20D107F8->b461a7b0-028a-4eb5-b268-b89ac225aff8@group-0C8C0AA7542A, cid=1306, SUCCESS, logIndex=1836, commits[b461a7b0-028a-4eb5-b268-b89ac225aff8:c1837, b6ff45f5-67b8-463b-a273-c2e7d9dadd75:c1833, 6a5cb75f-f7eb-4671-9a85-3b6f7898f6cc:c1833]
2019-08-28 21:29:35,619 | INFO  | DNAudit | user=null | ip=null | op=PUT_BLOCK {blockData=[blockId=conID: 1 locID: 102696732300018138 bcsId: 0,size=1048576]} | ret=SUCCESS |  
2019-08-28 21:29:35,620 | INFO  | DNAudit | user=null | ip=null | op=WRITE_CHUNK {blockData=conID: 1 locID: 102696732300018138 bcsId: 0} | ret=SUCCESS |  
2019-08-28 21:29:35,620 | INFO  | DNAudit | user=null | ip=null | op=PUT_BLOCK {blockData=[blockId=conID: 1 locID: 102696732300018138 bcsId: 0,size=1048576]} | ret=SUCCESS |  
2019-08-28 21:29:35,620 [grpc-default-executor-2] INFO  client.GrpcClientProtocolClient (GrpcClientProtocolClient.java:onNext(255)) - client-05DA20D107F8->b461a7b0-028a-4eb5-b268-b89ac225aff8: receive RaftClientReply:client-05DA20D107F8->b461a7b0-028a-4eb5-b268-b89ac225aff8@group-0C8C0AA7542A, cid=1307, SUCCESS, logIndex=1837, commits[b461a7b0-028a-4eb5-b268-b89ac225aff8:c1837, b6ff45f5-67b8-463b-a273-c2e7d9dadd75:c1833, 6a5cb75f-f7eb-4671-9a85-3b6f7898f6cc:c1833]
2019-08-28 21:29:35,621 | INFO  | DNAudit | user=null | ip=null | op=WRITE_CHUNK {blockData=conID: 1 locID: 102696732300018138 bcsId: 0} | ret=SUCCESS |  
2019-08-28 21:29:35,622 | INFO  | DNAudit | user=null | ip=null | op=WRITE_CHUNK {blockData=conID: 1 locID: 102696732300018138 bcsId: 0} | ret=SUCCESS |  
2019-08-28 21:29:35,622 | INFO  | DNAudit | user=null | ip=null | op=PUT_BLOCK {blockData=[blockId=conID: 1 locID: 102696732300018138 bcsId: 0,size=2097152]} | ret=SUCCESS |  
2019-08-28 21:29:35,622 [grpc-default-executor-2] INFO  client.GrpcClientProtocolClient (GrpcClientProtocolClient.java:onNext(255)) - client-05DA20D107F8->b461a7b0-028a-4eb5-b268-b89ac225aff8: receive RaftClientReply:client-05DA20D107F8->b461a7b0-028a-4eb5-b268-b89ac225aff8@group-0C8C0AA7542A, cid=1308, SUCCESS, logIndex=0, commits[b461a7b0-028a-4eb5-b268-b89ac225aff8:c1839, b6ff45f5-67b8-463b-a273-c2e7d9dadd75:c1835, 6a5cb75f-f7eb-4671-9a85-3b6f7898f6cc:c1835]
2019-08-28 21:29:35,622 | INFO  | DNAudit | user=null | ip=null | op=PUT_BLOCK {blockData=[blockId=conID: 1 locID: 102696732300018138 bcsId: 0,size=2097152]} | ret=SUCCESS |  
2019-08-28 21:29:35,630 | INFO  | DNAudit | user=null | ip=null | op=WRITE_CHUNK {blockData=conID: 1 locID: 102696732300018138 bcsId: 1837} | ret=SUCCESS |  
2019-08-28 21:29:35,632 | INFO  | DNAudit | user=null | ip=null | op=WRITE_CHUNK {blockData=conID: 1 locID: 102696732300018138 bcsId: 1837} | ret=SUCCESS |  
2019-08-28 21:29:35,634 | INFO  | DNAudit | user=null | ip=null | op=WRITE_CHUNK {blockData=conID: 1 locID: 102696732300018138 bcsId: 1837} | ret=SUCCESS |  
2019-08-28 21:29:35,646 | INFO  | DNAudit | user=null | ip=null | op=WRITE_CHUNK {blockData=conID: 1 locID: 102696732300018138 bcsId: 1837} | ret=SUCCESS |  
2019-08-28 21:29:35,647 | INFO  | DNAudit | user=null | ip=null | op=PUT_BLOCK {blockData=[blockId=conID: 1 locID: 102696732300018138 bcsId: 0,size=3145728]} | ret=SUCCESS |  
2019-08-28 21:29:35,647 [grpc-default-executor-2] INFO  client.GrpcClientProtocolClient (GrpcClientProtocolClient.java:onNext(255)) - client-05DA20D107F8->b461a7b0-028a-4eb5-b268-b89ac225aff8: receive RaftClientReply:client-05DA20D107F8->b461a7b0-028a-4eb5-b268-b89ac225aff8@group-0C8C0AA7542A, cid=1309, SUCCESS, logIndex=1842, commits[b461a7b0-028a-4eb5-b268-b89ac225aff8:c1843, b6ff45f5-67b8-463b-a273-c2e7d9dadd75:c1841, 6a5cb75f-f7eb-4671-9a85-3b6f7898f6cc:c1841]
2019-08-28 21:29:35,647 [grpc-default-executor-2] INFO  client.GrpcClientProtocolClient (GrpcClientProtocolClient.java:onNext(255)) - client-05DA20D107F8->b461a7b0-028a-4eb5-b268-b89ac225aff8: receive RaftClientReply:client-05DA20D107F8->b461a7b0-028a-4eb5-b268-b89ac225aff8@group-0C8C0AA7542A, cid=1310, SUCCESS, logIndex=1843, commits[b461a7b0-028a-4eb5-b268-b89ac225aff8:c1843, b6ff45f5-67b8-463b-a273-c2e7d9dadd75:c1841, 6a5cb75f-f7eb-4671-9a85-3b6f7898f6cc:c1841]
2019-08-28 21:29:35,654 | INFO  | DNAudit | user=null | ip=null | op=WRITE_CHUNK {blockData=conID: 1 locID: 102696732300018138 bcsId: 1843} | ret=SUCCESS |  
2019-08-28 21:29:35,657 | INFO  | DNAudit | user=null | ip=null | op=WRITE_CHUNK {blockData=conID: 1 locID: 102696732300018138 bcsId: 1843} | ret=SUCCESS |  
2019-08-28 21:29:35,657 | INFO  | DNAudit | user=null | ip=null | op=WRITE_CHUNK {blockData=conID: 1 locID: 102696732300018138 bcsId: 1843} | ret=SUCCESS |  
2019-08-28 21:29:35,676 | INFO  | DNAudit | user=null | ip=null | op=WRITE_CHUNK {blockData=conID: 1 locID: 102696732300018138 bcsId: 1837} | ret=SUCCESS |  
2019-08-28 21:29:35,676 | INFO  | DNAudit | user=null | ip=null | op=WRITE_CHUNK {blockData=conID: 1 locID: 102696732300018138 bcsId: 1837} | ret=SUCCESS |  
2019-08-28 21:29:35,676 | INFO  | DNAudit | user=null | ip=null | op=PUT_BLOCK {blockData=[blockId=conID: 1 locID: 102696732300018138 bcsId: 0,size=3145728]} | ret=SUCCESS |  
2019-08-28 21:29:35,676 | INFO  | DNAudit | user=null | ip=null | op=PUT_BLOCK {blockData=[blockId=conID: 1 locID: 102696732300018138 bcsId: 0,size=3145728]} | ret=SUCCESS |  
2019-08-28 21:29:35,677 | INFO  | DNAudit | user=null | ip=null | op=WRITE_CHUNK {blockData=conID: 1 locID: 102696732300018138 bcsId: 1843} | ret=SUCCESS |  
2019-08-28 21:29:35,678 | INFO  | DNAudit | user=null | ip=null | op=PUT_BLOCK {blockData=[blockId=conID: 1 locID: 102696732300018138 bcsId: 0,size=4194304]} | ret=SUCCESS |  
2019-08-28 21:29:35,678 [grpc-default-executor-2] INFO  client.GrpcClientProtocolClient (GrpcClientProtocolClient.java:onNext(255)) - client-05DA20D107F8->b461a7b0-028a-4eb5-b268-b89ac225aff8: receive RaftClientReply:client-05DA20D107F8->b461a7b0-028a-4eb5-b268-b89ac225aff8@group-0C8C0AA7542A, cid=1311, SUCCESS, logIndex=1846, commits[b461a7b0-028a-4eb5-b268-b89ac225aff8:c1847, b6ff45f5-67b8-463b-a273-c2e7d9dadd75:c1843, 6a5cb75f-f7eb-4671-9a85-3b6f7898f6cc:c1843]
2019-08-28 21:29:35,679 [grpc-default-executor-2] INFO  client.GrpcClientProtocolClient (GrpcClientProtocolClient.java:onNext(255)) - client-05DA20D107F8->b461a7b0-028a-4eb5-b268-b89ac225aff8: receive RaftClientReply:client-05DA20D107F8->b461a7b0-028a-4eb5-b268-b89ac225aff8@group-0C8C0AA7542A, cid=1312, SUCCESS, logIndex=1847, commits[b461a7b0-028a-4eb5-b268-b89ac225aff8:c1847, b6ff45f5-67b8-463b-a273-c2e7d9dadd75:c1843, 6a5cb75f-f7eb-4671-9a85-3b6f7898f6cc:c1843]
2019-08-28 21:29:35,696 | INFO  | DNAudit | user=null | ip=null | op=WRITE_CHUNK {blockData=conID: 1 locID: 102696732300018138 bcsId: 1843} | ret=SUCCESS |  
2019-08-28 21:29:35,696 | INFO  | DNAudit | user=null | ip=null | op=PUT_BLOCK {blockData=[blockId=conID: 1 locID: 102696732300018138 bcsId: 0,size=4194304]} | ret=SUCCESS |  
2019-08-28 21:29:35,696 | INFO  | DNAudit | user=null | ip=null | op=WRITE_CHUNK {blockData=conID: 1 locID: 102696732300018138 bcsId: 1843} | ret=SUCCESS |  
2019-08-28 21:29:35,697 | INFO  | DNAudit | user=null | ip=null | op=PUT_BLOCK {blockData=[blockId=conID: 1 locID: 102696732300018138 bcsId: 0,size=4194304]} | ret=SUCCESS |  
2019-08-28 21:29:35,697 [grpc-default-executor-3] INFO  client.GrpcClientProtocolClient (GrpcClientProtocolClient.java:onNext(255)) - client-05DA20D107F8->b461a7b0-028a-4eb5-b268-b89ac225aff8: receive RaftClientReply:client-05DA20D107F8->b461a7b0-028a-4eb5-b268-b89ac225aff8@group-0C8C0AA7542A, cid=1313, SUCCESS, logIndex=0, commits[b461a7b0-028a-4eb5-b268-b89ac225aff8:c1848, b6ff45f5-67b8-463b-a273-c2e7d9dadd75:c1847, 6a5cb75f-f7eb-4671-9a85-3b6f7898f6cc:c1847]
2019-08-28 21:29:35,703 | INFO  | SCMAudit | user=jenkins1000 | ip=127.0.0.1 | op=ALLOCATE_BLOCK {owner=a0140aad-a474-4492-a39d-25bd6167d9f0, size=4194304, type=RATIS, factor=THREE} | ret=SUCCESS |  
2019-08-28 21:29:35,706 | INFO  | OMAudit | user=jenkins1000 | ip=127.0.0.1 | op=ALLOCATE_BLOCK {volume=vol-0-08922, bucket=bucket-0-29862, key=key-0-31337, dataSize=0, replicationType=null, replicationFactor=null, keyLocationInfo=null, clientID=102696731548516754} | ret=SUCCESS |  
2019-08-28 21:29:35,715 | INFO  | DNAudit | user=null | ip=null | op=WRITE_CHUNK {blockData=conID: 2 locID: 102696732308472283 bcsId: 0} | ret=SUCCESS |  
2019-08-28 21:29:35,718 | INFO  | DNAudit | user=null | ip=null | op=WRITE_CHUNK {blockData=conID: 2 locID: 102696732308472283 bcsId: 0} | ret=SUCCESS |  
2019-08-28 21:29:35,719 | INFO  | DNAudit | user=null | ip=null | op=WRITE_CHUNK {blockData=conID: 2 locID: 102696732308472283 bcsId: 0} | ret=SUCCESS |  
2019-08-28 21:29:35,719 | INFO  | DNAudit | user=null | ip=null | op=WRITE_CHUNK {blockData=conID: 2 locID: 102696732308472283 bcsId: 0} | ret=SUCCESS |  
2019-08-28 21:29:35,721 | INFO  | DNAudit | user=null | ip=null | op=WRITE_CHUNK {blockData=conID: 2 locID: 102696732308472283 bcsId: 0} | ret=SUCCESS |  
2019-08-28 21:29:35,721 | INFO  | DNAudit | user=null | ip=null | op=WRITE_CHUNK {blockData=conID: 2 locID: 102696732308472283 bcsId: 0} | ret=SUCCESS |  
2019-08-28 21:29:35,734 | INFO  | DNAudit | user=null | ip=null | op=WRITE_CHUNK {blockData=conID: 2 locID: 102696732308472283 bcsId: 0} | ret=SUCCESS |  
2019-08-28 21:29:35,735 | INFO  | DNAudit | user=null | ip=null | op=PUT_BLOCK {blockData=[blockId=conID: 2 locID: 102696732308472283 bcsId: 0,size=1048576]} | ret=SUCCESS |  
2019-08-28 21:29:35,735 | INFO  | DNAudit | user=null | ip=null | op=WRITE_CHUNK {blockData=conID: 2 locID: 102696732308472283 bcsId: 0} | ret=SUCCESS |  
2019-08-28 21:29:35,735 [grpc-default-executor-6] INFO  client.GrpcClientProtocolClient (GrpcClientProtocolClient.java:onNext(255)) - client-05DA20D107F8->b461a7b0-028a-4eb5-b268-b89ac225aff8: receive RaftClientReply:client-05DA20D107F8->b461a7b0-028a-4eb5-b268-b89ac225aff8@group-0C8C0AA7542A, cid=1314, SUCCESS, logIndex=1850, commits[b461a7b0-028a-4eb5-b268-b89ac225aff8:c1851, b6ff45f5-67b8-463b-a273-c2e7d9dadd75:c1849, 6a5cb75f-f7eb-4671-9a85-3b6f7898f6cc:c1849]
2019-08-28 21:29:35,736 | INFO  | DNAudit | user=null | ip=null | op=PUT_BLOCK {blockData=[blockId=conID: 2 locID: 102696732308472283 bcsId: 0,size=2097152]} | ret=SUCCESS |  
2019-08-28 21:29:35,736 [grpc-default-executor-6] INFO  client.GrpcClientProtocolClient (GrpcClientProtocolClient.java:onNext(255)) - client-05DA20D107F8->b461a7b0-028a-4eb5-b268-b89ac225aff8: receive RaftClientReply:client-05DA20D107F8->b461a7b0-028a-4eb5-b268-b89ac225aff8@group-0C8C0AA7542A, cid=1315, SUCCESS, logIndex=1851, commits[b461a7b0-028a-4eb5-b268-b89ac225aff8:c1852, b6ff45f5-67b8-463b-a273-c2e7d9dadd75:c1849, 6a5cb75f-f7eb-4671-9a85-3b6f7898f6cc:c1849]
2019-08-28 21:29:35,736 [grpc-default-executor-6] INFO  client.GrpcClientProtocolClient (GrpcClientProtocolClient.java:onNext(255)) - client-05DA20D107F8->b461a7b0-028a-4eb5-b268-b89ac225aff8: receive RaftClientReply:client-05DA20D107F8->b461a7b0-028a-4eb5-b268-b89ac225aff8@group-0C8C0AA7542A, cid=1316, SUCCESS, logIndex=1852, commits[b461a7b0-028a-4eb5-b268-b89ac225aff8:c1853, b6ff45f5-67b8-463b-a273-c2e7d9dadd75:c1849, 6a5cb75f-f7eb-4671-9a85-3b6f7898f6cc:c1849]
2019-08-28 21:29:35,737 | INFO  | DNAudit | user=null | ip=null | op=WRITE_CHUNK {blockData=conID: 2 locID: 102696732308472283 bcsId: 0} | ret=SUCCESS |  
2019-08-28 21:29:35,737 | INFO  | DNAudit | user=null | ip=null | op=WRITE_CHUNK {blockData=conID: 2 locID: 102696732308472283 bcsId: 0} | ret=SUCCESS |  
2019-08-28 21:29:35,737 | INFO  | DNAudit | user=null | ip=null | op=PUT_BLOCK {blockData=[blockId=conID: 2 locID: 102696732308472283 bcsId: 0,size=1048576]} | ret=SUCCESS |  
2019-08-28 21:29:35,737 [grpc-default-executor-5] INFO  client.GrpcClientProtocolClient (GrpcClientProtocolClient.java:onNext(255)) - client-05DA20D107F8->b461a7b0-028a-4eb5-b268-b89ac225aff8: receive RaftClientReply:client-05DA20D107F8->b461a7b0-028a-4eb5-b268-b89ac225aff8@group-0C8C0AA7542A, cid=1317, SUCCESS, logIndex=1853, commits[b461a7b0-028a-4eb5-b268-b89ac225aff8:c1853, b6ff45f5-67b8-463b-a273-c2e7d9dadd75:c1849, 6a5cb75f-f7eb-4671-9a85-3b6f7898f6cc:c1849]
2019-08-28 21:29:35,737 | INFO  | DNAudit | user=null | ip=null | op=PUT_BLOCK {blockData=[blockId=conID: 2 locID: 102696732308472283 bcsId: 0,size=1048576]} | ret=SUCCESS |  
2019-08-28 21:29:35,737 | INFO  | DNAudit | user=null | ip=null | op=WRITE_CHUNK {blockData=conID: 2 locID: 102696732308472283 bcsId: 0} | ret=SUCCESS |  
2019-08-28 21:29:35,738 [grpc-default-executor-5] INFO  client.GrpcClientProtocolClient (GrpcClientProtocolClient.java:onNext(255)) - client-05DA20D107F8->b461a7b0-028a-4eb5-b268-b89ac225aff8: receive RaftClientReply:client-05DA20D107F8->b461a7b0-028a-4eb5-b268-b89ac225aff8@group-0C8C0AA7542A, cid=1318, SUCCESS, logIndex=0, commits[b461a7b0-028a-4eb5-b268-b89ac225aff8:c1856, b6ff45f5-67b8-463b-a273-c2e7d9dadd75:c1851, 6a5cb75f-f7eb-4671-9a85-3b6f7898f6cc:c1852]
2019-08-28 21:29:35,746 | INFO  | DNAudit | user=null | ip=null | op=WRITE_CHUNK {blockData=conID: 2 locID: 102696732308472283 bcsId: 1853} | ret=SUCCESS |  
2019-08-28 21:29:35,748 | INFO  | DNAudit | user=null | ip=null | op=WRITE_CHUNK {blockData=conID: 2 locID: 102696732308472283 bcsId: 1853} | ret=SUCCESS |  
2019-08-28 21:29:35,749 | INFO  | DNAudit | user=null | ip=null | op=WRITE_CHUNK {blockData=conID: 2 locID: 102696732308472283 bcsId: 1853} | ret=SUCCESS |  
2019-08-28 21:29:35,758 | INFO  | DNAudit | user=null | ip=null | op=WRITE_CHUNK {blockData=conID: 2 locID: 102696732308472283 bcsId: 0} | ret=SUCCESS |  
2019-08-28 21:29:35,758 | INFO  | DNAudit | user=null | ip=null | op=PUT_BLOCK {blockData=[blockId=conID: 2 locID: 102696732308472283 bcsId: 0,size=2097152]} | ret=SUCCESS |  
2019-08-28 21:29:35,758 | INFO  | DNAudit | user=null | ip=null | op=PUT_BLOCK {blockData=[blockId=conID: 2 locID: 102696732308472283 bcsId: 0,size=2097152]} | ret=SUCCESS |  
2019-08-28 21:29:35,759 | INFO  | DNAudit | user=null | ip=null | op=WRITE_CHUNK {blockData=conID: 2 locID: 102696732308472283 bcsId: 1853} | ret=SUCCESS |  
2019-08-28 21:29:35,760 | INFO  | DNAudit | user=null | ip=null | op=PUT_BLOCK {blockData=[blockId=conID: 2 locID: 102696732308472283 bcsId: 0,size=3145728]} | ret=SUCCESS |  
2019-08-28 21:29:35,760 [grpc-default-executor-3] INFO  client.GrpcClientProtocolClient (GrpcClientProtocolClient.java:onNext(255)) - client-05DA20D107F8->b461a7b0-028a-4eb5-b268-b89ac225aff8: receive RaftClientReply:client-05DA20D107F8->b461a7b0-028a-4eb5-b268-b89ac225aff8@group-0C8C0AA7542A, cid=1319, SUCCESS, logIndex=1858, commits[b461a7b0-028a-4eb5-b268-b89ac225aff8:c1859, b6ff45f5-67b8-463b-a273-c2e7d9dadd75:c1856, 6a5cb75f-f7eb-4671-9a85-3b6f7898f6cc:c1853]
2019-08-28 21:29:35,761 [grpc-default-executor-3] INFO  client.GrpcClientProtocolClient (GrpcClientProtocolClient.java:onNext(255)) - client-05DA20D107F8->b461a7b0-028a-4eb5-b268-b89ac225aff8: receive RaftClientReply:client-05DA20D107F8->b461a7b0-028a-4eb5-b268-b89ac225aff8@group-0C8C0AA7542A, cid=1320, SUCCESS, logIndex=1859, commits[b461a7b0-028a-4eb5-b268-b89ac225aff8:c1859, b6ff45f5-67b8-463b-a273-c2e7d9dadd75:c1856, 6a5cb75f-f7eb-4671-9a85-3b6f7898f6cc:c1856]
2019-08-28 21:29:35,767 | INFO  | DNAudit | user=null | ip=null | op=WRITE_CHUNK {blockData=conID: 2 locID: 102696732308472283 bcsId: 1859} | ret=SUCCESS |  
2019-08-28 21:29:35,770 | INFO  | DNAudit | user=null | ip=null | op=WRITE_CHUNK {blockData=conID: 2 locID: 102696732308472283 bcsId: 1859} | ret=SUCCESS |  
2019-08-28 21:29:35,770 | INFO  | DNAudit | user=null | ip=null | op=WRITE_CHUNK {blockData=conID: 2 locID: 102696732308472283 bcsId: 1859} | ret=SUCCESS |  
2019-08-28 21:29:35,778 | INFO  | DNAudit | user=null | ip=null | op=WRITE_CHUNK {blockData=conID: 2 locID: 102696732308472283 bcsId: 1853} | ret=SUCCESS |  
2019-08-28 21:29:35,778 | INFO  | DNAudit | user=null | ip=null | op=WRITE_CHUNK {blockData=conID: 2 locID: 102696732308472283 bcsId: 1853} | ret=SUCCESS |  
2019-08-28 21:29:35,778 | INFO  | DNAudit | user=null | ip=null | op=PUT_BLOCK {blockData=[blockId=conID: 2 locID: 102696732308472283 bcsId: 0,size=3145728]} | ret=SUCCESS |  
2019-08-28 21:29:35,778 | INFO  | DNAudit | user=null | ip=null | op=PUT_BLOCK {blockData=[blockId=conID: 2 locID: 102696732308472283 bcsId: 0,size=3145728]} | ret=SUCCESS |  
2019-08-28 21:29:35,780 | INFO  | DNAudit | user=null | ip=null | op=WRITE_CHUNK {blockData=conID: 2 locID: 102696732308472283 bcsId: 1859} | ret=SUCCESS |  
2019-08-28 21:29:35,780 | INFO  | DNAudit | user=null | ip=null | op=PUT_BLOCK {blockData=[blockId=conID: 2 locID: 102696732308472283 bcsId: 0,size=4194304]} | ret=SUCCESS |  
2019-08-28 21:29:35,780 [grpc-default-executor-5] INFO  client.GrpcClientProtocolClient (GrpcClientProtocolClient.java:onNext(255)) - client-05DA20D107F8->b461a7b0-028a-4eb5-b268-b89ac225aff8: receive RaftClientReply:client-05DA20D107F8->b461a7b0-028a-4eb5-b268-b89ac225aff8@group-0C8C0AA7542A, cid=1321, SUCCESS, logIndex=1862, commits[b461a7b0-028a-4eb5-b268-b89ac225aff8:c1863, b6ff45f5-67b8-463b-a273-c2e7d9dadd75:c1859, 6a5cb75f-f7eb-4671-9a85-3b6f7898f6cc:c1859]
2019-08-28 21:29:35,781 [grpc-default-executor-5] INFO  client.GrpcClientProtocolClient (GrpcClientProtocolClient.java:onNext(255)) - client-05DA20D107F8->b461a7b0-028a-4eb5-b268-b89ac225aff8: receive RaftClientReply:client-05DA20D107F8->b461a7b0-028a-4eb5-b268-b89ac225aff8@group-0C8C0AA7542A, cid=1322, SUCCESS, logIndex=1863, commits[b461a7b0-028a-4eb5-b268-b89ac225aff8:c1863, b6ff45f5-67b8-463b-a273-c2e7d9dadd75:c1859, 6a5cb75f-f7eb-4671-9a85-3b6f7898f6cc:c1859]
2019-08-28 21:29:35,801 | INFO  | DNAudit | user=null | ip=null | op=WRITE_CHUNK {blockData=conID: 2 locID: 102696732308472283 bcsId: 1859} | ret=SUCCESS |  
2019-08-28 21:29:35,801 | INFO  | DNAudit | user=null | ip=null | op=WRITE_CHUNK {blockData=conID: 2 locID: 102696732308472283 bcsId: 1859} | ret=SUCCESS |  
2019-08-28 21:29:35,802 | INFO  | DNAudit | user=null | ip=null | op=PUT_BLOCK {blockData=[blockId=conID: 2 locID: 102696732308472283 bcsId: 0,size=4194304]} | ret=SUCCESS |  
2019-08-28 21:29:35,802 | INFO  | DNAudit | user=null | ip=null | op=PUT_BLOCK {blockData=[blockId=conID: 2 locID: 102696732308472283 bcsId: 0,size=4194304]} | ret=SUCCESS |  
2019-08-28 21:29:35,803 [grpc-default-executor-5] INFO  client.GrpcClientProtocolClient (GrpcClientProtocolClient.java:onNext(255)) - client-05DA20D107F8->b461a7b0-028a-4eb5-b268-b89ac225aff8: receive RaftClientReply:client-05DA20D107F8->b461a7b0-028a-4eb5-b268-b89ac225aff8@group-0C8C0AA7542A, cid=1323, SUCCESS, logIndex=0, commits[b461a7b0-028a-4eb5-b268-b89ac225aff8:c1865, b6ff45f5-67b8-463b-a273-c2e7d9dadd75:c1863, 6a5cb75f-f7eb-4671-9a85-3b6f7898f6cc:c1863]
2019-08-28 21:29:35,808 | INFO  | SCMAudit | user=jenkins1000 | ip=127.0.0.1 | op=ALLOCATE_BLOCK {owner=a0140aad-a474-4492-a39d-25bd6167d9f0, size=4194304, type=RATIS, factor=THREE} | ret=SUCCESS |  
2019-08-28 21:29:35,810 | INFO  | OMAudit | user=jenkins1000 | ip=127.0.0.1 | op=ALLOCATE_BLOCK {volume=vol-0-08922, bucket=bucket-0-29862, key=key-0-31337, dataSize=0, replicationType=null, replicationFactor=null, keyLocationInfo=null, clientID=102696731548516754} | ret=SUCCESS |  
2019-08-28 21:29:35,818 | INFO  | DNAudit | user=null | ip=null | op=WRITE_CHUNK {blockData=conID: 3 locID: 102696732315288028 bcsId: 0} | ret=SUCCESS |  
2019-08-28 21:29:35,821 | INFO  | DNAudit | user=null | ip=null | op=WRITE_CHUNK {blockData=conID: 3 locID: 102696732315288028 bcsId: 0} | ret=SUCCESS |  
2019-08-28 21:29:35,821 | INFO  | DNAudit | user=null | ip=null | op=WRITE_CHUNK {blockData=conID: 3 locID: 102696732315288028 bcsId: 0} | ret=SUCCESS |  
2019-08-28 21:29:35,822 | INFO  | DNAudit | user=null | ip=null | op=WRITE_CHUNK {blockData=conID: 3 locID: 102696732315288028 bcsId: 0} | ret=SUCCESS |  
2019-08-28 21:29:35,823 | INFO  | DNAudit | user=null | ip=null | op=WRITE_CHUNK {blockData=conID: 3 locID: 102696732315288028 bcsId: 0} | ret=SUCCESS |  
2019-08-28 21:29:35,823 | INFO  | DNAudit | user=null | ip=null | op=WRITE_CHUNK {blockData=conID: 3 locID: 102696732315288028 bcsId: 0} | ret=SUCCESS |  
2019-08-28 21:29:35,833 | INFO  | DNAudit | user=null | ip=null | op=WRITE_CHUNK {blockData=conID: 3 locID: 102696732315288028 bcsId: 0} | ret=SUCCESS |  
2019-08-28 21:29:35,834 | INFO  | DNAudit | user=null | ip=null | op=PUT_BLOCK {blockData=[blockId=conID: 3 locID: 102696732315288028 bcsId: 0,size=1048576]} | ret=SUCCESS |  
2019-08-28 21:29:35,834 [grpc-default-executor-5] INFO  client.GrpcClientProtocolClient (GrpcClientProtocolClient.java:onNext(255)) - client-05DA20D107F8->b461a7b0-028a-4eb5-b268-b89ac225aff8: receive RaftClientReply:client-05DA20D107F8->b461a7b0-028a-4eb5-b268-b89ac225aff8@group-0C8C0AA7542A, cid=1324, SUCCESS, logIndex=1866, commits[b461a7b0-028a-4eb5-b268-b89ac225aff8:c1867, b6ff45f5-67b8-463b-a273-c2e7d9dadd75:c1865, 6a5cb75f-f7eb-4671-9a85-3b6f7898f6cc:c1865]
2019-08-28 21:29:35,835 [grpc-default-executor-5] INFO  client.GrpcClientProtocolClient (GrpcClientProtocolClient.java:onNext(255)) - client-05DA20D107F8->b461a7b0-028a-4eb5-b268-b89ac225aff8: receive RaftClientReply:client-05DA20D107F8->b461a7b0-028a-4eb5-b268-b89ac225aff8@group-0C8C0AA7542A, cid=1325, SUCCESS, logIndex=1867, commits[b461a7b0-028a-4eb5-b268-b89ac225aff8:c1867, b6ff45f5-67b8-463b-a273-c2e7d9dadd75:c1865, 6a5cb75f-f7eb-4671-9a85-3b6f7898f6cc:c1865]
2019-08-28 21:29:35,856 | INFO  | DNAudit | user=null | ip=null | op=WRITE_CHUNK {blockData=conID: 3 locID: 102696732315288028 bcsId: 0} | ret=SUCCESS |  
2019-08-28 21:29:35,856 | INFO  | DNAudit | user=null | ip=null | op=PUT_BLOCK {blockData=[blockId=conID: 3 locID: 102696732315288028 bcsId: 0,size=2097152]} | ret=SUCCESS |  
2019-08-28 21:29:35,856 [grpc-default-executor-3] INFO  client.GrpcClientProtocolClient (GrpcClientProtocolClient.java:onNext(255)) - client-05DA20D107F8->b461a7b0-028a-4eb5-b268-b89ac225aff8: receive RaftClientReply:client-05DA20D107F8->b461a7b0-028a-4eb5-b268-b89ac225aff8@group-0C8C0AA7542A, cid=1326, SUCCESS, logIndex=1868, commits[b461a7b0-028a-4eb5-b268-b89ac225aff8:c1869, b6ff45f5-67b8-463b-a273-c2e7d9dadd75:c1865, 6a5cb75f-f7eb-4671-9a85-3b6f7898f6cc:c1865]
2019-08-28 21:29:35,857 [grpc-default-executor-3] INFO  client.GrpcClientProtocolClient (GrpcClientProtocolClient.java:onNext(255)) - client-05DA20D107F8->b461a7b0-028a-4eb5-b268-b89ac225aff8: receive RaftClientReply:client-05DA20D107F8->b461a7b0-028a-4eb5-b268-b89ac225aff8@group-0C8C0AA7542A, cid=1327, SUCCESS, logIndex=1869, commits[b461a7b0-028a-4eb5-b268-b89ac225aff8:c1869, b6ff45f5-67b8-463b-a273-c2e7d9dadd75:c1865, 6a5cb75f-f7eb-4671-9a85-3b6f7898f6cc:c1865]
2019-08-28 21:29:35,873 | INFO  | DNAudit | user=null | ip=null | op=WRITE_CHUNK {blockData=conID: 3 locID: 102696732315288028 bcsId: 0} | ret=SUCCESS |  
2019-08-28 21:29:35,873 | INFO  | DNAudit | user=null | ip=null | op=PUT_BLOCK {blockData=[blockId=conID: 3 locID: 102696732315288028 bcsId: 0,size=1048576]} | ret=SUCCESS |  
2019-08-28 21:29:35,873 | INFO  | DNAudit | user=null | ip=null | op=WRITE_CHUNK {blockData=conID: 3 locID: 102696732315288028 bcsId: 0} | ret=SUCCESS |  
2019-08-28 21:29:35,873 | INFO  | DNAudit | user=null | ip=null | op=PUT_BLOCK {blockData=[blockId=conID: 3 locID: 102696732315288028 bcsId: 0,size=1048576]} | ret=SUCCESS |  
2019-08-28 21:29:35,874 [grpc-default-executor-3] INFO  client.GrpcClientProtocolClient (GrpcClientProtocolClient.java:onNext(255)) - client-05DA20D107F8->b461a7b0-028a-4eb5-b268-b89ac225aff8: receive RaftClientReply:client-05DA20D107F8->b461a7b0-028a-4eb5-b268-b89ac225aff8@group-0C8C0AA7542A, cid=1328, SUCCESS, logIndex=0, commits[b461a7b0-028a-4eb5-b268-b89ac225aff8:c1871, b6ff45f5-67b8-463b-a273-c2e7d9dadd75:c1867, 6a5cb75f-f7eb-4671-9a85-3b6f7898f6cc:c1867]
2019-08-28 21:29:35,874 | INFO  | DNAudit | user=null | ip=null | op=WRITE_CHUNK {blockData=conID: 3 locID: 102696732315288028 bcsId: 0} | ret=SUCCESS |  
2019-08-28 21:29:35,874 | INFO  | DNAudit | user=null | ip=null | op=PUT_BLOCK {blockData=[blockId=conID: 3 locID: 102696732315288028 bcsId: 0,size=2097152]} | ret=SUCCESS |  
2019-08-28 21:29:35,875 | INFO  | DNAudit | user=null | ip=null | op=WRITE_CHUNK {blockData=conID: 3 locID: 102696732315288028 bcsId: 0} | ret=SUCCESS |  
2019-08-28 21:29:35,875 | INFO  | DNAudit | user=null | ip=null | op=PUT_BLOCK {blockData=[blockId=conID: 3 locID: 102696732315288028 bcsId: 0,size=2097152]} | ret=SUCCESS |  
2019-08-28 21:29:35,881 | INFO  | DNAudit | user=null | ip=null | op=WRITE_CHUNK {blockData=conID: 3 locID: 102696732315288028 bcsId: 1869} | ret=SUCCESS |  
2019-08-28 21:29:35,884 | INFO  | DNAudit | user=null | ip=null | op=WRITE_CHUNK {blockData=conID: 3 locID: 102696732315288028 bcsId: 1869} | ret=SUCCESS |  
2019-08-28 21:29:35,884 | INFO  | DNAudit | user=null | ip=null | op=WRITE_CHUNK {blockData=conID: 3 locID: 102696732315288028 bcsId: 1869} | ret=SUCCESS |  
2019-08-28 21:29:35,895 | INFO  | DNAudit | user=null | ip=null | op=WRITE_CHUNK {blockData=conID: 3 locID: 102696732315288028 bcsId: 1869} | ret=SUCCESS |  
2019-08-28 21:29:35,895 | INFO  | DNAudit | user=null | ip=null | op=PUT_BLOCK {blockData=[blockId=conID: 3 locID: 102696732315288028 bcsId: 0,size=3145728]} | ret=SUCCESS |  
2019-08-28 21:29:35,895 [grpc-default-executor-5] INFO  client.GrpcClientProtocolClient (GrpcClientProtocolClient.java:onNext(255)) - client-05DA20D107F8->b461a7b0-028a-4eb5-b268-b89ac225aff8: receive RaftClientReply:client-05DA20D107F8->b461a7b0-028a-4eb5-b268-b89ac225aff8@group-0C8C0AA7542A, cid=1329, SUCCESS, logIndex=1874, commits[b461a7b0-028a-4eb5-b268-b89ac225aff8:c1875, b6ff45f5-67b8-463b-a273-c2e7d9dadd75:c1873, 6a5cb75f-f7eb-4671-9a85-3b6f7898f6cc:c1873]
2019-08-28 21:29:35,896 [grpc-default-executor-5] INFO  client.GrpcClientProtocolClient (GrpcClientProtocolClient.java:onNext(255)) - client-05DA20D107F8->b461a7b0-028a-4eb5-b268-b89ac225aff8: receive RaftClientReply:client-05DA20D107F8->b461a7b0-028a-4eb5-b268-b89ac225aff8@group-0C8C0AA7542A, cid=1330, SUCCESS, logIndex=1875, commits[b461a7b0-028a-4eb5-b268-b89ac225aff8:c1875, b6ff45f5-67b8-463b-a273-c2e7d9dadd75:c1873, 6a5cb75f-f7eb-4671-9a85-3b6f7898f6cc:c1873]
2019-08-28 21:29:35,905 | INFO  | DNAudit | user=null | ip=null | op=WRITE_CHUNK {blockData=conID: 3 locID: 102696732315288028 bcsId: 1875} | ret=SUCCESS |  
2019-08-28 21:29:35,907 | INFO  | DNAudit | user=null | ip=null | op=WRITE_CHUNK {blockData=conID: 3 locID: 102696732315288028 bcsId: 1875} | ret=SUCCESS |  
2019-08-28 21:29:35,908 | INFO  | DNAudit | user=null | ip=null | op=WRITE_CHUNK {blockData=conID: 3 locID: 102696732315288028 bcsId: 1875} | ret=SUCCESS |  
2019-08-28 21:29:35,916 | INFO  | DNAudit | user=null | ip=null | op=WRITE_CHUNK {blockData=conID: 3 locID: 102696732315288028 bcsId: 1869} | ret=SUCCESS |  
2019-08-28 21:29:35,916 | INFO  | DNAudit | user=null | ip=null | op=WRITE_CHUNK {blockData=conID: 3 locID: 102696732315288028 bcsId: 1869} | ret=SUCCESS |  
2019-08-28 21:29:35,917 | INFO  | DNAudit | user=null | ip=null | op=PUT_BLOCK {blockData=[blockId=conID: 3 locID: 102696732315288028 bcsId: 0,size=3145728]} | ret=SUCCESS |  
2019-08-28 21:29:35,918 | INFO  | DNAudit | user=null | ip=null | op=PUT_BLOCK {blockData=[blockId=conID: 3 locID: 102696732315288028 bcsId: 0,size=3145728]} | ret=SUCCESS |  
2019-08-28 21:29:35,919 | INFO  | DNAudit | user=null | ip=null | op=WRITE_CHUNK {blockData=conID: 3 locID: 102696732315288028 bcsId: 1875} | ret=SUCCESS |  
2019-08-28 21:29:35,919 | INFO  | DNAudit | user=null | ip=null | op=PUT_BLOCK {blockData=[blockId=conID: 3 locID: 102696732315288028 bcsId: 0,size=4194304]} | ret=SUCCESS |  
2019-08-28 21:29:35,919 [grpc-default-executor-2] INFO  client.GrpcClientProtocolClient (GrpcClientProtocolClient.java:onNext(255)) - client-05DA20D107F8->b461a7b0-028a-4eb5-b268-b89ac225aff8: receive RaftClientReply:client-05DA20D107F8->b461a7b0-028a-4eb5-b268-b89ac225aff8@group-0C8C0AA7542A, cid=1331, SUCCESS, logIndex=1878, commits[b461a7b0-028a-4eb5-b268-b89ac225aff8:c1879, b6ff45f5-67b8-463b-a273-c2e7d9dadd75:c1875, 6a5cb75f-f7eb-4671-9a85-3b6f7898f6cc:c1875]
2019-08-28 21:29:35,920 [grpc-default-executor-2] INFO  client.GrpcClientProtocolClient (GrpcClientProtocolClient.java:onNext(255)) - client-05DA20D107F8->b461a7b0-028a-4eb5-b268-b89ac225aff8: receive RaftClientReply:client-05DA20D107F8->b461a7b0-028a-4eb5-b268-b89ac225aff8@group-0C8C0AA7542A, cid=1332, SUCCESS, logIndex=1879, commits[b461a7b0-028a-4eb5-b268-b89ac225aff8:c1879, b6ff45f5-67b8-463b-a273-c2e7d9dadd75:c1875, 6a5cb75f-f7eb-4671-9a85-3b6f7898f6cc:c1875]
2019-08-28 21:29:35,928 | INFO  | DNAudit | user=null | ip=null | op=WRITE_CHUNK {blockData=conID: 3 locID: 102696732315288028 bcsId: 1875} | ret=SUCCESS |  
2019-08-28 21:29:35,929 | INFO  | DNAudit | user=null | ip=null | op=WRITE_CHUNK {blockData=conID: 3 locID: 102696732315288028 bcsId: 1875} | ret=SUCCESS |  
2019-08-28 21:29:35,929 | INFO  | DNAudit | user=null | ip=null | op=PUT_BLOCK {blockData=[blockId=conID: 3 locID: 102696732315288028 bcsId: 0,size=4194304]} | ret=SUCCESS |  
2019-08-28 21:29:35,929 | INFO  | DNAudit | user=null | ip=null | op=PUT_BLOCK {blockData=[blockId=conID: 3 locID: 102696732315288028 bcsId: 0,size=4194304]} | ret=SUCCESS |  
2019-08-28 21:29:35,929 [grpc-default-executor-5] INFO  client.GrpcClientProtocolClient (GrpcClientProtocolClient.java:onNext(255)) - client-05DA20D107F8->b461a7b0-028a-4eb5-b268-b89ac225aff8: receive RaftClientReply:client-05DA20D107F8->b461a7b0-028a-4eb5-b268-b89ac225aff8@group-0C8C0AA7542A, cid=1333, SUCCESS, logIndex=0, commits[b461a7b0-028a-4eb5-b268-b89ac225aff8:c1879, b6ff45f5-67b8-463b-a273-c2e7d9dadd75:c1879, 6a5cb75f-f7eb-4671-9a85-3b6f7898f6cc:c1879]
2019-08-28 21:29:35,934 | INFO  | SCMAudit | user=jenkins1000 | ip=127.0.0.1 | op=ALLOCATE_BLOCK {owner=a0140aad-a474-4492-a39d-25bd6167d9f0, size=4194304, type=RATIS, factor=THREE} | ret=SUCCESS |  
2019-08-28 21:29:35,936 | INFO  | OMAudit | user=jenkins1000 | ip=127.0.0.1 | op=ALLOCATE_BLOCK {volume=vol-0-08922, bucket=bucket-0-29862, key=key-0-31337, dataSize=0, replicationType=null, replicationFactor=null, keyLocationInfo=null, clientID=102696731548516754} | ret=SUCCESS |  
2019-08-28 21:29:35,944 | INFO  | DNAudit | user=null | ip=null | op=WRITE_CHUNK {blockData=conID: 1 locID: 102696732323545565 bcsId: 0} | ret=SUCCESS |  
2019-08-28 21:29:35,947 | INFO  | DNAudit | user=null | ip=null | op=WRITE_CHUNK {blockData=conID: 1 locID: 102696732323545565 bcsId: 0} | ret=SUCCESS |  
2019-08-28 21:29:35,948 | INFO  | DNAudit | user=null | ip=null | op=WRITE_CHUNK {blockData=conID: 1 locID: 102696732323545565 bcsId: 0} | ret=SUCCESS |  
2019-08-28 21:29:35,948 | INFO  | DNAudit | user=null | ip=null | op=WRITE_CHUNK {blockData=conID: 1 locID: 102696732323545565 bcsId: 0} | ret=SUCCESS |  
2019-08-28 21:29:35,950 | INFO  | DNAudit | user=null | ip=null | op=WRITE_CHUNK {blockData=conID: 1 locID: 102696732323545565 bcsId: 0} | ret=SUCCESS |  
2019-08-28 21:29:35,950 | INFO  | DNAudit | user=null | ip=null | op=WRITE_CHUNK {blockData=conID: 1 locID: 102696732323545565 bcsId: 0} | ret=SUCCESS |  
2019-08-28 21:29:35,961 | INFO  | DNAudit | user=null | ip=null | op=WRITE_CHUNK {blockData=conID: 1 locID: 102696732323545565 bcsId: 0} | ret=SUCCESS |  
2019-08-28 21:29:35,962 | INFO  | DNAudit | user=null | ip=null | op=PUT_BLOCK {blockData=[blockId=conID: 1 locID: 102696732323545565 bcsId: 0,size=1048576]} | ret=SUCCESS |  
2019-08-28 21:29:35,962 [grpc-default-executor-6] INFO  client.GrpcClientProtocolClient (GrpcClientProtocolClient.java:onNext(255)) - client-05DA20D107F8->b461a7b0-028a-4eb5-b268-b89ac225aff8: receive RaftClientReply:client-05DA20D107F8->b461a7b0-028a-4eb5-b268-b89ac225aff8@group-0C8C0AA7542A, cid=1334, SUCCESS, logIndex=1881, commits[b461a7b0-028a-4eb5-b268-b89ac225aff8:c1884, b6ff45f5-67b8-463b-a273-c2e7d9dadd75:c1880, 6a5cb75f-f7eb-4671-9a85-3b6f7898f6cc:c1880]
2019-08-28 21:29:35,962 | INFO  | DNAudit | user=null | ip=null | op=WRITE_CHUNK {blockData=conID: 1 locID: 102696732323545565 bcsId: 0} | ret=SUCCESS |  
2019-08-28 21:29:35,962 | INFO  | DNAudit | user=null | ip=null | op=PUT_BLOCK {blockData=[blockId=conID: 1 locID: 102696732323545565 bcsId: 0,size=2097152]} | ret=SUCCESS |  
2019-08-28 21:29:35,962 [grpc-default-executor-6] INFO  client.GrpcClientProtocolClient (GrpcClientProtocolClient.java:onNext(255)) - client-05DA20D107F8->b461a7b0-028a-4eb5-b268-b89ac225aff8: receive RaftClientReply:client-05DA20D107F8->b461a7b0-028a-4eb5-b268-b89ac225aff8@group-0C8C0AA7542A, cid=1335, SUCCESS, logIndex=1882, commits[b461a7b0-028a-4eb5-b268-b89ac225aff8:c1884, b6ff45f5-67b8-463b-a273-c2e7d9dadd75:c1880, 6a5cb75f-f7eb-4671-9a85-3b6f7898f6cc:c1880]
2019-08-28 21:29:35,963 [grpc-default-executor-6] INFO  client.GrpcClientProtocolClient (GrpcClientProtocolClient.java:onNext(255)) - client-05DA20D107F8->b461a7b0-028a-4eb5-b268-b89ac225aff8: receive RaftClientReply:client-05DA20D107F8->b461a7b0-028a-4eb5-b268-b89ac225aff8@group-0C8C0AA7542A, cid=1336, SUCCESS, logIndex=1883, commits[b461a7b0-028a-4eb5-b268-b89ac225aff8:c1884, b6ff45f5-67b8-463b-a273-c2e7d9dadd75:c1880, 6a5cb75f-f7eb-4671-9a85-3b6f7898f6cc:c1880]
2019-08-28 21:29:35,963 [grpc-default-executor-6] INFO  client.GrpcClientProtocolClient (GrpcClientProtocolClient.java:onNext(255)) - client-05DA20D107F8->b461a7b0-028a-4eb5-b268-b89ac225aff8: receive RaftClientReply:client-05DA20D107F8->b461a7b0-028a-4eb5-b268-b89ac225aff8@group-0C8C0AA7542A, cid=1337, SUCCESS, logIndex=1884, commits[b461a7b0-028a-4eb5-b268-b89ac225aff8:c1884, b6ff45f5-67b8-463b-a273-c2e7d9dadd75:c1880, 6a5cb75f-f7eb-4671-9a85-3b6f7898f6cc:c1880]
2019-08-28 21:29:35,973 | INFO  | DNAudit | user=null | ip=null | op=WRITE_CHUNK {blockData=conID: 1 locID: 102696732323545565 bcsId: 0} | ret=SUCCESS |  
2019-08-28 21:29:35,973 | INFO  | DNAudit | user=null | ip=null | op=WRITE_CHUNK {blockData=conID: 1 locID: 102696732323545565 bcsId: 0} | ret=SUCCESS |  
2019-08-28 21:29:35,974 | INFO  | DNAudit | user=null | ip=null | op=PUT_BLOCK {blockData=[blockId=conID: 1 locID: 102696732323545565 bcsId: 0,size=1048576]} | ret=SUCCESS |  
2019-08-28 21:29:35,974 | INFO  | DNAudit | user=null | ip=null | op=PUT_BLOCK {blockData=[blockId=conID: 1 locID: 102696732323545565 bcsId: 0,size=1048576]} | ret=SUCCESS |  
2019-08-28 21:29:35,974 | INFO  | DNAudit | user=null | ip=null | op=WRITE_CHUNK {blockData=conID: 1 locID: 102696732323545565 bcsId: 0} | ret=SUCCESS |  
2019-08-28 21:29:35,974 | INFO  | DNAudit | user=null | ip=null | op=PUT_BLOCK {blockData=[blockId=conID: 1 locID: 102696732323545565 bcsId: 0,size=2097152]} | ret=SUCCESS |  
2019-08-28 21:29:35,974 | INFO  | DNAudit | user=null | ip=null | op=WRITE_CHUNK {blockData=conID: 1 locID: 102696732323545565 bcsId: 0} | ret=SUCCESS |  
2019-08-28 21:29:35,975 | INFO  | DNAudit | user=null | ip=null | op=PUT_BLOCK {blockData=[blockId=conID: 1 locID: 102696732323545565 bcsId: 0,size=2097152]} | ret=SUCCESS |  
2019-08-28 21:29:35,975 [grpc-default-executor-6] INFO  client.GrpcClientProtocolClient (GrpcClientProtocolClient.java:onNext(255)) - client-05DA20D107F8->b461a7b0-028a-4eb5-b268-b89ac225aff8: receive RaftClientReply:client-05DA20D107F8->b461a7b0-028a-4eb5-b268-b89ac225aff8@group-0C8C0AA7542A, cid=1338, SUCCESS, logIndex=0, commits[b461a7b0-028a-4eb5-b268-b89ac225aff8:c1887, b6ff45f5-67b8-463b-a273-c2e7d9dadd75:c1884, 6a5cb75f-f7eb-4671-9a85-3b6f7898f6cc:c1882]
2019-08-28 21:29:35,982 | INFO  | DNAudit | user=null | ip=null | op=WRITE_CHUNK {blockData=conID: 1 locID: 102696732323545565 bcsId: 1884} | ret=SUCCESS |  
2019-08-28 21:29:35,984 | INFO  | DNAudit | user=null | ip=null | op=WRITE_CHUNK {blockData=conID: 1 locID: 102696732323545565 bcsId: 1884} | ret=SUCCESS |  
2019-08-28 21:29:35,984 | INFO  | DNAudit | user=null | ip=null | op=WRITE_CHUNK {blockData=conID: 1 locID: 102696732323545565 bcsId: 1884} | ret=SUCCESS |  
2019-08-28 21:29:35,994 | INFO  | DNAudit | user=null | ip=null | op=WRITE_CHUNK {blockData=conID: 1 locID: 102696732323545565 bcsId: 1884} | ret=SUCCESS |  
2019-08-28 21:29:35,995 | INFO  | DNAudit | user=null | ip=null | op=PUT_BLOCK {blockData=[blockId=conID: 1 locID: 102696732323545565 bcsId: 0,size=3145728]} | ret=SUCCESS |  
2019-08-28 21:29:35,995 [grpc-default-executor-5] INFO  client.GrpcClientProtocolClient (GrpcClientProtocolClient.java:onNext(255)) - client-05DA20D107F8->b461a7b0-028a-4eb5-b268-b89ac225aff8: receive RaftClientReply:client-05DA20D107F8->b461a7b0-028a-4eb5-b268-b89ac225aff8@group-0C8C0AA7542A, cid=1339, SUCCESS, logIndex=1888, commits[b461a7b0-028a-4eb5-b268-b89ac225aff8:c1889, b6ff45f5-67b8-463b-a273-c2e7d9dadd75:c1887, 6a5cb75f-f7eb-4671-9a85-3b6f7898f6cc:c1887]
2019-08-28 21:29:35,995 [grpc-default-executor-5] INFO  client.GrpcClientProtocolClient (GrpcClientProtocolClient.java:onNext(255)) - client-05DA20D107F8->b461a7b0-028a-4eb5-b268-b89ac225aff8: receive RaftClientReply:client-05DA20D107F8->b461a7b0-028a-4eb5-b268-b89ac225aff8@group-0C8C0AA7542A, cid=1340, SUCCESS, logIndex=1889, commits[b461a7b0-028a-4eb5-b268-b89ac225aff8:c1889, b6ff45f5-67b8-463b-a273-c2e7d9dadd75:c1887, 6a5cb75f-f7eb-4671-9a85-3b6f7898f6cc:c1887]
2019-08-28 21:29:36,001 | INFO  | DNAudit | user=null | ip=null | op=WRITE_CHUNK {blockData=conID: 1 locID: 102696732323545565 bcsId: 1889} | ret=SUCCESS |  
2019-08-28 21:29:36,003 | INFO  | DNAudit | user=null | ip=null | op=WRITE_CHUNK {blockData=conID: 1 locID: 102696732323545565 bcsId: 1884} | ret=SUCCESS |  
2019-08-28 21:29:36,004 | INFO  | DNAudit | user=null | ip=null | op=WRITE_CHUNK {blockData=conID: 1 locID: 102696732323545565 bcsId: 1884} | ret=SUCCESS |  
2019-08-28 21:29:36,004 | INFO  | DNAudit | user=null | ip=null | op=PUT_BLOCK {blockData=[blockId=conID: 1 locID: 102696732323545565 bcsId: 0,size=3145728]} | ret=SUCCESS |  
2019-08-28 21:29:36,004 | INFO  | DNAudit | user=null | ip=null | op=WRITE_CHUNK {blockData=conID: 1 locID: 102696732323545565 bcsId: 1889} | ret=SUCCESS |  
2019-08-28 21:29:36,004 | INFO  | DNAudit | user=null | ip=null | op=WRITE_CHUNK {blockData=conID: 1 locID: 102696732323545565 bcsId: 1889} | ret=SUCCESS |  
2019-08-28 21:29:36,004 | INFO  | DNAudit | user=null | ip=null | op=PUT_BLOCK {blockData=[blockId=conID: 1 locID: 102696732323545565 bcsId: 0,size=3145728]} | ret=SUCCESS |  
2019-08-28 21:29:36,006 | INFO  | DNAudit | user=null | ip=null | op=WRITE_CHUNK {blockData=conID: 1 locID: 102696732323545565 bcsId: 1889} | ret=SUCCESS |  
2019-08-28 21:29:36,006 | INFO  | DNAudit | user=null | ip=null | op=PUT_BLOCK {blockData=[blockId=conID: 1 locID: 102696732323545565 bcsId: 0,size=4194304]} | ret=SUCCESS |  
2019-08-28 21:29:36,007 [grpc-default-executor-6] INFO  client.GrpcClientProtocolClient (GrpcClientProtocolClient.java:onNext(255)) - client-05DA20D107F8->b461a7b0-028a-4eb5-b268-b89ac225aff8: receive RaftClientReply:client-05DA20D107F8->b461a7b0-028a-4eb5-b268-b89ac225aff8@group-0C8C0AA7542A, cid=1341, SUCCESS, logIndex=1892, commits[b461a7b0-028a-4eb5-b268-b89ac225aff8:c1893, b6ff45f5-67b8-463b-a273-c2e7d9dadd75:c1889, 6a5cb75f-f7eb-4671-9a85-3b6f7898f6cc:c1889]
2019-08-28 21:29:36,007 [grpc-default-executor-6] INFO  client.GrpcClientProtocolClient (GrpcClientProtocolClient.java:onNext(255)) - client-05DA20D107F8->b461a7b0-028a-4eb5-b268-b89ac225aff8: receive RaftClientReply:client-05DA20D107F8->b461a7b0-028a-4eb5-b268-b89ac225aff8@group-0C8C0AA7542A, cid=1342, SUCCESS, logIndex=1893, commits[b461a7b0-028a-4eb5-b268-b89ac225aff8:c1893, b6ff45f5-67b8-463b-a273-c2e7d9dadd75:c1889, 6a5cb75f-f7eb-4671-9a85-3b6f7898f6cc:c1889]
2019-08-28 21:29:36,015 | INFO  | DNAudit | user=null | ip=null | op=WRITE_CHUNK {blockData=conID: 1 locID: 102696732323545565 bcsId: 1889} | ret=SUCCESS |  
2019-08-28 21:29:36,015 | INFO  | DNAudit | user=null | ip=null | op=WRITE_CHUNK {blockData=conID: 1 locID: 102696732323545565 bcsId: 1889} | ret=SUCCESS |  
2019-08-28 21:29:36,015 | INFO  | DNAudit | user=null | ip=null | op=PUT_BLOCK {blockData=[blockId=conID: 1 locID: 102696732323545565 bcsId: 0,size=4194304]} | ret=SUCCESS |  
2019-08-28 21:29:36,016 | INFO  | DNAudit | user=null | ip=null | op=PUT_BLOCK {blockData=[blockId=conID: 1 locID: 102696732323545565 bcsId: 0,size=4194304]} | ret=SUCCESS |  
2019-08-28 21:29:36,017 [grpc-default-executor-5] INFO  client.GrpcClientProtocolClient (GrpcClientProtocolClient.java:onNext(255)) - client-05DA20D107F8->b461a7b0-028a-4eb5-b268-b89ac225aff8: receive RaftClientReply:client-05DA20D107F8->b461a7b0-028a-4eb5-b268-b89ac225aff8@group-0C8C0AA7542A, cid=1343, SUCCESS, logIndex=0, commits[b461a7b0-028a-4eb5-b268-b89ac225aff8:c1895, b6ff45f5-67b8-463b-a273-c2e7d9dadd75:c1893, 6a5cb75f-f7eb-4671-9a85-3b6f7898f6cc:c1893]
2019-08-28 21:29:36,021 | INFO  | SCMAudit | user=jenkins1000 | ip=127.0.0.1 | op=ALLOCATE_BLOCK {owner=a0140aad-a474-4492-a39d-25bd6167d9f0, size=4194304, type=RATIS, factor=THREE} | ret=SUCCESS |  
2019-08-28 21:29:36,023 | INFO  | OMAudit | user=jenkins1000 | ip=127.0.0.1 | op=ALLOCATE_BLOCK {volume=vol-0-08922, bucket=bucket-0-29862, key=key-0-31337, dataSize=0, replicationType=null, replicationFactor=null, keyLocationInfo=null, clientID=102696731548516754} | ret=SUCCESS |  
2019-08-28 21:29:36,028 | INFO  | SCMAudit | user=jenkins1000 | ip=192.168.36.107 | op=SEND_HEARTBEAT {datanodeUUID=b6ff45f5-67b8-463b-a273-c2e7d9dadd75, command=[]} | ret=SUCCESS |  
2019-08-28 21:29:36,028 | INFO  | SCMAudit | user=jenkins1000 | ip=192.168.36.107 | op=SEND_HEARTBEAT {datanodeUUID=6a5cb75f-f7eb-4671-9a85-3b6f7898f6cc, command=[]} | ret=SUCCESS |  
2019-08-28 21:29:36,028 | INFO  | SCMAudit | user=jenkins1000 | ip=192.168.36.107 | op=SEND_HEARTBEAT {datanodeUUID=b461a7b0-028a-4eb5-b268-b89ac225aff8, command=[]} | ret=SUCCESS |  
2019-08-28 21:29:36,030 | INFO  | DNAudit | user=null | ip=null | op=WRITE_CHUNK {blockData=conID: 2 locID: 102696732329247198 bcsId: 0} | ret=SUCCESS |  
2019-08-28 21:29:36,033 | INFO  | DNAudit | user=null | ip=null | op=WRITE_CHUNK {blockData=conID: 2 locID: 102696732329247198 bcsId: 0} | ret=SUCCESS |  
2019-08-28 21:29:36,033 | INFO  | DNAudit | user=null | ip=null | op=WRITE_CHUNK {blockData=conID: 2 locID: 102696732329247198 bcsId: 0} | ret=SUCCESS |  
2019-08-28 21:29:36,033 | INFO  | DNAudit | user=null | ip=null | op=WRITE_CHUNK {blockData=conID: 2 locID: 102696732329247198 bcsId: 0} | ret=SUCCESS |  
2019-08-28 21:29:36,035 | INFO  | DNAudit | user=null | ip=null | op=WRITE_CHUNK {blockData=conID: 2 locID: 102696732329247198 bcsId: 0} | ret=SUCCESS |  
2019-08-28 21:29:36,035 | INFO  | DNAudit | user=null | ip=null | op=WRITE_CHUNK {blockData=conID: 2 locID: 102696732329247198 bcsId: 0} | ret=SUCCESS |  
2019-08-28 21:29:36,045 | INFO  | DNAudit | user=null | ip=null | op=WRITE_CHUNK {blockData=conID: 2 locID: 102696732329247198 bcsId: 0} | ret=SUCCESS |  
2019-08-28 21:29:36,046 | INFO  | DNAudit | user=null | ip=null | op=PUT_BLOCK {blockData=[blockId=conID: 2 locID: 102696732329247198 bcsId: 0,size=1048576]} | ret=SUCCESS |  
2019-08-28 21:29:36,046 [grpc-default-executor-2] INFO  client.GrpcClientProtocolClient (GrpcClientProtocolClient.java:onNext(255)) - client-05DA20D107F8->b461a7b0-028a-4eb5-b268-b89ac225aff8: receive RaftClientReply:client-05DA20D107F8->b461a7b0-028a-4eb5-b268-b89ac225aff8@group-0C8C0AA7542A, cid=1344, SUCCESS, logIndex=1896, commits[b461a7b0-028a-4eb5-b268-b89ac225aff8:c1897, b6ff45f5-67b8-463b-a273-c2e7d9dadd75:c1895, 6a5cb75f-f7eb-4671-9a85-3b6f7898f6cc:c1895]
2019-08-28 21:29:36,046 [grpc-default-executor-2] INFO  client.GrpcClientProtocolClient (GrpcClientProtocolClient.java:onNext(255)) - client-05DA20D107F8->b461a7b0-028a-4eb5-b268-b89ac225aff8: receive RaftClientReply:client-05DA20D107F8->b461a7b0-028a-4eb5-b268-b89ac225aff8@group-0C8C0AA7542A, cid=1345, SUCCESS, logIndex=1897, commits[b461a7b0-028a-4eb5-b268-b89ac225aff8:c1897, b6ff45f5-67b8-463b-a273-c2e7d9dadd75:c1895, 6a5cb75f-f7eb-4671-9a85-3b6f7898f6cc:c1895]
2019-08-28 21:29:36,055 | INFO  | DNAudit | user=null | ip=null | op=WRITE_CHUNK {blockData=conID: 2 locID: 102696732329247198 bcsId: 0} | ret=SUCCESS |  
2019-08-28 21:29:36,055 | INFO  | DNAudit | user=null | ip=null | op=PUT_BLOCK {blockData=[blockId=conID: 2 locID: 102696732329247198 bcsId: 0,size=2097152]} | ret=SUCCESS |  
2019-08-28 21:29:36,055 [grpc-default-executor-5] INFO  client.GrpcClientProtocolClient (GrpcClientProtocolClient.java:onNext(255)) - client-05DA20D107F8->b461a7b0-028a-4eb5-b268-b89ac225aff8: receive RaftClientReply:client-05DA20D107F8->b461a7b0-028a-4eb5-b268-b89ac225aff8@group-0C8C0AA7542A, cid=1346, SUCCESS, logIndex=1898, commits[b461a7b0-028a-4eb5-b268-b89ac225aff8:c1899, b6ff45f5-67b8-463b-a273-c2e7d9dadd75:c1895, 6a5cb75f-f7eb-4671-9a85-3b6f7898f6cc:c1895]
2019-08-28 21:29:36,056 [grpc-default-executor-5] INFO  client.GrpcClientProtocolClient (GrpcClientProtocolClient.java:onNext(255)) - client-05DA20D107F8->b461a7b0-028a-4eb5-b268-b89ac225aff8: receive RaftClientReply:client-05DA20D107F8->b461a7b0-028a-4eb5-b268-b89ac225aff8@group-0C8C0AA7542A, cid=1347, SUCCESS, logIndex=1899, commits[b461a7b0-028a-4eb5-b268-b89ac225aff8:c1899, b6ff45f5-67b8-463b-a273-c2e7d9dadd75:c1895, 6a5cb75f-f7eb-4671-9a85-3b6f7898f6cc:c1895]
2019-08-28 21:29:36,070 | INFO  | DNAudit | user=null | ip=null | op=WRITE_CHUNK {blockData=conID: 2 locID: 102696732329247198 bcsId: 0} | ret=SUCCESS |  
2019-08-28 21:29:36,070 | INFO  | DNAudit | user=null | ip=null | op=PUT_BLOCK {blockData=[blockId=conID: 2 locID: 102696732329247198 bcsId: 0,size=1048576]} | ret=SUCCESS |  
2019-08-28 21:29:36,071 | INFO  | DNAudit | user=null | ip=null | op=WRITE_CHUNK {blockData=conID: 2 locID: 102696732329247198 bcsId: 0} | ret=SUCCESS |  
2019-08-28 21:29:36,071 | INFO  | DNAudit | user=null | ip=null | op=PUT_BLOCK {blockData=[blockId=conID: 2 locID: 102696732329247198 bcsId: 0,size=1048576]} | ret=SUCCESS |  
2019-08-28 21:29:36,071 | INFO  | DNAudit | user=null | ip=null | op=WRITE_CHUNK {blockData=conID: 2 locID: 102696732329247198 bcsId: 0} | ret=SUCCESS |  
2019-08-28 21:29:36,071 | INFO  | DNAudit | user=null | ip=null | op=PUT_BLOCK {blockData=[blockId=conID: 2 locID: 102696732329247198 bcsId: 0,size=2097152]} | ret=SUCCESS |  
2019-08-28 21:29:36,072 [grpc-default-executor-5] INFO  client.GrpcClientProtocolClient (GrpcClientProtocolClient.java:onNext(255)) - client-05DA20D107F8->b461a7b0-028a-4eb5-b268-b89ac225aff8: receive RaftClientReply:client-05DA20D107F8->b461a7b0-028a-4eb5-b268-b89ac225aff8@group-0C8C0AA7542A, cid=1348, SUCCESS, logIndex=0, commits[b461a7b0-028a-4eb5-b268-b89ac225aff8:c1900, b6ff45f5-67b8-463b-a273-c2e7d9dadd75:c1897, 6a5cb75f-f7eb-4671-9a85-3b6f7898f6cc:c1897]
2019-08-28 21:29:36,072 | INFO  | DNAudit | user=null | ip=null | op=WRITE_CHUNK {blockData=conID: 2 locID: 102696732329247198 bcsId: 0} | ret=SUCCESS |  
2019-08-28 21:29:36,072 | INFO  | DNAudit | user=null | ip=null | op=PUT_BLOCK {blockData=[blockId=conID: 2 locID: 102696732329247198 bcsId: 0,size=2097152]} | ret=SUCCESS |  
2019-08-28 21:29:36,077 | INFO  | DNAudit | user=null | ip=null | op=WRITE_CHUNK {blockData=conID: 2 locID: 102696732329247198 bcsId: 1899} | ret=SUCCESS |  
2019-08-28 21:29:36,080 | INFO  | DNAudit | user=null | ip=null | op=WRITE_CHUNK {blockData=conID: 2 locID: 102696732329247198 bcsId: 1899} | ret=SUCCESS |  
2019-08-28 21:29:36,080 | INFO  | DNAudit | user=null | ip=null | op=WRITE_CHUNK {blockData=conID: 2 locID: 102696732329247198 bcsId: 1899} | ret=SUCCESS |  
2019-08-28 21:29:36,094 | INFO  | DNAudit | user=null | ip=null | op=WRITE_CHUNK {blockData=conID: 2 locID: 102696732329247198 bcsId: 1899} | ret=SUCCESS |  
2019-08-28 21:29:36,094 | INFO  | DNAudit | user=null | ip=null | op=PUT_BLOCK {blockData=[blockId=conID: 2 locID: 102696732329247198 bcsId: 0,size=3145728]} | ret=SUCCESS |  
2019-08-28 21:29:36,094 [grpc-default-executor-6] INFO  client.GrpcClientProtocolClient (GrpcClientProtocolClient.java:onNext(255)) - client-05DA20D107F8->b461a7b0-028a-4eb5-b268-b89ac225aff8: receive RaftClientReply:client-05DA20D107F8->b461a7b0-028a-4eb5-b268-b89ac225aff8@group-0C8C0AA7542A, cid=1349, SUCCESS, logIndex=1903, commits[b461a7b0-028a-4eb5-b268-b89ac225aff8:c1904, b6ff45f5-67b8-463b-a273-c2e7d9dadd75:c1902, 6a5cb75f-f7eb-4671-9a85-3b6f7898f6cc:c1902]
2019-08-28 21:29:36,095 [grpc-default-executor-6] INFO  client.GrpcClientProtocolClient (GrpcClientProtocolClient.java:onNext(255)) - client-05DA20D107F8->b461a7b0-028a-4eb5-b268-b89ac225aff8: receive RaftClientReply:client-05DA20D107F8->b461a7b0-028a-4eb5-b268-b89ac225aff8@group-0C8C0AA7542A, cid=1350, SUCCESS, logIndex=1904, commits[b461a7b0-028a-4eb5-b268-b89ac225aff8:c1904, b6ff45f5-67b8-463b-a273-c2e7d9dadd75:c1902, 6a5cb75f-f7eb-4671-9a85-3b6f7898f6cc:c1902]
 0.00% |█                                                                                                    |  0/1 Time: 0:00:122019-08-28 21:29:36,099 | INFO  | DNAudit | user=null | ip=null | op=WRITE_CHUNK {blockData=conID: 2 locID: 102696732329247198 bcsId: 1899} | ret=SUCCESS |  
2019-08-28 21:29:36,099 | INFO  | DNAudit | user=null | ip=null | op=WRITE_CHUNK {blockData=conID: 2 locID: 102696732329247198 bcsId: 1899} | ret=SUCCESS |  
2019-08-28 21:29:36,099 | INFO  | DNAudit | user=null | ip=null | op=PUT_BLOCK {blockData=[blockId=conID: 2 locID: 102696732329247198 bcsId: 0,size=3145728]} | ret=SUCCESS |  
2019-08-28 21:29:36,099 | INFO  | DNAudit | user=null | ip=null | op=PUT_BLOCK {blockData=[blockId=conID: 2 locID: 102696732329247198 bcsId: 0,size=3145728]} | ret=SUCCESS |  
2019-08-28 21:29:36,101 | INFO  | DNAudit | user=null | ip=null | op=WRITE_CHUNK {blockData=conID: 2 locID: 102696732329247198 bcsId: 1904} | ret=SUCCESS |  
2019-08-28 21:29:36,103 | INFO  | DNAudit | user=null | ip=null | op=WRITE_CHUNK {blockData=conID: 2 locID: 102696732329247198 bcsId: 1904} | ret=SUCCESS |  
2019-08-28 21:29:36,103 | INFO  | DNAudit | user=null | ip=null | op=WRITE_CHUNK {blockData=conID: 2 locID: 102696732329247198 bcsId: 1904} | ret=SUCCESS |  
2019-08-28 21:29:36,116 | INFO  | DNAudit | user=null | ip=null | op=WRITE_CHUNK {blockData=conID: 2 locID: 102696732329247198 bcsId: 1904} | ret=SUCCESS |  
2019-08-28 21:29:36,116 | INFO  | DNAudit | user=null | ip=null | op=PUT_BLOCK {blockData=[blockId=conID: 2 locID: 102696732329247198 bcsId: 0,size=4194304]} | ret=SUCCESS |  
2019-08-28 21:29:36,117 [grpc-default-executor-6] INFO  client.GrpcClientProtocolClient (GrpcClientProtocolClient.java:onNext(255)) - client-05DA20D107F8->b461a7b0-028a-4eb5-b268-b89ac225aff8: receive RaftClientReply:client-05DA20D107F8->b461a7b0-028a-4eb5-b268-b89ac225aff8@group-0C8C0AA7542A, cid=1351, SUCCESS, logIndex=1907, commits[b461a7b0-028a-4eb5-b268-b89ac225aff8:c1908, b6ff45f5-67b8-463b-a273-c2e7d9dadd75:c1905, 6a5cb75f-f7eb-4671-9a85-3b6f7898f6cc:c1905]
2019-08-28 21:29:36,117 [grpc-default-executor-6] INFO  client.GrpcClientProtocolClient (GrpcClientProtocolClient.java:onNext(255)) - client-05DA20D107F8->b461a7b0-028a-4eb5-b268-b89ac225aff8: receive RaftClientReply:client-05DA20D107F8->b461a7b0-028a-4eb5-b268-b89ac225aff8@group-0C8C0AA7542A, cid=1352, SUCCESS, logIndex=1908, commits[b461a7b0-028a-4eb5-b268-b89ac225aff8:c1908, b6ff45f5-67b8-463b-a273-c2e7d9dadd75:c1905, 6a5cb75f-f7eb-4671-9a85-3b6f7898f6cc:c1905]
2019-08-28 21:29:36,256 | INFO  | DNAudit | user=null | ip=null | op=WRITE_CHUNK {blockData=conID: 2 locID: 102696732329247198 bcsId: 1904} | ret=SUCCESS |  
2019-08-28 21:29:36,256 | INFO  | DNAudit | user=null | ip=null | op=WRITE_CHUNK {blockData=conID: 2 locID: 102696732329247198 bcsId: 1904} | ret=SUCCESS |  
2019-08-28 21:29:36,256 | INFO  | DNAudit | user=null | ip=null | op=PUT_BLOCK {blockData=[blockId=conID: 2 locID: 102696732329247198 bcsId: 0,size=4194304]} | ret=SUCCESS |  
2019-08-28 21:29:36,256 | INFO  | DNAudit | user=null | ip=null | op=PUT_BLOCK {blockData=[blockId=conID: 2 locID: 102696732329247198 bcsId: 0,size=4194304]} | ret=SUCCESS |  
2019-08-28 21:29:36,257 [grpc-default-executor-2] INFO  client.GrpcClientProtocolClient (GrpcClientProtocolClient.java:onNext(255)) - client-05DA20D107F8->b461a7b0-028a-4eb5-b268-b89ac225aff8: receive RaftClientReply:client-05DA20D107F8->b461a7b0-028a-4eb5-b268-b89ac225aff8@group-0C8C0AA7542A, cid=1353, SUCCESS, logIndex=0, commits[b461a7b0-028a-4eb5-b268-b89ac225aff8:c1910, b6ff45f5-67b8-463b-a273-c2e7d9dadd75:c1908, 6a5cb75f-f7eb-4671-9a85-3b6f7898f6cc:c1908]
2019-08-28 21:29:36,263 | INFO  | SCMAudit | user=jenkins1000 | ip=127.0.0.1 | op=ALLOCATE_BLOCK {owner=a0140aad-a474-4492-a39d-25bd6167d9f0, size=4194304, type=RATIS, factor=THREE} | ret=SUCCESS |  
2019-08-28 21:29:36,266 | INFO  | OMAudit | user=jenkins1000 | ip=127.0.0.1 | op=ALLOCATE_BLOCK {volume=vol-0-08922, bucket=bucket-0-29862, key=key-0-31337, dataSize=0, replicationType=null, replicationFactor=null, keyLocationInfo=null, clientID=102696731548516754} | ret=SUCCESS |  
2019-08-28 21:29:36,274 | INFO  | DNAudit | user=null | ip=null | op=WRITE_CHUNK {blockData=conID: 3 locID: 102696732345172447 bcsId: 0} | ret=SUCCESS |  
2019-08-28 21:29:36,276 | INFO  | DNAudit | user=null | ip=null | op=WRITE_CHUNK {blockData=conID: 3 locID: 102696732345172447 bcsId: 0} | ret=SUCCESS |  
2019-08-28 21:29:36,276 | INFO  | DNAudit | user=null | ip=null | op=WRITE_CHUNK {blockData=conID: 3 locID: 102696732345172447 bcsId: 0} | ret=SUCCESS |  
2019-08-28 21:29:36,277 | INFO  | DNAudit | user=null | ip=null | op=WRITE_CHUNK {blockData=conID: 3 locID: 102696732345172447 bcsId: 0} | ret=SUCCESS |  
2019-08-28 21:29:36,280 | INFO  | DNAudit | user=null | ip=null | op=WRITE_CHUNK {blockData=conID: 3 locID: 102696732345172447 bcsId: 0} | ret=SUCCESS |  
2019-08-28 21:29:36,280 | INFO  | DNAudit | user=null | ip=null | op=WRITE_CHUNK {blockData=conID: 3 locID: 102696732345172447 bcsId: 0} | ret=SUCCESS |  
2019-08-28 21:29:36,293 | INFO  | DNAudit | user=null | ip=null | op=WRITE_CHUNK {blockData=conID: 3 locID: 102696732345172447 bcsId: 0} | ret=SUCCESS |  
2019-08-28 21:29:36,294 | INFO  | DNAudit | user=null | ip=null | op=PUT_BLOCK {blockData=[blockId=conID: 3 locID: 102696732345172447 bcsId: 0,size=1048576]} | ret=SUCCESS |  
2019-08-28 21:29:36,294 [grpc-default-executor-6] INFO  client.GrpcClientProtocolClient (GrpcClientProtocolClient.java:onNext(255)) - client-05DA20D107F8->b461a7b0-028a-4eb5-b268-b89ac225aff8: receive RaftClientReply:client-05DA20D107F8->b461a7b0-028a-4eb5-b268-b89ac225aff8@group-0C8C0AA7542A, cid=1354, SUCCESS, logIndex=1911, commits[b461a7b0-028a-4eb5-b268-b89ac225aff8:c1912, b6ff45f5-67b8-463b-a273-c2e7d9dadd75:c1910, 6a5cb75f-f7eb-4671-9a85-3b6f7898f6cc:c1910]
2019-08-28 21:29:36,294 [grpc-default-executor-6] INFO  client.GrpcClientProtocolClient (GrpcClientProtocolClient.java:onNext(255)) - client-05DA20D107F8->b461a7b0-028a-4eb5-b268-b89ac225aff8: receive RaftClientReply:client-05DA20D107F8->b461a7b0-028a-4eb5-b268-b89ac225aff8@group-0C8C0AA7542A, cid=1355, SUCCESS, logIndex=1912, commits[b461a7b0-028a-4eb5-b268-b89ac225aff8:c1912, b6ff45f5-67b8-463b-a273-c2e7d9dadd75:c1910, 6a5cb75f-f7eb-4671-9a85-3b6f7898f6cc:c1910]
2019-08-28 21:29:36,303 | INFO  | DNAudit | user=null | ip=null | op=WRITE_CHUNK {blockData=conID: 3 locID: 102696732345172447 bcsId: 0} | ret=SUCCESS |  
2019-08-28 21:29:36,303 | INFO  | DNAudit | user=null | ip=null | op=PUT_BLOCK {blockData=[blockId=conID: 3 locID: 102696732345172447 bcsId: 0,size=2097152]} | ret=SUCCESS |  
2019-08-28 21:29:36,303 [grpc-default-executor-5] INFO  client.GrpcClientProtocolClient (GrpcClientProtocolClient.java:onNext(255)) - client-05DA20D107F8->b461a7b0-028a-4eb5-b268-b89ac225aff8: receive RaftClientReply:client-05DA20D107F8->b461a7b0-028a-4eb5-b268-b89ac225aff8@group-0C8C0AA7542A, cid=1356, SUCCESS, logIndex=1913, commits[b461a7b0-028a-4eb5-b268-b89ac225aff8:c1914, b6ff45f5-67b8-463b-a273-c2e7d9dadd75:c1910, 6a5cb75f-f7eb-4671-9a85-3b6f7898f6cc:c1910]
2019-08-28 21:29:36,304 [grpc-default-executor-5] INFO  client.GrpcClientProtocolClient (GrpcClientProtocolClient.java:onNext(255)) - client-05DA20D107F8->b461a7b0-028a-4eb5-b268-b89ac225aff8: receive RaftClientReply:client-05DA20D107F8->b461a7b0-028a-4eb5-b268-b89ac225aff8@group-0C8C0AA7542A, cid=1357, SUCCESS, logIndex=1914, commits[b461a7b0-028a-4eb5-b268-b89ac225aff8:c1914, b6ff45f5-67b8-463b-a273-c2e7d9dadd75:c1910, 6a5cb75f-f7eb-4671-9a85-3b6f7898f6cc:c1910]
2019-08-28 21:29:36,310 | INFO  | DNAudit | user=null | ip=null | op=WRITE_CHUNK {blockData=conID: 3 locID: 102696732345172447 bcsId: 0} | ret=SUCCESS |  
2019-08-28 21:29:36,310 | INFO  | DNAudit | user=null | ip=null | op=WRITE_CHUNK {blockData=conID: 3 locID: 102696732345172447 bcsId: 0} | ret=SUCCESS |  
2019-08-28 21:29:36,311 | INFO  | DNAudit | user=null | ip=null | op=PUT_BLOCK {blockData=[blockId=conID: 3 locID: 102696732345172447 bcsId: 0,size=1048576]} | ret=SUCCESS |  
2019-08-28 21:29:36,311 | INFO  | DNAudit | user=null | ip=null | op=PUT_BLOCK {blockData=[blockId=conID: 3 locID: 102696732345172447 bcsId: 0,size=1048576]} | ret=SUCCESS |  
2019-08-28 21:29:36,311 [grpc-default-executor-5] INFO  client.GrpcClientProtocolClient (GrpcClientProtocolClient.java:onNext(255)) - client-05DA20D107F8->b461a7b0-028a-4eb5-b268-b89ac225aff8: receive RaftClientReply:client-05DA20D107F8->b461a7b0-028a-4eb5-b268-b89ac225aff8@group-0C8C0AA7542A, cid=1358, SUCCESS, logIndex=0, commits[b461a7b0-028a-4eb5-b268-b89ac225aff8:c1916, b6ff45f5-67b8-463b-a273-c2e7d9dadd75:c1912, 6a5cb75f-f7eb-4671-9a85-3b6f7898f6cc:c1912]
2019-08-28 21:29:36,318 | INFO  | DNAudit | user=null | ip=null | op=WRITE_CHUNK {blockData=conID: 3 locID: 102696732345172447 bcsId: 1914} | ret=SUCCESS |  
2019-08-28 21:29:36,320 | INFO  | DNAudit | user=null | ip=null | op=WRITE_CHUNK {blockData=conID: 3 locID: 102696732345172447 bcsId: 1914} | ret=SUCCESS |  
2019-08-28 21:29:36,320 | INFO  | DNAudit | user=null | ip=null | op=WRITE_CHUNK {blockData=conID: 3 locID: 102696732345172447 bcsId: 1914} | ret=SUCCESS |  
2019-08-28 21:29:36,322 | INFO  | DNAudit | user=null | ip=null | op=WRITE_CHUNK {blockData=conID: 3 locID: 102696732345172447 bcsId: 0} | ret=SUCCESS |  
2019-08-28 21:29:36,322 | INFO  | DNAudit | user=null | ip=null | op=PUT_BLOCK {blockData=[blockId=conID: 3 locID: 102696732345172447 bcsId: 0,size=2097152]} | ret=SUCCESS |  
2019-08-28 21:29:36,325 | INFO  | DNAudit | user=null | ip=null | op=WRITE_CHUNK {blockData=conID: 3 locID: 102696732345172447 bcsId: 0} | ret=SUCCESS |  
2019-08-28 21:29:36,325 | INFO  | DNAudit | user=null | ip=null | op=PUT_BLOCK {blockData=[blockId=conID: 3 locID: 102696732345172447 bcsId: 0,size=2097152]} | ret=SUCCESS |  
2019-08-28 21:29:36,332 | INFO  | DNAudit | user=null | ip=null | op=WRITE_CHUNK {blockData=conID: 3 locID: 102696732345172447 bcsId: 1914} | ret=SUCCESS |  
2019-08-28 21:29:36,332 | INFO  | DNAudit | user=null | ip=null | op=PUT_BLOCK {blockData=[blockId=conID: 3 locID: 102696732345172447 bcsId: 0,size=3145728]} | ret=SUCCESS |  
2019-08-28 21:29:36,332 [grpc-default-executor-2] INFO  client.GrpcClientProtocolClient (GrpcClientProtocolClient.java:onNext(255)) - client-05DA20D107F8->b461a7b0-028a-4eb5-b268-b89ac225aff8: receive RaftClientReply:client-05DA20D107F8->b461a7b0-028a-4eb5-b268-b89ac225aff8@group-0C8C0AA7542A, cid=1359, SUCCESS, logIndex=1919, commits[b461a7b0-028a-4eb5-b268-b89ac225aff8:c1920, b6ff45f5-67b8-463b-a273-c2e7d9dadd75:c1916, 6a5cb75f-f7eb-4671-9a85-3b6f7898f6cc:c1914]
2019-08-28 21:29:36,332 [grpc-default-executor-2] INFO  client.GrpcClientProtocolClient (GrpcClientProtocolClient.java:onNext(255)) - client-05DA20D107F8->b461a7b0-028a-4eb5-b268-b89ac225aff8: receive RaftClientReply:client-05DA20D107F8->b461a7b0-028a-4eb5-b268-b89ac225aff8@group-0C8C0AA7542A, cid=1360, SUCCESS, logIndex=1920, commits[b461a7b0-028a-4eb5-b268-b89ac225aff8:c1920, b6ff45f5-67b8-463b-a273-c2e7d9dadd75:c1916, 6a5cb75f-f7eb-4671-9a85-3b6f7898f6cc:c1916]
2019-08-28 21:29:36,339 | INFO  | DNAudit | user=null | ip=null | op=WRITE_CHUNK {blockData=conID: 3 locID: 102696732345172447 bcsId: 1920} | ret=SUCCESS |  
2019-08-28 21:29:36,339 | INFO  | DNAudit | user=null | ip=null | op=WRITE_CHUNK {blockData=conID: 3 locID: 102696732345172447 bcsId: 1914} | ret=SUCCESS |  
2019-08-28 21:29:36,339 | INFO  | DNAudit | user=null | ip=null | op=WRITE_CHUNK {blockData=conID: 3 locID: 102696732345172447 bcsId: 1914} | ret=SUCCESS |  
2019-08-28 21:29:36,339 | INFO  | DNAudit | user=null | ip=null | op=PUT_BLOCK {blockData=[blockId=conID: 3 locID: 102696732345172447 bcsId: 0,size=3145728]} | ret=SUCCESS |  
2019-08-28 21:29:36,339 | INFO  | DNAudit | user=null | ip=null | op=PUT_BLOCK {blockData=[blockId=conID: 3 locID: 102696732345172447 bcsId: 0,size=3145728]} | ret=SUCCESS |  
2019-08-28 21:29:36,341 | INFO  | DNAudit | user=null | ip=null | op=WRITE_CHUNK {blockData=conID: 3 locID: 102696732345172447 bcsId: 1920} | ret=SUCCESS |  
2019-08-28 21:29:36,341 | INFO  | DNAudit | user=null | ip=null | op=WRITE_CHUNK {blockData=conID: 3 locID: 102696732345172447 bcsId: 1920} | ret=SUCCESS |  
2019-08-28 21:29:36,385 | INFO  | DNAudit | user=null | ip=null | op=WRITE_CHUNK {blockData=conID: 3 locID: 102696732345172447 bcsId: 1920} | ret=SUCCESS |  
2019-08-28 21:29:36,386 | INFO  | DNAudit | user=null | ip=null | op=PUT_BLOCK {blockData=[blockId=conID: 3 locID: 102696732345172447 bcsId: 0,size=4194304]} | ret=SUCCESS |  
2019-08-28 21:29:36,386 [grpc-default-executor-6] INFO  client.GrpcClientProtocolClient (GrpcClientProtocolClient.java:onNext(255)) - client-05DA20D107F8->b461a7b0-028a-4eb5-b268-b89ac225aff8: receive RaftClientReply:client-05DA20D107F8->b461a7b0-028a-4eb5-b268-b89ac225aff8@group-0C8C0AA7542A, cid=1361, SUCCESS, logIndex=1923, commits[b461a7b0-028a-4eb5-b268-b89ac225aff8:c1924, b6ff45f5-67b8-463b-a273-c2e7d9dadd75:c1920, 6a5cb75f-f7eb-4671-9a85-3b6f7898f6cc:c1920]
2019-08-28 21:29:36,387 [grpc-default-executor-6] INFO  client.GrpcClientProtocolClient (GrpcClientProtocolClient.java:onNext(255)) - client-05DA20D107F8->b461a7b0-028a-4eb5-b268-b89ac225aff8: receive RaftClientReply:client-05DA20D107F8->b461a7b0-028a-4eb5-b268-b89ac225aff8@group-0C8C0AA7542A, cid=1362, SUCCESS, logIndex=1924, commits[b461a7b0-028a-4eb5-b268-b89ac225aff8:c1924, b6ff45f5-67b8-463b-a273-c2e7d9dadd75:c1920, 6a5cb75f-f7eb-4671-9a85-3b6f7898f6cc:c1920]
2019-08-28 21:29:36,408 | INFO  | DNAudit | user=null | ip=null | op=WRITE_CHUNK {blockData=conID: 3 locID: 102696732345172447 bcsId: 1920} | ret=SUCCESS |  
2019-08-28 21:29:36,409 | INFO  | DNAudit | user=null | ip=null | op=PUT_BLOCK {blockData=[blockId=conID: 3 locID: 102696732345172447 bcsId: 0,size=4194304]} | ret=SUCCESS |  
2019-08-28 21:29:36,429 | INFO  | SCMAudit | user=jenkins1000 | ip=192.168.36.107 | op=SEND_HEARTBEAT {datanodeUUID=af4986ea-80d8-4c92-96d2-2b3929a4248a, command=[]} | ret=SUCCESS |  
2019-08-28 21:29:36,429 | INFO  | SCMAudit | user=jenkins1000 | ip=192.168.36.107 | op=SEND_HEARTBEAT {datanodeUUID=68f89a68-6a96-4cde-8528-8617611d459d, command=[]} | ret=SUCCESS |  
2019-08-28 21:29:36,430 | INFO  | DNAudit | user=null | ip=null | op=WRITE_CHUNK {blockData=conID: 3 locID: 102696732345172447 bcsId: 1920} | ret=SUCCESS |  
2019-08-28 21:29:36,431 | INFO  | DNAudit | user=null | ip=null | op=PUT_BLOCK {blockData=[blockId=conID: 3 locID: 102696732345172447 bcsId: 0,size=4194304]} | ret=SUCCESS |  
2019-08-28 21:29:36,431 [grpc-default-executor-6] INFO  client.GrpcClientProtocolClient (GrpcClientProtocolClient.java:onNext(255)) - client-05DA20D107F8->b461a7b0-028a-4eb5-b268-b89ac225aff8: receive RaftClientReply:client-05DA20D107F8->b461a7b0-028a-4eb5-b268-b89ac225aff8@group-0C8C0AA7542A, cid=1363, SUCCESS, logIndex=0, commits[b461a7b0-028a-4eb5-b268-b89ac225aff8:c1926, b6ff45f5-67b8-463b-a273-c2e7d9dadd75:c1924, 6a5cb75f-f7eb-4671-9a85-3b6f7898f6cc:c1924]
2019-08-28 21:29:36,437 | INFO  | SCMAudit | user=jenkins1000 | ip=127.0.0.1 | op=ALLOCATE_BLOCK {owner=a0140aad-a474-4492-a39d-25bd6167d9f0, size=4194304, type=RATIS, factor=THREE} | ret=SUCCESS |  
2019-08-28 21:29:36,440 | INFO  | OMAudit | user=jenkins1000 | ip=127.0.0.1 | op=ALLOCATE_BLOCK {volume=vol-0-08922, bucket=bucket-0-29862, key=key-0-31337, dataSize=0, replicationType=null, replicationFactor=null, keyLocationInfo=null, clientID=102696731548516754} | ret=SUCCESS |  
2019-08-28 21:29:36,448 | INFO  | DNAudit | user=null | ip=null | op=WRITE_CHUNK {blockData=conID: 1 locID: 102696732356575712 bcsId: 0} | ret=SUCCESS |  
2019-08-28 21:29:36,450 | INFO  | DNAudit | user=null | ip=null | op=WRITE_CHUNK {blockData=conID: 1 locID: 102696732356575712 bcsId: 0} | ret=SUCCESS |  
2019-08-28 21:29:36,451 | INFO  | DNAudit | user=null | ip=null | op=WRITE_CHUNK {blockData=conID: 1 locID: 102696732356575712 bcsId: 0} | ret=SUCCESS |  
2019-08-28 21:29:36,451 | INFO  | DNAudit | user=null | ip=null | op=WRITE_CHUNK {blockData=conID: 1 locID: 102696732356575712 bcsId: 0} | ret=SUCCESS |  
2019-08-28 21:29:36,452 | INFO  | DNAudit | user=null | ip=null | op=WRITE_CHUNK {blockData=conID: 1 locID: 102696732356575712 bcsId: 0} | ret=SUCCESS |  
2019-08-28 21:29:36,453 | INFO  | DNAudit | user=null | ip=null | op=WRITE_CHUNK {blockData=conID: 1 locID: 102696732356575712 bcsId: 0} | ret=SUCCESS |  
2019-08-28 21:29:36,466 | INFO  | DNAudit | user=null | ip=null | op=WRITE_CHUNK {blockData=conID: 1 locID: 102696732356575712 bcsId: 0} | ret=SUCCESS |  
2019-08-28 21:29:36,467 | INFO  | DNAudit | user=null | ip=null | op=PUT_BLOCK {blockData=[blockId=conID: 1 locID: 102696732356575712 bcsId: 0,size=1048576]} | ret=SUCCESS |  
2019-08-28 21:29:36,467 [grpc-default-executor-2] INFO  client.GrpcClientProtocolClient (GrpcClientProtocolClient.java:onNext(255)) - client-05DA20D107F8->b461a7b0-028a-4eb5-b268-b89ac225aff8: receive RaftClientReply:client-05DA20D107F8->b461a7b0-028a-4eb5-b268-b89ac225aff8@group-0C8C0AA7542A, cid=1364, SUCCESS, logIndex=1927, commits[b461a7b0-028a-4eb5-b268-b89ac225aff8:c1928, b6ff45f5-67b8-463b-a273-c2e7d9dadd75:c1926, 6a5cb75f-f7eb-4671-9a85-3b6f7898f6cc:c1926]
2019-08-28 21:29:36,467 | INFO  | DNAudit | user=null | ip=null | op=WRITE_CHUNK {blockData=conID: 1 locID: 102696732356575712 bcsId: 0} | ret=SUCCESS |  
2019-08-28 21:29:36,468 | INFO  | DNAudit | user=null | ip=null | op=PUT_BLOCK {blockData=[blockId=conID: 1 locID: 102696732356575712 bcsId: 0,size=2097152]} | ret=SUCCESS |  
2019-08-28 21:29:36,468 [grpc-default-executor-2] INFO  client.GrpcClientProtocolClient (GrpcClientProtocolClient.java:onNext(255)) - client-05DA20D107F8->b461a7b0-028a-4eb5-b268-b89ac225aff8: receive RaftClientReply:client-05DA20D107F8->b461a7b0-028a-4eb5-b268-b89ac225aff8@group-0C8C0AA7542A, cid=1365, SUCCESS, logIndex=1928, commits[b461a7b0-028a-4eb5-b268-b89ac225aff8:c1930, b6ff45f5-67b8-463b-a273-c2e7d9dadd75:c1926, 6a5cb75f-f7eb-4671-9a85-3b6f7898f6cc:c1926]
2019-08-28 21:29:36,468 [grpc-default-executor-2] INFO  client.GrpcClientProtocolClient (GrpcClientProtocolClient.java:onNext(255)) - client-05DA20D107F8->b461a7b0-028a-4eb5-b268-b89ac225aff8: receive RaftClientReply:client-05DA20D107F8->b461a7b0-028a-4eb5-b268-b89ac225aff8@group-0C8C0AA7542A, cid=1366, SUCCESS, logIndex=1929, commits[b461a7b0-028a-4eb5-b268-b89ac225aff8:c1930, b6ff45f5-67b8-463b-a273-c2e7d9dadd75:c1926, 6a5cb75f-f7eb-4671-9a85-3b6f7898f6cc:c1926]
2019-08-28 21:29:36,468 [grpc-default-executor-2] INFO  client.GrpcClientProtocolClient (GrpcClientProtocolClient.java:onNext(255)) - client-05DA20D107F8->b461a7b0-028a-4eb5-b268-b89ac225aff8: receive RaftClientReply:client-05DA20D107F8->b461a7b0-028a-4eb5-b268-b89ac225aff8@group-0C8C0AA7542A, cid=1367, SUCCESS, logIndex=1930, commits[b461a7b0-028a-4eb5-b268-b89ac225aff8:c1930, b6ff45f5-67b8-463b-a273-c2e7d9dadd75:c1926, 6a5cb75f-f7eb-4671-9a85-3b6f7898f6cc:c1926]
2019-08-28 21:29:36,476 | INFO  | DNAudit | user=null | ip=null | op=WRITE_CHUNK {blockData=conID: 1 locID: 102696732356575712 bcsId: 0} | ret=SUCCESS |  
2019-08-28 21:29:36,476 | INFO  | DNAudit | user=null | ip=null | op=WRITE_CHUNK {blockData=conID: 1 locID: 102696732356575712 bcsId: 0} | ret=SUCCESS |  
2019-08-28 21:29:36,477 | INFO  | DNAudit | user=null | ip=null | op=PUT_BLOCK {blockData=[blockId=conID: 1 locID: 102696732356575712 bcsId: 0,size=1048576]} | ret=SUCCESS |  
2019-08-28 21:29:36,477 | INFO  | DNAudit | user=null | ip=null | op=WRITE_CHUNK {blockData=conID: 1 locID: 102696732356575712 bcsId: 0} | ret=SUCCESS |  
2019-08-28 21:29:36,477 | INFO  | DNAudit | user=null | ip=null | op=PUT_BLOCK {blockData=[blockId=conID: 1 locID: 102696732356575712 bcsId: 0,size=1048576]} | ret=SUCCESS |  
2019-08-28 21:29:36,478 | INFO  | DNAudit | user=null | ip=null | op=PUT_BLOCK {blockData=[blockId=conID: 1 locID: 102696732356575712 bcsId: 0,size=2097152]} | ret=SUCCESS |  
2019-08-28 21:29:36,478 | INFO  | DNAudit | user=null | ip=null | op=WRITE_CHUNK {blockData=conID: 1 locID: 102696732356575712 bcsId: 0} | ret=SUCCESS |  
2019-08-28 21:29:36,478 | INFO  | DNAudit | user=null | ip=null | op=PUT_BLOCK {blockData=[blockId=conID: 1 locID: 102696732356575712 bcsId: 0,size=2097152]} | ret=SUCCESS |  
2019-08-28 21:29:36,478 [grpc-default-executor-2] INFO  client.GrpcClientProtocolClient (GrpcClientProtocolClient.java:onNext(255)) - client-05DA20D107F8->b461a7b0-028a-4eb5-b268-b89ac225aff8: receive RaftClientReply:client-05DA20D107F8->b461a7b0-028a-4eb5-b268-b89ac225aff8@group-0C8C0AA7542A, cid=1368, SUCCESS, logIndex=0, commits[b461a7b0-028a-4eb5-b268-b89ac225aff8:c1932, b6ff45f5-67b8-463b-a273-c2e7d9dadd75:c1928, 6a5cb75f-f7eb-4671-9a85-3b6f7898f6cc:c1928]
2019-08-28 21:29:36,484 | INFO  | DNAudit | user=null | ip=null | op=WRITE_CHUNK {blockData=conID: 1 locID: 102696732356575712 bcsId: 1930} | ret=SUCCESS |  
2019-08-28 21:29:36,485 | INFO  | DNAudit | user=null | ip=null | op=WRITE_CHUNK {blockData=conID: 1 locID: 102696732356575712 bcsId: 1930} | ret=SUCCESS |  
2019-08-28 21:29:36,486 | INFO  | DNAudit | user=null | ip=null | op=WRITE_CHUNK {blockData=conID: 1 locID: 102696732356575712 bcsId: 1930} | ret=SUCCESS |  
2019-08-28 21:29:36,509 | INFO  | DNAudit | user=null | ip=null | op=WRITE_CHUNK {blockData=conID: 1 locID: 102696732356575712 bcsId: 1930} | ret=SUCCESS |  
2019-08-28 21:29:36,509 | INFO  | DNAudit | user=null | ip=null | op=PUT_BLOCK {blockData=[blockId=conID: 1 locID: 102696732356575712 bcsId: 0,size=3145728]} | ret=SUCCESS |  
2019-08-28 21:29:36,509 [grpc-default-executor-2] INFO  client.GrpcClientProtocolClient (GrpcClientProtocolClient.java:onNext(255)) - client-05DA20D107F8->b461a7b0-028a-4eb5-b268-b89ac225aff8: receive RaftClientReply:client-05DA20D107F8->b461a7b0-028a-4eb5-b268-b89ac225aff8@group-0C8C0AA7542A, cid=1369, SUCCESS, logIndex=1934, commits[b461a7b0-028a-4eb5-b268-b89ac225aff8:c1935, b6ff45f5-67b8-463b-a273-c2e7d9dadd75:c1933, 6a5cb75f-f7eb-4671-9a85-3b6f7898f6cc:c1933]
2019-08-28 21:29:36,510 [grpc-default-executor-2] INFO  client.GrpcClientProtocolClient (GrpcClientProtocolClient.java:onNext(255)) - client-05DA20D107F8->b461a7b0-028a-4eb5-b268-b89ac225aff8: receive RaftClientReply:client-05DA20D107F8->b461a7b0-028a-4eb5-b268-b89ac225aff8@group-0C8C0AA7542A, cid=1370, SUCCESS, logIndex=1935, commits[b461a7b0-028a-4eb5-b268-b89ac225aff8:c1935, b6ff45f5-67b8-463b-a273-c2e7d9dadd75:c1933, 6a5cb75f-f7eb-4671-9a85-3b6f7898f6cc:c1933]
2019-08-28 21:29:36,517 | INFO  | DNAudit | user=null | ip=null | op=WRITE_CHUNK {blockData=conID: 1 locID: 102696732356575712 bcsId: 1935} | ret=SUCCESS |  
2019-08-28 21:29:36,519 | INFO  | DNAudit | user=null | ip=null | op=WRITE_CHUNK {blockData=conID: 1 locID: 102696732356575712 bcsId: 1935} | ret=SUCCESS |  
2019-08-28 21:29:36,520 | INFO  | DNAudit | user=null | ip=null | op=WRITE_CHUNK {blockData=conID: 1 locID: 102696732356575712 bcsId: 1935} | ret=SUCCESS |  
2019-08-28 21:29:36,521 | INFO  | DNAudit | user=null | ip=null | op=WRITE_CHUNK {blockData=conID: 1 locID: 102696732356575712 bcsId: 1930} | ret=SUCCESS |  
2019-08-28 21:29:36,522 | INFO  | DNAudit | user=null | ip=null | op=WRITE_CHUNK {blockData=conID: 1 locID: 102696732356575712 bcsId: 1930} | ret=SUCCESS |  
2019-08-28 21:29:36,523 | INFO  | DNAudit | user=null | ip=null | op=PUT_BLOCK {blockData=[blockId=conID: 1 locID: 102696732356575712 bcsId: 0,size=3145728]} | ret=SUCCESS |  
2019-08-28 21:29:36,523 | INFO  | DNAudit | user=null | ip=null | op=PUT_BLOCK {blockData=[blockId=conID: 1 locID: 102696732356575712 bcsId: 0,size=3145728]} | ret=SUCCESS |  
2019-08-28 21:29:36,523 | INFO  | DNAudit | user=null | ip=null | op=WRITE_CHUNK {blockData=conID: 1 locID: 102696732356575712 bcsId: 1935} | ret=SUCCESS |  
2019-08-28 21:29:36,523 | INFO  | DNAudit | user=null | ip=null | op=PUT_BLOCK {blockData=[blockId=conID: 1 locID: 102696732356575712 bcsId: 0,size=4194304]} | ret=SUCCESS |  
2019-08-28 21:29:36,524 [grpc-default-executor-5] INFO  client.GrpcClientProtocolClient (GrpcClientProtocolClient.java:onNext(255)) - client-05DA20D107F8->b461a7b0-028a-4eb5-b268-b89ac225aff8: receive RaftClientReply:client-05DA20D107F8->b461a7b0-028a-4eb5-b268-b89ac225aff8@group-0C8C0AA7542A, cid=1371, SUCCESS, logIndex=1938, commits[b461a7b0-028a-4eb5-b268-b89ac225aff8:c1939, b6ff45f5-67b8-463b-a273-c2e7d9dadd75:c1935, 6a5cb75f-f7eb-4671-9a85-3b6f7898f6cc:c1935]
2019-08-28 21:29:36,524 [grpc-default-executor-5] INFO  client.GrpcClientProtocolClient (GrpcClientProtocolClient.java:onNext(255)) - client-05DA20D107F8->b461a7b0-028a-4eb5-b268-b89ac225aff8: receive RaftClientReply:client-05DA20D107F8->b461a7b0-028a-4eb5-b268-b89ac225aff8@group-0C8C0AA7542A, cid=1372, SUCCESS, logIndex=1939, commits[b461a7b0-028a-4eb5-b268-b89ac225aff8:c1939, b6ff45f5-67b8-463b-a273-c2e7d9dadd75:c1935, 6a5cb75f-f7eb-4671-9a85-3b6f7898f6cc:c1935]
2019-08-28 21:29:36,531 | INFO  | DNAudit | user=null | ip=null | op=WRITE_CHUNK {blockData=conID: 1 locID: 102696732356575712 bcsId: 1935} | ret=SUCCESS |  
2019-08-28 21:29:36,531 | INFO  | DNAudit | user=null | ip=null | op=WRITE_CHUNK {blockData=conID: 1 locID: 102696732356575712 bcsId: 1935} | ret=SUCCESS |  
2019-08-28 21:29:36,532 | INFO  | DNAudit | user=null | ip=null | op=PUT_BLOCK {blockData=[blockId=conID: 1 locID: 102696732356575712 bcsId: 0,size=4194304]} | ret=SUCCESS |  
2019-08-28 21:29:36,532 | INFO  | DNAudit | user=null | ip=null | op=PUT_BLOCK {blockData=[blockId=conID: 1 locID: 102696732356575712 bcsId: 0,size=4194304]} | ret=SUCCESS |  
2019-08-28 21:29:36,533 [grpc-default-executor-5] INFO  client.GrpcClientProtocolClient (GrpcClientProtocolClient.java:onNext(255)) - client-05DA20D107F8->b461a7b0-028a-4eb5-b268-b89ac225aff8: receive RaftClientReply:client-05DA20D107F8->b461a7b0-028a-4eb5-b268-b89ac225aff8@group-0C8C0AA7542A, cid=1373, SUCCESS, logIndex=0, commits[b461a7b0-028a-4eb5-b268-b89ac225aff8:c1941, b6ff45f5-67b8-463b-a273-c2e7d9dadd75:c1939, 6a5cb75f-f7eb-4671-9a85-3b6f7898f6cc:c1939]
2019-08-28 21:29:36,538 | INFO  | SCMAudit | user=jenkins1000 | ip=127.0.0.1 | op=ALLOCATE_BLOCK {owner=a0140aad-a474-4492-a39d-25bd6167d9f0, size=4194304, type=RATIS, factor=THREE} | ret=SUCCESS |  
2019-08-28 21:29:36,541 | INFO  | OMAudit | user=jenkins1000 | ip=127.0.0.1 | op=ALLOCATE_BLOCK {volume=vol-0-08922, bucket=bucket-0-29862, key=key-0-31337, dataSize=0, replicationType=null, replicationFactor=null, keyLocationInfo=null, clientID=102696731548516754} | ret=SUCCESS |  
2019-08-28 21:29:36,548 | INFO  | DNAudit | user=null | ip=null | op=WRITE_CHUNK {blockData=conID: 2 locID: 102696732363194849 bcsId: 0} | ret=SUCCESS |  
2019-08-28 21:29:36,550 | INFO  | DNAudit | user=null | ip=null | op=WRITE_CHUNK {blockData=conID: 2 locID: 102696732363194849 bcsId: 0} | ret=SUCCESS |  
2019-08-28 21:29:36,550 | INFO  | DNAudit | user=null | ip=null | op=WRITE_CHUNK {blockData=conID: 2 locID: 102696732363194849 bcsId: 0} | ret=SUCCESS |  
2019-08-28 21:29:36,550 | INFO  | DNAudit | user=null | ip=null | op=WRITE_CHUNK {blockData=conID: 2 locID: 102696732363194849 bcsId: 0} | ret=SUCCESS |  
2019-08-28 21:29:36,551 | INFO  | DNAudit | user=null | ip=null | op=WRITE_CHUNK {blockData=conID: 2 locID: 102696732363194849 bcsId: 0} | ret=SUCCESS |  
2019-08-28 21:29:36,552 | INFO  | DNAudit | user=null | ip=null | op=WRITE_CHUNK {blockData=conID: 2 locID: 102696732363194849 bcsId: 0} | ret=SUCCESS |  
2019-08-28 21:29:36,567 | INFO  | DNAudit | user=null | ip=null | op=WRITE_CHUNK {blockData=conID: 2 locID: 102696732363194849 bcsId: 0} | ret=SUCCESS |  
2019-08-28 21:29:36,567 | INFO  | DNAudit | user=null | ip=null | op=PUT_BLOCK {blockData=[blockId=conID: 2 locID: 102696732363194849 bcsId: 0,size=1048576]} | ret=SUCCESS |  
2019-08-28 21:29:36,567 [grpc-default-executor-2] INFO  client.GrpcClientProtocolClient (GrpcClientProtocolClient.java:onNext(255)) - client-05DA20D107F8->b461a7b0-028a-4eb5-b268-b89ac225aff8: receive RaftClientReply:client-05DA20D107F8->b461a7b0-028a-4eb5-b268-b89ac225aff8@group-0C8C0AA7542A, cid=1374, SUCCESS, logIndex=1942, commits[b461a7b0-028a-4eb5-b268-b89ac225aff8:c1944, b6ff45f5-67b8-463b-a273-c2e7d9dadd75:c1941, 6a5cb75f-f7eb-4671-9a85-3b6f7898f6cc:c1941]
2019-08-28 21:29:36,567 | INFO  | DNAudit | user=null | ip=null | op=WRITE_CHUNK {blockData=conID: 2 locID: 102696732363194849 bcsId: 0} | ret=SUCCESS |  
2019-08-28 21:29:36,568 | INFO  | DNAudit | user=null | ip=null | op=PUT_BLOCK {blockData=[blockId=conID: 2 locID: 102696732363194849 bcsId: 0,size=2097152]} | ret=SUCCESS |  
2019-08-28 21:29:36,568 [grpc-default-executor-2] INFO  client.GrpcClientProtocolClient (GrpcClientProtocolClient.java:onNext(255)) - client-05DA20D107F8->b461a7b0-028a-4eb5-b268-b89ac225aff8: receive RaftClientReply:client-05DA20D107F8->b461a7b0-028a-4eb5-b268-b89ac225aff8@group-0C8C0AA7542A, cid=1375, SUCCESS, logIndex=1943, commits[b461a7b0-028a-4eb5-b268-b89ac225aff8:c1945, b6ff45f5-67b8-463b-a273-c2e7d9dadd75:c1941, 6a5cb75f-f7eb-4671-9a85-3b6f7898f6cc:c1941]
2019-08-28 21:29:36,568 [grpc-default-executor-2] INFO  client.GrpcClientProtocolClient (GrpcClientProtocolClient.java:onNext(255)) - client-05DA20D107F8->b461a7b0-028a-4eb5-b268-b89ac225aff8: receive RaftClientReply:client-05DA20D107F8->b461a7b0-028a-4eb5-b268-b89ac225aff8@group-0C8C0AA7542A, cid=1376, SUCCESS, logIndex=1944, commits[b461a7b0-028a-4eb5-b268-b89ac225aff8:c1945, b6ff45f5-67b8-463b-a273-c2e7d9dadd75:c1941, 6a5cb75f-f7eb-4671-9a85-3b6f7898f6cc:c1941]
2019-08-28 21:29:36,568 [grpc-default-executor-2] INFO  client.GrpcClientProtocolClient (GrpcClientProtocolClient.java:onNext(255)) - client-05DA20D107F8->b461a7b0-028a-4eb5-b268-b89ac225aff8: receive RaftClientReply:client-05DA20D107F8->b461a7b0-028a-4eb5-b268-b89ac225aff8@group-0C8C0AA7542A, cid=1377, SUCCESS, logIndex=1945, commits[b461a7b0-028a-4eb5-b268-b89ac225aff8:c1945, b6ff45f5-67b8-463b-a273-c2e7d9dadd75:c1941, 6a5cb75f-f7eb-4671-9a85-3b6f7898f6cc:c1941]
2019-08-28 21:29:36,575 | INFO  | DNAudit | user=null | ip=null | op=WRITE_CHUNK {blockData=conID: 2 locID: 102696732363194849 bcsId: 0} | ret=SUCCESS |  
2019-08-28 21:29:36,575 | INFO  | DNAudit | user=null | ip=null | op=WRITE_CHUNK {blockData=conID: 2 locID: 102696732363194849 bcsId: 0} | ret=SUCCESS |  
2019-08-28 21:29:36,578 | INFO  | DNAudit | user=null | ip=null | op=PUT_BLOCK {blockData=[blockId=conID: 2 locID: 102696732363194849 bcsId: 0,size=1048576]} | ret=SUCCESS |  
2019-08-28 21:29:36,578 | INFO  | DNAudit | user=null | ip=null | op=PUT_BLOCK {blockData=[blockId=conID: 2 locID: 102696732363194849 bcsId: 0,size=1048576]} | ret=SUCCESS |  
2019-08-28 21:29:36,579 | INFO  | DNAudit | user=null | ip=null | op=WRITE_CHUNK {blockData=conID: 2 locID: 102696732363194849 bcsId: 0} | ret=SUCCESS |  
2019-08-28 21:29:36,579 | INFO  | DNAudit | user=null | ip=null | op=WRITE_CHUNK {blockData=conID: 2 locID: 102696732363194849 bcsId: 0} | ret=SUCCESS |  
2019-08-28 21:29:36,579 | INFO  | DNAudit | user=null | ip=null | op=PUT_BLOCK {blockData=[blockId=conID: 2 locID: 102696732363194849 bcsId: 0,size=2097152]} | ret=SUCCESS |  
2019-08-28 21:29:36,579 | INFO  | DNAudit | user=null | ip=null | op=PUT_BLOCK {blockData=[blockId=conID: 2 locID: 102696732363194849 bcsId: 0,size=2097152]} | ret=SUCCESS |  
2019-08-28 21:29:36,579 [grpc-default-executor-5] INFO  client.GrpcClientProtocolClient (GrpcClientProtocolClient.java:onNext(255)) - client-05DA20D107F8->b461a7b0-028a-4eb5-b268-b89ac225aff8: receive RaftClientReply:client-05DA20D107F8->b461a7b0-028a-4eb5-b268-b89ac225aff8@group-0C8C0AA7542A, cid=1378, SUCCESS, logIndex=0, commits[b461a7b0-028a-4eb5-b268-b89ac225aff8:c1947, b6ff45f5-67b8-463b-a273-c2e7d9dadd75:c1943, 6a5cb75f-f7eb-4671-9a85-3b6f7898f6cc:c1943]
2019-08-28 21:29:36,586 | INFO  | DNAudit | user=null | ip=null | op=WRITE_CHUNK {blockData=conID: 2 locID: 102696732363194849 bcsId: 1945} | ret=SUCCESS |  
2019-08-28 21:29:36,587 | INFO  | DNAudit | user=null | ip=null | op=WRITE_CHUNK {blockData=conID: 2 locID: 102696732363194849 bcsId: 1945} | ret=SUCCESS |  
2019-08-28 21:29:36,588 | INFO  | DNAudit | user=null | ip=null | op=WRITE_CHUNK {blockData=conID: 2 locID: 102696732363194849 bcsId: 1945} | ret=SUCCESS |  
2019-08-28 21:29:36,600 | INFO  | DNAudit | user=null | ip=null | op=WRITE_CHUNK {blockData=conID: 2 locID: 102696732363194849 bcsId: 1945} | ret=SUCCESS |  
2019-08-28 21:29:36,600 | INFO  | DNAudit | user=null | ip=null | op=PUT_BLOCK {blockData=[blockId=conID: 2 locID: 102696732363194849 bcsId: 0,size=3145728]} | ret=SUCCESS |  
2019-08-28 21:29:36,601 [grpc-default-executor-5] INFO  client.GrpcClientProtocolClient (GrpcClientProtocolClient.java:onNext(255)) - client-05DA20D107F8->b461a7b0-028a-4eb5-b268-b89ac225aff8: receive RaftClientReply:client-05DA20D107F8->b461a7b0-028a-4eb5-b268-b89ac225aff8@group-0C8C0AA7542A, cid=1379, SUCCESS, logIndex=1950, commits[b461a7b0-028a-4eb5-b268-b89ac225aff8:c1951, b6ff45f5-67b8-463b-a273-c2e7d9dadd75:c1949, 6a5cb75f-f7eb-4671-9a85-3b6f7898f6cc:c1949]
2019-08-28 21:29:36,601 [grpc-default-executor-5] INFO  client.GrpcClientProtocolClient (GrpcClientProtocolClient.java:onNext(255)) - client-05DA20D107F8->b461a7b0-028a-4eb5-b268-b89ac225aff8: receive RaftClientReply:client-05DA20D107F8->b461a7b0-028a-4eb5-b268-b89ac225aff8@group-0C8C0AA7542A, cid=1380, SUCCESS, logIndex=1951, commits[b461a7b0-028a-4eb5-b268-b89ac225aff8:c1951, b6ff45f5-67b8-463b-a273-c2e7d9dadd75:c1949, 6a5cb75f-f7eb-4671-9a85-3b6f7898f6cc:c1949]
2019-08-28 21:29:36,606 | INFO  | DNAudit | user=null | ip=null | op=WRITE_CHUNK {blockData=conID: 2 locID: 102696732363194849 bcsId: 1951} | ret=SUCCESS |  
2019-08-28 21:29:36,608 | INFO  | DNAudit | user=null | ip=null | op=WRITE_CHUNK {blockData=conID: 2 locID: 102696732363194849 bcsId: 1951} | ret=SUCCESS |  
2019-08-28 21:29:36,609 | INFO  | DNAudit | user=null | ip=null | op=WRITE_CHUNK {blockData=conID: 2 locID: 102696732363194849 bcsId: 1951} | ret=SUCCESS |  
2019-08-28 21:29:36,615 | INFO  | DNAudit | user=null | ip=null | op=WRITE_CHUNK {blockData=conID: 2 locID: 102696732363194849 bcsId: 1945} | ret=SUCCESS |  
2019-08-28 21:29:36,615 | INFO  | DNAudit | user=null | ip=null | op=WRITE_CHUNK {blockData=conID: 2 locID: 102696732363194849 bcsId: 1945} | ret=SUCCESS |  
2019-08-28 21:29:36,615 | INFO  | DNAudit | user=null | ip=null | op=PUT_BLOCK {blockData=[blockId=conID: 2 locID: 102696732363194849 bcsId: 0,size=3145728]} | ret=SUCCESS |  
2019-08-28 21:29:36,615 | INFO  | DNAudit | user=null | ip=null | op=PUT_BLOCK {blockData=[blockId=conID: 2 locID: 102696732363194849 bcsId: 0,size=3145728]} | ret=SUCCESS |  
2019-08-28 21:29:36,616 | INFO  | DNAudit | user=null | ip=null | op=WRITE_CHUNK {blockData=conID: 2 locID: 102696732363194849 bcsId: 1951} | ret=SUCCESS |  
2019-08-28 21:29:36,617 | INFO  | DNAudit | user=null | ip=null | op=PUT_BLOCK {blockData=[blockId=conID: 2 locID: 102696732363194849 bcsId: 0,size=4194304]} | ret=SUCCESS |  
2019-08-28 21:29:36,617 [grpc-default-executor-2] INFO  client.GrpcClientProtocolClient (GrpcClientProtocolClient.java:onNext(255)) - client-05DA20D107F8->b461a7b0-028a-4eb5-b268-b89ac225aff8: receive RaftClientReply:client-05DA20D107F8->b461a7b0-028a-4eb5-b268-b89ac225aff8@group-0C8C0AA7542A, cid=1381, SUCCESS, logIndex=1953, commits[b461a7b0-028a-4eb5-b268-b89ac225aff8:c1954, b6ff45f5-67b8-463b-a273-c2e7d9dadd75:c1951, 6a5cb75f-f7eb-4671-9a85-3b6f7898f6cc:c1951]
2019-08-28 21:29:36,617 [grpc-default-executor-2] INFO  client.GrpcClientProtocolClient (GrpcClientProtocolClient.java:onNext(255)) - client-05DA20D107F8->b461a7b0-028a-4eb5-b268-b89ac225aff8: receive RaftClientReply:client-05DA20D107F8->b461a7b0-028a-4eb5-b268-b89ac225aff8@group-0C8C0AA7542A, cid=1382, SUCCESS, logIndex=1954, commits[b461a7b0-028a-4eb5-b268-b89ac225aff8:c1954, b6ff45f5-67b8-463b-a273-c2e7d9dadd75:c1951, 6a5cb75f-f7eb-4671-9a85-3b6f7898f6cc:c1951]
2019-08-28 21:29:36,628 | INFO  | DNAudit | user=null | ip=null | op=WRITE_CHUNK {blockData=conID: 2 locID: 102696732363194849 bcsId: 1951} | ret=SUCCESS |  
2019-08-28 21:29:36,628 | INFO  | DNAudit | user=null | ip=null | op=WRITE_CHUNK {blockData=conID: 2 locID: 102696732363194849 bcsId: 1951} | ret=SUCCESS |  
2019-08-28 21:29:36,629 | INFO  | DNAudit | user=null | ip=null | op=PUT_BLOCK {blockData=[blockId=conID: 2 locID: 102696732363194849 bcsId: 0,size=4194304]} | ret=SUCCESS |  
2019-08-28 21:29:36,629 | INFO  | DNAudit | user=null | ip=null | op=PUT_BLOCK {blockData=[blockId=conID: 2 locID: 102696732363194849 bcsId: 0,size=4194304]} | ret=SUCCESS |  
2019-08-28 21:29:36,630 [grpc-default-executor-2] INFO  client.GrpcClientProtocolClient (GrpcClientProtocolClient.java:onNext(255)) - client-05DA20D107F8->b461a7b0-028a-4eb5-b268-b89ac225aff8: receive RaftClientReply:client-05DA20D107F8->b461a7b0-028a-4eb5-b268-b89ac225aff8@group-0C8C0AA7542A, cid=1383, SUCCESS, logIndex=0, commits[b461a7b0-028a-4eb5-b268-b89ac225aff8:c1956, b6ff45f5-67b8-463b-a273-c2e7d9dadd75:c1954, 6a5cb75f-f7eb-4671-9a85-3b6f7898f6cc:c1954]
2019-08-28 21:29:36,635 | INFO  | SCMAudit | user=jenkins1000 | ip=127.0.0.1 | op=ALLOCATE_BLOCK {owner=a0140aad-a474-4492-a39d-25bd6167d9f0, size=4194304, type=RATIS, factor=THREE} | ret=SUCCESS |  
2019-08-28 21:29:36,639 | INFO  | OMAudit | user=jenkins1000 | ip=127.0.0.1 | op=ALLOCATE_BLOCK {volume=vol-0-08922, bucket=bucket-0-29862, key=key-0-31337, dataSize=0, replicationType=null, replicationFactor=null, keyLocationInfo=null, clientID=102696731548516754} | ret=SUCCESS |  
2019-08-28 21:29:36,645 | INFO  | DNAudit | user=null | ip=null | op=WRITE_CHUNK {blockData=conID: 3 locID: 102696732369551842 bcsId: 0} | ret=SUCCESS |  
2019-08-28 21:29:36,646 | INFO  | DNAudit | user=null | ip=null | op=WRITE_CHUNK {blockData=conID: 3 locID: 102696732369551842 bcsId: 0} | ret=SUCCESS |  
2019-08-28 21:29:36,646 | INFO  | DNAudit | user=null | ip=null | op=WRITE_CHUNK {blockData=conID: 3 locID: 102696732369551842 bcsId: 0} | ret=SUCCESS |  
2019-08-28 21:29:36,647 | INFO  | DNAudit | user=null | ip=null | op=WRITE_CHUNK {blockData=conID: 3 locID: 102696732369551842 bcsId: 0} | ret=SUCCESS |  
2019-08-28 21:29:36,648 | INFO  | DNAudit | user=null | ip=null | op=WRITE_CHUNK {blockData=conID: 3 locID: 102696732369551842 bcsId: 0} | ret=SUCCESS |  
2019-08-28 21:29:36,648 | INFO  | DNAudit | user=null | ip=null | op=WRITE_CHUNK {blockData=conID: 3 locID: 102696732369551842 bcsId: 0} | ret=SUCCESS |  
2019-08-28 21:29:36,657 | INFO  | DNAudit | user=null | ip=null | op=WRITE_CHUNK {blockData=conID: 3 locID: 102696732369551842 bcsId: 0} | ret=SUCCESS |  
2019-08-28 21:29:36,657 | INFO  | DNAudit | user=null | ip=null | op=PUT_BLOCK {blockData=[blockId=conID: 3 locID: 102696732369551842 bcsId: 0,size=1048576]} | ret=SUCCESS |  
2019-08-28 21:29:36,658 | INFO  | DNAudit | user=null | ip=null | op=WRITE_CHUNK {blockData=conID: 3 locID: 102696732369551842 bcsId: 0} | ret=SUCCESS |  
2019-08-28 21:29:36,658 [grpc-default-executor-6] INFO  client.GrpcClientProtocolClient (GrpcClientProtocolClient.java:onNext(255)) - client-05DA20D107F8->b461a7b0-028a-4eb5-b268-b89ac225aff8: receive RaftClientReply:client-05DA20D107F8->b461a7b0-028a-4eb5-b268-b89ac225aff8@group-0C8C0AA7542A, cid=1384, SUCCESS, logIndex=1957, commits[b461a7b0-028a-4eb5-b268-b89ac225aff8:c1959, b6ff45f5-67b8-463b-a273-c2e7d9dadd75:c1956, 6a5cb75f-f7eb-4671-9a85-3b6f7898f6cc:c1956]
2019-08-28 21:29:36,658 | INFO  | DNAudit | user=null | ip=null | op=PUT_BLOCK {blockData=[blockId=conID: 3 locID: 102696732369551842 bcsId: 0,size=2097152]} | ret=SUCCESS |  
2019-08-28 21:29:36,658 [grpc-default-executor-6] INFO  client.GrpcClientProtocolClient (GrpcClientProtocolClient.java:onNext(255)) - client-05DA20D107F8->b461a7b0-028a-4eb5-b268-b89ac225aff8: receive RaftClientReply:client-05DA20D107F8->b461a7b0-028a-4eb5-b268-b89ac225aff8@group-0C8C0AA7542A, cid=1385, SUCCESS, logIndex=1958, commits[b461a7b0-028a-4eb5-b268-b89ac225aff8:c1960, b6ff45f5-67b8-463b-a273-c2e7d9dadd75:c1956, 6a5cb75f-f7eb-4671-9a85-3b6f7898f6cc:c1956]
2019-08-28 21:29:36,658 [grpc-default-executor-6] INFO  client.GrpcClientProtocolClient (GrpcClientProtocolClient.java:onNext(255)) - client-05DA20D107F8->b461a7b0-028a-4eb5-b268-b89ac225aff8: receive RaftClientReply:client-05DA20D107F8->b461a7b0-028a-4eb5-b268-b89ac225aff8@group-0C8C0AA7542A, cid=1386, SUCCESS, logIndex=1959, commits[b461a7b0-028a-4eb5-b268-b89ac225aff8:c1960, b6ff45f5-67b8-463b-a273-c2e7d9dadd75:c1956, 6a5cb75f-f7eb-4671-9a85-3b6f7898f6cc:c1956]
2019-08-28 21:29:36,658 [grpc-default-executor-6] INFO  client.GrpcClientProtocolClient (GrpcClientProtocolClient.java:onNext(255)) - client-05DA20D107F8->b461a7b0-028a-4eb5-b268-b89ac225aff8: receive RaftClientReply:client-05DA20D107F8->b461a7b0-028a-4eb5-b268-b89ac225aff8@group-0C8C0AA7542A, cid=1387, SUCCESS, logIndex=1960, commits[b461a7b0-028a-4eb5-b268-b89ac225aff8:c1960, b6ff45f5-67b8-463b-a273-c2e7d9dadd75:c1956, 6a5cb75f-f7eb-4671-9a85-3b6f7898f6cc:c1956]
2019-08-28 21:29:36,667 | INFO  | DNAudit | user=null | ip=null | op=WRITE_CHUNK {blockData=conID: 3 locID: 102696732369551842 bcsId: 0} | ret=SUCCESS |  
2019-08-28 21:29:36,667 | INFO  | DNAudit | user=null | ip=null | op=WRITE_CHUNK {blockData=conID: 3 locID: 102696732369551842 bcsId: 0} | ret=SUCCESS |  
2019-08-28 21:29:36,667 | INFO  | DNAudit | user=null | ip=null | op=PUT_BLOCK {blockData=[blockId=conID: 3 locID: 102696732369551842 bcsId: 0,size=1048576]} | ret=SUCCESS |  
2019-08-28 21:29:36,667 | INFO  | DNAudit | user=null | ip=null | op=PUT_BLOCK {blockData=[blockId=conID: 3 locID: 102696732369551842 bcsId: 0,size=1048576]} | ret=SUCCESS |  
2019-08-28 21:29:36,667 [grpc-default-executor-6] INFO  client.GrpcClientProtocolClient (GrpcClientProtocolClient.java:onNext(255)) - client-05DA20D107F8->b461a7b0-028a-4eb5-b268-b89ac225aff8: receive RaftClientReply:client-05DA20D107F8->b461a7b0-028a-4eb5-b268-b89ac225aff8@group-0C8C0AA7542A, cid=1388, SUCCESS, logIndex=0, commits[b461a7b0-028a-4eb5-b268-b89ac225aff8:c1961, b6ff45f5-67b8-463b-a273-c2e7d9dadd75:c1958, 6a5cb75f-f7eb-4671-9a85-3b6f7898f6cc:c1958]
2019-08-28 21:29:36,668 | INFO  | DNAudit | user=null | ip=null | op=WRITE_CHUNK {blockData=conID: 3 locID: 102696732369551842 bcsId: 0} | ret=SUCCESS |  
2019-08-28 21:29:36,668 | INFO  | DNAudit | user=null | ip=null | op=WRITE_CHUNK {blockData=conID: 3 locID: 102696732369551842 bcsId: 0} | ret=SUCCESS |  
2019-08-28 21:29:36,669 | INFO  | DNAudit | user=null | ip=null | op=PUT_BLOCK {blockData=[blockId=conID: 3 locID: 102696732369551842 bcsId: 0,size=2097152]} | ret=SUCCESS |  
2019-08-28 21:29:36,669 | INFO  | DNAudit | user=null | ip=null | op=PUT_BLOCK {blockData=[blockId=conID: 3 locID: 102696732369551842 bcsId: 0,size=2097152]} | ret=SUCCESS |  
2019-08-28 21:29:36,673 | INFO  | DNAudit | user=null | ip=null | op=WRITE_CHUNK {blockData=conID: 3 locID: 102696732369551842 bcsId: 1960} | ret=SUCCESS |  
2019-08-28 21:29:36,675 | INFO  | DNAudit | user=null | ip=null | op=WRITE_CHUNK {blockData=conID: 3 locID: 102696732369551842 bcsId: 1960} | ret=SUCCESS |  
2019-08-28 21:29:36,676 | INFO  | DNAudit | user=null | ip=null | op=WRITE_CHUNK {blockData=conID: 3 locID: 102696732369551842 bcsId: 1960} | ret=SUCCESS |  
2019-08-28 21:29:36,679 | INFO  | DNAudit | user=null | ip=null | op=WRITE_CHUNK {blockData=conID: 3 locID: 102696732369551842 bcsId: 1960} | ret=SUCCESS |  
2019-08-28 21:29:36,679 | INFO  | DNAudit | user=null | ip=null | op=PUT_BLOCK {blockData=[blockId=conID: 3 locID: 102696732369551842 bcsId: 0,size=3145728]} | ret=SUCCESS |  
2019-08-28 21:29:36,679 [grpc-default-executor-3] INFO  client.GrpcClientProtocolClient (GrpcClientProtocolClient.java:onNext(255)) - client-05DA20D107F8->b461a7b0-028a-4eb5-b268-b89ac225aff8: receive RaftClientReply:client-05DA20D107F8->b461a7b0-028a-4eb5-b268-b89ac225aff8@group-0C8C0AA7542A, cid=1389, SUCCESS, logIndex=1965, commits[b461a7b0-028a-4eb5-b268-b89ac225aff8:c1966, b6ff45f5-67b8-463b-a273-c2e7d9dadd75:c1964, 6a5cb75f-f7eb-4671-9a85-3b6f7898f6cc:c1964]
2019-08-28 21:29:36,679 [grpc-default-executor-3] INFO  client.GrpcClientProtocolClient (GrpcClientProtocolClient.java:onNext(255)) - client-05DA20D107F8->b461a7b0-028a-4eb5-b268-b89ac225aff8: receive RaftClientReply:client-05DA20D107F8->b461a7b0-028a-4eb5-b268-b89ac225aff8@group-0C8C0AA7542A, cid=1390, SUCCESS, logIndex=1966, commits[b461a7b0-028a-4eb5-b268-b89ac225aff8:c1966, b6ff45f5-67b8-463b-a273-c2e7d9dadd75:c1964, 6a5cb75f-f7eb-4671-9a85-3b6f7898f6cc:c1964]
2019-08-28 21:29:36,684 | INFO  | DNAudit | user=null | ip=null | op=WRITE_CHUNK {blockData=conID: 3 locID: 102696732369551842 bcsId: 1960} | ret=SUCCESS |  
2019-08-28 21:29:36,684 | INFO  | DNAudit | user=null | ip=null | op=WRITE_CHUNK {blockData=conID: 3 locID: 102696732369551842 bcsId: 1960} | ret=SUCCESS |  
2019-08-28 21:29:36,686 | INFO  | DNAudit | user=null | ip=null | op=WRITE_CHUNK {blockData=conID: 3 locID: 102696732369551842 bcsId: 1966} | ret=SUCCESS |  
2019-08-28 21:29:36,687 | INFO  | DNAudit | user=null | ip=null | op=WRITE_CHUNK {blockData=conID: 3 locID: 102696732369551842 bcsId: 1966} | ret=SUCCESS |  
2019-08-28 21:29:36,687 | INFO  | DNAudit | user=null | ip=null | op=WRITE_CHUNK {blockData=conID: 3 locID: 102696732369551842 bcsId: 1966} | ret=SUCCESS |  
2019-08-28 21:29:36,695 | INFO  | DNAudit | user=null | ip=null | op=PUT_BLOCK {blockData=[blockId=conID: 3 locID: 102696732369551842 bcsId: 0,size=3145728]} | ret=SUCCESS |  
2019-08-28 21:29:36,695 | INFO  | DNAudit | user=null | ip=null | op=PUT_BLOCK {blockData=[blockId=conID: 3 locID: 102696732369551842 bcsId: 0,size=3145728]} | ret=SUCCESS |  
2019-08-28 21:29:36,696 | INFO  | DNAudit | user=null | ip=null | op=WRITE_CHUNK {blockData=conID: 3 locID: 102696732369551842 bcsId: 1966} | ret=SUCCESS |  
2019-08-28 21:29:36,697 | INFO  | DNAudit | user=null | ip=null | op=PUT_BLOCK {blockData=[blockId=conID: 3 locID: 102696732369551842 bcsId: 0,size=4194304]} | ret=SUCCESS |  
2019-08-28 21:29:36,697 [grpc-default-executor-2] INFO  client.GrpcClientProtocolClient (GrpcClientProtocolClient.java:onNext(255)) - client-05DA20D107F8->b461a7b0-028a-4eb5-b268-b89ac225aff8: receive RaftClientReply:client-05DA20D107F8->b461a7b0-028a-4eb5-b268-b89ac225aff8@group-0C8C0AA7542A, cid=1391, SUCCESS, logIndex=1969, commits[b461a7b0-028a-4eb5-b268-b89ac225aff8:c1970, b6ff45f5-67b8-463b-a273-c2e7d9dadd75:c1966, 6a5cb75f-f7eb-4671-9a85-3b6f7898f6cc:c1966]
2019-08-28 21:29:36,697 [grpc-default-executor-2] INFO  client.GrpcClientProtocolClient (GrpcClientProtocolClient.java:onNext(255)) - client-05DA20D107F8->b461a7b0-028a-4eb5-b268-b89ac225aff8: receive RaftClientReply:client-05DA20D107F8->b461a7b0-028a-4eb5-b268-b89ac225aff8@group-0C8C0AA7542A, cid=1392, SUCCESS, logIndex=1970, commits[b461a7b0-028a-4eb5-b268-b89ac225aff8:c1970, b6ff45f5-67b8-463b-a273-c2e7d9dadd75:c1966, 6a5cb75f-f7eb-4671-9a85-3b6f7898f6cc:c1966]
2019-08-28 21:29:36,706 | INFO  | DNAudit | user=null | ip=null | op=WRITE_CHUNK {blockData=conID: 3 locID: 102696732369551842 bcsId: 1966} | ret=SUCCESS |  
2019-08-28 21:29:36,707 | INFO  | DNAudit | user=null | ip=null | op=WRITE_CHUNK {blockData=conID: 3 locID: 102696732369551842 bcsId: 1966} | ret=SUCCESS |  
2019-08-28 21:29:36,707 | INFO  | DNAudit | user=null | ip=null | op=PUT_BLOCK {blockData=[blockId=conID: 3 locID: 102696732369551842 bcsId: 0,size=4194304]} | ret=SUCCESS |  
2019-08-28 21:29:36,707 | INFO  | DNAudit | user=null | ip=null | op=PUT_BLOCK {blockData=[blockId=conID: 3 locID: 102696732369551842 bcsId: 0,size=4194304]} | ret=SUCCESS |  
2019-08-28 21:29:36,707 [grpc-default-executor-2] INFO  client.GrpcClientProtocolClient (GrpcClientProtocolClient.java:onNext(255)) - client-05DA20D107F8->b461a7b0-028a-4eb5-b268-b89ac225aff8: receive RaftClientReply:client-05DA20D107F8->b461a7b0-028a-4eb5-b268-b89ac225aff8@group-0C8C0AA7542A, cid=1393, SUCCESS, logIndex=0, commits[b461a7b0-028a-4eb5-b268-b89ac225aff8:c1970, b6ff45f5-67b8-463b-a273-c2e7d9dadd75:c1970, 6a5cb75f-f7eb-4671-9a85-3b6f7898f6cc:c1970]
2019-08-28 21:29:36,710 | INFO  | SCMAudit | user=jenkins1000 | ip=127.0.0.1 | op=ALLOCATE_BLOCK {owner=a0140aad-a474-4492-a39d-25bd6167d9f0, size=4194304, type=RATIS, factor=THREE} | ret=SUCCESS |  
2019-08-28 21:29:36,712 | INFO  | OMAudit | user=jenkins1000 | ip=127.0.0.1 | op=ALLOCATE_BLOCK {volume=vol-0-08922, bucket=bucket-0-29862, key=key-0-31337, dataSize=0, replicationType=null, replicationFactor=null, keyLocationInfo=null, clientID=102696731548516754} | ret=SUCCESS |  
2019-08-28 21:29:36,719 | INFO  | DNAudit | user=null | ip=null | op=WRITE_CHUNK {blockData=conID: 1 locID: 102696732374467043 bcsId: 0} | ret=SUCCESS |  
2019-08-28 21:29:36,721 | INFO  | DNAudit | user=null | ip=null | op=WRITE_CHUNK {blockData=conID: 1 locID: 102696732374467043 bcsId: 0} | ret=SUCCESS |  
2019-08-28 21:29:36,721 | INFO  | DNAudit | user=null | ip=null | op=WRITE_CHUNK {blockData=conID: 1 locID: 102696732374467043 bcsId: 0} | ret=SUCCESS |  
2019-08-28 21:29:36,721 | INFO  | DNAudit | user=null | ip=null | op=WRITE_CHUNK {blockData=conID: 1 locID: 102696732374467043 bcsId: 0} | ret=SUCCESS |  
2019-08-28 21:29:36,723 | INFO  | DNAudit | user=null | ip=null | op=WRITE_CHUNK {blockData=conID: 1 locID: 102696732374467043 bcsId: 0} | ret=SUCCESS |  
2019-08-28 21:29:36,723 | INFO  | DNAudit | user=null | ip=null | op=WRITE_CHUNK {blockData=conID: 1 locID: 102696732374467043 bcsId: 0} | ret=SUCCESS |  
2019-08-28 21:29:36,734 | INFO  | DNAudit | user=null | ip=null | op=WRITE_CHUNK {blockData=conID: 1 locID: 102696732374467043 bcsId: 0} | ret=SUCCESS |  
2019-08-28 21:29:36,735 | INFO  | DNAudit | user=null | ip=null | op=PUT_BLOCK {blockData=[blockId=conID: 1 locID: 102696732374467043 bcsId: 0,size=1048576]} | ret=SUCCESS |  
2019-08-28 21:29:36,735 [grpc-default-executor-5] INFO  client.GrpcClientProtocolClient (GrpcClientProtocolClient.java:onNext(255)) - client-05DA20D107F8->b461a7b0-028a-4eb5-b268-b89ac225aff8: receive RaftClientReply:client-05DA20D107F8->b461a7b0-028a-4eb5-b268-b89ac225aff8@group-0C8C0AA7542A, cid=1394, SUCCESS, logIndex=1972, commits[b461a7b0-028a-4eb5-b268-b89ac225aff8:c1973, b6ff45f5-67b8-463b-a273-c2e7d9dadd75:c1971, 6a5cb75f-f7eb-4671-9a85-3b6f7898f6cc:c1971]
2019-08-28 21:29:36,735 [grpc-default-executor-5] INFO  client.GrpcClientProtocolClient (GrpcClientProtocolClient.java:onNext(255)) - client-05DA20D107F8->b461a7b0-028a-4eb5-b268-b89ac225aff8: receive RaftClientReply:client-05DA20D107F8->b461a7b0-028a-4eb5-b268-b89ac225aff8@group-0C8C0AA7542A, cid=1395, SUCCESS, logIndex=1973, commits[b461a7b0-028a-4eb5-b268-b89ac225aff8:c1973, b6ff45f5-67b8-463b-a273-c2e7d9dadd75:c1971, 6a5cb75f-f7eb-4671-9a85-3b6f7898f6cc:c1971]
2019-08-28 21:29:36,743 | INFO  | DNAudit | user=null | ip=null | op=WRITE_CHUNK {blockData=conID: 1 locID: 102696732374467043 bcsId: 0} | ret=SUCCESS |  
2019-08-28 21:29:36,743 | INFO  | DNAudit | user=null | ip=null | op=PUT_BLOCK {blockData=[blockId=conID: 1 locID: 102696732374467043 bcsId: 0,size=2097152]} | ret=SUCCESS |  
2019-08-28 21:29:36,743 [grpc-default-executor-6] INFO  client.GrpcClientProtocolClient (GrpcClientProtocolClient.java:onNext(255)) - client-05DA20D107F8->b461a7b0-028a-4eb5-b268-b89ac225aff8: receive RaftClientReply:client-05DA20D107F8->b461a7b0-028a-4eb5-b268-b89ac225aff8@group-0C8C0AA7542A, cid=1396, SUCCESS, logIndex=1974, commits[b461a7b0-028a-4eb5-b268-b89ac225aff8:c1975, b6ff45f5-67b8-463b-a273-c2e7d9dadd75:c1971, 6a5cb75f-f7eb-4671-9a85-3b6f7898f6cc:c1971]
2019-08-28 21:29:36,744 | INFO  | DNAudit | user=null | ip=null | op=WRITE_CHUNK {blockData=conID: 1 locID: 102696732374467043 bcsId: 0} | ret=SUCCESS |  
2019-08-28 21:29:36,744 [grpc-default-executor-6] INFO  client.GrpcClientProtocolClient (GrpcClientProtocolClient.java:onNext(255)) - client-05DA20D107F8->b461a7b0-028a-4eb5-b268-b89ac225aff8: receive RaftClientReply:client-05DA20D107F8->b461a7b0-028a-4eb5-b268-b89ac225aff8@group-0C8C0AA7542A, cid=1397, SUCCESS, logIndex=1975, commits[b461a7b0-028a-4eb5-b268-b89ac225aff8:c1975, b6ff45f5-67b8-463b-a273-c2e7d9dadd75:c1971, 6a5cb75f-f7eb-4671-9a85-3b6f7898f6cc:c1971]
2019-08-28 21:29:36,744 | INFO  | DNAudit | user=null | ip=null | op=PUT_BLOCK {blockData=[blockId=conID: 1 locID: 102696732374467043 bcsId: 0,size=1048576]} | ret=SUCCESS |  
2019-08-28 21:29:36,744 | INFO  | DNAudit | user=null | ip=null | op=WRITE_CHUNK {blockData=conID: 1 locID: 102696732374467043 bcsId: 0} | ret=SUCCESS |  
2019-08-28 21:29:36,745 | INFO  | DNAudit | user=null | ip=null | op=PUT_BLOCK {blockData=[blockId=conID: 1 locID: 102696732374467043 bcsId: 0,size=1048576]} | ret=SUCCESS |  
2019-08-28 21:29:36,745 | INFO  | DNAudit | user=null | ip=null | op=WRITE_CHUNK {blockData=conID: 1 locID: 102696732374467043 bcsId: 0} | ret=SUCCESS |  
2019-08-28 21:29:36,745 | INFO  | DNAudit | user=null | ip=null | op=PUT_BLOCK {blockData=[blockId=conID: 1 locID: 102696732374467043 bcsId: 0,size=2097152]} | ret=SUCCESS |  
2019-08-28 21:29:36,745 [grpc-default-executor-6] INFO  client.GrpcClientProtocolClient (GrpcClientProtocolClient.java:onNext(255)) - client-05DA20D107F8->b461a7b0-028a-4eb5-b268-b89ac225aff8: receive RaftClientReply:client-05DA20D107F8->b461a7b0-028a-4eb5-b268-b89ac225aff8@group-0C8C0AA7542A, cid=1398, SUCCESS, logIndex=0, commits[b461a7b0-028a-4eb5-b268-b89ac225aff8:c1977, b6ff45f5-67b8-463b-a273-c2e7d9dadd75:c1973, 6a5cb75f-f7eb-4671-9a85-3b6f7898f6cc:c1973]
2019-08-28 21:29:36,745 | INFO  | DNAudit | user=null | ip=null | op=WRITE_CHUNK {blockData=conID: 1 locID: 102696732374467043 bcsId: 0} | ret=SUCCESS |  
2019-08-28 21:29:36,745 | INFO  | DNAudit | user=null | ip=null | op=PUT_BLOCK {blockData=[blockId=conID: 1 locID: 102696732374467043 bcsId: 0,size=2097152]} | ret=SUCCESS |  
2019-08-28 21:29:36,750 | INFO  | DNAudit | user=null | ip=null | op=WRITE_CHUNK {blockData=conID: 1 locID: 102696732374467043 bcsId: 1975} | ret=SUCCESS |  
2019-08-28 21:29:36,752 | INFO  | DNAudit | user=null | ip=null | op=WRITE_CHUNK {blockData=conID: 1 locID: 102696732374467043 bcsId: 1975} | ret=SUCCESS |  
2019-08-28 21:29:36,752 | INFO  | DNAudit | user=null | ip=null | op=WRITE_CHUNK {blockData=conID: 1 locID: 102696732374467043 bcsId: 1975} | ret=SUCCESS |  
2019-08-28 21:29:36,765 | INFO  | DNAudit | user=null | ip=null | op=WRITE_CHUNK {blockData=conID: 1 locID: 102696732374467043 bcsId: 1975} | ret=SUCCESS |  
2019-08-28 21:29:36,766 | INFO  | DNAudit | user=null | ip=null | op=PUT_BLOCK {blockData=[blockId=conID: 1 locID: 102696732374467043 bcsId: 0,size=3145728]} | ret=SUCCESS |  
2019-08-28 21:29:36,766 [grpc-default-executor-6] INFO  client.GrpcClientProtocolClient (GrpcClientProtocolClient.java:onNext(255)) - client-05DA20D107F8->b461a7b0-028a-4eb5-b268-b89ac225aff8: receive RaftClientReply:client-05DA20D107F8->b461a7b0-028a-4eb5-b268-b89ac225aff8@group-0C8C0AA7542A, cid=1399, SUCCESS, logIndex=1980, commits[b461a7b0-028a-4eb5-b268-b89ac225aff8:c1981, b6ff45f5-67b8-463b-a273-c2e7d9dadd75:c1979, 6a5cb75f-f7eb-4671-9a85-3b6f7898f6cc:c1979]
2019-08-28 21:29:36,766 [grpc-default-executor-6] INFO  client.GrpcClientProtocolClient (GrpcClientProtocolClient.java:onNext(255)) - client-05DA20D107F8->b461a7b0-028a-4eb5-b268-b89ac225aff8: receive RaftClientReply:client-05DA20D107F8->b461a7b0-028a-4eb5-b268-b89ac225aff8@group-0C8C0AA7542A, cid=1400, SUCCESS, logIndex=1981, commits[b461a7b0-028a-4eb5-b268-b89ac225aff8:c1981, b6ff45f5-67b8-463b-a273-c2e7d9dadd75:c1979, 6a5cb75f-f7eb-4671-9a85-3b6f7898f6cc:c1979]
2019-08-28 21:29:36,771 | INFO  | DNAudit | user=null | ip=null | op=WRITE_CHUNK {blockData=conID: 1 locID: 102696732374467043 bcsId: 1981} | ret=SUCCESS |  
2019-08-28 21:29:36,773 | INFO  | DNAudit | user=null | ip=null | op=WRITE_CHUNK {blockData=conID: 1 locID: 102696732374467043 bcsId: 1981} | ret=SUCCESS |  
2019-08-28 21:29:36,773 | INFO  | DNAudit | user=null | ip=null | op=WRITE_CHUNK {blockData=conID: 1 locID: 102696732374467043 bcsId: 1981} | ret=SUCCESS |  
2019-08-28 21:29:36,776 | INFO  | DNAudit | user=null | ip=null | op=WRITE_CHUNK {blockData=conID: 1 locID: 102696732374467043 bcsId: 1975} | ret=SUCCESS |  
2019-08-28 21:29:36,776 | INFO  | DNAudit | user=null | ip=null | op=WRITE_CHUNK {blockData=conID: 1 locID: 102696732374467043 bcsId: 1975} | ret=SUCCESS |  
2019-08-28 21:29:36,776 | INFO  | DNAudit | user=null | ip=null | op=PUT_BLOCK {blockData=[blockId=conID: 1 locID: 102696732374467043 bcsId: 0,size=3145728]} | ret=SUCCESS |  
2019-08-28 21:29:36,776 | INFO  | DNAudit | user=null | ip=null | op=PUT_BLOCK {blockData=[blockId=conID: 1 locID: 102696732374467043 bcsId: 0,size=3145728]} | ret=SUCCESS |  
2019-08-28 21:29:36,777 | INFO  | DNAudit | user=null | ip=null | op=WRITE_CHUNK {blockData=conID: 1 locID: 102696732374467043 bcsId: 1981} | ret=SUCCESS |  
2019-08-28 21:29:36,777 | INFO  | DNAudit | user=null | ip=null | op=PUT_BLOCK {blockData=[blockId=conID: 1 locID: 102696732374467043 bcsId: 0,size=4194304]} | ret=SUCCESS |  
2019-08-28 21:29:36,777 [grpc-default-executor-5] INFO  client.GrpcClientProtocolClient (GrpcClientProtocolClient.java:onNext(255)) - client-05DA20D107F8->b461a7b0-028a-4eb5-b268-b89ac225aff8: receive RaftClientReply:client-05DA20D107F8->b461a7b0-028a-4eb5-b268-b89ac225aff8@group-0C8C0AA7542A, cid=1401, SUCCESS, logIndex=1984, commits[b461a7b0-028a-4eb5-b268-b89ac225aff8:c1985, b6ff45f5-67b8-463b-a273-c2e7d9dadd75:c1981, 6a5cb75f-f7eb-4671-9a85-3b6f7898f6cc:c1981]
2019-08-28 21:29:36,778 [grpc-default-executor-5] INFO  client.GrpcClientProtocolClient (GrpcClientProtocolClient.java:onNext(255)) - client-05DA20D107F8->b461a7b0-028a-4eb5-b268-b89ac225aff8: receive RaftClientReply:client-05DA20D107F8->b461a7b0-028a-4eb5-b268-b89ac225aff8@group-0C8C0AA7542A, cid=1402, SUCCESS, logIndex=1985, commits[b461a7b0-028a-4eb5-b268-b89ac225aff8:c1985, b6ff45f5-67b8-463b-a273-c2e7d9dadd75:c1981, 6a5cb75f-f7eb-4671-9a85-3b6f7898f6cc:c1981]
2019-08-28 21:29:36,785 | INFO  | DNAudit | user=null | ip=null | op=WRITE_CHUNK {blockData=conID: 1 locID: 102696732374467043 bcsId: 1981} | ret=SUCCESS |  
2019-08-28 21:29:36,785 | INFO  | DNAudit | user=null | ip=null | op=WRITE_CHUNK {blockData=conID: 1 locID: 102696732374467043 bcsId: 1981} | ret=SUCCESS |  
2019-08-28 21:29:36,788 | INFO  | DNAudit | user=null | ip=null | op=PUT_BLOCK {blockData=[blockId=conID: 1 locID: 102696732374467043 bcsId: 0,size=4194304]} | ret=SUCCESS |  
2019-08-28 21:29:36,788 | INFO  | DNAudit | user=null | ip=null | op=PUT_BLOCK {blockData=[blockId=conID: 1 locID: 102696732374467043 bcsId: 0,size=4194304]} | ret=SUCCESS |  
2019-08-28 21:29:36,788 [grpc-default-executor-2] INFO  client.GrpcClientProtocolClient (GrpcClientProtocolClient.java:onNext(255)) - client-05DA20D107F8->b461a7b0-028a-4eb5-b268-b89ac225aff8: receive RaftClientReply:client-05DA20D107F8->b461a7b0-028a-4eb5-b268-b89ac225aff8@group-0C8C0AA7542A, cid=1403, SUCCESS, logIndex=0, commits[b461a7b0-028a-4eb5-b268-b89ac225aff8:c1986, b6ff45f5-67b8-463b-a273-c2e7d9dadd75:c1985, 6a5cb75f-f7eb-4671-9a85-3b6f7898f6cc:c1985]
2019-08-28 21:29:36,791 | INFO  | SCMAudit | user=jenkins1000 | ip=127.0.0.1 | op=ALLOCATE_BLOCK {owner=a0140aad-a474-4492-a39d-25bd6167d9f0, size=4194304, type=RATIS, factor=THREE} | ret=SUCCESS |  
2019-08-28 21:29:36,793 | INFO  | OMAudit | user=jenkins1000 | ip=127.0.0.1 | op=ALLOCATE_BLOCK {volume=vol-0-08922, bucket=bucket-0-29862, key=key-0-31337, dataSize=0, replicationType=null, replicationFactor=null, keyLocationInfo=null, clientID=102696731548516754} | ret=SUCCESS |  
2019-08-28 21:29:36,799 | INFO  | DNAudit | user=null | ip=null | op=WRITE_CHUNK {blockData=conID: 2 locID: 102696732379775460 bcsId: 0} | ret=SUCCESS |  
2019-08-28 21:29:36,801 | INFO  | DNAudit | user=null | ip=null | op=WRITE_CHUNK {blockData=conID: 2 locID: 102696732379775460 bcsId: 0} | ret=SUCCESS |  
2019-08-28 21:29:36,802 | INFO  | DNAudit | user=null | ip=null | op=WRITE_CHUNK {blockData=conID: 2 locID: 102696732379775460 bcsId: 0} | ret=SUCCESS |  
2019-08-28 21:29:36,802 | INFO  | DNAudit | user=null | ip=null | op=WRITE_CHUNK {blockData=conID: 2 locID: 102696732379775460 bcsId: 0} | ret=SUCCESS |  
2019-08-28 21:29:36,805 | INFO  | DNAudit | user=null | ip=null | op=WRITE_CHUNK {blockData=conID: 2 locID: 102696732379775460 bcsId: 0} | ret=SUCCESS |  
2019-08-28 21:29:36,805 | INFO  | DNAudit | user=null | ip=null | op=WRITE_CHUNK {blockData=conID: 2 locID: 102696732379775460 bcsId: 0} | ret=SUCCESS |  
2019-08-28 21:29:36,819 | INFO  | DNAudit | user=null | ip=null | op=WRITE_CHUNK {blockData=conID: 2 locID: 102696732379775460 bcsId: 0} | ret=SUCCESS |  
2019-08-28 21:29:36,819 | INFO  | DNAudit | user=null | ip=null | op=PUT_BLOCK {blockData=[blockId=conID: 2 locID: 102696732379775460 bcsId: 0,size=1048576]} | ret=SUCCESS |  
2019-08-28 21:29:36,819 [grpc-default-executor-2] INFO  client.GrpcClientProtocolClient (GrpcClientProtocolClient.java:onNext(255)) - client-05DA20D107F8->b461a7b0-028a-4eb5-b268-b89ac225aff8: receive RaftClientReply:client-05DA20D107F8->b461a7b0-028a-4eb5-b268-b89ac225aff8@group-0C8C0AA7542A, cid=1404, SUCCESS, logIndex=1988, commits[b461a7b0-028a-4eb5-b268-b89ac225aff8:c1990, b6ff45f5-67b8-463b-a273-c2e7d9dadd75:c1987, 6a5cb75f-f7eb-4671-9a85-3b6f7898f6cc:c1987]
2019-08-28 21:29:36,819 | INFO  | DNAudit | user=null | ip=null | op=WRITE_CHUNK {blockData=conID: 2 locID: 102696732379775460 bcsId: 0} | ret=SUCCESS |  
2019-08-28 21:29:36,820 [grpc-default-executor-2] INFO  client.GrpcClientProtocolClient (GrpcClientProtocolClient.java:onNext(255)) - client-05DA20D107F8->b461a7b0-028a-4eb5-b268-b89ac225aff8: receive RaftClientReply:client-05DA20D107F8->b461a7b0-028a-4eb5-b268-b89ac225aff8@group-0C8C0AA7542A, cid=1405, SUCCESS, logIndex=1989, commits[b461a7b0-028a-4eb5-b268-b89ac225aff8:c1991, b6ff45f5-67b8-463b-a273-c2e7d9dadd75:c1987, 6a5cb75f-f7eb-4671-9a85-3b6f7898f6cc:c1987]
2019-08-28 21:29:36,820 | INFO  | DNAudit | user=null | ip=null | op=PUT_BLOCK {blockData=[blockId=conID: 2 locID: 102696732379775460 bcsId: 0,size=2097152]} | ret=SUCCESS |  
2019-08-28 21:29:36,820 [grpc-default-executor-2] INFO  client.GrpcClientProtocolClient (GrpcClientProtocolClient.java:onNext(255)) - client-05DA20D107F8->b461a7b0-028a-4eb5-b268-b89ac225aff8: receive RaftClientReply:client-05DA20D107F8->b461a7b0-028a-4eb5-b268-b89ac225aff8@group-0C8C0AA7542A, cid=1406, SUCCESS, logIndex=1990, commits[b461a7b0-028a-4eb5-b268-b89ac225aff8:c1991, b6ff45f5-67b8-463b-a273-c2e7d9dadd75:c1987, 6a5cb75f-f7eb-4671-9a85-3b6f7898f6cc:c1987]
2019-08-28 21:29:36,820 [grpc-default-executor-2] INFO  client.GrpcClientProtocolClient (GrpcClientProtocolClient.java:onNext(255)) - client-05DA20D107F8->b461a7b0-028a-4eb5-b268-b89ac225aff8: receive RaftClientReply:client-05DA20D107F8->b461a7b0-028a-4eb5-b268-b89ac225aff8@group-0C8C0AA7542A, cid=1407, SUCCESS, logIndex=1991, commits[b461a7b0-028a-4eb5-b268-b89ac225aff8:c1991, b6ff45f5-67b8-463b-a273-c2e7d9dadd75:c1987, 6a5cb75f-f7eb-4671-9a85-3b6f7898f6cc:c1987]
2019-08-28 21:29:36,824 | INFO  | DNAudit | user=null | ip=null | op=WRITE_CHUNK {blockData=conID: 2 locID: 102696732379775460 bcsId: 0} | ret=SUCCESS |  
2019-08-28 21:29:36,824 | INFO  | DNAudit | user=null | ip=null | op=WRITE_CHUNK {blockData=conID: 2 locID: 102696732379775460 bcsId: 0} | ret=SUCCESS |  
2019-08-28 21:29:36,824 | INFO  | DNAudit | user=null | ip=null | op=PUT_BLOCK {blockData=[blockId=conID: 2 locID: 102696732379775460 bcsId: 0,size=1048576]} | ret=SUCCESS |  
2019-08-28 21:29:36,825 | INFO  | DNAudit | user=null | ip=null | op=PUT_BLOCK {blockData=[blockId=conID: 2 locID: 102696732379775460 bcsId: 0,size=1048576]} | ret=SUCCESS |  
2019-08-28 21:29:36,825 | INFO  | DNAudit | user=null | ip=null | op=WRITE_CHUNK {blockData=conID: 2 locID: 102696732379775460 bcsId: 0} | ret=SUCCESS |  
2019-08-28 21:29:36,825 | INFO  | DNAudit | user=null | ip=null | op=WRITE_CHUNK {blockData=conID: 2 locID: 102696732379775460 bcsId: 0} | ret=SUCCESS |  
2019-08-28 21:29:36,825 | INFO  | DNAudit | user=null | ip=null | op=PUT_BLOCK {blockData=[blockId=conID: 2 locID: 102696732379775460 bcsId: 0,size=2097152]} | ret=SUCCESS |  
2019-08-28 21:29:36,826 | INFO  | DNAudit | user=null | ip=null | op=PUT_BLOCK {blockData=[blockId=conID: 2 locID: 102696732379775460 bcsId: 0,size=2097152]} | ret=SUCCESS |  
2019-08-28 21:29:36,826 [grpc-default-executor-3] INFO  client.GrpcClientProtocolClient (GrpcClientProtocolClient.java:onNext(255)) - client-05DA20D107F8->b461a7b0-028a-4eb5-b268-b89ac225aff8: receive RaftClientReply:client-05DA20D107F8->b461a7b0-028a-4eb5-b268-b89ac225aff8@group-0C8C0AA7542A, cid=1408, SUCCESS, logIndex=0, commits[b461a7b0-028a-4eb5-b268-b89ac225aff8:c1993, b6ff45f5-67b8-463b-a273-c2e7d9dadd75:c1990, 6a5cb75f-f7eb-4671-9a85-3b6f7898f6cc:c1989]
2019-08-28 21:29:36,832 | INFO  | DNAudit | user=null | ip=null | op=WRITE_CHUNK {blockData=conID: 2 locID: 102696732379775460 bcsId: 1991} | ret=SUCCESS |  
2019-08-28 21:29:36,833 | INFO  | DNAudit | user=null | ip=null | op=WRITE_CHUNK {blockData=conID: 2 locID: 102696732379775460 bcsId: 1991} | ret=SUCCESS |  
2019-08-28 21:29:36,834 | INFO  | DNAudit | user=null | ip=null | op=WRITE_CHUNK {blockData=conID: 2 locID: 102696732379775460 bcsId: 1991} | ret=SUCCESS |  
2019-08-28 21:29:36,854 | INFO  | DNAudit | user=null | ip=null | op=WRITE_CHUNK {blockData=conID: 2 locID: 102696732379775460 bcsId: 1991} | ret=SUCCESS |  
2019-08-28 21:29:36,855 | INFO  | DNAudit | user=null | ip=null | op=PUT_BLOCK {blockData=[blockId=conID: 2 locID: 102696732379775460 bcsId: 0,size=3145728]} | ret=SUCCESS |  
2019-08-28 21:29:36,855 [grpc-default-executor-5] INFO  client.GrpcClientProtocolClient (GrpcClientProtocolClient.java:onNext(255)) - client-05DA20D107F8->b461a7b0-028a-4eb5-b268-b89ac225aff8: receive RaftClientReply:client-05DA20D107F8->b461a7b0-028a-4eb5-b268-b89ac225aff8@group-0C8C0AA7542A, cid=1409, SUCCESS, logIndex=1996, commits[b461a7b0-028a-4eb5-b268-b89ac225aff8:c1997, b6ff45f5-67b8-463b-a273-c2e7d9dadd75:c1995, 6a5cb75f-f7eb-4671-9a85-3b6f7898f6cc:c1995]
2019-08-28 21:29:36,855 [grpc-default-executor-5] INFO  client.GrpcClientProtocolClient (GrpcClientProtocolClient.java:onNext(255)) - client-05DA20D107F8->b461a7b0-028a-4eb5-b268-b89ac225aff8: receive RaftClientReply:client-05DA20D107F8->b461a7b0-028a-4eb5-b268-b89ac225aff8@group-0C8C0AA7542A, cid=1410, SUCCESS, logIndex=1997, commits[b461a7b0-028a-4eb5-b268-b89ac225aff8:c1997, b6ff45f5-67b8-463b-a273-c2e7d9dadd75:c1995, 6a5cb75f-f7eb-4671-9a85-3b6f7898f6cc:c1995]
2019-08-28 21:29:36,860 | INFO  | DNAudit | user=null | ip=null | op=WRITE_CHUNK {blockData=conID: 2 locID: 102696732379775460 bcsId: 1991} | ret=SUCCESS |  
2019-08-28 21:29:36,861 | INFO  | DNAudit | user=null | ip=null | op=WRITE_CHUNK {blockData=conID: 2 locID: 102696732379775460 bcsId: 1991} | ret=SUCCESS |  
2019-08-28 21:29:36,862 | INFO  | DNAudit | user=null | ip=null | op=WRITE_CHUNK {blockData=conID: 2 locID: 102696732379775460 bcsId: 1997} | ret=SUCCESS |  
2019-08-28 21:29:36,862 | INFO  | DNAudit | user=null | ip=null | op=PUT_BLOCK {blockData=[blockId=conID: 2 locID: 102696732379775460 bcsId: 0,size=3145728]} | ret=SUCCESS |  
2019-08-28 21:29:36,862 | INFO  | DNAudit | user=null | ip=null | op=PUT_BLOCK {blockData=[blockId=conID: 2 locID: 102696732379775460 bcsId: 0,size=3145728]} | ret=SUCCESS |  
2019-08-28 21:29:36,865 | INFO  | DNAudit | user=null | ip=null | op=WRITE_CHUNK {blockData=conID: 2 locID: 102696732379775460 bcsId: 1997} | ret=SUCCESS |  
2019-08-28 21:29:36,865 | INFO  | DNAudit | user=null | ip=null | op=WRITE_CHUNK {blockData=conID: 2 locID: 102696732379775460 bcsId: 1997} | ret=SUCCESS |  
2019-08-28 21:29:36,872 | INFO  | DNAudit | user=null | ip=null | op=WRITE_CHUNK {blockData=conID: 2 locID: 102696732379775460 bcsId: 1997} | ret=SUCCESS |  
2019-08-28 21:29:36,873 | INFO  | DNAudit | user=null | ip=null | op=PUT_BLOCK {blockData=[blockId=conID: 2 locID: 102696732379775460 bcsId: 0,size=4194304]} | ret=SUCCESS |  
2019-08-28 21:29:36,873 [grpc-default-executor-5] INFO  client.GrpcClientProtocolClient (GrpcClientProtocolClient.java:onNext(255)) - client-05DA20D107F8->b461a7b0-028a-4eb5-b268-b89ac225aff8: receive RaftClientReply:client-05DA20D107F8->b461a7b0-028a-4eb5-b268-b89ac225aff8@group-0C8C0AA7542A, cid=1411, SUCCESS, logIndex=2000, commits[b461a7b0-028a-4eb5-b268-b89ac225aff8:c2001, b6ff45f5-67b8-463b-a273-c2e7d9dadd75:c1997, 6a5cb75f-f7eb-4671-9a85-3b6f7898f6cc:c1997]
2019-08-28 21:29:36,873 [grpc-default-executor-5] INFO  client.GrpcClientProtocolClient (GrpcClientProtocolClient.java:onNext(255)) - client-05DA20D107F8->b461a7b0-028a-4eb5-b268-b89ac225aff8: receive RaftClientReply:client-05DA20D107F8->b461a7b0-028a-4eb5-b268-b89ac225aff8@group-0C8C0AA7542A, cid=1412, SUCCESS, logIndex=2001, commits[b461a7b0-028a-4eb5-b268-b89ac225aff8:c2001, b6ff45f5-67b8-463b-a273-c2e7d9dadd75:c1997, 6a5cb75f-f7eb-4671-9a85-3b6f7898f6cc:c1997]
2019-08-28 21:29:36,882 | INFO  | DNAudit | user=null | ip=null | op=WRITE_CHUNK {blockData=conID: 2 locID: 102696732379775460 bcsId: 1997} | ret=SUCCESS |  
2019-08-28 21:29:36,882 | INFO  | DNAudit | user=null | ip=null | op=WRITE_CHUNK {blockData=conID: 2 locID: 102696732379775460 bcsId: 1997} | ret=SUCCESS |  
2019-08-28 21:29:36,884 | INFO  | DNAudit | user=null | ip=null | op=PUT_BLOCK {blockData=[blockId=conID: 2 locID: 102696732379775460 bcsId: 0,size=4194304]} | ret=SUCCESS |  
2019-08-28 21:29:36,884 | INFO  | DNAudit | user=null | ip=null | op=PUT_BLOCK {blockData=[blockId=conID: 2 locID: 102696732379775460 bcsId: 0,size=4194304]} | ret=SUCCESS |  
2019-08-28 21:29:36,884 [grpc-default-executor-5] INFO  client.GrpcClientProtocolClient (GrpcClientProtocolClient.java:onNext(255)) - client-05DA20D107F8->b461a7b0-028a-4eb5-b268-b89ac225aff8: receive RaftClientReply:client-05DA20D107F8->b461a7b0-028a-4eb5-b268-b89ac225aff8@group-0C8C0AA7542A, cid=1413, SUCCESS, logIndex=0, commits[b461a7b0-028a-4eb5-b268-b89ac225aff8:c2003, b6ff45f5-67b8-463b-a273-c2e7d9dadd75:c2001, 6a5cb75f-f7eb-4671-9a85-3b6f7898f6cc:c2001]
2019-08-28 21:29:36,888 | INFO  | SCMAudit | user=jenkins1000 | ip=127.0.0.1 | op=ALLOCATE_BLOCK {owner=a0140aad-a474-4492-a39d-25bd6167d9f0, size=4194304, type=RATIS, factor=THREE} | ret=SUCCESS |  
2019-08-28 21:29:36,890 | INFO  | OMAudit | user=jenkins1000 | ip=127.0.0.1 | op=ALLOCATE_BLOCK {volume=vol-0-08922, bucket=bucket-0-29862, key=key-0-31337, dataSize=0, replicationType=null, replicationFactor=null, keyLocationInfo=null, clientID=102696731548516754} | ret=SUCCESS |  
2019-08-28 21:29:36,897 | INFO  | DNAudit | user=null | ip=null | op=WRITE_CHUNK {blockData=conID: 3 locID: 102696732386132453 bcsId: 0} | ret=SUCCESS |  
2019-08-28 21:29:36,899 | INFO  | DNAudit | user=null | ip=null | op=WRITE_CHUNK {blockData=conID: 3 locID: 102696732386132453 bcsId: 0} | ret=SUCCESS |  
2019-08-28 21:29:36,900 | INFO  | DNAudit | user=null | ip=null | op=WRITE_CHUNK {blockData=conID: 3 locID: 102696732386132453 bcsId: 0} | ret=SUCCESS |  
2019-08-28 21:29:36,900 | INFO  | DNAudit | user=null | ip=null | op=WRITE_CHUNK {blockData=conID: 3 locID: 102696732386132453 bcsId: 0} | ret=SUCCESS |  
2019-08-28 21:29:36,900 | INFO  | DNAudit | user=null | ip=null | op=WRITE_CHUNK {blockData=conID: 3 locID: 102696732386132453 bcsId: 0} | ret=SUCCESS |  
2019-08-28 21:29:36,901 | INFO  | DNAudit | user=null | ip=null | op=WRITE_CHUNK {blockData=conID: 3 locID: 102696732386132453 bcsId: 0} | ret=SUCCESS |  
2019-08-28 21:29:36,908 | INFO  | DNAudit | user=null | ip=null | op=WRITE_CHUNK {blockData=conID: 3 locID: 102696732386132453 bcsId: 0} | ret=SUCCESS |  
2019-08-28 21:29:36,908 | INFO  | DNAudit | user=null | ip=null | op=PUT_BLOCK {blockData=[blockId=conID: 3 locID: 102696732386132453 bcsId: 0,size=1048576]} | ret=SUCCESS |  
2019-08-28 21:29:36,908 [grpc-default-executor-2] INFO  client.GrpcClientProtocolClient (GrpcClientProtocolClient.java:onNext(255)) - client-05DA20D107F8->b461a7b0-028a-4eb5-b268-b89ac225aff8: receive RaftClientReply:client-05DA20D107F8->b461a7b0-028a-4eb5-b268-b89ac225aff8@group-0C8C0AA7542A, cid=1414, SUCCESS, logIndex=2004, commits[b461a7b0-028a-4eb5-b268-b89ac225aff8:c2007, b6ff45f5-67b8-463b-a273-c2e7d9dadd75:c2003, 6a5cb75f-f7eb-4671-9a85-3b6f7898f6cc:c2003]
2019-08-28 21:29:36,908 | INFO  | DNAudit | user=null | ip=null | op=WRITE_CHUNK {blockData=conID: 3 locID: 102696732386132453 bcsId: 0} | ret=SUCCESS |  
2019-08-28 21:29:36,909 | INFO  | DNAudit | user=null | ip=null | op=PUT_BLOCK {blockData=[blockId=conID: 3 locID: 102696732386132453 bcsId: 0,size=2097152]} | ret=SUCCESS |  
2019-08-28 21:29:36,909 [grpc-default-executor-2] INFO  client.GrpcClientProtocolClient (GrpcClientProtocolClient.java:onNext(255)) - client-05DA20D107F8->b461a7b0-028a-4eb5-b268-b89ac225aff8: receive RaftClientReply:client-05DA20D107F8->b461a7b0-028a-4eb5-b268-b89ac225aff8@group-0C8C0AA7542A, cid=1415, SUCCESS, logIndex=2005, commits[b461a7b0-028a-4eb5-b268-b89ac225aff8:c2007, b6ff45f5-67b8-463b-a273-c2e7d9dadd75:c2003, 6a5cb75f-f7eb-4671-9a85-3b6f7898f6cc:c2003]
2019-08-28 21:29:36,909 [grpc-default-executor-2] INFO  client.GrpcClientProtocolClient (GrpcClientProtocolClient.java:onNext(255)) - client-05DA20D107F8->b461a7b0-028a-4eb5-b268-b89ac225aff8: receive RaftClientReply:client-05DA20D107F8->b461a7b0-028a-4eb5-b268-b89ac225aff8@group-0C8C0AA7542A, cid=1416, SUCCESS, logIndex=2006, commits[b461a7b0-028a-4eb5-b268-b89ac225aff8:c2007, b6ff45f5-67b8-463b-a273-c2e7d9dadd75:c2003, 6a5cb75f-f7eb-4671-9a85-3b6f7898f6cc:c2003]
2019-08-28 21:29:36,909 [grpc-default-executor-2] INFO  client.GrpcClientProtocolClient (GrpcClientProtocolClient.java:onNext(255)) - client-05DA20D107F8->b461a7b0-028a-4eb5-b268-b89ac225aff8: receive RaftClientReply:client-05DA20D107F8->b461a7b0-028a-4eb5-b268-b89ac225aff8@group-0C8C0AA7542A, cid=1417, SUCCESS, logIndex=2007, commits[b461a7b0-028a-4eb5-b268-b89ac225aff8:c2007, b6ff45f5-67b8-463b-a273-c2e7d9dadd75:c2003, 6a5cb75f-f7eb-4671-9a85-3b6f7898f6cc:c2003]
2019-08-28 21:29:36,925 | INFO  | DNAudit | user=null | ip=null | op=WRITE_CHUNK {blockData=conID: 3 locID: 102696732386132453 bcsId: 0} | ret=SUCCESS |  
2019-08-28 21:29:36,925 | INFO  | DNAudit | user=null | ip=null | op=WRITE_CHUNK {blockData=conID: 3 locID: 102696732386132453 bcsId: 0} | ret=SUCCESS |  
2019-08-28 21:29:36,925 | INFO  | DNAudit | user=null | ip=null | op=PUT_BLOCK {blockData=[blockId=conID: 3 locID: 102696732386132453 bcsId: 0,size=1048576]} | ret=SUCCESS |  
2019-08-28 21:29:36,925 | INFO  | DNAudit | user=null | ip=null | op=PUT_BLOCK {blockData=[blockId=conID: 3 locID: 102696732386132453 bcsId: 0,size=1048576]} | ret=SUCCESS |  
2019-08-28 21:29:36,925 [grpc-default-executor-2] INFO  client.GrpcClientProtocolClient (GrpcClientProtocolClient.java:onNext(255)) - client-05DA20D107F8->b461a7b0-028a-4eb5-b268-b89ac225aff8: receive RaftClientReply:client-05DA20D107F8->b461a7b0-028a-4eb5-b268-b89ac225aff8@group-0C8C0AA7542A, cid=1418, SUCCESS, logIndex=0, commits[b461a7b0-028a-4eb5-b268-b89ac225aff8:c2008, b6ff45f5-67b8-463b-a273-c2e7d9dadd75:c2005, 6a5cb75f-f7eb-4671-9a85-3b6f7898f6cc:c2005]
2019-08-28 21:29:36,926 | INFO  | DNAudit | user=null | ip=null | op=WRITE_CHUNK {blockData=conID: 3 locID: 102696732386132453 bcsId: 0} | ret=SUCCESS |  
2019-08-28 21:29:36,926 | INFO  | DNAudit | user=null | ip=null | op=PUT_BLOCK {blockData=[blockId=conID: 3 locID: 102696732386132453 bcsId: 0,size=2097152]} | ret=SUCCESS |  
2019-08-28 21:29:36,926 | INFO  | DNAudit | user=null | ip=null | op=WRITE_CHUNK {blockData=conID: 3 locID: 102696732386132453 bcsId: 0} | ret=SUCCESS |  
2019-08-28 21:29:36,927 | INFO  | DNAudit | user=null | ip=null | op=PUT_BLOCK {blockData=[blockId=conID: 3 locID: 102696732386132453 bcsId: 0,size=2097152]} | ret=SUCCESS |  
2019-08-28 21:29:36,932 | INFO  | DNAudit | user=null | ip=null | op=WRITE_CHUNK {blockData=conID: 3 locID: 102696732386132453 bcsId: 2007} | ret=SUCCESS |  
2019-08-28 21:29:36,934 | INFO  | DNAudit | user=null | ip=null | op=WRITE_CHUNK {blockData=conID: 3 locID: 102696732386132453 bcsId: 2007} | ret=SUCCESS |  
2019-08-28 21:29:36,934 | INFO  | DNAudit | user=null | ip=null | op=WRITE_CHUNK {blockData=conID: 3 locID: 102696732386132453 bcsId: 2007} | ret=SUCCESS |  
2019-08-28 21:29:36,942 | INFO  | DNAudit | user=null | ip=null | op=WRITE_CHUNK {blockData=conID: 3 locID: 102696732386132453 bcsId: 2007} | ret=SUCCESS |  
2019-08-28 21:29:36,942 | INFO  | DNAudit | user=null | ip=null | op=PUT_BLOCK {blockData=[blockId=conID: 3 locID: 102696732386132453 bcsId: 0,size=3145728]} | ret=SUCCESS |  
2019-08-28 21:29:36,942 [grpc-default-executor-6] INFO  client.GrpcClientProtocolClient (GrpcClientProtocolClient.java:onNext(255)) - client-05DA20D107F8->b461a7b0-028a-4eb5-b268-b89ac225aff8: receive RaftClientReply:client-05DA20D107F8->b461a7b0-028a-4eb5-b268-b89ac225aff8@group-0C8C0AA7542A, cid=1419, SUCCESS, logIndex=2012, commits[b461a7b0-028a-4eb5-b268-b89ac225aff8:c2013, b6ff45f5-67b8-463b-a273-c2e7d9dadd75:c2011, 6a5cb75f-f7eb-4671-9a85-3b6f7898f6cc:c2011]
2019-08-28 21:29:36,943 [grpc-default-executor-6] INFO  client.GrpcClientProtocolClient (GrpcClientProtocolClient.java:onNext(255)) - client-05DA20D107F8->b461a7b0-028a-4eb5-b268-b89ac225aff8: receive RaftClientReply:client-05DA20D107F8->b461a7b0-028a-4eb5-b268-b89ac225aff8@group-0C8C0AA7542A, cid=1420, SUCCESS, logIndex=2013, commits[b461a7b0-028a-4eb5-b268-b89ac225aff8:c2013, b6ff45f5-67b8-463b-a273-c2e7d9dadd75:c2011, 6a5cb75f-f7eb-4671-9a85-3b6f7898f6cc:c2011]
2019-08-28 21:29:37,069 | INFO  | DNAudit | user=null | ip=null | op=WRITE_CHUNK {blockData=conID: 3 locID: 102696732386132453 bcsId: 2013} | ret=SUCCESS |  
2019-08-28 21:29:37,069 | INFO  | SCMAudit | user=jenkins1000 | ip=192.168.36.107 | op=SEND_HEARTBEAT {datanodeUUID=6a5cb75f-f7eb-4671-9a85-3b6f7898f6cc, command=[]} | ret=SUCCESS |  
2019-08-28 21:29:37,069 | INFO  | SCMAudit | user=jenkins1000 | ip=192.168.36.107 | op=SEND_HEARTBEAT {datanodeUUID=b461a7b0-028a-4eb5-b268-b89ac225aff8, command=[]} | ret=SUCCESS |  
2019-08-28 21:29:37,069 | INFO  | SCMAudit | user=jenkins1000 | ip=192.168.36.107 | op=SEND_HEARTBEAT {datanodeUUID=b6ff45f5-67b8-463b-a273-c2e7d9dadd75, command=[]} | ret=SUCCESS |  
2019-08-28 21:29:37,069 | INFO  | DNAudit | user=null | ip=null | op=WRITE_CHUNK {blockData=conID: 3 locID: 102696732386132453 bcsId: 2007} | ret=SUCCESS |  
2019-08-28 21:29:37,070 | INFO  | DNAudit | user=null | ip=null | op=WRITE_CHUNK {blockData=conID: 3 locID: 102696732386132453 bcsId: 2013} | ret=SUCCESS |  
2019-08-28 21:29:37,070 | INFO  | DNAudit | user=null | ip=null | op=PUT_BLOCK {blockData=[blockId=conID: 3 locID: 102696732386132453 bcsId: 0,size=3145728]} | ret=SUCCESS |  
2019-08-28 21:29:37,070 | INFO  | DNAudit | user=null | ip=null | op=WRITE_CHUNK {blockData=conID: 3 locID: 102696732386132453 bcsId: 2007} | ret=SUCCESS |  
2019-08-28 21:29:37,070 | INFO  | DNAudit | user=null | ip=null | op=PUT_BLOCK {blockData=[blockId=conID: 3 locID: 102696732386132453 bcsId: 0,size=3145728]} | ret=SUCCESS |  
2019-08-28 21:29:37,071 | INFO  | DNAudit | user=null | ip=null | op=WRITE_CHUNK {blockData=conID: 3 locID: 102696732386132453 bcsId: 2013} | ret=SUCCESS |  
2019-08-28 21:29:37,079 | INFO  | DNAudit | user=null | ip=null | op=WRITE_CHUNK {blockData=conID: 3 locID: 102696732386132453 bcsId: 2013} | ret=SUCCESS |  
2019-08-28 21:29:37,079 | INFO  | DNAudit | user=null | ip=null | op=PUT_BLOCK {blockData=[blockId=conID: 3 locID: 102696732386132453 bcsId: 0,size=4194304]} | ret=SUCCESS |  
2019-08-28 21:29:37,079 [grpc-default-executor-6] INFO  client.GrpcClientProtocolClient (GrpcClientProtocolClient.java:onNext(255)) - client-05DA20D107F8->b461a7b0-028a-4eb5-b268-b89ac225aff8: receive RaftClientReply:client-05DA20D107F8->b461a7b0-028a-4eb5-b268-b89ac225aff8@group-0C8C0AA7542A, cid=1421, SUCCESS, logIndex=2016, commits[b461a7b0-028a-4eb5-b268-b89ac225aff8:c2017, b6ff45f5-67b8-463b-a273-c2e7d9dadd75:c2013, 6a5cb75f-f7eb-4671-9a85-3b6f7898f6cc:c2013]
2019-08-28 21:29:37,080 [grpc-default-executor-6] INFO  client.GrpcClientProtocolClient (GrpcClientProtocolClient.java:onNext(255)) - client-05DA20D107F8->b461a7b0-028a-4eb5-b268-b89ac225aff8: receive RaftClientReply:client-05DA20D107F8->b461a7b0-028a-4eb5-b268-b89ac225aff8@group-0C8C0AA7542A, cid=1422, SUCCESS, logIndex=2017, commits[b461a7b0-028a-4eb5-b268-b89ac225aff8:c2017, b6ff45f5-67b8-463b-a273-c2e7d9dadd75:c2013, 6a5cb75f-f7eb-4671-9a85-3b6f7898f6cc:c2013]
2019-08-28 21:29:37,090 | INFO  | DNAudit | user=null | ip=null | op=WRITE_CHUNK {blockData=conID: 3 locID: 102696732386132453 bcsId: 2013} | ret=SUCCESS |  
2019-08-28 21:29:37,090 | INFO  | DNAudit | user=null | ip=null | op=PUT_BLOCK {blockData=[blockId=conID: 3 locID: 102696732386132453 bcsId: 0,size=4194304]} | ret=SUCCESS |  
2019-08-28 21:29:37,090 | INFO  | DNAudit | user=null | ip=null | op=WRITE_CHUNK {blockData=conID: 3 locID: 102696732386132453 bcsId: 2013} | ret=SUCCESS |  
2019-08-28 21:29:37,091 | INFO  | DNAudit | user=null | ip=null | op=PUT_BLOCK {blockData=[blockId=conID: 3 locID: 102696732386132453 bcsId: 0,size=4194304]} | ret=SUCCESS |  
2019-08-28 21:29:37,091 [grpc-default-executor-6] INFO  client.GrpcClientProtocolClient (GrpcClientProtocolClient.java:onNext(255)) - client-05DA20D107F8->b461a7b0-028a-4eb5-b268-b89ac225aff8: receive RaftClientReply:client-05DA20D107F8->b461a7b0-028a-4eb5-b268-b89ac225aff8@group-0C8C0AA7542A, cid=1423, SUCCESS, logIndex=0, commits[b461a7b0-028a-4eb5-b268-b89ac225aff8:c2018, b6ff45f5-67b8-463b-a273-c2e7d9dadd75:c2017, 6a5cb75f-f7eb-4671-9a85-3b6f7898f6cc:c2017]
2019-08-28 21:29:37,095 | INFO  | SCMAudit | user=jenkins1000 | ip=127.0.0.1 | op=ALLOCATE_BLOCK {owner=a0140aad-a474-4492-a39d-25bd6167d9f0, size=4194304, type=RATIS, factor=THREE} | ret=SUCCESS |  
 0.00% |█                                                                                                    |  0/1 Time: 0:00:132019-08-28 21:29:37,098 | INFO  | OMAudit | user=jenkins1000 | ip=127.0.0.1 | op=ALLOCATE_BLOCK {volume=vol-0-08922, bucket=bucket-0-29862, key=key-0-31337, dataSize=0, replicationType=null, replicationFactor=null, keyLocationInfo=null, clientID=102696731548516754} | ret=SUCCESS |  
2019-08-28 21:29:37,106 | INFO  | DNAudit | user=null | ip=null | op=WRITE_CHUNK {blockData=conID: 1 locID: 102696732399698406 bcsId: 0} | ret=SUCCESS |  
2019-08-28 21:29:37,110 | INFO  | DNAudit | user=null | ip=null | op=WRITE_CHUNK {blockData=conID: 1 locID: 102696732399698406 bcsId: 0} | ret=SUCCESS |  
2019-08-28 21:29:37,110 | INFO  | DNAudit | user=null | ip=null | op=WRITE_CHUNK {blockData=conID: 1 locID: 102696732399698406 bcsId: 0} | ret=SUCCESS |  
2019-08-28 21:29:37,110 | INFO  | DNAudit | user=null | ip=null | op=WRITE_CHUNK {blockData=conID: 1 locID: 102696732399698406 bcsId: 0} | ret=SUCCESS |  
2019-08-28 21:29:37,111 | INFO  | DNAudit | user=null | ip=null | op=WRITE_CHUNK {blockData=conID: 1 locID: 102696732399698406 bcsId: 0} | ret=SUCCESS |  
2019-08-28 21:29:37,111 | INFO  | DNAudit | user=null | ip=null | op=WRITE_CHUNK {blockData=conID: 1 locID: 102696732399698406 bcsId: 0} | ret=SUCCESS |  
2019-08-28 21:29:37,122 | INFO  | DNAudit | user=null | ip=null | op=WRITE_CHUNK {blockData=conID: 1 locID: 102696732399698406 bcsId: 0} | ret=SUCCESS |  
2019-08-28 21:29:37,122 | INFO  | DNAudit | user=null | ip=null | op=PUT_BLOCK {blockData=[blockId=conID: 1 locID: 102696732399698406 bcsId: 0,size=1048576]} | ret=SUCCESS |  
2019-08-28 21:29:37,122 [grpc-default-executor-6] INFO  client.GrpcClientProtocolClient (GrpcClientProtocolClient.java:onNext(255)) - client-05DA20D107F8->b461a7b0-028a-4eb5-b268-b89ac225aff8: receive RaftClientReply:client-05DA20D107F8->b461a7b0-028a-4eb5-b268-b89ac225aff8@group-0C8C0AA7542A, cid=1424, SUCCESS, logIndex=2020, commits[b461a7b0-028a-4eb5-b268-b89ac225aff8:c2023, b6ff45f5-67b8-463b-a273-c2e7d9dadd75:c2019, 6a5cb75f-f7eb-4671-9a85-3b6f7898f6cc:c2019]
2019-08-28 21:29:37,123 | INFO  | DNAudit | user=null | ip=null | op=WRITE_CHUNK {blockData=conID: 1 locID: 102696732399698406 bcsId: 0} | ret=SUCCESS |  
2019-08-28 21:29:37,123 [grpc-default-executor-6] INFO  client.GrpcClientProtocolClient (GrpcClientProtocolClient.java:onNext(255)) - client-05DA20D107F8->b461a7b0-028a-4eb5-b268-b89ac225aff8: receive RaftClientReply:client-05DA20D107F8->b461a7b0-028a-4eb5-b268-b89ac225aff8@group-0C8C0AA7542A, cid=1425, SUCCESS, logIndex=2021, commits[b461a7b0-028a-4eb5-b268-b89ac225aff8:c2023, b6ff45f5-67b8-463b-a273-c2e7d9dadd75:c2019, 6a5cb75f-f7eb-4671-9a85-3b6f7898f6cc:c2019]
2019-08-28 21:29:37,123 | INFO  | DNAudit | user=null | ip=null | op=PUT_BLOCK {blockData=[blockId=conID: 1 locID: 102696732399698406 bcsId: 0,size=2097152]} | ret=SUCCESS |  
2019-08-28 21:29:37,123 [grpc-default-executor-6] INFO  client.GrpcClientProtocolClient (GrpcClientProtocolClient.java:onNext(255)) - client-05DA20D107F8->b461a7b0-028a-4eb5-b268-b89ac225aff8: receive RaftClientReply:client-05DA20D107F8->b461a7b0-028a-4eb5-b268-b89ac225aff8@group-0C8C0AA7542A, cid=1426, SUCCESS, logIndex=2022, commits[b461a7b0-028a-4eb5-b268-b89ac225aff8:c2023, b6ff45f5-67b8-463b-a273-c2e7d9dadd75:c2019, 6a5cb75f-f7eb-4671-9a85-3b6f7898f6cc:c2019]
2019-08-28 21:29:37,123 [grpc-default-executor-6] INFO  client.GrpcClientProtocolClient (GrpcClientProtocolClient.java:onNext(255)) - client-05DA20D107F8->b461a7b0-028a-4eb5-b268-b89ac225aff8: receive RaftClientReply:client-05DA20D107F8->b461a7b0-028a-4eb5-b268-b89ac225aff8@group-0C8C0AA7542A, cid=1427, SUCCESS, logIndex=2023, commits[b461a7b0-028a-4eb5-b268-b89ac225aff8:c2023, b6ff45f5-67b8-463b-a273-c2e7d9dadd75:c2019, 6a5cb75f-f7eb-4671-9a85-3b6f7898f6cc:c2019]
2019-08-28 21:29:37,127 | INFO  | DNAudit | user=null | ip=null | op=WRITE_CHUNK {blockData=conID: 1 locID: 102696732399698406 bcsId: 0} | ret=SUCCESS |  
2019-08-28 21:29:37,127 | INFO  | DNAudit | user=null | ip=null | op=WRITE_CHUNK {blockData=conID: 1 locID: 102696732399698406 bcsId: 0} | ret=SUCCESS |  
2019-08-28 21:29:37,127 | INFO  | DNAudit | user=null | ip=null | op=PUT_BLOCK {blockData=[blockId=conID: 1 locID: 102696732399698406 bcsId: 0,size=1048576]} | ret=SUCCESS |  
2019-08-28 21:29:37,127 | INFO  | DNAudit | user=null | ip=null | op=PUT_BLOCK {blockData=[blockId=conID: 1 locID: 102696732399698406 bcsId: 0,size=1048576]} | ret=SUCCESS |  
2019-08-28 21:29:37,127 [grpc-default-executor-3] INFO  client.GrpcClientProtocolClient (GrpcClientProtocolClient.java:onNext(255)) - client-05DA20D107F8->b461a7b0-028a-4eb5-b268-b89ac225aff8: receive RaftClientReply:client-05DA20D107F8->b461a7b0-028a-4eb5-b268-b89ac225aff8@group-0C8C0AA7542A, cid=1428, SUCCESS, logIndex=0, commits[b461a7b0-028a-4eb5-b268-b89ac225aff8:c2024, b6ff45f5-67b8-463b-a273-c2e7d9dadd75:c2021, 6a5cb75f-f7eb-4671-9a85-3b6f7898f6cc:c2021]
2019-08-28 21:29:37,128 | INFO  | DNAudit | user=null | ip=null | op=WRITE_CHUNK {blockData=conID: 1 locID: 102696732399698406 bcsId: 0} | ret=SUCCESS |  
2019-08-28 21:29:37,128 | INFO  | DNAudit | user=null | ip=null | op=WRITE_CHUNK {blockData=conID: 1 locID: 102696732399698406 bcsId: 0} | ret=SUCCESS |  
2019-08-28 21:29:37,129 | INFO  | DNAudit | user=null | ip=null | op=PUT_BLOCK {blockData=[blockId=conID: 1 locID: 102696732399698406 bcsId: 0,size=2097152]} | ret=SUCCESS |  
2019-08-28 21:29:37,129 | INFO  | DNAudit | user=null | ip=null | op=PUT_BLOCK {blockData=[blockId=conID: 1 locID: 102696732399698406 bcsId: 0,size=2097152]} | ret=SUCCESS |  
2019-08-28 21:29:37,134 | INFO  | DNAudit | user=null | ip=null | op=WRITE_CHUNK {blockData=conID: 1 locID: 102696732399698406 bcsId: 2023} | ret=SUCCESS |  
2019-08-28 21:29:37,136 | INFO  | DNAudit | user=null | ip=null | op=WRITE_CHUNK {blockData=conID: 1 locID: 102696732399698406 bcsId: 2023} | ret=SUCCESS |  
2019-08-28 21:29:37,136 | INFO  | DNAudit | user=null | ip=null | op=WRITE_CHUNK {blockData=conID: 1 locID: 102696732399698406 bcsId: 2023} | ret=SUCCESS |  
2019-08-28 21:29:37,151 | INFO  | DNAudit | user=null | ip=null | op=WRITE_CHUNK {blockData=conID: 1 locID: 102696732399698406 bcsId: 2023} | ret=SUCCESS |  
2019-08-28 21:29:37,151 | INFO  | DNAudit | user=null | ip=null | op=PUT_BLOCK {blockData=[blockId=conID: 1 locID: 102696732399698406 bcsId: 0,size=3145728]} | ret=SUCCESS |  
2019-08-28 21:29:37,151 [grpc-default-executor-3] INFO  client.GrpcClientProtocolClient (GrpcClientProtocolClient.java:onNext(255)) - client-05DA20D107F8->b461a7b0-028a-4eb5-b268-b89ac225aff8: receive RaftClientReply:client-05DA20D107F8->b461a7b0-028a-4eb5-b268-b89ac225aff8@group-0C8C0AA7542A, cid=1429, SUCCESS, logIndex=2028, commits[b461a7b0-028a-4eb5-b268-b89ac225aff8:c2029, b6ff45f5-67b8-463b-a273-c2e7d9dadd75:c2027, 6a5cb75f-f7eb-4671-9a85-3b6f7898f6cc:c2027]
2019-08-28 21:29:37,152 [grpc-default-executor-3] INFO  client.GrpcClientProtocolClient (GrpcClientProtocolClient.java:onNext(255)) - client-05DA20D107F8->b461a7b0-028a-4eb5-b268-b89ac225aff8: receive RaftClientReply:client-05DA20D107F8->b461a7b0-028a-4eb5-b268-b89ac225aff8@group-0C8C0AA7542A, cid=1430, SUCCESS, logIndex=2029, commits[b461a7b0-028a-4eb5-b268-b89ac225aff8:c2029, b6ff45f5-67b8-463b-a273-c2e7d9dadd75:c2027, 6a5cb75f-f7eb-4671-9a85-3b6f7898f6cc:c2027]
2019-08-28 21:29:37,158 | INFO  | DNAudit | user=null | ip=null | op=WRITE_CHUNK {blockData=conID: 1 locID: 102696732399698406 bcsId: 2029} | ret=SUCCESS |  
2019-08-28 21:29:37,160 | INFO  | DNAudit | user=null | ip=null | op=WRITE_CHUNK {blockData=conID: 1 locID: 102696732399698406 bcsId: 2029} | ret=SUCCESS |  
2019-08-28 21:29:37,160 | INFO  | DNAudit | user=null | ip=null | op=WRITE_CHUNK {blockData=conID: 1 locID: 102696732399698406 bcsId: 2029} | ret=SUCCESS |  
2019-08-28 21:29:37,174 | INFO  | DNAudit | user=null | ip=null | op=WRITE_CHUNK {blockData=conID: 1 locID: 102696732399698406 bcsId: 2023} | ret=SUCCESS |  
2019-08-28 21:29:37,188 | INFO  | DNAudit | user=null | ip=null | op=WRITE_CHUNK {blockData=conID: 1 locID: 102696732399698406 bcsId: 2023} | ret=SUCCESS |  
2019-08-28 21:29:37,188 | INFO  | DNAudit | user=null | ip=null | op=PUT_BLOCK {blockData=[blockId=conID: 1 locID: 102696732399698406 bcsId: 0,size=3145728]} | ret=SUCCESS |  
2019-08-28 21:29:37,188 | INFO  | DNAudit | user=null | ip=null | op=PUT_BLOCK {blockData=[blockId=conID: 1 locID: 102696732399698406 bcsId: 0,size=3145728]} | ret=SUCCESS |  
2019-08-28 21:29:37,202 | INFO  | DNAudit | user=null | ip=null | op=WRITE_CHUNK {blockData=conID: 1 locID: 102696732399698406 bcsId: 2029} | ret=SUCCESS |  
2019-08-28 21:29:37,202 | INFO  | DNAudit | user=null | ip=null | op=PUT_BLOCK {blockData=[blockId=conID: 1 locID: 102696732399698406 bcsId: 0,size=4194304]} | ret=SUCCESS |  
2019-08-28 21:29:37,202 [grpc-default-executor-5] INFO  client.GrpcClientProtocolClient (GrpcClientProtocolClient.java:onNext(255)) - client-05DA20D107F8->b461a7b0-028a-4eb5-b268-b89ac225aff8: receive RaftClientReply:client-05DA20D107F8->b461a7b0-028a-4eb5-b268-b89ac225aff8@group-0C8C0AA7542A, cid=1431, SUCCESS, logIndex=2032, commits[b461a7b0-028a-4eb5-b268-b89ac225aff8:c2033, b6ff45f5-67b8-463b-a273-c2e7d9dadd75:c2029, 6a5cb75f-f7eb-4671-9a85-3b6f7898f6cc:c2029]
2019-08-28 21:29:37,203 [grpc-default-executor-5] INFO  client.GrpcClientProtocolClient (GrpcClientProtocolClient.java:onNext(255)) - client-05DA20D107F8->b461a7b0-028a-4eb5-b268-b89ac225aff8: receive RaftClientReply:client-05DA20D107F8->b461a7b0-028a-4eb5-b268-b89ac225aff8@group-0C8C0AA7542A, cid=1432, SUCCESS, logIndex=2033, commits[b461a7b0-028a-4eb5-b268-b89ac225aff8:c2033, b6ff45f5-67b8-463b-a273-c2e7d9dadd75:c2029, 6a5cb75f-f7eb-4671-9a85-3b6f7898f6cc:c2029]
2019-08-28 21:29:37,220 | INFO  | DNAudit | user=null | ip=null | op=WRITE_CHUNK {blockData=conID: 1 locID: 102696732399698406 bcsId: 2029} | ret=SUCCESS |  
2019-08-28 21:29:37,220 | INFO  | DNAudit | user=null | ip=null | op=WRITE_CHUNK {blockData=conID: 1 locID: 102696732399698406 bcsId: 2029} | ret=SUCCESS |  
2019-08-28 21:29:37,220 | INFO  | DNAudit | user=null | ip=null | op=PUT_BLOCK {blockData=[blockId=conID: 1 locID: 102696732399698406 bcsId: 0,size=4194304]} | ret=SUCCESS |  
2019-08-28 21:29:37,220 | INFO  | DNAudit | user=null | ip=null | op=PUT_BLOCK {blockData=[blockId=conID: 1 locID: 102696732399698406 bcsId: 0,size=4194304]} | ret=SUCCESS |  
2019-08-28 21:29:37,221 [grpc-default-executor-5] INFO  client.GrpcClientProtocolClient (GrpcClientProtocolClient.java:onNext(255)) - client-05DA20D107F8->b461a7b0-028a-4eb5-b268-b89ac225aff8: receive RaftClientReply:client-05DA20D107F8->b461a7b0-028a-4eb5-b268-b89ac225aff8@group-0C8C0AA7542A, cid=1433, SUCCESS, logIndex=0, commits[b461a7b0-028a-4eb5-b268-b89ac225aff8:c2034, b6ff45f5-67b8-463b-a273-c2e7d9dadd75:c2033, 6a5cb75f-f7eb-4671-9a85-3b6f7898f6cc:c2033]
2019-08-28 21:29:37,225 | INFO  | SCMAudit | user=jenkins1000 | ip=127.0.0.1 | op=ALLOCATE_BLOCK {owner=a0140aad-a474-4492-a39d-25bd6167d9f0, size=4194304, type=RATIS, factor=THREE} | ret=SUCCESS |  
2019-08-28 21:29:37,228 | INFO  | OMAudit | user=jenkins1000 | ip=127.0.0.1 | op=ALLOCATE_BLOCK {volume=vol-0-08922, bucket=bucket-0-29862, key=key-0-31337, dataSize=0, replicationType=null, replicationFactor=null, keyLocationInfo=null, clientID=102696731548516754} | ret=SUCCESS |  
2019-08-28 21:29:37,235 | INFO  | DNAudit | user=null | ip=null | op=WRITE_CHUNK {blockData=conID: 2 locID: 102696732408218087 bcsId: 0} | ret=SUCCESS |  
2019-08-28 21:29:37,238 | INFO  | DNAudit | user=null | ip=null | op=WRITE_CHUNK {blockData=conID: 2 locID: 102696732408218087 bcsId: 0} | ret=SUCCESS |  
2019-08-28 21:29:37,238 | INFO  | DNAudit | user=null | ip=null | op=WRITE_CHUNK {blockData=conID: 2 locID: 102696732408218087 bcsId: 0} | ret=SUCCESS |  
2019-08-28 21:29:37,239 | INFO  | DNAudit | user=null | ip=null | op=WRITE_CHUNK {blockData=conID: 2 locID: 102696732408218087 bcsId: 0} | ret=SUCCESS |  
2019-08-28 21:29:37,241 | INFO  | DNAudit | user=null | ip=null | op=WRITE_CHUNK {blockData=conID: 2 locID: 102696732408218087 bcsId: 0} | ret=SUCCESS |  
2019-08-28 21:29:37,241 | INFO  | DNAudit | user=null | ip=null | op=WRITE_CHUNK {blockData=conID: 2 locID: 102696732408218087 bcsId: 0} | ret=SUCCESS |  
2019-08-28 21:29:37,250 | INFO  | DNAudit | user=null | ip=null | op=WRITE_CHUNK {blockData=conID: 2 locID: 102696732408218087 bcsId: 0} | ret=SUCCESS |  
2019-08-28 21:29:37,250 | INFO  | DNAudit | user=null | ip=null | op=PUT_BLOCK {blockData=[blockId=conID: 2 locID: 102696732408218087 bcsId: 0,size=1048576]} | ret=SUCCESS |  
2019-08-28 21:29:37,250 [grpc-default-executor-3] INFO  client.GrpcClientProtocolClient (GrpcClientProtocolClient.java:onNext(255)) - client-05DA20D107F8->b461a7b0-028a-4eb5-b268-b89ac225aff8: receive RaftClientReply:client-05DA20D107F8->b461a7b0-028a-4eb5-b268-b89ac225aff8@group-0C8C0AA7542A, cid=1434, SUCCESS, logIndex=2036, commits[b461a7b0-028a-4eb5-b268-b89ac225aff8:c2038, b6ff45f5-67b8-463b-a273-c2e7d9dadd75:c2035, 6a5cb75f-f7eb-4671-9a85-3b6f7898f6cc:c2035]
2019-08-28 21:29:37,251 | INFO  | DNAudit | user=null | ip=null | op=WRITE_CHUNK {blockData=conID: 2 locID: 102696732408218087 bcsId: 0} | ret=SUCCESS |  
2019-08-28 21:29:37,251 | INFO  | DNAudit | user=null | ip=null | op=WRITE_CHUNK {blockData=conID: 2 locID: 102696732408218087 bcsId: 0} | ret=SUCCESS |  
2019-08-28 21:29:37,251 | INFO  | DNAudit | user=null | ip=null | op=PUT_BLOCK {blockData=[blockId=conID: 2 locID: 102696732408218087 bcsId: 0,size=2097152]} | ret=SUCCESS |  
2019-08-28 21:29:37,251 [grpc-default-executor-3] INFO  client.GrpcClientProtocolClient (GrpcClientProtocolClient.java:onNext(255)) - client-05DA20D107F8->b461a7b0-028a-4eb5-b268-b89ac225aff8: receive RaftClientReply:client-05DA20D107F8->b461a7b0-028a-4eb5-b268-b89ac225aff8@group-0C8C0AA7542A, cid=1435, SUCCESS, logIndex=2037, commits[b461a7b0-028a-4eb5-b268-b89ac225aff8:c2039, b6ff45f5-67b8-463b-a273-c2e7d9dadd75:c2035, 6a5cb75f-f7eb-4671-9a85-3b6f7898f6cc:c2035]
2019-08-28 21:29:37,251 | INFO  | DNAudit | user=null | ip=null | op=WRITE_CHUNK {blockData=conID: 2 locID: 102696732408218087 bcsId: 0} | ret=SUCCESS |  
2019-08-28 21:29:37,251 | INFO  | DNAudit | user=null | ip=null | op=PUT_BLOCK {blockData=[blockId=conID: 2 locID: 102696732408218087 bcsId: 0,size=1048576]} | ret=SUCCESS |  
2019-08-28 21:29:37,252 [grpc-default-executor-3] INFO  client.GrpcClientProtocolClient (GrpcClientProtocolClient.java:onNext(255)) - client-05DA20D107F8->b461a7b0-028a-4eb5-b268-b89ac225aff8: receive RaftClientReply:client-05DA20D107F8->b461a7b0-028a-4eb5-b268-b89ac225aff8@group-0C8C0AA7542A, cid=1436, SUCCESS, logIndex=2038, commits[b461a7b0-028a-4eb5-b268-b89ac225aff8:c2039, b6ff45f5-67b8-463b-a273-c2e7d9dadd75:c2035, 6a5cb75f-f7eb-4671-9a85-3b6f7898f6cc:c2035]
2019-08-28 21:29:37,252 | INFO  | DNAudit | user=null | ip=null | op=PUT_BLOCK {blockData=[blockId=conID: 2 locID: 102696732408218087 bcsId: 0,size=1048576]} | ret=SUCCESS |  
2019-08-28 21:29:37,252 [grpc-default-executor-3] INFO  client.GrpcClientProtocolClient (GrpcClientProtocolClient.java:onNext(255)) - client-05DA20D107F8->b461a7b0-028a-4eb5-b268-b89ac225aff8: receive RaftClientReply:client-05DA20D107F8->b461a7b0-028a-4eb5-b268-b89ac225aff8@group-0C8C0AA7542A, cid=1437, SUCCESS, logIndex=2039, commits[b461a7b0-028a-4eb5-b268-b89ac225aff8:c2040, b6ff45f5-67b8-463b-a273-c2e7d9dadd75:c2037, 6a5cb75f-f7eb-4671-9a85-3b6f7898f6cc:c2037]
2019-08-28 21:29:37,253 | INFO  | DNAudit | user=null | ip=null | op=WRITE_CHUNK {blockData=conID: 2 locID: 102696732408218087 bcsId: 0} | ret=SUCCESS |  
2019-08-28 21:29:37,253 | INFO  | DNAudit | user=null | ip=null | op=WRITE_CHUNK {blockData=conID: 2 locID: 102696732408218087 bcsId: 0} | ret=SUCCESS |  
2019-08-28 21:29:37,253 | INFO  | DNAudit | user=null | ip=null | op=PUT_BLOCK {blockData=[blockId=conID: 2 locID: 102696732408218087 bcsId: 0,size=2097152]} | ret=SUCCESS |  
2019-08-28 21:29:37,253 | INFO  | DNAudit | user=null | ip=null | op=PUT_BLOCK {blockData=[blockId=conID: 2 locID: 102696732408218087 bcsId: 0,size=2097152]} | ret=SUCCESS |  
2019-08-28 21:29:37,259 | INFO  | DNAudit | user=null | ip=null | op=WRITE_CHUNK {blockData=conID: 2 locID: 102696732408218087 bcsId: 2039} | ret=SUCCESS |  
2019-08-28 21:29:37,261 | INFO  | DNAudit | user=null | ip=null | op=WRITE_CHUNK {blockData=conID: 2 locID: 102696732408218087 bcsId: 2039} | ret=SUCCESS |  
2019-08-28 21:29:37,262 | INFO  | DNAudit | user=null | ip=null | op=WRITE_CHUNK {blockData=conID: 2 locID: 102696732408218087 bcsId: 2039} | ret=SUCCESS |  
2019-08-28 21:29:37,266 | INFO  | DNAudit | user=null | ip=null | op=WRITE_CHUNK {blockData=conID: 2 locID: 102696732408218087 bcsId: 2039} | ret=SUCCESS |  
2019-08-28 21:29:37,267 | INFO  | DNAudit | user=null | ip=null | op=PUT_BLOCK {blockData=[blockId=conID: 2 locID: 102696732408218087 bcsId: 0,size=3145728]} | ret=SUCCESS |  
2019-08-28 21:29:37,267 [grpc-default-executor-3] INFO  client.GrpcClientProtocolClient (GrpcClientProtocolClient.java:onNext(255)) - client-05DA20D107F8->b461a7b0-028a-4eb5-b268-b89ac225aff8: receive RaftClientReply:client-05DA20D107F8->b461a7b0-028a-4eb5-b268-b89ac225aff8@group-0C8C0AA7542A, cid=1438, SUCCESS, logIndex=2044, commits[b461a7b0-028a-4eb5-b268-b89ac225aff8:c2045, b6ff45f5-67b8-463b-a273-c2e7d9dadd75:c2043, 6a5cb75f-f7eb-4671-9a85-3b6f7898f6cc:c2043]
2019-08-28 21:29:37,267 [grpc-default-executor-3] INFO  client.GrpcClientProtocolClient (GrpcClientProtocolClient.java:onNext(255)) - client-05DA20D107F8->b461a7b0-028a-4eb5-b268-b89ac225aff8: receive RaftClientReply:client-05DA20D107F8->b461a7b0-028a-4eb5-b268-b89ac225aff8@group-0C8C0AA7542A, cid=1439, SUCCESS, logIndex=2045, commits[b461a7b0-028a-4eb5-b268-b89ac225aff8:c2045, b6ff45f5-67b8-463b-a273-c2e7d9dadd75:c2043, 6a5cb75f-f7eb-4671-9a85-3b6f7898f6cc:c2043]
2019-08-28 21:29:37,273 | INFO  | DNAudit | user=null | ip=null | op=WRITE_CHUNK {blockData=conID: 2 locID: 102696732408218087 bcsId: 2039} | ret=SUCCESS |  
2019-08-28 21:29:37,273 | INFO  | DNAudit | user=null | ip=null | op=WRITE_CHUNK {blockData=conID: 2 locID: 102696732408218087 bcsId: 2039} | ret=SUCCESS |  
2019-08-28 21:29:37,275 | INFO  | DNAudit | user=null | ip=null | op=WRITE_CHUNK {blockData=conID: 2 locID: 102696732408218087 bcsId: 2045} | ret=SUCCESS |  
2019-08-28 21:29:37,277 | INFO  | DNAudit | user=null | ip=null | op=WRITE_CHUNK {blockData=conID: 2 locID: 102696732408218087 bcsId: 2045} | ret=SUCCESS |  
2019-08-28 21:29:37,277 | INFO  | DNAudit | user=null | ip=null | op=WRITE_CHUNK {blockData=conID: 2 locID: 102696732408218087 bcsId: 2045} | ret=SUCCESS |  
2019-08-28 21:29:37,278 | INFO  | DNAudit | user=null | ip=null | op=PUT_BLOCK {blockData=[blockId=conID: 2 locID: 102696732408218087 bcsId: 0,size=3145728]} | ret=SUCCESS |  
2019-08-28 21:29:37,279 | INFO  | DNAudit | user=null | ip=null | op=PUT_BLOCK {blockData=[blockId=conID: 2 locID: 102696732408218087 bcsId: 0,size=3145728]} | ret=SUCCESS |  
2019-08-28 21:29:37,280 | INFO  | DNAudit | user=null | ip=null | op=WRITE_CHUNK {blockData=conID: 2 locID: 102696732408218087 bcsId: 2045} | ret=SUCCESS |  
2019-08-28 21:29:37,280 | INFO  | DNAudit | user=null | ip=null | op=PUT_BLOCK {blockData=[blockId=conID: 2 locID: 102696732408218087 bcsId: 0,size=4194304]} | ret=SUCCESS |  
2019-08-28 21:29:37,281 [grpc-default-executor-6] INFO  client.GrpcClientProtocolClient (GrpcClientProtocolClient.java:onNext(255)) - client-05DA20D107F8->b461a7b0-028a-4eb5-b268-b89ac225aff8: receive RaftClientReply:client-05DA20D107F8->b461a7b0-028a-4eb5-b268-b89ac225aff8@group-0C8C0AA7542A, cid=1440, SUCCESS, logIndex=2048, commits[b461a7b0-028a-4eb5-b268-b89ac225aff8:c2049, b6ff45f5-67b8-463b-a273-c2e7d9dadd75:c2046, 6a5cb75f-f7eb-4671-9a85-3b6f7898f6cc:c2045]
2019-08-28 21:29:37,281 [grpc-default-executor-6] INFO  client.GrpcClientProtocolClient (GrpcClientProtocolClient.java:onNext(255)) - client-05DA20D107F8->b461a7b0-028a-4eb5-b268-b89ac225aff8: receive RaftClientReply:client-05DA20D107F8->b461a7b0-028a-4eb5-b268-b89ac225aff8@group-0C8C0AA7542A, cid=1441, SUCCESS, logIndex=2049, commits[b461a7b0-028a-4eb5-b268-b89ac225aff8:c2049, b6ff45f5-67b8-463b-a273-c2e7d9dadd75:c2046, 6a5cb75f-f7eb-4671-9a85-3b6f7898f6cc:c2045]
2019-08-28 21:29:37,286 | INFO  | DNAudit | user=null | ip=null | op=WRITE_CHUNK {blockData=conID: 2 locID: 102696732408218087 bcsId: 2045} | ret=SUCCESS |  
2019-08-28 21:29:37,286 | INFO  | DNAudit | user=null | ip=null | op=WRITE_CHUNK {blockData=conID: 2 locID: 102696732408218087 bcsId: 2045} | ret=SUCCESS |  
2019-08-28 21:29:37,287 | INFO  | DNAudit | user=null | ip=null | op=PUT_BLOCK {blockData=[blockId=conID: 2 locID: 102696732408218087 bcsId: 0,size=4194304]} | ret=SUCCESS |  
2019-08-28 21:29:37,287 | INFO  | DNAudit | user=null | ip=null | op=PUT_BLOCK {blockData=[blockId=conID: 2 locID: 102696732408218087 bcsId: 0,size=4194304]} | ret=SUCCESS |  
2019-08-28 21:29:37,288 [grpc-default-executor-6] INFO  client.GrpcClientProtocolClient (GrpcClientProtocolClient.java:onNext(255)) - client-05DA20D107F8->b461a7b0-028a-4eb5-b268-b89ac225aff8: receive RaftClientReply:client-05DA20D107F8->b461a7b0-028a-4eb5-b268-b89ac225aff8@group-0C8C0AA7542A, cid=1442, SUCCESS, logIndex=0, commits[b461a7b0-028a-4eb5-b268-b89ac225aff8:c2051, b6ff45f5-67b8-463b-a273-c2e7d9dadd75:c2049, 6a5cb75f-f7eb-4671-9a85-3b6f7898f6cc:c2049]
2019-08-28 21:29:37,291 | INFO  | SCMAudit | user=jenkins1000 | ip=127.0.0.1 | op=ALLOCATE_BLOCK {owner=a0140aad-a474-4492-a39d-25bd6167d9f0, size=4194304, type=RATIS, factor=THREE} | ret=SUCCESS |  
2019-08-28 21:29:37,294 | INFO  | OMAudit | user=jenkins1000 | ip=127.0.0.1 | op=ALLOCATE_BLOCK {volume=vol-0-08922, bucket=bucket-0-29862, key=key-0-31337, dataSize=0, replicationType=null, replicationFactor=null, keyLocationInfo=null, clientID=102696731548516754} | ret=SUCCESS |  
2019-08-28 21:29:37,301 | INFO  | DNAudit | user=null | ip=null | op=WRITE_CHUNK {blockData=conID: 3 locID: 102696732412543464 bcsId: 0} | ret=SUCCESS |  
2019-08-28 21:29:37,305 | INFO  | DNAudit | user=null | ip=null | op=WRITE_CHUNK {blockData=conID: 3 locID: 102696732412543464 bcsId: 0} | ret=SUCCESS |  
2019-08-28 21:29:37,305 | INFO  | DNAudit | user=null | ip=null | op=WRITE_CHUNK {blockData=conID: 3 locID: 102696732412543464 bcsId: 0} | ret=SUCCESS |  
2019-08-28 21:29:37,305 | INFO  | DNAudit | user=null | ip=null | op=WRITE_CHUNK {blockData=conID: 3 locID: 102696732412543464 bcsId: 0} | ret=SUCCESS |  
2019-08-28 21:29:37,308 | INFO  | DNAudit | user=null | ip=null | op=WRITE_CHUNK {blockData=conID: 3 locID: 102696732412543464 bcsId: 0} | ret=SUCCESS |  
2019-08-28 21:29:37,308 | INFO  | DNAudit | user=null | ip=null | op=WRITE_CHUNK {blockData=conID: 3 locID: 102696732412543464 bcsId: 0} | ret=SUCCESS |  
2019-08-28 21:29:37,313 | INFO  | DNAudit | user=null | ip=null | op=WRITE_CHUNK {blockData=conID: 3 locID: 102696732412543464 bcsId: 0} | ret=SUCCESS |  
2019-08-28 21:29:37,313 | INFO  | DNAudit | user=null | ip=null | op=PUT_BLOCK {blockData=[blockId=conID: 3 locID: 102696732412543464 bcsId: 0,size=1048576]} | ret=SUCCESS |  
2019-08-28 21:29:37,313 [grpc-default-executor-5] INFO  client.GrpcClientProtocolClient (GrpcClientProtocolClient.java:onNext(255)) - client-05DA20D107F8->b461a7b0-028a-4eb5-b268-b89ac225aff8: receive RaftClientReply:client-05DA20D107F8->b461a7b0-028a-4eb5-b268-b89ac225aff8@group-0C8C0AA7542A, cid=1443, SUCCESS, logIndex=2052, commits[b461a7b0-028a-4eb5-b268-b89ac225aff8:c2053, b6ff45f5-67b8-463b-a273-c2e7d9dadd75:c2051, 6a5cb75f-f7eb-4671-9a85-3b6f7898f6cc:c2051]
2019-08-28 21:29:37,314 [grpc-default-executor-5] INFO  client.GrpcClientProtocolClient (GrpcClientProtocolClient.java:onNext(255)) - client-05DA20D107F8->b461a7b0-028a-4eb5-b268-b89ac225aff8: receive RaftClientReply:client-05DA20D107F8->b461a7b0-028a-4eb5-b268-b89ac225aff8@group-0C8C0AA7542A, cid=1444, SUCCESS, logIndex=2053, commits[b461a7b0-028a-4eb5-b268-b89ac225aff8:c2053, b6ff45f5-67b8-463b-a273-c2e7d9dadd75:c2051, 6a5cb75f-f7eb-4671-9a85-3b6f7898f6cc:c2051]
2019-08-28 21:29:37,321 | INFO  | DNAudit | user=null | ip=null | op=WRITE_CHUNK {blockData=conID: 3 locID: 102696732412543464 bcsId: 0} | ret=SUCCESS |  
2019-08-28 21:29:37,321 | INFO  | DNAudit | user=null | ip=null | op=PUT_BLOCK {blockData=[blockId=conID: 3 locID: 102696732412543464 bcsId: 0,size=2097152]} | ret=SUCCESS |  
2019-08-28 21:29:37,322 [grpc-default-executor-5] INFO  client.GrpcClientProtocolClient (GrpcClientProtocolClient.java:onNext(255)) - client-05DA20D107F8->b461a7b0-028a-4eb5-b268-b89ac225aff8: receive RaftClientReply:client-05DA20D107F8->b461a7b0-028a-4eb5-b268-b89ac225aff8@group-0C8C0AA7542A, cid=1445, SUCCESS, logIndex=2054, commits[b461a7b0-028a-4eb5-b268-b89ac225aff8:c2055, b6ff45f5-67b8-463b-a273-c2e7d9dadd75:c2051, 6a5cb75f-f7eb-4671-9a85-3b6f7898f6cc:c2051]
2019-08-28 21:29:37,322 [grpc-default-executor-5] INFO  client.GrpcClientProtocolClient (GrpcClientProtocolClient.java:onNext(255)) - client-05DA20D107F8->b461a7b0-028a-4eb5-b268-b89ac225aff8: receive RaftClientReply:client-05DA20D107F8->b461a7b0-028a-4eb5-b268-b89ac225aff8@group-0C8C0AA7542A, cid=1446, SUCCESS, logIndex=2055, commits[b461a7b0-028a-4eb5-b268-b89ac225aff8:c2055, b6ff45f5-67b8-463b-a273-c2e7d9dadd75:c2051, 6a5cb75f-f7eb-4671-9a85-3b6f7898f6cc:c2051]
2019-08-28 21:29:37,322 | INFO  | DNAudit | user=null | ip=null | op=WRITE_CHUNK {blockData=conID: 3 locID: 102696732412543464 bcsId: 0} | ret=SUCCESS |  
2019-08-28 21:29:37,322 | INFO  | DNAudit | user=null | ip=null | op=WRITE_CHUNK {blockData=conID: 3 locID: 102696732412543464 bcsId: 0} | ret=SUCCESS |  
2019-08-28 21:29:37,323 | INFO  | DNAudit | user=null | ip=null | op=PUT_BLOCK {blockData=[blockId=conID: 3 locID: 102696732412543464 bcsId: 0,size=1048576]} | ret=SUCCESS |  
2019-08-28 21:29:37,323 | INFO  | DNAudit | user=null | ip=null | op=PUT_BLOCK {blockData=[blockId=conID: 3 locID: 102696732412543464 bcsId: 0,size=1048576]} | ret=SUCCESS |  
2019-08-28 21:29:37,323 [grpc-default-executor-5] INFO  client.GrpcClientProtocolClient (GrpcClientProtocolClient.java:onNext(255)) - client-05DA20D107F8->b461a7b0-028a-4eb5-b268-b89ac225aff8: receive RaftClientReply:client-05DA20D107F8->b461a7b0-028a-4eb5-b268-b89ac225aff8@group-0C8C0AA7542A, cid=1447, SUCCESS, logIndex=0, commits[b461a7b0-028a-4eb5-b268-b89ac225aff8:c2057, b6ff45f5-67b8-463b-a273-c2e7d9dadd75:c2053, 6a5cb75f-f7eb-4671-9a85-3b6f7898f6cc:c2053]
2019-08-28 21:29:37,324 | INFO  | DNAudit | user=null | ip=null | op=WRITE_CHUNK {blockData=conID: 3 locID: 102696732412543464 bcsId: 0} | ret=SUCCESS |  
2019-08-28 21:29:37,324 | INFO  | DNAudit | user=null | ip=null | op=PUT_BLOCK {blockData=[blockId=conID: 3 locID: 102696732412543464 bcsId: 0,size=2097152]} | ret=SUCCESS |  
2019-08-28 21:29:37,325 | INFO  | DNAudit | user=null | ip=null | op=WRITE_CHUNK {blockData=conID: 3 locID: 102696732412543464 bcsId: 0} | ret=SUCCESS |  
2019-08-28 21:29:37,325 | INFO  | DNAudit | user=null | ip=null | op=PUT_BLOCK {blockData=[blockId=conID: 3 locID: 102696732412543464 bcsId: 0,size=2097152]} | ret=SUCCESS |  
2019-08-28 21:29:37,330 | INFO  | DNAudit | user=null | ip=null | op=WRITE_CHUNK {blockData=conID: 3 locID: 102696732412543464 bcsId: 2055} | ret=SUCCESS |  
2019-08-28 21:29:37,332 | INFO  | DNAudit | user=null | ip=null | op=WRITE_CHUNK {blockData=conID: 3 locID: 102696732412543464 bcsId: 2055} | ret=SUCCESS |  
2019-08-28 21:29:37,332 | INFO  | DNAudit | user=null | ip=null | op=WRITE_CHUNK {blockData=conID: 3 locID: 102696732412543464 bcsId: 2055} | ret=SUCCESS |  
2019-08-28 21:29:37,336 | INFO  | DNAudit | user=null | ip=null | op=WRITE_CHUNK {blockData=conID: 3 locID: 102696732412543464 bcsId: 2055} | ret=SUCCESS |  
2019-08-28 21:29:37,336 | INFO  | DNAudit | user=null | ip=null | op=PUT_BLOCK {blockData=[blockId=conID: 3 locID: 102696732412543464 bcsId: 0,size=3145728]} | ret=SUCCESS |  
2019-08-28 21:29:37,336 [grpc-default-executor-3] INFO  client.GrpcClientProtocolClient (GrpcClientProtocolClient.java:onNext(255)) - client-05DA20D107F8->b461a7b0-028a-4eb5-b268-b89ac225aff8: receive RaftClientReply:client-05DA20D107F8->b461a7b0-028a-4eb5-b268-b89ac225aff8@group-0C8C0AA7542A, cid=1448, SUCCESS, logIndex=2060, commits[b461a7b0-028a-4eb5-b268-b89ac225aff8:c2061, b6ff45f5-67b8-463b-a273-c2e7d9dadd75:c2059, 6a5cb75f-f7eb-4671-9a85-3b6f7898f6cc:c2059]
2019-08-28 21:29:37,337 [grpc-default-executor-3] INFO  client.GrpcClientProtocolClient (GrpcClientProtocolClient.java:onNext(255)) - client-05DA20D107F8->b461a7b0-028a-4eb5-b268-b89ac225aff8: receive RaftClientReply:client-05DA20D107F8->b461a7b0-028a-4eb5-b268-b89ac225aff8@group-0C8C0AA7542A, cid=1449, SUCCESS, logIndex=2061, commits[b461a7b0-028a-4eb5-b268-b89ac225aff8:c2061, b6ff45f5-67b8-463b-a273-c2e7d9dadd75:c2059, 6a5cb75f-f7eb-4671-9a85-3b6f7898f6cc:c2059]
2019-08-28 21:29:37,343 | INFO  | DNAudit | user=null | ip=null | op=WRITE_CHUNK {blockData=conID: 3 locID: 102696732412543464 bcsId: 2055} | ret=SUCCESS |  
2019-08-28 21:29:37,343 | INFO  | DNAudit | user=null | ip=null | op=WRITE_CHUNK {blockData=conID: 3 locID: 102696732412543464 bcsId: 2055} | ret=SUCCESS |  
2019-08-28 21:29:37,343 | INFO  | DNAudit | user=null | ip=null | op=WRITE_CHUNK {blockData=conID: 3 locID: 102696732412543464 bcsId: 2061} | ret=SUCCESS |  
2019-08-28 21:29:37,343 | INFO  | DNAudit | user=null | ip=null | op=PUT_BLOCK {blockData=[blockId=conID: 3 locID: 102696732412543464 bcsId: 0,size=3145728]} | ret=SUCCESS |  
2019-08-28 21:29:37,343 | INFO  | DNAudit | user=null | ip=null | op=PUT_BLOCK {blockData=[blockId=conID: 3 locID: 102696732412543464 bcsId: 0,size=3145728]} | ret=SUCCESS |  
2019-08-28 21:29:37,345 | INFO  | DNAudit | user=null | ip=null | op=WRITE_CHUNK {blockData=conID: 3 locID: 102696732412543464 bcsId: 2061} | ret=SUCCESS |  
2019-08-28 21:29:37,345 | INFO  | DNAudit | user=null | ip=null | op=WRITE_CHUNK {blockData=conID: 3 locID: 102696732412543464 bcsId: 2061} | ret=SUCCESS |  
2019-08-28 21:29:37,356 | INFO  | DNAudit | user=null | ip=null | op=WRITE_CHUNK {blockData=conID: 3 locID: 102696732412543464 bcsId: 2061} | ret=SUCCESS |  
2019-08-28 21:29:37,356 | INFO  | DNAudit | user=null | ip=null | op=PUT_BLOCK {blockData=[blockId=conID: 3 locID: 102696732412543464 bcsId: 0,size=4194304]} | ret=SUCCESS |  
2019-08-28 21:29:37,356 [grpc-default-executor-5] INFO  client.GrpcClientProtocolClient (GrpcClientProtocolClient.java:onNext(255)) - client-05DA20D107F8->b461a7b0-028a-4eb5-b268-b89ac225aff8: receive RaftClientReply:client-05DA20D107F8->b461a7b0-028a-4eb5-b268-b89ac225aff8@group-0C8C0AA7542A, cid=1450, SUCCESS, logIndex=2064, commits[b461a7b0-028a-4eb5-b268-b89ac225aff8:c2065, b6ff45f5-67b8-463b-a273-c2e7d9dadd75:c2061, 6a5cb75f-f7eb-4671-9a85-3b6f7898f6cc:c2061]
2019-08-28 21:29:37,357 [grpc-default-executor-5] INFO  client.GrpcClientProtocolClient (GrpcClientProtocolClient.java:onNext(255)) - client-05DA20D107F8->b461a7b0-028a-4eb5-b268-b89ac225aff8: receive RaftClientReply:client-05DA20D107F8->b461a7b0-028a-4eb5-b268-b89ac225aff8@group-0C8C0AA7542A, cid=1451, SUCCESS, logIndex=2065, commits[b461a7b0-028a-4eb5-b268-b89ac225aff8:c2065, b6ff45f5-67b8-463b-a273-c2e7d9dadd75:c2061, 6a5cb75f-f7eb-4671-9a85-3b6f7898f6cc:c2061]
2019-08-28 21:29:37,357 | INFO  | DNAudit | user=null | ip=null | op=WRITE_CHUNK {blockData=conID: 3 locID: 102696732412543464 bcsId: 2061} | ret=SUCCESS |  
2019-08-28 21:29:37,357 | INFO  | DNAudit | user=null | ip=null | op=PUT_BLOCK {blockData=[blockId=conID: 3 locID: 102696732412543464 bcsId: 0,size=4194304]} | ret=SUCCESS |  
2019-08-28 21:29:37,357 | INFO  | DNAudit | user=null | ip=null | op=WRITE_CHUNK {blockData=conID: 3 locID: 102696732412543464 bcsId: 2061} | ret=SUCCESS |  
2019-08-28 21:29:37,358 | INFO  | DNAudit | user=null | ip=null | op=PUT_BLOCK {blockData=[blockId=conID: 3 locID: 102696732412543464 bcsId: 0,size=4194304]} | ret=SUCCESS |  
2019-08-28 21:29:37,358 [grpc-default-executor-3] INFO  client.GrpcClientProtocolClient (GrpcClientProtocolClient.java:onNext(255)) - client-05DA20D107F8->b461a7b0-028a-4eb5-b268-b89ac225aff8: receive RaftClientReply:client-05DA20D107F8->b461a7b0-028a-4eb5-b268-b89ac225aff8@group-0C8C0AA7542A, cid=1452, SUCCESS, logIndex=0, commits[b461a7b0-028a-4eb5-b268-b89ac225aff8:c2066, b6ff45f5-67b8-463b-a273-c2e7d9dadd75:c2065, 6a5cb75f-f7eb-4671-9a85-3b6f7898f6cc:c2065]
2019-08-28 21:29:37,361 | INFO  | SCMAudit | user=jenkins1000 | ip=127.0.0.1 | op=ALLOCATE_BLOCK {owner=a0140aad-a474-4492-a39d-25bd6167d9f0, size=4194304, type=RATIS, factor=THREE} | ret=SUCCESS |  
2019-08-28 21:29:37,363 | INFO  | OMAudit | user=jenkins1000 | ip=127.0.0.1 | op=ALLOCATE_BLOCK {volume=vol-0-08922, bucket=bucket-0-29862, key=key-0-31337, dataSize=0, replicationType=null, replicationFactor=null, keyLocationInfo=null, clientID=102696731548516754} | ret=SUCCESS |  
2019-08-28 21:29:37,370 | INFO  | DNAudit | user=null | ip=null | op=WRITE_CHUNK {blockData=conID: 1 locID: 102696732417130985 bcsId: 0} | ret=SUCCESS |  
2019-08-28 21:29:37,372 | INFO  | DNAudit | user=null | ip=null | op=WRITE_CHUNK {blockData=conID: 1 locID: 102696732417130985 bcsId: 0} | ret=SUCCESS |  
2019-08-28 21:29:37,373 | INFO  | DNAudit | user=null | ip=null | op=WRITE_CHUNK {blockData=conID: 1 locID: 102696732417130985 bcsId: 0} | ret=SUCCESS |  
2019-08-28 21:29:37,373 | INFO  | DNAudit | user=null | ip=null | op=WRITE_CHUNK {blockData=conID: 1 locID: 102696732417130985 bcsId: 0} | ret=SUCCESS |  
2019-08-28 21:29:37,375 | INFO  | DNAudit | user=null | ip=null | op=WRITE_CHUNK {blockData=conID: 1 locID: 102696732417130985 bcsId: 0} | ret=SUCCESS |  
2019-08-28 21:29:37,375 | INFO  | DNAudit | user=null | ip=null | op=WRITE_CHUNK {blockData=conID: 1 locID: 102696732417130985 bcsId: 0} | ret=SUCCESS |  
2019-08-28 21:29:37,380 | INFO  | DNAudit | user=null | ip=null | op=WRITE_CHUNK {blockData=conID: 1 locID: 102696732417130985 bcsId: 0} | ret=SUCCESS |  
2019-08-28 21:29:37,381 | INFO  | DNAudit | user=null | ip=null | op=PUT_BLOCK {blockData=[blockId=conID: 1 locID: 102696732417130985 bcsId: 0,size=1048576]} | ret=SUCCESS |  
2019-08-28 21:29:37,381 [grpc-default-executor-5] INFO  client.GrpcClientProtocolClient (GrpcClientProtocolClient.java:onNext(255)) - client-05DA20D107F8->b461a7b0-028a-4eb5-b268-b89ac225aff8: receive RaftClientReply:client-05DA20D107F8->b461a7b0-028a-4eb5-b268-b89ac225aff8@group-0C8C0AA7542A, cid=1453, SUCCESS, logIndex=2068, commits[b461a7b0-028a-4eb5-b268-b89ac225aff8:c2069, b6ff45f5-67b8-463b-a273-c2e7d9dadd75:c2067, 6a5cb75f-f7eb-4671-9a85-3b6f7898f6cc:c2067]
2019-08-28 21:29:37,381 [grpc-default-executor-5] INFO  client.GrpcClientProtocolClient (GrpcClientProtocolClient.java:onNext(255)) - client-05DA20D107F8->b461a7b0-028a-4eb5-b268-b89ac225aff8: receive RaftClientReply:client-05DA20D107F8->b461a7b0-028a-4eb5-b268-b89ac225aff8@group-0C8C0AA7542A, cid=1454, SUCCESS, logIndex=2069, commits[b461a7b0-028a-4eb5-b268-b89ac225aff8:c2069, b6ff45f5-67b8-463b-a273-c2e7d9dadd75:c2067, 6a5cb75f-f7eb-4671-9a85-3b6f7898f6cc:c2067]
2019-08-28 21:29:37,394 | INFO  | DNAudit | user=null | ip=null | op=WRITE_CHUNK {blockData=conID: 1 locID: 102696732417130985 bcsId: 0} | ret=SUCCESS |  
2019-08-28 21:29:37,398 | INFO  | DNAudit | user=null | ip=null | op=PUT_BLOCK {blockData=[blockId=conID: 1 locID: 102696732417130985 bcsId: 0,size=2097152]} | ret=SUCCESS |  
2019-08-28 21:29:37,398 [grpc-default-executor-5] INFO  client.GrpcClientProtocolClient (GrpcClientProtocolClient.java:onNext(255)) - client-05DA20D107F8->b461a7b0-028a-4eb5-b268-b89ac225aff8: receive RaftClientReply:client-05DA20D107F8->b461a7b0-028a-4eb5-b268-b89ac225aff8@group-0C8C0AA7542A, cid=1455, SUCCESS, logIndex=2070, commits[b461a7b0-028a-4eb5-b268-b89ac225aff8:c2071, b6ff45f5-67b8-463b-a273-c2e7d9dadd75:c2067, 6a5cb75f-f7eb-4671-9a85-3b6f7898f6cc:c2067]
2019-08-28 21:29:37,398 | INFO  | DNAudit | user=null | ip=null | op=WRITE_CHUNK {blockData=conID: 1 locID: 102696732417130985 bcsId: 0} | ret=SUCCESS |  
2019-08-28 21:29:37,399 [grpc-default-executor-5] INFO  client.GrpcClientProtocolClient (GrpcClientProtocolClient.java:onNext(255)) - client-05DA20D107F8->b461a7b0-028a-4eb5-b268-b89ac225aff8: receive RaftClientReply:client-05DA20D107F8->b461a7b0-028a-4eb5-b268-b89ac225aff8@group-0C8C0AA7542A, cid=1456, SUCCESS, logIndex=2071, commits[b461a7b0-028a-4eb5-b268-b89ac225aff8:c2071, b6ff45f5-67b8-463b-a273-c2e7d9dadd75:c2067, 6a5cb75f-f7eb-4671-9a85-3b6f7898f6cc:c2067]
2019-08-28 21:29:37,399 | INFO  | DNAudit | user=null | ip=null | op=PUT_BLOCK {blockData=[blockId=conID: 1 locID: 102696732417130985 bcsId: 0,size=1048576]} | ret=SUCCESS |  
2019-08-28 21:29:37,406 | INFO  | DNAudit | user=null | ip=null | op=WRITE_CHUNK {blockData=conID: 1 locID: 102696732417130985 bcsId: 0} | ret=SUCCESS |  
2019-08-28 21:29:37,406 | INFO  | DNAudit | user=null | ip=null | op=PUT_BLOCK {blockData=[blockId=conID: 1 locID: 102696732417130985 bcsId: 0,size=2097152]} | ret=SUCCESS |  
2019-08-28 21:29:37,406 | INFO  | DNAudit | user=null | ip=null | op=WRITE_CHUNK {blockData=conID: 1 locID: 102696732417130985 bcsId: 0} | ret=SUCCESS |  
2019-08-28 21:29:37,406 | INFO  | DNAudit | user=null | ip=null | op=PUT_BLOCK {blockData=[blockId=conID: 1 locID: 102696732417130985 bcsId: 0,size=1048576]} | ret=SUCCESS |  
2019-08-28 21:29:37,406 [grpc-default-executor-5] INFO  client.GrpcClientProtocolClient (GrpcClientProtocolClient.java:onNext(255)) - client-05DA20D107F8->b461a7b0-028a-4eb5-b268-b89ac225aff8: receive RaftClientReply:client-05DA20D107F8->b461a7b0-028a-4eb5-b268-b89ac225aff8@group-0C8C0AA7542A, cid=1457, SUCCESS, logIndex=0, commits[b461a7b0-028a-4eb5-b268-b89ac225aff8:c2074, b6ff45f5-67b8-463b-a273-c2e7d9dadd75:c2069, 6a5cb75f-f7eb-4671-9a85-3b6f7898f6cc:c2071]
2019-08-28 21:29:37,406 | INFO  | DNAudit | user=null | ip=null | op=WRITE_CHUNK {blockData=conID: 1 locID: 102696732417130985 bcsId: 0} | ret=SUCCESS |  
2019-08-28 21:29:37,407 | INFO  | DNAudit | user=null | ip=null | op=PUT_BLOCK {blockData=[blockId=conID: 1 locID: 102696732417130985 bcsId: 0,size=2097152]} | ret=SUCCESS |  
2019-08-28 21:29:37,412 | INFO  | DNAudit | user=null | ip=null | op=WRITE_CHUNK {blockData=conID: 1 locID: 102696732417130985 bcsId: 2071} | ret=SUCCESS |  
2019-08-28 21:29:37,414 | INFO  | DNAudit | user=null | ip=null | op=WRITE_CHUNK {blockData=conID: 1 locID: 102696732417130985 bcsId: 2071} | ret=SUCCESS |  
2019-08-28 21:29:37,414 | INFO  | DNAudit | user=null | ip=null | op=WRITE_CHUNK {blockData=conID: 1 locID: 102696732417130985 bcsId: 2071} | ret=SUCCESS |  
2019-08-28 21:29:37,428 | INFO  | SCMAudit | user=jenkins1000 | ip=192.168.36.107 | op=SEND_HEARTBEAT {datanodeUUID=af4986ea-80d8-4c92-96d2-2b3929a4248a, command=[]} | ret=SUCCESS |  
2019-08-28 21:29:37,429 | INFO  | SCMAudit | user=jenkins1000 | ip=192.168.36.107 | op=SEND_HEARTBEAT {datanodeUUID=68f89a68-6a96-4cde-8528-8617611d459d, command=[]} | ret=SUCCESS |  
2019-08-28 21:29:37,434 | INFO  | DNAudit | user=null | ip=null | op=WRITE_CHUNK {blockData=conID: 1 locID: 102696732417130985 bcsId: 2071} | ret=SUCCESS |  
2019-08-28 21:29:37,434 | INFO  | DNAudit | user=null | ip=null | op=PUT_BLOCK {blockData=[blockId=conID: 1 locID: 102696732417130985 bcsId: 0,size=3145728]} | ret=SUCCESS |  
2019-08-28 21:29:37,434 [grpc-default-executor-2] INFO  client.GrpcClientProtocolClient (GrpcClientProtocolClient.java:onNext(255)) - client-05DA20D107F8->b461a7b0-028a-4eb5-b268-b89ac225aff8: receive RaftClientReply:client-05DA20D107F8->b461a7b0-028a-4eb5-b268-b89ac225aff8@group-0C8C0AA7542A, cid=1458, SUCCESS, logIndex=2075, commits[b461a7b0-028a-4eb5-b268-b89ac225aff8:c2076, b6ff45f5-67b8-463b-a273-c2e7d9dadd75:c2074, 6a5cb75f-f7eb-4671-9a85-3b6f7898f6cc:c2074]
2019-08-28 21:29:37,435 [grpc-default-executor-2] INFO  client.GrpcClientProtocolClient (GrpcClientProtocolClient.java:onNext(255)) - client-05DA20D107F8->b461a7b0-028a-4eb5-b268-b89ac225aff8: receive RaftClientReply:client-05DA20D107F8->b461a7b0-028a-4eb5-b268-b89ac225aff8@group-0C8C0AA7542A, cid=1459, SUCCESS, logIndex=2076, commits[b461a7b0-028a-4eb5-b268-b89ac225aff8:c2076, b6ff45f5-67b8-463b-a273-c2e7d9dadd75:c2074, 6a5cb75f-f7eb-4671-9a85-3b6f7898f6cc:c2074]
2019-08-28 21:29:37,441 | INFO  | DNAudit | user=null | ip=null | op=WRITE_CHUNK {blockData=conID: 1 locID: 102696732417130985 bcsId: 2076} | ret=SUCCESS |  
2019-08-28 21:29:37,443 | INFO  | DNAudit | user=null | ip=null | op=WRITE_CHUNK {blockData=conID: 1 locID: 102696732417130985 bcsId: 2076} | ret=SUCCESS |  
2019-08-28 21:29:37,443 | INFO  | DNAudit | user=null | ip=null | op=WRITE_CHUNK {blockData=conID: 1 locID: 102696732417130985 bcsId: 2076} | ret=SUCCESS |  
2019-08-28 21:29:37,448 | INFO  | DNAudit | user=null | ip=null | op=WRITE_CHUNK {blockData=conID: 1 locID: 102696732417130985 bcsId: 2071} | ret=SUCCESS |  
2019-08-28 21:29:37,448 | INFO  | DNAudit | user=null | ip=null | op=WRITE_CHUNK {blockData=conID: 1 locID: 102696732417130985 bcsId: 2071} | ret=SUCCESS |  
2019-08-28 21:29:37,449 | INFO  | DNAudit | user=null | ip=null | op=PUT_BLOCK {blockData=[blockId=conID: 1 locID: 102696732417130985 bcsId: 0,size=3145728]} | ret=SUCCESS |  
2019-08-28 21:29:37,449 | INFO  | DNAudit | user=null | ip=null | op=PUT_BLOCK {blockData=[blockId=conID: 1 locID: 102696732417130985 bcsId: 0,size=3145728]} | ret=SUCCESS |  
2019-08-28 21:29:37,450 | INFO  | DNAudit | user=null | ip=null | op=WRITE_CHUNK {blockData=conID: 1 locID: 102696732417130985 bcsId: 2076} | ret=SUCCESS |  
2019-08-28 21:29:37,450 | INFO  | DNAudit | user=null | ip=null | op=PUT_BLOCK {blockData=[blockId=conID: 1 locID: 102696732417130985 bcsId: 0,size=4194304]} | ret=SUCCESS |  
2019-08-28 21:29:37,450 [grpc-default-executor-5] INFO  client.GrpcClientProtocolClient (GrpcClientProtocolClient.java:onNext(255)) - client-05DA20D107F8->b461a7b0-028a-4eb5-b268-b89ac225aff8: receive RaftClientReply:client-05DA20D107F8->b461a7b0-028a-4eb5-b268-b89ac225aff8@group-0C8C0AA7542A, cid=1460, SUCCESS, logIndex=2079, commits[b461a7b0-028a-4eb5-b268-b89ac225aff8:c2080, b6ff45f5-67b8-463b-a273-c2e7d9dadd75:c2076, 6a5cb75f-f7eb-4671-9a85-3b6f7898f6cc:c2076]
2019-08-28 21:29:37,450 [grpc-default-executor-5] INFO  client.GrpcClientProtocolClient (GrpcClientProtocolClient.java:onNext(255)) - client-05DA20D107F8->b461a7b0-028a-4eb5-b268-b89ac225aff8: receive RaftClientReply:client-05DA20D107F8->b461a7b0-028a-4eb5-b268-b89ac225aff8@group-0C8C0AA7542A, cid=1461, SUCCESS, logIndex=2080, commits[b461a7b0-028a-4eb5-b268-b89ac225aff8:c2080, b6ff45f5-67b8-463b-a273-c2e7d9dadd75:c2076, 6a5cb75f-f7eb-4671-9a85-3b6f7898f6cc:c2076]
2019-08-28 21:29:37,456 | INFO  | DNAudit | user=null | ip=null | op=WRITE_CHUNK {blockData=conID: 1 locID: 102696732417130985 bcsId: 2076} | ret=SUCCESS |  
2019-08-28 21:29:37,456 | INFO  | DNAudit | user=null | ip=null | op=WRITE_CHUNK {blockData=conID: 1 locID: 102696732417130985 bcsId: 2076} | ret=SUCCESS |  
2019-08-28 21:29:37,457 | INFO  | DNAudit | user=null | ip=null | op=PUT_BLOCK {blockData=[blockId=conID: 1 locID: 102696732417130985 bcsId: 0,size=4194304]} | ret=SUCCESS |  
2019-08-28 21:29:37,457 | INFO  | DNAudit | user=null | ip=null | op=PUT_BLOCK {blockData=[blockId=conID: 1 locID: 102696732417130985 bcsId: 0,size=4194304]} | ret=SUCCESS |  
2019-08-28 21:29:37,458 [grpc-default-executor-5] INFO  client.GrpcClientProtocolClient (GrpcClientProtocolClient.java:onNext(255)) - client-05DA20D107F8->b461a7b0-028a-4eb5-b268-b89ac225aff8: receive RaftClientReply:client-05DA20D107F8->b461a7b0-028a-4eb5-b268-b89ac225aff8@group-0C8C0AA7542A, cid=1462, SUCCESS, logIndex=0, commits[b461a7b0-028a-4eb5-b268-b89ac225aff8:c2082, b6ff45f5-67b8-463b-a273-c2e7d9dadd75:c2080, 6a5cb75f-f7eb-4671-9a85-3b6f7898f6cc:c2080]
2019-08-28 21:29:37,461 | INFO  | SCMAudit | user=jenkins1000 | ip=127.0.0.1 | op=ALLOCATE_BLOCK {owner=a0140aad-a474-4492-a39d-25bd6167d9f0, size=4194304, type=RATIS, factor=THREE} | ret=SUCCESS |  
2019-08-28 21:29:37,463 | INFO  | OMAudit | user=jenkins1000 | ip=127.0.0.1 | op=ALLOCATE_BLOCK {volume=vol-0-08922, bucket=bucket-0-29862, key=key-0-31337, dataSize=0, replicationType=null, replicationFactor=null, keyLocationInfo=null, clientID=102696731548516754} | ret=SUCCESS |  
2019-08-28 21:29:37,470 | INFO  | DNAudit | user=null | ip=null | op=WRITE_CHUNK {blockData=conID: 2 locID: 102696732423684586 bcsId: 0} | ret=SUCCESS |  
2019-08-28 21:29:37,472 | INFO  | DNAudit | user=null | ip=null | op=WRITE_CHUNK {blockData=conID: 2 locID: 102696732423684586 bcsId: 0} | ret=SUCCESS |  
2019-08-28 21:29:37,472 | INFO  | DNAudit | user=null | ip=null | op=WRITE_CHUNK {blockData=conID: 2 locID: 102696732423684586 bcsId: 0} | ret=SUCCESS |  
2019-08-28 21:29:37,472 | INFO  | DNAudit | user=null | ip=null | op=WRITE_CHUNK {blockData=conID: 2 locID: 102696732423684586 bcsId: 0} | ret=SUCCESS |  
2019-08-28 21:29:37,473 | INFO  | DNAudit | user=null | ip=null | op=WRITE_CHUNK {blockData=conID: 2 locID: 102696732423684586 bcsId: 0} | ret=SUCCESS |  
2019-08-28 21:29:37,474 | INFO  | DNAudit | user=null | ip=null | op=WRITE_CHUNK {blockData=conID: 2 locID: 102696732423684586 bcsId: 0} | ret=SUCCESS |  
2019-08-28 21:29:37,483 | INFO  | DNAudit | user=null | ip=null | op=WRITE_CHUNK {blockData=conID: 2 locID: 102696732423684586 bcsId: 0} | ret=SUCCESS |  
2019-08-28 21:29:37,488 | INFO  | DNAudit | user=null | ip=null | op=PUT_BLOCK {blockData=[blockId=conID: 2 locID: 102696732423684586 bcsId: 0,size=1048576]} | ret=SUCCESS |  
2019-08-28 21:29:37,488 [grpc-default-executor-3] INFO  client.GrpcClientProtocolClient (GrpcClientProtocolClient.java:onNext(255)) - client-05DA20D107F8->b461a7b0-028a-4eb5-b268-b89ac225aff8: receive RaftClientReply:client-05DA20D107F8->b461a7b0-028a-4eb5-b268-b89ac225aff8@group-0C8C0AA7542A, cid=1463, SUCCESS, logIndex=2083, commits[b461a7b0-028a-4eb5-b268-b89ac225aff8:c2086, b6ff45f5-67b8-463b-a273-c2e7d9dadd75:c2082, 6a5cb75f-f7eb-4671-9a85-3b6f7898f6cc:c2082]
2019-08-28 21:29:37,488 | INFO  | DNAudit | user=null | ip=null | op=WRITE_CHUNK {blockData=conID: 2 locID: 102696732423684586 bcsId: 0} | ret=SUCCESS |  
2019-08-28 21:29:37,489 | INFO  | DNAudit | user=null | ip=null | op=PUT_BLOCK {blockData=[blockId=conID: 2 locID: 102696732423684586 bcsId: 0,size=2097152]} | ret=SUCCESS |  
2019-08-28 21:29:37,489 [grpc-default-executor-3] INFO  client.GrpcClientProtocolClient (GrpcClientProtocolClient.java:onNext(255)) - client-05DA20D107F8->b461a7b0-028a-4eb5-b268-b89ac225aff8: receive RaftClientReply:client-05DA20D107F8->b461a7b0-028a-4eb5-b268-b89ac225aff8@group-0C8C0AA7542A, cid=1464, SUCCESS, logIndex=2084, commits[b461a7b0-028a-4eb5-b268-b89ac225aff8:c2086, b6ff45f5-67b8-463b-a273-c2e7d9dadd75:c2082, 6a5cb75f-f7eb-4671-9a85-3b6f7898f6cc:c2082]
2019-08-28 21:29:37,489 [grpc-default-executor-3] INFO  client.GrpcClientProtocolClient (GrpcClientProtocolClient.java:onNext(255)) - client-05DA20D107F8->b461a7b0-028a-4eb5-b268-b89ac225aff8: receive RaftClientReply:client-05DA20D107F8->b461a7b0-028a-4eb5-b268-b89ac225aff8@group-0C8C0AA7542A, cid=1465, SUCCESS, logIndex=2085, commits[b461a7b0-028a-4eb5-b268-b89ac225aff8:c2086, b6ff45f5-67b8-463b-a273-c2e7d9dadd75:c2082, 6a5cb75f-f7eb-4671-9a85-3b6f7898f6cc:c2082]
2019-08-28 21:29:37,489 [grpc-default-executor-3] INFO  client.GrpcClientProtocolClient (GrpcClientProtocolClient.java:onNext(255)) - client-05DA20D107F8->b461a7b0-028a-4eb5-b268-b89ac225aff8: receive RaftClientReply:client-05DA20D107F8->b461a7b0-028a-4eb5-b268-b89ac225aff8@group-0C8C0AA7542A, cid=1466, SUCCESS, logIndex=2086, commits[b461a7b0-028a-4eb5-b268-b89ac225aff8:c2086, b6ff45f5-67b8-463b-a273-c2e7d9dadd75:c2082, 6a5cb75f-f7eb-4671-9a85-3b6f7898f6cc:c2082]
2019-08-28 21:29:37,496 | INFO  | DNAudit | user=null | ip=null | op=WRITE_CHUNK {blockData=conID: 2 locID: 102696732423684586 bcsId: 0} | ret=SUCCESS |  
2019-08-28 21:29:37,497 | INFO  | DNAudit | user=null | ip=null | op=WRITE_CHUNK {blockData=conID: 2 locID: 102696732423684586 bcsId: 0} | ret=SUCCESS |  
2019-08-28 21:29:37,497 | INFO  | DNAudit | user=null | ip=null | op=PUT_BLOCK {blockData=[blockId=conID: 2 locID: 102696732423684586 bcsId: 0,size=1048576]} | ret=SUCCESS |  
2019-08-28 21:29:37,497 | INFO  | DNAudit | user=null | ip=null | op=PUT_BLOCK {blockData=[blockId=conID: 2 locID: 102696732423684586 bcsId: 0,size=1048576]} | ret=SUCCESS |  
2019-08-28 21:29:37,497 [grpc-default-executor-3] INFO  client.GrpcClientProtocolClient (GrpcClientProtocolClient.java:onNext(255)) - client-05DA20D107F8->b461a7b0-028a-4eb5-b268-b89ac225aff8: receive RaftClientReply:client-05DA20D107F8->b461a7b0-028a-4eb5-b268-b89ac225aff8@group-0C8C0AA7542A, cid=1467, SUCCESS, logIndex=0, commits[b461a7b0-028a-4eb5-b268-b89ac225aff8:c2087, b6ff45f5-67b8-463b-a273-c2e7d9dadd75:c2084, 6a5cb75f-f7eb-4671-9a85-3b6f7898f6cc:c2084]
2019-08-28 21:29:37,498 | INFO  | DNAudit | user=null | ip=null | op=WRITE_CHUNK {blockData=conID: 2 locID: 102696732423684586 bcsId: 0} | ret=SUCCESS |  
2019-08-28 21:29:37,498 | INFO  | DNAudit | user=null | ip=null | op=WRITE_CHUNK {blockData=conID: 2 locID: 102696732423684586 bcsId: 0} | ret=SUCCESS |  
2019-08-28 21:29:37,499 | INFO  | DNAudit | user=null | ip=null | op=PUT_BLOCK {blockData=[blockId=conID: 2 locID: 102696732423684586 bcsId: 0,size=2097152]} | ret=SUCCESS |  
2019-08-28 21:29:37,499 | INFO  | DNAudit | user=null | ip=null | op=PUT_BLOCK {blockData=[blockId=conID: 2 locID: 102696732423684586 bcsId: 0,size=2097152]} | ret=SUCCESS |  
2019-08-28 21:29:37,503 | INFO  | DNAudit | user=null | ip=null | op=WRITE_CHUNK {blockData=conID: 2 locID: 102696732423684586 bcsId: 2086} | ret=SUCCESS |  
2019-08-28 21:29:37,505 | INFO  | DNAudit | user=null | ip=null | op=WRITE_CHUNK {blockData=conID: 2 locID: 102696732423684586 bcsId: 2086} | ret=SUCCESS |  
2019-08-28 21:29:37,505 | INFO  | DNAudit | user=null | ip=null | op=WRITE_CHUNK {blockData=conID: 2 locID: 102696732423684586 bcsId: 2086} | ret=SUCCESS |  
2019-08-28 21:29:37,511 | INFO  | DNAudit | user=null | ip=null | op=WRITE_CHUNK {blockData=conID: 2 locID: 102696732423684586 bcsId: 2086} | ret=SUCCESS |  
2019-08-28 21:29:37,511 | INFO  | DNAudit | user=null | ip=null | op=PUT_BLOCK {blockData=[blockId=conID: 2 locID: 102696732423684586 bcsId: 0,size=3145728]} | ret=SUCCESS |  
2019-08-28 21:29:37,511 [grpc-default-executor-3] INFO  client.GrpcClientProtocolClient (GrpcClientProtocolClient.java:onNext(255)) - client-05DA20D107F8->b461a7b0-028a-4eb5-b268-b89ac225aff8: receive RaftClientReply:client-05DA20D107F8->b461a7b0-028a-4eb5-b268-b89ac225aff8@group-0C8C0AA7542A, cid=1468, SUCCESS, logIndex=2091, commits[b461a7b0-028a-4eb5-b268-b89ac225aff8:c2092, b6ff45f5-67b8-463b-a273-c2e7d9dadd75:c2090, 6a5cb75f-f7eb-4671-9a85-3b6f7898f6cc:c2090]
2019-08-28 21:29:37,512 [grpc-default-executor-3] INFO  client.GrpcClientProtocolClient (GrpcClientProtocolClient.java:onNext(255)) - client-05DA20D107F8->b461a7b0-028a-4eb5-b268-b89ac225aff8: receive RaftClientReply:client-05DA20D107F8->b461a7b0-028a-4eb5-b268-b89ac225aff8@group-0C8C0AA7542A, cid=1469, SUCCESS, logIndex=2092, commits[b461a7b0-028a-4eb5-b268-b89ac225aff8:c2092, b6ff45f5-67b8-463b-a273-c2e7d9dadd75:c2090, 6a5cb75f-f7eb-4671-9a85-3b6f7898f6cc:c2090]
2019-08-28 21:29:37,517 | INFO  | DNAudit | user=null | ip=null | op=WRITE_CHUNK {blockData=conID: 2 locID: 102696732423684586 bcsId: 2092} | ret=SUCCESS |  
2019-08-28 21:29:37,519 | INFO  | DNAudit | user=null | ip=null | op=WRITE_CHUNK {blockData=conID: 2 locID: 102696732423684586 bcsId: 2092} | ret=SUCCESS |  
2019-08-28 21:29:37,519 | INFO  | DNAudit | user=null | ip=null | op=WRITE_CHUNK {blockData=conID: 2 locID: 102696732423684586 bcsId: 2092} | ret=SUCCESS |  
2019-08-28 21:29:37,520 | INFO  | DNAudit | user=null | ip=null | op=WRITE_CHUNK {blockData=conID: 2 locID: 102696732423684586 bcsId: 2086} | ret=SUCCESS |  
2019-08-28 21:29:37,520 | INFO  | DNAudit | user=null | ip=null | op=WRITE_CHUNK {blockData=conID: 2 locID: 102696732423684586 bcsId: 2086} | ret=SUCCESS |  
2019-08-28 21:29:37,523 | INFO  | DNAudit | user=null | ip=null | op=PUT_BLOCK {blockData=[blockId=conID: 2 locID: 102696732423684586 bcsId: 0,size=3145728]} | ret=SUCCESS |  
2019-08-28 21:29:37,523 | INFO  | DNAudit | user=null | ip=null | op=PUT_BLOCK {blockData=[blockId=conID: 2 locID: 102696732423684586 bcsId: 0,size=3145728]} | ret=SUCCESS |  
2019-08-28 21:29:37,523 | INFO  | DNAudit | user=null | ip=null | op=WRITE_CHUNK {blockData=conID: 2 locID: 102696732423684586 bcsId: 2092} | ret=SUCCESS |  
2019-08-28 21:29:37,523 | INFO  | DNAudit | user=null | ip=null | op=PUT_BLOCK {blockData=[blockId=conID: 2 locID: 102696732423684586 bcsId: 0,size=4194304]} | ret=SUCCESS |  
2019-08-28 21:29:37,523 [grpc-default-executor-2] INFO  client.GrpcClientProtocolClient (GrpcClientProtocolClient.java:onNext(255)) - client-05DA20D107F8->b461a7b0-028a-4eb5-b268-b89ac225aff8: receive RaftClientReply:client-05DA20D107F8->b461a7b0-028a-4eb5-b268-b89ac225aff8@group-0C8C0AA7542A, cid=1470, SUCCESS, logIndex=2095, commits[b461a7b0-028a-4eb5-b268-b89ac225aff8:c2095, b6ff45f5-67b8-463b-a273-c2e7d9dadd75:c2092, 6a5cb75f-f7eb-4671-9a85-3b6f7898f6cc:c2092]
2019-08-28 21:29:37,524 [grpc-default-executor-2] INFO  client.GrpcClientProtocolClient (GrpcClientProtocolClient.java:onNext(255)) - client-05DA20D107F8->b461a7b0-028a-4eb5-b268-b89ac225aff8: receive RaftClientReply:client-05DA20D107F8->b461a7b0-028a-4eb5-b268-b89ac225aff8@group-0C8C0AA7542A, cid=1471, SUCCESS, logIndex=2096, commits[b461a7b0-028a-4eb5-b268-b89ac225aff8:c2096, b6ff45f5-67b8-463b-a273-c2e7d9dadd75:c2092, 6a5cb75f-f7eb-4671-9a85-3b6f7898f6cc:c2092]
2019-08-28 21:29:37,533 | INFO  | DNAudit | user=null | ip=null | op=WRITE_CHUNK {blockData=conID: 2 locID: 102696732423684586 bcsId: 2092} | ret=SUCCESS |  
2019-08-28 21:29:37,533 | INFO  | DNAudit | user=null | ip=null | op=WRITE_CHUNK {blockData=conID: 2 locID: 102696732423684586 bcsId: 2092} | ret=SUCCESS |  
2019-08-28 21:29:37,534 | INFO  | DNAudit | user=null | ip=null | op=PUT_BLOCK {blockData=[blockId=conID: 2 locID: 102696732423684586 bcsId: 0,size=4194304]} | ret=SUCCESS |  
2019-08-28 21:29:37,534 | INFO  | DNAudit | user=null | ip=null | op=PUT_BLOCK {blockData=[blockId=conID: 2 locID: 102696732423684586 bcsId: 0,size=4194304]} | ret=SUCCESS |  
2019-08-28 21:29:37,535 [grpc-default-executor-2] INFO  client.GrpcClientProtocolClient (GrpcClientProtocolClient.java:onNext(255)) - client-05DA20D107F8->b461a7b0-028a-4eb5-b268-b89ac225aff8: receive RaftClientReply:client-05DA20D107F8->b461a7b0-028a-4eb5-b268-b89ac225aff8@group-0C8C0AA7542A, cid=1472, SUCCESS, logIndex=0, commits[b461a7b0-028a-4eb5-b268-b89ac225aff8:c2098, b6ff45f5-67b8-463b-a273-c2e7d9dadd75:c2096, 6a5cb75f-f7eb-4671-9a85-3b6f7898f6cc:c2096]
2019-08-28 21:29:37,540 | INFO  | SCMAudit | user=jenkins1000 | ip=127.0.0.1 | op=ALLOCATE_BLOCK {owner=a0140aad-a474-4492-a39d-25bd6167d9f0, size=4194304, type=RATIS, factor=THREE} | ret=SUCCESS |  
2019-08-28 21:29:37,542 | INFO  | OMAudit | user=jenkins1000 | ip=127.0.0.1 | op=ALLOCATE_BLOCK {volume=vol-0-08922, bucket=bucket-0-29862, key=key-0-31337, dataSize=0, replicationType=null, replicationFactor=null, keyLocationInfo=null, clientID=102696731548516754} | ret=SUCCESS |  
2019-08-28 21:29:37,548 | INFO  | DNAudit | user=null | ip=null | op=WRITE_CHUNK {blockData=conID: 3 locID: 102696732428861931 bcsId: 0} | ret=SUCCESS |  
2019-08-28 21:29:37,551 | INFO  | DNAudit | user=null | ip=null | op=WRITE_CHUNK {blockData=conID: 3 locID: 102696732428861931 bcsId: 0} | ret=SUCCESS |  
2019-08-28 21:29:37,551 | INFO  | DNAudit | user=null | ip=null | op=WRITE_CHUNK {blockData=conID: 3 locID: 102696732428861931 bcsId: 0} | ret=SUCCESS |  
2019-08-28 21:29:37,551 | INFO  | DNAudit | user=null | ip=null | op=WRITE_CHUNK {blockData=conID: 3 locID: 102696732428861931 bcsId: 0} | ret=SUCCESS |  
2019-08-28 21:29:37,552 | INFO  | DNAudit | user=null | ip=null | op=WRITE_CHUNK {blockData=conID: 3 locID: 102696732428861931 bcsId: 0} | ret=SUCCESS |  
2019-08-28 21:29:37,553 | INFO  | DNAudit | user=null | ip=null | op=WRITE_CHUNK {blockData=conID: 3 locID: 102696732428861931 bcsId: 0} | ret=SUCCESS |  
2019-08-28 21:29:37,573 | INFO  | DNAudit | user=null | ip=null | op=WRITE_CHUNK {blockData=conID: 3 locID: 102696732428861931 bcsId: 0} | ret=SUCCESS |  
2019-08-28 21:29:37,574 | INFO  | DNAudit | user=null | ip=null | op=PUT_BLOCK {blockData=[blockId=conID: 3 locID: 102696732428861931 bcsId: 0,size=1048576]} | ret=SUCCESS |  
2019-08-28 21:29:37,574 [grpc-default-executor-3] INFO  client.GrpcClientProtocolClient (GrpcClientProtocolClient.java:onNext(255)) - client-05DA20D107F8->b461a7b0-028a-4eb5-b268-b89ac225aff8: receive RaftClientReply:client-05DA20D107F8->b461a7b0-028a-4eb5-b268-b89ac225aff8@group-0C8C0AA7542A, cid=1473, SUCCESS, logIndex=2099, commits[b461a7b0-028a-4eb5-b268-b89ac225aff8:c2102, b6ff45f5-67b8-463b-a273-c2e7d9dadd75:c2098, 6a5cb75f-f7eb-4671-9a85-3b6f7898f6cc:c2098]
2019-08-28 21:29:37,574 | INFO  | DNAudit | user=null | ip=null | op=WRITE_CHUNK {blockData=conID: 3 locID: 102696732428861931 bcsId: 0} | ret=SUCCESS |  
2019-08-28 21:29:37,574 | INFO  | DNAudit | user=null | ip=null | op=PUT_BLOCK {blockData=[blockId=conID: 3 locID: 102696732428861931 bcsId: 0,size=2097152]} | ret=SUCCESS |  
2019-08-28 21:29:37,574 [grpc-default-executor-3] INFO  client.GrpcClientProtocolClient (GrpcClientProtocolClient.java:onNext(255)) - client-05DA20D107F8->b461a7b0-028a-4eb5-b268-b89ac225aff8: receive RaftClientReply:client-05DA20D107F8->b461a7b0-028a-4eb5-b268-b89ac225aff8@group-0C8C0AA7542A, cid=1474, SUCCESS, logIndex=2100, commits[b461a7b0-028a-4eb5-b268-b89ac225aff8:c2102, b6ff45f5-67b8-463b-a273-c2e7d9dadd75:c2098, 6a5cb75f-f7eb-4671-9a85-3b6f7898f6cc:c2098]
2019-08-28 21:29:37,574 [grpc-default-executor-3] INFO  client.GrpcClientProtocolClient (GrpcClientProtocolClient.java:onNext(255)) - client-05DA20D107F8->b461a7b0-028a-4eb5-b268-b89ac225aff8: receive RaftClientReply:client-05DA20D107F8->b461a7b0-028a-4eb5-b268-b89ac225aff8@group-0C8C0AA7542A, cid=1475, SUCCESS, logIndex=2101, commits[b461a7b0-028a-4eb5-b268-b89ac225aff8:c2102, b6ff45f5-67b8-463b-a273-c2e7d9dadd75:c2098, 6a5cb75f-f7eb-4671-9a85-3b6f7898f6cc:c2098]
2019-08-28 21:29:37,575 [grpc-default-executor-3] INFO  client.GrpcClientProtocolClient (GrpcClientProtocolClient.java:onNext(255)) - client-05DA20D107F8->b461a7b0-028a-4eb5-b268-b89ac225aff8: receive RaftClientReply:client-05DA20D107F8->b461a7b0-028a-4eb5-b268-b89ac225aff8@group-0C8C0AA7542A, cid=1476, SUCCESS, logIndex=2102, commits[b461a7b0-028a-4eb5-b268-b89ac225aff8:c2102, b6ff45f5-67b8-463b-a273-c2e7d9dadd75:c2098, 6a5cb75f-f7eb-4671-9a85-3b6f7898f6cc:c2098]
2019-08-28 21:29:37,583 | INFO  | DNAudit | user=null | ip=null | op=WRITE_CHUNK {blockData=conID: 3 locID: 102696732428861931 bcsId: 0} | ret=SUCCESS |  
2019-08-28 21:29:37,583 | INFO  | DNAudit | user=null | ip=null | op=PUT_BLOCK {blockData=[blockId=conID: 3 locID: 102696732428861931 bcsId: 0,size=1048576]} | ret=SUCCESS |  
2019-08-28 21:29:37,583 | INFO  | DNAudit | user=null | ip=null | op=WRITE_CHUNK {blockData=conID: 3 locID: 102696732428861931 bcsId: 0} | ret=SUCCESS |  
2019-08-28 21:29:37,583 | INFO  | DNAudit | user=null | ip=null | op=PUT_BLOCK {blockData=[blockId=conID: 3 locID: 102696732428861931 bcsId: 0,size=1048576]} | ret=SUCCESS |  
2019-08-28 21:29:37,583 [grpc-default-executor-3] INFO  client.GrpcClientProtocolClient (GrpcClientProtocolClient.java:onNext(255)) - client-05DA20D107F8->b461a7b0-028a-4eb5-b268-b89ac225aff8: receive RaftClientReply:client-05DA20D107F8->b461a7b0-028a-4eb5-b268-b89ac225aff8@group-0C8C0AA7542A, cid=1477, SUCCESS, logIndex=0, commits[b461a7b0-028a-4eb5-b268-b89ac225aff8:c2103, b6ff45f5-67b8-463b-a273-c2e7d9dadd75:c2100, 6a5cb75f-f7eb-4671-9a85-3b6f7898f6cc:c2100]
2019-08-28 21:29:37,584 | INFO  | DNAudit | user=null | ip=null | op=WRITE_CHUNK {blockData=conID: 3 locID: 102696732428861931 bcsId: 0} | ret=SUCCESS |  
2019-08-28 21:29:37,584 | INFO  | DNAudit | user=null | ip=null | op=PUT_BLOCK {blockData=[blockId=conID: 3 locID: 102696732428861931 bcsId: 0,size=2097152]} | ret=SUCCESS |  
2019-08-28 21:29:37,585 | INFO  | DNAudit | user=null | ip=null | op=WRITE_CHUNK {blockData=conID: 3 locID: 102696732428861931 bcsId: 0} | ret=SUCCESS |  
2019-08-28 21:29:37,585 | INFO  | DNAudit | user=null | ip=null | op=PUT_BLOCK {blockData=[blockId=conID: 3 locID: 102696732428861931 bcsId: 0,size=2097152]} | ret=SUCCESS |  
2019-08-28 21:29:37,589 | INFO  | DNAudit | user=null | ip=null | op=WRITE_CHUNK {blockData=conID: 3 locID: 102696732428861931 bcsId: 2102} | ret=SUCCESS |  
2019-08-28 21:29:37,590 | INFO  | DNAudit | user=null | ip=null | op=WRITE_CHUNK {blockData=conID: 3 locID: 102696732428861931 bcsId: 2102} | ret=SUCCESS |  
2019-08-28 21:29:37,590 | INFO  | DNAudit | user=null | ip=null | op=WRITE_CHUNK {blockData=conID: 3 locID: 102696732428861931 bcsId: 2102} | ret=SUCCESS |  
2019-08-28 21:29:37,594 | INFO  | DNAudit | user=null | ip=null | op=WRITE_CHUNK {blockData=conID: 3 locID: 102696732428861931 bcsId: 2102} | ret=SUCCESS |  
2019-08-28 21:29:37,595 | INFO  | DNAudit | user=null | ip=null | op=PUT_BLOCK {blockData=[blockId=conID: 3 locID: 102696732428861931 bcsId: 0,size=3145728]} | ret=SUCCESS |  
2019-08-28 21:29:37,595 [grpc-default-executor-2] INFO  client.GrpcClientProtocolClient (GrpcClientProtocolClient.java:onNext(255)) - client-05DA20D107F8->b461a7b0-028a-4eb5-b268-b89ac225aff8: receive RaftClientReply:client-05DA20D107F8->b461a7b0-028a-4eb5-b268-b89ac225aff8@group-0C8C0AA7542A, cid=1478, SUCCESS, logIndex=2107, commits[b461a7b0-028a-4eb5-b268-b89ac225aff8:c2108, b6ff45f5-67b8-463b-a273-c2e7d9dadd75:c2106, 6a5cb75f-f7eb-4671-9a85-3b6f7898f6cc:c2106]
2019-08-28 21:29:37,595 [grpc-default-executor-2] INFO  client.GrpcClientProtocolClient (GrpcClientProtocolClient.java:onNext(255)) - client-05DA20D107F8->b461a7b0-028a-4eb5-b268-b89ac225aff8: receive RaftClientReply:client-05DA20D107F8->b461a7b0-028a-4eb5-b268-b89ac225aff8@group-0C8C0AA7542A, cid=1479, SUCCESS, logIndex=2108, commits[b461a7b0-028a-4eb5-b268-b89ac225aff8:c2108, b6ff45f5-67b8-463b-a273-c2e7d9dadd75:c2106, 6a5cb75f-f7eb-4671-9a85-3b6f7898f6cc:c2106]
2019-08-28 21:29:37,601 | INFO  | DNAudit | user=null | ip=null | op=WRITE_CHUNK {blockData=conID: 3 locID: 102696732428861931 bcsId: 2108} | ret=SUCCESS |  
2019-08-28 21:29:37,603 | INFO  | DNAudit | user=null | ip=null | op=WRITE_CHUNK {blockData=conID: 3 locID: 102696732428861931 bcsId: 2108} | ret=SUCCESS |  
2019-08-28 21:29:37,603 | INFO  | DNAudit | user=null | ip=null | op=WRITE_CHUNK {blockData=conID: 3 locID: 102696732428861931 bcsId: 2108} | ret=SUCCESS |  
2019-08-28 21:29:37,605 | INFO  | DNAudit | user=null | ip=null | op=WRITE_CHUNK {blockData=conID: 3 locID: 102696732428861931 bcsId: 2102} | ret=SUCCESS |  
2019-08-28 21:29:37,605 | INFO  | DNAudit | user=null | ip=null | op=WRITE_CHUNK {blockData=conID: 3 locID: 102696732428861931 bcsId: 2102} | ret=SUCCESS |  
2019-08-28 21:29:37,606 | INFO  | DNAudit | user=null | ip=null | op=PUT_BLOCK {blockData=[blockId=conID: 3 locID: 102696732428861931 bcsId: 0,size=3145728]} | ret=SUCCESS |  
2019-08-28 21:29:37,606 | INFO  | DNAudit | user=null | ip=null | op=PUT_BLOCK {blockData=[blockId=conID: 3 locID: 102696732428861931 bcsId: 0,size=3145728]} | ret=SUCCESS |  
2019-08-28 21:29:37,607 | INFO  | DNAudit | user=null | ip=null | op=WRITE_CHUNK {blockData=conID: 3 locID: 102696732428861931 bcsId: 2108} | ret=SUCCESS |  
2019-08-28 21:29:37,608 | INFO  | DNAudit | user=null | ip=null | op=PUT_BLOCK {blockData=[blockId=conID: 3 locID: 102696732428861931 bcsId: 0,size=4194304]} | ret=SUCCESS |  
2019-08-28 21:29:37,608 [grpc-default-executor-6] INFO  client.GrpcClientProtocolClient (GrpcClientProtocolClient.java:onNext(255)) - client-05DA20D107F8->b461a7b0-028a-4eb5-b268-b89ac225aff8: receive RaftClientReply:client-05DA20D107F8->b461a7b0-028a-4eb5-b268-b89ac225aff8@group-0C8C0AA7542A, cid=1480, SUCCESS, logIndex=2111, commits[b461a7b0-028a-4eb5-b268-b89ac225aff8:c2112, b6ff45f5-67b8-463b-a273-c2e7d9dadd75:c2108, 6a5cb75f-f7eb-4671-9a85-3b6f7898f6cc:c2108]
2019-08-28 21:29:37,608 [grpc-default-executor-6] INFO  client.GrpcClientProtocolClient (GrpcClientProtocolClient.java:onNext(255)) - client-05DA20D107F8->b461a7b0-028a-4eb5-b268-b89ac225aff8: receive RaftClientReply:client-05DA20D107F8->b461a7b0-028a-4eb5-b268-b89ac225aff8@group-0C8C0AA7542A, cid=1481, SUCCESS, logIndex=2112, commits[b461a7b0-028a-4eb5-b268-b89ac225aff8:c2112, b6ff45f5-67b8-463b-a273-c2e7d9dadd75:c2108, 6a5cb75f-f7eb-4671-9a85-3b6f7898f6cc:c2108]
2019-08-28 21:29:37,619 | INFO  | DNAudit | user=null | ip=null | op=WRITE_CHUNK {blockData=conID: 3 locID: 102696732428861931 bcsId: 2108} | ret=SUCCESS |  
2019-08-28 21:29:37,619 | INFO  | DNAudit | user=null | ip=null | op=WRITE_CHUNK {blockData=conID: 3 locID: 102696732428861931 bcsId: 2108} | ret=SUCCESS |  
2019-08-28 21:29:37,620 | INFO  | DNAudit | user=null | ip=null | op=PUT_BLOCK {blockData=[blockId=conID: 3 locID: 102696732428861931 bcsId: 0,size=4194304]} | ret=SUCCESS |  
2019-08-28 21:29:37,620 | INFO  | DNAudit | user=null | ip=null | op=PUT_BLOCK {blockData=[blockId=conID: 3 locID: 102696732428861931 bcsId: 0,size=4194304]} | ret=SUCCESS |  
2019-08-28 21:29:37,621 [grpc-default-executor-6] INFO  client.GrpcClientProtocolClient (GrpcClientProtocolClient.java:onNext(255)) - client-05DA20D107F8->b461a7b0-028a-4eb5-b268-b89ac225aff8: receive RaftClientReply:client-05DA20D107F8->b461a7b0-028a-4eb5-b268-b89ac225aff8@group-0C8C0AA7542A, cid=1482, SUCCESS, logIndex=0, commits[b461a7b0-028a-4eb5-b268-b89ac225aff8:c2114, b6ff45f5-67b8-463b-a273-c2e7d9dadd75:c2112, 6a5cb75f-f7eb-4671-9a85-3b6f7898f6cc:c2112]
2019-08-28 21:29:37,624 | INFO  | SCMAudit | user=jenkins1000 | ip=127.0.0.1 | op=ALLOCATE_BLOCK {owner=a0140aad-a474-4492-a39d-25bd6167d9f0, size=4194304, type=RATIS, factor=THREE} | ret=SUCCESS |  
2019-08-28 21:29:37,626 | INFO  | OMAudit | user=jenkins1000 | ip=127.0.0.1 | op=ALLOCATE_BLOCK {volume=vol-0-08922, bucket=bucket-0-29862, key=key-0-31337, dataSize=0, replicationType=null, replicationFactor=null, keyLocationInfo=null, clientID=102696731548516754} | ret=SUCCESS |  
2019-08-28 21:29:37,631 | INFO  | DNAudit | user=null | ip=null | op=WRITE_CHUNK {blockData=conID: 1 locID: 102696732434301420 bcsId: 0} | ret=SUCCESS |  
2019-08-28 21:29:37,633 | INFO  | DNAudit | user=null | ip=null | op=WRITE_CHUNK {blockData=conID: 1 locID: 102696732434301420 bcsId: 0} | ret=SUCCESS |  
2019-08-28 21:29:37,633 | INFO  | DNAudit | user=null | ip=null | op=WRITE_CHUNK {blockData=conID: 1 locID: 102696732434301420 bcsId: 0} | ret=SUCCESS |  
2019-08-28 21:29:37,633 | INFO  | DNAudit | user=null | ip=null | op=WRITE_CHUNK {blockData=conID: 1 locID: 102696732434301420 bcsId: 0} | ret=SUCCESS |  
2019-08-28 21:29:37,635 | INFO  | DNAudit | user=null | ip=null | op=WRITE_CHUNK {blockData=conID: 1 locID: 102696732434301420 bcsId: 0} | ret=SUCCESS |  
2019-08-28 21:29:37,635 | INFO  | DNAudit | user=null | ip=null | op=WRITE_CHUNK {blockData=conID: 1 locID: 102696732434301420 bcsId: 0} | ret=SUCCESS |  
2019-08-28 21:29:37,645 | INFO  | DNAudit | user=null | ip=null | op=WRITE_CHUNK {blockData=conID: 1 locID: 102696732434301420 bcsId: 0} | ret=SUCCESS |  
2019-08-28 21:29:37,646 | INFO  | DNAudit | user=null | ip=null | op=PUT_BLOCK {blockData=[blockId=conID: 1 locID: 102696732434301420 bcsId: 0,size=1048576]} | ret=SUCCESS |  
2019-08-28 21:29:37,646 [grpc-default-executor-3] INFO  client.GrpcClientProtocolClient (GrpcClientProtocolClient.java:onNext(255)) - client-05DA20D107F8->b461a7b0-028a-4eb5-b268-b89ac225aff8: receive RaftClientReply:client-05DA20D107F8->b461a7b0-028a-4eb5-b268-b89ac225aff8@group-0C8C0AA7542A, cid=1483, SUCCESS, logIndex=2115, commits[b461a7b0-028a-4eb5-b268-b89ac225aff8:c2116, b6ff45f5-67b8-463b-a273-c2e7d9dadd75:c2114, 6a5cb75f-f7eb-4671-9a85-3b6f7898f6cc:c2114]
2019-08-28 21:29:37,646 | INFO  | DNAudit | user=null | ip=null | op=WRITE_CHUNK {blockData=conID: 1 locID: 102696732434301420 bcsId: 0} | ret=SUCCESS |  
2019-08-28 21:29:37,646 [grpc-default-executor-3] INFO  client.GrpcClientProtocolClient (GrpcClientProtocolClient.java:onNext(255)) - client-05DA20D107F8->b461a7b0-028a-4eb5-b268-b89ac225aff8: receive RaftClientReply:client-05DA20D107F8->b461a7b0-028a-4eb5-b268-b89ac225aff8@group-0C8C0AA7542A, cid=1484, SUCCESS, logIndex=2116, commits[b461a7b0-028a-4eb5-b268-b89ac225aff8:c2118, b6ff45f5-67b8-463b-a273-c2e7d9dadd75:c2114, 6a5cb75f-f7eb-4671-9a85-3b6f7898f6cc:c2114]
2019-08-28 21:29:37,646 | INFO  | DNAudit | user=null | ip=null | op=PUT_BLOCK {blockData=[blockId=conID: 1 locID: 102696732434301420 bcsId: 0,size=2097152]} | ret=SUCCESS |  
2019-08-28 21:29:37,646 [grpc-default-executor-3] INFO  client.GrpcClientProtocolClient (GrpcClientProtocolClient.java:onNext(255)) - client-05DA20D107F8->b461a7b0-028a-4eb5-b268-b89ac225aff8: receive RaftClientReply:client-05DA20D107F8->b461a7b0-028a-4eb5-b268-b89ac225aff8@group-0C8C0AA7542A, cid=1485, SUCCESS, logIndex=2117, commits[b461a7b0-028a-4eb5-b268-b89ac225aff8:c2118, b6ff45f5-67b8-463b-a273-c2e7d9dadd75:c2114, 6a5cb75f-f7eb-4671-9a85-3b6f7898f6cc:c2114]
2019-08-28 21:29:37,647 | INFO  | DNAudit | user=null | ip=null | op=WRITE_CHUNK {blockData=conID: 1 locID: 102696732434301420 bcsId: 0} | ret=SUCCESS |  
2019-08-28 21:29:37,647 [grpc-default-executor-3] INFO  client.GrpcClientProtocolClient (GrpcClientProtocolClient.java:onNext(255)) - client-05DA20D107F8->b461a7b0-028a-4eb5-b268-b89ac225aff8: receive RaftClientReply:client-05DA20D107F8->b461a7b0-028a-4eb5-b268-b89ac225aff8@group-0C8C0AA7542A, cid=1486, SUCCESS, logIndex=2118, commits[b461a7b0-028a-4eb5-b268-b89ac225aff8:c2118, b6ff45f5-67b8-463b-a273-c2e7d9dadd75:c2114, 6a5cb75f-f7eb-4671-9a85-3b6f7898f6cc:c2114]
2019-08-28 21:29:37,647 | INFO  | DNAudit | user=null | ip=null | op=WRITE_CHUNK {blockData=conID: 1 locID: 102696732434301420 bcsId: 0} | ret=SUCCESS |  
2019-08-28 21:29:37,647 | INFO  | DNAudit | user=null | ip=null | op=PUT_BLOCK {blockData=[blockId=conID: 1 locID: 102696732434301420 bcsId: 0,size=1048576]} | ret=SUCCESS |  
2019-08-28 21:29:37,648 | INFO  | DNAudit | user=null | ip=null | op=PUT_BLOCK {blockData=[blockId=conID: 1 locID: 102696732434301420 bcsId: 0,size=1048576]} | ret=SUCCESS |  
2019-08-28 21:29:37,648 | INFO  | DNAudit | user=null | ip=null | op=WRITE_CHUNK {blockData=conID: 1 locID: 102696732434301420 bcsId: 0} | ret=SUCCESS |  
2019-08-28 21:29:37,648 | INFO  | DNAudit | user=null | ip=null | op=PUT_BLOCK {blockData=[blockId=conID: 1 locID: 102696732434301420 bcsId: 0,size=2097152]} | ret=SUCCESS |  
2019-08-28 21:29:37,648 [grpc-default-executor-3] INFO  client.GrpcClientProtocolClient (GrpcClientProtocolClient.java:onNext(255)) - client-05DA20D107F8->b461a7b0-028a-4eb5-b268-b89ac225aff8: receive RaftClientReply:client-05DA20D107F8->b461a7b0-028a-4eb5-b268-b89ac225aff8@group-0C8C0AA7542A, cid=1487, SUCCESS, logIndex=0, commits[b461a7b0-028a-4eb5-b268-b89ac225aff8:c2120, b6ff45f5-67b8-463b-a273-c2e7d9dadd75:c2116, 6a5cb75f-f7eb-4671-9a85-3b6f7898f6cc:c2116]
2019-08-28 21:29:37,648 | INFO  | DNAudit | user=null | ip=null | op=WRITE_CHUNK {blockData=conID: 1 locID: 102696732434301420 bcsId: 0} | ret=SUCCESS |  
2019-08-28 21:29:37,648 | INFO  | DNAudit | user=null | ip=null | op=PUT_BLOCK {blockData=[blockId=conID: 1 locID: 102696732434301420 bcsId: 0,size=2097152]} | ret=SUCCESS |  
2019-08-28 21:29:37,654 | INFO  | DNAudit | user=null | ip=null | op=WRITE_CHUNK {blockData=conID: 1 locID: 102696732434301420 bcsId: 2118} | ret=SUCCESS |  
2019-08-28 21:29:37,655 | INFO  | DNAudit | user=null | ip=null | op=WRITE_CHUNK {blockData=conID: 1 locID: 102696732434301420 bcsId: 2118} | ret=SUCCESS |  
2019-08-28 21:29:37,655 | INFO  | DNAudit | user=null | ip=null | op=WRITE_CHUNK {blockData=conID: 1 locID: 102696732434301420 bcsId: 2118} | ret=SUCCESS |  
2019-08-28 21:29:37,676 | INFO  | DNAudit | user=null | ip=null | op=WRITE_CHUNK {blockData=conID: 1 locID: 102696732434301420 bcsId: 2118} | ret=SUCCESS |  
2019-08-28 21:29:37,676 | INFO  | DNAudit | user=null | ip=null | op=PUT_BLOCK {blockData=[blockId=conID: 1 locID: 102696732434301420 bcsId: 0,size=3145728]} | ret=SUCCESS |  
2019-08-28 21:29:37,676 [grpc-default-executor-2] INFO  client.GrpcClientProtocolClient (GrpcClientProtocolClient.java:onNext(255)) - client-05DA20D107F8->b461a7b0-028a-4eb5-b268-b89ac225aff8: receive RaftClientReply:client-05DA20D107F8->b461a7b0-028a-4eb5-b268-b89ac225aff8@group-0C8C0AA7542A, cid=1488, SUCCESS, logIndex=2123, commits[b461a7b0-028a-4eb5-b268-b89ac225aff8:c2124, b6ff45f5-67b8-463b-a273-c2e7d9dadd75:c2122, 6a5cb75f-f7eb-4671-9a85-3b6f7898f6cc:c2122]
2019-08-28 21:29:37,766 [grpc-default-executor-2] INFO  client.GrpcClientProtocolClient (GrpcClientProtocolClient.java:onNext(255)) - client-05DA20D107F8->b461a7b0-028a-4eb5-b268-b89ac225aff8: receive RaftClientReply:client-05DA20D107F8->b461a7b0-028a-4eb5-b268-b89ac225aff8@group-0C8C0AA7542A, cid=1489, SUCCESS, logIndex=2124, commits[b461a7b0-028a-4eb5-b268-b89ac225aff8:c2124, b6ff45f5-67b8-463b-a273-c2e7d9dadd75:c2122, 6a5cb75f-f7eb-4671-9a85-3b6f7898f6cc:c2122]
2019-08-28 21:29:37,766 | INFO  | DNAudit | user=null | ip=null | op=WRITE_CHUNK {blockData=conID: 1 locID: 102696732434301420 bcsId: 2118} | ret=SUCCESS |  
2019-08-28 21:29:37,766 | INFO  | DNAudit | user=null | ip=null | op=WRITE_CHUNK {blockData=conID: 1 locID: 102696732434301420 bcsId: 2118} | ret=SUCCESS |  
2019-08-28 21:29:37,773 | INFO  | DNAudit | user=null | ip=null | op=WRITE_CHUNK {blockData=conID: 1 locID: 102696732434301420 bcsId: 2124} | ret=SUCCESS |  
2019-08-28 21:29:37,775 | INFO  | DNAudit | user=null | ip=null | op=WRITE_CHUNK {blockData=conID: 1 locID: 102696732434301420 bcsId: 2124} | ret=SUCCESS |  
2019-08-28 21:29:37,776 | INFO  | DNAudit | user=null | ip=null | op=PUT_BLOCK {blockData=[blockId=conID: 1 locID: 102696732434301420 bcsId: 0,size=3145728]} | ret=SUCCESS |  
2019-08-28 21:29:37,776 | INFO  | DNAudit | user=null | ip=null | op=PUT_BLOCK {blockData=[blockId=conID: 1 locID: 102696732434301420 bcsId: 0,size=3145728]} | ret=SUCCESS |  
2019-08-28 21:29:37,776 | INFO  | DNAudit | user=null | ip=null | op=WRITE_CHUNK {blockData=conID: 1 locID: 102696732434301420 bcsId: 2124} | ret=SUCCESS |  
2019-08-28 21:29:37,783 | INFO  | DNAudit | user=null | ip=null | op=WRITE_CHUNK {blockData=conID: 1 locID: 102696732434301420 bcsId: 2124} | ret=SUCCESS |  
2019-08-28 21:29:37,783 | INFO  | DNAudit | user=null | ip=null | op=PUT_BLOCK {blockData=[blockId=conID: 1 locID: 102696732434301420 bcsId: 0,size=4194304]} | ret=SUCCESS |  
2019-08-28 21:29:37,783 [grpc-default-executor-3] INFO  client.GrpcClientProtocolClient (GrpcClientProtocolClient.java:onNext(255)) - client-05DA20D107F8->b461a7b0-028a-4eb5-b268-b89ac225aff8: receive RaftClientReply:client-05DA20D107F8->b461a7b0-028a-4eb5-b268-b89ac225aff8@group-0C8C0AA7542A, cid=1490, SUCCESS, logIndex=2127, commits[b461a7b0-028a-4eb5-b268-b89ac225aff8:c2128, b6ff45f5-67b8-463b-a273-c2e7d9dadd75:c2125, 6a5cb75f-f7eb-4671-9a85-3b6f7898f6cc:c2124]
2019-08-28 21:29:37,786 [grpc-default-executor-3] INFO  client.GrpcClientProtocolClient (GrpcClientProtocolClient.java:onNext(255)) - client-05DA20D107F8->b461a7b0-028a-4eb5-b268-b89ac225aff8: receive RaftClientReply:client-05DA20D107F8->b461a7b0-028a-4eb5-b268-b89ac225aff8@group-0C8C0AA7542A, cid=1491, SUCCESS, logIndex=2128, commits[b461a7b0-028a-4eb5-b268-b89ac225aff8:c2128, b6ff45f5-67b8-463b-a273-c2e7d9dadd75:c2125, 6a5cb75f-f7eb-4671-9a85-3b6f7898f6cc:c2125]
2019-08-28 21:29:37,790 | INFO  | DNAudit | user=null | ip=null | op=WRITE_CHUNK {blockData=conID: 1 locID: 102696732434301420 bcsId: 2124} | ret=SUCCESS |  
2019-08-28 21:29:37,790 | INFO  | DNAudit | user=null | ip=null | op=WRITE_CHUNK {blockData=conID: 1 locID: 102696732434301420 bcsId: 2124} | ret=SUCCESS |  
2019-08-28 21:29:37,790 | INFO  | DNAudit | user=null | ip=null | op=PUT_BLOCK {blockData=[blockId=conID: 1 locID: 102696732434301420 bcsId: 0,size=4194304]} | ret=SUCCESS |  
2019-08-28 21:29:37,790 | INFO  | DNAudit | user=null | ip=null | op=PUT_BLOCK {blockData=[blockId=conID: 1 locID: 102696732434301420 bcsId: 0,size=4194304]} | ret=SUCCESS |  
2019-08-28 21:29:37,791 [grpc-default-executor-3] INFO  client.GrpcClientProtocolClient (GrpcClientProtocolClient.java:onNext(255)) - client-05DA20D107F8->b461a7b0-028a-4eb5-b268-b89ac225aff8: receive RaftClientReply:client-05DA20D107F8->b461a7b0-028a-4eb5-b268-b89ac225aff8@group-0C8C0AA7542A, cid=1492, SUCCESS, logIndex=0, commits[b461a7b0-028a-4eb5-b268-b89ac225aff8:c2129, b6ff45f5-67b8-463b-a273-c2e7d9dadd75:c2128, 6a5cb75f-f7eb-4671-9a85-3b6f7898f6cc:c2128]
2019-08-28 21:29:37,795 | INFO  | SCMAudit | user=jenkins1000 | ip=127.0.0.1 | op=ALLOCATE_BLOCK {owner=a0140aad-a474-4492-a39d-25bd6167d9f0, size=4194304, type=RATIS, factor=THREE} | ret=SUCCESS |  
2019-08-28 21:29:37,797 | INFO  | OMAudit | user=jenkins1000 | ip=127.0.0.1 | op=ALLOCATE_BLOCK {volume=vol-0-08922, bucket=bucket-0-29862, key=key-0-31337, dataSize=0, replicationType=null, replicationFactor=null, keyLocationInfo=null, clientID=102696731548516754} | ret=SUCCESS |  
2019-08-28 21:29:37,805 | INFO  | DNAudit | user=null | ip=null | op=WRITE_CHUNK {blockData=conID: 2 locID: 102696732445573613 bcsId: 0} | ret=SUCCESS |  
2019-08-28 21:29:37,806 | INFO  | DNAudit | user=null | ip=null | op=WRITE_CHUNK {blockData=conID: 2 locID: 102696732445573613 bcsId: 0} | ret=SUCCESS |  
2019-08-28 21:29:37,808 | INFO  | DNAudit | user=null | ip=null | op=WRITE_CHUNK {blockData=conID: 2 locID: 102696732445573613 bcsId: 0} | ret=SUCCESS |  
2019-08-28 21:29:37,808 | INFO  | DNAudit | user=null | ip=null | op=WRITE_CHUNK {blockData=conID: 2 locID: 102696732445573613 bcsId: 0} | ret=SUCCESS |  
2019-08-28 21:29:37,809 | INFO  | DNAudit | user=null | ip=null | op=WRITE_CHUNK {blockData=conID: 2 locID: 102696732445573613 bcsId: 0} | ret=SUCCESS |  
2019-08-28 21:29:37,810 | INFO  | DNAudit | user=null | ip=null | op=WRITE_CHUNK {blockData=conID: 2 locID: 102696732445573613 bcsId: 0} | ret=SUCCESS |  
2019-08-28 21:29:37,821 | INFO  | DNAudit | user=null | ip=null | op=WRITE_CHUNK {blockData=conID: 2 locID: 102696732445573613 bcsId: 0} | ret=SUCCESS |  
2019-08-28 21:29:37,821 | INFO  | DNAudit | user=null | ip=null | op=PUT_BLOCK {blockData=[blockId=conID: 2 locID: 102696732445573613 bcsId: 0,size=1048576]} | ret=SUCCESS |  
2019-08-28 21:29:37,822 | INFO  | DNAudit | user=null | ip=null | op=WRITE_CHUNK {blockData=conID: 2 locID: 102696732445573613 bcsId: 0} | ret=SUCCESS |  
2019-08-28 21:29:37,822 [grpc-default-executor-3] INFO  client.GrpcClientProtocolClient (GrpcClientProtocolClient.java:onNext(255)) - client-05DA20D107F8->b461a7b0-028a-4eb5-b268-b89ac225aff8: receive RaftClientReply:client-05DA20D107F8->b461a7b0-028a-4eb5-b268-b89ac225aff8@group-0C8C0AA7542A, cid=1493, SUCCESS, logIndex=2131, commits[b461a7b0-028a-4eb5-b268-b89ac225aff8:c2134, b6ff45f5-67b8-463b-a273-c2e7d9dadd75:c2129, 6a5cb75f-f7eb-4671-9a85-3b6f7898f6cc:c2128]
2019-08-28 21:29:37,822 | INFO  | DNAudit | user=null | ip=null | op=PUT_BLOCK {blockData=[blockId=conID: 2 locID: 102696732445573613 bcsId: 0,size=2097152]} | ret=SUCCESS |  
2019-08-28 21:29:37,822 [grpc-default-executor-3] INFO  client.GrpcClientProtocolClient (GrpcClientProtocolClient.java:onNext(255)) - client-05DA20D107F8->b461a7b0-028a-4eb5-b268-b89ac225aff8: receive RaftClientReply:client-05DA20D107F8->b461a7b0-028a-4eb5-b268-b89ac225aff8@group-0C8C0AA7542A, cid=1494, SUCCESS, logIndex=2132, commits[b461a7b0-028a-4eb5-b268-b89ac225aff8:c2134, b6ff45f5-67b8-463b-a273-c2e7d9dadd75:c2129, 6a5cb75f-f7eb-4671-9a85-3b6f7898f6cc:c2129]
2019-08-28 21:29:37,822 [grpc-default-executor-3] INFO  client.GrpcClientProtocolClient (GrpcClientProtocolClient.java:onNext(255)) - client-05DA20D107F8->b461a7b0-028a-4eb5-b268-b89ac225aff8: receive RaftClientReply:client-05DA20D107F8->b461a7b0-028a-4eb5-b268-b89ac225aff8@group-0C8C0AA7542A, cid=1495, SUCCESS, logIndex=2133, commits[b461a7b0-028a-4eb5-b268-b89ac225aff8:c2134, b6ff45f5-67b8-463b-a273-c2e7d9dadd75:c2129, 6a5cb75f-f7eb-4671-9a85-3b6f7898f6cc:c2129]
2019-08-28 21:29:37,823 [grpc-default-executor-3] INFO  client.GrpcClientProtocolClient (GrpcClientProtocolClient.java:onNext(255)) - client-05DA20D107F8->b461a7b0-028a-4eb5-b268-b89ac225aff8: receive RaftClientReply:client-05DA20D107F8->b461a7b0-028a-4eb5-b268-b89ac225aff8@group-0C8C0AA7542A, cid=1496, SUCCESS, logIndex=2134, commits[b461a7b0-028a-4eb5-b268-b89ac225aff8:c2134, b6ff45f5-67b8-463b-a273-c2e7d9dadd75:c2129, 6a5cb75f-f7eb-4671-9a85-3b6f7898f6cc:c2129]
2019-08-28 21:29:37,831 | INFO  | DNAudit | user=null | ip=null | op=WRITE_CHUNK {blockData=conID: 2 locID: 102696732445573613 bcsId: 0} | ret=SUCCESS |  
2019-08-28 21:29:37,831 | INFO  | DNAudit | user=null | ip=null | op=WRITE_CHUNK {blockData=conID: 2 locID: 102696732445573613 bcsId: 0} | ret=SUCCESS |  
2019-08-28 21:29:37,831 | INFO  | DNAudit | user=null | ip=null | op=PUT_BLOCK {blockData=[blockId=conID: 2 locID: 102696732445573613 bcsId: 0,size=1048576]} | ret=SUCCESS |  
2019-08-28 21:29:37,831 | INFO  | DNAudit | user=null | ip=null | op=PUT_BLOCK {blockData=[blockId=conID: 2 locID: 102696732445573613 bcsId: 0,size=1048576]} | ret=SUCCESS |  
2019-08-28 21:29:37,831 [grpc-default-executor-3] INFO  client.GrpcClientProtocolClient (GrpcClientProtocolClient.java:onNext(255)) - client-05DA20D107F8->b461a7b0-028a-4eb5-b268-b89ac225aff8: receive RaftClientReply:client-05DA20D107F8->b461a7b0-028a-4eb5-b268-b89ac225aff8@group-0C8C0AA7542A, cid=1497, SUCCESS, logIndex=0, commits[b461a7b0-028a-4eb5-b268-b89ac225aff8:c2135, b6ff45f5-67b8-463b-a273-c2e7d9dadd75:c2132, 6a5cb75f-f7eb-4671-9a85-3b6f7898f6cc:c2132]
2019-08-28 21:29:37,832 | INFO  | DNAudit | user=null | ip=null | op=WRITE_CHUNK {blockData=conID: 2 locID: 102696732445573613 bcsId: 0} | ret=SUCCESS |  
2019-08-28 21:29:37,832 | INFO  | DNAudit | user=null | ip=null | op=WRITE_CHUNK {blockData=conID: 2 locID: 102696732445573613 bcsId: 0} | ret=SUCCESS |  
2019-08-28 21:29:37,832 | INFO  | DNAudit | user=null | ip=null | op=PUT_BLOCK {blockData=[blockId=conID: 2 locID: 102696732445573613 bcsId: 0,size=2097152]} | ret=SUCCESS |  
2019-08-28 21:29:37,833 | INFO  | DNAudit | user=null | ip=null | op=PUT_BLOCK {blockData=[blockId=conID: 2 locID: 102696732445573613 bcsId: 0,size=2097152]} | ret=SUCCESS |  
2019-08-28 21:29:37,837 | INFO  | DNAudit | user=null | ip=null | op=WRITE_CHUNK {blockData=conID: 2 locID: 102696732445573613 bcsId: 2134} | ret=SUCCESS |  
2019-08-28 21:29:37,839 | INFO  | DNAudit | user=null | ip=null | op=WRITE_CHUNK {blockData=conID: 2 locID: 102696732445573613 bcsId: 2134} | ret=SUCCESS |  
2019-08-28 21:29:37,839 | INFO  | DNAudit | user=null | ip=null | op=WRITE_CHUNK {blockData=conID: 2 locID: 102696732445573613 bcsId: 2134} | ret=SUCCESS |  
2019-08-28 21:29:37,845 | INFO  | DNAudit | user=null | ip=null | op=WRITE_CHUNK {blockData=conID: 2 locID: 102696732445573613 bcsId: 2134} | ret=SUCCESS |  
2019-08-28 21:29:37,845 | INFO  | DNAudit | user=null | ip=null | op=PUT_BLOCK {blockData=[blockId=conID: 2 locID: 102696732445573613 bcsId: 0,size=3145728]} | ret=SUCCESS |  
2019-08-28 21:29:37,845 [grpc-default-executor-3] INFO  client.GrpcClientProtocolClient (GrpcClientProtocolClient.java:onNext(255)) - client-05DA20D107F8->b461a7b0-028a-4eb5-b268-b89ac225aff8: receive RaftClientReply:client-05DA20D107F8->b461a7b0-028a-4eb5-b268-b89ac225aff8@group-0C8C0AA7542A, cid=1498, SUCCESS, logIndex=2138, commits[b461a7b0-028a-4eb5-b268-b89ac225aff8:c2139, b6ff45f5-67b8-463b-a273-c2e7d9dadd75:c2137, 6a5cb75f-f7eb-4671-9a85-3b6f7898f6cc:c2137]
2019-08-28 21:29:37,846 [grpc-default-executor-3] INFO  client.GrpcClientProtocolClient (GrpcClientProtocolClient.java:onNext(255)) - client-05DA20D107F8->b461a7b0-028a-4eb5-b268-b89ac225aff8: receive RaftClientReply:client-05DA20D107F8->b461a7b0-028a-4eb5-b268-b89ac225aff8@group-0C8C0AA7542A, cid=1499, SUCCESS, logIndex=2139, commits[b461a7b0-028a-4eb5-b268-b89ac225aff8:c2139, b6ff45f5-67b8-463b-a273-c2e7d9dadd75:c2137, 6a5cb75f-f7eb-4671-9a85-3b6f7898f6cc:c2137]
2019-08-28 21:29:37,852 | INFO  | DNAudit | user=null | ip=null | op=WRITE_CHUNK {blockData=conID: 2 locID: 102696732445573613 bcsId: 2139} | ret=SUCCESS |  
2019-08-28 21:29:37,854 | INFO  | DNAudit | user=null | ip=null | op=WRITE_CHUNK {blockData=conID: 2 locID: 102696732445573613 bcsId: 2139} | ret=SUCCESS |  
2019-08-28 21:29:37,854 | INFO  | DNAudit | user=null | ip=null | op=WRITE_CHUNK {blockData=conID: 2 locID: 102696732445573613 bcsId: 2139} | ret=SUCCESS |  
2019-08-28 21:29:37,856 | INFO  | DNAudit | user=null | ip=null | op=WRITE_CHUNK {blockData=conID: 2 locID: 102696732445573613 bcsId: 2134} | ret=SUCCESS |  
2019-08-28 21:29:37,856 | INFO  | DNAudit | user=null | ip=null | op=WRITE_CHUNK {blockData=conID: 2 locID: 102696732445573613 bcsId: 2134} | ret=SUCCESS |  
2019-08-28 21:29:37,857 | INFO  | DNAudit | user=null | ip=null | op=PUT_BLOCK {blockData=[blockId=conID: 2 locID: 102696732445573613 bcsId: 0,size=3145728]} | ret=SUCCESS |  
2019-08-28 21:29:37,857 | INFO  | DNAudit | user=null | ip=null | op=PUT_BLOCK {blockData=[blockId=conID: 2 locID: 102696732445573613 bcsId: 0,size=3145728]} | ret=SUCCESS |  
2019-08-28 21:29:37,858 | INFO  | DNAudit | user=null | ip=null | op=WRITE_CHUNK {blockData=conID: 2 locID: 102696732445573613 bcsId: 2139} | ret=SUCCESS |  
2019-08-28 21:29:37,858 | INFO  | DNAudit | user=null | ip=null | op=PUT_BLOCK {blockData=[blockId=conID: 2 locID: 102696732445573613 bcsId: 0,size=4194304]} | ret=SUCCESS |  
2019-08-28 21:29:37,858 [grpc-default-executor-5] INFO  client.GrpcClientProtocolClient (GrpcClientProtocolClient.java:onNext(255)) - client-05DA20D107F8->b461a7b0-028a-4eb5-b268-b89ac225aff8: receive RaftClientReply:client-05DA20D107F8->b461a7b0-028a-4eb5-b268-b89ac225aff8@group-0C8C0AA7542A, cid=1500, SUCCESS, logIndex=2142, commits[b461a7b0-028a-4eb5-b268-b89ac225aff8:c2143, b6ff45f5-67b8-463b-a273-c2e7d9dadd75:c2139, 6a5cb75f-f7eb-4671-9a85-3b6f7898f6cc:c2139]
2019-08-28 21:29:37,858 [grpc-default-executor-5] INFO  client.GrpcClientProtocolClient (GrpcClientProtocolClient.java:onNext(255)) - client-05DA20D107F8->b461a7b0-028a-4eb5-b268-b89ac225aff8: receive RaftClientReply:client-05DA20D107F8->b461a7b0-028a-4eb5-b268-b89ac225aff8@group-0C8C0AA7542A, cid=1501, SUCCESS, logIndex=2143, commits[b461a7b0-028a-4eb5-b268-b89ac225aff8:c2143, b6ff45f5-67b8-463b-a273-c2e7d9dadd75:c2139, 6a5cb75f-f7eb-4671-9a85-3b6f7898f6cc:c2139]
2019-08-28 21:29:37,886 | INFO  | DNAudit | user=null | ip=null | op=WRITE_CHUNK {blockData=conID: 2 locID: 102696732445573613 bcsId: 2139} | ret=SUCCESS |  
2019-08-28 21:29:37,886 | INFO  | DNAudit | user=null | ip=null | op=WRITE_CHUNK {blockData=conID: 2 locID: 102696732445573613 bcsId: 2139} | ret=SUCCESS |  
2019-08-28 21:29:37,886 | INFO  | DNAudit | user=null | ip=null | op=PUT_BLOCK {blockData=[blockId=conID: 2 locID: 102696732445573613 bcsId: 0,size=4194304]} | ret=SUCCESS |  
2019-08-28 21:29:37,899 | INFO  | DNAudit | user=null | ip=null | op=PUT_BLOCK {blockData=[blockId=conID: 2 locID: 102696732445573613 bcsId: 0,size=4194304]} | ret=SUCCESS |  
2019-08-28 21:29:37,900 [grpc-default-executor-5] INFO  client.GrpcClientProtocolClient (GrpcClientProtocolClient.java:onNext(255)) - client-05DA20D107F8->b461a7b0-028a-4eb5-b268-b89ac225aff8: receive RaftClientReply:client-05DA20D107F8->b461a7b0-028a-4eb5-b268-b89ac225aff8@group-0C8C0AA7542A, cid=1502, SUCCESS, logIndex=0, commits[b461a7b0-028a-4eb5-b268-b89ac225aff8:c2145, b6ff45f5-67b8-463b-a273-c2e7d9dadd75:c2143, 6a5cb75f-f7eb-4671-9a85-3b6f7898f6cc:c2143]
2019-08-28 21:29:37,903 | INFO  | SCMAudit | user=jenkins1000 | ip=127.0.0.1 | op=ALLOCATE_BLOCK {owner=a0140aad-a474-4492-a39d-25bd6167d9f0, size=4194304, type=RATIS, factor=THREE} | ret=SUCCESS |  
2019-08-28 21:29:37,905 | INFO  | OMAudit | user=jenkins1000 | ip=127.0.0.1 | op=ALLOCATE_BLOCK {volume=vol-0-08922, bucket=bucket-0-29862, key=key-0-31337, dataSize=0, replicationType=null, replicationFactor=null, keyLocationInfo=null, clientID=102696731548516754} | ret=SUCCESS |  
2019-08-28 21:29:37,911 | INFO  | DNAudit | user=null | ip=null | op=WRITE_CHUNK {blockData=conID: 3 locID: 102696732452651502 bcsId: 0} | ret=SUCCESS |  
2019-08-28 21:29:37,919 | INFO  | DNAudit | user=null | ip=null | op=WRITE_CHUNK {blockData=conID: 3 locID: 102696732452651502 bcsId: 0} | ret=SUCCESS |  
2019-08-28 21:29:37,919 | INFO  | DNAudit | user=null | ip=null | op=WRITE_CHUNK {blockData=conID: 3 locID: 102696732452651502 bcsId: 0} | ret=SUCCESS |  
2019-08-28 21:29:37,919 | INFO  | DNAudit | user=null | ip=null | op=WRITE_CHUNK {blockData=conID: 3 locID: 102696732452651502 bcsId: 0} | ret=SUCCESS |  
2019-08-28 21:29:37,920 | INFO  | DNAudit | user=null | ip=null | op=WRITE_CHUNK {blockData=conID: 3 locID: 102696732452651502 bcsId: 0} | ret=SUCCESS |  
2019-08-28 21:29:37,920 | INFO  | DNAudit | user=null | ip=null | op=WRITE_CHUNK {blockData=conID: 3 locID: 102696732452651502 bcsId: 0} | ret=SUCCESS |  
2019-08-28 21:29:37,931 | INFO  | DNAudit | user=null | ip=null | op=WRITE_CHUNK {blockData=conID: 3 locID: 102696732452651502 bcsId: 0} | ret=SUCCESS |  
2019-08-28 21:29:37,931 | INFO  | DNAudit | user=null | ip=null | op=PUT_BLOCK {blockData=[blockId=conID: 3 locID: 102696732452651502 bcsId: 0,size=1048576]} | ret=SUCCESS |  
2019-08-28 21:29:37,931 [grpc-default-executor-5] INFO  client.GrpcClientProtocolClient (GrpcClientProtocolClient.java:onNext(255)) - client-05DA20D107F8->b461a7b0-028a-4eb5-b268-b89ac225aff8: receive RaftClientReply:client-05DA20D107F8->b461a7b0-028a-4eb5-b268-b89ac225aff8@group-0C8C0AA7542A, cid=1503, SUCCESS, logIndex=2146, commits[b461a7b0-028a-4eb5-b268-b89ac225aff8:c2148, b6ff45f5-67b8-463b-a273-c2e7d9dadd75:c2145, 6a5cb75f-f7eb-4671-9a85-3b6f7898f6cc:c2145]
2019-08-28 21:29:37,931 | INFO  | DNAudit | user=null | ip=null | op=WRITE_CHUNK {blockData=conID: 3 locID: 102696732452651502 bcsId: 0} | ret=SUCCESS |  
2019-08-28 21:29:37,932 [grpc-default-executor-5] INFO  client.GrpcClientProtocolClient (GrpcClientProtocolClient.java:onNext(255)) - client-05DA20D107F8->b461a7b0-028a-4eb5-b268-b89ac225aff8: receive RaftClientReply:client-05DA20D107F8->b461a7b0-028a-4eb5-b268-b89ac225aff8@group-0C8C0AA7542A, cid=1504, SUCCESS, logIndex=2147, commits[b461a7b0-028a-4eb5-b268-b89ac225aff8:c2149, b6ff45f5-67b8-463b-a273-c2e7d9dadd75:c2145, 6a5cb75f-f7eb-4671-9a85-3b6f7898f6cc:c2145]
2019-08-28 21:29:37,932 | INFO  | DNAudit | user=null | ip=null | op=PUT_BLOCK {blockData=[blockId=conID: 3 locID: 102696732452651502 bcsId: 0,size=2097152]} | ret=SUCCESS |  
2019-08-28 21:29:37,932 [grpc-default-executor-5] INFO  client.GrpcClientProtocolClient (GrpcClientProtocolClient.java:onNext(255)) - client-05DA20D107F8->b461a7b0-028a-4eb5-b268-b89ac225aff8: receive RaftClientReply:client-05DA20D107F8->b461a7b0-028a-4eb5-b268-b89ac225aff8@group-0C8C0AA7542A, cid=1505, SUCCESS, logIndex=2148, commits[b461a7b0-028a-4eb5-b268-b89ac225aff8:c2149, b6ff45f5-67b8-463b-a273-c2e7d9dadd75:c2145, 6a5cb75f-f7eb-4671-9a85-3b6f7898f6cc:c2145]
2019-08-28 21:29:37,932 [grpc-default-executor-5] INFO  client.GrpcClientProtocolClient (GrpcClientProtocolClient.java:onNext(255)) - client-05DA20D107F8->b461a7b0-028a-4eb5-b268-b89ac225aff8: receive RaftClientReply:client-05DA20D107F8->b461a7b0-028a-4eb5-b268-b89ac225aff8@group-0C8C0AA7542A, cid=1506, SUCCESS, logIndex=2149, commits[b461a7b0-028a-4eb5-b268-b89ac225aff8:c2149, b6ff45f5-67b8-463b-a273-c2e7d9dadd75:c2145, 6a5cb75f-f7eb-4671-9a85-3b6f7898f6cc:c2145]
2019-08-28 21:29:37,946 | INFO  | DNAudit | user=null | ip=null | op=WRITE_CHUNK {blockData=conID: 3 locID: 102696732452651502 bcsId: 0} | ret=SUCCESS |  
2019-08-28 21:29:37,946 | INFO  | DNAudit | user=null | ip=null | op=WRITE_CHUNK {blockData=conID: 3 locID: 102696732452651502 bcsId: 0} | ret=SUCCESS |  
2019-08-28 21:29:37,947 | INFO  | DNAudit | user=null | ip=null | op=PUT_BLOCK {blockData=[blockId=conID: 3 locID: 102696732452651502 bcsId: 0,size=1048576]} | ret=SUCCESS |  
2019-08-28 21:29:37,947 | INFO  | DNAudit | user=null | ip=null | op=PUT_BLOCK {blockData=[blockId=conID: 3 locID: 102696732452651502 bcsId: 0,size=1048576]} | ret=SUCCESS |  
2019-08-28 21:29:37,947 [grpc-default-executor-2] INFO  client.GrpcClientProtocolClient (GrpcClientProtocolClient.java:onNext(255)) - client-05DA20D107F8->b461a7b0-028a-4eb5-b268-b89ac225aff8: receive RaftClientReply:client-05DA20D107F8->b461a7b0-028a-4eb5-b268-b89ac225aff8@group-0C8C0AA7542A, cid=1507, SUCCESS, logIndex=0, commits[b461a7b0-028a-4eb5-b268-b89ac225aff8:c2150, b6ff45f5-67b8-463b-a273-c2e7d9dadd75:c2147, 6a5cb75f-f7eb-4671-9a85-3b6f7898f6cc:c2147]
2019-08-28 21:29:37,947 | INFO  | DNAudit | user=null | ip=null | op=WRITE_CHUNK {blockData=conID: 3 locID: 102696732452651502 bcsId: 0} | ret=SUCCESS |  
2019-08-28 21:29:37,948 | INFO  | DNAudit | user=null | ip=null | op=PUT_BLOCK {blockData=[blockId=conID: 3 locID: 102696732452651502 bcsId: 0,size=2097152]} | ret=SUCCESS |  
2019-08-28 21:29:37,948 | INFO  | DNAudit | user=null | ip=null | op=WRITE_CHUNK {blockData=conID: 3 locID: 102696732452651502 bcsId: 0} | ret=SUCCESS |  
2019-08-28 21:29:37,948 | INFO  | DNAudit | user=null | ip=null | op=PUT_BLOCK {blockData=[blockId=conID: 3 locID: 102696732452651502 bcsId: 0,size=2097152]} | ret=SUCCESS |  
2019-08-28 21:29:37,953 | INFO  | DNAudit | user=null | ip=null | op=WRITE_CHUNK {blockData=conID: 3 locID: 102696732452651502 bcsId: 2149} | ret=SUCCESS |  
2019-08-28 21:29:37,954 | INFO  | DNAudit | user=null | ip=null | op=WRITE_CHUNK {blockData=conID: 3 locID: 102696732452651502 bcsId: 2149} | ret=SUCCESS |  
2019-08-28 21:29:37,955 | INFO  | DNAudit | user=null | ip=null | op=WRITE_CHUNK {blockData=conID: 3 locID: 102696732452651502 bcsId: 2149} | ret=SUCCESS |  
2019-08-28 21:29:37,982 | INFO  | DNAudit | user=null | ip=null | op=WRITE_CHUNK {blockData=conID: 3 locID: 102696732452651502 bcsId: 2149} | ret=SUCCESS |  
2019-08-28 21:29:37,982 | INFO  | DNAudit | user=null | ip=null | op=PUT_BLOCK {blockData=[blockId=conID: 3 locID: 102696732452651502 bcsId: 0,size=3145728]} | ret=SUCCESS |  
2019-08-28 21:29:37,982 [grpc-default-executor-2] INFO  client.GrpcClientProtocolClient (GrpcClientProtocolClient.java:onNext(255)) - client-05DA20D107F8->b461a7b0-028a-4eb5-b268-b89ac225aff8: receive RaftClientReply:client-05DA20D107F8->b461a7b0-028a-4eb5-b268-b89ac225aff8@group-0C8C0AA7542A, cid=1508, SUCCESS, logIndex=2154, commits[b461a7b0-028a-4eb5-b268-b89ac225aff8:c2155, b6ff45f5-67b8-463b-a273-c2e7d9dadd75:c2153, 6a5cb75f-f7eb-4671-9a85-3b6f7898f6cc:c2153]
2019-08-28 21:29:37,983 [grpc-default-executor-2] INFO  client.GrpcClientProtocolClient (GrpcClientProtocolClient.java:onNext(255)) - client-05DA20D107F8->b461a7b0-028a-4eb5-b268-b89ac225aff8: receive RaftClientReply:client-05DA20D107F8->b461a7b0-028a-4eb5-b268-b89ac225aff8@group-0C8C0AA7542A, cid=1509, SUCCESS, logIndex=2155, commits[b461a7b0-028a-4eb5-b268-b89ac225aff8:c2155, b6ff45f5-67b8-463b-a273-c2e7d9dadd75:c2153, 6a5cb75f-f7eb-4671-9a85-3b6f7898f6cc:c2153]
2019-08-28 21:29:37,989 | INFO  | DNAudit | user=null | ip=null | op=WRITE_CHUNK {blockData=conID: 3 locID: 102696732452651502 bcsId: 2155} | ret=SUCCESS |  
2019-08-28 21:29:37,990 | INFO  | DNAudit | user=null | ip=null | op=WRITE_CHUNK {blockData=conID: 3 locID: 102696732452651502 bcsId: 2155} | ret=SUCCESS |  
2019-08-28 21:29:37,991 | INFO  | DNAudit | user=null | ip=null | op=WRITE_CHUNK {blockData=conID: 3 locID: 102696732452651502 bcsId: 2155} | ret=SUCCESS |  
2019-08-28 21:29:37,999 | INFO  | DNAudit | user=null | ip=null | op=WRITE_CHUNK {blockData=conID: 3 locID: 102696732452651502 bcsId: 2149} | ret=SUCCESS |  
2019-08-28 21:29:37,999 | INFO  | DNAudit | user=null | ip=null | op=WRITE_CHUNK {blockData=conID: 3 locID: 102696732452651502 bcsId: 2149} | ret=SUCCESS |  
2019-08-28 21:29:38,000 | INFO  | DNAudit | user=null | ip=null | op=PUT_BLOCK {blockData=[blockId=conID: 3 locID: 102696732452651502 bcsId: 0,size=3145728]} | ret=SUCCESS |  
2019-08-28 21:29:38,000 | INFO  | DNAudit | user=null | ip=null | op=PUT_BLOCK {blockData=[blockId=conID: 3 locID: 102696732452651502 bcsId: 0,size=3145728]} | ret=SUCCESS |  
2019-08-28 21:29:38,002 | INFO  | DNAudit | user=null | ip=null | op=WRITE_CHUNK {blockData=conID: 3 locID: 102696732452651502 bcsId: 2155} | ret=SUCCESS |  
2019-08-28 21:29:38,002 | INFO  | DNAudit | user=null | ip=null | op=PUT_BLOCK {blockData=[blockId=conID: 3 locID: 102696732452651502 bcsId: 0,size=4194304]} | ret=SUCCESS |  
2019-08-28 21:29:38,002 [grpc-default-executor-5] INFO  client.GrpcClientProtocolClient (GrpcClientProtocolClient.java:onNext(255)) - client-05DA20D107F8->b461a7b0-028a-4eb5-b268-b89ac225aff8: receive RaftClientReply:client-05DA20D107F8->b461a7b0-028a-4eb5-b268-b89ac225aff8@group-0C8C0AA7542A, cid=1510, SUCCESS, logIndex=2158, commits[b461a7b0-028a-4eb5-b268-b89ac225aff8:c2159, b6ff45f5-67b8-463b-a273-c2e7d9dadd75:c2155, 6a5cb75f-f7eb-4671-9a85-3b6f7898f6cc:c2155]
2019-08-28 21:29:38,003 [grpc-default-executor-5] INFO  client.GrpcClientProtocolClient (GrpcClientProtocolClient.java:onNext(255)) - client-05DA20D107F8->b461a7b0-028a-4eb5-b268-b89ac225aff8: receive RaftClientReply:client-05DA20D107F8->b461a7b0-028a-4eb5-b268-b89ac225aff8@group-0C8C0AA7542A, cid=1511, SUCCESS, logIndex=2159, commits[b461a7b0-028a-4eb5-b268-b89ac225aff8:c2159, b6ff45f5-67b8-463b-a273-c2e7d9dadd75:c2155, 6a5cb75f-f7eb-4671-9a85-3b6f7898f6cc:c2155]
2019-08-28 21:29:38,051 | INFO  | DNAudit | user=null | ip=null | op=WRITE_CHUNK {blockData=conID: 3 locID: 102696732452651502 bcsId: 2155} | ret=SUCCESS |  
2019-08-28 21:29:38,051 | INFO  | DNAudit | user=null | ip=null | op=WRITE_CHUNK {blockData=conID: 3 locID: 102696732452651502 bcsId: 2155} | ret=SUCCESS |  
2019-08-28 21:29:38,051 | INFO  | DNAudit | user=null | ip=null | op=PUT_BLOCK {blockData=[blockId=conID: 3 locID: 102696732452651502 bcsId: 0,size=4194304]} | ret=SUCCESS |  
2019-08-28 21:29:38,051 | INFO  | DNAudit | user=null | ip=null | op=PUT_BLOCK {blockData=[blockId=conID: 3 locID: 102696732452651502 bcsId: 0,size=4194304]} | ret=SUCCESS |  
2019-08-28 21:29:38,052 [grpc-default-executor-5] INFO  client.GrpcClientProtocolClient (GrpcClientProtocolClient.java:onNext(255)) - client-05DA20D107F8->b461a7b0-028a-4eb5-b268-b89ac225aff8: receive RaftClientReply:client-05DA20D107F8->b461a7b0-028a-4eb5-b268-b89ac225aff8@group-0C8C0AA7542A, cid=1512, SUCCESS, logIndex=0, commits[b461a7b0-028a-4eb5-b268-b89ac225aff8:c2160, b6ff45f5-67b8-463b-a273-c2e7d9dadd75:c2159, 6a5cb75f-f7eb-4671-9a85-3b6f7898f6cc:c2159]
2019-08-28 21:29:38,057 | INFO  | SCMAudit | user=jenkins1000 | ip=127.0.0.1 | op=ALLOCATE_BLOCK {owner=a0140aad-a474-4492-a39d-25bd6167d9f0, size=4194304, type=RATIS, factor=THREE} | ret=SUCCESS |  
2019-08-28 21:29:38,060 | INFO  | OMAudit | user=jenkins1000 | ip=127.0.0.1 | op=ALLOCATE_BLOCK {volume=vol-0-08922, bucket=bucket-0-29862, key=key-0-31337, dataSize=0, replicationType=null, replicationFactor=null, keyLocationInfo=null, clientID=102696731548516754} | ret=SUCCESS |  
2019-08-28 21:29:38,067 | INFO  | DNAudit | user=null | ip=null | op=WRITE_CHUNK {blockData=conID: 1 locID: 102696732462744047 bcsId: 0} | ret=SUCCESS |  
2019-08-28 21:29:38,069 | INFO  | SCMAudit | user=jenkins1000 | ip=192.168.36.107 | op=SEND_HEARTBEAT {datanodeUUID=b461a7b0-028a-4eb5-b268-b89ac225aff8, command=[]} | ret=SUCCESS |  
2019-08-28 21:29:38,069 | INFO  | SCMAudit | user=jenkins1000 | ip=192.168.36.107 | op=SEND_HEARTBEAT {datanodeUUID=b6ff45f5-67b8-463b-a273-c2e7d9dadd75, command=[]} | ret=SUCCESS |  
2019-08-28 21:29:38,069 | INFO  | SCMAudit | user=jenkins1000 | ip=192.168.36.107 | op=SEND_HEARTBEAT {datanodeUUID=6a5cb75f-f7eb-4671-9a85-3b6f7898f6cc, command=[]} | ret=SUCCESS |  
2019-08-28 21:29:38,070 | INFO  | DNAudit | user=null | ip=null | op=WRITE_CHUNK {blockData=conID: 1 locID: 102696732462744047 bcsId: 0} | ret=SUCCESS |  
2019-08-28 21:29:38,070 | INFO  | DNAudit | user=null | ip=null | op=WRITE_CHUNK {blockData=conID: 1 locID: 102696732462744047 bcsId: 0} | ret=SUCCESS |  
2019-08-28 21:29:38,071 | INFO  | DNAudit | user=null | ip=null | op=WRITE_CHUNK {blockData=conID: 1 locID: 102696732462744047 bcsId: 0} | ret=SUCCESS |  
2019-08-28 21:29:38,072 | INFO  | DNAudit | user=null | ip=null | op=WRITE_CHUNK {blockData=conID: 1 locID: 102696732462744047 bcsId: 0} | ret=SUCCESS |  
2019-08-28 21:29:38,072 | INFO  | DNAudit | user=null | ip=null | op=WRITE_CHUNK {blockData=conID: 1 locID: 102696732462744047 bcsId: 0} | ret=SUCCESS |  
2019-08-28 21:29:38,076 | INFO  | DNAudit | user=null | ip=null | op=WRITE_CHUNK {blockData=conID: 1 locID: 102696732462744047 bcsId: 0} | ret=SUCCESS |  
2019-08-28 21:29:38,076 | INFO  | DNAudit | user=null | ip=null | op=PUT_BLOCK {blockData=[blockId=conID: 1 locID: 102696732462744047 bcsId: 0,size=1048576]} | ret=SUCCESS |  
2019-08-28 21:29:38,076 [grpc-default-executor-2] INFO  client.GrpcClientProtocolClient (GrpcClientProtocolClient.java:onNext(255)) - client-05DA20D107F8->b461a7b0-028a-4eb5-b268-b89ac225aff8: receive RaftClientReply:client-05DA20D107F8->b461a7b0-028a-4eb5-b268-b89ac225aff8@group-0C8C0AA7542A, cid=1513, SUCCESS, logIndex=2162, commits[b461a7b0-028a-4eb5-b268-b89ac225aff8:c2163, b6ff45f5-67b8-463b-a273-c2e7d9dadd75:c2161, 6a5cb75f-f7eb-4671-9a85-3b6f7898f6cc:c2161]
2019-08-28 21:29:38,076 | INFO  | DNAudit | user=null | ip=null | op=WRITE_CHUNK {blockData=conID: 1 locID: 102696732462744047 bcsId: 0} | ret=SUCCESS |  
2019-08-28 21:29:38,077 | INFO  | DNAudit | user=null | ip=null | op=WRITE_CHUNK {blockData=conID: 1 locID: 102696732462744047 bcsId: 0} | ret=SUCCESS |  
2019-08-28 21:29:38,077 [grpc-default-executor-6] INFO  client.GrpcClientProtocolClient (GrpcClientProtocolClient.java:onNext(255)) - client-05DA20D107F8->b461a7b0-028a-4eb5-b268-b89ac225aff8: receive RaftClientReply:client-05DA20D107F8->b461a7b0-028a-4eb5-b268-b89ac225aff8@group-0C8C0AA7542A, cid=1514, SUCCESS, logIndex=2163, commits[b461a7b0-028a-4eb5-b268-b89ac225aff8:c2165, b6ff45f5-67b8-463b-a273-c2e7d9dadd75:c2161, 6a5cb75f-f7eb-4671-9a85-3b6f7898f6cc:c2161]
2019-08-28 21:29:38,077 | INFO  | DNAudit | user=null | ip=null | op=PUT_BLOCK {blockData=[blockId=conID: 1 locID: 102696732462744047 bcsId: 0,size=2097152]} | ret=SUCCESS |  
2019-08-28 21:29:38,077 [grpc-default-executor-6] INFO  client.GrpcClientProtocolClient (GrpcClientProtocolClient.java:onNext(255)) - client-05DA20D107F8->b461a7b0-028a-4eb5-b268-b89ac225aff8: receive RaftClientReply:client-05DA20D107F8->b461a7b0-028a-4eb5-b268-b89ac225aff8@group-0C8C0AA7542A, cid=1515, SUCCESS, logIndex=2164, commits[b461a7b0-028a-4eb5-b268-b89ac225aff8:c2165, b6ff45f5-67b8-463b-a273-c2e7d9dadd75:c2161, 6a5cb75f-f7eb-4671-9a85-3b6f7898f6cc:c2161]
2019-08-28 21:29:38,077 [grpc-default-executor-6] INFO  client.GrpcClientProtocolClient (GrpcClientProtocolClient.java:onNext(255)) - client-05DA20D107F8->b461a7b0-028a-4eb5-b268-b89ac225aff8: receive RaftClientReply:client-05DA20D107F8->b461a7b0-028a-4eb5-b268-b89ac225aff8@group-0C8C0AA7542A, cid=1516, SUCCESS, logIndex=2165, commits[b461a7b0-028a-4eb5-b268-b89ac225aff8:c2166, b6ff45f5-67b8-463b-a273-c2e7d9dadd75:c2162, 6a5cb75f-f7eb-4671-9a85-3b6f7898f6cc:c2161]
2019-08-28 21:29:38,078 | INFO  | DNAudit | user=null | ip=null | op=WRITE_CHUNK {blockData=conID: 1 locID: 102696732462744047 bcsId: 0} | ret=SUCCESS |  
2019-08-28 21:29:38,078 | INFO  | DNAudit | user=null | ip=null | op=PUT_BLOCK {blockData=[blockId=conID: 1 locID: 102696732462744047 bcsId: 0,size=1048576]} | ret=SUCCESS |  
2019-08-28 21:29:38,078 | INFO  | DNAudit | user=null | ip=null | op=PUT_BLOCK {blockData=[blockId=conID: 1 locID: 102696732462744047 bcsId: 0,size=1048576]} | ret=SUCCESS |  
2019-08-28 21:29:38,078 | INFO  | DNAudit | user=null | ip=null | op=WRITE_CHUNK {blockData=conID: 1 locID: 102696732462744047 bcsId: 0} | ret=SUCCESS |  
2019-08-28 21:29:38,078 | INFO  | DNAudit | user=null | ip=null | op=PUT_BLOCK {blockData=[blockId=conID: 1 locID: 102696732462744047 bcsId: 0,size=2097152]} | ret=SUCCESS |  
2019-08-28 21:29:38,078 [grpc-default-executor-6] INFO  client.GrpcClientProtocolClient (GrpcClientProtocolClient.java:onNext(255)) - client-05DA20D107F8->b461a7b0-028a-4eb5-b268-b89ac225aff8: receive RaftClientReply:client-05DA20D107F8->b461a7b0-028a-4eb5-b268-b89ac225aff8@group-0C8C0AA7542A, cid=1517, SUCCESS, logIndex=0, commits[b461a7b0-028a-4eb5-b268-b89ac225aff8:c2166, b6ff45f5-67b8-463b-a273-c2e7d9dadd75:c2163, 6a5cb75f-f7eb-4671-9a85-3b6f7898f6cc:c2163]
2019-08-28 21:29:38,079 | INFO  | DNAudit | user=null | ip=null | op=WRITE_CHUNK {blockData=conID: 1 locID: 102696732462744047 bcsId: 0} | ret=SUCCESS |  
2019-08-28 21:29:38,079 | INFO  | DNAudit | user=null | ip=null | op=PUT_BLOCK {blockData=[blockId=conID: 1 locID: 102696732462744047 bcsId: 0,size=2097152]} | ret=SUCCESS |  
2019-08-28 21:29:38,085 | INFO  | DNAudit | user=null | ip=null | op=WRITE_CHUNK {blockData=conID: 1 locID: 102696732462744047 bcsId: 2165} | ret=SUCCESS |  
2019-08-28 21:29:38,087 | INFO  | DNAudit | user=null | ip=null | op=WRITE_CHUNK {blockData=conID: 1 locID: 102696732462744047 bcsId: 2165} | ret=SUCCESS |  
2019-08-28 21:29:38,088 | INFO  | DNAudit | user=null | ip=null | op=WRITE_CHUNK {blockData=conID: 1 locID: 102696732462744047 bcsId: 2165} | ret=SUCCESS |  
2019-08-28 21:29:38,092 | INFO  | DNAudit | user=null | ip=null | op=WRITE_CHUNK {blockData=conID: 1 locID: 102696732462744047 bcsId: 2165} | ret=SUCCESS |  
2019-08-28 21:29:38,092 | INFO  | DNAudit | user=null | ip=null | op=PUT_BLOCK {blockData=[blockId=conID: 1 locID: 102696732462744047 bcsId: 0,size=3145728]} | ret=SUCCESS |  
2019-08-28 21:29:38,092 [grpc-default-executor-5] INFO  client.GrpcClientProtocolClient (GrpcClientProtocolClient.java:onNext(255)) - client-05DA20D107F8->b461a7b0-028a-4eb5-b268-b89ac225aff8: receive RaftClientReply:client-05DA20D107F8->b461a7b0-028a-4eb5-b268-b89ac225aff8@group-0C8C0AA7542A, cid=1518, SUCCESS, logIndex=2169, commits[b461a7b0-028a-4eb5-b268-b89ac225aff8:c2170, b6ff45f5-67b8-463b-a273-c2e7d9dadd75:c2168, 6a5cb75f-f7eb-4671-9a85-3b6f7898f6cc:c2168]
2019-08-28 21:29:38,093 [grpc-default-executor-5] INFO  client.GrpcClientProtocolClient (GrpcClientProtocolClient.java:onNext(255)) - client-05DA20D107F8->b461a7b0-028a-4eb5-b268-b89ac225aff8: receive RaftClientReply:client-05DA20D107F8->b461a7b0-028a-4eb5-b268-b89ac225aff8@group-0C8C0AA7542A, cid=1519, SUCCESS, logIndex=2170, commits[b461a7b0-028a-4eb5-b268-b89ac225aff8:c2170, b6ff45f5-67b8-463b-a273-c2e7d9dadd75:c2168, 6a5cb75f-f7eb-4671-9a85-3b6f7898f6cc:c2168]
 0.00% |█                                                                                                    |  0/1 Time: 0:00:142019-08-28 21:29:38,099 | INFO  | DNAudit | user=null | ip=null | op=WRITE_CHUNK {blockData=conID: 1 locID: 102696732462744047 bcsId: 2170} | ret=SUCCESS |  
2019-08-28 21:29:38,101 | INFO  | DNAudit | user=null | ip=null | op=WRITE_CHUNK {blockData=conID: 1 locID: 102696732462744047 bcsId: 2170} | ret=SUCCESS |  
2019-08-28 21:29:38,102 | INFO  | DNAudit | user=null | ip=null | op=WRITE_CHUNK {blockData=conID: 1 locID: 102696732462744047 bcsId: 2170} | ret=SUCCESS |  
2019-08-28 21:29:38,105 | INFO  | DNAudit | user=null | ip=null | op=WRITE_CHUNK {blockData=conID: 1 locID: 102696732462744047 bcsId: 2165} | ret=SUCCESS |  
2019-08-28 21:29:38,105 | INFO  | DNAudit | user=null | ip=null | op=WRITE_CHUNK {blockData=conID: 1 locID: 102696732462744047 bcsId: 2165} | ret=SUCCESS |  
2019-08-28 21:29:38,106 | INFO  | DNAudit | user=null | ip=null | op=PUT_BLOCK {blockData=[blockId=conID: 1 locID: 102696732462744047 bcsId: 0,size=3145728]} | ret=SUCCESS |  
2019-08-28 21:29:38,106 | INFO  | DNAudit | user=null | ip=null | op=PUT_BLOCK {blockData=[blockId=conID: 1 locID: 102696732462744047 bcsId: 0,size=3145728]} | ret=SUCCESS |  
2019-08-28 21:29:38,106 | INFO  | DNAudit | user=null | ip=null | op=WRITE_CHUNK {blockData=conID: 1 locID: 102696732462744047 bcsId: 2170} | ret=SUCCESS |  
2019-08-28 21:29:38,107 | INFO  | DNAudit | user=null | ip=null | op=PUT_BLOCK {blockData=[blockId=conID: 1 locID: 102696732462744047 bcsId: 0,size=4194304]} | ret=SUCCESS |  
2019-08-28 21:29:38,107 [grpc-default-executor-2] INFO  client.GrpcClientProtocolClient (GrpcClientProtocolClient.java:onNext(255)) - client-05DA20D107F8->b461a7b0-028a-4eb5-b268-b89ac225aff8: receive RaftClientReply:client-05DA20D107F8->b461a7b0-028a-4eb5-b268-b89ac225aff8@group-0C8C0AA7542A, cid=1520, SUCCESS, logIndex=2173, commits[b461a7b0-028a-4eb5-b268-b89ac225aff8:c2174, b6ff45f5-67b8-463b-a273-c2e7d9dadd75:c2170, 6a5cb75f-f7eb-4671-9a85-3b6f7898f6cc:c2170]
2019-08-28 21:29:38,108 [grpc-default-executor-2] INFO  client.GrpcClientProtocolClient (GrpcClientProtocolClient.java:onNext(255)) - client-05DA20D107F8->b461a7b0-028a-4eb5-b268-b89ac225aff8: receive RaftClientReply:client-05DA20D107F8->b461a7b0-028a-4eb5-b268-b89ac225aff8@group-0C8C0AA7542A, cid=1521, SUCCESS, logIndex=2174, commits[b461a7b0-028a-4eb5-b268-b89ac225aff8:c2174, b6ff45f5-67b8-463b-a273-c2e7d9dadd75:c2170, 6a5cb75f-f7eb-4671-9a85-3b6f7898f6cc:c2170]
2019-08-28 21:29:38,119 | INFO  | DNAudit | user=null | ip=null | op=WRITE_CHUNK {blockData=conID: 1 locID: 102696732462744047 bcsId: 2170} | ret=SUCCESS |  
2019-08-28 21:29:38,119 | INFO  | DNAudit | user=null | ip=null | op=WRITE_CHUNK {blockData=conID: 1 locID: 102696732462744047 bcsId: 2170} | ret=SUCCESS |  
2019-08-28 21:29:38,120 | INFO  | DNAudit | user=null | ip=null | op=PUT_BLOCK {blockData=[blockId=conID: 1 locID: 102696732462744047 bcsId: 0,size=4194304]} | ret=SUCCESS |  
2019-08-28 21:29:38,120 | INFO  | DNAudit | user=null | ip=null | op=PUT_BLOCK {blockData=[blockId=conID: 1 locID: 102696732462744047 bcsId: 0,size=4194304]} | ret=SUCCESS |  
2019-08-28 21:29:38,120 [grpc-default-executor-2] INFO  client.GrpcClientProtocolClient (GrpcClientProtocolClient.java:onNext(255)) - client-05DA20D107F8->b461a7b0-028a-4eb5-b268-b89ac225aff8: receive RaftClientReply:client-05DA20D107F8->b461a7b0-028a-4eb5-b268-b89ac225aff8@group-0C8C0AA7542A, cid=1522, SUCCESS, logIndex=0, commits[b461a7b0-028a-4eb5-b268-b89ac225aff8:c2176, b6ff45f5-67b8-463b-a273-c2e7d9dadd75:c2174, 6a5cb75f-f7eb-4671-9a85-3b6f7898f6cc:c2174]
2019-08-28 21:29:38,124 | INFO  | SCMAudit | user=jenkins1000 | ip=127.0.0.1 | op=ALLOCATE_BLOCK {owner=a0140aad-a474-4492-a39d-25bd6167d9f0, size=4194304, type=RATIS, factor=THREE} | ret=SUCCESS |  
2019-08-28 21:29:38,126 | INFO  | OMAudit | user=jenkins1000 | ip=127.0.0.1 | op=ALLOCATE_BLOCK {volume=vol-0-08922, bucket=bucket-0-29862, key=key-0-31337, dataSize=0, replicationType=null, replicationFactor=null, keyLocationInfo=null, clientID=102696731548516754} | ret=SUCCESS |  
2019-08-28 21:29:38,133 | INFO  | DNAudit | user=null | ip=null | op=WRITE_CHUNK {blockData=conID: 2 locID: 102696732467069424 bcsId: 0} | ret=SUCCESS |  
2019-08-28 21:29:38,135 | INFO  | DNAudit | user=null | ip=null | op=WRITE_CHUNK {blockData=conID: 2 locID: 102696732467069424 bcsId: 0} | ret=SUCCESS |  
2019-08-28 21:29:38,135 | INFO  | DNAudit | user=null | ip=null | op=WRITE_CHUNK {blockData=conID: 2 locID: 102696732467069424 bcsId: 0} | ret=SUCCESS |  
2019-08-28 21:29:38,135 | INFO  | DNAudit | user=null | ip=null | op=WRITE_CHUNK {blockData=conID: 2 locID: 102696732467069424 bcsId: 0} | ret=SUCCESS |  
2019-08-28 21:29:38,137 | INFO  | DNAudit | user=null | ip=null | op=WRITE_CHUNK {blockData=conID: 2 locID: 102696732467069424 bcsId: 0} | ret=SUCCESS |  
2019-08-28 21:29:38,137 | INFO  | DNAudit | user=null | ip=null | op=WRITE_CHUNK {blockData=conID: 2 locID: 102696732467069424 bcsId: 0} | ret=SUCCESS |  
2019-08-28 21:29:38,151 | INFO  | DNAudit | user=null | ip=null | op=WRITE_CHUNK {blockData=conID: 2 locID: 102696732467069424 bcsId: 0} | ret=SUCCESS |  
2019-08-28 21:29:38,151 | INFO  | DNAudit | user=null | ip=null | op=PUT_BLOCK {blockData=[blockId=conID: 2 locID: 102696732467069424 bcsId: 0,size=1048576]} | ret=SUCCESS |  
2019-08-28 21:29:38,151 [grpc-default-executor-5] INFO  client.GrpcClientProtocolClient (GrpcClientProtocolClient.java:onNext(255)) - client-05DA20D107F8->b461a7b0-028a-4eb5-b268-b89ac225aff8: receive RaftClientReply:client-05DA20D107F8->b461a7b0-028a-4eb5-b268-b89ac225aff8@group-0C8C0AA7542A, cid=1523, SUCCESS, logIndex=2177, commits[b461a7b0-028a-4eb5-b268-b89ac225aff8:c2178, b6ff45f5-67b8-463b-a273-c2e7d9dadd75:c2176, 6a5cb75f-f7eb-4671-9a85-3b6f7898f6cc:c2176]
2019-08-28 21:29:38,152 | INFO  | DNAudit | user=null | ip=null | op=WRITE_CHUNK {blockData=conID: 2 locID: 102696732467069424 bcsId: 0} | ret=SUCCESS |  
2019-08-28 21:29:38,152 | INFO  | DNAudit | user=null | ip=null | op=PUT_BLOCK {blockData=[blockId=conID: 2 locID: 102696732467069424 bcsId: 0,size=2097152]} | ret=SUCCESS |  
2019-08-28 21:29:38,152 [grpc-default-executor-2] INFO  client.GrpcClientProtocolClient (GrpcClientProtocolClient.java:onNext(255)) - client-05DA20D107F8->b461a7b0-028a-4eb5-b268-b89ac225aff8: receive RaftClientReply:client-05DA20D107F8->b461a7b0-028a-4eb5-b268-b89ac225aff8@group-0C8C0AA7542A, cid=1524, SUCCESS, logIndex=2178, commits[b461a7b0-028a-4eb5-b268-b89ac225aff8:c2178, b6ff45f5-67b8-463b-a273-c2e7d9dadd75:c2176, 6a5cb75f-f7eb-4671-9a85-3b6f7898f6cc:c2176]
2019-08-28 21:29:38,153 | INFO  | DNAudit | user=null | ip=null | op=WRITE_CHUNK {blockData=conID: 2 locID: 102696732467069424 bcsId: 0} | ret=SUCCESS |  
2019-08-28 21:29:38,153 [grpc-default-executor-2] INFO  client.GrpcClientProtocolClient (GrpcClientProtocolClient.java:onNext(255)) - client-05DA20D107F8->b461a7b0-028a-4eb5-b268-b89ac225aff8: receive RaftClientReply:client-05DA20D107F8->b461a7b0-028a-4eb5-b268-b89ac225aff8@group-0C8C0AA7542A, cid=1525, SUCCESS, logIndex=2179, commits[b461a7b0-028a-4eb5-b268-b89ac225aff8:c2180, b6ff45f5-67b8-463b-a273-c2e7d9dadd75:c2176, 6a5cb75f-f7eb-4671-9a85-3b6f7898f6cc:c2176]
2019-08-28 21:29:38,153 | INFO  | DNAudit | user=null | ip=null | op=PUT_BLOCK {blockData=[blockId=conID: 2 locID: 102696732467069424 bcsId: 0,size=1048576]} | ret=SUCCESS |  
2019-08-28 21:29:38,153 [grpc-default-executor-3] INFO  client.GrpcClientProtocolClient (GrpcClientProtocolClient.java:onNext(255)) - client-05DA20D107F8->b461a7b0-028a-4eb5-b268-b89ac225aff8: receive RaftClientReply:client-05DA20D107F8->b461a7b0-028a-4eb5-b268-b89ac225aff8@group-0C8C0AA7542A, cid=1526, SUCCESS, logIndex=2180, commits[b461a7b0-028a-4eb5-b268-b89ac225aff8:c2180, b6ff45f5-67b8-463b-a273-c2e7d9dadd75:c2176, 6a5cb75f-f7eb-4671-9a85-3b6f7898f6cc:c2176]
2019-08-28 21:29:38,153 | INFO  | DNAudit | user=null | ip=null | op=WRITE_CHUNK {blockData=conID: 2 locID: 102696732467069424 bcsId: 0} | ret=SUCCESS |  
2019-08-28 21:29:38,153 | INFO  | DNAudit | user=null | ip=null | op=PUT_BLOCK {blockData=[blockId=conID: 2 locID: 102696732467069424 bcsId: 0,size=1048576]} | ret=SUCCESS |  
2019-08-28 21:29:38,154 | INFO  | DNAudit | user=null | ip=null | op=WRITE_CHUNK {blockData=conID: 2 locID: 102696732467069424 bcsId: 0} | ret=SUCCESS |  
2019-08-28 21:29:38,154 [grpc-default-executor-3] INFO  client.GrpcClientProtocolClient (GrpcClientProtocolClient.java:onNext(255)) - client-05DA20D107F8->b461a7b0-028a-4eb5-b268-b89ac225aff8: receive RaftClientReply:client-05DA20D107F8->b461a7b0-028a-4eb5-b268-b89ac225aff8@group-0C8C0AA7542A, cid=1527, SUCCESS, logIndex=0, commits[b461a7b0-028a-4eb5-b268-b89ac225aff8:c2182, b6ff45f5-67b8-463b-a273-c2e7d9dadd75:c2178, 6a5cb75f-f7eb-4671-9a85-3b6f7898f6cc:c2178]
2019-08-28 21:29:38,154 | INFO  | DNAudit | user=null | ip=null | op=PUT_BLOCK {blockData=[blockId=conID: 2 locID: 102696732467069424 bcsId: 0,size=2097152]} | ret=SUCCESS |  
2019-08-28 21:29:38,154 | INFO  | DNAudit | user=null | ip=null | op=WRITE_CHUNK {blockData=conID: 2 locID: 102696732467069424 bcsId: 0} | ret=SUCCESS |  
2019-08-28 21:29:38,155 | INFO  | DNAudit | user=null | ip=null | op=PUT_BLOCK {blockData=[blockId=conID: 2 locID: 102696732467069424 bcsId: 0,size=2097152]} | ret=SUCCESS |  
2019-08-28 21:29:38,160 | INFO  | DNAudit | user=null | ip=null | op=WRITE_CHUNK {blockData=conID: 2 locID: 102696732467069424 bcsId: 2180} | ret=SUCCESS |  
2019-08-28 21:29:38,162 | INFO  | DNAudit | user=null | ip=null | op=WRITE_CHUNK {blockData=conID: 2 locID: 102696732467069424 bcsId: 2180} | ret=SUCCESS |  
2019-08-28 21:29:38,162 | INFO  | DNAudit | user=null | ip=null | op=WRITE_CHUNK {blockData=conID: 2 locID: 102696732467069424 bcsId: 2180} | ret=SUCCESS |  
2019-08-28 21:29:38,179 | INFO  | DNAudit | user=null | ip=null | op=WRITE_CHUNK {blockData=conID: 2 locID: 102696732467069424 bcsId: 2180} | ret=SUCCESS |  
2019-08-28 21:29:38,180 | INFO  | DNAudit | user=null | ip=null | op=PUT_BLOCK {blockData=[blockId=conID: 2 locID: 102696732467069424 bcsId: 0,size=3145728]} | ret=SUCCESS |  
2019-08-28 21:29:38,180 [grpc-default-executor-5] INFO  client.GrpcClientProtocolClient (GrpcClientProtocolClient.java:onNext(255)) - client-05DA20D107F8->b461a7b0-028a-4eb5-b268-b89ac225aff8: receive RaftClientReply:client-05DA20D107F8->b461a7b0-028a-4eb5-b268-b89ac225aff8@group-0C8C0AA7542A, cid=1528, SUCCESS, logIndex=2185, commits[b461a7b0-028a-4eb5-b268-b89ac225aff8:c2186, b6ff45f5-67b8-463b-a273-c2e7d9dadd75:c2184, 6a5cb75f-f7eb-4671-9a85-3b6f7898f6cc:c2184]
2019-08-28 21:29:38,180 [grpc-default-executor-5] INFO  client.GrpcClientProtocolClient (GrpcClientProtocolClient.java:onNext(255)) - client-05DA20D107F8->b461a7b0-028a-4eb5-b268-b89ac225aff8: receive RaftClientReply:client-05DA20D107F8->b461a7b0-028a-4eb5-b268-b89ac225aff8@group-0C8C0AA7542A, cid=1529, SUCCESS, logIndex=2186, commits[b461a7b0-028a-4eb5-b268-b89ac225aff8:c2186, b6ff45f5-67b8-463b-a273-c2e7d9dadd75:c2184, 6a5cb75f-f7eb-4671-9a85-3b6f7898f6cc:c2184]
2019-08-28 21:29:38,186 | INFO  | DNAudit | user=null | ip=null | op=WRITE_CHUNK {blockData=conID: 2 locID: 102696732467069424 bcsId: 2186} | ret=SUCCESS |  
2019-08-28 21:29:38,188 | INFO  | DNAudit | user=null | ip=null | op=WRITE_CHUNK {blockData=conID: 2 locID: 102696732467069424 bcsId: 2186} | ret=SUCCESS |  
2019-08-28 21:29:38,188 | INFO  | DNAudit | user=null | ip=null | op=WRITE_CHUNK {blockData=conID: 2 locID: 102696732467069424 bcsId: 2186} | ret=SUCCESS |  
2019-08-28 21:29:38,190 | INFO  | DNAudit | user=null | ip=null | op=WRITE_CHUNK {blockData=conID: 2 locID: 102696732467069424 bcsId: 2180} | ret=SUCCESS |  
2019-08-28 21:29:38,190 | INFO  | DNAudit | user=null | ip=null | op=WRITE_CHUNK {blockData=conID: 2 locID: 102696732467069424 bcsId: 2180} | ret=SUCCESS |  
2019-08-28 21:29:38,190 | INFO  | DNAudit | user=null | ip=null | op=PUT_BLOCK {blockData=[blockId=conID: 2 locID: 102696732467069424 bcsId: 0,size=3145728]} | ret=SUCCESS |  
2019-08-28 21:29:38,190 | INFO  | DNAudit | user=null | ip=null | op=PUT_BLOCK {blockData=[blockId=conID: 2 locID: 102696732467069424 bcsId: 0,size=3145728]} | ret=SUCCESS |  
2019-08-28 21:29:38,196 | INFO  | DNAudit | user=null | ip=null | op=WRITE_CHUNK {blockData=conID: 2 locID: 102696732467069424 bcsId: 2186} | ret=SUCCESS |  
2019-08-28 21:29:38,196 | INFO  | DNAudit | user=null | ip=null | op=PUT_BLOCK {blockData=[blockId=conID: 2 locID: 102696732467069424 bcsId: 0,size=4194304]} | ret=SUCCESS |  
2019-08-28 21:29:38,197 [grpc-default-executor-2] INFO  client.GrpcClientProtocolClient (GrpcClientProtocolClient.java:onNext(255)) - client-05DA20D107F8->b461a7b0-028a-4eb5-b268-b89ac225aff8: receive RaftClientReply:client-05DA20D107F8->b461a7b0-028a-4eb5-b268-b89ac225aff8@group-0C8C0AA7542A, cid=1530, SUCCESS, logIndex=2189, commits[b461a7b0-028a-4eb5-b268-b89ac225aff8:c2190, b6ff45f5-67b8-463b-a273-c2e7d9dadd75:c2186, 6a5cb75f-f7eb-4671-9a85-3b6f7898f6cc:c2186]
2019-08-28 21:29:38,197 [grpc-default-executor-2] INFO  client.GrpcClientProtocolClient (GrpcClientProtocolClient.java:onNext(255)) - client-05DA20D107F8->b461a7b0-028a-4eb5-b268-b89ac225aff8: receive RaftClientReply:client-05DA20D107F8->b461a7b0-028a-4eb5-b268-b89ac225aff8@group-0C8C0AA7542A, cid=1531, SUCCESS, logIndex=2190, commits[b461a7b0-028a-4eb5-b268-b89ac225aff8:c2190, b6ff45f5-67b8-463b-a273-c2e7d9dadd75:c2186, 6a5cb75f-f7eb-4671-9a85-3b6f7898f6cc:c2186]
2019-08-28 21:29:38,204 | INFO  | DNAudit | user=null | ip=null | op=WRITE_CHUNK {blockData=conID: 2 locID: 102696732467069424 bcsId: 2186} | ret=SUCCESS |  
2019-08-28 21:29:38,204 | INFO  | DNAudit | user=null | ip=null | op=WRITE_CHUNK {blockData=conID: 2 locID: 102696732467069424 bcsId: 2186} | ret=SUCCESS |  
2019-08-28 21:29:38,205 | INFO  | DNAudit | user=null | ip=null | op=PUT_BLOCK {blockData=[blockId=conID: 2 locID: 102696732467069424 bcsId: 0,size=4194304]} | ret=SUCCESS |  
2019-08-28 21:29:38,205 | INFO  | DNAudit | user=null | ip=null | op=PUT_BLOCK {blockData=[blockId=conID: 2 locID: 102696732467069424 bcsId: 0,size=4194304]} | ret=SUCCESS |  
2019-08-28 21:29:38,205 [grpc-default-executor-2] INFO  client.GrpcClientProtocolClient (GrpcClientProtocolClient.java:onNext(255)) - client-05DA20D107F8->b461a7b0-028a-4eb5-b268-b89ac225aff8: receive RaftClientReply:client-05DA20D107F8->b461a7b0-028a-4eb5-b268-b89ac225aff8@group-0C8C0AA7542A, cid=1532, SUCCESS, logIndex=0, commits[b461a7b0-028a-4eb5-b268-b89ac225aff8:c2192, b6ff45f5-67b8-463b-a273-c2e7d9dadd75:c2190, 6a5cb75f-f7eb-4671-9a85-3b6f7898f6cc:c2190]
2019-08-28 21:29:38,210 | INFO  | SCMAudit | user=jenkins1000 | ip=127.0.0.1 | op=ALLOCATE_BLOCK {owner=a0140aad-a474-4492-a39d-25bd6167d9f0, size=4194304, type=RATIS, factor=THREE} | ret=SUCCESS |  
2019-08-28 21:29:38,212 | INFO  | OMAudit | user=jenkins1000 | ip=127.0.0.1 | op=ALLOCATE_BLOCK {volume=vol-0-08922, bucket=bucket-0-29862, key=key-0-31337, dataSize=0, replicationType=null, replicationFactor=null, keyLocationInfo=null, clientID=102696731548516754} | ret=SUCCESS |  
2019-08-28 21:29:38,219 | INFO  | DNAudit | user=null | ip=null | op=WRITE_CHUNK {blockData=conID: 3 locID: 102696732472705521 bcsId: 0} | ret=SUCCESS |  
2019-08-28 21:29:38,221 | INFO  | DNAudit | user=null | ip=null | op=WRITE_CHUNK {blockData=conID: 3 locID: 102696732472705521 bcsId: 0} | ret=SUCCESS |  
2019-08-28 21:29:38,221 | INFO  | DNAudit | user=null | ip=null | op=WRITE_CHUNK {blockData=conID: 3 locID: 102696732472705521 bcsId: 0} | ret=SUCCESS |  
2019-08-28 21:29:38,222 | INFO  | DNAudit | user=null | ip=null | op=WRITE_CHUNK {blockData=conID: 3 locID: 102696732472705521 bcsId: 0} | ret=SUCCESS |  
2019-08-28 21:29:38,223 | INFO  | DNAudit | user=null | ip=null | op=WRITE_CHUNK {blockData=conID: 3 locID: 102696732472705521 bcsId: 0} | ret=SUCCESS |  
2019-08-28 21:29:38,223 | INFO  | DNAudit | user=null | ip=null | op=WRITE_CHUNK {blockData=conID: 3 locID: 102696732472705521 bcsId: 0} | ret=SUCCESS |  
2019-08-28 21:29:38,227 | INFO  | DNAudit | user=null | ip=null | op=WRITE_CHUNK {blockData=conID: 3 locID: 102696732472705521 bcsId: 0} | ret=SUCCESS |  
2019-08-28 21:29:38,228 | INFO  | DNAudit | user=null | ip=null | op=PUT_BLOCK {blockData=[blockId=conID: 3 locID: 102696732472705521 bcsId: 0,size=1048576]} | ret=SUCCESS |  
2019-08-28 21:29:38,228 [grpc-default-executor-2] INFO  client.GrpcClientProtocolClient (GrpcClientProtocolClient.java:onNext(255)) - client-05DA20D107F8->b461a7b0-028a-4eb5-b268-b89ac225aff8: receive RaftClientReply:client-05DA20D107F8->b461a7b0-028a-4eb5-b268-b89ac225aff8@group-0C8C0AA7542A, cid=1533, SUCCESS, logIndex=2193, commits[b461a7b0-028a-4eb5-b268-b89ac225aff8:c2194, b6ff45f5-67b8-463b-a273-c2e7d9dadd75:c2192, 6a5cb75f-f7eb-4671-9a85-3b6f7898f6cc:c2192]
2019-08-28 21:29:38,228 | INFO  | DNAudit | user=null | ip=null | op=WRITE_CHUNK {blockData=conID: 3 locID: 102696732472705521 bcsId: 0} | ret=SUCCESS |  
2019-08-28 21:29:38,229 [grpc-default-executor-5] INFO  client.GrpcClientProtocolClient (GrpcClientProtocolClient.java:onNext(255)) - client-05DA20D107F8->b461a7b0-028a-4eb5-b268-b89ac225aff8: receive RaftClientReply:client-05DA20D107F8->b461a7b0-028a-4eb5-b268-b89ac225aff8@group-0C8C0AA7542A, cid=1534, SUCCESS, logIndex=2194, commits[b461a7b0-028a-4eb5-b268-b89ac225aff8:c2195, b6ff45f5-67b8-463b-a273-c2e7d9dadd75:c2192, 6a5cb75f-f7eb-4671-9a85-3b6f7898f6cc:c2192]
2019-08-28 21:29:38,229 | INFO  | DNAudit | user=null | ip=null | op=PUT_BLOCK {blockData=[blockId=conID: 3 locID: 102696732472705521 bcsId: 0,size=2097152]} | ret=SUCCESS |  
2019-08-28 21:29:38,229 [grpc-default-executor-5] INFO  client.GrpcClientProtocolClient (GrpcClientProtocolClient.java:onNext(255)) - client-05DA20D107F8->b461a7b0-028a-4eb5-b268-b89ac225aff8: receive RaftClientReply:client-05DA20D107F8->b461a7b0-028a-4eb5-b268-b89ac225aff8@group-0C8C0AA7542A, cid=1535, SUCCESS, logIndex=2195, commits[b461a7b0-028a-4eb5-b268-b89ac225aff8:c2196, b6ff45f5-67b8-463b-a273-c2e7d9dadd75:c2192, 6a5cb75f-f7eb-4671-9a85-3b6f7898f6cc:c2192]
2019-08-28 21:29:38,229 | INFO  | DNAudit | user=null | ip=null | op=WRITE_CHUNK {blockData=conID: 3 locID: 102696732472705521 bcsId: 0} | ret=SUCCESS |  
2019-08-28 21:29:38,229 | INFO  | DNAudit | user=null | ip=null | op=PUT_BLOCK {blockData=[blockId=conID: 3 locID: 102696732472705521 bcsId: 0,size=1048576]} | ret=SUCCESS |  
2019-08-28 21:29:38,229 [grpc-default-executor-3] INFO  client.GrpcClientProtocolClient (GrpcClientProtocolClient.java:onNext(255)) - client-05DA20D107F8->b461a7b0-028a-4eb5-b268-b89ac225aff8: receive RaftClientReply:client-05DA20D107F8->b461a7b0-028a-4eb5-b268-b89ac225aff8@group-0C8C0AA7542A, cid=1536, SUCCESS, logIndex=2196, commits[b461a7b0-028a-4eb5-b268-b89ac225aff8:c2196, b6ff45f5-67b8-463b-a273-c2e7d9dadd75:c2192, 6a5cb75f-f7eb-4671-9a85-3b6f7898f6cc:c2192]
2019-08-28 21:29:38,230 | INFO  | DNAudit | user=null | ip=null | op=WRITE_CHUNK {blockData=conID: 3 locID: 102696732472705521 bcsId: 0} | ret=SUCCESS |  
2019-08-28 21:29:38,230 | INFO  | DNAudit | user=null | ip=null | op=PUT_BLOCK {blockData=[blockId=conID: 3 locID: 102696732472705521 bcsId: 0,size=1048576]} | ret=SUCCESS |  
2019-08-28 21:29:38,230 | INFO  | DNAudit | user=null | ip=null | op=WRITE_CHUNK {blockData=conID: 3 locID: 102696732472705521 bcsId: 0} | ret=SUCCESS |  
2019-08-28 21:29:38,231 | INFO  | DNAudit | user=null | ip=null | op=PUT_BLOCK {blockData=[blockId=conID: 3 locID: 102696732472705521 bcsId: 0,size=2097152]} | ret=SUCCESS |  
2019-08-28 21:29:38,231 [grpc-default-executor-3] INFO  client.GrpcClientProtocolClient (GrpcClientProtocolClient.java:onNext(255)) - client-05DA20D107F8->b461a7b0-028a-4eb5-b268-b89ac225aff8: receive RaftClientReply:client-05DA20D107F8->b461a7b0-028a-4eb5-b268-b89ac225aff8@group-0C8C0AA7542A, cid=1537, SUCCESS, logIndex=0, commits[b461a7b0-028a-4eb5-b268-b89ac225aff8:c2198, b6ff45f5-67b8-463b-a273-c2e7d9dadd75:c2194, 6a5cb75f-f7eb-4671-9a85-3b6f7898f6cc:c2194]
2019-08-28 21:29:38,231 | INFO  | DNAudit | user=null | ip=null | op=WRITE_CHUNK {blockData=conID: 3 locID: 102696732472705521 bcsId: 0} | ret=SUCCESS |  
2019-08-28 21:29:38,231 | INFO  | DNAudit | user=null | ip=null | op=PUT_BLOCK {blockData=[blockId=conID: 3 locID: 102696732472705521 bcsId: 0,size=2097152]} | ret=SUCCESS |  
2019-08-28 21:29:38,236 | INFO  | DNAudit | user=null | ip=null | op=WRITE_CHUNK {blockData=conID: 3 locID: 102696732472705521 bcsId: 2196} | ret=SUCCESS |  
2019-08-28 21:29:38,238 | INFO  | DNAudit | user=null | ip=null | op=WRITE_CHUNK {blockData=conID: 3 locID: 102696732472705521 bcsId: 2196} | ret=SUCCESS |  
2019-08-28 21:29:38,238 | INFO  | DNAudit | user=null | ip=null | op=WRITE_CHUNK {blockData=conID: 3 locID: 102696732472705521 bcsId: 2196} | ret=SUCCESS |  
2019-08-28 21:29:38,241 | INFO  | DNAudit | user=null | ip=null | op=WRITE_CHUNK {blockData=conID: 3 locID: 102696732472705521 bcsId: 2196} | ret=SUCCESS |  
2019-08-28 21:29:38,242 | INFO  | DNAudit | user=null | ip=null | op=PUT_BLOCK {blockData=[blockId=conID: 3 locID: 102696732472705521 bcsId: 0,size=3145728]} | ret=SUCCESS |  
2019-08-28 21:29:38,242 [grpc-default-executor-2] INFO  client.GrpcClientProtocolClient (GrpcClientProtocolClient.java:onNext(255)) - client-05DA20D107F8->b461a7b0-028a-4eb5-b268-b89ac225aff8: receive RaftClientReply:client-05DA20D107F8->b461a7b0-028a-4eb5-b268-b89ac225aff8@group-0C8C0AA7542A, cid=1538, SUCCESS, logIndex=2201, commits[b461a7b0-028a-4eb5-b268-b89ac225aff8:c2202, b6ff45f5-67b8-463b-a273-c2e7d9dadd75:c2200, 6a5cb75f-f7eb-4671-9a85-3b6f7898f6cc:c2200]
2019-08-28 21:29:38,242 [grpc-default-executor-2] INFO  client.GrpcClientProtocolClient (GrpcClientProtocolClient.java:onNext(255)) - client-05DA20D107F8->b461a7b0-028a-4eb5-b268-b89ac225aff8: receive RaftClientReply:client-05DA20D107F8->b461a7b0-028a-4eb5-b268-b89ac225aff8@group-0C8C0AA7542A, cid=1539, SUCCESS, logIndex=2202, commits[b461a7b0-028a-4eb5-b268-b89ac225aff8:c2202, b6ff45f5-67b8-463b-a273-c2e7d9dadd75:c2200, 6a5cb75f-f7eb-4671-9a85-3b6f7898f6cc:c2200]
2019-08-28 21:29:38,247 | INFO  | DNAudit | user=null | ip=null | op=WRITE_CHUNK {blockData=conID: 3 locID: 102696732472705521 bcsId: 2202} | ret=SUCCESS |  
2019-08-28 21:29:38,249 | INFO  | DNAudit | user=null | ip=null | op=WRITE_CHUNK {blockData=conID: 3 locID: 102696732472705521 bcsId: 2202} | ret=SUCCESS |  
2019-08-28 21:29:38,250 | INFO  | DNAudit | user=null | ip=null | op=WRITE_CHUNK {blockData=conID: 3 locID: 102696732472705521 bcsId: 2202} | ret=SUCCESS |  
2019-08-28 21:29:38,251 | INFO  | DNAudit | user=null | ip=null | op=WRITE_CHUNK {blockData=conID: 3 locID: 102696732472705521 bcsId: 2196} | ret=SUCCESS |  
2019-08-28 21:29:38,251 | INFO  | DNAudit | user=null | ip=null | op=WRITE_CHUNK {blockData=conID: 3 locID: 102696732472705521 bcsId: 2196} | ret=SUCCESS |  
2019-08-28 21:29:38,252 | INFO  | DNAudit | user=null | ip=null | op=PUT_BLOCK {blockData=[blockId=conID: 3 locID: 102696732472705521 bcsId: 0,size=3145728]} | ret=SUCCESS |  
2019-08-28 21:29:38,252 | INFO  | DNAudit | user=null | ip=null | op=PUT_BLOCK {blockData=[blockId=conID: 3 locID: 102696732472705521 bcsId: 0,size=3145728]} | ret=SUCCESS |  
2019-08-28 21:29:38,252 | INFO  | DNAudit | user=null | ip=null | op=WRITE_CHUNK {blockData=conID: 3 locID: 102696732472705521 bcsId: 2202} | ret=SUCCESS |  
2019-08-28 21:29:38,253 | INFO  | DNAudit | user=null | ip=null | op=PUT_BLOCK {blockData=[blockId=conID: 3 locID: 102696732472705521 bcsId: 0,size=4194304]} | ret=SUCCESS |  
2019-08-28 21:29:38,253 [grpc-default-executor-3] INFO  client.GrpcClientProtocolClient (GrpcClientProtocolClient.java:onNext(255)) - client-05DA20D107F8->b461a7b0-028a-4eb5-b268-b89ac225aff8: receive RaftClientReply:client-05DA20D107F8->b461a7b0-028a-4eb5-b268-b89ac225aff8@group-0C8C0AA7542A, cid=1540, SUCCESS, logIndex=2205, commits[b461a7b0-028a-4eb5-b268-b89ac225aff8:c2206, b6ff45f5-67b8-463b-a273-c2e7d9dadd75:c2202, 6a5cb75f-f7eb-4671-9a85-3b6f7898f6cc:c2202]
2019-08-28 21:29:38,253 [grpc-default-executor-3] INFO  client.GrpcClientProtocolClient (GrpcClientProtocolClient.java:onNext(255)) - client-05DA20D107F8->b461a7b0-028a-4eb5-b268-b89ac225aff8: receive RaftClientReply:client-05DA20D107F8->b461a7b0-028a-4eb5-b268-b89ac225aff8@group-0C8C0AA7542A, cid=1541, SUCCESS, logIndex=2206, commits[b461a7b0-028a-4eb5-b268-b89ac225aff8:c2206, b6ff45f5-67b8-463b-a273-c2e7d9dadd75:c2202, 6a5cb75f-f7eb-4671-9a85-3b6f7898f6cc:c2202]
2019-08-28 21:29:38,265 | INFO  | DNAudit | user=null | ip=null | op=WRITE_CHUNK {blockData=conID: 3 locID: 102696732472705521 bcsId: 2202} | ret=SUCCESS |  
2019-08-28 21:29:38,265 | INFO  | DNAudit | user=null | ip=null | op=WRITE_CHUNK {blockData=conID: 3 locID: 102696732472705521 bcsId: 2202} | ret=SUCCESS |  
2019-08-28 21:29:38,267 | INFO  | DNAudit | user=null | ip=null | op=PUT_BLOCK {blockData=[blockId=conID: 3 locID: 102696732472705521 bcsId: 0,size=4194304]} | ret=SUCCESS |  
2019-08-28 21:29:38,267 | INFO  | DNAudit | user=null | ip=null | op=PUT_BLOCK {blockData=[blockId=conID: 3 locID: 102696732472705521 bcsId: 0,size=4194304]} | ret=SUCCESS |  
2019-08-28 21:29:38,268 [grpc-default-executor-6] INFO  client.GrpcClientProtocolClient (GrpcClientProtocolClient.java:onNext(255)) - client-05DA20D107F8->b461a7b0-028a-4eb5-b268-b89ac225aff8: receive RaftClientReply:client-05DA20D107F8->b461a7b0-028a-4eb5-b268-b89ac225aff8@group-0C8C0AA7542A, cid=1542, SUCCESS, logIndex=0, commits[b461a7b0-028a-4eb5-b268-b89ac225aff8:c2208, b6ff45f5-67b8-463b-a273-c2e7d9dadd75:c2206, 6a5cb75f-f7eb-4671-9a85-3b6f7898f6cc:c2206]
2019-08-28 21:29:38,271 | INFO  | SCMAudit | user=jenkins1000 | ip=127.0.0.1 | op=ALLOCATE_BLOCK {owner=a0140aad-a474-4492-a39d-25bd6167d9f0, size=4194304, type=RATIS, factor=THREE} | ret=SUCCESS |  
2019-08-28 21:29:38,273 | INFO  | OMAudit | user=jenkins1000 | ip=127.0.0.1 | op=ALLOCATE_BLOCK {volume=vol-0-08922, bucket=bucket-0-29862, key=key-0-31337, dataSize=0, replicationType=null, replicationFactor=null, keyLocationInfo=null, clientID=102696731548516754} | ret=SUCCESS |  
2019-08-28 21:29:38,279 | INFO  | DNAudit | user=null | ip=null | op=WRITE_CHUNK {blockData=conID: 1 locID: 102696732476768754 bcsId: 0} | ret=SUCCESS |  
2019-08-28 21:29:38,281 | INFO  | DNAudit | user=null | ip=null | op=WRITE_CHUNK {blockData=conID: 1 locID: 102696732476768754 bcsId: 0} | ret=SUCCESS |  
2019-08-28 21:29:38,281 | INFO  | DNAudit | user=null | ip=null | op=WRITE_CHUNK {blockData=conID: 1 locID: 102696732476768754 bcsId: 0} | ret=SUCCESS |  
2019-08-28 21:29:38,282 | INFO  | DNAudit | user=null | ip=null | op=WRITE_CHUNK {blockData=conID: 1 locID: 102696732476768754 bcsId: 0} | ret=SUCCESS |  
2019-08-28 21:29:38,282 | INFO  | DNAudit | user=null | ip=null | op=WRITE_CHUNK {blockData=conID: 1 locID: 102696732476768754 bcsId: 0} | ret=SUCCESS |  
2019-08-28 21:29:38,282 | INFO  | DNAudit | user=null | ip=null | op=WRITE_CHUNK {blockData=conID: 1 locID: 102696732476768754 bcsId: 0} | ret=SUCCESS |  
2019-08-28 21:29:38,300 | INFO  | DNAudit | user=null | ip=null | op=WRITE_CHUNK {blockData=conID: 1 locID: 102696732476768754 bcsId: 0} | ret=SUCCESS |  
2019-08-28 21:29:38,300 | INFO  | DNAudit | user=null | ip=null | op=PUT_BLOCK {blockData=[blockId=conID: 1 locID: 102696732476768754 bcsId: 0,size=1048576]} | ret=SUCCESS |  
2019-08-28 21:29:38,300 [grpc-default-executor-6] INFO  client.GrpcClientProtocolClient (GrpcClientProtocolClient.java:onNext(255)) - client-05DA20D107F8->b461a7b0-028a-4eb5-b268-b89ac225aff8: receive RaftClientReply:client-05DA20D107F8->b461a7b0-028a-4eb5-b268-b89ac225aff8@group-0C8C0AA7542A, cid=1543, SUCCESS, logIndex=2209, commits[b461a7b0-028a-4eb5-b268-b89ac225aff8:c2211, b6ff45f5-67b8-463b-a273-c2e7d9dadd75:c2208, 6a5cb75f-f7eb-4671-9a85-3b6f7898f6cc:c2208]
2019-08-28 21:29:38,300 | INFO  | DNAudit | user=null | ip=null | op=WRITE_CHUNK {blockData=conID: 1 locID: 102696732476768754 bcsId: 0} | ret=SUCCESS |  
2019-08-28 21:29:38,300 [grpc-default-executor-6] INFO  client.GrpcClientProtocolClient (GrpcClientProtocolClient.java:onNext(255)) - client-05DA20D107F8->b461a7b0-028a-4eb5-b268-b89ac225aff8: receive RaftClientReply:client-05DA20D107F8->b461a7b0-028a-4eb5-b268-b89ac225aff8@group-0C8C0AA7542A, cid=1544, SUCCESS, logIndex=2210, commits[b461a7b0-028a-4eb5-b268-b89ac225aff8:c2212, b6ff45f5-67b8-463b-a273-c2e7d9dadd75:c2208, 6a5cb75f-f7eb-4671-9a85-3b6f7898f6cc:c2208]
2019-08-28 21:29:38,301 | INFO  | DNAudit | user=null | ip=null | op=PUT_BLOCK {blockData=[blockId=conID: 1 locID: 102696732476768754 bcsId: 0,size=2097152]} | ret=SUCCESS |  
2019-08-28 21:29:38,301 [grpc-default-executor-6] INFO  client.GrpcClientProtocolClient (GrpcClientProtocolClient.java:onNext(255)) - client-05DA20D107F8->b461a7b0-028a-4eb5-b268-b89ac225aff8: receive RaftClientReply:client-05DA20D107F8->b461a7b0-028a-4eb5-b268-b89ac225aff8@group-0C8C0AA7542A, cid=1545, SUCCESS, logIndex=2211, commits[b461a7b0-028a-4eb5-b268-b89ac225aff8:c2212, b6ff45f5-67b8-463b-a273-c2e7d9dadd75:c2208, 6a5cb75f-f7eb-4671-9a85-3b6f7898f6cc:c2208]
2019-08-28 21:29:38,301 [grpc-default-executor-6] INFO  client.GrpcClientProtocolClient (GrpcClientProtocolClient.java:onNext(255)) - client-05DA20D107F8->b461a7b0-028a-4eb5-b268-b89ac225aff8: receive RaftClientReply:client-05DA20D107F8->b461a7b0-028a-4eb5-b268-b89ac225aff8@group-0C8C0AA7542A, cid=1546, SUCCESS, logIndex=2212, commits[b461a7b0-028a-4eb5-b268-b89ac225aff8:c2212, b6ff45f5-67b8-463b-a273-c2e7d9dadd75:c2208, 6a5cb75f-f7eb-4671-9a85-3b6f7898f6cc:c2208]
2019-08-28 21:29:38,308 | INFO  | DNAudit | user=null | ip=null | op=WRITE_CHUNK {blockData=conID: 1 locID: 102696732476768754 bcsId: 0} | ret=SUCCESS |  
2019-08-28 21:29:38,308 | INFO  | DNAudit | user=null | ip=null | op=WRITE_CHUNK {blockData=conID: 1 locID: 102696732476768754 bcsId: 0} | ret=SUCCESS |  
2019-08-28 21:29:38,309 | INFO  | DNAudit | user=null | ip=null | op=PUT_BLOCK {blockData=[blockId=conID: 1 locID: 102696732476768754 bcsId: 0,size=1048576]} | ret=SUCCESS |  
2019-08-28 21:29:38,309 | INFO  | DNAudit | user=null | ip=null | op=WRITE_CHUNK {blockData=conID: 1 locID: 102696732476768754 bcsId: 0} | ret=SUCCESS |  
2019-08-28 21:29:38,309 | INFO  | DNAudit | user=null | ip=null | op=PUT_BLOCK {blockData=[blockId=conID: 1 locID: 102696732476768754 bcsId: 0,size=1048576]} | ret=SUCCESS |  
2019-08-28 21:29:38,310 | INFO  | DNAudit | user=null | ip=null | op=PUT_BLOCK {blockData=[blockId=conID: 1 locID: 102696732476768754 bcsId: 0,size=2097152]} | ret=SUCCESS |  
2019-08-28 21:29:38,310 | INFO  | DNAudit | user=null | ip=null | op=WRITE_CHUNK {blockData=conID: 1 locID: 102696732476768754 bcsId: 0} | ret=SUCCESS |  
2019-08-28 21:29:38,310 | INFO  | DNAudit | user=null | ip=null | op=PUT_BLOCK {blockData=[blockId=conID: 1 locID: 102696732476768754 bcsId: 0,size=2097152]} | ret=SUCCESS |  
2019-08-28 21:29:38,310 [grpc-default-executor-3] INFO  client.GrpcClientProtocolClient (GrpcClientProtocolClient.java:onNext(255)) - client-05DA20D107F8->b461a7b0-028a-4eb5-b268-b89ac225aff8: receive RaftClientReply:client-05DA20D107F8->b461a7b0-028a-4eb5-b268-b89ac225aff8@group-0C8C0AA7542A, cid=1547, SUCCESS, logIndex=0, commits[b461a7b0-028a-4eb5-b268-b89ac225aff8:c2215, b6ff45f5-67b8-463b-a273-c2e7d9dadd75:c2211, 6a5cb75f-f7eb-4671-9a85-3b6f7898f6cc:c2210]
2019-08-28 21:29:38,315 | INFO  | DNAudit | user=null | ip=null | op=WRITE_CHUNK {blockData=conID: 1 locID: 102696732476768754 bcsId: 2212} | ret=SUCCESS |  
2019-08-28 21:29:38,317 | INFO  | DNAudit | user=null | ip=null | op=WRITE_CHUNK {blockData=conID: 1 locID: 102696732476768754 bcsId: 2212} | ret=SUCCESS |  
2019-08-28 21:29:38,317 | INFO  | DNAudit | user=null | ip=null | op=WRITE_CHUNK {blockData=conID: 1 locID: 102696732476768754 bcsId: 2212} | ret=SUCCESS |  
2019-08-28 21:29:38,338 | INFO  | DNAudit | user=null | ip=null | op=WRITE_CHUNK {blockData=conID: 1 locID: 102696732476768754 bcsId: 2212} | ret=SUCCESS |  
2019-08-28 21:29:38,339 | INFO  | DNAudit | user=null | ip=null | op=PUT_BLOCK {blockData=[blockId=conID: 1 locID: 102696732476768754 bcsId: 0,size=3145728]} | ret=SUCCESS |  
2019-08-28 21:29:38,339 [grpc-default-executor-5] INFO  client.GrpcClientProtocolClient (GrpcClientProtocolClient.java:onNext(255)) - client-05DA20D107F8->b461a7b0-028a-4eb5-b268-b89ac225aff8: receive RaftClientReply:client-05DA20D107F8->b461a7b0-028a-4eb5-b268-b89ac225aff8@group-0C8C0AA7542A, cid=1548, SUCCESS, logIndex=2217, commits[b461a7b0-028a-4eb5-b268-b89ac225aff8:c2218, b6ff45f5-67b8-463b-a273-c2e7d9dadd75:c2216, 6a5cb75f-f7eb-4671-9a85-3b6f7898f6cc:c2216]
2019-08-28 21:29:38,339 [grpc-default-executor-5] INFO  client.GrpcClientProtocolClient (GrpcClientProtocolClient.java:onNext(255)) - client-05DA20D107F8->b461a7b0-028a-4eb5-b268-b89ac225aff8: receive RaftClientReply:client-05DA20D107F8->b461a7b0-028a-4eb5-b268-b89ac225aff8@group-0C8C0AA7542A, cid=1549, SUCCESS, logIndex=2218, commits[b461a7b0-028a-4eb5-b268-b89ac225aff8:c2218, b6ff45f5-67b8-463b-a273-c2e7d9dadd75:c2216, 6a5cb75f-f7eb-4671-9a85-3b6f7898f6cc:c2216]
2019-08-28 21:29:38,344 | INFO  | DNAudit | user=null | ip=null | op=WRITE_CHUNK {blockData=conID: 1 locID: 102696732476768754 bcsId: 2218} | ret=SUCCESS |  
2019-08-28 21:29:38,347 | INFO  | DNAudit | user=null | ip=null | op=WRITE_CHUNK {blockData=conID: 1 locID: 102696732476768754 bcsId: 2218} | ret=SUCCESS |  
2019-08-28 21:29:38,347 | INFO  | DNAudit | user=null | ip=null | op=WRITE_CHUNK {blockData=conID: 1 locID: 102696732476768754 bcsId: 2212} | ret=SUCCESS |  
2019-08-28 21:29:38,347 | INFO  | DNAudit | user=null | ip=null | op=PUT_BLOCK {blockData=[blockId=conID: 1 locID: 102696732476768754 bcsId: 0,size=3145728]} | ret=SUCCESS |  
2019-08-28 21:29:38,347 | INFO  | DNAudit | user=null | ip=null | op=WRITE_CHUNK {blockData=conID: 1 locID: 102696732476768754 bcsId: 2212} | ret=SUCCESS |  
2019-08-28 21:29:38,347 | INFO  | DNAudit | user=null | ip=null | op=PUT_BLOCK {blockData=[blockId=conID: 1 locID: 102696732476768754 bcsId: 0,size=3145728]} | ret=SUCCESS |  
2019-08-28 21:29:38,348 | INFO  | DNAudit | user=null | ip=null | op=WRITE_CHUNK {blockData=conID: 1 locID: 102696732476768754 bcsId: 2218} | ret=SUCCESS |  
2019-08-28 21:29:38,369 | INFO  | DNAudit | user=null | ip=null | op=WRITE_CHUNK {blockData=conID: 1 locID: 102696732476768754 bcsId: 2218} | ret=SUCCESS |  
2019-08-28 21:29:38,369 | INFO  | DNAudit | user=null | ip=null | op=PUT_BLOCK {blockData=[blockId=conID: 1 locID: 102696732476768754 bcsId: 0,size=4194304]} | ret=SUCCESS |  
2019-08-28 21:29:38,369 [grpc-default-executor-3] INFO  client.GrpcClientProtocolClient (GrpcClientProtocolClient.java:onNext(255)) - client-05DA20D107F8->b461a7b0-028a-4eb5-b268-b89ac225aff8: receive RaftClientReply:client-05DA20D107F8->b461a7b0-028a-4eb5-b268-b89ac225aff8@group-0C8C0AA7542A, cid=1550, SUCCESS, logIndex=2221, commits[b461a7b0-028a-4eb5-b268-b89ac225aff8:c2222, b6ff45f5-67b8-463b-a273-c2e7d9dadd75:c2218, 6a5cb75f-f7eb-4671-9a85-3b6f7898f6cc:c2218]
2019-08-28 21:29:38,370 [grpc-default-executor-3] INFO  client.GrpcClientProtocolClient (GrpcClientProtocolClient.java:onNext(255)) - client-05DA20D107F8->b461a7b0-028a-4eb5-b268-b89ac225aff8: receive RaftClientReply:client-05DA20D107F8->b461a7b0-028a-4eb5-b268-b89ac225aff8@group-0C8C0AA7542A, cid=1551, SUCCESS, logIndex=2222, commits[b461a7b0-028a-4eb5-b268-b89ac225aff8:c2222, b6ff45f5-67b8-463b-a273-c2e7d9dadd75:c2218, 6a5cb75f-f7eb-4671-9a85-3b6f7898f6cc:c2218]
2019-08-28 21:29:38,381 | INFO  | DNAudit | user=null | ip=null | op=WRITE_CHUNK {blockData=conID: 1 locID: 102696732476768754 bcsId: 2218} | ret=SUCCESS |  
2019-08-28 21:29:38,382 | INFO  | DNAudit | user=null | ip=null | op=PUT_BLOCK {blockData=[blockId=conID: 1 locID: 102696732476768754 bcsId: 0,size=4194304]} | ret=SUCCESS |  
2019-08-28 21:29:38,382 | INFO  | DNAudit | user=null | ip=null | op=WRITE_CHUNK {blockData=conID: 1 locID: 102696732476768754 bcsId: 2218} | ret=SUCCESS |  
2019-08-28 21:29:38,382 | INFO  | DNAudit | user=null | ip=null | op=PUT_BLOCK {blockData=[blockId=conID: 1 locID: 102696732476768754 bcsId: 0,size=4194304]} | ret=SUCCESS |  
2019-08-28 21:29:38,382 [grpc-default-executor-3] INFO  client.GrpcClientProtocolClient (GrpcClientProtocolClient.java:onNext(255)) - client-05DA20D107F8->b461a7b0-028a-4eb5-b268-b89ac225aff8: receive RaftClientReply:client-05DA20D107F8->b461a7b0-028a-4eb5-b268-b89ac225aff8@group-0C8C0AA7542A, cid=1552, SUCCESS, logIndex=0, commits[b461a7b0-028a-4eb5-b268-b89ac225aff8:c2223, b6ff45f5-67b8-463b-a273-c2e7d9dadd75:c2222, 6a5cb75f-f7eb-4671-9a85-3b6f7898f6cc:c2222]
2019-08-28 21:29:38,390 | INFO  | SCMAudit | user=jenkins1000 | ip=127.0.0.1 | op=ALLOCATE_BLOCK {owner=a0140aad-a474-4492-a39d-25bd6167d9f0, size=4194304, type=RATIS, factor=THREE} | ret=SUCCESS |  
2019-08-28 21:29:38,393 | INFO  | OMAudit | user=jenkins1000 | ip=127.0.0.1 | op=ALLOCATE_BLOCK {volume=vol-0-08922, bucket=bucket-0-29862, key=key-0-31337, dataSize=0, replicationType=null, replicationFactor=null, keyLocationInfo=null, clientID=102696731548516754} | ret=SUCCESS |  
2019-08-28 21:29:38,400 | INFO  | DNAudit | user=null | ip=null | op=WRITE_CHUNK {blockData=conID: 2 locID: 102696732484567539 bcsId: 0} | ret=SUCCESS |  
2019-08-28 21:29:38,402 | INFO  | DNAudit | user=null | ip=null | op=WRITE_CHUNK {blockData=conID: 2 locID: 102696732484567539 bcsId: 0} | ret=SUCCESS |  
2019-08-28 21:29:38,402 | INFO  | DNAudit | user=null | ip=null | op=WRITE_CHUNK {blockData=conID: 2 locID: 102696732484567539 bcsId: 0} | ret=SUCCESS |  
2019-08-28 21:29:38,403 | INFO  | DNAudit | user=null | ip=null | op=WRITE_CHUNK {blockData=conID: 2 locID: 102696732484567539 bcsId: 0} | ret=SUCCESS |  
2019-08-28 21:29:38,405 | INFO  | DNAudit | user=null | ip=null | op=WRITE_CHUNK {blockData=conID: 2 locID: 102696732484567539 bcsId: 0} | ret=SUCCESS |  
2019-08-28 21:29:38,405 | INFO  | DNAudit | user=null | ip=null | op=WRITE_CHUNK {blockData=conID: 2 locID: 102696732484567539 bcsId: 0} | ret=SUCCESS |  
2019-08-28 21:29:38,409 | INFO  | DNAudit | user=null | ip=null | op=WRITE_CHUNK {blockData=conID: 2 locID: 102696732484567539 bcsId: 0} | ret=SUCCESS |  
2019-08-28 21:29:38,409 | INFO  | DNAudit | user=null | ip=null | op=PUT_BLOCK {blockData=[blockId=conID: 2 locID: 102696732484567539 bcsId: 0,size=1048576]} | ret=SUCCESS |  
2019-08-28 21:29:38,409 [grpc-default-executor-3] INFO  client.GrpcClientProtocolClient (GrpcClientProtocolClient.java:onNext(255)) - client-05DA20D107F8->b461a7b0-028a-4eb5-b268-b89ac225aff8: receive RaftClientReply:client-05DA20D107F8->b461a7b0-028a-4eb5-b268-b89ac225aff8@group-0C8C0AA7542A, cid=1553, SUCCESS, logIndex=2225, commits[b461a7b0-028a-4eb5-b268-b89ac225aff8:c2226, b6ff45f5-67b8-463b-a273-c2e7d9dadd75:c2224, 6a5cb75f-f7eb-4671-9a85-3b6f7898f6cc:c2224]
2019-08-28 21:29:38,410 [grpc-default-executor-3] INFO  client.GrpcClientProtocolClient (GrpcClientProtocolClient.java:onNext(255)) - client-05DA20D107F8->b461a7b0-028a-4eb5-b268-b89ac225aff8: receive RaftClientReply:client-05DA20D107F8->b461a7b0-028a-4eb5-b268-b89ac225aff8@group-0C8C0AA7542A, cid=1554, SUCCESS, logIndex=2226, commits[b461a7b0-028a-4eb5-b268-b89ac225aff8:c2226, b6ff45f5-67b8-463b-a273-c2e7d9dadd75:c2224, 6a5cb75f-f7eb-4671-9a85-3b6f7898f6cc:c2224]
2019-08-28 21:29:38,410 | INFO  | DNAudit | user=null | ip=null | op=WRITE_CHUNK {blockData=conID: 2 locID: 102696732484567539 bcsId: 0} | ret=SUCCESS |  
2019-08-28 21:29:38,410 | INFO  | DNAudit | user=null | ip=null | op=PUT_BLOCK {blockData=[blockId=conID: 2 locID: 102696732484567539 bcsId: 0,size=2097152]} | ret=SUCCESS |  
2019-08-28 21:29:38,410 [grpc-default-executor-3] INFO  client.GrpcClientProtocolClient (GrpcClientProtocolClient.java:onNext(255)) - client-05DA20D107F8->b461a7b0-028a-4eb5-b268-b89ac225aff8: receive RaftClientReply:client-05DA20D107F8->b461a7b0-028a-4eb5-b268-b89ac225aff8@group-0C8C0AA7542A, cid=1555, SUCCESS, logIndex=2227, commits[b461a7b0-028a-4eb5-b268-b89ac225aff8:c2228, b6ff45f5-67b8-463b-a273-c2e7d9dadd75:c2224, 6a5cb75f-f7eb-4671-9a85-3b6f7898f6cc:c2224]
2019-08-28 21:29:38,411 [grpc-default-executor-3] INFO  client.GrpcClientProtocolClient (GrpcClientProtocolClient.java:onNext(255)) - client-05DA20D107F8->b461a7b0-028a-4eb5-b268-b89ac225aff8: receive RaftClientReply:client-05DA20D107F8->b461a7b0-028a-4eb5-b268-b89ac225aff8@group-0C8C0AA7542A, cid=1556, SUCCESS, logIndex=2228, commits[b461a7b0-028a-4eb5-b268-b89ac225aff8:c2228, b6ff45f5-67b8-463b-a273-c2e7d9dadd75:c2224, 6a5cb75f-f7eb-4671-9a85-3b6f7898f6cc:c2224]
2019-08-28 21:29:38,411 | INFO  | DNAudit | user=null | ip=null | op=WRITE_CHUNK {blockData=conID: 2 locID: 102696732484567539 bcsId: 0} | ret=SUCCESS |  
2019-08-28 21:29:38,411 | INFO  | DNAudit | user=null | ip=null | op=PUT_BLOCK {blockData=[blockId=conID: 2 locID: 102696732484567539 bcsId: 0,size=1048576]} | ret=SUCCESS |  
2019-08-28 21:29:38,412 | INFO  | DNAudit | user=null | ip=null | op=WRITE_CHUNK {blockData=conID: 2 locID: 102696732484567539 bcsId: 0} | ret=SUCCESS |  
2019-08-28 21:29:38,412 | INFO  | DNAudit | user=null | ip=null | op=PUT_BLOCK {blockData=[blockId=conID: 2 locID: 102696732484567539 bcsId: 0,size=1048576]} | ret=SUCCESS |  
2019-08-28 21:29:38,412 | INFO  | DNAudit | user=null | ip=null | op=WRITE_CHUNK {blockData=conID: 2 locID: 102696732484567539 bcsId: 0} | ret=SUCCESS |  
2019-08-28 21:29:38,412 | INFO  | DNAudit | user=null | ip=null | op=PUT_BLOCK {blockData=[blockId=conID: 2 locID: 102696732484567539 bcsId: 0,size=2097152]} | ret=SUCCESS |  
2019-08-28 21:29:38,412 | INFO  | DNAudit | user=null | ip=null | op=WRITE_CHUNK {blockData=conID: 2 locID: 102696732484567539 bcsId: 0} | ret=SUCCESS |  
2019-08-28 21:29:38,412 [grpc-default-executor-3] INFO  client.GrpcClientProtocolClient (GrpcClientProtocolClient.java:onNext(255)) - client-05DA20D107F8->b461a7b0-028a-4eb5-b268-b89ac225aff8: receive RaftClientReply:client-05DA20D107F8->b461a7b0-028a-4eb5-b268-b89ac225aff8@group-0C8C0AA7542A, cid=1557, SUCCESS, logIndex=0, commits[b461a7b0-028a-4eb5-b268-b89ac225aff8:c2230, b6ff45f5-67b8-463b-a273-c2e7d9dadd75:c2226, 6a5cb75f-f7eb-4671-9a85-3b6f7898f6cc:c2226]
2019-08-28 21:29:38,412 | INFO  | DNAudit | user=null | ip=null | op=PUT_BLOCK {blockData=[blockId=conID: 2 locID: 102696732484567539 bcsId: 0,size=2097152]} | ret=SUCCESS |  
2019-08-28 21:29:38,501 | INFO  | SCMAudit | user=jenkins1000 | ip=192.168.36.107 | op=SEND_HEARTBEAT {datanodeUUID=68f89a68-6a96-4cde-8528-8617611d459d, command=[]} | ret=SUCCESS |  
2019-08-28 21:29:38,501 | INFO  | SCMAudit | user=jenkins1000 | ip=192.168.36.107 | op=SEND_HEARTBEAT {datanodeUUID=af4986ea-80d8-4c92-96d2-2b3929a4248a, command=[]} | ret=SUCCESS |  
2019-08-28 21:29:38,502 | INFO  | DNAudit | user=null | ip=null | op=WRITE_CHUNK {blockData=conID: 2 locID: 102696732484567539 bcsId: 2228} | ret=SUCCESS |  
2019-08-28 21:29:38,504 | INFO  | DNAudit | user=null | ip=null | op=WRITE_CHUNK {blockData=conID: 2 locID: 102696732484567539 bcsId: 2228} | ret=SUCCESS |  
2019-08-28 21:29:38,506 | INFO  | DNAudit | user=null | ip=null | op=WRITE_CHUNK {blockData=conID: 2 locID: 102696732484567539 bcsId: 2228} | ret=SUCCESS |  
2019-08-28 21:29:38,514 | INFO  | DNAudit | user=null | ip=null | op=WRITE_CHUNK {blockData=conID: 2 locID: 102696732484567539 bcsId: 2228} | ret=SUCCESS |  
2019-08-28 21:29:38,514 | INFO  | DNAudit | user=null | ip=null | op=PUT_BLOCK {blockData=[blockId=conID: 2 locID: 102696732484567539 bcsId: 0,size=3145728]} | ret=SUCCESS |  
2019-08-28 21:29:38,514 [grpc-default-executor-3] INFO  client.GrpcClientProtocolClient (GrpcClientProtocolClient.java:onNext(255)) - client-05DA20D107F8->b461a7b0-028a-4eb5-b268-b89ac225aff8: receive RaftClientReply:client-05DA20D107F8->b461a7b0-028a-4eb5-b268-b89ac225aff8@group-0C8C0AA7542A, cid=1558, SUCCESS, logIndex=2233, commits[b461a7b0-028a-4eb5-b268-b89ac225aff8:c2234, b6ff45f5-67b8-463b-a273-c2e7d9dadd75:c2232, 6a5cb75f-f7eb-4671-9a85-3b6f7898f6cc:c2232]
2019-08-28 21:29:38,515 [grpc-default-executor-3] INFO  client.GrpcClientProtocolClient (GrpcClientProtocolClient.java:onNext(255)) - client-05DA20D107F8->b461a7b0-028a-4eb5-b268-b89ac225aff8: receive RaftClientReply:client-05DA20D107F8->b461a7b0-028a-4eb5-b268-b89ac225aff8@group-0C8C0AA7542A, cid=1559, SUCCESS, logIndex=2234, commits[b461a7b0-028a-4eb5-b268-b89ac225aff8:c2234, b6ff45f5-67b8-463b-a273-c2e7d9dadd75:c2232, 6a5cb75f-f7eb-4671-9a85-3b6f7898f6cc:c2232]
2019-08-28 21:29:38,519 | INFO  | DNAudit | user=null | ip=null | op=WRITE_CHUNK {blockData=conID: 2 locID: 102696732484567539 bcsId: 2228} | ret=SUCCESS |  
2019-08-28 21:29:38,519 | INFO  | DNAudit | user=null | ip=null | op=WRITE_CHUNK {blockData=conID: 2 locID: 102696732484567539 bcsId: 2228} | ret=SUCCESS |  
2019-08-28 21:29:38,519 | INFO  | DNAudit | user=null | ip=null | op=PUT_BLOCK {blockData=[blockId=conID: 2 locID: 102696732484567539 bcsId: 0,size=3145728]} | ret=SUCCESS |  
2019-08-28 21:29:38,519 | INFO  | DNAudit | user=null | ip=null | op=PUT_BLOCK {blockData=[blockId=conID: 2 locID: 102696732484567539 bcsId: 0,size=3145728]} | ret=SUCCESS |  
2019-08-28 21:29:38,523 | INFO  | DNAudit | user=null | ip=null | op=WRITE_CHUNK {blockData=conID: 2 locID: 102696732484567539 bcsId: 2234} | ret=SUCCESS |  
2019-08-28 21:29:38,525 | INFO  | DNAudit | user=null | ip=null | op=WRITE_CHUNK {blockData=conID: 2 locID: 102696732484567539 bcsId: 2234} | ret=SUCCESS |  
2019-08-28 21:29:38,525 | INFO  | DNAudit | user=null | ip=null | op=WRITE_CHUNK {blockData=conID: 2 locID: 102696732484567539 bcsId: 2234} | ret=SUCCESS |  
2019-08-28 21:29:38,543 | INFO  | DNAudit | user=null | ip=null | op=WRITE_CHUNK {blockData=conID: 2 locID: 102696732484567539 bcsId: 2234} | ret=SUCCESS |  
2019-08-28 21:29:38,544 | INFO  | DNAudit | user=null | ip=null | op=PUT_BLOCK {blockData=[blockId=conID: 2 locID: 102696732484567539 bcsId: 0,size=4194304]} | ret=SUCCESS |  
2019-08-28 21:29:38,544 [grpc-default-executor-6] INFO  client.GrpcClientProtocolClient (GrpcClientProtocolClient.java:onNext(255)) - client-05DA20D107F8->b461a7b0-028a-4eb5-b268-b89ac225aff8: receive RaftClientReply:client-05DA20D107F8->b461a7b0-028a-4eb5-b268-b89ac225aff8@group-0C8C0AA7542A, cid=1560, SUCCESS, logIndex=2237, commits[b461a7b0-028a-4eb5-b268-b89ac225aff8:c2238, b6ff45f5-67b8-463b-a273-c2e7d9dadd75:c2236, 6a5cb75f-f7eb-4671-9a85-3b6f7898f6cc:c2236]
2019-08-28 21:29:38,544 [grpc-default-executor-6] INFO  client.GrpcClientProtocolClient (GrpcClientProtocolClient.java:onNext(255)) - client-05DA20D107F8->b461a7b0-028a-4eb5-b268-b89ac225aff8: receive RaftClientReply:client-05DA20D107F8->b461a7b0-028a-4eb5-b268-b89ac225aff8@group-0C8C0AA7542A, cid=1561, SUCCESS, logIndex=2238, commits[b461a7b0-028a-4eb5-b268-b89ac225aff8:c2238, b6ff45f5-67b8-463b-a273-c2e7d9dadd75:c2236, 6a5cb75f-f7eb-4671-9a85-3b6f7898f6cc:c2236]
2019-08-28 21:29:38,550 | INFO  | DNAudit | user=null | ip=null | op=WRITE_CHUNK {blockData=conID: 2 locID: 102696732484567539 bcsId: 2234} | ret=SUCCESS |  
2019-08-28 21:29:38,550 | INFO  | DNAudit | user=null | ip=null | op=WRITE_CHUNK {blockData=conID: 2 locID: 102696732484567539 bcsId: 2234} | ret=SUCCESS |  
2019-08-28 21:29:38,551 | INFO  | DNAudit | user=null | ip=null | op=PUT_BLOCK {blockData=[blockId=conID: 2 locID: 102696732484567539 bcsId: 0,size=4194304]} | ret=SUCCESS |  
2019-08-28 21:29:38,552 | INFO  | DNAudit | user=null | ip=null | op=PUT_BLOCK {blockData=[blockId=conID: 2 locID: 102696732484567539 bcsId: 0,size=4194304]} | ret=SUCCESS |  
2019-08-28 21:29:38,552 [grpc-default-executor-6] INFO  client.GrpcClientProtocolClient (GrpcClientProtocolClient.java:onNext(255)) - client-05DA20D107F8->b461a7b0-028a-4eb5-b268-b89ac225aff8: receive RaftClientReply:client-05DA20D107F8->b461a7b0-028a-4eb5-b268-b89ac225aff8@group-0C8C0AA7542A, cid=1562, SUCCESS, logIndex=0, commits[b461a7b0-028a-4eb5-b268-b89ac225aff8:c2240, b6ff45f5-67b8-463b-a273-c2e7d9dadd75:c2238, 6a5cb75f-f7eb-4671-9a85-3b6f7898f6cc:c2238]
2019-08-28 21:29:38,557 | INFO  | SCMAudit | user=jenkins1000 | ip=127.0.0.1 | op=ALLOCATE_BLOCK {owner=a0140aad-a474-4492-a39d-25bd6167d9f0, size=4194304, type=RATIS, factor=THREE} | ret=SUCCESS |  
2019-08-28 21:29:38,560 | INFO  | OMAudit | user=jenkins1000 | ip=127.0.0.1 | op=ALLOCATE_BLOCK {volume=vol-0-08922, bucket=bucket-0-29862, key=key-0-31337, dataSize=0, replicationType=null, replicationFactor=null, keyLocationInfo=null, clientID=102696731548516754} | ret=SUCCESS |  
2019-08-28 21:29:38,569 | INFO  | DNAudit | user=null | ip=null | op=WRITE_CHUNK {blockData=conID: 3 locID: 102696732495512052 bcsId: 0} | ret=SUCCESS |  
2019-08-28 21:29:38,571 | INFO  | DNAudit | user=null | ip=null | op=WRITE_CHUNK {blockData=conID: 3 locID: 102696732495512052 bcsId: 0} | ret=SUCCESS |  
2019-08-28 21:29:38,571 | INFO  | DNAudit | user=null | ip=null | op=WRITE_CHUNK {blockData=conID: 3 locID: 102696732495512052 bcsId: 0} | ret=SUCCESS |  
2019-08-28 21:29:38,573 | INFO  | DNAudit | user=null | ip=null | op=WRITE_CHUNK {blockData=conID: 3 locID: 102696732495512052 bcsId: 0} | ret=SUCCESS |  
2019-08-28 21:29:38,575 | INFO  | DNAudit | user=null | ip=null | op=WRITE_CHUNK {blockData=conID: 3 locID: 102696732495512052 bcsId: 0} | ret=SUCCESS |  
2019-08-28 21:29:38,576 | INFO  | DNAudit | user=null | ip=null | op=WRITE_CHUNK {blockData=conID: 3 locID: 102696732495512052 bcsId: 0} | ret=SUCCESS |  
2019-08-28 21:29:38,583 | INFO  | DNAudit | user=null | ip=null | op=WRITE_CHUNK {blockData=conID: 3 locID: 102696732495512052 bcsId: 0} | ret=SUCCESS |  
2019-08-28 21:29:38,583 | INFO  | DNAudit | user=null | ip=null | op=PUT_BLOCK {blockData=[blockId=conID: 3 locID: 102696732495512052 bcsId: 0,size=1048576]} | ret=SUCCESS |  
2019-08-28 21:29:38,583 [grpc-default-executor-3] INFO  client.GrpcClientProtocolClient (GrpcClientProtocolClient.java:onNext(255)) - client-05DA20D107F8->b461a7b0-028a-4eb5-b268-b89ac225aff8: receive RaftClientReply:client-05DA20D107F8->b461a7b0-028a-4eb5-b268-b89ac225aff8@group-0C8C0AA7542A, cid=1563, SUCCESS, logIndex=2241, commits[b461a7b0-028a-4eb5-b268-b89ac225aff8:c2242, b6ff45f5-67b8-463b-a273-c2e7d9dadd75:c2240, 6a5cb75f-f7eb-4671-9a85-3b6f7898f6cc:c2240]
2019-08-28 21:29:38,584 [grpc-default-executor-3] INFO  client.GrpcClientProtocolClient (GrpcClientProtocolClient.java:onNext(255)) - client-05DA20D107F8->b461a7b0-028a-4eb5-b268-b89ac225aff8: receive RaftClientReply:client-05DA20D107F8->b461a7b0-028a-4eb5-b268-b89ac225aff8@group-0C8C0AA7542A, cid=1564, SUCCESS, logIndex=2242, commits[b461a7b0-028a-4eb5-b268-b89ac225aff8:c2242, b6ff45f5-67b8-463b-a273-c2e7d9dadd75:c2240, 6a5cb75f-f7eb-4671-9a85-3b6f7898f6cc:c2240]
2019-08-28 21:29:38,593 | INFO  | DNAudit | user=null | ip=null | op=WRITE_CHUNK {blockData=conID: 3 locID: 102696732495512052 bcsId: 0} | ret=SUCCESS |  
2019-08-28 21:29:38,593 | INFO  | DNAudit | user=null | ip=null | op=WRITE_CHUNK {blockData=conID: 3 locID: 102696732495512052 bcsId: 0} | ret=SUCCESS |  
2019-08-28 21:29:38,594 | INFO  | DNAudit | user=null | ip=null | op=PUT_BLOCK {blockData=[blockId=conID: 3 locID: 102696732495512052 bcsId: 0,size=1048576]} | ret=SUCCESS |  
2019-08-28 21:29:38,594 | INFO  | DNAudit | user=null | ip=null | op=PUT_BLOCK {blockData=[blockId=conID: 3 locID: 102696732495512052 bcsId: 0,size=2097152]} | ret=SUCCESS |  
2019-08-28 21:29:38,594 [grpc-default-executor-6] INFO  client.GrpcClientProtocolClient (GrpcClientProtocolClient.java:onNext(255)) - client-05DA20D107F8->b461a7b0-028a-4eb5-b268-b89ac225aff8: receive RaftClientReply:client-05DA20D107F8->b461a7b0-028a-4eb5-b268-b89ac225aff8@group-0C8C0AA7542A, cid=1565, SUCCESS, logIndex=2243, commits[b461a7b0-028a-4eb5-b268-b89ac225aff8:c2245, b6ff45f5-67b8-463b-a273-c2e7d9dadd75:c2242, 6a5cb75f-f7eb-4671-9a85-3b6f7898f6cc:c2240]
2019-08-28 21:29:38,595 [grpc-default-executor-6] INFO  client.GrpcClientProtocolClient (GrpcClientProtocolClient.java:onNext(255)) - client-05DA20D107F8->b461a7b0-028a-4eb5-b268-b89ac225aff8: receive RaftClientReply:client-05DA20D107F8->b461a7b0-028a-4eb5-b268-b89ac225aff8@group-0C8C0AA7542A, cid=1566, SUCCESS, logIndex=2244, commits[b461a7b0-028a-4eb5-b268-b89ac225aff8:c2245, b6ff45f5-67b8-463b-a273-c2e7d9dadd75:c2242, 6a5cb75f-f7eb-4671-9a85-3b6f7898f6cc:c2240]
2019-08-28 21:29:38,607 | INFO  | DNAudit | user=null | ip=null | op=WRITE_CHUNK {blockData=conID: 3 locID: 102696732495512052 bcsId: 0} | ret=SUCCESS |  
2019-08-28 21:29:38,607 | INFO  | DNAudit | user=null | ip=null | op=WRITE_CHUNK {blockData=conID: 3 locID: 102696732495512052 bcsId: 0} | ret=SUCCESS |  
2019-08-28 21:29:38,608 | INFO  | DNAudit | user=null | ip=null | op=PUT_BLOCK {blockData=[blockId=conID: 3 locID: 102696732495512052 bcsId: 0,size=1048576]} | ret=SUCCESS |  
2019-08-28 21:29:38,608 | INFO  | DNAudit | user=null | ip=null | op=PUT_BLOCK {blockData=[blockId=conID: 3 locID: 102696732495512052 bcsId: 0,size=2097152]} | ret=SUCCESS |  
2019-08-28 21:29:38,608 [grpc-default-executor-3] INFO  client.GrpcClientProtocolClient (GrpcClientProtocolClient.java:onNext(255)) - client-05DA20D107F8->b461a7b0-028a-4eb5-b268-b89ac225aff8: receive RaftClientReply:client-05DA20D107F8->b461a7b0-028a-4eb5-b268-b89ac225aff8@group-0C8C0AA7542A, cid=1567, SUCCESS, logIndex=0, commits[b461a7b0-028a-4eb5-b268-b89ac225aff8:c2246, b6ff45f5-67b8-463b-a273-c2e7d9dadd75:c2245, 6a5cb75f-f7eb-4671-9a85-3b6f7898f6cc:c2242]
2019-08-28 21:29:38,608 | INFO  | DNAudit | user=null | ip=null | op=WRITE_CHUNK {blockData=conID: 3 locID: 102696732495512052 bcsId: 0} | ret=SUCCESS |  
2019-08-28 21:29:38,608 | INFO  | DNAudit | user=null | ip=null | op=PUT_BLOCK {blockData=[blockId=conID: 3 locID: 102696732495512052 bcsId: 0,size=2097152]} | ret=SUCCESS |  
2019-08-28 21:29:38,615 | INFO  | DNAudit | user=null | ip=null | op=WRITE_CHUNK {blockData=conID: 3 locID: 102696732495512052 bcsId: 2244} | ret=SUCCESS |  
2019-08-28 21:29:38,617 | INFO  | DNAudit | user=null | ip=null | op=WRITE_CHUNK {blockData=conID: 3 locID: 102696732495512052 bcsId: 2244} | ret=SUCCESS |  
2019-08-28 21:29:38,617 | INFO  | DNAudit | user=null | ip=null | op=WRITE_CHUNK {blockData=conID: 3 locID: 102696732495512052 bcsId: 2244} | ret=SUCCESS |  
2019-08-28 21:29:38,632 | INFO  | DNAudit | user=null | ip=null | op=WRITE_CHUNK {blockData=conID: 3 locID: 102696732495512052 bcsId: 2244} | ret=SUCCESS |  
2019-08-28 21:29:38,633 | INFO  | DNAudit | user=null | ip=null | op=PUT_BLOCK {blockData=[blockId=conID: 3 locID: 102696732495512052 bcsId: 0,size=3145728]} | ret=SUCCESS |  
2019-08-28 21:29:38,633 [grpc-default-executor-3] INFO  client.GrpcClientProtocolClient (GrpcClientProtocolClient.java:onNext(255)) - client-05DA20D107F8->b461a7b0-028a-4eb5-b268-b89ac225aff8: receive RaftClientReply:client-05DA20D107F8->b461a7b0-028a-4eb5-b268-b89ac225aff8@group-0C8C0AA7542A, cid=1568, SUCCESS, logIndex=2248, commits[b461a7b0-028a-4eb5-b268-b89ac225aff8:c2249, b6ff45f5-67b8-463b-a273-c2e7d9dadd75:c2247, 6a5cb75f-f7eb-4671-9a85-3b6f7898f6cc:c2247]
2019-08-28 21:29:38,633 [grpc-default-executor-3] INFO  client.GrpcClientProtocolClient (GrpcClientProtocolClient.java:onNext(255)) - client-05DA20D107F8->b461a7b0-028a-4eb5-b268-b89ac225aff8: receive RaftClientReply:client-05DA20D107F8->b461a7b0-028a-4eb5-b268-b89ac225aff8@group-0C8C0AA7542A, cid=1569, SUCCESS, logIndex=2249, commits[b461a7b0-028a-4eb5-b268-b89ac225aff8:c2249, b6ff45f5-67b8-463b-a273-c2e7d9dadd75:c2247, 6a5cb75f-f7eb-4671-9a85-3b6f7898f6cc:c2247]
2019-08-28 21:29:38,639 | INFO  | DNAudit | user=null | ip=null | op=WRITE_CHUNK {blockData=conID: 3 locID: 102696732495512052 bcsId: 2249} | ret=SUCCESS |  
2019-08-28 21:29:38,640 | INFO  | DNAudit | user=null | ip=null | op=WRITE_CHUNK {blockData=conID: 3 locID: 102696732495512052 bcsId: 2244} | ret=SUCCESS |  
2019-08-28 21:29:38,640 | INFO  | DNAudit | user=null | ip=null | op=WRITE_CHUNK {blockData=conID: 3 locID: 102696732495512052 bcsId: 2244} | ret=SUCCESS |  
2019-08-28 21:29:38,641 | INFO  | DNAudit | user=null | ip=null | op=WRITE_CHUNK {blockData=conID: 3 locID: 102696732495512052 bcsId: 2249} | ret=SUCCESS |  
2019-08-28 21:29:38,641 | INFO  | DNAudit | user=null | ip=null | op=WRITE_CHUNK {blockData=conID: 3 locID: 102696732495512052 bcsId: 2249} | ret=SUCCESS |  
2019-08-28 21:29:38,642 | INFO  | DNAudit | user=null | ip=null | op=PUT_BLOCK {blockData=[blockId=conID: 3 locID: 102696732495512052 bcsId: 0,size=3145728]} | ret=SUCCESS |  
2019-08-28 21:29:38,642 | INFO  | DNAudit | user=null | ip=null | op=PUT_BLOCK {blockData=[blockId=conID: 3 locID: 102696732495512052 bcsId: 0,size=3145728]} | ret=SUCCESS |  
2019-08-28 21:29:38,643 | INFO  | DNAudit | user=null | ip=null | op=WRITE_CHUNK {blockData=conID: 3 locID: 102696732495512052 bcsId: 2249} | ret=SUCCESS |  
2019-08-28 21:29:38,643 | INFO  | DNAudit | user=null | ip=null | op=PUT_BLOCK {blockData=[blockId=conID: 3 locID: 102696732495512052 bcsId: 0,size=4194304]} | ret=SUCCESS |  
2019-08-28 21:29:38,643 [grpc-default-executor-3] INFO  client.GrpcClientProtocolClient (GrpcClientProtocolClient.java:onNext(255)) - client-05DA20D107F8->b461a7b0-028a-4eb5-b268-b89ac225aff8: receive RaftClientReply:client-05DA20D107F8->b461a7b0-028a-4eb5-b268-b89ac225aff8@group-0C8C0AA7542A, cid=1570, SUCCESS, logIndex=2252, commits[b461a7b0-028a-4eb5-b268-b89ac225aff8:c2253, b6ff45f5-67b8-463b-a273-c2e7d9dadd75:c2249, 6a5cb75f-f7eb-4671-9a85-3b6f7898f6cc:c2249]
2019-08-28 21:29:38,643 [grpc-default-executor-3] INFO  client.GrpcClientProtocolClient (GrpcClientProtocolClient.java:onNext(255)) - client-05DA20D107F8->b461a7b0-028a-4eb5-b268-b89ac225aff8: receive RaftClientReply:client-05DA20D107F8->b461a7b0-028a-4eb5-b268-b89ac225aff8@group-0C8C0AA7542A, cid=1571, SUCCESS, logIndex=2253, commits[b461a7b0-028a-4eb5-b268-b89ac225aff8:c2253, b6ff45f5-67b8-463b-a273-c2e7d9dadd75:c2249, 6a5cb75f-f7eb-4671-9a85-3b6f7898f6cc:c2249]
2019-08-28 21:29:38,656 | INFO  | DNAudit | user=null | ip=null | op=WRITE_CHUNK {blockData=conID: 3 locID: 102696732495512052 bcsId: 2249} | ret=SUCCESS |  
2019-08-28 21:29:38,656 | INFO  | DNAudit | user=null | ip=null | op=WRITE_CHUNK {blockData=conID: 3 locID: 102696732495512052 bcsId: 2249} | ret=SUCCESS |  
2019-08-28 21:29:38,656 | INFO  | DNAudit | user=null | ip=null | op=PUT_BLOCK {blockData=[blockId=conID: 3 locID: 102696732495512052 bcsId: 0,size=4194304]} | ret=SUCCESS |  
2019-08-28 21:29:38,656 | INFO  | DNAudit | user=null | ip=null | op=PUT_BLOCK {blockData=[blockId=conID: 3 locID: 102696732495512052 bcsId: 0,size=4194304]} | ret=SUCCESS |  
2019-08-28 21:29:38,656 [grpc-default-executor-5] INFO  client.GrpcClientProtocolClient (GrpcClientProtocolClient.java:onNext(255)) - client-05DA20D107F8->b461a7b0-028a-4eb5-b268-b89ac225aff8: receive RaftClientReply:client-05DA20D107F8->b461a7b0-028a-4eb5-b268-b89ac225aff8@group-0C8C0AA7542A, cid=1572, SUCCESS, logIndex=0, commits[b461a7b0-028a-4eb5-b268-b89ac225aff8:c2254, b6ff45f5-67b8-463b-a273-c2e7d9dadd75:c2253, 6a5cb75f-f7eb-4671-9a85-3b6f7898f6cc:c2253]
2019-08-28 21:29:38,662 | INFO  | SCMAudit | user=jenkins1000 | ip=127.0.0.1 | op=ALLOCATE_BLOCK {owner=a0140aad-a474-4492-a39d-25bd6167d9f0, size=4194304, type=RATIS, factor=THREE} | ret=SUCCESS |  
2019-08-28 21:29:38,665 | INFO  | OMAudit | user=jenkins1000 | ip=127.0.0.1 | op=ALLOCATE_BLOCK {volume=vol-0-08922, bucket=bucket-0-29862, key=key-0-31337, dataSize=0, replicationType=null, replicationFactor=null, keyLocationInfo=null, clientID=102696731548516754} | ret=SUCCESS |  
2019-08-28 21:29:38,671 | INFO  | DNAudit | user=null | ip=null | op=WRITE_CHUNK {blockData=conID: 1 locID: 102696732502327797 bcsId: 0} | ret=SUCCESS |  
2019-08-28 21:29:38,673 | INFO  | DNAudit | user=null | ip=null | op=WRITE_CHUNK {blockData=conID: 1 locID: 102696732502327797 bcsId: 0} | ret=SUCCESS |  
2019-08-28 21:29:38,674 | INFO  | DNAudit | user=null | ip=null | op=WRITE_CHUNK {blockData=conID: 1 locID: 102696732502327797 bcsId: 0} | ret=SUCCESS |  
2019-08-28 21:29:38,674 | INFO  | DNAudit | user=null | ip=null | op=WRITE_CHUNK {blockData=conID: 1 locID: 102696732502327797 bcsId: 0} | ret=SUCCESS |  
2019-08-28 21:29:38,675 | INFO  | DNAudit | user=null | ip=null | op=WRITE_CHUNK {blockData=conID: 1 locID: 102696732502327797 bcsId: 0} | ret=SUCCESS |  
2019-08-28 21:29:38,675 | INFO  | DNAudit | user=null | ip=null | op=WRITE_CHUNK {blockData=conID: 1 locID: 102696732502327797 bcsId: 0} | ret=SUCCESS |  
2019-08-28 21:29:38,739 | INFO  | DNAudit | user=null | ip=null | op=WRITE_CHUNK {blockData=conID: 1 locID: 102696732502327797 bcsId: 0} | ret=SUCCESS |  
2019-08-28 21:29:38,739 | INFO  | DNAudit | user=null | ip=null | op=PUT_BLOCK {blockData=[blockId=conID: 1 locID: 102696732502327797 bcsId: 0,size=1048576]} | ret=SUCCESS |  
2019-08-28 21:29:38,739 | INFO  | DNAudit | user=null | ip=null | op=WRITE_CHUNK {blockData=conID: 1 locID: 102696732502327797 bcsId: 0} | ret=SUCCESS |  
2019-08-28 21:29:38,739 [grpc-default-executor-3] INFO  client.GrpcClientProtocolClient (GrpcClientProtocolClient.java:onNext(255)) - client-05DA20D107F8->b461a7b0-028a-4eb5-b268-b89ac225aff8: receive RaftClientReply:client-05DA20D107F8->b461a7b0-028a-4eb5-b268-b89ac225aff8@group-0C8C0AA7542A, cid=1573, SUCCESS, logIndex=2256, commits[b461a7b0-028a-4eb5-b268-b89ac225aff8:c2259, b6ff45f5-67b8-463b-a273-c2e7d9dadd75:c2254, 6a5cb75f-f7eb-4671-9a85-3b6f7898f6cc:c2253]
2019-08-28 21:29:38,740 | INFO  | DNAudit | user=null | ip=null | op=PUT_BLOCK {blockData=[blockId=conID: 1 locID: 102696732502327797 bcsId: 0,size=2097152]} | ret=SUCCESS |  
2019-08-28 21:29:38,740 [grpc-default-executor-3] INFO  client.GrpcClientProtocolClient (GrpcClientProtocolClient.java:onNext(255)) - client-05DA20D107F8->b461a7b0-028a-4eb5-b268-b89ac225aff8: receive RaftClientReply:client-05DA20D107F8->b461a7b0-028a-4eb5-b268-b89ac225aff8@group-0C8C0AA7542A, cid=1574, SUCCESS, logIndex=2257, commits[b461a7b0-028a-4eb5-b268-b89ac225aff8:c2259, b6ff45f5-67b8-463b-a273-c2e7d9dadd75:c2254, 6a5cb75f-f7eb-4671-9a85-3b6f7898f6cc:c2253]
2019-08-28 21:29:38,740 [grpc-default-executor-3] INFO  client.GrpcClientProtocolClient (GrpcClientProtocolClient.java:onNext(255)) - client-05DA20D107F8->b461a7b0-028a-4eb5-b268-b89ac225aff8: receive RaftClientReply:client-05DA20D107F8->b461a7b0-028a-4eb5-b268-b89ac225aff8@group-0C8C0AA7542A, cid=1575, SUCCESS, logIndex=2258, commits[b461a7b0-028a-4eb5-b268-b89ac225aff8:c2259, b6ff45f5-67b8-463b-a273-c2e7d9dadd75:c2254, 6a5cb75f-f7eb-4671-9a85-3b6f7898f6cc:c2253]
2019-08-28 21:29:38,741 [grpc-default-executor-3] INFO  client.GrpcClientProtocolClient (GrpcClientProtocolClient.java:onNext(255)) - client-05DA20D107F8->b461a7b0-028a-4eb5-b268-b89ac225aff8: receive RaftClientReply:client-05DA20D107F8->b461a7b0-028a-4eb5-b268-b89ac225aff8@group-0C8C0AA7542A, cid=1576, SUCCESS, logIndex=2259, commits[b461a7b0-028a-4eb5-b268-b89ac225aff8:c2259, b6ff45f5-67b8-463b-a273-c2e7d9dadd75:c2254, 6a5cb75f-f7eb-4671-9a85-3b6f7898f6cc:c2253]
2019-08-28 21:29:38,751 | INFO  | DNAudit | user=null | ip=null | op=WRITE_CHUNK {blockData=conID: 1 locID: 102696732502327797 bcsId: 0} | ret=SUCCESS |  
2019-08-28 21:29:38,751 | INFO  | DNAudit | user=null | ip=null | op=PUT_BLOCK {blockData=[blockId=conID: 1 locID: 102696732502327797 bcsId: 0,size=1048576]} | ret=SUCCESS |  
2019-08-28 21:29:38,752 | INFO  | DNAudit | user=null | ip=null | op=WRITE_CHUNK {blockData=conID: 1 locID: 102696732502327797 bcsId: 0} | ret=SUCCESS |  
2019-08-28 21:29:38,752 | INFO  | DNAudit | user=null | ip=null | op=PUT_BLOCK {blockData=[blockId=conID: 1 locID: 102696732502327797 bcsId: 0,size=2097152]} | ret=SUCCESS |  
2019-08-28 21:29:38,769 | INFO  | DNAudit | user=null | ip=null | op=WRITE_CHUNK {blockData=conID: 1 locID: 102696732502327797 bcsId: 0} | ret=SUCCESS |  
2019-08-28 21:29:38,769 | INFO  | DNAudit | user=null | ip=null | op=PUT_BLOCK {blockData=[blockId=conID: 1 locID: 102696732502327797 bcsId: 0,size=1048576]} | ret=SUCCESS |  
2019-08-28 21:29:38,769 | INFO  | DNAudit | user=null | ip=null | op=WRITE_CHUNK {blockData=conID: 1 locID: 102696732502327797 bcsId: 0} | ret=SUCCESS |  
2019-08-28 21:29:38,770 | INFO  | DNAudit | user=null | ip=null | op=PUT_BLOCK {blockData=[blockId=conID: 1 locID: 102696732502327797 bcsId: 0,size=2097152]} | ret=SUCCESS |  
2019-08-28 21:29:38,770 [grpc-default-executor-5] INFO  client.GrpcClientProtocolClient (GrpcClientProtocolClient.java:onNext(255)) - client-05DA20D107F8->b461a7b0-028a-4eb5-b268-b89ac225aff8: receive RaftClientReply:client-05DA20D107F8->b461a7b0-028a-4eb5-b268-b89ac225aff8@group-0C8C0AA7542A, cid=1577, SUCCESS, logIndex=0, commits[b461a7b0-028a-4eb5-b268-b89ac225aff8:c2263, b6ff45f5-67b8-463b-a273-c2e7d9dadd75:c2259, 6a5cb75f-f7eb-4671-9a85-3b6f7898f6cc:c2257]
2019-08-28 21:29:38,776 | INFO  | DNAudit | user=null | ip=null | op=WRITE_CHUNK {blockData=conID: 1 locID: 102696732502327797 bcsId: 2259} | ret=SUCCESS |  
2019-08-28 21:29:38,779 | INFO  | DNAudit | user=null | ip=null | op=WRITE_CHUNK {blockData=conID: 1 locID: 102696732502327797 bcsId: 2259} | ret=SUCCESS |  
2019-08-28 21:29:38,779 | INFO  | DNAudit | user=null | ip=null | op=WRITE_CHUNK {blockData=conID: 1 locID: 102696732502327797 bcsId: 2259} | ret=SUCCESS |  
2019-08-28 21:29:38,789 | INFO  | DNAudit | user=null | ip=null | op=WRITE_CHUNK {blockData=conID: 1 locID: 102696732502327797 bcsId: 2259} | ret=SUCCESS |  
2019-08-28 21:29:38,790 | INFO  | DNAudit | user=null | ip=null | op=PUT_BLOCK {blockData=[blockId=conID: 1 locID: 102696732502327797 bcsId: 0,size=3145728]} | ret=SUCCESS |  
2019-08-28 21:29:38,790 [grpc-default-executor-5] INFO  client.GrpcClientProtocolClient (GrpcClientProtocolClient.java:onNext(255)) - client-05DA20D107F8->b461a7b0-028a-4eb5-b268-b89ac225aff8: receive RaftClientReply:client-05DA20D107F8->b461a7b0-028a-4eb5-b268-b89ac225aff8@group-0C8C0AA7542A, cid=1578, SUCCESS, logIndex=2264, commits[b461a7b0-028a-4eb5-b268-b89ac225aff8:c2265, b6ff45f5-67b8-463b-a273-c2e7d9dadd75:c2263, 6a5cb75f-f7eb-4671-9a85-3b6f7898f6cc:c2263]
2019-08-28 21:29:38,790 [grpc-default-executor-5] INFO  client.GrpcClientProtocolClient (GrpcClientProtocolClient.java:onNext(255)) - client-05DA20D107F8->b461a7b0-028a-4eb5-b268-b89ac225aff8: receive RaftClientReply:client-05DA20D107F8->b461a7b0-028a-4eb5-b268-b89ac225aff8@group-0C8C0AA7542A, cid=1579, SUCCESS, logIndex=2265, commits[b461a7b0-028a-4eb5-b268-b89ac225aff8:c2265, b6ff45f5-67b8-463b-a273-c2e7d9dadd75:c2263, 6a5cb75f-f7eb-4671-9a85-3b6f7898f6cc:c2263]
2019-08-28 21:29:38,797 | INFO  | DNAudit | user=null | ip=null | op=WRITE_CHUNK {blockData=conID: 1 locID: 102696732502327797 bcsId: 2265} | ret=SUCCESS |  
2019-08-28 21:29:38,799 | INFO  | DNAudit | user=null | ip=null | op=WRITE_CHUNK {blockData=conID: 1 locID: 102696732502327797 bcsId: 2265} | ret=SUCCESS |  
2019-08-28 21:29:38,799 | INFO  | DNAudit | user=null | ip=null | op=WRITE_CHUNK {blockData=conID: 1 locID: 102696732502327797 bcsId: 2265} | ret=SUCCESS |  
2019-08-28 21:29:38,800 | INFO  | DNAudit | user=null | ip=null | op=WRITE_CHUNK {blockData=conID: 1 locID: 102696732502327797 bcsId: 2259} | ret=SUCCESS |  
2019-08-28 21:29:38,800 | INFO  | DNAudit | user=null | ip=null | op=WRITE_CHUNK {blockData=conID: 1 locID: 102696732502327797 bcsId: 2259} | ret=SUCCESS |  
2019-08-28 21:29:38,801 | INFO  | DNAudit | user=null | ip=null | op=PUT_BLOCK {blockData=[blockId=conID: 1 locID: 102696732502327797 bcsId: 0,size=3145728]} | ret=SUCCESS |  
2019-08-28 21:29:38,801 | INFO  | DNAudit | user=null | ip=null | op=PUT_BLOCK {blockData=[blockId=conID: 1 locID: 102696732502327797 bcsId: 0,size=3145728]} | ret=SUCCESS |  
2019-08-28 21:29:38,802 | INFO  | DNAudit | user=null | ip=null | op=WRITE_CHUNK {blockData=conID: 1 locID: 102696732502327797 bcsId: 2265} | ret=SUCCESS |  
2019-08-28 21:29:38,802 | INFO  | DNAudit | user=null | ip=null | op=PUT_BLOCK {blockData=[blockId=conID: 1 locID: 102696732502327797 bcsId: 0,size=4194304]} | ret=SUCCESS |  
2019-08-28 21:29:38,802 [grpc-default-executor-3] INFO  client.GrpcClientProtocolClient (GrpcClientProtocolClient.java:onNext(255)) - client-05DA20D107F8->b461a7b0-028a-4eb5-b268-b89ac225aff8: receive RaftClientReply:client-05DA20D107F8->b461a7b0-028a-4eb5-b268-b89ac225aff8@group-0C8C0AA7542A, cid=1580, SUCCESS, logIndex=2268, commits[b461a7b0-028a-4eb5-b268-b89ac225aff8:c2269, b6ff45f5-67b8-463b-a273-c2e7d9dadd75:c2265, 6a5cb75f-f7eb-4671-9a85-3b6f7898f6cc:c2265]
2019-08-28 21:29:38,803 [grpc-default-executor-3] INFO  client.GrpcClientProtocolClient (GrpcClientProtocolClient.java:onNext(255)) - client-05DA20D107F8->b461a7b0-028a-4eb5-b268-b89ac225aff8: receive RaftClientReply:client-05DA20D107F8->b461a7b0-028a-4eb5-b268-b89ac225aff8@group-0C8C0AA7542A, cid=1581, SUCCESS, logIndex=2269, commits[b461a7b0-028a-4eb5-b268-b89ac225aff8:c2269, b6ff45f5-67b8-463b-a273-c2e7d9dadd75:c2265, 6a5cb75f-f7eb-4671-9a85-3b6f7898f6cc:c2265]
2019-08-28 21:29:38,815 | INFO  | DNAudit | user=null | ip=null | op=WRITE_CHUNK {blockData=conID: 1 locID: 102696732502327797 bcsId: 2265} | ret=SUCCESS |  
2019-08-28 21:29:38,816 | INFO  | DNAudit | user=null | ip=null | op=WRITE_CHUNK {blockData=conID: 1 locID: 102696732502327797 bcsId: 2265} | ret=SUCCESS |  
2019-08-28 21:29:38,817 | INFO  | DNAudit | user=null | ip=null | op=PUT_BLOCK {blockData=[blockId=conID: 1 locID: 102696732502327797 bcsId: 0,size=4194304]} | ret=SUCCESS |  
2019-08-28 21:29:38,817 | INFO  | DNAudit | user=null | ip=null | op=PUT_BLOCK {blockData=[blockId=conID: 1 locID: 102696732502327797 bcsId: 0,size=4194304]} | ret=SUCCESS |  
2019-08-28 21:29:38,817 [grpc-default-executor-5] INFO  client.GrpcClientProtocolClient (GrpcClientProtocolClient.java:onNext(255)) - client-05DA20D107F8->b461a7b0-028a-4eb5-b268-b89ac225aff8: receive RaftClientReply:client-05DA20D107F8->b461a7b0-028a-4eb5-b268-b89ac225aff8@group-0C8C0AA7542A, cid=1582, SUCCESS, logIndex=0, commits[b461a7b0-028a-4eb5-b268-b89ac225aff8:c2271, b6ff45f5-67b8-463b-a273-c2e7d9dadd75:c2269, 6a5cb75f-f7eb-4671-9a85-3b6f7898f6cc:c2269]
2019-08-28 21:29:38,821 | INFO  | SCMAudit | user=jenkins1000 | ip=127.0.0.1 | op=ALLOCATE_BLOCK {owner=a0140aad-a474-4492-a39d-25bd6167d9f0, size=4194304, type=RATIS, factor=THREE} | ret=SUCCESS |  
2019-08-28 21:29:38,823 | INFO  | OMAudit | user=jenkins1000 | ip=127.0.0.1 | op=ALLOCATE_BLOCK {volume=vol-0-08922, bucket=bucket-0-29862, key=key-0-31337, dataSize=0, replicationType=null, replicationFactor=null, keyLocationInfo=null, clientID=102696731548516754} | ret=SUCCESS |  
2019-08-28 21:29:38,829 | INFO  | DNAudit | user=null | ip=null | op=WRITE_CHUNK {blockData=conID: 2 locID: 102696732512813558 bcsId: 0} | ret=SUCCESS |  
2019-08-28 21:29:38,831 | INFO  | DNAudit | user=null | ip=null | op=WRITE_CHUNK {blockData=conID: 2 locID: 102696732512813558 bcsId: 0} | ret=SUCCESS |  
2019-08-28 21:29:38,831 | INFO  | DNAudit | user=null | ip=null | op=WRITE_CHUNK {blockData=conID: 2 locID: 102696732512813558 bcsId: 0} | ret=SUCCESS |  
2019-08-28 21:29:38,832 | INFO  | DNAudit | user=null | ip=null | op=WRITE_CHUNK {blockData=conID: 2 locID: 102696732512813558 bcsId: 0} | ret=SUCCESS |  
2019-08-28 21:29:38,834 | INFO  | DNAudit | user=null | ip=null | op=WRITE_CHUNK {blockData=conID: 2 locID: 102696732512813558 bcsId: 0} | ret=SUCCESS |  
2019-08-28 21:29:38,834 | INFO  | DNAudit | user=null | ip=null | op=WRITE_CHUNK {blockData=conID: 2 locID: 102696732512813558 bcsId: 0} | ret=SUCCESS |  
2019-08-28 21:29:38,851 | INFO  | DNAudit | user=null | ip=null | op=WRITE_CHUNK {blockData=conID: 2 locID: 102696732512813558 bcsId: 0} | ret=SUCCESS |  
2019-08-28 21:29:38,852 | INFO  | DNAudit | user=null | ip=null | op=PUT_BLOCK {blockData=[blockId=conID: 2 locID: 102696732512813558 bcsId: 0,size=1048576]} | ret=SUCCESS |  
2019-08-28 21:29:38,852 [grpc-default-executor-2] INFO  client.GrpcClientProtocolClient (GrpcClientProtocolClient.java:onNext(255)) - client-05DA20D107F8->b461a7b0-028a-4eb5-b268-b89ac225aff8: receive RaftClientReply:client-05DA20D107F8->b461a7b0-028a-4eb5-b268-b89ac225aff8@group-0C8C0AA7542A, cid=1583, SUCCESS, logIndex=2272, commits[b461a7b0-028a-4eb5-b268-b89ac225aff8:c2273, b6ff45f5-67b8-463b-a273-c2e7d9dadd75:c2271, 6a5cb75f-f7eb-4671-9a85-3b6f7898f6cc:c2271]
2019-08-28 21:29:38,852 [grpc-default-executor-2] INFO  client.GrpcClientProtocolClient (GrpcClientProtocolClient.java:onNext(255)) - client-05DA20D107F8->b461a7b0-028a-4eb5-b268-b89ac225aff8: receive RaftClientReply:client-05DA20D107F8->b461a7b0-028a-4eb5-b268-b89ac225aff8@group-0C8C0AA7542A, cid=1584, SUCCESS, logIndex=2273, commits[b461a7b0-028a-4eb5-b268-b89ac225aff8:c2273, b6ff45f5-67b8-463b-a273-c2e7d9dadd75:c2271, 6a5cb75f-f7eb-4671-9a85-3b6f7898f6cc:c2271]
2019-08-28 21:29:38,860 | INFO  | DNAudit | user=null | ip=null | op=WRITE_CHUNK {blockData=conID: 2 locID: 102696732512813558 bcsId: 0} | ret=SUCCESS |  
2019-08-28 21:29:38,860 | INFO  | DNAudit | user=null | ip=null | op=PUT_BLOCK {blockData=[blockId=conID: 2 locID: 102696732512813558 bcsId: 0,size=2097152]} | ret=SUCCESS |  
2019-08-28 21:29:38,860 [grpc-default-executor-3] INFO  client.GrpcClientProtocolClient (GrpcClientProtocolClient.java:onNext(255)) - client-05DA20D107F8->b461a7b0-028a-4eb5-b268-b89ac225aff8: receive RaftClientReply:client-05DA20D107F8->b461a7b0-028a-4eb5-b268-b89ac225aff8@group-0C8C0AA7542A, cid=1585, SUCCESS, logIndex=2274, commits[b461a7b0-028a-4eb5-b268-b89ac225aff8:c2275, b6ff45f5-67b8-463b-a273-c2e7d9dadd75:c2271, 6a5cb75f-f7eb-4671-9a85-3b6f7898f6cc:c2271]
2019-08-28 21:29:38,861 | INFO  | DNAudit | user=null | ip=null | op=WRITE_CHUNK {blockData=conID: 2 locID: 102696732512813558 bcsId: 0} | ret=SUCCESS |  
2019-08-28 21:29:38,861 [grpc-default-executor-3] INFO  client.GrpcClientProtocolClient (GrpcClientProtocolClient.java:onNext(255)) - client-05DA20D107F8->b461a7b0-028a-4eb5-b268-b89ac225aff8: receive RaftClientReply:client-05DA20D107F8->b461a7b0-028a-4eb5-b268-b89ac225aff8@group-0C8C0AA7542A, cid=1586, SUCCESS, logIndex=2275, commits[b461a7b0-028a-4eb5-b268-b89ac225aff8:c2275, b6ff45f5-67b8-463b-a273-c2e7d9dadd75:c2271, 6a5cb75f-f7eb-4671-9a85-3b6f7898f6cc:c2271]
2019-08-28 21:29:38,861 | INFO  | DNAudit | user=null | ip=null | op=PUT_BLOCK {blockData=[blockId=conID: 2 locID: 102696732512813558 bcsId: 0,size=1048576]} | ret=SUCCESS |  
2019-08-28 21:29:38,861 | INFO  | DNAudit | user=null | ip=null | op=WRITE_CHUNK {blockData=conID: 2 locID: 102696732512813558 bcsId: 0} | ret=SUCCESS |  
2019-08-28 21:29:38,862 | INFO  | DNAudit | user=null | ip=null | op=PUT_BLOCK {blockData=[blockId=conID: 2 locID: 102696732512813558 bcsId: 0,size=1048576]} | ret=SUCCESS |  
2019-08-28 21:29:38,862 [grpc-default-executor-6] INFO  client.GrpcClientProtocolClient (GrpcClientProtocolClient.java:onNext(255)) - client-05DA20D107F8->b461a7b0-028a-4eb5-b268-b89ac225aff8: receive RaftClientReply:client-05DA20D107F8->b461a7b0-028a-4eb5-b268-b89ac225aff8@group-0C8C0AA7542A, cid=1587, SUCCESS, logIndex=0, commits[b461a7b0-028a-4eb5-b268-b89ac225aff8:c2277, b6ff45f5-67b8-463b-a273-c2e7d9dadd75:c2273, 6a5cb75f-f7eb-4671-9a85-3b6f7898f6cc:c2273]
2019-08-28 21:29:38,862 | INFO  | DNAudit | user=null | ip=null | op=WRITE_CHUNK {blockData=conID: 2 locID: 102696732512813558 bcsId: 0} | ret=SUCCESS |  
2019-08-28 21:29:38,862 | INFO  | DNAudit | user=null | ip=null | op=PUT_BLOCK {blockData=[blockId=conID: 2 locID: 102696732512813558 bcsId: 0,size=2097152]} | ret=SUCCESS |  
2019-08-28 21:29:38,863 | INFO  | DNAudit | user=null | ip=null | op=WRITE_CHUNK {blockData=conID: 2 locID: 102696732512813558 bcsId: 0} | ret=SUCCESS |  
2019-08-28 21:29:38,863 | INFO  | DNAudit | user=null | ip=null | op=PUT_BLOCK {blockData=[blockId=conID: 2 locID: 102696732512813558 bcsId: 0,size=2097152]} | ret=SUCCESS |  
2019-08-28 21:29:38,868 | INFO  | DNAudit | user=null | ip=null | op=WRITE_CHUNK {blockData=conID: 2 locID: 102696732512813558 bcsId: 2275} | ret=SUCCESS |  
2019-08-28 21:29:38,869 | INFO  | DNAudit | user=null | ip=null | op=WRITE_CHUNK {blockData=conID: 2 locID: 102696732512813558 bcsId: 2275} | ret=SUCCESS |  
2019-08-28 21:29:38,870 | INFO  | DNAudit | user=null | ip=null | op=WRITE_CHUNK {blockData=conID: 2 locID: 102696732512813558 bcsId: 2275} | ret=SUCCESS |  
2019-08-28 21:29:38,895 | INFO  | DNAudit | user=null | ip=null | op=WRITE_CHUNK {blockData=conID: 2 locID: 102696732512813558 bcsId: 2275} | ret=SUCCESS |  
2019-08-28 21:29:38,896 | INFO  | DNAudit | user=null | ip=null | op=PUT_BLOCK {blockData=[blockId=conID: 2 locID: 102696732512813558 bcsId: 0,size=3145728]} | ret=SUCCESS |  
2019-08-28 21:29:38,896 [grpc-default-executor-6] INFO  client.GrpcClientProtocolClient (GrpcClientProtocolClient.java:onNext(255)) - client-05DA20D107F8->b461a7b0-028a-4eb5-b268-b89ac225aff8: receive RaftClientReply:client-05DA20D107F8->b461a7b0-028a-4eb5-b268-b89ac225aff8@group-0C8C0AA7542A, cid=1588, SUCCESS, logIndex=2280, commits[b461a7b0-028a-4eb5-b268-b89ac225aff8:c2281, b6ff45f5-67b8-463b-a273-c2e7d9dadd75:c2279, 6a5cb75f-f7eb-4671-9a85-3b6f7898f6cc:c2279]
2019-08-28 21:29:38,896 [grpc-default-executor-6] INFO  client.GrpcClientProtocolClient (GrpcClientProtocolClient.java:onNext(255)) - client-05DA20D107F8->b461a7b0-028a-4eb5-b268-b89ac225aff8: receive RaftClientReply:client-05DA20D107F8->b461a7b0-028a-4eb5-b268-b89ac225aff8@group-0C8C0AA7542A, cid=1589, SUCCESS, logIndex=2281, commits[b461a7b0-028a-4eb5-b268-b89ac225aff8:c2281, b6ff45f5-67b8-463b-a273-c2e7d9dadd75:c2279, 6a5cb75f-f7eb-4671-9a85-3b6f7898f6cc:c2279]
2019-08-28 21:29:38,902 | INFO  | DNAudit | user=null | ip=null | op=WRITE_CHUNK {blockData=conID: 2 locID: 102696732512813558 bcsId: 2281} | ret=SUCCESS |  
2019-08-28 21:29:38,904 | INFO  | DNAudit | user=null | ip=null | op=WRITE_CHUNK {blockData=conID: 2 locID: 102696732512813558 bcsId: 2281} | ret=SUCCESS |  
2019-08-28 21:29:38,905 | INFO  | DNAudit | user=null | ip=null | op=WRITE_CHUNK {blockData=conID: 2 locID: 102696732512813558 bcsId: 2281} | ret=SUCCESS |  
2019-08-28 21:29:38,906 | INFO  | DNAudit | user=null | ip=null | op=WRITE_CHUNK {blockData=conID: 2 locID: 102696732512813558 bcsId: 2275} | ret=SUCCESS |  
2019-08-28 21:29:38,906 | INFO  | DNAudit | user=null | ip=null | op=WRITE_CHUNK {blockData=conID: 2 locID: 102696732512813558 bcsId: 2275} | ret=SUCCESS |  
2019-08-28 21:29:38,907 | INFO  | DNAudit | user=null | ip=null | op=PUT_BLOCK {blockData=[blockId=conID: 2 locID: 102696732512813558 bcsId: 0,size=3145728]} | ret=SUCCESS |  
2019-08-28 21:29:38,907 | INFO  | DNAudit | user=null | ip=null | op=PUT_BLOCK {blockData=[blockId=conID: 2 locID: 102696732512813558 bcsId: 0,size=3145728]} | ret=SUCCESS |  
2019-08-28 21:29:38,908 | INFO  | DNAudit | user=null | ip=null | op=WRITE_CHUNK {blockData=conID: 2 locID: 102696732512813558 bcsId: 2281} | ret=SUCCESS |  
2019-08-28 21:29:38,908 | INFO  | DNAudit | user=null | ip=null | op=PUT_BLOCK {blockData=[blockId=conID: 2 locID: 102696732512813558 bcsId: 0,size=4194304]} | ret=SUCCESS |  
2019-08-28 21:29:38,908 [grpc-default-executor-3] INFO  client.GrpcClientProtocolClient (GrpcClientProtocolClient.java:onNext(255)) - client-05DA20D107F8->b461a7b0-028a-4eb5-b268-b89ac225aff8: receive RaftClientReply:client-05DA20D107F8->b461a7b0-028a-4eb5-b268-b89ac225aff8@group-0C8C0AA7542A, cid=1590, SUCCESS, logIndex=2284, commits[b461a7b0-028a-4eb5-b268-b89ac225aff8:c2285, b6ff45f5-67b8-463b-a273-c2e7d9dadd75:c2281, 6a5cb75f-f7eb-4671-9a85-3b6f7898f6cc:c2281]
2019-08-28 21:29:38,909 [grpc-default-executor-3] INFO  client.GrpcClientProtocolClient (GrpcClientProtocolClient.java:onNext(255)) - client-05DA20D107F8->b461a7b0-028a-4eb5-b268-b89ac225aff8: receive RaftClientReply:client-05DA20D107F8->b461a7b0-028a-4eb5-b268-b89ac225aff8@group-0C8C0AA7542A, cid=1591, SUCCESS, logIndex=2285, commits[b461a7b0-028a-4eb5-b268-b89ac225aff8:c2285, b6ff45f5-67b8-463b-a273-c2e7d9dadd75:c2281, 6a5cb75f-f7eb-4671-9a85-3b6f7898f6cc:c2281]
2019-08-28 21:29:38,922 | INFO  | DNAudit | user=null | ip=null | op=WRITE_CHUNK {blockData=conID: 2 locID: 102696732512813558 bcsId: 2281} | ret=SUCCESS |  
2019-08-28 21:29:38,922 | INFO  | DNAudit | user=null | ip=null | op=WRITE_CHUNK {blockData=conID: 2 locID: 102696732512813558 bcsId: 2281} | ret=SUCCESS |  
2019-08-28 21:29:38,922 | INFO  | DNAudit | user=null | ip=null | op=PUT_BLOCK {blockData=[blockId=conID: 2 locID: 102696732512813558 bcsId: 0,size=4194304]} | ret=SUCCESS |  
2019-08-28 21:29:38,922 | INFO  | DNAudit | user=null | ip=null | op=PUT_BLOCK {blockData=[blockId=conID: 2 locID: 102696732512813558 bcsId: 0,size=4194304]} | ret=SUCCESS |  
2019-08-28 21:29:38,922 [grpc-default-executor-2] INFO  client.GrpcClientProtocolClient (GrpcClientProtocolClient.java:onNext(255)) - client-05DA20D107F8->b461a7b0-028a-4eb5-b268-b89ac225aff8: receive RaftClientReply:client-05DA20D107F8->b461a7b0-028a-4eb5-b268-b89ac225aff8@group-0C8C0AA7542A, cid=1592, SUCCESS, logIndex=0, commits[b461a7b0-028a-4eb5-b268-b89ac225aff8:c2286, b6ff45f5-67b8-463b-a273-c2e7d9dadd75:c2285, 6a5cb75f-f7eb-4671-9a85-3b6f7898f6cc:c2285]
2019-08-28 21:29:38,926 | INFO  | SCMAudit | user=jenkins1000 | ip=127.0.0.1 | op=ALLOCATE_BLOCK {owner=a0140aad-a474-4492-a39d-25bd6167d9f0, size=4194304, type=RATIS, factor=THREE} | ret=SUCCESS |  
2019-08-28 21:29:38,928 | INFO  | OMAudit | user=jenkins1000 | ip=127.0.0.1 | op=ALLOCATE_BLOCK {volume=vol-0-08922, bucket=bucket-0-29862, key=key-0-31337, dataSize=0, replicationType=null, replicationFactor=null, keyLocationInfo=null, clientID=102696731548516754} | ret=SUCCESS |  
2019-08-28 21:29:38,935 | INFO  | DNAudit | user=null | ip=null | op=WRITE_CHUNK {blockData=conID: 3 locID: 102696732519694839 bcsId: 0} | ret=SUCCESS |  
2019-08-28 21:29:38,937 | INFO  | DNAudit | user=null | ip=null | op=WRITE_CHUNK {blockData=conID: 3 locID: 102696732519694839 bcsId: 0} | ret=SUCCESS |  
2019-08-28 21:29:38,937 | INFO  | DNAudit | user=null | ip=null | op=WRITE_CHUNK {blockData=conID: 3 locID: 102696732519694839 bcsId: 0} | ret=SUCCESS |  
2019-08-28 21:29:38,937 | INFO  | DNAudit | user=null | ip=null | op=WRITE_CHUNK {blockData=conID: 3 locID: 102696732519694839 bcsId: 0} | ret=SUCCESS |  
2019-08-28 21:29:38,939 | INFO  | DNAudit | user=null | ip=null | op=WRITE_CHUNK {blockData=conID: 3 locID: 102696732519694839 bcsId: 0} | ret=SUCCESS |  
2019-08-28 21:29:38,940 | INFO  | DNAudit | user=null | ip=null | op=WRITE_CHUNK {blockData=conID: 3 locID: 102696732519694839 bcsId: 0} | ret=SUCCESS |  
2019-08-28 21:29:38,942 | INFO  | DNAudit | user=null | ip=null | op=WRITE_CHUNK {blockData=conID: 3 locID: 102696732519694839 bcsId: 0} | ret=SUCCESS |  
2019-08-28 21:29:38,943 | INFO  | DNAudit | user=null | ip=null | op=PUT_BLOCK {blockData=[blockId=conID: 3 locID: 102696732519694839 bcsId: 0,size=1048576]} | ret=SUCCESS |  
2019-08-28 21:29:38,943 [grpc-default-executor-6] INFO  client.GrpcClientProtocolClient (GrpcClientProtocolClient.java:onNext(255)) - client-05DA20D107F8->b461a7b0-028a-4eb5-b268-b89ac225aff8: receive RaftClientReply:client-05DA20D107F8->b461a7b0-028a-4eb5-b268-b89ac225aff8@group-0C8C0AA7542A, cid=1593, SUCCESS, logIndex=2288, commits[b461a7b0-028a-4eb5-b268-b89ac225aff8:c2289, b6ff45f5-67b8-463b-a273-c2e7d9dadd75:c2287, 6a5cb75f-f7eb-4671-9a85-3b6f7898f6cc:c2287]
2019-08-28 21:29:38,944 [grpc-default-executor-6] INFO  client.GrpcClientProtocolClient (GrpcClientProtocolClient.java:onNext(255)) - client-05DA20D107F8->b461a7b0-028a-4eb5-b268-b89ac225aff8: receive RaftClientReply:client-05DA20D107F8->b461a7b0-028a-4eb5-b268-b89ac225aff8@group-0C8C0AA7542A, cid=1594, SUCCESS, logIndex=2289, commits[b461a7b0-028a-4eb5-b268-b89ac225aff8:c2289, b6ff45f5-67b8-463b-a273-c2e7d9dadd75:c2287, 6a5cb75f-f7eb-4671-9a85-3b6f7898f6cc:c2287]
2019-08-28 21:29:38,967 | INFO  | DNAudit | user=null | ip=null | op=WRITE_CHUNK {blockData=conID: 3 locID: 102696732519694839 bcsId: 0} | ret=SUCCESS |  
2019-08-28 21:29:38,967 | INFO  | DNAudit | user=null | ip=null | op=PUT_BLOCK {blockData=[blockId=conID: 3 locID: 102696732519694839 bcsId: 0,size=2097152]} | ret=SUCCESS |  
2019-08-28 21:29:38,968 | INFO  | DNAudit | user=null | ip=null | op=WRITE_CHUNK {blockData=conID: 3 locID: 102696732519694839 bcsId: 0} | ret=SUCCESS |  
2019-08-28 21:29:38,968 | INFO  | DNAudit | user=null | ip=null | op=PUT_BLOCK {blockData=[blockId=conID: 3 locID: 102696732519694839 bcsId: 0,size=1048576]} | ret=SUCCESS |  
2019-08-28 21:29:38,968 [grpc-default-executor-2] INFO  client.GrpcClientProtocolClient (GrpcClientProtocolClient.java:onNext(255)) - client-05DA20D107F8->b461a7b0-028a-4eb5-b268-b89ac225aff8: receive RaftClientReply:client-05DA20D107F8->b461a7b0-028a-4eb5-b268-b89ac225aff8@group-0C8C0AA7542A, cid=1595, SUCCESS, logIndex=2290, commits[b461a7b0-028a-4eb5-b268-b89ac225aff8:c2291, b6ff45f5-67b8-463b-a273-c2e7d9dadd75:c2287, 6a5cb75f-f7eb-4671-9a85-3b6f7898f6cc:c2287]
2019-08-28 21:29:38,968 [grpc-default-executor-2] INFO  client.GrpcClientProtocolClient (GrpcClientProtocolClient.java:onNext(255)) - client-05DA20D107F8->b461a7b0-028a-4eb5-b268-b89ac225aff8: receive RaftClientReply:client-05DA20D107F8->b461a7b0-028a-4eb5-b268-b89ac225aff8@group-0C8C0AA7542A, cid=1596, SUCCESS, logIndex=2291, commits[b461a7b0-028a-4eb5-b268-b89ac225aff8:c2291, b6ff45f5-67b8-463b-a273-c2e7d9dadd75:c2287, 6a5cb75f-f7eb-4671-9a85-3b6f7898f6cc:c2287]
2019-08-28 21:29:38,968 | INFO  | DNAudit | user=null | ip=null | op=WRITE_CHUNK {blockData=conID: 3 locID: 102696732519694839 bcsId: 0} | ret=SUCCESS |  
2019-08-28 21:29:38,969 | INFO  | DNAudit | user=null | ip=null | op=PUT_BLOCK {blockData=[blockId=conID: 3 locID: 102696732519694839 bcsId: 0,size=1048576]} | ret=SUCCESS |  
2019-08-28 21:29:38,969 | INFO  | DNAudit | user=null | ip=null | op=WRITE_CHUNK {blockData=conID: 3 locID: 102696732519694839 bcsId: 0} | ret=SUCCESS |  
2019-08-28 21:29:38,969 | INFO  | DNAudit | user=null | ip=null | op=PUT_BLOCK {blockData=[blockId=conID: 3 locID: 102696732519694839 bcsId: 0,size=2097152]} | ret=SUCCESS |  
2019-08-28 21:29:38,969 [grpc-default-executor-2] INFO  client.GrpcClientProtocolClient (GrpcClientProtocolClient.java:onNext(255)) - client-05DA20D107F8->b461a7b0-028a-4eb5-b268-b89ac225aff8: receive RaftClientReply:client-05DA20D107F8->b461a7b0-028a-4eb5-b268-b89ac225aff8@group-0C8C0AA7542A, cid=1597, SUCCESS, logIndex=0, commits[b461a7b0-028a-4eb5-b268-b89ac225aff8:c2293, b6ff45f5-67b8-463b-a273-c2e7d9dadd75:c2289, 6a5cb75f-f7eb-4671-9a85-3b6f7898f6cc:c2289]
2019-08-28 21:29:38,970 | INFO  | DNAudit | user=null | ip=null | op=WRITE_CHUNK {blockData=conID: 3 locID: 102696732519694839 bcsId: 0} | ret=SUCCESS |  
2019-08-28 21:29:38,970 | INFO  | DNAudit | user=null | ip=null | op=PUT_BLOCK {blockData=[blockId=conID: 3 locID: 102696732519694839 bcsId: 0,size=2097152]} | ret=SUCCESS |  
2019-08-28 21:29:38,975 | INFO  | DNAudit | user=null | ip=null | op=WRITE_CHUNK {blockData=conID: 3 locID: 102696732519694839 bcsId: 2291} | ret=SUCCESS |  
2019-08-28 21:29:38,978 | INFO  | DNAudit | user=null | ip=null | op=WRITE_CHUNK {blockData=conID: 3 locID: 102696732519694839 bcsId: 2291} | ret=SUCCESS |  
2019-08-28 21:29:38,978 | INFO  | DNAudit | user=null | ip=null | op=WRITE_CHUNK {blockData=conID: 3 locID: 102696732519694839 bcsId: 2291} | ret=SUCCESS |  
2019-08-28 21:29:39,000 | INFO  | DNAudit | user=null | ip=null | op=WRITE_CHUNK {blockData=conID: 3 locID: 102696732519694839 bcsId: 2291} | ret=SUCCESS |  
2019-08-28 21:29:39,000 | INFO  | DNAudit | user=null | ip=null | op=PUT_BLOCK {blockData=[blockId=conID: 3 locID: 102696732519694839 bcsId: 0,size=3145728]} | ret=SUCCESS |  
2019-08-28 21:29:39,000 [grpc-default-executor-3] INFO  client.GrpcClientProtocolClient (GrpcClientProtocolClient.java:onNext(255)) - client-05DA20D107F8->b461a7b0-028a-4eb5-b268-b89ac225aff8: receive RaftClientReply:client-05DA20D107F8->b461a7b0-028a-4eb5-b268-b89ac225aff8@group-0C8C0AA7542A, cid=1598, SUCCESS, logIndex=2296, commits[b461a7b0-028a-4eb5-b268-b89ac225aff8:c2297, b6ff45f5-67b8-463b-a273-c2e7d9dadd75:c2295, 6a5cb75f-f7eb-4671-9a85-3b6f7898f6cc:c2295]
2019-08-28 21:29:39,001 [grpc-default-executor-3] INFO  client.GrpcClientProtocolClient (GrpcClientProtocolClient.java:onNext(255)) - client-05DA20D107F8->b461a7b0-028a-4eb5-b268-b89ac225aff8: receive RaftClientReply:client-05DA20D107F8->b461a7b0-028a-4eb5-b268-b89ac225aff8@group-0C8C0AA7542A, cid=1599, SUCCESS, logIndex=2297, commits[b461a7b0-028a-4eb5-b268-b89ac225aff8:c2297, b6ff45f5-67b8-463b-a273-c2e7d9dadd75:c2295, 6a5cb75f-f7eb-4671-9a85-3b6f7898f6cc:c2295]
2019-08-28 21:29:39,006 | INFO  | DNAudit | user=null | ip=null | op=WRITE_CHUNK {blockData=conID: 3 locID: 102696732519694839 bcsId: 2297} | ret=SUCCESS |  
2019-08-28 21:29:39,009 | INFO  | DNAudit | user=null | ip=null | op=WRITE_CHUNK {blockData=conID: 3 locID: 102696732519694839 bcsId: 2297} | ret=SUCCESS |  
2019-08-28 21:29:39,009 | INFO  | DNAudit | user=null | ip=null | op=WRITE_CHUNK {blockData=conID: 3 locID: 102696732519694839 bcsId: 2297} | ret=SUCCESS |  
2019-08-28 21:29:39,016 | INFO  | DNAudit | user=null | ip=null | op=WRITE_CHUNK {blockData=conID: 3 locID: 102696732519694839 bcsId: 2291} | ret=SUCCESS |  
2019-08-28 21:29:39,016 | INFO  | DNAudit | user=null | ip=null | op=WRITE_CHUNK {blockData=conID: 3 locID: 102696732519694839 bcsId: 2291} | ret=SUCCESS |  
2019-08-28 21:29:39,016 | INFO  | DNAudit | user=null | ip=null | op=PUT_BLOCK {blockData=[blockId=conID: 3 locID: 102696732519694839 bcsId: 0,size=3145728]} | ret=SUCCESS |  
2019-08-28 21:29:39,016 | INFO  | DNAudit | user=null | ip=null | op=PUT_BLOCK {blockData=[blockId=conID: 3 locID: 102696732519694839 bcsId: 0,size=3145728]} | ret=SUCCESS |  
2019-08-28 21:29:39,018 | INFO  | DNAudit | user=null | ip=null | op=WRITE_CHUNK {blockData=conID: 3 locID: 102696732519694839 bcsId: 2297} | ret=SUCCESS |  
2019-08-28 21:29:39,018 | INFO  | DNAudit | user=null | ip=null | op=PUT_BLOCK {blockData=[blockId=conID: 3 locID: 102696732519694839 bcsId: 0,size=4194304]} | ret=SUCCESS |  
2019-08-28 21:29:39,018 [grpc-default-executor-3] INFO  client.GrpcClientProtocolClient (GrpcClientProtocolClient.java:onNext(255)) - client-05DA20D107F8->b461a7b0-028a-4eb5-b268-b89ac225aff8: receive RaftClientReply:client-05DA20D107F8->b461a7b0-028a-4eb5-b268-b89ac225aff8@group-0C8C0AA7542A, cid=1600, SUCCESS, logIndex=2300, commits[b461a7b0-028a-4eb5-b268-b89ac225aff8:c2301, b6ff45f5-67b8-463b-a273-c2e7d9dadd75:c2297, 6a5cb75f-f7eb-4671-9a85-3b6f7898f6cc:c2297]
2019-08-28 21:29:39,019 [grpc-default-executor-3] INFO  client.GrpcClientProtocolClient (GrpcClientProtocolClient.java:onNext(255)) - client-05DA20D107F8->b461a7b0-028a-4eb5-b268-b89ac225aff8: receive RaftClientReply:client-05DA20D107F8->b461a7b0-028a-4eb5-b268-b89ac225aff8@group-0C8C0AA7542A, cid=1601, SUCCESS, logIndex=2301, commits[b461a7b0-028a-4eb5-b268-b89ac225aff8:c2301, b6ff45f5-67b8-463b-a273-c2e7d9dadd75:c2297, 6a5cb75f-f7eb-4671-9a85-3b6f7898f6cc:c2297]
2019-08-28 21:29:39,040 | INFO  | DNAudit | user=null | ip=null | op=WRITE_CHUNK {blockData=conID: 3 locID: 102696732519694839 bcsId: 2297} | ret=SUCCESS |  
2019-08-28 21:29:39,040 | INFO  | DNAudit | user=null | ip=null | op=WRITE_CHUNK {blockData=conID: 3 locID: 102696732519694839 bcsId: 2297} | ret=SUCCESS |  
2019-08-28 21:29:39,041 | INFO  | DNAudit | user=null | ip=null | op=PUT_BLOCK {blockData=[blockId=conID: 3 locID: 102696732519694839 bcsId: 0,size=4194304]} | ret=SUCCESS |  
2019-08-28 21:29:39,041 | INFO  | DNAudit | user=null | ip=null | op=PUT_BLOCK {blockData=[blockId=conID: 3 locID: 102696732519694839 bcsId: 0,size=4194304]} | ret=SUCCESS |  
2019-08-28 21:29:39,042 [grpc-default-executor-2] INFO  client.GrpcClientProtocolClient (GrpcClientProtocolClient.java:onNext(255)) - client-05DA20D107F8->b461a7b0-028a-4eb5-b268-b89ac225aff8: receive RaftClientReply:client-05DA20D107F8->b461a7b0-028a-4eb5-b268-b89ac225aff8@group-0C8C0AA7542A, cid=1602, SUCCESS, logIndex=0, commits[b461a7b0-028a-4eb5-b268-b89ac225aff8:c2303, b6ff45f5-67b8-463b-a273-c2e7d9dadd75:c2301, 6a5cb75f-f7eb-4671-9a85-3b6f7898f6cc:c2301]
2019-08-28 21:29:39,048 | INFO  | SCMAudit | user=jenkins1000 | ip=127.0.0.1 | op=ALLOCATE_BLOCK {owner=a0140aad-a474-4492-a39d-25bd6167d9f0, size=4194304, type=RATIS, factor=THREE} | ret=SUCCESS |  
2019-08-28 21:29:39,052 | INFO  | OMAudit | user=jenkins1000 | ip=127.0.0.1 | op=ALLOCATE_BLOCK {volume=vol-0-08922, bucket=bucket-0-29862, key=key-0-31337, dataSize=0, replicationType=null, replicationFactor=null, keyLocationInfo=null, clientID=102696731548516754} | ret=SUCCESS |  
2019-08-28 21:29:39,060 | INFO  | DNAudit | user=null | ip=null | op=WRITE_CHUNK {blockData=conID: 1 locID: 102696732527690232 bcsId: 0} | ret=SUCCESS |  
2019-08-28 21:29:39,063 | INFO  | DNAudit | user=null | ip=null | op=WRITE_CHUNK {blockData=conID: 1 locID: 102696732527690232 bcsId: 0} | ret=SUCCESS |  
2019-08-28 21:29:39,063 | INFO  | DNAudit | user=null | ip=null | op=WRITE_CHUNK {blockData=conID: 1 locID: 102696732527690232 bcsId: 0} | ret=SUCCESS |  
2019-08-28 21:29:39,063 | INFO  | DNAudit | user=null | ip=null | op=WRITE_CHUNK {blockData=conID: 1 locID: 102696732527690232 bcsId: 0} | ret=SUCCESS |  
2019-08-28 21:29:39,065 | INFO  | DNAudit | user=null | ip=null | op=WRITE_CHUNK {blockData=conID: 1 locID: 102696732527690232 bcsId: 0} | ret=SUCCESS |  
2019-08-28 21:29:39,066 | INFO  | DNAudit | user=null | ip=null | op=WRITE_CHUNK {blockData=conID: 1 locID: 102696732527690232 bcsId: 0} | ret=SUCCESS |  
2019-08-28 21:29:39,068 | INFO  | SCMAudit | user=jenkins1000 | ip=192.168.36.107 | op=SEND_HEARTBEAT {datanodeUUID=b6ff45f5-67b8-463b-a273-c2e7d9dadd75, command=[]} | ret=SUCCESS |  
2019-08-28 21:29:39,069 | INFO  | SCMAudit | user=jenkins1000 | ip=192.168.36.107 | op=SEND_HEARTBEAT {datanodeUUID=6a5cb75f-f7eb-4671-9a85-3b6f7898f6cc, command=[]} | ret=SUCCESS |  
2019-08-28 21:29:39,069 | INFO  | SCMAudit | user=jenkins1000 | ip=192.168.36.107 | op=SEND_HEARTBEAT {datanodeUUID=b461a7b0-028a-4eb5-b268-b89ac225aff8, command=[]} | ret=SUCCESS |  
2019-08-28 21:29:39,082 | INFO  | DNAudit | user=null | ip=null | op=WRITE_CHUNK {blockData=conID: 1 locID: 102696732527690232 bcsId: 0} | ret=SUCCESS |  
2019-08-28 21:29:39,083 | INFO  | DNAudit | user=null | ip=null | op=PUT_BLOCK {blockData=[blockId=conID: 1 locID: 102696732527690232 bcsId: 0,size=1048576]} | ret=SUCCESS |  
2019-08-28 21:29:39,083 [grpc-default-executor-6] INFO  client.GrpcClientProtocolClient (GrpcClientProtocolClient.java:onNext(255)) - client-05DA20D107F8->b461a7b0-028a-4eb5-b268-b89ac225aff8: receive RaftClientReply:client-05DA20D107F8->b461a7b0-028a-4eb5-b268-b89ac225aff8@group-0C8C0AA7542A, cid=1603, SUCCESS, logIndex=2304, commits[b461a7b0-028a-4eb5-b268-b89ac225aff8:c2305, b6ff45f5-67b8-463b-a273-c2e7d9dadd75:c2303, 6a5cb75f-f7eb-4671-9a85-3b6f7898f6cc:c2303]
2019-08-28 21:29:39,084 | INFO  | DNAudit | user=null | ip=null | op=WRITE_CHUNK {blockData=conID: 1 locID: 102696732527690232 bcsId: 0} | ret=SUCCESS |  
2019-08-28 21:29:39,084 [grpc-default-executor-5] INFO  client.GrpcClientProtocolClient (GrpcClientProtocolClient.java:onNext(255)) - client-05DA20D107F8->b461a7b0-028a-4eb5-b268-b89ac225aff8: receive RaftClientReply:client-05DA20D107F8->b461a7b0-028a-4eb5-b268-b89ac225aff8@group-0C8C0AA7542A, cid=1604, SUCCESS, logIndex=2305, commits[b461a7b0-028a-4eb5-b268-b89ac225aff8:c2305, b6ff45f5-67b8-463b-a273-c2e7d9dadd75:c2303, 6a5cb75f-f7eb-4671-9a85-3b6f7898f6cc:c2303]
2019-08-28 21:29:39,084 | INFO  | DNAudit | user=null | ip=null | op=PUT_BLOCK {blockData=[blockId=conID: 1 locID: 102696732527690232 bcsId: 0,size=2097152]} | ret=SUCCESS |  
2019-08-28 21:29:39,084 [grpc-default-executor-3] INFO  client.GrpcClientProtocolClient (GrpcClientProtocolClient.java:onNext(255)) - client-05DA20D107F8->b461a7b0-028a-4eb5-b268-b89ac225aff8: receive RaftClientReply:client-05DA20D107F8->b461a7b0-028a-4eb5-b268-b89ac225aff8@group-0C8C0AA7542A, cid=1605, SUCCESS, logIndex=2306, commits[b461a7b0-028a-4eb5-b268-b89ac225aff8:c2307, b6ff45f5-67b8-463b-a273-c2e7d9dadd75:c2303, 6a5cb75f-f7eb-4671-9a85-3b6f7898f6cc:c2303]
2019-08-28 21:29:39,085 [grpc-default-executor-3] INFO  client.GrpcClientProtocolClient (GrpcClientProtocolClient.java:onNext(255)) - client-05DA20D107F8->b461a7b0-028a-4eb5-b268-b89ac225aff8: receive RaftClientReply:client-05DA20D107F8->b461a7b0-028a-4eb5-b268-b89ac225aff8@group-0C8C0AA7542A, cid=1606, SUCCESS, logIndex=2307, commits[b461a7b0-028a-4eb5-b268-b89ac225aff8:c2307, b6ff45f5-67b8-463b-a273-c2e7d9dadd75:c2303, 6a5cb75f-f7eb-4671-9a85-3b6f7898f6cc:c2303]
 0.00% |█                                                                                                    |  0/1 Time: 0:00:152019-08-28 21:29:39,107 | INFO  | DNAudit | user=null | ip=null | op=WRITE_CHUNK {blockData=conID: 1 locID: 102696732527690232 bcsId: 0} | ret=SUCCESS |  
2019-08-28 21:29:39,108 | INFO  | DNAudit | user=null | ip=null | op=PUT_BLOCK {blockData=[blockId=conID: 1 locID: 102696732527690232 bcsId: 0,size=1048576]} | ret=SUCCESS |  
2019-08-28 21:29:39,108 | INFO  | DNAudit | user=null | ip=null | op=WRITE_CHUNK {blockData=conID: 1 locID: 102696732527690232 bcsId: 0} | ret=SUCCESS |  
2019-08-28 21:29:39,108 | INFO  | DNAudit | user=null | ip=null | op=PUT_BLOCK {blockData=[blockId=conID: 1 locID: 102696732527690232 bcsId: 0,size=1048576]} | ret=SUCCESS |  
2019-08-28 21:29:39,109 | INFO  | DNAudit | user=null | ip=null | op=WRITE_CHUNK {blockData=conID: 1 locID: 102696732527690232 bcsId: 0} | ret=SUCCESS |  
2019-08-28 21:29:39,109 [grpc-default-executor-3] INFO  client.GrpcClientProtocolClient (GrpcClientProtocolClient.java:onNext(255)) - client-05DA20D107F8->b461a7b0-028a-4eb5-b268-b89ac225aff8: receive RaftClientReply:client-05DA20D107F8->b461a7b0-028a-4eb5-b268-b89ac225aff8@group-0C8C0AA7542A, cid=1607, SUCCESS, logIndex=0, commits[b461a7b0-028a-4eb5-b268-b89ac225aff8:c2309, b6ff45f5-67b8-463b-a273-c2e7d9dadd75:c2305, 6a5cb75f-f7eb-4671-9a85-3b6f7898f6cc:c2305]
2019-08-28 21:29:39,115 | INFO  | DNAudit | user=null | ip=null | op=WRITE_CHUNK {blockData=conID: 1 locID: 102696732527690232 bcsId: 2307} | ret=SUCCESS |  
2019-08-28 21:29:39,117 | INFO  | DNAudit | user=null | ip=null | op=WRITE_CHUNK {blockData=conID: 1 locID: 102696732527690232 bcsId: 2307} | ret=SUCCESS |  
2019-08-28 21:29:39,118 | INFO  | DNAudit | user=null | ip=null | op=WRITE_CHUNK {blockData=conID: 1 locID: 102696732527690232 bcsId: 2307} | ret=SUCCESS |  
2019-08-28 21:29:39,129 | INFO  | DNAudit | user=null | ip=null | op=WRITE_CHUNK {blockData=conID: 1 locID: 102696732527690232 bcsId: 0} | ret=SUCCESS |  
2019-08-28 21:29:39,129 | INFO  | DNAudit | user=null | ip=null | op=PUT_BLOCK {blockData=[blockId=conID: 1 locID: 102696732527690232 bcsId: 0,size=2097152]} | ret=SUCCESS |  
2019-08-28 21:29:39,129 | INFO  | DNAudit | user=null | ip=null | op=PUT_BLOCK {blockData=[blockId=conID: 1 locID: 102696732527690232 bcsId: 0,size=2097152]} | ret=SUCCESS |  
2019-08-28 21:29:39,139 | INFO  | DNAudit | user=null | ip=null | op=WRITE_CHUNK {blockData=conID: 1 locID: 102696732527690232 bcsId: 2307} | ret=SUCCESS |  
2019-08-28 21:29:39,139 | INFO  | DNAudit | user=null | ip=null | op=PUT_BLOCK {blockData=[blockId=conID: 1 locID: 102696732527690232 bcsId: 0,size=3145728]} | ret=SUCCESS |  
2019-08-28 21:29:39,140 [grpc-default-executor-2] INFO  client.GrpcClientProtocolClient (GrpcClientProtocolClient.java:onNext(255)) - client-05DA20D107F8->b461a7b0-028a-4eb5-b268-b89ac225aff8: receive RaftClientReply:client-05DA20D107F8->b461a7b0-028a-4eb5-b268-b89ac225aff8@group-0C8C0AA7542A, cid=1608, SUCCESS, logIndex=2312, commits[b461a7b0-028a-4eb5-b268-b89ac225aff8:c2313, b6ff45f5-67b8-463b-a273-c2e7d9dadd75:c2310, 6a5cb75f-f7eb-4671-9a85-3b6f7898f6cc:c2310]
2019-08-28 21:29:39,140 [grpc-default-executor-2] INFO  client.GrpcClientProtocolClient (GrpcClientProtocolClient.java:onNext(255)) - client-05DA20D107F8->b461a7b0-028a-4eb5-b268-b89ac225aff8: receive RaftClientReply:client-05DA20D107F8->b461a7b0-028a-4eb5-b268-b89ac225aff8@group-0C8C0AA7542A, cid=1609, SUCCESS, logIndex=2313, commits[b461a7b0-028a-4eb5-b268-b89ac225aff8:c2313, b6ff45f5-67b8-463b-a273-c2e7d9dadd75:c2310, 6a5cb75f-f7eb-4671-9a85-3b6f7898f6cc:c2310]
2019-08-28 21:29:39,147 | INFO  | DNAudit | user=null | ip=null | op=WRITE_CHUNK {blockData=conID: 1 locID: 102696732527690232 bcsId: 2313} | ret=SUCCESS |  
2019-08-28 21:29:39,148 | INFO  | DNAudit | user=null | ip=null | op=WRITE_CHUNK {blockData=conID: 1 locID: 102696732527690232 bcsId: 2313} | ret=SUCCESS |  
2019-08-28 21:29:39,149 | INFO  | DNAudit | user=null | ip=null | op=WRITE_CHUNK {blockData=conID: 1 locID: 102696732527690232 bcsId: 2313} | ret=SUCCESS |  
2019-08-28 21:29:39,157 | INFO  | DNAudit | user=null | ip=null | op=WRITE_CHUNK {blockData=conID: 1 locID: 102696732527690232 bcsId: 2307} | ret=SUCCESS |  
2019-08-28 21:29:39,157 | INFO  | DNAudit | user=null | ip=null | op=WRITE_CHUNK {blockData=conID: 1 locID: 102696732527690232 bcsId: 2307} | ret=SUCCESS |  
2019-08-28 21:29:39,157 | INFO  | DNAudit | user=null | ip=null | op=PUT_BLOCK {blockData=[blockId=conID: 1 locID: 102696732527690232 bcsId: 0,size=3145728]} | ret=SUCCESS |  
2019-08-28 21:29:39,158 | INFO  | DNAudit | user=null | ip=null | op=PUT_BLOCK {blockData=[blockId=conID: 1 locID: 102696732527690232 bcsId: 0,size=3145728]} | ret=SUCCESS |  
2019-08-28 21:29:39,159 | INFO  | DNAudit | user=null | ip=null | op=WRITE_CHUNK {blockData=conID: 1 locID: 102696732527690232 bcsId: 2313} | ret=SUCCESS |  
2019-08-28 21:29:39,159 | INFO  | DNAudit | user=null | ip=null | op=PUT_BLOCK {blockData=[blockId=conID: 1 locID: 102696732527690232 bcsId: 0,size=4194304]} | ret=SUCCESS |  
2019-08-28 21:29:39,159 [grpc-default-executor-5] INFO  client.GrpcClientProtocolClient (GrpcClientProtocolClient.java:onNext(255)) - client-05DA20D107F8->b461a7b0-028a-4eb5-b268-b89ac225aff8: receive RaftClientReply:client-05DA20D107F8->b461a7b0-028a-4eb5-b268-b89ac225aff8@group-0C8C0AA7542A, cid=1610, SUCCESS, logIndex=2316, commits[b461a7b0-028a-4eb5-b268-b89ac225aff8:c2317, b6ff45f5-67b8-463b-a273-c2e7d9dadd75:c2313, 6a5cb75f-f7eb-4671-9a85-3b6f7898f6cc:c2313]
2019-08-28 21:29:39,160 [grpc-default-executor-5] INFO  client.GrpcClientProtocolClient (GrpcClientProtocolClient.java:onNext(255)) - client-05DA20D107F8->b461a7b0-028a-4eb5-b268-b89ac225aff8: receive RaftClientReply:client-05DA20D107F8->b461a7b0-028a-4eb5-b268-b89ac225aff8@group-0C8C0AA7542A, cid=1611, SUCCESS, logIndex=2317, commits[b461a7b0-028a-4eb5-b268-b89ac225aff8:c2317, b6ff45f5-67b8-463b-a273-c2e7d9dadd75:c2313, 6a5cb75f-f7eb-4671-9a85-3b6f7898f6cc:c2313]
2019-08-28 21:29:39,181 | INFO  | DNAudit | user=null | ip=null | op=WRITE_CHUNK {blockData=conID: 1 locID: 102696732527690232 bcsId: 2313} | ret=SUCCESS |  
2019-08-28 21:29:39,181 | INFO  | DNAudit | user=null | ip=null | op=WRITE_CHUNK {blockData=conID: 1 locID: 102696732527690232 bcsId: 2313} | ret=SUCCESS |  
2019-08-28 21:29:39,181 | INFO  | DNAudit | user=null | ip=null | op=PUT_BLOCK {blockData=[blockId=conID: 1 locID: 102696732527690232 bcsId: 0,size=4194304]} | ret=SUCCESS |  
2019-08-28 21:29:39,181 | INFO  | DNAudit | user=null | ip=null | op=PUT_BLOCK {blockData=[blockId=conID: 1 locID: 102696732527690232 bcsId: 0,size=4194304]} | ret=SUCCESS |  
2019-08-28 21:29:39,181 [grpc-default-executor-5] INFO  client.GrpcClientProtocolClient (GrpcClientProtocolClient.java:onNext(255)) - client-05DA20D107F8->b461a7b0-028a-4eb5-b268-b89ac225aff8: receive RaftClientReply:client-05DA20D107F8->b461a7b0-028a-4eb5-b268-b89ac225aff8@group-0C8C0AA7542A, cid=1612, SUCCESS, logIndex=0, commits[b461a7b0-028a-4eb5-b268-b89ac225aff8:c2318, b6ff45f5-67b8-463b-a273-c2e7d9dadd75:c2317, 6a5cb75f-f7eb-4671-9a85-3b6f7898f6cc:c2317]
2019-08-28 21:29:39,186 | INFO  | SCMAudit | user=jenkins1000 | ip=127.0.0.1 | op=ALLOCATE_BLOCK {owner=a0140aad-a474-4492-a39d-25bd6167d9f0, size=4194304, type=RATIS, factor=THREE} | ret=SUCCESS |  
2019-08-28 21:29:39,191 | INFO  | OMAudit | user=jenkins1000 | ip=127.0.0.1 | op=ALLOCATE_BLOCK {volume=vol-0-08922, bucket=bucket-0-29862, key=key-0-31337, dataSize=0, replicationType=null, replicationFactor=null, keyLocationInfo=null, clientID=102696731548516754} | ret=SUCCESS |  
2019-08-28 21:29:39,198 | INFO  | DNAudit | user=null | ip=null | op=WRITE_CHUNK {blockData=conID: 2 locID: 102696732536734201 bcsId: 0} | ret=SUCCESS |  
2019-08-28 21:29:39,199 | INFO  | DNAudit | user=null | ip=null | op=WRITE_CHUNK {blockData=conID: 2 locID: 102696732536734201 bcsId: 0} | ret=SUCCESS |  
2019-08-28 21:29:39,201 | INFO  | DNAudit | user=null | ip=null | op=WRITE_CHUNK {blockData=conID: 2 locID: 102696732536734201 bcsId: 0} | ret=SUCCESS |  
2019-08-28 21:29:39,201 | INFO  | DNAudit | user=null | ip=null | op=WRITE_CHUNK {blockData=conID: 2 locID: 102696732536734201 bcsId: 0} | ret=SUCCESS |  
2019-08-28 21:29:39,203 | INFO  | DNAudit | user=null | ip=null | op=WRITE_CHUNK {blockData=conID: 2 locID: 102696732536734201 bcsId: 0} | ret=SUCCESS |  
2019-08-28 21:29:39,204 | INFO  | DNAudit | user=null | ip=null | op=WRITE_CHUNK {blockData=conID: 2 locID: 102696732536734201 bcsId: 0} | ret=SUCCESS |  
2019-08-28 21:29:39,222 | INFO  | DNAudit | user=null | ip=null | op=WRITE_CHUNK {blockData=conID: 2 locID: 102696732536734201 bcsId: 0} | ret=SUCCESS |  
2019-08-28 21:29:39,222 | INFO  | DNAudit | user=null | ip=null | op=PUT_BLOCK {blockData=[blockId=conID: 2 locID: 102696732536734201 bcsId: 0,size=1048576]} | ret=SUCCESS |  
2019-08-28 21:29:39,222 [grpc-default-executor-2] INFO  client.GrpcClientProtocolClient (GrpcClientProtocolClient.java:onNext(255)) - client-05DA20D107F8->b461a7b0-028a-4eb5-b268-b89ac225aff8: receive RaftClientReply:client-05DA20D107F8->b461a7b0-028a-4eb5-b268-b89ac225aff8@group-0C8C0AA7542A, cid=1613, SUCCESS, logIndex=2320, commits[b461a7b0-028a-4eb5-b268-b89ac225aff8:c2321, b6ff45f5-67b8-463b-a273-c2e7d9dadd75:c2319, 6a5cb75f-f7eb-4671-9a85-3b6f7898f6cc:c2319]
2019-08-28 21:29:39,223 | INFO  | DNAudit | user=null | ip=null | op=WRITE_CHUNK {blockData=conID: 2 locID: 102696732536734201 bcsId: 0} | ret=SUCCESS |  
2019-08-28 21:29:39,223 [grpc-default-executor-2] INFO  client.GrpcClientProtocolClient (GrpcClientProtocolClient.java:onNext(255)) - client-05DA20D107F8->b461a7b0-028a-4eb5-b268-b89ac225aff8: receive RaftClientReply:client-05DA20D107F8->b461a7b0-028a-4eb5-b268-b89ac225aff8@group-0C8C0AA7542A, cid=1614, SUCCESS, logIndex=2321, commits[b461a7b0-028a-4eb5-b268-b89ac225aff8:c2321, b6ff45f5-67b8-463b-a273-c2e7d9dadd75:c2319, 6a5cb75f-f7eb-4671-9a85-3b6f7898f6cc:c2319]
2019-08-28 21:29:39,223 | INFO  | DNAudit | user=null | ip=null | op=PUT_BLOCK {blockData=[blockId=conID: 2 locID: 102696732536734201 bcsId: 0,size=2097152]} | ret=SUCCESS |  
2019-08-28 21:29:39,223 [grpc-default-executor-5] INFO  client.GrpcClientProtocolClient (GrpcClientProtocolClient.java:onNext(255)) - client-05DA20D107F8->b461a7b0-028a-4eb5-b268-b89ac225aff8: receive RaftClientReply:client-05DA20D107F8->b461a7b0-028a-4eb5-b268-b89ac225aff8@group-0C8C0AA7542A, cid=1615, SUCCESS, logIndex=2322, commits[b461a7b0-028a-4eb5-b268-b89ac225aff8:c2322, b6ff45f5-67b8-463b-a273-c2e7d9dadd75:c2319, 6a5cb75f-f7eb-4671-9a85-3b6f7898f6cc:c2319]
2019-08-28 21:29:39,224 [grpc-default-executor-5] INFO  client.GrpcClientProtocolClient (GrpcClientProtocolClient.java:onNext(255)) - client-05DA20D107F8->b461a7b0-028a-4eb5-b268-b89ac225aff8: receive RaftClientReply:client-05DA20D107F8->b461a7b0-028a-4eb5-b268-b89ac225aff8@group-0C8C0AA7542A, cid=1616, SUCCESS, logIndex=2323, commits[b461a7b0-028a-4eb5-b268-b89ac225aff8:c2323, b6ff45f5-67b8-463b-a273-c2e7d9dadd75:c2319, 6a5cb75f-f7eb-4671-9a85-3b6f7898f6cc:c2319]
2019-08-28 21:29:39,224 | INFO  | DNAudit | user=null | ip=null | op=WRITE_CHUNK {blockData=conID: 2 locID: 102696732536734201 bcsId: 0} | ret=SUCCESS |  
2019-08-28 21:29:39,224 | INFO  | DNAudit | user=null | ip=null | op=PUT_BLOCK {blockData=[blockId=conID: 2 locID: 102696732536734201 bcsId: 0,size=1048576]} | ret=SUCCESS |  
2019-08-28 21:29:39,225 | INFO  | DNAudit | user=null | ip=null | op=WRITE_CHUNK {blockData=conID: 2 locID: 102696732536734201 bcsId: 0} | ret=SUCCESS |  
2019-08-28 21:29:39,225 | INFO  | DNAudit | user=null | ip=null | op=PUT_BLOCK {blockData=[blockId=conID: 2 locID: 102696732536734201 bcsId: 0,size=1048576]} | ret=SUCCESS |  
2019-08-28 21:29:39,225 | INFO  | DNAudit | user=null | ip=null | op=WRITE_CHUNK {blockData=conID: 2 locID: 102696732536734201 bcsId: 0} | ret=SUCCESS |  
2019-08-28 21:29:39,226 [grpc-default-executor-2] INFO  client.GrpcClientProtocolClient (GrpcClientProtocolClient.java:onNext(255)) - client-05DA20D107F8->b461a7b0-028a-4eb5-b268-b89ac225aff8: receive RaftClientReply:client-05DA20D107F8->b461a7b0-028a-4eb5-b268-b89ac225aff8@group-0C8C0AA7542A, cid=1617, SUCCESS, logIndex=0, commits[b461a7b0-028a-4eb5-b268-b89ac225aff8:c2325, b6ff45f5-67b8-463b-a273-c2e7d9dadd75:c2321, 6a5cb75f-f7eb-4671-9a85-3b6f7898f6cc:c2321]
2019-08-28 21:29:39,226 | INFO  | DNAudit | user=null | ip=null | op=WRITE_CHUNK {blockData=conID: 2 locID: 102696732536734201 bcsId: 0} | ret=SUCCESS |  
2019-08-28 21:29:39,226 | INFO  | DNAudit | user=null | ip=null | op=PUT_BLOCK {blockData=[blockId=conID: 2 locID: 102696732536734201 bcsId: 0,size=2097152]} | ret=SUCCESS |  
2019-08-28 21:29:39,226 | INFO  | DNAudit | user=null | ip=null | op=PUT_BLOCK {blockData=[blockId=conID: 2 locID: 102696732536734201 bcsId: 0,size=2097152]} | ret=SUCCESS |  
2019-08-28 21:29:39,231 | INFO  | DNAudit | user=null | ip=null | op=WRITE_CHUNK {blockData=conID: 2 locID: 102696732536734201 bcsId: 2323} | ret=SUCCESS |  
2019-08-28 21:29:39,233 | INFO  | DNAudit | user=null | ip=null | op=WRITE_CHUNK {blockData=conID: 2 locID: 102696732536734201 bcsId: 2323} | ret=SUCCESS |  
2019-08-28 21:29:39,234 | INFO  | DNAudit | user=null | ip=null | op=WRITE_CHUNK {blockData=conID: 2 locID: 102696732536734201 bcsId: 2323} | ret=SUCCESS |  
2019-08-28 21:29:39,244 | INFO  | DNAudit | user=null | ip=null | op=WRITE_CHUNK {blockData=conID: 2 locID: 102696732536734201 bcsId: 2323} | ret=SUCCESS |  
2019-08-28 21:29:39,244 | INFO  | DNAudit | user=null | ip=null | op=PUT_BLOCK {blockData=[blockId=conID: 2 locID: 102696732536734201 bcsId: 0,size=3145728]} | ret=SUCCESS |  
2019-08-28 21:29:39,244 [grpc-default-executor-6] INFO  client.GrpcClientProtocolClient (GrpcClientProtocolClient.java:onNext(255)) - client-05DA20D107F8->b461a7b0-028a-4eb5-b268-b89ac225aff8: receive RaftClientReply:client-05DA20D107F8->b461a7b0-028a-4eb5-b268-b89ac225aff8@group-0C8C0AA7542A, cid=1618, SUCCESS, logIndex=2328, commits[b461a7b0-028a-4eb5-b268-b89ac225aff8:c2329, b6ff45f5-67b8-463b-a273-c2e7d9dadd75:c2327, 6a5cb75f-f7eb-4671-9a85-3b6f7898f6cc:c2327]
2019-08-28 21:29:39,245 [grpc-default-executor-6] INFO  client.GrpcClientProtocolClient (GrpcClientProtocolClient.java:onNext(255)) - client-05DA20D107F8->b461a7b0-028a-4eb5-b268-b89ac225aff8: receive RaftClientReply:client-05DA20D107F8->b461a7b0-028a-4eb5-b268-b89ac225aff8@group-0C8C0AA7542A, cid=1619, SUCCESS, logIndex=2329, commits[b461a7b0-028a-4eb5-b268-b89ac225aff8:c2329, b6ff45f5-67b8-463b-a273-c2e7d9dadd75:c2327, 6a5cb75f-f7eb-4671-9a85-3b6f7898f6cc:c2327]
2019-08-28 21:29:39,251 | INFO  | DNAudit | user=null | ip=null | op=WRITE_CHUNK {blockData=conID: 2 locID: 102696732536734201 bcsId: 2329} | ret=SUCCESS |  
2019-08-28 21:29:39,252 | INFO  | DNAudit | user=null | ip=null | op=WRITE_CHUNK {blockData=conID: 2 locID: 102696732536734201 bcsId: 2329} | ret=SUCCESS |  
2019-08-28 21:29:39,252 | INFO  | DNAudit | user=null | ip=null | op=WRITE_CHUNK {blockData=conID: 2 locID: 102696732536734201 bcsId: 2329} | ret=SUCCESS |  
2019-08-28 21:29:39,263 | INFO  | DNAudit | user=null | ip=null | op=WRITE_CHUNK {blockData=conID: 2 locID: 102696732536734201 bcsId: 2323} | ret=SUCCESS |  
2019-08-28 21:29:39,263 | INFO  | DNAudit | user=null | ip=null | op=WRITE_CHUNK {blockData=conID: 2 locID: 102696732536734201 bcsId: 2323} | ret=SUCCESS |  
2019-08-28 21:29:39,263 | INFO  | DNAudit | user=null | ip=null | op=PUT_BLOCK {blockData=[blockId=conID: 2 locID: 102696732536734201 bcsId: 0,size=3145728]} | ret=SUCCESS |  
2019-08-28 21:29:39,263 | INFO  | DNAudit | user=null | ip=null | op=PUT_BLOCK {blockData=[blockId=conID: 2 locID: 102696732536734201 bcsId: 0,size=3145728]} | ret=SUCCESS |  
2019-08-28 21:29:39,265 | INFO  | DNAudit | user=null | ip=null | op=WRITE_CHUNK {blockData=conID: 2 locID: 102696732536734201 bcsId: 2329} | ret=SUCCESS |  
2019-08-28 21:29:39,266 | INFO  | DNAudit | user=null | ip=null | op=PUT_BLOCK {blockData=[blockId=conID: 2 locID: 102696732536734201 bcsId: 0,size=4194304]} | ret=SUCCESS |  
2019-08-28 21:29:39,266 [grpc-default-executor-2] INFO  client.GrpcClientProtocolClient (GrpcClientProtocolClient.java:onNext(255)) - client-05DA20D107F8->b461a7b0-028a-4eb5-b268-b89ac225aff8: receive RaftClientReply:client-05DA20D107F8->b461a7b0-028a-4eb5-b268-b89ac225aff8@group-0C8C0AA7542A, cid=1620, SUCCESS, logIndex=2331, commits[b461a7b0-028a-4eb5-b268-b89ac225aff8:c2332, b6ff45f5-67b8-463b-a273-c2e7d9dadd75:c2329, 6a5cb75f-f7eb-4671-9a85-3b6f7898f6cc:c2329]
2019-08-28 21:29:39,266 [grpc-default-executor-2] INFO  client.GrpcClientProtocolClient (GrpcClientProtocolClient.java:onNext(255)) - client-05DA20D107F8->b461a7b0-028a-4eb5-b268-b89ac225aff8: receive RaftClientReply:client-05DA20D107F8->b461a7b0-028a-4eb5-b268-b89ac225aff8@group-0C8C0AA7542A, cid=1621, SUCCESS, logIndex=2332, commits[b461a7b0-028a-4eb5-b268-b89ac225aff8:c2332, b6ff45f5-67b8-463b-a273-c2e7d9dadd75:c2329, 6a5cb75f-f7eb-4671-9a85-3b6f7898f6cc:c2329]
2019-08-28 21:29:39,284 | INFO  | DNAudit | user=null | ip=null | op=WRITE_CHUNK {blockData=conID: 2 locID: 102696732536734201 bcsId: 2329} | ret=SUCCESS |  
2019-08-28 21:29:39,284 | INFO  | DNAudit | user=null | ip=null | op=WRITE_CHUNK {blockData=conID: 2 locID: 102696732536734201 bcsId: 2329} | ret=SUCCESS |  
2019-08-28 21:29:39,285 | INFO  | DNAudit | user=null | ip=null | op=PUT_BLOCK {blockData=[blockId=conID: 2 locID: 102696732536734201 bcsId: 0,size=4194304]} | ret=SUCCESS |  
2019-08-28 21:29:39,285 | INFO  | DNAudit | user=null | ip=null | op=PUT_BLOCK {blockData=[blockId=conID: 2 locID: 102696732536734201 bcsId: 0,size=4194304]} | ret=SUCCESS |  
2019-08-28 21:29:39,286 [grpc-default-executor-2] INFO  client.GrpcClientProtocolClient (GrpcClientProtocolClient.java:onNext(255)) - client-05DA20D107F8->b461a7b0-028a-4eb5-b268-b89ac225aff8: receive RaftClientReply:client-05DA20D107F8->b461a7b0-028a-4eb5-b268-b89ac225aff8@group-0C8C0AA7542A, cid=1622, SUCCESS, logIndex=0, commits[b461a7b0-028a-4eb5-b268-b89ac225aff8:c2334, b6ff45f5-67b8-463b-a273-c2e7d9dadd75:c2332, 6a5cb75f-f7eb-4671-9a85-3b6f7898f6cc:c2332]
2019-08-28 21:29:39,290 | INFO  | SCMAudit | user=jenkins1000 | ip=127.0.0.1 | op=ALLOCATE_BLOCK {owner=a0140aad-a474-4492-a39d-25bd6167d9f0, size=4194304, type=RATIS, factor=THREE} | ret=SUCCESS |  
2019-08-28 21:29:39,294 | INFO  | OMAudit | user=jenkins1000 | ip=127.0.0.1 | op=ALLOCATE_BLOCK {volume=vol-0-08922, bucket=bucket-0-29862, key=key-0-31337, dataSize=0, replicationType=null, replicationFactor=null, keyLocationInfo=null, clientID=102696731548516754} | ret=SUCCESS |  
2019-08-28 21:29:39,302 | INFO  | DNAudit | user=null | ip=null | op=WRITE_CHUNK {blockData=conID: 3 locID: 102696732543549946 bcsId: 0} | ret=SUCCESS |  
2019-08-28 21:29:39,303 | INFO  | DNAudit | user=null | ip=null | op=WRITE_CHUNK {blockData=conID: 3 locID: 102696732543549946 bcsId: 0} | ret=SUCCESS |  
2019-08-28 21:29:39,304 | INFO  | DNAudit | user=null | ip=null | op=WRITE_CHUNK {blockData=conID: 3 locID: 102696732543549946 bcsId: 0} | ret=SUCCESS |  
2019-08-28 21:29:39,304 | INFO  | DNAudit | user=null | ip=null | op=WRITE_CHUNK {blockData=conID: 3 locID: 102696732543549946 bcsId: 0} | ret=SUCCESS |  
2019-08-28 21:29:39,305 | INFO  | DNAudit | user=null | ip=null | op=WRITE_CHUNK {blockData=conID: 3 locID: 102696732543549946 bcsId: 0} | ret=SUCCESS |  
2019-08-28 21:29:39,306 | INFO  | DNAudit | user=null | ip=null | op=WRITE_CHUNK {blockData=conID: 3 locID: 102696732543549946 bcsId: 0} | ret=SUCCESS |  
2019-08-28 21:29:39,336 | INFO  | DNAudit | user=null | ip=null | op=WRITE_CHUNK {blockData=conID: 3 locID: 102696732543549946 bcsId: 0} | ret=SUCCESS |  
2019-08-28 21:29:39,337 | INFO  | DNAudit | user=null | ip=null | op=PUT_BLOCK {blockData=[blockId=conID: 3 locID: 102696732543549946 bcsId: 0,size=1048576]} | ret=SUCCESS |  
2019-08-28 21:29:39,337 [grpc-default-executor-2] INFO  client.GrpcClientProtocolClient (GrpcClientProtocolClient.java:onNext(255)) - client-05DA20D107F8->b461a7b0-028a-4eb5-b268-b89ac225aff8: receive RaftClientReply:client-05DA20D107F8->b461a7b0-028a-4eb5-b268-b89ac225aff8@group-0C8C0AA7542A, cid=1623, SUCCESS, logIndex=2335, commits[b461a7b0-028a-4eb5-b268-b89ac225aff8:c2336, b6ff45f5-67b8-463b-a273-c2e7d9dadd75:c2334, 6a5cb75f-f7eb-4671-9a85-3b6f7898f6cc:c2334]
2019-08-28 21:29:39,445 | INFO  | DNAudit | user=null | ip=null | op=WRITE_CHUNK {blockData=conID: 3 locID: 102696732543549946 bcsId: 0} | ret=SUCCESS |  
2019-08-28 21:29:39,445 | INFO  | DNAudit | user=null | ip=null | op=WRITE_CHUNK {blockData=conID: 3 locID: 102696732543549946 bcsId: 0} | ret=SUCCESS |  
2019-08-28 21:29:39,445 [grpc-default-executor-2] INFO  client.GrpcClientProtocolClient (GrpcClientProtocolClient.java:onNext(255)) - client-05DA20D107F8->b461a7b0-028a-4eb5-b268-b89ac225aff8: receive RaftClientReply:client-05DA20D107F8->b461a7b0-028a-4eb5-b268-b89ac225aff8@group-0C8C0AA7542A, cid=1624, SUCCESS, logIndex=2336, commits[b461a7b0-028a-4eb5-b268-b89ac225aff8:c2336, b6ff45f5-67b8-463b-a273-c2e7d9dadd75:c2334, 6a5cb75f-f7eb-4671-9a85-3b6f7898f6cc:c2334]
2019-08-28 21:29:39,445 | INFO  | DNAudit | user=null | ip=null | op=PUT_BLOCK {blockData=[blockId=conID: 3 locID: 102696732543549946 bcsId: 0,size=1048576]} | ret=SUCCESS |  
2019-08-28 21:29:39,445 | INFO  | DNAudit | user=null | ip=null | op=PUT_BLOCK {blockData=[blockId=conID: 3 locID: 102696732543549946 bcsId: 0,size=2097152]} | ret=SUCCESS |  
2019-08-28 21:29:39,445 [grpc-default-executor-2] INFO  client.GrpcClientProtocolClient (GrpcClientProtocolClient.java:onNext(255)) - client-05DA20D107F8->b461a7b0-028a-4eb5-b268-b89ac225aff8: receive RaftClientReply:client-05DA20D107F8->b461a7b0-028a-4eb5-b268-b89ac225aff8@group-0C8C0AA7542A, cid=1625, SUCCESS, logIndex=2337, commits[b461a7b0-028a-4eb5-b268-b89ac225aff8:c2339, b6ff45f5-67b8-463b-a273-c2e7d9dadd75:c2334, 6a5cb75f-f7eb-4671-9a85-3b6f7898f6cc:c2335]
2019-08-28 21:29:39,446 [grpc-default-executor-2] INFO  client.GrpcClientProtocolClient (GrpcClientProtocolClient.java:onNext(255)) - client-05DA20D107F8->b461a7b0-028a-4eb5-b268-b89ac225aff8: receive RaftClientReply:client-05DA20D107F8->b461a7b0-028a-4eb5-b268-b89ac225aff8@group-0C8C0AA7542A, cid=1626, SUCCESS, logIndex=2338, commits[b461a7b0-028a-4eb5-b268-b89ac225aff8:c2339, b6ff45f5-67b8-463b-a273-c2e7d9dadd75:c2334, 6a5cb75f-f7eb-4671-9a85-3b6f7898f6cc:c2336]
2019-08-28 21:29:39,456 | INFO  | DNAudit | user=null | ip=null | op=WRITE_CHUNK {blockData=conID: 3 locID: 102696732543549946 bcsId: 0} | ret=SUCCESS |  
2019-08-28 21:29:39,456 | INFO  | DNAudit | user=null | ip=null | op=PUT_BLOCK {blockData=[blockId=conID: 3 locID: 102696732543549946 bcsId: 0,size=1048576]} | ret=SUCCESS |  
2019-08-28 21:29:39,456 | INFO  | DNAudit | user=null | ip=null | op=WRITE_CHUNK {blockData=conID: 3 locID: 102696732543549946 bcsId: 0} | ret=SUCCESS |  
2019-08-28 21:29:39,456 [grpc-default-executor-5] INFO  client.GrpcClientProtocolClient (GrpcClientProtocolClient.java:onNext(255)) - client-05DA20D107F8->b461a7b0-028a-4eb5-b268-b89ac225aff8: receive RaftClientReply:client-05DA20D107F8->b461a7b0-028a-4eb5-b268-b89ac225aff8@group-0C8C0AA7542A, cid=1627, SUCCESS, logIndex=0, commits[b461a7b0-028a-4eb5-b268-b89ac225aff8:c2340, b6ff45f5-67b8-463b-a273-c2e7d9dadd75:c2336, 6a5cb75f-f7eb-4671-9a85-3b6f7898f6cc:c2336]
2019-08-28 21:29:39,457 | INFO  | DNAudit | user=null | ip=null | op=WRITE_CHUNK {blockData=conID: 3 locID: 102696732543549946 bcsId: 0} | ret=SUCCESS |  
2019-08-28 21:29:39,457 | INFO  | DNAudit | user=null | ip=null | op=PUT_BLOCK {blockData=[blockId=conID: 3 locID: 102696732543549946 bcsId: 0,size=2097152]} | ret=SUCCESS |  
2019-08-28 21:29:39,457 | INFO  | DNAudit | user=null | ip=null | op=PUT_BLOCK {blockData=[blockId=conID: 3 locID: 102696732543549946 bcsId: 0,size=2097152]} | ret=SUCCESS |  
2019-08-28 21:29:39,462 | INFO  | DNAudit | user=null | ip=null | op=WRITE_CHUNK {blockData=conID: 3 locID: 102696732543549946 bcsId: 2338} | ret=SUCCESS |  
2019-08-28 21:29:39,464 | INFO  | DNAudit | user=null | ip=null | op=WRITE_CHUNK {blockData=conID: 3 locID: 102696732543549946 bcsId: 2338} | ret=SUCCESS |  
2019-08-28 21:29:39,465 | INFO  | DNAudit | user=null | ip=null | op=WRITE_CHUNK {blockData=conID: 3 locID: 102696732543549946 bcsId: 2338} | ret=SUCCESS |  
2019-08-28 21:29:39,497 | INFO  | DNAudit | user=null | ip=null | op=WRITE_CHUNK {blockData=conID: 3 locID: 102696732543549946 bcsId: 2338} | ret=SUCCESS |  
2019-08-28 21:29:39,498 | INFO  | DNAudit | user=null | ip=null | op=PUT_BLOCK {blockData=[blockId=conID: 3 locID: 102696732543549946 bcsId: 0,size=3145728]} | ret=SUCCESS |  
2019-08-28 21:29:39,498 [grpc-default-executor-3] INFO  client.GrpcClientProtocolClient (GrpcClientProtocolClient.java:onNext(255)) - client-05DA20D107F8->b461a7b0-028a-4eb5-b268-b89ac225aff8: receive RaftClientReply:client-05DA20D107F8->b461a7b0-028a-4eb5-b268-b89ac225aff8@group-0C8C0AA7542A, cid=1628, SUCCESS, logIndex=2343, commits[b461a7b0-028a-4eb5-b268-b89ac225aff8:c2344, b6ff45f5-67b8-463b-a273-c2e7d9dadd75:c2338, 6a5cb75f-f7eb-4671-9a85-3b6f7898f6cc:c2342]
2019-08-28 21:29:39,500 [grpc-default-executor-3] INFO  client.GrpcClientProtocolClient (GrpcClientProtocolClient.java:onNext(255)) - client-05DA20D107F8->b461a7b0-028a-4eb5-b268-b89ac225aff8: receive RaftClientReply:client-05DA20D107F8->b461a7b0-028a-4eb5-b268-b89ac225aff8@group-0C8C0AA7542A, cid=1629, SUCCESS, logIndex=2344, commits[b461a7b0-028a-4eb5-b268-b89ac225aff8:c2344, b6ff45f5-67b8-463b-a273-c2e7d9dadd75:c2342, 6a5cb75f-f7eb-4671-9a85-3b6f7898f6cc:c2342]
2019-08-28 21:29:39,500 | INFO  | SCMAudit | user=jenkins1000 | ip=192.168.36.107 | op=SEND_HEARTBEAT {datanodeUUID=af4986ea-80d8-4c92-96d2-2b3929a4248a, command=[]} | ret=SUCCESS |  
2019-08-28 21:29:39,500 | INFO  | SCMAudit | user=jenkins1000 | ip=192.168.36.107 | op=SEND_HEARTBEAT {datanodeUUID=68f89a68-6a96-4cde-8528-8617611d459d, command=[]} | ret=SUCCESS |  
2019-08-28 21:29:39,508 | INFO  | DNAudit | user=null | ip=null | op=WRITE_CHUNK {blockData=conID: 3 locID: 102696732543549946 bcsId: 2344} | ret=SUCCESS |  
2019-08-28 21:29:39,510 | INFO  | DNAudit | user=null | ip=null | op=WRITE_CHUNK {blockData=conID: 3 locID: 102696732543549946 bcsId: 2344} | ret=SUCCESS |  
2019-08-28 21:29:39,511 | INFO  | DNAudit | user=null | ip=null | op=WRITE_CHUNK {blockData=conID: 3 locID: 102696732543549946 bcsId: 2344} | ret=SUCCESS |  
2019-08-28 21:29:39,516 | INFO  | DNAudit | user=null | ip=null | op=WRITE_CHUNK {blockData=conID: 3 locID: 102696732543549946 bcsId: 2338} | ret=SUCCESS |  
2019-08-28 21:29:39,516 | INFO  | DNAudit | user=null | ip=null | op=WRITE_CHUNK {blockData=conID: 3 locID: 102696732543549946 bcsId: 2338} | ret=SUCCESS |  
2019-08-28 21:29:39,516 | INFO  | DNAudit | user=null | ip=null | op=PUT_BLOCK {blockData=[blockId=conID: 3 locID: 102696732543549946 bcsId: 0,size=3145728]} | ret=SUCCESS |  
2019-08-28 21:29:39,516 | INFO  | DNAudit | user=null | ip=null | op=PUT_BLOCK {blockData=[blockId=conID: 3 locID: 102696732543549946 bcsId: 0,size=3145728]} | ret=SUCCESS |  
2019-08-28 21:29:39,517 | INFO  | DNAudit | user=null | ip=null | op=WRITE_CHUNK {blockData=conID: 3 locID: 102696732543549946 bcsId: 2344} | ret=SUCCESS |  
2019-08-28 21:29:39,518 | INFO  | DNAudit | user=null | ip=null | op=PUT_BLOCK {blockData=[blockId=conID: 3 locID: 102696732543549946 bcsId: 0,size=4194304]} | ret=SUCCESS |  
2019-08-28 21:29:39,518 [grpc-default-executor-3] INFO  client.GrpcClientProtocolClient (GrpcClientProtocolClient.java:onNext(255)) - client-05DA20D107F8->b461a7b0-028a-4eb5-b268-b89ac225aff8: receive RaftClientReply:client-05DA20D107F8->b461a7b0-028a-4eb5-b268-b89ac225aff8@group-0C8C0AA7542A, cid=1630, SUCCESS, logIndex=2347, commits[b461a7b0-028a-4eb5-b268-b89ac225aff8:c2348, b6ff45f5-67b8-463b-a273-c2e7d9dadd75:c2344, 6a5cb75f-f7eb-4671-9a85-3b6f7898f6cc:c2344]
2019-08-28 21:29:39,518 [grpc-default-executor-3] INFO  client.GrpcClientProtocolClient (GrpcClientProtocolClient.java:onNext(255)) - client-05DA20D107F8->b461a7b0-028a-4eb5-b268-b89ac225aff8: receive RaftClientReply:client-05DA20D107F8->b461a7b0-028a-4eb5-b268-b89ac225aff8@group-0C8C0AA7542A, cid=1631, SUCCESS, logIndex=2348, commits[b461a7b0-028a-4eb5-b268-b89ac225aff8:c2348, b6ff45f5-67b8-463b-a273-c2e7d9dadd75:c2344, 6a5cb75f-f7eb-4671-9a85-3b6f7898f6cc:c2344]
2019-08-28 21:29:39,539 | INFO  | DNAudit | user=null | ip=null | op=WRITE_CHUNK {blockData=conID: 3 locID: 102696732543549946 bcsId: 2344} | ret=SUCCESS |  
2019-08-28 21:29:39,539 | INFO  | DNAudit | user=null | ip=null | op=WRITE_CHUNK {blockData=conID: 3 locID: 102696732543549946 bcsId: 2344} | ret=SUCCESS |  
2019-08-28 21:29:39,539 | INFO  | DNAudit | user=null | ip=null | op=PUT_BLOCK {blockData=[blockId=conID: 3 locID: 102696732543549946 bcsId: 0,size=4194304]} | ret=SUCCESS |  
2019-08-28 21:29:39,539 | INFO  | DNAudit | user=null | ip=null | op=PUT_BLOCK {blockData=[blockId=conID: 3 locID: 102696732543549946 bcsId: 0,size=4194304]} | ret=SUCCESS |  
2019-08-28 21:29:39,539 [grpc-default-executor-2] INFO  client.GrpcClientProtocolClient (GrpcClientProtocolClient.java:onNext(255)) - client-05DA20D107F8->b461a7b0-028a-4eb5-b268-b89ac225aff8: receive RaftClientReply:client-05DA20D107F8->b461a7b0-028a-4eb5-b268-b89ac225aff8@group-0C8C0AA7542A, cid=1632, SUCCESS, logIndex=0, commits[b461a7b0-028a-4eb5-b268-b89ac225aff8:c2348, b6ff45f5-67b8-463b-a273-c2e7d9dadd75:c2348, 6a5cb75f-f7eb-4671-9a85-3b6f7898f6cc:c2348]
2019-08-28 21:29:39,544 | INFO  | SCMAudit | user=jenkins1000 | ip=127.0.0.1 | op=ALLOCATE_BLOCK {owner=a0140aad-a474-4492-a39d-25bd6167d9f0, size=4194304, type=RATIS, factor=THREE} | ret=SUCCESS |  
2019-08-28 21:29:39,546 | INFO  | OMAudit | user=jenkins1000 | ip=127.0.0.1 | op=ALLOCATE_BLOCK {volume=vol-0-08922, bucket=bucket-0-29862, key=key-0-31337, dataSize=0, replicationType=null, replicationFactor=null, keyLocationInfo=null, clientID=102696731548516754} | ret=SUCCESS |  
2019-08-28 21:29:39,554 | INFO  | DNAudit | user=null | ip=null | op=WRITE_CHUNK {blockData=conID: 1 locID: 102696732560196091 bcsId: 0} | ret=SUCCESS |  
2019-08-28 21:29:39,557 | INFO  | DNAudit | user=null | ip=null | op=WRITE_CHUNK {blockData=conID: 1 locID: 102696732560196091 bcsId: 0} | ret=SUCCESS |  
2019-08-28 21:29:39,557 | INFO  | DNAudit | user=null | ip=null | op=WRITE_CHUNK {blockData=conID: 1 locID: 102696732560196091 bcsId: 0} | ret=SUCCESS |  
2019-08-28 21:29:39,557 | INFO  | DNAudit | user=null | ip=null | op=WRITE_CHUNK {blockData=conID: 1 locID: 102696732560196091 bcsId: 0} | ret=SUCCESS |  
2019-08-28 21:29:39,559 | INFO  | DNAudit | user=null | ip=null | op=WRITE_CHUNK {blockData=conID: 1 locID: 102696732560196091 bcsId: 0} | ret=SUCCESS |  
2019-08-28 21:29:39,559 | INFO  | DNAudit | user=null | ip=null | op=WRITE_CHUNK {blockData=conID: 1 locID: 102696732560196091 bcsId: 0} | ret=SUCCESS |  
2019-08-28 21:29:39,569 | INFO  | DNAudit | user=null | ip=null | op=WRITE_CHUNK {blockData=conID: 1 locID: 102696732560196091 bcsId: 0} | ret=SUCCESS |  
2019-08-28 21:29:39,569 | INFO  | DNAudit | user=null | ip=null | op=PUT_BLOCK {blockData=[blockId=conID: 1 locID: 102696732560196091 bcsId: 0,size=1048576]} | ret=SUCCESS |  
2019-08-28 21:29:39,570 | INFO  | DNAudit | user=null | ip=null | op=WRITE_CHUNK {blockData=conID: 1 locID: 102696732560196091 bcsId: 0} | ret=SUCCESS |  
2019-08-28 21:29:39,569 [grpc-default-executor-3] INFO  client.GrpcClientProtocolClient (GrpcClientProtocolClient.java:onNext(255)) - client-05DA20D107F8->b461a7b0-028a-4eb5-b268-b89ac225aff8: receive RaftClientReply:client-05DA20D107F8->b461a7b0-028a-4eb5-b268-b89ac225aff8@group-0C8C0AA7542A, cid=1633, SUCCESS, logIndex=2350, commits[b461a7b0-028a-4eb5-b268-b89ac225aff8:c2351, b6ff45f5-67b8-463b-a273-c2e7d9dadd75:c2349, 6a5cb75f-f7eb-4671-9a85-3b6f7898f6cc:c2349]
2019-08-28 21:29:39,570 | INFO  | DNAudit | user=null | ip=null | op=PUT_BLOCK {blockData=[blockId=conID: 1 locID: 102696732560196091 bcsId: 0,size=2097152]} | ret=SUCCESS |  
2019-08-28 21:29:39,570 [grpc-default-executor-3] INFO  client.GrpcClientProtocolClient (GrpcClientProtocolClient.java:onNext(255)) - client-05DA20D107F8->b461a7b0-028a-4eb5-b268-b89ac225aff8: receive RaftClientReply:client-05DA20D107F8->b461a7b0-028a-4eb5-b268-b89ac225aff8@group-0C8C0AA7542A, cid=1634, SUCCESS, logIndex=2351, commits[b461a7b0-028a-4eb5-b268-b89ac225aff8:c2353, b6ff45f5-67b8-463b-a273-c2e7d9dadd75:c2349, 6a5cb75f-f7eb-4671-9a85-3b6f7898f6cc:c2349]
2019-08-28 21:29:39,570 [grpc-default-executor-3] INFO  client.GrpcClientProtocolClient (GrpcClientProtocolClient.java:onNext(255)) - client-05DA20D107F8->b461a7b0-028a-4eb5-b268-b89ac225aff8: receive RaftClientReply:client-05DA20D107F8->b461a7b0-028a-4eb5-b268-b89ac225aff8@group-0C8C0AA7542A, cid=1635, SUCCESS, logIndex=2352, commits[b461a7b0-028a-4eb5-b268-b89ac225aff8:c2353, b6ff45f5-67b8-463b-a273-c2e7d9dadd75:c2349, 6a5cb75f-f7eb-4671-9a85-3b6f7898f6cc:c2349]
2019-08-28 21:29:39,570 [grpc-default-executor-3] INFO  client.GrpcClientProtocolClient (GrpcClientProtocolClient.java:onNext(255)) - client-05DA20D107F8->b461a7b0-028a-4eb5-b268-b89ac225aff8: receive RaftClientReply:client-05DA20D107F8->b461a7b0-028a-4eb5-b268-b89ac225aff8@group-0C8C0AA7542A, cid=1636, SUCCESS, logIndex=2353, commits[b461a7b0-028a-4eb5-b268-b89ac225aff8:c2353, b6ff45f5-67b8-463b-a273-c2e7d9dadd75:c2349, 6a5cb75f-f7eb-4671-9a85-3b6f7898f6cc:c2349]
2019-08-28 21:29:39,588 | INFO  | DNAudit | user=null | ip=null | op=WRITE_CHUNK {blockData=conID: 1 locID: 102696732560196091 bcsId: 0} | ret=SUCCESS |  
2019-08-28 21:29:39,588 | INFO  | DNAudit | user=null | ip=null | op=WRITE_CHUNK {blockData=conID: 1 locID: 102696732560196091 bcsId: 0} | ret=SUCCESS |  
2019-08-28 21:29:39,589 | INFO  | DNAudit | user=null | ip=null | op=PUT_BLOCK {blockData=[blockId=conID: 1 locID: 102696732560196091 bcsId: 0,size=1048576]} | ret=SUCCESS |  
2019-08-28 21:29:39,589 | INFO  | DNAudit | user=null | ip=null | op=WRITE_CHUNK {blockData=conID: 1 locID: 102696732560196091 bcsId: 0} | ret=SUCCESS |  
2019-08-28 21:29:39,589 | INFO  | DNAudit | user=null | ip=null | op=PUT_BLOCK {blockData=[blockId=conID: 1 locID: 102696732560196091 bcsId: 0,size=2097152]} | ret=SUCCESS |  
2019-08-28 21:29:39,589 | INFO  | DNAudit | user=null | ip=null | op=PUT_BLOCK {blockData=[blockId=conID: 1 locID: 102696732560196091 bcsId: 0,size=1048576]} | ret=SUCCESS |  
2019-08-28 21:29:39,589 | INFO  | DNAudit | user=null | ip=null | op=WRITE_CHUNK {blockData=conID: 1 locID: 102696732560196091 bcsId: 0} | ret=SUCCESS |  
2019-08-28 21:29:39,590 | INFO  | DNAudit | user=null | ip=null | op=PUT_BLOCK {blockData=[blockId=conID: 1 locID: 102696732560196091 bcsId: 0,size=2097152]} | ret=SUCCESS |  
2019-08-28 21:29:39,590 [grpc-default-executor-3] INFO  client.GrpcClientProtocolClient (GrpcClientProtocolClient.java:onNext(255)) - client-05DA20D107F8->b461a7b0-028a-4eb5-b268-b89ac225aff8: receive RaftClientReply:client-05DA20D107F8->b461a7b0-028a-4eb5-b268-b89ac225aff8@group-0C8C0AA7542A, cid=1637, SUCCESS, logIndex=0, commits[b461a7b0-028a-4eb5-b268-b89ac225aff8:c2357, b6ff45f5-67b8-463b-a273-c2e7d9dadd75:c2353, 6a5cb75f-f7eb-4671-9a85-3b6f7898f6cc:c2351]
2019-08-28 21:29:39,595 | INFO  | DNAudit | user=null | ip=null | op=WRITE_CHUNK {blockData=conID: 1 locID: 102696732560196091 bcsId: 2353} | ret=SUCCESS |  
2019-08-28 21:29:39,597 | INFO  | DNAudit | user=null | ip=null | op=WRITE_CHUNK {blockData=conID: 1 locID: 102696732560196091 bcsId: 2353} | ret=SUCCESS |  
2019-08-28 21:29:39,597 | INFO  | DNAudit | user=null | ip=null | op=WRITE_CHUNK {blockData=conID: 1 locID: 102696732560196091 bcsId: 2353} | ret=SUCCESS |  
2019-08-28 21:29:39,610 | INFO  | DNAudit | user=null | ip=null | op=WRITE_CHUNK {blockData=conID: 1 locID: 102696732560196091 bcsId: 2353} | ret=SUCCESS |  
2019-08-28 21:29:39,611 | INFO  | DNAudit | user=null | ip=null | op=PUT_BLOCK {blockData=[blockId=conID: 1 locID: 102696732560196091 bcsId: 0,size=3145728]} | ret=SUCCESS |  
2019-08-28 21:29:39,611 [grpc-default-executor-5] INFO  client.GrpcClientProtocolClient (GrpcClientProtocolClient.java:onNext(255)) - client-05DA20D107F8->b461a7b0-028a-4eb5-b268-b89ac225aff8: receive RaftClientReply:client-05DA20D107F8->b461a7b0-028a-4eb5-b268-b89ac225aff8@group-0C8C0AA7542A, cid=1638, SUCCESS, logIndex=2358, commits[b461a7b0-028a-4eb5-b268-b89ac225aff8:c2359, b6ff45f5-67b8-463b-a273-c2e7d9dadd75:c2357, 6a5cb75f-f7eb-4671-9a85-3b6f7898f6cc:c2357]
2019-08-28 21:29:39,611 [grpc-default-executor-5] INFO  client.GrpcClientProtocolClient (GrpcClientProtocolClient.java:onNext(255)) - client-05DA20D107F8->b461a7b0-028a-4eb5-b268-b89ac225aff8: receive RaftClientReply:client-05DA20D107F8->b461a7b0-028a-4eb5-b268-b89ac225aff8@group-0C8C0AA7542A, cid=1639, SUCCESS, logIndex=2359, commits[b461a7b0-028a-4eb5-b268-b89ac225aff8:c2359, b6ff45f5-67b8-463b-a273-c2e7d9dadd75:c2357, 6a5cb75f-f7eb-4671-9a85-3b6f7898f6cc:c2357]
2019-08-28 21:29:39,617 | INFO  | DNAudit | user=null | ip=null | op=WRITE_CHUNK {blockData=conID: 1 locID: 102696732560196091 bcsId: 2359} | ret=SUCCESS |  
2019-08-28 21:29:39,619 | INFO  | DNAudit | user=null | ip=null | op=WRITE_CHUNK {blockData=conID: 1 locID: 102696732560196091 bcsId: 2359} | ret=SUCCESS |  
2019-08-28 21:29:39,619 | INFO  | DNAudit | user=null | ip=null | op=WRITE_CHUNK {blockData=conID: 1 locID: 102696732560196091 bcsId: 2359} | ret=SUCCESS |  
2019-08-28 21:29:39,625 | INFO  | DNAudit | user=null | ip=null | op=WRITE_CHUNK {blockData=conID: 1 locID: 102696732560196091 bcsId: 2353} | ret=SUCCESS |  
2019-08-28 21:29:39,625 | INFO  | DNAudit | user=null | ip=null | op=WRITE_CHUNK {blockData=conID: 1 locID: 102696732560196091 bcsId: 2353} | ret=SUCCESS |  
2019-08-28 21:29:39,626 | INFO  | DNAudit | user=null | ip=null | op=PUT_BLOCK {blockData=[blockId=conID: 1 locID: 102696732560196091 bcsId: 0,size=3145728]} | ret=SUCCESS |  
2019-08-28 21:29:39,626 | INFO  | DNAudit | user=null | ip=null | op=PUT_BLOCK {blockData=[blockId=conID: 1 locID: 102696732560196091 bcsId: 0,size=3145728]} | ret=SUCCESS |  
2019-08-28 21:29:39,627 | INFO  | DNAudit | user=null | ip=null | op=WRITE_CHUNK {blockData=conID: 1 locID: 102696732560196091 bcsId: 2359} | ret=SUCCESS |  
2019-08-28 21:29:39,627 | INFO  | DNAudit | user=null | ip=null | op=PUT_BLOCK {blockData=[blockId=conID: 1 locID: 102696732560196091 bcsId: 0,size=4194304]} | ret=SUCCESS |  
2019-08-28 21:29:39,627 [grpc-default-executor-2] INFO  client.GrpcClientProtocolClient (GrpcClientProtocolClient.java:onNext(255)) - client-05DA20D107F8->b461a7b0-028a-4eb5-b268-b89ac225aff8: receive RaftClientReply:client-05DA20D107F8->b461a7b0-028a-4eb5-b268-b89ac225aff8@group-0C8C0AA7542A, cid=1640, SUCCESS, logIndex=2362, commits[b461a7b0-028a-4eb5-b268-b89ac225aff8:c2363, b6ff45f5-67b8-463b-a273-c2e7d9dadd75:c2359, 6a5cb75f-f7eb-4671-9a85-3b6f7898f6cc:c2359]
2019-08-28 21:29:39,628 [grpc-default-executor-2] INFO  client.GrpcClientProtocolClient (GrpcClientProtocolClient.java:onNext(255)) - client-05DA20D107F8->b461a7b0-028a-4eb5-b268-b89ac225aff8: receive RaftClientReply:client-05DA20D107F8->b461a7b0-028a-4eb5-b268-b89ac225aff8@group-0C8C0AA7542A, cid=1641, SUCCESS, logIndex=2363, commits[b461a7b0-028a-4eb5-b268-b89ac225aff8:c2363, b6ff45f5-67b8-463b-a273-c2e7d9dadd75:c2359, 6a5cb75f-f7eb-4671-9a85-3b6f7898f6cc:c2359]
2019-08-28 21:29:39,647 | INFO  | DNAudit | user=null | ip=null | op=WRITE_CHUNK {blockData=conID: 1 locID: 102696732560196091 bcsId: 2359} | ret=SUCCESS |  
2019-08-28 21:29:39,647 | INFO  | DNAudit | user=null | ip=null | op=WRITE_CHUNK {blockData=conID: 1 locID: 102696732560196091 bcsId: 2359} | ret=SUCCESS |  
2019-08-28 21:29:39,648 | INFO  | DNAudit | user=null | ip=null | op=PUT_BLOCK {blockData=[blockId=conID: 1 locID: 102696732560196091 bcsId: 0,size=4194304]} | ret=SUCCESS |  
2019-08-28 21:29:39,648 | INFO  | DNAudit | user=null | ip=null | op=PUT_BLOCK {blockData=[blockId=conID: 1 locID: 102696732560196091 bcsId: 0,size=4194304]} | ret=SUCCESS |  
2019-08-28 21:29:39,648 [grpc-default-executor-5] INFO  client.GrpcClientProtocolClient (GrpcClientProtocolClient.java:onNext(255)) - client-05DA20D107F8->b461a7b0-028a-4eb5-b268-b89ac225aff8: receive RaftClientReply:client-05DA20D107F8->b461a7b0-028a-4eb5-b268-b89ac225aff8@group-0C8C0AA7542A, cid=1642, SUCCESS, logIndex=0, commits[b461a7b0-028a-4eb5-b268-b89ac225aff8:c2365, b6ff45f5-67b8-463b-a273-c2e7d9dadd75:c2363, 6a5cb75f-f7eb-4671-9a85-3b6f7898f6cc:c2363]
2019-08-28 21:29:39,653 | INFO  | SCMAudit | user=jenkins1000 | ip=127.0.0.1 | op=ALLOCATE_BLOCK {owner=a0140aad-a474-4492-a39d-25bd6167d9f0, size=4194304, type=RATIS, factor=THREE} | ret=SUCCESS |  
2019-08-28 21:29:39,655 | INFO  | OMAudit | user=jenkins1000 | ip=127.0.0.1 | op=ALLOCATE_BLOCK {volume=vol-0-08922, bucket=bucket-0-29862, key=key-0-31337, dataSize=0, replicationType=null, replicationFactor=null, keyLocationInfo=null, clientID=102696731548516754} | ret=SUCCESS |  
2019-08-28 21:29:39,662 | INFO  | DNAudit | user=null | ip=null | op=WRITE_CHUNK {blockData=conID: 2 locID: 102696732567339516 bcsId: 0} | ret=SUCCESS |  
2019-08-28 21:29:39,665 | INFO  | DNAudit | user=null | ip=null | op=WRITE_CHUNK {blockData=conID: 2 locID: 102696732567339516 bcsId: 0} | ret=SUCCESS |  
2019-08-28 21:29:39,665 | INFO  | DNAudit | user=null | ip=null | op=WRITE_CHUNK {blockData=conID: 2 locID: 102696732567339516 bcsId: 0} | ret=SUCCESS |  
2019-08-28 21:29:39,665 | INFO  | DNAudit | user=null | ip=null | op=WRITE_CHUNK {blockData=conID: 2 locID: 102696732567339516 bcsId: 0} | ret=SUCCESS |  
2019-08-28 21:29:39,667 | INFO  | DNAudit | user=null | ip=null | op=WRITE_CHUNK {blockData=conID: 2 locID: 102696732567339516 bcsId: 0} | ret=SUCCESS |  
2019-08-28 21:29:39,667 | INFO  | DNAudit | user=null | ip=null | op=WRITE_CHUNK {blockData=conID: 2 locID: 102696732567339516 bcsId: 0} | ret=SUCCESS |  
2019-08-28 21:29:39,699 | INFO  | DNAudit | user=null | ip=null | op=WRITE_CHUNK {blockData=conID: 2 locID: 102696732567339516 bcsId: 0} | ret=SUCCESS |  
2019-08-28 21:29:39,700 | INFO  | DNAudit | user=null | ip=null | op=PUT_BLOCK {blockData=[blockId=conID: 2 locID: 102696732567339516 bcsId: 0,size=1048576]} | ret=SUCCESS |  
2019-08-28 21:29:39,700 [grpc-default-executor-2] INFO  client.GrpcClientProtocolClient (GrpcClientProtocolClient.java:onNext(255)) - client-05DA20D107F8->b461a7b0-028a-4eb5-b268-b89ac225aff8: receive RaftClientReply:client-05DA20D107F8->b461a7b0-028a-4eb5-b268-b89ac225aff8@group-0C8C0AA7542A, cid=1643, SUCCESS, logIndex=2366, commits[b461a7b0-028a-4eb5-b268-b89ac225aff8:c2367, b6ff45f5-67b8-463b-a273-c2e7d9dadd75:c2365, 6a5cb75f-f7eb-4671-9a85-3b6f7898f6cc:c2365]
2019-08-28 21:29:39,700 [grpc-default-executor-2] INFO  client.GrpcClientProtocolClient (GrpcClientProtocolClient.java:onNext(255)) - client-05DA20D107F8->b461a7b0-028a-4eb5-b268-b89ac225aff8: receive RaftClientReply:client-05DA20D107F8->b461a7b0-028a-4eb5-b268-b89ac225aff8@group-0C8C0AA7542A, cid=1644, SUCCESS, logIndex=2367, commits[b461a7b0-028a-4eb5-b268-b89ac225aff8:c2367, b6ff45f5-67b8-463b-a273-c2e7d9dadd75:c2365, 6a5cb75f-f7eb-4671-9a85-3b6f7898f6cc:c2365]
2019-08-28 21:29:39,709 | INFO  | DNAudit | user=null | ip=null | op=WRITE_CHUNK {blockData=conID: 2 locID: 102696732567339516 bcsId: 0} | ret=SUCCESS |  
2019-08-28 21:29:39,709 | INFO  | DNAudit | user=null | ip=null | op=WRITE_CHUNK {blockData=conID: 2 locID: 102696732567339516 bcsId: 0} | ret=SUCCESS |  
2019-08-28 21:29:39,709 | INFO  | DNAudit | user=null | ip=null | op=PUT_BLOCK {blockData=[blockId=conID: 2 locID: 102696732567339516 bcsId: 0,size=2097152]} | ret=SUCCESS |  
2019-08-28 21:29:39,709 | INFO  | DNAudit | user=null | ip=null | op=PUT_BLOCK {blockData=[blockId=conID: 2 locID: 102696732567339516 bcsId: 0,size=1048576]} | ret=SUCCESS |  
2019-08-28 21:29:39,710 [grpc-default-executor-2] INFO  client.GrpcClientProtocolClient (GrpcClientProtocolClient.java:onNext(255)) - client-05DA20D107F8->b461a7b0-028a-4eb5-b268-b89ac225aff8: receive RaftClientReply:client-05DA20D107F8->b461a7b0-028a-4eb5-b268-b89ac225aff8@group-0C8C0AA7542A, cid=1645, SUCCESS, logIndex=2368, commits[b461a7b0-028a-4eb5-b268-b89ac225aff8:c2369, b6ff45f5-67b8-463b-a273-c2e7d9dadd75:c2365, 6a5cb75f-f7eb-4671-9a85-3b6f7898f6cc:c2365]
2019-08-28 21:29:39,710 [grpc-default-executor-2] INFO  client.GrpcClientProtocolClient (GrpcClientProtocolClient.java:onNext(255)) - client-05DA20D107F8->b461a7b0-028a-4eb5-b268-b89ac225aff8: receive RaftClientReply:client-05DA20D107F8->b461a7b0-028a-4eb5-b268-b89ac225aff8@group-0C8C0AA7542A, cid=1646, SUCCESS, logIndex=2369, commits[b461a7b0-028a-4eb5-b268-b89ac225aff8:c2369, b6ff45f5-67b8-463b-a273-c2e7d9dadd75:c2365, 6a5cb75f-f7eb-4671-9a85-3b6f7898f6cc:c2365]
2019-08-28 21:29:39,710 | INFO  | DNAudit | user=null | ip=null | op=WRITE_CHUNK {blockData=conID: 2 locID: 102696732567339516 bcsId: 0} | ret=SUCCESS |  
2019-08-28 21:29:39,710 | INFO  | DNAudit | user=null | ip=null | op=PUT_BLOCK {blockData=[blockId=conID: 2 locID: 102696732567339516 bcsId: 0,size=1048576]} | ret=SUCCESS |  
2019-08-28 21:29:39,710 | INFO  | DNAudit | user=null | ip=null | op=WRITE_CHUNK {blockData=conID: 2 locID: 102696732567339516 bcsId: 0} | ret=SUCCESS |  
2019-08-28 21:29:39,711 | INFO  | DNAudit | user=null | ip=null | op=PUT_BLOCK {blockData=[blockId=conID: 2 locID: 102696732567339516 bcsId: 0,size=2097152]} | ret=SUCCESS |  
2019-08-28 21:29:39,711 | INFO  | DNAudit | user=null | ip=null | op=WRITE_CHUNK {blockData=conID: 2 locID: 102696732567339516 bcsId: 0} | ret=SUCCESS |  
2019-08-28 21:29:39,711 | INFO  | DNAudit | user=null | ip=null | op=PUT_BLOCK {blockData=[blockId=conID: 2 locID: 102696732567339516 bcsId: 0,size=2097152]} | ret=SUCCESS |  
2019-08-28 21:29:39,711 [grpc-default-executor-3] INFO  client.GrpcClientProtocolClient (GrpcClientProtocolClient.java:onNext(255)) - client-05DA20D107F8->b461a7b0-028a-4eb5-b268-b89ac225aff8: receive RaftClientReply:client-05DA20D107F8->b461a7b0-028a-4eb5-b268-b89ac225aff8@group-0C8C0AA7542A, cid=1647, SUCCESS, logIndex=0, commits[b461a7b0-028a-4eb5-b268-b89ac225aff8:c2370, b6ff45f5-67b8-463b-a273-c2e7d9dadd75:c2367, 6a5cb75f-f7eb-4671-9a85-3b6f7898f6cc:c2367]
2019-08-28 21:29:39,718 | INFO  | DNAudit | user=null | ip=null | op=WRITE_CHUNK {blockData=conID: 2 locID: 102696732567339516 bcsId: 2369} | ret=SUCCESS |  
2019-08-28 21:29:39,720 | INFO  | DNAudit | user=null | ip=null | op=WRITE_CHUNK {blockData=conID: 2 locID: 102696732567339516 bcsId: 2369} | ret=SUCCESS |  
2019-08-28 21:29:39,720 | INFO  | DNAudit | user=null | ip=null | op=WRITE_CHUNK {blockData=conID: 2 locID: 102696732567339516 bcsId: 2369} | ret=SUCCESS |  
2019-08-28 21:29:39,734 | INFO  | DNAudit | user=null | ip=null | op=WRITE_CHUNK {blockData=conID: 2 locID: 102696732567339516 bcsId: 2369} | ret=SUCCESS |  
2019-08-28 21:29:39,734 | INFO  | DNAudit | user=null | ip=null | op=PUT_BLOCK {blockData=[blockId=conID: 2 locID: 102696732567339516 bcsId: 0,size=3145728]} | ret=SUCCESS |  
2019-08-28 21:29:39,734 [grpc-default-executor-3] INFO  client.GrpcClientProtocolClient (GrpcClientProtocolClient.java:onNext(255)) - client-05DA20D107F8->b461a7b0-028a-4eb5-b268-b89ac225aff8: receive RaftClientReply:client-05DA20D107F8->b461a7b0-028a-4eb5-b268-b89ac225aff8@group-0C8C0AA7542A, cid=1648, SUCCESS, logIndex=2373, commits[b461a7b0-028a-4eb5-b268-b89ac225aff8:c2374, b6ff45f5-67b8-463b-a273-c2e7d9dadd75:c2372, 6a5cb75f-f7eb-4671-9a85-3b6f7898f6cc:c2372]
2019-08-28 21:29:39,735 [grpc-default-executor-3] INFO  client.GrpcClientProtocolClient (GrpcClientProtocolClient.java:onNext(255)) - client-05DA20D107F8->b461a7b0-028a-4eb5-b268-b89ac225aff8: receive RaftClientReply:client-05DA20D107F8->b461a7b0-028a-4eb5-b268-b89ac225aff8@group-0C8C0AA7542A, cid=1649, SUCCESS, logIndex=2374, commits[b461a7b0-028a-4eb5-b268-b89ac225aff8:c2374, b6ff45f5-67b8-463b-a273-c2e7d9dadd75:c2372, 6a5cb75f-f7eb-4671-9a85-3b6f7898f6cc:c2372]
2019-08-28 21:29:39,741 | INFO  | DNAudit | user=null | ip=null | op=WRITE_CHUNK {blockData=conID: 2 locID: 102696732567339516 bcsId: 2374} | ret=SUCCESS |  
2019-08-28 21:29:39,743 | INFO  | DNAudit | user=null | ip=null | op=WRITE_CHUNK {blockData=conID: 2 locID: 102696732567339516 bcsId: 2374} | ret=SUCCESS |  
2019-08-28 21:29:39,744 | INFO  | DNAudit | user=null | ip=null | op=WRITE_CHUNK {blockData=conID: 2 locID: 102696732567339516 bcsId: 2374} | ret=SUCCESS |  
2019-08-28 21:29:39,755 | INFO  | DNAudit | user=null | ip=null | op=WRITE_CHUNK {blockData=conID: 2 locID: 102696732567339516 bcsId: 2369} | ret=SUCCESS |  
2019-08-28 21:29:39,755 | INFO  | DNAudit | user=null | ip=null | op=WRITE_CHUNK {blockData=conID: 2 locID: 102696732567339516 bcsId: 2369} | ret=SUCCESS |  
2019-08-28 21:29:39,756 | INFO  | DNAudit | user=null | ip=null | op=PUT_BLOCK {blockData=[blockId=conID: 2 locID: 102696732567339516 bcsId: 0,size=3145728]} | ret=SUCCESS |  
2019-08-28 21:29:39,757 | INFO  | DNAudit | user=null | ip=null | op=PUT_BLOCK {blockData=[blockId=conID: 2 locID: 102696732567339516 bcsId: 0,size=3145728]} | ret=SUCCESS |  
2019-08-28 21:29:39,757 | INFO  | DNAudit | user=null | ip=null | op=WRITE_CHUNK {blockData=conID: 2 locID: 102696732567339516 bcsId: 2374} | ret=SUCCESS |  
2019-08-28 21:29:39,757 | INFO  | DNAudit | user=null | ip=null | op=PUT_BLOCK {blockData=[blockId=conID: 2 locID: 102696732567339516 bcsId: 0,size=4194304]} | ret=SUCCESS |  
2019-08-28 21:29:39,757 [grpc-default-executor-3] INFO  client.GrpcClientProtocolClient (GrpcClientProtocolClient.java:onNext(255)) - client-05DA20D107F8->b461a7b0-028a-4eb5-b268-b89ac225aff8: receive RaftClientReply:client-05DA20D107F8->b461a7b0-028a-4eb5-b268-b89ac225aff8@group-0C8C0AA7542A, cid=1650, SUCCESS, logIndex=2377, commits[b461a7b0-028a-4eb5-b268-b89ac225aff8:c2378, b6ff45f5-67b8-463b-a273-c2e7d9dadd75:c2374, 6a5cb75f-f7eb-4671-9a85-3b6f7898f6cc:c2374]
2019-08-28 21:29:39,758 [grpc-default-executor-3] INFO  client.GrpcClientProtocolClient (GrpcClientProtocolClient.java:onNext(255)) - client-05DA20D107F8->b461a7b0-028a-4eb5-b268-b89ac225aff8: receive RaftClientReply:client-05DA20D107F8->b461a7b0-028a-4eb5-b268-b89ac225aff8@group-0C8C0AA7542A, cid=1651, SUCCESS, logIndex=2378, commits[b461a7b0-028a-4eb5-b268-b89ac225aff8:c2378, b6ff45f5-67b8-463b-a273-c2e7d9dadd75:c2374, 6a5cb75f-f7eb-4671-9a85-3b6f7898f6cc:c2374]
2019-08-28 21:29:39,766 | INFO  | DNAudit | user=null | ip=null | op=WRITE_CHUNK {blockData=conID: 2 locID: 102696732567339516 bcsId: 2374} | ret=SUCCESS |  
2019-08-28 21:29:39,766 | INFO  | DNAudit | user=null | ip=null | op=PUT_BLOCK {blockData=[blockId=conID: 2 locID: 102696732567339516 bcsId: 0,size=4194304]} | ret=SUCCESS |  
2019-08-28 21:29:39,766 | INFO  | DNAudit | user=null | ip=null | op=WRITE_CHUNK {blockData=conID: 2 locID: 102696732567339516 bcsId: 2374} | ret=SUCCESS |  
2019-08-28 21:29:39,766 | INFO  | DNAudit | user=null | ip=null | op=PUT_BLOCK {blockData=[blockId=conID: 2 locID: 102696732567339516 bcsId: 0,size=4194304]} | ret=SUCCESS |  
2019-08-28 21:29:39,766 [grpc-default-executor-3] INFO  client.GrpcClientProtocolClient (GrpcClientProtocolClient.java:onNext(255)) - client-05DA20D107F8->b461a7b0-028a-4eb5-b268-b89ac225aff8: receive RaftClientReply:client-05DA20D107F8->b461a7b0-028a-4eb5-b268-b89ac225aff8@group-0C8C0AA7542A, cid=1652, SUCCESS, logIndex=0, commits[b461a7b0-028a-4eb5-b268-b89ac225aff8:c2379, b6ff45f5-67b8-463b-a273-c2e7d9dadd75:c2378, 6a5cb75f-f7eb-4671-9a85-3b6f7898f6cc:c2378]
2019-08-28 21:29:39,770 | INFO  | SCMAudit | user=jenkins1000 | ip=127.0.0.1 | op=ALLOCATE_BLOCK {owner=a0140aad-a474-4492-a39d-25bd6167d9f0, size=4194304, type=RATIS, factor=THREE} | ret=SUCCESS |  
2019-08-28 21:29:39,773 | INFO  | OMAudit | user=jenkins1000 | ip=127.0.0.1 | op=ALLOCATE_BLOCK {volume=vol-0-08922, bucket=bucket-0-29862, key=key-0-31337, dataSize=0, replicationType=null, replicationFactor=null, keyLocationInfo=null, clientID=102696731548516754} | ret=SUCCESS |  
2019-08-28 21:29:39,779 | INFO  | DNAudit | user=null | ip=null | op=WRITE_CHUNK {blockData=conID: 3 locID: 102696732575007229 bcsId: 0} | ret=SUCCESS |  
2019-08-28 21:29:39,782 | INFO  | DNAudit | user=null | ip=null | op=WRITE_CHUNK {blockData=conID: 3 locID: 102696732575007229 bcsId: 0} | ret=SUCCESS |  
2019-08-28 21:29:39,782 | INFO  | DNAudit | user=null | ip=null | op=WRITE_CHUNK {blockData=conID: 3 locID: 102696732575007229 bcsId: 0} | ret=SUCCESS |  
2019-08-28 21:29:39,782 | INFO  | DNAudit | user=null | ip=null | op=WRITE_CHUNK {blockData=conID: 3 locID: 102696732575007229 bcsId: 0} | ret=SUCCESS |  
2019-08-28 21:29:39,784 | INFO  | DNAudit | user=null | ip=null | op=WRITE_CHUNK {blockData=conID: 3 locID: 102696732575007229 bcsId: 0} | ret=SUCCESS |  
2019-08-28 21:29:39,784 | INFO  | DNAudit | user=null | ip=null | op=WRITE_CHUNK {blockData=conID: 3 locID: 102696732575007229 bcsId: 0} | ret=SUCCESS |  
2019-08-28 21:29:39,794 | INFO  | DNAudit | user=null | ip=null | op=WRITE_CHUNK {blockData=conID: 3 locID: 102696732575007229 bcsId: 0} | ret=SUCCESS |  
2019-08-28 21:29:39,794 | INFO  | DNAudit | user=null | ip=null | op=PUT_BLOCK {blockData=[blockId=conID: 3 locID: 102696732575007229 bcsId: 0,size=1048576]} | ret=SUCCESS |  
2019-08-28 21:29:39,794 [grpc-default-executor-2] INFO  client.GrpcClientProtocolClient (GrpcClientProtocolClient.java:onNext(255)) - client-05DA20D107F8->b461a7b0-028a-4eb5-b268-b89ac225aff8: receive RaftClientReply:client-05DA20D107F8->b461a7b0-028a-4eb5-b268-b89ac225aff8@group-0C8C0AA7542A, cid=1653, SUCCESS, logIndex=2381, commits[b461a7b0-028a-4eb5-b268-b89ac225aff8:c2382, b6ff45f5-67b8-463b-a273-c2e7d9dadd75:c2380, 6a5cb75f-f7eb-4671-9a85-3b6f7898f6cc:c2380]
2019-08-28 21:29:39,795 [grpc-default-executor-3] INFO  client.GrpcClientProtocolClient (GrpcClientProtocolClient.java:onNext(255)) - client-05DA20D107F8->b461a7b0-028a-4eb5-b268-b89ac225aff8: receive RaftClientReply:client-05DA20D107F8->b461a7b0-028a-4eb5-b268-b89ac225aff8@group-0C8C0AA7542A, cid=1654, SUCCESS, logIndex=2382, commits[b461a7b0-028a-4eb5-b268-b89ac225aff8:c2382, b6ff45f5-67b8-463b-a273-c2e7d9dadd75:c2380, 6a5cb75f-f7eb-4671-9a85-3b6f7898f6cc:c2380]
2019-08-28 21:29:39,803 | INFO  | DNAudit | user=null | ip=null | op=WRITE_CHUNK {blockData=conID: 3 locID: 102696732575007229 bcsId: 0} | ret=SUCCESS |  
2019-08-28 21:29:39,804 | INFO  | DNAudit | user=null | ip=null | op=PUT_BLOCK {blockData=[blockId=conID: 3 locID: 102696732575007229 bcsId: 0,size=2097152]} | ret=SUCCESS |  
2019-08-28 21:29:39,804 [grpc-default-executor-5] INFO  client.GrpcClientProtocolClient (GrpcClientProtocolClient.java:onNext(255)) - client-05DA20D107F8->b461a7b0-028a-4eb5-b268-b89ac225aff8: receive RaftClientReply:client-05DA20D107F8->b461a7b0-028a-4eb5-b268-b89ac225aff8@group-0C8C0AA7542A, cid=1655, SUCCESS, logIndex=2383, commits[b461a7b0-028a-4eb5-b268-b89ac225aff8:c2384, b6ff45f5-67b8-463b-a273-c2e7d9dadd75:c2380, 6a5cb75f-f7eb-4671-9a85-3b6f7898f6cc:c2380]
2019-08-28 21:29:39,804 [grpc-default-executor-5] INFO  client.GrpcClientProtocolClient (GrpcClientProtocolClient.java:onNext(255)) - client-05DA20D107F8->b461a7b0-028a-4eb5-b268-b89ac225aff8: receive RaftClientReply:client-05DA20D107F8->b461a7b0-028a-4eb5-b268-b89ac225aff8@group-0C8C0AA7542A, cid=1656, SUCCESS, logIndex=2384, commits[b461a7b0-028a-4eb5-b268-b89ac225aff8:c2384, b6ff45f5-67b8-463b-a273-c2e7d9dadd75:c2380, 6a5cb75f-f7eb-4671-9a85-3b6f7898f6cc:c2380]
2019-08-28 21:29:39,804 | INFO  | DNAudit | user=null | ip=null | op=WRITE_CHUNK {blockData=conID: 3 locID: 102696732575007229 bcsId: 0} | ret=SUCCESS |  
2019-08-28 21:29:39,805 | INFO  | DNAudit | user=null | ip=null | op=PUT_BLOCK {blockData=[blockId=conID: 3 locID: 102696732575007229 bcsId: 0,size=1048576]} | ret=SUCCESS |  
2019-08-28 21:29:39,805 | INFO  | DNAudit | user=null | ip=null | op=WRITE_CHUNK {blockData=conID: 3 locID: 102696732575007229 bcsId: 0} | ret=SUCCESS |  
2019-08-28 21:29:39,805 | INFO  | DNAudit | user=null | ip=null | op=PUT_BLOCK {blockData=[blockId=conID: 3 locID: 102696732575007229 bcsId: 0,size=1048576]} | ret=SUCCESS |  
2019-08-28 21:29:39,805 | INFO  | DNAudit | user=null | ip=null | op=WRITE_CHUNK {blockData=conID: 3 locID: 102696732575007229 bcsId: 0} | ret=SUCCESS |  
2019-08-28 21:29:39,805 | INFO  | DNAudit | user=null | ip=null | op=WRITE_CHUNK {blockData=conID: 3 locID: 102696732575007229 bcsId: 0} | ret=SUCCESS |  
2019-08-28 21:29:39,805 [grpc-default-executor-5] INFO  client.GrpcClientProtocolClient (GrpcClientProtocolClient.java:onNext(255)) - client-05DA20D107F8->b461a7b0-028a-4eb5-b268-b89ac225aff8: receive RaftClientReply:client-05DA20D107F8->b461a7b0-028a-4eb5-b268-b89ac225aff8@group-0C8C0AA7542A, cid=1657, SUCCESS, logIndex=0, commits[b461a7b0-028a-4eb5-b268-b89ac225aff8:c2386, b6ff45f5-67b8-463b-a273-c2e7d9dadd75:c2382, 6a5cb75f-f7eb-4671-9a85-3b6f7898f6cc:c2382]
2019-08-28 21:29:39,806 | INFO  | DNAudit | user=null | ip=null | op=PUT_BLOCK {blockData=[blockId=conID: 3 locID: 102696732575007229 bcsId: 0,size=2097152]} | ret=SUCCESS |  
2019-08-28 21:29:39,806 | INFO  | DNAudit | user=null | ip=null | op=PUT_BLOCK {blockData=[blockId=conID: 3 locID: 102696732575007229 bcsId: 0,size=2097152]} | ret=SUCCESS |  
2019-08-28 21:29:39,812 | INFO  | DNAudit | user=null | ip=null | op=WRITE_CHUNK {blockData=conID: 3 locID: 102696732575007229 bcsId: 2384} | ret=SUCCESS |  
2019-08-28 21:29:39,814 | INFO  | DNAudit | user=null | ip=null | op=WRITE_CHUNK {blockData=conID: 3 locID: 102696732575007229 bcsId: 2384} | ret=SUCCESS |  
2019-08-28 21:29:39,815 | INFO  | DNAudit | user=null | ip=null | op=WRITE_CHUNK {blockData=conID: 3 locID: 102696732575007229 bcsId: 2384} | ret=SUCCESS |  
2019-08-28 21:29:39,818 | INFO  | DNAudit | user=null | ip=null | op=WRITE_CHUNK {blockData=conID: 3 locID: 102696732575007229 bcsId: 2384} | ret=SUCCESS |  
2019-08-28 21:29:39,818 | INFO  | DNAudit | user=null | ip=null | op=PUT_BLOCK {blockData=[blockId=conID: 3 locID: 102696732575007229 bcsId: 0,size=3145728]} | ret=SUCCESS |  
2019-08-28 21:29:39,818 [grpc-default-executor-2] INFO  client.GrpcClientProtocolClient (GrpcClientProtocolClient.java:onNext(255)) - client-05DA20D107F8->b461a7b0-028a-4eb5-b268-b89ac225aff8: receive RaftClientReply:client-05DA20D107F8->b461a7b0-028a-4eb5-b268-b89ac225aff8@group-0C8C0AA7542A, cid=1658, SUCCESS, logIndex=2389, commits[b461a7b0-028a-4eb5-b268-b89ac225aff8:c2390, b6ff45f5-67b8-463b-a273-c2e7d9dadd75:c2388, 6a5cb75f-f7eb-4671-9a85-3b6f7898f6cc:c2388]
2019-08-28 21:29:39,819 [grpc-default-executor-2] INFO  client.GrpcClientProtocolClient (GrpcClientProtocolClient.java:onNext(255)) - client-05DA20D107F8->b461a7b0-028a-4eb5-b268-b89ac225aff8: receive RaftClientReply:client-05DA20D107F8->b461a7b0-028a-4eb5-b268-b89ac225aff8@group-0C8C0AA7542A, cid=1659, SUCCESS, logIndex=2390, commits[b461a7b0-028a-4eb5-b268-b89ac225aff8:c2390, b6ff45f5-67b8-463b-a273-c2e7d9dadd75:c2388, 6a5cb75f-f7eb-4671-9a85-3b6f7898f6cc:c2388]
2019-08-28 21:29:39,825 | INFO  | DNAudit | user=null | ip=null | op=WRITE_CHUNK {blockData=conID: 3 locID: 102696732575007229 bcsId: 2390} | ret=SUCCESS |  
2019-08-28 21:29:39,827 | INFO  | DNAudit | user=null | ip=null | op=WRITE_CHUNK {blockData=conID: 3 locID: 102696732575007229 bcsId: 2390} | ret=SUCCESS |  
2019-08-28 21:29:39,828 | INFO  | DNAudit | user=null | ip=null | op=WRITE_CHUNK {blockData=conID: 3 locID: 102696732575007229 bcsId: 2390} | ret=SUCCESS |  
2019-08-28 21:29:39,828 | INFO  | DNAudit | user=null | ip=null | op=WRITE_CHUNK {blockData=conID: 3 locID: 102696732575007229 bcsId: 2384} | ret=SUCCESS |  
2019-08-28 21:29:39,828 | INFO  | DNAudit | user=null | ip=null | op=WRITE_CHUNK {blockData=conID: 3 locID: 102696732575007229 bcsId: 2384} | ret=SUCCESS |  
2019-08-28 21:29:39,829 | INFO  | DNAudit | user=null | ip=null | op=PUT_BLOCK {blockData=[blockId=conID: 3 locID: 102696732575007229 bcsId: 0,size=3145728]} | ret=SUCCESS |  
2019-08-28 21:29:39,830 | INFO  | DNAudit | user=null | ip=null | op=PUT_BLOCK {blockData=[blockId=conID: 3 locID: 102696732575007229 bcsId: 0,size=3145728]} | ret=SUCCESS |  
2019-08-28 21:29:39,830 | INFO  | DNAudit | user=null | ip=null | op=WRITE_CHUNK {blockData=conID: 3 locID: 102696732575007229 bcsId: 2390} | ret=SUCCESS |  
2019-08-28 21:29:39,830 | INFO  | DNAudit | user=null | ip=null | op=PUT_BLOCK {blockData=[blockId=conID: 3 locID: 102696732575007229 bcsId: 0,size=4194304]} | ret=SUCCESS |  
2019-08-28 21:29:39,831 [grpc-default-executor-2] INFO  client.GrpcClientProtocolClient (GrpcClientProtocolClient.java:onNext(255)) - client-05DA20D107F8->b461a7b0-028a-4eb5-b268-b89ac225aff8: receive RaftClientReply:client-05DA20D107F8->b461a7b0-028a-4eb5-b268-b89ac225aff8@group-0C8C0AA7542A, cid=1660, SUCCESS, logIndex=2393, commits[b461a7b0-028a-4eb5-b268-b89ac225aff8:c2394, b6ff45f5-67b8-463b-a273-c2e7d9dadd75:c2390, 6a5cb75f-f7eb-4671-9a85-3b6f7898f6cc:c2390]
2019-08-28 21:29:39,831 [grpc-default-executor-2] INFO  client.GrpcClientProtocolClient (GrpcClientProtocolClient.java:onNext(255)) - client-05DA20D107F8->b461a7b0-028a-4eb5-b268-b89ac225aff8: receive RaftClientReply:client-05DA20D107F8->b461a7b0-028a-4eb5-b268-b89ac225aff8@group-0C8C0AA7542A, cid=1661, SUCCESS, logIndex=2394, commits[b461a7b0-028a-4eb5-b268-b89ac225aff8:c2394, b6ff45f5-67b8-463b-a273-c2e7d9dadd75:c2390, 6a5cb75f-f7eb-4671-9a85-3b6f7898f6cc:c2390]
2019-08-28 21:29:39,842 | INFO  | DNAudit | user=null | ip=null | op=WRITE_CHUNK {blockData=conID: 3 locID: 102696732575007229 bcsId: 2390} | ret=SUCCESS |  
2019-08-28 21:29:39,842 | INFO  | DNAudit | user=null | ip=null | op=WRITE_CHUNK {blockData=conID: 3 locID: 102696732575007229 bcsId: 2390} | ret=SUCCESS |  
2019-08-28 21:29:39,844 | INFO  | DNAudit | user=null | ip=null | op=PUT_BLOCK {blockData=[blockId=conID: 3 locID: 102696732575007229 bcsId: 0,size=4194304]} | ret=SUCCESS |  
2019-08-28 21:29:39,844 | INFO  | DNAudit | user=null | ip=null | op=PUT_BLOCK {blockData=[blockId=conID: 3 locID: 102696732575007229 bcsId: 0,size=4194304]} | ret=SUCCESS |  
2019-08-28 21:29:39,844 [grpc-default-executor-2] INFO  client.GrpcClientProtocolClient (GrpcClientProtocolClient.java:onNext(255)) - client-05DA20D107F8->b461a7b0-028a-4eb5-b268-b89ac225aff8: receive RaftClientReply:client-05DA20D107F8->b461a7b0-028a-4eb5-b268-b89ac225aff8@group-0C8C0AA7542A, cid=1662, SUCCESS, logIndex=0, commits[b461a7b0-028a-4eb5-b268-b89ac225aff8:c2396, b6ff45f5-67b8-463b-a273-c2e7d9dadd75:c2394, 6a5cb75f-f7eb-4671-9a85-3b6f7898f6cc:c2394]
2019-08-28 21:29:39,849 | INFO  | SCMAudit | user=jenkins1000 | ip=127.0.0.1 | op=ALLOCATE_BLOCK {owner=a0140aad-a474-4492-a39d-25bd6167d9f0, size=4194304, type=RATIS, factor=THREE} | ret=SUCCESS |  
2019-08-28 21:29:39,852 | INFO  | OMAudit | user=jenkins1000 | ip=127.0.0.1 | op=ALLOCATE_BLOCK {volume=vol-0-08922, bucket=bucket-0-29862, key=key-0-31337, dataSize=0, replicationType=null, replicationFactor=null, keyLocationInfo=null, clientID=102696731548516754} | ret=SUCCESS |  
2019-08-28 21:29:39,857 | INFO  | DNAudit | user=null | ip=null | op=WRITE_CHUNK {blockData=conID: 1 locID: 102696732580184574 bcsId: 0} | ret=SUCCESS |  
2019-08-28 21:29:39,860 | INFO  | DNAudit | user=null | ip=null | op=WRITE_CHUNK {blockData=conID: 1 locID: 102696732580184574 bcsId: 0} | ret=SUCCESS |  
2019-08-28 21:29:39,860 | INFO  | DNAudit | user=null | ip=null | op=WRITE_CHUNK {blockData=conID: 1 locID: 102696732580184574 bcsId: 0} | ret=SUCCESS |  
2019-08-28 21:29:39,861 | INFO  | DNAudit | user=null | ip=null | op=WRITE_CHUNK {blockData=conID: 1 locID: 102696732580184574 bcsId: 0} | ret=SUCCESS |  
2019-08-28 21:29:39,862 | INFO  | DNAudit | user=null | ip=null | op=WRITE_CHUNK {blockData=conID: 1 locID: 102696732580184574 bcsId: 0} | ret=SUCCESS |  
2019-08-28 21:29:39,863 | INFO  | DNAudit | user=null | ip=null | op=WRITE_CHUNK {blockData=conID: 1 locID: 102696732580184574 bcsId: 0} | ret=SUCCESS |  
2019-08-28 21:29:39,881 | INFO  | DNAudit | user=null | ip=null | op=WRITE_CHUNK {blockData=conID: 1 locID: 102696732580184574 bcsId: 0} | ret=SUCCESS |  
2019-08-28 21:29:39,882 | INFO  | DNAudit | user=null | ip=null | op=PUT_BLOCK {blockData=[blockId=conID: 1 locID: 102696732580184574 bcsId: 0,size=1048576]} | ret=SUCCESS |  
2019-08-28 21:29:39,882 [grpc-default-executor-5] INFO  client.GrpcClientProtocolClient (GrpcClientProtocolClient.java:onNext(255)) - client-05DA20D107F8->b461a7b0-028a-4eb5-b268-b89ac225aff8: receive RaftClientReply:client-05DA20D107F8->b461a7b0-028a-4eb5-b268-b89ac225aff8@group-0C8C0AA7542A, cid=1663, SUCCESS, logIndex=2397, commits[b461a7b0-028a-4eb5-b268-b89ac225aff8:c2398, b6ff45f5-67b8-463b-a273-c2e7d9dadd75:c2396, 6a5cb75f-f7eb-4671-9a85-3b6f7898f6cc:c2396]
2019-08-28 21:29:39,882 | INFO  | DNAudit | user=null | ip=null | op=WRITE_CHUNK {blockData=conID: 1 locID: 102696732580184574 bcsId: 0} | ret=SUCCESS |  
2019-08-28 21:29:39,883 [grpc-default-executor-3] INFO  client.GrpcClientProtocolClient (GrpcClientProtocolClient.java:onNext(255)) - client-05DA20D107F8->b461a7b0-028a-4eb5-b268-b89ac225aff8: receive RaftClientReply:client-05DA20D107F8->b461a7b0-028a-4eb5-b268-b89ac225aff8@group-0C8C0AA7542A, cid=1664, SUCCESS, logIndex=2398, commits[b461a7b0-028a-4eb5-b268-b89ac225aff8:c2398, b6ff45f5-67b8-463b-a273-c2e7d9dadd75:c2396, 6a5cb75f-f7eb-4671-9a85-3b6f7898f6cc:c2396]
2019-08-28 21:29:39,883 | INFO  | DNAudit | user=null | ip=null | op=PUT_BLOCK {blockData=[blockId=conID: 1 locID: 102696732580184574 bcsId: 0,size=2097152]} | ret=SUCCESS |  
2019-08-28 21:29:39,883 [grpc-default-executor-5] INFO  client.GrpcClientProtocolClient (GrpcClientProtocolClient.java:onNext(255)) - client-05DA20D107F8->b461a7b0-028a-4eb5-b268-b89ac225aff8: receive RaftClientReply:client-05DA20D107F8->b461a7b0-028a-4eb5-b268-b89ac225aff8@group-0C8C0AA7542A, cid=1665, SUCCESS, logIndex=2399, commits[b461a7b0-028a-4eb5-b268-b89ac225aff8:c2400, b6ff45f5-67b8-463b-a273-c2e7d9dadd75:c2396, 6a5cb75f-f7eb-4671-9a85-3b6f7898f6cc:c2396]
2019-08-28 21:29:39,883 | INFO  | DNAudit | user=null | ip=null | op=WRITE_CHUNK {blockData=conID: 1 locID: 102696732580184574 bcsId: 0} | ret=SUCCESS |  
2019-08-28 21:29:39,883 [grpc-default-executor-3] INFO  client.GrpcClientProtocolClient (GrpcClientProtocolClient.java:onNext(255)) - client-05DA20D107F8->b461a7b0-028a-4eb5-b268-b89ac225aff8: receive RaftClientReply:client-05DA20D107F8->b461a7b0-028a-4eb5-b268-b89ac225aff8@group-0C8C0AA7542A, cid=1666, SUCCESS, logIndex=2400, commits[b461a7b0-028a-4eb5-b268-b89ac225aff8:c2400, b6ff45f5-67b8-463b-a273-c2e7d9dadd75:c2396, 6a5cb75f-f7eb-4671-9a85-3b6f7898f6cc:c2396]
2019-08-28 21:29:39,884 | INFO  | DNAudit | user=null | ip=null | op=PUT_BLOCK {blockData=[blockId=conID: 1 locID: 102696732580184574 bcsId: 0,size=1048576]} | ret=SUCCESS |  
2019-08-28 21:29:39,884 | INFO  | DNAudit | user=null | ip=null | op=WRITE_CHUNK {blockData=conID: 1 locID: 102696732580184574 bcsId: 0} | ret=SUCCESS |  
2019-08-28 21:29:39,884 | INFO  | DNAudit | user=null | ip=null | op=PUT_BLOCK {blockData=[blockId=conID: 1 locID: 102696732580184574 bcsId: 0,size=1048576]} | ret=SUCCESS |  
2019-08-28 21:29:39,885 | INFO  | DNAudit | user=null | ip=null | op=WRITE_CHUNK {blockData=conID: 1 locID: 102696732580184574 bcsId: 0} | ret=SUCCESS |  
2019-08-28 21:29:39,885 | INFO  | DNAudit | user=null | ip=null | op=WRITE_CHUNK {blockData=conID: 1 locID: 102696732580184574 bcsId: 0} | ret=SUCCESS |  
2019-08-28 21:29:39,885 | INFO  | DNAudit | user=null | ip=null | op=PUT_BLOCK {blockData=[blockId=conID: 1 locID: 102696732580184574 bcsId: 0,size=2097152]} | ret=SUCCESS |  
2019-08-28 21:29:39,885 [grpc-default-executor-3] INFO  client.GrpcClientProtocolClient (GrpcClientProtocolClient.java:onNext(255)) - client-05DA20D107F8->b461a7b0-028a-4eb5-b268-b89ac225aff8: receive RaftClientReply:client-05DA20D107F8->b461a7b0-028a-4eb5-b268-b89ac225aff8@group-0C8C0AA7542A, cid=1667, SUCCESS, logIndex=0, commits[b461a7b0-028a-4eb5-b268-b89ac225aff8:c2402, b6ff45f5-67b8-463b-a273-c2e7d9dadd75:c2398, 6a5cb75f-f7eb-4671-9a85-3b6f7898f6cc:c2398]
2019-08-28 21:29:39,885 | INFO  | DNAudit | user=null | ip=null | op=PUT_BLOCK {blockData=[blockId=conID: 1 locID: 102696732580184574 bcsId: 0,size=2097152]} | ret=SUCCESS |  
2019-08-28 21:29:39,891 | INFO  | DNAudit | user=null | ip=null | op=WRITE_CHUNK {blockData=conID: 1 locID: 102696732580184574 bcsId: 2400} | ret=SUCCESS |  
2019-08-28 21:29:39,892 | INFO  | DNAudit | user=null | ip=null | op=WRITE_CHUNK {blockData=conID: 1 locID: 102696732580184574 bcsId: 2400} | ret=SUCCESS |  
2019-08-28 21:29:39,896 | INFO  | DNAudit | user=null | ip=null | op=WRITE_CHUNK {blockData=conID: 1 locID: 102696732580184574 bcsId: 2400} | ret=SUCCESS |  
2019-08-28 21:29:39,896 | INFO  | DNAudit | user=null | ip=null | op=PUT_BLOCK {blockData=[blockId=conID: 1 locID: 102696732580184574 bcsId: 0,size=3145728]} | ret=SUCCESS |  
2019-08-28 21:29:39,896 [grpc-default-executor-5] INFO  client.GrpcClientProtocolClient (GrpcClientProtocolClient.java:onNext(255)) - client-05DA20D107F8->b461a7b0-028a-4eb5-b268-b89ac225aff8: receive RaftClientReply:client-05DA20D107F8->b461a7b0-028a-4eb5-b268-b89ac225aff8@group-0C8C0AA7542A, cid=1668, SUCCESS, logIndex=2405, commits[b461a7b0-028a-4eb5-b268-b89ac225aff8:c2406, b6ff45f5-67b8-463b-a273-c2e7d9dadd75:c2404, 6a5cb75f-f7eb-4671-9a85-3b6f7898f6cc:c2400]
2019-08-28 21:29:39,897 [grpc-default-executor-5] INFO  client.GrpcClientProtocolClient (GrpcClientProtocolClient.java:onNext(255)) - client-05DA20D107F8->b461a7b0-028a-4eb5-b268-b89ac225aff8: receive RaftClientReply:client-05DA20D107F8->b461a7b0-028a-4eb5-b268-b89ac225aff8@group-0C8C0AA7542A, cid=1669, SUCCESS, logIndex=2406, commits[b461a7b0-028a-4eb5-b268-b89ac225aff8:c2406, b6ff45f5-67b8-463b-a273-c2e7d9dadd75:c2404, 6a5cb75f-f7eb-4671-9a85-3b6f7898f6cc:c2400]
2019-08-28 21:29:39,897 | INFO  | DNAudit | user=null | ip=null | op=WRITE_CHUNK {blockData=conID: 1 locID: 102696732580184574 bcsId: 2400} | ret=SUCCESS |  
2019-08-28 21:29:39,902 | INFO  | DNAudit | user=null | ip=null | op=WRITE_CHUNK {blockData=conID: 1 locID: 102696732580184574 bcsId: 2406} | ret=SUCCESS |  
2019-08-28 21:29:39,904 | INFO  | DNAudit | user=null | ip=null | op=WRITE_CHUNK {blockData=conID: 1 locID: 102696732580184574 bcsId: 2406} | ret=SUCCESS |  
2019-08-28 21:29:39,905 | INFO  | DNAudit | user=null | ip=null | op=WRITE_CHUNK {blockData=conID: 1 locID: 102696732580184574 bcsId: 2406} | ret=SUCCESS |  
2019-08-28 21:29:39,907 | INFO  | DNAudit | user=null | ip=null | op=WRITE_CHUNK {blockData=conID: 1 locID: 102696732580184574 bcsId: 2400} | ret=SUCCESS |  
2019-08-28 21:29:39,908 | INFO  | DNAudit | user=null | ip=null | op=WRITE_CHUNK {blockData=conID: 1 locID: 102696732580184574 bcsId: 2400} | ret=SUCCESS |  
2019-08-28 21:29:39,908 | INFO  | DNAudit | user=null | ip=null | op=PUT_BLOCK {blockData=[blockId=conID: 1 locID: 102696732580184574 bcsId: 0,size=3145728]} | ret=SUCCESS |  
2019-08-28 21:29:39,908 | INFO  | DNAudit | user=null | ip=null | op=PUT_BLOCK {blockData=[blockId=conID: 1 locID: 102696732580184574 bcsId: 0,size=3145728]} | ret=SUCCESS |  
2019-08-28 21:29:39,909 | INFO  | DNAudit | user=null | ip=null | op=WRITE_CHUNK {blockData=conID: 1 locID: 102696732580184574 bcsId: 2406} | ret=SUCCESS |  
2019-08-28 21:29:39,909 | INFO  | DNAudit | user=null | ip=null | op=PUT_BLOCK {blockData=[blockId=conID: 1 locID: 102696732580184574 bcsId: 0,size=4194304]} | ret=SUCCESS |  
2019-08-28 21:29:39,909 [grpc-default-executor-5] INFO  client.GrpcClientProtocolClient (GrpcClientProtocolClient.java:onNext(255)) - client-05DA20D107F8->b461a7b0-028a-4eb5-b268-b89ac225aff8: receive RaftClientReply:client-05DA20D107F8->b461a7b0-028a-4eb5-b268-b89ac225aff8@group-0C8C0AA7542A, cid=1670, SUCCESS, logIndex=2409, commits[b461a7b0-028a-4eb5-b268-b89ac225aff8:c2410, b6ff45f5-67b8-463b-a273-c2e7d9dadd75:c2406, 6a5cb75f-f7eb-4671-9a85-3b6f7898f6cc:c2406]
2019-08-28 21:29:39,910 [grpc-default-executor-5] INFO  client.GrpcClientProtocolClient (GrpcClientProtocolClient.java:onNext(255)) - client-05DA20D107F8->b461a7b0-028a-4eb5-b268-b89ac225aff8: receive RaftClientReply:client-05DA20D107F8->b461a7b0-028a-4eb5-b268-b89ac225aff8@group-0C8C0AA7542A, cid=1671, SUCCESS, logIndex=2410, commits[b461a7b0-028a-4eb5-b268-b89ac225aff8:c2410, b6ff45f5-67b8-463b-a273-c2e7d9dadd75:c2406, 6a5cb75f-f7eb-4671-9a85-3b6f7898f6cc:c2406]
2019-08-28 21:29:39,917 | INFO  | DNAudit | user=null | ip=null | op=WRITE_CHUNK {blockData=conID: 1 locID: 102696732580184574 bcsId: 2406} | ret=SUCCESS |  
2019-08-28 21:29:39,917 | INFO  | DNAudit | user=null | ip=null | op=WRITE_CHUNK {blockData=conID: 1 locID: 102696732580184574 bcsId: 2406} | ret=SUCCESS |  
2019-08-28 21:29:39,918 | INFO  | DNAudit | user=null | ip=null | op=PUT_BLOCK {blockData=[blockId=conID: 1 locID: 102696732580184574 bcsId: 0,size=4194304]} | ret=SUCCESS |  
2019-08-28 21:29:39,918 | INFO  | DNAudit | user=null | ip=null | op=PUT_BLOCK {blockData=[blockId=conID: 1 locID: 102696732580184574 bcsId: 0,size=4194304]} | ret=SUCCESS |  
2019-08-28 21:29:39,919 [grpc-default-executor-5] INFO  client.GrpcClientProtocolClient (GrpcClientProtocolClient.java:onNext(255)) - client-05DA20D107F8->b461a7b0-028a-4eb5-b268-b89ac225aff8: receive RaftClientReply:client-05DA20D107F8->b461a7b0-028a-4eb5-b268-b89ac225aff8@group-0C8C0AA7542A, cid=1672, SUCCESS, logIndex=0, commits[b461a7b0-028a-4eb5-b268-b89ac225aff8:c2412, b6ff45f5-67b8-463b-a273-c2e7d9dadd75:c2410, 6a5cb75f-f7eb-4671-9a85-3b6f7898f6cc:c2410]
2019-08-28 21:29:39,922 | INFO  | SCMAudit | user=jenkins1000 | ip=127.0.0.1 | op=ALLOCATE_BLOCK {owner=a0140aad-a474-4492-a39d-25bd6167d9f0, size=4194304, type=RATIS, factor=THREE} | ret=SUCCESS |  
2019-08-28 21:29:39,925 | INFO  | OMAudit | user=jenkins1000 | ip=127.0.0.1 | op=ALLOCATE_BLOCK {volume=vol-0-08922, bucket=bucket-0-29862, key=key-0-31337, dataSize=0, replicationType=null, replicationFactor=null, keyLocationInfo=null, clientID=102696731548516754} | ret=SUCCESS |  
2019-08-28 21:29:39,930 | INFO  | DNAudit | user=null | ip=null | op=WRITE_CHUNK {blockData=conID: 2 locID: 102696732584968703 bcsId: 0} | ret=SUCCESS |  
2019-08-28 21:29:39,933 | INFO  | DNAudit | user=null | ip=null | op=WRITE_CHUNK {blockData=conID: 2 locID: 102696732584968703 bcsId: 0} | ret=SUCCESS |  
2019-08-28 21:29:39,933 | INFO  | DNAudit | user=null | ip=null | op=WRITE_CHUNK {blockData=conID: 2 locID: 102696732584968703 bcsId: 0} | ret=SUCCESS |  
2019-08-28 21:29:39,934 | INFO  | DNAudit | user=null | ip=null | op=WRITE_CHUNK {blockData=conID: 2 locID: 102696732584968703 bcsId: 0} | ret=SUCCESS |  
2019-08-28 21:29:39,936 | INFO  | DNAudit | user=null | ip=null | op=WRITE_CHUNK {blockData=conID: 2 locID: 102696732584968703 bcsId: 0} | ret=SUCCESS |  
2019-08-28 21:29:39,936 | INFO  | DNAudit | user=null | ip=null | op=WRITE_CHUNK {blockData=conID: 2 locID: 102696732584968703 bcsId: 0} | ret=SUCCESS |  
2019-08-28 21:29:39,954 | INFO  | DNAudit | user=null | ip=null | op=WRITE_CHUNK {blockData=conID: 2 locID: 102696732584968703 bcsId: 0} | ret=SUCCESS |  
2019-08-28 21:29:39,954 | INFO  | DNAudit | user=null | ip=null | op=PUT_BLOCK {blockData=[blockId=conID: 2 locID: 102696732584968703 bcsId: 0,size=1048576]} | ret=SUCCESS |  
2019-08-28 21:29:39,954 [grpc-default-executor-3] INFO  client.GrpcClientProtocolClient (GrpcClientProtocolClient.java:onNext(255)) - client-05DA20D107F8->b461a7b0-028a-4eb5-b268-b89ac225aff8: receive RaftClientReply:client-05DA20D107F8->b461a7b0-028a-4eb5-b268-b89ac225aff8@group-0C8C0AA7542A, cid=1673, SUCCESS, logIndex=2413, commits[b461a7b0-028a-4eb5-b268-b89ac225aff8:c2414, b6ff45f5-67b8-463b-a273-c2e7d9dadd75:c2412, 6a5cb75f-f7eb-4671-9a85-3b6f7898f6cc:c2412]
2019-08-28 21:29:39,955 [grpc-default-executor-3] INFO  client.GrpcClientProtocolClient (GrpcClientProtocolClient.java:onNext(255)) - client-05DA20D107F8->b461a7b0-028a-4eb5-b268-b89ac225aff8: receive RaftClientReply:client-05DA20D107F8->b461a7b0-028a-4eb5-b268-b89ac225aff8@group-0C8C0AA7542A, cid=1674, SUCCESS, logIndex=2414, commits[b461a7b0-028a-4eb5-b268-b89ac225aff8:c2414, b6ff45f5-67b8-463b-a273-c2e7d9dadd75:c2412, 6a5cb75f-f7eb-4671-9a85-3b6f7898f6cc:c2412]
2019-08-28 21:29:39,962 | INFO  | DNAudit | user=null | ip=null | op=WRITE_CHUNK {blockData=conID: 2 locID: 102696732584968703 bcsId: 0} | ret=SUCCESS |  
2019-08-28 21:29:39,962 | INFO  | DNAudit | user=null | ip=null | op=PUT_BLOCK {blockData=[blockId=conID: 2 locID: 102696732584968703 bcsId: 0,size=2097152]} | ret=SUCCESS |  
2019-08-28 21:29:39,962 [grpc-default-executor-3] INFO  client.GrpcClientProtocolClient (GrpcClientProtocolClient.java:onNext(255)) - client-05DA20D107F8->b461a7b0-028a-4eb5-b268-b89ac225aff8: receive RaftClientReply:client-05DA20D107F8->b461a7b0-028a-4eb5-b268-b89ac225aff8@group-0C8C0AA7542A, cid=1675, SUCCESS, logIndex=2415, commits[b461a7b0-028a-4eb5-b268-b89ac225aff8:c2416, b6ff45f5-67b8-463b-a273-c2e7d9dadd75:c2412, 6a5cb75f-f7eb-4671-9a85-3b6f7898f6cc:c2412]
2019-08-28 21:29:39,962 [grpc-default-executor-3] INFO  client.GrpcClientProtocolClient (GrpcClientProtocolClient.java:onNext(255)) - client-05DA20D107F8->b461a7b0-028a-4eb5-b268-b89ac225aff8: receive RaftClientReply:client-05DA20D107F8->b461a7b0-028a-4eb5-b268-b89ac225aff8@group-0C8C0AA7542A, cid=1676, SUCCESS, logIndex=2416, commits[b461a7b0-028a-4eb5-b268-b89ac225aff8:c2416, b6ff45f5-67b8-463b-a273-c2e7d9dadd75:c2412, 6a5cb75f-f7eb-4671-9a85-3b6f7898f6cc:c2412]
2019-08-28 21:29:39,971 | INFO  | DNAudit | user=null | ip=null | op=WRITE_CHUNK {blockData=conID: 2 locID: 102696732584968703 bcsId: 0} | ret=SUCCESS |  
2019-08-28 21:29:39,971 | INFO  | DNAudit | user=null | ip=null | op=WRITE_CHUNK {blockData=conID: 2 locID: 102696732584968703 bcsId: 0} | ret=SUCCESS |  
2019-08-28 21:29:39,971 | INFO  | DNAudit | user=null | ip=null | op=PUT_BLOCK {blockData=[blockId=conID: 2 locID: 102696732584968703 bcsId: 0,size=1048576]} | ret=SUCCESS |  
2019-08-28 21:29:39,971 | INFO  | DNAudit | user=null | ip=null | op=PUT_BLOCK {blockData=[blockId=conID: 2 locID: 102696732584968703 bcsId: 0,size=1048576]} | ret=SUCCESS |  
2019-08-28 21:29:39,971 [grpc-default-executor-5] INFO  client.GrpcClientProtocolClient (GrpcClientProtocolClient.java:onNext(255)) - client-05DA20D107F8->b461a7b0-028a-4eb5-b268-b89ac225aff8: receive RaftClientReply:client-05DA20D107F8->b461a7b0-028a-4eb5-b268-b89ac225aff8@group-0C8C0AA7542A, cid=1677, SUCCESS, logIndex=0, commits[b461a7b0-028a-4eb5-b268-b89ac225aff8:c2418, b6ff45f5-67b8-463b-a273-c2e7d9dadd75:c2414, 6a5cb75f-f7eb-4671-9a85-3b6f7898f6cc:c2414]
2019-08-28 21:29:39,978 | INFO  | DNAudit | user=null | ip=null | op=WRITE_CHUNK {blockData=conID: 2 locID: 102696732584968703 bcsId: 2416} | ret=SUCCESS |  
2019-08-28 21:29:39,980 | INFO  | DNAudit | user=null | ip=null | op=WRITE_CHUNK {blockData=conID: 2 locID: 102696732584968703 bcsId: 2416} | ret=SUCCESS |  
2019-08-28 21:29:39,980 | INFO  | DNAudit | user=null | ip=null | op=WRITE_CHUNK {blockData=conID: 2 locID: 102696732584968703 bcsId: 2416} | ret=SUCCESS |  
2019-08-28 21:29:39,981 | INFO  | DNAudit | user=null | ip=null | op=WRITE_CHUNK {blockData=conID: 2 locID: 102696732584968703 bcsId: 0} | ret=SUCCESS |  
2019-08-28 21:29:39,982 | INFO  | DNAudit | user=null | ip=null | op=PUT_BLOCK {blockData=[blockId=conID: 2 locID: 102696732584968703 bcsId: 0,size=2097152]} | ret=SUCCESS |  
2019-08-28 21:29:39,982 | INFO  | DNAudit | user=null | ip=null | op=WRITE_CHUNK {blockData=conID: 2 locID: 102696732584968703 bcsId: 0} | ret=SUCCESS |  
2019-08-28 21:29:39,982 | INFO  | DNAudit | user=null | ip=null | op=PUT_BLOCK {blockData=[blockId=conID: 2 locID: 102696732584968703 bcsId: 0,size=2097152]} | ret=SUCCESS |  
2019-08-28 21:29:39,983 | INFO  | DNAudit | user=null | ip=null | op=WRITE_CHUNK {blockData=conID: 2 locID: 102696732584968703 bcsId: 2416} | ret=SUCCESS |  
2019-08-28 21:29:39,984 | INFO  | DNAudit | user=null | ip=null | op=PUT_BLOCK {blockData=[blockId=conID: 2 locID: 102696732584968703 bcsId: 0,size=3145728]} | ret=SUCCESS |  
2019-08-28 21:29:39,984 [grpc-default-executor-5] INFO  client.GrpcClientProtocolClient (GrpcClientProtocolClient.java:onNext(255)) - client-05DA20D107F8->b461a7b0-028a-4eb5-b268-b89ac225aff8: receive RaftClientReply:client-05DA20D107F8->b461a7b0-028a-4eb5-b268-b89ac225aff8@group-0C8C0AA7542A, cid=1678, SUCCESS, logIndex=2421, commits[b461a7b0-028a-4eb5-b268-b89ac225aff8:c2422, b6ff45f5-67b8-463b-a273-c2e7d9dadd75:c2418, 6a5cb75f-f7eb-4671-9a85-3b6f7898f6cc:c2416]
2019-08-28 21:29:39,984 [grpc-default-executor-5] INFO  client.GrpcClientProtocolClient (GrpcClientProtocolClient.java:onNext(255)) - client-05DA20D107F8->b461a7b0-028a-4eb5-b268-b89ac225aff8: receive RaftClientReply:client-05DA20D107F8->b461a7b0-028a-4eb5-b268-b89ac225aff8@group-0C8C0AA7542A, cid=1679, SUCCESS, logIndex=2422, commits[b461a7b0-028a-4eb5-b268-b89ac225aff8:c2422, b6ff45f5-67b8-463b-a273-c2e7d9dadd75:c2418, 6a5cb75f-f7eb-4671-9a85-3b6f7898f6cc:c2418]
2019-08-28 21:29:39,990 | INFO  | DNAudit | user=null | ip=null | op=WRITE_CHUNK {blockData=conID: 2 locID: 102696732584968703 bcsId: 2422} | ret=SUCCESS |  
2019-08-28 21:29:39,992 | INFO  | DNAudit | user=null | ip=null | op=WRITE_CHUNK {blockData=conID: 2 locID: 102696732584968703 bcsId: 2422} | ret=SUCCESS |  
2019-08-28 21:29:39,992 | INFO  | DNAudit | user=null | ip=null | op=WRITE_CHUNK {blockData=conID: 2 locID: 102696732584968703 bcsId: 2422} | ret=SUCCESS |  
2019-08-28 21:29:40,000 | INFO  | DNAudit | user=null | ip=null | op=WRITE_CHUNK {blockData=conID: 2 locID: 102696732584968703 bcsId: 2416} | ret=SUCCESS |  
2019-08-28 21:29:40,000 | INFO  | DNAudit | user=null | ip=null | op=WRITE_CHUNK {blockData=conID: 2 locID: 102696732584968703 bcsId: 2416} | ret=SUCCESS |  
2019-08-28 21:29:40,001 | INFO  | DNAudit | user=null | ip=null | op=PUT_BLOCK {blockData=[blockId=conID: 2 locID: 102696732584968703 bcsId: 0,size=3145728]} | ret=SUCCESS |  
2019-08-28 21:29:40,001 | INFO  | DNAudit | user=null | ip=null | op=PUT_BLOCK {blockData=[blockId=conID: 2 locID: 102696732584968703 bcsId: 0,size=3145728]} | ret=SUCCESS |  
2019-08-28 21:29:40,002 | INFO  | DNAudit | user=null | ip=null | op=WRITE_CHUNK {blockData=conID: 2 locID: 102696732584968703 bcsId: 2422} | ret=SUCCESS |  
2019-08-28 21:29:40,002 | INFO  | DNAudit | user=null | ip=null | op=PUT_BLOCK {blockData=[blockId=conID: 2 locID: 102696732584968703 bcsId: 0,size=4194304]} | ret=SUCCESS |  
2019-08-28 21:29:40,003 [grpc-default-executor-3] INFO  client.GrpcClientProtocolClient (GrpcClientProtocolClient.java:onNext(255)) - client-05DA20D107F8->b461a7b0-028a-4eb5-b268-b89ac225aff8: receive RaftClientReply:client-05DA20D107F8->b461a7b0-028a-4eb5-b268-b89ac225aff8@group-0C8C0AA7542A, cid=1680, SUCCESS, logIndex=2424, commits[b461a7b0-028a-4eb5-b268-b89ac225aff8:c2425, b6ff45f5-67b8-463b-a273-c2e7d9dadd75:c2422, 6a5cb75f-f7eb-4671-9a85-3b6f7898f6cc:c2422]
2019-08-28 21:29:40,003 [grpc-default-executor-3] INFO  client.GrpcClientProtocolClient (GrpcClientProtocolClient.java:onNext(255)) - client-05DA20D107F8->b461a7b0-028a-4eb5-b268-b89ac225aff8: receive RaftClientReply:client-05DA20D107F8->b461a7b0-028a-4eb5-b268-b89ac225aff8@group-0C8C0AA7542A, cid=1681, SUCCESS, logIndex=2425, commits[b461a7b0-028a-4eb5-b268-b89ac225aff8:c2425, b6ff45f5-67b8-463b-a273-c2e7d9dadd75:c2422, 6a5cb75f-f7eb-4671-9a85-3b6f7898f6cc:c2422]
2019-08-28 21:29:40,017 | INFO  | DNAudit | user=null | ip=null | op=WRITE_CHUNK {blockData=conID: 2 locID: 102696732584968703 bcsId: 2422} | ret=SUCCESS |  
2019-08-28 21:29:40,017 | INFO  | DNAudit | user=null | ip=null | op=WRITE_CHUNK {blockData=conID: 2 locID: 102696732584968703 bcsId: 2422} | ret=SUCCESS |  
2019-08-28 21:29:40,017 | INFO  | DNAudit | user=null | ip=null | op=PUT_BLOCK {blockData=[blockId=conID: 2 locID: 102696732584968703 bcsId: 0,size=4194304]} | ret=SUCCESS |  
2019-08-28 21:29:40,018 | INFO  | DNAudit | user=null | ip=null | op=PUT_BLOCK {blockData=[blockId=conID: 2 locID: 102696732584968703 bcsId: 0,size=4194304]} | ret=SUCCESS |  
2019-08-28 21:29:40,018 [grpc-default-executor-6] INFO  client.GrpcClientProtocolClient (GrpcClientProtocolClient.java:onNext(255)) - client-05DA20D107F8->b461a7b0-028a-4eb5-b268-b89ac225aff8: receive RaftClientReply:client-05DA20D107F8->b461a7b0-028a-4eb5-b268-b89ac225aff8@group-0C8C0AA7542A, cid=1682, SUCCESS, logIndex=0, commits[b461a7b0-028a-4eb5-b268-b89ac225aff8:c2426, b6ff45f5-67b8-463b-a273-c2e7d9dadd75:c2425, 6a5cb75f-f7eb-4671-9a85-3b6f7898f6cc:c2425]
2019-08-28 21:29:40,022 | INFO  | SCMAudit | user=jenkins1000 | ip=127.0.0.1 | op=ALLOCATE_BLOCK {owner=a0140aad-a474-4492-a39d-25bd6167d9f0, size=4194304, type=RATIS, factor=THREE} | ret=SUCCESS |  
2019-08-28 21:29:40,024 | INFO  | OMAudit | user=jenkins1000 | ip=127.0.0.1 | op=ALLOCATE_BLOCK {volume=vol-0-08922, bucket=bucket-0-29862, key=key-0-31337, dataSize=0, replicationType=null, replicationFactor=null, keyLocationInfo=null, clientID=102696731548516754} | ret=SUCCESS |  
2019-08-28 21:29:40,030 | INFO  | DNAudit | user=null | ip=null | op=WRITE_CHUNK {blockData=conID: 3 locID: 102696732591522304 bcsId: 0} | ret=SUCCESS |  
2019-08-28 21:29:40,032 | INFO  | DNAudit | user=null | ip=null | op=WRITE_CHUNK {blockData=conID: 3 locID: 102696732591522304 bcsId: 0} | ret=SUCCESS |  
2019-08-28 21:29:40,033 | INFO  | DNAudit | user=null | ip=null | op=WRITE_CHUNK {blockData=conID: 3 locID: 102696732591522304 bcsId: 0} | ret=SUCCESS |  
2019-08-28 21:29:40,033 | INFO  | DNAudit | user=null | ip=null | op=WRITE_CHUNK {blockData=conID: 3 locID: 102696732591522304 bcsId: 0} | ret=SUCCESS |  
2019-08-28 21:29:40,034 | INFO  | DNAudit | user=null | ip=null | op=WRITE_CHUNK {blockData=conID: 3 locID: 102696732591522304 bcsId: 0} | ret=SUCCESS |  
2019-08-28 21:29:40,035 | INFO  | DNAudit | user=null | ip=null | op=WRITE_CHUNK {blockData=conID: 3 locID: 102696732591522304 bcsId: 0} | ret=SUCCESS |  
2019-08-28 21:29:40,037 | INFO  | DNAudit | user=null | ip=null | op=WRITE_CHUNK {blockData=conID: 3 locID: 102696732591522304 bcsId: 0} | ret=SUCCESS |  
2019-08-28 21:29:40,037 | INFO  | DNAudit | user=null | ip=null | op=PUT_BLOCK {blockData=[blockId=conID: 3 locID: 102696732591522304 bcsId: 0,size=1048576]} | ret=SUCCESS |  
2019-08-28 21:29:40,037 [grpc-default-executor-3] INFO  client.GrpcClientProtocolClient (GrpcClientProtocolClient.java:onNext(255)) - client-05DA20D107F8->b461a7b0-028a-4eb5-b268-b89ac225aff8: receive RaftClientReply:client-05DA20D107F8->b461a7b0-028a-4eb5-b268-b89ac225aff8@group-0C8C0AA7542A, cid=1683, SUCCESS, logIndex=2428, commits[b461a7b0-028a-4eb5-b268-b89ac225aff8:c2429, b6ff45f5-67b8-463b-a273-c2e7d9dadd75:c2427, 6a5cb75f-f7eb-4671-9a85-3b6f7898f6cc:c2427]
2019-08-28 21:29:40,038 [grpc-default-executor-3] INFO  client.GrpcClientProtocolClient (GrpcClientProtocolClient.java:onNext(255)) - client-05DA20D107F8->b461a7b0-028a-4eb5-b268-b89ac225aff8: receive RaftClientReply:client-05DA20D107F8->b461a7b0-028a-4eb5-b268-b89ac225aff8@group-0C8C0AA7542A, cid=1684, SUCCESS, logIndex=2429, commits[b461a7b0-028a-4eb5-b268-b89ac225aff8:c2429, b6ff45f5-67b8-463b-a273-c2e7d9dadd75:c2427, 6a5cb75f-f7eb-4671-9a85-3b6f7898f6cc:c2427]
2019-08-28 21:29:40,042 | INFO  | DNAudit | user=null | ip=null | op=WRITE_CHUNK {blockData=conID: 3 locID: 102696732591522304 bcsId: 0} | ret=SUCCESS |  
2019-08-28 21:29:40,043 | INFO  | DNAudit | user=null | ip=null | op=PUT_BLOCK {blockData=[blockId=conID: 3 locID: 102696732591522304 bcsId: 0,size=2097152]} | ret=SUCCESS |  
2019-08-28 21:29:40,043 | INFO  | DNAudit | user=null | ip=null | op=WRITE_CHUNK {blockData=conID: 3 locID: 102696732591522304 bcsId: 0} | ret=SUCCESS |  
2019-08-28 21:29:40,043 [grpc-default-executor-3] INFO  client.GrpcClientProtocolClient (GrpcClientProtocolClient.java:onNext(255)) - client-05DA20D107F8->b461a7b0-028a-4eb5-b268-b89ac225aff8: receive RaftClientReply:client-05DA20D107F8->b461a7b0-028a-4eb5-b268-b89ac225aff8@group-0C8C0AA7542A, cid=1685, SUCCESS, logIndex=2430, commits[b461a7b0-028a-4eb5-b268-b89ac225aff8:c2431, b6ff45f5-67b8-463b-a273-c2e7d9dadd75:c2427, 6a5cb75f-f7eb-4671-9a85-3b6f7898f6cc:c2427]
2019-08-28 21:29:40,043 | INFO  | DNAudit | user=null | ip=null | op=PUT_BLOCK {blockData=[blockId=conID: 3 locID: 102696732591522304 bcsId: 0,size=1048576]} | ret=SUCCESS |  
2019-08-28 21:29:40,043 [grpc-default-executor-3] INFO  client.GrpcClientProtocolClient (GrpcClientProtocolClient.java:onNext(255)) - client-05DA20D107F8->b461a7b0-028a-4eb5-b268-b89ac225aff8: receive RaftClientReply:client-05DA20D107F8->b461a7b0-028a-4eb5-b268-b89ac225aff8@group-0C8C0AA7542A, cid=1686, SUCCESS, logIndex=2431, commits[b461a7b0-028a-4eb5-b268-b89ac225aff8:c2431, b6ff45f5-67b8-463b-a273-c2e7d9dadd75:c2427, 6a5cb75f-f7eb-4671-9a85-3b6f7898f6cc:c2427]
2019-08-28 21:29:40,043 | INFO  | DNAudit | user=null | ip=null | op=WRITE_CHUNK {blockData=conID: 3 locID: 102696732591522304 bcsId: 0} | ret=SUCCESS |  
2019-08-28 21:29:40,044 | INFO  | DNAudit | user=null | ip=null | op=PUT_BLOCK {blockData=[blockId=conID: 3 locID: 102696732591522304 bcsId: 0,size=1048576]} | ret=SUCCESS |  
2019-08-28 21:29:40,044 | INFO  | DNAudit | user=null | ip=null | op=WRITE_CHUNK {blockData=conID: 3 locID: 102696732591522304 bcsId: 0} | ret=SUCCESS |  
2019-08-28 21:29:40,044 [grpc-default-executor-3] INFO  client.GrpcClientProtocolClient (GrpcClientProtocolClient.java:onNext(255)) - client-05DA20D107F8->b461a7b0-028a-4eb5-b268-b89ac225aff8: receive RaftClientReply:client-05DA20D107F8->b461a7b0-028a-4eb5-b268-b89ac225aff8@group-0C8C0AA7542A, cid=1687, SUCCESS, logIndex=0, commits[b461a7b0-028a-4eb5-b268-b89ac225aff8:c2433, b6ff45f5-67b8-463b-a273-c2e7d9dadd75:c2429, 6a5cb75f-f7eb-4671-9a85-3b6f7898f6cc:c2429]
2019-08-28 21:29:40,044 | INFO  | DNAudit | user=null | ip=null | op=PUT_BLOCK {blockData=[blockId=conID: 3 locID: 102696732591522304 bcsId: 0,size=2097152]} | ret=SUCCESS |  
2019-08-28 21:29:40,045 | INFO  | DNAudit | user=null | ip=null | op=WRITE_CHUNK {blockData=conID: 3 locID: 102696732591522304 bcsId: 0} | ret=SUCCESS |  
2019-08-28 21:29:40,045 | INFO  | DNAudit | user=null | ip=null | op=PUT_BLOCK {blockData=[blockId=conID: 3 locID: 102696732591522304 bcsId: 0,size=2097152]} | ret=SUCCESS |  
2019-08-28 21:29:40,051 | INFO  | DNAudit | user=null | ip=null | op=WRITE_CHUNK {blockData=conID: 3 locID: 102696732591522304 bcsId: 2431} | ret=SUCCESS |  
2019-08-28 21:29:40,052 | INFO  | DNAudit | user=null | ip=null | op=WRITE_CHUNK {blockData=conID: 3 locID: 102696732591522304 bcsId: 2431} | ret=SUCCESS |  
2019-08-28 21:29:40,052 | INFO  | DNAudit | user=null | ip=null | op=WRITE_CHUNK {blockData=conID: 3 locID: 102696732591522304 bcsId: 2431} | ret=SUCCESS |  
2019-08-28 21:29:40,059 | INFO  | DNAudit | user=null | ip=null | op=WRITE_CHUNK {blockData=conID: 3 locID: 102696732591522304 bcsId: 2431} | ret=SUCCESS |  
2019-08-28 21:29:40,059 | INFO  | DNAudit | user=null | ip=null | op=PUT_BLOCK {blockData=[blockId=conID: 3 locID: 102696732591522304 bcsId: 0,size=3145728]} | ret=SUCCESS |  
2019-08-28 21:29:40,059 [grpc-default-executor-3] INFO  client.GrpcClientProtocolClient (GrpcClientProtocolClient.java:onNext(255)) - client-05DA20D107F8->b461a7b0-028a-4eb5-b268-b89ac225aff8: receive RaftClientReply:client-05DA20D107F8->b461a7b0-028a-4eb5-b268-b89ac225aff8@group-0C8C0AA7542A, cid=1688, SUCCESS, logIndex=2436, commits[b461a7b0-028a-4eb5-b268-b89ac225aff8:c2437, b6ff45f5-67b8-463b-a273-c2e7d9dadd75:c2435, 6a5cb75f-f7eb-4671-9a85-3b6f7898f6cc:c2435]
2019-08-28 21:29:40,059 [grpc-default-executor-3] INFO  client.GrpcClientProtocolClient (GrpcClientProtocolClient.java:onNext(255)) - client-05DA20D107F8->b461a7b0-028a-4eb5-b268-b89ac225aff8: receive RaftClientReply:client-05DA20D107F8->b461a7b0-028a-4eb5-b268-b89ac225aff8@group-0C8C0AA7542A, cid=1689, SUCCESS, logIndex=2437, commits[b461a7b0-028a-4eb5-b268-b89ac225aff8:c2437, b6ff45f5-67b8-463b-a273-c2e7d9dadd75:c2435, 6a5cb75f-f7eb-4671-9a85-3b6f7898f6cc:c2435]
2019-08-28 21:29:40,066 | INFO  | DNAudit | user=null | ip=null | op=WRITE_CHUNK {blockData=conID: 3 locID: 102696732591522304 bcsId: 2437} | ret=SUCCESS |  
2019-08-28 21:29:40,068 | INFO  | DNAudit | user=null | ip=null | op=WRITE_CHUNK {blockData=conID: 3 locID: 102696732591522304 bcsId: 2437} | ret=SUCCESS |  
2019-08-28 21:29:40,068 | INFO  | DNAudit | user=null | ip=null | op=WRITE_CHUNK {blockData=conID: 3 locID: 102696732591522304 bcsId: 2437} | ret=SUCCESS |  
2019-08-28 21:29:40,068 | INFO  | DNAudit | user=null | ip=null | op=WRITE_CHUNK {blockData=conID: 3 locID: 102696732591522304 bcsId: 2431} | ret=SUCCESS |  
2019-08-28 21:29:40,068 | INFO  | DNAudit | user=null | ip=null | op=WRITE_CHUNK {blockData=conID: 3 locID: 102696732591522304 bcsId: 2431} | ret=SUCCESS |  
2019-08-28 21:29:40,069 | INFO  | SCMAudit | user=jenkins1000 | ip=192.168.36.107 | op=SEND_HEARTBEAT {datanodeUUID=b6ff45f5-67b8-463b-a273-c2e7d9dadd75, command=[]} | ret=SUCCESS |  
2019-08-28 21:29:40,069 | INFO  | DNAudit | user=null | ip=null | op=PUT_BLOCK {blockData=[blockId=conID: 3 locID: 102696732591522304 bcsId: 0,size=3145728]} | ret=SUCCESS |  
2019-08-28 21:29:40,069 | INFO  | DNAudit | user=null | ip=null | op=PUT_BLOCK {blockData=[blockId=conID: 3 locID: 102696732591522304 bcsId: 0,size=3145728]} | ret=SUCCESS |  
2019-08-28 21:29:40,070 | INFO  | SCMAudit | user=jenkins1000 | ip=192.168.36.107 | op=SEND_HEARTBEAT {datanodeUUID=b461a7b0-028a-4eb5-b268-b89ac225aff8, command=[]} | ret=SUCCESS |  
2019-08-28 21:29:40,070 | INFO  | DNAudit | user=null | ip=null | op=WRITE_CHUNK {blockData=conID: 3 locID: 102696732591522304 bcsId: 2437} | ret=SUCCESS |  
2019-08-28 21:29:40,070 | INFO  | SCMAudit | user=jenkins1000 | ip=192.168.36.107 | op=SEND_HEARTBEAT {datanodeUUID=6a5cb75f-f7eb-4671-9a85-3b6f7898f6cc, command=[]} | ret=SUCCESS |  
2019-08-28 21:29:40,070 | INFO  | DNAudit | user=null | ip=null | op=PUT_BLOCK {blockData=[blockId=conID: 3 locID: 102696732591522304 bcsId: 0,size=4194304]} | ret=SUCCESS |  
2019-08-28 21:29:40,070 [grpc-default-executor-3] INFO  client.GrpcClientProtocolClient (GrpcClientProtocolClient.java:onNext(255)) - client-05DA20D107F8->b461a7b0-028a-4eb5-b268-b89ac225aff8: receive RaftClientReply:client-05DA20D107F8->b461a7b0-028a-4eb5-b268-b89ac225aff8@group-0C8C0AA7542A, cid=1690, SUCCESS, logIndex=2440, commits[b461a7b0-028a-4eb5-b268-b89ac225aff8:c2441, b6ff45f5-67b8-463b-a273-c2e7d9dadd75:c2437, 6a5cb75f-f7eb-4671-9a85-3b6f7898f6cc:c2437]
2019-08-28 21:29:40,071 [grpc-default-executor-3] INFO  client.GrpcClientProtocolClient (GrpcClientProtocolClient.java:onNext(255)) - client-05DA20D107F8->b461a7b0-028a-4eb5-b268-b89ac225aff8: receive RaftClientReply:client-05DA20D107F8->b461a7b0-028a-4eb5-b268-b89ac225aff8@group-0C8C0AA7542A, cid=1691, SUCCESS, logIndex=2441, commits[b461a7b0-028a-4eb5-b268-b89ac225aff8:c2441, b6ff45f5-67b8-463b-a273-c2e7d9dadd75:c2437, 6a5cb75f-f7eb-4671-9a85-3b6f7898f6cc:c2437]
2019-08-28 21:29:40,082 | INFO  | DNAudit | user=null | ip=null | op=WRITE_CHUNK {blockData=conID: 3 locID: 102696732591522304 bcsId: 2437} | ret=SUCCESS |  
2019-08-28 21:29:40,082 | INFO  | DNAudit | user=null | ip=null | op=WRITE_CHUNK {blockData=conID: 3 locID: 102696732591522304 bcsId: 2437} | ret=SUCCESS |  
2019-08-28 21:29:40,083 | INFO  | DNAudit | user=null | ip=null | op=PUT_BLOCK {blockData=[blockId=conID: 3 locID: 102696732591522304 bcsId: 0,size=4194304]} | ret=SUCCESS |  
2019-08-28 21:29:40,083 | INFO  | DNAudit | user=null | ip=null | op=PUT_BLOCK {blockData=[blockId=conID: 3 locID: 102696732591522304 bcsId: 0,size=4194304]} | ret=SUCCESS |  
2019-08-28 21:29:40,084 [grpc-default-executor-2] INFO  client.GrpcClientProtocolClient (GrpcClientProtocolClient.java:onNext(255)) - client-05DA20D107F8->b461a7b0-028a-4eb5-b268-b89ac225aff8: receive RaftClientReply:client-05DA20D107F8->b461a7b0-028a-4eb5-b268-b89ac225aff8@group-0C8C0AA7542A, cid=1692, SUCCESS, logIndex=0, commits[b461a7b0-028a-4eb5-b268-b89ac225aff8:c2443, b6ff45f5-67b8-463b-a273-c2e7d9dadd75:c2441, 6a5cb75f-f7eb-4671-9a85-3b6f7898f6cc:c2441]
2019-08-28 21:29:40,087 | INFO  | SCMAudit | user=jenkins1000 | ip=127.0.0.1 | op=ALLOCATE_BLOCK {owner=a0140aad-a474-4492-a39d-25bd6167d9f0, size=4194304, type=RATIS, factor=THREE} | ret=SUCCESS |  
2019-08-28 21:29:40,089 | INFO  | OMAudit | user=jenkins1000 | ip=127.0.0.1 | op=ALLOCATE_BLOCK {volume=vol-0-08922, bucket=bucket-0-29862, key=key-0-31337, dataSize=0, replicationType=null, replicationFactor=null, keyLocationInfo=null, clientID=102696731548516754} | ret=SUCCESS |  
2019-08-28 21:29:40,095 | INFO  | DNAudit | user=null | ip=null | op=WRITE_CHUNK {blockData=conID: 1 locID: 102696732595782145 bcsId: 0} | ret=SUCCESS |  
 0.00% |█                                                                                                    |  0/1 Time: 0:00:162019-08-28 21:29:40,210 | INFO  | DNAudit | user=null | ip=null | op=WRITE_CHUNK {blockData=conID: 1 locID: 102696732595782145 bcsId: 0} | ret=SUCCESS |  
2019-08-28 21:29:40,211 | INFO  | DNAudit | user=null | ip=null | op=WRITE_CHUNK {blockData=conID: 1 locID: 102696732595782145 bcsId: 0} | ret=SUCCESS |  
2019-08-28 21:29:40,212 | INFO  | DNAudit | user=null | ip=null | op=WRITE_CHUNK {blockData=conID: 1 locID: 102696732595782145 bcsId: 0} | ret=SUCCESS |  
2019-08-28 21:29:40,215 | INFO  | DNAudit | user=null | ip=null | op=WRITE_CHUNK {blockData=conID: 1 locID: 102696732595782145 bcsId: 0} | ret=SUCCESS |  
2019-08-28 21:29:40,215 | INFO  | DNAudit | user=null | ip=null | op=WRITE_CHUNK {blockData=conID: 1 locID: 102696732595782145 bcsId: 0} | ret=SUCCESS |  
2019-08-28 21:29:40,222 | INFO  | DNAudit | user=null | ip=null | op=WRITE_CHUNK {blockData=conID: 1 locID: 102696732595782145 bcsId: 0} | ret=SUCCESS |  
2019-08-28 21:29:40,222 | INFO  | DNAudit | user=null | ip=null | op=PUT_BLOCK {blockData=[blockId=conID: 1 locID: 102696732595782145 bcsId: 0,size=1048576]} | ret=SUCCESS |  
2019-08-28 21:29:40,223 [grpc-default-executor-6] INFO  client.GrpcClientProtocolClient (GrpcClientProtocolClient.java:onNext(255)) - client-05DA20D107F8->b461a7b0-028a-4eb5-b268-b89ac225aff8: receive RaftClientReply:client-05DA20D107F8->b461a7b0-028a-4eb5-b268-b89ac225aff8@group-0C8C0AA7542A, cid=1693, SUCCESS, logIndex=2444, commits[b461a7b0-028a-4eb5-b268-b89ac225aff8:c2445, b6ff45f5-67b8-463b-a273-c2e7d9dadd75:c2443, 6a5cb75f-f7eb-4671-9a85-3b6f7898f6cc:c2443]
2019-08-28 21:29:40,223 [grpc-default-executor-6] INFO  client.GrpcClientProtocolClient (GrpcClientProtocolClient.java:onNext(255)) - client-05DA20D107F8->b461a7b0-028a-4eb5-b268-b89ac225aff8: receive RaftClientReply:client-05DA20D107F8->b461a7b0-028a-4eb5-b268-b89ac225aff8@group-0C8C0AA7542A, cid=1694, SUCCESS, logIndex=2445, commits[b461a7b0-028a-4eb5-b268-b89ac225aff8:c2445, b6ff45f5-67b8-463b-a273-c2e7d9dadd75:c2443, 6a5cb75f-f7eb-4671-9a85-3b6f7898f6cc:c2443]
2019-08-28 21:29:40,228 | INFO  | DNAudit | user=null | ip=null | op=WRITE_CHUNK {blockData=conID: 1 locID: 102696732595782145 bcsId: 0} | ret=SUCCESS |  
2019-08-28 21:29:40,228 | INFO  | DNAudit | user=null | ip=null | op=PUT_BLOCK {blockData=[blockId=conID: 1 locID: 102696732595782145 bcsId: 0,size=2097152]} | ret=SUCCESS |  
2019-08-28 21:29:40,229 [grpc-default-executor-3] INFO  client.GrpcClientProtocolClient (GrpcClientProtocolClient.java:onNext(255)) - client-05DA20D107F8->b461a7b0-028a-4eb5-b268-b89ac225aff8: receive RaftClientReply:client-05DA20D107F8->b461a7b0-028a-4eb5-b268-b89ac225aff8@group-0C8C0AA7542A, cid=1695, SUCCESS, logIndex=2446, commits[b461a7b0-028a-4eb5-b268-b89ac225aff8:c2447, b6ff45f5-67b8-463b-a273-c2e7d9dadd75:c2443, 6a5cb75f-f7eb-4671-9a85-3b6f7898f6cc:c2443]
2019-08-28 21:29:40,229 [grpc-default-executor-3] INFO  client.GrpcClientProtocolClient (GrpcClientProtocolClient.java:onNext(255)) - client-05DA20D107F8->b461a7b0-028a-4eb5-b268-b89ac225aff8: receive RaftClientReply:client-05DA20D107F8->b461a7b0-028a-4eb5-b268-b89ac225aff8@group-0C8C0AA7542A, cid=1696, SUCCESS, logIndex=2447, commits[b461a7b0-028a-4eb5-b268-b89ac225aff8:c2447, b6ff45f5-67b8-463b-a273-c2e7d9dadd75:c2443, 6a5cb75f-f7eb-4671-9a85-3b6f7898f6cc:c2443]
2019-08-28 21:29:40,236 | INFO  | DNAudit | user=null | ip=null | op=WRITE_CHUNK {blockData=conID: 1 locID: 102696732595782145 bcsId: 0} | ret=SUCCESS |  
2019-08-28 21:29:40,236 | INFO  | DNAudit | user=null | ip=null | op=PUT_BLOCK {blockData=[blockId=conID: 1 locID: 102696732595782145 bcsId: 0,size=1048576]} | ret=SUCCESS |  
2019-08-28 21:29:40,237 | INFO  | DNAudit | user=null | ip=null | op=WRITE_CHUNK {blockData=conID: 1 locID: 102696732595782145 bcsId: 0} | ret=SUCCESS |  
2019-08-28 21:29:40,237 | INFO  | DNAudit | user=null | ip=null | op=PUT_BLOCK {blockData=[blockId=conID: 1 locID: 102696732595782145 bcsId: 0,size=1048576]} | ret=SUCCESS |  
2019-08-28 21:29:40,237 [grpc-default-executor-3] INFO  client.GrpcClientProtocolClient (GrpcClientProtocolClient.java:onNext(255)) - client-05DA20D107F8->b461a7b0-028a-4eb5-b268-b89ac225aff8: receive RaftClientReply:client-05DA20D107F8->b461a7b0-028a-4eb5-b268-b89ac225aff8@group-0C8C0AA7542A, cid=1697, SUCCESS, logIndex=0, commits[b461a7b0-028a-4eb5-b268-b89ac225aff8:c2449, b6ff45f5-67b8-463b-a273-c2e7d9dadd75:c2445, 6a5cb75f-f7eb-4671-9a85-3b6f7898f6cc:c2445]
2019-08-28 21:29:40,245 | INFO  | DNAudit | user=null | ip=null | op=WRITE_CHUNK {blockData=conID: 1 locID: 102696732595782145 bcsId: 2447} | ret=SUCCESS |  
2019-08-28 21:29:40,247 | INFO  | DNAudit | user=null | ip=null | op=WRITE_CHUNK {blockData=conID: 1 locID: 102696732595782145 bcsId: 2447} | ret=SUCCESS |  
2019-08-28 21:29:40,248 | INFO  | DNAudit | user=null | ip=null | op=WRITE_CHUNK {blockData=conID: 1 locID: 102696732595782145 bcsId: 2447} | ret=SUCCESS |  
2019-08-28 21:29:40,248 | INFO  | DNAudit | user=null | ip=null | op=WRITE_CHUNK {blockData=conID: 1 locID: 102696732595782145 bcsId: 0} | ret=SUCCESS |  
2019-08-28 21:29:40,248 | INFO  | DNAudit | user=null | ip=null | op=PUT_BLOCK {blockData=[blockId=conID: 1 locID: 102696732595782145 bcsId: 0,size=2097152]} | ret=SUCCESS |  
2019-08-28 21:29:40,248 | INFO  | DNAudit | user=null | ip=null | op=WRITE_CHUNK {blockData=conID: 1 locID: 102696732595782145 bcsId: 0} | ret=SUCCESS |  
2019-08-28 21:29:40,248 | INFO  | DNAudit | user=null | ip=null | op=PUT_BLOCK {blockData=[blockId=conID: 1 locID: 102696732595782145 bcsId: 0,size=2097152]} | ret=SUCCESS |  
2019-08-28 21:29:40,254 | INFO  | DNAudit | user=null | ip=null | op=WRITE_CHUNK {blockData=conID: 1 locID: 102696732595782145 bcsId: 2447} | ret=SUCCESS |  
2019-08-28 21:29:40,254 | INFO  | DNAudit | user=null | ip=null | op=PUT_BLOCK {blockData=[blockId=conID: 1 locID: 102696732595782145 bcsId: 0,size=3145728]} | ret=SUCCESS |  
2019-08-28 21:29:40,255 [grpc-default-executor-5] INFO  client.GrpcClientProtocolClient (GrpcClientProtocolClient.java:onNext(255)) - client-05DA20D107F8->b461a7b0-028a-4eb5-b268-b89ac225aff8: receive RaftClientReply:client-05DA20D107F8->b461a7b0-028a-4eb5-b268-b89ac225aff8@group-0C8C0AA7542A, cid=1698, SUCCESS, logIndex=2452, commits[b461a7b0-028a-4eb5-b268-b89ac225aff8:c2453, b6ff45f5-67b8-463b-a273-c2e7d9dadd75:c2449, 6a5cb75f-f7eb-4671-9a85-3b6f7898f6cc:c2449]
2019-08-28 21:29:40,255 [grpc-default-executor-5] INFO  client.GrpcClientProtocolClient (GrpcClientProtocolClient.java:onNext(255)) - client-05DA20D107F8->b461a7b0-028a-4eb5-b268-b89ac225aff8: receive RaftClientReply:client-05DA20D107F8->b461a7b0-028a-4eb5-b268-b89ac225aff8@group-0C8C0AA7542A, cid=1699, SUCCESS, logIndex=2453, commits[b461a7b0-028a-4eb5-b268-b89ac225aff8:c2453, b6ff45f5-67b8-463b-a273-c2e7d9dadd75:c2449, 6a5cb75f-f7eb-4671-9a85-3b6f7898f6cc:c2449]
2019-08-28 21:29:40,262 | INFO  | DNAudit | user=null | ip=null | op=WRITE_CHUNK {blockData=conID: 1 locID: 102696732595782145 bcsId: 2453} | ret=SUCCESS |  
2019-08-28 21:29:40,262 | INFO  | DNAudit | user=null | ip=null | op=WRITE_CHUNK {blockData=conID: 1 locID: 102696732595782145 bcsId: 2447} | ret=SUCCESS |  
2019-08-28 21:29:40,262 | INFO  | DNAudit | user=null | ip=null | op=WRITE_CHUNK {blockData=conID: 1 locID: 102696732595782145 bcsId: 2447} | ret=SUCCESS |  
2019-08-28 21:29:40,264 | INFO  | DNAudit | user=null | ip=null | op=WRITE_CHUNK {blockData=conID: 1 locID: 102696732595782145 bcsId: 2453} | ret=SUCCESS |  
2019-08-28 21:29:40,264 | INFO  | DNAudit | user=null | ip=null | op=WRITE_CHUNK {blockData=conID: 1 locID: 102696732595782145 bcsId: 2453} | ret=SUCCESS |  
2019-08-28 21:29:40,274 | INFO  | DNAudit | user=null | ip=null | op=PUT_BLOCK {blockData=[blockId=conID: 1 locID: 102696732595782145 bcsId: 0,size=3145728]} | ret=SUCCESS |  
2019-08-28 21:29:40,275 | INFO  | DNAudit | user=null | ip=null | op=PUT_BLOCK {blockData=[blockId=conID: 1 locID: 102696732595782145 bcsId: 0,size=3145728]} | ret=SUCCESS |  
2019-08-28 21:29:40,276 | INFO  | DNAudit | user=null | ip=null | op=WRITE_CHUNK {blockData=conID: 1 locID: 102696732595782145 bcsId: 2453} | ret=SUCCESS |  
2019-08-28 21:29:40,276 | INFO  | DNAudit | user=null | ip=null | op=PUT_BLOCK {blockData=[blockId=conID: 1 locID: 102696732595782145 bcsId: 0,size=4194304]} | ret=SUCCESS |  
2019-08-28 21:29:40,276 [grpc-default-executor-6] INFO  client.GrpcClientProtocolClient (GrpcClientProtocolClient.java:onNext(255)) - client-05DA20D107F8->b461a7b0-028a-4eb5-b268-b89ac225aff8: receive RaftClientReply:client-05DA20D107F8->b461a7b0-028a-4eb5-b268-b89ac225aff8@group-0C8C0AA7542A, cid=1700, SUCCESS, logIndex=2456, commits[b461a7b0-028a-4eb5-b268-b89ac225aff8:c2457, b6ff45f5-67b8-463b-a273-c2e7d9dadd75:c2453, 6a5cb75f-f7eb-4671-9a85-3b6f7898f6cc:c2453]
2019-08-28 21:29:40,277 [grpc-default-executor-6] INFO  client.GrpcClientProtocolClient (GrpcClientProtocolClient.java:onNext(255)) - client-05DA20D107F8->b461a7b0-028a-4eb5-b268-b89ac225aff8: receive RaftClientReply:client-05DA20D107F8->b461a7b0-028a-4eb5-b268-b89ac225aff8@group-0C8C0AA7542A, cid=1701, SUCCESS, logIndex=2457, commits[b461a7b0-028a-4eb5-b268-b89ac225aff8:c2457, b6ff45f5-67b8-463b-a273-c2e7d9dadd75:c2453, 6a5cb75f-f7eb-4671-9a85-3b6f7898f6cc:c2453]
2019-08-28 21:29:40,285 | INFO  | DNAudit | user=null | ip=null | op=WRITE_CHUNK {blockData=conID: 1 locID: 102696732595782145 bcsId: 2453} | ret=SUCCESS |  
2019-08-28 21:29:40,285 | INFO  | DNAudit | user=null | ip=null | op=WRITE_CHUNK {blockData=conID: 1 locID: 102696732595782145 bcsId: 2453} | ret=SUCCESS |  
2019-08-28 21:29:40,286 | INFO  | DNAudit | user=null | ip=null | op=PUT_BLOCK {blockData=[blockId=conID: 1 locID: 102696732595782145 bcsId: 0,size=4194304]} | ret=SUCCESS |  
2019-08-28 21:29:40,286 | INFO  | DNAudit | user=null | ip=null | op=PUT_BLOCK {blockData=[blockId=conID: 1 locID: 102696732595782145 bcsId: 0,size=4194304]} | ret=SUCCESS |  
2019-08-28 21:29:40,286 [grpc-default-executor-6] INFO  client.GrpcClientProtocolClient (GrpcClientProtocolClient.java:onNext(255)) - client-05DA20D107F8->b461a7b0-028a-4eb5-b268-b89ac225aff8: receive RaftClientReply:client-05DA20D107F8->b461a7b0-028a-4eb5-b268-b89ac225aff8@group-0C8C0AA7542A, cid=1702, SUCCESS, logIndex=0, commits[b461a7b0-028a-4eb5-b268-b89ac225aff8:c2459, b6ff45f5-67b8-463b-a273-c2e7d9dadd75:c2457, 6a5cb75f-f7eb-4671-9a85-3b6f7898f6cc:c2457]
2019-08-28 21:29:40,294 | INFO  | SCMAudit | user=jenkins1000 | ip=127.0.0.1 | op=ALLOCATE_BLOCK {owner=a0140aad-a474-4492-a39d-25bd6167d9f0, size=4194304, type=RATIS, factor=THREE} | ret=SUCCESS |  
2019-08-28 21:29:40,297 | INFO  | OMAudit | user=jenkins1000 | ip=127.0.0.1 | op=ALLOCATE_BLOCK {volume=vol-0-08922, bucket=bucket-0-29862, key=key-0-31337, dataSize=0, replicationType=null, replicationFactor=null, keyLocationInfo=null, clientID=102696731548516754} | ret=SUCCESS |  
2019-08-28 21:29:40,306 | INFO  | DNAudit | user=null | ip=null | op=WRITE_CHUNK {blockData=conID: 2 locID: 102696732609348098 bcsId: 0} | ret=SUCCESS |  
2019-08-28 21:29:40,310 | INFO  | DNAudit | user=null | ip=null | op=WRITE_CHUNK {blockData=conID: 2 locID: 102696732609348098 bcsId: 0} | ret=SUCCESS |  
2019-08-28 21:29:40,310 | INFO  | DNAudit | user=null | ip=null | op=WRITE_CHUNK {blockData=conID: 2 locID: 102696732609348098 bcsId: 0} | ret=SUCCESS |  
2019-08-28 21:29:40,311 | INFO  | DNAudit | user=null | ip=null | op=WRITE_CHUNK {blockData=conID: 2 locID: 102696732609348098 bcsId: 0} | ret=SUCCESS |  
2019-08-28 21:29:40,314 | INFO  | DNAudit | user=null | ip=null | op=WRITE_CHUNK {blockData=conID: 2 locID: 102696732609348098 bcsId: 0} | ret=SUCCESS |  
2019-08-28 21:29:40,314 | INFO  | DNAudit | user=null | ip=null | op=WRITE_CHUNK {blockData=conID: 2 locID: 102696732609348098 bcsId: 0} | ret=SUCCESS |  
2019-08-28 21:29:40,317 | INFO  | DNAudit | user=null | ip=null | op=WRITE_CHUNK {blockData=conID: 2 locID: 102696732609348098 bcsId: 0} | ret=SUCCESS |  
2019-08-28 21:29:40,318 | INFO  | DNAudit | user=null | ip=null | op=PUT_BLOCK {blockData=[blockId=conID: 2 locID: 102696732609348098 bcsId: 0,size=1048576]} | ret=SUCCESS |  
2019-08-28 21:29:40,318 [grpc-default-executor-3] INFO  client.GrpcClientProtocolClient (GrpcClientProtocolClient.java:onNext(255)) - client-05DA20D107F8->b461a7b0-028a-4eb5-b268-b89ac225aff8: receive RaftClientReply:client-05DA20D107F8->b461a7b0-028a-4eb5-b268-b89ac225aff8@group-0C8C0AA7542A, cid=1703, SUCCESS, logIndex=2460, commits[b461a7b0-028a-4eb5-b268-b89ac225aff8:c2461, b6ff45f5-67b8-463b-a273-c2e7d9dadd75:c2459, 6a5cb75f-f7eb-4671-9a85-3b6f7898f6cc:c2459]
2019-08-28 21:29:40,319 | INFO  | DNAudit | user=null | ip=null | op=WRITE_CHUNK {blockData=conID: 2 locID: 102696732609348098 bcsId: 0} | ret=SUCCESS |  
2019-08-28 21:29:40,319 | INFO  | DNAudit | user=null | ip=null | op=PUT_BLOCK {blockData=[blockId=conID: 2 locID: 102696732609348098 bcsId: 0,size=2097152]} | ret=SUCCESS |  
2019-08-28 21:29:40,319 | INFO  | DNAudit | user=null | ip=null | op=WRITE_CHUNK {blockData=conID: 2 locID: 102696732609348098 bcsId: 0} | ret=SUCCESS |  
2019-08-28 21:29:40,319 [grpc-default-executor-3] INFO  client.GrpcClientProtocolClient (GrpcClientProtocolClient.java:onNext(255)) - client-05DA20D107F8->b461a7b0-028a-4eb5-b268-b89ac225aff8: receive RaftClientReply:client-05DA20D107F8->b461a7b0-028a-4eb5-b268-b89ac225aff8@group-0C8C0AA7542A, cid=1704, SUCCESS, logIndex=2461, commits[b461a7b0-028a-4eb5-b268-b89ac225aff8:c2462, b6ff45f5-67b8-463b-a273-c2e7d9dadd75:c2459, 6a5cb75f-f7eb-4671-9a85-3b6f7898f6cc:c2459]
2019-08-28 21:29:40,320 | INFO  | DNAudit | user=null | ip=null | op=WRITE_CHUNK {blockData=conID: 2 locID: 102696732609348098 bcsId: 0} | ret=SUCCESS |  
2019-08-28 21:29:40,320 [grpc-default-executor-3] INFO  client.GrpcClientProtocolClient (GrpcClientProtocolClient.java:onNext(255)) - client-05DA20D107F8->b461a7b0-028a-4eb5-b268-b89ac225aff8: receive RaftClientReply:client-05DA20D107F8->b461a7b0-028a-4eb5-b268-b89ac225aff8@group-0C8C0AA7542A, cid=1705, SUCCESS, logIndex=2462, commits[b461a7b0-028a-4eb5-b268-b89ac225aff8:c2463, b6ff45f5-67b8-463b-a273-c2e7d9dadd75:c2459, 6a5cb75f-f7eb-4671-9a85-3b6f7898f6cc:c2459]
2019-08-28 21:29:40,320 | INFO  | DNAudit | user=null | ip=null | op=PUT_BLOCK {blockData=[blockId=conID: 2 locID: 102696732609348098 bcsId: 0,size=1048576]} | ret=SUCCESS |  
2019-08-28 21:29:40,320 | INFO  | DNAudit | user=null | ip=null | op=PUT_BLOCK {blockData=[blockId=conID: 2 locID: 102696732609348098 bcsId: 0,size=1048576]} | ret=SUCCESS |  
2019-08-28 21:29:40,321 | INFO  | DNAudit | user=null | ip=null | op=WRITE_CHUNK {blockData=conID: 2 locID: 102696732609348098 bcsId: 0} | ret=SUCCESS |  
2019-08-28 21:29:40,321 [grpc-default-executor-3] INFO  client.GrpcClientProtocolClient (GrpcClientProtocolClient.java:onNext(255)) - client-05DA20D107F8->b461a7b0-028a-4eb5-b268-b89ac225aff8: receive RaftClientReply:client-05DA20D107F8->b461a7b0-028a-4eb5-b268-b89ac225aff8@group-0C8C0AA7542A, cid=1706, SUCCESS, logIndex=2463, commits[b461a7b0-028a-4eb5-b268-b89ac225aff8:c2463, b6ff45f5-67b8-463b-a273-c2e7d9dadd75:c2459, 6a5cb75f-f7eb-4671-9a85-3b6f7898f6cc:c2459]
2019-08-28 21:29:40,321 | INFO  | DNAudit | user=null | ip=null | op=PUT_BLOCK {blockData=[blockId=conID: 2 locID: 102696732609348098 bcsId: 0,size=2097152]} | ret=SUCCESS |  
2019-08-28 21:29:40,321 | INFO  | DNAudit | user=null | ip=null | op=WRITE_CHUNK {blockData=conID: 2 locID: 102696732609348098 bcsId: 0} | ret=SUCCESS |  
2019-08-28 21:29:40,321 | INFO  | DNAudit | user=null | ip=null | op=PUT_BLOCK {blockData=[blockId=conID: 2 locID: 102696732609348098 bcsId: 0,size=2097152]} | ret=SUCCESS |  
2019-08-28 21:29:40,322 [grpc-default-executor-3] INFO  client.GrpcClientProtocolClient (GrpcClientProtocolClient.java:onNext(255)) - client-05DA20D107F8->b461a7b0-028a-4eb5-b268-b89ac225aff8: receive RaftClientReply:client-05DA20D107F8->b461a7b0-028a-4eb5-b268-b89ac225aff8@group-0C8C0AA7542A, cid=1707, SUCCESS, logIndex=0, commits[b461a7b0-028a-4eb5-b268-b89ac225aff8:c2467, b6ff45f5-67b8-463b-a273-c2e7d9dadd75:c2463, 6a5cb75f-f7eb-4671-9a85-3b6f7898f6cc:c2462]
2019-08-28 21:29:40,331 | INFO  | DNAudit | user=null | ip=null | op=WRITE_CHUNK {blockData=conID: 2 locID: 102696732609348098 bcsId: 2463} | ret=SUCCESS |  
2019-08-28 21:29:40,333 | INFO  | DNAudit | user=null | ip=null | op=WRITE_CHUNK {blockData=conID: 2 locID: 102696732609348098 bcsId: 2463} | ret=SUCCESS |  
2019-08-28 21:29:40,335 | INFO  | DNAudit | user=null | ip=null | op=WRITE_CHUNK {blockData=conID: 2 locID: 102696732609348098 bcsId: 2463} | ret=SUCCESS |  
2019-08-28 21:29:40,346 | INFO  | DNAudit | user=null | ip=null | op=WRITE_CHUNK {blockData=conID: 2 locID: 102696732609348098 bcsId: 2463} | ret=SUCCESS |  
2019-08-28 21:29:40,346 | INFO  | DNAudit | user=null | ip=null | op=PUT_BLOCK {blockData=[blockId=conID: 2 locID: 102696732609348098 bcsId: 0,size=3145728]} | ret=SUCCESS |  
2019-08-28 21:29:40,346 [grpc-default-executor-3] INFO  client.GrpcClientProtocolClient (GrpcClientProtocolClient.java:onNext(255)) - client-05DA20D107F8->b461a7b0-028a-4eb5-b268-b89ac225aff8: receive RaftClientReply:client-05DA20D107F8->b461a7b0-028a-4eb5-b268-b89ac225aff8@group-0C8C0AA7542A, cid=1708, SUCCESS, logIndex=2468, commits[b461a7b0-028a-4eb5-b268-b89ac225aff8:c2469, b6ff45f5-67b8-463b-a273-c2e7d9dadd75:c2467, 6a5cb75f-f7eb-4671-9a85-3b6f7898f6cc:c2467]
2019-08-28 21:29:40,347 [grpc-default-executor-3] INFO  client.GrpcClientProtocolClient (GrpcClientProtocolClient.java:onNext(255)) - client-05DA20D107F8->b461a7b0-028a-4eb5-b268-b89ac225aff8: receive RaftClientReply:client-05DA20D107F8->b461a7b0-028a-4eb5-b268-b89ac225aff8@group-0C8C0AA7542A, cid=1709, SUCCESS, logIndex=2469, commits[b461a7b0-028a-4eb5-b268-b89ac225aff8:c2469, b6ff45f5-67b8-463b-a273-c2e7d9dadd75:c2467, 6a5cb75f-f7eb-4671-9a85-3b6f7898f6cc:c2467]
2019-08-28 21:29:40,356 | INFO  | DNAudit | user=null | ip=null | op=WRITE_CHUNK {blockData=conID: 2 locID: 102696732609348098 bcsId: 2463} | ret=SUCCESS |  
2019-08-28 21:29:40,356 | INFO  | DNAudit | user=null | ip=null | op=PUT_BLOCK {blockData=[blockId=conID: 2 locID: 102696732609348098 bcsId: 0,size=3145728]} | ret=SUCCESS |  
2019-08-28 21:29:40,356 | INFO  | DNAudit | user=null | ip=null | op=WRITE_CHUNK {blockData=conID: 2 locID: 102696732609348098 bcsId: 2463} | ret=SUCCESS |  
2019-08-28 21:29:40,356 | INFO  | DNAudit | user=null | ip=null | op=WRITE_CHUNK {blockData=conID: 2 locID: 102696732609348098 bcsId: 2469} | ret=SUCCESS |  
2019-08-28 21:29:40,356 | INFO  | DNAudit | user=null | ip=null | op=PUT_BLOCK {blockData=[blockId=conID: 2 locID: 102696732609348098 bcsId: 0,size=3145728]} | ret=SUCCESS |  
2019-08-28 21:29:40,360 | INFO  | DNAudit | user=null | ip=null | op=WRITE_CHUNK {blockData=conID: 2 locID: 102696732609348098 bcsId: 2469} | ret=SUCCESS |  
2019-08-28 21:29:40,360 | INFO  | DNAudit | user=null | ip=null | op=WRITE_CHUNK {blockData=conID: 2 locID: 102696732609348098 bcsId: 2469} | ret=SUCCESS |  
2019-08-28 21:29:40,365 | INFO  | DNAudit | user=null | ip=null | op=WRITE_CHUNK {blockData=conID: 2 locID: 102696732609348098 bcsId: 2469} | ret=SUCCESS |  
2019-08-28 21:29:40,365 | INFO  | DNAudit | user=null | ip=null | op=PUT_BLOCK {blockData=[blockId=conID: 2 locID: 102696732609348098 bcsId: 0,size=4194304]} | ret=SUCCESS |  
2019-08-28 21:29:40,366 [grpc-default-executor-6] INFO  client.GrpcClientProtocolClient (GrpcClientProtocolClient.java:onNext(255)) - client-05DA20D107F8->b461a7b0-028a-4eb5-b268-b89ac225aff8: receive RaftClientReply:client-05DA20D107F8->b461a7b0-028a-4eb5-b268-b89ac225aff8@group-0C8C0AA7542A, cid=1710, SUCCESS, logIndex=2472, commits[b461a7b0-028a-4eb5-b268-b89ac225aff8:c2473, b6ff45f5-67b8-463b-a273-c2e7d9dadd75:c2469, 6a5cb75f-f7eb-4671-9a85-3b6f7898f6cc:c2469]
2019-08-28 21:29:40,366 [grpc-default-executor-6] INFO  client.GrpcClientProtocolClient (GrpcClientProtocolClient.java:onNext(255)) - client-05DA20D107F8->b461a7b0-028a-4eb5-b268-b89ac225aff8: receive RaftClientReply:client-05DA20D107F8->b461a7b0-028a-4eb5-b268-b89ac225aff8@group-0C8C0AA7542A, cid=1711, SUCCESS, logIndex=2473, commits[b461a7b0-028a-4eb5-b268-b89ac225aff8:c2473, b6ff45f5-67b8-463b-a273-c2e7d9dadd75:c2469, 6a5cb75f-f7eb-4671-9a85-3b6f7898f6cc:c2469]
2019-08-28 21:29:40,374 | INFO  | DNAudit | user=null | ip=null | op=WRITE_CHUNK {blockData=conID: 2 locID: 102696732609348098 bcsId: 2469} | ret=SUCCESS |  
2019-08-28 21:29:40,374 | INFO  | DNAudit | user=null | ip=null | op=WRITE_CHUNK {blockData=conID: 2 locID: 102696732609348098 bcsId: 2469} | ret=SUCCESS |  
2019-08-28 21:29:40,374 | INFO  | DNAudit | user=null | ip=null | op=PUT_BLOCK {blockData=[blockId=conID: 2 locID: 102696732609348098 bcsId: 0,size=4194304]} | ret=SUCCESS |  
2019-08-28 21:29:40,374 | INFO  | DNAudit | user=null | ip=null | op=PUT_BLOCK {blockData=[blockId=conID: 2 locID: 102696732609348098 bcsId: 0,size=4194304]} | ret=SUCCESS |  
2019-08-28 21:29:40,376 [grpc-default-executor-6] INFO  client.GrpcClientProtocolClient (GrpcClientProtocolClient.java:onNext(255)) - client-05DA20D107F8->b461a7b0-028a-4eb5-b268-b89ac225aff8: receive RaftClientReply:client-05DA20D107F8->b461a7b0-028a-4eb5-b268-b89ac225aff8@group-0C8C0AA7542A, cid=1712, SUCCESS, logIndex=0, commits[b461a7b0-028a-4eb5-b268-b89ac225aff8:c2474, b6ff45f5-67b8-463b-a273-c2e7d9dadd75:c2473, 6a5cb75f-f7eb-4671-9a85-3b6f7898f6cc:c2473]
2019-08-28 21:29:40,380 | INFO  | SCMAudit | user=jenkins1000 | ip=127.0.0.1 | op=ALLOCATE_BLOCK {owner=a0140aad-a474-4492-a39d-25bd6167d9f0, size=4194304, type=RATIS, factor=THREE} | ret=SUCCESS |  
2019-08-28 21:29:40,383 | INFO  | OMAudit | user=jenkins1000 | ip=127.0.0.1 | op=ALLOCATE_BLOCK {volume=vol-0-08922, bucket=bucket-0-29862, key=key-0-31337, dataSize=0, replicationType=null, replicationFactor=null, keyLocationInfo=null, clientID=102696731548516754} | ret=SUCCESS |  
2019-08-28 21:29:40,392 | INFO  | DNAudit | user=null | ip=null | op=WRITE_CHUNK {blockData=conID: 3 locID: 102696732614984195 bcsId: 0} | ret=SUCCESS |  
2019-08-28 21:29:40,394 | INFO  | DNAudit | user=null | ip=null | op=WRITE_CHUNK {blockData=conID: 3 locID: 102696732614984195 bcsId: 0} | ret=SUCCESS |  
2019-08-28 21:29:40,395 | INFO  | DNAudit | user=null | ip=null | op=WRITE_CHUNK {blockData=conID: 3 locID: 102696732614984195 bcsId: 0} | ret=SUCCESS |  
2019-08-28 21:29:40,397 | INFO  | DNAudit | user=null | ip=null | op=WRITE_CHUNK {blockData=conID: 3 locID: 102696732614984195 bcsId: 0} | ret=SUCCESS |  
2019-08-28 21:29:40,399 | INFO  | DNAudit | user=null | ip=null | op=WRITE_CHUNK {blockData=conID: 3 locID: 102696732614984195 bcsId: 0} | ret=SUCCESS |  
2019-08-28 21:29:40,400 | INFO  | DNAudit | user=null | ip=null | op=WRITE_CHUNK {blockData=conID: 3 locID: 102696732614984195 bcsId: 0} | ret=SUCCESS |  
2019-08-28 21:29:40,426 | INFO  | DNAudit | user=null | ip=null | op=WRITE_CHUNK {blockData=conID: 3 locID: 102696732614984195 bcsId: 0} | ret=SUCCESS |  
2019-08-28 21:29:40,427 | INFO  | DNAudit | user=null | ip=null | op=PUT_BLOCK {blockData=[blockId=conID: 3 locID: 102696732614984195 bcsId: 0,size=1048576]} | ret=SUCCESS |  
2019-08-28 21:29:40,427 [grpc-default-executor-6] INFO  client.GrpcClientProtocolClient (GrpcClientProtocolClient.java:onNext(255)) - client-05DA20D107F8->b461a7b0-028a-4eb5-b268-b89ac225aff8: receive RaftClientReply:client-05DA20D107F8->b461a7b0-028a-4eb5-b268-b89ac225aff8@group-0C8C0AA7542A, cid=1713, SUCCESS, logIndex=2476, commits[b461a7b0-028a-4eb5-b268-b89ac225aff8:c2477, b6ff45f5-67b8-463b-a273-c2e7d9dadd75:c2475, 6a5cb75f-f7eb-4671-9a85-3b6f7898f6cc:c2475]
2019-08-28 21:29:40,428 [grpc-default-executor-6] INFO  client.GrpcClientProtocolClient (GrpcClientProtocolClient.java:onNext(255)) - client-05DA20D107F8->b461a7b0-028a-4eb5-b268-b89ac225aff8: receive RaftClientReply:client-05DA20D107F8->b461a7b0-028a-4eb5-b268-b89ac225aff8@group-0C8C0AA7542A, cid=1714, SUCCESS, logIndex=2477, commits[b461a7b0-028a-4eb5-b268-b89ac225aff8:c2477, b6ff45f5-67b8-463b-a273-c2e7d9dadd75:c2475, 6a5cb75f-f7eb-4671-9a85-3b6f7898f6cc:c2475]
2019-08-28 21:29:40,443 | INFO  | DNAudit | user=null | ip=null | op=WRITE_CHUNK {blockData=conID: 3 locID: 102696732614984195 bcsId: 0} | ret=SUCCESS |  
2019-08-28 21:29:40,444 | INFO  | DNAudit | user=null | ip=null | op=PUT_BLOCK {blockData=[blockId=conID: 3 locID: 102696732614984195 bcsId: 0,size=2097152]} | ret=SUCCESS |  
2019-08-28 21:29:40,444 [grpc-default-executor-5] INFO  client.GrpcClientProtocolClient (GrpcClientProtocolClient.java:onNext(255)) - client-05DA20D107F8->b461a7b0-028a-4eb5-b268-b89ac225aff8: receive RaftClientReply:client-05DA20D107F8->b461a7b0-028a-4eb5-b268-b89ac225aff8@group-0C8C0AA7542A, cid=1715, SUCCESS, logIndex=2478, commits[b461a7b0-028a-4eb5-b268-b89ac225aff8:c2479, b6ff45f5-67b8-463b-a273-c2e7d9dadd75:c2475, 6a5cb75f-f7eb-4671-9a85-3b6f7898f6cc:c2475]
2019-08-28 21:29:40,445 | INFO  | DNAudit | user=null | ip=null | op=WRITE_CHUNK {blockData=conID: 3 locID: 102696732614984195 bcsId: 0} | ret=SUCCESS |  
2019-08-28 21:29:40,445 [grpc-default-executor-5] INFO  client.GrpcClientProtocolClient (GrpcClientProtocolClient.java:onNext(255)) - client-05DA20D107F8->b461a7b0-028a-4eb5-b268-b89ac225aff8: receive RaftClientReply:client-05DA20D107F8->b461a7b0-028a-4eb5-b268-b89ac225aff8@group-0C8C0AA7542A, cid=1716, SUCCESS, logIndex=2479, commits[b461a7b0-028a-4eb5-b268-b89ac225aff8:c2479, b6ff45f5-67b8-463b-a273-c2e7d9dadd75:c2475, 6a5cb75f-f7eb-4671-9a85-3b6f7898f6cc:c2475]
2019-08-28 21:29:40,445 | INFO  | DNAudit | user=null | ip=null | op=WRITE_CHUNK {blockData=conID: 3 locID: 102696732614984195 bcsId: 0} | ret=SUCCESS |  
2019-08-28 21:29:40,445 | INFO  | DNAudit | user=null | ip=null | op=PUT_BLOCK {blockData=[blockId=conID: 3 locID: 102696732614984195 bcsId: 0,size=1048576]} | ret=SUCCESS |  
2019-08-28 21:29:40,445 | INFO  | DNAudit | user=null | ip=null | op=PUT_BLOCK {blockData=[blockId=conID: 3 locID: 102696732614984195 bcsId: 0,size=1048576]} | ret=SUCCESS |  
2019-08-28 21:29:40,446 | INFO  | DNAudit | user=null | ip=null | op=WRITE_CHUNK {blockData=conID: 3 locID: 102696732614984195 bcsId: 0} | ret=SUCCESS |  
2019-08-28 21:29:40,446 | INFO  | DNAudit | user=null | ip=null | op=PUT_BLOCK {blockData=[blockId=conID: 3 locID: 102696732614984195 bcsId: 0,size=2097152]} | ret=SUCCESS |  
2019-08-28 21:29:40,446 | INFO  | DNAudit | user=null | ip=null | op=WRITE_CHUNK {blockData=conID: 3 locID: 102696732614984195 bcsId: 0} | ret=SUCCESS |  
2019-08-28 21:29:40,447 | INFO  | DNAudit | user=null | ip=null | op=PUT_BLOCK {blockData=[blockId=conID: 3 locID: 102696732614984195 bcsId: 0,size=2097152]} | ret=SUCCESS |  
2019-08-28 21:29:40,447 [grpc-default-executor-6] INFO  client.GrpcClientProtocolClient (GrpcClientProtocolClient.java:onNext(255)) - client-05DA20D107F8->b461a7b0-028a-4eb5-b268-b89ac225aff8: receive RaftClientReply:client-05DA20D107F8->b461a7b0-028a-4eb5-b268-b89ac225aff8@group-0C8C0AA7542A, cid=1717, SUCCESS, logIndex=0, commits[b461a7b0-028a-4eb5-b268-b89ac225aff8:c2481, b6ff45f5-67b8-463b-a273-c2e7d9dadd75:c2477, 6a5cb75f-f7eb-4671-9a85-3b6f7898f6cc:c2477]
2019-08-28 21:29:40,454 | INFO  | DNAudit | user=null | ip=null | op=WRITE_CHUNK {blockData=conID: 3 locID: 102696732614984195 bcsId: 2479} | ret=SUCCESS |  
2019-08-28 21:29:40,457 | INFO  | DNAudit | user=null | ip=null | op=WRITE_CHUNK {blockData=conID: 3 locID: 102696732614984195 bcsId: 2479} | ret=SUCCESS |  
2019-08-28 21:29:40,458 | INFO  | DNAudit | user=null | ip=null | op=WRITE_CHUNK {blockData=conID: 3 locID: 102696732614984195 bcsId: 2479} | ret=SUCCESS |  
2019-08-28 21:29:40,483 | INFO  | DNAudit | user=null | ip=null | op=WRITE_CHUNK {blockData=conID: 3 locID: 102696732614984195 bcsId: 2479} | ret=SUCCESS |  
2019-08-28 21:29:40,484 | INFO  | DNAudit | user=null | ip=null | op=PUT_BLOCK {blockData=[blockId=conID: 3 locID: 102696732614984195 bcsId: 0,size=3145728]} | ret=SUCCESS |  
2019-08-28 21:29:40,484 [grpc-default-executor-5] INFO  client.GrpcClientProtocolClient (GrpcClientProtocolClient.java:onNext(255)) - client-05DA20D107F8->b461a7b0-028a-4eb5-b268-b89ac225aff8: receive RaftClientReply:client-05DA20D107F8->b461a7b0-028a-4eb5-b268-b89ac225aff8@group-0C8C0AA7542A, cid=1718, SUCCESS, logIndex=2484, commits[b461a7b0-028a-4eb5-b268-b89ac225aff8:c2485, b6ff45f5-67b8-463b-a273-c2e7d9dadd75:c2483, 6a5cb75f-f7eb-4671-9a85-3b6f7898f6cc:c2483]
2019-08-28 21:29:40,484 [grpc-default-executor-5] INFO  client.GrpcClientProtocolClient (GrpcClientProtocolClient.java:onNext(255)) - client-05DA20D107F8->b461a7b0-028a-4eb5-b268-b89ac225aff8: receive RaftClientReply:client-05DA20D107F8->b461a7b0-028a-4eb5-b268-b89ac225aff8@group-0C8C0AA7542A, cid=1719, SUCCESS, logIndex=2485, commits[b461a7b0-028a-4eb5-b268-b89ac225aff8:c2485, b6ff45f5-67b8-463b-a273-c2e7d9dadd75:c2483, 6a5cb75f-f7eb-4671-9a85-3b6f7898f6cc:c2483]
2019-08-28 21:29:40,493 | INFO  | DNAudit | user=null | ip=null | op=WRITE_CHUNK {blockData=conID: 3 locID: 102696732614984195 bcsId: 2485} | ret=SUCCESS |  
2019-08-28 21:29:40,496 | INFO  | DNAudit | user=null | ip=null | op=WRITE_CHUNK {blockData=conID: 3 locID: 102696732614984195 bcsId: 2479} | ret=SUCCESS |  
2019-08-28 21:29:40,496 | INFO  | DNAudit | user=null | ip=null | op=PUT_BLOCK {blockData=[blockId=conID: 3 locID: 102696732614984195 bcsId: 0,size=3145728]} | ret=SUCCESS |  
2019-08-28 21:29:40,496 | INFO  | DNAudit | user=null | ip=null | op=WRITE_CHUNK {blockData=conID: 3 locID: 102696732614984195 bcsId: 2479} | ret=SUCCESS |  
2019-08-28 21:29:40,497 | INFO  | DNAudit | user=null | ip=null | op=PUT_BLOCK {blockData=[blockId=conID: 3 locID: 102696732614984195 bcsId: 0,size=3145728]} | ret=SUCCESS |  
2019-08-28 21:29:40,497 | INFO  | DNAudit | user=null | ip=null | op=WRITE_CHUNK {blockData=conID: 3 locID: 102696732614984195 bcsId: 2485} | ret=SUCCESS |  
2019-08-28 21:29:40,498 | INFO  | DNAudit | user=null | ip=null | op=WRITE_CHUNK {blockData=conID: 3 locID: 102696732614984195 bcsId: 2485} | ret=SUCCESS |  
2019-08-28 21:29:40,501 | INFO  | SCMAudit | user=jenkins1000 | ip=192.168.36.107 | op=SEND_HEARTBEAT {datanodeUUID=68f89a68-6a96-4cde-8528-8617611d459d, command=[]} | ret=SUCCESS |  
2019-08-28 21:29:40,501 | INFO  | SCMAudit | user=jenkins1000 | ip=192.168.36.107 | op=SEND_HEARTBEAT {datanodeUUID=af4986ea-80d8-4c92-96d2-2b3929a4248a, command=[]} | ret=SUCCESS |  
2019-08-28 21:29:40,506 | INFO  | DNAudit | user=null | ip=null | op=WRITE_CHUNK {blockData=conID: 3 locID: 102696732614984195 bcsId: 2485} | ret=SUCCESS |  
2019-08-28 21:29:40,507 | INFO  | DNAudit | user=null | ip=null | op=PUT_BLOCK {blockData=[blockId=conID: 3 locID: 102696732614984195 bcsId: 0,size=4194304]} | ret=SUCCESS |  
2019-08-28 21:29:40,507 [grpc-default-executor-6] INFO  client.GrpcClientProtocolClient (GrpcClientProtocolClient.java:onNext(255)) - client-05DA20D107F8->b461a7b0-028a-4eb5-b268-b89ac225aff8: receive RaftClientReply:client-05DA20D107F8->b461a7b0-028a-4eb5-b268-b89ac225aff8@group-0C8C0AA7542A, cid=1720, SUCCESS, logIndex=2488, commits[b461a7b0-028a-4eb5-b268-b89ac225aff8:c2489, b6ff45f5-67b8-463b-a273-c2e7d9dadd75:c2485, 6a5cb75f-f7eb-4671-9a85-3b6f7898f6cc:c2485]
2019-08-28 21:29:40,508 [grpc-default-executor-6] INFO  client.GrpcClientProtocolClient (GrpcClientProtocolClient.java:onNext(255)) - client-05DA20D107F8->b461a7b0-028a-4eb5-b268-b89ac225aff8: receive RaftClientReply:client-05DA20D107F8->b461a7b0-028a-4eb5-b268-b89ac225aff8@group-0C8C0AA7542A, cid=1721, SUCCESS, logIndex=2489, commits[b461a7b0-028a-4eb5-b268-b89ac225aff8:c2489, b6ff45f5-67b8-463b-a273-c2e7d9dadd75:c2485, 6a5cb75f-f7eb-4671-9a85-3b6f7898f6cc:c2485]
2019-08-28 21:29:40,523 | INFO  | DNAudit | user=null | ip=null | op=WRITE_CHUNK {blockData=conID: 3 locID: 102696732614984195 bcsId: 2485} | ret=SUCCESS |  
2019-08-28 21:29:40,523 | INFO  | DNAudit | user=null | ip=null | op=WRITE_CHUNK {blockData=conID: 3 locID: 102696732614984195 bcsId: 2485} | ret=SUCCESS |  
2019-08-28 21:29:40,523 | INFO  | DNAudit | user=null | ip=null | op=PUT_BLOCK {blockData=[blockId=conID: 3 locID: 102696732614984195 bcsId: 0,size=4194304]} | ret=SUCCESS |  
2019-08-28 21:29:40,523 | INFO  | DNAudit | user=null | ip=null | op=PUT_BLOCK {blockData=[blockId=conID: 3 locID: 102696732614984195 bcsId: 0,size=4194304]} | ret=SUCCESS |  
2019-08-28 21:29:40,524 [grpc-default-executor-6] INFO  client.GrpcClientProtocolClient (GrpcClientProtocolClient.java:onNext(255)) - client-05DA20D107F8->b461a7b0-028a-4eb5-b268-b89ac225aff8: receive RaftClientReply:client-05DA20D107F8->b461a7b0-028a-4eb5-b268-b89ac225aff8@group-0C8C0AA7542A, cid=1722, SUCCESS, logIndex=0, commits[b461a7b0-028a-4eb5-b268-b89ac225aff8:c2490, b6ff45f5-67b8-463b-a273-c2e7d9dadd75:c2489, 6a5cb75f-f7eb-4671-9a85-3b6f7898f6cc:c2489]
2019-08-28 21:29:40,528 | INFO  | SCMAudit | user=jenkins1000 | ip=127.0.0.1 | op=ALLOCATE_BLOCK {owner=a0140aad-a474-4492-a39d-25bd6167d9f0, size=4194304, type=RATIS, factor=THREE} | ret=SUCCESS |  
2019-08-28 21:29:40,530 | INFO  | OMAudit | user=jenkins1000 | ip=127.0.0.1 | op=ALLOCATE_BLOCK {volume=vol-0-08922, bucket=bucket-0-29862, key=key-0-31337, dataSize=0, replicationType=null, replicationFactor=null, keyLocationInfo=null, clientID=102696731548516754} | ret=SUCCESS |  
2019-08-28 21:29:40,540 | INFO  | DNAudit | user=null | ip=null | op=WRITE_CHUNK {blockData=conID: 1 locID: 102696732624683524 bcsId: 0} | ret=SUCCESS |  
2019-08-28 21:29:40,543 | INFO  | DNAudit | user=null | ip=null | op=WRITE_CHUNK {blockData=conID: 1 locID: 102696732624683524 bcsId: 0} | ret=SUCCESS |  
2019-08-28 21:29:40,545 | INFO  | DNAudit | user=null | ip=null | op=WRITE_CHUNK {blockData=conID: 1 locID: 102696732624683524 bcsId: 0} | ret=SUCCESS |  
2019-08-28 21:29:40,546 | INFO  | DNAudit | user=null | ip=null | op=PUT_BLOCK {blockData=[blockId=conID: 1 locID: 102696732624683524 bcsId: 0,size=1048576]} | ret=SUCCESS |  
2019-08-28 21:29:40,547 [grpc-default-executor-3] INFO  client.GrpcClientProtocolClient (GrpcClientProtocolClient.java:onNext(255)) - client-05DA20D107F8->b461a7b0-028a-4eb5-b268-b89ac225aff8: receive RaftClientReply:client-05DA20D107F8->b461a7b0-028a-4eb5-b268-b89ac225aff8@group-0C8C0AA7542A, cid=1723, SUCCESS, logIndex=2492, commits[b461a7b0-028a-4eb5-b268-b89ac225aff8:c2493, b6ff45f5-67b8-463b-a273-c2e7d9dadd75:c2491, 6a5cb75f-f7eb-4671-9a85-3b6f7898f6cc:c2489]
2019-08-28 21:29:40,547 | INFO  | DNAudit | user=null | ip=null | op=WRITE_CHUNK {blockData=conID: 1 locID: 102696732624683524 bcsId: 0} | ret=SUCCESS |  
2019-08-28 21:29:40,547 | INFO  | DNAudit | user=null | ip=null | op=WRITE_CHUNK {blockData=conID: 1 locID: 102696732624683524 bcsId: 0} | ret=SUCCESS |  
2019-08-28 21:29:40,547 [grpc-default-executor-3] INFO  client.GrpcClientProtocolClient (GrpcClientProtocolClient.java:onNext(255)) - client-05DA20D107F8->b461a7b0-028a-4eb5-b268-b89ac225aff8: receive RaftClientReply:client-05DA20D107F8->b461a7b0-028a-4eb5-b268-b89ac225aff8@group-0C8C0AA7542A, cid=1724, SUCCESS, logIndex=2493, commits[b461a7b0-028a-4eb5-b268-b89ac225aff8:c2493, b6ff45f5-67b8-463b-a273-c2e7d9dadd75:c2491, 6a5cb75f-f7eb-4671-9a85-3b6f7898f6cc:c2489]
2019-08-28 21:29:40,549 | INFO  | DNAudit | user=null | ip=null | op=WRITE_CHUNK {blockData=conID: 1 locID: 102696732624683524 bcsId: 0} | ret=SUCCESS |  
2019-08-28 21:29:40,550 | INFO  | DNAudit | user=null | ip=null | op=WRITE_CHUNK {blockData=conID: 1 locID: 102696732624683524 bcsId: 0} | ret=SUCCESS |  
2019-08-28 21:29:40,554 | INFO  | DNAudit | user=null | ip=null | op=WRITE_CHUNK {blockData=conID: 1 locID: 102696732624683524 bcsId: 0} | ret=SUCCESS |  
2019-08-28 21:29:40,554 | INFO  | DNAudit | user=null | ip=null | op=PUT_BLOCK {blockData=[blockId=conID: 1 locID: 102696732624683524 bcsId: 0,size=1048576]} | ret=SUCCESS |  
2019-08-28 21:29:40,554 | INFO  | DNAudit | user=null | ip=null | op=WRITE_CHUNK {blockData=conID: 1 locID: 102696732624683524 bcsId: 0} | ret=SUCCESS |  
2019-08-28 21:29:40,555 | INFO  | DNAudit | user=null | ip=null | op=PUT_BLOCK {blockData=[blockId=conID: 1 locID: 102696732624683524 bcsId: 0,size=1048576]} | ret=SUCCESS |  
2019-08-28 21:29:40,556 | INFO  | DNAudit | user=null | ip=null | op=WRITE_CHUNK {blockData=conID: 1 locID: 102696732624683524 bcsId: 0} | ret=SUCCESS |  
2019-08-28 21:29:40,556 | INFO  | DNAudit | user=null | ip=null | op=PUT_BLOCK {blockData=[blockId=conID: 1 locID: 102696732624683524 bcsId: 0,size=2097152]} | ret=SUCCESS |  
2019-08-28 21:29:40,556 [grpc-default-executor-5] INFO  client.GrpcClientProtocolClient (GrpcClientProtocolClient.java:onNext(255)) - client-05DA20D107F8->b461a7b0-028a-4eb5-b268-b89ac225aff8: receive RaftClientReply:client-05DA20D107F8->b461a7b0-028a-4eb5-b268-b89ac225aff8@group-0C8C0AA7542A, cid=1725, SUCCESS, logIndex=2496, commits[b461a7b0-028a-4eb5-b268-b89ac225aff8:c2497, b6ff45f5-67b8-463b-a273-c2e7d9dadd75:c2493, 6a5cb75f-f7eb-4671-9a85-3b6f7898f6cc:c2493]
2019-08-28 21:29:40,557 [grpc-default-executor-5] INFO  client.GrpcClientProtocolClient (GrpcClientProtocolClient.java:onNext(255)) - client-05DA20D107F8->b461a7b0-028a-4eb5-b268-b89ac225aff8: receive RaftClientReply:client-05DA20D107F8->b461a7b0-028a-4eb5-b268-b89ac225aff8@group-0C8C0AA7542A, cid=1726, SUCCESS, logIndex=2497, commits[b461a7b0-028a-4eb5-b268-b89ac225aff8:c2497, b6ff45f5-67b8-463b-a273-c2e7d9dadd75:c2493, 6a5cb75f-f7eb-4671-9a85-3b6f7898f6cc:c2493]
2019-08-28 21:29:40,565 | INFO  | DNAudit | user=null | ip=null | op=WRITE_CHUNK {blockData=conID: 1 locID: 102696732624683524 bcsId: 2497} | ret=SUCCESS |  
2019-08-28 21:29:40,565 | INFO  | DNAudit | user=null | ip=null | op=WRITE_CHUNK {blockData=conID: 1 locID: 102696732624683524 bcsId: 0} | ret=SUCCESS |  
2019-08-28 21:29:40,565 | INFO  | DNAudit | user=null | ip=null | op=WRITE_CHUNK {blockData=conID: 1 locID: 102696732624683524 bcsId: 0} | ret=SUCCESS |  
2019-08-28 21:29:40,566 | INFO  | DNAudit | user=null | ip=null | op=PUT_BLOCK {blockData=[blockId=conID: 1 locID: 102696732624683524 bcsId: 0,size=2097152]} | ret=SUCCESS |  
2019-08-28 21:29:40,566 | INFO  | DNAudit | user=null | ip=null | op=PUT_BLOCK {blockData=[blockId=conID: 1 locID: 102696732624683524 bcsId: 0,size=2097152]} | ret=SUCCESS |  
2019-08-28 21:29:40,568 | INFO  | DNAudit | user=null | ip=null | op=WRITE_CHUNK {blockData=conID: 1 locID: 102696732624683524 bcsId: 2497} | ret=SUCCESS |  
2019-08-28 21:29:40,569 | INFO  | DNAudit | user=null | ip=null | op=WRITE_CHUNK {blockData=conID: 1 locID: 102696732624683524 bcsId: 2497} | ret=SUCCESS |  
2019-08-28 21:29:40,586 | INFO  | DNAudit | user=null | ip=null | op=WRITE_CHUNK {blockData=conID: 1 locID: 102696732624683524 bcsId: 2497} | ret=SUCCESS |  
2019-08-28 21:29:40,587 | INFO  | DNAudit | user=null | ip=null | op=PUT_BLOCK {blockData=[blockId=conID: 1 locID: 102696732624683524 bcsId: 0,size=3145728]} | ret=SUCCESS |  
2019-08-28 21:29:40,587 [grpc-default-executor-6] INFO  client.GrpcClientProtocolClient (GrpcClientProtocolClient.java:onNext(255)) - client-05DA20D107F8->b461a7b0-028a-4eb5-b268-b89ac225aff8: receive RaftClientReply:client-05DA20D107F8->b461a7b0-028a-4eb5-b268-b89ac225aff8@group-0C8C0AA7542A, cid=1727, SUCCESS, logIndex=2500, commits[b461a7b0-028a-4eb5-b268-b89ac225aff8:c2501, b6ff45f5-67b8-463b-a273-c2e7d9dadd75:c2497, 6a5cb75f-f7eb-4671-9a85-3b6f7898f6cc:c2497]
2019-08-28 21:29:40,587 [grpc-default-executor-6] INFO  client.GrpcClientProtocolClient (GrpcClientProtocolClient.java:onNext(255)) - client-05DA20D107F8->b461a7b0-028a-4eb5-b268-b89ac225aff8: receive RaftClientReply:client-05DA20D107F8->b461a7b0-028a-4eb5-b268-b89ac225aff8@group-0C8C0AA7542A, cid=1728, SUCCESS, logIndex=2501, commits[b461a7b0-028a-4eb5-b268-b89ac225aff8:c2501, b6ff45f5-67b8-463b-a273-c2e7d9dadd75:c2497, 6a5cb75f-f7eb-4671-9a85-3b6f7898f6cc:c2497]
2019-08-28 21:29:40,595 | INFO  | DNAudit | user=null | ip=null | op=WRITE_CHUNK {blockData=conID: 1 locID: 102696732624683524 bcsId: 2501} | ret=SUCCESS |  
2019-08-28 21:29:40,597 | INFO  | DNAudit | user=null | ip=null | op=WRITE_CHUNK {blockData=conID: 1 locID: 102696732624683524 bcsId: 2497} | ret=SUCCESS |  
2019-08-28 21:29:40,597 | INFO  | DNAudit | user=null | ip=null | op=WRITE_CHUNK {blockData=conID: 1 locID: 102696732624683524 bcsId: 2497} | ret=SUCCESS |  
2019-08-28 21:29:40,597 | INFO  | DNAudit | user=null | ip=null | op=PUT_BLOCK {blockData=[blockId=conID: 1 locID: 102696732624683524 bcsId: 0,size=3145728]} | ret=SUCCESS |  
2019-08-28 21:29:40,597 | INFO  | DNAudit | user=null | ip=null | op=WRITE_CHUNK {blockData=conID: 1 locID: 102696732624683524 bcsId: 2501} | ret=SUCCESS |  
2019-08-28 21:29:40,597 | INFO  | DNAudit | user=null | ip=null | op=PUT_BLOCK {blockData=[blockId=conID: 1 locID: 102696732624683524 bcsId: 0,size=3145728]} | ret=SUCCESS |  
2019-08-28 21:29:40,598 | INFO  | DNAudit | user=null | ip=null | op=WRITE_CHUNK {blockData=conID: 1 locID: 102696732624683524 bcsId: 2501} | ret=SUCCESS |  
2019-08-28 21:29:40,610 | INFO  | DNAudit | user=null | ip=null | op=WRITE_CHUNK {blockData=conID: 1 locID: 102696732624683524 bcsId: 2501} | ret=SUCCESS |  
2019-08-28 21:29:40,610 | INFO  | DNAudit | user=null | ip=null | op=PUT_BLOCK {blockData=[blockId=conID: 1 locID: 102696732624683524 bcsId: 0,size=4194304]} | ret=SUCCESS |  
2019-08-28 21:29:40,611 [grpc-default-executor-5] INFO  client.GrpcClientProtocolClient (GrpcClientProtocolClient.java:onNext(255)) - client-05DA20D107F8->b461a7b0-028a-4eb5-b268-b89ac225aff8: receive RaftClientReply:client-05DA20D107F8->b461a7b0-028a-4eb5-b268-b89ac225aff8@group-0C8C0AA7542A, cid=1729, SUCCESS, logIndex=2504, commits[b461a7b0-028a-4eb5-b268-b89ac225aff8:c2505, b6ff45f5-67b8-463b-a273-c2e7d9dadd75:c2501, 6a5cb75f-f7eb-4671-9a85-3b6f7898f6cc:c2501]
2019-08-28 21:29:40,611 [grpc-default-executor-5] INFO  client.GrpcClientProtocolClient (GrpcClientProtocolClient.java:onNext(255)) - client-05DA20D107F8->b461a7b0-028a-4eb5-b268-b89ac225aff8: receive RaftClientReply:client-05DA20D107F8->b461a7b0-028a-4eb5-b268-b89ac225aff8@group-0C8C0AA7542A, cid=1730, SUCCESS, logIndex=2505, commits[b461a7b0-028a-4eb5-b268-b89ac225aff8:c2505, b6ff45f5-67b8-463b-a273-c2e7d9dadd75:c2501, 6a5cb75f-f7eb-4671-9a85-3b6f7898f6cc:c2501]
2019-08-28 21:29:40,616 | INFO  | DNAudit | user=null | ip=null | op=WRITE_CHUNK {blockData=conID: 1 locID: 102696732624683524 bcsId: 2501} | ret=SUCCESS |  
2019-08-28 21:29:40,616 | INFO  | DNAudit | user=null | ip=null | op=WRITE_CHUNK {blockData=conID: 1 locID: 102696732624683524 bcsId: 2501} | ret=SUCCESS |  
2019-08-28 21:29:40,616 | INFO  | DNAudit | user=null | ip=null | op=PUT_BLOCK {blockData=[blockId=conID: 1 locID: 102696732624683524 bcsId: 0,size=4194304]} | ret=SUCCESS |  
2019-08-28 21:29:40,617 | INFO  | DNAudit | user=null | ip=null | op=PUT_BLOCK {blockData=[blockId=conID: 1 locID: 102696732624683524 bcsId: 0,size=4194304]} | ret=SUCCESS |  
2019-08-28 21:29:40,618 [grpc-default-executor-5] INFO  client.GrpcClientProtocolClient (GrpcClientProtocolClient.java:onNext(255)) - client-05DA20D107F8->b461a7b0-028a-4eb5-b268-b89ac225aff8: receive RaftClientReply:client-05DA20D107F8->b461a7b0-028a-4eb5-b268-b89ac225aff8@group-0C8C0AA7542A, cid=1731, SUCCESS, logIndex=0, commits[b461a7b0-028a-4eb5-b268-b89ac225aff8:c2506, b6ff45f5-67b8-463b-a273-c2e7d9dadd75:c2505, 6a5cb75f-f7eb-4671-9a85-3b6f7898f6cc:c2505]
2019-08-28 21:29:40,623 | INFO  | SCMAudit | user=jenkins1000 | ip=127.0.0.1 | op=ALLOCATE_BLOCK {owner=a0140aad-a474-4492-a39d-25bd6167d9f0, size=4194304, type=RATIS, factor=THREE} | ret=SUCCESS |  
2019-08-28 21:29:40,626 | INFO  | OMAudit | user=jenkins1000 | ip=127.0.0.1 | op=ALLOCATE_BLOCK {volume=vol-0-08922, bucket=bucket-0-29862, key=key-0-31337, dataSize=0, replicationType=null, replicationFactor=null, keyLocationInfo=null, clientID=102696731548516754} | ret=SUCCESS |  
2019-08-28 21:29:40,635 | INFO  | DNAudit | user=null | ip=null | op=WRITE_CHUNK {blockData=conID: 2 locID: 102696732630909445 bcsId: 0} | ret=SUCCESS |  
2019-08-28 21:29:40,639 | INFO  | DNAudit | user=null | ip=null | op=WRITE_CHUNK {blockData=conID: 2 locID: 102696732630909445 bcsId: 0} | ret=SUCCESS |  
2019-08-28 21:29:40,639 | INFO  | DNAudit | user=null | ip=null | op=WRITE_CHUNK {blockData=conID: 2 locID: 102696732630909445 bcsId: 0} | ret=SUCCESS |  
2019-08-28 21:29:40,641 | INFO  | DNAudit | user=null | ip=null | op=WRITE_CHUNK {blockData=conID: 2 locID: 102696732630909445 bcsId: 0} | ret=SUCCESS |  
2019-08-28 21:29:40,644 | INFO  | DNAudit | user=null | ip=null | op=WRITE_CHUNK {blockData=conID: 2 locID: 102696732630909445 bcsId: 0} | ret=SUCCESS |  
2019-08-28 21:29:40,644 | INFO  | DNAudit | user=null | ip=null | op=WRITE_CHUNK {blockData=conID: 2 locID: 102696732630909445 bcsId: 0} | ret=SUCCESS |  
2019-08-28 21:29:40,644 | INFO  | DNAudit | user=null | ip=null | op=PUT_BLOCK {blockData=[blockId=conID: 2 locID: 102696732630909445 bcsId: 0,size=1048576]} | ret=SUCCESS |  
2019-08-28 21:29:40,644 [grpc-default-executor-5] INFO  client.GrpcClientProtocolClient (GrpcClientProtocolClient.java:onNext(255)) - client-05DA20D107F8->b461a7b0-028a-4eb5-b268-b89ac225aff8: receive RaftClientReply:client-05DA20D107F8->b461a7b0-028a-4eb5-b268-b89ac225aff8@group-0C8C0AA7542A, cid=1732, SUCCESS, logIndex=2508, commits[b461a7b0-028a-4eb5-b268-b89ac225aff8:c2509, b6ff45f5-67b8-463b-a273-c2e7d9dadd75:c2507, 6a5cb75f-f7eb-4671-9a85-3b6f7898f6cc:c2507]
2019-08-28 21:29:40,645 | INFO  | DNAudit | user=null | ip=null | op=WRITE_CHUNK {blockData=conID: 2 locID: 102696732630909445 bcsId: 0} | ret=SUCCESS |  
2019-08-28 21:29:40,645 [grpc-default-executor-5] INFO  client.GrpcClientProtocolClient (GrpcClientProtocolClient.java:onNext(255)) - client-05DA20D107F8->b461a7b0-028a-4eb5-b268-b89ac225aff8: receive RaftClientReply:client-05DA20D107F8->b461a7b0-028a-4eb5-b268-b89ac225aff8@group-0C8C0AA7542A, cid=1733, SUCCESS, logIndex=2509, commits[b461a7b0-028a-4eb5-b268-b89ac225aff8:c2509, b6ff45f5-67b8-463b-a273-c2e7d9dadd75:c2507, 6a5cb75f-f7eb-4671-9a85-3b6f7898f6cc:c2507]
2019-08-28 21:29:40,653 | INFO  | DNAudit | user=null | ip=null | op=WRITE_CHUNK {blockData=conID: 2 locID: 102696732630909445 bcsId: 0} | ret=SUCCESS |  
2019-08-28 21:29:40,653 | INFO  | DNAudit | user=null | ip=null | op=WRITE_CHUNK {blockData=conID: 2 locID: 102696732630909445 bcsId: 0} | ret=SUCCESS |  
2019-08-28 21:29:40,653 | INFO  | DNAudit | user=null | ip=null | op=WRITE_CHUNK {blockData=conID: 2 locID: 102696732630909445 bcsId: 0} | ret=SUCCESS |  
2019-08-28 21:29:40,653 | INFO  | DNAudit | user=null | ip=null | op=PUT_BLOCK {blockData=[blockId=conID: 2 locID: 102696732630909445 bcsId: 0,size=1048576]} | ret=SUCCESS |  
2019-08-28 21:29:40,653 | INFO  | DNAudit | user=null | ip=null | op=PUT_BLOCK {blockData=[blockId=conID: 2 locID: 102696732630909445 bcsId: 0,size=1048576]} | ret=SUCCESS |  
2019-08-28 21:29:40,653 | INFO  | DNAudit | user=null | ip=null | op=PUT_BLOCK {blockData=[blockId=conID: 2 locID: 102696732630909445 bcsId: 0,size=2097152]} | ret=SUCCESS |  
2019-08-28 21:29:40,654 [grpc-default-executor-3] INFO  client.GrpcClientProtocolClient (GrpcClientProtocolClient.java:onNext(255)) - client-05DA20D107F8->b461a7b0-028a-4eb5-b268-b89ac225aff8: receive RaftClientReply:client-05DA20D107F8->b461a7b0-028a-4eb5-b268-b89ac225aff8@group-0C8C0AA7542A, cid=1734, SUCCESS, logIndex=2510, commits[b461a7b0-028a-4eb5-b268-b89ac225aff8:c2512, b6ff45f5-67b8-463b-a273-c2e7d9dadd75:c2508, 6a5cb75f-f7eb-4671-9a85-3b6f7898f6cc:c2507]
2019-08-28 21:29:40,654 [grpc-default-executor-3] INFO  client.GrpcClientProtocolClient (GrpcClientProtocolClient.java:onNext(255)) - client-05DA20D107F8->b461a7b0-028a-4eb5-b268-b89ac225aff8: receive RaftClientReply:client-05DA20D107F8->b461a7b0-028a-4eb5-b268-b89ac225aff8@group-0C8C0AA7542A, cid=1735, SUCCESS, logIndex=2511, commits[b461a7b0-028a-4eb5-b268-b89ac225aff8:c2513, b6ff45f5-67b8-463b-a273-c2e7d9dadd75:c2509, 6a5cb75f-f7eb-4671-9a85-3b6f7898f6cc:c2509]
2019-08-28 21:29:40,659 | INFO  | DNAudit | user=null | ip=null | op=WRITE_CHUNK {blockData=conID: 2 locID: 102696732630909445 bcsId: 0} | ret=SUCCESS |  
2019-08-28 21:29:40,660 | INFO  | DNAudit | user=null | ip=null | op=WRITE_CHUNK {blockData=conID: 2 locID: 102696732630909445 bcsId: 0} | ret=SUCCESS |  
2019-08-28 21:29:40,661 | INFO  | DNAudit | user=null | ip=null | op=PUT_BLOCK {blockData=[blockId=conID: 2 locID: 102696732630909445 bcsId: 0,size=2097152]} | ret=SUCCESS |  
2019-08-28 21:29:40,661 | INFO  | DNAudit | user=null | ip=null | op=PUT_BLOCK {blockData=[blockId=conID: 2 locID: 102696732630909445 bcsId: 0,size=2097152]} | ret=SUCCESS |  
2019-08-28 21:29:40,665 | INFO  | DNAudit | user=null | ip=null | op=WRITE_CHUNK {blockData=conID: 2 locID: 102696732630909445 bcsId: 2511} | ret=SUCCESS |  
2019-08-28 21:29:40,668 | INFO  | DNAudit | user=null | ip=null | op=WRITE_CHUNK {blockData=conID: 2 locID: 102696732630909445 bcsId: 2511} | ret=SUCCESS |  
2019-08-28 21:29:40,668 | INFO  | DNAudit | user=null | ip=null | op=WRITE_CHUNK {blockData=conID: 2 locID: 102696732630909445 bcsId: 2511} | ret=SUCCESS |  
2019-08-28 21:29:40,681 | INFO  | DNAudit | user=null | ip=null | op=WRITE_CHUNK {blockData=conID: 2 locID: 102696732630909445 bcsId: 2511} | ret=SUCCESS |  
2019-08-28 21:29:40,682 | INFO  | DNAudit | user=null | ip=null | op=PUT_BLOCK {blockData=[blockId=conID: 2 locID: 102696732630909445 bcsId: 0,size=3145728]} | ret=SUCCESS |  
2019-08-28 21:29:40,682 [grpc-default-executor-6] INFO  client.GrpcClientProtocolClient (GrpcClientProtocolClient.java:onNext(255)) - client-05DA20D107F8->b461a7b0-028a-4eb5-b268-b89ac225aff8: receive RaftClientReply:client-05DA20D107F8->b461a7b0-028a-4eb5-b268-b89ac225aff8@group-0C8C0AA7542A, cid=1736, SUCCESS, logIndex=2516, commits[b461a7b0-028a-4eb5-b268-b89ac225aff8:c2517, b6ff45f5-67b8-463b-a273-c2e7d9dadd75:c2515, 6a5cb75f-f7eb-4671-9a85-3b6f7898f6cc:c2515]
2019-08-28 21:29:40,683 [grpc-default-executor-6] INFO  client.GrpcClientProtocolClient (GrpcClientProtocolClient.java:onNext(255)) - client-05DA20D107F8->b461a7b0-028a-4eb5-b268-b89ac225aff8: receive RaftClientReply:client-05DA20D107F8->b461a7b0-028a-4eb5-b268-b89ac225aff8@group-0C8C0AA7542A, cid=1737, SUCCESS, logIndex=2517, commits[b461a7b0-028a-4eb5-b268-b89ac225aff8:c2517, b6ff45f5-67b8-463b-a273-c2e7d9dadd75:c2515, 6a5cb75f-f7eb-4671-9a85-3b6f7898f6cc:c2515]
2019-08-28 21:29:40,689 | INFO  | DNAudit | user=null | ip=null | op=WRITE_CHUNK {blockData=conID: 2 locID: 102696732630909445 bcsId: 2511} | ret=SUCCESS |  
2019-08-28 21:29:40,689 | INFO  | DNAudit | user=null | ip=null | op=WRITE_CHUNK {blockData=conID: 2 locID: 102696732630909445 bcsId: 2511} | ret=SUCCESS |  
2019-08-28 21:29:40,689 | INFO  | DNAudit | user=null | ip=null | op=PUT_BLOCK {blockData=[blockId=conID: 2 locID: 102696732630909445 bcsId: 0,size=3145728]} | ret=SUCCESS |  
2019-08-28 21:29:40,690 | INFO  | DNAudit | user=null | ip=null | op=PUT_BLOCK {blockData=[blockId=conID: 2 locID: 102696732630909445 bcsId: 0,size=3145728]} | ret=SUCCESS |  
2019-08-28 21:29:40,692 | INFO  | DNAudit | user=null | ip=null | op=WRITE_CHUNK {blockData=conID: 2 locID: 102696732630909445 bcsId: 2517} | ret=SUCCESS |  
2019-08-28 21:29:40,694 | INFO  | DNAudit | user=null | ip=null | op=WRITE_CHUNK {blockData=conID: 2 locID: 102696732630909445 bcsId: 2517} | ret=SUCCESS |  
2019-08-28 21:29:40,694 | INFO  | DNAudit | user=null | ip=null | op=WRITE_CHUNK {blockData=conID: 2 locID: 102696732630909445 bcsId: 2517} | ret=SUCCESS |  
2019-08-28 21:29:40,701 | INFO  | DNAudit | user=null | ip=null | op=WRITE_CHUNK {blockData=conID: 2 locID: 102696732630909445 bcsId: 2517} | ret=SUCCESS |  
2019-08-28 21:29:40,701 | INFO  | DNAudit | user=null | ip=null | op=PUT_BLOCK {blockData=[blockId=conID: 2 locID: 102696732630909445 bcsId: 0,size=4194304]} | ret=SUCCESS |  
2019-08-28 21:29:40,702 [grpc-default-executor-5] INFO  client.GrpcClientProtocolClient (GrpcClientProtocolClient.java:onNext(255)) - client-05DA20D107F8->b461a7b0-028a-4eb5-b268-b89ac225aff8: receive RaftClientReply:client-05DA20D107F8->b461a7b0-028a-4eb5-b268-b89ac225aff8@group-0C8C0AA7542A, cid=1738, SUCCESS, logIndex=2520, commits[b461a7b0-028a-4eb5-b268-b89ac225aff8:c2521, b6ff45f5-67b8-463b-a273-c2e7d9dadd75:c2518, 6a5cb75f-f7eb-4671-9a85-3b6f7898f6cc:c2517]
2019-08-28 21:29:40,702 [grpc-default-executor-5] INFO  client.GrpcClientProtocolClient (GrpcClientProtocolClient.java:onNext(255)) - client-05DA20D107F8->b461a7b0-028a-4eb5-b268-b89ac225aff8: receive RaftClientReply:client-05DA20D107F8->b461a7b0-028a-4eb5-b268-b89ac225aff8@group-0C8C0AA7542A, cid=1739, SUCCESS, logIndex=2521, commits[b461a7b0-028a-4eb5-b268-b89ac225aff8:c2521, b6ff45f5-67b8-463b-a273-c2e7d9dadd75:c2518, 6a5cb75f-f7eb-4671-9a85-3b6f7898f6cc:c2518]
2019-08-28 21:29:40,707 | INFO  | DNAudit | user=null | ip=null | op=WRITE_CHUNK {blockData=conID: 2 locID: 102696732630909445 bcsId: 2517} | ret=SUCCESS |  
2019-08-28 21:29:40,708 | INFO  | DNAudit | user=null | ip=null | op=WRITE_CHUNK {blockData=conID: 2 locID: 102696732630909445 bcsId: 2517} | ret=SUCCESS |  
2019-08-28 21:29:40,708 | INFO  | DNAudit | user=null | ip=null | op=PUT_BLOCK {blockData=[blockId=conID: 2 locID: 102696732630909445 bcsId: 0,size=4194304]} | ret=SUCCESS |  
2019-08-28 21:29:40,708 | INFO  | DNAudit | user=null | ip=null | op=PUT_BLOCK {blockData=[blockId=conID: 2 locID: 102696732630909445 bcsId: 0,size=4194304]} | ret=SUCCESS |  
2019-08-28 21:29:40,709 [grpc-default-executor-5] INFO  client.GrpcClientProtocolClient (GrpcClientProtocolClient.java:onNext(255)) - client-05DA20D107F8->b461a7b0-028a-4eb5-b268-b89ac225aff8: receive RaftClientReply:client-05DA20D107F8->b461a7b0-028a-4eb5-b268-b89ac225aff8@group-0C8C0AA7542A, cid=1740, SUCCESS, logIndex=0, commits[b461a7b0-028a-4eb5-b268-b89ac225aff8:c2522, b6ff45f5-67b8-463b-a273-c2e7d9dadd75:c2521, 6a5cb75f-f7eb-4671-9a85-3b6f7898f6cc:c2521]
2019-08-28 21:29:40,716 | INFO  | SCMAudit | user=jenkins1000 | ip=127.0.0.1 | op=ALLOCATE_BLOCK {owner=a0140aad-a474-4492-a39d-25bd6167d9f0, size=4194304, type=RATIS, factor=THREE} | ret=SUCCESS |  
2019-08-28 21:29:40,720 | INFO  | OMAudit | user=jenkins1000 | ip=127.0.0.1 | op=ALLOCATE_BLOCK {volume=vol-0-08922, bucket=bucket-0-29862, key=key-0-31337, dataSize=0, replicationType=null, replicationFactor=null, keyLocationInfo=null, clientID=102696731548516754} | ret=SUCCESS |  
2019-08-28 21:29:40,729 | INFO  | DNAudit | user=null | ip=null | op=WRITE_CHUNK {blockData=conID: 3 locID: 102696732637004294 bcsId: 0} | ret=SUCCESS |  
2019-08-28 21:29:40,733 | INFO  | DNAudit | user=null | ip=null | op=WRITE_CHUNK {blockData=conID: 3 locID: 102696732637004294 bcsId: 0} | ret=SUCCESS |  
2019-08-28 21:29:40,733 | INFO  | DNAudit | user=null | ip=null | op=WRITE_CHUNK {blockData=conID: 3 locID: 102696732637004294 bcsId: 0} | ret=SUCCESS |  
2019-08-28 21:29:40,734 | INFO  | DNAudit | user=null | ip=null | op=WRITE_CHUNK {blockData=conID: 3 locID: 102696732637004294 bcsId: 0} | ret=SUCCESS |  
2019-08-28 21:29:40,736 | INFO  | DNAudit | user=null | ip=null | op=WRITE_CHUNK {blockData=conID: 3 locID: 102696732637004294 bcsId: 0} | ret=SUCCESS |  
2019-08-28 21:29:40,737 | INFO  | DNAudit | user=null | ip=null | op=WRITE_CHUNK {blockData=conID: 3 locID: 102696732637004294 bcsId: 0} | ret=SUCCESS |  
2019-08-28 21:29:40,737 | INFO  | DNAudit | user=null | ip=null | op=PUT_BLOCK {blockData=[blockId=conID: 3 locID: 102696732637004294 bcsId: 0,size=1048576]} | ret=SUCCESS |  
2019-08-28 21:29:40,738 | INFO  | DNAudit | user=null | ip=null | op=WRITE_CHUNK {blockData=conID: 3 locID: 102696732637004294 bcsId: 0} | ret=SUCCESS |  
2019-08-28 21:29:40,737 [grpc-default-executor-5] INFO  client.GrpcClientProtocolClient (GrpcClientProtocolClient.java:onNext(255)) - client-05DA20D107F8->b461a7b0-028a-4eb5-b268-b89ac225aff8: receive RaftClientReply:client-05DA20D107F8->b461a7b0-028a-4eb5-b268-b89ac225aff8@group-0C8C0AA7542A, cid=1741, SUCCESS, logIndex=2524, commits[b461a7b0-028a-4eb5-b268-b89ac225aff8:c2525, b6ff45f5-67b8-463b-a273-c2e7d9dadd75:c2523, 6a5cb75f-f7eb-4671-9a85-3b6f7898f6cc:c2523]
2019-08-28 21:29:40,738 [grpc-default-executor-5] INFO  client.GrpcClientProtocolClient (GrpcClientProtocolClient.java:onNext(255)) - client-05DA20D107F8->b461a7b0-028a-4eb5-b268-b89ac225aff8: receive RaftClientReply:client-05DA20D107F8->b461a7b0-028a-4eb5-b268-b89ac225aff8@group-0C8C0AA7542A, cid=1742, SUCCESS, logIndex=2525, commits[b461a7b0-028a-4eb5-b268-b89ac225aff8:c2525, b6ff45f5-67b8-463b-a273-c2e7d9dadd75:c2523, 6a5cb75f-f7eb-4671-9a85-3b6f7898f6cc:c2523]
2019-08-28 21:29:40,744 | INFO  | DNAudit | user=null | ip=null | op=WRITE_CHUNK {blockData=conID: 3 locID: 102696732637004294 bcsId: 0} | ret=SUCCESS |  
2019-08-28 21:29:40,744 | INFO  | DNAudit | user=null | ip=null | op=PUT_BLOCK {blockData=[blockId=conID: 3 locID: 102696732637004294 bcsId: 0,size=2097152]} | ret=SUCCESS |  
2019-08-28 21:29:40,744 | INFO  | DNAudit | user=null | ip=null | op=WRITE_CHUNK {blockData=conID: 3 locID: 102696732637004294 bcsId: 0} | ret=SUCCESS |  
2019-08-28 21:29:40,744 | INFO  | DNAudit | user=null | ip=null | op=WRITE_CHUNK {blockData=conID: 3 locID: 102696732637004294 bcsId: 0} | ret=SUCCESS |  
2019-08-28 21:29:40,745 | INFO  | DNAudit | user=null | ip=null | op=PUT_BLOCK {blockData=[blockId=conID: 3 locID: 102696732637004294 bcsId: 0,size=1048576]} | ret=SUCCESS |  
2019-08-28 21:29:40,745 [grpc-default-executor-3] INFO  client.GrpcClientProtocolClient (GrpcClientProtocolClient.java:onNext(255)) - client-05DA20D107F8->b461a7b0-028a-4eb5-b268-b89ac225aff8: receive RaftClientReply:client-05DA20D107F8->b461a7b0-028a-4eb5-b268-b89ac225aff8@group-0C8C0AA7542A, cid=1743, SUCCESS, logIndex=2526, commits[b461a7b0-028a-4eb5-b268-b89ac225aff8:c2527, b6ff45f5-67b8-463b-a273-c2e7d9dadd75:c2523, 6a5cb75f-f7eb-4671-9a85-3b6f7898f6cc:c2523]
2019-08-28 21:29:40,745 | INFO  | DNAudit | user=null | ip=null | op=PUT_BLOCK {blockData=[blockId=conID: 3 locID: 102696732637004294 bcsId: 0,size=1048576]} | ret=SUCCESS |  
2019-08-28 21:29:40,746 | INFO  | DNAudit | user=null | ip=null | op=WRITE_CHUNK {blockData=conID: 3 locID: 102696732637004294 bcsId: 0} | ret=SUCCESS |  
2019-08-28 21:29:40,746 | INFO  | DNAudit | user=null | ip=null | op=WRITE_CHUNK {blockData=conID: 3 locID: 102696732637004294 bcsId: 0} | ret=SUCCESS |  
2019-08-28 21:29:40,746 | INFO  | DNAudit | user=null | ip=null | op=PUT_BLOCK {blockData=[blockId=conID: 3 locID: 102696732637004294 bcsId: 0,size=2097152]} | ret=SUCCESS |  
2019-08-28 21:29:40,746 | INFO  | DNAudit | user=null | ip=null | op=PUT_BLOCK {blockData=[blockId=conID: 3 locID: 102696732637004294 bcsId: 0,size=2097152]} | ret=SUCCESS |  
2019-08-28 21:29:40,747 [grpc-default-executor-3] INFO  client.GrpcClientProtocolClient (GrpcClientProtocolClient.java:onNext(255)) - client-05DA20D107F8->b461a7b0-028a-4eb5-b268-b89ac225aff8: receive RaftClientReply:client-05DA20D107F8->b461a7b0-028a-4eb5-b268-b89ac225aff8@group-0C8C0AA7542A, cid=1744, SUCCESS, logIndex=2527, commits[b461a7b0-028a-4eb5-b268-b89ac225aff8:c2528, b6ff45f5-67b8-463b-a273-c2e7d9dadd75:c2524, 6a5cb75f-f7eb-4671-9a85-3b6f7898f6cc:c2523]
2019-08-28 21:29:40,748 [grpc-default-executor-5] INFO  client.GrpcClientProtocolClient (GrpcClientProtocolClient.java:onNext(255)) - client-05DA20D107F8->b461a7b0-028a-4eb5-b268-b89ac225aff8: receive RaftClientReply:client-05DA20D107F8->b461a7b0-028a-4eb5-b268-b89ac225aff8@group-0C8C0AA7542A, cid=1745, SUCCESS, logIndex=0, commits[b461a7b0-028a-4eb5-b268-b89ac225aff8:c2531, b6ff45f5-67b8-463b-a273-c2e7d9dadd75:c2527, 6a5cb75f-f7eb-4671-9a85-3b6f7898f6cc:c2527]
2019-08-28 21:29:40,758 | INFO  | DNAudit | user=null | ip=null | op=WRITE_CHUNK {blockData=conID: 3 locID: 102696732637004294 bcsId: 2527} | ret=SUCCESS |  
2019-08-28 21:29:40,759 | INFO  | DNAudit | user=null | ip=null | op=WRITE_CHUNK {blockData=conID: 3 locID: 102696732637004294 bcsId: 2527} | ret=SUCCESS |  
2019-08-28 21:29:40,760 | INFO  | DNAudit | user=null | ip=null | op=WRITE_CHUNK {blockData=conID: 3 locID: 102696732637004294 bcsId: 2527} | ret=SUCCESS |  
2019-08-28 21:29:40,786 | INFO  | DNAudit | user=null | ip=null | op=WRITE_CHUNK {blockData=conID: 3 locID: 102696732637004294 bcsId: 2527} | ret=SUCCESS |  
2019-08-28 21:29:40,786 | INFO  | DNAudit | user=null | ip=null | op=PUT_BLOCK {blockData=[blockId=conID: 3 locID: 102696732637004294 bcsId: 0,size=3145728]} | ret=SUCCESS |  
2019-08-28 21:29:40,786 [grpc-default-executor-3] INFO  client.GrpcClientProtocolClient (GrpcClientProtocolClient.java:onNext(255)) - client-05DA20D107F8->b461a7b0-028a-4eb5-b268-b89ac225aff8: receive RaftClientReply:client-05DA20D107F8->b461a7b0-028a-4eb5-b268-b89ac225aff8@group-0C8C0AA7542A, cid=1746, SUCCESS, logIndex=2532, commits[b461a7b0-028a-4eb5-b268-b89ac225aff8:c2533, b6ff45f5-67b8-463b-a273-c2e7d9dadd75:c2531, 6a5cb75f-f7eb-4671-9a85-3b6f7898f6cc:c2531]
2019-08-28 21:29:40,787 [grpc-default-executor-3] INFO  client.GrpcClientProtocolClient (GrpcClientProtocolClient.java:onNext(255)) - client-05DA20D107F8->b461a7b0-028a-4eb5-b268-b89ac225aff8: receive RaftClientReply:client-05DA20D107F8->b461a7b0-028a-4eb5-b268-b89ac225aff8@group-0C8C0AA7542A, cid=1747, SUCCESS, logIndex=2533, commits[b461a7b0-028a-4eb5-b268-b89ac225aff8:c2533, b6ff45f5-67b8-463b-a273-c2e7d9dadd75:c2531, 6a5cb75f-f7eb-4671-9a85-3b6f7898f6cc:c2531]
2019-08-28 21:29:40,791 | INFO  | DNAudit | user=null | ip=null | op=WRITE_CHUNK {blockData=conID: 3 locID: 102696732637004294 bcsId: 2527} | ret=SUCCESS |  
2019-08-28 21:29:40,791 | INFO  | DNAudit | user=null | ip=null | op=WRITE_CHUNK {blockData=conID: 3 locID: 102696732637004294 bcsId: 2527} | ret=SUCCESS |  
2019-08-28 21:29:40,791 | INFO  | DNAudit | user=null | ip=null | op=PUT_BLOCK {blockData=[blockId=conID: 3 locID: 102696732637004294 bcsId: 0,size=3145728]} | ret=SUCCESS |  
2019-08-28 21:29:40,793 | INFO  | DNAudit | user=null | ip=null | op=PUT_BLOCK {blockData=[blockId=conID: 3 locID: 102696732637004294 bcsId: 0,size=3145728]} | ret=SUCCESS |  
2019-08-28 21:29:40,795 | INFO  | DNAudit | user=null | ip=null | op=WRITE_CHUNK {blockData=conID: 3 locID: 102696732637004294 bcsId: 2533} | ret=SUCCESS |  
2019-08-28 21:29:40,797 | INFO  | DNAudit | user=null | ip=null | op=WRITE_CHUNK {blockData=conID: 3 locID: 102696732637004294 bcsId: 2533} | ret=SUCCESS |  
2019-08-28 21:29:40,797 | INFO  | DNAudit | user=null | ip=null | op=WRITE_CHUNK {blockData=conID: 3 locID: 102696732637004294 bcsId: 2533} | ret=SUCCESS |  
2019-08-28 21:29:40,808 | INFO  | DNAudit | user=null | ip=null | op=WRITE_CHUNK {blockData=conID: 3 locID: 102696732637004294 bcsId: 2533} | ret=SUCCESS |  
2019-08-28 21:29:40,808 | INFO  | DNAudit | user=null | ip=null | op=PUT_BLOCK {blockData=[blockId=conID: 3 locID: 102696732637004294 bcsId: 0,size=4194304]} | ret=SUCCESS |  
2019-08-28 21:29:40,808 [grpc-default-executor-3] INFO  client.GrpcClientProtocolClient (GrpcClientProtocolClient.java:onNext(255)) - client-05DA20D107F8->b461a7b0-028a-4eb5-b268-b89ac225aff8: receive RaftClientReply:client-05DA20D107F8->b461a7b0-028a-4eb5-b268-b89ac225aff8@group-0C8C0AA7542A, cid=1748, SUCCESS, logIndex=2536, commits[b461a7b0-028a-4eb5-b268-b89ac225aff8:c2537, b6ff45f5-67b8-463b-a273-c2e7d9dadd75:c2534, 6a5cb75f-f7eb-4671-9a85-3b6f7898f6cc:c2534]
2019-08-28 21:29:40,809 [grpc-default-executor-3] INFO  client.GrpcClientProtocolClient (GrpcClientProtocolClient.java:onNext(255)) - client-05DA20D107F8->b461a7b0-028a-4eb5-b268-b89ac225aff8: receive RaftClientReply:client-05DA20D107F8->b461a7b0-028a-4eb5-b268-b89ac225aff8@group-0C8C0AA7542A, cid=1749, SUCCESS, logIndex=2537, commits[b461a7b0-028a-4eb5-b268-b89ac225aff8:c2537, b6ff45f5-67b8-463b-a273-c2e7d9dadd75:c2534, 6a5cb75f-f7eb-4671-9a85-3b6f7898f6cc:c2534]
2019-08-28 21:29:40,819 | INFO  | DNAudit | user=null | ip=null | op=WRITE_CHUNK {blockData=conID: 3 locID: 102696732637004294 bcsId: 2533} | ret=SUCCESS |  
2019-08-28 21:29:40,819 | INFO  | DNAudit | user=null | ip=null | op=WRITE_CHUNK {blockData=conID: 3 locID: 102696732637004294 bcsId: 2533} | ret=SUCCESS |  
2019-08-28 21:29:40,819 | INFO  | DNAudit | user=null | ip=null | op=PUT_BLOCK {blockData=[blockId=conID: 3 locID: 102696732637004294 bcsId: 0,size=4194304]} | ret=SUCCESS |  
2019-08-28 21:29:40,821 | INFO  | DNAudit | user=null | ip=null | op=PUT_BLOCK {blockData=[blockId=conID: 3 locID: 102696732637004294 bcsId: 0,size=4194304]} | ret=SUCCESS |  
2019-08-28 21:29:40,822 [grpc-default-executor-5] INFO  client.GrpcClientProtocolClient (GrpcClientProtocolClient.java:onNext(255)) - client-05DA20D107F8->b461a7b0-028a-4eb5-b268-b89ac225aff8: receive RaftClientReply:client-05DA20D107F8->b461a7b0-028a-4eb5-b268-b89ac225aff8@group-0C8C0AA7542A, cid=1750, SUCCESS, logIndex=0, commits[b461a7b0-028a-4eb5-b268-b89ac225aff8:c2538, b6ff45f5-67b8-463b-a273-c2e7d9dadd75:c2537, 6a5cb75f-f7eb-4671-9a85-3b6f7898f6cc:c2537]
2019-08-28 21:29:40,827 | INFO  | SCMAudit | user=jenkins1000 | ip=127.0.0.1 | op=ALLOCATE_BLOCK {owner=a0140aad-a474-4492-a39d-25bd6167d9f0, size=4194304, type=RATIS, factor=THREE} | ret=SUCCESS |  
2019-08-28 21:29:40,830 | INFO  | OMAudit | user=jenkins1000 | ip=127.0.0.1 | op=ALLOCATE_BLOCK {volume=vol-0-08922, bucket=bucket-0-29862, key=key-0-31337, dataSize=0, replicationType=null, replicationFactor=null, keyLocationInfo=null, clientID=102696731548516754} | ret=SUCCESS |  
2019-08-28 21:29:40,838 | INFO  | DNAudit | user=null | ip=null | op=WRITE_CHUNK {blockData=conID: 1 locID: 102696732644278791 bcsId: 0} | ret=SUCCESS |  
2019-08-28 21:29:40,840 | INFO  | DNAudit | user=null | ip=null | op=WRITE_CHUNK {blockData=conID: 1 locID: 102696732644278791 bcsId: 0} | ret=SUCCESS |  
2019-08-28 21:29:40,841 | INFO  | DNAudit | user=null | ip=null | op=WRITE_CHUNK {blockData=conID: 1 locID: 102696732644278791 bcsId: 0} | ret=SUCCESS |  
2019-08-28 21:29:40,841 | INFO  | DNAudit | user=null | ip=null | op=WRITE_CHUNK {blockData=conID: 1 locID: 102696732644278791 bcsId: 0} | ret=SUCCESS |  
2019-08-28 21:29:40,843 | INFO  | DNAudit | user=null | ip=null | op=WRITE_CHUNK {blockData=conID: 1 locID: 102696732644278791 bcsId: 0} | ret=SUCCESS |  
2019-08-28 21:29:40,843 | INFO  | DNAudit | user=null | ip=null | op=WRITE_CHUNK {blockData=conID: 1 locID: 102696732644278791 bcsId: 0} | ret=SUCCESS |  
2019-08-28 21:29:40,849 | INFO  | DNAudit | user=null | ip=null | op=WRITE_CHUNK {blockData=conID: 1 locID: 102696732644278791 bcsId: 0} | ret=SUCCESS |  
2019-08-28 21:29:40,850 | INFO  | DNAudit | user=null | ip=null | op=PUT_BLOCK {blockData=[blockId=conID: 1 locID: 102696732644278791 bcsId: 0,size=1048576]} | ret=SUCCESS |  
2019-08-28 21:29:40,850 | INFO  | DNAudit | user=null | ip=null | op=WRITE_CHUNK {blockData=conID: 1 locID: 102696732644278791 bcsId: 0} | ret=SUCCESS |  
2019-08-28 21:29:40,850 [grpc-default-executor-5] INFO  client.GrpcClientProtocolClient (GrpcClientProtocolClient.java:onNext(255)) - client-05DA20D107F8->b461a7b0-028a-4eb5-b268-b89ac225aff8: receive RaftClientReply:client-05DA20D107F8->b461a7b0-028a-4eb5-b268-b89ac225aff8@group-0C8C0AA7542A, cid=1751, SUCCESS, logIndex=2540, commits[b461a7b0-028a-4eb5-b268-b89ac225aff8:c2541, b6ff45f5-67b8-463b-a273-c2e7d9dadd75:c2539, 6a5cb75f-f7eb-4671-9a85-3b6f7898f6cc:c2539]
2019-08-28 21:29:40,851 | INFO  | DNAudit | user=null | ip=null | op=PUT_BLOCK {blockData=[blockId=conID: 1 locID: 102696732644278791 bcsId: 0,size=2097152]} | ret=SUCCESS |  
2019-08-28 21:29:40,851 [grpc-default-executor-5] INFO  client.GrpcClientProtocolClient (GrpcClientProtocolClient.java:onNext(255)) - client-05DA20D107F8->b461a7b0-028a-4eb5-b268-b89ac225aff8: receive RaftClientReply:client-05DA20D107F8->b461a7b0-028a-4eb5-b268-b89ac225aff8@group-0C8C0AA7542A, cid=1752, SUCCESS, logIndex=2541, commits[b461a7b0-028a-4eb5-b268-b89ac225aff8:c2543, b6ff45f5-67b8-463b-a273-c2e7d9dadd75:c2539, 6a5cb75f-f7eb-4671-9a85-3b6f7898f6cc:c2539]
2019-08-28 21:29:40,851 [grpc-default-executor-5] INFO  client.GrpcClientProtocolClient (GrpcClientProtocolClient.java:onNext(255)) - client-05DA20D107F8->b461a7b0-028a-4eb5-b268-b89ac225aff8: receive RaftClientReply:client-05DA20D107F8->b461a7b0-028a-4eb5-b268-b89ac225aff8@group-0C8C0AA7542A, cid=1753, SUCCESS, logIndex=2542, commits[b461a7b0-028a-4eb5-b268-b89ac225aff8:c2543, b6ff45f5-67b8-463b-a273-c2e7d9dadd75:c2539, 6a5cb75f-f7eb-4671-9a85-3b6f7898f6cc:c2539]
2019-08-28 21:29:40,851 [grpc-default-executor-5] INFO  client.GrpcClientProtocolClient (GrpcClientProtocolClient.java:onNext(255)) - client-05DA20D107F8->b461a7b0-028a-4eb5-b268-b89ac225aff8: receive RaftClientReply:client-05DA20D107F8->b461a7b0-028a-4eb5-b268-b89ac225aff8@group-0C8C0AA7542A, cid=1754, SUCCESS, logIndex=2543, commits[b461a7b0-028a-4eb5-b268-b89ac225aff8:c2543, b6ff45f5-67b8-463b-a273-c2e7d9dadd75:c2539, 6a5cb75f-f7eb-4671-9a85-3b6f7898f6cc:c2539]
2019-08-28 21:29:40,856 | INFO  | DNAudit | user=null | ip=null | op=WRITE_CHUNK {blockData=conID: 1 locID: 102696732644278791 bcsId: 0} | ret=SUCCESS |  
2019-08-28 21:29:40,856 | INFO  | DNAudit | user=null | ip=null | op=WRITE_CHUNK {blockData=conID: 1 locID: 102696732644278791 bcsId: 0} | ret=SUCCESS |  
2019-08-28 21:29:40,856 | INFO  | DNAudit | user=null | ip=null | op=PUT_BLOCK {blockData=[blockId=conID: 1 locID: 102696732644278791 bcsId: 0,size=1048576]} | ret=SUCCESS |  
2019-08-28 21:29:40,856 | INFO  | DNAudit | user=null | ip=null | op=PUT_BLOCK {blockData=[blockId=conID: 1 locID: 102696732644278791 bcsId: 0,size=1048576]} | ret=SUCCESS |  
2019-08-28 21:29:40,857 [grpc-default-executor-5] INFO  client.GrpcClientProtocolClient (GrpcClientProtocolClient.java:onNext(255)) - client-05DA20D107F8->b461a7b0-028a-4eb5-b268-b89ac225aff8: receive RaftClientReply:client-05DA20D107F8->b461a7b0-028a-4eb5-b268-b89ac225aff8@group-0C8C0AA7542A, cid=1755, SUCCESS, logIndex=0, commits[b461a7b0-028a-4eb5-b268-b89ac225aff8:c2544, b6ff45f5-67b8-463b-a273-c2e7d9dadd75:c2541, 6a5cb75f-f7eb-4671-9a85-3b6f7898f6cc:c2541]
2019-08-28 21:29:40,857 | INFO  | DNAudit | user=null | ip=null | op=WRITE_CHUNK {blockData=conID: 1 locID: 102696732644278791 bcsId: 0} | ret=SUCCESS |  
2019-08-28 21:29:40,857 | INFO  | DNAudit | user=null | ip=null | op=PUT_BLOCK {blockData=[blockId=conID: 1 locID: 102696732644278791 bcsId: 0,size=2097152]} | ret=SUCCESS |  
2019-08-28 21:29:40,858 | INFO  | DNAudit | user=null | ip=null | op=WRITE_CHUNK {blockData=conID: 1 locID: 102696732644278791 bcsId: 0} | ret=SUCCESS |  
2019-08-28 21:29:40,858 | INFO  | DNAudit | user=null | ip=null | op=PUT_BLOCK {blockData=[blockId=conID: 1 locID: 102696732644278791 bcsId: 0,size=2097152]} | ret=SUCCESS |  
2019-08-28 21:29:40,864 | INFO  | DNAudit | user=null | ip=null | op=WRITE_CHUNK {blockData=conID: 1 locID: 102696732644278791 bcsId: 2543} | ret=SUCCESS |  
2019-08-28 21:29:40,867 | INFO  | DNAudit | user=null | ip=null | op=WRITE_CHUNK {blockData=conID: 1 locID: 102696732644278791 bcsId: 2543} | ret=SUCCESS |  
2019-08-28 21:29:40,867 | INFO  | DNAudit | user=null | ip=null | op=WRITE_CHUNK {blockData=conID: 1 locID: 102696732644278791 bcsId: 2543} | ret=SUCCESS |  
2019-08-28 21:29:40,883 | INFO  | DNAudit | user=null | ip=null | op=WRITE_CHUNK {blockData=conID: 1 locID: 102696732644278791 bcsId: 2543} | ret=SUCCESS |  
2019-08-28 21:29:40,883 | INFO  | DNAudit | user=null | ip=null | op=PUT_BLOCK {blockData=[blockId=conID: 1 locID: 102696732644278791 bcsId: 0,size=3145728]} | ret=SUCCESS |  
2019-08-28 21:29:40,883 [grpc-default-executor-3] INFO  client.GrpcClientProtocolClient (GrpcClientProtocolClient.java:onNext(255)) - client-05DA20D107F8->b461a7b0-028a-4eb5-b268-b89ac225aff8: receive RaftClientReply:client-05DA20D107F8->b461a7b0-028a-4eb5-b268-b89ac225aff8@group-0C8C0AA7542A, cid=1756, SUCCESS, logIndex=2548, commits[b461a7b0-028a-4eb5-b268-b89ac225aff8:c2549, b6ff45f5-67b8-463b-a273-c2e7d9dadd75:c2547, 6a5cb75f-f7eb-4671-9a85-3b6f7898f6cc:c2547]
2019-08-28 21:29:40,884 [grpc-default-executor-3] INFO  client.GrpcClientProtocolClient (GrpcClientProtocolClient.java:onNext(255)) - client-05DA20D107F8->b461a7b0-028a-4eb5-b268-b89ac225aff8: receive RaftClientReply:client-05DA20D107F8->b461a7b0-028a-4eb5-b268-b89ac225aff8@group-0C8C0AA7542A, cid=1757, SUCCESS, logIndex=2549, commits[b461a7b0-028a-4eb5-b268-b89ac225aff8:c2549, b6ff45f5-67b8-463b-a273-c2e7d9dadd75:c2547, 6a5cb75f-f7eb-4671-9a85-3b6f7898f6cc:c2547]
2019-08-28 21:29:40,892 | INFO  | DNAudit | user=null | ip=null | op=WRITE_CHUNK {blockData=conID: 1 locID: 102696732644278791 bcsId: 2543} | ret=SUCCESS |  
2019-08-28 21:29:40,893 | INFO  | DNAudit | user=null | ip=null | op=WRITE_CHUNK {blockData=conID: 1 locID: 102696732644278791 bcsId: 2543} | ret=SUCCESS |  
2019-08-28 21:29:40,893 | INFO  | DNAudit | user=null | ip=null | op=PUT_BLOCK {blockData=[blockId=conID: 1 locID: 102696732644278791 bcsId: 0,size=3145728]} | ret=SUCCESS |  
2019-08-28 21:29:40,893 | INFO  | DNAudit | user=null | ip=null | op=PUT_BLOCK {blockData=[blockId=conID: 1 locID: 102696732644278791 bcsId: 0,size=3145728]} | ret=SUCCESS |  
2019-08-28 21:29:40,894 | INFO  | DNAudit | user=null | ip=null | op=WRITE_CHUNK {blockData=conID: 1 locID: 102696732644278791 bcsId: 2549} | ret=SUCCESS |  
2019-08-28 21:29:40,897 | INFO  | DNAudit | user=null | ip=null | op=WRITE_CHUNK {blockData=conID: 1 locID: 102696732644278791 bcsId: 2549} | ret=SUCCESS |  
2019-08-28 21:29:40,898 | INFO  | DNAudit | user=null | ip=null | op=WRITE_CHUNK {blockData=conID: 1 locID: 102696732644278791 bcsId: 2549} | ret=SUCCESS |  
2019-08-28 21:29:40,909 | INFO  | DNAudit | user=null | ip=null | op=WRITE_CHUNK {blockData=conID: 1 locID: 102696732644278791 bcsId: 2549} | ret=SUCCESS |  
2019-08-28 21:29:40,910 | INFO  | DNAudit | user=null | ip=null | op=PUT_BLOCK {blockData=[blockId=conID: 1 locID: 102696732644278791 bcsId: 0,size=4194304]} | ret=SUCCESS |  
2019-08-28 21:29:40,910 [grpc-default-executor-5] INFO  client.GrpcClientProtocolClient (GrpcClientProtocolClient.java:onNext(255)) - client-05DA20D107F8->b461a7b0-028a-4eb5-b268-b89ac225aff8: receive RaftClientReply:client-05DA20D107F8->b461a7b0-028a-4eb5-b268-b89ac225aff8@group-0C8C0AA7542A, cid=1758, SUCCESS, logIndex=2552, commits[b461a7b0-028a-4eb5-b268-b89ac225aff8:c2553, b6ff45f5-67b8-463b-a273-c2e7d9dadd75:c2549, 6a5cb75f-f7eb-4671-9a85-3b6f7898f6cc:c2549]
2019-08-28 21:29:40,910 [grpc-default-executor-5] INFO  client.GrpcClientProtocolClient (GrpcClientProtocolClient.java:onNext(255)) - client-05DA20D107F8->b461a7b0-028a-4eb5-b268-b89ac225aff8: receive RaftClientReply:client-05DA20D107F8->b461a7b0-028a-4eb5-b268-b89ac225aff8@group-0C8C0AA7542A, cid=1759, SUCCESS, logIndex=2553, commits[b461a7b0-028a-4eb5-b268-b89ac225aff8:c2553, b6ff45f5-67b8-463b-a273-c2e7d9dadd75:c2549, 6a5cb75f-f7eb-4671-9a85-3b6f7898f6cc:c2549]
2019-08-28 21:29:40,918 | INFO  | DNAudit | user=null | ip=null | op=WRITE_CHUNK {blockData=conID: 1 locID: 102696732644278791 bcsId: 2549} | ret=SUCCESS |  
2019-08-28 21:29:40,918 | INFO  | DNAudit | user=null | ip=null | op=PUT_BLOCK {blockData=[blockId=conID: 1 locID: 102696732644278791 bcsId: 0,size=4194304]} | ret=SUCCESS |  
2019-08-28 21:29:40,918 | INFO  | DNAudit | user=null | ip=null | op=WRITE_CHUNK {blockData=conID: 1 locID: 102696732644278791 bcsId: 2549} | ret=SUCCESS |  
2019-08-28 21:29:40,919 | INFO  | DNAudit | user=null | ip=null | op=PUT_BLOCK {blockData=[blockId=conID: 1 locID: 102696732644278791 bcsId: 0,size=4194304]} | ret=SUCCESS |  
2019-08-28 21:29:40,919 [grpc-default-executor-5] INFO  client.GrpcClientProtocolClient (GrpcClientProtocolClient.java:onNext(255)) - client-05DA20D107F8->b461a7b0-028a-4eb5-b268-b89ac225aff8: receive RaftClientReply:client-05DA20D107F8->b461a7b0-028a-4eb5-b268-b89ac225aff8@group-0C8C0AA7542A, cid=1760, SUCCESS, logIndex=0, commits[b461a7b0-028a-4eb5-b268-b89ac225aff8:c2554, b6ff45f5-67b8-463b-a273-c2e7d9dadd75:c2553, 6a5cb75f-f7eb-4671-9a85-3b6f7898f6cc:c2553]
2019-08-28 21:29:40,924 | INFO  | SCMAudit | user=jenkins1000 | ip=127.0.0.1 | op=ALLOCATE_BLOCK {owner=a0140aad-a474-4492-a39d-25bd6167d9f0, size=4194304, type=RATIS, factor=THREE} | ret=SUCCESS |  
2019-08-28 21:29:40,927 | INFO  | OMAudit | user=jenkins1000 | ip=127.0.0.1 | op=ALLOCATE_BLOCK {volume=vol-0-08922, bucket=bucket-0-29862, key=key-0-31337, dataSize=0, replicationType=null, replicationFactor=null, keyLocationInfo=null, clientID=102696731548516754} | ret=SUCCESS |  
2019-08-28 21:29:40,937 | INFO  | DNAudit | user=null | ip=null | op=WRITE_CHUNK {blockData=conID: 2 locID: 102696732650635784 bcsId: 0} | ret=SUCCESS |  
2019-08-28 21:29:41,102 | INFO  | SCMAudit | user=jenkins1000 | ip=192.168.36.107 | op=SEND_HEARTBEAT {datanodeUUID=6a5cb75f-f7eb-4671-9a85-3b6f7898f6cc, command=[]} | ret=SUCCESS |  
2019-08-28 21:29:41,102 | INFO  | DNAudit | user=null | ip=null | op=WRITE_CHUNK {blockData=conID: 2 locID: 102696732650635784 bcsId: 0} | ret=SUCCESS |  
2019-08-28 21:29:41,102 | INFO  | SCMAudit | user=jenkins1000 | ip=192.168.36.107 | op=SEND_HEARTBEAT {datanodeUUID=b461a7b0-028a-4eb5-b268-b89ac225aff8, command=[]} | ret=SUCCESS |  
2019-08-28 21:29:41,103 | INFO  | SCMAudit | user=jenkins1000 | ip=192.168.36.107 | op=SEND_HEARTBEAT {datanodeUUID=b6ff45f5-67b8-463b-a273-c2e7d9dadd75, command=[]} | ret=SUCCESS |  
2019-08-28 21:29:41,105 | INFO  | DNAudit | user=null | ip=null | op=WRITE_CHUNK {blockData=conID: 2 locID: 102696732650635784 bcsId: 0} | ret=SUCCESS |  
2019-08-28 21:29:41,106 | INFO  | DNAudit | user=null | ip=null | op=WRITE_CHUNK {blockData=conID: 2 locID: 102696732650635784 bcsId: 0} | ret=SUCCESS |  
2019-08-28 21:29:41,108 | INFO  | DNAudit | user=null | ip=null | op=WRITE_CHUNK {blockData=conID: 2 locID: 102696732650635784 bcsId: 0} | ret=SUCCESS |  
2019-08-28 21:29:41,109 | INFO  | DNAudit | user=null | ip=null | op=WRITE_CHUNK {blockData=conID: 2 locID: 102696732650635784 bcsId: 0} | ret=SUCCESS |  
2019-08-28 21:29:41,115 | INFO  | DNAudit | user=null | ip=null | op=WRITE_CHUNK {blockData=conID: 2 locID: 102696732650635784 bcsId: 0} | ret=SUCCESS |  
2019-08-28 21:29:41,115 | INFO  | DNAudit | user=null | ip=null | op=PUT_BLOCK {blockData=[blockId=conID: 2 locID: 102696732650635784 bcsId: 0,size=1048576]} | ret=SUCCESS |  
2019-08-28 21:29:41,116 [grpc-default-executor-6] INFO  client.GrpcClientProtocolClient (GrpcClientProtocolClient.java:onNext(255)) - client-05DA20D107F8->b461a7b0-028a-4eb5-b268-b89ac225aff8: receive RaftClientReply:client-05DA20D107F8->b461a7b0-028a-4eb5-b268-b89ac225aff8@group-0C8C0AA7542A, cid=1761, SUCCESS, logIndex=2556, commits[b461a7b0-028a-4eb5-b268-b89ac225aff8:c2557, b6ff45f5-67b8-463b-a273-c2e7d9dadd75:c2555, 6a5cb75f-f7eb-4671-9a85-3b6f7898f6cc:c2555]
2019-08-28 21:29:41,116 [grpc-default-executor-6] INFO  client.GrpcClientProtocolClient (GrpcClientProtocolClient.java:onNext(255)) - client-05DA20D107F8->b461a7b0-028a-4eb5-b268-b89ac225aff8: receive RaftClientReply:client-05DA20D107F8->b461a7b0-028a-4eb5-b268-b89ac225aff8@group-0C8C0AA7542A, cid=1762, SUCCESS, logIndex=2557, commits[b461a7b0-028a-4eb5-b268-b89ac225aff8:c2557, b6ff45f5-67b8-463b-a273-c2e7d9dadd75:c2555, 6a5cb75f-f7eb-4671-9a85-3b6f7898f6cc:c2555]
2019-08-28 21:29:41,123 | INFO  | DNAudit | user=null | ip=null | op=WRITE_CHUNK {blockData=conID: 2 locID: 102696732650635784 bcsId: 0} | ret=SUCCESS |  
2019-08-28 21:29:41,123 | INFO  | DNAudit | user=null | ip=null | op=PUT_BLOCK {blockData=[blockId=conID: 2 locID: 102696732650635784 bcsId: 0,size=2097152]} | ret=SUCCESS |  
2019-08-28 21:29:41,124 [grpc-default-executor-6] INFO  client.GrpcClientProtocolClient (GrpcClientProtocolClient.java:onNext(255)) - client-05DA20D107F8->b461a7b0-028a-4eb5-b268-b89ac225aff8: receive RaftClientReply:client-05DA20D107F8->b461a7b0-028a-4eb5-b268-b89ac225aff8@group-0C8C0AA7542A, cid=1763, SUCCESS, logIndex=2558, commits[b461a7b0-028a-4eb5-b268-b89ac225aff8:c2559, b6ff45f5-67b8-463b-a273-c2e7d9dadd75:c2555, 6a5cb75f-f7eb-4671-9a85-3b6f7898f6cc:c2555]
2019-08-28 21:29:41,124 [grpc-default-executor-6] INFO  client.GrpcClientProtocolClient (GrpcClientProtocolClient.java:onNext(255)) - client-05DA20D107F8->b461a7b0-028a-4eb5-b268-b89ac225aff8: receive RaftClientReply:client-05DA20D107F8->b461a7b0-028a-4eb5-b268-b89ac225aff8@group-0C8C0AA7542A, cid=1764, SUCCESS, logIndex=2559, commits[b461a7b0-028a-4eb5-b268-b89ac225aff8:c2559, b6ff45f5-67b8-463b-a273-c2e7d9dadd75:c2555, 6a5cb75f-f7eb-4671-9a85-3b6f7898f6cc:c2555]
2019-08-28 21:29:41,131 | INFO  | DNAudit | user=null | ip=null | op=WRITE_CHUNK {blockData=conID: 2 locID: 102696732650635784 bcsId: 0} | ret=SUCCESS |  
2019-08-28 21:29:41,131 | INFO  | DNAudit | user=null | ip=null | op=PUT_BLOCK {blockData=[blockId=conID: 2 locID: 102696732650635784 bcsId: 0,size=1048576]} | ret=SUCCESS |  
2019-08-28 21:29:41,132 | INFO  | DNAudit | user=null | ip=null | op=WRITE_CHUNK {blockData=conID: 2 locID: 102696732650635784 bcsId: 0} | ret=SUCCESS |  
2019-08-28 21:29:41,132 | INFO  | DNAudit | user=null | ip=null | op=PUT_BLOCK {blockData=[blockId=conID: 2 locID: 102696732650635784 bcsId: 0,size=1048576]} | ret=SUCCESS |  
2019-08-28 21:29:41,132 | INFO  | DNAudit | user=null | ip=null | op=WRITE_CHUNK {blockData=conID: 2 locID: 102696732650635784 bcsId: 0} | ret=SUCCESS |  
2019-08-28 21:29:41,132 | INFO  | DNAudit | user=null | ip=null | op=PUT_BLOCK {blockData=[blockId=conID: 2 locID: 102696732650635784 bcsId: 0,size=2097152]} | ret=SUCCESS |  
2019-08-28 21:29:41,133 [grpc-default-executor-6] INFO  client.GrpcClientProtocolClient (GrpcClientProtocolClient.java:onNext(255)) - client-05DA20D107F8->b461a7b0-028a-4eb5-b268-b89ac225aff8: receive RaftClientReply:client-05DA20D107F8->b461a7b0-028a-4eb5-b268-b89ac225aff8@group-0C8C0AA7542A, cid=1765, SUCCESS, logIndex=0, commits[b461a7b0-028a-4eb5-b268-b89ac225aff8:c2561, b6ff45f5-67b8-463b-a273-c2e7d9dadd75:c2557, 6a5cb75f-f7eb-4671-9a85-3b6f7898f6cc:c2557]
2019-08-28 21:29:41,133 | INFO  | DNAudit | user=null | ip=null | op=WRITE_CHUNK {blockData=conID: 2 locID: 102696732650635784 bcsId: 0} | ret=SUCCESS |  
2019-08-28 21:29:41,134 | INFO  | DNAudit | user=null | ip=null | op=PUT_BLOCK {blockData=[blockId=conID: 2 locID: 102696732650635784 bcsId: 0,size=2097152]} | ret=SUCCESS |  
2019-08-28 21:29:41,140 | INFO  | DNAudit | user=null | ip=null | op=WRITE_CHUNK {blockData=conID: 2 locID: 102696732650635784 bcsId: 2559} | ret=SUCCESS |  
2019-08-28 21:29:41,143 | INFO  | DNAudit | user=null | ip=null | op=WRITE_CHUNK {blockData=conID: 2 locID: 102696732650635784 bcsId: 2559} | ret=SUCCESS |  
2019-08-28 21:29:41,143 | INFO  | DNAudit | user=null | ip=null | op=WRITE_CHUNK {blockData=conID: 2 locID: 102696732650635784 bcsId: 2559} | ret=SUCCESS |  
2019-08-28 21:29:41,145 | INFO  | DNAudit | user=null | ip=null | op=WRITE_CHUNK {blockData=conID: 2 locID: 102696732650635784 bcsId: 2559} | ret=SUCCESS |  
2019-08-28 21:29:41,146 | INFO  | DNAudit | user=null | ip=null | op=PUT_BLOCK {blockData=[blockId=conID: 2 locID: 102696732650635784 bcsId: 0,size=3145728]} | ret=SUCCESS |  
2019-08-28 21:29:41,146 [grpc-default-executor-2] INFO  client.GrpcClientProtocolClient (GrpcClientProtocolClient.java:onNext(255)) - client-05DA20D107F8->b461a7b0-028a-4eb5-b268-b89ac225aff8: receive RaftClientReply:client-05DA20D107F8->b461a7b0-028a-4eb5-b268-b89ac225aff8@group-0C8C0AA7542A, cid=1766, SUCCESS, logIndex=2564, commits[b461a7b0-028a-4eb5-b268-b89ac225aff8:c2565, b6ff45f5-67b8-463b-a273-c2e7d9dadd75:c2563, 6a5cb75f-f7eb-4671-9a85-3b6f7898f6cc:c2563]
2019-08-28 21:29:41,147 [grpc-default-executor-2] INFO  client.GrpcClientProtocolClient (GrpcClientProtocolClient.java:onNext(255)) - client-05DA20D107F8->b461a7b0-028a-4eb5-b268-b89ac225aff8: receive RaftClientReply:client-05DA20D107F8->b461a7b0-028a-4eb5-b268-b89ac225aff8@group-0C8C0AA7542A, cid=1767, SUCCESS, logIndex=2565, commits[b461a7b0-028a-4eb5-b268-b89ac225aff8:c2565, b6ff45f5-67b8-463b-a273-c2e7d9dadd75:c2563, 6a5cb75f-f7eb-4671-9a85-3b6f7898f6cc:c2563]
2019-08-28 21:29:41,151 | INFO  | DNAudit | user=null | ip=null | op=WRITE_CHUNK {blockData=conID: 2 locID: 102696732650635784 bcsId: 2559} | ret=SUCCESS |  
2019-08-28 21:29:41,151 | INFO  | DNAudit | user=null | ip=null | op=WRITE_CHUNK {blockData=conID: 2 locID: 102696732650635784 bcsId: 2559} | ret=SUCCESS |  
2019-08-28 21:29:41,152 | INFO  | DNAudit | user=null | ip=null | op=PUT_BLOCK {blockData=[blockId=conID: 2 locID: 102696732650635784 bcsId: 0,size=3145728]} | ret=SUCCESS |  
2019-08-28 21:29:41,152 | INFO  | DNAudit | user=null | ip=null | op=PUT_BLOCK {blockData=[blockId=conID: 2 locID: 102696732650635784 bcsId: 0,size=3145728]} | ret=SUCCESS |  
2019-08-28 21:29:41,155 | INFO  | DNAudit | user=null | ip=null | op=WRITE_CHUNK {blockData=conID: 2 locID: 102696732650635784 bcsId: 2565} | ret=SUCCESS |  
2019-08-28 21:29:41,157 | INFO  | DNAudit | user=null | ip=null | op=WRITE_CHUNK {blockData=conID: 2 locID: 102696732650635784 bcsId: 2565} | ret=SUCCESS |  
2019-08-28 21:29:41,157 | INFO  | DNAudit | user=null | ip=null | op=WRITE_CHUNK {blockData=conID: 2 locID: 102696732650635784 bcsId: 2565} | ret=SUCCESS |  
2019-08-28 21:29:41,178 | INFO  | DNAudit | user=null | ip=null | op=WRITE_CHUNK {blockData=conID: 2 locID: 102696732650635784 bcsId: 2565} | ret=SUCCESS |  
2019-08-28 21:29:41,178 | INFO  | DNAudit | user=null | ip=null | op=PUT_BLOCK {blockData=[blockId=conID: 2 locID: 102696732650635784 bcsId: 0,size=4194304]} | ret=SUCCESS |  
2019-08-28 21:29:41,178 [grpc-default-executor-6] INFO  client.GrpcClientProtocolClient (GrpcClientProtocolClient.java:onNext(255)) - client-05DA20D107F8->b461a7b0-028a-4eb5-b268-b89ac225aff8: receive RaftClientReply:client-05DA20D107F8->b461a7b0-028a-4eb5-b268-b89ac225aff8@group-0C8C0AA7542A, cid=1768, SUCCESS, logIndex=2568, commits[b461a7b0-028a-4eb5-b268-b89ac225aff8:c2569, b6ff45f5-67b8-463b-a273-c2e7d9dadd75:c2567, 6a5cb75f-f7eb-4671-9a85-3b6f7898f6cc:c2567]
2019-08-28 21:29:41,179 [grpc-default-executor-6] INFO  client.GrpcClientProtocolClient (GrpcClientProtocolClient.java:onNext(255)) - client-05DA20D107F8->b461a7b0-028a-4eb5-b268-b89ac225aff8: receive RaftClientReply:client-05DA20D107F8->b461a7b0-028a-4eb5-b268-b89ac225aff8@group-0C8C0AA7542A, cid=1769, SUCCESS, logIndex=2569, commits[b461a7b0-028a-4eb5-b268-b89ac225aff8:c2569, b6ff45f5-67b8-463b-a273-c2e7d9dadd75:c2567, 6a5cb75f-f7eb-4671-9a85-3b6f7898f6cc:c2567]
2019-08-28 21:29:41,184 | INFO  | DNAudit | user=null | ip=null | op=WRITE_CHUNK {blockData=conID: 2 locID: 102696732650635784 bcsId: 2565} | ret=SUCCESS |  
2019-08-28 21:29:41,184 | INFO  | DNAudit | user=null | ip=null | op=WRITE_CHUNK {blockData=conID: 2 locID: 102696732650635784 bcsId: 2565} | ret=SUCCESS |  
2019-08-28 21:29:41,185 | INFO  | DNAudit | user=null | ip=null | op=PUT_BLOCK {blockData=[blockId=conID: 2 locID: 102696732650635784 bcsId: 0,size=4194304]} | ret=SUCCESS |  
2019-08-28 21:29:41,185 | INFO  | DNAudit | user=null | ip=null | op=PUT_BLOCK {blockData=[blockId=conID: 2 locID: 102696732650635784 bcsId: 0,size=4194304]} | ret=SUCCESS |  
2019-08-28 21:29:41,187 [grpc-default-executor-6] INFO  client.GrpcClientProtocolClient (GrpcClientProtocolClient.java:onNext(255)) - client-05DA20D107F8->b461a7b0-028a-4eb5-b268-b89ac225aff8: receive RaftClientReply:client-05DA20D107F8->b461a7b0-028a-4eb5-b268-b89ac225aff8@group-0C8C0AA7542A, cid=1770, SUCCESS, logIndex=0, commits[b461a7b0-028a-4eb5-b268-b89ac225aff8:c2571, b6ff45f5-67b8-463b-a273-c2e7d9dadd75:c2569, 6a5cb75f-f7eb-4671-9a85-3b6f7898f6cc:c2569]
2019-08-28 21:29:41,193 | INFO  | SCMAudit | user=jenkins1000 | ip=127.0.0.1 | op=ALLOCATE_BLOCK {owner=a0140aad-a474-4492-a39d-25bd6167d9f0, size=4194304, type=RATIS, factor=THREE} | ret=SUCCESS |  
2019-08-28 21:29:41,197 | INFO  | OMAudit | user=jenkins1000 | ip=127.0.0.1 | op=ALLOCATE_BLOCK {volume=vol-0-08922, bucket=bucket-0-29862, key=key-0-31337, dataSize=0, replicationType=null, replicationFactor=null, keyLocationInfo=null, clientID=102696731548516754} | ret=SUCCESS |  
2019-08-28 21:29:41,205 | INFO  | DNAudit | user=null | ip=null | op=WRITE_CHUNK {blockData=conID: 3 locID: 102696732668264969 bcsId: 0} | ret=SUCCESS |  
2019-08-28 21:29:41,207 | INFO  | DNAudit | user=null | ip=null | op=WRITE_CHUNK {blockData=conID: 3 locID: 102696732668264969 bcsId: 0} | ret=SUCCESS |  
2019-08-28 21:29:41,208 | INFO  | DNAudit | user=null | ip=null | op=WRITE_CHUNK {blockData=conID: 3 locID: 102696732668264969 bcsId: 0} | ret=SUCCESS |  
 0.00% |█                                                                                                    |  0/1 Time: 0:00:172019-08-28 21:29:41,208 | INFO  | DNAudit | user=null | ip=null | op=WRITE_CHUNK {blockData=conID: 3 locID: 102696732668264969 bcsId: 0} | ret=SUCCESS |  
2019-08-28 21:29:41,211 | INFO  | DNAudit | user=null | ip=null | op=WRITE_CHUNK {blockData=conID: 3 locID: 102696732668264969 bcsId: 0} | ret=SUCCESS |  
2019-08-28 21:29:41,211 | INFO  | DNAudit | user=null | ip=null | op=WRITE_CHUNK {blockData=conID: 3 locID: 102696732668264969 bcsId: 0} | ret=SUCCESS |  
2019-08-28 21:29:41,233 | INFO  | DNAudit | user=null | ip=null | op=WRITE_CHUNK {blockData=conID: 3 locID: 102696732668264969 bcsId: 0} | ret=SUCCESS |  
2019-08-28 21:29:41,233 | INFO  | DNAudit | user=null | ip=null | op=PUT_BLOCK {blockData=[blockId=conID: 3 locID: 102696732668264969 bcsId: 0,size=1048576]} | ret=SUCCESS |  
2019-08-28 21:29:41,234 [grpc-default-executor-6] INFO  client.GrpcClientProtocolClient (GrpcClientProtocolClient.java:onNext(255)) - client-05DA20D107F8->b461a7b0-028a-4eb5-b268-b89ac225aff8: receive RaftClientReply:client-05DA20D107F8->b461a7b0-028a-4eb5-b268-b89ac225aff8@group-0C8C0AA7542A, cid=1771, SUCCESS, logIndex=2572, commits[b461a7b0-028a-4eb5-b268-b89ac225aff8:c2573, b6ff45f5-67b8-463b-a273-c2e7d9dadd75:c2571, 6a5cb75f-f7eb-4671-9a85-3b6f7898f6cc:c2571]
2019-08-28 21:29:41,234 [grpc-default-executor-6] INFO  client.GrpcClientProtocolClient (GrpcClientProtocolClient.java:onNext(255)) - client-05DA20D107F8->b461a7b0-028a-4eb5-b268-b89ac225aff8: receive RaftClientReply:client-05DA20D107F8->b461a7b0-028a-4eb5-b268-b89ac225aff8@group-0C8C0AA7542A, cid=1772, SUCCESS, logIndex=2573, commits[b461a7b0-028a-4eb5-b268-b89ac225aff8:c2573, b6ff45f5-67b8-463b-a273-c2e7d9dadd75:c2571, 6a5cb75f-f7eb-4671-9a85-3b6f7898f6cc:c2571]
2019-08-28 21:29:41,243 | INFO  | DNAudit | user=null | ip=null | op=WRITE_CHUNK {blockData=conID: 3 locID: 102696732668264969 bcsId: 0} | ret=SUCCESS |  
2019-08-28 21:29:41,243 | INFO  | DNAudit | user=null | ip=null | op=PUT_BLOCK {blockData=[blockId=conID: 3 locID: 102696732668264969 bcsId: 0,size=2097152]} | ret=SUCCESS |  
2019-08-28 21:29:41,243 [grpc-default-executor-5] INFO  client.GrpcClientProtocolClient (GrpcClientProtocolClient.java:onNext(255)) - client-05DA20D107F8->b461a7b0-028a-4eb5-b268-b89ac225aff8: receive RaftClientReply:client-05DA20D107F8->b461a7b0-028a-4eb5-b268-b89ac225aff8@group-0C8C0AA7542A, cid=1773, SUCCESS, logIndex=2574, commits[b461a7b0-028a-4eb5-b268-b89ac225aff8:c2575, b6ff45f5-67b8-463b-a273-c2e7d9dadd75:c2571, 6a5cb75f-f7eb-4671-9a85-3b6f7898f6cc:c2571]
2019-08-28 21:29:41,244 [grpc-default-executor-5] INFO  client.GrpcClientProtocolClient (GrpcClientProtocolClient.java:onNext(255)) - client-05DA20D107F8->b461a7b0-028a-4eb5-b268-b89ac225aff8: receive RaftClientReply:client-05DA20D107F8->b461a7b0-028a-4eb5-b268-b89ac225aff8@group-0C8C0AA7542A, cid=1774, SUCCESS, logIndex=2575, commits[b461a7b0-028a-4eb5-b268-b89ac225aff8:c2575, b6ff45f5-67b8-463b-a273-c2e7d9dadd75:c2571, 6a5cb75f-f7eb-4671-9a85-3b6f7898f6cc:c2571]
2019-08-28 21:29:41,249 | INFO  | DNAudit | user=null | ip=null | op=WRITE_CHUNK {blockData=conID: 3 locID: 102696732668264969 bcsId: 0} | ret=SUCCESS |  
2019-08-28 21:29:41,249 | INFO  | DNAudit | user=null | ip=null | op=WRITE_CHUNK {blockData=conID: 3 locID: 102696732668264969 bcsId: 0} | ret=SUCCESS |  
2019-08-28 21:29:41,250 | INFO  | DNAudit | user=null | ip=null | op=PUT_BLOCK {blockData=[blockId=conID: 3 locID: 102696732668264969 bcsId: 0,size=1048576]} | ret=SUCCESS |  
2019-08-28 21:29:41,250 | INFO  | DNAudit | user=null | ip=null | op=PUT_BLOCK {blockData=[blockId=conID: 3 locID: 102696732668264969 bcsId: 0,size=1048576]} | ret=SUCCESS |  
2019-08-28 21:29:41,250 [grpc-default-executor-6] INFO  client.GrpcClientProtocolClient (GrpcClientProtocolClient.java:onNext(255)) - client-05DA20D107F8->b461a7b0-028a-4eb5-b268-b89ac225aff8: receive RaftClientReply:client-05DA20D107F8->b461a7b0-028a-4eb5-b268-b89ac225aff8@group-0C8C0AA7542A, cid=1775, SUCCESS, logIndex=0, commits[b461a7b0-028a-4eb5-b268-b89ac225aff8:c2577, b6ff45f5-67b8-463b-a273-c2e7d9dadd75:c2573, 6a5cb75f-f7eb-4671-9a85-3b6f7898f6cc:c2573]
2019-08-28 21:29:41,256 | INFO  | DNAudit | user=null | ip=null | op=WRITE_CHUNK {blockData=conID: 3 locID: 102696732668264969 bcsId: 0} | ret=SUCCESS |  
2019-08-28 21:29:41,257 | INFO  | DNAudit | user=null | ip=null | op=PUT_BLOCK {blockData=[blockId=conID: 3 locID: 102696732668264969 bcsId: 0,size=2097152]} | ret=SUCCESS |  
2019-08-28 21:29:41,257 | INFO  | DNAudit | user=null | ip=null | op=WRITE_CHUNK {blockData=conID: 3 locID: 102696732668264969 bcsId: 0} | ret=SUCCESS |  
2019-08-28 21:29:41,257 | INFO  | DNAudit | user=null | ip=null | op=PUT_BLOCK {blockData=[blockId=conID: 3 locID: 102696732668264969 bcsId: 0,size=2097152]} | ret=SUCCESS |  
2019-08-28 21:29:41,258 | INFO  | DNAudit | user=null | ip=null | op=WRITE_CHUNK {blockData=conID: 3 locID: 102696732668264969 bcsId: 2575} | ret=SUCCESS |  
2019-08-28 21:29:41,260 | INFO  | DNAudit | user=null | ip=null | op=WRITE_CHUNK {blockData=conID: 3 locID: 102696732668264969 bcsId: 2575} | ret=SUCCESS |  
2019-08-28 21:29:41,261 | INFO  | DNAudit | user=null | ip=null | op=WRITE_CHUNK {blockData=conID: 3 locID: 102696732668264969 bcsId: 2575} | ret=SUCCESS |  
2019-08-28 21:29:41,265 | INFO  | DNAudit | user=null | ip=null | op=WRITE_CHUNK {blockData=conID: 3 locID: 102696732668264969 bcsId: 2575} | ret=SUCCESS |  
2019-08-28 21:29:41,265 | INFO  | DNAudit | user=null | ip=null | op=PUT_BLOCK {blockData=[blockId=conID: 3 locID: 102696732668264969 bcsId: 0,size=3145728]} | ret=SUCCESS |  
2019-08-28 21:29:41,266 [grpc-default-executor-3] INFO  client.GrpcClientProtocolClient (GrpcClientProtocolClient.java:onNext(255)) - client-05DA20D107F8->b461a7b0-028a-4eb5-b268-b89ac225aff8: receive RaftClientReply:client-05DA20D107F8->b461a7b0-028a-4eb5-b268-b89ac225aff8@group-0C8C0AA7542A, cid=1776, SUCCESS, logIndex=2580, commits[b461a7b0-028a-4eb5-b268-b89ac225aff8:c2581, b6ff45f5-67b8-463b-a273-c2e7d9dadd75:c2577, 6a5cb75f-f7eb-4671-9a85-3b6f7898f6cc:c2577]
2019-08-28 21:29:41,266 [grpc-default-executor-3] INFO  client.GrpcClientProtocolClient (GrpcClientProtocolClient.java:onNext(255)) - client-05DA20D107F8->b461a7b0-028a-4eb5-b268-b89ac225aff8: receive RaftClientReply:client-05DA20D107F8->b461a7b0-028a-4eb5-b268-b89ac225aff8@group-0C8C0AA7542A, cid=1777, SUCCESS, logIndex=2581, commits[b461a7b0-028a-4eb5-b268-b89ac225aff8:c2581, b6ff45f5-67b8-463b-a273-c2e7d9dadd75:c2577, 6a5cb75f-f7eb-4671-9a85-3b6f7898f6cc:c2577]
2019-08-28 21:29:41,273 | INFO  | DNAudit | user=null | ip=null | op=WRITE_CHUNK {blockData=conID: 3 locID: 102696732668264969 bcsId: 2575} | ret=SUCCESS |  
2019-08-28 21:29:41,273 | INFO  | DNAudit | user=null | ip=null | op=WRITE_CHUNK {blockData=conID: 3 locID: 102696732668264969 bcsId: 2575} | ret=SUCCESS |  
2019-08-28 21:29:41,273 | INFO  | DNAudit | user=null | ip=null | op=WRITE_CHUNK {blockData=conID: 3 locID: 102696732668264969 bcsId: 2581} | ret=SUCCESS |  
2019-08-28 21:29:41,275 | INFO  | DNAudit | user=null | ip=null | op=WRITE_CHUNK {blockData=conID: 3 locID: 102696732668264969 bcsId: 2581} | ret=SUCCESS |  
2019-08-28 21:29:41,275 | INFO  | DNAudit | user=null | ip=null | op=WRITE_CHUNK {blockData=conID: 3 locID: 102696732668264969 bcsId: 2581} | ret=SUCCESS |  
2019-08-28 21:29:41,280 | INFO  | DNAudit | user=null | ip=null | op=PUT_BLOCK {blockData=[blockId=conID: 3 locID: 102696732668264969 bcsId: 0,size=3145728]} | ret=SUCCESS |  
2019-08-28 21:29:41,281 | INFO  | DNAudit | user=null | ip=null | op=PUT_BLOCK {blockData=[blockId=conID: 3 locID: 102696732668264969 bcsId: 0,size=3145728]} | ret=SUCCESS |  
2019-08-28 21:29:41,281 | INFO  | DNAudit | user=null | ip=null | op=WRITE_CHUNK {blockData=conID: 3 locID: 102696732668264969 bcsId: 2581} | ret=SUCCESS |  
2019-08-28 21:29:41,282 | INFO  | DNAudit | user=null | ip=null | op=PUT_BLOCK {blockData=[blockId=conID: 3 locID: 102696732668264969 bcsId: 0,size=4194304]} | ret=SUCCESS |  
2019-08-28 21:29:41,282 [grpc-default-executor-6] INFO  client.GrpcClientProtocolClient (GrpcClientProtocolClient.java:onNext(255)) - client-05DA20D107F8->b461a7b0-028a-4eb5-b268-b89ac225aff8: receive RaftClientReply:client-05DA20D107F8->b461a7b0-028a-4eb5-b268-b89ac225aff8@group-0C8C0AA7542A, cid=1778, SUCCESS, logIndex=2584, commits[b461a7b0-028a-4eb5-b268-b89ac225aff8:c2585, b6ff45f5-67b8-463b-a273-c2e7d9dadd75:c2581, 6a5cb75f-f7eb-4671-9a85-3b6f7898f6cc:c2581]
2019-08-28 21:29:41,282 [grpc-default-executor-6] INFO  client.GrpcClientProtocolClient (GrpcClientProtocolClient.java:onNext(255)) - client-05DA20D107F8->b461a7b0-028a-4eb5-b268-b89ac225aff8: receive RaftClientReply:client-05DA20D107F8->b461a7b0-028a-4eb5-b268-b89ac225aff8@group-0C8C0AA7542A, cid=1779, SUCCESS, logIndex=2585, commits[b461a7b0-028a-4eb5-b268-b89ac225aff8:c2585, b6ff45f5-67b8-463b-a273-c2e7d9dadd75:c2581, 6a5cb75f-f7eb-4671-9a85-3b6f7898f6cc:c2581]
2019-08-28 21:29:41,294 | INFO  | DNAudit | user=null | ip=null | op=WRITE_CHUNK {blockData=conID: 3 locID: 102696732668264969 bcsId: 2581} | ret=SUCCESS |  
2019-08-28 21:29:41,294 | INFO  | DNAudit | user=null | ip=null | op=WRITE_CHUNK {blockData=conID: 3 locID: 102696732668264969 bcsId: 2581} | ret=SUCCESS |  
2019-08-28 21:29:41,294 | INFO  | DNAudit | user=null | ip=null | op=PUT_BLOCK {blockData=[blockId=conID: 3 locID: 102696732668264969 bcsId: 0,size=4194304]} | ret=SUCCESS |  
2019-08-28 21:29:41,294 | INFO  | DNAudit | user=null | ip=null | op=PUT_BLOCK {blockData=[blockId=conID: 3 locID: 102696732668264969 bcsId: 0,size=4194304]} | ret=SUCCESS |  
2019-08-28 21:29:41,295 [grpc-default-executor-3] INFO  client.GrpcClientProtocolClient (GrpcClientProtocolClient.java:onNext(255)) - client-05DA20D107F8->b461a7b0-028a-4eb5-b268-b89ac225aff8: receive RaftClientReply:client-05DA20D107F8->b461a7b0-028a-4eb5-b268-b89ac225aff8@group-0C8C0AA7542A, cid=1780, SUCCESS, logIndex=0, commits[b461a7b0-028a-4eb5-b268-b89ac225aff8:c2586, b6ff45f5-67b8-463b-a273-c2e7d9dadd75:c2585, 6a5cb75f-f7eb-4671-9a85-3b6f7898f6cc:c2585]
2019-08-28 21:29:41,299 | INFO  | SCMAudit | user=jenkins1000 | ip=127.0.0.1 | op=ALLOCATE_BLOCK {owner=a0140aad-a474-4492-a39d-25bd6167d9f0, size=4194304, type=RATIS, factor=THREE} | ret=SUCCESS |  
2019-08-28 21:29:41,302 | INFO  | OMAudit | user=jenkins1000 | ip=127.0.0.1 | op=ALLOCATE_BLOCK {volume=vol-0-08922, bucket=bucket-0-29862, key=key-0-31337, dataSize=0, replicationType=null, replicationFactor=null, keyLocationInfo=null, clientID=102696731548516754} | ret=SUCCESS |  
2019-08-28 21:29:41,309 | INFO  | DNAudit | user=null | ip=null | op=WRITE_CHUNK {blockData=conID: 1 locID: 102696732675211786 bcsId: 0} | ret=SUCCESS |  
2019-08-28 21:29:41,311 | INFO  | DNAudit | user=null | ip=null | op=WRITE_CHUNK {blockData=conID: 1 locID: 102696732675211786 bcsId: 0} | ret=SUCCESS |  
2019-08-28 21:29:41,312 | INFO  | DNAudit | user=null | ip=null | op=WRITE_CHUNK {blockData=conID: 1 locID: 102696732675211786 bcsId: 0} | ret=SUCCESS |  
2019-08-28 21:29:41,312 | INFO  | DNAudit | user=null | ip=null | op=WRITE_CHUNK {blockData=conID: 1 locID: 102696732675211786 bcsId: 0} | ret=SUCCESS |  
2019-08-28 21:29:41,313 | INFO  | DNAudit | user=null | ip=null | op=WRITE_CHUNK {blockData=conID: 1 locID: 102696732675211786 bcsId: 0} | ret=SUCCESS |  
2019-08-28 21:29:41,314 | INFO  | DNAudit | user=null | ip=null | op=WRITE_CHUNK {blockData=conID: 1 locID: 102696732675211786 bcsId: 0} | ret=SUCCESS |  
2019-08-28 21:29:41,356 | INFO  | DNAudit | user=null | ip=null | op=WRITE_CHUNK {blockData=conID: 1 locID: 102696732675211786 bcsId: 0} | ret=SUCCESS |  
2019-08-28 21:29:41,357 | INFO  | DNAudit | user=null | ip=null | op=PUT_BLOCK {blockData=[blockId=conID: 1 locID: 102696732675211786 bcsId: 0,size=1048576]} | ret=SUCCESS |  
2019-08-28 21:29:41,357 | INFO  | DNAudit | user=null | ip=null | op=WRITE_CHUNK {blockData=conID: 1 locID: 102696732675211786 bcsId: 0} | ret=SUCCESS |  
2019-08-28 21:29:41,357 [grpc-default-executor-6] INFO  client.GrpcClientProtocolClient (GrpcClientProtocolClient.java:onNext(255)) - client-05DA20D107F8->b461a7b0-028a-4eb5-b268-b89ac225aff8: receive RaftClientReply:client-05DA20D107F8->b461a7b0-028a-4eb5-b268-b89ac225aff8@group-0C8C0AA7542A, cid=1781, SUCCESS, logIndex=2588, commits[b461a7b0-028a-4eb5-b268-b89ac225aff8:c2590, b6ff45f5-67b8-463b-a273-c2e7d9dadd75:c2587, 6a5cb75f-f7eb-4671-9a85-3b6f7898f6cc:c2587]
2019-08-28 21:29:41,358 | INFO  | DNAudit | user=null | ip=null | op=PUT_BLOCK {blockData=[blockId=conID: 1 locID: 102696732675211786 bcsId: 0,size=2097152]} | ret=SUCCESS |  
2019-08-28 21:29:41,358 [grpc-default-executor-6] INFO  client.GrpcClientProtocolClient (GrpcClientProtocolClient.java:onNext(255)) - client-05DA20D107F8->b461a7b0-028a-4eb5-b268-b89ac225aff8: receive RaftClientReply:client-05DA20D107F8->b461a7b0-028a-4eb5-b268-b89ac225aff8@group-0C8C0AA7542A, cid=1782, SUCCESS, logIndex=2589, commits[b461a7b0-028a-4eb5-b268-b89ac225aff8:c2591, b6ff45f5-67b8-463b-a273-c2e7d9dadd75:c2587, 6a5cb75f-f7eb-4671-9a85-3b6f7898f6cc:c2587]
2019-08-28 21:29:41,358 [grpc-default-executor-6] INFO  client.GrpcClientProtocolClient (GrpcClientProtocolClient.java:onNext(255)) - client-05DA20D107F8->b461a7b0-028a-4eb5-b268-b89ac225aff8: receive RaftClientReply:client-05DA20D107F8->b461a7b0-028a-4eb5-b268-b89ac225aff8@group-0C8C0AA7542A, cid=1783, SUCCESS, logIndex=2590, commits[b461a7b0-028a-4eb5-b268-b89ac225aff8:c2591, b6ff45f5-67b8-463b-a273-c2e7d9dadd75:c2587, 6a5cb75f-f7eb-4671-9a85-3b6f7898f6cc:c2587]
2019-08-28 21:29:41,358 [grpc-default-executor-6] INFO  client.GrpcClientProtocolClient (GrpcClientProtocolClient.java:onNext(255)) - client-05DA20D107F8->b461a7b0-028a-4eb5-b268-b89ac225aff8: receive RaftClientReply:client-05DA20D107F8->b461a7b0-028a-4eb5-b268-b89ac225aff8@group-0C8C0AA7542A, cid=1784, SUCCESS, logIndex=2591, commits[b461a7b0-028a-4eb5-b268-b89ac225aff8:c2591, b6ff45f5-67b8-463b-a273-c2e7d9dadd75:c2587, 6a5cb75f-f7eb-4671-9a85-3b6f7898f6cc:c2587]
2019-08-28 21:29:41,362 | INFO  | DNAudit | user=null | ip=null | op=WRITE_CHUNK {blockData=conID: 1 locID: 102696732675211786 bcsId: 0} | ret=SUCCESS |  
2019-08-28 21:29:41,362 | INFO  | DNAudit | user=null | ip=null | op=WRITE_CHUNK {blockData=conID: 1 locID: 102696732675211786 bcsId: 0} | ret=SUCCESS |  
2019-08-28 21:29:41,362 | INFO  | DNAudit | user=null | ip=null | op=PUT_BLOCK {blockData=[blockId=conID: 1 locID: 102696732675211786 bcsId: 0,size=1048576]} | ret=SUCCESS |  
2019-08-28 21:29:41,362 | INFO  | DNAudit | user=null | ip=null | op=PUT_BLOCK {blockData=[blockId=conID: 1 locID: 102696732675211786 bcsId: 0,size=1048576]} | ret=SUCCESS |  
2019-08-28 21:29:41,363 [grpc-default-executor-6] INFO  client.GrpcClientProtocolClient (GrpcClientProtocolClient.java:onNext(255)) - client-05DA20D107F8->b461a7b0-028a-4eb5-b268-b89ac225aff8: receive RaftClientReply:client-05DA20D107F8->b461a7b0-028a-4eb5-b268-b89ac225aff8@group-0C8C0AA7542A, cid=1785, SUCCESS, logIndex=0, commits[b461a7b0-028a-4eb5-b268-b89ac225aff8:c2592, b6ff45f5-67b8-463b-a273-c2e7d9dadd75:c2589, 6a5cb75f-f7eb-4671-9a85-3b6f7898f6cc:c2589]
2019-08-28 21:29:41,364 | INFO  | DNAudit | user=null | ip=null | op=WRITE_CHUNK {blockData=conID: 1 locID: 102696732675211786 bcsId: 0} | ret=SUCCESS |  
2019-08-28 21:29:41,364 | INFO  | DNAudit | user=null | ip=null | op=PUT_BLOCK {blockData=[blockId=conID: 1 locID: 102696732675211786 bcsId: 0,size=2097152]} | ret=SUCCESS |  
2019-08-28 21:29:41,364 | INFO  | DNAudit | user=null | ip=null | op=WRITE_CHUNK {blockData=conID: 1 locID: 102696732675211786 bcsId: 0} | ret=SUCCESS |  
2019-08-28 21:29:41,364 | INFO  | DNAudit | user=null | ip=null | op=PUT_BLOCK {blockData=[blockId=conID: 1 locID: 102696732675211786 bcsId: 0,size=2097152]} | ret=SUCCESS |  
2019-08-28 21:29:41,371 | INFO  | DNAudit | user=null | ip=null | op=WRITE_CHUNK {blockData=conID: 1 locID: 102696732675211786 bcsId: 2591} | ret=SUCCESS |  
2019-08-28 21:29:41,374 | INFO  | DNAudit | user=null | ip=null | op=WRITE_CHUNK {blockData=conID: 1 locID: 102696732675211786 bcsId: 2591} | ret=SUCCESS |  
2019-08-28 21:29:41,374 | INFO  | DNAudit | user=null | ip=null | op=WRITE_CHUNK {blockData=conID: 1 locID: 102696732675211786 bcsId: 2591} | ret=SUCCESS |  
2019-08-28 21:29:41,390 | INFO  | DNAudit | user=null | ip=null | op=WRITE_CHUNK {blockData=conID: 1 locID: 102696732675211786 bcsId: 2591} | ret=SUCCESS |  
2019-08-28 21:29:41,391 | INFO  | DNAudit | user=null | ip=null | op=PUT_BLOCK {blockData=[blockId=conID: 1 locID: 102696732675211786 bcsId: 0,size=3145728]} | ret=SUCCESS |  
2019-08-28 21:29:41,391 [grpc-default-executor-2] INFO  client.GrpcClientProtocolClient (GrpcClientProtocolClient.java:onNext(255)) - client-05DA20D107F8->b461a7b0-028a-4eb5-b268-b89ac225aff8: receive RaftClientReply:client-05DA20D107F8->b461a7b0-028a-4eb5-b268-b89ac225aff8@group-0C8C0AA7542A, cid=1786, SUCCESS, logIndex=2596, commits[b461a7b0-028a-4eb5-b268-b89ac225aff8:c2597, b6ff45f5-67b8-463b-a273-c2e7d9dadd75:c2595, 6a5cb75f-f7eb-4671-9a85-3b6f7898f6cc:c2595]
2019-08-28 21:29:41,392 [grpc-default-executor-2] INFO  client.GrpcClientProtocolClient (GrpcClientProtocolClient.java:onNext(255)) - client-05DA20D107F8->b461a7b0-028a-4eb5-b268-b89ac225aff8: receive RaftClientReply:client-05DA20D107F8->b461a7b0-028a-4eb5-b268-b89ac225aff8@group-0C8C0AA7542A, cid=1787, SUCCESS, logIndex=2597, commits[b461a7b0-028a-4eb5-b268-b89ac225aff8:c2597, b6ff45f5-67b8-463b-a273-c2e7d9dadd75:c2595, 6a5cb75f-f7eb-4671-9a85-3b6f7898f6cc:c2595]
2019-08-28 21:29:41,400 | INFO  | DNAudit | user=null | ip=null | op=WRITE_CHUNK {blockData=conID: 1 locID: 102696732675211786 bcsId: 2591} | ret=SUCCESS |  
2019-08-28 21:29:41,400 | INFO  | DNAudit | user=null | ip=null | op=WRITE_CHUNK {blockData=conID: 1 locID: 102696732675211786 bcsId: 2591} | ret=SUCCESS |  
2019-08-28 21:29:41,401 | INFO  | DNAudit | user=null | ip=null | op=WRITE_CHUNK {blockData=conID: 1 locID: 102696732675211786 bcsId: 2597} | ret=SUCCESS |  
2019-08-28 21:29:41,401 | INFO  | DNAudit | user=null | ip=null | op=PUT_BLOCK {blockData=[blockId=conID: 1 locID: 102696732675211786 bcsId: 0,size=3145728]} | ret=SUCCESS |  
2019-08-28 21:29:41,401 | INFO  | DNAudit | user=null | ip=null | op=PUT_BLOCK {blockData=[blockId=conID: 1 locID: 102696732675211786 bcsId: 0,size=3145728]} | ret=SUCCESS |  
2019-08-28 21:29:41,403 | INFO  | DNAudit | user=null | ip=null | op=WRITE_CHUNK {blockData=conID: 1 locID: 102696732675211786 bcsId: 2597} | ret=SUCCESS |  
2019-08-28 21:29:41,404 | INFO  | DNAudit | user=null | ip=null | op=WRITE_CHUNK {blockData=conID: 1 locID: 102696732675211786 bcsId: 2597} | ret=SUCCESS |  
2019-08-28 21:29:41,407 | INFO  | DNAudit | user=null | ip=null | op=WRITE_CHUNK {blockData=conID: 1 locID: 102696732675211786 bcsId: 2597} | ret=SUCCESS |  
2019-08-28 21:29:41,407 | INFO  | DNAudit | user=null | ip=null | op=PUT_BLOCK {blockData=[blockId=conID: 1 locID: 102696732675211786 bcsId: 0,size=4194304]} | ret=SUCCESS |  
2019-08-28 21:29:41,407 [grpc-default-executor-3] INFO  client.GrpcClientProtocolClient (GrpcClientProtocolClient.java:onNext(255)) - client-05DA20D107F8->b461a7b0-028a-4eb5-b268-b89ac225aff8: receive RaftClientReply:client-05DA20D107F8->b461a7b0-028a-4eb5-b268-b89ac225aff8@group-0C8C0AA7542A, cid=1788, SUCCESS, logIndex=2600, commits[b461a7b0-028a-4eb5-b268-b89ac225aff8:c2601, b6ff45f5-67b8-463b-a273-c2e7d9dadd75:c2597, 6a5cb75f-f7eb-4671-9a85-3b6f7898f6cc:c2597]
2019-08-28 21:29:41,408 [grpc-default-executor-3] INFO  client.GrpcClientProtocolClient (GrpcClientProtocolClient.java:onNext(255)) - client-05DA20D107F8->b461a7b0-028a-4eb5-b268-b89ac225aff8: receive RaftClientReply:client-05DA20D107F8->b461a7b0-028a-4eb5-b268-b89ac225aff8@group-0C8C0AA7542A, cid=1789, SUCCESS, logIndex=2601, commits[b461a7b0-028a-4eb5-b268-b89ac225aff8:c2601, b6ff45f5-67b8-463b-a273-c2e7d9dadd75:c2597, 6a5cb75f-f7eb-4671-9a85-3b6f7898f6cc:c2597]
2019-08-28 21:29:41,419 | INFO  | DNAudit | user=null | ip=null | op=WRITE_CHUNK {blockData=conID: 1 locID: 102696732675211786 bcsId: 2597} | ret=SUCCESS |  
2019-08-28 21:29:41,419 | INFO  | DNAudit | user=null | ip=null | op=WRITE_CHUNK {blockData=conID: 1 locID: 102696732675211786 bcsId: 2597} | ret=SUCCESS |  
2019-08-28 21:29:41,420 | INFO  | DNAudit | user=null | ip=null | op=PUT_BLOCK {blockData=[blockId=conID: 1 locID: 102696732675211786 bcsId: 0,size=4194304]} | ret=SUCCESS |  
2019-08-28 21:29:41,420 | INFO  | DNAudit | user=null | ip=null | op=PUT_BLOCK {blockData=[blockId=conID: 1 locID: 102696732675211786 bcsId: 0,size=4194304]} | ret=SUCCESS |  
2019-08-28 21:29:41,420 [grpc-default-executor-3] INFO  client.GrpcClientProtocolClient (GrpcClientProtocolClient.java:onNext(255)) - client-05DA20D107F8->b461a7b0-028a-4eb5-b268-b89ac225aff8: receive RaftClientReply:client-05DA20D107F8->b461a7b0-028a-4eb5-b268-b89ac225aff8@group-0C8C0AA7542A, cid=1790, SUCCESS, logIndex=0, commits[b461a7b0-028a-4eb5-b268-b89ac225aff8:c2602, b6ff45f5-67b8-463b-a273-c2e7d9dadd75:c2601, 6a5cb75f-f7eb-4671-9a85-3b6f7898f6cc:c2601]
2019-08-28 21:29:41,425 | INFO  | SCMAudit | user=jenkins1000 | ip=127.0.0.1 | op=ALLOCATE_BLOCK {owner=a0140aad-a474-4492-a39d-25bd6167d9f0, size=4194304, type=RATIS, factor=THREE} | ret=SUCCESS |  
2019-08-28 21:29:41,428 | INFO  | OMAudit | user=jenkins1000 | ip=127.0.0.1 | op=ALLOCATE_BLOCK {volume=vol-0-08922, bucket=bucket-0-29862, key=key-0-31337, dataSize=0, replicationType=null, replicationFactor=null, keyLocationInfo=null, clientID=102696731548516754} | ret=SUCCESS |  
2019-08-28 21:29:41,436 | INFO  | DNAudit | user=null | ip=null | op=WRITE_CHUNK {blockData=conID: 2 locID: 102696732683469323 bcsId: 0} | ret=SUCCESS |  
2019-08-28 21:29:41,438 | INFO  | DNAudit | user=null | ip=null | op=WRITE_CHUNK {blockData=conID: 2 locID: 102696732683469323 bcsId: 0} | ret=SUCCESS |  
2019-08-28 21:29:41,439 | INFO  | DNAudit | user=null | ip=null | op=WRITE_CHUNK {blockData=conID: 2 locID: 102696732683469323 bcsId: 0} | ret=SUCCESS |  
2019-08-28 21:29:41,439 | INFO  | DNAudit | user=null | ip=null | op=WRITE_CHUNK {blockData=conID: 2 locID: 102696732683469323 bcsId: 0} | ret=SUCCESS |  
2019-08-28 21:29:41,443 | INFO  | DNAudit | user=null | ip=null | op=WRITE_CHUNK {blockData=conID: 2 locID: 102696732683469323 bcsId: 0} | ret=SUCCESS |  
2019-08-28 21:29:41,443 | INFO  | DNAudit | user=null | ip=null | op=WRITE_CHUNK {blockData=conID: 2 locID: 102696732683469323 bcsId: 0} | ret=SUCCESS |  
2019-08-28 21:29:41,460 | INFO  | DNAudit | user=null | ip=null | op=WRITE_CHUNK {blockData=conID: 2 locID: 102696732683469323 bcsId: 0} | ret=SUCCESS |  
2019-08-28 21:29:41,461 | INFO  | DNAudit | user=null | ip=null | op=PUT_BLOCK {blockData=[blockId=conID: 2 locID: 102696732683469323 bcsId: 0,size=1048576]} | ret=SUCCESS |  
2019-08-28 21:29:41,461 [grpc-default-executor-2] INFO  client.GrpcClientProtocolClient (GrpcClientProtocolClient.java:onNext(255)) - client-05DA20D107F8->b461a7b0-028a-4eb5-b268-b89ac225aff8: receive RaftClientReply:client-05DA20D107F8->b461a7b0-028a-4eb5-b268-b89ac225aff8@group-0C8C0AA7542A, cid=1791, SUCCESS, logIndex=2604, commits[b461a7b0-028a-4eb5-b268-b89ac225aff8:c2605, b6ff45f5-67b8-463b-a273-c2e7d9dadd75:c2603, 6a5cb75f-f7eb-4671-9a85-3b6f7898f6cc:c2603]
2019-08-28 21:29:41,461 [grpc-default-executor-2] INFO  client.GrpcClientProtocolClient (GrpcClientProtocolClient.java:onNext(255)) - client-05DA20D107F8->b461a7b0-028a-4eb5-b268-b89ac225aff8: receive RaftClientReply:client-05DA20D107F8->b461a7b0-028a-4eb5-b268-b89ac225aff8@group-0C8C0AA7542A, cid=1792, SUCCESS, logIndex=2605, commits[b461a7b0-028a-4eb5-b268-b89ac225aff8:c2605, b6ff45f5-67b8-463b-a273-c2e7d9dadd75:c2603, 6a5cb75f-f7eb-4671-9a85-3b6f7898f6cc:c2603]
2019-08-28 21:29:41,470 | INFO  | DNAudit | user=null | ip=null | op=WRITE_CHUNK {blockData=conID: 2 locID: 102696732683469323 bcsId: 0} | ret=SUCCESS |  
2019-08-28 21:29:41,470 | INFO  | DNAudit | user=null | ip=null | op=PUT_BLOCK {blockData=[blockId=conID: 2 locID: 102696732683469323 bcsId: 0,size=2097152]} | ret=SUCCESS |  
2019-08-28 21:29:41,471 [grpc-default-executor-3] INFO  client.GrpcClientProtocolClient (GrpcClientProtocolClient.java:onNext(255)) - client-05DA20D107F8->b461a7b0-028a-4eb5-b268-b89ac225aff8: receive RaftClientReply:client-05DA20D107F8->b461a7b0-028a-4eb5-b268-b89ac225aff8@group-0C8C0AA7542A, cid=1793, SUCCESS, logIndex=2606, commits[b461a7b0-028a-4eb5-b268-b89ac225aff8:c2607, b6ff45f5-67b8-463b-a273-c2e7d9dadd75:c2603, 6a5cb75f-f7eb-4671-9a85-3b6f7898f6cc:c2603]
2019-08-28 21:29:41,471 [grpc-default-executor-3] INFO  client.GrpcClientProtocolClient (GrpcClientProtocolClient.java:onNext(255)) - client-05DA20D107F8->b461a7b0-028a-4eb5-b268-b89ac225aff8: receive RaftClientReply:client-05DA20D107F8->b461a7b0-028a-4eb5-b268-b89ac225aff8@group-0C8C0AA7542A, cid=1794, SUCCESS, logIndex=2607, commits[b461a7b0-028a-4eb5-b268-b89ac225aff8:c2607, b6ff45f5-67b8-463b-a273-c2e7d9dadd75:c2603, 6a5cb75f-f7eb-4671-9a85-3b6f7898f6cc:c2603]
2019-08-28 21:29:41,479 | INFO  | DNAudit | user=null | ip=null | op=WRITE_CHUNK {blockData=conID: 2 locID: 102696732683469323 bcsId: 0} | ret=SUCCESS |  
2019-08-28 21:29:41,479 | INFO  | DNAudit | user=null | ip=null | op=PUT_BLOCK {blockData=[blockId=conID: 2 locID: 102696732683469323 bcsId: 0,size=1048576]} | ret=SUCCESS |  
2019-08-28 21:29:41,480 | INFO  | DNAudit | user=null | ip=null | op=WRITE_CHUNK {blockData=conID: 2 locID: 102696732683469323 bcsId: 0} | ret=SUCCESS |  
2019-08-28 21:29:41,480 | INFO  | DNAudit | user=null | ip=null | op=PUT_BLOCK {blockData=[blockId=conID: 2 locID: 102696732683469323 bcsId: 0,size=1048576]} | ret=SUCCESS |  
2019-08-28 21:29:41,481 [grpc-default-executor-3] INFO  client.GrpcClientProtocolClient (GrpcClientProtocolClient.java:onNext(255)) - client-05DA20D107F8->b461a7b0-028a-4eb5-b268-b89ac225aff8: receive RaftClientReply:client-05DA20D107F8->b461a7b0-028a-4eb5-b268-b89ac225aff8@group-0C8C0AA7542A, cid=1795, SUCCESS, logIndex=0, commits[b461a7b0-028a-4eb5-b268-b89ac225aff8:c2609, b6ff45f5-67b8-463b-a273-c2e7d9dadd75:c2605, 6a5cb75f-f7eb-4671-9a85-3b6f7898f6cc:c2605]
2019-08-28 21:29:41,481 | INFO  | DNAudit | user=null | ip=null | op=WRITE_CHUNK {blockData=conID: 2 locID: 102696732683469323 bcsId: 0} | ret=SUCCESS |  
2019-08-28 21:29:41,482 | INFO  | DNAudit | user=null | ip=null | op=PUT_BLOCK {blockData=[blockId=conID: 2 locID: 102696732683469323 bcsId: 0,size=2097152]} | ret=SUCCESS |  
2019-08-28 21:29:41,482 | INFO  | DNAudit | user=null | ip=null | op=WRITE_CHUNK {blockData=conID: 2 locID: 102696732683469323 bcsId: 0} | ret=SUCCESS |  
2019-08-28 21:29:41,482 | INFO  | DNAudit | user=null | ip=null | op=PUT_BLOCK {blockData=[blockId=conID: 2 locID: 102696732683469323 bcsId: 0,size=2097152]} | ret=SUCCESS |  
2019-08-28 21:29:41,489 | INFO  | DNAudit | user=null | ip=null | op=WRITE_CHUNK {blockData=conID: 2 locID: 102696732683469323 bcsId: 2607} | ret=SUCCESS |  
2019-08-28 21:29:41,492 | INFO  | DNAudit | user=null | ip=null | op=WRITE_CHUNK {blockData=conID: 2 locID: 102696732683469323 bcsId: 2607} | ret=SUCCESS |  
2019-08-28 21:29:41,492 | INFO  | DNAudit | user=null | ip=null | op=WRITE_CHUNK {blockData=conID: 2 locID: 102696732683469323 bcsId: 2607} | ret=SUCCESS |  
2019-08-28 21:29:41,501 | INFO  | SCMAudit | user=jenkins1000 | ip=192.168.36.107 | op=SEND_HEARTBEAT {datanodeUUID=68f89a68-6a96-4cde-8528-8617611d459d, command=[]} | ret=SUCCESS |  
2019-08-28 21:29:41,501 | INFO  | SCMAudit | user=jenkins1000 | ip=192.168.36.107 | op=SEND_HEARTBEAT {datanodeUUID=af4986ea-80d8-4c92-96d2-2b3929a4248a, command=[]} | ret=SUCCESS |  
2019-08-28 21:29:41,513 | INFO  | DNAudit | user=null | ip=null | op=WRITE_CHUNK {blockData=conID: 2 locID: 102696732683469323 bcsId: 2607} | ret=SUCCESS |  
2019-08-28 21:29:41,514 | INFO  | DNAudit | user=null | ip=null | op=PUT_BLOCK {blockData=[blockId=conID: 2 locID: 102696732683469323 bcsId: 0,size=3145728]} | ret=SUCCESS |  
2019-08-28 21:29:41,514 [grpc-default-executor-3] INFO  client.GrpcClientProtocolClient (GrpcClientProtocolClient.java:onNext(255)) - client-05DA20D107F8->b461a7b0-028a-4eb5-b268-b89ac225aff8: receive RaftClientReply:client-05DA20D107F8->b461a7b0-028a-4eb5-b268-b89ac225aff8@group-0C8C0AA7542A, cid=1796, SUCCESS, logIndex=2612, commits[b461a7b0-028a-4eb5-b268-b89ac225aff8:c2613, b6ff45f5-67b8-463b-a273-c2e7d9dadd75:c2611, 6a5cb75f-f7eb-4671-9a85-3b6f7898f6cc:c2611]
2019-08-28 21:29:41,514 [grpc-default-executor-3] INFO  client.GrpcClientProtocolClient (GrpcClientProtocolClient.java:onNext(255)) - client-05DA20D107F8->b461a7b0-028a-4eb5-b268-b89ac225aff8: receive RaftClientReply:client-05DA20D107F8->b461a7b0-028a-4eb5-b268-b89ac225aff8@group-0C8C0AA7542A, cid=1797, SUCCESS, logIndex=2613, commits[b461a7b0-028a-4eb5-b268-b89ac225aff8:c2613, b6ff45f5-67b8-463b-a273-c2e7d9dadd75:c2611, 6a5cb75f-f7eb-4671-9a85-3b6f7898f6cc:c2611]
2019-08-28 21:29:41,518 | INFO  | DNAudit | user=null | ip=null | op=WRITE_CHUNK {blockData=conID: 2 locID: 102696732683469323 bcsId: 2607} | ret=SUCCESS |  
2019-08-28 21:29:41,518 | INFO  | DNAudit | user=null | ip=null | op=WRITE_CHUNK {blockData=conID: 2 locID: 102696732683469323 bcsId: 2607} | ret=SUCCESS |  
2019-08-28 21:29:41,518 | INFO  | DNAudit | user=null | ip=null | op=PUT_BLOCK {blockData=[blockId=conID: 2 locID: 102696732683469323 bcsId: 0,size=3145728]} | ret=SUCCESS |  
2019-08-28 21:29:41,518 | INFO  | DNAudit | user=null | ip=null | op=PUT_BLOCK {blockData=[blockId=conID: 2 locID: 102696732683469323 bcsId: 0,size=3145728]} | ret=SUCCESS |  
2019-08-28 21:29:41,525 | INFO  | DNAudit | user=null | ip=null | op=WRITE_CHUNK {blockData=conID: 2 locID: 102696732683469323 bcsId: 2613} | ret=SUCCESS |  
2019-08-28 21:29:41,528 | INFO  | DNAudit | user=null | ip=null | op=WRITE_CHUNK {blockData=conID: 2 locID: 102696732683469323 bcsId: 2613} | ret=SUCCESS |  
2019-08-28 21:29:41,528 | INFO  | DNAudit | user=null | ip=null | op=WRITE_CHUNK {blockData=conID: 2 locID: 102696732683469323 bcsId: 2613} | ret=SUCCESS |  
2019-08-28 21:29:41,536 | INFO  | DNAudit | user=null | ip=null | op=WRITE_CHUNK {blockData=conID: 2 locID: 102696732683469323 bcsId: 2613} | ret=SUCCESS |  
2019-08-28 21:29:41,537 | INFO  | DNAudit | user=null | ip=null | op=PUT_BLOCK {blockData=[blockId=conID: 2 locID: 102696732683469323 bcsId: 0,size=4194304]} | ret=SUCCESS |  
2019-08-28 21:29:41,537 [grpc-default-executor-2] INFO  client.GrpcClientProtocolClient (GrpcClientProtocolClient.java:onNext(255)) - client-05DA20D107F8->b461a7b0-028a-4eb5-b268-b89ac225aff8: receive RaftClientReply:client-05DA20D107F8->b461a7b0-028a-4eb5-b268-b89ac225aff8@group-0C8C0AA7542A, cid=1798, SUCCESS, logIndex=2616, commits[b461a7b0-028a-4eb5-b268-b89ac225aff8:c2617, b6ff45f5-67b8-463b-a273-c2e7d9dadd75:c2615, 6a5cb75f-f7eb-4671-9a85-3b6f7898f6cc:c2615]
2019-08-28 21:29:41,538 [grpc-default-executor-2] INFO  client.GrpcClientProtocolClient (GrpcClientProtocolClient.java:onNext(255)) - client-05DA20D107F8->b461a7b0-028a-4eb5-b268-b89ac225aff8: receive RaftClientReply:client-05DA20D107F8->b461a7b0-028a-4eb5-b268-b89ac225aff8@group-0C8C0AA7542A, cid=1799, SUCCESS, logIndex=2617, commits[b461a7b0-028a-4eb5-b268-b89ac225aff8:c2617, b6ff45f5-67b8-463b-a273-c2e7d9dadd75:c2615, 6a5cb75f-f7eb-4671-9a85-3b6f7898f6cc:c2615]
2019-08-28 21:29:41,552 | INFO  | DNAudit | user=null | ip=null | op=WRITE_CHUNK {blockData=conID: 2 locID: 102696732683469323 bcsId: 2613} | ret=SUCCESS |  
2019-08-28 21:29:41,552 | INFO  | DNAudit | user=null | ip=null | op=WRITE_CHUNK {blockData=conID: 2 locID: 102696732683469323 bcsId: 2613} | ret=SUCCESS |  
2019-08-28 21:29:41,553 | INFO  | DNAudit | user=null | ip=null | op=PUT_BLOCK {blockData=[blockId=conID: 2 locID: 102696732683469323 bcsId: 0,size=4194304]} | ret=SUCCESS |  
2019-08-28 21:29:41,553 | INFO  | DNAudit | user=null | ip=null | op=PUT_BLOCK {blockData=[blockId=conID: 2 locID: 102696732683469323 bcsId: 0,size=4194304]} | ret=SUCCESS |  
2019-08-28 21:29:41,554 [grpc-default-executor-2] INFO  client.GrpcClientProtocolClient (GrpcClientProtocolClient.java:onNext(255)) - client-05DA20D107F8->b461a7b0-028a-4eb5-b268-b89ac225aff8: receive RaftClientReply:client-05DA20D107F8->b461a7b0-028a-4eb5-b268-b89ac225aff8@group-0C8C0AA7542A, cid=1800, SUCCESS, logIndex=0, commits[b461a7b0-028a-4eb5-b268-b89ac225aff8:c2619, b6ff45f5-67b8-463b-a273-c2e7d9dadd75:c2617, 6a5cb75f-f7eb-4671-9a85-3b6f7898f6cc:c2617]
2019-08-28 21:29:41,559 | INFO  | SCMAudit | user=jenkins1000 | ip=127.0.0.1 | op=ALLOCATE_BLOCK {owner=a0140aad-a474-4492-a39d-25bd6167d9f0, size=4194304, type=RATIS, factor=THREE} | ret=SUCCESS |  
2019-08-28 21:29:41,563 | INFO  | OMAudit | user=jenkins1000 | ip=127.0.0.1 | op=ALLOCATE_BLOCK {volume=vol-0-08922, bucket=bucket-0-29862, key=key-0-31337, dataSize=0, replicationType=null, replicationFactor=null, keyLocationInfo=null, clientID=102696731548516754} | ret=SUCCESS |  
2019-08-28 21:29:41,571 | INFO  | DNAudit | user=null | ip=null | op=WRITE_CHUNK {blockData=conID: 3 locID: 102696732692251148 bcsId: 0} | ret=SUCCESS |  
2019-08-28 21:29:41,575 | INFO  | DNAudit | user=null | ip=null | op=WRITE_CHUNK {blockData=conID: 3 locID: 102696732692251148 bcsId: 0} | ret=SUCCESS |  
2019-08-28 21:29:41,575 | INFO  | DNAudit | user=null | ip=null | op=WRITE_CHUNK {blockData=conID: 3 locID: 102696732692251148 bcsId: 0} | ret=SUCCESS |  
2019-08-28 21:29:41,576 | INFO  | DNAudit | user=null | ip=null | op=WRITE_CHUNK {blockData=conID: 3 locID: 102696732692251148 bcsId: 0} | ret=SUCCESS |  
2019-08-28 21:29:41,578 | INFO  | DNAudit | user=null | ip=null | op=WRITE_CHUNK {blockData=conID: 3 locID: 102696732692251148 bcsId: 0} | ret=SUCCESS |  
2019-08-28 21:29:41,578 | INFO  | DNAudit | user=null | ip=null | op=WRITE_CHUNK {blockData=conID: 3 locID: 102696732692251148 bcsId: 0} | ret=SUCCESS |  
2019-08-28 21:29:41,583 | INFO  | DNAudit | user=null | ip=null | op=WRITE_CHUNK {blockData=conID: 3 locID: 102696732692251148 bcsId: 0} | ret=SUCCESS |  
2019-08-28 21:29:41,583 | INFO  | DNAudit | user=null | ip=null | op=PUT_BLOCK {blockData=[blockId=conID: 3 locID: 102696732692251148 bcsId: 0,size=1048576]} | ret=SUCCESS |  
2019-08-28 21:29:41,583 [grpc-default-executor-6] INFO  client.GrpcClientProtocolClient (GrpcClientProtocolClient.java:onNext(255)) - client-05DA20D107F8->b461a7b0-028a-4eb5-b268-b89ac225aff8: receive RaftClientReply:client-05DA20D107F8->b461a7b0-028a-4eb5-b268-b89ac225aff8@group-0C8C0AA7542A, cid=1801, SUCCESS, logIndex=2620, commits[b461a7b0-028a-4eb5-b268-b89ac225aff8:c2621, b6ff45f5-67b8-463b-a273-c2e7d9dadd75:c2619, 6a5cb75f-f7eb-4671-9a85-3b6f7898f6cc:c2619]
2019-08-28 21:29:41,584 [grpc-default-executor-6] INFO  client.GrpcClientProtocolClient (GrpcClientProtocolClient.java:onNext(255)) - client-05DA20D107F8->b461a7b0-028a-4eb5-b268-b89ac225aff8: receive RaftClientReply:client-05DA20D107F8->b461a7b0-028a-4eb5-b268-b89ac225aff8@group-0C8C0AA7542A, cid=1802, SUCCESS, logIndex=2621, commits[b461a7b0-028a-4eb5-b268-b89ac225aff8:c2621, b6ff45f5-67b8-463b-a273-c2e7d9dadd75:c2619, 6a5cb75f-f7eb-4671-9a85-3b6f7898f6cc:c2619]
2019-08-28 21:29:41,591 | INFO  | DNAudit | user=null | ip=null | op=WRITE_CHUNK {blockData=conID: 3 locID: 102696732692251148 bcsId: 0} | ret=SUCCESS |  
2019-08-28 21:29:41,591 | INFO  | DNAudit | user=null | ip=null | op=PUT_BLOCK {blockData=[blockId=conID: 3 locID: 102696732692251148 bcsId: 0,size=2097152]} | ret=SUCCESS |  
2019-08-28 21:29:41,592 | INFO  | DNAudit | user=null | ip=null | op=WRITE_CHUNK {blockData=conID: 3 locID: 102696732692251148 bcsId: 0} | ret=SUCCESS |  
2019-08-28 21:29:41,591 [grpc-default-executor-6] INFO  client.GrpcClientProtocolClient (GrpcClientProtocolClient.java:onNext(255)) - client-05DA20D107F8->b461a7b0-028a-4eb5-b268-b89ac225aff8: receive RaftClientReply:client-05DA20D107F8->b461a7b0-028a-4eb5-b268-b89ac225aff8@group-0C8C0AA7542A, cid=1803, SUCCESS, logIndex=2622, commits[b461a7b0-028a-4eb5-b268-b89ac225aff8:c2623, b6ff45f5-67b8-463b-a273-c2e7d9dadd75:c2619, 6a5cb75f-f7eb-4671-9a85-3b6f7898f6cc:c2619]
2019-08-28 21:29:41,592 | INFO  | DNAudit | user=null | ip=null | op=PUT_BLOCK {blockData=[blockId=conID: 3 locID: 102696732692251148 bcsId: 0,size=1048576]} | ret=SUCCESS |  
2019-08-28 21:29:41,592 [grpc-default-executor-6] INFO  client.GrpcClientProtocolClient (GrpcClientProtocolClient.java:onNext(255)) - client-05DA20D107F8->b461a7b0-028a-4eb5-b268-b89ac225aff8: receive RaftClientReply:client-05DA20D107F8->b461a7b0-028a-4eb5-b268-b89ac225aff8@group-0C8C0AA7542A, cid=1804, SUCCESS, logIndex=2623, commits[b461a7b0-028a-4eb5-b268-b89ac225aff8:c2623, b6ff45f5-67b8-463b-a273-c2e7d9dadd75:c2619, 6a5cb75f-f7eb-4671-9a85-3b6f7898f6cc:c2619]
2019-08-28 21:29:41,593 | INFO  | DNAudit | user=null | ip=null | op=WRITE_CHUNK {blockData=conID: 3 locID: 102696732692251148 bcsId: 0} | ret=SUCCESS |  
2019-08-28 21:29:41,594 | INFO  | DNAudit | user=null | ip=null | op=PUT_BLOCK {blockData=[blockId=conID: 3 locID: 102696732692251148 bcsId: 0,size=1048576]} | ret=SUCCESS |  
2019-08-28 21:29:41,594 | INFO  | DNAudit | user=null | ip=null | op=WRITE_CHUNK {blockData=conID: 3 locID: 102696732692251148 bcsId: 0} | ret=SUCCESS |  
2019-08-28 21:29:41,594 | INFO  | DNAudit | user=null | ip=null | op=PUT_BLOCK {blockData=[blockId=conID: 3 locID: 102696732692251148 bcsId: 0,size=2097152]} | ret=SUCCESS |  
2019-08-28 21:29:41,594 [grpc-default-executor-6] INFO  client.GrpcClientProtocolClient (GrpcClientProtocolClient.java:onNext(255)) - client-05DA20D107F8->b461a7b0-028a-4eb5-b268-b89ac225aff8: receive RaftClientReply:client-05DA20D107F8->b461a7b0-028a-4eb5-b268-b89ac225aff8@group-0C8C0AA7542A, cid=1805, SUCCESS, logIndex=0, commits[b461a7b0-028a-4eb5-b268-b89ac225aff8:c2625, b6ff45f5-67b8-463b-a273-c2e7d9dadd75:c2621, 6a5cb75f-f7eb-4671-9a85-3b6f7898f6cc:c2621]
2019-08-28 21:29:41,597 | INFO  | DNAudit | user=null | ip=null | op=WRITE_CHUNK {blockData=conID: 3 locID: 102696732692251148 bcsId: 0} | ret=SUCCESS |  
2019-08-28 21:29:41,597 | INFO  | DNAudit | user=null | ip=null | op=PUT_BLOCK {blockData=[blockId=conID: 3 locID: 102696732692251148 bcsId: 0,size=2097152]} | ret=SUCCESS |  
2019-08-28 21:29:41,602 | INFO  | DNAudit | user=null | ip=null | op=WRITE_CHUNK {blockData=conID: 3 locID: 102696732692251148 bcsId: 2623} | ret=SUCCESS |  
2019-08-28 21:29:41,604 | INFO  | DNAudit | user=null | ip=null | op=WRITE_CHUNK {blockData=conID: 3 locID: 102696732692251148 bcsId: 2623} | ret=SUCCESS |  
2019-08-28 21:29:41,606 | INFO  | DNAudit | user=null | ip=null | op=WRITE_CHUNK {blockData=conID: 3 locID: 102696732692251148 bcsId: 2623} | ret=SUCCESS |  
2019-08-28 21:29:41,619 | INFO  | DNAudit | user=null | ip=null | op=WRITE_CHUNK {blockData=conID: 3 locID: 102696732692251148 bcsId: 2623} | ret=SUCCESS |  
2019-08-28 21:29:41,620 | INFO  | DNAudit | user=null | ip=null | op=PUT_BLOCK {blockData=[blockId=conID: 3 locID: 102696732692251148 bcsId: 0,size=3145728]} | ret=SUCCESS |  
2019-08-28 21:29:41,620 [grpc-default-executor-2] INFO  client.GrpcClientProtocolClient (GrpcClientProtocolClient.java:onNext(255)) - client-05DA20D107F8->b461a7b0-028a-4eb5-b268-b89ac225aff8: receive RaftClientReply:client-05DA20D107F8->b461a7b0-028a-4eb5-b268-b89ac225aff8@group-0C8C0AA7542A, cid=1806, SUCCESS, logIndex=2628, commits[b461a7b0-028a-4eb5-b268-b89ac225aff8:c2629, b6ff45f5-67b8-463b-a273-c2e7d9dadd75:c2627, 6a5cb75f-f7eb-4671-9a85-3b6f7898f6cc:c2627]
2019-08-28 21:29:41,621 [grpc-default-executor-2] INFO  client.GrpcClientProtocolClient (GrpcClientProtocolClient.java:onNext(255)) - client-05DA20D107F8->b461a7b0-028a-4eb5-b268-b89ac225aff8: receive RaftClientReply:client-05DA20D107F8->b461a7b0-028a-4eb5-b268-b89ac225aff8@group-0C8C0AA7542A, cid=1807, SUCCESS, logIndex=2629, commits[b461a7b0-028a-4eb5-b268-b89ac225aff8:c2629, b6ff45f5-67b8-463b-a273-c2e7d9dadd75:c2627, 6a5cb75f-f7eb-4671-9a85-3b6f7898f6cc:c2627]
2019-08-28 21:29:41,624 | INFO  | DNAudit | user=null | ip=null | op=WRITE_CHUNK {blockData=conID: 3 locID: 102696732692251148 bcsId: 2623} | ret=SUCCESS |  
2019-08-28 21:29:41,624 | INFO  | DNAudit | user=null | ip=null | op=WRITE_CHUNK {blockData=conID: 3 locID: 102696732692251148 bcsId: 2623} | ret=SUCCESS |  
2019-08-28 21:29:41,626 | INFO  | DNAudit | user=null | ip=null | op=PUT_BLOCK {blockData=[blockId=conID: 3 locID: 102696732692251148 bcsId: 0,size=3145728]} | ret=SUCCESS |  
2019-08-28 21:29:41,626 | INFO  | DNAudit | user=null | ip=null | op=PUT_BLOCK {blockData=[blockId=conID: 3 locID: 102696732692251148 bcsId: 0,size=3145728]} | ret=SUCCESS |  
2019-08-28 21:29:41,629 | INFO  | DNAudit | user=null | ip=null | op=WRITE_CHUNK {blockData=conID: 3 locID: 102696732692251148 bcsId: 2629} | ret=SUCCESS |  
2019-08-28 21:29:41,631 | INFO  | DNAudit | user=null | ip=null | op=WRITE_CHUNK {blockData=conID: 3 locID: 102696732692251148 bcsId: 2629} | ret=SUCCESS |  
2019-08-28 21:29:41,631 | INFO  | DNAudit | user=null | ip=null | op=WRITE_CHUNK {blockData=conID: 3 locID: 102696732692251148 bcsId: 2629} | ret=SUCCESS |  
2019-08-28 21:29:41,647 | INFO  | DNAudit | user=null | ip=null | op=WRITE_CHUNK {blockData=conID: 3 locID: 102696732692251148 bcsId: 2629} | ret=SUCCESS |  
2019-08-28 21:29:41,648 | INFO  | DNAudit | user=null | ip=null | op=PUT_BLOCK {blockData=[blockId=conID: 3 locID: 102696732692251148 bcsId: 0,size=4194304]} | ret=SUCCESS |  
2019-08-28 21:29:41,648 [grpc-default-executor-6] INFO  client.GrpcClientProtocolClient (GrpcClientProtocolClient.java:onNext(255)) - client-05DA20D107F8->b461a7b0-028a-4eb5-b268-b89ac225aff8: receive RaftClientReply:client-05DA20D107F8->b461a7b0-028a-4eb5-b268-b89ac225aff8@group-0C8C0AA7542A, cid=1808, SUCCESS, logIndex=2632, commits[b461a7b0-028a-4eb5-b268-b89ac225aff8:c2633, b6ff45f5-67b8-463b-a273-c2e7d9dadd75:c2631, 6a5cb75f-f7eb-4671-9a85-3b6f7898f6cc:c2631]
2019-08-28 21:29:41,649 [grpc-default-executor-6] INFO  client.GrpcClientProtocolClient (GrpcClientProtocolClient.java:onNext(255)) - client-05DA20D107F8->b461a7b0-028a-4eb5-b268-b89ac225aff8: receive RaftClientReply:client-05DA20D107F8->b461a7b0-028a-4eb5-b268-b89ac225aff8@group-0C8C0AA7542A, cid=1809, SUCCESS, logIndex=2633, commits[b461a7b0-028a-4eb5-b268-b89ac225aff8:c2633, b6ff45f5-67b8-463b-a273-c2e7d9dadd75:c2631, 6a5cb75f-f7eb-4671-9a85-3b6f7898f6cc:c2631]
2019-08-28 21:29:41,659 | INFO  | DNAudit | user=null | ip=null | op=WRITE_CHUNK {blockData=conID: 3 locID: 102696732692251148 bcsId: 2629} | ret=SUCCESS |  
2019-08-28 21:29:41,659 | INFO  | DNAudit | user=null | ip=null | op=WRITE_CHUNK {blockData=conID: 3 locID: 102696732692251148 bcsId: 2629} | ret=SUCCESS |  
2019-08-28 21:29:41,659 | INFO  | DNAudit | user=null | ip=null | op=PUT_BLOCK {blockData=[blockId=conID: 3 locID: 102696732692251148 bcsId: 0,size=4194304]} | ret=SUCCESS |  
2019-08-28 21:29:41,660 | INFO  | DNAudit | user=null | ip=null | op=PUT_BLOCK {blockData=[blockId=conID: 3 locID: 102696732692251148 bcsId: 0,size=4194304]} | ret=SUCCESS |  
2019-08-28 21:29:41,661 [grpc-default-executor-6] INFO  client.GrpcClientProtocolClient (GrpcClientProtocolClient.java:onNext(255)) - client-05DA20D107F8->b461a7b0-028a-4eb5-b268-b89ac225aff8: receive RaftClientReply:client-05DA20D107F8->b461a7b0-028a-4eb5-b268-b89ac225aff8@group-0C8C0AA7542A, cid=1810, SUCCESS, logIndex=0, commits[b461a7b0-028a-4eb5-b268-b89ac225aff8:c2634, b6ff45f5-67b8-463b-a273-c2e7d9dadd75:c2633, 6a5cb75f-f7eb-4671-9a85-3b6f7898f6cc:c2633]
2019-08-28 21:29:41,666 | INFO  | SCMAudit | user=jenkins1000 | ip=127.0.0.1 | op=ALLOCATE_BLOCK {owner=a0140aad-a474-4492-a39d-25bd6167d9f0, size=4194304, type=RATIS, factor=THREE} | ret=SUCCESS |  
2019-08-28 21:29:41,669 | INFO  | OMAudit | user=jenkins1000 | ip=127.0.0.1 | op=ALLOCATE_BLOCK {volume=vol-0-08922, bucket=bucket-0-29862, key=key-0-31337, dataSize=0, replicationType=null, replicationFactor=null, keyLocationInfo=null, clientID=102696731548516754} | ret=SUCCESS |  
2019-08-28 21:29:41,677 | INFO  | DNAudit | user=null | ip=null | op=WRITE_CHUNK {blockData=conID: 1 locID: 102696732699263501 bcsId: 0} | ret=SUCCESS |  
2019-08-28 21:29:41,679 | INFO  | DNAudit | user=null | ip=null | op=WRITE_CHUNK {blockData=conID: 1 locID: 102696732699263501 bcsId: 0} | ret=SUCCESS |  
2019-08-28 21:29:41,680 | INFO  | DNAudit | user=null | ip=null | op=WRITE_CHUNK {blockData=conID: 1 locID: 102696732699263501 bcsId: 0} | ret=SUCCESS |  
2019-08-28 21:29:41,680 | INFO  | DNAudit | user=null | ip=null | op=WRITE_CHUNK {blockData=conID: 1 locID: 102696732699263501 bcsId: 0} | ret=SUCCESS |  
2019-08-28 21:29:41,683 | INFO  | DNAudit | user=null | ip=null | op=WRITE_CHUNK {blockData=conID: 1 locID: 102696732699263501 bcsId: 0} | ret=SUCCESS |  
2019-08-28 21:29:41,683 | INFO  | DNAudit | user=null | ip=null | op=WRITE_CHUNK {blockData=conID: 1 locID: 102696732699263501 bcsId: 0} | ret=SUCCESS |  
2019-08-28 21:29:41,694 | INFO  | DNAudit | user=null | ip=null | op=WRITE_CHUNK {blockData=conID: 1 locID: 102696732699263501 bcsId: 0} | ret=SUCCESS |  
2019-08-28 21:29:41,695 | INFO  | DNAudit | user=null | ip=null | op=PUT_BLOCK {blockData=[blockId=conID: 1 locID: 102696732699263501 bcsId: 0,size=1048576]} | ret=SUCCESS |  
2019-08-28 21:29:41,695 [grpc-default-executor-3] INFO  client.GrpcClientProtocolClient (GrpcClientProtocolClient.java:onNext(255)) - client-05DA20D107F8->b461a7b0-028a-4eb5-b268-b89ac225aff8: receive RaftClientReply:client-05DA20D107F8->b461a7b0-028a-4eb5-b268-b89ac225aff8@group-0C8C0AA7542A, cid=1811, SUCCESS, logIndex=2636, commits[b461a7b0-028a-4eb5-b268-b89ac225aff8:c2637, b6ff45f5-67b8-463b-a273-c2e7d9dadd75:c2635, 6a5cb75f-f7eb-4671-9a85-3b6f7898f6cc:c2635]
2019-08-28 21:29:41,695 | INFO  | DNAudit | user=null | ip=null | op=WRITE_CHUNK {blockData=conID: 1 locID: 102696732699263501 bcsId: 0} | ret=SUCCESS |  
2019-08-28 21:29:41,696 [grpc-default-executor-3] INFO  client.GrpcClientProtocolClient (GrpcClientProtocolClient.java:onNext(255)) - client-05DA20D107F8->b461a7b0-028a-4eb5-b268-b89ac225aff8: receive RaftClientReply:client-05DA20D107F8->b461a7b0-028a-4eb5-b268-b89ac225aff8@group-0C8C0AA7542A, cid=1812, SUCCESS, logIndex=2637, commits[b461a7b0-028a-4eb5-b268-b89ac225aff8:c2637, b6ff45f5-67b8-463b-a273-c2e7d9dadd75:c2635, 6a5cb75f-f7eb-4671-9a85-3b6f7898f6cc:c2635]
2019-08-28 21:29:41,696 | INFO  | DNAudit | user=null | ip=null | op=PUT_BLOCK {blockData=[blockId=conID: 1 locID: 102696732699263501 bcsId: 0,size=2097152]} | ret=SUCCESS |  
2019-08-28 21:29:41,696 [grpc-default-executor-2] INFO  client.GrpcClientProtocolClient (GrpcClientProtocolClient.java:onNext(255)) - client-05DA20D107F8->b461a7b0-028a-4eb5-b268-b89ac225aff8: receive RaftClientReply:client-05DA20D107F8->b461a7b0-028a-4eb5-b268-b89ac225aff8@group-0C8C0AA7542A, cid=1813, SUCCESS, logIndex=2638, commits[b461a7b0-028a-4eb5-b268-b89ac225aff8:c2638, b6ff45f5-67b8-463b-a273-c2e7d9dadd75:c2635, 6a5cb75f-f7eb-4671-9a85-3b6f7898f6cc:c2635]
2019-08-28 21:29:41,696 [grpc-default-executor-2] INFO  client.GrpcClientProtocolClient (GrpcClientProtocolClient.java:onNext(255)) - client-05DA20D107F8->b461a7b0-028a-4eb5-b268-b89ac225aff8: receive RaftClientReply:client-05DA20D107F8->b461a7b0-028a-4eb5-b268-b89ac225aff8@group-0C8C0AA7542A, cid=1814, SUCCESS, logIndex=2639, commits[b461a7b0-028a-4eb5-b268-b89ac225aff8:c2639, b6ff45f5-67b8-463b-a273-c2e7d9dadd75:c2635, 6a5cb75f-f7eb-4671-9a85-3b6f7898f6cc:c2635]
2019-08-28 21:29:41,707 | INFO  | DNAudit | user=null | ip=null | op=WRITE_CHUNK {blockData=conID: 1 locID: 102696732699263501 bcsId: 0} | ret=SUCCESS |  
2019-08-28 21:29:41,707 | INFO  | DNAudit | user=null | ip=null | op=PUT_BLOCK {blockData=[blockId=conID: 1 locID: 102696732699263501 bcsId: 0,size=1048576]} | ret=SUCCESS |  
2019-08-28 21:29:41,708 | INFO  | DNAudit | user=null | ip=null | op=WRITE_CHUNK {blockData=conID: 1 locID: 102696732699263501 bcsId: 0} | ret=SUCCESS |  
2019-08-28 21:29:41,708 | INFO  | DNAudit | user=null | ip=null | op=PUT_BLOCK {blockData=[blockId=conID: 1 locID: 102696732699263501 bcsId: 0,size=1048576]} | ret=SUCCESS |  
2019-08-28 21:29:41,708 | INFO  | DNAudit | user=null | ip=null | op=WRITE_CHUNK {blockData=conID: 1 locID: 102696732699263501 bcsId: 0} | ret=SUCCESS |  
2019-08-28 21:29:41,708 [grpc-default-executor-2] INFO  client.GrpcClientProtocolClient (GrpcClientProtocolClient.java:onNext(255)) - client-05DA20D107F8->b461a7b0-028a-4eb5-b268-b89ac225aff8: receive RaftClientReply:client-05DA20D107F8->b461a7b0-028a-4eb5-b268-b89ac225aff8@group-0C8C0AA7542A, cid=1815, SUCCESS, logIndex=0, commits[b461a7b0-028a-4eb5-b268-b89ac225aff8:c2641, b6ff45f5-67b8-463b-a273-c2e7d9dadd75:c2637, 6a5cb75f-f7eb-4671-9a85-3b6f7898f6cc:c2637]
2019-08-28 21:29:41,709 | INFO  | DNAudit | user=null | ip=null | op=PUT_BLOCK {blockData=[blockId=conID: 1 locID: 102696732699263501 bcsId: 0,size=2097152]} | ret=SUCCESS |  
2019-08-28 21:29:41,709 | INFO  | DNAudit | user=null | ip=null | op=WRITE_CHUNK {blockData=conID: 1 locID: 102696732699263501 bcsId: 0} | ret=SUCCESS |  
2019-08-28 21:29:41,709 | INFO  | DNAudit | user=null | ip=null | op=PUT_BLOCK {blockData=[blockId=conID: 1 locID: 102696732699263501 bcsId: 0,size=2097152]} | ret=SUCCESS |  
2019-08-28 21:29:41,715 | INFO  | DNAudit | user=null | ip=null | op=WRITE_CHUNK {blockData=conID: 1 locID: 102696732699263501 bcsId: 2639} | ret=SUCCESS |  
2019-08-28 21:29:41,717 | INFO  | DNAudit | user=null | ip=null | op=WRITE_CHUNK {blockData=conID: 1 locID: 102696732699263501 bcsId: 2639} | ret=SUCCESS |  
2019-08-28 21:29:41,717 | INFO  | DNAudit | user=null | ip=null | op=WRITE_CHUNK {blockData=conID: 1 locID: 102696732699263501 bcsId: 2639} | ret=SUCCESS |  
2019-08-28 21:29:41,724 | INFO  | DNAudit | user=null | ip=null | op=WRITE_CHUNK {blockData=conID: 1 locID: 102696732699263501 bcsId: 2639} | ret=SUCCESS |  
2019-08-28 21:29:41,724 | INFO  | DNAudit | user=null | ip=null | op=PUT_BLOCK {blockData=[blockId=conID: 1 locID: 102696732699263501 bcsId: 0,size=3145728]} | ret=SUCCESS |  
2019-08-28 21:29:41,724 [grpc-default-executor-3] INFO  client.GrpcClientProtocolClient (GrpcClientProtocolClient.java:onNext(255)) - client-05DA20D107F8->b461a7b0-028a-4eb5-b268-b89ac225aff8: receive RaftClientReply:client-05DA20D107F8->b461a7b0-028a-4eb5-b268-b89ac225aff8@group-0C8C0AA7542A, cid=1816, SUCCESS, logIndex=2644, commits[b461a7b0-028a-4eb5-b268-b89ac225aff8:c2645, b6ff45f5-67b8-463b-a273-c2e7d9dadd75:c2643, 6a5cb75f-f7eb-4671-9a85-3b6f7898f6cc:c2643]
2019-08-28 21:29:41,724 [grpc-default-executor-3] INFO  client.GrpcClientProtocolClient (GrpcClientProtocolClient.java:onNext(255)) - client-05DA20D107F8->b461a7b0-028a-4eb5-b268-b89ac225aff8: receive RaftClientReply:client-05DA20D107F8->b461a7b0-028a-4eb5-b268-b89ac225aff8@group-0C8C0AA7542A, cid=1817, SUCCESS, logIndex=2645, commits[b461a7b0-028a-4eb5-b268-b89ac225aff8:c2645, b6ff45f5-67b8-463b-a273-c2e7d9dadd75:c2643, 6a5cb75f-f7eb-4671-9a85-3b6f7898f6cc:c2643]
2019-08-28 21:29:41,730 | INFO  | DNAudit | user=null | ip=null | op=WRITE_CHUNK {blockData=conID: 1 locID: 102696732699263501 bcsId: 2645} | ret=SUCCESS |  
2019-08-28 21:29:41,733 | INFO  | DNAudit | user=null | ip=null | op=WRITE_CHUNK {blockData=conID: 1 locID: 102696732699263501 bcsId: 2645} | ret=SUCCESS |  
2019-08-28 21:29:41,733 | INFO  | DNAudit | user=null | ip=null | op=WRITE_CHUNK {blockData=conID: 1 locID: 102696732699263501 bcsId: 2645} | ret=SUCCESS |  
2019-08-28 21:29:41,733 | INFO  | DNAudit | user=null | ip=null | op=WRITE_CHUNK {blockData=conID: 1 locID: 102696732699263501 bcsId: 2639} | ret=SUCCESS |  
2019-08-28 21:29:41,733 | INFO  | DNAudit | user=null | ip=null | op=WRITE_CHUNK {blockData=conID: 1 locID: 102696732699263501 bcsId: 2639} | ret=SUCCESS |  
2019-08-28 21:29:41,734 | INFO  | DNAudit | user=null | ip=null | op=PUT_BLOCK {blockData=[blockId=conID: 1 locID: 102696732699263501 bcsId: 0,size=3145728]} | ret=SUCCESS |  
2019-08-28 21:29:41,734 | INFO  | DNAudit | user=null | ip=null | op=PUT_BLOCK {blockData=[blockId=conID: 1 locID: 102696732699263501 bcsId: 0,size=3145728]} | ret=SUCCESS |  
2019-08-28 21:29:41,735 | INFO  | DNAudit | user=null | ip=null | op=WRITE_CHUNK {blockData=conID: 1 locID: 102696732699263501 bcsId: 2645} | ret=SUCCESS |  
2019-08-28 21:29:41,736 | INFO  | DNAudit | user=null | ip=null | op=PUT_BLOCK {blockData=[blockId=conID: 1 locID: 102696732699263501 bcsId: 0,size=4194304]} | ret=SUCCESS |  
2019-08-28 21:29:41,736 [grpc-default-executor-6] INFO  client.GrpcClientProtocolClient (GrpcClientProtocolClient.java:onNext(255)) - client-05DA20D107F8->b461a7b0-028a-4eb5-b268-b89ac225aff8: receive RaftClientReply:client-05DA20D107F8->b461a7b0-028a-4eb5-b268-b89ac225aff8@group-0C8C0AA7542A, cid=1818, SUCCESS, logIndex=2648, commits[b461a7b0-028a-4eb5-b268-b89ac225aff8:c2649, b6ff45f5-67b8-463b-a273-c2e7d9dadd75:c2645, 6a5cb75f-f7eb-4671-9a85-3b6f7898f6cc:c2645]
2019-08-28 21:29:41,736 [grpc-default-executor-6] INFO  client.GrpcClientProtocolClient (GrpcClientProtocolClient.java:onNext(255)) - client-05DA20D107F8->b461a7b0-028a-4eb5-b268-b89ac225aff8: receive RaftClientReply:client-05DA20D107F8->b461a7b0-028a-4eb5-b268-b89ac225aff8@group-0C8C0AA7542A, cid=1819, SUCCESS, logIndex=2649, commits[b461a7b0-028a-4eb5-b268-b89ac225aff8:c2649, b6ff45f5-67b8-463b-a273-c2e7d9dadd75:c2645, 6a5cb75f-f7eb-4671-9a85-3b6f7898f6cc:c2645]
2019-08-28 21:29:41,742 | INFO  | DNAudit | user=null | ip=null | op=WRITE_CHUNK {blockData=conID: 1 locID: 102696732699263501 bcsId: 2645} | ret=SUCCESS |  
2019-08-28 21:29:41,742 | INFO  | DNAudit | user=null | ip=null | op=WRITE_CHUNK {blockData=conID: 1 locID: 102696732699263501 bcsId: 2645} | ret=SUCCESS |  
2019-08-28 21:29:41,743 | INFO  | DNAudit | user=null | ip=null | op=PUT_BLOCK {blockData=[blockId=conID: 1 locID: 102696732699263501 bcsId: 0,size=4194304]} | ret=SUCCESS |  
2019-08-28 21:29:41,743 | INFO  | DNAudit | user=null | ip=null | op=PUT_BLOCK {blockData=[blockId=conID: 1 locID: 102696732699263501 bcsId: 0,size=4194304]} | ret=SUCCESS |  
2019-08-28 21:29:41,744 [grpc-default-executor-3] INFO  client.GrpcClientProtocolClient (GrpcClientProtocolClient.java:onNext(255)) - client-05DA20D107F8->b461a7b0-028a-4eb5-b268-b89ac225aff8: receive RaftClientReply:client-05DA20D107F8->b461a7b0-028a-4eb5-b268-b89ac225aff8@group-0C8C0AA7542A, cid=1820, SUCCESS, logIndex=0, commits[b461a7b0-028a-4eb5-b268-b89ac225aff8:c2651, b6ff45f5-67b8-463b-a273-c2e7d9dadd75:c2649, 6a5cb75f-f7eb-4671-9a85-3b6f7898f6cc:c2649]
2019-08-28 21:29:41,749 | INFO  | SCMAudit | user=jenkins1000 | ip=127.0.0.1 | op=ALLOCATE_BLOCK {owner=a0140aad-a474-4492-a39d-25bd6167d9f0, size=4194304, type=RATIS, factor=THREE} | ret=SUCCESS |  
2019-08-28 21:29:41,752 | INFO  | OMAudit | user=jenkins1000 | ip=127.0.0.1 | op=ALLOCATE_BLOCK {volume=vol-0-08922, bucket=bucket-0-29862, key=key-0-31337, dataSize=0, replicationType=null, replicationFactor=null, keyLocationInfo=null, clientID=102696731548516754} | ret=SUCCESS |  
2019-08-28 21:29:41,760 | INFO  | DNAudit | user=null | ip=null | op=WRITE_CHUNK {blockData=conID: 2 locID: 102696732704702990 bcsId: 0} | ret=SUCCESS |  
2019-08-28 21:29:41,763 | INFO  | DNAudit | user=null | ip=null | op=WRITE_CHUNK {blockData=conID: 2 locID: 102696732704702990 bcsId: 0} | ret=SUCCESS |  
2019-08-28 21:29:41,763 | INFO  | DNAudit | user=null | ip=null | op=WRITE_CHUNK {blockData=conID: 2 locID: 102696732704702990 bcsId: 0} | ret=SUCCESS |  
2019-08-28 21:29:41,764 | INFO  | DNAudit | user=null | ip=null | op=WRITE_CHUNK {blockData=conID: 2 locID: 102696732704702990 bcsId: 0} | ret=SUCCESS |  
2019-08-28 21:29:41,765 | INFO  | DNAudit | user=null | ip=null | op=WRITE_CHUNK {blockData=conID: 2 locID: 102696732704702990 bcsId: 0} | ret=SUCCESS |  
2019-08-28 21:29:41,766 | INFO  | DNAudit | user=null | ip=null | op=WRITE_CHUNK {blockData=conID: 2 locID: 102696732704702990 bcsId: 0} | ret=SUCCESS |  
2019-08-28 21:29:41,777 | INFO  | DNAudit | user=null | ip=null | op=WRITE_CHUNK {blockData=conID: 2 locID: 102696732704702990 bcsId: 0} | ret=SUCCESS |  
2019-08-28 21:29:41,778 | INFO  | DNAudit | user=null | ip=null | op=PUT_BLOCK {blockData=[blockId=conID: 2 locID: 102696732704702990 bcsId: 0,size=1048576]} | ret=SUCCESS |  
2019-08-28 21:29:41,780 | INFO  | DNAudit | user=null | ip=null | op=WRITE_CHUNK {blockData=conID: 2 locID: 102696732704702990 bcsId: 0} | ret=SUCCESS |  
2019-08-28 21:29:41,780 [grpc-default-executor-3] INFO  client.GrpcClientProtocolClient (GrpcClientProtocolClient.java:onNext(255)) - client-05DA20D107F8->b461a7b0-028a-4eb5-b268-b89ac225aff8: receive RaftClientReply:client-05DA20D107F8->b461a7b0-028a-4eb5-b268-b89ac225aff8@group-0C8C0AA7542A, cid=1821, SUCCESS, logIndex=2652, commits[b461a7b0-028a-4eb5-b268-b89ac225aff8:c2653, b6ff45f5-67b8-463b-a273-c2e7d9dadd75:c2651, 6a5cb75f-f7eb-4671-9a85-3b6f7898f6cc:c2651]
2019-08-28 21:29:41,781 | INFO  | DNAudit | user=null | ip=null | op=PUT_BLOCK {blockData=[blockId=conID: 2 locID: 102696732704702990 bcsId: 0,size=2097152]} | ret=SUCCESS |  
2019-08-28 21:29:41,781 [grpc-default-executor-3] INFO  client.GrpcClientProtocolClient (GrpcClientProtocolClient.java:onNext(255)) - client-05DA20D107F8->b461a7b0-028a-4eb5-b268-b89ac225aff8: receive RaftClientReply:client-05DA20D107F8->b461a7b0-028a-4eb5-b268-b89ac225aff8@group-0C8C0AA7542A, cid=1822, SUCCESS, logIndex=2653, commits[b461a7b0-028a-4eb5-b268-b89ac225aff8:c2655, b6ff45f5-67b8-463b-a273-c2e7d9dadd75:c2651, 6a5cb75f-f7eb-4671-9a85-3b6f7898f6cc:c2651]
2019-08-28 21:29:41,781 [grpc-default-executor-3] INFO  client.GrpcClientProtocolClient (GrpcClientProtocolClient.java:onNext(255)) - client-05DA20D107F8->b461a7b0-028a-4eb5-b268-b89ac225aff8: receive RaftClientReply:client-05DA20D107F8->b461a7b0-028a-4eb5-b268-b89ac225aff8@group-0C8C0AA7542A, cid=1823, SUCCESS, logIndex=2654, commits[b461a7b0-028a-4eb5-b268-b89ac225aff8:c2655, b6ff45f5-67b8-463b-a273-c2e7d9dadd75:c2651, 6a5cb75f-f7eb-4671-9a85-3b6f7898f6cc:c2651]
2019-08-28 21:29:41,781 [grpc-default-executor-3] INFO  client.GrpcClientProtocolClient (GrpcClientProtocolClient.java:onNext(255)) - client-05DA20D107F8->b461a7b0-028a-4eb5-b268-b89ac225aff8: receive RaftClientReply:client-05DA20D107F8->b461a7b0-028a-4eb5-b268-b89ac225aff8@group-0C8C0AA7542A, cid=1824, SUCCESS, logIndex=2655, commits[b461a7b0-028a-4eb5-b268-b89ac225aff8:c2655, b6ff45f5-67b8-463b-a273-c2e7d9dadd75:c2651, 6a5cb75f-f7eb-4671-9a85-3b6f7898f6cc:c2651]
2019-08-28 21:29:41,787 | INFO  | DNAudit | user=null | ip=null | op=WRITE_CHUNK {blockData=conID: 2 locID: 102696732704702990 bcsId: 0} | ret=SUCCESS |  
2019-08-28 21:29:41,787 | INFO  | DNAudit | user=null | ip=null | op=PUT_BLOCK {blockData=[blockId=conID: 2 locID: 102696732704702990 bcsId: 0,size=1048576]} | ret=SUCCESS |  
2019-08-28 21:29:41,788 | INFO  | DNAudit | user=null | ip=null | op=WRITE_CHUNK {blockData=conID: 2 locID: 102696732704702990 bcsId: 0} | ret=SUCCESS |  
2019-08-28 21:29:41,788 | INFO  | DNAudit | user=null | ip=null | op=PUT_BLOCK {blockData=[blockId=conID: 2 locID: 102696732704702990 bcsId: 0,size=1048576]} | ret=SUCCESS |  
2019-08-28 21:29:41,788 | INFO  | DNAudit | user=null | ip=null | op=WRITE_CHUNK {blockData=conID: 2 locID: 102696732704702990 bcsId: 0} | ret=SUCCESS |  
2019-08-28 21:29:41,789 | INFO  | DNAudit | user=null | ip=null | op=PUT_BLOCK {blockData=[blockId=conID: 2 locID: 102696732704702990 bcsId: 0,size=2097152]} | ret=SUCCESS |  
2019-08-28 21:29:41,789 | INFO  | DNAudit | user=null | ip=null | op=WRITE_CHUNK {blockData=conID: 2 locID: 102696732704702990 bcsId: 0} | ret=SUCCESS |  
2019-08-28 21:29:41,788 [grpc-default-executor-3] INFO  client.GrpcClientProtocolClient (GrpcClientProtocolClient.java:onNext(255)) - client-05DA20D107F8->b461a7b0-028a-4eb5-b268-b89ac225aff8: receive RaftClientReply:client-05DA20D107F8->b461a7b0-028a-4eb5-b268-b89ac225aff8@group-0C8C0AA7542A, cid=1825, SUCCESS, logIndex=0, commits[b461a7b0-028a-4eb5-b268-b89ac225aff8:c2656, b6ff45f5-67b8-463b-a273-c2e7d9dadd75:c2653, 6a5cb75f-f7eb-4671-9a85-3b6f7898f6cc:c2653]
2019-08-28 21:29:41,789 | INFO  | DNAudit | user=null | ip=null | op=PUT_BLOCK {blockData=[blockId=conID: 2 locID: 102696732704702990 bcsId: 0,size=2097152]} | ret=SUCCESS |  
2019-08-28 21:29:41,795 | INFO  | DNAudit | user=null | ip=null | op=WRITE_CHUNK {blockData=conID: 2 locID: 102696732704702990 bcsId: 2655} | ret=SUCCESS |  
2019-08-28 21:29:41,798 | INFO  | DNAudit | user=null | ip=null | op=WRITE_CHUNK {blockData=conID: 2 locID: 102696732704702990 bcsId: 2655} | ret=SUCCESS |  
2019-08-28 21:29:41,799 | INFO  | DNAudit | user=null | ip=null | op=WRITE_CHUNK {blockData=conID: 2 locID: 102696732704702990 bcsId: 2655} | ret=SUCCESS |  
2019-08-28 21:29:41,817 | INFO  | DNAudit | user=null | ip=null | op=WRITE_CHUNK {blockData=conID: 2 locID: 102696732704702990 bcsId: 2655} | ret=SUCCESS |  
2019-08-28 21:29:41,817 | INFO  | DNAudit | user=null | ip=null | op=PUT_BLOCK {blockData=[blockId=conID: 2 locID: 102696732704702990 bcsId: 0,size=3145728]} | ret=SUCCESS |  
2019-08-28 21:29:41,817 [grpc-default-executor-6] INFO  client.GrpcClientProtocolClient (GrpcClientProtocolClient.java:onNext(255)) - client-05DA20D107F8->b461a7b0-028a-4eb5-b268-b89ac225aff8: receive RaftClientReply:client-05DA20D107F8->b461a7b0-028a-4eb5-b268-b89ac225aff8@group-0C8C0AA7542A, cid=1826, SUCCESS, logIndex=2659, commits[b461a7b0-028a-4eb5-b268-b89ac225aff8:c2660, b6ff45f5-67b8-463b-a273-c2e7d9dadd75:c2658, 6a5cb75f-f7eb-4671-9a85-3b6f7898f6cc:c2658]
2019-08-28 21:29:41,818 [grpc-default-executor-6] INFO  client.GrpcClientProtocolClient (GrpcClientProtocolClient.java:onNext(255)) - client-05DA20D107F8->b461a7b0-028a-4eb5-b268-b89ac225aff8: receive RaftClientReply:client-05DA20D107F8->b461a7b0-028a-4eb5-b268-b89ac225aff8@group-0C8C0AA7542A, cid=1827, SUCCESS, logIndex=2660, commits[b461a7b0-028a-4eb5-b268-b89ac225aff8:c2660, b6ff45f5-67b8-463b-a273-c2e7d9dadd75:c2658, 6a5cb75f-f7eb-4671-9a85-3b6f7898f6cc:c2658]
2019-08-28 21:29:41,825 | INFO  | DNAudit | user=null | ip=null | op=WRITE_CHUNK {blockData=conID: 2 locID: 102696732704702990 bcsId: 2660} | ret=SUCCESS |  
2019-08-28 21:29:41,828 | INFO  | DNAudit | user=null | ip=null | op=WRITE_CHUNK {blockData=conID: 2 locID: 102696732704702990 bcsId: 2660} | ret=SUCCESS |  
2019-08-28 21:29:41,829 | INFO  | DNAudit | user=null | ip=null | op=WRITE_CHUNK {blockData=conID: 2 locID: 102696732704702990 bcsId: 2660} | ret=SUCCESS |  
2019-08-28 21:29:41,829 | INFO  | DNAudit | user=null | ip=null | op=WRITE_CHUNK {blockData=conID: 2 locID: 102696732704702990 bcsId: 2655} | ret=SUCCESS |  
2019-08-28 21:29:41,830 | INFO  | DNAudit | user=null | ip=null | op=WRITE_CHUNK {blockData=conID: 2 locID: 102696732704702990 bcsId: 2655} | ret=SUCCESS |  
2019-08-28 21:29:41,830 | INFO  | DNAudit | user=null | ip=null | op=PUT_BLOCK {blockData=[blockId=conID: 2 locID: 102696732704702990 bcsId: 0,size=3145728]} | ret=SUCCESS |  
2019-08-28 21:29:41,830 | INFO  | DNAudit | user=null | ip=null | op=PUT_BLOCK {blockData=[blockId=conID: 2 locID: 102696732704702990 bcsId: 0,size=3145728]} | ret=SUCCESS |  
2019-08-28 21:29:41,831 | INFO  | DNAudit | user=null | ip=null | op=WRITE_CHUNK {blockData=conID: 2 locID: 102696732704702990 bcsId: 2660} | ret=SUCCESS |  
2019-08-28 21:29:41,832 | INFO  | DNAudit | user=null | ip=null | op=PUT_BLOCK {blockData=[blockId=conID: 2 locID: 102696732704702990 bcsId: 0,size=4194304]} | ret=SUCCESS |  
2019-08-28 21:29:41,832 [grpc-default-executor-6] INFO  client.GrpcClientProtocolClient (GrpcClientProtocolClient.java:onNext(255)) - client-05DA20D107F8->b461a7b0-028a-4eb5-b268-b89ac225aff8: receive RaftClientReply:client-05DA20D107F8->b461a7b0-028a-4eb5-b268-b89ac225aff8@group-0C8C0AA7542A, cid=1828, SUCCESS, logIndex=2663, commits[b461a7b0-028a-4eb5-b268-b89ac225aff8:c2664, b6ff45f5-67b8-463b-a273-c2e7d9dadd75:c2660, 6a5cb75f-f7eb-4671-9a85-3b6f7898f6cc:c2660]
2019-08-28 21:29:41,832 [grpc-default-executor-6] INFO  client.GrpcClientProtocolClient (GrpcClientProtocolClient.java:onNext(255)) - client-05DA20D107F8->b461a7b0-028a-4eb5-b268-b89ac225aff8: receive RaftClientReply:client-05DA20D107F8->b461a7b0-028a-4eb5-b268-b89ac225aff8@group-0C8C0AA7542A, cid=1829, SUCCESS, logIndex=2664, commits[b461a7b0-028a-4eb5-b268-b89ac225aff8:c2664, b6ff45f5-67b8-463b-a273-c2e7d9dadd75:c2660, 6a5cb75f-f7eb-4671-9a85-3b6f7898f6cc:c2660]
2019-08-28 21:29:41,840 | INFO  | DNAudit | user=null | ip=null | op=WRITE_CHUNK {blockData=conID: 2 locID: 102696732704702990 bcsId: 2660} | ret=SUCCESS |  
2019-08-28 21:29:41,840 | INFO  | DNAudit | user=null | ip=null | op=WRITE_CHUNK {blockData=conID: 2 locID: 102696732704702990 bcsId: 2660} | ret=SUCCESS |  
2019-08-28 21:29:41,840 | INFO  | DNAudit | user=null | ip=null | op=PUT_BLOCK {blockData=[blockId=conID: 2 locID: 102696732704702990 bcsId: 0,size=4194304]} | ret=SUCCESS |  
2019-08-28 21:29:41,841 | INFO  | DNAudit | user=null | ip=null | op=PUT_BLOCK {blockData=[blockId=conID: 2 locID: 102696732704702990 bcsId: 0,size=4194304]} | ret=SUCCESS |  
2019-08-28 21:29:41,841 [grpc-default-executor-6] INFO  client.GrpcClientProtocolClient (GrpcClientProtocolClient.java:onNext(255)) - client-05DA20D107F8->b461a7b0-028a-4eb5-b268-b89ac225aff8: receive RaftClientReply:client-05DA20D107F8->b461a7b0-028a-4eb5-b268-b89ac225aff8@group-0C8C0AA7542A, cid=1830, SUCCESS, logIndex=0, commits[b461a7b0-028a-4eb5-b268-b89ac225aff8:c2666, b6ff45f5-67b8-463b-a273-c2e7d9dadd75:c2664, 6a5cb75f-f7eb-4671-9a85-3b6f7898f6cc:c2664]
2019-08-28 21:29:42,004 | INFO  | SCMAudit | user=jenkins1000 | ip=127.0.0.1 | op=ALLOCATE_BLOCK {owner=a0140aad-a474-4492-a39d-25bd6167d9f0, size=4194304, type=RATIS, factor=THREE} | ret=SUCCESS |  
2019-08-28 21:29:42,007 | INFO  | OMAudit | user=jenkins1000 | ip=127.0.0.1 | op=ALLOCATE_BLOCK {volume=vol-0-08922, bucket=bucket-0-29862, key=key-0-31337, dataSize=0, replicationType=null, replicationFactor=null, keyLocationInfo=null, clientID=102696731548516754} | ret=SUCCESS |  
2019-08-28 21:29:42,016 | INFO  | DNAudit | user=null | ip=null | op=WRITE_CHUNK {blockData=conID: 3 locID: 102696732721349135 bcsId: 0} | ret=SUCCESS |  
2019-08-28 21:29:42,020 | INFO  | DNAudit | user=null | ip=null | op=WRITE_CHUNK {blockData=conID: 3 locID: 102696732721349135 bcsId: 0} | ret=SUCCESS |  
2019-08-28 21:29:42,020 | INFO  | DNAudit | user=null | ip=null | op=WRITE_CHUNK {blockData=conID: 3 locID: 102696732721349135 bcsId: 0} | ret=SUCCESS |  
2019-08-28 21:29:42,020 | INFO  | DNAudit | user=null | ip=null | op=WRITE_CHUNK {blockData=conID: 3 locID: 102696732721349135 bcsId: 0} | ret=SUCCESS |  
2019-08-28 21:29:42,022 | INFO  | DNAudit | user=null | ip=null | op=WRITE_CHUNK {blockData=conID: 3 locID: 102696732721349135 bcsId: 0} | ret=SUCCESS |  
2019-08-28 21:29:42,023 | INFO  | DNAudit | user=null | ip=null | op=WRITE_CHUNK {blockData=conID: 3 locID: 102696732721349135 bcsId: 0} | ret=SUCCESS |  
2019-08-28 21:29:42,043 | INFO  | DNAudit | user=null | ip=null | op=WRITE_CHUNK {blockData=conID: 3 locID: 102696732721349135 bcsId: 0} | ret=SUCCESS |  
2019-08-28 21:29:42,043 | INFO  | DNAudit | user=null | ip=null | op=PUT_BLOCK {blockData=[blockId=conID: 3 locID: 102696732721349135 bcsId: 0,size=1048576]} | ret=SUCCESS |  
2019-08-28 21:29:42,043 [grpc-default-executor-5] INFO  client.GrpcClientProtocolClient (GrpcClientProtocolClient.java:onNext(255)) - client-05DA20D107F8->b461a7b0-028a-4eb5-b268-b89ac225aff8: receive RaftClientReply:client-05DA20D107F8->b461a7b0-028a-4eb5-b268-b89ac225aff8@group-0C8C0AA7542A, cid=1831, SUCCESS, logIndex=2667, commits[b461a7b0-028a-4eb5-b268-b89ac225aff8:c2668, b6ff45f5-67b8-463b-a273-c2e7d9dadd75:c2666, 6a5cb75f-f7eb-4671-9a85-3b6f7898f6cc:c2666]
2019-08-28 21:29:42,044 [grpc-default-executor-5] INFO  client.GrpcClientProtocolClient (GrpcClientProtocolClient.java:onNext(255)) - client-05DA20D107F8->b461a7b0-028a-4eb5-b268-b89ac225aff8: receive RaftClientReply:client-05DA20D107F8->b461a7b0-028a-4eb5-b268-b89ac225aff8@group-0C8C0AA7542A, cid=1832, SUCCESS, logIndex=2668, commits[b461a7b0-028a-4eb5-b268-b89ac225aff8:c2668, b6ff45f5-67b8-463b-a273-c2e7d9dadd75:c2666, 6a5cb75f-f7eb-4671-9a85-3b6f7898f6cc:c2666]
2019-08-28 21:29:42,055 | INFO  | DNAudit | user=null | ip=null | op=WRITE_CHUNK {blockData=conID: 3 locID: 102696732721349135 bcsId: 0} | ret=SUCCESS |  
2019-08-28 21:29:42,055 | INFO  | DNAudit | user=null | ip=null | op=PUT_BLOCK {blockData=[blockId=conID: 3 locID: 102696732721349135 bcsId: 0,size=2097152]} | ret=SUCCESS |  
2019-08-28 21:29:42,055 [grpc-default-executor-2] INFO  client.GrpcClientProtocolClient (GrpcClientProtocolClient.java:onNext(255)) - client-05DA20D107F8->b461a7b0-028a-4eb5-b268-b89ac225aff8: receive RaftClientReply:client-05DA20D107F8->b461a7b0-028a-4eb5-b268-b89ac225aff8@group-0C8C0AA7542A, cid=1833, SUCCESS, logIndex=2669, commits[b461a7b0-028a-4eb5-b268-b89ac225aff8:c2670, b6ff45f5-67b8-463b-a273-c2e7d9dadd75:c2666, 6a5cb75f-f7eb-4671-9a85-3b6f7898f6cc:c2666]
2019-08-28 21:29:42,056 [grpc-default-executor-2] INFO  client.GrpcClientProtocolClient (GrpcClientProtocolClient.java:onNext(255)) - client-05DA20D107F8->b461a7b0-028a-4eb5-b268-b89ac225aff8: receive RaftClientReply:client-05DA20D107F8->b461a7b0-028a-4eb5-b268-b89ac225aff8@group-0C8C0AA7542A, cid=1834, SUCCESS, logIndex=2670, commits[b461a7b0-028a-4eb5-b268-b89ac225aff8:c2670, b6ff45f5-67b8-463b-a273-c2e7d9dadd75:c2666, 6a5cb75f-f7eb-4671-9a85-3b6f7898f6cc:c2666]
2019-08-28 21:29:42,062 | INFO  | DNAudit | user=null | ip=null | op=WRITE_CHUNK {blockData=conID: 3 locID: 102696732721349135 bcsId: 0} | ret=SUCCESS |  
2019-08-28 21:29:42,063 | INFO  | DNAudit | user=null | ip=null | op=PUT_BLOCK {blockData=[blockId=conID: 3 locID: 102696732721349135 bcsId: 0,size=1048576]} | ret=SUCCESS |  
2019-08-28 21:29:42,063 | INFO  | DNAudit | user=null | ip=null | op=WRITE_CHUNK {blockData=conID: 3 locID: 102696732721349135 bcsId: 0} | ret=SUCCESS |  
2019-08-28 21:29:42,063 | INFO  | DNAudit | user=null | ip=null | op=PUT_BLOCK {blockData=[blockId=conID: 3 locID: 102696732721349135 bcsId: 0,size=1048576]} | ret=SUCCESS |  
2019-08-28 21:29:42,063 [grpc-default-executor-2] INFO  client.GrpcClientProtocolClient (GrpcClientProtocolClient.java:onNext(255)) - client-05DA20D107F8->b461a7b0-028a-4eb5-b268-b89ac225aff8: receive RaftClientReply:client-05DA20D107F8->b461a7b0-028a-4eb5-b268-b89ac225aff8@group-0C8C0AA7542A, cid=1835, SUCCESS, logIndex=0, commits[b461a7b0-028a-4eb5-b268-b89ac225aff8:c2672, b6ff45f5-67b8-463b-a273-c2e7d9dadd75:c2668, 6a5cb75f-f7eb-4671-9a85-3b6f7898f6cc:c2668]
2019-08-28 21:29:42,072 | INFO  | DNAudit | user=null | ip=null | op=WRITE_CHUNK {blockData=conID: 3 locID: 102696732721349135 bcsId: 2670} | ret=SUCCESS |  
2019-08-28 21:29:42,074 | INFO  | DNAudit | user=null | ip=null | op=WRITE_CHUNK {blockData=conID: 3 locID: 102696732721349135 bcsId: 0} | ret=SUCCESS |  
2019-08-28 21:29:42,074 | INFO  | DNAudit | user=null | ip=null | op=WRITE_CHUNK {blockData=conID: 3 locID: 102696732721349135 bcsId: 0} | ret=SUCCESS |  
2019-08-28 21:29:42,074 | INFO  | DNAudit | user=null | ip=null | op=PUT_BLOCK {blockData=[blockId=conID: 3 locID: 102696732721349135 bcsId: 0,size=2097152]} | ret=SUCCESS |  
2019-08-28 21:29:42,074 | INFO  | DNAudit | user=null | ip=null | op=PUT_BLOCK {blockData=[blockId=conID: 3 locID: 102696732721349135 bcsId: 0,size=2097152]} | ret=SUCCESS |  
2019-08-28 21:29:42,075 | INFO  | DNAudit | user=null | ip=null | op=WRITE_CHUNK {blockData=conID: 3 locID: 102696732721349135 bcsId: 2670} | ret=SUCCESS |  
2019-08-28 21:29:42,076 | INFO  | DNAudit | user=null | ip=null | op=WRITE_CHUNK {blockData=conID: 3 locID: 102696732721349135 bcsId: 2670} | ret=SUCCESS |  
2019-08-28 21:29:42,085 | INFO  | DNAudit | user=null | ip=null | op=WRITE_CHUNK {blockData=conID: 3 locID: 102696732721349135 bcsId: 2670} | ret=SUCCESS |  
2019-08-28 21:29:42,086 | INFO  | DNAudit | user=null | ip=null | op=PUT_BLOCK {blockData=[blockId=conID: 3 locID: 102696732721349135 bcsId: 0,size=3145728]} | ret=SUCCESS |  
2019-08-28 21:29:42,086 [grpc-default-executor-5] INFO  client.GrpcClientProtocolClient (GrpcClientProtocolClient.java:onNext(255)) - client-05DA20D107F8->b461a7b0-028a-4eb5-b268-b89ac225aff8: receive RaftClientReply:client-05DA20D107F8->b461a7b0-028a-4eb5-b268-b89ac225aff8@group-0C8C0AA7542A, cid=1836, SUCCESS, logIndex=2675, commits[b461a7b0-028a-4eb5-b268-b89ac225aff8:c2676, b6ff45f5-67b8-463b-a273-c2e7d9dadd75:c2672, 6a5cb75f-f7eb-4671-9a85-3b6f7898f6cc:c2672]
2019-08-28 21:29:42,087 [grpc-default-executor-5] INFO  client.GrpcClientProtocolClient (GrpcClientProtocolClient.java:onNext(255)) - client-05DA20D107F8->b461a7b0-028a-4eb5-b268-b89ac225aff8: receive RaftClientReply:client-05DA20D107F8->b461a7b0-028a-4eb5-b268-b89ac225aff8@group-0C8C0AA7542A, cid=1837, SUCCESS, logIndex=2676, commits[b461a7b0-028a-4eb5-b268-b89ac225aff8:c2676, b6ff45f5-67b8-463b-a273-c2e7d9dadd75:c2672, 6a5cb75f-f7eb-4671-9a85-3b6f7898f6cc:c2672]
2019-08-28 21:29:42,094 | INFO  | DNAudit | user=null | ip=null | op=WRITE_CHUNK {blockData=conID: 3 locID: 102696732721349135 bcsId: 2676} | ret=SUCCESS |  
2019-08-28 21:29:42,097 | INFO  | DNAudit | user=null | ip=null | op=WRITE_CHUNK {blockData=conID: 3 locID: 102696732721349135 bcsId: 2676} | ret=SUCCESS |  
2019-08-28 21:29:42,097 | INFO  | DNAudit | user=null | ip=null | op=WRITE_CHUNK {blockData=conID: 3 locID: 102696732721349135 bcsId: 2676} | ret=SUCCESS |  
2019-08-28 21:29:42,104 | INFO  | DNAudit | user=null | ip=null | op=WRITE_CHUNK {blockData=conID: 3 locID: 102696732721349135 bcsId: 2670} | ret=SUCCESS |  
2019-08-28 21:29:42,104 | INFO  | DNAudit | user=null | ip=null | op=WRITE_CHUNK {blockData=conID: 3 locID: 102696732721349135 bcsId: 2670} | ret=SUCCESS |  
2019-08-28 21:29:42,104 | INFO  | DNAudit | user=null | ip=null | op=PUT_BLOCK {blockData=[blockId=conID: 3 locID: 102696732721349135 bcsId: 0,size=3145728]} | ret=SUCCESS |  
2019-08-28 21:29:42,104 | INFO  | DNAudit | user=null | ip=null | op=PUT_BLOCK {blockData=[blockId=conID: 3 locID: 102696732721349135 bcsId: 0,size=3145728]} | ret=SUCCESS |  
2019-08-28 21:29:42,104 | INFO  | SCMAudit | user=jenkins1000 | ip=192.168.36.107 | op=SEND_HEARTBEAT {datanodeUUID=b6ff45f5-67b8-463b-a273-c2e7d9dadd75, command=[]} | ret=SUCCESS |  
2019-08-28 21:29:42,104 | INFO  | SCMAudit | user=jenkins1000 | ip=192.168.36.107 | op=SEND_HEARTBEAT {datanodeUUID=6a5cb75f-f7eb-4671-9a85-3b6f7898f6cc, command=[]} | ret=SUCCESS |  
2019-08-28 21:29:42,104 | INFO  | SCMAudit | user=jenkins1000 | ip=192.168.36.107 | op=SEND_HEARTBEAT {datanodeUUID=b461a7b0-028a-4eb5-b268-b89ac225aff8, command=[]} | ret=SUCCESS |  
2019-08-28 21:29:42,106 | INFO  | DNAudit | user=null | ip=null | op=WRITE_CHUNK {blockData=conID: 3 locID: 102696732721349135 bcsId: 2676} | ret=SUCCESS |  
2019-08-28 21:29:42,106 | INFO  | DNAudit | user=null | ip=null | op=PUT_BLOCK {blockData=[blockId=conID: 3 locID: 102696732721349135 bcsId: 0,size=4194304]} | ret=SUCCESS |  
2019-08-28 21:29:42,107 [grpc-default-executor-3] INFO  client.GrpcClientProtocolClient (GrpcClientProtocolClient.java:onNext(255)) - client-05DA20D107F8->b461a7b0-028a-4eb5-b268-b89ac225aff8: receive RaftClientReply:client-05DA20D107F8->b461a7b0-028a-4eb5-b268-b89ac225aff8@group-0C8C0AA7542A, cid=1838, SUCCESS, logIndex=2679, commits[b461a7b0-028a-4eb5-b268-b89ac225aff8:c2680, b6ff45f5-67b8-463b-a273-c2e7d9dadd75:c2676, 6a5cb75f-f7eb-4671-9a85-3b6f7898f6cc:c2676]
2019-08-28 21:29:42,107 [grpc-default-executor-3] INFO  client.GrpcClientProtocolClient (GrpcClientProtocolClient.java:onNext(255)) - client-05DA20D107F8->b461a7b0-028a-4eb5-b268-b89ac225aff8: receive RaftClientReply:client-05DA20D107F8->b461a7b0-028a-4eb5-b268-b89ac225aff8@group-0C8C0AA7542A, cid=1839, SUCCESS, logIndex=2680, commits[b461a7b0-028a-4eb5-b268-b89ac225aff8:c2680, b6ff45f5-67b8-463b-a273-c2e7d9dadd75:c2676, 6a5cb75f-f7eb-4671-9a85-3b6f7898f6cc:c2676]
2019-08-28 21:29:42,118 | INFO  | DNAudit | user=null | ip=null | op=WRITE_CHUNK {blockData=conID: 3 locID: 102696732721349135 bcsId: 2676} | ret=SUCCESS |  
2019-08-28 21:29:42,119 | INFO  | DNAudit | user=null | ip=null | op=WRITE_CHUNK {blockData=conID: 3 locID: 102696732721349135 bcsId: 2676} | ret=SUCCESS |  
2019-08-28 21:29:42,122 | INFO  | DNAudit | user=null | ip=null | op=PUT_BLOCK {blockData=[blockId=conID: 3 locID: 102696732721349135 bcsId: 0,size=4194304]} | ret=SUCCESS |  
2019-08-28 21:29:42,122 | INFO  | DNAudit | user=null | ip=null | op=PUT_BLOCK {blockData=[blockId=conID: 3 locID: 102696732721349135 bcsId: 0,size=4194304]} | ret=SUCCESS |  
2019-08-28 21:29:42,122 [grpc-default-executor-3] INFO  client.GrpcClientProtocolClient (GrpcClientProtocolClient.java:onNext(255)) - client-05DA20D107F8->b461a7b0-028a-4eb5-b268-b89ac225aff8: receive RaftClientReply:client-05DA20D107F8->b461a7b0-028a-4eb5-b268-b89ac225aff8@group-0C8C0AA7542A, cid=1840, SUCCESS, logIndex=0, commits[b461a7b0-028a-4eb5-b268-b89ac225aff8:c2682, b6ff45f5-67b8-463b-a273-c2e7d9dadd75:c2680, 6a5cb75f-f7eb-4671-9a85-3b6f7898f6cc:c2680]
2019-08-28 21:29:42,129 | INFO  | SCMAudit | user=jenkins1000 | ip=127.0.0.1 | op=ALLOCATE_BLOCK {owner=a0140aad-a474-4492-a39d-25bd6167d9f0, size=4194304, type=RATIS, factor=THREE} | ret=SUCCESS |  
2019-08-28 21:29:42,132 | INFO  | OMAudit | user=jenkins1000 | ip=127.0.0.1 | op=ALLOCATE_BLOCK {volume=vol-0-08922, bucket=bucket-0-29862, key=key-0-31337, dataSize=0, replicationType=null, replicationFactor=null, keyLocationInfo=null, clientID=102696731548516754} | ret=SUCCESS |  
2019-08-28 21:29:42,142 | INFO  | DNAudit | user=null | ip=null | op=WRITE_CHUNK {blockData=conID: 1 locID: 102696732729606672 bcsId: 0} | ret=SUCCESS |  
2019-08-28 21:29:42,143 | INFO  | DNAudit | user=null | ip=null | op=WRITE_CHUNK {blockData=conID: 1 locID: 102696732729606672 bcsId: 0} | ret=SUCCESS |  
2019-08-28 21:29:42,145 | INFO  | DNAudit | user=null | ip=null | op=WRITE_CHUNK {blockData=conID: 1 locID: 102696732729606672 bcsId: 0} | ret=SUCCESS |  
2019-08-28 21:29:42,146 | INFO  | DNAudit | user=null | ip=null | op=WRITE_CHUNK {blockData=conID: 1 locID: 102696732729606672 bcsId: 0} | ret=SUCCESS |  
2019-08-28 21:29:42,148 | INFO  | DNAudit | user=null | ip=null | op=WRITE_CHUNK {blockData=conID: 1 locID: 102696732729606672 bcsId: 0} | ret=SUCCESS |  
2019-08-28 21:29:42,148 | INFO  | DNAudit | user=null | ip=null | op=WRITE_CHUNK {blockData=conID: 1 locID: 102696732729606672 bcsId: 0} | ret=SUCCESS |  
2019-08-28 21:29:42,155 | INFO  | DNAudit | user=null | ip=null | op=WRITE_CHUNK {blockData=conID: 1 locID: 102696732729606672 bcsId: 0} | ret=SUCCESS |  
2019-08-28 21:29:42,155 | INFO  | DNAudit | user=null | ip=null | op=PUT_BLOCK {blockData=[blockId=conID: 1 locID: 102696732729606672 bcsId: 0,size=1048576]} | ret=SUCCESS |  
2019-08-28 21:29:42,155 [grpc-default-executor-2] INFO  client.GrpcClientProtocolClient (GrpcClientProtocolClient.java:onNext(255)) - client-05DA20D107F8->b461a7b0-028a-4eb5-b268-b89ac225aff8: receive RaftClientReply:client-05DA20D107F8->b461a7b0-028a-4eb5-b268-b89ac225aff8@group-0C8C0AA7542A, cid=1841, SUCCESS, logIndex=2683, commits[b461a7b0-028a-4eb5-b268-b89ac225aff8:c2684, b6ff45f5-67b8-463b-a273-c2e7d9dadd75:c2682, 6a5cb75f-f7eb-4671-9a85-3b6f7898f6cc:c2682]
2019-08-28 21:29:42,156 [grpc-default-executor-2] INFO  client.GrpcClientProtocolClient (GrpcClientProtocolClient.java:onNext(255)) - client-05DA20D107F8->b461a7b0-028a-4eb5-b268-b89ac225aff8: receive RaftClientReply:client-05DA20D107F8->b461a7b0-028a-4eb5-b268-b89ac225aff8@group-0C8C0AA7542A, cid=1842, SUCCESS, logIndex=2684, commits[b461a7b0-028a-4eb5-b268-b89ac225aff8:c2684, b6ff45f5-67b8-463b-a273-c2e7d9dadd75:c2682, 6a5cb75f-f7eb-4671-9a85-3b6f7898f6cc:c2682]
2019-08-28 21:29:42,162 | INFO  | DNAudit | user=null | ip=null | op=WRITE_CHUNK {blockData=conID: 1 locID: 102696732729606672 bcsId: 0} | ret=SUCCESS |  
2019-08-28 21:29:42,162 | INFO  | DNAudit | user=null | ip=null | op=PUT_BLOCK {blockData=[blockId=conID: 1 locID: 102696732729606672 bcsId: 0,size=2097152]} | ret=SUCCESS |  
2019-08-28 21:29:42,162 [grpc-default-executor-2] INFO  client.GrpcClientProtocolClient (GrpcClientProtocolClient.java:onNext(255)) - client-05DA20D107F8->b461a7b0-028a-4eb5-b268-b89ac225aff8: receive RaftClientReply:client-05DA20D107F8->b461a7b0-028a-4eb5-b268-b89ac225aff8@group-0C8C0AA7542A, cid=1843, SUCCESS, logIndex=2685, commits[b461a7b0-028a-4eb5-b268-b89ac225aff8:c2686, b6ff45f5-67b8-463b-a273-c2e7d9dadd75:c2682, 6a5cb75f-f7eb-4671-9a85-3b6f7898f6cc:c2682]
2019-08-28 21:29:42,163 [grpc-default-executor-2] INFO  client.GrpcClientProtocolClient (GrpcClientProtocolClient.java:onNext(255)) - client-05DA20D107F8->b461a7b0-028a-4eb5-b268-b89ac225aff8: receive RaftClientReply:client-05DA20D107F8->b461a7b0-028a-4eb5-b268-b89ac225aff8@group-0C8C0AA7542A, cid=1844, SUCCESS, logIndex=2686, commits[b461a7b0-028a-4eb5-b268-b89ac225aff8:c2686, b6ff45f5-67b8-463b-a273-c2e7d9dadd75:c2682, 6a5cb75f-f7eb-4671-9a85-3b6f7898f6cc:c2682]
2019-08-28 21:29:42,174 | INFO  | DNAudit | user=null | ip=null | op=WRITE_CHUNK {blockData=conID: 1 locID: 102696732729606672 bcsId: 0} | ret=SUCCESS |  
2019-08-28 21:29:42,174 | INFO  | DNAudit | user=null | ip=null | op=WRITE_CHUNK {blockData=conID: 1 locID: 102696732729606672 bcsId: 0} | ret=SUCCESS |  
2019-08-28 21:29:42,174 | INFO  | DNAudit | user=null | ip=null | op=PUT_BLOCK {blockData=[blockId=conID: 1 locID: 102696732729606672 bcsId: 0,size=1048576]} | ret=SUCCESS |  
2019-08-28 21:29:42,175 | INFO  | DNAudit | user=null | ip=null | op=PUT_BLOCK {blockData=[blockId=conID: 1 locID: 102696732729606672 bcsId: 0,size=1048576]} | ret=SUCCESS |  
2019-08-28 21:29:42,177 | INFO  | DNAudit | user=null | ip=null | op=WRITE_CHUNK {blockData=conID: 1 locID: 102696732729606672 bcsId: 0} | ret=SUCCESS |  
2019-08-28 21:29:42,177 | INFO  | DNAudit | user=null | ip=null | op=WRITE_CHUNK {blockData=conID: 1 locID: 102696732729606672 bcsId: 0} | ret=SUCCESS |  
2019-08-28 21:29:42,177 | INFO  | DNAudit | user=null | ip=null | op=PUT_BLOCK {blockData=[blockId=conID: 1 locID: 102696732729606672 bcsId: 0,size=2097152]} | ret=SUCCESS |  
2019-08-28 21:29:42,177 | INFO  | DNAudit | user=null | ip=null | op=PUT_BLOCK {blockData=[blockId=conID: 1 locID: 102696732729606672 bcsId: 0,size=2097152]} | ret=SUCCESS |  
2019-08-28 21:29:42,177 [grpc-default-executor-2] INFO  client.GrpcClientProtocolClient (GrpcClientProtocolClient.java:onNext(255)) - client-05DA20D107F8->b461a7b0-028a-4eb5-b268-b89ac225aff8: receive RaftClientReply:client-05DA20D107F8->b461a7b0-028a-4eb5-b268-b89ac225aff8@group-0C8C0AA7542A, cid=1845, SUCCESS, logIndex=0, commits[b461a7b0-028a-4eb5-b268-b89ac225aff8:c2688, b6ff45f5-67b8-463b-a273-c2e7d9dadd75:c2684, 6a5cb75f-f7eb-4671-9a85-3b6f7898f6cc:c2684]
2019-08-28 21:29:42,186 | INFO  | DNAudit | user=null | ip=null | op=WRITE_CHUNK {blockData=conID: 1 locID: 102696732729606672 bcsId: 2686} | ret=SUCCESS |  
2019-08-28 21:29:42,188 | INFO  | DNAudit | user=null | ip=null | op=WRITE_CHUNK {blockData=conID: 1 locID: 102696732729606672 bcsId: 2686} | ret=SUCCESS |  
2019-08-28 21:29:42,188 | INFO  | DNAudit | user=null | ip=null | op=WRITE_CHUNK {blockData=conID: 1 locID: 102696732729606672 bcsId: 2686} | ret=SUCCESS |  
2019-08-28 21:29:42,207 | INFO  | DNAudit | user=null | ip=null | op=WRITE_CHUNK {blockData=conID: 1 locID: 102696732729606672 bcsId: 2686} | ret=SUCCESS |  
2019-08-28 21:29:42,208 | INFO  | DNAudit | user=null | ip=null | op=PUT_BLOCK {blockData=[blockId=conID: 1 locID: 102696732729606672 bcsId: 0,size=3145728]} | ret=SUCCESS |  
2019-08-28 21:29:42,209 [grpc-default-executor-5] INFO  client.GrpcClientProtocolClient (GrpcClientProtocolClient.java:onNext(255)) - client-05DA20D107F8->b461a7b0-028a-4eb5-b268-b89ac225aff8: receive RaftClientReply:client-05DA20D107F8->b461a7b0-028a-4eb5-b268-b89ac225aff8@group-0C8C0AA7542A, cid=1846, SUCCESS, logIndex=2691, commits[b461a7b0-028a-4eb5-b268-b89ac225aff8:c2691, b6ff45f5-67b8-463b-a273-c2e7d9dadd75:c2690, 6a5cb75f-f7eb-4671-9a85-3b6f7898f6cc:c2690]
2019-08-28 21:29:42,209 [grpc-default-executor-5] INFO  client.GrpcClientProtocolClient (GrpcClientProtocolClient.java:onNext(255)) - client-05DA20D107F8->b461a7b0-028a-4eb5-b268-b89ac225aff8: receive RaftClientReply:client-05DA20D107F8->b461a7b0-028a-4eb5-b268-b89ac225aff8@group-0C8C0AA7542A, cid=1847, SUCCESS, logIndex=2692, commits[b461a7b0-028a-4eb5-b268-b89ac225aff8:c2692, b6ff45f5-67b8-463b-a273-c2e7d9dadd75:c2690, 6a5cb75f-f7eb-4671-9a85-3b6f7898f6cc:c2690]
 0.00% |█                                                                                                    |  0/1 Time: 0:00:182019-08-28 21:29:42,216 | INFO  | DNAudit | user=null | ip=null | op=WRITE_CHUNK {blockData=conID: 1 locID: 102696732729606672 bcsId: 2692} | ret=SUCCESS |  
2019-08-28 21:29:42,217 | INFO  | DNAudit | user=null | ip=null | op=WRITE_CHUNK {blockData=conID: 1 locID: 102696732729606672 bcsId: 2686} | ret=SUCCESS |  
2019-08-28 21:29:42,217 | INFO  | DNAudit | user=null | ip=null | op=WRITE_CHUNK {blockData=conID: 1 locID: 102696732729606672 bcsId: 2686} | ret=SUCCESS |  
2019-08-28 21:29:42,219 | INFO  | DNAudit | user=null | ip=null | op=WRITE_CHUNK {blockData=conID: 1 locID: 102696732729606672 bcsId: 2692} | ret=SUCCESS |  
2019-08-28 21:29:42,219 | INFO  | DNAudit | user=null | ip=null | op=WRITE_CHUNK {blockData=conID: 1 locID: 102696732729606672 bcsId: 2692} | ret=SUCCESS |  
2019-08-28 21:29:42,229 | INFO  | DNAudit | user=null | ip=null | op=PUT_BLOCK {blockData=[blockId=conID: 1 locID: 102696732729606672 bcsId: 0,size=3145728]} | ret=SUCCESS |  
2019-08-28 21:29:42,229 | INFO  | DNAudit | user=null | ip=null | op=PUT_BLOCK {blockData=[blockId=conID: 1 locID: 102696732729606672 bcsId: 0,size=3145728]} | ret=SUCCESS |  
2019-08-28 21:29:42,229 | INFO  | DNAudit | user=null | ip=null | op=WRITE_CHUNK {blockData=conID: 1 locID: 102696732729606672 bcsId: 2692} | ret=SUCCESS |  
2019-08-28 21:29:42,230 | INFO  | DNAudit | user=null | ip=null | op=PUT_BLOCK {blockData=[blockId=conID: 1 locID: 102696732729606672 bcsId: 0,size=4194304]} | ret=SUCCESS |  
2019-08-28 21:29:42,230 [grpc-default-executor-2] INFO  client.GrpcClientProtocolClient (GrpcClientProtocolClient.java:onNext(255)) - client-05DA20D107F8->b461a7b0-028a-4eb5-b268-b89ac225aff8: receive RaftClientReply:client-05DA20D107F8->b461a7b0-028a-4eb5-b268-b89ac225aff8@group-0C8C0AA7542A, cid=1848, SUCCESS, logIndex=2695, commits[b461a7b0-028a-4eb5-b268-b89ac225aff8:c2696, b6ff45f5-67b8-463b-a273-c2e7d9dadd75:c2692, 6a5cb75f-f7eb-4671-9a85-3b6f7898f6cc:c2692]
2019-08-28 21:29:42,230 [grpc-default-executor-2] INFO  client.GrpcClientProtocolClient (GrpcClientProtocolClient.java:onNext(255)) - client-05DA20D107F8->b461a7b0-028a-4eb5-b268-b89ac225aff8: receive RaftClientReply:client-05DA20D107F8->b461a7b0-028a-4eb5-b268-b89ac225aff8@group-0C8C0AA7542A, cid=1849, SUCCESS, logIndex=2696, commits[b461a7b0-028a-4eb5-b268-b89ac225aff8:c2696, b6ff45f5-67b8-463b-a273-c2e7d9dadd75:c2692, 6a5cb75f-f7eb-4671-9a85-3b6f7898f6cc:c2692]
2019-08-28 21:29:42,247 | INFO  | DNAudit | user=null | ip=null | op=WRITE_CHUNK {blockData=conID: 1 locID: 102696732729606672 bcsId: 2692} | ret=SUCCESS |  
2019-08-28 21:29:42,247 | INFO  | DNAudit | user=null | ip=null | op=PUT_BLOCK {blockData=[blockId=conID: 1 locID: 102696732729606672 bcsId: 0,size=4194304]} | ret=SUCCESS |  
2019-08-28 21:29:42,247 | INFO  | DNAudit | user=null | ip=null | op=WRITE_CHUNK {blockData=conID: 1 locID: 102696732729606672 bcsId: 2692} | ret=SUCCESS |  
2019-08-28 21:29:42,248 | INFO  | DNAudit | user=null | ip=null | op=PUT_BLOCK {blockData=[blockId=conID: 1 locID: 102696732729606672 bcsId: 0,size=4194304]} | ret=SUCCESS |  
2019-08-28 21:29:42,248 [grpc-default-executor-2] INFO  client.GrpcClientProtocolClient (GrpcClientProtocolClient.java:onNext(255)) - client-05DA20D107F8->b461a7b0-028a-4eb5-b268-b89ac225aff8: receive RaftClientReply:client-05DA20D107F8->b461a7b0-028a-4eb5-b268-b89ac225aff8@group-0C8C0AA7542A, cid=1850, SUCCESS, logIndex=0, commits[b461a7b0-028a-4eb5-b268-b89ac225aff8:c2697, b6ff45f5-67b8-463b-a273-c2e7d9dadd75:c2696, 6a5cb75f-f7eb-4671-9a85-3b6f7898f6cc:c2696]
2019-08-28 21:29:42,254 | INFO  | SCMAudit | user=jenkins1000 | ip=127.0.0.1 | op=ALLOCATE_BLOCK {owner=a0140aad-a474-4492-a39d-25bd6167d9f0, size=4194304, type=RATIS, factor=THREE} | ret=SUCCESS |  
2019-08-28 21:29:42,256 | INFO  | OMAudit | user=jenkins1000 | ip=127.0.0.1 | op=ALLOCATE_BLOCK {volume=vol-0-08922, bucket=bucket-0-29862, key=key-0-31337, dataSize=0, replicationType=null, replicationFactor=null, keyLocationInfo=null, clientID=102696731548516754} | ret=SUCCESS |  
2019-08-28 21:29:42,263 | INFO  | DNAudit | user=null | ip=null | op=WRITE_CHUNK {blockData=conID: 2 locID: 102696732737733137 bcsId: 0} | ret=SUCCESS |  
2019-08-28 21:29:42,265 | INFO  | DNAudit | user=null | ip=null | op=WRITE_CHUNK {blockData=conID: 2 locID: 102696732737733137 bcsId: 0} | ret=SUCCESS |  
2019-08-28 21:29:42,266 | INFO  | DNAudit | user=null | ip=null | op=WRITE_CHUNK {blockData=conID: 2 locID: 102696732737733137 bcsId: 0} | ret=SUCCESS |  
2019-08-28 21:29:42,267 | INFO  | DNAudit | user=null | ip=null | op=WRITE_CHUNK {blockData=conID: 2 locID: 102696732737733137 bcsId: 0} | ret=SUCCESS |  
2019-08-28 21:29:42,268 | INFO  | DNAudit | user=null | ip=null | op=WRITE_CHUNK {blockData=conID: 2 locID: 102696732737733137 bcsId: 0} | ret=SUCCESS |  
2019-08-28 21:29:42,268 | INFO  | DNAudit | user=null | ip=null | op=WRITE_CHUNK {blockData=conID: 2 locID: 102696732737733137 bcsId: 0} | ret=SUCCESS |  
2019-08-28 21:29:42,284 | INFO  | DNAudit | user=null | ip=null | op=WRITE_CHUNK {blockData=conID: 2 locID: 102696732737733137 bcsId: 0} | ret=SUCCESS |  
2019-08-28 21:29:42,284 | INFO  | DNAudit | user=null | ip=null | op=PUT_BLOCK {blockData=[blockId=conID: 2 locID: 102696732737733137 bcsId: 0,size=1048576]} | ret=SUCCESS |  
2019-08-28 21:29:42,284 [grpc-default-executor-3] INFO  client.GrpcClientProtocolClient (GrpcClientProtocolClient.java:onNext(255)) - client-05DA20D107F8->b461a7b0-028a-4eb5-b268-b89ac225aff8: receive RaftClientReply:client-05DA20D107F8->b461a7b0-028a-4eb5-b268-b89ac225aff8@group-0C8C0AA7542A, cid=1851, SUCCESS, logIndex=2699, commits[b461a7b0-028a-4eb5-b268-b89ac225aff8:c2702, b6ff45f5-67b8-463b-a273-c2e7d9dadd75:c2698, 6a5cb75f-f7eb-4671-9a85-3b6f7898f6cc:c2698]
2019-08-28 21:29:42,284 | INFO  | DNAudit | user=null | ip=null | op=WRITE_CHUNK {blockData=conID: 2 locID: 102696732737733137 bcsId: 0} | ret=SUCCESS |  
2019-08-28 21:29:42,285 | INFO  | DNAudit | user=null | ip=null | op=PUT_BLOCK {blockData=[blockId=conID: 2 locID: 102696732737733137 bcsId: 0,size=2097152]} | ret=SUCCESS |  
2019-08-28 21:29:42,285 [grpc-default-executor-3] INFO  client.GrpcClientProtocolClient (GrpcClientProtocolClient.java:onNext(255)) - client-05DA20D107F8->b461a7b0-028a-4eb5-b268-b89ac225aff8: receive RaftClientReply:client-05DA20D107F8->b461a7b0-028a-4eb5-b268-b89ac225aff8@group-0C8C0AA7542A, cid=1852, SUCCESS, logIndex=2700, commits[b461a7b0-028a-4eb5-b268-b89ac225aff8:c2702, b6ff45f5-67b8-463b-a273-c2e7d9dadd75:c2698, 6a5cb75f-f7eb-4671-9a85-3b6f7898f6cc:c2698]
2019-08-28 21:29:42,285 [grpc-default-executor-3] INFO  client.GrpcClientProtocolClient (GrpcClientProtocolClient.java:onNext(255)) - client-05DA20D107F8->b461a7b0-028a-4eb5-b268-b89ac225aff8: receive RaftClientReply:client-05DA20D107F8->b461a7b0-028a-4eb5-b268-b89ac225aff8@group-0C8C0AA7542A, cid=1853, SUCCESS, logIndex=2701, commits[b461a7b0-028a-4eb5-b268-b89ac225aff8:c2702, b6ff45f5-67b8-463b-a273-c2e7d9dadd75:c2698, 6a5cb75f-f7eb-4671-9a85-3b6f7898f6cc:c2698]
2019-08-28 21:29:42,285 [grpc-default-executor-3] INFO  client.GrpcClientProtocolClient (GrpcClientProtocolClient.java:onNext(255)) - client-05DA20D107F8->b461a7b0-028a-4eb5-b268-b89ac225aff8: receive RaftClientReply:client-05DA20D107F8->b461a7b0-028a-4eb5-b268-b89ac225aff8@group-0C8C0AA7542A, cid=1854, SUCCESS, logIndex=2702, commits[b461a7b0-028a-4eb5-b268-b89ac225aff8:c2702, b6ff45f5-67b8-463b-a273-c2e7d9dadd75:c2698, 6a5cb75f-f7eb-4671-9a85-3b6f7898f6cc:c2698]
2019-08-28 21:29:42,299 | INFO  | DNAudit | user=null | ip=null | op=WRITE_CHUNK {blockData=conID: 2 locID: 102696732737733137 bcsId: 0} | ret=SUCCESS |  
2019-08-28 21:29:42,299 | INFO  | DNAudit | user=null | ip=null | op=WRITE_CHUNK {blockData=conID: 2 locID: 102696732737733137 bcsId: 0} | ret=SUCCESS |  
2019-08-28 21:29:42,300 | INFO  | DNAudit | user=null | ip=null | op=PUT_BLOCK {blockData=[blockId=conID: 2 locID: 102696732737733137 bcsId: 0,size=1048576]} | ret=SUCCESS |  
2019-08-28 21:29:42,300 | INFO  | DNAudit | user=null | ip=null | op=PUT_BLOCK {blockData=[blockId=conID: 2 locID: 102696732737733137 bcsId: 0,size=1048576]} | ret=SUCCESS |  
2019-08-28 21:29:42,301 | INFO  | DNAudit | user=null | ip=null | op=WRITE_CHUNK {blockData=conID: 2 locID: 102696732737733137 bcsId: 0} | ret=SUCCESS |  
2019-08-28 21:29:42,301 | INFO  | DNAudit | user=null | ip=null | op=WRITE_CHUNK {blockData=conID: 2 locID: 102696732737733137 bcsId: 0} | ret=SUCCESS |  
2019-08-28 21:29:42,301 | INFO  | DNAudit | user=null | ip=null | op=PUT_BLOCK {blockData=[blockId=conID: 2 locID: 102696732737733137 bcsId: 0,size=2097152]} | ret=SUCCESS |  
2019-08-28 21:29:42,301 | INFO  | DNAudit | user=null | ip=null | op=PUT_BLOCK {blockData=[blockId=conID: 2 locID: 102696732737733137 bcsId: 0,size=2097152]} | ret=SUCCESS |  
2019-08-28 21:29:42,301 [grpc-default-executor-2] INFO  client.GrpcClientProtocolClient (GrpcClientProtocolClient.java:onNext(255)) - client-05DA20D107F8->b461a7b0-028a-4eb5-b268-b89ac225aff8: receive RaftClientReply:client-05DA20D107F8->b461a7b0-028a-4eb5-b268-b89ac225aff8@group-0C8C0AA7542A, cid=1855, SUCCESS, logIndex=0, commits[b461a7b0-028a-4eb5-b268-b89ac225aff8:c2703, b6ff45f5-67b8-463b-a273-c2e7d9dadd75:c2700, 6a5cb75f-f7eb-4671-9a85-3b6f7898f6cc:c2700]
2019-08-28 21:29:42,307 | INFO  | DNAudit | user=null | ip=null | op=WRITE_CHUNK {blockData=conID: 2 locID: 102696732737733137 bcsId: 2702} | ret=SUCCESS |  
2019-08-28 21:29:42,310 | INFO  | DNAudit | user=null | ip=null | op=WRITE_CHUNK {blockData=conID: 2 locID: 102696732737733137 bcsId: 2702} | ret=SUCCESS |  
2019-08-28 21:29:42,310 | INFO  | DNAudit | user=null | ip=null | op=WRITE_CHUNK {blockData=conID: 2 locID: 102696732737733137 bcsId: 2702} | ret=SUCCESS |  
2019-08-28 21:29:42,312 | INFO  | DNAudit | user=null | ip=null | op=WRITE_CHUNK {blockData=conID: 2 locID: 102696732737733137 bcsId: 2702} | ret=SUCCESS |  
2019-08-28 21:29:42,313 | INFO  | DNAudit | user=null | ip=null | op=PUT_BLOCK {blockData=[blockId=conID: 2 locID: 102696732737733137 bcsId: 0,size=3145728]} | ret=SUCCESS |  
2019-08-28 21:29:42,313 [grpc-default-executor-3] INFO  client.GrpcClientProtocolClient (GrpcClientProtocolClient.java:onNext(255)) - client-05DA20D107F8->b461a7b0-028a-4eb5-b268-b89ac225aff8: receive RaftClientReply:client-05DA20D107F8->b461a7b0-028a-4eb5-b268-b89ac225aff8@group-0C8C0AA7542A, cid=1856, SUCCESS, logIndex=2707, commits[b461a7b0-028a-4eb5-b268-b89ac225aff8:c2708, b6ff45f5-67b8-463b-a273-c2e7d9dadd75:c2706, 6a5cb75f-f7eb-4671-9a85-3b6f7898f6cc:c2706]
2019-08-28 21:29:42,313 [grpc-default-executor-3] INFO  client.GrpcClientProtocolClient (GrpcClientProtocolClient.java:onNext(255)) - client-05DA20D107F8->b461a7b0-028a-4eb5-b268-b89ac225aff8: receive RaftClientReply:client-05DA20D107F8->b461a7b0-028a-4eb5-b268-b89ac225aff8@group-0C8C0AA7542A, cid=1857, SUCCESS, logIndex=2708, commits[b461a7b0-028a-4eb5-b268-b89ac225aff8:c2708, b6ff45f5-67b8-463b-a273-c2e7d9dadd75:c2706, 6a5cb75f-f7eb-4671-9a85-3b6f7898f6cc:c2706]
2019-08-28 21:29:42,319 | INFO  | DNAudit | user=null | ip=null | op=WRITE_CHUNK {blockData=conID: 2 locID: 102696732737733137 bcsId: 2708} | ret=SUCCESS |  
2019-08-28 21:29:42,321 | INFO  | DNAudit | user=null | ip=null | op=WRITE_CHUNK {blockData=conID: 2 locID: 102696732737733137 bcsId: 2708} | ret=SUCCESS |  
2019-08-28 21:29:42,321 | INFO  | DNAudit | user=null | ip=null | op=WRITE_CHUNK {blockData=conID: 2 locID: 102696732737733137 bcsId: 2708} | ret=SUCCESS |  
2019-08-28 21:29:42,322 | INFO  | DNAudit | user=null | ip=null | op=WRITE_CHUNK {blockData=conID: 2 locID: 102696732737733137 bcsId: 2702} | ret=SUCCESS |  
2019-08-28 21:29:42,323 | INFO  | DNAudit | user=null | ip=null | op=WRITE_CHUNK {blockData=conID: 2 locID: 102696732737733137 bcsId: 2702} | ret=SUCCESS |  
2019-08-28 21:29:42,323 | INFO  | DNAudit | user=null | ip=null | op=PUT_BLOCK {blockData=[blockId=conID: 2 locID: 102696732737733137 bcsId: 0,size=3145728]} | ret=SUCCESS |  
2019-08-28 21:29:42,323 | INFO  | DNAudit | user=null | ip=null | op=PUT_BLOCK {blockData=[blockId=conID: 2 locID: 102696732737733137 bcsId: 0,size=3145728]} | ret=SUCCESS |  
2019-08-28 21:29:42,324 | INFO  | DNAudit | user=null | ip=null | op=WRITE_CHUNK {blockData=conID: 2 locID: 102696732737733137 bcsId: 2708} | ret=SUCCESS |  
2019-08-28 21:29:42,325 | INFO  | DNAudit | user=null | ip=null | op=PUT_BLOCK {blockData=[blockId=conID: 2 locID: 102696732737733137 bcsId: 0,size=4194304]} | ret=SUCCESS |  
2019-08-28 21:29:42,325 [grpc-default-executor-3] INFO  client.GrpcClientProtocolClient (GrpcClientProtocolClient.java:onNext(255)) - client-05DA20D107F8->b461a7b0-028a-4eb5-b268-b89ac225aff8: receive RaftClientReply:client-05DA20D107F8->b461a7b0-028a-4eb5-b268-b89ac225aff8@group-0C8C0AA7542A, cid=1858, SUCCESS, logIndex=2711, commits[b461a7b0-028a-4eb5-b268-b89ac225aff8:c2712, b6ff45f5-67b8-463b-a273-c2e7d9dadd75:c2708, 6a5cb75f-f7eb-4671-9a85-3b6f7898f6cc:c2708]
2019-08-28 21:29:42,325 [grpc-default-executor-3] INFO  client.GrpcClientProtocolClient (GrpcClientProtocolClient.java:onNext(255)) - client-05DA20D107F8->b461a7b0-028a-4eb5-b268-b89ac225aff8: receive RaftClientReply:client-05DA20D107F8->b461a7b0-028a-4eb5-b268-b89ac225aff8@group-0C8C0AA7542A, cid=1859, SUCCESS, logIndex=2712, commits[b461a7b0-028a-4eb5-b268-b89ac225aff8:c2712, b6ff45f5-67b8-463b-a273-c2e7d9dadd75:c2708, 6a5cb75f-f7eb-4671-9a85-3b6f7898f6cc:c2708]
2019-08-28 21:29:42,335 | INFO  | DNAudit | user=null | ip=null | op=WRITE_CHUNK {blockData=conID: 2 locID: 102696732737733137 bcsId: 2708} | ret=SUCCESS |  
2019-08-28 21:29:42,336 | INFO  | DNAudit | user=null | ip=null | op=WRITE_CHUNK {blockData=conID: 2 locID: 102696732737733137 bcsId: 2708} | ret=SUCCESS |  
2019-08-28 21:29:42,337 | INFO  | DNAudit | user=null | ip=null | op=PUT_BLOCK {blockData=[blockId=conID: 2 locID: 102696732737733137 bcsId: 0,size=4194304]} | ret=SUCCESS |  
2019-08-28 21:29:42,337 | INFO  | DNAudit | user=null | ip=null | op=PUT_BLOCK {blockData=[blockId=conID: 2 locID: 102696732737733137 bcsId: 0,size=4194304]} | ret=SUCCESS |  
2019-08-28 21:29:42,338 [grpc-default-executor-3] INFO  client.GrpcClientProtocolClient (GrpcClientProtocolClient.java:onNext(255)) - client-05DA20D107F8->b461a7b0-028a-4eb5-b268-b89ac225aff8: receive RaftClientReply:client-05DA20D107F8->b461a7b0-028a-4eb5-b268-b89ac225aff8@group-0C8C0AA7542A, cid=1860, SUCCESS, logIndex=0, commits[b461a7b0-028a-4eb5-b268-b89ac225aff8:c2714, b6ff45f5-67b8-463b-a273-c2e7d9dadd75:c2712, 6a5cb75f-f7eb-4671-9a85-3b6f7898f6cc:c2712]
2019-08-28 21:29:42,341 | INFO  | SCMAudit | user=jenkins1000 | ip=127.0.0.1 | op=ALLOCATE_BLOCK {owner=a0140aad-a474-4492-a39d-25bd6167d9f0, size=4194304, type=RATIS, factor=THREE} | ret=SUCCESS |  
2019-08-28 21:29:42,343 | INFO  | OMAudit | user=jenkins1000 | ip=127.0.0.1 | op=ALLOCATE_BLOCK {volume=vol-0-08922, bucket=bucket-0-29862, key=key-0-31337, dataSize=0, replicationType=null, replicationFactor=null, keyLocationInfo=null, clientID=102696731548516754} | ret=SUCCESS |  
2019-08-28 21:29:42,349 | INFO  | DNAudit | user=null | ip=null | op=WRITE_CHUNK {blockData=conID: 3 locID: 102696732743500306 bcsId: 0} | ret=SUCCESS |  
2019-08-28 21:29:42,352 | INFO  | DNAudit | user=null | ip=null | op=WRITE_CHUNK {blockData=conID: 3 locID: 102696732743500306 bcsId: 0} | ret=SUCCESS |  
2019-08-28 21:29:42,352 | INFO  | DNAudit | user=null | ip=null | op=WRITE_CHUNK {blockData=conID: 3 locID: 102696732743500306 bcsId: 0} | ret=SUCCESS |  
2019-08-28 21:29:42,353 | INFO  | DNAudit | user=null | ip=null | op=WRITE_CHUNK {blockData=conID: 3 locID: 102696732743500306 bcsId: 0} | ret=SUCCESS |  
2019-08-28 21:29:42,354 | INFO  | DNAudit | user=null | ip=null | op=WRITE_CHUNK {blockData=conID: 3 locID: 102696732743500306 bcsId: 0} | ret=SUCCESS |  
2019-08-28 21:29:42,355 | INFO  | DNAudit | user=null | ip=null | op=WRITE_CHUNK {blockData=conID: 3 locID: 102696732743500306 bcsId: 0} | ret=SUCCESS |  
2019-08-28 21:29:42,366 | INFO  | DNAudit | user=null | ip=null | op=WRITE_CHUNK {blockData=conID: 3 locID: 102696732743500306 bcsId: 0} | ret=SUCCESS |  
2019-08-28 21:29:42,366 | INFO  | DNAudit | user=null | ip=null | op=PUT_BLOCK {blockData=[blockId=conID: 3 locID: 102696732743500306 bcsId: 0,size=1048576]} | ret=SUCCESS |  
2019-08-28 21:29:42,367 [grpc-default-executor-3] INFO  client.GrpcClientProtocolClient (GrpcClientProtocolClient.java:onNext(255)) - client-05DA20D107F8->b461a7b0-028a-4eb5-b268-b89ac225aff8: receive RaftClientReply:client-05DA20D107F8->b461a7b0-028a-4eb5-b268-b89ac225aff8@group-0C8C0AA7542A, cid=1861, SUCCESS, logIndex=2715, commits[b461a7b0-028a-4eb5-b268-b89ac225aff8:c2717, b6ff45f5-67b8-463b-a273-c2e7d9dadd75:c2714, 6a5cb75f-f7eb-4671-9a85-3b6f7898f6cc:c2714]
2019-08-28 21:29:42,367 | INFO  | DNAudit | user=null | ip=null | op=WRITE_CHUNK {blockData=conID: 3 locID: 102696732743500306 bcsId: 0} | ret=SUCCESS |  
2019-08-28 21:29:42,367 [grpc-default-executor-3] INFO  client.GrpcClientProtocolClient (GrpcClientProtocolClient.java:onNext(255)) - client-05DA20D107F8->b461a7b0-028a-4eb5-b268-b89ac225aff8: receive RaftClientReply:client-05DA20D107F8->b461a7b0-028a-4eb5-b268-b89ac225aff8@group-0C8C0AA7542A, cid=1862, SUCCESS, logIndex=2716, commits[b461a7b0-028a-4eb5-b268-b89ac225aff8:c2718, b6ff45f5-67b8-463b-a273-c2e7d9dadd75:c2714, 6a5cb75f-f7eb-4671-9a85-3b6f7898f6cc:c2714]
2019-08-28 21:29:42,367 | INFO  | DNAudit | user=null | ip=null | op=PUT_BLOCK {blockData=[blockId=conID: 3 locID: 102696732743500306 bcsId: 0,size=2097152]} | ret=SUCCESS |  
2019-08-28 21:29:42,367 [grpc-default-executor-3] INFO  client.GrpcClientProtocolClient (GrpcClientProtocolClient.java:onNext(255)) - client-05DA20D107F8->b461a7b0-028a-4eb5-b268-b89ac225aff8: receive RaftClientReply:client-05DA20D107F8->b461a7b0-028a-4eb5-b268-b89ac225aff8@group-0C8C0AA7542A, cid=1863, SUCCESS, logIndex=2717, commits[b461a7b0-028a-4eb5-b268-b89ac225aff8:c2718, b6ff45f5-67b8-463b-a273-c2e7d9dadd75:c2714, 6a5cb75f-f7eb-4671-9a85-3b6f7898f6cc:c2714]
2019-08-28 21:29:42,368 [grpc-default-executor-3] INFO  client.GrpcClientProtocolClient (GrpcClientProtocolClient.java:onNext(255)) - client-05DA20D107F8->b461a7b0-028a-4eb5-b268-b89ac225aff8: receive RaftClientReply:client-05DA20D107F8->b461a7b0-028a-4eb5-b268-b89ac225aff8@group-0C8C0AA7542A, cid=1864, SUCCESS, logIndex=2718, commits[b461a7b0-028a-4eb5-b268-b89ac225aff8:c2718, b6ff45f5-67b8-463b-a273-c2e7d9dadd75:c2714, 6a5cb75f-f7eb-4671-9a85-3b6f7898f6cc:c2714]
2019-08-28 21:29:42,374 | INFO  | DNAudit | user=null | ip=null | op=WRITE_CHUNK {blockData=conID: 3 locID: 102696732743500306 bcsId: 0} | ret=SUCCESS |  
2019-08-28 21:29:42,374 | INFO  | DNAudit | user=null | ip=null | op=WRITE_CHUNK {blockData=conID: 3 locID: 102696732743500306 bcsId: 0} | ret=SUCCESS |  
2019-08-28 21:29:42,374 | INFO  | DNAudit | user=null | ip=null | op=PUT_BLOCK {blockData=[blockId=conID: 3 locID: 102696732743500306 bcsId: 0,size=1048576]} | ret=SUCCESS |  
2019-08-28 21:29:42,375 | INFO  | DNAudit | user=null | ip=null | op=PUT_BLOCK {blockData=[blockId=conID: 3 locID: 102696732743500306 bcsId: 0,size=1048576]} | ret=SUCCESS |  
2019-08-28 21:29:42,375 | INFO  | DNAudit | user=null | ip=null | op=WRITE_CHUNK {blockData=conID: 3 locID: 102696732743500306 bcsId: 0} | ret=SUCCESS |  
2019-08-28 21:29:42,375 | INFO  | DNAudit | user=null | ip=null | op=WRITE_CHUNK {blockData=conID: 3 locID: 102696732743500306 bcsId: 0} | ret=SUCCESS |  
2019-08-28 21:29:42,375 | INFO  | DNAudit | user=null | ip=null | op=PUT_BLOCK {blockData=[blockId=conID: 3 locID: 102696732743500306 bcsId: 0,size=2097152]} | ret=SUCCESS |  
2019-08-28 21:29:42,376 | INFO  | DNAudit | user=null | ip=null | op=PUT_BLOCK {blockData=[blockId=conID: 3 locID: 102696732743500306 bcsId: 0,size=2097152]} | ret=SUCCESS |  
2019-08-28 21:29:42,376 [grpc-default-executor-3] INFO  client.GrpcClientProtocolClient (GrpcClientProtocolClient.java:onNext(255)) - client-05DA20D107F8->b461a7b0-028a-4eb5-b268-b89ac225aff8: receive RaftClientReply:client-05DA20D107F8->b461a7b0-028a-4eb5-b268-b89ac225aff8@group-0C8C0AA7542A, cid=1865, SUCCESS, logIndex=0, commits[b461a7b0-028a-4eb5-b268-b89ac225aff8:c2721, b6ff45f5-67b8-463b-a273-c2e7d9dadd75:c2716, 6a5cb75f-f7eb-4671-9a85-3b6f7898f6cc:c2717]
2019-08-28 21:29:42,382 | INFO  | DNAudit | user=null | ip=null | op=WRITE_CHUNK {blockData=conID: 3 locID: 102696732743500306 bcsId: 2718} | ret=SUCCESS |  
2019-08-28 21:29:42,384 | INFO  | DNAudit | user=null | ip=null | op=WRITE_CHUNK {blockData=conID: 3 locID: 102696732743500306 bcsId: 2718} | ret=SUCCESS |  
2019-08-28 21:29:42,384 | INFO  | DNAudit | user=null | ip=null | op=WRITE_CHUNK {blockData=conID: 3 locID: 102696732743500306 bcsId: 2718} | ret=SUCCESS |  
2019-08-28 21:29:42,403 | INFO  | DNAudit | user=null | ip=null | op=WRITE_CHUNK {blockData=conID: 3 locID: 102696732743500306 bcsId: 2718} | ret=SUCCESS |  
2019-08-28 21:29:42,403 | INFO  | DNAudit | user=null | ip=null | op=PUT_BLOCK {blockData=[blockId=conID: 3 locID: 102696732743500306 bcsId: 0,size=3145728]} | ret=SUCCESS |  
2019-08-28 21:29:42,403 [grpc-default-executor-2] INFO  client.GrpcClientProtocolClient (GrpcClientProtocolClient.java:onNext(255)) - client-05DA20D107F8->b461a7b0-028a-4eb5-b268-b89ac225aff8: receive RaftClientReply:client-05DA20D107F8->b461a7b0-028a-4eb5-b268-b89ac225aff8@group-0C8C0AA7542A, cid=1866, SUCCESS, logIndex=2723, commits[b461a7b0-028a-4eb5-b268-b89ac225aff8:c2724, b6ff45f5-67b8-463b-a273-c2e7d9dadd75:c2722, 6a5cb75f-f7eb-4671-9a85-3b6f7898f6cc:c2722]
2019-08-28 21:29:42,404 [grpc-default-executor-2] INFO  client.GrpcClientProtocolClient (GrpcClientProtocolClient.java:onNext(255)) - client-05DA20D107F8->b461a7b0-028a-4eb5-b268-b89ac225aff8: receive RaftClientReply:client-05DA20D107F8->b461a7b0-028a-4eb5-b268-b89ac225aff8@group-0C8C0AA7542A, cid=1867, SUCCESS, logIndex=2724, commits[b461a7b0-028a-4eb5-b268-b89ac225aff8:c2724, b6ff45f5-67b8-463b-a273-c2e7d9dadd75:c2722, 6a5cb75f-f7eb-4671-9a85-3b6f7898f6cc:c2722]
2019-08-28 21:29:42,410 | INFO  | DNAudit | user=null | ip=null | op=WRITE_CHUNK {blockData=conID: 3 locID: 102696732743500306 bcsId: 2724} | ret=SUCCESS |  
2019-08-28 21:29:42,413 | INFO  | DNAudit | user=null | ip=null | op=WRITE_CHUNK {blockData=conID: 3 locID: 102696732743500306 bcsId: 2724} | ret=SUCCESS |  
2019-08-28 21:29:42,413 | INFO  | DNAudit | user=null | ip=null | op=WRITE_CHUNK {blockData=conID: 3 locID: 102696732743500306 bcsId: 2724} | ret=SUCCESS |  
2019-08-28 21:29:42,415 | INFO  | DNAudit | user=null | ip=null | op=WRITE_CHUNK {blockData=conID: 3 locID: 102696732743500306 bcsId: 2718} | ret=SUCCESS |  
2019-08-28 21:29:42,415 | INFO  | DNAudit | user=null | ip=null | op=WRITE_CHUNK {blockData=conID: 3 locID: 102696732743500306 bcsId: 2718} | ret=SUCCESS |  
2019-08-28 21:29:42,416 | INFO  | DNAudit | user=null | ip=null | op=PUT_BLOCK {blockData=[blockId=conID: 3 locID: 102696732743500306 bcsId: 0,size=3145728]} | ret=SUCCESS |  
2019-08-28 21:29:42,416 | INFO  | DNAudit | user=null | ip=null | op=WRITE_CHUNK {blockData=conID: 3 locID: 102696732743500306 bcsId: 2724} | ret=SUCCESS |  
2019-08-28 21:29:42,417 | INFO  | DNAudit | user=null | ip=null | op=PUT_BLOCK {blockData=[blockId=conID: 3 locID: 102696732743500306 bcsId: 0,size=4194304]} | ret=SUCCESS |  
2019-08-28 21:29:42,417 | INFO  | DNAudit | user=null | ip=null | op=PUT_BLOCK {blockData=[blockId=conID: 3 locID: 102696732743500306 bcsId: 0,size=3145728]} | ret=SUCCESS |  
2019-08-28 21:29:42,417 [grpc-default-executor-2] INFO  client.GrpcClientProtocolClient (GrpcClientProtocolClient.java:onNext(255)) - client-05DA20D107F8->b461a7b0-028a-4eb5-b268-b89ac225aff8: receive RaftClientReply:client-05DA20D107F8->b461a7b0-028a-4eb5-b268-b89ac225aff8@group-0C8C0AA7542A, cid=1868, SUCCESS, logIndex=2727, commits[b461a7b0-028a-4eb5-b268-b89ac225aff8:c2728, b6ff45f5-67b8-463b-a273-c2e7d9dadd75:c2724, 6a5cb75f-f7eb-4671-9a85-3b6f7898f6cc:c2723]
2019-08-28 21:29:42,417 [grpc-default-executor-2] INFO  client.GrpcClientProtocolClient (GrpcClientProtocolClient.java:onNext(255)) - client-05DA20D107F8->b461a7b0-028a-4eb5-b268-b89ac225aff8: receive RaftClientReply:client-05DA20D107F8->b461a7b0-028a-4eb5-b268-b89ac225aff8@group-0C8C0AA7542A, cid=1869, SUCCESS, logIndex=2728, commits[b461a7b0-028a-4eb5-b268-b89ac225aff8:c2728, b6ff45f5-67b8-463b-a273-c2e7d9dadd75:c2724, 6a5cb75f-f7eb-4671-9a85-3b6f7898f6cc:c2723]
2019-08-28 21:29:42,418 | INFO  | DNAudit | user=null | ip=null | op=WRITE_CHUNK {blockData=conID: 3 locID: 102696732743500306 bcsId: 2724} | ret=SUCCESS |  
2019-08-28 21:29:42,419 [grpc-default-executor-2] INFO  client.GrpcClientProtocolClient (GrpcClientProtocolClient.java:onNext(255)) - client-05DA20D107F8->b461a7b0-028a-4eb5-b268-b89ac225aff8: receive RaftClientReply:client-05DA20D107F8->b461a7b0-028a-4eb5-b268-b89ac225aff8@group-0C8C0AA7542A, cid=1870, SUCCESS, logIndex=0, commits[b461a7b0-028a-4eb5-b268-b89ac225aff8:c2728, b6ff45f5-67b8-463b-a273-c2e7d9dadd75:c2724, 6a5cb75f-f7eb-4671-9a85-3b6f7898f6cc:c2724]
2019-08-28 21:29:42,420 | INFO  | DNAudit | user=null | ip=null | op=WRITE_CHUNK {blockData=conID: 3 locID: 102696732743500306 bcsId: 2724} | ret=SUCCESS |  
2019-08-28 21:29:42,420 | INFO  | DNAudit | user=null | ip=null | op=PUT_BLOCK {blockData=[blockId=conID: 3 locID: 102696732743500306 bcsId: 0,size=4194304]} | ret=SUCCESS |  
2019-08-28 21:29:42,420 | INFO  | DNAudit | user=null | ip=null | op=PUT_BLOCK {blockData=[blockId=conID: 3 locID: 102696732743500306 bcsId: 0,size=4194304]} | ret=SUCCESS |  
2019-08-28 21:29:42,421 [grpc-default-executor-2] INFO  client.GrpcClientProtocolClient (GrpcClientProtocolClient.java:onNext(255)) - client-05DA20D107F8->b461a7b0-028a-4eb5-b268-b89ac225aff8: receive RaftClientReply:client-05DA20D107F8->b461a7b0-028a-4eb5-b268-b89ac225aff8@group-0C8C0AA7542A, cid=1871, SUCCESS, logIndex=0, commits[b461a7b0-028a-4eb5-b268-b89ac225aff8:c2730, b6ff45f5-67b8-463b-a273-c2e7d9dadd75:c2728, 6a5cb75f-f7eb-4671-9a85-3b6f7898f6cc:c2728]
2019-08-28 21:29:42,424 | INFO  | SCMAudit | user=jenkins1000 | ip=127.0.0.1 | op=ALLOCATE_BLOCK {owner=a0140aad-a474-4492-a39d-25bd6167d9f0, size=4194304, type=RATIS, factor=THREE} | ret=SUCCESS |  
2019-08-28 21:29:42,426 | INFO  | OMAudit | user=jenkins1000 | ip=127.0.0.1 | op=ALLOCATE_BLOCK {volume=vol-0-08922, bucket=bucket-0-29862, key=key-0-31337, dataSize=0, replicationType=null, replicationFactor=null, keyLocationInfo=null, clientID=102696731548516754} | ret=SUCCESS |  
2019-08-28 21:29:42,433 | INFO  | DNAudit | user=null | ip=null | op=WRITE_CHUNK {blockData=conID: 1 locID: 102696732748939795 bcsId: 0} | ret=SUCCESS |  
2019-08-28 21:29:42,435 | INFO  | DNAudit | user=null | ip=null | op=WRITE_CHUNK {blockData=conID: 1 locID: 102696732748939795 bcsId: 0} | ret=SUCCESS |  
2019-08-28 21:29:42,436 | INFO  | DNAudit | user=null | ip=null | op=WRITE_CHUNK {blockData=conID: 1 locID: 102696732748939795 bcsId: 0} | ret=SUCCESS |  
2019-08-28 21:29:42,436 | INFO  | DNAudit | user=null | ip=null | op=WRITE_CHUNK {blockData=conID: 1 locID: 102696732748939795 bcsId: 0} | ret=SUCCESS |  
2019-08-28 21:29:42,437 | INFO  | DNAudit | user=null | ip=null | op=WRITE_CHUNK {blockData=conID: 1 locID: 102696732748939795 bcsId: 0} | ret=SUCCESS |  
2019-08-28 21:29:42,437 | INFO  | DNAudit | user=null | ip=null | op=WRITE_CHUNK {blockData=conID: 1 locID: 102696732748939795 bcsId: 0} | ret=SUCCESS |  
2019-08-28 21:29:42,454 | INFO  | DNAudit | user=null | ip=null | op=WRITE_CHUNK {blockData=conID: 1 locID: 102696732748939795 bcsId: 0} | ret=SUCCESS |  
2019-08-28 21:29:42,454 | INFO  | DNAudit | user=null | ip=null | op=PUT_BLOCK {blockData=[blockId=conID: 1 locID: 102696732748939795 bcsId: 0,size=1048576]} | ret=SUCCESS |  
2019-08-28 21:29:42,455 [grpc-default-executor-6] INFO  client.GrpcClientProtocolClient (GrpcClientProtocolClient.java:onNext(255)) - client-05DA20D107F8->b461a7b0-028a-4eb5-b268-b89ac225aff8: receive RaftClientReply:client-05DA20D107F8->b461a7b0-028a-4eb5-b268-b89ac225aff8@group-0C8C0AA7542A, cid=1872, SUCCESS, logIndex=2731, commits[b461a7b0-028a-4eb5-b268-b89ac225aff8:c2733, b6ff45f5-67b8-463b-a273-c2e7d9dadd75:c2730, 6a5cb75f-f7eb-4671-9a85-3b6f7898f6cc:c2730]
2019-08-28 21:29:42,455 | INFO  | DNAudit | user=null | ip=null | op=WRITE_CHUNK {blockData=conID: 1 locID: 102696732748939795 bcsId: 0} | ret=SUCCESS |  
2019-08-28 21:29:42,455 [grpc-default-executor-6] INFO  client.GrpcClientProtocolClient (GrpcClientProtocolClient.java:onNext(255)) - client-05DA20D107F8->b461a7b0-028a-4eb5-b268-b89ac225aff8: receive RaftClientReply:client-05DA20D107F8->b461a7b0-028a-4eb5-b268-b89ac225aff8@group-0C8C0AA7542A, cid=1873, SUCCESS, logIndex=2732, commits[b461a7b0-028a-4eb5-b268-b89ac225aff8:c2734, b6ff45f5-67b8-463b-a273-c2e7d9dadd75:c2730, 6a5cb75f-f7eb-4671-9a85-3b6f7898f6cc:c2730]
2019-08-28 21:29:42,455 | INFO  | DNAudit | user=null | ip=null | op=PUT_BLOCK {blockData=[blockId=conID: 1 locID: 102696732748939795 bcsId: 0,size=2097152]} | ret=SUCCESS |  
2019-08-28 21:29:42,455 [grpc-default-executor-6] INFO  client.GrpcClientProtocolClient (GrpcClientProtocolClient.java:onNext(255)) - client-05DA20D107F8->b461a7b0-028a-4eb5-b268-b89ac225aff8: receive RaftClientReply:client-05DA20D107F8->b461a7b0-028a-4eb5-b268-b89ac225aff8@group-0C8C0AA7542A, cid=1874, SUCCESS, logIndex=2733, commits[b461a7b0-028a-4eb5-b268-b89ac225aff8:c2734, b6ff45f5-67b8-463b-a273-c2e7d9dadd75:c2730, 6a5cb75f-f7eb-4671-9a85-3b6f7898f6cc:c2730]
2019-08-28 21:29:42,456 [grpc-default-executor-6] INFO  client.GrpcClientProtocolClient (GrpcClientProtocolClient.java:onNext(255)) - client-05DA20D107F8->b461a7b0-028a-4eb5-b268-b89ac225aff8: receive RaftClientReply:client-05DA20D107F8->b461a7b0-028a-4eb5-b268-b89ac225aff8@group-0C8C0AA7542A, cid=1875, SUCCESS, logIndex=2734, commits[b461a7b0-028a-4eb5-b268-b89ac225aff8:c2734, b6ff45f5-67b8-463b-a273-c2e7d9dadd75:c2730, 6a5cb75f-f7eb-4671-9a85-3b6f7898f6cc:c2730]
2019-08-28 21:29:42,472 | INFO  | DNAudit | user=null | ip=null | op=WRITE_CHUNK {blockData=conID: 1 locID: 102696732748939795 bcsId: 0} | ret=SUCCESS |  
2019-08-28 21:29:42,480 | INFO  | DNAudit | user=null | ip=null | op=WRITE_CHUNK {blockData=conID: 1 locID: 102696732748939795 bcsId: 0} | ret=SUCCESS |  
2019-08-28 21:29:42,480 | INFO  | DNAudit | user=null | ip=null | op=PUT_BLOCK {blockData=[blockId=conID: 1 locID: 102696732748939795 bcsId: 0,size=1048576]} | ret=SUCCESS |  
2019-08-28 21:29:42,480 | INFO  | DNAudit | user=null | ip=null | op=PUT_BLOCK {blockData=[blockId=conID: 1 locID: 102696732748939795 bcsId: 0,size=1048576]} | ret=SUCCESS |  
2019-08-28 21:29:42,480 | INFO  | DNAudit | user=null | ip=null | op=WRITE_CHUNK {blockData=conID: 1 locID: 102696732748939795 bcsId: 0} | ret=SUCCESS |  
2019-08-28 21:29:42,480 | INFO  | DNAudit | user=null | ip=null | op=WRITE_CHUNK {blockData=conID: 1 locID: 102696732748939795 bcsId: 0} | ret=SUCCESS |  
2019-08-28 21:29:42,480 | INFO  | DNAudit | user=null | ip=null | op=PUT_BLOCK {blockData=[blockId=conID: 1 locID: 102696732748939795 bcsId: 0,size=2097152]} | ret=SUCCESS |  
2019-08-28 21:29:42,481 | INFO  | DNAudit | user=null | ip=null | op=PUT_BLOCK {blockData=[blockId=conID: 1 locID: 102696732748939795 bcsId: 0,size=2097152]} | ret=SUCCESS |  
2019-08-28 21:29:42,481 [grpc-default-executor-6] INFO  client.GrpcClientProtocolClient (GrpcClientProtocolClient.java:onNext(255)) - client-05DA20D107F8->b461a7b0-028a-4eb5-b268-b89ac225aff8: receive RaftClientReply:client-05DA20D107F8->b461a7b0-028a-4eb5-b268-b89ac225aff8@group-0C8C0AA7542A, cid=1876, SUCCESS, logIndex=0, commits[b461a7b0-028a-4eb5-b268-b89ac225aff8:c2738, b6ff45f5-67b8-463b-a273-c2e7d9dadd75:c2734, 6a5cb75f-f7eb-4671-9a85-3b6f7898f6cc:c2732]
2019-08-28 21:29:42,487 | INFO  | DNAudit | user=null | ip=null | op=WRITE_CHUNK {blockData=conID: 1 locID: 102696732748939795 bcsId: 2734} | ret=SUCCESS |  
2019-08-28 21:29:42,489 | INFO  | DNAudit | user=null | ip=null | op=WRITE_CHUNK {blockData=conID: 1 locID: 102696732748939795 bcsId: 2734} | ret=SUCCESS |  
2019-08-28 21:29:42,490 | INFO  | DNAudit | user=null | ip=null | op=WRITE_CHUNK {blockData=conID: 1 locID: 102696732748939795 bcsId: 2734} | ret=SUCCESS |  
2019-08-28 21:29:42,500 | INFO  | SCMAudit | user=jenkins1000 | ip=192.168.36.107 | op=SEND_HEARTBEAT {datanodeUUID=68f89a68-6a96-4cde-8528-8617611d459d, command=[]} | ret=SUCCESS |  
2019-08-28 21:29:42,500 | INFO  | SCMAudit | user=jenkins1000 | ip=192.168.36.107 | op=SEND_HEARTBEAT {datanodeUUID=af4986ea-80d8-4c92-96d2-2b3929a4248a, command=[]} | ret=SUCCESS |  
2019-08-28 21:29:42,506 | INFO  | DNAudit | user=null | ip=null | op=WRITE_CHUNK {blockData=conID: 1 locID: 102696732748939795 bcsId: 2734} | ret=SUCCESS |  
2019-08-28 21:29:42,506 | INFO  | DNAudit | user=null | ip=null | op=PUT_BLOCK {blockData=[blockId=conID: 1 locID: 102696732748939795 bcsId: 0,size=3145728]} | ret=SUCCESS |  
2019-08-28 21:29:42,506 [grpc-default-executor-3] INFO  client.GrpcClientProtocolClient (GrpcClientProtocolClient.java:onNext(255)) - client-05DA20D107F8->b461a7b0-028a-4eb5-b268-b89ac225aff8: receive RaftClientReply:client-05DA20D107F8->b461a7b0-028a-4eb5-b268-b89ac225aff8@group-0C8C0AA7542A, cid=1877, SUCCESS, logIndex=2739, commits[b461a7b0-028a-4eb5-b268-b89ac225aff8:c2740, b6ff45f5-67b8-463b-a273-c2e7d9dadd75:c2738, 6a5cb75f-f7eb-4671-9a85-3b6f7898f6cc:c2738]
2019-08-28 21:29:42,506 [grpc-default-executor-3] INFO  client.GrpcClientProtocolClient (GrpcClientProtocolClient.java:onNext(255)) - client-05DA20D107F8->b461a7b0-028a-4eb5-b268-b89ac225aff8: receive RaftClientReply:client-05DA20D107F8->b461a7b0-028a-4eb5-b268-b89ac225aff8@group-0C8C0AA7542A, cid=1878, SUCCESS, logIndex=2740, commits[b461a7b0-028a-4eb5-b268-b89ac225aff8:c2740, b6ff45f5-67b8-463b-a273-c2e7d9dadd75:c2738, 6a5cb75f-f7eb-4671-9a85-3b6f7898f6cc:c2738]
2019-08-28 21:29:42,512 | INFO  | DNAudit | user=null | ip=null | op=WRITE_CHUNK {blockData=conID: 1 locID: 102696732748939795 bcsId: 2740} | ret=SUCCESS |  
2019-08-28 21:29:42,515 | INFO  | DNAudit | user=null | ip=null | op=WRITE_CHUNK {blockData=conID: 1 locID: 102696732748939795 bcsId: 2740} | ret=SUCCESS |  
2019-08-28 21:29:42,515 | INFO  | DNAudit | user=null | ip=null | op=WRITE_CHUNK {blockData=conID: 1 locID: 102696732748939795 bcsId: 2740} | ret=SUCCESS |  
2019-08-28 21:29:42,517 | INFO  | DNAudit | user=null | ip=null | op=WRITE_CHUNK {blockData=conID: 1 locID: 102696732748939795 bcsId: 2734} | ret=SUCCESS |  
2019-08-28 21:29:42,518 | INFO  | DNAudit | user=null | ip=null | op=WRITE_CHUNK {blockData=conID: 1 locID: 102696732748939795 bcsId: 2734} | ret=SUCCESS |  
2019-08-28 21:29:42,518 | INFO  | DNAudit | user=null | ip=null | op=PUT_BLOCK {blockData=[blockId=conID: 1 locID: 102696732748939795 bcsId: 0,size=3145728]} | ret=SUCCESS |  
2019-08-28 21:29:42,518 | INFO  | DNAudit | user=null | ip=null | op=PUT_BLOCK {blockData=[blockId=conID: 1 locID: 102696732748939795 bcsId: 0,size=3145728]} | ret=SUCCESS |  
2019-08-28 21:29:42,520 | INFO  | DNAudit | user=null | ip=null | op=WRITE_CHUNK {blockData=conID: 1 locID: 102696732748939795 bcsId: 2740} | ret=SUCCESS |  
2019-08-28 21:29:42,520 | INFO  | DNAudit | user=null | ip=null | op=PUT_BLOCK {blockData=[blockId=conID: 1 locID: 102696732748939795 bcsId: 0,size=4194304]} | ret=SUCCESS |  
2019-08-28 21:29:42,520 [grpc-default-executor-2] INFO  client.GrpcClientProtocolClient (GrpcClientProtocolClient.java:onNext(255)) - client-05DA20D107F8->b461a7b0-028a-4eb5-b268-b89ac225aff8: receive RaftClientReply:client-05DA20D107F8->b461a7b0-028a-4eb5-b268-b89ac225aff8@group-0C8C0AA7542A, cid=1879, SUCCESS, logIndex=2743, commits[b461a7b0-028a-4eb5-b268-b89ac225aff8:c2744, b6ff45f5-67b8-463b-a273-c2e7d9dadd75:c2740, 6a5cb75f-f7eb-4671-9a85-3b6f7898f6cc:c2740]
2019-08-28 21:29:42,520 [grpc-default-executor-2] INFO  client.GrpcClientProtocolClient (GrpcClientProtocolClient.java:onNext(255)) - client-05DA20D107F8->b461a7b0-028a-4eb5-b268-b89ac225aff8: receive RaftClientReply:client-05DA20D107F8->b461a7b0-028a-4eb5-b268-b89ac225aff8@group-0C8C0AA7542A, cid=1880, SUCCESS, logIndex=2744, commits[b461a7b0-028a-4eb5-b268-b89ac225aff8:c2744, b6ff45f5-67b8-463b-a273-c2e7d9dadd75:c2740, 6a5cb75f-f7eb-4671-9a85-3b6f7898f6cc:c2740]
2019-08-28 21:29:42,526 | INFO  | DNAudit | user=null | ip=null | op=WRITE_CHUNK {blockData=conID: 1 locID: 102696732748939795 bcsId: 2740} | ret=SUCCESS |  
2019-08-28 21:29:42,526 | INFO  | DNAudit | user=null | ip=null | op=WRITE_CHUNK {blockData=conID: 1 locID: 102696732748939795 bcsId: 2740} | ret=SUCCESS |  
2019-08-28 21:29:42,527 | INFO  | DNAudit | user=null | ip=null | op=PUT_BLOCK {blockData=[blockId=conID: 1 locID: 102696732748939795 bcsId: 0,size=4194304]} | ret=SUCCESS |  
2019-08-28 21:29:42,527 | INFO  | DNAudit | user=null | ip=null | op=PUT_BLOCK {blockData=[blockId=conID: 1 locID: 102696732748939795 bcsId: 0,size=4194304]} | ret=SUCCESS |  
2019-08-28 21:29:42,528 [grpc-default-executor-6] INFO  client.GrpcClientProtocolClient (GrpcClientProtocolClient.java:onNext(255)) - client-05DA20D107F8->b461a7b0-028a-4eb5-b268-b89ac225aff8: receive RaftClientReply:client-05DA20D107F8->b461a7b0-028a-4eb5-b268-b89ac225aff8@group-0C8C0AA7542A, cid=1881, SUCCESS, logIndex=0, commits[b461a7b0-028a-4eb5-b268-b89ac225aff8:c2746, b6ff45f5-67b8-463b-a273-c2e7d9dadd75:c2744, 6a5cb75f-f7eb-4671-9a85-3b6f7898f6cc:c2744]
2019-08-28 21:29:42,531 | INFO  | SCMAudit | user=jenkins1000 | ip=127.0.0.1 | op=ALLOCATE_BLOCK {owner=a0140aad-a474-4492-a39d-25bd6167d9f0, size=4194304, type=RATIS, factor=THREE} | ret=SUCCESS |  
2019-08-28 21:29:42,533 | INFO  | OMAudit | user=jenkins1000 | ip=127.0.0.1 | op=ALLOCATE_BLOCK {volume=vol-0-08922, bucket=bucket-0-29862, key=key-0-31337, dataSize=0, replicationType=null, replicationFactor=null, keyLocationInfo=null, clientID=102696731548516754} | ret=SUCCESS |  
2019-08-28 21:29:42,539 | INFO  | DNAudit | user=null | ip=null | op=WRITE_CHUNK {blockData=conID: 2 locID: 102696732755952148 bcsId: 0} | ret=SUCCESS |  
2019-08-28 21:29:42,541 | INFO  | DNAudit | user=null | ip=null | op=WRITE_CHUNK {blockData=conID: 2 locID: 102696732755952148 bcsId: 0} | ret=SUCCESS |  
2019-08-28 21:29:42,542 | INFO  | DNAudit | user=null | ip=null | op=WRITE_CHUNK {blockData=conID: 2 locID: 102696732755952148 bcsId: 0} | ret=SUCCESS |  
2019-08-28 21:29:42,543 | INFO  | DNAudit | user=null | ip=null | op=WRITE_CHUNK {blockData=conID: 2 locID: 102696732755952148 bcsId: 0} | ret=SUCCESS |  
2019-08-28 21:29:42,543 | INFO  | DNAudit | user=null | ip=null | op=WRITE_CHUNK {blockData=conID: 2 locID: 102696732755952148 bcsId: 0} | ret=SUCCESS |  
2019-08-28 21:29:42,543 | INFO  | DNAudit | user=null | ip=null | op=WRITE_CHUNK {blockData=conID: 2 locID: 102696732755952148 bcsId: 0} | ret=SUCCESS |  
2019-08-28 21:29:42,556 | INFO  | DNAudit | user=null | ip=null | op=WRITE_CHUNK {blockData=conID: 2 locID: 102696732755952148 bcsId: 0} | ret=SUCCESS |  
2019-08-28 21:29:42,557 | INFO  | DNAudit | user=null | ip=null | op=PUT_BLOCK {blockData=[blockId=conID: 2 locID: 102696732755952148 bcsId: 0,size=1048576]} | ret=SUCCESS |  
2019-08-28 21:29:42,557 | INFO  | DNAudit | user=null | ip=null | op=WRITE_CHUNK {blockData=conID: 2 locID: 102696732755952148 bcsId: 0} | ret=SUCCESS |  
2019-08-28 21:29:42,557 [grpc-default-executor-6] INFO  client.GrpcClientProtocolClient (GrpcClientProtocolClient.java:onNext(255)) - client-05DA20D107F8->b461a7b0-028a-4eb5-b268-b89ac225aff8: receive RaftClientReply:client-05DA20D107F8->b461a7b0-028a-4eb5-b268-b89ac225aff8@group-0C8C0AA7542A, cid=1882, SUCCESS, logIndex=2747, commits[b461a7b0-028a-4eb5-b268-b89ac225aff8:c2748, b6ff45f5-67b8-463b-a273-c2e7d9dadd75:c2746, 6a5cb75f-f7eb-4671-9a85-3b6f7898f6cc:c2746]
2019-08-28 21:29:42,557 | INFO  | DNAudit | user=null | ip=null | op=PUT_BLOCK {blockData=[blockId=conID: 2 locID: 102696732755952148 bcsId: 0,size=2097152]} | ret=SUCCESS |  
2019-08-28 21:29:42,557 [grpc-default-executor-6] INFO  client.GrpcClientProtocolClient (GrpcClientProtocolClient.java:onNext(255)) - client-05DA20D107F8->b461a7b0-028a-4eb5-b268-b89ac225aff8: receive RaftClientReply:client-05DA20D107F8->b461a7b0-028a-4eb5-b268-b89ac225aff8@group-0C8C0AA7542A, cid=1883, SUCCESS, logIndex=2748, commits[b461a7b0-028a-4eb5-b268-b89ac225aff8:c2750, b6ff45f5-67b8-463b-a273-c2e7d9dadd75:c2746, 6a5cb75f-f7eb-4671-9a85-3b6f7898f6cc:c2746]
2019-08-28 21:29:42,557 [grpc-default-executor-6] INFO  client.GrpcClientProtocolClient (GrpcClientProtocolClient.java:onNext(255)) - client-05DA20D107F8->b461a7b0-028a-4eb5-b268-b89ac225aff8: receive RaftClientReply:client-05DA20D107F8->b461a7b0-028a-4eb5-b268-b89ac225aff8@group-0C8C0AA7542A, cid=1884, SUCCESS, logIndex=2749, commits[b461a7b0-028a-4eb5-b268-b89ac225aff8:c2750, b6ff45f5-67b8-463b-a273-c2e7d9dadd75:c2746, 6a5cb75f-f7eb-4671-9a85-3b6f7898f6cc:c2746]
2019-08-28 21:29:42,558 [grpc-default-executor-6] INFO  client.GrpcClientProtocolClient (GrpcClientProtocolClient.java:onNext(255)) - client-05DA20D107F8->b461a7b0-028a-4eb5-b268-b89ac225aff8: receive RaftClientReply:client-05DA20D107F8->b461a7b0-028a-4eb5-b268-b89ac225aff8@group-0C8C0AA7542A, cid=1885, SUCCESS, logIndex=2750, commits[b461a7b0-028a-4eb5-b268-b89ac225aff8:c2750, b6ff45f5-67b8-463b-a273-c2e7d9dadd75:c2746, 6a5cb75f-f7eb-4671-9a85-3b6f7898f6cc:c2746]
2019-08-28 21:29:42,566 | INFO  | DNAudit | user=null | ip=null | op=WRITE_CHUNK {blockData=conID: 2 locID: 102696732755952148 bcsId: 0} | ret=SUCCESS |  
2019-08-28 21:29:42,566 | INFO  | DNAudit | user=null | ip=null | op=WRITE_CHUNK {blockData=conID: 2 locID: 102696732755952148 bcsId: 0} | ret=SUCCESS |  
2019-08-28 21:29:42,567 | INFO  | DNAudit | user=null | ip=null | op=PUT_BLOCK {blockData=[blockId=conID: 2 locID: 102696732755952148 bcsId: 0,size=1048576]} | ret=SUCCESS |  
2019-08-28 21:29:42,567 | INFO  | DNAudit | user=null | ip=null | op=WRITE_CHUNK {blockData=conID: 2 locID: 102696732755952148 bcsId: 0} | ret=SUCCESS |  
2019-08-28 21:29:42,567 | INFO  | DNAudit | user=null | ip=null | op=PUT_BLOCK {blockData=[blockId=conID: 2 locID: 102696732755952148 bcsId: 0,size=1048576]} | ret=SUCCESS |  
2019-08-28 21:29:42,568 | INFO  | DNAudit | user=null | ip=null | op=PUT_BLOCK {blockData=[blockId=conID: 2 locID: 102696732755952148 bcsId: 0,size=2097152]} | ret=SUCCESS |  
2019-08-28 21:29:42,568 | INFO  | DNAudit | user=null | ip=null | op=WRITE_CHUNK {blockData=conID: 2 locID: 102696732755952148 bcsId: 0} | ret=SUCCESS |  
2019-08-28 21:29:42,568 | INFO  | DNAudit | user=null | ip=null | op=PUT_BLOCK {blockData=[blockId=conID: 2 locID: 102696732755952148 bcsId: 0,size=2097152]} | ret=SUCCESS |  
2019-08-28 21:29:42,568 [grpc-default-executor-6] INFO  client.GrpcClientProtocolClient (GrpcClientProtocolClient.java:onNext(255)) - client-05DA20D107F8->b461a7b0-028a-4eb5-b268-b89ac225aff8: receive RaftClientReply:client-05DA20D107F8->b461a7b0-028a-4eb5-b268-b89ac225aff8@group-0C8C0AA7542A, cid=1886, SUCCESS, logIndex=0, commits[b461a7b0-028a-4eb5-b268-b89ac225aff8:c2752, b6ff45f5-67b8-463b-a273-c2e7d9dadd75:c2748, 6a5cb75f-f7eb-4671-9a85-3b6f7898f6cc:c2748]
2019-08-28 21:29:42,574 | INFO  | DNAudit | user=null | ip=null | op=WRITE_CHUNK {blockData=conID: 2 locID: 102696732755952148 bcsId: 2750} | ret=SUCCESS |  
2019-08-28 21:29:42,576 | INFO  | DNAudit | user=null | ip=null | op=WRITE_CHUNK {blockData=conID: 2 locID: 102696732755952148 bcsId: 2750} | ret=SUCCESS |  
2019-08-28 21:29:42,577 | INFO  | DNAudit | user=null | ip=null | op=WRITE_CHUNK {blockData=conID: 2 locID: 102696732755952148 bcsId: 2750} | ret=SUCCESS |  
2019-08-28 21:29:42,591 | INFO  | DNAudit | user=null | ip=null | op=WRITE_CHUNK {blockData=conID: 2 locID: 102696732755952148 bcsId: 2750} | ret=SUCCESS |  
2019-08-28 21:29:42,592 | INFO  | DNAudit | user=null | ip=null | op=PUT_BLOCK {blockData=[blockId=conID: 2 locID: 102696732755952148 bcsId: 0,size=3145728]} | ret=SUCCESS |  
2019-08-28 21:29:42,592 [grpc-default-executor-2] INFO  client.GrpcClientProtocolClient (GrpcClientProtocolClient.java:onNext(255)) - client-05DA20D107F8->b461a7b0-028a-4eb5-b268-b89ac225aff8: receive RaftClientReply:client-05DA20D107F8->b461a7b0-028a-4eb5-b268-b89ac225aff8@group-0C8C0AA7542A, cid=1887, SUCCESS, logIndex=2755, commits[b461a7b0-028a-4eb5-b268-b89ac225aff8:c2756, b6ff45f5-67b8-463b-a273-c2e7d9dadd75:c2754, 6a5cb75f-f7eb-4671-9a85-3b6f7898f6cc:c2754]
2019-08-28 21:29:42,592 [grpc-default-executor-2] INFO  client.GrpcClientProtocolClient (GrpcClientProtocolClient.java:onNext(255)) - client-05DA20D107F8->b461a7b0-028a-4eb5-b268-b89ac225aff8: receive RaftClientReply:client-05DA20D107F8->b461a7b0-028a-4eb5-b268-b89ac225aff8@group-0C8C0AA7542A, cid=1888, SUCCESS, logIndex=2756, commits[b461a7b0-028a-4eb5-b268-b89ac225aff8:c2756, b6ff45f5-67b8-463b-a273-c2e7d9dadd75:c2754, 6a5cb75f-f7eb-4671-9a85-3b6f7898f6cc:c2754]
2019-08-28 21:29:42,598 | INFO  | DNAudit | user=null | ip=null | op=WRITE_CHUNK {blockData=conID: 2 locID: 102696732755952148 bcsId: 2756} | ret=SUCCESS |  
2019-08-28 21:29:42,600 | INFO  | DNAudit | user=null | ip=null | op=WRITE_CHUNK {blockData=conID: 2 locID: 102696732755952148 bcsId: 2750} | ret=SUCCESS |  
2019-08-28 21:29:42,600 | INFO  | DNAudit | user=null | ip=null | op=WRITE_CHUNK {blockData=conID: 2 locID: 102696732755952148 bcsId: 2750} | ret=SUCCESS |  
2019-08-28 21:29:42,600 | INFO  | DNAudit | user=null | ip=null | op=PUT_BLOCK {blockData=[blockId=conID: 2 locID: 102696732755952148 bcsId: 0,size=3145728]} | ret=SUCCESS |  
2019-08-28 21:29:42,601 | INFO  | DNAudit | user=null | ip=null | op=PUT_BLOCK {blockData=[blockId=conID: 2 locID: 102696732755952148 bcsId: 0,size=3145728]} | ret=SUCCESS |  
2019-08-28 21:29:42,601 | INFO  | DNAudit | user=null | ip=null | op=WRITE_CHUNK {blockData=conID: 2 locID: 102696732755952148 bcsId: 2756} | ret=SUCCESS |  
2019-08-28 21:29:42,601 | INFO  | DNAudit | user=null | ip=null | op=WRITE_CHUNK {blockData=conID: 2 locID: 102696732755952148 bcsId: 2756} | ret=SUCCESS |  
2019-08-28 21:29:42,606 | INFO  | DNAudit | user=null | ip=null | op=WRITE_CHUNK {blockData=conID: 2 locID: 102696732755952148 bcsId: 2756} | ret=SUCCESS |  
2019-08-28 21:29:42,607 | INFO  | DNAudit | user=null | ip=null | op=PUT_BLOCK {blockData=[blockId=conID: 2 locID: 102696732755952148 bcsId: 0,size=4194304]} | ret=SUCCESS |  
2019-08-28 21:29:42,607 [grpc-default-executor-6] INFO  client.GrpcClientProtocolClient (GrpcClientProtocolClient.java:onNext(255)) - client-05DA20D107F8->b461a7b0-028a-4eb5-b268-b89ac225aff8: receive RaftClientReply:client-05DA20D107F8->b461a7b0-028a-4eb5-b268-b89ac225aff8@group-0C8C0AA7542A, cid=1889, SUCCESS, logIndex=2759, commits[b461a7b0-028a-4eb5-b268-b89ac225aff8:c2760, b6ff45f5-67b8-463b-a273-c2e7d9dadd75:c2756, 6a5cb75f-f7eb-4671-9a85-3b6f7898f6cc:c2756]
2019-08-28 21:29:42,608 [grpc-default-executor-6] INFO  client.GrpcClientProtocolClient (GrpcClientProtocolClient.java:onNext(255)) - client-05DA20D107F8->b461a7b0-028a-4eb5-b268-b89ac225aff8: receive RaftClientReply:client-05DA20D107F8->b461a7b0-028a-4eb5-b268-b89ac225aff8@group-0C8C0AA7542A, cid=1890, SUCCESS, logIndex=2760, commits[b461a7b0-028a-4eb5-b268-b89ac225aff8:c2760, b6ff45f5-67b8-463b-a273-c2e7d9dadd75:c2756, 6a5cb75f-f7eb-4671-9a85-3b6f7898f6cc:c2756]
2019-08-28 21:29:42,628 | INFO  | DNAudit | user=null | ip=null | op=WRITE_CHUNK {blockData=conID: 2 locID: 102696732755952148 bcsId: 2756} | ret=SUCCESS |  
2019-08-28 21:29:42,628 | INFO  | DNAudit | user=null | ip=null | op=WRITE_CHUNK {blockData=conID: 2 locID: 102696732755952148 bcsId: 2756} | ret=SUCCESS |  
2019-08-28 21:29:42,629 | INFO  | DNAudit | user=null | ip=null | op=PUT_BLOCK {blockData=[blockId=conID: 2 locID: 102696732755952148 bcsId: 0,size=4194304]} | ret=SUCCESS |  
2019-08-28 21:29:42,629 | INFO  | DNAudit | user=null | ip=null | op=PUT_BLOCK {blockData=[blockId=conID: 2 locID: 102696732755952148 bcsId: 0,size=4194304]} | ret=SUCCESS |  
2019-08-28 21:29:42,630 [grpc-default-executor-5] INFO  client.GrpcClientProtocolClient (GrpcClientProtocolClient.java:onNext(255)) - client-05DA20D107F8->b461a7b0-028a-4eb5-b268-b89ac225aff8: receive RaftClientReply:client-05DA20D107F8->b461a7b0-028a-4eb5-b268-b89ac225aff8@group-0C8C0AA7542A, cid=1891, SUCCESS, logIndex=0, commits[b461a7b0-028a-4eb5-b268-b89ac225aff8:c2762, b6ff45f5-67b8-463b-a273-c2e7d9dadd75:c2760, 6a5cb75f-f7eb-4671-9a85-3b6f7898f6cc:c2760]
2019-08-28 21:29:42,634 | INFO  | SCMAudit | user=jenkins1000 | ip=127.0.0.1 | op=ALLOCATE_BLOCK {owner=a0140aad-a474-4492-a39d-25bd6167d9f0, size=4194304, type=RATIS, factor=THREE} | ret=SUCCESS |  
2019-08-28 21:29:42,636 | INFO  | OMAudit | user=jenkins1000 | ip=127.0.0.1 | op=ALLOCATE_BLOCK {volume=vol-0-08922, bucket=bucket-0-29862, key=key-0-31337, dataSize=0, replicationType=null, replicationFactor=null, keyLocationInfo=null, clientID=102696731548516754} | ret=SUCCESS |  
2019-08-28 21:29:42,642 | INFO  | DNAudit | user=null | ip=null | op=WRITE_CHUNK {blockData=conID: 3 locID: 102696732762702357 bcsId: 0} | ret=SUCCESS |  
2019-08-28 21:29:42,645 | INFO  | DNAudit | user=null | ip=null | op=WRITE_CHUNK {blockData=conID: 3 locID: 102696732762702357 bcsId: 0} | ret=SUCCESS |  
2019-08-28 21:29:42,645 | INFO  | DNAudit | user=null | ip=null | op=WRITE_CHUNK {blockData=conID: 3 locID: 102696732762702357 bcsId: 0} | ret=SUCCESS |  
2019-08-28 21:29:42,646 | INFO  | DNAudit | user=null | ip=null | op=WRITE_CHUNK {blockData=conID: 3 locID: 102696732762702357 bcsId: 0} | ret=SUCCESS |  
2019-08-28 21:29:42,647 | INFO  | DNAudit | user=null | ip=null | op=WRITE_CHUNK {blockData=conID: 3 locID: 102696732762702357 bcsId: 0} | ret=SUCCESS |  
2019-08-28 21:29:42,647 | INFO  | DNAudit | user=null | ip=null | op=WRITE_CHUNK {blockData=conID: 3 locID: 102696732762702357 bcsId: 0} | ret=SUCCESS |  
2019-08-28 21:29:42,653 | INFO  | DNAudit | user=null | ip=null | op=WRITE_CHUNK {blockData=conID: 3 locID: 102696732762702357 bcsId: 0} | ret=SUCCESS |  
2019-08-28 21:29:42,654 | INFO  | DNAudit | user=null | ip=null | op=PUT_BLOCK {blockData=[blockId=conID: 3 locID: 102696732762702357 bcsId: 0,size=1048576]} | ret=SUCCESS |  
2019-08-28 21:29:42,654 [grpc-default-executor-2] INFO  client.GrpcClientProtocolClient (GrpcClientProtocolClient.java:onNext(255)) - client-05DA20D107F8->b461a7b0-028a-4eb5-b268-b89ac225aff8: receive RaftClientReply:client-05DA20D107F8->b461a7b0-028a-4eb5-b268-b89ac225aff8@group-0C8C0AA7542A, cid=1892, SUCCESS, logIndex=2763, commits[b461a7b0-028a-4eb5-b268-b89ac225aff8:c2765, b6ff45f5-67b8-463b-a273-c2e7d9dadd75:c2762, 6a5cb75f-f7eb-4671-9a85-3b6f7898f6cc:c2762]
2019-08-28 21:29:42,654 | INFO  | DNAudit | user=null | ip=null | op=WRITE_CHUNK {blockData=conID: 3 locID: 102696732762702357 bcsId: 0} | ret=SUCCESS |  
2019-08-28 21:29:42,654 [grpc-default-executor-2] INFO  client.GrpcClientProtocolClient (GrpcClientProtocolClient.java:onNext(255)) - client-05DA20D107F8->b461a7b0-028a-4eb5-b268-b89ac225aff8: receive RaftClientReply:client-05DA20D107F8->b461a7b0-028a-4eb5-b268-b89ac225aff8@group-0C8C0AA7542A, cid=1893, SUCCESS, logIndex=2764, commits[b461a7b0-028a-4eb5-b268-b89ac225aff8:c2766, b6ff45f5-67b8-463b-a273-c2e7d9dadd75:c2762, 6a5cb75f-f7eb-4671-9a85-3b6f7898f6cc:c2762]
2019-08-28 21:29:42,655 | INFO  | DNAudit | user=null | ip=null | op=PUT_BLOCK {blockData=[blockId=conID: 3 locID: 102696732762702357 bcsId: 0,size=2097152]} | ret=SUCCESS |  
2019-08-28 21:29:42,655 [grpc-default-executor-2] INFO  client.GrpcClientProtocolClient (GrpcClientProtocolClient.java:onNext(255)) - client-05DA20D107F8->b461a7b0-028a-4eb5-b268-b89ac225aff8: receive RaftClientReply:client-05DA20D107F8->b461a7b0-028a-4eb5-b268-b89ac225aff8@group-0C8C0AA7542A, cid=1894, SUCCESS, logIndex=2765, commits[b461a7b0-028a-4eb5-b268-b89ac225aff8:c2766, b6ff45f5-67b8-463b-a273-c2e7d9dadd75:c2762, 6a5cb75f-f7eb-4671-9a85-3b6f7898f6cc:c2762]
2019-08-28 21:29:42,655 [grpc-default-executor-2] INFO  client.GrpcClientProtocolClient (GrpcClientProtocolClient.java:onNext(255)) - client-05DA20D107F8->b461a7b0-028a-4eb5-b268-b89ac225aff8: receive RaftClientReply:client-05DA20D107F8->b461a7b0-028a-4eb5-b268-b89ac225aff8@group-0C8C0AA7542A, cid=1895, SUCCESS, logIndex=2766, commits[b461a7b0-028a-4eb5-b268-b89ac225aff8:c2766, b6ff45f5-67b8-463b-a273-c2e7d9dadd75:c2762, 6a5cb75f-f7eb-4671-9a85-3b6f7898f6cc:c2762]
2019-08-28 21:29:42,742 | INFO  | DNAudit | user=null | ip=null | op=WRITE_CHUNK {blockData=conID: 3 locID: 102696732762702357 bcsId: 0} | ret=SUCCESS |  
2019-08-28 21:29:42,742 | INFO  | DNAudit | user=null | ip=null | op=WRITE_CHUNK {blockData=conID: 3 locID: 102696732762702357 bcsId: 0} | ret=SUCCESS |  
2019-08-28 21:29:42,743 | INFO  | DNAudit | user=null | ip=null | op=PUT_BLOCK {blockData=[blockId=conID: 3 locID: 102696732762702357 bcsId: 0,size=1048576]} | ret=SUCCESS |  
2019-08-28 21:29:42,743 | INFO  | DNAudit | user=null | ip=null | op=WRITE_CHUNK {blockData=conID: 3 locID: 102696732762702357 bcsId: 0} | ret=SUCCESS |  
2019-08-28 21:29:42,768 | INFO  | DNAudit | user=null | ip=null | op=PUT_BLOCK {blockData=[blockId=conID: 3 locID: 102696732762702357 bcsId: 0,size=1048576]} | ret=SUCCESS |  
2019-08-28 21:29:42,768 | INFO  | DNAudit | user=null | ip=null | op=PUT_BLOCK {blockData=[blockId=conID: 3 locID: 102696732762702357 bcsId: 0,size=2097152]} | ret=SUCCESS |  
2019-08-28 21:29:42,768 | INFO  | DNAudit | user=null | ip=null | op=WRITE_CHUNK {blockData=conID: 3 locID: 102696732762702357 bcsId: 0} | ret=SUCCESS |  
2019-08-28 21:29:42,893 | INFO  | DNAudit | user=null | ip=null | op=PUT_BLOCK {blockData=[blockId=conID: 3 locID: 102696732762702357 bcsId: 0,size=2097152]} | ret=SUCCESS |  
2019-08-28 21:29:42,894 [grpc-default-executor-2] INFO  client.GrpcClientProtocolClient (GrpcClientProtocolClient.java:onNext(255)) - client-05DA20D107F8->b461a7b0-028a-4eb5-b268-b89ac225aff8: receive RaftClientReply:client-05DA20D107F8->b461a7b0-028a-4eb5-b268-b89ac225aff8@group-0C8C0AA7542A, cid=1896, SUCCESS, logIndex=0, commits[b461a7b0-028a-4eb5-b268-b89ac225aff8:c2769, b6ff45f5-67b8-463b-a273-c2e7d9dadd75:c2764, 6a5cb75f-f7eb-4671-9a85-3b6f7898f6cc:c2765]
2019-08-28 21:29:42,902 | INFO  | DNAudit | user=null | ip=null | op=WRITE_CHUNK {blockData=conID: 3 locID: 102696732762702357 bcsId: 2766} | ret=SUCCESS |  
2019-08-28 21:29:42,905 | INFO  | DNAudit | user=null | ip=null | op=WRITE_CHUNK {blockData=conID: 3 locID: 102696732762702357 bcsId: 2766} | ret=SUCCESS |  
2019-08-28 21:29:42,905 | INFO  | DNAudit | user=null | ip=null | op=WRITE_CHUNK {blockData=conID: 3 locID: 102696732762702357 bcsId: 2766} | ret=SUCCESS |  
2019-08-28 21:29:42,924 | INFO  | DNAudit | user=null | ip=null | op=WRITE_CHUNK {blockData=conID: 3 locID: 102696732762702357 bcsId: 2766} | ret=SUCCESS |  
2019-08-28 21:29:42,924 | INFO  | DNAudit | user=null | ip=null | op=PUT_BLOCK {blockData=[blockId=conID: 3 locID: 102696732762702357 bcsId: 0,size=3145728]} | ret=SUCCESS |  
2019-08-28 21:29:42,924 [grpc-default-executor-5] INFO  client.GrpcClientProtocolClient (GrpcClientProtocolClient.java:onNext(255)) - client-05DA20D107F8->b461a7b0-028a-4eb5-b268-b89ac225aff8: receive RaftClientReply:client-05DA20D107F8->b461a7b0-028a-4eb5-b268-b89ac225aff8@group-0C8C0AA7542A, cid=1897, SUCCESS, logIndex=2771, commits[b461a7b0-028a-4eb5-b268-b89ac225aff8:c2772, b6ff45f5-67b8-463b-a273-c2e7d9dadd75:c2770, 6a5cb75f-f7eb-4671-9a85-3b6f7898f6cc:c2770]
2019-08-28 21:29:42,925 [grpc-default-executor-5] INFO  client.GrpcClientProtocolClient (GrpcClientProtocolClient.java:onNext(255)) - client-05DA20D107F8->b461a7b0-028a-4eb5-b268-b89ac225aff8: receive RaftClientReply:client-05DA20D107F8->b461a7b0-028a-4eb5-b268-b89ac225aff8@group-0C8C0AA7542A, cid=1898, SUCCESS, logIndex=2772, commits[b461a7b0-028a-4eb5-b268-b89ac225aff8:c2772, b6ff45f5-67b8-463b-a273-c2e7d9dadd75:c2770, 6a5cb75f-f7eb-4671-9a85-3b6f7898f6cc:c2770]
2019-08-28 21:29:42,935 | INFO  | DNAudit | user=null | ip=null | op=WRITE_CHUNK {blockData=conID: 3 locID: 102696732762702357 bcsId: 2766} | ret=SUCCESS |  
2019-08-28 21:29:42,935 | INFO  | DNAudit | user=null | ip=null | op=WRITE_CHUNK {blockData=conID: 3 locID: 102696732762702357 bcsId: 2766} | ret=SUCCESS |  
2019-08-28 21:29:42,935 | INFO  | DNAudit | user=null | ip=null | op=PUT_BLOCK {blockData=[blockId=conID: 3 locID: 102696732762702357 bcsId: 0,size=3145728]} | ret=SUCCESS |  
2019-08-28 21:29:42,935 | INFO  | DNAudit | user=null | ip=null | op=PUT_BLOCK {blockData=[blockId=conID: 3 locID: 102696732762702357 bcsId: 0,size=3145728]} | ret=SUCCESS |  
2019-08-28 21:29:42,936 | INFO  | DNAudit | user=null | ip=null | op=WRITE_CHUNK {blockData=conID: 3 locID: 102696732762702357 bcsId: 2772} | ret=SUCCESS |  
2019-08-28 21:29:42,936 | INFO  | DNAudit | user=null | ip=null | op=WRITE_CHUNK {blockData=conID: 3 locID: 102696732762702357 bcsId: 2772} | ret=SUCCESS |  
2019-08-28 21:29:42,937 | INFO  | DNAudit | user=null | ip=null | op=WRITE_CHUNK {blockData=conID: 3 locID: 102696732762702357 bcsId: 2772} | ret=SUCCESS |  
2019-08-28 21:29:42,962 | INFO  | DNAudit | user=null | ip=null | op=WRITE_CHUNK {blockData=conID: 3 locID: 102696732762702357 bcsId: 2772} | ret=SUCCESS |  
2019-08-28 21:29:42,963 | INFO  | DNAudit | user=null | ip=null | op=PUT_BLOCK {blockData=[blockId=conID: 3 locID: 102696732762702357 bcsId: 0,size=4194304]} | ret=SUCCESS |  
2019-08-28 21:29:42,963 [grpc-default-executor-5] INFO  client.GrpcClientProtocolClient (GrpcClientProtocolClient.java:onNext(255)) - client-05DA20D107F8->b461a7b0-028a-4eb5-b268-b89ac225aff8: receive RaftClientReply:client-05DA20D107F8->b461a7b0-028a-4eb5-b268-b89ac225aff8@group-0C8C0AA7542A, cid=1899, SUCCESS, logIndex=2775, commits[b461a7b0-028a-4eb5-b268-b89ac225aff8:c2776, b6ff45f5-67b8-463b-a273-c2e7d9dadd75:c2772, 6a5cb75f-f7eb-4671-9a85-3b6f7898f6cc:c2772]
2019-08-28 21:29:42,964 [grpc-default-executor-5] INFO  client.GrpcClientProtocolClient (GrpcClientProtocolClient.java:onNext(255)) - client-05DA20D107F8->b461a7b0-028a-4eb5-b268-b89ac225aff8: receive RaftClientReply:client-05DA20D107F8->b461a7b0-028a-4eb5-b268-b89ac225aff8@group-0C8C0AA7542A, cid=1900, SUCCESS, logIndex=2776, commits[b461a7b0-028a-4eb5-b268-b89ac225aff8:c2776, b6ff45f5-67b8-463b-a273-c2e7d9dadd75:c2772, 6a5cb75f-f7eb-4671-9a85-3b6f7898f6cc:c2772]
2019-08-28 21:29:42,977 | INFO  | DNAudit | user=null | ip=null | op=WRITE_CHUNK {blockData=conID: 3 locID: 102696732762702357 bcsId: 2772} | ret=SUCCESS |  
2019-08-28 21:29:42,978 | INFO  | DNAudit | user=null | ip=null | op=WRITE_CHUNK {blockData=conID: 3 locID: 102696732762702357 bcsId: 2772} | ret=SUCCESS |  
2019-08-28 21:29:42,978 | INFO  | DNAudit | user=null | ip=null | op=PUT_BLOCK {blockData=[blockId=conID: 3 locID: 102696732762702357 bcsId: 0,size=4194304]} | ret=SUCCESS |  
2019-08-28 21:29:42,978 | INFO  | DNAudit | user=null | ip=null | op=PUT_BLOCK {blockData=[blockId=conID: 3 locID: 102696732762702357 bcsId: 0,size=4194304]} | ret=SUCCESS |  
2019-08-28 21:29:42,978 [grpc-default-executor-5] INFO  client.GrpcClientProtocolClient (GrpcClientProtocolClient.java:onNext(255)) - client-05DA20D107F8->b461a7b0-028a-4eb5-b268-b89ac225aff8: receive RaftClientReply:client-05DA20D107F8->b461a7b0-028a-4eb5-b268-b89ac225aff8@group-0C8C0AA7542A, cid=1901, SUCCESS, logIndex=0, commits[b461a7b0-028a-4eb5-b268-b89ac225aff8:c2777, b6ff45f5-67b8-463b-a273-c2e7d9dadd75:c2776, 6a5cb75f-f7eb-4671-9a85-3b6f7898f6cc:c2776]
2019-08-28 21:29:42,983 | INFO  | SCMAudit | user=jenkins1000 | ip=127.0.0.1 | op=ALLOCATE_BLOCK {owner=a0140aad-a474-4492-a39d-25bd6167d9f0, size=4194304, type=RATIS, factor=THREE} | ret=SUCCESS |  
2019-08-28 21:29:42,986 | INFO  | OMAudit | user=jenkins1000 | ip=127.0.0.1 | op=ALLOCATE_BLOCK {volume=vol-0-08922, bucket=bucket-0-29862, key=key-0-31337, dataSize=0, replicationType=null, replicationFactor=null, keyLocationInfo=null, clientID=102696731548516754} | ret=SUCCESS |  
2019-08-28 21:29:42,993 | INFO  | DNAudit | user=null | ip=null | op=WRITE_CHUNK {blockData=conID: 1 locID: 102696732785574422 bcsId: 0} | ret=SUCCESS |  
2019-08-28 21:29:42,996 | INFO  | DNAudit | user=null | ip=null | op=WRITE_CHUNK {blockData=conID: 1 locID: 102696732785574422 bcsId: 0} | ret=SUCCESS |  
2019-08-28 21:29:42,996 | INFO  | DNAudit | user=null | ip=null | op=WRITE_CHUNK {blockData=conID: 1 locID: 102696732785574422 bcsId: 0} | ret=SUCCESS |  
2019-08-28 21:29:42,996 | INFO  | DNAudit | user=null | ip=null | op=WRITE_CHUNK {blockData=conID: 1 locID: 102696732785574422 bcsId: 0} | ret=SUCCESS |  
2019-08-28 21:29:42,999 | INFO  | DNAudit | user=null | ip=null | op=WRITE_CHUNK {blockData=conID: 1 locID: 102696732785574422 bcsId: 0} | ret=SUCCESS |  
2019-08-28 21:29:42,999 | INFO  | DNAudit | user=null | ip=null | op=WRITE_CHUNK {blockData=conID: 1 locID: 102696732785574422 bcsId: 0} | ret=SUCCESS |  
2019-08-28 21:29:43,031 | INFO  | DNAudit | user=null | ip=null | op=WRITE_CHUNK {blockData=conID: 1 locID: 102696732785574422 bcsId: 0} | ret=SUCCESS |  
2019-08-28 21:29:43,031 | INFO  | DNAudit | user=null | ip=null | op=PUT_BLOCK {blockData=[blockId=conID: 1 locID: 102696732785574422 bcsId: 0,size=1048576]} | ret=SUCCESS |  
2019-08-28 21:29:43,031 [grpc-default-executor-5] INFO  client.GrpcClientProtocolClient (GrpcClientProtocolClient.java:onNext(255)) - client-05DA20D107F8->b461a7b0-028a-4eb5-b268-b89ac225aff8: receive RaftClientReply:client-05DA20D107F8->b461a7b0-028a-4eb5-b268-b89ac225aff8@group-0C8C0AA7542A, cid=1902, SUCCESS, logIndex=2779, commits[b461a7b0-028a-4eb5-b268-b89ac225aff8:c2780, b6ff45f5-67b8-463b-a273-c2e7d9dadd75:c2778, 6a5cb75f-f7eb-4671-9a85-3b6f7898f6cc:c2778]
2019-08-28 21:29:43,032 [grpc-default-executor-5] INFO  client.GrpcClientProtocolClient (GrpcClientProtocolClient.java:onNext(255)) - client-05DA20D107F8->b461a7b0-028a-4eb5-b268-b89ac225aff8: receive RaftClientReply:client-05DA20D107F8->b461a7b0-028a-4eb5-b268-b89ac225aff8@group-0C8C0AA7542A, cid=1903, SUCCESS, logIndex=2780, commits[b461a7b0-028a-4eb5-b268-b89ac225aff8:c2780, b6ff45f5-67b8-463b-a273-c2e7d9dadd75:c2778, 6a5cb75f-f7eb-4671-9a85-3b6f7898f6cc:c2778]
2019-08-28 21:29:43,034 | INFO  | DNAudit | user=null | ip=null | op=WRITE_CHUNK {blockData=conID: 1 locID: 102696732785574422 bcsId: 0} | ret=SUCCESS |  
2019-08-28 21:29:43,034 | INFO  | DNAudit | user=null | ip=null | op=PUT_BLOCK {blockData=[blockId=conID: 1 locID: 102696732785574422 bcsId: 0,size=2097152]} | ret=SUCCESS |  
2019-08-28 21:29:43,034 [grpc-default-executor-5] INFO  client.GrpcClientProtocolClient (GrpcClientProtocolClient.java:onNext(255)) - client-05DA20D107F8->b461a7b0-028a-4eb5-b268-b89ac225aff8: receive RaftClientReply:client-05DA20D107F8->b461a7b0-028a-4eb5-b268-b89ac225aff8@group-0C8C0AA7542A, cid=1904, SUCCESS, logIndex=2781, commits[b461a7b0-028a-4eb5-b268-b89ac225aff8:c2784, b6ff45f5-67b8-463b-a273-c2e7d9dadd75:c2778, 6a5cb75f-f7eb-4671-9a85-3b6f7898f6cc:c2778]
2019-08-28 21:29:43,035 [grpc-default-executor-5] INFO  client.GrpcClientProtocolClient (GrpcClientProtocolClient.java:onNext(255)) - client-05DA20D107F8->b461a7b0-028a-4eb5-b268-b89ac225aff8: receive RaftClientReply:client-05DA20D107F8->b461a7b0-028a-4eb5-b268-b89ac225aff8@group-0C8C0AA7542A, cid=1905, SUCCESS, logIndex=2782, commits[b461a7b0-028a-4eb5-b268-b89ac225aff8:c2784, b6ff45f5-67b8-463b-a273-c2e7d9dadd75:c2778, 6a5cb75f-f7eb-4671-9a85-3b6f7898f6cc:c2778]
2019-08-28 21:29:43,103 | INFO  | SCMAudit | user=jenkins1000 | ip=192.168.36.107 | op=SEND_HEARTBEAT {datanodeUUID=b6ff45f5-67b8-463b-a273-c2e7d9dadd75, command=[]} | ret=SUCCESS |  
2019-08-28 21:29:43,103 | INFO  | SCMAudit | user=jenkins1000 | ip=192.168.36.107 | op=SEND_HEARTBEAT {datanodeUUID=6a5cb75f-f7eb-4671-9a85-3b6f7898f6cc, command=[]} | ret=SUCCESS |  
2019-08-28 21:29:43,104 | INFO  | SCMAudit | user=jenkins1000 | ip=192.168.36.107 | op=SEND_HEARTBEAT {datanodeUUID=b461a7b0-028a-4eb5-b268-b89ac225aff8, command=[]} | ret=SUCCESS |  
 0.00% |█                                                                                                    |  0/1 Time: 0:00:192019-08-28 21:29:43,501 | INFO  | SCMAudit | user=jenkins1000 | ip=192.168.36.107 | op=SEND_HEARTBEAT {datanodeUUID=68f89a68-6a96-4cde-8528-8617611d459d, command=[]} | ret=SUCCESS |  
2019-08-28 21:29:43,501 | INFO  | SCMAudit | user=jenkins1000 | ip=192.168.36.107 | op=SEND_HEARTBEAT {datanodeUUID=af4986ea-80d8-4c92-96d2-2b3929a4248a, command=[]} | ret=SUCCESS |  
2019-08-28 21:29:44,102 | INFO  | SCMAudit | user=jenkins1000 | ip=192.168.36.107 | op=SEND_HEARTBEAT {datanodeUUID=6a5cb75f-f7eb-4671-9a85-3b6f7898f6cc, command=[]} | ret=SUCCESS |  
2019-08-28 21:29:44,102 | INFO  | SCMAudit | user=jenkins1000 | ip=192.168.36.107 | op=SEND_HEARTBEAT {datanodeUUID=b6ff45f5-67b8-463b-a273-c2e7d9dadd75, command=[]} | ret=SUCCESS |  
2019-08-28 21:29:44,103 | INFO  | SCMAudit | user=jenkins1000 | ip=192.168.36.107 | op=SEND_HEARTBEAT {datanodeUUID=b461a7b0-028a-4eb5-b268-b89ac225aff8, command=[]} | ret=SUCCESS |  
 0.00% |█                                                                                                    |  0/1 Time: 0:00:202019-08-28 21:29:44,501 | INFO  | SCMAudit | user=jenkins1000 | ip=192.168.36.107 | op=SEND_HEARTBEAT {datanodeUUID=68f89a68-6a96-4cde-8528-8617611d459d, command=[]} | ret=SUCCESS |  
2019-08-28 21:29:44,501 | INFO  | SCMAudit | user=jenkins1000 | ip=192.168.36.107 | op=SEND_HEARTBEAT {datanodeUUID=af4986ea-80d8-4c92-96d2-2b3929a4248a, command=[]} | ret=SUCCESS |  
2019-08-28 21:29:45,103 | INFO  | SCMAudit | user=jenkins1000 | ip=192.168.36.107 | op=SEND_HEARTBEAT {datanodeUUID=b6ff45f5-67b8-463b-a273-c2e7d9dadd75, command=[]} | ret=SUCCESS |  
2019-08-28 21:29:45,103 | INFO  | SCMAudit | user=jenkins1000 | ip=192.168.36.107 | op=SEND_HEARTBEAT {datanodeUUID=6a5cb75f-f7eb-4671-9a85-3b6f7898f6cc, command=[]} | ret=SUCCESS |  
2019-08-28 21:29:45,103 | INFO  | SCMAudit | user=jenkins1000 | ip=192.168.36.107 | op=SEND_HEARTBEAT {datanodeUUID=b461a7b0-028a-4eb5-b268-b89ac225aff8, command=[]} | ret=SUCCESS |  
 0.00% |█                                                                                                    |  0/1 Time: 0:00:212019-08-28 21:29:45,500 | INFO  | SCMAudit | user=jenkins1000 | ip=192.168.36.107 | op=SEND_HEARTBEAT {datanodeUUID=68f89a68-6a96-4cde-8528-8617611d459d, command=[]} | ret=SUCCESS |  
2019-08-28 21:29:45,500 | INFO  | SCMAudit | user=jenkins1000 | ip=192.168.36.107 | op=SEND_HEARTBEAT {datanodeUUID=af4986ea-80d8-4c92-96d2-2b3929a4248a, command=[]} | ret=SUCCESS |  
2019-08-28 21:29:45,537 | INFO  | DNAudit | user=null | ip=null | op=WRITE_CHUNK {blockData=conID: 1 locID: 102696732785574422 bcsId: 0} | ret=SUCCESS |  
2019-08-28 21:29:45,537 | INFO  | DNAudit | user=null | ip=null | op=WRITE_CHUNK {blockData=conID: 1 locID: 102696732785574422 bcsId: 0} | ret=SUCCESS |  
2019-08-28 21:29:45,537 | INFO  | DNAudit | user=null | ip=null | op=PUT_BLOCK {blockData=[blockId=conID: 1 locID: 102696732785574422 bcsId: 0,size=1048576]} | ret=SUCCESS |  
2019-08-28 21:29:45,537 | INFO  | DNAudit | user=null | ip=null | op=PUT_BLOCK {blockData=[blockId=conID: 1 locID: 102696732785574422 bcsId: 0,size=1048576]} | ret=SUCCESS |  
2019-08-28 21:29:45,538 | INFO  | DNAudit | user=null | ip=null | op=WRITE_CHUNK {blockData=conID: 1 locID: 102696732785574422 bcsId: 0} | ret=SUCCESS |  
2019-08-28 21:29:45,538 | INFO  | DNAudit | user=null | ip=null | op=WRITE_CHUNK {blockData=conID: 1 locID: 102696732785574422 bcsId: 0} | ret=SUCCESS |  
2019-08-28 21:29:45,538 [grpc-default-executor-2] INFO  client.GrpcClientProtocolClient (GrpcClientProtocolClient.java:onNext(255)) - client-05DA20D107F8->b461a7b0-028a-4eb5-b268-b89ac225aff8: receive RaftClientReply:client-05DA20D107F8->b461a7b0-028a-4eb5-b268-b89ac225aff8@group-0C8C0AA7542A, cid=1906, SUCCESS, logIndex=0, commits[b461a7b0-028a-4eb5-b268-b89ac225aff8:c2786, b6ff45f5-67b8-463b-a273-c2e7d9dadd75:c2786, 6a5cb75f-f7eb-4671-9a85-3b6f7898f6cc:c2786]
2019-08-28 21:29:45,538 | INFO  | DNAudit | user=null | ip=null | op=PUT_BLOCK {blockData=[blockId=conID: 1 locID: 102696732785574422 bcsId: 0,size=2097152]} | ret=SUCCESS |  
2019-08-28 21:29:45,538 | INFO  | DNAudit | user=null | ip=null | op=PUT_BLOCK {blockData=[blockId=conID: 1 locID: 102696732785574422 bcsId: 0,size=2097152]} | ret=SUCCESS |  
2019-08-28 21:29:45,547 | INFO  | DNAudit | user=null | ip=null | op=WRITE_CHUNK {blockData=conID: 1 locID: 102696732785574422 bcsId: 2782} | ret=SUCCESS |  
2019-08-28 21:29:45,549 | INFO  | DNAudit | user=null | ip=null | op=WRITE_CHUNK {blockData=conID: 1 locID: 102696732785574422 bcsId: 2782} | ret=SUCCESS |  
2019-08-28 21:29:45,549 | INFO  | DNAudit | user=null | ip=null | op=WRITE_CHUNK {blockData=conID: 1 locID: 102696732785574422 bcsId: 2782} | ret=SUCCESS |  
2019-08-28 21:29:45,564 | INFO  | DNAudit | user=null | ip=null | op=WRITE_CHUNK {blockData=conID: 1 locID: 102696732785574422 bcsId: 2782} | ret=SUCCESS |  
2019-08-28 21:29:45,564 | INFO  | DNAudit | user=null | ip=null | op=PUT_BLOCK {blockData=[blockId=conID: 1 locID: 102696732785574422 bcsId: 0,size=3145728]} | ret=SUCCESS |  
2019-08-28 21:29:45,564 [grpc-default-executor-5] INFO  client.GrpcClientProtocolClient (GrpcClientProtocolClient.java:onNext(255)) - client-05DA20D107F8->b461a7b0-028a-4eb5-b268-b89ac225aff8: receive RaftClientReply:client-05DA20D107F8->b461a7b0-028a-4eb5-b268-b89ac225aff8@group-0C8C0AA7542A, cid=1907, SUCCESS, logIndex=2787, commits[b461a7b0-028a-4eb5-b268-b89ac225aff8:c2788, b6ff45f5-67b8-463b-a273-c2e7d9dadd75:c2786, 6a5cb75f-f7eb-4671-9a85-3b6f7898f6cc:c2786]
2019-08-28 21:29:45,565 [grpc-default-executor-5] INFO  client.GrpcClientProtocolClient (GrpcClientProtocolClient.java:onNext(255)) - client-05DA20D107F8->b461a7b0-028a-4eb5-b268-b89ac225aff8: receive RaftClientReply:client-05DA20D107F8->b461a7b0-028a-4eb5-b268-b89ac225aff8@group-0C8C0AA7542A, cid=1908, SUCCESS, logIndex=2788, commits[b461a7b0-028a-4eb5-b268-b89ac225aff8:c2788, b6ff45f5-67b8-463b-a273-c2e7d9dadd75:c2786, 6a5cb75f-f7eb-4671-9a85-3b6f7898f6cc:c2786]
2019-08-28 21:29:45,572 | INFO  | DNAudit | user=null | ip=null | op=WRITE_CHUNK {blockData=conID: 1 locID: 102696732785574422 bcsId: 2788} | ret=SUCCESS |  
2019-08-28 21:29:45,574 | INFO  | DNAudit | user=null | ip=null | op=WRITE_CHUNK {blockData=conID: 1 locID: 102696732785574422 bcsId: 2782} | ret=SUCCESS |  
2019-08-28 21:29:45,574 | INFO  | DNAudit | user=null | ip=null | op=WRITE_CHUNK {blockData=conID: 1 locID: 102696732785574422 bcsId: 2782} | ret=SUCCESS |  
2019-08-28 21:29:45,574 | INFO  | DNAudit | user=null | ip=null | op=PUT_BLOCK {blockData=[blockId=conID: 1 locID: 102696732785574422 bcsId: 0,size=3145728]} | ret=SUCCESS |  
2019-08-28 21:29:45,574 | INFO  | DNAudit | user=null | ip=null | op=PUT_BLOCK {blockData=[blockId=conID: 1 locID: 102696732785574422 bcsId: 0,size=3145728]} | ret=SUCCESS |  
2019-08-28 21:29:45,575 | INFO  | DNAudit | user=null | ip=null | op=WRITE_CHUNK {blockData=conID: 1 locID: 102696732785574422 bcsId: 2788} | ret=SUCCESS |  
2019-08-28 21:29:45,575 | INFO  | DNAudit | user=null | ip=null | op=WRITE_CHUNK {blockData=conID: 1 locID: 102696732785574422 bcsId: 2788} | ret=SUCCESS |  
2019-08-28 21:29:45,581 | INFO  | DNAudit | user=null | ip=null | op=WRITE_CHUNK {blockData=conID: 1 locID: 102696732785574422 bcsId: 2788} | ret=SUCCESS |  
2019-08-28 21:29:45,582 | INFO  | DNAudit | user=null | ip=null | op=PUT_BLOCK {blockData=[blockId=conID: 1 locID: 102696732785574422 bcsId: 0,size=4194304]} | ret=SUCCESS |  
2019-08-28 21:29:45,582 [grpc-default-executor-2] INFO  client.GrpcClientProtocolClient (GrpcClientProtocolClient.java:onNext(255)) - client-05DA20D107F8->b461a7b0-028a-4eb5-b268-b89ac225aff8: receive RaftClientReply:client-05DA20D107F8->b461a7b0-028a-4eb5-b268-b89ac225aff8@group-0C8C0AA7542A, cid=1909, SUCCESS, logIndex=2791, commits[b461a7b0-028a-4eb5-b268-b89ac225aff8:c2792, b6ff45f5-67b8-463b-a273-c2e7d9dadd75:c2788, 6a5cb75f-f7eb-4671-9a85-3b6f7898f6cc:c2788]
2019-08-28 21:29:45,582 [grpc-default-executor-2] INFO  client.GrpcClientProtocolClient (GrpcClientProtocolClient.java:onNext(255)) - client-05DA20D107F8->b461a7b0-028a-4eb5-b268-b89ac225aff8: receive RaftClientReply:client-05DA20D107F8->b461a7b0-028a-4eb5-b268-b89ac225aff8@group-0C8C0AA7542A, cid=1910, SUCCESS, logIndex=2792, commits[b461a7b0-028a-4eb5-b268-b89ac225aff8:c2792, b6ff45f5-67b8-463b-a273-c2e7d9dadd75:c2788, 6a5cb75f-f7eb-4671-9a85-3b6f7898f6cc:c2788]
2019-08-28 21:29:45,587 | INFO  | DNAudit | user=null | ip=null | op=WRITE_CHUNK {blockData=conID: 1 locID: 102696732785574422 bcsId: 2788} | ret=SUCCESS |  
2019-08-28 21:29:45,587 | INFO  | DNAudit | user=null | ip=null | op=WRITE_CHUNK {blockData=conID: 1 locID: 102696732785574422 bcsId: 2788} | ret=SUCCESS |  
2019-08-28 21:29:45,588 | INFO  | DNAudit | user=null | ip=null | op=PUT_BLOCK {blockData=[blockId=conID: 1 locID: 102696732785574422 bcsId: 0,size=4194304]} | ret=SUCCESS |  
2019-08-28 21:29:45,588 | INFO  | DNAudit | user=null | ip=null | op=PUT_BLOCK {blockData=[blockId=conID: 1 locID: 102696732785574422 bcsId: 0,size=4194304]} | ret=SUCCESS |  
2019-08-28 21:29:45,588 [grpc-default-executor-2] INFO  client.GrpcClientProtocolClient (GrpcClientProtocolClient.java:onNext(255)) - client-05DA20D107F8->b461a7b0-028a-4eb5-b268-b89ac225aff8: receive RaftClientReply:client-05DA20D107F8->b461a7b0-028a-4eb5-b268-b89ac225aff8@group-0C8C0AA7542A, cid=1911, SUCCESS, logIndex=0, commits[b461a7b0-028a-4eb5-b268-b89ac225aff8:c2793, b6ff45f5-67b8-463b-a273-c2e7d9dadd75:c2792, 6a5cb75f-f7eb-4671-9a85-3b6f7898f6cc:c2792]
2019-08-28 21:29:45,593 | INFO  | SCMAudit | user=jenkins1000 | ip=127.0.0.1 | op=ALLOCATE_BLOCK {owner=a0140aad-a474-4492-a39d-25bd6167d9f0, size=4194304, type=RATIS, factor=THREE} | ret=SUCCESS |  
2019-08-28 21:29:45,596 | INFO  | OMAudit | user=jenkins1000 | ip=127.0.0.1 | op=ALLOCATE_BLOCK {volume=vol-0-08922, bucket=bucket-0-29862, key=key-0-31337, dataSize=0, replicationType=null, replicationFactor=null, keyLocationInfo=null, clientID=102696731548516754} | ret=SUCCESS |  
2019-08-28 21:29:45,604 | INFO  | DNAudit | user=null | ip=null | op=WRITE_CHUNK {blockData=conID: 2 locID: 102696732956623383 bcsId: 0} | ret=SUCCESS |  
2019-08-28 21:29:45,608 | INFO  | DNAudit | user=null | ip=null | op=WRITE_CHUNK {blockData=conID: 2 locID: 102696732956623383 bcsId: 0} | ret=SUCCESS |  
2019-08-28 21:29:45,608 | INFO  | DNAudit | user=null | ip=null | op=WRITE_CHUNK {blockData=conID: 2 locID: 102696732956623383 bcsId: 0} | ret=SUCCESS |  
2019-08-28 21:29:45,608 | INFO  | DNAudit | user=null | ip=null | op=WRITE_CHUNK {blockData=conID: 2 locID: 102696732956623383 bcsId: 0} | ret=SUCCESS |  
2019-08-28 21:29:45,611 | INFO  | DNAudit | user=null | ip=null | op=WRITE_CHUNK {blockData=conID: 2 locID: 102696732956623383 bcsId: 0} | ret=SUCCESS |  
2019-08-28 21:29:45,611 | INFO  | DNAudit | user=null | ip=null | op=WRITE_CHUNK {blockData=conID: 2 locID: 102696732956623383 bcsId: 0} | ret=SUCCESS |  
2019-08-28 21:29:45,613 | INFO  | DNAudit | user=null | ip=null | op=WRITE_CHUNK {blockData=conID: 2 locID: 102696732956623383 bcsId: 0} | ret=SUCCESS |  
2019-08-28 21:29:45,614 | INFO  | DNAudit | user=null | ip=null | op=PUT_BLOCK {blockData=[blockId=conID: 2 locID: 102696732956623383 bcsId: 0,size=1048576]} | ret=SUCCESS |  
2019-08-28 21:29:45,614 | INFO  | DNAudit | user=null | ip=null | op=WRITE_CHUNK {blockData=conID: 2 locID: 102696732956623383 bcsId: 0} | ret=SUCCESS |  
2019-08-28 21:29:45,614 [grpc-default-executor-3] INFO  client.GrpcClientProtocolClient (GrpcClientProtocolClient.java:onNext(255)) - client-05DA20D107F8->b461a7b0-028a-4eb5-b268-b89ac225aff8: receive RaftClientReply:client-05DA20D107F8->b461a7b0-028a-4eb5-b268-b89ac225aff8@group-0C8C0AA7542A, cid=1912, SUCCESS, logIndex=2795, commits[b461a7b0-028a-4eb5-b268-b89ac225aff8:c2796, b6ff45f5-67b8-463b-a273-c2e7d9dadd75:c2794, 6a5cb75f-f7eb-4671-9a85-3b6f7898f6cc:c2794]
2019-08-28 21:29:45,615 | INFO  | DNAudit | user=null | ip=null | op=PUT_BLOCK {blockData=[blockId=conID: 2 locID: 102696732956623383 bcsId: 0,size=2097152]} | ret=SUCCESS |  
2019-08-28 21:29:45,615 [grpc-default-executor-5] INFO  client.GrpcClientProtocolClient (GrpcClientProtocolClient.java:onNext(255)) - client-05DA20D107F8->b461a7b0-028a-4eb5-b268-b89ac225aff8: receive RaftClientReply:client-05DA20D107F8->b461a7b0-028a-4eb5-b268-b89ac225aff8@group-0C8C0AA7542A, cid=1913, SUCCESS, logIndex=2796, commits[b461a7b0-028a-4eb5-b268-b89ac225aff8:c2797, b6ff45f5-67b8-463b-a273-c2e7d9dadd75:c2794, 6a5cb75f-f7eb-4671-9a85-3b6f7898f6cc:c2794]
2019-08-28 21:29:45,616 | INFO  | DNAudit | user=null | ip=null | op=WRITE_CHUNK {blockData=conID: 2 locID: 102696732956623383 bcsId: 0} | ret=SUCCESS |  
2019-08-28 21:29:45,615 [grpc-default-executor-3] INFO  client.GrpcClientProtocolClient (GrpcClientProtocolClient.java:onNext(255)) - client-05DA20D107F8->b461a7b0-028a-4eb5-b268-b89ac225aff8: receive RaftClientReply:client-05DA20D107F8->b461a7b0-028a-4eb5-b268-b89ac225aff8@group-0C8C0AA7542A, cid=1914, SUCCESS, logIndex=2797, commits[b461a7b0-028a-4eb5-b268-b89ac225aff8:c2798, b6ff45f5-67b8-463b-a273-c2e7d9dadd75:c2794, 6a5cb75f-f7eb-4671-9a85-3b6f7898f6cc:c2794]
2019-08-28 21:29:45,616 | INFO  | DNAudit | user=null | ip=null | op=PUT_BLOCK {blockData=[blockId=conID: 2 locID: 102696732956623383 bcsId: 0,size=1048576]} | ret=SUCCESS |  
2019-08-28 21:29:45,616 [grpc-default-executor-3] INFO  client.GrpcClientProtocolClient (GrpcClientProtocolClient.java:onNext(255)) - client-05DA20D107F8->b461a7b0-028a-4eb5-b268-b89ac225aff8: receive RaftClientReply:client-05DA20D107F8->b461a7b0-028a-4eb5-b268-b89ac225aff8@group-0C8C0AA7542A, cid=1915, SUCCESS, logIndex=2798, commits[b461a7b0-028a-4eb5-b268-b89ac225aff8:c2798, b6ff45f5-67b8-463b-a273-c2e7d9dadd75:c2794, 6a5cb75f-f7eb-4671-9a85-3b6f7898f6cc:c2794]
2019-08-28 21:29:45,617 | INFO  | DNAudit | user=null | ip=null | op=WRITE_CHUNK {blockData=conID: 2 locID: 102696732956623383 bcsId: 0} | ret=SUCCESS |  
2019-08-28 21:29:45,617 | INFO  | DNAudit | user=null | ip=null | op=PUT_BLOCK {blockData=[blockId=conID: 2 locID: 102696732956623383 bcsId: 0,size=2097152]} | ret=SUCCESS |  
2019-08-28 21:29:45,617 | INFO  | DNAudit | user=null | ip=null | op=WRITE_CHUNK {blockData=conID: 2 locID: 102696732956623383 bcsId: 0} | ret=SUCCESS |  
2019-08-28 21:29:45,617 | INFO  | DNAudit | user=null | ip=null | op=PUT_BLOCK {blockData=[blockId=conID: 2 locID: 102696732956623383 bcsId: 0,size=1048576]} | ret=SUCCESS |  
2019-08-28 21:29:45,618 | INFO  | DNAudit | user=null | ip=null | op=WRITE_CHUNK {blockData=conID: 2 locID: 102696732956623383 bcsId: 0} | ret=SUCCESS |  
2019-08-28 21:29:45,618 | INFO  | DNAudit | user=null | ip=null | op=PUT_BLOCK {blockData=[blockId=conID: 2 locID: 102696732956623383 bcsId: 0,size=2097152]} | ret=SUCCESS |  
2019-08-28 21:29:45,618 [grpc-default-executor-3] INFO  client.GrpcClientProtocolClient (GrpcClientProtocolClient.java:onNext(255)) - client-05DA20D107F8->b461a7b0-028a-4eb5-b268-b89ac225aff8: receive RaftClientReply:client-05DA20D107F8->b461a7b0-028a-4eb5-b268-b89ac225aff8@group-0C8C0AA7542A, cid=1916, SUCCESS, logIndex=0, commits[b461a7b0-028a-4eb5-b268-b89ac225aff8:c2802, b6ff45f5-67b8-463b-a273-c2e7d9dadd75:c2798, 6a5cb75f-f7eb-4671-9a85-3b6f7898f6cc:c2796]
2019-08-28 21:29:45,625 | INFO  | DNAudit | user=null | ip=null | op=WRITE_CHUNK {blockData=conID: 2 locID: 102696732956623383 bcsId: 2798} | ret=SUCCESS |  
2019-08-28 21:29:45,627 | INFO  | DNAudit | user=null | ip=null | op=WRITE_CHUNK {blockData=conID: 2 locID: 102696732956623383 bcsId: 2798} | ret=SUCCESS |  
2019-08-28 21:29:45,627 | INFO  | DNAudit | user=null | ip=null | op=WRITE_CHUNK {blockData=conID: 2 locID: 102696732956623383 bcsId: 2798} | ret=SUCCESS |  
2019-08-28 21:29:45,640 | INFO  | DNAudit | user=null | ip=null | op=WRITE_CHUNK {blockData=conID: 2 locID: 102696732956623383 bcsId: 2798} | ret=SUCCESS |  
2019-08-28 21:29:45,641 | INFO  | DNAudit | user=null | ip=null | op=PUT_BLOCK {blockData=[blockId=conID: 2 locID: 102696732956623383 bcsId: 0,size=3145728]} | ret=SUCCESS |  
2019-08-28 21:29:45,641 [grpc-default-executor-3] INFO  client.GrpcClientProtocolClient (GrpcClientProtocolClient.java:onNext(255)) - client-05DA20D107F8->b461a7b0-028a-4eb5-b268-b89ac225aff8: receive RaftClientReply:client-05DA20D107F8->b461a7b0-028a-4eb5-b268-b89ac225aff8@group-0C8C0AA7542A, cid=1917, SUCCESS, logIndex=2803, commits[b461a7b0-028a-4eb5-b268-b89ac225aff8:c2804, b6ff45f5-67b8-463b-a273-c2e7d9dadd75:c2802, 6a5cb75f-f7eb-4671-9a85-3b6f7898f6cc:c2802]
2019-08-28 21:29:45,641 [grpc-default-executor-3] INFO  client.GrpcClientProtocolClient (GrpcClientProtocolClient.java:onNext(255)) - client-05DA20D107F8->b461a7b0-028a-4eb5-b268-b89ac225aff8: receive RaftClientReply:client-05DA20D107F8->b461a7b0-028a-4eb5-b268-b89ac225aff8@group-0C8C0AA7542A, cid=1918, SUCCESS, logIndex=2804, commits[b461a7b0-028a-4eb5-b268-b89ac225aff8:c2804, b6ff45f5-67b8-463b-a273-c2e7d9dadd75:c2802, 6a5cb75f-f7eb-4671-9a85-3b6f7898f6cc:c2802]
2019-08-28 21:29:45,647 | INFO  | DNAudit | user=null | ip=null | op=WRITE_CHUNK {blockData=conID: 2 locID: 102696732956623383 bcsId: 2798} | ret=SUCCESS |  
2019-08-28 21:29:45,647 | INFO  | DNAudit | user=null | ip=null | op=WRITE_CHUNK {blockData=conID: 2 locID: 102696732956623383 bcsId: 2798} | ret=SUCCESS |  
2019-08-28 21:29:45,647 | INFO  | DNAudit | user=null | ip=null | op=PUT_BLOCK {blockData=[blockId=conID: 2 locID: 102696732956623383 bcsId: 0,size=3145728]} | ret=SUCCESS |  
2019-08-28 21:29:45,647 | INFO  | DNAudit | user=null | ip=null | op=PUT_BLOCK {blockData=[blockId=conID: 2 locID: 102696732956623383 bcsId: 0,size=3145728]} | ret=SUCCESS |  
2019-08-28 21:29:45,648 | INFO  | DNAudit | user=null | ip=null | op=WRITE_CHUNK {blockData=conID: 2 locID: 102696732956623383 bcsId: 2804} | ret=SUCCESS |  
2019-08-28 21:29:45,649 | INFO  | DNAudit | user=null | ip=null | op=WRITE_CHUNK {blockData=conID: 2 locID: 102696732956623383 bcsId: 2804} | ret=SUCCESS |  
2019-08-28 21:29:45,649 | INFO  | DNAudit | user=null | ip=null | op=WRITE_CHUNK {blockData=conID: 2 locID: 102696732956623383 bcsId: 2804} | ret=SUCCESS |  
2019-08-28 21:29:45,655 | INFO  | DNAudit | user=null | ip=null | op=WRITE_CHUNK {blockData=conID: 2 locID: 102696732956623383 bcsId: 2804} | ret=SUCCESS |  
2019-08-28 21:29:45,655 | INFO  | DNAudit | user=null | ip=null | op=PUT_BLOCK {blockData=[blockId=conID: 2 locID: 102696732956623383 bcsId: 0,size=4194304]} | ret=SUCCESS |  
2019-08-28 21:29:45,656 [grpc-default-executor-3] INFO  client.GrpcClientProtocolClient (GrpcClientProtocolClient.java:onNext(255)) - client-05DA20D107F8->b461a7b0-028a-4eb5-b268-b89ac225aff8: receive RaftClientReply:client-05DA20D107F8->b461a7b0-028a-4eb5-b268-b89ac225aff8@group-0C8C0AA7542A, cid=1919, SUCCESS, logIndex=2807, commits[b461a7b0-028a-4eb5-b268-b89ac225aff8:c2808, b6ff45f5-67b8-463b-a273-c2e7d9dadd75:c2804, 6a5cb75f-f7eb-4671-9a85-3b6f7898f6cc:c2804]
2019-08-28 21:29:45,656 [grpc-default-executor-3] INFO  client.GrpcClientProtocolClient (GrpcClientProtocolClient.java:onNext(255)) - client-05DA20D107F8->b461a7b0-028a-4eb5-b268-b89ac225aff8: receive RaftClientReply:client-05DA20D107F8->b461a7b0-028a-4eb5-b268-b89ac225aff8@group-0C8C0AA7542A, cid=1920, SUCCESS, logIndex=2808, commits[b461a7b0-028a-4eb5-b268-b89ac225aff8:c2808, b6ff45f5-67b8-463b-a273-c2e7d9dadd75:c2804, 6a5cb75f-f7eb-4671-9a85-3b6f7898f6cc:c2804]
2019-08-28 21:29:45,664 | INFO  | DNAudit | user=null | ip=null | op=WRITE_CHUNK {blockData=conID: 2 locID: 102696732956623383 bcsId: 2804} | ret=SUCCESS |  
2019-08-28 21:29:45,664 | INFO  | DNAudit | user=null | ip=null | op=WRITE_CHUNK {blockData=conID: 2 locID: 102696732956623383 bcsId: 2804} | ret=SUCCESS |  
2019-08-28 21:29:45,664 | INFO  | DNAudit | user=null | ip=null | op=PUT_BLOCK {blockData=[blockId=conID: 2 locID: 102696732956623383 bcsId: 0,size=4194304]} | ret=SUCCESS |  
2019-08-28 21:29:45,664 | INFO  | DNAudit | user=null | ip=null | op=PUT_BLOCK {blockData=[blockId=conID: 2 locID: 102696732956623383 bcsId: 0,size=4194304]} | ret=SUCCESS |  
2019-08-28 21:29:45,665 [grpc-default-executor-6] INFO  client.GrpcClientProtocolClient (GrpcClientProtocolClient.java:onNext(255)) - client-05DA20D107F8->b461a7b0-028a-4eb5-b268-b89ac225aff8: receive RaftClientReply:client-05DA20D107F8->b461a7b0-028a-4eb5-b268-b89ac225aff8@group-0C8C0AA7542A, cid=1921, SUCCESS, logIndex=0, commits[b461a7b0-028a-4eb5-b268-b89ac225aff8:c2809, b6ff45f5-67b8-463b-a273-c2e7d9dadd75:c2808, 6a5cb75f-f7eb-4671-9a85-3b6f7898f6cc:c2808]
2019-08-28 21:29:45,669 | INFO  | SCMAudit | user=jenkins1000 | ip=127.0.0.1 | op=ALLOCATE_BLOCK {owner=a0140aad-a474-4492-a39d-25bd6167d9f0, size=4194304, type=RATIS, factor=THREE} | ret=SUCCESS |  
2019-08-28 21:29:45,672 | INFO  | OMAudit | user=jenkins1000 | ip=127.0.0.1 | op=ALLOCATE_BLOCK {volume=vol-0-08922, bucket=bucket-0-29862, key=key-0-31337, dataSize=0, replicationType=null, replicationFactor=null, keyLocationInfo=null, clientID=102696731548516754} | ret=SUCCESS |  
2019-08-28 21:29:45,679 | INFO  | DNAudit | user=null | ip=null | op=WRITE_CHUNK {blockData=conID: 3 locID: 102696732961604120 bcsId: 0} | ret=SUCCESS |  
2019-08-28 21:29:45,682 | INFO  | DNAudit | user=null | ip=null | op=WRITE_CHUNK {blockData=conID: 3 locID: 102696732961604120 bcsId: 0} | ret=SUCCESS |  
2019-08-28 21:29:45,683 | INFO  | DNAudit | user=null | ip=null | op=WRITE_CHUNK {blockData=conID: 3 locID: 102696732961604120 bcsId: 0} | ret=SUCCESS |  
2019-08-28 21:29:45,683 | INFO  | DNAudit | user=null | ip=null | op=WRITE_CHUNK {blockData=conID: 3 locID: 102696732961604120 bcsId: 0} | ret=SUCCESS |  
2019-08-28 21:29:45,684 | INFO  | DNAudit | user=null | ip=null | op=WRITE_CHUNK {blockData=conID: 3 locID: 102696732961604120 bcsId: 0} | ret=SUCCESS |  
2019-08-28 21:29:45,684 | INFO  | DNAudit | user=null | ip=null | op=WRITE_CHUNK {blockData=conID: 3 locID: 102696732961604120 bcsId: 0} | ret=SUCCESS |  
2019-08-28 21:29:45,717 | INFO  | DNAudit | user=null | ip=null | op=WRITE_CHUNK {blockData=conID: 3 locID: 102696732961604120 bcsId: 0} | ret=SUCCESS |  
2019-08-28 21:29:45,717 | INFO  | DNAudit | user=null | ip=null | op=PUT_BLOCK {blockData=[blockId=conID: 3 locID: 102696732961604120 bcsId: 0,size=1048576]} | ret=SUCCESS |  
2019-08-28 21:29:45,718 [grpc-default-executor-3] INFO  client.GrpcClientProtocolClient (GrpcClientProtocolClient.java:onNext(255)) - client-05DA20D107F8->b461a7b0-028a-4eb5-b268-b89ac225aff8: receive RaftClientReply:client-05DA20D107F8->b461a7b0-028a-4eb5-b268-b89ac225aff8@group-0C8C0AA7542A, cid=1922, SUCCESS, logIndex=2811, commits[b461a7b0-028a-4eb5-b268-b89ac225aff8:c2812, b6ff45f5-67b8-463b-a273-c2e7d9dadd75:c2810, 6a5cb75f-f7eb-4671-9a85-3b6f7898f6cc:c2810]
2019-08-28 21:29:45,718 [grpc-default-executor-3] INFO  client.GrpcClientProtocolClient (GrpcClientProtocolClient.java:onNext(255)) - client-05DA20D107F8->b461a7b0-028a-4eb5-b268-b89ac225aff8: receive RaftClientReply:client-05DA20D107F8->b461a7b0-028a-4eb5-b268-b89ac225aff8@group-0C8C0AA7542A, cid=1923, SUCCESS, logIndex=2812, commits[b461a7b0-028a-4eb5-b268-b89ac225aff8:c2812, b6ff45f5-67b8-463b-a273-c2e7d9dadd75:c2810, 6a5cb75f-f7eb-4671-9a85-3b6f7898f6cc:c2810]
2019-08-28 21:29:45,737 | INFO  | DNAudit | user=null | ip=null | op=WRITE_CHUNK {blockData=conID: 3 locID: 102696732961604120 bcsId: 0} | ret=SUCCESS |  
2019-08-28 21:29:45,738 | INFO  | DNAudit | user=null | ip=null | op=PUT_BLOCK {blockData=[blockId=conID: 3 locID: 102696732961604120 bcsId: 0,size=2097152]} | ret=SUCCESS |  
2019-08-28 21:29:45,738 [grpc-default-executor-3] INFO  client.GrpcClientProtocolClient (GrpcClientProtocolClient.java:onNext(255)) - client-05DA20D107F8->b461a7b0-028a-4eb5-b268-b89ac225aff8: receive RaftClientReply:client-05DA20D107F8->b461a7b0-028a-4eb5-b268-b89ac225aff8@group-0C8C0AA7542A, cid=1924, SUCCESS, logIndex=2813, commits[b461a7b0-028a-4eb5-b268-b89ac225aff8:c2814, b6ff45f5-67b8-463b-a273-c2e7d9dadd75:c2810, 6a5cb75f-f7eb-4671-9a85-3b6f7898f6cc:c2810]
2019-08-28 21:29:45,738 [grpc-default-executor-3] INFO  client.GrpcClientProtocolClient (GrpcClientProtocolClient.java:onNext(255)) - client-05DA20D107F8->b461a7b0-028a-4eb5-b268-b89ac225aff8: receive RaftClientReply:client-05DA20D107F8->b461a7b0-028a-4eb5-b268-b89ac225aff8@group-0C8C0AA7542A, cid=1925, SUCCESS, logIndex=2814, commits[b461a7b0-028a-4eb5-b268-b89ac225aff8:c2814, b6ff45f5-67b8-463b-a273-c2e7d9dadd75:c2810, 6a5cb75f-f7eb-4671-9a85-3b6f7898f6cc:c2810]
2019-08-28 21:29:45,739 | INFO  | DNAudit | user=null | ip=null | op=WRITE_CHUNK {blockData=conID: 3 locID: 102696732961604120 bcsId: 0} | ret=SUCCESS |  
2019-08-28 21:29:45,739 | INFO  | DNAudit | user=null | ip=null | op=WRITE_CHUNK {blockData=conID: 3 locID: 102696732961604120 bcsId: 0} | ret=SUCCESS |  
2019-08-28 21:29:45,739 | INFO  | DNAudit | user=null | ip=null | op=PUT_BLOCK {blockData=[blockId=conID: 3 locID: 102696732961604120 bcsId: 0,size=1048576]} | ret=SUCCESS |  
2019-08-28 21:29:45,739 | INFO  | DNAudit | user=null | ip=null | op=PUT_BLOCK {blockData=[blockId=conID: 3 locID: 102696732961604120 bcsId: 0,size=1048576]} | ret=SUCCESS |  
2019-08-28 21:29:45,740 [grpc-default-executor-3] INFO  client.GrpcClientProtocolClient (GrpcClientProtocolClient.java:onNext(255)) - client-05DA20D107F8->b461a7b0-028a-4eb5-b268-b89ac225aff8: receive RaftClientReply:client-05DA20D107F8->b461a7b0-028a-4eb5-b268-b89ac225aff8@group-0C8C0AA7542A, cid=1926, SUCCESS, logIndex=0, commits[b461a7b0-028a-4eb5-b268-b89ac225aff8:c2815, b6ff45f5-67b8-463b-a273-c2e7d9dadd75:c2812, 6a5cb75f-f7eb-4671-9a85-3b6f7898f6cc:c2812]
2019-08-28 21:29:45,751 | INFO  | DNAudit | user=null | ip=null | op=WRITE_CHUNK {blockData=conID: 3 locID: 102696732961604120 bcsId: 2814} | ret=SUCCESS |  
2019-08-28 21:29:45,751 | INFO  | DNAudit | user=null | ip=null | op=WRITE_CHUNK {blockData=conID: 3 locID: 102696732961604120 bcsId: 2814} | ret=SUCCESS |  
2019-08-28 21:29:45,751 | INFO  | DNAudit | user=null | ip=null | op=WRITE_CHUNK {blockData=conID: 3 locID: 102696732961604120 bcsId: 2814} | ret=SUCCESS |  
2019-08-28 21:29:45,770 | INFO  | DNAudit | user=null | ip=null | op=WRITE_CHUNK {blockData=conID: 3 locID: 102696732961604120 bcsId: 0} | ret=SUCCESS |  
2019-08-28 21:29:45,770 | INFO  | DNAudit | user=null | ip=null | op=WRITE_CHUNK {blockData=conID: 3 locID: 102696732961604120 bcsId: 0} | ret=SUCCESS |  
2019-08-28 21:29:45,770 | INFO  | DNAudit | user=null | ip=null | op=WRITE_CHUNK {blockData=conID: 3 locID: 102696732961604120 bcsId: 2814} | ret=SUCCESS |  
2019-08-28 21:29:45,770 | INFO  | DNAudit | user=null | ip=null | op=PUT_BLOCK {blockData=[blockId=conID: 3 locID: 102696732961604120 bcsId: 0,size=2097152]} | ret=SUCCESS |  
2019-08-28 21:29:45,770 | INFO  | DNAudit | user=null | ip=null | op=PUT_BLOCK {blockData=[blockId=conID: 3 locID: 102696732961604120 bcsId: 0,size=2097152]} | ret=SUCCESS |  
2019-08-28 21:29:45,771 | INFO  | DNAudit | user=null | ip=null | op=PUT_BLOCK {blockData=[blockId=conID: 3 locID: 102696732961604120 bcsId: 0,size=3145728]} | ret=SUCCESS |  
2019-08-28 21:29:45,771 [grpc-default-executor-3] INFO  client.GrpcClientProtocolClient (GrpcClientProtocolClient.java:onNext(255)) - client-05DA20D107F8->b461a7b0-028a-4eb5-b268-b89ac225aff8: receive RaftClientReply:client-05DA20D107F8->b461a7b0-028a-4eb5-b268-b89ac225aff8@group-0C8C0AA7542A, cid=1927, SUCCESS, logIndex=2819, commits[b461a7b0-028a-4eb5-b268-b89ac225aff8:c2820, b6ff45f5-67b8-463b-a273-c2e7d9dadd75:c2818, 6a5cb75f-f7eb-4671-9a85-3b6f7898f6cc:c2818]
2019-08-28 21:29:45,771 [grpc-default-executor-3] INFO  client.GrpcClientProtocolClient (GrpcClientProtocolClient.java:onNext(255)) - client-05DA20D107F8->b461a7b0-028a-4eb5-b268-b89ac225aff8: receive RaftClientReply:client-05DA20D107F8->b461a7b0-028a-4eb5-b268-b89ac225aff8@group-0C8C0AA7542A, cid=1928, SUCCESS, logIndex=2820, commits[b461a7b0-028a-4eb5-b268-b89ac225aff8:c2820, b6ff45f5-67b8-463b-a273-c2e7d9dadd75:c2818, 6a5cb75f-f7eb-4671-9a85-3b6f7898f6cc:c2818]
2019-08-28 21:29:45,777 | INFO  | DNAudit | user=null | ip=null | op=WRITE_CHUNK {blockData=conID: 3 locID: 102696732961604120 bcsId: 2814} | ret=SUCCESS |  
2019-08-28 21:29:45,777 | INFO  | DNAudit | user=null | ip=null | op=WRITE_CHUNK {blockData=conID: 3 locID: 102696732961604120 bcsId: 2814} | ret=SUCCESS |  
2019-08-28 21:29:45,778 | INFO  | DNAudit | user=null | ip=null | op=PUT_BLOCK {blockData=[blockId=conID: 3 locID: 102696732961604120 bcsId: 0,size=3145728]} | ret=SUCCESS |  
2019-08-28 21:29:45,778 | INFO  | DNAudit | user=null | ip=null | op=PUT_BLOCK {blockData=[blockId=conID: 3 locID: 102696732961604120 bcsId: 0,size=3145728]} | ret=SUCCESS |  
2019-08-28 21:29:45,779 | INFO  | DNAudit | user=null | ip=null | op=WRITE_CHUNK {blockData=conID: 3 locID: 102696732961604120 bcsId: 2820} | ret=SUCCESS |  
2019-08-28 21:29:45,782 | INFO  | DNAudit | user=null | ip=null | op=WRITE_CHUNK {blockData=conID: 3 locID: 102696732961604120 bcsId: 2820} | ret=SUCCESS |  
2019-08-28 21:29:45,782 | INFO  | DNAudit | user=null | ip=null | op=WRITE_CHUNK {blockData=conID: 3 locID: 102696732961604120 bcsId: 2820} | ret=SUCCESS |  
2019-08-28 21:29:45,787 | INFO  | DNAudit | user=null | ip=null | op=WRITE_CHUNK {blockData=conID: 3 locID: 102696732961604120 bcsId: 2820} | ret=SUCCESS |  
2019-08-28 21:29:45,787 | INFO  | DNAudit | user=null | ip=null | op=PUT_BLOCK {blockData=[blockId=conID: 3 locID: 102696732961604120 bcsId: 0,size=4194304]} | ret=SUCCESS |  
2019-08-28 21:29:45,787 [grpc-default-executor-5] INFO  client.GrpcClientProtocolClient (GrpcClientProtocolClient.java:onNext(255)) - client-05DA20D107F8->b461a7b0-028a-4eb5-b268-b89ac225aff8: receive RaftClientReply:client-05DA20D107F8->b461a7b0-028a-4eb5-b268-b89ac225aff8@group-0C8C0AA7542A, cid=1929, SUCCESS, logIndex=2823, commits[b461a7b0-028a-4eb5-b268-b89ac225aff8:c2824, b6ff45f5-67b8-463b-a273-c2e7d9dadd75:c2821, 6a5cb75f-f7eb-4671-9a85-3b6f7898f6cc:c2821]
2019-08-28 21:29:45,788 [grpc-default-executor-5] INFO  client.GrpcClientProtocolClient (GrpcClientProtocolClient.java:onNext(255)) - client-05DA20D107F8->b461a7b0-028a-4eb5-b268-b89ac225aff8: receive RaftClientReply:client-05DA20D107F8->b461a7b0-028a-4eb5-b268-b89ac225aff8@group-0C8C0AA7542A, cid=1930, SUCCESS, logIndex=2824, commits[b461a7b0-028a-4eb5-b268-b89ac225aff8:c2824, b6ff45f5-67b8-463b-a273-c2e7d9dadd75:c2821, 6a5cb75f-f7eb-4671-9a85-3b6f7898f6cc:c2821]
2019-08-28 21:29:45,792 | INFO  | DNAudit | user=null | ip=null | op=WRITE_CHUNK {blockData=conID: 3 locID: 102696732961604120 bcsId: 2820} | ret=SUCCESS |  
2019-08-28 21:29:45,792 | INFO  | DNAudit | user=null | ip=null | op=WRITE_CHUNK {blockData=conID: 3 locID: 102696732961604120 bcsId: 2820} | ret=SUCCESS |  
2019-08-28 21:29:45,794 | INFO  | DNAudit | user=null | ip=null | op=PUT_BLOCK {blockData=[blockId=conID: 3 locID: 102696732961604120 bcsId: 0,size=4194304]} | ret=SUCCESS |  
2019-08-28 21:29:45,794 | INFO  | DNAudit | user=null | ip=null | op=PUT_BLOCK {blockData=[blockId=conID: 3 locID: 102696732961604120 bcsId: 0,size=4194304]} | ret=SUCCESS |  
2019-08-28 21:29:45,794 [grpc-default-executor-5] INFO  client.GrpcClientProtocolClient (GrpcClientProtocolClient.java:onNext(255)) - client-05DA20D107F8->b461a7b0-028a-4eb5-b268-b89ac225aff8: receive RaftClientReply:client-05DA20D107F8->b461a7b0-028a-4eb5-b268-b89ac225aff8@group-0C8C0AA7542A, cid=1931, SUCCESS, logIndex=0, commits[b461a7b0-028a-4eb5-b268-b89ac225aff8:c2826, b6ff45f5-67b8-463b-a273-c2e7d9dadd75:c2824, 6a5cb75f-f7eb-4671-9a85-3b6f7898f6cc:c2824]
2019-08-28 21:29:45,799 | INFO  | SCMAudit | user=jenkins1000 | ip=127.0.0.1 | op=ALLOCATE_BLOCK {owner=a0140aad-a474-4492-a39d-25bd6167d9f0, size=4194304, type=RATIS, factor=THREE} | ret=SUCCESS |  
2019-08-28 21:29:45,802 | INFO  | OMAudit | user=jenkins1000 | ip=127.0.0.1 | op=ALLOCATE_BLOCK {volume=vol-0-08922, bucket=bucket-0-29862, key=key-0-31337, dataSize=0, replicationType=null, replicationFactor=null, keyLocationInfo=null, clientID=102696731548516754} | ret=SUCCESS |  
2019-08-28 21:29:45,809 | INFO  | DNAudit | user=null | ip=null | op=WRITE_CHUNK {blockData=conID: 1 locID: 102696732970123801 bcsId: 0} | ret=SUCCESS |  
2019-08-28 21:29:45,812 | INFO  | DNAudit | user=null | ip=null | op=WRITE_CHUNK {blockData=conID: 1 locID: 102696732970123801 bcsId: 0} | ret=SUCCESS |  
2019-08-28 21:29:45,813 | INFO  | DNAudit | user=null | ip=null | op=WRITE_CHUNK {blockData=conID: 1 locID: 102696732970123801 bcsId: 0} | ret=SUCCESS |  
2019-08-28 21:29:45,813 | INFO  | DNAudit | user=null | ip=null | op=WRITE_CHUNK {blockData=conID: 1 locID: 102696732970123801 bcsId: 0} | ret=SUCCESS |  
2019-08-28 21:29:45,815 | INFO  | DNAudit | user=null | ip=null | op=WRITE_CHUNK {blockData=conID: 1 locID: 102696732970123801 bcsId: 0} | ret=SUCCESS |  
2019-08-28 21:29:45,815 | INFO  | DNAudit | user=null | ip=null | op=WRITE_CHUNK {blockData=conID: 1 locID: 102696732970123801 bcsId: 0} | ret=SUCCESS |  
2019-08-28 21:29:45,819 | INFO  | DNAudit | user=null | ip=null | op=WRITE_CHUNK {blockData=conID: 1 locID: 102696732970123801 bcsId: 0} | ret=SUCCESS |  
2019-08-28 21:29:45,820 | INFO  | DNAudit | user=null | ip=null | op=PUT_BLOCK {blockData=[blockId=conID: 1 locID: 102696732970123801 bcsId: 0,size=1048576]} | ret=SUCCESS |  
2019-08-28 21:29:45,820 [grpc-default-executor-2] INFO  client.GrpcClientProtocolClient (GrpcClientProtocolClient.java:onNext(255)) - client-05DA20D107F8->b461a7b0-028a-4eb5-b268-b89ac225aff8: receive RaftClientReply:client-05DA20D107F8->b461a7b0-028a-4eb5-b268-b89ac225aff8@group-0C8C0AA7542A, cid=1932, SUCCESS, logIndex=2827, commits[b461a7b0-028a-4eb5-b268-b89ac225aff8:c2828, b6ff45f5-67b8-463b-a273-c2e7d9dadd75:c2826, 6a5cb75f-f7eb-4671-9a85-3b6f7898f6cc:c2826]
2019-08-28 21:29:45,820 [grpc-default-executor-2] INFO  client.GrpcClientProtocolClient (GrpcClientProtocolClient.java:onNext(255)) - client-05DA20D107F8->b461a7b0-028a-4eb5-b268-b89ac225aff8: receive RaftClientReply:client-05DA20D107F8->b461a7b0-028a-4eb5-b268-b89ac225aff8@group-0C8C0AA7542A, cid=1933, SUCCESS, logIndex=2828, commits[b461a7b0-028a-4eb5-b268-b89ac225aff8:c2828, b6ff45f5-67b8-463b-a273-c2e7d9dadd75:c2826, 6a5cb75f-f7eb-4671-9a85-3b6f7898f6cc:c2826]
2019-08-28 21:29:45,826 | INFO  | DNAudit | user=null | ip=null | op=WRITE_CHUNK {blockData=conID: 1 locID: 102696732970123801 bcsId: 0} | ret=SUCCESS |  
2019-08-28 21:29:45,827 | INFO  | DNAudit | user=null | ip=null | op=PUT_BLOCK {blockData=[blockId=conID: 1 locID: 102696732970123801 bcsId: 0,size=2097152]} | ret=SUCCESS |  
2019-08-28 21:29:45,827 [grpc-default-executor-5] INFO  client.GrpcClientProtocolClient (GrpcClientProtocolClient.java:onNext(255)) - client-05DA20D107F8->b461a7b0-028a-4eb5-b268-b89ac225aff8: receive RaftClientReply:client-05DA20D107F8->b461a7b0-028a-4eb5-b268-b89ac225aff8@group-0C8C0AA7542A, cid=1934, SUCCESS, logIndex=2829, commits[b461a7b0-028a-4eb5-b268-b89ac225aff8:c2830, b6ff45f5-67b8-463b-a273-c2e7d9dadd75:c2826, 6a5cb75f-f7eb-4671-9a85-3b6f7898f6cc:c2826]
2019-08-28 21:29:45,827 | INFO  | DNAudit | user=null | ip=null | op=WRITE_CHUNK {blockData=conID: 1 locID: 102696732970123801 bcsId: 0} | ret=SUCCESS |  
2019-08-28 21:29:45,827 | INFO  | DNAudit | user=null | ip=null | op=PUT_BLOCK {blockData=[blockId=conID: 1 locID: 102696732970123801 bcsId: 0,size=1048576]} | ret=SUCCESS |  
2019-08-28 21:29:45,827 [grpc-default-executor-5] INFO  client.GrpcClientProtocolClient (GrpcClientProtocolClient.java:onNext(255)) - client-05DA20D107F8->b461a7b0-028a-4eb5-b268-b89ac225aff8: receive RaftClientReply:client-05DA20D107F8->b461a7b0-028a-4eb5-b268-b89ac225aff8@group-0C8C0AA7542A, cid=1935, SUCCESS, logIndex=2830, commits[b461a7b0-028a-4eb5-b268-b89ac225aff8:c2830, b6ff45f5-67b8-463b-a273-c2e7d9dadd75:c2826, 6a5cb75f-f7eb-4671-9a85-3b6f7898f6cc:c2826]
2019-08-28 21:29:45,828 | INFO  | DNAudit | user=null | ip=null | op=WRITE_CHUNK {blockData=conID: 1 locID: 102696732970123801 bcsId: 0} | ret=SUCCESS |  
2019-08-28 21:29:45,828 | INFO  | DNAudit | user=null | ip=null | op=PUT_BLOCK {blockData=[blockId=conID: 1 locID: 102696732970123801 bcsId: 0,size=1048576]} | ret=SUCCESS |  
2019-08-28 21:29:45,828 | INFO  | DNAudit | user=null | ip=null | op=WRITE_CHUNK {blockData=conID: 1 locID: 102696732970123801 bcsId: 0} | ret=SUCCESS |  
2019-08-28 21:29:45,828 | INFO  | DNAudit | user=null | ip=null | op=PUT_BLOCK {blockData=[blockId=conID: 1 locID: 102696732970123801 bcsId: 0,size=2097152]} | ret=SUCCESS |  
2019-08-28 21:29:45,829 [grpc-default-executor-5] INFO  client.GrpcClientProtocolClient (GrpcClientProtocolClient.java:onNext(255)) - client-05DA20D107F8->b461a7b0-028a-4eb5-b268-b89ac225aff8: receive RaftClientReply:client-05DA20D107F8->b461a7b0-028a-4eb5-b268-b89ac225aff8@group-0C8C0AA7542A, cid=1936, SUCCESS, logIndex=0, commits[b461a7b0-028a-4eb5-b268-b89ac225aff8:c2832, b6ff45f5-67b8-463b-a273-c2e7d9dadd75:c2828, 6a5cb75f-f7eb-4671-9a85-3b6f7898f6cc:c2828]
2019-08-28 21:29:45,829 | INFO  | DNAudit | user=null | ip=null | op=WRITE_CHUNK {blockData=conID: 1 locID: 102696732970123801 bcsId: 0} | ret=SUCCESS |  
2019-08-28 21:29:45,829 | INFO  | DNAudit | user=null | ip=null | op=PUT_BLOCK {blockData=[blockId=conID: 1 locID: 102696732970123801 bcsId: 0,size=2097152]} | ret=SUCCESS |  
2019-08-28 21:29:45,834 | INFO  | DNAudit | user=null | ip=null | op=WRITE_CHUNK {blockData=conID: 1 locID: 102696732970123801 bcsId: 2830} | ret=SUCCESS |  
2019-08-28 21:29:45,837 | INFO  | DNAudit | user=null | ip=null | op=WRITE_CHUNK {blockData=conID: 1 locID: 102696732970123801 bcsId: 2830} | ret=SUCCESS |  
2019-08-28 21:29:45,838 | INFO  | DNAudit | user=null | ip=null | op=WRITE_CHUNK {blockData=conID: 1 locID: 102696732970123801 bcsId: 2830} | ret=SUCCESS |  
2019-08-28 21:29:45,856 | INFO  | DNAudit | user=null | ip=null | op=WRITE_CHUNK {blockData=conID: 1 locID: 102696732970123801 bcsId: 2830} | ret=SUCCESS |  
2019-08-28 21:29:45,856 | INFO  | DNAudit | user=null | ip=null | op=PUT_BLOCK {blockData=[blockId=conID: 1 locID: 102696732970123801 bcsId: 0,size=3145728]} | ret=SUCCESS |  
2019-08-28 21:29:45,857 [grpc-default-executor-5] INFO  client.GrpcClientProtocolClient (GrpcClientProtocolClient.java:onNext(255)) - client-05DA20D107F8->b461a7b0-028a-4eb5-b268-b89ac225aff8: receive RaftClientReply:client-05DA20D107F8->b461a7b0-028a-4eb5-b268-b89ac225aff8@group-0C8C0AA7542A, cid=1937, SUCCESS, logIndex=2835, commits[b461a7b0-028a-4eb5-b268-b89ac225aff8:c2836, b6ff45f5-67b8-463b-a273-c2e7d9dadd75:c2834, 6a5cb75f-f7eb-4671-9a85-3b6f7898f6cc:c2834]
2019-08-28 21:29:45,857 [grpc-default-executor-5] INFO  client.GrpcClientProtocolClient (GrpcClientProtocolClient.java:onNext(255)) - client-05DA20D107F8->b461a7b0-028a-4eb5-b268-b89ac225aff8: receive RaftClientReply:client-05DA20D107F8->b461a7b0-028a-4eb5-b268-b89ac225aff8@group-0C8C0AA7542A, cid=1938, SUCCESS, logIndex=2836, commits[b461a7b0-028a-4eb5-b268-b89ac225aff8:c2836, b6ff45f5-67b8-463b-a273-c2e7d9dadd75:c2834, 6a5cb75f-f7eb-4671-9a85-3b6f7898f6cc:c2834]
2019-08-28 21:29:45,863 | INFO  | DNAudit | user=null | ip=null | op=WRITE_CHUNK {blockData=conID: 1 locID: 102696732970123801 bcsId: 2836} | ret=SUCCESS |  
2019-08-28 21:29:45,866 | INFO  | DNAudit | user=null | ip=null | op=WRITE_CHUNK {blockData=conID: 1 locID: 102696732970123801 bcsId: 2836} | ret=SUCCESS |  
2019-08-28 21:29:45,867 | INFO  | DNAudit | user=null | ip=null | op=WRITE_CHUNK {blockData=conID: 1 locID: 102696732970123801 bcsId: 2836} | ret=SUCCESS |  
2019-08-28 21:29:45,867 | INFO  | DNAudit | user=null | ip=null | op=WRITE_CHUNK {blockData=conID: 1 locID: 102696732970123801 bcsId: 2830} | ret=SUCCESS |  
2019-08-28 21:29:45,867 | INFO  | DNAudit | user=null | ip=null | op=WRITE_CHUNK {blockData=conID: 1 locID: 102696732970123801 bcsId: 2830} | ret=SUCCESS |  
2019-08-28 21:29:45,868 | INFO  | DNAudit | user=null | ip=null | op=PUT_BLOCK {blockData=[blockId=conID: 1 locID: 102696732970123801 bcsId: 0,size=3145728]} | ret=SUCCESS |  
2019-08-28 21:29:45,869 | INFO  | DNAudit | user=null | ip=null | op=PUT_BLOCK {blockData=[blockId=conID: 1 locID: 102696732970123801 bcsId: 0,size=3145728]} | ret=SUCCESS |  
2019-08-28 21:29:45,869 | INFO  | DNAudit | user=null | ip=null | op=WRITE_CHUNK {blockData=conID: 1 locID: 102696732970123801 bcsId: 2836} | ret=SUCCESS |  
2019-08-28 21:29:45,869 | INFO  | DNAudit | user=null | ip=null | op=PUT_BLOCK {blockData=[blockId=conID: 1 locID: 102696732970123801 bcsId: 0,size=4194304]} | ret=SUCCESS |  
2019-08-28 21:29:45,869 [grpc-default-executor-2] INFO  client.GrpcClientProtocolClient (GrpcClientProtocolClient.java:onNext(255)) - client-05DA20D107F8->b461a7b0-028a-4eb5-b268-b89ac225aff8: receive RaftClientReply:client-05DA20D107F8->b461a7b0-028a-4eb5-b268-b89ac225aff8@group-0C8C0AA7542A, cid=1939, SUCCESS, logIndex=2839, commits[b461a7b0-028a-4eb5-b268-b89ac225aff8:c2839, b6ff45f5-67b8-463b-a273-c2e7d9dadd75:c2836, 6a5cb75f-f7eb-4671-9a85-3b6f7898f6cc:c2836]
2019-08-28 21:29:45,870 [grpc-default-executor-2] INFO  client.GrpcClientProtocolClient (GrpcClientProtocolClient.java:onNext(255)) - client-05DA20D107F8->b461a7b0-028a-4eb5-b268-b89ac225aff8: receive RaftClientReply:client-05DA20D107F8->b461a7b0-028a-4eb5-b268-b89ac225aff8@group-0C8C0AA7542A, cid=1940, SUCCESS, logIndex=2840, commits[b461a7b0-028a-4eb5-b268-b89ac225aff8:c2840, b6ff45f5-67b8-463b-a273-c2e7d9dadd75:c2836, 6a5cb75f-f7eb-4671-9a85-3b6f7898f6cc:c2836]
2019-08-28 21:29:45,880 | INFO  | DNAudit | user=null | ip=null | op=WRITE_CHUNK {blockData=conID: 1 locID: 102696732970123801 bcsId: 2836} | ret=SUCCESS |  
2019-08-28 21:29:45,880 | INFO  | DNAudit | user=null | ip=null | op=WRITE_CHUNK {blockData=conID: 1 locID: 102696732970123801 bcsId: 2836} | ret=SUCCESS |  
2019-08-28 21:29:45,881 | INFO  | DNAudit | user=null | ip=null | op=PUT_BLOCK {blockData=[blockId=conID: 1 locID: 102696732970123801 bcsId: 0,size=4194304]} | ret=SUCCESS |  
2019-08-28 21:29:45,881 | INFO  | DNAudit | user=null | ip=null | op=PUT_BLOCK {blockData=[blockId=conID: 1 locID: 102696732970123801 bcsId: 0,size=4194304]} | ret=SUCCESS |  
2019-08-28 21:29:45,882 [grpc-default-executor-6] INFO  client.GrpcClientProtocolClient (GrpcClientProtocolClient.java:onNext(255)) - client-05DA20D107F8->b461a7b0-028a-4eb5-b268-b89ac225aff8: receive RaftClientReply:client-05DA20D107F8->b461a7b0-028a-4eb5-b268-b89ac225aff8@group-0C8C0AA7542A, cid=1941, SUCCESS, logIndex=0, commits[b461a7b0-028a-4eb5-b268-b89ac225aff8:c2842, b6ff45f5-67b8-463b-a273-c2e7d9dadd75:c2840, 6a5cb75f-f7eb-4671-9a85-3b6f7898f6cc:c2840]
2019-08-28 21:29:45,888 | INFO  | SCMAudit | user=jenkins1000 | ip=127.0.0.1 | op=ALLOCATE_BLOCK {owner=a0140aad-a474-4492-a39d-25bd6167d9f0, size=4194304, type=RATIS, factor=THREE} | ret=SUCCESS |  
2019-08-28 21:29:45,891 | INFO  | OMAudit | user=jenkins1000 | ip=127.0.0.1 | op=ALLOCATE_BLOCK {volume=vol-0-08922, bucket=bucket-0-29862, key=key-0-31337, dataSize=0, replicationType=null, replicationFactor=null, keyLocationInfo=null, clientID=102696731548516754} | ret=SUCCESS |  
2019-08-28 21:29:45,897 | INFO  | DNAudit | user=null | ip=null | op=WRITE_CHUNK {blockData=conID: 2 locID: 102696732975956506 bcsId: 0} | ret=SUCCESS |  
2019-08-28 21:29:45,899 | INFO  | DNAudit | user=null | ip=null | op=WRITE_CHUNK {blockData=conID: 2 locID: 102696732975956506 bcsId: 0} | ret=SUCCESS |  
2019-08-28 21:29:45,899 | INFO  | DNAudit | user=null | ip=null | op=WRITE_CHUNK {blockData=conID: 2 locID: 102696732975956506 bcsId: 0} | ret=SUCCESS |  
2019-08-28 21:29:45,899 | INFO  | DNAudit | user=null | ip=null | op=WRITE_CHUNK {blockData=conID: 2 locID: 102696732975956506 bcsId: 0} | ret=SUCCESS |  
2019-08-28 21:29:45,901 | INFO  | DNAudit | user=null | ip=null | op=WRITE_CHUNK {blockData=conID: 2 locID: 102696732975956506 bcsId: 0} | ret=SUCCESS |  
2019-08-28 21:29:45,901 | INFO  | DNAudit | user=null | ip=null | op=WRITE_CHUNK {blockData=conID: 2 locID: 102696732975956506 bcsId: 0} | ret=SUCCESS |  
2019-08-28 21:29:45,916 | INFO  | DNAudit | user=null | ip=null | op=WRITE_CHUNK {blockData=conID: 2 locID: 102696732975956506 bcsId: 0} | ret=SUCCESS |  
2019-08-28 21:29:45,917 | INFO  | DNAudit | user=null | ip=null | op=PUT_BLOCK {blockData=[blockId=conID: 2 locID: 102696732975956506 bcsId: 0,size=1048576]} | ret=SUCCESS |  
2019-08-28 21:29:45,917 | INFO  | DNAudit | user=null | ip=null | op=WRITE_CHUNK {blockData=conID: 2 locID: 102696732975956506 bcsId: 0} | ret=SUCCESS |  
2019-08-28 21:29:45,917 [grpc-default-executor-5] INFO  client.GrpcClientProtocolClient (GrpcClientProtocolClient.java:onNext(255)) - client-05DA20D107F8->b461a7b0-028a-4eb5-b268-b89ac225aff8: receive RaftClientReply:client-05DA20D107F8->b461a7b0-028a-4eb5-b268-b89ac225aff8@group-0C8C0AA7542A, cid=1942, SUCCESS, logIndex=2843, commits[b461a7b0-028a-4eb5-b268-b89ac225aff8:c2844, b6ff45f5-67b8-463b-a273-c2e7d9dadd75:c2842, 6a5cb75f-f7eb-4671-9a85-3b6f7898f6cc:c2842]
2019-08-28 21:29:45,917 | INFO  | DNAudit | user=null | ip=null | op=PUT_BLOCK {blockData=[blockId=conID: 2 locID: 102696732975956506 bcsId: 0,size=2097152]} | ret=SUCCESS |  
2019-08-28 21:29:45,917 [grpc-default-executor-5] INFO  client.GrpcClientProtocolClient (GrpcClientProtocolClient.java:onNext(255)) - client-05DA20D107F8->b461a7b0-028a-4eb5-b268-b89ac225aff8: receive RaftClientReply:client-05DA20D107F8->b461a7b0-028a-4eb5-b268-b89ac225aff8@group-0C8C0AA7542A, cid=1943, SUCCESS, logIndex=2844, commits[b461a7b0-028a-4eb5-b268-b89ac225aff8:c2846, b6ff45f5-67b8-463b-a273-c2e7d9dadd75:c2842, 6a5cb75f-f7eb-4671-9a85-3b6f7898f6cc:c2842]
2019-08-28 21:29:45,918 [grpc-default-executor-5] INFO  client.GrpcClientProtocolClient (GrpcClientProtocolClient.java:onNext(255)) - client-05DA20D107F8->b461a7b0-028a-4eb5-b268-b89ac225aff8: receive RaftClientReply:client-05DA20D107F8->b461a7b0-028a-4eb5-b268-b89ac225aff8@group-0C8C0AA7542A, cid=1944, SUCCESS, logIndex=2845, commits[b461a7b0-028a-4eb5-b268-b89ac225aff8:c2846, b6ff45f5-67b8-463b-a273-c2e7d9dadd75:c2842, 6a5cb75f-f7eb-4671-9a85-3b6f7898f6cc:c2842]
2019-08-28 21:29:45,918 [grpc-default-executor-5] INFO  client.GrpcClientProtocolClient (GrpcClientProtocolClient.java:onNext(255)) - client-05DA20D107F8->b461a7b0-028a-4eb5-b268-b89ac225aff8: receive RaftClientReply:client-05DA20D107F8->b461a7b0-028a-4eb5-b268-b89ac225aff8@group-0C8C0AA7542A, cid=1945, SUCCESS, logIndex=2846, commits[b461a7b0-028a-4eb5-b268-b89ac225aff8:c2846, b6ff45f5-67b8-463b-a273-c2e7d9dadd75:c2842, 6a5cb75f-f7eb-4671-9a85-3b6f7898f6cc:c2842]
2019-08-28 21:29:45,928 | INFO  | DNAudit | user=null | ip=null | op=WRITE_CHUNK {blockData=conID: 2 locID: 102696732975956506 bcsId: 0} | ret=SUCCESS |  
2019-08-28 21:29:45,929 | INFO  | DNAudit | user=null | ip=null | op=WRITE_CHUNK {blockData=conID: 2 locID: 102696732975956506 bcsId: 0} | ret=SUCCESS |  
2019-08-28 21:29:45,929 | INFO  | DNAudit | user=null | ip=null | op=PUT_BLOCK {blockData=[blockId=conID: 2 locID: 102696732975956506 bcsId: 0,size=1048576]} | ret=SUCCESS |  
2019-08-28 21:29:45,929 | INFO  | DNAudit | user=null | ip=null | op=PUT_BLOCK {blockData=[blockId=conID: 2 locID: 102696732975956506 bcsId: 0,size=1048576]} | ret=SUCCESS |  
2019-08-28 21:29:45,929 | INFO  | DNAudit | user=null | ip=null | op=WRITE_CHUNK {blockData=conID: 2 locID: 102696732975956506 bcsId: 0} | ret=SUCCESS |  
2019-08-28 21:29:45,929 | INFO  | DNAudit | user=null | ip=null | op=WRITE_CHUNK {blockData=conID: 2 locID: 102696732975956506 bcsId: 0} | ret=SUCCESS |  
2019-08-28 21:29:45,929 | INFO  | DNAudit | user=null | ip=null | op=PUT_BLOCK {blockData=[blockId=conID: 2 locID: 102696732975956506 bcsId: 0,size=2097152]} | ret=SUCCESS |  
2019-08-28 21:29:45,929 | INFO  | DNAudit | user=null | ip=null | op=PUT_BLOCK {blockData=[blockId=conID: 2 locID: 102696732975956506 bcsId: 0,size=2097152]} | ret=SUCCESS |  
2019-08-28 21:29:45,930 [grpc-default-executor-5] INFO  client.GrpcClientProtocolClient (GrpcClientProtocolClient.java:onNext(255)) - client-05DA20D107F8->b461a7b0-028a-4eb5-b268-b89ac225aff8: receive RaftClientReply:client-05DA20D107F8->b461a7b0-028a-4eb5-b268-b89ac225aff8@group-0C8C0AA7542A, cid=1946, SUCCESS, logIndex=0, commits[b461a7b0-028a-4eb5-b268-b89ac225aff8:c2849, b6ff45f5-67b8-463b-a273-c2e7d9dadd75:c2844, 6a5cb75f-f7eb-4671-9a85-3b6f7898f6cc:c2846]
2019-08-28 21:29:45,935 | INFO  | DNAudit | user=null | ip=null | op=WRITE_CHUNK {blockData=conID: 2 locID: 102696732975956506 bcsId: 2846} | ret=SUCCESS |  
2019-08-28 21:29:45,937 | INFO  | DNAudit | user=null | ip=null | op=WRITE_CHUNK {blockData=conID: 2 locID: 102696732975956506 bcsId: 2846} | ret=SUCCESS |  
2019-08-28 21:29:45,938 | INFO  | DNAudit | user=null | ip=null | op=WRITE_CHUNK {blockData=conID: 2 locID: 102696732975956506 bcsId: 2846} | ret=SUCCESS |  
2019-08-28 21:29:45,947 | INFO  | DNAudit | user=null | ip=null | op=WRITE_CHUNK {blockData=conID: 2 locID: 102696732975956506 bcsId: 2846} | ret=SUCCESS |  
2019-08-28 21:29:45,948 | INFO  | DNAudit | user=null | ip=null | op=PUT_BLOCK {blockData=[blockId=conID: 2 locID: 102696732975956506 bcsId: 0,size=3145728]} | ret=SUCCESS |  
2019-08-28 21:29:45,948 [grpc-default-executor-3] INFO  client.GrpcClientProtocolClient (GrpcClientProtocolClient.java:onNext(255)) - client-05DA20D107F8->b461a7b0-028a-4eb5-b268-b89ac225aff8: receive RaftClientReply:client-05DA20D107F8->b461a7b0-028a-4eb5-b268-b89ac225aff8@group-0C8C0AA7542A, cid=1947, SUCCESS, logIndex=2850, commits[b461a7b0-028a-4eb5-b268-b89ac225aff8:c2851, b6ff45f5-67b8-463b-a273-c2e7d9dadd75:c2849, 6a5cb75f-f7eb-4671-9a85-3b6f7898f6cc:c2849]
2019-08-28 21:29:45,948 [grpc-default-executor-3] INFO  client.GrpcClientProtocolClient (GrpcClientProtocolClient.java:onNext(255)) - client-05DA20D107F8->b461a7b0-028a-4eb5-b268-b89ac225aff8: receive RaftClientReply:client-05DA20D107F8->b461a7b0-028a-4eb5-b268-b89ac225aff8@group-0C8C0AA7542A, cid=1948, SUCCESS, logIndex=2851, commits[b461a7b0-028a-4eb5-b268-b89ac225aff8:c2851, b6ff45f5-67b8-463b-a273-c2e7d9dadd75:c2849, 6a5cb75f-f7eb-4671-9a85-3b6f7898f6cc:c2849]
2019-08-28 21:29:45,953 | INFO  | DNAudit | user=null | ip=null | op=WRITE_CHUNK {blockData=conID: 2 locID: 102696732975956506 bcsId: 2851} | ret=SUCCESS |  
2019-08-28 21:29:45,956 | INFO  | DNAudit | user=null | ip=null | op=WRITE_CHUNK {blockData=conID: 2 locID: 102696732975956506 bcsId: 2851} | ret=SUCCESS |  
2019-08-28 21:29:45,956 | INFO  | DNAudit | user=null | ip=null | op=WRITE_CHUNK {blockData=conID: 2 locID: 102696732975956506 bcsId: 2851} | ret=SUCCESS |  
2019-08-28 21:29:45,962 | INFO  | DNAudit | user=null | ip=null | op=WRITE_CHUNK {blockData=conID: 2 locID: 102696732975956506 bcsId: 2846} | ret=SUCCESS |  
2019-08-28 21:29:45,962 | INFO  | DNAudit | user=null | ip=null | op=WRITE_CHUNK {blockData=conID: 2 locID: 102696732975956506 bcsId: 2846} | ret=SUCCESS |  
2019-08-28 21:29:45,965 | INFO  | DNAudit | user=null | ip=null | op=PUT_BLOCK {blockData=[blockId=conID: 2 locID: 102696732975956506 bcsId: 0,size=3145728]} | ret=SUCCESS |  
2019-08-28 21:29:45,965 | INFO  | DNAudit | user=null | ip=null | op=PUT_BLOCK {blockData=[blockId=conID: 2 locID: 102696732975956506 bcsId: 0,size=3145728]} | ret=SUCCESS |  
2019-08-28 21:29:45,966 | INFO  | DNAudit | user=null | ip=null | op=WRITE_CHUNK {blockData=conID: 2 locID: 102696732975956506 bcsId: 2851} | ret=SUCCESS |  
2019-08-28 21:29:45,966 | INFO  | DNAudit | user=null | ip=null | op=PUT_BLOCK {blockData=[blockId=conID: 2 locID: 102696732975956506 bcsId: 0,size=4194304]} | ret=SUCCESS |  
2019-08-28 21:29:45,966 [grpc-default-executor-2] INFO  client.GrpcClientProtocolClient (GrpcClientProtocolClient.java:onNext(255)) - client-05DA20D107F8->b461a7b0-028a-4eb5-b268-b89ac225aff8: receive RaftClientReply:client-05DA20D107F8->b461a7b0-028a-4eb5-b268-b89ac225aff8@group-0C8C0AA7542A, cid=1949, SUCCESS, logIndex=2854, commits[b461a7b0-028a-4eb5-b268-b89ac225aff8:c2854, b6ff45f5-67b8-463b-a273-c2e7d9dadd75:c2851, 6a5cb75f-f7eb-4671-9a85-3b6f7898f6cc:c2851]
2019-08-28 21:29:45,967 [grpc-default-executor-2] INFO  client.GrpcClientProtocolClient (GrpcClientProtocolClient.java:onNext(255)) - client-05DA20D107F8->b461a7b0-028a-4eb5-b268-b89ac225aff8: receive RaftClientReply:client-05DA20D107F8->b461a7b0-028a-4eb5-b268-b89ac225aff8@group-0C8C0AA7542A, cid=1950, SUCCESS, logIndex=2855, commits[b461a7b0-028a-4eb5-b268-b89ac225aff8:c2855, b6ff45f5-67b8-463b-a273-c2e7d9dadd75:c2851, 6a5cb75f-f7eb-4671-9a85-3b6f7898f6cc:c2851]
2019-08-28 21:29:45,975 | INFO  | DNAudit | user=null | ip=null | op=WRITE_CHUNK {blockData=conID: 2 locID: 102696732975956506 bcsId: 2851} | ret=SUCCESS |  
2019-08-28 21:29:45,975 | INFO  | DNAudit | user=null | ip=null | op=WRITE_CHUNK {blockData=conID: 2 locID: 102696732975956506 bcsId: 2851} | ret=SUCCESS |  
2019-08-28 21:29:45,978 | INFO  | DNAudit | user=null | ip=null | op=PUT_BLOCK {blockData=[blockId=conID: 2 locID: 102696732975956506 bcsId: 0,size=4194304]} | ret=SUCCESS |  
2019-08-28 21:29:45,978 | INFO  | DNAudit | user=null | ip=null | op=PUT_BLOCK {blockData=[blockId=conID: 2 locID: 102696732975956506 bcsId: 0,size=4194304]} | ret=SUCCESS |  
2019-08-28 21:29:45,979 [grpc-default-executor-3] INFO  client.GrpcClientProtocolClient (GrpcClientProtocolClient.java:onNext(255)) - client-05DA20D107F8->b461a7b0-028a-4eb5-b268-b89ac225aff8: receive RaftClientReply:client-05DA20D107F8->b461a7b0-028a-4eb5-b268-b89ac225aff8@group-0C8C0AA7542A, cid=1951, SUCCESS, logIndex=0, commits[b461a7b0-028a-4eb5-b268-b89ac225aff8:c2857, b6ff45f5-67b8-463b-a273-c2e7d9dadd75:c2855, 6a5cb75f-f7eb-4671-9a85-3b6f7898f6cc:c2855]
2019-08-28 21:29:45,983 | INFO  | SCMAudit | user=jenkins1000 | ip=127.0.0.1 | op=ALLOCATE_BLOCK {owner=a0140aad-a474-4492-a39d-25bd6167d9f0, size=4194304, type=RATIS, factor=THREE} | ret=SUCCESS |  
2019-08-28 21:29:45,989 | INFO  | OMAudit | user=jenkins1000 | ip=127.0.0.1 | op=ALLOCATE_BLOCK {volume=vol-0-08922, bucket=bucket-0-29862, key=key-0-31337, dataSize=0, replicationType=null, replicationFactor=null, keyLocationInfo=null, clientID=102696731548516754} | ret=SUCCESS |  
2019-08-28 21:29:45,995 | INFO  | DNAudit | user=null | ip=null | op=WRITE_CHUNK {blockData=conID: 3 locID: 102696732982182427 bcsId: 0} | ret=SUCCESS |  
2019-08-28 21:29:45,997 | INFO  | DNAudit | user=null | ip=null | op=WRITE_CHUNK {blockData=conID: 3 locID: 102696732982182427 bcsId: 0} | ret=SUCCESS |  
2019-08-28 21:29:45,998 | INFO  | DNAudit | user=null | ip=null | op=WRITE_CHUNK {blockData=conID: 3 locID: 102696732982182427 bcsId: 0} | ret=SUCCESS |  
2019-08-28 21:29:45,998 | INFO  | DNAudit | user=null | ip=null | op=WRITE_CHUNK {blockData=conID: 3 locID: 102696732982182427 bcsId: 0} | ret=SUCCESS |  
2019-08-28 21:29:45,999 | INFO  | DNAudit | user=null | ip=null | op=WRITE_CHUNK {blockData=conID: 3 locID: 102696732982182427 bcsId: 0} | ret=SUCCESS |  
2019-08-28 21:29:45,999 | INFO  | DNAudit | user=null | ip=null | op=WRITE_CHUNK {blockData=conID: 3 locID: 102696732982182427 bcsId: 0} | ret=SUCCESS |  
2019-08-28 21:29:46,090 | INFO  | DNAudit | user=null | ip=null | op=WRITE_CHUNK {blockData=conID: 3 locID: 102696732982182427 bcsId: 0} | ret=SUCCESS |  
2019-08-28 21:29:46,091 | INFO  | DNAudit | user=null | ip=null | op=PUT_BLOCK {blockData=[blockId=conID: 3 locID: 102696732982182427 bcsId: 0,size=1048576]} | ret=SUCCESS |  
2019-08-28 21:29:46,091 [grpc-default-executor-2] INFO  client.GrpcClientProtocolClient (GrpcClientProtocolClient.java:onNext(255)) - client-05DA20D107F8->b461a7b0-028a-4eb5-b268-b89ac225aff8: receive RaftClientReply:client-05DA20D107F8->b461a7b0-028a-4eb5-b268-b89ac225aff8@group-0C8C0AA7542A, cid=1952, SUCCESS, logIndex=2858, commits[b461a7b0-028a-4eb5-b268-b89ac225aff8:c2859, b6ff45f5-67b8-463b-a273-c2e7d9dadd75:c2857, 6a5cb75f-f7eb-4671-9a85-3b6f7898f6cc:c2857]
2019-08-28 21:29:46,092 [grpc-default-executor-2] INFO  client.GrpcClientProtocolClient (GrpcClientProtocolClient.java:onNext(255)) - client-05DA20D107F8->b461a7b0-028a-4eb5-b268-b89ac225aff8: receive RaftClientReply:client-05DA20D107F8->b461a7b0-028a-4eb5-b268-b89ac225aff8@group-0C8C0AA7542A, cid=1953, SUCCESS, logIndex=2859, commits[b461a7b0-028a-4eb5-b268-b89ac225aff8:c2859, b6ff45f5-67b8-463b-a273-c2e7d9dadd75:c2857, 6a5cb75f-f7eb-4671-9a85-3b6f7898f6cc:c2857]
2019-08-28 21:29:46,107 | INFO  | SCMAudit | user=jenkins1000 | ip=192.168.36.107 | op=SEND_HEARTBEAT {datanodeUUID=6a5cb75f-f7eb-4671-9a85-3b6f7898f6cc, command=[]} | ret=SUCCESS |  
2019-08-28 21:29:46,107 | INFO  | SCMAudit | user=jenkins1000 | ip=192.168.36.107 | op=SEND_HEARTBEAT {datanodeUUID=b6ff45f5-67b8-463b-a273-c2e7d9dadd75, command=[]} | ret=SUCCESS |  
2019-08-28 21:29:46,107 | INFO  | SCMAudit | user=jenkins1000 | ip=192.168.36.107 | op=SEND_HEARTBEAT {datanodeUUID=b461a7b0-028a-4eb5-b268-b89ac225aff8, command=[]} | ret=SUCCESS |  
2019-08-28 21:29:46,111 | INFO  | DNAudit | user=null | ip=null | op=WRITE_CHUNK {blockData=conID: 3 locID: 102696732982182427 bcsId: 0} | ret=SUCCESS |  
2019-08-28 21:29:46,111 | INFO  | DNAudit | user=null | ip=null | op=PUT_BLOCK {blockData=[blockId=conID: 3 locID: 102696732982182427 bcsId: 0,size=2097152]} | ret=SUCCESS |  
2019-08-28 21:29:46,112 | INFO  | DNAudit | user=null | ip=null | op=WRITE_CHUNK {blockData=conID: 3 locID: 102696732982182427 bcsId: 0} | ret=SUCCESS |  
2019-08-28 21:29:46,112 [grpc-default-executor-5] INFO  client.GrpcClientProtocolClient (GrpcClientProtocolClient.java:onNext(255)) - client-05DA20D107F8->b461a7b0-028a-4eb5-b268-b89ac225aff8: receive RaftClientReply:client-05DA20D107F8->b461a7b0-028a-4eb5-b268-b89ac225aff8@group-0C8C0AA7542A, cid=1954, SUCCESS, logIndex=2860, commits[b461a7b0-028a-4eb5-b268-b89ac225aff8:c2861, b6ff45f5-67b8-463b-a273-c2e7d9dadd75:c2857, 6a5cb75f-f7eb-4671-9a85-3b6f7898f6cc:c2857]
2019-08-28 21:29:46,112 | INFO  | DNAudit | user=null | ip=null | op=PUT_BLOCK {blockData=[blockId=conID: 3 locID: 102696732982182427 bcsId: 0,size=1048576]} | ret=SUCCESS |  
2019-08-28 21:29:46,112 [grpc-default-executor-5] INFO  client.GrpcClientProtocolClient (GrpcClientProtocolClient.java:onNext(255)) - client-05DA20D107F8->b461a7b0-028a-4eb5-b268-b89ac225aff8: receive RaftClientReply:client-05DA20D107F8->b461a7b0-028a-4eb5-b268-b89ac225aff8@group-0C8C0AA7542A, cid=1955, SUCCESS, logIndex=2861, commits[b461a7b0-028a-4eb5-b268-b89ac225aff8:c2861, b6ff45f5-67b8-463b-a273-c2e7d9dadd75:c2857, 6a5cb75f-f7eb-4671-9a85-3b6f7898f6cc:c2857]
2019-08-28 21:29:46,118 | INFO  | DNAudit | user=null | ip=null | op=WRITE_CHUNK {blockData=conID: 3 locID: 102696732982182427 bcsId: 0} | ret=SUCCESS |  
2019-08-28 21:29:46,119 | INFO  | DNAudit | user=null | ip=null | op=WRITE_CHUNK {blockData=conID: 3 locID: 102696732982182427 bcsId: 0} | ret=SUCCESS |  
2019-08-28 21:29:46,119 | INFO  | DNAudit | user=null | ip=null | op=PUT_BLOCK {blockData=[blockId=conID: 3 locID: 102696732982182427 bcsId: 0,size=2097152]} | ret=SUCCESS |  
2019-08-28 21:29:46,119 | INFO  | DNAudit | user=null | ip=null | op=PUT_BLOCK {blockData=[blockId=conID: 3 locID: 102696732982182427 bcsId: 0,size=1048576]} | ret=SUCCESS |  
2019-08-28 21:29:46,119 | INFO  | DNAudit | user=null | ip=null | op=WRITE_CHUNK {blockData=conID: 3 locID: 102696732982182427 bcsId: 0} | ret=SUCCESS |  
2019-08-28 21:29:46,119 | INFO  | DNAudit | user=null | ip=null | op=PUT_BLOCK {blockData=[blockId=conID: 3 locID: 102696732982182427 bcsId: 0,size=2097152]} | ret=SUCCESS |  
2019-08-28 21:29:46,120 [grpc-default-executor-5] INFO  client.GrpcClientProtocolClient (GrpcClientProtocolClient.java:onNext(255)) - client-05DA20D107F8->b461a7b0-028a-4eb5-b268-b89ac225aff8: receive RaftClientReply:client-05DA20D107F8->b461a7b0-028a-4eb5-b268-b89ac225aff8@group-0C8C0AA7542A, cid=1956, SUCCESS, logIndex=0, commits[b461a7b0-028a-4eb5-b268-b89ac225aff8:c2864, b6ff45f5-67b8-463b-a273-c2e7d9dadd75:c2859, 6a5cb75f-f7eb-4671-9a85-3b6f7898f6cc:c2861]
2019-08-28 21:29:46,128 | INFO  | DNAudit | user=null | ip=null | op=WRITE_CHUNK {blockData=conID: 3 locID: 102696732982182427 bcsId: 2861} | ret=SUCCESS |  
2019-08-28 21:29:46,130 | INFO  | DNAudit | user=null | ip=null | op=WRITE_CHUNK {blockData=conID: 3 locID: 102696732982182427 bcsId: 2861} | ret=SUCCESS |  
2019-08-28 21:29:46,130 | INFO  | DNAudit | user=null | ip=null | op=WRITE_CHUNK {blockData=conID: 3 locID: 102696732982182427 bcsId: 2861} | ret=SUCCESS |  
2019-08-28 21:29:46,140 | INFO  | DNAudit | user=null | ip=null | op=WRITE_CHUNK {blockData=conID: 3 locID: 102696732982182427 bcsId: 2861} | ret=SUCCESS |  
2019-08-28 21:29:46,140 | INFO  | DNAudit | user=null | ip=null | op=PUT_BLOCK {blockData=[blockId=conID: 3 locID: 102696732982182427 bcsId: 0,size=3145728]} | ret=SUCCESS |  
2019-08-28 21:29:46,140 [grpc-default-executor-3] INFO  client.GrpcClientProtocolClient (GrpcClientProtocolClient.java:onNext(255)) - client-05DA20D107F8->b461a7b0-028a-4eb5-b268-b89ac225aff8: receive RaftClientReply:client-05DA20D107F8->b461a7b0-028a-4eb5-b268-b89ac225aff8@group-0C8C0AA7542A, cid=1957, SUCCESS, logIndex=2865, commits[b461a7b0-028a-4eb5-b268-b89ac225aff8:c2866, b6ff45f5-67b8-463b-a273-c2e7d9dadd75:c2864, 6a5cb75f-f7eb-4671-9a85-3b6f7898f6cc:c2864]
2019-08-28 21:29:46,141 [grpc-default-executor-3] INFO  client.GrpcClientProtocolClient (GrpcClientProtocolClient.java:onNext(255)) - client-05DA20D107F8->b461a7b0-028a-4eb5-b268-b89ac225aff8: receive RaftClientReply:client-05DA20D107F8->b461a7b0-028a-4eb5-b268-b89ac225aff8@group-0C8C0AA7542A, cid=1958, SUCCESS, logIndex=2866, commits[b461a7b0-028a-4eb5-b268-b89ac225aff8:c2866, b6ff45f5-67b8-463b-a273-c2e7d9dadd75:c2864, 6a5cb75f-f7eb-4671-9a85-3b6f7898f6cc:c2864]
2019-08-28 21:29:46,148 | INFO  | DNAudit | user=null | ip=null | op=WRITE_CHUNK {blockData=conID: 3 locID: 102696732982182427 bcsId: 2866} | ret=SUCCESS |  
2019-08-28 21:29:46,150 | INFO  | DNAudit | user=null | ip=null | op=WRITE_CHUNK {blockData=conID: 3 locID: 102696732982182427 bcsId: 2866} | ret=SUCCESS |  
2019-08-28 21:29:46,150 | INFO  | DNAudit | user=null | ip=null | op=WRITE_CHUNK {blockData=conID: 3 locID: 102696732982182427 bcsId: 2866} | ret=SUCCESS |  
2019-08-28 21:29:46,151 | INFO  | DNAudit | user=null | ip=null | op=WRITE_CHUNK {blockData=conID: 3 locID: 102696732982182427 bcsId: 2861} | ret=SUCCESS |  
2019-08-28 21:29:46,152 | INFO  | DNAudit | user=null | ip=null | op=WRITE_CHUNK {blockData=conID: 3 locID: 102696732982182427 bcsId: 2861} | ret=SUCCESS |  
2019-08-28 21:29:46,153 | INFO  | DNAudit | user=null | ip=null | op=PUT_BLOCK {blockData=[blockId=conID: 3 locID: 102696732982182427 bcsId: 0,size=3145728]} | ret=SUCCESS |  
2019-08-28 21:29:46,153 | INFO  | DNAudit | user=null | ip=null | op=PUT_BLOCK {blockData=[blockId=conID: 3 locID: 102696732982182427 bcsId: 0,size=3145728]} | ret=SUCCESS |  
2019-08-28 21:29:46,153 | INFO  | DNAudit | user=null | ip=null | op=WRITE_CHUNK {blockData=conID: 3 locID: 102696732982182427 bcsId: 2866} | ret=SUCCESS |  
2019-08-28 21:29:46,154 | INFO  | DNAudit | user=null | ip=null | op=PUT_BLOCK {blockData=[blockId=conID: 3 locID: 102696732982182427 bcsId: 0,size=4194304]} | ret=SUCCESS |  
2019-08-28 21:29:46,154 [grpc-default-executor-2] INFO  client.GrpcClientProtocolClient (GrpcClientProtocolClient.java:onNext(255)) - client-05DA20D107F8->b461a7b0-028a-4eb5-b268-b89ac225aff8: receive RaftClientReply:client-05DA20D107F8->b461a7b0-028a-4eb5-b268-b89ac225aff8@group-0C8C0AA7542A, cid=1959, SUCCESS, logIndex=2869, commits[b461a7b0-028a-4eb5-b268-b89ac225aff8:c2870, b6ff45f5-67b8-463b-a273-c2e7d9dadd75:c2866, 6a5cb75f-f7eb-4671-9a85-3b6f7898f6cc:c2866]
2019-08-28 21:29:46,155 [grpc-default-executor-2] INFO  client.GrpcClientProtocolClient (GrpcClientProtocolClient.java:onNext(255)) - client-05DA20D107F8->b461a7b0-028a-4eb5-b268-b89ac225aff8: receive RaftClientReply:client-05DA20D107F8->b461a7b0-028a-4eb5-b268-b89ac225aff8@group-0C8C0AA7542A, cid=1960, SUCCESS, logIndex=2870, commits[b461a7b0-028a-4eb5-b268-b89ac225aff8:c2870, b6ff45f5-67b8-463b-a273-c2e7d9dadd75:c2866, 6a5cb75f-f7eb-4671-9a85-3b6f7898f6cc:c2866]
2019-08-28 21:29:46,164 | INFO  | DNAudit | user=null | ip=null | op=WRITE_CHUNK {blockData=conID: 3 locID: 102696732982182427 bcsId: 2866} | ret=SUCCESS |  
2019-08-28 21:29:46,164 | INFO  | DNAudit | user=null | ip=null | op=PUT_BLOCK {blockData=[blockId=conID: 3 locID: 102696732982182427 bcsId: 0,size=4194304]} | ret=SUCCESS |  
2019-08-28 21:29:46,164 | INFO  | DNAudit | user=null | ip=null | op=WRITE_CHUNK {blockData=conID: 3 locID: 102696732982182427 bcsId: 2866} | ret=SUCCESS |  
2019-08-28 21:29:46,164 | INFO  | DNAudit | user=null | ip=null | op=PUT_BLOCK {blockData=[blockId=conID: 3 locID: 102696732982182427 bcsId: 0,size=4194304]} | ret=SUCCESS |  
2019-08-28 21:29:46,164 [grpc-default-executor-2] INFO  client.GrpcClientProtocolClient (GrpcClientProtocolClient.java:onNext(255)) - client-05DA20D107F8->b461a7b0-028a-4eb5-b268-b89ac225aff8: receive RaftClientReply:client-05DA20D107F8->b461a7b0-028a-4eb5-b268-b89ac225aff8@group-0C8C0AA7542A, cid=1961, SUCCESS, logIndex=0, commits[b461a7b0-028a-4eb5-b268-b89ac225aff8:c2871, b6ff45f5-67b8-463b-a273-c2e7d9dadd75:c2870, 6a5cb75f-f7eb-4671-9a85-3b6f7898f6cc:c2870]
2019-08-28 21:29:46,169 | INFO  | SCMAudit | user=jenkins1000 | ip=127.0.0.1 | op=ALLOCATE_BLOCK {owner=a0140aad-a474-4492-a39d-25bd6167d9f0, size=4194304, type=RATIS, factor=THREE} | ret=SUCCESS |  
2019-08-28 21:29:46,171 | INFO  | OMAudit | user=jenkins1000 | ip=127.0.0.1 | op=ALLOCATE_BLOCK {volume=vol-0-08922, bucket=bucket-0-29862, key=key-0-31337, dataSize=0, replicationType=null, replicationFactor=null, keyLocationInfo=null, clientID=102696731548516754} | ret=SUCCESS |  
2019-08-28 21:29:46,178 | INFO  | DNAudit | user=null | ip=null | op=WRITE_CHUNK {blockData=conID: 1 locID: 102696732994372124 bcsId: 0} | ret=SUCCESS |  
 0.00% |█                                                                                                    |  0/1 Time: 0:00:222019-08-28 21:29:46,269 | INFO  | DNAudit | user=null | ip=null | op=WRITE_CHUNK {blockData=conID: 1 locID: 102696732994372124 bcsId: 0} | ret=SUCCESS |  
2019-08-28 21:29:46,270 | INFO  | DNAudit | user=null | ip=null | op=WRITE_CHUNK {blockData=conID: 1 locID: 102696732994372124 bcsId: 0} | ret=SUCCESS |  
2019-08-28 21:29:46,270 | INFO  | DNAudit | user=null | ip=null | op=WRITE_CHUNK {blockData=conID: 1 locID: 102696732994372124 bcsId: 0} | ret=SUCCESS |  
2019-08-28 21:29:46,272 | INFO  | DNAudit | user=null | ip=null | op=WRITE_CHUNK {blockData=conID: 1 locID: 102696732994372124 bcsId: 0} | ret=SUCCESS |  
2019-08-28 21:29:46,272 | INFO  | DNAudit | user=null | ip=null | op=WRITE_CHUNK {blockData=conID: 1 locID: 102696732994372124 bcsId: 0} | ret=SUCCESS |  
2019-08-28 21:29:46,279 | INFO  | DNAudit | user=null | ip=null | op=WRITE_CHUNK {blockData=conID: 1 locID: 102696732994372124 bcsId: 0} | ret=SUCCESS |  
2019-08-28 21:29:46,280 | INFO  | DNAudit | user=null | ip=null | op=PUT_BLOCK {blockData=[blockId=conID: 1 locID: 102696732994372124 bcsId: 0,size=1048576]} | ret=SUCCESS |  
2019-08-28 21:29:46,280 [grpc-default-executor-2] INFO  client.GrpcClientProtocolClient (GrpcClientProtocolClient.java:onNext(255)) - client-05DA20D107F8->b461a7b0-028a-4eb5-b268-b89ac225aff8: receive RaftClientReply:client-05DA20D107F8->b461a7b0-028a-4eb5-b268-b89ac225aff8@group-0C8C0AA7542A, cid=1962, SUCCESS, logIndex=2873, commits[b461a7b0-028a-4eb5-b268-b89ac225aff8:c2874, b6ff45f5-67b8-463b-a273-c2e7d9dadd75:c2872, 6a5cb75f-f7eb-4671-9a85-3b6f7898f6cc:c2872]
2019-08-28 21:29:46,280 | INFO  | DNAudit | user=null | ip=null | op=WRITE_CHUNK {blockData=conID: 1 locID: 102696732994372124 bcsId: 0} | ret=SUCCESS |  
2019-08-28 21:29:46,280 [grpc-default-executor-2] INFO  client.GrpcClientProtocolClient (GrpcClientProtocolClient.java:onNext(255)) - client-05DA20D107F8->b461a7b0-028a-4eb5-b268-b89ac225aff8: receive RaftClientReply:client-05DA20D107F8->b461a7b0-028a-4eb5-b268-b89ac225aff8@group-0C8C0AA7542A, cid=1963, SUCCESS, logIndex=2874, commits[b461a7b0-028a-4eb5-b268-b89ac225aff8:c2876, b6ff45f5-67b8-463b-a273-c2e7d9dadd75:c2872, 6a5cb75f-f7eb-4671-9a85-3b6f7898f6cc:c2872]
2019-08-28 21:29:46,281 | INFO  | DNAudit | user=null | ip=null | op=PUT_BLOCK {blockData=[blockId=conID: 1 locID: 102696732994372124 bcsId: 0,size=2097152]} | ret=SUCCESS |  
2019-08-28 21:29:46,281 [grpc-default-executor-2] INFO  client.GrpcClientProtocolClient (GrpcClientProtocolClient.java:onNext(255)) - client-05DA20D107F8->b461a7b0-028a-4eb5-b268-b89ac225aff8: receive RaftClientReply:client-05DA20D107F8->b461a7b0-028a-4eb5-b268-b89ac225aff8@group-0C8C0AA7542A, cid=1964, SUCCESS, logIndex=2875, commits[b461a7b0-028a-4eb5-b268-b89ac225aff8:c2876, b6ff45f5-67b8-463b-a273-c2e7d9dadd75:c2872, 6a5cb75f-f7eb-4671-9a85-3b6f7898f6cc:c2872]
2019-08-28 21:29:46,281 [grpc-default-executor-2] INFO  client.GrpcClientProtocolClient (GrpcClientProtocolClient.java:onNext(255)) - client-05DA20D107F8->b461a7b0-028a-4eb5-b268-b89ac225aff8: receive RaftClientReply:client-05DA20D107F8->b461a7b0-028a-4eb5-b268-b89ac225aff8@group-0C8C0AA7542A, cid=1965, SUCCESS, logIndex=2876, commits[b461a7b0-028a-4eb5-b268-b89ac225aff8:c2876, b6ff45f5-67b8-463b-a273-c2e7d9dadd75:c2872, 6a5cb75f-f7eb-4671-9a85-3b6f7898f6cc:c2872]
2019-08-28 21:29:46,292 | INFO  | DNAudit | user=null | ip=null | op=WRITE_CHUNK {blockData=conID: 1 locID: 102696732994372124 bcsId: 0} | ret=SUCCESS |  
2019-08-28 21:29:46,292 | INFO  | DNAudit | user=null | ip=null | op=PUT_BLOCK {blockData=[blockId=conID: 1 locID: 102696732994372124 bcsId: 0,size=1048576]} | ret=SUCCESS |  
2019-08-28 21:29:46,293 | INFO  | DNAudit | user=null | ip=null | op=WRITE_CHUNK {blockData=conID: 1 locID: 102696732994372124 bcsId: 0} | ret=SUCCESS |  
2019-08-28 21:29:46,293 | INFO  | DNAudit | user=null | ip=null | op=PUT_BLOCK {blockData=[blockId=conID: 1 locID: 102696732994372124 bcsId: 0,size=1048576]} | ret=SUCCESS |  
2019-08-28 21:29:46,293 | INFO  | DNAudit | user=null | ip=null | op=WRITE_CHUNK {blockData=conID: 1 locID: 102696732994372124 bcsId: 0} | ret=SUCCESS |  
2019-08-28 21:29:46,294 | INFO  | DNAudit | user=null | ip=null | op=PUT_BLOCK {blockData=[blockId=conID: 1 locID: 102696732994372124 bcsId: 0,size=2097152]} | ret=SUCCESS |  
2019-08-28 21:29:46,294 | INFO  | DNAudit | user=null | ip=null | op=WRITE_CHUNK {blockData=conID: 1 locID: 102696732994372124 bcsId: 0} | ret=SUCCESS |  
2019-08-28 21:29:46,294 [grpc-default-executor-2] INFO  client.GrpcClientProtocolClient (GrpcClientProtocolClient.java:onNext(255)) - client-05DA20D107F8->b461a7b0-028a-4eb5-b268-b89ac225aff8: receive RaftClientReply:client-05DA20D107F8->b461a7b0-028a-4eb5-b268-b89ac225aff8@group-0C8C0AA7542A, cid=1966, SUCCESS, logIndex=0, commits[b461a7b0-028a-4eb5-b268-b89ac225aff8:c2878, b6ff45f5-67b8-463b-a273-c2e7d9dadd75:c2874, 6a5cb75f-f7eb-4671-9a85-3b6f7898f6cc:c2874]
2019-08-28 21:29:46,294 | INFO  | DNAudit | user=null | ip=null | op=PUT_BLOCK {blockData=[blockId=conID: 1 locID: 102696732994372124 bcsId: 0,size=2097152]} | ret=SUCCESS |  
2019-08-28 21:29:46,301 | INFO  | DNAudit | user=null | ip=null | op=WRITE_CHUNK {blockData=conID: 1 locID: 102696732994372124 bcsId: 2876} | ret=SUCCESS |  
2019-08-28 21:29:46,303 | INFO  | DNAudit | user=null | ip=null | op=WRITE_CHUNK {blockData=conID: 1 locID: 102696732994372124 bcsId: 2876} | ret=SUCCESS |  
2019-08-28 21:29:46,303 | INFO  | DNAudit | user=null | ip=null | op=WRITE_CHUNK {blockData=conID: 1 locID: 102696732994372124 bcsId: 2876} | ret=SUCCESS |  
2019-08-28 21:29:46,312 | INFO  | DNAudit | user=null | ip=null | op=WRITE_CHUNK {blockData=conID: 1 locID: 102696732994372124 bcsId: 2876} | ret=SUCCESS |  
2019-08-28 21:29:46,313 | INFO  | DNAudit | user=null | ip=null | op=PUT_BLOCK {blockData=[blockId=conID: 1 locID: 102696732994372124 bcsId: 0,size=3145728]} | ret=SUCCESS |  
2019-08-28 21:29:46,313 [grpc-default-executor-2] INFO  client.GrpcClientProtocolClient (GrpcClientProtocolClient.java:onNext(255)) - client-05DA20D107F8->b461a7b0-028a-4eb5-b268-b89ac225aff8: receive RaftClientReply:client-05DA20D107F8->b461a7b0-028a-4eb5-b268-b89ac225aff8@group-0C8C0AA7542A, cid=1967, SUCCESS, logIndex=2881, commits[b461a7b0-028a-4eb5-b268-b89ac225aff8:c2882, b6ff45f5-67b8-463b-a273-c2e7d9dadd75:c2880, 6a5cb75f-f7eb-4671-9a85-3b6f7898f6cc:c2880]
2019-08-28 21:29:46,313 [grpc-default-executor-2] INFO  client.GrpcClientProtocolClient (GrpcClientProtocolClient.java:onNext(255)) - client-05DA20D107F8->b461a7b0-028a-4eb5-b268-b89ac225aff8: receive RaftClientReply:client-05DA20D107F8->b461a7b0-028a-4eb5-b268-b89ac225aff8@group-0C8C0AA7542A, cid=1968, SUCCESS, logIndex=2882, commits[b461a7b0-028a-4eb5-b268-b89ac225aff8:c2882, b6ff45f5-67b8-463b-a273-c2e7d9dadd75:c2880, 6a5cb75f-f7eb-4671-9a85-3b6f7898f6cc:c2880]
2019-08-28 21:29:46,320 | INFO  | DNAudit | user=null | ip=null | op=WRITE_CHUNK {blockData=conID: 1 locID: 102696732994372124 bcsId: 2882} | ret=SUCCESS |  
2019-08-28 21:29:46,322 | INFO  | DNAudit | user=null | ip=null | op=WRITE_CHUNK {blockData=conID: 1 locID: 102696732994372124 bcsId: 2882} | ret=SUCCESS |  
2019-08-28 21:29:46,323 | INFO  | DNAudit | user=null | ip=null | op=WRITE_CHUNK {blockData=conID: 1 locID: 102696732994372124 bcsId: 2882} | ret=SUCCESS |  
2019-08-28 21:29:46,326 | INFO  | DNAudit | user=null | ip=null | op=WRITE_CHUNK {blockData=conID: 1 locID: 102696732994372124 bcsId: 2876} | ret=SUCCESS |  
2019-08-28 21:29:46,326 | INFO  | DNAudit | user=null | ip=null | op=WRITE_CHUNK {blockData=conID: 1 locID: 102696732994372124 bcsId: 2876} | ret=SUCCESS |  
2019-08-28 21:29:46,327 | INFO  | DNAudit | user=null | ip=null | op=PUT_BLOCK {blockData=[blockId=conID: 1 locID: 102696732994372124 bcsId: 0,size=3145728]} | ret=SUCCESS |  
2019-08-28 21:29:46,327 | INFO  | DNAudit | user=null | ip=null | op=PUT_BLOCK {blockData=[blockId=conID: 1 locID: 102696732994372124 bcsId: 0,size=3145728]} | ret=SUCCESS |  
2019-08-28 21:29:46,327 | INFO  | DNAudit | user=null | ip=null | op=WRITE_CHUNK {blockData=conID: 1 locID: 102696732994372124 bcsId: 2882} | ret=SUCCESS |  
2019-08-28 21:29:46,328 | INFO  | DNAudit | user=null | ip=null | op=PUT_BLOCK {blockData=[blockId=conID: 1 locID: 102696732994372124 bcsId: 0,size=4194304]} | ret=SUCCESS |  
2019-08-28 21:29:46,328 [grpc-default-executor-2] INFO  client.GrpcClientProtocolClient (GrpcClientProtocolClient.java:onNext(255)) - client-05DA20D107F8->b461a7b0-028a-4eb5-b268-b89ac225aff8: receive RaftClientReply:client-05DA20D107F8->b461a7b0-028a-4eb5-b268-b89ac225aff8@group-0C8C0AA7542A, cid=1969, SUCCESS, logIndex=2885, commits[b461a7b0-028a-4eb5-b268-b89ac225aff8:c2886, b6ff45f5-67b8-463b-a273-c2e7d9dadd75:c2882, 6a5cb75f-f7eb-4671-9a85-3b6f7898f6cc:c2882]
2019-08-28 21:29:46,328 [grpc-default-executor-2] INFO  client.GrpcClientProtocolClient (GrpcClientProtocolClient.java:onNext(255)) - client-05DA20D107F8->b461a7b0-028a-4eb5-b268-b89ac225aff8: receive RaftClientReply:client-05DA20D107F8->b461a7b0-028a-4eb5-b268-b89ac225aff8@group-0C8C0AA7542A, cid=1970, SUCCESS, logIndex=2886, commits[b461a7b0-028a-4eb5-b268-b89ac225aff8:c2886, b6ff45f5-67b8-463b-a273-c2e7d9dadd75:c2882, 6a5cb75f-f7eb-4671-9a85-3b6f7898f6cc:c2882]
2019-08-28 21:29:46,333 | INFO  | DNAudit | user=null | ip=null | op=WRITE_CHUNK {blockData=conID: 1 locID: 102696732994372124 bcsId: 2882} | ret=SUCCESS |  
2019-08-28 21:29:46,334 | INFO  | DNAudit | user=null | ip=null | op=WRITE_CHUNK {blockData=conID: 1 locID: 102696732994372124 bcsId: 2882} | ret=SUCCESS |  
2019-08-28 21:29:46,335 | INFO  | DNAudit | user=null | ip=null | op=PUT_BLOCK {blockData=[blockId=conID: 1 locID: 102696732994372124 bcsId: 0,size=4194304]} | ret=SUCCESS |  
2019-08-28 21:29:46,335 | INFO  | DNAudit | user=null | ip=null | op=PUT_BLOCK {blockData=[blockId=conID: 1 locID: 102696732994372124 bcsId: 0,size=4194304]} | ret=SUCCESS |  
2019-08-28 21:29:46,335 [grpc-default-executor-2] INFO  client.GrpcClientProtocolClient (GrpcClientProtocolClient.java:onNext(255)) - client-05DA20D107F8->b461a7b0-028a-4eb5-b268-b89ac225aff8: receive RaftClientReply:client-05DA20D107F8->b461a7b0-028a-4eb5-b268-b89ac225aff8@group-0C8C0AA7542A, cid=1971, SUCCESS, logIndex=0, commits[b461a7b0-028a-4eb5-b268-b89ac225aff8:c2888, b6ff45f5-67b8-463b-a273-c2e7d9dadd75:c2886, 6a5cb75f-f7eb-4671-9a85-3b6f7898f6cc:c2886]
2019-08-28 21:29:46,340 | INFO  | SCMAudit | user=jenkins1000 | ip=127.0.0.1 | op=ALLOCATE_BLOCK {owner=a0140aad-a474-4492-a39d-25bd6167d9f0, size=4194304, type=RATIS, factor=THREE} | ret=SUCCESS |  
2019-08-28 21:29:46,343 | INFO  | OMAudit | user=jenkins1000 | ip=127.0.0.1 | op=ALLOCATE_BLOCK {volume=vol-0-08922, bucket=bucket-0-29862, key=key-0-31337, dataSize=0, replicationType=null, replicationFactor=null, keyLocationInfo=null, clientID=102696731548516754} | ret=SUCCESS |  
2019-08-28 21:29:46,349 | INFO  | DNAudit | user=null | ip=null | op=WRITE_CHUNK {blockData=conID: 2 locID: 102696733005578781 bcsId: 0} | ret=SUCCESS |  
2019-08-28 21:29:46,352 | INFO  | DNAudit | user=null | ip=null | op=WRITE_CHUNK {blockData=conID: 2 locID: 102696733005578781 bcsId: 0} | ret=SUCCESS |  
2019-08-28 21:29:46,352 | INFO  | DNAudit | user=null | ip=null | op=WRITE_CHUNK {blockData=conID: 2 locID: 102696733005578781 bcsId: 0} | ret=SUCCESS |  
2019-08-28 21:29:46,353 | INFO  | DNAudit | user=null | ip=null | op=WRITE_CHUNK {blockData=conID: 2 locID: 102696733005578781 bcsId: 0} | ret=SUCCESS |  
2019-08-28 21:29:46,354 | INFO  | DNAudit | user=null | ip=null | op=WRITE_CHUNK {blockData=conID: 2 locID: 102696733005578781 bcsId: 0} | ret=SUCCESS |  
2019-08-28 21:29:46,354 | INFO  | DNAudit | user=null | ip=null | op=WRITE_CHUNK {blockData=conID: 2 locID: 102696733005578781 bcsId: 0} | ret=SUCCESS |  
2019-08-28 21:29:46,367 | INFO  | DNAudit | user=null | ip=null | op=WRITE_CHUNK {blockData=conID: 2 locID: 102696733005578781 bcsId: 0} | ret=SUCCESS |  
2019-08-28 21:29:46,367 | INFO  | DNAudit | user=null | ip=null | op=PUT_BLOCK {blockData=[blockId=conID: 2 locID: 102696733005578781 bcsId: 0,size=1048576]} | ret=SUCCESS |  
2019-08-28 21:29:46,367 [grpc-default-executor-2] INFO  client.GrpcClientProtocolClient (GrpcClientProtocolClient.java:onNext(255)) - client-05DA20D107F8->b461a7b0-028a-4eb5-b268-b89ac225aff8: receive RaftClientReply:client-05DA20D107F8->b461a7b0-028a-4eb5-b268-b89ac225aff8@group-0C8C0AA7542A, cid=1972, SUCCESS, logIndex=2889, commits[b461a7b0-028a-4eb5-b268-b89ac225aff8:c2892, b6ff45f5-67b8-463b-a273-c2e7d9dadd75:c2888, 6a5cb75f-f7eb-4671-9a85-3b6f7898f6cc:c2888]
2019-08-28 21:29:46,368 | INFO  | DNAudit | user=null | ip=null | op=WRITE_CHUNK {blockData=conID: 2 locID: 102696733005578781 bcsId: 0} | ret=SUCCESS |  
2019-08-28 21:29:46,368 [grpc-default-executor-2] INFO  client.GrpcClientProtocolClient (GrpcClientProtocolClient.java:onNext(255)) - client-05DA20D107F8->b461a7b0-028a-4eb5-b268-b89ac225aff8: receive RaftClientReply:client-05DA20D107F8->b461a7b0-028a-4eb5-b268-b89ac225aff8@group-0C8C0AA7542A, cid=1973, SUCCESS, logIndex=2890, commits[b461a7b0-028a-4eb5-b268-b89ac225aff8:c2892, b6ff45f5-67b8-463b-a273-c2e7d9dadd75:c2888, 6a5cb75f-f7eb-4671-9a85-3b6f7898f6cc:c2888]
2019-08-28 21:29:46,368 | INFO  | DNAudit | user=null | ip=null | op=PUT_BLOCK {blockData=[blockId=conID: 2 locID: 102696733005578781 bcsId: 0,size=2097152]} | ret=SUCCESS |  
2019-08-28 21:29:46,368 [grpc-default-executor-2] INFO  client.GrpcClientProtocolClient (GrpcClientProtocolClient.java:onNext(255)) - client-05DA20D107F8->b461a7b0-028a-4eb5-b268-b89ac225aff8: receive RaftClientReply:client-05DA20D107F8->b461a7b0-028a-4eb5-b268-b89ac225aff8@group-0C8C0AA7542A, cid=1974, SUCCESS, logIndex=2891, commits[b461a7b0-028a-4eb5-b268-b89ac225aff8:c2892, b6ff45f5-67b8-463b-a273-c2e7d9dadd75:c2888, 6a5cb75f-f7eb-4671-9a85-3b6f7898f6cc:c2888]
2019-08-28 21:29:46,368 [grpc-default-executor-2] INFO  client.GrpcClientProtocolClient (GrpcClientProtocolClient.java:onNext(255)) - client-05DA20D107F8->b461a7b0-028a-4eb5-b268-b89ac225aff8: receive RaftClientReply:client-05DA20D107F8->b461a7b0-028a-4eb5-b268-b89ac225aff8@group-0C8C0AA7542A, cid=1975, SUCCESS, logIndex=2892, commits[b461a7b0-028a-4eb5-b268-b89ac225aff8:c2892, b6ff45f5-67b8-463b-a273-c2e7d9dadd75:c2888, 6a5cb75f-f7eb-4671-9a85-3b6f7898f6cc:c2888]
2019-08-28 21:29:46,373 | INFO  | DNAudit | user=null | ip=null | op=WRITE_CHUNK {blockData=conID: 2 locID: 102696733005578781 bcsId: 0} | ret=SUCCESS |  
2019-08-28 21:29:46,373 | INFO  | DNAudit | user=null | ip=null | op=WRITE_CHUNK {blockData=conID: 2 locID: 102696733005578781 bcsId: 0} | ret=SUCCESS |  
2019-08-28 21:29:46,373 | INFO  | DNAudit | user=null | ip=null | op=PUT_BLOCK {blockData=[blockId=conID: 2 locID: 102696733005578781 bcsId: 0,size=1048576]} | ret=SUCCESS |  
2019-08-28 21:29:46,373 | INFO  | DNAudit | user=null | ip=null | op=PUT_BLOCK {blockData=[blockId=conID: 2 locID: 102696733005578781 bcsId: 0,size=1048576]} | ret=SUCCESS |  
2019-08-28 21:29:46,373 [grpc-default-executor-5] INFO  client.GrpcClientProtocolClient (GrpcClientProtocolClient.java:onNext(255)) - client-05DA20D107F8->b461a7b0-028a-4eb5-b268-b89ac225aff8: receive RaftClientReply:client-05DA20D107F8->b461a7b0-028a-4eb5-b268-b89ac225aff8@group-0C8C0AA7542A, cid=1976, SUCCESS, logIndex=0, commits[b461a7b0-028a-4eb5-b268-b89ac225aff8:c2893, b6ff45f5-67b8-463b-a273-c2e7d9dadd75:c2890, 6a5cb75f-f7eb-4671-9a85-3b6f7898f6cc:c2890]
2019-08-28 21:29:46,374 | INFO  | DNAudit | user=null | ip=null | op=WRITE_CHUNK {blockData=conID: 2 locID: 102696733005578781 bcsId: 0} | ret=SUCCESS |  
2019-08-28 21:29:46,374 | INFO  | DNAudit | user=null | ip=null | op=PUT_BLOCK {blockData=[blockId=conID: 2 locID: 102696733005578781 bcsId: 0,size=2097152]} | ret=SUCCESS |  
2019-08-28 21:29:46,374 | INFO  | DNAudit | user=null | ip=null | op=WRITE_CHUNK {blockData=conID: 2 locID: 102696733005578781 bcsId: 0} | ret=SUCCESS |  
2019-08-28 21:29:46,375 | INFO  | DNAudit | user=null | ip=null | op=PUT_BLOCK {blockData=[blockId=conID: 2 locID: 102696733005578781 bcsId: 0,size=2097152]} | ret=SUCCESS |  
2019-08-28 21:29:46,380 | INFO  | DNAudit | user=null | ip=null | op=WRITE_CHUNK {blockData=conID: 2 locID: 102696733005578781 bcsId: 2892} | ret=SUCCESS |  
2019-08-28 21:29:46,383 | INFO  | DNAudit | user=null | ip=null | op=WRITE_CHUNK {blockData=conID: 2 locID: 102696733005578781 bcsId: 2892} | ret=SUCCESS |  
2019-08-28 21:29:46,383 | INFO  | DNAudit | user=null | ip=null | op=WRITE_CHUNK {blockData=conID: 2 locID: 102696733005578781 bcsId: 2892} | ret=SUCCESS |  
2019-08-28 21:29:46,385 | INFO  | DNAudit | user=null | ip=null | op=WRITE_CHUNK {blockData=conID: 2 locID: 102696733005578781 bcsId: 2892} | ret=SUCCESS |  
2019-08-28 21:29:46,386 | INFO  | DNAudit | user=null | ip=null | op=PUT_BLOCK {blockData=[blockId=conID: 2 locID: 102696733005578781 bcsId: 0,size=3145728]} | ret=SUCCESS |  
2019-08-28 21:29:46,386 [grpc-default-executor-2] INFO  client.GrpcClientProtocolClient (GrpcClientProtocolClient.java:onNext(255)) - client-05DA20D107F8->b461a7b0-028a-4eb5-b268-b89ac225aff8: receive RaftClientReply:client-05DA20D107F8->b461a7b0-028a-4eb5-b268-b89ac225aff8@group-0C8C0AA7542A, cid=1977, SUCCESS, logIndex=2897, commits[b461a7b0-028a-4eb5-b268-b89ac225aff8:c2898, b6ff45f5-67b8-463b-a273-c2e7d9dadd75:c2896, 6a5cb75f-f7eb-4671-9a85-3b6f7898f6cc:c2896]
2019-08-28 21:29:46,386 [grpc-default-executor-2] INFO  client.GrpcClientProtocolClient (GrpcClientProtocolClient.java:onNext(255)) - client-05DA20D107F8->b461a7b0-028a-4eb5-b268-b89ac225aff8: receive RaftClientReply:client-05DA20D107F8->b461a7b0-028a-4eb5-b268-b89ac225aff8@group-0C8C0AA7542A, cid=1978, SUCCESS, logIndex=2898, commits[b461a7b0-028a-4eb5-b268-b89ac225aff8:c2898, b6ff45f5-67b8-463b-a273-c2e7d9dadd75:c2896, 6a5cb75f-f7eb-4671-9a85-3b6f7898f6cc:c2896]
2019-08-28 21:29:46,391 | INFO  | DNAudit | user=null | ip=null | op=WRITE_CHUNK {blockData=conID: 2 locID: 102696733005578781 bcsId: 2892} | ret=SUCCESS |  
2019-08-28 21:29:46,391 | INFO  | DNAudit | user=null | ip=null | op=WRITE_CHUNK {blockData=conID: 2 locID: 102696733005578781 bcsId: 2892} | ret=SUCCESS |  
2019-08-28 21:29:46,392 | INFO  | DNAudit | user=null | ip=null | op=WRITE_CHUNK {blockData=conID: 2 locID: 102696733005578781 bcsId: 2898} | ret=SUCCESS |  
2019-08-28 21:29:46,395 | INFO  | DNAudit | user=null | ip=null | op=PUT_BLOCK {blockData=[blockId=conID: 2 locID: 102696733005578781 bcsId: 0,size=3145728]} | ret=SUCCESS |  
2019-08-28 21:29:46,395 | INFO  | DNAudit | user=null | ip=null | op=PUT_BLOCK {blockData=[blockId=conID: 2 locID: 102696733005578781 bcsId: 0,size=3145728]} | ret=SUCCESS |  
2019-08-28 21:29:46,395 | INFO  | DNAudit | user=null | ip=null | op=WRITE_CHUNK {blockData=conID: 2 locID: 102696733005578781 bcsId: 2898} | ret=SUCCESS |  
2019-08-28 21:29:46,395 | INFO  | DNAudit | user=null | ip=null | op=WRITE_CHUNK {blockData=conID: 2 locID: 102696733005578781 bcsId: 2898} | ret=SUCCESS |  
2019-08-28 21:29:46,490 | INFO  | DNAudit | user=null | ip=null | op=WRITE_CHUNK {blockData=conID: 2 locID: 102696733005578781 bcsId: 2898} | ret=SUCCESS |  
2019-08-28 21:29:46,491 | INFO  | DNAudit | user=null | ip=null | op=PUT_BLOCK {blockData=[blockId=conID: 2 locID: 102696733005578781 bcsId: 0,size=4194304]} | ret=SUCCESS |  
2019-08-28 21:29:46,491 [grpc-default-executor-5] INFO  client.GrpcClientProtocolClient (GrpcClientProtocolClient.java:onNext(255)) - client-05DA20D107F8->b461a7b0-028a-4eb5-b268-b89ac225aff8: receive RaftClientReply:client-05DA20D107F8->b461a7b0-028a-4eb5-b268-b89ac225aff8@group-0C8C0AA7542A, cid=1979, SUCCESS, logIndex=2901, commits[b461a7b0-028a-4eb5-b268-b89ac225aff8:c2902, b6ff45f5-67b8-463b-a273-c2e7d9dadd75:c2899, 6a5cb75f-f7eb-4671-9a85-3b6f7898f6cc:c2899]
2019-08-28 21:29:46,492 [grpc-default-executor-5] INFO  client.GrpcClientProtocolClient (GrpcClientProtocolClient.java:onNext(255)) - client-05DA20D107F8->b461a7b0-028a-4eb5-b268-b89ac225aff8: receive RaftClientReply:client-05DA20D107F8->b461a7b0-028a-4eb5-b268-b89ac225aff8@group-0C8C0AA7542A, cid=1980, SUCCESS, logIndex=2902, commits[b461a7b0-028a-4eb5-b268-b89ac225aff8:c2902, b6ff45f5-67b8-463b-a273-c2e7d9dadd75:c2899, 6a5cb75f-f7eb-4671-9a85-3b6f7898f6cc:c2899]
2019-08-28 21:29:46,501 | INFO  | SCMAudit | user=jenkins1000 | ip=192.168.36.107 | op=SEND_HEARTBEAT {datanodeUUID=68f89a68-6a96-4cde-8528-8617611d459d, command=[]} | ret=SUCCESS |  
2019-08-28 21:29:46,501 | INFO  | SCMAudit | user=jenkins1000 | ip=192.168.36.107 | op=SEND_HEARTBEAT {datanodeUUID=af4986ea-80d8-4c92-96d2-2b3929a4248a, command=[]} | ret=SUCCESS |  
2019-08-28 21:29:46,514 | INFO  | DNAudit | user=null | ip=null | op=WRITE_CHUNK {blockData=conID: 2 locID: 102696733005578781 bcsId: 2898} | ret=SUCCESS |  
2019-08-28 21:29:46,514 | INFO  | DNAudit | user=null | ip=null | op=WRITE_CHUNK {blockData=conID: 2 locID: 102696733005578781 bcsId: 2898} | ret=SUCCESS |  
2019-08-28 21:29:46,514 | INFO  | DNAudit | user=null | ip=null | op=PUT_BLOCK {blockData=[blockId=conID: 2 locID: 102696733005578781 bcsId: 0,size=4194304]} | ret=SUCCESS |  
2019-08-28 21:29:46,515 | INFO  | DNAudit | user=null | ip=null | op=PUT_BLOCK {blockData=[blockId=conID: 2 locID: 102696733005578781 bcsId: 0,size=4194304]} | ret=SUCCESS |  
2019-08-28 21:29:46,515 [grpc-default-executor-5] INFO  client.GrpcClientProtocolClient (GrpcClientProtocolClient.java:onNext(255)) - client-05DA20D107F8->b461a7b0-028a-4eb5-b268-b89ac225aff8: receive RaftClientReply:client-05DA20D107F8->b461a7b0-028a-4eb5-b268-b89ac225aff8@group-0C8C0AA7542A, cid=1981, SUCCESS, logIndex=0, commits[b461a7b0-028a-4eb5-b268-b89ac225aff8:c2903, b6ff45f5-67b8-463b-a273-c2e7d9dadd75:c2902, 6a5cb75f-f7eb-4671-9a85-3b6f7898f6cc:c2902]
2019-08-28 21:29:46,520 | INFO  | SCMAudit | user=jenkins1000 | ip=127.0.0.1 | op=ALLOCATE_BLOCK {owner=a0140aad-a474-4492-a39d-25bd6167d9f0, size=4194304, type=RATIS, factor=THREE} | ret=SUCCESS |  
2019-08-28 21:29:46,524 | INFO  | OMAudit | user=jenkins1000 | ip=127.0.0.1 | op=ALLOCATE_BLOCK {volume=vol-0-08922, bucket=bucket-0-29862, key=key-0-31337, dataSize=0, replicationType=null, replicationFactor=null, keyLocationInfo=null, clientID=102696731548516754} | ret=SUCCESS |  
2019-08-28 21:29:46,533 | INFO  | DNAudit | user=null | ip=null | op=WRITE_CHUNK {blockData=conID: 3 locID: 102696733017375262 bcsId: 0} | ret=SUCCESS |  
2019-08-28 21:29:46,536 | INFO  | DNAudit | user=null | ip=null | op=WRITE_CHUNK {blockData=conID: 3 locID: 102696733017375262 bcsId: 0} | ret=SUCCESS |  
2019-08-28 21:29:46,537 | INFO  | DNAudit | user=null | ip=null | op=WRITE_CHUNK {blockData=conID: 3 locID: 102696733017375262 bcsId: 0} | ret=SUCCESS |  
2019-08-28 21:29:46,537 | INFO  | DNAudit | user=null | ip=null | op=WRITE_CHUNK {blockData=conID: 3 locID: 102696733017375262 bcsId: 0} | ret=SUCCESS |  
2019-08-28 21:29:46,539 | INFO  | DNAudit | user=null | ip=null | op=WRITE_CHUNK {blockData=conID: 3 locID: 102696733017375262 bcsId: 0} | ret=SUCCESS |  
2019-08-28 21:29:46,540 | INFO  | DNAudit | user=null | ip=null | op=WRITE_CHUNK {blockData=conID: 3 locID: 102696733017375262 bcsId: 0} | ret=SUCCESS |  
2019-08-28 21:29:46,543 | INFO  | DNAudit | user=null | ip=null | op=WRITE_CHUNK {blockData=conID: 3 locID: 102696733017375262 bcsId: 0} | ret=SUCCESS |  
2019-08-28 21:29:46,543 | INFO  | DNAudit | user=null | ip=null | op=PUT_BLOCK {blockData=[blockId=conID: 3 locID: 102696733017375262 bcsId: 0,size=1048576]} | ret=SUCCESS |  
2019-08-28 21:29:46,544 [grpc-default-executor-2] INFO  client.GrpcClientProtocolClient (GrpcClientProtocolClient.java:onNext(255)) - client-05DA20D107F8->b461a7b0-028a-4eb5-b268-b89ac225aff8: receive RaftClientReply:client-05DA20D107F8->b461a7b0-028a-4eb5-b268-b89ac225aff8@group-0C8C0AA7542A, cid=1982, SUCCESS, logIndex=2905, commits[b461a7b0-028a-4eb5-b268-b89ac225aff8:c2906, b6ff45f5-67b8-463b-a273-c2e7d9dadd75:c2904, 6a5cb75f-f7eb-4671-9a85-3b6f7898f6cc:c2904]
2019-08-28 21:29:46,544 [grpc-default-executor-2] INFO  client.GrpcClientProtocolClient (GrpcClientProtocolClient.java:onNext(255)) - client-05DA20D107F8->b461a7b0-028a-4eb5-b268-b89ac225aff8: receive RaftClientReply:client-05DA20D107F8->b461a7b0-028a-4eb5-b268-b89ac225aff8@group-0C8C0AA7542A, cid=1983, SUCCESS, logIndex=2906, commits[b461a7b0-028a-4eb5-b268-b89ac225aff8:c2906, b6ff45f5-67b8-463b-a273-c2e7d9dadd75:c2904, 6a5cb75f-f7eb-4671-9a85-3b6f7898f6cc:c2904]
2019-08-28 21:29:46,556 | INFO  | DNAudit | user=null | ip=null | op=WRITE_CHUNK {blockData=conID: 3 locID: 102696733017375262 bcsId: 0} | ret=SUCCESS |  
2019-08-28 21:29:46,556 | INFO  | DNAudit | user=null | ip=null | op=PUT_BLOCK {blockData=[blockId=conID: 3 locID: 102696733017375262 bcsId: 0,size=2097152]} | ret=SUCCESS |  
2019-08-28 21:29:46,556 [grpc-default-executor-2] INFO  client.GrpcClientProtocolClient (GrpcClientProtocolClient.java:onNext(255)) - client-05DA20D107F8->b461a7b0-028a-4eb5-b268-b89ac225aff8: receive RaftClientReply:client-05DA20D107F8->b461a7b0-028a-4eb5-b268-b89ac225aff8@group-0C8C0AA7542A, cid=1984, SUCCESS, logIndex=2907, commits[b461a7b0-028a-4eb5-b268-b89ac225aff8:c2908, b6ff45f5-67b8-463b-a273-c2e7d9dadd75:c2904, 6a5cb75f-f7eb-4671-9a85-3b6f7898f6cc:c2904]
2019-08-28 21:29:46,557 [grpc-default-executor-2] INFO  client.GrpcClientProtocolClient (GrpcClientProtocolClient.java:onNext(255)) - client-05DA20D107F8->b461a7b0-028a-4eb5-b268-b89ac225aff8: receive RaftClientReply:client-05DA20D107F8->b461a7b0-028a-4eb5-b268-b89ac225aff8@group-0C8C0AA7542A, cid=1985, SUCCESS, logIndex=2908, commits[b461a7b0-028a-4eb5-b268-b89ac225aff8:c2908, b6ff45f5-67b8-463b-a273-c2e7d9dadd75:c2904, 6a5cb75f-f7eb-4671-9a85-3b6f7898f6cc:c2904]
2019-08-28 21:29:46,557 | INFO  | DNAudit | user=null | ip=null | op=WRITE_CHUNK {blockData=conID: 3 locID: 102696733017375262 bcsId: 0} | ret=SUCCESS |  
2019-08-28 21:29:46,557 | INFO  | DNAudit | user=null | ip=null | op=PUT_BLOCK {blockData=[blockId=conID: 3 locID: 102696733017375262 bcsId: 0,size=1048576]} | ret=SUCCESS |  
2019-08-28 21:29:46,559 | INFO  | DNAudit | user=null | ip=null | op=WRITE_CHUNK {blockData=conID: 3 locID: 102696733017375262 bcsId: 0} | ret=SUCCESS |  
2019-08-28 21:29:46,559 | INFO  | DNAudit | user=null | ip=null | op=PUT_BLOCK {blockData=[blockId=conID: 3 locID: 102696733017375262 bcsId: 0,size=1048576]} | ret=SUCCESS |  
2019-08-28 21:29:46,560 [grpc-default-executor-3] INFO  client.GrpcClientProtocolClient (GrpcClientProtocolClient.java:onNext(255)) - client-05DA20D107F8->b461a7b0-028a-4eb5-b268-b89ac225aff8: receive RaftClientReply:client-05DA20D107F8->b461a7b0-028a-4eb5-b268-b89ac225aff8@group-0C8C0AA7542A, cid=1986, SUCCESS, logIndex=0, commits[b461a7b0-028a-4eb5-b268-b89ac225aff8:c2910, b6ff45f5-67b8-463b-a273-c2e7d9dadd75:c2906, 6a5cb75f-f7eb-4671-9a85-3b6f7898f6cc:c2906]
2019-08-28 21:29:46,567 | INFO  | DNAudit | user=null | ip=null | op=WRITE_CHUNK {blockData=conID: 3 locID: 102696733017375262 bcsId: 2908} | ret=SUCCESS |  
2019-08-28 21:29:46,567 | INFO  | DNAudit | user=null | ip=null | op=WRITE_CHUNK {blockData=conID: 3 locID: 102696733017375262 bcsId: 0} | ret=SUCCESS |  
2019-08-28 21:29:46,567 | INFO  | DNAudit | user=null | ip=null | op=PUT_BLOCK {blockData=[blockId=conID: 3 locID: 102696733017375262 bcsId: 0,size=2097152]} | ret=SUCCESS |  
2019-08-28 21:29:46,568 | INFO  | DNAudit | user=null | ip=null | op=WRITE_CHUNK {blockData=conID: 3 locID: 102696733017375262 bcsId: 0} | ret=SUCCESS |  
2019-08-28 21:29:46,568 | INFO  | DNAudit | user=null | ip=null | op=PUT_BLOCK {blockData=[blockId=conID: 3 locID: 102696733017375262 bcsId: 0,size=2097152]} | ret=SUCCESS |  
2019-08-28 21:29:46,569 | INFO  | DNAudit | user=null | ip=null | op=WRITE_CHUNK {blockData=conID: 3 locID: 102696733017375262 bcsId: 2908} | ret=SUCCESS |  
2019-08-28 21:29:46,570 | INFO  | DNAudit | user=null | ip=null | op=WRITE_CHUNK {blockData=conID: 3 locID: 102696733017375262 bcsId: 2908} | ret=SUCCESS |  
2019-08-28 21:29:46,574 | INFO  | DNAudit | user=null | ip=null | op=WRITE_CHUNK {blockData=conID: 3 locID: 102696733017375262 bcsId: 2908} | ret=SUCCESS |  
2019-08-28 21:29:46,574 | INFO  | DNAudit | user=null | ip=null | op=PUT_BLOCK {blockData=[blockId=conID: 3 locID: 102696733017375262 bcsId: 0,size=3145728]} | ret=SUCCESS |  
2019-08-28 21:29:46,574 [grpc-default-executor-5] INFO  client.GrpcClientProtocolClient (GrpcClientProtocolClient.java:onNext(255)) - client-05DA20D107F8->b461a7b0-028a-4eb5-b268-b89ac225aff8: receive RaftClientReply:client-05DA20D107F8->b461a7b0-028a-4eb5-b268-b89ac225aff8@group-0C8C0AA7542A, cid=1987, SUCCESS, logIndex=2913, commits[b461a7b0-028a-4eb5-b268-b89ac225aff8:c2914, b6ff45f5-67b8-463b-a273-c2e7d9dadd75:c2910, 6a5cb75f-f7eb-4671-9a85-3b6f7898f6cc:c2910]
2019-08-28 21:29:46,575 [grpc-default-executor-5] INFO  client.GrpcClientProtocolClient (GrpcClientProtocolClient.java:onNext(255)) - client-05DA20D107F8->b461a7b0-028a-4eb5-b268-b89ac225aff8: receive RaftClientReply:client-05DA20D107F8->b461a7b0-028a-4eb5-b268-b89ac225aff8@group-0C8C0AA7542A, cid=1988, SUCCESS, logIndex=2914, commits[b461a7b0-028a-4eb5-b268-b89ac225aff8:c2914, b6ff45f5-67b8-463b-a273-c2e7d9dadd75:c2910, 6a5cb75f-f7eb-4671-9a85-3b6f7898f6cc:c2910]
2019-08-28 21:29:46,582 | INFO  | DNAudit | user=null | ip=null | op=WRITE_CHUNK {blockData=conID: 3 locID: 102696733017375262 bcsId: 2914} | ret=SUCCESS |  
2019-08-28 21:29:46,583 | INFO  | DNAudit | user=null | ip=null | op=WRITE_CHUNK {blockData=conID: 3 locID: 102696733017375262 bcsId: 2908} | ret=SUCCESS |  
2019-08-28 21:29:46,583 | INFO  | DNAudit | user=null | ip=null | op=WRITE_CHUNK {blockData=conID: 3 locID: 102696733017375262 bcsId: 2908} | ret=SUCCESS |  
2019-08-28 21:29:46,585 | INFO  | DNAudit | user=null | ip=null | op=WRITE_CHUNK {blockData=conID: 3 locID: 102696733017375262 bcsId: 2914} | ret=SUCCESS |  
2019-08-28 21:29:46,585 | INFO  | DNAudit | user=null | ip=null | op=WRITE_CHUNK {blockData=conID: 3 locID: 102696733017375262 bcsId: 2914} | ret=SUCCESS |  
2019-08-28 21:29:46,594 | INFO  | DNAudit | user=null | ip=null | op=PUT_BLOCK {blockData=[blockId=conID: 3 locID: 102696733017375262 bcsId: 0,size=3145728]} | ret=SUCCESS |  
2019-08-28 21:29:46,595 | INFO  | DNAudit | user=null | ip=null | op=PUT_BLOCK {blockData=[blockId=conID: 3 locID: 102696733017375262 bcsId: 0,size=3145728]} | ret=SUCCESS |  
2019-08-28 21:29:46,600 | INFO  | DNAudit | user=null | ip=null | op=WRITE_CHUNK {blockData=conID: 3 locID: 102696733017375262 bcsId: 2914} | ret=SUCCESS |  
2019-08-28 21:29:46,600 | INFO  | DNAudit | user=null | ip=null | op=PUT_BLOCK {blockData=[blockId=conID: 3 locID: 102696733017375262 bcsId: 0,size=4194304]} | ret=SUCCESS |  
2019-08-28 21:29:46,601 [grpc-default-executor-3] INFO  client.GrpcClientProtocolClient (GrpcClientProtocolClient.java:onNext(255)) - client-05DA20D107F8->b461a7b0-028a-4eb5-b268-b89ac225aff8: receive RaftClientReply:client-05DA20D107F8->b461a7b0-028a-4eb5-b268-b89ac225aff8@group-0C8C0AA7542A, cid=1989, SUCCESS, logIndex=2917, commits[b461a7b0-028a-4eb5-b268-b89ac225aff8:c2918, b6ff45f5-67b8-463b-a273-c2e7d9dadd75:c2914, 6a5cb75f-f7eb-4671-9a85-3b6f7898f6cc:c2914]
2019-08-28 21:29:46,601 [grpc-default-executor-3] INFO  client.GrpcClientProtocolClient (GrpcClientProtocolClient.java:onNext(255)) - client-05DA20D107F8->b461a7b0-028a-4eb5-b268-b89ac225aff8: receive RaftClientReply:client-05DA20D107F8->b461a7b0-028a-4eb5-b268-b89ac225aff8@group-0C8C0AA7542A, cid=1990, SUCCESS, logIndex=2918, commits[b461a7b0-028a-4eb5-b268-b89ac225aff8:c2918, b6ff45f5-67b8-463b-a273-c2e7d9dadd75:c2914, 6a5cb75f-f7eb-4671-9a85-3b6f7898f6cc:c2914]
2019-08-28 21:29:46,609 | INFO  | DNAudit | user=null | ip=null | op=WRITE_CHUNK {blockData=conID: 3 locID: 102696733017375262 bcsId: 2914} | ret=SUCCESS |  
2019-08-28 21:29:46,609 | INFO  | DNAudit | user=null | ip=null | op=PUT_BLOCK {blockData=[blockId=conID: 3 locID: 102696733017375262 bcsId: 0,size=4194304]} | ret=SUCCESS |  
2019-08-28 21:29:46,609 | INFO  | DNAudit | user=null | ip=null | op=WRITE_CHUNK {blockData=conID: 3 locID: 102696733017375262 bcsId: 2914} | ret=SUCCESS |  
2019-08-28 21:29:46,609 | INFO  | DNAudit | user=null | ip=null | op=PUT_BLOCK {blockData=[blockId=conID: 3 locID: 102696733017375262 bcsId: 0,size=4194304]} | ret=SUCCESS |  
2019-08-28 21:29:46,609 [grpc-default-executor-3] INFO  client.GrpcClientProtocolClient (GrpcClientProtocolClient.java:onNext(255)) - client-05DA20D107F8->b461a7b0-028a-4eb5-b268-b89ac225aff8: receive RaftClientReply:client-05DA20D107F8->b461a7b0-028a-4eb5-b268-b89ac225aff8@group-0C8C0AA7542A, cid=1991, SUCCESS, logIndex=0, commits[b461a7b0-028a-4eb5-b268-b89ac225aff8:c2919, b6ff45f5-67b8-463b-a273-c2e7d9dadd75:c2918, 6a5cb75f-f7eb-4671-9a85-3b6f7898f6cc:c2918]
2019-08-28 21:29:46,615 | INFO  | SCMAudit | user=jenkins1000 | ip=127.0.0.1 | op=ALLOCATE_BLOCK {owner=a0140aad-a474-4492-a39d-25bd6167d9f0, size=4194304, type=RATIS, factor=THREE} | ret=SUCCESS |  
2019-08-28 21:29:46,618 | INFO  | OMAudit | user=jenkins1000 | ip=127.0.0.1 | op=ALLOCATE_BLOCK {volume=vol-0-08922, bucket=bucket-0-29862, key=key-0-31337, dataSize=0, replicationType=null, replicationFactor=null, keyLocationInfo=null, clientID=102696731548516754} | ret=SUCCESS |  
2019-08-28 21:29:46,625 | INFO  | DNAudit | user=null | ip=null | op=WRITE_CHUNK {blockData=conID: 1 locID: 102696733023535647 bcsId: 0} | ret=SUCCESS |  
2019-08-28 21:29:46,628 | INFO  | DNAudit | user=null | ip=null | op=WRITE_CHUNK {blockData=conID: 1 locID: 102696733023535647 bcsId: 0} | ret=SUCCESS |  
2019-08-28 21:29:46,628 | INFO  | DNAudit | user=null | ip=null | op=WRITE_CHUNK {blockData=conID: 1 locID: 102696733023535647 bcsId: 0} | ret=SUCCESS |  
2019-08-28 21:29:46,629 | INFO  | DNAudit | user=null | ip=null | op=WRITE_CHUNK {blockData=conID: 1 locID: 102696733023535647 bcsId: 0} | ret=SUCCESS |  
2019-08-28 21:29:46,631 | INFO  | DNAudit | user=null | ip=null | op=WRITE_CHUNK {blockData=conID: 1 locID: 102696733023535647 bcsId: 0} | ret=SUCCESS |  
2019-08-28 21:29:46,631 | INFO  | DNAudit | user=null | ip=null | op=WRITE_CHUNK {blockData=conID: 1 locID: 102696733023535647 bcsId: 0} | ret=SUCCESS |  
2019-08-28 21:29:46,671 | INFO  | DNAudit | user=null | ip=null | op=WRITE_CHUNK {blockData=conID: 1 locID: 102696733023535647 bcsId: 0} | ret=SUCCESS |  
2019-08-28 21:29:46,672 | INFO  | DNAudit | user=null | ip=null | op=PUT_BLOCK {blockData=[blockId=conID: 1 locID: 102696733023535647 bcsId: 0,size=1048576]} | ret=SUCCESS |  
2019-08-28 21:29:46,672 [grpc-default-executor-2] INFO  client.GrpcClientProtocolClient (GrpcClientProtocolClient.java:onNext(255)) - client-05DA20D107F8->b461a7b0-028a-4eb5-b268-b89ac225aff8: receive RaftClientReply:client-05DA20D107F8->b461a7b0-028a-4eb5-b268-b89ac225aff8@group-0C8C0AA7542A, cid=1992, SUCCESS, logIndex=2921, commits[b461a7b0-028a-4eb5-b268-b89ac225aff8:c2922, b6ff45f5-67b8-463b-a273-c2e7d9dadd75:c2920, 6a5cb75f-f7eb-4671-9a85-3b6f7898f6cc:c2920]
2019-08-28 21:29:46,672 [grpc-default-executor-2] INFO  client.GrpcClientProtocolClient (GrpcClientProtocolClient.java:onNext(255)) - client-05DA20D107F8->b461a7b0-028a-4eb5-b268-b89ac225aff8: receive RaftClientReply:client-05DA20D107F8->b461a7b0-028a-4eb5-b268-b89ac225aff8@group-0C8C0AA7542A, cid=1993, SUCCESS, logIndex=2922, commits[b461a7b0-028a-4eb5-b268-b89ac225aff8:c2922, b6ff45f5-67b8-463b-a273-c2e7d9dadd75:c2920, 6a5cb75f-f7eb-4671-9a85-3b6f7898f6cc:c2920]
2019-08-28 21:29:46,689 | INFO  | DNAudit | user=null | ip=null | op=WRITE_CHUNK {blockData=conID: 1 locID: 102696733023535647 bcsId: 0} | ret=SUCCESS |  
2019-08-28 21:29:46,689 | INFO  | DNAudit | user=null | ip=null | op=PUT_BLOCK {blockData=[blockId=conID: 1 locID: 102696733023535647 bcsId: 0,size=2097152]} | ret=SUCCESS |  
2019-08-28 21:29:46,689 [grpc-default-executor-3] INFO  client.GrpcClientProtocolClient (GrpcClientProtocolClient.java:onNext(255)) - client-05DA20D107F8->b461a7b0-028a-4eb5-b268-b89ac225aff8: receive RaftClientReply:client-05DA20D107F8->b461a7b0-028a-4eb5-b268-b89ac225aff8@group-0C8C0AA7542A, cid=1994, SUCCESS, logIndex=2923, commits[b461a7b0-028a-4eb5-b268-b89ac225aff8:c2924, b6ff45f5-67b8-463b-a273-c2e7d9dadd75:c2920, 6a5cb75f-f7eb-4671-9a85-3b6f7898f6cc:c2920]
2019-08-28 21:29:46,690 [grpc-default-executor-3] INFO  client.GrpcClientProtocolClient (GrpcClientProtocolClient.java:onNext(255)) - client-05DA20D107F8->b461a7b0-028a-4eb5-b268-b89ac225aff8: receive RaftClientReply:client-05DA20D107F8->b461a7b0-028a-4eb5-b268-b89ac225aff8@group-0C8C0AA7542A, cid=1995, SUCCESS, logIndex=2924, commits[b461a7b0-028a-4eb5-b268-b89ac225aff8:c2924, b6ff45f5-67b8-463b-a273-c2e7d9dadd75:c2920, 6a5cb75f-f7eb-4671-9a85-3b6f7898f6cc:c2920]
2019-08-28 21:29:46,702 | INFO  | DNAudit | user=null | ip=null | op=WRITE_CHUNK {blockData=conID: 1 locID: 102696733023535647 bcsId: 0} | ret=SUCCESS |  
2019-08-28 21:29:46,702 | INFO  | DNAudit | user=null | ip=null | op=PUT_BLOCK {blockData=[blockId=conID: 1 locID: 102696733023535647 bcsId: 0,size=1048576]} | ret=SUCCESS |  
2019-08-28 21:29:46,703 | INFO  | DNAudit | user=null | ip=null | op=WRITE_CHUNK {blockData=conID: 1 locID: 102696733023535647 bcsId: 0} | ret=SUCCESS |  
2019-08-28 21:29:46,703 | INFO  | DNAudit | user=null | ip=null | op=PUT_BLOCK {blockData=[blockId=conID: 1 locID: 102696733023535647 bcsId: 0,size=1048576]} | ret=SUCCESS |  
2019-08-28 21:29:46,704 | INFO  | DNAudit | user=null | ip=null | op=WRITE_CHUNK {blockData=conID: 1 locID: 102696733023535647 bcsId: 0} | ret=SUCCESS |  
2019-08-28 21:29:46,704 | INFO  | DNAudit | user=null | ip=null | op=PUT_BLOCK {blockData=[blockId=conID: 1 locID: 102696733023535647 bcsId: 0,size=2097152]} | ret=SUCCESS |  
2019-08-28 21:29:46,704 | INFO  | DNAudit | user=null | ip=null | op=WRITE_CHUNK {blockData=conID: 1 locID: 102696733023535647 bcsId: 0} | ret=SUCCESS |  
2019-08-28 21:29:46,704 [grpc-default-executor-3] INFO  client.GrpcClientProtocolClient (GrpcClientProtocolClient.java:onNext(255)) - client-05DA20D107F8->b461a7b0-028a-4eb5-b268-b89ac225aff8: receive RaftClientReply:client-05DA20D107F8->b461a7b0-028a-4eb5-b268-b89ac225aff8@group-0C8C0AA7542A, cid=1996, SUCCESS, logIndex=0, commits[b461a7b0-028a-4eb5-b268-b89ac225aff8:c2926, b6ff45f5-67b8-463b-a273-c2e7d9dadd75:c2922, 6a5cb75f-f7eb-4671-9a85-3b6f7898f6cc:c2922]
2019-08-28 21:29:46,705 | INFO  | DNAudit | user=null | ip=null | op=PUT_BLOCK {blockData=[blockId=conID: 1 locID: 102696733023535647 bcsId: 0,size=2097152]} | ret=SUCCESS |  
2019-08-28 21:29:46,712 | INFO  | DNAudit | user=null | ip=null | op=WRITE_CHUNK {blockData=conID: 1 locID: 102696733023535647 bcsId: 2924} | ret=SUCCESS |  
2019-08-28 21:29:46,715 | INFO  | DNAudit | user=null | ip=null | op=WRITE_CHUNK {blockData=conID: 1 locID: 102696733023535647 bcsId: 2924} | ret=SUCCESS |  
2019-08-28 21:29:46,715 | INFO  | DNAudit | user=null | ip=null | op=WRITE_CHUNK {blockData=conID: 1 locID: 102696733023535647 bcsId: 2924} | ret=SUCCESS |  
2019-08-28 21:29:46,727 | INFO  | DNAudit | user=null | ip=null | op=WRITE_CHUNK {blockData=conID: 1 locID: 102696733023535647 bcsId: 2924} | ret=SUCCESS |  
2019-08-28 21:29:46,727 | INFO  | DNAudit | user=null | ip=null | op=PUT_BLOCK {blockData=[blockId=conID: 1 locID: 102696733023535647 bcsId: 0,size=3145728]} | ret=SUCCESS |  
2019-08-28 21:29:46,727 [grpc-default-executor-5] INFO  client.GrpcClientProtocolClient (GrpcClientProtocolClient.java:onNext(255)) - client-05DA20D107F8->b461a7b0-028a-4eb5-b268-b89ac225aff8: receive RaftClientReply:client-05DA20D107F8->b461a7b0-028a-4eb5-b268-b89ac225aff8@group-0C8C0AA7542A, cid=1997, SUCCESS, logIndex=2929, commits[b461a7b0-028a-4eb5-b268-b89ac225aff8:c2930, b6ff45f5-67b8-463b-a273-c2e7d9dadd75:c2928, 6a5cb75f-f7eb-4671-9a85-3b6f7898f6cc:c2928]
2019-08-28 21:29:46,728 [grpc-default-executor-5] INFO  client.GrpcClientProtocolClient (GrpcClientProtocolClient.java:onNext(255)) - client-05DA20D107F8->b461a7b0-028a-4eb5-b268-b89ac225aff8: receive RaftClientReply:client-05DA20D107F8->b461a7b0-028a-4eb5-b268-b89ac225aff8@group-0C8C0AA7542A, cid=1998, SUCCESS, logIndex=2930, commits[b461a7b0-028a-4eb5-b268-b89ac225aff8:c2930, b6ff45f5-67b8-463b-a273-c2e7d9dadd75:c2928, 6a5cb75f-f7eb-4671-9a85-3b6f7898f6cc:c2928]
2019-08-28 21:29:46,735 | INFO  | DNAudit | user=null | ip=null | op=WRITE_CHUNK {blockData=conID: 1 locID: 102696733023535647 bcsId: 2930} | ret=SUCCESS |  
2019-08-28 21:29:46,737 | INFO  | DNAudit | user=null | ip=null | op=WRITE_CHUNK {blockData=conID: 1 locID: 102696733023535647 bcsId: 2924} | ret=SUCCESS |  
2019-08-28 21:29:46,737 | INFO  | DNAudit | user=null | ip=null | op=WRITE_CHUNK {blockData=conID: 1 locID: 102696733023535647 bcsId: 2924} | ret=SUCCESS |  
2019-08-28 21:29:46,738 | INFO  | DNAudit | user=null | ip=null | op=PUT_BLOCK {blockData=[blockId=conID: 1 locID: 102696733023535647 bcsId: 0,size=3145728]} | ret=SUCCESS |  
2019-08-28 21:29:46,738 | INFO  | DNAudit | user=null | ip=null | op=PUT_BLOCK {blockData=[blockId=conID: 1 locID: 102696733023535647 bcsId: 0,size=3145728]} | ret=SUCCESS |  
2019-08-28 21:29:46,738 | INFO  | DNAudit | user=null | ip=null | op=WRITE_CHUNK {blockData=conID: 1 locID: 102696733023535647 bcsId: 2930} | ret=SUCCESS |  
2019-08-28 21:29:46,738 | INFO  | DNAudit | user=null | ip=null | op=WRITE_CHUNK {blockData=conID: 1 locID: 102696733023535647 bcsId: 2930} | ret=SUCCESS |  
2019-08-28 21:29:46,749 | INFO  | DNAudit | user=null | ip=null | op=WRITE_CHUNK {blockData=conID: 1 locID: 102696733023535647 bcsId: 2930} | ret=SUCCESS |  
2019-08-28 21:29:46,749 | INFO  | DNAudit | user=null | ip=null | op=PUT_BLOCK {blockData=[blockId=conID: 1 locID: 102696733023535647 bcsId: 0,size=4194304]} | ret=SUCCESS |  
2019-08-28 21:29:46,749 [grpc-default-executor-5] INFO  client.GrpcClientProtocolClient (GrpcClientProtocolClient.java:onNext(255)) - client-05DA20D107F8->b461a7b0-028a-4eb5-b268-b89ac225aff8: receive RaftClientReply:client-05DA20D107F8->b461a7b0-028a-4eb5-b268-b89ac225aff8@group-0C8C0AA7542A, cid=1999, SUCCESS, logIndex=2933, commits[b461a7b0-028a-4eb5-b268-b89ac225aff8:c2934, b6ff45f5-67b8-463b-a273-c2e7d9dadd75:c2930, 6a5cb75f-f7eb-4671-9a85-3b6f7898f6cc:c2930]
2019-08-28 21:29:46,750 [grpc-default-executor-5] INFO  client.GrpcClientProtocolClient (GrpcClientProtocolClient.java:onNext(255)) - client-05DA20D107F8->b461a7b0-028a-4eb5-b268-b89ac225aff8: receive RaftClientReply:client-05DA20D107F8->b461a7b0-028a-4eb5-b268-b89ac225aff8@group-0C8C0AA7542A, cid=2000, SUCCESS, logIndex=2934, commits[b461a7b0-028a-4eb5-b268-b89ac225aff8:c2934, b6ff45f5-67b8-463b-a273-c2e7d9dadd75:c2930, 6a5cb75f-f7eb-4671-9a85-3b6f7898f6cc:c2930]
2019-08-28 21:29:46,759 | INFO  | DNAudit | user=null | ip=null | op=WRITE_CHUNK {blockData=conID: 1 locID: 102696733023535647 bcsId: 2930} | ret=SUCCESS |  
2019-08-28 21:29:46,760 | INFO  | DNAudit | user=null | ip=null | op=WRITE_CHUNK {blockData=conID: 1 locID: 102696733023535647 bcsId: 2930} | ret=SUCCESS |  
2019-08-28 21:29:46,760 | INFO  | DNAudit | user=null | ip=null | op=PUT_BLOCK {blockData=[blockId=conID: 1 locID: 102696733023535647 bcsId: 0,size=4194304]} | ret=SUCCESS |  
2019-08-28 21:29:46,760 | INFO  | DNAudit | user=null | ip=null | op=PUT_BLOCK {blockData=[blockId=conID: 1 locID: 102696733023535647 bcsId: 0,size=4194304]} | ret=SUCCESS |  
2019-08-28 21:29:46,763 [grpc-default-executor-5] INFO  client.GrpcClientProtocolClient (GrpcClientProtocolClient.java:onNext(255)) - client-05DA20D107F8->b461a7b0-028a-4eb5-b268-b89ac225aff8: receive RaftClientReply:client-05DA20D107F8->b461a7b0-028a-4eb5-b268-b89ac225aff8@group-0C8C0AA7542A, cid=2001, SUCCESS, logIndex=0, commits[b461a7b0-028a-4eb5-b268-b89ac225aff8:c2935, b6ff45f5-67b8-463b-a273-c2e7d9dadd75:c2934, 6a5cb75f-f7eb-4671-9a85-3b6f7898f6cc:c2934]
2019-08-28 21:29:46,768 | INFO  | SCMAudit | user=jenkins1000 | ip=127.0.0.1 | op=ALLOCATE_BLOCK {owner=a0140aad-a474-4492-a39d-25bd6167d9f0, size=4194304, type=RATIS, factor=THREE} | ret=SUCCESS |  
2019-08-28 21:29:46,771 | INFO  | OMAudit | user=jenkins1000 | ip=127.0.0.1 | op=ALLOCATE_BLOCK {volume=vol-0-08922, bucket=bucket-0-29862, key=key-0-31337, dataSize=0, replicationType=null, replicationFactor=null, keyLocationInfo=null, clientID=102696731548516754} | ret=SUCCESS |  
2019-08-28 21:29:46,778 | INFO  | DNAudit | user=null | ip=null | op=WRITE_CHUNK {blockData=conID: 2 locID: 102696733033628192 bcsId: 0} | ret=SUCCESS |  
2019-08-28 21:29:46,780 | INFO  | DNAudit | user=null | ip=null | op=WRITE_CHUNK {blockData=conID: 2 locID: 102696733033628192 bcsId: 0} | ret=SUCCESS |  
2019-08-28 21:29:46,781 | INFO  | DNAudit | user=null | ip=null | op=WRITE_CHUNK {blockData=conID: 2 locID: 102696733033628192 bcsId: 0} | ret=SUCCESS |  
2019-08-28 21:29:46,782 | INFO  | DNAudit | user=null | ip=null | op=WRITE_CHUNK {blockData=conID: 2 locID: 102696733033628192 bcsId: 0} | ret=SUCCESS |  
2019-08-28 21:29:46,783 | INFO  | DNAudit | user=null | ip=null | op=WRITE_CHUNK {blockData=conID: 2 locID: 102696733033628192 bcsId: 0} | ret=SUCCESS |  
2019-08-28 21:29:46,783 | INFO  | DNAudit | user=null | ip=null | op=WRITE_CHUNK {blockData=conID: 2 locID: 102696733033628192 bcsId: 0} | ret=SUCCESS |  
2019-08-28 21:29:46,796 | INFO  | DNAudit | user=null | ip=null | op=WRITE_CHUNK {blockData=conID: 2 locID: 102696733033628192 bcsId: 0} | ret=SUCCESS |  
2019-08-28 21:29:46,796 | INFO  | DNAudit | user=null | ip=null | op=PUT_BLOCK {blockData=[blockId=conID: 2 locID: 102696733033628192 bcsId: 0,size=1048576]} | ret=SUCCESS |  
2019-08-28 21:29:46,796 [grpc-default-executor-5] INFO  client.GrpcClientProtocolClient (GrpcClientProtocolClient.java:onNext(255)) - client-05DA20D107F8->b461a7b0-028a-4eb5-b268-b89ac225aff8: receive RaftClientReply:client-05DA20D107F8->b461a7b0-028a-4eb5-b268-b89ac225aff8@group-0C8C0AA7542A, cid=2002, SUCCESS, logIndex=2937, commits[b461a7b0-028a-4eb5-b268-b89ac225aff8:c2938, b6ff45f5-67b8-463b-a273-c2e7d9dadd75:c2936, 6a5cb75f-f7eb-4671-9a85-3b6f7898f6cc:c2936]
2019-08-28 21:29:46,797 [grpc-default-executor-5] INFO  client.GrpcClientProtocolClient (GrpcClientProtocolClient.java:onNext(255)) - client-05DA20D107F8->b461a7b0-028a-4eb5-b268-b89ac225aff8: receive RaftClientReply:client-05DA20D107F8->b461a7b0-028a-4eb5-b268-b89ac225aff8@group-0C8C0AA7542A, cid=2003, SUCCESS, logIndex=2938, commits[b461a7b0-028a-4eb5-b268-b89ac225aff8:c2938, b6ff45f5-67b8-463b-a273-c2e7d9dadd75:c2936, 6a5cb75f-f7eb-4671-9a85-3b6f7898f6cc:c2936]
2019-08-28 21:29:46,850 | INFO  | DNAudit | user=null | ip=null | op=WRITE_CHUNK {blockData=conID: 2 locID: 102696733033628192 bcsId: 0} | ret=SUCCESS |  
2019-08-28 21:29:46,851 | INFO  | DNAudit | user=null | ip=null | op=PUT_BLOCK {blockData=[blockId=conID: 2 locID: 102696733033628192 bcsId: 0,size=2097152]} | ret=SUCCESS |  
2019-08-28 21:29:46,851 [grpc-default-executor-5] INFO  client.GrpcClientProtocolClient (GrpcClientProtocolClient.java:onNext(255)) - client-05DA20D107F8->b461a7b0-028a-4eb5-b268-b89ac225aff8: receive RaftClientReply:client-05DA20D107F8->b461a7b0-028a-4eb5-b268-b89ac225aff8@group-0C8C0AA7542A, cid=2004, SUCCESS, logIndex=2939, commits[b461a7b0-028a-4eb5-b268-b89ac225aff8:c2940, b6ff45f5-67b8-463b-a273-c2e7d9dadd75:c2936, 6a5cb75f-f7eb-4671-9a85-3b6f7898f6cc:c2936]
2019-08-28 21:29:46,852 [grpc-default-executor-5] INFO  client.GrpcClientProtocolClient (GrpcClientProtocolClient.java:onNext(255)) - client-05DA20D107F8->b461a7b0-028a-4eb5-b268-b89ac225aff8: receive RaftClientReply:client-05DA20D107F8->b461a7b0-028a-4eb5-b268-b89ac225aff8@group-0C8C0AA7542A, cid=2005, SUCCESS, logIndex=2940, commits[b461a7b0-028a-4eb5-b268-b89ac225aff8:c2940, b6ff45f5-67b8-463b-a273-c2e7d9dadd75:c2936, 6a5cb75f-f7eb-4671-9a85-3b6f7898f6cc:c2936]
2019-08-28 21:29:46,855 | INFO  | DNAudit | user=null | ip=null | op=WRITE_CHUNK {blockData=conID: 2 locID: 102696733033628192 bcsId: 0} | ret=SUCCESS |  
2019-08-28 21:29:46,856 | INFO  | DNAudit | user=null | ip=null | op=PUT_BLOCK {blockData=[blockId=conID: 2 locID: 102696733033628192 bcsId: 0,size=1048576]} | ret=SUCCESS |  
2019-08-28 21:29:46,856 | INFO  | DNAudit | user=null | ip=null | op=WRITE_CHUNK {blockData=conID: 2 locID: 102696733033628192 bcsId: 0} | ret=SUCCESS |  
2019-08-28 21:29:46,856 | INFO  | DNAudit | user=null | ip=null | op=PUT_BLOCK {blockData=[blockId=conID: 2 locID: 102696733033628192 bcsId: 0,size=1048576]} | ret=SUCCESS |  
2019-08-28 21:29:46,857 | INFO  | DNAudit | user=null | ip=null | op=WRITE_CHUNK {blockData=conID: 2 locID: 102696733033628192 bcsId: 0} | ret=SUCCESS |  
2019-08-28 21:29:46,857 [grpc-default-executor-5] INFO  client.GrpcClientProtocolClient (GrpcClientProtocolClient.java:onNext(255)) - client-05DA20D107F8->b461a7b0-028a-4eb5-b268-b89ac225aff8: receive RaftClientReply:client-05DA20D107F8->b461a7b0-028a-4eb5-b268-b89ac225aff8@group-0C8C0AA7542A, cid=2006, SUCCESS, logIndex=0, commits[b461a7b0-028a-4eb5-b268-b89ac225aff8:c2942, b6ff45f5-67b8-463b-a273-c2e7d9dadd75:c2938, 6a5cb75f-f7eb-4671-9a85-3b6f7898f6cc:c2938]
2019-08-28 21:29:46,857 | INFO  | DNAudit | user=null | ip=null | op=PUT_BLOCK {blockData=[blockId=conID: 2 locID: 102696733033628192 bcsId: 0,size=2097152]} | ret=SUCCESS |  
2019-08-28 21:29:46,859 | INFO  | DNAudit | user=null | ip=null | op=WRITE_CHUNK {blockData=conID: 2 locID: 102696733033628192 bcsId: 0} | ret=SUCCESS |  
2019-08-28 21:29:46,859 | INFO  | DNAudit | user=null | ip=null | op=PUT_BLOCK {blockData=[blockId=conID: 2 locID: 102696733033628192 bcsId: 0,size=2097152]} | ret=SUCCESS |  
2019-08-28 21:29:46,864 | INFO  | DNAudit | user=null | ip=null | op=WRITE_CHUNK {blockData=conID: 2 locID: 102696733033628192 bcsId: 2940} | ret=SUCCESS |  
2019-08-28 21:29:46,866 | INFO  | DNAudit | user=null | ip=null | op=WRITE_CHUNK {blockData=conID: 2 locID: 102696733033628192 bcsId: 2940} | ret=SUCCESS |  
2019-08-28 21:29:46,866 | INFO  | DNAudit | user=null | ip=null | op=WRITE_CHUNK {blockData=conID: 2 locID: 102696733033628192 bcsId: 2940} | ret=SUCCESS |  
2019-08-28 21:29:46,880 | INFO  | DNAudit | user=null | ip=null | op=WRITE_CHUNK {blockData=conID: 2 locID: 102696733033628192 bcsId: 2940} | ret=SUCCESS |  
2019-08-28 21:29:46,880 | INFO  | DNAudit | user=null | ip=null | op=PUT_BLOCK {blockData=[blockId=conID: 2 locID: 102696733033628192 bcsId: 0,size=3145728]} | ret=SUCCESS |  
2019-08-28 21:29:46,880 [grpc-default-executor-5] INFO  client.GrpcClientProtocolClient (GrpcClientProtocolClient.java:onNext(255)) - client-05DA20D107F8->b461a7b0-028a-4eb5-b268-b89ac225aff8: receive RaftClientReply:client-05DA20D107F8->b461a7b0-028a-4eb5-b268-b89ac225aff8@group-0C8C0AA7542A, cid=2007, SUCCESS, logIndex=2945, commits[b461a7b0-028a-4eb5-b268-b89ac225aff8:c2946, b6ff45f5-67b8-463b-a273-c2e7d9dadd75:c2944, 6a5cb75f-f7eb-4671-9a85-3b6f7898f6cc:c2944]
2019-08-28 21:29:46,881 [grpc-default-executor-5] INFO  client.GrpcClientProtocolClient (GrpcClientProtocolClient.java:onNext(255)) - client-05DA20D107F8->b461a7b0-028a-4eb5-b268-b89ac225aff8: receive RaftClientReply:client-05DA20D107F8->b461a7b0-028a-4eb5-b268-b89ac225aff8@group-0C8C0AA7542A, cid=2008, SUCCESS, logIndex=2946, commits[b461a7b0-028a-4eb5-b268-b89ac225aff8:c2946, b6ff45f5-67b8-463b-a273-c2e7d9dadd75:c2944, 6a5cb75f-f7eb-4671-9a85-3b6f7898f6cc:c2944]
2019-08-28 21:29:46,887 | INFO  | DNAudit | user=null | ip=null | op=WRITE_CHUNK {blockData=conID: 2 locID: 102696733033628192 bcsId: 2946} | ret=SUCCESS |  
2019-08-28 21:29:46,889 | INFO  | DNAudit | user=null | ip=null | op=WRITE_CHUNK {blockData=conID: 2 locID: 102696733033628192 bcsId: 2946} | ret=SUCCESS |  
2019-08-28 21:29:46,890 | INFO  | DNAudit | user=null | ip=null | op=WRITE_CHUNK {blockData=conID: 2 locID: 102696733033628192 bcsId: 2946} | ret=SUCCESS |  
2019-08-28 21:29:46,891 | INFO  | DNAudit | user=null | ip=null | op=WRITE_CHUNK {blockData=conID: 2 locID: 102696733033628192 bcsId: 2940} | ret=SUCCESS |  
2019-08-28 21:29:46,891 | INFO  | DNAudit | user=null | ip=null | op=WRITE_CHUNK {blockData=conID: 2 locID: 102696733033628192 bcsId: 2940} | ret=SUCCESS |  
2019-08-28 21:29:46,893 | INFO  | DNAudit | user=null | ip=null | op=PUT_BLOCK {blockData=[blockId=conID: 2 locID: 102696733033628192 bcsId: 0,size=3145728]} | ret=SUCCESS |  
2019-08-28 21:29:46,893 | INFO  | DNAudit | user=null | ip=null | op=PUT_BLOCK {blockData=[blockId=conID: 2 locID: 102696733033628192 bcsId: 0,size=3145728]} | ret=SUCCESS |  
2019-08-28 21:29:46,893 | INFO  | DNAudit | user=null | ip=null | op=WRITE_CHUNK {blockData=conID: 2 locID: 102696733033628192 bcsId: 2946} | ret=SUCCESS |  
2019-08-28 21:29:46,893 | INFO  | DNAudit | user=null | ip=null | op=PUT_BLOCK {blockData=[blockId=conID: 2 locID: 102696733033628192 bcsId: 0,size=4194304]} | ret=SUCCESS |  
2019-08-28 21:29:46,894 [grpc-default-executor-2] INFO  client.GrpcClientProtocolClient (GrpcClientProtocolClient.java:onNext(255)) - client-05DA20D107F8->b461a7b0-028a-4eb5-b268-b89ac225aff8: receive RaftClientReply:client-05DA20D107F8->b461a7b0-028a-4eb5-b268-b89ac225aff8@group-0C8C0AA7542A, cid=2009, SUCCESS, logIndex=2949, commits[b461a7b0-028a-4eb5-b268-b89ac225aff8:c2950, b6ff45f5-67b8-463b-a273-c2e7d9dadd75:c2946, 6a5cb75f-f7eb-4671-9a85-3b6f7898f6cc:c2946]
2019-08-28 21:29:46,894 [grpc-default-executor-2] INFO  client.GrpcClientProtocolClient (GrpcClientProtocolClient.java:onNext(255)) - client-05DA20D107F8->b461a7b0-028a-4eb5-b268-b89ac225aff8: receive RaftClientReply:client-05DA20D107F8->b461a7b0-028a-4eb5-b268-b89ac225aff8@group-0C8C0AA7542A, cid=2010, SUCCESS, logIndex=2950, commits[b461a7b0-028a-4eb5-b268-b89ac225aff8:c2950, b6ff45f5-67b8-463b-a273-c2e7d9dadd75:c2946, 6a5cb75f-f7eb-4671-9a85-3b6f7898f6cc:c2946]
2019-08-28 21:29:46,898 | INFO  | DNAudit | user=null | ip=null | op=WRITE_CHUNK {blockData=conID: 2 locID: 102696733033628192 bcsId: 2946} | ret=SUCCESS |  
2019-08-28 21:29:46,898 | INFO  | DNAudit | user=null | ip=null | op=WRITE_CHUNK {blockData=conID: 2 locID: 102696733033628192 bcsId: 2946} | ret=SUCCESS |  
2019-08-28 21:29:46,901 | INFO  | DNAudit | user=null | ip=null | op=PUT_BLOCK {blockData=[blockId=conID: 2 locID: 102696733033628192 bcsId: 0,size=4194304]} | ret=SUCCESS |  
2019-08-28 21:29:46,902 | INFO  | DNAudit | user=null | ip=null | op=PUT_BLOCK {blockData=[blockId=conID: 2 locID: 102696733033628192 bcsId: 0,size=4194304]} | ret=SUCCESS |  
2019-08-28 21:29:46,902 [grpc-default-executor-2] INFO  client.GrpcClientProtocolClient (GrpcClientProtocolClient.java:onNext(255)) - client-05DA20D107F8->b461a7b0-028a-4eb5-b268-b89ac225aff8: receive RaftClientReply:client-05DA20D107F8->b461a7b0-028a-4eb5-b268-b89ac225aff8@group-0C8C0AA7542A, cid=2011, SUCCESS, logIndex=0, commits[b461a7b0-028a-4eb5-b268-b89ac225aff8:c2952, b6ff45f5-67b8-463b-a273-c2e7d9dadd75:c2950, 6a5cb75f-f7eb-4671-9a85-3b6f7898f6cc:c2950]
2019-08-28 21:29:46,907 | INFO  | SCMAudit | user=jenkins1000 | ip=127.0.0.1 | op=ALLOCATE_BLOCK {owner=a0140aad-a474-4492-a39d-25bd6167d9f0, size=4194304, type=RATIS, factor=THREE} | ret=SUCCESS |  
2019-08-28 21:29:46,910 | INFO  | OMAudit | user=jenkins1000 | ip=127.0.0.1 | op=ALLOCATE_BLOCK {volume=vol-0-08922, bucket=bucket-0-29862, key=key-0-31337, dataSize=0, replicationType=null, replicationFactor=null, keyLocationInfo=null, clientID=102696731548516754} | ret=SUCCESS |  
2019-08-28 21:29:46,916 | INFO  | DNAudit | user=null | ip=null | op=WRITE_CHUNK {blockData=conID: 3 locID: 102696733042737697 bcsId: 0} | ret=SUCCESS |  
2019-08-28 21:29:46,918 | INFO  | DNAudit | user=null | ip=null | op=WRITE_CHUNK {blockData=conID: 3 locID: 102696733042737697 bcsId: 0} | ret=SUCCESS |  
2019-08-28 21:29:46,918 | INFO  | DNAudit | user=null | ip=null | op=WRITE_CHUNK {blockData=conID: 3 locID: 102696733042737697 bcsId: 0} | ret=SUCCESS |  
2019-08-28 21:29:46,918 | INFO  | DNAudit | user=null | ip=null | op=WRITE_CHUNK {blockData=conID: 3 locID: 102696733042737697 bcsId: 0} | ret=SUCCESS |  
2019-08-28 21:29:46,920 | INFO  | DNAudit | user=null | ip=null | op=WRITE_CHUNK {blockData=conID: 3 locID: 102696733042737697 bcsId: 0} | ret=SUCCESS |  
2019-08-28 21:29:46,921 | INFO  | DNAudit | user=null | ip=null | op=WRITE_CHUNK {blockData=conID: 3 locID: 102696733042737697 bcsId: 0} | ret=SUCCESS |  
2019-08-28 21:29:46,984 | INFO  | DNAudit | user=null | ip=null | op=WRITE_CHUNK {blockData=conID: 3 locID: 102696733042737697 bcsId: 0} | ret=SUCCESS |  
2019-08-28 21:29:46,985 | INFO  | DNAudit | user=null | ip=null | op=PUT_BLOCK {blockData=[blockId=conID: 3 locID: 102696733042737697 bcsId: 0,size=1048576]} | ret=SUCCESS |  
2019-08-28 21:29:46,985 [grpc-default-executor-2] INFO  client.GrpcClientProtocolClient (GrpcClientProtocolClient.java:onNext(255)) - client-05DA20D107F8->b461a7b0-028a-4eb5-b268-b89ac225aff8: receive RaftClientReply:client-05DA20D107F8->b461a7b0-028a-4eb5-b268-b89ac225aff8@group-0C8C0AA7542A, cid=2012, SUCCESS, logIndex=2953, commits[b461a7b0-028a-4eb5-b268-b89ac225aff8:c2954, b6ff45f5-67b8-463b-a273-c2e7d9dadd75:c2952, 6a5cb75f-f7eb-4671-9a85-3b6f7898f6cc:c2952]
2019-08-28 21:29:46,985 | INFO  | DNAudit | user=null | ip=null | op=WRITE_CHUNK {blockData=conID: 3 locID: 102696733042737697 bcsId: 0} | ret=SUCCESS |  
2019-08-28 21:29:46,986 [grpc-default-executor-5] INFO  client.GrpcClientProtocolClient (GrpcClientProtocolClient.java:onNext(255)) - client-05DA20D107F8->b461a7b0-028a-4eb5-b268-b89ac225aff8: receive RaftClientReply:client-05DA20D107F8->b461a7b0-028a-4eb5-b268-b89ac225aff8@group-0C8C0AA7542A, cid=2013, SUCCESS, logIndex=2954, commits[b461a7b0-028a-4eb5-b268-b89ac225aff8:c2955, b6ff45f5-67b8-463b-a273-c2e7d9dadd75:c2952, 6a5cb75f-f7eb-4671-9a85-3b6f7898f6cc:c2952]
2019-08-28 21:29:46,986 | INFO  | DNAudit | user=null | ip=null | op=PUT_BLOCK {blockData=[blockId=conID: 3 locID: 102696733042737697 bcsId: 0,size=2097152]} | ret=SUCCESS |  
2019-08-28 21:29:46,986 [grpc-default-executor-5] INFO  client.GrpcClientProtocolClient (GrpcClientProtocolClient.java:onNext(255)) - client-05DA20D107F8->b461a7b0-028a-4eb5-b268-b89ac225aff8: receive RaftClientReply:client-05DA20D107F8->b461a7b0-028a-4eb5-b268-b89ac225aff8@group-0C8C0AA7542A, cid=2014, SUCCESS, logIndex=2955, commits[b461a7b0-028a-4eb5-b268-b89ac225aff8:c2956, b6ff45f5-67b8-463b-a273-c2e7d9dadd75:c2952, 6a5cb75f-f7eb-4671-9a85-3b6f7898f6cc:c2952]
2019-08-28 21:29:46,987 [grpc-default-executor-5] INFO  client.GrpcClientProtocolClient (GrpcClientProtocolClient.java:onNext(255)) - client-05DA20D107F8->b461a7b0-028a-4eb5-b268-b89ac225aff8: receive RaftClientReply:client-05DA20D107F8->b461a7b0-028a-4eb5-b268-b89ac225aff8@group-0C8C0AA7542A, cid=2015, SUCCESS, logIndex=2956, commits[b461a7b0-028a-4eb5-b268-b89ac225aff8:c2956, b6ff45f5-67b8-463b-a273-c2e7d9dadd75:c2952, 6a5cb75f-f7eb-4671-9a85-3b6f7898f6cc:c2952]
2019-08-28 21:29:46,995 | INFO  | DNAudit | user=null | ip=null | op=WRITE_CHUNK {blockData=conID: 3 locID: 102696733042737697 bcsId: 0} | ret=SUCCESS |  
2019-08-28 21:29:46,995 | INFO  | DNAudit | user=null | ip=null | op=PUT_BLOCK {blockData=[blockId=conID: 3 locID: 102696733042737697 bcsId: 0,size=1048576]} | ret=SUCCESS |  
2019-08-28 21:29:47,017 | INFO  | DNAudit | user=null | ip=null | op=WRITE_CHUNK {blockData=conID: 3 locID: 102696733042737697 bcsId: 0} | ret=SUCCESS |  
2019-08-28 21:29:47,017 | INFO  | DNAudit | user=null | ip=null | op=PUT_BLOCK {blockData=[blockId=conID: 3 locID: 102696733042737697 bcsId: 0,size=1048576]} | ret=SUCCESS |  
2019-08-28 21:29:47,017 | INFO  | DNAudit | user=null | ip=null | op=WRITE_CHUNK {blockData=conID: 3 locID: 102696733042737697 bcsId: 0} | ret=SUCCESS |  
2019-08-28 21:29:47,017 | INFO  | DNAudit | user=null | ip=null | op=WRITE_CHUNK {blockData=conID: 3 locID: 102696733042737697 bcsId: 0} | ret=SUCCESS |  
2019-08-28 21:29:47,017 | INFO  | DNAudit | user=null | ip=null | op=PUT_BLOCK {blockData=[blockId=conID: 3 locID: 102696733042737697 bcsId: 0,size=2097152]} | ret=SUCCESS |  
2019-08-28 21:29:47,018 [grpc-default-executor-2] INFO  client.GrpcClientProtocolClient (GrpcClientProtocolClient.java:onNext(255)) - client-05DA20D107F8->b461a7b0-028a-4eb5-b268-b89ac225aff8: receive RaftClientReply:client-05DA20D107F8->b461a7b0-028a-4eb5-b268-b89ac225aff8@group-0C8C0AA7542A, cid=2016, SUCCESS, logIndex=0, commits[b461a7b0-028a-4eb5-b268-b89ac225aff8:c2958, b6ff45f5-67b8-463b-a273-c2e7d9dadd75:c2954, 6a5cb75f-f7eb-4671-9a85-3b6f7898f6cc:c2954]
2019-08-28 21:29:47,025 | INFO  | DNAudit | user=null | ip=null | op=WRITE_CHUNK {blockData=conID: 3 locID: 102696733042737697 bcsId: 2956} | ret=SUCCESS |  
2019-08-28 21:29:47,028 | INFO  | DNAudit | user=null | ip=null | op=WRITE_CHUNK {blockData=conID: 3 locID: 102696733042737697 bcsId: 2956} | ret=SUCCESS |  
2019-08-28 21:29:47,028 | INFO  | DNAudit | user=null | ip=null | op=WRITE_CHUNK {blockData=conID: 3 locID: 102696733042737697 bcsId: 2956} | ret=SUCCESS |  
2019-08-28 21:29:47,029 | INFO  | DNAudit | user=null | ip=null | op=PUT_BLOCK {blockData=[blockId=conID: 3 locID: 102696733042737697 bcsId: 0,size=2097152]} | ret=SUCCESS |  
2019-08-28 21:29:47,033 | INFO  | DNAudit | user=null | ip=null | op=WRITE_CHUNK {blockData=conID: 3 locID: 102696733042737697 bcsId: 2956} | ret=SUCCESS |  
2019-08-28 21:29:47,035 | INFO  | DNAudit | user=null | ip=null | op=PUT_BLOCK {blockData=[blockId=conID: 3 locID: 102696733042737697 bcsId: 0,size=3145728]} | ret=SUCCESS |  
2019-08-28 21:29:47,035 [grpc-default-executor-2] INFO  client.GrpcClientProtocolClient (GrpcClientProtocolClient.java:onNext(255)) - client-05DA20D107F8->b461a7b0-028a-4eb5-b268-b89ac225aff8: receive RaftClientReply:client-05DA20D107F8->b461a7b0-028a-4eb5-b268-b89ac225aff8@group-0C8C0AA7542A, cid=2017, SUCCESS, logIndex=2961, commits[b461a7b0-028a-4eb5-b268-b89ac225aff8:c2962, b6ff45f5-67b8-463b-a273-c2e7d9dadd75:c2960, 6a5cb75f-f7eb-4671-9a85-3b6f7898f6cc:c2960]
2019-08-28 21:29:47,035 [grpc-default-executor-2] INFO  client.GrpcClientProtocolClient (GrpcClientProtocolClient.java:onNext(255)) - client-05DA20D107F8->b461a7b0-028a-4eb5-b268-b89ac225aff8: receive RaftClientReply:client-05DA20D107F8->b461a7b0-028a-4eb5-b268-b89ac225aff8@group-0C8C0AA7542A, cid=2018, SUCCESS, logIndex=2962, commits[b461a7b0-028a-4eb5-b268-b89ac225aff8:c2962, b6ff45f5-67b8-463b-a273-c2e7d9dadd75:c2960, 6a5cb75f-f7eb-4671-9a85-3b6f7898f6cc:c2960]
2019-08-28 21:29:47,042 | INFO  | DNAudit | user=null | ip=null | op=WRITE_CHUNK {blockData=conID: 3 locID: 102696733042737697 bcsId: 2956} | ret=SUCCESS |  
2019-08-28 21:29:47,042 | INFO  | DNAudit | user=null | ip=null | op=WRITE_CHUNK {blockData=conID: 3 locID: 102696733042737697 bcsId: 2956} | ret=SUCCESS |  
2019-08-28 21:29:47,043 | INFO  | DNAudit | user=null | ip=null | op=PUT_BLOCK {blockData=[blockId=conID: 3 locID: 102696733042737697 bcsId: 0,size=3145728]} | ret=SUCCESS |  
2019-08-28 21:29:47,043 | INFO  | DNAudit | user=null | ip=null | op=PUT_BLOCK {blockData=[blockId=conID: 3 locID: 102696733042737697 bcsId: 0,size=3145728]} | ret=SUCCESS |  
2019-08-28 21:29:47,044 | INFO  | DNAudit | user=null | ip=null | op=WRITE_CHUNK {blockData=conID: 3 locID: 102696733042737697 bcsId: 2962} | ret=SUCCESS |  
2019-08-28 21:29:47,046 | INFO  | DNAudit | user=null | ip=null | op=WRITE_CHUNK {blockData=conID: 3 locID: 102696733042737697 bcsId: 2962} | ret=SUCCESS |  
2019-08-28 21:29:47,046 | INFO  | DNAudit | user=null | ip=null | op=WRITE_CHUNK {blockData=conID: 3 locID: 102696733042737697 bcsId: 2962} | ret=SUCCESS |  
2019-08-28 21:29:47,057 | INFO  | DNAudit | user=null | ip=null | op=WRITE_CHUNK {blockData=conID: 3 locID: 102696733042737697 bcsId: 2962} | ret=SUCCESS |  
2019-08-28 21:29:47,057 | INFO  | DNAudit | user=null | ip=null | op=PUT_BLOCK {blockData=[blockId=conID: 3 locID: 102696733042737697 bcsId: 0,size=4194304]} | ret=SUCCESS |  
2019-08-28 21:29:47,057 [grpc-default-executor-2] INFO  client.GrpcClientProtocolClient (GrpcClientProtocolClient.java:onNext(255)) - client-05DA20D107F8->b461a7b0-028a-4eb5-b268-b89ac225aff8: receive RaftClientReply:client-05DA20D107F8->b461a7b0-028a-4eb5-b268-b89ac225aff8@group-0C8C0AA7542A, cid=2019, SUCCESS, logIndex=2965, commits[b461a7b0-028a-4eb5-b268-b89ac225aff8:c2966, b6ff45f5-67b8-463b-a273-c2e7d9dadd75:c2963, 6a5cb75f-f7eb-4671-9a85-3b6f7898f6cc:c2963]
2019-08-28 21:29:47,058 [grpc-default-executor-2] INFO  client.GrpcClientProtocolClient (GrpcClientProtocolClient.java:onNext(255)) - client-05DA20D107F8->b461a7b0-028a-4eb5-b268-b89ac225aff8: receive RaftClientReply:client-05DA20D107F8->b461a7b0-028a-4eb5-b268-b89ac225aff8@group-0C8C0AA7542A, cid=2020, SUCCESS, logIndex=2966, commits[b461a7b0-028a-4eb5-b268-b89ac225aff8:c2966, b6ff45f5-67b8-463b-a273-c2e7d9dadd75:c2963, 6a5cb75f-f7eb-4671-9a85-3b6f7898f6cc:c2963]
2019-08-28 21:29:47,076 | INFO  | DNAudit | user=null | ip=null | op=WRITE_CHUNK {blockData=conID: 3 locID: 102696733042737697 bcsId: 2962} | ret=SUCCESS |  
2019-08-28 21:29:47,076 | INFO  | DNAudit | user=null | ip=null | op=WRITE_CHUNK {blockData=conID: 3 locID: 102696733042737697 bcsId: 2962} | ret=SUCCESS |  
2019-08-28 21:29:47,079 | INFO  | DNAudit | user=null | ip=null | op=PUT_BLOCK {blockData=[blockId=conID: 3 locID: 102696733042737697 bcsId: 0,size=4194304]} | ret=SUCCESS |  
2019-08-28 21:29:47,079 | INFO  | DNAudit | user=null | ip=null | op=PUT_BLOCK {blockData=[blockId=conID: 3 locID: 102696733042737697 bcsId: 0,size=4194304]} | ret=SUCCESS |  
2019-08-28 21:29:47,080 [grpc-default-executor-2] INFO  client.GrpcClientProtocolClient (GrpcClientProtocolClient.java:onNext(255)) - client-05DA20D107F8->b461a7b0-028a-4eb5-b268-b89ac225aff8: receive RaftClientReply:client-05DA20D107F8->b461a7b0-028a-4eb5-b268-b89ac225aff8@group-0C8C0AA7542A, cid=2021, SUCCESS, logIndex=0, commits[b461a7b0-028a-4eb5-b268-b89ac225aff8:c2968, b6ff45f5-67b8-463b-a273-c2e7d9dadd75:c2966, 6a5cb75f-f7eb-4671-9a85-3b6f7898f6cc:c2966]
2019-08-28 21:29:47,084 | INFO  | SCMAudit | user=jenkins1000 | ip=127.0.0.1 | op=ALLOCATE_BLOCK {owner=a0140aad-a474-4492-a39d-25bd6167d9f0, size=4194304, type=RATIS, factor=THREE} | ret=SUCCESS |  
2019-08-28 21:29:47,087 | INFO  | OMAudit | user=jenkins1000 | ip=127.0.0.1 | op=ALLOCATE_BLOCK {volume=vol-0-08922, bucket=bucket-0-29862, key=key-0-31337, dataSize=0, replicationType=null, replicationFactor=null, keyLocationInfo=null, clientID=102696731548516754} | ret=SUCCESS |  
2019-08-28 21:29:47,094 | INFO  | DNAudit | user=null | ip=null | op=WRITE_CHUNK {blockData=conID: 1 locID: 102696733054337570 bcsId: 0} | ret=SUCCESS |  
2019-08-28 21:29:47,097 | INFO  | DNAudit | user=null | ip=null | op=WRITE_CHUNK {blockData=conID: 1 locID: 102696733054337570 bcsId: 0} | ret=SUCCESS |  
2019-08-28 21:29:47,097 | INFO  | DNAudit | user=null | ip=null | op=WRITE_CHUNK {blockData=conID: 1 locID: 102696733054337570 bcsId: 0} | ret=SUCCESS |  
2019-08-28 21:29:47,098 | INFO  | DNAudit | user=null | ip=null | op=WRITE_CHUNK {blockData=conID: 1 locID: 102696733054337570 bcsId: 0} | ret=SUCCESS |  
2019-08-28 21:29:47,100 | INFO  | DNAudit | user=null | ip=null | op=WRITE_CHUNK {blockData=conID: 1 locID: 102696733054337570 bcsId: 0} | ret=SUCCESS |  
2019-08-28 21:29:47,100 | INFO  | DNAudit | user=null | ip=null | op=WRITE_CHUNK {blockData=conID: 1 locID: 102696733054337570 bcsId: 0} | ret=SUCCESS |  
2019-08-28 21:29:47,103 | INFO  | SCMAudit | user=jenkins1000 | ip=192.168.36.107 | op=SEND_HEARTBEAT {datanodeUUID=b6ff45f5-67b8-463b-a273-c2e7d9dadd75, command=[]} | ret=SUCCESS |  
2019-08-28 21:29:47,104 | INFO  | SCMAudit | user=jenkins1000 | ip=192.168.36.107 | op=SEND_HEARTBEAT {datanodeUUID=6a5cb75f-f7eb-4671-9a85-3b6f7898f6cc, command=[]} | ret=SUCCESS |  
2019-08-28 21:29:47,105 | INFO  | SCMAudit | user=jenkins1000 | ip=192.168.36.107 | op=SEND_HEARTBEAT {datanodeUUID=b461a7b0-028a-4eb5-b268-b89ac225aff8, command=[]} | ret=SUCCESS |  
2019-08-28 21:29:47,115 | INFO  | DNAudit | user=null | ip=null | op=WRITE_CHUNK {blockData=conID: 1 locID: 102696733054337570 bcsId: 0} | ret=SUCCESS |  
2019-08-28 21:29:47,115 | INFO  | DNAudit | user=null | ip=null | op=PUT_BLOCK {blockData=[blockId=conID: 1 locID: 102696733054337570 bcsId: 0,size=1048576]} | ret=SUCCESS |  
2019-08-28 21:29:47,115 [grpc-default-executor-2] INFO  client.GrpcClientProtocolClient (GrpcClientProtocolClient.java:onNext(255)) - client-05DA20D107F8->b461a7b0-028a-4eb5-b268-b89ac225aff8: receive RaftClientReply:client-05DA20D107F8->b461a7b0-028a-4eb5-b268-b89ac225aff8@group-0C8C0AA7542A, cid=2022, SUCCESS, logIndex=2969, commits[b461a7b0-028a-4eb5-b268-b89ac225aff8:c2970, b6ff45f5-67b8-463b-a273-c2e7d9dadd75:c2968, 6a5cb75f-f7eb-4671-9a85-3b6f7898f6cc:c2968]
2019-08-28 21:29:47,116 | INFO  | DNAudit | user=null | ip=null | op=WRITE_CHUNK {blockData=conID: 1 locID: 102696733054337570 bcsId: 0} | ret=SUCCESS |  
2019-08-28 21:29:47,116 | INFO  | DNAudit | user=null | ip=null | op=PUT_BLOCK {blockData=[blockId=conID: 1 locID: 102696733054337570 bcsId: 0,size=2097152]} | ret=SUCCESS |  
2019-08-28 21:29:47,116 [grpc-default-executor-6] INFO  client.GrpcClientProtocolClient (GrpcClientProtocolClient.java:onNext(255)) - client-05DA20D107F8->b461a7b0-028a-4eb5-b268-b89ac225aff8: receive RaftClientReply:client-05DA20D107F8->b461a7b0-028a-4eb5-b268-b89ac225aff8@group-0C8C0AA7542A, cid=2023, SUCCESS, logIndex=2970, commits[b461a7b0-028a-4eb5-b268-b89ac225aff8:c2970, b6ff45f5-67b8-463b-a273-c2e7d9dadd75:c2968, 6a5cb75f-f7eb-4671-9a85-3b6f7898f6cc:c2968]
2019-08-28 21:29:47,116 [grpc-default-executor-6] INFO  client.GrpcClientProtocolClient (GrpcClientProtocolClient.java:onNext(255)) - client-05DA20D107F8->b461a7b0-028a-4eb5-b268-b89ac225aff8: receive RaftClientReply:client-05DA20D107F8->b461a7b0-028a-4eb5-b268-b89ac225aff8@group-0C8C0AA7542A, cid=2024, SUCCESS, logIndex=2971, commits[b461a7b0-028a-4eb5-b268-b89ac225aff8:c2972, b6ff45f5-67b8-463b-a273-c2e7d9dadd75:c2968, 6a5cb75f-f7eb-4671-9a85-3b6f7898f6cc:c2968]
2019-08-28 21:29:47,117 | INFO  | DNAudit | user=null | ip=null | op=WRITE_CHUNK {blockData=conID: 1 locID: 102696733054337570 bcsId: 0} | ret=SUCCESS |  
2019-08-28 21:29:47,117 [grpc-default-executor-6] INFO  client.GrpcClientProtocolClient (GrpcClientProtocolClient.java:onNext(255)) - client-05DA20D107F8->b461a7b0-028a-4eb5-b268-b89ac225aff8: receive RaftClientReply:client-05DA20D107F8->b461a7b0-028a-4eb5-b268-b89ac225aff8@group-0C8C0AA7542A, cid=2025, SUCCESS, logIndex=2972, commits[b461a7b0-028a-4eb5-b268-b89ac225aff8:c2972, b6ff45f5-67b8-463b-a273-c2e7d9dadd75:c2968, 6a5cb75f-f7eb-4671-9a85-3b6f7898f6cc:c2968]
2019-08-28 21:29:47,117 | INFO  | DNAudit | user=null | ip=null | op=PUT_BLOCK {blockData=[blockId=conID: 1 locID: 102696733054337570 bcsId: 0,size=1048576]} | ret=SUCCESS |  
2019-08-28 21:29:47,120 | INFO  | DNAudit | user=null | ip=null | op=WRITE_CHUNK {blockData=conID: 1 locID: 102696733054337570 bcsId: 0} | ret=SUCCESS |  
2019-08-28 21:29:47,120 | INFO  | DNAudit | user=null | ip=null | op=WRITE_CHUNK {blockData=conID: 1 locID: 102696733054337570 bcsId: 0} | ret=SUCCESS |  
2019-08-28 21:29:47,120 | INFO  | DNAudit | user=null | ip=null | op=PUT_BLOCK {blockData=[blockId=conID: 1 locID: 102696733054337570 bcsId: 0,size=1048576]} | ret=SUCCESS |  
2019-08-28 21:29:47,120 | INFO  | DNAudit | user=null | ip=null | op=PUT_BLOCK {blockData=[blockId=conID: 1 locID: 102696733054337570 bcsId: 0,size=2097152]} | ret=SUCCESS |  
2019-08-28 21:29:47,121 | INFO  | DNAudit | user=null | ip=null | op=WRITE_CHUNK {blockData=conID: 1 locID: 102696733054337570 bcsId: 0} | ret=SUCCESS |  
2019-08-28 21:29:47,121 [grpc-default-executor-6] INFO  client.GrpcClientProtocolClient (GrpcClientProtocolClient.java:onNext(255)) - client-05DA20D107F8->b461a7b0-028a-4eb5-b268-b89ac225aff8: receive RaftClientReply:client-05DA20D107F8->b461a7b0-028a-4eb5-b268-b89ac225aff8@group-0C8C0AA7542A, cid=2026, SUCCESS, logIndex=0, commits[b461a7b0-028a-4eb5-b268-b89ac225aff8:c2975, b6ff45f5-67b8-463b-a273-c2e7d9dadd75:c2971, 6a5cb75f-f7eb-4671-9a85-3b6f7898f6cc:c2970]
2019-08-28 21:29:47,121 | INFO  | DNAudit | user=null | ip=null | op=PUT_BLOCK {blockData=[blockId=conID: 1 locID: 102696733054337570 bcsId: 0,size=2097152]} | ret=SUCCESS |  
2019-08-28 21:29:47,126 | INFO  | DNAudit | user=null | ip=null | op=WRITE_CHUNK {blockData=conID: 1 locID: 102696733054337570 bcsId: 2972} | ret=SUCCESS |  
2019-08-28 21:29:47,128 | INFO  | DNAudit | user=null | ip=null | op=WRITE_CHUNK {blockData=conID: 1 locID: 102696733054337570 bcsId: 2972} | ret=SUCCESS |  
2019-08-28 21:29:47,129 | INFO  | DNAudit | user=null | ip=null | op=WRITE_CHUNK {blockData=conID: 1 locID: 102696733054337570 bcsId: 2972} | ret=SUCCESS |  
2019-08-28 21:29:47,139 | INFO  | DNAudit | user=null | ip=null | op=WRITE_CHUNK {blockData=conID: 1 locID: 102696733054337570 bcsId: 2972} | ret=SUCCESS |  
2019-08-28 21:29:47,139 | INFO  | DNAudit | user=null | ip=null | op=PUT_BLOCK {blockData=[blockId=conID: 1 locID: 102696733054337570 bcsId: 0,size=3145728]} | ret=SUCCESS |  
2019-08-28 21:29:47,139 [grpc-default-executor-3] INFO  client.GrpcClientProtocolClient (GrpcClientProtocolClient.java:onNext(255)) - client-05DA20D107F8->b461a7b0-028a-4eb5-b268-b89ac225aff8: receive RaftClientReply:client-05DA20D107F8->b461a7b0-028a-4eb5-b268-b89ac225aff8@group-0C8C0AA7542A, cid=2027, SUCCESS, logIndex=2977, commits[b461a7b0-028a-4eb5-b268-b89ac225aff8:c2978, b6ff45f5-67b8-463b-a273-c2e7d9dadd75:c2976, 6a5cb75f-f7eb-4671-9a85-3b6f7898f6cc:c2976]
2019-08-28 21:29:47,139 [grpc-default-executor-3] INFO  client.GrpcClientProtocolClient (GrpcClientProtocolClient.java:onNext(255)) - client-05DA20D107F8->b461a7b0-028a-4eb5-b268-b89ac225aff8: receive RaftClientReply:client-05DA20D107F8->b461a7b0-028a-4eb5-b268-b89ac225aff8@group-0C8C0AA7542A, cid=2028, SUCCESS, logIndex=2978, commits[b461a7b0-028a-4eb5-b268-b89ac225aff8:c2978, b6ff45f5-67b8-463b-a273-c2e7d9dadd75:c2976, 6a5cb75f-f7eb-4671-9a85-3b6f7898f6cc:c2976]
2019-08-28 21:29:47,145 | INFO  | DNAudit | user=null | ip=null | op=WRITE_CHUNK {blockData=conID: 1 locID: 102696733054337570 bcsId: 2978} | ret=SUCCESS |  
2019-08-28 21:29:47,147 | INFO  | DNAudit | user=null | ip=null | op=WRITE_CHUNK {blockData=conID: 1 locID: 102696733054337570 bcsId: 2978} | ret=SUCCESS |  
2019-08-28 21:29:47,147 | INFO  | DNAudit | user=null | ip=null | op=WRITE_CHUNK {blockData=conID: 1 locID: 102696733054337570 bcsId: 2978} | ret=SUCCESS |  
2019-08-28 21:29:47,154 | INFO  | DNAudit | user=null | ip=null | op=WRITE_CHUNK {blockData=conID: 1 locID: 102696733054337570 bcsId: 2972} | ret=SUCCESS |  
2019-08-28 21:29:47,154 | INFO  | DNAudit | user=null | ip=null | op=WRITE_CHUNK {blockData=conID: 1 locID: 102696733054337570 bcsId: 2972} | ret=SUCCESS |  
2019-08-28 21:29:47,155 | INFO  | DNAudit | user=null | ip=null | op=PUT_BLOCK {blockData=[blockId=conID: 1 locID: 102696733054337570 bcsId: 0,size=3145728]} | ret=SUCCESS |  
2019-08-28 21:29:47,155 | INFO  | DNAudit | user=null | ip=null | op=PUT_BLOCK {blockData=[blockId=conID: 1 locID: 102696733054337570 bcsId: 0,size=3145728]} | ret=SUCCESS |  
2019-08-28 21:29:47,156 | INFO  | DNAudit | user=null | ip=null | op=WRITE_CHUNK {blockData=conID: 1 locID: 102696733054337570 bcsId: 2978} | ret=SUCCESS |  
2019-08-28 21:29:47,157 | INFO  | DNAudit | user=null | ip=null | op=PUT_BLOCK {blockData=[blockId=conID: 1 locID: 102696733054337570 bcsId: 0,size=4194304]} | ret=SUCCESS |  
2019-08-28 21:29:47,157 [grpc-default-executor-3] INFO  client.GrpcClientProtocolClient (GrpcClientProtocolClient.java:onNext(255)) - client-05DA20D107F8->b461a7b0-028a-4eb5-b268-b89ac225aff8: receive RaftClientReply:client-05DA20D107F8->b461a7b0-028a-4eb5-b268-b89ac225aff8@group-0C8C0AA7542A, cid=2029, SUCCESS, logIndex=2981, commits[b461a7b0-028a-4eb5-b268-b89ac225aff8:c2982, b6ff45f5-67b8-463b-a273-c2e7d9dadd75:c2978, 6a5cb75f-f7eb-4671-9a85-3b6f7898f6cc:c2978]
2019-08-28 21:29:47,157 [grpc-default-executor-3] INFO  client.GrpcClientProtocolClient (GrpcClientProtocolClient.java:onNext(255)) - client-05DA20D107F8->b461a7b0-028a-4eb5-b268-b89ac225aff8: receive RaftClientReply:client-05DA20D107F8->b461a7b0-028a-4eb5-b268-b89ac225aff8@group-0C8C0AA7542A, cid=2030, SUCCESS, logIndex=2982, commits[b461a7b0-028a-4eb5-b268-b89ac225aff8:c2982, b6ff45f5-67b8-463b-a273-c2e7d9dadd75:c2978, 6a5cb75f-f7eb-4671-9a85-3b6f7898f6cc:c2978]
2019-08-28 21:29:47,165 | INFO  | DNAudit | user=null | ip=null | op=WRITE_CHUNK {blockData=conID: 1 locID: 102696733054337570 bcsId: 2978} | ret=SUCCESS |  
2019-08-28 21:29:47,165 | INFO  | DNAudit | user=null | ip=null | op=WRITE_CHUNK {blockData=conID: 1 locID: 102696733054337570 bcsId: 2978} | ret=SUCCESS |  
2019-08-28 21:29:47,175 | INFO  | DNAudit | user=null | ip=null | op=PUT_BLOCK {blockData=[blockId=conID: 1 locID: 102696733054337570 bcsId: 0,size=4194304]} | ret=SUCCESS |  
2019-08-28 21:29:47,175 | INFO  | DNAudit | user=null | ip=null | op=PUT_BLOCK {blockData=[blockId=conID: 1 locID: 102696733054337570 bcsId: 0,size=4194304]} | ret=SUCCESS |  
2019-08-28 21:29:47,175 [grpc-default-executor-2] INFO  client.GrpcClientProtocolClient (GrpcClientProtocolClient.java:onNext(255)) - client-05DA20D107F8->b461a7b0-028a-4eb5-b268-b89ac225aff8: receive RaftClientReply:client-05DA20D107F8->b461a7b0-028a-4eb5-b268-b89ac225aff8@group-0C8C0AA7542A, cid=2031, SUCCESS, logIndex=0, commits[b461a7b0-028a-4eb5-b268-b89ac225aff8:c2983, b6ff45f5-67b8-463b-a273-c2e7d9dadd75:c2982, 6a5cb75f-f7eb-4671-9a85-3b6f7898f6cc:c2982]
2019-08-28 21:29:47,179 | INFO  | SCMAudit | user=jenkins1000 | ip=127.0.0.1 | op=ALLOCATE_BLOCK {owner=a0140aad-a474-4492-a39d-25bd6167d9f0, size=4194304, type=RATIS, factor=THREE} | ret=SUCCESS |  
2019-08-28 21:29:47,181 | INFO  | OMAudit | user=jenkins1000 | ip=127.0.0.1 | op=ALLOCATE_BLOCK {volume=vol-0-08922, bucket=bucket-0-29862, key=key-0-31337, dataSize=0, replicationType=null, replicationFactor=null, keyLocationInfo=null, clientID=102696731548516754} | ret=SUCCESS |  
 0.00% |█                                                                                                    |  0/1 Time: 0:00:232019-08-28 21:29:47,290 | INFO  | DNAudit | user=null | ip=null | op=WRITE_CHUNK {blockData=conID: 2 locID: 102696733060563491 bcsId: 0} | ret=SUCCESS |  
2019-08-28 21:29:47,294 | INFO  | DNAudit | user=null | ip=null | op=WRITE_CHUNK {blockData=conID: 2 locID: 102696733060563491 bcsId: 0} | ret=SUCCESS |  
2019-08-28 21:29:47,294 | INFO  | DNAudit | user=null | ip=null | op=WRITE_CHUNK {blockData=conID: 2 locID: 102696733060563491 bcsId: 0} | ret=SUCCESS |  
2019-08-28 21:29:47,294 | INFO  | DNAudit | user=null | ip=null | op=WRITE_CHUNK {blockData=conID: 2 locID: 102696733060563491 bcsId: 0} | ret=SUCCESS |  
2019-08-28 21:29:47,297 | INFO  | DNAudit | user=null | ip=null | op=WRITE_CHUNK {blockData=conID: 2 locID: 102696733060563491 bcsId: 0} | ret=SUCCESS |  
2019-08-28 21:29:47,297 | INFO  | DNAudit | user=null | ip=null | op=WRITE_CHUNK {blockData=conID: 2 locID: 102696733060563491 bcsId: 0} | ret=SUCCESS |  
2019-08-28 21:29:47,303 | INFO  | DNAudit | user=null | ip=null | op=WRITE_CHUNK {blockData=conID: 2 locID: 102696733060563491 bcsId: 0} | ret=SUCCESS |  
2019-08-28 21:29:47,304 | INFO  | DNAudit | user=null | ip=null | op=PUT_BLOCK {blockData=[blockId=conID: 2 locID: 102696733060563491 bcsId: 0,size=1048576]} | ret=SUCCESS |  
2019-08-28 21:29:47,304 | INFO  | DNAudit | user=null | ip=null | op=WRITE_CHUNK {blockData=conID: 2 locID: 102696733060563491 bcsId: 0} | ret=SUCCESS |  
2019-08-28 21:29:47,304 [grpc-default-executor-3] INFO  client.GrpcClientProtocolClient (GrpcClientProtocolClient.java:onNext(255)) - client-05DA20D107F8->b461a7b0-028a-4eb5-b268-b89ac225aff8: receive RaftClientReply:client-05DA20D107F8->b461a7b0-028a-4eb5-b268-b89ac225aff8@group-0C8C0AA7542A, cid=2032, SUCCESS, logIndex=2985, commits[b461a7b0-028a-4eb5-b268-b89ac225aff8:c2986, b6ff45f5-67b8-463b-a273-c2e7d9dadd75:c2984, 6a5cb75f-f7eb-4671-9a85-3b6f7898f6cc:c2984]
2019-08-28 21:29:47,304 | INFO  | DNAudit | user=null | ip=null | op=PUT_BLOCK {blockData=[blockId=conID: 2 locID: 102696733060563491 bcsId: 0,size=2097152]} | ret=SUCCESS |  
2019-08-28 21:29:47,304 [grpc-default-executor-3] INFO  client.GrpcClientProtocolClient (GrpcClientProtocolClient.java:onNext(255)) - client-05DA20D107F8->b461a7b0-028a-4eb5-b268-b89ac225aff8: receive RaftClientReply:client-05DA20D107F8->b461a7b0-028a-4eb5-b268-b89ac225aff8@group-0C8C0AA7542A, cid=2033, SUCCESS, logIndex=2986, commits[b461a7b0-028a-4eb5-b268-b89ac225aff8:c2987, b6ff45f5-67b8-463b-a273-c2e7d9dadd75:c2984, 6a5cb75f-f7eb-4671-9a85-3b6f7898f6cc:c2984]
2019-08-28 21:29:47,305 [grpc-default-executor-3] INFO  client.GrpcClientProtocolClient (GrpcClientProtocolClient.java:onNext(255)) - client-05DA20D107F8->b461a7b0-028a-4eb5-b268-b89ac225aff8: receive RaftClientReply:client-05DA20D107F8->b461a7b0-028a-4eb5-b268-b89ac225aff8@group-0C8C0AA7542A, cid=2034, SUCCESS, logIndex=2987, commits[b461a7b0-028a-4eb5-b268-b89ac225aff8:c2988, b6ff45f5-67b8-463b-a273-c2e7d9dadd75:c2984, 6a5cb75f-f7eb-4671-9a85-3b6f7898f6cc:c2984]
2019-08-28 21:29:47,305 [grpc-default-executor-3] INFO  client.GrpcClientProtocolClient (GrpcClientProtocolClient.java:onNext(255)) - client-05DA20D107F8->b461a7b0-028a-4eb5-b268-b89ac225aff8: receive RaftClientReply:client-05DA20D107F8->b461a7b0-028a-4eb5-b268-b89ac225aff8@group-0C8C0AA7542A, cid=2035, SUCCESS, logIndex=2988, commits[b461a7b0-028a-4eb5-b268-b89ac225aff8:c2988, b6ff45f5-67b8-463b-a273-c2e7d9dadd75:c2984, 6a5cb75f-f7eb-4671-9a85-3b6f7898f6cc:c2984]
2019-08-28 21:29:47,319 | INFO  | DNAudit | user=null | ip=null | op=WRITE_CHUNK {blockData=conID: 2 locID: 102696733060563491 bcsId: 0} | ret=SUCCESS |  
2019-08-28 21:29:47,319 | INFO  | DNAudit | user=null | ip=null | op=PUT_BLOCK {blockData=[blockId=conID: 2 locID: 102696733060563491 bcsId: 0,size=1048576]} | ret=SUCCESS |  
2019-08-28 21:29:47,320 | INFO  | DNAudit | user=null | ip=null | op=WRITE_CHUNK {blockData=conID: 2 locID: 102696733060563491 bcsId: 0} | ret=SUCCESS |  
2019-08-28 21:29:47,320 | INFO  | DNAudit | user=null | ip=null | op=PUT_BLOCK {blockData=[blockId=conID: 2 locID: 102696733060563491 bcsId: 0,size=1048576]} | ret=SUCCESS |  
2019-08-28 21:29:47,320 | INFO  | DNAudit | user=null | ip=null | op=WRITE_CHUNK {blockData=conID: 2 locID: 102696733060563491 bcsId: 0} | ret=SUCCESS |  
2019-08-28 21:29:47,320 | INFO  | DNAudit | user=null | ip=null | op=PUT_BLOCK {blockData=[blockId=conID: 2 locID: 102696733060563491 bcsId: 0,size=2097152]} | ret=SUCCESS |  
2019-08-28 21:29:47,321 | INFO  | DNAudit | user=null | ip=null | op=WRITE_CHUNK {blockData=conID: 2 locID: 102696733060563491 bcsId: 0} | ret=SUCCESS |  
2019-08-28 21:29:47,320 [grpc-default-executor-3] INFO  client.GrpcClientProtocolClient (GrpcClientProtocolClient.java:onNext(255)) - client-05DA20D107F8->b461a7b0-028a-4eb5-b268-b89ac225aff8: receive RaftClientReply:client-05DA20D107F8->b461a7b0-028a-4eb5-b268-b89ac225aff8@group-0C8C0AA7542A, cid=2036, SUCCESS, logIndex=0, commits[b461a7b0-028a-4eb5-b268-b89ac225aff8:c2989, b6ff45f5-67b8-463b-a273-c2e7d9dadd75:c2986, 6a5cb75f-f7eb-4671-9a85-3b6f7898f6cc:c2986]
2019-08-28 21:29:47,321 | INFO  | DNAudit | user=null | ip=null | op=PUT_BLOCK {blockData=[blockId=conID: 2 locID: 102696733060563491 bcsId: 0,size=2097152]} | ret=SUCCESS |  
2019-08-28 21:29:47,327 | INFO  | DNAudit | user=null | ip=null | op=WRITE_CHUNK {blockData=conID: 2 locID: 102696733060563491 bcsId: 2988} | ret=SUCCESS |  
2019-08-28 21:29:47,329 | INFO  | DNAudit | user=null | ip=null | op=WRITE_CHUNK {blockData=conID: 2 locID: 102696733060563491 bcsId: 2988} | ret=SUCCESS |  
2019-08-28 21:29:47,330 | INFO  | DNAudit | user=null | ip=null | op=WRITE_CHUNK {blockData=conID: 2 locID: 102696733060563491 bcsId: 2988} | ret=SUCCESS |  
2019-08-28 21:29:47,352 | INFO  | DNAudit | user=null | ip=null | op=WRITE_CHUNK {blockData=conID: 2 locID: 102696733060563491 bcsId: 2988} | ret=SUCCESS |  
2019-08-28 21:29:47,352 | INFO  | DNAudit | user=null | ip=null | op=PUT_BLOCK {blockData=[blockId=conID: 2 locID: 102696733060563491 bcsId: 0,size=3145728]} | ret=SUCCESS |  
2019-08-28 21:29:47,352 [grpc-default-executor-6] INFO  client.GrpcClientProtocolClient (GrpcClientProtocolClient.java:onNext(255)) - client-05DA20D107F8->b461a7b0-028a-4eb5-b268-b89ac225aff8: receive RaftClientReply:client-05DA20D107F8->b461a7b0-028a-4eb5-b268-b89ac225aff8@group-0C8C0AA7542A, cid=2037, SUCCESS, logIndex=2993, commits[b461a7b0-028a-4eb5-b268-b89ac225aff8:c2994, b6ff45f5-67b8-463b-a273-c2e7d9dadd75:c2992, 6a5cb75f-f7eb-4671-9a85-3b6f7898f6cc:c2992]
2019-08-28 21:29:47,353 [grpc-default-executor-6] INFO  client.GrpcClientProtocolClient (GrpcClientProtocolClient.java:onNext(255)) - client-05DA20D107F8->b461a7b0-028a-4eb5-b268-b89ac225aff8: receive RaftClientReply:client-05DA20D107F8->b461a7b0-028a-4eb5-b268-b89ac225aff8@group-0C8C0AA7542A, cid=2038, SUCCESS, logIndex=2994, commits[b461a7b0-028a-4eb5-b268-b89ac225aff8:c2994, b6ff45f5-67b8-463b-a273-c2e7d9dadd75:c2992, 6a5cb75f-f7eb-4671-9a85-3b6f7898f6cc:c2992]
2019-08-28 21:29:47,358 | INFO  | DNAudit | user=null | ip=null | op=WRITE_CHUNK {blockData=conID: 2 locID: 102696733060563491 bcsId: 2988} | ret=SUCCESS |  
2019-08-28 21:29:47,358 | INFO  | DNAudit | user=null | ip=null | op=WRITE_CHUNK {blockData=conID: 2 locID: 102696733060563491 bcsId: 2988} | ret=SUCCESS |  
2019-08-28 21:29:47,358 | INFO  | DNAudit | user=null | ip=null | op=WRITE_CHUNK {blockData=conID: 2 locID: 102696733060563491 bcsId: 2994} | ret=SUCCESS |  
2019-08-28 21:29:47,360 | INFO  | DNAudit | user=null | ip=null | op=PUT_BLOCK {blockData=[blockId=conID: 2 locID: 102696733060563491 bcsId: 0,size=3145728]} | ret=SUCCESS |  
2019-08-28 21:29:47,361 | INFO  | DNAudit | user=null | ip=null | op=PUT_BLOCK {blockData=[blockId=conID: 2 locID: 102696733060563491 bcsId: 0,size=3145728]} | ret=SUCCESS |  
2019-08-28 21:29:47,361 | INFO  | DNAudit | user=null | ip=null | op=WRITE_CHUNK {blockData=conID: 2 locID: 102696733060563491 bcsId: 2994} | ret=SUCCESS |  
2019-08-28 21:29:47,361 | INFO  | DNAudit | user=null | ip=null | op=WRITE_CHUNK {blockData=conID: 2 locID: 102696733060563491 bcsId: 2994} | ret=SUCCESS |  
2019-08-28 21:29:47,365 | INFO  | DNAudit | user=null | ip=null | op=WRITE_CHUNK {blockData=conID: 2 locID: 102696733060563491 bcsId: 2994} | ret=SUCCESS |  
2019-08-28 21:29:47,366 | INFO  | DNAudit | user=null | ip=null | op=PUT_BLOCK {blockData=[blockId=conID: 2 locID: 102696733060563491 bcsId: 0,size=4194304]} | ret=SUCCESS |  
2019-08-28 21:29:47,366 [grpc-default-executor-6] INFO  client.GrpcClientProtocolClient (GrpcClientProtocolClient.java:onNext(255)) - client-05DA20D107F8->b461a7b0-028a-4eb5-b268-b89ac225aff8: receive RaftClientReply:client-05DA20D107F8->b461a7b0-028a-4eb5-b268-b89ac225aff8@group-0C8C0AA7542A, cid=2039, SUCCESS, logIndex=2997, commits[b461a7b0-028a-4eb5-b268-b89ac225aff8:c2998, b6ff45f5-67b8-463b-a273-c2e7d9dadd75:c2994, 6a5cb75f-f7eb-4671-9a85-3b6f7898f6cc:c2994]
2019-08-28 21:29:47,366 [grpc-default-executor-6] INFO  client.GrpcClientProtocolClient (GrpcClientProtocolClient.java:onNext(255)) - client-05DA20D107F8->b461a7b0-028a-4eb5-b268-b89ac225aff8: receive RaftClientReply:client-05DA20D107F8->b461a7b0-028a-4eb5-b268-b89ac225aff8@group-0C8C0AA7542A, cid=2040, SUCCESS, logIndex=2998, commits[b461a7b0-028a-4eb5-b268-b89ac225aff8:c2998, b6ff45f5-67b8-463b-a273-c2e7d9dadd75:c2994, 6a5cb75f-f7eb-4671-9a85-3b6f7898f6cc:c2994]
2019-08-28 21:29:47,371 | INFO  | DNAudit | user=null | ip=null | op=WRITE_CHUNK {blockData=conID: 2 locID: 102696733060563491 bcsId: 2994} | ret=SUCCESS |  
2019-08-28 21:29:47,371 | INFO  | DNAudit | user=null | ip=null | op=WRITE_CHUNK {blockData=conID: 2 locID: 102696733060563491 bcsId: 2994} | ret=SUCCESS |  
2019-08-28 21:29:47,372 | INFO  | DNAudit | user=null | ip=null | op=PUT_BLOCK {blockData=[blockId=conID: 2 locID: 102696733060563491 bcsId: 0,size=4194304]} | ret=SUCCESS |  
2019-08-28 21:29:47,372 | INFO  | DNAudit | user=null | ip=null | op=PUT_BLOCK {blockData=[blockId=conID: 2 locID: 102696733060563491 bcsId: 0,size=4194304]} | ret=SUCCESS |  
2019-08-28 21:29:47,373 [grpc-default-executor-6] INFO  client.GrpcClientProtocolClient (GrpcClientProtocolClient.java:onNext(255)) - client-05DA20D107F8->b461a7b0-028a-4eb5-b268-b89ac225aff8: receive RaftClientReply:client-05DA20D107F8->b461a7b0-028a-4eb5-b268-b89ac225aff8@group-0C8C0AA7542A, cid=2041, SUCCESS, logIndex=0, commits[b461a7b0-028a-4eb5-b268-b89ac225aff8:c3000, b6ff45f5-67b8-463b-a273-c2e7d9dadd75:c2998, 6a5cb75f-f7eb-4671-9a85-3b6f7898f6cc:c2998]
2019-08-28 21:29:47,377 | INFO  | SCMAudit | user=jenkins1000 | ip=127.0.0.1 | op=ALLOCATE_BLOCK {owner=a0140aad-a474-4492-a39d-25bd6167d9f0, size=4194304, type=RATIS, factor=THREE} | ret=SUCCESS |  
2019-08-28 21:29:47,379 | INFO  | OMAudit | user=jenkins1000 | ip=127.0.0.1 | op=ALLOCATE_BLOCK {volume=vol-0-08922, bucket=bucket-0-29862, key=key-0-31337, dataSize=0, replicationType=null, replicationFactor=null, keyLocationInfo=null, clientID=102696731548516754} | ret=SUCCESS |  
2019-08-28 21:29:47,385 | INFO  | DNAudit | user=null | ip=null | op=WRITE_CHUNK {blockData=conID: 3 locID: 102696733073474084 bcsId: 0} | ret=SUCCESS |  
2019-08-28 21:29:47,387 | INFO  | DNAudit | user=null | ip=null | op=WRITE_CHUNK {blockData=conID: 3 locID: 102696733073474084 bcsId: 0} | ret=SUCCESS |  
2019-08-28 21:29:47,388 | INFO  | DNAudit | user=null | ip=null | op=WRITE_CHUNK {blockData=conID: 3 locID: 102696733073474084 bcsId: 0} | ret=SUCCESS |  
2019-08-28 21:29:47,388 | INFO  | DNAudit | user=null | ip=null | op=WRITE_CHUNK {blockData=conID: 3 locID: 102696733073474084 bcsId: 0} | ret=SUCCESS |  
2019-08-28 21:29:47,389 | INFO  | DNAudit | user=null | ip=null | op=WRITE_CHUNK {blockData=conID: 3 locID: 102696733073474084 bcsId: 0} | ret=SUCCESS |  
2019-08-28 21:29:47,389 | INFO  | DNAudit | user=null | ip=null | op=WRITE_CHUNK {blockData=conID: 3 locID: 102696733073474084 bcsId: 0} | ret=SUCCESS |  
2019-08-28 21:29:47,404 | INFO  | DNAudit | user=null | ip=null | op=WRITE_CHUNK {blockData=conID: 3 locID: 102696733073474084 bcsId: 0} | ret=SUCCESS |  
2019-08-28 21:29:47,405 | INFO  | DNAudit | user=null | ip=null | op=PUT_BLOCK {blockData=[blockId=conID: 3 locID: 102696733073474084 bcsId: 0,size=1048576]} | ret=SUCCESS |  
2019-08-28 21:29:47,405 | INFO  | DNAudit | user=null | ip=null | op=WRITE_CHUNK {blockData=conID: 3 locID: 102696733073474084 bcsId: 0} | ret=SUCCESS |  
2019-08-28 21:29:47,405 [grpc-default-executor-2] INFO  client.GrpcClientProtocolClient (GrpcClientProtocolClient.java:onNext(255)) - client-05DA20D107F8->b461a7b0-028a-4eb5-b268-b89ac225aff8: receive RaftClientReply:client-05DA20D107F8->b461a7b0-028a-4eb5-b268-b89ac225aff8@group-0C8C0AA7542A, cid=2042, SUCCESS, logIndex=3001, commits[b461a7b0-028a-4eb5-b268-b89ac225aff8:c3004, b6ff45f5-67b8-463b-a273-c2e7d9dadd75:c3000, 6a5cb75f-f7eb-4671-9a85-3b6f7898f6cc:c3000]
2019-08-28 21:29:47,405 | INFO  | DNAudit | user=null | ip=null | op=PUT_BLOCK {blockData=[blockId=conID: 3 locID: 102696733073474084 bcsId: 0,size=2097152]} | ret=SUCCESS |  
2019-08-28 21:29:47,405 | INFO  | DNAudit | user=null | ip=null | op=WRITE_CHUNK {blockData=conID: 3 locID: 102696733073474084 bcsId: 0} | ret=SUCCESS |  
2019-08-28 21:29:47,406 | INFO  | DNAudit | user=null | ip=null | op=PUT_BLOCK {blockData=[blockId=conID: 3 locID: 102696733073474084 bcsId: 0,size=1048576]} | ret=SUCCESS |  
2019-08-28 21:29:47,406 [grpc-default-executor-2] INFO  client.GrpcClientProtocolClient (GrpcClientProtocolClient.java:onNext(255)) - client-05DA20D107F8->b461a7b0-028a-4eb5-b268-b89ac225aff8: receive RaftClientReply:client-05DA20D107F8->b461a7b0-028a-4eb5-b268-b89ac225aff8@group-0C8C0AA7542A, cid=2043, SUCCESS, logIndex=3002, commits[b461a7b0-028a-4eb5-b268-b89ac225aff8:c3004, b6ff45f5-67b8-463b-a273-c2e7d9dadd75:c3000, 6a5cb75f-f7eb-4671-9a85-3b6f7898f6cc:c3000]
2019-08-28 21:29:47,406 [grpc-default-executor-2] INFO  client.GrpcClientProtocolClient (GrpcClientProtocolClient.java:onNext(255)) - client-05DA20D107F8->b461a7b0-028a-4eb5-b268-b89ac225aff8: receive RaftClientReply:client-05DA20D107F8->b461a7b0-028a-4eb5-b268-b89ac225aff8@group-0C8C0AA7542A, cid=2044, SUCCESS, logIndex=3003, commits[b461a7b0-028a-4eb5-b268-b89ac225aff8:c3004, b6ff45f5-67b8-463b-a273-c2e7d9dadd75:c3000, 6a5cb75f-f7eb-4671-9a85-3b6f7898f6cc:c3000]
2019-08-28 21:29:47,406 | INFO  | DNAudit | user=null | ip=null | op=WRITE_CHUNK {blockData=conID: 3 locID: 102696733073474084 bcsId: 0} | ret=SUCCESS |  
2019-08-28 21:29:47,406 [grpc-default-executor-2] INFO  client.GrpcClientProtocolClient (GrpcClientProtocolClient.java:onNext(255)) - client-05DA20D107F8->b461a7b0-028a-4eb5-b268-b89ac225aff8: receive RaftClientReply:client-05DA20D107F8->b461a7b0-028a-4eb5-b268-b89ac225aff8@group-0C8C0AA7542A, cid=2045, SUCCESS, logIndex=3004, commits[b461a7b0-028a-4eb5-b268-b89ac225aff8:c3004, b6ff45f5-67b8-463b-a273-c2e7d9dadd75:c3000, 6a5cb75f-f7eb-4671-9a85-3b6f7898f6cc:c3002]
2019-08-28 21:29:47,406 | INFO  | DNAudit | user=null | ip=null | op=PUT_BLOCK {blockData=[blockId=conID: 3 locID: 102696733073474084 bcsId: 0,size=1048576]} | ret=SUCCESS |  
2019-08-28 21:29:47,406 | INFO  | DNAudit | user=null | ip=null | op=WRITE_CHUNK {blockData=conID: 3 locID: 102696733073474084 bcsId: 0} | ret=SUCCESS |  
2019-08-28 21:29:47,407 | INFO  | DNAudit | user=null | ip=null | op=PUT_BLOCK {blockData=[blockId=conID: 3 locID: 102696733073474084 bcsId: 0,size=2097152]} | ret=SUCCESS |  
2019-08-28 21:29:47,407 | INFO  | DNAudit | user=null | ip=null | op=WRITE_CHUNK {blockData=conID: 3 locID: 102696733073474084 bcsId: 0} | ret=SUCCESS |  
2019-08-28 21:29:47,407 [grpc-default-executor-2] INFO  client.GrpcClientProtocolClient (GrpcClientProtocolClient.java:onNext(255)) - client-05DA20D107F8->b461a7b0-028a-4eb5-b268-b89ac225aff8: receive RaftClientReply:client-05DA20D107F8->b461a7b0-028a-4eb5-b268-b89ac225aff8@group-0C8C0AA7542A, cid=2046, SUCCESS, logIndex=0, commits[b461a7b0-028a-4eb5-b268-b89ac225aff8:c3005, b6ff45f5-67b8-463b-a273-c2e7d9dadd75:c3002, 6a5cb75f-f7eb-4671-9a85-3b6f7898f6cc:c3002]
2019-08-28 21:29:47,407 | INFO  | DNAudit | user=null | ip=null | op=PUT_BLOCK {blockData=[blockId=conID: 3 locID: 102696733073474084 bcsId: 0,size=2097152]} | ret=SUCCESS |  
2019-08-28 21:29:47,413 | INFO  | DNAudit | user=null | ip=null | op=WRITE_CHUNK {blockData=conID: 3 locID: 102696733073474084 bcsId: 3004} | ret=SUCCESS |  
2019-08-28 21:29:47,415 | INFO  | DNAudit | user=null | ip=null | op=WRITE_CHUNK {blockData=conID: 3 locID: 102696733073474084 bcsId: 3004} | ret=SUCCESS |  
2019-08-28 21:29:47,415 | INFO  | DNAudit | user=null | ip=null | op=WRITE_CHUNK {blockData=conID: 3 locID: 102696733073474084 bcsId: 3004} | ret=SUCCESS |  
2019-08-28 21:29:47,418 | INFO  | DNAudit | user=null | ip=null | op=WRITE_CHUNK {blockData=conID: 3 locID: 102696733073474084 bcsId: 3004} | ret=SUCCESS |  
2019-08-28 21:29:47,418 | INFO  | DNAudit | user=null | ip=null | op=PUT_BLOCK {blockData=[blockId=conID: 3 locID: 102696733073474084 bcsId: 0,size=3145728]} | ret=SUCCESS |  
2019-08-28 21:29:47,418 [grpc-default-executor-3] INFO  client.GrpcClientProtocolClient (GrpcClientProtocolClient.java:onNext(255)) - client-05DA20D107F8->b461a7b0-028a-4eb5-b268-b89ac225aff8: receive RaftClientReply:client-05DA20D107F8->b461a7b0-028a-4eb5-b268-b89ac225aff8@group-0C8C0AA7542A, cid=2047, SUCCESS, logIndex=3009, commits[b461a7b0-028a-4eb5-b268-b89ac225aff8:c3010, b6ff45f5-67b8-463b-a273-c2e7d9dadd75:c3008, 6a5cb75f-f7eb-4671-9a85-3b6f7898f6cc:c3008]
2019-08-28 21:29:47,419 [grpc-default-executor-3] INFO  client.GrpcClientProtocolClient (GrpcClientProtocolClient.java:onNext(255)) - client-05DA20D107F8->b461a7b0-028a-4eb5-b268-b89ac225aff8: receive RaftClientReply:client-05DA20D107F8->b461a7b0-028a-4eb5-b268-b89ac225aff8@group-0C8C0AA7542A, cid=2048, SUCCESS, logIndex=3010, commits[b461a7b0-028a-4eb5-b268-b89ac225aff8:c3010, b6ff45f5-67b8-463b-a273-c2e7d9dadd75:c3008, 6a5cb75f-f7eb-4671-9a85-3b6f7898f6cc:c3008]
2019-08-28 21:29:47,425 | INFO  | DNAudit | user=null | ip=null | op=WRITE_CHUNK {blockData=conID: 3 locID: 102696733073474084 bcsId: 3010} | ret=SUCCESS |  
2019-08-28 21:29:47,427 | INFO  | DNAudit | user=null | ip=null | op=WRITE_CHUNK {blockData=conID: 3 locID: 102696733073474084 bcsId: 3010} | ret=SUCCESS |  
2019-08-28 21:29:47,427 | INFO  | DNAudit | user=null | ip=null | op=WRITE_CHUNK {blockData=conID: 3 locID: 102696733073474084 bcsId: 3010} | ret=SUCCESS |  
2019-08-28 21:29:47,428 | INFO  | DNAudit | user=null | ip=null | op=WRITE_CHUNK {blockData=conID: 3 locID: 102696733073474084 bcsId: 3004} | ret=SUCCESS |  
2019-08-28 21:29:47,428 | INFO  | DNAudit | user=null | ip=null | op=WRITE_CHUNK {blockData=conID: 3 locID: 102696733073474084 bcsId: 3004} | ret=SUCCESS |  
2019-08-28 21:29:47,437 | INFO  | DNAudit | user=null | ip=null | op=PUT_BLOCK {blockData=[blockId=conID: 3 locID: 102696733073474084 bcsId: 0,size=3145728]} | ret=SUCCESS |  
2019-08-28 21:29:47,438 | INFO  | DNAudit | user=null | ip=null | op=WRITE_CHUNK {blockData=conID: 3 locID: 102696733073474084 bcsId: 3010} | ret=SUCCESS |  
2019-08-28 21:29:47,438 | INFO  | DNAudit | user=null | ip=null | op=PUT_BLOCK {blockData=[blockId=conID: 3 locID: 102696733073474084 bcsId: 0,size=3145728]} | ret=SUCCESS |  
2019-08-28 21:29:47,438 | INFO  | DNAudit | user=null | ip=null | op=PUT_BLOCK {blockData=[blockId=conID: 3 locID: 102696733073474084 bcsId: 0,size=4194304]} | ret=SUCCESS |  
2019-08-28 21:29:47,439 [grpc-default-executor-2] INFO  client.GrpcClientProtocolClient (GrpcClientProtocolClient.java:onNext(255)) - client-05DA20D107F8->b461a7b0-028a-4eb5-b268-b89ac225aff8: receive RaftClientReply:client-05DA20D107F8->b461a7b0-028a-4eb5-b268-b89ac225aff8@group-0C8C0AA7542A, cid=2049, SUCCESS, logIndex=3013, commits[b461a7b0-028a-4eb5-b268-b89ac225aff8:c3014, b6ff45f5-67b8-463b-a273-c2e7d9dadd75:c3010, 6a5cb75f-f7eb-4671-9a85-3b6f7898f6cc:c3009]
2019-08-28 21:29:47,439 [grpc-default-executor-2] INFO  client.GrpcClientProtocolClient (GrpcClientProtocolClient.java:onNext(255)) - client-05DA20D107F8->b461a7b0-028a-4eb5-b268-b89ac225aff8: receive RaftClientReply:client-05DA20D107F8->b461a7b0-028a-4eb5-b268-b89ac225aff8@group-0C8C0AA7542A, cid=2050, SUCCESS, logIndex=3014, commits[b461a7b0-028a-4eb5-b268-b89ac225aff8:c3014, b6ff45f5-67b8-463b-a273-c2e7d9dadd75:c3010, 6a5cb75f-f7eb-4671-9a85-3b6f7898f6cc:c3010]
2019-08-28 21:29:47,447 | INFO  | DNAudit | user=null | ip=null | op=WRITE_CHUNK {blockData=conID: 3 locID: 102696733073474084 bcsId: 3010} | ret=SUCCESS |  
2019-08-28 21:29:47,448 | INFO  | DNAudit | user=null | ip=null | op=PUT_BLOCK {blockData=[blockId=conID: 3 locID: 102696733073474084 bcsId: 0,size=4194304]} | ret=SUCCESS |  
2019-08-28 21:29:47,448 [grpc-default-executor-6] INFO  client.GrpcClientProtocolClient (GrpcClientProtocolClient.java:onNext(255)) - client-05DA20D107F8->b461a7b0-028a-4eb5-b268-b89ac225aff8: receive RaftClientReply:client-05DA20D107F8->b461a7b0-028a-4eb5-b268-b89ac225aff8@group-0C8C0AA7542A, cid=2051, SUCCESS, logIndex=0, commits[b461a7b0-028a-4eb5-b268-b89ac225aff8:c3015, b6ff45f5-67b8-463b-a273-c2e7d9dadd75:c3014, 6a5cb75f-f7eb-4671-9a85-3b6f7898f6cc:c3014]
2019-08-28 21:29:47,452 | INFO  | SCMAudit | user=jenkins1000 | ip=127.0.0.1 | op=ALLOCATE_BLOCK {owner=a0140aad-a474-4492-a39d-25bd6167d9f0, size=4194304, type=RATIS, factor=THREE} | ret=SUCCESS |  
2019-08-28 21:29:47,455 | INFO  | OMAudit | user=jenkins1000 | ip=127.0.0.1 | op=ALLOCATE_BLOCK {volume=vol-0-08922, bucket=bucket-0-29862, key=key-0-31337, dataSize=0, replicationType=null, replicationFactor=null, keyLocationInfo=null, clientID=102696731548516754} | ret=SUCCESS |  
2019-08-28 21:29:47,455 | INFO  | DNAudit | user=null | ip=null | op=WRITE_CHUNK {blockData=conID: 3 locID: 102696733073474084 bcsId: 3010} | ret=SUCCESS |  
2019-08-28 21:29:47,455 | INFO  | DNAudit | user=null | ip=null | op=PUT_BLOCK {blockData=[blockId=conID: 3 locID: 102696733073474084 bcsId: 0,size=4194304]} | ret=SUCCESS |  
2019-08-28 21:29:47,460 | INFO  | DNAudit | user=null | ip=null | op=WRITE_CHUNK {blockData=conID: 1 locID: 102696733078454821 bcsId: 0} | ret=SUCCESS |  
2019-08-28 21:29:47,463 | INFO  | DNAudit | user=null | ip=null | op=WRITE_CHUNK {blockData=conID: 1 locID: 102696733078454821 bcsId: 0} | ret=SUCCESS |  
2019-08-28 21:29:47,463 | INFO  | DNAudit | user=null | ip=null | op=WRITE_CHUNK {blockData=conID: 1 locID: 102696733078454821 bcsId: 0} | ret=SUCCESS |  
2019-08-28 21:29:47,463 | INFO  | DNAudit | user=null | ip=null | op=WRITE_CHUNK {blockData=conID: 1 locID: 102696733078454821 bcsId: 0} | ret=SUCCESS |  
2019-08-28 21:29:47,465 | INFO  | DNAudit | user=null | ip=null | op=WRITE_CHUNK {blockData=conID: 1 locID: 102696733078454821 bcsId: 0} | ret=SUCCESS |  
2019-08-28 21:29:47,465 | INFO  | DNAudit | user=null | ip=null | op=WRITE_CHUNK {blockData=conID: 1 locID: 102696733078454821 bcsId: 0} | ret=SUCCESS |  
2019-08-28 21:29:47,466 | INFO  | DNAudit | user=null | ip=null | op=WRITE_CHUNK {blockData=conID: 1 locID: 102696733078454821 bcsId: 0} | ret=SUCCESS |  
2019-08-28 21:29:47,466 | INFO  | DNAudit | user=null | ip=null | op=PUT_BLOCK {blockData=[blockId=conID: 1 locID: 102696733078454821 bcsId: 0,size=1048576]} | ret=SUCCESS |  
2019-08-28 21:29:47,466 [grpc-default-executor-6] INFO  client.GrpcClientProtocolClient (GrpcClientProtocolClient.java:onNext(255)) - client-05DA20D107F8->b461a7b0-028a-4eb5-b268-b89ac225aff8: receive RaftClientReply:client-05DA20D107F8->b461a7b0-028a-4eb5-b268-b89ac225aff8@group-0C8C0AA7542A, cid=2052, SUCCESS, logIndex=3017, commits[b461a7b0-028a-4eb5-b268-b89ac225aff8:c3018, b6ff45f5-67b8-463b-a273-c2e7d9dadd75:c3014, 6a5cb75f-f7eb-4671-9a85-3b6f7898f6cc:c3016]
2019-08-28 21:29:47,467 | INFO  | DNAudit | user=null | ip=null | op=WRITE_CHUNK {blockData=conID: 1 locID: 102696733078454821 bcsId: 0} | ret=SUCCESS |  
2019-08-28 21:29:47,467 [grpc-default-executor-6] INFO  client.GrpcClientProtocolClient (GrpcClientProtocolClient.java:onNext(255)) - client-05DA20D107F8->b461a7b0-028a-4eb5-b268-b89ac225aff8: receive RaftClientReply:client-05DA20D107F8->b461a7b0-028a-4eb5-b268-b89ac225aff8@group-0C8C0AA7542A, cid=2053, SUCCESS, logIndex=3018, commits[b461a7b0-028a-4eb5-b268-b89ac225aff8:c3018, b6ff45f5-67b8-463b-a273-c2e7d9dadd75:c3014, 6a5cb75f-f7eb-4671-9a85-3b6f7898f6cc:c3016]
2019-08-28 21:29:47,467 | INFO  | DNAudit | user=null | ip=null | op=PUT_BLOCK {blockData=[blockId=conID: 1 locID: 102696733078454821 bcsId: 0,size=2097152]} | ret=SUCCESS |  
2019-08-28 21:29:47,468 [grpc-default-executor-6] INFO  client.GrpcClientProtocolClient (GrpcClientProtocolClient.java:onNext(255)) - client-05DA20D107F8->b461a7b0-028a-4eb5-b268-b89ac225aff8: receive RaftClientReply:client-05DA20D107F8->b461a7b0-028a-4eb5-b268-b89ac225aff8@group-0C8C0AA7542A, cid=2054, SUCCESS, logIndex=3019, commits[b461a7b0-028a-4eb5-b268-b89ac225aff8:c3020, b6ff45f5-67b8-463b-a273-c2e7d9dadd75:c3016, 6a5cb75f-f7eb-4671-9a85-3b6f7898f6cc:c3016]
2019-08-28 21:29:47,468 | INFO  | DNAudit | user=null | ip=null | op=WRITE_CHUNK {blockData=conID: 1 locID: 102696733078454821 bcsId: 0} | ret=SUCCESS |  
2019-08-28 21:29:47,468 | INFO  | DNAudit | user=null | ip=null | op=PUT_BLOCK {blockData=[blockId=conID: 1 locID: 102696733078454821 bcsId: 0,size=1048576]} | ret=SUCCESS |  
2019-08-28 21:29:47,468 [grpc-default-executor-6] INFO  client.GrpcClientProtocolClient (GrpcClientProtocolClient.java:onNext(255)) - client-05DA20D107F8->b461a7b0-028a-4eb5-b268-b89ac225aff8: receive RaftClientReply:client-05DA20D107F8->b461a7b0-028a-4eb5-b268-b89ac225aff8@group-0C8C0AA7542A, cid=2055, SUCCESS, logIndex=3020, commits[b461a7b0-028a-4eb5-b268-b89ac225aff8:c3020, b6ff45f5-67b8-463b-a273-c2e7d9dadd75:c3016, 6a5cb75f-f7eb-4671-9a85-3b6f7898f6cc:c3016]
2019-08-28 21:29:47,470 | INFO  | DNAudit | user=null | ip=null | op=WRITE_CHUNK {blockData=conID: 1 locID: 102696733078454821 bcsId: 0} | ret=SUCCESS |  
2019-08-28 21:29:47,470 | INFO  | DNAudit | user=null | ip=null | op=PUT_BLOCK {blockData=[blockId=conID: 1 locID: 102696733078454821 bcsId: 0,size=1048576]} | ret=SUCCESS |  
2019-08-28 21:29:47,470 [grpc-default-executor-6] INFO  client.GrpcClientProtocolClient (GrpcClientProtocolClient.java:onNext(255)) - client-05DA20D107F8->b461a7b0-028a-4eb5-b268-b89ac225aff8: receive RaftClientReply:client-05DA20D107F8->b461a7b0-028a-4eb5-b268-b89ac225aff8@group-0C8C0AA7542A, cid=2056, SUCCESS, logIndex=0, commits[b461a7b0-028a-4eb5-b268-b89ac225aff8:c3022, b6ff45f5-67b8-463b-a273-c2e7d9dadd75:c3018, 6a5cb75f-f7eb-4671-9a85-3b6f7898f6cc:c3018]
2019-08-28 21:29:47,476 | INFO  | DNAudit | user=null | ip=null | op=WRITE_CHUNK {blockData=conID: 1 locID: 102696733078454821 bcsId: 3020} | ret=SUCCESS |  
2019-08-28 21:29:47,478 | INFO  | DNAudit | user=null | ip=null | op=WRITE_CHUNK {blockData=conID: 1 locID: 102696733078454821 bcsId: 3020} | ret=SUCCESS |  
2019-08-28 21:29:47,479 | INFO  | DNAudit | user=null | ip=null | op=WRITE_CHUNK {blockData=conID: 1 locID: 102696733078454821 bcsId: 3020} | ret=SUCCESS |  
2019-08-28 21:29:47,480 | INFO  | DNAudit | user=null | ip=null | op=WRITE_CHUNK {blockData=conID: 1 locID: 102696733078454821 bcsId: 0} | ret=SUCCESS |  
2019-08-28 21:29:47,480 | INFO  | DNAudit | user=null | ip=null | op=PUT_BLOCK {blockData=[blockId=conID: 1 locID: 102696733078454821 bcsId: 0,size=2097152]} | ret=SUCCESS |  
2019-08-28 21:29:47,481 | INFO  | DNAudit | user=null | ip=null | op=WRITE_CHUNK {blockData=conID: 1 locID: 102696733078454821 bcsId: 0} | ret=SUCCESS |  
2019-08-28 21:29:47,481 | INFO  | DNAudit | user=null | ip=null | op=PUT_BLOCK {blockData=[blockId=conID: 1 locID: 102696733078454821 bcsId: 0,size=2097152]} | ret=SUCCESS |  
2019-08-28 21:29:47,485 | INFO  | DNAudit | user=null | ip=null | op=WRITE_CHUNK {blockData=conID: 1 locID: 102696733078454821 bcsId: 3020} | ret=SUCCESS |  
2019-08-28 21:29:47,485 | INFO  | DNAudit | user=null | ip=null | op=PUT_BLOCK {blockData=[blockId=conID: 1 locID: 102696733078454821 bcsId: 0,size=3145728]} | ret=SUCCESS |  
2019-08-28 21:29:47,486 [grpc-default-executor-3] INFO  client.GrpcClientProtocolClient (GrpcClientProtocolClient.java:onNext(255)) - client-05DA20D107F8->b461a7b0-028a-4eb5-b268-b89ac225aff8: receive RaftClientReply:client-05DA20D107F8->b461a7b0-028a-4eb5-b268-b89ac225aff8@group-0C8C0AA7542A, cid=2057, SUCCESS, logIndex=3025, commits[b461a7b0-028a-4eb5-b268-b89ac225aff8:c3026, b6ff45f5-67b8-463b-a273-c2e7d9dadd75:c3022, 6a5cb75f-f7eb-4671-9a85-3b6f7898f6cc:c3020]
2019-08-28 21:29:47,486 [grpc-default-executor-3] INFO  client.GrpcClientProtocolClient (GrpcClientProtocolClient.java:onNext(255)) - client-05DA20D107F8->b461a7b0-028a-4eb5-b268-b89ac225aff8: receive RaftClientReply:client-05DA20D107F8->b461a7b0-028a-4eb5-b268-b89ac225aff8@group-0C8C0AA7542A, cid=2058, SUCCESS, logIndex=3026, commits[b461a7b0-028a-4eb5-b268-b89ac225aff8:c3026, b6ff45f5-67b8-463b-a273-c2e7d9dadd75:c3022, 6a5cb75f-f7eb-4671-9a85-3b6f7898f6cc:c3022]
2019-08-28 21:29:47,491 | INFO  | DNAudit | user=null | ip=null | op=WRITE_CHUNK {blockData=conID: 1 locID: 102696733078454821 bcsId: 3026} | ret=SUCCESS |  
2019-08-28 21:29:47,493 | INFO  | DNAudit | user=null | ip=null | op=WRITE_CHUNK {blockData=conID: 1 locID: 102696733078454821 bcsId: 3020} | ret=SUCCESS |  
2019-08-28 21:29:47,493 | INFO  | DNAudit | user=null | ip=null | op=WRITE_CHUNK {blockData=conID: 1 locID: 102696733078454821 bcsId: 3020} | ret=SUCCESS |  
2019-08-28 21:29:47,493 | INFO  | DNAudit | user=null | ip=null | op=PUT_BLOCK {blockData=[blockId=conID: 1 locID: 102696733078454821 bcsId: 0,size=3145728]} | ret=SUCCESS |  
2019-08-28 21:29:47,493 | INFO  | DNAudit | user=null | ip=null | op=PUT_BLOCK {blockData=[blockId=conID: 1 locID: 102696733078454821 bcsId: 0,size=3145728]} | ret=SUCCESS |  
2019-08-28 21:29:47,494 | INFO  | DNAudit | user=null | ip=null | op=WRITE_CHUNK {blockData=conID: 1 locID: 102696733078454821 bcsId: 3026} | ret=SUCCESS |  
2019-08-28 21:29:47,494 | INFO  | DNAudit | user=null | ip=null | op=WRITE_CHUNK {blockData=conID: 1 locID: 102696733078454821 bcsId: 3026} | ret=SUCCESS |  
2019-08-28 21:29:47,500 | INFO  | SCMAudit | user=jenkins1000 | ip=192.168.36.107 | op=SEND_HEARTBEAT {datanodeUUID=af4986ea-80d8-4c92-96d2-2b3929a4248a, command=[]} | ret=SUCCESS |  
2019-08-28 21:29:47,500 | INFO  | SCMAudit | user=jenkins1000 | ip=192.168.36.107 | op=SEND_HEARTBEAT {datanodeUUID=68f89a68-6a96-4cde-8528-8617611d459d, command=[]} | ret=SUCCESS |  
2019-08-28 21:29:47,506 | INFO  | DNAudit | user=null | ip=null | op=WRITE_CHUNK {blockData=conID: 1 locID: 102696733078454821 bcsId: 3026} | ret=SUCCESS |  
2019-08-28 21:29:47,507 | INFO  | DNAudit | user=null | ip=null | op=PUT_BLOCK {blockData=[blockId=conID: 1 locID: 102696733078454821 bcsId: 0,size=4194304]} | ret=SUCCESS |  
2019-08-28 21:29:47,507 [grpc-default-executor-3] INFO  client.GrpcClientProtocolClient (GrpcClientProtocolClient.java:onNext(255)) - client-05DA20D107F8->b461a7b0-028a-4eb5-b268-b89ac225aff8: receive RaftClientReply:client-05DA20D107F8->b461a7b0-028a-4eb5-b268-b89ac225aff8@group-0C8C0AA7542A, cid=2059, SUCCESS, logIndex=3028, commits[b461a7b0-028a-4eb5-b268-b89ac225aff8:c3029, b6ff45f5-67b8-463b-a273-c2e7d9dadd75:c3026, 6a5cb75f-f7eb-4671-9a85-3b6f7898f6cc:c3026]
2019-08-28 21:29:47,507 [grpc-default-executor-3] INFO  client.GrpcClientProtocolClient (GrpcClientProtocolClient.java:onNext(255)) - client-05DA20D107F8->b461a7b0-028a-4eb5-b268-b89ac225aff8: receive RaftClientReply:client-05DA20D107F8->b461a7b0-028a-4eb5-b268-b89ac225aff8@group-0C8C0AA7542A, cid=2060, SUCCESS, logIndex=3029, commits[b461a7b0-028a-4eb5-b268-b89ac225aff8:c3029, b6ff45f5-67b8-463b-a273-c2e7d9dadd75:c3026, 6a5cb75f-f7eb-4671-9a85-3b6f7898f6cc:c3026]
2019-08-28 21:29:47,519 | INFO  | DNAudit | user=null | ip=null | op=WRITE_CHUNK {blockData=conID: 1 locID: 102696733078454821 bcsId: 3026} | ret=SUCCESS |  
2019-08-28 21:29:47,519 | INFO  | DNAudit | user=null | ip=null | op=WRITE_CHUNK {blockData=conID: 1 locID: 102696733078454821 bcsId: 3026} | ret=SUCCESS |  
2019-08-28 21:29:47,519 | INFO  | DNAudit | user=null | ip=null | op=PUT_BLOCK {blockData=[blockId=conID: 1 locID: 102696733078454821 bcsId: 0,size=4194304]} | ret=SUCCESS |  
2019-08-28 21:29:47,522 | INFO  | DNAudit | user=null | ip=null | op=PUT_BLOCK {blockData=[blockId=conID: 1 locID: 102696733078454821 bcsId: 0,size=4194304]} | ret=SUCCESS |  
2019-08-28 21:29:47,522 [grpc-default-executor-6] INFO  client.GrpcClientProtocolClient (GrpcClientProtocolClient.java:onNext(255)) - client-05DA20D107F8->b461a7b0-028a-4eb5-b268-b89ac225aff8: receive RaftClientReply:client-05DA20D107F8->b461a7b0-028a-4eb5-b268-b89ac225aff8@group-0C8C0AA7542A, cid=2061, SUCCESS, logIndex=0, commits[b461a7b0-028a-4eb5-b268-b89ac225aff8:c3030, b6ff45f5-67b8-463b-a273-c2e7d9dadd75:c3029, 6a5cb75f-f7eb-4671-9a85-3b6f7898f6cc:c3029]
2019-08-28 21:29:47,526 | INFO  | SCMAudit | user=jenkins1000 | ip=127.0.0.1 | op=ALLOCATE_BLOCK {owner=a0140aad-a474-4492-a39d-25bd6167d9f0, size=4194304, type=RATIS, factor=THREE} | ret=SUCCESS |  
2019-08-28 21:29:47,528 | INFO  | OMAudit | user=jenkins1000 | ip=127.0.0.1 | op=ALLOCATE_BLOCK {volume=vol-0-08922, bucket=bucket-0-29862, key=key-0-31337, dataSize=0, replicationType=null, replicationFactor=null, keyLocationInfo=null, clientID=102696731548516754} | ret=SUCCESS |  
2019-08-28 21:29:47,534 | INFO  | DNAudit | user=null | ip=null | op=WRITE_CHUNK {blockData=conID: 2 locID: 102696733083304486 bcsId: 0} | ret=SUCCESS |  
2019-08-28 21:29:47,535 | INFO  | DNAudit | user=null | ip=null | op=WRITE_CHUNK {blockData=conID: 2 locID: 102696733083304486 bcsId: 0} | ret=SUCCESS |  
2019-08-28 21:29:47,536 | INFO  | DNAudit | user=null | ip=null | op=WRITE_CHUNK {blockData=conID: 2 locID: 102696733083304486 bcsId: 0} | ret=SUCCESS |  
2019-08-28 21:29:47,536 | INFO  | DNAudit | user=null | ip=null | op=WRITE_CHUNK {blockData=conID: 2 locID: 102696733083304486 bcsId: 0} | ret=SUCCESS |  
2019-08-28 21:29:47,538 | INFO  | DNAudit | user=null | ip=null | op=WRITE_CHUNK {blockData=conID: 2 locID: 102696733083304486 bcsId: 0} | ret=SUCCESS |  
2019-08-28 21:29:47,538 | INFO  | DNAudit | user=null | ip=null | op=WRITE_CHUNK {blockData=conID: 2 locID: 102696733083304486 bcsId: 0} | ret=SUCCESS |  
2019-08-28 21:29:47,565 | INFO  | DNAudit | user=null | ip=null | op=WRITE_CHUNK {blockData=conID: 2 locID: 102696733083304486 bcsId: 0} | ret=SUCCESS |  
2019-08-28 21:29:47,565 | INFO  | DNAudit | user=null | ip=null | op=PUT_BLOCK {blockData=[blockId=conID: 2 locID: 102696733083304486 bcsId: 0,size=1048576]} | ret=SUCCESS |  
2019-08-28 21:29:47,566 [grpc-default-executor-6] INFO  client.GrpcClientProtocolClient (GrpcClientProtocolClient.java:onNext(255)) - client-05DA20D107F8->b461a7b0-028a-4eb5-b268-b89ac225aff8: receive RaftClientReply:client-05DA20D107F8->b461a7b0-028a-4eb5-b268-b89ac225aff8@group-0C8C0AA7542A, cid=2062, SUCCESS, logIndex=3032, commits[b461a7b0-028a-4eb5-b268-b89ac225aff8:c3033, b6ff45f5-67b8-463b-a273-c2e7d9dadd75:c3031, 6a5cb75f-f7eb-4671-9a85-3b6f7898f6cc:c3031]
2019-08-28 21:29:47,566 [grpc-default-executor-6] INFO  client.GrpcClientProtocolClient (GrpcClientProtocolClient.java:onNext(255)) - client-05DA20D107F8->b461a7b0-028a-4eb5-b268-b89ac225aff8: receive RaftClientReply:client-05DA20D107F8->b461a7b0-028a-4eb5-b268-b89ac225aff8@group-0C8C0AA7542A, cid=2063, SUCCESS, logIndex=3033, commits[b461a7b0-028a-4eb5-b268-b89ac225aff8:c3033, b6ff45f5-67b8-463b-a273-c2e7d9dadd75:c3031, 6a5cb75f-f7eb-4671-9a85-3b6f7898f6cc:c3031]
2019-08-28 21:29:47,584 | INFO  | DNAudit | user=null | ip=null | op=WRITE_CHUNK {blockData=conID: 2 locID: 102696733083304486 bcsId: 0} | ret=SUCCESS |  
2019-08-28 21:29:47,584 | INFO  | DNAudit | user=null | ip=null | op=WRITE_CHUNK {blockData=conID: 2 locID: 102696733083304486 bcsId: 0} | ret=SUCCESS |  
2019-08-28 21:29:47,585 | INFO  | DNAudit | user=null | ip=null | op=PUT_BLOCK {blockData=[blockId=conID: 2 locID: 102696733083304486 bcsId: 0,size=1048576]} | ret=SUCCESS |  
2019-08-28 21:29:47,585 | INFO  | DNAudit | user=null | ip=null | op=PUT_BLOCK {blockData=[blockId=conID: 2 locID: 102696733083304486 bcsId: 0,size=2097152]} | ret=SUCCESS |  
2019-08-28 21:29:47,585 | INFO  | DNAudit | user=null | ip=null | op=WRITE_CHUNK {blockData=conID: 2 locID: 102696733083304486 bcsId: 0} | ret=SUCCESS |  
2019-08-28 21:29:47,585 [grpc-default-executor-6] INFO  client.GrpcClientProtocolClient (GrpcClientProtocolClient.java:onNext(255)) - client-05DA20D107F8->b461a7b0-028a-4eb5-b268-b89ac225aff8: receive RaftClientReply:client-05DA20D107F8->b461a7b0-028a-4eb5-b268-b89ac225aff8@group-0C8C0AA7542A, cid=2064, SUCCESS, logIndex=3034, commits[b461a7b0-028a-4eb5-b268-b89ac225aff8:c3035, b6ff45f5-67b8-463b-a273-c2e7d9dadd75:c3031, 6a5cb75f-f7eb-4671-9a85-3b6f7898f6cc:c3031]
2019-08-28 21:29:47,585 | INFO  | DNAudit | user=null | ip=null | op=PUT_BLOCK {blockData=[blockId=conID: 2 locID: 102696733083304486 bcsId: 0,size=1048576]} | ret=SUCCESS |  
2019-08-28 21:29:47,585 [grpc-default-executor-6] INFO  client.GrpcClientProtocolClient (GrpcClientProtocolClient.java:onNext(255)) - client-05DA20D107F8->b461a7b0-028a-4eb5-b268-b89ac225aff8: receive RaftClientReply:client-05DA20D107F8->b461a7b0-028a-4eb5-b268-b89ac225aff8@group-0C8C0AA7542A, cid=2065, SUCCESS, logIndex=3035, commits[b461a7b0-028a-4eb5-b268-b89ac225aff8:c3035, b6ff45f5-67b8-463b-a273-c2e7d9dadd75:c3033, 6a5cb75f-f7eb-4671-9a85-3b6f7898f6cc:c3033]
2019-08-28 21:29:47,592 | INFO  | DNAudit | user=null | ip=null | op=WRITE_CHUNK {blockData=conID: 2 locID: 102696733083304486 bcsId: 3035} | ret=SUCCESS |  
2019-08-28 21:29:47,595 | INFO  | DNAudit | user=null | ip=null | op=WRITE_CHUNK {blockData=conID: 2 locID: 102696733083304486 bcsId: 3035} | ret=SUCCESS |  
2019-08-28 21:29:47,595 | INFO  | DNAudit | user=null | ip=null | op=WRITE_CHUNK {blockData=conID: 2 locID: 102696733083304486 bcsId: 3035} | ret=SUCCESS |  
2019-08-28 21:29:47,608 | INFO  | DNAudit | user=null | ip=null | op=WRITE_CHUNK {blockData=conID: 2 locID: 102696733083304486 bcsId: 0} | ret=SUCCESS |  
2019-08-28 21:29:47,608 | INFO  | DNAudit | user=null | ip=null | op=WRITE_CHUNK {blockData=conID: 2 locID: 102696733083304486 bcsId: 0} | ret=SUCCESS |  
2019-08-28 21:29:47,608 | INFO  | DNAudit | user=null | ip=null | op=PUT_BLOCK {blockData=[blockId=conID: 2 locID: 102696733083304486 bcsId: 0,size=2097152]} | ret=SUCCESS |  
2019-08-28 21:29:47,608 | INFO  | DNAudit | user=null | ip=null | op=PUT_BLOCK {blockData=[blockId=conID: 2 locID: 102696733083304486 bcsId: 0,size=2097152]} | ret=SUCCESS |  
2019-08-28 21:29:47,609 | INFO  | DNAudit | user=null | ip=null | op=WRITE_CHUNK {blockData=conID: 2 locID: 102696733083304486 bcsId: 3035} | ret=SUCCESS |  
2019-08-28 21:29:47,609 | INFO  | DNAudit | user=null | ip=null | op=PUT_BLOCK {blockData=[blockId=conID: 2 locID: 102696733083304486 bcsId: 0,size=3145728]} | ret=SUCCESS |  
2019-08-28 21:29:47,609 [grpc-default-executor-2] INFO  client.GrpcClientProtocolClient (GrpcClientProtocolClient.java:onNext(255)) - client-05DA20D107F8->b461a7b0-028a-4eb5-b268-b89ac225aff8: receive RaftClientReply:client-05DA20D107F8->b461a7b0-028a-4eb5-b268-b89ac225aff8@group-0C8C0AA7542A, cid=2066, SUCCESS, logIndex=3040, commits[b461a7b0-028a-4eb5-b268-b89ac225aff8:c3041, b6ff45f5-67b8-463b-a273-c2e7d9dadd75:c3039, 6a5cb75f-f7eb-4671-9a85-3b6f7898f6cc:c3039]
2019-08-28 21:29:47,609 [grpc-default-executor-2] INFO  client.GrpcClientProtocolClient (GrpcClientProtocolClient.java:onNext(255)) - client-05DA20D107F8->b461a7b0-028a-4eb5-b268-b89ac225aff8: receive RaftClientReply:client-05DA20D107F8->b461a7b0-028a-4eb5-b268-b89ac225aff8@group-0C8C0AA7542A, cid=2067, SUCCESS, logIndex=3041, commits[b461a7b0-028a-4eb5-b268-b89ac225aff8:c3041, b6ff45f5-67b8-463b-a273-c2e7d9dadd75:c3039, 6a5cb75f-f7eb-4671-9a85-3b6f7898f6cc:c3039]
2019-08-28 21:29:47,616 | INFO  | DNAudit | user=null | ip=null | op=WRITE_CHUNK {blockData=conID: 2 locID: 102696733083304486 bcsId: 3041} | ret=SUCCESS |  
2019-08-28 21:29:47,616 | INFO  | DNAudit | user=null | ip=null | op=WRITE_CHUNK {blockData=conID: 2 locID: 102696733083304486 bcsId: 3035} | ret=SUCCESS |  
2019-08-28 21:29:47,616 | INFO  | DNAudit | user=null | ip=null | op=WRITE_CHUNK {blockData=conID: 2 locID: 102696733083304486 bcsId: 3035} | ret=SUCCESS |  
2019-08-28 21:29:47,616 | INFO  | DNAudit | user=null | ip=null | op=PUT_BLOCK {blockData=[blockId=conID: 2 locID: 102696733083304486 bcsId: 0,size=3145728]} | ret=SUCCESS |  
2019-08-28 21:29:47,617 | INFO  | DNAudit | user=null | ip=null | op=PUT_BLOCK {blockData=[blockId=conID: 2 locID: 102696733083304486 bcsId: 0,size=3145728]} | ret=SUCCESS |  
2019-08-28 21:29:47,618 | INFO  | DNAudit | user=null | ip=null | op=WRITE_CHUNK {blockData=conID: 2 locID: 102696733083304486 bcsId: 3041} | ret=SUCCESS |  
2019-08-28 21:29:47,624 | INFO  | DNAudit | user=null | ip=null | op=WRITE_CHUNK {blockData=conID: 2 locID: 102696733083304486 bcsId: 3041} | ret=SUCCESS |  
2019-08-28 21:29:47,628 | INFO  | DNAudit | user=null | ip=null | op=WRITE_CHUNK {blockData=conID: 2 locID: 102696733083304486 bcsId: 3041} | ret=SUCCESS |  
2019-08-28 21:29:47,628 | INFO  | DNAudit | user=null | ip=null | op=PUT_BLOCK {blockData=[blockId=conID: 2 locID: 102696733083304486 bcsId: 0,size=4194304]} | ret=SUCCESS |  
2019-08-28 21:29:47,628 [grpc-default-executor-2] INFO  client.GrpcClientProtocolClient (GrpcClientProtocolClient.java:onNext(255)) - client-05DA20D107F8->b461a7b0-028a-4eb5-b268-b89ac225aff8: receive RaftClientReply:client-05DA20D107F8->b461a7b0-028a-4eb5-b268-b89ac225aff8@group-0C8C0AA7542A, cid=2068, SUCCESS, logIndex=3044, commits[b461a7b0-028a-4eb5-b268-b89ac225aff8:c3045, b6ff45f5-67b8-463b-a273-c2e7d9dadd75:c3041, 6a5cb75f-f7eb-4671-9a85-3b6f7898f6cc:c3041]
2019-08-28 21:29:47,629 [grpc-default-executor-2] INFO  client.GrpcClientProtocolClient (GrpcClientProtocolClient.java:onNext(255)) - client-05DA20D107F8->b461a7b0-028a-4eb5-b268-b89ac225aff8: receive RaftClientReply:client-05DA20D107F8->b461a7b0-028a-4eb5-b268-b89ac225aff8@group-0C8C0AA7542A, cid=2069, SUCCESS, logIndex=3045, commits[b461a7b0-028a-4eb5-b268-b89ac225aff8:c3045, b6ff45f5-67b8-463b-a273-c2e7d9dadd75:c3041, 6a5cb75f-f7eb-4671-9a85-3b6f7898f6cc:c3041]
2019-08-28 21:29:47,630 | INFO  | DNAudit | user=null | ip=null | op=WRITE_CHUNK {blockData=conID: 2 locID: 102696733083304486 bcsId: 3041} | ret=SUCCESS |  
2019-08-28 21:29:47,641 | INFO  | DNAudit | user=null | ip=null | op=WRITE_CHUNK {blockData=conID: 2 locID: 102696733083304486 bcsId: 3041} | ret=SUCCESS |  
2019-08-28 21:29:47,641 | INFO  | DNAudit | user=null | ip=null | op=PUT_BLOCK {blockData=[blockId=conID: 2 locID: 102696733083304486 bcsId: 0,size=4194304]} | ret=SUCCESS |  
2019-08-28 21:29:47,641 | INFO  | DNAudit | user=null | ip=null | op=PUT_BLOCK {blockData=[blockId=conID: 2 locID: 102696733083304486 bcsId: 0,size=4194304]} | ret=SUCCESS |  
2019-08-28 21:29:47,642 [grpc-default-executor-2] INFO  client.GrpcClientProtocolClient (GrpcClientProtocolClient.java:onNext(255)) - client-05DA20D107F8->b461a7b0-028a-4eb5-b268-b89ac225aff8: receive RaftClientReply:client-05DA20D107F8->b461a7b0-028a-4eb5-b268-b89ac225aff8@group-0C8C0AA7542A, cid=2070, SUCCESS, logIndex=0, commits[b461a7b0-028a-4eb5-b268-b89ac225aff8:c3047, b6ff45f5-67b8-463b-a273-c2e7d9dadd75:c3045, 6a5cb75f-f7eb-4671-9a85-3b6f7898f6cc:c3045]
2019-08-28 21:29:47,646 | INFO  | SCMAudit | user=jenkins1000 | ip=127.0.0.1 | op=ALLOCATE_BLOCK {owner=a0140aad-a474-4492-a39d-25bd6167d9f0, size=4194304, type=RATIS, factor=THREE} | ret=SUCCESS |  
2019-08-28 21:29:47,649 | INFO  | OMAudit | user=jenkins1000 | ip=127.0.0.1 | op=ALLOCATE_BLOCK {volume=vol-0-08922, bucket=bucket-0-29862, key=key-0-31337, dataSize=0, replicationType=null, replicationFactor=null, keyLocationInfo=null, clientID=102696731548516754} | ret=SUCCESS |  
2019-08-28 21:29:47,656 | INFO  | DNAudit | user=null | ip=null | op=WRITE_CHUNK {blockData=conID: 3 locID: 102696733091168807 bcsId: 0} | ret=SUCCESS |  
2019-08-28 21:29:47,658 | INFO  | DNAudit | user=null | ip=null | op=WRITE_CHUNK {blockData=conID: 3 locID: 102696733091168807 bcsId: 0} | ret=SUCCESS |  
2019-08-28 21:29:47,659 | INFO  | DNAudit | user=null | ip=null | op=WRITE_CHUNK {blockData=conID: 3 locID: 102696733091168807 bcsId: 0} | ret=SUCCESS |  
2019-08-28 21:29:47,660 | INFO  | DNAudit | user=null | ip=null | op=WRITE_CHUNK {blockData=conID: 3 locID: 102696733091168807 bcsId: 0} | ret=SUCCESS |  
2019-08-28 21:29:47,661 | INFO  | DNAudit | user=null | ip=null | op=WRITE_CHUNK {blockData=conID: 3 locID: 102696733091168807 bcsId: 0} | ret=SUCCESS |  
2019-08-28 21:29:47,661 | INFO  | DNAudit | user=null | ip=null | op=WRITE_CHUNK {blockData=conID: 3 locID: 102696733091168807 bcsId: 0} | ret=SUCCESS |  
2019-08-28 21:29:47,663 | INFO  | DNAudit | user=null | ip=null | op=WRITE_CHUNK {blockData=conID: 3 locID: 102696733091168807 bcsId: 0} | ret=SUCCESS |  
2019-08-28 21:29:47,663 | INFO  | DNAudit | user=null | ip=null | op=PUT_BLOCK {blockData=[blockId=conID: 3 locID: 102696733091168807 bcsId: 0,size=1048576]} | ret=SUCCESS |  
2019-08-28 21:29:47,663 [grpc-default-executor-2] INFO  client.GrpcClientProtocolClient (GrpcClientProtocolClient.java:onNext(255)) - client-05DA20D107F8->b461a7b0-028a-4eb5-b268-b89ac225aff8: receive RaftClientReply:client-05DA20D107F8->b461a7b0-028a-4eb5-b268-b89ac225aff8@group-0C8C0AA7542A, cid=2071, SUCCESS, logIndex=3048, commits[b461a7b0-028a-4eb5-b268-b89ac225aff8:c3049, b6ff45f5-67b8-463b-a273-c2e7d9dadd75:c3047, 6a5cb75f-f7eb-4671-9a85-3b6f7898f6cc:c3045]
2019-08-28 21:29:47,664 | INFO  | DNAudit | user=null | ip=null | op=WRITE_CHUNK {blockData=conID: 3 locID: 102696733091168807 bcsId: 0} | ret=SUCCESS |  
2019-08-28 21:29:47,664 [grpc-default-executor-5] INFO  client.GrpcClientProtocolClient (GrpcClientProtocolClient.java:onNext(255)) - client-05DA20D107F8->b461a7b0-028a-4eb5-b268-b89ac225aff8: receive RaftClientReply:client-05DA20D107F8->b461a7b0-028a-4eb5-b268-b89ac225aff8@group-0C8C0AA7542A, cid=2072, SUCCESS, logIndex=3049, commits[b461a7b0-028a-4eb5-b268-b89ac225aff8:c3049, b6ff45f5-67b8-463b-a273-c2e7d9dadd75:c3047, 6a5cb75f-f7eb-4671-9a85-3b6f7898f6cc:c3045]
2019-08-28 21:29:47,664 | INFO  | DNAudit | user=null | ip=null | op=PUT_BLOCK {blockData=[blockId=conID: 3 locID: 102696733091168807 bcsId: 0,size=2097152]} | ret=SUCCESS |  
2019-08-28 21:29:47,664 [grpc-default-executor-5] INFO  client.GrpcClientProtocolClient (GrpcClientProtocolClient.java:onNext(255)) - client-05DA20D107F8->b461a7b0-028a-4eb5-b268-b89ac225aff8: receive RaftClientReply:client-05DA20D107F8->b461a7b0-028a-4eb5-b268-b89ac225aff8@group-0C8C0AA7542A, cid=2073, SUCCESS, logIndex=3050, commits[b461a7b0-028a-4eb5-b268-b89ac225aff8:c3050, b6ff45f5-67b8-463b-a273-c2e7d9dadd75:c3047, 6a5cb75f-f7eb-4671-9a85-3b6f7898f6cc:c3047]
2019-08-28 21:29:47,665 [grpc-default-executor-5] INFO  client.GrpcClientProtocolClient (GrpcClientProtocolClient.java:onNext(255)) - client-05DA20D107F8->b461a7b0-028a-4eb5-b268-b89ac225aff8: receive RaftClientReply:client-05DA20D107F8->b461a7b0-028a-4eb5-b268-b89ac225aff8@group-0C8C0AA7542A, cid=2074, SUCCESS, logIndex=3051, commits[b461a7b0-028a-4eb5-b268-b89ac225aff8:c3051, b6ff45f5-67b8-463b-a273-c2e7d9dadd75:c3047, 6a5cb75f-f7eb-4671-9a85-3b6f7898f6cc:c3047]
2019-08-28 21:29:47,665 | INFO  | DNAudit | user=null | ip=null | op=WRITE_CHUNK {blockData=conID: 3 locID: 102696733091168807 bcsId: 0} | ret=SUCCESS |  
2019-08-28 21:29:47,665 | INFO  | DNAudit | user=null | ip=null | op=PUT_BLOCK {blockData=[blockId=conID: 3 locID: 102696733091168807 bcsId: 0,size=1048576]} | ret=SUCCESS |  
2019-08-28 21:29:47,666 | INFO  | DNAudit | user=null | ip=null | op=WRITE_CHUNK {blockData=conID: 3 locID: 102696733091168807 bcsId: 0} | ret=SUCCESS |  
2019-08-28 21:29:47,666 | INFO  | DNAudit | user=null | ip=null | op=WRITE_CHUNK {blockData=conID: 3 locID: 102696733091168807 bcsId: 0} | ret=SUCCESS |  
2019-08-28 21:29:47,666 | INFO  | DNAudit | user=null | ip=null | op=PUT_BLOCK {blockData=[blockId=conID: 3 locID: 102696733091168807 bcsId: 0,size=1048576]} | ret=SUCCESS |  
2019-08-28 21:29:47,667 | INFO  | DNAudit | user=null | ip=null | op=PUT_BLOCK {blockData=[blockId=conID: 3 locID: 102696733091168807 bcsId: 0,size=2097152]} | ret=SUCCESS |  
2019-08-28 21:29:47,667 | INFO  | DNAudit | user=null | ip=null | op=WRITE_CHUNK {blockData=conID: 3 locID: 102696733091168807 bcsId: 0} | ret=SUCCESS |  
2019-08-28 21:29:47,667 [grpc-default-executor-1] INFO  client.GrpcClientProtocolClient (GrpcClientProtocolClient.java:onNext(255)) - client-05DA20D107F8->b461a7b0-028a-4eb5-b268-b89ac225aff8: receive RaftClientReply:client-05DA20D107F8->b461a7b0-028a-4eb5-b268-b89ac225aff8@group-0C8C0AA7542A, cid=2075, SUCCESS, logIndex=0, commits[b461a7b0-028a-4eb5-b268-b89ac225aff8:c3054, b6ff45f5-67b8-463b-a273-c2e7d9dadd75:c3050, 6a5cb75f-f7eb-4671-9a85-3b6f7898f6cc:c3049]
2019-08-28 21:29:47,668 | INFO  | DNAudit | user=null | ip=null | op=PUT_BLOCK {blockData=[blockId=conID: 3 locID: 102696733091168807 bcsId: 0,size=2097152]} | ret=SUCCESS |  
2019-08-28 21:29:47,673 | INFO  | DNAudit | user=null | ip=null | op=WRITE_CHUNK {blockData=conID: 3 locID: 102696733091168807 bcsId: 3051} | ret=SUCCESS |  
2019-08-28 21:29:47,675 | INFO  | DNAudit | user=null | ip=null | op=WRITE_CHUNK {blockData=conID: 3 locID: 102696733091168807 bcsId: 3051} | ret=SUCCESS |  
2019-08-28 21:29:47,676 | INFO  | DNAudit | user=null | ip=null | op=WRITE_CHUNK {blockData=conID: 3 locID: 102696733091168807 bcsId: 3051} | ret=SUCCESS |  
2019-08-28 21:29:47,681 | INFO  | DNAudit | user=null | ip=null | op=WRITE_CHUNK {blockData=conID: 3 locID: 102696733091168807 bcsId: 3051} | ret=SUCCESS |  
2019-08-28 21:29:47,681 | INFO  | DNAudit | user=null | ip=null | op=PUT_BLOCK {blockData=[blockId=conID: 3 locID: 102696733091168807 bcsId: 0,size=3145728]} | ret=SUCCESS |  
2019-08-28 21:29:47,681 [grpc-default-executor-1] INFO  client.GrpcClientProtocolClient (GrpcClientProtocolClient.java:onNext(255)) - client-05DA20D107F8->b461a7b0-028a-4eb5-b268-b89ac225aff8: receive RaftClientReply:client-05DA20D107F8->b461a7b0-028a-4eb5-b268-b89ac225aff8@group-0C8C0AA7542A, cid=2076, SUCCESS, logIndex=3056, commits[b461a7b0-028a-4eb5-b268-b89ac225aff8:c3057, b6ff45f5-67b8-463b-a273-c2e7d9dadd75:c3055, 6a5cb75f-f7eb-4671-9a85-3b6f7898f6cc:c3055]
2019-08-28 21:29:47,682 [grpc-default-executor-1] INFO  client.GrpcClientProtocolClient (GrpcClientProtocolClient.java:onNext(255)) - client-05DA20D107F8->b461a7b0-028a-4eb5-b268-b89ac225aff8: receive RaftClientReply:client-05DA20D107F8->b461a7b0-028a-4eb5-b268-b89ac225aff8@group-0C8C0AA7542A, cid=2077, SUCCESS, logIndex=3057, commits[b461a7b0-028a-4eb5-b268-b89ac225aff8:c3057, b6ff45f5-67b8-463b-a273-c2e7d9dadd75:c3055, 6a5cb75f-f7eb-4671-9a85-3b6f7898f6cc:c3055]
2019-08-28 21:29:47,688 | INFO  | DNAudit | user=null | ip=null | op=WRITE_CHUNK {blockData=conID: 3 locID: 102696733091168807 bcsId: 3057} | ret=SUCCESS |  
2019-08-28 21:29:47,690 | INFO  | DNAudit | user=null | ip=null | op=WRITE_CHUNK {blockData=conID: 3 locID: 102696733091168807 bcsId: 3051} | ret=SUCCESS |  
2019-08-28 21:29:47,690 | INFO  | DNAudit | user=null | ip=null | op=WRITE_CHUNK {blockData=conID: 3 locID: 102696733091168807 bcsId: 3057} | ret=SUCCESS |  
2019-08-28 21:29:47,690 | INFO  | DNAudit | user=null | ip=null | op=WRITE_CHUNK {blockData=conID: 3 locID: 102696733091168807 bcsId: 3057} | ret=SUCCESS |  
2019-08-28 21:29:47,691 | INFO  | DNAudit | user=null | ip=null | op=WRITE_CHUNK {blockData=conID: 3 locID: 102696733091168807 bcsId: 3051} | ret=SUCCESS |  
2019-08-28 21:29:47,703 | INFO  | DNAudit | user=null | ip=null | op=PUT_BLOCK {blockData=[blockId=conID: 3 locID: 102696733091168807 bcsId: 0,size=3145728]} | ret=SUCCESS |  
2019-08-28 21:29:47,704 | INFO  | DNAudit | user=null | ip=null | op=WRITE_CHUNK {blockData=conID: 3 locID: 102696733091168807 bcsId: 3057} | ret=SUCCESS |  
2019-08-28 21:29:47,704 | INFO  | DNAudit | user=null | ip=null | op=PUT_BLOCK {blockData=[blockId=conID: 3 locID: 102696733091168807 bcsId: 0,size=3145728]} | ret=SUCCESS |  
2019-08-28 21:29:47,704 | INFO  | DNAudit | user=null | ip=null | op=PUT_BLOCK {blockData=[blockId=conID: 3 locID: 102696733091168807 bcsId: 0,size=4194304]} | ret=SUCCESS |  
2019-08-28 21:29:47,704 [grpc-default-executor-5] INFO  client.GrpcClientProtocolClient (GrpcClientProtocolClient.java:onNext(255)) - client-05DA20D107F8->b461a7b0-028a-4eb5-b268-b89ac225aff8: receive RaftClientReply:client-05DA20D107F8->b461a7b0-028a-4eb5-b268-b89ac225aff8@group-0C8C0AA7542A, cid=2078, SUCCESS, logIndex=3060, commits[b461a7b0-028a-4eb5-b268-b89ac225aff8:c3061, b6ff45f5-67b8-463b-a273-c2e7d9dadd75:c3057, 6a5cb75f-f7eb-4671-9a85-3b6f7898f6cc:c3057]
2019-08-28 21:29:47,705 [grpc-default-executor-5] INFO  client.GrpcClientProtocolClient (GrpcClientProtocolClient.java:onNext(255)) - client-05DA20D107F8->b461a7b0-028a-4eb5-b268-b89ac225aff8: receive RaftClientReply:client-05DA20D107F8->b461a7b0-028a-4eb5-b268-b89ac225aff8@group-0C8C0AA7542A, cid=2079, SUCCESS, logIndex=3061, commits[b461a7b0-028a-4eb5-b268-b89ac225aff8:c3061, b6ff45f5-67b8-463b-a273-c2e7d9dadd75:c3057, 6a5cb75f-f7eb-4671-9a85-3b6f7898f6cc:c3057]
2019-08-28 21:29:47,713 | INFO  | DNAudit | user=null | ip=null | op=WRITE_CHUNK {blockData=conID: 3 locID: 102696733091168807 bcsId: 3057} | ret=SUCCESS |  
2019-08-28 21:29:47,713 | INFO  | DNAudit | user=null | ip=null | op=WRITE_CHUNK {blockData=conID: 3 locID: 102696733091168807 bcsId: 3057} | ret=SUCCESS |  
2019-08-28 21:29:47,713 | INFO  | DNAudit | user=null | ip=null | op=PUT_BLOCK {blockData=[blockId=conID: 3 locID: 102696733091168807 bcsId: 0,size=4194304]} | ret=SUCCESS |  
2019-08-28 21:29:47,713 | INFO  | DNAudit | user=null | ip=null | op=PUT_BLOCK {blockData=[blockId=conID: 3 locID: 102696733091168807 bcsId: 0,size=4194304]} | ret=SUCCESS |  
2019-08-28 21:29:47,713 [grpc-default-executor-5] INFO  client.GrpcClientProtocolClient (GrpcClientProtocolClient.java:onNext(255)) - client-05DA20D107F8->b461a7b0-028a-4eb5-b268-b89ac225aff8: receive RaftClientReply:client-05DA20D107F8->b461a7b0-028a-4eb5-b268-b89ac225aff8@group-0C8C0AA7542A, cid=2080, SUCCESS, logIndex=0, commits[b461a7b0-028a-4eb5-b268-b89ac225aff8:c3062, b6ff45f5-67b8-463b-a273-c2e7d9dadd75:c3061, 6a5cb75f-f7eb-4671-9a85-3b6f7898f6cc:c3061]
2019-08-28 21:29:47,717 | INFO  | SCMAudit | user=jenkins1000 | ip=127.0.0.1 | op=ALLOCATE_BLOCK {owner=a0140aad-a474-4492-a39d-25bd6167d9f0, size=4194304, type=RATIS, factor=THREE} | ret=SUCCESS |  
2019-08-28 21:29:47,719 | INFO  | OMAudit | user=jenkins1000 | ip=127.0.0.1 | op=ALLOCATE_BLOCK {volume=vol-0-08922, bucket=bucket-0-29862, key=key-0-31337, dataSize=0, replicationType=null, replicationFactor=null, keyLocationInfo=null, clientID=102696731548516754} | ret=SUCCESS |  
2019-08-28 21:29:47,726 | INFO  | DNAudit | user=null | ip=null | op=WRITE_CHUNK {blockData=conID: 1 locID: 102696733095821864 bcsId: 0} | ret=SUCCESS |  
2019-08-28 21:29:47,729 | INFO  | DNAudit | user=null | ip=null | op=WRITE_CHUNK {blockData=conID: 1 locID: 102696733095821864 bcsId: 0} | ret=SUCCESS |  
2019-08-28 21:29:47,729 | INFO  | DNAudit | user=null | ip=null | op=WRITE_CHUNK {blockData=conID: 1 locID: 102696733095821864 bcsId: 0} | ret=SUCCESS |  
2019-08-28 21:29:47,729 | INFO  | DNAudit | user=null | ip=null | op=WRITE_CHUNK {blockData=conID: 1 locID: 102696733095821864 bcsId: 0} | ret=SUCCESS |  
2019-08-28 21:29:47,731 | INFO  | DNAudit | user=null | ip=null | op=WRITE_CHUNK {blockData=conID: 1 locID: 102696733095821864 bcsId: 0} | ret=SUCCESS |  
2019-08-28 21:29:47,731 | INFO  | DNAudit | user=null | ip=null | op=WRITE_CHUNK {blockData=conID: 1 locID: 102696733095821864 bcsId: 0} | ret=SUCCESS |  
2019-08-28 21:29:47,755 | INFO  | DNAudit | user=null | ip=null | op=WRITE_CHUNK {blockData=conID: 1 locID: 102696733095821864 bcsId: 0} | ret=SUCCESS |  
2019-08-28 21:29:47,756 | INFO  | DNAudit | user=null | ip=null | op=PUT_BLOCK {blockData=[blockId=conID: 1 locID: 102696733095821864 bcsId: 0,size=1048576]} | ret=SUCCESS |  
2019-08-28 21:29:47,756 | INFO  | DNAudit | user=null | ip=null | op=WRITE_CHUNK {blockData=conID: 1 locID: 102696733095821864 bcsId: 0} | ret=SUCCESS |  
2019-08-28 21:29:47,756 [grpc-default-executor-3] INFO  client.GrpcClientProtocolClient (GrpcClientProtocolClient.java:onNext(255)) - client-05DA20D107F8->b461a7b0-028a-4eb5-b268-b89ac225aff8: receive RaftClientReply:client-05DA20D107F8->b461a7b0-028a-4eb5-b268-b89ac225aff8@group-0C8C0AA7542A, cid=2081, SUCCESS, logIndex=3064, commits[b461a7b0-028a-4eb5-b268-b89ac225aff8:c3065, b6ff45f5-67b8-463b-a273-c2e7d9dadd75:c3063, 6a5cb75f-f7eb-4671-9a85-3b6f7898f6cc:c3063]
2019-08-28 21:29:47,756 [grpc-default-executor-3] INFO  client.GrpcClientProtocolClient (GrpcClientProtocolClient.java:onNext(255)) - client-05DA20D107F8->b461a7b0-028a-4eb5-b268-b89ac225aff8: receive RaftClientReply:client-05DA20D107F8->b461a7b0-028a-4eb5-b268-b89ac225aff8@group-0C8C0AA7542A, cid=2082, SUCCESS, logIndex=3065, commits[b461a7b0-028a-4eb5-b268-b89ac225aff8:c3066, b6ff45f5-67b8-463b-a273-c2e7d9dadd75:c3063, 6a5cb75f-f7eb-4671-9a85-3b6f7898f6cc:c3063]
2019-08-28 21:29:47,757 | INFO  | DNAudit | user=null | ip=null | op=PUT_BLOCK {blockData=[blockId=conID: 1 locID: 102696733095821864 bcsId: 0,size=2097152]} | ret=SUCCESS |  
2019-08-28 21:29:47,757 [grpc-default-executor-5] INFO  client.GrpcClientProtocolClient (GrpcClientProtocolClient.java:onNext(255)) - client-05DA20D107F8->b461a7b0-028a-4eb5-b268-b89ac225aff8: receive RaftClientReply:client-05DA20D107F8->b461a7b0-028a-4eb5-b268-b89ac225aff8@group-0C8C0AA7542A, cid=2083, SUCCESS, logIndex=3066, commits[b461a7b0-028a-4eb5-b268-b89ac225aff8:c3067, b6ff45f5-67b8-463b-a273-c2e7d9dadd75:c3063, 6a5cb75f-f7eb-4671-9a85-3b6f7898f6cc:c3063]
2019-08-28 21:29:47,758 [grpc-default-executor-5] INFO  client.GrpcClientProtocolClient (GrpcClientProtocolClient.java:onNext(255)) - client-05DA20D107F8->b461a7b0-028a-4eb5-b268-b89ac225aff8: receive RaftClientReply:client-05DA20D107F8->b461a7b0-028a-4eb5-b268-b89ac225aff8@group-0C8C0AA7542A, cid=2084, SUCCESS, logIndex=3067, commits[b461a7b0-028a-4eb5-b268-b89ac225aff8:c3067, b6ff45f5-67b8-463b-a273-c2e7d9dadd75:c3063, 6a5cb75f-f7eb-4671-9a85-3b6f7898f6cc:c3063]
2019-08-28 21:29:47,771 | INFO  | DNAudit | user=null | ip=null | op=WRITE_CHUNK {blockData=conID: 1 locID: 102696733095821864 bcsId: 0} | ret=SUCCESS |  
2019-08-28 21:29:47,771 | INFO  | DNAudit | user=null | ip=null | op=WRITE_CHUNK {blockData=conID: 1 locID: 102696733095821864 bcsId: 0} | ret=SUCCESS |  
2019-08-28 21:29:47,772 | INFO  | DNAudit | user=null | ip=null | op=PUT_BLOCK {blockData=[blockId=conID: 1 locID: 102696733095821864 bcsId: 0,size=1048576]} | ret=SUCCESS |  
2019-08-28 21:29:47,772 | INFO  | DNAudit | user=null | ip=null | op=PUT_BLOCK {blockData=[blockId=conID: 1 locID: 102696733095821864 bcsId: 0,size=1048576]} | ret=SUCCESS |  
2019-08-28 21:29:47,772 | INFO  | DNAudit | user=null | ip=null | op=WRITE_CHUNK {blockData=conID: 1 locID: 102696733095821864 bcsId: 0} | ret=SUCCESS |  
2019-08-28 21:29:47,772 | INFO  | DNAudit | user=null | ip=null | op=PUT_BLOCK {blockData=[blockId=conID: 1 locID: 102696733095821864 bcsId: 0,size=2097152]} | ret=SUCCESS |  
2019-08-28 21:29:47,772 [grpc-default-executor-5] INFO  client.GrpcClientProtocolClient (GrpcClientProtocolClient.java:onNext(255)) - client-05DA20D107F8->b461a7b0-028a-4eb5-b268-b89ac225aff8: receive RaftClientReply:client-05DA20D107F8->b461a7b0-028a-4eb5-b268-b89ac225aff8@group-0C8C0AA7542A, cid=2085, SUCCESS, logIndex=0, commits[b461a7b0-028a-4eb5-b268-b89ac225aff8:c3069, b6ff45f5-67b8-463b-a273-c2e7d9dadd75:c3065, 6a5cb75f-f7eb-4671-9a85-3b6f7898f6cc:c3065]
2019-08-28 21:29:47,772 | INFO  | DNAudit | user=null | ip=null | op=WRITE_CHUNK {blockData=conID: 1 locID: 102696733095821864 bcsId: 0} | ret=SUCCESS |  
2019-08-28 21:29:47,772 | INFO  | DNAudit | user=null | ip=null | op=PUT_BLOCK {blockData=[blockId=conID: 1 locID: 102696733095821864 bcsId: 0,size=2097152]} | ret=SUCCESS |  
2019-08-28 21:29:47,779 | INFO  | DNAudit | user=null | ip=null | op=WRITE_CHUNK {blockData=conID: 1 locID: 102696733095821864 bcsId: 3067} | ret=SUCCESS |  
2019-08-28 21:29:47,780 | INFO  | DNAudit | user=null | ip=null | op=WRITE_CHUNK {blockData=conID: 1 locID: 102696733095821864 bcsId: 3067} | ret=SUCCESS |  
2019-08-28 21:29:47,780 | INFO  | DNAudit | user=null | ip=null | op=WRITE_CHUNK {blockData=conID: 1 locID: 102696733095821864 bcsId: 3067} | ret=SUCCESS |  
2019-08-28 21:29:47,801 | INFO  | DNAudit | user=null | ip=null | op=WRITE_CHUNK {blockData=conID: 1 locID: 102696733095821864 bcsId: 3067} | ret=SUCCESS |  
2019-08-28 21:29:47,802 | INFO  | DNAudit | user=null | ip=null | op=PUT_BLOCK {blockData=[blockId=conID: 1 locID: 102696733095821864 bcsId: 0,size=3145728]} | ret=SUCCESS |  
2019-08-28 21:29:47,802 [grpc-default-executor-1] INFO  client.GrpcClientProtocolClient (GrpcClientProtocolClient.java:onNext(255)) - client-05DA20D107F8->b461a7b0-028a-4eb5-b268-b89ac225aff8: receive RaftClientReply:client-05DA20D107F8->b461a7b0-028a-4eb5-b268-b89ac225aff8@group-0C8C0AA7542A, cid=2086, SUCCESS, logIndex=3072, commits[b461a7b0-028a-4eb5-b268-b89ac225aff8:c3073, b6ff45f5-67b8-463b-a273-c2e7d9dadd75:c3071, 6a5cb75f-f7eb-4671-9a85-3b6f7898f6cc:c3071]
2019-08-28 21:29:47,803 [grpc-default-executor-1] INFO  client.GrpcClientProtocolClient (GrpcClientProtocolClient.java:onNext(255)) - client-05DA20D107F8->b461a7b0-028a-4eb5-b268-b89ac225aff8: receive RaftClientReply:client-05DA20D107F8->b461a7b0-028a-4eb5-b268-b89ac225aff8@group-0C8C0AA7542A, cid=2087, SUCCESS, logIndex=3073, commits[b461a7b0-028a-4eb5-b268-b89ac225aff8:c3073, b6ff45f5-67b8-463b-a273-c2e7d9dadd75:c3071, 6a5cb75f-f7eb-4671-9a85-3b6f7898f6cc:c3071]
2019-08-28 21:29:47,809 | INFO  | DNAudit | user=null | ip=null | op=WRITE_CHUNK {blockData=conID: 1 locID: 102696733095821864 bcsId: 3073} | ret=SUCCESS |  
2019-08-28 21:29:47,811 | INFO  | DNAudit | user=null | ip=null | op=WRITE_CHUNK {blockData=conID: 1 locID: 102696733095821864 bcsId: 3073} | ret=SUCCESS |  
2019-08-28 21:29:47,811 | INFO  | DNAudit | user=null | ip=null | op=WRITE_CHUNK {blockData=conID: 1 locID: 102696733095821864 bcsId: 3073} | ret=SUCCESS |  
2019-08-28 21:29:47,813 | INFO  | DNAudit | user=null | ip=null | op=WRITE_CHUNK {blockData=conID: 1 locID: 102696733095821864 bcsId: 3067} | ret=SUCCESS |  
2019-08-28 21:29:47,813 | INFO  | DNAudit | user=null | ip=null | op=WRITE_CHUNK {blockData=conID: 1 locID: 102696733095821864 bcsId: 3067} | ret=SUCCESS |  
2019-08-28 21:29:47,813 | INFO  | DNAudit | user=null | ip=null | op=PUT_BLOCK {blockData=[blockId=conID: 1 locID: 102696733095821864 bcsId: 0,size=3145728]} | ret=SUCCESS |  
2019-08-28 21:29:47,813 | INFO  | DNAudit | user=null | ip=null | op=PUT_BLOCK {blockData=[blockId=conID: 1 locID: 102696733095821864 bcsId: 0,size=3145728]} | ret=SUCCESS |  
2019-08-28 21:29:47,816 | INFO  | DNAudit | user=null | ip=null | op=WRITE_CHUNK {blockData=conID: 1 locID: 102696733095821864 bcsId: 3073} | ret=SUCCESS |  
2019-08-28 21:29:47,816 | INFO  | DNAudit | user=null | ip=null | op=PUT_BLOCK {blockData=[blockId=conID: 1 locID: 102696733095821864 bcsId: 0,size=4194304]} | ret=SUCCESS |  
2019-08-28 21:29:47,816 [grpc-default-executor-5] INFO  client.GrpcClientProtocolClient (GrpcClientProtocolClient.java:onNext(255)) - client-05DA20D107F8->b461a7b0-028a-4eb5-b268-b89ac225aff8: receive RaftClientReply:client-05DA20D107F8->b461a7b0-028a-4eb5-b268-b89ac225aff8@group-0C8C0AA7542A, cid=2088, SUCCESS, logIndex=3076, commits[b461a7b0-028a-4eb5-b268-b89ac225aff8:c3077, b6ff45f5-67b8-463b-a273-c2e7d9dadd75:c3073, 6a5cb75f-f7eb-4671-9a85-3b6f7898f6cc:c3073]
2019-08-28 21:29:47,817 [grpc-default-executor-5] INFO  client.GrpcClientProtocolClient (GrpcClientProtocolClient.java:onNext(255)) - client-05DA20D107F8->b461a7b0-028a-4eb5-b268-b89ac225aff8: receive RaftClientReply:client-05DA20D107F8->b461a7b0-028a-4eb5-b268-b89ac225aff8@group-0C8C0AA7542A, cid=2089, SUCCESS, logIndex=3077, commits[b461a7b0-028a-4eb5-b268-b89ac225aff8:c3077, b6ff45f5-67b8-463b-a273-c2e7d9dadd75:c3073, 6a5cb75f-f7eb-4671-9a85-3b6f7898f6cc:c3073]
2019-08-28 21:29:47,829 | INFO  | DNAudit | user=null | ip=null | op=WRITE_CHUNK {blockData=conID: 1 locID: 102696733095821864 bcsId: 3073} | ret=SUCCESS |  
2019-08-28 21:29:47,829 | INFO  | DNAudit | user=null | ip=null | op=WRITE_CHUNK {blockData=conID: 1 locID: 102696733095821864 bcsId: 3073} | ret=SUCCESS |  
2019-08-28 21:29:47,829 | INFO  | DNAudit | user=null | ip=null | op=PUT_BLOCK {blockData=[blockId=conID: 1 locID: 102696733095821864 bcsId: 0,size=4194304]} | ret=SUCCESS |  
2019-08-28 21:29:47,829 | INFO  | DNAudit | user=null | ip=null | op=PUT_BLOCK {blockData=[blockId=conID: 1 locID: 102696733095821864 bcsId: 0,size=4194304]} | ret=SUCCESS |  
2019-08-28 21:29:47,829 [grpc-default-executor-1] INFO  client.GrpcClientProtocolClient (GrpcClientProtocolClient.java:onNext(255)) - client-05DA20D107F8->b461a7b0-028a-4eb5-b268-b89ac225aff8: receive RaftClientReply:client-05DA20D107F8->b461a7b0-028a-4eb5-b268-b89ac225aff8@group-0C8C0AA7542A, cid=2090, SUCCESS, logIndex=0, commits[b461a7b0-028a-4eb5-b268-b89ac225aff8:c3078, b6ff45f5-67b8-463b-a273-c2e7d9dadd75:c3077, 6a5cb75f-f7eb-4671-9a85-3b6f7898f6cc:c3077]
2019-08-28 21:29:47,833 | INFO  | SCMAudit | user=jenkins1000 | ip=127.0.0.1 | op=ALLOCATE_BLOCK {owner=a0140aad-a474-4492-a39d-25bd6167d9f0, size=4194304, type=RATIS, factor=THREE} | ret=SUCCESS |  
2019-08-28 21:29:47,836 | INFO  | OMAudit | user=jenkins1000 | ip=127.0.0.1 | op=ALLOCATE_BLOCK {volume=vol-0-08922, bucket=bucket-0-29862, key=key-0-31337, dataSize=0, replicationType=null, replicationFactor=null, keyLocationInfo=null, clientID=102696731548516754} | ret=SUCCESS |  
2019-08-28 21:29:47,841 | INFO  | DNAudit | user=null | ip=null | op=WRITE_CHUNK {blockData=conID: 2 locID: 102696733103424041 bcsId: 0} | ret=SUCCESS |  
2019-08-28 21:29:47,843 | INFO  | DNAudit | user=null | ip=null | op=WRITE_CHUNK {blockData=conID: 2 locID: 102696733103424041 bcsId: 0} | ret=SUCCESS |  
2019-08-28 21:29:47,844 | INFO  | DNAudit | user=null | ip=null | op=WRITE_CHUNK {blockData=conID: 2 locID: 102696733103424041 bcsId: 0} | ret=SUCCESS |  
2019-08-28 21:29:47,844 | INFO  | DNAudit | user=null | ip=null | op=WRITE_CHUNK {blockData=conID: 2 locID: 102696733103424041 bcsId: 0} | ret=SUCCESS |  
2019-08-28 21:29:47,845 | INFO  | DNAudit | user=null | ip=null | op=WRITE_CHUNK {blockData=conID: 2 locID: 102696733103424041 bcsId: 0} | ret=SUCCESS |  
2019-08-28 21:29:47,846 | INFO  | DNAudit | user=null | ip=null | op=WRITE_CHUNK {blockData=conID: 2 locID: 102696733103424041 bcsId: 0} | ret=SUCCESS |  
2019-08-28 21:29:47,855 | INFO  | DNAudit | user=null | ip=null | op=WRITE_CHUNK {blockData=conID: 2 locID: 102696733103424041 bcsId: 0} | ret=SUCCESS |  
2019-08-28 21:29:47,855 | INFO  | DNAudit | user=null | ip=null | op=PUT_BLOCK {blockData=[blockId=conID: 2 locID: 102696733103424041 bcsId: 0,size=1048576]} | ret=SUCCESS |  
2019-08-28 21:29:47,855 [grpc-default-executor-5] INFO  client.GrpcClientProtocolClient (GrpcClientProtocolClient.java:onNext(255)) - client-05DA20D107F8->b461a7b0-028a-4eb5-b268-b89ac225aff8: receive RaftClientReply:client-05DA20D107F8->b461a7b0-028a-4eb5-b268-b89ac225aff8@group-0C8C0AA7542A, cid=2091, SUCCESS, logIndex=3080, commits[b461a7b0-028a-4eb5-b268-b89ac225aff8:c3081, b6ff45f5-67b8-463b-a273-c2e7d9dadd75:c3079, 6a5cb75f-f7eb-4671-9a85-3b6f7898f6cc:c3079]
2019-08-28 21:29:47,856 | INFO  | DNAudit | user=null | ip=null | op=WRITE_CHUNK {blockData=conID: 2 locID: 102696733103424041 bcsId: 0} | ret=SUCCESS |  
2019-08-28 21:29:47,856 | INFO  | DNAudit | user=null | ip=null | op=PUT_BLOCK {blockData=[blockId=conID: 2 locID: 102696733103424041 bcsId: 0,size=2097152]} | ret=SUCCESS |  
2019-08-28 21:29:47,856 [grpc-default-executor-5] INFO  client.GrpcClientProtocolClient (GrpcClientProtocolClient.java:onNext(255)) - client-05DA20D107F8->b461a7b0-028a-4eb5-b268-b89ac225aff8: receive RaftClientReply:client-05DA20D107F8->b461a7b0-028a-4eb5-b268-b89ac225aff8@group-0C8C0AA7542A, cid=2092, SUCCESS, logIndex=3081, commits[b461a7b0-028a-4eb5-b268-b89ac225aff8:c3081, b6ff45f5-67b8-463b-a273-c2e7d9dadd75:c3079, 6a5cb75f-f7eb-4671-9a85-3b6f7898f6cc:c3079]
2019-08-28 21:29:47,856 [grpc-default-executor-5] INFO  client.GrpcClientProtocolClient (GrpcClientProtocolClient.java:onNext(255)) - client-05DA20D107F8->b461a7b0-028a-4eb5-b268-b89ac225aff8: receive RaftClientReply:client-05DA20D107F8->b461a7b0-028a-4eb5-b268-b89ac225aff8@group-0C8C0AA7542A, cid=2093, SUCCESS, logIndex=3082, commits[b461a7b0-028a-4eb5-b268-b89ac225aff8:c3083, b6ff45f5-67b8-463b-a273-c2e7d9dadd75:c3079, 6a5cb75f-f7eb-4671-9a85-3b6f7898f6cc:c3079]
2019-08-28 21:29:47,857 [grpc-default-executor-5] INFO  client.GrpcClientProtocolClient (GrpcClientProtocolClient.java:onNext(255)) - client-05DA20D107F8->b461a7b0-028a-4eb5-b268-b89ac225aff8: receive RaftClientReply:client-05DA20D107F8->b461a7b0-028a-4eb5-b268-b89ac225aff8@group-0C8C0AA7542A, cid=2094, SUCCESS, logIndex=3083, commits[b461a7b0-028a-4eb5-b268-b89ac225aff8:c3083, b6ff45f5-67b8-463b-a273-c2e7d9dadd75:c3079, 6a5cb75f-f7eb-4671-9a85-3b6f7898f6cc:c3079]
2019-08-28 21:29:47,866 | INFO  | DNAudit | user=null | ip=null | op=WRITE_CHUNK {blockData=conID: 2 locID: 102696733103424041 bcsId: 0} | ret=SUCCESS |  
2019-08-28 21:29:47,866 | INFO  | DNAudit | user=null | ip=null | op=PUT_BLOCK {blockData=[blockId=conID: 2 locID: 102696733103424041 bcsId: 0,size=1048576]} | ret=SUCCESS |  
2019-08-28 21:29:47,866 | INFO  | DNAudit | user=null | ip=null | op=WRITE_CHUNK {blockData=conID: 2 locID: 102696733103424041 bcsId: 0} | ret=SUCCESS |  
2019-08-28 21:29:47,867 | INFO  | DNAudit | user=null | ip=null | op=PUT_BLOCK {blockData=[blockId=conID: 2 locID: 102696733103424041 bcsId: 0,size=1048576]} | ret=SUCCESS |  
2019-08-28 21:29:47,867 | INFO  | DNAudit | user=null | ip=null | op=WRITE_CHUNK {blockData=conID: 2 locID: 102696733103424041 bcsId: 0} | ret=SUCCESS |  
2019-08-28 21:29:47,867 | INFO  | DNAudit | user=null | ip=null | op=PUT_BLOCK {blockData=[blockId=conID: 2 locID: 102696733103424041 bcsId: 0,size=2097152]} | ret=SUCCESS |  
2019-08-28 21:29:47,867 | INFO  | DNAudit | user=null | ip=null | op=WRITE_CHUNK {blockData=conID: 2 locID: 102696733103424041 bcsId: 0} | ret=SUCCESS |  
2019-08-28 21:29:47,867 [grpc-default-executor-5] INFO  client.GrpcClientProtocolClient (GrpcClientProtocolClient.java:onNext(255)) - client-05DA20D107F8->b461a7b0-028a-4eb5-b268-b89ac225aff8: receive RaftClientReply:client-05DA20D107F8->b461a7b0-028a-4eb5-b268-b89ac225aff8@group-0C8C0AA7542A, cid=2095, SUCCESS, logIndex=0, commits[b461a7b0-028a-4eb5-b268-b89ac225aff8:c3085, b6ff45f5-67b8-463b-a273-c2e7d9dadd75:c3081, 6a5cb75f-f7eb-4671-9a85-3b6f7898f6cc:c3081]
2019-08-28 21:29:47,867 | INFO  | DNAudit | user=null | ip=null | op=PUT_BLOCK {blockData=[blockId=conID: 2 locID: 102696733103424041 bcsId: 0,size=2097152]} | ret=SUCCESS |  
2019-08-28 21:29:47,873 | INFO  | DNAudit | user=null | ip=null | op=WRITE_CHUNK {blockData=conID: 2 locID: 102696733103424041 bcsId: 3083} | ret=SUCCESS |  
2019-08-28 21:29:47,875 | INFO  | DNAudit | user=null | ip=null | op=WRITE_CHUNK {blockData=conID: 2 locID: 102696733103424041 bcsId: 3083} | ret=SUCCESS |  
2019-08-28 21:29:47,875 | INFO  | DNAudit | user=null | ip=null | op=WRITE_CHUNK {blockData=conID: 2 locID: 102696733103424041 bcsId: 3083} | ret=SUCCESS |  
2019-08-28 21:29:47,880 | INFO  | DNAudit | user=null | ip=null | op=WRITE_CHUNK {blockData=conID: 2 locID: 102696733103424041 bcsId: 3083} | ret=SUCCESS |  
2019-08-28 21:29:47,880 | INFO  | DNAudit | user=null | ip=null | op=PUT_BLOCK {blockData=[blockId=conID: 2 locID: 102696733103424041 bcsId: 0,size=3145728]} | ret=SUCCESS |  
2019-08-28 21:29:47,880 [grpc-default-executor-5] INFO  client.GrpcClientProtocolClient (GrpcClientProtocolClient.java:onNext(255)) - client-05DA20D107F8->b461a7b0-028a-4eb5-b268-b89ac225aff8: receive RaftClientReply:client-05DA20D107F8->b461a7b0-028a-4eb5-b268-b89ac225aff8@group-0C8C0AA7542A, cid=2096, SUCCESS, logIndex=3088, commits[b461a7b0-028a-4eb5-b268-b89ac225aff8:c3089, b6ff45f5-67b8-463b-a273-c2e7d9dadd75:c3087, 6a5cb75f-f7eb-4671-9a85-3b6f7898f6cc:c3087]
2019-08-28 21:29:47,880 [grpc-default-executor-5] INFO  client.GrpcClientProtocolClient (GrpcClientProtocolClient.java:onNext(255)) - client-05DA20D107F8->b461a7b0-028a-4eb5-b268-b89ac225aff8: receive RaftClientReply:client-05DA20D107F8->b461a7b0-028a-4eb5-b268-b89ac225aff8@group-0C8C0AA7542A, cid=2097, SUCCESS, logIndex=3089, commits[b461a7b0-028a-4eb5-b268-b89ac225aff8:c3089, b6ff45f5-67b8-463b-a273-c2e7d9dadd75:c3087, 6a5cb75f-f7eb-4671-9a85-3b6f7898f6cc:c3087]
2019-08-28 21:29:47,886 | INFO  | DNAudit | user=null | ip=null | op=WRITE_CHUNK {blockData=conID: 2 locID: 102696733103424041 bcsId: 3089} | ret=SUCCESS |  
2019-08-28 21:29:47,888 | INFO  | DNAudit | user=null | ip=null | op=WRITE_CHUNK {blockData=conID: 2 locID: 102696733103424041 bcsId: 3089} | ret=SUCCESS |  
2019-08-28 21:29:47,888 | INFO  | DNAudit | user=null | ip=null | op=WRITE_CHUNK {blockData=conID: 2 locID: 102696733103424041 bcsId: 3089} | ret=SUCCESS |  
2019-08-28 21:29:47,891 | INFO  | DNAudit | user=null | ip=null | op=WRITE_CHUNK {blockData=conID: 2 locID: 102696733103424041 bcsId: 3083} | ret=SUCCESS |  
2019-08-28 21:29:47,891 | INFO  | DNAudit | user=null | ip=null | op=WRITE_CHUNK {blockData=conID: 2 locID: 102696733103424041 bcsId: 3083} | ret=SUCCESS |  
2019-08-28 21:29:47,894 | INFO  | DNAudit | user=null | ip=null | op=PUT_BLOCK {blockData=[blockId=conID: 2 locID: 102696733103424041 bcsId: 0,size=3145728]} | ret=SUCCESS |  
2019-08-28 21:29:47,894 | INFO  | DNAudit | user=null | ip=null | op=PUT_BLOCK {blockData=[blockId=conID: 2 locID: 102696733103424041 bcsId: 0,size=3145728]} | ret=SUCCESS |  
2019-08-28 21:29:47,894 | INFO  | DNAudit | user=null | ip=null | op=WRITE_CHUNK {blockData=conID: 2 locID: 102696733103424041 bcsId: 3089} | ret=SUCCESS |  
2019-08-28 21:29:47,895 | INFO  | DNAudit | user=null | ip=null | op=PUT_BLOCK {blockData=[blockId=conID: 2 locID: 102696733103424041 bcsId: 0,size=4194304]} | ret=SUCCESS |  
2019-08-28 21:29:47,895 [grpc-default-executor-5] INFO  client.GrpcClientProtocolClient (GrpcClientProtocolClient.java:onNext(255)) - client-05DA20D107F8->b461a7b0-028a-4eb5-b268-b89ac225aff8: receive RaftClientReply:client-05DA20D107F8->b461a7b0-028a-4eb5-b268-b89ac225aff8@group-0C8C0AA7542A, cid=2098, SUCCESS, logIndex=3092, commits[b461a7b0-028a-4eb5-b268-b89ac225aff8:c3092, b6ff45f5-67b8-463b-a273-c2e7d9dadd75:c3089, 6a5cb75f-f7eb-4671-9a85-3b6f7898f6cc:c3089]
2019-08-28 21:29:47,895 [grpc-default-executor-5] INFO  client.GrpcClientProtocolClient (GrpcClientProtocolClient.java:onNext(255)) - client-05DA20D107F8->b461a7b0-028a-4eb5-b268-b89ac225aff8: receive RaftClientReply:client-05DA20D107F8->b461a7b0-028a-4eb5-b268-b89ac225aff8@group-0C8C0AA7542A, cid=2099, SUCCESS, logIndex=3093, commits[b461a7b0-028a-4eb5-b268-b89ac225aff8:c3093, b6ff45f5-67b8-463b-a273-c2e7d9dadd75:c3089, 6a5cb75f-f7eb-4671-9a85-3b6f7898f6cc:c3089]
2019-08-28 21:29:47,905 | INFO  | DNAudit | user=null | ip=null | op=WRITE_CHUNK {blockData=conID: 2 locID: 102696733103424041 bcsId: 3089} | ret=SUCCESS |  
2019-08-28 21:29:47,905 | INFO  | DNAudit | user=null | ip=null | op=WRITE_CHUNK {blockData=conID: 2 locID: 102696733103424041 bcsId: 3089} | ret=SUCCESS |  
2019-08-28 21:29:47,917 | INFO  | DNAudit | user=null | ip=null | op=PUT_BLOCK {blockData=[blockId=conID: 2 locID: 102696733103424041 bcsId: 0,size=4194304]} | ret=SUCCESS |  
2019-08-28 21:29:47,917 | INFO  | DNAudit | user=null | ip=null | op=PUT_BLOCK {blockData=[blockId=conID: 2 locID: 102696733103424041 bcsId: 0,size=4194304]} | ret=SUCCESS |  
2019-08-28 21:29:47,917 [grpc-default-executor-6] INFO  client.GrpcClientProtocolClient (GrpcClientProtocolClient.java:onNext(255)) - client-05DA20D107F8->b461a7b0-028a-4eb5-b268-b89ac225aff8: receive RaftClientReply:client-05DA20D107F8->b461a7b0-028a-4eb5-b268-b89ac225aff8@group-0C8C0AA7542A, cid=2100, SUCCESS, logIndex=0, commits[b461a7b0-028a-4eb5-b268-b89ac225aff8:c3095, b6ff45f5-67b8-463b-a273-c2e7d9dadd75:c3093, 6a5cb75f-f7eb-4671-9a85-3b6f7898f6cc:c3093]
2019-08-28 21:29:47,921 | INFO  | SCMAudit | user=jenkins1000 | ip=127.0.0.1 | op=ALLOCATE_BLOCK {owner=a0140aad-a474-4492-a39d-25bd6167d9f0, size=4194304, type=RATIS, factor=THREE} | ret=SUCCESS |  
2019-08-28 21:29:47,923 | INFO  | OMAudit | user=jenkins1000 | ip=127.0.0.1 | op=ALLOCATE_BLOCK {volume=vol-0-08922, bucket=bucket-0-29862, key=key-0-31337, dataSize=0, replicationType=null, replicationFactor=null, keyLocationInfo=null, clientID=102696731548516754} | ret=SUCCESS |  
2019-08-28 21:29:47,929 | INFO  | DNAudit | user=null | ip=null | op=WRITE_CHUNK {blockData=conID: 3 locID: 102696733109191210 bcsId: 0} | ret=SUCCESS |  
2019-08-28 21:29:47,931 | INFO  | DNAudit | user=null | ip=null | op=WRITE_CHUNK {blockData=conID: 3 locID: 102696733109191210 bcsId: 0} | ret=SUCCESS |  
2019-08-28 21:29:47,931 | INFO  | DNAudit | user=null | ip=null | op=WRITE_CHUNK {blockData=conID: 3 locID: 102696733109191210 bcsId: 0} | ret=SUCCESS |  
2019-08-28 21:29:47,932 | INFO  | DNAudit | user=null | ip=null | op=WRITE_CHUNK {blockData=conID: 3 locID: 102696733109191210 bcsId: 0} | ret=SUCCESS |  
2019-08-28 21:29:47,933 | INFO  | DNAudit | user=null | ip=null | op=WRITE_CHUNK {blockData=conID: 3 locID: 102696733109191210 bcsId: 0} | ret=SUCCESS |  
2019-08-28 21:29:47,933 | INFO  | DNAudit | user=null | ip=null | op=WRITE_CHUNK {blockData=conID: 3 locID: 102696733109191210 bcsId: 0} | ret=SUCCESS |  
2019-08-28 21:29:48,022 | INFO  | DNAudit | user=null | ip=null | op=WRITE_CHUNK {blockData=conID: 3 locID: 102696733109191210 bcsId: 0} | ret=SUCCESS |  
2019-08-28 21:29:48,022 | INFO  | DNAudit | user=null | ip=null | op=PUT_BLOCK {blockData=[blockId=conID: 3 locID: 102696733109191210 bcsId: 0,size=1048576]} | ret=SUCCESS |  
2019-08-28 21:29:48,022 [grpc-default-executor-1] INFO  client.GrpcClientProtocolClient (GrpcClientProtocolClient.java:onNext(255)) - client-05DA20D107F8->b461a7b0-028a-4eb5-b268-b89ac225aff8: receive RaftClientReply:client-05DA20D107F8->b461a7b0-028a-4eb5-b268-b89ac225aff8@group-0C8C0AA7542A, cid=2101, SUCCESS, logIndex=3096, commits[b461a7b0-028a-4eb5-b268-b89ac225aff8:c3097, b6ff45f5-67b8-463b-a273-c2e7d9dadd75:c3095, 6a5cb75f-f7eb-4671-9a85-3b6f7898f6cc:c3095]
2019-08-28 21:29:48,023 [grpc-default-executor-1] INFO  client.GrpcClientProtocolClient (GrpcClientProtocolClient.java:onNext(255)) - client-05DA20D107F8->b461a7b0-028a-4eb5-b268-b89ac225aff8: receive RaftClientReply:client-05DA20D107F8->b461a7b0-028a-4eb5-b268-b89ac225aff8@group-0C8C0AA7542A, cid=2102, SUCCESS, logIndex=3097, commits[b461a7b0-028a-4eb5-b268-b89ac225aff8:c3097, b6ff45f5-67b8-463b-a273-c2e7d9dadd75:c3095, 6a5cb75f-f7eb-4671-9a85-3b6f7898f6cc:c3095]
2019-08-28 21:29:48,058 | INFO  | DNAudit | user=null | ip=null | op=WRITE_CHUNK {blockData=conID: 3 locID: 102696733109191210 bcsId: 0} | ret=SUCCESS |  
2019-08-28 21:29:48,058 | INFO  | DNAudit | user=null | ip=null | op=WRITE_CHUNK {blockData=conID: 3 locID: 102696733109191210 bcsId: 0} | ret=SUCCESS |  
2019-08-28 21:29:48,058 | INFO  | DNAudit | user=null | ip=null | op=PUT_BLOCK {blockData=[blockId=conID: 3 locID: 102696733109191210 bcsId: 0,size=1048576]} | ret=SUCCESS |  
2019-08-28 21:29:48,058 | INFO  | DNAudit | user=null | ip=null | op=PUT_BLOCK {blockData=[blockId=conID: 3 locID: 102696733109191210 bcsId: 0,size=2097152]} | ret=SUCCESS |  
2019-08-28 21:29:48,058 [grpc-default-executor-6] INFO  client.GrpcClientProtocolClient (GrpcClientProtocolClient.java:onNext(255)) - client-05DA20D107F8->b461a7b0-028a-4eb5-b268-b89ac225aff8: receive RaftClientReply:client-05DA20D107F8->b461a7b0-028a-4eb5-b268-b89ac225aff8@group-0C8C0AA7542A, cid=2103, SUCCESS, logIndex=3098, commits[b461a7b0-028a-4eb5-b268-b89ac225aff8:c3099, b6ff45f5-67b8-463b-a273-c2e7d9dadd75:c3095, 6a5cb75f-f7eb-4671-9a85-3b6f7898f6cc:c3095]
2019-08-28 21:29:48,059 | INFO  | DNAudit | user=null | ip=null | op=WRITE_CHUNK {blockData=conID: 3 locID: 102696733109191210 bcsId: 0} | ret=SUCCESS |  
 0.00% |█                                                                                                    |  0/1 Time: 0:00:242019-08-28 21:29:48,059 [grpc-default-executor-1] INFO  client.GrpcClientProtocolClient (GrpcClientProtocolClient.java:onNext(255)) - client-05DA20D107F8->b461a7b0-028a-4eb5-b268-b89ac225aff8: receive RaftClientReply:client-05DA20D107F8->b461a7b0-028a-4eb5-b268-b89ac225aff8@group-0C8C0AA7542A, cid=2104, SUCCESS, logIndex=3099, commits[b461a7b0-028a-4eb5-b268-b89ac225aff8:c3101, b6ff45f5-67b8-463b-a273-c2e7d9dadd75:c3097, 6a5cb75f-f7eb-4671-9a85-3b6f7898f6cc:c3095]
2019-08-28 21:29:48,639 | INFO  | SCMAudit | user=jenkins1000 | ip=192.168.36.107 | op=SEND_HEARTBEAT {datanodeUUID=b6ff45f5-67b8-463b-a273-c2e7d9dadd75, command=[]} | ret=SUCCESS |  
2019-08-28 21:29:48,639 | INFO  | SCMAudit | user=jenkins1000 | ip=192.168.36.107 | op=SEND_HEARTBEAT {datanodeUUID=af4986ea-80d8-4c92-96d2-2b3929a4248a, command=[]} | ret=SUCCESS |  
2019-08-28 21:29:48,639 | INFO  | SCMAudit | user=jenkins1000 | ip=192.168.36.107 | op=SEND_HEARTBEAT {datanodeUUID=68f89a68-6a96-4cde-8528-8617611d459d, command=[]} | ret=SUCCESS |  
2019-08-28 21:29:48,639 | INFO  | SCMAudit | user=jenkins1000 | ip=192.168.36.107 | op=SEND_HEARTBEAT {datanodeUUID=b461a7b0-028a-4eb5-b268-b89ac225aff8, command=[]} | ret=SUCCESS |  
2019-08-28 21:29:48,639 | INFO  | SCMAudit | user=jenkins1000 | ip=192.168.36.107 | op=SEND_HEARTBEAT {datanodeUUID=6a5cb75f-f7eb-4671-9a85-3b6f7898f6cc, command=[]} | ret=SUCCESS |  
2019-08-28 21:29:48,639 | INFO  | DNAudit | user=null | ip=null | op=WRITE_CHUNK {blockData=conID: 3 locID: 102696733109191210 bcsId: 0} | ret=SUCCESS |  
2019-08-28 21:29:48,639 | INFO  | DNAudit | user=null | ip=null | op=PUT_BLOCK {blockData=[blockId=conID: 3 locID: 102696733109191210 bcsId: 0,size=1048576]} | ret=SUCCESS |  
2019-08-28 21:29:48,639 | INFO  | DNAudit | user=null | ip=null | op=PUT_BLOCK {blockData=[blockId=conID: 3 locID: 102696733109191210 bcsId: 0,size=2097152]} | ret=SUCCESS |  
2019-08-28 21:29:48,640 | INFO  | DNAudit | user=null | ip=null | op=WRITE_CHUNK {blockData=conID: 3 locID: 102696733109191210 bcsId: 0} | ret=SUCCESS |  
2019-08-28 21:29:48,640 | INFO  | DNAudit | user=null | ip=null | op=PUT_BLOCK {blockData=[blockId=conID: 3 locID: 102696733109191210 bcsId: 0,size=2097152]} | ret=SUCCESS |  
2019-08-28 21:29:48,641 [grpc-default-executor-5] INFO  client.GrpcClientProtocolClient (GrpcClientProtocolClient.java:onNext(255)) - client-05DA20D107F8->b461a7b0-028a-4eb5-b268-b89ac225aff8: receive RaftClientReply:client-05DA20D107F8->b461a7b0-028a-4eb5-b268-b89ac225aff8@group-0C8C0AA7542A, cid=2105, SUCCESS, logIndex=0, commits[b461a7b0-028a-4eb5-b268-b89ac225aff8:c3102, b6ff45f5-67b8-463b-a273-c2e7d9dadd75:c3099, 6a5cb75f-f7eb-4671-9a85-3b6f7898f6cc:c3099]
2019-08-28 21:29:48,647 | INFO  | DNAudit | user=null | ip=null | op=WRITE_CHUNK {blockData=conID: 3 locID: 102696733109191210 bcsId: 3099} | ret=SUCCESS |  
2019-08-28 21:29:48,649 | INFO  | DNAudit | user=null | ip=null | op=WRITE_CHUNK {blockData=conID: 3 locID: 102696733109191210 bcsId: 3099} | ret=SUCCESS |  
2019-08-28 21:29:48,650 | INFO  | DNAudit | user=null | ip=null | op=WRITE_CHUNK {blockData=conID: 3 locID: 102696733109191210 bcsId: 3099} | ret=SUCCESS |  
2019-08-28 21:29:48,671 | INFO  | DNAudit | user=null | ip=null | op=WRITE_CHUNK {blockData=conID: 3 locID: 102696733109191210 bcsId: 3099} | ret=SUCCESS |  
2019-08-28 21:29:48,672 | INFO  | DNAudit | user=null | ip=null | op=PUT_BLOCK {blockData=[blockId=conID: 3 locID: 102696733109191210 bcsId: 0,size=3145728]} | ret=SUCCESS |  
2019-08-28 21:29:48,672 [grpc-default-executor-6] INFO  client.GrpcClientProtocolClient (GrpcClientProtocolClient.java:onNext(255)) - client-05DA20D107F8->b461a7b0-028a-4eb5-b268-b89ac225aff8: receive RaftClientReply:client-05DA20D107F8->b461a7b0-028a-4eb5-b268-b89ac225aff8@group-0C8C0AA7542A, cid=2106, SUCCESS, logIndex=3104, commits[b461a7b0-028a-4eb5-b268-b89ac225aff8:c3105, b6ff45f5-67b8-463b-a273-c2e7d9dadd75:c3103, 6a5cb75f-f7eb-4671-9a85-3b6f7898f6cc:c3103]
2019-08-28 21:29:48,672 [grpc-default-executor-6] INFO  client.GrpcClientProtocolClient (GrpcClientProtocolClient.java:onNext(255)) - client-05DA20D107F8->b461a7b0-028a-4eb5-b268-b89ac225aff8: receive RaftClientReply:client-05DA20D107F8->b461a7b0-028a-4eb5-b268-b89ac225aff8@group-0C8C0AA7542A, cid=2107, SUCCESS, logIndex=3105, commits[b461a7b0-028a-4eb5-b268-b89ac225aff8:c3105, b6ff45f5-67b8-463b-a273-c2e7d9dadd75:c3103, 6a5cb75f-f7eb-4671-9a85-3b6f7898f6cc:c3103]
2019-08-28 21:29:48,678 | INFO  | DNAudit | user=null | ip=null | op=WRITE_CHUNK {blockData=conID: 3 locID: 102696733109191210 bcsId: 3105} | ret=SUCCESS |  
2019-08-28 21:29:48,679 | INFO  | DNAudit | user=null | ip=null | op=WRITE_CHUNK {blockData=conID: 3 locID: 102696733109191210 bcsId: 3099} | ret=SUCCESS |  
2019-08-28 21:29:48,679 | INFO  | DNAudit | user=null | ip=null | op=WRITE_CHUNK {blockData=conID: 3 locID: 102696733109191210 bcsId: 3099} | ret=SUCCESS |  
2019-08-28 21:29:48,679 | INFO  | DNAudit | user=null | ip=null | op=PUT_BLOCK {blockData=[blockId=conID: 3 locID: 102696733109191210 bcsId: 0,size=3145728]} | ret=SUCCESS |  
2019-08-28 21:29:48,680 | INFO  | DNAudit | user=null | ip=null | op=WRITE_CHUNK {blockData=conID: 3 locID: 102696733109191210 bcsId: 3105} | ret=SUCCESS |  
2019-08-28 21:29:48,681 | INFO  | DNAudit | user=null | ip=null | op=WRITE_CHUNK {blockData=conID: 3 locID: 102696733109191210 bcsId: 3105} | ret=SUCCESS |  
2019-08-28 21:29:48,691 | INFO  | DNAudit | user=null | ip=null | op=PUT_BLOCK {blockData=[blockId=conID: 3 locID: 102696733109191210 bcsId: 0,size=3145728]} | ret=SUCCESS |  
2019-08-28 21:29:48,691 | INFO  | DNAudit | user=null | ip=null | op=WRITE_CHUNK {blockData=conID: 3 locID: 102696733109191210 bcsId: 3105} | ret=SUCCESS |  
2019-08-28 21:29:48,691 | INFO  | DNAudit | user=null | ip=null | op=PUT_BLOCK {blockData=[blockId=conID: 3 locID: 102696733109191210 bcsId: 0,size=4194304]} | ret=SUCCESS |  
2019-08-28 21:29:48,691 [grpc-default-executor-1] INFO  client.GrpcClientProtocolClient (GrpcClientProtocolClient.java:onNext(255)) - client-05DA20D107F8->b461a7b0-028a-4eb5-b268-b89ac225aff8: receive RaftClientReply:client-05DA20D107F8->b461a7b0-028a-4eb5-b268-b89ac225aff8@group-0C8C0AA7542A, cid=2108, SUCCESS, logIndex=3108, commits[b461a7b0-028a-4eb5-b268-b89ac225aff8:c3109, b6ff45f5-67b8-463b-a273-c2e7d9dadd75:c3105, 6a5cb75f-f7eb-4671-9a85-3b6f7898f6cc:c3105]
2019-08-28 21:29:48,692 [grpc-default-executor-1] INFO  client.GrpcClientProtocolClient (GrpcClientProtocolClient.java:onNext(255)) - client-05DA20D107F8->b461a7b0-028a-4eb5-b268-b89ac225aff8: receive RaftClientReply:client-05DA20D107F8->b461a7b0-028a-4eb5-b268-b89ac225aff8@group-0C8C0AA7542A, cid=2109, SUCCESS, logIndex=3109, commits[b461a7b0-028a-4eb5-b268-b89ac225aff8:c3109, b6ff45f5-67b8-463b-a273-c2e7d9dadd75:c3105, 6a5cb75f-f7eb-4671-9a85-3b6f7898f6cc:c3105]
2019-08-28 21:29:48,695 | INFO  | DNAudit | user=null | ip=null | op=WRITE_CHUNK {blockData=conID: 3 locID: 102696733109191210 bcsId: 3105} | ret=SUCCESS |  
2019-08-28 21:29:48,695 | INFO  | DNAudit | user=null | ip=null | op=WRITE_CHUNK {blockData=conID: 3 locID: 102696733109191210 bcsId: 3105} | ret=SUCCESS |  
2019-08-28 21:29:48,703 | INFO  | DNAudit | user=null | ip=null | op=PUT_BLOCK {blockData=[blockId=conID: 3 locID: 102696733109191210 bcsId: 0,size=4194304]} | ret=SUCCESS |  
2019-08-28 21:29:48,704 | INFO  | DNAudit | user=null | ip=null | op=PUT_BLOCK {blockData=[blockId=conID: 3 locID: 102696733109191210 bcsId: 0,size=4194304]} | ret=SUCCESS |  
2019-08-28 21:29:48,704 [grpc-default-executor-1] INFO  client.GrpcClientProtocolClient (GrpcClientProtocolClient.java:onNext(255)) - client-05DA20D107F8->b461a7b0-028a-4eb5-b268-b89ac225aff8: receive RaftClientReply:client-05DA20D107F8->b461a7b0-028a-4eb5-b268-b89ac225aff8@group-0C8C0AA7542A, cid=2110, SUCCESS, logIndex=0, commits[b461a7b0-028a-4eb5-b268-b89ac225aff8:c3111, b6ff45f5-67b8-463b-a273-c2e7d9dadd75:c3109, 6a5cb75f-f7eb-4671-9a85-3b6f7898f6cc:c3109]
2019-08-28 21:29:48,708 | INFO  | SCMAudit | user=jenkins1000 | ip=127.0.0.1 | op=ALLOCATE_BLOCK {owner=a0140aad-a474-4492-a39d-25bd6167d9f0, size=4194304, type=RATIS, factor=THREE} | ret=SUCCESS |  
2019-08-28 21:29:48,710 | INFO  | OMAudit | user=jenkins1000 | ip=127.0.0.1 | op=ALLOCATE_BLOCK {volume=vol-0-08922, bucket=bucket-0-29862, key=key-0-31337, dataSize=0, replicationType=null, replicationFactor=null, keyLocationInfo=null, clientID=102696731548516754} | ret=SUCCESS |  
2019-08-28 21:29:48,716 | INFO  | DNAudit | user=null | ip=null | op=WRITE_CHUNK {blockData=conID: 1 locID: 102696733160768043 bcsId: 0} | ret=SUCCESS |  
2019-08-28 21:29:48,718 | INFO  | DNAudit | user=null | ip=null | op=WRITE_CHUNK {blockData=conID: 1 locID: 102696733160768043 bcsId: 0} | ret=SUCCESS |  
2019-08-28 21:29:48,719 | INFO  | DNAudit | user=null | ip=null | op=WRITE_CHUNK {blockData=conID: 1 locID: 102696733160768043 bcsId: 0} | ret=SUCCESS |  
2019-08-28 21:29:48,719 | INFO  | DNAudit | user=null | ip=null | op=WRITE_CHUNK {blockData=conID: 1 locID: 102696733160768043 bcsId: 0} | ret=SUCCESS |  
2019-08-28 21:29:48,720 | INFO  | DNAudit | user=null | ip=null | op=WRITE_CHUNK {blockData=conID: 1 locID: 102696733160768043 bcsId: 0} | ret=SUCCESS |  
2019-08-28 21:29:48,720 | INFO  | DNAudit | user=null | ip=null | op=WRITE_CHUNK {blockData=conID: 1 locID: 102696733160768043 bcsId: 0} | ret=SUCCESS |  
2019-08-28 21:29:48,734 | INFO  | DNAudit | user=null | ip=null | op=WRITE_CHUNK {blockData=conID: 1 locID: 102696733160768043 bcsId: 0} | ret=SUCCESS |  
2019-08-28 21:29:48,734 | INFO  | DNAudit | user=null | ip=null | op=PUT_BLOCK {blockData=[blockId=conID: 1 locID: 102696733160768043 bcsId: 0,size=1048576]} | ret=SUCCESS |  
2019-08-28 21:29:48,734 [grpc-default-executor-5] INFO  client.GrpcClientProtocolClient (GrpcClientProtocolClient.java:onNext(255)) - client-05DA20D107F8->b461a7b0-028a-4eb5-b268-b89ac225aff8: receive RaftClientReply:client-05DA20D107F8->b461a7b0-028a-4eb5-b268-b89ac225aff8@group-0C8C0AA7542A, cid=2111, SUCCESS, logIndex=3112, commits[b461a7b0-028a-4eb5-b268-b89ac225aff8:c3113, b6ff45f5-67b8-463b-a273-c2e7d9dadd75:c3111, 6a5cb75f-f7eb-4671-9a85-3b6f7898f6cc:c3111]
2019-08-28 21:29:48,735 | INFO  | DNAudit | user=null | ip=null | op=WRITE_CHUNK {blockData=conID: 1 locID: 102696733160768043 bcsId: 0} | ret=SUCCESS |  
2019-08-28 21:29:48,735 [grpc-default-executor-5] INFO  client.GrpcClientProtocolClient (GrpcClientProtocolClient.java:onNext(255)) - client-05DA20D107F8->b461a7b0-028a-4eb5-b268-b89ac225aff8: receive RaftClientReply:client-05DA20D107F8->b461a7b0-028a-4eb5-b268-b89ac225aff8@group-0C8C0AA7542A, cid=2112, SUCCESS, logIndex=3113, commits[b461a7b0-028a-4eb5-b268-b89ac225aff8:c3115, b6ff45f5-67b8-463b-a273-c2e7d9dadd75:c3111, 6a5cb75f-f7eb-4671-9a85-3b6f7898f6cc:c3111]
2019-08-28 21:29:48,735 | INFO  | DNAudit | user=null | ip=null | op=PUT_BLOCK {blockData=[blockId=conID: 1 locID: 102696733160768043 bcsId: 0,size=2097152]} | ret=SUCCESS |  
2019-08-28 21:29:48,735 [grpc-default-executor-5] INFO  client.GrpcClientProtocolClient (GrpcClientProtocolClient.java:onNext(255)) - client-05DA20D107F8->b461a7b0-028a-4eb5-b268-b89ac225aff8: receive RaftClientReply:client-05DA20D107F8->b461a7b0-028a-4eb5-b268-b89ac225aff8@group-0C8C0AA7542A, cid=2113, SUCCESS, logIndex=3114, commits[b461a7b0-028a-4eb5-b268-b89ac225aff8:c3115, b6ff45f5-67b8-463b-a273-c2e7d9dadd75:c3111, 6a5cb75f-f7eb-4671-9a85-3b6f7898f6cc:c3111]
2019-08-28 21:29:48,736 [grpc-default-executor-5] INFO  client.GrpcClientProtocolClient (GrpcClientProtocolClient.java:onNext(255)) - client-05DA20D107F8->b461a7b0-028a-4eb5-b268-b89ac225aff8: receive RaftClientReply:client-05DA20D107F8->b461a7b0-028a-4eb5-b268-b89ac225aff8@group-0C8C0AA7542A, cid=2114, SUCCESS, logIndex=3115, commits[b461a7b0-028a-4eb5-b268-b89ac225aff8:c3115, b6ff45f5-67b8-463b-a273-c2e7d9dadd75:c3111, 6a5cb75f-f7eb-4671-9a85-3b6f7898f6cc:c3111]
2019-08-28 21:29:48,736 | INFO  | DNAudit | user=null | ip=null | op=WRITE_CHUNK {blockData=conID: 1 locID: 102696733160768043 bcsId: 0} | ret=SUCCESS |  
2019-08-28 21:29:48,736 | INFO  | DNAudit | user=null | ip=null | op=PUT_BLOCK {blockData=[blockId=conID: 1 locID: 102696733160768043 bcsId: 0,size=1048576]} | ret=SUCCESS |  
2019-08-28 21:29:48,738 | INFO  | DNAudit | user=null | ip=null | op=WRITE_CHUNK {blockData=conID: 1 locID: 102696733160768043 bcsId: 0} | ret=SUCCESS |  
2019-08-28 21:29:48,738 | INFO  | DNAudit | user=null | ip=null | op=PUT_BLOCK {blockData=[blockId=conID: 1 locID: 102696733160768043 bcsId: 0,size=1048576]} | ret=SUCCESS |  
2019-08-28 21:29:48,739 [grpc-default-executor-5] INFO  client.GrpcClientProtocolClient (GrpcClientProtocolClient.java:onNext(255)) - client-05DA20D107F8->b461a7b0-028a-4eb5-b268-b89ac225aff8: receive RaftClientReply:client-05DA20D107F8->b461a7b0-028a-4eb5-b268-b89ac225aff8@group-0C8C0AA7542A, cid=2115, SUCCESS, logIndex=0, commits[b461a7b0-028a-4eb5-b268-b89ac225aff8:c3116, b6ff45f5-67b8-463b-a273-c2e7d9dadd75:c3113, 6a5cb75f-f7eb-4671-9a85-3b6f7898f6cc:c3113]
2019-08-28 21:29:48,744 | INFO  | DNAudit | user=null | ip=null | op=WRITE_CHUNK {blockData=conID: 1 locID: 102696733160768043 bcsId: 3115} | ret=SUCCESS |  
2019-08-28 21:29:48,746 | INFO  | DNAudit | user=null | ip=null | op=WRITE_CHUNK {blockData=conID: 1 locID: 102696733160768043 bcsId: 3115} | ret=SUCCESS |  
2019-08-28 21:29:48,747 | INFO  | DNAudit | user=null | ip=null | op=WRITE_CHUNK {blockData=conID: 1 locID: 102696733160768043 bcsId: 3115} | ret=SUCCESS |  
2019-08-28 21:29:48,750 | INFO  | DNAudit | user=null | ip=null | op=WRITE_CHUNK {blockData=conID: 1 locID: 102696733160768043 bcsId: 0} | ret=SUCCESS |  
2019-08-28 21:29:48,750 | INFO  | DNAudit | user=null | ip=null | op=WRITE_CHUNK {blockData=conID: 1 locID: 102696733160768043 bcsId: 0} | ret=SUCCESS |  
2019-08-28 21:29:48,750 | INFO  | DNAudit | user=null | ip=null | op=PUT_BLOCK {blockData=[blockId=conID: 1 locID: 102696733160768043 bcsId: 0,size=2097152]} | ret=SUCCESS |  
2019-08-28 21:29:48,750 | INFO  | DNAudit | user=null | ip=null | op=PUT_BLOCK {blockData=[blockId=conID: 1 locID: 102696733160768043 bcsId: 0,size=2097152]} | ret=SUCCESS |  
2019-08-28 21:29:48,759 | INFO  | DNAudit | user=null | ip=null | op=WRITE_CHUNK {blockData=conID: 1 locID: 102696733160768043 bcsId: 3115} | ret=SUCCESS |  
2019-08-28 21:29:48,759 | INFO  | DNAudit | user=null | ip=null | op=PUT_BLOCK {blockData=[blockId=conID: 1 locID: 102696733160768043 bcsId: 0,size=3145728]} | ret=SUCCESS |  
2019-08-28 21:29:48,759 [grpc-default-executor-1] INFO  client.GrpcClientProtocolClient (GrpcClientProtocolClient.java:onNext(255)) - client-05DA20D107F8->b461a7b0-028a-4eb5-b268-b89ac225aff8: receive RaftClientReply:client-05DA20D107F8->b461a7b0-028a-4eb5-b268-b89ac225aff8@group-0C8C0AA7542A, cid=2116, SUCCESS, logIndex=3120, commits[b461a7b0-028a-4eb5-b268-b89ac225aff8:c3121, b6ff45f5-67b8-463b-a273-c2e7d9dadd75:c3117, 6a5cb75f-f7eb-4671-9a85-3b6f7898f6cc:c3115]
2019-08-28 21:29:48,760 [grpc-default-executor-1] INFO  client.GrpcClientProtocolClient (GrpcClientProtocolClient.java:onNext(255)) - client-05DA20D107F8->b461a7b0-028a-4eb5-b268-b89ac225aff8: receive RaftClientReply:client-05DA20D107F8->b461a7b0-028a-4eb5-b268-b89ac225aff8@group-0C8C0AA7542A, cid=2117, SUCCESS, logIndex=3121, commits[b461a7b0-028a-4eb5-b268-b89ac225aff8:c3121, b6ff45f5-67b8-463b-a273-c2e7d9dadd75:c3117, 6a5cb75f-f7eb-4671-9a85-3b6f7898f6cc:c3117]
2019-08-28 21:29:48,768 | INFO  | DNAudit | user=null | ip=null | op=WRITE_CHUNK {blockData=conID: 1 locID: 102696733160768043 bcsId: 3121} | ret=SUCCESS |  
2019-08-28 21:29:48,770 | INFO  | DNAudit | user=null | ip=null | op=WRITE_CHUNK {blockData=conID: 1 locID: 102696733160768043 bcsId: 3121} | ret=SUCCESS |  
2019-08-28 21:29:48,770 | INFO  | DNAudit | user=null | ip=null | op=WRITE_CHUNK {blockData=conID: 1 locID: 102696733160768043 bcsId: 3121} | ret=SUCCESS |  
2019-08-28 21:29:48,772 | INFO  | DNAudit | user=null | ip=null | op=WRITE_CHUNK {blockData=conID: 1 locID: 102696733160768043 bcsId: 3115} | ret=SUCCESS |  
2019-08-28 21:29:48,772 | INFO  | DNAudit | user=null | ip=null | op=WRITE_CHUNK {blockData=conID: 1 locID: 102696733160768043 bcsId: 3115} | ret=SUCCESS |  
2019-08-28 21:29:48,772 | INFO  | DNAudit | user=null | ip=null | op=PUT_BLOCK {blockData=[blockId=conID: 1 locID: 102696733160768043 bcsId: 0,size=3145728]} | ret=SUCCESS |  
2019-08-28 21:29:48,772 | INFO  | DNAudit | user=null | ip=null | op=PUT_BLOCK {blockData=[blockId=conID: 1 locID: 102696733160768043 bcsId: 0,size=3145728]} | ret=SUCCESS |  
2019-08-28 21:29:48,775 | INFO  | DNAudit | user=null | ip=null | op=WRITE_CHUNK {blockData=conID: 1 locID: 102696733160768043 bcsId: 3121} | ret=SUCCESS |  
2019-08-28 21:29:48,776 | INFO  | DNAudit | user=null | ip=null | op=PUT_BLOCK {blockData=[blockId=conID: 1 locID: 102696733160768043 bcsId: 0,size=4194304]} | ret=SUCCESS |  
2019-08-28 21:29:48,776 [grpc-default-executor-6] INFO  client.GrpcClientProtocolClient (GrpcClientProtocolClient.java:onNext(255)) - client-05DA20D107F8->b461a7b0-028a-4eb5-b268-b89ac225aff8: receive RaftClientReply:client-05DA20D107F8->b461a7b0-028a-4eb5-b268-b89ac225aff8@group-0C8C0AA7542A, cid=2118, SUCCESS, logIndex=3123, commits[b461a7b0-028a-4eb5-b268-b89ac225aff8:c3124, b6ff45f5-67b8-463b-a273-c2e7d9dadd75:c3121, 6a5cb75f-f7eb-4671-9a85-3b6f7898f6cc:c3121]
2019-08-28 21:29:48,776 [grpc-default-executor-6] INFO  client.GrpcClientProtocolClient (GrpcClientProtocolClient.java:onNext(255)) - client-05DA20D107F8->b461a7b0-028a-4eb5-b268-b89ac225aff8: receive RaftClientReply:client-05DA20D107F8->b461a7b0-028a-4eb5-b268-b89ac225aff8@group-0C8C0AA7542A, cid=2119, SUCCESS, logIndex=3124, commits[b461a7b0-028a-4eb5-b268-b89ac225aff8:c3124, b6ff45f5-67b8-463b-a273-c2e7d9dadd75:c3121, 6a5cb75f-f7eb-4671-9a85-3b6f7898f6cc:c3121]
2019-08-28 21:29:48,787 | INFO  | DNAudit | user=null | ip=null | op=WRITE_CHUNK {blockData=conID: 1 locID: 102696733160768043 bcsId: 3121} | ret=SUCCESS |  
2019-08-28 21:29:48,787 | INFO  | DNAudit | user=null | ip=null | op=WRITE_CHUNK {blockData=conID: 1 locID: 102696733160768043 bcsId: 3121} | ret=SUCCESS |  
2019-08-28 21:29:48,800 | INFO  | DNAudit | user=null | ip=null | op=PUT_BLOCK {blockData=[blockId=conID: 1 locID: 102696733160768043 bcsId: 0,size=4194304]} | ret=SUCCESS |  
2019-08-28 21:29:48,800 | INFO  | DNAudit | user=null | ip=null | op=PUT_BLOCK {blockData=[blockId=conID: 1 locID: 102696733160768043 bcsId: 0,size=4194304]} | ret=SUCCESS |  
2019-08-28 21:29:48,801 [grpc-default-executor-6] INFO  client.GrpcClientProtocolClient (GrpcClientProtocolClient.java:onNext(255)) - client-05DA20D107F8->b461a7b0-028a-4eb5-b268-b89ac225aff8: receive RaftClientReply:client-05DA20D107F8->b461a7b0-028a-4eb5-b268-b89ac225aff8@group-0C8C0AA7542A, cid=2120, SUCCESS, logIndex=0, commits[b461a7b0-028a-4eb5-b268-b89ac225aff8:c3126, b6ff45f5-67b8-463b-a273-c2e7d9dadd75:c3124, 6a5cb75f-f7eb-4671-9a85-3b6f7898f6cc:c3124]
2019-08-28 21:29:48,805 | INFO  | SCMAudit | user=jenkins1000 | ip=127.0.0.1 | op=ALLOCATE_BLOCK {owner=a0140aad-a474-4492-a39d-25bd6167d9f0, size=4194304, type=RATIS, factor=THREE} | ret=SUCCESS |  
2019-08-28 21:29:48,807 | INFO  | OMAudit | user=jenkins1000 | ip=127.0.0.1 | op=ALLOCATE_BLOCK {volume=vol-0-08922, bucket=bucket-0-29862, key=key-0-31337, dataSize=0, replicationType=null, replicationFactor=null, keyLocationInfo=null, clientID=102696731548516754} | ret=SUCCESS |  
2019-08-28 21:29:48,813 | INFO  | DNAudit | user=null | ip=null | op=WRITE_CHUNK {blockData=conID: 2 locID: 102696733167125036 bcsId: 0} | ret=SUCCESS |  
2019-08-28 21:29:48,814 | INFO  | DNAudit | user=null | ip=null | op=WRITE_CHUNK {blockData=conID: 2 locID: 102696733167125036 bcsId: 0} | ret=SUCCESS |  
2019-08-28 21:29:48,815 | INFO  | DNAudit | user=null | ip=null | op=WRITE_CHUNK {blockData=conID: 2 locID: 102696733167125036 bcsId: 0} | ret=SUCCESS |  
2019-08-28 21:29:48,815 | INFO  | DNAudit | user=null | ip=null | op=WRITE_CHUNK {blockData=conID: 2 locID: 102696733167125036 bcsId: 0} | ret=SUCCESS |  
2019-08-28 21:29:48,816 | INFO  | DNAudit | user=null | ip=null | op=WRITE_CHUNK {blockData=conID: 2 locID: 102696733167125036 bcsId: 0} | ret=SUCCESS |  
2019-08-28 21:29:48,816 | INFO  | DNAudit | user=null | ip=null | op=WRITE_CHUNK {blockData=conID: 2 locID: 102696733167125036 bcsId: 0} | ret=SUCCESS |  
2019-08-28 21:29:48,825 | INFO  | DNAudit | user=null | ip=null | op=WRITE_CHUNK {blockData=conID: 2 locID: 102696733167125036 bcsId: 0} | ret=SUCCESS |  
2019-08-28 21:29:48,825 | INFO  | DNAudit | user=null | ip=null | op=PUT_BLOCK {blockData=[blockId=conID: 2 locID: 102696733167125036 bcsId: 0,size=1048576]} | ret=SUCCESS |  
2019-08-28 21:29:48,825 [grpc-default-executor-5] INFO  client.GrpcClientProtocolClient (GrpcClientProtocolClient.java:onNext(255)) - client-05DA20D107F8->b461a7b0-028a-4eb5-b268-b89ac225aff8: receive RaftClientReply:client-05DA20D107F8->b461a7b0-028a-4eb5-b268-b89ac225aff8@group-0C8C0AA7542A, cid=2121, SUCCESS, logIndex=3127, commits[b461a7b0-028a-4eb5-b268-b89ac225aff8:c3129, b6ff45f5-67b8-463b-a273-c2e7d9dadd75:c3126, 6a5cb75f-f7eb-4671-9a85-3b6f7898f6cc:c3126]
2019-08-28 21:29:48,826 | INFO  | DNAudit | user=null | ip=null | op=WRITE_CHUNK {blockData=conID: 2 locID: 102696733167125036 bcsId: 0} | ret=SUCCESS |  
2019-08-28 21:29:48,826 | INFO  | DNAudit | user=null | ip=null | op=PUT_BLOCK {blockData=[blockId=conID: 2 locID: 102696733167125036 bcsId: 0,size=2097152]} | ret=SUCCESS |  
2019-08-28 21:29:48,826 [grpc-default-executor-5] INFO  client.GrpcClientProtocolClient (GrpcClientProtocolClient.java:onNext(255)) - client-05DA20D107F8->b461a7b0-028a-4eb5-b268-b89ac225aff8: receive RaftClientReply:client-05DA20D107F8->b461a7b0-028a-4eb5-b268-b89ac225aff8@group-0C8C0AA7542A, cid=2122, SUCCESS, logIndex=3128, commits[b461a7b0-028a-4eb5-b268-b89ac225aff8:c3130, b6ff45f5-67b8-463b-a273-c2e7d9dadd75:c3126, 6a5cb75f-f7eb-4671-9a85-3b6f7898f6cc:c3126]
2019-08-28 21:29:48,826 [grpc-default-executor-5] INFO  client.GrpcClientProtocolClient (GrpcClientProtocolClient.java:onNext(255)) - client-05DA20D107F8->b461a7b0-028a-4eb5-b268-b89ac225aff8: receive RaftClientReply:client-05DA20D107F8->b461a7b0-028a-4eb5-b268-b89ac225aff8@group-0C8C0AA7542A, cid=2123, SUCCESS, logIndex=3129, commits[b461a7b0-028a-4eb5-b268-b89ac225aff8:c3130, b6ff45f5-67b8-463b-a273-c2e7d9dadd75:c3126, 6a5cb75f-f7eb-4671-9a85-3b6f7898f6cc:c3126]
2019-08-28 21:29:48,826 [grpc-default-executor-5] INFO  client.GrpcClientProtocolClient (GrpcClientProtocolClient.java:onNext(255)) - client-05DA20D107F8->b461a7b0-028a-4eb5-b268-b89ac225aff8: receive RaftClientReply:client-05DA20D107F8->b461a7b0-028a-4eb5-b268-b89ac225aff8@group-0C8C0AA7542A, cid=2124, SUCCESS, logIndex=3130, commits[b461a7b0-028a-4eb5-b268-b89ac225aff8:c3130, b6ff45f5-67b8-463b-a273-c2e7d9dadd75:c3126, 6a5cb75f-f7eb-4671-9a85-3b6f7898f6cc:c3126]
2019-08-28 21:29:48,834 | INFO  | DNAudit | user=null | ip=null | op=WRITE_CHUNK {blockData=conID: 2 locID: 102696733167125036 bcsId: 0} | ret=SUCCESS |  
2019-08-28 21:29:48,834 | INFO  | DNAudit | user=null | ip=null | op=WRITE_CHUNK {blockData=conID: 2 locID: 102696733167125036 bcsId: 0} | ret=SUCCESS |  
2019-08-28 21:29:48,834 | INFO  | DNAudit | user=null | ip=null | op=PUT_BLOCK {blockData=[blockId=conID: 2 locID: 102696733167125036 bcsId: 0,size=1048576]} | ret=SUCCESS |  
2019-08-28 21:29:48,834 | INFO  | DNAudit | user=null | ip=null | op=PUT_BLOCK {blockData=[blockId=conID: 2 locID: 102696733167125036 bcsId: 0,size=1048576]} | ret=SUCCESS |  
2019-08-28 21:29:48,834 [grpc-default-executor-1] INFO  client.GrpcClientProtocolClient (GrpcClientProtocolClient.java:onNext(255)) - client-05DA20D107F8->b461a7b0-028a-4eb5-b268-b89ac225aff8: receive RaftClientReply:client-05DA20D107F8->b461a7b0-028a-4eb5-b268-b89ac225aff8@group-0C8C0AA7542A, cid=2125, SUCCESS, logIndex=0, commits[b461a7b0-028a-4eb5-b268-b89ac225aff8:c3130, b6ff45f5-67b8-463b-a273-c2e7d9dadd75:c3128, 6a5cb75f-f7eb-4671-9a85-3b6f7898f6cc:c3128]
2019-08-28 21:29:48,837 | INFO  | DNAudit | user=null | ip=null | op=WRITE_CHUNK {blockData=conID: 2 locID: 102696733167125036 bcsId: 0} | ret=SUCCESS |  
2019-08-28 21:29:48,837 | INFO  | DNAudit | user=null | ip=null | op=PUT_BLOCK {blockData=[blockId=conID: 2 locID: 102696733167125036 bcsId: 0,size=2097152]} | ret=SUCCESS |  
2019-08-28 21:29:48,837 | INFO  | DNAudit | user=null | ip=null | op=WRITE_CHUNK {blockData=conID: 2 locID: 102696733167125036 bcsId: 0} | ret=SUCCESS |  
2019-08-28 21:29:48,837 | INFO  | DNAudit | user=null | ip=null | op=PUT_BLOCK {blockData=[blockId=conID: 2 locID: 102696733167125036 bcsId: 0,size=2097152]} | ret=SUCCESS |  
2019-08-28 21:29:48,839 | INFO  | DNAudit | user=null | ip=null | op=WRITE_CHUNK {blockData=conID: 2 locID: 102696733167125036 bcsId: 3130} | ret=SUCCESS |  
2019-08-28 21:29:48,842 | INFO  | DNAudit | user=null | ip=null | op=WRITE_CHUNK {blockData=conID: 2 locID: 102696733167125036 bcsId: 3130} | ret=SUCCESS |  
2019-08-28 21:29:48,842 | INFO  | DNAudit | user=null | ip=null | op=WRITE_CHUNK {blockData=conID: 2 locID: 102696733167125036 bcsId: 3130} | ret=SUCCESS |  
2019-08-28 21:29:48,845 | INFO  | DNAudit | user=null | ip=null | op=WRITE_CHUNK {blockData=conID: 2 locID: 102696733167125036 bcsId: 3130} | ret=SUCCESS |  
2019-08-28 21:29:48,845 | INFO  | DNAudit | user=null | ip=null | op=PUT_BLOCK {blockData=[blockId=conID: 2 locID: 102696733167125036 bcsId: 0,size=3145728]} | ret=SUCCESS |  
2019-08-28 21:29:48,845 [grpc-default-executor-6] INFO  client.GrpcClientProtocolClient (GrpcClientProtocolClient.java:onNext(255)) - client-05DA20D107F8->b461a7b0-028a-4eb5-b268-b89ac225aff8: receive RaftClientReply:client-05DA20D107F8->b461a7b0-028a-4eb5-b268-b89ac225aff8@group-0C8C0AA7542A, cid=2126, SUCCESS, logIndex=3135, commits[b461a7b0-028a-4eb5-b268-b89ac225aff8:c3136, b6ff45f5-67b8-463b-a273-c2e7d9dadd75:c3134, 6a5cb75f-f7eb-4671-9a85-3b6f7898f6cc:c3134]
2019-08-28 21:29:48,845 [grpc-default-executor-6] INFO  client.GrpcClientProtocolClient (GrpcClientProtocolClient.java:onNext(255)) - client-05DA20D107F8->b461a7b0-028a-4eb5-b268-b89ac225aff8: receive RaftClientReply:client-05DA20D107F8->b461a7b0-028a-4eb5-b268-b89ac225aff8@group-0C8C0AA7542A, cid=2127, SUCCESS, logIndex=3136, commits[b461a7b0-028a-4eb5-b268-b89ac225aff8:c3136, b6ff45f5-67b8-463b-a273-c2e7d9dadd75:c3134, 6a5cb75f-f7eb-4671-9a85-3b6f7898f6cc:c3134]
2019-08-28 21:29:48,851 | INFO  | DNAudit | user=null | ip=null | op=WRITE_CHUNK {blockData=conID: 2 locID: 102696733167125036 bcsId: 3136} | ret=SUCCESS |  
2019-08-28 21:29:48,853 | INFO  | DNAudit | user=null | ip=null | op=WRITE_CHUNK {blockData=conID: 2 locID: 102696733167125036 bcsId: 3136} | ret=SUCCESS |  
2019-08-28 21:29:48,853 | INFO  | DNAudit | user=null | ip=null | op=WRITE_CHUNK {blockData=conID: 2 locID: 102696733167125036 bcsId: 3136} | ret=SUCCESS |  
2019-08-28 21:29:48,857 | INFO  | DNAudit | user=null | ip=null | op=WRITE_CHUNK {blockData=conID: 2 locID: 102696733167125036 bcsId: 3130} | ret=SUCCESS |  
2019-08-28 21:29:48,857 | INFO  | DNAudit | user=null | ip=null | op=WRITE_CHUNK {blockData=conID: 2 locID: 102696733167125036 bcsId: 3130} | ret=SUCCESS |  
2019-08-28 21:29:48,860 | INFO  | DNAudit | user=null | ip=null | op=PUT_BLOCK {blockData=[blockId=conID: 2 locID: 102696733167125036 bcsId: 0,size=3145728]} | ret=SUCCESS |  
2019-08-28 21:29:48,860 | INFO  | DNAudit | user=null | ip=null | op=PUT_BLOCK {blockData=[blockId=conID: 2 locID: 102696733167125036 bcsId: 0,size=3145728]} | ret=SUCCESS |  
2019-08-28 21:29:48,860 | INFO  | DNAudit | user=null | ip=null | op=WRITE_CHUNK {blockData=conID: 2 locID: 102696733167125036 bcsId: 3136} | ret=SUCCESS |  
2019-08-28 21:29:48,860 | INFO  | DNAudit | user=null | ip=null | op=PUT_BLOCK {blockData=[blockId=conID: 2 locID: 102696733167125036 bcsId: 0,size=4194304]} | ret=SUCCESS |  
2019-08-28 21:29:48,860 [grpc-default-executor-3] INFO  client.GrpcClientProtocolClient (GrpcClientProtocolClient.java:onNext(255)) - client-05DA20D107F8->b461a7b0-028a-4eb5-b268-b89ac225aff8: receive RaftClientReply:client-05DA20D107F8->b461a7b0-028a-4eb5-b268-b89ac225aff8@group-0C8C0AA7542A, cid=2128, SUCCESS, logIndex=3139, commits[b461a7b0-028a-4eb5-b268-b89ac225aff8:c3140, b6ff45f5-67b8-463b-a273-c2e7d9dadd75:c3136, 6a5cb75f-f7eb-4671-9a85-3b6f7898f6cc:c3136]
2019-08-28 21:29:48,861 [grpc-default-executor-3] INFO  client.GrpcClientProtocolClient (GrpcClientProtocolClient.java:onNext(255)) - client-05DA20D107F8->b461a7b0-028a-4eb5-b268-b89ac225aff8: receive RaftClientReply:client-05DA20D107F8->b461a7b0-028a-4eb5-b268-b89ac225aff8@group-0C8C0AA7542A, cid=2129, SUCCESS, logIndex=3140, commits[b461a7b0-028a-4eb5-b268-b89ac225aff8:c3140, b6ff45f5-67b8-463b-a273-c2e7d9dadd75:c3136, 6a5cb75f-f7eb-4671-9a85-3b6f7898f6cc:c3136]
2019-08-28 21:29:48,865 | INFO  | DNAudit | user=null | ip=null | op=WRITE_CHUNK {blockData=conID: 2 locID: 102696733167125036 bcsId: 3136} | ret=SUCCESS |  
2019-08-28 21:29:48,866 | INFO  | DNAudit | user=null | ip=null | op=WRITE_CHUNK {blockData=conID: 2 locID: 102696733167125036 bcsId: 3136} | ret=SUCCESS |  
2019-08-28 21:29:48,869 | INFO  | DNAudit | user=null | ip=null | op=PUT_BLOCK {blockData=[blockId=conID: 2 locID: 102696733167125036 bcsId: 0,size=4194304]} | ret=SUCCESS |  
2019-08-28 21:29:48,869 | INFO  | DNAudit | user=null | ip=null | op=PUT_BLOCK {blockData=[blockId=conID: 2 locID: 102696733167125036 bcsId: 0,size=4194304]} | ret=SUCCESS |  
2019-08-28 21:29:48,869 [grpc-default-executor-3] INFO  client.GrpcClientProtocolClient (GrpcClientProtocolClient.java:onNext(255)) - client-05DA20D107F8->b461a7b0-028a-4eb5-b268-b89ac225aff8: receive RaftClientReply:client-05DA20D107F8->b461a7b0-028a-4eb5-b268-b89ac225aff8@group-0C8C0AA7542A, cid=2130, SUCCESS, logIndex=0, commits[b461a7b0-028a-4eb5-b268-b89ac225aff8:c3142, b6ff45f5-67b8-463b-a273-c2e7d9dadd75:c3140, 6a5cb75f-f7eb-4671-9a85-3b6f7898f6cc:c3140]
2019-08-28 21:29:48,873 | INFO  | SCMAudit | user=jenkins1000 | ip=127.0.0.1 | op=ALLOCATE_BLOCK {owner=a0140aad-a474-4492-a39d-25bd6167d9f0, size=4194304, type=RATIS, factor=THREE} | ret=SUCCESS |  
2019-08-28 21:29:48,875 | INFO  | OMAudit | user=jenkins1000 | ip=127.0.0.1 | op=ALLOCATE_BLOCK {volume=vol-0-08922, bucket=bucket-0-29862, key=key-0-31337, dataSize=0, replicationType=null, replicationFactor=null, keyLocationInfo=null, clientID=102696731548516754} | ret=SUCCESS |  
2019-08-28 21:29:48,881 | INFO  | DNAudit | user=null | ip=null | op=WRITE_CHUNK {blockData=conID: 3 locID: 102696733171581485 bcsId: 0} | ret=SUCCESS |  
2019-08-28 21:29:48,883 | INFO  | DNAudit | user=null | ip=null | op=WRITE_CHUNK {blockData=conID: 3 locID: 102696733171581485 bcsId: 0} | ret=SUCCESS |  
2019-08-28 21:29:48,883 | INFO  | DNAudit | user=null | ip=null | op=WRITE_CHUNK {blockData=conID: 3 locID: 102696733171581485 bcsId: 0} | ret=SUCCESS |  
2019-08-28 21:29:48,884 | INFO  | DNAudit | user=null | ip=null | op=WRITE_CHUNK {blockData=conID: 3 locID: 102696733171581485 bcsId: 0} | ret=SUCCESS |  
2019-08-28 21:29:48,886 | INFO  | DNAudit | user=null | ip=null | op=WRITE_CHUNK {blockData=conID: 3 locID: 102696733171581485 bcsId: 0} | ret=SUCCESS |  
2019-08-28 21:29:48,886 | INFO  | DNAudit | user=null | ip=null | op=WRITE_CHUNK {blockData=conID: 3 locID: 102696733171581485 bcsId: 0} | ret=SUCCESS |  
2019-08-28 21:29:48,910 | INFO  | DNAudit | user=null | ip=null | op=WRITE_CHUNK {blockData=conID: 3 locID: 102696733171581485 bcsId: 0} | ret=SUCCESS |  
2019-08-28 21:29:48,910 | INFO  | DNAudit | user=null | ip=null | op=PUT_BLOCK {blockData=[blockId=conID: 3 locID: 102696733171581485 bcsId: 0,size=1048576]} | ret=SUCCESS |  
2019-08-28 21:29:48,910 [grpc-default-executor-3] INFO  client.GrpcClientProtocolClient (GrpcClientProtocolClient.java:onNext(255)) - client-05DA20D107F8->b461a7b0-028a-4eb5-b268-b89ac225aff8: receive RaftClientReply:client-05DA20D107F8->b461a7b0-028a-4eb5-b268-b89ac225aff8@group-0C8C0AA7542A, cid=2131, SUCCESS, logIndex=3143, commits[b461a7b0-028a-4eb5-b268-b89ac225aff8:c3144, b6ff45f5-67b8-463b-a273-c2e7d9dadd75:c3142, 6a5cb75f-f7eb-4671-9a85-3b6f7898f6cc:c3142]
2019-08-28 21:29:48,911 [grpc-default-executor-3] INFO  client.GrpcClientProtocolClient (GrpcClientProtocolClient.java:onNext(255)) - client-05DA20D107F8->b461a7b0-028a-4eb5-b268-b89ac225aff8: receive RaftClientReply:client-05DA20D107F8->b461a7b0-028a-4eb5-b268-b89ac225aff8@group-0C8C0AA7542A, cid=2132, SUCCESS, logIndex=3144, commits[b461a7b0-028a-4eb5-b268-b89ac225aff8:c3144, b6ff45f5-67b8-463b-a273-c2e7d9dadd75:c3142, 6a5cb75f-f7eb-4671-9a85-3b6f7898f6cc:c3142]
2019-08-28 21:29:48,921 | INFO  | DNAudit | user=null | ip=null | op=WRITE_CHUNK {blockData=conID: 3 locID: 102696733171581485 bcsId: 0} | ret=SUCCESS |  
2019-08-28 21:29:48,922 | INFO  | DNAudit | user=null | ip=null | op=PUT_BLOCK {blockData=[blockId=conID: 3 locID: 102696733171581485 bcsId: 0,size=2097152]} | ret=SUCCESS |  
2019-08-28 21:29:48,922 [grpc-default-executor-1] INFO  client.GrpcClientProtocolClient (GrpcClientProtocolClient.java:onNext(255)) - client-05DA20D107F8->b461a7b0-028a-4eb5-b268-b89ac225aff8: receive RaftClientReply:client-05DA20D107F8->b461a7b0-028a-4eb5-b268-b89ac225aff8@group-0C8C0AA7542A, cid=2133, SUCCESS, logIndex=3145, commits[b461a7b0-028a-4eb5-b268-b89ac225aff8:c3146, b6ff45f5-67b8-463b-a273-c2e7d9dadd75:c3142, 6a5cb75f-f7eb-4671-9a85-3b6f7898f6cc:c3142]
2019-08-28 21:29:48,922 [grpc-default-executor-1] INFO  client.GrpcClientProtocolClient (GrpcClientProtocolClient.java:onNext(255)) - client-05DA20D107F8->b461a7b0-028a-4eb5-b268-b89ac225aff8: receive RaftClientReply:client-05DA20D107F8->b461a7b0-028a-4eb5-b268-b89ac225aff8@group-0C8C0AA7542A, cid=2134, SUCCESS, logIndex=3146, commits[b461a7b0-028a-4eb5-b268-b89ac225aff8:c3146, b6ff45f5-67b8-463b-a273-c2e7d9dadd75:c3142, 6a5cb75f-f7eb-4671-9a85-3b6f7898f6cc:c3142]
2019-08-28 21:29:48,927 | INFO  | DNAudit | user=null | ip=null | op=WRITE_CHUNK {blockData=conID: 3 locID: 102696733171581485 bcsId: 0} | ret=SUCCESS |  
2019-08-28 21:29:48,927 | INFO  | DNAudit | user=null | ip=null | op=WRITE_CHUNK {blockData=conID: 3 locID: 102696733171581485 bcsId: 0} | ret=SUCCESS |  
2019-08-28 21:29:48,928 | INFO  | DNAudit | user=null | ip=null | op=PUT_BLOCK {blockData=[blockId=conID: 3 locID: 102696733171581485 bcsId: 0,size=1048576]} | ret=SUCCESS |  
2019-08-28 21:29:48,928 | INFO  | DNAudit | user=null | ip=null | op=PUT_BLOCK {blockData=[blockId=conID: 3 locID: 102696733171581485 bcsId: 0,size=1048576]} | ret=SUCCESS |  
2019-08-28 21:29:48,928 [grpc-default-executor-1] INFO  client.GrpcClientProtocolClient (GrpcClientProtocolClient.java:onNext(255)) - client-05DA20D107F8->b461a7b0-028a-4eb5-b268-b89ac225aff8: receive RaftClientReply:client-05DA20D107F8->b461a7b0-028a-4eb5-b268-b89ac225aff8@group-0C8C0AA7542A, cid=2135, SUCCESS, logIndex=0, commits[b461a7b0-028a-4eb5-b268-b89ac225aff8:c3146, b6ff45f5-67b8-463b-a273-c2e7d9dadd75:c3144, 6a5cb75f-f7eb-4671-9a85-3b6f7898f6cc:c3144]
2019-08-28 21:29:48,934 | INFO  | DNAudit | user=null | ip=null | op=WRITE_CHUNK {blockData=conID: 3 locID: 102696733171581485 bcsId: 3146} | ret=SUCCESS |  
2019-08-28 21:29:48,937 | INFO  | DNAudit | user=null | ip=null | op=WRITE_CHUNK {blockData=conID: 3 locID: 102696733171581485 bcsId: 3146} | ret=SUCCESS |  
2019-08-28 21:29:48,937 | INFO  | DNAudit | user=null | ip=null | op=WRITE_CHUNK {blockData=conID: 3 locID: 102696733171581485 bcsId: 3146} | ret=SUCCESS |  
2019-08-28 21:29:48,942 | INFO  | DNAudit | user=null | ip=null | op=WRITE_CHUNK {blockData=conID: 3 locID: 102696733171581485 bcsId: 0} | ret=SUCCESS |  
2019-08-28 21:29:48,943 | INFO  | DNAudit | user=null | ip=null | op=WRITE_CHUNK {blockData=conID: 3 locID: 102696733171581485 bcsId: 0} | ret=SUCCESS |  
2019-08-28 21:29:48,943 | INFO  | DNAudit | user=null | ip=null | op=PUT_BLOCK {blockData=[blockId=conID: 3 locID: 102696733171581485 bcsId: 0,size=2097152]} | ret=SUCCESS |  
2019-08-28 21:29:48,943 | INFO  | DNAudit | user=null | ip=null | op=PUT_BLOCK {blockData=[blockId=conID: 3 locID: 102696733171581485 bcsId: 0,size=2097152]} | ret=SUCCESS |  
2019-08-28 21:29:48,944 | INFO  | DNAudit | user=null | ip=null | op=WRITE_CHUNK {blockData=conID: 3 locID: 102696733171581485 bcsId: 3146} | ret=SUCCESS |  
2019-08-28 21:29:48,944 | INFO  | DNAudit | user=null | ip=null | op=PUT_BLOCK {blockData=[blockId=conID: 3 locID: 102696733171581485 bcsId: 0,size=3145728]} | ret=SUCCESS |  
2019-08-28 21:29:48,945 [grpc-default-executor-1] INFO  client.GrpcClientProtocolClient (GrpcClientProtocolClient.java:onNext(255)) - client-05DA20D107F8->b461a7b0-028a-4eb5-b268-b89ac225aff8: receive RaftClientReply:client-05DA20D107F8->b461a7b0-028a-4eb5-b268-b89ac225aff8@group-0C8C0AA7542A, cid=2136, SUCCESS, logIndex=3151, commits[b461a7b0-028a-4eb5-b268-b89ac225aff8:c3152, b6ff45f5-67b8-463b-a273-c2e7d9dadd75:c3148, 6a5cb75f-f7eb-4671-9a85-3b6f7898f6cc:c3146]
2019-08-28 21:29:48,945 [grpc-default-executor-1] INFO  client.GrpcClientProtocolClient (GrpcClientProtocolClient.java:onNext(255)) - client-05DA20D107F8->b461a7b0-028a-4eb5-b268-b89ac225aff8: receive RaftClientReply:client-05DA20D107F8->b461a7b0-028a-4eb5-b268-b89ac225aff8@group-0C8C0AA7542A, cid=2137, SUCCESS, logIndex=3152, commits[b461a7b0-028a-4eb5-b268-b89ac225aff8:c3152, b6ff45f5-67b8-463b-a273-c2e7d9dadd75:c3148, 6a5cb75f-f7eb-4671-9a85-3b6f7898f6cc:c3146]
2019-08-28 21:29:48,947 | INFO  | DNAudit | user=null | ip=null | op=WRITE_CHUNK {blockData=conID: 3 locID: 102696733171581485 bcsId: 3146} | ret=SUCCESS |  
2019-08-28 21:29:48,947 | INFO  | DNAudit | user=null | ip=null | op=PUT_BLOCK {blockData=[blockId=conID: 3 locID: 102696733171581485 bcsId: 0,size=3145728]} | ret=SUCCESS |  
2019-08-28 21:29:48,947 | INFO  | DNAudit | user=null | ip=null | op=WRITE_CHUNK {blockData=conID: 3 locID: 102696733171581485 bcsId: 3146} | ret=SUCCESS |  
2019-08-28 21:29:48,947 | INFO  | DNAudit | user=null | ip=null | op=PUT_BLOCK {blockData=[blockId=conID: 3 locID: 102696733171581485 bcsId: 0,size=3145728]} | ret=SUCCESS |  
2019-08-28 21:29:48,951 | INFO  | DNAudit | user=null | ip=null | op=WRITE_CHUNK {blockData=conID: 3 locID: 102696733171581485 bcsId: 3152} | ret=SUCCESS |  
2019-08-28 21:29:48,954 | INFO  | DNAudit | user=null | ip=null | op=WRITE_CHUNK {blockData=conID: 3 locID: 102696733171581485 bcsId: 3152} | ret=SUCCESS |  
2019-08-28 21:29:48,954 | INFO  | DNAudit | user=null | ip=null | op=WRITE_CHUNK {blockData=conID: 3 locID: 102696733171581485 bcsId: 3152} | ret=SUCCESS |  
2019-08-28 21:29:48,962 | INFO  | DNAudit | user=null | ip=null | op=WRITE_CHUNK {blockData=conID: 3 locID: 102696733171581485 bcsId: 3152} | ret=SUCCESS |  
2019-08-28 21:29:48,962 | INFO  | DNAudit | user=null | ip=null | op=PUT_BLOCK {blockData=[blockId=conID: 3 locID: 102696733171581485 bcsId: 0,size=4194304]} | ret=SUCCESS |  
2019-08-28 21:29:48,962 [grpc-default-executor-1] INFO  client.GrpcClientProtocolClient (GrpcClientProtocolClient.java:onNext(255)) - client-05DA20D107F8->b461a7b0-028a-4eb5-b268-b89ac225aff8: receive RaftClientReply:client-05DA20D107F8->b461a7b0-028a-4eb5-b268-b89ac225aff8@group-0C8C0AA7542A, cid=2138, SUCCESS, logIndex=3155, commits[b461a7b0-028a-4eb5-b268-b89ac225aff8:c3156, b6ff45f5-67b8-463b-a273-c2e7d9dadd75:c3154, 6a5cb75f-f7eb-4671-9a85-3b6f7898f6cc:c3154]
2019-08-28 21:29:48,962 [grpc-default-executor-1] INFO  client.GrpcClientProtocolClient (GrpcClientProtocolClient.java:onNext(255)) - client-05DA20D107F8->b461a7b0-028a-4eb5-b268-b89ac225aff8: receive RaftClientReply:client-05DA20D107F8->b461a7b0-028a-4eb5-b268-b89ac225aff8@group-0C8C0AA7542A, cid=2139, SUCCESS, logIndex=3156, commits[b461a7b0-028a-4eb5-b268-b89ac225aff8:c3156, b6ff45f5-67b8-463b-a273-c2e7d9dadd75:c3154, 6a5cb75f-f7eb-4671-9a85-3b6f7898f6cc:c3154]
2019-08-28 21:29:48,981 | INFO  | DNAudit | user=null | ip=null | op=WRITE_CHUNK {blockData=conID: 3 locID: 102696733171581485 bcsId: 3152} | ret=SUCCESS |  
2019-08-28 21:29:48,981 | INFO  | DNAudit | user=null | ip=null | op=WRITE_CHUNK {blockData=conID: 3 locID: 102696733171581485 bcsId: 3152} | ret=SUCCESS |  
2019-08-28 21:29:48,981 | INFO  | DNAudit | user=null | ip=null | op=PUT_BLOCK {blockData=[blockId=conID: 3 locID: 102696733171581485 bcsId: 0,size=4194304]} | ret=SUCCESS |  
2019-08-28 21:29:48,982 | INFO  | DNAudit | user=null | ip=null | op=PUT_BLOCK {blockData=[blockId=conID: 3 locID: 102696733171581485 bcsId: 0,size=4194304]} | ret=SUCCESS |  
2019-08-28 21:29:48,982 [grpc-default-executor-3] INFO  client.GrpcClientProtocolClient (GrpcClientProtocolClient.java:onNext(255)) - client-05DA20D107F8->b461a7b0-028a-4eb5-b268-b89ac225aff8: receive RaftClientReply:client-05DA20D107F8->b461a7b0-028a-4eb5-b268-b89ac225aff8@group-0C8C0AA7542A, cid=2140, SUCCESS, logIndex=0, commits[b461a7b0-028a-4eb5-b268-b89ac225aff8:c3157, b6ff45f5-67b8-463b-a273-c2e7d9dadd75:c3156, 6a5cb75f-f7eb-4671-9a85-3b6f7898f6cc:c3156]
2019-08-28 21:29:48,986 | INFO  | SCMAudit | user=jenkins1000 | ip=127.0.0.1 | op=ALLOCATE_BLOCK {owner=a0140aad-a474-4492-a39d-25bd6167d9f0, size=4194304, type=RATIS, factor=THREE} | ret=SUCCESS |  
2019-08-28 21:29:48,989 | INFO  | OMAudit | user=jenkins1000 | ip=127.0.0.1 | op=ALLOCATE_BLOCK {volume=vol-0-08922, bucket=bucket-0-29862, key=key-0-31337, dataSize=0, replicationType=null, replicationFactor=null, keyLocationInfo=null, clientID=102696731548516754} | ret=SUCCESS |  
2019-08-28 21:29:48,995 | INFO  | DNAudit | user=null | ip=null | op=WRITE_CHUNK {blockData=conID: 1 locID: 102696733178987054 bcsId: 0} | ret=SUCCESS |  
2019-08-28 21:29:48,997 | INFO  | DNAudit | user=null | ip=null | op=WRITE_CHUNK {blockData=conID: 1 locID: 102696733178987054 bcsId: 0} | ret=SUCCESS |  
2019-08-28 21:29:48,997 | INFO  | DNAudit | user=null | ip=null | op=WRITE_CHUNK {blockData=conID: 1 locID: 102696733178987054 bcsId: 0} | ret=SUCCESS |  
2019-08-28 21:29:48,997 | INFO  | DNAudit | user=null | ip=null | op=WRITE_CHUNK {blockData=conID: 1 locID: 102696733178987054 bcsId: 0} | ret=SUCCESS |  
2019-08-28 21:29:48,999 | INFO  | DNAudit | user=null | ip=null | op=WRITE_CHUNK {blockData=conID: 1 locID: 102696733178987054 bcsId: 0} | ret=SUCCESS |  
2019-08-28 21:29:48,999 | INFO  | DNAudit | user=null | ip=null | op=WRITE_CHUNK {blockData=conID: 1 locID: 102696733178987054 bcsId: 0} | ret=SUCCESS |  
2019-08-28 21:29:49,027 | INFO  | DNAudit | user=null | ip=null | op=WRITE_CHUNK {blockData=conID: 1 locID: 102696733178987054 bcsId: 0} | ret=SUCCESS |  
2019-08-28 21:29:49,027 | INFO  | DNAudit | user=null | ip=null | op=PUT_BLOCK {blockData=[blockId=conID: 1 locID: 102696733178987054 bcsId: 0,size=1048576]} | ret=SUCCESS |  
2019-08-28 21:29:49,027 | INFO  | DNAudit | user=null | ip=null | op=WRITE_CHUNK {blockData=conID: 1 locID: 102696733178987054 bcsId: 0} | ret=SUCCESS |  
2019-08-28 21:29:49,027 [grpc-default-executor-3] INFO  client.GrpcClientProtocolClient (GrpcClientProtocolClient.java:onNext(255)) - client-05DA20D107F8->b461a7b0-028a-4eb5-b268-b89ac225aff8: receive RaftClientReply:client-05DA20D107F8->b461a7b0-028a-4eb5-b268-b89ac225aff8@group-0C8C0AA7542A, cid=2141, SUCCESS, logIndex=3159, commits[b461a7b0-028a-4eb5-b268-b89ac225aff8:c3160, b6ff45f5-67b8-463b-a273-c2e7d9dadd75:c3158, 6a5cb75f-f7eb-4671-9a85-3b6f7898f6cc:c3158]
2019-08-28 21:29:49,028 | INFO  | DNAudit | user=null | ip=null | op=PUT_BLOCK {blockData=[blockId=conID: 1 locID: 102696733178987054 bcsId: 0,size=2097152]} | ret=SUCCESS |  
2019-08-28 21:29:49,028 [grpc-default-executor-3] INFO  client.GrpcClientProtocolClient (GrpcClientProtocolClient.java:onNext(255)) - client-05DA20D107F8->b461a7b0-028a-4eb5-b268-b89ac225aff8: receive RaftClientReply:client-05DA20D107F8->b461a7b0-028a-4eb5-b268-b89ac225aff8@group-0C8C0AA7542A, cid=2142, SUCCESS, logIndex=3160, commits[b461a7b0-028a-4eb5-b268-b89ac225aff8:c3162, b6ff45f5-67b8-463b-a273-c2e7d9dadd75:c3158, 6a5cb75f-f7eb-4671-9a85-3b6f7898f6cc:c3158]
2019-08-28 21:29:49,028 [grpc-default-executor-3] INFO  client.GrpcClientProtocolClient (GrpcClientProtocolClient.java:onNext(255)) - client-05DA20D107F8->b461a7b0-028a-4eb5-b268-b89ac225aff8: receive RaftClientReply:client-05DA20D107F8->b461a7b0-028a-4eb5-b268-b89ac225aff8@group-0C8C0AA7542A, cid=2143, SUCCESS, logIndex=3161, commits[b461a7b0-028a-4eb5-b268-b89ac225aff8:c3162, b6ff45f5-67b8-463b-a273-c2e7d9dadd75:c3158, 6a5cb75f-f7eb-4671-9a85-3b6f7898f6cc:c3158]
2019-08-28 21:29:49,029 [grpc-default-executor-3] INFO  client.GrpcClientProtocolClient (GrpcClientProtocolClient.java:onNext(255)) - client-05DA20D107F8->b461a7b0-028a-4eb5-b268-b89ac225aff8: receive RaftClientReply:client-05DA20D107F8->b461a7b0-028a-4eb5-b268-b89ac225aff8@group-0C8C0AA7542A, cid=2144, SUCCESS, logIndex=3162, commits[b461a7b0-028a-4eb5-b268-b89ac225aff8:c3162, b6ff45f5-67b8-463b-a273-c2e7d9dadd75:c3158, 6a5cb75f-f7eb-4671-9a85-3b6f7898f6cc:c3158]
2019-08-28 21:29:49,041 | INFO  | DNAudit | user=null | ip=null | op=WRITE_CHUNK {blockData=conID: 1 locID: 102696733178987054 bcsId: 0} | ret=SUCCESS |  
2019-08-28 21:29:49,041 | INFO  | DNAudit | user=null | ip=null | op=WRITE_CHUNK {blockData=conID: 1 locID: 102696733178987054 bcsId: 0} | ret=SUCCESS |  
2019-08-28 21:29:49,042 | INFO  | DNAudit | user=null | ip=null | op=PUT_BLOCK {blockData=[blockId=conID: 1 locID: 102696733178987054 bcsId: 0,size=1048576]} | ret=SUCCESS |  
2019-08-28 21:29:49,043 | INFO  | DNAudit | user=null | ip=null | op=PUT_BLOCK {blockData=[blockId=conID: 1 locID: 102696733178987054 bcsId: 0,size=1048576]} | ret=SUCCESS |  
2019-08-28 21:29:49,043 | INFO  | DNAudit | user=null | ip=null | op=WRITE_CHUNK {blockData=conID: 1 locID: 102696733178987054 bcsId: 0} | ret=SUCCESS |  
2019-08-28 21:29:49,043 | INFO  | DNAudit | user=null | ip=null | op=PUT_BLOCK {blockData=[blockId=conID: 1 locID: 102696733178987054 bcsId: 0,size=2097152]} | ret=SUCCESS |  
2019-08-28 21:29:49,043 | INFO  | DNAudit | user=null | ip=null | op=WRITE_CHUNK {blockData=conID: 1 locID: 102696733178987054 bcsId: 0} | ret=SUCCESS |  
2019-08-28 21:29:49,043 | INFO  | DNAudit | user=null | ip=null | op=PUT_BLOCK {blockData=[blockId=conID: 1 locID: 102696733178987054 bcsId: 0,size=2097152]} | ret=SUCCESS |  
2019-08-28 21:29:49,043 [grpc-default-executor-5] INFO  client.GrpcClientProtocolClient (GrpcClientProtocolClient.java:onNext(255)) - client-05DA20D107F8->b461a7b0-028a-4eb5-b268-b89ac225aff8: receive RaftClientReply:client-05DA20D107F8->b461a7b0-028a-4eb5-b268-b89ac225aff8@group-0C8C0AA7542A, cid=2145, SUCCESS, logIndex=0, commits[b461a7b0-028a-4eb5-b268-b89ac225aff8:c3164, b6ff45f5-67b8-463b-a273-c2e7d9dadd75:c3161, 6a5cb75f-f7eb-4671-9a85-3b6f7898f6cc:c3160]
2019-08-28 21:29:49,049 | INFO  | DNAudit | user=null | ip=null | op=WRITE_CHUNK {blockData=conID: 1 locID: 102696733178987054 bcsId: 3162} | ret=SUCCESS |  
2019-08-28 21:29:49,051 | INFO  | DNAudit | user=null | ip=null | op=WRITE_CHUNK {blockData=conID: 1 locID: 102696733178987054 bcsId: 3162} | ret=SUCCESS |  
2019-08-28 21:29:49,051 | INFO  | DNAudit | user=null | ip=null | op=WRITE_CHUNK {blockData=conID: 1 locID: 102696733178987054 bcsId: 3162} | ret=SUCCESS |  
2019-08-28 21:29:49,053 | INFO  | DNAudit | user=null | ip=null | op=WRITE_CHUNK {blockData=conID: 1 locID: 102696733178987054 bcsId: 3162} | ret=SUCCESS |  
2019-08-28 21:29:49,053 | INFO  | DNAudit | user=null | ip=null | op=PUT_BLOCK {blockData=[blockId=conID: 1 locID: 102696733178987054 bcsId: 0,size=3145728]} | ret=SUCCESS |  
2019-08-28 21:29:49,053 [grpc-default-executor-6] INFO  client.GrpcClientProtocolClient (GrpcClientProtocolClient.java:onNext(255)) - client-05DA20D107F8->b461a7b0-028a-4eb5-b268-b89ac225aff8: receive RaftClientReply:client-05DA20D107F8->b461a7b0-028a-4eb5-b268-b89ac225aff8@group-0C8C0AA7542A, cid=2146, SUCCESS, logIndex=3167, commits[b461a7b0-028a-4eb5-b268-b89ac225aff8:c3168, b6ff45f5-67b8-463b-a273-c2e7d9dadd75:c3162, 6a5cb75f-f7eb-4671-9a85-3b6f7898f6cc:c3166]
2019-08-28 21:29:49,053 [grpc-default-executor-6] INFO  client.GrpcClientProtocolClient (GrpcClientProtocolClient.java:onNext(255)) - client-05DA20D107F8->b461a7b0-028a-4eb5-b268-b89ac225aff8: receive RaftClientReply:client-05DA20D107F8->b461a7b0-028a-4eb5-b268-b89ac225aff8@group-0C8C0AA7542A, cid=2147, SUCCESS, logIndex=3168, commits[b461a7b0-028a-4eb5-b268-b89ac225aff8:c3168, b6ff45f5-67b8-463b-a273-c2e7d9dadd75:c3166, 6a5cb75f-f7eb-4671-9a85-3b6f7898f6cc:c3166]
2019-08-28 21:29:49,059 | INFO  | DNAudit | user=null | ip=null | op=WRITE_CHUNK {blockData=conID: 1 locID: 102696733178987054 bcsId: 3168} | ret=SUCCESS |  
2019-08-28 21:29:49,060 | INFO  | DNAudit | user=null | ip=null | op=WRITE_CHUNK {blockData=conID: 1 locID: 102696733178987054 bcsId: 3162} | ret=SUCCESS |  
2019-08-28 21:29:49,060 | INFO  | DNAudit | user=null | ip=null | op=PUT_BLOCK {blockData=[blockId=conID: 1 locID: 102696733178987054 bcsId: 0,size=3145728]} | ret=SUCCESS |  
2019-08-28 21:29:49,060 | INFO  | DNAudit | user=null | ip=null | op=WRITE_CHUNK {blockData=conID: 1 locID: 102696733178987054 bcsId: 3162} | ret=SUCCESS |  
2019-08-28 21:29:49,061 | INFO  | DNAudit | user=null | ip=null | op=WRITE_CHUNK {blockData=conID: 1 locID: 102696733178987054 bcsId: 3168} | ret=SUCCESS |  
2019-08-28 21:29:49,062 | INFO  | DNAudit | user=null | ip=null | op=WRITE_CHUNK {blockData=conID: 1 locID: 102696733178987054 bcsId: 3168} | ret=SUCCESS |  
2019-08-28 21:29:49,076 | INFO  | DNAudit | user=null | ip=null | op=WRITE_CHUNK {blockData=conID: 1 locID: 102696733178987054 bcsId: 3168} | ret=SUCCESS |  
2019-08-28 21:29:49,078 | INFO  | DNAudit | user=null | ip=null | op=PUT_BLOCK {blockData=[blockId=conID: 1 locID: 102696733178987054 bcsId: 0,size=3145728]} | ret=SUCCESS |  
2019-08-28 21:29:49,078 | INFO  | DNAudit | user=null | ip=null | op=PUT_BLOCK {blockData=[blockId=conID: 1 locID: 102696733178987054 bcsId: 0,size=4194304]} | ret=SUCCESS |  
2019-08-28 21:29:49,078 [grpc-default-executor-3] INFO  client.GrpcClientProtocolClient (GrpcClientProtocolClient.java:onNext(255)) - client-05DA20D107F8->b461a7b0-028a-4eb5-b268-b89ac225aff8: receive RaftClientReply:client-05DA20D107F8->b461a7b0-028a-4eb5-b268-b89ac225aff8@group-0C8C0AA7542A, cid=2148, SUCCESS, logIndex=3171, commits[b461a7b0-028a-4eb5-b268-b89ac225aff8:c3172, b6ff45f5-67b8-463b-a273-c2e7d9dadd75:c3168, 6a5cb75f-f7eb-4671-9a85-3b6f7898f6cc:c3167]
2019-08-28 21:29:49,079 [grpc-default-executor-3] INFO  client.GrpcClientProtocolClient (GrpcClientProtocolClient.java:onNext(255)) - client-05DA20D107F8->b461a7b0-028a-4eb5-b268-b89ac225aff8: receive RaftClientReply:client-05DA20D107F8->b461a7b0-028a-4eb5-b268-b89ac225aff8@group-0C8C0AA7542A, cid=2149, SUCCESS, logIndex=3172, commits[b461a7b0-028a-4eb5-b268-b89ac225aff8:c3172, b6ff45f5-67b8-463b-a273-c2e7d9dadd75:c3168, 6a5cb75f-f7eb-4671-9a85-3b6f7898f6cc:c3168]
2019-08-28 21:29:49,085 | INFO  | DNAudit | user=null | ip=null | op=WRITE_CHUNK {blockData=conID: 1 locID: 102696733178987054 bcsId: 3168} | ret=SUCCESS |  
2019-08-28 21:29:49,085 | INFO  | DNAudit | user=null | ip=null | op=WRITE_CHUNK {blockData=conID: 1 locID: 102696733178987054 bcsId: 3168} | ret=SUCCESS |  
2019-08-28 21:29:49,086 | INFO  | DNAudit | user=null | ip=null | op=PUT_BLOCK {blockData=[blockId=conID: 1 locID: 102696733178987054 bcsId: 0,size=4194304]} | ret=SUCCESS |  
2019-08-28 21:29:49,086 | INFO  | DNAudit | user=null | ip=null | op=PUT_BLOCK {blockData=[blockId=conID: 1 locID: 102696733178987054 bcsId: 0,size=4194304]} | ret=SUCCESS |  
2019-08-28 21:29:49,087 [grpc-default-executor-3] INFO  client.GrpcClientProtocolClient (GrpcClientProtocolClient.java:onNext(255)) - client-05DA20D107F8->b461a7b0-028a-4eb5-b268-b89ac225aff8: receive RaftClientReply:client-05DA20D107F8->b461a7b0-028a-4eb5-b268-b89ac225aff8@group-0C8C0AA7542A, cid=2150, SUCCESS, logIndex=0, commits[b461a7b0-028a-4eb5-b268-b89ac225aff8:c3174, b6ff45f5-67b8-463b-a273-c2e7d9dadd75:c3172, 6a5cb75f-f7eb-4671-9a85-3b6f7898f6cc:c3172]
2019-08-28 21:29:49,091 | INFO  | SCMAudit | user=jenkins1000 | ip=127.0.0.1 | op=ALLOCATE_BLOCK {owner=a0140aad-a474-4492-a39d-25bd6167d9f0, size=4194304, type=RATIS, factor=THREE} | ret=SUCCESS |  
2019-08-28 21:29:49,094 | INFO  | OMAudit | user=jenkins1000 | ip=127.0.0.1 | op=ALLOCATE_BLOCK {volume=vol-0-08922, bucket=bucket-0-29862, key=key-0-31337, dataSize=0, replicationType=null, replicationFactor=null, keyLocationInfo=null, clientID=102696731548516754} | ret=SUCCESS |  
2019-08-28 21:29:49,100 | INFO  | DNAudit | user=null | ip=null | op=WRITE_CHUNK {blockData=conID: 2 locID: 102696733185868335 bcsId: 0} | ret=SUCCESS |  
2019-08-28 21:29:49,102 | INFO  | DNAudit | user=null | ip=null | op=WRITE_CHUNK {blockData=conID: 2 locID: 102696733185868335 bcsId: 0} | ret=SUCCESS |  
2019-08-28 21:29:49,102 | INFO  | DNAudit | user=null | ip=null | op=WRITE_CHUNK {blockData=conID: 2 locID: 102696733185868335 bcsId: 0} | ret=SUCCESS |  
2019-08-28 21:29:49,102 | INFO  | DNAudit | user=null | ip=null | op=WRITE_CHUNK {blockData=conID: 2 locID: 102696733185868335 bcsId: 0} | ret=SUCCESS |  
2019-08-28 21:29:49,104 | INFO  | DNAudit | user=null | ip=null | op=WRITE_CHUNK {blockData=conID: 2 locID: 102696733185868335 bcsId: 0} | ret=SUCCESS |  
2019-08-28 21:29:49,104 | INFO  | DNAudit | user=null | ip=null | op=WRITE_CHUNK {blockData=conID: 2 locID: 102696733185868335 bcsId: 0} | ret=SUCCESS |  
2019-08-28 21:29:49,105 | INFO  | DNAudit | user=null | ip=null | op=WRITE_CHUNK {blockData=conID: 2 locID: 102696733185868335 bcsId: 0} | ret=SUCCESS |  
2019-08-28 21:29:49,105 | INFO  | DNAudit | user=null | ip=null | op=PUT_BLOCK {blockData=[blockId=conID: 2 locID: 102696733185868335 bcsId: 0,size=1048576]} | ret=SUCCESS |  
2019-08-28 21:29:49,105 [grpc-default-executor-5] INFO  client.GrpcClientProtocolClient (GrpcClientProtocolClient.java:onNext(255)) - client-05DA20D107F8->b461a7b0-028a-4eb5-b268-b89ac225aff8: receive RaftClientReply:client-05DA20D107F8->b461a7b0-028a-4eb5-b268-b89ac225aff8@group-0C8C0AA7542A, cid=2151, SUCCESS, logIndex=3175, commits[b461a7b0-028a-4eb5-b268-b89ac225aff8:c3176, b6ff45f5-67b8-463b-a273-c2e7d9dadd75:c3174, 6a5cb75f-f7eb-4671-9a85-3b6f7898f6cc:c3174]
2019-08-28 21:29:49,106 [grpc-default-executor-5] INFO  client.GrpcClientProtocolClient (GrpcClientProtocolClient.java:onNext(255)) - client-05DA20D107F8->b461a7b0-028a-4eb5-b268-b89ac225aff8: receive RaftClientReply:client-05DA20D107F8->b461a7b0-028a-4eb5-b268-b89ac225aff8@group-0C8C0AA7542A, cid=2152, SUCCESS, logIndex=3176, commits[b461a7b0-028a-4eb5-b268-b89ac225aff8:c3176, b6ff45f5-67b8-463b-a273-c2e7d9dadd75:c3174, 6a5cb75f-f7eb-4671-9a85-3b6f7898f6cc:c3174]
2019-08-28 21:29:49,116 | INFO  | DNAudit | user=null | ip=null | op=WRITE_CHUNK {blockData=conID: 2 locID: 102696733185868335 bcsId: 0} | ret=SUCCESS |  
2019-08-28 21:29:49,116 | INFO  | DNAudit | user=null | ip=null | op=PUT_BLOCK {blockData=[blockId=conID: 2 locID: 102696733185868335 bcsId: 0,size=2097152]} | ret=SUCCESS |  
2019-08-28 21:29:49,116 [grpc-default-executor-1] INFO  client.GrpcClientProtocolClient (GrpcClientProtocolClient.java:onNext(255)) - client-05DA20D107F8->b461a7b0-028a-4eb5-b268-b89ac225aff8: receive RaftClientReply:client-05DA20D107F8->b461a7b0-028a-4eb5-b268-b89ac225aff8@group-0C8C0AA7542A, cid=2153, SUCCESS, logIndex=3177, commits[b461a7b0-028a-4eb5-b268-b89ac225aff8:c3178, b6ff45f5-67b8-463b-a273-c2e7d9dadd75:c3174, 6a5cb75f-f7eb-4671-9a85-3b6f7898f6cc:c3174]
2019-08-28 21:29:49,117 [grpc-default-executor-1] INFO  client.GrpcClientProtocolClient (GrpcClientProtocolClient.java:onNext(255)) - client-05DA20D107F8->b461a7b0-028a-4eb5-b268-b89ac225aff8: receive RaftClientReply:client-05DA20D107F8->b461a7b0-028a-4eb5-b268-b89ac225aff8@group-0C8C0AA7542A, cid=2154, SUCCESS, logIndex=3178, commits[b461a7b0-028a-4eb5-b268-b89ac225aff8:c3178, b6ff45f5-67b8-463b-a273-c2e7d9dadd75:c3174, 6a5cb75f-f7eb-4671-9a85-3b6f7898f6cc:c3174]
2019-08-28 21:29:49,117 | INFO  | DNAudit | user=null | ip=null | op=WRITE_CHUNK {blockData=conID: 2 locID: 102696733185868335 bcsId: 0} | ret=SUCCESS |  
2019-08-28 21:29:49,117 | INFO  | DNAudit | user=null | ip=null | op=PUT_BLOCK {blockData=[blockId=conID: 2 locID: 102696733185868335 bcsId: 0,size=1048576]} | ret=SUCCESS |  
2019-08-28 21:29:49,117 | INFO  | DNAudit | user=null | ip=null | op=WRITE_CHUNK {blockData=conID: 2 locID: 102696733185868335 bcsId: 0} | ret=SUCCESS |  
2019-08-28 21:29:49,117 | INFO  | DNAudit | user=null | ip=null | op=PUT_BLOCK {blockData=[blockId=conID: 2 locID: 102696733185868335 bcsId: 0,size=1048576]} | ret=SUCCESS |  
2019-08-28 21:29:49,118 [grpc-default-executor-1] INFO  client.GrpcClientProtocolClient (GrpcClientProtocolClient.java:onNext(255)) - client-05DA20D107F8->b461a7b0-028a-4eb5-b268-b89ac225aff8: receive RaftClientReply:client-05DA20D107F8->b461a7b0-028a-4eb5-b268-b89ac225aff8@group-0C8C0AA7542A, cid=2155, SUCCESS, logIndex=0, commits[b461a7b0-028a-4eb5-b268-b89ac225aff8:c3179, b6ff45f5-67b8-463b-a273-c2e7d9dadd75:c3176, 6a5cb75f-f7eb-4671-9a85-3b6f7898f6cc:c3176]
2019-08-28 21:29:49,118 | INFO  | DNAudit | user=null | ip=null | op=WRITE_CHUNK {blockData=conID: 2 locID: 102696733185868335 bcsId: 0} | ret=SUCCESS |  
2019-08-28 21:29:49,118 | INFO  | DNAudit | user=null | ip=null | op=PUT_BLOCK {blockData=[blockId=conID: 2 locID: 102696733185868335 bcsId: 0,size=2097152]} | ret=SUCCESS |  
2019-08-28 21:29:49,118 | INFO  | DNAudit | user=null | ip=null | op=WRITE_CHUNK {blockData=conID: 2 locID: 102696733185868335 bcsId: 0} | ret=SUCCESS |  
2019-08-28 21:29:49,119 | INFO  | DNAudit | user=null | ip=null | op=PUT_BLOCK {blockData=[blockId=conID: 2 locID: 102696733185868335 bcsId: 0,size=2097152]} | ret=SUCCESS |  
2019-08-28 21:29:49,123 | INFO  | DNAudit | user=null | ip=null | op=WRITE_CHUNK {blockData=conID: 2 locID: 102696733185868335 bcsId: 3178} | ret=SUCCESS |  
2019-08-28 21:29:49,125 | INFO  | DNAudit | user=null | ip=null | op=WRITE_CHUNK {blockData=conID: 2 locID: 102696733185868335 bcsId: 3178} | ret=SUCCESS |  
2019-08-28 21:29:49,125 | INFO  | DNAudit | user=null | ip=null | op=WRITE_CHUNK {blockData=conID: 2 locID: 102696733185868335 bcsId: 3178} | ret=SUCCESS |  
2019-08-28 21:29:49,128 | INFO  | DNAudit | user=null | ip=null | op=WRITE_CHUNK {blockData=conID: 2 locID: 102696733185868335 bcsId: 3178} | ret=SUCCESS |  
2019-08-28 21:29:49,128 | INFO  | DNAudit | user=null | ip=null | op=PUT_BLOCK {blockData=[blockId=conID: 2 locID: 102696733185868335 bcsId: 0,size=3145728]} | ret=SUCCESS |  
2019-08-28 21:29:49,129 [grpc-default-executor-5] INFO  client.GrpcClientProtocolClient (GrpcClientProtocolClient.java:onNext(255)) - client-05DA20D107F8->b461a7b0-028a-4eb5-b268-b89ac225aff8: receive RaftClientReply:client-05DA20D107F8->b461a7b0-028a-4eb5-b268-b89ac225aff8@group-0C8C0AA7542A, cid=2156, SUCCESS, logIndex=3182, commits[b461a7b0-028a-4eb5-b268-b89ac225aff8:c3183, b6ff45f5-67b8-463b-a273-c2e7d9dadd75:c3181, 6a5cb75f-f7eb-4671-9a85-3b6f7898f6cc:c3181]
2019-08-28 21:29:49,129 [grpc-default-executor-5] INFO  client.GrpcClientProtocolClient (GrpcClientProtocolClient.java:onNext(255)) - client-05DA20D107F8->b461a7b0-028a-4eb5-b268-b89ac225aff8: receive RaftClientReply:client-05DA20D107F8->b461a7b0-028a-4eb5-b268-b89ac225aff8@group-0C8C0AA7542A, cid=2157, SUCCESS, logIndex=3183, commits[b461a7b0-028a-4eb5-b268-b89ac225aff8:c3183, b6ff45f5-67b8-463b-a273-c2e7d9dadd75:c3181, 6a5cb75f-f7eb-4671-9a85-3b6f7898f6cc:c3181]
2019-08-28 21:29:49,136 | INFO  | DNAudit | user=null | ip=null | op=WRITE_CHUNK {blockData=conID: 2 locID: 102696733185868335 bcsId: 3183} | ret=SUCCESS |  
2019-08-28 21:29:49,137 | INFO  | DNAudit | user=null | ip=null | op=WRITE_CHUNK {blockData=conID: 2 locID: 102696733185868335 bcsId: 3183} | ret=SUCCESS |  
2019-08-28 21:29:49,137 | INFO  | DNAudit | user=null | ip=null | op=WRITE_CHUNK {blockData=conID: 2 locID: 102696733185868335 bcsId: 3183} | ret=SUCCESS |  
2019-08-28 21:29:49,138 | INFO  | DNAudit | user=null | ip=null | op=WRITE_CHUNK {blockData=conID: 2 locID: 102696733185868335 bcsId: 3178} | ret=SUCCESS |  
2019-08-28 21:29:49,138 | INFO  | DNAudit | user=null | ip=null | op=WRITE_CHUNK {blockData=conID: 2 locID: 102696733185868335 bcsId: 3178} | ret=SUCCESS |  
2019-08-28 21:29:49,142 | INFO  | DNAudit | user=null | ip=null | op=PUT_BLOCK {blockData=[blockId=conID: 2 locID: 102696733185868335 bcsId: 0,size=3145728]} | ret=SUCCESS |  
2019-08-28 21:29:49,142 | INFO  | DNAudit | user=null | ip=null | op=PUT_BLOCK {blockData=[blockId=conID: 2 locID: 102696733185868335 bcsId: 0,size=3145728]} | ret=SUCCESS |  
2019-08-28 21:29:49,143 | INFO  | DNAudit | user=null | ip=null | op=WRITE_CHUNK {blockData=conID: 2 locID: 102696733185868335 bcsId: 3183} | ret=SUCCESS |  
2019-08-28 21:29:49,143 | INFO  | DNAudit | user=null | ip=null | op=PUT_BLOCK {blockData=[blockId=conID: 2 locID: 102696733185868335 bcsId: 0,size=4194304]} | ret=SUCCESS |  
2019-08-28 21:29:49,143 [grpc-default-executor-6] INFO  client.GrpcClientProtocolClient (GrpcClientProtocolClient.java:onNext(255)) - client-05DA20D107F8->b461a7b0-028a-4eb5-b268-b89ac225aff8: receive RaftClientReply:client-05DA20D107F8->b461a7b0-028a-4eb5-b268-b89ac225aff8@group-0C8C0AA7542A, cid=2158, SUCCESS, logIndex=3186, commits[b461a7b0-028a-4eb5-b268-b89ac225aff8:c3187, b6ff45f5-67b8-463b-a273-c2e7d9dadd75:c3183, 6a5cb75f-f7eb-4671-9a85-3b6f7898f6cc:c3183]
2019-08-28 21:29:49,143 [grpc-default-executor-6] INFO  client.GrpcClientProtocolClient (GrpcClientProtocolClient.java:onNext(255)) - client-05DA20D107F8->b461a7b0-028a-4eb5-b268-b89ac225aff8: receive RaftClientReply:client-05DA20D107F8->b461a7b0-028a-4eb5-b268-b89ac225aff8@group-0C8C0AA7542A, cid=2159, SUCCESS, logIndex=3187, commits[b461a7b0-028a-4eb5-b268-b89ac225aff8:c3187, b6ff45f5-67b8-463b-a273-c2e7d9dadd75:c3183, 6a5cb75f-f7eb-4671-9a85-3b6f7898f6cc:c3183]
2019-08-28 21:29:49,150 | INFO  | DNAudit | user=null | ip=null | op=WRITE_CHUNK {blockData=conID: 2 locID: 102696733185868335 bcsId: 3183} | ret=SUCCESS |  
2019-08-28 21:29:49,151 | INFO  | DNAudit | user=null | ip=null | op=WRITE_CHUNK {blockData=conID: 2 locID: 102696733185868335 bcsId: 3183} | ret=SUCCESS |  
2019-08-28 21:29:49,154 | INFO  | DNAudit | user=null | ip=null | op=PUT_BLOCK {blockData=[blockId=conID: 2 locID: 102696733185868335 bcsId: 0,size=4194304]} | ret=SUCCESS |  
2019-08-28 21:29:49,154 | INFO  | DNAudit | user=null | ip=null | op=PUT_BLOCK {blockData=[blockId=conID: 2 locID: 102696733185868335 bcsId: 0,size=4194304]} | ret=SUCCESS |  
2019-08-28 21:29:49,154 [grpc-default-executor-5] INFO  client.GrpcClientProtocolClient (GrpcClientProtocolClient.java:onNext(255)) - client-05DA20D107F8->b461a7b0-028a-4eb5-b268-b89ac225aff8: receive RaftClientReply:client-05DA20D107F8->b461a7b0-028a-4eb5-b268-b89ac225aff8@group-0C8C0AA7542A, cid=2160, SUCCESS, logIndex=0, commits[b461a7b0-028a-4eb5-b268-b89ac225aff8:c3189, b6ff45f5-67b8-463b-a273-c2e7d9dadd75:c3187, 6a5cb75f-f7eb-4671-9a85-3b6f7898f6cc:c3187]
2019-08-28 21:29:49,157 | INFO  | SCMAudit | user=jenkins1000 | ip=127.0.0.1 | op=ALLOCATE_BLOCK {owner=a0140aad-a474-4492-a39d-25bd6167d9f0, size=4194304, type=RATIS, factor=THREE} | ret=SUCCESS |  
2019-08-28 21:29:49,160 | INFO  | OMAudit | user=jenkins1000 | ip=127.0.0.1 | op=ALLOCATE_BLOCK {volume=vol-0-08922, bucket=bucket-0-29862, key=key-0-31337, dataSize=0, replicationType=null, replicationFactor=null, keyLocationInfo=null, clientID=102696731548516754} | ret=SUCCESS |  
2019-08-28 21:29:49,166 | INFO  | DNAudit | user=null | ip=null | op=WRITE_CHUNK {blockData=conID: 3 locID: 102696733190193712 bcsId: 0} | ret=SUCCESS |  
2019-08-28 21:29:49,169 | INFO  | DNAudit | user=null | ip=null | op=WRITE_CHUNK {blockData=conID: 3 locID: 102696733190193712 bcsId: 0} | ret=SUCCESS |  
2019-08-28 21:29:49,169 | INFO  | DNAudit | user=null | ip=null | op=WRITE_CHUNK {blockData=conID: 3 locID: 102696733190193712 bcsId: 0} | ret=SUCCESS |  
2019-08-28 21:29:49,169 | INFO  | DNAudit | user=null | ip=null | op=WRITE_CHUNK {blockData=conID: 3 locID: 102696733190193712 bcsId: 0} | ret=SUCCESS |  
2019-08-28 21:29:49,171 | INFO  | DNAudit | user=null | ip=null | op=WRITE_CHUNK {blockData=conID: 3 locID: 102696733190193712 bcsId: 0} | ret=SUCCESS |  
2019-08-28 21:29:49,172 | INFO  | DNAudit | user=null | ip=null | op=WRITE_CHUNK {blockData=conID: 3 locID: 102696733190193712 bcsId: 0} | ret=SUCCESS |  
2019-08-28 21:29:49,183 | INFO  | DNAudit | user=null | ip=null | op=WRITE_CHUNK {blockData=conID: 3 locID: 102696733190193712 bcsId: 0} | ret=SUCCESS |  
2019-08-28 21:29:49,183 | INFO  | DNAudit | user=null | ip=null | op=PUT_BLOCK {blockData=[blockId=conID: 3 locID: 102696733190193712 bcsId: 0,size=1048576]} | ret=SUCCESS |  
2019-08-28 21:29:49,184 [grpc-default-executor-3] INFO  client.GrpcClientProtocolClient (GrpcClientProtocolClient.java:onNext(255)) - client-05DA20D107F8->b461a7b0-028a-4eb5-b268-b89ac225aff8: receive RaftClientReply:client-05DA20D107F8->b461a7b0-028a-4eb5-b268-b89ac225aff8@group-0C8C0AA7542A, cid=2161, SUCCESS, logIndex=3190, commits[b461a7b0-028a-4eb5-b268-b89ac225aff8:c3191, b6ff45f5-67b8-463b-a273-c2e7d9dadd75:c3189, 6a5cb75f-f7eb-4671-9a85-3b6f7898f6cc:c3189]
2019-08-28 21:29:49,184 [grpc-default-executor-3] INFO  client.GrpcClientProtocolClient (GrpcClientProtocolClient.java:onNext(255)) - client-05DA20D107F8->b461a7b0-028a-4eb5-b268-b89ac225aff8: receive RaftClientReply:client-05DA20D107F8->b461a7b0-028a-4eb5-b268-b89ac225aff8@group-0C8C0AA7542A, cid=2162, SUCCESS, logIndex=3191, commits[b461a7b0-028a-4eb5-b268-b89ac225aff8:c3191, b6ff45f5-67b8-463b-a273-c2e7d9dadd75:c3189, 6a5cb75f-f7eb-4671-9a85-3b6f7898f6cc:c3189]
2019-08-28 21:29:49,186 | INFO  | DNAudit | user=null | ip=null | op=WRITE_CHUNK {blockData=conID: 3 locID: 102696733190193712 bcsId: 0} | ret=SUCCESS |  
2019-08-28 21:29:49,186 | INFO  | DNAudit | user=null | ip=null | op=PUT_BLOCK {blockData=[blockId=conID: 3 locID: 102696733190193712 bcsId: 0,size=2097152]} | ret=SUCCESS |  
2019-08-28 21:29:49,186 [grpc-default-executor-1] INFO  client.GrpcClientProtocolClient (GrpcClientProtocolClient.java:onNext(255)) - client-05DA20D107F8->b461a7b0-028a-4eb5-b268-b89ac225aff8: receive RaftClientReply:client-05DA20D107F8->b461a7b0-028a-4eb5-b268-b89ac225aff8@group-0C8C0AA7542A, cid=2163, SUCCESS, logIndex=3192, commits[b461a7b0-028a-4eb5-b268-b89ac225aff8:c3193, b6ff45f5-67b8-463b-a273-c2e7d9dadd75:c3189, 6a5cb75f-f7eb-4671-9a85-3b6f7898f6cc:c3189]
2019-08-28 21:29:49,187 [grpc-default-executor-1] INFO  client.GrpcClientProtocolClient (GrpcClientProtocolClient.java:onNext(255)) - client-05DA20D107F8->b461a7b0-028a-4eb5-b268-b89ac225aff8: receive RaftClientReply:client-05DA20D107F8->b461a7b0-028a-4eb5-b268-b89ac225aff8@group-0C8C0AA7542A, cid=2164, SUCCESS, logIndex=3193, commits[b461a7b0-028a-4eb5-b268-b89ac225aff8:c3193, b6ff45f5-67b8-463b-a273-c2e7d9dadd75:c3189, 6a5cb75f-f7eb-4671-9a85-3b6f7898f6cc:c3189]
2019-08-28 21:29:49,197 | INFO  | DNAudit | user=null | ip=null | op=WRITE_CHUNK {blockData=conID: 3 locID: 102696733190193712 bcsId: 0} | ret=SUCCESS |  
2019-08-28 21:29:49,197 | INFO  | DNAudit | user=null | ip=null | op=WRITE_CHUNK {blockData=conID: 3 locID: 102696733190193712 bcsId: 0} | ret=SUCCESS |  
2019-08-28 21:29:49,197 | INFO  | DNAudit | user=null | ip=null | op=PUT_BLOCK {blockData=[blockId=conID: 3 locID: 102696733190193712 bcsId: 0,size=1048576]} | ret=SUCCESS |  
2019-08-28 21:29:49,198 | INFO  | DNAudit | user=null | ip=null | op=PUT_BLOCK {blockData=[blockId=conID: 3 locID: 102696733190193712 bcsId: 0,size=1048576]} | ret=SUCCESS |  
2019-08-28 21:29:49,198 [grpc-default-executor-3] INFO  client.GrpcClientProtocolClient (GrpcClientProtocolClient.java:onNext(255)) - client-05DA20D107F8->b461a7b0-028a-4eb5-b268-b89ac225aff8: receive RaftClientReply:client-05DA20D107F8->b461a7b0-028a-4eb5-b268-b89ac225aff8@group-0C8C0AA7542A, cid=2165, SUCCESS, logIndex=0, commits[b461a7b0-028a-4eb5-b268-b89ac225aff8:c3195, b6ff45f5-67b8-463b-a273-c2e7d9dadd75:c3191, 6a5cb75f-f7eb-4671-9a85-3b6f7898f6cc:c3191]
2019-08-28 21:29:49,198 | INFO  | DNAudit | user=null | ip=null | op=WRITE_CHUNK {blockData=conID: 3 locID: 102696733190193712 bcsId: 0} | ret=SUCCESS |  
2019-08-28 21:29:49,199 | INFO  | DNAudit | user=null | ip=null | op=PUT_BLOCK {blockData=[blockId=conID: 3 locID: 102696733190193712 bcsId: 0,size=2097152]} | ret=SUCCESS |  
2019-08-28 21:29:49,201 | INFO  | DNAudit | user=null | ip=null | op=WRITE_CHUNK {blockData=conID: 3 locID: 102696733190193712 bcsId: 0} | ret=SUCCESS |  
2019-08-28 21:29:49,201 | INFO  | DNAudit | user=null | ip=null | op=PUT_BLOCK {blockData=[blockId=conID: 3 locID: 102696733190193712 bcsId: 0,size=2097152]} | ret=SUCCESS |  
2019-08-28 21:29:49,205 | INFO  | DNAudit | user=null | ip=null | op=WRITE_CHUNK {blockData=conID: 3 locID: 102696733190193712 bcsId: 3193} | ret=SUCCESS |  
2019-08-28 21:29:49,208 | INFO  | DNAudit | user=null | ip=null | op=WRITE_CHUNK {blockData=conID: 3 locID: 102696733190193712 bcsId: 3193} | ret=SUCCESS |  
2019-08-28 21:29:49,208 | INFO  | DNAudit | user=null | ip=null | op=WRITE_CHUNK {blockData=conID: 3 locID: 102696733190193712 bcsId: 3193} | ret=SUCCESS |  
2019-08-28 21:29:49,225 | INFO  | DNAudit | user=null | ip=null | op=WRITE_CHUNK {blockData=conID: 3 locID: 102696733190193712 bcsId: 3193} | ret=SUCCESS |  
2019-08-28 21:29:49,226 | INFO  | DNAudit | user=null | ip=null | op=PUT_BLOCK {blockData=[blockId=conID: 3 locID: 102696733190193712 bcsId: 0,size=3145728]} | ret=SUCCESS |  
2019-08-28 21:29:49,226 [grpc-default-executor-3] INFO  client.GrpcClientProtocolClient (GrpcClientProtocolClient.java:onNext(255)) - client-05DA20D107F8->b461a7b0-028a-4eb5-b268-b89ac225aff8: receive RaftClientReply:client-05DA20D107F8->b461a7b0-028a-4eb5-b268-b89ac225aff8@group-0C8C0AA7542A, cid=2166, SUCCESS, logIndex=3198, commits[b461a7b0-028a-4eb5-b268-b89ac225aff8:c3199, b6ff45f5-67b8-463b-a273-c2e7d9dadd75:c3197, 6a5cb75f-f7eb-4671-9a85-3b6f7898f6cc:c3197]
2019-08-28 21:29:49,226 [grpc-default-executor-3] INFO  client.GrpcClientProtocolClient (GrpcClientProtocolClient.java:onNext(255)) - client-05DA20D107F8->b461a7b0-028a-4eb5-b268-b89ac225aff8: receive RaftClientReply:client-05DA20D107F8->b461a7b0-028a-4eb5-b268-b89ac225aff8@group-0C8C0AA7542A, cid=2167, SUCCESS, logIndex=3199, commits[b461a7b0-028a-4eb5-b268-b89ac225aff8:c3199, b6ff45f5-67b8-463b-a273-c2e7d9dadd75:c3197, 6a5cb75f-f7eb-4671-9a85-3b6f7898f6cc:c3197]
2019-08-28 21:29:49,230 | INFO  | DNAudit | user=null | ip=null | op=WRITE_CHUNK {blockData=conID: 3 locID: 102696733190193712 bcsId: 3193} | ret=SUCCESS |  
2019-08-28 21:29:49,230 | INFO  | DNAudit | user=null | ip=null | op=WRITE_CHUNK {blockData=conID: 3 locID: 102696733190193712 bcsId: 3193} | ret=SUCCESS |  
2019-08-28 21:29:49,231 | INFO  | DNAudit | user=null | ip=null | op=PUT_BLOCK {blockData=[blockId=conID: 3 locID: 102696733190193712 bcsId: 0,size=3145728]} | ret=SUCCESS |  
2019-08-28 21:29:49,231 | INFO  | DNAudit | user=null | ip=null | op=PUT_BLOCK {blockData=[blockId=conID: 3 locID: 102696733190193712 bcsId: 0,size=3145728]} | ret=SUCCESS |  
2019-08-28 21:29:49,232 | INFO  | DNAudit | user=null | ip=null | op=WRITE_CHUNK {blockData=conID: 3 locID: 102696733190193712 bcsId: 3199} | ret=SUCCESS |  
2019-08-28 21:29:49,233 | INFO  | DNAudit | user=null | ip=null | op=WRITE_CHUNK {blockData=conID: 3 locID: 102696733190193712 bcsId: 3199} | ret=SUCCESS |  
2019-08-28 21:29:49,234 | INFO  | DNAudit | user=null | ip=null | op=WRITE_CHUNK {blockData=conID: 3 locID: 102696733190193712 bcsId: 3199} | ret=SUCCESS |  
2019-08-28 21:29:49,253 | INFO  | DNAudit | user=null | ip=null | op=WRITE_CHUNK {blockData=conID: 3 locID: 102696733190193712 bcsId: 3199} | ret=SUCCESS |  
2019-08-28 21:29:49,254 | INFO  | DNAudit | user=null | ip=null | op=PUT_BLOCK {blockData=[blockId=conID: 3 locID: 102696733190193712 bcsId: 0,size=4194304]} | ret=SUCCESS |  
2019-08-28 21:29:49,254 [grpc-default-executor-3] INFO  client.GrpcClientProtocolClient (GrpcClientProtocolClient.java:onNext(255)) - client-05DA20D107F8->b461a7b0-028a-4eb5-b268-b89ac225aff8: receive RaftClientReply:client-05DA20D107F8->b461a7b0-028a-4eb5-b268-b89ac225aff8@group-0C8C0AA7542A, cid=2168, SUCCESS, logIndex=3201, commits[b461a7b0-028a-4eb5-b268-b89ac225aff8:c3202, b6ff45f5-67b8-463b-a273-c2e7d9dadd75:c3200, 6a5cb75f-f7eb-4671-9a85-3b6f7898f6cc:c3200]
2019-08-28 21:29:49,254 [grpc-default-executor-3] INFO  client.GrpcClientProtocolClient (GrpcClientProtocolClient.java:onNext(255)) - client-05DA20D107F8->b461a7b0-028a-4eb5-b268-b89ac225aff8: receive RaftClientReply:client-05DA20D107F8->b461a7b0-028a-4eb5-b268-b89ac225aff8@group-0C8C0AA7542A, cid=2169, SUCCESS, logIndex=3202, commits[b461a7b0-028a-4eb5-b268-b89ac225aff8:c3202, b6ff45f5-67b8-463b-a273-c2e7d9dadd75:c3200, 6a5cb75f-f7eb-4671-9a85-3b6f7898f6cc:c3200]
2019-08-28 21:29:49,268 | INFO  | DNAudit | user=null | ip=null | op=WRITE_CHUNK {blockData=conID: 3 locID: 102696733190193712 bcsId: 3199} | ret=SUCCESS |  
2019-08-28 21:29:49,268 | INFO  | DNAudit | user=null | ip=null | op=WRITE_CHUNK {blockData=conID: 3 locID: 102696733190193712 bcsId: 3199} | ret=SUCCESS |  
2019-08-28 21:29:49,278 | INFO  | DNAudit | user=null | ip=null | op=PUT_BLOCK {blockData=[blockId=conID: 3 locID: 102696733190193712 bcsId: 0,size=4194304]} | ret=SUCCESS |  
2019-08-28 21:29:49,278 | INFO  | DNAudit | user=null | ip=null | op=PUT_BLOCK {blockData=[blockId=conID: 3 locID: 102696733190193712 bcsId: 0,size=4194304]} | ret=SUCCESS |  
2019-08-28 21:29:49,278 [grpc-default-executor-3] INFO  client.GrpcClientProtocolClient (GrpcClientProtocolClient.java:onNext(255)) - client-05DA20D107F8->b461a7b0-028a-4eb5-b268-b89ac225aff8: receive RaftClientReply:client-05DA20D107F8->b461a7b0-028a-4eb5-b268-b89ac225aff8@group-0C8C0AA7542A, cid=2170, SUCCESS, logIndex=0, commits[b461a7b0-028a-4eb5-b268-b89ac225aff8:c3204, b6ff45f5-67b8-463b-a273-c2e7d9dadd75:c3202, 6a5cb75f-f7eb-4671-9a85-3b6f7898f6cc:c3202]
2019-08-28 21:29:49,284 | INFO  | SCMAudit | user=jenkins1000 | ip=127.0.0.1 | op=ALLOCATE_BLOCK {owner=a0140aad-a474-4492-a39d-25bd6167d9f0, size=4194304, type=RATIS, factor=THREE} | ret=SUCCESS |  
2019-08-28 21:29:49,287 | INFO  | OMAudit | user=jenkins1000 | ip=127.0.0.1 | op=ALLOCATE_BLOCK {volume=vol-0-08922, bucket=bucket-0-29862, key=key-0-31337, dataSize=0, replicationType=null, replicationFactor=null, keyLocationInfo=null, clientID=102696731548516754} | ret=SUCCESS |  
2019-08-28 21:29:49,294 | INFO  | DNAudit | user=null | ip=null | op=WRITE_CHUNK {blockData=conID: 1 locID: 102696733198516785 bcsId: 0} | ret=SUCCESS |  
2019-08-28 21:29:49,297 | INFO  | DNAudit | user=null | ip=null | op=WRITE_CHUNK {blockData=conID: 1 locID: 102696733198516785 bcsId: 0} | ret=SUCCESS |  
2019-08-28 21:29:49,297 | INFO  | DNAudit | user=null | ip=null | op=WRITE_CHUNK {blockData=conID: 1 locID: 102696733198516785 bcsId: 0} | ret=SUCCESS |  
2019-08-28 21:29:49,298 | INFO  | DNAudit | user=null | ip=null | op=WRITE_CHUNK {blockData=conID: 1 locID: 102696733198516785 bcsId: 0} | ret=SUCCESS |  
2019-08-28 21:29:49,300 | INFO  | DNAudit | user=null | ip=null | op=WRITE_CHUNK {blockData=conID: 1 locID: 102696733198516785 bcsId: 0} | ret=SUCCESS |  
2019-08-28 21:29:49,300 | INFO  | DNAudit | user=null | ip=null | op=WRITE_CHUNK {blockData=conID: 1 locID: 102696733198516785 bcsId: 0} | ret=SUCCESS |  
2019-08-28 21:29:49,310 | INFO  | DNAudit | user=null | ip=null | op=WRITE_CHUNK {blockData=conID: 1 locID: 102696733198516785 bcsId: 0} | ret=SUCCESS |  
2019-08-28 21:29:49,310 | INFO  | DNAudit | user=null | ip=null | op=PUT_BLOCK {blockData=[blockId=conID: 1 locID: 102696733198516785 bcsId: 0,size=1048576]} | ret=SUCCESS |  
2019-08-28 21:29:49,310 [grpc-default-executor-5] INFO  client.GrpcClientProtocolClient (GrpcClientProtocolClient.java:onNext(255)) - client-05DA20D107F8->b461a7b0-028a-4eb5-b268-b89ac225aff8: receive RaftClientReply:client-05DA20D107F8->b461a7b0-028a-4eb5-b268-b89ac225aff8@group-0C8C0AA7542A, cid=2171, SUCCESS, logIndex=3205, commits[b461a7b0-028a-4eb5-b268-b89ac225aff8:c3206, b6ff45f5-67b8-463b-a273-c2e7d9dadd75:c3204, 6a5cb75f-f7eb-4671-9a85-3b6f7898f6cc:c3204]
2019-08-28 21:29:49,311 [grpc-default-executor-5] INFO  client.GrpcClientProtocolClient (GrpcClientProtocolClient.java:onNext(255)) - client-05DA20D107F8->b461a7b0-028a-4eb5-b268-b89ac225aff8: receive RaftClientReply:client-05DA20D107F8->b461a7b0-028a-4eb5-b268-b89ac225aff8@group-0C8C0AA7542A, cid=2172, SUCCESS, logIndex=3206, commits[b461a7b0-028a-4eb5-b268-b89ac225aff8:c3206, b6ff45f5-67b8-463b-a273-c2e7d9dadd75:c3204, 6a5cb75f-f7eb-4671-9a85-3b6f7898f6cc:c3204]
2019-08-28 21:29:49,320 | INFO  | DNAudit | user=null | ip=null | op=WRITE_CHUNK {blockData=conID: 1 locID: 102696733198516785 bcsId: 0} | ret=SUCCESS |  
2019-08-28 21:29:49,320 | INFO  | DNAudit | user=null | ip=null | op=PUT_BLOCK {blockData=[blockId=conID: 1 locID: 102696733198516785 bcsId: 0,size=2097152]} | ret=SUCCESS |  
2019-08-28 21:29:49,321 | INFO  | DNAudit | user=null | ip=null | op=WRITE_CHUNK {blockData=conID: 1 locID: 102696733198516785 bcsId: 0} | ret=SUCCESS |  
2019-08-28 21:29:49,321 [grpc-default-executor-1] INFO  client.GrpcClientProtocolClient (GrpcClientProtocolClient.java:onNext(255)) - client-05DA20D107F8->b461a7b0-028a-4eb5-b268-b89ac225aff8: receive RaftClientReply:client-05DA20D107F8->b461a7b0-028a-4eb5-b268-b89ac225aff8@group-0C8C0AA7542A, cid=2173, SUCCESS, logIndex=3207, commits[b461a7b0-028a-4eb5-b268-b89ac225aff8:c3208, b6ff45f5-67b8-463b-a273-c2e7d9dadd75:c3204, 6a5cb75f-f7eb-4671-9a85-3b6f7898f6cc:c3204]
2019-08-28 21:29:49,321 | INFO  | DNAudit | user=null | ip=null | op=PUT_BLOCK {blockData=[blockId=conID: 1 locID: 102696733198516785 bcsId: 0,size=1048576]} | ret=SUCCESS |  
2019-08-28 21:29:49,321 [grpc-default-executor-1] INFO  client.GrpcClientProtocolClient (GrpcClientProtocolClient.java:onNext(255)) - client-05DA20D107F8->b461a7b0-028a-4eb5-b268-b89ac225aff8: receive RaftClientReply:client-05DA20D107F8->b461a7b0-028a-4eb5-b268-b89ac225aff8@group-0C8C0AA7542A, cid=2174, SUCCESS, logIndex=3208, commits[b461a7b0-028a-4eb5-b268-b89ac225aff8:c3208, b6ff45f5-67b8-463b-a273-c2e7d9dadd75:c3204, 6a5cb75f-f7eb-4671-9a85-3b6f7898f6cc:c3204]
2019-08-28 21:29:49,321 | INFO  | DNAudit | user=null | ip=null | op=WRITE_CHUNK {blockData=conID: 1 locID: 102696733198516785 bcsId: 0} | ret=SUCCESS |  
2019-08-28 21:29:49,322 | INFO  | DNAudit | user=null | ip=null | op=PUT_BLOCK {blockData=[blockId=conID: 1 locID: 102696733198516785 bcsId: 0,size=1048576]} | ret=SUCCESS |  
2019-08-28 21:29:49,322 | INFO  | DNAudit | user=null | ip=null | op=WRITE_CHUNK {blockData=conID: 1 locID: 102696733198516785 bcsId: 0} | ret=SUCCESS |  
2019-08-28 21:29:49,322 | INFO  | DNAudit | user=null | ip=null | op=PUT_BLOCK {blockData=[blockId=conID: 1 locID: 102696733198516785 bcsId: 0,size=2097152]} | ret=SUCCESS |  
2019-08-28 21:29:49,322 [grpc-default-executor-5] INFO  client.GrpcClientProtocolClient (GrpcClientProtocolClient.java:onNext(255)) - client-05DA20D107F8->b461a7b0-028a-4eb5-b268-b89ac225aff8: receive RaftClientReply:client-05DA20D107F8->b461a7b0-028a-4eb5-b268-b89ac225aff8@group-0C8C0AA7542A, cid=2175, SUCCESS, logIndex=0, commits[b461a7b0-028a-4eb5-b268-b89ac225aff8:c3210, b6ff45f5-67b8-463b-a273-c2e7d9dadd75:c3206, 6a5cb75f-f7eb-4671-9a85-3b6f7898f6cc:c3206]
2019-08-28 21:29:49,323 | INFO  | DNAudit | user=null | ip=null | op=WRITE_CHUNK {blockData=conID: 1 locID: 102696733198516785 bcsId: 0} | ret=SUCCESS |  
2019-08-28 21:29:49,323 | INFO  | DNAudit | user=null | ip=null | op=PUT_BLOCK {blockData=[blockId=conID: 1 locID: 102696733198516785 bcsId: 0,size=2097152]} | ret=SUCCESS |  
2019-08-28 21:29:49,329 | INFO  | DNAudit | user=null | ip=null | op=WRITE_CHUNK {blockData=conID: 1 locID: 102696733198516785 bcsId: 3208} | ret=SUCCESS |  
2019-08-28 21:29:49,405 | INFO  | DNAudit | user=null | ip=null | op=WRITE_CHUNK {blockData=conID: 1 locID: 102696733198516785 bcsId: 3208} | ret=SUCCESS |  
2019-08-28 21:29:49,405 | INFO  | DNAudit | user=null | ip=null | op=WRITE_CHUNK {blockData=conID: 1 locID: 102696733198516785 bcsId: 3208} | ret=SUCCESS |  
2019-08-28 21:29:49,433 | INFO  | DNAudit | user=null | ip=null | op=WRITE_CHUNK {blockData=conID: 1 locID: 102696733198516785 bcsId: 3208} | ret=SUCCESS |  
2019-08-28 21:29:49,433 | INFO  | DNAudit | user=null | ip=null | op=PUT_BLOCK {blockData=[blockId=conID: 1 locID: 102696733198516785 bcsId: 0,size=3145728]} | ret=SUCCESS |  
2019-08-28 21:29:49,434 [grpc-default-executor-3] INFO  client.GrpcClientProtocolClient (GrpcClientProtocolClient.java:onNext(255)) - client-05DA20D107F8->b461a7b0-028a-4eb5-b268-b89ac225aff8: receive RaftClientReply:client-05DA20D107F8->b461a7b0-028a-4eb5-b268-b89ac225aff8@group-0C8C0AA7542A, cid=2176, SUCCESS, logIndex=3213, commits[b461a7b0-028a-4eb5-b268-b89ac225aff8:c3214, b6ff45f5-67b8-463b-a273-c2e7d9dadd75:c3212, 6a5cb75f-f7eb-4671-9a85-3b6f7898f6cc:c3212]
2019-08-28 21:29:49,434 [grpc-default-executor-3] INFO  client.GrpcClientProtocolClient (GrpcClientProtocolClient.java:onNext(255)) - client-05DA20D107F8->b461a7b0-028a-4eb5-b268-b89ac225aff8: receive RaftClientReply:client-05DA20D107F8->b461a7b0-028a-4eb5-b268-b89ac225aff8@group-0C8C0AA7542A, cid=2177, SUCCESS, logIndex=3214, commits[b461a7b0-028a-4eb5-b268-b89ac225aff8:c3214, b6ff45f5-67b8-463b-a273-c2e7d9dadd75:c3212, 6a5cb75f-f7eb-4671-9a85-3b6f7898f6cc:c3212]
2019-08-28 21:29:49,442 | INFO  | DNAudit | user=null | ip=null | op=WRITE_CHUNK {blockData=conID: 1 locID: 102696733198516785 bcsId: 3214} | ret=SUCCESS |  
2019-08-28 21:29:49,443 | INFO  | DNAudit | user=null | ip=null | op=WRITE_CHUNK {blockData=conID: 1 locID: 102696733198516785 bcsId: 3208} | ret=SUCCESS |  
2019-08-28 21:29:49,443 | INFO  | DNAudit | user=null | ip=null | op=WRITE_CHUNK {blockData=conID: 1 locID: 102696733198516785 bcsId: 3208} | ret=SUCCESS |  
2019-08-28 21:29:49,446 | INFO  | DNAudit | user=null | ip=null | op=WRITE_CHUNK {blockData=conID: 1 locID: 102696733198516785 bcsId: 3214} | ret=SUCCESS |  
2019-08-28 21:29:49,446 | INFO  | DNAudit | user=null | ip=null | op=WRITE_CHUNK {blockData=conID: 1 locID: 102696733198516785 bcsId: 3214} | ret=SUCCESS |  
2019-08-28 21:29:49,448 | INFO  | DNAudit | user=null | ip=null | op=PUT_BLOCK {blockData=[blockId=conID: 1 locID: 102696733198516785 bcsId: 0,size=3145728]} | ret=SUCCESS |  
2019-08-28 21:29:49,448 | INFO  | DNAudit | user=null | ip=null | op=PUT_BLOCK {blockData=[blockId=conID: 1 locID: 102696733198516785 bcsId: 0,size=3145728]} | ret=SUCCESS |  
2019-08-28 21:29:49,450 | INFO  | DNAudit | user=null | ip=null | op=WRITE_CHUNK {blockData=conID: 1 locID: 102696733198516785 bcsId: 3214} | ret=SUCCESS |  
2019-08-28 21:29:49,450 | INFO  | DNAudit | user=null | ip=null | op=PUT_BLOCK {blockData=[blockId=conID: 1 locID: 102696733198516785 bcsId: 0,size=4194304]} | ret=SUCCESS |  
2019-08-28 21:29:49,451 [grpc-default-executor-1] INFO  client.GrpcClientProtocolClient (GrpcClientProtocolClient.java:onNext(255)) - client-05DA20D107F8->b461a7b0-028a-4eb5-b268-b89ac225aff8: receive RaftClientReply:client-05DA20D107F8->b461a7b0-028a-4eb5-b268-b89ac225aff8@group-0C8C0AA7542A, cid=2178, SUCCESS, logIndex=3217, commits[b461a7b0-028a-4eb5-b268-b89ac225aff8:c3218, b6ff45f5-67b8-463b-a273-c2e7d9dadd75:c3214, 6a5cb75f-f7eb-4671-9a85-3b6f7898f6cc:c3214]
2019-08-28 21:29:49,451 [grpc-default-executor-1] INFO  client.GrpcClientProtocolClient (GrpcClientProtocolClient.java:onNext(255)) - client-05DA20D107F8->b461a7b0-028a-4eb5-b268-b89ac225aff8: receive RaftClientReply:client-05DA20D107F8->b461a7b0-028a-4eb5-b268-b89ac225aff8@group-0C8C0AA7542A, cid=2179, SUCCESS, logIndex=3218, commits[b461a7b0-028a-4eb5-b268-b89ac225aff8:c3218, b6ff45f5-67b8-463b-a273-c2e7d9dadd75:c3214, 6a5cb75f-f7eb-4671-9a85-3b6f7898f6cc:c3214]
2019-08-28 21:29:49,454 | INFO  | DNAudit | user=null | ip=null | op=WRITE_CHUNK {blockData=conID: 1 locID: 102696733198516785 bcsId: 3214} | ret=SUCCESS |  
2019-08-28 21:29:49,454 | INFO  | DNAudit | user=null | ip=null | op=WRITE_CHUNK {blockData=conID: 1 locID: 102696733198516785 bcsId: 3214} | ret=SUCCESS |  
2019-08-28 21:29:49,454 | INFO  | DNAudit | user=null | ip=null | op=PUT_BLOCK {blockData=[blockId=conID: 1 locID: 102696733198516785 bcsId: 0,size=4194304]} | ret=SUCCESS |  
2019-08-28 21:29:49,454 | INFO  | DNAudit | user=null | ip=null | op=PUT_BLOCK {blockData=[blockId=conID: 1 locID: 102696733198516785 bcsId: 0,size=4194304]} | ret=SUCCESS |  
2019-08-28 21:29:49,455 [grpc-default-executor-1] INFO  client.GrpcClientProtocolClient (GrpcClientProtocolClient.java:onNext(255)) - client-05DA20D107F8->b461a7b0-028a-4eb5-b268-b89ac225aff8: receive RaftClientReply:client-05DA20D107F8->b461a7b0-028a-4eb5-b268-b89ac225aff8@group-0C8C0AA7542A, cid=2180, SUCCESS, logIndex=0, commits[b461a7b0-028a-4eb5-b268-b89ac225aff8:c3219, b6ff45f5-67b8-463b-a273-c2e7d9dadd75:c3218, 6a5cb75f-f7eb-4671-9a85-3b6f7898f6cc:c3218]
2019-08-28 21:29:49,459 | INFO  | SCMAudit | user=jenkins1000 | ip=127.0.0.1 | op=ALLOCATE_BLOCK {owner=a0140aad-a474-4492-a39d-25bd6167d9f0, size=4194304, type=RATIS, factor=THREE} | ret=SUCCESS |  
2019-08-28 21:29:49,462 | INFO  | OMAudit | user=jenkins1000 | ip=127.0.0.1 | op=ALLOCATE_BLOCK {volume=vol-0-08922, bucket=bucket-0-29862, key=key-0-31337, dataSize=0, replicationType=null, replicationFactor=null, keyLocationInfo=null, clientID=102696731548516754} | ret=SUCCESS |  
2019-08-28 21:29:49,469 | INFO  | DNAudit | user=null | ip=null | op=WRITE_CHUNK {blockData=conID: 2 locID: 102696733209985586 bcsId: 0} | ret=SUCCESS |  
2019-08-28 21:29:49,471 | INFO  | DNAudit | user=null | ip=null | op=WRITE_CHUNK {blockData=conID: 2 locID: 102696733209985586 bcsId: 0} | ret=SUCCESS |  
2019-08-28 21:29:49,473 | INFO  | DNAudit | user=null | ip=null | op=WRITE_CHUNK {blockData=conID: 2 locID: 102696733209985586 bcsId: 0} | ret=SUCCESS |  
2019-08-28 21:29:49,473 | INFO  | DNAudit | user=null | ip=null | op=WRITE_CHUNK {blockData=conID: 2 locID: 102696733209985586 bcsId: 0} | ret=SUCCESS |  
2019-08-28 21:29:49,476 | INFO  | DNAudit | user=null | ip=null | op=WRITE_CHUNK {blockData=conID: 2 locID: 102696733209985586 bcsId: 0} | ret=SUCCESS |  
2019-08-28 21:29:49,476 | INFO  | DNAudit | user=null | ip=null | op=WRITE_CHUNK {blockData=conID: 2 locID: 102696733209985586 bcsId: 0} | ret=SUCCESS |  
2019-08-28 21:29:49,483 | INFO  | DNAudit | user=null | ip=null | op=WRITE_CHUNK {blockData=conID: 2 locID: 102696733209985586 bcsId: 0} | ret=SUCCESS |  
2019-08-28 21:29:49,484 | INFO  | DNAudit | user=null | ip=null | op=PUT_BLOCK {blockData=[blockId=conID: 2 locID: 102696733209985586 bcsId: 0,size=1048576]} | ret=SUCCESS |  
2019-08-28 21:29:49,484 [grpc-default-executor-3] INFO  client.GrpcClientProtocolClient (GrpcClientProtocolClient.java:onNext(255)) - client-05DA20D107F8->b461a7b0-028a-4eb5-b268-b89ac225aff8: receive RaftClientReply:client-05DA20D107F8->b461a7b0-028a-4eb5-b268-b89ac225aff8@group-0C8C0AA7542A, cid=2181, SUCCESS, logIndex=3221, commits[b461a7b0-028a-4eb5-b268-b89ac225aff8:c3222, b6ff45f5-67b8-463b-a273-c2e7d9dadd75:c3220, 6a5cb75f-f7eb-4671-9a85-3b6f7898f6cc:c3220]
2019-08-28 21:29:49,485 | INFO  | DNAudit | user=null | ip=null | op=WRITE_CHUNK {blockData=conID: 2 locID: 102696733209985586 bcsId: 0} | ret=SUCCESS |  
2019-08-28 21:29:49,485 [grpc-default-executor-1] INFO  client.GrpcClientProtocolClient (GrpcClientProtocolClient.java:onNext(255)) - client-05DA20D107F8->b461a7b0-028a-4eb5-b268-b89ac225aff8: receive RaftClientReply:client-05DA20D107F8->b461a7b0-028a-4eb5-b268-b89ac225aff8@group-0C8C0AA7542A, cid=2182, SUCCESS, logIndex=3222, commits[b461a7b0-028a-4eb5-b268-b89ac225aff8:c3223, b6ff45f5-67b8-463b-a273-c2e7d9dadd75:c3220, 6a5cb75f-f7eb-4671-9a85-3b6f7898f6cc:c3220]
2019-08-28 21:29:49,485 | INFO  | DNAudit | user=null | ip=null | op=PUT_BLOCK {blockData=[blockId=conID: 2 locID: 102696733209985586 bcsId: 0,size=2097152]} | ret=SUCCESS |  
2019-08-28 21:29:49,486 | INFO  | DNAudit | user=null | ip=null | op=WRITE_CHUNK {blockData=conID: 2 locID: 102696733209985586 bcsId: 0} | ret=SUCCESS |  
2019-08-28 21:29:49,486 [grpc-default-executor-1] INFO  client.GrpcClientProtocolClient (GrpcClientProtocolClient.java:onNext(255)) - client-05DA20D107F8->b461a7b0-028a-4eb5-b268-b89ac225aff8: receive RaftClientReply:client-05DA20D107F8->b461a7b0-028a-4eb5-b268-b89ac225aff8@group-0C8C0AA7542A, cid=2183, SUCCESS, logIndex=3223, commits[b461a7b0-028a-4eb5-b268-b89ac225aff8:c3224, b6ff45f5-67b8-463b-a273-c2e7d9dadd75:c3220, 6a5cb75f-f7eb-4671-9a85-3b6f7898f6cc:c3220]
2019-08-28 21:29:49,486 | INFO  | DNAudit | user=null | ip=null | op=PUT_BLOCK {blockData=[blockId=conID: 2 locID: 102696733209985586 bcsId: 0,size=1048576]} | ret=SUCCESS |  
2019-08-28 21:29:49,486 [grpc-default-executor-1] INFO  client.GrpcClientProtocolClient (GrpcClientProtocolClient.java:onNext(255)) - client-05DA20D107F8->b461a7b0-028a-4eb5-b268-b89ac225aff8: receive RaftClientReply:client-05DA20D107F8->b461a7b0-028a-4eb5-b268-b89ac225aff8@group-0C8C0AA7542A, cid=2184, SUCCESS, logIndex=3224, commits[b461a7b0-028a-4eb5-b268-b89ac225aff8:c3224, b6ff45f5-67b8-463b-a273-c2e7d9dadd75:c3220, 6a5cb75f-f7eb-4671-9a85-3b6f7898f6cc:c3220]
2019-08-28 21:29:49,489 | INFO  | DNAudit | user=null | ip=null | op=WRITE_CHUNK {blockData=conID: 2 locID: 102696733209985586 bcsId: 0} | ret=SUCCESS |  
2019-08-28 21:29:49,489 | INFO  | DNAudit | user=null | ip=null | op=PUT_BLOCK {blockData=[blockId=conID: 2 locID: 102696733209985586 bcsId: 0,size=1048576]} | ret=SUCCESS |  
2019-08-28 21:29:49,489 | INFO  | DNAudit | user=null | ip=null | op=WRITE_CHUNK {blockData=conID: 2 locID: 102696733209985586 bcsId: 0} | ret=SUCCESS |  
2019-08-28 21:29:49,489 [grpc-default-executor-5] INFO  client.GrpcClientProtocolClient (GrpcClientProtocolClient.java:onNext(255)) - client-05DA20D107F8->b461a7b0-028a-4eb5-b268-b89ac225aff8: receive RaftClientReply:client-05DA20D107F8->b461a7b0-028a-4eb5-b268-b89ac225aff8@group-0C8C0AA7542A, cid=2185, SUCCESS, logIndex=0, commits[b461a7b0-028a-4eb5-b268-b89ac225aff8:c3226, b6ff45f5-67b8-463b-a273-c2e7d9dadd75:c3222, 6a5cb75f-f7eb-4671-9a85-3b6f7898f6cc:c3222]
2019-08-28 21:29:49,496 | INFO  | DNAudit | user=null | ip=null | op=WRITE_CHUNK {blockData=conID: 2 locID: 102696733209985586 bcsId: 0} | ret=SUCCESS |  
2019-08-28 21:29:49,496 | INFO  | DNAudit | user=null | ip=null | op=PUT_BLOCK {blockData=[blockId=conID: 2 locID: 102696733209985586 bcsId: 0,size=2097152]} | ret=SUCCESS |  
2019-08-28 21:29:49,496 | INFO  | DNAudit | user=null | ip=null | op=PUT_BLOCK {blockData=[blockId=conID: 2 locID: 102696733209985586 bcsId: 0,size=2097152]} | ret=SUCCESS |  
2019-08-28 21:29:49,497 | INFO  | DNAudit | user=null | ip=null | op=WRITE_CHUNK {blockData=conID: 2 locID: 102696733209985586 bcsId: 3224} | ret=SUCCESS |  
2019-08-28 21:29:49,500 | INFO  | DNAudit | user=null | ip=null | op=WRITE_CHUNK {blockData=conID: 2 locID: 102696733209985586 bcsId: 3224} | ret=SUCCESS |  
2019-08-28 21:29:49,500 | INFO  | DNAudit | user=null | ip=null | op=WRITE_CHUNK {blockData=conID: 2 locID: 102696733209985586 bcsId: 3224} | ret=SUCCESS |  
2019-08-28 21:29:49,504 | INFO  | DNAudit | user=null | ip=null | op=WRITE_CHUNK {blockData=conID: 2 locID: 102696733209985586 bcsId: 3224} | ret=SUCCESS |  
2019-08-28 21:29:49,505 | INFO  | DNAudit | user=null | ip=null | op=PUT_BLOCK {blockData=[blockId=conID: 2 locID: 102696733209985586 bcsId: 0,size=3145728]} | ret=SUCCESS |  
2019-08-28 21:29:49,505 [grpc-default-executor-5] INFO  client.GrpcClientProtocolClient (GrpcClientProtocolClient.java:onNext(255)) - client-05DA20D107F8->b461a7b0-028a-4eb5-b268-b89ac225aff8: receive RaftClientReply:client-05DA20D107F8->b461a7b0-028a-4eb5-b268-b89ac225aff8@group-0C8C0AA7542A, cid=2186, SUCCESS, logIndex=3229, commits[b461a7b0-028a-4eb5-b268-b89ac225aff8:c3230, b6ff45f5-67b8-463b-a273-c2e7d9dadd75:c3227, 6a5cb75f-f7eb-4671-9a85-3b6f7898f6cc:c3227]
2019-08-28 21:29:49,506 [grpc-default-executor-5] INFO  client.GrpcClientProtocolClient (GrpcClientProtocolClient.java:onNext(255)) - client-05DA20D107F8->b461a7b0-028a-4eb5-b268-b89ac225aff8: receive RaftClientReply:client-05DA20D107F8->b461a7b0-028a-4eb5-b268-b89ac225aff8@group-0C8C0AA7542A, cid=2187, SUCCESS, logIndex=3230, commits[b461a7b0-028a-4eb5-b268-b89ac225aff8:c3230, b6ff45f5-67b8-463b-a273-c2e7d9dadd75:c3227, 6a5cb75f-f7eb-4671-9a85-3b6f7898f6cc:c3227]
2019-08-28 21:29:49,512 | INFO  | DNAudit | user=null | ip=null | op=WRITE_CHUNK {blockData=conID: 2 locID: 102696733209985586 bcsId: 3224} | ret=SUCCESS |  
2019-08-28 21:29:49,512 | INFO  | DNAudit | user=null | ip=null | op=WRITE_CHUNK {blockData=conID: 2 locID: 102696733209985586 bcsId: 3230} | ret=SUCCESS |  
2019-08-28 21:29:49,512 | INFO  | DNAudit | user=null | ip=null | op=WRITE_CHUNK {blockData=conID: 2 locID: 102696733209985586 bcsId: 3224} | ret=SUCCESS |  
2019-08-28 21:29:49,515 | INFO  | DNAudit | user=null | ip=null | op=WRITE_CHUNK {blockData=conID: 2 locID: 102696733209985586 bcsId: 3230} | ret=SUCCESS |  
2019-08-28 21:29:49,515 | INFO  | DNAudit | user=null | ip=null | op=WRITE_CHUNK {blockData=conID: 2 locID: 102696733209985586 bcsId: 3230} | ret=SUCCESS |  
2019-08-28 21:29:49,519 | INFO  | DNAudit | user=null | ip=null | op=PUT_BLOCK {blockData=[blockId=conID: 2 locID: 102696733209985586 bcsId: 0,size=3145728]} | ret=SUCCESS |  
2019-08-28 21:29:49,519 | INFO  | DNAudit | user=null | ip=null | op=PUT_BLOCK {blockData=[blockId=conID: 2 locID: 102696733209985586 bcsId: 0,size=3145728]} | ret=SUCCESS |  
2019-08-28 21:29:49,520 | INFO  | DNAudit | user=null | ip=null | op=WRITE_CHUNK {blockData=conID: 2 locID: 102696733209985586 bcsId: 3230} | ret=SUCCESS |  
2019-08-28 21:29:49,521 | INFO  | DNAudit | user=null | ip=null | op=PUT_BLOCK {blockData=[blockId=conID: 2 locID: 102696733209985586 bcsId: 0,size=4194304]} | ret=SUCCESS |  
2019-08-28 21:29:49,521 [grpc-default-executor-5] INFO  client.GrpcClientProtocolClient (GrpcClientProtocolClient.java:onNext(255)) - client-05DA20D107F8->b461a7b0-028a-4eb5-b268-b89ac225aff8: receive RaftClientReply:client-05DA20D107F8->b461a7b0-028a-4eb5-b268-b89ac225aff8@group-0C8C0AA7542A, cid=2188, SUCCESS, logIndex=3233, commits[b461a7b0-028a-4eb5-b268-b89ac225aff8:c3234, b6ff45f5-67b8-463b-a273-c2e7d9dadd75:c3230, 6a5cb75f-f7eb-4671-9a85-3b6f7898f6cc:c3230]
2019-08-28 21:29:49,521 [grpc-default-executor-5] INFO  client.GrpcClientProtocolClient (GrpcClientProtocolClient.java:onNext(255)) - client-05DA20D107F8->b461a7b0-028a-4eb5-b268-b89ac225aff8: receive RaftClientReply:client-05DA20D107F8->b461a7b0-028a-4eb5-b268-b89ac225aff8@group-0C8C0AA7542A, cid=2189, SUCCESS, logIndex=3234, commits[b461a7b0-028a-4eb5-b268-b89ac225aff8:c3234, b6ff45f5-67b8-463b-a273-c2e7d9dadd75:c3230, 6a5cb75f-f7eb-4671-9a85-3b6f7898f6cc:c3230]
2019-08-28 21:29:49,526 | INFO  | DNAudit | user=null | ip=null | op=WRITE_CHUNK {blockData=conID: 2 locID: 102696733209985586 bcsId: 3230} | ret=SUCCESS |  
2019-08-28 21:29:49,526 | INFO  | DNAudit | user=null | ip=null | op=WRITE_CHUNK {blockData=conID: 2 locID: 102696733209985586 bcsId: 3230} | ret=SUCCESS |  
2019-08-28 21:29:49,526 | INFO  | DNAudit | user=null | ip=null | op=PUT_BLOCK {blockData=[blockId=conID: 2 locID: 102696733209985586 bcsId: 0,size=4194304]} | ret=SUCCESS |  
2019-08-28 21:29:49,526 | INFO  | DNAudit | user=null | ip=null | op=PUT_BLOCK {blockData=[blockId=conID: 2 locID: 102696733209985586 bcsId: 0,size=4194304]} | ret=SUCCESS |  
2019-08-28 21:29:49,526 [grpc-default-executor-3] INFO  client.GrpcClientProtocolClient (GrpcClientProtocolClient.java:onNext(255)) - client-05DA20D107F8->b461a7b0-028a-4eb5-b268-b89ac225aff8: receive RaftClientReply:client-05DA20D107F8->b461a7b0-028a-4eb5-b268-b89ac225aff8@group-0C8C0AA7542A, cid=2190, SUCCESS, logIndex=0, commits[b461a7b0-028a-4eb5-b268-b89ac225aff8:c3235, b6ff45f5-67b8-463b-a273-c2e7d9dadd75:c3234, 6a5cb75f-f7eb-4671-9a85-3b6f7898f6cc:c3234]
2019-08-28 21:29:49,531 | INFO  | SCMAudit | user=jenkins1000 | ip=127.0.0.1 | op=ALLOCATE_BLOCK {owner=a0140aad-a474-4492-a39d-25bd6167d9f0, size=4194304, type=RATIS, factor=THREE} | ret=SUCCESS |  
2019-08-28 21:29:49,534 | INFO  | OMAudit | user=jenkins1000 | ip=127.0.0.1 | op=ALLOCATE_BLOCK {volume=vol-0-08922, bucket=bucket-0-29862, key=key-0-31337, dataSize=0, replicationType=null, replicationFactor=null, keyLocationInfo=null, clientID=102696731548516754} | ret=SUCCESS |  
2019-08-28 21:29:49,540 | INFO  | DNAudit | user=null | ip=null | op=WRITE_CHUNK {blockData=conID: 3 locID: 102696733214704179 bcsId: 0} | ret=SUCCESS |  
2019-08-28 21:29:49,543 | INFO  | DNAudit | user=null | ip=null | op=WRITE_CHUNK {blockData=conID: 3 locID: 102696733214704179 bcsId: 0} | ret=SUCCESS |  
2019-08-28 21:29:49,543 | INFO  | DNAudit | user=null | ip=null | op=WRITE_CHUNK {blockData=conID: 3 locID: 102696733214704179 bcsId: 0} | ret=SUCCESS |  
2019-08-28 21:29:49,544 | INFO  | DNAudit | user=null | ip=null | op=WRITE_CHUNK {blockData=conID: 3 locID: 102696733214704179 bcsId: 0} | ret=SUCCESS |  
2019-08-28 21:29:49,546 | INFO  | DNAudit | user=null | ip=null | op=WRITE_CHUNK {blockData=conID: 3 locID: 102696733214704179 bcsId: 0} | ret=SUCCESS |  
2019-08-28 21:29:49,546 | INFO  | DNAudit | user=null | ip=null | op=WRITE_CHUNK {blockData=conID: 3 locID: 102696733214704179 bcsId: 0} | ret=SUCCESS |  
2019-08-28 21:29:49,561 | INFO  | DNAudit | user=null | ip=null | op=WRITE_CHUNK {blockData=conID: 3 locID: 102696733214704179 bcsId: 0} | ret=SUCCESS |  
2019-08-28 21:29:49,561 | INFO  | DNAudit | user=null | ip=null | op=PUT_BLOCK {blockData=[blockId=conID: 3 locID: 102696733214704179 bcsId: 0,size=1048576]} | ret=SUCCESS |  
2019-08-28 21:29:49,562 [grpc-default-executor-6] INFO  client.GrpcClientProtocolClient (GrpcClientProtocolClient.java:onNext(255)) - client-05DA20D107F8->b461a7b0-028a-4eb5-b268-b89ac225aff8: receive RaftClientReply:client-05DA20D107F8->b461a7b0-028a-4eb5-b268-b89ac225aff8@group-0C8C0AA7542A, cid=2191, SUCCESS, logIndex=3237, commits[b461a7b0-028a-4eb5-b268-b89ac225aff8:c3238, b6ff45f5-67b8-463b-a273-c2e7d9dadd75:c3236, 6a5cb75f-f7eb-4671-9a85-3b6f7898f6cc:c3236]
2019-08-28 21:29:49,562 [grpc-default-executor-6] INFO  client.GrpcClientProtocolClient (GrpcClientProtocolClient.java:onNext(255)) - client-05DA20D107F8->b461a7b0-028a-4eb5-b268-b89ac225aff8: receive RaftClientReply:client-05DA20D107F8->b461a7b0-028a-4eb5-b268-b89ac225aff8@group-0C8C0AA7542A, cid=2192, SUCCESS, logIndex=3238, commits[b461a7b0-028a-4eb5-b268-b89ac225aff8:c3238, b6ff45f5-67b8-463b-a273-c2e7d9dadd75:c3236, 6a5cb75f-f7eb-4671-9a85-3b6f7898f6cc:c3236]
2019-08-28 21:29:49,566 | INFO  | DNAudit | user=null | ip=null | op=WRITE_CHUNK {blockData=conID: 3 locID: 102696733214704179 bcsId: 0} | ret=SUCCESS |  
2019-08-28 21:29:49,566 | INFO  | DNAudit | user=null | ip=null | op=PUT_BLOCK {blockData=[blockId=conID: 3 locID: 102696733214704179 bcsId: 0,size=2097152]} | ret=SUCCESS |  
2019-08-28 21:29:49,566 | INFO  | DNAudit | user=null | ip=null | op=WRITE_CHUNK {blockData=conID: 3 locID: 102696733214704179 bcsId: 0} | ret=SUCCESS |  
2019-08-28 21:29:49,566 [grpc-default-executor-1] INFO  client.GrpcClientProtocolClient (GrpcClientProtocolClient.java:onNext(255)) - client-05DA20D107F8->b461a7b0-028a-4eb5-b268-b89ac225aff8: receive RaftClientReply:client-05DA20D107F8->b461a7b0-028a-4eb5-b268-b89ac225aff8@group-0C8C0AA7542A, cid=2193, SUCCESS, logIndex=3239, commits[b461a7b0-028a-4eb5-b268-b89ac225aff8:c3240, b6ff45f5-67b8-463b-a273-c2e7d9dadd75:c3236, 6a5cb75f-f7eb-4671-9a85-3b6f7898f6cc:c3236]
2019-08-28 21:29:49,566 | INFO  | DNAudit | user=null | ip=null | op=PUT_BLOCK {blockData=[blockId=conID: 3 locID: 102696733214704179 bcsId: 0,size=1048576]} | ret=SUCCESS |  
2019-08-28 21:29:49,567 [grpc-default-executor-1] INFO  client.GrpcClientProtocolClient (GrpcClientProtocolClient.java:onNext(255)) - client-05DA20D107F8->b461a7b0-028a-4eb5-b268-b89ac225aff8: receive RaftClientReply:client-05DA20D107F8->b461a7b0-028a-4eb5-b268-b89ac225aff8@group-0C8C0AA7542A, cid=2194, SUCCESS, logIndex=3240, commits[b461a7b0-028a-4eb5-b268-b89ac225aff8:c3240, b6ff45f5-67b8-463b-a273-c2e7d9dadd75:c3236, 6a5cb75f-f7eb-4671-9a85-3b6f7898f6cc:c3236]
2019-08-28 21:29:49,567 | INFO  | DNAudit | user=null | ip=null | op=WRITE_CHUNK {blockData=conID: 3 locID: 102696733214704179 bcsId: 0} | ret=SUCCESS |  
2019-08-28 21:29:49,567 | INFO  | DNAudit | user=null | ip=null | op=PUT_BLOCK {blockData=[blockId=conID: 3 locID: 102696733214704179 bcsId: 0,size=1048576]} | ret=SUCCESS |  
2019-08-28 21:29:49,568 | INFO  | DNAudit | user=null | ip=null | op=WRITE_CHUNK {blockData=conID: 3 locID: 102696733214704179 bcsId: 0} | ret=SUCCESS |  
2019-08-28 21:29:49,568 | INFO  | DNAudit | user=null | ip=null | op=PUT_BLOCK {blockData=[blockId=conID: 3 locID: 102696733214704179 bcsId: 0,size=2097152]} | ret=SUCCESS |  
2019-08-28 21:29:49,568 [grpc-default-executor-1] INFO  client.GrpcClientProtocolClient (GrpcClientProtocolClient.java:onNext(255)) - client-05DA20D107F8->b461a7b0-028a-4eb5-b268-b89ac225aff8: receive RaftClientReply:client-05DA20D107F8->b461a7b0-028a-4eb5-b268-b89ac225aff8@group-0C8C0AA7542A, cid=2195, SUCCESS, logIndex=0, commits[b461a7b0-028a-4eb5-b268-b89ac225aff8:c3242, b6ff45f5-67b8-463b-a273-c2e7d9dadd75:c3238, 6a5cb75f-f7eb-4671-9a85-3b6f7898f6cc:c3238]
2019-08-28 21:29:49,568 | INFO  | DNAudit | user=null | ip=null | op=WRITE_CHUNK {blockData=conID: 3 locID: 102696733214704179 bcsId: 0} | ret=SUCCESS |  
2019-08-28 21:29:49,568 | INFO  | DNAudit | user=null | ip=null | op=PUT_BLOCK {blockData=[blockId=conID: 3 locID: 102696733214704179 bcsId: 0,size=2097152]} | ret=SUCCESS |  
2019-08-28 21:29:49,574 | INFO  | DNAudit | user=null | ip=null | op=WRITE_CHUNK {blockData=conID: 3 locID: 102696733214704179 bcsId: 3240} | ret=SUCCESS |  
2019-08-28 21:29:49,576 | INFO  | DNAudit | user=null | ip=null | op=WRITE_CHUNK {blockData=conID: 3 locID: 102696733214704179 bcsId: 3240} | ret=SUCCESS |  
2019-08-28 21:29:49,576 | INFO  | DNAudit | user=null | ip=null | op=WRITE_CHUNK {blockData=conID: 3 locID: 102696733214704179 bcsId: 3240} | ret=SUCCESS |  
2019-08-28 21:29:49,590 | INFO  | DNAudit | user=null | ip=null | op=WRITE_CHUNK {blockData=conID: 3 locID: 102696733214704179 bcsId: 3240} | ret=SUCCESS |  
2019-08-28 21:29:49,591 | INFO  | DNAudit | user=null | ip=null | op=PUT_BLOCK {blockData=[blockId=conID: 3 locID: 102696733214704179 bcsId: 0,size=3145728]} | ret=SUCCESS |  
2019-08-28 21:29:49,591 [grpc-default-executor-5] INFO  client.GrpcClientProtocolClient (GrpcClientProtocolClient.java:onNext(255)) - client-05DA20D107F8->b461a7b0-028a-4eb5-b268-b89ac225aff8: receive RaftClientReply:client-05DA20D107F8->b461a7b0-028a-4eb5-b268-b89ac225aff8@group-0C8C0AA7542A, cid=2196, SUCCESS, logIndex=3245, commits[b461a7b0-028a-4eb5-b268-b89ac225aff8:c3246, b6ff45f5-67b8-463b-a273-c2e7d9dadd75:c3244, 6a5cb75f-f7eb-4671-9a85-3b6f7898f6cc:c3244]
2019-08-28 21:29:49,591 [grpc-default-executor-5] INFO  client.GrpcClientProtocolClient (GrpcClientProtocolClient.java:onNext(255)) - client-05DA20D107F8->b461a7b0-028a-4eb5-b268-b89ac225aff8: receive RaftClientReply:client-05DA20D107F8->b461a7b0-028a-4eb5-b268-b89ac225aff8@group-0C8C0AA7542A, cid=2197, SUCCESS, logIndex=3246, commits[b461a7b0-028a-4eb5-b268-b89ac225aff8:c3246, b6ff45f5-67b8-463b-a273-c2e7d9dadd75:c3244, 6a5cb75f-f7eb-4671-9a85-3b6f7898f6cc:c3244]
2019-08-28 21:29:49,597 | INFO  | DNAudit | user=null | ip=null | op=WRITE_CHUNK {blockData=conID: 3 locID: 102696733214704179 bcsId: 3246} | ret=SUCCESS |  
2019-08-28 21:29:49,599 | INFO  | DNAudit | user=null | ip=null | op=WRITE_CHUNK {blockData=conID: 3 locID: 102696733214704179 bcsId: 3246} | ret=SUCCESS |  
2019-08-28 21:29:49,600 | INFO  | DNAudit | user=null | ip=null | op=WRITE_CHUNK {blockData=conID: 3 locID: 102696733214704179 bcsId: 3246} | ret=SUCCESS |  
2019-08-28 21:29:49,600 | INFO  | DNAudit | user=null | ip=null | op=WRITE_CHUNK {blockData=conID: 3 locID: 102696733214704179 bcsId: 3240} | ret=SUCCESS |  
2019-08-28 21:29:49,600 | INFO  | DNAudit | user=null | ip=null | op=WRITE_CHUNK {blockData=conID: 3 locID: 102696733214704179 bcsId: 3240} | ret=SUCCESS |  
2019-08-28 21:29:49,602 | INFO  | DNAudit | user=null | ip=null | op=PUT_BLOCK {blockData=[blockId=conID: 3 locID: 102696733214704179 bcsId: 0,size=3145728]} | ret=SUCCESS |  
2019-08-28 21:29:49,602 | INFO  | DNAudit | user=null | ip=null | op=PUT_BLOCK {blockData=[blockId=conID: 3 locID: 102696733214704179 bcsId: 0,size=3145728]} | ret=SUCCESS |  
2019-08-28 21:29:49,603 | INFO  | DNAudit | user=null | ip=null | op=WRITE_CHUNK {blockData=conID: 3 locID: 102696733214704179 bcsId: 3246} | ret=SUCCESS |  
2019-08-28 21:29:49,603 | INFO  | DNAudit | user=null | ip=null | op=PUT_BLOCK {blockData=[blockId=conID: 3 locID: 102696733214704179 bcsId: 0,size=4194304]} | ret=SUCCESS |  
2019-08-28 21:29:49,603 [grpc-default-executor-1] INFO  client.GrpcClientProtocolClient (GrpcClientProtocolClient.java:onNext(255)) - client-05DA20D107F8->b461a7b0-028a-4eb5-b268-b89ac225aff8: receive RaftClientReply:client-05DA20D107F8->b461a7b0-028a-4eb5-b268-b89ac225aff8@group-0C8C0AA7542A, cid=2198, SUCCESS, logIndex=3249, commits[b461a7b0-028a-4eb5-b268-b89ac225aff8:c3249, b6ff45f5-67b8-463b-a273-c2e7d9dadd75:c3246, 6a5cb75f-f7eb-4671-9a85-3b6f7898f6cc:c3246]
2019-08-28 21:29:49,604 [grpc-default-executor-1] INFO  client.GrpcClientProtocolClient (GrpcClientProtocolClient.java:onNext(255)) - client-05DA20D107F8->b461a7b0-028a-4eb5-b268-b89ac225aff8: receive RaftClientReply:client-05DA20D107F8->b461a7b0-028a-4eb5-b268-b89ac225aff8@group-0C8C0AA7542A, cid=2199, SUCCESS, logIndex=3250, commits[b461a7b0-028a-4eb5-b268-b89ac225aff8:c3250, b6ff45f5-67b8-463b-a273-c2e7d9dadd75:c3246, 6a5cb75f-f7eb-4671-9a85-3b6f7898f6cc:c3246]
2019-08-28 21:29:49,612 | INFO  | DNAudit | user=null | ip=null | op=WRITE_CHUNK {blockData=conID: 3 locID: 102696733214704179 bcsId: 3246} | ret=SUCCESS |  
2019-08-28 21:29:49,612 | INFO  | DNAudit | user=null | ip=null | op=WRITE_CHUNK {blockData=conID: 3 locID: 102696733214704179 bcsId: 3246} | ret=SUCCESS |  
2019-08-28 21:29:49,613 | INFO  | DNAudit | user=null | ip=null | op=PUT_BLOCK {blockData=[blockId=conID: 3 locID: 102696733214704179 bcsId: 0,size=4194304]} | ret=SUCCESS |  
2019-08-28 21:29:49,613 | INFO  | DNAudit | user=null | ip=null | op=PUT_BLOCK {blockData=[blockId=conID: 3 locID: 102696733214704179 bcsId: 0,size=4194304]} | ret=SUCCESS |  
2019-08-28 21:29:49,614 [grpc-default-executor-1] INFO  client.GrpcClientProtocolClient (GrpcClientProtocolClient.java:onNext(255)) - client-05DA20D107F8->b461a7b0-028a-4eb5-b268-b89ac225aff8: receive RaftClientReply:client-05DA20D107F8->b461a7b0-028a-4eb5-b268-b89ac225aff8@group-0C8C0AA7542A, cid=2200, SUCCESS, logIndex=0, commits[b461a7b0-028a-4eb5-b268-b89ac225aff8:c3252, b6ff45f5-67b8-463b-a273-c2e7d9dadd75:c3250, 6a5cb75f-f7eb-4671-9a85-3b6f7898f6cc:c3250]
2019-08-28 21:29:49,618 | INFO  | SCMAudit | user=jenkins1000 | ip=127.0.0.1 | op=ALLOCATE_BLOCK {owner=a0140aad-a474-4492-a39d-25bd6167d9f0, size=4194304, type=RATIS, factor=THREE} | ret=SUCCESS |  
2019-08-28 21:29:49,621 | INFO  | OMAudit | user=jenkins1000 | ip=127.0.0.1 | op=ALLOCATE_BLOCK {volume=vol-0-08922, bucket=bucket-0-29862, key=key-0-31337, dataSize=0, replicationType=null, replicationFactor=null, keyLocationInfo=null, clientID=102696731548516754} | ret=SUCCESS |  
2019-08-28 21:29:49,627 | INFO  | DNAudit | user=null | ip=null | op=WRITE_CHUNK {blockData=conID: 1 locID: 102696733220405812 bcsId: 0} | ret=SUCCESS |  
2019-08-28 21:29:49,630 | INFO  | DNAudit | user=null | ip=null | op=WRITE_CHUNK {blockData=conID: 1 locID: 102696733220405812 bcsId: 0} | ret=SUCCESS |  
2019-08-28 21:29:49,630 | INFO  | DNAudit | user=null | ip=null | op=WRITE_CHUNK {blockData=conID: 1 locID: 102696733220405812 bcsId: 0} | ret=SUCCESS |  
2019-08-28 21:29:49,631 | INFO  | DNAudit | user=null | ip=null | op=WRITE_CHUNK {blockData=conID: 1 locID: 102696733220405812 bcsId: 0} | ret=SUCCESS |  
2019-08-28 21:29:49,633 | INFO  | DNAudit | user=null | ip=null | op=WRITE_CHUNK {blockData=conID: 1 locID: 102696733220405812 bcsId: 0} | ret=SUCCESS |  
2019-08-28 21:29:49,633 | INFO  | DNAudit | user=null | ip=null | op=WRITE_CHUNK {blockData=conID: 1 locID: 102696733220405812 bcsId: 0} | ret=SUCCESS |  
2019-08-28 21:29:49,637 | INFO  | SCMAudit | user=jenkins1000 | ip=192.168.36.107 | op=SEND_HEARTBEAT {datanodeUUID=68f89a68-6a96-4cde-8528-8617611d459d, command=[]} | ret=SUCCESS |  
2019-08-28 21:29:49,637 | INFO  | SCMAudit | user=jenkins1000 | ip=192.168.36.107 | op=SEND_HEARTBEAT {datanodeUUID=af4986ea-80d8-4c92-96d2-2b3929a4248a, command=[]} | ret=SUCCESS |  
2019-08-28 21:29:49,638 | INFO  | SCMAudit | user=jenkins1000 | ip=192.168.36.107 | op=SEND_HEARTBEAT {datanodeUUID=6a5cb75f-f7eb-4671-9a85-3b6f7898f6cc, command=[]} | ret=SUCCESS |  
2019-08-28 21:29:49,638 | INFO  | SCMAudit | user=jenkins1000 | ip=192.168.36.107 | op=SEND_HEARTBEAT {datanodeUUID=b461a7b0-028a-4eb5-b268-b89ac225aff8, command=[]} | ret=SUCCESS |  
2019-08-28 21:29:49,638 | INFO  | SCMAudit | user=jenkins1000 | ip=192.168.36.107 | op=SEND_HEARTBEAT {datanodeUUID=b6ff45f5-67b8-463b-a273-c2e7d9dadd75, command=[]} | ret=SUCCESS |  
 0.00% |█                                                                                                    |  0/1 Time: 0:00:252019-08-28 21:29:49,654 | INFO  | DNAudit | user=null | ip=null | op=WRITE_CHUNK {blockData=conID: 1 locID: 102696733220405812 bcsId: 0} | ret=SUCCESS |  
2019-08-28 21:29:49,654 | INFO  | DNAudit | user=null | ip=null | op=PUT_BLOCK {blockData=[blockId=conID: 1 locID: 102696733220405812 bcsId: 0,size=1048576]} | ret=SUCCESS |  
2019-08-28 21:29:49,655 [grpc-default-executor-6] INFO  client.GrpcClientProtocolClient (GrpcClientProtocolClient.java:onNext(255)) - client-05DA20D107F8->b461a7b0-028a-4eb5-b268-b89ac225aff8: receive RaftClientReply:client-05DA20D107F8->b461a7b0-028a-4eb5-b268-b89ac225aff8@group-0C8C0AA7542A, cid=2201, SUCCESS, logIndex=3253, commits[b461a7b0-028a-4eb5-b268-b89ac225aff8:c3254, b6ff45f5-67b8-463b-a273-c2e7d9dadd75:c3252, 6a5cb75f-f7eb-4671-9a85-3b6f7898f6cc:c3252]
2019-08-28 21:29:49,655 [grpc-default-executor-6] INFO  client.GrpcClientProtocolClient (GrpcClientProtocolClient.java:onNext(255)) - client-05DA20D107F8->b461a7b0-028a-4eb5-b268-b89ac225aff8: receive RaftClientReply:client-05DA20D107F8->b461a7b0-028a-4eb5-b268-b89ac225aff8@group-0C8C0AA7542A, cid=2202, SUCCESS, logIndex=3254, commits[b461a7b0-028a-4eb5-b268-b89ac225aff8:c3254, b6ff45f5-67b8-463b-a273-c2e7d9dadd75:c3252, 6a5cb75f-f7eb-4671-9a85-3b6f7898f6cc:c3252]
2019-08-28 21:29:49,677 | INFO  | DNAudit | user=null | ip=null | op=WRITE_CHUNK {blockData=conID: 1 locID: 102696733220405812 bcsId: 0} | ret=SUCCESS |  
2019-08-28 21:29:49,677 | INFO  | DNAudit | user=null | ip=null | op=PUT_BLOCK {blockData=[blockId=conID: 1 locID: 102696733220405812 bcsId: 0,size=2097152]} | ret=SUCCESS |  
2019-08-28 21:29:49,678 [grpc-default-executor-1] INFO  client.GrpcClientProtocolClient (GrpcClientProtocolClient.java:onNext(255)) - client-05DA20D107F8->b461a7b0-028a-4eb5-b268-b89ac225aff8: receive RaftClientReply:client-05DA20D107F8->b461a7b0-028a-4eb5-b268-b89ac225aff8@group-0C8C0AA7542A, cid=2203, SUCCESS, logIndex=3255, commits[b461a7b0-028a-4eb5-b268-b89ac225aff8:c3256, b6ff45f5-67b8-463b-a273-c2e7d9dadd75:c3252, 6a5cb75f-f7eb-4671-9a85-3b6f7898f6cc:c3252]
2019-08-28 21:29:49,678 [grpc-default-executor-1] INFO  client.GrpcClientProtocolClient (GrpcClientProtocolClient.java:onNext(255)) - client-05DA20D107F8->b461a7b0-028a-4eb5-b268-b89ac225aff8: receive RaftClientReply:client-05DA20D107F8->b461a7b0-028a-4eb5-b268-b89ac225aff8@group-0C8C0AA7542A, cid=2204, SUCCESS, logIndex=3256, commits[b461a7b0-028a-4eb5-b268-b89ac225aff8:c3256, b6ff45f5-67b8-463b-a273-c2e7d9dadd75:c3252, 6a5cb75f-f7eb-4671-9a85-3b6f7898f6cc:c3252]
2019-08-28 21:29:49,678 | INFO  | DNAudit | user=null | ip=null | op=WRITE_CHUNK {blockData=conID: 1 locID: 102696733220405812 bcsId: 0} | ret=SUCCESS |  
2019-08-28 21:29:49,678 | INFO  | DNAudit | user=null | ip=null | op=PUT_BLOCK {blockData=[blockId=conID: 1 locID: 102696733220405812 bcsId: 0,size=1048576]} | ret=SUCCESS |  
2019-08-28 21:29:49,681 | INFO  | DNAudit | user=null | ip=null | op=WRITE_CHUNK {blockData=conID: 1 locID: 102696733220405812 bcsId: 0} | ret=SUCCESS |  
2019-08-28 21:29:49,681 | INFO  | DNAudit | user=null | ip=null | op=PUT_BLOCK {blockData=[blockId=conID: 1 locID: 102696733220405812 bcsId: 0,size=1048576]} | ret=SUCCESS |  
2019-08-28 21:29:49,681 [grpc-default-executor-3] INFO  client.GrpcClientProtocolClient (GrpcClientProtocolClient.java:onNext(255)) - client-05DA20D107F8->b461a7b0-028a-4eb5-b268-b89ac225aff8: receive RaftClientReply:client-05DA20D107F8->b461a7b0-028a-4eb5-b268-b89ac225aff8@group-0C8C0AA7542A, cid=2205, SUCCESS, logIndex=0, commits[b461a7b0-028a-4eb5-b268-b89ac225aff8:c3258, b6ff45f5-67b8-463b-a273-c2e7d9dadd75:c3254, 6a5cb75f-f7eb-4671-9a85-3b6f7898f6cc:c3254]
2019-08-28 21:29:49,687 | INFO  | DNAudit | user=null | ip=null | op=WRITE_CHUNK {blockData=conID: 1 locID: 102696733220405812 bcsId: 3256} | ret=SUCCESS |  
2019-08-28 21:29:49,690 | INFO  | DNAudit | user=null | ip=null | op=WRITE_CHUNK {blockData=conID: 1 locID: 102696733220405812 bcsId: 3256} | ret=SUCCESS |  
2019-08-28 21:29:49,690 | INFO  | DNAudit | user=null | ip=null | op=WRITE_CHUNK {blockData=conID: 1 locID: 102696733220405812 bcsId: 3256} | ret=SUCCESS |  
2019-08-28 21:29:49,700 | INFO  | DNAudit | user=null | ip=null | op=WRITE_CHUNK {blockData=conID: 1 locID: 102696733220405812 bcsId: 0} | ret=SUCCESS |  
2019-08-28 21:29:49,700 | INFO  | DNAudit | user=null | ip=null | op=PUT_BLOCK {blockData=[blockId=conID: 1 locID: 102696733220405812 bcsId: 0,size=2097152]} | ret=SUCCESS |  
2019-08-28 21:29:49,700 | INFO  | DNAudit | user=null | ip=null | op=WRITE_CHUNK {blockData=conID: 1 locID: 102696733220405812 bcsId: 0} | ret=SUCCESS |  
2019-08-28 21:29:49,701 | INFO  | DNAudit | user=null | ip=null | op=PUT_BLOCK {blockData=[blockId=conID: 1 locID: 102696733220405812 bcsId: 0,size=2097152]} | ret=SUCCESS |  
2019-08-28 21:29:49,704 | INFO  | DNAudit | user=null | ip=null | op=WRITE_CHUNK {blockData=conID: 1 locID: 102696733220405812 bcsId: 3256} | ret=SUCCESS |  
2019-08-28 21:29:49,704 | INFO  | DNAudit | user=null | ip=null | op=PUT_BLOCK {blockData=[blockId=conID: 1 locID: 102696733220405812 bcsId: 0,size=3145728]} | ret=SUCCESS |  
2019-08-28 21:29:49,705 [grpc-default-executor-1] INFO  client.GrpcClientProtocolClient (GrpcClientProtocolClient.java:onNext(255)) - client-05DA20D107F8->b461a7b0-028a-4eb5-b268-b89ac225aff8: receive RaftClientReply:client-05DA20D107F8->b461a7b0-028a-4eb5-b268-b89ac225aff8@group-0C8C0AA7542A, cid=2206, SUCCESS, logIndex=3261, commits[b461a7b0-028a-4eb5-b268-b89ac225aff8:c3262, b6ff45f5-67b8-463b-a273-c2e7d9dadd75:c3258, 6a5cb75f-f7eb-4671-9a85-3b6f7898f6cc:c3256]
2019-08-28 21:29:49,705 [grpc-default-executor-1] INFO  client.GrpcClientProtocolClient (GrpcClientProtocolClient.java:onNext(255)) - client-05DA20D107F8->b461a7b0-028a-4eb5-b268-b89ac225aff8: receive RaftClientReply:client-05DA20D107F8->b461a7b0-028a-4eb5-b268-b89ac225aff8@group-0C8C0AA7542A, cid=2207, SUCCESS, logIndex=3262, commits[b461a7b0-028a-4eb5-b268-b89ac225aff8:c3262, b6ff45f5-67b8-463b-a273-c2e7d9dadd75:c3258, 6a5cb75f-f7eb-4671-9a85-3b6f7898f6cc:c3258]
2019-08-28 21:29:49,711 | INFO  | DNAudit | user=null | ip=null | op=WRITE_CHUNK {blockData=conID: 1 locID: 102696733220405812 bcsId: 3262} | ret=SUCCESS |  
2019-08-28 21:29:49,713 | INFO  | DNAudit | user=null | ip=null | op=WRITE_CHUNK {blockData=conID: 1 locID: 102696733220405812 bcsId: 3262} | ret=SUCCESS |  
2019-08-28 21:29:49,713 | INFO  | DNAudit | user=null | ip=null | op=WRITE_CHUNK {blockData=conID: 1 locID: 102696733220405812 bcsId: 3262} | ret=SUCCESS |  
2019-08-28 21:29:49,715 | INFO  | DNAudit | user=null | ip=null | op=WRITE_CHUNK {blockData=conID: 1 locID: 102696733220405812 bcsId: 3256} | ret=SUCCESS |  
2019-08-28 21:29:49,715 | INFO  | DNAudit | user=null | ip=null | op=WRITE_CHUNK {blockData=conID: 1 locID: 102696733220405812 bcsId: 3256} | ret=SUCCESS |  
2019-08-28 21:29:49,715 | INFO  | DNAudit | user=null | ip=null | op=PUT_BLOCK {blockData=[blockId=conID: 1 locID: 102696733220405812 bcsId: 0,size=3145728]} | ret=SUCCESS |  
2019-08-28 21:29:49,715 | INFO  | DNAudit | user=null | ip=null | op=PUT_BLOCK {blockData=[blockId=conID: 1 locID: 102696733220405812 bcsId: 0,size=3145728]} | ret=SUCCESS |  
2019-08-28 21:29:49,717 | INFO  | DNAudit | user=null | ip=null | op=WRITE_CHUNK {blockData=conID: 1 locID: 102696733220405812 bcsId: 3262} | ret=SUCCESS |  
2019-08-28 21:29:49,717 | INFO  | DNAudit | user=null | ip=null | op=PUT_BLOCK {blockData=[blockId=conID: 1 locID: 102696733220405812 bcsId: 0,size=4194304]} | ret=SUCCESS |  
2019-08-28 21:29:49,717 [grpc-default-executor-1] INFO  client.GrpcClientProtocolClient (GrpcClientProtocolClient.java:onNext(255)) - client-05DA20D107F8->b461a7b0-028a-4eb5-b268-b89ac225aff8: receive RaftClientReply:client-05DA20D107F8->b461a7b0-028a-4eb5-b268-b89ac225aff8@group-0C8C0AA7542A, cid=2208, SUCCESS, logIndex=3264, commits[b461a7b0-028a-4eb5-b268-b89ac225aff8:c3265, b6ff45f5-67b8-463b-a273-c2e7d9dadd75:c3262, 6a5cb75f-f7eb-4671-9a85-3b6f7898f6cc:c3262]
2019-08-28 21:29:49,717 [grpc-default-executor-1] INFO  client.GrpcClientProtocolClient (GrpcClientProtocolClient.java:onNext(255)) - client-05DA20D107F8->b461a7b0-028a-4eb5-b268-b89ac225aff8: receive RaftClientReply:client-05DA20D107F8->b461a7b0-028a-4eb5-b268-b89ac225aff8@group-0C8C0AA7542A, cid=2209, SUCCESS, logIndex=3265, commits[b461a7b0-028a-4eb5-b268-b89ac225aff8:c3265, b6ff45f5-67b8-463b-a273-c2e7d9dadd75:c3262, 6a5cb75f-f7eb-4671-9a85-3b6f7898f6cc:c3262]
2019-08-28 21:29:49,724 | INFO  | DNAudit | user=null | ip=null | op=WRITE_CHUNK {blockData=conID: 1 locID: 102696733220405812 bcsId: 3262} | ret=SUCCESS |  
2019-08-28 21:29:49,724 | INFO  | DNAudit | user=null | ip=null | op=WRITE_CHUNK {blockData=conID: 1 locID: 102696733220405812 bcsId: 3262} | ret=SUCCESS |  
2019-08-28 21:29:49,724 | INFO  | DNAudit | user=null | ip=null | op=PUT_BLOCK {blockData=[blockId=conID: 1 locID: 102696733220405812 bcsId: 0,size=4194304]} | ret=SUCCESS |  
2019-08-28 21:29:49,724 | INFO  | DNAudit | user=null | ip=null | op=PUT_BLOCK {blockData=[blockId=conID: 1 locID: 102696733220405812 bcsId: 0,size=4194304]} | ret=SUCCESS |  
2019-08-28 21:29:49,725 [grpc-default-executor-1] INFO  client.GrpcClientProtocolClient (GrpcClientProtocolClient.java:onNext(255)) - client-05DA20D107F8->b461a7b0-028a-4eb5-b268-b89ac225aff8: receive RaftClientReply:client-05DA20D107F8->b461a7b0-028a-4eb5-b268-b89ac225aff8@group-0C8C0AA7542A, cid=2210, SUCCESS, logIndex=0, commits[b461a7b0-028a-4eb5-b268-b89ac225aff8:c3265, b6ff45f5-67b8-463b-a273-c2e7d9dadd75:c3265, 6a5cb75f-f7eb-4671-9a85-3b6f7898f6cc:c3265]
2019-08-28 21:29:49,730 | INFO  | SCMAudit | user=jenkins1000 | ip=127.0.0.1 | op=ALLOCATE_BLOCK {owner=a0140aad-a474-4492-a39d-25bd6167d9f0, size=4194304, type=RATIS, factor=THREE} | ret=SUCCESS |  
2019-08-28 21:29:49,733 | INFO  | OMAudit | user=jenkins1000 | ip=127.0.0.1 | op=ALLOCATE_BLOCK {volume=vol-0-08922, bucket=bucket-0-29862, key=key-0-31337, dataSize=0, replicationType=null, replicationFactor=null, keyLocationInfo=null, clientID=102696731548516754} | ret=SUCCESS |  
2019-08-28 21:29:49,739 | INFO  | DNAudit | user=null | ip=null | op=WRITE_CHUNK {blockData=conID: 2 locID: 102696733227745845 bcsId: 0} | ret=SUCCESS |  
2019-08-28 21:29:49,742 | INFO  | DNAudit | user=null | ip=null | op=WRITE_CHUNK {blockData=conID: 2 locID: 102696733227745845 bcsId: 0} | ret=SUCCESS |  
2019-08-28 21:29:49,742 | INFO  | DNAudit | user=null | ip=null | op=WRITE_CHUNK {blockData=conID: 2 locID: 102696733227745845 bcsId: 0} | ret=SUCCESS |  
2019-08-28 21:29:49,742 | INFO  | DNAudit | user=null | ip=null | op=WRITE_CHUNK {blockData=conID: 2 locID: 102696733227745845 bcsId: 0} | ret=SUCCESS |  
2019-08-28 21:29:49,744 | INFO  | DNAudit | user=null | ip=null | op=WRITE_CHUNK {blockData=conID: 2 locID: 102696733227745845 bcsId: 0} | ret=SUCCESS |  
2019-08-28 21:29:49,744 | INFO  | DNAudit | user=null | ip=null | op=WRITE_CHUNK {blockData=conID: 2 locID: 102696733227745845 bcsId: 0} | ret=SUCCESS |  
2019-08-28 21:29:49,746 | INFO  | DNAudit | user=null | ip=null | op=WRITE_CHUNK {blockData=conID: 2 locID: 102696733227745845 bcsId: 0} | ret=SUCCESS |  
2019-08-28 21:29:49,747 | INFO  | DNAudit | user=null | ip=null | op=PUT_BLOCK {blockData=[blockId=conID: 2 locID: 102696733227745845 bcsId: 0,size=1048576]} | ret=SUCCESS |  
2019-08-28 21:29:49,747 [grpc-default-executor-5] INFO  client.GrpcClientProtocolClient (GrpcClientProtocolClient.java:onNext(255)) - client-05DA20D107F8->b461a7b0-028a-4eb5-b268-b89ac225aff8: receive RaftClientReply:client-05DA20D107F8->b461a7b0-028a-4eb5-b268-b89ac225aff8@group-0C8C0AA7542A, cid=2211, SUCCESS, logIndex=3267, commits[b461a7b0-028a-4eb5-b268-b89ac225aff8:c3268, b6ff45f5-67b8-463b-a273-c2e7d9dadd75:c3266, 6a5cb75f-f7eb-4671-9a85-3b6f7898f6cc:c3266]
2019-08-28 21:29:49,747 | INFO  | DNAudit | user=null | ip=null | op=WRITE_CHUNK {blockData=conID: 2 locID: 102696733227745845 bcsId: 0} | ret=SUCCESS |  
2019-08-28 21:29:49,748 | INFO  | DNAudit | user=null | ip=null | op=PUT_BLOCK {blockData=[blockId=conID: 2 locID: 102696733227745845 bcsId: 0,size=2097152]} | ret=SUCCESS |  
2019-08-28 21:29:49,748 [grpc-default-executor-5] INFO  client.GrpcClientProtocolClient (GrpcClientProtocolClient.java:onNext(255)) - client-05DA20D107F8->b461a7b0-028a-4eb5-b268-b89ac225aff8: receive RaftClientReply:client-05DA20D107F8->b461a7b0-028a-4eb5-b268-b89ac225aff8@group-0C8C0AA7542A, cid=2212, SUCCESS, logIndex=3268, commits[b461a7b0-028a-4eb5-b268-b89ac225aff8:c3270, b6ff45f5-67b8-463b-a273-c2e7d9dadd75:c3266, 6a5cb75f-f7eb-4671-9a85-3b6f7898f6cc:c3266]
2019-08-28 21:29:49,748 [grpc-default-executor-5] INFO  client.GrpcClientProtocolClient (GrpcClientProtocolClient.java:onNext(255)) - client-05DA20D107F8->b461a7b0-028a-4eb5-b268-b89ac225aff8: receive RaftClientReply:client-05DA20D107F8->b461a7b0-028a-4eb5-b268-b89ac225aff8@group-0C8C0AA7542A, cid=2213, SUCCESS, logIndex=3269, commits[b461a7b0-028a-4eb5-b268-b89ac225aff8:c3270, b6ff45f5-67b8-463b-a273-c2e7d9dadd75:c3266, 6a5cb75f-f7eb-4671-9a85-3b6f7898f6cc:c3266]
2019-08-28 21:29:49,748 [grpc-default-executor-5] INFO  client.GrpcClientProtocolClient (GrpcClientProtocolClient.java:onNext(255)) - client-05DA20D107F8->b461a7b0-028a-4eb5-b268-b89ac225aff8: receive RaftClientReply:client-05DA20D107F8->b461a7b0-028a-4eb5-b268-b89ac225aff8@group-0C8C0AA7542A, cid=2214, SUCCESS, logIndex=3270, commits[b461a7b0-028a-4eb5-b268-b89ac225aff8:c3270, b6ff45f5-67b8-463b-a273-c2e7d9dadd75:c3266, 6a5cb75f-f7eb-4671-9a85-3b6f7898f6cc:c3266]
2019-08-28 21:29:49,750 | INFO  | DNAudit | user=null | ip=null | op=WRITE_CHUNK {blockData=conID: 2 locID: 102696733227745845 bcsId: 0} | ret=SUCCESS |  
2019-08-28 21:29:49,750 | INFO  | DNAudit | user=null | ip=null | op=PUT_BLOCK {blockData=[blockId=conID: 2 locID: 102696733227745845 bcsId: 0,size=1048576]} | ret=SUCCESS |  
2019-08-28 21:29:49,762 | INFO  | DNAudit | user=null | ip=null | op=WRITE_CHUNK {blockData=conID: 2 locID: 102696733227745845 bcsId: 0} | ret=SUCCESS |  
2019-08-28 21:29:49,762 | INFO  | DNAudit | user=null | ip=null | op=PUT_BLOCK {blockData=[blockId=conID: 2 locID: 102696733227745845 bcsId: 0,size=1048576]} | ret=SUCCESS |  
2019-08-28 21:29:49,762 [grpc-default-executor-5] INFO  client.GrpcClientProtocolClient (GrpcClientProtocolClient.java:onNext(255)) - client-05DA20D107F8->b461a7b0-028a-4eb5-b268-b89ac225aff8: receive RaftClientReply:client-05DA20D107F8->b461a7b0-028a-4eb5-b268-b89ac225aff8@group-0C8C0AA7542A, cid=2215, SUCCESS, logIndex=0, commits[b461a7b0-028a-4eb5-b268-b89ac225aff8:c3271, b6ff45f5-67b8-463b-a273-c2e7d9dadd75:c3268, 6a5cb75f-f7eb-4671-9a85-3b6f7898f6cc:c3268]
2019-08-28 21:29:49,763 | INFO  | DNAudit | user=null | ip=null | op=WRITE_CHUNK {blockData=conID: 2 locID: 102696733227745845 bcsId: 0} | ret=SUCCESS |  
2019-08-28 21:29:49,763 | INFO  | DNAudit | user=null | ip=null | op=PUT_BLOCK {blockData=[blockId=conID: 2 locID: 102696733227745845 bcsId: 0,size=2097152]} | ret=SUCCESS |  
2019-08-28 21:29:49,763 | INFO  | DNAudit | user=null | ip=null | op=WRITE_CHUNK {blockData=conID: 2 locID: 102696733227745845 bcsId: 0} | ret=SUCCESS |  
2019-08-28 21:29:49,763 | INFO  | DNAudit | user=null | ip=null | op=PUT_BLOCK {blockData=[blockId=conID: 2 locID: 102696733227745845 bcsId: 0,size=2097152]} | ret=SUCCESS |  
2019-08-28 21:29:49,768 | INFO  | DNAudit | user=null | ip=null | op=WRITE_CHUNK {blockData=conID: 2 locID: 102696733227745845 bcsId: 3270} | ret=SUCCESS |  
2019-08-28 21:29:49,770 | INFO  | DNAudit | user=null | ip=null | op=WRITE_CHUNK {blockData=conID: 2 locID: 102696733227745845 bcsId: 3270} | ret=SUCCESS |  
2019-08-28 21:29:49,771 | INFO  | DNAudit | user=null | ip=null | op=WRITE_CHUNK {blockData=conID: 2 locID: 102696733227745845 bcsId: 3270} | ret=SUCCESS |  
2019-08-28 21:29:49,785 | INFO  | DNAudit | user=null | ip=null | op=WRITE_CHUNK {blockData=conID: 2 locID: 102696733227745845 bcsId: 3270} | ret=SUCCESS |  
2019-08-28 21:29:49,786 | INFO  | DNAudit | user=null | ip=null | op=PUT_BLOCK {blockData=[blockId=conID: 2 locID: 102696733227745845 bcsId: 0,size=3145728]} | ret=SUCCESS |  
2019-08-28 21:29:49,786 [grpc-default-executor-5] INFO  client.GrpcClientProtocolClient (GrpcClientProtocolClient.java:onNext(255)) - client-05DA20D107F8->b461a7b0-028a-4eb5-b268-b89ac225aff8: receive RaftClientReply:client-05DA20D107F8->b461a7b0-028a-4eb5-b268-b89ac225aff8@group-0C8C0AA7542A, cid=2216, SUCCESS, logIndex=3274, commits[b461a7b0-028a-4eb5-b268-b89ac225aff8:c3275, b6ff45f5-67b8-463b-a273-c2e7d9dadd75:c3273, 6a5cb75f-f7eb-4671-9a85-3b6f7898f6cc:c3273]
2019-08-28 21:29:49,787 [grpc-default-executor-5] INFO  client.GrpcClientProtocolClient (GrpcClientProtocolClient.java:onNext(255)) - client-05DA20D107F8->b461a7b0-028a-4eb5-b268-b89ac225aff8: receive RaftClientReply:client-05DA20D107F8->b461a7b0-028a-4eb5-b268-b89ac225aff8@group-0C8C0AA7542A, cid=2217, SUCCESS, logIndex=3275, commits[b461a7b0-028a-4eb5-b268-b89ac225aff8:c3275, b6ff45f5-67b8-463b-a273-c2e7d9dadd75:c3273, 6a5cb75f-f7eb-4671-9a85-3b6f7898f6cc:c3273]
2019-08-28 21:29:49,792 | INFO  | DNAudit | user=null | ip=null | op=WRITE_CHUNK {blockData=conID: 2 locID: 102696733227745845 bcsId: 3275} | ret=SUCCESS |  
2019-08-28 21:29:49,794 | INFO  | DNAudit | user=null | ip=null | op=WRITE_CHUNK {blockData=conID: 2 locID: 102696733227745845 bcsId: 3275} | ret=SUCCESS |  
2019-08-28 21:29:49,794 | INFO  | DNAudit | user=null | ip=null | op=WRITE_CHUNK {blockData=conID: 2 locID: 102696733227745845 bcsId: 3275} | ret=SUCCESS |  
2019-08-28 21:29:49,794 | INFO  | DNAudit | user=null | ip=null | op=WRITE_CHUNK {blockData=conID: 2 locID: 102696733227745845 bcsId: 3270} | ret=SUCCESS |  
2019-08-28 21:29:49,794 | INFO  | DNAudit | user=null | ip=null | op=WRITE_CHUNK {blockData=conID: 2 locID: 102696733227745845 bcsId: 3270} | ret=SUCCESS |  
2019-08-28 21:29:49,796 | INFO  | DNAudit | user=null | ip=null | op=PUT_BLOCK {blockData=[blockId=conID: 2 locID: 102696733227745845 bcsId: 0,size=3145728]} | ret=SUCCESS |  
2019-08-28 21:29:49,796 | INFO  | DNAudit | user=null | ip=null | op=PUT_BLOCK {blockData=[blockId=conID: 2 locID: 102696733227745845 bcsId: 0,size=3145728]} | ret=SUCCESS |  
2019-08-28 21:29:49,796 | INFO  | DNAudit | user=null | ip=null | op=WRITE_CHUNK {blockData=conID: 2 locID: 102696733227745845 bcsId: 3275} | ret=SUCCESS |  
2019-08-28 21:29:49,797 | INFO  | DNAudit | user=null | ip=null | op=PUT_BLOCK {blockData=[blockId=conID: 2 locID: 102696733227745845 bcsId: 0,size=4194304]} | ret=SUCCESS |  
2019-08-28 21:29:49,797 [grpc-default-executor-1] INFO  client.GrpcClientProtocolClient (GrpcClientProtocolClient.java:onNext(255)) - client-05DA20D107F8->b461a7b0-028a-4eb5-b268-b89ac225aff8: receive RaftClientReply:client-05DA20D107F8->b461a7b0-028a-4eb5-b268-b89ac225aff8@group-0C8C0AA7542A, cid=2218, SUCCESS, logIndex=3278, commits[b461a7b0-028a-4eb5-b268-b89ac225aff8:c3279, b6ff45f5-67b8-463b-a273-c2e7d9dadd75:c3275, 6a5cb75f-f7eb-4671-9a85-3b6f7898f6cc:c3275]
2019-08-28 21:29:49,797 [grpc-default-executor-1] INFO  client.GrpcClientProtocolClient (GrpcClientProtocolClient.java:onNext(255)) - client-05DA20D107F8->b461a7b0-028a-4eb5-b268-b89ac225aff8: receive RaftClientReply:client-05DA20D107F8->b461a7b0-028a-4eb5-b268-b89ac225aff8@group-0C8C0AA7542A, cid=2219, SUCCESS, logIndex=3279, commits[b461a7b0-028a-4eb5-b268-b89ac225aff8:c3279, b6ff45f5-67b8-463b-a273-c2e7d9dadd75:c3275, 6a5cb75f-f7eb-4671-9a85-3b6f7898f6cc:c3275]
2019-08-28 21:29:49,805 | INFO  | DNAudit | user=null | ip=null | op=WRITE_CHUNK {blockData=conID: 2 locID: 102696733227745845 bcsId: 3275} | ret=SUCCESS |  
2019-08-28 21:29:49,805 | INFO  | DNAudit | user=null | ip=null | op=WRITE_CHUNK {blockData=conID: 2 locID: 102696733227745845 bcsId: 3275} | ret=SUCCESS |  
2019-08-28 21:29:49,815 | INFO  | DNAudit | user=null | ip=null | op=PUT_BLOCK {blockData=[blockId=conID: 2 locID: 102696733227745845 bcsId: 0,size=4194304]} | ret=SUCCESS |  
2019-08-28 21:29:49,815 | INFO  | DNAudit | user=null | ip=null | op=PUT_BLOCK {blockData=[blockId=conID: 2 locID: 102696733227745845 bcsId: 0,size=4194304]} | ret=SUCCESS |  
2019-08-28 21:29:49,816 [grpc-default-executor-1] INFO  client.GrpcClientProtocolClient (GrpcClientProtocolClient.java:onNext(255)) - client-05DA20D107F8->b461a7b0-028a-4eb5-b268-b89ac225aff8: receive RaftClientReply:client-05DA20D107F8->b461a7b0-028a-4eb5-b268-b89ac225aff8@group-0C8C0AA7542A, cid=2220, SUCCESS, logIndex=0, commits[b461a7b0-028a-4eb5-b268-b89ac225aff8:c3281, b6ff45f5-67b8-463b-a273-c2e7d9dadd75:c3279, 6a5cb75f-f7eb-4671-9a85-3b6f7898f6cc:c3279]
2019-08-28 21:29:49,820 | INFO  | SCMAudit | user=jenkins1000 | ip=127.0.0.1 | op=ALLOCATE_BLOCK {owner=a0140aad-a474-4492-a39d-25bd6167d9f0, size=4194304, type=RATIS, factor=THREE} | ret=SUCCESS |  
2019-08-28 21:29:49,822 | INFO  | OMAudit | user=jenkins1000 | ip=127.0.0.1 | op=ALLOCATE_BLOCK {volume=vol-0-08922, bucket=bucket-0-29862, key=key-0-31337, dataSize=0, replicationType=null, replicationFactor=null, keyLocationInfo=null, clientID=102696731548516754} | ret=SUCCESS |  
2019-08-28 21:29:49,829 | INFO  | DNAudit | user=null | ip=null | op=WRITE_CHUNK {blockData=conID: 3 locID: 102696733233644086 bcsId: 0} | ret=SUCCESS |  
2019-08-28 21:29:49,831 | INFO  | DNAudit | user=null | ip=null | op=WRITE_CHUNK {blockData=conID: 3 locID: 102696733233644086 bcsId: 0} | ret=SUCCESS |  
2019-08-28 21:29:49,832 | INFO  | DNAudit | user=null | ip=null | op=WRITE_CHUNK {blockData=conID: 3 locID: 102696733233644086 bcsId: 0} | ret=SUCCESS |  
2019-08-28 21:29:49,832 | INFO  | DNAudit | user=null | ip=null | op=WRITE_CHUNK {blockData=conID: 3 locID: 102696733233644086 bcsId: 0} | ret=SUCCESS |  
2019-08-28 21:29:49,833 | INFO  | DNAudit | user=null | ip=null | op=WRITE_CHUNK {blockData=conID: 3 locID: 102696733233644086 bcsId: 0} | ret=SUCCESS |  
2019-08-28 21:29:49,833 | INFO  | DNAudit | user=null | ip=null | op=WRITE_CHUNK {blockData=conID: 3 locID: 102696733233644086 bcsId: 0} | ret=SUCCESS |  
2019-08-28 21:29:49,845 | INFO  | DNAudit | user=null | ip=null | op=WRITE_CHUNK {blockData=conID: 3 locID: 102696733233644086 bcsId: 0} | ret=SUCCESS |  
2019-08-28 21:29:49,845 | INFO  | DNAudit | user=null | ip=null | op=PUT_BLOCK {blockData=[blockId=conID: 3 locID: 102696733233644086 bcsId: 0,size=1048576]} | ret=SUCCESS |  
2019-08-28 21:29:49,845 [grpc-default-executor-3] INFO  client.GrpcClientProtocolClient (GrpcClientProtocolClient.java:onNext(255)) - client-05DA20D107F8->b461a7b0-028a-4eb5-b268-b89ac225aff8: receive RaftClientReply:client-05DA20D107F8->b461a7b0-028a-4eb5-b268-b89ac225aff8@group-0C8C0AA7542A, cid=2221, SUCCESS, logIndex=3282, commits[b461a7b0-028a-4eb5-b268-b89ac225aff8:c3283, b6ff45f5-67b8-463b-a273-c2e7d9dadd75:c3281, 6a5cb75f-f7eb-4671-9a85-3b6f7898f6cc:c3281]
2019-08-28 21:29:49,846 [grpc-default-executor-3] INFO  client.GrpcClientProtocolClient (GrpcClientProtocolClient.java:onNext(255)) - client-05DA20D107F8->b461a7b0-028a-4eb5-b268-b89ac225aff8: receive RaftClientReply:client-05DA20D107F8->b461a7b0-028a-4eb5-b268-b89ac225aff8@group-0C8C0AA7542A, cid=2222, SUCCESS, logIndex=3283, commits[b461a7b0-028a-4eb5-b268-b89ac225aff8:c3283, b6ff45f5-67b8-463b-a273-c2e7d9dadd75:c3281, 6a5cb75f-f7eb-4671-9a85-3b6f7898f6cc:c3281]
2019-08-28 21:29:49,848 | INFO  | DNAudit | user=null | ip=null | op=WRITE_CHUNK {blockData=conID: 3 locID: 102696733233644086 bcsId: 0} | ret=SUCCESS |  
2019-08-28 21:29:49,848 | INFO  | DNAudit | user=null | ip=null | op=PUT_BLOCK {blockData=[blockId=conID: 3 locID: 102696733233644086 bcsId: 0,size=2097152]} | ret=SUCCESS |  
2019-08-28 21:29:49,849 [grpc-default-executor-1] INFO  client.GrpcClientProtocolClient (GrpcClientProtocolClient.java:onNext(255)) - client-05DA20D107F8->b461a7b0-028a-4eb5-b268-b89ac225aff8: receive RaftClientReply:client-05DA20D107F8->b461a7b0-028a-4eb5-b268-b89ac225aff8@group-0C8C0AA7542A, cid=2223, SUCCESS, logIndex=3284, commits[b461a7b0-028a-4eb5-b268-b89ac225aff8:c3285, b6ff45f5-67b8-463b-a273-c2e7d9dadd75:c3281, 6a5cb75f-f7eb-4671-9a85-3b6f7898f6cc:c3281]
2019-08-28 21:29:49,849 [grpc-default-executor-6] INFO  client.GrpcClientProtocolClient (GrpcClientProtocolClient.java:onNext(255)) - client-05DA20D107F8->b461a7b0-028a-4eb5-b268-b89ac225aff8: receive RaftClientReply:client-05DA20D107F8->b461a7b0-028a-4eb5-b268-b89ac225aff8@group-0C8C0AA7542A, cid=2224, SUCCESS, logIndex=3285, commits[b461a7b0-028a-4eb5-b268-b89ac225aff8:c3285, b6ff45f5-67b8-463b-a273-c2e7d9dadd75:c3281, 6a5cb75f-f7eb-4671-9a85-3b6f7898f6cc:c3281]
2019-08-28 21:29:49,855 | INFO  | DNAudit | user=null | ip=null | op=WRITE_CHUNK {blockData=conID: 3 locID: 102696733233644086 bcsId: 0} | ret=SUCCESS |  
2019-08-28 21:29:49,855 | INFO  | DNAudit | user=null | ip=null | op=PUT_BLOCK {blockData=[blockId=conID: 3 locID: 102696733233644086 bcsId: 0,size=1048576]} | ret=SUCCESS |  
2019-08-28 21:29:49,855 | INFO  | DNAudit | user=null | ip=null | op=WRITE_CHUNK {blockData=conID: 3 locID: 102696733233644086 bcsId: 0} | ret=SUCCESS |  
2019-08-28 21:29:49,855 | INFO  | DNAudit | user=null | ip=null | op=PUT_BLOCK {blockData=[blockId=conID: 3 locID: 102696733233644086 bcsId: 0,size=1048576]} | ret=SUCCESS |  
2019-08-28 21:29:49,856 [grpc-default-executor-6] INFO  client.GrpcClientProtocolClient (GrpcClientProtocolClient.java:onNext(255)) - client-05DA20D107F8->b461a7b0-028a-4eb5-b268-b89ac225aff8: receive RaftClientReply:client-05DA20D107F8->b461a7b0-028a-4eb5-b268-b89ac225aff8@group-0C8C0AA7542A, cid=2225, SUCCESS, logIndex=0, commits[b461a7b0-028a-4eb5-b268-b89ac225aff8:c3287, b6ff45f5-67b8-463b-a273-c2e7d9dadd75:c3283, 6a5cb75f-f7eb-4671-9a85-3b6f7898f6cc:c3283]
2019-08-28 21:29:49,858 | INFO  | DNAudit | user=null | ip=null | op=WRITE_CHUNK {blockData=conID: 3 locID: 102696733233644086 bcsId: 0} | ret=SUCCESS |  
2019-08-28 21:29:49,858 | INFO  | DNAudit | user=null | ip=null | op=WRITE_CHUNK {blockData=conID: 3 locID: 102696733233644086 bcsId: 0} | ret=SUCCESS |  
2019-08-28 21:29:49,858 | INFO  | DNAudit | user=null | ip=null | op=PUT_BLOCK {blockData=[blockId=conID: 3 locID: 102696733233644086 bcsId: 0,size=2097152]} | ret=SUCCESS |  
2019-08-28 21:29:49,858 | INFO  | DNAudit | user=null | ip=null | op=PUT_BLOCK {blockData=[blockId=conID: 3 locID: 102696733233644086 bcsId: 0,size=2097152]} | ret=SUCCESS |  
2019-08-28 21:29:49,861 | INFO  | DNAudit | user=null | ip=null | op=WRITE_CHUNK {blockData=conID: 3 locID: 102696733233644086 bcsId: 3285} | ret=SUCCESS |  
2019-08-28 21:29:49,864 | INFO  | DNAudit | user=null | ip=null | op=WRITE_CHUNK {blockData=conID: 3 locID: 102696733233644086 bcsId: 3285} | ret=SUCCESS |  
2019-08-28 21:29:49,864 | INFO  | DNAudit | user=null | ip=null | op=WRITE_CHUNK {blockData=conID: 3 locID: 102696733233644086 bcsId: 3285} | ret=SUCCESS |  
2019-08-28 21:29:49,870 | INFO  | DNAudit | user=null | ip=null | op=WRITE_CHUNK {blockData=conID: 3 locID: 102696733233644086 bcsId: 3285} | ret=SUCCESS |  
2019-08-28 21:29:49,871 | INFO  | DNAudit | user=null | ip=null | op=PUT_BLOCK {blockData=[blockId=conID: 3 locID: 102696733233644086 bcsId: 0,size=3145728]} | ret=SUCCESS |  
2019-08-28 21:29:49,871 [grpc-default-executor-1] INFO  client.GrpcClientProtocolClient (GrpcClientProtocolClient.java:onNext(255)) - client-05DA20D107F8->b461a7b0-028a-4eb5-b268-b89ac225aff8: receive RaftClientReply:client-05DA20D107F8->b461a7b0-028a-4eb5-b268-b89ac225aff8@group-0C8C0AA7542A, cid=2226, SUCCESS, logIndex=3290, commits[b461a7b0-028a-4eb5-b268-b89ac225aff8:c3291, b6ff45f5-67b8-463b-a273-c2e7d9dadd75:c3289, 6a5cb75f-f7eb-4671-9a85-3b6f7898f6cc:c3289]
2019-08-28 21:29:49,871 [grpc-default-executor-1] INFO  client.GrpcClientProtocolClient (GrpcClientProtocolClient.java:onNext(255)) - client-05DA20D107F8->b461a7b0-028a-4eb5-b268-b89ac225aff8: receive RaftClientReply:client-05DA20D107F8->b461a7b0-028a-4eb5-b268-b89ac225aff8@group-0C8C0AA7542A, cid=2227, SUCCESS, logIndex=3291, commits[b461a7b0-028a-4eb5-b268-b89ac225aff8:c3291, b6ff45f5-67b8-463b-a273-c2e7d9dadd75:c3289, 6a5cb75f-f7eb-4671-9a85-3b6f7898f6cc:c3289]
2019-08-28 21:29:49,876 | INFO  | DNAudit | user=null | ip=null | op=WRITE_CHUNK {blockData=conID: 3 locID: 102696733233644086 bcsId: 3285} | ret=SUCCESS |  
2019-08-28 21:29:49,876 | INFO  | DNAudit | user=null | ip=null | op=WRITE_CHUNK {blockData=conID: 3 locID: 102696733233644086 bcsId: 3285} | ret=SUCCESS |  
2019-08-28 21:29:49,876 | INFO  | DNAudit | user=null | ip=null | op=WRITE_CHUNK {blockData=conID: 3 locID: 102696733233644086 bcsId: 3291} | ret=SUCCESS |  
2019-08-28 21:29:49,877 | INFO  | DNAudit | user=null | ip=null | op=PUT_BLOCK {blockData=[blockId=conID: 3 locID: 102696733233644086 bcsId: 0,size=3145728]} | ret=SUCCESS |  
2019-08-28 21:29:49,877 | INFO  | DNAudit | user=null | ip=null | op=PUT_BLOCK {blockData=[blockId=conID: 3 locID: 102696733233644086 bcsId: 0,size=3145728]} | ret=SUCCESS |  
2019-08-28 21:29:49,878 | INFO  | DNAudit | user=null | ip=null | op=WRITE_CHUNK {blockData=conID: 3 locID: 102696733233644086 bcsId: 3291} | ret=SUCCESS |  
2019-08-28 21:29:49,879 | INFO  | DNAudit | user=null | ip=null | op=WRITE_CHUNK {blockData=conID: 3 locID: 102696733233644086 bcsId: 3291} | ret=SUCCESS |  
2019-08-28 21:29:49,889 | INFO  | DNAudit | user=null | ip=null | op=WRITE_CHUNK {blockData=conID: 3 locID: 102696733233644086 bcsId: 3291} | ret=SUCCESS |  
2019-08-28 21:29:49,890 | INFO  | DNAudit | user=null | ip=null | op=PUT_BLOCK {blockData=[blockId=conID: 3 locID: 102696733233644086 bcsId: 0,size=4194304]} | ret=SUCCESS |  
2019-08-28 21:29:49,890 [grpc-default-executor-3] INFO  client.GrpcClientProtocolClient (GrpcClientProtocolClient.java:onNext(255)) - client-05DA20D107F8->b461a7b0-028a-4eb5-b268-b89ac225aff8: receive RaftClientReply:client-05DA20D107F8->b461a7b0-028a-4eb5-b268-b89ac225aff8@group-0C8C0AA7542A, cid=2228, SUCCESS, logIndex=3294, commits[b461a7b0-028a-4eb5-b268-b89ac225aff8:c3295, b6ff45f5-67b8-463b-a273-c2e7d9dadd75:c3291, 6a5cb75f-f7eb-4671-9a85-3b6f7898f6cc:c3291]
2019-08-28 21:29:49,890 [grpc-default-executor-3] INFO  client.GrpcClientProtocolClient (GrpcClientProtocolClient.java:onNext(255)) - client-05DA20D107F8->b461a7b0-028a-4eb5-b268-b89ac225aff8: receive RaftClientReply:client-05DA20D107F8->b461a7b0-028a-4eb5-b268-b89ac225aff8@group-0C8C0AA7542A, cid=2229, SUCCESS, logIndex=3295, commits[b461a7b0-028a-4eb5-b268-b89ac225aff8:c3295, b6ff45f5-67b8-463b-a273-c2e7d9dadd75:c3291, 6a5cb75f-f7eb-4671-9a85-3b6f7898f6cc:c3291]
2019-08-28 21:29:49,894 | INFO  | DNAudit | user=null | ip=null | op=WRITE_CHUNK {blockData=conID: 3 locID: 102696733233644086 bcsId: 3291} | ret=SUCCESS |  
2019-08-28 21:29:49,895 | INFO  | DNAudit | user=null | ip=null | op=WRITE_CHUNK {blockData=conID: 3 locID: 102696733233644086 bcsId: 3291} | ret=SUCCESS |  
2019-08-28 21:29:49,895 | INFO  | DNAudit | user=null | ip=null | op=PUT_BLOCK {blockData=[blockId=conID: 3 locID: 102696733233644086 bcsId: 0,size=4194304]} | ret=SUCCESS |  
2019-08-28 21:29:49,895 | INFO  | DNAudit | user=null | ip=null | op=PUT_BLOCK {blockData=[blockId=conID: 3 locID: 102696733233644086 bcsId: 0,size=4194304]} | ret=SUCCESS |  
2019-08-28 21:29:49,895 [grpc-default-executor-3] INFO  client.GrpcClientProtocolClient (GrpcClientProtocolClient.java:onNext(255)) - client-05DA20D107F8->b461a7b0-028a-4eb5-b268-b89ac225aff8: receive RaftClientReply:client-05DA20D107F8->b461a7b0-028a-4eb5-b268-b89ac225aff8@group-0C8C0AA7542A, cid=2230, SUCCESS, logIndex=0, commits[b461a7b0-028a-4eb5-b268-b89ac225aff8:c3296, b6ff45f5-67b8-463b-a273-c2e7d9dadd75:c3295, 6a5cb75f-f7eb-4671-9a85-3b6f7898f6cc:c3295]
2019-08-28 21:29:49,899 | INFO  | SCMAudit | user=jenkins1000 | ip=127.0.0.1 | op=ALLOCATE_BLOCK {owner=a0140aad-a474-4492-a39d-25bd6167d9f0, size=4194304, type=RATIS, factor=THREE} | ret=SUCCESS |  
2019-08-28 21:29:49,901 | INFO  | OMAudit | user=jenkins1000 | ip=127.0.0.1 | op=ALLOCATE_BLOCK {volume=vol-0-08922, bucket=bucket-0-29862, key=key-0-31337, dataSize=0, replicationType=null, replicationFactor=null, keyLocationInfo=null, clientID=102696731548516754} | ret=SUCCESS |  
2019-08-28 21:29:49,907 | INFO  | DNAudit | user=null | ip=null | op=WRITE_CHUNK {blockData=conID: 1 locID: 102696733238821431 bcsId: 0} | ret=SUCCESS |  
2019-08-28 21:29:49,910 | INFO  | DNAudit | user=null | ip=null | op=WRITE_CHUNK {blockData=conID: 1 locID: 102696733238821431 bcsId: 0} | ret=SUCCESS |  
2019-08-28 21:29:49,910 | INFO  | DNAudit | user=null | ip=null | op=WRITE_CHUNK {blockData=conID: 1 locID: 102696733238821431 bcsId: 0} | ret=SUCCESS |  
2019-08-28 21:29:49,910 | INFO  | DNAudit | user=null | ip=null | op=WRITE_CHUNK {blockData=conID: 1 locID: 102696733238821431 bcsId: 0} | ret=SUCCESS |  
2019-08-28 21:29:49,912 | INFO  | DNAudit | user=null | ip=null | op=WRITE_CHUNK {blockData=conID: 1 locID: 102696733238821431 bcsId: 0} | ret=SUCCESS |  
2019-08-28 21:29:49,912 | INFO  | DNAudit | user=null | ip=null | op=WRITE_CHUNK {blockData=conID: 1 locID: 102696733238821431 bcsId: 0} | ret=SUCCESS |  
2019-08-28 21:29:49,925 | INFO  | DNAudit | user=null | ip=null | op=WRITE_CHUNK {blockData=conID: 1 locID: 102696733238821431 bcsId: 0} | ret=SUCCESS |  
2019-08-28 21:29:49,925 | INFO  | DNAudit | user=null | ip=null | op=PUT_BLOCK {blockData=[blockId=conID: 1 locID: 102696733238821431 bcsId: 0,size=1048576]} | ret=SUCCESS |  
2019-08-28 21:29:49,925 | INFO  | DNAudit | user=null | ip=null | op=WRITE_CHUNK {blockData=conID: 1 locID: 102696733238821431 bcsId: 0} | ret=SUCCESS |  
2019-08-28 21:29:49,925 [grpc-default-executor-6] INFO  client.GrpcClientProtocolClient (GrpcClientProtocolClient.java:onNext(255)) - client-05DA20D107F8->b461a7b0-028a-4eb5-b268-b89ac225aff8: receive RaftClientReply:client-05DA20D107F8->b461a7b0-028a-4eb5-b268-b89ac225aff8@group-0C8C0AA7542A, cid=2231, SUCCESS, logIndex=3298, commits[b461a7b0-028a-4eb5-b268-b89ac225aff8:c3301, b6ff45f5-67b8-463b-a273-c2e7d9dadd75:c3295, 6a5cb75f-f7eb-4671-9a85-3b6f7898f6cc:c3297]
2019-08-28 21:29:49,929 [grpc-default-executor-6] INFO  client.GrpcClientProtocolClient (GrpcClientProtocolClient.java:onNext(255)) - client-05DA20D107F8->b461a7b0-028a-4eb5-b268-b89ac225aff8: receive RaftClientReply:client-05DA20D107F8->b461a7b0-028a-4eb5-b268-b89ac225aff8@group-0C8C0AA7542A, cid=2232, SUCCESS, logIndex=3299, commits[b461a7b0-028a-4eb5-b268-b89ac225aff8:c3301, b6ff45f5-67b8-463b-a273-c2e7d9dadd75:c3295, 6a5cb75f-f7eb-4671-9a85-3b6f7898f6cc:c3297]
2019-08-28 21:29:49,930 | INFO  | DNAudit | user=null | ip=null | op=PUT_BLOCK {blockData=[blockId=conID: 1 locID: 102696733238821431 bcsId: 0,size=2097152]} | ret=SUCCESS |  
2019-08-28 21:29:49,930 [grpc-default-executor-6] INFO  client.GrpcClientProtocolClient (GrpcClientProtocolClient.java:onNext(255)) - client-05DA20D107F8->b461a7b0-028a-4eb5-b268-b89ac225aff8: receive RaftClientReply:client-05DA20D107F8->b461a7b0-028a-4eb5-b268-b89ac225aff8@group-0C8C0AA7542A, cid=2233, SUCCESS, logIndex=3300, commits[b461a7b0-028a-4eb5-b268-b89ac225aff8:c3301, b6ff45f5-67b8-463b-a273-c2e7d9dadd75:c3295, 6a5cb75f-f7eb-4671-9a85-3b6f7898f6cc:c3297]
2019-08-28 21:29:49,930 [grpc-default-executor-6] INFO  client.GrpcClientProtocolClient (GrpcClientProtocolClient.java:onNext(255)) - client-05DA20D107F8->b461a7b0-028a-4eb5-b268-b89ac225aff8: receive RaftClientReply:client-05DA20D107F8->b461a7b0-028a-4eb5-b268-b89ac225aff8@group-0C8C0AA7542A, cid=2234, SUCCESS, logIndex=3301, commits[b461a7b0-028a-4eb5-b268-b89ac225aff8:c3301, b6ff45f5-67b8-463b-a273-c2e7d9dadd75:c3297, 6a5cb75f-f7eb-4671-9a85-3b6f7898f6cc:c3297]
2019-08-28 21:29:49,933 | INFO  | DNAudit | user=null | ip=null | op=WRITE_CHUNK {blockData=conID: 1 locID: 102696733238821431 bcsId: 0} | ret=SUCCESS |  
2019-08-28 21:29:49,933 | INFO  | DNAudit | user=null | ip=null | op=WRITE_CHUNK {blockData=conID: 1 locID: 102696733238821431 bcsId: 0} | ret=SUCCESS |  
2019-08-28 21:29:49,933 | INFO  | DNAudit | user=null | ip=null | op=PUT_BLOCK {blockData=[blockId=conID: 1 locID: 102696733238821431 bcsId: 0,size=1048576]} | ret=SUCCESS |  
2019-08-28 21:29:49,934 | INFO  | DNAudit | user=null | ip=null | op=PUT_BLOCK {blockData=[blockId=conID: 1 locID: 102696733238821431 bcsId: 0,size=1048576]} | ret=SUCCESS |  
2019-08-28 21:29:49,934 | INFO  | DNAudit | user=null | ip=null | op=WRITE_CHUNK {blockData=conID: 1 locID: 102696733238821431 bcsId: 0} | ret=SUCCESS |  
2019-08-28 21:29:49,934 | INFO  | DNAudit | user=null | ip=null | op=WRITE_CHUNK {blockData=conID: 1 locID: 102696733238821431 bcsId: 0} | ret=SUCCESS |  
2019-08-28 21:29:49,934 [grpc-default-executor-6] INFO  client.GrpcClientProtocolClient (GrpcClientProtocolClient.java:onNext(255)) - client-05DA20D107F8->b461a7b0-028a-4eb5-b268-b89ac225aff8: receive RaftClientReply:client-05DA20D107F8->b461a7b0-028a-4eb5-b268-b89ac225aff8@group-0C8C0AA7542A, cid=2235, SUCCESS, logIndex=0, commits[b461a7b0-028a-4eb5-b268-b89ac225aff8:c3302, b6ff45f5-67b8-463b-a273-c2e7d9dadd75:c3301, 6a5cb75f-f7eb-4671-9a85-3b6f7898f6cc:c3301]
2019-08-28 21:29:49,934 | INFO  | DNAudit | user=null | ip=null | op=PUT_BLOCK {blockData=[blockId=conID: 1 locID: 102696733238821431 bcsId: 0,size=2097152]} | ret=SUCCESS |  
2019-08-28 21:29:49,934 | INFO  | DNAudit | user=null | ip=null | op=PUT_BLOCK {blockData=[blockId=conID: 1 locID: 102696733238821431 bcsId: 0,size=2097152]} | ret=SUCCESS |  
2019-08-28 21:29:49,940 | INFO  | DNAudit | user=null | ip=null | op=WRITE_CHUNK {blockData=conID: 1 locID: 102696733238821431 bcsId: 3301} | ret=SUCCESS |  
2019-08-28 21:29:49,941 | INFO  | DNAudit | user=null | ip=null | op=WRITE_CHUNK {blockData=conID: 1 locID: 102696733238821431 bcsId: 3301} | ret=SUCCESS |  
2019-08-28 21:29:49,942 | INFO  | DNAudit | user=null | ip=null | op=WRITE_CHUNK {blockData=conID: 1 locID: 102696733238821431 bcsId: 3301} | ret=SUCCESS |  
2019-08-28 21:29:49,945 | INFO  | DNAudit | user=null | ip=null | op=WRITE_CHUNK {blockData=conID: 1 locID: 102696733238821431 bcsId: 3301} | ret=SUCCESS |  
2019-08-28 21:29:49,946 | INFO  | DNAudit | user=null | ip=null | op=PUT_BLOCK {blockData=[blockId=conID: 1 locID: 102696733238821431 bcsId: 0,size=3145728]} | ret=SUCCESS |  
2019-08-28 21:29:49,946 [grpc-default-executor-3] INFO  client.GrpcClientProtocolClient (GrpcClientProtocolClient.java:onNext(255)) - client-05DA20D107F8->b461a7b0-028a-4eb5-b268-b89ac225aff8: receive RaftClientReply:client-05DA20D107F8->b461a7b0-028a-4eb5-b268-b89ac225aff8@group-0C8C0AA7542A, cid=2236, SUCCESS, logIndex=3303, commits[b461a7b0-028a-4eb5-b268-b89ac225aff8:c3304, b6ff45f5-67b8-463b-a273-c2e7d9dadd75:c3302, 6a5cb75f-f7eb-4671-9a85-3b6f7898f6cc:c3302]
2019-08-28 21:29:49,946 [grpc-default-executor-3] INFO  client.GrpcClientProtocolClient (GrpcClientProtocolClient.java:onNext(255)) - client-05DA20D107F8->b461a7b0-028a-4eb5-b268-b89ac225aff8: receive RaftClientReply:client-05DA20D107F8->b461a7b0-028a-4eb5-b268-b89ac225aff8@group-0C8C0AA7542A, cid=2237, SUCCESS, logIndex=3304, commits[b461a7b0-028a-4eb5-b268-b89ac225aff8:c3304, b6ff45f5-67b8-463b-a273-c2e7d9dadd75:c3302, 6a5cb75f-f7eb-4671-9a85-3b6f7898f6cc:c3302]
2019-08-28 21:29:49,951 | INFO  | DNAudit | user=null | ip=null | op=WRITE_CHUNK {blockData=conID: 1 locID: 102696733238821431 bcsId: 3301} | ret=SUCCESS |  
2019-08-28 21:29:49,951 | INFO  | DNAudit | user=null | ip=null | op=WRITE_CHUNK {blockData=conID: 1 locID: 102696733238821431 bcsId: 3304} | ret=SUCCESS |  
2019-08-28 21:29:49,951 | INFO  | DNAudit | user=null | ip=null | op=WRITE_CHUNK {blockData=conID: 1 locID: 102696733238821431 bcsId: 3301} | ret=SUCCESS |  
2019-08-28 21:29:49,953 | INFO  | DNAudit | user=null | ip=null | op=WRITE_CHUNK {blockData=conID: 1 locID: 102696733238821431 bcsId: 3304} | ret=SUCCESS |  
2019-08-28 21:29:49,953 | INFO  | DNAudit | user=null | ip=null | op=WRITE_CHUNK {blockData=conID: 1 locID: 102696733238821431 bcsId: 3304} | ret=SUCCESS |  
2019-08-28 21:29:49,957 | INFO  | DNAudit | user=null | ip=null | op=PUT_BLOCK {blockData=[blockId=conID: 1 locID: 102696733238821431 bcsId: 0,size=3145728]} | ret=SUCCESS |  
2019-08-28 21:29:49,958 | INFO  | DNAudit | user=null | ip=null | op=PUT_BLOCK {blockData=[blockId=conID: 1 locID: 102696733238821431 bcsId: 0,size=3145728]} | ret=SUCCESS |  
2019-08-28 21:29:49,959 | INFO  | DNAudit | user=null | ip=null | op=WRITE_CHUNK {blockData=conID: 1 locID: 102696733238821431 bcsId: 3304} | ret=SUCCESS |  
2019-08-28 21:29:49,959 | INFO  | DNAudit | user=null | ip=null | op=PUT_BLOCK {blockData=[blockId=conID: 1 locID: 102696733238821431 bcsId: 0,size=4194304]} | ret=SUCCESS |  
2019-08-28 21:29:49,959 [grpc-default-executor-3] INFO  client.GrpcClientProtocolClient (GrpcClientProtocolClient.java:onNext(255)) - client-05DA20D107F8->b461a7b0-028a-4eb5-b268-b89ac225aff8: receive RaftClientReply:client-05DA20D107F8->b461a7b0-028a-4eb5-b268-b89ac225aff8@group-0C8C0AA7542A, cid=2238, SUCCESS, logIndex=3307, commits[b461a7b0-028a-4eb5-b268-b89ac225aff8:c3308, b6ff45f5-67b8-463b-a273-c2e7d9dadd75:c3304, 6a5cb75f-f7eb-4671-9a85-3b6f7898f6cc:c3304]
2019-08-28 21:29:49,959 [grpc-default-executor-3] INFO  client.GrpcClientProtocolClient (GrpcClientProtocolClient.java:onNext(255)) - client-05DA20D107F8->b461a7b0-028a-4eb5-b268-b89ac225aff8: receive RaftClientReply:client-05DA20D107F8->b461a7b0-028a-4eb5-b268-b89ac225aff8@group-0C8C0AA7542A, cid=2239, SUCCESS, logIndex=3308, commits[b461a7b0-028a-4eb5-b268-b89ac225aff8:c3308, b6ff45f5-67b8-463b-a273-c2e7d9dadd75:c3304, 6a5cb75f-f7eb-4671-9a85-3b6f7898f6cc:c3304]
2019-08-28 21:29:49,968 | INFO  | DNAudit | user=null | ip=null | op=WRITE_CHUNK {blockData=conID: 1 locID: 102696733238821431 bcsId: 3304} | ret=SUCCESS |  
2019-08-28 21:29:49,981 | INFO  | DNAudit | user=null | ip=null | op=WRITE_CHUNK {blockData=conID: 1 locID: 102696733238821431 bcsId: 3304} | ret=SUCCESS |  
2019-08-28 21:29:49,981 | INFO  | DNAudit | user=null | ip=null | op=PUT_BLOCK {blockData=[blockId=conID: 1 locID: 102696733238821431 bcsId: 0,size=4194304]} | ret=SUCCESS |  
2019-08-28 21:29:49,981 | INFO  | DNAudit | user=null | ip=null | op=PUT_BLOCK {blockData=[blockId=conID: 1 locID: 102696733238821431 bcsId: 0,size=4194304]} | ret=SUCCESS |  
2019-08-28 21:29:49,982 [grpc-default-executor-3] INFO  client.GrpcClientProtocolClient (GrpcClientProtocolClient.java:onNext(255)) - client-05DA20D107F8->b461a7b0-028a-4eb5-b268-b89ac225aff8: receive RaftClientReply:client-05DA20D107F8->b461a7b0-028a-4eb5-b268-b89ac225aff8@group-0C8C0AA7542A, cid=2240, SUCCESS, logIndex=0, commits[b461a7b0-028a-4eb5-b268-b89ac225aff8:c3310, b6ff45f5-67b8-463b-a273-c2e7d9dadd75:c3308, 6a5cb75f-f7eb-4671-9a85-3b6f7898f6cc:c3308]
2019-08-28 21:29:49,987 | INFO  | SCMAudit | user=jenkins1000 | ip=127.0.0.1 | op=ALLOCATE_BLOCK {owner=a0140aad-a474-4492-a39d-25bd6167d9f0, size=4194304, type=RATIS, factor=THREE} | ret=SUCCESS |  
2019-08-28 21:29:49,991 | INFO  | OMAudit | user=jenkins1000 | ip=127.0.0.1 | op=ALLOCATE_BLOCK {volume=vol-0-08922, bucket=bucket-0-29862, key=key-0-31337, dataSize=0, replicationType=null, replicationFactor=null, keyLocationInfo=null, clientID=102696731548516754} | ret=SUCCESS |  
2019-08-28 21:29:49,997 | INFO  | DNAudit | user=null | ip=null | op=WRITE_CHUNK {blockData=conID: 2 locID: 102696733244588600 bcsId: 0} | ret=SUCCESS |  
2019-08-28 21:29:49,999 | INFO  | DNAudit | user=null | ip=null | op=WRITE_CHUNK {blockData=conID: 2 locID: 102696733244588600 bcsId: 0} | ret=SUCCESS |  
2019-08-28 21:29:49,999 | INFO  | DNAudit | user=null | ip=null | op=WRITE_CHUNK {blockData=conID: 2 locID: 102696733244588600 bcsId: 0} | ret=SUCCESS |  
2019-08-28 21:29:49,999 | INFO  | DNAudit | user=null | ip=null | op=WRITE_CHUNK {blockData=conID: 2 locID: 102696733244588600 bcsId: 0} | ret=SUCCESS |  
2019-08-28 21:29:50,001 | INFO  | DNAudit | user=null | ip=null | op=WRITE_CHUNK {blockData=conID: 2 locID: 102696733244588600 bcsId: 0} | ret=SUCCESS |  
2019-08-28 21:29:50,002 | INFO  | DNAudit | user=null | ip=null | op=WRITE_CHUNK {blockData=conID: 2 locID: 102696733244588600 bcsId: 0} | ret=SUCCESS |  
2019-08-28 21:29:50,012 | INFO  | DNAudit | user=null | ip=null | op=WRITE_CHUNK {blockData=conID: 2 locID: 102696733244588600 bcsId: 0} | ret=SUCCESS |  
2019-08-28 21:29:50,013 | INFO  | DNAudit | user=null | ip=null | op=PUT_BLOCK {blockData=[blockId=conID: 2 locID: 102696733244588600 bcsId: 0,size=1048576]} | ret=SUCCESS |  
2019-08-28 21:29:50,013 [grpc-default-executor-3] INFO  client.GrpcClientProtocolClient (GrpcClientProtocolClient.java:onNext(255)) - client-05DA20D107F8->b461a7b0-028a-4eb5-b268-b89ac225aff8: receive RaftClientReply:client-05DA20D107F8->b461a7b0-028a-4eb5-b268-b89ac225aff8@group-0C8C0AA7542A, cid=2241, SUCCESS, logIndex=3311, commits[b461a7b0-028a-4eb5-b268-b89ac225aff8:c3313, b6ff45f5-67b8-463b-a273-c2e7d9dadd75:c3310, 6a5cb75f-f7eb-4671-9a85-3b6f7898f6cc:c3310]
2019-08-28 21:29:50,013 | INFO  | DNAudit | user=null | ip=null | op=WRITE_CHUNK {blockData=conID: 2 locID: 102696733244588600 bcsId: 0} | ret=SUCCESS |  
2019-08-28 21:29:50,013 [grpc-default-executor-3] INFO  client.GrpcClientProtocolClient (GrpcClientProtocolClient.java:onNext(255)) - client-05DA20D107F8->b461a7b0-028a-4eb5-b268-b89ac225aff8: receive RaftClientReply:client-05DA20D107F8->b461a7b0-028a-4eb5-b268-b89ac225aff8@group-0C8C0AA7542A, cid=2242, SUCCESS, logIndex=3312, commits[b461a7b0-028a-4eb5-b268-b89ac225aff8:c3314, b6ff45f5-67b8-463b-a273-c2e7d9dadd75:c3310, 6a5cb75f-f7eb-4671-9a85-3b6f7898f6cc:c3310]
2019-08-28 21:29:50,013 | INFO  | DNAudit | user=null | ip=null | op=PUT_BLOCK {blockData=[blockId=conID: 2 locID: 102696733244588600 bcsId: 0,size=2097152]} | ret=SUCCESS |  
2019-08-28 21:29:50,013 [grpc-default-executor-3] INFO  client.GrpcClientProtocolClient (GrpcClientProtocolClient.java:onNext(255)) - client-05DA20D107F8->b461a7b0-028a-4eb5-b268-b89ac225aff8: receive RaftClientReply:client-05DA20D107F8->b461a7b0-028a-4eb5-b268-b89ac225aff8@group-0C8C0AA7542A, cid=2243, SUCCESS, logIndex=3313, commits[b461a7b0-028a-4eb5-b268-b89ac225aff8:c3314, b6ff45f5-67b8-463b-a273-c2e7d9dadd75:c3310, 6a5cb75f-f7eb-4671-9a85-3b6f7898f6cc:c3310]
2019-08-28 21:29:50,014 [grpc-default-executor-3] INFO  client.GrpcClientProtocolClient (GrpcClientProtocolClient.java:onNext(255)) - client-05DA20D107F8->b461a7b0-028a-4eb5-b268-b89ac225aff8: receive RaftClientReply:client-05DA20D107F8->b461a7b0-028a-4eb5-b268-b89ac225aff8@group-0C8C0AA7542A, cid=2244, SUCCESS, logIndex=3314, commits[b461a7b0-028a-4eb5-b268-b89ac225aff8:c3314, b6ff45f5-67b8-463b-a273-c2e7d9dadd75:c3310, 6a5cb75f-f7eb-4671-9a85-3b6f7898f6cc:c3310]
2019-08-28 21:29:50,016 | INFO  | DNAudit | user=null | ip=null | op=WRITE_CHUNK {blockData=conID: 2 locID: 102696733244588600 bcsId: 0} | ret=SUCCESS |  
2019-08-28 21:29:50,017 | INFO  | DNAudit | user=null | ip=null | op=PUT_BLOCK {blockData=[blockId=conID: 2 locID: 102696733244588600 bcsId: 0,size=1048576]} | ret=SUCCESS |  
2019-08-28 21:29:50,020 | INFO  | DNAudit | user=null | ip=null | op=WRITE_CHUNK {blockData=conID: 2 locID: 102696733244588600 bcsId: 0} | ret=SUCCESS |  
2019-08-28 21:29:50,020 | INFO  | DNAudit | user=null | ip=null | op=PUT_BLOCK {blockData=[blockId=conID: 2 locID: 102696733244588600 bcsId: 0,size=1048576]} | ret=SUCCESS |  
2019-08-28 21:29:50,020 | INFO  | DNAudit | user=null | ip=null | op=WRITE_CHUNK {blockData=conID: 2 locID: 102696733244588600 bcsId: 0} | ret=SUCCESS |  
2019-08-28 21:29:50,020 [grpc-default-executor-3] INFO  client.GrpcClientProtocolClient (GrpcClientProtocolClient.java:onNext(255)) - client-05DA20D107F8->b461a7b0-028a-4eb5-b268-b89ac225aff8: receive RaftClientReply:client-05DA20D107F8->b461a7b0-028a-4eb5-b268-b89ac225aff8@group-0C8C0AA7542A, cid=2245, SUCCESS, logIndex=0, commits[b461a7b0-028a-4eb5-b268-b89ac225aff8:c3315, b6ff45f5-67b8-463b-a273-c2e7d9dadd75:c3312, 6a5cb75f-f7eb-4671-9a85-3b6f7898f6cc:c3312]
2019-08-28 21:29:50,021 | INFO  | DNAudit | user=null | ip=null | op=PUT_BLOCK {blockData=[blockId=conID: 2 locID: 102696733244588600 bcsId: 0,size=2097152]} | ret=SUCCESS |  
2019-08-28 21:29:50,022 | INFO  | DNAudit | user=null | ip=null | op=WRITE_CHUNK {blockData=conID: 2 locID: 102696733244588600 bcsId: 0} | ret=SUCCESS |  
2019-08-28 21:29:50,022 | INFO  | DNAudit | user=null | ip=null | op=PUT_BLOCK {blockData=[blockId=conID: 2 locID: 102696733244588600 bcsId: 0,size=2097152]} | ret=SUCCESS |  
2019-08-28 21:29:50,026 | INFO  | DNAudit | user=null | ip=null | op=WRITE_CHUNK {blockData=conID: 2 locID: 102696733244588600 bcsId: 3314} | ret=SUCCESS |  
2019-08-28 21:29:50,028 | INFO  | DNAudit | user=null | ip=null | op=WRITE_CHUNK {blockData=conID: 2 locID: 102696733244588600 bcsId: 3314} | ret=SUCCESS |  
2019-08-28 21:29:50,029 | INFO  | DNAudit | user=null | ip=null | op=WRITE_CHUNK {blockData=conID: 2 locID: 102696733244588600 bcsId: 3314} | ret=SUCCESS |  
2019-08-28 21:29:50,032 | INFO  | DNAudit | user=null | ip=null | op=WRITE_CHUNK {blockData=conID: 2 locID: 102696733244588600 bcsId: 3314} | ret=SUCCESS |  
2019-08-28 21:29:50,033 | INFO  | DNAudit | user=null | ip=null | op=PUT_BLOCK {blockData=[blockId=conID: 2 locID: 102696733244588600 bcsId: 0,size=3145728]} | ret=SUCCESS |  
2019-08-28 21:29:50,033 [grpc-default-executor-3] INFO  client.GrpcClientProtocolClient (GrpcClientProtocolClient.java:onNext(255)) - client-05DA20D107F8->b461a7b0-028a-4eb5-b268-b89ac225aff8: receive RaftClientReply:client-05DA20D107F8->b461a7b0-028a-4eb5-b268-b89ac225aff8@group-0C8C0AA7542A, cid=2246, SUCCESS, logIndex=3319, commits[b461a7b0-028a-4eb5-b268-b89ac225aff8:c3320, b6ff45f5-67b8-463b-a273-c2e7d9dadd75:c3318, 6a5cb75f-f7eb-4671-9a85-3b6f7898f6cc:c3318]
2019-08-28 21:29:50,033 [grpc-default-executor-3] INFO  client.GrpcClientProtocolClient (GrpcClientProtocolClient.java:onNext(255)) - client-05DA20D107F8->b461a7b0-028a-4eb5-b268-b89ac225aff8: receive RaftClientReply:client-05DA20D107F8->b461a7b0-028a-4eb5-b268-b89ac225aff8@group-0C8C0AA7542A, cid=2247, SUCCESS, logIndex=3320, commits[b461a7b0-028a-4eb5-b268-b89ac225aff8:c3320, b6ff45f5-67b8-463b-a273-c2e7d9dadd75:c3318, 6a5cb75f-f7eb-4671-9a85-3b6f7898f6cc:c3318]
2019-08-28 21:29:50,038 | INFO  | DNAudit | user=null | ip=null | op=WRITE_CHUNK {blockData=conID: 2 locID: 102696733244588600 bcsId: 3320} | ret=SUCCESS |  
2019-08-28 21:29:50,041 | INFO  | DNAudit | user=null | ip=null | op=WRITE_CHUNK {blockData=conID: 2 locID: 102696733244588600 bcsId: 3320} | ret=SUCCESS |  
2019-08-28 21:29:50,041 | INFO  | DNAudit | user=null | ip=null | op=WRITE_CHUNK {blockData=conID: 2 locID: 102696733244588600 bcsId: 3320} | ret=SUCCESS |  
2019-08-28 21:29:50,044 | INFO  | DNAudit | user=null | ip=null | op=WRITE_CHUNK {blockData=conID: 2 locID: 102696733244588600 bcsId: 3314} | ret=SUCCESS |  
2019-08-28 21:29:50,044 | INFO  | DNAudit | user=null | ip=null | op=WRITE_CHUNK {blockData=conID: 2 locID: 102696733244588600 bcsId: 3314} | ret=SUCCESS |  
2019-08-28 21:29:50,044 | INFO  | DNAudit | user=null | ip=null | op=PUT_BLOCK {blockData=[blockId=conID: 2 locID: 102696733244588600 bcsId: 0,size=3145728]} | ret=SUCCESS |  
2019-08-28 21:29:50,048 | INFO  | DNAudit | user=null | ip=null | op=PUT_BLOCK {blockData=[blockId=conID: 2 locID: 102696733244588600 bcsId: 0,size=3145728]} | ret=SUCCESS |  
2019-08-28 21:29:50,049 | INFO  | DNAudit | user=null | ip=null | op=WRITE_CHUNK {blockData=conID: 2 locID: 102696733244588600 bcsId: 3320} | ret=SUCCESS |  
2019-08-28 21:29:50,049 | INFO  | DNAudit | user=null | ip=null | op=PUT_BLOCK {blockData=[blockId=conID: 2 locID: 102696733244588600 bcsId: 0,size=4194304]} | ret=SUCCESS |  
2019-08-28 21:29:50,049 [grpc-default-executor-3] INFO  client.GrpcClientProtocolClient (GrpcClientProtocolClient.java:onNext(255)) - client-05DA20D107F8->b461a7b0-028a-4eb5-b268-b89ac225aff8: receive RaftClientReply:client-05DA20D107F8->b461a7b0-028a-4eb5-b268-b89ac225aff8@group-0C8C0AA7542A, cid=2248, SUCCESS, logIndex=3323, commits[b461a7b0-028a-4eb5-b268-b89ac225aff8:c3324, b6ff45f5-67b8-463b-a273-c2e7d9dadd75:c3320, 6a5cb75f-f7eb-4671-9a85-3b6f7898f6cc:c3320]
2019-08-28 21:29:50,050 [grpc-default-executor-3] INFO  client.GrpcClientProtocolClient (GrpcClientProtocolClient.java:onNext(255)) - client-05DA20D107F8->b461a7b0-028a-4eb5-b268-b89ac225aff8: receive RaftClientReply:client-05DA20D107F8->b461a7b0-028a-4eb5-b268-b89ac225aff8@group-0C8C0AA7542A, cid=2249, SUCCESS, logIndex=3324, commits[b461a7b0-028a-4eb5-b268-b89ac225aff8:c3324, b6ff45f5-67b8-463b-a273-c2e7d9dadd75:c3320, 6a5cb75f-f7eb-4671-9a85-3b6f7898f6cc:c3320]
2019-08-28 21:29:50,054 | INFO  | DNAudit | user=null | ip=null | op=WRITE_CHUNK {blockData=conID: 2 locID: 102696733244588600 bcsId: 3320} | ret=SUCCESS |  
2019-08-28 21:29:50,054 | INFO  | DNAudit | user=null | ip=null | op=WRITE_CHUNK {blockData=conID: 2 locID: 102696733244588600 bcsId: 3320} | ret=SUCCESS |  
2019-08-28 21:29:50,054 | INFO  | DNAudit | user=null | ip=null | op=PUT_BLOCK {blockData=[blockId=conID: 2 locID: 102696733244588600 bcsId: 0,size=4194304]} | ret=SUCCESS |  
2019-08-28 21:29:50,063 | INFO  | DNAudit | user=null | ip=null | op=PUT_BLOCK {blockData=[blockId=conID: 2 locID: 102696733244588600 bcsId: 0,size=4194304]} | ret=SUCCESS |  
2019-08-28 21:29:50,064 [grpc-default-executor-3] INFO  client.GrpcClientProtocolClient (GrpcClientProtocolClient.java:onNext(255)) - client-05DA20D107F8->b461a7b0-028a-4eb5-b268-b89ac225aff8: receive RaftClientReply:client-05DA20D107F8->b461a7b0-028a-4eb5-b268-b89ac225aff8@group-0C8C0AA7542A, cid=2250, SUCCESS, logIndex=0, commits[b461a7b0-028a-4eb5-b268-b89ac225aff8:c3326, b6ff45f5-67b8-463b-a273-c2e7d9dadd75:c3324, 6a5cb75f-f7eb-4671-9a85-3b6f7898f6cc:c3324]
2019-08-28 21:29:50,068 | INFO  | SCMAudit | user=jenkins1000 | ip=127.0.0.1 | op=ALLOCATE_BLOCK {owner=a0140aad-a474-4492-a39d-25bd6167d9f0, size=4194304, type=RATIS, factor=THREE} | ret=SUCCESS |  
2019-08-28 21:29:50,071 | INFO  | OMAudit | user=jenkins1000 | ip=127.0.0.1 | op=ALLOCATE_BLOCK {volume=vol-0-08922, bucket=bucket-0-29862, key=key-0-31337, dataSize=0, replicationType=null, replicationFactor=null, keyLocationInfo=null, clientID=102696731548516754} | ret=SUCCESS |  
2019-08-28 21:29:50,078 | INFO  | DNAudit | user=null | ip=null | op=WRITE_CHUNK {blockData=conID: 3 locID: 102696733249897017 bcsId: 0} | ret=SUCCESS |  
2019-08-28 21:29:50,079 | INFO  | DNAudit | user=null | ip=null | op=WRITE_CHUNK {blockData=conID: 3 locID: 102696733249897017 bcsId: 0} | ret=SUCCESS |  
2019-08-28 21:29:50,080 | INFO  | DNAudit | user=null | ip=null | op=WRITE_CHUNK {blockData=conID: 3 locID: 102696733249897017 bcsId: 0} | ret=SUCCESS |  
2019-08-28 21:29:50,080 | INFO  | DNAudit | user=null | ip=null | op=WRITE_CHUNK {blockData=conID: 3 locID: 102696733249897017 bcsId: 0} | ret=SUCCESS |  
2019-08-28 21:29:50,081 | INFO  | DNAudit | user=null | ip=null | op=WRITE_CHUNK {blockData=conID: 3 locID: 102696733249897017 bcsId: 0} | ret=SUCCESS |  
2019-08-28 21:29:50,081 | INFO  | DNAudit | user=null | ip=null | op=WRITE_CHUNK {blockData=conID: 3 locID: 102696733249897017 bcsId: 0} | ret=SUCCESS |  
2019-08-28 21:29:50,097 | INFO  | DNAudit | user=null | ip=null | op=WRITE_CHUNK {blockData=conID: 3 locID: 102696733249897017 bcsId: 0} | ret=SUCCESS |  
2019-08-28 21:29:50,098 | INFO  | DNAudit | user=null | ip=null | op=PUT_BLOCK {blockData=[blockId=conID: 3 locID: 102696733249897017 bcsId: 0,size=1048576]} | ret=SUCCESS |  
2019-08-28 21:29:50,098 | INFO  | DNAudit | user=null | ip=null | op=WRITE_CHUNK {blockData=conID: 3 locID: 102696733249897017 bcsId: 0} | ret=SUCCESS |  
2019-08-28 21:29:50,098 [grpc-default-executor-6] INFO  client.GrpcClientProtocolClient (GrpcClientProtocolClient.java:onNext(255)) - client-05DA20D107F8->b461a7b0-028a-4eb5-b268-b89ac225aff8: receive RaftClientReply:client-05DA20D107F8->b461a7b0-028a-4eb5-b268-b89ac225aff8@group-0C8C0AA7542A, cid=2251, SUCCESS, logIndex=3327, commits[b461a7b0-028a-4eb5-b268-b89ac225aff8:c3328, b6ff45f5-67b8-463b-a273-c2e7d9dadd75:c3326, 6a5cb75f-f7eb-4671-9a85-3b6f7898f6cc:c3324]
2019-08-28 21:29:50,099 | INFO  | DNAudit | user=null | ip=null | op=PUT_BLOCK {blockData=[blockId=conID: 3 locID: 102696733249897017 bcsId: 0,size=2097152]} | ret=SUCCESS |  
2019-08-28 21:29:50,099 [grpc-default-executor-6] INFO  client.GrpcClientProtocolClient (GrpcClientProtocolClient.java:onNext(255)) - client-05DA20D107F8->b461a7b0-028a-4eb5-b268-b89ac225aff8: receive RaftClientReply:client-05DA20D107F8->b461a7b0-028a-4eb5-b268-b89ac225aff8@group-0C8C0AA7542A, cid=2252, SUCCESS, logIndex=3328, commits[b461a7b0-028a-4eb5-b268-b89ac225aff8:c3330, b6ff45f5-67b8-463b-a273-c2e7d9dadd75:c3326, 6a5cb75f-f7eb-4671-9a85-3b6f7898f6cc:c3326]
2019-08-28 21:29:50,099 [grpc-default-executor-6] INFO  client.GrpcClientProtocolClient (GrpcClientProtocolClient.java:onNext(255)) - client-05DA20D107F8->b461a7b0-028a-4eb5-b268-b89ac225aff8: receive RaftClientReply:client-05DA20D107F8->b461a7b0-028a-4eb5-b268-b89ac225aff8@group-0C8C0AA7542A, cid=2253, SUCCESS, logIndex=3329, commits[b461a7b0-028a-4eb5-b268-b89ac225aff8:c3330, b6ff45f5-67b8-463b-a273-c2e7d9dadd75:c3326, 6a5cb75f-f7eb-4671-9a85-3b6f7898f6cc:c3326]
2019-08-28 21:29:50,099 [grpc-default-executor-6] INFO  client.GrpcClientProtocolClient (GrpcClientProtocolClient.java:onNext(255)) - client-05DA20D107F8->b461a7b0-028a-4eb5-b268-b89ac225aff8: receive RaftClientReply:client-05DA20D107F8->b461a7b0-028a-4eb5-b268-b89ac225aff8@group-0C8C0AA7542A, cid=2254, SUCCESS, logIndex=3330, commits[b461a7b0-028a-4eb5-b268-b89ac225aff8:c3330, b6ff45f5-67b8-463b-a273-c2e7d9dadd75:c3326, 6a5cb75f-f7eb-4671-9a85-3b6f7898f6cc:c3326]
2019-08-28 21:29:50,100 | INFO  | DNAudit | user=null | ip=null | op=WRITE_CHUNK {blockData=conID: 3 locID: 102696733249897017 bcsId: 0} | ret=SUCCESS |  
2019-08-28 21:29:50,101 | INFO  | DNAudit | user=null | ip=null | op=PUT_BLOCK {blockData=[blockId=conID: 3 locID: 102696733249897017 bcsId: 0,size=1048576]} | ret=SUCCESS |  
2019-08-28 21:29:50,101 | INFO  | DNAudit | user=null | ip=null | op=WRITE_CHUNK {blockData=conID: 3 locID: 102696733249897017 bcsId: 0} | ret=SUCCESS |  
2019-08-28 21:29:50,101 | INFO  | DNAudit | user=null | ip=null | op=PUT_BLOCK {blockData=[blockId=conID: 3 locID: 102696733249897017 bcsId: 0,size=1048576]} | ret=SUCCESS |  
2019-08-28 21:29:50,101 [grpc-default-executor-3] INFO  client.GrpcClientProtocolClient (GrpcClientProtocolClient.java:onNext(255)) - client-05DA20D107F8->b461a7b0-028a-4eb5-b268-b89ac225aff8: receive RaftClientReply:client-05DA20D107F8->b461a7b0-028a-4eb5-b268-b89ac225aff8@group-0C8C0AA7542A, cid=2255, SUCCESS, logIndex=0, commits[b461a7b0-028a-4eb5-b268-b89ac225aff8:c3331, b6ff45f5-67b8-463b-a273-c2e7d9dadd75:c3328, 6a5cb75f-f7eb-4671-9a85-3b6f7898f6cc:c3328]
2019-08-28 21:29:50,107 | INFO  | DNAudit | user=null | ip=null | op=WRITE_CHUNK {blockData=conID: 3 locID: 102696733249897017 bcsId: 3330} | ret=SUCCESS |  
2019-08-28 21:29:50,110 | INFO  | DNAudit | user=null | ip=null | op=WRITE_CHUNK {blockData=conID: 3 locID: 102696733249897017 bcsId: 0} | ret=SUCCESS |  
2019-08-28 21:29:50,110 | INFO  | DNAudit | user=null | ip=null | op=WRITE_CHUNK {blockData=conID: 3 locID: 102696733249897017 bcsId: 3330} | ret=SUCCESS |  
2019-08-28 21:29:50,110 | INFO  | DNAudit | user=null | ip=null | op=PUT_BLOCK {blockData=[blockId=conID: 3 locID: 102696733249897017 bcsId: 0,size=2097152]} | ret=SUCCESS |  
2019-08-28 21:29:50,110 | INFO  | DNAudit | user=null | ip=null | op=WRITE_CHUNK {blockData=conID: 3 locID: 102696733249897017 bcsId: 0} | ret=SUCCESS |  
2019-08-28 21:29:50,110 | INFO  | DNAudit | user=null | ip=null | op=PUT_BLOCK {blockData=[blockId=conID: 3 locID: 102696733249897017 bcsId: 0,size=2097152]} | ret=SUCCESS |  
2019-08-28 21:29:50,110 | INFO  | DNAudit | user=null | ip=null | op=WRITE_CHUNK {blockData=conID: 3 locID: 102696733249897017 bcsId: 3330} | ret=SUCCESS |  
2019-08-28 21:29:50,116 | INFO  | DNAudit | user=null | ip=null | op=WRITE_CHUNK {blockData=conID: 3 locID: 102696733249897017 bcsId: 3330} | ret=SUCCESS |  
2019-08-28 21:29:50,116 | INFO  | DNAudit | user=null | ip=null | op=PUT_BLOCK {blockData=[blockId=conID: 3 locID: 102696733249897017 bcsId: 0,size=3145728]} | ret=SUCCESS |  
2019-08-28 21:29:50,116 [grpc-default-executor-5] INFO  client.GrpcClientProtocolClient (GrpcClientProtocolClient.java:onNext(255)) - client-05DA20D107F8->b461a7b0-028a-4eb5-b268-b89ac225aff8: receive RaftClientReply:client-05DA20D107F8->b461a7b0-028a-4eb5-b268-b89ac225aff8@group-0C8C0AA7542A, cid=2256, SUCCESS, logIndex=3335, commits[b461a7b0-028a-4eb5-b268-b89ac225aff8:c3336, b6ff45f5-67b8-463b-a273-c2e7d9dadd75:c3331, 6a5cb75f-f7eb-4671-9a85-3b6f7898f6cc:c3330]
2019-08-28 21:29:50,117 [grpc-default-executor-5] INFO  client.GrpcClientProtocolClient (GrpcClientProtocolClient.java:onNext(255)) - client-05DA20D107F8->b461a7b0-028a-4eb5-b268-b89ac225aff8: receive RaftClientReply:client-05DA20D107F8->b461a7b0-028a-4eb5-b268-b89ac225aff8@group-0C8C0AA7542A, cid=2257, SUCCESS, logIndex=3336, commits[b461a7b0-028a-4eb5-b268-b89ac225aff8:c3336, b6ff45f5-67b8-463b-a273-c2e7d9dadd75:c3331, 6a5cb75f-f7eb-4671-9a85-3b6f7898f6cc:c3331]
2019-08-28 21:29:50,232 | INFO  | DNAudit | user=null | ip=null | op=WRITE_CHUNK {blockData=conID: 3 locID: 102696733249897017 bcsId: 3330} | ret=SUCCESS |  
2019-08-28 21:29:50,232 | INFO  | DNAudit | user=null | ip=null | op=WRITE_CHUNK {blockData=conID: 3 locID: 102696733249897017 bcsId: 3330} | ret=SUCCESS |  
2019-08-28 21:29:50,232 | INFO  | DNAudit | user=null | ip=null | op=PUT_BLOCK {blockData=[blockId=conID: 3 locID: 102696733249897017 bcsId: 0,size=3145728]} | ret=SUCCESS |  
2019-08-28 21:29:50,232 | INFO  | DNAudit | user=null | ip=null | op=PUT_BLOCK {blockData=[blockId=conID: 3 locID: 102696733249897017 bcsId: 0,size=3145728]} | ret=SUCCESS |  
2019-08-28 21:29:50,236 | INFO  | DNAudit | user=null | ip=null | op=WRITE_CHUNK {blockData=conID: 3 locID: 102696733249897017 bcsId: 3336} | ret=SUCCESS |  
2019-08-28 21:29:50,239 | INFO  | DNAudit | user=null | ip=null | op=WRITE_CHUNK {blockData=conID: 3 locID: 102696733249897017 bcsId: 3336} | ret=SUCCESS |  
2019-08-28 21:29:50,239 | INFO  | DNAudit | user=null | ip=null | op=WRITE_CHUNK {blockData=conID: 3 locID: 102696733249897017 bcsId: 3336} | ret=SUCCESS |  
2019-08-28 21:29:50,255 | INFO  | DNAudit | user=null | ip=null | op=WRITE_CHUNK {blockData=conID: 3 locID: 102696733249897017 bcsId: 3336} | ret=SUCCESS |  
2019-08-28 21:29:50,256 | INFO  | DNAudit | user=null | ip=null | op=PUT_BLOCK {blockData=[blockId=conID: 3 locID: 102696733249897017 bcsId: 0,size=4194304]} | ret=SUCCESS |  
2019-08-28 21:29:50,256 [grpc-default-executor-6] INFO  client.GrpcClientProtocolClient (GrpcClientProtocolClient.java:onNext(255)) - client-05DA20D107F8->b461a7b0-028a-4eb5-b268-b89ac225aff8: receive RaftClientReply:client-05DA20D107F8->b461a7b0-028a-4eb5-b268-b89ac225aff8@group-0C8C0AA7542A, cid=2258, SUCCESS, logIndex=3339, commits[b461a7b0-028a-4eb5-b268-b89ac225aff8:c3340, b6ff45f5-67b8-463b-a273-c2e7d9dadd75:c3337, 6a5cb75f-f7eb-4671-9a85-3b6f7898f6cc:c3337]
2019-08-28 21:29:50,256 [grpc-default-executor-6] INFO  client.GrpcClientProtocolClient (GrpcClientProtocolClient.java:onNext(255)) - client-05DA20D107F8->b461a7b0-028a-4eb5-b268-b89ac225aff8: receive RaftClientReply:client-05DA20D107F8->b461a7b0-028a-4eb5-b268-b89ac225aff8@group-0C8C0AA7542A, cid=2259, SUCCESS, logIndex=3340, commits[b461a7b0-028a-4eb5-b268-b89ac225aff8:c3340, b6ff45f5-67b8-463b-a273-c2e7d9dadd75:c3337, 6a5cb75f-f7eb-4671-9a85-3b6f7898f6cc:c3337]
2019-08-28 21:29:50,268 | INFO  | DNAudit | user=null | ip=null | op=WRITE_CHUNK {blockData=conID: 3 locID: 102696733249897017 bcsId: 3336} | ret=SUCCESS |  
2019-08-28 21:29:50,268 | INFO  | DNAudit | user=null | ip=null | op=PUT_BLOCK {blockData=[blockId=conID: 3 locID: 102696733249897017 bcsId: 0,size=4194304]} | ret=SUCCESS |  
2019-08-28 21:29:50,268 | INFO  | DNAudit | user=null | ip=null | op=WRITE_CHUNK {blockData=conID: 3 locID: 102696733249897017 bcsId: 3336} | ret=SUCCESS |  
2019-08-28 21:29:50,270 | INFO  | DNAudit | user=null | ip=null | op=PUT_BLOCK {blockData=[blockId=conID: 3 locID: 102696733249897017 bcsId: 0,size=4194304]} | ret=SUCCESS |  
2019-08-28 21:29:50,271 [grpc-default-executor-6] INFO  client.GrpcClientProtocolClient (GrpcClientProtocolClient.java:onNext(255)) - client-05DA20D107F8->b461a7b0-028a-4eb5-b268-b89ac225aff8: receive RaftClientReply:client-05DA20D107F8->b461a7b0-028a-4eb5-b268-b89ac225aff8@group-0C8C0AA7542A, cid=2260, SUCCESS, logIndex=0, commits[b461a7b0-028a-4eb5-b268-b89ac225aff8:c3342, b6ff45f5-67b8-463b-a273-c2e7d9dadd75:c3340, 6a5cb75f-f7eb-4671-9a85-3b6f7898f6cc:c3340]
2019-08-28 21:29:50,276 | INFO  | SCMAudit | user=jenkins1000 | ip=127.0.0.1 | op=ALLOCATE_BLOCK {owner=a0140aad-a474-4492-a39d-25bd6167d9f0, size=4194304, type=RATIS, factor=THREE} | ret=SUCCESS |  
2019-08-28 21:29:50,279 | INFO  | OMAudit | user=jenkins1000 | ip=127.0.0.1 | op=ALLOCATE_BLOCK {volume=vol-0-08922, bucket=bucket-0-29862, key=key-0-31337, dataSize=0, replicationType=null, replicationFactor=null, keyLocationInfo=null, clientID=102696731548516754} | ret=SUCCESS |  
2019-08-28 21:29:50,286 | INFO  | DNAudit | user=null | ip=null | op=WRITE_CHUNK {blockData=conID: 1 locID: 102696733263528506 bcsId: 0} | ret=SUCCESS |  
2019-08-28 21:29:50,288 | INFO  | DNAudit | user=null | ip=null | op=WRITE_CHUNK {blockData=conID: 1 locID: 102696733263528506 bcsId: 0} | ret=SUCCESS |  
2019-08-28 21:29:50,289 | INFO  | DNAudit | user=null | ip=null | op=WRITE_CHUNK {blockData=conID: 1 locID: 102696733263528506 bcsId: 0} | ret=SUCCESS |  
2019-08-28 21:29:50,289 | INFO  | DNAudit | user=null | ip=null | op=WRITE_CHUNK {blockData=conID: 1 locID: 102696733263528506 bcsId: 0} | ret=SUCCESS |  
2019-08-28 21:29:50,291 | INFO  | DNAudit | user=null | ip=null | op=WRITE_CHUNK {blockData=conID: 1 locID: 102696733263528506 bcsId: 0} | ret=SUCCESS |  
2019-08-28 21:29:50,291 | INFO  | DNAudit | user=null | ip=null | op=WRITE_CHUNK {blockData=conID: 1 locID: 102696733263528506 bcsId: 0} | ret=SUCCESS |  
2019-08-28 21:29:50,291 | INFO  | DNAudit | user=null | ip=null | op=PUT_BLOCK {blockData=[blockId=conID: 1 locID: 102696733263528506 bcsId: 0,size=1048576]} | ret=SUCCESS |  
2019-08-28 21:29:50,292 [grpc-default-executor-5] INFO  client.GrpcClientProtocolClient (GrpcClientProtocolClient.java:onNext(255)) - client-05DA20D107F8->b461a7b0-028a-4eb5-b268-b89ac225aff8: receive RaftClientReply:client-05DA20D107F8->b461a7b0-028a-4eb5-b268-b89ac225aff8@group-0C8C0AA7542A, cid=2261, SUCCESS, logIndex=3343, commits[b461a7b0-028a-4eb5-b268-b89ac225aff8:c3344, b6ff45f5-67b8-463b-a273-c2e7d9dadd75:c3342, 6a5cb75f-f7eb-4671-9a85-3b6f7898f6cc:c3340]
2019-08-28 21:29:50,292 | INFO  | DNAudit | user=null | ip=null | op=WRITE_CHUNK {blockData=conID: 1 locID: 102696733263528506 bcsId: 0} | ret=SUCCESS |  
2019-08-28 21:29:50,292 [grpc-default-executor-5] INFO  client.GrpcClientProtocolClient (GrpcClientProtocolClient.java:onNext(255)) - client-05DA20D107F8->b461a7b0-028a-4eb5-b268-b89ac225aff8: receive RaftClientReply:client-05DA20D107F8->b461a7b0-028a-4eb5-b268-b89ac225aff8@group-0C8C0AA7542A, cid=2262, SUCCESS, logIndex=3344, commits[b461a7b0-028a-4eb5-b268-b89ac225aff8:c3344, b6ff45f5-67b8-463b-a273-c2e7d9dadd75:c3342, 6a5cb75f-f7eb-4671-9a85-3b6f7898f6cc:c3342]
2019-08-28 21:29:50,293 | INFO  | DNAudit | user=null | ip=null | op=WRITE_CHUNK {blockData=conID: 1 locID: 102696733263528506 bcsId: 0} | ret=SUCCESS |  
2019-08-28 21:29:50,293 | INFO  | DNAudit | user=null | ip=null | op=WRITE_CHUNK {blockData=conID: 1 locID: 102696733263528506 bcsId: 0} | ret=SUCCESS |  
2019-08-28 21:29:50,293 | INFO  | DNAudit | user=null | ip=null | op=PUT_BLOCK {blockData=[blockId=conID: 1 locID: 102696733263528506 bcsId: 0,size=1048576]} | ret=SUCCESS |  
2019-08-28 21:29:50,293 | INFO  | DNAudit | user=null | ip=null | op=PUT_BLOCK {blockData=[blockId=conID: 1 locID: 102696733263528506 bcsId: 0,size=2097152]} | ret=SUCCESS |  
2019-08-28 21:29:50,293 [grpc-default-executor-6] INFO  client.GrpcClientProtocolClient (GrpcClientProtocolClient.java:onNext(255)) - client-05DA20D107F8->b461a7b0-028a-4eb5-b268-b89ac225aff8: receive RaftClientReply:client-05DA20D107F8->b461a7b0-028a-4eb5-b268-b89ac225aff8@group-0C8C0AA7542A, cid=2263, SUCCESS, logIndex=3345, commits[b461a7b0-028a-4eb5-b268-b89ac225aff8:c3346, b6ff45f5-67b8-463b-a273-c2e7d9dadd75:c3344, 6a5cb75f-f7eb-4671-9a85-3b6f7898f6cc:c3342]
2019-08-28 21:29:50,294 [grpc-default-executor-6] INFO  client.GrpcClientProtocolClient (GrpcClientProtocolClient.java:onNext(255)) - client-05DA20D107F8->b461a7b0-028a-4eb5-b268-b89ac225aff8: receive RaftClientReply:client-05DA20D107F8->b461a7b0-028a-4eb5-b268-b89ac225aff8@group-0C8C0AA7542A, cid=2264, SUCCESS, logIndex=3346, commits[b461a7b0-028a-4eb5-b268-b89ac225aff8:c3348, b6ff45f5-67b8-463b-a273-c2e7d9dadd75:c3344, 6a5cb75f-f7eb-4671-9a85-3b6f7898f6cc:c3342]
2019-08-28 21:29:50,294 | INFO  | DNAudit | user=null | ip=null | op=WRITE_CHUNK {blockData=conID: 1 locID: 102696733263528506 bcsId: 0} | ret=SUCCESS |  
2019-08-28 21:29:50,294 | INFO  | DNAudit | user=null | ip=null | op=WRITE_CHUNK {blockData=conID: 1 locID: 102696733263528506 bcsId: 0} | ret=SUCCESS |  
2019-08-28 21:29:50,294 | INFO  | DNAudit | user=null | ip=null | op=PUT_BLOCK {blockData=[blockId=conID: 1 locID: 102696733263528506 bcsId: 0,size=1048576]} | ret=SUCCESS |  
2019-08-28 21:29:50,295 [grpc-default-executor-6] INFO  client.GrpcClientProtocolClient (GrpcClientProtocolClient.java:onNext(255)) - client-05DA20D107F8->b461a7b0-028a-4eb5-b268-b89ac225aff8: receive RaftClientReply:client-05DA20D107F8->b461a7b0-028a-4eb5-b268-b89ac225aff8@group-0C8C0AA7542A, cid=2265, SUCCESS, logIndex=0, commits[b461a7b0-028a-4eb5-b268-b89ac225aff8:c3349, b6ff45f5-67b8-463b-a273-c2e7d9dadd75:c3345, 6a5cb75f-f7eb-4671-9a85-3b6f7898f6cc:c3344]
2019-08-28 21:29:50,295 | INFO  | DNAudit | user=null | ip=null | op=PUT_BLOCK {blockData=[blockId=conID: 1 locID: 102696733263528506 bcsId: 0,size=2097152]} | ret=SUCCESS |  
2019-08-28 21:29:50,296 | INFO  | DNAudit | user=null | ip=null | op=WRITE_CHUNK {blockData=conID: 1 locID: 102696733263528506 bcsId: 0} | ret=SUCCESS |  
2019-08-28 21:29:50,296 | INFO  | DNAudit | user=null | ip=null | op=PUT_BLOCK {blockData=[blockId=conID: 1 locID: 102696733263528506 bcsId: 0,size=2097152]} | ret=SUCCESS |  
2019-08-28 21:29:50,301 | INFO  | DNAudit | user=null | ip=null | op=WRITE_CHUNK {blockData=conID: 1 locID: 102696733263528506 bcsId: 3346} | ret=SUCCESS |  
2019-08-28 21:29:50,302 | INFO  | DNAudit | user=null | ip=null | op=WRITE_CHUNK {blockData=conID: 1 locID: 102696733263528506 bcsId: 3346} | ret=SUCCESS |  
2019-08-28 21:29:50,303 | INFO  | DNAudit | user=null | ip=null | op=WRITE_CHUNK {blockData=conID: 1 locID: 102696733263528506 bcsId: 3346} | ret=SUCCESS |  
2019-08-28 21:29:50,307 | INFO  | DNAudit | user=null | ip=null | op=WRITE_CHUNK {blockData=conID: 1 locID: 102696733263528506 bcsId: 3346} | ret=SUCCESS |  
2019-08-28 21:29:50,308 | INFO  | DNAudit | user=null | ip=null | op=PUT_BLOCK {blockData=[blockId=conID: 1 locID: 102696733263528506 bcsId: 0,size=3145728]} | ret=SUCCESS |  
2019-08-28 21:29:50,308 [grpc-default-executor-6] INFO  client.GrpcClientProtocolClient (GrpcClientProtocolClient.java:onNext(255)) - client-05DA20D107F8->b461a7b0-028a-4eb5-b268-b89ac225aff8: receive RaftClientReply:client-05DA20D107F8->b461a7b0-028a-4eb5-b268-b89ac225aff8@group-0C8C0AA7542A, cid=2266, SUCCESS, logIndex=3351, commits[b461a7b0-028a-4eb5-b268-b89ac225aff8:c3352, b6ff45f5-67b8-463b-a273-c2e7d9dadd75:c3350, 6a5cb75f-f7eb-4671-9a85-3b6f7898f6cc:c3350]
2019-08-28 21:29:50,308 [grpc-default-executor-6] INFO  client.GrpcClientProtocolClient (GrpcClientProtocolClient.java:onNext(255)) - client-05DA20D107F8->b461a7b0-028a-4eb5-b268-b89ac225aff8: receive RaftClientReply:client-05DA20D107F8->b461a7b0-028a-4eb5-b268-b89ac225aff8@group-0C8C0AA7542A, cid=2267, SUCCESS, logIndex=3352, commits[b461a7b0-028a-4eb5-b268-b89ac225aff8:c3352, b6ff45f5-67b8-463b-a273-c2e7d9dadd75:c3350, 6a5cb75f-f7eb-4671-9a85-3b6f7898f6cc:c3350]
2019-08-28 21:29:50,314 | INFO  | DNAudit | user=null | ip=null | op=WRITE_CHUNK {blockData=conID: 1 locID: 102696733263528506 bcsId: 3352} | ret=SUCCESS |  
2019-08-28 21:29:50,315 | INFO  | DNAudit | user=null | ip=null | op=WRITE_CHUNK {blockData=conID: 1 locID: 102696733263528506 bcsId: 3352} | ret=SUCCESS |  
2019-08-28 21:29:50,316 | INFO  | DNAudit | user=null | ip=null | op=WRITE_CHUNK {blockData=conID: 1 locID: 102696733263528506 bcsId: 3352} | ret=SUCCESS |  
2019-08-28 21:29:50,319 | INFO  | DNAudit | user=null | ip=null | op=WRITE_CHUNK {blockData=conID: 1 locID: 102696733263528506 bcsId: 3346} | ret=SUCCESS |  
2019-08-28 21:29:50,319 | INFO  | DNAudit | user=null | ip=null | op=WRITE_CHUNK {blockData=conID: 1 locID: 102696733263528506 bcsId: 3346} | ret=SUCCESS |  
2019-08-28 21:29:50,321 | INFO  | DNAudit | user=null | ip=null | op=PUT_BLOCK {blockData=[blockId=conID: 1 locID: 102696733263528506 bcsId: 0,size=3145728]} | ret=SUCCESS |  
2019-08-28 21:29:50,321 | INFO  | DNAudit | user=null | ip=null | op=PUT_BLOCK {blockData=[blockId=conID: 1 locID: 102696733263528506 bcsId: 0,size=3145728]} | ret=SUCCESS |  
2019-08-28 21:29:50,322 | INFO  | DNAudit | user=null | ip=null | op=WRITE_CHUNK {blockData=conID: 1 locID: 102696733263528506 bcsId: 3352} | ret=SUCCESS |  
2019-08-28 21:29:50,322 | INFO  | DNAudit | user=null | ip=null | op=PUT_BLOCK {blockData=[blockId=conID: 1 locID: 102696733263528506 bcsId: 0,size=4194304]} | ret=SUCCESS |  
2019-08-28 21:29:50,322 [grpc-default-executor-3] INFO  client.GrpcClientProtocolClient (GrpcClientProtocolClient.java:onNext(255)) - client-05DA20D107F8->b461a7b0-028a-4eb5-b268-b89ac225aff8: receive RaftClientReply:client-05DA20D107F8->b461a7b0-028a-4eb5-b268-b89ac225aff8@group-0C8C0AA7542A, cid=2268, SUCCESS, logIndex=3355, commits[b461a7b0-028a-4eb5-b268-b89ac225aff8:c3356, b6ff45f5-67b8-463b-a273-c2e7d9dadd75:c3352, 6a5cb75f-f7eb-4671-9a85-3b6f7898f6cc:c3352]
2019-08-28 21:29:50,323 [grpc-default-executor-3] INFO  client.GrpcClientProtocolClient (GrpcClientProtocolClient.java:onNext(255)) - client-05DA20D107F8->b461a7b0-028a-4eb5-b268-b89ac225aff8: receive RaftClientReply:client-05DA20D107F8->b461a7b0-028a-4eb5-b268-b89ac225aff8@group-0C8C0AA7542A, cid=2269, SUCCESS, logIndex=3356, commits[b461a7b0-028a-4eb5-b268-b89ac225aff8:c3356, b6ff45f5-67b8-463b-a273-c2e7d9dadd75:c3352, 6a5cb75f-f7eb-4671-9a85-3b6f7898f6cc:c3352]
2019-08-28 21:29:50,424 | INFO  | DNAudit | user=null | ip=null | op=WRITE_CHUNK {blockData=conID: 1 locID: 102696733263528506 bcsId: 3352} | ret=SUCCESS |  
2019-08-28 21:29:50,424 | INFO  | DNAudit | user=null | ip=null | op=WRITE_CHUNK {blockData=conID: 1 locID: 102696733263528506 bcsId: 3352} | ret=SUCCESS |  
2019-08-28 21:29:50,424 [grpc-default-executor-3] INFO  client.GrpcClientProtocolClient (GrpcClientProtocolClient.java:onNext(255)) - client-05DA20D107F8->b461a7b0-028a-4eb5-b268-b89ac225aff8: receive RaftClientReply:client-05DA20D107F8->b461a7b0-028a-4eb5-b268-b89ac225aff8@group-0C8C0AA7542A, cid=2270, SUCCESS, logIndex=0, commits[b461a7b0-028a-4eb5-b268-b89ac225aff8:c3357, b6ff45f5-67b8-463b-a273-c2e7d9dadd75:c3356, 6a5cb75f-f7eb-4671-9a85-3b6f7898f6cc:c3356]
2019-08-28 21:29:50,425 | INFO  | DNAudit | user=null | ip=null | op=PUT_BLOCK {blockData=[blockId=conID: 1 locID: 102696733263528506 bcsId: 0,size=4194304]} | ret=SUCCESS |  
2019-08-28 21:29:50,425 | INFO  | DNAudit | user=null | ip=null | op=PUT_BLOCK {blockData=[blockId=conID: 1 locID: 102696733263528506 bcsId: 0,size=4194304]} | ret=SUCCESS |  
2019-08-28 21:29:50,429 | INFO  | SCMAudit | user=jenkins1000 | ip=127.0.0.1 | op=ALLOCATE_BLOCK {owner=a0140aad-a474-4492-a39d-25bd6167d9f0, size=4194304, type=RATIS, factor=THREE} | ret=SUCCESS |  
2019-08-28 21:29:50,433 | INFO  | OMAudit | user=jenkins1000 | ip=127.0.0.1 | op=ALLOCATE_BLOCK {volume=vol-0-08922, bucket=bucket-0-29862, key=key-0-31337, dataSize=0, replicationType=null, replicationFactor=null, keyLocationInfo=null, clientID=102696731548516754} | ret=SUCCESS |  
2019-08-28 21:29:50,440 | INFO  | DNAudit | user=null | ip=null | op=WRITE_CHUNK {blockData=conID: 2 locID: 102696733273555515 bcsId: 0} | ret=SUCCESS |  
2019-08-28 21:29:50,443 | INFO  | DNAudit | user=null | ip=null | op=WRITE_CHUNK {blockData=conID: 2 locID: 102696733273555515 bcsId: 0} | ret=SUCCESS |  
2019-08-28 21:29:50,444 | INFO  | DNAudit | user=null | ip=null | op=WRITE_CHUNK {blockData=conID: 2 locID: 102696733273555515 bcsId: 0} | ret=SUCCESS |  
2019-08-28 21:29:50,444 | INFO  | DNAudit | user=null | ip=null | op=WRITE_CHUNK {blockData=conID: 2 locID: 102696733273555515 bcsId: 0} | ret=SUCCESS |  
2019-08-28 21:29:50,446 | INFO  | DNAudit | user=null | ip=null | op=WRITE_CHUNK {blockData=conID: 2 locID: 102696733273555515 bcsId: 0} | ret=SUCCESS |  
2019-08-28 21:29:50,446 | INFO  | DNAudit | user=null | ip=null | op=WRITE_CHUNK {blockData=conID: 2 locID: 102696733273555515 bcsId: 0} | ret=SUCCESS |  
2019-08-28 21:29:50,480 | INFO  | DNAudit | user=null | ip=null | op=WRITE_CHUNK {blockData=conID: 2 locID: 102696733273555515 bcsId: 0} | ret=SUCCESS |  
2019-08-28 21:29:50,481 | INFO  | DNAudit | user=null | ip=null | op=PUT_BLOCK {blockData=[blockId=conID: 2 locID: 102696733273555515 bcsId: 0,size=1048576]} | ret=SUCCESS |  
2019-08-28 21:29:50,481 [grpc-default-executor-3] INFO  client.GrpcClientProtocolClient (GrpcClientProtocolClient.java:onNext(255)) - client-05DA20D107F8->b461a7b0-028a-4eb5-b268-b89ac225aff8: receive RaftClientReply:client-05DA20D107F8->b461a7b0-028a-4eb5-b268-b89ac225aff8@group-0C8C0AA7542A, cid=2271, SUCCESS, logIndex=3359, commits[b461a7b0-028a-4eb5-b268-b89ac225aff8:c3360, b6ff45f5-67b8-463b-a273-c2e7d9dadd75:c3358, 6a5cb75f-f7eb-4671-9a85-3b6f7898f6cc:c3358]
2019-08-28 21:29:50,481 [grpc-default-executor-3] INFO  client.GrpcClientProtocolClient (GrpcClientProtocolClient.java:onNext(255)) - client-05DA20D107F8->b461a7b0-028a-4eb5-b268-b89ac225aff8: receive RaftClientReply:client-05DA20D107F8->b461a7b0-028a-4eb5-b268-b89ac225aff8@group-0C8C0AA7542A, cid=2272, SUCCESS, logIndex=3360, commits[b461a7b0-028a-4eb5-b268-b89ac225aff8:c3360, b6ff45f5-67b8-463b-a273-c2e7d9dadd75:c3358, 6a5cb75f-f7eb-4671-9a85-3b6f7898f6cc:c3358]
2019-08-28 21:29:50,500 | INFO  | DNAudit | user=null | ip=null | op=WRITE_CHUNK {blockData=conID: 2 locID: 102696733273555515 bcsId: 0} | ret=SUCCESS |  
2019-08-28 21:29:50,501 | INFO  | DNAudit | user=null | ip=null | op=PUT_BLOCK {blockData=[blockId=conID: 2 locID: 102696733273555515 bcsId: 0,size=2097152]} | ret=SUCCESS |  
2019-08-28 21:29:50,501 [grpc-default-executor-6] INFO  client.GrpcClientProtocolClient (GrpcClientProtocolClient.java:onNext(255)) - client-05DA20D107F8->b461a7b0-028a-4eb5-b268-b89ac225aff8: receive RaftClientReply:client-05DA20D107F8->b461a7b0-028a-4eb5-b268-b89ac225aff8@group-0C8C0AA7542A, cid=2273, SUCCESS, logIndex=3361, commits[b461a7b0-028a-4eb5-b268-b89ac225aff8:c3362, b6ff45f5-67b8-463b-a273-c2e7d9dadd75:c3358, 6a5cb75f-f7eb-4671-9a85-3b6f7898f6cc:c3358]
2019-08-28 21:29:50,501 | INFO  | DNAudit | user=null | ip=null | op=WRITE_CHUNK {blockData=conID: 2 locID: 102696733273555515 bcsId: 0} | ret=SUCCESS |  
2019-08-28 21:29:50,502 [grpc-default-executor-6] INFO  client.GrpcClientProtocolClient (GrpcClientProtocolClient.java:onNext(255)) - client-05DA20D107F8->b461a7b0-028a-4eb5-b268-b89ac225aff8: receive RaftClientReply:client-05DA20D107F8->b461a7b0-028a-4eb5-b268-b89ac225aff8@group-0C8C0AA7542A, cid=2274, SUCCESS, logIndex=3362, commits[b461a7b0-028a-4eb5-b268-b89ac225aff8:c3362, b6ff45f5-67b8-463b-a273-c2e7d9dadd75:c3358, 6a5cb75f-f7eb-4671-9a85-3b6f7898f6cc:c3358]
2019-08-28 21:29:50,525 | INFO  | DNAudit | user=null | ip=null | op=PUT_BLOCK {blockData=[blockId=conID: 2 locID: 102696733273555515 bcsId: 0,size=1048576]} | ret=SUCCESS |  
2019-08-28 21:29:50,525 | INFO  | DNAudit | user=null | ip=null | op=WRITE_CHUNK {blockData=conID: 2 locID: 102696733273555515 bcsId: 0} | ret=SUCCESS |  
2019-08-28 21:29:50,525 | INFO  | DNAudit | user=null | ip=null | op=PUT_BLOCK {blockData=[blockId=conID: 2 locID: 102696733273555515 bcsId: 0,size=2097152]} | ret=SUCCESS |  
2019-08-28 21:29:50,526 | INFO  | DNAudit | user=null | ip=null | op=WRITE_CHUNK {blockData=conID: 2 locID: 102696733273555515 bcsId: 0} | ret=SUCCESS |  
2019-08-28 21:29:50,526 | INFO  | DNAudit | user=null | ip=null | op=PUT_BLOCK {blockData=[blockId=conID: 2 locID: 102696733273555515 bcsId: 0,size=1048576]} | ret=SUCCESS |  
2019-08-28 21:29:50,526 | INFO  | DNAudit | user=null | ip=null | op=WRITE_CHUNK {blockData=conID: 2 locID: 102696733273555515 bcsId: 0} | ret=SUCCESS |  
2019-08-28 21:29:50,526 [grpc-default-executor-6] INFO  client.GrpcClientProtocolClient (GrpcClientProtocolClient.java:onNext(255)) - client-05DA20D107F8->b461a7b0-028a-4eb5-b268-b89ac225aff8: receive RaftClientReply:client-05DA20D107F8->b461a7b0-028a-4eb5-b268-b89ac225aff8@group-0C8C0AA7542A, cid=2275, SUCCESS, logIndex=0, commits[b461a7b0-028a-4eb5-b268-b89ac225aff8:c3365, b6ff45f5-67b8-463b-a273-c2e7d9dadd75:c3360, 6a5cb75f-f7eb-4671-9a85-3b6f7898f6cc:c3362]
2019-08-28 21:29:50,526 | INFO  | DNAudit | user=null | ip=null | op=PUT_BLOCK {blockData=[blockId=conID: 2 locID: 102696733273555515 bcsId: 0,size=2097152]} | ret=SUCCESS |  
2019-08-28 21:29:50,534 | INFO  | DNAudit | user=null | ip=null | op=WRITE_CHUNK {blockData=conID: 2 locID: 102696733273555515 bcsId: 3362} | ret=SUCCESS |  
2019-08-28 21:29:50,537 | INFO  | DNAudit | user=null | ip=null | op=WRITE_CHUNK {blockData=conID: 2 locID: 102696733273555515 bcsId: 3362} | ret=SUCCESS |  
2019-08-28 21:29:50,537 | INFO  | DNAudit | user=null | ip=null | op=WRITE_CHUNK {blockData=conID: 2 locID: 102696733273555515 bcsId: 3362} | ret=SUCCESS |  
2019-08-28 21:29:50,541 | INFO  | DNAudit | user=null | ip=null | op=WRITE_CHUNK {blockData=conID: 2 locID: 102696733273555515 bcsId: 3362} | ret=SUCCESS |  
2019-08-28 21:29:50,541 | INFO  | DNAudit | user=null | ip=null | op=PUT_BLOCK {blockData=[blockId=conID: 2 locID: 102696733273555515 bcsId: 0,size=3145728]} | ret=SUCCESS |  
2019-08-28 21:29:50,541 [grpc-default-executor-6] INFO  client.GrpcClientProtocolClient (GrpcClientProtocolClient.java:onNext(255)) - client-05DA20D107F8->b461a7b0-028a-4eb5-b268-b89ac225aff8: receive RaftClientReply:client-05DA20D107F8->b461a7b0-028a-4eb5-b268-b89ac225aff8@group-0C8C0AA7542A, cid=2276, SUCCESS, logIndex=3366, commits[b461a7b0-028a-4eb5-b268-b89ac225aff8:c3367, b6ff45f5-67b8-463b-a273-c2e7d9dadd75:c3365, 6a5cb75f-f7eb-4671-9a85-3b6f7898f6cc:c3365]
2019-08-28 21:29:50,542 [grpc-default-executor-6] INFO  client.GrpcClientProtocolClient (GrpcClientProtocolClient.java:onNext(255)) - client-05DA20D107F8->b461a7b0-028a-4eb5-b268-b89ac225aff8: receive RaftClientReply:client-05DA20D107F8->b461a7b0-028a-4eb5-b268-b89ac225aff8@group-0C8C0AA7542A, cid=2277, SUCCESS, logIndex=3367, commits[b461a7b0-028a-4eb5-b268-b89ac225aff8:c3367, b6ff45f5-67b8-463b-a273-c2e7d9dadd75:c3365, 6a5cb75f-f7eb-4671-9a85-3b6f7898f6cc:c3365]
2019-08-28 21:29:50,549 | INFO  | DNAudit | user=null | ip=null | op=WRITE_CHUNK {blockData=conID: 2 locID: 102696733273555515 bcsId: 3367} | ret=SUCCESS |  
2019-08-28 21:29:50,552 | INFO  | DNAudit | user=null | ip=null | op=WRITE_CHUNK {blockData=conID: 2 locID: 102696733273555515 bcsId: 3367} | ret=SUCCESS |  
2019-08-28 21:29:50,552 | INFO  | DNAudit | user=null | ip=null | op=WRITE_CHUNK {blockData=conID: 2 locID: 102696733273555515 bcsId: 3367} | ret=SUCCESS |  
2019-08-28 21:29:50,560 | INFO  | DNAudit | user=null | ip=null | op=WRITE_CHUNK {blockData=conID: 2 locID: 102696733273555515 bcsId: 3362} | ret=SUCCESS |  
2019-08-28 21:29:50,560 | INFO  | DNAudit | user=null | ip=null | op=WRITE_CHUNK {blockData=conID: 2 locID: 102696733273555515 bcsId: 3362} | ret=SUCCESS |  
2019-08-28 21:29:50,563 | INFO  | DNAudit | user=null | ip=null | op=PUT_BLOCK {blockData=[blockId=conID: 2 locID: 102696733273555515 bcsId: 0,size=3145728]} | ret=SUCCESS |  
2019-08-28 21:29:50,563 | INFO  | DNAudit | user=null | ip=null | op=PUT_BLOCK {blockData=[blockId=conID: 2 locID: 102696733273555515 bcsId: 0,size=3145728]} | ret=SUCCESS |  
2019-08-28 21:29:50,563 | INFO  | DNAudit | user=null | ip=null | op=WRITE_CHUNK {blockData=conID: 2 locID: 102696733273555515 bcsId: 3367} | ret=SUCCESS |  
2019-08-28 21:29:50,564 | INFO  | DNAudit | user=null | ip=null | op=PUT_BLOCK {blockData=[blockId=conID: 2 locID: 102696733273555515 bcsId: 0,size=4194304]} | ret=SUCCESS |  
2019-08-28 21:29:50,564 [grpc-default-executor-1] INFO  client.GrpcClientProtocolClient (GrpcClientProtocolClient.java:onNext(255)) - client-05DA20D107F8->b461a7b0-028a-4eb5-b268-b89ac225aff8: receive RaftClientReply:client-05DA20D107F8->b461a7b0-028a-4eb5-b268-b89ac225aff8@group-0C8C0AA7542A, cid=2278, SUCCESS, logIndex=3370, commits[b461a7b0-028a-4eb5-b268-b89ac225aff8:c3371, b6ff45f5-67b8-463b-a273-c2e7d9dadd75:c3367, 6a5cb75f-f7eb-4671-9a85-3b6f7898f6cc:c3367]
2019-08-28 21:29:50,564 [grpc-default-executor-1] INFO  client.GrpcClientProtocolClient (GrpcClientProtocolClient.java:onNext(255)) - client-05DA20D107F8->b461a7b0-028a-4eb5-b268-b89ac225aff8: receive RaftClientReply:client-05DA20D107F8->b461a7b0-028a-4eb5-b268-b89ac225aff8@group-0C8C0AA7542A, cid=2279, SUCCESS, logIndex=3371, commits[b461a7b0-028a-4eb5-b268-b89ac225aff8:c3371, b6ff45f5-67b8-463b-a273-c2e7d9dadd75:c3367, 6a5cb75f-f7eb-4671-9a85-3b6f7898f6cc:c3367]
2019-08-28 21:29:50,574 | INFO  | DNAudit | user=null | ip=null | op=WRITE_CHUNK {blockData=conID: 2 locID: 102696733273555515 bcsId: 3367} | ret=SUCCESS |  
2019-08-28 21:29:50,574 | INFO  | DNAudit | user=null | ip=null | op=WRITE_CHUNK {blockData=conID: 2 locID: 102696733273555515 bcsId: 3367} | ret=SUCCESS |  
2019-08-28 21:29:50,575 | INFO  | DNAudit | user=null | ip=null | op=PUT_BLOCK {blockData=[blockId=conID: 2 locID: 102696733273555515 bcsId: 0,size=4194304]} | ret=SUCCESS |  
2019-08-28 21:29:50,575 | INFO  | DNAudit | user=null | ip=null | op=PUT_BLOCK {blockData=[blockId=conID: 2 locID: 102696733273555515 bcsId: 0,size=4194304]} | ret=SUCCESS |  
2019-08-28 21:29:50,575 [grpc-default-executor-6] INFO  client.GrpcClientProtocolClient (GrpcClientProtocolClient.java:onNext(255)) - client-05DA20D107F8->b461a7b0-028a-4eb5-b268-b89ac225aff8: receive RaftClientReply:client-05DA20D107F8->b461a7b0-028a-4eb5-b268-b89ac225aff8@group-0C8C0AA7542A, cid=2280, SUCCESS, logIndex=0, commits[b461a7b0-028a-4eb5-b268-b89ac225aff8:c3372, b6ff45f5-67b8-463b-a273-c2e7d9dadd75:c3371, 6a5cb75f-f7eb-4671-9a85-3b6f7898f6cc:c3371]
2019-08-28 21:29:50,581 | INFO  | SCMAudit | user=jenkins1000 | ip=127.0.0.1 | op=ALLOCATE_BLOCK {owner=a0140aad-a474-4492-a39d-25bd6167d9f0, size=4194304, type=RATIS, factor=THREE} | ret=SUCCESS |  
2019-08-28 21:29:50,584 | INFO  | OMAudit | user=jenkins1000 | ip=127.0.0.1 | op=ALLOCATE_BLOCK {volume=vol-0-08922, bucket=bucket-0-29862, key=key-0-31337, dataSize=0, replicationType=null, replicationFactor=null, keyLocationInfo=null, clientID=102696731548516754} | ret=SUCCESS |  
2019-08-28 21:29:50,592 | INFO  | DNAudit | user=null | ip=null | op=WRITE_CHUNK {blockData=conID: 3 locID: 102696733283451452 bcsId: 0} | ret=SUCCESS |  
2019-08-28 21:29:50,596 | INFO  | DNAudit | user=null | ip=null | op=WRITE_CHUNK {blockData=conID: 3 locID: 102696733283451452 bcsId: 0} | ret=SUCCESS |  
2019-08-28 21:29:50,596 | INFO  | DNAudit | user=null | ip=null | op=WRITE_CHUNK {blockData=conID: 3 locID: 102696733283451452 bcsId: 0} | ret=SUCCESS |  
2019-08-28 21:29:50,596 | INFO  | DNAudit | user=null | ip=null | op=WRITE_CHUNK {blockData=conID: 3 locID: 102696733283451452 bcsId: 0} | ret=SUCCESS |  
2019-08-28 21:29:50,598 | INFO  | DNAudit | user=null | ip=null | op=WRITE_CHUNK {blockData=conID: 3 locID: 102696733283451452 bcsId: 0} | ret=SUCCESS |  
2019-08-28 21:29:50,598 | INFO  | DNAudit | user=null | ip=null | op=WRITE_CHUNK {blockData=conID: 3 locID: 102696733283451452 bcsId: 0} | ret=SUCCESS |  
2019-08-28 21:29:50,600 | INFO  | DNAudit | user=null | ip=null | op=WRITE_CHUNK {blockData=conID: 3 locID: 102696733283451452 bcsId: 0} | ret=SUCCESS |  
2019-08-28 21:29:50,600 | INFO  | DNAudit | user=null | ip=null | op=PUT_BLOCK {blockData=[blockId=conID: 3 locID: 102696733283451452 bcsId: 0,size=1048576]} | ret=SUCCESS |  
2019-08-28 21:29:50,600 [grpc-default-executor-3] INFO  client.GrpcClientProtocolClient (GrpcClientProtocolClient.java:onNext(255)) - client-05DA20D107F8->b461a7b0-028a-4eb5-b268-b89ac225aff8: receive RaftClientReply:client-05DA20D107F8->b461a7b0-028a-4eb5-b268-b89ac225aff8@group-0C8C0AA7542A, cid=2281, SUCCESS, logIndex=3374, commits[b461a7b0-028a-4eb5-b268-b89ac225aff8:c3376, b6ff45f5-67b8-463b-a273-c2e7d9dadd75:c3373, 6a5cb75f-f7eb-4671-9a85-3b6f7898f6cc:c3373]
2019-08-28 21:29:50,600 | INFO  | DNAudit | user=null | ip=null | op=WRITE_CHUNK {blockData=conID: 3 locID: 102696733283451452 bcsId: 0} | ret=SUCCESS |  
2019-08-28 21:29:50,601 | INFO  | DNAudit | user=null | ip=null | op=PUT_BLOCK {blockData=[blockId=conID: 3 locID: 102696733283451452 bcsId: 0,size=2097152]} | ret=SUCCESS |  
2019-08-28 21:29:50,601 | INFO  | DNAudit | user=null | ip=null | op=WRITE_CHUNK {blockData=conID: 3 locID: 102696733283451452 bcsId: 0} | ret=SUCCESS |  
2019-08-28 21:29:50,601 [grpc-default-executor-3] INFO  client.GrpcClientProtocolClient (GrpcClientProtocolClient.java:onNext(255)) - client-05DA20D107F8->b461a7b0-028a-4eb5-b268-b89ac225aff8: receive RaftClientReply:client-05DA20D107F8->b461a7b0-028a-4eb5-b268-b89ac225aff8@group-0C8C0AA7542A, cid=2282, SUCCESS, logIndex=3375, commits[b461a7b0-028a-4eb5-b268-b89ac225aff8:c3377, b6ff45f5-67b8-463b-a273-c2e7d9dadd75:c3373, 6a5cb75f-f7eb-4671-9a85-3b6f7898f6cc:c3373]
2019-08-28 21:29:50,601 [grpc-default-executor-3] INFO  client.GrpcClientProtocolClient (GrpcClientProtocolClient.java:onNext(255)) - client-05DA20D107F8->b461a7b0-028a-4eb5-b268-b89ac225aff8: receive RaftClientReply:client-05DA20D107F8->b461a7b0-028a-4eb5-b268-b89ac225aff8@group-0C8C0AA7542A, cid=2283, SUCCESS, logIndex=3376, commits[b461a7b0-028a-4eb5-b268-b89ac225aff8:c3377, b6ff45f5-67b8-463b-a273-c2e7d9dadd75:c3373, 6a5cb75f-f7eb-4671-9a85-3b6f7898f6cc:c3373]
2019-08-28 21:29:50,601 [grpc-default-executor-3] INFO  client.GrpcClientProtocolClient (GrpcClientProtocolClient.java:onNext(255)) - client-05DA20D107F8->b461a7b0-028a-4eb5-b268-b89ac225aff8: receive RaftClientReply:client-05DA20D107F8->b461a7b0-028a-4eb5-b268-b89ac225aff8@group-0C8C0AA7542A, cid=2284, SUCCESS, logIndex=3377, commits[b461a7b0-028a-4eb5-b268-b89ac225aff8:c3377, b6ff45f5-67b8-463b-a273-c2e7d9dadd75:c3373, 6a5cb75f-f7eb-4671-9a85-3b6f7898f6cc:c3373]
2019-08-28 21:29:50,603 | INFO  | DNAudit | user=null | ip=null | op=WRITE_CHUNK {blockData=conID: 3 locID: 102696733283451452 bcsId: 0} | ret=SUCCESS |  
2019-08-28 21:29:50,603 | INFO  | DNAudit | user=null | ip=null | op=PUT_BLOCK {blockData=[blockId=conID: 3 locID: 102696733283451452 bcsId: 0,size=1048576]} | ret=SUCCESS |  
2019-08-28 21:29:50,614 | INFO  | DNAudit | user=null | ip=null | op=PUT_BLOCK {blockData=[blockId=conID: 3 locID: 102696733283451452 bcsId: 0,size=1048576]} | ret=SUCCESS |  
2019-08-28 21:29:50,614 | INFO  | DNAudit | user=null | ip=null | op=WRITE_CHUNK {blockData=conID: 3 locID: 102696733283451452 bcsId: 0} | ret=SUCCESS |  
2019-08-28 21:29:50,614 | INFO  | DNAudit | user=null | ip=null | op=PUT_BLOCK {blockData=[blockId=conID: 3 locID: 102696733283451452 bcsId: 0,size=2097152]} | ret=SUCCESS |  
2019-08-28 21:29:50,614 | INFO  | DNAudit | user=null | ip=null | op=WRITE_CHUNK {blockData=conID: 3 locID: 102696733283451452 bcsId: 0} | ret=SUCCESS |  
2019-08-28 21:29:50,615 [grpc-default-executor-6] INFO  client.GrpcClientProtocolClient (GrpcClientProtocolClient.java:onNext(255)) - client-05DA20D107F8->b461a7b0-028a-4eb5-b268-b89ac225aff8: receive RaftClientReply:client-05DA20D107F8->b461a7b0-028a-4eb5-b268-b89ac225aff8@group-0C8C0AA7542A, cid=2285, SUCCESS, logIndex=0, commits[b461a7b0-028a-4eb5-b268-b89ac225aff8:c3379, b6ff45f5-67b8-463b-a273-c2e7d9dadd75:c3375, 6a5cb75f-f7eb-4671-9a85-3b6f7898f6cc:c3375]
2019-08-28 21:29:50,615 | INFO  | DNAudit | user=null | ip=null | op=PUT_BLOCK {blockData=[blockId=conID: 3 locID: 102696733283451452 bcsId: 0,size=2097152]} | ret=SUCCESS |  
2019-08-28 21:29:50,621 | INFO  | DNAudit | user=null | ip=null | op=WRITE_CHUNK {blockData=conID: 3 locID: 102696733283451452 bcsId: 3377} | ret=SUCCESS |  
2019-08-28 21:29:50,624 | INFO  | DNAudit | user=null | ip=null | op=WRITE_CHUNK {blockData=conID: 3 locID: 102696733283451452 bcsId: 3377} | ret=SUCCESS |  
2019-08-28 21:29:50,624 | INFO  | DNAudit | user=null | ip=null | op=WRITE_CHUNK {blockData=conID: 3 locID: 102696733283451452 bcsId: 3377} | ret=SUCCESS |  
2019-08-28 21:29:50,628 | INFO  | DNAudit | user=null | ip=null | op=WRITE_CHUNK {blockData=conID: 3 locID: 102696733283451452 bcsId: 3377} | ret=SUCCESS |  
2019-08-28 21:29:50,629 | INFO  | DNAudit | user=null | ip=null | op=PUT_BLOCK {blockData=[blockId=conID: 3 locID: 102696733283451452 bcsId: 0,size=3145728]} | ret=SUCCESS |  
2019-08-28 21:29:50,629 [grpc-default-executor-1] INFO  client.GrpcClientProtocolClient (GrpcClientProtocolClient.java:onNext(255)) - client-05DA20D107F8->b461a7b0-028a-4eb5-b268-b89ac225aff8: receive RaftClientReply:client-05DA20D107F8->b461a7b0-028a-4eb5-b268-b89ac225aff8@group-0C8C0AA7542A, cid=2286, SUCCESS, logIndex=3382, commits[b461a7b0-028a-4eb5-b268-b89ac225aff8:c3383, b6ff45f5-67b8-463b-a273-c2e7d9dadd75:c3381, 6a5cb75f-f7eb-4671-9a85-3b6f7898f6cc:c3381]
2019-08-28 21:29:50,629 [grpc-default-executor-1] INFO  client.GrpcClientProtocolClient (GrpcClientProtocolClient.java:onNext(255)) - client-05DA20D107F8->b461a7b0-028a-4eb5-b268-b89ac225aff8: receive RaftClientReply:client-05DA20D107F8->b461a7b0-028a-4eb5-b268-b89ac225aff8@group-0C8C0AA7542A, cid=2287, SUCCESS, logIndex=3383, commits[b461a7b0-028a-4eb5-b268-b89ac225aff8:c3383, b6ff45f5-67b8-463b-a273-c2e7d9dadd75:c3381, 6a5cb75f-f7eb-4671-9a85-3b6f7898f6cc:c3381]
2019-08-28 21:29:50,636 | INFO  | DNAudit | user=null | ip=null | op=WRITE_CHUNK {blockData=conID: 3 locID: 102696733283451452 bcsId: 3383} | ret=SUCCESS |  
2019-08-28 21:29:50,637 | INFO  | SCMAudit | user=jenkins1000 | ip=192.168.36.107 | op=SEND_HEARTBEAT {datanodeUUID=68f89a68-6a96-4cde-8528-8617611d459d, command=[]} | ret=SUCCESS |  
2019-08-28 21:29:50,637 | INFO  | SCMAudit | user=jenkins1000 | ip=192.168.36.107 | op=SEND_HEARTBEAT {datanodeUUID=af4986ea-80d8-4c92-96d2-2b3929a4248a, command=[]} | ret=SUCCESS |  
2019-08-28 21:29:50,638 | INFO  | DNAudit | user=null | ip=null | op=WRITE_CHUNK {blockData=conID: 3 locID: 102696733283451452 bcsId: 3383} | ret=SUCCESS |  
2019-08-28 21:29:50,638 | INFO  | DNAudit | user=null | ip=null | op=WRITE_CHUNK {blockData=conID: 3 locID: 102696733283451452 bcsId: 3383} | ret=SUCCESS |  
2019-08-28 21:29:50,638 | INFO  | SCMAudit | user=jenkins1000 | ip=192.168.36.107 | op=SEND_HEARTBEAT {datanodeUUID=b6ff45f5-67b8-463b-a273-c2e7d9dadd75, command=[]} | ret=SUCCESS |  
 0.00% |█                                                                                                    |  0/1 Time: 0:00:262019-08-28 21:29:50,638 | INFO  | SCMAudit | user=jenkins1000 | ip=192.168.36.107 | op=SEND_HEARTBEAT {datanodeUUID=6a5cb75f-f7eb-4671-9a85-3b6f7898f6cc, command=[]} | ret=SUCCESS |  
2019-08-28 21:29:50,639 | INFO  | SCMAudit | user=jenkins1000 | ip=192.168.36.107 | op=SEND_HEARTBEAT {datanodeUUID=b461a7b0-028a-4eb5-b268-b89ac225aff8, command=[]} | ret=SUCCESS |  
2019-08-28 21:29:50,640 | INFO  | DNAudit | user=null | ip=null | op=WRITE_CHUNK {blockData=conID: 3 locID: 102696733283451452 bcsId: 3377} | ret=SUCCESS |  
2019-08-28 21:29:50,640 | INFO  | DNAudit | user=null | ip=null | op=WRITE_CHUNK {blockData=conID: 3 locID: 102696733283451452 bcsId: 3377} | ret=SUCCESS |  
2019-08-28 21:29:50,641 | INFO  | DNAudit | user=null | ip=null | op=PUT_BLOCK {blockData=[blockId=conID: 3 locID: 102696733283451452 bcsId: 0,size=3145728]} | ret=SUCCESS |  
2019-08-28 21:29:50,641 | INFO  | DNAudit | user=null | ip=null | op=PUT_BLOCK {blockData=[blockId=conID: 3 locID: 102696733283451452 bcsId: 0,size=3145728]} | ret=SUCCESS |  
2019-08-28 21:29:50,642 | INFO  | DNAudit | user=null | ip=null | op=WRITE_CHUNK {blockData=conID: 3 locID: 102696733283451452 bcsId: 3383} | ret=SUCCESS |  
2019-08-28 21:29:50,642 | INFO  | DNAudit | user=null | ip=null | op=PUT_BLOCK {blockData=[blockId=conID: 3 locID: 102696733283451452 bcsId: 0,size=4194304]} | ret=SUCCESS |  
2019-08-28 21:29:50,642 [grpc-default-executor-1] INFO  client.GrpcClientProtocolClient (GrpcClientProtocolClient.java:onNext(255)) - client-05DA20D107F8->b461a7b0-028a-4eb5-b268-b89ac225aff8: receive RaftClientReply:client-05DA20D107F8->b461a7b0-028a-4eb5-b268-b89ac225aff8@group-0C8C0AA7542A, cid=2288, SUCCESS, logIndex=3386, commits[b461a7b0-028a-4eb5-b268-b89ac225aff8:c3386, b6ff45f5-67b8-463b-a273-c2e7d9dadd75:c3383, 6a5cb75f-f7eb-4671-9a85-3b6f7898f6cc:c3383]
2019-08-28 21:29:50,643 [grpc-default-executor-1] INFO  client.GrpcClientProtocolClient (GrpcClientProtocolClient.java:onNext(255)) - client-05DA20D107F8->b461a7b0-028a-4eb5-b268-b89ac225aff8: receive RaftClientReply:client-05DA20D107F8->b461a7b0-028a-4eb5-b268-b89ac225aff8@group-0C8C0AA7542A, cid=2289, SUCCESS, logIndex=3387, commits[b461a7b0-028a-4eb5-b268-b89ac225aff8:c3387, b6ff45f5-67b8-463b-a273-c2e7d9dadd75:c3383, 6a5cb75f-f7eb-4671-9a85-3b6f7898f6cc:c3383]
2019-08-28 21:29:50,650 | INFO  | DNAudit | user=null | ip=null | op=WRITE_CHUNK {blockData=conID: 3 locID: 102696733283451452 bcsId: 3383} | ret=SUCCESS |  
2019-08-28 21:29:50,650 | INFO  | DNAudit | user=null | ip=null | op=WRITE_CHUNK {blockData=conID: 3 locID: 102696733283451452 bcsId: 3383} | ret=SUCCESS |  
2019-08-28 21:29:50,657 | INFO  | DNAudit | user=null | ip=null | op=PUT_BLOCK {blockData=[blockId=conID: 3 locID: 102696733283451452 bcsId: 0,size=4194304]} | ret=SUCCESS |  
2019-08-28 21:29:50,657 | INFO  | DNAudit | user=null | ip=null | op=PUT_BLOCK {blockData=[blockId=conID: 3 locID: 102696733283451452 bcsId: 0,size=4194304]} | ret=SUCCESS |  
2019-08-28 21:29:50,657 [grpc-default-executor-3] INFO  client.GrpcClientProtocolClient (GrpcClientProtocolClient.java:onNext(255)) - client-05DA20D107F8->b461a7b0-028a-4eb5-b268-b89ac225aff8: receive RaftClientReply:client-05DA20D107F8->b461a7b0-028a-4eb5-b268-b89ac225aff8@group-0C8C0AA7542A, cid=2290, SUCCESS, logIndex=0, commits[b461a7b0-028a-4eb5-b268-b89ac225aff8:c3388, b6ff45f5-67b8-463b-a273-c2e7d9dadd75:c3387, 6a5cb75f-f7eb-4671-9a85-3b6f7898f6cc:c3387]
2019-08-28 21:29:50,663 | INFO  | SCMAudit | user=jenkins1000 | ip=127.0.0.1 | op=ALLOCATE_BLOCK {owner=a0140aad-a474-4492-a39d-25bd6167d9f0, size=4194304, type=RATIS, factor=THREE} | ret=SUCCESS |  
2019-08-28 21:29:50,665 | INFO  | OMAudit | user=jenkins1000 | ip=127.0.0.1 | op=ALLOCATE_BLOCK {volume=vol-0-08922, bucket=bucket-0-29862, key=key-0-31337, dataSize=0, replicationType=null, replicationFactor=null, keyLocationInfo=null, clientID=102696731548516754} | ret=SUCCESS |  
2019-08-28 21:29:50,673 | INFO  | DNAudit | user=null | ip=null | op=WRITE_CHUNK {blockData=conID: 1 locID: 102696733288890941 bcsId: 0} | ret=SUCCESS |  
2019-08-28 21:29:50,674 | INFO  | DNAudit | user=null | ip=null | op=WRITE_CHUNK {blockData=conID: 1 locID: 102696733288890941 bcsId: 0} | ret=SUCCESS |  
2019-08-28 21:29:50,675 | INFO  | DNAudit | user=null | ip=null | op=WRITE_CHUNK {blockData=conID: 1 locID: 102696733288890941 bcsId: 0} | ret=SUCCESS |  
2019-08-28 21:29:50,675 | INFO  | DNAudit | user=null | ip=null | op=WRITE_CHUNK {blockData=conID: 1 locID: 102696733288890941 bcsId: 0} | ret=SUCCESS |  
2019-08-28 21:29:50,677 | INFO  | DNAudit | user=null | ip=null | op=WRITE_CHUNK {blockData=conID: 1 locID: 102696733288890941 bcsId: 0} | ret=SUCCESS |  
2019-08-28 21:29:50,678 | INFO  | DNAudit | user=null | ip=null | op=WRITE_CHUNK {blockData=conID: 1 locID: 102696733288890941 bcsId: 0} | ret=SUCCESS |  
2019-08-28 21:29:50,678 | INFO  | DNAudit | user=null | ip=null | op=WRITE_CHUNK {blockData=conID: 1 locID: 102696733288890941 bcsId: 0} | ret=SUCCESS |  
2019-08-28 21:29:50,679 | INFO  | DNAudit | user=null | ip=null | op=PUT_BLOCK {blockData=[blockId=conID: 1 locID: 102696733288890941 bcsId: 0,size=1048576]} | ret=SUCCESS |  
2019-08-28 21:29:50,679 [grpc-default-executor-1] INFO  client.GrpcClientProtocolClient (GrpcClientProtocolClient.java:onNext(255)) - client-05DA20D107F8->b461a7b0-028a-4eb5-b268-b89ac225aff8: receive RaftClientReply:client-05DA20D107F8->b461a7b0-028a-4eb5-b268-b89ac225aff8@group-0C8C0AA7542A, cid=2291, SUCCESS, logIndex=3390, commits[b461a7b0-028a-4eb5-b268-b89ac225aff8:c3391, b6ff45f5-67b8-463b-a273-c2e7d9dadd75:c3389, 6a5cb75f-f7eb-4671-9a85-3b6f7898f6cc:c3389]
2019-08-28 21:29:50,679 [grpc-default-executor-1] INFO  client.GrpcClientProtocolClient (GrpcClientProtocolClient.java:onNext(255)) - client-05DA20D107F8->b461a7b0-028a-4eb5-b268-b89ac225aff8: receive RaftClientReply:client-05DA20D107F8->b461a7b0-028a-4eb5-b268-b89ac225aff8@group-0C8C0AA7542A, cid=2292, SUCCESS, logIndex=3391, commits[b461a7b0-028a-4eb5-b268-b89ac225aff8:c3391, b6ff45f5-67b8-463b-a273-c2e7d9dadd75:c3389, 6a5cb75f-f7eb-4671-9a85-3b6f7898f6cc:c3389]
2019-08-28 21:29:50,689 | INFO  | DNAudit | user=null | ip=null | op=WRITE_CHUNK {blockData=conID: 1 locID: 102696733288890941 bcsId: 0} | ret=SUCCESS |  
2019-08-28 21:29:50,690 | INFO  | DNAudit | user=null | ip=null | op=PUT_BLOCK {blockData=[blockId=conID: 1 locID: 102696733288890941 bcsId: 0,size=2097152]} | ret=SUCCESS |  
2019-08-28 21:29:50,690 [grpc-default-executor-3] INFO  client.GrpcClientProtocolClient (GrpcClientProtocolClient.java:onNext(255)) - client-05DA20D107F8->b461a7b0-028a-4eb5-b268-b89ac225aff8: receive RaftClientReply:client-05DA20D107F8->b461a7b0-028a-4eb5-b268-b89ac225aff8@group-0C8C0AA7542A, cid=2293, SUCCESS, logIndex=3392, commits[b461a7b0-028a-4eb5-b268-b89ac225aff8:c3393, b6ff45f5-67b8-463b-a273-c2e7d9dadd75:c3389, 6a5cb75f-f7eb-4671-9a85-3b6f7898f6cc:c3389]
2019-08-28 21:29:50,690 | INFO  | DNAudit | user=null | ip=null | op=WRITE_CHUNK {blockData=conID: 1 locID: 102696733288890941 bcsId: 0} | ret=SUCCESS |  
2019-08-28 21:29:50,690 | INFO  | DNAudit | user=null | ip=null | op=PUT_BLOCK {blockData=[blockId=conID: 1 locID: 102696733288890941 bcsId: 0,size=1048576]} | ret=SUCCESS |  
2019-08-28 21:29:50,690 [grpc-default-executor-3] INFO  client.GrpcClientProtocolClient (GrpcClientProtocolClient.java:onNext(255)) - client-05DA20D107F8->b461a7b0-028a-4eb5-b268-b89ac225aff8: receive RaftClientReply:client-05DA20D107F8->b461a7b0-028a-4eb5-b268-b89ac225aff8@group-0C8C0AA7542A, cid=2294, SUCCESS, logIndex=3393, commits[b461a7b0-028a-4eb5-b268-b89ac225aff8:c3393, b6ff45f5-67b8-463b-a273-c2e7d9dadd75:c3389, 6a5cb75f-f7eb-4671-9a85-3b6f7898f6cc:c3389]
2019-08-28 21:29:50,692 | INFO  | DNAudit | user=null | ip=null | op=WRITE_CHUNK {blockData=conID: 1 locID: 102696733288890941 bcsId: 0} | ret=SUCCESS |  
2019-08-28 21:29:50,693 | INFO  | DNAudit | user=null | ip=null | op=PUT_BLOCK {blockData=[blockId=conID: 1 locID: 102696733288890941 bcsId: 0,size=1048576]} | ret=SUCCESS |  
2019-08-28 21:29:50,693 [grpc-default-executor-3] INFO  client.GrpcClientProtocolClient (GrpcClientProtocolClient.java:onNext(255)) - client-05DA20D107F8->b461a7b0-028a-4eb5-b268-b89ac225aff8: receive RaftClientReply:client-05DA20D107F8->b461a7b0-028a-4eb5-b268-b89ac225aff8@group-0C8C0AA7542A, cid=2295, SUCCESS, logIndex=0, commits[b461a7b0-028a-4eb5-b268-b89ac225aff8:c3395, b6ff45f5-67b8-463b-a273-c2e7d9dadd75:c3391, 6a5cb75f-f7eb-4671-9a85-3b6f7898f6cc:c3391]
2019-08-28 21:29:50,699 | INFO  | DNAudit | user=null | ip=null | op=WRITE_CHUNK {blockData=conID: 1 locID: 102696733288890941 bcsId: 3393} | ret=SUCCESS |  
2019-08-28 21:29:50,700 | INFO  | DNAudit | user=null | ip=null | op=WRITE_CHUNK {blockData=conID: 1 locID: 102696733288890941 bcsId: 3393} | ret=SUCCESS |  
2019-08-28 21:29:50,701 | INFO  | DNAudit | user=null | ip=null | op=WRITE_CHUNK {blockData=conID: 1 locID: 102696733288890941 bcsId: 3393} | ret=SUCCESS |  
2019-08-28 21:29:50,703 | INFO  | DNAudit | user=null | ip=null | op=WRITE_CHUNK {blockData=conID: 1 locID: 102696733288890941 bcsId: 0} | ret=SUCCESS |  
2019-08-28 21:29:50,704 | INFO  | DNAudit | user=null | ip=null | op=PUT_BLOCK {blockData=[blockId=conID: 1 locID: 102696733288890941 bcsId: 0,size=2097152]} | ret=SUCCESS |  
2019-08-28 21:29:50,704 | INFO  | DNAudit | user=null | ip=null | op=WRITE_CHUNK {blockData=conID: 1 locID: 102696733288890941 bcsId: 0} | ret=SUCCESS |  
2019-08-28 21:29:50,704 | INFO  | DNAudit | user=null | ip=null | op=PUT_BLOCK {blockData=[blockId=conID: 1 locID: 102696733288890941 bcsId: 0,size=2097152]} | ret=SUCCESS |  
2019-08-28 21:29:50,706 | INFO  | DNAudit | user=null | ip=null | op=WRITE_CHUNK {blockData=conID: 1 locID: 102696733288890941 bcsId: 3393} | ret=SUCCESS |  
2019-08-28 21:29:50,707 | INFO  | DNAudit | user=null | ip=null | op=PUT_BLOCK {blockData=[blockId=conID: 1 locID: 102696733288890941 bcsId: 0,size=3145728]} | ret=SUCCESS |  
2019-08-28 21:29:50,707 [grpc-default-executor-5] INFO  client.GrpcClientProtocolClient (GrpcClientProtocolClient.java:onNext(255)) - client-05DA20D107F8->b461a7b0-028a-4eb5-b268-b89ac225aff8: receive RaftClientReply:client-05DA20D107F8->b461a7b0-028a-4eb5-b268-b89ac225aff8@group-0C8C0AA7542A, cid=2296, SUCCESS, logIndex=3398, commits[b461a7b0-028a-4eb5-b268-b89ac225aff8:c3399, b6ff45f5-67b8-463b-a273-c2e7d9dadd75:c3395, 6a5cb75f-f7eb-4671-9a85-3b6f7898f6cc:c3393]
2019-08-28 21:29:50,708 [grpc-default-executor-5] INFO  client.GrpcClientProtocolClient (GrpcClientProtocolClient.java:onNext(255)) - client-05DA20D107F8->b461a7b0-028a-4eb5-b268-b89ac225aff8: receive RaftClientReply:client-05DA20D107F8->b461a7b0-028a-4eb5-b268-b89ac225aff8@group-0C8C0AA7542A, cid=2297, SUCCESS, logIndex=3399, commits[b461a7b0-028a-4eb5-b268-b89ac225aff8:c3399, b6ff45f5-67b8-463b-a273-c2e7d9dadd75:c3395, 6a5cb75f-f7eb-4671-9a85-3b6f7898f6cc:c3395]
2019-08-28 21:29:50,714 | INFO  | DNAudit | user=null | ip=null | op=WRITE_CHUNK {blockData=conID: 1 locID: 102696733288890941 bcsId: 3399} | ret=SUCCESS |  
2019-08-28 21:29:50,715 | INFO  | DNAudit | user=null | ip=null | op=WRITE_CHUNK {blockData=conID: 1 locID: 102696733288890941 bcsId: 3399} | ret=SUCCESS |  
2019-08-28 21:29:50,716 | INFO  | DNAudit | user=null | ip=null | op=WRITE_CHUNK {blockData=conID: 1 locID: 102696733288890941 bcsId: 3399} | ret=SUCCESS |  
2019-08-28 21:29:50,718 | INFO  | DNAudit | user=null | ip=null | op=WRITE_CHUNK {blockData=conID: 1 locID: 102696733288890941 bcsId: 3393} | ret=SUCCESS |  
2019-08-28 21:29:50,718 | INFO  | DNAudit | user=null | ip=null | op=WRITE_CHUNK {blockData=conID: 1 locID: 102696733288890941 bcsId: 3393} | ret=SUCCESS |  
2019-08-28 21:29:50,718 | INFO  | DNAudit | user=null | ip=null | op=PUT_BLOCK {blockData=[blockId=conID: 1 locID: 102696733288890941 bcsId: 0,size=3145728]} | ret=SUCCESS |  
2019-08-28 21:29:50,718 | INFO  | DNAudit | user=null | ip=null | op=PUT_BLOCK {blockData=[blockId=conID: 1 locID: 102696733288890941 bcsId: 0,size=3145728]} | ret=SUCCESS |  
2019-08-28 21:29:50,721 | INFO  | DNAudit | user=null | ip=null | op=WRITE_CHUNK {blockData=conID: 1 locID: 102696733288890941 bcsId: 3399} | ret=SUCCESS |  
2019-08-28 21:29:50,721 | INFO  | DNAudit | user=null | ip=null | op=PUT_BLOCK {blockData=[blockId=conID: 1 locID: 102696733288890941 bcsId: 0,size=4194304]} | ret=SUCCESS |  
2019-08-28 21:29:50,722 [grpc-default-executor-6] INFO  client.GrpcClientProtocolClient (GrpcClientProtocolClient.java:onNext(255)) - client-05DA20D107F8->b461a7b0-028a-4eb5-b268-b89ac225aff8: receive RaftClientReply:client-05DA20D107F8->b461a7b0-028a-4eb5-b268-b89ac225aff8@group-0C8C0AA7542A, cid=2298, SUCCESS, logIndex=3401, commits[b461a7b0-028a-4eb5-b268-b89ac225aff8:c3402, b6ff45f5-67b8-463b-a273-c2e7d9dadd75:c3399, 6a5cb75f-f7eb-4671-9a85-3b6f7898f6cc:c3399]
2019-08-28 21:29:50,722 [grpc-default-executor-6] INFO  client.GrpcClientProtocolClient (GrpcClientProtocolClient.java:onNext(255)) - client-05DA20D107F8->b461a7b0-028a-4eb5-b268-b89ac225aff8: receive RaftClientReply:client-05DA20D107F8->b461a7b0-028a-4eb5-b268-b89ac225aff8@group-0C8C0AA7542A, cid=2299, SUCCESS, logIndex=3402, commits[b461a7b0-028a-4eb5-b268-b89ac225aff8:c3402, b6ff45f5-67b8-463b-a273-c2e7d9dadd75:c3399, 6a5cb75f-f7eb-4671-9a85-3b6f7898f6cc:c3399]
2019-08-28 21:29:50,732 | INFO  | DNAudit | user=null | ip=null | op=WRITE_CHUNK {blockData=conID: 1 locID: 102696733288890941 bcsId: 3399} | ret=SUCCESS |  
2019-08-28 21:29:50,732 | INFO  | DNAudit | user=null | ip=null | op=WRITE_CHUNK {blockData=conID: 1 locID: 102696733288890941 bcsId: 3399} | ret=SUCCESS |  
2019-08-28 21:29:50,735 | INFO  | DNAudit | user=null | ip=null | op=PUT_BLOCK {blockData=[blockId=conID: 1 locID: 102696733288890941 bcsId: 0,size=4194304]} | ret=SUCCESS |  
2019-08-28 21:29:50,735 | INFO  | DNAudit | user=null | ip=null | op=PUT_BLOCK {blockData=[blockId=conID: 1 locID: 102696733288890941 bcsId: 0,size=4194304]} | ret=SUCCESS |  
2019-08-28 21:29:50,735 [grpc-default-executor-6] INFO  client.GrpcClientProtocolClient (GrpcClientProtocolClient.java:onNext(255)) - client-05DA20D107F8->b461a7b0-028a-4eb5-b268-b89ac225aff8: receive RaftClientReply:client-05DA20D107F8->b461a7b0-028a-4eb5-b268-b89ac225aff8@group-0C8C0AA7542A, cid=2300, SUCCESS, logIndex=0, commits[b461a7b0-028a-4eb5-b268-b89ac225aff8:c3404, b6ff45f5-67b8-463b-a273-c2e7d9dadd75:c3402, 6a5cb75f-f7eb-4671-9a85-3b6f7898f6cc:c3402]
2019-08-28 21:29:50,740 | INFO  | SCMAudit | user=jenkins1000 | ip=127.0.0.1 | op=ALLOCATE_BLOCK {owner=a0140aad-a474-4492-a39d-25bd6167d9f0, size=4194304, type=RATIS, factor=THREE} | ret=SUCCESS |  
2019-08-28 21:29:50,743 | INFO  | OMAudit | user=jenkins1000 | ip=127.0.0.1 | op=ALLOCATE_BLOCK {volume=vol-0-08922, bucket=bucket-0-29862, key=key-0-31337, dataSize=0, replicationType=null, replicationFactor=null, keyLocationInfo=null, clientID=102696731548516754} | ret=SUCCESS |  
2019-08-28 21:29:50,750 | INFO  | DNAudit | user=null | ip=null | op=WRITE_CHUNK {blockData=conID: 2 locID: 102696733293937214 bcsId: 0} | ret=SUCCESS |  
2019-08-28 21:29:50,751 | INFO  | DNAudit | user=null | ip=null | op=WRITE_CHUNK {blockData=conID: 2 locID: 102696733293937214 bcsId: 0} | ret=SUCCESS |  
2019-08-28 21:29:50,752 | INFO  | DNAudit | user=null | ip=null | op=WRITE_CHUNK {blockData=conID: 2 locID: 102696733293937214 bcsId: 0} | ret=SUCCESS |  
2019-08-28 21:29:50,753 | INFO  | DNAudit | user=null | ip=null | op=WRITE_CHUNK {blockData=conID: 2 locID: 102696733293937214 bcsId: 0} | ret=SUCCESS |  
2019-08-28 21:29:50,753 | INFO  | DNAudit | user=null | ip=null | op=WRITE_CHUNK {blockData=conID: 2 locID: 102696733293937214 bcsId: 0} | ret=SUCCESS |  
2019-08-28 21:29:50,753 | INFO  | DNAudit | user=null | ip=null | op=WRITE_CHUNK {blockData=conID: 2 locID: 102696733293937214 bcsId: 0} | ret=SUCCESS |  
2019-08-28 21:29:50,771 | INFO  | DNAudit | user=null | ip=null | op=WRITE_CHUNK {blockData=conID: 2 locID: 102696733293937214 bcsId: 0} | ret=SUCCESS |  
2019-08-28 21:29:50,771 | INFO  | DNAudit | user=null | ip=null | op=PUT_BLOCK {blockData=[blockId=conID: 2 locID: 102696733293937214 bcsId: 0,size=1048576]} | ret=SUCCESS |  
2019-08-28 21:29:50,772 | INFO  | DNAudit | user=null | ip=null | op=WRITE_CHUNK {blockData=conID: 2 locID: 102696733293937214 bcsId: 0} | ret=SUCCESS |  
2019-08-28 21:29:50,772 [grpc-default-executor-5] INFO  client.GrpcClientProtocolClient (GrpcClientProtocolClient.java:onNext(255)) - client-05DA20D107F8->b461a7b0-028a-4eb5-b268-b89ac225aff8: receive RaftClientReply:client-05DA20D107F8->b461a7b0-028a-4eb5-b268-b89ac225aff8@group-0C8C0AA7542A, cid=2301, SUCCESS, logIndex=3405, commits[b461a7b0-028a-4eb5-b268-b89ac225aff8:c3406, b6ff45f5-67b8-463b-a273-c2e7d9dadd75:c3404, 6a5cb75f-f7eb-4671-9a85-3b6f7898f6cc:c3404]
2019-08-28 21:29:50,772 | INFO  | DNAudit | user=null | ip=null | op=PUT_BLOCK {blockData=[blockId=conID: 2 locID: 102696733293937214 bcsId: 0,size=2097152]} | ret=SUCCESS |  
2019-08-28 21:29:50,772 [grpc-default-executor-5] INFO  client.GrpcClientProtocolClient (GrpcClientProtocolClient.java:onNext(255)) - client-05DA20D107F8->b461a7b0-028a-4eb5-b268-b89ac225aff8: receive RaftClientReply:client-05DA20D107F8->b461a7b0-028a-4eb5-b268-b89ac225aff8@group-0C8C0AA7542A, cid=2302, SUCCESS, logIndex=3406, commits[b461a7b0-028a-4eb5-b268-b89ac225aff8:c3408, b6ff45f5-67b8-463b-a273-c2e7d9dadd75:c3404, 6a5cb75f-f7eb-4671-9a85-3b6f7898f6cc:c3404]
2019-08-28 21:29:50,772 [grpc-default-executor-5] INFO  client.GrpcClientProtocolClient (GrpcClientProtocolClient.java:onNext(255)) - client-05DA20D107F8->b461a7b0-028a-4eb5-b268-b89ac225aff8: receive RaftClientReply:client-05DA20D107F8->b461a7b0-028a-4eb5-b268-b89ac225aff8@group-0C8C0AA7542A, cid=2303, SUCCESS, logIndex=3407, commits[b461a7b0-028a-4eb5-b268-b89ac225aff8:c3408, b6ff45f5-67b8-463b-a273-c2e7d9dadd75:c3404, 6a5cb75f-f7eb-4671-9a85-3b6f7898f6cc:c3404]
2019-08-28 21:29:50,773 [grpc-default-executor-5] INFO  client.GrpcClientProtocolClient (GrpcClientProtocolClient.java:onNext(255)) - client-05DA20D107F8->b461a7b0-028a-4eb5-b268-b89ac225aff8: receive RaftClientReply:client-05DA20D107F8->b461a7b0-028a-4eb5-b268-b89ac225aff8@group-0C8C0AA7542A, cid=2304, SUCCESS, logIndex=3408, commits[b461a7b0-028a-4eb5-b268-b89ac225aff8:c3408, b6ff45f5-67b8-463b-a273-c2e7d9dadd75:c3404, 6a5cb75f-f7eb-4671-9a85-3b6f7898f6cc:c3404]
2019-08-28 21:29:50,782 | INFO  | DNAudit | user=null | ip=null | op=WRITE_CHUNK {blockData=conID: 2 locID: 102696733293937214 bcsId: 0} | ret=SUCCESS |  
2019-08-28 21:29:50,783 | INFO  | DNAudit | user=null | ip=null | op=WRITE_CHUNK {blockData=conID: 2 locID: 102696733293937214 bcsId: 0} | ret=SUCCESS |  
2019-08-28 21:29:50,783 | INFO  | DNAudit | user=null | ip=null | op=PUT_BLOCK {blockData=[blockId=conID: 2 locID: 102696733293937214 bcsId: 0,size=1048576]} | ret=SUCCESS |  
2019-08-28 21:29:50,783 | INFO  | DNAudit | user=null | ip=null | op=WRITE_CHUNK {blockData=conID: 2 locID: 102696733293937214 bcsId: 0} | ret=SUCCESS |  
2019-08-28 21:29:50,783 | INFO  | DNAudit | user=null | ip=null | op=PUT_BLOCK {blockData=[blockId=conID: 2 locID: 102696733293937214 bcsId: 0,size=2097152]} | ret=SUCCESS |  
2019-08-28 21:29:50,785 | INFO  | DNAudit | user=null | ip=null | op=PUT_BLOCK {blockData=[blockId=conID: 2 locID: 102696733293937214 bcsId: 0,size=1048576]} | ret=SUCCESS |  
2019-08-28 21:29:50,785 | INFO  | DNAudit | user=null | ip=null | op=WRITE_CHUNK {blockData=conID: 2 locID: 102696733293937214 bcsId: 0} | ret=SUCCESS |  
2019-08-28 21:29:50,785 | INFO  | DNAudit | user=null | ip=null | op=PUT_BLOCK {blockData=[blockId=conID: 2 locID: 102696733293937214 bcsId: 0,size=2097152]} | ret=SUCCESS |  
2019-08-28 21:29:50,786 [grpc-default-executor-5] INFO  client.GrpcClientProtocolClient (GrpcClientProtocolClient.java:onNext(255)) - client-05DA20D107F8->b461a7b0-028a-4eb5-b268-b89ac225aff8: receive RaftClientReply:client-05DA20D107F8->b461a7b0-028a-4eb5-b268-b89ac225aff8@group-0C8C0AA7542A, cid=2305, SUCCESS, logIndex=0, commits[b461a7b0-028a-4eb5-b268-b89ac225aff8:c3412, b6ff45f5-67b8-463b-a273-c2e7d9dadd75:c3406, 6a5cb75f-f7eb-4671-9a85-3b6f7898f6cc:c3408]
2019-08-28 21:29:50,796 | INFO  | DNAudit | user=null | ip=null | op=WRITE_CHUNK {blockData=conID: 2 locID: 102696733293937214 bcsId: 3408} | ret=SUCCESS |  
2019-08-28 21:29:50,798 | INFO  | DNAudit | user=null | ip=null | op=WRITE_CHUNK {blockData=conID: 2 locID: 102696733293937214 bcsId: 3408} | ret=SUCCESS |  
2019-08-28 21:29:50,798 | INFO  | DNAudit | user=null | ip=null | op=WRITE_CHUNK {blockData=conID: 2 locID: 102696733293937214 bcsId: 3408} | ret=SUCCESS |  
2019-08-28 21:29:50,826 | INFO  | DNAudit | user=null | ip=null | op=WRITE_CHUNK {blockData=conID: 2 locID: 102696733293937214 bcsId: 3408} | ret=SUCCESS |  
2019-08-28 21:29:50,827 | INFO  | DNAudit | user=null | ip=null | op=PUT_BLOCK {blockData=[blockId=conID: 2 locID: 102696733293937214 bcsId: 0,size=3145728]} | ret=SUCCESS |  
2019-08-28 21:29:50,827 [grpc-default-executor-5] INFO  client.GrpcClientProtocolClient (GrpcClientProtocolClient.java:onNext(255)) - client-05DA20D107F8->b461a7b0-028a-4eb5-b268-b89ac225aff8: receive RaftClientReply:client-05DA20D107F8->b461a7b0-028a-4eb5-b268-b89ac225aff8@group-0C8C0AA7542A, cid=2306, SUCCESS, logIndex=3413, commits[b461a7b0-028a-4eb5-b268-b89ac225aff8:c3414, b6ff45f5-67b8-463b-a273-c2e7d9dadd75:c3412, 6a5cb75f-f7eb-4671-9a85-3b6f7898f6cc:c3412]
2019-08-28 21:29:50,828 [grpc-default-executor-5] INFO  client.GrpcClientProtocolClient (GrpcClientProtocolClient.java:onNext(255)) - client-05DA20D107F8->b461a7b0-028a-4eb5-b268-b89ac225aff8: receive RaftClientReply:client-05DA20D107F8->b461a7b0-028a-4eb5-b268-b89ac225aff8@group-0C8C0AA7542A, cid=2307, SUCCESS, logIndex=3414, commits[b461a7b0-028a-4eb5-b268-b89ac225aff8:c3414, b6ff45f5-67b8-463b-a273-c2e7d9dadd75:c3412, 6a5cb75f-f7eb-4671-9a85-3b6f7898f6cc:c3412]
2019-08-28 21:29:50,835 | INFO  | DNAudit | user=null | ip=null | op=WRITE_CHUNK {blockData=conID: 2 locID: 102696733293937214 bcsId: 3414} | ret=SUCCESS |  
2019-08-28 21:29:50,837 | INFO  | DNAudit | user=null | ip=null | op=WRITE_CHUNK {blockData=conID: 2 locID: 102696733293937214 bcsId: 3414} | ret=SUCCESS |  
2019-08-28 21:29:50,838 | INFO  | DNAudit | user=null | ip=null | op=WRITE_CHUNK {blockData=conID: 2 locID: 102696733293937214 bcsId: 3414} | ret=SUCCESS |  
2019-08-28 21:29:50,843 | INFO  | DNAudit | user=null | ip=null | op=WRITE_CHUNK {blockData=conID: 2 locID: 102696733293937214 bcsId: 3408} | ret=SUCCESS |  
2019-08-28 21:29:50,843 | INFO  | DNAudit | user=null | ip=null | op=WRITE_CHUNK {blockData=conID: 2 locID: 102696733293937214 bcsId: 3408} | ret=SUCCESS |  
2019-08-28 21:29:50,846 | INFO  | DNAudit | user=null | ip=null | op=PUT_BLOCK {blockData=[blockId=conID: 2 locID: 102696733293937214 bcsId: 0,size=3145728]} | ret=SUCCESS |  
2019-08-28 21:29:50,846 | INFO  | DNAudit | user=null | ip=null | op=PUT_BLOCK {blockData=[blockId=conID: 2 locID: 102696733293937214 bcsId: 0,size=3145728]} | ret=SUCCESS |  
2019-08-28 21:29:50,846 | INFO  | DNAudit | user=null | ip=null | op=WRITE_CHUNK {blockData=conID: 2 locID: 102696733293937214 bcsId: 3414} | ret=SUCCESS |  
2019-08-28 21:29:50,847 | INFO  | DNAudit | user=null | ip=null | op=PUT_BLOCK {blockData=[blockId=conID: 2 locID: 102696733293937214 bcsId: 0,size=4194304]} | ret=SUCCESS |  
2019-08-28 21:29:50,847 [grpc-default-executor-1] INFO  client.GrpcClientProtocolClient (GrpcClientProtocolClient.java:onNext(255)) - client-05DA20D107F8->b461a7b0-028a-4eb5-b268-b89ac225aff8: receive RaftClientReply:client-05DA20D107F8->b461a7b0-028a-4eb5-b268-b89ac225aff8@group-0C8C0AA7542A, cid=2308, SUCCESS, logIndex=3417, commits[b461a7b0-028a-4eb5-b268-b89ac225aff8:c3418, b6ff45f5-67b8-463b-a273-c2e7d9dadd75:c3414, 6a5cb75f-f7eb-4671-9a85-3b6f7898f6cc:c3414]
2019-08-28 21:29:50,847 [grpc-default-executor-1] INFO  client.GrpcClientProtocolClient (GrpcClientProtocolClient.java:onNext(255)) - client-05DA20D107F8->b461a7b0-028a-4eb5-b268-b89ac225aff8: receive RaftClientReply:client-05DA20D107F8->b461a7b0-028a-4eb5-b268-b89ac225aff8@group-0C8C0AA7542A, cid=2309, SUCCESS, logIndex=3418, commits[b461a7b0-028a-4eb5-b268-b89ac225aff8:c3418, b6ff45f5-67b8-463b-a273-c2e7d9dadd75:c3414, 6a5cb75f-f7eb-4671-9a85-3b6f7898f6cc:c3414]
2019-08-28 21:29:50,853 | INFO  | DNAudit | user=null | ip=null | op=WRITE_CHUNK {blockData=conID: 2 locID: 102696733293937214 bcsId: 3414} | ret=SUCCESS |  
2019-08-28 21:29:50,854 | INFO  | DNAudit | user=null | ip=null | op=WRITE_CHUNK {blockData=conID: 2 locID: 102696733293937214 bcsId: 3414} | ret=SUCCESS |  
2019-08-28 21:29:50,856 | INFO  | DNAudit | user=null | ip=null | op=PUT_BLOCK {blockData=[blockId=conID: 2 locID: 102696733293937214 bcsId: 0,size=4194304]} | ret=SUCCESS |  
2019-08-28 21:29:50,856 | INFO  | DNAudit | user=null | ip=null | op=PUT_BLOCK {blockData=[blockId=conID: 2 locID: 102696733293937214 bcsId: 0,size=4194304]} | ret=SUCCESS |  
2019-08-28 21:29:50,857 [grpc-default-executor-1] INFO  client.GrpcClientProtocolClient (GrpcClientProtocolClient.java:onNext(255)) - client-05DA20D107F8->b461a7b0-028a-4eb5-b268-b89ac225aff8: receive RaftClientReply:client-05DA20D107F8->b461a7b0-028a-4eb5-b268-b89ac225aff8@group-0C8C0AA7542A, cid=2310, SUCCESS, logIndex=0, commits[b461a7b0-028a-4eb5-b268-b89ac225aff8:c3420, b6ff45f5-67b8-463b-a273-c2e7d9dadd75:c3418, 6a5cb75f-f7eb-4671-9a85-3b6f7898f6cc:c3418]
2019-08-28 21:29:50,864 | INFO  | SCMAudit | user=jenkins1000 | ip=127.0.0.1 | op=ALLOCATE_BLOCK {owner=a0140aad-a474-4492-a39d-25bd6167d9f0, size=4194304, type=RATIS, factor=THREE} | ret=SUCCESS |  
2019-08-28 21:29:50,867 | INFO  | OMAudit | user=jenkins1000 | ip=127.0.0.1 | op=ALLOCATE_BLOCK {volume=vol-0-08922, bucket=bucket-0-29862, key=key-0-31337, dataSize=0, replicationType=null, replicationFactor=null, keyLocationInfo=null, clientID=102696731548516754} | ret=SUCCESS |  
2019-08-28 21:29:50,875 | INFO  | DNAudit | user=null | ip=null | op=WRITE_CHUNK {blockData=conID: 3 locID: 102696733302063679 bcsId: 0} | ret=SUCCESS |  
2019-08-28 21:29:50,878 | INFO  | DNAudit | user=null | ip=null | op=WRITE_CHUNK {blockData=conID: 3 locID: 102696733302063679 bcsId: 0} | ret=SUCCESS |  
2019-08-28 21:29:50,879 | INFO  | DNAudit | user=null | ip=null | op=WRITE_CHUNK {blockData=conID: 3 locID: 102696733302063679 bcsId: 0} | ret=SUCCESS |  
2019-08-28 21:29:50,879 | INFO  | DNAudit | user=null | ip=null | op=WRITE_CHUNK {blockData=conID: 3 locID: 102696733302063679 bcsId: 0} | ret=SUCCESS |  
2019-08-28 21:29:50,882 | INFO  | DNAudit | user=null | ip=null | op=WRITE_CHUNK {blockData=conID: 3 locID: 102696733302063679 bcsId: 0} | ret=SUCCESS |  
2019-08-28 21:29:50,882 | INFO  | DNAudit | user=null | ip=null | op=WRITE_CHUNK {blockData=conID: 3 locID: 102696733302063679 bcsId: 0} | ret=SUCCESS |  
2019-08-28 21:29:50,892 | INFO  | DNAudit | user=null | ip=null | op=WRITE_CHUNK {blockData=conID: 3 locID: 102696733302063679 bcsId: 0} | ret=SUCCESS |  
2019-08-28 21:29:50,892 | INFO  | DNAudit | user=null | ip=null | op=PUT_BLOCK {blockData=[blockId=conID: 3 locID: 102696733302063679 bcsId: 0,size=1048576]} | ret=SUCCESS |  
2019-08-28 21:29:50,893 [grpc-default-executor-5] INFO  client.GrpcClientProtocolClient (GrpcClientProtocolClient.java:onNext(255)) - client-05DA20D107F8->b461a7b0-028a-4eb5-b268-b89ac225aff8: receive RaftClientReply:client-05DA20D107F8->b461a7b0-028a-4eb5-b268-b89ac225aff8@group-0C8C0AA7542A, cid=2311, SUCCESS, logIndex=3421, commits[b461a7b0-028a-4eb5-b268-b89ac225aff8:c3422, b6ff45f5-67b8-463b-a273-c2e7d9dadd75:c3420, 6a5cb75f-f7eb-4671-9a85-3b6f7898f6cc:c3420]
2019-08-28 21:29:50,893 | INFO  | DNAudit | user=null | ip=null | op=WRITE_CHUNK {blockData=conID: 3 locID: 102696733302063679 bcsId: 0} | ret=SUCCESS |  
2019-08-28 21:29:50,893 | INFO  | DNAudit | user=null | ip=null | op=PUT_BLOCK {blockData=[blockId=conID: 3 locID: 102696733302063679 bcsId: 0,size=2097152]} | ret=SUCCESS |  
2019-08-28 21:29:50,893 [grpc-default-executor-5] INFO  client.GrpcClientProtocolClient (GrpcClientProtocolClient.java:onNext(255)) - client-05DA20D107F8->b461a7b0-028a-4eb5-b268-b89ac225aff8: receive RaftClientReply:client-05DA20D107F8->b461a7b0-028a-4eb5-b268-b89ac225aff8@group-0C8C0AA7542A, cid=2312, SUCCESS, logIndex=3422, commits[b461a7b0-028a-4eb5-b268-b89ac225aff8:c3423, b6ff45f5-67b8-463b-a273-c2e7d9dadd75:c3420, 6a5cb75f-f7eb-4671-9a85-3b6f7898f6cc:c3420]
2019-08-28 21:29:50,894 [grpc-default-executor-5] INFO  client.GrpcClientProtocolClient (GrpcClientProtocolClient.java:onNext(255)) - client-05DA20D107F8->b461a7b0-028a-4eb5-b268-b89ac225aff8: receive RaftClientReply:client-05DA20D107F8->b461a7b0-028a-4eb5-b268-b89ac225aff8@group-0C8C0AA7542A, cid=2313, SUCCESS, logIndex=3423, commits[b461a7b0-028a-4eb5-b268-b89ac225aff8:c3424, b6ff45f5-67b8-463b-a273-c2e7d9dadd75:c3420, 6a5cb75f-f7eb-4671-9a85-3b6f7898f6cc:c3420]
2019-08-28 21:29:50,894 [grpc-default-executor-5] INFO  client.GrpcClientProtocolClient (GrpcClientProtocolClient.java:onNext(255)) - client-05DA20D107F8->b461a7b0-028a-4eb5-b268-b89ac225aff8: receive RaftClientReply:client-05DA20D107F8->b461a7b0-028a-4eb5-b268-b89ac225aff8@group-0C8C0AA7542A, cid=2314, SUCCESS, logIndex=3424, commits[b461a7b0-028a-4eb5-b268-b89ac225aff8:c3424, b6ff45f5-67b8-463b-a273-c2e7d9dadd75:c3420, 6a5cb75f-f7eb-4671-9a85-3b6f7898f6cc:c3420]
2019-08-28 21:29:50,914 | INFO  | DNAudit | user=null | ip=null | op=WRITE_CHUNK {blockData=conID: 3 locID: 102696733302063679 bcsId: 0} | ret=SUCCESS |  
2019-08-28 21:29:50,914 | INFO  | DNAudit | user=null | ip=null | op=PUT_BLOCK {blockData=[blockId=conID: 3 locID: 102696733302063679 bcsId: 0,size=1048576]} | ret=SUCCESS |  
2019-08-28 21:29:50,915 | INFO  | DNAudit | user=null | ip=null | op=WRITE_CHUNK {blockData=conID: 3 locID: 102696733302063679 bcsId: 0} | ret=SUCCESS |  
2019-08-28 21:29:50,915 | INFO  | DNAudit | user=null | ip=null | op=PUT_BLOCK {blockData=[blockId=conID: 3 locID: 102696733302063679 bcsId: 0,size=1048576]} | ret=SUCCESS |  
2019-08-28 21:29:50,915 | INFO  | DNAudit | user=null | ip=null | op=WRITE_CHUNK {blockData=conID: 3 locID: 102696733302063679 bcsId: 0} | ret=SUCCESS |  
2019-08-28 21:29:50,915 | INFO  | DNAudit | user=null | ip=null | op=WRITE_CHUNK {blockData=conID: 3 locID: 102696733302063679 bcsId: 0} | ret=SUCCESS |  
2019-08-28 21:29:50,915 | INFO  | DNAudit | user=null | ip=null | op=PUT_BLOCK {blockData=[blockId=conID: 3 locID: 102696733302063679 bcsId: 0,size=2097152]} | ret=SUCCESS |  
2019-08-28 21:29:50,916 | INFO  | DNAudit | user=null | ip=null | op=PUT_BLOCK {blockData=[blockId=conID: 3 locID: 102696733302063679 bcsId: 0,size=2097152]} | ret=SUCCESS |  
2019-08-28 21:29:50,915 [grpc-default-executor-5] INFO  client.GrpcClientProtocolClient (GrpcClientProtocolClient.java:onNext(255)) - client-05DA20D107F8->b461a7b0-028a-4eb5-b268-b89ac225aff8: receive RaftClientReply:client-05DA20D107F8->b461a7b0-028a-4eb5-b268-b89ac225aff8@group-0C8C0AA7542A, cid=2315, SUCCESS, logIndex=0, commits[b461a7b0-028a-4eb5-b268-b89ac225aff8:c3426, b6ff45f5-67b8-463b-a273-c2e7d9dadd75:c3422, 6a5cb75f-f7eb-4671-9a85-3b6f7898f6cc:c3422]
2019-08-28 21:29:50,923 | INFO  | DNAudit | user=null | ip=null | op=WRITE_CHUNK {blockData=conID: 3 locID: 102696733302063679 bcsId: 3424} | ret=SUCCESS |  
2019-08-28 21:29:50,926 | INFO  | DNAudit | user=null | ip=null | op=WRITE_CHUNK {blockData=conID: 3 locID: 102696733302063679 bcsId: 3424} | ret=SUCCESS |  
2019-08-28 21:29:50,926 | INFO  | DNAudit | user=null | ip=null | op=WRITE_CHUNK {blockData=conID: 3 locID: 102696733302063679 bcsId: 3424} | ret=SUCCESS |  
2019-08-28 21:29:50,928 | INFO  | DNAudit | user=null | ip=null | op=WRITE_CHUNK {blockData=conID: 3 locID: 102696733302063679 bcsId: 3424} | ret=SUCCESS |  
2019-08-28 21:29:50,928 | INFO  | DNAudit | user=null | ip=null | op=PUT_BLOCK {blockData=[blockId=conID: 3 locID: 102696733302063679 bcsId: 0,size=3145728]} | ret=SUCCESS |  
2019-08-28 21:29:50,929 [grpc-default-executor-5] INFO  client.GrpcClientProtocolClient (GrpcClientProtocolClient.java:onNext(255)) - client-05DA20D107F8->b461a7b0-028a-4eb5-b268-b89ac225aff8: receive RaftClientReply:client-05DA20D107F8->b461a7b0-028a-4eb5-b268-b89ac225aff8@group-0C8C0AA7542A, cid=2316, SUCCESS, logIndex=3429, commits[b461a7b0-028a-4eb5-b268-b89ac225aff8:c3430, b6ff45f5-67b8-463b-a273-c2e7d9dadd75:c3428, 6a5cb75f-f7eb-4671-9a85-3b6f7898f6cc:c3424]
2019-08-28 21:29:50,929 [grpc-default-executor-5] INFO  client.GrpcClientProtocolClient (GrpcClientProtocolClient.java:onNext(255)) - client-05DA20D107F8->b461a7b0-028a-4eb5-b268-b89ac225aff8: receive RaftClientReply:client-05DA20D107F8->b461a7b0-028a-4eb5-b268-b89ac225aff8@group-0C8C0AA7542A, cid=2317, SUCCESS, logIndex=3430, commits[b461a7b0-028a-4eb5-b268-b89ac225aff8:c3430, b6ff45f5-67b8-463b-a273-c2e7d9dadd75:c3428, 6a5cb75f-f7eb-4671-9a85-3b6f7898f6cc:c3428]
2019-08-28 21:29:50,936 | INFO  | DNAudit | user=null | ip=null | op=WRITE_CHUNK {blockData=conID: 3 locID: 102696733302063679 bcsId: 3430} | ret=SUCCESS |  
2019-08-28 21:29:50,939 | INFO  | DNAudit | user=null | ip=null | op=WRITE_CHUNK {blockData=conID: 3 locID: 102696733302063679 bcsId: 3430} | ret=SUCCESS |  
2019-08-28 21:29:50,939 | INFO  | DNAudit | user=null | ip=null | op=WRITE_CHUNK {blockData=conID: 3 locID: 102696733302063679 bcsId: 3430} | ret=SUCCESS |  
2019-08-28 21:29:50,943 | INFO  | DNAudit | user=null | ip=null | op=WRITE_CHUNK {blockData=conID: 3 locID: 102696733302063679 bcsId: 3424} | ret=SUCCESS |  
2019-08-28 21:29:50,943 | INFO  | DNAudit | user=null | ip=null | op=PUT_BLOCK {blockData=[blockId=conID: 3 locID: 102696733302063679 bcsId: 0,size=3145728]} | ret=SUCCESS |  
2019-08-28 21:29:50,943 | INFO  | DNAudit | user=null | ip=null | op=WRITE_CHUNK {blockData=conID: 3 locID: 102696733302063679 bcsId: 3424} | ret=SUCCESS |  
2019-08-28 21:29:50,944 | INFO  | DNAudit | user=null | ip=null | op=PUT_BLOCK {blockData=[blockId=conID: 3 locID: 102696733302063679 bcsId: 0,size=3145728]} | ret=SUCCESS |  
2019-08-28 21:29:50,944 | INFO  | DNAudit | user=null | ip=null | op=WRITE_CHUNK {blockData=conID: 3 locID: 102696733302063679 bcsId: 3430} | ret=SUCCESS |  
2019-08-28 21:29:50,945 | INFO  | DNAudit | user=null | ip=null | op=PUT_BLOCK {blockData=[blockId=conID: 3 locID: 102696733302063679 bcsId: 0,size=4194304]} | ret=SUCCESS |  
2019-08-28 21:29:50,945 [grpc-default-executor-5] INFO  client.GrpcClientProtocolClient (GrpcClientProtocolClient.java:onNext(255)) - client-05DA20D107F8->b461a7b0-028a-4eb5-b268-b89ac225aff8: receive RaftClientReply:client-05DA20D107F8->b461a7b0-028a-4eb5-b268-b89ac225aff8@group-0C8C0AA7542A, cid=2318, SUCCESS, logIndex=3433, commits[b461a7b0-028a-4eb5-b268-b89ac225aff8:c3434, b6ff45f5-67b8-463b-a273-c2e7d9dadd75:c3430, 6a5cb75f-f7eb-4671-9a85-3b6f7898f6cc:c3430]
2019-08-28 21:29:50,945 [grpc-default-executor-5] INFO  client.GrpcClientProtocolClient (GrpcClientProtocolClient.java:onNext(255)) - client-05DA20D107F8->b461a7b0-028a-4eb5-b268-b89ac225aff8: receive RaftClientReply:client-05DA20D107F8->b461a7b0-028a-4eb5-b268-b89ac225aff8@group-0C8C0AA7542A, cid=2319, SUCCESS, logIndex=3434, commits[b461a7b0-028a-4eb5-b268-b89ac225aff8:c3434, b6ff45f5-67b8-463b-a273-c2e7d9dadd75:c3430, 6a5cb75f-f7eb-4671-9a85-3b6f7898f6cc:c3430]
2019-08-28 21:29:50,946 | INFO  | DNAudit | user=null | ip=null | op=WRITE_CHUNK {blockData=conID: 3 locID: 102696733302063679 bcsId: 3430} | ret=SUCCESS |  
2019-08-28 21:29:50,948 | INFO  | DNAudit | user=null | ip=null | op=WRITE_CHUNK {blockData=conID: 3 locID: 102696733302063679 bcsId: 3430} | ret=SUCCESS |  
2019-08-28 21:29:50,959 | INFO  | DNAudit | user=null | ip=null | op=PUT_BLOCK {blockData=[blockId=conID: 3 locID: 102696733302063679 bcsId: 0,size=4194304]} | ret=SUCCESS |  
2019-08-28 21:29:50,959 | INFO  | DNAudit | user=null | ip=null | op=PUT_BLOCK {blockData=[blockId=conID: 3 locID: 102696733302063679 bcsId: 0,size=4194304]} | ret=SUCCESS |  
2019-08-28 21:29:50,960 [grpc-default-executor-5] INFO  client.GrpcClientProtocolClient (GrpcClientProtocolClient.java:onNext(255)) - client-05DA20D107F8->b461a7b0-028a-4eb5-b268-b89ac225aff8: receive RaftClientReply:client-05DA20D107F8->b461a7b0-028a-4eb5-b268-b89ac225aff8@group-0C8C0AA7542A, cid=2320, SUCCESS, logIndex=0, commits[b461a7b0-028a-4eb5-b268-b89ac225aff8:c3436, b6ff45f5-67b8-463b-a273-c2e7d9dadd75:c3434, 6a5cb75f-f7eb-4671-9a85-3b6f7898f6cc:c3434]
2019-08-28 21:29:50,966 | INFO  | SCMAudit | user=jenkins1000 | ip=127.0.0.1 | op=ALLOCATE_BLOCK {owner=a0140aad-a474-4492-a39d-25bd6167d9f0, size=4194304, type=RATIS, factor=THREE} | ret=SUCCESS |  
2019-08-28 21:29:50,970 | INFO  | OMAudit | user=jenkins1000 | ip=127.0.0.1 | op=ALLOCATE_BLOCK {volume=vol-0-08922, bucket=bucket-0-29862, key=key-0-31337, dataSize=0, replicationType=null, replicationFactor=null, keyLocationInfo=null, clientID=102696731548516754} | ret=SUCCESS |  
2019-08-28 21:29:50,978 | INFO  | DNAudit | user=null | ip=null | op=WRITE_CHUNK {blockData=conID: 1 locID: 102696733308748352 bcsId: 0} | ret=SUCCESS |  
2019-08-28 21:29:50,981 | INFO  | DNAudit | user=null | ip=null | op=WRITE_CHUNK {blockData=conID: 1 locID: 102696733308748352 bcsId: 0} | ret=SUCCESS |  
2019-08-28 21:29:50,981 | INFO  | DNAudit | user=null | ip=null | op=WRITE_CHUNK {blockData=conID: 1 locID: 102696733308748352 bcsId: 0} | ret=SUCCESS |  
2019-08-28 21:29:50,982 | INFO  | DNAudit | user=null | ip=null | op=WRITE_CHUNK {blockData=conID: 1 locID: 102696733308748352 bcsId: 0} | ret=SUCCESS |  
2019-08-28 21:29:50,983 | INFO  | DNAudit | user=null | ip=null | op=WRITE_CHUNK {blockData=conID: 1 locID: 102696733308748352 bcsId: 0} | ret=SUCCESS |  
2019-08-28 21:29:50,983 | INFO  | DNAudit | user=null | ip=null | op=WRITE_CHUNK {blockData=conID: 1 locID: 102696733308748352 bcsId: 0} | ret=SUCCESS |  
2019-08-28 21:29:50,990 | INFO  | DNAudit | user=null | ip=null | op=WRITE_CHUNK {blockData=conID: 1 locID: 102696733308748352 bcsId: 0} | ret=SUCCESS |  
2019-08-28 21:29:50,990 | INFO  | DNAudit | user=null | ip=null | op=PUT_BLOCK {blockData=[blockId=conID: 1 locID: 102696733308748352 bcsId: 0,size=1048576]} | ret=SUCCESS |  
2019-08-28 21:29:50,990 [grpc-default-executor-5] INFO  client.GrpcClientProtocolClient (GrpcClientProtocolClient.java:onNext(255)) - client-05DA20D107F8->b461a7b0-028a-4eb5-b268-b89ac225aff8: receive RaftClientReply:client-05DA20D107F8->b461a7b0-028a-4eb5-b268-b89ac225aff8@group-0C8C0AA7542A, cid=2321, SUCCESS, logIndex=3437, commits[b461a7b0-028a-4eb5-b268-b89ac225aff8:c3439, b6ff45f5-67b8-463b-a273-c2e7d9dadd75:c3436, 6a5cb75f-f7eb-4671-9a85-3b6f7898f6cc:c3436]
2019-08-28 21:29:50,991 | INFO  | DNAudit | user=null | ip=null | op=WRITE_CHUNK {blockData=conID: 1 locID: 102696733308748352 bcsId: 0} | ret=SUCCESS |  
2019-08-28 21:29:50,991 | INFO  | DNAudit | user=null | ip=null | op=PUT_BLOCK {blockData=[blockId=conID: 1 locID: 102696733308748352 bcsId: 0,size=2097152]} | ret=SUCCESS |  
2019-08-28 21:29:50,991 | INFO  | DNAudit | user=null | ip=null | op=WRITE_CHUNK {blockData=conID: 1 locID: 102696733308748352 bcsId: 0} | ret=SUCCESS |  
2019-08-28 21:29:50,991 [grpc-default-executor-5] INFO  client.GrpcClientProtocolClient (GrpcClientProtocolClient.java:onNext(255)) - client-05DA20D107F8->b461a7b0-028a-4eb5-b268-b89ac225aff8: receive RaftClientReply:client-05DA20D107F8->b461a7b0-028a-4eb5-b268-b89ac225aff8@group-0C8C0AA7542A, cid=2322, SUCCESS, logIndex=3438, commits[b461a7b0-028a-4eb5-b268-b89ac225aff8:c3440, b6ff45f5-67b8-463b-a273-c2e7d9dadd75:c3436, 6a5cb75f-f7eb-4671-9a85-3b6f7898f6cc:c3436]
2019-08-28 21:29:50,991 [grpc-default-executor-5] INFO  client.GrpcClientProtocolClient (GrpcClientProtocolClient.java:onNext(255)) - client-05DA20D107F8->b461a7b0-028a-4eb5-b268-b89ac225aff8: receive RaftClientReply:client-05DA20D107F8->b461a7b0-028a-4eb5-b268-b89ac225aff8@group-0C8C0AA7542A, cid=2323, SUCCESS, logIndex=3439, commits[b461a7b0-028a-4eb5-b268-b89ac225aff8:c3440, b6ff45f5-67b8-463b-a273-c2e7d9dadd75:c3436, 6a5cb75f-f7eb-4671-9a85-3b6f7898f6cc:c3436]
2019-08-28 21:29:50,992 [grpc-default-executor-5] INFO  client.GrpcClientProtocolClient (GrpcClientProtocolClient.java:onNext(255)) - client-05DA20D107F8->b461a7b0-028a-4eb5-b268-b89ac225aff8: receive RaftClientReply:client-05DA20D107F8->b461a7b0-028a-4eb5-b268-b89ac225aff8@group-0C8C0AA7542A, cid=2324, SUCCESS, logIndex=3440, commits[b461a7b0-028a-4eb5-b268-b89ac225aff8:c3440, b6ff45f5-67b8-463b-a273-c2e7d9dadd75:c3436, 6a5cb75f-f7eb-4671-9a85-3b6f7898f6cc:c3436]
2019-08-28 21:29:50,993 | INFO  | DNAudit | user=null | ip=null | op=WRITE_CHUNK {blockData=conID: 1 locID: 102696733308748352 bcsId: 0} | ret=SUCCESS |  
2019-08-28 21:29:51,004 | INFO  | DNAudit | user=null | ip=null | op=PUT_BLOCK {blockData=[blockId=conID: 1 locID: 102696733308748352 bcsId: 0,size=1048576]} | ret=SUCCESS |  
2019-08-28 21:29:51,005 | INFO  | DNAudit | user=null | ip=null | op=WRITE_CHUNK {blockData=conID: 1 locID: 102696733308748352 bcsId: 0} | ret=SUCCESS |  
2019-08-28 21:29:51,005 | INFO  | DNAudit | user=null | ip=null | op=PUT_BLOCK {blockData=[blockId=conID: 1 locID: 102696733308748352 bcsId: 0,size=1048576]} | ret=SUCCESS |  
2019-08-28 21:29:51,005 | INFO  | DNAudit | user=null | ip=null | op=PUT_BLOCK {blockData=[blockId=conID: 1 locID: 102696733308748352 bcsId: 0,size=2097152]} | ret=SUCCESS |  
2019-08-28 21:29:51,005 | INFO  | DNAudit | user=null | ip=null | op=WRITE_CHUNK {blockData=conID: 1 locID: 102696733308748352 bcsId: 0} | ret=SUCCESS |  
2019-08-28 21:29:51,005 | INFO  | DNAudit | user=null | ip=null | op=PUT_BLOCK {blockData=[blockId=conID: 1 locID: 102696733308748352 bcsId: 0,size=2097152]} | ret=SUCCESS |  
2019-08-28 21:29:51,006 [grpc-default-executor-5] INFO  client.GrpcClientProtocolClient (GrpcClientProtocolClient.java:onNext(255)) - client-05DA20D107F8->b461a7b0-028a-4eb5-b268-b89ac225aff8: receive RaftClientReply:client-05DA20D107F8->b461a7b0-028a-4eb5-b268-b89ac225aff8@group-0C8C0AA7542A, cid=2325, SUCCESS, logIndex=0, commits[b461a7b0-028a-4eb5-b268-b89ac225aff8:c3443, b6ff45f5-67b8-463b-a273-c2e7d9dadd75:c3439, 6a5cb75f-f7eb-4671-9a85-3b6f7898f6cc:c3439]
2019-08-28 21:29:51,013 | INFO  | DNAudit | user=null | ip=null | op=WRITE_CHUNK {blockData=conID: 1 locID: 102696733308748352 bcsId: 3440} | ret=SUCCESS |  
2019-08-28 21:29:51,015 | INFO  | DNAudit | user=null | ip=null | op=WRITE_CHUNK {blockData=conID: 1 locID: 102696733308748352 bcsId: 3440} | ret=SUCCESS |  
2019-08-28 21:29:51,015 | INFO  | DNAudit | user=null | ip=null | op=WRITE_CHUNK {blockData=conID: 1 locID: 102696733308748352 bcsId: 3440} | ret=SUCCESS |  
2019-08-28 21:29:51,024 | INFO  | DNAudit | user=null | ip=null | op=WRITE_CHUNK {blockData=conID: 1 locID: 102696733308748352 bcsId: 3440} | ret=SUCCESS |  
2019-08-28 21:29:51,025 | INFO  | DNAudit | user=null | ip=null | op=PUT_BLOCK {blockData=[blockId=conID: 1 locID: 102696733308748352 bcsId: 0,size=3145728]} | ret=SUCCESS |  
2019-08-28 21:29:51,025 [grpc-default-executor-6] INFO  client.GrpcClientProtocolClient (GrpcClientProtocolClient.java:onNext(255)) - client-05DA20D107F8->b461a7b0-028a-4eb5-b268-b89ac225aff8: receive RaftClientReply:client-05DA20D107F8->b461a7b0-028a-4eb5-b268-b89ac225aff8@group-0C8C0AA7542A, cid=2326, SUCCESS, logIndex=3445, commits[b461a7b0-028a-4eb5-b268-b89ac225aff8:c3446, b6ff45f5-67b8-463b-a273-c2e7d9dadd75:c3444, 6a5cb75f-f7eb-4671-9a85-3b6f7898f6cc:c3444]
2019-08-28 21:29:51,025 [grpc-default-executor-6] INFO  client.GrpcClientProtocolClient (GrpcClientProtocolClient.java:onNext(255)) - client-05DA20D107F8->b461a7b0-028a-4eb5-b268-b89ac225aff8: receive RaftClientReply:client-05DA20D107F8->b461a7b0-028a-4eb5-b268-b89ac225aff8@group-0C8C0AA7542A, cid=2327, SUCCESS, logIndex=3446, commits[b461a7b0-028a-4eb5-b268-b89ac225aff8:c3446, b6ff45f5-67b8-463b-a273-c2e7d9dadd75:c3444, 6a5cb75f-f7eb-4671-9a85-3b6f7898f6cc:c3444]
2019-08-28 21:29:51,032 | INFO  | DNAudit | user=null | ip=null | op=WRITE_CHUNK {blockData=conID: 1 locID: 102696733308748352 bcsId: 3446} | ret=SUCCESS |  
2019-08-28 21:29:51,035 | INFO  | DNAudit | user=null | ip=null | op=WRITE_CHUNK {blockData=conID: 1 locID: 102696733308748352 bcsId: 3446} | ret=SUCCESS |  
2019-08-28 21:29:51,036 | INFO  | DNAudit | user=null | ip=null | op=WRITE_CHUNK {blockData=conID: 1 locID: 102696733308748352 bcsId: 3446} | ret=SUCCESS |  
2019-08-28 21:29:51,037 | INFO  | DNAudit | user=null | ip=null | op=WRITE_CHUNK {blockData=conID: 1 locID: 102696733308748352 bcsId: 3440} | ret=SUCCESS |  
2019-08-28 21:29:51,037 | INFO  | DNAudit | user=null | ip=null | op=WRITE_CHUNK {blockData=conID: 1 locID: 102696733308748352 bcsId: 3440} | ret=SUCCESS |  
2019-08-28 21:29:51,038 | INFO  | DNAudit | user=null | ip=null | op=PUT_BLOCK {blockData=[blockId=conID: 1 locID: 102696733308748352 bcsId: 0,size=3145728]} | ret=SUCCESS |  
2019-08-28 21:29:51,038 | INFO  | DNAudit | user=null | ip=null | op=PUT_BLOCK {blockData=[blockId=conID: 1 locID: 102696733308748352 bcsId: 0,size=3145728]} | ret=SUCCESS |  
2019-08-28 21:29:51,051 | INFO  | DNAudit | user=null | ip=null | op=WRITE_CHUNK {blockData=conID: 1 locID: 102696733308748352 bcsId: 3446} | ret=SUCCESS |  
2019-08-28 21:29:51,051 | INFO  | DNAudit | user=null | ip=null | op=PUT_BLOCK {blockData=[blockId=conID: 1 locID: 102696733308748352 bcsId: 0,size=4194304]} | ret=SUCCESS |  
2019-08-28 21:29:51,051 [grpc-default-executor-1] INFO  client.GrpcClientProtocolClient (GrpcClientProtocolClient.java:onNext(255)) - client-05DA20D107F8->b461a7b0-028a-4eb5-b268-b89ac225aff8: receive RaftClientReply:client-05DA20D107F8->b461a7b0-028a-4eb5-b268-b89ac225aff8@group-0C8C0AA7542A, cid=2328, SUCCESS, logIndex=3449, commits[b461a7b0-028a-4eb5-b268-b89ac225aff8:c3450, b6ff45f5-67b8-463b-a273-c2e7d9dadd75:c3446, 6a5cb75f-f7eb-4671-9a85-3b6f7898f6cc:c3446]
2019-08-28 21:29:51,052 [grpc-default-executor-1] INFO  client.GrpcClientProtocolClient (GrpcClientProtocolClient.java:onNext(255)) - client-05DA20D107F8->b461a7b0-028a-4eb5-b268-b89ac225aff8: receive RaftClientReply:client-05DA20D107F8->b461a7b0-028a-4eb5-b268-b89ac225aff8@group-0C8C0AA7542A, cid=2329, SUCCESS, logIndex=3450, commits[b461a7b0-028a-4eb5-b268-b89ac225aff8:c3450, b6ff45f5-67b8-463b-a273-c2e7d9dadd75:c3446, 6a5cb75f-f7eb-4671-9a85-3b6f7898f6cc:c3446]
2019-08-28 21:29:51,063 | INFO  | DNAudit | user=null | ip=null | op=WRITE_CHUNK {blockData=conID: 1 locID: 102696733308748352 bcsId: 3446} | ret=SUCCESS |  
2019-08-28 21:29:51,063 | INFO  | DNAudit | user=null | ip=null | op=PUT_BLOCK {blockData=[blockId=conID: 1 locID: 102696733308748352 bcsId: 0,size=4194304]} | ret=SUCCESS |  
2019-08-28 21:29:51,063 | INFO  | DNAudit | user=null | ip=null | op=WRITE_CHUNK {blockData=conID: 1 locID: 102696733308748352 bcsId: 3446} | ret=SUCCESS |  
2019-08-28 21:29:51,063 | INFO  | DNAudit | user=null | ip=null | op=PUT_BLOCK {blockData=[blockId=conID: 1 locID: 102696733308748352 bcsId: 0,size=4194304]} | ret=SUCCESS |  
2019-08-28 21:29:51,064 [grpc-default-executor-1] INFO  client.GrpcClientProtocolClient (GrpcClientProtocolClient.java:onNext(255)) - client-05DA20D107F8->b461a7b0-028a-4eb5-b268-b89ac225aff8: receive RaftClientReply:client-05DA20D107F8->b461a7b0-028a-4eb5-b268-b89ac225aff8@group-0C8C0AA7542A, cid=2330, SUCCESS, logIndex=0, commits[b461a7b0-028a-4eb5-b268-b89ac225aff8:c3451, b6ff45f5-67b8-463b-a273-c2e7d9dadd75:c3450, 6a5cb75f-f7eb-4671-9a85-3b6f7898f6cc:c3450]
2019-08-28 21:29:51,069 | INFO  | SCMAudit | user=jenkins1000 | ip=127.0.0.1 | op=ALLOCATE_BLOCK {owner=a0140aad-a474-4492-a39d-25bd6167d9f0, size=4194304, type=RATIS, factor=THREE} | ret=SUCCESS |  
2019-08-28 21:29:51,076 | INFO  | OMAudit | user=jenkins1000 | ip=127.0.0.1 | op=ALLOCATE_BLOCK {volume=vol-0-08922, bucket=bucket-0-29862, key=key-0-31337, dataSize=0, replicationType=null, replicationFactor=null, keyLocationInfo=null, clientID=102696731548516754} | ret=SUCCESS |  
2019-08-28 21:29:51,084 | INFO  | DNAudit | user=null | ip=null | op=WRITE_CHUNK {blockData=conID: 2 locID: 102696733315498561 bcsId: 0} | ret=SUCCESS |  
2019-08-28 21:29:51,086 | INFO  | DNAudit | user=null | ip=null | op=WRITE_CHUNK {blockData=conID: 2 locID: 102696733315498561 bcsId: 0} | ret=SUCCESS |  
2019-08-28 21:29:51,086 | INFO  | DNAudit | user=null | ip=null | op=WRITE_CHUNK {blockData=conID: 2 locID: 102696733315498561 bcsId: 0} | ret=SUCCESS |  
2019-08-28 21:29:51,086 | INFO  | DNAudit | user=null | ip=null | op=WRITE_CHUNK {blockData=conID: 2 locID: 102696733315498561 bcsId: 0} | ret=SUCCESS |  
2019-08-28 21:29:51,087 | INFO  | DNAudit | user=null | ip=null | op=WRITE_CHUNK {blockData=conID: 2 locID: 102696733315498561 bcsId: 0} | ret=SUCCESS |  
2019-08-28 21:29:51,088 | INFO  | DNAudit | user=null | ip=null | op=WRITE_CHUNK {blockData=conID: 2 locID: 102696733315498561 bcsId: 0} | ret=SUCCESS |  
2019-08-28 21:29:51,090 | INFO  | DNAudit | user=null | ip=null | op=WRITE_CHUNK {blockData=conID: 2 locID: 102696733315498561 bcsId: 0} | ret=SUCCESS |  
2019-08-28 21:29:51,091 | INFO  | DNAudit | user=null | ip=null | op=PUT_BLOCK {blockData=[blockId=conID: 2 locID: 102696733315498561 bcsId: 0,size=1048576]} | ret=SUCCESS |  
2019-08-28 21:29:51,091 | INFO  | DNAudit | user=null | ip=null | op=WRITE_CHUNK {blockData=conID: 2 locID: 102696733315498561 bcsId: 0} | ret=SUCCESS |  
2019-08-28 21:29:51,091 [grpc-default-executor-1] INFO  client.GrpcClientProtocolClient (GrpcClientProtocolClient.java:onNext(255)) - client-05DA20D107F8->b461a7b0-028a-4eb5-b268-b89ac225aff8: receive RaftClientReply:client-05DA20D107F8->b461a7b0-028a-4eb5-b268-b89ac225aff8@group-0C8C0AA7542A, cid=2331, SUCCESS, logIndex=3453, commits[b461a7b0-028a-4eb5-b268-b89ac225aff8:c3454, b6ff45f5-67b8-463b-a273-c2e7d9dadd75:c3452, 6a5cb75f-f7eb-4671-9a85-3b6f7898f6cc:c3452]
2019-08-28 21:29:51,091 | INFO  | DNAudit | user=null | ip=null | op=PUT_BLOCK {blockData=[blockId=conID: 2 locID: 102696733315498561 bcsId: 0,size=2097152]} | ret=SUCCESS |  
2019-08-28 21:29:51,092 [grpc-default-executor-1] INFO  client.GrpcClientProtocolClient (GrpcClientProtocolClient.java:onNext(255)) - client-05DA20D107F8->b461a7b0-028a-4eb5-b268-b89ac225aff8: receive RaftClientReply:client-05DA20D107F8->b461a7b0-028a-4eb5-b268-b89ac225aff8@group-0C8C0AA7542A, cid=2332, SUCCESS, logIndex=3454, commits[b461a7b0-028a-4eb5-b268-b89ac225aff8:c3456, b6ff45f5-67b8-463b-a273-c2e7d9dadd75:c3452, 6a5cb75f-f7eb-4671-9a85-3b6f7898f6cc:c3452]
2019-08-28 21:29:51,092 [grpc-default-executor-1] INFO  client.GrpcClientProtocolClient (GrpcClientProtocolClient.java:onNext(255)) - client-05DA20D107F8->b461a7b0-028a-4eb5-b268-b89ac225aff8: receive RaftClientReply:client-05DA20D107F8->b461a7b0-028a-4eb5-b268-b89ac225aff8@group-0C8C0AA7542A, cid=2333, SUCCESS, logIndex=3455, commits[b461a7b0-028a-4eb5-b268-b89ac225aff8:c3456, b6ff45f5-67b8-463b-a273-c2e7d9dadd75:c3452, 6a5cb75f-f7eb-4671-9a85-3b6f7898f6cc:c3452]
2019-08-28 21:29:51,092 [grpc-default-executor-1] INFO  client.GrpcClientProtocolClient (GrpcClientProtocolClient.java:onNext(255)) - client-05DA20D107F8->b461a7b0-028a-4eb5-b268-b89ac225aff8: receive RaftClientReply:client-05DA20D107F8->b461a7b0-028a-4eb5-b268-b89ac225aff8@group-0C8C0AA7542A, cid=2334, SUCCESS, logIndex=3456, commits[b461a7b0-028a-4eb5-b268-b89ac225aff8:c3456, b6ff45f5-67b8-463b-a273-c2e7d9dadd75:c3452, 6a5cb75f-f7eb-4671-9a85-3b6f7898f6cc:c3452]
2019-08-28 21:29:51,102 | INFO  | DNAudit | user=null | ip=null | op=WRITE_CHUNK {blockData=conID: 2 locID: 102696733315498561 bcsId: 0} | ret=SUCCESS |  
2019-08-28 21:29:51,102 | INFO  | DNAudit | user=null | ip=null | op=WRITE_CHUNK {blockData=conID: 2 locID: 102696733315498561 bcsId: 0} | ret=SUCCESS |  
2019-08-28 21:29:51,102 | INFO  | DNAudit | user=null | ip=null | op=PUT_BLOCK {blockData=[blockId=conID: 2 locID: 102696733315498561 bcsId: 0,size=1048576]} | ret=SUCCESS |  
2019-08-28 21:29:51,102 | INFO  | DNAudit | user=null | ip=null | op=PUT_BLOCK {blockData=[blockId=conID: 2 locID: 102696733315498561 bcsId: 0,size=1048576]} | ret=SUCCESS |  
2019-08-28 21:29:51,103 [grpc-default-executor-5] INFO  client.GrpcClientProtocolClient (GrpcClientProtocolClient.java:onNext(255)) - client-05DA20D107F8->b461a7b0-028a-4eb5-b268-b89ac225aff8: receive RaftClientReply:client-05DA20D107F8->b461a7b0-028a-4eb5-b268-b89ac225aff8@group-0C8C0AA7542A, cid=2335, SUCCESS, logIndex=0, commits[b461a7b0-028a-4eb5-b268-b89ac225aff8:c3458, b6ff45f5-67b8-463b-a273-c2e7d9dadd75:c3454, 6a5cb75f-f7eb-4671-9a85-3b6f7898f6cc:c3454]
2019-08-28 21:29:51,103 | INFO  | DNAudit | user=null | ip=null | op=WRITE_CHUNK {blockData=conID: 2 locID: 102696733315498561 bcsId: 0} | ret=SUCCESS |  
2019-08-28 21:29:51,104 | INFO  | DNAudit | user=null | ip=null | op=PUT_BLOCK {blockData=[blockId=conID: 2 locID: 102696733315498561 bcsId: 0,size=2097152]} | ret=SUCCESS |  
2019-08-28 21:29:51,104 | INFO  | DNAudit | user=null | ip=null | op=WRITE_CHUNK {blockData=conID: 2 locID: 102696733315498561 bcsId: 0} | ret=SUCCESS |  
2019-08-28 21:29:51,104 | INFO  | DNAudit | user=null | ip=null | op=PUT_BLOCK {blockData=[blockId=conID: 2 locID: 102696733315498561 bcsId: 0,size=2097152]} | ret=SUCCESS |  
2019-08-28 21:29:51,109 | INFO  | DNAudit | user=null | ip=null | op=WRITE_CHUNK {blockData=conID: 2 locID: 102696733315498561 bcsId: 3456} | ret=SUCCESS |  
2019-08-28 21:29:51,112 | INFO  | DNAudit | user=null | ip=null | op=WRITE_CHUNK {blockData=conID: 2 locID: 102696733315498561 bcsId: 3456} | ret=SUCCESS |  
2019-08-28 21:29:51,113 | INFO  | DNAudit | user=null | ip=null | op=WRITE_CHUNK {blockData=conID: 2 locID: 102696733315498561 bcsId: 3456} | ret=SUCCESS |  
2019-08-28 21:29:51,125 | INFO  | DNAudit | user=null | ip=null | op=WRITE_CHUNK {blockData=conID: 2 locID: 102696733315498561 bcsId: 3456} | ret=SUCCESS |  
2019-08-28 21:29:51,126 | INFO  | DNAudit | user=null | ip=null | op=PUT_BLOCK {blockData=[blockId=conID: 2 locID: 102696733315498561 bcsId: 0,size=3145728]} | ret=SUCCESS |  
2019-08-28 21:29:51,126 [grpc-default-executor-1] INFO  client.GrpcClientProtocolClient (GrpcClientProtocolClient.java:onNext(255)) - client-05DA20D107F8->b461a7b0-028a-4eb5-b268-b89ac225aff8: receive RaftClientReply:client-05DA20D107F8->b461a7b0-028a-4eb5-b268-b89ac225aff8@group-0C8C0AA7542A, cid=2336, SUCCESS, logIndex=3461, commits[b461a7b0-028a-4eb5-b268-b89ac225aff8:c3462, b6ff45f5-67b8-463b-a273-c2e7d9dadd75:c3460, 6a5cb75f-f7eb-4671-9a85-3b6f7898f6cc:c3460]
2019-08-28 21:29:51,126 [grpc-default-executor-1] INFO  client.GrpcClientProtocolClient (GrpcClientProtocolClient.java:onNext(255)) - client-05DA20D107F8->b461a7b0-028a-4eb5-b268-b89ac225aff8: receive RaftClientReply:client-05DA20D107F8->b461a7b0-028a-4eb5-b268-b89ac225aff8@group-0C8C0AA7542A, cid=2337, SUCCESS, logIndex=3462, commits[b461a7b0-028a-4eb5-b268-b89ac225aff8:c3462, b6ff45f5-67b8-463b-a273-c2e7d9dadd75:c3460, 6a5cb75f-f7eb-4671-9a85-3b6f7898f6cc:c3460]
2019-08-28 21:29:51,264 | INFO  | DNAudit | user=null | ip=null | op=WRITE_CHUNK {blockData=conID: 2 locID: 102696733315498561 bcsId: 3456} | ret=SUCCESS |  
2019-08-28 21:29:51,264 | INFO  | DNAudit | user=null | ip=null | op=WRITE_CHUNK {blockData=conID: 2 locID: 102696733315498561 bcsId: 3456} | ret=SUCCESS |  
2019-08-28 21:29:51,264 | INFO  | DNAudit | user=null | ip=null | op=PUT_BLOCK {blockData=[blockId=conID: 2 locID: 102696733315498561 bcsId: 0,size=3145728]} | ret=SUCCESS |  
2019-08-28 21:29:51,264 | INFO  | DNAudit | user=null | ip=null | op=PUT_BLOCK {blockData=[blockId=conID: 2 locID: 102696733315498561 bcsId: 0,size=3145728]} | ret=SUCCESS |  
2019-08-28 21:29:51,266 | INFO  | DNAudit | user=null | ip=null | op=WRITE_CHUNK {blockData=conID: 2 locID: 102696733315498561 bcsId: 3462} | ret=SUCCESS |  
2019-08-28 21:29:51,268 | INFO  | DNAudit | user=null | ip=null | op=WRITE_CHUNK {blockData=conID: 2 locID: 102696733315498561 bcsId: 3462} | ret=SUCCESS |  
2019-08-28 21:29:51,269 | INFO  | DNAudit | user=null | ip=null | op=WRITE_CHUNK {blockData=conID: 2 locID: 102696733315498561 bcsId: 3462} | ret=SUCCESS |  
2019-08-28 21:29:51,303 | INFO  | DNAudit | user=null | ip=null | op=WRITE_CHUNK {blockData=conID: 2 locID: 102696733315498561 bcsId: 3462} | ret=SUCCESS |  
2019-08-28 21:29:51,303 | INFO  | DNAudit | user=null | ip=null | op=PUT_BLOCK {blockData=[blockId=conID: 2 locID: 102696733315498561 bcsId: 0,size=4194304]} | ret=SUCCESS |  
2019-08-28 21:29:51,303 [grpc-default-executor-5] INFO  client.GrpcClientProtocolClient (GrpcClientProtocolClient.java:onNext(255)) - client-05DA20D107F8->b461a7b0-028a-4eb5-b268-b89ac225aff8: receive RaftClientReply:client-05DA20D107F8->b461a7b0-028a-4eb5-b268-b89ac225aff8@group-0C8C0AA7542A, cid=2338, SUCCESS, logIndex=3465, commits[b461a7b0-028a-4eb5-b268-b89ac225aff8:c3466, b6ff45f5-67b8-463b-a273-c2e7d9dadd75:c3463, 6a5cb75f-f7eb-4671-9a85-3b6f7898f6cc:c3463]
2019-08-28 21:29:51,304 [grpc-default-executor-5] INFO  client.GrpcClientProtocolClient (GrpcClientProtocolClient.java:onNext(255)) - client-05DA20D107F8->b461a7b0-028a-4eb5-b268-b89ac225aff8: receive RaftClientReply:client-05DA20D107F8->b461a7b0-028a-4eb5-b268-b89ac225aff8@group-0C8C0AA7542A, cid=2339, SUCCESS, logIndex=3466, commits[b461a7b0-028a-4eb5-b268-b89ac225aff8:c3466, b6ff45f5-67b8-463b-a273-c2e7d9dadd75:c3463, 6a5cb75f-f7eb-4671-9a85-3b6f7898f6cc:c3463]
2019-08-28 21:29:51,319 | INFO  | DNAudit | user=null | ip=null | op=WRITE_CHUNK {blockData=conID: 2 locID: 102696733315498561 bcsId: 3462} | ret=SUCCESS |  
2019-08-28 21:29:51,320 | INFO  | DNAudit | user=null | ip=null | op=WRITE_CHUNK {blockData=conID: 2 locID: 102696733315498561 bcsId: 3462} | ret=SUCCESS |  
2019-08-28 21:29:51,322 | INFO  | DNAudit | user=null | ip=null | op=PUT_BLOCK {blockData=[blockId=conID: 2 locID: 102696733315498561 bcsId: 0,size=4194304]} | ret=SUCCESS |  
2019-08-28 21:29:51,322 | INFO  | DNAudit | user=null | ip=null | op=PUT_BLOCK {blockData=[blockId=conID: 2 locID: 102696733315498561 bcsId: 0,size=4194304]} | ret=SUCCESS |  
2019-08-28 21:29:51,323 [grpc-default-executor-1] INFO  client.GrpcClientProtocolClient (GrpcClientProtocolClient.java:onNext(255)) - client-05DA20D107F8->b461a7b0-028a-4eb5-b268-b89ac225aff8: receive RaftClientReply:client-05DA20D107F8->b461a7b0-028a-4eb5-b268-b89ac225aff8@group-0C8C0AA7542A, cid=2340, SUCCESS, logIndex=0, commits[b461a7b0-028a-4eb5-b268-b89ac225aff8:c3468, b6ff45f5-67b8-463b-a273-c2e7d9dadd75:c3466, 6a5cb75f-f7eb-4671-9a85-3b6f7898f6cc:c3466]
2019-08-28 21:29:51,328 | INFO  | SCMAudit | user=jenkins1000 | ip=127.0.0.1 | op=ALLOCATE_BLOCK {owner=a0140aad-a474-4492-a39d-25bd6167d9f0, size=4194304, type=RATIS, factor=THREE} | ret=SUCCESS |  
2019-08-28 21:29:51,330 | INFO  | OMAudit | user=jenkins1000 | ip=127.0.0.1 | op=ALLOCATE_BLOCK {volume=vol-0-08922, bucket=bucket-0-29862, key=key-0-31337, dataSize=0, replicationType=null, replicationFactor=null, keyLocationInfo=null, clientID=102696731548516754} | ret=SUCCESS |  
2019-08-28 21:29:51,338 | INFO  | DNAudit | user=null | ip=null | op=WRITE_CHUNK {blockData=conID: 3 locID: 102696733332472386 bcsId: 0} | ret=SUCCESS |  
2019-08-28 21:29:51,340 | INFO  | DNAudit | user=null | ip=null | op=WRITE_CHUNK {blockData=conID: 3 locID: 102696733332472386 bcsId: 0} | ret=SUCCESS |  
2019-08-28 21:29:51,340 | INFO  | DNAudit | user=null | ip=null | op=WRITE_CHUNK {blockData=conID: 3 locID: 102696733332472386 bcsId: 0} | ret=SUCCESS |  
2019-08-28 21:29:51,341 | INFO  | DNAudit | user=null | ip=null | op=WRITE_CHUNK {blockData=conID: 3 locID: 102696733332472386 bcsId: 0} | ret=SUCCESS |  
2019-08-28 21:29:51,363 | INFO  | DNAudit | user=null | ip=null | op=WRITE_CHUNK {blockData=conID: 3 locID: 102696733332472386 bcsId: 0} | ret=SUCCESS |  
2019-08-28 21:29:51,363 | INFO  | DNAudit | user=null | ip=null | op=WRITE_CHUNK {blockData=conID: 3 locID: 102696733332472386 bcsId: 0} | ret=SUCCESS |  
2019-08-28 21:29:51,374 | INFO  | DNAudit | user=null | ip=null | op=WRITE_CHUNK {blockData=conID: 3 locID: 102696733332472386 bcsId: 0} | ret=SUCCESS |  
2019-08-28 21:29:51,374 | INFO  | DNAudit | user=null | ip=null | op=PUT_BLOCK {blockData=[blockId=conID: 3 locID: 102696733332472386 bcsId: 0,size=1048576]} | ret=SUCCESS |  
2019-08-28 21:29:51,374 [grpc-default-executor-6] INFO  client.GrpcClientProtocolClient (GrpcClientProtocolClient.java:onNext(255)) - client-05DA20D107F8->b461a7b0-028a-4eb5-b268-b89ac225aff8: receive RaftClientReply:client-05DA20D107F8->b461a7b0-028a-4eb5-b268-b89ac225aff8@group-0C8C0AA7542A, cid=2341, SUCCESS, logIndex=3469, commits[b461a7b0-028a-4eb5-b268-b89ac225aff8:c3470, b6ff45f5-67b8-463b-a273-c2e7d9dadd75:c3468, 6a5cb75f-f7eb-4671-9a85-3b6f7898f6cc:c3466]
2019-08-28 21:29:51,375 [grpc-default-executor-6] INFO  client.GrpcClientProtocolClient (GrpcClientProtocolClient.java:onNext(255)) - client-05DA20D107F8->b461a7b0-028a-4eb5-b268-b89ac225aff8: receive RaftClientReply:client-05DA20D107F8->b461a7b0-028a-4eb5-b268-b89ac225aff8@group-0C8C0AA7542A, cid=2342, SUCCESS, logIndex=3470, commits[b461a7b0-028a-4eb5-b268-b89ac225aff8:c3470, b6ff45f5-67b8-463b-a273-c2e7d9dadd75:c3468, 6a5cb75f-f7eb-4671-9a85-3b6f7898f6cc:c3466]
2019-08-28 21:29:51,386 | INFO  | DNAudit | user=null | ip=null | op=WRITE_CHUNK {blockData=conID: 3 locID: 102696733332472386 bcsId: 0} | ret=SUCCESS |  
2019-08-28 21:29:51,386 | INFO  | DNAudit | user=null | ip=null | op=PUT_BLOCK {blockData=[blockId=conID: 3 locID: 102696733332472386 bcsId: 0,size=2097152]} | ret=SUCCESS |  
2019-08-28 21:29:51,387 [grpc-default-executor-5] INFO  client.GrpcClientProtocolClient (GrpcClientProtocolClient.java:onNext(255)) - client-05DA20D107F8->b461a7b0-028a-4eb5-b268-b89ac225aff8: receive RaftClientReply:client-05DA20D107F8->b461a7b0-028a-4eb5-b268-b89ac225aff8@group-0C8C0AA7542A, cid=2343, SUCCESS, logIndex=3471, commits[b461a7b0-028a-4eb5-b268-b89ac225aff8:c3472, b6ff45f5-67b8-463b-a273-c2e7d9dadd75:c3468, 6a5cb75f-f7eb-4671-9a85-3b6f7898f6cc:c3466]
2019-08-28 21:29:51,387 [grpc-default-executor-5] INFO  client.GrpcClientProtocolClient (GrpcClientProtocolClient.java:onNext(255)) - client-05DA20D107F8->b461a7b0-028a-4eb5-b268-b89ac225aff8: receive RaftClientReply:client-05DA20D107F8->b461a7b0-028a-4eb5-b268-b89ac225aff8@group-0C8C0AA7542A, cid=2344, SUCCESS, logIndex=3472, commits[b461a7b0-028a-4eb5-b268-b89ac225aff8:c3472, b6ff45f5-67b8-463b-a273-c2e7d9dadd75:c3468, 6a5cb75f-f7eb-4671-9a85-3b6f7898f6cc:c3466]
2019-08-28 21:29:51,394 | INFO  | DNAudit | user=null | ip=null | op=WRITE_CHUNK {blockData=conID: 3 locID: 102696733332472386 bcsId: 0} | ret=SUCCESS |  
2019-08-28 21:29:51,394 | INFO  | DNAudit | user=null | ip=null | op=WRITE_CHUNK {blockData=conID: 3 locID: 102696733332472386 bcsId: 0} | ret=SUCCESS |  
2019-08-28 21:29:51,395 | INFO  | DNAudit | user=null | ip=null | op=PUT_BLOCK {blockData=[blockId=conID: 3 locID: 102696733332472386 bcsId: 0,size=1048576]} | ret=SUCCESS |  
2019-08-28 21:29:51,395 | INFO  | DNAudit | user=null | ip=null | op=PUT_BLOCK {blockData=[blockId=conID: 3 locID: 102696733332472386 bcsId: 0,size=1048576]} | ret=SUCCESS |  
2019-08-28 21:29:51,395 | INFO  | DNAudit | user=null | ip=null | op=WRITE_CHUNK {blockData=conID: 3 locID: 102696733332472386 bcsId: 0} | ret=SUCCESS |  
2019-08-28 21:29:51,395 | INFO  | DNAudit | user=null | ip=null | op=PUT_BLOCK {blockData=[blockId=conID: 3 locID: 102696733332472386 bcsId: 0,size=2097152]} | ret=SUCCESS |  
2019-08-28 21:29:51,395 [grpc-default-executor-6] INFO  client.GrpcClientProtocolClient (GrpcClientProtocolClient.java:onNext(255)) - client-05DA20D107F8->b461a7b0-028a-4eb5-b268-b89ac225aff8: receive RaftClientReply:client-05DA20D107F8->b461a7b0-028a-4eb5-b268-b89ac225aff8@group-0C8C0AA7542A, cid=2345, SUCCESS, logIndex=0, commits[b461a7b0-028a-4eb5-b268-b89ac225aff8:c3473, b6ff45f5-67b8-463b-a273-c2e7d9dadd75:c3470, 6a5cb75f-f7eb-4671-9a85-3b6f7898f6cc:c3470]
2019-08-28 21:29:51,403 | INFO  | DNAudit | user=null | ip=null | op=WRITE_CHUNK {blockData=conID: 3 locID: 102696733332472386 bcsId: 3472} | ret=SUCCESS |  
2019-08-28 21:29:51,405 | INFO  | DNAudit | user=null | ip=null | op=WRITE_CHUNK {blockData=conID: 3 locID: 102696733332472386 bcsId: 3472} | ret=SUCCESS |  
2019-08-28 21:29:51,406 | INFO  | DNAudit | user=null | ip=null | op=WRITE_CHUNK {blockData=conID: 3 locID: 102696733332472386 bcsId: 3472} | ret=SUCCESS |  
2019-08-28 21:29:51,406 | INFO  | DNAudit | user=null | ip=null | op=WRITE_CHUNK {blockData=conID: 3 locID: 102696733332472386 bcsId: 0} | ret=SUCCESS |  
2019-08-28 21:29:51,406 | INFO  | DNAudit | user=null | ip=null | op=PUT_BLOCK {blockData=[blockId=conID: 3 locID: 102696733332472386 bcsId: 0,size=2097152]} | ret=SUCCESS |  
2019-08-28 21:29:51,419 | INFO  | DNAudit | user=null | ip=null | op=WRITE_CHUNK {blockData=conID: 3 locID: 102696733332472386 bcsId: 3472} | ret=SUCCESS |  
2019-08-28 21:29:51,420 | INFO  | DNAudit | user=null | ip=null | op=PUT_BLOCK {blockData=[blockId=conID: 3 locID: 102696733332472386 bcsId: 0,size=3145728]} | ret=SUCCESS |  
2019-08-28 21:29:51,420 [grpc-default-executor-6] INFO  client.GrpcClientProtocolClient (GrpcClientProtocolClient.java:onNext(255)) - client-05DA20D107F8->b461a7b0-028a-4eb5-b268-b89ac225aff8: receive RaftClientReply:client-05DA20D107F8->b461a7b0-028a-4eb5-b268-b89ac225aff8@group-0C8C0AA7542A, cid=2346, SUCCESS, logIndex=3477, commits[b461a7b0-028a-4eb5-b268-b89ac225aff8:c3478, b6ff45f5-67b8-463b-a273-c2e7d9dadd75:c3474, 6a5cb75f-f7eb-4671-9a85-3b6f7898f6cc:c3474]
2019-08-28 21:29:51,420 [grpc-default-executor-6] INFO  client.GrpcClientProtocolClient (GrpcClientProtocolClient.java:onNext(255)) - client-05DA20D107F8->b461a7b0-028a-4eb5-b268-b89ac225aff8: receive RaftClientReply:client-05DA20D107F8->b461a7b0-028a-4eb5-b268-b89ac225aff8@group-0C8C0AA7542A, cid=2347, SUCCESS, logIndex=3478, commits[b461a7b0-028a-4eb5-b268-b89ac225aff8:c3478, b6ff45f5-67b8-463b-a273-c2e7d9dadd75:c3474, 6a5cb75f-f7eb-4671-9a85-3b6f7898f6cc:c3474]
2019-08-28 21:29:51,432 | INFO  | DNAudit | user=null | ip=null | op=WRITE_CHUNK {blockData=conID: 3 locID: 102696733332472386 bcsId: 3478} | ret=SUCCESS |  
2019-08-28 21:29:51,432 | INFO  | DNAudit | user=null | ip=null | op=WRITE_CHUNK {blockData=conID: 3 locID: 102696733332472386 bcsId: 3472} | ret=SUCCESS |  
2019-08-28 21:29:51,432 | INFO  | DNAudit | user=null | ip=null | op=WRITE_CHUNK {blockData=conID: 3 locID: 102696733332472386 bcsId: 3472} | ret=SUCCESS |  
2019-08-28 21:29:51,433 | INFO  | DNAudit | user=null | ip=null | op=PUT_BLOCK {blockData=[blockId=conID: 3 locID: 102696733332472386 bcsId: 0,size=3145728]} | ret=SUCCESS |  
2019-08-28 21:29:51,434 | INFO  | DNAudit | user=null | ip=null | op=WRITE_CHUNK {blockData=conID: 3 locID: 102696733332472386 bcsId: 3478} | ret=SUCCESS |  
2019-08-28 21:29:51,434 | INFO  | DNAudit | user=null | ip=null | op=WRITE_CHUNK {blockData=conID: 3 locID: 102696733332472386 bcsId: 3478} | ret=SUCCESS |  
2019-08-28 21:29:51,445 | INFO  | DNAudit | user=null | ip=null | op=PUT_BLOCK {blockData=[blockId=conID: 3 locID: 102696733332472386 bcsId: 0,size=3145728]} | ret=SUCCESS |  
2019-08-28 21:29:51,446 | INFO  | DNAudit | user=null | ip=null | op=WRITE_CHUNK {blockData=conID: 3 locID: 102696733332472386 bcsId: 3478} | ret=SUCCESS |  
2019-08-28 21:29:51,446 | INFO  | DNAudit | user=null | ip=null | op=PUT_BLOCK {blockData=[blockId=conID: 3 locID: 102696733332472386 bcsId: 0,size=4194304]} | ret=SUCCESS |  
2019-08-28 21:29:51,446 [grpc-default-executor-3] INFO  client.GrpcClientProtocolClient (GrpcClientProtocolClient.java:onNext(255)) - client-05DA20D107F8->b461a7b0-028a-4eb5-b268-b89ac225aff8: receive RaftClientReply:client-05DA20D107F8->b461a7b0-028a-4eb5-b268-b89ac225aff8@group-0C8C0AA7542A, cid=2348, SUCCESS, logIndex=3481, commits[b461a7b0-028a-4eb5-b268-b89ac225aff8:c3482, b6ff45f5-67b8-463b-a273-c2e7d9dadd75:c3478, 6a5cb75f-f7eb-4671-9a85-3b6f7898f6cc:c3478]
2019-08-28 21:29:51,447 [grpc-default-executor-3] INFO  client.GrpcClientProtocolClient (GrpcClientProtocolClient.java:onNext(255)) - client-05DA20D107F8->b461a7b0-028a-4eb5-b268-b89ac225aff8: receive RaftClientReply:client-05DA20D107F8->b461a7b0-028a-4eb5-b268-b89ac225aff8@group-0C8C0AA7542A, cid=2349, SUCCESS, logIndex=3482, commits[b461a7b0-028a-4eb5-b268-b89ac225aff8:c3482, b6ff45f5-67b8-463b-a273-c2e7d9dadd75:c3478, 6a5cb75f-f7eb-4671-9a85-3b6f7898f6cc:c3478]
2019-08-28 21:29:51,459 | INFO  | DNAudit | user=null | ip=null | op=WRITE_CHUNK {blockData=conID: 3 locID: 102696733332472386 bcsId: 3478} | ret=SUCCESS |  
2019-08-28 21:29:51,459 | INFO  | DNAudit | user=null | ip=null | op=WRITE_CHUNK {blockData=conID: 3 locID: 102696733332472386 bcsId: 3478} | ret=SUCCESS |  
2019-08-28 21:29:51,517 | INFO  | DNAudit | user=null | ip=null | op=PUT_BLOCK {blockData=[blockId=conID: 3 locID: 102696733332472386 bcsId: 0,size=4194304]} | ret=SUCCESS |  
2019-08-28 21:29:51,519 | INFO  | DNAudit | user=null | ip=null | op=PUT_BLOCK {blockData=[blockId=conID: 3 locID: 102696733332472386 bcsId: 0,size=4194304]} | ret=SUCCESS |  
2019-08-28 21:29:51,520 [grpc-default-executor-3] INFO  client.GrpcClientProtocolClient (GrpcClientProtocolClient.java:onNext(255)) - client-05DA20D107F8->b461a7b0-028a-4eb5-b268-b89ac225aff8: receive RaftClientReply:client-05DA20D107F8->b461a7b0-028a-4eb5-b268-b89ac225aff8@group-0C8C0AA7542A, cid=2350, SUCCESS, logIndex=0, commits[b461a7b0-028a-4eb5-b268-b89ac225aff8:c3484, b6ff45f5-67b8-463b-a273-c2e7d9dadd75:c3482, 6a5cb75f-f7eb-4671-9a85-3b6f7898f6cc:c3482]
2019-08-28 21:29:51,526 | INFO  | SCMAudit | user=jenkins1000 | ip=127.0.0.1 | op=ALLOCATE_BLOCK {owner=a0140aad-a474-4492-a39d-25bd6167d9f0, size=4194304, type=RATIS, factor=THREE} | ret=SUCCESS |  
2019-08-28 21:29:51,530 | INFO  | OMAudit | user=jenkins1000 | ip=127.0.0.1 | op=ALLOCATE_BLOCK {volume=vol-0-08922, bucket=bucket-0-29862, key=key-0-31337, dataSize=0, replicationType=null, replicationFactor=null, keyLocationInfo=null, clientID=102696731548516754} | ret=SUCCESS |  
2019-08-28 21:29:51,537 | INFO  | DNAudit | user=null | ip=null | op=WRITE_CHUNK {blockData=conID: 1 locID: 102696733345448515 bcsId: 0} | ret=SUCCESS |  
2019-08-28 21:29:51,539 | INFO  | DNAudit | user=null | ip=null | op=WRITE_CHUNK {blockData=conID: 1 locID: 102696733345448515 bcsId: 0} | ret=SUCCESS |  
2019-08-28 21:29:51,540 | INFO  | DNAudit | user=null | ip=null | op=WRITE_CHUNK {blockData=conID: 1 locID: 102696733345448515 bcsId: 0} | ret=SUCCESS |  
2019-08-28 21:29:51,541 | INFO  | DNAudit | user=null | ip=null | op=WRITE_CHUNK {blockData=conID: 1 locID: 102696733345448515 bcsId: 0} | ret=SUCCESS |  
2019-08-28 21:29:51,541 | INFO  | DNAudit | user=null | ip=null | op=WRITE_CHUNK {blockData=conID: 1 locID: 102696733345448515 bcsId: 0} | ret=SUCCESS |  
2019-08-28 21:29:51,542 | INFO  | DNAudit | user=null | ip=null | op=WRITE_CHUNK {blockData=conID: 1 locID: 102696733345448515 bcsId: 0} | ret=SUCCESS |  
2019-08-28 21:29:51,563 | INFO  | DNAudit | user=null | ip=null | op=WRITE_CHUNK {blockData=conID: 1 locID: 102696733345448515 bcsId: 0} | ret=SUCCESS |  
2019-08-28 21:29:51,563 | INFO  | DNAudit | user=null | ip=null | op=PUT_BLOCK {blockData=[blockId=conID: 1 locID: 102696733345448515 bcsId: 0,size=1048576]} | ret=SUCCESS |  
2019-08-28 21:29:51,564 [grpc-default-executor-3] INFO  client.GrpcClientProtocolClient (GrpcClientProtocolClient.java:onNext(255)) - client-05DA20D107F8->b461a7b0-028a-4eb5-b268-b89ac225aff8: receive RaftClientReply:client-05DA20D107F8->b461a7b0-028a-4eb5-b268-b89ac225aff8@group-0C8C0AA7542A, cid=2351, SUCCESS, logIndex=3485, commits[b461a7b0-028a-4eb5-b268-b89ac225aff8:c3486, b6ff45f5-67b8-463b-a273-c2e7d9dadd75:c3484, 6a5cb75f-f7eb-4671-9a85-3b6f7898f6cc:c3484]
2019-08-28 21:29:51,564 | INFO  | DNAudit | user=null | ip=null | op=WRITE_CHUNK {blockData=conID: 1 locID: 102696733345448515 bcsId: 0} | ret=SUCCESS |  
2019-08-28 21:29:51,564 | INFO  | DNAudit | user=null | ip=null | op=PUT_BLOCK {blockData=[blockId=conID: 1 locID: 102696733345448515 bcsId: 0,size=2097152]} | ret=SUCCESS |  
2019-08-28 21:29:51,564 [grpc-default-executor-3] INFO  client.GrpcClientProtocolClient (GrpcClientProtocolClient.java:onNext(255)) - client-05DA20D107F8->b461a7b0-028a-4eb5-b268-b89ac225aff8: receive RaftClientReply:client-05DA20D107F8->b461a7b0-028a-4eb5-b268-b89ac225aff8@group-0C8C0AA7542A, cid=2352, SUCCESS, logIndex=3486, commits[b461a7b0-028a-4eb5-b268-b89ac225aff8:c3488, b6ff45f5-67b8-463b-a273-c2e7d9dadd75:c3484, 6a5cb75f-f7eb-4671-9a85-3b6f7898f6cc:c3484]
2019-08-28 21:29:51,568 [grpc-default-executor-3] INFO  client.GrpcClientProtocolClient (GrpcClientProtocolClient.java:onNext(255)) - client-05DA20D107F8->b461a7b0-028a-4eb5-b268-b89ac225aff8: receive RaftClientReply:client-05DA20D107F8->b461a7b0-028a-4eb5-b268-b89ac225aff8@group-0C8C0AA7542A, cid=2353, SUCCESS, logIndex=3487, commits[b461a7b0-028a-4eb5-b268-b89ac225aff8:c3488, b6ff45f5-67b8-463b-a273-c2e7d9dadd75:c3484, 6a5cb75f-f7eb-4671-9a85-3b6f7898f6cc:c3484]
2019-08-28 21:29:51,569 [grpc-default-executor-3] INFO  client.GrpcClientProtocolClient (GrpcClientProtocolClient.java:onNext(255)) - client-05DA20D107F8->b461a7b0-028a-4eb5-b268-b89ac225aff8: receive RaftClientReply:client-05DA20D107F8->b461a7b0-028a-4eb5-b268-b89ac225aff8@group-0C8C0AA7542A, cid=2354, SUCCESS, logIndex=3488, commits[b461a7b0-028a-4eb5-b268-b89ac225aff8:c3488, b6ff45f5-67b8-463b-a273-c2e7d9dadd75:c3484, 6a5cb75f-f7eb-4671-9a85-3b6f7898f6cc:c3484]
2019-08-28 21:29:51,575 | INFO  | DNAudit | user=null | ip=null | op=WRITE_CHUNK {blockData=conID: 1 locID: 102696733345448515 bcsId: 0} | ret=SUCCESS |  
2019-08-28 21:29:51,575 | INFO  | DNAudit | user=null | ip=null | op=WRITE_CHUNK {blockData=conID: 1 locID: 102696733345448515 bcsId: 0} | ret=SUCCESS |  
2019-08-28 21:29:51,575 | INFO  | DNAudit | user=null | ip=null | op=PUT_BLOCK {blockData=[blockId=conID: 1 locID: 102696733345448515 bcsId: 0,size=1048576]} | ret=SUCCESS |  
2019-08-28 21:29:51,588 | INFO  | DNAudit | user=null | ip=null | op=WRITE_CHUNK {blockData=conID: 1 locID: 102696733345448515 bcsId: 0} | ret=SUCCESS |  
2019-08-28 21:29:51,588 | INFO  | DNAudit | user=null | ip=null | op=PUT_BLOCK {blockData=[blockId=conID: 1 locID: 102696733345448515 bcsId: 0,size=1048576]} | ret=SUCCESS |  
2019-08-28 21:29:51,588 | INFO  | DNAudit | user=null | ip=null | op=PUT_BLOCK {blockData=[blockId=conID: 1 locID: 102696733345448515 bcsId: 0,size=2097152]} | ret=SUCCESS |  
2019-08-28 21:29:51,588 | INFO  | DNAudit | user=null | ip=null | op=WRITE_CHUNK {blockData=conID: 1 locID: 102696733345448515 bcsId: 0} | ret=SUCCESS |  
2019-08-28 21:29:51,588 | INFO  | DNAudit | user=null | ip=null | op=PUT_BLOCK {blockData=[blockId=conID: 1 locID: 102696733345448515 bcsId: 0,size=2097152]} | ret=SUCCESS |  
2019-08-28 21:29:51,589 [grpc-default-executor-3] INFO  client.GrpcClientProtocolClient (GrpcClientProtocolClient.java:onNext(255)) - client-05DA20D107F8->b461a7b0-028a-4eb5-b268-b89ac225aff8: receive RaftClientReply:client-05DA20D107F8->b461a7b0-028a-4eb5-b268-b89ac225aff8@group-0C8C0AA7542A, cid=2355, SUCCESS, logIndex=0, commits[b461a7b0-028a-4eb5-b268-b89ac225aff8:c3491, b6ff45f5-67b8-463b-a273-c2e7d9dadd75:c3488, 6a5cb75f-f7eb-4671-9a85-3b6f7898f6cc:c3486]
2019-08-28 21:29:51,600 | INFO  | DNAudit | user=null | ip=null | op=WRITE_CHUNK {blockData=conID: 1 locID: 102696733345448515 bcsId: 3488} | ret=SUCCESS |  
2019-08-28 21:29:51,603 | INFO  | DNAudit | user=null | ip=null | op=WRITE_CHUNK {blockData=conID: 1 locID: 102696733345448515 bcsId: 3488} | ret=SUCCESS |  
2019-08-28 21:29:51,604 | INFO  | DNAudit | user=null | ip=null | op=WRITE_CHUNK {blockData=conID: 1 locID: 102696733345448515 bcsId: 3488} | ret=SUCCESS |  
2019-08-28 21:29:51,628 | INFO  | DNAudit | user=null | ip=null | op=WRITE_CHUNK {blockData=conID: 1 locID: 102696733345448515 bcsId: 3488} | ret=SUCCESS |  
2019-08-28 21:29:51,628 | INFO  | DNAudit | user=null | ip=null | op=PUT_BLOCK {blockData=[blockId=conID: 1 locID: 102696733345448515 bcsId: 0,size=3145728]} | ret=SUCCESS |  
2019-08-28 21:29:51,629 [grpc-default-executor-6] INFO  client.GrpcClientProtocolClient (GrpcClientProtocolClient.java:onNext(255)) - client-05DA20D107F8->b461a7b0-028a-4eb5-b268-b89ac225aff8: receive RaftClientReply:client-05DA20D107F8->b461a7b0-028a-4eb5-b268-b89ac225aff8@group-0C8C0AA7542A, cid=2356, SUCCESS, logIndex=3492, commits[b461a7b0-028a-4eb5-b268-b89ac225aff8:c3493, b6ff45f5-67b8-463b-a273-c2e7d9dadd75:c3491, 6a5cb75f-f7eb-4671-9a85-3b6f7898f6cc:c3491]
2019-08-28 21:29:51,630 [grpc-default-executor-6] INFO  client.GrpcClientProtocolClient (GrpcClientProtocolClient.java:onNext(255)) - client-05DA20D107F8->b461a7b0-028a-4eb5-b268-b89ac225aff8: receive RaftClientReply:client-05DA20D107F8->b461a7b0-028a-4eb5-b268-b89ac225aff8@group-0C8C0AA7542A, cid=2357, SUCCESS, logIndex=3493, commits[b461a7b0-028a-4eb5-b268-b89ac225aff8:c3493, b6ff45f5-67b8-463b-a273-c2e7d9dadd75:c3491, 6a5cb75f-f7eb-4671-9a85-3b6f7898f6cc:c3491]
2019-08-28 21:29:51,638 | INFO  | SCMAudit | user=jenkins1000 | ip=192.168.36.107 | op=SEND_HEARTBEAT {datanodeUUID=af4986ea-80d8-4c92-96d2-2b3929a4248a, command=[]} | ret=SUCCESS |  
2019-08-28 21:29:51,638 | INFO  | SCMAudit | user=jenkins1000 | ip=192.168.36.107 | op=SEND_HEARTBEAT {datanodeUUID=68f89a68-6a96-4cde-8528-8617611d459d, command=[]} | ret=SUCCESS |  
2019-08-28 21:29:51,638 | INFO  | SCMAudit | user=jenkins1000 | ip=192.168.36.107 | op=SEND_HEARTBEAT {datanodeUUID=6a5cb75f-f7eb-4671-9a85-3b6f7898f6cc, command=[]} | ret=SUCCESS |  
2019-08-28 21:29:51,639 | INFO  | SCMAudit | user=jenkins1000 | ip=192.168.36.107 | op=SEND_HEARTBEAT {datanodeUUID=b461a7b0-028a-4eb5-b268-b89ac225aff8, command=[]} | ret=SUCCESS |  
2019-08-28 21:29:51,639 | INFO  | SCMAudit | user=jenkins1000 | ip=192.168.36.107 | op=SEND_HEARTBEAT {datanodeUUID=b6ff45f5-67b8-463b-a273-c2e7d9dadd75, command=[]} | ret=SUCCESS |  
 0.00% |█                                                                                                    |  0/1 Time: 0:00:272019-08-28 21:29:51,643 | INFO  | DNAudit | user=null | ip=null | op=WRITE_CHUNK {blockData=conID: 1 locID: 102696733345448515 bcsId: 3488} | ret=SUCCESS |  
2019-08-28 21:29:51,643 | INFO  | DNAudit | user=null | ip=null | op=WRITE_CHUNK {blockData=conID: 1 locID: 102696733345448515 bcsId: 3488} | ret=SUCCESS |  
2019-08-28 21:29:51,643 | INFO  | DNAudit | user=null | ip=null | op=PUT_BLOCK {blockData=[blockId=conID: 1 locID: 102696733345448515 bcsId: 0,size=3145728]} | ret=SUCCESS |  
2019-08-28 21:29:51,643 | INFO  | DNAudit | user=null | ip=null | op=PUT_BLOCK {blockData=[blockId=conID: 1 locID: 102696733345448515 bcsId: 0,size=3145728]} | ret=SUCCESS |  
2019-08-28 21:29:51,643 | INFO  | DNAudit | user=null | ip=null | op=WRITE_CHUNK {blockData=conID: 1 locID: 102696733345448515 bcsId: 3493} | ret=SUCCESS |  
2019-08-28 21:29:51,646 | INFO  | DNAudit | user=null | ip=null | op=WRITE_CHUNK {blockData=conID: 1 locID: 102696733345448515 bcsId: 3493} | ret=SUCCESS |  
2019-08-28 21:29:51,646 | INFO  | DNAudit | user=null | ip=null | op=WRITE_CHUNK {blockData=conID: 1 locID: 102696733345448515 bcsId: 3493} | ret=SUCCESS |  
2019-08-28 21:29:51,687 | INFO  | DNAudit | user=null | ip=null | op=WRITE_CHUNK {blockData=conID: 1 locID: 102696733345448515 bcsId: 3493} | ret=SUCCESS |  
2019-08-28 21:29:51,687 | INFO  | DNAudit | user=null | ip=null | op=PUT_BLOCK {blockData=[blockId=conID: 1 locID: 102696733345448515 bcsId: 0,size=4194304]} | ret=SUCCESS |  
2019-08-28 21:29:51,688 [grpc-default-executor-1] INFO  client.GrpcClientProtocolClient (GrpcClientProtocolClient.java:onNext(255)) - client-05DA20D107F8->b461a7b0-028a-4eb5-b268-b89ac225aff8: receive RaftClientReply:client-05DA20D107F8->b461a7b0-028a-4eb5-b268-b89ac225aff8@group-0C8C0AA7542A, cid=2358, SUCCESS, logIndex=3496, commits[b461a7b0-028a-4eb5-b268-b89ac225aff8:c3497, b6ff45f5-67b8-463b-a273-c2e7d9dadd75:c3493, 6a5cb75f-f7eb-4671-9a85-3b6f7898f6cc:c3493]
2019-08-28 21:29:51,688 [grpc-default-executor-1] INFO  client.GrpcClientProtocolClient (GrpcClientProtocolClient.java:onNext(255)) - client-05DA20D107F8->b461a7b0-028a-4eb5-b268-b89ac225aff8: receive RaftClientReply:client-05DA20D107F8->b461a7b0-028a-4eb5-b268-b89ac225aff8@group-0C8C0AA7542A, cid=2359, SUCCESS, logIndex=3497, commits[b461a7b0-028a-4eb5-b268-b89ac225aff8:c3497, b6ff45f5-67b8-463b-a273-c2e7d9dadd75:c3493, 6a5cb75f-f7eb-4671-9a85-3b6f7898f6cc:c3493]
2019-08-28 21:29:51,700 | INFO  | DNAudit | user=null | ip=null | op=WRITE_CHUNK {blockData=conID: 1 locID: 102696733345448515 bcsId: 3493} | ret=SUCCESS |  
2019-08-28 21:29:51,700 | INFO  | DNAudit | user=null | ip=null | op=WRITE_CHUNK {blockData=conID: 1 locID: 102696733345448515 bcsId: 3493} | ret=SUCCESS |  
2019-08-28 21:29:51,700 | INFO  | DNAudit | user=null | ip=null | op=PUT_BLOCK {blockData=[blockId=conID: 1 locID: 102696733345448515 bcsId: 0,size=4194304]} | ret=SUCCESS |  
2019-08-28 21:29:51,701 | INFO  | DNAudit | user=null | ip=null | op=PUT_BLOCK {blockData=[blockId=conID: 1 locID: 102696733345448515 bcsId: 0,size=4194304]} | ret=SUCCESS |  
2019-08-28 21:29:51,702 [grpc-default-executor-1] INFO  client.GrpcClientProtocolClient (GrpcClientProtocolClient.java:onNext(255)) - client-05DA20D107F8->b461a7b0-028a-4eb5-b268-b89ac225aff8: receive RaftClientReply:client-05DA20D107F8->b461a7b0-028a-4eb5-b268-b89ac225aff8@group-0C8C0AA7542A, cid=2360, SUCCESS, logIndex=0, commits[b461a7b0-028a-4eb5-b268-b89ac225aff8:c3498, b6ff45f5-67b8-463b-a273-c2e7d9dadd75:c3497, 6a5cb75f-f7eb-4671-9a85-3b6f7898f6cc:c3497]
2019-08-28 21:29:51,709 | INFO  | SCMAudit | user=jenkins1000 | ip=127.0.0.1 | op=ALLOCATE_BLOCK {owner=a0140aad-a474-4492-a39d-25bd6167d9f0, size=4194304, type=RATIS, factor=THREE} | ret=SUCCESS |  
2019-08-28 21:29:51,713 | INFO  | OMAudit | user=jenkins1000 | ip=127.0.0.1 | op=ALLOCATE_BLOCK {volume=vol-0-08922, bucket=bucket-0-29862, key=key-0-31337, dataSize=0, replicationType=null, replicationFactor=null, keyLocationInfo=null, clientID=102696731548516754} | ret=SUCCESS |  
2019-08-28 21:29:51,725 | INFO  | DNAudit | user=null | ip=null | op=WRITE_CHUNK {blockData=conID: 2 locID: 102696733357441604 bcsId: 0} | ret=SUCCESS |  
2019-08-28 21:29:51,730 | INFO  | DNAudit | user=null | ip=null | op=WRITE_CHUNK {blockData=conID: 2 locID: 102696733357441604 bcsId: 0} | ret=SUCCESS |  
2019-08-28 21:29:51,730 | INFO  | DNAudit | user=null | ip=null | op=WRITE_CHUNK {blockData=conID: 2 locID: 102696733357441604 bcsId: 0} | ret=SUCCESS |  
2019-08-28 21:29:51,732 | INFO  | DNAudit | user=null | ip=null | op=WRITE_CHUNK {blockData=conID: 2 locID: 102696733357441604 bcsId: 0} | ret=SUCCESS |  
2019-08-28 21:29:51,735 | INFO  | DNAudit | user=null | ip=null | op=WRITE_CHUNK {blockData=conID: 2 locID: 102696733357441604 bcsId: 0} | ret=SUCCESS |  
2019-08-28 21:29:51,735 | INFO  | DNAudit | user=null | ip=null | op=WRITE_CHUNK {blockData=conID: 2 locID: 102696733357441604 bcsId: 0} | ret=SUCCESS |  
2019-08-28 21:29:51,745 | INFO  | DNAudit | user=null | ip=null | op=WRITE_CHUNK {blockData=conID: 2 locID: 102696733357441604 bcsId: 0} | ret=SUCCESS |  
2019-08-28 21:29:51,746 | INFO  | DNAudit | user=null | ip=null | op=PUT_BLOCK {blockData=[blockId=conID: 2 locID: 102696733357441604 bcsId: 0,size=1048576]} | ret=SUCCESS |  
2019-08-28 21:29:51,746 [grpc-default-executor-6] INFO  client.GrpcClientProtocolClient (GrpcClientProtocolClient.java:onNext(255)) - client-05DA20D107F8->b461a7b0-028a-4eb5-b268-b89ac225aff8: receive RaftClientReply:client-05DA20D107F8->b461a7b0-028a-4eb5-b268-b89ac225aff8@group-0C8C0AA7542A, cid=2361, SUCCESS, logIndex=3500, commits[b461a7b0-028a-4eb5-b268-b89ac225aff8:c3501, b6ff45f5-67b8-463b-a273-c2e7d9dadd75:c3499, 6a5cb75f-f7eb-4671-9a85-3b6f7898f6cc:c3497]
2019-08-28 21:29:51,747 [grpc-default-executor-6] INFO  client.GrpcClientProtocolClient (GrpcClientProtocolClient.java:onNext(255)) - client-05DA20D107F8->b461a7b0-028a-4eb5-b268-b89ac225aff8: receive RaftClientReply:client-05DA20D107F8->b461a7b0-028a-4eb5-b268-b89ac225aff8@group-0C8C0AA7542A, cid=2362, SUCCESS, logIndex=3501, commits[b461a7b0-028a-4eb5-b268-b89ac225aff8:c3501, b6ff45f5-67b8-463b-a273-c2e7d9dadd75:c3499, 6a5cb75f-f7eb-4671-9a85-3b6f7898f6cc:c3499]
2019-08-28 21:29:51,768 | INFO  | DNAudit | user=null | ip=null | op=WRITE_CHUNK {blockData=conID: 2 locID: 102696733357441604 bcsId: 0} | ret=SUCCESS |  
2019-08-28 21:29:51,768 | INFO  | DNAudit | user=null | ip=null | op=PUT_BLOCK {blockData=[blockId=conID: 2 locID: 102696733357441604 bcsId: 0,size=2097152]} | ret=SUCCESS |  
2019-08-28 21:29:51,769 [grpc-default-executor-3] INFO  client.GrpcClientProtocolClient (GrpcClientProtocolClient.java:onNext(255)) - client-05DA20D107F8->b461a7b0-028a-4eb5-b268-b89ac225aff8: receive RaftClientReply:client-05DA20D107F8->b461a7b0-028a-4eb5-b268-b89ac225aff8@group-0C8C0AA7542A, cid=2363, SUCCESS, logIndex=3502, commits[b461a7b0-028a-4eb5-b268-b89ac225aff8:c3503, b6ff45f5-67b8-463b-a273-c2e7d9dadd75:c3499, 6a5cb75f-f7eb-4671-9a85-3b6f7898f6cc:c3499]
2019-08-28 21:29:51,769 [grpc-default-executor-3] INFO  client.GrpcClientProtocolClient (GrpcClientProtocolClient.java:onNext(255)) - client-05DA20D107F8->b461a7b0-028a-4eb5-b268-b89ac225aff8: receive RaftClientReply:client-05DA20D107F8->b461a7b0-028a-4eb5-b268-b89ac225aff8@group-0C8C0AA7542A, cid=2364, SUCCESS, logIndex=3503, commits[b461a7b0-028a-4eb5-b268-b89ac225aff8:c3503, b6ff45f5-67b8-463b-a273-c2e7d9dadd75:c3499, 6a5cb75f-f7eb-4671-9a85-3b6f7898f6cc:c3499]
2019-08-28 21:29:51,774 | INFO  | DNAudit | user=null | ip=null | op=WRITE_CHUNK {blockData=conID: 2 locID: 102696733357441604 bcsId: 0} | ret=SUCCESS |  
2019-08-28 21:29:51,774 | INFO  | DNAudit | user=null | ip=null | op=PUT_BLOCK {blockData=[blockId=conID: 2 locID: 102696733357441604 bcsId: 0,size=1048576]} | ret=SUCCESS |  
2019-08-28 21:29:51,776 | INFO  | DNAudit | user=null | ip=null | op=WRITE_CHUNK {blockData=conID: 2 locID: 102696733357441604 bcsId: 0} | ret=SUCCESS |  
2019-08-28 21:29:51,776 | INFO  | DNAudit | user=null | ip=null | op=PUT_BLOCK {blockData=[blockId=conID: 2 locID: 102696733357441604 bcsId: 0,size=1048576]} | ret=SUCCESS |  
2019-08-28 21:29:51,777 [grpc-default-executor-3] INFO  client.GrpcClientProtocolClient (GrpcClientProtocolClient.java:onNext(255)) - client-05DA20D107F8->b461a7b0-028a-4eb5-b268-b89ac225aff8: receive RaftClientReply:client-05DA20D107F8->b461a7b0-028a-4eb5-b268-b89ac225aff8@group-0C8C0AA7542A, cid=2365, SUCCESS, logIndex=0, commits[b461a7b0-028a-4eb5-b268-b89ac225aff8:c3505, b6ff45f5-67b8-463b-a273-c2e7d9dadd75:c3501, 6a5cb75f-f7eb-4671-9a85-3b6f7898f6cc:c3501]
2019-08-28 21:29:51,787 | INFO  | DNAudit | user=null | ip=null | op=WRITE_CHUNK {blockData=conID: 2 locID: 102696733357441604 bcsId: 0} | ret=SUCCESS |  
2019-08-28 21:29:51,787 | INFO  | DNAudit | user=null | ip=null | op=PUT_BLOCK {blockData=[blockId=conID: 2 locID: 102696733357441604 bcsId: 0,size=2097152]} | ret=SUCCESS |  
2019-08-28 21:29:51,788 | INFO  | DNAudit | user=null | ip=null | op=WRITE_CHUNK {blockData=conID: 2 locID: 102696733357441604 bcsId: 3503} | ret=SUCCESS |  
2019-08-28 21:29:51,789 | INFO  | DNAudit | user=null | ip=null | op=WRITE_CHUNK {blockData=conID: 2 locID: 102696733357441604 bcsId: 0} | ret=SUCCESS |  
2019-08-28 21:29:51,789 | INFO  | DNAudit | user=null | ip=null | op=PUT_BLOCK {blockData=[blockId=conID: 2 locID: 102696733357441604 bcsId: 0,size=2097152]} | ret=SUCCESS |  
2019-08-28 21:29:51,791 | INFO  | DNAudit | user=null | ip=null | op=WRITE_CHUNK {blockData=conID: 2 locID: 102696733357441604 bcsId: 3503} | ret=SUCCESS |  
2019-08-28 21:29:51,792 | INFO  | DNAudit | user=null | ip=null | op=WRITE_CHUNK {blockData=conID: 2 locID: 102696733357441604 bcsId: 3503} | ret=SUCCESS |  
2019-08-28 21:29:51,818 | INFO  | DNAudit | user=null | ip=null | op=WRITE_CHUNK {blockData=conID: 2 locID: 102696733357441604 bcsId: 3503} | ret=SUCCESS |  
2019-08-28 21:29:51,819 | INFO  | DNAudit | user=null | ip=null | op=PUT_BLOCK {blockData=[blockId=conID: 2 locID: 102696733357441604 bcsId: 0,size=3145728]} | ret=SUCCESS |  
2019-08-28 21:29:51,820 [grpc-default-executor-1] INFO  client.GrpcClientProtocolClient (GrpcClientProtocolClient.java:onNext(255)) - client-05DA20D107F8->b461a7b0-028a-4eb5-b268-b89ac225aff8: receive RaftClientReply:client-05DA20D107F8->b461a7b0-028a-4eb5-b268-b89ac225aff8@group-0C8C0AA7542A, cid=2366, SUCCESS, logIndex=3508, commits[b461a7b0-028a-4eb5-b268-b89ac225aff8:c3509, b6ff45f5-67b8-463b-a273-c2e7d9dadd75:c3505, 6a5cb75f-f7eb-4671-9a85-3b6f7898f6cc:c3505]
2019-08-28 21:29:51,820 [grpc-default-executor-1] INFO  client.GrpcClientProtocolClient (GrpcClientProtocolClient.java:onNext(255)) - client-05DA20D107F8->b461a7b0-028a-4eb5-b268-b89ac225aff8: receive RaftClientReply:client-05DA20D107F8->b461a7b0-028a-4eb5-b268-b89ac225aff8@group-0C8C0AA7542A, cid=2367, SUCCESS, logIndex=3509, commits[b461a7b0-028a-4eb5-b268-b89ac225aff8:c3509, b6ff45f5-67b8-463b-a273-c2e7d9dadd75:c3505, 6a5cb75f-f7eb-4671-9a85-3b6f7898f6cc:c3505]
2019-08-28 21:29:51,830 | INFO  | DNAudit | user=null | ip=null | op=WRITE_CHUNK {blockData=conID: 2 locID: 102696733357441604 bcsId: 3503} | ret=SUCCESS |  
2019-08-28 21:29:51,830 | INFO  | DNAudit | user=null | ip=null | op=WRITE_CHUNK {blockData=conID: 2 locID: 102696733357441604 bcsId: 3503} | ret=SUCCESS |  
2019-08-28 21:29:51,832 | INFO  | DNAudit | user=null | ip=null | op=WRITE_CHUNK {blockData=conID: 2 locID: 102696733357441604 bcsId: 3509} | ret=SUCCESS |  
2019-08-28 21:29:51,835 | INFO  | DNAudit | user=null | ip=null | op=WRITE_CHUNK {blockData=conID: 2 locID: 102696733357441604 bcsId: 3509} | ret=SUCCESS |  
2019-08-28 21:29:51,835 | INFO  | DNAudit | user=null | ip=null | op=WRITE_CHUNK {blockData=conID: 2 locID: 102696733357441604 bcsId: 3509} | ret=SUCCESS |  
2019-08-28 21:29:51,845 | INFO  | DNAudit | user=null | ip=null | op=PUT_BLOCK {blockData=[blockId=conID: 2 locID: 102696733357441604 bcsId: 0,size=3145728]} | ret=SUCCESS |  
2019-08-28 21:29:51,845 | INFO  | DNAudit | user=null | ip=null | op=PUT_BLOCK {blockData=[blockId=conID: 2 locID: 102696733357441604 bcsId: 0,size=3145728]} | ret=SUCCESS |  
2019-08-28 21:29:51,859 | INFO  | DNAudit | user=null | ip=null | op=WRITE_CHUNK {blockData=conID: 2 locID: 102696733357441604 bcsId: 3509} | ret=SUCCESS |  
2019-08-28 21:29:51,860 | INFO  | DNAudit | user=null | ip=null | op=PUT_BLOCK {blockData=[blockId=conID: 2 locID: 102696733357441604 bcsId: 0,size=4194304]} | ret=SUCCESS |  
2019-08-28 21:29:51,860 [grpc-default-executor-1] INFO  client.GrpcClientProtocolClient (GrpcClientProtocolClient.java:onNext(255)) - client-05DA20D107F8->b461a7b0-028a-4eb5-b268-b89ac225aff8: receive RaftClientReply:client-05DA20D107F8->b461a7b0-028a-4eb5-b268-b89ac225aff8@group-0C8C0AA7542A, cid=2368, SUCCESS, logIndex=3512, commits[b461a7b0-028a-4eb5-b268-b89ac225aff8:c3513, b6ff45f5-67b8-463b-a273-c2e7d9dadd75:c3509, 6a5cb75f-f7eb-4671-9a85-3b6f7898f6cc:c3509]
2019-08-28 21:29:51,861 [grpc-default-executor-1] INFO  client.GrpcClientProtocolClient (GrpcClientProtocolClient.java:onNext(255)) - client-05DA20D107F8->b461a7b0-028a-4eb5-b268-b89ac225aff8: receive RaftClientReply:client-05DA20D107F8->b461a7b0-028a-4eb5-b268-b89ac225aff8@group-0C8C0AA7542A, cid=2369, SUCCESS, logIndex=3513, commits[b461a7b0-028a-4eb5-b268-b89ac225aff8:c3513, b6ff45f5-67b8-463b-a273-c2e7d9dadd75:c3509, 6a5cb75f-f7eb-4671-9a85-3b6f7898f6cc:c3509]
2019-08-28 21:29:51,876 | INFO  | DNAudit | user=null | ip=null | op=WRITE_CHUNK {blockData=conID: 2 locID: 102696733357441604 bcsId: 3509} | ret=SUCCESS |  
2019-08-28 21:29:51,877 | INFO  | DNAudit | user=null | ip=null | op=WRITE_CHUNK {blockData=conID: 2 locID: 102696733357441604 bcsId: 3509} | ret=SUCCESS |  
2019-08-28 21:29:51,877 | INFO  | DNAudit | user=null | ip=null | op=PUT_BLOCK {blockData=[blockId=conID: 2 locID: 102696733357441604 bcsId: 0,size=4194304]} | ret=SUCCESS |  
2019-08-28 21:29:51,879 | INFO  | DNAudit | user=null | ip=null | op=PUT_BLOCK {blockData=[blockId=conID: 2 locID: 102696733357441604 bcsId: 0,size=4194304]} | ret=SUCCESS |  
2019-08-28 21:29:51,880 [grpc-default-executor-1] INFO  client.GrpcClientProtocolClient (GrpcClientProtocolClient.java:onNext(255)) - client-05DA20D107F8->b461a7b0-028a-4eb5-b268-b89ac225aff8: receive RaftClientReply:client-05DA20D107F8->b461a7b0-028a-4eb5-b268-b89ac225aff8@group-0C8C0AA7542A, cid=2370, SUCCESS, logIndex=0, commits[b461a7b0-028a-4eb5-b268-b89ac225aff8:c3514, b6ff45f5-67b8-463b-a273-c2e7d9dadd75:c3513, 6a5cb75f-f7eb-4671-9a85-3b6f7898f6cc:c3513]
2019-08-28 21:29:51,887 | INFO  | SCMAudit | user=jenkins1000 | ip=127.0.0.1 | op=ALLOCATE_BLOCK {owner=a0140aad-a474-4492-a39d-25bd6167d9f0, size=4194304, type=RATIS, factor=THREE} | ret=SUCCESS |  
2019-08-28 21:29:51,891 | INFO  | OMAudit | user=jenkins1000 | ip=127.0.0.1 | op=ALLOCATE_BLOCK {volume=vol-0-08922, bucket=bucket-0-29862, key=key-0-31337, dataSize=0, replicationType=null, replicationFactor=null, keyLocationInfo=null, clientID=102696731548516754} | ret=SUCCESS |  
2019-08-28 21:29:51,901 | INFO  | DNAudit | user=null | ip=null | op=WRITE_CHUNK {blockData=conID: 3 locID: 102696733369107013 bcsId: 0} | ret=SUCCESS |  
2019-08-28 21:29:51,905 | INFO  | DNAudit | user=null | ip=null | op=WRITE_CHUNK {blockData=conID: 3 locID: 102696733369107013 bcsId: 0} | ret=SUCCESS |  
2019-08-28 21:29:51,905 | INFO  | DNAudit | user=null | ip=null | op=WRITE_CHUNK {blockData=conID: 3 locID: 102696733369107013 bcsId: 0} | ret=SUCCESS |  
2019-08-28 21:29:51,906 | INFO  | DNAudit | user=null | ip=null | op=WRITE_CHUNK {blockData=conID: 3 locID: 102696733369107013 bcsId: 0} | ret=SUCCESS |  
2019-08-28 21:29:51,909 | INFO  | DNAudit | user=null | ip=null | op=WRITE_CHUNK {blockData=conID: 3 locID: 102696733369107013 bcsId: 0} | ret=SUCCESS |  
2019-08-28 21:29:51,909 | INFO  | DNAudit | user=null | ip=null | op=WRITE_CHUNK {blockData=conID: 3 locID: 102696733369107013 bcsId: 0} | ret=SUCCESS |  
2019-08-28 21:29:51,927 | INFO  | DNAudit | user=null | ip=null | op=WRITE_CHUNK {blockData=conID: 3 locID: 102696733369107013 bcsId: 0} | ret=SUCCESS |  
2019-08-28 21:29:51,929 | INFO  | DNAudit | user=null | ip=null | op=PUT_BLOCK {blockData=[blockId=conID: 3 locID: 102696733369107013 bcsId: 0,size=1048576]} | ret=SUCCESS |  
2019-08-28 21:29:51,929 [grpc-default-executor-6] INFO  client.GrpcClientProtocolClient (GrpcClientProtocolClient.java:onNext(255)) - client-05DA20D107F8->b461a7b0-028a-4eb5-b268-b89ac225aff8: receive RaftClientReply:client-05DA20D107F8->b461a7b0-028a-4eb5-b268-b89ac225aff8@group-0C8C0AA7542A, cid=2371, SUCCESS, logIndex=3516, commits[b461a7b0-028a-4eb5-b268-b89ac225aff8:c3516, b6ff45f5-67b8-463b-a273-c2e7d9dadd75:c3515, 6a5cb75f-f7eb-4671-9a85-3b6f7898f6cc:c3515]
2019-08-28 21:29:51,930 [grpc-default-executor-6] INFO  client.GrpcClientProtocolClient (GrpcClientProtocolClient.java:onNext(255)) - client-05DA20D107F8->b461a7b0-028a-4eb5-b268-b89ac225aff8: receive RaftClientReply:client-05DA20D107F8->b461a7b0-028a-4eb5-b268-b89ac225aff8@group-0C8C0AA7542A, cid=2372, SUCCESS, logIndex=3517, commits[b461a7b0-028a-4eb5-b268-b89ac225aff8:c3517, b6ff45f5-67b8-463b-a273-c2e7d9dadd75:c3515, 6a5cb75f-f7eb-4671-9a85-3b6f7898f6cc:c3515]
2019-08-28 21:29:51,941 | INFO  | DNAudit | user=null | ip=null | op=WRITE_CHUNK {blockData=conID: 3 locID: 102696733369107013 bcsId: 0} | ret=SUCCESS |  
2019-08-28 21:29:51,941 | INFO  | DNAudit | user=null | ip=null | op=WRITE_CHUNK {blockData=conID: 3 locID: 102696733369107013 bcsId: 0} | ret=SUCCESS |  
2019-08-28 21:29:51,941 | INFO  | DNAudit | user=null | ip=null | op=WRITE_CHUNK {blockData=conID: 3 locID: 102696733369107013 bcsId: 0} | ret=SUCCESS |  
2019-08-28 21:29:51,941 | INFO  | DNAudit | user=null | ip=null | op=PUT_BLOCK {blockData=[blockId=conID: 3 locID: 102696733369107013 bcsId: 0,size=2097152]} | ret=SUCCESS |  
2019-08-28 21:29:51,942 [grpc-default-executor-6] INFO  client.GrpcClientProtocolClient (GrpcClientProtocolClient.java:onNext(255)) - client-05DA20D107F8->b461a7b0-028a-4eb5-b268-b89ac225aff8: receive RaftClientReply:client-05DA20D107F8->b461a7b0-028a-4eb5-b268-b89ac225aff8@group-0C8C0AA7542A, cid=2373, SUCCESS, logIndex=3518, commits[b461a7b0-028a-4eb5-b268-b89ac225aff8:c3518, b6ff45f5-67b8-463b-a273-c2e7d9dadd75:c3515, 6a5cb75f-f7eb-4671-9a85-3b6f7898f6cc:c3515]
2019-08-28 21:29:51,942 [grpc-default-executor-6] INFO  client.GrpcClientProtocolClient (GrpcClientProtocolClient.java:onNext(255)) - client-05DA20D107F8->b461a7b0-028a-4eb5-b268-b89ac225aff8: receive RaftClientReply:client-05DA20D107F8->b461a7b0-028a-4eb5-b268-b89ac225aff8@group-0C8C0AA7542A, cid=2374, SUCCESS, logIndex=3519, commits[b461a7b0-028a-4eb5-b268-b89ac225aff8:c3520, b6ff45f5-67b8-463b-a273-c2e7d9dadd75:c3516, 6a5cb75f-f7eb-4671-9a85-3b6f7898f6cc:c3515]
2019-08-28 21:29:51,950 | INFO  | DNAudit | user=null | ip=null | op=PUT_BLOCK {blockData=[blockId=conID: 3 locID: 102696733369107013 bcsId: 0,size=1048576]} | ret=SUCCESS |  
2019-08-28 21:29:51,951 | INFO  | DNAudit | user=null | ip=null | op=PUT_BLOCK {blockData=[blockId=conID: 3 locID: 102696733369107013 bcsId: 0,size=1048576]} | ret=SUCCESS |  
2019-08-28 21:29:51,952 | INFO  | DNAudit | user=null | ip=null | op=WRITE_CHUNK {blockData=conID: 3 locID: 102696733369107013 bcsId: 0} | ret=SUCCESS |  
2019-08-28 21:29:51,952 | INFO  | DNAudit | user=null | ip=null | op=PUT_BLOCK {blockData=[blockId=conID: 3 locID: 102696733369107013 bcsId: 0,size=2097152]} | ret=SUCCESS |  
2019-08-28 21:29:51,952 [grpc-default-executor-6] INFO  client.GrpcClientProtocolClient (GrpcClientProtocolClient.java:onNext(255)) - client-05DA20D107F8->b461a7b0-028a-4eb5-b268-b89ac225aff8: receive RaftClientReply:client-05DA20D107F8->b461a7b0-028a-4eb5-b268-b89ac225aff8@group-0C8C0AA7542A, cid=2375, SUCCESS, logIndex=0, commits[b461a7b0-028a-4eb5-b268-b89ac225aff8:c3521, b6ff45f5-67b8-463b-a273-c2e7d9dadd75:c3517, 6a5cb75f-f7eb-4671-9a85-3b6f7898f6cc:c3517]
2019-08-28 21:29:51,960 | INFO  | DNAudit | user=null | ip=null | op=WRITE_CHUNK {blockData=conID: 3 locID: 102696733369107013 bcsId: 3519} | ret=SUCCESS |  
2019-08-28 21:29:51,961 | INFO  | DNAudit | user=null | ip=null | op=WRITE_CHUNK {blockData=conID: 3 locID: 102696733369107013 bcsId: 0} | ret=SUCCESS |  
2019-08-28 21:29:51,961 | INFO  | DNAudit | user=null | ip=null | op=PUT_BLOCK {blockData=[blockId=conID: 3 locID: 102696733369107013 bcsId: 0,size=2097152]} | ret=SUCCESS |  
2019-08-28 21:29:51,962 | INFO  | DNAudit | user=null | ip=null | op=WRITE_CHUNK {blockData=conID: 3 locID: 102696733369107013 bcsId: 3519} | ret=SUCCESS |  
2019-08-28 21:29:51,964 | INFO  | DNAudit | user=null | ip=null | op=WRITE_CHUNK {blockData=conID: 3 locID: 102696733369107013 bcsId: 3519} | ret=SUCCESS |  
2019-08-28 21:29:51,974 | INFO  | DNAudit | user=null | ip=null | op=WRITE_CHUNK {blockData=conID: 3 locID: 102696733369107013 bcsId: 3519} | ret=SUCCESS |  
2019-08-28 21:29:51,974 | INFO  | DNAudit | user=null | ip=null | op=PUT_BLOCK {blockData=[blockId=conID: 3 locID: 102696733369107013 bcsId: 0,size=3145728]} | ret=SUCCESS |  
2019-08-28 21:29:51,974 [grpc-default-executor-6] INFO  client.GrpcClientProtocolClient (GrpcClientProtocolClient.java:onNext(255)) - client-05DA20D107F8->b461a7b0-028a-4eb5-b268-b89ac225aff8: receive RaftClientReply:client-05DA20D107F8->b461a7b0-028a-4eb5-b268-b89ac225aff8@group-0C8C0AA7542A, cid=2376, SUCCESS, logIndex=3524, commits[b461a7b0-028a-4eb5-b268-b89ac225aff8:c3525, b6ff45f5-67b8-463b-a273-c2e7d9dadd75:c3522, 6a5cb75f-f7eb-4671-9a85-3b6f7898f6cc:c3522]
2019-08-28 21:29:51,975 [grpc-default-executor-6] INFO  client.GrpcClientProtocolClient (GrpcClientProtocolClient.java:onNext(255)) - client-05DA20D107F8->b461a7b0-028a-4eb5-b268-b89ac225aff8: receive RaftClientReply:client-05DA20D107F8->b461a7b0-028a-4eb5-b268-b89ac225aff8@group-0C8C0AA7542A, cid=2377, SUCCESS, logIndex=3525, commits[b461a7b0-028a-4eb5-b268-b89ac225aff8:c3525, b6ff45f5-67b8-463b-a273-c2e7d9dadd75:c3522, 6a5cb75f-f7eb-4671-9a85-3b6f7898f6cc:c3522]
2019-08-28 21:29:51,984 | INFO  | DNAudit | user=null | ip=null | op=WRITE_CHUNK {blockData=conID: 3 locID: 102696733369107013 bcsId: 3525} | ret=SUCCESS |  
2019-08-28 21:29:51,987 | INFO  | DNAudit | user=null | ip=null | op=WRITE_CHUNK {blockData=conID: 3 locID: 102696733369107013 bcsId: 3525} | ret=SUCCESS |  
2019-08-28 21:29:51,988 | INFO  | DNAudit | user=null | ip=null | op=WRITE_CHUNK {blockData=conID: 3 locID: 102696733369107013 bcsId: 3525} | ret=SUCCESS |  
2019-08-28 21:29:51,991 | INFO  | DNAudit | user=null | ip=null | op=WRITE_CHUNK {blockData=conID: 3 locID: 102696733369107013 bcsId: 3519} | ret=SUCCESS |  
2019-08-28 21:29:51,991 | INFO  | DNAudit | user=null | ip=null | op=WRITE_CHUNK {blockData=conID: 3 locID: 102696733369107013 bcsId: 3519} | ret=SUCCESS |  
2019-08-28 21:29:51,991 | INFO  | DNAudit | user=null | ip=null | op=PUT_BLOCK {blockData=[blockId=conID: 3 locID: 102696733369107013 bcsId: 0,size=3145728]} | ret=SUCCESS |  
2019-08-28 21:29:51,991 | INFO  | DNAudit | user=null | ip=null | op=PUT_BLOCK {blockData=[blockId=conID: 3 locID: 102696733369107013 bcsId: 0,size=3145728]} | ret=SUCCESS |  
2019-08-28 21:29:51,995 | INFO  | DNAudit | user=null | ip=null | op=WRITE_CHUNK {blockData=conID: 3 locID: 102696733369107013 bcsId: 3525} | ret=SUCCESS |  
2019-08-28 21:29:51,995 | INFO  | DNAudit | user=null | ip=null | op=PUT_BLOCK {blockData=[blockId=conID: 3 locID: 102696733369107013 bcsId: 0,size=4194304]} | ret=SUCCESS |  
2019-08-28 21:29:51,995 [grpc-default-executor-6] INFO  client.GrpcClientProtocolClient (GrpcClientProtocolClient.java:onNext(255)) - client-05DA20D107F8->b461a7b0-028a-4eb5-b268-b89ac225aff8: receive RaftClientReply:client-05DA20D107F8->b461a7b0-028a-4eb5-b268-b89ac225aff8@group-0C8C0AA7542A, cid=2378, SUCCESS, logIndex=3528, commits[b461a7b0-028a-4eb5-b268-b89ac225aff8:c3529, b6ff45f5-67b8-463b-a273-c2e7d9dadd75:c3525, 6a5cb75f-f7eb-4671-9a85-3b6f7898f6cc:c3525]
2019-08-28 21:29:51,996 [grpc-default-executor-6] INFO  client.GrpcClientProtocolClient (GrpcClientProtocolClient.java:onNext(255)) - client-05DA20D107F8->b461a7b0-028a-4eb5-b268-b89ac225aff8: receive RaftClientReply:client-05DA20D107F8->b461a7b0-028a-4eb5-b268-b89ac225aff8@group-0C8C0AA7542A, cid=2379, SUCCESS, logIndex=3529, commits[b461a7b0-028a-4eb5-b268-b89ac225aff8:c3529, b6ff45f5-67b8-463b-a273-c2e7d9dadd75:c3525, 6a5cb75f-f7eb-4671-9a85-3b6f7898f6cc:c3525]
2019-08-28 21:29:52,006 | INFO  | DNAudit | user=null | ip=null | op=WRITE_CHUNK {blockData=conID: 3 locID: 102696733369107013 bcsId: 3525} | ret=SUCCESS |  
2019-08-28 21:29:52,007 | INFO  | DNAudit | user=null | ip=null | op=WRITE_CHUNK {blockData=conID: 3 locID: 102696733369107013 bcsId: 3525} | ret=SUCCESS |  
2019-08-28 21:29:52,007 | INFO  | DNAudit | user=null | ip=null | op=PUT_BLOCK {blockData=[blockId=conID: 3 locID: 102696733369107013 bcsId: 0,size=4194304]} | ret=SUCCESS |  
2019-08-28 21:29:52,036 | INFO  | DNAudit | user=null | ip=null | op=PUT_BLOCK {blockData=[blockId=conID: 3 locID: 102696733369107013 bcsId: 0,size=4194304]} | ret=SUCCESS |  
2019-08-28 21:29:52,037 [grpc-default-executor-6] INFO  client.GrpcClientProtocolClient (GrpcClientProtocolClient.java:onNext(255)) - client-05DA20D107F8->b461a7b0-028a-4eb5-b268-b89ac225aff8: receive RaftClientReply:client-05DA20D107F8->b461a7b0-028a-4eb5-b268-b89ac225aff8@group-0C8C0AA7542A, cid=2380, SUCCESS, logIndex=0, commits[b461a7b0-028a-4eb5-b268-b89ac225aff8:c3530, b6ff45f5-67b8-463b-a273-c2e7d9dadd75:c3529, 6a5cb75f-f7eb-4671-9a85-3b6f7898f6cc:c3529]
2019-08-28 21:29:52,043 | INFO  | SCMAudit | user=jenkins1000 | ip=127.0.0.1 | op=ALLOCATE_BLOCK {owner=a0140aad-a474-4492-a39d-25bd6167d9f0, size=4194304, type=RATIS, factor=THREE} | ret=SUCCESS |  
2019-08-28 21:29:52,047 | INFO  | OMAudit | user=jenkins1000 | ip=127.0.0.1 | op=ALLOCATE_BLOCK {volume=vol-0-08922, bucket=bucket-0-29862, key=key-0-31337, dataSize=0, replicationType=null, replicationFactor=null, keyLocationInfo=null, clientID=102696731548516754} | ret=SUCCESS |  
2019-08-28 21:29:52,056 | INFO  | DNAudit | user=null | ip=null | op=WRITE_CHUNK {blockData=conID: 1 locID: 102696733379330630 bcsId: 0} | ret=SUCCESS |  
2019-08-28 21:29:52,059 | INFO  | DNAudit | user=null | ip=null | op=WRITE_CHUNK {blockData=conID: 1 locID: 102696733379330630 bcsId: 0} | ret=SUCCESS |  
2019-08-28 21:29:52,059 | INFO  | DNAudit | user=null | ip=null | op=WRITE_CHUNK {blockData=conID: 1 locID: 102696733379330630 bcsId: 0} | ret=SUCCESS |  
2019-08-28 21:29:52,062 | INFO  | DNAudit | user=null | ip=null | op=WRITE_CHUNK {blockData=conID: 1 locID: 102696733379330630 bcsId: 0} | ret=SUCCESS |  
2019-08-28 21:29:52,067 | INFO  | DNAudit | user=null | ip=null | op=WRITE_CHUNK {blockData=conID: 1 locID: 102696733379330630 bcsId: 0} | ret=SUCCESS |  
2019-08-28 21:29:52,069 | INFO  | DNAudit | user=null | ip=null | op=WRITE_CHUNK {blockData=conID: 1 locID: 102696733379330630 bcsId: 0} | ret=SUCCESS |  
2019-08-28 21:29:52,069 | INFO  | DNAudit | user=null | ip=null | op=WRITE_CHUNK {blockData=conID: 1 locID: 102696733379330630 bcsId: 0} | ret=SUCCESS |  
2019-08-28 21:29:52,070 | INFO  | DNAudit | user=null | ip=null | op=PUT_BLOCK {blockData=[blockId=conID: 1 locID: 102696733379330630 bcsId: 0,size=1048576]} | ret=SUCCESS |  
2019-08-28 21:29:52,070 | INFO  | DNAudit | user=null | ip=null | op=WRITE_CHUNK {blockData=conID: 1 locID: 102696733379330630 bcsId: 0} | ret=SUCCESS |  
2019-08-28 21:29:52,070 | INFO  | DNAudit | user=null | ip=null | op=WRITE_CHUNK {blockData=conID: 1 locID: 102696733379330630 bcsId: 0} | ret=SUCCESS |  
2019-08-28 21:29:52,071 | INFO  | DNAudit | user=null | ip=null | op=PUT_BLOCK {blockData=[blockId=conID: 1 locID: 102696733379330630 bcsId: 0,size=1048576]} | ret=SUCCESS |  
2019-08-28 21:29:52,071 | INFO  | DNAudit | user=null | ip=null | op=PUT_BLOCK {blockData=[blockId=conID: 1 locID: 102696733379330630 bcsId: 0,size=2097152]} | ret=SUCCESS |  
2019-08-28 21:29:52,071 [grpc-default-executor-5] INFO  client.GrpcClientProtocolClient (GrpcClientProtocolClient.java:onNext(255)) - client-05DA20D107F8->b461a7b0-028a-4eb5-b268-b89ac225aff8: receive RaftClientReply:client-05DA20D107F8->b461a7b0-028a-4eb5-b268-b89ac225aff8@group-0C8C0AA7542A, cid=2381, SUCCESS, logIndex=3532, commits[b461a7b0-028a-4eb5-b268-b89ac225aff8:c3533, b6ff45f5-67b8-463b-a273-c2e7d9dadd75:c3531, 6a5cb75f-f7eb-4671-9a85-3b6f7898f6cc:c3529]
2019-08-28 21:29:52,072 [grpc-default-executor-5] INFO  client.GrpcClientProtocolClient (GrpcClientProtocolClient.java:onNext(255)) - client-05DA20D107F8->b461a7b0-028a-4eb5-b268-b89ac225aff8: receive RaftClientReply:client-05DA20D107F8->b461a7b0-028a-4eb5-b268-b89ac225aff8@group-0C8C0AA7542A, cid=2382, SUCCESS, logIndex=3533, commits[b461a7b0-028a-4eb5-b268-b89ac225aff8:c3535, b6ff45f5-67b8-463b-a273-c2e7d9dadd75:c3531, 6a5cb75f-f7eb-4671-9a85-3b6f7898f6cc:c3531]
2019-08-28 21:29:52,072 [grpc-default-executor-5] INFO  client.GrpcClientProtocolClient (GrpcClientProtocolClient.java:onNext(255)) - client-05DA20D107F8->b461a7b0-028a-4eb5-b268-b89ac225aff8: receive RaftClientReply:client-05DA20D107F8->b461a7b0-028a-4eb5-b268-b89ac225aff8@group-0C8C0AA7542A, cid=2383, SUCCESS, logIndex=3534, commits[b461a7b0-028a-4eb5-b268-b89ac225aff8:c3535, b6ff45f5-67b8-463b-a273-c2e7d9dadd75:c3531, 6a5cb75f-f7eb-4671-9a85-3b6f7898f6cc:c3531]
2019-08-28 21:29:52,073 | INFO  | DNAudit | user=null | ip=null | op=WRITE_CHUNK {blockData=conID: 1 locID: 102696733379330630 bcsId: 0} | ret=SUCCESS |  
2019-08-28 21:29:52,073 | INFO  | DNAudit | user=null | ip=null | op=PUT_BLOCK {blockData=[blockId=conID: 1 locID: 102696733379330630 bcsId: 0,size=1048576]} | ret=SUCCESS |  
2019-08-28 21:29:52,073 [grpc-default-executor-3] INFO  client.GrpcClientProtocolClient (GrpcClientProtocolClient.java:onNext(255)) - client-05DA20D107F8->b461a7b0-028a-4eb5-b268-b89ac225aff8: receive RaftClientReply:client-05DA20D107F8->b461a7b0-028a-4eb5-b268-b89ac225aff8@group-0C8C0AA7542A, cid=2384, SUCCESS, logIndex=3535, commits[b461a7b0-028a-4eb5-b268-b89ac225aff8:c3536, b6ff45f5-67b8-463b-a273-c2e7d9dadd75:c3533, 6a5cb75f-f7eb-4671-9a85-3b6f7898f6cc:c3531]
2019-08-28 21:29:52,074 [grpc-default-executor-5] INFO  client.GrpcClientProtocolClient (GrpcClientProtocolClient.java:onNext(255)) - client-05DA20D107F8->b461a7b0-028a-4eb5-b268-b89ac225aff8: receive RaftClientReply:client-05DA20D107F8->b461a7b0-028a-4eb5-b268-b89ac225aff8@group-0C8C0AA7542A, cid=2385, SUCCESS, logIndex=0, commits[b461a7b0-028a-4eb5-b268-b89ac225aff8:c3537, b6ff45f5-67b8-463b-a273-c2e7d9dadd75:c3533, 6a5cb75f-f7eb-4671-9a85-3b6f7898f6cc:c3533]
2019-08-28 21:29:52,083 | INFO  | DNAudit | user=null | ip=null | op=WRITE_CHUNK {blockData=conID: 1 locID: 102696733379330630 bcsId: 3535} | ret=SUCCESS |  
2019-08-28 21:29:52,084 | INFO  | DNAudit | user=null | ip=null | op=WRITE_CHUNK {blockData=conID: 1 locID: 102696733379330630 bcsId: 0} | ret=SUCCESS |  
2019-08-28 21:29:52,084 | INFO  | DNAudit | user=null | ip=null | op=WRITE_CHUNK {blockData=conID: 1 locID: 102696733379330630 bcsId: 0} | ret=SUCCESS |  
2019-08-28 21:29:52,084 | INFO  | DNAudit | user=null | ip=null | op=PUT_BLOCK {blockData=[blockId=conID: 1 locID: 102696733379330630 bcsId: 0,size=2097152]} | ret=SUCCESS |  
2019-08-28 21:29:52,084 | INFO  | DNAudit | user=null | ip=null | op=PUT_BLOCK {blockData=[blockId=conID: 1 locID: 102696733379330630 bcsId: 0,size=2097152]} | ret=SUCCESS |  
2019-08-28 21:29:52,086 | INFO  | DNAudit | user=null | ip=null | op=WRITE_CHUNK {blockData=conID: 1 locID: 102696733379330630 bcsId: 3535} | ret=SUCCESS |  
2019-08-28 21:29:52,087 | INFO  | DNAudit | user=null | ip=null | op=WRITE_CHUNK {blockData=conID: 1 locID: 102696733379330630 bcsId: 3535} | ret=SUCCESS |  
2019-08-28 21:29:52,131 | INFO  | DNAudit | user=null | ip=null | op=WRITE_CHUNK {blockData=conID: 1 locID: 102696733379330630 bcsId: 3535} | ret=SUCCESS |  
2019-08-28 21:29:52,132 | INFO  | DNAudit | user=null | ip=null | op=PUT_BLOCK {blockData=[blockId=conID: 1 locID: 102696733379330630 bcsId: 0,size=3145728]} | ret=SUCCESS |  
2019-08-28 21:29:52,132 [grpc-default-executor-5] INFO  client.GrpcClientProtocolClient (GrpcClientProtocolClient.java:onNext(255)) - client-05DA20D107F8->b461a7b0-028a-4eb5-b268-b89ac225aff8: receive RaftClientReply:client-05DA20D107F8->b461a7b0-028a-4eb5-b268-b89ac225aff8@group-0C8C0AA7542A, cid=2386, SUCCESS, logIndex=3540, commits[b461a7b0-028a-4eb5-b268-b89ac225aff8:c3541, b6ff45f5-67b8-463b-a273-c2e7d9dadd75:c3537, 6a5cb75f-f7eb-4671-9a85-3b6f7898f6cc:c3537]
2019-08-28 21:29:52,133 [grpc-default-executor-5] INFO  client.GrpcClientProtocolClient (GrpcClientProtocolClient.java:onNext(255)) - client-05DA20D107F8->b461a7b0-028a-4eb5-b268-b89ac225aff8: receive RaftClientReply:client-05DA20D107F8->b461a7b0-028a-4eb5-b268-b89ac225aff8@group-0C8C0AA7542A, cid=2387, SUCCESS, logIndex=3541, commits[b461a7b0-028a-4eb5-b268-b89ac225aff8:c3541, b6ff45f5-67b8-463b-a273-c2e7d9dadd75:c3537, 6a5cb75f-f7eb-4671-9a85-3b6f7898f6cc:c3537]
2019-08-28 21:29:52,143 | INFO  | DNAudit | user=null | ip=null | op=WRITE_CHUNK {blockData=conID: 1 locID: 102696733379330630 bcsId: 3541} | ret=SUCCESS |  
2019-08-28 21:29:52,148 | INFO  | DNAudit | user=null | ip=null | op=WRITE_CHUNK {blockData=conID: 1 locID: 102696733379330630 bcsId: 3541} | ret=SUCCESS |  
2019-08-28 21:29:52,148 | INFO  | DNAudit | user=null | ip=null | op=WRITE_CHUNK {blockData=conID: 1 locID: 102696733379330630 bcsId: 3541} | ret=SUCCESS |  
2019-08-28 21:29:52,155 | INFO  | DNAudit | user=null | ip=null | op=WRITE_CHUNK {blockData=conID: 1 locID: 102696733379330630 bcsId: 3535} | ret=SUCCESS |  
2019-08-28 21:29:52,156 | INFO  | DNAudit | user=null | ip=null | op=WRITE_CHUNK {blockData=conID: 1 locID: 102696733379330630 bcsId: 3535} | ret=SUCCESS |  
2019-08-28 21:29:52,156 | INFO  | DNAudit | user=null | ip=null | op=PUT_BLOCK {blockData=[blockId=conID: 1 locID: 102696733379330630 bcsId: 0,size=3145728]} | ret=SUCCESS |  
2019-08-28 21:29:52,158 | INFO  | DNAudit | user=null | ip=null | op=PUT_BLOCK {blockData=[blockId=conID: 1 locID: 102696733379330630 bcsId: 0,size=3145728]} | ret=SUCCESS |  
2019-08-28 21:29:52,159 | INFO  | DNAudit | user=null | ip=null | op=WRITE_CHUNK {blockData=conID: 1 locID: 102696733379330630 bcsId: 3541} | ret=SUCCESS |  
2019-08-28 21:29:52,160 | INFO  | DNAudit | user=null | ip=null | op=PUT_BLOCK {blockData=[blockId=conID: 1 locID: 102696733379330630 bcsId: 0,size=4194304]} | ret=SUCCESS |  
2019-08-28 21:29:52,160 [grpc-default-executor-5] INFO  client.GrpcClientProtocolClient (GrpcClientProtocolClient.java:onNext(255)) - client-05DA20D107F8->b461a7b0-028a-4eb5-b268-b89ac225aff8: receive RaftClientReply:client-05DA20D107F8->b461a7b0-028a-4eb5-b268-b89ac225aff8@group-0C8C0AA7542A, cid=2388, SUCCESS, logIndex=3544, commits[b461a7b0-028a-4eb5-b268-b89ac225aff8:c3545, b6ff45f5-67b8-463b-a273-c2e7d9dadd75:c3541, 6a5cb75f-f7eb-4671-9a85-3b6f7898f6cc:c3541]
2019-08-28 21:29:52,160 [grpc-default-executor-5] INFO  client.GrpcClientProtocolClient (GrpcClientProtocolClient.java:onNext(255)) - client-05DA20D107F8->b461a7b0-028a-4eb5-b268-b89ac225aff8: receive RaftClientReply:client-05DA20D107F8->b461a7b0-028a-4eb5-b268-b89ac225aff8@group-0C8C0AA7542A, cid=2389, SUCCESS, logIndex=3545, commits[b461a7b0-028a-4eb5-b268-b89ac225aff8:c3545, b6ff45f5-67b8-463b-a273-c2e7d9dadd75:c3541, 6a5cb75f-f7eb-4671-9a85-3b6f7898f6cc:c3541]
2019-08-28 21:29:52,185 | INFO  | DNAudit | user=null | ip=null | op=WRITE_CHUNK {blockData=conID: 1 locID: 102696733379330630 bcsId: 3541} | ret=SUCCESS |  
2019-08-28 21:29:52,185 | INFO  | DNAudit | user=null | ip=null | op=WRITE_CHUNK {blockData=conID: 1 locID: 102696733379330630 bcsId: 3541} | ret=SUCCESS |  
2019-08-28 21:29:52,185 | INFO  | DNAudit | user=null | ip=null | op=PUT_BLOCK {blockData=[blockId=conID: 1 locID: 102696733379330630 bcsId: 0,size=4194304]} | ret=SUCCESS |  
2019-08-28 21:29:52,205 | INFO  | DNAudit | user=null | ip=null | op=PUT_BLOCK {blockData=[blockId=conID: 1 locID: 102696733379330630 bcsId: 0,size=4194304]} | ret=SUCCESS |  
2019-08-28 21:29:52,207 [grpc-default-executor-5] INFO  client.GrpcClientProtocolClient (GrpcClientProtocolClient.java:onNext(255)) - client-05DA20D107F8->b461a7b0-028a-4eb5-b268-b89ac225aff8: receive RaftClientReply:client-05DA20D107F8->b461a7b0-028a-4eb5-b268-b89ac225aff8@group-0C8C0AA7542A, cid=2390, SUCCESS, logIndex=0, commits[b461a7b0-028a-4eb5-b268-b89ac225aff8:c3546, b6ff45f5-67b8-463b-a273-c2e7d9dadd75:c3545, 6a5cb75f-f7eb-4671-9a85-3b6f7898f6cc:c3545]
2019-08-28 21:29:52,218 | INFO  | SCMAudit | user=jenkins1000 | ip=127.0.0.1 | op=ALLOCATE_BLOCK {owner=a0140aad-a474-4492-a39d-25bd6167d9f0, size=4194304, type=RATIS, factor=THREE} | ret=SUCCESS |  
2019-08-28 21:29:52,223 | INFO  | OMAudit | user=jenkins1000 | ip=127.0.0.1 | op=ALLOCATE_BLOCK {volume=vol-0-08922, bucket=bucket-0-29862, key=key-0-31337, dataSize=0, replicationType=null, replicationFactor=null, keyLocationInfo=null, clientID=102696731548516754} | ret=SUCCESS |  
2019-08-28 21:29:52,236 | INFO  | DNAudit | user=null | ip=null | op=WRITE_CHUNK {blockData=conID: 2 locID: 102696733390799431 bcsId: 0} | ret=SUCCESS |  
2019-08-28 21:29:52,239 | INFO  | DNAudit | user=null | ip=null | op=WRITE_CHUNK {blockData=conID: 2 locID: 102696733390799431 bcsId: 0} | ret=SUCCESS |  
2019-08-28 21:29:52,239 | INFO  | DNAudit | user=null | ip=null | op=WRITE_CHUNK {blockData=conID: 2 locID: 102696733390799431 bcsId: 0} | ret=SUCCESS |  
2019-08-28 21:29:52,240 | INFO  | DNAudit | user=null | ip=null | op=WRITE_CHUNK {blockData=conID: 2 locID: 102696733390799431 bcsId: 0} | ret=SUCCESS |  
2019-08-28 21:29:52,243 | INFO  | DNAudit | user=null | ip=null | op=WRITE_CHUNK {blockData=conID: 2 locID: 102696733390799431 bcsId: 0} | ret=SUCCESS |  
2019-08-28 21:29:52,244 | INFO  | DNAudit | user=null | ip=null | op=WRITE_CHUNK {blockData=conID: 2 locID: 102696733390799431 bcsId: 0} | ret=SUCCESS |  
2019-08-28 21:29:52,293 | INFO  | DNAudit | user=null | ip=null | op=WRITE_CHUNK {blockData=conID: 2 locID: 102696733390799431 bcsId: 0} | ret=SUCCESS |  
2019-08-28 21:29:52,294 | INFO  | DNAudit | user=null | ip=null | op=PUT_BLOCK {blockData=[blockId=conID: 2 locID: 102696733390799431 bcsId: 0,size=1048576]} | ret=SUCCESS |  
2019-08-28 21:29:52,294 [grpc-default-executor-3] INFO  client.GrpcClientProtocolClient (GrpcClientProtocolClient.java:onNext(255)) - client-05DA20D107F8->b461a7b0-028a-4eb5-b268-b89ac225aff8: receive RaftClientReply:client-05DA20D107F8->b461a7b0-028a-4eb5-b268-b89ac225aff8@group-0C8C0AA7542A, cid=2391, SUCCESS, logIndex=3548, commits[b461a7b0-028a-4eb5-b268-b89ac225aff8:c3548, b6ff45f5-67b8-463b-a273-c2e7d9dadd75:c3547, 6a5cb75f-f7eb-4671-9a85-3b6f7898f6cc:c3547]
2019-08-28 21:29:52,295 [grpc-default-executor-3] INFO  client.GrpcClientProtocolClient (GrpcClientProtocolClient.java:onNext(255)) - client-05DA20D107F8->b461a7b0-028a-4eb5-b268-b89ac225aff8: receive RaftClientReply:client-05DA20D107F8->b461a7b0-028a-4eb5-b268-b89ac225aff8@group-0C8C0AA7542A, cid=2392, SUCCESS, logIndex=3549, commits[b461a7b0-028a-4eb5-b268-b89ac225aff8:c3549, b6ff45f5-67b8-463b-a273-c2e7d9dadd75:c3547, 6a5cb75f-f7eb-4671-9a85-3b6f7898f6cc:c3547]
2019-08-28 21:29:52,313 | INFO  | DNAudit | user=null | ip=null | op=WRITE_CHUNK {blockData=conID: 2 locID: 102696733390799431 bcsId: 0} | ret=SUCCESS |  
2019-08-28 21:29:52,313 | INFO  | DNAudit | user=null | ip=null | op=PUT_BLOCK {blockData=[blockId=conID: 2 locID: 102696733390799431 bcsId: 0,size=2097152]} | ret=SUCCESS |  
2019-08-28 21:29:52,314 [grpc-default-executor-5] INFO  client.GrpcClientProtocolClient (GrpcClientProtocolClient.java:onNext(255)) - client-05DA20D107F8->b461a7b0-028a-4eb5-b268-b89ac225aff8: receive RaftClientReply:client-05DA20D107F8->b461a7b0-028a-4eb5-b268-b89ac225aff8@group-0C8C0AA7542A, cid=2393, SUCCESS, logIndex=3550, commits[b461a7b0-028a-4eb5-b268-b89ac225aff8:c3551, b6ff45f5-67b8-463b-a273-c2e7d9dadd75:c3547, 6a5cb75f-f7eb-4671-9a85-3b6f7898f6cc:c3547]
2019-08-28 21:29:52,315 [grpc-default-executor-5] INFO  client.GrpcClientProtocolClient (GrpcClientProtocolClient.java:onNext(255)) - client-05DA20D107F8->b461a7b0-028a-4eb5-b268-b89ac225aff8: receive RaftClientReply:client-05DA20D107F8->b461a7b0-028a-4eb5-b268-b89ac225aff8@group-0C8C0AA7542A, cid=2394, SUCCESS, logIndex=3551, commits[b461a7b0-028a-4eb5-b268-b89ac225aff8:c3551, b6ff45f5-67b8-463b-a273-c2e7d9dadd75:c3547, 6a5cb75f-f7eb-4671-9a85-3b6f7898f6cc:c3547]
2019-08-28 21:29:52,334 | INFO  | DNAudit | user=null | ip=null | op=WRITE_CHUNK {blockData=conID: 2 locID: 102696733390799431 bcsId: 0} | ret=SUCCESS |  
2019-08-28 21:29:52,334 | INFO  | DNAudit | user=null | ip=null | op=PUT_BLOCK {blockData=[blockId=conID: 2 locID: 102696733390799431 bcsId: 0,size=1048576]} | ret=SUCCESS |  
2019-08-28 21:29:52,336 | INFO  | DNAudit | user=null | ip=null | op=WRITE_CHUNK {blockData=conID: 2 locID: 102696733390799431 bcsId: 0} | ret=SUCCESS |  
2019-08-28 21:29:52,336 | INFO  | DNAudit | user=null | ip=null | op=PUT_BLOCK {blockData=[blockId=conID: 2 locID: 102696733390799431 bcsId: 0,size=1048576]} | ret=SUCCESS |  
2019-08-28 21:29:52,337 [grpc-default-executor-5] INFO  client.GrpcClientProtocolClient (GrpcClientProtocolClient.java:onNext(255)) - client-05DA20D107F8->b461a7b0-028a-4eb5-b268-b89ac225aff8: receive RaftClientReply:client-05DA20D107F8->b461a7b0-028a-4eb5-b268-b89ac225aff8@group-0C8C0AA7542A, cid=2395, SUCCESS, logIndex=0, commits[b461a7b0-028a-4eb5-b268-b89ac225aff8:c3553, b6ff45f5-67b8-463b-a273-c2e7d9dadd75:c3549, 6a5cb75f-f7eb-4671-9a85-3b6f7898f6cc:c3549]
2019-08-28 21:29:52,343 | INFO  | DNAudit | user=null | ip=null | op=WRITE_CHUNK {blockData=conID: 2 locID: 102696733390799431 bcsId: 0} | ret=SUCCESS |  
2019-08-28 21:29:52,344 | INFO  | DNAudit | user=null | ip=null | op=PUT_BLOCK {blockData=[blockId=conID: 2 locID: 102696733390799431 bcsId: 0,size=2097152]} | ret=SUCCESS |  
2019-08-28 21:29:52,346 | INFO  | DNAudit | user=null | ip=null | op=WRITE_CHUNK {blockData=conID: 2 locID: 102696733390799431 bcsId: 0} | ret=SUCCESS |  
2019-08-28 21:29:52,346 | INFO  | DNAudit | user=null | ip=null | op=PUT_BLOCK {blockData=[blockId=conID: 2 locID: 102696733390799431 bcsId: 0,size=2097152]} | ret=SUCCESS |  
2019-08-28 21:29:52,351 | INFO  | DNAudit | user=null | ip=null | op=WRITE_CHUNK {blockData=conID: 2 locID: 102696733390799431 bcsId: 3551} | ret=SUCCESS |  
2019-08-28 21:29:52,354 | INFO  | DNAudit | user=null | ip=null | op=WRITE_CHUNK {blockData=conID: 2 locID: 102696733390799431 bcsId: 3551} | ret=SUCCESS |  
2019-08-28 21:29:52,354 | INFO  | DNAudit | user=null | ip=null | op=WRITE_CHUNK {blockData=conID: 2 locID: 102696733390799431 bcsId: 3551} | ret=SUCCESS |  
2019-08-28 21:29:52,366 | INFO  | DNAudit | user=null | ip=null | op=WRITE_CHUNK {blockData=conID: 2 locID: 102696733390799431 bcsId: 3551} | ret=SUCCESS |  
2019-08-28 21:29:52,366 | INFO  | DNAudit | user=null | ip=null | op=PUT_BLOCK {blockData=[blockId=conID: 2 locID: 102696733390799431 bcsId: 0,size=3145728]} | ret=SUCCESS |  
2019-08-28 21:29:52,367 [grpc-default-executor-6] INFO  client.GrpcClientProtocolClient (GrpcClientProtocolClient.java:onNext(255)) - client-05DA20D107F8->b461a7b0-028a-4eb5-b268-b89ac225aff8: receive RaftClientReply:client-05DA20D107F8->b461a7b0-028a-4eb5-b268-b89ac225aff8@group-0C8C0AA7542A, cid=2396, SUCCESS, logIndex=3556, commits[b461a7b0-028a-4eb5-b268-b89ac225aff8:c3557, b6ff45f5-67b8-463b-a273-c2e7d9dadd75:c3555, 6a5cb75f-f7eb-4671-9a85-3b6f7898f6cc:c3551]
2019-08-28 21:29:52,367 [grpc-default-executor-6] INFO  client.GrpcClientProtocolClient (GrpcClientProtocolClient.java:onNext(255)) - client-05DA20D107F8->b461a7b0-028a-4eb5-b268-b89ac225aff8: receive RaftClientReply:client-05DA20D107F8->b461a7b0-028a-4eb5-b268-b89ac225aff8@group-0C8C0AA7542A, cid=2397, SUCCESS, logIndex=3557, commits[b461a7b0-028a-4eb5-b268-b89ac225aff8:c3557, b6ff45f5-67b8-463b-a273-c2e7d9dadd75:c3555, 6a5cb75f-f7eb-4671-9a85-3b6f7898f6cc:c3555]
2019-08-28 21:29:52,374 | INFO  | DNAudit | user=null | ip=null | op=WRITE_CHUNK {blockData=conID: 2 locID: 102696733390799431 bcsId: 3551} | ret=SUCCESS |  
2019-08-28 21:29:52,375 | INFO  | DNAudit | user=null | ip=null | op=WRITE_CHUNK {blockData=conID: 2 locID: 102696733390799431 bcsId: 3551} | ret=SUCCESS |  
2019-08-28 21:29:52,375 | INFO  | DNAudit | user=null | ip=null | op=PUT_BLOCK {blockData=[blockId=conID: 2 locID: 102696733390799431 bcsId: 0,size=3145728]} | ret=SUCCESS |  
2019-08-28 21:29:52,375 | INFO  | DNAudit | user=null | ip=null | op=PUT_BLOCK {blockData=[blockId=conID: 2 locID: 102696733390799431 bcsId: 0,size=3145728]} | ret=SUCCESS |  
2019-08-28 21:29:52,378 | INFO  | DNAudit | user=null | ip=null | op=WRITE_CHUNK {blockData=conID: 2 locID: 102696733390799431 bcsId: 3557} | ret=SUCCESS |  
2019-08-28 21:29:52,381 | INFO  | DNAudit | user=null | ip=null | op=WRITE_CHUNK {blockData=conID: 2 locID: 102696733390799431 bcsId: 3557} | ret=SUCCESS |  
2019-08-28 21:29:52,381 | INFO  | DNAudit | user=null | ip=null | op=WRITE_CHUNK {blockData=conID: 2 locID: 102696733390799431 bcsId: 3557} | ret=SUCCESS |  
2019-08-28 21:29:52,403 | INFO  | DNAudit | user=null | ip=null | op=WRITE_CHUNK {blockData=conID: 2 locID: 102696733390799431 bcsId: 3557} | ret=SUCCESS |  
2019-08-28 21:29:52,403 | INFO  | DNAudit | user=null | ip=null | op=PUT_BLOCK {blockData=[blockId=conID: 2 locID: 102696733390799431 bcsId: 0,size=4194304]} | ret=SUCCESS |  
2019-08-28 21:29:52,404 [grpc-default-executor-5] INFO  client.GrpcClientProtocolClient (GrpcClientProtocolClient.java:onNext(255)) - client-05DA20D107F8->b461a7b0-028a-4eb5-b268-b89ac225aff8: receive RaftClientReply:client-05DA20D107F8->b461a7b0-028a-4eb5-b268-b89ac225aff8@group-0C8C0AA7542A, cid=2398, SUCCESS, logIndex=3560, commits[b461a7b0-028a-4eb5-b268-b89ac225aff8:c3561, b6ff45f5-67b8-463b-a273-c2e7d9dadd75:c3558, 6a5cb75f-f7eb-4671-9a85-3b6f7898f6cc:c3557]
2019-08-28 21:29:52,404 [grpc-default-executor-5] INFO  client.GrpcClientProtocolClient (GrpcClientProtocolClient.java:onNext(255)) - client-05DA20D107F8->b461a7b0-028a-4eb5-b268-b89ac225aff8: receive RaftClientReply:client-05DA20D107F8->b461a7b0-028a-4eb5-b268-b89ac225aff8@group-0C8C0AA7542A, cid=2399, SUCCESS, logIndex=3561, commits[b461a7b0-028a-4eb5-b268-b89ac225aff8:c3561, b6ff45f5-67b8-463b-a273-c2e7d9dadd75:c3558, 6a5cb75f-f7eb-4671-9a85-3b6f7898f6cc:c3557]
2019-08-28 21:29:52,416 | INFO  | DNAudit | user=null | ip=null | op=WRITE_CHUNK {blockData=conID: 2 locID: 102696733390799431 bcsId: 3557} | ret=SUCCESS |  
2019-08-28 21:29:52,416 | INFO  | DNAudit | user=null | ip=null | op=WRITE_CHUNK {blockData=conID: 2 locID: 102696733390799431 bcsId: 3557} | ret=SUCCESS |  
2019-08-28 21:29:52,416 | INFO  | DNAudit | user=null | ip=null | op=PUT_BLOCK {blockData=[blockId=conID: 2 locID: 102696733390799431 bcsId: 0,size=4194304]} | ret=SUCCESS |  
2019-08-28 21:29:52,416 | INFO  | DNAudit | user=null | ip=null | op=PUT_BLOCK {blockData=[blockId=conID: 2 locID: 102696733390799431 bcsId: 0,size=4194304]} | ret=SUCCESS |  
2019-08-28 21:29:52,417 [grpc-default-executor-5] INFO  client.GrpcClientProtocolClient (GrpcClientProtocolClient.java:onNext(255)) - client-05DA20D107F8->b461a7b0-028a-4eb5-b268-b89ac225aff8: receive RaftClientReply:client-05DA20D107F8->b461a7b0-028a-4eb5-b268-b89ac225aff8@group-0C8C0AA7542A, cid=2400, SUCCESS, logIndex=0, commits[b461a7b0-028a-4eb5-b268-b89ac225aff8:c3562, b6ff45f5-67b8-463b-a273-c2e7d9dadd75:c3561, 6a5cb75f-f7eb-4671-9a85-3b6f7898f6cc:c3561]
2019-08-28 21:29:52,425 | INFO  | SCMAudit | user=jenkins1000 | ip=127.0.0.1 | op=ALLOCATE_BLOCK {owner=a0140aad-a474-4492-a39d-25bd6167d9f0, size=4194304, type=RATIS, factor=THREE} | ret=SUCCESS |  
2019-08-28 21:29:52,431 | INFO  | OMAudit | user=jenkins1000 | ip=127.0.0.1 | op=ALLOCATE_BLOCK {volume=vol-0-08922, bucket=bucket-0-29862, key=key-0-31337, dataSize=0, replicationType=null, replicationFactor=null, keyLocationInfo=null, clientID=102696731548516754} | ret=SUCCESS |  
2019-08-28 21:29:52,442 | INFO  | DNAudit | user=null | ip=null | op=WRITE_CHUNK {blockData=conID: 3 locID: 102696733404365384 bcsId: 0} | ret=SUCCESS |  
2019-08-28 21:29:52,447 | INFO  | DNAudit | user=null | ip=null | op=WRITE_CHUNK {blockData=conID: 3 locID: 102696733404365384 bcsId: 0} | ret=SUCCESS |  
2019-08-28 21:29:52,448 | INFO  | DNAudit | user=null | ip=null | op=WRITE_CHUNK {blockData=conID: 3 locID: 102696733404365384 bcsId: 0} | ret=SUCCESS |  
2019-08-28 21:29:52,451 | INFO  | DNAudit | user=null | ip=null | op=WRITE_CHUNK {blockData=conID: 3 locID: 102696733404365384 bcsId: 0} | ret=SUCCESS |  
2019-08-28 21:29:52,455 | INFO  | DNAudit | user=null | ip=null | op=WRITE_CHUNK {blockData=conID: 3 locID: 102696733404365384 bcsId: 0} | ret=SUCCESS |  
2019-08-28 21:29:52,455 | INFO  | DNAudit | user=null | ip=null | op=WRITE_CHUNK {blockData=conID: 3 locID: 102696733404365384 bcsId: 0} | ret=SUCCESS |  
2019-08-28 21:29:52,468 | INFO  | DNAudit | user=null | ip=null | op=WRITE_CHUNK {blockData=conID: 3 locID: 102696733404365384 bcsId: 0} | ret=SUCCESS |  
2019-08-28 21:29:52,469 | INFO  | DNAudit | user=null | ip=null | op=PUT_BLOCK {blockData=[blockId=conID: 3 locID: 102696733404365384 bcsId: 0,size=1048576]} | ret=SUCCESS |  
2019-08-28 21:29:52,469 [grpc-default-executor-5] INFO  client.GrpcClientProtocolClient (GrpcClientProtocolClient.java:onNext(255)) - client-05DA20D107F8->b461a7b0-028a-4eb5-b268-b89ac225aff8: receive RaftClientReply:client-05DA20D107F8->b461a7b0-028a-4eb5-b268-b89ac225aff8@group-0C8C0AA7542A, cid=2401, SUCCESS, logIndex=3563, commits[b461a7b0-028a-4eb5-b268-b89ac225aff8:c3564, b6ff45f5-67b8-463b-a273-c2e7d9dadd75:c3562, 6a5cb75f-f7eb-4671-9a85-3b6f7898f6cc:c3562]
2019-08-28 21:29:52,469 | INFO  | DNAudit | user=null | ip=null | op=WRITE_CHUNK {blockData=conID: 3 locID: 102696733404365384 bcsId: 0} | ret=SUCCESS |  
2019-08-28 21:29:52,470 | INFO  | DNAudit | user=null | ip=null | op=PUT_BLOCK {blockData=[blockId=conID: 3 locID: 102696733404365384 bcsId: 0,size=2097152]} | ret=SUCCESS |  
2019-08-28 21:29:52,470 [grpc-default-executor-5] INFO  client.GrpcClientProtocolClient (GrpcClientProtocolClient.java:onNext(255)) - client-05DA20D107F8->b461a7b0-028a-4eb5-b268-b89ac225aff8: receive RaftClientReply:client-05DA20D107F8->b461a7b0-028a-4eb5-b268-b89ac225aff8@group-0C8C0AA7542A, cid=2402, SUCCESS, logIndex=3564, commits[b461a7b0-028a-4eb5-b268-b89ac225aff8:c3566, b6ff45f5-67b8-463b-a273-c2e7d9dadd75:c3562, 6a5cb75f-f7eb-4671-9a85-3b6f7898f6cc:c3562]
2019-08-28 21:29:52,471 [grpc-default-executor-5] INFO  client.GrpcClientProtocolClient (GrpcClientProtocolClient.java:onNext(255)) - client-05DA20D107F8->b461a7b0-028a-4eb5-b268-b89ac225aff8: receive RaftClientReply:client-05DA20D107F8->b461a7b0-028a-4eb5-b268-b89ac225aff8@group-0C8C0AA7542A, cid=2403, SUCCESS, logIndex=3565, commits[b461a7b0-028a-4eb5-b268-b89ac225aff8:c3566, b6ff45f5-67b8-463b-a273-c2e7d9dadd75:c3562, 6a5cb75f-f7eb-4671-9a85-3b6f7898f6cc:c3562]
2019-08-28 21:29:52,472 [grpc-default-executor-5] INFO  client.GrpcClientProtocolClient (GrpcClientProtocolClient.java:onNext(255)) - client-05DA20D107F8->b461a7b0-028a-4eb5-b268-b89ac225aff8: receive RaftClientReply:client-05DA20D107F8->b461a7b0-028a-4eb5-b268-b89ac225aff8@group-0C8C0AA7542A, cid=2404, SUCCESS, logIndex=3566, commits[b461a7b0-028a-4eb5-b268-b89ac225aff8:c3566, b6ff45f5-67b8-463b-a273-c2e7d9dadd75:c3562, 6a5cb75f-f7eb-4671-9a85-3b6f7898f6cc:c3562]
2019-08-28 21:29:52,481 | INFO  | DNAudit | user=null | ip=null | op=WRITE_CHUNK {blockData=conID: 3 locID: 102696733404365384 bcsId: 0} | ret=SUCCESS |  
2019-08-28 21:29:52,482 | INFO  | DNAudit | user=null | ip=null | op=WRITE_CHUNK {blockData=conID: 3 locID: 102696733404365384 bcsId: 0} | ret=SUCCESS |  
2019-08-28 21:29:52,482 | INFO  | DNAudit | user=null | ip=null | op=PUT_BLOCK {blockData=[blockId=conID: 3 locID: 102696733404365384 bcsId: 0,size=1048576]} | ret=SUCCESS |  
2019-08-28 21:29:52,482 | INFO  | DNAudit | user=null | ip=null | op=PUT_BLOCK {blockData=[blockId=conID: 3 locID: 102696733404365384 bcsId: 0,size=1048576]} | ret=SUCCESS |  
2019-08-28 21:29:52,482 | INFO  | DNAudit | user=null | ip=null | op=WRITE_CHUNK {blockData=conID: 3 locID: 102696733404365384 bcsId: 0} | ret=SUCCESS |  
2019-08-28 21:29:52,483 | INFO  | DNAudit | user=null | ip=null | op=PUT_BLOCK {blockData=[blockId=conID: 3 locID: 102696733404365384 bcsId: 0,size=2097152]} | ret=SUCCESS |  
2019-08-28 21:29:52,483 [grpc-default-executor-5] INFO  client.GrpcClientProtocolClient (GrpcClientProtocolClient.java:onNext(255)) - client-05DA20D107F8->b461a7b0-028a-4eb5-b268-b89ac225aff8: receive RaftClientReply:client-05DA20D107F8->b461a7b0-028a-4eb5-b268-b89ac225aff8@group-0C8C0AA7542A, cid=2405, SUCCESS, logIndex=0, commits[b461a7b0-028a-4eb5-b268-b89ac225aff8:c3567, b6ff45f5-67b8-463b-a273-c2e7d9dadd75:c3564, 6a5cb75f-f7eb-4671-9a85-3b6f7898f6cc:c3564]
2019-08-28 21:29:52,484 | INFO  | DNAudit | user=null | ip=null | op=WRITE_CHUNK {blockData=conID: 3 locID: 102696733404365384 bcsId: 0} | ret=SUCCESS |  
2019-08-28 21:29:52,484 | INFO  | DNAudit | user=null | ip=null | op=PUT_BLOCK {blockData=[blockId=conID: 3 locID: 102696733404365384 bcsId: 0,size=2097152]} | ret=SUCCESS |  
2019-08-28 21:29:52,496 | INFO  | DNAudit | user=null | ip=null | op=WRITE_CHUNK {blockData=conID: 3 locID: 102696733404365384 bcsId: 3566} | ret=SUCCESS |  
2019-08-28 21:29:52,500 | INFO  | DNAudit | user=null | ip=null | op=WRITE_CHUNK {blockData=conID: 3 locID: 102696733404365384 bcsId: 3566} | ret=SUCCESS |  
2019-08-28 21:29:52,501 | INFO  | DNAudit | user=null | ip=null | op=WRITE_CHUNK {blockData=conID: 3 locID: 102696733404365384 bcsId: 3566} | ret=SUCCESS |  
2019-08-28 21:29:52,517 | INFO  | DNAudit | user=null | ip=null | op=WRITE_CHUNK {blockData=conID: 3 locID: 102696733404365384 bcsId: 3566} | ret=SUCCESS |  
2019-08-28 21:29:52,517 | INFO  | DNAudit | user=null | ip=null | op=PUT_BLOCK {blockData=[blockId=conID: 3 locID: 102696733404365384 bcsId: 0,size=3145728]} | ret=SUCCESS |  
2019-08-28 21:29:52,518 [grpc-default-executor-1] INFO  client.GrpcClientProtocolClient (GrpcClientProtocolClient.java:onNext(255)) - client-05DA20D107F8->b461a7b0-028a-4eb5-b268-b89ac225aff8: receive RaftClientReply:client-05DA20D107F8->b461a7b0-028a-4eb5-b268-b89ac225aff8@group-0C8C0AA7542A, cid=2406, SUCCESS, logIndex=3570, commits[b461a7b0-028a-4eb5-b268-b89ac225aff8:c3571, b6ff45f5-67b8-463b-a273-c2e7d9dadd75:c3569, 6a5cb75f-f7eb-4671-9a85-3b6f7898f6cc:c3569]
2019-08-28 21:29:52,518 [grpc-default-executor-1] INFO  client.GrpcClientProtocolClient (GrpcClientProtocolClient.java:onNext(255)) - client-05DA20D107F8->b461a7b0-028a-4eb5-b268-b89ac225aff8: receive RaftClientReply:client-05DA20D107F8->b461a7b0-028a-4eb5-b268-b89ac225aff8@group-0C8C0AA7542A, cid=2407, SUCCESS, logIndex=3571, commits[b461a7b0-028a-4eb5-b268-b89ac225aff8:c3571, b6ff45f5-67b8-463b-a273-c2e7d9dadd75:c3569, 6a5cb75f-f7eb-4671-9a85-3b6f7898f6cc:c3569]
2019-08-28 21:29:52,530 | INFO  | DNAudit | user=null | ip=null | op=WRITE_CHUNK {blockData=conID: 3 locID: 102696733404365384 bcsId: 3571} | ret=SUCCESS |  
2019-08-28 21:29:52,535 | INFO  | DNAudit | user=null | ip=null | op=WRITE_CHUNK {blockData=conID: 3 locID: 102696733404365384 bcsId: 3571} | ret=SUCCESS |  
2019-08-28 21:29:52,535 | INFO  | DNAudit | user=null | ip=null | op=WRITE_CHUNK {blockData=conID: 3 locID: 102696733404365384 bcsId: 3571} | ret=SUCCESS |  
2019-08-28 21:29:52,538 | INFO  | DNAudit | user=null | ip=null | op=WRITE_CHUNK {blockData=conID: 3 locID: 102696733404365384 bcsId: 3566} | ret=SUCCESS |  
2019-08-28 21:29:52,538 | INFO  | DNAudit | user=null | ip=null | op=WRITE_CHUNK {blockData=conID: 3 locID: 102696733404365384 bcsId: 3566} | ret=SUCCESS |  
2019-08-28 21:29:52,538 | INFO  | DNAudit | user=null | ip=null | op=PUT_BLOCK {blockData=[blockId=conID: 3 locID: 102696733404365384 bcsId: 0,size=3145728]} | ret=SUCCESS |  
2019-08-28 21:29:52,548 | INFO  | DNAudit | user=null | ip=null | op=PUT_BLOCK {blockData=[blockId=conID: 3 locID: 102696733404365384 bcsId: 0,size=3145728]} | ret=SUCCESS |  
2019-08-28 21:29:52,550 | INFO  | DNAudit | user=null | ip=null | op=WRITE_CHUNK {blockData=conID: 3 locID: 102696733404365384 bcsId: 3571} | ret=SUCCESS |  
2019-08-28 21:29:52,550 | INFO  | DNAudit | user=null | ip=null | op=PUT_BLOCK {blockData=[blockId=conID: 3 locID: 102696733404365384 bcsId: 0,size=4194304]} | ret=SUCCESS |  
2019-08-28 21:29:52,551 [grpc-default-executor-5] INFO  client.GrpcClientProtocolClient (GrpcClientProtocolClient.java:onNext(255)) - client-05DA20D107F8->b461a7b0-028a-4eb5-b268-b89ac225aff8: receive RaftClientReply:client-05DA20D107F8->b461a7b0-028a-4eb5-b268-b89ac225aff8@group-0C8C0AA7542A, cid=2408, SUCCESS, logIndex=3574, commits[b461a7b0-028a-4eb5-b268-b89ac225aff8:c3575, b6ff45f5-67b8-463b-a273-c2e7d9dadd75:c3571, 6a5cb75f-f7eb-4671-9a85-3b6f7898f6cc:c3571]
2019-08-28 21:29:52,551 [grpc-default-executor-5] INFO  client.GrpcClientProtocolClient (GrpcClientProtocolClient.java:onNext(255)) - client-05DA20D107F8->b461a7b0-028a-4eb5-b268-b89ac225aff8: receive RaftClientReply:client-05DA20D107F8->b461a7b0-028a-4eb5-b268-b89ac225aff8@group-0C8C0AA7542A, cid=2409, SUCCESS, logIndex=3575, commits[b461a7b0-028a-4eb5-b268-b89ac225aff8:c3575, b6ff45f5-67b8-463b-a273-c2e7d9dadd75:c3571, 6a5cb75f-f7eb-4671-9a85-3b6f7898f6cc:c3571]
2019-08-28 21:29:52,563 | INFO  | DNAudit | user=null | ip=null | op=WRITE_CHUNK {blockData=conID: 3 locID: 102696733404365384 bcsId: 3571} | ret=SUCCESS |  
2019-08-28 21:29:52,563 | INFO  | DNAudit | user=null | ip=null | op=WRITE_CHUNK {blockData=conID: 3 locID: 102696733404365384 bcsId: 3571} | ret=SUCCESS |  
2019-08-28 21:29:52,563 | INFO  | DNAudit | user=null | ip=null | op=PUT_BLOCK {blockData=[blockId=conID: 3 locID: 102696733404365384 bcsId: 0,size=4194304]} | ret=SUCCESS |  
2019-08-28 21:29:52,571 | INFO  | DNAudit | user=null | ip=null | op=PUT_BLOCK {blockData=[blockId=conID: 3 locID: 102696733404365384 bcsId: 0,size=4194304]} | ret=SUCCESS |  
2019-08-28 21:29:52,572 [grpc-default-executor-5] INFO  client.GrpcClientProtocolClient (GrpcClientProtocolClient.java:onNext(255)) - client-05DA20D107F8->b461a7b0-028a-4eb5-b268-b89ac225aff8: receive RaftClientReply:client-05DA20D107F8->b461a7b0-028a-4eb5-b268-b89ac225aff8@group-0C8C0AA7542A, cid=2410, SUCCESS, logIndex=0, commits[b461a7b0-028a-4eb5-b268-b89ac225aff8:c3576, b6ff45f5-67b8-463b-a273-c2e7d9dadd75:c3575, 6a5cb75f-f7eb-4671-9a85-3b6f7898f6cc:c3575]
2019-08-28 21:29:52,581 | INFO  | SCMAudit | user=jenkins1000 | ip=127.0.0.1 | op=ALLOCATE_BLOCK {owner=a0140aad-a474-4492-a39d-25bd6167d9f0, size=4194304, type=RATIS, factor=THREE} | ret=SUCCESS |  
2019-08-28 21:29:52,585 | INFO  | OMAudit | user=jenkins1000 | ip=127.0.0.1 | op=ALLOCATE_BLOCK {volume=vol-0-08922, bucket=bucket-0-29862, key=key-0-31337, dataSize=0, replicationType=null, replicationFactor=null, keyLocationInfo=null, clientID=102696731548516754} | ret=SUCCESS |  
2019-08-28 21:29:52,596 | INFO  | DNAudit | user=null | ip=null | op=WRITE_CHUNK {blockData=conID: 1 locID: 102696733414589001 bcsId: 0} | ret=SUCCESS |  
2019-08-28 21:29:52,600 | INFO  | DNAudit | user=null | ip=null | op=WRITE_CHUNK {blockData=conID: 1 locID: 102696733414589001 bcsId: 0} | ret=SUCCESS |  
2019-08-28 21:29:52,600 | INFO  | DNAudit | user=null | ip=null | op=WRITE_CHUNK {blockData=conID: 1 locID: 102696733414589001 bcsId: 0} | ret=SUCCESS |  
2019-08-28 21:29:52,601 | INFO  | DNAudit | user=null | ip=null | op=WRITE_CHUNK {blockData=conID: 1 locID: 102696733414589001 bcsId: 0} | ret=SUCCESS |  
2019-08-28 21:29:52,604 | INFO  | DNAudit | user=null | ip=null | op=WRITE_CHUNK {blockData=conID: 1 locID: 102696733414589001 bcsId: 0} | ret=SUCCESS |  
2019-08-28 21:29:52,605 | INFO  | DNAudit | user=null | ip=null | op=WRITE_CHUNK {blockData=conID: 1 locID: 102696733414589001 bcsId: 0} | ret=SUCCESS |  
2019-08-28 21:29:52,627 | INFO  | DNAudit | user=null | ip=null | op=WRITE_CHUNK {blockData=conID: 1 locID: 102696733414589001 bcsId: 0} | ret=SUCCESS |  
2019-08-28 21:29:52,628 | INFO  | DNAudit | user=null | ip=null | op=PUT_BLOCK {blockData=[blockId=conID: 1 locID: 102696733414589001 bcsId: 0,size=1048576]} | ret=SUCCESS |  
2019-08-28 21:29:52,628 [grpc-default-executor-5] INFO  client.GrpcClientProtocolClient (GrpcClientProtocolClient.java:onNext(255)) - client-05DA20D107F8->b461a7b0-028a-4eb5-b268-b89ac225aff8: receive RaftClientReply:client-05DA20D107F8->b461a7b0-028a-4eb5-b268-b89ac225aff8@group-0C8C0AA7542A, cid=2411, SUCCESS, logIndex=3578, commits[b461a7b0-028a-4eb5-b268-b89ac225aff8:c3579, b6ff45f5-67b8-463b-a273-c2e7d9dadd75:c3577, 6a5cb75f-f7eb-4671-9a85-3b6f7898f6cc:c3577]
2019-08-28 21:29:52,629 [grpc-default-executor-5] INFO  client.GrpcClientProtocolClient (GrpcClientProtocolClient.java:onNext(255)) - client-05DA20D107F8->b461a7b0-028a-4eb5-b268-b89ac225aff8: receive RaftClientReply:client-05DA20D107F8->b461a7b0-028a-4eb5-b268-b89ac225aff8@group-0C8C0AA7542A, cid=2412, SUCCESS, logIndex=3579, commits[b461a7b0-028a-4eb5-b268-b89ac225aff8:c3579, b6ff45f5-67b8-463b-a273-c2e7d9dadd75:c3577, 6a5cb75f-f7eb-4671-9a85-3b6f7898f6cc:c3577]
2019-08-28 21:29:52,638 | INFO  | SCMAudit | user=jenkins1000 | ip=192.168.36.107 | op=SEND_HEARTBEAT {datanodeUUID=68f89a68-6a96-4cde-8528-8617611d459d, command=[]} | ret=SUCCESS |  
2019-08-28 21:29:52,638 | INFO  | SCMAudit | user=jenkins1000 | ip=192.168.36.107 | op=SEND_HEARTBEAT {datanodeUUID=6a5cb75f-f7eb-4671-9a85-3b6f7898f6cc, command=[]} | ret=SUCCESS |  
2019-08-28 21:29:52,638 | INFO  | SCMAudit | user=jenkins1000 | ip=192.168.36.107 | op=SEND_HEARTBEAT {datanodeUUID=af4986ea-80d8-4c92-96d2-2b3929a4248a, command=[]} | ret=SUCCESS |  
2019-08-28 21:29:52,639 | INFO  | SCMAudit | user=jenkins1000 | ip=192.168.36.107 | op=SEND_HEARTBEAT {datanodeUUID=b461a7b0-028a-4eb5-b268-b89ac225aff8, command=[]} | ret=SUCCESS |  
 0.00% |█                                                                                                    |  0/1 Time: 0:00:282019-08-28 21:29:52,641 | INFO  | SCMAudit | user=jenkins1000 | ip=192.168.36.107 | op=SEND_HEARTBEAT {datanodeUUID=b6ff45f5-67b8-463b-a273-c2e7d9dadd75, command=[]} | ret=SUCCESS |  
2019-08-28 21:29:52,647 | INFO  | DNAudit | user=null | ip=null | op=WRITE_CHUNK {blockData=conID: 1 locID: 102696733414589001 bcsId: 0} | ret=SUCCESS |  
2019-08-28 21:29:52,648 | INFO  | DNAudit | user=null | ip=null | op=PUT_BLOCK {blockData=[blockId=conID: 1 locID: 102696733414589001 bcsId: 0,size=2097152]} | ret=SUCCESS |  
2019-08-28 21:29:52,648 [grpc-default-executor-1] INFO  client.GrpcClientProtocolClient (GrpcClientProtocolClient.java:onNext(255)) - client-05DA20D107F8->b461a7b0-028a-4eb5-b268-b89ac225aff8: receive RaftClientReply:client-05DA20D107F8->b461a7b0-028a-4eb5-b268-b89ac225aff8@group-0C8C0AA7542A, cid=2413, SUCCESS, logIndex=3580, commits[b461a7b0-028a-4eb5-b268-b89ac225aff8:c3581, b6ff45f5-67b8-463b-a273-c2e7d9dadd75:c3577, 6a5cb75f-f7eb-4671-9a85-3b6f7898f6cc:c3577]
2019-08-28 21:29:52,648 [grpc-default-executor-1] INFO  client.GrpcClientProtocolClient (GrpcClientProtocolClient.java:onNext(255)) - client-05DA20D107F8->b461a7b0-028a-4eb5-b268-b89ac225aff8: receive RaftClientReply:client-05DA20D107F8->b461a7b0-028a-4eb5-b268-b89ac225aff8@group-0C8C0AA7542A, cid=2414, SUCCESS, logIndex=3581, commits[b461a7b0-028a-4eb5-b268-b89ac225aff8:c3581, b6ff45f5-67b8-463b-a273-c2e7d9dadd75:c3577, 6a5cb75f-f7eb-4671-9a85-3b6f7898f6cc:c3577]
2019-08-28 21:29:52,667 | INFO  | DNAudit | user=null | ip=null | op=WRITE_CHUNK {blockData=conID: 1 locID: 102696733414589001 bcsId: 0} | ret=SUCCESS |  
2019-08-28 21:29:52,667 | INFO  | DNAudit | user=null | ip=null | op=WRITE_CHUNK {blockData=conID: 1 locID: 102696733414589001 bcsId: 0} | ret=SUCCESS |  
2019-08-28 21:29:52,668 | INFO  | DNAudit | user=null | ip=null | op=PUT_BLOCK {blockData=[blockId=conID: 1 locID: 102696733414589001 bcsId: 0,size=1048576]} | ret=SUCCESS |  
2019-08-28 21:29:52,668 | INFO  | DNAudit | user=null | ip=null | op=PUT_BLOCK {blockData=[blockId=conID: 1 locID: 102696733414589001 bcsId: 0,size=1048576]} | ret=SUCCESS |  
2019-08-28 21:29:52,668 [grpc-default-executor-1] INFO  client.GrpcClientProtocolClient (GrpcClientProtocolClient.java:onNext(255)) - client-05DA20D107F8->b461a7b0-028a-4eb5-b268-b89ac225aff8: receive RaftClientReply:client-05DA20D107F8->b461a7b0-028a-4eb5-b268-b89ac225aff8@group-0C8C0AA7542A, cid=2415, SUCCESS, logIndex=0, commits[b461a7b0-028a-4eb5-b268-b89ac225aff8:c3583, b6ff45f5-67b8-463b-a273-c2e7d9dadd75:c3579, 6a5cb75f-f7eb-4671-9a85-3b6f7898f6cc:c3579]
2019-08-28 21:29:52,679 | INFO  | DNAudit | user=null | ip=null | op=WRITE_CHUNK {blockData=conID: 1 locID: 102696733414589001 bcsId: 3581} | ret=SUCCESS |  
2019-08-28 21:29:52,685 | INFO  | DNAudit | user=null | ip=null | op=WRITE_CHUNK {blockData=conID: 1 locID: 102696733414589001 bcsId: 3581} | ret=SUCCESS |  
2019-08-28 21:29:52,687 | INFO  | DNAudit | user=null | ip=null | op=WRITE_CHUNK {blockData=conID: 1 locID: 102696733414589001 bcsId: 3581} | ret=SUCCESS |  
2019-08-28 21:29:52,689 | INFO  | DNAudit | user=null | ip=null | op=WRITE_CHUNK {blockData=conID: 1 locID: 102696733414589001 bcsId: 0} | ret=SUCCESS |  
2019-08-28 21:29:52,689 | INFO  | DNAudit | user=null | ip=null | op=WRITE_CHUNK {blockData=conID: 1 locID: 102696733414589001 bcsId: 0} | ret=SUCCESS |  
2019-08-28 21:29:52,689 | INFO  | DNAudit | user=null | ip=null | op=PUT_BLOCK {blockData=[blockId=conID: 1 locID: 102696733414589001 bcsId: 0,size=2097152]} | ret=SUCCESS |  
2019-08-28 21:29:52,689 | INFO  | DNAudit | user=null | ip=null | op=PUT_BLOCK {blockData=[blockId=conID: 1 locID: 102696733414589001 bcsId: 0,size=2097152]} | ret=SUCCESS |  
2019-08-28 21:29:52,715 | INFO  | DNAudit | user=null | ip=null | op=WRITE_CHUNK {blockData=conID: 1 locID: 102696733414589001 bcsId: 3581} | ret=SUCCESS |  
2019-08-28 21:29:52,716 | INFO  | DNAudit | user=null | ip=null | op=PUT_BLOCK {blockData=[blockId=conID: 1 locID: 102696733414589001 bcsId: 0,size=3145728]} | ret=SUCCESS |  
2019-08-28 21:29:52,716 [grpc-default-executor-6] INFO  client.GrpcClientProtocolClient (GrpcClientProtocolClient.java:onNext(255)) - client-05DA20D107F8->b461a7b0-028a-4eb5-b268-b89ac225aff8: receive RaftClientReply:client-05DA20D107F8->b461a7b0-028a-4eb5-b268-b89ac225aff8@group-0C8C0AA7542A, cid=2416, SUCCESS, logIndex=3586, commits[b461a7b0-028a-4eb5-b268-b89ac225aff8:c3587, b6ff45f5-67b8-463b-a273-c2e7d9dadd75:c3583, 6a5cb75f-f7eb-4671-9a85-3b6f7898f6cc:c3583]
2019-08-28 21:29:52,717 [grpc-default-executor-6] INFO  client.GrpcClientProtocolClient (GrpcClientProtocolClient.java:onNext(255)) - client-05DA20D107F8->b461a7b0-028a-4eb5-b268-b89ac225aff8: receive RaftClientReply:client-05DA20D107F8->b461a7b0-028a-4eb5-b268-b89ac225aff8@group-0C8C0AA7542A, cid=2417, SUCCESS, logIndex=3587, commits[b461a7b0-028a-4eb5-b268-b89ac225aff8:c3587, b6ff45f5-67b8-463b-a273-c2e7d9dadd75:c3583, 6a5cb75f-f7eb-4671-9a85-3b6f7898f6cc:c3583]
2019-08-28 21:29:52,729 | INFO  | DNAudit | user=null | ip=null | op=WRITE_CHUNK {blockData=conID: 1 locID: 102696733414589001 bcsId: 3587} | ret=SUCCESS |  
2019-08-28 21:29:52,731 | INFO  | DNAudit | user=null | ip=null | op=WRITE_CHUNK {blockData=conID: 1 locID: 102696733414589001 bcsId: 3587} | ret=SUCCESS |  
2019-08-28 21:29:52,732 | INFO  | DNAudit | user=null | ip=null | op=WRITE_CHUNK {blockData=conID: 1 locID: 102696733414589001 bcsId: 3587} | ret=SUCCESS |  
2019-08-28 21:29:52,736 | INFO  | DNAudit | user=null | ip=null | op=WRITE_CHUNK {blockData=conID: 1 locID: 102696733414589001 bcsId: 3581} | ret=SUCCESS |  
2019-08-28 21:29:52,736 | INFO  | DNAudit | user=null | ip=null | op=WRITE_CHUNK {blockData=conID: 1 locID: 102696733414589001 bcsId: 3581} | ret=SUCCESS |  
2019-08-28 21:29:52,736 | INFO  | DNAudit | user=null | ip=null | op=PUT_BLOCK {blockData=[blockId=conID: 1 locID: 102696733414589001 bcsId: 0,size=3145728]} | ret=SUCCESS |  
2019-08-28 21:29:52,736 | INFO  | DNAudit | user=null | ip=null | op=PUT_BLOCK {blockData=[blockId=conID: 1 locID: 102696733414589001 bcsId: 0,size=3145728]} | ret=SUCCESS |  
2019-08-28 21:29:52,750 | INFO  | DNAudit | user=null | ip=null | op=WRITE_CHUNK {blockData=conID: 1 locID: 102696733414589001 bcsId: 3587} | ret=SUCCESS |  
2019-08-28 21:29:52,751 | INFO  | DNAudit | user=null | ip=null | op=PUT_BLOCK {blockData=[blockId=conID: 1 locID: 102696733414589001 bcsId: 0,size=4194304]} | ret=SUCCESS |  
2019-08-28 21:29:52,751 [grpc-default-executor-5] INFO  client.GrpcClientProtocolClient (GrpcClientProtocolClient.java:onNext(255)) - client-05DA20D107F8->b461a7b0-028a-4eb5-b268-b89ac225aff8: receive RaftClientReply:client-05DA20D107F8->b461a7b0-028a-4eb5-b268-b89ac225aff8@group-0C8C0AA7542A, cid=2418, SUCCESS, logIndex=3590, commits[b461a7b0-028a-4eb5-b268-b89ac225aff8:c3591, b6ff45f5-67b8-463b-a273-c2e7d9dadd75:c3587, 6a5cb75f-f7eb-4671-9a85-3b6f7898f6cc:c3587]
2019-08-28 21:29:52,752 [grpc-default-executor-5] INFO  client.GrpcClientProtocolClient (GrpcClientProtocolClient.java:onNext(255)) - client-05DA20D107F8->b461a7b0-028a-4eb5-b268-b89ac225aff8: receive RaftClientReply:client-05DA20D107F8->b461a7b0-028a-4eb5-b268-b89ac225aff8@group-0C8C0AA7542A, cid=2419, SUCCESS, logIndex=3591, commits[b461a7b0-028a-4eb5-b268-b89ac225aff8:c3591, b6ff45f5-67b8-463b-a273-c2e7d9dadd75:c3587, 6a5cb75f-f7eb-4671-9a85-3b6f7898f6cc:c3587]
2019-08-28 21:29:52,777 | INFO  | DNAudit | user=null | ip=null | op=WRITE_CHUNK {blockData=conID: 1 locID: 102696733414589001 bcsId: 3587} | ret=SUCCESS |  
2019-08-28 21:29:52,777 | INFO  | DNAudit | user=null | ip=null | op=WRITE_CHUNK {blockData=conID: 1 locID: 102696733414589001 bcsId: 3587} | ret=SUCCESS |  
2019-08-28 21:29:52,780 | INFO  | DNAudit | user=null | ip=null | op=PUT_BLOCK {blockData=[blockId=conID: 1 locID: 102696733414589001 bcsId: 0,size=4194304]} | ret=SUCCESS |  
2019-08-28 21:29:52,780 | INFO  | DNAudit | user=null | ip=null | op=PUT_BLOCK {blockData=[blockId=conID: 1 locID: 102696733414589001 bcsId: 0,size=4194304]} | ret=SUCCESS |  
2019-08-28 21:29:52,781 [grpc-default-executor-5] INFO  client.GrpcClientProtocolClient (GrpcClientProtocolClient.java:onNext(255)) - client-05DA20D107F8->b461a7b0-028a-4eb5-b268-b89ac225aff8: receive RaftClientReply:client-05DA20D107F8->b461a7b0-028a-4eb5-b268-b89ac225aff8@group-0C8C0AA7542A, cid=2420, SUCCESS, logIndex=0, commits[b461a7b0-028a-4eb5-b268-b89ac225aff8:c3593, b6ff45f5-67b8-463b-a273-c2e7d9dadd75:c3591, 6a5cb75f-f7eb-4671-9a85-3b6f7898f6cc:c3591]
2019-08-28 21:29:52,789 | INFO  | SCMAudit | user=jenkins1000 | ip=127.0.0.1 | op=ALLOCATE_BLOCK {owner=a0140aad-a474-4492-a39d-25bd6167d9f0, size=4194304, type=RATIS, factor=THREE} | ret=SUCCESS |  
2019-08-28 21:29:52,793 | INFO  | OMAudit | user=jenkins1000 | ip=127.0.0.1 | op=ALLOCATE_BLOCK {volume=vol-0-08922, bucket=bucket-0-29862, key=key-0-31337, dataSize=0, replicationType=null, replicationFactor=null, keyLocationInfo=null, clientID=102696731548516754} | ret=SUCCESS |  
2019-08-28 21:29:52,802 | INFO  | DNAudit | user=null | ip=null | op=WRITE_CHUNK {blockData=conID: 2 locID: 102696733428220490 bcsId: 0} | ret=SUCCESS |  
2019-08-28 21:29:52,805 | INFO  | DNAudit | user=null | ip=null | op=WRITE_CHUNK {blockData=conID: 2 locID: 102696733428220490 bcsId: 0} | ret=SUCCESS |  
2019-08-28 21:29:52,805 | INFO  | DNAudit | user=null | ip=null | op=WRITE_CHUNK {blockData=conID: 2 locID: 102696733428220490 bcsId: 0} | ret=SUCCESS |  
2019-08-28 21:29:52,805 | INFO  | DNAudit | user=null | ip=null | op=WRITE_CHUNK {blockData=conID: 2 locID: 102696733428220490 bcsId: 0} | ret=SUCCESS |  
2019-08-28 21:29:52,807 | INFO  | DNAudit | user=null | ip=null | op=WRITE_CHUNK {blockData=conID: 2 locID: 102696733428220490 bcsId: 0} | ret=SUCCESS |  
2019-08-28 21:29:52,808 | INFO  | DNAudit | user=null | ip=null | op=WRITE_CHUNK {blockData=conID: 2 locID: 102696733428220490 bcsId: 0} | ret=SUCCESS |  
2019-08-28 21:29:52,859 | INFO  | DNAudit | user=null | ip=null | op=WRITE_CHUNK {blockData=conID: 2 locID: 102696733428220490 bcsId: 0} | ret=SUCCESS |  
2019-08-28 21:29:52,860 | INFO  | DNAudit | user=null | ip=null | op=PUT_BLOCK {blockData=[blockId=conID: 2 locID: 102696733428220490 bcsId: 0,size=1048576]} | ret=SUCCESS |  
2019-08-28 21:29:52,860 | INFO  | DNAudit | user=null | ip=null | op=WRITE_CHUNK {blockData=conID: 2 locID: 102696733428220490 bcsId: 0} | ret=SUCCESS |  
2019-08-28 21:29:52,860 [grpc-default-executor-5] INFO  client.GrpcClientProtocolClient (GrpcClientProtocolClient.java:onNext(255)) - client-05DA20D107F8->b461a7b0-028a-4eb5-b268-b89ac225aff8: receive RaftClientReply:client-05DA20D107F8->b461a7b0-028a-4eb5-b268-b89ac225aff8@group-0C8C0AA7542A, cid=2421, SUCCESS, logIndex=3594, commits[b461a7b0-028a-4eb5-b268-b89ac225aff8:c3597, b6ff45f5-67b8-463b-a273-c2e7d9dadd75:c3593, 6a5cb75f-f7eb-4671-9a85-3b6f7898f6cc:c3593]
2019-08-28 21:29:52,860 | INFO  | DNAudit | user=null | ip=null | op=PUT_BLOCK {blockData=[blockId=conID: 2 locID: 102696733428220490 bcsId: 0,size=2097152]} | ret=SUCCESS |  
2019-08-28 21:29:52,860 [grpc-default-executor-5] INFO  client.GrpcClientProtocolClient (GrpcClientProtocolClient.java:onNext(255)) - client-05DA20D107F8->b461a7b0-028a-4eb5-b268-b89ac225aff8: receive RaftClientReply:client-05DA20D107F8->b461a7b0-028a-4eb5-b268-b89ac225aff8@group-0C8C0AA7542A, cid=2422, SUCCESS, logIndex=3595, commits[b461a7b0-028a-4eb5-b268-b89ac225aff8:c3597, b6ff45f5-67b8-463b-a273-c2e7d9dadd75:c3593, 6a5cb75f-f7eb-4671-9a85-3b6f7898f6cc:c3593]
2019-08-28 21:29:52,861 [grpc-default-executor-5] INFO  client.GrpcClientProtocolClient (GrpcClientProtocolClient.java:onNext(255)) - client-05DA20D107F8->b461a7b0-028a-4eb5-b268-b89ac225aff8: receive RaftClientReply:client-05DA20D107F8->b461a7b0-028a-4eb5-b268-b89ac225aff8@group-0C8C0AA7542A, cid=2423, SUCCESS, logIndex=3596, commits[b461a7b0-028a-4eb5-b268-b89ac225aff8:c3597, b6ff45f5-67b8-463b-a273-c2e7d9dadd75:c3593, 6a5cb75f-f7eb-4671-9a85-3b6f7898f6cc:c3593]
2019-08-28 21:29:52,861 [grpc-default-executor-5] INFO  client.GrpcClientProtocolClient (GrpcClientProtocolClient.java:onNext(255)) - client-05DA20D107F8->b461a7b0-028a-4eb5-b268-b89ac225aff8: receive RaftClientReply:client-05DA20D107F8->b461a7b0-028a-4eb5-b268-b89ac225aff8@group-0C8C0AA7542A, cid=2424, SUCCESS, logIndex=3597, commits[b461a7b0-028a-4eb5-b268-b89ac225aff8:c3597, b6ff45f5-67b8-463b-a273-c2e7d9dadd75:c3593, 6a5cb75f-f7eb-4671-9a85-3b6f7898f6cc:c3593]
2019-08-28 21:29:52,878 | INFO  | DNAudit | user=null | ip=null | op=WRITE_CHUNK {blockData=conID: 2 locID: 102696733428220490 bcsId: 0} | ret=SUCCESS |  
2019-08-28 21:29:52,902 | INFO  | DNAudit | user=null | ip=null | op=WRITE_CHUNK {blockData=conID: 2 locID: 102696733428220490 bcsId: 0} | ret=SUCCESS |  
2019-08-28 21:29:52,903 | INFO  | DNAudit | user=null | ip=null | op=PUT_BLOCK {blockData=[blockId=conID: 2 locID: 102696733428220490 bcsId: 0,size=1048576]} | ret=SUCCESS |  
2019-08-28 21:29:52,903 | INFO  | DNAudit | user=null | ip=null | op=PUT_BLOCK {blockData=[blockId=conID: 2 locID: 102696733428220490 bcsId: 0,size=1048576]} | ret=SUCCESS |  
2019-08-28 21:29:52,903 | INFO  | DNAudit | user=null | ip=null | op=WRITE_CHUNK {blockData=conID: 2 locID: 102696733428220490 bcsId: 0} | ret=SUCCESS |  
2019-08-28 21:29:52,903 | INFO  | DNAudit | user=null | ip=null | op=WRITE_CHUNK {blockData=conID: 2 locID: 102696733428220490 bcsId: 0} | ret=SUCCESS |  
2019-08-28 21:29:52,903 | INFO  | DNAudit | user=null | ip=null | op=PUT_BLOCK {blockData=[blockId=conID: 2 locID: 102696733428220490 bcsId: 0,size=2097152]} | ret=SUCCESS |  
2019-08-28 21:29:52,904 | INFO  | DNAudit | user=null | ip=null | op=PUT_BLOCK {blockData=[blockId=conID: 2 locID: 102696733428220490 bcsId: 0,size=2097152]} | ret=SUCCESS |  
2019-08-28 21:29:52,904 [grpc-default-executor-5] INFO  client.GrpcClientProtocolClient (GrpcClientProtocolClient.java:onNext(255)) - client-05DA20D107F8->b461a7b0-028a-4eb5-b268-b89ac225aff8: receive RaftClientReply:client-05DA20D107F8->b461a7b0-028a-4eb5-b268-b89ac225aff8@group-0C8C0AA7542A, cid=2425, SUCCESS, logIndex=0, commits[b461a7b0-028a-4eb5-b268-b89ac225aff8:c3601, b6ff45f5-67b8-463b-a273-c2e7d9dadd75:c3595, 6a5cb75f-f7eb-4671-9a85-3b6f7898f6cc:c3597]
2019-08-28 21:29:52,914 | INFO  | DNAudit | user=null | ip=null | op=WRITE_CHUNK {blockData=conID: 2 locID: 102696733428220490 bcsId: 3597} | ret=SUCCESS |  
2019-08-28 21:29:52,918 | INFO  | DNAudit | user=null | ip=null | op=WRITE_CHUNK {blockData=conID: 2 locID: 102696733428220490 bcsId: 3597} | ret=SUCCESS |  
2019-08-28 21:29:52,919 | INFO  | DNAudit | user=null | ip=null | op=WRITE_CHUNK {blockData=conID: 2 locID: 102696733428220490 bcsId: 3597} | ret=SUCCESS |  
2019-08-28 21:29:52,920 | INFO  | DNAudit | user=null | ip=null | op=WRITE_CHUNK {blockData=conID: 2 locID: 102696733428220490 bcsId: 3597} | ret=SUCCESS |  
2019-08-28 21:29:52,921 | INFO  | DNAudit | user=null | ip=null | op=PUT_BLOCK {blockData=[blockId=conID: 2 locID: 102696733428220490 bcsId: 0,size=3145728]} | ret=SUCCESS |  
2019-08-28 21:29:52,921 [grpc-default-executor-3] INFO  client.GrpcClientProtocolClient (GrpcClientProtocolClient.java:onNext(255)) - client-05DA20D107F8->b461a7b0-028a-4eb5-b268-b89ac225aff8: receive RaftClientReply:client-05DA20D107F8->b461a7b0-028a-4eb5-b268-b89ac225aff8@group-0C8C0AA7542A, cid=2426, SUCCESS, logIndex=3602, commits[b461a7b0-028a-4eb5-b268-b89ac225aff8:c3603, b6ff45f5-67b8-463b-a273-c2e7d9dadd75:c3597, 6a5cb75f-f7eb-4671-9a85-3b6f7898f6cc:c3601]
2019-08-28 21:29:52,922 [grpc-default-executor-3] INFO  client.GrpcClientProtocolClient (GrpcClientProtocolClient.java:onNext(255)) - client-05DA20D107F8->b461a7b0-028a-4eb5-b268-b89ac225aff8: receive RaftClientReply:client-05DA20D107F8->b461a7b0-028a-4eb5-b268-b89ac225aff8@group-0C8C0AA7542A, cid=2427, SUCCESS, logIndex=3603, commits[b461a7b0-028a-4eb5-b268-b89ac225aff8:c3603, b6ff45f5-67b8-463b-a273-c2e7d9dadd75:c3597, 6a5cb75f-f7eb-4671-9a85-3b6f7898f6cc:c3601]
2019-08-28 21:29:53,101 | INFO  | DNAudit | user=null | ip=null | op=WRITE_CHUNK {blockData=conID: 2 locID: 102696733428220490 bcsId: 3603} | ret=SUCCESS |  
2019-08-28 21:29:53,102 | INFO  | DNAudit | user=null | ip=null | op=WRITE_CHUNK {blockData=conID: 2 locID: 102696733428220490 bcsId: 3597} | ret=SUCCESS |  
2019-08-28 21:29:53,102 | INFO  | DNAudit | user=null | ip=null | op=PUT_BLOCK {blockData=[blockId=conID: 2 locID: 102696733428220490 bcsId: 0,size=3145728]} | ret=SUCCESS |  
2019-08-28 21:29:53,104 | INFO  | DNAudit | user=null | ip=null | op=WRITE_CHUNK {blockData=conID: 2 locID: 102696733428220490 bcsId: 3603} | ret=SUCCESS |  
2019-08-28 21:29:53,104 | INFO  | DNAudit | user=null | ip=null | op=WRITE_CHUNK {blockData=conID: 2 locID: 102696733428220490 bcsId: 3603} | ret=SUCCESS |  
2019-08-28 21:29:53,108 | INFO  | DNAudit | user=null | ip=null | op=WRITE_CHUNK {blockData=conID: 2 locID: 102696733428220490 bcsId: 3597} | ret=SUCCESS |  
2019-08-28 21:29:53,109 | INFO  | DNAudit | user=null | ip=null | op=PUT_BLOCK {blockData=[blockId=conID: 2 locID: 102696733428220490 bcsId: 0,size=3145728]} | ret=SUCCESS |  
2019-08-28 21:29:53,109 | INFO  | DNAudit | user=null | ip=null | op=WRITE_CHUNK {blockData=conID: 2 locID: 102696733428220490 bcsId: 3603} | ret=SUCCESS |  
2019-08-28 21:29:53,110 | INFO  | DNAudit | user=null | ip=null | op=PUT_BLOCK {blockData=[blockId=conID: 2 locID: 102696733428220490 bcsId: 0,size=4194304]} | ret=SUCCESS |  
2019-08-28 21:29:53,110 [grpc-default-executor-6] INFO  client.GrpcClientProtocolClient (GrpcClientProtocolClient.java:onNext(255)) - client-05DA20D107F8->b461a7b0-028a-4eb5-b268-b89ac225aff8: receive RaftClientReply:client-05DA20D107F8->b461a7b0-028a-4eb5-b268-b89ac225aff8@group-0C8C0AA7542A, cid=2428, SUCCESS, logIndex=3606, commits[b461a7b0-028a-4eb5-b268-b89ac225aff8:c3606, b6ff45f5-67b8-463b-a273-c2e7d9dadd75:c3603, 6a5cb75f-f7eb-4671-9a85-3b6f7898f6cc:c3603]
2019-08-28 21:29:53,111 [grpc-default-executor-6] INFO  client.GrpcClientProtocolClient (GrpcClientProtocolClient.java:onNext(255)) - client-05DA20D107F8->b461a7b0-028a-4eb5-b268-b89ac225aff8: receive RaftClientReply:client-05DA20D107F8->b461a7b0-028a-4eb5-b268-b89ac225aff8@group-0C8C0AA7542A, cid=2429, SUCCESS, logIndex=3607, commits[b461a7b0-028a-4eb5-b268-b89ac225aff8:c3607, b6ff45f5-67b8-463b-a273-c2e7d9dadd75:c3603, 6a5cb75f-f7eb-4671-9a85-3b6f7898f6cc:c3603]
2019-08-28 21:29:53,137 | INFO  | DNAudit | user=null | ip=null | op=WRITE_CHUNK {blockData=conID: 2 locID: 102696733428220490 bcsId: 3603} | ret=SUCCESS |  
2019-08-28 21:29:53,138 | INFO  | DNAudit | user=null | ip=null | op=PUT_BLOCK {blockData=[blockId=conID: 2 locID: 102696733428220490 bcsId: 0,size=4194304]} | ret=SUCCESS |  
2019-08-28 21:29:53,138 | INFO  | DNAudit | user=null | ip=null | op=WRITE_CHUNK {blockData=conID: 2 locID: 102696733428220490 bcsId: 3603} | ret=SUCCESS |  
2019-08-28 21:29:53,138 | INFO  | DNAudit | user=null | ip=null | op=PUT_BLOCK {blockData=[blockId=conID: 2 locID: 102696733428220490 bcsId: 0,size=4194304]} | ret=SUCCESS |  
2019-08-28 21:29:53,140 [grpc-default-executor-3] INFO  client.GrpcClientProtocolClient (GrpcClientProtocolClient.java:onNext(255)) - client-05DA20D107F8->b461a7b0-028a-4eb5-b268-b89ac225aff8: receive RaftClientReply:client-05DA20D107F8->b461a7b0-028a-4eb5-b268-b89ac225aff8@group-0C8C0AA7542A, cid=2430, SUCCESS, logIndex=0, commits[b461a7b0-028a-4eb5-b268-b89ac225aff8:c3608, b6ff45f5-67b8-463b-a273-c2e7d9dadd75:c3607, 6a5cb75f-f7eb-4671-9a85-3b6f7898f6cc:c3607]
2019-08-28 21:29:53,147 | INFO  | SCMAudit | user=jenkins1000 | ip=127.0.0.1 | op=ALLOCATE_BLOCK {owner=a0140aad-a474-4492-a39d-25bd6167d9f0, size=4194304, type=RATIS, factor=THREE} | ret=SUCCESS |  
2019-08-28 21:29:53,152 | INFO  | OMAudit | user=jenkins1000 | ip=127.0.0.1 | op=ALLOCATE_BLOCK {volume=vol-0-08922, bucket=bucket-0-29862, key=key-0-31337, dataSize=0, replicationType=null, replicationFactor=null, keyLocationInfo=null, clientID=102696731548516754} | ret=SUCCESS |  
2019-08-28 21:29:53,162 | INFO  | DNAudit | user=null | ip=null | op=WRITE_CHUNK {blockData=conID: 3 locID: 102696733451682379 bcsId: 0} | ret=SUCCESS |  
2019-08-28 21:29:53,165 | INFO  | DNAudit | user=null | ip=null | op=WRITE_CHUNK {blockData=conID: 3 locID: 102696733451682379 bcsId: 0} | ret=SUCCESS |  
2019-08-28 21:29:53,165 | INFO  | DNAudit | user=null | ip=null | op=WRITE_CHUNK {blockData=conID: 3 locID: 102696733451682379 bcsId: 0} | ret=SUCCESS |  
2019-08-28 21:29:53,165 | INFO  | DNAudit | user=null | ip=null | op=WRITE_CHUNK {blockData=conID: 3 locID: 102696733451682379 bcsId: 0} | ret=SUCCESS |  
2019-08-28 21:29:53,168 | INFO  | DNAudit | user=null | ip=null | op=WRITE_CHUNK {blockData=conID: 3 locID: 102696733451682379 bcsId: 0} | ret=SUCCESS |  
2019-08-28 21:29:53,168 | INFO  | DNAudit | user=null | ip=null | op=WRITE_CHUNK {blockData=conID: 3 locID: 102696733451682379 bcsId: 0} | ret=SUCCESS |  
2019-08-28 21:29:53,185 | INFO  | DNAudit | user=null | ip=null | op=WRITE_CHUNK {blockData=conID: 3 locID: 102696733451682379 bcsId: 0} | ret=SUCCESS |  
2019-08-28 21:29:53,186 | INFO  | DNAudit | user=null | ip=null | op=PUT_BLOCK {blockData=[blockId=conID: 3 locID: 102696733451682379 bcsId: 0,size=1048576]} | ret=SUCCESS |  
2019-08-28 21:29:53,186 [grpc-default-executor-6] INFO  client.GrpcClientProtocolClient (GrpcClientProtocolClient.java:onNext(255)) - client-05DA20D107F8->b461a7b0-028a-4eb5-b268-b89ac225aff8: receive RaftClientReply:client-05DA20D107F8->b461a7b0-028a-4eb5-b268-b89ac225aff8@group-0C8C0AA7542A, cid=2431, SUCCESS, logIndex=3610, commits[b461a7b0-028a-4eb5-b268-b89ac225aff8:c3611, b6ff45f5-67b8-463b-a273-c2e7d9dadd75:c3609, 6a5cb75f-f7eb-4671-9a85-3b6f7898f6cc:c3609]
2019-08-28 21:29:53,186 [grpc-default-executor-6] INFO  client.GrpcClientProtocolClient (GrpcClientProtocolClient.java:onNext(255)) - client-05DA20D107F8->b461a7b0-028a-4eb5-b268-b89ac225aff8: receive RaftClientReply:client-05DA20D107F8->b461a7b0-028a-4eb5-b268-b89ac225aff8@group-0C8C0AA7542A, cid=2432, SUCCESS, logIndex=3611, commits[b461a7b0-028a-4eb5-b268-b89ac225aff8:c3611, b6ff45f5-67b8-463b-a273-c2e7d9dadd75:c3609, 6a5cb75f-f7eb-4671-9a85-3b6f7898f6cc:c3609]
2019-08-28 21:29:53,205 | INFO  | DNAudit | user=null | ip=null | op=WRITE_CHUNK {blockData=conID: 3 locID: 102696733451682379 bcsId: 0} | ret=SUCCESS |  
2019-08-28 21:29:53,205 | INFO  | DNAudit | user=null | ip=null | op=PUT_BLOCK {blockData=[blockId=conID: 3 locID: 102696733451682379 bcsId: 0,size=2097152]} | ret=SUCCESS |  
2019-08-28 21:29:53,206 [grpc-default-executor-5] INFO  client.GrpcClientProtocolClient (GrpcClientProtocolClient.java:onNext(255)) - client-05DA20D107F8->b461a7b0-028a-4eb5-b268-b89ac225aff8: receive RaftClientReply:client-05DA20D107F8->b461a7b0-028a-4eb5-b268-b89ac225aff8@group-0C8C0AA7542A, cid=2433, SUCCESS, logIndex=3612, commits[b461a7b0-028a-4eb5-b268-b89ac225aff8:c3613, b6ff45f5-67b8-463b-a273-c2e7d9dadd75:c3609, 6a5cb75f-f7eb-4671-9a85-3b6f7898f6cc:c3609]
2019-08-28 21:29:53,206 [grpc-default-executor-5] INFO  client.GrpcClientProtocolClient (GrpcClientProtocolClient.java:onNext(255)) - client-05DA20D107F8->b461a7b0-028a-4eb5-b268-b89ac225aff8: receive RaftClientReply:client-05DA20D107F8->b461a7b0-028a-4eb5-b268-b89ac225aff8@group-0C8C0AA7542A, cid=2434, SUCCESS, logIndex=3613, commits[b461a7b0-028a-4eb5-b268-b89ac225aff8:c3613, b6ff45f5-67b8-463b-a273-c2e7d9dadd75:c3609, 6a5cb75f-f7eb-4671-9a85-3b6f7898f6cc:c3609]
2019-08-28 21:29:53,234 | INFO  | DNAudit | user=null | ip=null | op=WRITE_CHUNK {blockData=conID: 3 locID: 102696733451682379 bcsId: 0} | ret=SUCCESS |  
2019-08-28 21:29:53,234 | INFO  | DNAudit | user=null | ip=null | op=PUT_BLOCK {blockData=[blockId=conID: 3 locID: 102696733451682379 bcsId: 0,size=1048576]} | ret=SUCCESS |  
2019-08-28 21:29:53,235 | INFO  | DNAudit | user=null | ip=null | op=WRITE_CHUNK {blockData=conID: 3 locID: 102696733451682379 bcsId: 0} | ret=SUCCESS |  
2019-08-28 21:29:53,235 | INFO  | DNAudit | user=null | ip=null | op=WRITE_CHUNK {blockData=conID: 3 locID: 102696733451682379 bcsId: 0} | ret=SUCCESS |  
2019-08-28 21:29:53,235 | INFO  | DNAudit | user=null | ip=null | op=PUT_BLOCK {blockData=[blockId=conID: 3 locID: 102696733451682379 bcsId: 0,size=1048576]} | ret=SUCCESS |  
2019-08-28 21:29:53,235 | INFO  | DNAudit | user=null | ip=null | op=PUT_BLOCK {blockData=[blockId=conID: 3 locID: 102696733451682379 bcsId: 0,size=2097152]} | ret=SUCCESS |  
2019-08-28 21:29:53,236 [grpc-default-executor-5] INFO  client.GrpcClientProtocolClient (GrpcClientProtocolClient.java:onNext(255)) - client-05DA20D107F8->b461a7b0-028a-4eb5-b268-b89ac225aff8: receive RaftClientReply:client-05DA20D107F8->b461a7b0-028a-4eb5-b268-b89ac225aff8@group-0C8C0AA7542A, cid=2435, SUCCESS, logIndex=0, commits[b461a7b0-028a-4eb5-b268-b89ac225aff8:c3615, b6ff45f5-67b8-463b-a273-c2e7d9dadd75:c3611, 6a5cb75f-f7eb-4671-9a85-3b6f7898f6cc:c3611]
2019-08-28 21:29:53,246 | INFO  | DNAudit | user=null | ip=null | op=WRITE_CHUNK {blockData=conID: 3 locID: 102696733451682379 bcsId: 3613} | ret=SUCCESS |  
2019-08-28 21:29:53,249 | INFO  | DNAudit | user=null | ip=null | op=WRITE_CHUNK {blockData=conID: 3 locID: 102696733451682379 bcsId: 3613} | ret=SUCCESS |  
2019-08-28 21:29:53,250 | INFO  | DNAudit | user=null | ip=null | op=WRITE_CHUNK {blockData=conID: 3 locID: 102696733451682379 bcsId: 3613} | ret=SUCCESS |  
2019-08-28 21:29:53,278 | INFO  | DNAudit | user=null | ip=null | op=WRITE_CHUNK {blockData=conID: 3 locID: 102696733451682379 bcsId: 0} | ret=SUCCESS |  
2019-08-28 21:29:53,278 | INFO  | DNAudit | user=null | ip=null | op=PUT_BLOCK {blockData=[blockId=conID: 3 locID: 102696733451682379 bcsId: 0,size=2097152]} | ret=SUCCESS |  
2019-08-28 21:29:53,281 | INFO  | DNAudit | user=null | ip=null | op=WRITE_CHUNK {blockData=conID: 3 locID: 102696733451682379 bcsId: 3613} | ret=SUCCESS |  
2019-08-28 21:29:53,282 | INFO  | DNAudit | user=null | ip=null | op=PUT_BLOCK {blockData=[blockId=conID: 3 locID: 102696733451682379 bcsId: 0,size=3145728]} | ret=SUCCESS |  
2019-08-28 21:29:53,282 [grpc-default-executor-6] INFO  client.GrpcClientProtocolClient (GrpcClientProtocolClient.java:onNext(255)) - client-05DA20D107F8->b461a7b0-028a-4eb5-b268-b89ac225aff8: receive RaftClientReply:client-05DA20D107F8->b461a7b0-028a-4eb5-b268-b89ac225aff8@group-0C8C0AA7542A, cid=2436, SUCCESS, logIndex=3618, commits[b461a7b0-028a-4eb5-b268-b89ac225aff8:c3619, b6ff45f5-67b8-463b-a273-c2e7d9dadd75:c3617, 6a5cb75f-f7eb-4671-9a85-3b6f7898f6cc:c3613]
2019-08-28 21:29:53,282 [grpc-default-executor-6] INFO  client.GrpcClientProtocolClient (GrpcClientProtocolClient.java:onNext(255)) - client-05DA20D107F8->b461a7b0-028a-4eb5-b268-b89ac225aff8: receive RaftClientReply:client-05DA20D107F8->b461a7b0-028a-4eb5-b268-b89ac225aff8@group-0C8C0AA7542A, cid=2437, SUCCESS, logIndex=3619, commits[b461a7b0-028a-4eb5-b268-b89ac225aff8:c3619, b6ff45f5-67b8-463b-a273-c2e7d9dadd75:c3617, 6a5cb75f-f7eb-4671-9a85-3b6f7898f6cc:c3613]
2019-08-28 21:29:53,291 | INFO  | DNAudit | user=null | ip=null | op=WRITE_CHUNK {blockData=conID: 3 locID: 102696733451682379 bcsId: 3613} | ret=SUCCESS |  
2019-08-28 21:29:53,292 | INFO  | DNAudit | user=null | ip=null | op=PUT_BLOCK {blockData=[blockId=conID: 3 locID: 102696733451682379 bcsId: 0,size=3145728]} | ret=SUCCESS |  
2019-08-28 21:29:53,293 | INFO  | DNAudit | user=null | ip=null | op=WRITE_CHUNK {blockData=conID: 3 locID: 102696733451682379 bcsId: 3619} | ret=SUCCESS |  
2019-08-28 21:29:53,296 | INFO  | DNAudit | user=null | ip=null | op=WRITE_CHUNK {blockData=conID: 3 locID: 102696733451682379 bcsId: 3619} | ret=SUCCESS |  
2019-08-28 21:29:53,296 | INFO  | DNAudit | user=null | ip=null | op=WRITE_CHUNK {blockData=conID: 3 locID: 102696733451682379 bcsId: 3619} | ret=SUCCESS |  
2019-08-28 21:29:53,310 | INFO  | DNAudit | user=null | ip=null | op=WRITE_CHUNK {blockData=conID: 3 locID: 102696733451682379 bcsId: 3613} | ret=SUCCESS |  
2019-08-28 21:29:53,310 | INFO  | DNAudit | user=null | ip=null | op=PUT_BLOCK {blockData=[blockId=conID: 3 locID: 102696733451682379 bcsId: 0,size=3145728]} | ret=SUCCESS |  
2019-08-28 21:29:53,332 | INFO  | DNAudit | user=null | ip=null | op=WRITE_CHUNK {blockData=conID: 3 locID: 102696733451682379 bcsId: 3619} | ret=SUCCESS |  
2019-08-28 21:29:53,333 | INFO  | DNAudit | user=null | ip=null | op=PUT_BLOCK {blockData=[blockId=conID: 3 locID: 102696733451682379 bcsId: 0,size=4194304]} | ret=SUCCESS |  
2019-08-28 21:29:53,333 [grpc-default-executor-6] INFO  client.GrpcClientProtocolClient (GrpcClientProtocolClient.java:onNext(255)) - client-05DA20D107F8->b461a7b0-028a-4eb5-b268-b89ac225aff8: receive RaftClientReply:client-05DA20D107F8->b461a7b0-028a-4eb5-b268-b89ac225aff8@group-0C8C0AA7542A, cid=2438, SUCCESS, logIndex=3622, commits[b461a7b0-028a-4eb5-b268-b89ac225aff8:c3623, b6ff45f5-67b8-463b-a273-c2e7d9dadd75:c3619, 6a5cb75f-f7eb-4671-9a85-3b6f7898f6cc:c3619]
2019-08-28 21:29:53,334 [grpc-default-executor-6] INFO  client.GrpcClientProtocolClient (GrpcClientProtocolClient.java:onNext(255)) - client-05DA20D107F8->b461a7b0-028a-4eb5-b268-b89ac225aff8: receive RaftClientReply:client-05DA20D107F8->b461a7b0-028a-4eb5-b268-b89ac225aff8@group-0C8C0AA7542A, cid=2439, SUCCESS, logIndex=3623, commits[b461a7b0-028a-4eb5-b268-b89ac225aff8:c3623, b6ff45f5-67b8-463b-a273-c2e7d9dadd75:c3619, 6a5cb75f-f7eb-4671-9a85-3b6f7898f6cc:c3619]
2019-08-28 21:29:53,358 | INFO  | DNAudit | user=null | ip=null | op=WRITE_CHUNK {blockData=conID: 3 locID: 102696733451682379 bcsId: 3619} | ret=SUCCESS |  
2019-08-28 21:29:53,358 | INFO  | DNAudit | user=null | ip=null | op=WRITE_CHUNK {blockData=conID: 3 locID: 102696733451682379 bcsId: 3619} | ret=SUCCESS |  
2019-08-28 21:29:53,359 | INFO  | DNAudit | user=null | ip=null | op=PUT_BLOCK {blockData=[blockId=conID: 3 locID: 102696733451682379 bcsId: 0,size=4194304]} | ret=SUCCESS |  
2019-08-28 21:29:53,359 | INFO  | DNAudit | user=null | ip=null | op=PUT_BLOCK {blockData=[blockId=conID: 3 locID: 102696733451682379 bcsId: 0,size=4194304]} | ret=SUCCESS |  
2019-08-28 21:29:53,360 [grpc-default-executor-6] INFO  client.GrpcClientProtocolClient (GrpcClientProtocolClient.java:onNext(255)) - client-05DA20D107F8->b461a7b0-028a-4eb5-b268-b89ac225aff8: receive RaftClientReply:client-05DA20D107F8->b461a7b0-028a-4eb5-b268-b89ac225aff8@group-0C8C0AA7542A, cid=2440, SUCCESS, logIndex=0, commits[b461a7b0-028a-4eb5-b268-b89ac225aff8:c3625, b6ff45f5-67b8-463b-a273-c2e7d9dadd75:c3623, 6a5cb75f-f7eb-4671-9a85-3b6f7898f6cc:c3623]
2019-08-28 21:29:53,367 | INFO  | SCMAudit | user=jenkins1000 | ip=127.0.0.1 | op=ALLOCATE_BLOCK {owner=a0140aad-a474-4492-a39d-25bd6167d9f0, size=4194304, type=RATIS, factor=THREE} | ret=SUCCESS |  
2019-08-28 21:29:53,371 | INFO  | OMAudit | user=jenkins1000 | ip=127.0.0.1 | op=ALLOCATE_BLOCK {volume=vol-0-08922, bucket=bucket-0-29862, key=key-0-31337, dataSize=0, replicationType=null, replicationFactor=null, keyLocationInfo=null, clientID=102696731548516754} | ret=SUCCESS |  
2019-08-28 21:29:53,382 | INFO  | DNAudit | user=null | ip=null | op=WRITE_CHUNK {blockData=conID: 1 locID: 102696733466100300 bcsId: 0} | ret=SUCCESS |  
2019-08-28 21:29:53,385 | INFO  | DNAudit | user=null | ip=null | op=WRITE_CHUNK {blockData=conID: 1 locID: 102696733466100300 bcsId: 0} | ret=SUCCESS |  
2019-08-28 21:29:53,386 | INFO  | DNAudit | user=null | ip=null | op=WRITE_CHUNK {blockData=conID: 1 locID: 102696733466100300 bcsId: 0} | ret=SUCCESS |  
2019-08-28 21:29:53,387 | INFO  | DNAudit | user=null | ip=null | op=WRITE_CHUNK {blockData=conID: 1 locID: 102696733466100300 bcsId: 0} | ret=SUCCESS |  
2019-08-28 21:29:53,390 | INFO  | DNAudit | user=null | ip=null | op=WRITE_CHUNK {blockData=conID: 1 locID: 102696733466100300 bcsId: 0} | ret=SUCCESS |  
2019-08-28 21:29:53,390 | INFO  | DNAudit | user=null | ip=null | op=WRITE_CHUNK {blockData=conID: 1 locID: 102696733466100300 bcsId: 0} | ret=SUCCESS |  
2019-08-28 21:29:53,400 | INFO  | DNAudit | user=null | ip=null | op=WRITE_CHUNK {blockData=conID: 1 locID: 102696733466100300 bcsId: 0} | ret=SUCCESS |  
2019-08-28 21:29:53,401 | INFO  | DNAudit | user=null | ip=null | op=PUT_BLOCK {blockData=[blockId=conID: 1 locID: 102696733466100300 bcsId: 0,size=1048576]} | ret=SUCCESS |  
2019-08-28 21:29:53,401 [grpc-default-executor-5] INFO  client.GrpcClientProtocolClient (GrpcClientProtocolClient.java:onNext(255)) - client-05DA20D107F8->b461a7b0-028a-4eb5-b268-b89ac225aff8: receive RaftClientReply:client-05DA20D107F8->b461a7b0-028a-4eb5-b268-b89ac225aff8@group-0C8C0AA7542A, cid=2441, SUCCESS, logIndex=3626, commits[b461a7b0-028a-4eb5-b268-b89ac225aff8:c3629, b6ff45f5-67b8-463b-a273-c2e7d9dadd75:c3625, 6a5cb75f-f7eb-4671-9a85-3b6f7898f6cc:c3625]
2019-08-28 21:29:53,401 | INFO  | DNAudit | user=null | ip=null | op=WRITE_CHUNK {blockData=conID: 1 locID: 102696733466100300 bcsId: 0} | ret=SUCCESS |  
2019-08-28 21:29:53,401 [grpc-default-executor-5] INFO  client.GrpcClientProtocolClient (GrpcClientProtocolClient.java:onNext(255)) - client-05DA20D107F8->b461a7b0-028a-4eb5-b268-b89ac225aff8: receive RaftClientReply:client-05DA20D107F8->b461a7b0-028a-4eb5-b268-b89ac225aff8@group-0C8C0AA7542A, cid=2442, SUCCESS, logIndex=3627, commits[b461a7b0-028a-4eb5-b268-b89ac225aff8:c3629, b6ff45f5-67b8-463b-a273-c2e7d9dadd75:c3625, 6a5cb75f-f7eb-4671-9a85-3b6f7898f6cc:c3625]
2019-08-28 21:29:53,402 | INFO  | DNAudit | user=null | ip=null | op=PUT_BLOCK {blockData=[blockId=conID: 1 locID: 102696733466100300 bcsId: 0,size=2097152]} | ret=SUCCESS |  
2019-08-28 21:29:53,402 [grpc-default-executor-5] INFO  client.GrpcClientProtocolClient (GrpcClientProtocolClient.java:onNext(255)) - client-05DA20D107F8->b461a7b0-028a-4eb5-b268-b89ac225aff8: receive RaftClientReply:client-05DA20D107F8->b461a7b0-028a-4eb5-b268-b89ac225aff8@group-0C8C0AA7542A, cid=2443, SUCCESS, logIndex=3628, commits[b461a7b0-028a-4eb5-b268-b89ac225aff8:c3629, b6ff45f5-67b8-463b-a273-c2e7d9dadd75:c3625, 6a5cb75f-f7eb-4671-9a85-3b6f7898f6cc:c3625]
2019-08-28 21:29:53,402 [grpc-default-executor-5] INFO  client.GrpcClientProtocolClient (GrpcClientProtocolClient.java:onNext(255)) - client-05DA20D107F8->b461a7b0-028a-4eb5-b268-b89ac225aff8: receive RaftClientReply:client-05DA20D107F8->b461a7b0-028a-4eb5-b268-b89ac225aff8@group-0C8C0AA7542A, cid=2444, SUCCESS, logIndex=3629, commits[b461a7b0-028a-4eb5-b268-b89ac225aff8:c3629, b6ff45f5-67b8-463b-a273-c2e7d9dadd75:c3625, 6a5cb75f-f7eb-4671-9a85-3b6f7898f6cc:c3625]
2019-08-28 21:29:53,414 | INFO  | DNAudit | user=null | ip=null | op=WRITE_CHUNK {blockData=conID: 1 locID: 102696733466100300 bcsId: 0} | ret=SUCCESS |  
2019-08-28 21:29:53,414 | INFO  | DNAudit | user=null | ip=null | op=PUT_BLOCK {blockData=[blockId=conID: 1 locID: 102696733466100300 bcsId: 0,size=1048576]} | ret=SUCCESS |  
2019-08-28 21:29:53,414 | INFO  | DNAudit | user=null | ip=null | op=WRITE_CHUNK {blockData=conID: 1 locID: 102696733466100300 bcsId: 0} | ret=SUCCESS |  
2019-08-28 21:29:53,415 | INFO  | DNAudit | user=null | ip=null | op=PUT_BLOCK {blockData=[blockId=conID: 1 locID: 102696733466100300 bcsId: 0,size=1048576]} | ret=SUCCESS |  
2019-08-28 21:29:53,415 | INFO  | DNAudit | user=null | ip=null | op=WRITE_CHUNK {blockData=conID: 1 locID: 102696733466100300 bcsId: 0} | ret=SUCCESS |  
2019-08-28 21:29:53,415 | INFO  | DNAudit | user=null | ip=null | op=PUT_BLOCK {blockData=[blockId=conID: 1 locID: 102696733466100300 bcsId: 0,size=2097152]} | ret=SUCCESS |  
2019-08-28 21:29:53,416 [grpc-default-executor-6] INFO  client.GrpcClientProtocolClient (GrpcClientProtocolClient.java:onNext(255)) - client-05DA20D107F8->b461a7b0-028a-4eb5-b268-b89ac225aff8: receive RaftClientReply:client-05DA20D107F8->b461a7b0-028a-4eb5-b268-b89ac225aff8@group-0C8C0AA7542A, cid=2445, SUCCESS, logIndex=0, commits[b461a7b0-028a-4eb5-b268-b89ac225aff8:c3630, b6ff45f5-67b8-463b-a273-c2e7d9dadd75:c3627, 6a5cb75f-f7eb-4671-9a85-3b6f7898f6cc:c3627]
2019-08-28 21:29:53,417 | INFO  | DNAudit | user=null | ip=null | op=WRITE_CHUNK {blockData=conID: 1 locID: 102696733466100300 bcsId: 0} | ret=SUCCESS |  
2019-08-28 21:29:53,418 | INFO  | DNAudit | user=null | ip=null | op=PUT_BLOCK {blockData=[blockId=conID: 1 locID: 102696733466100300 bcsId: 0,size=2097152]} | ret=SUCCESS |  
2019-08-28 21:29:53,427 | INFO  | DNAudit | user=null | ip=null | op=WRITE_CHUNK {blockData=conID: 1 locID: 102696733466100300 bcsId: 3629} | ret=SUCCESS |  
2019-08-28 21:29:53,430 | INFO  | DNAudit | user=null | ip=null | op=WRITE_CHUNK {blockData=conID: 1 locID: 102696733466100300 bcsId: 3629} | ret=SUCCESS |  
2019-08-28 21:29:53,430 | INFO  | DNAudit | user=null | ip=null | op=WRITE_CHUNK {blockData=conID: 1 locID: 102696733466100300 bcsId: 3629} | ret=SUCCESS |  
2019-08-28 21:29:53,433 | INFO  | DNAudit | user=null | ip=null | op=WRITE_CHUNK {blockData=conID: 1 locID: 102696733466100300 bcsId: 3629} | ret=SUCCESS |  
2019-08-28 21:29:53,433 | INFO  | DNAudit | user=null | ip=null | op=PUT_BLOCK {blockData=[blockId=conID: 1 locID: 102696733466100300 bcsId: 0,size=3145728]} | ret=SUCCESS |  
2019-08-28 21:29:53,433 [grpc-default-executor-5] INFO  client.GrpcClientProtocolClient (GrpcClientProtocolClient.java:onNext(255)) - client-05DA20D107F8->b461a7b0-028a-4eb5-b268-b89ac225aff8: receive RaftClientReply:client-05DA20D107F8->b461a7b0-028a-4eb5-b268-b89ac225aff8@group-0C8C0AA7542A, cid=2446, SUCCESS, logIndex=3634, commits[b461a7b0-028a-4eb5-b268-b89ac225aff8:c3635, b6ff45f5-67b8-463b-a273-c2e7d9dadd75:c3633, 6a5cb75f-f7eb-4671-9a85-3b6f7898f6cc:c3633]
2019-08-28 21:29:53,434 [grpc-default-executor-5] INFO  client.GrpcClientProtocolClient (GrpcClientProtocolClient.java:onNext(255)) - client-05DA20D107F8->b461a7b0-028a-4eb5-b268-b89ac225aff8: receive RaftClientReply:client-05DA20D107F8->b461a7b0-028a-4eb5-b268-b89ac225aff8@group-0C8C0AA7542A, cid=2447, SUCCESS, logIndex=3635, commits[b461a7b0-028a-4eb5-b268-b89ac225aff8:c3635, b6ff45f5-67b8-463b-a273-c2e7d9dadd75:c3633, 6a5cb75f-f7eb-4671-9a85-3b6f7898f6cc:c3633]
2019-08-28 21:29:53,441 | INFO  | DNAudit | user=null | ip=null | op=WRITE_CHUNK {blockData=conID: 1 locID: 102696733466100300 bcsId: 3635} | ret=SUCCESS |  
2019-08-28 21:29:53,444 | INFO  | DNAudit | user=null | ip=null | op=WRITE_CHUNK {blockData=conID: 1 locID: 102696733466100300 bcsId: 3629} | ret=SUCCESS |  
2019-08-28 21:29:53,444 | INFO  | DNAudit | user=null | ip=null | op=WRITE_CHUNK {blockData=conID: 1 locID: 102696733466100300 bcsId: 3629} | ret=SUCCESS |  
2019-08-28 21:29:53,444 | INFO  | DNAudit | user=null | ip=null | op=WRITE_CHUNK {blockData=conID: 1 locID: 102696733466100300 bcsId: 3635} | ret=SUCCESS |  
2019-08-28 21:29:53,445 | INFO  | DNAudit | user=null | ip=null | op=WRITE_CHUNK {blockData=conID: 1 locID: 102696733466100300 bcsId: 3635} | ret=SUCCESS |  
2019-08-28 21:29:53,446 | INFO  | DNAudit | user=null | ip=null | op=PUT_BLOCK {blockData=[blockId=conID: 1 locID: 102696733466100300 bcsId: 0,size=3145728]} | ret=SUCCESS |  
2019-08-28 21:29:53,446 | INFO  | DNAudit | user=null | ip=null | op=PUT_BLOCK {blockData=[blockId=conID: 1 locID: 102696733466100300 bcsId: 0,size=3145728]} | ret=SUCCESS |  
2019-08-28 21:29:53,446 | INFO  | DNAudit | user=null | ip=null | op=WRITE_CHUNK {blockData=conID: 1 locID: 102696733466100300 bcsId: 3635} | ret=SUCCESS |  
2019-08-28 21:29:53,447 | INFO  | DNAudit | user=null | ip=null | op=PUT_BLOCK {blockData=[blockId=conID: 1 locID: 102696733466100300 bcsId: 0,size=4194304]} | ret=SUCCESS |  
2019-08-28 21:29:53,447 [grpc-default-executor-6] INFO  client.GrpcClientProtocolClient (GrpcClientProtocolClient.java:onNext(255)) - client-05DA20D107F8->b461a7b0-028a-4eb5-b268-b89ac225aff8: receive RaftClientReply:client-05DA20D107F8->b461a7b0-028a-4eb5-b268-b89ac225aff8@group-0C8C0AA7542A, cid=2448, SUCCESS, logIndex=3638, commits[b461a7b0-028a-4eb5-b268-b89ac225aff8:c3639, b6ff45f5-67b8-463b-a273-c2e7d9dadd75:c3635, 6a5cb75f-f7eb-4671-9a85-3b6f7898f6cc:c3635]
2019-08-28 21:29:53,447 [grpc-default-executor-6] INFO  client.GrpcClientProtocolClient (GrpcClientProtocolClient.java:onNext(255)) - client-05DA20D107F8->b461a7b0-028a-4eb5-b268-b89ac225aff8: receive RaftClientReply:client-05DA20D107F8->b461a7b0-028a-4eb5-b268-b89ac225aff8@group-0C8C0AA7542A, cid=2449, SUCCESS, logIndex=3639, commits[b461a7b0-028a-4eb5-b268-b89ac225aff8:c3639, b6ff45f5-67b8-463b-a273-c2e7d9dadd75:c3635, 6a5cb75f-f7eb-4671-9a85-3b6f7898f6cc:c3635]
2019-08-28 21:29:53,460 | INFO  | DNAudit | user=null | ip=null | op=WRITE_CHUNK {blockData=conID: 1 locID: 102696733466100300 bcsId: 3635} | ret=SUCCESS |  
2019-08-28 21:29:53,460 | INFO  | DNAudit | user=null | ip=null | op=WRITE_CHUNK {blockData=conID: 1 locID: 102696733466100300 bcsId: 3635} | ret=SUCCESS |  
2019-08-28 21:29:53,460 | INFO  | DNAudit | user=null | ip=null | op=PUT_BLOCK {blockData=[blockId=conID: 1 locID: 102696733466100300 bcsId: 0,size=4194304]} | ret=SUCCESS |  
2019-08-28 21:29:53,460 | INFO  | DNAudit | user=null | ip=null | op=PUT_BLOCK {blockData=[blockId=conID: 1 locID: 102696733466100300 bcsId: 0,size=4194304]} | ret=SUCCESS |  
2019-08-28 21:29:53,460 [grpc-default-executor-6] INFO  client.GrpcClientProtocolClient (GrpcClientProtocolClient.java:onNext(255)) - client-05DA20D107F8->b461a7b0-028a-4eb5-b268-b89ac225aff8: receive RaftClientReply:client-05DA20D107F8->b461a7b0-028a-4eb5-b268-b89ac225aff8@group-0C8C0AA7542A, cid=2450, SUCCESS, logIndex=0, commits[b461a7b0-028a-4eb5-b268-b89ac225aff8:c3640, b6ff45f5-67b8-463b-a273-c2e7d9dadd75:c3639, 6a5cb75f-f7eb-4671-9a85-3b6f7898f6cc:c3639]
2019-08-28 21:29:53,466 | INFO  | SCMAudit | user=jenkins1000 | ip=127.0.0.1 | op=ALLOCATE_BLOCK {owner=a0140aad-a474-4492-a39d-25bd6167d9f0, size=4194304, type=RATIS, factor=THREE} | ret=SUCCESS |  
2019-08-28 21:29:53,469 | INFO  | OMAudit | user=jenkins1000 | ip=127.0.0.1 | op=ALLOCATE_BLOCK {volume=vol-0-08922, bucket=bucket-0-29862, key=key-0-31337, dataSize=0, replicationType=null, replicationFactor=null, keyLocationInfo=null, clientID=102696731548516754} | ret=SUCCESS |  
2019-08-28 21:29:53,476 | INFO  | DNAudit | user=null | ip=null | op=WRITE_CHUNK {blockData=conID: 2 locID: 102696733472588365 bcsId: 0} | ret=SUCCESS |  
2019-08-28 21:29:53,479 | INFO  | DNAudit | user=null | ip=null | op=WRITE_CHUNK {blockData=conID: 2 locID: 102696733472588365 bcsId: 0} | ret=SUCCESS |  
2019-08-28 21:29:53,479 | INFO  | DNAudit | user=null | ip=null | op=WRITE_CHUNK {blockData=conID: 2 locID: 102696733472588365 bcsId: 0} | ret=SUCCESS |  
2019-08-28 21:29:53,479 | INFO  | DNAudit | user=null | ip=null | op=WRITE_CHUNK {blockData=conID: 2 locID: 102696733472588365 bcsId: 0} | ret=SUCCESS |  
2019-08-28 21:29:53,481 | INFO  | DNAudit | user=null | ip=null | op=WRITE_CHUNK {blockData=conID: 2 locID: 102696733472588365 bcsId: 0} | ret=SUCCESS |  
2019-08-28 21:29:53,481 | INFO  | DNAudit | user=null | ip=null | op=WRITE_CHUNK {blockData=conID: 2 locID: 102696733472588365 bcsId: 0} | ret=SUCCESS |  
2019-08-28 21:29:53,514 | INFO  | DNAudit | user=null | ip=null | op=WRITE_CHUNK {blockData=conID: 2 locID: 102696733472588365 bcsId: 0} | ret=SUCCESS |  
2019-08-28 21:29:53,515 | INFO  | DNAudit | user=null | ip=null | op=PUT_BLOCK {blockData=[blockId=conID: 2 locID: 102696733472588365 bcsId: 0,size=1048576]} | ret=SUCCESS |  
2019-08-28 21:29:53,515 [grpc-default-executor-5] INFO  client.GrpcClientProtocolClient (GrpcClientProtocolClient.java:onNext(255)) - client-05DA20D107F8->b461a7b0-028a-4eb5-b268-b89ac225aff8: receive RaftClientReply:client-05DA20D107F8->b461a7b0-028a-4eb5-b268-b89ac225aff8@group-0C8C0AA7542A, cid=2451, SUCCESS, logIndex=3642, commits[b461a7b0-028a-4eb5-b268-b89ac225aff8:c3644, b6ff45f5-67b8-463b-a273-c2e7d9dadd75:c3640, 6a5cb75f-f7eb-4671-9a85-3b6f7898f6cc:c3640]
2019-08-28 21:29:53,515 | INFO  | DNAudit | user=null | ip=null | op=WRITE_CHUNK {blockData=conID: 2 locID: 102696733472588365 bcsId: 0} | ret=SUCCESS |  
2019-08-28 21:29:53,516 [grpc-default-executor-5] INFO  client.GrpcClientProtocolClient (GrpcClientProtocolClient.java:onNext(255)) - client-05DA20D107F8->b461a7b0-028a-4eb5-b268-b89ac225aff8: receive RaftClientReply:client-05DA20D107F8->b461a7b0-028a-4eb5-b268-b89ac225aff8@group-0C8C0AA7542A, cid=2452, SUCCESS, logIndex=3643, commits[b461a7b0-028a-4eb5-b268-b89ac225aff8:c3645, b6ff45f5-67b8-463b-a273-c2e7d9dadd75:c3640, 6a5cb75f-f7eb-4671-9a85-3b6f7898f6cc:c3640]
2019-08-28 21:29:53,516 | INFO  | DNAudit | user=null | ip=null | op=PUT_BLOCK {blockData=[blockId=conID: 2 locID: 102696733472588365 bcsId: 0,size=2097152]} | ret=SUCCESS |  
2019-08-28 21:29:53,516 [grpc-default-executor-5] INFO  client.GrpcClientProtocolClient (GrpcClientProtocolClient.java:onNext(255)) - client-05DA20D107F8->b461a7b0-028a-4eb5-b268-b89ac225aff8: receive RaftClientReply:client-05DA20D107F8->b461a7b0-028a-4eb5-b268-b89ac225aff8@group-0C8C0AA7542A, cid=2453, SUCCESS, logIndex=3644, commits[b461a7b0-028a-4eb5-b268-b89ac225aff8:c3645, b6ff45f5-67b8-463b-a273-c2e7d9dadd75:c3640, 6a5cb75f-f7eb-4671-9a85-3b6f7898f6cc:c3640]
2019-08-28 21:29:53,516 [grpc-default-executor-5] INFO  client.GrpcClientProtocolClient (GrpcClientProtocolClient.java:onNext(255)) - client-05DA20D107F8->b461a7b0-028a-4eb5-b268-b89ac225aff8: receive RaftClientReply:client-05DA20D107F8->b461a7b0-028a-4eb5-b268-b89ac225aff8@group-0C8C0AA7542A, cid=2454, SUCCESS, logIndex=3645, commits[b461a7b0-028a-4eb5-b268-b89ac225aff8:c3645, b6ff45f5-67b8-463b-a273-c2e7d9dadd75:c3640, 6a5cb75f-f7eb-4671-9a85-3b6f7898f6cc:c3640]
2019-08-28 21:29:53,524 | INFO  | DNAudit | user=null | ip=null | op=WRITE_CHUNK {blockData=conID: 2 locID: 102696733472588365 bcsId: 0} | ret=SUCCESS |  
2019-08-28 21:29:53,524 | INFO  | DNAudit | user=null | ip=null | op=WRITE_CHUNK {blockData=conID: 2 locID: 102696733472588365 bcsId: 0} | ret=SUCCESS |  
2019-08-28 21:29:53,525 | INFO  | DNAudit | user=null | ip=null | op=PUT_BLOCK {blockData=[blockId=conID: 2 locID: 102696733472588365 bcsId: 0,size=1048576]} | ret=SUCCESS |  
2019-08-28 21:29:53,525 | INFO  | DNAudit | user=null | ip=null | op=PUT_BLOCK {blockData=[blockId=conID: 2 locID: 102696733472588365 bcsId: 0,size=1048576]} | ret=SUCCESS |  
2019-08-28 21:29:53,526 | INFO  | DNAudit | user=null | ip=null | op=WRITE_CHUNK {blockData=conID: 2 locID: 102696733472588365 bcsId: 0} | ret=SUCCESS |  
2019-08-28 21:29:53,526 | INFO  | DNAudit | user=null | ip=null | op=PUT_BLOCK {blockData=[blockId=conID: 2 locID: 102696733472588365 bcsId: 0,size=2097152]} | ret=SUCCESS |  
2019-08-28 21:29:53,526 | INFO  | DNAudit | user=null | ip=null | op=WRITE_CHUNK {blockData=conID: 2 locID: 102696733472588365 bcsId: 0} | ret=SUCCESS |  
2019-08-28 21:29:53,526 [grpc-default-executor-5] INFO  client.GrpcClientProtocolClient (GrpcClientProtocolClient.java:onNext(255)) - client-05DA20D107F8->b461a7b0-028a-4eb5-b268-b89ac225aff8: receive RaftClientReply:client-05DA20D107F8->b461a7b0-028a-4eb5-b268-b89ac225aff8@group-0C8C0AA7542A, cid=2455, SUCCESS, logIndex=0, commits[b461a7b0-028a-4eb5-b268-b89ac225aff8:c3647, b6ff45f5-67b8-463b-a273-c2e7d9dadd75:c3643, 6a5cb75f-f7eb-4671-9a85-3b6f7898f6cc:c3643]
2019-08-28 21:29:53,526 | INFO  | DNAudit | user=null | ip=null | op=PUT_BLOCK {blockData=[blockId=conID: 2 locID: 102696733472588365 bcsId: 0,size=2097152]} | ret=SUCCESS |  
2019-08-28 21:29:53,532 | INFO  | DNAudit | user=null | ip=null | op=WRITE_CHUNK {blockData=conID: 2 locID: 102696733472588365 bcsId: 3645} | ret=SUCCESS |  
2019-08-28 21:29:53,535 | INFO  | DNAudit | user=null | ip=null | op=WRITE_CHUNK {blockData=conID: 2 locID: 102696733472588365 bcsId: 3645} | ret=SUCCESS |  
2019-08-28 21:29:53,536 | INFO  | DNAudit | user=null | ip=null | op=WRITE_CHUNK {blockData=conID: 2 locID: 102696733472588365 bcsId: 3645} | ret=SUCCESS |  
2019-08-28 21:29:53,553 | INFO  | DNAudit | user=null | ip=null | op=WRITE_CHUNK {blockData=conID: 2 locID: 102696733472588365 bcsId: 3645} | ret=SUCCESS |  
2019-08-28 21:29:53,554 | INFO  | DNAudit | user=null | ip=null | op=PUT_BLOCK {blockData=[blockId=conID: 2 locID: 102696733472588365 bcsId: 0,size=3145728]} | ret=SUCCESS |  
2019-08-28 21:29:53,554 [grpc-default-executor-5] INFO  client.GrpcClientProtocolClient (GrpcClientProtocolClient.java:onNext(255)) - client-05DA20D107F8->b461a7b0-028a-4eb5-b268-b89ac225aff8: receive RaftClientReply:client-05DA20D107F8->b461a7b0-028a-4eb5-b268-b89ac225aff8@group-0C8C0AA7542A, cid=2456, SUCCESS, logIndex=3650, commits[b461a7b0-028a-4eb5-b268-b89ac225aff8:c3651, b6ff45f5-67b8-463b-a273-c2e7d9dadd75:c3649, 6a5cb75f-f7eb-4671-9a85-3b6f7898f6cc:c3649]
2019-08-28 21:29:53,554 [grpc-default-executor-5] INFO  client.GrpcClientProtocolClient (GrpcClientProtocolClient.java:onNext(255)) - client-05DA20D107F8->b461a7b0-028a-4eb5-b268-b89ac225aff8: receive RaftClientReply:client-05DA20D107F8->b461a7b0-028a-4eb5-b268-b89ac225aff8@group-0C8C0AA7542A, cid=2457, SUCCESS, logIndex=3651, commits[b461a7b0-028a-4eb5-b268-b89ac225aff8:c3651, b6ff45f5-67b8-463b-a273-c2e7d9dadd75:c3649, 6a5cb75f-f7eb-4671-9a85-3b6f7898f6cc:c3649]
2019-08-28 21:29:53,561 | INFO  | DNAudit | user=null | ip=null | op=WRITE_CHUNK {blockData=conID: 2 locID: 102696733472588365 bcsId: 3651} | ret=SUCCESS |  
2019-08-28 21:29:53,564 | INFO  | DNAudit | user=null | ip=null | op=WRITE_CHUNK {blockData=conID: 2 locID: 102696733472588365 bcsId: 3651} | ret=SUCCESS |  
2019-08-28 21:29:53,564 | INFO  | DNAudit | user=null | ip=null | op=WRITE_CHUNK {blockData=conID: 2 locID: 102696733472588365 bcsId: 3651} | ret=SUCCESS |  
2019-08-28 21:29:53,572 | INFO  | DNAudit | user=null | ip=null | op=WRITE_CHUNK {blockData=conID: 2 locID: 102696733472588365 bcsId: 3645} | ret=SUCCESS |  
2019-08-28 21:29:53,572 | INFO  | DNAudit | user=null | ip=null | op=WRITE_CHUNK {blockData=conID: 2 locID: 102696733472588365 bcsId: 3645} | ret=SUCCESS |  
2019-08-28 21:29:53,572 | INFO  | DNAudit | user=null | ip=null | op=PUT_BLOCK {blockData=[blockId=conID: 2 locID: 102696733472588365 bcsId: 0,size=3145728]} | ret=SUCCESS |  
2019-08-28 21:29:53,572 | INFO  | DNAudit | user=null | ip=null | op=PUT_BLOCK {blockData=[blockId=conID: 2 locID: 102696733472588365 bcsId: 0,size=3145728]} | ret=SUCCESS |  
2019-08-28 21:29:53,594 | INFO  | DNAudit | user=null | ip=null | op=WRITE_CHUNK {blockData=conID: 2 locID: 102696733472588365 bcsId: 3651} | ret=SUCCESS |  
2019-08-28 21:29:53,595 | INFO  | DNAudit | user=null | ip=null | op=PUT_BLOCK {blockData=[blockId=conID: 2 locID: 102696733472588365 bcsId: 0,size=4194304]} | ret=SUCCESS |  
2019-08-28 21:29:53,595 [grpc-default-executor-1] INFO  client.GrpcClientProtocolClient (GrpcClientProtocolClient.java:onNext(255)) - client-05DA20D107F8->b461a7b0-028a-4eb5-b268-b89ac225aff8: receive RaftClientReply:client-05DA20D107F8->b461a7b0-028a-4eb5-b268-b89ac225aff8@group-0C8C0AA7542A, cid=2458, SUCCESS, logIndex=3654, commits[b461a7b0-028a-4eb5-b268-b89ac225aff8:c3655, b6ff45f5-67b8-463b-a273-c2e7d9dadd75:c3651, 6a5cb75f-f7eb-4671-9a85-3b6f7898f6cc:c3651]
2019-08-28 21:29:53,595 [grpc-default-executor-1] INFO  client.GrpcClientProtocolClient (GrpcClientProtocolClient.java:onNext(255)) - client-05DA20D107F8->b461a7b0-028a-4eb5-b268-b89ac225aff8: receive RaftClientReply:client-05DA20D107F8->b461a7b0-028a-4eb5-b268-b89ac225aff8@group-0C8C0AA7542A, cid=2459, SUCCESS, logIndex=3655, commits[b461a7b0-028a-4eb5-b268-b89ac225aff8:c3655, b6ff45f5-67b8-463b-a273-c2e7d9dadd75:c3651, 6a5cb75f-f7eb-4671-9a85-3b6f7898f6cc:c3651]
2019-08-28 21:29:53,619 | INFO  | DNAudit | user=null | ip=null | op=WRITE_CHUNK {blockData=conID: 2 locID: 102696733472588365 bcsId: 3651} | ret=SUCCESS |  
2019-08-28 21:29:53,619 | INFO  | DNAudit | user=null | ip=null | op=WRITE_CHUNK {blockData=conID: 2 locID: 102696733472588365 bcsId: 3651} | ret=SUCCESS |  
2019-08-28 21:29:53,632 | INFO  | DNAudit | user=null | ip=null | op=PUT_BLOCK {blockData=[blockId=conID: 2 locID: 102696733472588365 bcsId: 0,size=4194304]} | ret=SUCCESS |  
2019-08-28 21:29:53,632 | INFO  | DNAudit | user=null | ip=null | op=PUT_BLOCK {blockData=[blockId=conID: 2 locID: 102696733472588365 bcsId: 0,size=4194304]} | ret=SUCCESS |  
2019-08-28 21:29:53,633 [grpc-default-executor-1] INFO  client.GrpcClientProtocolClient (GrpcClientProtocolClient.java:onNext(255)) - client-05DA20D107F8->b461a7b0-028a-4eb5-b268-b89ac225aff8: receive RaftClientReply:client-05DA20D107F8->b461a7b0-028a-4eb5-b268-b89ac225aff8@group-0C8C0AA7542A, cid=2460, SUCCESS, logIndex=0, commits[b461a7b0-028a-4eb5-b268-b89ac225aff8:c3657, b6ff45f5-67b8-463b-a273-c2e7d9dadd75:c3655, 6a5cb75f-f7eb-4671-9a85-3b6f7898f6cc:c3655]
2019-08-28 21:29:53,639 | INFO  | SCMAudit | user=jenkins1000 | ip=192.168.36.107 | op=SEND_HEARTBEAT {datanodeUUID=68f89a68-6a96-4cde-8528-8617611d459d, command=[]} | ret=SUCCESS |  
2019-08-28 21:29:53,639 | INFO  | SCMAudit | user=jenkins1000 | ip=192.168.36.107 | op=SEND_HEARTBEAT {datanodeUUID=b6ff45f5-67b8-463b-a273-c2e7d9dadd75, command=[]} | ret=SUCCESS |  
2019-08-28 21:29:53,639 | INFO  | SCMAudit | user=jenkins1000 | ip=192.168.36.107 | op=SEND_HEARTBEAT {datanodeUUID=6a5cb75f-f7eb-4671-9a85-3b6f7898f6cc, command=[]} | ret=SUCCESS |  
2019-08-28 21:29:53,639 | INFO  | SCMAudit | user=jenkins1000 | ip=192.168.36.107 | op=SEND_HEARTBEAT {datanodeUUID=b461a7b0-028a-4eb5-b268-b89ac225aff8, command=[]} | ret=SUCCESS |  
2019-08-28 21:29:53,639 | INFO  | SCMAudit | user=jenkins1000 | ip=192.168.36.107 | op=SEND_HEARTBEAT {datanodeUUID=af4986ea-80d8-4c92-96d2-2b3929a4248a, command=[]} | ret=SUCCESS |  
 0.00% |█                                                                                                    |  0/1 Time: 0:00:292019-08-28 21:29:53,640 | INFO  | SCMAudit | user=jenkins1000 | ip=127.0.0.1 | op=ALLOCATE_BLOCK {owner=a0140aad-a474-4492-a39d-25bd6167d9f0, size=4194304, type=RATIS, factor=THREE} | ret=SUCCESS |  
2019-08-28 21:29:53,644 | INFO  | OMAudit | user=jenkins1000 | ip=127.0.0.1 | op=ALLOCATE_BLOCK {volume=vol-0-08922, bucket=bucket-0-29862, key=key-0-31337, dataSize=0, replicationType=null, replicationFactor=null, keyLocationInfo=null, clientID=102696731548516754} | ret=SUCCESS |  
2019-08-28 21:29:53,652 | INFO  | DNAudit | user=null | ip=null | op=WRITE_CHUNK {blockData=conID: 3 locID: 102696733483991630 bcsId: 0} | ret=SUCCESS |  
2019-08-28 21:29:53,654 | INFO  | DNAudit | user=null | ip=null | op=WRITE_CHUNK {blockData=conID: 3 locID: 102696733483991630 bcsId: 0} | ret=SUCCESS |  
2019-08-28 21:29:53,656 | INFO  | DNAudit | user=null | ip=null | op=WRITE_CHUNK {blockData=conID: 3 locID: 102696733483991630 bcsId: 0} | ret=SUCCESS |  
2019-08-28 21:29:53,657 | INFO  | DNAudit | user=null | ip=null | op=WRITE_CHUNK {blockData=conID: 3 locID: 102696733483991630 bcsId: 0} | ret=SUCCESS |  
2019-08-28 21:29:53,657 | INFO  | DNAudit | user=null | ip=null | op=WRITE_CHUNK {blockData=conID: 3 locID: 102696733483991630 bcsId: 0} | ret=SUCCESS |  
2019-08-28 21:29:53,658 | INFO  | DNAudit | user=null | ip=null | op=WRITE_CHUNK {blockData=conID: 3 locID: 102696733483991630 bcsId: 0} | ret=SUCCESS |  
2019-08-28 21:29:53,676 | INFO  | DNAudit | user=null | ip=null | op=WRITE_CHUNK {blockData=conID: 3 locID: 102696733483991630 bcsId: 0} | ret=SUCCESS |  
2019-08-28 21:29:53,677 | INFO  | DNAudit | user=null | ip=null | op=PUT_BLOCK {blockData=[blockId=conID: 3 locID: 102696733483991630 bcsId: 0,size=1048576]} | ret=SUCCESS |  
2019-08-28 21:29:53,677 | INFO  | DNAudit | user=null | ip=null | op=WRITE_CHUNK {blockData=conID: 3 locID: 102696733483991630 bcsId: 0} | ret=SUCCESS |  
2019-08-28 21:29:53,677 [grpc-default-executor-5] INFO  client.GrpcClientProtocolClient (GrpcClientProtocolClient.java:onNext(255)) - client-05DA20D107F8->b461a7b0-028a-4eb5-b268-b89ac225aff8: receive RaftClientReply:client-05DA20D107F8->b461a7b0-028a-4eb5-b268-b89ac225aff8@group-0C8C0AA7542A, cid=2461, SUCCESS, logIndex=3658, commits[b461a7b0-028a-4eb5-b268-b89ac225aff8:c3659, b6ff45f5-67b8-463b-a273-c2e7d9dadd75:c3657, 6a5cb75f-f7eb-4671-9a85-3b6f7898f6cc:c3657]
2019-08-28 21:29:53,678 | INFO  | DNAudit | user=null | ip=null | op=PUT_BLOCK {blockData=[blockId=conID: 3 locID: 102696733483991630 bcsId: 0,size=2097152]} | ret=SUCCESS |  
2019-08-28 21:29:53,678 [grpc-default-executor-5] INFO  client.GrpcClientProtocolClient (GrpcClientProtocolClient.java:onNext(255)) - client-05DA20D107F8->b461a7b0-028a-4eb5-b268-b89ac225aff8: receive RaftClientReply:client-05DA20D107F8->b461a7b0-028a-4eb5-b268-b89ac225aff8@group-0C8C0AA7542A, cid=2462, SUCCESS, logIndex=3659, commits[b461a7b0-028a-4eb5-b268-b89ac225aff8:c3661, b6ff45f5-67b8-463b-a273-c2e7d9dadd75:c3657, 6a5cb75f-f7eb-4671-9a85-3b6f7898f6cc:c3657]
2019-08-28 21:29:53,678 [grpc-default-executor-5] INFO  client.GrpcClientProtocolClient (GrpcClientProtocolClient.java:onNext(255)) - client-05DA20D107F8->b461a7b0-028a-4eb5-b268-b89ac225aff8: receive RaftClientReply:client-05DA20D107F8->b461a7b0-028a-4eb5-b268-b89ac225aff8@group-0C8C0AA7542A, cid=2463, SUCCESS, logIndex=3660, commits[b461a7b0-028a-4eb5-b268-b89ac225aff8:c3661, b6ff45f5-67b8-463b-a273-c2e7d9dadd75:c3657, 6a5cb75f-f7eb-4671-9a85-3b6f7898f6cc:c3657]
2019-08-28 21:29:53,679 [grpc-default-executor-5] INFO  client.GrpcClientProtocolClient (GrpcClientProtocolClient.java:onNext(255)) - client-05DA20D107F8->b461a7b0-028a-4eb5-b268-b89ac225aff8: receive RaftClientReply:client-05DA20D107F8->b461a7b0-028a-4eb5-b268-b89ac225aff8@group-0C8C0AA7542A, cid=2464, SUCCESS, logIndex=3661, commits[b461a7b0-028a-4eb5-b268-b89ac225aff8:c3661, b6ff45f5-67b8-463b-a273-c2e7d9dadd75:c3657, 6a5cb75f-f7eb-4671-9a85-3b6f7898f6cc:c3657]
2019-08-28 21:29:54,214 | INFO  | DNAudit | user=null | ip=null | op=WRITE_CHUNK {blockData=conID: 3 locID: 102696733483991630 bcsId: 0} | ret=SUCCESS |  
2019-08-28 21:29:54,216 | INFO  | DNAudit | user=null | ip=null | op=WRITE_CHUNK {blockData=conID: 3 locID: 102696733483991630 bcsId: 0} | ret=SUCCESS |  
2019-08-28 21:29:54,217 | INFO  | DNAudit | user=null | ip=null | op=PUT_BLOCK {blockData=[blockId=conID: 3 locID: 102696733483991630 bcsId: 0,size=1048576]} | ret=SUCCESS |  
2019-08-28 21:29:54,335 | INFO  | DNAudit | user=null | ip=null | op=WRITE_CHUNK {blockData=conID: 3 locID: 102696733483991630 bcsId: 0} | ret=SUCCESS |  
2019-08-28 21:29:54,335 | INFO  | DNAudit | user=null | ip=null | op=PUT_BLOCK {blockData=[blockId=conID: 3 locID: 102696733483991630 bcsId: 0,size=1048576]} | ret=SUCCESS |  
2019-08-28 21:29:54,335 | INFO  | DNAudit | user=null | ip=null | op=PUT_BLOCK {blockData=[blockId=conID: 3 locID: 102696733483991630 bcsId: 0,size=2097152]} | ret=SUCCESS |  
2019-08-28 21:29:54,335 | INFO  | DNAudit | user=null | ip=null | op=WRITE_CHUNK {blockData=conID: 3 locID: 102696733483991630 bcsId: 0} | ret=SUCCESS |  
2019-08-28 21:29:54,336 | INFO  | DNAudit | user=null | ip=null | op=PUT_BLOCK {blockData=[blockId=conID: 3 locID: 102696733483991630 bcsId: 0,size=2097152]} | ret=SUCCESS |  
2019-08-28 21:29:54,336 [grpc-default-executor-5] INFO  client.GrpcClientProtocolClient (GrpcClientProtocolClient.java:onNext(255)) - client-05DA20D107F8->b461a7b0-028a-4eb5-b268-b89ac225aff8: receive RaftClientReply:client-05DA20D107F8->b461a7b0-028a-4eb5-b268-b89ac225aff8@group-0C8C0AA7542A, cid=2465, SUCCESS, logIndex=0, commits[b461a7b0-028a-4eb5-b268-b89ac225aff8:c3664, b6ff45f5-67b8-463b-a273-c2e7d9dadd75:c3661, 6a5cb75f-f7eb-4671-9a85-3b6f7898f6cc:c3659]
2019-08-28 21:29:54,345 | INFO  | DNAudit | user=null | ip=null | op=WRITE_CHUNK {blockData=conID: 3 locID: 102696733483991630 bcsId: 3661} | ret=SUCCESS |  
2019-08-28 21:29:54,348 | INFO  | DNAudit | user=null | ip=null | op=WRITE_CHUNK {blockData=conID: 3 locID: 102696733483991630 bcsId: 3661} | ret=SUCCESS |  
2019-08-28 21:29:54,349 | INFO  | DNAudit | user=null | ip=null | op=WRITE_CHUNK {blockData=conID: 3 locID: 102696733483991630 bcsId: 3661} | ret=SUCCESS |  
2019-08-28 21:29:54,385 | INFO  | DNAudit | user=null | ip=null | op=WRITE_CHUNK {blockData=conID: 3 locID: 102696733483991630 bcsId: 3661} | ret=SUCCESS |  
2019-08-28 21:29:54,385 | INFO  | DNAudit | user=null | ip=null | op=PUT_BLOCK {blockData=[blockId=conID: 3 locID: 102696733483991630 bcsId: 0,size=3145728]} | ret=SUCCESS |  
2019-08-28 21:29:54,386 [grpc-default-executor-1] INFO  client.GrpcClientProtocolClient (GrpcClientProtocolClient.java:onNext(255)) - client-05DA20D107F8->b461a7b0-028a-4eb5-b268-b89ac225aff8: receive RaftClientReply:client-05DA20D107F8->b461a7b0-028a-4eb5-b268-b89ac225aff8@group-0C8C0AA7542A, cid=2466, SUCCESS, logIndex=3665, commits[b461a7b0-028a-4eb5-b268-b89ac225aff8:c3666, b6ff45f5-67b8-463b-a273-c2e7d9dadd75:c3664, 6a5cb75f-f7eb-4671-9a85-3b6f7898f6cc:c3664]
2019-08-28 21:29:54,386 [grpc-default-executor-1] INFO  client.GrpcClientProtocolClient (GrpcClientProtocolClient.java:onNext(255)) - client-05DA20D107F8->b461a7b0-028a-4eb5-b268-b89ac225aff8: receive RaftClientReply:client-05DA20D107F8->b461a7b0-028a-4eb5-b268-b89ac225aff8@group-0C8C0AA7542A, cid=2467, SUCCESS, logIndex=3666, commits[b461a7b0-028a-4eb5-b268-b89ac225aff8:c3666, b6ff45f5-67b8-463b-a273-c2e7d9dadd75:c3664, 6a5cb75f-f7eb-4671-9a85-3b6f7898f6cc:c3664]
2019-08-28 21:29:54,395 | INFO  | DNAudit | user=null | ip=null | op=WRITE_CHUNK {blockData=conID: 3 locID: 102696733483991630 bcsId: 3666} | ret=SUCCESS |  
2019-08-28 21:29:54,398 | INFO  | DNAudit | user=null | ip=null | op=WRITE_CHUNK {blockData=conID: 3 locID: 102696733483991630 bcsId: 3666} | ret=SUCCESS |  
2019-08-28 21:29:54,398 | INFO  | DNAudit | user=null | ip=null | op=WRITE_CHUNK {blockData=conID: 3 locID: 102696733483991630 bcsId: 3666} | ret=SUCCESS |  
2019-08-28 21:29:54,398 | INFO  | DNAudit | user=null | ip=null | op=WRITE_CHUNK {blockData=conID: 3 locID: 102696733483991630 bcsId: 3661} | ret=SUCCESS |  
2019-08-28 21:29:54,398 | INFO  | DNAudit | user=null | ip=null | op=WRITE_CHUNK {blockData=conID: 3 locID: 102696733483991630 bcsId: 3661} | ret=SUCCESS |  
2019-08-28 21:29:54,417 | INFO  | DNAudit | user=null | ip=null | op=PUT_BLOCK {blockData=[blockId=conID: 3 locID: 102696733483991630 bcsId: 0,size=3145728]} | ret=SUCCESS |  
2019-08-28 21:29:54,418 | INFO  | DNAudit | user=null | ip=null | op=PUT_BLOCK {blockData=[blockId=conID: 3 locID: 102696733483991630 bcsId: 0,size=3145728]} | ret=SUCCESS |  
2019-08-28 21:29:54,418 | INFO  | DNAudit | user=null | ip=null | op=WRITE_CHUNK {blockData=conID: 3 locID: 102696733483991630 bcsId: 3666} | ret=SUCCESS |  
2019-08-28 21:29:54,418 | INFO  | DNAudit | user=null | ip=null | op=PUT_BLOCK {blockData=[blockId=conID: 3 locID: 102696733483991630 bcsId: 0,size=4194304]} | ret=SUCCESS |  
2019-08-28 21:29:54,419 [grpc-default-executor-3] INFO  client.GrpcClientProtocolClient (GrpcClientProtocolClient.java:onNext(255)) - client-05DA20D107F8->b461a7b0-028a-4eb5-b268-b89ac225aff8: receive RaftClientReply:client-05DA20D107F8->b461a7b0-028a-4eb5-b268-b89ac225aff8@group-0C8C0AA7542A, cid=2468, SUCCESS, logIndex=3669, commits[b461a7b0-028a-4eb5-b268-b89ac225aff8:c3670, b6ff45f5-67b8-463b-a273-c2e7d9dadd75:c3666, 6a5cb75f-f7eb-4671-9a85-3b6f7898f6cc:c3666]
2019-08-28 21:29:54,419 [grpc-default-executor-3] INFO  client.GrpcClientProtocolClient (GrpcClientProtocolClient.java:onNext(255)) - client-05DA20D107F8->b461a7b0-028a-4eb5-b268-b89ac225aff8: receive RaftClientReply:client-05DA20D107F8->b461a7b0-028a-4eb5-b268-b89ac225aff8@group-0C8C0AA7542A, cid=2469, SUCCESS, logIndex=3670, commits[b461a7b0-028a-4eb5-b268-b89ac225aff8:c3670, b6ff45f5-67b8-463b-a273-c2e7d9dadd75:c3666, 6a5cb75f-f7eb-4671-9a85-3b6f7898f6cc:c3666]
2019-08-28 21:29:54,454 | INFO  | DNAudit | user=null | ip=null | op=WRITE_CHUNK {blockData=conID: 3 locID: 102696733483991630 bcsId: 3666} | ret=SUCCESS |  
2019-08-28 21:29:54,454 | INFO  | DNAudit | user=null | ip=null | op=WRITE_CHUNK {blockData=conID: 3 locID: 102696733483991630 bcsId: 3666} | ret=SUCCESS |  
2019-08-28 21:29:54,478 | INFO  | DNAudit | user=null | ip=null | op=PUT_BLOCK {blockData=[blockId=conID: 3 locID: 102696733483991630 bcsId: 0,size=4194304]} | ret=SUCCESS |  
2019-08-28 21:29:54,480 | INFO  | DNAudit | user=null | ip=null | op=PUT_BLOCK {blockData=[blockId=conID: 3 locID: 102696733483991630 bcsId: 0,size=4194304]} | ret=SUCCESS |  
2019-08-28 21:29:54,480 [grpc-default-executor-5] INFO  client.GrpcClientProtocolClient (GrpcClientProtocolClient.java:onNext(255)) - client-05DA20D107F8->b461a7b0-028a-4eb5-b268-b89ac225aff8: receive RaftClientReply:client-05DA20D107F8->b461a7b0-028a-4eb5-b268-b89ac225aff8@group-0C8C0AA7542A, cid=2470, SUCCESS, logIndex=0, commits[b461a7b0-028a-4eb5-b268-b89ac225aff8:c3672, b6ff45f5-67b8-463b-a273-c2e7d9dadd75:c3670, 6a5cb75f-f7eb-4671-9a85-3b6f7898f6cc:c3670]
2019-08-28 21:29:54,487 | INFO  | SCMAudit | user=jenkins1000 | ip=127.0.0.1 | op=ALLOCATE_BLOCK {owner=a0140aad-a474-4492-a39d-25bd6167d9f0, size=4194304, type=RATIS, factor=THREE} | ret=SUCCESS |  
2019-08-28 21:29:54,492 | INFO  | OMAudit | user=jenkins1000 | ip=127.0.0.1 | op=ALLOCATE_BLOCK {volume=vol-0-08922, bucket=bucket-0-29862, key=key-0-31337, dataSize=0, replicationType=null, replicationFactor=null, keyLocationInfo=null, clientID=102696731548516754} | ret=SUCCESS |  
2019-08-28 21:29:54,500 | INFO  | DNAudit | user=null | ip=null | op=WRITE_CHUNK {blockData=conID: 1 locID: 102696733539500623 bcsId: 0} | ret=SUCCESS |  
2019-08-28 21:29:54,503 | INFO  | DNAudit | user=null | ip=null | op=WRITE_CHUNK {blockData=conID: 1 locID: 102696733539500623 bcsId: 0} | ret=SUCCESS |  
2019-08-28 21:29:54,504 | INFO  | DNAudit | user=null | ip=null | op=WRITE_CHUNK {blockData=conID: 1 locID: 102696733539500623 bcsId: 0} | ret=SUCCESS |  
2019-08-28 21:29:54,505 | INFO  | DNAudit | user=null | ip=null | op=WRITE_CHUNK {blockData=conID: 1 locID: 102696733539500623 bcsId: 0} | ret=SUCCESS |  
2019-08-28 21:29:54,507 | INFO  | DNAudit | user=null | ip=null | op=WRITE_CHUNK {blockData=conID: 1 locID: 102696733539500623 bcsId: 0} | ret=SUCCESS |  
2019-08-28 21:29:54,507 | INFO  | DNAudit | user=null | ip=null | op=WRITE_CHUNK {blockData=conID: 1 locID: 102696733539500623 bcsId: 0} | ret=SUCCESS |  
2019-08-28 21:29:54,510 | INFO  | DNAudit | user=null | ip=null | op=WRITE_CHUNK {blockData=conID: 1 locID: 102696733539500623 bcsId: 0} | ret=SUCCESS |  
2019-08-28 21:29:54,511 | INFO  | DNAudit | user=null | ip=null | op=PUT_BLOCK {blockData=[blockId=conID: 1 locID: 102696733539500623 bcsId: 0,size=1048576]} | ret=SUCCESS |  
2019-08-28 21:29:54,511 [grpc-default-executor-3] INFO  client.GrpcClientProtocolClient (GrpcClientProtocolClient.java:onNext(255)) - client-05DA20D107F8->b461a7b0-028a-4eb5-b268-b89ac225aff8: receive RaftClientReply:client-05DA20D107F8->b461a7b0-028a-4eb5-b268-b89ac225aff8@group-0C8C0AA7542A, cid=2471, SUCCESS, logIndex=3673, commits[b461a7b0-028a-4eb5-b268-b89ac225aff8:c3674, b6ff45f5-67b8-463b-a273-c2e7d9dadd75:c3672, 6a5cb75f-f7eb-4671-9a85-3b6f7898f6cc:c3672]
2019-08-28 21:29:54,511 [grpc-default-executor-3] INFO  client.GrpcClientProtocolClient (GrpcClientProtocolClient.java:onNext(255)) - client-05DA20D107F8->b461a7b0-028a-4eb5-b268-b89ac225aff8: receive RaftClientReply:client-05DA20D107F8->b461a7b0-028a-4eb5-b268-b89ac225aff8@group-0C8C0AA7542A, cid=2472, SUCCESS, logIndex=3674, commits[b461a7b0-028a-4eb5-b268-b89ac225aff8:c3674, b6ff45f5-67b8-463b-a273-c2e7d9dadd75:c3672, 6a5cb75f-f7eb-4671-9a85-3b6f7898f6cc:c3672]
2019-08-28 21:29:54,513 | INFO  | DNAudit | user=null | ip=null | op=WRITE_CHUNK {blockData=conID: 1 locID: 102696733539500623 bcsId: 0} | ret=SUCCESS |  
2019-08-28 21:29:54,513 | INFO  | DNAudit | user=null | ip=null | op=PUT_BLOCK {blockData=[blockId=conID: 1 locID: 102696733539500623 bcsId: 0,size=2097152]} | ret=SUCCESS |  
2019-08-28 21:29:54,514 [grpc-default-executor-5] INFO  client.GrpcClientProtocolClient (GrpcClientProtocolClient.java:onNext(255)) - client-05DA20D107F8->b461a7b0-028a-4eb5-b268-b89ac225aff8: receive RaftClientReply:client-05DA20D107F8->b461a7b0-028a-4eb5-b268-b89ac225aff8@group-0C8C0AA7542A, cid=2473, SUCCESS, logIndex=3675, commits[b461a7b0-028a-4eb5-b268-b89ac225aff8:c3676, b6ff45f5-67b8-463b-a273-c2e7d9dadd75:c3672, 6a5cb75f-f7eb-4671-9a85-3b6f7898f6cc:c3672]
2019-08-28 21:29:54,514 [grpc-default-executor-5] INFO  client.GrpcClientProtocolClient (GrpcClientProtocolClient.java:onNext(255)) - client-05DA20D107F8->b461a7b0-028a-4eb5-b268-b89ac225aff8: receive RaftClientReply:client-05DA20D107F8->b461a7b0-028a-4eb5-b268-b89ac225aff8@group-0C8C0AA7542A, cid=2474, SUCCESS, logIndex=3676, commits[b461a7b0-028a-4eb5-b268-b89ac225aff8:c3676, b6ff45f5-67b8-463b-a273-c2e7d9dadd75:c3672, 6a5cb75f-f7eb-4671-9a85-3b6f7898f6cc:c3672]
2019-08-28 21:29:54,516 | INFO  | DNAudit | user=null | ip=null | op=WRITE_CHUNK {blockData=conID: 1 locID: 102696733539500623 bcsId: 0} | ret=SUCCESS |  
2019-08-28 21:29:54,516 | INFO  | DNAudit | user=null | ip=null | op=WRITE_CHUNK {blockData=conID: 1 locID: 102696733539500623 bcsId: 0} | ret=SUCCESS |  
2019-08-28 21:29:54,516 | INFO  | DNAudit | user=null | ip=null | op=PUT_BLOCK {blockData=[blockId=conID: 1 locID: 102696733539500623 bcsId: 0,size=1048576]} | ret=SUCCESS |  
2019-08-28 21:29:54,516 | INFO  | DNAudit | user=null | ip=null | op=PUT_BLOCK {blockData=[blockId=conID: 1 locID: 102696733539500623 bcsId: 0,size=1048576]} | ret=SUCCESS |  
2019-08-28 21:29:54,517 [grpc-default-executor-5] INFO  client.GrpcClientProtocolClient (GrpcClientProtocolClient.java:onNext(255)) - client-05DA20D107F8->b461a7b0-028a-4eb5-b268-b89ac225aff8: receive RaftClientReply:client-05DA20D107F8->b461a7b0-028a-4eb5-b268-b89ac225aff8@group-0C8C0AA7542A, cid=2475, SUCCESS, logIndex=0, commits[b461a7b0-028a-4eb5-b268-b89ac225aff8:c3678, b6ff45f5-67b8-463b-a273-c2e7d9dadd75:c3674, 6a5cb75f-f7eb-4671-9a85-3b6f7898f6cc:c3674]
2019-08-28 21:29:54,525 | INFO  | DNAudit | user=null | ip=null | op=WRITE_CHUNK {blockData=conID: 1 locID: 102696733539500623 bcsId: 3676} | ret=SUCCESS |  
2019-08-28 21:29:54,527 | INFO  | DNAudit | user=null | ip=null | op=WRITE_CHUNK {blockData=conID: 1 locID: 102696733539500623 bcsId: 3676} | ret=SUCCESS |  
2019-08-28 21:29:54,527 | INFO  | DNAudit | user=null | ip=null | op=WRITE_CHUNK {blockData=conID: 1 locID: 102696733539500623 bcsId: 3676} | ret=SUCCESS |  
2019-08-28 21:29:54,542 | INFO  | DNAudit | user=null | ip=null | op=WRITE_CHUNK {blockData=conID: 1 locID: 102696733539500623 bcsId: 0} | ret=SUCCESS |  
2019-08-28 21:29:54,542 | INFO  | DNAudit | user=null | ip=null | op=PUT_BLOCK {blockData=[blockId=conID: 1 locID: 102696733539500623 bcsId: 0,size=2097152]} | ret=SUCCESS |  
2019-08-28 21:29:54,551 | INFO  | DNAudit | user=null | ip=null | op=WRITE_CHUNK {blockData=conID: 1 locID: 102696733539500623 bcsId: 0} | ret=SUCCESS |  
2019-08-28 21:29:54,551 | INFO  | DNAudit | user=null | ip=null | op=PUT_BLOCK {blockData=[blockId=conID: 1 locID: 102696733539500623 bcsId: 0,size=2097152]} | ret=SUCCESS |  
2019-08-28 21:29:54,551 | INFO  | DNAudit | user=null | ip=null | op=WRITE_CHUNK {blockData=conID: 1 locID: 102696733539500623 bcsId: 3676} | ret=SUCCESS |  
2019-08-28 21:29:54,552 | INFO  | DNAudit | user=null | ip=null | op=PUT_BLOCK {blockData=[blockId=conID: 1 locID: 102696733539500623 bcsId: 0,size=3145728]} | ret=SUCCESS |  
2019-08-28 21:29:54,552 [grpc-default-executor-3] INFO  client.GrpcClientProtocolClient (GrpcClientProtocolClient.java:onNext(255)) - client-05DA20D107F8->b461a7b0-028a-4eb5-b268-b89ac225aff8: receive RaftClientReply:client-05DA20D107F8->b461a7b0-028a-4eb5-b268-b89ac225aff8@group-0C8C0AA7542A, cid=2476, SUCCESS, logIndex=3681, commits[b461a7b0-028a-4eb5-b268-b89ac225aff8:c3682, b6ff45f5-67b8-463b-a273-c2e7d9dadd75:c3678, 6a5cb75f-f7eb-4671-9a85-3b6f7898f6cc:c3676]
2019-08-28 21:29:54,552 [grpc-default-executor-3] INFO  client.GrpcClientProtocolClient (GrpcClientProtocolClient.java:onNext(255)) - client-05DA20D107F8->b461a7b0-028a-4eb5-b268-b89ac225aff8: receive RaftClientReply:client-05DA20D107F8->b461a7b0-028a-4eb5-b268-b89ac225aff8@group-0C8C0AA7542A, cid=2477, SUCCESS, logIndex=3682, commits[b461a7b0-028a-4eb5-b268-b89ac225aff8:c3682, b6ff45f5-67b8-463b-a273-c2e7d9dadd75:c3678, 6a5cb75f-f7eb-4671-9a85-3b6f7898f6cc:c3676]
2019-08-28 21:29:54,560 | INFO  | DNAudit | user=null | ip=null | op=WRITE_CHUNK {blockData=conID: 1 locID: 102696733539500623 bcsId: 3682} | ret=SUCCESS |  
2019-08-28 21:29:54,562 | INFO  | DNAudit | user=null | ip=null | op=WRITE_CHUNK {blockData=conID: 1 locID: 102696733539500623 bcsId: 3682} | ret=SUCCESS |  
2019-08-28 21:29:54,563 | INFO  | DNAudit | user=null | ip=null | op=WRITE_CHUNK {blockData=conID: 1 locID: 102696733539500623 bcsId: 3682} | ret=SUCCESS |  
2019-08-28 21:29:54,578 | INFO  | DNAudit | user=null | ip=null | op=WRITE_CHUNK {blockData=conID: 1 locID: 102696733539500623 bcsId: 3676} | ret=SUCCESS |  
2019-08-28 21:29:54,578 | INFO  | DNAudit | user=null | ip=null | op=WRITE_CHUNK {blockData=conID: 1 locID: 102696733539500623 bcsId: 3676} | ret=SUCCESS |  
2019-08-28 21:29:54,578 | INFO  | DNAudit | user=null | ip=null | op=PUT_BLOCK {blockData=[blockId=conID: 1 locID: 102696733539500623 bcsId: 0,size=3145728]} | ret=SUCCESS |  
2019-08-28 21:29:54,579 | INFO  | DNAudit | user=null | ip=null | op=PUT_BLOCK {blockData=[blockId=conID: 1 locID: 102696733539500623 bcsId: 0,size=3145728]} | ret=SUCCESS |  
2019-08-28 21:29:54,580 | INFO  | DNAudit | user=null | ip=null | op=WRITE_CHUNK {blockData=conID: 1 locID: 102696733539500623 bcsId: 3682} | ret=SUCCESS |  
2019-08-28 21:29:54,580 | INFO  | DNAudit | user=null | ip=null | op=PUT_BLOCK {blockData=[blockId=conID: 1 locID: 102696733539500623 bcsId: 0,size=4194304]} | ret=SUCCESS |  
2019-08-28 21:29:54,580 [grpc-default-executor-5] INFO  client.GrpcClientProtocolClient (GrpcClientProtocolClient.java:onNext(255)) - client-05DA20D107F8->b461a7b0-028a-4eb5-b268-b89ac225aff8: receive RaftClientReply:client-05DA20D107F8->b461a7b0-028a-4eb5-b268-b89ac225aff8@group-0C8C0AA7542A, cid=2478, SUCCESS, logIndex=3685, commits[b461a7b0-028a-4eb5-b268-b89ac225aff8:c3686, b6ff45f5-67b8-463b-a273-c2e7d9dadd75:c3682, 6a5cb75f-f7eb-4671-9a85-3b6f7898f6cc:c3682]
2019-08-28 21:29:54,581 [grpc-default-executor-5] INFO  client.GrpcClientProtocolClient (GrpcClientProtocolClient.java:onNext(255)) - client-05DA20D107F8->b461a7b0-028a-4eb5-b268-b89ac225aff8: receive RaftClientReply:client-05DA20D107F8->b461a7b0-028a-4eb5-b268-b89ac225aff8@group-0C8C0AA7542A, cid=2479, SUCCESS, logIndex=3686, commits[b461a7b0-028a-4eb5-b268-b89ac225aff8:c3686, b6ff45f5-67b8-463b-a273-c2e7d9dadd75:c3682, 6a5cb75f-f7eb-4671-9a85-3b6f7898f6cc:c3682]
2019-08-28 21:29:54,604 | INFO  | DNAudit | user=null | ip=null | op=WRITE_CHUNK {blockData=conID: 1 locID: 102696733539500623 bcsId: 3682} | ret=SUCCESS |  
2019-08-28 21:29:54,604 | INFO  | DNAudit | user=null | ip=null | op=WRITE_CHUNK {blockData=conID: 1 locID: 102696733539500623 bcsId: 3682} | ret=SUCCESS |  
2019-08-28 21:29:54,621 | INFO  | DNAudit | user=null | ip=null | op=PUT_BLOCK {blockData=[blockId=conID: 1 locID: 102696733539500623 bcsId: 0,size=4194304]} | ret=SUCCESS |  
2019-08-28 21:29:54,621 | INFO  | DNAudit | user=null | ip=null | op=PUT_BLOCK {blockData=[blockId=conID: 1 locID: 102696733539500623 bcsId: 0,size=4194304]} | ret=SUCCESS |  
2019-08-28 21:29:54,621 [grpc-default-executor-5] INFO  client.GrpcClientProtocolClient (GrpcClientProtocolClient.java:onNext(255)) - client-05DA20D107F8->b461a7b0-028a-4eb5-b268-b89ac225aff8: receive RaftClientReply:client-05DA20D107F8->b461a7b0-028a-4eb5-b268-b89ac225aff8@group-0C8C0AA7542A, cid=2480, SUCCESS, logIndex=0, commits[b461a7b0-028a-4eb5-b268-b89ac225aff8:c3688, b6ff45f5-67b8-463b-a273-c2e7d9dadd75:c3686, 6a5cb75f-f7eb-4671-9a85-3b6f7898f6cc:c3686]
2019-08-28 21:29:54,628 | INFO  | SCMAudit | user=jenkins1000 | ip=127.0.0.1 | op=ALLOCATE_BLOCK {owner=a0140aad-a474-4492-a39d-25bd6167d9f0, size=4194304, type=RATIS, factor=THREE} | ret=SUCCESS |  
2019-08-28 21:29:54,632 | INFO  | OMAudit | user=jenkins1000 | ip=127.0.0.1 | op=ALLOCATE_BLOCK {volume=vol-0-08922, bucket=bucket-0-29862, key=key-0-31337, dataSize=0, replicationType=null, replicationFactor=null, keyLocationInfo=null, clientID=102696731548516754} | ret=SUCCESS |  
2019-08-28 21:29:54,639 | INFO  | SCMAudit | user=jenkins1000 | ip=192.168.36.107 | op=SEND_HEARTBEAT {datanodeUUID=68f89a68-6a96-4cde-8528-8617611d459d, command=[]} | ret=SUCCESS |  
2019-08-28 21:29:54,639 | INFO  | SCMAudit | user=jenkins1000 | ip=192.168.36.107 | op=SEND_HEARTBEAT {datanodeUUID=b6ff45f5-67b8-463b-a273-c2e7d9dadd75, command=[]} | ret=SUCCESS |  
2019-08-28 21:29:54,639 | INFO  | SCMAudit | user=jenkins1000 | ip=192.168.36.107 | op=SEND_HEARTBEAT {datanodeUUID=b461a7b0-028a-4eb5-b268-b89ac225aff8, command=[]} | ret=SUCCESS |  
2019-08-28 21:29:54,639 | INFO  | SCMAudit | user=jenkins1000 | ip=192.168.36.107 | op=SEND_HEARTBEAT {datanodeUUID=6a5cb75f-f7eb-4671-9a85-3b6f7898f6cc, command=[]} | ret=SUCCESS |  
2019-08-28 21:29:54,639 | INFO  | SCMAudit | user=jenkins1000 | ip=192.168.36.107 | op=SEND_HEARTBEAT {datanodeUUID=af4986ea-80d8-4c92-96d2-2b3929a4248a, command=[]} | ret=SUCCESS |  
 0.00% |█                                                                                                    |  0/1 Time: 0:00:302019-08-28 21:29:54,640 | INFO  | DNAudit | user=null | ip=null | op=WRITE_CHUNK {blockData=conID: 2 locID: 102696733548741200 bcsId: 0} | ret=SUCCESS |  
2019-08-28 21:29:54,644 | INFO  | DNAudit | user=null | ip=null | op=WRITE_CHUNK {blockData=conID: 2 locID: 102696733548741200 bcsId: 0} | ret=SUCCESS |  
2019-08-28 21:29:54,644 | INFO  | DNAudit | user=null | ip=null | op=WRITE_CHUNK {blockData=conID: 2 locID: 102696733548741200 bcsId: 0} | ret=SUCCESS |  
2019-08-28 21:29:54,644 | INFO  | DNAudit | user=null | ip=null | op=WRITE_CHUNK {blockData=conID: 2 locID: 102696733548741200 bcsId: 0} | ret=SUCCESS |  
2019-08-28 21:29:54,645 | INFO  | DNAudit | user=null | ip=null | op=WRITE_CHUNK {blockData=conID: 2 locID: 102696733548741200 bcsId: 0} | ret=SUCCESS |  
2019-08-28 21:29:54,646 | INFO  | DNAudit | user=null | ip=null | op=WRITE_CHUNK {blockData=conID: 2 locID: 102696733548741200 bcsId: 0} | ret=SUCCESS |  
2019-08-28 21:29:54,680 | INFO  | DNAudit | user=null | ip=null | op=WRITE_CHUNK {blockData=conID: 2 locID: 102696733548741200 bcsId: 0} | ret=SUCCESS |  
2019-08-28 21:29:54,681 | INFO  | DNAudit | user=null | ip=null | op=PUT_BLOCK {blockData=[blockId=conID: 2 locID: 102696733548741200 bcsId: 0,size=1048576]} | ret=SUCCESS |  
2019-08-28 21:29:54,681 [grpc-default-executor-5] INFO  client.GrpcClientProtocolClient (GrpcClientProtocolClient.java:onNext(255)) - client-05DA20D107F8->b461a7b0-028a-4eb5-b268-b89ac225aff8: receive RaftClientReply:client-05DA20D107F8->b461a7b0-028a-4eb5-b268-b89ac225aff8@group-0C8C0AA7542A, cid=2481, SUCCESS, logIndex=3689, commits[b461a7b0-028a-4eb5-b268-b89ac225aff8:c3690, b6ff45f5-67b8-463b-a273-c2e7d9dadd75:c3688, 6a5cb75f-f7eb-4671-9a85-3b6f7898f6cc:c3688]
2019-08-28 21:29:54,681 [grpc-default-executor-5] INFO  client.GrpcClientProtocolClient (GrpcClientProtocolClient.java:onNext(255)) - client-05DA20D107F8->b461a7b0-028a-4eb5-b268-b89ac225aff8: receive RaftClientReply:client-05DA20D107F8->b461a7b0-028a-4eb5-b268-b89ac225aff8@group-0C8C0AA7542A, cid=2482, SUCCESS, logIndex=3690, commits[b461a7b0-028a-4eb5-b268-b89ac225aff8:c3690, b6ff45f5-67b8-463b-a273-c2e7d9dadd75:c3688, 6a5cb75f-f7eb-4671-9a85-3b6f7898f6cc:c3688]
2019-08-28 21:29:54,690 | INFO  | DNAudit | user=null | ip=null | op=WRITE_CHUNK {blockData=conID: 2 locID: 102696733548741200 bcsId: 0} | ret=SUCCESS |  
2019-08-28 21:29:54,690 | INFO  | DNAudit | user=null | ip=null | op=PUT_BLOCK {blockData=[blockId=conID: 2 locID: 102696733548741200 bcsId: 0,size=2097152]} | ret=SUCCESS |  
2019-08-28 21:29:54,690 [grpc-default-executor-5] INFO  client.GrpcClientProtocolClient (GrpcClientProtocolClient.java:onNext(255)) - client-05DA20D107F8->b461a7b0-028a-4eb5-b268-b89ac225aff8: receive RaftClientReply:client-05DA20D107F8->b461a7b0-028a-4eb5-b268-b89ac225aff8@group-0C8C0AA7542A, cid=2483, SUCCESS, logIndex=3691, commits[b461a7b0-028a-4eb5-b268-b89ac225aff8:c3692, b6ff45f5-67b8-463b-a273-c2e7d9dadd75:c3688, 6a5cb75f-f7eb-4671-9a85-3b6f7898f6cc:c3688]
2019-08-28 21:29:54,691 [grpc-default-executor-5] INFO  client.GrpcClientProtocolClient (GrpcClientProtocolClient.java:onNext(255)) - client-05DA20D107F8->b461a7b0-028a-4eb5-b268-b89ac225aff8: receive RaftClientReply:client-05DA20D107F8->b461a7b0-028a-4eb5-b268-b89ac225aff8@group-0C8C0AA7542A, cid=2484, SUCCESS, logIndex=3692, commits[b461a7b0-028a-4eb5-b268-b89ac225aff8:c3692, b6ff45f5-67b8-463b-a273-c2e7d9dadd75:c3688, 6a5cb75f-f7eb-4671-9a85-3b6f7898f6cc:c3688]
2019-08-28 21:29:54,692 | INFO  | DNAudit | user=null | ip=null | op=WRITE_CHUNK {blockData=conID: 2 locID: 102696733548741200 bcsId: 0} | ret=SUCCESS |  
2019-08-28 21:29:54,692 | INFO  | DNAudit | user=null | ip=null | op=WRITE_CHUNK {blockData=conID: 2 locID: 102696733548741200 bcsId: 0} | ret=SUCCESS |  
2019-08-28 21:29:54,693 | INFO  | DNAudit | user=null | ip=null | op=PUT_BLOCK {blockData=[blockId=conID: 2 locID: 102696733548741200 bcsId: 0,size=1048576]} | ret=SUCCESS |  
2019-08-28 21:29:54,705 | INFO  | DNAudit | user=null | ip=null | op=PUT_BLOCK {blockData=[blockId=conID: 2 locID: 102696733548741200 bcsId: 0,size=1048576]} | ret=SUCCESS |  
2019-08-28 21:29:54,706 [grpc-default-executor-5] INFO  client.GrpcClientProtocolClient (GrpcClientProtocolClient.java:onNext(255)) - client-05DA20D107F8->b461a7b0-028a-4eb5-b268-b89ac225aff8: receive RaftClientReply:client-05DA20D107F8->b461a7b0-028a-4eb5-b268-b89ac225aff8@group-0C8C0AA7542A, cid=2485, SUCCESS, logIndex=0, commits[b461a7b0-028a-4eb5-b268-b89ac225aff8:c3694, b6ff45f5-67b8-463b-a273-c2e7d9dadd75:c3690, 6a5cb75f-f7eb-4671-9a85-3b6f7898f6cc:c3690]
2019-08-28 21:29:54,714 | INFO  | DNAudit | user=null | ip=null | op=WRITE_CHUNK {blockData=conID: 2 locID: 102696733548741200 bcsId: 3692} | ret=SUCCESS |  
2019-08-28 21:29:54,718 | INFO  | DNAudit | user=null | ip=null | op=WRITE_CHUNK {blockData=conID: 2 locID: 102696733548741200 bcsId: 3692} | ret=SUCCESS |  
2019-08-28 21:29:54,718 | INFO  | DNAudit | user=null | ip=null | op=WRITE_CHUNK {blockData=conID: 2 locID: 102696733548741200 bcsId: 3692} | ret=SUCCESS |  
2019-08-28 21:29:54,732 | INFO  | DNAudit | user=null | ip=null | op=WRITE_CHUNK {blockData=conID: 2 locID: 102696733548741200 bcsId: 0} | ret=SUCCESS |  
2019-08-28 21:29:54,732 | INFO  | DNAudit | user=null | ip=null | op=WRITE_CHUNK {blockData=conID: 2 locID: 102696733548741200 bcsId: 0} | ret=SUCCESS |  
2019-08-28 21:29:54,732 | INFO  | DNAudit | user=null | ip=null | op=PUT_BLOCK {blockData=[blockId=conID: 2 locID: 102696733548741200 bcsId: 0,size=2097152]} | ret=SUCCESS |  
2019-08-28 21:29:54,732 | INFO  | DNAudit | user=null | ip=null | op=WRITE_CHUNK {blockData=conID: 2 locID: 102696733548741200 bcsId: 3692} | ret=SUCCESS |  
2019-08-28 21:29:54,733 | INFO  | DNAudit | user=null | ip=null | op=PUT_BLOCK {blockData=[blockId=conID: 2 locID: 102696733548741200 bcsId: 0,size=2097152]} | ret=SUCCESS |  
2019-08-28 21:29:54,733 | INFO  | DNAudit | user=null | ip=null | op=PUT_BLOCK {blockData=[blockId=conID: 2 locID: 102696733548741200 bcsId: 0,size=3145728]} | ret=SUCCESS |  
2019-08-28 21:29:54,733 [grpc-default-executor-5] INFO  client.GrpcClientProtocolClient (GrpcClientProtocolClient.java:onNext(255)) - client-05DA20D107F8->b461a7b0-028a-4eb5-b268-b89ac225aff8: receive RaftClientReply:client-05DA20D107F8->b461a7b0-028a-4eb5-b268-b89ac225aff8@group-0C8C0AA7542A, cid=2486, SUCCESS, logIndex=3697, commits[b461a7b0-028a-4eb5-b268-b89ac225aff8:c3698, b6ff45f5-67b8-463b-a273-c2e7d9dadd75:c3696, 6a5cb75f-f7eb-4671-9a85-3b6f7898f6cc:c3696]
2019-08-28 21:29:54,734 [grpc-default-executor-5] INFO  client.GrpcClientProtocolClient (GrpcClientProtocolClient.java:onNext(255)) - client-05DA20D107F8->b461a7b0-028a-4eb5-b268-b89ac225aff8: receive RaftClientReply:client-05DA20D107F8->b461a7b0-028a-4eb5-b268-b89ac225aff8@group-0C8C0AA7542A, cid=2487, SUCCESS, logIndex=3698, commits[b461a7b0-028a-4eb5-b268-b89ac225aff8:c3698, b6ff45f5-67b8-463b-a273-c2e7d9dadd75:c3696, 6a5cb75f-f7eb-4671-9a85-3b6f7898f6cc:c3696]
2019-08-28 21:29:54,741 | INFO  | DNAudit | user=null | ip=null | op=WRITE_CHUNK {blockData=conID: 2 locID: 102696733548741200 bcsId: 3698} | ret=SUCCESS |  
2019-08-28 21:29:54,744 | INFO  | DNAudit | user=null | ip=null | op=WRITE_CHUNK {blockData=conID: 2 locID: 102696733548741200 bcsId: 3692} | ret=SUCCESS |  
2019-08-28 21:29:54,744 | INFO  | DNAudit | user=null | ip=null | op=WRITE_CHUNK {blockData=conID: 2 locID: 102696733548741200 bcsId: 3698} | ret=SUCCESS |  
2019-08-28 21:29:54,744 | INFO  | DNAudit | user=null | ip=null | op=WRITE_CHUNK {blockData=conID: 2 locID: 102696733548741200 bcsId: 3692} | ret=SUCCESS |  
2019-08-28 21:29:54,744 | INFO  | DNAudit | user=null | ip=null | op=WRITE_CHUNK {blockData=conID: 2 locID: 102696733548741200 bcsId: 3698} | ret=SUCCESS |  
2019-08-28 21:29:54,767 | INFO  | DNAudit | user=null | ip=null | op=PUT_BLOCK {blockData=[blockId=conID: 2 locID: 102696733548741200 bcsId: 0,size=3145728]} | ret=SUCCESS |  
2019-08-28 21:29:54,767 | INFO  | DNAudit | user=null | ip=null | op=PUT_BLOCK {blockData=[blockId=conID: 2 locID: 102696733548741200 bcsId: 0,size=3145728]} | ret=SUCCESS |  
2019-08-28 21:29:54,767 | INFO  | DNAudit | user=null | ip=null | op=WRITE_CHUNK {blockData=conID: 2 locID: 102696733548741200 bcsId: 3698} | ret=SUCCESS |  
2019-08-28 21:29:54,768 | INFO  | DNAudit | user=null | ip=null | op=PUT_BLOCK {blockData=[blockId=conID: 2 locID: 102696733548741200 bcsId: 0,size=4194304]} | ret=SUCCESS |  
2019-08-28 21:29:54,768 [grpc-default-executor-5] INFO  client.GrpcClientProtocolClient (GrpcClientProtocolClient.java:onNext(255)) - client-05DA20D107F8->b461a7b0-028a-4eb5-b268-b89ac225aff8: receive RaftClientReply:client-05DA20D107F8->b461a7b0-028a-4eb5-b268-b89ac225aff8@group-0C8C0AA7542A, cid=2488, SUCCESS, logIndex=3701, commits[b461a7b0-028a-4eb5-b268-b89ac225aff8:c3701, b6ff45f5-67b8-463b-a273-c2e7d9dadd75:c3698, 6a5cb75f-f7eb-4671-9a85-3b6f7898f6cc:c3698]
2019-08-28 21:29:54,769 [grpc-default-executor-5] INFO  client.GrpcClientProtocolClient (GrpcClientProtocolClient.java:onNext(255)) - client-05DA20D107F8->b461a7b0-028a-4eb5-b268-b89ac225aff8: receive RaftClientReply:client-05DA20D107F8->b461a7b0-028a-4eb5-b268-b89ac225aff8@group-0C8C0AA7542A, cid=2489, SUCCESS, logIndex=3702, commits[b461a7b0-028a-4eb5-b268-b89ac225aff8:c3702, b6ff45f5-67b8-463b-a273-c2e7d9dadd75:c3698, 6a5cb75f-f7eb-4671-9a85-3b6f7898f6cc:c3698]
2019-08-28 21:29:54,787 | INFO  | DNAudit | user=null | ip=null | op=WRITE_CHUNK {blockData=conID: 2 locID: 102696733548741200 bcsId: 3698} | ret=SUCCESS |  
2019-08-28 21:29:54,787 | INFO  | DNAudit | user=null | ip=null | op=WRITE_CHUNK {blockData=conID: 2 locID: 102696733548741200 bcsId: 3698} | ret=SUCCESS |  
2019-08-28 21:29:54,805 | INFO  | DNAudit | user=null | ip=null | op=PUT_BLOCK {blockData=[blockId=conID: 2 locID: 102696733548741200 bcsId: 0,size=4194304]} | ret=SUCCESS |  
2019-08-28 21:29:54,805 | INFO  | DNAudit | user=null | ip=null | op=PUT_BLOCK {blockData=[blockId=conID: 2 locID: 102696733548741200 bcsId: 0,size=4194304]} | ret=SUCCESS |  
2019-08-28 21:29:54,806 [grpc-default-executor-5] INFO  client.GrpcClientProtocolClient (GrpcClientProtocolClient.java:onNext(255)) - client-05DA20D107F8->b461a7b0-028a-4eb5-b268-b89ac225aff8: receive RaftClientReply:client-05DA20D107F8->b461a7b0-028a-4eb5-b268-b89ac225aff8@group-0C8C0AA7542A, cid=2490, SUCCESS, logIndex=0, commits[b461a7b0-028a-4eb5-b268-b89ac225aff8:c3704, b6ff45f5-67b8-463b-a273-c2e7d9dadd75:c3702, 6a5cb75f-f7eb-4671-9a85-3b6f7898f6cc:c3702]
2019-08-28 21:29:54,812 | INFO  | SCMAudit | user=jenkins1000 | ip=127.0.0.1 | op=ALLOCATE_BLOCK {owner=a0140aad-a474-4492-a39d-25bd6167d9f0, size=4194304, type=RATIS, factor=THREE} | ret=SUCCESS |  
2019-08-28 21:29:54,816 | INFO  | OMAudit | user=jenkins1000 | ip=127.0.0.1 | op=ALLOCATE_BLOCK {volume=vol-0-08922, bucket=bucket-0-29862, key=key-0-31337, dataSize=0, replicationType=null, replicationFactor=null, keyLocationInfo=null, clientID=102696731548516754} | ret=SUCCESS |  
2019-08-28 21:29:54,824 | INFO  | DNAudit | user=null | ip=null | op=WRITE_CHUNK {blockData=conID: 3 locID: 102696733560799825 bcsId: 0} | ret=SUCCESS |  
2019-08-28 21:29:54,827 | INFO  | DNAudit | user=null | ip=null | op=WRITE_CHUNK {blockData=conID: 3 locID: 102696733560799825 bcsId: 0} | ret=SUCCESS |  
2019-08-28 21:29:54,828 | INFO  | DNAudit | user=null | ip=null | op=WRITE_CHUNK {blockData=conID: 3 locID: 102696733560799825 bcsId: 0} | ret=SUCCESS |  
2019-08-28 21:29:54,828 | INFO  | DNAudit | user=null | ip=null | op=WRITE_CHUNK {blockData=conID: 3 locID: 102696733560799825 bcsId: 0} | ret=SUCCESS |  
2019-08-28 21:29:54,830 | INFO  | DNAudit | user=null | ip=null | op=WRITE_CHUNK {blockData=conID: 3 locID: 102696733560799825 bcsId: 0} | ret=SUCCESS |  
2019-08-28 21:29:54,830 | INFO  | DNAudit | user=null | ip=null | op=WRITE_CHUNK {blockData=conID: 3 locID: 102696733560799825 bcsId: 0} | ret=SUCCESS |  
2019-08-28 21:29:54,855 | INFO  | DNAudit | user=null | ip=null | op=WRITE_CHUNK {blockData=conID: 3 locID: 102696733560799825 bcsId: 0} | ret=SUCCESS |  
2019-08-28 21:29:54,856 | INFO  | DNAudit | user=null | ip=null | op=PUT_BLOCK {blockData=[blockId=conID: 3 locID: 102696733560799825 bcsId: 0,size=1048576]} | ret=SUCCESS |  
2019-08-28 21:29:54,856 [grpc-default-executor-1] INFO  client.GrpcClientProtocolClient (GrpcClientProtocolClient.java:onNext(255)) - client-05DA20D107F8->b461a7b0-028a-4eb5-b268-b89ac225aff8: receive RaftClientReply:client-05DA20D107F8->b461a7b0-028a-4eb5-b268-b89ac225aff8@group-0C8C0AA7542A, cid=2491, SUCCESS, logIndex=3705, commits[b461a7b0-028a-4eb5-b268-b89ac225aff8:c3706, b6ff45f5-67b8-463b-a273-c2e7d9dadd75:c3704, 6a5cb75f-f7eb-4671-9a85-3b6f7898f6cc:c3704]
2019-08-28 21:29:54,856 | INFO  | DNAudit | user=null | ip=null | op=WRITE_CHUNK {blockData=conID: 3 locID: 102696733560799825 bcsId: 0} | ret=SUCCESS |  
2019-08-28 21:29:54,857 [grpc-default-executor-1] INFO  client.GrpcClientProtocolClient (GrpcClientProtocolClient.java:onNext(255)) - client-05DA20D107F8->b461a7b0-028a-4eb5-b268-b89ac225aff8: receive RaftClientReply:client-05DA20D107F8->b461a7b0-028a-4eb5-b268-b89ac225aff8@group-0C8C0AA7542A, cid=2492, SUCCESS, logIndex=3706, commits[b461a7b0-028a-4eb5-b268-b89ac225aff8:c3708, b6ff45f5-67b8-463b-a273-c2e7d9dadd75:c3704, 6a5cb75f-f7eb-4671-9a85-3b6f7898f6cc:c3704]
2019-08-28 21:29:54,857 | INFO  | DNAudit | user=null | ip=null | op=PUT_BLOCK {blockData=[blockId=conID: 3 locID: 102696733560799825 bcsId: 0,size=2097152]} | ret=SUCCESS |  
2019-08-28 21:29:54,857 [grpc-default-executor-1] INFO  client.GrpcClientProtocolClient (GrpcClientProtocolClient.java:onNext(255)) - client-05DA20D107F8->b461a7b0-028a-4eb5-b268-b89ac225aff8: receive RaftClientReply:client-05DA20D107F8->b461a7b0-028a-4eb5-b268-b89ac225aff8@group-0C8C0AA7542A, cid=2493, SUCCESS, logIndex=3707, commits[b461a7b0-028a-4eb5-b268-b89ac225aff8:c3708, b6ff45f5-67b8-463b-a273-c2e7d9dadd75:c3704, 6a5cb75f-f7eb-4671-9a85-3b6f7898f6cc:c3704]
2019-08-28 21:29:54,857 [grpc-default-executor-1] INFO  client.GrpcClientProtocolClient (GrpcClientProtocolClient.java:onNext(255)) - client-05DA20D107F8->b461a7b0-028a-4eb5-b268-b89ac225aff8: receive RaftClientReply:client-05DA20D107F8->b461a7b0-028a-4eb5-b268-b89ac225aff8@group-0C8C0AA7542A, cid=2494, SUCCESS, logIndex=3708, commits[b461a7b0-028a-4eb5-b268-b89ac225aff8:c3708, b6ff45f5-67b8-463b-a273-c2e7d9dadd75:c3704, 6a5cb75f-f7eb-4671-9a85-3b6f7898f6cc:c3704]
2019-08-28 21:29:54,880 | INFO  | DNAudit | user=null | ip=null | op=WRITE_CHUNK {blockData=conID: 3 locID: 102696733560799825 bcsId: 0} | ret=SUCCESS |  
2019-08-28 21:29:54,898 | INFO  | DNAudit | user=null | ip=null | op=WRITE_CHUNK {blockData=conID: 3 locID: 102696733560799825 bcsId: 0} | ret=SUCCESS |  
2019-08-28 21:29:54,899 | INFO  | DNAudit | user=null | ip=null | op=PUT_BLOCK {blockData=[blockId=conID: 3 locID: 102696733560799825 bcsId: 0,size=1048576]} | ret=SUCCESS |  
2019-08-28 21:29:54,899 | INFO  | DNAudit | user=null | ip=null | op=WRITE_CHUNK {blockData=conID: 3 locID: 102696733560799825 bcsId: 0} | ret=SUCCESS |  
2019-08-28 21:29:54,899 | INFO  | DNAudit | user=null | ip=null | op=PUT_BLOCK {blockData=[blockId=conID: 3 locID: 102696733560799825 bcsId: 0,size=2097152]} | ret=SUCCESS |  
2019-08-28 21:29:54,900 | INFO  | DNAudit | user=null | ip=null | op=PUT_BLOCK {blockData=[blockId=conID: 3 locID: 102696733560799825 bcsId: 0,size=1048576]} | ret=SUCCESS |  
2019-08-28 21:29:54,900 | INFO  | DNAudit | user=null | ip=null | op=WRITE_CHUNK {blockData=conID: 3 locID: 102696733560799825 bcsId: 0} | ret=SUCCESS |  
2019-08-28 21:29:54,901 | INFO  | DNAudit | user=null | ip=null | op=PUT_BLOCK {blockData=[blockId=conID: 3 locID: 102696733560799825 bcsId: 0,size=2097152]} | ret=SUCCESS |  
2019-08-28 21:29:54,901 [grpc-default-executor-1] INFO  client.GrpcClientProtocolClient (GrpcClientProtocolClient.java:onNext(255)) - client-05DA20D107F8->b461a7b0-028a-4eb5-b268-b89ac225aff8: receive RaftClientReply:client-05DA20D107F8->b461a7b0-028a-4eb5-b268-b89ac225aff8@group-0C8C0AA7542A, cid=2495, SUCCESS, logIndex=0, commits[b461a7b0-028a-4eb5-b268-b89ac225aff8:c3711, b6ff45f5-67b8-463b-a273-c2e7d9dadd75:c3708, 6a5cb75f-f7eb-4671-9a85-3b6f7898f6cc:c3706]
2019-08-28 21:29:54,909 | INFO  | DNAudit | user=null | ip=null | op=WRITE_CHUNK {blockData=conID: 3 locID: 102696733560799825 bcsId: 3708} | ret=SUCCESS |  
2019-08-28 21:29:54,913 | INFO  | DNAudit | user=null | ip=null | op=WRITE_CHUNK {blockData=conID: 3 locID: 102696733560799825 bcsId: 3708} | ret=SUCCESS |  
2019-08-28 21:29:54,913 | INFO  | DNAudit | user=null | ip=null | op=WRITE_CHUNK {blockData=conID: 3 locID: 102696733560799825 bcsId: 3708} | ret=SUCCESS |  
2019-08-28 21:29:54,928 | INFO  | DNAudit | user=null | ip=null | op=WRITE_CHUNK {blockData=conID: 3 locID: 102696733560799825 bcsId: 3708} | ret=SUCCESS |  
2019-08-28 21:29:54,928 | INFO  | DNAudit | user=null | ip=null | op=PUT_BLOCK {blockData=[blockId=conID: 3 locID: 102696733560799825 bcsId: 0,size=3145728]} | ret=SUCCESS |  
2019-08-28 21:29:54,928 [grpc-default-executor-3] INFO  client.GrpcClientProtocolClient (GrpcClientProtocolClient.java:onNext(255)) - client-05DA20D107F8->b461a7b0-028a-4eb5-b268-b89ac225aff8: receive RaftClientReply:client-05DA20D107F8->b461a7b0-028a-4eb5-b268-b89ac225aff8@group-0C8C0AA7542A, cid=2496, SUCCESS, logIndex=3712, commits[b461a7b0-028a-4eb5-b268-b89ac225aff8:c3713, b6ff45f5-67b8-463b-a273-c2e7d9dadd75:c3711, 6a5cb75f-f7eb-4671-9a85-3b6f7898f6cc:c3711]
2019-08-28 21:29:54,929 [grpc-default-executor-3] INFO  client.GrpcClientProtocolClient (GrpcClientProtocolClient.java:onNext(255)) - client-05DA20D107F8->b461a7b0-028a-4eb5-b268-b89ac225aff8: receive RaftClientReply:client-05DA20D107F8->b461a7b0-028a-4eb5-b268-b89ac225aff8@group-0C8C0AA7542A, cid=2497, SUCCESS, logIndex=3713, commits[b461a7b0-028a-4eb5-b268-b89ac225aff8:c3713, b6ff45f5-67b8-463b-a273-c2e7d9dadd75:c3711, 6a5cb75f-f7eb-4671-9a85-3b6f7898f6cc:c3711]
2019-08-28 21:29:54,937 | INFO  | DNAudit | user=null | ip=null | op=WRITE_CHUNK {blockData=conID: 3 locID: 102696733560799825 bcsId: 3713} | ret=SUCCESS |  
2019-08-28 21:29:54,939 | INFO  | DNAudit | user=null | ip=null | op=WRITE_CHUNK {blockData=conID: 3 locID: 102696733560799825 bcsId: 3713} | ret=SUCCESS |  
2019-08-28 21:29:54,939 | INFO  | DNAudit | user=null | ip=null | op=WRITE_CHUNK {blockData=conID: 3 locID: 102696733560799825 bcsId: 3713} | ret=SUCCESS |  
2019-08-28 21:29:54,945 | INFO  | DNAudit | user=null | ip=null | op=WRITE_CHUNK {blockData=conID: 3 locID: 102696733560799825 bcsId: 3708} | ret=SUCCESS |  
2019-08-28 21:29:54,945 | INFO  | DNAudit | user=null | ip=null | op=WRITE_CHUNK {blockData=conID: 3 locID: 102696733560799825 bcsId: 3708} | ret=SUCCESS |  
2019-08-28 21:29:54,976 | INFO  | DNAudit | user=null | ip=null | op=PUT_BLOCK {blockData=[blockId=conID: 3 locID: 102696733560799825 bcsId: 0,size=3145728]} | ret=SUCCESS |  
2019-08-28 21:29:54,976 | INFO  | DNAudit | user=null | ip=null | op=PUT_BLOCK {blockData=[blockId=conID: 3 locID: 102696733560799825 bcsId: 0,size=3145728]} | ret=SUCCESS |  
2019-08-28 21:29:54,976 | INFO  | DNAudit | user=null | ip=null | op=WRITE_CHUNK {blockData=conID: 3 locID: 102696733560799825 bcsId: 3713} | ret=SUCCESS |  
2019-08-28 21:29:54,977 | INFO  | DNAudit | user=null | ip=null | op=PUT_BLOCK {blockData=[blockId=conID: 3 locID: 102696733560799825 bcsId: 0,size=4194304]} | ret=SUCCESS |  
2019-08-28 21:29:54,977 [grpc-default-executor-5] INFO  client.GrpcClientProtocolClient (GrpcClientProtocolClient.java:onNext(255)) - client-05DA20D107F8->b461a7b0-028a-4eb5-b268-b89ac225aff8: receive RaftClientReply:client-05DA20D107F8->b461a7b0-028a-4eb5-b268-b89ac225aff8@group-0C8C0AA7542A, cid=2498, SUCCESS, logIndex=3716, commits[b461a7b0-028a-4eb5-b268-b89ac225aff8:c3716, b6ff45f5-67b8-463b-a273-c2e7d9dadd75:c3713, 6a5cb75f-f7eb-4671-9a85-3b6f7898f6cc:c3713]
2019-08-28 21:29:54,978 [grpc-default-executor-5] INFO  client.GrpcClientProtocolClient (GrpcClientProtocolClient.java:onNext(255)) - client-05DA20D107F8->b461a7b0-028a-4eb5-b268-b89ac225aff8: receive RaftClientReply:client-05DA20D107F8->b461a7b0-028a-4eb5-b268-b89ac225aff8@group-0C8C0AA7542A, cid=2499, SUCCESS, logIndex=3717, commits[b461a7b0-028a-4eb5-b268-b89ac225aff8:c3717, b6ff45f5-67b8-463b-a273-c2e7d9dadd75:c3713, 6a5cb75f-f7eb-4671-9a85-3b6f7898f6cc:c3713]
2019-08-28 21:29:54,996 | INFO  | DNAudit | user=null | ip=null | op=WRITE_CHUNK {blockData=conID: 3 locID: 102696733560799825 bcsId: 3713} | ret=SUCCESS |  
2019-08-28 21:29:54,996 | INFO  | DNAudit | user=null | ip=null | op=WRITE_CHUNK {blockData=conID: 3 locID: 102696733560799825 bcsId: 3713} | ret=SUCCESS |  
2019-08-28 21:29:54,998 | INFO  | DNAudit | user=null | ip=null | op=PUT_BLOCK {blockData=[blockId=conID: 3 locID: 102696733560799825 bcsId: 0,size=4194304]} | ret=SUCCESS |  
2019-08-28 21:29:54,999 | INFO  | DNAudit | user=null | ip=null | op=PUT_BLOCK {blockData=[blockId=conID: 3 locID: 102696733560799825 bcsId: 0,size=4194304]} | ret=SUCCESS |  
2019-08-28 21:29:54,999 [grpc-default-executor-5] INFO  client.GrpcClientProtocolClient (GrpcClientProtocolClient.java:onNext(255)) - client-05DA20D107F8->b461a7b0-028a-4eb5-b268-b89ac225aff8: receive RaftClientReply:client-05DA20D107F8->b461a7b0-028a-4eb5-b268-b89ac225aff8@group-0C8C0AA7542A, cid=2500, SUCCESS, logIndex=0, commits[b461a7b0-028a-4eb5-b268-b89ac225aff8:c3719, b6ff45f5-67b8-463b-a273-c2e7d9dadd75:c3717, 6a5cb75f-f7eb-4671-9a85-3b6f7898f6cc:c3717]
2019-08-28 21:29:55,006 | INFO  | SCMAudit | user=jenkins1000 | ip=127.0.0.1 | op=ALLOCATE_BLOCK {owner=a0140aad-a474-4492-a39d-25bd6167d9f0, size=4194304, type=RATIS, factor=THREE} | ret=SUCCESS |  
2019-08-28 21:29:55,008 | INFO  | OMAudit | user=jenkins1000 | ip=127.0.0.1 | op=ALLOCATE_BLOCK {volume=vol-0-08922, bucket=bucket-0-29862, key=key-0-31337, dataSize=0, replicationType=null, replicationFactor=null, keyLocationInfo=null, clientID=102696731548516754} | ret=SUCCESS |  
2019-08-28 21:29:55,017 | INFO  | DNAudit | user=null | ip=null | op=WRITE_CHUNK {blockData=conID: 1 locID: 102696733573513810 bcsId: 0} | ret=SUCCESS |  
2019-08-28 21:29:55,019 | INFO  | DNAudit | user=null | ip=null | op=WRITE_CHUNK {blockData=conID: 1 locID: 102696733573513810 bcsId: 0} | ret=SUCCESS |  
2019-08-28 21:29:55,020 | INFO  | DNAudit | user=null | ip=null | op=WRITE_CHUNK {blockData=conID: 1 locID: 102696733573513810 bcsId: 0} | ret=SUCCESS |  
2019-08-28 21:29:55,020 | INFO  | DNAudit | user=null | ip=null | op=WRITE_CHUNK {blockData=conID: 1 locID: 102696733573513810 bcsId: 0} | ret=SUCCESS |  
2019-08-28 21:29:55,023 | INFO  | DNAudit | user=null | ip=null | op=WRITE_CHUNK {blockData=conID: 1 locID: 102696733573513810 bcsId: 0} | ret=SUCCESS |  
2019-08-28 21:29:55,025 | INFO  | DNAudit | user=null | ip=null | op=WRITE_CHUNK {blockData=conID: 1 locID: 102696733573513810 bcsId: 0} | ret=SUCCESS |  
2019-08-28 21:29:55,034 | INFO  | DNAudit | user=null | ip=null | op=WRITE_CHUNK {blockData=conID: 1 locID: 102696733573513810 bcsId: 0} | ret=SUCCESS |  
2019-08-28 21:29:55,035 | INFO  | DNAudit | user=null | ip=null | op=PUT_BLOCK {blockData=[blockId=conID: 1 locID: 102696733573513810 bcsId: 0,size=1048576]} | ret=SUCCESS |  
2019-08-28 21:29:55,035 [grpc-default-executor-6] INFO  client.GrpcClientProtocolClient (GrpcClientProtocolClient.java:onNext(255)) - client-05DA20D107F8->b461a7b0-028a-4eb5-b268-b89ac225aff8: receive RaftClientReply:client-05DA20D107F8->b461a7b0-028a-4eb5-b268-b89ac225aff8@group-0C8C0AA7542A, cid=2501, SUCCESS, logIndex=3720, commits[b461a7b0-028a-4eb5-b268-b89ac225aff8:c3721, b6ff45f5-67b8-463b-a273-c2e7d9dadd75:c3719, 6a5cb75f-f7eb-4671-9a85-3b6f7898f6cc:c3719]
2019-08-28 21:29:55,036 [grpc-default-executor-6] INFO  client.GrpcClientProtocolClient (GrpcClientProtocolClient.java:onNext(255)) - client-05DA20D107F8->b461a7b0-028a-4eb5-b268-b89ac225aff8: receive RaftClientReply:client-05DA20D107F8->b461a7b0-028a-4eb5-b268-b89ac225aff8@group-0C8C0AA7542A, cid=2502, SUCCESS, logIndex=3721, commits[b461a7b0-028a-4eb5-b268-b89ac225aff8:c3721, b6ff45f5-67b8-463b-a273-c2e7d9dadd75:c3719, 6a5cb75f-f7eb-4671-9a85-3b6f7898f6cc:c3719]
2019-08-28 21:29:55,055 | INFO  | DNAudit | user=null | ip=null | op=WRITE_CHUNK {blockData=conID: 1 locID: 102696733573513810 bcsId: 0} | ret=SUCCESS |  
2019-08-28 21:29:55,055 | INFO  | DNAudit | user=null | ip=null | op=PUT_BLOCK {blockData=[blockId=conID: 1 locID: 102696733573513810 bcsId: 0,size=2097152]} | ret=SUCCESS |  
2019-08-28 21:29:55,055 [grpc-default-executor-1] INFO  client.GrpcClientProtocolClient (GrpcClientProtocolClient.java:onNext(255)) - client-05DA20D107F8->b461a7b0-028a-4eb5-b268-b89ac225aff8: receive RaftClientReply:client-05DA20D107F8->b461a7b0-028a-4eb5-b268-b89ac225aff8@group-0C8C0AA7542A, cid=2503, SUCCESS, logIndex=3722, commits[b461a7b0-028a-4eb5-b268-b89ac225aff8:c3723, b6ff45f5-67b8-463b-a273-c2e7d9dadd75:c3719, 6a5cb75f-f7eb-4671-9a85-3b6f7898f6cc:c3719]
2019-08-28 21:29:55,056 [grpc-default-executor-1] INFO  client.GrpcClientProtocolClient (GrpcClientProtocolClient.java:onNext(255)) - client-05DA20D107F8->b461a7b0-028a-4eb5-b268-b89ac225aff8: receive RaftClientReply:client-05DA20D107F8->b461a7b0-028a-4eb5-b268-b89ac225aff8@group-0C8C0AA7542A, cid=2504, SUCCESS, logIndex=3723, commits[b461a7b0-028a-4eb5-b268-b89ac225aff8:c3723, b6ff45f5-67b8-463b-a273-c2e7d9dadd75:c3719, 6a5cb75f-f7eb-4671-9a85-3b6f7898f6cc:c3719]
2019-08-28 21:29:55,078 | INFO  | DNAudit | user=null | ip=null | op=WRITE_CHUNK {blockData=conID: 1 locID: 102696733573513810 bcsId: 0} | ret=SUCCESS |  
2019-08-28 21:29:55,078 | INFO  | DNAudit | user=null | ip=null | op=PUT_BLOCK {blockData=[blockId=conID: 1 locID: 102696733573513810 bcsId: 0,size=1048576]} | ret=SUCCESS |  
2019-08-28 21:29:55,079 | INFO  | DNAudit | user=null | ip=null | op=WRITE_CHUNK {blockData=conID: 1 locID: 102696733573513810 bcsId: 0} | ret=SUCCESS |  
2019-08-28 21:29:55,080 | INFO  | DNAudit | user=null | ip=null | op=PUT_BLOCK {blockData=[blockId=conID: 1 locID: 102696733573513810 bcsId: 0,size=1048576]} | ret=SUCCESS |  
2019-08-28 21:29:55,080 [grpc-default-executor-1] INFO  client.GrpcClientProtocolClient (GrpcClientProtocolClient.java:onNext(255)) - client-05DA20D107F8->b461a7b0-028a-4eb5-b268-b89ac225aff8: receive RaftClientReply:client-05DA20D107F8->b461a7b0-028a-4eb5-b268-b89ac225aff8@group-0C8C0AA7542A, cid=2505, SUCCESS, logIndex=0, commits[b461a7b0-028a-4eb5-b268-b89ac225aff8:c3725, b6ff45f5-67b8-463b-a273-c2e7d9dadd75:c3721, 6a5cb75f-f7eb-4671-9a85-3b6f7898f6cc:c3721]
2019-08-28 21:29:55,088 | INFO  | DNAudit | user=null | ip=null | op=WRITE_CHUNK {blockData=conID: 1 locID: 102696733573513810 bcsId: 3723} | ret=SUCCESS |  
2019-08-28 21:29:55,090 | INFO  | DNAudit | user=null | ip=null | op=WRITE_CHUNK {blockData=conID: 1 locID: 102696733573513810 bcsId: 3723} | ret=SUCCESS |  
2019-08-28 21:29:55,091 | INFO  | DNAudit | user=null | ip=null | op=WRITE_CHUNK {blockData=conID: 1 locID: 102696733573513810 bcsId: 3723} | ret=SUCCESS |  
2019-08-28 21:29:55,101 | INFO  | DNAudit | user=null | ip=null | op=WRITE_CHUNK {blockData=conID: 1 locID: 102696733573513810 bcsId: 0} | ret=SUCCESS |  
2019-08-28 21:29:55,101 | INFO  | DNAudit | user=null | ip=null | op=PUT_BLOCK {blockData=[blockId=conID: 1 locID: 102696733573513810 bcsId: 0,size=2097152]} | ret=SUCCESS |  
2019-08-28 21:29:55,103 | INFO  | DNAudit | user=null | ip=null | op=WRITE_CHUNK {blockData=conID: 1 locID: 102696733573513810 bcsId: 0} | ret=SUCCESS |  
2019-08-28 21:29:55,107 | INFO  | DNAudit | user=null | ip=null | op=PUT_BLOCK {blockData=[blockId=conID: 1 locID: 102696733573513810 bcsId: 0,size=2097152]} | ret=SUCCESS |  
2019-08-28 21:29:55,123 | INFO  | DNAudit | user=null | ip=null | op=WRITE_CHUNK {blockData=conID: 1 locID: 102696733573513810 bcsId: 3723} | ret=SUCCESS |  
2019-08-28 21:29:55,123 | INFO  | DNAudit | user=null | ip=null | op=PUT_BLOCK {blockData=[blockId=conID: 1 locID: 102696733573513810 bcsId: 0,size=3145728]} | ret=SUCCESS |  
2019-08-28 21:29:55,124 [grpc-default-executor-1] INFO  client.GrpcClientProtocolClient (GrpcClientProtocolClient.java:onNext(255)) - client-05DA20D107F8->b461a7b0-028a-4eb5-b268-b89ac225aff8: receive RaftClientReply:client-05DA20D107F8->b461a7b0-028a-4eb5-b268-b89ac225aff8@group-0C8C0AA7542A, cid=2506, SUCCESS, logIndex=3728, commits[b461a7b0-028a-4eb5-b268-b89ac225aff8:c3729, b6ff45f5-67b8-463b-a273-c2e7d9dadd75:c3725, 6a5cb75f-f7eb-4671-9a85-3b6f7898f6cc:c3723]
2019-08-28 21:29:55,124 [grpc-default-executor-1] INFO  client.GrpcClientProtocolClient (GrpcClientProtocolClient.java:onNext(255)) - client-05DA20D107F8->b461a7b0-028a-4eb5-b268-b89ac225aff8: receive RaftClientReply:client-05DA20D107F8->b461a7b0-028a-4eb5-b268-b89ac225aff8@group-0C8C0AA7542A, cid=2507, SUCCESS, logIndex=3729, commits[b461a7b0-028a-4eb5-b268-b89ac225aff8:c3729, b6ff45f5-67b8-463b-a273-c2e7d9dadd75:c3725, 6a5cb75f-f7eb-4671-9a85-3b6f7898f6cc:c3725]
2019-08-28 21:29:55,131 | INFO  | DNAudit | user=null | ip=null | op=WRITE_CHUNK {blockData=conID: 1 locID: 102696733573513810 bcsId: 3729} | ret=SUCCESS |  
2019-08-28 21:29:55,135 | INFO  | DNAudit | user=null | ip=null | op=WRITE_CHUNK {blockData=conID: 1 locID: 102696733573513810 bcsId: 3729} | ret=SUCCESS |  
2019-08-28 21:29:55,135 | INFO  | DNAudit | user=null | ip=null | op=WRITE_CHUNK {blockData=conID: 1 locID: 102696733573513810 bcsId: 3729} | ret=SUCCESS |  
2019-08-28 21:29:55,146 | INFO  | DNAudit | user=null | ip=null | op=WRITE_CHUNK {blockData=conID: 1 locID: 102696733573513810 bcsId: 3723} | ret=SUCCESS |  
2019-08-28 21:29:55,146 | INFO  | DNAudit | user=null | ip=null | op=WRITE_CHUNK {blockData=conID: 1 locID: 102696733573513810 bcsId: 3723} | ret=SUCCESS |  
2019-08-28 21:29:55,147 | INFO  | DNAudit | user=null | ip=null | op=PUT_BLOCK {blockData=[blockId=conID: 1 locID: 102696733573513810 bcsId: 0,size=3145728]} | ret=SUCCESS |  
2019-08-28 21:29:55,147 | INFO  | DNAudit | user=null | ip=null | op=PUT_BLOCK {blockData=[blockId=conID: 1 locID: 102696733573513810 bcsId: 0,size=3145728]} | ret=SUCCESS |  
2019-08-28 21:29:55,167 | INFO  | DNAudit | user=null | ip=null | op=WRITE_CHUNK {blockData=conID: 1 locID: 102696733573513810 bcsId: 3729} | ret=SUCCESS |  
2019-08-28 21:29:55,167 | INFO  | DNAudit | user=null | ip=null | op=PUT_BLOCK {blockData=[blockId=conID: 1 locID: 102696733573513810 bcsId: 0,size=4194304]} | ret=SUCCESS |  
2019-08-28 21:29:55,168 [grpc-default-executor-5] INFO  client.GrpcClientProtocolClient (GrpcClientProtocolClient.java:onNext(255)) - client-05DA20D107F8->b461a7b0-028a-4eb5-b268-b89ac225aff8: receive RaftClientReply:client-05DA20D107F8->b461a7b0-028a-4eb5-b268-b89ac225aff8@group-0C8C0AA7542A, cid=2508, SUCCESS, logIndex=3731, commits[b461a7b0-028a-4eb5-b268-b89ac225aff8:c3732, b6ff45f5-67b8-463b-a273-c2e7d9dadd75:c3729, 6a5cb75f-f7eb-4671-9a85-3b6f7898f6cc:c3729]
2019-08-28 21:29:55,168 [grpc-default-executor-5] INFO  client.GrpcClientProtocolClient (GrpcClientProtocolClient.java:onNext(255)) - client-05DA20D107F8->b461a7b0-028a-4eb5-b268-b89ac225aff8: receive RaftClientReply:client-05DA20D107F8->b461a7b0-028a-4eb5-b268-b89ac225aff8@group-0C8C0AA7542A, cid=2509, SUCCESS, logIndex=3732, commits[b461a7b0-028a-4eb5-b268-b89ac225aff8:c3732, b6ff45f5-67b8-463b-a273-c2e7d9dadd75:c3729, 6a5cb75f-f7eb-4671-9a85-3b6f7898f6cc:c3729]
2019-08-28 21:29:55,187 | INFO  | DNAudit | user=null | ip=null | op=WRITE_CHUNK {blockData=conID: 1 locID: 102696733573513810 bcsId: 3729} | ret=SUCCESS |  
2019-08-28 21:29:55,187 | INFO  | DNAudit | user=null | ip=null | op=WRITE_CHUNK {blockData=conID: 1 locID: 102696733573513810 bcsId: 3729} | ret=SUCCESS |  
2019-08-28 21:29:55,187 | INFO  | DNAudit | user=null | ip=null | op=PUT_BLOCK {blockData=[blockId=conID: 1 locID: 102696733573513810 bcsId: 0,size=4194304]} | ret=SUCCESS |  
2019-08-28 21:29:55,187 | INFO  | DNAudit | user=null | ip=null | op=PUT_BLOCK {blockData=[blockId=conID: 1 locID: 102696733573513810 bcsId: 0,size=4194304]} | ret=SUCCESS |  
2019-08-28 21:29:55,187 [grpc-default-executor-5] INFO  client.GrpcClientProtocolClient (GrpcClientProtocolClient.java:onNext(255)) - client-05DA20D107F8->b461a7b0-028a-4eb5-b268-b89ac225aff8: receive RaftClientReply:client-05DA20D107F8->b461a7b0-028a-4eb5-b268-b89ac225aff8@group-0C8C0AA7542A, cid=2510, SUCCESS, logIndex=0, commits[b461a7b0-028a-4eb5-b268-b89ac225aff8:c3733, b6ff45f5-67b8-463b-a273-c2e7d9dadd75:c3732, 6a5cb75f-f7eb-4671-9a85-3b6f7898f6cc:c3732]
2019-08-28 21:29:55,195 | INFO  | SCMAudit | user=jenkins1000 | ip=127.0.0.1 | op=ALLOCATE_BLOCK {owner=a0140aad-a474-4492-a39d-25bd6167d9f0, size=4194304, type=RATIS, factor=THREE} | ret=SUCCESS |  
2019-08-28 21:29:55,198 | INFO  | OMAudit | user=jenkins1000 | ip=127.0.0.1 | op=ALLOCATE_BLOCK {volume=vol-0-08922, bucket=bucket-0-29862, key=key-0-31337, dataSize=0, replicationType=null, replicationFactor=null, keyLocationInfo=null, clientID=102696731548516754} | ret=SUCCESS |  
2019-08-28 21:29:55,207 | INFO  | DNAudit | user=null | ip=null | op=WRITE_CHUNK {blockData=conID: 2 locID: 102696733585834579 bcsId: 0} | ret=SUCCESS |  
2019-08-28 21:29:55,210 | INFO  | DNAudit | user=null | ip=null | op=WRITE_CHUNK {blockData=conID: 2 locID: 102696733585834579 bcsId: 0} | ret=SUCCESS |  
2019-08-28 21:29:55,211 | INFO  | DNAudit | user=null | ip=null | op=WRITE_CHUNK {blockData=conID: 2 locID: 102696733585834579 bcsId: 0} | ret=SUCCESS |  
2019-08-28 21:29:55,211 | INFO  | DNAudit | user=null | ip=null | op=WRITE_CHUNK {blockData=conID: 2 locID: 102696733585834579 bcsId: 0} | ret=SUCCESS |  
2019-08-28 21:29:55,214 | INFO  | DNAudit | user=null | ip=null | op=WRITE_CHUNK {blockData=conID: 2 locID: 102696733585834579 bcsId: 0} | ret=SUCCESS |  
2019-08-28 21:29:55,214 | INFO  | DNAudit | user=null | ip=null | op=WRITE_CHUNK {blockData=conID: 2 locID: 102696733585834579 bcsId: 0} | ret=SUCCESS |  
2019-08-28 21:29:55,236 | INFO  | DNAudit | user=null | ip=null | op=WRITE_CHUNK {blockData=conID: 2 locID: 102696733585834579 bcsId: 0} | ret=SUCCESS |  
2019-08-28 21:29:55,237 | INFO  | DNAudit | user=null | ip=null | op=PUT_BLOCK {blockData=[blockId=conID: 2 locID: 102696733585834579 bcsId: 0,size=1048576]} | ret=SUCCESS |  
2019-08-28 21:29:55,237 | INFO  | DNAudit | user=null | ip=null | op=WRITE_CHUNK {blockData=conID: 2 locID: 102696733585834579 bcsId: 0} | ret=SUCCESS |  
2019-08-28 21:29:55,237 [grpc-default-executor-3] INFO  client.GrpcClientProtocolClient (GrpcClientProtocolClient.java:onNext(255)) - client-05DA20D107F8->b461a7b0-028a-4eb5-b268-b89ac225aff8: receive RaftClientReply:client-05DA20D107F8->b461a7b0-028a-4eb5-b268-b89ac225aff8@group-0C8C0AA7542A, cid=2511, SUCCESS, logIndex=3735, commits[b461a7b0-028a-4eb5-b268-b89ac225aff8:c3738, b6ff45f5-67b8-463b-a273-c2e7d9dadd75:c3733, 6a5cb75f-f7eb-4671-9a85-3b6f7898f6cc:c3733]
2019-08-28 21:29:55,238 | INFO  | DNAudit | user=null | ip=null | op=PUT_BLOCK {blockData=[blockId=conID: 2 locID: 102696733585834579 bcsId: 0,size=2097152]} | ret=SUCCESS |  
2019-08-28 21:29:55,238 [grpc-default-executor-3] INFO  client.GrpcClientProtocolClient (GrpcClientProtocolClient.java:onNext(255)) - client-05DA20D107F8->b461a7b0-028a-4eb5-b268-b89ac225aff8: receive RaftClientReply:client-05DA20D107F8->b461a7b0-028a-4eb5-b268-b89ac225aff8@group-0C8C0AA7542A, cid=2512, SUCCESS, logIndex=3736, commits[b461a7b0-028a-4eb5-b268-b89ac225aff8:c3738, b6ff45f5-67b8-463b-a273-c2e7d9dadd75:c3733, 6a5cb75f-f7eb-4671-9a85-3b6f7898f6cc:c3733]
2019-08-28 21:29:55,238 [grpc-default-executor-3] INFO  client.GrpcClientProtocolClient (GrpcClientProtocolClient.java:onNext(255)) - client-05DA20D107F8->b461a7b0-028a-4eb5-b268-b89ac225aff8: receive RaftClientReply:client-05DA20D107F8->b461a7b0-028a-4eb5-b268-b89ac225aff8@group-0C8C0AA7542A, cid=2513, SUCCESS, logIndex=3737, commits[b461a7b0-028a-4eb5-b268-b89ac225aff8:c3738, b6ff45f5-67b8-463b-a273-c2e7d9dadd75:c3733, 6a5cb75f-f7eb-4671-9a85-3b6f7898f6cc:c3733]
2019-08-28 21:29:55,238 [grpc-default-executor-3] INFO  client.GrpcClientProtocolClient (GrpcClientProtocolClient.java:onNext(255)) - client-05DA20D107F8->b461a7b0-028a-4eb5-b268-b89ac225aff8: receive RaftClientReply:client-05DA20D107F8->b461a7b0-028a-4eb5-b268-b89ac225aff8@group-0C8C0AA7542A, cid=2514, SUCCESS, logIndex=3738, commits[b461a7b0-028a-4eb5-b268-b89ac225aff8:c3738, b6ff45f5-67b8-463b-a273-c2e7d9dadd75:c3733, 6a5cb75f-f7eb-4671-9a85-3b6f7898f6cc:c3733]
2019-08-28 21:29:55,255 | INFO  | DNAudit | user=null | ip=null | op=WRITE_CHUNK {blockData=conID: 2 locID: 102696733585834579 bcsId: 0} | ret=SUCCESS |  
2019-08-28 21:29:55,255 | INFO  | DNAudit | user=null | ip=null | op=WRITE_CHUNK {blockData=conID: 2 locID: 102696733585834579 bcsId: 0} | ret=SUCCESS |  
2019-08-28 21:29:55,255 | INFO  | DNAudit | user=null | ip=null | op=PUT_BLOCK {blockData=[blockId=conID: 2 locID: 102696733585834579 bcsId: 0,size=1048576]} | ret=SUCCESS |  
2019-08-28 21:29:55,255 | INFO  | DNAudit | user=null | ip=null | op=PUT_BLOCK {blockData=[blockId=conID: 2 locID: 102696733585834579 bcsId: 0,size=1048576]} | ret=SUCCESS |  
2019-08-28 21:29:55,255 | INFO  | DNAudit | user=null | ip=null | op=WRITE_CHUNK {blockData=conID: 2 locID: 102696733585834579 bcsId: 0} | ret=SUCCESS |  
2019-08-28 21:29:55,256 [grpc-default-executor-6] INFO  client.GrpcClientProtocolClient (GrpcClientProtocolClient.java:onNext(255)) - client-05DA20D107F8->b461a7b0-028a-4eb5-b268-b89ac225aff8: receive RaftClientReply:client-05DA20D107F8->b461a7b0-028a-4eb5-b268-b89ac225aff8@group-0C8C0AA7542A, cid=2515, SUCCESS, logIndex=0, commits[b461a7b0-028a-4eb5-b268-b89ac225aff8:c3739, b6ff45f5-67b8-463b-a273-c2e7d9dadd75:c3737, 6a5cb75f-f7eb-4671-9a85-3b6f7898f6cc:c3737]
2019-08-28 21:29:55,256 | INFO  | DNAudit | user=null | ip=null | op=WRITE_CHUNK {blockData=conID: 2 locID: 102696733585834579 bcsId: 0} | ret=SUCCESS |  
2019-08-28 21:29:55,266 | INFO  | DNAudit | user=null | ip=null | op=WRITE_CHUNK {blockData=conID: 2 locID: 102696733585834579 bcsId: 3738} | ret=SUCCESS |  
2019-08-28 21:29:55,268 | INFO  | DNAudit | user=null | ip=null | op=WRITE_CHUNK {blockData=conID: 2 locID: 102696733585834579 bcsId: 3738} | ret=SUCCESS |  
2019-08-28 21:29:55,268 | INFO  | DNAudit | user=null | ip=null | op=WRITE_CHUNK {blockData=conID: 2 locID: 102696733585834579 bcsId: 3738} | ret=SUCCESS |  
2019-08-28 21:29:55,271 | INFO  | DNAudit | user=null | ip=null | op=PUT_BLOCK {blockData=[blockId=conID: 2 locID: 102696733585834579 bcsId: 0,size=2097152]} | ret=SUCCESS |  
2019-08-28 21:29:55,271 | INFO  | DNAudit | user=null | ip=null | op=PUT_BLOCK {blockData=[blockId=conID: 2 locID: 102696733585834579 bcsId: 0,size=2097152]} | ret=SUCCESS |  
2019-08-28 21:29:55,289 | INFO  | DNAudit | user=null | ip=null | op=WRITE_CHUNK {blockData=conID: 2 locID: 102696733585834579 bcsId: 3738} | ret=SUCCESS |  
2019-08-28 21:29:55,290 | INFO  | DNAudit | user=null | ip=null | op=PUT_BLOCK {blockData=[blockId=conID: 2 locID: 102696733585834579 bcsId: 0,size=3145728]} | ret=SUCCESS |  
2019-08-28 21:29:55,290 [grpc-default-executor-5] INFO  client.GrpcClientProtocolClient (GrpcClientProtocolClient.java:onNext(255)) - client-05DA20D107F8->b461a7b0-028a-4eb5-b268-b89ac225aff8: receive RaftClientReply:client-05DA20D107F8->b461a7b0-028a-4eb5-b268-b89ac225aff8@group-0C8C0AA7542A, cid=2516, SUCCESS, logIndex=3742, commits[b461a7b0-028a-4eb5-b268-b89ac225aff8:c3743, b6ff45f5-67b8-463b-a273-c2e7d9dadd75:c3739, 6a5cb75f-f7eb-4671-9a85-3b6f7898f6cc:c3739]
2019-08-28 21:29:55,291 [grpc-default-executor-5] INFO  client.GrpcClientProtocolClient (GrpcClientProtocolClient.java:onNext(255)) - client-05DA20D107F8->b461a7b0-028a-4eb5-b268-b89ac225aff8: receive RaftClientReply:client-05DA20D107F8->b461a7b0-028a-4eb5-b268-b89ac225aff8@group-0C8C0AA7542A, cid=2517, SUCCESS, logIndex=3743, commits[b461a7b0-028a-4eb5-b268-b89ac225aff8:c3743, b6ff45f5-67b8-463b-a273-c2e7d9dadd75:c3739, 6a5cb75f-f7eb-4671-9a85-3b6f7898f6cc:c3739]
2019-08-28 21:29:55,445 | INFO  | DNAudit | user=null | ip=null | op=WRITE_CHUNK {blockData=conID: 2 locID: 102696733585834579 bcsId: 3738} | ret=SUCCESS |  
2019-08-28 21:29:55,445 | INFO  | DNAudit | user=null | ip=null | op=WRITE_CHUNK {blockData=conID: 2 locID: 102696733585834579 bcsId: 3738} | ret=SUCCESS |  
2019-08-28 21:29:55,445 | INFO  | DNAudit | user=null | ip=null | op=PUT_BLOCK {blockData=[blockId=conID: 2 locID: 102696733585834579 bcsId: 0,size=3145728]} | ret=SUCCESS |  
2019-08-28 21:29:55,445 | INFO  | DNAudit | user=null | ip=null | op=PUT_BLOCK {blockData=[blockId=conID: 2 locID: 102696733585834579 bcsId: 0,size=3145728]} | ret=SUCCESS |  
2019-08-28 21:29:55,450 | INFO  | DNAudit | user=null | ip=null | op=WRITE_CHUNK {blockData=conID: 2 locID: 102696733585834579 bcsId: 3743} | ret=SUCCESS |  
2019-08-28 21:29:55,452 | INFO  | DNAudit | user=null | ip=null | op=WRITE_CHUNK {blockData=conID: 2 locID: 102696733585834579 bcsId: 3743} | ret=SUCCESS |  
2019-08-28 21:29:55,453 | INFO  | DNAudit | user=null | ip=null | op=WRITE_CHUNK {blockData=conID: 2 locID: 102696733585834579 bcsId: 3743} | ret=SUCCESS |  
2019-08-28 21:29:55,468 | INFO  | DNAudit | user=null | ip=null | op=WRITE_CHUNK {blockData=conID: 2 locID: 102696733585834579 bcsId: 3743} | ret=SUCCESS |  
2019-08-28 21:29:55,468 | INFO  | DNAudit | user=null | ip=null | op=PUT_BLOCK {blockData=[blockId=conID: 2 locID: 102696733585834579 bcsId: 0,size=4194304]} | ret=SUCCESS |  
2019-08-28 21:29:55,468 [grpc-default-executor-3] INFO  client.GrpcClientProtocolClient (GrpcClientProtocolClient.java:onNext(255)) - client-05DA20D107F8->b461a7b0-028a-4eb5-b268-b89ac225aff8: receive RaftClientReply:client-05DA20D107F8->b461a7b0-028a-4eb5-b268-b89ac225aff8@group-0C8C0AA7542A, cid=2518, SUCCESS, logIndex=3746, commits[b461a7b0-028a-4eb5-b268-b89ac225aff8:c3747, b6ff45f5-67b8-463b-a273-c2e7d9dadd75:c3744, 6a5cb75f-f7eb-4671-9a85-3b6f7898f6cc:c3744]
2019-08-28 21:29:55,469 [grpc-default-executor-3] INFO  client.GrpcClientProtocolClient (GrpcClientProtocolClient.java:onNext(255)) - client-05DA20D107F8->b461a7b0-028a-4eb5-b268-b89ac225aff8: receive RaftClientReply:client-05DA20D107F8->b461a7b0-028a-4eb5-b268-b89ac225aff8@group-0C8C0AA7542A, cid=2519, SUCCESS, logIndex=3747, commits[b461a7b0-028a-4eb5-b268-b89ac225aff8:c3747, b6ff45f5-67b8-463b-a273-c2e7d9dadd75:c3744, 6a5cb75f-f7eb-4671-9a85-3b6f7898f6cc:c3744]
2019-08-28 21:29:55,488 | INFO  | DNAudit | user=null | ip=null | op=WRITE_CHUNK {blockData=conID: 2 locID: 102696733585834579 bcsId: 3743} | ret=SUCCESS |  
2019-08-28 21:29:55,488 | INFO  | DNAudit | user=null | ip=null | op=WRITE_CHUNK {blockData=conID: 2 locID: 102696733585834579 bcsId: 3743} | ret=SUCCESS |  
2019-08-28 21:29:55,498 | INFO  | DNAudit | user=null | ip=null | op=PUT_BLOCK {blockData=[blockId=conID: 2 locID: 102696733585834579 bcsId: 0,size=4194304]} | ret=SUCCESS |  
2019-08-28 21:29:55,514 | INFO  | DNAudit | user=null | ip=null | op=PUT_BLOCK {blockData=[blockId=conID: 2 locID: 102696733585834579 bcsId: 0,size=4194304]} | ret=SUCCESS |  
2019-08-28 21:29:55,515 [grpc-default-executor-5] INFO  client.GrpcClientProtocolClient (GrpcClientProtocolClient.java:onNext(255)) - client-05DA20D107F8->b461a7b0-028a-4eb5-b268-b89ac225aff8: receive RaftClientReply:client-05DA20D107F8->b461a7b0-028a-4eb5-b268-b89ac225aff8@group-0C8C0AA7542A, cid=2520, SUCCESS, logIndex=0, commits[b461a7b0-028a-4eb5-b268-b89ac225aff8:c3749, b6ff45f5-67b8-463b-a273-c2e7d9dadd75:c3747, 6a5cb75f-f7eb-4671-9a85-3b6f7898f6cc:c3747]
2019-08-28 21:29:55,522 | INFO  | SCMAudit | user=jenkins1000 | ip=127.0.0.1 | op=ALLOCATE_BLOCK {owner=a0140aad-a474-4492-a39d-25bd6167d9f0, size=4194304, type=RATIS, factor=THREE} | ret=SUCCESS |  
2019-08-28 21:29:55,526 | INFO  | OMAudit | user=jenkins1000 | ip=127.0.0.1 | op=ALLOCATE_BLOCK {volume=vol-0-08922, bucket=bucket-0-29862, key=key-0-31337, dataSize=0, replicationType=null, replicationFactor=null, keyLocationInfo=null, clientID=102696731548516754} | ret=SUCCESS |  
2019-08-28 21:29:55,536 | INFO  | DNAudit | user=null | ip=null | op=WRITE_CHUNK {blockData=conID: 3 locID: 102696733607330388 bcsId: 0} | ret=SUCCESS |  
2019-08-28 21:29:55,539 | INFO  | DNAudit | user=null | ip=null | op=WRITE_CHUNK {blockData=conID: 3 locID: 102696733607330388 bcsId: 0} | ret=SUCCESS |  
2019-08-28 21:29:55,540 | INFO  | DNAudit | user=null | ip=null | op=WRITE_CHUNK {blockData=conID: 3 locID: 102696733607330388 bcsId: 0} | ret=SUCCESS |  
2019-08-28 21:29:55,540 | INFO  | DNAudit | user=null | ip=null | op=WRITE_CHUNK {blockData=conID: 3 locID: 102696733607330388 bcsId: 0} | ret=SUCCESS |  
2019-08-28 21:29:55,541 | INFO  | DNAudit | user=null | ip=null | op=WRITE_CHUNK {blockData=conID: 3 locID: 102696733607330388 bcsId: 0} | ret=SUCCESS |  
2019-08-28 21:29:55,542 | INFO  | DNAudit | user=null | ip=null | op=WRITE_CHUNK {blockData=conID: 3 locID: 102696733607330388 bcsId: 0} | ret=SUCCESS |  
2019-08-28 21:29:55,558 | INFO  | DNAudit | user=null | ip=null | op=WRITE_CHUNK {blockData=conID: 3 locID: 102696733607330388 bcsId: 0} | ret=SUCCESS |  
2019-08-28 21:29:55,559 | INFO  | DNAudit | user=null | ip=null | op=PUT_BLOCK {blockData=[blockId=conID: 3 locID: 102696733607330388 bcsId: 0,size=1048576]} | ret=SUCCESS |  
2019-08-28 21:29:55,559 [grpc-default-executor-3] INFO  client.GrpcClientProtocolClient (GrpcClientProtocolClient.java:onNext(255)) - client-05DA20D107F8->b461a7b0-028a-4eb5-b268-b89ac225aff8: receive RaftClientReply:client-05DA20D107F8->b461a7b0-028a-4eb5-b268-b89ac225aff8@group-0C8C0AA7542A, cid=2521, SUCCESS, logIndex=3750, commits[b461a7b0-028a-4eb5-b268-b89ac225aff8:c3752, b6ff45f5-67b8-463b-a273-c2e7d9dadd75:c3749, 6a5cb75f-f7eb-4671-9a85-3b6f7898f6cc:c3749]
2019-08-28 21:29:55,559 | INFO  | DNAudit | user=null | ip=null | op=WRITE_CHUNK {blockData=conID: 3 locID: 102696733607330388 bcsId: 0} | ret=SUCCESS |  
2019-08-28 21:29:55,560 | INFO  | DNAudit | user=null | ip=null | op=PUT_BLOCK {blockData=[blockId=conID: 3 locID: 102696733607330388 bcsId: 0,size=2097152]} | ret=SUCCESS |  
2019-08-28 21:29:55,560 [grpc-default-executor-3] INFO  client.GrpcClientProtocolClient (GrpcClientProtocolClient.java:onNext(255)) - client-05DA20D107F8->b461a7b0-028a-4eb5-b268-b89ac225aff8: receive RaftClientReply:client-05DA20D107F8->b461a7b0-028a-4eb5-b268-b89ac225aff8@group-0C8C0AA7542A, cid=2522, SUCCESS, logIndex=3751, commits[b461a7b0-028a-4eb5-b268-b89ac225aff8:c3753, b6ff45f5-67b8-463b-a273-c2e7d9dadd75:c3749, 6a5cb75f-f7eb-4671-9a85-3b6f7898f6cc:c3749]
2019-08-28 21:29:55,560 [grpc-default-executor-3] INFO  client.GrpcClientProtocolClient (GrpcClientProtocolClient.java:onNext(255)) - client-05DA20D107F8->b461a7b0-028a-4eb5-b268-b89ac225aff8: receive RaftClientReply:client-05DA20D107F8->b461a7b0-028a-4eb5-b268-b89ac225aff8@group-0C8C0AA7542A, cid=2523, SUCCESS, logIndex=3752, commits[b461a7b0-028a-4eb5-b268-b89ac225aff8:c3753, b6ff45f5-67b8-463b-a273-c2e7d9dadd75:c3749, 6a5cb75f-f7eb-4671-9a85-3b6f7898f6cc:c3749]
2019-08-28 21:29:55,560 [grpc-default-executor-3] INFO  client.GrpcClientProtocolClient (GrpcClientProtocolClient.java:onNext(255)) - client-05DA20D107F8->b461a7b0-028a-4eb5-b268-b89ac225aff8: receive RaftClientReply:client-05DA20D107F8->b461a7b0-028a-4eb5-b268-b89ac225aff8@group-0C8C0AA7542A, cid=2524, SUCCESS, logIndex=3753, commits[b461a7b0-028a-4eb5-b268-b89ac225aff8:c3753, b6ff45f5-67b8-463b-a273-c2e7d9dadd75:c3749, 6a5cb75f-f7eb-4671-9a85-3b6f7898f6cc:c3749]
2019-08-28 21:29:55,577 | INFO  | DNAudit | user=null | ip=null | op=WRITE_CHUNK {blockData=conID: 3 locID: 102696733607330388 bcsId: 0} | ret=SUCCESS |  
2019-08-28 21:29:55,577 | INFO  | DNAudit | user=null | ip=null | op=WRITE_CHUNK {blockData=conID: 3 locID: 102696733607330388 bcsId: 0} | ret=SUCCESS |  
2019-08-28 21:29:55,577 | INFO  | DNAudit | user=null | ip=null | op=PUT_BLOCK {blockData=[blockId=conID: 3 locID: 102696733607330388 bcsId: 0,size=1048576]} | ret=SUCCESS |  
2019-08-28 21:29:55,597 | INFO  | DNAudit | user=null | ip=null | op=WRITE_CHUNK {blockData=conID: 3 locID: 102696733607330388 bcsId: 0} | ret=SUCCESS |  
2019-08-28 21:29:55,597 | INFO  | DNAudit | user=null | ip=null | op=PUT_BLOCK {blockData=[blockId=conID: 3 locID: 102696733607330388 bcsId: 0,size=1048576]} | ret=SUCCESS |  
2019-08-28 21:29:55,597 | INFO  | DNAudit | user=null | ip=null | op=PUT_BLOCK {blockData=[blockId=conID: 3 locID: 102696733607330388 bcsId: 0,size=2097152]} | ret=SUCCESS |  
2019-08-28 21:29:55,598 | INFO  | DNAudit | user=null | ip=null | op=WRITE_CHUNK {blockData=conID: 3 locID: 102696733607330388 bcsId: 0} | ret=SUCCESS |  
2019-08-28 21:29:55,598 | INFO  | DNAudit | user=null | ip=null | op=PUT_BLOCK {blockData=[blockId=conID: 3 locID: 102696733607330388 bcsId: 0,size=2097152]} | ret=SUCCESS |  
2019-08-28 21:29:55,598 [grpc-default-executor-3] INFO  client.GrpcClientProtocolClient (GrpcClientProtocolClient.java:onNext(255)) - client-05DA20D107F8->b461a7b0-028a-4eb5-b268-b89ac225aff8: receive RaftClientReply:client-05DA20D107F8->b461a7b0-028a-4eb5-b268-b89ac225aff8@group-0C8C0AA7542A, cid=2525, SUCCESS, logIndex=0, commits[b461a7b0-028a-4eb5-b268-b89ac225aff8:c3756, b6ff45f5-67b8-463b-a273-c2e7d9dadd75:c3752, 6a5cb75f-f7eb-4671-9a85-3b6f7898f6cc:c3751]
2019-08-28 21:29:55,606 | INFO  | DNAudit | user=null | ip=null | op=WRITE_CHUNK {blockData=conID: 3 locID: 102696733607330388 bcsId: 3753} | ret=SUCCESS |  
2019-08-28 21:29:55,609 | INFO  | DNAudit | user=null | ip=null | op=WRITE_CHUNK {blockData=conID: 3 locID: 102696733607330388 bcsId: 3753} | ret=SUCCESS |  
2019-08-28 21:29:55,609 | INFO  | DNAudit | user=null | ip=null | op=WRITE_CHUNK {blockData=conID: 3 locID: 102696733607330388 bcsId: 3753} | ret=SUCCESS |  
2019-08-28 21:29:55,626 | INFO  | DNAudit | user=null | ip=null | op=WRITE_CHUNK {blockData=conID: 3 locID: 102696733607330388 bcsId: 3753} | ret=SUCCESS |  
2019-08-28 21:29:55,627 | INFO  | DNAudit | user=null | ip=null | op=PUT_BLOCK {blockData=[blockId=conID: 3 locID: 102696733607330388 bcsId: 0,size=3145728]} | ret=SUCCESS |  
2019-08-28 21:29:55,627 [grpc-default-executor-6] INFO  client.GrpcClientProtocolClient (GrpcClientProtocolClient.java:onNext(255)) - client-05DA20D107F8->b461a7b0-028a-4eb5-b268-b89ac225aff8: receive RaftClientReply:client-05DA20D107F8->b461a7b0-028a-4eb5-b268-b89ac225aff8@group-0C8C0AA7542A, cid=2526, SUCCESS, logIndex=3758, commits[b461a7b0-028a-4eb5-b268-b89ac225aff8:c3759, b6ff45f5-67b8-463b-a273-c2e7d9dadd75:c3757, 6a5cb75f-f7eb-4671-9a85-3b6f7898f6cc:c3753]
2019-08-28 21:29:55,628 [grpc-default-executor-6] INFO  client.GrpcClientProtocolClient (GrpcClientProtocolClient.java:onNext(255)) - client-05DA20D107F8->b461a7b0-028a-4eb5-b268-b89ac225aff8: receive RaftClientReply:client-05DA20D107F8->b461a7b0-028a-4eb5-b268-b89ac225aff8@group-0C8C0AA7542A, cid=2527, SUCCESS, logIndex=3759, commits[b461a7b0-028a-4eb5-b268-b89ac225aff8:c3759, b6ff45f5-67b8-463b-a273-c2e7d9dadd75:c3757, 6a5cb75f-f7eb-4671-9a85-3b6f7898f6cc:c3753]
2019-08-28 21:29:55,636 | INFO  | DNAudit | user=null | ip=null | op=WRITE_CHUNK {blockData=conID: 3 locID: 102696733607330388 bcsId: 3759} | ret=SUCCESS |  
2019-08-28 21:29:55,639 | INFO  | SCMAudit | user=jenkins1000 | ip=192.168.36.107 | op=SEND_HEARTBEAT {datanodeUUID=6a5cb75f-f7eb-4671-9a85-3b6f7898f6cc, command=[]} | ret=SUCCESS |  
2019-08-28 21:29:55,639 | INFO  | SCMAudit | user=jenkins1000 | ip=192.168.36.107 | op=SEND_HEARTBEAT {datanodeUUID=68f89a68-6a96-4cde-8528-8617611d459d, command=[]} | ret=SUCCESS |  
2019-08-28 21:29:55,639 | INFO  | SCMAudit | user=jenkins1000 | ip=192.168.36.107 | op=SEND_HEARTBEAT {datanodeUUID=b461a7b0-028a-4eb5-b268-b89ac225aff8, command=[]} | ret=SUCCESS |  
2019-08-28 21:29:55,639 | INFO  | SCMAudit | user=jenkins1000 | ip=192.168.36.107 | op=SEND_HEARTBEAT {datanodeUUID=b6ff45f5-67b8-463b-a273-c2e7d9dadd75, command=[]} | ret=SUCCESS |  
2019-08-28 21:29:55,639 | INFO  | SCMAudit | user=jenkins1000 | ip=192.168.36.107 | op=SEND_HEARTBEAT {datanodeUUID=af4986ea-80d8-4c92-96d2-2b3929a4248a, command=[]} | ret=SUCCESS |  
2019-08-28 21:29:55,639 | INFO  | DNAudit | user=null | ip=null | op=WRITE_CHUNK {blockData=conID: 3 locID: 102696733607330388 bcsId: 3759} | ret=SUCCESS |  
2019-08-28 21:29:55,643 | INFO  | DNAudit | user=null | ip=null | op=WRITE_CHUNK {blockData=conID: 3 locID: 102696733607330388 bcsId: 3759} | ret=SUCCESS |  
 0.00% |█                                                                                                    |  0/1 Time: 0:00:312019-08-28 21:29:55,650 | INFO  | DNAudit | user=null | ip=null | op=WRITE_CHUNK {blockData=conID: 3 locID: 102696733607330388 bcsId: 3753} | ret=SUCCESS |  
2019-08-28 21:29:55,651 | INFO  | DNAudit | user=null | ip=null | op=PUT_BLOCK {blockData=[blockId=conID: 3 locID: 102696733607330388 bcsId: 0,size=3145728]} | ret=SUCCESS |  
2019-08-28 21:29:55,651 | INFO  | DNAudit | user=null | ip=null | op=WRITE_CHUNK {blockData=conID: 3 locID: 102696733607330388 bcsId: 3753} | ret=SUCCESS |  
2019-08-28 21:29:55,651 | INFO  | DNAudit | user=null | ip=null | op=PUT_BLOCK {blockData=[blockId=conID: 3 locID: 102696733607330388 bcsId: 0,size=3145728]} | ret=SUCCESS |  
2019-08-28 21:29:55,675 | INFO  | DNAudit | user=null | ip=null | op=WRITE_CHUNK {blockData=conID: 3 locID: 102696733607330388 bcsId: 3759} | ret=SUCCESS |  
2019-08-28 21:29:55,676 | INFO  | DNAudit | user=null | ip=null | op=PUT_BLOCK {blockData=[blockId=conID: 3 locID: 102696733607330388 bcsId: 0,size=4194304]} | ret=SUCCESS |  
2019-08-28 21:29:55,676 [grpc-default-executor-6] INFO  client.GrpcClientProtocolClient (GrpcClientProtocolClient.java:onNext(255)) - client-05DA20D107F8->b461a7b0-028a-4eb5-b268-b89ac225aff8: receive RaftClientReply:client-05DA20D107F8->b461a7b0-028a-4eb5-b268-b89ac225aff8@group-0C8C0AA7542A, cid=2528, SUCCESS, logIndex=3762, commits[b461a7b0-028a-4eb5-b268-b89ac225aff8:c3763, b6ff45f5-67b8-463b-a273-c2e7d9dadd75:c3759, 6a5cb75f-f7eb-4671-9a85-3b6f7898f6cc:c3759]
2019-08-28 21:29:55,676 [grpc-default-executor-6] INFO  client.GrpcClientProtocolClient (GrpcClientProtocolClient.java:onNext(255)) - client-05DA20D107F8->b461a7b0-028a-4eb5-b268-b89ac225aff8: receive RaftClientReply:client-05DA20D107F8->b461a7b0-028a-4eb5-b268-b89ac225aff8@group-0C8C0AA7542A, cid=2529, SUCCESS, logIndex=3763, commits[b461a7b0-028a-4eb5-b268-b89ac225aff8:c3763, b6ff45f5-67b8-463b-a273-c2e7d9dadd75:c3759, 6a5cb75f-f7eb-4671-9a85-3b6f7898f6cc:c3759]
2019-08-28 21:29:55,692 | INFO  | DNAudit | user=null | ip=null | op=WRITE_CHUNK {blockData=conID: 3 locID: 102696733607330388 bcsId: 3759} | ret=SUCCESS |  
2019-08-28 21:29:55,692 | INFO  | DNAudit | user=null | ip=null | op=PUT_BLOCK {blockData=[blockId=conID: 3 locID: 102696733607330388 bcsId: 0,size=4194304]} | ret=SUCCESS |  
2019-08-28 21:29:55,693 | INFO  | DNAudit | user=null | ip=null | op=WRITE_CHUNK {blockData=conID: 3 locID: 102696733607330388 bcsId: 3759} | ret=SUCCESS |  
2019-08-28 21:29:55,693 | INFO  | DNAudit | user=null | ip=null | op=PUT_BLOCK {blockData=[blockId=conID: 3 locID: 102696733607330388 bcsId: 0,size=4194304]} | ret=SUCCESS |  
2019-08-28 21:29:55,693 [grpc-default-executor-6] INFO  client.GrpcClientProtocolClient (GrpcClientProtocolClient.java:onNext(255)) - client-05DA20D107F8->b461a7b0-028a-4eb5-b268-b89ac225aff8: receive RaftClientReply:client-05DA20D107F8->b461a7b0-028a-4eb5-b268-b89ac225aff8@group-0C8C0AA7542A, cid=2530, SUCCESS, logIndex=0, commits[b461a7b0-028a-4eb5-b268-b89ac225aff8:c3764, b6ff45f5-67b8-463b-a273-c2e7d9dadd75:c3763, 6a5cb75f-f7eb-4671-9a85-3b6f7898f6cc:c3763]
2019-08-28 21:29:55,701 | INFO  | SCMAudit | user=jenkins1000 | ip=127.0.0.1 | op=ALLOCATE_BLOCK {owner=a0140aad-a474-4492-a39d-25bd6167d9f0, size=4194304, type=RATIS, factor=THREE} | ret=SUCCESS |  
2019-08-28 21:29:55,706 | INFO  | OMAudit | user=jenkins1000 | ip=127.0.0.1 | op=ALLOCATE_BLOCK {volume=vol-0-08922, bucket=bucket-0-29862, key=key-0-31337, dataSize=0, replicationType=null, replicationFactor=null, keyLocationInfo=null, clientID=102696731548516754} | ret=SUCCESS |  
2019-08-28 21:29:55,715 | INFO  | DNAudit | user=null | ip=null | op=WRITE_CHUNK {blockData=conID: 1 locID: 102696733619061333 bcsId: 0} | ret=SUCCESS |  
2019-08-28 21:29:55,718 | INFO  | DNAudit | user=null | ip=null | op=WRITE_CHUNK {blockData=conID: 1 locID: 102696733619061333 bcsId: 0} | ret=SUCCESS |  
2019-08-28 21:29:55,719 | INFO  | DNAudit | user=null | ip=null | op=WRITE_CHUNK {blockData=conID: 1 locID: 102696733619061333 bcsId: 0} | ret=SUCCESS |  
2019-08-28 21:29:55,720 | INFO  | DNAudit | user=null | ip=null | op=WRITE_CHUNK {blockData=conID: 1 locID: 102696733619061333 bcsId: 0} | ret=SUCCESS |  
2019-08-28 21:29:55,721 | INFO  | DNAudit | user=null | ip=null | op=WRITE_CHUNK {blockData=conID: 1 locID: 102696733619061333 bcsId: 0} | ret=SUCCESS |  
2019-08-28 21:29:55,722 | INFO  | DNAudit | user=null | ip=null | op=WRITE_CHUNK {blockData=conID: 1 locID: 102696733619061333 bcsId: 0} | ret=SUCCESS |  
2019-08-28 21:29:55,737 | INFO  | DNAudit | user=null | ip=null | op=WRITE_CHUNK {blockData=conID: 1 locID: 102696733619061333 bcsId: 0} | ret=SUCCESS |  
2019-08-28 21:29:55,737 | INFO  | DNAudit | user=null | ip=null | op=PUT_BLOCK {blockData=[blockId=conID: 1 locID: 102696733619061333 bcsId: 0,size=1048576]} | ret=SUCCESS |  
2019-08-28 21:29:55,737 [grpc-default-executor-1] INFO  client.GrpcClientProtocolClient (GrpcClientProtocolClient.java:onNext(255)) - client-05DA20D107F8->b461a7b0-028a-4eb5-b268-b89ac225aff8: receive RaftClientReply:client-05DA20D107F8->b461a7b0-028a-4eb5-b268-b89ac225aff8@group-0C8C0AA7542A, cid=2531, SUCCESS, logIndex=3766, commits[b461a7b0-028a-4eb5-b268-b89ac225aff8:c3767, b6ff45f5-67b8-463b-a273-c2e7d9dadd75:c3765, 6a5cb75f-f7eb-4671-9a85-3b6f7898f6cc:c3765]
2019-08-28 21:29:55,738 [grpc-default-executor-1] INFO  client.GrpcClientProtocolClient (GrpcClientProtocolClient.java:onNext(255)) - client-05DA20D107F8->b461a7b0-028a-4eb5-b268-b89ac225aff8: receive RaftClientReply:client-05DA20D107F8->b461a7b0-028a-4eb5-b268-b89ac225aff8@group-0C8C0AA7542A, cid=2532, SUCCESS, logIndex=3767, commits[b461a7b0-028a-4eb5-b268-b89ac225aff8:c3767, b6ff45f5-67b8-463b-a273-c2e7d9dadd75:c3765, 6a5cb75f-f7eb-4671-9a85-3b6f7898f6cc:c3765]
2019-08-28 21:29:55,756 | INFO  | DNAudit | user=null | ip=null | op=WRITE_CHUNK {blockData=conID: 1 locID: 102696733619061333 bcsId: 0} | ret=SUCCESS |  
2019-08-28 21:29:55,756 | INFO  | DNAudit | user=null | ip=null | op=PUT_BLOCK {blockData=[blockId=conID: 1 locID: 102696733619061333 bcsId: 0,size=2097152]} | ret=SUCCESS |  
2019-08-28 21:29:55,757 [grpc-default-executor-1] INFO  client.GrpcClientProtocolClient (GrpcClientProtocolClient.java:onNext(255)) - client-05DA20D107F8->b461a7b0-028a-4eb5-b268-b89ac225aff8: receive RaftClientReply:client-05DA20D107F8->b461a7b0-028a-4eb5-b268-b89ac225aff8@group-0C8C0AA7542A, cid=2533, SUCCESS, logIndex=3768, commits[b461a7b0-028a-4eb5-b268-b89ac225aff8:c3769, b6ff45f5-67b8-463b-a273-c2e7d9dadd75:c3765, 6a5cb75f-f7eb-4671-9a85-3b6f7898f6cc:c3765]
2019-08-28 21:29:55,757 [grpc-default-executor-1] INFO  client.GrpcClientProtocolClient (GrpcClientProtocolClient.java:onNext(255)) - client-05DA20D107F8->b461a7b0-028a-4eb5-b268-b89ac225aff8: receive RaftClientReply:client-05DA20D107F8->b461a7b0-028a-4eb5-b268-b89ac225aff8@group-0C8C0AA7542A, cid=2534, SUCCESS, logIndex=3769, commits[b461a7b0-028a-4eb5-b268-b89ac225aff8:c3769, b6ff45f5-67b8-463b-a273-c2e7d9dadd75:c3765, 6a5cb75f-f7eb-4671-9a85-3b6f7898f6cc:c3765]
2019-08-28 21:29:55,758 | INFO  | DNAudit | user=null | ip=null | op=WRITE_CHUNK {blockData=conID: 1 locID: 102696733619061333 bcsId: 0} | ret=SUCCESS |  
2019-08-28 21:29:55,778 | INFO  | DNAudit | user=null | ip=null | op=WRITE_CHUNK {blockData=conID: 1 locID: 102696733619061333 bcsId: 0} | ret=SUCCESS |  
2019-08-28 21:29:55,778 | INFO  | DNAudit | user=null | ip=null | op=PUT_BLOCK {blockData=[blockId=conID: 1 locID: 102696733619061333 bcsId: 0,size=1048576]} | ret=SUCCESS |  
2019-08-28 21:29:55,778 | INFO  | DNAudit | user=null | ip=null | op=PUT_BLOCK {blockData=[blockId=conID: 1 locID: 102696733619061333 bcsId: 0,size=1048576]} | ret=SUCCESS |  
2019-08-28 21:29:55,778 | INFO  | DNAudit | user=null | ip=null | op=WRITE_CHUNK {blockData=conID: 1 locID: 102696733619061333 bcsId: 0} | ret=SUCCESS |  
2019-08-28 21:29:55,778 | INFO  | DNAudit | user=null | ip=null | op=PUT_BLOCK {blockData=[blockId=conID: 1 locID: 102696733619061333 bcsId: 0,size=2097152]} | ret=SUCCESS |  
2019-08-28 21:29:55,780 | INFO  | DNAudit | user=null | ip=null | op=WRITE_CHUNK {blockData=conID: 1 locID: 102696733619061333 bcsId: 0} | ret=SUCCESS |  
2019-08-28 21:29:55,780 | INFO  | DNAudit | user=null | ip=null | op=PUT_BLOCK {blockData=[blockId=conID: 1 locID: 102696733619061333 bcsId: 0,size=2097152]} | ret=SUCCESS |  
2019-08-28 21:29:55,781 [grpc-default-executor-1] INFO  client.GrpcClientProtocolClient (GrpcClientProtocolClient.java:onNext(255)) - client-05DA20D107F8->b461a7b0-028a-4eb5-b268-b89ac225aff8: receive RaftClientReply:client-05DA20D107F8->b461a7b0-028a-4eb5-b268-b89ac225aff8@group-0C8C0AA7542A, cid=2535, SUCCESS, logIndex=0, commits[b461a7b0-028a-4eb5-b268-b89ac225aff8:c3771, b6ff45f5-67b8-463b-a273-c2e7d9dadd75:c3767, 6a5cb75f-f7eb-4671-9a85-3b6f7898f6cc:c3767]
2019-08-28 21:29:55,788 | INFO  | DNAudit | user=null | ip=null | op=WRITE_CHUNK {blockData=conID: 1 locID: 102696733619061333 bcsId: 3769} | ret=SUCCESS |  
2019-08-28 21:29:55,791 | INFO  | DNAudit | user=null | ip=null | op=WRITE_CHUNK {blockData=conID: 1 locID: 102696733619061333 bcsId: 3769} | ret=SUCCESS |  
2019-08-28 21:29:55,791 | INFO  | DNAudit | user=null | ip=null | op=WRITE_CHUNK {blockData=conID: 1 locID: 102696733619061333 bcsId: 3769} | ret=SUCCESS |  
2019-08-28 21:29:55,811 | INFO  | DNAudit | user=null | ip=null | op=WRITE_CHUNK {blockData=conID: 1 locID: 102696733619061333 bcsId: 3769} | ret=SUCCESS |  
2019-08-28 21:29:55,811 | INFO  | DNAudit | user=null | ip=null | op=PUT_BLOCK {blockData=[blockId=conID: 1 locID: 102696733619061333 bcsId: 0,size=3145728]} | ret=SUCCESS |  
2019-08-28 21:29:55,812 [grpc-default-executor-1] INFO  client.GrpcClientProtocolClient (GrpcClientProtocolClient.java:onNext(255)) - client-05DA20D107F8->b461a7b0-028a-4eb5-b268-b89ac225aff8: receive RaftClientReply:client-05DA20D107F8->b461a7b0-028a-4eb5-b268-b89ac225aff8@group-0C8C0AA7542A, cid=2536, SUCCESS, logIndex=3773, commits[b461a7b0-028a-4eb5-b268-b89ac225aff8:c3774, b6ff45f5-67b8-463b-a273-c2e7d9dadd75:c3771, 6a5cb75f-f7eb-4671-9a85-3b6f7898f6cc:c3771]
2019-08-28 21:29:55,812 [grpc-default-executor-1] INFO  client.GrpcClientProtocolClient (GrpcClientProtocolClient.java:onNext(255)) - client-05DA20D107F8->b461a7b0-028a-4eb5-b268-b89ac225aff8: receive RaftClientReply:client-05DA20D107F8->b461a7b0-028a-4eb5-b268-b89ac225aff8@group-0C8C0AA7542A, cid=2537, SUCCESS, logIndex=3774, commits[b461a7b0-028a-4eb5-b268-b89ac225aff8:c3774, b6ff45f5-67b8-463b-a273-c2e7d9dadd75:c3771, 6a5cb75f-f7eb-4671-9a85-3b6f7898f6cc:c3771]
2019-08-28 21:29:55,820 | INFO  | DNAudit | user=null | ip=null | op=WRITE_CHUNK {blockData=conID: 1 locID: 102696733619061333 bcsId: 3774} | ret=SUCCESS |  
2019-08-28 21:29:55,823 | INFO  | DNAudit | user=null | ip=null | op=WRITE_CHUNK {blockData=conID: 1 locID: 102696733619061333 bcsId: 3774} | ret=SUCCESS |  
2019-08-28 21:29:55,823 | INFO  | DNAudit | user=null | ip=null | op=WRITE_CHUNK {blockData=conID: 1 locID: 102696733619061333 bcsId: 3774} | ret=SUCCESS |  
2019-08-28 21:29:55,840 | INFO  | DNAudit | user=null | ip=null | op=WRITE_CHUNK {blockData=conID: 1 locID: 102696733619061333 bcsId: 3769} | ret=SUCCESS |  
2019-08-28 21:29:55,840 | INFO  | DNAudit | user=null | ip=null | op=WRITE_CHUNK {blockData=conID: 1 locID: 102696733619061333 bcsId: 3769} | ret=SUCCESS |  
2019-08-28 21:29:55,840 | INFO  | DNAudit | user=null | ip=null | op=PUT_BLOCK {blockData=[blockId=conID: 1 locID: 102696733619061333 bcsId: 0,size=3145728]} | ret=SUCCESS |  
2019-08-28 21:29:55,841 | INFO  | DNAudit | user=null | ip=null | op=PUT_BLOCK {blockData=[blockId=conID: 1 locID: 102696733619061333 bcsId: 0,size=3145728]} | ret=SUCCESS |  
2019-08-28 21:29:55,841 | INFO  | DNAudit | user=null | ip=null | op=WRITE_CHUNK {blockData=conID: 1 locID: 102696733619061333 bcsId: 3774} | ret=SUCCESS |  
2019-08-28 21:29:55,841 | INFO  | DNAudit | user=null | ip=null | op=PUT_BLOCK {blockData=[blockId=conID: 1 locID: 102696733619061333 bcsId: 0,size=4194304]} | ret=SUCCESS |  
2019-08-28 21:29:55,841 [grpc-default-executor-1] INFO  client.GrpcClientProtocolClient (GrpcClientProtocolClient.java:onNext(255)) - client-05DA20D107F8->b461a7b0-028a-4eb5-b268-b89ac225aff8: receive RaftClientReply:client-05DA20D107F8->b461a7b0-028a-4eb5-b268-b89ac225aff8@group-0C8C0AA7542A, cid=2538, SUCCESS, logIndex=3777, commits[b461a7b0-028a-4eb5-b268-b89ac225aff8:c3778, b6ff45f5-67b8-463b-a273-c2e7d9dadd75:c3776, 6a5cb75f-f7eb-4671-9a85-3b6f7898f6cc:c3776]
2019-08-28 21:29:55,842 [grpc-default-executor-1] INFO  client.GrpcClientProtocolClient (GrpcClientProtocolClient.java:onNext(255)) - client-05DA20D107F8->b461a7b0-028a-4eb5-b268-b89ac225aff8: receive RaftClientReply:client-05DA20D107F8->b461a7b0-028a-4eb5-b268-b89ac225aff8@group-0C8C0AA7542A, cid=2539, SUCCESS, logIndex=3778, commits[b461a7b0-028a-4eb5-b268-b89ac225aff8:c3778, b6ff45f5-67b8-463b-a273-c2e7d9dadd75:c3776, 6a5cb75f-f7eb-4671-9a85-3b6f7898f6cc:c3776]
2019-08-28 21:29:55,851 | INFO  | DNAudit | user=null | ip=null | op=WRITE_CHUNK {blockData=conID: 1 locID: 102696733619061333 bcsId: 3774} | ret=SUCCESS |  
2019-08-28 21:29:55,851 | INFO  | DNAudit | user=null | ip=null | op=WRITE_CHUNK {blockData=conID: 1 locID: 102696733619061333 bcsId: 3774} | ret=SUCCESS |  
2019-08-28 21:29:55,852 | INFO  | DNAudit | user=null | ip=null | op=PUT_BLOCK {blockData=[blockId=conID: 1 locID: 102696733619061333 bcsId: 0,size=4194304]} | ret=SUCCESS |  
2019-08-28 21:29:55,852 | INFO  | DNAudit | user=null | ip=null | op=PUT_BLOCK {blockData=[blockId=conID: 1 locID: 102696733619061333 bcsId: 0,size=4194304]} | ret=SUCCESS |  
2019-08-28 21:29:55,853 [grpc-default-executor-1] INFO  client.GrpcClientProtocolClient (GrpcClientProtocolClient.java:onNext(255)) - client-05DA20D107F8->b461a7b0-028a-4eb5-b268-b89ac225aff8: receive RaftClientReply:client-05DA20D107F8->b461a7b0-028a-4eb5-b268-b89ac225aff8@group-0C8C0AA7542A, cid=2540, SUCCESS, logIndex=0, commits[b461a7b0-028a-4eb5-b268-b89ac225aff8:c3780, b6ff45f5-67b8-463b-a273-c2e7d9dadd75:c3778, 6a5cb75f-f7eb-4671-9a85-3b6f7898f6cc:c3778]
2019-08-28 21:29:55,859 | INFO  | SCMAudit | user=jenkins1000 | ip=127.0.0.1 | op=ALLOCATE_BLOCK {owner=a0140aad-a474-4492-a39d-25bd6167d9f0, size=4194304, type=RATIS, factor=THREE} | ret=SUCCESS |  
2019-08-28 21:29:55,863 | INFO  | OMAudit | user=jenkins1000 | ip=127.0.0.1 | op=ALLOCATE_BLOCK {volume=vol-0-08922, bucket=bucket-0-29862, key=key-0-31337, dataSize=0, replicationType=null, replicationFactor=null, keyLocationInfo=null, clientID=102696731548516754} | ret=SUCCESS |  
2019-08-28 21:29:55,871 | INFO  | DNAudit | user=null | ip=null | op=WRITE_CHUNK {blockData=conID: 2 locID: 102696733629416022 bcsId: 0} | ret=SUCCESS |  
2019-08-28 21:29:55,873 | INFO  | DNAudit | user=null | ip=null | op=WRITE_CHUNK {blockData=conID: 2 locID: 102696733629416022 bcsId: 0} | ret=SUCCESS |  
2019-08-28 21:29:55,874 | INFO  | DNAudit | user=null | ip=null | op=WRITE_CHUNK {blockData=conID: 2 locID: 102696733629416022 bcsId: 0} | ret=SUCCESS |  
2019-08-28 21:29:55,874 | INFO  | DNAudit | user=null | ip=null | op=WRITE_CHUNK {blockData=conID: 2 locID: 102696733629416022 bcsId: 0} | ret=SUCCESS |  
2019-08-28 21:29:55,875 | INFO  | DNAudit | user=null | ip=null | op=WRITE_CHUNK {blockData=conID: 2 locID: 102696733629416022 bcsId: 0} | ret=SUCCESS |  
2019-08-28 21:29:55,875 | INFO  | DNAudit | user=null | ip=null | op=WRITE_CHUNK {blockData=conID: 2 locID: 102696733629416022 bcsId: 0} | ret=SUCCESS |  
2019-08-28 21:29:55,886 | INFO  | DNAudit | user=null | ip=null | op=WRITE_CHUNK {blockData=conID: 2 locID: 102696733629416022 bcsId: 0} | ret=SUCCESS |  
2019-08-28 21:29:55,887 | INFO  | DNAudit | user=null | ip=null | op=PUT_BLOCK {blockData=[blockId=conID: 2 locID: 102696733629416022 bcsId: 0,size=1048576]} | ret=SUCCESS |  
2019-08-28 21:29:55,887 | INFO  | DNAudit | user=null | ip=null | op=WRITE_CHUNK {blockData=conID: 2 locID: 102696733629416022 bcsId: 0} | ret=SUCCESS |  
2019-08-28 21:29:55,888 | INFO  | DNAudit | user=null | ip=null | op=PUT_BLOCK {blockData=[blockId=conID: 2 locID: 102696733629416022 bcsId: 0,size=2097152]} | ret=SUCCESS |  
2019-08-28 21:29:55,887 [grpc-default-executor-3] INFO  client.GrpcClientProtocolClient (GrpcClientProtocolClient.java:onNext(255)) - client-05DA20D107F8->b461a7b0-028a-4eb5-b268-b89ac225aff8: receive RaftClientReply:client-05DA20D107F8->b461a7b0-028a-4eb5-b268-b89ac225aff8@group-0C8C0AA7542A, cid=2541, SUCCESS, logIndex=3781, commits[b461a7b0-028a-4eb5-b268-b89ac225aff8:c3784, b6ff45f5-67b8-463b-a273-c2e7d9dadd75:c3780, 6a5cb75f-f7eb-4671-9a85-3b6f7898f6cc:c3780]
2019-08-28 21:29:55,888 [grpc-default-executor-3] INFO  client.GrpcClientProtocolClient (GrpcClientProtocolClient.java:onNext(255)) - client-05DA20D107F8->b461a7b0-028a-4eb5-b268-b89ac225aff8: receive RaftClientReply:client-05DA20D107F8->b461a7b0-028a-4eb5-b268-b89ac225aff8@group-0C8C0AA7542A, cid=2542, SUCCESS, logIndex=3782, commits[b461a7b0-028a-4eb5-b268-b89ac225aff8:c3784, b6ff45f5-67b8-463b-a273-c2e7d9dadd75:c3780, 6a5cb75f-f7eb-4671-9a85-3b6f7898f6cc:c3780]
2019-08-28 21:29:55,888 [grpc-default-executor-3] INFO  client.GrpcClientProtocolClient (GrpcClientProtocolClient.java:onNext(255)) - client-05DA20D107F8->b461a7b0-028a-4eb5-b268-b89ac225aff8: receive RaftClientReply:client-05DA20D107F8->b461a7b0-028a-4eb5-b268-b89ac225aff8@group-0C8C0AA7542A, cid=2543, SUCCESS, logIndex=3783, commits[b461a7b0-028a-4eb5-b268-b89ac225aff8:c3784, b6ff45f5-67b8-463b-a273-c2e7d9dadd75:c3780, 6a5cb75f-f7eb-4671-9a85-3b6f7898f6cc:c3780]
2019-08-28 21:29:55,889 [grpc-default-executor-3] INFO  client.GrpcClientProtocolClient (GrpcClientProtocolClient.java:onNext(255)) - client-05DA20D107F8->b461a7b0-028a-4eb5-b268-b89ac225aff8: receive RaftClientReply:client-05DA20D107F8->b461a7b0-028a-4eb5-b268-b89ac225aff8@group-0C8C0AA7542A, cid=2544, SUCCESS, logIndex=3784, commits[b461a7b0-028a-4eb5-b268-b89ac225aff8:c3784, b6ff45f5-67b8-463b-a273-c2e7d9dadd75:c3780, 6a5cb75f-f7eb-4671-9a85-3b6f7898f6cc:c3780]
2019-08-28 21:29:55,904 | INFO  | DNAudit | user=null | ip=null | op=WRITE_CHUNK {blockData=conID: 2 locID: 102696733629416022 bcsId: 0} | ret=SUCCESS |  
2019-08-28 21:29:55,904 | INFO  | DNAudit | user=null | ip=null | op=WRITE_CHUNK {blockData=conID: 2 locID: 102696733629416022 bcsId: 0} | ret=SUCCESS |  
2019-08-28 21:29:55,904 | INFO  | DNAudit | user=null | ip=null | op=PUT_BLOCK {blockData=[blockId=conID: 2 locID: 102696733629416022 bcsId: 0,size=1048576]} | ret=SUCCESS |  
2019-08-28 21:29:55,904 | INFO  | DNAudit | user=null | ip=null | op=WRITE_CHUNK {blockData=conID: 2 locID: 102696733629416022 bcsId: 0} | ret=SUCCESS |  
2019-08-28 21:29:55,949 | INFO  | DNAudit | user=null | ip=null | op=PUT_BLOCK {blockData=[blockId=conID: 2 locID: 102696733629416022 bcsId: 0,size=1048576]} | ret=SUCCESS |  
2019-08-28 21:29:55,949 | INFO  | DNAudit | user=null | ip=null | op=PUT_BLOCK {blockData=[blockId=conID: 2 locID: 102696733629416022 bcsId: 0,size=2097152]} | ret=SUCCESS |  
2019-08-28 21:29:55,949 | INFO  | DNAudit | user=null | ip=null | op=WRITE_CHUNK {blockData=conID: 2 locID: 102696733629416022 bcsId: 0} | ret=SUCCESS |  
2019-08-28 21:29:55,949 | INFO  | DNAudit | user=null | ip=null | op=PUT_BLOCK {blockData=[blockId=conID: 2 locID: 102696733629416022 bcsId: 0,size=2097152]} | ret=SUCCESS |  
2019-08-28 21:29:55,950 [grpc-default-executor-1] INFO  client.GrpcClientProtocolClient (GrpcClientProtocolClient.java:onNext(255)) - client-05DA20D107F8->b461a7b0-028a-4eb5-b268-b89ac225aff8: receive RaftClientReply:client-05DA20D107F8->b461a7b0-028a-4eb5-b268-b89ac225aff8@group-0C8C0AA7542A, cid=2545, SUCCESS, logIndex=0, commits[b461a7b0-028a-4eb5-b268-b89ac225aff8:c3785, b6ff45f5-67b8-463b-a273-c2e7d9dadd75:c3784, 6a5cb75f-f7eb-4671-9a85-3b6f7898f6cc:c3783]
2019-08-28 21:29:55,961 | INFO  | DNAudit | user=null | ip=null | op=WRITE_CHUNK {blockData=conID: 2 locID: 102696733629416022 bcsId: 3784} | ret=SUCCESS |  
2019-08-28 21:29:55,963 | INFO  | DNAudit | user=null | ip=null | op=WRITE_CHUNK {blockData=conID: 2 locID: 102696733629416022 bcsId: 3784} | ret=SUCCESS |  
2019-08-28 21:29:55,964 | INFO  | DNAudit | user=null | ip=null | op=WRITE_CHUNK {blockData=conID: 2 locID: 102696733629416022 bcsId: 3784} | ret=SUCCESS |  
2019-08-28 21:29:56,077 | INFO  | DNAudit | user=null | ip=null | op=WRITE_CHUNK {blockData=conID: 2 locID: 102696733629416022 bcsId: 3784} | ret=SUCCESS |  
2019-08-28 21:29:56,078 | INFO  | DNAudit | user=null | ip=null | op=PUT_BLOCK {blockData=[blockId=conID: 2 locID: 102696733629416022 bcsId: 0,size=3145728]} | ret=SUCCESS |  
2019-08-28 21:29:56,078 [grpc-default-executor-3] INFO  client.GrpcClientProtocolClient (GrpcClientProtocolClient.java:onNext(255)) - client-05DA20D107F8->b461a7b0-028a-4eb5-b268-b89ac225aff8: receive RaftClientReply:client-05DA20D107F8->b461a7b0-028a-4eb5-b268-b89ac225aff8@group-0C8C0AA7542A, cid=2546, SUCCESS, logIndex=3788, commits[b461a7b0-028a-4eb5-b268-b89ac225aff8:c3789, b6ff45f5-67b8-463b-a273-c2e7d9dadd75:c3787, 6a5cb75f-f7eb-4671-9a85-3b6f7898f6cc:c3787]
2019-08-28 21:29:56,079 [grpc-default-executor-3] INFO  client.GrpcClientProtocolClient (GrpcClientProtocolClient.java:onNext(255)) - client-05DA20D107F8->b461a7b0-028a-4eb5-b268-b89ac225aff8: receive RaftClientReply:client-05DA20D107F8->b461a7b0-028a-4eb5-b268-b89ac225aff8@group-0C8C0AA7542A, cid=2547, SUCCESS, logIndex=3789, commits[b461a7b0-028a-4eb5-b268-b89ac225aff8:c3789, b6ff45f5-67b8-463b-a273-c2e7d9dadd75:c3787, 6a5cb75f-f7eb-4671-9a85-3b6f7898f6cc:c3787]
2019-08-28 21:29:56,089 | INFO  | DNAudit | user=null | ip=null | op=WRITE_CHUNK {blockData=conID: 2 locID: 102696733629416022 bcsId: 3789} | ret=SUCCESS |  
2019-08-28 21:29:56,091 | INFO  | DNAudit | user=null | ip=null | op=WRITE_CHUNK {blockData=conID: 2 locID: 102696733629416022 bcsId: 3789} | ret=SUCCESS |  
2019-08-28 21:29:56,092 | INFO  | DNAudit | user=null | ip=null | op=WRITE_CHUNK {blockData=conID: 2 locID: 102696733629416022 bcsId: 3789} | ret=SUCCESS |  
2019-08-28 21:29:56,096 | INFO  | DNAudit | user=null | ip=null | op=WRITE_CHUNK {blockData=conID: 2 locID: 102696733629416022 bcsId: 3784} | ret=SUCCESS |  
2019-08-28 21:29:56,096 | INFO  | DNAudit | user=null | ip=null | op=WRITE_CHUNK {blockData=conID: 2 locID: 102696733629416022 bcsId: 3784} | ret=SUCCESS |  
2019-08-28 21:29:56,097 | INFO  | DNAudit | user=null | ip=null | op=PUT_BLOCK {blockData=[blockId=conID: 2 locID: 102696733629416022 bcsId: 0,size=3145728]} | ret=SUCCESS |  
2019-08-28 21:29:56,103 | INFO  | DNAudit | user=null | ip=null | op=PUT_BLOCK {blockData=[blockId=conID: 2 locID: 102696733629416022 bcsId: 0,size=3145728]} | ret=SUCCESS |  
2019-08-28 21:29:56,104 | INFO  | DNAudit | user=null | ip=null | op=WRITE_CHUNK {blockData=conID: 2 locID: 102696733629416022 bcsId: 3789} | ret=SUCCESS |  
2019-08-28 21:29:56,105 | INFO  | DNAudit | user=null | ip=null | op=PUT_BLOCK {blockData=[blockId=conID: 2 locID: 102696733629416022 bcsId: 0,size=4194304]} | ret=SUCCESS |  
2019-08-28 21:29:56,105 [grpc-default-executor-3] INFO  client.GrpcClientProtocolClient (GrpcClientProtocolClient.java:onNext(255)) - client-05DA20D107F8->b461a7b0-028a-4eb5-b268-b89ac225aff8: receive RaftClientReply:client-05DA20D107F8->b461a7b0-028a-4eb5-b268-b89ac225aff8@group-0C8C0AA7542A, cid=2548, SUCCESS, logIndex=3792, commits[b461a7b0-028a-4eb5-b268-b89ac225aff8:c3793, b6ff45f5-67b8-463b-a273-c2e7d9dadd75:c3789, 6a5cb75f-f7eb-4671-9a85-3b6f7898f6cc:c3789]
2019-08-28 21:29:56,105 [grpc-default-executor-3] INFO  client.GrpcClientProtocolClient (GrpcClientProtocolClient.java:onNext(255)) - client-05DA20D107F8->b461a7b0-028a-4eb5-b268-b89ac225aff8: receive RaftClientReply:client-05DA20D107F8->b461a7b0-028a-4eb5-b268-b89ac225aff8@group-0C8C0AA7542A, cid=2549, SUCCESS, logIndex=3793, commits[b461a7b0-028a-4eb5-b268-b89ac225aff8:c3793, b6ff45f5-67b8-463b-a273-c2e7d9dadd75:c3789, 6a5cb75f-f7eb-4671-9a85-3b6f7898f6cc:c3789]
2019-08-28 21:29:56,111 | INFO  | DNAudit | user=null | ip=null | op=WRITE_CHUNK {blockData=conID: 2 locID: 102696733629416022 bcsId: 3789} | ret=SUCCESS |  
2019-08-28 21:29:56,112 | INFO  | DNAudit | user=null | ip=null | op=WRITE_CHUNK {blockData=conID: 2 locID: 102696733629416022 bcsId: 3789} | ret=SUCCESS |  
2019-08-28 21:29:56,112 | INFO  | DNAudit | user=null | ip=null | op=PUT_BLOCK {blockData=[blockId=conID: 2 locID: 102696733629416022 bcsId: 0,size=4194304]} | ret=SUCCESS |  
2019-08-28 21:29:56,112 | INFO  | DNAudit | user=null | ip=null | op=PUT_BLOCK {blockData=[blockId=conID: 2 locID: 102696733629416022 bcsId: 0,size=4194304]} | ret=SUCCESS |  
2019-08-28 21:29:56,113 [grpc-default-executor-3] INFO  client.GrpcClientProtocolClient (GrpcClientProtocolClient.java:onNext(255)) - client-05DA20D107F8->b461a7b0-028a-4eb5-b268-b89ac225aff8: receive RaftClientReply:client-05DA20D107F8->b461a7b0-028a-4eb5-b268-b89ac225aff8@group-0C8C0AA7542A, cid=2550, SUCCESS, logIndex=0, commits[b461a7b0-028a-4eb5-b268-b89ac225aff8:c3794, b6ff45f5-67b8-463b-a273-c2e7d9dadd75:c3793, 6a5cb75f-f7eb-4671-9a85-3b6f7898f6cc:c3793]
2019-08-28 21:29:56,121 | INFO  | SCMAudit | user=jenkins1000 | ip=127.0.0.1 | op=ALLOCATE_BLOCK {owner=a0140aad-a474-4492-a39d-25bd6167d9f0, size=4194304, type=RATIS, factor=THREE} | ret=SUCCESS |  
2019-08-28 21:29:56,127 | INFO  | OMAudit | user=jenkins1000 | ip=127.0.0.1 | op=ALLOCATE_BLOCK {volume=vol-0-08922, bucket=bucket-0-29862, key=key-0-31337, dataSize=0, replicationType=null, replicationFactor=null, keyLocationInfo=null, clientID=102696731548516754} | ret=SUCCESS |  
2019-08-28 21:29:56,138 | INFO  | DNAudit | user=null | ip=null | op=WRITE_CHUNK {blockData=conID: 3 locID: 102696733646586455 bcsId: 0} | ret=SUCCESS |  
2019-08-28 21:29:56,139 | INFO  | DNAudit | user=null | ip=null | op=WRITE_CHUNK {blockData=conID: 3 locID: 102696733646586455 bcsId: 0} | ret=SUCCESS |  
2019-08-28 21:29:56,141 | INFO  | DNAudit | user=null | ip=null | op=WRITE_CHUNK {blockData=conID: 3 locID: 102696733646586455 bcsId: 0} | ret=SUCCESS |  
2019-08-28 21:29:56,141 | INFO  | DNAudit | user=null | ip=null | op=WRITE_CHUNK {blockData=conID: 3 locID: 102696733646586455 bcsId: 0} | ret=SUCCESS |  
2019-08-28 21:29:56,144 | INFO  | DNAudit | user=null | ip=null | op=WRITE_CHUNK {blockData=conID: 3 locID: 102696733646586455 bcsId: 0} | ret=SUCCESS |  
2019-08-28 21:29:56,144 | INFO  | DNAudit | user=null | ip=null | op=WRITE_CHUNK {blockData=conID: 3 locID: 102696733646586455 bcsId: 0} | ret=SUCCESS |  
2019-08-28 21:29:56,169 | INFO  | DNAudit | user=null | ip=null | op=WRITE_CHUNK {blockData=conID: 3 locID: 102696733646586455 bcsId: 0} | ret=SUCCESS |  
2019-08-28 21:29:56,169 | INFO  | DNAudit | user=null | ip=null | op=PUT_BLOCK {blockData=[blockId=conID: 3 locID: 102696733646586455 bcsId: 0,size=1048576]} | ret=SUCCESS |  
2019-08-28 21:29:56,170 [grpc-default-executor-1] INFO  client.GrpcClientProtocolClient (GrpcClientProtocolClient.java:onNext(255)) - client-05DA20D107F8->b461a7b0-028a-4eb5-b268-b89ac225aff8: receive RaftClientReply:client-05DA20D107F8->b461a7b0-028a-4eb5-b268-b89ac225aff8@group-0C8C0AA7542A, cid=2551, SUCCESS, logIndex=3796, commits[b461a7b0-028a-4eb5-b268-b89ac225aff8:c3797, b6ff45f5-67b8-463b-a273-c2e7d9dadd75:c3795, 6a5cb75f-f7eb-4671-9a85-3b6f7898f6cc:c3795]
2019-08-28 21:29:56,170 [grpc-default-executor-1] INFO  client.GrpcClientProtocolClient (GrpcClientProtocolClient.java:onNext(255)) - client-05DA20D107F8->b461a7b0-028a-4eb5-b268-b89ac225aff8: receive RaftClientReply:client-05DA20D107F8->b461a7b0-028a-4eb5-b268-b89ac225aff8@group-0C8C0AA7542A, cid=2552, SUCCESS, logIndex=3797, commits[b461a7b0-028a-4eb5-b268-b89ac225aff8:c3797, b6ff45f5-67b8-463b-a273-c2e7d9dadd75:c3795, 6a5cb75f-f7eb-4671-9a85-3b6f7898f6cc:c3795]
2019-08-28 21:29:56,173 | INFO  | DNAudit | user=null | ip=null | op=WRITE_CHUNK {blockData=conID: 3 locID: 102696733646586455 bcsId: 0} | ret=SUCCESS |  
2019-08-28 21:29:56,173 | INFO  | DNAudit | user=null | ip=null | op=PUT_BLOCK {blockData=[blockId=conID: 3 locID: 102696733646586455 bcsId: 0,size=2097152]} | ret=SUCCESS |  
2019-08-28 21:29:56,174 [grpc-default-executor-3] INFO  client.GrpcClientProtocolClient (GrpcClientProtocolClient.java:onNext(255)) - client-05DA20D107F8->b461a7b0-028a-4eb5-b268-b89ac225aff8: receive RaftClientReply:client-05DA20D107F8->b461a7b0-028a-4eb5-b268-b89ac225aff8@group-0C8C0AA7542A, cid=2553, SUCCESS, logIndex=3798, commits[b461a7b0-028a-4eb5-b268-b89ac225aff8:c3799, b6ff45f5-67b8-463b-a273-c2e7d9dadd75:c3795, 6a5cb75f-f7eb-4671-9a85-3b6f7898f6cc:c3795]
2019-08-28 21:29:56,174 [grpc-default-executor-3] INFO  client.GrpcClientProtocolClient (GrpcClientProtocolClient.java:onNext(255)) - client-05DA20D107F8->b461a7b0-028a-4eb5-b268-b89ac225aff8: receive RaftClientReply:client-05DA20D107F8->b461a7b0-028a-4eb5-b268-b89ac225aff8@group-0C8C0AA7542A, cid=2554, SUCCESS, logIndex=3799, commits[b461a7b0-028a-4eb5-b268-b89ac225aff8:c3799, b6ff45f5-67b8-463b-a273-c2e7d9dadd75:c3795, 6a5cb75f-f7eb-4671-9a85-3b6f7898f6cc:c3795]
2019-08-28 21:29:56,177 | INFO  | DNAudit | user=null | ip=null | op=WRITE_CHUNK {blockData=conID: 3 locID: 102696733646586455 bcsId: 0} | ret=SUCCESS |  
2019-08-28 21:29:56,177 | INFO  | DNAudit | user=null | ip=null | op=WRITE_CHUNK {blockData=conID: 3 locID: 102696733646586455 bcsId: 0} | ret=SUCCESS |  
2019-08-28 21:29:56,177 | INFO  | DNAudit | user=null | ip=null | op=PUT_BLOCK {blockData=[blockId=conID: 3 locID: 102696733646586455 bcsId: 0,size=1048576]} | ret=SUCCESS |  
2019-08-28 21:29:56,178 | INFO  | DNAudit | user=null | ip=null | op=PUT_BLOCK {blockData=[blockId=conID: 3 locID: 102696733646586455 bcsId: 0,size=1048576]} | ret=SUCCESS |  
2019-08-28 21:29:56,178 | INFO  | DNAudit | user=null | ip=null | op=WRITE_CHUNK {blockData=conID: 3 locID: 102696733646586455 bcsId: 0} | ret=SUCCESS |  
2019-08-28 21:29:56,179 | INFO  | DNAudit | user=null | ip=null | op=PUT_BLOCK {blockData=[blockId=conID: 3 locID: 102696733646586455 bcsId: 0,size=2097152]} | ret=SUCCESS |  
2019-08-28 21:29:56,179 | INFO  | DNAudit | user=null | ip=null | op=WRITE_CHUNK {blockData=conID: 3 locID: 102696733646586455 bcsId: 0} | ret=SUCCESS |  
2019-08-28 21:29:56,179 | INFO  | DNAudit | user=null | ip=null | op=PUT_BLOCK {blockData=[blockId=conID: 3 locID: 102696733646586455 bcsId: 0,size=2097152]} | ret=SUCCESS |  
2019-08-28 21:29:56,179 [grpc-default-executor-3] INFO  client.GrpcClientProtocolClient (GrpcClientProtocolClient.java:onNext(255)) - client-05DA20D107F8->b461a7b0-028a-4eb5-b268-b89ac225aff8: receive RaftClientReply:client-05DA20D107F8->b461a7b0-028a-4eb5-b268-b89ac225aff8@group-0C8C0AA7542A, cid=2555, SUCCESS, logIndex=0, commits[b461a7b0-028a-4eb5-b268-b89ac225aff8:c3801, b6ff45f5-67b8-463b-a273-c2e7d9dadd75:c3797, 6a5cb75f-f7eb-4671-9a85-3b6f7898f6cc:c3797]
2019-08-28 21:29:56,188 | INFO  | DNAudit | user=null | ip=null | op=WRITE_CHUNK {blockData=conID: 3 locID: 102696733646586455 bcsId: 3799} | ret=SUCCESS |  
2019-08-28 21:29:56,190 | INFO  | DNAudit | user=null | ip=null | op=WRITE_CHUNK {blockData=conID: 3 locID: 102696733646586455 bcsId: 3799} | ret=SUCCESS |  
2019-08-28 21:29:56,191 | INFO  | DNAudit | user=null | ip=null | op=WRITE_CHUNK {blockData=conID: 3 locID: 102696733646586455 bcsId: 3799} | ret=SUCCESS |  
2019-08-28 21:29:56,205 | INFO  | DNAudit | user=null | ip=null | op=WRITE_CHUNK {blockData=conID: 3 locID: 102696733646586455 bcsId: 3799} | ret=SUCCESS |  
2019-08-28 21:29:56,205 | INFO  | DNAudit | user=null | ip=null | op=PUT_BLOCK {blockData=[blockId=conID: 3 locID: 102696733646586455 bcsId: 0,size=3145728]} | ret=SUCCESS |  
2019-08-28 21:29:56,206 [grpc-default-executor-1] INFO  client.GrpcClientProtocolClient (GrpcClientProtocolClient.java:onNext(255)) - client-05DA20D107F8->b461a7b0-028a-4eb5-b268-b89ac225aff8: receive RaftClientReply:client-05DA20D107F8->b461a7b0-028a-4eb5-b268-b89ac225aff8@group-0C8C0AA7542A, cid=2556, SUCCESS, logIndex=3804, commits[b461a7b0-028a-4eb5-b268-b89ac225aff8:c3804, b6ff45f5-67b8-463b-a273-c2e7d9dadd75:c3803, 6a5cb75f-f7eb-4671-9a85-3b6f7898f6cc:c3799]
2019-08-28 21:29:56,206 [grpc-default-executor-1] INFO  client.GrpcClientProtocolClient (GrpcClientProtocolClient.java:onNext(255)) - client-05DA20D107F8->b461a7b0-028a-4eb5-b268-b89ac225aff8: receive RaftClientReply:client-05DA20D107F8->b461a7b0-028a-4eb5-b268-b89ac225aff8@group-0C8C0AA7542A, cid=2557, SUCCESS, logIndex=3805, commits[b461a7b0-028a-4eb5-b268-b89ac225aff8:c3805, b6ff45f5-67b8-463b-a273-c2e7d9dadd75:c3803, 6a5cb75f-f7eb-4671-9a85-3b6f7898f6cc:c3803]
2019-08-28 21:29:56,216 | INFO  | DNAudit | user=null | ip=null | op=WRITE_CHUNK {blockData=conID: 3 locID: 102696733646586455 bcsId: 3805} | ret=SUCCESS |  
2019-08-28 21:29:56,219 | INFO  | DNAudit | user=null | ip=null | op=WRITE_CHUNK {blockData=conID: 3 locID: 102696733646586455 bcsId: 3805} | ret=SUCCESS |  
2019-08-28 21:29:56,219 | INFO  | DNAudit | user=null | ip=null | op=WRITE_CHUNK {blockData=conID: 3 locID: 102696733646586455 bcsId: 3805} | ret=SUCCESS |  
2019-08-28 21:29:56,236 | INFO  | DNAudit | user=null | ip=null | op=WRITE_CHUNK {blockData=conID: 3 locID: 102696733646586455 bcsId: 3799} | ret=SUCCESS |  
2019-08-28 21:29:56,236 | INFO  | DNAudit | user=null | ip=null | op=WRITE_CHUNK {blockData=conID: 3 locID: 102696733646586455 bcsId: 3799} | ret=SUCCESS |  
2019-08-28 21:29:56,237 | INFO  | DNAudit | user=null | ip=null | op=PUT_BLOCK {blockData=[blockId=conID: 3 locID: 102696733646586455 bcsId: 0,size=3145728]} | ret=SUCCESS |  
2019-08-28 21:29:56,237 | INFO  | DNAudit | user=null | ip=null | op=PUT_BLOCK {blockData=[blockId=conID: 3 locID: 102696733646586455 bcsId: 0,size=3145728]} | ret=SUCCESS |  
2019-08-28 21:29:56,238 | INFO  | DNAudit | user=null | ip=null | op=WRITE_CHUNK {blockData=conID: 3 locID: 102696733646586455 bcsId: 3805} | ret=SUCCESS |  
2019-08-28 21:29:56,238 | INFO  | DNAudit | user=null | ip=null | op=PUT_BLOCK {blockData=[blockId=conID: 3 locID: 102696733646586455 bcsId: 0,size=4194304]} | ret=SUCCESS |  
2019-08-28 21:29:56,239 [grpc-default-executor-3] INFO  client.GrpcClientProtocolClient (GrpcClientProtocolClient.java:onNext(255)) - client-05DA20D107F8->b461a7b0-028a-4eb5-b268-b89ac225aff8: receive RaftClientReply:client-05DA20D107F8->b461a7b0-028a-4eb5-b268-b89ac225aff8@group-0C8C0AA7542A, cid=2558, SUCCESS, logIndex=3808, commits[b461a7b0-028a-4eb5-b268-b89ac225aff8:c3809, b6ff45f5-67b8-463b-a273-c2e7d9dadd75:c3805, 6a5cb75f-f7eb-4671-9a85-3b6f7898f6cc:c3804]
2019-08-28 21:29:56,239 [grpc-default-executor-3] INFO  client.GrpcClientProtocolClient (GrpcClientProtocolClient.java:onNext(255)) - client-05DA20D107F8->b461a7b0-028a-4eb5-b268-b89ac225aff8: receive RaftClientReply:client-05DA20D107F8->b461a7b0-028a-4eb5-b268-b89ac225aff8@group-0C8C0AA7542A, cid=2559, SUCCESS, logIndex=3809, commits[b461a7b0-028a-4eb5-b268-b89ac225aff8:c3809, b6ff45f5-67b8-463b-a273-c2e7d9dadd75:c3805, 6a5cb75f-f7eb-4671-9a85-3b6f7898f6cc:c3805]
2019-08-28 21:29:56,241 | INFO  | DNAudit | user=null | ip=null | op=WRITE_CHUNK {blockData=conID: 3 locID: 102696733646586455 bcsId: 3805} | ret=SUCCESS |  
2019-08-28 21:29:56,241 | INFO  | DNAudit | user=null | ip=null | op=WRITE_CHUNK {blockData=conID: 3 locID: 102696733646586455 bcsId: 3805} | ret=SUCCESS |  
2019-08-28 21:29:56,241 | INFO  | DNAudit | user=null | ip=null | op=PUT_BLOCK {blockData=[blockId=conID: 3 locID: 102696733646586455 bcsId: 0,size=4194304]} | ret=SUCCESS |  
2019-08-28 21:29:56,241 | INFO  | DNAudit | user=null | ip=null | op=PUT_BLOCK {blockData=[blockId=conID: 3 locID: 102696733646586455 bcsId: 0,size=4194304]} | ret=SUCCESS |  
2019-08-28 21:29:56,242 [grpc-default-executor-3] INFO  client.GrpcClientProtocolClient (GrpcClientProtocolClient.java:onNext(255)) - client-05DA20D107F8->b461a7b0-028a-4eb5-b268-b89ac225aff8: receive RaftClientReply:client-05DA20D107F8->b461a7b0-028a-4eb5-b268-b89ac225aff8@group-0C8C0AA7542A, cid=2560, SUCCESS, logIndex=0, commits[b461a7b0-028a-4eb5-b268-b89ac225aff8:c3810, b6ff45f5-67b8-463b-a273-c2e7d9dadd75:c3809, 6a5cb75f-f7eb-4671-9a85-3b6f7898f6cc:c3809]
2019-08-28 21:29:56,250 | INFO  | SCMAudit | user=jenkins1000 | ip=127.0.0.1 | op=ALLOCATE_BLOCK {owner=a0140aad-a474-4492-a39d-25bd6167d9f0, size=4194304, type=RATIS, factor=THREE} | ret=SUCCESS |  
2019-08-28 21:29:56,255 | INFO  | OMAudit | user=jenkins1000 | ip=127.0.0.1 | op=ALLOCATE_BLOCK {volume=vol-0-08922, bucket=bucket-0-29862, key=key-0-31337, dataSize=0, replicationType=null, replicationFactor=null, keyLocationInfo=null, clientID=102696731548516754} | ret=SUCCESS |  
2019-08-28 21:29:56,266 | INFO  | DNAudit | user=null | ip=null | op=WRITE_CHUNK {blockData=conID: 1 locID: 102696733655040600 bcsId: 0} | ret=SUCCESS |  
2019-08-28 21:29:56,270 | INFO  | DNAudit | user=null | ip=null | op=WRITE_CHUNK {blockData=conID: 1 locID: 102696733655040600 bcsId: 0} | ret=SUCCESS |  
2019-08-28 21:29:56,270 | INFO  | DNAudit | user=null | ip=null | op=WRITE_CHUNK {blockData=conID: 1 locID: 102696733655040600 bcsId: 0} | ret=SUCCESS |  
2019-08-28 21:29:56,270 | INFO  | DNAudit | user=null | ip=null | op=WRITE_CHUNK {blockData=conID: 1 locID: 102696733655040600 bcsId: 0} | ret=SUCCESS |  
2019-08-28 21:29:56,273 | INFO  | DNAudit | user=null | ip=null | op=WRITE_CHUNK {blockData=conID: 1 locID: 102696733655040600 bcsId: 0} | ret=SUCCESS |  
2019-08-28 21:29:56,274 | INFO  | DNAudit | user=null | ip=null | op=WRITE_CHUNK {blockData=conID: 1 locID: 102696733655040600 bcsId: 0} | ret=SUCCESS |  
2019-08-28 21:29:56,277 | INFO  | DNAudit | user=null | ip=null | op=WRITE_CHUNK {blockData=conID: 1 locID: 102696733655040600 bcsId: 0} | ret=SUCCESS |  
2019-08-28 21:29:56,278 | INFO  | DNAudit | user=null | ip=null | op=PUT_BLOCK {blockData=[blockId=conID: 1 locID: 102696733655040600 bcsId: 0,size=1048576]} | ret=SUCCESS |  
2019-08-28 21:29:56,279 | INFO  | DNAudit | user=null | ip=null | op=WRITE_CHUNK {blockData=conID: 1 locID: 102696733655040600 bcsId: 0} | ret=SUCCESS |  
2019-08-28 21:29:56,279 | INFO  | DNAudit | user=null | ip=null | op=PUT_BLOCK {blockData=[blockId=conID: 1 locID: 102696733655040600 bcsId: 0,size=2097152]} | ret=SUCCESS |  
2019-08-28 21:29:56,279 [grpc-default-executor-6] INFO  client.GrpcClientProtocolClient (GrpcClientProtocolClient.java:onNext(255)) - client-05DA20D107F8->b461a7b0-028a-4eb5-b268-b89ac225aff8: receive RaftClientReply:client-05DA20D107F8->b461a7b0-028a-4eb5-b268-b89ac225aff8@group-0C8C0AA7542A, cid=2561, SUCCESS, logIndex=3812, commits[b461a7b0-028a-4eb5-b268-b89ac225aff8:c3813, b6ff45f5-67b8-463b-a273-c2e7d9dadd75:c3811, 6a5cb75f-f7eb-4671-9a85-3b6f7898f6cc:c3811]
2019-08-28 21:29:56,280 [grpc-default-executor-6] INFO  client.GrpcClientProtocolClient (GrpcClientProtocolClient.java:onNext(255)) - client-05DA20D107F8->b461a7b0-028a-4eb5-b268-b89ac225aff8: receive RaftClientReply:client-05DA20D107F8->b461a7b0-028a-4eb5-b268-b89ac225aff8@group-0C8C0AA7542A, cid=2562, SUCCESS, logIndex=3813, commits[b461a7b0-028a-4eb5-b268-b89ac225aff8:c3813, b6ff45f5-67b8-463b-a273-c2e7d9dadd75:c3811, 6a5cb75f-f7eb-4671-9a85-3b6f7898f6cc:c3811]
2019-08-28 21:29:56,281 [grpc-default-executor-6] INFO  client.GrpcClientProtocolClient (GrpcClientProtocolClient.java:onNext(255)) - client-05DA20D107F8->b461a7b0-028a-4eb5-b268-b89ac225aff8: receive RaftClientReply:client-05DA20D107F8->b461a7b0-028a-4eb5-b268-b89ac225aff8@group-0C8C0AA7542A, cid=2563, SUCCESS, logIndex=3814, commits[b461a7b0-028a-4eb5-b268-b89ac225aff8:c3815, b6ff45f5-67b8-463b-a273-c2e7d9dadd75:c3811, 6a5cb75f-f7eb-4671-9a85-3b6f7898f6cc:c3811]
2019-08-28 21:29:56,281 [grpc-default-executor-6] INFO  client.GrpcClientProtocolClient (GrpcClientProtocolClient.java:onNext(255)) - client-05DA20D107F8->b461a7b0-028a-4eb5-b268-b89ac225aff8: receive RaftClientReply:client-05DA20D107F8->b461a7b0-028a-4eb5-b268-b89ac225aff8@group-0C8C0AA7542A, cid=2564, SUCCESS, logIndex=3815, commits[b461a7b0-028a-4eb5-b268-b89ac225aff8:c3815, b6ff45f5-67b8-463b-a273-c2e7d9dadd75:c3811, 6a5cb75f-f7eb-4671-9a85-3b6f7898f6cc:c3811]
2019-08-28 21:29:56,284 | INFO  | DNAudit | user=null | ip=null | op=WRITE_CHUNK {blockData=conID: 1 locID: 102696733655040600 bcsId: 0} | ret=SUCCESS |  
2019-08-28 21:29:56,284 | INFO  | DNAudit | user=null | ip=null | op=PUT_BLOCK {blockData=[blockId=conID: 1 locID: 102696733655040600 bcsId: 0,size=1048576]} | ret=SUCCESS |  
2019-08-28 21:29:56,284 | INFO  | DNAudit | user=null | ip=null | op=WRITE_CHUNK {blockData=conID: 1 locID: 102696733655040600 bcsId: 0} | ret=SUCCESS |  
2019-08-28 21:29:56,284 | INFO  | DNAudit | user=null | ip=null | op=PUT_BLOCK {blockData=[blockId=conID: 1 locID: 102696733655040600 bcsId: 0,size=1048576]} | ret=SUCCESS |  
2019-08-28 21:29:56,285 | INFO  | DNAudit | user=null | ip=null | op=WRITE_CHUNK {blockData=conID: 1 locID: 102696733655040600 bcsId: 0} | ret=SUCCESS |  
2019-08-28 21:29:56,285 | INFO  | DNAudit | user=null | ip=null | op=PUT_BLOCK {blockData=[blockId=conID: 1 locID: 102696733655040600 bcsId: 0,size=2097152]} | ret=SUCCESS |  
2019-08-28 21:29:56,285 [grpc-default-executor-6] INFO  client.GrpcClientProtocolClient (GrpcClientProtocolClient.java:onNext(255)) - client-05DA20D107F8->b461a7b0-028a-4eb5-b268-b89ac225aff8: receive RaftClientReply:client-05DA20D107F8->b461a7b0-028a-4eb5-b268-b89ac225aff8@group-0C8C0AA7542A, cid=2565, SUCCESS, logIndex=0, commits[b461a7b0-028a-4eb5-b268-b89ac225aff8:c3817, b6ff45f5-67b8-463b-a273-c2e7d9dadd75:c3813, 6a5cb75f-f7eb-4671-9a85-3b6f7898f6cc:c3813]
2019-08-28 21:29:56,287 | INFO  | DNAudit | user=null | ip=null | op=WRITE_CHUNK {blockData=conID: 1 locID: 102696733655040600 bcsId: 0} | ret=SUCCESS |  
2019-08-28 21:29:56,287 | INFO  | DNAudit | user=null | ip=null | op=PUT_BLOCK {blockData=[blockId=conID: 1 locID: 102696733655040600 bcsId: 0,size=2097152]} | ret=SUCCESS |  
2019-08-28 21:29:56,295 | INFO  | DNAudit | user=null | ip=null | op=WRITE_CHUNK {blockData=conID: 1 locID: 102696733655040600 bcsId: 3815} | ret=SUCCESS |  
2019-08-28 21:29:56,298 | INFO  | DNAudit | user=null | ip=null | op=WRITE_CHUNK {blockData=conID: 1 locID: 102696733655040600 bcsId: 3815} | ret=SUCCESS |  
2019-08-28 21:29:56,298 | INFO  | DNAudit | user=null | ip=null | op=WRITE_CHUNK {blockData=conID: 1 locID: 102696733655040600 bcsId: 3815} | ret=SUCCESS |  
2019-08-28 21:29:56,302 | INFO  | DNAudit | user=null | ip=null | op=WRITE_CHUNK {blockData=conID: 1 locID: 102696733655040600 bcsId: 3815} | ret=SUCCESS |  
2019-08-28 21:29:56,303 | INFO  | DNAudit | user=null | ip=null | op=PUT_BLOCK {blockData=[blockId=conID: 1 locID: 102696733655040600 bcsId: 0,size=3145728]} | ret=SUCCESS |  
2019-08-28 21:29:56,303 [grpc-default-executor-3] INFO  client.GrpcClientProtocolClient (GrpcClientProtocolClient.java:onNext(255)) - client-05DA20D107F8->b461a7b0-028a-4eb5-b268-b89ac225aff8: receive RaftClientReply:client-05DA20D107F8->b461a7b0-028a-4eb5-b268-b89ac225aff8@group-0C8C0AA7542A, cid=2566, SUCCESS, logIndex=3820, commits[b461a7b0-028a-4eb5-b268-b89ac225aff8:c3821, b6ff45f5-67b8-463b-a273-c2e7d9dadd75:c3819, 6a5cb75f-f7eb-4671-9a85-3b6f7898f6cc:c3819]
2019-08-28 21:29:56,303 [grpc-default-executor-3] INFO  client.GrpcClientProtocolClient (GrpcClientProtocolClient.java:onNext(255)) - client-05DA20D107F8->b461a7b0-028a-4eb5-b268-b89ac225aff8: receive RaftClientReply:client-05DA20D107F8->b461a7b0-028a-4eb5-b268-b89ac225aff8@group-0C8C0AA7542A, cid=2567, SUCCESS, logIndex=3821, commits[b461a7b0-028a-4eb5-b268-b89ac225aff8:c3821, b6ff45f5-67b8-463b-a273-c2e7d9dadd75:c3819, 6a5cb75f-f7eb-4671-9a85-3b6f7898f6cc:c3819]
2019-08-28 21:29:56,311 | INFO  | DNAudit | user=null | ip=null | op=WRITE_CHUNK {blockData=conID: 1 locID: 102696733655040600 bcsId: 3821} | ret=SUCCESS |  
2019-08-28 21:29:56,313 | INFO  | DNAudit | user=null | ip=null | op=WRITE_CHUNK {blockData=conID: 1 locID: 102696733655040600 bcsId: 3821} | ret=SUCCESS |  
2019-08-28 21:29:56,313 | INFO  | DNAudit | user=null | ip=null | op=WRITE_CHUNK {blockData=conID: 1 locID: 102696733655040600 bcsId: 3815} | ret=SUCCESS |  
2019-08-28 21:29:56,314 | INFO  | DNAudit | user=null | ip=null | op=WRITE_CHUNK {blockData=conID: 1 locID: 102696733655040600 bcsId: 3821} | ret=SUCCESS |  
2019-08-28 21:29:56,314 | INFO  | DNAudit | user=null | ip=null | op=WRITE_CHUNK {blockData=conID: 1 locID: 102696733655040600 bcsId: 3815} | ret=SUCCESS |  
2019-08-28 21:29:56,314 | INFO  | DNAudit | user=null | ip=null | op=PUT_BLOCK {blockData=[blockId=conID: 1 locID: 102696733655040600 bcsId: 0,size=3145728]} | ret=SUCCESS |  
2019-08-28 21:29:56,314 | INFO  | DNAudit | user=null | ip=null | op=PUT_BLOCK {blockData=[blockId=conID: 1 locID: 102696733655040600 bcsId: 0,size=3145728]} | ret=SUCCESS |  
2019-08-28 21:29:56,327 | INFO  | DNAudit | user=null | ip=null | op=WRITE_CHUNK {blockData=conID: 1 locID: 102696733655040600 bcsId: 3821} | ret=SUCCESS |  
2019-08-28 21:29:56,327 | INFO  | DNAudit | user=null | ip=null | op=PUT_BLOCK {blockData=[blockId=conID: 1 locID: 102696733655040600 bcsId: 0,size=4194304]} | ret=SUCCESS |  
2019-08-28 21:29:56,327 [grpc-default-executor-3] INFO  client.GrpcClientProtocolClient (GrpcClientProtocolClient.java:onNext(255)) - client-05DA20D107F8->b461a7b0-028a-4eb5-b268-b89ac225aff8: receive RaftClientReply:client-05DA20D107F8->b461a7b0-028a-4eb5-b268-b89ac225aff8@group-0C8C0AA7542A, cid=2568, SUCCESS, logIndex=3824, commits[b461a7b0-028a-4eb5-b268-b89ac225aff8:c3825, b6ff45f5-67b8-463b-a273-c2e7d9dadd75:c3821, 6a5cb75f-f7eb-4671-9a85-3b6f7898f6cc:c3821]
2019-08-28 21:29:56,328 [grpc-default-executor-3] INFO  client.GrpcClientProtocolClient (GrpcClientProtocolClient.java:onNext(255)) - client-05DA20D107F8->b461a7b0-028a-4eb5-b268-b89ac225aff8: receive RaftClientReply:client-05DA20D107F8->b461a7b0-028a-4eb5-b268-b89ac225aff8@group-0C8C0AA7542A, cid=2569, SUCCESS, logIndex=3825, commits[b461a7b0-028a-4eb5-b268-b89ac225aff8:c3825, b6ff45f5-67b8-463b-a273-c2e7d9dadd75:c3821, 6a5cb75f-f7eb-4671-9a85-3b6f7898f6cc:c3821]
2019-08-28 21:29:56,332 | INFO  | DNAudit | user=null | ip=null | op=WRITE_CHUNK {blockData=conID: 1 locID: 102696733655040600 bcsId: 3821} | ret=SUCCESS |  
2019-08-28 21:29:56,332 | INFO  | DNAudit | user=null | ip=null | op=WRITE_CHUNK {blockData=conID: 1 locID: 102696733655040600 bcsId: 3821} | ret=SUCCESS |  
2019-08-28 21:29:56,336 | INFO  | DNAudit | user=null | ip=null | op=PUT_BLOCK {blockData=[blockId=conID: 1 locID: 102696733655040600 bcsId: 0,size=4194304]} | ret=SUCCESS |  
2019-08-28 21:29:56,336 | INFO  | DNAudit | user=null | ip=null | op=PUT_BLOCK {blockData=[blockId=conID: 1 locID: 102696733655040600 bcsId: 0,size=4194304]} | ret=SUCCESS |  
2019-08-28 21:29:56,336 [grpc-default-executor-3] INFO  client.GrpcClientProtocolClient (GrpcClientProtocolClient.java:onNext(255)) - client-05DA20D107F8->b461a7b0-028a-4eb5-b268-b89ac225aff8: receive RaftClientReply:client-05DA20D107F8->b461a7b0-028a-4eb5-b268-b89ac225aff8@group-0C8C0AA7542A, cid=2570, SUCCESS, logIndex=0, commits[b461a7b0-028a-4eb5-b268-b89ac225aff8:c3827, b6ff45f5-67b8-463b-a273-c2e7d9dadd75:c3825, 6a5cb75f-f7eb-4671-9a85-3b6f7898f6cc:c3825]
2019-08-28 21:29:56,342 | INFO  | SCMAudit | user=jenkins1000 | ip=127.0.0.1 | op=ALLOCATE_BLOCK {owner=a0140aad-a474-4492-a39d-25bd6167d9f0, size=4194304, type=RATIS, factor=THREE} | ret=SUCCESS |  
2019-08-28 21:29:56,345 | INFO  | OMAudit | user=jenkins1000 | ip=127.0.0.1 | op=ALLOCATE_BLOCK {volume=vol-0-08922, bucket=bucket-0-29862, key=key-0-31337, dataSize=0, replicationType=null, replicationFactor=null, keyLocationInfo=null, clientID=102696731548516754} | ret=SUCCESS |  
2019-08-28 21:29:56,353 | INFO  | DNAudit | user=null | ip=null | op=WRITE_CHUNK {blockData=conID: 2 locID: 102696733661069913 bcsId: 0} | ret=SUCCESS |  
2019-08-28 21:29:56,356 | INFO  | DNAudit | user=null | ip=null | op=WRITE_CHUNK {blockData=conID: 2 locID: 102696733661069913 bcsId: 0} | ret=SUCCESS |  
2019-08-28 21:29:56,357 | INFO  | DNAudit | user=null | ip=null | op=WRITE_CHUNK {blockData=conID: 2 locID: 102696733661069913 bcsId: 0} | ret=SUCCESS |  
2019-08-28 21:29:56,357 | INFO  | DNAudit | user=null | ip=null | op=WRITE_CHUNK {blockData=conID: 2 locID: 102696733661069913 bcsId: 0} | ret=SUCCESS |  
2019-08-28 21:29:56,359 | INFO  | DNAudit | user=null | ip=null | op=WRITE_CHUNK {blockData=conID: 2 locID: 102696733661069913 bcsId: 0} | ret=SUCCESS |  
2019-08-28 21:29:56,359 | INFO  | DNAudit | user=null | ip=null | op=WRITE_CHUNK {blockData=conID: 2 locID: 102696733661069913 bcsId: 0} | ret=SUCCESS |  
2019-08-28 21:29:56,367 | INFO  | DNAudit | user=null | ip=null | op=WRITE_CHUNK {blockData=conID: 2 locID: 102696733661069913 bcsId: 0} | ret=SUCCESS |  
2019-08-28 21:29:56,368 | INFO  | DNAudit | user=null | ip=null | op=PUT_BLOCK {blockData=[blockId=conID: 2 locID: 102696733661069913 bcsId: 0,size=1048576]} | ret=SUCCESS |  
2019-08-28 21:29:56,368 [grpc-default-executor-3] INFO  client.GrpcClientProtocolClient (GrpcClientProtocolClient.java:onNext(255)) - client-05DA20D107F8->b461a7b0-028a-4eb5-b268-b89ac225aff8: receive RaftClientReply:client-05DA20D107F8->b461a7b0-028a-4eb5-b268-b89ac225aff8@group-0C8C0AA7542A, cid=2571, SUCCESS, logIndex=3828, commits[b461a7b0-028a-4eb5-b268-b89ac225aff8:c3830, b6ff45f5-67b8-463b-a273-c2e7d9dadd75:c3827, 6a5cb75f-f7eb-4671-9a85-3b6f7898f6cc:c3827]
2019-08-28 21:29:56,368 | INFO  | DNAudit | user=null | ip=null | op=WRITE_CHUNK {blockData=conID: 2 locID: 102696733661069913 bcsId: 0} | ret=SUCCESS |  
2019-08-28 21:29:56,368 [grpc-default-executor-3] INFO  client.GrpcClientProtocolClient (GrpcClientProtocolClient.java:onNext(255)) - client-05DA20D107F8->b461a7b0-028a-4eb5-b268-b89ac225aff8: receive RaftClientReply:client-05DA20D107F8->b461a7b0-028a-4eb5-b268-b89ac225aff8@group-0C8C0AA7542A, cid=2572, SUCCESS, logIndex=3829, commits[b461a7b0-028a-4eb5-b268-b89ac225aff8:c3831, b6ff45f5-67b8-463b-a273-c2e7d9dadd75:c3827, 6a5cb75f-f7eb-4671-9a85-3b6f7898f6cc:c3827]
2019-08-28 21:29:56,369 | INFO  | DNAudit | user=null | ip=null | op=PUT_BLOCK {blockData=[blockId=conID: 2 locID: 102696733661069913 bcsId: 0,size=2097152]} | ret=SUCCESS |  
2019-08-28 21:29:56,369 [grpc-default-executor-3] INFO  client.GrpcClientProtocolClient (GrpcClientProtocolClient.java:onNext(255)) - client-05DA20D107F8->b461a7b0-028a-4eb5-b268-b89ac225aff8: receive RaftClientReply:client-05DA20D107F8->b461a7b0-028a-4eb5-b268-b89ac225aff8@group-0C8C0AA7542A, cid=2573, SUCCESS, logIndex=3830, commits[b461a7b0-028a-4eb5-b268-b89ac225aff8:c3831, b6ff45f5-67b8-463b-a273-c2e7d9dadd75:c3827, 6a5cb75f-f7eb-4671-9a85-3b6f7898f6cc:c3827]
2019-08-28 21:29:56,369 [grpc-default-executor-3] INFO  client.GrpcClientProtocolClient (GrpcClientProtocolClient.java:onNext(255)) - client-05DA20D107F8->b461a7b0-028a-4eb5-b268-b89ac225aff8: receive RaftClientReply:client-05DA20D107F8->b461a7b0-028a-4eb5-b268-b89ac225aff8@group-0C8C0AA7542A, cid=2574, SUCCESS, logIndex=3831, commits[b461a7b0-028a-4eb5-b268-b89ac225aff8:c3831, b6ff45f5-67b8-463b-a273-c2e7d9dadd75:c3827, 6a5cb75f-f7eb-4671-9a85-3b6f7898f6cc:c3827]
2019-08-28 21:29:56,371 | INFO  | DNAudit | user=null | ip=null | op=WRITE_CHUNK {blockData=conID: 2 locID: 102696733661069913 bcsId: 0} | ret=SUCCESS |  
2019-08-28 21:29:56,371 | INFO  | DNAudit | user=null | ip=null | op=PUT_BLOCK {blockData=[blockId=conID: 2 locID: 102696733661069913 bcsId: 0,size=1048576]} | ret=SUCCESS |  
2019-08-28 21:29:56,371 | INFO  | DNAudit | user=null | ip=null | op=WRITE_CHUNK {blockData=conID: 2 locID: 102696733661069913 bcsId: 0} | ret=SUCCESS |  
2019-08-28 21:29:56,371 | INFO  | DNAudit | user=null | ip=null | op=WRITE_CHUNK {blockData=conID: 2 locID: 102696733661069913 bcsId: 0} | ret=SUCCESS |  
2019-08-28 21:29:56,378 | INFO  | DNAudit | user=null | ip=null | op=PUT_BLOCK {blockData=[blockId=conID: 2 locID: 102696733661069913 bcsId: 0,size=2097152]} | ret=SUCCESS |  
2019-08-28 21:29:56,378 | INFO  | DNAudit | user=null | ip=null | op=PUT_BLOCK {blockData=[blockId=conID: 2 locID: 102696733661069913 bcsId: 0,size=1048576]} | ret=SUCCESS |  
2019-08-28 21:29:56,379 | INFO  | DNAudit | user=null | ip=null | op=WRITE_CHUNK {blockData=conID: 2 locID: 102696733661069913 bcsId: 0} | ret=SUCCESS |  
2019-08-28 21:29:56,379 | INFO  | DNAudit | user=null | ip=null | op=PUT_BLOCK {blockData=[blockId=conID: 2 locID: 102696733661069913 bcsId: 0,size=2097152]} | ret=SUCCESS |  
2019-08-28 21:29:56,379 [grpc-default-executor-6] INFO  client.GrpcClientProtocolClient (GrpcClientProtocolClient.java:onNext(255)) - client-05DA20D107F8->b461a7b0-028a-4eb5-b268-b89ac225aff8: receive RaftClientReply:client-05DA20D107F8->b461a7b0-028a-4eb5-b268-b89ac225aff8@group-0C8C0AA7542A, cid=2575, SUCCESS, logIndex=0, commits[b461a7b0-028a-4eb5-b268-b89ac225aff8:c3835, b6ff45f5-67b8-463b-a273-c2e7d9dadd75:c3831, 6a5cb75f-f7eb-4671-9a85-3b6f7898f6cc:c3829]
2019-08-28 21:29:56,387 | INFO  | DNAudit | user=null | ip=null | op=WRITE_CHUNK {blockData=conID: 2 locID: 102696733661069913 bcsId: 3831} | ret=SUCCESS |  
2019-08-28 21:29:56,390 | INFO  | DNAudit | user=null | ip=null | op=WRITE_CHUNK {blockData=conID: 2 locID: 102696733661069913 bcsId: 3831} | ret=SUCCESS |  
2019-08-28 21:29:56,390 | INFO  | DNAudit | user=null | ip=null | op=WRITE_CHUNK {blockData=conID: 2 locID: 102696733661069913 bcsId: 3831} | ret=SUCCESS |  
2019-08-28 21:29:56,399 | INFO  | DNAudit | user=null | ip=null | op=WRITE_CHUNK {blockData=conID: 2 locID: 102696733661069913 bcsId: 3831} | ret=SUCCESS |  
2019-08-28 21:29:56,399 | INFO  | DNAudit | user=null | ip=null | op=PUT_BLOCK {blockData=[blockId=conID: 2 locID: 102696733661069913 bcsId: 0,size=3145728]} | ret=SUCCESS |  
2019-08-28 21:29:56,399 [grpc-default-executor-1] INFO  client.GrpcClientProtocolClient (GrpcClientProtocolClient.java:onNext(255)) - client-05DA20D107F8->b461a7b0-028a-4eb5-b268-b89ac225aff8: receive RaftClientReply:client-05DA20D107F8->b461a7b0-028a-4eb5-b268-b89ac225aff8@group-0C8C0AA7542A, cid=2576, SUCCESS, logIndex=3836, commits[b461a7b0-028a-4eb5-b268-b89ac225aff8:c3837, b6ff45f5-67b8-463b-a273-c2e7d9dadd75:c3835, 6a5cb75f-f7eb-4671-9a85-3b6f7898f6cc:c3835]
2019-08-28 21:29:56,400 [grpc-default-executor-1] INFO  client.GrpcClientProtocolClient (GrpcClientProtocolClient.java:onNext(255)) - client-05DA20D107F8->b461a7b0-028a-4eb5-b268-b89ac225aff8: receive RaftClientReply:client-05DA20D107F8->b461a7b0-028a-4eb5-b268-b89ac225aff8@group-0C8C0AA7542A, cid=2577, SUCCESS, logIndex=3837, commits[b461a7b0-028a-4eb5-b268-b89ac225aff8:c3837, b6ff45f5-67b8-463b-a273-c2e7d9dadd75:c3835, 6a5cb75f-f7eb-4671-9a85-3b6f7898f6cc:c3835]
2019-08-28 21:29:56,406 | INFO  | DNAudit | user=null | ip=null | op=WRITE_CHUNK {blockData=conID: 2 locID: 102696733661069913 bcsId: 3831} | ret=SUCCESS |  
2019-08-28 21:29:56,407 | INFO  | DNAudit | user=null | ip=null | op=WRITE_CHUNK {blockData=conID: 2 locID: 102696733661069913 bcsId: 3831} | ret=SUCCESS |  
2019-08-28 21:29:56,407 | INFO  | DNAudit | user=null | ip=null | op=WRITE_CHUNK {blockData=conID: 2 locID: 102696733661069913 bcsId: 3837} | ret=SUCCESS |  
2019-08-28 21:29:56,410 | INFO  | DNAudit | user=null | ip=null | op=WRITE_CHUNK {blockData=conID: 2 locID: 102696733661069913 bcsId: 3837} | ret=SUCCESS |  
2019-08-28 21:29:56,410 | INFO  | DNAudit | user=null | ip=null | op=WRITE_CHUNK {blockData=conID: 2 locID: 102696733661069913 bcsId: 3837} | ret=SUCCESS |  
2019-08-28 21:29:56,414 | INFO  | DNAudit | user=null | ip=null | op=PUT_BLOCK {blockData=[blockId=conID: 2 locID: 102696733661069913 bcsId: 0,size=3145728]} | ret=SUCCESS |  
2019-08-28 21:29:56,415 | INFO  | DNAudit | user=null | ip=null | op=PUT_BLOCK {blockData=[blockId=conID: 2 locID: 102696733661069913 bcsId: 0,size=3145728]} | ret=SUCCESS |  
2019-08-28 21:29:56,416 | INFO  | DNAudit | user=null | ip=null | op=WRITE_CHUNK {blockData=conID: 2 locID: 102696733661069913 bcsId: 3837} | ret=SUCCESS |  
2019-08-28 21:29:56,417 | INFO  | DNAudit | user=null | ip=null | op=PUT_BLOCK {blockData=[blockId=conID: 2 locID: 102696733661069913 bcsId: 0,size=4194304]} | ret=SUCCESS |  
2019-08-28 21:29:56,417 [grpc-default-executor-1] INFO  client.GrpcClientProtocolClient (GrpcClientProtocolClient.java:onNext(255)) - client-05DA20D107F8->b461a7b0-028a-4eb5-b268-b89ac225aff8: receive RaftClientReply:client-05DA20D107F8->b461a7b0-028a-4eb5-b268-b89ac225aff8@group-0C8C0AA7542A, cid=2578, SUCCESS, logIndex=3840, commits[b461a7b0-028a-4eb5-b268-b89ac225aff8:c3841, b6ff45f5-67b8-463b-a273-c2e7d9dadd75:c3837, 6a5cb75f-f7eb-4671-9a85-3b6f7898f6cc:c3837]
2019-08-28 21:29:56,417 [grpc-default-executor-1] INFO  client.GrpcClientProtocolClient (GrpcClientProtocolClient.java:onNext(255)) - client-05DA20D107F8->b461a7b0-028a-4eb5-b268-b89ac225aff8: receive RaftClientReply:client-05DA20D107F8->b461a7b0-028a-4eb5-b268-b89ac225aff8@group-0C8C0AA7542A, cid=2579, SUCCESS, logIndex=3841, commits[b461a7b0-028a-4eb5-b268-b89ac225aff8:c3841, b6ff45f5-67b8-463b-a273-c2e7d9dadd75:c3837, 6a5cb75f-f7eb-4671-9a85-3b6f7898f6cc:c3837]
2019-08-28 21:29:56,427 | INFO  | DNAudit | user=null | ip=null | op=WRITE_CHUNK {blockData=conID: 2 locID: 102696733661069913 bcsId: 3837} | ret=SUCCESS |  
2019-08-28 21:29:56,427 | INFO  | DNAudit | user=null | ip=null | op=PUT_BLOCK {blockData=[blockId=conID: 2 locID: 102696733661069913 bcsId: 0,size=4194304]} | ret=SUCCESS |  
2019-08-28 21:29:56,427 | INFO  | DNAudit | user=null | ip=null | op=WRITE_CHUNK {blockData=conID: 2 locID: 102696733661069913 bcsId: 3837} | ret=SUCCESS |  
2019-08-28 21:29:56,427 | INFO  | DNAudit | user=null | ip=null | op=PUT_BLOCK {blockData=[blockId=conID: 2 locID: 102696733661069913 bcsId: 0,size=4194304]} | ret=SUCCESS |  
2019-08-28 21:29:56,428 [grpc-default-executor-1] INFO  client.GrpcClientProtocolClient (GrpcClientProtocolClient.java:onNext(255)) - client-05DA20D107F8->b461a7b0-028a-4eb5-b268-b89ac225aff8: receive RaftClientReply:client-05DA20D107F8->b461a7b0-028a-4eb5-b268-b89ac225aff8@group-0C8C0AA7542A, cid=2580, SUCCESS, logIndex=0, commits[b461a7b0-028a-4eb5-b268-b89ac225aff8:c3842, b6ff45f5-67b8-463b-a273-c2e7d9dadd75:c3841, 6a5cb75f-f7eb-4671-9a85-3b6f7898f6cc:c3841]
2019-08-28 21:29:56,433 | INFO  | SCMAudit | user=jenkins1000 | ip=127.0.0.1 | op=ALLOCATE_BLOCK {owner=a0140aad-a474-4492-a39d-25bd6167d9f0, size=4194304, type=RATIS, factor=THREE} | ret=SUCCESS |  
2019-08-28 21:29:56,436 | INFO  | OMAudit | user=jenkins1000 | ip=127.0.0.1 | op=ALLOCATE_BLOCK {volume=vol-0-08922, bucket=bucket-0-29862, key=key-0-31337, dataSize=0, replicationType=null, replicationFactor=null, keyLocationInfo=null, clientID=102696731548516754} | ret=SUCCESS |  
2019-08-28 21:29:56,443 | INFO  | DNAudit | user=null | ip=null | op=WRITE_CHUNK {blockData=conID: 3 locID: 102696733667033690 bcsId: 0} | ret=SUCCESS |  
2019-08-28 21:29:56,446 | INFO  | DNAudit | user=null | ip=null | op=WRITE_CHUNK {blockData=conID: 3 locID: 102696733667033690 bcsId: 0} | ret=SUCCESS |  
2019-08-28 21:29:56,446 | INFO  | DNAudit | user=null | ip=null | op=WRITE_CHUNK {blockData=conID: 3 locID: 102696733667033690 bcsId: 0} | ret=SUCCESS |  
2019-08-28 21:29:56,446 | INFO  | DNAudit | user=null | ip=null | op=WRITE_CHUNK {blockData=conID: 3 locID: 102696733667033690 bcsId: 0} | ret=SUCCESS |  
2019-08-28 21:29:56,448 | INFO  | DNAudit | user=null | ip=null | op=WRITE_CHUNK {blockData=conID: 3 locID: 102696733667033690 bcsId: 0} | ret=SUCCESS |  
2019-08-28 21:29:56,449 | INFO  | DNAudit | user=null | ip=null | op=WRITE_CHUNK {blockData=conID: 3 locID: 102696733667033690 bcsId: 0} | ret=SUCCESS |  
2019-08-28 21:29:56,455 | INFO  | DNAudit | user=null | ip=null | op=WRITE_CHUNK {blockData=conID: 3 locID: 102696733667033690 bcsId: 0} | ret=SUCCESS |  
2019-08-28 21:29:56,455 | INFO  | DNAudit | user=null | ip=null | op=PUT_BLOCK {blockData=[blockId=conID: 3 locID: 102696733667033690 bcsId: 0,size=1048576]} | ret=SUCCESS |  
2019-08-28 21:29:56,455 [grpc-default-executor-3] INFO  client.GrpcClientProtocolClient (GrpcClientProtocolClient.java:onNext(255)) - client-05DA20D107F8->b461a7b0-028a-4eb5-b268-b89ac225aff8: receive RaftClientReply:client-05DA20D107F8->b461a7b0-028a-4eb5-b268-b89ac225aff8@group-0C8C0AA7542A, cid=2581, SUCCESS, logIndex=3844, commits[b461a7b0-028a-4eb5-b268-b89ac225aff8:c3845, b6ff45f5-67b8-463b-a273-c2e7d9dadd75:c3843, 6a5cb75f-f7eb-4671-9a85-3b6f7898f6cc:c3843]
2019-08-28 21:29:56,456 [grpc-default-executor-3] INFO  client.GrpcClientProtocolClient (GrpcClientProtocolClient.java:onNext(255)) - client-05DA20D107F8->b461a7b0-028a-4eb5-b268-b89ac225aff8: receive RaftClientReply:client-05DA20D107F8->b461a7b0-028a-4eb5-b268-b89ac225aff8@group-0C8C0AA7542A, cid=2582, SUCCESS, logIndex=3845, commits[b461a7b0-028a-4eb5-b268-b89ac225aff8:c3845, b6ff45f5-67b8-463b-a273-c2e7d9dadd75:c3843, 6a5cb75f-f7eb-4671-9a85-3b6f7898f6cc:c3843]
2019-08-28 21:29:56,462 | INFO  | DNAudit | user=null | ip=null | op=WRITE_CHUNK {blockData=conID: 3 locID: 102696733667033690 bcsId: 0} | ret=SUCCESS |  
2019-08-28 21:29:56,462 | INFO  | DNAudit | user=null | ip=null | op=PUT_BLOCK {blockData=[blockId=conID: 3 locID: 102696733667033690 bcsId: 0,size=2097152]} | ret=SUCCESS |  
2019-08-28 21:29:56,463 | INFO  | DNAudit | user=null | ip=null | op=WRITE_CHUNK {blockData=conID: 3 locID: 102696733667033690 bcsId: 0} | ret=SUCCESS |  
2019-08-28 21:29:56,463 [grpc-default-executor-3] INFO  client.GrpcClientProtocolClient (GrpcClientProtocolClient.java:onNext(255)) - client-05DA20D107F8->b461a7b0-028a-4eb5-b268-b89ac225aff8: receive RaftClientReply:client-05DA20D107F8->b461a7b0-028a-4eb5-b268-b89ac225aff8@group-0C8C0AA7542A, cid=2583, SUCCESS, logIndex=3846, commits[b461a7b0-028a-4eb5-b268-b89ac225aff8:c3847, b6ff45f5-67b8-463b-a273-c2e7d9dadd75:c3843, 6a5cb75f-f7eb-4671-9a85-3b6f7898f6cc:c3843]
2019-08-28 21:29:56,463 | INFO  | DNAudit | user=null | ip=null | op=PUT_BLOCK {blockData=[blockId=conID: 3 locID: 102696733667033690 bcsId: 0,size=1048576]} | ret=SUCCESS |  
2019-08-28 21:29:56,463 [grpc-default-executor-1] INFO  client.GrpcClientProtocolClient (GrpcClientProtocolClient.java:onNext(255)) - client-05DA20D107F8->b461a7b0-028a-4eb5-b268-b89ac225aff8: receive RaftClientReply:client-05DA20D107F8->b461a7b0-028a-4eb5-b268-b89ac225aff8@group-0C8C0AA7542A, cid=2584, SUCCESS, logIndex=3847, commits[b461a7b0-028a-4eb5-b268-b89ac225aff8:c3847, b6ff45f5-67b8-463b-a273-c2e7d9dadd75:c3843, 6a5cb75f-f7eb-4671-9a85-3b6f7898f6cc:c3843]
2019-08-28 21:29:56,465 | INFO  | DNAudit | user=null | ip=null | op=WRITE_CHUNK {blockData=conID: 3 locID: 102696733667033690 bcsId: 0} | ret=SUCCESS |  
2019-08-28 21:29:56,465 | INFO  | DNAudit | user=null | ip=null | op=PUT_BLOCK {blockData=[blockId=conID: 3 locID: 102696733667033690 bcsId: 0,size=1048576]} | ret=SUCCESS |  
2019-08-28 21:29:56,466 [grpc-default-executor-1] INFO  client.GrpcClientProtocolClient (GrpcClientProtocolClient.java:onNext(255)) - client-05DA20D107F8->b461a7b0-028a-4eb5-b268-b89ac225aff8: receive RaftClientReply:client-05DA20D107F8->b461a7b0-028a-4eb5-b268-b89ac225aff8@group-0C8C0AA7542A, cid=2585, SUCCESS, logIndex=0, commits[b461a7b0-028a-4eb5-b268-b89ac225aff8:c3849, b6ff45f5-67b8-463b-a273-c2e7d9dadd75:c3845, 6a5cb75f-f7eb-4671-9a85-3b6f7898f6cc:c3845]
2019-08-28 21:29:56,473 | INFO  | DNAudit | user=null | ip=null | op=WRITE_CHUNK {blockData=conID: 3 locID: 102696733667033690 bcsId: 3847} | ret=SUCCESS |  
2019-08-28 21:29:56,474 | INFO  | DNAudit | user=null | ip=null | op=WRITE_CHUNK {blockData=conID: 3 locID: 102696733667033690 bcsId: 3847} | ret=SUCCESS |  
2019-08-28 21:29:56,475 | INFO  | DNAudit | user=null | ip=null | op=WRITE_CHUNK {blockData=conID: 3 locID: 102696733667033690 bcsId: 3847} | ret=SUCCESS |  
2019-08-28 21:29:56,477 | INFO  | DNAudit | user=null | ip=null | op=WRITE_CHUNK {blockData=conID: 3 locID: 102696733667033690 bcsId: 0} | ret=SUCCESS |  
2019-08-28 21:29:56,477 | INFO  | DNAudit | user=null | ip=null | op=PUT_BLOCK {blockData=[blockId=conID: 3 locID: 102696733667033690 bcsId: 0,size=2097152]} | ret=SUCCESS |  
2019-08-28 21:29:56,477 | INFO  | DNAudit | user=null | ip=null | op=WRITE_CHUNK {blockData=conID: 3 locID: 102696733667033690 bcsId: 0} | ret=SUCCESS |  
2019-08-28 21:29:56,477 | INFO  | DNAudit | user=null | ip=null | op=PUT_BLOCK {blockData=[blockId=conID: 3 locID: 102696733667033690 bcsId: 0,size=2097152]} | ret=SUCCESS |  
2019-08-28 21:29:56,480 | INFO  | DNAudit | user=null | ip=null | op=WRITE_CHUNK {blockData=conID: 3 locID: 102696733667033690 bcsId: 3847} | ret=SUCCESS |  
2019-08-28 21:29:56,480 | INFO  | DNAudit | user=null | ip=null | op=PUT_BLOCK {blockData=[blockId=conID: 3 locID: 102696733667033690 bcsId: 0,size=3145728]} | ret=SUCCESS |  
2019-08-28 21:29:56,480 [grpc-default-executor-6] INFO  client.GrpcClientProtocolClient (GrpcClientProtocolClient.java:onNext(255)) - client-05DA20D107F8->b461a7b0-028a-4eb5-b268-b89ac225aff8: receive RaftClientReply:client-05DA20D107F8->b461a7b0-028a-4eb5-b268-b89ac225aff8@group-0C8C0AA7542A, cid=2586, SUCCESS, logIndex=3852, commits[b461a7b0-028a-4eb5-b268-b89ac225aff8:c3853, b6ff45f5-67b8-463b-a273-c2e7d9dadd75:c3847, 6a5cb75f-f7eb-4671-9a85-3b6f7898f6cc:c3849]
2019-08-28 21:29:56,481 [grpc-default-executor-6] INFO  client.GrpcClientProtocolClient (GrpcClientProtocolClient.java:onNext(255)) - client-05DA20D107F8->b461a7b0-028a-4eb5-b268-b89ac225aff8: receive RaftClientReply:client-05DA20D107F8->b461a7b0-028a-4eb5-b268-b89ac225aff8@group-0C8C0AA7542A, cid=2587, SUCCESS, logIndex=3853, commits[b461a7b0-028a-4eb5-b268-b89ac225aff8:c3853, b6ff45f5-67b8-463b-a273-c2e7d9dadd75:c3849, 6a5cb75f-f7eb-4671-9a85-3b6f7898f6cc:c3849]
2019-08-28 21:29:56,484 | INFO  | DNAudit | user=null | ip=null | op=WRITE_CHUNK {blockData=conID: 3 locID: 102696733667033690 bcsId: 3847} | ret=SUCCESS |  
2019-08-28 21:29:56,484 | INFO  | DNAudit | user=null | ip=null | op=WRITE_CHUNK {blockData=conID: 3 locID: 102696733667033690 bcsId: 3847} | ret=SUCCESS |  
2019-08-28 21:29:56,484 | INFO  | DNAudit | user=null | ip=null | op=PUT_BLOCK {blockData=[blockId=conID: 3 locID: 102696733667033690 bcsId: 0,size=3145728]} | ret=SUCCESS |  
2019-08-28 21:29:56,484 | INFO  | DNAudit | user=null | ip=null | op=PUT_BLOCK {blockData=[blockId=conID: 3 locID: 102696733667033690 bcsId: 0,size=3145728]} | ret=SUCCESS |  
2019-08-28 21:29:56,487 | INFO  | DNAudit | user=null | ip=null | op=WRITE_CHUNK {blockData=conID: 3 locID: 102696733667033690 bcsId: 3853} | ret=SUCCESS |  
2019-08-28 21:29:56,490 | INFO  | DNAudit | user=null | ip=null | op=WRITE_CHUNK {blockData=conID: 3 locID: 102696733667033690 bcsId: 3853} | ret=SUCCESS |  
2019-08-28 21:29:56,490 | INFO  | DNAudit | user=null | ip=null | op=WRITE_CHUNK {blockData=conID: 3 locID: 102696733667033690 bcsId: 3853} | ret=SUCCESS |  
2019-08-28 21:29:56,506 | INFO  | DNAudit | user=null | ip=null | op=WRITE_CHUNK {blockData=conID: 3 locID: 102696733667033690 bcsId: 3853} | ret=SUCCESS |  
2019-08-28 21:29:56,506 | INFO  | DNAudit | user=null | ip=null | op=PUT_BLOCK {blockData=[blockId=conID: 3 locID: 102696733667033690 bcsId: 0,size=4194304]} | ret=SUCCESS |  
2019-08-28 21:29:56,506 [grpc-default-executor-3] INFO  client.GrpcClientProtocolClient (GrpcClientProtocolClient.java:onNext(255)) - client-05DA20D107F8->b461a7b0-028a-4eb5-b268-b89ac225aff8: receive RaftClientReply:client-05DA20D107F8->b461a7b0-028a-4eb5-b268-b89ac225aff8@group-0C8C0AA7542A, cid=2588, SUCCESS, logIndex=3855, commits[b461a7b0-028a-4eb5-b268-b89ac225aff8:c3856, b6ff45f5-67b8-463b-a273-c2e7d9dadd75:c3854, 6a5cb75f-f7eb-4671-9a85-3b6f7898f6cc:c3854]
2019-08-28 21:29:56,506 [grpc-default-executor-3] INFO  client.GrpcClientProtocolClient (GrpcClientProtocolClient.java:onNext(255)) - client-05DA20D107F8->b461a7b0-028a-4eb5-b268-b89ac225aff8: receive RaftClientReply:client-05DA20D107F8->b461a7b0-028a-4eb5-b268-b89ac225aff8@group-0C8C0AA7542A, cid=2589, SUCCESS, logIndex=3856, commits[b461a7b0-028a-4eb5-b268-b89ac225aff8:c3856, b6ff45f5-67b8-463b-a273-c2e7d9dadd75:c3854, 6a5cb75f-f7eb-4671-9a85-3b6f7898f6cc:c3854]
2019-08-28 21:29:56,517 | INFO  | DNAudit | user=null | ip=null | op=WRITE_CHUNK {blockData=conID: 3 locID: 102696733667033690 bcsId: 3853} | ret=SUCCESS |  
2019-08-28 21:29:56,517 | INFO  | DNAudit | user=null | ip=null | op=WRITE_CHUNK {blockData=conID: 3 locID: 102696733667033690 bcsId: 3853} | ret=SUCCESS |  
2019-08-28 21:29:56,527 | INFO  | DNAudit | user=null | ip=null | op=PUT_BLOCK {blockData=[blockId=conID: 3 locID: 102696733667033690 bcsId: 0,size=4194304]} | ret=SUCCESS |  
2019-08-28 21:29:56,529 | INFO  | DNAudit | user=null | ip=null | op=PUT_BLOCK {blockData=[blockId=conID: 3 locID: 102696733667033690 bcsId: 0,size=4194304]} | ret=SUCCESS |  
2019-08-28 21:29:56,529 [grpc-default-executor-3] INFO  client.GrpcClientProtocolClient (GrpcClientProtocolClient.java:onNext(255)) - client-05DA20D107F8->b461a7b0-028a-4eb5-b268-b89ac225aff8: receive RaftClientReply:client-05DA20D107F8->b461a7b0-028a-4eb5-b268-b89ac225aff8@group-0C8C0AA7542A, cid=2590, SUCCESS, logIndex=0, commits[b461a7b0-028a-4eb5-b268-b89ac225aff8:c3858, b6ff45f5-67b8-463b-a273-c2e7d9dadd75:c3856, 6a5cb75f-f7eb-4671-9a85-3b6f7898f6cc:c3856]
2019-08-28 21:29:56,533 | INFO  | SCMAudit | user=jenkins1000 | ip=127.0.0.1 | op=ALLOCATE_BLOCK {owner=a0140aad-a474-4492-a39d-25bd6167d9f0, size=4194304, type=RATIS, factor=THREE} | ret=SUCCESS |  
2019-08-28 21:29:56,536 | INFO  | OMAudit | user=jenkins1000 | ip=127.0.0.1 | op=ALLOCATE_BLOCK {volume=vol-0-08922, bucket=bucket-0-29862, key=key-0-31337, dataSize=0, replicationType=null, replicationFactor=null, keyLocationInfo=null, clientID=102696731548516754} | ret=SUCCESS |  
2019-08-28 21:29:56,544 | INFO  | DNAudit | user=null | ip=null | op=WRITE_CHUNK {blockData=conID: 1 locID: 102696733673587291 bcsId: 0} | ret=SUCCESS |  
2019-08-28 21:29:56,547 | INFO  | DNAudit | user=null | ip=null | op=WRITE_CHUNK {blockData=conID: 1 locID: 102696733673587291 bcsId: 0} | ret=SUCCESS |  
2019-08-28 21:29:56,548 | INFO  | DNAudit | user=null | ip=null | op=WRITE_CHUNK {blockData=conID: 1 locID: 102696733673587291 bcsId: 0} | ret=SUCCESS |  
2019-08-28 21:29:56,548 | INFO  | DNAudit | user=null | ip=null | op=WRITE_CHUNK {blockData=conID: 1 locID: 102696733673587291 bcsId: 0} | ret=SUCCESS |  
2019-08-28 21:29:56,550 | INFO  | DNAudit | user=null | ip=null | op=WRITE_CHUNK {blockData=conID: 1 locID: 102696733673587291 bcsId: 0} | ret=SUCCESS |  
2019-08-28 21:29:56,550 | INFO  | DNAudit | user=null | ip=null | op=WRITE_CHUNK {blockData=conID: 1 locID: 102696733673587291 bcsId: 0} | ret=SUCCESS |  
2019-08-28 21:29:56,551 | INFO  | DNAudit | user=null | ip=null | op=WRITE_CHUNK {blockData=conID: 1 locID: 102696733673587291 bcsId: 0} | ret=SUCCESS |  
2019-08-28 21:29:56,552 | INFO  | DNAudit | user=null | ip=null | op=PUT_BLOCK {blockData=[blockId=conID: 1 locID: 102696733673587291 bcsId: 0,size=1048576]} | ret=SUCCESS |  
2019-08-28 21:29:56,552 [grpc-default-executor-1] INFO  client.GrpcClientProtocolClient (GrpcClientProtocolClient.java:onNext(255)) - client-05DA20D107F8->b461a7b0-028a-4eb5-b268-b89ac225aff8: receive RaftClientReply:client-05DA20D107F8->b461a7b0-028a-4eb5-b268-b89ac225aff8@group-0C8C0AA7542A, cid=2591, SUCCESS, logIndex=3859, commits[b461a7b0-028a-4eb5-b268-b89ac225aff8:c3860, b6ff45f5-67b8-463b-a273-c2e7d9dadd75:c3858, 6a5cb75f-f7eb-4671-9a85-3b6f7898f6cc:c3858]
2019-08-28 21:29:56,553 [grpc-default-executor-1] INFO  client.GrpcClientProtocolClient (GrpcClientProtocolClient.java:onNext(255)) - client-05DA20D107F8->b461a7b0-028a-4eb5-b268-b89ac225aff8: receive RaftClientReply:client-05DA20D107F8->b461a7b0-028a-4eb5-b268-b89ac225aff8@group-0C8C0AA7542A, cid=2592, SUCCESS, logIndex=3860, commits[b461a7b0-028a-4eb5-b268-b89ac225aff8:c3860, b6ff45f5-67b8-463b-a273-c2e7d9dadd75:c3858, 6a5cb75f-f7eb-4671-9a85-3b6f7898f6cc:c3858]
2019-08-28 21:29:56,563 | INFO  | DNAudit | user=null | ip=null | op=WRITE_CHUNK {blockData=conID: 1 locID: 102696733673587291 bcsId: 0} | ret=SUCCESS |  
2019-08-28 21:29:56,564 | INFO  | DNAudit | user=null | ip=null | op=PUT_BLOCK {blockData=[blockId=conID: 1 locID: 102696733673587291 bcsId: 0,size=2097152]} | ret=SUCCESS |  
2019-08-28 21:29:56,564 [grpc-default-executor-1] INFO  client.GrpcClientProtocolClient (GrpcClientProtocolClient.java:onNext(255)) - client-05DA20D107F8->b461a7b0-028a-4eb5-b268-b89ac225aff8: receive RaftClientReply:client-05DA20D107F8->b461a7b0-028a-4eb5-b268-b89ac225aff8@group-0C8C0AA7542A, cid=2593, SUCCESS, logIndex=3861, commits[b461a7b0-028a-4eb5-b268-b89ac225aff8:c3862, b6ff45f5-67b8-463b-a273-c2e7d9dadd75:c3858, 6a5cb75f-f7eb-4671-9a85-3b6f7898f6cc:c3858]
2019-08-28 21:29:56,564 | INFO  | DNAudit | user=null | ip=null | op=WRITE_CHUNK {blockData=conID: 1 locID: 102696733673587291 bcsId: 0} | ret=SUCCESS |  
2019-08-28 21:29:56,564 | INFO  | DNAudit | user=null | ip=null | op=PUT_BLOCK {blockData=[blockId=conID: 1 locID: 102696733673587291 bcsId: 0,size=1048576]} | ret=SUCCESS |  
2019-08-28 21:29:56,564 [grpc-default-executor-6] INFO  client.GrpcClientProtocolClient (GrpcClientProtocolClient.java:onNext(255)) - client-05DA20D107F8->b461a7b0-028a-4eb5-b268-b89ac225aff8: receive RaftClientReply:client-05DA20D107F8->b461a7b0-028a-4eb5-b268-b89ac225aff8@group-0C8C0AA7542A, cid=2594, SUCCESS, logIndex=3862, commits[b461a7b0-028a-4eb5-b268-b89ac225aff8:c3862, b6ff45f5-67b8-463b-a273-c2e7d9dadd75:c3858, 6a5cb75f-f7eb-4671-9a85-3b6f7898f6cc:c3858]
2019-08-28 21:29:56,566 | INFO  | DNAudit | user=null | ip=null | op=WRITE_CHUNK {blockData=conID: 1 locID: 102696733673587291 bcsId: 0} | ret=SUCCESS |  
2019-08-28 21:29:56,567 | INFO  | DNAudit | user=null | ip=null | op=PUT_BLOCK {blockData=[blockId=conID: 1 locID: 102696733673587291 bcsId: 0,size=1048576]} | ret=SUCCESS |  
2019-08-28 21:29:56,567 [grpc-default-executor-6] INFO  client.GrpcClientProtocolClient (GrpcClientProtocolClient.java:onNext(255)) - client-05DA20D107F8->b461a7b0-028a-4eb5-b268-b89ac225aff8: receive RaftClientReply:client-05DA20D107F8->b461a7b0-028a-4eb5-b268-b89ac225aff8@group-0C8C0AA7542A, cid=2595, SUCCESS, logIndex=0, commits[b461a7b0-028a-4eb5-b268-b89ac225aff8:c3864, b6ff45f5-67b8-463b-a273-c2e7d9dadd75:c3860, 6a5cb75f-f7eb-4671-9a85-3b6f7898f6cc:c3860]
2019-08-28 21:29:56,574 | INFO  | DNAudit | user=null | ip=null | op=WRITE_CHUNK {blockData=conID: 1 locID: 102696733673587291 bcsId: 3862} | ret=SUCCESS |  
2019-08-28 21:29:56,574 | INFO  | DNAudit | user=null | ip=null | op=WRITE_CHUNK {blockData=conID: 1 locID: 102696733673587291 bcsId: 0} | ret=SUCCESS |  
2019-08-28 21:29:56,574 | INFO  | DNAudit | user=null | ip=null | op=PUT_BLOCK {blockData=[blockId=conID: 1 locID: 102696733673587291 bcsId: 0,size=2097152]} | ret=SUCCESS |  
2019-08-28 21:29:56,574 | INFO  | DNAudit | user=null | ip=null | op=WRITE_CHUNK {blockData=conID: 1 locID: 102696733673587291 bcsId: 0} | ret=SUCCESS |  
2019-08-28 21:29:56,574 | INFO  | DNAudit | user=null | ip=null | op=PUT_BLOCK {blockData=[blockId=conID: 1 locID: 102696733673587291 bcsId: 0,size=2097152]} | ret=SUCCESS |  
2019-08-28 21:29:56,576 | INFO  | DNAudit | user=null | ip=null | op=WRITE_CHUNK {blockData=conID: 1 locID: 102696733673587291 bcsId: 3862} | ret=SUCCESS |  
2019-08-28 21:29:56,576 | INFO  | DNAudit | user=null | ip=null | op=WRITE_CHUNK {blockData=conID: 1 locID: 102696733673587291 bcsId: 3862} | ret=SUCCESS |  
2019-08-28 21:29:56,580 | INFO  | DNAudit | user=null | ip=null | op=WRITE_CHUNK {blockData=conID: 1 locID: 102696733673587291 bcsId: 3862} | ret=SUCCESS |  
2019-08-28 21:29:56,581 | INFO  | DNAudit | user=null | ip=null | op=PUT_BLOCK {blockData=[blockId=conID: 1 locID: 102696733673587291 bcsId: 0,size=3145728]} | ret=SUCCESS |  
2019-08-28 21:29:56,581 [grpc-default-executor-1] INFO  client.GrpcClientProtocolClient (GrpcClientProtocolClient.java:onNext(255)) - client-05DA20D107F8->b461a7b0-028a-4eb5-b268-b89ac225aff8: receive RaftClientReply:client-05DA20D107F8->b461a7b0-028a-4eb5-b268-b89ac225aff8@group-0C8C0AA7542A, cid=2596, SUCCESS, logIndex=3867, commits[b461a7b0-028a-4eb5-b268-b89ac225aff8:c3868, b6ff45f5-67b8-463b-a273-c2e7d9dadd75:c3864, 6a5cb75f-f7eb-4671-9a85-3b6f7898f6cc:c3864]
2019-08-28 21:29:56,581 [grpc-default-executor-1] INFO  client.GrpcClientProtocolClient (GrpcClientProtocolClient.java:onNext(255)) - client-05DA20D107F8->b461a7b0-028a-4eb5-b268-b89ac225aff8: receive RaftClientReply:client-05DA20D107F8->b461a7b0-028a-4eb5-b268-b89ac225aff8@group-0C8C0AA7542A, cid=2597, SUCCESS, logIndex=3868, commits[b461a7b0-028a-4eb5-b268-b89ac225aff8:c3868, b6ff45f5-67b8-463b-a273-c2e7d9dadd75:c3864, 6a5cb75f-f7eb-4671-9a85-3b6f7898f6cc:c3864]
2019-08-28 21:29:56,588 | INFO  | DNAudit | user=null | ip=null | op=WRITE_CHUNK {blockData=conID: 1 locID: 102696733673587291 bcsId: 3868} | ret=SUCCESS |  
2019-08-28 21:29:56,589 | INFO  | DNAudit | user=null | ip=null | op=WRITE_CHUNK {blockData=conID: 1 locID: 102696733673587291 bcsId: 3862} | ret=SUCCESS |  
2019-08-28 21:29:56,589 | INFO  | DNAudit | user=null | ip=null | op=WRITE_CHUNK {blockData=conID: 1 locID: 102696733673587291 bcsId: 3862} | ret=SUCCESS |  
2019-08-28 21:29:56,590 | INFO  | DNAudit | user=null | ip=null | op=WRITE_CHUNK {blockData=conID: 1 locID: 102696733673587291 bcsId: 3868} | ret=SUCCESS |  
2019-08-28 21:29:56,590 | INFO  | DNAudit | user=null | ip=null | op=WRITE_CHUNK {blockData=conID: 1 locID: 102696733673587291 bcsId: 3868} | ret=SUCCESS |  
2019-08-28 21:29:56,594 | INFO  | DNAudit | user=null | ip=null | op=PUT_BLOCK {blockData=[blockId=conID: 1 locID: 102696733673587291 bcsId: 0,size=3145728]} | ret=SUCCESS |  
2019-08-28 21:29:56,595 | INFO  | DNAudit | user=null | ip=null | op=WRITE_CHUNK {blockData=conID: 1 locID: 102696733673587291 bcsId: 3868} | ret=SUCCESS |  
2019-08-28 21:29:56,595 | INFO  | DNAudit | user=null | ip=null | op=PUT_BLOCK {blockData=[blockId=conID: 1 locID: 102696733673587291 bcsId: 0,size=3145728]} | ret=SUCCESS |  
2019-08-28 21:29:56,595 | INFO  | DNAudit | user=null | ip=null | op=PUT_BLOCK {blockData=[blockId=conID: 1 locID: 102696733673587291 bcsId: 0,size=4194304]} | ret=SUCCESS |  
2019-08-28 21:29:56,595 [grpc-default-executor-3] INFO  client.GrpcClientProtocolClient (GrpcClientProtocolClient.java:onNext(255)) - client-05DA20D107F8->b461a7b0-028a-4eb5-b268-b89ac225aff8: receive RaftClientReply:client-05DA20D107F8->b461a7b0-028a-4eb5-b268-b89ac225aff8@group-0C8C0AA7542A, cid=2598, SUCCESS, logIndex=3871, commits[b461a7b0-028a-4eb5-b268-b89ac225aff8:c3872, b6ff45f5-67b8-463b-a273-c2e7d9dadd75:c3868, 6a5cb75f-f7eb-4671-9a85-3b6f7898f6cc:c3867]
2019-08-28 21:29:56,596 [grpc-default-executor-3] INFO  client.GrpcClientProtocolClient (GrpcClientProtocolClient.java:onNext(255)) - client-05DA20D107F8->b461a7b0-028a-4eb5-b268-b89ac225aff8: receive RaftClientReply:client-05DA20D107F8->b461a7b0-028a-4eb5-b268-b89ac225aff8@group-0C8C0AA7542A, cid=2599, SUCCESS, logIndex=3872, commits[b461a7b0-028a-4eb5-b268-b89ac225aff8:c3872, b6ff45f5-67b8-463b-a273-c2e7d9dadd75:c3868, 6a5cb75f-f7eb-4671-9a85-3b6f7898f6cc:c3868]
2019-08-28 21:29:56,608 | INFO  | DNAudit | user=null | ip=null | op=WRITE_CHUNK {blockData=conID: 1 locID: 102696733673587291 bcsId: 3868} | ret=SUCCESS |  
2019-08-28 21:29:56,608 | INFO  | DNAudit | user=null | ip=null | op=WRITE_CHUNK {blockData=conID: 1 locID: 102696733673587291 bcsId: 3868} | ret=SUCCESS |  
2019-08-28 21:29:56,609 | INFO  | DNAudit | user=null | ip=null | op=PUT_BLOCK {blockData=[blockId=conID: 1 locID: 102696733673587291 bcsId: 0,size=4194304]} | ret=SUCCESS |  
2019-08-28 21:29:56,609 | INFO  | DNAudit | user=null | ip=null | op=PUT_BLOCK {blockData=[blockId=conID: 1 locID: 102696733673587291 bcsId: 0,size=4194304]} | ret=SUCCESS |  
2019-08-28 21:29:56,610 [grpc-default-executor-3] INFO  client.GrpcClientProtocolClient (GrpcClientProtocolClient.java:onNext(255)) - client-05DA20D107F8->b461a7b0-028a-4eb5-b268-b89ac225aff8: receive RaftClientReply:client-05DA20D107F8->b461a7b0-028a-4eb5-b268-b89ac225aff8@group-0C8C0AA7542A, cid=2600, SUCCESS, logIndex=0, commits[b461a7b0-028a-4eb5-b268-b89ac225aff8:c3873, b6ff45f5-67b8-463b-a273-c2e7d9dadd75:c3872, 6a5cb75f-f7eb-4671-9a85-3b6f7898f6cc:c3872]
2019-08-28 21:29:56,617 | INFO  | SCMAudit | user=jenkins1000 | ip=127.0.0.1 | op=ALLOCATE_BLOCK {owner=a0140aad-a474-4492-a39d-25bd6167d9f0, size=4194304, type=RATIS, factor=THREE} | ret=SUCCESS |  
2019-08-28 21:29:56,621 | INFO  | OMAudit | user=jenkins1000 | ip=127.0.0.1 | op=ALLOCATE_BLOCK {volume=vol-0-08922, bucket=bucket-0-29862, key=key-0-31337, dataSize=0, replicationType=null, replicationFactor=null, keyLocationInfo=null, clientID=102696731548516754} | ret=SUCCESS |  
2019-08-28 21:29:56,627 | INFO  | DNAudit | user=null | ip=null | op=WRITE_CHUNK {blockData=conID: 2 locID: 102696733679092316 bcsId: 0} | ret=SUCCESS |  
2019-08-28 21:29:56,631 | INFO  | DNAudit | user=null | ip=null | op=WRITE_CHUNK {blockData=conID: 2 locID: 102696733679092316 bcsId: 0} | ret=SUCCESS |  
2019-08-28 21:29:56,631 | INFO  | DNAudit | user=null | ip=null | op=WRITE_CHUNK {blockData=conID: 2 locID: 102696733679092316 bcsId: 0} | ret=SUCCESS |  
2019-08-28 21:29:56,632 | INFO  | DNAudit | user=null | ip=null | op=WRITE_CHUNK {blockData=conID: 2 locID: 102696733679092316 bcsId: 0} | ret=SUCCESS |  
2019-08-28 21:29:56,634 | INFO  | DNAudit | user=null | ip=null | op=WRITE_CHUNK {blockData=conID: 2 locID: 102696733679092316 bcsId: 0} | ret=SUCCESS |  
2019-08-28 21:29:56,634 | INFO  | DNAudit | user=null | ip=null | op=WRITE_CHUNK {blockData=conID: 2 locID: 102696733679092316 bcsId: 0} | ret=SUCCESS |  
2019-08-28 21:29:56,636 | INFO  | DNAudit | user=null | ip=null | op=WRITE_CHUNK {blockData=conID: 2 locID: 102696733679092316 bcsId: 0} | ret=SUCCESS |  
2019-08-28 21:29:56,637 | INFO  | DNAudit | user=null | ip=null | op=PUT_BLOCK {blockData=[blockId=conID: 2 locID: 102696733679092316 bcsId: 0,size=1048576]} | ret=SUCCESS |  
2019-08-28 21:29:56,637 | INFO  | DNAudit | user=null | ip=null | op=WRITE_CHUNK {blockData=conID: 2 locID: 102696733679092316 bcsId: 0} | ret=SUCCESS |  
2019-08-28 21:29:56,637 [grpc-default-executor-3] INFO  client.GrpcClientProtocolClient (GrpcClientProtocolClient.java:onNext(255)) - client-05DA20D107F8->b461a7b0-028a-4eb5-b268-b89ac225aff8: receive RaftClientReply:client-05DA20D107F8->b461a7b0-028a-4eb5-b268-b89ac225aff8@group-0C8C0AA7542A, cid=2601, SUCCESS, logIndex=3875, commits[b461a7b0-028a-4eb5-b268-b89ac225aff8:c3877, b6ff45f5-67b8-463b-a273-c2e7d9dadd75:c3874, 6a5cb75f-f7eb-4671-9a85-3b6f7898f6cc:c3874]
2019-08-28 21:29:56,637 | INFO  | DNAudit | user=null | ip=null | op=PUT_BLOCK {blockData=[blockId=conID: 2 locID: 102696733679092316 bcsId: 0,size=2097152]} | ret=SUCCESS |  
2019-08-28 21:29:56,638 [grpc-default-executor-3] INFO  client.GrpcClientProtocolClient (GrpcClientProtocolClient.java:onNext(255)) - client-05DA20D107F8->b461a7b0-028a-4eb5-b268-b89ac225aff8: receive RaftClientReply:client-05DA20D107F8->b461a7b0-028a-4eb5-b268-b89ac225aff8@group-0C8C0AA7542A, cid=2602, SUCCESS, logIndex=3876, commits[b461a7b0-028a-4eb5-b268-b89ac225aff8:c3878, b6ff45f5-67b8-463b-a273-c2e7d9dadd75:c3874, 6a5cb75f-f7eb-4671-9a85-3b6f7898f6cc:c3874]
2019-08-28 21:29:56,638 [grpc-default-executor-3] INFO  client.GrpcClientProtocolClient (GrpcClientProtocolClient.java:onNext(255)) - client-05DA20D107F8->b461a7b0-028a-4eb5-b268-b89ac225aff8: receive RaftClientReply:client-05DA20D107F8->b461a7b0-028a-4eb5-b268-b89ac225aff8@group-0C8C0AA7542A, cid=2603, SUCCESS, logIndex=3877, commits[b461a7b0-028a-4eb5-b268-b89ac225aff8:c3878, b6ff45f5-67b8-463b-a273-c2e7d9dadd75:c3874, 6a5cb75f-f7eb-4671-9a85-3b6f7898f6cc:c3874]
2019-08-28 21:29:56,638 [grpc-default-executor-3] INFO  client.GrpcClientProtocolClient (GrpcClientProtocolClient.java:onNext(255)) - client-05DA20D107F8->b461a7b0-028a-4eb5-b268-b89ac225aff8: receive RaftClientReply:client-05DA20D107F8->b461a7b0-028a-4eb5-b268-b89ac225aff8@group-0C8C0AA7542A, cid=2604, SUCCESS, logIndex=3878, commits[b461a7b0-028a-4eb5-b268-b89ac225aff8:c3878, b6ff45f5-67b8-463b-a273-c2e7d9dadd75:c3874, 6a5cb75f-f7eb-4671-9a85-3b6f7898f6cc:c3874]
2019-08-28 21:29:56,638 | INFO  | SCMAudit | user=jenkins1000 | ip=192.168.36.107 | op=SEND_HEARTBEAT {datanodeUUID=6a5cb75f-f7eb-4671-9a85-3b6f7898f6cc, command=[]} | ret=SUCCESS |  
2019-08-28 21:29:56,638 | INFO  | SCMAudit | user=jenkins1000 | ip=192.168.36.107 | op=SEND_HEARTBEAT {datanodeUUID=68f89a68-6a96-4cde-8528-8617611d459d, command=[]} | ret=SUCCESS |  
2019-08-28 21:29:56,638 | INFO  | SCMAudit | user=jenkins1000 | ip=192.168.36.107 | op=SEND_HEARTBEAT {datanodeUUID=b6ff45f5-67b8-463b-a273-c2e7d9dadd75, command=[]} | ret=SUCCESS |  
2019-08-28 21:29:56,639 | INFO  | SCMAudit | user=jenkins1000 | ip=192.168.36.107 | op=SEND_HEARTBEAT {datanodeUUID=af4986ea-80d8-4c92-96d2-2b3929a4248a, command=[]} | ret=SUCCESS |  
2019-08-28 21:29:56,639 | INFO  | SCMAudit | user=jenkins1000 | ip=192.168.36.107 | op=SEND_HEARTBEAT {datanodeUUID=b461a7b0-028a-4eb5-b268-b89ac225aff8, command=[]} | ret=SUCCESS |  
 0.00% |█                                                                                                    |  0/1 Time: 0:00:322019-08-28 21:29:56,645 | INFO  | DNAudit | user=null | ip=null | op=WRITE_CHUNK {blockData=conID: 2 locID: 102696733679092316 bcsId: 0} | ret=SUCCESS |  
2019-08-28 21:29:56,654 | INFO  | DNAudit | user=null | ip=null | op=PUT_BLOCK {blockData=[blockId=conID: 2 locID: 102696733679092316 bcsId: 0,size=1048576]} | ret=SUCCESS |  
2019-08-28 21:29:56,654 | INFO  | DNAudit | user=null | ip=null | op=WRITE_CHUNK {blockData=conID: 2 locID: 102696733679092316 bcsId: 0} | ret=SUCCESS |  
2019-08-28 21:29:56,654 | INFO  | DNAudit | user=null | ip=null | op=PUT_BLOCK {blockData=[blockId=conID: 2 locID: 102696733679092316 bcsId: 0,size=2097152]} | ret=SUCCESS |  
2019-08-28 21:29:56,654 | INFO  | DNAudit | user=null | ip=null | op=WRITE_CHUNK {blockData=conID: 2 locID: 102696733679092316 bcsId: 0} | ret=SUCCESS |  
2019-08-28 21:29:56,654 | INFO  | DNAudit | user=null | ip=null | op=PUT_BLOCK {blockData=[blockId=conID: 2 locID: 102696733679092316 bcsId: 0,size=1048576]} | ret=SUCCESS |  
2019-08-28 21:29:56,655 | INFO  | DNAudit | user=null | ip=null | op=WRITE_CHUNK {blockData=conID: 2 locID: 102696733679092316 bcsId: 0} | ret=SUCCESS |  
2019-08-28 21:29:56,655 | INFO  | DNAudit | user=null | ip=null | op=PUT_BLOCK {blockData=[blockId=conID: 2 locID: 102696733679092316 bcsId: 0,size=2097152]} | ret=SUCCESS |  
2019-08-28 21:29:56,655 [grpc-default-executor-3] INFO  client.GrpcClientProtocolClient (GrpcClientProtocolClient.java:onNext(255)) - client-05DA20D107F8->b461a7b0-028a-4eb5-b268-b89ac225aff8: receive RaftClientReply:client-05DA20D107F8->b461a7b0-028a-4eb5-b268-b89ac225aff8@group-0C8C0AA7542A, cid=2605, SUCCESS, logIndex=0, commits[b461a7b0-028a-4eb5-b268-b89ac225aff8:c3882, b6ff45f5-67b8-463b-a273-c2e7d9dadd75:c3878, 6a5cb75f-f7eb-4671-9a85-3b6f7898f6cc:c3876]
2019-08-28 21:29:56,661 | INFO  | DNAudit | user=null | ip=null | op=WRITE_CHUNK {blockData=conID: 2 locID: 102696733679092316 bcsId: 3878} | ret=SUCCESS |  
2019-08-28 21:29:56,663 | INFO  | DNAudit | user=null | ip=null | op=WRITE_CHUNK {blockData=conID: 2 locID: 102696733679092316 bcsId: 3878} | ret=SUCCESS |  
2019-08-28 21:29:56,663 | INFO  | DNAudit | user=null | ip=null | op=WRITE_CHUNK {blockData=conID: 2 locID: 102696733679092316 bcsId: 3878} | ret=SUCCESS |  
2019-08-28 21:29:56,680 | INFO  | DNAudit | user=null | ip=null | op=WRITE_CHUNK {blockData=conID: 2 locID: 102696733679092316 bcsId: 3878} | ret=SUCCESS |  
2019-08-28 21:29:56,681 | INFO  | DNAudit | user=null | ip=null | op=PUT_BLOCK {blockData=[blockId=conID: 2 locID: 102696733679092316 bcsId: 0,size=3145728]} | ret=SUCCESS |  
2019-08-28 21:29:56,681 [grpc-default-executor-6] INFO  client.GrpcClientProtocolClient (GrpcClientProtocolClient.java:onNext(255)) - client-05DA20D107F8->b461a7b0-028a-4eb5-b268-b89ac225aff8: receive RaftClientReply:client-05DA20D107F8->b461a7b0-028a-4eb5-b268-b89ac225aff8@group-0C8C0AA7542A, cid=2606, SUCCESS, logIndex=3883, commits[b461a7b0-028a-4eb5-b268-b89ac225aff8:c3884, b6ff45f5-67b8-463b-a273-c2e7d9dadd75:c3882, 6a5cb75f-f7eb-4671-9a85-3b6f7898f6cc:c3882]
2019-08-28 21:29:56,692 [grpc-default-executor-6] INFO  client.GrpcClientProtocolClient (GrpcClientProtocolClient.java:onNext(255)) - client-05DA20D107F8->b461a7b0-028a-4eb5-b268-b89ac225aff8: receive RaftClientReply:client-05DA20D107F8->b461a7b0-028a-4eb5-b268-b89ac225aff8@group-0C8C0AA7542A, cid=2607, SUCCESS, logIndex=3884, commits[b461a7b0-028a-4eb5-b268-b89ac225aff8:c3884, b6ff45f5-67b8-463b-a273-c2e7d9dadd75:c3882, 6a5cb75f-f7eb-4671-9a85-3b6f7898f6cc:c3882]
2019-08-28 21:29:56,699 | INFO  | DNAudit | user=null | ip=null | op=WRITE_CHUNK {blockData=conID: 2 locID: 102696733679092316 bcsId: 3884} | ret=SUCCESS |  
2019-08-28 21:29:56,699 | INFO  | DNAudit | user=null | ip=null | op=WRITE_CHUNK {blockData=conID: 2 locID: 102696733679092316 bcsId: 3878} | ret=SUCCESS |  
2019-08-28 21:29:56,699 | INFO  | DNAudit | user=null | ip=null | op=WRITE_CHUNK {blockData=conID: 2 locID: 102696733679092316 bcsId: 3878} | ret=SUCCESS |  
2019-08-28 21:29:56,702 | INFO  | DNAudit | user=null | ip=null | op=WRITE_CHUNK {blockData=conID: 2 locID: 102696733679092316 bcsId: 3884} | ret=SUCCESS |  
2019-08-28 21:29:56,702 | INFO  | DNAudit | user=null | ip=null | op=WRITE_CHUNK {blockData=conID: 2 locID: 102696733679092316 bcsId: 3884} | ret=SUCCESS |  
2019-08-28 21:29:56,708 | INFO  | DNAudit | user=null | ip=null | op=PUT_BLOCK {blockData=[blockId=conID: 2 locID: 102696733679092316 bcsId: 0,size=3145728]} | ret=SUCCESS |  
2019-08-28 21:29:56,708 | INFO  | DNAudit | user=null | ip=null | op=PUT_BLOCK {blockData=[blockId=conID: 2 locID: 102696733679092316 bcsId: 0,size=3145728]} | ret=SUCCESS |  
2019-08-28 21:29:56,709 | INFO  | DNAudit | user=null | ip=null | op=WRITE_CHUNK {blockData=conID: 2 locID: 102696733679092316 bcsId: 3884} | ret=SUCCESS |  
2019-08-28 21:29:56,710 | INFO  | DNAudit | user=null | ip=null | op=PUT_BLOCK {blockData=[blockId=conID: 2 locID: 102696733679092316 bcsId: 0,size=4194304]} | ret=SUCCESS |  
2019-08-28 21:29:56,710 [grpc-default-executor-1] INFO  client.GrpcClientProtocolClient (GrpcClientProtocolClient.java:onNext(255)) - client-05DA20D107F8->b461a7b0-028a-4eb5-b268-b89ac225aff8: receive RaftClientReply:client-05DA20D107F8->b461a7b0-028a-4eb5-b268-b89ac225aff8@group-0C8C0AA7542A, cid=2608, SUCCESS, logIndex=3887, commits[b461a7b0-028a-4eb5-b268-b89ac225aff8:c3888, b6ff45f5-67b8-463b-a273-c2e7d9dadd75:c3884, 6a5cb75f-f7eb-4671-9a85-3b6f7898f6cc:c3884]
2019-08-28 21:29:56,711 [grpc-default-executor-1] INFO  client.GrpcClientProtocolClient (GrpcClientProtocolClient.java:onNext(255)) - client-05DA20D107F8->b461a7b0-028a-4eb5-b268-b89ac225aff8: receive RaftClientReply:client-05DA20D107F8->b461a7b0-028a-4eb5-b268-b89ac225aff8@group-0C8C0AA7542A, cid=2609, SUCCESS, logIndex=3888, commits[b461a7b0-028a-4eb5-b268-b89ac225aff8:c3888, b6ff45f5-67b8-463b-a273-c2e7d9dadd75:c3884, 6a5cb75f-f7eb-4671-9a85-3b6f7898f6cc:c3884]
2019-08-28 21:29:56,719 | INFO  | DNAudit | user=null | ip=null | op=WRITE_CHUNK {blockData=conID: 2 locID: 102696733679092316 bcsId: 3884} | ret=SUCCESS |  
2019-08-28 21:29:56,719 | INFO  | DNAudit | user=null | ip=null | op=WRITE_CHUNK {blockData=conID: 2 locID: 102696733679092316 bcsId: 3884} | ret=SUCCESS |  
2019-08-28 21:29:56,720 | INFO  | DNAudit | user=null | ip=null | op=PUT_BLOCK {blockData=[blockId=conID: 2 locID: 102696733679092316 bcsId: 0,size=4194304]} | ret=SUCCESS |  
2019-08-28 21:29:56,720 | INFO  | DNAudit | user=null | ip=null | op=PUT_BLOCK {blockData=[blockId=conID: 2 locID: 102696733679092316 bcsId: 0,size=4194304]} | ret=SUCCESS |  
2019-08-28 21:29:56,721 [grpc-default-executor-1] INFO  client.GrpcClientProtocolClient (GrpcClientProtocolClient.java:onNext(255)) - client-05DA20D107F8->b461a7b0-028a-4eb5-b268-b89ac225aff8: receive RaftClientReply:client-05DA20D107F8->b461a7b0-028a-4eb5-b268-b89ac225aff8@group-0C8C0AA7542A, cid=2610, SUCCESS, logIndex=0, commits[b461a7b0-028a-4eb5-b268-b89ac225aff8:c3889, b6ff45f5-67b8-463b-a273-c2e7d9dadd75:c3888, 6a5cb75f-f7eb-4671-9a85-3b6f7898f6cc:c3888]
2019-08-28 21:29:56,727 | INFO  | SCMAudit | user=jenkins1000 | ip=127.0.0.1 | op=ALLOCATE_BLOCK {owner=a0140aad-a474-4492-a39d-25bd6167d9f0, size=4194304, type=RATIS, factor=THREE} | ret=SUCCESS |  
2019-08-28 21:29:56,852 | INFO  | OMAudit | user=jenkins1000 | ip=127.0.0.1 | op=ALLOCATE_BLOCK {volume=vol-0-08922, bucket=bucket-0-29862, key=key-0-31337, dataSize=0, replicationType=null, replicationFactor=null, keyLocationInfo=null, clientID=102696731548516754} | ret=SUCCESS |  
2019-08-28 21:29:56,862 | INFO  | DNAudit | user=null | ip=null | op=WRITE_CHUNK {blockData=conID: 3 locID: 102696733686301277 bcsId: 0} | ret=SUCCESS |  
2019-08-28 21:29:56,863 | INFO  | DNAudit | user=null | ip=null | op=WRITE_CHUNK {blockData=conID: 3 locID: 102696733686301277 bcsId: 0} | ret=SUCCESS |  
2019-08-28 21:29:56,864 | INFO  | DNAudit | user=null | ip=null | op=WRITE_CHUNK {blockData=conID: 3 locID: 102696733686301277 bcsId: 0} | ret=SUCCESS |  
2019-08-28 21:29:56,865 | INFO  | DNAudit | user=null | ip=null | op=WRITE_CHUNK {blockData=conID: 3 locID: 102696733686301277 bcsId: 0} | ret=SUCCESS |  
2019-08-28 21:29:56,867 | INFO  | DNAudit | user=null | ip=null | op=WRITE_CHUNK {blockData=conID: 3 locID: 102696733686301277 bcsId: 0} | ret=SUCCESS |  
2019-08-28 21:29:56,867 | INFO  | DNAudit | user=null | ip=null | op=WRITE_CHUNK {blockData=conID: 3 locID: 102696733686301277 bcsId: 0} | ret=SUCCESS |  
2019-08-28 21:29:56,870 | INFO  | DNAudit | user=null | ip=null | op=WRITE_CHUNK {blockData=conID: 3 locID: 102696733686301277 bcsId: 0} | ret=SUCCESS |  
2019-08-28 21:29:56,870 | INFO  | DNAudit | user=null | ip=null | op=PUT_BLOCK {blockData=[blockId=conID: 3 locID: 102696733686301277 bcsId: 0,size=1048576]} | ret=SUCCESS |  
2019-08-28 21:29:56,871 [grpc-default-executor-5] INFO  client.GrpcClientProtocolClient (GrpcClientProtocolClient.java:onNext(255)) - client-05DA20D107F8->b461a7b0-028a-4eb5-b268-b89ac225aff8: receive RaftClientReply:client-05DA20D107F8->b461a7b0-028a-4eb5-b268-b89ac225aff8@group-0C8C0AA7542A, cid=2611, SUCCESS, logIndex=3891, commits[b461a7b0-028a-4eb5-b268-b89ac225aff8:c3891, b6ff45f5-67b8-463b-a273-c2e7d9dadd75:c3890, 6a5cb75f-f7eb-4671-9a85-3b6f7898f6cc:c3890]
2019-08-28 21:29:56,872 [grpc-default-executor-5] INFO  client.GrpcClientProtocolClient (GrpcClientProtocolClient.java:onNext(255)) - client-05DA20D107F8->b461a7b0-028a-4eb5-b268-b89ac225aff8: receive RaftClientReply:client-05DA20D107F8->b461a7b0-028a-4eb5-b268-b89ac225aff8@group-0C8C0AA7542A, cid=2612, SUCCESS, logIndex=3892, commits[b461a7b0-028a-4eb5-b268-b89ac225aff8:c3892, b6ff45f5-67b8-463b-a273-c2e7d9dadd75:c3890, 6a5cb75f-f7eb-4671-9a85-3b6f7898f6cc:c3890]
2019-08-28 21:29:56,872 | INFO  | DNAudit | user=null | ip=null | op=WRITE_CHUNK {blockData=conID: 3 locID: 102696733686301277 bcsId: 0} | ret=SUCCESS |  
2019-08-28 21:29:56,872 | INFO  | DNAudit | user=null | ip=null | op=PUT_BLOCK {blockData=[blockId=conID: 3 locID: 102696733686301277 bcsId: 0,size=2097152]} | ret=SUCCESS |  
2019-08-28 21:29:56,872 [grpc-default-executor-5] INFO  client.GrpcClientProtocolClient (GrpcClientProtocolClient.java:onNext(255)) - client-05DA20D107F8->b461a7b0-028a-4eb5-b268-b89ac225aff8: receive RaftClientReply:client-05DA20D107F8->b461a7b0-028a-4eb5-b268-b89ac225aff8@group-0C8C0AA7542A, cid=2613, SUCCESS, logIndex=3893, commits[b461a7b0-028a-4eb5-b268-b89ac225aff8:c3894, b6ff45f5-67b8-463b-a273-c2e7d9dadd75:c3890, 6a5cb75f-f7eb-4671-9a85-3b6f7898f6cc:c3890]
2019-08-28 21:29:56,873 [grpc-default-executor-5] INFO  client.GrpcClientProtocolClient (GrpcClientProtocolClient.java:onNext(255)) - client-05DA20D107F8->b461a7b0-028a-4eb5-b268-b89ac225aff8: receive RaftClientReply:client-05DA20D107F8->b461a7b0-028a-4eb5-b268-b89ac225aff8@group-0C8C0AA7542A, cid=2614, SUCCESS, logIndex=3894, commits[b461a7b0-028a-4eb5-b268-b89ac225aff8:c3894, b6ff45f5-67b8-463b-a273-c2e7d9dadd75:c3890, 6a5cb75f-f7eb-4671-9a85-3b6f7898f6cc:c3890]
2019-08-28 21:29:56,882 | INFO  | DNAudit | user=null | ip=null | op=WRITE_CHUNK {blockData=conID: 3 locID: 102696733686301277 bcsId: 0} | ret=SUCCESS |  
2019-08-28 21:29:56,882 | INFO  | DNAudit | user=null | ip=null | op=PUT_BLOCK {blockData=[blockId=conID: 3 locID: 102696733686301277 bcsId: 0,size=1048576]} | ret=SUCCESS |  
2019-08-28 21:29:56,883 | INFO  | DNAudit | user=null | ip=null | op=WRITE_CHUNK {blockData=conID: 3 locID: 102696733686301277 bcsId: 0} | ret=SUCCESS |  
2019-08-28 21:29:56,883 | INFO  | DNAudit | user=null | ip=null | op=PUT_BLOCK {blockData=[blockId=conID: 3 locID: 102696733686301277 bcsId: 0,size=1048576]} | ret=SUCCESS |  
2019-08-28 21:29:56,883 | INFO  | DNAudit | user=null | ip=null | op=WRITE_CHUNK {blockData=conID: 3 locID: 102696733686301277 bcsId: 0} | ret=SUCCESS |  
2019-08-28 21:29:56,883 | INFO  | DNAudit | user=null | ip=null | op=PUT_BLOCK {blockData=[blockId=conID: 3 locID: 102696733686301277 bcsId: 0,size=2097152]} | ret=SUCCESS |  
2019-08-28 21:29:56,884 [grpc-default-executor-5] INFO  client.GrpcClientProtocolClient (GrpcClientProtocolClient.java:onNext(255)) - client-05DA20D107F8->b461a7b0-028a-4eb5-b268-b89ac225aff8: receive RaftClientReply:client-05DA20D107F8->b461a7b0-028a-4eb5-b268-b89ac225aff8@group-0C8C0AA7542A, cid=2615, SUCCESS, logIndex=0, commits[b461a7b0-028a-4eb5-b268-b89ac225aff8:c3896, b6ff45f5-67b8-463b-a273-c2e7d9dadd75:c3892, 6a5cb75f-f7eb-4671-9a85-3b6f7898f6cc:c3892]
2019-08-28 21:29:56,885 | INFO  | DNAudit | user=null | ip=null | op=WRITE_CHUNK {blockData=conID: 3 locID: 102696733686301277 bcsId: 0} | ret=SUCCESS |  
2019-08-28 21:29:56,885 | INFO  | DNAudit | user=null | ip=null | op=PUT_BLOCK {blockData=[blockId=conID: 3 locID: 102696733686301277 bcsId: 0,size=2097152]} | ret=SUCCESS |  
2019-08-28 21:29:56,891 | INFO  | DNAudit | user=null | ip=null | op=WRITE_CHUNK {blockData=conID: 3 locID: 102696733686301277 bcsId: 3894} | ret=SUCCESS |  
2019-08-28 21:29:56,894 | INFO  | DNAudit | user=null | ip=null | op=WRITE_CHUNK {blockData=conID: 3 locID: 102696733686301277 bcsId: 3894} | ret=SUCCESS |  
2019-08-28 21:29:56,894 | INFO  | DNAudit | user=null | ip=null | op=WRITE_CHUNK {blockData=conID: 3 locID: 102696733686301277 bcsId: 3894} | ret=SUCCESS |  
2019-08-28 21:29:56,912 | INFO  | DNAudit | user=null | ip=null | op=WRITE_CHUNK {blockData=conID: 3 locID: 102696733686301277 bcsId: 3894} | ret=SUCCESS |  
2019-08-28 21:29:56,913 | INFO  | DNAudit | user=null | ip=null | op=PUT_BLOCK {blockData=[blockId=conID: 3 locID: 102696733686301277 bcsId: 0,size=3145728]} | ret=SUCCESS |  
2019-08-28 21:29:56,913 [grpc-default-executor-3] INFO  client.GrpcClientProtocolClient (GrpcClientProtocolClient.java:onNext(255)) - client-05DA20D107F8->b461a7b0-028a-4eb5-b268-b89ac225aff8: receive RaftClientReply:client-05DA20D107F8->b461a7b0-028a-4eb5-b268-b89ac225aff8@group-0C8C0AA7542A, cid=2616, SUCCESS, logIndex=3899, commits[b461a7b0-028a-4eb5-b268-b89ac225aff8:c3900, b6ff45f5-67b8-463b-a273-c2e7d9dadd75:c3898, 6a5cb75f-f7eb-4671-9a85-3b6f7898f6cc:c3898]
2019-08-28 21:29:56,914 [grpc-default-executor-3] INFO  client.GrpcClientProtocolClient (GrpcClientProtocolClient.java:onNext(255)) - client-05DA20D107F8->b461a7b0-028a-4eb5-b268-b89ac225aff8: receive RaftClientReply:client-05DA20D107F8->b461a7b0-028a-4eb5-b268-b89ac225aff8@group-0C8C0AA7542A, cid=2617, SUCCESS, logIndex=3900, commits[b461a7b0-028a-4eb5-b268-b89ac225aff8:c3900, b6ff45f5-67b8-463b-a273-c2e7d9dadd75:c3898, 6a5cb75f-f7eb-4671-9a85-3b6f7898f6cc:c3898]
2019-08-28 21:29:56,918 | INFO  | DNAudit | user=null | ip=null | op=WRITE_CHUNK {blockData=conID: 3 locID: 102696733686301277 bcsId: 3894} | ret=SUCCESS |  
2019-08-28 21:29:56,918 | INFO  | DNAudit | user=null | ip=null | op=PUT_BLOCK {blockData=[blockId=conID: 3 locID: 102696733686301277 bcsId: 0,size=3145728]} | ret=SUCCESS |  
2019-08-28 21:29:56,918 | INFO  | DNAudit | user=null | ip=null | op=WRITE_CHUNK {blockData=conID: 3 locID: 102696733686301277 bcsId: 3894} | ret=SUCCESS |  
2019-08-28 21:29:56,918 | INFO  | DNAudit | user=null | ip=null | op=PUT_BLOCK {blockData=[blockId=conID: 3 locID: 102696733686301277 bcsId: 0,size=3145728]} | ret=SUCCESS |  
2019-08-28 21:29:56,922 | INFO  | DNAudit | user=null | ip=null | op=WRITE_CHUNK {blockData=conID: 3 locID: 102696733686301277 bcsId: 3900} | ret=SUCCESS |  
2019-08-28 21:29:56,953 | INFO  | DNAudit | user=null | ip=null | op=WRITE_CHUNK {blockData=conID: 3 locID: 102696733686301277 bcsId: 3900} | ret=SUCCESS |  
2019-08-28 21:29:56,953 | INFO  | DNAudit | user=null | ip=null | op=WRITE_CHUNK {blockData=conID: 3 locID: 102696733686301277 bcsId: 3900} | ret=SUCCESS |  
2019-08-28 21:29:56,983 | INFO  | DNAudit | user=null | ip=null | op=WRITE_CHUNK {blockData=conID: 3 locID: 102696733686301277 bcsId: 3900} | ret=SUCCESS |  
2019-08-28 21:29:56,984 | INFO  | DNAudit | user=null | ip=null | op=PUT_BLOCK {blockData=[blockId=conID: 3 locID: 102696733686301277 bcsId: 0,size=4194304]} | ret=SUCCESS |  
2019-08-28 21:29:56,984 [grpc-default-executor-5] INFO  client.GrpcClientProtocolClient (GrpcClientProtocolClient.java:onNext(255)) - client-05DA20D107F8->b461a7b0-028a-4eb5-b268-b89ac225aff8: receive RaftClientReply:client-05DA20D107F8->b461a7b0-028a-4eb5-b268-b89ac225aff8@group-0C8C0AA7542A, cid=2618, SUCCESS, logIndex=3903, commits[b461a7b0-028a-4eb5-b268-b89ac225aff8:c3904, b6ff45f5-67b8-463b-a273-c2e7d9dadd75:c3902, 6a5cb75f-f7eb-4671-9a85-3b6f7898f6cc:c3902]
2019-08-28 21:29:56,985 [grpc-default-executor-5] INFO  client.GrpcClientProtocolClient (GrpcClientProtocolClient.java:onNext(255)) - client-05DA20D107F8->b461a7b0-028a-4eb5-b268-b89ac225aff8: receive RaftClientReply:client-05DA20D107F8->b461a7b0-028a-4eb5-b268-b89ac225aff8@group-0C8C0AA7542A, cid=2619, SUCCESS, logIndex=3904, commits[b461a7b0-028a-4eb5-b268-b89ac225aff8:c3904, b6ff45f5-67b8-463b-a273-c2e7d9dadd75:c3902, 6a5cb75f-f7eb-4671-9a85-3b6f7898f6cc:c3902]
2019-08-28 21:29:56,996 | INFO  | DNAudit | user=null | ip=null | op=WRITE_CHUNK {blockData=conID: 3 locID: 102696733686301277 bcsId: 3900} | ret=SUCCESS |  
2019-08-28 21:29:56,996 | INFO  | DNAudit | user=null | ip=null | op=WRITE_CHUNK {blockData=conID: 3 locID: 102696733686301277 bcsId: 3900} | ret=SUCCESS |  
2019-08-28 21:29:56,997 | INFO  | DNAudit | user=null | ip=null | op=PUT_BLOCK {blockData=[blockId=conID: 3 locID: 102696733686301277 bcsId: 0,size=4194304]} | ret=SUCCESS |  
2019-08-28 21:29:56,997 | INFO  | DNAudit | user=null | ip=null | op=PUT_BLOCK {blockData=[blockId=conID: 3 locID: 102696733686301277 bcsId: 0,size=4194304]} | ret=SUCCESS |  
2019-08-28 21:29:56,998 [grpc-default-executor-5] INFO  client.GrpcClientProtocolClient (GrpcClientProtocolClient.java:onNext(255)) - client-05DA20D107F8->b461a7b0-028a-4eb5-b268-b89ac225aff8: receive RaftClientReply:client-05DA20D107F8->b461a7b0-028a-4eb5-b268-b89ac225aff8@group-0C8C0AA7542A, cid=2620, SUCCESS, logIndex=0, commits[b461a7b0-028a-4eb5-b268-b89ac225aff8:c3905, b6ff45f5-67b8-463b-a273-c2e7d9dadd75:c3904, 6a5cb75f-f7eb-4671-9a85-3b6f7898f6cc:c3904]
2019-08-28 21:29:57,007 | INFO  | SCMAudit | user=jenkins1000 | ip=127.0.0.1 | op=ALLOCATE_BLOCK {owner=a0140aad-a474-4492-a39d-25bd6167d9f0, size=4194304, type=RATIS, factor=THREE} | ret=SUCCESS |  
2019-08-28 21:29:57,012 | INFO  | OMAudit | user=jenkins1000 | ip=127.0.0.1 | op=ALLOCATE_BLOCK {volume=vol-0-08922, bucket=bucket-0-29862, key=key-0-31337, dataSize=0, replicationType=null, replicationFactor=null, keyLocationInfo=null, clientID=102696731548516754} | ret=SUCCESS |  
2019-08-28 21:29:57,020 | INFO  | DNAudit | user=null | ip=null | op=WRITE_CHUNK {blockData=conID: 1 locID: 102696733704651358 bcsId: 0} | ret=SUCCESS |  
2019-08-28 21:29:57,023 | INFO  | DNAudit | user=null | ip=null | op=WRITE_CHUNK {blockData=conID: 1 locID: 102696733704651358 bcsId: 0} | ret=SUCCESS |  
2019-08-28 21:29:57,024 | INFO  | DNAudit | user=null | ip=null | op=WRITE_CHUNK {blockData=conID: 1 locID: 102696733704651358 bcsId: 0} | ret=SUCCESS |  
2019-08-28 21:29:57,024 | INFO  | DNAudit | user=null | ip=null | op=WRITE_CHUNK {blockData=conID: 1 locID: 102696733704651358 bcsId: 0} | ret=SUCCESS |  
2019-08-28 21:29:57,026 | INFO  | DNAudit | user=null | ip=null | op=WRITE_CHUNK {blockData=conID: 1 locID: 102696733704651358 bcsId: 0} | ret=SUCCESS |  
2019-08-28 21:29:57,026 | INFO  | DNAudit | user=null | ip=null | op=WRITE_CHUNK {blockData=conID: 1 locID: 102696733704651358 bcsId: 0} | ret=SUCCESS |  
2019-08-28 21:29:57,046 | INFO  | DNAudit | user=null | ip=null | op=WRITE_CHUNK {blockData=conID: 1 locID: 102696733704651358 bcsId: 0} | ret=SUCCESS |  
2019-08-28 21:29:57,046 | INFO  | DNAudit | user=null | ip=null | op=PUT_BLOCK {blockData=[blockId=conID: 1 locID: 102696733704651358 bcsId: 0,size=1048576]} | ret=SUCCESS |  
2019-08-28 21:29:57,046 [grpc-default-executor-1] INFO  client.GrpcClientProtocolClient (GrpcClientProtocolClient.java:onNext(255)) - client-05DA20D107F8->b461a7b0-028a-4eb5-b268-b89ac225aff8: receive RaftClientReply:client-05DA20D107F8->b461a7b0-028a-4eb5-b268-b89ac225aff8@group-0C8C0AA7542A, cid=2621, SUCCESS, logIndex=3907, commits[b461a7b0-028a-4eb5-b268-b89ac225aff8:c3908, b6ff45f5-67b8-463b-a273-c2e7d9dadd75:c3906, 6a5cb75f-f7eb-4671-9a85-3b6f7898f6cc:c3906]
2019-08-28 21:29:57,047 [grpc-default-executor-1] INFO  client.GrpcClientProtocolClient (GrpcClientProtocolClient.java:onNext(255)) - client-05DA20D107F8->b461a7b0-028a-4eb5-b268-b89ac225aff8: receive RaftClientReply:client-05DA20D107F8->b461a7b0-028a-4eb5-b268-b89ac225aff8@group-0C8C0AA7542A, cid=2622, SUCCESS, logIndex=3908, commits[b461a7b0-028a-4eb5-b268-b89ac225aff8:c3908, b6ff45f5-67b8-463b-a273-c2e7d9dadd75:c3906, 6a5cb75f-f7eb-4671-9a85-3b6f7898f6cc:c3906]
2019-08-28 21:29:57,049 | INFO  | DNAudit | user=null | ip=null | op=WRITE_CHUNK {blockData=conID: 1 locID: 102696733704651358 bcsId: 0} | ret=SUCCESS |  
2019-08-28 21:29:57,050 | INFO  | DNAudit | user=null | ip=null | op=PUT_BLOCK {blockData=[blockId=conID: 1 locID: 102696733704651358 bcsId: 0,size=2097152]} | ret=SUCCESS |  
2019-08-28 21:29:57,050 [grpc-default-executor-5] INFO  client.GrpcClientProtocolClient (GrpcClientProtocolClient.java:onNext(255)) - client-05DA20D107F8->b461a7b0-028a-4eb5-b268-b89ac225aff8: receive RaftClientReply:client-05DA20D107F8->b461a7b0-028a-4eb5-b268-b89ac225aff8@group-0C8C0AA7542A, cid=2623, SUCCESS, logIndex=3909, commits[b461a7b0-028a-4eb5-b268-b89ac225aff8:c3910, b6ff45f5-67b8-463b-a273-c2e7d9dadd75:c3906, 6a5cb75f-f7eb-4671-9a85-3b6f7898f6cc:c3906]
2019-08-28 21:29:57,050 [grpc-default-executor-5] INFO  client.GrpcClientProtocolClient (GrpcClientProtocolClient.java:onNext(255)) - client-05DA20D107F8->b461a7b0-028a-4eb5-b268-b89ac225aff8: receive RaftClientReply:client-05DA20D107F8->b461a7b0-028a-4eb5-b268-b89ac225aff8@group-0C8C0AA7542A, cid=2624, SUCCESS, logIndex=3910, commits[b461a7b0-028a-4eb5-b268-b89ac225aff8:c3910, b6ff45f5-67b8-463b-a273-c2e7d9dadd75:c3906, 6a5cb75f-f7eb-4671-9a85-3b6f7898f6cc:c3906]
2019-08-28 21:29:57,061 | INFO  | DNAudit | user=null | ip=null | op=WRITE_CHUNK {blockData=conID: 1 locID: 102696733704651358 bcsId: 0} | ret=SUCCESS |  
2019-08-28 21:29:57,062 | INFO  | DNAudit | user=null | ip=null | op=PUT_BLOCK {blockData=[blockId=conID: 1 locID: 102696733704651358 bcsId: 0,size=1048576]} | ret=SUCCESS |  
2019-08-28 21:29:57,072 | INFO  | DNAudit | user=null | ip=null | op=WRITE_CHUNK {blockData=conID: 1 locID: 102696733704651358 bcsId: 0} | ret=SUCCESS |  
2019-08-28 21:29:57,073 | INFO  | DNAudit | user=null | ip=null | op=PUT_BLOCK {blockData=[blockId=conID: 1 locID: 102696733704651358 bcsId: 0,size=1048576]} | ret=SUCCESS |  
2019-08-28 21:29:57,073 [grpc-default-executor-5] INFO  client.GrpcClientProtocolClient (GrpcClientProtocolClient.java:onNext(255)) - client-05DA20D107F8->b461a7b0-028a-4eb5-b268-b89ac225aff8: receive RaftClientReply:client-05DA20D107F8->b461a7b0-028a-4eb5-b268-b89ac225aff8@group-0C8C0AA7542A, cid=2625, SUCCESS, logIndex=0, commits[b461a7b0-028a-4eb5-b268-b89ac225aff8:c3912, b6ff45f5-67b8-463b-a273-c2e7d9dadd75:c3908, 6a5cb75f-f7eb-4671-9a85-3b6f7898f6cc:c3908]
2019-08-28 21:29:57,075 | INFO  | DNAudit | user=null | ip=null | op=WRITE_CHUNK {blockData=conID: 1 locID: 102696733704651358 bcsId: 0} | ret=SUCCESS |  
2019-08-28 21:29:57,075 | INFO  | DNAudit | user=null | ip=null | op=WRITE_CHUNK {blockData=conID: 1 locID: 102696733704651358 bcsId: 0} | ret=SUCCESS |  
2019-08-28 21:29:57,075 | INFO  | DNAudit | user=null | ip=null | op=PUT_BLOCK {blockData=[blockId=conID: 1 locID: 102696733704651358 bcsId: 0,size=2097152]} | ret=SUCCESS |  
2019-08-28 21:29:57,075 | INFO  | DNAudit | user=null | ip=null | op=PUT_BLOCK {blockData=[blockId=conID: 1 locID: 102696733704651358 bcsId: 0,size=2097152]} | ret=SUCCESS |  
2019-08-28 21:29:57,080 | INFO  | DNAudit | user=null | ip=null | op=WRITE_CHUNK {blockData=conID: 1 locID: 102696733704651358 bcsId: 3910} | ret=SUCCESS |  
2019-08-28 21:29:57,083 | INFO  | DNAudit | user=null | ip=null | op=WRITE_CHUNK {blockData=conID: 1 locID: 102696733704651358 bcsId: 3910} | ret=SUCCESS |  
2019-08-28 21:29:57,083 | INFO  | DNAudit | user=null | ip=null | op=WRITE_CHUNK {blockData=conID: 1 locID: 102696733704651358 bcsId: 3910} | ret=SUCCESS |  
2019-08-28 21:29:57,086 | INFO  | DNAudit | user=null | ip=null | op=WRITE_CHUNK {blockData=conID: 1 locID: 102696733704651358 bcsId: 3910} | ret=SUCCESS |  
2019-08-28 21:29:57,087 | INFO  | DNAudit | user=null | ip=null | op=PUT_BLOCK {blockData=[blockId=conID: 1 locID: 102696733704651358 bcsId: 0,size=3145728]} | ret=SUCCESS |  
2019-08-28 21:29:57,087 [grpc-default-executor-3] INFO  client.GrpcClientProtocolClient (GrpcClientProtocolClient.java:onNext(255)) - client-05DA20D107F8->b461a7b0-028a-4eb5-b268-b89ac225aff8: receive RaftClientReply:client-05DA20D107F8->b461a7b0-028a-4eb5-b268-b89ac225aff8@group-0C8C0AA7542A, cid=2626, SUCCESS, logIndex=3915, commits[b461a7b0-028a-4eb5-b268-b89ac225aff8:c3916, b6ff45f5-67b8-463b-a273-c2e7d9dadd75:c3914, 6a5cb75f-f7eb-4671-9a85-3b6f7898f6cc:c3910]
2019-08-28 21:29:57,088 [grpc-default-executor-3] INFO  client.GrpcClientProtocolClient (GrpcClientProtocolClient.java:onNext(255)) - client-05DA20D107F8->b461a7b0-028a-4eb5-b268-b89ac225aff8: receive RaftClientReply:client-05DA20D107F8->b461a7b0-028a-4eb5-b268-b89ac225aff8@group-0C8C0AA7542A, cid=2627, SUCCESS, logIndex=3916, commits[b461a7b0-028a-4eb5-b268-b89ac225aff8:c3916, b6ff45f5-67b8-463b-a273-c2e7d9dadd75:c3914, 6a5cb75f-f7eb-4671-9a85-3b6f7898f6cc:c3914]
2019-08-28 21:29:57,094 | INFO  | DNAudit | user=null | ip=null | op=WRITE_CHUNK {blockData=conID: 1 locID: 102696733704651358 bcsId: 3916} | ret=SUCCESS |  
2019-08-28 21:29:57,096 | INFO  | DNAudit | user=null | ip=null | op=WRITE_CHUNK {blockData=conID: 1 locID: 102696733704651358 bcsId: 3916} | ret=SUCCESS |  
2019-08-28 21:29:57,097 | INFO  | DNAudit | user=null | ip=null | op=WRITE_CHUNK {blockData=conID: 1 locID: 102696733704651358 bcsId: 3916} | ret=SUCCESS |  
2019-08-28 21:29:57,105 | INFO  | DNAudit | user=null | ip=null | op=WRITE_CHUNK {blockData=conID: 1 locID: 102696733704651358 bcsId: 3910} | ret=SUCCESS |  
2019-08-28 21:29:57,106 | INFO  | DNAudit | user=null | ip=null | op=WRITE_CHUNK {blockData=conID: 1 locID: 102696733704651358 bcsId: 3910} | ret=SUCCESS |  
2019-08-28 21:29:57,108 | INFO  | DNAudit | user=null | ip=null | op=PUT_BLOCK {blockData=[blockId=conID: 1 locID: 102696733704651358 bcsId: 0,size=3145728]} | ret=SUCCESS |  
2019-08-28 21:29:57,108 | INFO  | DNAudit | user=null | ip=null | op=PUT_BLOCK {blockData=[blockId=conID: 1 locID: 102696733704651358 bcsId: 0,size=3145728]} | ret=SUCCESS |  
2019-08-28 21:29:57,108 | INFO  | DNAudit | user=null | ip=null | op=WRITE_CHUNK {blockData=conID: 1 locID: 102696733704651358 bcsId: 3916} | ret=SUCCESS |  
2019-08-28 21:29:57,109 | INFO  | DNAudit | user=null | ip=null | op=PUT_BLOCK {blockData=[blockId=conID: 1 locID: 102696733704651358 bcsId: 0,size=4194304]} | ret=SUCCESS |  
2019-08-28 21:29:57,109 [grpc-default-executor-1] INFO  client.GrpcClientProtocolClient (GrpcClientProtocolClient.java:onNext(255)) - client-05DA20D107F8->b461a7b0-028a-4eb5-b268-b89ac225aff8: receive RaftClientReply:client-05DA20D107F8->b461a7b0-028a-4eb5-b268-b89ac225aff8@group-0C8C0AA7542A, cid=2628, SUCCESS, logIndex=3919, commits[b461a7b0-028a-4eb5-b268-b89ac225aff8:c3920, b6ff45f5-67b8-463b-a273-c2e7d9dadd75:c3916, 6a5cb75f-f7eb-4671-9a85-3b6f7898f6cc:c3916]
2019-08-28 21:29:57,109 [grpc-default-executor-1] INFO  client.GrpcClientProtocolClient (GrpcClientProtocolClient.java:onNext(255)) - client-05DA20D107F8->b461a7b0-028a-4eb5-b268-b89ac225aff8: receive RaftClientReply:client-05DA20D107F8->b461a7b0-028a-4eb5-b268-b89ac225aff8@group-0C8C0AA7542A, cid=2629, SUCCESS, logIndex=3920, commits[b461a7b0-028a-4eb5-b268-b89ac225aff8:c3920, b6ff45f5-67b8-463b-a273-c2e7d9dadd75:c3916, 6a5cb75f-f7eb-4671-9a85-3b6f7898f6cc:c3916]
2019-08-28 21:29:57,118 | INFO  | DNAudit | user=null | ip=null | op=WRITE_CHUNK {blockData=conID: 1 locID: 102696733704651358 bcsId: 3916} | ret=SUCCESS |  
2019-08-28 21:29:57,118 | INFO  | DNAudit | user=null | ip=null | op=WRITE_CHUNK {blockData=conID: 1 locID: 102696733704651358 bcsId: 3916} | ret=SUCCESS |  
2019-08-28 21:29:57,118 | INFO  | DNAudit | user=null | ip=null | op=PUT_BLOCK {blockData=[blockId=conID: 1 locID: 102696733704651358 bcsId: 0,size=4194304]} | ret=SUCCESS |  
2019-08-28 21:29:57,118 | INFO  | DNAudit | user=null | ip=null | op=PUT_BLOCK {blockData=[blockId=conID: 1 locID: 102696733704651358 bcsId: 0,size=4194304]} | ret=SUCCESS |  
2019-08-28 21:29:57,119 [grpc-default-executor-1] INFO  client.GrpcClientProtocolClient (GrpcClientProtocolClient.java:onNext(255)) - client-05DA20D107F8->b461a7b0-028a-4eb5-b268-b89ac225aff8: receive RaftClientReply:client-05DA20D107F8->b461a7b0-028a-4eb5-b268-b89ac225aff8@group-0C8C0AA7542A, cid=2630, SUCCESS, logIndex=0, commits[b461a7b0-028a-4eb5-b268-b89ac225aff8:c3921, b6ff45f5-67b8-463b-a273-c2e7d9dadd75:c3920, 6a5cb75f-f7eb-4671-9a85-3b6f7898f6cc:c3920]
2019-08-28 21:29:57,123 | INFO  | SCMAudit | user=jenkins1000 | ip=127.0.0.1 | op=ALLOCATE_BLOCK {owner=a0140aad-a474-4492-a39d-25bd6167d9f0, size=4194304, type=RATIS, factor=THREE} | ret=SUCCESS |  
2019-08-28 21:29:57,126 | INFO  | OMAudit | user=jenkins1000 | ip=127.0.0.1 | op=ALLOCATE_BLOCK {volume=vol-0-08922, bucket=bucket-0-29862, key=key-0-31337, dataSize=0, replicationType=null, replicationFactor=null, keyLocationInfo=null, clientID=102696731548516754} | ret=SUCCESS |  
2019-08-28 21:29:57,133 | INFO  | DNAudit | user=null | ip=null | op=WRITE_CHUNK {blockData=conID: 2 locID: 102696733712253535 bcsId: 0} | ret=SUCCESS |  
2019-08-28 21:29:57,136 | INFO  | DNAudit | user=null | ip=null | op=WRITE_CHUNK {blockData=conID: 2 locID: 102696733712253535 bcsId: 0} | ret=SUCCESS |  
2019-08-28 21:29:57,137 | INFO  | DNAudit | user=null | ip=null | op=WRITE_CHUNK {blockData=conID: 2 locID: 102696733712253535 bcsId: 0} | ret=SUCCESS |  
2019-08-28 21:29:57,137 | INFO  | DNAudit | user=null | ip=null | op=WRITE_CHUNK {blockData=conID: 2 locID: 102696733712253535 bcsId: 0} | ret=SUCCESS |  
2019-08-28 21:29:57,138 | INFO  | DNAudit | user=null | ip=null | op=WRITE_CHUNK {blockData=conID: 2 locID: 102696733712253535 bcsId: 0} | ret=SUCCESS |  
2019-08-28 21:29:57,138 | INFO  | DNAudit | user=null | ip=null | op=WRITE_CHUNK {blockData=conID: 2 locID: 102696733712253535 bcsId: 0} | ret=SUCCESS |  
2019-08-28 21:29:57,146 | INFO  | DNAudit | user=null | ip=null | op=WRITE_CHUNK {blockData=conID: 2 locID: 102696733712253535 bcsId: 0} | ret=SUCCESS |  
2019-08-28 21:29:57,146 | INFO  | DNAudit | user=null | ip=null | op=PUT_BLOCK {blockData=[blockId=conID: 2 locID: 102696733712253535 bcsId: 0,size=1048576]} | ret=SUCCESS |  
2019-08-28 21:29:57,147 | INFO  | DNAudit | user=null | ip=null | op=WRITE_CHUNK {blockData=conID: 2 locID: 102696733712253535 bcsId: 0} | ret=SUCCESS |  
2019-08-28 21:29:57,146 [grpc-default-executor-1] INFO  client.GrpcClientProtocolClient (GrpcClientProtocolClient.java:onNext(255)) - client-05DA20D107F8->b461a7b0-028a-4eb5-b268-b89ac225aff8: receive RaftClientReply:client-05DA20D107F8->b461a7b0-028a-4eb5-b268-b89ac225aff8@group-0C8C0AA7542A, cid=2631, SUCCESS, logIndex=3923, commits[b461a7b0-028a-4eb5-b268-b89ac225aff8:c3925, b6ff45f5-67b8-463b-a273-c2e7d9dadd75:c3922, 6a5cb75f-f7eb-4671-9a85-3b6f7898f6cc:c3922]
2019-08-28 21:29:57,147 | INFO  | DNAudit | user=null | ip=null | op=PUT_BLOCK {blockData=[blockId=conID: 2 locID: 102696733712253535 bcsId: 0,size=2097152]} | ret=SUCCESS |  
2019-08-28 21:29:57,147 [grpc-default-executor-1] INFO  client.GrpcClientProtocolClient (GrpcClientProtocolClient.java:onNext(255)) - client-05DA20D107F8->b461a7b0-028a-4eb5-b268-b89ac225aff8: receive RaftClientReply:client-05DA20D107F8->b461a7b0-028a-4eb5-b268-b89ac225aff8@group-0C8C0AA7542A, cid=2632, SUCCESS, logIndex=3924, commits[b461a7b0-028a-4eb5-b268-b89ac225aff8:c3926, b6ff45f5-67b8-463b-a273-c2e7d9dadd75:c3922, 6a5cb75f-f7eb-4671-9a85-3b6f7898f6cc:c3922]
2019-08-28 21:29:57,147 [grpc-default-executor-1] INFO  client.GrpcClientProtocolClient (GrpcClientProtocolClient.java:onNext(255)) - client-05DA20D107F8->b461a7b0-028a-4eb5-b268-b89ac225aff8: receive RaftClientReply:client-05DA20D107F8->b461a7b0-028a-4eb5-b268-b89ac225aff8@group-0C8C0AA7542A, cid=2633, SUCCESS, logIndex=3925, commits[b461a7b0-028a-4eb5-b268-b89ac225aff8:c3926, b6ff45f5-67b8-463b-a273-c2e7d9dadd75:c3922, 6a5cb75f-f7eb-4671-9a85-3b6f7898f6cc:c3922]
2019-08-28 21:29:57,147 [grpc-default-executor-1] INFO  client.GrpcClientProtocolClient (GrpcClientProtocolClient.java:onNext(255)) - client-05DA20D107F8->b461a7b0-028a-4eb5-b268-b89ac225aff8: receive RaftClientReply:client-05DA20D107F8->b461a7b0-028a-4eb5-b268-b89ac225aff8@group-0C8C0AA7542A, cid=2634, SUCCESS, logIndex=3926, commits[b461a7b0-028a-4eb5-b268-b89ac225aff8:c3926, b6ff45f5-67b8-463b-a273-c2e7d9dadd75:c3922, 6a5cb75f-f7eb-4671-9a85-3b6f7898f6cc:c3922]
2019-08-28 21:29:57,156 | INFO  | DNAudit | user=null | ip=null | op=WRITE_CHUNK {blockData=conID: 2 locID: 102696733712253535 bcsId: 0} | ret=SUCCESS |  
2019-08-28 21:29:57,157 | INFO  | DNAudit | user=null | ip=null | op=PUT_BLOCK {blockData=[blockId=conID: 2 locID: 102696733712253535 bcsId: 0,size=1048576]} | ret=SUCCESS |  
2019-08-28 21:29:57,157 | INFO  | DNAudit | user=null | ip=null | op=WRITE_CHUNK {blockData=conID: 2 locID: 102696733712253535 bcsId: 0} | ret=SUCCESS |  
2019-08-28 21:29:57,157 | INFO  | DNAudit | user=null | ip=null | op=PUT_BLOCK {blockData=[blockId=conID: 2 locID: 102696733712253535 bcsId: 0,size=1048576]} | ret=SUCCESS |  
2019-08-28 21:29:57,157 | INFO  | DNAudit | user=null | ip=null | op=WRITE_CHUNK {blockData=conID: 2 locID: 102696733712253535 bcsId: 0} | ret=SUCCESS |  
2019-08-28 21:29:57,158 [grpc-default-executor-3] INFO  client.GrpcClientProtocolClient (GrpcClientProtocolClient.java:onNext(255)) - client-05DA20D107F8->b461a7b0-028a-4eb5-b268-b89ac225aff8: receive RaftClientReply:client-05DA20D107F8->b461a7b0-028a-4eb5-b268-b89ac225aff8@group-0C8C0AA7542A, cid=2635, SUCCESS, logIndex=0, commits[b461a7b0-028a-4eb5-b268-b89ac225aff8:c3928, b6ff45f5-67b8-463b-a273-c2e7d9dadd75:c3924, 6a5cb75f-f7eb-4671-9a85-3b6f7898f6cc:c3925]
2019-08-28 21:29:57,164 | INFO  | DNAudit | user=null | ip=null | op=WRITE_CHUNK {blockData=conID: 2 locID: 102696733712253535 bcsId: 3926} | ret=SUCCESS |  
2019-08-28 21:29:57,167 | INFO  | DNAudit | user=null | ip=null | op=WRITE_CHUNK {blockData=conID: 2 locID: 102696733712253535 bcsId: 3926} | ret=SUCCESS |  
2019-08-28 21:29:57,167 | INFO  | DNAudit | user=null | ip=null | op=WRITE_CHUNK {blockData=conID: 2 locID: 102696733712253535 bcsId: 0} | ret=SUCCESS |  
2019-08-28 21:29:57,167 | INFO  | DNAudit | user=null | ip=null | op=WRITE_CHUNK {blockData=conID: 2 locID: 102696733712253535 bcsId: 3926} | ret=SUCCESS |  
2019-08-28 21:29:57,167 | INFO  | DNAudit | user=null | ip=null | op=PUT_BLOCK {blockData=[blockId=conID: 2 locID: 102696733712253535 bcsId: 0,size=2097152]} | ret=SUCCESS |  
2019-08-28 21:29:57,167 | INFO  | DNAudit | user=null | ip=null | op=PUT_BLOCK {blockData=[blockId=conID: 2 locID: 102696733712253535 bcsId: 0,size=2097152]} | ret=SUCCESS |  
2019-08-28 21:29:57,180 | INFO  | DNAudit | user=null | ip=null | op=WRITE_CHUNK {blockData=conID: 2 locID: 102696733712253535 bcsId: 3926} | ret=SUCCESS |  
2019-08-28 21:29:57,180 | INFO  | DNAudit | user=null | ip=null | op=PUT_BLOCK {blockData=[blockId=conID: 2 locID: 102696733712253535 bcsId: 0,size=3145728]} | ret=SUCCESS |  
2019-08-28 21:29:57,181 [grpc-default-executor-3] INFO  client.GrpcClientProtocolClient (GrpcClientProtocolClient.java:onNext(255)) - client-05DA20D107F8->b461a7b0-028a-4eb5-b268-b89ac225aff8: receive RaftClientReply:client-05DA20D107F8->b461a7b0-028a-4eb5-b268-b89ac225aff8@group-0C8C0AA7542A, cid=2636, SUCCESS, logIndex=3931, commits[b461a7b0-028a-4eb5-b268-b89ac225aff8:c3932, b6ff45f5-67b8-463b-a273-c2e7d9dadd75:c3929, 6a5cb75f-f7eb-4671-9a85-3b6f7898f6cc:c3929]
2019-08-28 21:29:57,181 [grpc-default-executor-3] INFO  client.GrpcClientProtocolClient (GrpcClientProtocolClient.java:onNext(255)) - client-05DA20D107F8->b461a7b0-028a-4eb5-b268-b89ac225aff8: receive RaftClientReply:client-05DA20D107F8->b461a7b0-028a-4eb5-b268-b89ac225aff8@group-0C8C0AA7542A, cid=2637, SUCCESS, logIndex=3932, commits[b461a7b0-028a-4eb5-b268-b89ac225aff8:c3932, b6ff45f5-67b8-463b-a273-c2e7d9dadd75:c3929, 6a5cb75f-f7eb-4671-9a85-3b6f7898f6cc:c3929]
2019-08-28 21:29:57,187 | INFO  | DNAudit | user=null | ip=null | op=WRITE_CHUNK {blockData=conID: 2 locID: 102696733712253535 bcsId: 3926} | ret=SUCCESS |  
2019-08-28 21:29:57,188 | INFO  | DNAudit | user=null | ip=null | op=WRITE_CHUNK {blockData=conID: 2 locID: 102696733712253535 bcsId: 3926} | ret=SUCCESS |  
2019-08-28 21:29:57,188 | INFO  | DNAudit | user=null | ip=null | op=PUT_BLOCK {blockData=[blockId=conID: 2 locID: 102696733712253535 bcsId: 0,size=3145728]} | ret=SUCCESS |  
2019-08-28 21:29:57,188 | INFO  | DNAudit | user=null | ip=null | op=PUT_BLOCK {blockData=[blockId=conID: 2 locID: 102696733712253535 bcsId: 0,size=3145728]} | ret=SUCCESS |  
2019-08-28 21:29:57,188 | INFO  | DNAudit | user=null | ip=null | op=WRITE_CHUNK {blockData=conID: 2 locID: 102696733712253535 bcsId: 3932} | ret=SUCCESS |  
2019-08-28 21:29:57,191 | INFO  | DNAudit | user=null | ip=null | op=WRITE_CHUNK {blockData=conID: 2 locID: 102696733712253535 bcsId: 3932} | ret=SUCCESS |  
2019-08-28 21:29:57,192 | INFO  | DNAudit | user=null | ip=null | op=WRITE_CHUNK {blockData=conID: 2 locID: 102696733712253535 bcsId: 3932} | ret=SUCCESS |  
2019-08-28 21:29:57,195 | INFO  | DNAudit | user=null | ip=null | op=WRITE_CHUNK {blockData=conID: 2 locID: 102696733712253535 bcsId: 3932} | ret=SUCCESS |  
2019-08-28 21:29:57,195 | INFO  | DNAudit | user=null | ip=null | op=PUT_BLOCK {blockData=[blockId=conID: 2 locID: 102696733712253535 bcsId: 0,size=4194304]} | ret=SUCCESS |  
2019-08-28 21:29:57,195 [grpc-default-executor-5] INFO  client.GrpcClientProtocolClient (GrpcClientProtocolClient.java:onNext(255)) - client-05DA20D107F8->b461a7b0-028a-4eb5-b268-b89ac225aff8: receive RaftClientReply:client-05DA20D107F8->b461a7b0-028a-4eb5-b268-b89ac225aff8@group-0C8C0AA7542A, cid=2638, SUCCESS, logIndex=3935, commits[b461a7b0-028a-4eb5-b268-b89ac225aff8:c3936, b6ff45f5-67b8-463b-a273-c2e7d9dadd75:c3932, 6a5cb75f-f7eb-4671-9a85-3b6f7898f6cc:c3932]
2019-08-28 21:29:57,196 [grpc-default-executor-5] INFO  client.GrpcClientProtocolClient (GrpcClientProtocolClient.java:onNext(255)) - client-05DA20D107F8->b461a7b0-028a-4eb5-b268-b89ac225aff8: receive RaftClientReply:client-05DA20D107F8->b461a7b0-028a-4eb5-b268-b89ac225aff8@group-0C8C0AA7542A, cid=2639, SUCCESS, logIndex=3936, commits[b461a7b0-028a-4eb5-b268-b89ac225aff8:c3936, b6ff45f5-67b8-463b-a273-c2e7d9dadd75:c3932, 6a5cb75f-f7eb-4671-9a85-3b6f7898f6cc:c3932]
2019-08-28 21:29:57,197 | INFO  | DNAudit | user=null | ip=null | op=WRITE_CHUNK {blockData=conID: 2 locID: 102696733712253535 bcsId: 3932} | ret=SUCCESS |  
2019-08-28 21:29:57,197 | INFO  | DNAudit | user=null | ip=null | op=WRITE_CHUNK {blockData=conID: 2 locID: 102696733712253535 bcsId: 3932} | ret=SUCCESS |  
2019-08-28 21:29:57,198 | INFO  | DNAudit | user=null | ip=null | op=PUT_BLOCK {blockData=[blockId=conID: 2 locID: 102696733712253535 bcsId: 0,size=4194304]} | ret=SUCCESS |  
2019-08-28 21:29:57,198 | INFO  | DNAudit | user=null | ip=null | op=PUT_BLOCK {blockData=[blockId=conID: 2 locID: 102696733712253535 bcsId: 0,size=4194304]} | ret=SUCCESS |  
2019-08-28 21:29:57,199 [grpc-default-executor-5] INFO  client.GrpcClientProtocolClient (GrpcClientProtocolClient.java:onNext(255)) - client-05DA20D107F8->b461a7b0-028a-4eb5-b268-b89ac225aff8: receive RaftClientReply:client-05DA20D107F8->b461a7b0-028a-4eb5-b268-b89ac225aff8@group-0C8C0AA7542A, cid=2640, SUCCESS, logIndex=0, commits[b461a7b0-028a-4eb5-b268-b89ac225aff8:c3938, b6ff45f5-67b8-463b-a273-c2e7d9dadd75:c3936, 6a5cb75f-f7eb-4671-9a85-3b6f7898f6cc:c3936]
2019-08-28 21:29:57,204 | INFO  | SCMAudit | user=jenkins1000 | ip=127.0.0.1 | op=ALLOCATE_BLOCK {owner=a0140aad-a474-4492-a39d-25bd6167d9f0, size=4194304, type=RATIS, factor=THREE} | ret=SUCCESS |  
2019-08-28 21:29:57,206 | INFO  | OMAudit | user=jenkins1000 | ip=127.0.0.1 | op=ALLOCATE_BLOCK {volume=vol-0-08922, bucket=bucket-0-29862, key=key-0-31337, dataSize=0, replicationType=null, replicationFactor=null, keyLocationInfo=null, clientID=102696731548516754} | ret=SUCCESS |  
2019-08-28 21:29:57,214 | INFO  | DNAudit | user=null | ip=null | op=WRITE_CHUNK {blockData=conID: 3 locID: 102696733717561952 bcsId: 0} | ret=SUCCESS |  
2019-08-28 21:29:57,216 | INFO  | DNAudit | user=null | ip=null | op=WRITE_CHUNK {blockData=conID: 3 locID: 102696733717561952 bcsId: 0} | ret=SUCCESS |  
2019-08-28 21:29:57,216 | INFO  | DNAudit | user=null | ip=null | op=WRITE_CHUNK {blockData=conID: 3 locID: 102696733717561952 bcsId: 0} | ret=SUCCESS |  
2019-08-28 21:29:57,217 | INFO  | DNAudit | user=null | ip=null | op=WRITE_CHUNK {blockData=conID: 3 locID: 102696733717561952 bcsId: 0} | ret=SUCCESS |  
2019-08-28 21:29:57,218 | INFO  | DNAudit | user=null | ip=null | op=WRITE_CHUNK {blockData=conID: 3 locID: 102696733717561952 bcsId: 0} | ret=SUCCESS |  
2019-08-28 21:29:57,218 | INFO  | DNAudit | user=null | ip=null | op=WRITE_CHUNK {blockData=conID: 3 locID: 102696733717561952 bcsId: 0} | ret=SUCCESS |  
2019-08-28 21:29:57,221 | INFO  | DNAudit | user=null | ip=null | op=WRITE_CHUNK {blockData=conID: 3 locID: 102696733717561952 bcsId: 0} | ret=SUCCESS |  
2019-08-28 21:29:57,222 | INFO  | DNAudit | user=null | ip=null | op=PUT_BLOCK {blockData=[blockId=conID: 3 locID: 102696733717561952 bcsId: 0,size=1048576]} | ret=SUCCESS |  
2019-08-28 21:29:57,222 | INFO  | DNAudit | user=null | ip=null | op=WRITE_CHUNK {blockData=conID: 3 locID: 102696733717561952 bcsId: 0} | ret=SUCCESS |  
2019-08-28 21:29:57,222 [grpc-default-executor-5] INFO  client.GrpcClientProtocolClient (GrpcClientProtocolClient.java:onNext(255)) - client-05DA20D107F8->b461a7b0-028a-4eb5-b268-b89ac225aff8: receive RaftClientReply:client-05DA20D107F8->b461a7b0-028a-4eb5-b268-b89ac225aff8@group-0C8C0AA7542A, cid=2641, SUCCESS, logIndex=3939, commits[b461a7b0-028a-4eb5-b268-b89ac225aff8:c3940, b6ff45f5-67b8-463b-a273-c2e7d9dadd75:c3938, 6a5cb75f-f7eb-4671-9a85-3b6f7898f6cc:c3938]
2019-08-28 21:29:57,223 | INFO  | DNAudit | user=null | ip=null | op=PUT_BLOCK {blockData=[blockId=conID: 3 locID: 102696733717561952 bcsId: 0,size=2097152]} | ret=SUCCESS |  
2019-08-28 21:29:57,223 [grpc-default-executor-5] INFO  client.GrpcClientProtocolClient (GrpcClientProtocolClient.java:onNext(255)) - client-05DA20D107F8->b461a7b0-028a-4eb5-b268-b89ac225aff8: receive RaftClientReply:client-05DA20D107F8->b461a7b0-028a-4eb5-b268-b89ac225aff8@group-0C8C0AA7542A, cid=2642, SUCCESS, logIndex=3940, commits[b461a7b0-028a-4eb5-b268-b89ac225aff8:c3942, b6ff45f5-67b8-463b-a273-c2e7d9dadd75:c3938, 6a5cb75f-f7eb-4671-9a85-3b6f7898f6cc:c3938]
2019-08-28 21:29:57,223 [grpc-default-executor-5] INFO  client.GrpcClientProtocolClient (GrpcClientProtocolClient.java:onNext(255)) - client-05DA20D107F8->b461a7b0-028a-4eb5-b268-b89ac225aff8: receive RaftClientReply:client-05DA20D107F8->b461a7b0-028a-4eb5-b268-b89ac225aff8@group-0C8C0AA7542A, cid=2643, SUCCESS, logIndex=3941, commits[b461a7b0-028a-4eb5-b268-b89ac225aff8:c3942, b6ff45f5-67b8-463b-a273-c2e7d9dadd75:c3938, 6a5cb75f-f7eb-4671-9a85-3b6f7898f6cc:c3938]
2019-08-28 21:29:57,223 [grpc-default-executor-5] INFO  client.GrpcClientProtocolClient (GrpcClientProtocolClient.java:onNext(255)) - client-05DA20D107F8->b461a7b0-028a-4eb5-b268-b89ac225aff8: receive RaftClientReply:client-05DA20D107F8->b461a7b0-028a-4eb5-b268-b89ac225aff8@group-0C8C0AA7542A, cid=2644, SUCCESS, logIndex=3942, commits[b461a7b0-028a-4eb5-b268-b89ac225aff8:c3942, b6ff45f5-67b8-463b-a273-c2e7d9dadd75:c3938, 6a5cb75f-f7eb-4671-9a85-3b6f7898f6cc:c3938]
2019-08-28 21:29:57,224 | INFO  | DNAudit | user=null | ip=null | op=WRITE_CHUNK {blockData=conID: 3 locID: 102696733717561952 bcsId: 0} | ret=SUCCESS |  
2019-08-28 21:29:57,225 | INFO  | DNAudit | user=null | ip=null | op=WRITE_CHUNK {blockData=conID: 3 locID: 102696733717561952 bcsId: 0} | ret=SUCCESS |  
2019-08-28 21:29:57,225 | INFO  | DNAudit | user=null | ip=null | op=PUT_BLOCK {blockData=[blockId=conID: 3 locID: 102696733717561952 bcsId: 0,size=1048576]} | ret=SUCCESS |  
2019-08-28 21:29:57,225 | INFO  | DNAudit | user=null | ip=null | op=PUT_BLOCK {blockData=[blockId=conID: 3 locID: 102696733717561952 bcsId: 0,size=1048576]} | ret=SUCCESS |  
2019-08-28 21:29:57,225 [grpc-default-executor-5] INFO  client.GrpcClientProtocolClient (GrpcClientProtocolClient.java:onNext(255)) - client-05DA20D107F8->b461a7b0-028a-4eb5-b268-b89ac225aff8: receive RaftClientReply:client-05DA20D107F8->b461a7b0-028a-4eb5-b268-b89ac225aff8@group-0C8C0AA7542A, cid=2645, SUCCESS, logIndex=0, commits[b461a7b0-028a-4eb5-b268-b89ac225aff8:c3943, b6ff45f5-67b8-463b-a273-c2e7d9dadd75:c3940, 6a5cb75f-f7eb-4671-9a85-3b6f7898f6cc:c3940]
2019-08-28 21:29:57,232 | INFO  | DNAudit | user=null | ip=null | op=WRITE_CHUNK {blockData=conID: 3 locID: 102696733717561952 bcsId: 3942} | ret=SUCCESS |  
2019-08-28 21:29:57,234 | INFO  | DNAudit | user=null | ip=null | op=WRITE_CHUNK {blockData=conID: 3 locID: 102696733717561952 bcsId: 3942} | ret=SUCCESS |  
2019-08-28 21:29:57,234 | INFO  | DNAudit | user=null | ip=null | op=WRITE_CHUNK {blockData=conID: 3 locID: 102696733717561952 bcsId: 3942} | ret=SUCCESS |  
2019-08-28 21:29:57,237 | INFO  | DNAudit | user=null | ip=null | op=WRITE_CHUNK {blockData=conID: 3 locID: 102696733717561952 bcsId: 0} | ret=SUCCESS |  
2019-08-28 21:29:57,237 | INFO  | DNAudit | user=null | ip=null | op=PUT_BLOCK {blockData=[blockId=conID: 3 locID: 102696733717561952 bcsId: 0,size=2097152]} | ret=SUCCESS |  
2019-08-28 21:29:57,237 | INFO  | DNAudit | user=null | ip=null | op=WRITE_CHUNK {blockData=conID: 3 locID: 102696733717561952 bcsId: 0} | ret=SUCCESS |  
2019-08-28 21:29:57,238 | INFO  | DNAudit | user=null | ip=null | op=PUT_BLOCK {blockData=[blockId=conID: 3 locID: 102696733717561952 bcsId: 0,size=2097152]} | ret=SUCCESS |  
2019-08-28 21:29:57,239 | INFO  | DNAudit | user=null | ip=null | op=WRITE_CHUNK {blockData=conID: 3 locID: 102696733717561952 bcsId: 3942} | ret=SUCCESS |  
2019-08-28 21:29:57,239 | INFO  | DNAudit | user=null | ip=null | op=PUT_BLOCK {blockData=[blockId=conID: 3 locID: 102696733717561952 bcsId: 0,size=3145728]} | ret=SUCCESS |  
2019-08-28 21:29:57,240 [grpc-default-executor-6] INFO  client.GrpcClientProtocolClient (GrpcClientProtocolClient.java:onNext(255)) - client-05DA20D107F8->b461a7b0-028a-4eb5-b268-b89ac225aff8: receive RaftClientReply:client-05DA20D107F8->b461a7b0-028a-4eb5-b268-b89ac225aff8@group-0C8C0AA7542A, cid=2646, SUCCESS, logIndex=3947, commits[b461a7b0-028a-4eb5-b268-b89ac225aff8:c3948, b6ff45f5-67b8-463b-a273-c2e7d9dadd75:c3943, 6a5cb75f-f7eb-4671-9a85-3b6f7898f6cc:c3942]
2019-08-28 21:29:57,240 [grpc-default-executor-6] INFO  client.GrpcClientProtocolClient (GrpcClientProtocolClient.java:onNext(255)) - client-05DA20D107F8->b461a7b0-028a-4eb5-b268-b89ac225aff8: receive RaftClientReply:client-05DA20D107F8->b461a7b0-028a-4eb5-b268-b89ac225aff8@group-0C8C0AA7542A, cid=2647, SUCCESS, logIndex=3948, commits[b461a7b0-028a-4eb5-b268-b89ac225aff8:c3948, b6ff45f5-67b8-463b-a273-c2e7d9dadd75:c3943, 6a5cb75f-f7eb-4671-9a85-3b6f7898f6cc:c3943]
2019-08-28 21:29:57,245 | INFO  | DNAudit | user=null | ip=null | op=WRITE_CHUNK {blockData=conID: 3 locID: 102696733717561952 bcsId: 3942} | ret=SUCCESS |  
2019-08-28 21:29:57,245 | INFO  | DNAudit | user=null | ip=null | op=WRITE_CHUNK {blockData=conID: 3 locID: 102696733717561952 bcsId: 3942} | ret=SUCCESS |  
2019-08-28 21:29:57,245 | INFO  | DNAudit | user=null | ip=null | op=PUT_BLOCK {blockData=[blockId=conID: 3 locID: 102696733717561952 bcsId: 0,size=3145728]} | ret=SUCCESS |  
2019-08-28 21:29:57,245 | INFO  | DNAudit | user=null | ip=null | op=PUT_BLOCK {blockData=[blockId=conID: 3 locID: 102696733717561952 bcsId: 0,size=3145728]} | ret=SUCCESS |  
2019-08-28 21:29:57,247 | INFO  | DNAudit | user=null | ip=null | op=WRITE_CHUNK {blockData=conID: 3 locID: 102696733717561952 bcsId: 3948} | ret=SUCCESS |  
2019-08-28 21:29:57,249 | INFO  | DNAudit | user=null | ip=null | op=WRITE_CHUNK {blockData=conID: 3 locID: 102696733717561952 bcsId: 3948} | ret=SUCCESS |  
2019-08-28 21:29:57,249 | INFO  | DNAudit | user=null | ip=null | op=WRITE_CHUNK {blockData=conID: 3 locID: 102696733717561952 bcsId: 3948} | ret=SUCCESS |  
2019-08-28 21:29:57,256 | INFO  | DNAudit | user=null | ip=null | op=WRITE_CHUNK {blockData=conID: 3 locID: 102696733717561952 bcsId: 3948} | ret=SUCCESS |  
2019-08-28 21:29:57,256 | INFO  | DNAudit | user=null | ip=null | op=PUT_BLOCK {blockData=[blockId=conID: 3 locID: 102696733717561952 bcsId: 0,size=4194304]} | ret=SUCCESS |  
2019-08-28 21:29:57,257 [grpc-default-executor-5] INFO  client.GrpcClientProtocolClient (GrpcClientProtocolClient.java:onNext(255)) - client-05DA20D107F8->b461a7b0-028a-4eb5-b268-b89ac225aff8: receive RaftClientReply:client-05DA20D107F8->b461a7b0-028a-4eb5-b268-b89ac225aff8@group-0C8C0AA7542A, cid=2648, SUCCESS, logIndex=3951, commits[b461a7b0-028a-4eb5-b268-b89ac225aff8:c3951, b6ff45f5-67b8-463b-a273-c2e7d9dadd75:c3949, 6a5cb75f-f7eb-4671-9a85-3b6f7898f6cc:c3949]
2019-08-28 21:29:57,257 [grpc-default-executor-5] INFO  client.GrpcClientProtocolClient (GrpcClientProtocolClient.java:onNext(255)) - client-05DA20D107F8->b461a7b0-028a-4eb5-b268-b89ac225aff8: receive RaftClientReply:client-05DA20D107F8->b461a7b0-028a-4eb5-b268-b89ac225aff8@group-0C8C0AA7542A, cid=2649, SUCCESS, logIndex=3952, commits[b461a7b0-028a-4eb5-b268-b89ac225aff8:c3952, b6ff45f5-67b8-463b-a273-c2e7d9dadd75:c3949, 6a5cb75f-f7eb-4671-9a85-3b6f7898f6cc:c3949]
2019-08-28 21:29:57,260 | INFO  | DNAudit | user=null | ip=null | op=WRITE_CHUNK {blockData=conID: 3 locID: 102696733717561952 bcsId: 3948} | ret=SUCCESS |  
2019-08-28 21:29:57,260 | INFO  | DNAudit | user=null | ip=null | op=WRITE_CHUNK {blockData=conID: 3 locID: 102696733717561952 bcsId: 3948} | ret=SUCCESS |  
2019-08-28 21:29:57,261 | INFO  | DNAudit | user=null | ip=null | op=PUT_BLOCK {blockData=[blockId=conID: 3 locID: 102696733717561952 bcsId: 0,size=4194304]} | ret=SUCCESS |  
2019-08-28 21:29:57,261 | INFO  | DNAudit | user=null | ip=null | op=PUT_BLOCK {blockData=[blockId=conID: 3 locID: 102696733717561952 bcsId: 0,size=4194304]} | ret=SUCCESS |  
2019-08-28 21:29:57,262 [grpc-default-executor-5] INFO  client.GrpcClientProtocolClient (GrpcClientProtocolClient.java:onNext(255)) - client-05DA20D107F8->b461a7b0-028a-4eb5-b268-b89ac225aff8: receive RaftClientReply:client-05DA20D107F8->b461a7b0-028a-4eb5-b268-b89ac225aff8@group-0C8C0AA7542A, cid=2650, SUCCESS, logIndex=0, commits[b461a7b0-028a-4eb5-b268-b89ac225aff8:c3954, b6ff45f5-67b8-463b-a273-c2e7d9dadd75:c3952, 6a5cb75f-f7eb-4671-9a85-3b6f7898f6cc:c3952]
2019-08-28 21:29:57,267 | INFO  | SCMAudit | user=jenkins1000 | ip=127.0.0.1 | op=ALLOCATE_BLOCK {owner=a0140aad-a474-4492-a39d-25bd6167d9f0, size=4194304, type=RATIS, factor=THREE} | ret=SUCCESS |  
2019-08-28 21:29:57,270 | INFO  | OMAudit | user=jenkins1000 | ip=127.0.0.1 | op=ALLOCATE_BLOCK {volume=vol-0-08922, bucket=bucket-0-29862, key=key-0-31337, dataSize=0, replicationType=null, replicationFactor=null, keyLocationInfo=null, clientID=102696731548516754} | ret=SUCCESS |  
2019-08-28 21:29:57,278 | INFO  | DNAudit | user=null | ip=null | op=WRITE_CHUNK {blockData=conID: 1 locID: 102696733721690721 bcsId: 0} | ret=SUCCESS |  
2019-08-28 21:29:57,280 | INFO  | DNAudit | user=null | ip=null | op=WRITE_CHUNK {blockData=conID: 1 locID: 102696733721690721 bcsId: 0} | ret=SUCCESS |  
2019-08-28 21:29:57,280 | INFO  | DNAudit | user=null | ip=null | op=WRITE_CHUNK {blockData=conID: 1 locID: 102696733721690721 bcsId: 0} | ret=SUCCESS |  
2019-08-28 21:29:57,280 | INFO  | DNAudit | user=null | ip=null | op=WRITE_CHUNK {blockData=conID: 1 locID: 102696733721690721 bcsId: 0} | ret=SUCCESS |  
2019-08-28 21:29:57,281 | INFO  | DNAudit | user=null | ip=null | op=WRITE_CHUNK {blockData=conID: 1 locID: 102696733721690721 bcsId: 0} | ret=SUCCESS |  
2019-08-28 21:29:57,282 | INFO  | DNAudit | user=null | ip=null | op=WRITE_CHUNK {blockData=conID: 1 locID: 102696733721690721 bcsId: 0} | ret=SUCCESS |  
2019-08-28 21:29:57,291 | INFO  | DNAudit | user=null | ip=null | op=WRITE_CHUNK {blockData=conID: 1 locID: 102696733721690721 bcsId: 0} | ret=SUCCESS |  
2019-08-28 21:29:57,291 | INFO  | DNAudit | user=null | ip=null | op=PUT_BLOCK {blockData=[blockId=conID: 1 locID: 102696733721690721 bcsId: 0,size=1048576]} | ret=SUCCESS |  
2019-08-28 21:29:57,291 | INFO  | DNAudit | user=null | ip=null | op=WRITE_CHUNK {blockData=conID: 1 locID: 102696733721690721 bcsId: 0} | ret=SUCCESS |  
2019-08-28 21:29:57,292 | INFO  | DNAudit | user=null | ip=null | op=PUT_BLOCK {blockData=[blockId=conID: 1 locID: 102696733721690721 bcsId: 0,size=2097152]} | ret=SUCCESS |  
2019-08-28 21:29:57,292 [grpc-default-executor-6] INFO  client.GrpcClientProtocolClient (GrpcClientProtocolClient.java:onNext(255)) - client-05DA20D107F8->b461a7b0-028a-4eb5-b268-b89ac225aff8: receive RaftClientReply:client-05DA20D107F8->b461a7b0-028a-4eb5-b268-b89ac225aff8@group-0C8C0AA7542A, cid=2651, SUCCESS, logIndex=3955, commits[b461a7b0-028a-4eb5-b268-b89ac225aff8:c3957, b6ff45f5-67b8-463b-a273-c2e7d9dadd75:c3954, 6a5cb75f-f7eb-4671-9a85-3b6f7898f6cc:c3954]
2019-08-28 21:29:57,292 [grpc-default-executor-6] INFO  client.GrpcClientProtocolClient (GrpcClientProtocolClient.java:onNext(255)) - client-05DA20D107F8->b461a7b0-028a-4eb5-b268-b89ac225aff8: receive RaftClientReply:client-05DA20D107F8->b461a7b0-028a-4eb5-b268-b89ac225aff8@group-0C8C0AA7542A, cid=2652, SUCCESS, logIndex=3956, commits[b461a7b0-028a-4eb5-b268-b89ac225aff8:c3958, b6ff45f5-67b8-463b-a273-c2e7d9dadd75:c3954, 6a5cb75f-f7eb-4671-9a85-3b6f7898f6cc:c3954]
2019-08-28 21:29:57,292 [grpc-default-executor-6] INFO  client.GrpcClientProtocolClient (GrpcClientProtocolClient.java:onNext(255)) - client-05DA20D107F8->b461a7b0-028a-4eb5-b268-b89ac225aff8: receive RaftClientReply:client-05DA20D107F8->b461a7b0-028a-4eb5-b268-b89ac225aff8@group-0C8C0AA7542A, cid=2653, SUCCESS, logIndex=3957, commits[b461a7b0-028a-4eb5-b268-b89ac225aff8:c3958, b6ff45f5-67b8-463b-a273-c2e7d9dadd75:c3954, 6a5cb75f-f7eb-4671-9a85-3b6f7898f6cc:c3954]
2019-08-28 21:29:57,293 [grpc-default-executor-6] INFO  client.GrpcClientProtocolClient (GrpcClientProtocolClient.java:onNext(255)) - client-05DA20D107F8->b461a7b0-028a-4eb5-b268-b89ac225aff8: receive RaftClientReply:client-05DA20D107F8->b461a7b0-028a-4eb5-b268-b89ac225aff8@group-0C8C0AA7542A, cid=2654, SUCCESS, logIndex=3958, commits[b461a7b0-028a-4eb5-b268-b89ac225aff8:c3958, b6ff45f5-67b8-463b-a273-c2e7d9dadd75:c3954, 6a5cb75f-f7eb-4671-9a85-3b6f7898f6cc:c3954]
2019-08-28 21:29:57,302 | INFO  | DNAudit | user=null | ip=null | op=WRITE_CHUNK {blockData=conID: 1 locID: 102696733721690721 bcsId: 0} | ret=SUCCESS |  
2019-08-28 21:29:57,302 | INFO  | DNAudit | user=null | ip=null | op=WRITE_CHUNK {blockData=conID: 1 locID: 102696733721690721 bcsId: 0} | ret=SUCCESS |  
2019-08-28 21:29:57,302 | INFO  | DNAudit | user=null | ip=null | op=PUT_BLOCK {blockData=[blockId=conID: 1 locID: 102696733721690721 bcsId: 0,size=1048576]} | ret=SUCCESS |  
2019-08-28 21:29:57,302 | INFO  | DNAudit | user=null | ip=null | op=WRITE_CHUNK {blockData=conID: 1 locID: 102696733721690721 bcsId: 0} | ret=SUCCESS |  
2019-08-28 21:29:57,305 | INFO  | DNAudit | user=null | ip=null | op=PUT_BLOCK {blockData=[blockId=conID: 1 locID: 102696733721690721 bcsId: 0,size=1048576]} | ret=SUCCESS |  
2019-08-28 21:29:57,305 | INFO  | DNAudit | user=null | ip=null | op=PUT_BLOCK {blockData=[blockId=conID: 1 locID: 102696733721690721 bcsId: 0,size=2097152]} | ret=SUCCESS |  
2019-08-28 21:29:57,305 | INFO  | DNAudit | user=null | ip=null | op=WRITE_CHUNK {blockData=conID: 1 locID: 102696733721690721 bcsId: 0} | ret=SUCCESS |  
2019-08-28 21:29:57,305 | INFO  | DNAudit | user=null | ip=null | op=PUT_BLOCK {blockData=[blockId=conID: 1 locID: 102696733721690721 bcsId: 0,size=2097152]} | ret=SUCCESS |  
2019-08-28 21:29:57,305 [grpc-default-executor-6] INFO  client.GrpcClientProtocolClient (GrpcClientProtocolClient.java:onNext(255)) - client-05DA20D107F8->b461a7b0-028a-4eb5-b268-b89ac225aff8: receive RaftClientReply:client-05DA20D107F8->b461a7b0-028a-4eb5-b268-b89ac225aff8@group-0C8C0AA7542A, cid=2655, SUCCESS, logIndex=0, commits[b461a7b0-028a-4eb5-b268-b89ac225aff8:c3961, b6ff45f5-67b8-463b-a273-c2e7d9dadd75:c3956, 6a5cb75f-f7eb-4671-9a85-3b6f7898f6cc:c3957]
2019-08-28 21:29:57,311 | INFO  | DNAudit | user=null | ip=null | op=WRITE_CHUNK {blockData=conID: 1 locID: 102696733721690721 bcsId: 3958} | ret=SUCCESS |  
2019-08-28 21:29:57,313 | INFO  | DNAudit | user=null | ip=null | op=WRITE_CHUNK {blockData=conID: 1 locID: 102696733721690721 bcsId: 3958} | ret=SUCCESS |  
2019-08-28 21:29:57,313 | INFO  | DNAudit | user=null | ip=null | op=WRITE_CHUNK {blockData=conID: 1 locID: 102696733721690721 bcsId: 3958} | ret=SUCCESS |  
2019-08-28 21:29:57,327 | INFO  | DNAudit | user=null | ip=null | op=WRITE_CHUNK {blockData=conID: 1 locID: 102696733721690721 bcsId: 3958} | ret=SUCCESS |  
2019-08-28 21:29:57,327 | INFO  | DNAudit | user=null | ip=null | op=PUT_BLOCK {blockData=[blockId=conID: 1 locID: 102696733721690721 bcsId: 0,size=3145728]} | ret=SUCCESS |  
2019-08-28 21:29:57,327 [grpc-default-executor-5] INFO  client.GrpcClientProtocolClient (GrpcClientProtocolClient.java:onNext(255)) - client-05DA20D107F8->b461a7b0-028a-4eb5-b268-b89ac225aff8: receive RaftClientReply:client-05DA20D107F8->b461a7b0-028a-4eb5-b268-b89ac225aff8@group-0C8C0AA7542A, cid=2656, SUCCESS, logIndex=3963, commits[b461a7b0-028a-4eb5-b268-b89ac225aff8:c3964, b6ff45f5-67b8-463b-a273-c2e7d9dadd75:c3962, 6a5cb75f-f7eb-4671-9a85-3b6f7898f6cc:c3962]
2019-08-28 21:29:57,328 [grpc-default-executor-5] INFO  client.GrpcClientProtocolClient (GrpcClientProtocolClient.java:onNext(255)) - client-05DA20D107F8->b461a7b0-028a-4eb5-b268-b89ac225aff8: receive RaftClientReply:client-05DA20D107F8->b461a7b0-028a-4eb5-b268-b89ac225aff8@group-0C8C0AA7542A, cid=2657, SUCCESS, logIndex=3964, commits[b461a7b0-028a-4eb5-b268-b89ac225aff8:c3964, b6ff45f5-67b8-463b-a273-c2e7d9dadd75:c3962, 6a5cb75f-f7eb-4671-9a85-3b6f7898f6cc:c3962]
2019-08-28 21:29:57,332 | INFO  | DNAudit | user=null | ip=null | op=WRITE_CHUNK {blockData=conID: 1 locID: 102696733721690721 bcsId: 3958} | ret=SUCCESS |  
2019-08-28 21:29:57,332 | INFO  | DNAudit | user=null | ip=null | op=WRITE_CHUNK {blockData=conID: 1 locID: 102696733721690721 bcsId: 3958} | ret=SUCCESS |  
2019-08-28 21:29:57,333 | INFO  | DNAudit | user=null | ip=null | op=WRITE_CHUNK {blockData=conID: 1 locID: 102696733721690721 bcsId: 3964} | ret=SUCCESS |  
2019-08-28 21:29:57,335 | INFO  | DNAudit | user=null | ip=null | op=PUT_BLOCK {blockData=[blockId=conID: 1 locID: 102696733721690721 bcsId: 0,size=3145728]} | ret=SUCCESS |  
2019-08-28 21:29:57,335 | INFO  | DNAudit | user=null | ip=null | op=PUT_BLOCK {blockData=[blockId=conID: 1 locID: 102696733721690721 bcsId: 0,size=3145728]} | ret=SUCCESS |  
2019-08-28 21:29:57,336 | INFO  | DNAudit | user=null | ip=null | op=WRITE_CHUNK {blockData=conID: 1 locID: 102696733721690721 bcsId: 3964} | ret=SUCCESS |  
2019-08-28 21:29:57,336 | INFO  | DNAudit | user=null | ip=null | op=WRITE_CHUNK {blockData=conID: 1 locID: 102696733721690721 bcsId: 3964} | ret=SUCCESS |  
2019-08-28 21:29:57,346 | INFO  | DNAudit | user=null | ip=null | op=WRITE_CHUNK {blockData=conID: 1 locID: 102696733721690721 bcsId: 3964} | ret=SUCCESS |  
2019-08-28 21:29:57,346 | INFO  | DNAudit | user=null | ip=null | op=PUT_BLOCK {blockData=[blockId=conID: 1 locID: 102696733721690721 bcsId: 0,size=4194304]} | ret=SUCCESS |  
2019-08-28 21:29:57,346 [grpc-default-executor-1] INFO  client.GrpcClientProtocolClient (GrpcClientProtocolClient.java:onNext(255)) - client-05DA20D107F8->b461a7b0-028a-4eb5-b268-b89ac225aff8: receive RaftClientReply:client-05DA20D107F8->b461a7b0-028a-4eb5-b268-b89ac225aff8@group-0C8C0AA7542A, cid=2658, SUCCESS, logIndex=3967, commits[b461a7b0-028a-4eb5-b268-b89ac225aff8:c3968, b6ff45f5-67b8-463b-a273-c2e7d9dadd75:c3965, 6a5cb75f-f7eb-4671-9a85-3b6f7898f6cc:c3965]
2019-08-28 21:29:57,347 [grpc-default-executor-1] INFO  client.GrpcClientProtocolClient (GrpcClientProtocolClient.java:onNext(255)) - client-05DA20D107F8->b461a7b0-028a-4eb5-b268-b89ac225aff8: receive RaftClientReply:client-05DA20D107F8->b461a7b0-028a-4eb5-b268-b89ac225aff8@group-0C8C0AA7542A, cid=2659, SUCCESS, logIndex=3968, commits[b461a7b0-028a-4eb5-b268-b89ac225aff8:c3968, b6ff45f5-67b8-463b-a273-c2e7d9dadd75:c3965, 6a5cb75f-f7eb-4671-9a85-3b6f7898f6cc:c3965]
2019-08-28 21:29:57,349 | INFO  | DNAudit | user=null | ip=null | op=WRITE_CHUNK {blockData=conID: 1 locID: 102696733721690721 bcsId: 3964} | ret=SUCCESS |  
2019-08-28 21:29:57,349 | INFO  | DNAudit | user=null | ip=null | op=WRITE_CHUNK {blockData=conID: 1 locID: 102696733721690721 bcsId: 3964} | ret=SUCCESS |  
2019-08-28 21:29:57,352 | INFO  | DNAudit | user=null | ip=null | op=PUT_BLOCK {blockData=[blockId=conID: 1 locID: 102696733721690721 bcsId: 0,size=4194304]} | ret=SUCCESS |  
2019-08-28 21:29:57,352 | INFO  | DNAudit | user=null | ip=null | op=PUT_BLOCK {blockData=[blockId=conID: 1 locID: 102696733721690721 bcsId: 0,size=4194304]} | ret=SUCCESS |  
2019-08-28 21:29:57,353 [grpc-default-executor-1] INFO  client.GrpcClientProtocolClient (GrpcClientProtocolClient.java:onNext(255)) - client-05DA20D107F8->b461a7b0-028a-4eb5-b268-b89ac225aff8: receive RaftClientReply:client-05DA20D107F8->b461a7b0-028a-4eb5-b268-b89ac225aff8@group-0C8C0AA7542A, cid=2660, SUCCESS, logIndex=0, commits[b461a7b0-028a-4eb5-b268-b89ac225aff8:c3970, b6ff45f5-67b8-463b-a273-c2e7d9dadd75:c3968, 6a5cb75f-f7eb-4671-9a85-3b6f7898f6cc:c3968]
2019-08-28 21:29:57,357 | INFO  | SCMAudit | user=jenkins1000 | ip=127.0.0.1 | op=ALLOCATE_BLOCK {owner=a0140aad-a474-4492-a39d-25bd6167d9f0, size=4194304, type=RATIS, factor=THREE} | ret=SUCCESS |  
2019-08-28 21:29:57,360 | INFO  | OMAudit | user=jenkins1000 | ip=127.0.0.1 | op=ALLOCATE_BLOCK {volume=vol-0-08922, bucket=bucket-0-29862, key=key-0-31337, dataSize=0, replicationType=null, replicationFactor=null, keyLocationInfo=null, clientID=102696731548516754} | ret=SUCCESS |  
2019-08-28 21:29:57,366 | INFO  | DNAudit | user=null | ip=null | op=WRITE_CHUNK {blockData=conID: 2 locID: 102696733727588962 bcsId: 0} | ret=SUCCESS |  
2019-08-28 21:29:57,367 | INFO  | DNAudit | user=null | ip=null | op=WRITE_CHUNK {blockData=conID: 2 locID: 102696733727588962 bcsId: 0} | ret=SUCCESS |  
2019-08-28 21:29:57,369 | INFO  | DNAudit | user=null | ip=null | op=WRITE_CHUNK {blockData=conID: 2 locID: 102696733727588962 bcsId: 0} | ret=SUCCESS |  
2019-08-28 21:29:57,369 | INFO  | DNAudit | user=null | ip=null | op=WRITE_CHUNK {blockData=conID: 2 locID: 102696733727588962 bcsId: 0} | ret=SUCCESS |  
2019-08-28 21:29:57,369 | INFO  | DNAudit | user=null | ip=null | op=WRITE_CHUNK {blockData=conID: 2 locID: 102696733727588962 bcsId: 0} | ret=SUCCESS |  
2019-08-28 21:29:57,370 | INFO  | DNAudit | user=null | ip=null | op=WRITE_CHUNK {blockData=conID: 2 locID: 102696733727588962 bcsId: 0} | ret=SUCCESS |  
2019-08-28 21:29:57,376 | INFO  | DNAudit | user=null | ip=null | op=WRITE_CHUNK {blockData=conID: 2 locID: 102696733727588962 bcsId: 0} | ret=SUCCESS |  
2019-08-28 21:29:57,376 | INFO  | DNAudit | user=null | ip=null | op=PUT_BLOCK {blockData=[blockId=conID: 2 locID: 102696733727588962 bcsId: 0,size=1048576]} | ret=SUCCESS |  
2019-08-28 21:29:57,376 | INFO  | DNAudit | user=null | ip=null | op=WRITE_CHUNK {blockData=conID: 2 locID: 102696733727588962 bcsId: 0} | ret=SUCCESS |  
2019-08-28 21:29:57,376 [grpc-default-executor-1] INFO  client.GrpcClientProtocolClient (GrpcClientProtocolClient.java:onNext(255)) - client-05DA20D107F8->b461a7b0-028a-4eb5-b268-b89ac225aff8: receive RaftClientReply:client-05DA20D107F8->b461a7b0-028a-4eb5-b268-b89ac225aff8@group-0C8C0AA7542A, cid=2661, SUCCESS, logIndex=3971, commits[b461a7b0-028a-4eb5-b268-b89ac225aff8:c3972, b6ff45f5-67b8-463b-a273-c2e7d9dadd75:c3970, 6a5cb75f-f7eb-4671-9a85-3b6f7898f6cc:c3970]
2019-08-28 21:29:57,377 | INFO  | DNAudit | user=null | ip=null | op=PUT_BLOCK {blockData=[blockId=conID: 2 locID: 102696733727588962 bcsId: 0,size=2097152]} | ret=SUCCESS |  
2019-08-28 21:29:57,377 [grpc-default-executor-1] INFO  client.GrpcClientProtocolClient (GrpcClientProtocolClient.java:onNext(255)) - client-05DA20D107F8->b461a7b0-028a-4eb5-b268-b89ac225aff8: receive RaftClientReply:client-05DA20D107F8->b461a7b0-028a-4eb5-b268-b89ac225aff8@group-0C8C0AA7542A, cid=2662, SUCCESS, logIndex=3972, commits[b461a7b0-028a-4eb5-b268-b89ac225aff8:c3974, b6ff45f5-67b8-463b-a273-c2e7d9dadd75:c3970, 6a5cb75f-f7eb-4671-9a85-3b6f7898f6cc:c3970]
2019-08-28 21:29:57,377 [grpc-default-executor-1] INFO  client.GrpcClientProtocolClient (GrpcClientProtocolClient.java:onNext(255)) - client-05DA20D107F8->b461a7b0-028a-4eb5-b268-b89ac225aff8: receive RaftClientReply:client-05DA20D107F8->b461a7b0-028a-4eb5-b268-b89ac225aff8@group-0C8C0AA7542A, cid=2663, SUCCESS, logIndex=3973, commits[b461a7b0-028a-4eb5-b268-b89ac225aff8:c3974, b6ff45f5-67b8-463b-a273-c2e7d9dadd75:c3970, 6a5cb75f-f7eb-4671-9a85-3b6f7898f6cc:c3970]
2019-08-28 21:29:57,377 [grpc-default-executor-1] INFO  client.GrpcClientProtocolClient (GrpcClientProtocolClient.java:onNext(255)) - client-05DA20D107F8->b461a7b0-028a-4eb5-b268-b89ac225aff8: receive RaftClientReply:client-05DA20D107F8->b461a7b0-028a-4eb5-b268-b89ac225aff8@group-0C8C0AA7542A, cid=2664, SUCCESS, logIndex=3974, commits[b461a7b0-028a-4eb5-b268-b89ac225aff8:c3974, b6ff45f5-67b8-463b-a273-c2e7d9dadd75:c3970, 6a5cb75f-f7eb-4671-9a85-3b6f7898f6cc:c3970]
2019-08-28 21:29:57,389 | INFO  | DNAudit | user=null | ip=null | op=WRITE_CHUNK {blockData=conID: 2 locID: 102696733727588962 bcsId: 0} | ret=SUCCESS |  
2019-08-28 21:29:57,389 | INFO  | DNAudit | user=null | ip=null | op=WRITE_CHUNK {blockData=conID: 2 locID: 102696733727588962 bcsId: 0} | ret=SUCCESS |  
2019-08-28 21:29:57,389 | INFO  | DNAudit | user=null | ip=null | op=PUT_BLOCK {blockData=[blockId=conID: 2 locID: 102696733727588962 bcsId: 0,size=1048576]} | ret=SUCCESS |  
2019-08-28 21:29:57,396 | INFO  | DNAudit | user=null | ip=null | op=WRITE_CHUNK {blockData=conID: 2 locID: 102696733727588962 bcsId: 0} | ret=SUCCESS |  
2019-08-28 21:29:57,396 | INFO  | DNAudit | user=null | ip=null | op=PUT_BLOCK {blockData=[blockId=conID: 2 locID: 102696733727588962 bcsId: 0,size=1048576]} | ret=SUCCESS |  
2019-08-28 21:29:57,396 | INFO  | DNAudit | user=null | ip=null | op=PUT_BLOCK {blockData=[blockId=conID: 2 locID: 102696733727588962 bcsId: 0,size=2097152]} | ret=SUCCESS |  
2019-08-28 21:29:57,396 | INFO  | DNAudit | user=null | ip=null | op=WRITE_CHUNK {blockData=conID: 2 locID: 102696733727588962 bcsId: 0} | ret=SUCCESS |  
2019-08-28 21:29:57,396 | INFO  | DNAudit | user=null | ip=null | op=PUT_BLOCK {blockData=[blockId=conID: 2 locID: 102696733727588962 bcsId: 0,size=2097152]} | ret=SUCCESS |  
2019-08-28 21:29:57,396 [grpc-default-executor-6] INFO  client.GrpcClientProtocolClient (GrpcClientProtocolClient.java:onNext(255)) - client-05DA20D107F8->b461a7b0-028a-4eb5-b268-b89ac225aff8: receive RaftClientReply:client-05DA20D107F8->b461a7b0-028a-4eb5-b268-b89ac225aff8@group-0C8C0AA7542A, cid=2665, SUCCESS, logIndex=0, commits[b461a7b0-028a-4eb5-b268-b89ac225aff8:c3977, b6ff45f5-67b8-463b-a273-c2e7d9dadd75:c3973, 6a5cb75f-f7eb-4671-9a85-3b6f7898f6cc:c3972]
2019-08-28 21:29:57,402 | INFO  | DNAudit | user=null | ip=null | op=WRITE_CHUNK {blockData=conID: 2 locID: 102696733727588962 bcsId: 3974} | ret=SUCCESS |  
2019-08-28 21:29:57,404 | INFO  | DNAudit | user=null | ip=null | op=WRITE_CHUNK {blockData=conID: 2 locID: 102696733727588962 bcsId: 3974} | ret=SUCCESS |  
2019-08-28 21:29:57,404 | INFO  | DNAudit | user=null | ip=null | op=WRITE_CHUNK {blockData=conID: 2 locID: 102696733727588962 bcsId: 3974} | ret=SUCCESS |  
2019-08-28 21:29:57,408 | INFO  | DNAudit | user=null | ip=null | op=WRITE_CHUNK {blockData=conID: 2 locID: 102696733727588962 bcsId: 3974} | ret=SUCCESS |  
2019-08-28 21:29:57,408 | INFO  | DNAudit | user=null | ip=null | op=PUT_BLOCK {blockData=[blockId=conID: 2 locID: 102696733727588962 bcsId: 0,size=3145728]} | ret=SUCCESS |  
2019-08-28 21:29:57,408 [grpc-default-executor-6] INFO  client.GrpcClientProtocolClient (GrpcClientProtocolClient.java:onNext(255)) - client-05DA20D107F8->b461a7b0-028a-4eb5-b268-b89ac225aff8: receive RaftClientReply:client-05DA20D107F8->b461a7b0-028a-4eb5-b268-b89ac225aff8@group-0C8C0AA7542A, cid=2666, SUCCESS, logIndex=3979, commits[b461a7b0-028a-4eb5-b268-b89ac225aff8:c3980, b6ff45f5-67b8-463b-a273-c2e7d9dadd75:c3978, 6a5cb75f-f7eb-4671-9a85-3b6f7898f6cc:c3978]
2019-08-28 21:29:57,408 [grpc-default-executor-6] INFO  client.GrpcClientProtocolClient (GrpcClientProtocolClient.java:onNext(255)) - client-05DA20D107F8->b461a7b0-028a-4eb5-b268-b89ac225aff8: receive RaftClientReply:client-05DA20D107F8->b461a7b0-028a-4eb5-b268-b89ac225aff8@group-0C8C0AA7542A, cid=2667, SUCCESS, logIndex=3980, commits[b461a7b0-028a-4eb5-b268-b89ac225aff8:c3980, b6ff45f5-67b8-463b-a273-c2e7d9dadd75:c3978, 6a5cb75f-f7eb-4671-9a85-3b6f7898f6cc:c3978]
2019-08-28 21:29:57,414 | INFO  | DNAudit | user=null | ip=null | op=WRITE_CHUNK {blockData=conID: 2 locID: 102696733727588962 bcsId: 3980} | ret=SUCCESS |  
2019-08-28 21:29:57,416 | INFO  | DNAudit | user=null | ip=null | op=WRITE_CHUNK {blockData=conID: 2 locID: 102696733727588962 bcsId: 3980} | ret=SUCCESS |  
2019-08-28 21:29:57,416 | INFO  | DNAudit | user=null | ip=null | op=WRITE_CHUNK {blockData=conID: 2 locID: 102696733727588962 bcsId: 3974} | ret=SUCCESS |  
2019-08-28 21:29:57,416 | INFO  | DNAudit | user=null | ip=null | op=WRITE_CHUNK {blockData=conID: 2 locID: 102696733727588962 bcsId: 3974} | ret=SUCCESS |  
2019-08-28 21:29:57,416 | INFO  | DNAudit | user=null | ip=null | op=WRITE_CHUNK {blockData=conID: 2 locID: 102696733727588962 bcsId: 3980} | ret=SUCCESS |  
2019-08-28 21:29:57,417 | INFO  | DNAudit | user=null | ip=null | op=PUT_BLOCK {blockData=[blockId=conID: 2 locID: 102696733727588962 bcsId: 0,size=3145728]} | ret=SUCCESS |  
2019-08-28 21:29:57,418 | INFO  | DNAudit | user=null | ip=null | op=WRITE_CHUNK {blockData=conID: 2 locID: 102696733727588962 bcsId: 3980} | ret=SUCCESS |  
2019-08-28 21:29:57,418 | INFO  | DNAudit | user=null | ip=null | op=PUT_BLOCK {blockData=[blockId=conID: 2 locID: 102696733727588962 bcsId: 0,size=3145728]} | ret=SUCCESS |  
2019-08-28 21:29:57,418 | INFO  | DNAudit | user=null | ip=null | op=PUT_BLOCK {blockData=[blockId=conID: 2 locID: 102696733727588962 bcsId: 0,size=4194304]} | ret=SUCCESS |  
2019-08-28 21:29:57,418 [grpc-default-executor-5] INFO  client.GrpcClientProtocolClient (GrpcClientProtocolClient.java:onNext(255)) - client-05DA20D107F8->b461a7b0-028a-4eb5-b268-b89ac225aff8: receive RaftClientReply:client-05DA20D107F8->b461a7b0-028a-4eb5-b268-b89ac225aff8@group-0C8C0AA7542A, cid=2668, SUCCESS, logIndex=3983, commits[b461a7b0-028a-4eb5-b268-b89ac225aff8:c3984, b6ff45f5-67b8-463b-a273-c2e7d9dadd75:c3980, 6a5cb75f-f7eb-4671-9a85-3b6f7898f6cc:c3979]
2019-08-28 21:29:57,419 [grpc-default-executor-5] INFO  client.GrpcClientProtocolClient (GrpcClientProtocolClient.java:onNext(255)) - client-05DA20D107F8->b461a7b0-028a-4eb5-b268-b89ac225aff8: receive RaftClientReply:client-05DA20D107F8->b461a7b0-028a-4eb5-b268-b89ac225aff8@group-0C8C0AA7542A, cid=2669, SUCCESS, logIndex=3984, commits[b461a7b0-028a-4eb5-b268-b89ac225aff8:c3984, b6ff45f5-67b8-463b-a273-c2e7d9dadd75:c3980, 6a5cb75f-f7eb-4671-9a85-3b6f7898f6cc:c3980]
2019-08-28 21:29:57,431 | INFO  | DNAudit | user=null | ip=null | op=WRITE_CHUNK {blockData=conID: 2 locID: 102696733727588962 bcsId: 3980} | ret=SUCCESS |  
2019-08-28 21:29:57,431 | INFO  | DNAudit | user=null | ip=null | op=WRITE_CHUNK {blockData=conID: 2 locID: 102696733727588962 bcsId: 3980} | ret=SUCCESS |  
2019-08-28 21:29:57,431 | INFO  | DNAudit | user=null | ip=null | op=PUT_BLOCK {blockData=[blockId=conID: 2 locID: 102696733727588962 bcsId: 0,size=4194304]} | ret=SUCCESS |  
2019-08-28 21:29:57,432 | INFO  | DNAudit | user=null | ip=null | op=PUT_BLOCK {blockData=[blockId=conID: 2 locID: 102696733727588962 bcsId: 0,size=4194304]} | ret=SUCCESS |  
2019-08-28 21:29:57,432 [grpc-default-executor-6] INFO  client.GrpcClientProtocolClient (GrpcClientProtocolClient.java:onNext(255)) - client-05DA20D107F8->b461a7b0-028a-4eb5-b268-b89ac225aff8: receive RaftClientReply:client-05DA20D107F8->b461a7b0-028a-4eb5-b268-b89ac225aff8@group-0C8C0AA7542A, cid=2670, SUCCESS, logIndex=0, commits[b461a7b0-028a-4eb5-b268-b89ac225aff8:c3986, b6ff45f5-67b8-463b-a273-c2e7d9dadd75:c3984, 6a5cb75f-f7eb-4671-9a85-3b6f7898f6cc:c3984]
2019-08-28 21:29:57,436 | INFO  | SCMAudit | user=jenkins1000 | ip=127.0.0.1 | op=ALLOCATE_BLOCK {owner=a0140aad-a474-4492-a39d-25bd6167d9f0, size=4194304, type=RATIS, factor=THREE} | ret=SUCCESS |  
2019-08-28 21:29:57,439 | INFO  | OMAudit | user=jenkins1000 | ip=127.0.0.1 | op=ALLOCATE_BLOCK {volume=vol-0-08922, bucket=bucket-0-29862, key=key-0-31337, dataSize=0, replicationType=null, replicationFactor=null, keyLocationInfo=null, clientID=102696731548516754} | ret=SUCCESS |  
2019-08-28 21:29:57,445 | INFO  | DNAudit | user=null | ip=null | op=WRITE_CHUNK {blockData=conID: 3 locID: 102696733732766307 bcsId: 0} | ret=SUCCESS |  
2019-08-28 21:29:57,448 | INFO  | DNAudit | user=null | ip=null | op=WRITE_CHUNK {blockData=conID: 3 locID: 102696733732766307 bcsId: 0} | ret=SUCCESS |  
2019-08-28 21:29:57,448 | INFO  | DNAudit | user=null | ip=null | op=WRITE_CHUNK {blockData=conID: 3 locID: 102696733732766307 bcsId: 0} | ret=SUCCESS |  
2019-08-28 21:29:57,448 | INFO  | DNAudit | user=null | ip=null | op=WRITE_CHUNK {blockData=conID: 3 locID: 102696733732766307 bcsId: 0} | ret=SUCCESS |  
2019-08-28 21:29:57,449 | INFO  | DNAudit | user=null | ip=null | op=WRITE_CHUNK {blockData=conID: 3 locID: 102696733732766307 bcsId: 0} | ret=SUCCESS |  
2019-08-28 21:29:57,449 | INFO  | DNAudit | user=null | ip=null | op=WRITE_CHUNK {blockData=conID: 3 locID: 102696733732766307 bcsId: 0} | ret=SUCCESS |  
2019-08-28 21:29:57,464 | INFO  | DNAudit | user=null | ip=null | op=WRITE_CHUNK {blockData=conID: 3 locID: 102696733732766307 bcsId: 0} | ret=SUCCESS |  
2019-08-28 21:29:57,465 | INFO  | DNAudit | user=null | ip=null | op=PUT_BLOCK {blockData=[blockId=conID: 3 locID: 102696733732766307 bcsId: 0,size=1048576]} | ret=SUCCESS |  
2019-08-28 21:29:57,465 [grpc-default-executor-5] INFO  client.GrpcClientProtocolClient (GrpcClientProtocolClient.java:onNext(255)) - client-05DA20D107F8->b461a7b0-028a-4eb5-b268-b89ac225aff8: receive RaftClientReply:client-05DA20D107F8->b461a7b0-028a-4eb5-b268-b89ac225aff8@group-0C8C0AA7542A, cid=2671, SUCCESS, logIndex=3987, commits[b461a7b0-028a-4eb5-b268-b89ac225aff8:c3990, b6ff45f5-67b8-463b-a273-c2e7d9dadd75:c3986, 6a5cb75f-f7eb-4671-9a85-3b6f7898f6cc:c3986]
2019-08-28 21:29:57,465 | INFO  | DNAudit | user=null | ip=null | op=WRITE_CHUNK {blockData=conID: 3 locID: 102696733732766307 bcsId: 0} | ret=SUCCESS |  
2019-08-28 21:29:57,465 [grpc-default-executor-5] INFO  client.GrpcClientProtocolClient (GrpcClientProtocolClient.java:onNext(255)) - client-05DA20D107F8->b461a7b0-028a-4eb5-b268-b89ac225aff8: receive RaftClientReply:client-05DA20D107F8->b461a7b0-028a-4eb5-b268-b89ac225aff8@group-0C8C0AA7542A, cid=2672, SUCCESS, logIndex=3988, commits[b461a7b0-028a-4eb5-b268-b89ac225aff8:c3990, b6ff45f5-67b8-463b-a273-c2e7d9dadd75:c3986, 6a5cb75f-f7eb-4671-9a85-3b6f7898f6cc:c3986]
2019-08-28 21:29:57,465 | INFO  | DNAudit | user=null | ip=null | op=PUT_BLOCK {blockData=[blockId=conID: 3 locID: 102696733732766307 bcsId: 0,size=2097152]} | ret=SUCCESS |  
2019-08-28 21:29:57,466 [grpc-default-executor-5] INFO  client.GrpcClientProtocolClient (GrpcClientProtocolClient.java:onNext(255)) - client-05DA20D107F8->b461a7b0-028a-4eb5-b268-b89ac225aff8: receive RaftClientReply:client-05DA20D107F8->b461a7b0-028a-4eb5-b268-b89ac225aff8@group-0C8C0AA7542A, cid=2673, SUCCESS, logIndex=3989, commits[b461a7b0-028a-4eb5-b268-b89ac225aff8:c3990, b6ff45f5-67b8-463b-a273-c2e7d9dadd75:c3986, 6a5cb75f-f7eb-4671-9a85-3b6f7898f6cc:c3986]
2019-08-28 21:29:57,466 [grpc-default-executor-5] INFO  client.GrpcClientProtocolClient (GrpcClientProtocolClient.java:onNext(255)) - client-05DA20D107F8->b461a7b0-028a-4eb5-b268-b89ac225aff8: receive RaftClientReply:client-05DA20D107F8->b461a7b0-028a-4eb5-b268-b89ac225aff8@group-0C8C0AA7542A, cid=2674, SUCCESS, logIndex=3990, commits[b461a7b0-028a-4eb5-b268-b89ac225aff8:c3990, b6ff45f5-67b8-463b-a273-c2e7d9dadd75:c3986, 6a5cb75f-f7eb-4671-9a85-3b6f7898f6cc:c3986]
2019-08-28 21:29:57,471 | INFO  | DNAudit | user=null | ip=null | op=WRITE_CHUNK {blockData=conID: 3 locID: 102696733732766307 bcsId: 0} | ret=SUCCESS |  
2019-08-28 21:29:57,471 | INFO  | DNAudit | user=null | ip=null | op=WRITE_CHUNK {blockData=conID: 3 locID: 102696733732766307 bcsId: 0} | ret=SUCCESS |  
2019-08-28 21:29:57,471 | INFO  | DNAudit | user=null | ip=null | op=PUT_BLOCK {blockData=[blockId=conID: 3 locID: 102696733732766307 bcsId: 0,size=1048576]} | ret=SUCCESS |  
2019-08-28 21:29:57,471 | INFO  | DNAudit | user=null | ip=null | op=PUT_BLOCK {blockData=[blockId=conID: 3 locID: 102696733732766307 bcsId: 0,size=1048576]} | ret=SUCCESS |  
2019-08-28 21:29:57,472 [grpc-default-executor-5] INFO  client.GrpcClientProtocolClient (GrpcClientProtocolClient.java:onNext(255)) - client-05DA20D107F8->b461a7b0-028a-4eb5-b268-b89ac225aff8: receive RaftClientReply:client-05DA20D107F8->b461a7b0-028a-4eb5-b268-b89ac225aff8@group-0C8C0AA7542A, cid=2675, SUCCESS, logIndex=0, commits[b461a7b0-028a-4eb5-b268-b89ac225aff8:c3991, b6ff45f5-67b8-463b-a273-c2e7d9dadd75:c3988, 6a5cb75f-f7eb-4671-9a85-3b6f7898f6cc:c3988]
2019-08-28 21:29:57,474 | INFO  | DNAudit | user=null | ip=null | op=WRITE_CHUNK {blockData=conID: 3 locID: 102696733732766307 bcsId: 0} | ret=SUCCESS |  
2019-08-28 21:29:57,474 | INFO  | DNAudit | user=null | ip=null | op=PUT_BLOCK {blockData=[blockId=conID: 3 locID: 102696733732766307 bcsId: 0,size=2097152]} | ret=SUCCESS |  
2019-08-28 21:29:57,474 | INFO  | DNAudit | user=null | ip=null | op=WRITE_CHUNK {blockData=conID: 3 locID: 102696733732766307 bcsId: 0} | ret=SUCCESS |  
2019-08-28 21:29:57,474 | INFO  | DNAudit | user=null | ip=null | op=PUT_BLOCK {blockData=[blockId=conID: 3 locID: 102696733732766307 bcsId: 0,size=2097152]} | ret=SUCCESS |  
2019-08-28 21:29:57,478 | INFO  | DNAudit | user=null | ip=null | op=WRITE_CHUNK {blockData=conID: 3 locID: 102696733732766307 bcsId: 3990} | ret=SUCCESS |  
2019-08-28 21:29:57,479 | INFO  | DNAudit | user=null | ip=null | op=WRITE_CHUNK {blockData=conID: 3 locID: 102696733732766307 bcsId: 3990} | ret=SUCCESS |  
2019-08-28 21:29:57,480 | INFO  | DNAudit | user=null | ip=null | op=WRITE_CHUNK {blockData=conID: 3 locID: 102696733732766307 bcsId: 3990} | ret=SUCCESS |  
2019-08-28 21:29:57,492 | INFO  | DNAudit | user=null | ip=null | op=WRITE_CHUNK {blockData=conID: 3 locID: 102696733732766307 bcsId: 3990} | ret=SUCCESS |  
2019-08-28 21:29:57,492 | INFO  | DNAudit | user=null | ip=null | op=PUT_BLOCK {blockData=[blockId=conID: 3 locID: 102696733732766307 bcsId: 0,size=3145728]} | ret=SUCCESS |  
2019-08-28 21:29:57,492 [grpc-default-executor-3] INFO  client.GrpcClientProtocolClient (GrpcClientProtocolClient.java:onNext(255)) - client-05DA20D107F8->b461a7b0-028a-4eb5-b268-b89ac225aff8: receive RaftClientReply:client-05DA20D107F8->b461a7b0-028a-4eb5-b268-b89ac225aff8@group-0C8C0AA7542A, cid=2676, SUCCESS, logIndex=3995, commits[b461a7b0-028a-4eb5-b268-b89ac225aff8:c3996, b6ff45f5-67b8-463b-a273-c2e7d9dadd75:c3994, 6a5cb75f-f7eb-4671-9a85-3b6f7898f6cc:c3994]
2019-08-28 21:29:57,493 [grpc-default-executor-3] INFO  client.GrpcClientProtocolClient (GrpcClientProtocolClient.java:onNext(255)) - client-05DA20D107F8->b461a7b0-028a-4eb5-b268-b89ac225aff8: receive RaftClientReply:client-05DA20D107F8->b461a7b0-028a-4eb5-b268-b89ac225aff8@group-0C8C0AA7542A, cid=2677, SUCCESS, logIndex=3996, commits[b461a7b0-028a-4eb5-b268-b89ac225aff8:c3996, b6ff45f5-67b8-463b-a273-c2e7d9dadd75:c3994, 6a5cb75f-f7eb-4671-9a85-3b6f7898f6cc:c3994]
2019-08-28 21:29:57,498 | INFO  | DNAudit | user=null | ip=null | op=WRITE_CHUNK {blockData=conID: 3 locID: 102696733732766307 bcsId: 3996} | ret=SUCCESS |  
2019-08-28 21:29:57,499 | INFO  | DNAudit | user=null | ip=null | op=WRITE_CHUNK {blockData=conID: 3 locID: 102696733732766307 bcsId: 3990} | ret=SUCCESS |  
2019-08-28 21:29:57,499 | INFO  | DNAudit | user=null | ip=null | op=WRITE_CHUNK {blockData=conID: 3 locID: 102696733732766307 bcsId: 3990} | ret=SUCCESS |  
2019-08-28 21:29:57,500 | INFO  | DNAudit | user=null | ip=null | op=WRITE_CHUNK {blockData=conID: 3 locID: 102696733732766307 bcsId: 3996} | ret=SUCCESS |  
2019-08-28 21:29:57,501 | INFO  | DNAudit | user=null | ip=null | op=WRITE_CHUNK {blockData=conID: 3 locID: 102696733732766307 bcsId: 3996} | ret=SUCCESS |  
2019-08-28 21:29:57,502 | INFO  | DNAudit | user=null | ip=null | op=PUT_BLOCK {blockData=[blockId=conID: 3 locID: 102696733732766307 bcsId: 0,size=3145728]} | ret=SUCCESS |  
2019-08-28 21:29:57,502 | INFO  | DNAudit | user=null | ip=null | op=PUT_BLOCK {blockData=[blockId=conID: 3 locID: 102696733732766307 bcsId: 0,size=3145728]} | ret=SUCCESS |  
2019-08-28 21:29:57,507 | INFO  | DNAudit | user=null | ip=null | op=WRITE_CHUNK {blockData=conID: 3 locID: 102696733732766307 bcsId: 3996} | ret=SUCCESS |  
2019-08-28 21:29:57,508 | INFO  | DNAudit | user=null | ip=null | op=PUT_BLOCK {blockData=[blockId=conID: 3 locID: 102696733732766307 bcsId: 0,size=4194304]} | ret=SUCCESS |  
2019-08-28 21:29:57,508 [grpc-default-executor-5] INFO  client.GrpcClientProtocolClient (GrpcClientProtocolClient.java:onNext(255)) - client-05DA20D107F8->b461a7b0-028a-4eb5-b268-b89ac225aff8: receive RaftClientReply:client-05DA20D107F8->b461a7b0-028a-4eb5-b268-b89ac225aff8@group-0C8C0AA7542A, cid=2678, SUCCESS, logIndex=3999, commits[b461a7b0-028a-4eb5-b268-b89ac225aff8:c4000, b6ff45f5-67b8-463b-a273-c2e7d9dadd75:c3996, 6a5cb75f-f7eb-4671-9a85-3b6f7898f6cc:c3996]
2019-08-28 21:29:57,509 [grpc-default-executor-5] INFO  client.GrpcClientProtocolClient (GrpcClientProtocolClient.java:onNext(255)) - client-05DA20D107F8->b461a7b0-028a-4eb5-b268-b89ac225aff8: receive RaftClientReply:client-05DA20D107F8->b461a7b0-028a-4eb5-b268-b89ac225aff8@group-0C8C0AA7542A, cid=2679, SUCCESS, logIndex=4000, commits[b461a7b0-028a-4eb5-b268-b89ac225aff8:c4000, b6ff45f5-67b8-463b-a273-c2e7d9dadd75:c3996, 6a5cb75f-f7eb-4671-9a85-3b6f7898f6cc:c3996]
2019-08-28 21:29:57,511 | INFO  | DNAudit | user=null | ip=null | op=WRITE_CHUNK {blockData=conID: 3 locID: 102696733732766307 bcsId: 3996} | ret=SUCCESS |  
2019-08-28 21:29:57,511 | INFO  | DNAudit | user=null | ip=null | op=WRITE_CHUNK {blockData=conID: 3 locID: 102696733732766307 bcsId: 3996} | ret=SUCCESS |  
2019-08-28 21:29:57,511 | INFO  | DNAudit | user=null | ip=null | op=PUT_BLOCK {blockData=[blockId=conID: 3 locID: 102696733732766307 bcsId: 0,size=4194304]} | ret=SUCCESS |  
2019-08-28 21:29:57,511 | INFO  | DNAudit | user=null | ip=null | op=PUT_BLOCK {blockData=[blockId=conID: 3 locID: 102696733732766307 bcsId: 0,size=4194304]} | ret=SUCCESS |  
2019-08-28 21:29:57,511 [grpc-default-executor-5] INFO  client.GrpcClientProtocolClient (GrpcClientProtocolClient.java:onNext(255)) - client-05DA20D107F8->b461a7b0-028a-4eb5-b268-b89ac225aff8: receive RaftClientReply:client-05DA20D107F8->b461a7b0-028a-4eb5-b268-b89ac225aff8@group-0C8C0AA7542A, cid=2680, SUCCESS, logIndex=0, commits[b461a7b0-028a-4eb5-b268-b89ac225aff8:c4001, b6ff45f5-67b8-463b-a273-c2e7d9dadd75:c4000, 6a5cb75f-f7eb-4671-9a85-3b6f7898f6cc:c4000]
2019-08-28 21:29:57,515 | INFO  | SCMAudit | user=jenkins1000 | ip=127.0.0.1 | op=ALLOCATE_BLOCK {owner=a0140aad-a474-4492-a39d-25bd6167d9f0, size=4194304, type=RATIS, factor=THREE} | ret=SUCCESS |  
2019-08-28 21:29:57,517 | INFO  | OMAudit | user=jenkins1000 | ip=127.0.0.1 | op=ALLOCATE_BLOCK {volume=vol-0-08922, bucket=bucket-0-29862, key=key-0-31337, dataSize=0, replicationType=null, replicationFactor=null, keyLocationInfo=null, clientID=102696731548516754} | ret=SUCCESS |  
2019-08-28 21:29:57,523 | INFO  | DNAudit | user=null | ip=null | op=WRITE_CHUNK {blockData=conID: 1 locID: 102696733737943652 bcsId: 0} | ret=SUCCESS |  
2019-08-28 21:29:57,525 | INFO  | DNAudit | user=null | ip=null | op=WRITE_CHUNK {blockData=conID: 1 locID: 102696733737943652 bcsId: 0} | ret=SUCCESS |  
2019-08-28 21:29:57,526 | INFO  | DNAudit | user=null | ip=null | op=WRITE_CHUNK {blockData=conID: 1 locID: 102696733737943652 bcsId: 0} | ret=SUCCESS |  
2019-08-28 21:29:57,527 | INFO  | DNAudit | user=null | ip=null | op=WRITE_CHUNK {blockData=conID: 1 locID: 102696733737943652 bcsId: 0} | ret=SUCCESS |  
2019-08-28 21:29:57,528 | INFO  | DNAudit | user=null | ip=null | op=WRITE_CHUNK {blockData=conID: 1 locID: 102696733737943652 bcsId: 0} | ret=SUCCESS |  
2019-08-28 21:29:57,528 | INFO  | DNAudit | user=null | ip=null | op=WRITE_CHUNK {blockData=conID: 1 locID: 102696733737943652 bcsId: 0} | ret=SUCCESS |  
2019-08-28 21:29:57,545 | INFO  | DNAudit | user=null | ip=null | op=WRITE_CHUNK {blockData=conID: 1 locID: 102696733737943652 bcsId: 0} | ret=SUCCESS |  
2019-08-28 21:29:57,545 | INFO  | DNAudit | user=null | ip=null | op=PUT_BLOCK {blockData=[blockId=conID: 1 locID: 102696733737943652 bcsId: 0,size=1048576]} | ret=SUCCESS |  
2019-08-28 21:29:57,546 | INFO  | DNAudit | user=null | ip=null | op=WRITE_CHUNK {blockData=conID: 1 locID: 102696733737943652 bcsId: 0} | ret=SUCCESS |  
2019-08-28 21:29:57,545 [grpc-default-executor-3] INFO  client.GrpcClientProtocolClient (GrpcClientProtocolClient.java:onNext(255)) - client-05DA20D107F8->b461a7b0-028a-4eb5-b268-b89ac225aff8: receive RaftClientReply:client-05DA20D107F8->b461a7b0-028a-4eb5-b268-b89ac225aff8@group-0C8C0AA7542A, cid=2681, SUCCESS, logIndex=4003, commits[b461a7b0-028a-4eb5-b268-b89ac225aff8:c4006, b6ff45f5-67b8-463b-a273-c2e7d9dadd75:c4002, 6a5cb75f-f7eb-4671-9a85-3b6f7898f6cc:c4002]
2019-08-28 21:29:57,546 | INFO  | DNAudit | user=null | ip=null | op=PUT_BLOCK {blockData=[blockId=conID: 1 locID: 102696733737943652 bcsId: 0,size=2097152]} | ret=SUCCESS |  
2019-08-28 21:29:57,546 [grpc-default-executor-3] INFO  client.GrpcClientProtocolClient (GrpcClientProtocolClient.java:onNext(255)) - client-05DA20D107F8->b461a7b0-028a-4eb5-b268-b89ac225aff8: receive RaftClientReply:client-05DA20D107F8->b461a7b0-028a-4eb5-b268-b89ac225aff8@group-0C8C0AA7542A, cid=2682, SUCCESS, logIndex=4004, commits[b461a7b0-028a-4eb5-b268-b89ac225aff8:c4006, b6ff45f5-67b8-463b-a273-c2e7d9dadd75:c4002, 6a5cb75f-f7eb-4671-9a85-3b6f7898f6cc:c4002]
2019-08-28 21:29:57,546 [grpc-default-executor-3] INFO  client.GrpcClientProtocolClient (GrpcClientProtocolClient.java:onNext(255)) - client-05DA20D107F8->b461a7b0-028a-4eb5-b268-b89ac225aff8: receive RaftClientReply:client-05DA20D107F8->b461a7b0-028a-4eb5-b268-b89ac225aff8@group-0C8C0AA7542A, cid=2683, SUCCESS, logIndex=4005, commits[b461a7b0-028a-4eb5-b268-b89ac225aff8:c4006, b6ff45f5-67b8-463b-a273-c2e7d9dadd75:c4002, 6a5cb75f-f7eb-4671-9a85-3b6f7898f6cc:c4002]
2019-08-28 21:29:57,546 [grpc-default-executor-3] INFO  client.GrpcClientProtocolClient (GrpcClientProtocolClient.java:onNext(255)) - client-05DA20D107F8->b461a7b0-028a-4eb5-b268-b89ac225aff8: receive RaftClientReply:client-05DA20D107F8->b461a7b0-028a-4eb5-b268-b89ac225aff8@group-0C8C0AA7542A, cid=2684, SUCCESS, logIndex=4006, commits[b461a7b0-028a-4eb5-b268-b89ac225aff8:c4006, b6ff45f5-67b8-463b-a273-c2e7d9dadd75:c4002, 6a5cb75f-f7eb-4671-9a85-3b6f7898f6cc:c4002]
2019-08-28 21:29:57,552 | INFO  | DNAudit | user=null | ip=null | op=WRITE_CHUNK {blockData=conID: 1 locID: 102696733737943652 bcsId: 0} | ret=SUCCESS |  
2019-08-28 21:29:57,553 | INFO  | DNAudit | user=null | ip=null | op=WRITE_CHUNK {blockData=conID: 1 locID: 102696733737943652 bcsId: 0} | ret=SUCCESS |  
2019-08-28 21:29:57,553 | INFO  | DNAudit | user=null | ip=null | op=PUT_BLOCK {blockData=[blockId=conID: 1 locID: 102696733737943652 bcsId: 0,size=1048576]} | ret=SUCCESS |  
2019-08-28 21:29:57,553 | INFO  | DNAudit | user=null | ip=null | op=WRITE_CHUNK {blockData=conID: 1 locID: 102696733737943652 bcsId: 0} | ret=SUCCESS |  
2019-08-28 21:29:57,553 | INFO  | DNAudit | user=null | ip=null | op=PUT_BLOCK {blockData=[blockId=conID: 1 locID: 102696733737943652 bcsId: 0,size=2097152]} | ret=SUCCESS |  
2019-08-28 21:29:57,555 | INFO  | DNAudit | user=null | ip=null | op=PUT_BLOCK {blockData=[blockId=conID: 1 locID: 102696733737943652 bcsId: 0,size=1048576]} | ret=SUCCESS |  
2019-08-28 21:29:57,555 | INFO  | DNAudit | user=null | ip=null | op=WRITE_CHUNK {blockData=conID: 1 locID: 102696733737943652 bcsId: 0} | ret=SUCCESS |  
2019-08-28 21:29:57,555 | INFO  | DNAudit | user=null | ip=null | op=PUT_BLOCK {blockData=[blockId=conID: 1 locID: 102696733737943652 bcsId: 0,size=2097152]} | ret=SUCCESS |  
2019-08-28 21:29:57,555 [grpc-default-executor-3] INFO  client.GrpcClientProtocolClient (GrpcClientProtocolClient.java:onNext(255)) - client-05DA20D107F8->b461a7b0-028a-4eb5-b268-b89ac225aff8: receive RaftClientReply:client-05DA20D107F8->b461a7b0-028a-4eb5-b268-b89ac225aff8@group-0C8C0AA7542A, cid=2685, SUCCESS, logIndex=0, commits[b461a7b0-028a-4eb5-b268-b89ac225aff8:c4010, b6ff45f5-67b8-463b-a273-c2e7d9dadd75:c4006, 6a5cb75f-f7eb-4671-9a85-3b6f7898f6cc:c4004]
2019-08-28 21:29:57,561 | INFO  | DNAudit | user=null | ip=null | op=WRITE_CHUNK {blockData=conID: 1 locID: 102696733737943652 bcsId: 4006} | ret=SUCCESS |  
2019-08-28 21:29:57,563 | INFO  | DNAudit | user=null | ip=null | op=WRITE_CHUNK {blockData=conID: 1 locID: 102696733737943652 bcsId: 4006} | ret=SUCCESS |  
2019-08-28 21:29:57,563 | INFO  | DNAudit | user=null | ip=null | op=WRITE_CHUNK {blockData=conID: 1 locID: 102696733737943652 bcsId: 4006} | ret=SUCCESS |  
2019-08-28 21:29:57,584 | INFO  | DNAudit | user=null | ip=null | op=WRITE_CHUNK {blockData=conID: 1 locID: 102696733737943652 bcsId: 4006} | ret=SUCCESS |  
2019-08-28 21:29:57,585 | INFO  | DNAudit | user=null | ip=null | op=PUT_BLOCK {blockData=[blockId=conID: 1 locID: 102696733737943652 bcsId: 0,size=3145728]} | ret=SUCCESS |  
2019-08-28 21:29:57,585 [grpc-default-executor-6] INFO  client.GrpcClientProtocolClient (GrpcClientProtocolClient.java:onNext(255)) - client-05DA20D107F8->b461a7b0-028a-4eb5-b268-b89ac225aff8: receive RaftClientReply:client-05DA20D107F8->b461a7b0-028a-4eb5-b268-b89ac225aff8@group-0C8C0AA7542A, cid=2686, SUCCESS, logIndex=4011, commits[b461a7b0-028a-4eb5-b268-b89ac225aff8:c4012, b6ff45f5-67b8-463b-a273-c2e7d9dadd75:c4010, 6a5cb75f-f7eb-4671-9a85-3b6f7898f6cc:c4010]
2019-08-28 21:29:57,585 [grpc-default-executor-6] INFO  client.GrpcClientProtocolClient (GrpcClientProtocolClient.java:onNext(255)) - client-05DA20D107F8->b461a7b0-028a-4eb5-b268-b89ac225aff8: receive RaftClientReply:client-05DA20D107F8->b461a7b0-028a-4eb5-b268-b89ac225aff8@group-0C8C0AA7542A, cid=2687, SUCCESS, logIndex=4012, commits[b461a7b0-028a-4eb5-b268-b89ac225aff8:c4012, b6ff45f5-67b8-463b-a273-c2e7d9dadd75:c4010, 6a5cb75f-f7eb-4671-9a85-3b6f7898f6cc:c4010]
2019-08-28 21:29:57,591 | INFO  | DNAudit | user=null | ip=null | op=WRITE_CHUNK {blockData=conID: 1 locID: 102696733737943652 bcsId: 4012} | ret=SUCCESS |  
2019-08-28 21:29:57,593 | INFO  | DNAudit | user=null | ip=null | op=WRITE_CHUNK {blockData=conID: 1 locID: 102696733737943652 bcsId: 4012} | ret=SUCCESS |  
2019-08-28 21:29:57,593 | INFO  | DNAudit | user=null | ip=null | op=WRITE_CHUNK {blockData=conID: 1 locID: 102696733737943652 bcsId: 4012} | ret=SUCCESS |  
2019-08-28 21:29:57,594 | INFO  | DNAudit | user=null | ip=null | op=WRITE_CHUNK {blockData=conID: 1 locID: 102696733737943652 bcsId: 4006} | ret=SUCCESS |  
2019-08-28 21:29:57,594 | INFO  | DNAudit | user=null | ip=null | op=WRITE_CHUNK {blockData=conID: 1 locID: 102696733737943652 bcsId: 4006} | ret=SUCCESS |  
2019-08-28 21:29:57,594 | INFO  | DNAudit | user=null | ip=null | op=PUT_BLOCK {blockData=[blockId=conID: 1 locID: 102696733737943652 bcsId: 0,size=3145728]} | ret=SUCCESS |  
2019-08-28 21:29:57,594 | INFO  | DNAudit | user=null | ip=null | op=PUT_BLOCK {blockData=[blockId=conID: 1 locID: 102696733737943652 bcsId: 0,size=3145728]} | ret=SUCCESS |  
2019-08-28 21:29:57,597 | INFO  | DNAudit | user=null | ip=null | op=WRITE_CHUNK {blockData=conID: 1 locID: 102696733737943652 bcsId: 4012} | ret=SUCCESS |  
2019-08-28 21:29:57,598 | INFO  | DNAudit | user=null | ip=null | op=PUT_BLOCK {blockData=[blockId=conID: 1 locID: 102696733737943652 bcsId: 0,size=4194304]} | ret=SUCCESS |  
2019-08-28 21:29:57,598 [grpc-default-executor-6] INFO  client.GrpcClientProtocolClient (GrpcClientProtocolClient.java:onNext(255)) - client-05DA20D107F8->b461a7b0-028a-4eb5-b268-b89ac225aff8: receive RaftClientReply:client-05DA20D107F8->b461a7b0-028a-4eb5-b268-b89ac225aff8@group-0C8C0AA7542A, cid=2688, SUCCESS, logIndex=4015, commits[b461a7b0-028a-4eb5-b268-b89ac225aff8:c4016, b6ff45f5-67b8-463b-a273-c2e7d9dadd75:c4012, 6a5cb75f-f7eb-4671-9a85-3b6f7898f6cc:c4012]
2019-08-28 21:29:57,598 [grpc-default-executor-6] INFO  client.GrpcClientProtocolClient (GrpcClientProtocolClient.java:onNext(255)) - client-05DA20D107F8->b461a7b0-028a-4eb5-b268-b89ac225aff8: receive RaftClientReply:client-05DA20D107F8->b461a7b0-028a-4eb5-b268-b89ac225aff8@group-0C8C0AA7542A, cid=2689, SUCCESS, logIndex=4016, commits[b461a7b0-028a-4eb5-b268-b89ac225aff8:c4016, b6ff45f5-67b8-463b-a273-c2e7d9dadd75:c4012, 6a5cb75f-f7eb-4671-9a85-3b6f7898f6cc:c4012]
2019-08-28 21:29:57,607 | INFO  | DNAudit | user=null | ip=null | op=WRITE_CHUNK {blockData=conID: 1 locID: 102696733737943652 bcsId: 4012} | ret=SUCCESS |  
2019-08-28 21:29:57,607 | INFO  | DNAudit | user=null | ip=null | op=WRITE_CHUNK {blockData=conID: 1 locID: 102696733737943652 bcsId: 4012} | ret=SUCCESS |  
2019-08-28 21:29:57,607 | INFO  | DNAudit | user=null | ip=null | op=PUT_BLOCK {blockData=[blockId=conID: 1 locID: 102696733737943652 bcsId: 0,size=4194304]} | ret=SUCCESS |  
2019-08-28 21:29:57,607 | INFO  | DNAudit | user=null | ip=null | op=PUT_BLOCK {blockData=[blockId=conID: 1 locID: 102696733737943652 bcsId: 0,size=4194304]} | ret=SUCCESS |  
2019-08-28 21:29:57,607 [grpc-default-executor-3] INFO  client.GrpcClientProtocolClient (GrpcClientProtocolClient.java:onNext(255)) - client-05DA20D107F8->b461a7b0-028a-4eb5-b268-b89ac225aff8: receive RaftClientReply:client-05DA20D107F8->b461a7b0-028a-4eb5-b268-b89ac225aff8@group-0C8C0AA7542A, cid=2690, SUCCESS, logIndex=0, commits[b461a7b0-028a-4eb5-b268-b89ac225aff8:c4016, b6ff45f5-67b8-463b-a273-c2e7d9dadd75:c4016, 6a5cb75f-f7eb-4671-9a85-3b6f7898f6cc:c4016]
2019-08-28 21:29:57,612 | INFO  | SCMAudit | user=jenkins1000 | ip=127.0.0.1 | op=ALLOCATE_BLOCK {owner=a0140aad-a474-4492-a39d-25bd6167d9f0, size=4194304, type=RATIS, factor=THREE} | ret=SUCCESS |  
2019-08-28 21:29:57,615 | INFO  | OMAudit | user=jenkins1000 | ip=127.0.0.1 | op=ALLOCATE_BLOCK {volume=vol-0-08922, bucket=bucket-0-29862, key=key-0-31337, dataSize=0, replicationType=null, replicationFactor=null, keyLocationInfo=null, clientID=102696731548516754} | ret=SUCCESS |  
2019-08-28 21:29:57,621 | INFO  | DNAudit | user=null | ip=null | op=WRITE_CHUNK {blockData=conID: 2 locID: 102696733744300645 bcsId: 0} | ret=SUCCESS |  
2019-08-28 21:29:57,624 | INFO  | DNAudit | user=null | ip=null | op=WRITE_CHUNK {blockData=conID: 2 locID: 102696733744300645 bcsId: 0} | ret=SUCCESS |  
2019-08-28 21:29:57,624 | INFO  | DNAudit | user=null | ip=null | op=WRITE_CHUNK {blockData=conID: 2 locID: 102696733744300645 bcsId: 0} | ret=SUCCESS |  
2019-08-28 21:29:57,624 | INFO  | DNAudit | user=null | ip=null | op=WRITE_CHUNK {blockData=conID: 2 locID: 102696733744300645 bcsId: 0} | ret=SUCCESS |  
2019-08-28 21:29:57,626 | INFO  | DNAudit | user=null | ip=null | op=WRITE_CHUNK {blockData=conID: 2 locID: 102696733744300645 bcsId: 0} | ret=SUCCESS |  
2019-08-28 21:29:57,626 | INFO  | DNAudit | user=null | ip=null | op=WRITE_CHUNK {blockData=conID: 2 locID: 102696733744300645 bcsId: 0} | ret=SUCCESS |  
2019-08-28 21:29:57,638 | INFO  | SCMAudit | user=jenkins1000 | ip=192.168.36.107 | op=SEND_HEARTBEAT {datanodeUUID=6a5cb75f-f7eb-4671-9a85-3b6f7898f6cc, command=[]} | ret=SUCCESS |  
2019-08-28 21:29:57,638 | INFO  | SCMAudit | user=jenkins1000 | ip=192.168.36.107 | op=SEND_HEARTBEAT {datanodeUUID=68f89a68-6a96-4cde-8528-8617611d459d, command=[]} | ret=SUCCESS |  
2019-08-28 21:29:57,638 | INFO  | SCMAudit | user=jenkins1000 | ip=192.168.36.107 | op=SEND_HEARTBEAT {datanodeUUID=b6ff45f5-67b8-463b-a273-c2e7d9dadd75, command=[]} | ret=SUCCESS |  
2019-08-28 21:29:57,639 | INFO  | SCMAudit | user=jenkins1000 | ip=192.168.36.107 | op=SEND_HEARTBEAT {datanodeUUID=b461a7b0-028a-4eb5-b268-b89ac225aff8, command=[]} | ret=SUCCESS |  
2019-08-28 21:29:57,639 | INFO  | SCMAudit | user=jenkins1000 | ip=192.168.36.107 | op=SEND_HEARTBEAT {datanodeUUID=af4986ea-80d8-4c92-96d2-2b3929a4248a, command=[]} | ret=SUCCESS |  
 0.00% |█                                                                                                    |  0/1 Time: 0:00:332019-08-28 21:29:57,649 | INFO  | DNAudit | user=null | ip=null | op=WRITE_CHUNK {blockData=conID: 2 locID: 102696733744300645 bcsId: 0} | ret=SUCCESS |  
2019-08-28 21:29:57,650 | INFO  | DNAudit | user=null | ip=null | op=PUT_BLOCK {blockData=[blockId=conID: 2 locID: 102696733744300645 bcsId: 0,size=1048576]} | ret=SUCCESS |  
2019-08-28 21:29:57,650 [grpc-default-executor-3] INFO  client.GrpcClientProtocolClient (GrpcClientProtocolClient.java:onNext(255)) - client-05DA20D107F8->b461a7b0-028a-4eb5-b268-b89ac225aff8: receive RaftClientReply:client-05DA20D107F8->b461a7b0-028a-4eb5-b268-b89ac225aff8@group-0C8C0AA7542A, cid=2691, SUCCESS, logIndex=4019, commits[b461a7b0-028a-4eb5-b268-b89ac225aff8:c4020, b6ff45f5-67b8-463b-a273-c2e7d9dadd75:c4018, 6a5cb75f-f7eb-4671-9a85-3b6f7898f6cc:c4018]
2019-08-28 21:29:57,650 [grpc-default-executor-3] INFO  client.GrpcClientProtocolClient (GrpcClientProtocolClient.java:onNext(255)) - client-05DA20D107F8->b461a7b0-028a-4eb5-b268-b89ac225aff8: receive RaftClientReply:client-05DA20D107F8->b461a7b0-028a-4eb5-b268-b89ac225aff8@group-0C8C0AA7542A, cid=2692, SUCCESS, logIndex=4020, commits[b461a7b0-028a-4eb5-b268-b89ac225aff8:c4020, b6ff45f5-67b8-463b-a273-c2e7d9dadd75:c4018, 6a5cb75f-f7eb-4671-9a85-3b6f7898f6cc:c4018]
2019-08-28 21:29:57,662 | INFO  | DNAudit | user=null | ip=null | op=WRITE_CHUNK {blockData=conID: 2 locID: 102696733744300645 bcsId: 0} | ret=SUCCESS |  
2019-08-28 21:29:57,662 | INFO  | DNAudit | user=null | ip=null | op=PUT_BLOCK {blockData=[blockId=conID: 2 locID: 102696733744300645 bcsId: 0,size=2097152]} | ret=SUCCESS |  
2019-08-28 21:29:57,663 [grpc-default-executor-5] INFO  client.GrpcClientProtocolClient (GrpcClientProtocolClient.java:onNext(255)) - client-05DA20D107F8->b461a7b0-028a-4eb5-b268-b89ac225aff8: receive RaftClientReply:client-05DA20D107F8->b461a7b0-028a-4eb5-b268-b89ac225aff8@group-0C8C0AA7542A, cid=2693, SUCCESS, logIndex=4021, commits[b461a7b0-028a-4eb5-b268-b89ac225aff8:c4022, b6ff45f5-67b8-463b-a273-c2e7d9dadd75:c4018, 6a5cb75f-f7eb-4671-9a85-3b6f7898f6cc:c4018]
2019-08-28 21:29:57,663 [grpc-default-executor-5] INFO  client.GrpcClientProtocolClient (GrpcClientProtocolClient.java:onNext(255)) - client-05DA20D107F8->b461a7b0-028a-4eb5-b268-b89ac225aff8: receive RaftClientReply:client-05DA20D107F8->b461a7b0-028a-4eb5-b268-b89ac225aff8@group-0C8C0AA7542A, cid=2694, SUCCESS, logIndex=4022, commits[b461a7b0-028a-4eb5-b268-b89ac225aff8:c4022, b6ff45f5-67b8-463b-a273-c2e7d9dadd75:c4018, 6a5cb75f-f7eb-4671-9a85-3b6f7898f6cc:c4018]
2019-08-28 21:29:57,669 | INFO  | DNAudit | user=null | ip=null | op=WRITE_CHUNK {blockData=conID: 2 locID: 102696733744300645 bcsId: 0} | ret=SUCCESS |  
2019-08-28 21:29:57,669 | INFO  | DNAudit | user=null | ip=null | op=WRITE_CHUNK {blockData=conID: 2 locID: 102696733744300645 bcsId: 0} | ret=SUCCESS |  
2019-08-28 21:29:57,669 | INFO  | DNAudit | user=null | ip=null | op=PUT_BLOCK {blockData=[blockId=conID: 2 locID: 102696733744300645 bcsId: 0,size=1048576]} | ret=SUCCESS |  
2019-08-28 21:29:57,670 | INFO  | DNAudit | user=null | ip=null | op=PUT_BLOCK {blockData=[blockId=conID: 2 locID: 102696733744300645 bcsId: 0,size=1048576]} | ret=SUCCESS |  
2019-08-28 21:29:57,671 [grpc-default-executor-5] INFO  client.GrpcClientProtocolClient (GrpcClientProtocolClient.java:onNext(255)) - client-05DA20D107F8->b461a7b0-028a-4eb5-b268-b89ac225aff8: receive RaftClientReply:client-05DA20D107F8->b461a7b0-028a-4eb5-b268-b89ac225aff8@group-0C8C0AA7542A, cid=2695, SUCCESS, logIndex=0, commits[b461a7b0-028a-4eb5-b268-b89ac225aff8:c4024, b6ff45f5-67b8-463b-a273-c2e7d9dadd75:c4020, 6a5cb75f-f7eb-4671-9a85-3b6f7898f6cc:c4020]
2019-08-28 21:29:57,672 | INFO  | DNAudit | user=null | ip=null | op=WRITE_CHUNK {blockData=conID: 2 locID: 102696733744300645 bcsId: 0} | ret=SUCCESS |  
2019-08-28 21:29:57,672 | INFO  | DNAudit | user=null | ip=null | op=WRITE_CHUNK {blockData=conID: 2 locID: 102696733744300645 bcsId: 0} | ret=SUCCESS |  
2019-08-28 21:29:57,672 | INFO  | DNAudit | user=null | ip=null | op=PUT_BLOCK {blockData=[blockId=conID: 2 locID: 102696733744300645 bcsId: 0,size=2097152]} | ret=SUCCESS |  
2019-08-28 21:29:57,672 | INFO  | DNAudit | user=null | ip=null | op=PUT_BLOCK {blockData=[blockId=conID: 2 locID: 102696733744300645 bcsId: 0,size=2097152]} | ret=SUCCESS |  
2019-08-28 21:29:57,677 | INFO  | DNAudit | user=null | ip=null | op=WRITE_CHUNK {blockData=conID: 2 locID: 102696733744300645 bcsId: 4022} | ret=SUCCESS |  
2019-08-28 21:29:57,679 | INFO  | DNAudit | user=null | ip=null | op=WRITE_CHUNK {blockData=conID: 2 locID: 102696733744300645 bcsId: 4022} | ret=SUCCESS |  
2019-08-28 21:29:57,679 | INFO  | DNAudit | user=null | ip=null | op=WRITE_CHUNK {blockData=conID: 2 locID: 102696733744300645 bcsId: 4022} | ret=SUCCESS |  
2019-08-28 21:29:57,696 | INFO  | DNAudit | user=null | ip=null | op=WRITE_CHUNK {blockData=conID: 2 locID: 102696733744300645 bcsId: 4022} | ret=SUCCESS |  
2019-08-28 21:29:57,696 | INFO  | DNAudit | user=null | ip=null | op=PUT_BLOCK {blockData=[blockId=conID: 2 locID: 102696733744300645 bcsId: 0,size=3145728]} | ret=SUCCESS |  
2019-08-28 21:29:57,697 [grpc-default-executor-6] INFO  client.GrpcClientProtocolClient (GrpcClientProtocolClient.java:onNext(255)) - client-05DA20D107F8->b461a7b0-028a-4eb5-b268-b89ac225aff8: receive RaftClientReply:client-05DA20D107F8->b461a7b0-028a-4eb5-b268-b89ac225aff8@group-0C8C0AA7542A, cid=2696, SUCCESS, logIndex=4027, commits[b461a7b0-028a-4eb5-b268-b89ac225aff8:c4028, b6ff45f5-67b8-463b-a273-c2e7d9dadd75:c4026, 6a5cb75f-f7eb-4671-9a85-3b6f7898f6cc:c4026]
2019-08-28 21:29:57,697 [grpc-default-executor-6] INFO  client.GrpcClientProtocolClient (GrpcClientProtocolClient.java:onNext(255)) - client-05DA20D107F8->b461a7b0-028a-4eb5-b268-b89ac225aff8: receive RaftClientReply:client-05DA20D107F8->b461a7b0-028a-4eb5-b268-b89ac225aff8@group-0C8C0AA7542A, cid=2697, SUCCESS, logIndex=4028, commits[b461a7b0-028a-4eb5-b268-b89ac225aff8:c4028, b6ff45f5-67b8-463b-a273-c2e7d9dadd75:c4026, 6a5cb75f-f7eb-4671-9a85-3b6f7898f6cc:c4026]
2019-08-28 21:29:57,703 | INFO  | DNAudit | user=null | ip=null | op=WRITE_CHUNK {blockData=conID: 2 locID: 102696733744300645 bcsId: 4028} | ret=SUCCESS |  
2019-08-28 21:29:57,706 | INFO  | DNAudit | user=null | ip=null | op=WRITE_CHUNK {blockData=conID: 2 locID: 102696733744300645 bcsId: 4028} | ret=SUCCESS |  
2019-08-28 21:29:57,706 | INFO  | DNAudit | user=null | ip=null | op=WRITE_CHUNK {blockData=conID: 2 locID: 102696733744300645 bcsId: 4028} | ret=SUCCESS |  
2019-08-28 21:29:57,708 | INFO  | DNAudit | user=null | ip=null | op=WRITE_CHUNK {blockData=conID: 2 locID: 102696733744300645 bcsId: 4022} | ret=SUCCESS |  
2019-08-28 21:29:57,708 | INFO  | DNAudit | user=null | ip=null | op=WRITE_CHUNK {blockData=conID: 2 locID: 102696733744300645 bcsId: 4022} | ret=SUCCESS |  
2019-08-28 21:29:57,708 | INFO  | DNAudit | user=null | ip=null | op=PUT_BLOCK {blockData=[blockId=conID: 2 locID: 102696733744300645 bcsId: 0,size=3145728]} | ret=SUCCESS |  
2019-08-28 21:29:57,708 | INFO  | DNAudit | user=null | ip=null | op=PUT_BLOCK {blockData=[blockId=conID: 2 locID: 102696733744300645 bcsId: 0,size=3145728]} | ret=SUCCESS |  
2019-08-28 21:29:57,711 | INFO  | DNAudit | user=null | ip=null | op=WRITE_CHUNK {blockData=conID: 2 locID: 102696733744300645 bcsId: 4028} | ret=SUCCESS |  
2019-08-28 21:29:57,712 | INFO  | DNAudit | user=null | ip=null | op=PUT_BLOCK {blockData=[blockId=conID: 2 locID: 102696733744300645 bcsId: 0,size=4194304]} | ret=SUCCESS |  
2019-08-28 21:29:57,712 [grpc-default-executor-3] INFO  client.GrpcClientProtocolClient (GrpcClientProtocolClient.java:onNext(255)) - client-05DA20D107F8->b461a7b0-028a-4eb5-b268-b89ac225aff8: receive RaftClientReply:client-05DA20D107F8->b461a7b0-028a-4eb5-b268-b89ac225aff8@group-0C8C0AA7542A, cid=2698, SUCCESS, logIndex=4031, commits[b461a7b0-028a-4eb5-b268-b89ac225aff8:c4031, b6ff45f5-67b8-463b-a273-c2e7d9dadd75:c4028, 6a5cb75f-f7eb-4671-9a85-3b6f7898f6cc:c4028]
2019-08-28 21:29:57,713 [grpc-default-executor-3] INFO  client.GrpcClientProtocolClient (GrpcClientProtocolClient.java:onNext(255)) - client-05DA20D107F8->b461a7b0-028a-4eb5-b268-b89ac225aff8: receive RaftClientReply:client-05DA20D107F8->b461a7b0-028a-4eb5-b268-b89ac225aff8@group-0C8C0AA7542A, cid=2699, SUCCESS, logIndex=4032, commits[b461a7b0-028a-4eb5-b268-b89ac225aff8:c4032, b6ff45f5-67b8-463b-a273-c2e7d9dadd75:c4028, 6a5cb75f-f7eb-4671-9a85-3b6f7898f6cc:c4028]
2019-08-28 21:29:57,720 | INFO  | DNAudit | user=null | ip=null | op=WRITE_CHUNK {blockData=conID: 2 locID: 102696733744300645 bcsId: 4028} | ret=SUCCESS |  
2019-08-28 21:29:57,720 | INFO  | DNAudit | user=null | ip=null | op=WRITE_CHUNK {blockData=conID: 2 locID: 102696733744300645 bcsId: 4028} | ret=SUCCESS |  
2019-08-28 21:29:57,723 | INFO  | DNAudit | user=null | ip=null | op=PUT_BLOCK {blockData=[blockId=conID: 2 locID: 102696733744300645 bcsId: 0,size=4194304]} | ret=SUCCESS |  
2019-08-28 21:29:57,723 | INFO  | DNAudit | user=null | ip=null | op=PUT_BLOCK {blockData=[blockId=conID: 2 locID: 102696733744300645 bcsId: 0,size=4194304]} | ret=SUCCESS |  
2019-08-28 21:29:57,724 [grpc-default-executor-3] INFO  client.GrpcClientProtocolClient (GrpcClientProtocolClient.java:onNext(255)) - client-05DA20D107F8->b461a7b0-028a-4eb5-b268-b89ac225aff8: receive RaftClientReply:client-05DA20D107F8->b461a7b0-028a-4eb5-b268-b89ac225aff8@group-0C8C0AA7542A, cid=2700, SUCCESS, logIndex=0, commits[b461a7b0-028a-4eb5-b268-b89ac225aff8:c4034, b6ff45f5-67b8-463b-a273-c2e7d9dadd75:c4032, 6a5cb75f-f7eb-4671-9a85-3b6f7898f6cc:c4032]
2019-08-28 21:29:57,730 | INFO  | SCMAudit | user=jenkins1000 | ip=127.0.0.1 | op=ALLOCATE_BLOCK {owner=a0140aad-a474-4492-a39d-25bd6167d9f0, size=4194304, type=RATIS, factor=THREE} | ret=SUCCESS |  
2019-08-28 21:29:57,733 | INFO  | OMAudit | user=jenkins1000 | ip=127.0.0.1 | op=ALLOCATE_BLOCK {volume=vol-0-08922, bucket=bucket-0-29862, key=key-0-31337, dataSize=0, replicationType=null, replicationFactor=null, keyLocationInfo=null, clientID=102696731548516754} | ret=SUCCESS |  
2019-08-28 21:29:57,740 | INFO  | DNAudit | user=null | ip=null | op=WRITE_CHUNK {blockData=conID: 3 locID: 102696733752033894 bcsId: 0} | ret=SUCCESS |  
2019-08-28 21:29:57,901 | INFO  | DNAudit | user=null | ip=null | op=WRITE_CHUNK {blockData=conID: 3 locID: 102696733752033894 bcsId: 0} | ret=SUCCESS |  
2019-08-28 21:29:57,901 | INFO  | DNAudit | user=null | ip=null | op=WRITE_CHUNK {blockData=conID: 3 locID: 102696733752033894 bcsId: 0} | ret=SUCCESS |  
2019-08-28 21:29:57,901 | INFO  | DNAudit | user=null | ip=null | op=WRITE_CHUNK {blockData=conID: 3 locID: 102696733752033894 bcsId: 0} | ret=SUCCESS |  
2019-08-28 21:29:57,903 | INFO  | DNAudit | user=null | ip=null | op=WRITE_CHUNK {blockData=conID: 3 locID: 102696733752033894 bcsId: 0} | ret=SUCCESS |  
2019-08-28 21:29:57,903 | INFO  | DNAudit | user=null | ip=null | op=WRITE_CHUNK {blockData=conID: 3 locID: 102696733752033894 bcsId: 0} | ret=SUCCESS |  
2019-08-28 21:29:57,951 | INFO  | DNAudit | user=null | ip=null | op=WRITE_CHUNK {blockData=conID: 3 locID: 102696733752033894 bcsId: 0} | ret=SUCCESS |  
2019-08-28 21:29:57,952 | INFO  | DNAudit | user=null | ip=null | op=PUT_BLOCK {blockData=[blockId=conID: 3 locID: 102696733752033894 bcsId: 0,size=1048576]} | ret=SUCCESS |  
2019-08-28 21:29:57,952 | INFO  | DNAudit | user=null | ip=null | op=WRITE_CHUNK {blockData=conID: 3 locID: 102696733752033894 bcsId: 0} | ret=SUCCESS |  
2019-08-28 21:29:57,952 [grpc-default-executor-6] INFO  client.GrpcClientProtocolClient (GrpcClientProtocolClient.java:onNext(255)) - client-05DA20D107F8->b461a7b0-028a-4eb5-b268-b89ac225aff8: receive RaftClientReply:client-05DA20D107F8->b461a7b0-028a-4eb5-b268-b89ac225aff8@group-0C8C0AA7542A, cid=2701, SUCCESS, logIndex=4035, commits[b461a7b0-028a-4eb5-b268-b89ac225aff8:c4036, b6ff45f5-67b8-463b-a273-c2e7d9dadd75:c4034, 6a5cb75f-f7eb-4671-9a85-3b6f7898f6cc:c4034]
2019-08-28 21:29:57,952 | INFO  | DNAudit | user=null | ip=null | op=PUT_BLOCK {blockData=[blockId=conID: 3 locID: 102696733752033894 bcsId: 0,size=2097152]} | ret=SUCCESS |  
2019-08-28 21:29:57,953 [grpc-default-executor-6] INFO  client.GrpcClientProtocolClient (GrpcClientProtocolClient.java:onNext(255)) - client-05DA20D107F8->b461a7b0-028a-4eb5-b268-b89ac225aff8: receive RaftClientReply:client-05DA20D107F8->b461a7b0-028a-4eb5-b268-b89ac225aff8@group-0C8C0AA7542A, cid=2702, SUCCESS, logIndex=4036, commits[b461a7b0-028a-4eb5-b268-b89ac225aff8:c4038, b6ff45f5-67b8-463b-a273-c2e7d9dadd75:c4034, 6a5cb75f-f7eb-4671-9a85-3b6f7898f6cc:c4034]
2019-08-28 21:29:57,953 [grpc-default-executor-6] INFO  client.GrpcClientProtocolClient (GrpcClientProtocolClient.java:onNext(255)) - client-05DA20D107F8->b461a7b0-028a-4eb5-b268-b89ac225aff8: receive RaftClientReply:client-05DA20D107F8->b461a7b0-028a-4eb5-b268-b89ac225aff8@group-0C8C0AA7542A, cid=2703, SUCCESS, logIndex=4037, commits[b461a7b0-028a-4eb5-b268-b89ac225aff8:c4038, b6ff45f5-67b8-463b-a273-c2e7d9dadd75:c4034, 6a5cb75f-f7eb-4671-9a85-3b6f7898f6cc:c4034]
2019-08-28 21:29:57,953 [grpc-default-executor-6] INFO  client.GrpcClientProtocolClient (GrpcClientProtocolClient.java:onNext(255)) - client-05DA20D107F8->b461a7b0-028a-4eb5-b268-b89ac225aff8: receive RaftClientReply:client-05DA20D107F8->b461a7b0-028a-4eb5-b268-b89ac225aff8@group-0C8C0AA7542A, cid=2704, SUCCESS, logIndex=4038, commits[b461a7b0-028a-4eb5-b268-b89ac225aff8:c4038, b6ff45f5-67b8-463b-a273-c2e7d9dadd75:c4034, 6a5cb75f-f7eb-4671-9a85-3b6f7898f6cc:c4034]
2019-08-28 21:29:57,971 | INFO  | DNAudit | user=null | ip=null | op=WRITE_CHUNK {blockData=conID: 3 locID: 102696733752033894 bcsId: 0} | ret=SUCCESS |  
2019-08-28 21:29:57,971 | INFO  | DNAudit | user=null | ip=null | op=PUT_BLOCK {blockData=[blockId=conID: 3 locID: 102696733752033894 bcsId: 0,size=1048576]} | ret=SUCCESS |  
2019-08-28 21:29:57,972 | INFO  | DNAudit | user=null | ip=null | op=WRITE_CHUNK {blockData=conID: 3 locID: 102696733752033894 bcsId: 0} | ret=SUCCESS |  
2019-08-28 21:29:57,972 | INFO  | DNAudit | user=null | ip=null | op=PUT_BLOCK {blockData=[blockId=conID: 3 locID: 102696733752033894 bcsId: 0,size=1048576]} | ret=SUCCESS |  
2019-08-28 21:29:57,973 | INFO  | DNAudit | user=null | ip=null | op=WRITE_CHUNK {blockData=conID: 3 locID: 102696733752033894 bcsId: 0} | ret=SUCCESS |  
2019-08-28 21:29:57,973 | INFO  | DNAudit | user=null | ip=null | op=PUT_BLOCK {blockData=[blockId=conID: 3 locID: 102696733752033894 bcsId: 0,size=2097152]} | ret=SUCCESS |  
2019-08-28 21:29:57,973 [grpc-default-executor-6] INFO  client.GrpcClientProtocolClient (GrpcClientProtocolClient.java:onNext(255)) - client-05DA20D107F8->b461a7b0-028a-4eb5-b268-b89ac225aff8: receive RaftClientReply:client-05DA20D107F8->b461a7b0-028a-4eb5-b268-b89ac225aff8@group-0C8C0AA7542A, cid=2705, SUCCESS, logIndex=0, commits[b461a7b0-028a-4eb5-b268-b89ac225aff8:c4040, b6ff45f5-67b8-463b-a273-c2e7d9dadd75:c4036, 6a5cb75f-f7eb-4671-9a85-3b6f7898f6cc:c4036]
2019-08-28 21:29:57,973 | INFO  | DNAudit | user=null | ip=null | op=WRITE_CHUNK {blockData=conID: 3 locID: 102696733752033894 bcsId: 0} | ret=SUCCESS |  
2019-08-28 21:29:57,973 | INFO  | DNAudit | user=null | ip=null | op=PUT_BLOCK {blockData=[blockId=conID: 3 locID: 102696733752033894 bcsId: 0,size=2097152]} | ret=SUCCESS |  
2019-08-28 21:29:57,980 | INFO  | DNAudit | user=null | ip=null | op=WRITE_CHUNK {blockData=conID: 3 locID: 102696733752033894 bcsId: 4038} | ret=SUCCESS |  
2019-08-28 21:29:57,982 | INFO  | DNAudit | user=null | ip=null | op=WRITE_CHUNK {blockData=conID: 3 locID: 102696733752033894 bcsId: 4038} | ret=SUCCESS |  
2019-08-28 21:29:57,983 | INFO  | DNAudit | user=null | ip=null | op=WRITE_CHUNK {blockData=conID: 3 locID: 102696733752033894 bcsId: 4038} | ret=SUCCESS |  
2019-08-28 21:29:57,992 | INFO  | DNAudit | user=null | ip=null | op=WRITE_CHUNK {blockData=conID: 3 locID: 102696733752033894 bcsId: 4038} | ret=SUCCESS |  
2019-08-28 21:29:57,992 | INFO  | DNAudit | user=null | ip=null | op=PUT_BLOCK {blockData=[blockId=conID: 3 locID: 102696733752033894 bcsId: 0,size=3145728]} | ret=SUCCESS |  
2019-08-28 21:29:57,992 [grpc-default-executor-6] INFO  client.GrpcClientProtocolClient (GrpcClientProtocolClient.java:onNext(255)) - client-05DA20D107F8->b461a7b0-028a-4eb5-b268-b89ac225aff8: receive RaftClientReply:client-05DA20D107F8->b461a7b0-028a-4eb5-b268-b89ac225aff8@group-0C8C0AA7542A, cid=2706, SUCCESS, logIndex=4043, commits[b461a7b0-028a-4eb5-b268-b89ac225aff8:c4044, b6ff45f5-67b8-463b-a273-c2e7d9dadd75:c4042, 6a5cb75f-f7eb-4671-9a85-3b6f7898f6cc:c4042]
2019-08-28 21:29:57,993 [grpc-default-executor-6] INFO  client.GrpcClientProtocolClient (GrpcClientProtocolClient.java:onNext(255)) - client-05DA20D107F8->b461a7b0-028a-4eb5-b268-b89ac225aff8: receive RaftClientReply:client-05DA20D107F8->b461a7b0-028a-4eb5-b268-b89ac225aff8@group-0C8C0AA7542A, cid=2707, SUCCESS, logIndex=4044, commits[b461a7b0-028a-4eb5-b268-b89ac225aff8:c4044, b6ff45f5-67b8-463b-a273-c2e7d9dadd75:c4042, 6a5cb75f-f7eb-4671-9a85-3b6f7898f6cc:c4042]
2019-08-28 21:29:58,000 | INFO  | DNAudit | user=null | ip=null | op=WRITE_CHUNK {blockData=conID: 3 locID: 102696733752033894 bcsId: 4044} | ret=SUCCESS |  
2019-08-28 21:29:58,002 | INFO  | DNAudit | user=null | ip=null | op=WRITE_CHUNK {blockData=conID: 3 locID: 102696733752033894 bcsId: 4044} | ret=SUCCESS |  
2019-08-28 21:29:58,002 | INFO  | DNAudit | user=null | ip=null | op=WRITE_CHUNK {blockData=conID: 3 locID: 102696733752033894 bcsId: 4044} | ret=SUCCESS |  
2019-08-28 21:29:58,004 | INFO  | DNAudit | user=null | ip=null | op=WRITE_CHUNK {blockData=conID: 3 locID: 102696733752033894 bcsId: 4038} | ret=SUCCESS |  
2019-08-28 21:29:58,004 | INFO  | DNAudit | user=null | ip=null | op=WRITE_CHUNK {blockData=conID: 3 locID: 102696733752033894 bcsId: 4038} | ret=SUCCESS |  
2019-08-28 21:29:58,005 | INFO  | DNAudit | user=null | ip=null | op=PUT_BLOCK {blockData=[blockId=conID: 3 locID: 102696733752033894 bcsId: 0,size=3145728]} | ret=SUCCESS |  
2019-08-28 21:29:58,005 | INFO  | DNAudit | user=null | ip=null | op=PUT_BLOCK {blockData=[blockId=conID: 3 locID: 102696733752033894 bcsId: 0,size=3145728]} | ret=SUCCESS |  
2019-08-28 21:29:58,005 | INFO  | DNAudit | user=null | ip=null | op=WRITE_CHUNK {blockData=conID: 3 locID: 102696733752033894 bcsId: 4044} | ret=SUCCESS |  
2019-08-28 21:29:58,006 | INFO  | DNAudit | user=null | ip=null | op=PUT_BLOCK {blockData=[blockId=conID: 3 locID: 102696733752033894 bcsId: 0,size=4194304]} | ret=SUCCESS |  
2019-08-28 21:29:58,006 [grpc-default-executor-6] INFO  client.GrpcClientProtocolClient (GrpcClientProtocolClient.java:onNext(255)) - client-05DA20D107F8->b461a7b0-028a-4eb5-b268-b89ac225aff8: receive RaftClientReply:client-05DA20D107F8->b461a7b0-028a-4eb5-b268-b89ac225aff8@group-0C8C0AA7542A, cid=2708, SUCCESS, logIndex=4047, commits[b461a7b0-028a-4eb5-b268-b89ac225aff8:c4048, b6ff45f5-67b8-463b-a273-c2e7d9dadd75:c4044, 6a5cb75f-f7eb-4671-9a85-3b6f7898f6cc:c4044]
2019-08-28 21:29:58,006 [grpc-default-executor-6] INFO  client.GrpcClientProtocolClient (GrpcClientProtocolClient.java:onNext(255)) - client-05DA20D107F8->b461a7b0-028a-4eb5-b268-b89ac225aff8: receive RaftClientReply:client-05DA20D107F8->b461a7b0-028a-4eb5-b268-b89ac225aff8@group-0C8C0AA7542A, cid=2709, SUCCESS, logIndex=4048, commits[b461a7b0-028a-4eb5-b268-b89ac225aff8:c4048, b6ff45f5-67b8-463b-a273-c2e7d9dadd75:c4044, 6a5cb75f-f7eb-4671-9a85-3b6f7898f6cc:c4044]
2019-08-28 21:29:58,016 | INFO  | DNAudit | user=null | ip=null | op=WRITE_CHUNK {blockData=conID: 3 locID: 102696733752033894 bcsId: 4044} | ret=SUCCESS |  
2019-08-28 21:29:58,016 | INFO  | DNAudit | user=null | ip=null | op=WRITE_CHUNK {blockData=conID: 3 locID: 102696733752033894 bcsId: 4044} | ret=SUCCESS |  
2019-08-28 21:29:58,019 | INFO  | DNAudit | user=null | ip=null | op=PUT_BLOCK {blockData=[blockId=conID: 3 locID: 102696733752033894 bcsId: 0,size=4194304]} | ret=SUCCESS |  
2019-08-28 21:29:58,019 | INFO  | DNAudit | user=null | ip=null | op=PUT_BLOCK {blockData=[blockId=conID: 3 locID: 102696733752033894 bcsId: 0,size=4194304]} | ret=SUCCESS |  
2019-08-28 21:29:58,019 [grpc-default-executor-6] INFO  client.GrpcClientProtocolClient (GrpcClientProtocolClient.java:onNext(255)) - client-05DA20D107F8->b461a7b0-028a-4eb5-b268-b89ac225aff8: receive RaftClientReply:client-05DA20D107F8->b461a7b0-028a-4eb5-b268-b89ac225aff8@group-0C8C0AA7542A, cid=2710, SUCCESS, logIndex=0, commits[b461a7b0-028a-4eb5-b268-b89ac225aff8:c4050, b6ff45f5-67b8-463b-a273-c2e7d9dadd75:c4048, 6a5cb75f-f7eb-4671-9a85-3b6f7898f6cc:c4048]
2019-08-28 21:29:58,025 | INFO  | SCMAudit | user=jenkins1000 | ip=127.0.0.1 | op=ALLOCATE_BLOCK {owner=a0140aad-a474-4492-a39d-25bd6167d9f0, size=4194304, type=RATIS, factor=THREE} | ret=SUCCESS |  
2019-08-28 21:29:58,028 | INFO  | OMAudit | user=jenkins1000 | ip=127.0.0.1 | op=ALLOCATE_BLOCK {volume=vol-0-08922, bucket=bucket-0-29862, key=key-0-31337, dataSize=0, replicationType=null, replicationFactor=null, keyLocationInfo=null, clientID=102696731548516754} | ret=SUCCESS |  
2019-08-28 21:29:58,035 | INFO  | DNAudit | user=null | ip=null | op=WRITE_CHUNK {blockData=conID: 1 locID: 102696733771367015 bcsId: 0} | ret=SUCCESS |  
2019-08-28 21:29:58,038 | INFO  | DNAudit | user=null | ip=null | op=WRITE_CHUNK {blockData=conID: 1 locID: 102696733771367015 bcsId: 0} | ret=SUCCESS |  
2019-08-28 21:29:58,038 | INFO  | DNAudit | user=null | ip=null | op=WRITE_CHUNK {blockData=conID: 1 locID: 102696733771367015 bcsId: 0} | ret=SUCCESS |  
2019-08-28 21:29:58,038 | INFO  | DNAudit | user=null | ip=null | op=WRITE_CHUNK {blockData=conID: 1 locID: 102696733771367015 bcsId: 0} | ret=SUCCESS |  
2019-08-28 21:29:58,039 | INFO  | DNAudit | user=null | ip=null | op=WRITE_CHUNK {blockData=conID: 1 locID: 102696733771367015 bcsId: 0} | ret=SUCCESS |  
2019-08-28 21:29:58,040 | INFO  | DNAudit | user=null | ip=null | op=PUT_BLOCK {blockData=[blockId=conID: 1 locID: 102696733771367015 bcsId: 0,size=1048576]} | ret=SUCCESS |  
2019-08-28 21:29:58,040 [grpc-default-executor-5] INFO  client.GrpcClientProtocolClient (GrpcClientProtocolClient.java:onNext(255)) - client-05DA20D107F8->b461a7b0-028a-4eb5-b268-b89ac225aff8: receive RaftClientReply:client-05DA20D107F8->b461a7b0-028a-4eb5-b268-b89ac225aff8@group-0C8C0AA7542A, cid=2711, SUCCESS, logIndex=4051, commits[b461a7b0-028a-4eb5-b268-b89ac225aff8:c4052, b6ff45f5-67b8-463b-a273-c2e7d9dadd75:c4050, 6a5cb75f-f7eb-4671-9a85-3b6f7898f6cc:c4050]
2019-08-28 21:29:58,040 [grpc-default-executor-5] INFO  client.GrpcClientProtocolClient (GrpcClientProtocolClient.java:onNext(255)) - client-05DA20D107F8->b461a7b0-028a-4eb5-b268-b89ac225aff8: receive RaftClientReply:client-05DA20D107F8->b461a7b0-028a-4eb5-b268-b89ac225aff8@group-0C8C0AA7542A, cid=2712, SUCCESS, logIndex=4052, commits[b461a7b0-028a-4eb5-b268-b89ac225aff8:c4052, b6ff45f5-67b8-463b-a273-c2e7d9dadd75:c4050, 6a5cb75f-f7eb-4671-9a85-3b6f7898f6cc:c4050]
2019-08-28 21:29:58,040 | INFO  | DNAudit | user=null | ip=null | op=WRITE_CHUNK {blockData=conID: 1 locID: 102696733771367015 bcsId: 0} | ret=SUCCESS |  
2019-08-28 21:29:58,041 | INFO  | DNAudit | user=null | ip=null | op=WRITE_CHUNK {blockData=conID: 1 locID: 102696733771367015 bcsId: 0} | ret=SUCCESS |  
2019-08-28 21:29:58,047 | INFO  | DNAudit | user=null | ip=null | op=WRITE_CHUNK {blockData=conID: 1 locID: 102696733771367015 bcsId: 0} | ret=SUCCESS |  
2019-08-28 21:29:58,048 | INFO  | DNAudit | user=null | ip=null | op=WRITE_CHUNK {blockData=conID: 1 locID: 102696733771367015 bcsId: 0} | ret=SUCCESS |  
2019-08-28 21:29:58,048 | INFO  | DNAudit | user=null | ip=null | op=WRITE_CHUNK {blockData=conID: 1 locID: 102696733771367015 bcsId: 0} | ret=SUCCESS |  
2019-08-28 21:29:58,048 | INFO  | DNAudit | user=null | ip=null | op=PUT_BLOCK {blockData=[blockId=conID: 1 locID: 102696733771367015 bcsId: 0,size=1048576]} | ret=SUCCESS |  
2019-08-28 21:29:58,048 | INFO  | DNAudit | user=null | ip=null | op=PUT_BLOCK {blockData=[blockId=conID: 1 locID: 102696733771367015 bcsId: 0,size=1048576]} | ret=SUCCESS |  
2019-08-28 21:29:58,048 | INFO  | DNAudit | user=null | ip=null | op=PUT_BLOCK {blockData=[blockId=conID: 1 locID: 102696733771367015 bcsId: 0,size=2097152]} | ret=SUCCESS |  
2019-08-28 21:29:58,048 [grpc-default-executor-6] INFO  client.GrpcClientProtocolClient (GrpcClientProtocolClient.java:onNext(255)) - client-05DA20D107F8->b461a7b0-028a-4eb5-b268-b89ac225aff8: receive RaftClientReply:client-05DA20D107F8->b461a7b0-028a-4eb5-b268-b89ac225aff8@group-0C8C0AA7542A, cid=2713, SUCCESS, logIndex=4053, commits[b461a7b0-028a-4eb5-b268-b89ac225aff8:c4054, b6ff45f5-67b8-463b-a273-c2e7d9dadd75:c4050, 6a5cb75f-f7eb-4671-9a85-3b6f7898f6cc:c4050]
2019-08-28 21:29:58,049 [grpc-default-executor-6] INFO  client.GrpcClientProtocolClient (GrpcClientProtocolClient.java:onNext(255)) - client-05DA20D107F8->b461a7b0-028a-4eb5-b268-b89ac225aff8: receive RaftClientReply:client-05DA20D107F8->b461a7b0-028a-4eb5-b268-b89ac225aff8@group-0C8C0AA7542A, cid=2714, SUCCESS, logIndex=4054, commits[b461a7b0-028a-4eb5-b268-b89ac225aff8:c4054, b6ff45f5-67b8-463b-a273-c2e7d9dadd75:c4052, 6a5cb75f-f7eb-4671-9a85-3b6f7898f6cc:c4052]
2019-08-28 21:29:58,051 | INFO  | DNAudit | user=null | ip=null | op=WRITE_CHUNK {blockData=conID: 1 locID: 102696733771367015 bcsId: 0} | ret=SUCCESS |  
2019-08-28 21:29:58,051 | INFO  | DNAudit | user=null | ip=null | op=WRITE_CHUNK {blockData=conID: 1 locID: 102696733771367015 bcsId: 0} | ret=SUCCESS |  
2019-08-28 21:29:58,051 | INFO  | DNAudit | user=null | ip=null | op=PUT_BLOCK {blockData=[blockId=conID: 1 locID: 102696733771367015 bcsId: 0,size=2097152]} | ret=SUCCESS |  
2019-08-28 21:29:58,055 | INFO  | DNAudit | user=null | ip=null | op=WRITE_CHUNK {blockData=conID: 1 locID: 102696733771367015 bcsId: 4054} | ret=SUCCESS |  
2019-08-28 21:29:58,056 | INFO  | DNAudit | user=null | ip=null | op=WRITE_CHUNK {blockData=conID: 1 locID: 102696733771367015 bcsId: 4054} | ret=SUCCESS |  
2019-08-28 21:29:58,056 | INFO  | DNAudit | user=null | ip=null | op=WRITE_CHUNK {blockData=conID: 1 locID: 102696733771367015 bcsId: 4054} | ret=SUCCESS |  
2019-08-28 21:29:58,060 | INFO  | DNAudit | user=null | ip=null | op=PUT_BLOCK {blockData=[blockId=conID: 1 locID: 102696733771367015 bcsId: 0,size=2097152]} | ret=SUCCESS |  
2019-08-28 21:29:58,060 | INFO  | DNAudit | user=null | ip=null | op=WRITE_CHUNK {blockData=conID: 1 locID: 102696733771367015 bcsId: 4054} | ret=SUCCESS |  
2019-08-28 21:29:58,060 | INFO  | DNAudit | user=null | ip=null | op=PUT_BLOCK {blockData=[blockId=conID: 1 locID: 102696733771367015 bcsId: 0,size=3145728]} | ret=SUCCESS |  
2019-08-28 21:29:58,060 [grpc-default-executor-3] INFO  client.GrpcClientProtocolClient (GrpcClientProtocolClient.java:onNext(255)) - client-05DA20D107F8->b461a7b0-028a-4eb5-b268-b89ac225aff8: receive RaftClientReply:client-05DA20D107F8->b461a7b0-028a-4eb5-b268-b89ac225aff8@group-0C8C0AA7542A, cid=2715, SUCCESS, logIndex=4059, commits[b461a7b0-028a-4eb5-b268-b89ac225aff8:c4060, b6ff45f5-67b8-463b-a273-c2e7d9dadd75:c4056, 6a5cb75f-f7eb-4671-9a85-3b6f7898f6cc:c4054]
2019-08-28 21:29:58,061 [grpc-default-executor-3] INFO  client.GrpcClientProtocolClient (GrpcClientProtocolClient.java:onNext(255)) - client-05DA20D107F8->b461a7b0-028a-4eb5-b268-b89ac225aff8: receive RaftClientReply:client-05DA20D107F8->b461a7b0-028a-4eb5-b268-b89ac225aff8@group-0C8C0AA7542A, cid=2716, SUCCESS, logIndex=4060, commits[b461a7b0-028a-4eb5-b268-b89ac225aff8:c4060, b6ff45f5-67b8-463b-a273-c2e7d9dadd75:c4056, 6a5cb75f-f7eb-4671-9a85-3b6f7898f6cc:c4054]
2019-08-28 21:29:58,061 | INFO  | DNAudit | user=null | ip=null | op=WRITE_CHUNK {blockData=conID: 1 locID: 102696733771367015 bcsId: 4054} | ret=SUCCESS |  
2019-08-28 21:29:58,062 | INFO  | DNAudit | user=null | ip=null | op=PUT_BLOCK {blockData=[blockId=conID: 1 locID: 102696733771367015 bcsId: 0,size=3145728]} | ret=SUCCESS |  
2019-08-28 21:29:58,062 | INFO  | DNAudit | user=null | ip=null | op=WRITE_CHUNK {blockData=conID: 1 locID: 102696733771367015 bcsId: 4054} | ret=SUCCESS |  
2019-08-28 21:29:58,062 | INFO  | DNAudit | user=null | ip=null | op=PUT_BLOCK {blockData=[blockId=conID: 1 locID: 102696733771367015 bcsId: 0,size=3145728]} | ret=SUCCESS |  
2019-08-28 21:29:58,066 | INFO  | DNAudit | user=null | ip=null | op=WRITE_CHUNK {blockData=conID: 1 locID: 102696733771367015 bcsId: 4060} | ret=SUCCESS |  
2019-08-28 21:29:58,069 | INFO  | DNAudit | user=null | ip=null | op=WRITE_CHUNK {blockData=conID: 1 locID: 102696733771367015 bcsId: 4060} | ret=SUCCESS |  
2019-08-28 21:29:58,069 | INFO  | DNAudit | user=null | ip=null | op=WRITE_CHUNK {blockData=conID: 1 locID: 102696733771367015 bcsId: 4060} | ret=SUCCESS |  
2019-08-28 21:29:58,091 | INFO  | DNAudit | user=null | ip=null | op=WRITE_CHUNK {blockData=conID: 1 locID: 102696733771367015 bcsId: 4060} | ret=SUCCESS |  
2019-08-28 21:29:58,091 | INFO  | DNAudit | user=null | ip=null | op=PUT_BLOCK {blockData=[blockId=conID: 1 locID: 102696733771367015 bcsId: 0,size=4194304]} | ret=SUCCESS |  
2019-08-28 21:29:58,091 [grpc-default-executor-6] INFO  client.GrpcClientProtocolClient (GrpcClientProtocolClient.java:onNext(255)) - client-05DA20D107F8->b461a7b0-028a-4eb5-b268-b89ac225aff8: receive RaftClientReply:client-05DA20D107F8->b461a7b0-028a-4eb5-b268-b89ac225aff8@group-0C8C0AA7542A, cid=2717, SUCCESS, logIndex=4062, commits[b461a7b0-028a-4eb5-b268-b89ac225aff8:c4063, b6ff45f5-67b8-463b-a273-c2e7d9dadd75:c4061, 6a5cb75f-f7eb-4671-9a85-3b6f7898f6cc:c4061]
2019-08-28 21:29:58,092 [grpc-default-executor-6] INFO  client.GrpcClientProtocolClient (GrpcClientProtocolClient.java:onNext(255)) - client-05DA20D107F8->b461a7b0-028a-4eb5-b268-b89ac225aff8: receive RaftClientReply:client-05DA20D107F8->b461a7b0-028a-4eb5-b268-b89ac225aff8@group-0C8C0AA7542A, cid=2718, SUCCESS, logIndex=4063, commits[b461a7b0-028a-4eb5-b268-b89ac225aff8:c4063, b6ff45f5-67b8-463b-a273-c2e7d9dadd75:c4061, 6a5cb75f-f7eb-4671-9a85-3b6f7898f6cc:c4061]
2019-08-28 21:29:58,122 | INFO  | DNAudit | user=null | ip=null | op=WRITE_CHUNK {blockData=conID: 1 locID: 102696733771367015 bcsId: 4060} | ret=SUCCESS |  
2019-08-28 21:29:58,122 | INFO  | DNAudit | user=null | ip=null | op=WRITE_CHUNK {blockData=conID: 1 locID: 102696733771367015 bcsId: 4060} | ret=SUCCESS |  
2019-08-28 21:29:58,122 | INFO  | DNAudit | user=null | ip=null | op=PUT_BLOCK {blockData=[blockId=conID: 1 locID: 102696733771367015 bcsId: 0,size=4194304]} | ret=SUCCESS |  
2019-08-28 21:29:58,122 | INFO  | DNAudit | user=null | ip=null | op=PUT_BLOCK {blockData=[blockId=conID: 1 locID: 102696733771367015 bcsId: 0,size=4194304]} | ret=SUCCESS |  
2019-08-28 21:29:58,122 [grpc-default-executor-6] INFO  client.GrpcClientProtocolClient (GrpcClientProtocolClient.java:onNext(255)) - client-05DA20D107F8->b461a7b0-028a-4eb5-b268-b89ac225aff8: receive RaftClientReply:client-05DA20D107F8->b461a7b0-028a-4eb5-b268-b89ac225aff8@group-0C8C0AA7542A, cid=2719, SUCCESS, logIndex=0, commits[b461a7b0-028a-4eb5-b268-b89ac225aff8:c4063, b6ff45f5-67b8-463b-a273-c2e7d9dadd75:c4063, 6a5cb75f-f7eb-4671-9a85-3b6f7898f6cc:c4063]
2019-08-28 21:29:58,128 | INFO  | SCMAudit | user=jenkins1000 | ip=127.0.0.1 | op=ALLOCATE_BLOCK {owner=a0140aad-a474-4492-a39d-25bd6167d9f0, size=4194304, type=RATIS, factor=THREE} | ret=SUCCESS |  
2019-08-28 21:29:58,130 | INFO  | OMAudit | user=jenkins1000 | ip=127.0.0.1 | op=ALLOCATE_BLOCK {volume=vol-0-08922, bucket=bucket-0-29862, key=key-0-31337, dataSize=0, replicationType=null, replicationFactor=null, keyLocationInfo=null, clientID=102696731548516754} | ret=SUCCESS |  
2019-08-28 21:29:58,136 | INFO  | DNAudit | user=null | ip=null | op=WRITE_CHUNK {blockData=conID: 2 locID: 102696733778117224 bcsId: 0} | ret=SUCCESS |  
2019-08-28 21:29:58,138 | INFO  | DNAudit | user=null | ip=null | op=WRITE_CHUNK {blockData=conID: 2 locID: 102696733778117224 bcsId: 0} | ret=SUCCESS |  
2019-08-28 21:29:58,138 | INFO  | DNAudit | user=null | ip=null | op=WRITE_CHUNK {blockData=conID: 2 locID: 102696733778117224 bcsId: 0} | ret=SUCCESS |  
2019-08-28 21:29:58,139 | INFO  | DNAudit | user=null | ip=null | op=WRITE_CHUNK {blockData=conID: 2 locID: 102696733778117224 bcsId: 0} | ret=SUCCESS |  
2019-08-28 21:29:58,140 | INFO  | DNAudit | user=null | ip=null | op=WRITE_CHUNK {blockData=conID: 2 locID: 102696733778117224 bcsId: 0} | ret=SUCCESS |  
2019-08-28 21:29:58,140 | INFO  | DNAudit | user=null | ip=null | op=WRITE_CHUNK {blockData=conID: 2 locID: 102696733778117224 bcsId: 0} | ret=SUCCESS |  
2019-08-28 21:29:58,153 | INFO  | DNAudit | user=null | ip=null | op=WRITE_CHUNK {blockData=conID: 2 locID: 102696733778117224 bcsId: 0} | ret=SUCCESS |  
2019-08-28 21:29:58,154 | INFO  | DNAudit | user=null | ip=null | op=PUT_BLOCK {blockData=[blockId=conID: 2 locID: 102696733778117224 bcsId: 0,size=1048576]} | ret=SUCCESS |  
2019-08-28 21:29:58,154 | INFO  | DNAudit | user=null | ip=null | op=WRITE_CHUNK {blockData=conID: 2 locID: 102696733778117224 bcsId: 0} | ret=SUCCESS |  
2019-08-28 21:29:58,154 [grpc-default-executor-1] INFO  client.GrpcClientProtocolClient (GrpcClientProtocolClient.java:onNext(255)) - client-05DA20D107F8->b461a7b0-028a-4eb5-b268-b89ac225aff8: receive RaftClientReply:client-05DA20D107F8->b461a7b0-028a-4eb5-b268-b89ac225aff8@group-0C8C0AA7542A, cid=2720, SUCCESS, logIndex=4066, commits[b461a7b0-028a-4eb5-b268-b89ac225aff8:c4068, b6ff45f5-67b8-463b-a273-c2e7d9dadd75:c4065, 6a5cb75f-f7eb-4671-9a85-3b6f7898f6cc:c4065]
2019-08-28 21:29:58,154 | INFO  | DNAudit | user=null | ip=null | op=PUT_BLOCK {blockData=[blockId=conID: 2 locID: 102696733778117224 bcsId: 0,size=2097152]} | ret=SUCCESS |  
2019-08-28 21:29:58,155 [grpc-default-executor-1] INFO  client.GrpcClientProtocolClient (GrpcClientProtocolClient.java:onNext(255)) - client-05DA20D107F8->b461a7b0-028a-4eb5-b268-b89ac225aff8: receive RaftClientReply:client-05DA20D107F8->b461a7b0-028a-4eb5-b268-b89ac225aff8@group-0C8C0AA7542A, cid=2721, SUCCESS, logIndex=4067, commits[b461a7b0-028a-4eb5-b268-b89ac225aff8:c4069, b6ff45f5-67b8-463b-a273-c2e7d9dadd75:c4065, 6a5cb75f-f7eb-4671-9a85-3b6f7898f6cc:c4065]
2019-08-28 21:29:58,155 [grpc-default-executor-1] INFO  client.GrpcClientProtocolClient (GrpcClientProtocolClient.java:onNext(255)) - client-05DA20D107F8->b461a7b0-028a-4eb5-b268-b89ac225aff8: receive RaftClientReply:client-05DA20D107F8->b461a7b0-028a-4eb5-b268-b89ac225aff8@group-0C8C0AA7542A, cid=2722, SUCCESS, logIndex=4068, commits[b461a7b0-028a-4eb5-b268-b89ac225aff8:c4069, b6ff45f5-67b8-463b-a273-c2e7d9dadd75:c4065, 6a5cb75f-f7eb-4671-9a85-3b6f7898f6cc:c4065]
2019-08-28 21:29:58,155 [grpc-default-executor-1] INFO  client.GrpcClientProtocolClient (GrpcClientProtocolClient.java:onNext(255)) - client-05DA20D107F8->b461a7b0-028a-4eb5-b268-b89ac225aff8: receive RaftClientReply:client-05DA20D107F8->b461a7b0-028a-4eb5-b268-b89ac225aff8@group-0C8C0AA7542A, cid=2723, SUCCESS, logIndex=4069, commits[b461a7b0-028a-4eb5-b268-b89ac225aff8:c4069, b6ff45f5-67b8-463b-a273-c2e7d9dadd75:c4065, 6a5cb75f-f7eb-4671-9a85-3b6f7898f6cc:c4065]
2019-08-28 21:29:58,156 | INFO  | DNAudit | user=null | ip=null | op=WRITE_CHUNK {blockData=conID: 2 locID: 102696733778117224 bcsId: 0} | ret=SUCCESS |  
2019-08-28 21:29:58,173 | INFO  | DNAudit | user=null | ip=null | op=WRITE_CHUNK {blockData=conID: 2 locID: 102696733778117224 bcsId: 0} | ret=SUCCESS |  
2019-08-28 21:29:58,174 | INFO  | DNAudit | user=null | ip=null | op=PUT_BLOCK {blockData=[blockId=conID: 2 locID: 102696733778117224 bcsId: 0,size=1048576]} | ret=SUCCESS |  
2019-08-28 21:29:58,174 | INFO  | DNAudit | user=null | ip=null | op=WRITE_CHUNK {blockData=conID: 2 locID: 102696733778117224 bcsId: 0} | ret=SUCCESS |  
2019-08-28 21:29:58,174 | INFO  | DNAudit | user=null | ip=null | op=PUT_BLOCK {blockData=[blockId=conID: 2 locID: 102696733778117224 bcsId: 0,size=2097152]} | ret=SUCCESS |  
2019-08-28 21:29:58,174 | INFO  | DNAudit | user=null | ip=null | op=PUT_BLOCK {blockData=[blockId=conID: 2 locID: 102696733778117224 bcsId: 0,size=1048576]} | ret=SUCCESS |  
2019-08-28 21:29:58,174 | INFO  | DNAudit | user=null | ip=null | op=WRITE_CHUNK {blockData=conID: 2 locID: 102696733778117224 bcsId: 0} | ret=SUCCESS |  
2019-08-28 21:29:58,175 | INFO  | DNAudit | user=null | ip=null | op=PUT_BLOCK {blockData=[blockId=conID: 2 locID: 102696733778117224 bcsId: 0,size=2097152]} | ret=SUCCESS |  
2019-08-28 21:29:58,175 [grpc-default-executor-1] INFO  client.GrpcClientProtocolClient (GrpcClientProtocolClient.java:onNext(255)) - client-05DA20D107F8->b461a7b0-028a-4eb5-b268-b89ac225aff8: receive RaftClientReply:client-05DA20D107F8->b461a7b0-028a-4eb5-b268-b89ac225aff8@group-0C8C0AA7542A, cid=2724, SUCCESS, logIndex=0, commits[b461a7b0-028a-4eb5-b268-b89ac225aff8:c4073, b6ff45f5-67b8-463b-a273-c2e7d9dadd75:c4069, 6a5cb75f-f7eb-4671-9a85-3b6f7898f6cc:c4067]
2019-08-28 21:29:58,181 | INFO  | DNAudit | user=null | ip=null | op=WRITE_CHUNK {blockData=conID: 2 locID: 102696733778117224 bcsId: 4069} | ret=SUCCESS |  
2019-08-28 21:29:58,182 | INFO  | DNAudit | user=null | ip=null | op=WRITE_CHUNK {blockData=conID: 2 locID: 102696733778117224 bcsId: 4069} | ret=SUCCESS |  
2019-08-28 21:29:58,183 | INFO  | DNAudit | user=null | ip=null | op=WRITE_CHUNK {blockData=conID: 2 locID: 102696733778117224 bcsId: 4069} | ret=SUCCESS |  
2019-08-28 21:29:58,197 | INFO  | DNAudit | user=null | ip=null | op=WRITE_CHUNK {blockData=conID: 2 locID: 102696733778117224 bcsId: 4069} | ret=SUCCESS |  
2019-08-28 21:29:58,197 | INFO  | DNAudit | user=null | ip=null | op=PUT_BLOCK {blockData=[blockId=conID: 2 locID: 102696733778117224 bcsId: 0,size=3145728]} | ret=SUCCESS |  
2019-08-28 21:29:58,197 [grpc-default-executor-6] INFO  client.GrpcClientProtocolClient (GrpcClientProtocolClient.java:onNext(255)) - client-05DA20D107F8->b461a7b0-028a-4eb5-b268-b89ac225aff8: receive RaftClientReply:client-05DA20D107F8->b461a7b0-028a-4eb5-b268-b89ac225aff8@group-0C8C0AA7542A, cid=2725, SUCCESS, logIndex=4074, commits[b461a7b0-028a-4eb5-b268-b89ac225aff8:c4075, b6ff45f5-67b8-463b-a273-c2e7d9dadd75:c4073, 6a5cb75f-f7eb-4671-9a85-3b6f7898f6cc:c4073]
2019-08-28 21:29:58,198 [grpc-default-executor-6] INFO  client.GrpcClientProtocolClient (GrpcClientProtocolClient.java:onNext(255)) - client-05DA20D107F8->b461a7b0-028a-4eb5-b268-b89ac225aff8: receive RaftClientReply:client-05DA20D107F8->b461a7b0-028a-4eb5-b268-b89ac225aff8@group-0C8C0AA7542A, cid=2726, SUCCESS, logIndex=4075, commits[b461a7b0-028a-4eb5-b268-b89ac225aff8:c4075, b6ff45f5-67b8-463b-a273-c2e7d9dadd75:c4073, 6a5cb75f-f7eb-4671-9a85-3b6f7898f6cc:c4073]
2019-08-28 21:29:58,203 | INFO  | DNAudit | user=null | ip=null | op=WRITE_CHUNK {blockData=conID: 2 locID: 102696733778117224 bcsId: 4075} | ret=SUCCESS |  
2019-08-28 21:29:58,204 | INFO  | DNAudit | user=null | ip=null | op=WRITE_CHUNK {blockData=conID: 2 locID: 102696733778117224 bcsId: 4075} | ret=SUCCESS |  
2019-08-28 21:29:58,205 | INFO  | DNAudit | user=null | ip=null | op=WRITE_CHUNK {blockData=conID: 2 locID: 102696733778117224 bcsId: 4075} | ret=SUCCESS |  
2019-08-28 21:29:58,206 | INFO  | DNAudit | user=null | ip=null | op=WRITE_CHUNK {blockData=conID: 2 locID: 102696733778117224 bcsId: 4069} | ret=SUCCESS |  
2019-08-28 21:29:58,206 | INFO  | DNAudit | user=null | ip=null | op=WRITE_CHUNK {blockData=conID: 2 locID: 102696733778117224 bcsId: 4069} | ret=SUCCESS |  
2019-08-28 21:29:58,206 | INFO  | DNAudit | user=null | ip=null | op=PUT_BLOCK {blockData=[blockId=conID: 2 locID: 102696733778117224 bcsId: 0,size=3145728]} | ret=SUCCESS |  
2019-08-28 21:29:58,206 | INFO  | DNAudit | user=null | ip=null | op=PUT_BLOCK {blockData=[blockId=conID: 2 locID: 102696733778117224 bcsId: 0,size=3145728]} | ret=SUCCESS |  
2019-08-28 21:29:58,208 | INFO  | DNAudit | user=null | ip=null | op=WRITE_CHUNK {blockData=conID: 2 locID: 102696733778117224 bcsId: 4075} | ret=SUCCESS |  
2019-08-28 21:29:58,208 | INFO  | DNAudit | user=null | ip=null | op=PUT_BLOCK {blockData=[blockId=conID: 2 locID: 102696733778117224 bcsId: 0,size=4194304]} | ret=SUCCESS |  
2019-08-28 21:29:58,209 [grpc-default-executor-1] INFO  client.GrpcClientProtocolClient (GrpcClientProtocolClient.java:onNext(255)) - client-05DA20D107F8->b461a7b0-028a-4eb5-b268-b89ac225aff8: receive RaftClientReply:client-05DA20D107F8->b461a7b0-028a-4eb5-b268-b89ac225aff8@group-0C8C0AA7542A, cid=2727, SUCCESS, logIndex=4078, commits[b461a7b0-028a-4eb5-b268-b89ac225aff8:c4079, b6ff45f5-67b8-463b-a273-c2e7d9dadd75:c4075, 6a5cb75f-f7eb-4671-9a85-3b6f7898f6cc:c4075]
2019-08-28 21:29:58,209 [grpc-default-executor-1] INFO  client.GrpcClientProtocolClient (GrpcClientProtocolClient.java:onNext(255)) - client-05DA20D107F8->b461a7b0-028a-4eb5-b268-b89ac225aff8: receive RaftClientReply:client-05DA20D107F8->b461a7b0-028a-4eb5-b268-b89ac225aff8@group-0C8C0AA7542A, cid=2728, SUCCESS, logIndex=4079, commits[b461a7b0-028a-4eb5-b268-b89ac225aff8:c4079, b6ff45f5-67b8-463b-a273-c2e7d9dadd75:c4075, 6a5cb75f-f7eb-4671-9a85-3b6f7898f6cc:c4075]
2019-08-28 21:29:58,215 | INFO  | DNAudit | user=null | ip=null | op=WRITE_CHUNK {blockData=conID: 2 locID: 102696733778117224 bcsId: 4075} | ret=SUCCESS |  
2019-08-28 21:29:58,215 | INFO  | DNAudit | user=null | ip=null | op=WRITE_CHUNK {blockData=conID: 2 locID: 102696733778117224 bcsId: 4075} | ret=SUCCESS |  
2019-08-28 21:29:58,215 | INFO  | DNAudit | user=null | ip=null | op=PUT_BLOCK {blockData=[blockId=conID: 2 locID: 102696733778117224 bcsId: 0,size=4194304]} | ret=SUCCESS |  
2019-08-28 21:29:58,215 | INFO  | DNAudit | user=null | ip=null | op=PUT_BLOCK {blockData=[blockId=conID: 2 locID: 102696733778117224 bcsId: 0,size=4194304]} | ret=SUCCESS |  
2019-08-28 21:29:58,215 [grpc-default-executor-6] INFO  client.GrpcClientProtocolClient (GrpcClientProtocolClient.java:onNext(255)) - client-05DA20D107F8->b461a7b0-028a-4eb5-b268-b89ac225aff8: receive RaftClientReply:client-05DA20D107F8->b461a7b0-028a-4eb5-b268-b89ac225aff8@group-0C8C0AA7542A, cid=2729, SUCCESS, logIndex=0, commits[b461a7b0-028a-4eb5-b268-b89ac225aff8:c4079, b6ff45f5-67b8-463b-a273-c2e7d9dadd75:c4079, 6a5cb75f-f7eb-4671-9a85-3b6f7898f6cc:c4079]
2019-08-28 21:29:58,220 | INFO  | SCMAudit | user=jenkins1000 | ip=127.0.0.1 | op=ALLOCATE_BLOCK {owner=a0140aad-a474-4492-a39d-25bd6167d9f0, size=4194304, type=RATIS, factor=THREE} | ret=SUCCESS |  
2019-08-28 21:29:58,223 | INFO  | OMAudit | user=jenkins1000 | ip=127.0.0.1 | op=ALLOCATE_BLOCK {volume=vol-0-08922, bucket=bucket-0-29862, key=key-0-31337, dataSize=0, replicationType=null, replicationFactor=null, keyLocationInfo=null, clientID=102696731548516754} | ret=SUCCESS |  
2019-08-28 21:29:58,229 | INFO  | DNAudit | user=null | ip=null | op=WRITE_CHUNK {blockData=conID: 3 locID: 102696733784146537 bcsId: 0} | ret=SUCCESS |  
2019-08-28 21:29:58,231 | INFO  | DNAudit | user=null | ip=null | op=WRITE_CHUNK {blockData=conID: 3 locID: 102696733784146537 bcsId: 0} | ret=SUCCESS |  
2019-08-28 21:29:58,231 | INFO  | DNAudit | user=null | ip=null | op=WRITE_CHUNK {blockData=conID: 3 locID: 102696733784146537 bcsId: 0} | ret=SUCCESS |  
2019-08-28 21:29:58,231 | INFO  | DNAudit | user=null | ip=null | op=WRITE_CHUNK {blockData=conID: 3 locID: 102696733784146537 bcsId: 0} | ret=SUCCESS |  
2019-08-28 21:29:58,232 | INFO  | DNAudit | user=null | ip=null | op=WRITE_CHUNK {blockData=conID: 3 locID: 102696733784146537 bcsId: 0} | ret=SUCCESS |  
2019-08-28 21:29:58,232 | INFO  | DNAudit | user=null | ip=null | op=WRITE_CHUNK {blockData=conID: 3 locID: 102696733784146537 bcsId: 0} | ret=SUCCESS |  
2019-08-28 21:29:58,241 | INFO  | DNAudit | user=null | ip=null | op=WRITE_CHUNK {blockData=conID: 3 locID: 102696733784146537 bcsId: 0} | ret=SUCCESS |  
2019-08-28 21:29:58,241 | INFO  | DNAudit | user=null | ip=null | op=PUT_BLOCK {blockData=[blockId=conID: 3 locID: 102696733784146537 bcsId: 0,size=1048576]} | ret=SUCCESS |  
2019-08-28 21:29:58,241 [grpc-default-executor-3] INFO  client.GrpcClientProtocolClient (GrpcClientProtocolClient.java:onNext(255)) - client-05DA20D107F8->b461a7b0-028a-4eb5-b268-b89ac225aff8: receive RaftClientReply:client-05DA20D107F8->b461a7b0-028a-4eb5-b268-b89ac225aff8@group-0C8C0AA7542A, cid=2730, SUCCESS, logIndex=4082, commits[b461a7b0-028a-4eb5-b268-b89ac225aff8:c4083, b6ff45f5-67b8-463b-a273-c2e7d9dadd75:c4081, 6a5cb75f-f7eb-4671-9a85-3b6f7898f6cc:c4081]
2019-08-28 21:29:58,242 [grpc-default-executor-3] INFO  client.GrpcClientProtocolClient (GrpcClientProtocolClient.java:onNext(255)) - client-05DA20D107F8->b461a7b0-028a-4eb5-b268-b89ac225aff8: receive RaftClientReply:client-05DA20D107F8->b461a7b0-028a-4eb5-b268-b89ac225aff8@group-0C8C0AA7542A, cid=2731, SUCCESS, logIndex=4083, commits[b461a7b0-028a-4eb5-b268-b89ac225aff8:c4083, b6ff45f5-67b8-463b-a273-c2e7d9dadd75:c4081, 6a5cb75f-f7eb-4671-9a85-3b6f7898f6cc:c4081]
2019-08-28 21:29:58,243 | INFO  | DNAudit | user=null | ip=null | op=WRITE_CHUNK {blockData=conID: 3 locID: 102696733784146537 bcsId: 0} | ret=SUCCESS |  
2019-08-28 21:29:58,244 | INFO  | DNAudit | user=null | ip=null | op=PUT_BLOCK {blockData=[blockId=conID: 3 locID: 102696733784146537 bcsId: 0,size=2097152]} | ret=SUCCESS |  
2019-08-28 21:29:58,244 [grpc-default-executor-1] INFO  client.GrpcClientProtocolClient (GrpcClientProtocolClient.java:onNext(255)) - client-05DA20D107F8->b461a7b0-028a-4eb5-b268-b89ac225aff8: receive RaftClientReply:client-05DA20D107F8->b461a7b0-028a-4eb5-b268-b89ac225aff8@group-0C8C0AA7542A, cid=2732, SUCCESS, logIndex=4084, commits[b461a7b0-028a-4eb5-b268-b89ac225aff8:c4085, b6ff45f5-67b8-463b-a273-c2e7d9dadd75:c4081, 6a5cb75f-f7eb-4671-9a85-3b6f7898f6cc:c4081]
2019-08-28 21:29:58,244 [grpc-default-executor-1] INFO  client.GrpcClientProtocolClient (GrpcClientProtocolClient.java:onNext(255)) - client-05DA20D107F8->b461a7b0-028a-4eb5-b268-b89ac225aff8: receive RaftClientReply:client-05DA20D107F8->b461a7b0-028a-4eb5-b268-b89ac225aff8@group-0C8C0AA7542A, cid=2733, SUCCESS, logIndex=4085, commits[b461a7b0-028a-4eb5-b268-b89ac225aff8:c4085, b6ff45f5-67b8-463b-a273-c2e7d9dadd75:c4081, 6a5cb75f-f7eb-4671-9a85-3b6f7898f6cc:c4081]
2019-08-28 21:29:58,256 | INFO  | DNAudit | user=null | ip=null | op=WRITE_CHUNK {blockData=conID: 3 locID: 102696733784146537 bcsId: 0} | ret=SUCCESS |  
2019-08-28 21:29:58,256 | INFO  | DNAudit | user=null | ip=null | op=PUT_BLOCK {blockData=[blockId=conID: 3 locID: 102696733784146537 bcsId: 0,size=1048576]} | ret=SUCCESS |  
2019-08-28 21:29:58,256 | INFO  | DNAudit | user=null | ip=null | op=WRITE_CHUNK {blockData=conID: 3 locID: 102696733784146537 bcsId: 0} | ret=SUCCESS |  
2019-08-28 21:29:58,256 | INFO  | DNAudit | user=null | ip=null | op=PUT_BLOCK {blockData=[blockId=conID: 3 locID: 102696733784146537 bcsId: 0,size=1048576]} | ret=SUCCESS |  
2019-08-28 21:29:58,256 [grpc-default-executor-1] INFO  client.GrpcClientProtocolClient (GrpcClientProtocolClient.java:onNext(255)) - client-05DA20D107F8->b461a7b0-028a-4eb5-b268-b89ac225aff8: receive RaftClientReply:client-05DA20D107F8->b461a7b0-028a-4eb5-b268-b89ac225aff8@group-0C8C0AA7542A, cid=2734, SUCCESS, logIndex=0, commits[b461a7b0-028a-4eb5-b268-b89ac225aff8:c4086, b6ff45f5-67b8-463b-a273-c2e7d9dadd75:c4083, 6a5cb75f-f7eb-4671-9a85-3b6f7898f6cc:c4083]
2019-08-28 21:29:58,257 | INFO  | DNAudit | user=null | ip=null | op=WRITE_CHUNK {blockData=conID: 3 locID: 102696733784146537 bcsId: 0} | ret=SUCCESS |  
2019-08-28 21:29:58,257 | INFO  | DNAudit | user=null | ip=null | op=WRITE_CHUNK {blockData=conID: 3 locID: 102696733784146537 bcsId: 0} | ret=SUCCESS |  
2019-08-28 21:29:58,257 | INFO  | DNAudit | user=null | ip=null | op=PUT_BLOCK {blockData=[blockId=conID: 3 locID: 102696733784146537 bcsId: 0,size=2097152]} | ret=SUCCESS |  
2019-08-28 21:29:58,257 | INFO  | DNAudit | user=null | ip=null | op=PUT_BLOCK {blockData=[blockId=conID: 3 locID: 102696733784146537 bcsId: 0,size=2097152]} | ret=SUCCESS |  
2019-08-28 21:29:58,262 | INFO  | DNAudit | user=null | ip=null | op=WRITE_CHUNK {blockData=conID: 3 locID: 102696733784146537 bcsId: 4085} | ret=SUCCESS |  
2019-08-28 21:29:58,264 | INFO  | DNAudit | user=null | ip=null | op=WRITE_CHUNK {blockData=conID: 3 locID: 102696733784146537 bcsId: 4085} | ret=SUCCESS |  
2019-08-28 21:29:58,264 | INFO  | DNAudit | user=null | ip=null | op=WRITE_CHUNK {blockData=conID: 3 locID: 102696733784146537 bcsId: 4085} | ret=SUCCESS |  
2019-08-28 21:29:58,267 | INFO  | DNAudit | user=null | ip=null | op=WRITE_CHUNK {blockData=conID: 3 locID: 102696733784146537 bcsId: 4085} | ret=SUCCESS |  
2019-08-28 21:29:58,267 | INFO  | DNAudit | user=null | ip=null | op=PUT_BLOCK {blockData=[blockId=conID: 3 locID: 102696733784146537 bcsId: 0,size=3145728]} | ret=SUCCESS |  
2019-08-28 21:29:58,268 [grpc-default-executor-1] INFO  client.GrpcClientProtocolClient (GrpcClientProtocolClient.java:onNext(255)) - client-05DA20D107F8->b461a7b0-028a-4eb5-b268-b89ac225aff8: receive RaftClientReply:client-05DA20D107F8->b461a7b0-028a-4eb5-b268-b89ac225aff8@group-0C8C0AA7542A, cid=2735, SUCCESS, logIndex=4090, commits[b461a7b0-028a-4eb5-b268-b89ac225aff8:c4091, b6ff45f5-67b8-463b-a273-c2e7d9dadd75:c4089, 6a5cb75f-f7eb-4671-9a85-3b6f7898f6cc:c4089]
2019-08-28 21:29:58,268 [grpc-default-executor-1] INFO  client.GrpcClientProtocolClient (GrpcClientProtocolClient.java:onNext(255)) - client-05DA20D107F8->b461a7b0-028a-4eb5-b268-b89ac225aff8: receive RaftClientReply:client-05DA20D107F8->b461a7b0-028a-4eb5-b268-b89ac225aff8@group-0C8C0AA7542A, cid=2736, SUCCESS, logIndex=4091, commits[b461a7b0-028a-4eb5-b268-b89ac225aff8:c4091, b6ff45f5-67b8-463b-a273-c2e7d9dadd75:c4089, 6a5cb75f-f7eb-4671-9a85-3b6f7898f6cc:c4089]
2019-08-28 21:29:58,273 | INFO  | DNAudit | user=null | ip=null | op=WRITE_CHUNK {blockData=conID: 3 locID: 102696733784146537 bcsId: 4091} | ret=SUCCESS |  
2019-08-28 21:29:58,275 | INFO  | DNAudit | user=null | ip=null | op=WRITE_CHUNK {blockData=conID: 3 locID: 102696733784146537 bcsId: 4085} | ret=SUCCESS |  
2019-08-28 21:29:58,275 | INFO  | DNAudit | user=null | ip=null | op=WRITE_CHUNK {blockData=conID: 3 locID: 102696733784146537 bcsId: 4085} | ret=SUCCESS |  
2019-08-28 21:29:58,275 | INFO  | DNAudit | user=null | ip=null | op=WRITE_CHUNK {blockData=conID: 3 locID: 102696733784146537 bcsId: 4091} | ret=SUCCESS |  
2019-08-28 21:29:58,275 | INFO  | DNAudit | user=null | ip=null | op=WRITE_CHUNK {blockData=conID: 3 locID: 102696733784146537 bcsId: 4091} | ret=SUCCESS |  
2019-08-28 21:29:58,283 | INFO  | DNAudit | user=null | ip=null | op=PUT_BLOCK {blockData=[blockId=conID: 3 locID: 102696733784146537 bcsId: 0,size=3145728]} | ret=SUCCESS |  
2019-08-28 21:29:58,283 | INFO  | DNAudit | user=null | ip=null | op=WRITE_CHUNK {blockData=conID: 3 locID: 102696733784146537 bcsId: 4091} | ret=SUCCESS |  
2019-08-28 21:29:58,283 | INFO  | DNAudit | user=null | ip=null | op=PUT_BLOCK {blockData=[blockId=conID: 3 locID: 102696733784146537 bcsId: 0,size=3145728]} | ret=SUCCESS |  
2019-08-28 21:29:58,284 | INFO  | DNAudit | user=null | ip=null | op=PUT_BLOCK {blockData=[blockId=conID: 3 locID: 102696733784146537 bcsId: 0,size=4194304]} | ret=SUCCESS |  
2019-08-28 21:29:58,284 [grpc-default-executor-3] INFO  client.GrpcClientProtocolClient (GrpcClientProtocolClient.java:onNext(255)) - client-05DA20D107F8->b461a7b0-028a-4eb5-b268-b89ac225aff8: receive RaftClientReply:client-05DA20D107F8->b461a7b0-028a-4eb5-b268-b89ac225aff8@group-0C8C0AA7542A, cid=2737, SUCCESS, logIndex=4094, commits[b461a7b0-028a-4eb5-b268-b89ac225aff8:c4095, b6ff45f5-67b8-463b-a273-c2e7d9dadd75:c4091, 6a5cb75f-f7eb-4671-9a85-3b6f7898f6cc:c4090]
2019-08-28 21:29:58,284 [grpc-default-executor-3] INFO  client.GrpcClientProtocolClient (GrpcClientProtocolClient.java:onNext(255)) - client-05DA20D107F8->b461a7b0-028a-4eb5-b268-b89ac225aff8: receive RaftClientReply:client-05DA20D107F8->b461a7b0-028a-4eb5-b268-b89ac225aff8@group-0C8C0AA7542A, cid=2738, SUCCESS, logIndex=4095, commits[b461a7b0-028a-4eb5-b268-b89ac225aff8:c4095, b6ff45f5-67b8-463b-a273-c2e7d9dadd75:c4091, 6a5cb75f-f7eb-4671-9a85-3b6f7898f6cc:c4091]
2019-08-28 21:29:58,293 | INFO  | DNAudit | user=null | ip=null | op=WRITE_CHUNK {blockData=conID: 3 locID: 102696733784146537 bcsId: 4091} | ret=SUCCESS |  
2019-08-28 21:29:58,293 | INFO  | DNAudit | user=null | ip=null | op=WRITE_CHUNK {blockData=conID: 3 locID: 102696733784146537 bcsId: 4091} | ret=SUCCESS |  
2019-08-28 21:29:58,293 | INFO  | DNAudit | user=null | ip=null | op=PUT_BLOCK {blockData=[blockId=conID: 3 locID: 102696733784146537 bcsId: 0,size=4194304]} | ret=SUCCESS |  
2019-08-28 21:29:58,293 | INFO  | DNAudit | user=null | ip=null | op=PUT_BLOCK {blockData=[blockId=conID: 3 locID: 102696733784146537 bcsId: 0,size=4194304]} | ret=SUCCESS |  
2019-08-28 21:29:58,294 [grpc-default-executor-3] INFO  client.GrpcClientProtocolClient (GrpcClientProtocolClient.java:onNext(255)) - client-05DA20D107F8->b461a7b0-028a-4eb5-b268-b89ac225aff8: receive RaftClientReply:client-05DA20D107F8->b461a7b0-028a-4eb5-b268-b89ac225aff8@group-0C8C0AA7542A, cid=2739, SUCCESS, logIndex=0, commits[b461a7b0-028a-4eb5-b268-b89ac225aff8:c4096, b6ff45f5-67b8-463b-a273-c2e7d9dadd75:c4095, 6a5cb75f-f7eb-4671-9a85-3b6f7898f6cc:c4095]
2019-08-28 21:29:58,298 | INFO  | SCMAudit | user=jenkins1000 | ip=127.0.0.1 | op=ALLOCATE_BLOCK {owner=a0140aad-a474-4492-a39d-25bd6167d9f0, size=4194304, type=RATIS, factor=THREE} | ret=SUCCESS |  
2019-08-28 21:29:58,300 | INFO  | OMAudit | user=jenkins1000 | ip=127.0.0.1 | op=ALLOCATE_BLOCK {volume=vol-0-08922, bucket=bucket-0-29862, key=key-0-31337, dataSize=0, replicationType=null, replicationFactor=null, keyLocationInfo=null, clientID=102696731548516754} | ret=SUCCESS |  
2019-08-28 21:29:58,306 | INFO  | DNAudit | user=null | ip=null | op=WRITE_CHUNK {blockData=conID: 1 locID: 102696733789258346 bcsId: 0} | ret=SUCCESS |  
2019-08-28 21:29:58,308 | INFO  | DNAudit | user=null | ip=null | op=WRITE_CHUNK {blockData=conID: 1 locID: 102696733789258346 bcsId: 0} | ret=SUCCESS |  
2019-08-28 21:29:58,308 | INFO  | DNAudit | user=null | ip=null | op=WRITE_CHUNK {blockData=conID: 1 locID: 102696733789258346 bcsId: 0} | ret=SUCCESS |  
2019-08-28 21:29:58,308 | INFO  | DNAudit | user=null | ip=null | op=WRITE_CHUNK {blockData=conID: 1 locID: 102696733789258346 bcsId: 0} | ret=SUCCESS |  
2019-08-28 21:29:58,310 | INFO  | DNAudit | user=null | ip=null | op=WRITE_CHUNK {blockData=conID: 1 locID: 102696733789258346 bcsId: 0} | ret=SUCCESS |  
2019-08-28 21:29:58,310 | INFO  | DNAudit | user=null | ip=null | op=WRITE_CHUNK {blockData=conID: 1 locID: 102696733789258346 bcsId: 0} | ret=SUCCESS |  
2019-08-28 21:29:58,327 | INFO  | DNAudit | user=null | ip=null | op=WRITE_CHUNK {blockData=conID: 1 locID: 102696733789258346 bcsId: 0} | ret=SUCCESS |  
2019-08-28 21:29:58,327 | INFO  | DNAudit | user=null | ip=null | op=PUT_BLOCK {blockData=[blockId=conID: 1 locID: 102696733789258346 bcsId: 0,size=1048576]} | ret=SUCCESS |  
2019-08-28 21:29:58,328 [grpc-default-executor-1] INFO  client.GrpcClientProtocolClient (GrpcClientProtocolClient.java:onNext(255)) - client-05DA20D107F8->b461a7b0-028a-4eb5-b268-b89ac225aff8: receive RaftClientReply:client-05DA20D107F8->b461a7b0-028a-4eb5-b268-b89ac225aff8@group-0C8C0AA7542A, cid=2740, SUCCESS, logIndex=4098, commits[b461a7b0-028a-4eb5-b268-b89ac225aff8:c4099, b6ff45f5-67b8-463b-a273-c2e7d9dadd75:c4097, 6a5cb75f-f7eb-4671-9a85-3b6f7898f6cc:c4097]
2019-08-28 21:29:58,328 [grpc-default-executor-1] INFO  client.GrpcClientProtocolClient (GrpcClientProtocolClient.java:onNext(255)) - client-05DA20D107F8->b461a7b0-028a-4eb5-b268-b89ac225aff8: receive RaftClientReply:client-05DA20D107F8->b461a7b0-028a-4eb5-b268-b89ac225aff8@group-0C8C0AA7542A, cid=2741, SUCCESS, logIndex=4099, commits[b461a7b0-028a-4eb5-b268-b89ac225aff8:c4099, b6ff45f5-67b8-463b-a273-c2e7d9dadd75:c4097, 6a5cb75f-f7eb-4671-9a85-3b6f7898f6cc:c4097]
2019-08-28 21:29:58,330 | INFO  | DNAudit | user=null | ip=null | op=WRITE_CHUNK {blockData=conID: 1 locID: 102696733789258346 bcsId: 0} | ret=SUCCESS |  
2019-08-28 21:29:58,330 | INFO  | DNAudit | user=null | ip=null | op=PUT_BLOCK {blockData=[blockId=conID: 1 locID: 102696733789258346 bcsId: 0,size=2097152]} | ret=SUCCESS |  
2019-08-28 21:29:58,330 [grpc-default-executor-1] INFO  client.GrpcClientProtocolClient (GrpcClientProtocolClient.java:onNext(255)) - client-05DA20D107F8->b461a7b0-028a-4eb5-b268-b89ac225aff8: receive RaftClientReply:client-05DA20D107F8->b461a7b0-028a-4eb5-b268-b89ac225aff8@group-0C8C0AA7542A, cid=2742, SUCCESS, logIndex=4100, commits[b461a7b0-028a-4eb5-b268-b89ac225aff8:c4100, b6ff45f5-67b8-463b-a273-c2e7d9dadd75:c4097, 6a5cb75f-f7eb-4671-9a85-3b6f7898f6cc:c4097]
2019-08-28 21:29:58,331 [grpc-default-executor-1] INFO  client.GrpcClientProtocolClient (GrpcClientProtocolClient.java:onNext(255)) - client-05DA20D107F8->b461a7b0-028a-4eb5-b268-b89ac225aff8: receive RaftClientReply:client-05DA20D107F8->b461a7b0-028a-4eb5-b268-b89ac225aff8@group-0C8C0AA7542A, cid=2743, SUCCESS, logIndex=4101, commits[b461a7b0-028a-4eb5-b268-b89ac225aff8:c4101, b6ff45f5-67b8-463b-a273-c2e7d9dadd75:c4097, 6a5cb75f-f7eb-4671-9a85-3b6f7898f6cc:c4097]
2019-08-28 21:29:58,347 | INFO  | DNAudit | user=null | ip=null | op=WRITE_CHUNK {blockData=conID: 1 locID: 102696733789258346 bcsId: 0} | ret=SUCCESS |  
2019-08-28 21:29:58,347 | INFO  | DNAudit | user=null | ip=null | op=WRITE_CHUNK {blockData=conID: 1 locID: 102696733789258346 bcsId: 0} | ret=SUCCESS |  
2019-08-28 21:29:58,347 | INFO  | DNAudit | user=null | ip=null | op=PUT_BLOCK {blockData=[blockId=conID: 1 locID: 102696733789258346 bcsId: 0,size=1048576]} | ret=SUCCESS |  
2019-08-28 21:29:58,347 | INFO  | DNAudit | user=null | ip=null | op=PUT_BLOCK {blockData=[blockId=conID: 1 locID: 102696733789258346 bcsId: 0,size=1048576]} | ret=SUCCESS |  
2019-08-28 21:29:58,347 [grpc-default-executor-6] INFO  client.GrpcClientProtocolClient (GrpcClientProtocolClient.java:onNext(255)) - client-05DA20D107F8->b461a7b0-028a-4eb5-b268-b89ac225aff8: receive RaftClientReply:client-05DA20D107F8->b461a7b0-028a-4eb5-b268-b89ac225aff8@group-0C8C0AA7542A, cid=2744, SUCCESS, logIndex=0, commits[b461a7b0-028a-4eb5-b268-b89ac225aff8:c4103, b6ff45f5-67b8-463b-a273-c2e7d9dadd75:c4099, 6a5cb75f-f7eb-4671-9a85-3b6f7898f6cc:c4099]
2019-08-28 21:29:58,353 | INFO  | DNAudit | user=null | ip=null | op=WRITE_CHUNK {blockData=conID: 1 locID: 102696733789258346 bcsId: 4101} | ret=SUCCESS |  
2019-08-28 21:29:58,355 | INFO  | DNAudit | user=null | ip=null | op=WRITE_CHUNK {blockData=conID: 1 locID: 102696733789258346 bcsId: 4101} | ret=SUCCESS |  
2019-08-28 21:29:58,355 | INFO  | DNAudit | user=null | ip=null | op=WRITE_CHUNK {blockData=conID: 1 locID: 102696733789258346 bcsId: 4101} | ret=SUCCESS |  
2019-08-28 21:29:58,377 | INFO  | DNAudit | user=null | ip=null | op=WRITE_CHUNK {blockData=conID: 1 locID: 102696733789258346 bcsId: 0} | ret=SUCCESS |  
2019-08-28 21:29:58,377 | INFO  | DNAudit | user=null | ip=null | op=PUT_BLOCK {blockData=[blockId=conID: 1 locID: 102696733789258346 bcsId: 0,size=2097152]} | ret=SUCCESS |  
2019-08-28 21:29:58,377 | INFO  | DNAudit | user=null | ip=null | op=WRITE_CHUNK {blockData=conID: 1 locID: 102696733789258346 bcsId: 0} | ret=SUCCESS |  
2019-08-28 21:29:58,377 | INFO  | DNAudit | user=null | ip=null | op=PUT_BLOCK {blockData=[blockId=conID: 1 locID: 102696733789258346 bcsId: 0,size=2097152]} | ret=SUCCESS |  
2019-08-28 21:29:58,638 | INFO  | SCMAudit | user=jenkins1000 | ip=192.168.36.107 | op=SEND_HEARTBEAT {datanodeUUID=b6ff45f5-67b8-463b-a273-c2e7d9dadd75, command=[]} | ret=SUCCESS |  
2019-08-28 21:29:58,638 | INFO  | SCMAudit | user=jenkins1000 | ip=192.168.36.107 | op=SEND_HEARTBEAT {datanodeUUID=6a5cb75f-f7eb-4671-9a85-3b6f7898f6cc, command=[]} | ret=SUCCESS |  
2019-08-28 21:29:58,638 | INFO  | SCMAudit | user=jenkins1000 | ip=192.168.36.107 | op=SEND_HEARTBEAT {datanodeUUID=68f89a68-6a96-4cde-8528-8617611d459d, command=[]} | ret=SUCCESS |  
2019-08-28 21:29:58,639 | INFO  | SCMAudit | user=jenkins1000 | ip=192.168.36.107 | op=SEND_HEARTBEAT {datanodeUUID=af4986ea-80d8-4c92-96d2-2b3929a4248a, command=[]} | ret=SUCCESS |  
2019-08-28 21:29:58,639 | INFO  | SCMAudit | user=jenkins1000 | ip=192.168.36.107 | op=SEND_HEARTBEAT {datanodeUUID=b461a7b0-028a-4eb5-b268-b89ac225aff8, command=[]} | ret=SUCCESS |  
 0.00% |█                                                                                                    |  0/1 Time: 0:00:342019-08-28 21:29:58,841 | INFO  | DNAudit | user=null | ip=null | op=WRITE_CHUNK {blockData=conID: 1 locID: 102696733789258346 bcsId: 4101} | ret=SUCCESS |  
2019-08-28 21:29:58,841 | INFO  | DNAudit | user=null | ip=null | op=PUT_BLOCK {blockData=[blockId=conID: 1 locID: 102696733789258346 bcsId: 0,size=3145728]} | ret=SUCCESS |  
2019-08-28 21:29:58,841 [grpc-default-executor-6] INFO  client.GrpcClientProtocolClient (GrpcClientProtocolClient.java:onNext(255)) - client-05DA20D107F8->b461a7b0-028a-4eb5-b268-b89ac225aff8: receive RaftClientReply:client-05DA20D107F8->b461a7b0-028a-4eb5-b268-b89ac225aff8@group-0C8C0AA7542A, cid=2745, SUCCESS, logIndex=4106, commits[b461a7b0-028a-4eb5-b268-b89ac225aff8:c4107, b6ff45f5-67b8-463b-a273-c2e7d9dadd75:c4103, 6a5cb75f-f7eb-4671-9a85-3b6f7898f6cc:c4103]
2019-08-28 21:29:58,842 [grpc-default-executor-3] INFO  client.GrpcClientProtocolClient (GrpcClientProtocolClient.java:onNext(255)) - client-05DA20D107F8->b461a7b0-028a-4eb5-b268-b89ac225aff8: receive RaftClientReply:client-05DA20D107F8->b461a7b0-028a-4eb5-b268-b89ac225aff8@group-0C8C0AA7542A, cid=2746, SUCCESS, logIndex=4107, commits[b461a7b0-028a-4eb5-b268-b89ac225aff8:c4107, b6ff45f5-67b8-463b-a273-c2e7d9dadd75:c4103, 6a5cb75f-f7eb-4671-9a85-3b6f7898f6cc:c4103]
2019-08-28 21:29:58,850 | INFO  | DNAudit | user=null | ip=null | op=WRITE_CHUNK {blockData=conID: 1 locID: 102696733789258346 bcsId: 4107} | ret=SUCCESS |  
2019-08-28 21:29:58,851 | INFO  | DNAudit | user=null | ip=null | op=WRITE_CHUNK {blockData=conID: 1 locID: 102696733789258346 bcsId: 4107} | ret=SUCCESS |  
2019-08-28 21:29:58,852 | INFO  | DNAudit | user=null | ip=null | op=WRITE_CHUNK {blockData=conID: 1 locID: 102696733789258346 bcsId: 4107} | ret=SUCCESS |  
2019-08-28 21:29:59,639 | INFO  | SCMAudit | user=jenkins1000 | ip=192.168.36.107 | op=SEND_HEARTBEAT {datanodeUUID=b6ff45f5-67b8-463b-a273-c2e7d9dadd75, command=[]} | ret=SUCCESS |  
2019-08-28 21:29:59,639 | INFO  | SCMAudit | user=jenkins1000 | ip=192.168.36.107 | op=SEND_HEARTBEAT {datanodeUUID=6a5cb75f-f7eb-4671-9a85-3b6f7898f6cc, command=[]} | ret=SUCCESS |  
2019-08-28 21:29:59,639 | INFO  | SCMAudit | user=jenkins1000 | ip=192.168.36.107 | op=SEND_HEARTBEAT {datanodeUUID=af4986ea-80d8-4c92-96d2-2b3929a4248a, command=[]} | ret=SUCCESS |  
2019-08-28 21:29:59,639 | INFO  | SCMAudit | user=jenkins1000 | ip=192.168.36.107 | op=SEND_HEARTBEAT {datanodeUUID=68f89a68-6a96-4cde-8528-8617611d459d, command=[]} | ret=SUCCESS |  
2019-08-28 21:29:59,639 | INFO  | SCMAudit | user=jenkins1000 | ip=192.168.36.107 | op=SEND_HEARTBEAT {datanodeUUID=b461a7b0-028a-4eb5-b268-b89ac225aff8, command=[]} | ret=SUCCESS |  
 0.00% |█                                                                                                    |  0/1 Time: 0:00:352019-08-28 21:30:00,639 | INFO  | SCMAudit | user=jenkins1000 | ip=192.168.36.107 | op=SEND_HEARTBEAT {datanodeUUID=b6ff45f5-67b8-463b-a273-c2e7d9dadd75, command=[]} | ret=SUCCESS |  
2019-08-28 21:30:00,639 | INFO  | SCMAudit | user=jenkins1000 | ip=192.168.36.107 | op=SEND_HEARTBEAT {datanodeUUID=b461a7b0-028a-4eb5-b268-b89ac225aff8, command=[]} | ret=SUCCESS |  
2019-08-28 21:30:00,639 | INFO  | SCMAudit | user=jenkins1000 | ip=192.168.36.107 | op=SEND_HEARTBEAT {datanodeUUID=6a5cb75f-f7eb-4671-9a85-3b6f7898f6cc, command=[]} | ret=SUCCESS |  
2019-08-28 21:30:00,639 | INFO  | SCMAudit | user=jenkins1000 | ip=192.168.36.107 | op=SEND_HEARTBEAT {datanodeUUID=68f89a68-6a96-4cde-8528-8617611d459d, command=[]} | ret=SUCCESS |  
2019-08-28 21:30:00,640 | INFO  | SCMAudit | user=jenkins1000 | ip=192.168.36.107 | op=SEND_HEARTBEAT {datanodeUUID=af4986ea-80d8-4c92-96d2-2b3929a4248a, command=[]} | ret=SUCCESS |  
 0.00% |█                                                                                                    |  0/1 Time: 0:00:362019-08-28 21:30:01,317 | INFO  | DNAudit | user=null | ip=null | op=WRITE_CHUNK {blockData=conID: 1 locID: 102696733789258346 bcsId: 4101} | ret=SUCCESS |  
2019-08-28 21:30:01,317 | INFO  | DNAudit | user=null | ip=null | op=WRITE_CHUNK {blockData=conID: 1 locID: 102696733789258346 bcsId: 4101} | ret=SUCCESS |  
2019-08-28 21:30:01,317 | INFO  | DNAudit | user=null | ip=null | op=PUT_BLOCK {blockData=[blockId=conID: 1 locID: 102696733789258346 bcsId: 0,size=3145728]} | ret=SUCCESS |  
2019-08-28 21:30:01,317 | INFO  | DNAudit | user=null | ip=null | op=PUT_BLOCK {blockData=[blockId=conID: 1 locID: 102696733789258346 bcsId: 0,size=3145728]} | ret=SUCCESS |  
2019-08-28 21:30:01,640 | INFO  | SCMAudit | user=jenkins1000 | ip=192.168.36.107 | op=SEND_HEARTBEAT {datanodeUUID=b6ff45f5-67b8-463b-a273-c2e7d9dadd75, command=[]} | ret=SUCCESS |  
2019-08-28 21:30:01,640 | INFO  | SCMAudit | user=jenkins1000 | ip=192.168.36.107 | op=SEND_HEARTBEAT {datanodeUUID=6a5cb75f-f7eb-4671-9a85-3b6f7898f6cc, command=[]} | ret=SUCCESS |  
2019-08-28 21:30:01,640 | INFO  | SCMAudit | user=jenkins1000 | ip=192.168.36.107 | op=SEND_HEARTBEAT {datanodeUUID=b461a7b0-028a-4eb5-b268-b89ac225aff8, command=[]} | ret=SUCCESS |  
2019-08-28 21:30:01,640 | INFO  | SCMAudit | user=jenkins1000 | ip=192.168.36.107 | op=SEND_HEARTBEAT {datanodeUUID=68f89a68-6a96-4cde-8528-8617611d459d, command=[]} | ret=SUCCESS |  
2019-08-28 21:30:01,641 | INFO  | SCMAudit | user=jenkins1000 | ip=192.168.36.107 | op=SEND_HEARTBEAT {datanodeUUID=af4986ea-80d8-4c92-96d2-2b3929a4248a, command=[]} | ret=SUCCESS |  
 0.00% |█                                                                                                    |  0/1 Time: 0:00:372019-08-28 21:30:01,841 [java.util.concurrent.ThreadPoolExecutor$Worker@6399bf5d[State = -1, empty queue]] WARN  server.GrpcLogAppender (GrpcLogAppender.java:timeoutAppendRequest(200)) - GrpcLogAppender(b461a7b0-028a-4eb5-b268-b89ac225aff8->6a5cb75f-f7eb-4671-9a85-3b6f7898f6cc): appendEntries Timeout, request=b461a7b0-028a-4eb5-b268-b89ac225aff8->6a5cb75f-f7eb-4671-9a85-3b6f7898f6cc#4117-t3, previous=(t:3, i:4108), leaderCommit=4107, initializing? false, entries: size=1, first=(t:3, i:4109), METADATAENTRY(c4107)
2019-08-28 21:30:01,841 [java.util.concurrent.ThreadPoolExecutor$Worker@362b23e9[State = -1, empty queue]] WARN  server.GrpcLogAppender (GrpcLogAppender.java:timeoutAppendRequest(200)) - GrpcLogAppender(b461a7b0-028a-4eb5-b268-b89ac225aff8->b6ff45f5-67b8-463b-a273-c2e7d9dadd75): appendEntries Timeout, request=b461a7b0-028a-4eb5-b268-b89ac225aff8->b6ff45f5-67b8-463b-a273-c2e7d9dadd75#4117-t3, previous=(t:3, i:4108), leaderCommit=4107, initializing? false, entries: size=1, first=(t:3, i:4109), METADATAENTRY(c4107)
2019-08-28 21:30:01,849 [java.util.concurrent.ThreadPoolExecutor$Worker@362b23e9[State = -1, empty queue]] WARN  server.GrpcLogAppender (GrpcLogAppender.java:timeoutAppendRequest(200)) - GrpcLogAppender(b461a7b0-028a-4eb5-b268-b89ac225aff8->b6ff45f5-67b8-463b-a273-c2e7d9dadd75): appendEntries Timeout, request=b461a7b0-028a-4eb5-b268-b89ac225aff8->b6ff45f5-67b8-463b-a273-c2e7d9dadd75#4118-t3, previous=(t:3, i:4109), leaderCommit=4107, initializing? false, entries: size=1, first=(t:3, i:4110), STATEMACHINELOGENTRY, client-05DA20D107F8, cid=2747
2019-08-28 21:30:01,849 [java.util.concurrent.ThreadPoolExecutor$Worker@6399bf5d[State = -1, empty queue]] WARN  server.GrpcLogAppender (GrpcLogAppender.java:timeoutAppendRequest(200)) - GrpcLogAppender(b461a7b0-028a-4eb5-b268-b89ac225aff8->6a5cb75f-f7eb-4671-9a85-3b6f7898f6cc): appendEntries Timeout, request=b461a7b0-028a-4eb5-b268-b89ac225aff8->6a5cb75f-f7eb-4671-9a85-3b6f7898f6cc#4118-t3, previous=(t:3, i:4109), leaderCommit=4107, initializing? false, entries: size=1, first=(t:3, i:4110), STATEMACHINELOGENTRY, client-05DA20D107F8, cid=2747
2019-08-28 21:30:01,849 [java.util.concurrent.ThreadPoolExecutor$Worker@362b23e9[State = -1, empty queue]] WARN  server.GrpcLogAppender (GrpcLogAppender.java:timeoutAppendRequest(200)) - GrpcLogAppender(b461a7b0-028a-4eb5-b268-b89ac225aff8->b6ff45f5-67b8-463b-a273-c2e7d9dadd75): appendEntries Timeout, request=b461a7b0-028a-4eb5-b268-b89ac225aff8->b6ff45f5-67b8-463b-a273-c2e7d9dadd75#4119-t3, previous=(t:3, i:4110), leaderCommit=4107, initializing? false, entries: size=1, first=(t:3, i:4111), STATEMACHINELOGENTRY, client-05DA20D107F8, cid=2748
2019-08-28 21:30:01,852 [java.util.concurrent.ThreadPoolExecutor$Worker@6399bf5d[State = -1, empty queue]] WARN  server.GrpcLogAppender (GrpcLogAppender.java:timeoutAppendRequest(200)) - GrpcLogAppender(b461a7b0-028a-4eb5-b268-b89ac225aff8->6a5cb75f-f7eb-4671-9a85-3b6f7898f6cc): appendEntries Timeout, request=b461a7b0-028a-4eb5-b268-b89ac225aff8->6a5cb75f-f7eb-4671-9a85-3b6f7898f6cc#4119-t3, previous=(t:3, i:4110), leaderCommit=4107, initializing? false, entries: size=1, first=(t:3, i:4111), STATEMACHINELOGENTRY, client-05DA20D107F8, cid=2748
2019-08-28 21:30:02,640 | INFO  | SCMAudit | user=jenkins1000 | ip=192.168.36.107 | op=SEND_HEARTBEAT {datanodeUUID=6a5cb75f-f7eb-4671-9a85-3b6f7898f6cc, command=[]} | ret=SUCCESS |  
2019-08-28 21:30:02,640 | INFO  | SCMAudit | user=jenkins1000 | ip=192.168.36.107 | op=SEND_HEARTBEAT {datanodeUUID=b461a7b0-028a-4eb5-b268-b89ac225aff8, command=[]} | ret=SUCCESS |  
2019-08-28 21:30:02,640 | INFO  | SCMAudit | user=jenkins1000 | ip=192.168.36.107 | op=SEND_HEARTBEAT {datanodeUUID=68f89a68-6a96-4cde-8528-8617611d459d, command=[]} | ret=SUCCESS |  
2019-08-28 21:30:02,640 | INFO  | SCMAudit | user=jenkins1000 | ip=192.168.36.107 | op=SEND_HEARTBEAT {datanodeUUID=b6ff45f5-67b8-463b-a273-c2e7d9dadd75, command=[]} | ret=SUCCESS |  
2019-08-28 21:30:02,641 | INFO  | SCMAudit | user=jenkins1000 | ip=192.168.36.107 | op=SEND_HEARTBEAT {datanodeUUID=af4986ea-80d8-4c92-96d2-2b3929a4248a, command=[]} | ret=SUCCESS |  
 0.00% |█                                                                                                    |  0/1 Time: 0:00:382019-08-28 21:30:03,639 | INFO  | SCMAudit | user=jenkins1000 | ip=192.168.36.107 | op=SEND_HEARTBEAT {datanodeUUID=b461a7b0-028a-4eb5-b268-b89ac225aff8, command=[]} | ret=SUCCESS |  
2019-08-28 21:30:03,639 | INFO  | SCMAudit | user=jenkins1000 | ip=192.168.36.107 | op=SEND_HEARTBEAT {datanodeUUID=68f89a68-6a96-4cde-8528-8617611d459d, command=[]} | ret=SUCCESS |  
2019-08-28 21:30:03,640 | INFO  | SCMAudit | user=jenkins1000 | ip=192.168.36.107 | op=SEND_HEARTBEAT {datanodeUUID=b6ff45f5-67b8-463b-a273-c2e7d9dadd75, command=[]} | ret=SUCCESS |  
2019-08-28 21:30:03,640 | INFO  | SCMAudit | user=jenkins1000 | ip=192.168.36.107 | op=SEND_HEARTBEAT {datanodeUUID=6a5cb75f-f7eb-4671-9a85-3b6f7898f6cc, command=[]} | ret=SUCCESS |  
2019-08-28 21:30:03,640 | INFO  | SCMAudit | user=jenkins1000 | ip=192.168.36.107 | op=SEND_HEARTBEAT {datanodeUUID=af4986ea-80d8-4c92-96d2-2b3929a4248a, command=[]} | ret=SUCCESS |  
 0.00% |█                                                                                                    |  0/1 Time: 0:00:392019-08-28 21:30:03,856 [grpc-default-executor-6] WARN  server.GrpcLogAppender (GrpcLogAppender.java:onNextImpl(250)) - org.apache.ratis.grpc.server.GrpcLogAppender$AppendLogResponseHandler@79508139: Request not found, ignoring reply: b461a7b0-028a-4eb5-b268-b89ac225aff8<-b6ff45f5-67b8-463b-a273-c2e7d9dadd75#4117:OK,SUCCESS,nextIndex:4110,term:3,followerCommit:4108
2019-08-28 21:30:03,859 [grpc-default-executor-1] WARN  server.GrpcLogAppender (GrpcLogAppender.java:onNextImpl(250)) - org.apache.ratis.grpc.server.GrpcLogAppender$AppendLogResponseHandler@2989d946: Request not found, ignoring reply: b461a7b0-028a-4eb5-b268-b89ac225aff8<-6a5cb75f-f7eb-4671-9a85-3b6f7898f6cc#4117:OK,SUCCESS,nextIndex:4110,term:3,followerCommit:4108
2019-08-28 21:30:03,861 [grpc-default-executor-6] WARN  server.GrpcLogAppender (GrpcLogAppender.java:onNextImpl(250)) - org.apache.ratis.grpc.server.GrpcLogAppender$AppendLogResponseHandler@79508139: Request not found, ignoring reply: b461a7b0-028a-4eb5-b268-b89ac225aff8<-b6ff45f5-67b8-463b-a273-c2e7d9dadd75#4118:OK,SUCCESS,nextIndex:4111,term:3,followerCommit:4108
2019-08-28 21:30:03,861 [grpc-default-executor-1] WARN  server.GrpcLogAppender (GrpcLogAppender.java:onNextImpl(250)) - org.apache.ratis.grpc.server.GrpcLogAppender$AppendLogResponseHandler@2989d946: Request not found, ignoring reply: b461a7b0-028a-4eb5-b268-b89ac225aff8<-6a5cb75f-f7eb-4671-9a85-3b6f7898f6cc#4118:OK,SUCCESS,nextIndex:4111,term:3,followerCommit:4108
2019-08-28 21:30:03,861 [grpc-default-executor-6] WARN  server.GrpcLogAppender (GrpcLogAppender.java:onNextImpl(250)) - org.apache.ratis.grpc.server.GrpcLogAppender$AppendLogResponseHandler@79508139: Request not found, ignoring reply: b461a7b0-028a-4eb5-b268-b89ac225aff8<-b6ff45f5-67b8-463b-a273-c2e7d9dadd75#4119:OK,SUCCESS,nextIndex:4112,term:3,followerCommit:4108
2019-08-28 21:30:03,861 [grpc-default-executor-1] WARN  server.GrpcLogAppender (GrpcLogAppender.java:onNextImpl(250)) - org.apache.ratis.grpc.server.GrpcLogAppender$AppendLogResponseHandler@2989d946: Request not found, ignoring reply: b461a7b0-028a-4eb5-b268-b89ac225aff8<-6a5cb75f-f7eb-4671-9a85-3b6f7898f6cc#4119:OK,SUCCESS,nextIndex:4112,term:3,followerCommit:4108
2019-08-28 21:30:03,862 | INFO  | DNAudit | user=null | ip=null | op=WRITE_CHUNK {blockData=conID: 1 locID: 102696733789258346 bcsId: 4107} | ret=SUCCESS |  
2019-08-28 21:30:03,863 | INFO  | DNAudit | user=null | ip=null | op=PUT_BLOCK {blockData=[blockId=conID: 1 locID: 102696733789258346 bcsId: 0,size=4194304]} | ret=SUCCESS |  
2019-08-28 21:30:03,951 [grpc-default-executor-1] INFO  client.GrpcClientProtocolClient (GrpcClientProtocolClient.java:onNext(255)) - client-05DA20D107F8->b6ff45f5-67b8-463b-a273-c2e7d9dadd75: receive RaftClientReply:client-05DA20D107F8->b6ff45f5-67b8-463b-a273-c2e7d9dadd75@group-0C8C0AA7542A, cid=2747, FAILED org.apache.ratis.protocol.NotLeaderException: Server b6ff45f5-67b8-463b-a273-c2e7d9dadd75 is not the leader (b461a7b0-028a-4eb5-b268-b89ac225aff8:192.168.36.107:35306). Request must be sent to leader., logIndex=0, commits[b6ff45f5-67b8-463b-a273-c2e7d9dadd75:c4108, b461a7b0-028a-4eb5-b268-b89ac225aff8:c4111, 6a5cb75f-f7eb-4671-9a85-3b6f7898f6cc:c4108]
2019-08-28 21:30:03,974 [grpc-default-executor-1] INFO  client.GrpcClientProtocolClient (GrpcClientProtocolClient.java:onNext(255)) - client-05DA20D107F8->b461a7b0-028a-4eb5-b268-b89ac225aff8: receive RaftClientReply:client-05DA20D107F8->b461a7b0-028a-4eb5-b268-b89ac225aff8@group-0C8C0AA7542A, cid=2747, SUCCESS, logIndex=4110, commits[b461a7b0-028a-4eb5-b268-b89ac225aff8:c4111, b6ff45f5-67b8-463b-a273-c2e7d9dadd75:c4108, 6a5cb75f-f7eb-4671-9a85-3b6f7898f6cc:c4108]
2019-08-28 21:30:03,981 [grpc-default-executor-6] INFO  client.GrpcClientProtocolClient (GrpcClientProtocolClient.java:onNext(255)) - client-05DA20D107F8->b461a7b0-028a-4eb5-b268-b89ac225aff8: receive RaftClientReply:client-05DA20D107F8->b461a7b0-028a-4eb5-b268-b89ac225aff8@group-0C8C0AA7542A, cid=2748, SUCCESS, logIndex=4111, commits[b461a7b0-028a-4eb5-b268-b89ac225aff8:c4111, b6ff45f5-67b8-463b-a273-c2e7d9dadd75:c4108, 6a5cb75f-f7eb-4671-9a85-3b6f7898f6cc:c4108]
2019-08-28 21:30:04,640 | INFO  | SCMAudit | user=jenkins1000 | ip=192.168.36.107 | op=SEND_HEARTBEAT {datanodeUUID=b6ff45f5-67b8-463b-a273-c2e7d9dadd75, command=[]} | ret=SUCCESS |  
2019-08-28 21:30:04,640 | INFO  | SCMAudit | user=jenkins1000 | ip=192.168.36.107 | op=SEND_HEARTBEAT {datanodeUUID=b461a7b0-028a-4eb5-b268-b89ac225aff8, command=[]} | ret=SUCCESS |  
2019-08-28 21:30:04,640 | INFO  | SCMAudit | user=jenkins1000 | ip=192.168.36.107 | op=SEND_HEARTBEAT {datanodeUUID=68f89a68-6a96-4cde-8528-8617611d459d, command=[]} | ret=SUCCESS |  
2019-08-28 21:30:04,640 | INFO  | SCMAudit | user=jenkins1000 | ip=192.168.36.107 | op=SEND_HEARTBEAT {datanodeUUID=6a5cb75f-f7eb-4671-9a85-3b6f7898f6cc, command=[]} | ret=SUCCESS |  
2019-08-28 21:30:04,641 | INFO  | SCMAudit | user=jenkins1000 | ip=192.168.36.107 | op=SEND_HEARTBEAT {datanodeUUID=af4986ea-80d8-4c92-96d2-2b3929a4248a, command=[]} | ret=SUCCESS |  
 0.00% |█                                                                                                    |  0/1 Time: 0:00:402019-08-28 21:30:04,928 | INFO  | DNAudit | user=null | ip=null | op=WRITE_CHUNK {blockData=conID: 1 locID: 102696733789258346 bcsId: 4107} | ret=SUCCESS |  
2019-08-28 21:30:04,928 | INFO  | DNAudit | user=null | ip=null | op=WRITE_CHUNK {blockData=conID: 1 locID: 102696733789258346 bcsId: 4107} | ret=SUCCESS |  
2019-08-28 21:30:04,929 | INFO  | DNAudit | user=null | ip=null | op=PUT_BLOCK {blockData=[blockId=conID: 1 locID: 102696733789258346 bcsId: 0,size=4194304]} | ret=SUCCESS |  
2019-08-28 21:30:04,929 | INFO  | DNAudit | user=null | ip=null | op=PUT_BLOCK {blockData=[blockId=conID: 1 locID: 102696733789258346 bcsId: 0,size=4194304]} | ret=SUCCESS |  
2019-08-28 21:30:04,933 [grpc-default-executor-1] INFO  client.GrpcClientProtocolClient (GrpcClientProtocolClient.java:onNext(255)) - client-05DA20D107F8->b461a7b0-028a-4eb5-b268-b89ac225aff8: receive RaftClientReply:client-05DA20D107F8->b461a7b0-028a-4eb5-b268-b89ac225aff8@group-0C8C0AA7542A, cid=2749, SUCCESS, logIndex=0, commits[b461a7b0-028a-4eb5-b268-b89ac225aff8:c4111, b6ff45f5-67b8-463b-a273-c2e7d9dadd75:c4111, 6a5cb75f-f7eb-4671-9a85-3b6f7898f6cc:c4111]
2019-08-28 21:30:04,941 | INFO  | SCMAudit | user=jenkins1000 | ip=127.0.0.1 | op=ALLOCATE_BLOCK {owner=a0140aad-a474-4492-a39d-25bd6167d9f0, size=4194304, type=RATIS, factor=THREE} | ret=SUCCESS |  
2019-08-28 21:30:04,947 | INFO  | OMAudit | user=jenkins1000 | ip=127.0.0.1 | op=ALLOCATE_BLOCK {volume=vol-0-08922, bucket=bucket-0-29862, key=key-0-31337, dataSize=0, replicationType=null, replicationFactor=null, keyLocationInfo=null, clientID=102696731548516754} | ret=SUCCESS |  
2019-08-28 21:30:04,957 | INFO  | DNAudit | user=null | ip=null | op=WRITE_CHUNK {blockData=conID: 2 locID: 102696734224613995 bcsId: 0} | ret=SUCCESS |  
2019-08-28 21:30:04,962 | INFO  | DNAudit | user=null | ip=null | op=WRITE_CHUNK {blockData=conID: 2 locID: 102696734224613995 bcsId: 0} | ret=SUCCESS |  
2019-08-28 21:30:04,962 | INFO  | DNAudit | user=null | ip=null | op=WRITE_CHUNK {blockData=conID: 2 locID: 102696734224613995 bcsId: 0} | ret=SUCCESS |  
2019-08-28 21:30:04,964 | INFO  | DNAudit | user=null | ip=null | op=WRITE_CHUNK {blockData=conID: 2 locID: 102696734224613995 bcsId: 0} | ret=SUCCESS |  
2019-08-28 21:30:04,966 | INFO  | DNAudit | user=null | ip=null | op=WRITE_CHUNK {blockData=conID: 2 locID: 102696734224613995 bcsId: 0} | ret=SUCCESS |  
2019-08-28 21:30:04,967 | INFO  | DNAudit | user=null | ip=null | op=WRITE_CHUNK {blockData=conID: 2 locID: 102696734224613995 bcsId: 0} | ret=SUCCESS |  
2019-08-28 21:30:05,640 | INFO  | SCMAudit | user=jenkins1000 | ip=192.168.36.107 | op=SEND_HEARTBEAT {datanodeUUID=6a5cb75f-f7eb-4671-9a85-3b6f7898f6cc, command=[]} | ret=SUCCESS |  
2019-08-28 21:30:05,640 | INFO  | SCMAudit | user=jenkins1000 | ip=192.168.36.107 | op=SEND_HEARTBEAT {datanodeUUID=68f89a68-6a96-4cde-8528-8617611d459d, command=[]} | ret=SUCCESS |  
2019-08-28 21:30:05,640 | INFO  | SCMAudit | user=jenkins1000 | ip=192.168.36.107 | op=SEND_HEARTBEAT {datanodeUUID=b461a7b0-028a-4eb5-b268-b89ac225aff8, command=[]} | ret=SUCCESS |  
2019-08-28 21:30:05,640 | INFO  | SCMAudit | user=jenkins1000 | ip=192.168.36.107 | op=SEND_HEARTBEAT {datanodeUUID=b6ff45f5-67b8-463b-a273-c2e7d9dadd75, command=[]} | ret=SUCCESS |  
2019-08-28 21:30:05,640 | INFO  | SCMAudit | user=jenkins1000 | ip=192.168.36.107 | op=SEND_HEARTBEAT {datanodeUUID=af4986ea-80d8-4c92-96d2-2b3929a4248a, command=[]} | ret=SUCCESS |  
 0.00% |█                                                                                                    |  0/1 Time: 0:00:412019-08-28 21:30:06,640 | INFO  | SCMAudit | user=jenkins1000 | ip=192.168.36.107 | op=SEND_HEARTBEAT {datanodeUUID=b6ff45f5-67b8-463b-a273-c2e7d9dadd75, command=[]} | ret=SUCCESS |  
2019-08-28 21:30:06,640 | INFO  | SCMAudit | user=jenkins1000 | ip=192.168.36.107 | op=SEND_HEARTBEAT {datanodeUUID=b461a7b0-028a-4eb5-b268-b89ac225aff8, command=[]} | ret=SUCCESS |  
2019-08-28 21:30:06,640 | INFO  | SCMAudit | user=jenkins1000 | ip=192.168.36.107 | op=SEND_HEARTBEAT {datanodeUUID=68f89a68-6a96-4cde-8528-8617611d459d, command=[]} | ret=SUCCESS |  
2019-08-28 21:30:06,640 | INFO  | SCMAudit | user=jenkins1000 | ip=192.168.36.107 | op=SEND_HEARTBEAT {datanodeUUID=6a5cb75f-f7eb-4671-9a85-3b6f7898f6cc, command=[]} | ret=SUCCESS |  
2019-08-28 21:30:06,640 | INFO  | SCMAudit | user=jenkins1000 | ip=192.168.36.107 | op=SEND_HEARTBEAT {datanodeUUID=af4986ea-80d8-4c92-96d2-2b3929a4248a, command=[]} | ret=SUCCESS |  
 0.00% |█                                                                                                    |  0/1 Time: 0:00:422019-08-28 21:30:07,479 | INFO  | DNAudit | user=null | ip=null | op=WRITE_CHUNK {blockData=conID: 2 locID: 102696734224613995 bcsId: 0} | ret=SUCCESS |  
2019-08-28 21:30:07,480 | INFO  | DNAudit | user=null | ip=null | op=PUT_BLOCK {blockData=[blockId=conID: 2 locID: 102696734224613995 bcsId: 0,size=1048576]} | ret=SUCCESS |  
2019-08-28 21:30:07,483 [grpc-default-executor-5] INFO  client.GrpcClientProtocolClient (GrpcClientProtocolClient.java:onNext(255)) - client-05DA20D107F8->b461a7b0-028a-4eb5-b268-b89ac225aff8: receive RaftClientReply:client-05DA20D107F8->b461a7b0-028a-4eb5-b268-b89ac225aff8@group-0C8C0AA7542A, cid=2750, SUCCESS, logIndex=4113, commits[b461a7b0-028a-4eb5-b268-b89ac225aff8:c4114, b6ff45f5-67b8-463b-a273-c2e7d9dadd75:c4112, 6a5cb75f-f7eb-4671-9a85-3b6f7898f6cc:c4111]
2019-08-28 21:30:07,484 [grpc-default-executor-5] INFO  client.GrpcClientProtocolClient (GrpcClientProtocolClient.java:onNext(255)) - client-05DA20D107F8->b461a7b0-028a-4eb5-b268-b89ac225aff8: receive RaftClientReply:client-05DA20D107F8->b461a7b0-028a-4eb5-b268-b89ac225aff8@group-0C8C0AA7542A, cid=2751, SUCCESS, logIndex=4114, commits[b461a7b0-028a-4eb5-b268-b89ac225aff8:c4114, b6ff45f5-67b8-463b-a273-c2e7d9dadd75:c4112, 6a5cb75f-f7eb-4671-9a85-3b6f7898f6cc:c4111]
2019-08-28 21:30:07,640 | INFO  | SCMAudit | user=jenkins1000 | ip=192.168.36.107 | op=SEND_HEARTBEAT {datanodeUUID=b461a7b0-028a-4eb5-b268-b89ac225aff8, command=[]} | ret=SUCCESS |  
2019-08-28 21:30:07,640 | INFO  | SCMAudit | user=jenkins1000 | ip=192.168.36.107 | op=SEND_HEARTBEAT {datanodeUUID=68f89a68-6a96-4cde-8528-8617611d459d, command=[]} | ret=SUCCESS |  
2019-08-28 21:30:07,640 | INFO  | SCMAudit | user=jenkins1000 | ip=192.168.36.107 | op=SEND_HEARTBEAT {datanodeUUID=b6ff45f5-67b8-463b-a273-c2e7d9dadd75, command=[]} | ret=SUCCESS |  
2019-08-28 21:30:07,640 | INFO  | SCMAudit | user=jenkins1000 | ip=192.168.36.107 | op=SEND_HEARTBEAT {datanodeUUID=af4986ea-80d8-4c92-96d2-2b3929a4248a, command=[]} | ret=SUCCESS |  
2019-08-28 21:30:07,644 | INFO  | SCMAudit | user=jenkins1000 | ip=192.168.36.107 | op=SEND_HEARTBEAT {datanodeUUID=6a5cb75f-f7eb-4671-9a85-3b6f7898f6cc, command=[]} | ret=SUCCESS |  
 0.00% |█                                                                                                    |  0/1 Time: 0:00:432019-08-28 21:30:07,962 [java.util.concurrent.ThreadPoolExecutor$Worker@362b23e9[State = -1, empty queue]] WARN  server.GrpcLogAppender (GrpcLogAppender.java:timeoutAppendRequest(200)) - GrpcLogAppender(b461a7b0-028a-4eb5-b268-b89ac225aff8->b6ff45f5-67b8-463b-a273-c2e7d9dadd75): appendEntries Timeout, request=b461a7b0-028a-4eb5-b268-b89ac225aff8->b6ff45f5-67b8-463b-a273-c2e7d9dadd75#4124-t3, previous=(t:3, i:4114), leaderCommit=4112, initializing? false, entries: size=1, first=(t:3, i:4115), STATEMACHINELOGENTRY, client-05DA20D107F8, cid=2752
2019-08-28 21:30:07,962 [java.util.concurrent.ThreadPoolExecutor$Worker@6399bf5d[State = -1, empty queue]] WARN  server.GrpcLogAppender (GrpcLogAppender.java:timeoutAppendRequest(200)) - GrpcLogAppender(b461a7b0-028a-4eb5-b268-b89ac225aff8->6a5cb75f-f7eb-4671-9a85-3b6f7898f6cc): appendEntries Timeout, request=b461a7b0-028a-4eb5-b268-b89ac225aff8->6a5cb75f-f7eb-4671-9a85-3b6f7898f6cc#4124-t3, previous=(t:3, i:4114), leaderCommit=4112, initializing? false, entries: size=1, first=(t:3, i:4115), STATEMACHINELOGENTRY, client-05DA20D107F8, cid=2752
2019-08-28 21:30:07,962 [java.util.concurrent.ThreadPoolExecutor$Worker@362b23e9[State = -1, empty queue]] WARN  server.GrpcLogAppender (GrpcLogAppender.java:timeoutAppendRequest(200)) - GrpcLogAppender(b461a7b0-028a-4eb5-b268-b89ac225aff8->b6ff45f5-67b8-463b-a273-c2e7d9dadd75): appendEntries Timeout, request=b461a7b0-028a-4eb5-b268-b89ac225aff8->b6ff45f5-67b8-463b-a273-c2e7d9dadd75#4125-t3, previous=(t:3, i:4115), leaderCommit=4112, initializing? false, entries: size=1, first=(t:3, i:4116), STATEMACHINELOGENTRY, client-05DA20D107F8, cid=2753
2019-08-28 21:30:07,966 [java.util.concurrent.ThreadPoolExecutor$Worker@6399bf5d[State = -1, empty queue]] WARN  server.GrpcLogAppender (GrpcLogAppender.java:timeoutAppendRequest(200)) - GrpcLogAppender(b461a7b0-028a-4eb5-b268-b89ac225aff8->6a5cb75f-f7eb-4671-9a85-3b6f7898f6cc): appendEntries Timeout, request=b461a7b0-028a-4eb5-b268-b89ac225aff8->6a5cb75f-f7eb-4671-9a85-3b6f7898f6cc#4125-t3, previous=(t:3, i:4115), leaderCommit=4112, initializing? false, entries: size=1, first=(t:3, i:4116), STATEMACHINELOGENTRY, client-05DA20D107F8, cid=2753
2019-08-28 21:30:08,640 | INFO  | SCMAudit | user=jenkins1000 | ip=192.168.36.107 | op=SEND_HEARTBEAT {datanodeUUID=6a5cb75f-f7eb-4671-9a85-3b6f7898f6cc, command=[]} | ret=SUCCESS |  
2019-08-28 21:30:08,640 | INFO  | SCMAudit | user=jenkins1000 | ip=192.168.36.107 | op=SEND_HEARTBEAT {datanodeUUID=b6ff45f5-67b8-463b-a273-c2e7d9dadd75, command=[]} | ret=SUCCESS |  
2019-08-28 21:30:08,640 | INFO  | SCMAudit | user=jenkins1000 | ip=192.168.36.107 | op=SEND_HEARTBEAT {datanodeUUID=68f89a68-6a96-4cde-8528-8617611d459d, command=[]} | ret=SUCCESS |  
2019-08-28 21:30:08,641 | INFO  | SCMAudit | user=jenkins1000 | ip=192.168.36.107 | op=SEND_HEARTBEAT {datanodeUUID=b461a7b0-028a-4eb5-b268-b89ac225aff8, command=[]} | ret=SUCCESS |  
2019-08-28 21:30:08,641 | INFO  | SCMAudit | user=jenkins1000 | ip=192.168.36.107 | op=SEND_HEARTBEAT {datanodeUUID=af4986ea-80d8-4c92-96d2-2b3929a4248a, command=[]} | ret=SUCCESS |  
 0.00% |█                                                                                                    |  0/1 Time: 0:00:442019-08-28 21:30:09,640 | INFO  | SCMAudit | user=jenkins1000 | ip=192.168.36.107 | op=SEND_HEARTBEAT {datanodeUUID=6a5cb75f-f7eb-4671-9a85-3b6f7898f6cc, command=[]} | ret=SUCCESS |  
2019-08-28 21:30:09,640 | INFO  | SCMAudit | user=jenkins1000 | ip=192.168.36.107 | op=SEND_HEARTBEAT {datanodeUUID=b6ff45f5-67b8-463b-a273-c2e7d9dadd75, command=[]} | ret=SUCCESS |  
2019-08-28 21:30:09,641 | INFO  | SCMAudit | user=jenkins1000 | ip=192.168.36.107 | op=SEND_HEARTBEAT {datanodeUUID=af4986ea-80d8-4c92-96d2-2b3929a4248a, command=[]} | ret=SUCCESS |  
2019-08-28 21:30:09,641 | INFO  | SCMAudit | user=jenkins1000 | ip=192.168.36.107 | op=SEND_HEARTBEAT {datanodeUUID=68f89a68-6a96-4cde-8528-8617611d459d, command=[]} | ret=SUCCESS |  
2019-08-28 21:30:09,641 | INFO  | SCMAudit | user=jenkins1000 | ip=192.168.36.107 | op=SEND_HEARTBEAT {datanodeUUID=b461a7b0-028a-4eb5-b268-b89ac225aff8, command=[]} | ret=SUCCESS |  
 0.00% |█                                                                                                    |  0/1 Time: 0:00:452019-08-28 21:30:09,958 | INFO  | DNAudit | user=null | ip=null | op=WRITE_CHUNK {blockData=conID: 2 locID: 102696734224613995 bcsId: 0} | ret=SUCCESS |  
2019-08-28 21:30:09,958 [grpc-default-executor-5] WARN  server.GrpcLogAppender (GrpcLogAppender.java:onNextImpl(250)) - org.apache.ratis.grpc.server.GrpcLogAppender$AppendLogResponseHandler@79508139: Request not found, ignoring reply: b461a7b0-028a-4eb5-b268-b89ac225aff8<-b6ff45f5-67b8-463b-a273-c2e7d9dadd75#4124:OK,SUCCESS,nextIndex:4116,term:3,followerCommit:4112
2019-08-28 21:30:09,960 | INFO  | DNAudit | user=null | ip=null | op=PUT_BLOCK {blockData=[blockId=conID: 2 locID: 102696734224613995 bcsId: 0,size=1048576]} | ret=SUCCESS |  
2019-08-28 21:30:09,960 [grpc-default-executor-1] WARN  server.GrpcLogAppender (GrpcLogAppender.java:onNextImpl(250)) - org.apache.ratis.grpc.server.GrpcLogAppender$AppendLogResponseHandler@2989d946: Request not found, ignoring reply: b461a7b0-028a-4eb5-b268-b89ac225aff8<-6a5cb75f-f7eb-4671-9a85-3b6f7898f6cc#4124:OK,SUCCESS,nextIndex:4116,term:3,followerCommit:4112
2019-08-28 21:30:09,962 [grpc-default-executor-5] WARN  server.GrpcLogAppender (GrpcLogAppender.java:onNextImpl(250)) - org.apache.ratis.grpc.server.GrpcLogAppender$AppendLogResponseHandler@79508139: Request not found, ignoring reply: b461a7b0-028a-4eb5-b268-b89ac225aff8<-b6ff45f5-67b8-463b-a273-c2e7d9dadd75#4125:OK,SUCCESS,nextIndex:4117,term:3,followerCommit:4112
2019-08-28 21:30:09,962 [grpc-default-executor-1] WARN  server.GrpcLogAppender (GrpcLogAppender.java:onNextImpl(250)) - org.apache.ratis.grpc.server.GrpcLogAppender$AppendLogResponseHandler@2989d946: Request not found, ignoring reply: b461a7b0-028a-4eb5-b268-b89ac225aff8<-6a5cb75f-f7eb-4671-9a85-3b6f7898f6cc#4125:OK,SUCCESS,nextIndex:4117,term:3,followerCommit:4112
2019-08-28 21:30:09,962 | INFO  | DNAudit | user=null | ip=null | op=WRITE_CHUNK {blockData=conID: 2 locID: 102696734224613995 bcsId: 0} | ret=SUCCESS |  
2019-08-28 21:30:09,963 | INFO  | DNAudit | user=null | ip=null | op=PUT_BLOCK {blockData=[blockId=conID: 2 locID: 102696734224613995 bcsId: 0,size=2097152]} | ret=SUCCESS |  
2019-08-28 21:30:09,991 [grpc-default-executor-1] INFO  client.GrpcClientProtocolClient (GrpcClientProtocolClient.java:onNext(255)) - client-05DA20D107F8->b6ff45f5-67b8-463b-a273-c2e7d9dadd75: receive RaftClientReply:client-05DA20D107F8->b6ff45f5-67b8-463b-a273-c2e7d9dadd75@group-0C8C0AA7542A, cid=2752, FAILED org.apache.ratis.protocol.NotLeaderException: Server b6ff45f5-67b8-463b-a273-c2e7d9dadd75 is not the leader (b461a7b0-028a-4eb5-b268-b89ac225aff8:192.168.36.107:35306). Request must be sent to leader., logIndex=0, commits[b6ff45f5-67b8-463b-a273-c2e7d9dadd75:c4112, b461a7b0-028a-4eb5-b268-b89ac225aff8:c4116, 6a5cb75f-f7eb-4671-9a85-3b6f7898f6cc:c4112]
2019-08-28 21:30:10,011 [grpc-default-executor-1] INFO  client.GrpcClientProtocolClient (GrpcClientProtocolClient.java:onNext(255)) - client-05DA20D107F8->b461a7b0-028a-4eb5-b268-b89ac225aff8: receive RaftClientReply:client-05DA20D107F8->b461a7b0-028a-4eb5-b268-b89ac225aff8@group-0C8C0AA7542A, cid=2752, SUCCESS, logIndex=4115, commits[b461a7b0-028a-4eb5-b268-b89ac225aff8:c4116, b6ff45f5-67b8-463b-a273-c2e7d9dadd75:c4112, 6a5cb75f-f7eb-4671-9a85-3b6f7898f6cc:c4114]
2019-08-28 21:30:10,016 [grpc-default-executor-5] INFO  client.GrpcClientProtocolClient (GrpcClientProtocolClient.java:onNext(255)) - client-05DA20D107F8->b461a7b0-028a-4eb5-b268-b89ac225aff8: receive RaftClientReply:client-05DA20D107F8->b461a7b0-028a-4eb5-b268-b89ac225aff8@group-0C8C0AA7542A, cid=2753, SUCCESS, logIndex=4116, commits[b461a7b0-028a-4eb5-b268-b89ac225aff8:c4116, b6ff45f5-67b8-463b-a273-c2e7d9dadd75:c4112, 6a5cb75f-f7eb-4671-9a85-3b6f7898f6cc:c4114]
2019-08-28 21:30:10,479 [java.util.concurrent.ThreadPoolExecutor$Worker@362b23e9[State = -1, empty queue]] WARN  server.GrpcLogAppender (GrpcLogAppender.java:timeoutAppendRequest(200)) - GrpcLogAppender(b461a7b0-028a-4eb5-b268-b89ac225aff8->b6ff45f5-67b8-463b-a273-c2e7d9dadd75): appendEntries Timeout, request=b461a7b0-028a-4eb5-b268-b89ac225aff8->b6ff45f5-67b8-463b-a273-c2e7d9dadd75#4127-t3, previous=(t:3, i:4116), leaderCommit=4114, initializing? false, entries: size=1, first=(t:3, i:4117), METADATAENTRY(c4114)
2019-08-28 21:30:10,640 | INFO  | SCMAudit | user=jenkins1000 | ip=192.168.36.107 | op=SEND_HEARTBEAT {datanodeUUID=6a5cb75f-f7eb-4671-9a85-3b6f7898f6cc, command=[]} | ret=SUCCESS |  
2019-08-28 21:30:10,641 | INFO  | SCMAudit | user=jenkins1000 | ip=192.168.36.107 | op=SEND_HEARTBEAT {datanodeUUID=b6ff45f5-67b8-463b-a273-c2e7d9dadd75, command=[]} | ret=SUCCESS |  
2019-08-28 21:30:10,641 | INFO  | SCMAudit | user=jenkins1000 | ip=192.168.36.107 | op=SEND_HEARTBEAT {datanodeUUID=b461a7b0-028a-4eb5-b268-b89ac225aff8, command=[]} | ret=SUCCESS |  
2019-08-28 21:30:10,641 | INFO  | SCMAudit | user=jenkins1000 | ip=192.168.36.107 | op=SEND_HEARTBEAT {datanodeUUID=af4986ea-80d8-4c92-96d2-2b3929a4248a, command=[]} | ret=SUCCESS |  
2019-08-28 21:30:10,641 | INFO  | SCMAudit | user=jenkins1000 | ip=192.168.36.107 | op=SEND_HEARTBEAT {datanodeUUID=68f89a68-6a96-4cde-8528-8617611d459d, command=[]} | ret=SUCCESS |  
 0.00% |█                                                                                                    |  0/1 Time: 0:00:462019-08-28 21:30:11,639 | INFO  | SCMAudit | user=jenkins1000 | ip=192.168.36.107 | op=SEND_HEARTBEAT {datanodeUUID=6a5cb75f-f7eb-4671-9a85-3b6f7898f6cc, command=[]} | ret=SUCCESS |  
2019-08-28 21:30:11,640 | INFO  | SCMAudit | user=jenkins1000 | ip=192.168.36.107 | op=SEND_HEARTBEAT {datanodeUUID=b6ff45f5-67b8-463b-a273-c2e7d9dadd75, command=[]} | ret=SUCCESS |  
2019-08-28 21:30:11,640 | INFO  | SCMAudit | user=jenkins1000 | ip=192.168.36.107 | op=SEND_HEARTBEAT {datanodeUUID=b461a7b0-028a-4eb5-b268-b89ac225aff8, command=[]} | ret=SUCCESS |  
2019-08-28 21:30:11,641 | INFO  | SCMAudit | user=jenkins1000 | ip=192.168.36.107 | op=SEND_HEARTBEAT {datanodeUUID=af4986ea-80d8-4c92-96d2-2b3929a4248a, command=[]} | ret=SUCCESS |  
2019-08-28 21:30:11,641 | INFO  | SCMAudit | user=jenkins1000 | ip=192.168.36.107 | op=SEND_HEARTBEAT {datanodeUUID=68f89a68-6a96-4cde-8528-8617611d459d, command=[]} | ret=SUCCESS |  
 0.00% |█                                                                                                    |  0/1 Time: 0:00:472019-08-28 21:30:12,005 [grpc-default-executor-5] WARN  server.GrpcLogAppender (GrpcLogAppender.java:onNextImpl(250)) - org.apache.ratis.grpc.server.GrpcLogAppender$AppendLogResponseHandler@79508139: Request not found, ignoring reply: b461a7b0-028a-4eb5-b268-b89ac225aff8<-b6ff45f5-67b8-463b-a273-c2e7d9dadd75#4127:OK,SUCCESS,nextIndex:4118,term:3,followerCommit:4114
2019-08-28 21:30:12,099 | INFO  | DNAudit | user=null | ip=null | op=WRITE_CHUNK {blockData=conID: 2 locID: 102696734224613995 bcsId: 0} | ret=SUCCESS |  
2019-08-28 21:30:12,099 | INFO  | DNAudit | user=null | ip=null | op=WRITE_CHUNK {blockData=conID: 2 locID: 102696734224613995 bcsId: 0} | ret=SUCCESS |  
2019-08-28 21:30:12,099 | INFO  | DNAudit | user=null | ip=null | op=PUT_BLOCK {blockData=[blockId=conID: 2 locID: 102696734224613995 bcsId: 0,size=1048576]} | ret=SUCCESS |  
2019-08-28 21:30:12,100 | INFO  | DNAudit | user=null | ip=null | op=PUT_BLOCK {blockData=[blockId=conID: 2 locID: 102696734224613995 bcsId: 0,size=2097152]} | ret=SUCCESS |  
2019-08-28 21:30:12,640 | INFO  | SCMAudit | user=jenkins1000 | ip=192.168.36.107 | op=SEND_HEARTBEAT {datanodeUUID=6a5cb75f-f7eb-4671-9a85-3b6f7898f6cc, command=[]} | ret=SUCCESS |  
2019-08-28 21:30:12,640 | INFO  | SCMAudit | user=jenkins1000 | ip=192.168.36.107 | op=SEND_HEARTBEAT {datanodeUUID=b6ff45f5-67b8-463b-a273-c2e7d9dadd75, command=[]} | ret=SUCCESS |  
2019-08-28 21:30:12,640 | INFO  | SCMAudit | user=jenkins1000 | ip=192.168.36.107 | op=SEND_HEARTBEAT {datanodeUUID=b461a7b0-028a-4eb5-b268-b89ac225aff8, command=[]} | ret=SUCCESS |  
2019-08-28 21:30:12,640 | INFO  | SCMAudit | user=jenkins1000 | ip=192.168.36.107 | op=SEND_HEARTBEAT {datanodeUUID=af4986ea-80d8-4c92-96d2-2b3929a4248a, command=[]} | ret=SUCCESS |  
2019-08-28 21:30:12,641 | INFO  | SCMAudit | user=jenkins1000 | ip=192.168.36.107 | op=SEND_HEARTBEAT {datanodeUUID=68f89a68-6a96-4cde-8528-8617611d459d, command=[]} | ret=SUCCESS |  
 0.00% |█                                                                                                    |  0/1 Time: 0:00:482019-08-28 21:30:12,963 [java.util.concurrent.ThreadPoolExecutor$Worker@362b23e9[State = -1, empty queue]] WARN  server.GrpcLogAppender (GrpcLogAppender.java:timeoutAppendRequest(200)) - GrpcLogAppender(b461a7b0-028a-4eb5-b268-b89ac225aff8->b6ff45f5-67b8-463b-a273-c2e7d9dadd75): appendEntries Timeout, request=b461a7b0-028a-4eb5-b268-b89ac225aff8->b6ff45f5-67b8-463b-a273-c2e7d9dadd75#4128-t3, previous=(t:3, i:4117), leaderCommit=4116, initializing? false, entries: size=1, first=(t:3, i:4118), METADATAENTRY(c4116)
2019-08-28 21:30:13,543 | INFO  | DNAudit | user=null | ip=null | op=WRITE_CHUNK {blockData=conID: 2 locID: 102696734224613995 bcsId: 0} | ret=SUCCESS |  
2019-08-28 21:30:13,543 [grpc-default-executor-5] WARN  server.GrpcLogAppender (GrpcLogAppender.java:onNextImpl(250)) - org.apache.ratis.grpc.server.GrpcLogAppender$AppendLogResponseHandler@79508139: Request not found, ignoring reply: b461a7b0-028a-4eb5-b268-b89ac225aff8<-b6ff45f5-67b8-463b-a273-c2e7d9dadd75#4128:OK,SUCCESS,nextIndex:4119,term:3,followerCommit:4116
2019-08-28 21:30:13,543 | INFO  | DNAudit | user=null | ip=null | op=PUT_BLOCK {blockData=[blockId=conID: 2 locID: 102696734224613995 bcsId: 0,size=2097152]} | ret=SUCCESS |  
2019-08-28 21:30:13,640 | INFO  | SCMAudit | user=jenkins1000 | ip=192.168.36.107 | op=SEND_HEARTBEAT {datanodeUUID=6a5cb75f-f7eb-4671-9a85-3b6f7898f6cc, command=[]} | ret=SUCCESS |  
2019-08-28 21:30:13,640 | INFO  | SCMAudit | user=jenkins1000 | ip=192.168.36.107 | op=SEND_HEARTBEAT {datanodeUUID=b6ff45f5-67b8-463b-a273-c2e7d9dadd75, command=[]} | ret=SUCCESS |  
2019-08-28 21:30:13,640 | INFO  | SCMAudit | user=jenkins1000 | ip=192.168.36.107 | op=SEND_HEARTBEAT {datanodeUUID=af4986ea-80d8-4c92-96d2-2b3929a4248a, command=[]} | ret=SUCCESS |  
2019-08-28 21:30:13,640 | INFO  | SCMAudit | user=jenkins1000 | ip=192.168.36.107 | op=SEND_HEARTBEAT {datanodeUUID=b461a7b0-028a-4eb5-b268-b89ac225aff8, command=[]} | ret=SUCCESS |  
2019-08-28 21:30:13,640 | INFO  | SCMAudit | user=jenkins1000 | ip=192.168.36.107 | op=SEND_HEARTBEAT {datanodeUUID=68f89a68-6a96-4cde-8528-8617611d459d, command=[]} | ret=SUCCESS |  
 0.00% |█                                                                                                    |  0/1 Time: 0:00:492019-08-28 21:30:14,640 | INFO  | SCMAudit | user=jenkins1000 | ip=192.168.36.107 | op=SEND_HEARTBEAT {datanodeUUID=6a5cb75f-f7eb-4671-9a85-3b6f7898f6cc, command=[]} | ret=SUCCESS |  
2019-08-28 21:30:14,640 | INFO  | SCMAudit | user=jenkins1000 | ip=192.168.36.107 | op=SEND_HEARTBEAT {datanodeUUID=b461a7b0-028a-4eb5-b268-b89ac225aff8, command=[]} | ret=SUCCESS |  
2019-08-28 21:30:14,640 | INFO  | SCMAudit | user=jenkins1000 | ip=192.168.36.107 | op=SEND_HEARTBEAT {datanodeUUID=af4986ea-80d8-4c92-96d2-2b3929a4248a, command=[]} | ret=SUCCESS |  
2019-08-28 21:30:14,640 | INFO  | SCMAudit | user=jenkins1000 | ip=192.168.36.107 | op=SEND_HEARTBEAT {datanodeUUID=b6ff45f5-67b8-463b-a273-c2e7d9dadd75, command=[]} | ret=SUCCESS |  
2019-08-28 21:30:14,641 | INFO  | SCMAudit | user=jenkins1000 | ip=192.168.36.107 | op=SEND_HEARTBEAT {datanodeUUID=68f89a68-6a96-4cde-8528-8617611d459d, command=[]} | ret=SUCCESS |  
 0.00% |█                                                                                                    |  0/1 Time: 0:00:502019-08-28 21:30:15,020 [pool-282-thread-1] WARN  scm.XceiverClientRatis (XceiverClientRatis.java:watchForCommit(262)) - 3 way commit failed on pipeline Pipeline[ Id: cbe6224b-497b-421d-90b7-0c8c0aa7542a, Nodes: b461a7b0-028a-4eb5-b268-b89ac225aff8{ip: 192.168.36.107, host: pr-hdds-1949-jn7bv-2990118995, networkLocation: /default-rack, certSerialId: null}b6ff45f5-67b8-463b-a273-c2e7d9dadd75{ip: 192.168.36.107, host: pr-hdds-1949-jn7bv-2990118995, networkLocation: /default-rack, certSerialId: null}6a5cb75f-f7eb-4671-9a85-3b6f7898f6cc{ip: 192.168.36.107, host: pr-hdds-1949-jn7bv-2990118995, networkLocation: /default-rack, certSerialId: null}, Type:RATIS, Factor:THREE, State:OPEN]
java.util.concurrent.TimeoutException
	at java.util.concurrent.CompletableFuture.timedGet(CompletableFuture.java:1771)
	at java.util.concurrent.CompletableFuture.get(CompletableFuture.java:1915)
	at org.apache.hadoop.hdds.scm.XceiverClientRatis.watchForCommit(XceiverClientRatis.java:259)
	at org.apache.hadoop.hdds.scm.storage.CommitWatcher.watchForCommit(CommitWatcher.java:194)
	at org.apache.hadoop.hdds.scm.storage.CommitWatcher.watchOnFirstIndex(CommitWatcher.java:135)
	at org.apache.hadoop.hdds.scm.storage.BlockOutputStream.watchForCommit(BlockOutputStream.java:347)
	at org.apache.hadoop.hdds.scm.storage.BlockOutputStream.handleFullBuffer(BlockOutputStream.java:324)
	at org.apache.hadoop.hdds.scm.storage.BlockOutputStream.write(BlockOutputStream.java:251)
	at org.apache.hadoop.ozone.client.io.BlockOutputStreamEntry.write(BlockOutputStreamEntry.java:129)
	at org.apache.hadoop.ozone.client.io.KeyOutputStream.handleWrite(KeyOutputStream.java:211)
	at org.apache.hadoop.ozone.client.io.KeyOutputStream.write(KeyOutputStream.java:193)
	at org.apache.hadoop.ozone.client.io.OzoneOutputStream.write(OzoneOutputStream.java:49)
	at org.apache.hadoop.ozone.freon.RandomKeyGenerator.createKey(RandomKeyGenerator.java:708)
	at org.apache.hadoop.ozone.freon.RandomKeyGenerator.access$1100(RandomKeyGenerator.java:88)
	at org.apache.hadoop.ozone.freon.RandomKeyGenerator$ObjectCreator.run(RandomKeyGenerator.java:615)
	at java.util.concurrent.Executors$RunnableAdapter.call(Executors.java:511)
	at java.util.concurrent.FutureTask.run(FutureTask.java:266)
	at java.util.concurrent.ThreadPoolExecutor.runWorker(ThreadPoolExecutor.java:1149)
	at java.util.concurrent.ThreadPoolExecutor$Worker.run(ThreadPoolExecutor.java:624)
	at java.lang.Thread.run(Thread.java:748)
2019-08-28 21:30:15,029 [grpc-default-executor-5] INFO  client.GrpcClientProtocolClient (GrpcClientProtocolClient.java:onNext(255)) - client-05DA20D107F8->b461a7b0-028a-4eb5-b268-b89ac225aff8: receive RaftClientReply:client-05DA20D107F8->b461a7b0-028a-4eb5-b268-b89ac225aff8@group-0C8C0AA7542A, cid=2755, SUCCESS, logIndex=0, commits[b461a7b0-028a-4eb5-b268-b89ac225aff8:c4118, b6ff45f5-67b8-463b-a273-c2e7d9dadd75:c4112, 6a5cb75f-f7eb-4671-9a85-3b6f7898f6cc:c4118]
2019-08-28 21:30:15,033 [pool-282-thread-1] INFO  scm.XceiverClientRatis (XceiverClientRatis.java:lambda$watchForCommit$7(280)) - Could not commit index 4114 on pipeline Pipeline[ Id: cbe6224b-497b-421d-90b7-0c8c0aa7542a, Nodes: b461a7b0-028a-4eb5-b268-b89ac225aff8{ip: 192.168.36.107, host: pr-hdds-1949-jn7bv-2990118995, networkLocation: /default-rack, certSerialId: null}b6ff45f5-67b8-463b-a273-c2e7d9dadd75{ip: 192.168.36.107, host: pr-hdds-1949-jn7bv-2990118995, networkLocation: /default-rack, certSerialId: null}6a5cb75f-f7eb-4671-9a85-3b6f7898f6cc{ip: 192.168.36.107, host: pr-hdds-1949-jn7bv-2990118995, networkLocation: /default-rack, certSerialId: null}, Type:RATIS, Factor:THREE, State:OPEN] to all the nodes. Server b6ff45f5-67b8-463b-a273-c2e7d9dadd75 has failed. Committed by majority.
2019-08-28 21:30:15,036 [pool-282-thread-1] WARN  storage.BlockOutputStream (BlockOutputStream.java:watchForCommit(353)) - Failed to commit BlockId conID: 2 locID: 102696734224613995 bcsId: 4116 on Pipeline[ Id: cbe6224b-497b-421d-90b7-0c8c0aa7542a, Nodes: b461a7b0-028a-4eb5-b268-b89ac225aff8{ip: 192.168.36.107, host: pr-hdds-1949-jn7bv-2990118995, networkLocation: /default-rack, certSerialId: null}b6ff45f5-67b8-463b-a273-c2e7d9dadd75{ip: 192.168.36.107, host: pr-hdds-1949-jn7bv-2990118995, networkLocation: /default-rack, certSerialId: null}6a5cb75f-f7eb-4671-9a85-3b6f7898f6cc{ip: 192.168.36.107, host: pr-hdds-1949-jn7bv-2990118995, networkLocation: /default-rack, certSerialId: null}, Type:RATIS, Factor:THREE, State:OPEN]. Failed nodes: [b6ff45f5-67b8-463b-a273-c2e7d9dadd75{ip: null, host: null, networkLocation: /default-rack, certSerialId: null}]
2019-08-28 21:30:15,045 | INFO  | DNAudit | user=null | ip=null | op=WRITE_CHUNK {blockData=conID: 2 locID: 102696734224613995 bcsId: 4116} | ret=SUCCESS |  
2019-08-28 21:30:15,048 | INFO  | DNAudit | user=null | ip=null | op=WRITE_CHUNK {blockData=conID: 2 locID: 102696734224613995 bcsId: 4116} | ret=SUCCESS |  
2019-08-28 21:30:15,053 | INFO  | DNAudit | user=null | ip=null | op=WRITE_CHUNK {blockData=conID: 2 locID: 102696734224613995 bcsId: 4116} | ret=SUCCESS |  
2019-08-28 21:30:15,072 [grpc-default-executor-5] INFO  client.GrpcClientProtocolClient (GrpcClientProtocolClient.java:onNext(255)) - client-05DA20D107F8->b461a7b0-028a-4eb5-b268-b89ac225aff8: receive RaftClientReply:client-05DA20D107F8->b461a7b0-028a-4eb5-b268-b89ac225aff8@group-0C8C0AA7542A, cid=2754, SUCCESS, logIndex=0, commits[b461a7b0-028a-4eb5-b268-b89ac225aff8:c4118, b6ff45f5-67b8-463b-a273-c2e7d9dadd75:c4118, 6a5cb75f-f7eb-4671-9a85-3b6f7898f6cc:c4118]
2019-08-28 21:30:15,079 | INFO  | DNAudit | user=null | ip=null | op=WRITE_CHUNK {blockData=conID: 2 locID: 102696734224613995 bcsId: 4116} | ret=SUCCESS |  
2019-08-28 21:30:15,080 [grpc-default-executor-5] INFO  client.GrpcClientProtocolClient (GrpcClientProtocolClient.java:onNext(255)) - client-05DA20D107F8->b461a7b0-028a-4eb5-b268-b89ac225aff8: receive RaftClientReply:client-05DA20D107F8->b461a7b0-028a-4eb5-b268-b89ac225aff8@group-0C8C0AA7542A, cid=2754, SUCCESS, logIndex=0, commits[b461a7b0-028a-4eb5-b268-b89ac225aff8:c4118, b6ff45f5-67b8-463b-a273-c2e7d9dadd75:c4118, 6a5cb75f-f7eb-4671-9a85-3b6f7898f6cc:c4118]
2019-08-28 21:30:15,080 | INFO  | DNAudit | user=null | ip=null | op=PUT_BLOCK {blockData=[blockId=conID: 2 locID: 102696734224613995 bcsId: 0,size=3145728]} | ret=SUCCESS |  
2019-08-28 21:30:15,080 [grpc-default-executor-5] INFO  client.GrpcClientProtocolClient (GrpcClientProtocolClient.java:onNext(255)) - client-05DA20D107F8->b461a7b0-028a-4eb5-b268-b89ac225aff8: receive RaftClientReply:client-05DA20D107F8->b461a7b0-028a-4eb5-b268-b89ac225aff8@group-0C8C0AA7542A, cid=2756, SUCCESS, logIndex=4119, commits[b461a7b0-028a-4eb5-b268-b89ac225aff8:c4120, b6ff45f5-67b8-463b-a273-c2e7d9dadd75:c4118, 6a5cb75f-f7eb-4671-9a85-3b6f7898f6cc:c4118]
2019-08-28 21:30:15,081 [grpc-default-executor-5] INFO  client.GrpcClientProtocolClient (GrpcClientProtocolClient.java:onNext(255)) - client-05DA20D107F8->b461a7b0-028a-4eb5-b268-b89ac225aff8: receive RaftClientReply:client-05DA20D107F8->b461a7b0-028a-4eb5-b268-b89ac225aff8@group-0C8C0AA7542A, cid=2757, SUCCESS, logIndex=4120, commits[b461a7b0-028a-4eb5-b268-b89ac225aff8:c4120, b6ff45f5-67b8-463b-a273-c2e7d9dadd75:c4118, 6a5cb75f-f7eb-4671-9a85-3b6f7898f6cc:c4118]
2019-08-28 21:30:15,090 | INFO  | DNAudit | user=null | ip=null | op=WRITE_CHUNK {blockData=conID: 2 locID: 102696734224613995 bcsId: 4120} | ret=SUCCESS |  
2019-08-28 21:30:15,090 | INFO  | DNAudit | user=null | ip=null | op=WRITE_CHUNK {blockData=conID: 2 locID: 102696734224613995 bcsId: 4116} | ret=SUCCESS |  
2019-08-28 21:30:15,090 | INFO  | DNAudit | user=null | ip=null | op=WRITE_CHUNK {blockData=conID: 2 locID: 102696734224613995 bcsId: 4116} | ret=SUCCESS |  
2019-08-28 21:30:15,090 | INFO  | DNAudit | user=null | ip=null | op=PUT_BLOCK {blockData=[blockId=conID: 2 locID: 102696734224613995 bcsId: 0,size=3145728]} | ret=SUCCESS |  
2019-08-28 21:30:15,091 | INFO  | DNAudit | user=null | ip=null | op=PUT_BLOCK {blockData=[blockId=conID: 2 locID: 102696734224613995 bcsId: 0,size=3145728]} | ret=SUCCESS |  
2019-08-28 21:30:15,092 | INFO  | DNAudit | user=null | ip=null | op=WRITE_CHUNK {blockData=conID: 2 locID: 102696734224613995 bcsId: 4120} | ret=SUCCESS |  
2019-08-28 21:30:15,093 | INFO  | DNAudit | user=null | ip=null | op=WRITE_CHUNK {blockData=conID: 2 locID: 102696734224613995 bcsId: 4120} | ret=SUCCESS |  
2019-08-28 21:30:15,115 | INFO  | DNAudit | user=null | ip=null | op=WRITE_CHUNK {blockData=conID: 2 locID: 102696734224613995 bcsId: 4120} | ret=SUCCESS |  
2019-08-28 21:30:15,115 | INFO  | DNAudit | user=null | ip=null | op=PUT_BLOCK {blockData=[blockId=conID: 2 locID: 102696734224613995 bcsId: 0,size=4194304]} | ret=SUCCESS |  
2019-08-28 21:30:15,116 [grpc-default-executor-1] INFO  client.GrpcClientProtocolClient (GrpcClientProtocolClient.java:onNext(255)) - client-05DA20D107F8->b461a7b0-028a-4eb5-b268-b89ac225aff8: receive RaftClientReply:client-05DA20D107F8->b461a7b0-028a-4eb5-b268-b89ac225aff8@group-0C8C0AA7542A, cid=2758, SUCCESS, logIndex=4123, commits[b461a7b0-028a-4eb5-b268-b89ac225aff8:c4124, b6ff45f5-67b8-463b-a273-c2e7d9dadd75:c4120, 6a5cb75f-f7eb-4671-9a85-3b6f7898f6cc:c4120]
2019-08-28 21:30:15,118 [grpc-default-executor-1] INFO  client.GrpcClientProtocolClient (GrpcClientProtocolClient.java:onNext(255)) - client-05DA20D107F8->b461a7b0-028a-4eb5-b268-b89ac225aff8: receive RaftClientReply:client-05DA20D107F8->b461a7b0-028a-4eb5-b268-b89ac225aff8@group-0C8C0AA7542A, cid=2759, SUCCESS, logIndex=4124, commits[b461a7b0-028a-4eb5-b268-b89ac225aff8:c4124, b6ff45f5-67b8-463b-a273-c2e7d9dadd75:c4120, 6a5cb75f-f7eb-4671-9a85-3b6f7898f6cc:c4120]
2019-08-28 21:30:15,134 | INFO  | DNAudit | user=null | ip=null | op=WRITE_CHUNK {blockData=conID: 2 locID: 102696734224613995 bcsId: 4120} | ret=SUCCESS |  
2019-08-28 21:30:15,134 | INFO  | DNAudit | user=null | ip=null | op=WRITE_CHUNK {blockData=conID: 2 locID: 102696734224613995 bcsId: 4120} | ret=SUCCESS |  
2019-08-28 21:30:15,135 | INFO  | DNAudit | user=null | ip=null | op=PUT_BLOCK {blockData=[blockId=conID: 2 locID: 102696734224613995 bcsId: 0,size=4194304]} | ret=SUCCESS |  
2019-08-28 21:30:15,136 | INFO  | DNAudit | user=null | ip=null | op=PUT_BLOCK {blockData=[blockId=conID: 2 locID: 102696734224613995 bcsId: 0,size=4194304]} | ret=SUCCESS |  
2019-08-28 21:30:15,136 [grpc-default-executor-1] INFO  client.GrpcClientProtocolClient (GrpcClientProtocolClient.java:onNext(255)) - client-05DA20D107F8->b461a7b0-028a-4eb5-b268-b89ac225aff8: receive RaftClientReply:client-05DA20D107F8->b461a7b0-028a-4eb5-b268-b89ac225aff8@group-0C8C0AA7542A, cid=2760, SUCCESS, logIndex=0, commits[b461a7b0-028a-4eb5-b268-b89ac225aff8:c4126, b6ff45f5-67b8-463b-a273-c2e7d9dadd75:c4124, 6a5cb75f-f7eb-4671-9a85-3b6f7898f6cc:c4124]
2019-08-28 21:30:15,167 [IPC Server handler 9 on 44012] WARN  block.BlockManagerImpl (BlockManagerImpl.java:allocateBlock(192)) - Pipeline creation failed for type:RATIS factor:THREE. Retrying get pipelines call once.
org.apache.hadoop.hdds.scm.pipeline.InsufficientDatanodesException: Cannot create pipeline of factor 3 using 2 nodes.
	at org.apache.hadoop.hdds.scm.pipeline.RatisPipelineProvider.create(RatisPipelineProvider.java:151)
	at org.apache.hadoop.hdds.scm.pipeline.PipelineFactory.create(PipelineFactory.java:57)
	at org.apache.hadoop.hdds.scm.pipeline.SCMPipelineManager.createPipeline(SCMPipelineManager.java:149)
	at org.apache.hadoop.hdds.scm.block.BlockManagerImpl.allocateBlock(BlockManagerImpl.java:190)
	at org.apache.hadoop.hdds.scm.server.SCMBlockProtocolServer.allocateBlock(SCMBlockProtocolServer.java:176)
	at org.apache.hadoop.ozone.protocolPB.ScmBlockLocationProtocolServerSideTranslatorPB.allocateScmBlock(ScmBlockLocationProtocolServerSideTranslatorPB.java:153)
	at org.apache.hadoop.ozone.protocolPB.ScmBlockLocationProtocolServerSideTranslatorPB.send(ScmBlockLocationProtocolServerSideTranslatorPB.java:112)
	at org.apache.hadoop.hdds.protocol.proto.ScmBlockLocationProtocolProtos$ScmBlockLocationProtocolService$2.callBlockingMethod(ScmBlockLocationProtocolProtos.java:13157)
	at org.apache.hadoop.ipc.ProtobufRpcEngine$Server$ProtoBufRpcInvoker.call(ProtobufRpcEngine.java:524)
	at org.apache.hadoop.ipc.RPC$Server.call(RPC.java:1025)
	at org.apache.hadoop.ipc.Server$RpcCall.run(Server.java:876)
	at org.apache.hadoop.ipc.Server$RpcCall.run(Server.java:822)
	at java.security.AccessController.doPrivileged(Native Method)
	at javax.security.auth.Subject.doAs(Subject.java:422)
	at org.apache.hadoop.security.UserGroupInformation.doAs(UserGroupInformation.java:1730)
	at org.apache.hadoop.ipc.Server$Handler.run(Server.java:2682)
2019-08-28 21:30:15,167 [IPC Server handler 9 on 44012] INFO  block.BlockManagerImpl (BlockManagerImpl.java:allocateBlock(198)) - Could not find available pipeline of type:RATIS and factor:THREE even after retrying
2019-08-28 21:30:15,168 [IPC Server handler 9 on 44012] ERROR block.BlockManagerImpl (BlockManagerImpl.java:allocateBlock(222)) - Unable to allocate a block for the size: 4194304, type: RATIS, factor: THREE
2019-08-28 21:30:15,168 | INFO  | SCMAudit | user=jenkins1000 | ip=127.0.0.1 | op=ALLOCATE_BLOCK {owner=a0140aad-a474-4492-a39d-25bd6167d9f0, size=4194304, type=RATIS, factor=THREE} | ret=SUCCESS |  
2019-08-28 21:30:15,170 | ERROR | OMAudit | user=jenkins1000 | ip=127.0.0.1 | op=ALLOCATE_BLOCK {volume=vol-0-08922, bucket=bucket-0-29862, key=key-0-31337, dataSize=0, replicationType=null, replicationFactor=null, keyLocationInfo=null, clientID=102696731548516754} | ret=FAILURE | org.apache.hadoop.hdds.scm.exceptions.SCMException: Allocated 0 blocks. Requested 1 blocks
	at org.apache.hadoop.hdds.scm.protocolPB.ScmBlockLocationProtocolClientSideTranslatorPB.handleError(ScmBlockLocationProtocolClientSideTranslatorPB.java:118)
	at org.apache.hadoop.hdds.scm.protocolPB.ScmBlockLocationProtocolClientSideTranslatorPB.allocateBlock(ScmBlockLocationProtocolClientSideTranslatorPB.java:156) 
2019-08-28 21:30:15,175 [pool-282-thread-1] ERROR io.BlockOutputStreamEntryPool (BlockOutputStreamEntryPool.java:allocateBlockIfNeeded(299)) - Try to allocate more blocks for write failed, already allocated 0 blocks for this write.
INTERNAL_ERROR org.apache.hadoop.ozone.om.exceptions.OMException: Allocated 0 blocks. Requested 1 blocks
	at org.apache.hadoop.ozone.om.protocolPB.OzoneManagerProtocolClientSideTranslatorPB.handleError(OzoneManagerProtocolClientSideTranslatorPB.java:725)
	at org.apache.hadoop.ozone.om.protocolPB.OzoneManagerProtocolClientSideTranslatorPB.allocateBlock(OzoneManagerProtocolClientSideTranslatorPB.java:757)
	at org.apache.hadoop.ozone.client.io.BlockOutputStreamEntryPool.allocateNewBlock(BlockOutputStreamEntryPool.java:248)
	at org.apache.hadoop.ozone.client.io.BlockOutputStreamEntryPool.allocateBlockIfNeeded(BlockOutputStreamEntryPool.java:296)
	at org.apache.hadoop.ozone.client.io.KeyOutputStream.handleWrite(KeyOutputStream.java:201)
	at org.apache.hadoop.ozone.client.io.KeyOutputStream.write(KeyOutputStream.java:193)
	at org.apache.hadoop.ozone.client.io.OzoneOutputStream.write(OzoneOutputStream.java:49)
	at org.apache.hadoop.ozone.freon.RandomKeyGenerator.createKey(RandomKeyGenerator.java:708)
	at org.apache.hadoop.ozone.freon.RandomKeyGenerator.access$1100(RandomKeyGenerator.java:88)
	at org.apache.hadoop.ozone.freon.RandomKeyGenerator$ObjectCreator.run(RandomKeyGenerator.java:615)
	at java.util.concurrent.Executors$RunnableAdapter.call(Executors.java:511)
	at java.util.concurrent.FutureTask.run(FutureTask.java:266)
	at java.util.concurrent.ThreadPoolExecutor.runWorker(ThreadPoolExecutor.java:1149)
	at java.util.concurrent.ThreadPoolExecutor$Worker.run(ThreadPoolExecutor.java:624)
	at java.lang.Thread.run(Thread.java:748)
2019-08-28 21:30:15,175 [pool-282-thread-1] ERROR freon.RandomKeyGenerator (RandomKeyGenerator.java:createKey(733)) - Exception while adding key: key-0-31337 in bucket: bucket-0-29862 of volume: vol-0-08922.
INTERNAL_ERROR org.apache.hadoop.ozone.om.exceptions.OMException: Allocated 0 blocks. Requested 1 blocks
	at org.apache.hadoop.ozone.om.protocolPB.OzoneManagerProtocolClientSideTranslatorPB.handleError(OzoneManagerProtocolClientSideTranslatorPB.java:725)
	at org.apache.hadoop.ozone.om.protocolPB.OzoneManagerProtocolClientSideTranslatorPB.allocateBlock(OzoneManagerProtocolClientSideTranslatorPB.java:757)
	at org.apache.hadoop.ozone.client.io.BlockOutputStreamEntryPool.allocateNewBlock(BlockOutputStreamEntryPool.java:248)
	at org.apache.hadoop.ozone.client.io.BlockOutputStreamEntryPool.allocateBlockIfNeeded(BlockOutputStreamEntryPool.java:296)
	at org.apache.hadoop.ozone.client.io.KeyOutputStream.handleWrite(KeyOutputStream.java:201)
	at org.apache.hadoop.ozone.client.io.KeyOutputStream.write(KeyOutputStream.java:193)
	at org.apache.hadoop.ozone.client.io.OzoneOutputStream.write(OzoneOutputStream.java:49)
	at org.apache.hadoop.ozone.freon.RandomKeyGenerator.createKey(RandomKeyGenerator.java:708)
	at org.apache.hadoop.ozone.freon.RandomKeyGenerator.access$1100(RandomKeyGenerator.java:88)
	at org.apache.hadoop.ozone.freon.RandomKeyGenerator$ObjectCreator.run(RandomKeyGenerator.java:615)
	at java.util.concurrent.Executors$RunnableAdapter.call(Executors.java:511)
	at java.util.concurrent.FutureTask.run(FutureTask.java:266)
	at java.util.concurrent.ThreadPoolExecutor.runWorker(ThreadPoolExecutor.java:1149)
	at java.util.concurrent.ThreadPoolExecutor$Worker.run(ThreadPoolExecutor.java:624)
	at java.lang.Thread.run(Thread.java:748)
2019-08-28 21:30:15,641 | INFO  | SCMAudit | user=jenkins1000 | ip=192.168.36.107 | op=SEND_HEARTBEAT {datanodeUUID=b461a7b0-028a-4eb5-b268-b89ac225aff8, command=[]} | ret=SUCCESS |  
2019-08-28 21:30:15,641 | INFO  | SCMAudit | user=jenkins1000 | ip=192.168.36.107 | op=SEND_HEARTBEAT {datanodeUUID=b6ff45f5-67b8-463b-a273-c2e7d9dadd75, command=[]} | ret=SUCCESS |  
2019-08-28 21:30:15,641 | INFO  | SCMAudit | user=jenkins1000 | ip=192.168.36.107 | op=SEND_HEARTBEAT {datanodeUUID=6a5cb75f-f7eb-4671-9a85-3b6f7898f6cc, command=[]} | ret=SUCCESS |  
2019-08-28 21:30:15,641 | INFO  | SCMAudit | user=jenkins1000 | ip=192.168.36.107 | op=SEND_HEARTBEAT {datanodeUUID=af4986ea-80d8-4c92-96d2-2b3929a4248a, command=[]} | ret=SUCCESS |  
2019-08-28 21:30:15,641 | INFO  | SCMAudit | user=jenkins1000 | ip=192.168.36.107 | op=SEND_HEARTBEAT {datanodeUUID=68f89a68-6a96-4cde-8528-8617611d459d, command=[]} | ret=SUCCESS |  
 0.00% |█                                                                                                    |  0/1 Time: 0:00:512019-08-28 21:30:16,641 | INFO  | SCMAudit | user=jenkins1000 | ip=192.168.36.107 | op=SEND_HEARTBEAT {datanodeUUID=6a5cb75f-f7eb-4671-9a85-3b6f7898f6cc, command=[]} | ret=SUCCESS |  
2019-08-28 21:30:16,641 | INFO  | SCMAudit | user=jenkins1000 | ip=192.168.36.107 | op=SEND_HEARTBEAT {datanodeUUID=af4986ea-80d8-4c92-96d2-2b3929a4248a, command=[]} | ret=SUCCESS |  
2019-08-28 21:30:16,641 | INFO  | SCMAudit | user=jenkins1000 | ip=192.168.36.107 | op=SEND_HEARTBEAT {datanodeUUID=b6ff45f5-67b8-463b-a273-c2e7d9dadd75, command=[]} | ret=SUCCESS |  
2019-08-28 21:30:16,641 | INFO  | SCMAudit | user=jenkins1000 | ip=192.168.36.107 | op=SEND_HEARTBEAT {datanodeUUID=b461a7b0-028a-4eb5-b268-b89ac225aff8, command=[]} | ret=SUCCESS |  
2019-08-28 21:30:16,642 | INFO  | SCMAudit | user=jenkins1000 | ip=192.168.36.107 | op=SEND_HEARTBEAT {datanodeUUID=68f89a68-6a96-4cde-8528-8617611d459d, command=[]} | ret=SUCCESS |  
 0.00% |█                                                                                                    |  0/1 Time: 0:00:522019-08-28 21:30:17,640 | INFO  | SCMAudit | user=jenkins1000 | ip=192.168.36.107 | op=SEND_HEARTBEAT {datanodeUUID=6a5cb75f-f7eb-4671-9a85-3b6f7898f6cc, command=[]} | ret=SUCCESS |  
2019-08-28 21:30:17,640 | INFO  | SCMAudit | user=jenkins1000 | ip=192.168.36.107 | op=SEND_HEARTBEAT {datanodeUUID=b6ff45f5-67b8-463b-a273-c2e7d9dadd75, command=[]} | ret=SUCCESS |  
2019-08-28 21:30:17,641 | INFO  | SCMAudit | user=jenkins1000 | ip=192.168.36.107 | op=SEND_HEARTBEAT {datanodeUUID=af4986ea-80d8-4c92-96d2-2b3929a4248a, command=[]} | ret=SUCCESS |  
2019-08-28 21:30:17,641 | INFO  | SCMAudit | user=jenkins1000 | ip=192.168.36.107 | op=SEND_HEARTBEAT {datanodeUUID=b461a7b0-028a-4eb5-b268-b89ac225aff8, command=[]} | ret=SUCCESS |  
2019-08-28 21:30:17,641 | INFO  | SCMAudit | user=jenkins1000 | ip=192.168.36.107 | op=SEND_HEARTBEAT {datanodeUUID=68f89a68-6a96-4cde-8528-8617611d459d, command=[]} | ret=SUCCESS |  
 0.00% |█                                                                                                    |  0/1 Time: 0:00:532019-08-28 21:30:18,640 | INFO  | SCMAudit | user=jenkins1000 | ip=192.168.36.107 | op=SEND_HEARTBEAT {datanodeUUID=6a5cb75f-f7eb-4671-9a85-3b6f7898f6cc, command=[]} | ret=SUCCESS |  
2019-08-28 21:30:18,640 | INFO  | SCMAudit | user=jenkins1000 | ip=192.168.36.107 | op=SEND_HEARTBEAT {datanodeUUID=b6ff45f5-67b8-463b-a273-c2e7d9dadd75, command=[]} | ret=SUCCESS |  
2019-08-28 21:30:18,641 | INFO  | SCMAudit | user=jenkins1000 | ip=192.168.36.107 | op=SEND_HEARTBEAT {datanodeUUID=af4986ea-80d8-4c92-96d2-2b3929a4248a, command=[]} | ret=SUCCESS |  
2019-08-28 21:30:18,641 | INFO  | SCMAudit | user=jenkins1000 | ip=192.168.36.107 | op=SEND_HEARTBEAT {datanodeUUID=b461a7b0-028a-4eb5-b268-b89ac225aff8, command=[]} | ret=SUCCESS |  
2019-08-28 21:30:18,641 | INFO  | SCMAudit | user=jenkins1000 | ip=192.168.36.107 | op=SEND_HEARTBEAT {datanodeUUID=68f89a68-6a96-4cde-8528-8617611d459d, command=[]} | ret=SUCCESS |  
 0.00% |█                                                                                                    |  0/1 Time: 0:00:542019-08-28 21:30:19,641 | INFO  | SCMAudit | user=jenkins1000 | ip=192.168.36.107 | op=SEND_HEARTBEAT {datanodeUUID=6a5cb75f-f7eb-4671-9a85-3b6f7898f6cc, command=[]} | ret=SUCCESS |  
2019-08-28 21:30:19,641 | INFO  | SCMAudit | user=jenkins1000 | ip=192.168.36.107 | op=SEND_HEARTBEAT {datanodeUUID=b461a7b0-028a-4eb5-b268-b89ac225aff8, command=[]} | ret=SUCCESS |  
2019-08-28 21:30:19,641 | INFO  | SCMAudit | user=jenkins1000 | ip=192.168.36.107 | op=SEND_HEARTBEAT {datanodeUUID=68f89a68-6a96-4cde-8528-8617611d459d, command=[]} | ret=SUCCESS |  
2019-08-28 21:30:19,641 | INFO  | SCMAudit | user=jenkins1000 | ip=192.168.36.107 | op=SEND_HEARTBEAT {datanodeUUID=af4986ea-80d8-4c92-96d2-2b3929a4248a, command=[]} | ret=SUCCESS |  
2019-08-28 21:30:19,641 | INFO  | SCMAudit | user=jenkins1000 | ip=192.168.36.107 | op=SEND_HEARTBEAT {datanodeUUID=b6ff45f5-67b8-463b-a273-c2e7d9dadd75, command=[]} | ret=SUCCESS |  
 100.00% |█████████████████████████████████████████████████████████████████████████████████████████████████████|  1/1 Time: 0:00:55
]]></system-out>
  </testcase>
  <testcase name="fileWithSizeZero" classname="org.apache.hadoop.ozone.freon.TestRandomKeyGenerator" time="5.062"/>
  <testcase name="multiThread" classname="org.apache.hadoop.ozone.freon.TestRandomKeyGenerator" time="5.021"/>
</testsuite>