<?xml version="1.0" encoding="UTF-8"?>
<testsuite xmlns:xsi="http://www.w3.org/2001/XMLSchema-instance" xsi:noNamespaceSchemaLocation="https://maven.apache.org/surefire/maven-surefire-plugin/xsd/surefire-test-report.xsd" name="org.apache.hadoop.fs.ozone.TestOzoneFileInterfaces" time="207.157" tests="12" errors="2" skipped="0" failures="0">
  <properties>
    <property name="awt.toolkit" value="sun.awt.X11.XToolkit"/>
    <property name="file.encoding.pkg" value="sun.io"/>
    <property name="java.specification.version" value="1.8"/>
    <property name="sun.cpu.isalist" value=""/>
    <property name="sun.jnu.encoding" value="UTF-8"/>
    <property name="java.class.path" value="/workdir/hadoop-ozone/ozonefs/target/test-classes:/workdir/hadoop-ozone/ozonefs/target/classes:/home/user/.m2/repository/org/apache/hadoop/hadoop-common/3.2.0/hadoop-common-3.2.0.jar:/home/user/.m2/repository/org/apache/hadoop/hadoop-annotations/3.2.0/hadoop-annotations-3.2.0.jar:/usr/lib/jvm/java-1.8-openjdk/jre/../lib/tools.jar:/home/user/.m2/repository/com/google/guava/guava/11.0.2/guava-11.0.2.jar:/home/user/.m2/repository/commons-cli/commons-cli/1.2/commons-cli-1.2.jar:/home/user/.m2/repository/org/apache/commons/commons-math3/3.1.1/commons-math3-3.1.1.jar:/home/user/.m2/repository/org/apache/httpcomponents/httpclient/4.5.2/httpclient-4.5.2.jar:/home/user/.m2/repository/org/apache/httpcomponents/httpcore/4.4.4/httpcore-4.4.4.jar:/home/user/.m2/repository/commons-codec/commons-codec/1.11/commons-codec-1.11.jar:/home/user/.m2/repository/commons-io/commons-io/2.5/commons-io-2.5.jar:/home/user/.m2/repository/commons-net/commons-net/3.6/commons-net-3.6.jar:/home/user/.m2/repository/commons-collections/commons-collections/3.2.2/commons-collections-3.2.2.jar:/home/user/.m2/repository/javax/servlet/javax.servlet-api/3.1.0/javax.servlet-api-3.1.0.jar:/home/user/.m2/repository/org/eclipse/jetty/jetty-server/9.3.25.v20180904/jetty-server-9.3.25.v20180904.jar:/home/user/.m2/repository/org/eclipse/jetty/jetty-http/9.3.25.v20180904/jetty-http-9.3.25.v20180904.jar:/home/user/.m2/repository/org/eclipse/jetty/jetty-io/9.3.25.v20180904/jetty-io-9.3.25.v20180904.jar:/home/user/.m2/repository/org/eclipse/jetty/jetty-util/9.3.25.v20180904/jetty-util-9.3.25.v20180904.jar:/home/user/.m2/repository/org/eclipse/jetty/jetty-servlet/9.3.25.v20180904/jetty-servlet-9.3.25.v20180904.jar:/home/user/.m2/repository/org/eclipse/jetty/jetty-security/9.3.25.v20180904/jetty-security-9.3.25.v20180904.jar:/home/user/.m2/repository/org/eclipse/jetty/jetty-webapp/9.3.25.v20180904/jetty-webapp-9.3.25.v20180904.jar:/home/user/.m2/repository/org/eclipse/jetty/jetty-xml/9.3.25.v20180904/jetty-xml-9.3.25.v20180904.jar:/home/user/.m2/repository/javax/servlet/jsp/jsp-api/2.1/jsp-api-2.1.jar:/home/user/.m2/repository/com/sun/jersey/jersey-core/1.19/jersey-core-1.19.jar:/home/user/.m2/repository/javax/ws/rs/jsr311-api/1.1.1/jsr311-api-1.1.1.jar:/home/user/.m2/repository/com/sun/jersey/jersey-servlet/1.19/jersey-servlet-1.19.jar:/home/user/.m2/repository/com/sun/jersey/jersey-json/1.19/jersey-json-1.19.jar:/home/user/.m2/repository/org/codehaus/jettison/jettison/1.1/jettison-1.1.jar:/home/user/.m2/repository/com/sun/xml/bind/jaxb-impl/2.3.0.1/jaxb-impl-2.3.0.1.jar:/home/user/.m2/repository/org/codehaus/jackson/jackson-core-asl/1.9.13/jackson-core-asl-1.9.13.jar:/home/user/.m2/repository/org/codehaus/jackson/jackson-mapper-asl/1.9.13/jackson-mapper-asl-1.9.13.jar:/home/user/.m2/repository/org/codehaus/jackson/jackson-jaxrs/1.9.13/jackson-jaxrs-1.9.13.jar:/home/user/.m2/repository/org/codehaus/jackson/jackson-xc/1.9.13/jackson-xc-1.9.13.jar:/home/user/.m2/repository/com/sun/jersey/jersey-server/1.19/jersey-server-1.19.jar:/home/user/.m2/repository/commons-logging/commons-logging/1.1.3/commons-logging-1.1.3.jar:/home/user/.m2/repository/log4j/log4j/1.2.17/log4j-1.2.17.jar:/home/user/.m2/repository/commons-beanutils/commons-beanutils/1.9.4/commons-beanutils-1.9.4.jar:/home/user/.m2/repository/org/apache/commons/commons-configuration2/2.1.1/commons-configuration2-2.1.1.jar:/home/user/.m2/repository/org/apache/commons/commons-lang3/3.7/commons-lang3-3.7.jar:/home/user/.m2/repository/org/apache/commons/commons-text/1.4/commons-text-1.4.jar:/home/user/.m2/repository/org/slf4j/slf4j-api/1.7.25/slf4j-api-1.7.25.jar:/home/user/.m2/repository/org/slf4j/slf4j-log4j12/1.7.25/slf4j-log4j12-1.7.25.jar:/home/user/.m2/repository/org/apache/avro/avro/1.7.7/avro-1.7.7.jar:/home/user/.m2/repository/com/thoughtworks/paranamer/paranamer/2.3/paranamer-2.3.jar:/home/user/.m2/repository/org/xerial/snappy/snappy-java/1.0.5/snappy-java-1.0.5.jar:/home/user/.m2/repository/com/google/re2j/re2j/1.1/re2j-1.1.jar:/home/user/.m2/repository/com/google/protobuf/protobuf-java/2.5.0/protobuf-java-2.5.0.jar:/home/user/.m2/repository/com/google/code/gson/gson/2.2.4/gson-2.2.4.jar:/home/user/.m2/repository/org/apache/hadoop/hadoop-auth/3.2.0/hadoop-auth-3.2.0.jar:/home/user/.m2/repository/com/nimbusds/nimbus-jose-jwt/4.41.1/nimbus-jose-jwt-4.41.1.jar:/home/user/.m2/repository/com/github/stephenc/jcip/jcip-annotations/1.0-1/jcip-annotations-1.0-1.jar:/home/user/.m2/repository/net/minidev/json-smart/2.3/json-smart-2.3.jar:/home/user/.m2/repository/net/minidev/accessors-smart/1.2/accessors-smart-1.2.jar:/home/user/.m2/repository/org/apache/curator/curator-framework/2.12.0/curator-framework-2.12.0.jar:/home/user/.m2/repository/com/jcraft/jsch/0.1.54/jsch-0.1.54.jar:/home/user/.m2/repository/org/apache/curator/curator-client/2.12.0/curator-client-2.12.0.jar:/home/user/.m2/repository/org/apache/curator/curator-recipes/2.12.0/curator-recipes-2.12.0.jar:/home/user/.m2/repository/com/google/code/findbugs/jsr305/3.0.0/jsr305-3.0.0.jar:/home/user/.m2/repository/org/apache/htrace/htrace-core4/4.1.0-incubating/htrace-core4-4.1.0-incubating.jar:/home/user/.m2/repository/org/apache/zookeeper/zookeeper/3.4.13/zookeeper-3.4.13.jar:/home/user/.m2/repository/jline/jline/0.9.94/jline-0.9.94.jar:/home/user/.m2/repository/org/apache/yetus/audience-annotations/0.5.0/audience-annotations-0.5.0.jar:/home/user/.m2/repository/org/apache/commons/commons-compress/1.4.1/commons-compress-1.4.1.jar:/home/user/.m2/repository/org/tukaani/xz/1.0/xz-1.0.jar:/home/user/.m2/repository/org/apache/kerby/kerb-simplekdc/1.0.1/kerb-simplekdc-1.0.1.jar:/home/user/.m2/repository/org/apache/kerby/kerb-client/1.0.1/kerb-client-1.0.1.jar:/home/user/.m2/repository/org/apache/kerby/kerby-config/1.0.1/kerby-config-1.0.1.jar:/home/user/.m2/repository/org/apache/kerby/kerb-core/1.0.1/kerb-core-1.0.1.jar:/home/user/.m2/repository/org/apache/kerby/kerby-pkix/1.0.1/kerby-pkix-1.0.1.jar:/home/user/.m2/repository/org/apache/kerby/kerby-asn1/1.0.1/kerby-asn1-1.0.1.jar:/home/user/.m2/repository/org/apache/kerby/kerby-util/1.0.1/kerby-util-1.0.1.jar:/home/user/.m2/repository/org/apache/kerby/kerb-common/1.0.1/kerb-common-1.0.1.jar:/home/user/.m2/repository/org/apache/kerby/kerb-crypto/1.0.1/kerb-crypto-1.0.1.jar:/home/user/.m2/repository/org/apache/kerby/kerb-util/1.0.1/kerb-util-1.0.1.jar:/home/user/.m2/repository/org/apache/kerby/token-provider/1.0.1/token-provider-1.0.1.jar:/home/user/.m2/repository/org/apache/kerby/kerb-admin/1.0.1/kerb-admin-1.0.1.jar:/home/user/.m2/repository/org/apache/kerby/kerb-server/1.0.1/kerb-server-1.0.1.jar:/home/user/.m2/repository/org/apache/kerby/kerb-identity/1.0.1/kerb-identity-1.0.1.jar:/home/user/.m2/repository/org/apache/kerby/kerby-xdr/1.0.1/kerby-xdr-1.0.1.jar:/home/user/.m2/repository/com/fasterxml/jackson/core/jackson-databind/2.9.9/jackson-databind-2.9.9.jar:/home/user/.m2/repository/com/fasterxml/jackson/core/jackson-annotations/2.9.9/jackson-annotations-2.9.9.jar:/home/user/.m2/repository/com/fasterxml/jackson/core/jackson-core/2.9.9/jackson-core-2.9.9.jar:/home/user/.m2/repository/org/codehaus/woodstox/stax2-api/3.1.4/stax2-api-3.1.4.jar:/home/user/.m2/repository/com/fasterxml/woodstox/woodstox-core/5.0.3/woodstox-core-5.0.3.jar:/home/user/.m2/repository/dnsjava/dnsjava/2.1.7/dnsjava-2.1.7.jar:/home/user/.m2/repository/org/apache/hadoop/hadoop-hdfs/3.2.0/hadoop-hdfs-3.2.0.jar:/home/user/.m2/repository/org/eclipse/jetty/jetty-util-ajax/9.3.25.v20180904/jetty-util-ajax-9.3.25.v20180904.jar:/home/user/.m2/repository/commons-daemon/commons-daemon/1.0.13/commons-daemon-1.0.13.jar:/home/user/.m2/repository/io/netty/netty/3.10.5.Final/netty-3.10.5.Final.jar:/home/user/.m2/repository/io/netty/netty-all/4.0.52.Final/netty-all-4.0.52.Final.jar:/home/user/.m2/repository/org/fusesource/leveldbjni/leveldbjni-all/1.8/leveldbjni-all-1.8.jar:/home/user/.m2/repository/org/apache/hadoop/hadoop-hdds-common/0.5.0-SNAPSHOT/hadoop-hdds-common-0.5.0-SNAPSHOT.jar:/home/user/.m2/repository/org/apache/hadoop/hadoop-hdds-config/0.5.0-SNAPSHOT/hadoop-hdds-config-0.5.0-SNAPSHOT.jar:/home/user/.m2/repository/javax/annotation/javax.annotation-api/1.2/javax.annotation-api-1.2.jar:/home/user/.m2/repository/org/apache/ratis/ratis-server/0.4.0/ratis-server-0.4.0.jar:/home/user/.m2/repository/org/apache/ratis/ratis-thirdparty-misc/0.2.0/ratis-thirdparty-misc-0.2.0.jar:/home/user/.m2/repository/org/apache/ratis/ratis-proto/0.4.0/ratis-proto-0.4.0.jar:/home/user/.m2/repository/org/apache/ratis/ratis-common/0.4.0/ratis-common-0.4.0.jar:/home/user/.m2/repository/org/apache/ratis/ratis-client/0.4.0/ratis-client-0.4.0.jar:/home/user/.m2/repository/org/apache/ratis/ratis-metrics/0.4.0/ratis-metrics-0.4.0.jar:/home/user/.m2/repository/com/github/joshelser/dropwizard-metrics-hadoop-metrics2-reporter/0.1.2/dropwizard-metrics-hadoop-metrics2-reporter-0.1.2.jar:/home/user/.m2/repository/io/dropwizard/metrics/metrics-jvm/3.2.5/metrics-jvm-3.2.5.jar:/home/user/.m2/repository/io/dropwizard/metrics/metrics-ganglia/3.2.5/metrics-ganglia-3.2.5.jar:/home/user/.m2/repository/info/ganglia/gmetric4j/gmetric4j/1.0.7/gmetric4j-1.0.7.jar:/home/user/.m2/repository/org/apache/ratis/ratis-netty/0.4.0/ratis-netty-0.4.0.jar:/home/user/.m2/repository/org/apache/ratis/ratis-grpc/0.4.0/ratis-grpc-0.4.0.jar:/home/user/.m2/repository/org/rocksdb/rocksdbjni/6.0.1/rocksdbjni-6.0.1.jar:/home/user/.m2/repository/org/apache/logging/log4j/log4j-api/2.11.0/log4j-api-2.11.0.jar:/home/user/.m2/repository/org/apache/logging/log4j/log4j-core/2.11.0/log4j-core-2.11.0.jar:/home/user/.m2/repository/com/lmax/disruptor/3.4.2/disruptor-3.4.2.jar:/home/user/.m2/repository/org/apache/commons/commons-pool2/2.6.0/commons-pool2-2.6.0.jar:/home/user/.m2/repository/org/bouncycastle/bcpkix-jdk15on/1.60/bcpkix-jdk15on-1.60.jar:/home/user/.m2/repository/commons-validator/commons-validator/1.6/commons-validator-1.6.jar:/home/user/.m2/repository/commons-digester/commons-digester/1.8.1/commons-digester-1.8.1.jar:/home/user/.m2/repository/io/jaegertracing/jaeger-client/0.34.0/jaeger-client-0.34.0.jar:/home/user/.m2/repository/io/jaegertracing/jaeger-thrift/0.34.0/jaeger-thrift-0.34.0.jar:/home/user/.m2/repository/org/apache/thrift/libthrift/0.12.0/libthrift-0.12.0.jar:/home/user/.m2/repository/com/squareup/okhttp3/okhttp/3.9.0/okhttp-3.9.0.jar:/home/user/.m2/repository/com/squareup/okio/okio/1.13.0/okio-1.13.0.jar:/home/user/.m2/repository/io/jaegertracing/jaeger-core/0.34.0/jaeger-core-0.34.0.jar:/home/user/.m2/repository/io/jaegertracing/jaeger-tracerresolver/0.34.0/jaeger-tracerresolver-0.34.0.jar:/home/user/.m2/repository/io/opentracing/contrib/opentracing-tracerresolver/0.1.5/opentracing-tracerresolver-0.1.5.jar:/home/user/.m2/repository/io/opentracing/opentracing-util/0.31.0/opentracing-util-0.31.0.jar:/home/user/.m2/repository/io/opentracing/opentracing-api/0.31.0/opentracing-api-0.31.0.jar:/home/user/.m2/repository/io/opentracing/opentracing-noop/0.31.0/opentracing-noop-0.31.0.jar:/home/user/.m2/repository/org/yaml/snakeyaml/1.16/snakeyaml-1.16.jar:/home/user/.m2/repository/org/apache/hadoop/hadoop-hdfs-client/3.2.0/hadoop-hdfs-client-3.2.0.jar:/home/user/.m2/repository/info/picocli/picocli/3.9.6/picocli-3.9.6.jar:/home/user/.m2/repository/org/apache/hadoop/hadoop-hdds-server-scm/0.5.0-SNAPSHOT/hadoop-hdds-server-scm-0.5.0-SNAPSHOT.jar:/home/user/.m2/repository/org/apache/hadoop/hadoop-hdds-docs/0.5.0-SNAPSHOT/hadoop-hdds-docs-0.5.0-SNAPSHOT.jar:/home/user/.m2/repository/io/dropwizard/metrics/metrics-core/3.2.4/metrics-core-3.2.4.jar:/home/user/.m2/repository/org/hamcrest/hamcrest-all/1.3/hamcrest-all-1.3.jar:/home/user/.m2/repository/org/bouncycastle/bcprov-jdk15on/1.60/bcprov-jdk15on-1.60.jar:/home/user/.m2/repository/org/apache/hadoop/hadoop-hdds-server-framework/0.5.0-SNAPSHOT/hadoop-hdds-server-framework-0.5.0-SNAPSHOT.jar:/home/user/.m2/repository/org/apache/hadoop/hadoop-ozone-ozone-manager/0.5.0-SNAPSHOT/hadoop-ozone-ozone-manager-0.5.0-SNAPSHOT.jar:/home/user/.m2/repository/org/apache/hadoop/hadoop-hdds-container-service/0.5.0-SNAPSHOT/hadoop-hdds-container-service-0.5.0-SNAPSHOT.jar:/home/user/.m2/repository/org/apache/hadoop/hadoop-hdds-client/0.5.0-SNAPSHOT/hadoop-hdds-client-0.5.0-SNAPSHOT.jar:/home/user/.m2/repository/org/apache/hadoop/hadoop-ozone-common/0.5.0-SNAPSHOT/hadoop-ozone-common-0.5.0-SNAPSHOT.jar:/home/user/.m2/repository/org/apache/hadoop/hadoop-hdds-tools/0.5.0-SNAPSHOT/hadoop-hdds-tools-0.5.0-SNAPSHOT.jar:/home/user/.m2/repository/org/xerial/sqlite-jdbc/3.25.2/sqlite-jdbc-3.25.2.jar:/home/user/.m2/repository/com/google/code/findbugs/findbugs/3.0.1/findbugs-3.0.1.jar:/home/user/.m2/repository/net/jcip/jcip-annotations/1.0/jcip-annotations-1.0.jar:/home/user/.m2/repository/com/google/code/findbugs/bcel-findbugs/6.0/bcel-findbugs-6.0.jar:/home/user/.m2/repository/com/google/code/findbugs/jFormatString/2.0.1/jFormatString-2.0.1.jar:/home/user/.m2/repository/dom4j/dom4j/1.6.1/dom4j-1.6.1.jar:/home/user/.m2/repository/xml-apis/xml-apis/1.0.b2/xml-apis-1.0.b2.jar:/home/user/.m2/repository/org/ow2/asm/asm-debug-all/5.0.2/asm-debug-all-5.0.2.jar:/home/user/.m2/repository/org/ow2/asm/asm-commons/5.0.2/asm-commons-5.0.2.jar:/home/user/.m2/repository/org/ow2/asm/asm-tree/5.0.2/asm-tree-5.0.2.jar:/home/user/.m2/repository/org/ow2/asm/asm/5.0.4/asm-5.0.4.jar:/home/user/.m2/repository/commons-lang/commons-lang/2.6/commons-lang-2.6.jar:/home/user/.m2/repository/com/apple/AppleJavaExtensions/1.4/AppleJavaExtensions-1.4.jar:/home/user/.m2/repository/jaxen/jaxen/1.1.6/jaxen-1.1.6.jar:/home/user/.m2/repository/org/apache/hadoop/hadoop-common/3.2.0/hadoop-common-3.2.0-tests.jar:/home/user/.m2/repository/org/apache/hadoop/hadoop-ozone-client/0.5.0-SNAPSHOT/hadoop-ozone-client-0.5.0-SNAPSHOT.jar:/home/user/.m2/repository/org/apache/hadoop/hadoop-hdfs/3.2.0/hadoop-hdfs-3.2.0-tests.jar:/workdir/hadoop-ozone/integration-test/target/test-classes:/home/user/.m2/repository/org/apache/hadoop/hadoop-ozone-s3gateway/0.5.0-SNAPSHOT/hadoop-ozone-s3gateway-0.5.0-SNAPSHOT.jar:/home/user/.m2/repository/org/jboss/weld/servlet/weld-servlet/2.4.7.Final/weld-servlet-2.4.7.Final.jar:/home/user/.m2/repository/org/glassfish/jersey/containers/jersey-container-servlet-core/2.27/jersey-container-servlet-core-2.27.jar:/home/user/.m2/repository/org/glassfish/hk2/external/javax.inject/2.5.0-b42/javax.inject-2.5.0-b42.jar:/home/user/.m2/repository/org/glassfish/jersey/core/jersey-common/2.27/jersey-common-2.27.jar:/home/user/.m2/repository/org/glassfish/hk2/osgi-resource-locator/1.0.1/osgi-resource-locator-1.0.1.jar:/home/user/.m2/repository/javax/ws/rs/javax.ws.rs-api/2.1/javax.ws.rs-api-2.1.jar:/home/user/.m2/repository/org/glassfish/jersey/ext/cdi/jersey-cdi1x/2.27/jersey-cdi1x-2.27.jar:/home/user/.m2/repository/org/glassfish/jersey/inject/jersey-hk2/2.27/jersey-hk2-2.27.jar:/home/user/.m2/repository/org/glassfish/hk2/hk2-locator/2.5.0-b42/hk2-locator-2.5.0-b42.jar:/home/user/.m2/repository/org/javassist/javassist/3.22.0-CR2/javassist-3.22.0-CR2.jar:/home/user/.m2/repository/org/glassfish/hk2/hk2-api/2.5.0/hk2-api-2.5.0.jar:/home/user/.m2/repository/org/glassfish/hk2/external/jakarta.inject/2.5.0/jakarta.inject-2.5.0.jar:/home/user/.m2/repository/org/glassfish/hk2/hk2-utils/2.5.0/hk2-utils-2.5.0.jar:/home/user/.m2/repository/jakarta/annotation/jakarta.annotation-api/1.3.4/jakarta.annotation-api-1.3.4.jar:/home/user/.m2/repository/org/glassfish/hk2/external/aopalliance-repackaged/2.5.0/aopalliance-repackaged-2.5.0.jar:/home/user/.m2/repository/com/fasterxml/jackson/dataformat/jackson-dataformat-xml/2.9.0/jackson-dataformat-xml-2.9.0.jar:/home/user/.m2/repository/com/fasterxml/jackson/module/jackson-module-jaxb-annotations/2.9.9/jackson-module-jaxb-annotations-2.9.9.jar:/home/user/.m2/repository/javax/enterprise/cdi-api/1.2/cdi-api-1.2.jar:/home/user/.m2/repository/javax/el/javax.el-api/3.0.0/javax.el-api-3.0.0.jar:/home/user/.m2/repository/javax/interceptor/javax.interceptor-api/1.2/javax.interceptor-api-1.2.jar:/home/user/.m2/repository/javax/inject/javax.inject/1/javax.inject-1.jar:/home/user/.m2/repository/com/sun/xml/bind/jaxb-core/2.3.0.1/jaxb-core-2.3.0.1.jar:/home/user/.m2/repository/javax/xml/bind/jaxb-api/2.3.0/jaxb-api-2.3.0.jar:/home/user/.m2/repository/javax/activation/activation/1.1.1/activation-1.1.1.jar:/home/user/.m2/repository/org/apache/hadoop/hadoop-ozone-csi/0.5.0-SNAPSHOT/hadoop-ozone-csi-0.5.0-SNAPSHOT.jar:/home/user/.m2/repository/com/google/protobuf/protobuf-java-util/3.5.1/protobuf-java-util-3.5.1.jar:/home/user/.m2/repository/io/grpc/grpc-netty/1.17.1/grpc-netty-1.17.1.jar:/home/user/.m2/repository/io/grpc/grpc-core/1.17.1/grpc-core-1.17.1.jar:/home/user/.m2/repository/io/grpc/grpc-context/1.17.1/grpc-context-1.17.1.jar:/home/user/.m2/repository/com/google/errorprone/error_prone_annotations/2.2.0/error_prone_annotations-2.2.0.jar:/home/user/.m2/repository/org/codehaus/mojo/animal-sniffer-annotations/1.17/animal-sniffer-annotations-1.17.jar:/home/user/.m2/repository/io/opencensus/opencensus-api/0.17.0/opencensus-api-0.17.0.jar:/home/user/.m2/repository/io/opencensus/opencensus-contrib-grpc-metrics/0.17.0/opencensus-contrib-grpc-metrics-0.17.0.jar:/home/user/.m2/repository/io/netty/netty-codec-http2/4.1.30.Final/netty-codec-http2-4.1.30.Final.jar:/home/user/.m2/repository/io/netty/netty-codec-http/4.1.30.Final/netty-codec-http-4.1.30.Final.jar:/home/user/.m2/repository/io/netty/netty-codec/4.1.30.Final/netty-codec-4.1.30.Final.jar:/home/user/.m2/repository/io/netty/netty-handler/4.1.30.Final/netty-handler-4.1.30.Final.jar:/home/user/.m2/repository/io/netty/netty-handler-proxy/4.1.30.Final/netty-handler-proxy-4.1.30.Final.jar:/home/user/.m2/repository/io/netty/netty-codec-socks/4.1.30.Final/netty-codec-socks-4.1.30.Final.jar:/home/user/.m2/repository/io/netty/netty-transport-native-epoll/4.1.30.Final/netty-transport-native-epoll-4.1.30.Final.jar:/home/user/.m2/repository/io/netty/netty-common/4.1.30.Final/netty-common-4.1.30.Final.jar:/home/user/.m2/repository/io/netty/netty-buffer/4.1.30.Final/netty-buffer-4.1.30.Final.jar:/home/user/.m2/repository/io/netty/netty-transport/4.1.30.Final/netty-transport-4.1.30.Final.jar:/home/user/.m2/repository/io/netty/netty-resolver/4.1.30.Final/netty-resolver-4.1.30.Final.jar:/home/user/.m2/repository/io/netty/netty-transport-native-unix-common/4.1.30.Final/netty-transport-native-unix-common-4.1.30.Final.jar:/home/user/.m2/repository/io/grpc/grpc-protobuf/1.17.1/grpc-protobuf-1.17.1.jar:/home/user/.m2/repository/com/google/api/grpc/proto-google-common-protos/1.0.0/proto-google-common-protos-1.0.0.jar:/home/user/.m2/repository/io/grpc/grpc-protobuf-lite/1.17.1/grpc-protobuf-lite-1.17.1.jar:/home/user/.m2/repository/io/grpc/grpc-stub/1.17.1/grpc-stub-1.17.1.jar:/home/user/.m2/repository/org/apache/hadoop/hadoop-ozone-recon/0.5.0-SNAPSHOT/hadoop-ozone-recon-0.5.0-SNAPSHOT.jar:/home/user/.m2/repository/org/apache/hadoop/hadoop-ozone-reconcodegen/0.5.0-SNAPSHOT/hadoop-ozone-reconcodegen-0.5.0-SNAPSHOT.jar:/home/user/.m2/repository/com/google/inject/extensions/guice-multibindings/4.0/guice-multibindings-4.0.jar:/home/user/.m2/repository/com/google/inject/guice/4.0/guice-4.0.jar:/home/user/.m2/repository/aopalliance/aopalliance/1.0/aopalliance-1.0.jar:/home/user/.m2/repository/org/glassfish/jersey/containers/jersey-container-servlet/2.27/jersey-container-servlet-2.27.jar:/home/user/.m2/repository/org/glassfish/hk2/guice-bridge/2.5.0/guice-bridge-2.5.0.jar:/home/user/.m2/repository/org/glassfish/jersey/core/jersey-server/2.27/jersey-server-2.27.jar:/home/user/.m2/repository/org/glassfish/jersey/core/jersey-client/2.27/jersey-client-2.27.jar:/home/user/.m2/repository/org/glassfish/jersey/media/jersey-media-jaxb/2.27/jersey-media-jaxb-2.27.jar:/home/user/.m2/repository/javax/validation/validation-api/1.1.0.Final/validation-api-1.1.0.Final.jar:/home/user/.m2/repository/org/glassfish/jersey/media/jersey-media-json-jackson/2.27/jersey-media-json-jackson-2.27.jar:/home/user/.m2/repository/org/glassfish/jersey/ext/jersey-entity-filtering/2.27/jersey-entity-filtering-2.27.jar:/home/user/.m2/repository/com/google/inject/extensions/guice-assistedinject/4.0/guice-assistedinject-4.0.jar:/home/user/.m2/repository/org/jooq/jooq/3.11.10/jooq-3.11.10.jar:/home/user/.m2/repository/org/jooq/jooq-meta/3.11.10/jooq-meta-3.11.10.jar:/home/user/.m2/repository/org/jooq/jooq-codegen/3.11.10/jooq-codegen-3.11.10.jar:/home/user/.m2/repository/com/jolbox/bonecp/0.8.0.RELEASE/bonecp-0.8.0.RELEASE.jar:/home/user/.m2/repository/org/springframework/spring-jdbc/5.1.3.RELEASE/spring-jdbc-5.1.3.RELEASE.jar:/home/user/.m2/repository/org/springframework/spring-beans/5.1.3.RELEASE/spring-beans-5.1.3.RELEASE.jar:/home/user/.m2/repository/org/springframework/spring-core/5.1.3.RELEASE/spring-core-5.1.3.RELEASE.jar:/home/user/.m2/repository/org/springframework/spring-jcl/5.1.3.RELEASE/spring-jcl-5.1.3.RELEASE.jar:/home/user/.m2/repository/org/springframework/spring-tx/5.1.3.RELEASE/spring-tx-5.1.3.RELEASE.jar:/home/user/.m2/repository/org/mockito/mockito-all/1.10.19/mockito-all-1.10.19.jar:/home/user/.m2/repository/junit/junit/4.11/junit-4.11.jar:/home/user/.m2/repository/org/hamcrest/hamcrest-core/1.3/hamcrest-core-1.3.jar:/home/user/.m2/repository/org/apache/hadoop/hadoop-distcp/3.2.0/hadoop-distcp-3.2.0.jar:/home/user/.m2/repository/org/apache/hadoop/hadoop-distcp/3.2.0/hadoop-distcp-3.2.0-tests.jar:/home/user/.m2/repository/org/apache/hadoop/hadoop-mapreduce-client-jobclient/3.2.0/hadoop-mapreduce-client-jobclient-3.2.0.jar:/home/user/.m2/repository/org/apache/hadoop/hadoop-mapreduce-client-common/3.2.0/hadoop-mapreduce-client-common-3.2.0.jar:/home/user/.m2/repository/org/apache/hadoop/hadoop-yarn-common/3.2.0/hadoop-yarn-common-3.2.0.jar:/home/user/.m2/repository/org/apache/hadoop/hadoop-yarn-api/3.2.0/hadoop-yarn-api-3.2.0.jar:/home/user/.m2/repository/com/sun/jersey/jersey-client/1.19/jersey-client-1.19.jar:/home/user/.m2/repository/com/sun/jersey/contribs/jersey-guice/1.19/jersey-guice-1.19.jar:/home/user/.m2/repository/com/fasterxml/jackson/jaxrs/jackson-jaxrs-json-provider/2.9.9/jackson-jaxrs-json-provider-2.9.9.jar:/home/user/.m2/repository/com/fasterxml/jackson/jaxrs/jackson-jaxrs-base/2.9.9/jackson-jaxrs-base-2.9.9.jar:/home/user/.m2/repository/org/apache/hadoop/hadoop-yarn-client/3.2.0/hadoop-yarn-client-3.2.0.jar:/home/user/.m2/repository/org/apache/hadoop/hadoop-mapreduce-client-core/3.2.0/hadoop-mapreduce-client-core-3.2.0.jar:/home/user/.m2/repository/com/google/inject/extensions/guice-servlet/4.0/guice-servlet-4.0.jar:/home/user/.m2/repository/org/powermock/powermock-module-junit4/1.6.5/powermock-module-junit4-1.6.5.jar:/home/user/.m2/repository/org/powermock/powermock-module-junit4-common/1.6.5/powermock-module-junit4-common-1.6.5.jar:/home/user/.m2/repository/org/powermock/powermock-core/1.6.5/powermock-core-1.6.5.jar:/home/user/.m2/repository/org/powermock/powermock-reflect/1.6.5/powermock-reflect-1.6.5.jar:/home/user/.m2/repository/org/powermock/powermock-api-mockito/1.6.5/powermock-api-mockito-1.6.5.jar:/home/user/.m2/repository/org/mockito/mockito-core/1.10.19/mockito-core-1.10.19.jar:/home/user/.m2/repository/org/objenesis/objenesis/1.0/objenesis-1.0.jar:/home/user/.m2/repository/org/powermock/powermock-api-mockito-common/1.6.5/powermock-api-mockito-common-1.6.5.jar:/home/user/.m2/repository/org/powermock/powermock-api-support/1.6.5/powermock-api-support-1.6.5.jar:"/>
    <property name="java.vm.vendor" value="IcedTea"/>
    <property name="sun.arch.data.model" value="64"/>
    <property name="test.build.dir" value="/workdir/hadoop-ozone/ozonefs/target/test-dir"/>
    <property name="test.cache.data" value=""/>
    <property name="java.vendor.url" value="https://icedtea.classpath.org"/>
    <property name="user.timezone" value=""/>
    <property name="java.vm.specification.version" value="1.8"/>
    <property name="os.name" value="Linux"/>
    <property name="test.build.data" value="/workdir/hadoop-ozone/ozonefs/target/test-dir"/>
    <property name="user.country" value="US"/>
    <property name="sun.java.launcher" value="SUN_STANDARD"/>
    <property name="sun.boot.library.path" value="/usr/lib/jvm/java-1.8-openjdk/jre/lib/amd64"/>
    <property name="sun.java.command" value="/workdir/hadoop-ozone/ozonefs/target/surefire/surefirebooter3198112574298033200.jar /workdir/hadoop-ozone/ozonefs/target/surefire 2019-09-25T10-18-59_181-jvmRun1 surefire144393772514011551tmp surefire_935262405850405579048tmp"/>
    <property name="test" value="!TestMiniChaosOzoneCluster"/>
    <property name="surefire.test.class.path" value="/workdir/hadoop-ozone/ozonefs/target/test-classes:/workdir/hadoop-ozone/ozonefs/target/classes:/home/user/.m2/repository/org/apache/hadoop/hadoop-common/3.2.0/hadoop-common-3.2.0.jar:/home/user/.m2/repository/org/apache/hadoop/hadoop-annotations/3.2.0/hadoop-annotations-3.2.0.jar:/usr/lib/jvm/java-1.8-openjdk/jre/../lib/tools.jar:/home/user/.m2/repository/com/google/guava/guava/11.0.2/guava-11.0.2.jar:/home/user/.m2/repository/commons-cli/commons-cli/1.2/commons-cli-1.2.jar:/home/user/.m2/repository/org/apache/commons/commons-math3/3.1.1/commons-math3-3.1.1.jar:/home/user/.m2/repository/org/apache/httpcomponents/httpclient/4.5.2/httpclient-4.5.2.jar:/home/user/.m2/repository/org/apache/httpcomponents/httpcore/4.4.4/httpcore-4.4.4.jar:/home/user/.m2/repository/commons-codec/commons-codec/1.11/commons-codec-1.11.jar:/home/user/.m2/repository/commons-io/commons-io/2.5/commons-io-2.5.jar:/home/user/.m2/repository/commons-net/commons-net/3.6/commons-net-3.6.jar:/home/user/.m2/repository/commons-collections/commons-collections/3.2.2/commons-collections-3.2.2.jar:/home/user/.m2/repository/javax/servlet/javax.servlet-api/3.1.0/javax.servlet-api-3.1.0.jar:/home/user/.m2/repository/org/eclipse/jetty/jetty-server/9.3.25.v20180904/jetty-server-9.3.25.v20180904.jar:/home/user/.m2/repository/org/eclipse/jetty/jetty-http/9.3.25.v20180904/jetty-http-9.3.25.v20180904.jar:/home/user/.m2/repository/org/eclipse/jetty/jetty-io/9.3.25.v20180904/jetty-io-9.3.25.v20180904.jar:/home/user/.m2/repository/org/eclipse/jetty/jetty-util/9.3.25.v20180904/jetty-util-9.3.25.v20180904.jar:/home/user/.m2/repository/org/eclipse/jetty/jetty-servlet/9.3.25.v20180904/jetty-servlet-9.3.25.v20180904.jar:/home/user/.m2/repository/org/eclipse/jetty/jetty-security/9.3.25.v20180904/jetty-security-9.3.25.v20180904.jar:/home/user/.m2/repository/org/eclipse/jetty/jetty-webapp/9.3.25.v20180904/jetty-webapp-9.3.25.v20180904.jar:/home/user/.m2/repository/org/eclipse/jetty/jetty-xml/9.3.25.v20180904/jetty-xml-9.3.25.v20180904.jar:/home/user/.m2/repository/javax/servlet/jsp/jsp-api/2.1/jsp-api-2.1.jar:/home/user/.m2/repository/com/sun/jersey/jersey-core/1.19/jersey-core-1.19.jar:/home/user/.m2/repository/javax/ws/rs/jsr311-api/1.1.1/jsr311-api-1.1.1.jar:/home/user/.m2/repository/com/sun/jersey/jersey-servlet/1.19/jersey-servlet-1.19.jar:/home/user/.m2/repository/com/sun/jersey/jersey-json/1.19/jersey-json-1.19.jar:/home/user/.m2/repository/org/codehaus/jettison/jettison/1.1/jettison-1.1.jar:/home/user/.m2/repository/com/sun/xml/bind/jaxb-impl/2.3.0.1/jaxb-impl-2.3.0.1.jar:/home/user/.m2/repository/org/codehaus/jackson/jackson-core-asl/1.9.13/jackson-core-asl-1.9.13.jar:/home/user/.m2/repository/org/codehaus/jackson/jackson-mapper-asl/1.9.13/jackson-mapper-asl-1.9.13.jar:/home/user/.m2/repository/org/codehaus/jackson/jackson-jaxrs/1.9.13/jackson-jaxrs-1.9.13.jar:/home/user/.m2/repository/org/codehaus/jackson/jackson-xc/1.9.13/jackson-xc-1.9.13.jar:/home/user/.m2/repository/com/sun/jersey/jersey-server/1.19/jersey-server-1.19.jar:/home/user/.m2/repository/commons-logging/commons-logging/1.1.3/commons-logging-1.1.3.jar:/home/user/.m2/repository/log4j/log4j/1.2.17/log4j-1.2.17.jar:/home/user/.m2/repository/commons-beanutils/commons-beanutils/1.9.4/commons-beanutils-1.9.4.jar:/home/user/.m2/repository/org/apache/commons/commons-configuration2/2.1.1/commons-configuration2-2.1.1.jar:/home/user/.m2/repository/org/apache/commons/commons-lang3/3.7/commons-lang3-3.7.jar:/home/user/.m2/repository/org/apache/commons/commons-text/1.4/commons-text-1.4.jar:/home/user/.m2/repository/org/slf4j/slf4j-api/1.7.25/slf4j-api-1.7.25.jar:/home/user/.m2/repository/org/slf4j/slf4j-log4j12/1.7.25/slf4j-log4j12-1.7.25.jar:/home/user/.m2/repository/org/apache/avro/avro/1.7.7/avro-1.7.7.jar:/home/user/.m2/repository/com/thoughtworks/paranamer/paranamer/2.3/paranamer-2.3.jar:/home/user/.m2/repository/org/xerial/snappy/snappy-java/1.0.5/snappy-java-1.0.5.jar:/home/user/.m2/repository/com/google/re2j/re2j/1.1/re2j-1.1.jar:/home/user/.m2/repository/com/google/protobuf/protobuf-java/2.5.0/protobuf-java-2.5.0.jar:/home/user/.m2/repository/com/google/code/gson/gson/2.2.4/gson-2.2.4.jar:/home/user/.m2/repository/org/apache/hadoop/hadoop-auth/3.2.0/hadoop-auth-3.2.0.jar:/home/user/.m2/repository/com/nimbusds/nimbus-jose-jwt/4.41.1/nimbus-jose-jwt-4.41.1.jar:/home/user/.m2/repository/com/github/stephenc/jcip/jcip-annotations/1.0-1/jcip-annotations-1.0-1.jar:/home/user/.m2/repository/net/minidev/json-smart/2.3/json-smart-2.3.jar:/home/user/.m2/repository/net/minidev/accessors-smart/1.2/accessors-smart-1.2.jar:/home/user/.m2/repository/org/apache/curator/curator-framework/2.12.0/curator-framework-2.12.0.jar:/home/user/.m2/repository/com/jcraft/jsch/0.1.54/jsch-0.1.54.jar:/home/user/.m2/repository/org/apache/curator/curator-client/2.12.0/curator-client-2.12.0.jar:/home/user/.m2/repository/org/apache/curator/curator-recipes/2.12.0/curator-recipes-2.12.0.jar:/home/user/.m2/repository/com/google/code/findbugs/jsr305/3.0.0/jsr305-3.0.0.jar:/home/user/.m2/repository/org/apache/htrace/htrace-core4/4.1.0-incubating/htrace-core4-4.1.0-incubating.jar:/home/user/.m2/repository/org/apache/zookeeper/zookeeper/3.4.13/zookeeper-3.4.13.jar:/home/user/.m2/repository/jline/jline/0.9.94/jline-0.9.94.jar:/home/user/.m2/repository/org/apache/yetus/audience-annotations/0.5.0/audience-annotations-0.5.0.jar:/home/user/.m2/repository/org/apache/commons/commons-compress/1.4.1/commons-compress-1.4.1.jar:/home/user/.m2/repository/org/tukaani/xz/1.0/xz-1.0.jar:/home/user/.m2/repository/org/apache/kerby/kerb-simplekdc/1.0.1/kerb-simplekdc-1.0.1.jar:/home/user/.m2/repository/org/apache/kerby/kerb-client/1.0.1/kerb-client-1.0.1.jar:/home/user/.m2/repository/org/apache/kerby/kerby-config/1.0.1/kerby-config-1.0.1.jar:/home/user/.m2/repository/org/apache/kerby/kerb-core/1.0.1/kerb-core-1.0.1.jar:/home/user/.m2/repository/org/apache/kerby/kerby-pkix/1.0.1/kerby-pkix-1.0.1.jar:/home/user/.m2/repository/org/apache/kerby/kerby-asn1/1.0.1/kerby-asn1-1.0.1.jar:/home/user/.m2/repository/org/apache/kerby/kerby-util/1.0.1/kerby-util-1.0.1.jar:/home/user/.m2/repository/org/apache/kerby/kerb-common/1.0.1/kerb-common-1.0.1.jar:/home/user/.m2/repository/org/apache/kerby/kerb-crypto/1.0.1/kerb-crypto-1.0.1.jar:/home/user/.m2/repository/org/apache/kerby/kerb-util/1.0.1/kerb-util-1.0.1.jar:/home/user/.m2/repository/org/apache/kerby/token-provider/1.0.1/token-provider-1.0.1.jar:/home/user/.m2/repository/org/apache/kerby/kerb-admin/1.0.1/kerb-admin-1.0.1.jar:/home/user/.m2/repository/org/apache/kerby/kerb-server/1.0.1/kerb-server-1.0.1.jar:/home/user/.m2/repository/org/apache/kerby/kerb-identity/1.0.1/kerb-identity-1.0.1.jar:/home/user/.m2/repository/org/apache/kerby/kerby-xdr/1.0.1/kerby-xdr-1.0.1.jar:/home/user/.m2/repository/com/fasterxml/jackson/core/jackson-databind/2.9.9/jackson-databind-2.9.9.jar:/home/user/.m2/repository/com/fasterxml/jackson/core/jackson-annotations/2.9.9/jackson-annotations-2.9.9.jar:/home/user/.m2/repository/com/fasterxml/jackson/core/jackson-core/2.9.9/jackson-core-2.9.9.jar:/home/user/.m2/repository/org/codehaus/woodstox/stax2-api/3.1.4/stax2-api-3.1.4.jar:/home/user/.m2/repository/com/fasterxml/woodstox/woodstox-core/5.0.3/woodstox-core-5.0.3.jar:/home/user/.m2/repository/dnsjava/dnsjava/2.1.7/dnsjava-2.1.7.jar:/home/user/.m2/repository/org/apache/hadoop/hadoop-hdfs/3.2.0/hadoop-hdfs-3.2.0.jar:/home/user/.m2/repository/org/eclipse/jetty/jetty-util-ajax/9.3.25.v20180904/jetty-util-ajax-9.3.25.v20180904.jar:/home/user/.m2/repository/commons-daemon/commons-daemon/1.0.13/commons-daemon-1.0.13.jar:/home/user/.m2/repository/io/netty/netty/3.10.5.Final/netty-3.10.5.Final.jar:/home/user/.m2/repository/io/netty/netty-all/4.0.52.Final/netty-all-4.0.52.Final.jar:/home/user/.m2/repository/org/fusesource/leveldbjni/leveldbjni-all/1.8/leveldbjni-all-1.8.jar:/home/user/.m2/repository/org/apache/hadoop/hadoop-hdds-common/0.5.0-SNAPSHOT/hadoop-hdds-common-0.5.0-SNAPSHOT.jar:/home/user/.m2/repository/org/apache/hadoop/hadoop-hdds-config/0.5.0-SNAPSHOT/hadoop-hdds-config-0.5.0-SNAPSHOT.jar:/home/user/.m2/repository/javax/annotation/javax.annotation-api/1.2/javax.annotation-api-1.2.jar:/home/user/.m2/repository/org/apache/ratis/ratis-server/0.4.0/ratis-server-0.4.0.jar:/home/user/.m2/repository/org/apache/ratis/ratis-thirdparty-misc/0.2.0/ratis-thirdparty-misc-0.2.0.jar:/home/user/.m2/repository/org/apache/ratis/ratis-proto/0.4.0/ratis-proto-0.4.0.jar:/home/user/.m2/repository/org/apache/ratis/ratis-common/0.4.0/ratis-common-0.4.0.jar:/home/user/.m2/repository/org/apache/ratis/ratis-client/0.4.0/ratis-client-0.4.0.jar:/home/user/.m2/repository/org/apache/ratis/ratis-metrics/0.4.0/ratis-metrics-0.4.0.jar:/home/user/.m2/repository/com/github/joshelser/dropwizard-metrics-hadoop-metrics2-reporter/0.1.2/dropwizard-metrics-hadoop-metrics2-reporter-0.1.2.jar:/home/user/.m2/repository/io/dropwizard/metrics/metrics-jvm/3.2.5/metrics-jvm-3.2.5.jar:/home/user/.m2/repository/io/dropwizard/metrics/metrics-ganglia/3.2.5/metrics-ganglia-3.2.5.jar:/home/user/.m2/repository/info/ganglia/gmetric4j/gmetric4j/1.0.7/gmetric4j-1.0.7.jar:/home/user/.m2/repository/org/apache/ratis/ratis-netty/0.4.0/ratis-netty-0.4.0.jar:/home/user/.m2/repository/org/apache/ratis/ratis-grpc/0.4.0/ratis-grpc-0.4.0.jar:/home/user/.m2/repository/org/rocksdb/rocksdbjni/6.0.1/rocksdbjni-6.0.1.jar:/home/user/.m2/repository/org/apache/logging/log4j/log4j-api/2.11.0/log4j-api-2.11.0.jar:/home/user/.m2/repository/org/apache/logging/log4j/log4j-core/2.11.0/log4j-core-2.11.0.jar:/home/user/.m2/repository/com/lmax/disruptor/3.4.2/disruptor-3.4.2.jar:/home/user/.m2/repository/org/apache/commons/commons-pool2/2.6.0/commons-pool2-2.6.0.jar:/home/user/.m2/repository/org/bouncycastle/bcpkix-jdk15on/1.60/bcpkix-jdk15on-1.60.jar:/home/user/.m2/repository/commons-validator/commons-validator/1.6/commons-validator-1.6.jar:/home/user/.m2/repository/commons-digester/commons-digester/1.8.1/commons-digester-1.8.1.jar:/home/user/.m2/repository/io/jaegertracing/jaeger-client/0.34.0/jaeger-client-0.34.0.jar:/home/user/.m2/repository/io/jaegertracing/jaeger-thrift/0.34.0/jaeger-thrift-0.34.0.jar:/home/user/.m2/repository/org/apache/thrift/libthrift/0.12.0/libthrift-0.12.0.jar:/home/user/.m2/repository/com/squareup/okhttp3/okhttp/3.9.0/okhttp-3.9.0.jar:/home/user/.m2/repository/com/squareup/okio/okio/1.13.0/okio-1.13.0.jar:/home/user/.m2/repository/io/jaegertracing/jaeger-core/0.34.0/jaeger-core-0.34.0.jar:/home/user/.m2/repository/io/jaegertracing/jaeger-tracerresolver/0.34.0/jaeger-tracerresolver-0.34.0.jar:/home/user/.m2/repository/io/opentracing/contrib/opentracing-tracerresolver/0.1.5/opentracing-tracerresolver-0.1.5.jar:/home/user/.m2/repository/io/opentracing/opentracing-util/0.31.0/opentracing-util-0.31.0.jar:/home/user/.m2/repository/io/opentracing/opentracing-api/0.31.0/opentracing-api-0.31.0.jar:/home/user/.m2/repository/io/opentracing/opentracing-noop/0.31.0/opentracing-noop-0.31.0.jar:/home/user/.m2/repository/org/yaml/snakeyaml/1.16/snakeyaml-1.16.jar:/home/user/.m2/repository/org/apache/hadoop/hadoop-hdfs-client/3.2.0/hadoop-hdfs-client-3.2.0.jar:/home/user/.m2/repository/info/picocli/picocli/3.9.6/picocli-3.9.6.jar:/home/user/.m2/repository/org/apache/hadoop/hadoop-hdds-server-scm/0.5.0-SNAPSHOT/hadoop-hdds-server-scm-0.5.0-SNAPSHOT.jar:/home/user/.m2/repository/org/apache/hadoop/hadoop-hdds-docs/0.5.0-SNAPSHOT/hadoop-hdds-docs-0.5.0-SNAPSHOT.jar:/home/user/.m2/repository/io/dropwizard/metrics/metrics-core/3.2.4/metrics-core-3.2.4.jar:/home/user/.m2/repository/org/hamcrest/hamcrest-all/1.3/hamcrest-all-1.3.jar:/home/user/.m2/repository/org/bouncycastle/bcprov-jdk15on/1.60/bcprov-jdk15on-1.60.jar:/home/user/.m2/repository/org/apache/hadoop/hadoop-hdds-server-framework/0.5.0-SNAPSHOT/hadoop-hdds-server-framework-0.5.0-SNAPSHOT.jar:/home/user/.m2/repository/org/apache/hadoop/hadoop-ozone-ozone-manager/0.5.0-SNAPSHOT/hadoop-ozone-ozone-manager-0.5.0-SNAPSHOT.jar:/home/user/.m2/repository/org/apache/hadoop/hadoop-hdds-container-service/0.5.0-SNAPSHOT/hadoop-hdds-container-service-0.5.0-SNAPSHOT.jar:/home/user/.m2/repository/org/apache/hadoop/hadoop-hdds-client/0.5.0-SNAPSHOT/hadoop-hdds-client-0.5.0-SNAPSHOT.jar:/home/user/.m2/repository/org/apache/hadoop/hadoop-ozone-common/0.5.0-SNAPSHOT/hadoop-ozone-common-0.5.0-SNAPSHOT.jar:/home/user/.m2/repository/org/apache/hadoop/hadoop-hdds-tools/0.5.0-SNAPSHOT/hadoop-hdds-tools-0.5.0-SNAPSHOT.jar:/home/user/.m2/repository/org/xerial/sqlite-jdbc/3.25.2/sqlite-jdbc-3.25.2.jar:/home/user/.m2/repository/com/google/code/findbugs/findbugs/3.0.1/findbugs-3.0.1.jar:/home/user/.m2/repository/net/jcip/jcip-annotations/1.0/jcip-annotations-1.0.jar:/home/user/.m2/repository/com/google/code/findbugs/bcel-findbugs/6.0/bcel-findbugs-6.0.jar:/home/user/.m2/repository/com/google/code/findbugs/jFormatString/2.0.1/jFormatString-2.0.1.jar:/home/user/.m2/repository/dom4j/dom4j/1.6.1/dom4j-1.6.1.jar:/home/user/.m2/repository/xml-apis/xml-apis/1.0.b2/xml-apis-1.0.b2.jar:/home/user/.m2/repository/org/ow2/asm/asm-debug-all/5.0.2/asm-debug-all-5.0.2.jar:/home/user/.m2/repository/org/ow2/asm/asm-commons/5.0.2/asm-commons-5.0.2.jar:/home/user/.m2/repository/org/ow2/asm/asm-tree/5.0.2/asm-tree-5.0.2.jar:/home/user/.m2/repository/org/ow2/asm/asm/5.0.4/asm-5.0.4.jar:/home/user/.m2/repository/commons-lang/commons-lang/2.6/commons-lang-2.6.jar:/home/user/.m2/repository/com/apple/AppleJavaExtensions/1.4/AppleJavaExtensions-1.4.jar:/home/user/.m2/repository/jaxen/jaxen/1.1.6/jaxen-1.1.6.jar:/home/user/.m2/repository/org/apache/hadoop/hadoop-common/3.2.0/hadoop-common-3.2.0-tests.jar:/home/user/.m2/repository/org/apache/hadoop/hadoop-ozone-client/0.5.0-SNAPSHOT/hadoop-ozone-client-0.5.0-SNAPSHOT.jar:/home/user/.m2/repository/org/apache/hadoop/hadoop-hdfs/3.2.0/hadoop-hdfs-3.2.0-tests.jar:/workdir/hadoop-ozone/integration-test/target/test-classes:/home/user/.m2/repository/org/apache/hadoop/hadoop-ozone-s3gateway/0.5.0-SNAPSHOT/hadoop-ozone-s3gateway-0.5.0-SNAPSHOT.jar:/home/user/.m2/repository/org/jboss/weld/servlet/weld-servlet/2.4.7.Final/weld-servlet-2.4.7.Final.jar:/home/user/.m2/repository/org/glassfish/jersey/containers/jersey-container-servlet-core/2.27/jersey-container-servlet-core-2.27.jar:/home/user/.m2/repository/org/glassfish/hk2/external/javax.inject/2.5.0-b42/javax.inject-2.5.0-b42.jar:/home/user/.m2/repository/org/glassfish/jersey/core/jersey-common/2.27/jersey-common-2.27.jar:/home/user/.m2/repository/org/glassfish/hk2/osgi-resource-locator/1.0.1/osgi-resource-locator-1.0.1.jar:/home/user/.m2/repository/javax/ws/rs/javax.ws.rs-api/2.1/javax.ws.rs-api-2.1.jar:/home/user/.m2/repository/org/glassfish/jersey/ext/cdi/jersey-cdi1x/2.27/jersey-cdi1x-2.27.jar:/home/user/.m2/repository/org/glassfish/jersey/inject/jersey-hk2/2.27/jersey-hk2-2.27.jar:/home/user/.m2/repository/org/glassfish/hk2/hk2-locator/2.5.0-b42/hk2-locator-2.5.0-b42.jar:/home/user/.m2/repository/org/javassist/javassist/3.22.0-CR2/javassist-3.22.0-CR2.jar:/home/user/.m2/repository/org/glassfish/hk2/hk2-api/2.5.0/hk2-api-2.5.0.jar:/home/user/.m2/repository/org/glassfish/hk2/external/jakarta.inject/2.5.0/jakarta.inject-2.5.0.jar:/home/user/.m2/repository/org/glassfish/hk2/hk2-utils/2.5.0/hk2-utils-2.5.0.jar:/home/user/.m2/repository/jakarta/annotation/jakarta.annotation-api/1.3.4/jakarta.annotation-api-1.3.4.jar:/home/user/.m2/repository/org/glassfish/hk2/external/aopalliance-repackaged/2.5.0/aopalliance-repackaged-2.5.0.jar:/home/user/.m2/repository/com/fasterxml/jackson/dataformat/jackson-dataformat-xml/2.9.0/jackson-dataformat-xml-2.9.0.jar:/home/user/.m2/repository/com/fasterxml/jackson/module/jackson-module-jaxb-annotations/2.9.9/jackson-module-jaxb-annotations-2.9.9.jar:/home/user/.m2/repository/javax/enterprise/cdi-api/1.2/cdi-api-1.2.jar:/home/user/.m2/repository/javax/el/javax.el-api/3.0.0/javax.el-api-3.0.0.jar:/home/user/.m2/repository/javax/interceptor/javax.interceptor-api/1.2/javax.interceptor-api-1.2.jar:/home/user/.m2/repository/javax/inject/javax.inject/1/javax.inject-1.jar:/home/user/.m2/repository/com/sun/xml/bind/jaxb-core/2.3.0.1/jaxb-core-2.3.0.1.jar:/home/user/.m2/repository/javax/xml/bind/jaxb-api/2.3.0/jaxb-api-2.3.0.jar:/home/user/.m2/repository/javax/activation/activation/1.1.1/activation-1.1.1.jar:/home/user/.m2/repository/org/apache/hadoop/hadoop-ozone-csi/0.5.0-SNAPSHOT/hadoop-ozone-csi-0.5.0-SNAPSHOT.jar:/home/user/.m2/repository/com/google/protobuf/protobuf-java-util/3.5.1/protobuf-java-util-3.5.1.jar:/home/user/.m2/repository/io/grpc/grpc-netty/1.17.1/grpc-netty-1.17.1.jar:/home/user/.m2/repository/io/grpc/grpc-core/1.17.1/grpc-core-1.17.1.jar:/home/user/.m2/repository/io/grpc/grpc-context/1.17.1/grpc-context-1.17.1.jar:/home/user/.m2/repository/com/google/errorprone/error_prone_annotations/2.2.0/error_prone_annotations-2.2.0.jar:/home/user/.m2/repository/org/codehaus/mojo/animal-sniffer-annotations/1.17/animal-sniffer-annotations-1.17.jar:/home/user/.m2/repository/io/opencensus/opencensus-api/0.17.0/opencensus-api-0.17.0.jar:/home/user/.m2/repository/io/opencensus/opencensus-contrib-grpc-metrics/0.17.0/opencensus-contrib-grpc-metrics-0.17.0.jar:/home/user/.m2/repository/io/netty/netty-codec-http2/4.1.30.Final/netty-codec-http2-4.1.30.Final.jar:/home/user/.m2/repository/io/netty/netty-codec-http/4.1.30.Final/netty-codec-http-4.1.30.Final.jar:/home/user/.m2/repository/io/netty/netty-codec/4.1.30.Final/netty-codec-4.1.30.Final.jar:/home/user/.m2/repository/io/netty/netty-handler/4.1.30.Final/netty-handler-4.1.30.Final.jar:/home/user/.m2/repository/io/netty/netty-handler-proxy/4.1.30.Final/netty-handler-proxy-4.1.30.Final.jar:/home/user/.m2/repository/io/netty/netty-codec-socks/4.1.30.Final/netty-codec-socks-4.1.30.Final.jar:/home/user/.m2/repository/io/netty/netty-transport-native-epoll/4.1.30.Final/netty-transport-native-epoll-4.1.30.Final.jar:/home/user/.m2/repository/io/netty/netty-common/4.1.30.Final/netty-common-4.1.30.Final.jar:/home/user/.m2/repository/io/netty/netty-buffer/4.1.30.Final/netty-buffer-4.1.30.Final.jar:/home/user/.m2/repository/io/netty/netty-transport/4.1.30.Final/netty-transport-4.1.30.Final.jar:/home/user/.m2/repository/io/netty/netty-resolver/4.1.30.Final/netty-resolver-4.1.30.Final.jar:/home/user/.m2/repository/io/netty/netty-transport-native-unix-common/4.1.30.Final/netty-transport-native-unix-common-4.1.30.Final.jar:/home/user/.m2/repository/io/grpc/grpc-protobuf/1.17.1/grpc-protobuf-1.17.1.jar:/home/user/.m2/repository/com/google/api/grpc/proto-google-common-protos/1.0.0/proto-google-common-protos-1.0.0.jar:/home/user/.m2/repository/io/grpc/grpc-protobuf-lite/1.17.1/grpc-protobuf-lite-1.17.1.jar:/home/user/.m2/repository/io/grpc/grpc-stub/1.17.1/grpc-stub-1.17.1.jar:/home/user/.m2/repository/org/apache/hadoop/hadoop-ozone-recon/0.5.0-SNAPSHOT/hadoop-ozone-recon-0.5.0-SNAPSHOT.jar:/home/user/.m2/repository/org/apache/hadoop/hadoop-ozone-reconcodegen/0.5.0-SNAPSHOT/hadoop-ozone-reconcodegen-0.5.0-SNAPSHOT.jar:/home/user/.m2/repository/com/google/inject/extensions/guice-multibindings/4.0/guice-multibindings-4.0.jar:/home/user/.m2/repository/com/google/inject/guice/4.0/guice-4.0.jar:/home/user/.m2/repository/aopalliance/aopalliance/1.0/aopalliance-1.0.jar:/home/user/.m2/repository/org/glassfish/jersey/containers/jersey-container-servlet/2.27/jersey-container-servlet-2.27.jar:/home/user/.m2/repository/org/glassfish/hk2/guice-bridge/2.5.0/guice-bridge-2.5.0.jar:/home/user/.m2/repository/org/glassfish/jersey/core/jersey-server/2.27/jersey-server-2.27.jar:/home/user/.m2/repository/org/glassfish/jersey/core/jersey-client/2.27/jersey-client-2.27.jar:/home/user/.m2/repository/org/glassfish/jersey/media/jersey-media-jaxb/2.27/jersey-media-jaxb-2.27.jar:/home/user/.m2/repository/javax/validation/validation-api/1.1.0.Final/validation-api-1.1.0.Final.jar:/home/user/.m2/repository/org/glassfish/jersey/media/jersey-media-json-jackson/2.27/jersey-media-json-jackson-2.27.jar:/home/user/.m2/repository/org/glassfish/jersey/ext/jersey-entity-filtering/2.27/jersey-entity-filtering-2.27.jar:/home/user/.m2/repository/com/google/inject/extensions/guice-assistedinject/4.0/guice-assistedinject-4.0.jar:/home/user/.m2/repository/org/jooq/jooq/3.11.10/jooq-3.11.10.jar:/home/user/.m2/repository/org/jooq/jooq-meta/3.11.10/jooq-meta-3.11.10.jar:/home/user/.m2/repository/org/jooq/jooq-codegen/3.11.10/jooq-codegen-3.11.10.jar:/home/user/.m2/repository/com/jolbox/bonecp/0.8.0.RELEASE/bonecp-0.8.0.RELEASE.jar:/home/user/.m2/repository/org/springframework/spring-jdbc/5.1.3.RELEASE/spring-jdbc-5.1.3.RELEASE.jar:/home/user/.m2/repository/org/springframework/spring-beans/5.1.3.RELEASE/spring-beans-5.1.3.RELEASE.jar:/home/user/.m2/repository/org/springframework/spring-core/5.1.3.RELEASE/spring-core-5.1.3.RELEASE.jar:/home/user/.m2/repository/org/springframework/spring-jcl/5.1.3.RELEASE/spring-jcl-5.1.3.RELEASE.jar:/home/user/.m2/repository/org/springframework/spring-tx/5.1.3.RELEASE/spring-tx-5.1.3.RELEASE.jar:/home/user/.m2/repository/org/mockito/mockito-all/1.10.19/mockito-all-1.10.19.jar:/home/user/.m2/repository/junit/junit/4.11/junit-4.11.jar:/home/user/.m2/repository/org/hamcrest/hamcrest-core/1.3/hamcrest-core-1.3.jar:/home/user/.m2/repository/org/apache/hadoop/hadoop-distcp/3.2.0/hadoop-distcp-3.2.0.jar:/home/user/.m2/repository/org/apache/hadoop/hadoop-distcp/3.2.0/hadoop-distcp-3.2.0-tests.jar:/home/user/.m2/repository/org/apache/hadoop/hadoop-mapreduce-client-jobclient/3.2.0/hadoop-mapreduce-client-jobclient-3.2.0.jar:/home/user/.m2/repository/org/apache/hadoop/hadoop-mapreduce-client-common/3.2.0/hadoop-mapreduce-client-common-3.2.0.jar:/home/user/.m2/repository/org/apache/hadoop/hadoop-yarn-common/3.2.0/hadoop-yarn-common-3.2.0.jar:/home/user/.m2/repository/org/apache/hadoop/hadoop-yarn-api/3.2.0/hadoop-yarn-api-3.2.0.jar:/home/user/.m2/repository/com/sun/jersey/jersey-client/1.19/jersey-client-1.19.jar:/home/user/.m2/repository/com/sun/jersey/contribs/jersey-guice/1.19/jersey-guice-1.19.jar:/home/user/.m2/repository/com/fasterxml/jackson/jaxrs/jackson-jaxrs-json-provider/2.9.9/jackson-jaxrs-json-provider-2.9.9.jar:/home/user/.m2/repository/com/fasterxml/jackson/jaxrs/jackson-jaxrs-base/2.9.9/jackson-jaxrs-base-2.9.9.jar:/home/user/.m2/repository/org/apache/hadoop/hadoop-yarn-client/3.2.0/hadoop-yarn-client-3.2.0.jar:/home/user/.m2/repository/org/apache/hadoop/hadoop-mapreduce-client-core/3.2.0/hadoop-mapreduce-client-core-3.2.0.jar:/home/user/.m2/repository/com/google/inject/extensions/guice-servlet/4.0/guice-servlet-4.0.jar:/home/user/.m2/repository/org/powermock/powermock-module-junit4/1.6.5/powermock-module-junit4-1.6.5.jar:/home/user/.m2/repository/org/powermock/powermock-module-junit4-common/1.6.5/powermock-module-junit4-common-1.6.5.jar:/home/user/.m2/repository/org/powermock/powermock-core/1.6.5/powermock-core-1.6.5.jar:/home/user/.m2/repository/org/powermock/powermock-reflect/1.6.5/powermock-reflect-1.6.5.jar:/home/user/.m2/repository/org/powermock/powermock-api-mockito/1.6.5/powermock-api-mockito-1.6.5.jar:/home/user/.m2/repository/org/mockito/mockito-core/1.10.19/mockito-core-1.10.19.jar:/home/user/.m2/repository/org/objenesis/objenesis/1.0/objenesis-1.0.jar:/home/user/.m2/repository/org/powermock/powermock-api-mockito-common/1.6.5/powermock-api-mockito-common-1.6.5.jar:/home/user/.m2/repository/org/powermock/powermock-api-support/1.6.5/powermock-api-support-1.6.5.jar:"/>
    <property name="sun.cpu.endian" value="little"/>
    <property name="user.home" value="/home/user"/>
    <property name="user.language" value="en"/>
    <property name="java.specification.vendor" value="Oracle Corporation"/>
    <property name="java.home" value="/usr/lib/jvm/java-1.8-openjdk/jre"/>
    <property name="java.security.krb5.conf" value="/workdir/hadoop-ozone/ozonefs/target/test-classes/krb5.conf"/>
    <property name="basedir" value="/workdir/hadoop-ozone/ozonefs"/>
    <property name="file.separator" value="/"/>
    <property name="line.separator" value="&#10;"/>
    <property name="java.vm.specification.vendor" value="Oracle Corporation"/>
    <property name="java.specification.name" value="Java Platform API Specification"/>
    <property name="java.awt.graphicsenv" value="sun.awt.X11GraphicsEnvironment"/>
    <property name="surefire.real.class.path" value="/workdir/hadoop-ozone/ozonefs/target/surefire/surefirebooter3198112574298033200.jar"/>
    <property name="hadoop.log.dir" value="/workdir/hadoop-ozone/ozonefs/target/log"/>
    <property name="sun.boot.class.path" value="/usr/lib/jvm/java-1.8-openjdk/jre/lib/resources.jar:/usr/lib/jvm/java-1.8-openjdk/jre/lib/rt.jar:/usr/lib/jvm/java-1.8-openjdk/jre/lib/sunrsasign.jar:/usr/lib/jvm/java-1.8-openjdk/jre/lib/jsse.jar:/usr/lib/jvm/java-1.8-openjdk/jre/lib/jce.jar:/usr/lib/jvm/java-1.8-openjdk/jre/lib/charsets.jar:/usr/lib/jvm/java-1.8-openjdk/jre/lib/jfr.jar:/usr/lib/jvm/java-1.8-openjdk/jre/classes"/>
    <property name="sun.management.compiler" value="HotSpot 64-Bit Tiered Compilers"/>
    <property name="java.runtime.version" value="1.8.0_212-b04"/>
    <property name="java.net.preferIPv4Stack" value="true"/>
    <property name="user.name" value="jenkins1000"/>
    <property name="path.separator" value=":"/>
    <property name="java.security.egd" value="file:///dev/urandom"/>
    <property name="os.version" value="3.10.0-957.12.2.el7.x86_64"/>
    <property name="java.endorsed.dirs" value="/usr/lib/jvm/java-1.8-openjdk/jre/lib/endorsed"/>
    <property name="java.runtime.name" value="OpenJDK Runtime Environment"/>
    <property name="file.encoding" value="UTF-8"/>
    <property name="java.vm.name" value="OpenJDK 64-Bit Server VM"/>
    <property name="test.build.webapps" value=""/>
    <property name="localRepository" value="/home/user/.m2/repository"/>
    <property name="java.vendor.url.bug" value="https://icedtea.classpath.org/bugzilla"/>
    <property name="java.io.tmpdir" value="/tmp"/>
    <property name="require.test.libhadoop" value=""/>
    <property name="java.version" value="1.8.0_212"/>
    <property name="user.dir" value="/workdir/hadoop-ozone/ozonefs"/>
    <property name="os.arch" value="amd64"/>
    <property name="java.vm.specification.name" value="Java Virtual Machine Specification"/>
    <property name="test.build.classes" value="/workdir/hadoop-ozone/ozonefs/target/test-classes"/>
    <property name="java.awt.printerjob" value="sun.print.PSPrinterJob"/>
    <property name="sun.os.patch.level" value="unknown"/>
    <property name="hadoop.tmp.dir" value="/workdir/hadoop-ozone/ozonefs/target/tmp"/>
    <property name="java.library.path" value="/usr/lib/jvm/java-1.8-openjdk/jre/lib/amd64/server:/usr/lib/jvm/java-1.8-openjdk/jre/lib/amd64:/usr/lib/jvm/java-1.8-openjdk/jre/../lib/amd64:/workdir/hadoop-ozone/ozonefs/target/native/target/usr/local/lib:/workdir/hadoop-ozone/ozonefs/../../hadoop-common-project/hadoop-common/target/native/target/usr/local/lib:/usr/java/packages/lib/amd64:/usr/lib64:/lib64:/lib:/usr/lib"/>
    <property name="java.vm.info" value="mixed mode"/>
    <property name="java.vendor" value="IcedTea"/>
    <property name="java.vm.version" value="25.212-b04"/>
    <property name="java.ext.dirs" value="/usr/lib/jvm/java-1.8-openjdk/jre/lib/ext:/usr/java/packages/lib/ext"/>
    <property name="sun.io.unicode.encoding" value="UnicodeLittle"/>
    <property name="java.class.version" value="52.0"/>
  </properties>
  <testcase name="testOzoneManagerFileSystemInterface[0]" classname="org.apache.hadoop.fs.ozone.TestOzoneFileInterfaces" time="22.053"/>
  <testcase name="testListStatus[0]" classname="org.apache.hadoop.fs.ozone.TestOzoneFileInterfaces" time="16.695"/>
  <testcase name="testDirectory[0]" classname="org.apache.hadoop.fs.ozone.TestOzoneFileInterfaces" time="16.739"/>
  <testcase name="testPathToKey[0]" classname="org.apache.hadoop.fs.ozone.TestOzoneFileInterfaces" time="17.254"/>
  <testcase name="testFileSystemInit[0]" classname="org.apache.hadoop.fs.ozone.TestOzoneFileInterfaces" time="16.705"/>
  <testcase name="testOzFsReadWrite[0]" classname="org.apache.hadoop.fs.ozone.TestOzoneFileInterfaces" time="16.909">
    <error message="Allocated 0 blocks. Requested 1 blocks" type="INTERNAL_ERROR org.apache.hadoop.ozone.om.exceptions.OMException">INTERNAL_ERROR org.apache.hadoop.ozone.om.exceptions.OMException: Allocated 0 blocks. Requested 1 blocks
	at org.apache.hadoop.ozone.om.protocolPB.OzoneManagerProtocolClientSideTranslatorPB.handleError(OzoneManagerProtocolClientSideTranslatorPB.java:732)
	at org.apache.hadoop.ozone.om.protocolPB.OzoneManagerProtocolClientSideTranslatorPB.createFile(OzoneManagerProtocolClientSideTranslatorPB.java:1536)
	at sun.reflect.NativeMethodAccessorImpl.invoke0(Native Method)
	at sun.reflect.NativeMethodAccessorImpl.invoke(NativeMethodAccessorImpl.java:62)
	at sun.reflect.DelegatingMethodAccessorImpl.invoke(DelegatingMethodAccessorImpl.java:43)
	at java.lang.reflect.Method.invoke(Method.java:498)
	at org.apache.hadoop.hdds.tracing.TraceAllMethod.invoke(TraceAllMethod.java:66)
	at com.sun.proxy.$Proxy39.createFile(Unknown Source)
	at org.apache.hadoop.ozone.client.rpc.RpcClient.createFile(RpcClient.java:1006)
	at org.apache.hadoop.ozone.client.OzoneBucket.createFile(OzoneBucket.java:537)
	at org.apache.hadoop.fs.ozone.BasicOzoneClientAdapterImpl.createFile(BasicOzoneClientAdapterImpl.java:205)
	at org.apache.hadoop.fs.ozone.BasicOzoneFileSystem.createOutputStream(BasicOzoneFileSystem.java:250)
	at org.apache.hadoop.fs.ozone.BasicOzoneFileSystem.create(BasicOzoneFileSystem.java:231)
	at org.apache.hadoop.fs.FileSystem.create(FileSystem.java:1118)
	at org.apache.hadoop.fs.FileSystem.create(FileSystem.java:1098)
	at org.apache.hadoop.fs.FileSystem.create(FileSystem.java:987)
	at org.apache.hadoop.fs.FileSystem.create(FileSystem.java:975)
	at org.apache.hadoop.fs.ozone.TestOzoneFileInterfaces.testOzFsReadWrite(TestOzoneFileInterfaces.java:169)
	at sun.reflect.NativeMethodAccessorImpl.invoke0(Native Method)
	at sun.reflect.NativeMethodAccessorImpl.invoke(NativeMethodAccessorImpl.java:62)
	at sun.reflect.DelegatingMethodAccessorImpl.invoke(DelegatingMethodAccessorImpl.java:43)
	at java.lang.reflect.Method.invoke(Method.java:498)
	at org.junit.runners.model.FrameworkMethod$1.runReflectiveCall(FrameworkMethod.java:47)
	at org.junit.internal.runners.model.ReflectiveCallable.run(ReflectiveCallable.java:12)
	at org.junit.runners.model.FrameworkMethod.invokeExplosively(FrameworkMethod.java:44)
	at org.junit.internal.runners.statements.InvokeMethod.evaluate(InvokeMethod.java:17)
	at org.junit.internal.runners.statements.RunBefores.evaluate(RunBefores.java:26)
	at org.junit.internal.runners.statements.RunAfters.evaluate(RunAfters.java:27)
	at org.junit.runners.ParentRunner.runLeaf(ParentRunner.java:271)
	at org.junit.runners.BlockJUnit4ClassRunner.runChild(BlockJUnit4ClassRunner.java:70)
	at org.junit.runners.BlockJUnit4ClassRunner.runChild(BlockJUnit4ClassRunner.java:50)
	at org.junit.runners.ParentRunner$3.run(ParentRunner.java:238)
	at org.junit.runners.ParentRunner$1.schedule(ParentRunner.java:63)
	at org.junit.runners.ParentRunner.runChildren(ParentRunner.java:236)
	at org.junit.runners.ParentRunner.access$000(ParentRunner.java:53)
	at org.junit.runners.ParentRunner$2.evaluate(ParentRunner.java:229)
	at org.junit.runners.ParentRunner.run(ParentRunner.java:309)
	at org.junit.runners.Suite.runChild(Suite.java:127)
	at org.junit.runners.Suite.runChild(Suite.java:26)
	at org.junit.runners.ParentRunner$3.run(ParentRunner.java:238)
	at org.junit.runners.ParentRunner$1.schedule(ParentRunner.java:63)
	at org.junit.runners.ParentRunner.runChildren(ParentRunner.java:236)
	at org.junit.runners.ParentRunner.access$000(ParentRunner.java:53)
	at org.junit.runners.ParentRunner$2.evaluate(ParentRunner.java:229)
	at org.junit.runners.ParentRunner.run(ParentRunner.java:309)
	at org.apache.maven.surefire.junit4.JUnit4Provider.execute(JUnit4Provider.java:365)
	at org.apache.maven.surefire.junit4.JUnit4Provider.executeWithRerun(JUnit4Provider.java:273)
	at org.apache.maven.surefire.junit4.JUnit4Provider.executeTestSet(JUnit4Provider.java:238)
	at org.apache.maven.surefire.junit4.JUnit4Provider.invoke(JUnit4Provider.java:159)
	at org.apache.maven.surefire.booter.ForkedBooter.invokeProviderInSameClassLoader(ForkedBooter.java:384)
	at org.apache.maven.surefire.booter.ForkedBooter.runSuitesInProcess(ForkedBooter.java:345)
	at org.apache.maven.surefire.booter.ForkedBooter.execute(ForkedBooter.java:126)
	at org.apache.maven.surefire.booter.ForkedBooter.main(ForkedBooter.java:418)
</error>
    <system-out><![CDATA[2019-09-25 11:50:06,316 [main] WARN  server.ServerUtils (ServerUtils.java:getScmDbDir(145)) - ozone.scm.db.dirs is not configured. We recommend adding this setting. Falling back to ozone.metadata.dirs instead.
2019-09-25 11:50:06,351 [main] WARN  server.ServerUtils (ServerUtils.java:getScmDbDir(145)) - ozone.scm.db.dirs is not configured. We recommend adding this setting. Falling back to ozone.metadata.dirs instead.
2019-09-25 11:50:06,351 [main] WARN  server.ServerUtils (ServerUtils.java:getScmDbDir(145)) - ozone.scm.db.dirs is not configured. We recommend adding this setting. Falling back to ozone.metadata.dirs instead.
2019-09-25 11:50:06,351 [main] INFO  db.DBStoreBuilder (DBStoreBuilder.java:addTable(110)) - using custom profile for table: deletedBlocks
2019-09-25 11:50:06,352 [main] INFO  db.DBStoreBuilder (DBStoreBuilder.java:processTables(161)) - Using default column profile:DBProfile.DISK for Table:deletedBlocks
2019-09-25 11:50:06,352 [main] INFO  db.DBStoreBuilder (DBStoreBuilder.java:addTable(110)) - using custom profile for table: validCerts
2019-09-25 11:50:06,352 [main] INFO  db.DBStoreBuilder (DBStoreBuilder.java:processTables(161)) - Using default column profile:DBProfile.DISK for Table:validCerts
2019-09-25 11:50:06,352 [main] INFO  db.DBStoreBuilder (DBStoreBuilder.java:addTable(110)) - using custom profile for table: revokedCerts
2019-09-25 11:50:06,353 [main] INFO  db.DBStoreBuilder (DBStoreBuilder.java:processTables(161)) - Using default column profile:DBProfile.DISK for Table:revokedCerts
2019-09-25 11:50:06,353 [main] INFO  db.DBStoreBuilder (DBStoreBuilder.java:addTable(110)) - using custom profile for table: default
2019-09-25 11:50:06,353 [main] INFO  db.DBStoreBuilder (DBStoreBuilder.java:processTables(167)) - Using default column profile:DBProfile.DISK for Table:default
2019-09-25 11:50:06,353 [main] INFO  db.DBStoreBuilder (DBStoreBuilder.java:getDbProfile(198)) - Using default options. DBProfile.DISK
2019-09-25 11:50:06,518 [main] INFO  net.NodeSchemaLoader (NodeSchemaLoader.java:loadSchemaFromFile(125)) - Loading file from sun.misc.CompoundEnumeration@4b9c411
2019-09-25 11:50:06,519 [main] INFO  net.NodeSchemaLoader (NodeSchemaLoader.java:loadSchema(171)) - Loading network topology layer schema file
2019-09-25 11:50:06,524 [main] WARN  server.ServerUtils (ServerUtils.java:sanitizeUserArgs(70)) - ozone.scm.stale.node.interval value = 300000 is larger than max = 100000 based on the key value of ozone.scm.heartbeat.thread.interval, reset to the max value 100000.
2019-09-25 11:50:06,524 [main] WARN  server.ServerUtils (ServerUtils.java:sanitizeUserArgs(70)) - ozone.scm.stale.node.interval value = 300000 is larger than max = 100000 based on the key value of ozone.scm.heartbeat.thread.interval, reset to the max value 100000.
2019-09-25 11:50:06,525 [main] INFO  node.SCMNodeManager (SCMNodeManager.java:<init>(114)) - Entering startup safe mode.
2019-09-25 11:50:06,526 [main] INFO  algorithms.ContainerPlacementPolicyFactory (ContainerPlacementPolicyFactory.java:getPolicy(59)) - Create container placement policy of type org.apache.hadoop.hdds.scm.container.placement.algorithms.SCMContainerPlacementRandom
2019-09-25 11:50:06,526 [main] WARN  server.ServerUtils (ServerUtils.java:getScmDbDir(145)) - ozone.scm.db.dirs is not configured. We recommend adding this setting. Falling back to ozone.metadata.dirs instead.
2019-09-25 11:50:06,601 [main] INFO  pipeline.SCMPipelineManager (SCMPipelineManager.java:initializePipelineState(132)) - No pipeline exists in current db
2019-09-25 11:50:06,601 [main] WARN  server.ServerUtils (ServerUtils.java:getScmDbDir(145)) - ozone.scm.db.dirs is not configured. We recommend adding this setting. Falling back to ozone.metadata.dirs instead.
2019-09-25 11:50:06,628 [main] WARN  events.EventQueue (EventQueue.java:fireEvent(183)) - No event handler registered for event TypedEvent{payloadType=SafeModeStatus, name='SafeModeStatus'}
2019-09-25 11:50:06,629 [main] INFO  ipc.CallQueueManager (CallQueueManager.java:<init>(84)) - Using callQueue: class java.util.concurrent.LinkedBlockingQueue, queueCapacity: 2000, scheduler: class org.apache.hadoop.ipc.DefaultRpcScheduler, ipcBackoff: false.
2019-09-25 11:50:06,631 [Socket Reader #1 for port 36184] INFO  ipc.Server (Server.java:run(1074)) - Starting Socket Reader #1 for port 36184
2019-09-25 11:50:06,633 [main] INFO  ipc.CallQueueManager (CallQueueManager.java:<init>(84)) - Using callQueue: class java.util.concurrent.LinkedBlockingQueue, queueCapacity: 2000, scheduler: class org.apache.hadoop.ipc.DefaultRpcScheduler, ipcBackoff: false.
2019-09-25 11:50:06,634 [Socket Reader #1 for port 33654] INFO  ipc.Server (Server.java:run(1074)) - Starting Socket Reader #1 for port 33654
2019-09-25 11:50:06,637 [main] INFO  ipc.CallQueueManager (CallQueueManager.java:<init>(84)) - Using callQueue: class java.util.concurrent.LinkedBlockingQueue, queueCapacity: 2000, scheduler: class org.apache.hadoop.ipc.DefaultRpcScheduler, ipcBackoff: false.
2019-09-25 11:50:06,638 [Socket Reader #1 for port 34358] INFO  ipc.Server (Server.java:run(1074)) - Starting Socket Reader #1 for port 34358
2019-09-25 11:50:06,643 [main] INFO  hdfs.DFSUtil (DFSUtil.java:httpServerTemplateForNNAndJN(1641)) - Starting Web-server for scm at: http://0.0.0.0:0
2019-09-25 11:50:06,646 [main] INFO  server.AuthenticationFilter (AuthenticationFilter.java:constructSecretProvider(240)) - Unable to initialize FileSignerSecretProvider, falling back to use random secrets.
2019-09-25 11:50:06,647 [main] WARN  http.HttpRequestLog (HttpRequestLog.java:getRequestLog(97)) - Jetty request log can only be enabled using Log4j
2019-09-25 11:50:06,649 [main] INFO  http.HttpServer2 (HttpServer2.java:addGlobalFilter(975)) - Added global filter 'safety' (class=org.apache.hadoop.http.HttpServer2$QuotingInputFilter)
2019-09-25 11:50:06,650 [main] INFO  http.HttpServer2 (HttpServer2.java:addFilter(948)) - Added filter static_user_filter (class=org.apache.hadoop.http.lib.StaticUserWebFilter$StaticUserFilter) to context scm
2019-09-25 11:50:06,650 [main] INFO  http.HttpServer2 (HttpServer2.java:addFilter(958)) - Added filter static_user_filter (class=org.apache.hadoop.http.lib.StaticUserWebFilter$StaticUserFilter) to context static
2019-09-25 11:50:06,651 [main] INFO  http.HttpServer2 (HttpServer2.java:addFilter(958)) - Added filter static_user_filter (class=org.apache.hadoop.http.lib.StaticUserWebFilter$StaticUserFilter) to context logs
2019-09-25 11:50:06,653 [main] INFO  server.StorageContainerManager (StorageContainerManager.java:start(770)) - StorageContainerLocationProtocol RPC server is listening at /0.0.0.0:34358
2019-09-25 11:50:06,655 [main] WARN  impl.MetricsConfig (MetricsConfig.java:loadFirst(134)) - Cannot locate configuration: tried hadoop-metrics2-storagecontainermanager.properties,hadoop-metrics2.properties
2019-09-25 11:50:06,656 [main] INFO  impl.MetricsSystemImpl (MetricsSystemImpl.java:startTimer(374)) - Scheduled Metric snapshot period at 10 second(s).
2019-09-25 11:50:06,656 [main] INFO  impl.MetricsSystemImpl (MetricsSystemImpl.java:start(191)) - StorageContainerManager metrics system started
2019-09-25 11:50:06,723 [main] WARN  impl.MetricsSystemImpl (MetricsSystemImpl.java:register(276)) - Sink prometheus already exists!
2019-09-25 11:50:06,759 [main] INFO  server.SCMClientProtocolServer (SCMClientProtocolServer.java:start(151)) - RPC server for Client  is listening at /0.0.0.0:34358
2019-09-25 11:50:06,760 [IPC Server Responder] INFO  ipc.Server (Server.java:run(1314)) - IPC Server Responder: starting
2019-09-25 11:50:06,760 [IPC Server listener on 34358] INFO  ipc.Server (Server.java:run(1153)) - IPC Server listener on 34358: starting
2019-09-25 11:50:06,766 [main] INFO  server.StorageContainerManager (StorageContainerManager.java:start(780)) - ScmBlockLocationProtocol RPC server is listening at /0.0.0.0:33654
2019-09-25 11:50:06,766 [main] INFO  server.SCMBlockProtocolServer (SCMBlockProtocolServer.java:start(146)) - RPC server for Block Protocol is listening at /0.0.0.0:33654
2019-09-25 11:50:06,767 [IPC Server Responder] INFO  ipc.Server (Server.java:run(1314)) - IPC Server Responder: starting
2019-09-25 11:50:06,767 [IPC Server listener on 33654] INFO  ipc.Server (Server.java:run(1153)) - IPC Server listener on 33654: starting
2019-09-25 11:50:06,772 [main] INFO  server.StorageContainerManager (StorageContainerManager.java:start(784)) - ScmDatanodeProtocl RPC server is listening at /0.0.0.0:36184
2019-09-25 11:50:06,772 [main] INFO  server.SCMDatanodeProtocolServer (SCMDatanodeProtocolServer.java:start(191)) - RPC server for DataNodes is listening at /0.0.0.0:36184
2019-09-25 11:50:06,772 [IPC Server Responder] INFO  ipc.Server (Server.java:run(1314)) - IPC Server Responder: starting
2019-09-25 11:50:06,773 [IPC Server listener on 36184] INFO  ipc.Server (Server.java:run(1153)) - IPC Server listener on 36184: starting
2019-09-25 11:50:06,785 [main] INFO  http.HttpServer2 (HttpServer2.java:bindListener(1191)) - Jetty bound to port 35837
2019-09-25 11:50:06,785 [main] INFO  server.Server (Server.java:doStart(351)) - jetty-9.3.25.v20180904, build timestamp: 2018-09-04T21:11:46Z, git hash: 3ce520221d0240229c862b122d2b06c12a625732
2019-09-25 11:50:06,787 [main] INFO  handler.ContextHandler (ContextHandler.java:doStart(781)) - Started o.e.j.s.ServletContextHandler@3af10d0b{/logs,file:///workdir/hadoop-ozone/ozonefs/target/log,AVAILABLE}
2019-09-25 11:50:06,788 [main] INFO  handler.ContextHandler (ContextHandler.java:doStart(781)) - Started o.e.j.s.ServletContextHandler@3c7b137a{/static,jar:file:/home/user/.m2/repository/org/apache/hadoop/hadoop-hdds-server-scm/0.5.0-SNAPSHOT/hadoop-hdds-server-scm-0.5.0-SNAPSHOT.jar!/webapps/static,AVAILABLE}
2019-09-25 11:50:06,827 [main] INFO  handler.ContextHandler (ContextHandler.java:doStart(781)) - Started o.e.j.w.WebAppContext@4f1afe8f{/,file:///tmp/jetty-0.0.0.0-35837-scm-_-any-4506624832185501106.dir/webapp/,AVAILABLE}{/scm}
2019-09-25 11:50:06,827 [main] INFO  server.AbstractConnector (AbstractConnector.java:doStart(278)) - Started ServerConnector@492521c4{HTTP/1.1,[http/1.1]}{0.0.0.0:35837}
2019-09-25 11:50:06,829 [main] INFO  server.Server (Server.java:doStart(419)) - Started @90416ms
2019-09-25 11:50:06,829 [main] WARN  impl.MetricsSystemImpl (MetricsSystemImpl.java:register(276)) - Sink prometheus already exists!
2019-09-25 11:50:06,830 [main] INFO  server.BaseHttpServer (BaseHttpServer.java:updateConnectorAddress(215)) - HTTP server of SCM is listening at http://0.0.0.0:35837
2019-09-25 11:50:06,830 [main] WARN  server.ServerUtils (ServerUtils.java:getDBPath(222)) - ozone.om.db.dirs is not configured. We recommend adding this setting. Falling back to ozone.metadata.dirs instead.
2019-09-25 11:50:06,831 [org.apache.hadoop.util.JvmPauseMonitor$Monitor@6ddd1c51] INFO  util.JvmPauseMonitor (JvmPauseMonitor.java:run(188)) - Starting JVM pause monitor
2019-09-25 11:50:06,845 [main] WARN  server.ServerUtils (ServerUtils.java:getDBPath(222)) - ozone.om.db.dirs is not configured. We recommend adding this setting. Falling back to ozone.metadata.dirs instead.
2019-09-25 11:50:06,845 [main] WARN  server.ServerUtils (ServerUtils.java:getDBPath(222)) - ozone.om.db.dirs is not configured. We recommend adding this setting. Falling back to ozone.metadata.dirs instead.
2019-09-25 11:50:06,845 [main] INFO  om.OzoneManager (OzoneManager.java:setOMNodeDetails(652)) - OM Service ID is not set. Setting it to the default ID: omServiceIdDefault
2019-09-25 11:50:06,846 [main] INFO  om.OzoneManager (OzoneManager.java:setOMNodeDetails(658)) - OM Node ID is not set. Setting it to the OmStorage's OmID: 980ad9de-05fc-44bf-bfd1-b78dc89232bb
2019-09-25 11:50:06,846 [main] INFO  om.OzoneManager (OzoneManager.java:loadOMHAConfigs(609)) - Found matching OM address with OMServiceId: null, OMNodeId: null, RPC Address: localhost:0 and Ratis port: 9872
2019-09-25 11:50:06,860 [main] WARN  server.ServerUtils (ServerUtils.java:getDBPath(222)) - ozone.om.db.dirs is not configured. We recommend adding this setting. Falling back to ozone.metadata.dirs instead.
2019-09-25 11:50:06,861 [main] INFO  db.DBStoreBuilder (DBStoreBuilder.java:addTable(110)) - using custom profile for table: userTable
2019-09-25 11:50:06,861 [main] INFO  db.DBStoreBuilder (DBStoreBuilder.java:processTables(161)) - Using default column profile:DBProfile.DISK for Table:userTable
2019-09-25 11:50:06,861 [main] INFO  db.DBStoreBuilder (DBStoreBuilder.java:addTable(110)) - using custom profile for table: volumeTable
2019-09-25 11:50:06,861 [main] INFO  db.DBStoreBuilder (DBStoreBuilder.java:processTables(161)) - Using default column profile:DBProfile.DISK for Table:volumeTable
2019-09-25 11:50:06,861 [main] INFO  db.DBStoreBuilder (DBStoreBuilder.java:addTable(110)) - using custom profile for table: bucketTable
2019-09-25 11:50:06,862 [main] INFO  db.DBStoreBuilder (DBStoreBuilder.java:processTables(161)) - Using default column profile:DBProfile.DISK for Table:bucketTable
2019-09-25 11:50:06,862 [main] INFO  db.DBStoreBuilder (DBStoreBuilder.java:addTable(110)) - using custom profile for table: keyTable
2019-09-25 11:50:06,862 [main] INFO  db.DBStoreBuilder (DBStoreBuilder.java:processTables(161)) - Using default column profile:DBProfile.DISK for Table:keyTable
2019-09-25 11:50:06,862 [main] INFO  db.DBStoreBuilder (DBStoreBuilder.java:addTable(110)) - using custom profile for table: deletedTable
2019-09-25 11:50:06,862 [main] INFO  db.DBStoreBuilder (DBStoreBuilder.java:processTables(161)) - Using default column profile:DBProfile.DISK for Table:deletedTable
2019-09-25 11:50:06,862 [main] INFO  db.DBStoreBuilder (DBStoreBuilder.java:addTable(110)) - using custom profile for table: openKeyTable
2019-09-25 11:50:06,863 [main] INFO  db.DBStoreBuilder (DBStoreBuilder.java:processTables(161)) - Using default column profile:DBProfile.DISK for Table:openKeyTable
2019-09-25 11:50:06,863 [main] INFO  db.DBStoreBuilder (DBStoreBuilder.java:addTable(110)) - using custom profile for table: s3Table
2019-09-25 11:50:06,863 [main] INFO  db.DBStoreBuilder (DBStoreBuilder.java:processTables(161)) - Using default column profile:DBProfile.DISK for Table:s3Table
2019-09-25 11:50:06,863 [main] INFO  db.DBStoreBuilder (DBStoreBuilder.java:addTable(110)) - using custom profile for table: multipartInfoTable
2019-09-25 11:50:06,863 [main] INFO  db.DBStoreBuilder (DBStoreBuilder.java:processTables(161)) - Using default column profile:DBProfile.DISK for Table:multipartInfoTable
2019-09-25 11:50:06,864 [main] INFO  db.DBStoreBuilder (DBStoreBuilder.java:addTable(110)) - using custom profile for table: dTokenTable
2019-09-25 11:50:06,864 [main] INFO  db.DBStoreBuilder (DBStoreBuilder.java:processTables(161)) - Using default column profile:DBProfile.DISK for Table:dTokenTable
2019-09-25 11:50:06,864 [main] INFO  db.DBStoreBuilder (DBStoreBuilder.java:addTable(110)) - using custom profile for table: s3SecretTable
2019-09-25 11:50:06,864 [main] INFO  db.DBStoreBuilder (DBStoreBuilder.java:processTables(161)) - Using default column profile:DBProfile.DISK for Table:s3SecretTable
2019-09-25 11:50:06,864 [main] INFO  db.DBStoreBuilder (DBStoreBuilder.java:addTable(110)) - using custom profile for table: prefixTable
2019-09-25 11:50:06,864 [main] INFO  db.DBStoreBuilder (DBStoreBuilder.java:processTables(161)) - Using default column profile:DBProfile.DISK for Table:prefixTable
2019-09-25 11:50:06,865 [main] INFO  db.DBStoreBuilder (DBStoreBuilder.java:addTable(110)) - using custom profile for table: default
2019-09-25 11:50:06,865 [main] INFO  db.DBStoreBuilder (DBStoreBuilder.java:processTables(167)) - Using default column profile:DBProfile.DISK for Table:default
2019-09-25 11:50:06,865 [main] INFO  db.DBStoreBuilder (DBStoreBuilder.java:getDbProfile(198)) - Using default options. DBProfile.DISK
2019-09-25 11:50:07,391 [main] INFO  ipc.CallQueueManager (CallQueueManager.java:<init>(84)) - Using callQueue: class java.util.concurrent.LinkedBlockingQueue, queueCapacity: 2000, scheduler: class org.apache.hadoop.ipc.DefaultRpcScheduler, ipcBackoff: false.
2019-09-25 11:50:07,392 [Socket Reader #1 for port 38710] INFO  ipc.Server (Server.java:run(1074)) - Starting Socket Reader #1 for port 38710
2019-09-25 11:50:07,417 [main] INFO  om.OzoneManager (OzoneManager.java:start(1243)) - OzoneManager RPC server is listening at localhost/127.0.0.1:38710
2019-09-25 11:50:07,418 [main] INFO  impl.MetricsSystemImpl (MetricsSystemImpl.java:init(158)) - OzoneManager metrics system started (again)
2019-09-25 11:50:07,418 [IPC Server Responder] INFO  ipc.Server (Server.java:run(1314)) - IPC Server Responder: starting
2019-09-25 11:50:07,419 [IPC Server listener on 38710] INFO  ipc.Server (Server.java:run(1153)) - IPC Server listener on 38710: starting
2019-09-25 11:50:07,425 [main] INFO  hdfs.DFSUtil (DFSUtil.java:httpServerTemplateForNNAndJN(1641)) - Starting Web-server for ozoneManager at: http://0.0.0.0:0
2019-09-25 11:50:07,428 [main] INFO  server.AuthenticationFilter (AuthenticationFilter.java:constructSecretProvider(240)) - Unable to initialize FileSignerSecretProvider, falling back to use random secrets.
2019-09-25 11:50:07,429 [main] WARN  http.HttpRequestLog (HttpRequestLog.java:getRequestLog(97)) - Jetty request log can only be enabled using Log4j
2019-09-25 11:50:07,432 [main] INFO  http.HttpServer2 (HttpServer2.java:addGlobalFilter(975)) - Added global filter 'safety' (class=org.apache.hadoop.http.HttpServer2$QuotingInputFilter)
2019-09-25 11:50:07,433 [main] INFO  http.HttpServer2 (HttpServer2.java:addFilter(948)) - Added filter static_user_filter (class=org.apache.hadoop.http.lib.StaticUserWebFilter$StaticUserFilter) to context ozoneManager
2019-09-25 11:50:07,433 [main] INFO  http.HttpServer2 (HttpServer2.java:addFilter(958)) - Added filter static_user_filter (class=org.apache.hadoop.http.lib.StaticUserWebFilter$StaticUserFilter) to context static
2019-09-25 11:50:07,433 [main] INFO  http.HttpServer2 (HttpServer2.java:addFilter(958)) - Added filter static_user_filter (class=org.apache.hadoop.http.lib.StaticUserWebFilter$StaticUserFilter) to context logs
2019-09-25 11:50:07,434 [main] INFO  http.HttpServer2 (HttpServer2.java:bindListener(1191)) - Jetty bound to port 42482
2019-09-25 11:50:07,442 [main] INFO  server.Server (Server.java:doStart(351)) - jetty-9.3.25.v20180904, build timestamp: 2018-09-04T21:11:46Z, git hash: 3ce520221d0240229c862b122d2b06c12a625732
2019-09-25 11:50:07,444 [main] INFO  handler.ContextHandler (ContextHandler.java:doStart(781)) - Started o.e.j.s.ServletContextHandler@6380e9e9{/logs,file:///workdir/hadoop-ozone/ozonefs/target/log,AVAILABLE}
2019-09-25 11:50:07,444 [main] INFO  handler.ContextHandler (ContextHandler.java:doStart(781)) - Started o.e.j.s.ServletContextHandler@6a09484c{/static,jar:file:/home/user/.m2/repository/org/apache/hadoop/hadoop-ozone-ozone-manager/0.5.0-SNAPSHOT/hadoop-ozone-ozone-manager-0.5.0-SNAPSHOT.jar!/webapps/static,AVAILABLE}
2019-09-25 11:50:07,514 [main] INFO  handler.ContextHandler (ContextHandler.java:doStart(781)) - Started o.e.j.w.WebAppContext@2fd9fb34{/,file:///tmp/jetty-0.0.0.0-42482-ozoneManager-_-any-374291161358494251.dir/webapp/,AVAILABLE}{/ozoneManager}
2019-09-25 11:50:07,514 [main] INFO  server.AbstractConnector (AbstractConnector.java:doStart(278)) - Started ServerConnector@1595d2b2{HTTP/1.1,[http/1.1]}{0.0.0.0:42482}
2019-09-25 11:50:07,516 [main] INFO  server.Server (Server.java:doStart(419)) - Started @91104ms
2019-09-25 11:50:07,516 [main] WARN  impl.MetricsSystemImpl (MetricsSystemImpl.java:register(276)) - Sink prometheus already exists!
2019-09-25 11:50:07,517 [main] INFO  server.BaseHttpServer (BaseHttpServer.java:updateConnectorAddress(215)) - HTTP server of OZONEMANAGER is listening at http://0.0.0.0:42482
2019-09-25 11:50:07,531 [main] INFO  impl.MetricsSystemImpl (MetricsSystemImpl.java:init(158)) - HddsDatanode metrics system started (again)
2019-09-25 11:50:07,536 [main] INFO  ozone.HddsDatanodeService (HddsDatanodeService.java:start(184)) - HddsDatanodeService host:pr-hdds-1569-5gmkr-4255264070 ip:192.168.30.6
2019-09-25 11:50:07,545 [main] INFO  volume.HddsVolume (HddsVolume.java:<init>(176)) - Creating Volume: /workdir/hadoop-ozone/ozonefs/target/test-dir/MiniOzoneClusterImpl-e6fda8ce-95ce-407e-bce9-2f736e2fb72c/datanode-0/data/containers/hdds of  storage type : DISK and capacity : 1482555576320
2019-09-25 11:50:07,546 [main] INFO  volume.VolumeSet (VolumeSet.java:initializeVolumeSet(170)) - Added Volume : /workdir/hadoop-ozone/ozonefs/target/test-dir/MiniOzoneClusterImpl-e6fda8ce-95ce-407e-bce9-2f736e2fb72c/datanode-0/data/containers/hdds to VolumeSet
2019-09-25 11:50:07,546 [main] INFO  volume.ThrottledAsyncChecker (ThrottledAsyncChecker.java:schedule(139)) - Scheduling a check for org.apache.hadoop.ozone.container.common.volume.HddsVolume@3e6ec74
2019-09-25 11:50:07,547 [main] INFO  volume.HddsVolumeChecker (HddsVolumeChecker.java:checkAllVolumes(202)) - Scheduled health check for volume org.apache.hadoop.ozone.container.common.volume.HddsVolume@3e6ec74
2019-09-25 11:50:07,575 [main] INFO  impl.RaftServerProxy (ConfUtils.java:logGet(43)) - raft.rpc.type = GRPC (default)
2019-09-25 11:50:07,575 [main] INFO  grpc.GrpcFactory (GrpcFactory.java:checkPooledByteBufAllocatorUseCacheForAllThreads(45)) - PERFORMANCE WARNING: useCacheForAllThreads is true that may cause Netty to create a lot garbage objects and, as a result, trigger GC.
	It is recommended to disable useCacheForAllThreads by setting -Dorg.apache.ratis.thirdparty.io.netty.allocator.useCacheForAllThreads=false in command line.
2019-09-25 11:50:07,576 [main] INFO  grpc.GrpcConfigKeys$Server (ConfUtils.java:logGet(43)) - raft.grpc.server.port = 0 (default)
2019-09-25 11:50:07,576 [main] INFO  server.GrpcService (ConfUtils.java:logGet(43)) - raft.grpc.message.size.max = 33570816 (custom)
2019-09-25 11:50:07,576 [main] INFO  server.RaftServerConfigKeys (ConfUtils.java:logGet(43)) - raft.server.log.appender.buffer.byte-limit = 33554432 (custom)
2019-09-25 11:50:07,576 [main] INFO  server.GrpcService (ConfUtils.java:logGet(43)) - raft.grpc.flow.control.window = 1MB (=1048576) (default)
2019-09-25 11:50:07,577 [main] INFO  server.RaftServerConfigKeys (ConfUtils.java:logGet(43)) - raft.server.rpc.request.timeout = 3000ms (default)
2019-09-25 11:50:07,577 [main] INFO  server.RaftServerConfigKeys (ConfUtils.java:logGet(43)) - raft.server.storage.dir = [/workdir/hadoop-ozone/ozonefs/target/test-dir/MiniOzoneClusterImpl-e6fda8ce-95ce-407e-bce9-2f736e2fb72c/datanode-0/data/ratis] (custom)
2019-09-25 11:50:07,581 [main] INFO  hdfs.DFSUtil (DFSUtil.java:httpServerTemplateForNNAndJN(1641)) - Starting Web-server for hddsDatanode at: http://0.0.0.0:0
2019-09-25 11:50:07,584 [main] INFO  server.AuthenticationFilter (AuthenticationFilter.java:constructSecretProvider(240)) - Unable to initialize FileSignerSecretProvider, falling back to use random secrets.
2019-09-25 11:50:07,584 [main] WARN  http.HttpRequestLog (HttpRequestLog.java:getRequestLog(97)) - Jetty request log can only be enabled using Log4j
2019-09-25 11:50:07,587 [main] INFO  http.HttpServer2 (HttpServer2.java:addGlobalFilter(975)) - Added global filter 'safety' (class=org.apache.hadoop.http.HttpServer2$QuotingInputFilter)
2019-09-25 11:50:07,588 [main] INFO  http.HttpServer2 (HttpServer2.java:addFilter(948)) - Added filter static_user_filter (class=org.apache.hadoop.http.lib.StaticUserWebFilter$StaticUserFilter) to context hddsDatanode
2019-09-25 11:50:07,588 [main] INFO  http.HttpServer2 (HttpServer2.java:addFilter(958)) - Added filter static_user_filter (class=org.apache.hadoop.http.lib.StaticUserWebFilter$StaticUserFilter) to context static
2019-09-25 11:50:07,588 [main] INFO  http.HttpServer2 (HttpServer2.java:addFilter(958)) - Added filter static_user_filter (class=org.apache.hadoop.http.lib.StaticUserWebFilter$StaticUserFilter) to context logs
2019-09-25 11:50:07,589 [main] INFO  http.HttpServer2 (HttpServer2.java:bindListener(1191)) - Jetty bound to port 37147
2019-09-25 11:50:07,590 [main] INFO  server.Server (Server.java:doStart(351)) - jetty-9.3.25.v20180904, build timestamp: 2018-09-04T21:11:46Z, git hash: 3ce520221d0240229c862b122d2b06c12a625732
2019-09-25 11:50:07,591 [main] INFO  handler.ContextHandler (ContextHandler.java:doStart(781)) - Started o.e.j.s.ServletContextHandler@62a6674f{/logs,file:///workdir/hadoop-ozone/ozonefs/target/log,AVAILABLE}
2019-09-25 11:50:07,592 [main] INFO  handler.ContextHandler (ContextHandler.java:doStart(781)) - Started o.e.j.s.ServletContextHandler@703fa45{/static,jar:file:/home/user/.m2/repository/org/apache/hadoop/hadoop-hdds-container-service/0.5.0-SNAPSHOT/hadoop-hdds-container-service-0.5.0-SNAPSHOT.jar!/webapps/static,AVAILABLE}
2019-09-25 11:50:07,633 [main] INFO  handler.ContextHandler (ContextHandler.java:doStart(781)) - Started o.e.j.w.WebAppContext@723e2d08{/,file:///tmp/jetty-0.0.0.0-37147-hddsDatanode-_-any-56307483282080891.dir/webapp/,AVAILABLE}{/hddsDatanode}
2019-09-25 11:50:07,634 [main] INFO  server.AbstractConnector (AbstractConnector.java:doStart(278)) - Started ServerConnector@6d4a82{HTTP/1.1,[http/1.1]}{0.0.0.0:37147}
2019-09-25 11:50:07,635 [main] INFO  server.Server (Server.java:doStart(419)) - Started @91223ms
2019-09-25 11:50:07,635 [main] WARN  impl.MetricsSystemImpl (MetricsSystemImpl.java:register(276)) - Sink prometheus already exists!
2019-09-25 11:50:07,636 [main] INFO  server.BaseHttpServer (BaseHttpServer.java:updateConnectorAddress(215)) - HTTP server of HDDSDATANODE is listening at http://0.0.0.0:37147
2019-09-25 11:50:07,636 [main] INFO  impl.MetricsSystemImpl (MetricsSystemImpl.java:init(158)) - HddsDatanode metrics system started (again)
2019-09-25 11:50:07,641 [org.apache.hadoop.util.JvmPauseMonitor$Monitor@545d1576] INFO  util.JvmPauseMonitor (JvmPauseMonitor.java:run(188)) - Starting JVM pause monitor
2019-09-25 11:50:07,641 [main] INFO  ozone.HddsDatanodeService (HddsDatanodeService.java:start(184)) - HddsDatanodeService host:pr-hdds-1569-5gmkr-4255264070 ip:192.168.30.6
2019-09-25 11:50:07,649 [main] INFO  volume.HddsVolume (HddsVolume.java:<init>(176)) - Creating Volume: /workdir/hadoop-ozone/ozonefs/target/test-dir/MiniOzoneClusterImpl-e6fda8ce-95ce-407e-bce9-2f736e2fb72c/datanode-1/data/containers/hdds of  storage type : DISK and capacity : 1482555576320
2019-09-25 11:50:07,649 [main] INFO  volume.VolumeSet (VolumeSet.java:initializeVolumeSet(170)) - Added Volume : /workdir/hadoop-ozone/ozonefs/target/test-dir/MiniOzoneClusterImpl-e6fda8ce-95ce-407e-bce9-2f736e2fb72c/datanode-1/data/containers/hdds to VolumeSet
2019-09-25 11:50:07,649 [main] INFO  volume.ThrottledAsyncChecker (ThrottledAsyncChecker.java:schedule(139)) - Scheduling a check for org.apache.hadoop.ozone.container.common.volume.HddsVolume@448462f0
2019-09-25 11:50:07,650 [main] INFO  volume.HddsVolumeChecker (HddsVolumeChecker.java:checkAllVolumes(202)) - Scheduled health check for volume org.apache.hadoop.ozone.container.common.volume.HddsVolume@448462f0
2019-09-25 11:50:07,651 [Datanode State Machine Thread - 0] INFO  datanode.InitDatanodeState (InitDatanodeState.java:persistContainerDatanodeDetails(140)) - DatanodeDetails is persisted to /workdir/hadoop-ozone/ozonefs/target/test-dir/MiniOzoneClusterImpl-e6fda8ce-95ce-407e-bce9-2f736e2fb72c/datanode-0/meta/datanode.id
2019-09-25 11:50:07,671 [main] INFO  impl.RaftServerProxy (ConfUtils.java:logGet(43)) - raft.rpc.type = GRPC (default)
2019-09-25 11:50:07,671 [main] INFO  grpc.GrpcFactory (GrpcFactory.java:checkPooledByteBufAllocatorUseCacheForAllThreads(45)) - PERFORMANCE WARNING: useCacheForAllThreads is true that may cause Netty to create a lot garbage objects and, as a result, trigger GC.
	It is recommended to disable useCacheForAllThreads by setting -Dorg.apache.ratis.thirdparty.io.netty.allocator.useCacheForAllThreads=false in command line.
2019-09-25 11:50:07,672 [main] INFO  grpc.GrpcConfigKeys$Server (ConfUtils.java:logGet(43)) - raft.grpc.server.port = 0 (default)
2019-09-25 11:50:07,672 [main] INFO  server.GrpcService (ConfUtils.java:logGet(43)) - raft.grpc.message.size.max = 33570816 (custom)
2019-09-25 11:50:07,672 [main] INFO  server.RaftServerConfigKeys (ConfUtils.java:logGet(43)) - raft.server.log.appender.buffer.byte-limit = 33554432 (custom)
2019-09-25 11:50:07,672 [main] INFO  server.GrpcService (ConfUtils.java:logGet(43)) - raft.grpc.flow.control.window = 1MB (=1048576) (default)
2019-09-25 11:50:07,672 [main] INFO  server.RaftServerConfigKeys (ConfUtils.java:logGet(43)) - raft.server.rpc.request.timeout = 3000ms (default)
2019-09-25 11:50:07,673 [main] INFO  server.RaftServerConfigKeys (ConfUtils.java:logGet(43)) - raft.server.storage.dir = [/workdir/hadoop-ozone/ozonefs/target/test-dir/MiniOzoneClusterImpl-e6fda8ce-95ce-407e-bce9-2f736e2fb72c/datanode-1/data/ratis] (custom)
2019-09-25 11:50:07,674 [main] INFO  hdfs.DFSUtil (DFSUtil.java:httpServerTemplateForNNAndJN(1641)) - Starting Web-server for hddsDatanode at: http://0.0.0.0:0
2019-09-25 11:50:07,676 [main] INFO  server.AuthenticationFilter (AuthenticationFilter.java:constructSecretProvider(240)) - Unable to initialize FileSignerSecretProvider, falling back to use random secrets.
2019-09-25 11:50:07,676 [main] WARN  http.HttpRequestLog (HttpRequestLog.java:getRequestLog(97)) - Jetty request log can only be enabled using Log4j
2019-09-25 11:50:07,678 [main] INFO  http.HttpServer2 (HttpServer2.java:addGlobalFilter(975)) - Added global filter 'safety' (class=org.apache.hadoop.http.HttpServer2$QuotingInputFilter)
2019-09-25 11:50:07,679 [main] INFO  http.HttpServer2 (HttpServer2.java:addFilter(948)) - Added filter static_user_filter (class=org.apache.hadoop.http.lib.StaticUserWebFilter$StaticUserFilter) to context hddsDatanode
2019-09-25 11:50:07,679 [main] INFO  http.HttpServer2 (HttpServer2.java:addFilter(958)) - Added filter static_user_filter (class=org.apache.hadoop.http.lib.StaticUserWebFilter$StaticUserFilter) to context static
2019-09-25 11:50:07,679 [main] INFO  http.HttpServer2 (HttpServer2.java:addFilter(958)) - Added filter static_user_filter (class=org.apache.hadoop.http.lib.StaticUserWebFilter$StaticUserFilter) to context logs
2019-09-25 11:50:07,680 [main] INFO  http.HttpServer2 (HttpServer2.java:bindListener(1191)) - Jetty bound to port 37872
2019-09-25 11:50:07,680 [main] INFO  server.Server (Server.java:doStart(351)) - jetty-9.3.25.v20180904, build timestamp: 2018-09-04T21:11:46Z, git hash: 3ce520221d0240229c862b122d2b06c12a625732
2019-09-25 11:50:07,681 [main] INFO  handler.ContextHandler (ContextHandler.java:doStart(781)) - Started o.e.j.s.ServletContextHandler@5ec9eefa{/logs,file:///workdir/hadoop-ozone/ozonefs/target/log,AVAILABLE}
2019-09-25 11:50:07,682 [main] INFO  handler.ContextHandler (ContextHandler.java:doStart(781)) - Started o.e.j.s.ServletContextHandler@3b4ef59f{/static,jar:file:/home/user/.m2/repository/org/apache/hadoop/hadoop-hdds-container-service/0.5.0-SNAPSHOT/hadoop-hdds-container-service-0.5.0-SNAPSHOT.jar!/webapps/static,AVAILABLE}
2019-09-25 11:50:07,710 [main] INFO  handler.ContextHandler (ContextHandler.java:doStart(781)) - Started o.e.j.w.WebAppContext@4f664bee{/,file:///tmp/jetty-0.0.0.0-37872-hddsDatanode-_-any-9192012553194014475.dir/webapp/,AVAILABLE}{/hddsDatanode}
2019-09-25 11:50:07,711 [main] INFO  server.AbstractConnector (AbstractConnector.java:doStart(278)) - Started ServerConnector@76563ae7{HTTP/1.1,[http/1.1]}{0.0.0.0:37872}
2019-09-25 11:50:07,712 [main] INFO  server.Server (Server.java:doStart(419)) - Started @91300ms
2019-09-25 11:50:07,713 [main] WARN  impl.MetricsSystemImpl (MetricsSystemImpl.java:register(276)) - Sink prometheus already exists!
2019-09-25 11:50:07,714 [main] INFO  server.BaseHttpServer (BaseHttpServer.java:updateConnectorAddress(215)) - HTTP server of HDDSDATANODE is listening at http://0.0.0.0:37872
2019-09-25 11:50:07,714 [main] INFO  impl.MetricsSystemImpl (MetricsSystemImpl.java:init(158)) - HddsDatanode metrics system started (again)
2019-09-25 11:50:07,720 [org.apache.hadoop.util.JvmPauseMonitor$Monitor@4c082438] INFO  util.JvmPauseMonitor (JvmPauseMonitor.java:run(188)) - Starting JVM pause monitor
2019-09-25 11:50:07,721 [Datanode State Machine Thread - 0] INFO  datanode.InitDatanodeState (InitDatanodeState.java:persistContainerDatanodeDetails(140)) - DatanodeDetails is persisted to /workdir/hadoop-ozone/ozonefs/target/test-dir/MiniOzoneClusterImpl-e6fda8ce-95ce-407e-bce9-2f736e2fb72c/datanode-1/meta/datanode.id
2019-09-25 11:50:07,721 [main] INFO  ozone.HddsDatanodeService (HddsDatanodeService.java:start(184)) - HddsDatanodeService host:pr-hdds-1569-5gmkr-4255264070 ip:192.168.30.6
2019-09-25 11:50:07,728 [main] INFO  volume.HddsVolume (HddsVolume.java:<init>(176)) - Creating Volume: /workdir/hadoop-ozone/ozonefs/target/test-dir/MiniOzoneClusterImpl-e6fda8ce-95ce-407e-bce9-2f736e2fb72c/datanode-2/data/containers/hdds of  storage type : DISK and capacity : 1482555576320
2019-09-25 11:50:07,728 [main] INFO  volume.VolumeSet (VolumeSet.java:initializeVolumeSet(170)) - Added Volume : /workdir/hadoop-ozone/ozonefs/target/test-dir/MiniOzoneClusterImpl-e6fda8ce-95ce-407e-bce9-2f736e2fb72c/datanode-2/data/containers/hdds to VolumeSet
2019-09-25 11:50:07,729 [main] INFO  volume.ThrottledAsyncChecker (ThrottledAsyncChecker.java:schedule(139)) - Scheduling a check for org.apache.hadoop.ozone.container.common.volume.HddsVolume@682e422c
2019-09-25 11:50:07,729 [main] INFO  volume.HddsVolumeChecker (HddsVolumeChecker.java:checkAllVolumes(202)) - Scheduled health check for volume org.apache.hadoop.ozone.container.common.volume.HddsVolume@682e422c
2019-09-25 11:50:07,755 [main] INFO  impl.RaftServerProxy (ConfUtils.java:logGet(43)) - raft.rpc.type = GRPC (default)
2019-09-25 11:50:07,755 [main] INFO  grpc.GrpcFactory (GrpcFactory.java:checkPooledByteBufAllocatorUseCacheForAllThreads(45)) - PERFORMANCE WARNING: useCacheForAllThreads is true that may cause Netty to create a lot garbage objects and, as a result, trigger GC.
	It is recommended to disable useCacheForAllThreads by setting -Dorg.apache.ratis.thirdparty.io.netty.allocator.useCacheForAllThreads=false in command line.
2019-09-25 11:50:07,756 [main] INFO  grpc.GrpcConfigKeys$Server (ConfUtils.java:logGet(43)) - raft.grpc.server.port = 0 (default)
2019-09-25 11:50:07,756 [main] INFO  server.GrpcService (ConfUtils.java:logGet(43)) - raft.grpc.message.size.max = 33570816 (custom)
2019-09-25 11:50:07,756 [main] INFO  server.RaftServerConfigKeys (ConfUtils.java:logGet(43)) - raft.server.log.appender.buffer.byte-limit = 33554432 (custom)
2019-09-25 11:50:07,756 [main] INFO  server.GrpcService (ConfUtils.java:logGet(43)) - raft.grpc.flow.control.window = 1MB (=1048576) (default)
2019-09-25 11:50:07,757 [main] INFO  server.RaftServerConfigKeys (ConfUtils.java:logGet(43)) - raft.server.rpc.request.timeout = 3000ms (default)
2019-09-25 11:50:07,757 [main] INFO  server.RaftServerConfigKeys (ConfUtils.java:logGet(43)) - raft.server.storage.dir = [/workdir/hadoop-ozone/ozonefs/target/test-dir/MiniOzoneClusterImpl-e6fda8ce-95ce-407e-bce9-2f736e2fb72c/datanode-2/data/ratis] (custom)
2019-09-25 11:50:07,758 [main] INFO  hdfs.DFSUtil (DFSUtil.java:httpServerTemplateForNNAndJN(1641)) - Starting Web-server for hddsDatanode at: http://0.0.0.0:0
2019-09-25 11:50:07,760 [main] INFO  server.AuthenticationFilter (AuthenticationFilter.java:constructSecretProvider(240)) - Unable to initialize FileSignerSecretProvider, falling back to use random secrets.
2019-09-25 11:50:07,761 [main] WARN  http.HttpRequestLog (HttpRequestLog.java:getRequestLog(97)) - Jetty request log can only be enabled using Log4j
2019-09-25 11:50:07,763 [main] INFO  http.HttpServer2 (HttpServer2.java:addGlobalFilter(975)) - Added global filter 'safety' (class=org.apache.hadoop.http.HttpServer2$QuotingInputFilter)
2019-09-25 11:50:07,763 [main] INFO  http.HttpServer2 (HttpServer2.java:addFilter(948)) - Added filter static_user_filter (class=org.apache.hadoop.http.lib.StaticUserWebFilter$StaticUserFilter) to context hddsDatanode
2019-09-25 11:50:07,764 [main] INFO  http.HttpServer2 (HttpServer2.java:addFilter(958)) - Added filter static_user_filter (class=org.apache.hadoop.http.lib.StaticUserWebFilter$StaticUserFilter) to context static
2019-09-25 11:50:07,764 [main] INFO  http.HttpServer2 (HttpServer2.java:addFilter(958)) - Added filter static_user_filter (class=org.apache.hadoop.http.lib.StaticUserWebFilter$StaticUserFilter) to context logs
2019-09-25 11:50:07,765 [main] INFO  http.HttpServer2 (HttpServer2.java:bindListener(1191)) - Jetty bound to port 43170
2019-09-25 11:50:07,765 [main] INFO  server.Server (Server.java:doStart(351)) - jetty-9.3.25.v20180904, build timestamp: 2018-09-04T21:11:46Z, git hash: 3ce520221d0240229c862b122d2b06c12a625732
2019-09-25 11:50:07,766 [main] INFO  handler.ContextHandler (ContextHandler.java:doStart(781)) - Started o.e.j.s.ServletContextHandler@28768e25{/logs,file:///workdir/hadoop-ozone/ozonefs/target/log,AVAILABLE}
2019-09-25 11:50:07,767 [main] INFO  handler.ContextHandler (ContextHandler.java:doStart(781)) - Started o.e.j.s.ServletContextHandler@143fefaf{/static,jar:file:/home/user/.m2/repository/org/apache/hadoop/hadoop-hdds-container-service/0.5.0-SNAPSHOT/hadoop-hdds-container-service-0.5.0-SNAPSHOT.jar!/webapps/static,AVAILABLE}
2019-09-25 11:50:07,802 [main] INFO  handler.ContextHandler (ContextHandler.java:doStart(781)) - Started o.e.j.w.WebAppContext@36478bce{/,file:///tmp/jetty-0.0.0.0-43170-hddsDatanode-_-any-7154108794957197274.dir/webapp/,AVAILABLE}{/hddsDatanode}
2019-09-25 11:50:07,802 [main] INFO  server.AbstractConnector (AbstractConnector.java:doStart(278)) - Started ServerConnector@c48b543{HTTP/1.1,[http/1.1]}{0.0.0.0:43170}
2019-09-25 11:50:07,804 [main] INFO  server.Server (Server.java:doStart(419)) - Started @91392ms
2019-09-25 11:50:07,804 [main] WARN  impl.MetricsSystemImpl (MetricsSystemImpl.java:register(276)) - Sink prometheus already exists!
2019-09-25 11:50:07,805 [main] INFO  server.BaseHttpServer (BaseHttpServer.java:updateConnectorAddress(215)) - HTTP server of HDDSDATANODE is listening at http://0.0.0.0:43170
2019-09-25 11:50:07,805 [main] INFO  ozone.MiniOzoneClusterImpl (MiniOzoneClusterImpl.java:lambda$waitForClusterToBeReady$0(147)) - Waiting for cluster to be ready. Got 0 of 3 DN Heartbeats.
2019-09-25 11:50:07,806 [org.apache.hadoop.util.JvmPauseMonitor$Monitor@4548c2fd] INFO  util.JvmPauseMonitor (JvmPauseMonitor.java:run(188)) - Starting JVM pause monitor
2019-09-25 11:50:07,808 [Datanode State Machine Thread - 0] INFO  datanode.InitDatanodeState (InitDatanodeState.java:persistContainerDatanodeDetails(140)) - DatanodeDetails is persisted to /workdir/hadoop-ozone/ozonefs/target/test-dir/MiniOzoneClusterImpl-e6fda8ce-95ce-407e-bce9-2f736e2fb72c/datanode-2/meta/datanode.id
2019-09-25 11:50:08,805 [main] INFO  ozone.MiniOzoneClusterImpl (MiniOzoneClusterImpl.java:lambda$waitForClusterToBeReady$0(147)) - Waiting for cluster to be ready. Got 0 of 3 DN Heartbeats.
2019-09-25 11:50:09,662 [Datanode State Machine Thread - 0] INFO  ozoneimpl.OzoneContainer (OzoneContainer.java:start(217)) - Attempting to start container services.
2019-09-25 11:50:09,665 [Datanode State Machine Thread - 0] INFO  ozoneimpl.OzoneContainer (OzoneContainer.java:startContainerScrub(179)) - Background container scanner has been disabled.
2019-09-25 11:50:09,665 [Datanode State Machine Thread - 0] INFO  ratis.XceiverServerRatis (XceiverServerRatis.java:start(411)) - Starting XceiverServerRatis 0b04bb08-988e-4c11-bb19-b8e35e208749 at port 0
2019-09-25 11:50:09,673 [Datanode State Machine Thread - 0] INFO  impl.RaftServerProxy (RaftServerProxy.java:lambda$start$3(299)) - 0b04bb08-988e-4c11-bb19-b8e35e208749: start RPC server
2019-09-25 11:50:09,675 [Datanode State Machine Thread - 0] INFO  server.GrpcService (GrpcService.java:startImpl(158)) - 0b04bb08-988e-4c11-bb19-b8e35e208749: GrpcService started, listening on 0.0.0.0/0.0.0.0:40238
2019-09-25 11:50:09,676 [Datanode State Machine Thread - 0] INFO  ratis.XceiverServerRatis (XceiverServerRatis.java:start(421)) - XceiverServerRatis 0b04bb08-988e-4c11-bb19-b8e35e208749 is started using port 40238
2019-09-25 11:50:09,678 [Datanode State Machine Thread - 0] INFO  server.XceiverServerGrpc (XceiverServerGrpc.java:start(149)) - XceiverServerGrpc 0b04bb08-988e-4c11-bb19-b8e35e208749 is started using port 45462
2019-09-25 11:50:09,735 [Datanode State Machine Thread - 0] INFO  ozoneimpl.OzoneContainer (OzoneContainer.java:start(217)) - Attempting to start container services.
2019-09-25 11:50:09,736 [Datanode State Machine Thread - 0] INFO  ozoneimpl.OzoneContainer (OzoneContainer.java:startContainerScrub(179)) - Background container scanner has been disabled.
2019-09-25 11:50:09,736 [Datanode State Machine Thread - 0] INFO  ratis.XceiverServerRatis (XceiverServerRatis.java:start(411)) - Starting XceiverServerRatis d0142895-3600-4281-b367-196d2d0762b5 at port 0
2019-09-25 11:50:09,741 [Datanode State Machine Thread - 0] INFO  impl.RaftServerProxy (RaftServerProxy.java:lambda$start$3(299)) - d0142895-3600-4281-b367-196d2d0762b5: start RPC server
2019-09-25 11:50:09,742 [Datanode State Machine Thread - 0] INFO  server.GrpcService (GrpcService.java:startImpl(158)) - d0142895-3600-4281-b367-196d2d0762b5: GrpcService started, listening on 0.0.0.0/0.0.0.0:37045
2019-09-25 11:50:09,742 [Datanode State Machine Thread - 0] INFO  ratis.XceiverServerRatis (XceiverServerRatis.java:start(421)) - XceiverServerRatis d0142895-3600-4281-b367-196d2d0762b5 is started using port 37045
2019-09-25 11:50:09,743 [Datanode State Machine Thread - 0] INFO  server.XceiverServerGrpc (XceiverServerGrpc.java:start(149)) - XceiverServerGrpc d0142895-3600-4281-b367-196d2d0762b5 is started using port 42174
2019-09-25 11:50:09,806 [main] INFO  ozone.MiniOzoneClusterImpl (MiniOzoneClusterImpl.java:lambda$waitForClusterToBeReady$0(147)) - Waiting for cluster to be ready. Got 0 of 3 DN Heartbeats.
2019-09-25 11:50:09,821 [Datanode State Machine Thread - 0] INFO  ozoneimpl.OzoneContainer (OzoneContainer.java:start(217)) - Attempting to start container services.
2019-09-25 11:50:09,822 [Datanode State Machine Thread - 0] INFO  ozoneimpl.OzoneContainer (OzoneContainer.java:startContainerScrub(179)) - Background container scanner has been disabled.
2019-09-25 11:50:09,822 [Datanode State Machine Thread - 0] INFO  ratis.XceiverServerRatis (XceiverServerRatis.java:start(411)) - Starting XceiverServerRatis e37a6a86-ba01-4b78-8a19-1770b3bcf624 at port 0
2019-09-25 11:50:09,828 [Datanode State Machine Thread - 0] INFO  impl.RaftServerProxy (RaftServerProxy.java:lambda$start$3(299)) - e37a6a86-ba01-4b78-8a19-1770b3bcf624: start RPC server
2019-09-25 11:50:09,830 [Datanode State Machine Thread - 0] INFO  server.GrpcService (GrpcService.java:startImpl(158)) - e37a6a86-ba01-4b78-8a19-1770b3bcf624: GrpcService started, listening on 0.0.0.0/0.0.0.0:33872
2019-09-25 11:50:09,830 [Datanode State Machine Thread - 0] INFO  ratis.XceiverServerRatis (XceiverServerRatis.java:start(421)) - XceiverServerRatis e37a6a86-ba01-4b78-8a19-1770b3bcf624 is started using port 33872
2019-09-25 11:50:09,831 [Datanode State Machine Thread - 0] INFO  server.XceiverServerGrpc (XceiverServerGrpc.java:start(149)) - XceiverServerGrpc e37a6a86-ba01-4b78-8a19-1770b3bcf624 is started using port 33032
2019-09-25 11:50:10,806 [main] INFO  ozone.MiniOzoneClusterImpl (MiniOzoneClusterImpl.java:lambda$waitForClusterToBeReady$0(147)) - Waiting for cluster to be ready. Got 0 of 3 DN Heartbeats.
2019-09-25 11:50:11,646 [IPC Server handler 1 on 36184] INFO  net.NetworkTopology (NetworkTopologyImpl.java:add(111)) - Added a new node: /default-rack/0b04bb08-988e-4c11-bb19-b8e35e208749
2019-09-25 11:50:11,648 [IPC Server handler 1 on 36184] INFO  node.SCMNodeManager (SCMNodeManager.java:register(266)) - Registered Data node : 0b04bb08-988e-4c11-bb19-b8e35e208749{ip: 192.168.30.6, host: pr-hdds-1569-5gmkr-4255264070, networkLocation: /default-rack, certSerialId: null}
2019-09-25 11:50:11,649 [EventQueue-NodeRegistrationContainerReportForDataNodeSafeModeRule] INFO  safemode.SCMSafeModeManager (DataNodeSafeModeRule.java:process(71)) - SCM in safe mode. 1 DataNodes registered, 1 required.
2019-09-25 11:50:11,651 [EventQueue-NodeRegistrationContainerReportForDataNodeSafeModeRule] INFO  safemode.SCMSafeModeManager (SCMSafeModeManager.java:validateSafeModeExitRules(177)) - ScmSafeModeManager, all rules are successfully validated
2019-09-25 11:50:11,651 [EventQueue-NodeRegistrationContainerReportForDataNodeSafeModeRule] INFO  safemode.SCMSafeModeManager (SCMSafeModeManager.java:exitSafeMode(193)) - SCM exiting safe mode.
2019-09-25 11:50:11,659 [grpc-default-executor-0] INFO  impl.RaftServerProxy (RaftServerProxy.java:addNew(89)) - 0b04bb08-988e-4c11-bb19-b8e35e208749: addNew group-7489705671C6:[0b04bb08-988e-4c11-bb19-b8e35e208749:192.168.30.6:40238] returns group-7489705671C6:java.util.concurrent.CompletableFuture@1e7dbea0[Not completed]
2019-09-25 11:50:11,660 [pool-277-thread-1] INFO  impl.RaftServerImpl (RaftServerImpl.java:<init>(95)) - 0b04bb08-988e-4c11-bb19-b8e35e208749: new RaftServerImpl for group-7489705671C6:[0b04bb08-988e-4c11-bb19-b8e35e208749:192.168.30.6:40238] with ContainerStateMachine:uninitialized
2019-09-25 11:50:11,661 [pool-277-thread-1] INFO  server.RaftServerConfigKeys (ConfUtils.java:logGet(43)) - raft.server.rpc.timeout.min = 5s (custom)
2019-09-25 11:50:11,661 [pool-277-thread-1] INFO  server.RaftServerConfigKeys (ConfUtils.java:logGet(43)) - raft.server.rpc.timeout.max = 5200ms (custom)
2019-09-25 11:50:11,661 [pool-277-thread-1] INFO  server.RaftServerConfigKeys (ConfUtils.java:logGet(43)) - raft.server.rpcslowness.timeout = 120s (custom)
2019-09-25 11:50:11,661 [pool-277-thread-1] INFO  server.RaftServerConfigKeys (ConfUtils.java:logGet(43)) - raft.server.sleep.deviation.threshold = 300 (default)
2019-09-25 11:50:11,661 [pool-277-thread-1] INFO  server.RaftServerConfigKeys (ConfUtils.java:logGet(43)) - raft.server.log.appender.install.snapshot.enabled = false (custom)
2019-09-25 11:50:11,661 [pool-277-thread-1] INFO  impl.RaftServerImpl (ServerState.java:<init>(103)) - 0b04bb08-988e-4c11-bb19-b8e35e208749@group-7489705671C6: ConfigurationManager, init=-1: [0b04bb08-988e-4c11-bb19-b8e35e208749:192.168.30.6:40238], old=null, confs=<EMPTY_MAP>
2019-09-25 11:50:11,662 [pool-277-thread-1] INFO  server.RaftServerConfigKeys (ConfUtils.java:logGet(43)) - raft.server.storage.dir = [/workdir/hadoop-ozone/ozonefs/target/test-dir/MiniOzoneClusterImpl-e6fda8ce-95ce-407e-bce9-2f736e2fb72c/datanode-0/data/ratis] (custom)
2019-09-25 11:50:11,662 [pool-277-thread-1] INFO  storage.RaftStorageDirectory (RaftStorageDirectory.java:analyzeStorage(246)) - The storage directory /workdir/hadoop-ozone/ozonefs/target/test-dir/MiniOzoneClusterImpl-e6fda8ce-95ce-407e-bce9-2f736e2fb72c/datanode-0/data/ratis/5a050fee-ef37-4842-a9d6-7489705671c6 does not exist. Creating ...
2019-09-25 11:50:11,676 [pool-277-thread-1] INFO  storage.RaftStorageDirectory (RaftStorageDirectory.java:tryLock(328)) - Lock on /workdir/hadoop-ozone/ozonefs/target/test-dir/MiniOzoneClusterImpl-e6fda8ce-95ce-407e-bce9-2f736e2fb72c/datanode-0/data/ratis/5a050fee-ef37-4842-a9d6-7489705671c6/in_use.lock acquired by nodename 16435@pr-hdds-1569-5gmkr-4255264070
2019-09-25 11:50:11,690 [pool-277-thread-1] INFO  storage.RaftStorage (RaftStorage.java:format(72)) - Storage directory /workdir/hadoop-ozone/ozonefs/target/test-dir/MiniOzoneClusterImpl-e6fda8ce-95ce-407e-bce9-2f736e2fb72c/datanode-0/data/ratis/5a050fee-ef37-4842-a9d6-7489705671c6 has been successfully formatted.
2019-09-25 11:50:11,690 [pool-277-thread-1] INFO  ratis.ContainerStateMachine (ContainerStateMachine.java:loadSnapshot(230)) - group-7489705671C6: The snapshot info is null. Setting the last applied indexto:(t:0, i:~)
2019-09-25 11:50:11,690 [pool-277-thread-1] INFO  server.RaftServerConfigKeys (ConfUtils.java:logGet(43)) - raft.server.notification.no-leader.timeout = 120s (custom)
2019-09-25 11:50:11,691 [pool-277-thread-1] INFO  server.RaftServerConfigKeys (ConfUtils.java:logGet(43)) - raft.server.log.use.memory = false (default)
2019-09-25 11:50:11,691 [pool-277-thread-1] INFO  server.RaftServerConfigKeys (ConfUtils.java:logGet(43)) - raft.server.log.purge.gap = 1000000 (custom)
2019-09-25 11:50:11,691 [pool-277-thread-1] INFO  server.RaftServerConfigKeys (ConfUtils.java:logGet(43)) - raft.server.log.appender.buffer.byte-limit = 33554432 (custom)
2019-09-25 11:50:11,691 [pool-277-thread-1] INFO  server.RaftServerConfigKeys (ConfUtils.java:logGet(43)) - raft.server.log.segment.size.max = 1048576 (custom)
2019-09-25 11:50:11,691 [pool-277-thread-1] INFO  server.RaftServerConfigKeys (ConfUtils.java:logGet(43)) - raft.server.log.segment.cache.num.max = 2 (custom)
2019-09-25 11:50:11,691 [pool-277-thread-1] INFO  segmented.SegmentedRaftLogWorker (SegmentedRaftLogWorker.java:<init>(172)) - new 0b04bb08-988e-4c11-bb19-b8e35e208749@group-7489705671C6-SegmentedRaftLogWorker for RaftStorage:Storage Directory /workdir/hadoop-ozone/ozonefs/target/test-dir/MiniOzoneClusterImpl-e6fda8ce-95ce-407e-bce9-2f736e2fb72c/datanode-0/data/ratis/5a050fee-ef37-4842-a9d6-7489705671c6
2019-09-25 11:50:11,693 [pool-277-thread-1] INFO  server.RaftServerConfigKeys (ConfUtils.java:logGet(43)) - raft.server.log.queue.byte-limit = 2147483647 (custom)
2019-09-25 11:50:11,693 [pool-277-thread-1] INFO  server.RaftServerConfigKeys (ConfUtils.java:logGet(43)) - raft.server.log.queue.element-limit = 1024 (custom)
2019-09-25 11:50:11,694 [pool-277-thread-1] INFO  server.RaftServerConfigKeys (ConfUtils.java:logGet(43)) - raft.server.log.segment.size.max = 1048576 (custom)
2019-09-25 11:50:11,694 [pool-277-thread-1] INFO  server.RaftServerConfigKeys (ConfUtils.java:logGet(43)) - raft.server.log.preallocated.size = 16384 (custom)
2019-09-25 11:50:11,694 [pool-277-thread-1] INFO  server.RaftServerConfigKeys (ConfUtils.java:logGet(43)) - raft.server.log.write.buffer.size = 33554432 (custom)
2019-09-25 11:50:11,694 [pool-277-thread-1] INFO  server.RaftServerConfigKeys (ConfUtils.java:logGet(43)) - raft.server.log.force.sync.num = 128 (default)
2019-09-25 11:50:11,694 [pool-277-thread-1] INFO  server.RaftServerConfigKeys (ConfUtils.java:logGet(43)) - raft.server.log.statemachine.data.sync = true (default)
2019-09-25 11:50:11,694 [pool-277-thread-1] INFO  server.RaftServerConfigKeys (ConfUtils.java:logGet(43)) - raft.server.log.statemachine.data.sync.timeout = 10s (default)
2019-09-25 11:50:11,694 [pool-277-thread-1] INFO  server.RaftServerConfigKeys (ConfUtils.java:logGet(43)) - raft.server.log.statemachine.data.sync.timeout.retry = -1 (default)
2019-09-25 11:50:11,695 [pool-277-thread-1] INFO  server.RaftServerConfigKeys (ConfUtils.java:logGet(43)) - raft.server.log.statemachine.data.caching.enabled = true (custom)
2019-09-25 11:50:11,695 [pool-277-thread-1] INFO  segmented.SegmentedRaftLogWorker (SegmentedRaftLogWorker.java:lambda$new$0(132)) - 0b04bb08-988e-4c11-bb19-b8e35e208749@group-7489705671C6-SegmentedRaftLogWorker: flushIndex: setUnconditionally 0 -> -1
2019-09-25 11:50:11,695 [pool-277-thread-1] INFO  server.RaftServerConfigKeys (ConfUtils.java:logGet(43)) - raft.server.snapshot.auto.trigger.enabled = true (custom)
2019-09-25 11:50:11,696 [pool-277-thread-1] INFO  server.RaftServerConfigKeys (ConfUtils.java:logGet(43)) - raft.server.snapshot.auto.trigger.threshold = 10000 (custom)
2019-09-25 11:50:11,696 [pool-277-thread-1] INFO  server.RaftServerConfigKeys (ConfUtils.java:logGet(43)) - raft.server.snapshot.retention.num.files = 5 (custom)
2019-09-25 11:50:11,696 [pool-277-thread-1] INFO  server.RaftServerConfigKeys (ConfUtils.java:logGet(43)) - raft.server.retrycache.expirytime = 600000ms (custom)
2019-09-25 11:50:11,698 [pool-277-thread-1] INFO  impl.RaftServerImpl (RaftServerImpl.java:start(185)) - 0b04bb08-988e-4c11-bb19-b8e35e208749@group-7489705671C6: start as a follower, conf=-1: [0b04bb08-988e-4c11-bb19-b8e35e208749:192.168.30.6:40238], old=null
2019-09-25 11:50:11,698 [pool-277-thread-1] INFO  impl.RaftServerImpl (RaftServerImpl.java:setRole(174)) - 0b04bb08-988e-4c11-bb19-b8e35e208749@group-7489705671C6: changes role from      null to FOLLOWER at term 0 for startAsFollower
2019-09-25 11:50:11,698 [pool-277-thread-1] INFO  impl.RoleInfo (RoleInfo.java:updateAndGet(143)) - 0b04bb08-988e-4c11-bb19-b8e35e208749: start FollowerState
2019-09-25 11:50:11,698 [pool-277-thread-1] INFO  util.JmxRegister (JmxRegister.java:tryRegister(44)) - Successfully registered JMX Bean with object name Ratis:service=RaftServer,group=group-7489705671C6,id=0b04bb08-988e-4c11-bb19-b8e35e208749
2019-09-25 11:50:11,701 [RatisPipelineUtilsThread] INFO  pipeline.PipelineStateManager (PipelineStateManager.java:addPipeline(56)) - Created pipeline Pipeline[ Id: 5a050fee-ef37-4842-a9d6-7489705671c6, Nodes: 0b04bb08-988e-4c11-bb19-b8e35e208749{ip: 192.168.30.6, host: pr-hdds-1569-5gmkr-4255264070, networkLocation: /default-rack, certSerialId: null}, Type:RATIS, Factor:ONE, State:OPEN]
2019-09-25 11:50:11,705 [grpc-default-executor-0] INFO  impl.RaftServerProxy (RaftServerProxy.java:addNew(89)) - 0b04bb08-988e-4c11-bb19-b8e35e208749: addNew group-D875283FD36B:[0b04bb08-988e-4c11-bb19-b8e35e208749:192.168.30.6:40238] returns group-D875283FD36B:java.util.concurrent.CompletableFuture@2f29a279[Not completed]
2019-09-25 11:50:11,706 [pool-277-thread-1] INFO  impl.RaftServerImpl (RaftServerImpl.java:<init>(95)) - 0b04bb08-988e-4c11-bb19-b8e35e208749: new RaftServerImpl for group-D875283FD36B:[0b04bb08-988e-4c11-bb19-b8e35e208749:192.168.30.6:40238] with ContainerStateMachine:uninitialized
2019-09-25 11:50:11,706 [pool-277-thread-1] INFO  server.RaftServerConfigKeys (ConfUtils.java:logGet(43)) - raft.server.rpc.timeout.min = 5s (custom)
2019-09-25 11:50:11,707 [pool-277-thread-1] INFO  server.RaftServerConfigKeys (ConfUtils.java:logGet(43)) - raft.server.rpc.timeout.max = 5200ms (custom)
2019-09-25 11:50:11,707 [pool-277-thread-1] INFO  server.RaftServerConfigKeys (ConfUtils.java:logGet(43)) - raft.server.rpcslowness.timeout = 120s (custom)
2019-09-25 11:50:11,707 [pool-277-thread-1] INFO  server.RaftServerConfigKeys (ConfUtils.java:logGet(43)) - raft.server.sleep.deviation.threshold = 300 (default)
2019-09-25 11:50:11,707 [pool-277-thread-1] INFO  server.RaftServerConfigKeys (ConfUtils.java:logGet(43)) - raft.server.log.appender.install.snapshot.enabled = false (custom)
2019-09-25 11:50:11,707 [pool-277-thread-1] INFO  impl.RaftServerImpl (ServerState.java:<init>(103)) - 0b04bb08-988e-4c11-bb19-b8e35e208749@group-D875283FD36B: ConfigurationManager, init=-1: [0b04bb08-988e-4c11-bb19-b8e35e208749:192.168.30.6:40238], old=null, confs=<EMPTY_MAP>
2019-09-25 11:50:11,707 [pool-277-thread-1] INFO  server.RaftServerConfigKeys (ConfUtils.java:logGet(43)) - raft.server.storage.dir = [/workdir/hadoop-ozone/ozonefs/target/test-dir/MiniOzoneClusterImpl-e6fda8ce-95ce-407e-bce9-2f736e2fb72c/datanode-0/data/ratis] (custom)
2019-09-25 11:50:11,708 [pool-277-thread-1] INFO  storage.RaftStorageDirectory (RaftStorageDirectory.java:analyzeStorage(246)) - The storage directory /workdir/hadoop-ozone/ozonefs/target/test-dir/MiniOzoneClusterImpl-e6fda8ce-95ce-407e-bce9-2f736e2fb72c/datanode-0/data/ratis/554de664-176d-4387-8c0c-d875283fd36b does not exist. Creating ...
2019-09-25 11:50:11,720 [IPC Server handler 2 on 36184] INFO  net.NetworkTopology (NetworkTopologyImpl.java:add(111)) - Added a new node: /default-rack/d0142895-3600-4281-b367-196d2d0762b5
2019-09-25 11:50:11,721 [IPC Server handler 2 on 36184] INFO  node.SCMNodeManager (SCMNodeManager.java:register(266)) - Registered Data node : d0142895-3600-4281-b367-196d2d0762b5{ip: 192.168.30.6, host: pr-hdds-1569-5gmkr-4255264070, networkLocation: /default-rack, certSerialId: null}
2019-09-25 11:50:11,721 [pool-277-thread-1] INFO  storage.RaftStorageDirectory (RaftStorageDirectory.java:tryLock(328)) - Lock on /workdir/hadoop-ozone/ozonefs/target/test-dir/MiniOzoneClusterImpl-e6fda8ce-95ce-407e-bce9-2f736e2fb72c/datanode-0/data/ratis/554de664-176d-4387-8c0c-d875283fd36b/in_use.lock acquired by nodename 16435@pr-hdds-1569-5gmkr-4255264070
2019-09-25 11:50:11,735 [pool-277-thread-1] INFO  storage.RaftStorage (RaftStorage.java:format(72)) - Storage directory /workdir/hadoop-ozone/ozonefs/target/test-dir/MiniOzoneClusterImpl-e6fda8ce-95ce-407e-bce9-2f736e2fb72c/datanode-0/data/ratis/554de664-176d-4387-8c0c-d875283fd36b has been successfully formatted.
2019-09-25 11:50:11,735 [pool-277-thread-1] INFO  ratis.ContainerStateMachine (ContainerStateMachine.java:loadSnapshot(230)) - group-D875283FD36B: The snapshot info is null. Setting the last applied indexto:(t:0, i:~)
2019-09-25 11:50:11,735 [pool-277-thread-1] INFO  server.RaftServerConfigKeys (ConfUtils.java:logGet(43)) - raft.server.notification.no-leader.timeout = 120s (custom)
2019-09-25 11:50:11,735 [pool-277-thread-1] INFO  server.RaftServerConfigKeys (ConfUtils.java:logGet(43)) - raft.server.log.use.memory = false (default)
2019-09-25 11:50:11,736 [pool-277-thread-1] INFO  server.RaftServerConfigKeys (ConfUtils.java:logGet(43)) - raft.server.log.purge.gap = 1000000 (custom)
2019-09-25 11:50:11,736 [pool-277-thread-1] INFO  server.RaftServerConfigKeys (ConfUtils.java:logGet(43)) - raft.server.log.appender.buffer.byte-limit = 33554432 (custom)
2019-09-25 11:50:11,736 [pool-277-thread-1] INFO  server.RaftServerConfigKeys (ConfUtils.java:logGet(43)) - raft.server.log.segment.size.max = 1048576 (custom)
2019-09-25 11:50:11,736 [pool-277-thread-1] INFO  server.RaftServerConfigKeys (ConfUtils.java:logGet(43)) - raft.server.log.segment.cache.num.max = 2 (custom)
2019-09-25 11:50:11,736 [pool-277-thread-1] INFO  segmented.SegmentedRaftLogWorker (SegmentedRaftLogWorker.java:<init>(172)) - new 0b04bb08-988e-4c11-bb19-b8e35e208749@group-D875283FD36B-SegmentedRaftLogWorker for RaftStorage:Storage Directory /workdir/hadoop-ozone/ozonefs/target/test-dir/MiniOzoneClusterImpl-e6fda8ce-95ce-407e-bce9-2f736e2fb72c/datanode-0/data/ratis/554de664-176d-4387-8c0c-d875283fd36b
2019-09-25 11:50:11,736 [pool-277-thread-1] INFO  server.RaftServerConfigKeys (ConfUtils.java:logGet(43)) - raft.server.log.queue.byte-limit = 2147483647 (custom)
2019-09-25 11:50:11,736 [pool-277-thread-1] INFO  server.RaftServerConfigKeys (ConfUtils.java:logGet(43)) - raft.server.log.queue.element-limit = 1024 (custom)
2019-09-25 11:50:11,737 [pool-277-thread-1] INFO  server.RaftServerConfigKeys (ConfUtils.java:logGet(43)) - raft.server.log.segment.size.max = 1048576 (custom)
2019-09-25 11:50:11,737 [pool-277-thread-1] INFO  server.RaftServerConfigKeys (ConfUtils.java:logGet(43)) - raft.server.log.preallocated.size = 16384 (custom)
2019-09-25 11:50:11,737 [pool-277-thread-1] INFO  server.RaftServerConfigKeys (ConfUtils.java:logGet(43)) - raft.server.log.write.buffer.size = 33554432 (custom)
2019-09-25 11:50:11,737 [pool-277-thread-1] INFO  server.RaftServerConfigKeys (ConfUtils.java:logGet(43)) - raft.server.log.force.sync.num = 128 (default)
2019-09-25 11:50:11,737 [pool-277-thread-1] INFO  server.RaftServerConfigKeys (ConfUtils.java:logGet(43)) - raft.server.log.statemachine.data.sync = true (default)
2019-09-25 11:50:11,737 [pool-277-thread-1] INFO  server.RaftServerConfigKeys (ConfUtils.java:logGet(43)) - raft.server.log.statemachine.data.sync.timeout = 10s (default)
2019-09-25 11:50:11,737 [pool-277-thread-1] INFO  server.RaftServerConfigKeys (ConfUtils.java:logGet(43)) - raft.server.log.statemachine.data.sync.timeout.retry = -1 (default)
2019-09-25 11:50:11,737 [pool-277-thread-1] INFO  server.RaftServerConfigKeys (ConfUtils.java:logGet(43)) - raft.server.log.statemachine.data.caching.enabled = true (custom)
2019-09-25 11:50:11,738 [pool-277-thread-1] INFO  segmented.SegmentedRaftLogWorker (SegmentedRaftLogWorker.java:lambda$new$0(132)) - 0b04bb08-988e-4c11-bb19-b8e35e208749@group-D875283FD36B-SegmentedRaftLogWorker: flushIndex: setUnconditionally 0 -> -1
2019-09-25 11:50:11,738 [pool-277-thread-1] INFO  server.RaftServerConfigKeys (ConfUtils.java:logGet(43)) - raft.server.snapshot.auto.trigger.enabled = true (custom)
2019-09-25 11:50:11,738 [pool-277-thread-1] INFO  server.RaftServerConfigKeys (ConfUtils.java:logGet(43)) - raft.server.snapshot.auto.trigger.threshold = 10000 (custom)
2019-09-25 11:50:11,738 [pool-277-thread-1] INFO  server.RaftServerConfigKeys (ConfUtils.java:logGet(43)) - raft.server.snapshot.retention.num.files = 5 (custom)
2019-09-25 11:50:11,739 [pool-277-thread-1] INFO  server.RaftServerConfigKeys (ConfUtils.java:logGet(43)) - raft.server.retrycache.expirytime = 600000ms (custom)
2019-09-25 11:50:11,740 [pool-277-thread-1] INFO  impl.RaftServerImpl (RaftServerImpl.java:start(185)) - 0b04bb08-988e-4c11-bb19-b8e35e208749@group-D875283FD36B: start as a follower, conf=-1: [0b04bb08-988e-4c11-bb19-b8e35e208749:192.168.30.6:40238], old=null
2019-09-25 11:50:11,741 [pool-277-thread-1] INFO  impl.RaftServerImpl (RaftServerImpl.java:setRole(174)) - 0b04bb08-988e-4c11-bb19-b8e35e208749@group-D875283FD36B: changes role from      null to FOLLOWER at term 0 for startAsFollower
2019-09-25 11:50:11,741 [pool-277-thread-1] INFO  impl.RoleInfo (RoleInfo.java:updateAndGet(143)) - 0b04bb08-988e-4c11-bb19-b8e35e208749: start FollowerState
2019-09-25 11:50:11,741 [pool-277-thread-1] INFO  util.JmxRegister (JmxRegister.java:tryRegister(44)) - Successfully registered JMX Bean with object name Ratis:service=RaftServer,group=group-D875283FD36B,id=0b04bb08-988e-4c11-bb19-b8e35e208749
2019-09-25 11:50:11,743 [RatisPipelineUtilsThread] INFO  pipeline.PipelineStateManager (PipelineStateManager.java:addPipeline(56)) - Created pipeline Pipeline[ Id: 554de664-176d-4387-8c0c-d875283fd36b, Nodes: 0b04bb08-988e-4c11-bb19-b8e35e208749{ip: 192.168.30.6, host: pr-hdds-1569-5gmkr-4255264070, networkLocation: /default-rack, certSerialId: null}, Type:RATIS, Factor:ONE, State:OPEN]
2019-09-25 11:50:11,747 [grpc-default-executor-0] INFO  impl.RaftServerProxy (RaftServerProxy.java:addNew(89)) - 0b04bb08-988e-4c11-bb19-b8e35e208749: addNew group-1738FB13E683:[0b04bb08-988e-4c11-bb19-b8e35e208749:192.168.30.6:40238] returns group-1738FB13E683:java.util.concurrent.CompletableFuture@7e5241ef[Not completed]
2019-09-25 11:50:11,748 [pool-277-thread-1] INFO  impl.RaftServerImpl (RaftServerImpl.java:<init>(95)) - 0b04bb08-988e-4c11-bb19-b8e35e208749: new RaftServerImpl for group-1738FB13E683:[0b04bb08-988e-4c11-bb19-b8e35e208749:192.168.30.6:40238] with ContainerStateMachine:uninitialized
2019-09-25 11:50:11,749 [pool-277-thread-1] INFO  server.RaftServerConfigKeys (ConfUtils.java:logGet(43)) - raft.server.rpc.timeout.min = 5s (custom)
2019-09-25 11:50:11,749 [pool-277-thread-1] INFO  server.RaftServerConfigKeys (ConfUtils.java:logGet(43)) - raft.server.rpc.timeout.max = 5200ms (custom)
2019-09-25 11:50:11,749 [pool-277-thread-1] INFO  server.RaftServerConfigKeys (ConfUtils.java:logGet(43)) - raft.server.rpcslowness.timeout = 120s (custom)
2019-09-25 11:50:11,749 [pool-277-thread-1] INFO  server.RaftServerConfigKeys (ConfUtils.java:logGet(43)) - raft.server.sleep.deviation.threshold = 300 (default)
2019-09-25 11:50:11,749 [pool-277-thread-1] INFO  server.RaftServerConfigKeys (ConfUtils.java:logGet(43)) - raft.server.log.appender.install.snapshot.enabled = false (custom)
2019-09-25 11:50:11,749 [pool-277-thread-1] INFO  impl.RaftServerImpl (ServerState.java:<init>(103)) - 0b04bb08-988e-4c11-bb19-b8e35e208749@group-1738FB13E683: ConfigurationManager, init=-1: [0b04bb08-988e-4c11-bb19-b8e35e208749:192.168.30.6:40238], old=null, confs=<EMPTY_MAP>
2019-09-25 11:50:11,749 [pool-277-thread-1] INFO  server.RaftServerConfigKeys (ConfUtils.java:logGet(43)) - raft.server.storage.dir = [/workdir/hadoop-ozone/ozonefs/target/test-dir/MiniOzoneClusterImpl-e6fda8ce-95ce-407e-bce9-2f736e2fb72c/datanode-0/data/ratis] (custom)
2019-09-25 11:50:11,750 [pool-277-thread-1] INFO  storage.RaftStorageDirectory (RaftStorageDirectory.java:analyzeStorage(246)) - The storage directory /workdir/hadoop-ozone/ozonefs/target/test-dir/MiniOzoneClusterImpl-e6fda8ce-95ce-407e-bce9-2f736e2fb72c/datanode-0/data/ratis/dc76abcc-6075-423b-bbf8-1738fb13e683 does not exist. Creating ...
2019-09-25 11:50:11,763 [pool-277-thread-1] INFO  storage.RaftStorageDirectory (RaftStorageDirectory.java:tryLock(328)) - Lock on /workdir/hadoop-ozone/ozonefs/target/test-dir/MiniOzoneClusterImpl-e6fda8ce-95ce-407e-bce9-2f736e2fb72c/datanode-0/data/ratis/dc76abcc-6075-423b-bbf8-1738fb13e683/in_use.lock acquired by nodename 16435@pr-hdds-1569-5gmkr-4255264070
2019-09-25 11:50:11,777 [pool-277-thread-1] INFO  storage.RaftStorage (RaftStorage.java:format(72)) - Storage directory /workdir/hadoop-ozone/ozonefs/target/test-dir/MiniOzoneClusterImpl-e6fda8ce-95ce-407e-bce9-2f736e2fb72c/datanode-0/data/ratis/dc76abcc-6075-423b-bbf8-1738fb13e683 has been successfully formatted.
2019-09-25 11:50:11,777 [pool-277-thread-1] INFO  ratis.ContainerStateMachine (ContainerStateMachine.java:loadSnapshot(230)) - group-1738FB13E683: The snapshot info is null. Setting the last applied indexto:(t:0, i:~)
2019-09-25 11:50:11,777 [pool-277-thread-1] INFO  server.RaftServerConfigKeys (ConfUtils.java:logGet(43)) - raft.server.notification.no-leader.timeout = 120s (custom)
2019-09-25 11:50:11,777 [pool-277-thread-1] INFO  server.RaftServerConfigKeys (ConfUtils.java:logGet(43)) - raft.server.log.use.memory = false (default)
2019-09-25 11:50:11,777 [pool-277-thread-1] INFO  server.RaftServerConfigKeys (ConfUtils.java:logGet(43)) - raft.server.log.purge.gap = 1000000 (custom)
2019-09-25 11:50:11,778 [pool-277-thread-1] INFO  server.RaftServerConfigKeys (ConfUtils.java:logGet(43)) - raft.server.log.appender.buffer.byte-limit = 33554432 (custom)
2019-09-25 11:50:11,778 [pool-277-thread-1] INFO  server.RaftServerConfigKeys (ConfUtils.java:logGet(43)) - raft.server.log.segment.size.max = 1048576 (custom)
2019-09-25 11:50:11,778 [pool-277-thread-1] INFO  server.RaftServerConfigKeys (ConfUtils.java:logGet(43)) - raft.server.log.segment.cache.num.max = 2 (custom)
2019-09-25 11:50:11,778 [pool-277-thread-1] INFO  segmented.SegmentedRaftLogWorker (SegmentedRaftLogWorker.java:<init>(172)) - new 0b04bb08-988e-4c11-bb19-b8e35e208749@group-1738FB13E683-SegmentedRaftLogWorker for RaftStorage:Storage Directory /workdir/hadoop-ozone/ozonefs/target/test-dir/MiniOzoneClusterImpl-e6fda8ce-95ce-407e-bce9-2f736e2fb72c/datanode-0/data/ratis/dc76abcc-6075-423b-bbf8-1738fb13e683
2019-09-25 11:50:11,778 [pool-277-thread-1] INFO  server.RaftServerConfigKeys (ConfUtils.java:logGet(43)) - raft.server.log.queue.byte-limit = 2147483647 (custom)
2019-09-25 11:50:11,778 [pool-277-thread-1] INFO  server.RaftServerConfigKeys (ConfUtils.java:logGet(43)) - raft.server.log.queue.element-limit = 1024 (custom)
2019-09-25 11:50:11,778 [pool-277-thread-1] INFO  server.RaftServerConfigKeys (ConfUtils.java:logGet(43)) - raft.server.log.segment.size.max = 1048576 (custom)
2019-09-25 11:50:11,778 [pool-277-thread-1] INFO  server.RaftServerConfigKeys (ConfUtils.java:logGet(43)) - raft.server.log.preallocated.size = 16384 (custom)
2019-09-25 11:50:11,779 [pool-277-thread-1] INFO  server.RaftServerConfigKeys (ConfUtils.java:logGet(43)) - raft.server.log.write.buffer.size = 33554432 (custom)
2019-09-25 11:50:11,779 [pool-277-thread-1] INFO  server.RaftServerConfigKeys (ConfUtils.java:logGet(43)) - raft.server.log.force.sync.num = 128 (default)
2019-09-25 11:50:11,779 [pool-277-thread-1] INFO  server.RaftServerConfigKeys (ConfUtils.java:logGet(43)) - raft.server.log.statemachine.data.sync = true (default)
2019-09-25 11:50:11,779 [pool-277-thread-1] INFO  server.RaftServerConfigKeys (ConfUtils.java:logGet(43)) - raft.server.log.statemachine.data.sync.timeout = 10s (default)
2019-09-25 11:50:11,779 [pool-277-thread-1] INFO  server.RaftServerConfigKeys (ConfUtils.java:logGet(43)) - raft.server.log.statemachine.data.sync.timeout.retry = -1 (default)
2019-09-25 11:50:11,779 [pool-277-thread-1] INFO  server.RaftServerConfigKeys (ConfUtils.java:logGet(43)) - raft.server.log.statemachine.data.caching.enabled = true (custom)
2019-09-25 11:50:11,779 [pool-277-thread-1] INFO  segmented.SegmentedRaftLogWorker (SegmentedRaftLogWorker.java:lambda$new$0(132)) - 0b04bb08-988e-4c11-bb19-b8e35e208749@group-1738FB13E683-SegmentedRaftLogWorker: flushIndex: setUnconditionally 0 -> -1
2019-09-25 11:50:11,780 [pool-277-thread-1] INFO  server.RaftServerConfigKeys (ConfUtils.java:logGet(43)) - raft.server.snapshot.auto.trigger.enabled = true (custom)
2019-09-25 11:50:11,780 [pool-277-thread-1] INFO  server.RaftServerConfigKeys (ConfUtils.java:logGet(43)) - raft.server.snapshot.auto.trigger.threshold = 10000 (custom)
2019-09-25 11:50:11,780 [pool-277-thread-1] INFO  server.RaftServerConfigKeys (ConfUtils.java:logGet(43)) - raft.server.snapshot.retention.num.files = 5 (custom)
2019-09-25 11:50:11,780 [pool-277-thread-1] INFO  server.RaftServerConfigKeys (ConfUtils.java:logGet(43)) - raft.server.retrycache.expirytime = 600000ms (custom)
2019-09-25 11:50:11,782 [pool-277-thread-1] INFO  impl.RaftServerImpl (RaftServerImpl.java:start(185)) - 0b04bb08-988e-4c11-bb19-b8e35e208749@group-1738FB13E683: start as a follower, conf=-1: [0b04bb08-988e-4c11-bb19-b8e35e208749:192.168.30.6:40238], old=null
2019-09-25 11:50:11,782 [pool-277-thread-1] INFO  impl.RaftServerImpl (RaftServerImpl.java:setRole(174)) - 0b04bb08-988e-4c11-bb19-b8e35e208749@group-1738FB13E683: changes role from      null to FOLLOWER at term 0 for startAsFollower
2019-09-25 11:50:11,782 [pool-277-thread-1] INFO  impl.RoleInfo (RoleInfo.java:updateAndGet(143)) - 0b04bb08-988e-4c11-bb19-b8e35e208749: start FollowerState
2019-09-25 11:50:11,783 [pool-277-thread-1] INFO  util.JmxRegister (JmxRegister.java:tryRegister(44)) - Successfully registered JMX Bean with object name Ratis:service=RaftServer,group=group-1738FB13E683,id=0b04bb08-988e-4c11-bb19-b8e35e208749
2019-09-25 11:50:11,785 [RatisPipelineUtilsThread] INFO  pipeline.PipelineStateManager (PipelineStateManager.java:addPipeline(56)) - Created pipeline Pipeline[ Id: dc76abcc-6075-423b-bbf8-1738fb13e683, Nodes: 0b04bb08-988e-4c11-bb19-b8e35e208749{ip: 192.168.30.6, host: pr-hdds-1569-5gmkr-4255264070, networkLocation: /default-rack, certSerialId: null}, Type:RATIS, Factor:ONE, State:OPEN]
2019-09-25 11:50:11,791 [grpc-default-executor-0] INFO  impl.RaftServerProxy (RaftServerProxy.java:addNew(89)) - d0142895-3600-4281-b367-196d2d0762b5: addNew group-407616677B7D:[d0142895-3600-4281-b367-196d2d0762b5:192.168.30.6:37045] returns group-407616677B7D:java.util.concurrent.CompletableFuture@162dbd07[Not completed]
2019-09-25 11:50:11,792 [pool-287-thread-1] INFO  impl.RaftServerImpl (RaftServerImpl.java:<init>(95)) - d0142895-3600-4281-b367-196d2d0762b5: new RaftServerImpl for group-407616677B7D:[d0142895-3600-4281-b367-196d2d0762b5:192.168.30.6:37045] with ContainerStateMachine:uninitialized
2019-09-25 11:50:11,793 [pool-287-thread-1] INFO  server.RaftServerConfigKeys (ConfUtils.java:logGet(43)) - raft.server.rpc.timeout.min = 5s (custom)
2019-09-25 11:50:11,793 [pool-287-thread-1] INFO  server.RaftServerConfigKeys (ConfUtils.java:logGet(43)) - raft.server.rpc.timeout.max = 5200ms (custom)
2019-09-25 11:50:11,793 [pool-287-thread-1] INFO  server.RaftServerConfigKeys (ConfUtils.java:logGet(43)) - raft.server.rpcslowness.timeout = 120s (custom)
2019-09-25 11:50:11,793 [pool-287-thread-1] INFO  server.RaftServerConfigKeys (ConfUtils.java:logGet(43)) - raft.server.sleep.deviation.threshold = 300 (default)
2019-09-25 11:50:11,793 [pool-287-thread-1] INFO  server.RaftServerConfigKeys (ConfUtils.java:logGet(43)) - raft.server.log.appender.install.snapshot.enabled = false (custom)
2019-09-25 11:50:11,793 [pool-287-thread-1] INFO  impl.RaftServerImpl (ServerState.java:<init>(103)) - d0142895-3600-4281-b367-196d2d0762b5@group-407616677B7D: ConfigurationManager, init=-1: [d0142895-3600-4281-b367-196d2d0762b5:192.168.30.6:37045], old=null, confs=<EMPTY_MAP>
2019-09-25 11:50:11,793 [pool-287-thread-1] INFO  server.RaftServerConfigKeys (ConfUtils.java:logGet(43)) - raft.server.storage.dir = [/workdir/hadoop-ozone/ozonefs/target/test-dir/MiniOzoneClusterImpl-e6fda8ce-95ce-407e-bce9-2f736e2fb72c/datanode-1/data/ratis] (custom)
2019-09-25 11:50:11,794 [pool-287-thread-1] INFO  storage.RaftStorageDirectory (RaftStorageDirectory.java:analyzeStorage(246)) - The storage directory /workdir/hadoop-ozone/ozonefs/target/test-dir/MiniOzoneClusterImpl-e6fda8ce-95ce-407e-bce9-2f736e2fb72c/datanode-1/data/ratis/81510811-404a-4343-909c-407616677b7d does not exist. Creating ...
2019-09-25 11:50:11,807 [main] INFO  ozone.MiniOzoneClusterImpl (MiniOzoneClusterImpl.java:lambda$waitForClusterToBeReady$0(147)) - Waiting for cluster to be ready. Got 2 of 3 DN Heartbeats.
2019-09-25 11:50:11,807 [pool-287-thread-1] INFO  storage.RaftStorageDirectory (RaftStorageDirectory.java:tryLock(328)) - Lock on /workdir/hadoop-ozone/ozonefs/target/test-dir/MiniOzoneClusterImpl-e6fda8ce-95ce-407e-bce9-2f736e2fb72c/datanode-1/data/ratis/81510811-404a-4343-909c-407616677b7d/in_use.lock acquired by nodename 16435@pr-hdds-1569-5gmkr-4255264070
2019-09-25 11:50:11,808 [IPC Server handler 0 on 36184] INFO  net.NetworkTopology (NetworkTopologyImpl.java:add(111)) - Added a new node: /default-rack/e37a6a86-ba01-4b78-8a19-1770b3bcf624
2019-09-25 11:50:11,808 [IPC Server handler 0 on 36184] INFO  node.SCMNodeManager (SCMNodeManager.java:register(266)) - Registered Data node : e37a6a86-ba01-4b78-8a19-1770b3bcf624{ip: 192.168.30.6, host: pr-hdds-1569-5gmkr-4255264070, networkLocation: /default-rack, certSerialId: null}
2019-09-25 11:50:11,821 [pool-287-thread-1] INFO  storage.RaftStorage (RaftStorage.java:format(72)) - Storage directory /workdir/hadoop-ozone/ozonefs/target/test-dir/MiniOzoneClusterImpl-e6fda8ce-95ce-407e-bce9-2f736e2fb72c/datanode-1/data/ratis/81510811-404a-4343-909c-407616677b7d has been successfully formatted.
2019-09-25 11:50:11,821 [pool-287-thread-1] INFO  ratis.ContainerStateMachine (ContainerStateMachine.java:loadSnapshot(230)) - group-407616677B7D: The snapshot info is null. Setting the last applied indexto:(t:0, i:~)
2019-09-25 11:50:11,821 [pool-287-thread-1] INFO  server.RaftServerConfigKeys (ConfUtils.java:logGet(43)) - raft.server.notification.no-leader.timeout = 120s (custom)
2019-09-25 11:50:11,821 [pool-287-thread-1] INFO  server.RaftServerConfigKeys (ConfUtils.java:logGet(43)) - raft.server.log.use.memory = false (default)
2019-09-25 11:50:11,821 [pool-287-thread-1] INFO  server.RaftServerConfigKeys (ConfUtils.java:logGet(43)) - raft.server.log.purge.gap = 1000000 (custom)
2019-09-25 11:50:11,822 [pool-287-thread-1] INFO  server.RaftServerConfigKeys (ConfUtils.java:logGet(43)) - raft.server.log.appender.buffer.byte-limit = 33554432 (custom)
2019-09-25 11:50:11,822 [pool-287-thread-1] INFO  server.RaftServerConfigKeys (ConfUtils.java:logGet(43)) - raft.server.log.segment.size.max = 1048576 (custom)
2019-09-25 11:50:11,822 [pool-287-thread-1] INFO  server.RaftServerConfigKeys (ConfUtils.java:logGet(43)) - raft.server.log.segment.cache.num.max = 2 (custom)
2019-09-25 11:50:11,822 [pool-287-thread-1] INFO  segmented.SegmentedRaftLogWorker (SegmentedRaftLogWorker.java:<init>(172)) - new d0142895-3600-4281-b367-196d2d0762b5@group-407616677B7D-SegmentedRaftLogWorker for RaftStorage:Storage Directory /workdir/hadoop-ozone/ozonefs/target/test-dir/MiniOzoneClusterImpl-e6fda8ce-95ce-407e-bce9-2f736e2fb72c/datanode-1/data/ratis/81510811-404a-4343-909c-407616677b7d
2019-09-25 11:50:11,824 [pool-287-thread-1] INFO  server.RaftServerConfigKeys (ConfUtils.java:logGet(43)) - raft.server.log.queue.byte-limit = 2147483647 (custom)
2019-09-25 11:50:11,824 [pool-287-thread-1] INFO  server.RaftServerConfigKeys (ConfUtils.java:logGet(43)) - raft.server.log.queue.element-limit = 1024 (custom)
2019-09-25 11:50:11,824 [pool-287-thread-1] INFO  server.RaftServerConfigKeys (ConfUtils.java:logGet(43)) - raft.server.log.segment.size.max = 1048576 (custom)
2019-09-25 11:50:11,824 [pool-287-thread-1] INFO  server.RaftServerConfigKeys (ConfUtils.java:logGet(43)) - raft.server.log.preallocated.size = 16384 (custom)
2019-09-25 11:50:11,824 [pool-287-thread-1] INFO  server.RaftServerConfigKeys (ConfUtils.java:logGet(43)) - raft.server.log.write.buffer.size = 33554432 (custom)
2019-09-25 11:50:11,824 [pool-287-thread-1] INFO  server.RaftServerConfigKeys (ConfUtils.java:logGet(43)) - raft.server.log.force.sync.num = 128 (default)
2019-09-25 11:50:11,824 [pool-287-thread-1] INFO  server.RaftServerConfigKeys (ConfUtils.java:logGet(43)) - raft.server.log.statemachine.data.sync = true (default)
2019-09-25 11:50:11,825 [pool-287-thread-1] INFO  server.RaftServerConfigKeys (ConfUtils.java:logGet(43)) - raft.server.log.statemachine.data.sync.timeout = 10s (default)
2019-09-25 11:50:11,825 [pool-287-thread-1] INFO  server.RaftServerConfigKeys (ConfUtils.java:logGet(43)) - raft.server.log.statemachine.data.sync.timeout.retry = -1 (default)
2019-09-25 11:50:11,825 [pool-287-thread-1] INFO  server.RaftServerConfigKeys (ConfUtils.java:logGet(43)) - raft.server.log.statemachine.data.caching.enabled = true (custom)
2019-09-25 11:50:11,825 [pool-287-thread-1] INFO  segmented.SegmentedRaftLogWorker (SegmentedRaftLogWorker.java:lambda$new$0(132)) - d0142895-3600-4281-b367-196d2d0762b5@group-407616677B7D-SegmentedRaftLogWorker: flushIndex: setUnconditionally 0 -> -1
2019-09-25 11:50:11,826 [pool-287-thread-1] INFO  server.RaftServerConfigKeys (ConfUtils.java:logGet(43)) - raft.server.snapshot.auto.trigger.enabled = true (custom)
2019-09-25 11:50:11,826 [pool-287-thread-1] INFO  server.RaftServerConfigKeys (ConfUtils.java:logGet(43)) - raft.server.snapshot.auto.trigger.threshold = 10000 (custom)
2019-09-25 11:50:11,826 [pool-287-thread-1] INFO  server.RaftServerConfigKeys (ConfUtils.java:logGet(43)) - raft.server.snapshot.retention.num.files = 5 (custom)
2019-09-25 11:50:11,826 [pool-287-thread-1] INFO  server.RaftServerConfigKeys (ConfUtils.java:logGet(43)) - raft.server.retrycache.expirytime = 600000ms (custom)
2019-09-25 11:50:11,828 [pool-287-thread-1] INFO  impl.RaftServerImpl (RaftServerImpl.java:start(185)) - d0142895-3600-4281-b367-196d2d0762b5@group-407616677B7D: start as a follower, conf=-1: [d0142895-3600-4281-b367-196d2d0762b5:192.168.30.6:37045], old=null
2019-09-25 11:50:11,828 [pool-287-thread-1] INFO  impl.RaftServerImpl (RaftServerImpl.java:setRole(174)) - d0142895-3600-4281-b367-196d2d0762b5@group-407616677B7D: changes role from      null to FOLLOWER at term 0 for startAsFollower
2019-09-25 11:50:11,828 [pool-287-thread-1] INFO  impl.RoleInfo (RoleInfo.java:updateAndGet(143)) - d0142895-3600-4281-b367-196d2d0762b5: start FollowerState
2019-09-25 11:50:11,828 [pool-287-thread-1] INFO  util.JmxRegister (JmxRegister.java:tryRegister(44)) - Successfully registered JMX Bean with object name Ratis:service=RaftServer,group=group-407616677B7D,id=d0142895-3600-4281-b367-196d2d0762b5
2019-09-25 11:50:11,830 [RatisPipelineUtilsThread] INFO  pipeline.PipelineStateManager (PipelineStateManager.java:addPipeline(56)) - Created pipeline Pipeline[ Id: 81510811-404a-4343-909c-407616677b7d, Nodes: d0142895-3600-4281-b367-196d2d0762b5{ip: 192.168.30.6, host: pr-hdds-1569-5gmkr-4255264070, networkLocation: /default-rack, certSerialId: null}, Type:RATIS, Factor:ONE, State:OPEN]
2019-09-25 11:50:11,835 [grpc-default-executor-0] INFO  impl.RaftServerProxy (RaftServerProxy.java:addNew(89)) - 0b04bb08-988e-4c11-bb19-b8e35e208749: addNew group-ED6D76D9AC24:[0b04bb08-988e-4c11-bb19-b8e35e208749:192.168.30.6:40238] returns group-ED6D76D9AC24:java.util.concurrent.CompletableFuture@d25ce4e[Not completed]
2019-09-25 11:50:11,836 [pool-277-thread-1] INFO  impl.RaftServerImpl (RaftServerImpl.java:<init>(95)) - 0b04bb08-988e-4c11-bb19-b8e35e208749: new RaftServerImpl for group-ED6D76D9AC24:[0b04bb08-988e-4c11-bb19-b8e35e208749:192.168.30.6:40238] with ContainerStateMachine:uninitialized
2019-09-25 11:50:11,836 [pool-277-thread-1] INFO  server.RaftServerConfigKeys (ConfUtils.java:logGet(43)) - raft.server.rpc.timeout.min = 5s (custom)
2019-09-25 11:50:11,836 [pool-277-thread-1] INFO  server.RaftServerConfigKeys (ConfUtils.java:logGet(43)) - raft.server.rpc.timeout.max = 5200ms (custom)
2019-09-25 11:50:11,836 [pool-277-thread-1] INFO  server.RaftServerConfigKeys (ConfUtils.java:logGet(43)) - raft.server.rpcslowness.timeout = 120s (custom)
2019-09-25 11:50:11,836 [pool-277-thread-1] INFO  server.RaftServerConfigKeys (ConfUtils.java:logGet(43)) - raft.server.sleep.deviation.threshold = 300 (default)
2019-09-25 11:50:11,837 [pool-277-thread-1] INFO  server.RaftServerConfigKeys (ConfUtils.java:logGet(43)) - raft.server.log.appender.install.snapshot.enabled = false (custom)
2019-09-25 11:50:11,837 [pool-277-thread-1] INFO  impl.RaftServerImpl (ServerState.java:<init>(103)) - 0b04bb08-988e-4c11-bb19-b8e35e208749@group-ED6D76D9AC24: ConfigurationManager, init=-1: [0b04bb08-988e-4c11-bb19-b8e35e208749:192.168.30.6:40238], old=null, confs=<EMPTY_MAP>
2019-09-25 11:50:11,837 [pool-277-thread-1] INFO  server.RaftServerConfigKeys (ConfUtils.java:logGet(43)) - raft.server.storage.dir = [/workdir/hadoop-ozone/ozonefs/target/test-dir/MiniOzoneClusterImpl-e6fda8ce-95ce-407e-bce9-2f736e2fb72c/datanode-0/data/ratis] (custom)
2019-09-25 11:50:11,837 [pool-277-thread-1] INFO  storage.RaftStorageDirectory (RaftStorageDirectory.java:analyzeStorage(246)) - The storage directory /workdir/hadoop-ozone/ozonefs/target/test-dir/MiniOzoneClusterImpl-e6fda8ce-95ce-407e-bce9-2f736e2fb72c/datanode-0/data/ratis/2b249ecf-18d2-47f0-83db-ed6d76d9ac24 does not exist. Creating ...
2019-09-25 11:50:11,844 [pool-277-thread-1] INFO  storage.RaftStorageDirectory (RaftStorageDirectory.java:tryLock(328)) - Lock on /workdir/hadoop-ozone/ozonefs/target/test-dir/MiniOzoneClusterImpl-e6fda8ce-95ce-407e-bce9-2f736e2fb72c/datanode-0/data/ratis/2b249ecf-18d2-47f0-83db-ed6d76d9ac24/in_use.lock acquired by nodename 16435@pr-hdds-1569-5gmkr-4255264070
2019-09-25 11:50:11,856 [pool-277-thread-1] INFO  storage.RaftStorage (RaftStorage.java:format(72)) - Storage directory /workdir/hadoop-ozone/ozonefs/target/test-dir/MiniOzoneClusterImpl-e6fda8ce-95ce-407e-bce9-2f736e2fb72c/datanode-0/data/ratis/2b249ecf-18d2-47f0-83db-ed6d76d9ac24 has been successfully formatted.
2019-09-25 11:50:11,856 [pool-277-thread-1] INFO  ratis.ContainerStateMachine (ContainerStateMachine.java:loadSnapshot(230)) - group-ED6D76D9AC24: The snapshot info is null. Setting the last applied indexto:(t:0, i:~)
2019-09-25 11:50:11,856 [pool-277-thread-1] INFO  server.RaftServerConfigKeys (ConfUtils.java:logGet(43)) - raft.server.notification.no-leader.timeout = 120s (custom)
2019-09-25 11:50:11,857 [pool-277-thread-1] INFO  server.RaftServerConfigKeys (ConfUtils.java:logGet(43)) - raft.server.log.use.memory = false (default)
2019-09-25 11:50:11,857 [pool-277-thread-1] INFO  server.RaftServerConfigKeys (ConfUtils.java:logGet(43)) - raft.server.log.purge.gap = 1000000 (custom)
2019-09-25 11:50:11,857 [pool-277-thread-1] INFO  server.RaftServerConfigKeys (ConfUtils.java:logGet(43)) - raft.server.log.appender.buffer.byte-limit = 33554432 (custom)
2019-09-25 11:50:11,857 [pool-277-thread-1] INFO  server.RaftServerConfigKeys (ConfUtils.java:logGet(43)) - raft.server.log.segment.size.max = 1048576 (custom)
2019-09-25 11:50:11,857 [pool-277-thread-1] INFO  server.RaftServerConfigKeys (ConfUtils.java:logGet(43)) - raft.server.log.segment.cache.num.max = 2 (custom)
2019-09-25 11:50:11,857 [pool-277-thread-1] INFO  segmented.SegmentedRaftLogWorker (SegmentedRaftLogWorker.java:<init>(172)) - new 0b04bb08-988e-4c11-bb19-b8e35e208749@group-ED6D76D9AC24-SegmentedRaftLogWorker for RaftStorage:Storage Directory /workdir/hadoop-ozone/ozonefs/target/test-dir/MiniOzoneClusterImpl-e6fda8ce-95ce-407e-bce9-2f736e2fb72c/datanode-0/data/ratis/2b249ecf-18d2-47f0-83db-ed6d76d9ac24
2019-09-25 11:50:11,857 [pool-277-thread-1] INFO  server.RaftServerConfigKeys (ConfUtils.java:logGet(43)) - raft.server.log.queue.byte-limit = 2147483647 (custom)
2019-09-25 11:50:11,857 [pool-277-thread-1] INFO  server.RaftServerConfigKeys (ConfUtils.java:logGet(43)) - raft.server.log.queue.element-limit = 1024 (custom)
2019-09-25 11:50:11,858 [pool-277-thread-1] INFO  server.RaftServerConfigKeys (ConfUtils.java:logGet(43)) - raft.server.log.segment.size.max = 1048576 (custom)
2019-09-25 11:50:11,858 [pool-277-thread-1] INFO  server.RaftServerConfigKeys (ConfUtils.java:logGet(43)) - raft.server.log.preallocated.size = 16384 (custom)
2019-09-25 11:50:11,858 [pool-277-thread-1] INFO  server.RaftServerConfigKeys (ConfUtils.java:logGet(43)) - raft.server.log.write.buffer.size = 33554432 (custom)
2019-09-25 11:50:11,858 [pool-277-thread-1] INFO  server.RaftServerConfigKeys (ConfUtils.java:logGet(43)) - raft.server.log.force.sync.num = 128 (default)
2019-09-25 11:50:11,858 [pool-277-thread-1] INFO  server.RaftServerConfigKeys (ConfUtils.java:logGet(43)) - raft.server.log.statemachine.data.sync = true (default)
2019-09-25 11:50:11,858 [pool-277-thread-1] INFO  server.RaftServerConfigKeys (ConfUtils.java:logGet(43)) - raft.server.log.statemachine.data.sync.timeout = 10s (default)
2019-09-25 11:50:11,858 [pool-277-thread-1] INFO  server.RaftServerConfigKeys (ConfUtils.java:logGet(43)) - raft.server.log.statemachine.data.sync.timeout.retry = -1 (default)
2019-09-25 11:50:11,858 [pool-277-thread-1] INFO  server.RaftServerConfigKeys (ConfUtils.java:logGet(43)) - raft.server.log.statemachine.data.caching.enabled = true (custom)
2019-09-25 11:50:11,859 [pool-277-thread-1] INFO  segmented.SegmentedRaftLogWorker (SegmentedRaftLogWorker.java:lambda$new$0(132)) - 0b04bb08-988e-4c11-bb19-b8e35e208749@group-ED6D76D9AC24-SegmentedRaftLogWorker: flushIndex: setUnconditionally 0 -> -1
2019-09-25 11:50:11,859 [pool-277-thread-1] INFO  server.RaftServerConfigKeys (ConfUtils.java:logGet(43)) - raft.server.snapshot.auto.trigger.enabled = true (custom)
2019-09-25 11:50:11,859 [pool-277-thread-1] INFO  server.RaftServerConfigKeys (ConfUtils.java:logGet(43)) - raft.server.snapshot.auto.trigger.threshold = 10000 (custom)
2019-09-25 11:50:11,859 [pool-277-thread-1] INFO  server.RaftServerConfigKeys (ConfUtils.java:logGet(43)) - raft.server.snapshot.retention.num.files = 5 (custom)
2019-09-25 11:50:11,859 [pool-277-thread-1] INFO  server.RaftServerConfigKeys (ConfUtils.java:logGet(43)) - raft.server.retrycache.expirytime = 600000ms (custom)
2019-09-25 11:50:11,861 [pool-277-thread-1] INFO  impl.RaftServerImpl (RaftServerImpl.java:start(185)) - 0b04bb08-988e-4c11-bb19-b8e35e208749@group-ED6D76D9AC24: start as a follower, conf=-1: [0b04bb08-988e-4c11-bb19-b8e35e208749:192.168.30.6:40238], old=null
2019-09-25 11:50:11,861 [pool-277-thread-1] INFO  impl.RaftServerImpl (RaftServerImpl.java:setRole(174)) - 0b04bb08-988e-4c11-bb19-b8e35e208749@group-ED6D76D9AC24: changes role from      null to FOLLOWER at term 0 for startAsFollower
2019-09-25 11:50:11,861 [pool-277-thread-1] INFO  impl.RoleInfo (RoleInfo.java:updateAndGet(143)) - 0b04bb08-988e-4c11-bb19-b8e35e208749: start FollowerState
2019-09-25 11:50:11,862 [pool-277-thread-1] INFO  util.JmxRegister (JmxRegister.java:tryRegister(44)) - Successfully registered JMX Bean with object name Ratis:service=RaftServer,group=group-ED6D76D9AC24,id=0b04bb08-988e-4c11-bb19-b8e35e208749
2019-09-25 11:50:11,864 [RatisPipelineUtilsThread] INFO  pipeline.PipelineStateManager (PipelineStateManager.java:addPipeline(56)) - Created pipeline Pipeline[ Id: 2b249ecf-18d2-47f0-83db-ed6d76d9ac24, Nodes: 0b04bb08-988e-4c11-bb19-b8e35e208749{ip: 192.168.30.6, host: pr-hdds-1569-5gmkr-4255264070, networkLocation: /default-rack, certSerialId: null}, Type:RATIS, Factor:ONE, State:OPEN]
2019-09-25 11:50:11,869 [grpc-default-executor-0] INFO  impl.RaftServerProxy (RaftServerProxy.java:addNew(89)) - 0b04bb08-988e-4c11-bb19-b8e35e208749: addNew group-11A6A6391572:[0b04bb08-988e-4c11-bb19-b8e35e208749:192.168.30.6:40238] returns group-11A6A6391572:java.util.concurrent.CompletableFuture@2168928b[Not completed]
2019-09-25 11:50:11,870 [pool-277-thread-1] INFO  impl.RaftServerImpl (RaftServerImpl.java:<init>(95)) - 0b04bb08-988e-4c11-bb19-b8e35e208749: new RaftServerImpl for group-11A6A6391572:[0b04bb08-988e-4c11-bb19-b8e35e208749:192.168.30.6:40238] with ContainerStateMachine:uninitialized
2019-09-25 11:50:11,870 [pool-277-thread-1] INFO  server.RaftServerConfigKeys (ConfUtils.java:logGet(43)) - raft.server.rpc.timeout.min = 5s (custom)
2019-09-25 11:50:11,871 [pool-277-thread-1] INFO  server.RaftServerConfigKeys (ConfUtils.java:logGet(43)) - raft.server.rpc.timeout.max = 5200ms (custom)
2019-09-25 11:50:11,871 [pool-277-thread-1] INFO  server.RaftServerConfigKeys (ConfUtils.java:logGet(43)) - raft.server.rpcslowness.timeout = 120s (custom)
2019-09-25 11:50:11,871 [pool-277-thread-1] INFO  server.RaftServerConfigKeys (ConfUtils.java:logGet(43)) - raft.server.sleep.deviation.threshold = 300 (default)
2019-09-25 11:50:11,871 [pool-277-thread-1] INFO  server.RaftServerConfigKeys (ConfUtils.java:logGet(43)) - raft.server.log.appender.install.snapshot.enabled = false (custom)
2019-09-25 11:50:11,871 [pool-277-thread-1] INFO  impl.RaftServerImpl (ServerState.java:<init>(103)) - 0b04bb08-988e-4c11-bb19-b8e35e208749@group-11A6A6391572: ConfigurationManager, init=-1: [0b04bb08-988e-4c11-bb19-b8e35e208749:192.168.30.6:40238], old=null, confs=<EMPTY_MAP>
2019-09-25 11:50:11,871 [pool-277-thread-1] INFO  server.RaftServerConfigKeys (ConfUtils.java:logGet(43)) - raft.server.storage.dir = [/workdir/hadoop-ozone/ozonefs/target/test-dir/MiniOzoneClusterImpl-e6fda8ce-95ce-407e-bce9-2f736e2fb72c/datanode-0/data/ratis] (custom)
2019-09-25 11:50:11,872 [pool-277-thread-1] INFO  storage.RaftStorageDirectory (RaftStorageDirectory.java:analyzeStorage(246)) - The storage directory /workdir/hadoop-ozone/ozonefs/target/test-dir/MiniOzoneClusterImpl-e6fda8ce-95ce-407e-bce9-2f736e2fb72c/datanode-0/data/ratis/a5a3930f-dc16-415f-b64b-11a6a6391572 does not exist. Creating ...
2019-09-25 11:50:11,885 [pool-277-thread-1] INFO  storage.RaftStorageDirectory (RaftStorageDirectory.java:tryLock(328)) - Lock on /workdir/hadoop-ozone/ozonefs/target/test-dir/MiniOzoneClusterImpl-e6fda8ce-95ce-407e-bce9-2f736e2fb72c/datanode-0/data/ratis/a5a3930f-dc16-415f-b64b-11a6a6391572/in_use.lock acquired by nodename 16435@pr-hdds-1569-5gmkr-4255264070
2019-09-25 11:50:11,899 [pool-277-thread-1] INFO  storage.RaftStorage (RaftStorage.java:format(72)) - Storage directory /workdir/hadoop-ozone/ozonefs/target/test-dir/MiniOzoneClusterImpl-e6fda8ce-95ce-407e-bce9-2f736e2fb72c/datanode-0/data/ratis/a5a3930f-dc16-415f-b64b-11a6a6391572 has been successfully formatted.
2019-09-25 11:50:11,899 [pool-277-thread-1] INFO  ratis.ContainerStateMachine (ContainerStateMachine.java:loadSnapshot(230)) - group-11A6A6391572: The snapshot info is null. Setting the last applied indexto:(t:0, i:~)
2019-09-25 11:50:11,899 [pool-277-thread-1] INFO  server.RaftServerConfigKeys (ConfUtils.java:logGet(43)) - raft.server.notification.no-leader.timeout = 120s (custom)
2019-09-25 11:50:11,899 [pool-277-thread-1] INFO  server.RaftServerConfigKeys (ConfUtils.java:logGet(43)) - raft.server.log.use.memory = false (default)
2019-09-25 11:50:11,899 [pool-277-thread-1] INFO  server.RaftServerConfigKeys (ConfUtils.java:logGet(43)) - raft.server.log.purge.gap = 1000000 (custom)
2019-09-25 11:50:11,900 [pool-277-thread-1] INFO  server.RaftServerConfigKeys (ConfUtils.java:logGet(43)) - raft.server.log.appender.buffer.byte-limit = 33554432 (custom)
2019-09-25 11:50:11,900 [pool-277-thread-1] INFO  server.RaftServerConfigKeys (ConfUtils.java:logGet(43)) - raft.server.log.segment.size.max = 1048576 (custom)
2019-09-25 11:50:11,900 [pool-277-thread-1] INFO  server.RaftServerConfigKeys (ConfUtils.java:logGet(43)) - raft.server.log.segment.cache.num.max = 2 (custom)
2019-09-25 11:50:11,900 [pool-277-thread-1] INFO  segmented.SegmentedRaftLogWorker (SegmentedRaftLogWorker.java:<init>(172)) - new 0b04bb08-988e-4c11-bb19-b8e35e208749@group-11A6A6391572-SegmentedRaftLogWorker for RaftStorage:Storage Directory /workdir/hadoop-ozone/ozonefs/target/test-dir/MiniOzoneClusterImpl-e6fda8ce-95ce-407e-bce9-2f736e2fb72c/datanode-0/data/ratis/a5a3930f-dc16-415f-b64b-11a6a6391572
2019-09-25 11:50:11,900 [pool-277-thread-1] INFO  server.RaftServerConfigKeys (ConfUtils.java:logGet(43)) - raft.server.log.queue.byte-limit = 2147483647 (custom)
2019-09-25 11:50:11,900 [pool-277-thread-1] INFO  server.RaftServerConfigKeys (ConfUtils.java:logGet(43)) - raft.server.log.queue.element-limit = 1024 (custom)
2019-09-25 11:50:11,900 [pool-277-thread-1] INFO  server.RaftServerConfigKeys (ConfUtils.java:logGet(43)) - raft.server.log.segment.size.max = 1048576 (custom)
2019-09-25 11:50:11,900 [pool-277-thread-1] INFO  server.RaftServerConfigKeys (ConfUtils.java:logGet(43)) - raft.server.log.preallocated.size = 16384 (custom)
2019-09-25 11:50:11,900 [pool-277-thread-1] INFO  server.RaftServerConfigKeys (ConfUtils.java:logGet(43)) - raft.server.log.write.buffer.size = 33554432 (custom)
2019-09-25 11:50:11,901 [pool-277-thread-1] INFO  server.RaftServerConfigKeys (ConfUtils.java:logGet(43)) - raft.server.log.force.sync.num = 128 (default)
2019-09-25 11:50:11,901 [pool-277-thread-1] INFO  server.RaftServerConfigKeys (ConfUtils.java:logGet(43)) - raft.server.log.statemachine.data.sync = true (default)
2019-09-25 11:50:11,901 [pool-277-thread-1] INFO  server.RaftServerConfigKeys (ConfUtils.java:logGet(43)) - raft.server.log.statemachine.data.sync.timeout = 10s (default)
2019-09-25 11:50:11,901 [pool-277-thread-1] INFO  server.RaftServerConfigKeys (ConfUtils.java:logGet(43)) - raft.server.log.statemachine.data.sync.timeout.retry = -1 (default)
2019-09-25 11:50:11,901 [pool-277-thread-1] INFO  server.RaftServerConfigKeys (ConfUtils.java:logGet(43)) - raft.server.log.statemachine.data.caching.enabled = true (custom)
2019-09-25 11:50:11,901 [pool-277-thread-1] INFO  segmented.SegmentedRaftLogWorker (SegmentedRaftLogWorker.java:lambda$new$0(132)) - 0b04bb08-988e-4c11-bb19-b8e35e208749@group-11A6A6391572-SegmentedRaftLogWorker: flushIndex: setUnconditionally 0 -> -1
2019-09-25 11:50:11,902 [pool-277-thread-1] INFO  server.RaftServerConfigKeys (ConfUtils.java:logGet(43)) - raft.server.snapshot.auto.trigger.enabled = true (custom)
2019-09-25 11:50:11,902 [pool-277-thread-1] INFO  server.RaftServerConfigKeys (ConfUtils.java:logGet(43)) - raft.server.snapshot.auto.trigger.threshold = 10000 (custom)
2019-09-25 11:50:11,902 [pool-277-thread-1] INFO  server.RaftServerConfigKeys (ConfUtils.java:logGet(43)) - raft.server.snapshot.retention.num.files = 5 (custom)
2019-09-25 11:50:11,902 [pool-277-thread-1] INFO  server.RaftServerConfigKeys (ConfUtils.java:logGet(43)) - raft.server.retrycache.expirytime = 600000ms (custom)
2019-09-25 11:50:11,904 [pool-277-thread-1] INFO  impl.RaftServerImpl (RaftServerImpl.java:start(185)) - 0b04bb08-988e-4c11-bb19-b8e35e208749@group-11A6A6391572: start as a follower, conf=-1: [0b04bb08-988e-4c11-bb19-b8e35e208749:192.168.30.6:40238], old=null
2019-09-25 11:50:11,904 [pool-277-thread-1] INFO  impl.RaftServerImpl (RaftServerImpl.java:setRole(174)) - 0b04bb08-988e-4c11-bb19-b8e35e208749@group-11A6A6391572: changes role from      null to FOLLOWER at term 0 for startAsFollower
2019-09-25 11:50:11,904 [pool-277-thread-1] INFO  impl.RoleInfo (RoleInfo.java:updateAndGet(143)) - 0b04bb08-988e-4c11-bb19-b8e35e208749: start FollowerState
2019-09-25 11:50:11,904 [pool-277-thread-1] INFO  util.JmxRegister (JmxRegister.java:tryRegister(44)) - Successfully registered JMX Bean with object name Ratis:service=RaftServer,group=group-11A6A6391572,id=0b04bb08-988e-4c11-bb19-b8e35e208749
2019-09-25 11:50:11,907 [RatisPipelineUtilsThread] INFO  pipeline.PipelineStateManager (PipelineStateManager.java:addPipeline(56)) - Created pipeline Pipeline[ Id: a5a3930f-dc16-415f-b64b-11a6a6391572, Nodes: 0b04bb08-988e-4c11-bb19-b8e35e208749{ip: 192.168.30.6, host: pr-hdds-1569-5gmkr-4255264070, networkLocation: /default-rack, certSerialId: null}, Type:RATIS, Factor:ONE, State:OPEN]
2019-09-25 11:50:11,911 [grpc-default-executor-0] INFO  impl.RaftServerProxy (RaftServerProxy.java:addNew(89)) - 0b04bb08-988e-4c11-bb19-b8e35e208749: addNew group-42FD4E1628CD:[0b04bb08-988e-4c11-bb19-b8e35e208749:192.168.30.6:40238] returns group-42FD4E1628CD:java.util.concurrent.CompletableFuture@1ec4d79f[Not completed]
2019-09-25 11:50:11,912 [pool-277-thread-1] INFO  impl.RaftServerImpl (RaftServerImpl.java:<init>(95)) - 0b04bb08-988e-4c11-bb19-b8e35e208749: new RaftServerImpl for group-42FD4E1628CD:[0b04bb08-988e-4c11-bb19-b8e35e208749:192.168.30.6:40238] with ContainerStateMachine:uninitialized
2019-09-25 11:50:11,912 [pool-277-thread-1] INFO  server.RaftServerConfigKeys (ConfUtils.java:logGet(43)) - raft.server.rpc.timeout.min = 5s (custom)
2019-09-25 11:50:11,912 [pool-277-thread-1] INFO  server.RaftServerConfigKeys (ConfUtils.java:logGet(43)) - raft.server.rpc.timeout.max = 5200ms (custom)
2019-09-25 11:50:11,912 [pool-277-thread-1] INFO  server.RaftServerConfigKeys (ConfUtils.java:logGet(43)) - raft.server.rpcslowness.timeout = 120s (custom)
2019-09-25 11:50:11,913 [pool-277-thread-1] INFO  server.RaftServerConfigKeys (ConfUtils.java:logGet(43)) - raft.server.sleep.deviation.threshold = 300 (default)
2019-09-25 11:50:11,913 [pool-277-thread-1] INFO  server.RaftServerConfigKeys (ConfUtils.java:logGet(43)) - raft.server.log.appender.install.snapshot.enabled = false (custom)
2019-09-25 11:50:11,913 [pool-277-thread-1] INFO  impl.RaftServerImpl (ServerState.java:<init>(103)) - 0b04bb08-988e-4c11-bb19-b8e35e208749@group-42FD4E1628CD: ConfigurationManager, init=-1: [0b04bb08-988e-4c11-bb19-b8e35e208749:192.168.30.6:40238], old=null, confs=<EMPTY_MAP>
2019-09-25 11:50:11,913 [pool-277-thread-1] INFO  server.RaftServerConfigKeys (ConfUtils.java:logGet(43)) - raft.server.storage.dir = [/workdir/hadoop-ozone/ozonefs/target/test-dir/MiniOzoneClusterImpl-e6fda8ce-95ce-407e-bce9-2f736e2fb72c/datanode-0/data/ratis] (custom)
2019-09-25 11:50:11,913 [pool-277-thread-1] INFO  storage.RaftStorageDirectory (RaftStorageDirectory.java:analyzeStorage(246)) - The storage directory /workdir/hadoop-ozone/ozonefs/target/test-dir/MiniOzoneClusterImpl-e6fda8ce-95ce-407e-bce9-2f736e2fb72c/datanode-0/data/ratis/29b8167d-18af-4b51-a726-42fd4e1628cd does not exist. Creating ...
2019-09-25 11:50:12,013 [pool-277-thread-1] INFO  storage.RaftStorageDirectory (RaftStorageDirectory.java:tryLock(328)) - Lock on /workdir/hadoop-ozone/ozonefs/target/test-dir/MiniOzoneClusterImpl-e6fda8ce-95ce-407e-bce9-2f736e2fb72c/datanode-0/data/ratis/29b8167d-18af-4b51-a726-42fd4e1628cd/in_use.lock acquired by nodename 16435@pr-hdds-1569-5gmkr-4255264070
2019-09-25 11:50:12,023 [pool-277-thread-1] INFO  storage.RaftStorage (RaftStorage.java:format(72)) - Storage directory /workdir/hadoop-ozone/ozonefs/target/test-dir/MiniOzoneClusterImpl-e6fda8ce-95ce-407e-bce9-2f736e2fb72c/datanode-0/data/ratis/29b8167d-18af-4b51-a726-42fd4e1628cd has been successfully formatted.
2019-09-25 11:50:12,023 [pool-277-thread-1] INFO  ratis.ContainerStateMachine (ContainerStateMachine.java:loadSnapshot(230)) - group-42FD4E1628CD: The snapshot info is null. Setting the last applied indexto:(t:0, i:~)
2019-09-25 11:50:12,023 [pool-277-thread-1] INFO  server.RaftServerConfigKeys (ConfUtils.java:logGet(43)) - raft.server.notification.no-leader.timeout = 120s (custom)
2019-09-25 11:50:12,023 [pool-277-thread-1] INFO  server.RaftServerConfigKeys (ConfUtils.java:logGet(43)) - raft.server.log.use.memory = false (default)
2019-09-25 11:50:12,024 [pool-277-thread-1] INFO  server.RaftServerConfigKeys (ConfUtils.java:logGet(43)) - raft.server.log.purge.gap = 1000000 (custom)
2019-09-25 11:50:12,024 [pool-277-thread-1] INFO  server.RaftServerConfigKeys (ConfUtils.java:logGet(43)) - raft.server.log.appender.buffer.byte-limit = 33554432 (custom)
2019-09-25 11:50:12,024 [pool-277-thread-1] INFO  server.RaftServerConfigKeys (ConfUtils.java:logGet(43)) - raft.server.log.segment.size.max = 1048576 (custom)
2019-09-25 11:50:12,024 [pool-277-thread-1] INFO  server.RaftServerConfigKeys (ConfUtils.java:logGet(43)) - raft.server.log.segment.cache.num.max = 2 (custom)
2019-09-25 11:50:12,024 [pool-277-thread-1] INFO  segmented.SegmentedRaftLogWorker (SegmentedRaftLogWorker.java:<init>(172)) - new 0b04bb08-988e-4c11-bb19-b8e35e208749@group-42FD4E1628CD-SegmentedRaftLogWorker for RaftStorage:Storage Directory /workdir/hadoop-ozone/ozonefs/target/test-dir/MiniOzoneClusterImpl-e6fda8ce-95ce-407e-bce9-2f736e2fb72c/datanode-0/data/ratis/29b8167d-18af-4b51-a726-42fd4e1628cd
2019-09-25 11:50:12,024 [pool-277-thread-1] INFO  server.RaftServerConfigKeys (ConfUtils.java:logGet(43)) - raft.server.log.queue.byte-limit = 2147483647 (custom)
2019-09-25 11:50:12,025 [pool-277-thread-1] INFO  server.RaftServerConfigKeys (ConfUtils.java:logGet(43)) - raft.server.log.queue.element-limit = 1024 (custom)
2019-09-25 11:50:12,025 [pool-277-thread-1] INFO  server.RaftServerConfigKeys (ConfUtils.java:logGet(43)) - raft.server.log.segment.size.max = 1048576 (custom)
2019-09-25 11:50:12,025 [pool-277-thread-1] INFO  server.RaftServerConfigKeys (ConfUtils.java:logGet(43)) - raft.server.log.preallocated.size = 16384 (custom)
2019-09-25 11:50:12,025 [pool-277-thread-1] INFO  server.RaftServerConfigKeys (ConfUtils.java:logGet(43)) - raft.server.log.write.buffer.size = 33554432 (custom)
2019-09-25 11:50:12,025 [pool-277-thread-1] INFO  server.RaftServerConfigKeys (ConfUtils.java:logGet(43)) - raft.server.log.force.sync.num = 128 (default)
2019-09-25 11:50:12,025 [pool-277-thread-1] INFO  server.RaftServerConfigKeys (ConfUtils.java:logGet(43)) - raft.server.log.statemachine.data.sync = true (default)
2019-09-25 11:50:12,026 [pool-277-thread-1] INFO  server.RaftServerConfigKeys (ConfUtils.java:logGet(43)) - raft.server.log.statemachine.data.sync.timeout = 10s (default)
2019-09-25 11:50:12,026 [pool-277-thread-1] INFO  server.RaftServerConfigKeys (ConfUtils.java:logGet(43)) - raft.server.log.statemachine.data.sync.timeout.retry = -1 (default)
2019-09-25 11:50:12,026 [pool-277-thread-1] INFO  server.RaftServerConfigKeys (ConfUtils.java:logGet(43)) - raft.server.log.statemachine.data.caching.enabled = true (custom)
2019-09-25 11:50:12,026 [pool-277-thread-1] INFO  segmented.SegmentedRaftLogWorker (SegmentedRaftLogWorker.java:lambda$new$0(132)) - 0b04bb08-988e-4c11-bb19-b8e35e208749@group-42FD4E1628CD-SegmentedRaftLogWorker: flushIndex: setUnconditionally 0 -> -1
2019-09-25 11:50:12,027 [pool-277-thread-1] INFO  server.RaftServerConfigKeys (ConfUtils.java:logGet(43)) - raft.server.snapshot.auto.trigger.enabled = true (custom)
2019-09-25 11:50:12,027 [pool-277-thread-1] INFO  server.RaftServerConfigKeys (ConfUtils.java:logGet(43)) - raft.server.snapshot.auto.trigger.threshold = 10000 (custom)
2019-09-25 11:50:12,027 [pool-277-thread-1] INFO  server.RaftServerConfigKeys (ConfUtils.java:logGet(43)) - raft.server.snapshot.retention.num.files = 5 (custom)
2019-09-25 11:50:12,027 [pool-277-thread-1] INFO  server.RaftServerConfigKeys (ConfUtils.java:logGet(43)) - raft.server.retrycache.expirytime = 600000ms (custom)
2019-09-25 11:50:12,029 [pool-277-thread-1] INFO  impl.RaftServerImpl (RaftServerImpl.java:start(185)) - 0b04bb08-988e-4c11-bb19-b8e35e208749@group-42FD4E1628CD: start as a follower, conf=-1: [0b04bb08-988e-4c11-bb19-b8e35e208749:192.168.30.6:40238], old=null
2019-09-25 11:50:12,029 [pool-277-thread-1] INFO  impl.RaftServerImpl (RaftServerImpl.java:setRole(174)) - 0b04bb08-988e-4c11-bb19-b8e35e208749@group-42FD4E1628CD: changes role from      null to FOLLOWER at term 0 for startAsFollower
2019-09-25 11:50:12,030 [pool-277-thread-1] INFO  impl.RoleInfo (RoleInfo.java:updateAndGet(143)) - 0b04bb08-988e-4c11-bb19-b8e35e208749: start FollowerState
2019-09-25 11:50:12,030 [pool-277-thread-1] INFO  util.JmxRegister (JmxRegister.java:tryRegister(44)) - Successfully registered JMX Bean with object name Ratis:service=RaftServer,group=group-42FD4E1628CD,id=0b04bb08-988e-4c11-bb19-b8e35e208749
2019-09-25 11:50:12,033 [RatisPipelineUtilsThread] INFO  pipeline.PipelineStateManager (PipelineStateManager.java:addPipeline(56)) - Created pipeline Pipeline[ Id: 29b8167d-18af-4b51-a726-42fd4e1628cd, Nodes: 0b04bb08-988e-4c11-bb19-b8e35e208749{ip: 192.168.30.6, host: pr-hdds-1569-5gmkr-4255264070, networkLocation: /default-rack, certSerialId: null}, Type:RATIS, Factor:ONE, State:OPEN]
2019-09-25 11:50:12,033 [RatisPipelineUtilsThread] INFO  pipeline.PipelinePlacementPolicy (PipelinePlacementPolicy.java:meetCriteria(91)) - Pipeline Placement: can't place more pipeline on heavy datanode： 0b04bb08-988e-4c11-bb19-b8e35e208749 Heaviness: 6 limit: 5
2019-09-25 11:50:12,041 [grpc-default-executor-0] INFO  impl.RaftServerProxy (RaftServerProxy.java:addNew(89)) - e37a6a86-ba01-4b78-8a19-1770b3bcf624: addNew group-3552FCC1DF0E:[e37a6a86-ba01-4b78-8a19-1770b3bcf624:192.168.30.6:33872] returns group-3552FCC1DF0E:java.util.concurrent.CompletableFuture@2befac0f[Not completed]
2019-09-25 11:50:12,043 [pool-297-thread-1] INFO  impl.RaftServerImpl (RaftServerImpl.java:<init>(95)) - e37a6a86-ba01-4b78-8a19-1770b3bcf624: new RaftServerImpl for group-3552FCC1DF0E:[e37a6a86-ba01-4b78-8a19-1770b3bcf624:192.168.30.6:33872] with ContainerStateMachine:uninitialized
2019-09-25 11:50:12,043 [pool-297-thread-1] INFO  server.RaftServerConfigKeys (ConfUtils.java:logGet(43)) - raft.server.rpc.timeout.min = 5s (custom)
2019-09-25 11:50:12,043 [pool-297-thread-1] INFO  server.RaftServerConfigKeys (ConfUtils.java:logGet(43)) - raft.server.rpc.timeout.max = 5200ms (custom)
2019-09-25 11:50:12,043 [pool-297-thread-1] INFO  server.RaftServerConfigKeys (ConfUtils.java:logGet(43)) - raft.server.rpcslowness.timeout = 120s (custom)
2019-09-25 11:50:12,043 [pool-297-thread-1] INFO  server.RaftServerConfigKeys (ConfUtils.java:logGet(43)) - raft.server.sleep.deviation.threshold = 300 (default)
2019-09-25 11:50:12,043 [pool-297-thread-1] INFO  server.RaftServerConfigKeys (ConfUtils.java:logGet(43)) - raft.server.log.appender.install.snapshot.enabled = false (custom)
2019-09-25 11:50:12,043 [pool-297-thread-1] INFO  impl.RaftServerImpl (ServerState.java:<init>(103)) - e37a6a86-ba01-4b78-8a19-1770b3bcf624@group-3552FCC1DF0E: ConfigurationManager, init=-1: [e37a6a86-ba01-4b78-8a19-1770b3bcf624:192.168.30.6:33872], old=null, confs=<EMPTY_MAP>
2019-09-25 11:50:12,044 [pool-297-thread-1] INFO  server.RaftServerConfigKeys (ConfUtils.java:logGet(43)) - raft.server.storage.dir = [/workdir/hadoop-ozone/ozonefs/target/test-dir/MiniOzoneClusterImpl-e6fda8ce-95ce-407e-bce9-2f736e2fb72c/datanode-2/data/ratis] (custom)
2019-09-25 11:50:12,044 [pool-297-thread-1] INFO  storage.RaftStorageDirectory (RaftStorageDirectory.java:analyzeStorage(246)) - The storage directory /workdir/hadoop-ozone/ozonefs/target/test-dir/MiniOzoneClusterImpl-e6fda8ce-95ce-407e-bce9-2f736e2fb72c/datanode-2/data/ratis/d9d51573-6b05-409f-9864-3552fcc1df0e does not exist. Creating ...
2019-09-25 11:50:12,058 [pool-297-thread-1] INFO  storage.RaftStorageDirectory (RaftStorageDirectory.java:tryLock(328)) - Lock on /workdir/hadoop-ozone/ozonefs/target/test-dir/MiniOzoneClusterImpl-e6fda8ce-95ce-407e-bce9-2f736e2fb72c/datanode-2/data/ratis/d9d51573-6b05-409f-9864-3552fcc1df0e/in_use.lock acquired by nodename 16435@pr-hdds-1569-5gmkr-4255264070
2019-09-25 11:50:12,076 [pool-297-thread-1] INFO  storage.RaftStorage (RaftStorage.java:format(72)) - Storage directory /workdir/hadoop-ozone/ozonefs/target/test-dir/MiniOzoneClusterImpl-e6fda8ce-95ce-407e-bce9-2f736e2fb72c/datanode-2/data/ratis/d9d51573-6b05-409f-9864-3552fcc1df0e has been successfully formatted.
2019-09-25 11:50:12,077 [pool-297-thread-1] INFO  ratis.ContainerStateMachine (ContainerStateMachine.java:loadSnapshot(230)) - group-3552FCC1DF0E: The snapshot info is null. Setting the last applied indexto:(t:0, i:~)
2019-09-25 11:50:12,077 [pool-297-thread-1] INFO  server.RaftServerConfigKeys (ConfUtils.java:logGet(43)) - raft.server.notification.no-leader.timeout = 120s (custom)
2019-09-25 11:50:12,077 [pool-297-thread-1] INFO  server.RaftServerConfigKeys (ConfUtils.java:logGet(43)) - raft.server.log.use.memory = false (default)
2019-09-25 11:50:12,077 [pool-297-thread-1] INFO  server.RaftServerConfigKeys (ConfUtils.java:logGet(43)) - raft.server.log.purge.gap = 1000000 (custom)
2019-09-25 11:50:12,077 [pool-297-thread-1] INFO  server.RaftServerConfigKeys (ConfUtils.java:logGet(43)) - raft.server.log.appender.buffer.byte-limit = 33554432 (custom)
2019-09-25 11:50:12,077 [pool-297-thread-1] INFO  server.RaftServerConfigKeys (ConfUtils.java:logGet(43)) - raft.server.log.segment.size.max = 1048576 (custom)
2019-09-25 11:50:12,077 [pool-297-thread-1] INFO  server.RaftServerConfigKeys (ConfUtils.java:logGet(43)) - raft.server.log.segment.cache.num.max = 2 (custom)
2019-09-25 11:50:12,078 [pool-297-thread-1] INFO  segmented.SegmentedRaftLogWorker (SegmentedRaftLogWorker.java:<init>(172)) - new e37a6a86-ba01-4b78-8a19-1770b3bcf624@group-3552FCC1DF0E-SegmentedRaftLogWorker for RaftStorage:Storage Directory /workdir/hadoop-ozone/ozonefs/target/test-dir/MiniOzoneClusterImpl-e6fda8ce-95ce-407e-bce9-2f736e2fb72c/datanode-2/data/ratis/d9d51573-6b05-409f-9864-3552fcc1df0e
2019-09-25 11:50:12,079 [pool-297-thread-1] INFO  server.RaftServerConfigKeys (ConfUtils.java:logGet(43)) - raft.server.log.queue.byte-limit = 2147483647 (custom)
2019-09-25 11:50:12,080 [pool-297-thread-1] INFO  server.RaftServerConfigKeys (ConfUtils.java:logGet(43)) - raft.server.log.queue.element-limit = 1024 (custom)
2019-09-25 11:50:12,080 [pool-297-thread-1] INFO  server.RaftServerConfigKeys (ConfUtils.java:logGet(43)) - raft.server.log.segment.size.max = 1048576 (custom)
2019-09-25 11:50:12,080 [pool-297-thread-1] INFO  server.RaftServerConfigKeys (ConfUtils.java:logGet(43)) - raft.server.log.preallocated.size = 16384 (custom)
2019-09-25 11:50:12,080 [pool-297-thread-1] INFO  server.RaftServerConfigKeys (ConfUtils.java:logGet(43)) - raft.server.log.write.buffer.size = 33554432 (custom)
2019-09-25 11:50:12,080 [pool-297-thread-1] INFO  server.RaftServerConfigKeys (ConfUtils.java:logGet(43)) - raft.server.log.force.sync.num = 128 (default)
2019-09-25 11:50:12,080 [pool-297-thread-1] INFO  server.RaftServerConfigKeys (ConfUtils.java:logGet(43)) - raft.server.log.statemachine.data.sync = true (default)
2019-09-25 11:50:12,080 [pool-297-thread-1] INFO  server.RaftServerConfigKeys (ConfUtils.java:logGet(43)) - raft.server.log.statemachine.data.sync.timeout = 10s (default)
2019-09-25 11:50:12,081 [pool-297-thread-1] INFO  server.RaftServerConfigKeys (ConfUtils.java:logGet(43)) - raft.server.log.statemachine.data.sync.timeout.retry = -1 (default)
2019-09-25 11:50:12,081 [pool-297-thread-1] INFO  server.RaftServerConfigKeys (ConfUtils.java:logGet(43)) - raft.server.log.statemachine.data.caching.enabled = true (custom)
2019-09-25 11:50:12,081 [pool-297-thread-1] INFO  segmented.SegmentedRaftLogWorker (SegmentedRaftLogWorker.java:lambda$new$0(132)) - e37a6a86-ba01-4b78-8a19-1770b3bcf624@group-3552FCC1DF0E-SegmentedRaftLogWorker: flushIndex: setUnconditionally 0 -> -1
2019-09-25 11:50:12,082 [pool-297-thread-1] INFO  server.RaftServerConfigKeys (ConfUtils.java:logGet(43)) - raft.server.snapshot.auto.trigger.enabled = true (custom)
2019-09-25 11:50:12,082 [pool-297-thread-1] INFO  server.RaftServerConfigKeys (ConfUtils.java:logGet(43)) - raft.server.snapshot.auto.trigger.threshold = 10000 (custom)
2019-09-25 11:50:12,082 [pool-297-thread-1] INFO  server.RaftServerConfigKeys (ConfUtils.java:logGet(43)) - raft.server.snapshot.retention.num.files = 5 (custom)
2019-09-25 11:50:12,082 [pool-297-thread-1] INFO  server.RaftServerConfigKeys (ConfUtils.java:logGet(43)) - raft.server.retrycache.expirytime = 600000ms (custom)
2019-09-25 11:50:12,084 [pool-297-thread-1] INFO  impl.RaftServerImpl (RaftServerImpl.java:start(185)) - e37a6a86-ba01-4b78-8a19-1770b3bcf624@group-3552FCC1DF0E: start as a follower, conf=-1: [e37a6a86-ba01-4b78-8a19-1770b3bcf624:192.168.30.6:33872], old=null
2019-09-25 11:50:12,084 [pool-297-thread-1] INFO  impl.RaftServerImpl (RaftServerImpl.java:setRole(174)) - e37a6a86-ba01-4b78-8a19-1770b3bcf624@group-3552FCC1DF0E: changes role from      null to FOLLOWER at term 0 for startAsFollower
2019-09-25 11:50:12,084 [pool-297-thread-1] INFO  impl.RoleInfo (RoleInfo.java:updateAndGet(143)) - e37a6a86-ba01-4b78-8a19-1770b3bcf624: start FollowerState
2019-09-25 11:50:12,084 [pool-297-thread-1] INFO  util.JmxRegister (JmxRegister.java:tryRegister(44)) - Successfully registered JMX Bean with object name Ratis:service=RaftServer,group=group-3552FCC1DF0E,id=e37a6a86-ba01-4b78-8a19-1770b3bcf624
2019-09-25 11:50:12,087 [RatisPipelineUtilsThread] INFO  pipeline.PipelineStateManager (PipelineStateManager.java:addPipeline(56)) - Created pipeline Pipeline[ Id: d9d51573-6b05-409f-9864-3552fcc1df0e, Nodes: e37a6a86-ba01-4b78-8a19-1770b3bcf624{ip: 192.168.30.6, host: pr-hdds-1569-5gmkr-4255264070, networkLocation: /default-rack, certSerialId: null}, Type:RATIS, Factor:ONE, State:OPEN]
2019-09-25 11:50:12,088 [RatisPipelineUtilsThread] INFO  pipeline.PipelinePlacementPolicy (PipelinePlacementPolicy.java:meetCriteria(91)) - Pipeline Placement: can't place more pipeline on heavy datanode： 0b04bb08-988e-4c11-bb19-b8e35e208749 Heaviness: 6 limit: 5
2019-09-25 11:50:12,093 [grpc-default-executor-0] INFO  impl.RaftServerProxy (RaftServerProxy.java:addNew(89)) - d0142895-3600-4281-b367-196d2d0762b5: addNew group-D3BB587AAED0:[d0142895-3600-4281-b367-196d2d0762b5:192.168.30.6:37045] returns group-D3BB587AAED0:java.util.concurrent.CompletableFuture@4587a3c3[Not completed]
2019-09-25 11:50:12,094 [pool-287-thread-1] INFO  impl.RaftServerImpl (RaftServerImpl.java:<init>(95)) - d0142895-3600-4281-b367-196d2d0762b5: new RaftServerImpl for group-D3BB587AAED0:[d0142895-3600-4281-b367-196d2d0762b5:192.168.30.6:37045] with ContainerStateMachine:uninitialized
2019-09-25 11:50:12,094 [pool-287-thread-1] INFO  server.RaftServerConfigKeys (ConfUtils.java:logGet(43)) - raft.server.rpc.timeout.min = 5s (custom)
2019-09-25 11:50:12,095 [pool-287-thread-1] INFO  server.RaftServerConfigKeys (ConfUtils.java:logGet(43)) - raft.server.rpc.timeout.max = 5200ms (custom)
2019-09-25 11:50:12,095 [pool-287-thread-1] INFO  server.RaftServerConfigKeys (ConfUtils.java:logGet(43)) - raft.server.rpcslowness.timeout = 120s (custom)
2019-09-25 11:50:12,095 [pool-287-thread-1] INFO  server.RaftServerConfigKeys (ConfUtils.java:logGet(43)) - raft.server.sleep.deviation.threshold = 300 (default)
2019-09-25 11:50:12,095 [pool-287-thread-1] INFO  server.RaftServerConfigKeys (ConfUtils.java:logGet(43)) - raft.server.log.appender.install.snapshot.enabled = false (custom)
2019-09-25 11:50:12,095 [pool-287-thread-1] INFO  impl.RaftServerImpl (ServerState.java:<init>(103)) - d0142895-3600-4281-b367-196d2d0762b5@group-D3BB587AAED0: ConfigurationManager, init=-1: [d0142895-3600-4281-b367-196d2d0762b5:192.168.30.6:37045], old=null, confs=<EMPTY_MAP>
2019-09-25 11:50:12,095 [pool-287-thread-1] INFO  server.RaftServerConfigKeys (ConfUtils.java:logGet(43)) - raft.server.storage.dir = [/workdir/hadoop-ozone/ozonefs/target/test-dir/MiniOzoneClusterImpl-e6fda8ce-95ce-407e-bce9-2f736e2fb72c/datanode-1/data/ratis] (custom)
2019-09-25 11:50:12,096 [pool-287-thread-1] INFO  storage.RaftStorageDirectory (RaftStorageDirectory.java:analyzeStorage(246)) - The storage directory /workdir/hadoop-ozone/ozonefs/target/test-dir/MiniOzoneClusterImpl-e6fda8ce-95ce-407e-bce9-2f736e2fb72c/datanode-1/data/ratis/aea99728-447e-4330-a4b2-d3bb587aaed0 does not exist. Creating ...
2019-09-25 11:50:12,101 [pool-287-thread-1] INFO  storage.RaftStorageDirectory (RaftStorageDirectory.java:tryLock(328)) - Lock on /workdir/hadoop-ozone/ozonefs/target/test-dir/MiniOzoneClusterImpl-e6fda8ce-95ce-407e-bce9-2f736e2fb72c/datanode-1/data/ratis/aea99728-447e-4330-a4b2-d3bb587aaed0/in_use.lock acquired by nodename 16435@pr-hdds-1569-5gmkr-4255264070
2019-09-25 11:50:12,115 [pool-287-thread-1] INFO  storage.RaftStorage (RaftStorage.java:format(72)) - Storage directory /workdir/hadoop-ozone/ozonefs/target/test-dir/MiniOzoneClusterImpl-e6fda8ce-95ce-407e-bce9-2f736e2fb72c/datanode-1/data/ratis/aea99728-447e-4330-a4b2-d3bb587aaed0 has been successfully formatted.
2019-09-25 11:50:12,115 [pool-287-thread-1] INFO  ratis.ContainerStateMachine (ContainerStateMachine.java:loadSnapshot(230)) - group-D3BB587AAED0: The snapshot info is null. Setting the last applied indexto:(t:0, i:~)
2019-09-25 11:50:12,115 [pool-287-thread-1] INFO  server.RaftServerConfigKeys (ConfUtils.java:logGet(43)) - raft.server.notification.no-leader.timeout = 120s (custom)
2019-09-25 11:50:12,116 [pool-287-thread-1] INFO  server.RaftServerConfigKeys (ConfUtils.java:logGet(43)) - raft.server.log.use.memory = false (default)
2019-09-25 11:50:12,116 [pool-287-thread-1] INFO  server.RaftServerConfigKeys (ConfUtils.java:logGet(43)) - raft.server.log.purge.gap = 1000000 (custom)
2019-09-25 11:50:12,116 [pool-287-thread-1] INFO  server.RaftServerConfigKeys (ConfUtils.java:logGet(43)) - raft.server.log.appender.buffer.byte-limit = 33554432 (custom)
2019-09-25 11:50:12,116 [pool-287-thread-1] INFO  server.RaftServerConfigKeys (ConfUtils.java:logGet(43)) - raft.server.log.segment.size.max = 1048576 (custom)
2019-09-25 11:50:12,116 [pool-287-thread-1] INFO  server.RaftServerConfigKeys (ConfUtils.java:logGet(43)) - raft.server.log.segment.cache.num.max = 2 (custom)
2019-09-25 11:50:12,116 [pool-287-thread-1] INFO  segmented.SegmentedRaftLogWorker (SegmentedRaftLogWorker.java:<init>(172)) - new d0142895-3600-4281-b367-196d2d0762b5@group-D3BB587AAED0-SegmentedRaftLogWorker for RaftStorage:Storage Directory /workdir/hadoop-ozone/ozonefs/target/test-dir/MiniOzoneClusterImpl-e6fda8ce-95ce-407e-bce9-2f736e2fb72c/datanode-1/data/ratis/aea99728-447e-4330-a4b2-d3bb587aaed0
2019-09-25 11:50:12,116 [pool-287-thread-1] INFO  server.RaftServerConfigKeys (ConfUtils.java:logGet(43)) - raft.server.log.queue.byte-limit = 2147483647 (custom)
2019-09-25 11:50:12,116 [pool-287-thread-1] INFO  server.RaftServerConfigKeys (ConfUtils.java:logGet(43)) - raft.server.log.queue.element-limit = 1024 (custom)
2019-09-25 11:50:12,117 [pool-287-thread-1] INFO  server.RaftServerConfigKeys (ConfUtils.java:logGet(43)) - raft.server.log.segment.size.max = 1048576 (custom)
2019-09-25 11:50:12,117 [pool-287-thread-1] INFO  server.RaftServerConfigKeys (ConfUtils.java:logGet(43)) - raft.server.log.preallocated.size = 16384 (custom)
2019-09-25 11:50:12,117 [pool-287-thread-1] INFO  server.RaftServerConfigKeys (ConfUtils.java:logGet(43)) - raft.server.log.write.buffer.size = 33554432 (custom)
2019-09-25 11:50:12,117 [pool-287-thread-1] INFO  server.RaftServerConfigKeys (ConfUtils.java:logGet(43)) - raft.server.log.force.sync.num = 128 (default)
2019-09-25 11:50:12,117 [pool-287-thread-1] INFO  server.RaftServerConfigKeys (ConfUtils.java:logGet(43)) - raft.server.log.statemachine.data.sync = true (default)
2019-09-25 11:50:12,117 [pool-287-thread-1] INFO  server.RaftServerConfigKeys (ConfUtils.java:logGet(43)) - raft.server.log.statemachine.data.sync.timeout = 10s (default)
2019-09-25 11:50:12,117 [pool-287-thread-1] INFO  server.RaftServerConfigKeys (ConfUtils.java:logGet(43)) - raft.server.log.statemachine.data.sync.timeout.retry = -1 (default)
2019-09-25 11:50:12,118 [pool-287-thread-1] INFO  server.RaftServerConfigKeys (ConfUtils.java:logGet(43)) - raft.server.log.statemachine.data.caching.enabled = true (custom)
2019-09-25 11:50:12,118 [pool-287-thread-1] INFO  segmented.SegmentedRaftLogWorker (SegmentedRaftLogWorker.java:lambda$new$0(132)) - d0142895-3600-4281-b367-196d2d0762b5@group-D3BB587AAED0-SegmentedRaftLogWorker: flushIndex: setUnconditionally 0 -> -1
2019-09-25 11:50:12,118 [pool-287-thread-1] INFO  server.RaftServerConfigKeys (ConfUtils.java:logGet(43)) - raft.server.snapshot.auto.trigger.enabled = true (custom)
2019-09-25 11:50:12,118 [pool-287-thread-1] INFO  server.RaftServerConfigKeys (ConfUtils.java:logGet(43)) - raft.server.snapshot.auto.trigger.threshold = 10000 (custom)
2019-09-25 11:50:12,118 [pool-287-thread-1] INFO  server.RaftServerConfigKeys (ConfUtils.java:logGet(43)) - raft.server.snapshot.retention.num.files = 5 (custom)
2019-09-25 11:50:12,118 [pool-287-thread-1] INFO  server.RaftServerConfigKeys (ConfUtils.java:logGet(43)) - raft.server.retrycache.expirytime = 600000ms (custom)
2019-09-25 11:50:12,120 [pool-287-thread-1] INFO  impl.RaftServerImpl (RaftServerImpl.java:start(185)) - d0142895-3600-4281-b367-196d2d0762b5@group-D3BB587AAED0: start as a follower, conf=-1: [d0142895-3600-4281-b367-196d2d0762b5:192.168.30.6:37045], old=null
2019-09-25 11:50:12,120 [pool-287-thread-1] INFO  impl.RaftServerImpl (RaftServerImpl.java:setRole(174)) - d0142895-3600-4281-b367-196d2d0762b5@group-D3BB587AAED0: changes role from      null to FOLLOWER at term 0 for startAsFollower
2019-09-25 11:50:12,120 [pool-287-thread-1] INFO  impl.RoleInfo (RoleInfo.java:updateAndGet(143)) - d0142895-3600-4281-b367-196d2d0762b5: start FollowerState
2019-09-25 11:50:12,121 [pool-287-thread-1] INFO  util.JmxRegister (JmxRegister.java:tryRegister(44)) - Successfully registered JMX Bean with object name Ratis:service=RaftServer,group=group-D3BB587AAED0,id=d0142895-3600-4281-b367-196d2d0762b5
2019-09-25 11:50:12,123 [RatisPipelineUtilsThread] INFO  pipeline.PipelineStateManager (PipelineStateManager.java:addPipeline(56)) - Created pipeline Pipeline[ Id: aea99728-447e-4330-a4b2-d3bb587aaed0, Nodes: d0142895-3600-4281-b367-196d2d0762b5{ip: 192.168.30.6, host: pr-hdds-1569-5gmkr-4255264070, networkLocation: /default-rack, certSerialId: null}, Type:RATIS, Factor:ONE, State:OPEN]
2019-09-25 11:50:12,124 [RatisPipelineUtilsThread] INFO  pipeline.PipelinePlacementPolicy (PipelinePlacementPolicy.java:meetCriteria(91)) - Pipeline Placement: can't place more pipeline on heavy datanode： 0b04bb08-988e-4c11-bb19-b8e35e208749 Heaviness: 6 limit: 5
2019-09-25 11:50:12,129 [grpc-default-executor-0] INFO  impl.RaftServerProxy (RaftServerProxy.java:addNew(89)) - d0142895-3600-4281-b367-196d2d0762b5: addNew group-EE70857FB4E8:[d0142895-3600-4281-b367-196d2d0762b5:192.168.30.6:37045] returns group-EE70857FB4E8:java.util.concurrent.CompletableFuture@69837130[Not completed]
2019-09-25 11:50:12,130 [pool-287-thread-1] INFO  impl.RaftServerImpl (RaftServerImpl.java:<init>(95)) - d0142895-3600-4281-b367-196d2d0762b5: new RaftServerImpl for group-EE70857FB4E8:[d0142895-3600-4281-b367-196d2d0762b5:192.168.30.6:37045] with ContainerStateMachine:uninitialized
2019-09-25 11:50:12,130 [pool-287-thread-1] INFO  server.RaftServerConfigKeys (ConfUtils.java:logGet(43)) - raft.server.rpc.timeout.min = 5s (custom)
2019-09-25 11:50:12,130 [pool-287-thread-1] INFO  server.RaftServerConfigKeys (ConfUtils.java:logGet(43)) - raft.server.rpc.timeout.max = 5200ms (custom)
2019-09-25 11:50:12,130 [pool-287-thread-1] INFO  server.RaftServerConfigKeys (ConfUtils.java:logGet(43)) - raft.server.rpcslowness.timeout = 120s (custom)
2019-09-25 11:50:12,131 [pool-287-thread-1] INFO  server.RaftServerConfigKeys (ConfUtils.java:logGet(43)) - raft.server.sleep.deviation.threshold = 300 (default)
2019-09-25 11:50:12,131 [pool-287-thread-1] INFO  server.RaftServerConfigKeys (ConfUtils.java:logGet(43)) - raft.server.log.appender.install.snapshot.enabled = false (custom)
2019-09-25 11:50:12,131 [pool-287-thread-1] INFO  impl.RaftServerImpl (ServerState.java:<init>(103)) - d0142895-3600-4281-b367-196d2d0762b5@group-EE70857FB4E8: ConfigurationManager, init=-1: [d0142895-3600-4281-b367-196d2d0762b5:192.168.30.6:37045], old=null, confs=<EMPTY_MAP>
2019-09-25 11:50:12,131 [pool-287-thread-1] INFO  server.RaftServerConfigKeys (ConfUtils.java:logGet(43)) - raft.server.storage.dir = [/workdir/hadoop-ozone/ozonefs/target/test-dir/MiniOzoneClusterImpl-e6fda8ce-95ce-407e-bce9-2f736e2fb72c/datanode-1/data/ratis] (custom)
2019-09-25 11:50:12,131 [pool-287-thread-1] INFO  storage.RaftStorageDirectory (RaftStorageDirectory.java:analyzeStorage(246)) - The storage directory /workdir/hadoop-ozone/ozonefs/target/test-dir/MiniOzoneClusterImpl-e6fda8ce-95ce-407e-bce9-2f736e2fb72c/datanode-1/data/ratis/f1f942ee-828b-4187-8c4e-ee70857fb4e8 does not exist. Creating ...
2019-09-25 11:50:12,149 [pool-287-thread-1] INFO  storage.RaftStorageDirectory (RaftStorageDirectory.java:tryLock(328)) - Lock on /workdir/hadoop-ozone/ozonefs/target/test-dir/MiniOzoneClusterImpl-e6fda8ce-95ce-407e-bce9-2f736e2fb72c/datanode-1/data/ratis/f1f942ee-828b-4187-8c4e-ee70857fb4e8/in_use.lock acquired by nodename 16435@pr-hdds-1569-5gmkr-4255264070
2019-09-25 11:50:12,159 [pool-287-thread-1] INFO  storage.RaftStorage (RaftStorage.java:format(72)) - Storage directory /workdir/hadoop-ozone/ozonefs/target/test-dir/MiniOzoneClusterImpl-e6fda8ce-95ce-407e-bce9-2f736e2fb72c/datanode-1/data/ratis/f1f942ee-828b-4187-8c4e-ee70857fb4e8 has been successfully formatted.
2019-09-25 11:50:12,159 [pool-287-thread-1] INFO  ratis.ContainerStateMachine (ContainerStateMachine.java:loadSnapshot(230)) - group-EE70857FB4E8: The snapshot info is null. Setting the last applied indexto:(t:0, i:~)
2019-09-25 11:50:12,159 [pool-287-thread-1] INFO  server.RaftServerConfigKeys (ConfUtils.java:logGet(43)) - raft.server.notification.no-leader.timeout = 120s (custom)
2019-09-25 11:50:12,159 [pool-287-thread-1] INFO  server.RaftServerConfigKeys (ConfUtils.java:logGet(43)) - raft.server.log.use.memory = false (default)
2019-09-25 11:50:12,159 [pool-287-thread-1] INFO  server.RaftServerConfigKeys (ConfUtils.java:logGet(43)) - raft.server.log.purge.gap = 1000000 (custom)
2019-09-25 11:50:12,159 [pool-287-thread-1] INFO  server.RaftServerConfigKeys (ConfUtils.java:logGet(43)) - raft.server.log.appender.buffer.byte-limit = 33554432 (custom)
2019-09-25 11:50:12,160 [pool-287-thread-1] INFO  server.RaftServerConfigKeys (ConfUtils.java:logGet(43)) - raft.server.log.segment.size.max = 1048576 (custom)
2019-09-25 11:50:12,160 [pool-287-thread-1] INFO  server.RaftServerConfigKeys (ConfUtils.java:logGet(43)) - raft.server.log.segment.cache.num.max = 2 (custom)
2019-09-25 11:50:12,160 [pool-287-thread-1] INFO  segmented.SegmentedRaftLogWorker (SegmentedRaftLogWorker.java:<init>(172)) - new d0142895-3600-4281-b367-196d2d0762b5@group-EE70857FB4E8-SegmentedRaftLogWorker for RaftStorage:Storage Directory /workdir/hadoop-ozone/ozonefs/target/test-dir/MiniOzoneClusterImpl-e6fda8ce-95ce-407e-bce9-2f736e2fb72c/datanode-1/data/ratis/f1f942ee-828b-4187-8c4e-ee70857fb4e8
2019-09-25 11:50:12,160 [pool-287-thread-1] INFO  server.RaftServerConfigKeys (ConfUtils.java:logGet(43)) - raft.server.log.queue.byte-limit = 2147483647 (custom)
2019-09-25 11:50:12,160 [pool-287-thread-1] INFO  server.RaftServerConfigKeys (ConfUtils.java:logGet(43)) - raft.server.log.queue.element-limit = 1024 (custom)
2019-09-25 11:50:12,160 [pool-287-thread-1] INFO  server.RaftServerConfigKeys (ConfUtils.java:logGet(43)) - raft.server.log.segment.size.max = 1048576 (custom)
2019-09-25 11:50:12,160 [pool-287-thread-1] INFO  server.RaftServerConfigKeys (ConfUtils.java:logGet(43)) - raft.server.log.preallocated.size = 16384 (custom)
2019-09-25 11:50:12,161 [pool-287-thread-1] INFO  server.RaftServerConfigKeys (ConfUtils.java:logGet(43)) - raft.server.log.write.buffer.size = 33554432 (custom)
2019-09-25 11:50:12,161 [pool-287-thread-1] INFO  server.RaftServerConfigKeys (ConfUtils.java:logGet(43)) - raft.server.log.force.sync.num = 128 (default)
2019-09-25 11:50:12,161 [pool-287-thread-1] INFO  server.RaftServerConfigKeys (ConfUtils.java:logGet(43)) - raft.server.log.statemachine.data.sync = true (default)
2019-09-25 11:50:12,161 [pool-287-thread-1] INFO  server.RaftServerConfigKeys (ConfUtils.java:logGet(43)) - raft.server.log.statemachine.data.sync.timeout = 10s (default)
2019-09-25 11:50:12,161 [pool-287-thread-1] INFO  server.RaftServerConfigKeys (ConfUtils.java:logGet(43)) - raft.server.log.statemachine.data.sync.timeout.retry = -1 (default)
2019-09-25 11:50:12,161 [pool-287-thread-1] INFO  server.RaftServerConfigKeys (ConfUtils.java:logGet(43)) - raft.server.log.statemachine.data.caching.enabled = true (custom)
2019-09-25 11:50:12,162 [pool-287-thread-1] INFO  segmented.SegmentedRaftLogWorker (SegmentedRaftLogWorker.java:lambda$new$0(132)) - d0142895-3600-4281-b367-196d2d0762b5@group-EE70857FB4E8-SegmentedRaftLogWorker: flushIndex: setUnconditionally 0 -> -1
2019-09-25 11:50:12,162 [pool-287-thread-1] INFO  server.RaftServerConfigKeys (ConfUtils.java:logGet(43)) - raft.server.snapshot.auto.trigger.enabled = true (custom)
2019-09-25 11:50:12,162 [pool-287-thread-1] INFO  server.RaftServerConfigKeys (ConfUtils.java:logGet(43)) - raft.server.snapshot.auto.trigger.threshold = 10000 (custom)
2019-09-25 11:50:12,162 [pool-287-thread-1] INFO  server.RaftServerConfigKeys (ConfUtils.java:logGet(43)) - raft.server.snapshot.retention.num.files = 5 (custom)
2019-09-25 11:50:12,162 [pool-287-thread-1] INFO  server.RaftServerConfigKeys (ConfUtils.java:logGet(43)) - raft.server.retrycache.expirytime = 600000ms (custom)
2019-09-25 11:50:12,164 [pool-287-thread-1] INFO  impl.RaftServerImpl (RaftServerImpl.java:start(185)) - d0142895-3600-4281-b367-196d2d0762b5@group-EE70857FB4E8: start as a follower, conf=-1: [d0142895-3600-4281-b367-196d2d0762b5:192.168.30.6:37045], old=null
2019-09-25 11:50:12,164 [pool-287-thread-1] INFO  impl.RaftServerImpl (RaftServerImpl.java:setRole(174)) - d0142895-3600-4281-b367-196d2d0762b5@group-EE70857FB4E8: changes role from      null to FOLLOWER at term 0 for startAsFollower
2019-09-25 11:50:12,164 [pool-287-thread-1] INFO  impl.RoleInfo (RoleInfo.java:updateAndGet(143)) - d0142895-3600-4281-b367-196d2d0762b5: start FollowerState
2019-09-25 11:50:12,164 [pool-287-thread-1] INFO  util.JmxRegister (JmxRegister.java:tryRegister(44)) - Successfully registered JMX Bean with object name Ratis:service=RaftServer,group=group-EE70857FB4E8,id=d0142895-3600-4281-b367-196d2d0762b5
2019-09-25 11:50:12,167 [RatisPipelineUtilsThread] INFO  pipeline.PipelineStateManager (PipelineStateManager.java:addPipeline(56)) - Created pipeline Pipeline[ Id: f1f942ee-828b-4187-8c4e-ee70857fb4e8, Nodes: d0142895-3600-4281-b367-196d2d0762b5{ip: 192.168.30.6, host: pr-hdds-1569-5gmkr-4255264070, networkLocation: /default-rack, certSerialId: null}, Type:RATIS, Factor:ONE, State:OPEN]
2019-09-25 11:50:12,167 [RatisPipelineUtilsThread] INFO  pipeline.PipelinePlacementPolicy (PipelinePlacementPolicy.java:meetCriteria(91)) - Pipeline Placement: can't place more pipeline on heavy datanode： 0b04bb08-988e-4c11-bb19-b8e35e208749 Heaviness: 6 limit: 5
2019-09-25 11:50:12,172 [grpc-default-executor-0] INFO  impl.RaftServerProxy (RaftServerProxy.java:addNew(89)) - e37a6a86-ba01-4b78-8a19-1770b3bcf624: addNew group-0C71227A7BE9:[e37a6a86-ba01-4b78-8a19-1770b3bcf624:192.168.30.6:33872] returns group-0C71227A7BE9:java.util.concurrent.CompletableFuture@7dd769f2[Not completed]
2019-09-25 11:50:12,173 [pool-297-thread-1] INFO  impl.RaftServerImpl (RaftServerImpl.java:<init>(95)) - e37a6a86-ba01-4b78-8a19-1770b3bcf624: new RaftServerImpl for group-0C71227A7BE9:[e37a6a86-ba01-4b78-8a19-1770b3bcf624:192.168.30.6:33872] with ContainerStateMachine:uninitialized
2019-09-25 11:50:12,173 [pool-297-thread-1] INFO  server.RaftServerConfigKeys (ConfUtils.java:logGet(43)) - raft.server.rpc.timeout.min = 5s (custom)
2019-09-25 11:50:12,173 [pool-297-thread-1] INFO  server.RaftServerConfigKeys (ConfUtils.java:logGet(43)) - raft.server.rpc.timeout.max = 5200ms (custom)
2019-09-25 11:50:12,173 [pool-297-thread-1] INFO  server.RaftServerConfigKeys (ConfUtils.java:logGet(43)) - raft.server.rpcslowness.timeout = 120s (custom)
2019-09-25 11:50:12,174 [pool-297-thread-1] INFO  server.RaftServerConfigKeys (ConfUtils.java:logGet(43)) - raft.server.sleep.deviation.threshold = 300 (default)
2019-09-25 11:50:12,174 [pool-297-thread-1] INFO  server.RaftServerConfigKeys (ConfUtils.java:logGet(43)) - raft.server.log.appender.install.snapshot.enabled = false (custom)
2019-09-25 11:50:12,174 [pool-297-thread-1] INFO  impl.RaftServerImpl (ServerState.java:<init>(103)) - e37a6a86-ba01-4b78-8a19-1770b3bcf624@group-0C71227A7BE9: ConfigurationManager, init=-1: [e37a6a86-ba01-4b78-8a19-1770b3bcf624:192.168.30.6:33872], old=null, confs=<EMPTY_MAP>
2019-09-25 11:50:12,174 [pool-297-thread-1] INFO  server.RaftServerConfigKeys (ConfUtils.java:logGet(43)) - raft.server.storage.dir = [/workdir/hadoop-ozone/ozonefs/target/test-dir/MiniOzoneClusterImpl-e6fda8ce-95ce-407e-bce9-2f736e2fb72c/datanode-2/data/ratis] (custom)
2019-09-25 11:50:12,174 [pool-297-thread-1] INFO  storage.RaftStorageDirectory (RaftStorageDirectory.java:analyzeStorage(246)) - The storage directory /workdir/hadoop-ozone/ozonefs/target/test-dir/MiniOzoneClusterImpl-e6fda8ce-95ce-407e-bce9-2f736e2fb72c/datanode-2/data/ratis/d25f8224-bfd9-422b-ab30-0c71227a7be9 does not exist. Creating ...
2019-09-25 11:50:12,188 [pool-297-thread-1] INFO  storage.RaftStorageDirectory (RaftStorageDirectory.java:tryLock(328)) - Lock on /workdir/hadoop-ozone/ozonefs/target/test-dir/MiniOzoneClusterImpl-e6fda8ce-95ce-407e-bce9-2f736e2fb72c/datanode-2/data/ratis/d25f8224-bfd9-422b-ab30-0c71227a7be9/in_use.lock acquired by nodename 16435@pr-hdds-1569-5gmkr-4255264070
2019-09-25 11:50:12,201 [pool-297-thread-1] INFO  storage.RaftStorage (RaftStorage.java:format(72)) - Storage directory /workdir/hadoop-ozone/ozonefs/target/test-dir/MiniOzoneClusterImpl-e6fda8ce-95ce-407e-bce9-2f736e2fb72c/datanode-2/data/ratis/d25f8224-bfd9-422b-ab30-0c71227a7be9 has been successfully formatted.
2019-09-25 11:50:12,201 [pool-297-thread-1] INFO  ratis.ContainerStateMachine (ContainerStateMachine.java:loadSnapshot(230)) - group-0C71227A7BE9: The snapshot info is null. Setting the last applied indexto:(t:0, i:~)
2019-09-25 11:50:12,202 [pool-297-thread-1] INFO  server.RaftServerConfigKeys (ConfUtils.java:logGet(43)) - raft.server.notification.no-leader.timeout = 120s (custom)
2019-09-25 11:50:12,202 [pool-297-thread-1] INFO  server.RaftServerConfigKeys (ConfUtils.java:logGet(43)) - raft.server.log.use.memory = false (default)
2019-09-25 11:50:12,202 [pool-297-thread-1] INFO  server.RaftServerConfigKeys (ConfUtils.java:logGet(43)) - raft.server.log.purge.gap = 1000000 (custom)
2019-09-25 11:50:12,202 [pool-297-thread-1] INFO  server.RaftServerConfigKeys (ConfUtils.java:logGet(43)) - raft.server.log.appender.buffer.byte-limit = 33554432 (custom)
2019-09-25 11:50:12,202 [pool-297-thread-1] INFO  server.RaftServerConfigKeys (ConfUtils.java:logGet(43)) - raft.server.log.segment.size.max = 1048576 (custom)
2019-09-25 11:50:12,202 [pool-297-thread-1] INFO  server.RaftServerConfigKeys (ConfUtils.java:logGet(43)) - raft.server.log.segment.cache.num.max = 2 (custom)
2019-09-25 11:50:12,202 [pool-297-thread-1] INFO  segmented.SegmentedRaftLogWorker (SegmentedRaftLogWorker.java:<init>(172)) - new e37a6a86-ba01-4b78-8a19-1770b3bcf624@group-0C71227A7BE9-SegmentedRaftLogWorker for RaftStorage:Storage Directory /workdir/hadoop-ozone/ozonefs/target/test-dir/MiniOzoneClusterImpl-e6fda8ce-95ce-407e-bce9-2f736e2fb72c/datanode-2/data/ratis/d25f8224-bfd9-422b-ab30-0c71227a7be9
2019-09-25 11:50:12,203 [pool-297-thread-1] INFO  server.RaftServerConfigKeys (ConfUtils.java:logGet(43)) - raft.server.log.queue.byte-limit = 2147483647 (custom)
2019-09-25 11:50:12,203 [pool-297-thread-1] INFO  server.RaftServerConfigKeys (ConfUtils.java:logGet(43)) - raft.server.log.queue.element-limit = 1024 (custom)
2019-09-25 11:50:12,203 [pool-297-thread-1] INFO  server.RaftServerConfigKeys (ConfUtils.java:logGet(43)) - raft.server.log.segment.size.max = 1048576 (custom)
2019-09-25 11:50:12,203 [pool-297-thread-1] INFO  server.RaftServerConfigKeys (ConfUtils.java:logGet(43)) - raft.server.log.preallocated.size = 16384 (custom)
2019-09-25 11:50:12,203 [pool-297-thread-1] INFO  server.RaftServerConfigKeys (ConfUtils.java:logGet(43)) - raft.server.log.write.buffer.size = 33554432 (custom)
2019-09-25 11:50:12,203 [pool-297-thread-1] INFO  server.RaftServerConfigKeys (ConfUtils.java:logGet(43)) - raft.server.log.force.sync.num = 128 (default)
2019-09-25 11:50:12,203 [pool-297-thread-1] INFO  server.RaftServerConfigKeys (ConfUtils.java:logGet(43)) - raft.server.log.statemachine.data.sync = true (default)
2019-09-25 11:50:12,204 [pool-297-thread-1] INFO  server.RaftServerConfigKeys (ConfUtils.java:logGet(43)) - raft.server.log.statemachine.data.sync.timeout = 10s (default)
2019-09-25 11:50:12,204 [pool-297-thread-1] INFO  server.RaftServerConfigKeys (ConfUtils.java:logGet(43)) - raft.server.log.statemachine.data.sync.timeout.retry = -1 (default)
2019-09-25 11:50:12,204 [pool-297-thread-1] INFO  server.RaftServerConfigKeys (ConfUtils.java:logGet(43)) - raft.server.log.statemachine.data.caching.enabled = true (custom)
2019-09-25 11:50:12,204 [pool-297-thread-1] INFO  segmented.SegmentedRaftLogWorker (SegmentedRaftLogWorker.java:lambda$new$0(132)) - e37a6a86-ba01-4b78-8a19-1770b3bcf624@group-0C71227A7BE9-SegmentedRaftLogWorker: flushIndex: setUnconditionally 0 -> -1
2019-09-25 11:50:12,204 [pool-297-thread-1] INFO  server.RaftServerConfigKeys (ConfUtils.java:logGet(43)) - raft.server.snapshot.auto.trigger.enabled = true (custom)
2019-09-25 11:50:12,205 [pool-297-thread-1] INFO  server.RaftServerConfigKeys (ConfUtils.java:logGet(43)) - raft.server.snapshot.auto.trigger.threshold = 10000 (custom)
2019-09-25 11:50:12,205 [pool-297-thread-1] INFO  server.RaftServerConfigKeys (ConfUtils.java:logGet(43)) - raft.server.snapshot.retention.num.files = 5 (custom)
2019-09-25 11:50:12,205 [pool-297-thread-1] INFO  server.RaftServerConfigKeys (ConfUtils.java:logGet(43)) - raft.server.retrycache.expirytime = 600000ms (custom)
2019-09-25 11:50:12,207 [pool-297-thread-1] INFO  impl.RaftServerImpl (RaftServerImpl.java:start(185)) - e37a6a86-ba01-4b78-8a19-1770b3bcf624@group-0C71227A7BE9: start as a follower, conf=-1: [e37a6a86-ba01-4b78-8a19-1770b3bcf624:192.168.30.6:33872], old=null
2019-09-25 11:50:12,207 [pool-297-thread-1] INFO  impl.RaftServerImpl (RaftServerImpl.java:setRole(174)) - e37a6a86-ba01-4b78-8a19-1770b3bcf624@group-0C71227A7BE9: changes role from      null to FOLLOWER at term 0 for startAsFollower
2019-09-25 11:50:12,207 [pool-297-thread-1] INFO  impl.RoleInfo (RoleInfo.java:updateAndGet(143)) - e37a6a86-ba01-4b78-8a19-1770b3bcf624: start FollowerState
2019-09-25 11:50:12,207 [pool-297-thread-1] INFO  util.JmxRegister (JmxRegister.java:tryRegister(44)) - Successfully registered JMX Bean with object name Ratis:service=RaftServer,group=group-0C71227A7BE9,id=e37a6a86-ba01-4b78-8a19-1770b3bcf624
2019-09-25 11:50:12,210 [RatisPipelineUtilsThread] INFO  pipeline.PipelineStateManager (PipelineStateManager.java:addPipeline(56)) - Created pipeline Pipeline[ Id: d25f8224-bfd9-422b-ab30-0c71227a7be9, Nodes: e37a6a86-ba01-4b78-8a19-1770b3bcf624{ip: 192.168.30.6, host: pr-hdds-1569-5gmkr-4255264070, networkLocation: /default-rack, certSerialId: null}, Type:RATIS, Factor:ONE, State:OPEN]
2019-09-25 11:50:12,210 [RatisPipelineUtilsThread] INFO  pipeline.PipelinePlacementPolicy (PipelinePlacementPolicy.java:meetCriteria(91)) - Pipeline Placement: can't place more pipeline on heavy datanode： 0b04bb08-988e-4c11-bb19-b8e35e208749 Heaviness: 6 limit: 5
2019-09-25 11:50:12,215 [grpc-default-executor-0] INFO  impl.RaftServerProxy (RaftServerProxy.java:addNew(89)) - d0142895-3600-4281-b367-196d2d0762b5: addNew group-8835B8DF4DD0:[d0142895-3600-4281-b367-196d2d0762b5:192.168.30.6:37045] returns group-8835B8DF4DD0:java.util.concurrent.CompletableFuture@61739045[Not completed]
2019-09-25 11:50:12,216 [pool-287-thread-1] INFO  impl.RaftServerImpl (RaftServerImpl.java:<init>(95)) - d0142895-3600-4281-b367-196d2d0762b5: new RaftServerImpl for group-8835B8DF4DD0:[d0142895-3600-4281-b367-196d2d0762b5:192.168.30.6:37045] with ContainerStateMachine:uninitialized
2019-09-25 11:50:12,216 [pool-287-thread-1] INFO  server.RaftServerConfigKeys (ConfUtils.java:logGet(43)) - raft.server.rpc.timeout.min = 5s (custom)
2019-09-25 11:50:12,216 [pool-287-thread-1] INFO  server.RaftServerConfigKeys (ConfUtils.java:logGet(43)) - raft.server.rpc.timeout.max = 5200ms (custom)
2019-09-25 11:50:12,216 [pool-287-thread-1] INFO  server.RaftServerConfigKeys (ConfUtils.java:logGet(43)) - raft.server.rpcslowness.timeout = 120s (custom)
2019-09-25 11:50:12,217 [pool-287-thread-1] INFO  server.RaftServerConfigKeys (ConfUtils.java:logGet(43)) - raft.server.sleep.deviation.threshold = 300 (default)
2019-09-25 11:50:12,217 [pool-287-thread-1] INFO  server.RaftServerConfigKeys (ConfUtils.java:logGet(43)) - raft.server.log.appender.install.snapshot.enabled = false (custom)
2019-09-25 11:50:12,217 [pool-287-thread-1] INFO  impl.RaftServerImpl (ServerState.java:<init>(103)) - d0142895-3600-4281-b367-196d2d0762b5@group-8835B8DF4DD0: ConfigurationManager, init=-1: [d0142895-3600-4281-b367-196d2d0762b5:192.168.30.6:37045], old=null, confs=<EMPTY_MAP>
2019-09-25 11:50:12,217 [pool-287-thread-1] INFO  server.RaftServerConfigKeys (ConfUtils.java:logGet(43)) - raft.server.storage.dir = [/workdir/hadoop-ozone/ozonefs/target/test-dir/MiniOzoneClusterImpl-e6fda8ce-95ce-407e-bce9-2f736e2fb72c/datanode-1/data/ratis] (custom)
2019-09-25 11:50:12,217 [pool-287-thread-1] INFO  storage.RaftStorageDirectory (RaftStorageDirectory.java:analyzeStorage(246)) - The storage directory /workdir/hadoop-ozone/ozonefs/target/test-dir/MiniOzoneClusterImpl-e6fda8ce-95ce-407e-bce9-2f736e2fb72c/datanode-1/data/ratis/dd34d929-20d7-4546-ad16-8835b8df4dd0 does not exist. Creating ...
2019-09-25 11:50:12,260 [pool-287-thread-1] INFO  storage.RaftStorageDirectory (RaftStorageDirectory.java:tryLock(328)) - Lock on /workdir/hadoop-ozone/ozonefs/target/test-dir/MiniOzoneClusterImpl-e6fda8ce-95ce-407e-bce9-2f736e2fb72c/datanode-1/data/ratis/dd34d929-20d7-4546-ad16-8835b8df4dd0/in_use.lock acquired by nodename 16435@pr-hdds-1569-5gmkr-4255264070
2019-09-25 11:50:12,275 [pool-287-thread-1] INFO  storage.RaftStorage (RaftStorage.java:format(72)) - Storage directory /workdir/hadoop-ozone/ozonefs/target/test-dir/MiniOzoneClusterImpl-e6fda8ce-95ce-407e-bce9-2f736e2fb72c/datanode-1/data/ratis/dd34d929-20d7-4546-ad16-8835b8df4dd0 has been successfully formatted.
2019-09-25 11:50:12,275 [pool-287-thread-1] INFO  ratis.ContainerStateMachine (ContainerStateMachine.java:loadSnapshot(230)) - group-8835B8DF4DD0: The snapshot info is null. Setting the last applied indexto:(t:0, i:~)
2019-09-25 11:50:12,275 [pool-287-thread-1] INFO  server.RaftServerConfigKeys (ConfUtils.java:logGet(43)) - raft.server.notification.no-leader.timeout = 120s (custom)
2019-09-25 11:50:12,275 [pool-287-thread-1] INFO  server.RaftServerConfigKeys (ConfUtils.java:logGet(43)) - raft.server.log.use.memory = false (default)
2019-09-25 11:50:12,275 [pool-287-thread-1] INFO  server.RaftServerConfigKeys (ConfUtils.java:logGet(43)) - raft.server.log.purge.gap = 1000000 (custom)
2019-09-25 11:50:12,276 [pool-287-thread-1] INFO  server.RaftServerConfigKeys (ConfUtils.java:logGet(43)) - raft.server.log.appender.buffer.byte-limit = 33554432 (custom)
2019-09-25 11:50:12,276 [pool-287-thread-1] INFO  server.RaftServerConfigKeys (ConfUtils.java:logGet(43)) - raft.server.log.segment.size.max = 1048576 (custom)
2019-09-25 11:50:12,276 [pool-287-thread-1] INFO  server.RaftServerConfigKeys (ConfUtils.java:logGet(43)) - raft.server.log.segment.cache.num.max = 2 (custom)
2019-09-25 11:50:12,276 [pool-287-thread-1] INFO  segmented.SegmentedRaftLogWorker (SegmentedRaftLogWorker.java:<init>(172)) - new d0142895-3600-4281-b367-196d2d0762b5@group-8835B8DF4DD0-SegmentedRaftLogWorker for RaftStorage:Storage Directory /workdir/hadoop-ozone/ozonefs/target/test-dir/MiniOzoneClusterImpl-e6fda8ce-95ce-407e-bce9-2f736e2fb72c/datanode-1/data/ratis/dd34d929-20d7-4546-ad16-8835b8df4dd0
2019-09-25 11:50:12,276 [pool-287-thread-1] INFO  server.RaftServerConfigKeys (ConfUtils.java:logGet(43)) - raft.server.log.queue.byte-limit = 2147483647 (custom)
2019-09-25 11:50:12,276 [pool-287-thread-1] INFO  server.RaftServerConfigKeys (ConfUtils.java:logGet(43)) - raft.server.log.queue.element-limit = 1024 (custom)
2019-09-25 11:50:12,276 [pool-287-thread-1] INFO  server.RaftServerConfigKeys (ConfUtils.java:logGet(43)) - raft.server.log.segment.size.max = 1048576 (custom)
2019-09-25 11:50:12,277 [pool-287-thread-1] INFO  server.RaftServerConfigKeys (ConfUtils.java:logGet(43)) - raft.server.log.preallocated.size = 16384 (custom)
2019-09-25 11:50:12,277 [pool-287-thread-1] INFO  server.RaftServerConfigKeys (ConfUtils.java:logGet(43)) - raft.server.log.write.buffer.size = 33554432 (custom)
2019-09-25 11:50:12,277 [pool-287-thread-1] INFO  server.RaftServerConfigKeys (ConfUtils.java:logGet(43)) - raft.server.log.force.sync.num = 128 (default)
2019-09-25 11:50:12,277 [pool-287-thread-1] INFO  server.RaftServerConfigKeys (ConfUtils.java:logGet(43)) - raft.server.log.statemachine.data.sync = true (default)
2019-09-25 11:50:12,277 [pool-287-thread-1] INFO  server.RaftServerConfigKeys (ConfUtils.java:logGet(43)) - raft.server.log.statemachine.data.sync.timeout = 10s (default)
2019-09-25 11:50:12,277 [pool-287-thread-1] INFO  server.RaftServerConfigKeys (ConfUtils.java:logGet(43)) - raft.server.log.statemachine.data.sync.timeout.retry = -1 (default)
2019-09-25 11:50:12,277 [pool-287-thread-1] INFO  server.RaftServerConfigKeys (ConfUtils.java:logGet(43)) - raft.server.log.statemachine.data.caching.enabled = true (custom)
2019-09-25 11:50:12,278 [pool-287-thread-1] INFO  segmented.SegmentedRaftLogWorker (SegmentedRaftLogWorker.java:lambda$new$0(132)) - d0142895-3600-4281-b367-196d2d0762b5@group-8835B8DF4DD0-SegmentedRaftLogWorker: flushIndex: setUnconditionally 0 -> -1
2019-09-25 11:50:12,278 [pool-287-thread-1] INFO  server.RaftServerConfigKeys (ConfUtils.java:logGet(43)) - raft.server.snapshot.auto.trigger.enabled = true (custom)
2019-09-25 11:50:12,278 [pool-287-thread-1] INFO  server.RaftServerConfigKeys (ConfUtils.java:logGet(43)) - raft.server.snapshot.auto.trigger.threshold = 10000 (custom)
2019-09-25 11:50:12,278 [pool-287-thread-1] INFO  server.RaftServerConfigKeys (ConfUtils.java:logGet(43)) - raft.server.snapshot.retention.num.files = 5 (custom)
2019-09-25 11:50:12,279 [pool-287-thread-1] INFO  server.RaftServerConfigKeys (ConfUtils.java:logGet(43)) - raft.server.retrycache.expirytime = 600000ms (custom)
2019-09-25 11:50:12,280 [pool-287-thread-1] INFO  impl.RaftServerImpl (RaftServerImpl.java:start(185)) - d0142895-3600-4281-b367-196d2d0762b5@group-8835B8DF4DD0: start as a follower, conf=-1: [d0142895-3600-4281-b367-196d2d0762b5:192.168.30.6:37045], old=null
2019-09-25 11:50:12,280 [pool-287-thread-1] INFO  impl.RaftServerImpl (RaftServerImpl.java:setRole(174)) - d0142895-3600-4281-b367-196d2d0762b5@group-8835B8DF4DD0: changes role from      null to FOLLOWER at term 0 for startAsFollower
2019-09-25 11:50:12,280 [pool-287-thread-1] INFO  impl.RoleInfo (RoleInfo.java:updateAndGet(143)) - d0142895-3600-4281-b367-196d2d0762b5: start FollowerState
2019-09-25 11:50:12,281 [pool-287-thread-1] INFO  util.JmxRegister (JmxRegister.java:tryRegister(44)) - Successfully registered JMX Bean with object name Ratis:service=RaftServer,group=group-8835B8DF4DD0,id=d0142895-3600-4281-b367-196d2d0762b5
2019-09-25 11:50:12,283 [RatisPipelineUtilsThread] INFO  pipeline.PipelineStateManager (PipelineStateManager.java:addPipeline(56)) - Created pipeline Pipeline[ Id: dd34d929-20d7-4546-ad16-8835b8df4dd0, Nodes: d0142895-3600-4281-b367-196d2d0762b5{ip: 192.168.30.6, host: pr-hdds-1569-5gmkr-4255264070, networkLocation: /default-rack, certSerialId: null}, Type:RATIS, Factor:ONE, State:OPEN]
2019-09-25 11:50:12,284 [RatisPipelineUtilsThread] INFO  pipeline.PipelinePlacementPolicy (PipelinePlacementPolicy.java:meetCriteria(91)) - Pipeline Placement: can't place more pipeline on heavy datanode： 0b04bb08-988e-4c11-bb19-b8e35e208749 Heaviness: 6 limit: 5
2019-09-25 11:50:12,289 [grpc-default-executor-0] INFO  impl.RaftServerProxy (RaftServerProxy.java:addNew(89)) - e37a6a86-ba01-4b78-8a19-1770b3bcf624: addNew group-25960F6CFE6B:[e37a6a86-ba01-4b78-8a19-1770b3bcf624:192.168.30.6:33872] returns group-25960F6CFE6B:java.util.concurrent.CompletableFuture@10f5a332[Not completed]
2019-09-25 11:50:12,290 [pool-297-thread-1] INFO  impl.RaftServerImpl (RaftServerImpl.java:<init>(95)) - e37a6a86-ba01-4b78-8a19-1770b3bcf624: new RaftServerImpl for group-25960F6CFE6B:[e37a6a86-ba01-4b78-8a19-1770b3bcf624:192.168.30.6:33872] with ContainerStateMachine:uninitialized
2019-09-25 11:50:12,291 [pool-297-thread-1] INFO  server.RaftServerConfigKeys (ConfUtils.java:logGet(43)) - raft.server.rpc.timeout.min = 5s (custom)
2019-09-25 11:50:12,291 [pool-297-thread-1] INFO  server.RaftServerConfigKeys (ConfUtils.java:logGet(43)) - raft.server.rpc.timeout.max = 5200ms (custom)
2019-09-25 11:50:12,291 [pool-297-thread-1] INFO  server.RaftServerConfigKeys (ConfUtils.java:logGet(43)) - raft.server.rpcslowness.timeout = 120s (custom)
2019-09-25 11:50:12,291 [pool-297-thread-1] INFO  server.RaftServerConfigKeys (ConfUtils.java:logGet(43)) - raft.server.sleep.deviation.threshold = 300 (default)
2019-09-25 11:50:12,292 [pool-297-thread-1] INFO  server.RaftServerConfigKeys (ConfUtils.java:logGet(43)) - raft.server.log.appender.install.snapshot.enabled = false (custom)
2019-09-25 11:50:12,292 [pool-297-thread-1] INFO  impl.RaftServerImpl (ServerState.java:<init>(103)) - e37a6a86-ba01-4b78-8a19-1770b3bcf624@group-25960F6CFE6B: ConfigurationManager, init=-1: [e37a6a86-ba01-4b78-8a19-1770b3bcf624:192.168.30.6:33872], old=null, confs=<EMPTY_MAP>
2019-09-25 11:50:12,292 [pool-297-thread-1] INFO  server.RaftServerConfigKeys (ConfUtils.java:logGet(43)) - raft.server.storage.dir = [/workdir/hadoop-ozone/ozonefs/target/test-dir/MiniOzoneClusterImpl-e6fda8ce-95ce-407e-bce9-2f736e2fb72c/datanode-2/data/ratis] (custom)
2019-09-25 11:50:12,293 [pool-297-thread-1] INFO  storage.RaftStorageDirectory (RaftStorageDirectory.java:analyzeStorage(246)) - The storage directory /workdir/hadoop-ozone/ozonefs/target/test-dir/MiniOzoneClusterImpl-e6fda8ce-95ce-407e-bce9-2f736e2fb72c/datanode-2/data/ratis/5eb86bb8-f5e8-44a6-9591-25960f6cfe6b does not exist. Creating ...
2019-09-25 11:50:12,306 [pool-297-thread-1] INFO  storage.RaftStorageDirectory (RaftStorageDirectory.java:tryLock(328)) - Lock on /workdir/hadoop-ozone/ozonefs/target/test-dir/MiniOzoneClusterImpl-e6fda8ce-95ce-407e-bce9-2f736e2fb72c/datanode-2/data/ratis/5eb86bb8-f5e8-44a6-9591-25960f6cfe6b/in_use.lock acquired by nodename 16435@pr-hdds-1569-5gmkr-4255264070
2019-09-25 11:50:12,320 [pool-297-thread-1] INFO  storage.RaftStorage (RaftStorage.java:format(72)) - Storage directory /workdir/hadoop-ozone/ozonefs/target/test-dir/MiniOzoneClusterImpl-e6fda8ce-95ce-407e-bce9-2f736e2fb72c/datanode-2/data/ratis/5eb86bb8-f5e8-44a6-9591-25960f6cfe6b has been successfully formatted.
2019-09-25 11:50:12,322 [pool-297-thread-1] INFO  ratis.ContainerStateMachine (ContainerStateMachine.java:loadSnapshot(230)) - group-25960F6CFE6B: The snapshot info is null. Setting the last applied indexto:(t:0, i:~)
2019-09-25 11:50:12,322 [pool-297-thread-1] INFO  server.RaftServerConfigKeys (ConfUtils.java:logGet(43)) - raft.server.notification.no-leader.timeout = 120s (custom)
2019-09-25 11:50:12,322 [pool-297-thread-1] INFO  server.RaftServerConfigKeys (ConfUtils.java:logGet(43)) - raft.server.log.use.memory = false (default)
2019-09-25 11:50:12,322 [pool-297-thread-1] INFO  server.RaftServerConfigKeys (ConfUtils.java:logGet(43)) - raft.server.log.purge.gap = 1000000 (custom)
2019-09-25 11:50:12,322 [pool-297-thread-1] INFO  server.RaftServerConfigKeys (ConfUtils.java:logGet(43)) - raft.server.log.appender.buffer.byte-limit = 33554432 (custom)
2019-09-25 11:50:12,323 [pool-297-thread-1] INFO  server.RaftServerConfigKeys (ConfUtils.java:logGet(43)) - raft.server.log.segment.size.max = 1048576 (custom)
2019-09-25 11:50:12,323 [pool-297-thread-1] INFO  server.RaftServerConfigKeys (ConfUtils.java:logGet(43)) - raft.server.log.segment.cache.num.max = 2 (custom)
2019-09-25 11:50:12,323 [pool-297-thread-1] INFO  segmented.SegmentedRaftLogWorker (SegmentedRaftLogWorker.java:<init>(172)) - new e37a6a86-ba01-4b78-8a19-1770b3bcf624@group-25960F6CFE6B-SegmentedRaftLogWorker for RaftStorage:Storage Directory /workdir/hadoop-ozone/ozonefs/target/test-dir/MiniOzoneClusterImpl-e6fda8ce-95ce-407e-bce9-2f736e2fb72c/datanode-2/data/ratis/5eb86bb8-f5e8-44a6-9591-25960f6cfe6b
2019-09-25 11:50:12,323 [pool-297-thread-1] INFO  server.RaftServerConfigKeys (ConfUtils.java:logGet(43)) - raft.server.log.queue.byte-limit = 2147483647 (custom)
2019-09-25 11:50:12,323 [pool-297-thread-1] INFO  server.RaftServerConfigKeys (ConfUtils.java:logGet(43)) - raft.server.log.queue.element-limit = 1024 (custom)
2019-09-25 11:50:12,324 [pool-297-thread-1] INFO  server.RaftServerConfigKeys (ConfUtils.java:logGet(43)) - raft.server.log.segment.size.max = 1048576 (custom)
2019-09-25 11:50:12,324 [pool-297-thread-1] INFO  server.RaftServerConfigKeys (ConfUtils.java:logGet(43)) - raft.server.log.preallocated.size = 16384 (custom)
2019-09-25 11:50:12,324 [pool-297-thread-1] INFO  server.RaftServerConfigKeys (ConfUtils.java:logGet(43)) - raft.server.log.write.buffer.size = 33554432 (custom)
2019-09-25 11:50:12,324 [pool-297-thread-1] INFO  server.RaftServerConfigKeys (ConfUtils.java:logGet(43)) - raft.server.log.force.sync.num = 128 (default)
2019-09-25 11:50:12,325 [pool-297-thread-1] INFO  server.RaftServerConfigKeys (ConfUtils.java:logGet(43)) - raft.server.log.statemachine.data.sync = true (default)
2019-09-25 11:50:12,325 [pool-297-thread-1] INFO  server.RaftServerConfigKeys (ConfUtils.java:logGet(43)) - raft.server.log.statemachine.data.sync.timeout = 10s (default)
2019-09-25 11:50:12,325 [pool-297-thread-1] INFO  server.RaftServerConfigKeys (ConfUtils.java:logGet(43)) - raft.server.log.statemachine.data.sync.timeout.retry = -1 (default)
2019-09-25 11:50:12,325 [pool-297-thread-1] INFO  server.RaftServerConfigKeys (ConfUtils.java:logGet(43)) - raft.server.log.statemachine.data.caching.enabled = true (custom)
2019-09-25 11:50:12,325 [pool-297-thread-1] INFO  segmented.SegmentedRaftLogWorker (SegmentedRaftLogWorker.java:lambda$new$0(132)) - e37a6a86-ba01-4b78-8a19-1770b3bcf624@group-25960F6CFE6B-SegmentedRaftLogWorker: flushIndex: setUnconditionally 0 -> -1
2019-09-25 11:50:12,326 [pool-297-thread-1] INFO  server.RaftServerConfigKeys (ConfUtils.java:logGet(43)) - raft.server.snapshot.auto.trigger.enabled = true (custom)
2019-09-25 11:50:12,326 [pool-297-thread-1] INFO  server.RaftServerConfigKeys (ConfUtils.java:logGet(43)) - raft.server.snapshot.auto.trigger.threshold = 10000 (custom)
2019-09-25 11:50:12,326 [pool-297-thread-1] INFO  server.RaftServerConfigKeys (ConfUtils.java:logGet(43)) - raft.server.snapshot.retention.num.files = 5 (custom)
2019-09-25 11:50:12,326 [pool-297-thread-1] INFO  server.RaftServerConfigKeys (ConfUtils.java:logGet(43)) - raft.server.retrycache.expirytime = 600000ms (custom)
2019-09-25 11:50:12,328 [pool-297-thread-1] INFO  impl.RaftServerImpl (RaftServerImpl.java:start(185)) - e37a6a86-ba01-4b78-8a19-1770b3bcf624@group-25960F6CFE6B: start as a follower, conf=-1: [e37a6a86-ba01-4b78-8a19-1770b3bcf624:192.168.30.6:33872], old=null
2019-09-25 11:50:12,328 [pool-297-thread-1] INFO  impl.RaftServerImpl (RaftServerImpl.java:setRole(174)) - e37a6a86-ba01-4b78-8a19-1770b3bcf624@group-25960F6CFE6B: changes role from      null to FOLLOWER at term 0 for startAsFollower
2019-09-25 11:50:12,328 [pool-297-thread-1] INFO  impl.RoleInfo (RoleInfo.java:updateAndGet(143)) - e37a6a86-ba01-4b78-8a19-1770b3bcf624: start FollowerState
2019-09-25 11:50:12,328 [pool-297-thread-1] INFO  util.JmxRegister (JmxRegister.java:tryRegister(44)) - Successfully registered JMX Bean with object name Ratis:service=RaftServer,group=group-25960F6CFE6B,id=e37a6a86-ba01-4b78-8a19-1770b3bcf624
2019-09-25 11:50:12,331 [RatisPipelineUtilsThread] INFO  pipeline.PipelineStateManager (PipelineStateManager.java:addPipeline(56)) - Created pipeline Pipeline[ Id: 5eb86bb8-f5e8-44a6-9591-25960f6cfe6b, Nodes: e37a6a86-ba01-4b78-8a19-1770b3bcf624{ip: 192.168.30.6, host: pr-hdds-1569-5gmkr-4255264070, networkLocation: /default-rack, certSerialId: null}, Type:RATIS, Factor:ONE, State:OPEN]
2019-09-25 11:50:12,332 [RatisPipelineUtilsThread] INFO  pipeline.PipelinePlacementPolicy (PipelinePlacementPolicy.java:meetCriteria(91)) - Pipeline Placement: can't place more pipeline on heavy datanode： 0b04bb08-988e-4c11-bb19-b8e35e208749 Heaviness: 6 limit: 5
2019-09-25 11:50:12,337 [grpc-default-executor-0] INFO  impl.RaftServerProxy (RaftServerProxy.java:addNew(89)) - d0142895-3600-4281-b367-196d2d0762b5: addNew group-E1048458978F:[d0142895-3600-4281-b367-196d2d0762b5:192.168.30.6:37045] returns group-E1048458978F:java.util.concurrent.CompletableFuture@25f5e6ea[Not completed]
2019-09-25 11:50:12,338 [pool-287-thread-1] INFO  impl.RaftServerImpl (RaftServerImpl.java:<init>(95)) - d0142895-3600-4281-b367-196d2d0762b5: new RaftServerImpl for group-E1048458978F:[d0142895-3600-4281-b367-196d2d0762b5:192.168.30.6:37045] with ContainerStateMachine:uninitialized
2019-09-25 11:50:12,338 [pool-287-thread-1] INFO  server.RaftServerConfigKeys (ConfUtils.java:logGet(43)) - raft.server.rpc.timeout.min = 5s (custom)
2019-09-25 11:50:12,338 [pool-287-thread-1] INFO  server.RaftServerConfigKeys (ConfUtils.java:logGet(43)) - raft.server.rpc.timeout.max = 5200ms (custom)
2019-09-25 11:50:12,338 [pool-287-thread-1] INFO  server.RaftServerConfigKeys (ConfUtils.java:logGet(43)) - raft.server.rpcslowness.timeout = 120s (custom)
2019-09-25 11:50:12,339 [pool-287-thread-1] INFO  server.RaftServerConfigKeys (ConfUtils.java:logGet(43)) - raft.server.sleep.deviation.threshold = 300 (default)
2019-09-25 11:50:12,339 [pool-287-thread-1] INFO  server.RaftServerConfigKeys (ConfUtils.java:logGet(43)) - raft.server.log.appender.install.snapshot.enabled = false (custom)
2019-09-25 11:50:12,339 [pool-287-thread-1] INFO  impl.RaftServerImpl (ServerState.java:<init>(103)) - d0142895-3600-4281-b367-196d2d0762b5@group-E1048458978F: ConfigurationManager, init=-1: [d0142895-3600-4281-b367-196d2d0762b5:192.168.30.6:37045], old=null, confs=<EMPTY_MAP>
2019-09-25 11:50:12,339 [pool-287-thread-1] INFO  server.RaftServerConfigKeys (ConfUtils.java:logGet(43)) - raft.server.storage.dir = [/workdir/hadoop-ozone/ozonefs/target/test-dir/MiniOzoneClusterImpl-e6fda8ce-95ce-407e-bce9-2f736e2fb72c/datanode-1/data/ratis] (custom)
2019-09-25 11:50:12,339 [pool-287-thread-1] INFO  storage.RaftStorageDirectory (RaftStorageDirectory.java:analyzeStorage(246)) - The storage directory /workdir/hadoop-ozone/ozonefs/target/test-dir/MiniOzoneClusterImpl-e6fda8ce-95ce-407e-bce9-2f736e2fb72c/datanode-1/data/ratis/eb6786a4-839e-4a4c-adc5-e1048458978f does not exist. Creating ...
2019-09-25 11:50:12,353 [pool-287-thread-1] INFO  storage.RaftStorageDirectory (RaftStorageDirectory.java:tryLock(328)) - Lock on /workdir/hadoop-ozone/ozonefs/target/test-dir/MiniOzoneClusterImpl-e6fda8ce-95ce-407e-bce9-2f736e2fb72c/datanode-1/data/ratis/eb6786a4-839e-4a4c-adc5-e1048458978f/in_use.lock acquired by nodename 16435@pr-hdds-1569-5gmkr-4255264070
2019-09-25 11:50:12,370 [pool-287-thread-1] INFO  storage.RaftStorage (RaftStorage.java:format(72)) - Storage directory /workdir/hadoop-ozone/ozonefs/target/test-dir/MiniOzoneClusterImpl-e6fda8ce-95ce-407e-bce9-2f736e2fb72c/datanode-1/data/ratis/eb6786a4-839e-4a4c-adc5-e1048458978f has been successfully formatted.
2019-09-25 11:50:12,370 [pool-287-thread-1] INFO  ratis.ContainerStateMachine (ContainerStateMachine.java:loadSnapshot(230)) - group-E1048458978F: The snapshot info is null. Setting the last applied indexto:(t:0, i:~)
2019-09-25 11:50:12,371 [pool-287-thread-1] INFO  server.RaftServerConfigKeys (ConfUtils.java:logGet(43)) - raft.server.notification.no-leader.timeout = 120s (custom)
2019-09-25 11:50:12,371 [pool-287-thread-1] INFO  server.RaftServerConfigKeys (ConfUtils.java:logGet(43)) - raft.server.log.use.memory = false (default)
2019-09-25 11:50:12,371 [pool-287-thread-1] INFO  server.RaftServerConfigKeys (ConfUtils.java:logGet(43)) - raft.server.log.purge.gap = 1000000 (custom)
2019-09-25 11:50:12,371 [pool-287-thread-1] INFO  server.RaftServerConfigKeys (ConfUtils.java:logGet(43)) - raft.server.log.appender.buffer.byte-limit = 33554432 (custom)
2019-09-25 11:50:12,371 [pool-287-thread-1] INFO  server.RaftServerConfigKeys (ConfUtils.java:logGet(43)) - raft.server.log.segment.size.max = 1048576 (custom)
2019-09-25 11:50:12,371 [pool-287-thread-1] INFO  server.RaftServerConfigKeys (ConfUtils.java:logGet(43)) - raft.server.log.segment.cache.num.max = 2 (custom)
2019-09-25 11:50:12,371 [pool-287-thread-1] INFO  segmented.SegmentedRaftLogWorker (SegmentedRaftLogWorker.java:<init>(172)) - new d0142895-3600-4281-b367-196d2d0762b5@group-E1048458978F-SegmentedRaftLogWorker for RaftStorage:Storage Directory /workdir/hadoop-ozone/ozonefs/target/test-dir/MiniOzoneClusterImpl-e6fda8ce-95ce-407e-bce9-2f736e2fb72c/datanode-1/data/ratis/eb6786a4-839e-4a4c-adc5-e1048458978f
2019-09-25 11:50:12,372 [pool-287-thread-1] INFO  server.RaftServerConfigKeys (ConfUtils.java:logGet(43)) - raft.server.log.queue.byte-limit = 2147483647 (custom)
2019-09-25 11:50:12,372 [pool-287-thread-1] INFO  server.RaftServerConfigKeys (ConfUtils.java:logGet(43)) - raft.server.log.queue.element-limit = 1024 (custom)
2019-09-25 11:50:12,372 [pool-287-thread-1] INFO  server.RaftServerConfigKeys (ConfUtils.java:logGet(43)) - raft.server.log.segment.size.max = 1048576 (custom)
2019-09-25 11:50:12,372 [pool-287-thread-1] INFO  server.RaftServerConfigKeys (ConfUtils.java:logGet(43)) - raft.server.log.preallocated.size = 16384 (custom)
2019-09-25 11:50:12,372 [pool-287-thread-1] INFO  server.RaftServerConfigKeys (ConfUtils.java:logGet(43)) - raft.server.log.write.buffer.size = 33554432 (custom)
2019-09-25 11:50:12,372 [pool-287-thread-1] INFO  server.RaftServerConfigKeys (ConfUtils.java:logGet(43)) - raft.server.log.force.sync.num = 128 (default)
2019-09-25 11:50:12,372 [pool-287-thread-1] INFO  server.RaftServerConfigKeys (ConfUtils.java:logGet(43)) - raft.server.log.statemachine.data.sync = true (default)
2019-09-25 11:50:12,372 [pool-287-thread-1] INFO  server.RaftServerConfigKeys (ConfUtils.java:logGet(43)) - raft.server.log.statemachine.data.sync.timeout = 10s (default)
2019-09-25 11:50:12,373 [pool-287-thread-1] INFO  server.RaftServerConfigKeys (ConfUtils.java:logGet(43)) - raft.server.log.statemachine.data.sync.timeout.retry = -1 (default)
2019-09-25 11:50:12,373 [pool-287-thread-1] INFO  server.RaftServerConfigKeys (ConfUtils.java:logGet(43)) - raft.server.log.statemachine.data.caching.enabled = true (custom)
2019-09-25 11:50:12,373 [pool-287-thread-1] INFO  segmented.SegmentedRaftLogWorker (SegmentedRaftLogWorker.java:lambda$new$0(132)) - d0142895-3600-4281-b367-196d2d0762b5@group-E1048458978F-SegmentedRaftLogWorker: flushIndex: setUnconditionally 0 -> -1
2019-09-25 11:50:12,373 [pool-287-thread-1] INFO  server.RaftServerConfigKeys (ConfUtils.java:logGet(43)) - raft.server.snapshot.auto.trigger.enabled = true (custom)
2019-09-25 11:50:12,373 [pool-287-thread-1] INFO  server.RaftServerConfigKeys (ConfUtils.java:logGet(43)) - raft.server.snapshot.auto.trigger.threshold = 10000 (custom)
2019-09-25 11:50:12,374 [pool-287-thread-1] INFO  server.RaftServerConfigKeys (ConfUtils.java:logGet(43)) - raft.server.snapshot.retention.num.files = 5 (custom)
2019-09-25 11:50:12,374 [pool-287-thread-1] INFO  server.RaftServerConfigKeys (ConfUtils.java:logGet(43)) - raft.server.retrycache.expirytime = 600000ms (custom)
2019-09-25 11:50:12,375 [pool-287-thread-1] INFO  impl.RaftServerImpl (RaftServerImpl.java:start(185)) - d0142895-3600-4281-b367-196d2d0762b5@group-E1048458978F: start as a follower, conf=-1: [d0142895-3600-4281-b367-196d2d0762b5:192.168.30.6:37045], old=null
2019-09-25 11:50:12,375 [pool-287-thread-1] INFO  impl.RaftServerImpl (RaftServerImpl.java:setRole(174)) - d0142895-3600-4281-b367-196d2d0762b5@group-E1048458978F: changes role from      null to FOLLOWER at term 0 for startAsFollower
2019-09-25 11:50:12,376 [pool-287-thread-1] INFO  impl.RoleInfo (RoleInfo.java:updateAndGet(143)) - d0142895-3600-4281-b367-196d2d0762b5: start FollowerState
2019-09-25 11:50:12,376 [pool-287-thread-1] INFO  util.JmxRegister (JmxRegister.java:tryRegister(44)) - Successfully registered JMX Bean with object name Ratis:service=RaftServer,group=group-E1048458978F,id=d0142895-3600-4281-b367-196d2d0762b5
2019-09-25 11:50:12,379 [RatisPipelineUtilsThread] INFO  pipeline.PipelineStateManager (PipelineStateManager.java:addPipeline(56)) - Created pipeline Pipeline[ Id: eb6786a4-839e-4a4c-adc5-e1048458978f, Nodes: d0142895-3600-4281-b367-196d2d0762b5{ip: 192.168.30.6, host: pr-hdds-1569-5gmkr-4255264070, networkLocation: /default-rack, certSerialId: null}, Type:RATIS, Factor:ONE, State:OPEN]
2019-09-25 11:50:12,379 [RatisPipelineUtilsThread] INFO  pipeline.PipelinePlacementPolicy (PipelinePlacementPolicy.java:meetCriteria(91)) - Pipeline Placement: can't place more pipeline on heavy datanode： 0b04bb08-988e-4c11-bb19-b8e35e208749 Heaviness: 6 limit: 5
2019-09-25 11:50:12,384 [grpc-default-executor-0] INFO  impl.RaftServerProxy (RaftServerProxy.java:addNew(89)) - d0142895-3600-4281-b367-196d2d0762b5: addNew group-7AB6CB8E1167:[d0142895-3600-4281-b367-196d2d0762b5:192.168.30.6:37045] returns group-7AB6CB8E1167:java.util.concurrent.CompletableFuture@10c07c33[Not completed]
2019-09-25 11:50:12,386 [pool-287-thread-1] INFO  impl.RaftServerImpl (RaftServerImpl.java:<init>(95)) - d0142895-3600-4281-b367-196d2d0762b5: new RaftServerImpl for group-7AB6CB8E1167:[d0142895-3600-4281-b367-196d2d0762b5:192.168.30.6:37045] with ContainerStateMachine:uninitialized
2019-09-25 11:50:12,386 [pool-287-thread-1] INFO  server.RaftServerConfigKeys (ConfUtils.java:logGet(43)) - raft.server.rpc.timeout.min = 5s (custom)
2019-09-25 11:50:12,386 [pool-287-thread-1] INFO  server.RaftServerConfigKeys (ConfUtils.java:logGet(43)) - raft.server.rpc.timeout.max = 5200ms (custom)
2019-09-25 11:50:12,386 [pool-287-thread-1] INFO  server.RaftServerConfigKeys (ConfUtils.java:logGet(43)) - raft.server.rpcslowness.timeout = 120s (custom)
2019-09-25 11:50:12,386 [pool-287-thread-1] INFO  server.RaftServerConfigKeys (ConfUtils.java:logGet(43)) - raft.server.sleep.deviation.threshold = 300 (default)
2019-09-25 11:50:12,386 [pool-287-thread-1] INFO  server.RaftServerConfigKeys (ConfUtils.java:logGet(43)) - raft.server.log.appender.install.snapshot.enabled = false (custom)
2019-09-25 11:50:12,386 [pool-287-thread-1] INFO  impl.RaftServerImpl (ServerState.java:<init>(103)) - d0142895-3600-4281-b367-196d2d0762b5@group-7AB6CB8E1167: ConfigurationManager, init=-1: [d0142895-3600-4281-b367-196d2d0762b5:192.168.30.6:37045], old=null, confs=<EMPTY_MAP>
2019-09-25 11:50:12,386 [pool-287-thread-1] INFO  server.RaftServerConfigKeys (ConfUtils.java:logGet(43)) - raft.server.storage.dir = [/workdir/hadoop-ozone/ozonefs/target/test-dir/MiniOzoneClusterImpl-e6fda8ce-95ce-407e-bce9-2f736e2fb72c/datanode-1/data/ratis] (custom)
2019-09-25 11:50:12,387 [pool-287-thread-1] INFO  storage.RaftStorageDirectory (RaftStorageDirectory.java:analyzeStorage(246)) - The storage directory /workdir/hadoop-ozone/ozonefs/target/test-dir/MiniOzoneClusterImpl-e6fda8ce-95ce-407e-bce9-2f736e2fb72c/datanode-1/data/ratis/2961e74f-6f40-485a-9ba5-7ab6cb8e1167 does not exist. Creating ...
2019-09-25 11:50:12,400 [pool-287-thread-1] INFO  storage.RaftStorageDirectory (RaftStorageDirectory.java:tryLock(328)) - Lock on /workdir/hadoop-ozone/ozonefs/target/test-dir/MiniOzoneClusterImpl-e6fda8ce-95ce-407e-bce9-2f736e2fb72c/datanode-1/data/ratis/2961e74f-6f40-485a-9ba5-7ab6cb8e1167/in_use.lock acquired by nodename 16435@pr-hdds-1569-5gmkr-4255264070
2019-09-25 11:50:12,413 [pool-287-thread-1] INFO  storage.RaftStorage (RaftStorage.java:format(72)) - Storage directory /workdir/hadoop-ozone/ozonefs/target/test-dir/MiniOzoneClusterImpl-e6fda8ce-95ce-407e-bce9-2f736e2fb72c/datanode-1/data/ratis/2961e74f-6f40-485a-9ba5-7ab6cb8e1167 has been successfully formatted.
2019-09-25 11:50:12,413 [pool-287-thread-1] INFO  ratis.ContainerStateMachine (ContainerStateMachine.java:loadSnapshot(230)) - group-7AB6CB8E1167: The snapshot info is null. Setting the last applied indexto:(t:0, i:~)
2019-09-25 11:50:12,414 [pool-287-thread-1] INFO  server.RaftServerConfigKeys (ConfUtils.java:logGet(43)) - raft.server.notification.no-leader.timeout = 120s (custom)
2019-09-25 11:50:12,414 [pool-287-thread-1] INFO  server.RaftServerConfigKeys (ConfUtils.java:logGet(43)) - raft.server.log.use.memory = false (default)
2019-09-25 11:50:12,414 [pool-287-thread-1] INFO  server.RaftServerConfigKeys (ConfUtils.java:logGet(43)) - raft.server.log.purge.gap = 1000000 (custom)
2019-09-25 11:50:12,414 [pool-287-thread-1] INFO  server.RaftServerConfigKeys (ConfUtils.java:logGet(43)) - raft.server.log.appender.buffer.byte-limit = 33554432 (custom)
2019-09-25 11:50:12,414 [pool-287-thread-1] INFO  server.RaftServerConfigKeys (ConfUtils.java:logGet(43)) - raft.server.log.segment.size.max = 1048576 (custom)
2019-09-25 11:50:12,415 [pool-287-thread-1] INFO  server.RaftServerConfigKeys (ConfUtils.java:logGet(43)) - raft.server.log.segment.cache.num.max = 2 (custom)
2019-09-25 11:50:12,415 [pool-287-thread-1] INFO  segmented.SegmentedRaftLogWorker (SegmentedRaftLogWorker.java:<init>(172)) - new d0142895-3600-4281-b367-196d2d0762b5@group-7AB6CB8E1167-SegmentedRaftLogWorker for RaftStorage:Storage Directory /workdir/hadoop-ozone/ozonefs/target/test-dir/MiniOzoneClusterImpl-e6fda8ce-95ce-407e-bce9-2f736e2fb72c/datanode-1/data/ratis/2961e74f-6f40-485a-9ba5-7ab6cb8e1167
2019-09-25 11:50:12,415 [pool-287-thread-1] INFO  server.RaftServerConfigKeys (ConfUtils.java:logGet(43)) - raft.server.log.queue.byte-limit = 2147483647 (custom)
2019-09-25 11:50:12,415 [pool-287-thread-1] INFO  server.RaftServerConfigKeys (ConfUtils.java:logGet(43)) - raft.server.log.queue.element-limit = 1024 (custom)
2019-09-25 11:50:12,415 [pool-287-thread-1] INFO  server.RaftServerConfigKeys (ConfUtils.java:logGet(43)) - raft.server.log.segment.size.max = 1048576 (custom)
2019-09-25 11:50:12,415 [pool-287-thread-1] INFO  server.RaftServerConfigKeys (ConfUtils.java:logGet(43)) - raft.server.log.preallocated.size = 16384 (custom)
2019-09-25 11:50:12,415 [pool-287-thread-1] INFO  server.RaftServerConfigKeys (ConfUtils.java:logGet(43)) - raft.server.log.write.buffer.size = 33554432 (custom)
2019-09-25 11:50:12,416 [pool-287-thread-1] INFO  server.RaftServerConfigKeys (ConfUtils.java:logGet(43)) - raft.server.log.force.sync.num = 128 (default)
2019-09-25 11:50:12,416 [pool-287-thread-1] INFO  server.RaftServerConfigKeys (ConfUtils.java:logGet(43)) - raft.server.log.statemachine.data.sync = true (default)
2019-09-25 11:50:12,416 [pool-287-thread-1] INFO  server.RaftServerConfigKeys (ConfUtils.java:logGet(43)) - raft.server.log.statemachine.data.sync.timeout = 10s (default)
2019-09-25 11:50:12,416 [pool-287-thread-1] INFO  server.RaftServerConfigKeys (ConfUtils.java:logGet(43)) - raft.server.log.statemachine.data.sync.timeout.retry = -1 (default)
2019-09-25 11:50:12,416 [pool-287-thread-1] INFO  server.RaftServerConfigKeys (ConfUtils.java:logGet(43)) - raft.server.log.statemachine.data.caching.enabled = true (custom)
2019-09-25 11:50:12,416 [pool-287-thread-1] INFO  segmented.SegmentedRaftLogWorker (SegmentedRaftLogWorker.java:lambda$new$0(132)) - d0142895-3600-4281-b367-196d2d0762b5@group-7AB6CB8E1167-SegmentedRaftLogWorker: flushIndex: setUnconditionally 0 -> -1
2019-09-25 11:50:12,417 [pool-287-thread-1] INFO  server.RaftServerConfigKeys (ConfUtils.java:logGet(43)) - raft.server.snapshot.auto.trigger.enabled = true (custom)
2019-09-25 11:50:12,417 [pool-287-thread-1] INFO  server.RaftServerConfigKeys (ConfUtils.java:logGet(43)) - raft.server.snapshot.auto.trigger.threshold = 10000 (custom)
2019-09-25 11:50:12,417 [pool-287-thread-1] INFO  server.RaftServerConfigKeys (ConfUtils.java:logGet(43)) - raft.server.snapshot.retention.num.files = 5 (custom)
2019-09-25 11:50:12,417 [pool-287-thread-1] INFO  server.RaftServerConfigKeys (ConfUtils.java:logGet(43)) - raft.server.retrycache.expirytime = 600000ms (custom)
2019-09-25 11:50:12,419 [pool-287-thread-1] INFO  impl.RaftServerImpl (RaftServerImpl.java:start(185)) - d0142895-3600-4281-b367-196d2d0762b5@group-7AB6CB8E1167: start as a follower, conf=-1: [d0142895-3600-4281-b367-196d2d0762b5:192.168.30.6:37045], old=null
2019-09-25 11:50:12,419 [pool-287-thread-1] INFO  impl.RaftServerImpl (RaftServerImpl.java:setRole(174)) - d0142895-3600-4281-b367-196d2d0762b5@group-7AB6CB8E1167: changes role from      null to FOLLOWER at term 0 for startAsFollower
2019-09-25 11:50:12,419 [pool-287-thread-1] INFO  impl.RoleInfo (RoleInfo.java:updateAndGet(143)) - d0142895-3600-4281-b367-196d2d0762b5: start FollowerState
2019-09-25 11:50:12,420 [pool-287-thread-1] INFO  util.JmxRegister (JmxRegister.java:tryRegister(44)) - Successfully registered JMX Bean with object name Ratis:service=RaftServer,group=group-7AB6CB8E1167,id=d0142895-3600-4281-b367-196d2d0762b5
2019-09-25 11:50:12,423 [RatisPipelineUtilsThread] INFO  pipeline.PipelineStateManager (PipelineStateManager.java:addPipeline(56)) - Created pipeline Pipeline[ Id: 2961e74f-6f40-485a-9ba5-7ab6cb8e1167, Nodes: d0142895-3600-4281-b367-196d2d0762b5{ip: 192.168.30.6, host: pr-hdds-1569-5gmkr-4255264070, networkLocation: /default-rack, certSerialId: null}, Type:RATIS, Factor:ONE, State:OPEN]
2019-09-25 11:50:12,423 [RatisPipelineUtilsThread] INFO  pipeline.PipelinePlacementPolicy (PipelinePlacementPolicy.java:meetCriteria(91)) - Pipeline Placement: can't place more pipeline on heavy datanode： 0b04bb08-988e-4c11-bb19-b8e35e208749 Heaviness: 6 limit: 5
2019-09-25 11:50:12,424 [RatisPipelineUtilsThread] INFO  pipeline.PipelinePlacementPolicy (PipelinePlacementPolicy.java:meetCriteria(91)) - Pipeline Placement: can't place more pipeline on heavy datanode： d0142895-3600-4281-b367-196d2d0762b5 Heaviness: 6 limit: 5
2019-09-25 11:50:12,429 [grpc-default-executor-0] INFO  impl.RaftServerProxy (RaftServerProxy.java:addNew(89)) - e37a6a86-ba01-4b78-8a19-1770b3bcf624: addNew group-6606FE609969:[e37a6a86-ba01-4b78-8a19-1770b3bcf624:192.168.30.6:33872] returns group-6606FE609969:java.util.concurrent.CompletableFuture@f4427aa[Not completed]
2019-09-25 11:50:12,431 [pool-297-thread-1] INFO  impl.RaftServerImpl (RaftServerImpl.java:<init>(95)) - e37a6a86-ba01-4b78-8a19-1770b3bcf624: new RaftServerImpl for group-6606FE609969:[e37a6a86-ba01-4b78-8a19-1770b3bcf624:192.168.30.6:33872] with ContainerStateMachine:uninitialized
2019-09-25 11:50:12,431 [pool-297-thread-1] INFO  server.RaftServerConfigKeys (ConfUtils.java:logGet(43)) - raft.server.rpc.timeout.min = 5s (custom)
2019-09-25 11:50:12,431 [pool-297-thread-1] INFO  server.RaftServerConfigKeys (ConfUtils.java:logGet(43)) - raft.server.rpc.timeout.max = 5200ms (custom)
2019-09-25 11:50:12,431 [pool-297-thread-1] INFO  server.RaftServerConfigKeys (ConfUtils.java:logGet(43)) - raft.server.rpcslowness.timeout = 120s (custom)
2019-09-25 11:50:12,431 [pool-297-thread-1] INFO  server.RaftServerConfigKeys (ConfUtils.java:logGet(43)) - raft.server.sleep.deviation.threshold = 300 (default)
2019-09-25 11:50:12,432 [pool-297-thread-1] INFO  server.RaftServerConfigKeys (ConfUtils.java:logGet(43)) - raft.server.log.appender.install.snapshot.enabled = false (custom)
2019-09-25 11:50:12,432 [pool-297-thread-1] INFO  impl.RaftServerImpl (ServerState.java:<init>(103)) - e37a6a86-ba01-4b78-8a19-1770b3bcf624@group-6606FE609969: ConfigurationManager, init=-1: [e37a6a86-ba01-4b78-8a19-1770b3bcf624:192.168.30.6:33872], old=null, confs=<EMPTY_MAP>
2019-09-25 11:50:12,432 [pool-297-thread-1] INFO  server.RaftServerConfigKeys (ConfUtils.java:logGet(43)) - raft.server.storage.dir = [/workdir/hadoop-ozone/ozonefs/target/test-dir/MiniOzoneClusterImpl-e6fda8ce-95ce-407e-bce9-2f736e2fb72c/datanode-2/data/ratis] (custom)
2019-09-25 11:50:12,432 [pool-297-thread-1] INFO  storage.RaftStorageDirectory (RaftStorageDirectory.java:analyzeStorage(246)) - The storage directory /workdir/hadoop-ozone/ozonefs/target/test-dir/MiniOzoneClusterImpl-e6fda8ce-95ce-407e-bce9-2f736e2fb72c/datanode-2/data/ratis/115a525f-df31-4186-b34b-6606fe609969 does not exist. Creating ...
2019-09-25 11:50:12,445 [pool-297-thread-1] INFO  storage.RaftStorageDirectory (RaftStorageDirectory.java:tryLock(328)) - Lock on /workdir/hadoop-ozone/ozonefs/target/test-dir/MiniOzoneClusterImpl-e6fda8ce-95ce-407e-bce9-2f736e2fb72c/datanode-2/data/ratis/115a525f-df31-4186-b34b-6606fe609969/in_use.lock acquired by nodename 16435@pr-hdds-1569-5gmkr-4255264070
2019-09-25 11:50:12,460 [pool-297-thread-1] INFO  storage.RaftStorage (RaftStorage.java:format(72)) - Storage directory /workdir/hadoop-ozone/ozonefs/target/test-dir/MiniOzoneClusterImpl-e6fda8ce-95ce-407e-bce9-2f736e2fb72c/datanode-2/data/ratis/115a525f-df31-4186-b34b-6606fe609969 has been successfully formatted.
2019-09-25 11:50:12,460 [pool-297-thread-1] INFO  ratis.ContainerStateMachine (ContainerStateMachine.java:loadSnapshot(230)) - group-6606FE609969: The snapshot info is null. Setting the last applied indexto:(t:0, i:~)
2019-09-25 11:50:12,460 [pool-297-thread-1] INFO  server.RaftServerConfigKeys (ConfUtils.java:logGet(43)) - raft.server.notification.no-leader.timeout = 120s (custom)
2019-09-25 11:50:12,460 [pool-297-thread-1] INFO  server.RaftServerConfigKeys (ConfUtils.java:logGet(43)) - raft.server.log.use.memory = false (default)
2019-09-25 11:50:12,460 [pool-297-thread-1] INFO  server.RaftServerConfigKeys (ConfUtils.java:logGet(43)) - raft.server.log.purge.gap = 1000000 (custom)
2019-09-25 11:50:12,461 [pool-297-thread-1] INFO  server.RaftServerConfigKeys (ConfUtils.java:logGet(43)) - raft.server.log.appender.buffer.byte-limit = 33554432 (custom)
2019-09-25 11:50:12,461 [pool-297-thread-1] INFO  server.RaftServerConfigKeys (ConfUtils.java:logGet(43)) - raft.server.log.segment.size.max = 1048576 (custom)
2019-09-25 11:50:12,461 [pool-297-thread-1] INFO  server.RaftServerConfigKeys (ConfUtils.java:logGet(43)) - raft.server.log.segment.cache.num.max = 2 (custom)
2019-09-25 11:50:12,461 [pool-297-thread-1] INFO  segmented.SegmentedRaftLogWorker (SegmentedRaftLogWorker.java:<init>(172)) - new e37a6a86-ba01-4b78-8a19-1770b3bcf624@group-6606FE609969-SegmentedRaftLogWorker for RaftStorage:Storage Directory /workdir/hadoop-ozone/ozonefs/target/test-dir/MiniOzoneClusterImpl-e6fda8ce-95ce-407e-bce9-2f736e2fb72c/datanode-2/data/ratis/115a525f-df31-4186-b34b-6606fe609969
2019-09-25 11:50:12,461 [pool-297-thread-1] INFO  server.RaftServerConfigKeys (ConfUtils.java:logGet(43)) - raft.server.log.queue.byte-limit = 2147483647 (custom)
2019-09-25 11:50:12,461 [pool-297-thread-1] INFO  server.RaftServerConfigKeys (ConfUtils.java:logGet(43)) - raft.server.log.queue.element-limit = 1024 (custom)
2019-09-25 11:50:12,461 [pool-297-thread-1] INFO  server.RaftServerConfigKeys (ConfUtils.java:logGet(43)) - raft.server.log.segment.size.max = 1048576 (custom)
2019-09-25 11:50:12,461 [pool-297-thread-1] INFO  server.RaftServerConfigKeys (ConfUtils.java:logGet(43)) - raft.server.log.preallocated.size = 16384 (custom)
2019-09-25 11:50:12,462 [pool-297-thread-1] INFO  server.RaftServerConfigKeys (ConfUtils.java:logGet(43)) - raft.server.log.write.buffer.size = 33554432 (custom)
2019-09-25 11:50:12,462 [pool-297-thread-1] INFO  server.RaftServerConfigKeys (ConfUtils.java:logGet(43)) - raft.server.log.force.sync.num = 128 (default)
2019-09-25 11:50:12,462 [pool-297-thread-1] INFO  server.RaftServerConfigKeys (ConfUtils.java:logGet(43)) - raft.server.log.statemachine.data.sync = true (default)
2019-09-25 11:50:12,462 [pool-297-thread-1] INFO  server.RaftServerConfigKeys (ConfUtils.java:logGet(43)) - raft.server.log.statemachine.data.sync.timeout = 10s (default)
2019-09-25 11:50:12,462 [pool-297-thread-1] INFO  server.RaftServerConfigKeys (ConfUtils.java:logGet(43)) - raft.server.log.statemachine.data.sync.timeout.retry = -1 (default)
2019-09-25 11:50:12,462 [pool-297-thread-1] INFO  server.RaftServerConfigKeys (ConfUtils.java:logGet(43)) - raft.server.log.statemachine.data.caching.enabled = true (custom)
2019-09-25 11:50:12,463 [pool-297-thread-1] INFO  segmented.SegmentedRaftLogWorker (SegmentedRaftLogWorker.java:lambda$new$0(132)) - e37a6a86-ba01-4b78-8a19-1770b3bcf624@group-6606FE609969-SegmentedRaftLogWorker: flushIndex: setUnconditionally 0 -> -1
2019-09-25 11:50:12,463 [pool-297-thread-1] INFO  server.RaftServerConfigKeys (ConfUtils.java:logGet(43)) - raft.server.snapshot.auto.trigger.enabled = true (custom)
2019-09-25 11:50:12,463 [pool-297-thread-1] INFO  server.RaftServerConfigKeys (ConfUtils.java:logGet(43)) - raft.server.snapshot.auto.trigger.threshold = 10000 (custom)
2019-09-25 11:50:12,463 [pool-297-thread-1] INFO  server.RaftServerConfigKeys (ConfUtils.java:logGet(43)) - raft.server.snapshot.retention.num.files = 5 (custom)
2019-09-25 11:50:12,463 [pool-297-thread-1] INFO  server.RaftServerConfigKeys (ConfUtils.java:logGet(43)) - raft.server.retrycache.expirytime = 600000ms (custom)
2019-09-25 11:50:12,465 [pool-297-thread-1] INFO  impl.RaftServerImpl (RaftServerImpl.java:start(185)) - e37a6a86-ba01-4b78-8a19-1770b3bcf624@group-6606FE609969: start as a follower, conf=-1: [e37a6a86-ba01-4b78-8a19-1770b3bcf624:192.168.30.6:33872], old=null
2019-09-25 11:50:12,465 [pool-297-thread-1] INFO  impl.RaftServerImpl (RaftServerImpl.java:setRole(174)) - e37a6a86-ba01-4b78-8a19-1770b3bcf624@group-6606FE609969: changes role from      null to FOLLOWER at term 0 for startAsFollower
2019-09-25 11:50:12,465 [pool-297-thread-1] INFO  impl.RoleInfo (RoleInfo.java:updateAndGet(143)) - e37a6a86-ba01-4b78-8a19-1770b3bcf624: start FollowerState
2019-09-25 11:50:12,466 [pool-297-thread-1] INFO  util.JmxRegister (JmxRegister.java:tryRegister(44)) - Successfully registered JMX Bean with object name Ratis:service=RaftServer,group=group-6606FE609969,id=e37a6a86-ba01-4b78-8a19-1770b3bcf624
2019-09-25 11:50:12,469 [RatisPipelineUtilsThread] INFO  pipeline.PipelineStateManager (PipelineStateManager.java:addPipeline(56)) - Created pipeline Pipeline[ Id: 115a525f-df31-4186-b34b-6606fe609969, Nodes: e37a6a86-ba01-4b78-8a19-1770b3bcf624{ip: 192.168.30.6, host: pr-hdds-1569-5gmkr-4255264070, networkLocation: /default-rack, certSerialId: null}, Type:RATIS, Factor:ONE, State:OPEN]
2019-09-25 11:50:12,469 [RatisPipelineUtilsThread] INFO  pipeline.PipelinePlacementPolicy (PipelinePlacementPolicy.java:meetCriteria(91)) - Pipeline Placement: can't place more pipeline on heavy datanode： 0b04bb08-988e-4c11-bb19-b8e35e208749 Heaviness: 6 limit: 5
2019-09-25 11:50:12,469 [RatisPipelineUtilsThread] INFO  pipeline.PipelinePlacementPolicy (PipelinePlacementPolicy.java:meetCriteria(91)) - Pipeline Placement: can't place more pipeline on heavy datanode： d0142895-3600-4281-b367-196d2d0762b5 Heaviness: 6 limit: 5
2019-09-25 11:50:12,475 [grpc-default-executor-0] INFO  impl.RaftServerProxy (RaftServerProxy.java:addNew(89)) - e37a6a86-ba01-4b78-8a19-1770b3bcf624: addNew group-40D8BC7BBC68:[e37a6a86-ba01-4b78-8a19-1770b3bcf624:192.168.30.6:33872] returns group-40D8BC7BBC68:java.util.concurrent.CompletableFuture@3cf3f55b[Not completed]
2019-09-25 11:50:12,477 [pool-297-thread-1] INFO  impl.RaftServerImpl (RaftServerImpl.java:<init>(95)) - e37a6a86-ba01-4b78-8a19-1770b3bcf624: new RaftServerImpl for group-40D8BC7BBC68:[e37a6a86-ba01-4b78-8a19-1770b3bcf624:192.168.30.6:33872] with ContainerStateMachine:uninitialized
2019-09-25 11:50:12,477 [pool-297-thread-1] INFO  server.RaftServerConfigKeys (ConfUtils.java:logGet(43)) - raft.server.rpc.timeout.min = 5s (custom)
2019-09-25 11:50:12,477 [pool-297-thread-1] INFO  server.RaftServerConfigKeys (ConfUtils.java:logGet(43)) - raft.server.rpc.timeout.max = 5200ms (custom)
2019-09-25 11:50:12,477 [pool-297-thread-1] INFO  server.RaftServerConfigKeys (ConfUtils.java:logGet(43)) - raft.server.rpcslowness.timeout = 120s (custom)
2019-09-25 11:50:12,478 [pool-297-thread-1] INFO  server.RaftServerConfigKeys (ConfUtils.java:logGet(43)) - raft.server.sleep.deviation.threshold = 300 (default)
2019-09-25 11:50:12,478 [pool-297-thread-1] INFO  server.RaftServerConfigKeys (ConfUtils.java:logGet(43)) - raft.server.log.appender.install.snapshot.enabled = false (custom)
2019-09-25 11:50:12,478 [pool-297-thread-1] INFO  impl.RaftServerImpl (ServerState.java:<init>(103)) - e37a6a86-ba01-4b78-8a19-1770b3bcf624@group-40D8BC7BBC68: ConfigurationManager, init=-1: [e37a6a86-ba01-4b78-8a19-1770b3bcf624:192.168.30.6:33872], old=null, confs=<EMPTY_MAP>
2019-09-25 11:50:12,478 [pool-297-thread-1] INFO  server.RaftServerConfigKeys (ConfUtils.java:logGet(43)) - raft.server.storage.dir = [/workdir/hadoop-ozone/ozonefs/target/test-dir/MiniOzoneClusterImpl-e6fda8ce-95ce-407e-bce9-2f736e2fb72c/datanode-2/data/ratis] (custom)
2019-09-25 11:50:12,479 [pool-297-thread-1] INFO  storage.RaftStorageDirectory (RaftStorageDirectory.java:analyzeStorage(246)) - The storage directory /workdir/hadoop-ozone/ozonefs/target/test-dir/MiniOzoneClusterImpl-e6fda8ce-95ce-407e-bce9-2f736e2fb72c/datanode-2/data/ratis/a9865edb-456a-4eed-ae4c-40d8bc7bbc68 does not exist. Creating ...
2019-09-25 11:50:12,482 [pool-297-thread-1] INFO  storage.RaftStorageDirectory (RaftStorageDirectory.java:tryLock(328)) - Lock on /workdir/hadoop-ozone/ozonefs/target/test-dir/MiniOzoneClusterImpl-e6fda8ce-95ce-407e-bce9-2f736e2fb72c/datanode-2/data/ratis/a9865edb-456a-4eed-ae4c-40d8bc7bbc68/in_use.lock acquired by nodename 16435@pr-hdds-1569-5gmkr-4255264070
2019-09-25 11:50:12,495 [pool-297-thread-1] INFO  storage.RaftStorage (RaftStorage.java:format(72)) - Storage directory /workdir/hadoop-ozone/ozonefs/target/test-dir/MiniOzoneClusterImpl-e6fda8ce-95ce-407e-bce9-2f736e2fb72c/datanode-2/data/ratis/a9865edb-456a-4eed-ae4c-40d8bc7bbc68 has been successfully formatted.
2019-09-25 11:50:12,495 [pool-297-thread-1] INFO  ratis.ContainerStateMachine (ContainerStateMachine.java:loadSnapshot(230)) - group-40D8BC7BBC68: The snapshot info is null. Setting the last applied indexto:(t:0, i:~)
2019-09-25 11:50:12,495 [pool-297-thread-1] INFO  server.RaftServerConfigKeys (ConfUtils.java:logGet(43)) - raft.server.notification.no-leader.timeout = 120s (custom)
2019-09-25 11:50:12,495 [pool-297-thread-1] INFO  server.RaftServerConfigKeys (ConfUtils.java:logGet(43)) - raft.server.log.use.memory = false (default)
2019-09-25 11:50:12,496 [pool-297-thread-1] INFO  server.RaftServerConfigKeys (ConfUtils.java:logGet(43)) - raft.server.log.purge.gap = 1000000 (custom)
2019-09-25 11:50:12,496 [pool-297-thread-1] INFO  server.RaftServerConfigKeys (ConfUtils.java:logGet(43)) - raft.server.log.appender.buffer.byte-limit = 33554432 (custom)
2019-09-25 11:50:12,496 [pool-297-thread-1] INFO  server.RaftServerConfigKeys (ConfUtils.java:logGet(43)) - raft.server.log.segment.size.max = 1048576 (custom)
2019-09-25 11:50:12,496 [pool-297-thread-1] INFO  server.RaftServerConfigKeys (ConfUtils.java:logGet(43)) - raft.server.log.segment.cache.num.max = 2 (custom)
2019-09-25 11:50:12,496 [pool-297-thread-1] INFO  segmented.SegmentedRaftLogWorker (SegmentedRaftLogWorker.java:<init>(172)) - new e37a6a86-ba01-4b78-8a19-1770b3bcf624@group-40D8BC7BBC68-SegmentedRaftLogWorker for RaftStorage:Storage Directory /workdir/hadoop-ozone/ozonefs/target/test-dir/MiniOzoneClusterImpl-e6fda8ce-95ce-407e-bce9-2f736e2fb72c/datanode-2/data/ratis/a9865edb-456a-4eed-ae4c-40d8bc7bbc68
2019-09-25 11:50:12,496 [pool-297-thread-1] INFO  server.RaftServerConfigKeys (ConfUtils.java:logGet(43)) - raft.server.log.queue.byte-limit = 2147483647 (custom)
2019-09-25 11:50:12,496 [pool-297-thread-1] INFO  server.RaftServerConfigKeys (ConfUtils.java:logGet(43)) - raft.server.log.queue.element-limit = 1024 (custom)
2019-09-25 11:50:12,496 [pool-297-thread-1] INFO  server.RaftServerConfigKeys (ConfUtils.java:logGet(43)) - raft.server.log.segment.size.max = 1048576 (custom)
2019-09-25 11:50:12,496 [pool-297-thread-1] INFO  server.RaftServerConfigKeys (ConfUtils.java:logGet(43)) - raft.server.log.preallocated.size = 16384 (custom)
2019-09-25 11:50:12,496 [pool-297-thread-1] INFO  server.RaftServerConfigKeys (ConfUtils.java:logGet(43)) - raft.server.log.write.buffer.size = 33554432 (custom)
2019-09-25 11:50:12,497 [pool-297-thread-1] INFO  server.RaftServerConfigKeys (ConfUtils.java:logGet(43)) - raft.server.log.force.sync.num = 128 (default)
2019-09-25 11:50:12,497 [pool-297-thread-1] INFO  server.RaftServerConfigKeys (ConfUtils.java:logGet(43)) - raft.server.log.statemachine.data.sync = true (default)
2019-09-25 11:50:12,497 [pool-297-thread-1] INFO  server.RaftServerConfigKeys (ConfUtils.java:logGet(43)) - raft.server.log.statemachine.data.sync.timeout = 10s (default)
2019-09-25 11:50:12,497 [pool-297-thread-1] INFO  server.RaftServerConfigKeys (ConfUtils.java:logGet(43)) - raft.server.log.statemachine.data.sync.timeout.retry = -1 (default)
2019-09-25 11:50:12,497 [pool-297-thread-1] INFO  server.RaftServerConfigKeys (ConfUtils.java:logGet(43)) - raft.server.log.statemachine.data.caching.enabled = true (custom)
2019-09-25 11:50:12,497 [pool-297-thread-1] INFO  segmented.SegmentedRaftLogWorker (SegmentedRaftLogWorker.java:lambda$new$0(132)) - e37a6a86-ba01-4b78-8a19-1770b3bcf624@group-40D8BC7BBC68-SegmentedRaftLogWorker: flushIndex: setUnconditionally 0 -> -1
2019-09-25 11:50:12,497 [pool-297-thread-1] INFO  server.RaftServerConfigKeys (ConfUtils.java:logGet(43)) - raft.server.snapshot.auto.trigger.enabled = true (custom)
2019-09-25 11:50:12,497 [pool-297-thread-1] INFO  server.RaftServerConfigKeys (ConfUtils.java:logGet(43)) - raft.server.snapshot.auto.trigger.threshold = 10000 (custom)
2019-09-25 11:50:12,498 [pool-297-thread-1] INFO  server.RaftServerConfigKeys (ConfUtils.java:logGet(43)) - raft.server.snapshot.retention.num.files = 5 (custom)
2019-09-25 11:50:12,498 [pool-297-thread-1] INFO  server.RaftServerConfigKeys (ConfUtils.java:logGet(43)) - raft.server.retrycache.expirytime = 600000ms (custom)
2019-09-25 11:50:12,499 [pool-297-thread-1] INFO  impl.RaftServerImpl (RaftServerImpl.java:start(185)) - e37a6a86-ba01-4b78-8a19-1770b3bcf624@group-40D8BC7BBC68: start as a follower, conf=-1: [e37a6a86-ba01-4b78-8a19-1770b3bcf624:192.168.30.6:33872], old=null
2019-09-25 11:50:12,499 [pool-297-thread-1] INFO  impl.RaftServerImpl (RaftServerImpl.java:setRole(174)) - e37a6a86-ba01-4b78-8a19-1770b3bcf624@group-40D8BC7BBC68: changes role from      null to FOLLOWER at term 0 for startAsFollower
2019-09-25 11:50:12,499 [pool-297-thread-1] INFO  impl.RoleInfo (RoleInfo.java:updateAndGet(143)) - e37a6a86-ba01-4b78-8a19-1770b3bcf624: start FollowerState
2019-09-25 11:50:12,500 [pool-297-thread-1] INFO  util.JmxRegister (JmxRegister.java:tryRegister(44)) - Successfully registered JMX Bean with object name Ratis:service=RaftServer,group=group-40D8BC7BBC68,id=e37a6a86-ba01-4b78-8a19-1770b3bcf624
2019-09-25 11:50:12,503 [RatisPipelineUtilsThread] INFO  pipeline.PipelineStateManager (PipelineStateManager.java:addPipeline(56)) - Created pipeline Pipeline[ Id: a9865edb-456a-4eed-ae4c-40d8bc7bbc68, Nodes: e37a6a86-ba01-4b78-8a19-1770b3bcf624{ip: 192.168.30.6, host: pr-hdds-1569-5gmkr-4255264070, networkLocation: /default-rack, certSerialId: null}, Type:RATIS, Factor:ONE, State:OPEN]
2019-09-25 11:50:12,503 [RatisPipelineUtilsThread] INFO  pipeline.PipelinePlacementPolicy (PipelinePlacementPolicy.java:meetCriteria(91)) - Pipeline Placement: can't place more pipeline on heavy datanode： 0b04bb08-988e-4c11-bb19-b8e35e208749 Heaviness: 6 limit: 5
2019-09-25 11:50:12,503 [RatisPipelineUtilsThread] INFO  pipeline.PipelinePlacementPolicy (PipelinePlacementPolicy.java:meetCriteria(91)) - Pipeline Placement: can't place more pipeline on heavy datanode： d0142895-3600-4281-b367-196d2d0762b5 Heaviness: 6 limit: 5
2019-09-25 11:50:12,509 [grpc-default-executor-0] INFO  impl.RaftServerProxy (RaftServerProxy.java:addNew(89)) - e37a6a86-ba01-4b78-8a19-1770b3bcf624: addNew group-F48364A4F7D1:[e37a6a86-ba01-4b78-8a19-1770b3bcf624:192.168.30.6:33872] returns group-F48364A4F7D1:java.util.concurrent.CompletableFuture@75d58ac4[Not completed]
2019-09-25 11:50:12,510 [pool-297-thread-1] INFO  impl.RaftServerImpl (RaftServerImpl.java:<init>(95)) - e37a6a86-ba01-4b78-8a19-1770b3bcf624: new RaftServerImpl for group-F48364A4F7D1:[e37a6a86-ba01-4b78-8a19-1770b3bcf624:192.168.30.6:33872] with ContainerStateMachine:uninitialized
2019-09-25 11:50:12,510 [pool-297-thread-1] INFO  server.RaftServerConfigKeys (ConfUtils.java:logGet(43)) - raft.server.rpc.timeout.min = 5s (custom)
2019-09-25 11:50:12,510 [pool-297-thread-1] INFO  server.RaftServerConfigKeys (ConfUtils.java:logGet(43)) - raft.server.rpc.timeout.max = 5200ms (custom)
2019-09-25 11:50:12,510 [pool-297-thread-1] INFO  server.RaftServerConfigKeys (ConfUtils.java:logGet(43)) - raft.server.rpcslowness.timeout = 120s (custom)
2019-09-25 11:50:12,510 [pool-297-thread-1] INFO  server.RaftServerConfigKeys (ConfUtils.java:logGet(43)) - raft.server.sleep.deviation.threshold = 300 (default)
2019-09-25 11:50:12,510 [pool-297-thread-1] INFO  server.RaftServerConfigKeys (ConfUtils.java:logGet(43)) - raft.server.log.appender.install.snapshot.enabled = false (custom)
2019-09-25 11:50:12,511 [pool-297-thread-1] INFO  impl.RaftServerImpl (ServerState.java:<init>(103)) - e37a6a86-ba01-4b78-8a19-1770b3bcf624@group-F48364A4F7D1: ConfigurationManager, init=-1: [e37a6a86-ba01-4b78-8a19-1770b3bcf624:192.168.30.6:33872], old=null, confs=<EMPTY_MAP>
2019-09-25 11:50:12,511 [pool-297-thread-1] INFO  server.RaftServerConfigKeys (ConfUtils.java:logGet(43)) - raft.server.storage.dir = [/workdir/hadoop-ozone/ozonefs/target/test-dir/MiniOzoneClusterImpl-e6fda8ce-95ce-407e-bce9-2f736e2fb72c/datanode-2/data/ratis] (custom)
2019-09-25 11:50:12,511 [pool-297-thread-1] INFO  storage.RaftStorageDirectory (RaftStorageDirectory.java:analyzeStorage(246)) - The storage directory /workdir/hadoop-ozone/ozonefs/target/test-dir/MiniOzoneClusterImpl-e6fda8ce-95ce-407e-bce9-2f736e2fb72c/datanode-2/data/ratis/c0097fc4-0ebc-4caf-9e09-f48364a4f7d1 does not exist. Creating ...
2019-09-25 11:50:12,524 [pool-297-thread-1] INFO  storage.RaftStorageDirectory (RaftStorageDirectory.java:tryLock(328)) - Lock on /workdir/hadoop-ozone/ozonefs/target/test-dir/MiniOzoneClusterImpl-e6fda8ce-95ce-407e-bce9-2f736e2fb72c/datanode-2/data/ratis/c0097fc4-0ebc-4caf-9e09-f48364a4f7d1/in_use.lock acquired by nodename 16435@pr-hdds-1569-5gmkr-4255264070
2019-09-25 11:50:12,527 [pool-297-thread-1] INFO  storage.RaftStorage (RaftStorage.java:format(72)) - Storage directory /workdir/hadoop-ozone/ozonefs/target/test-dir/MiniOzoneClusterImpl-e6fda8ce-95ce-407e-bce9-2f736e2fb72c/datanode-2/data/ratis/c0097fc4-0ebc-4caf-9e09-f48364a4f7d1 has been successfully formatted.
2019-09-25 11:50:12,527 [pool-297-thread-1] INFO  ratis.ContainerStateMachine (ContainerStateMachine.java:loadSnapshot(230)) - group-F48364A4F7D1: The snapshot info is null. Setting the last applied indexto:(t:0, i:~)
2019-09-25 11:50:12,527 [pool-297-thread-1] INFO  server.RaftServerConfigKeys (ConfUtils.java:logGet(43)) - raft.server.notification.no-leader.timeout = 120s (custom)
2019-09-25 11:50:12,528 [pool-297-thread-1] INFO  server.RaftServerConfigKeys (ConfUtils.java:logGet(43)) - raft.server.log.use.memory = false (default)
2019-09-25 11:50:12,528 [pool-297-thread-1] INFO  server.RaftServerConfigKeys (ConfUtils.java:logGet(43)) - raft.server.log.purge.gap = 1000000 (custom)
2019-09-25 11:50:12,528 [pool-297-thread-1] INFO  server.RaftServerConfigKeys (ConfUtils.java:logGet(43)) - raft.server.log.appender.buffer.byte-limit = 33554432 (custom)
2019-09-25 11:50:12,528 [pool-297-thread-1] INFO  server.RaftServerConfigKeys (ConfUtils.java:logGet(43)) - raft.server.log.segment.size.max = 1048576 (custom)
2019-09-25 11:50:12,528 [pool-297-thread-1] INFO  server.RaftServerConfigKeys (ConfUtils.java:logGet(43)) - raft.server.log.segment.cache.num.max = 2 (custom)
2019-09-25 11:50:12,528 [pool-297-thread-1] INFO  segmented.SegmentedRaftLogWorker (SegmentedRaftLogWorker.java:<init>(172)) - new e37a6a86-ba01-4b78-8a19-1770b3bcf624@group-F48364A4F7D1-SegmentedRaftLogWorker for RaftStorage:Storage Directory /workdir/hadoop-ozone/ozonefs/target/test-dir/MiniOzoneClusterImpl-e6fda8ce-95ce-407e-bce9-2f736e2fb72c/datanode-2/data/ratis/c0097fc4-0ebc-4caf-9e09-f48364a4f7d1
2019-09-25 11:50:12,528 [pool-297-thread-1] INFO  server.RaftServerConfigKeys (ConfUtils.java:logGet(43)) - raft.server.log.queue.byte-limit = 2147483647 (custom)
2019-09-25 11:50:12,528 [pool-297-thread-1] INFO  server.RaftServerConfigKeys (ConfUtils.java:logGet(43)) - raft.server.log.queue.element-limit = 1024 (custom)
2019-09-25 11:50:12,528 [pool-297-thread-1] INFO  server.RaftServerConfigKeys (ConfUtils.java:logGet(43)) - raft.server.log.segment.size.max = 1048576 (custom)
2019-09-25 11:50:12,528 [pool-297-thread-1] INFO  server.RaftServerConfigKeys (ConfUtils.java:logGet(43)) - raft.server.log.preallocated.size = 16384 (custom)
2019-09-25 11:50:12,529 [pool-297-thread-1] INFO  server.RaftServerConfigKeys (ConfUtils.java:logGet(43)) - raft.server.log.write.buffer.size = 33554432 (custom)
2019-09-25 11:50:12,529 [pool-297-thread-1] INFO  server.RaftServerConfigKeys (ConfUtils.java:logGet(43)) - raft.server.log.force.sync.num = 128 (default)
2019-09-25 11:50:12,529 [pool-297-thread-1] INFO  server.RaftServerConfigKeys (ConfUtils.java:logGet(43)) - raft.server.log.statemachine.data.sync = true (default)
2019-09-25 11:50:12,529 [pool-297-thread-1] INFO  server.RaftServerConfigKeys (ConfUtils.java:logGet(43)) - raft.server.log.statemachine.data.sync.timeout = 10s (default)
2019-09-25 11:50:12,529 [pool-297-thread-1] INFO  server.RaftServerConfigKeys (ConfUtils.java:logGet(43)) - raft.server.log.statemachine.data.sync.timeout.retry = -1 (default)
2019-09-25 11:50:12,529 [pool-297-thread-1] INFO  server.RaftServerConfigKeys (ConfUtils.java:logGet(43)) - raft.server.log.statemachine.data.caching.enabled = true (custom)
2019-09-25 11:50:12,529 [pool-297-thread-1] INFO  segmented.SegmentedRaftLogWorker (SegmentedRaftLogWorker.java:lambda$new$0(132)) - e37a6a86-ba01-4b78-8a19-1770b3bcf624@group-F48364A4F7D1-SegmentedRaftLogWorker: flushIndex: setUnconditionally 0 -> -1
2019-09-25 11:50:12,529 [pool-297-thread-1] INFO  server.RaftServerConfigKeys (ConfUtils.java:logGet(43)) - raft.server.snapshot.auto.trigger.enabled = true (custom)
2019-09-25 11:50:12,530 [pool-297-thread-1] INFO  server.RaftServerConfigKeys (ConfUtils.java:logGet(43)) - raft.server.snapshot.auto.trigger.threshold = 10000 (custom)
2019-09-25 11:50:12,530 [pool-297-thread-1] INFO  server.RaftServerConfigKeys (ConfUtils.java:logGet(43)) - raft.server.snapshot.retention.num.files = 5 (custom)
2019-09-25 11:50:12,530 [pool-297-thread-1] INFO  server.RaftServerConfigKeys (ConfUtils.java:logGet(43)) - raft.server.retrycache.expirytime = 600000ms (custom)
2019-09-25 11:50:12,531 [pool-297-thread-1] INFO  impl.RaftServerImpl (RaftServerImpl.java:start(185)) - e37a6a86-ba01-4b78-8a19-1770b3bcf624@group-F48364A4F7D1: start as a follower, conf=-1: [e37a6a86-ba01-4b78-8a19-1770b3bcf624:192.168.30.6:33872], old=null
2019-09-25 11:50:12,531 [pool-297-thread-1] INFO  impl.RaftServerImpl (RaftServerImpl.java:setRole(174)) - e37a6a86-ba01-4b78-8a19-1770b3bcf624@group-F48364A4F7D1: changes role from      null to FOLLOWER at term 0 for startAsFollower
2019-09-25 11:50:12,531 [pool-297-thread-1] INFO  impl.RoleInfo (RoleInfo.java:updateAndGet(143)) - e37a6a86-ba01-4b78-8a19-1770b3bcf624: start FollowerState
2019-09-25 11:50:12,531 [pool-297-thread-1] INFO  util.JmxRegister (JmxRegister.java:tryRegister(44)) - Successfully registered JMX Bean with object name Ratis:service=RaftServer,group=group-F48364A4F7D1,id=e37a6a86-ba01-4b78-8a19-1770b3bcf624
2019-09-25 11:50:12,534 [RatisPipelineUtilsThread] INFO  pipeline.PipelineStateManager (PipelineStateManager.java:addPipeline(56)) - Created pipeline Pipeline[ Id: c0097fc4-0ebc-4caf-9e09-f48364a4f7d1, Nodes: e37a6a86-ba01-4b78-8a19-1770b3bcf624{ip: 192.168.30.6, host: pr-hdds-1569-5gmkr-4255264070, networkLocation: /default-rack, certSerialId: null}, Type:RATIS, Factor:ONE, State:OPEN]
2019-09-25 11:50:12,534 [RatisPipelineUtilsThread] INFO  pipeline.PipelinePlacementPolicy (PipelinePlacementPolicy.java:meetCriteria(91)) - Pipeline Placement: can't place more pipeline on heavy datanode： 0b04bb08-988e-4c11-bb19-b8e35e208749 Heaviness: 6 limit: 5
2019-09-25 11:50:12,534 [RatisPipelineUtilsThread] INFO  pipeline.PipelinePlacementPolicy (PipelinePlacementPolicy.java:meetCriteria(91)) - Pipeline Placement: can't place more pipeline on heavy datanode： e37a6a86-ba01-4b78-8a19-1770b3bcf624 Heaviness: 6 limit: 5
2019-09-25 11:50:12,535 [RatisPipelineUtilsThread] INFO  pipeline.PipelinePlacementPolicy (PipelinePlacementPolicy.java:meetCriteria(91)) - Pipeline Placement: can't place more pipeline on heavy datanode： d0142895-3600-4281-b367-196d2d0762b5 Heaviness: 6 limit: 5
2019-09-25 11:50:12,535 [RatisPipelineUtilsThread] ERROR pipeline.PipelinePlacementPolicy (PipelinePlacementPolicy.java:filterViableNodes(148)) - Unable to find enough nodes that meet the criteria that cannot engage in more than 5 pipelines. Nodes required: 1 Found: 0, healthy nodes count inNodeManager: 3.
2019-09-25 11:50:12,535 [RatisPipelineUtilsThread] ERROR pipeline.SCMPipelineManager (SCMPipelineManager.java:createPipeline(167)) - Pipeline creation failed.
org.apache.hadoop.hdds.scm.exceptions.SCMException: Unable to find enough nodes that meet the criteria that cannot engage in more than 5 pipelines. Nodes required: 1 Found: 0, healthy nodes count inNodeManager: 3.
	at org.apache.hadoop.hdds.scm.pipeline.PipelinePlacementPolicy.filterViableNodes(PipelinePlacementPolicy.java:149)
	at org.apache.hadoop.hdds.scm.pipeline.PipelinePlacementPolicy.chooseDatanodes(PipelinePlacementPolicy.java:172)
	at org.apache.hadoop.hdds.scm.pipeline.RatisPipelineProvider.create(RatisPipelineProvider.java:93)
	at org.apache.hadoop.hdds.scm.pipeline.PipelineFactory.create(PipelineFactory.java:58)
	at org.apache.hadoop.hdds.scm.pipeline.SCMPipelineManager.createPipeline(SCMPipelineManager.java:155)
	at org.apache.hadoop.hdds.scm.pipeline.BackgroundPipelineCreator.createPipelines(BackgroundPipelineCreator.java:99)
	at java.util.concurrent.Executors$RunnableAdapter.call(Executors.java:511)
	at java.util.concurrent.FutureTask.run(FutureTask.java:266)
	at java.util.concurrent.ScheduledThreadPoolExecutor$ScheduledFutureTask.access$201(ScheduledThreadPoolExecutor.java:180)
	at java.util.concurrent.ScheduledThreadPoolExecutor$ScheduledFutureTask.run(ScheduledThreadPoolExecutor.java:293)
	at java.util.concurrent.ThreadPoolExecutor.runWorker(ThreadPoolExecutor.java:1149)
	at java.util.concurrent.ThreadPoolExecutor$Worker.run(ThreadPoolExecutor.java:624)
	at java.lang.Thread.run(Thread.java:748)
2019-09-25 11:50:12,535 [RatisPipelineUtilsThread] INFO  pipeline.PipelinePlacementPolicy (PipelinePlacementPolicy.java:meetCriteria(91)) - Pipeline Placement: can't place more pipeline on heavy datanode： 0b04bb08-988e-4c11-bb19-b8e35e208749 Heaviness: 6 limit: 5
2019-09-25 11:50:12,535 [RatisPipelineUtilsThread] INFO  pipeline.PipelinePlacementPolicy (PipelinePlacementPolicy.java:meetCriteria(91)) - Pipeline Placement: can't place more pipeline on heavy datanode： e37a6a86-ba01-4b78-8a19-1770b3bcf624 Heaviness: 6 limit: 5
2019-09-25 11:50:12,536 [RatisPipelineUtilsThread] INFO  pipeline.PipelinePlacementPolicy (PipelinePlacementPolicy.java:meetCriteria(91)) - Pipeline Placement: can't place more pipeline on heavy datanode： d0142895-3600-4281-b367-196d2d0762b5 Heaviness: 6 limit: 5
2019-09-25 11:50:12,536 [RatisPipelineUtilsThread] ERROR pipeline.PipelinePlacementPolicy (PipelinePlacementPolicy.java:filterViableNodes(148)) - Unable to find enough nodes that meet the criteria that cannot engage in more than 5 pipelines. Nodes required: 3 Found: 0, healthy nodes count inNodeManager: 3.
2019-09-25 11:50:12,536 [RatisPipelineUtilsThread] ERROR pipeline.SCMPipelineManager (SCMPipelineManager.java:createPipeline(167)) - Pipeline creation failed.
org.apache.hadoop.hdds.scm.exceptions.SCMException: Unable to find enough nodes that meet the criteria that cannot engage in more than 5 pipelines. Nodes required: 3 Found: 0, healthy nodes count inNodeManager: 3.
	at org.apache.hadoop.hdds.scm.pipeline.PipelinePlacementPolicy.filterViableNodes(PipelinePlacementPolicy.java:149)
	at org.apache.hadoop.hdds.scm.pipeline.PipelinePlacementPolicy.chooseDatanodes(PipelinePlacementPolicy.java:172)
	at org.apache.hadoop.hdds.scm.pipeline.RatisPipelineProvider.create(RatisPipelineProvider.java:93)
	at org.apache.hadoop.hdds.scm.pipeline.PipelineFactory.create(PipelineFactory.java:58)
	at org.apache.hadoop.hdds.scm.pipeline.SCMPipelineManager.createPipeline(SCMPipelineManager.java:155)
	at org.apache.hadoop.hdds.scm.pipeline.BackgroundPipelineCreator.createPipelines(BackgroundPipelineCreator.java:99)
	at java.util.concurrent.Executors$RunnableAdapter.call(Executors.java:511)
	at java.util.concurrent.FutureTask.run(FutureTask.java:266)
	at java.util.concurrent.ScheduledThreadPoolExecutor$ScheduledFutureTask.access$201(ScheduledThreadPoolExecutor.java:180)
	at java.util.concurrent.ScheduledThreadPoolExecutor$ScheduledFutureTask.run(ScheduledThreadPoolExecutor.java:293)
	at java.util.concurrent.ThreadPoolExecutor.runWorker(ThreadPoolExecutor.java:1149)
	at java.util.concurrent.ThreadPoolExecutor$Worker.run(ThreadPoolExecutor.java:624)
	at java.lang.Thread.run(Thread.java:748)
2019-09-25 11:50:12,536 [RatisPipelineUtilsThread] INFO  pipeline.PipelinePlacementPolicy (PipelinePlacementPolicy.java:meetCriteria(91)) - Pipeline Placement: can't place more pipeline on heavy datanode： 0b04bb08-988e-4c11-bb19-b8e35e208749 Heaviness: 6 limit: 5
2019-09-25 11:50:12,537 [RatisPipelineUtilsThread] INFO  pipeline.PipelinePlacementPolicy (PipelinePlacementPolicy.java:meetCriteria(91)) - Pipeline Placement: can't place more pipeline on heavy datanode： e37a6a86-ba01-4b78-8a19-1770b3bcf624 Heaviness: 6 limit: 5
2019-09-25 11:50:12,537 [RatisPipelineUtilsThread] INFO  pipeline.PipelinePlacementPolicy (PipelinePlacementPolicy.java:meetCriteria(91)) - Pipeline Placement: can't place more pipeline on heavy datanode： d0142895-3600-4281-b367-196d2d0762b5 Heaviness: 6 limit: 5
2019-09-25 11:50:12,537 [RatisPipelineUtilsThread] ERROR pipeline.PipelinePlacementPolicy (PipelinePlacementPolicy.java:filterViableNodes(148)) - Unable to find enough nodes that meet the criteria that cannot engage in more than 5 pipelines. Nodes required: 1 Found: 0, healthy nodes count inNodeManager: 3.
2019-09-25 11:50:12,537 [RatisPipelineUtilsThread] ERROR pipeline.SCMPipelineManager (SCMPipelineManager.java:createPipeline(167)) - Pipeline creation failed.
org.apache.hadoop.hdds.scm.exceptions.SCMException: Unable to find enough nodes that meet the criteria that cannot engage in more than 5 pipelines. Nodes required: 1 Found: 0, healthy nodes count inNodeManager: 3.
	at org.apache.hadoop.hdds.scm.pipeline.PipelinePlacementPolicy.filterViableNodes(PipelinePlacementPolicy.java:149)
	at org.apache.hadoop.hdds.scm.pipeline.PipelinePlacementPolicy.chooseDatanodes(PipelinePlacementPolicy.java:172)
	at org.apache.hadoop.hdds.scm.pipeline.RatisPipelineProvider.create(RatisPipelineProvider.java:93)
	at org.apache.hadoop.hdds.scm.pipeline.PipelineFactory.create(PipelineFactory.java:58)
	at org.apache.hadoop.hdds.scm.pipeline.SCMPipelineManager.createPipeline(SCMPipelineManager.java:155)
	at org.apache.hadoop.hdds.scm.pipeline.BackgroundPipelineCreator.createPipelines(BackgroundPipelineCreator.java:99)
	at org.apache.hadoop.hdds.scm.pipeline.BackgroundPipelineCreator.lambda$startFixedIntervalPipelineCreator$0(BackgroundPipelineCreator.java:70)
	at java.util.concurrent.Executors$RunnableAdapter.call(Executors.java:511)
	at java.util.concurrent.FutureTask.runAndReset(FutureTask.java:308)
	at java.util.concurrent.ScheduledThreadPoolExecutor$ScheduledFutureTask.access$301(ScheduledThreadPoolExecutor.java:180)
	at java.util.concurrent.ScheduledThreadPoolExecutor$ScheduledFutureTask.run(ScheduledThreadPoolExecutor.java:294)
	at java.util.concurrent.ThreadPoolExecutor.runWorker(ThreadPoolExecutor.java:1149)
	at java.util.concurrent.ThreadPoolExecutor$Worker.run(ThreadPoolExecutor.java:624)
	at java.lang.Thread.run(Thread.java:748)
2019-09-25 11:50:12,537 [RatisPipelineUtilsThread] INFO  pipeline.PipelinePlacementPolicy (PipelinePlacementPolicy.java:meetCriteria(91)) - Pipeline Placement: can't place more pipeline on heavy datanode： 0b04bb08-988e-4c11-bb19-b8e35e208749 Heaviness: 6 limit: 5
2019-09-25 11:50:12,538 [RatisPipelineUtilsThread] INFO  pipeline.PipelinePlacementPolicy (PipelinePlacementPolicy.java:meetCriteria(91)) - Pipeline Placement: can't place more pipeline on heavy datanode： e37a6a86-ba01-4b78-8a19-1770b3bcf624 Heaviness: 6 limit: 5
2019-09-25 11:50:12,538 [RatisPipelineUtilsThread] INFO  pipeline.PipelinePlacementPolicy (PipelinePlacementPolicy.java:meetCriteria(91)) - Pipeline Placement: can't place more pipeline on heavy datanode： d0142895-3600-4281-b367-196d2d0762b5 Heaviness: 6 limit: 5
2019-09-25 11:50:12,538 [RatisPipelineUtilsThread] ERROR pipeline.PipelinePlacementPolicy (PipelinePlacementPolicy.java:filterViableNodes(148)) - Unable to find enough nodes that meet the criteria that cannot engage in more than 5 pipelines. Nodes required: 3 Found: 0, healthy nodes count inNodeManager: 3.
2019-09-25 11:50:12,538 [RatisPipelineUtilsThread] ERROR pipeline.SCMPipelineManager (SCMPipelineManager.java:createPipeline(167)) - Pipeline creation failed.
org.apache.hadoop.hdds.scm.exceptions.SCMException: Unable to find enough nodes that meet the criteria that cannot engage in more than 5 pipelines. Nodes required: 3 Found: 0, healthy nodes count inNodeManager: 3.
	at org.apache.hadoop.hdds.scm.pipeline.PipelinePlacementPolicy.filterViableNodes(PipelinePlacementPolicy.java:149)
	at org.apache.hadoop.hdds.scm.pipeline.PipelinePlacementPolicy.chooseDatanodes(PipelinePlacementPolicy.java:172)
	at org.apache.hadoop.hdds.scm.pipeline.RatisPipelineProvider.create(RatisPipelineProvider.java:93)
	at org.apache.hadoop.hdds.scm.pipeline.PipelineFactory.create(PipelineFactory.java:58)
	at org.apache.hadoop.hdds.scm.pipeline.SCMPipelineManager.createPipeline(SCMPipelineManager.java:155)
	at org.apache.hadoop.hdds.scm.pipeline.BackgroundPipelineCreator.createPipelines(BackgroundPipelineCreator.java:99)
	at org.apache.hadoop.hdds.scm.pipeline.BackgroundPipelineCreator.lambda$startFixedIntervalPipelineCreator$0(BackgroundPipelineCreator.java:70)
	at java.util.concurrent.Executors$RunnableAdapter.call(Executors.java:511)
	at java.util.concurrent.FutureTask.runAndReset(FutureTask.java:308)
	at java.util.concurrent.ScheduledThreadPoolExecutor$ScheduledFutureTask.access$301(ScheduledThreadPoolExecutor.java:180)
	at java.util.concurrent.ScheduledThreadPoolExecutor$ScheduledFutureTask.run(ScheduledThreadPoolExecutor.java:294)
	at java.util.concurrent.ThreadPoolExecutor.runWorker(ThreadPoolExecutor.java:1149)
	at java.util.concurrent.ThreadPoolExecutor$Worker.run(ThreadPoolExecutor.java:624)
	at java.lang.Thread.run(Thread.java:748)
2019-09-25 11:50:12,807 [main] INFO  ozone.MiniOzoneClusterImpl (MiniOzoneClusterImpl.java:lambda$waitForClusterToBeReady$0(147)) - Cluster is ready. Got 3 of 3 DN Heartbeats.
2019-09-25 11:50:12,845 [main] INFO  rpc.RpcClient (RpcClient.java:createVolume(276)) - Creating Volume: oxldwcrqte, with user66672 as owner.
2019-09-25 11:50:12,847 [IPC Server handler 3 on 38710] INFO  volume.OMVolumeCreateRequest (OMVolumeCreateRequest.java:validateAndUpdateCache(189)) - created volume:oxldwcrqte for user:user66672
2019-09-25 11:50:12,857 [main] INFO  rpc.RpcClient (RpcClient.java:createBucket(415)) - Creating Bucket: oxldwcrqte/roloculpvq, with Versioning false and Storage Type set to DISK and Encryption set to false 
2019-09-25 11:50:12,916 [IPC Server handler 1 on 33654] INFO  pipeline.PipelinePlacementPolicy (PipelinePlacementPolicy.java:meetCriteria(91)) - Pipeline Placement: can't place more pipeline on heavy datanode： 0b04bb08-988e-4c11-bb19-b8e35e208749 Heaviness: 6 limit: 5
2019-09-25 11:50:12,916 [IPC Server handler 1 on 33654] INFO  pipeline.PipelinePlacementPolicy (PipelinePlacementPolicy.java:meetCriteria(91)) - Pipeline Placement: can't place more pipeline on heavy datanode： e37a6a86-ba01-4b78-8a19-1770b3bcf624 Heaviness: 6 limit: 5
2019-09-25 11:50:12,917 [IPC Server handler 1 on 33654] INFO  pipeline.PipelinePlacementPolicy (PipelinePlacementPolicy.java:meetCriteria(91)) - Pipeline Placement: can't place more pipeline on heavy datanode： d0142895-3600-4281-b367-196d2d0762b5 Heaviness: 6 limit: 5
2019-09-25 11:50:12,917 [IPC Server handler 1 on 33654] ERROR pipeline.PipelinePlacementPolicy (PipelinePlacementPolicy.java:filterViableNodes(148)) - Unable to find enough nodes that meet the criteria that cannot engage in more than 5 pipelines. Nodes required: 3 Found: 0, healthy nodes count inNodeManager: 3.
2019-09-25 11:50:12,917 [IPC Server handler 1 on 33654] ERROR pipeline.SCMPipelineManager (SCMPipelineManager.java:createPipeline(167)) - Pipeline creation failed.
org.apache.hadoop.hdds.scm.exceptions.SCMException: Unable to find enough nodes that meet the criteria that cannot engage in more than 5 pipelines. Nodes required: 3 Found: 0, healthy nodes count inNodeManager: 3.
	at org.apache.hadoop.hdds.scm.pipeline.PipelinePlacementPolicy.filterViableNodes(PipelinePlacementPolicy.java:149)
	at org.apache.hadoop.hdds.scm.pipeline.PipelinePlacementPolicy.chooseDatanodes(PipelinePlacementPolicy.java:172)
	at org.apache.hadoop.hdds.scm.pipeline.RatisPipelineProvider.create(RatisPipelineProvider.java:93)
	at org.apache.hadoop.hdds.scm.pipeline.PipelineFactory.create(PipelineFactory.java:58)
	at org.apache.hadoop.hdds.scm.pipeline.SCMPipelineManager.createPipeline(SCMPipelineManager.java:155)
	at org.apache.hadoop.hdds.scm.block.BlockManagerImpl.allocateBlock(BlockManagerImpl.java:190)
	at org.apache.hadoop.hdds.scm.server.SCMBlockProtocolServer.allocateBlock(SCMBlockProtocolServer.java:182)
	at org.apache.hadoop.ozone.protocolPB.ScmBlockLocationProtocolServerSideTranslatorPB.allocateScmBlock(ScmBlockLocationProtocolServerSideTranslatorPB.java:183)
	at org.apache.hadoop.ozone.protocolPB.ScmBlockLocationProtocolServerSideTranslatorPB.processMessage(ScmBlockLocationProtocolServerSideTranslatorPB.java:141)
	at org.apache.hadoop.ozone.protocolPB.ScmBlockLocationProtocolServerSideTranslatorPB.send(ScmBlockLocationProtocolServerSideTranslatorPB.java:116)
	at org.apache.hadoop.hdds.protocol.proto.ScmBlockLocationProtocolProtos$ScmBlockLocationProtocolService$2.callBlockingMethod(ScmBlockLocationProtocolProtos.java:13157)
	at org.apache.hadoop.ipc.ProtobufRpcEngine$Server$ProtoBufRpcInvoker.call(ProtobufRpcEngine.java:524)
	at org.apache.hadoop.ipc.RPC$Server.call(RPC.java:1025)
	at org.apache.hadoop.ipc.Server$RpcCall.run(Server.java:876)
	at org.apache.hadoop.ipc.Server$RpcCall.run(Server.java:822)
	at java.security.AccessController.doPrivileged(Native Method)
	at javax.security.auth.Subject.doAs(Subject.java:422)
	at org.apache.hadoop.security.UserGroupInformation.doAs(UserGroupInformation.java:1730)
	at org.apache.hadoop.ipc.Server$Handler.run(Server.java:2682)
2019-09-25 11:50:12,917 [IPC Server handler 1 on 33654] WARN  block.BlockManagerImpl (BlockManagerImpl.java:allocateBlock(192)) - Pipeline creation failed for type:RATIS factor:THREE. Retrying get pipelines call once.
org.apache.hadoop.hdds.scm.exceptions.SCMException: Unable to find enough nodes that meet the criteria that cannot engage in more than 5 pipelines. Nodes required: 3 Found: 0, healthy nodes count inNodeManager: 3.
	at org.apache.hadoop.hdds.scm.pipeline.PipelinePlacementPolicy.filterViableNodes(PipelinePlacementPolicy.java:149)
	at org.apache.hadoop.hdds.scm.pipeline.PipelinePlacementPolicy.chooseDatanodes(PipelinePlacementPolicy.java:172)
	at org.apache.hadoop.hdds.scm.pipeline.RatisPipelineProvider.create(RatisPipelineProvider.java:93)
	at org.apache.hadoop.hdds.scm.pipeline.PipelineFactory.create(PipelineFactory.java:58)
	at org.apache.hadoop.hdds.scm.pipeline.SCMPipelineManager.createPipeline(SCMPipelineManager.java:155)
	at org.apache.hadoop.hdds.scm.block.BlockManagerImpl.allocateBlock(BlockManagerImpl.java:190)
	at org.apache.hadoop.hdds.scm.server.SCMBlockProtocolServer.allocateBlock(SCMBlockProtocolServer.java:182)
	at org.apache.hadoop.ozone.protocolPB.ScmBlockLocationProtocolServerSideTranslatorPB.allocateScmBlock(ScmBlockLocationProtocolServerSideTranslatorPB.java:183)
	at org.apache.hadoop.ozone.protocolPB.ScmBlockLocationProtocolServerSideTranslatorPB.processMessage(ScmBlockLocationProtocolServerSideTranslatorPB.java:141)
	at org.apache.hadoop.ozone.protocolPB.ScmBlockLocationProtocolServerSideTranslatorPB.send(ScmBlockLocationProtocolServerSideTranslatorPB.java:116)
	at org.apache.hadoop.hdds.protocol.proto.ScmBlockLocationProtocolProtos$ScmBlockLocationProtocolService$2.callBlockingMethod(ScmBlockLocationProtocolProtos.java:13157)
	at org.apache.hadoop.ipc.ProtobufRpcEngine$Server$ProtoBufRpcInvoker.call(ProtobufRpcEngine.java:524)
	at org.apache.hadoop.ipc.RPC$Server.call(RPC.java:1025)
	at org.apache.hadoop.ipc.Server$RpcCall.run(Server.java:876)
	at org.apache.hadoop.ipc.Server$RpcCall.run(Server.java:822)
	at java.security.AccessController.doPrivileged(Native Method)
	at javax.security.auth.Subject.doAs(Subject.java:422)
	at org.apache.hadoop.security.UserGroupInformation.doAs(UserGroupInformation.java:1730)
	at org.apache.hadoop.ipc.Server$Handler.run(Server.java:2682)
2019-09-25 11:50:12,918 [IPC Server handler 1 on 33654] INFO  block.BlockManagerImpl (BlockManagerImpl.java:allocateBlock(198)) - Could not find available pipeline of type:RATIS and factor:THREE even after retrying
2019-09-25 11:50:12,918 [IPC Server handler 1 on 33654] ERROR block.BlockManagerImpl (BlockManagerImpl.java:allocateBlock(222)) - Unable to allocate a block for the size: 4194304, type: RATIS, factor: THREE
2019-09-25 11:50:12,926 [main] INFO  ozone.MiniOzoneClusterImpl (MiniOzoneClusterImpl.java:shutdown(314)) - Shutting down the Mini Ozone Cluster
2019-09-25 11:50:12,926 [main] INFO  ozone.MiniOzoneClusterImpl (MiniOzoneClusterImpl.java:stop(330)) - Stopping the Mini Ozone Cluster
2019-09-25 11:50:12,926 [main] INFO  ozone.MiniOzoneClusterImpl (MiniOzoneClusterImpl.java:stopOM(400)) - Stopping the OzoneManager
2019-09-25 11:50:12,926 [main] INFO  ipc.Server (Server.java:stop(3082)) - Stopping server on 38710
2019-09-25 11:50:12,930 [main] INFO  ratis.OzoneManagerDoubleBuffer (OzoneManagerDoubleBuffer.java:stop(248)) - Stopping OMDoubleBuffer flush thread
2019-09-25 11:50:12,930 [IPC Server listener on 38710] INFO  ipc.Server (Server.java:run(1185)) - Stopping IPC Server listener on 38710
2019-09-25 11:50:12,930 [IPC Server Responder] INFO  ipc.Server (Server.java:run(1319)) - Stopping IPC Server Responder
2019-09-25 11:50:12,931 [OMDoubleBufferFlushThread] INFO  ratis.OzoneManagerDoubleBuffer (OzoneManagerDoubleBuffer.java:flushTransactions(191)) - OMDoubleBuffer flush thread OMDoubleBufferFlushThread is interrupted and will exit. OMDoubleBufferFlushThread
2019-09-25 11:50:12,933 [main] INFO  utils.BackgroundService (BackgroundService.java:shutdown(148)) - Shutting down service KeyDeletingService
2019-09-25 11:50:12,934 [main] INFO  handler.ContextHandler (ContextHandler.java:doStop(910)) - Stopped o.e.j.w.WebAppContext@2fd9fb34{/,null,UNAVAILABLE}{/ozoneManager}
2019-09-25 11:50:12,935 [main] INFO  server.AbstractConnector (AbstractConnector.java:doStop(318)) - Stopped ServerConnector@1595d2b2{HTTP/1.1,[http/1.1]}{0.0.0.0:0}
2019-09-25 11:50:12,935 [main] INFO  handler.ContextHandler (ContextHandler.java:doStop(910)) - Stopped o.e.j.s.ServletContextHandler@6a09484c{/static,jar:file:/home/user/.m2/repository/org/apache/hadoop/hadoop-ozone-ozone-manager/0.5.0-SNAPSHOT/hadoop-ozone-ozone-manager-0.5.0-SNAPSHOT.jar!/webapps/static,UNAVAILABLE}
2019-09-25 11:50:12,935 [main] INFO  handler.ContextHandler (ContextHandler.java:doStop(910)) - Stopped o.e.j.s.ServletContextHandler@6380e9e9{/logs,file:///workdir/hadoop-ozone/ozonefs/target/log,UNAVAILABLE}
2019-09-25 11:50:12,937 [main] INFO  ozone.MiniOzoneClusterImpl (MiniOzoneClusterImpl.java:stopDatanodes(377)) - Stopping the HddsDatanodes
2019-09-25 11:50:13,641 [Datanode State Machine Thread - 0] INFO  statemachine.DatanodeStateMachine (DatanodeStateMachine.java:lambda$startDaemon$0(350)) - Ozone container server started.
2019-09-25 11:50:13,720 [Datanode State Machine Thread - 0] INFO  statemachine.DatanodeStateMachine (DatanodeStateMachine.java:lambda$startDaemon$0(350)) - Ozone container server started.
2019-09-25 11:50:14,652 [Thread-1510] INFO  container.ReplicationManager (ReplicationManager.java:start(163)) - Starting Replication Monitor Thread.
2019-09-25 11:50:14,655 [ReplicationMonitor] INFO  container.ReplicationManager (ReplicationManager.java:run(226)) - Replication Monitor Thread took 0 milliseconds for processing 0 containers.
2019-09-25 11:50:16,804 [Thread-1518] INFO  impl.FollowerState (FollowerState.java:run(106)) - 0b04bb08-988e-4c11-bb19-b8e35e208749:group-1738FB13E683 changes to CANDIDATE, lastRpcTime:5021, electionTimeout:5021ms
2019-09-25 11:50:16,804 [Thread-1518] INFO  impl.RoleInfo (RoleInfo.java:shutdownFollowerState(121)) - 0b04bb08-988e-4c11-bb19-b8e35e208749: shutdown FollowerState
2019-09-25 11:50:16,804 [Thread-1518] INFO  impl.RaftServerImpl (RaftServerImpl.java:setRole(174)) - 0b04bb08-988e-4c11-bb19-b8e35e208749@group-1738FB13E683: changes role from  FOLLOWER to CANDIDATE at term 0 for changeToCandidate
2019-09-25 11:50:16,804 [Thread-1518] INFO  impl.RoleInfo (RoleInfo.java:updateAndGet(143)) - 0b04bb08-988e-4c11-bb19-b8e35e208749: start LeaderElection
2019-09-25 11:50:16,823 [0b04bb08-988e-4c11-bb19-b8e35e208749@group-1738FB13E683:LeaderElection91] INFO  impl.LeaderElection (LeaderElection.java:askForVotes(182)) - 0b04bb08-988e-4c11-bb19-b8e35e208749@group-1738FB13E683:LeaderElection91: begin an election at term 1 for -1: [0b04bb08-988e-4c11-bb19-b8e35e208749:192.168.30.6:40238], old=null
2019-09-25 11:50:16,823 [0b04bb08-988e-4c11-bb19-b8e35e208749@group-1738FB13E683:LeaderElection91] INFO  impl.RoleInfo (RoleInfo.java:shutdownLeaderElection(134)) - 0b04bb08-988e-4c11-bb19-b8e35e208749: shutdown LeaderElection
2019-09-25 11:50:16,823 [0b04bb08-988e-4c11-bb19-b8e35e208749@group-1738FB13E683:LeaderElection91] INFO  impl.RaftServerImpl (RaftServerImpl.java:setRole(174)) - 0b04bb08-988e-4c11-bb19-b8e35e208749@group-1738FB13E683: changes role from CANDIDATE to LEADER at term 1 for changeToLeader
2019-09-25 11:50:16,823 [0b04bb08-988e-4c11-bb19-b8e35e208749@group-1738FB13E683:LeaderElection91] INFO  impl.RaftServerImpl (ServerState.java:setLeader(253)) - 0b04bb08-988e-4c11-bb19-b8e35e208749@group-1738FB13E683: change Leader from null to 0b04bb08-988e-4c11-bb19-b8e35e208749 at term 1 for becomeLeader, leader elected after 5046ms
2019-09-25 11:50:16,824 [0b04bb08-988e-4c11-bb19-b8e35e208749@group-1738FB13E683:LeaderElection91] INFO  server.RaftServerConfigKeys (ConfUtils.java:logGet(43)) - raft.server.staging.catchup.gap = 1000 (default)
2019-09-25 11:50:16,824 [0b04bb08-988e-4c11-bb19-b8e35e208749@group-1738FB13E683:LeaderElection91] INFO  server.RaftServerConfigKeys (ConfUtils.java:logGet(43)) - raft.server.rpc.sleep.time = 25ms (default)
2019-09-25 11:50:16,824 [0b04bb08-988e-4c11-bb19-b8e35e208749@group-1738FB13E683:LeaderElection91] INFO  server.RaftServerConfigKeys (ConfUtils.java:logGet(43)) - raft.server.write.element-limit = 4096 (default)
2019-09-25 11:50:16,824 [0b04bb08-988e-4c11-bb19-b8e35e208749@group-1738FB13E683:LeaderElection91] INFO  server.RaftServerConfigKeys (ConfUtils.java:logGet(43)) - raft.server.watch.timeout = 10s (default)
2019-09-25 11:50:16,824 [0b04bb08-988e-4c11-bb19-b8e35e208749@group-1738FB13E683:LeaderElection91] INFO  server.RaftServerConfigKeys (ConfUtils.java:logGet(43)) - raft.server.watch.timeout.denomination = 1s (default)
2019-09-25 11:50:16,824 [0b04bb08-988e-4c11-bb19-b8e35e208749@group-1738FB13E683:LeaderElection91] INFO  server.RaftServerConfigKeys (ConfUtils.java:logGet(43)) - raft.server.watch.element-limit = 65536 (default)
2019-09-25 11:50:16,826 [0b04bb08-988e-4c11-bb19-b8e35e208749@group-1738FB13E683:LeaderElection91] INFO  impl.RoleInfo (RoleInfo.java:updateAndGet(143)) - 0b04bb08-988e-4c11-bb19-b8e35e208749: start LeaderState
2019-09-25 11:50:16,826 [0b04bb08-988e-4c11-bb19-b8e35e208749@group-1738FB13E683:LeaderElection91] INFO  segmented.SegmentedRaftLogWorker (SegmentedRaftLogWorker.java:startLogSegment(380)) - 0b04bb08-988e-4c11-bb19-b8e35e208749@group-1738FB13E683-SegmentedRaftLogWorker: Starting segment from index:0
2019-09-25 11:50:16,827 [0b04bb08-988e-4c11-bb19-b8e35e208749@group-1738FB13E683:LeaderElection91] INFO  impl.RaftServerImpl (ServerState.java:setRaftConf(354)) - 0b04bb08-988e-4c11-bb19-b8e35e208749@group-1738FB13E683: set configuration 0: [0b04bb08-988e-4c11-bb19-b8e35e208749:192.168.30.6:40238], old=null at 0
2019-09-25 11:50:16,827 [Thread-1515] INFO  impl.FollowerState (FollowerState.java:run(106)) - 0b04bb08-988e-4c11-bb19-b8e35e208749:group-D875283FD36B changes to CANDIDATE, lastRpcTime:5086, electionTimeout:5086ms
2019-09-25 11:50:16,827 [Thread-1515] INFO  impl.RoleInfo (RoleInfo.java:shutdownFollowerState(121)) - 0b04bb08-988e-4c11-bb19-b8e35e208749: shutdown FollowerState
2019-09-25 11:50:16,827 [Thread-1515] INFO  impl.RaftServerImpl (RaftServerImpl.java:setRole(174)) - 0b04bb08-988e-4c11-bb19-b8e35e208749@group-D875283FD36B: changes role from  FOLLOWER to CANDIDATE at term 0 for changeToCandidate
2019-09-25 11:50:16,828 [Thread-1515] INFO  impl.RoleInfo (RoleInfo.java:updateAndGet(143)) - 0b04bb08-988e-4c11-bb19-b8e35e208749: start LeaderElection
2019-09-25 11:50:16,861 [Thread-1512] INFO  impl.FollowerState (FollowerState.java:run(106)) - 0b04bb08-988e-4c11-bb19-b8e35e208749:group-7489705671C6 changes to CANDIDATE, lastRpcTime:5163, electionTimeout:5163ms
2019-09-25 11:50:16,862 [Thread-1512] INFO  impl.RoleInfo (RoleInfo.java:shutdownFollowerState(121)) - 0b04bb08-988e-4c11-bb19-b8e35e208749: shutdown FollowerState
2019-09-25 11:50:16,862 [Thread-1512] INFO  impl.RaftServerImpl (RaftServerImpl.java:setRole(174)) - 0b04bb08-988e-4c11-bb19-b8e35e208749@group-7489705671C6: changes role from  FOLLOWER to CANDIDATE at term 0 for changeToCandidate
2019-09-25 11:50:16,862 [Thread-1512] INFO  impl.RoleInfo (RoleInfo.java:updateAndGet(143)) - 0b04bb08-988e-4c11-bb19-b8e35e208749: start LeaderElection
2019-09-25 11:50:16,868 [0b04bb08-988e-4c11-bb19-b8e35e208749@group-1738FB13E683-SegmentedRaftLogWorker] INFO  segmented.SegmentedRaftLogWorker (SegmentedRaftLogWorker.java:execute(569)) - 0b04bb08-988e-4c11-bb19-b8e35e208749@group-1738FB13E683-SegmentedRaftLogWorker: created new log segment /workdir/hadoop-ozone/ozonefs/target/test-dir/MiniOzoneClusterImpl-e6fda8ce-95ce-407e-bce9-2f736e2fb72c/datanode-0/data/ratis/dc76abcc-6075-423b-bbf8-1738fb13e683/current/log_inprogress_0
2019-09-25 11:50:16,868 [0b04bb08-988e-4c11-bb19-b8e35e208749@group-D875283FD36B:LeaderElection92] INFO  impl.LeaderElection (LeaderElection.java:askForVotes(182)) - 0b04bb08-988e-4c11-bb19-b8e35e208749@group-D875283FD36B:LeaderElection92: begin an election at term 1 for -1: [0b04bb08-988e-4c11-bb19-b8e35e208749:192.168.30.6:40238], old=null
2019-09-25 11:50:16,868 [0b04bb08-988e-4c11-bb19-b8e35e208749@group-7489705671C6:LeaderElection93] INFO  impl.LeaderElection (LeaderElection.java:askForVotes(182)) - 0b04bb08-988e-4c11-bb19-b8e35e208749@group-7489705671C6:LeaderElection93: begin an election at term 1 for -1: [0b04bb08-988e-4c11-bb19-b8e35e208749:192.168.30.6:40238], old=null
2019-09-25 11:50:16,868 [0b04bb08-988e-4c11-bb19-b8e35e208749@group-D875283FD36B:LeaderElection92] INFO  impl.RoleInfo (RoleInfo.java:shutdownLeaderElection(134)) - 0b04bb08-988e-4c11-bb19-b8e35e208749: shutdown LeaderElection
2019-09-25 11:50:16,868 [0b04bb08-988e-4c11-bb19-b8e35e208749@group-7489705671C6:LeaderElection93] INFO  impl.RoleInfo (RoleInfo.java:shutdownLeaderElection(134)) - 0b04bb08-988e-4c11-bb19-b8e35e208749: shutdown LeaderElection
2019-09-25 11:50:16,868 [0b04bb08-988e-4c11-bb19-b8e35e208749@group-D875283FD36B:LeaderElection92] INFO  impl.RaftServerImpl (RaftServerImpl.java:setRole(174)) - 0b04bb08-988e-4c11-bb19-b8e35e208749@group-D875283FD36B: changes role from CANDIDATE to LEADER at term 1 for changeToLeader
2019-09-25 11:50:16,868 [0b04bb08-988e-4c11-bb19-b8e35e208749@group-7489705671C6:LeaderElection93] INFO  impl.RaftServerImpl (RaftServerImpl.java:setRole(174)) - 0b04bb08-988e-4c11-bb19-b8e35e208749@group-7489705671C6: changes role from CANDIDATE to LEADER at term 1 for changeToLeader
2019-09-25 11:50:16,868 [0b04bb08-988e-4c11-bb19-b8e35e208749@group-D875283FD36B:LeaderElection92] INFO  impl.RaftServerImpl (ServerState.java:setLeader(253)) - 0b04bb08-988e-4c11-bb19-b8e35e208749@group-D875283FD36B: change Leader from null to 0b04bb08-988e-4c11-bb19-b8e35e208749 at term 1 for becomeLeader, leader elected after 5133ms
2019-09-25 11:50:16,868 [0b04bb08-988e-4c11-bb19-b8e35e208749@group-7489705671C6:LeaderElection93] INFO  impl.RaftServerImpl (ServerState.java:setLeader(253)) - 0b04bb08-988e-4c11-bb19-b8e35e208749@group-7489705671C6: change Leader from null to 0b04bb08-988e-4c11-bb19-b8e35e208749 at term 1 for becomeLeader, leader elected after 5178ms
2019-09-25 11:50:16,869 [0b04bb08-988e-4c11-bb19-b8e35e208749@group-D875283FD36B:LeaderElection92] INFO  server.RaftServerConfigKeys (ConfUtils.java:logGet(43)) - raft.server.staging.catchup.gap = 1000 (default)
2019-09-25 11:50:16,869 [0b04bb08-988e-4c11-bb19-b8e35e208749@group-7489705671C6:LeaderElection93] INFO  server.RaftServerConfigKeys (ConfUtils.java:logGet(43)) - raft.server.staging.catchup.gap = 1000 (default)
2019-09-25 11:50:16,869 [0b04bb08-988e-4c11-bb19-b8e35e208749@group-D875283FD36B:LeaderElection92] INFO  server.RaftServerConfigKeys (ConfUtils.java:logGet(43)) - raft.server.rpc.sleep.time = 25ms (default)
2019-09-25 11:50:16,869 [0b04bb08-988e-4c11-bb19-b8e35e208749@group-7489705671C6:LeaderElection93] INFO  server.RaftServerConfigKeys (ConfUtils.java:logGet(43)) - raft.server.rpc.sleep.time = 25ms (default)
2019-09-25 11:50:16,869 [0b04bb08-988e-4c11-bb19-b8e35e208749@group-D875283FD36B:LeaderElection92] INFO  server.RaftServerConfigKeys (ConfUtils.java:logGet(43)) - raft.server.write.element-limit = 4096 (default)
2019-09-25 11:50:16,869 [0b04bb08-988e-4c11-bb19-b8e35e208749@group-7489705671C6:LeaderElection93] INFO  server.RaftServerConfigKeys (ConfUtils.java:logGet(43)) - raft.server.write.element-limit = 4096 (default)
2019-09-25 11:50:16,869 [0b04bb08-988e-4c11-bb19-b8e35e208749@group-D875283FD36B:LeaderElection92] INFO  server.RaftServerConfigKeys (ConfUtils.java:logGet(43)) - raft.server.watch.timeout = 10s (default)
2019-09-25 11:50:16,869 [0b04bb08-988e-4c11-bb19-b8e35e208749@group-7489705671C6:LeaderElection93] INFO  server.RaftServerConfigKeys (ConfUtils.java:logGet(43)) - raft.server.watch.timeout = 10s (default)
2019-09-25 11:50:16,870 [0b04bb08-988e-4c11-bb19-b8e35e208749@group-D875283FD36B:LeaderElection92] INFO  server.RaftServerConfigKeys (ConfUtils.java:logGet(43)) - raft.server.watch.timeout.denomination = 1s (default)
2019-09-25 11:50:16,870 [0b04bb08-988e-4c11-bb19-b8e35e208749@group-7489705671C6:LeaderElection93] INFO  server.RaftServerConfigKeys (ConfUtils.java:logGet(43)) - raft.server.watch.timeout.denomination = 1s (default)
2019-09-25 11:50:16,870 [0b04bb08-988e-4c11-bb19-b8e35e208749@group-D875283FD36B:LeaderElection92] INFO  server.RaftServerConfigKeys (ConfUtils.java:logGet(43)) - raft.server.watch.element-limit = 65536 (default)
2019-09-25 11:50:16,870 [0b04bb08-988e-4c11-bb19-b8e35e208749@group-7489705671C6:LeaderElection93] INFO  server.RaftServerConfigKeys (ConfUtils.java:logGet(43)) - raft.server.watch.element-limit = 65536 (default)
2019-09-25 11:50:16,873 [0b04bb08-988e-4c11-bb19-b8e35e208749@group-D875283FD36B:LeaderElection92] INFO  impl.RoleInfo (RoleInfo.java:updateAndGet(143)) - 0b04bb08-988e-4c11-bb19-b8e35e208749: start LeaderState
2019-09-25 11:50:16,873 [0b04bb08-988e-4c11-bb19-b8e35e208749@group-7489705671C6:LeaderElection93] INFO  impl.RoleInfo (RoleInfo.java:updateAndGet(143)) - 0b04bb08-988e-4c11-bb19-b8e35e208749: start LeaderState
2019-09-25 11:50:16,873 [0b04bb08-988e-4c11-bb19-b8e35e208749@group-D875283FD36B:LeaderElection92] INFO  segmented.SegmentedRaftLogWorker (SegmentedRaftLogWorker.java:startLogSegment(380)) - 0b04bb08-988e-4c11-bb19-b8e35e208749@group-D875283FD36B-SegmentedRaftLogWorker: Starting segment from index:0
2019-09-25 11:50:16,873 [0b04bb08-988e-4c11-bb19-b8e35e208749@group-7489705671C6:LeaderElection93] INFO  segmented.SegmentedRaftLogWorker (SegmentedRaftLogWorker.java:startLogSegment(380)) - 0b04bb08-988e-4c11-bb19-b8e35e208749@group-7489705671C6-SegmentedRaftLogWorker: Starting segment from index:0
2019-09-25 11:50:16,873 [0b04bb08-988e-4c11-bb19-b8e35e208749@group-D875283FD36B:LeaderElection92] INFO  impl.RaftServerImpl (ServerState.java:setRaftConf(354)) - 0b04bb08-988e-4c11-bb19-b8e35e208749@group-D875283FD36B: set configuration 0: [0b04bb08-988e-4c11-bb19-b8e35e208749:192.168.30.6:40238], old=null at 0
2019-09-25 11:50:16,874 [0b04bb08-988e-4c11-bb19-b8e35e208749@group-7489705671C6:LeaderElection93] INFO  impl.RaftServerImpl (ServerState.java:setRaftConf(354)) - 0b04bb08-988e-4c11-bb19-b8e35e208749@group-7489705671C6: set configuration 0: [0b04bb08-988e-4c11-bb19-b8e35e208749:192.168.30.6:40238], old=null at 0
2019-09-25 11:50:16,909 [0b04bb08-988e-4c11-bb19-b8e35e208749@group-D875283FD36B-SegmentedRaftLogWorker] INFO  segmented.SegmentedRaftLogWorker (SegmentedRaftLogWorker.java:execute(569)) - 0b04bb08-988e-4c11-bb19-b8e35e208749@group-D875283FD36B-SegmentedRaftLogWorker: created new log segment /workdir/hadoop-ozone/ozonefs/target/test-dir/MiniOzoneClusterImpl-e6fda8ce-95ce-407e-bce9-2f736e2fb72c/datanode-0/data/ratis/554de664-176d-4387-8c0c-d875283fd36b/current/log_inprogress_0
2019-09-25 11:50:16,909 [0b04bb08-988e-4c11-bb19-b8e35e208749@group-7489705671C6-SegmentedRaftLogWorker] INFO  segmented.SegmentedRaftLogWorker (SegmentedRaftLogWorker.java:execute(569)) - 0b04bb08-988e-4c11-bb19-b8e35e208749@group-7489705671C6-SegmentedRaftLogWorker: created new log segment /workdir/hadoop-ozone/ozonefs/target/test-dir/MiniOzoneClusterImpl-e6fda8ce-95ce-407e-bce9-2f736e2fb72c/datanode-0/data/ratis/5a050fee-ef37-4842-a9d6-7489705671c6/current/log_inprogress_0
2019-09-25 11:50:16,909 [Thread-1521] INFO  impl.FollowerState (FollowerState.java:run(106)) - d0142895-3600-4281-b367-196d2d0762b5:group-407616677B7D changes to CANDIDATE, lastRpcTime:5081, electionTimeout:5081ms
2019-09-25 11:50:16,910 [Thread-1521] INFO  impl.RoleInfo (RoleInfo.java:shutdownFollowerState(121)) - d0142895-3600-4281-b367-196d2d0762b5: shutdown FollowerState
2019-09-25 11:50:16,910 [Thread-1521] INFO  impl.RaftServerImpl (RaftServerImpl.java:setRole(174)) - d0142895-3600-4281-b367-196d2d0762b5@group-407616677B7D: changes role from  FOLLOWER to CANDIDATE at term 0 for changeToCandidate
2019-09-25 11:50:16,910 [Thread-1521] INFO  impl.RoleInfo (RoleInfo.java:updateAndGet(143)) - d0142895-3600-4281-b367-196d2d0762b5: start LeaderElection
2019-09-25 11:50:16,926 [d0142895-3600-4281-b367-196d2d0762b5@group-407616677B7D:LeaderElection94] INFO  impl.LeaderElection (LeaderElection.java:askForVotes(182)) - d0142895-3600-4281-b367-196d2d0762b5@group-407616677B7D:LeaderElection94: begin an election at term 1 for -1: [d0142895-3600-4281-b367-196d2d0762b5:192.168.30.6:37045], old=null
2019-09-25 11:50:16,926 [d0142895-3600-4281-b367-196d2d0762b5@group-407616677B7D:LeaderElection94] INFO  impl.RoleInfo (RoleInfo.java:shutdownLeaderElection(134)) - d0142895-3600-4281-b367-196d2d0762b5: shutdown LeaderElection
2019-09-25 11:50:16,926 [d0142895-3600-4281-b367-196d2d0762b5@group-407616677B7D:LeaderElection94] INFO  impl.RaftServerImpl (RaftServerImpl.java:setRole(174)) - d0142895-3600-4281-b367-196d2d0762b5@group-407616677B7D: changes role from CANDIDATE to LEADER at term 1 for changeToLeader
2019-09-25 11:50:16,926 [d0142895-3600-4281-b367-196d2d0762b5@group-407616677B7D:LeaderElection94] INFO  impl.RaftServerImpl (ServerState.java:setLeader(253)) - d0142895-3600-4281-b367-196d2d0762b5@group-407616677B7D: change Leader from null to d0142895-3600-4281-b367-196d2d0762b5 at term 1 for becomeLeader, leader elected after 5105ms
2019-09-25 11:50:16,926 [d0142895-3600-4281-b367-196d2d0762b5@group-407616677B7D:LeaderElection94] INFO  server.RaftServerConfigKeys (ConfUtils.java:logGet(43)) - raft.server.staging.catchup.gap = 1000 (default)
2019-09-25 11:50:16,927 [d0142895-3600-4281-b367-196d2d0762b5@group-407616677B7D:LeaderElection94] INFO  server.RaftServerConfigKeys (ConfUtils.java:logGet(43)) - raft.server.rpc.sleep.time = 25ms (default)
2019-09-25 11:50:16,927 [d0142895-3600-4281-b367-196d2d0762b5@group-407616677B7D:LeaderElection94] INFO  server.RaftServerConfigKeys (ConfUtils.java:logGet(43)) - raft.server.write.element-limit = 4096 (default)
2019-09-25 11:50:16,927 [d0142895-3600-4281-b367-196d2d0762b5@group-407616677B7D:LeaderElection94] INFO  server.RaftServerConfigKeys (ConfUtils.java:logGet(43)) - raft.server.watch.timeout = 10s (default)
2019-09-25 11:50:16,927 [d0142895-3600-4281-b367-196d2d0762b5@group-407616677B7D:LeaderElection94] INFO  server.RaftServerConfigKeys (ConfUtils.java:logGet(43)) - raft.server.watch.timeout.denomination = 1s (default)
2019-09-25 11:50:16,927 [d0142895-3600-4281-b367-196d2d0762b5@group-407616677B7D:LeaderElection94] INFO  server.RaftServerConfigKeys (ConfUtils.java:logGet(43)) - raft.server.watch.element-limit = 65536 (default)
2019-09-25 11:50:16,929 [d0142895-3600-4281-b367-196d2d0762b5@group-407616677B7D:LeaderElection94] INFO  impl.RoleInfo (RoleInfo.java:updateAndGet(143)) - d0142895-3600-4281-b367-196d2d0762b5: start LeaderState
2019-09-25 11:50:16,929 [d0142895-3600-4281-b367-196d2d0762b5@group-407616677B7D:LeaderElection94] INFO  segmented.SegmentedRaftLogWorker (SegmentedRaftLogWorker.java:startLogSegment(380)) - d0142895-3600-4281-b367-196d2d0762b5@group-407616677B7D-SegmentedRaftLogWorker: Starting segment from index:0
2019-09-25 11:50:16,930 [d0142895-3600-4281-b367-196d2d0762b5@group-407616677B7D:LeaderElection94] INFO  impl.RaftServerImpl (ServerState.java:setRaftConf(354)) - d0142895-3600-4281-b367-196d2d0762b5@group-407616677B7D: set configuration 0: [d0142895-3600-4281-b367-196d2d0762b5:192.168.30.6:37045], old=null at 0
2019-09-25 11:50:16,960 [Thread-1527] INFO  impl.FollowerState (FollowerState.java:run(106)) - 0b04bb08-988e-4c11-bb19-b8e35e208749:group-11A6A6391572 changes to CANDIDATE, lastRpcTime:5056, electionTimeout:5056ms
2019-09-25 11:50:16,960 [Thread-1527] INFO  impl.RoleInfo (RoleInfo.java:shutdownFollowerState(121)) - 0b04bb08-988e-4c11-bb19-b8e35e208749: shutdown FollowerState
2019-09-25 11:50:16,961 [Thread-1527] INFO  impl.RaftServerImpl (RaftServerImpl.java:setRole(174)) - 0b04bb08-988e-4c11-bb19-b8e35e208749@group-11A6A6391572: changes role from  FOLLOWER to CANDIDATE at term 0 for changeToCandidate
2019-09-25 11:50:16,961 [Thread-1527] INFO  impl.RoleInfo (RoleInfo.java:updateAndGet(143)) - 0b04bb08-988e-4c11-bb19-b8e35e208749: start LeaderElection
2019-09-25 11:50:16,964 [d0142895-3600-4281-b367-196d2d0762b5@group-407616677B7D-SegmentedRaftLogWorker] INFO  segmented.SegmentedRaftLogWorker (SegmentedRaftLogWorker.java:execute(569)) - d0142895-3600-4281-b367-196d2d0762b5@group-407616677B7D-SegmentedRaftLogWorker: created new log segment /workdir/hadoop-ozone/ozonefs/target/test-dir/MiniOzoneClusterImpl-e6fda8ce-95ce-407e-bce9-2f736e2fb72c/datanode-1/data/ratis/81510811-404a-4343-909c-407616677b7d/current/log_inprogress_0
2019-09-25 11:50:16,965 [Thread-1524] INFO  impl.FollowerState (FollowerState.java:run(106)) - 0b04bb08-988e-4c11-bb19-b8e35e208749:group-ED6D76D9AC24 changes to CANDIDATE, lastRpcTime:5103, electionTimeout:5103ms
2019-09-25 11:50:16,965 [Thread-1524] INFO  impl.RoleInfo (RoleInfo.java:shutdownFollowerState(121)) - 0b04bb08-988e-4c11-bb19-b8e35e208749: shutdown FollowerState
2019-09-25 11:50:16,965 [Thread-1524] INFO  impl.RaftServerImpl (RaftServerImpl.java:setRole(174)) - 0b04bb08-988e-4c11-bb19-b8e35e208749@group-ED6D76D9AC24: changes role from  FOLLOWER to CANDIDATE at term 0 for changeToCandidate
2019-09-25 11:50:16,965 [Thread-1524] INFO  impl.RoleInfo (RoleInfo.java:updateAndGet(143)) - 0b04bb08-988e-4c11-bb19-b8e35e208749: start LeaderElection
2019-09-25 11:50:16,967 [0b04bb08-988e-4c11-bb19-b8e35e208749@group-11A6A6391572:LeaderElection95] INFO  impl.LeaderElection (LeaderElection.java:askForVotes(182)) - 0b04bb08-988e-4c11-bb19-b8e35e208749@group-11A6A6391572:LeaderElection95: begin an election at term 1 for -1: [0b04bb08-988e-4c11-bb19-b8e35e208749:192.168.30.6:40238], old=null
2019-09-25 11:50:16,967 [0b04bb08-988e-4c11-bb19-b8e35e208749@group-11A6A6391572:LeaderElection95] INFO  impl.RoleInfo (RoleInfo.java:shutdownLeaderElection(134)) - 0b04bb08-988e-4c11-bb19-b8e35e208749: shutdown LeaderElection
2019-09-25 11:50:16,967 [0b04bb08-988e-4c11-bb19-b8e35e208749@group-11A6A6391572:LeaderElection95] INFO  impl.RaftServerImpl (RaftServerImpl.java:setRole(174)) - 0b04bb08-988e-4c11-bb19-b8e35e208749@group-11A6A6391572: changes role from CANDIDATE to LEADER at term 1 for changeToLeader
2019-09-25 11:50:16,967 [0b04bb08-988e-4c11-bb19-b8e35e208749@group-11A6A6391572:LeaderElection95] INFO  impl.RaftServerImpl (ServerState.java:setLeader(253)) - 0b04bb08-988e-4c11-bb19-b8e35e208749@group-11A6A6391572: change Leader from null to 0b04bb08-988e-4c11-bb19-b8e35e208749 at term 1 for becomeLeader, leader elected after 5068ms
2019-09-25 11:50:16,968 [0b04bb08-988e-4c11-bb19-b8e35e208749@group-11A6A6391572:LeaderElection95] INFO  server.RaftServerConfigKeys (ConfUtils.java:logGet(43)) - raft.server.staging.catchup.gap = 1000 (default)
2019-09-25 11:50:16,968 [0b04bb08-988e-4c11-bb19-b8e35e208749@group-11A6A6391572:LeaderElection95] INFO  server.RaftServerConfigKeys (ConfUtils.java:logGet(43)) - raft.server.rpc.sleep.time = 25ms (default)
2019-09-25 11:50:16,968 [0b04bb08-988e-4c11-bb19-b8e35e208749@group-11A6A6391572:LeaderElection95] INFO  server.RaftServerConfigKeys (ConfUtils.java:logGet(43)) - raft.server.write.element-limit = 4096 (default)
2019-09-25 11:50:16,968 [0b04bb08-988e-4c11-bb19-b8e35e208749@group-11A6A6391572:LeaderElection95] INFO  server.RaftServerConfigKeys (ConfUtils.java:logGet(43)) - raft.server.watch.timeout = 10s (default)
2019-09-25 11:50:16,968 [0b04bb08-988e-4c11-bb19-b8e35e208749@group-11A6A6391572:LeaderElection95] INFO  server.RaftServerConfigKeys (ConfUtils.java:logGet(43)) - raft.server.watch.timeout.denomination = 1s (default)
2019-09-25 11:50:16,968 [0b04bb08-988e-4c11-bb19-b8e35e208749@group-11A6A6391572:LeaderElection95] INFO  server.RaftServerConfigKeys (ConfUtils.java:logGet(43)) - raft.server.watch.element-limit = 65536 (default)
2019-09-25 11:50:16,970 [0b04bb08-988e-4c11-bb19-b8e35e208749@group-11A6A6391572:LeaderElection95] INFO  impl.RoleInfo (RoleInfo.java:updateAndGet(143)) - 0b04bb08-988e-4c11-bb19-b8e35e208749: start LeaderState
2019-09-25 11:50:16,971 [0b04bb08-988e-4c11-bb19-b8e35e208749@group-11A6A6391572:LeaderElection95] INFO  segmented.SegmentedRaftLogWorker (SegmentedRaftLogWorker.java:startLogSegment(380)) - 0b04bb08-988e-4c11-bb19-b8e35e208749@group-11A6A6391572-SegmentedRaftLogWorker: Starting segment from index:0
2019-09-25 11:50:16,971 [0b04bb08-988e-4c11-bb19-b8e35e208749@group-11A6A6391572:LeaderElection95] INFO  impl.RaftServerImpl (ServerState.java:setRaftConf(354)) - 0b04bb08-988e-4c11-bb19-b8e35e208749@group-11A6A6391572: set configuration 0: [0b04bb08-988e-4c11-bb19-b8e35e208749:192.168.30.6:40238], old=null at 0
2019-09-25 11:50:16,980 [0b04bb08-988e-4c11-bb19-b8e35e208749@group-ED6D76D9AC24:LeaderElection96] INFO  impl.LeaderElection (LeaderElection.java:askForVotes(182)) - 0b04bb08-988e-4c11-bb19-b8e35e208749@group-ED6D76D9AC24:LeaderElection96: begin an election at term 1 for -1: [0b04bb08-988e-4c11-bb19-b8e35e208749:192.168.30.6:40238], old=null
2019-09-25 11:50:16,981 [0b04bb08-988e-4c11-bb19-b8e35e208749@group-ED6D76D9AC24:LeaderElection96] INFO  impl.RoleInfo (RoleInfo.java:shutdownLeaderElection(134)) - 0b04bb08-988e-4c11-bb19-b8e35e208749: shutdown LeaderElection
2019-09-25 11:50:16,981 [0b04bb08-988e-4c11-bb19-b8e35e208749@group-ED6D76D9AC24:LeaderElection96] INFO  impl.RaftServerImpl (RaftServerImpl.java:setRole(174)) - 0b04bb08-988e-4c11-bb19-b8e35e208749@group-ED6D76D9AC24: changes role from CANDIDATE to LEADER at term 1 for changeToLeader
2019-09-25 11:50:16,981 [0b04bb08-988e-4c11-bb19-b8e35e208749@group-ED6D76D9AC24:LeaderElection96] INFO  impl.RaftServerImpl (ServerState.java:setLeader(253)) - 0b04bb08-988e-4c11-bb19-b8e35e208749@group-ED6D76D9AC24: change Leader from null to 0b04bb08-988e-4c11-bb19-b8e35e208749 at term 1 for becomeLeader, leader elected after 5124ms
2019-09-25 11:50:16,981 [0b04bb08-988e-4c11-bb19-b8e35e208749@group-ED6D76D9AC24:LeaderElection96] INFO  server.RaftServerConfigKeys (ConfUtils.java:logGet(43)) - raft.server.staging.catchup.gap = 1000 (default)
2019-09-25 11:50:16,981 [0b04bb08-988e-4c11-bb19-b8e35e208749@group-ED6D76D9AC24:LeaderElection96] INFO  server.RaftServerConfigKeys (ConfUtils.java:logGet(43)) - raft.server.rpc.sleep.time = 25ms (default)
2019-09-25 11:50:16,982 [0b04bb08-988e-4c11-bb19-b8e35e208749@group-ED6D76D9AC24:LeaderElection96] INFO  server.RaftServerConfigKeys (ConfUtils.java:logGet(43)) - raft.server.write.element-limit = 4096 (default)
2019-09-25 11:50:16,982 [0b04bb08-988e-4c11-bb19-b8e35e208749@group-ED6D76D9AC24:LeaderElection96] INFO  server.RaftServerConfigKeys (ConfUtils.java:logGet(43)) - raft.server.watch.timeout = 10s (default)
2019-09-25 11:50:16,982 [0b04bb08-988e-4c11-bb19-b8e35e208749@group-ED6D76D9AC24:LeaderElection96] INFO  server.RaftServerConfigKeys (ConfUtils.java:logGet(43)) - raft.server.watch.timeout.denomination = 1s (default)
2019-09-25 11:50:16,982 [0b04bb08-988e-4c11-bb19-b8e35e208749@group-ED6D76D9AC24:LeaderElection96] INFO  server.RaftServerConfigKeys (ConfUtils.java:logGet(43)) - raft.server.watch.element-limit = 65536 (default)
2019-09-25 11:50:16,985 [0b04bb08-988e-4c11-bb19-b8e35e208749@group-ED6D76D9AC24:LeaderElection96] INFO  impl.RoleInfo (RoleInfo.java:updateAndGet(143)) - 0b04bb08-988e-4c11-bb19-b8e35e208749: start LeaderState
2019-09-25 11:50:16,986 [0b04bb08-988e-4c11-bb19-b8e35e208749@group-ED6D76D9AC24:LeaderElection96] INFO  segmented.SegmentedRaftLogWorker (SegmentedRaftLogWorker.java:startLogSegment(380)) - 0b04bb08-988e-4c11-bb19-b8e35e208749@group-ED6D76D9AC24-SegmentedRaftLogWorker: Starting segment from index:0
2019-09-25 11:50:16,986 [0b04bb08-988e-4c11-bb19-b8e35e208749@group-ED6D76D9AC24:LeaderElection96] INFO  impl.RaftServerImpl (ServerState.java:setRaftConf(354)) - 0b04bb08-988e-4c11-bb19-b8e35e208749@group-ED6D76D9AC24: set configuration 0: [0b04bb08-988e-4c11-bb19-b8e35e208749:192.168.30.6:40238], old=null at 0
2019-09-25 11:50:17,024 [0b04bb08-988e-4c11-bb19-b8e35e208749@group-11A6A6391572-SegmentedRaftLogWorker] INFO  segmented.SegmentedRaftLogWorker (SegmentedRaftLogWorker.java:execute(569)) - 0b04bb08-988e-4c11-bb19-b8e35e208749@group-11A6A6391572-SegmentedRaftLogWorker: created new log segment /workdir/hadoop-ozone/ozonefs/target/test-dir/MiniOzoneClusterImpl-e6fda8ce-95ce-407e-bce9-2f736e2fb72c/datanode-0/data/ratis/a5a3930f-dc16-415f-b64b-11a6a6391572/current/log_inprogress_0
2019-09-25 11:50:17,024 [0b04bb08-988e-4c11-bb19-b8e35e208749@group-ED6D76D9AC24-SegmentedRaftLogWorker] INFO  segmented.SegmentedRaftLogWorker (SegmentedRaftLogWorker.java:execute(569)) - 0b04bb08-988e-4c11-bb19-b8e35e208749@group-ED6D76D9AC24-SegmentedRaftLogWorker: created new log segment /workdir/hadoop-ozone/ozonefs/target/test-dir/MiniOzoneClusterImpl-e6fda8ce-95ce-407e-bce9-2f736e2fb72c/datanode-0/data/ratis/2b249ecf-18d2-47f0-83db-ed6d76d9ac24/current/log_inprogress_0
2019-09-25 11:50:17,069 [Thread-1530] INFO  impl.FollowerState (FollowerState.java:run(106)) - 0b04bb08-988e-4c11-bb19-b8e35e208749:group-42FD4E1628CD changes to CANDIDATE, lastRpcTime:5039, electionTimeout:5039ms
2019-09-25 11:50:17,069 [Thread-1530] INFO  impl.RoleInfo (RoleInfo.java:shutdownFollowerState(121)) - 0b04bb08-988e-4c11-bb19-b8e35e208749: shutdown FollowerState
2019-09-25 11:50:17,069 [Thread-1530] INFO  impl.RaftServerImpl (RaftServerImpl.java:setRole(174)) - 0b04bb08-988e-4c11-bb19-b8e35e208749@group-42FD4E1628CD: changes role from  FOLLOWER to CANDIDATE at term 0 for changeToCandidate
2019-09-25 11:50:17,069 [Thread-1530] INFO  impl.RoleInfo (RoleInfo.java:updateAndGet(143)) - 0b04bb08-988e-4c11-bb19-b8e35e208749: start LeaderElection
2019-09-25 11:50:17,084 [0b04bb08-988e-4c11-bb19-b8e35e208749@group-42FD4E1628CD:LeaderElection97] INFO  impl.LeaderElection (LeaderElection.java:askForVotes(182)) - 0b04bb08-988e-4c11-bb19-b8e35e208749@group-42FD4E1628CD:LeaderElection97: begin an election at term 1 for -1: [0b04bb08-988e-4c11-bb19-b8e35e208749:192.168.30.6:40238], old=null
2019-09-25 11:50:17,084 [0b04bb08-988e-4c11-bb19-b8e35e208749@group-42FD4E1628CD:LeaderElection97] INFO  impl.RoleInfo (RoleInfo.java:shutdownLeaderElection(134)) - 0b04bb08-988e-4c11-bb19-b8e35e208749: shutdown LeaderElection
2019-09-25 11:50:17,085 [0b04bb08-988e-4c11-bb19-b8e35e208749@group-42FD4E1628CD:LeaderElection97] INFO  impl.RaftServerImpl (RaftServerImpl.java:setRole(174)) - 0b04bb08-988e-4c11-bb19-b8e35e208749@group-42FD4E1628CD: changes role from CANDIDATE to LEADER at term 1 for changeToLeader
2019-09-25 11:50:17,085 [0b04bb08-988e-4c11-bb19-b8e35e208749@group-42FD4E1628CD:LeaderElection97] INFO  impl.RaftServerImpl (ServerState.java:setLeader(253)) - 0b04bb08-988e-4c11-bb19-b8e35e208749@group-42FD4E1628CD: change Leader from null to 0b04bb08-988e-4c11-bb19-b8e35e208749 at term 1 for becomeLeader, leader elected after 5061ms
2019-09-25 11:50:17,085 [0b04bb08-988e-4c11-bb19-b8e35e208749@group-42FD4E1628CD:LeaderElection97] INFO  server.RaftServerConfigKeys (ConfUtils.java:logGet(43)) - raft.server.staging.catchup.gap = 1000 (default)
2019-09-25 11:50:17,085 [0b04bb08-988e-4c11-bb19-b8e35e208749@group-42FD4E1628CD:LeaderElection97] INFO  server.RaftServerConfigKeys (ConfUtils.java:logGet(43)) - raft.server.rpc.sleep.time = 25ms (default)
2019-09-25 11:50:17,085 [0b04bb08-988e-4c11-bb19-b8e35e208749@group-42FD4E1628CD:LeaderElection97] INFO  server.RaftServerConfigKeys (ConfUtils.java:logGet(43)) - raft.server.write.element-limit = 4096 (default)
2019-09-25 11:50:17,085 [0b04bb08-988e-4c11-bb19-b8e35e208749@group-42FD4E1628CD:LeaderElection97] INFO  server.RaftServerConfigKeys (ConfUtils.java:logGet(43)) - raft.server.watch.timeout = 10s (default)
2019-09-25 11:50:17,086 [0b04bb08-988e-4c11-bb19-b8e35e208749@group-42FD4E1628CD:LeaderElection97] INFO  server.RaftServerConfigKeys (ConfUtils.java:logGet(43)) - raft.server.watch.timeout.denomination = 1s (default)
2019-09-25 11:50:17,086 [0b04bb08-988e-4c11-bb19-b8e35e208749@group-42FD4E1628CD:LeaderElection97] INFO  server.RaftServerConfigKeys (ConfUtils.java:logGet(43)) - raft.server.watch.element-limit = 65536 (default)
2019-09-25 11:50:17,088 [0b04bb08-988e-4c11-bb19-b8e35e208749@group-42FD4E1628CD:LeaderElection97] INFO  impl.RoleInfo (RoleInfo.java:updateAndGet(143)) - 0b04bb08-988e-4c11-bb19-b8e35e208749: start LeaderState
2019-09-25 11:50:17,088 [0b04bb08-988e-4c11-bb19-b8e35e208749@group-42FD4E1628CD:LeaderElection97] INFO  segmented.SegmentedRaftLogWorker (SegmentedRaftLogWorker.java:startLogSegment(380)) - 0b04bb08-988e-4c11-bb19-b8e35e208749@group-42FD4E1628CD-SegmentedRaftLogWorker: Starting segment from index:0
2019-09-25 11:50:17,088 [0b04bb08-988e-4c11-bb19-b8e35e208749@group-42FD4E1628CD:LeaderElection97] INFO  impl.RaftServerImpl (ServerState.java:setRaftConf(354)) - 0b04bb08-988e-4c11-bb19-b8e35e208749@group-42FD4E1628CD: set configuration 0: [0b04bb08-988e-4c11-bb19-b8e35e208749:192.168.30.6:40238], old=null at 0
2019-09-25 11:50:17,135 [0b04bb08-988e-4c11-bb19-b8e35e208749@group-42FD4E1628CD-SegmentedRaftLogWorker] INFO  segmented.SegmentedRaftLogWorker (SegmentedRaftLogWorker.java:execute(569)) - 0b04bb08-988e-4c11-bb19-b8e35e208749@group-42FD4E1628CD-SegmentedRaftLogWorker: created new log segment /workdir/hadoop-ozone/ozonefs/target/test-dir/MiniOzoneClusterImpl-e6fda8ce-95ce-407e-bce9-2f736e2fb72c/datanode-0/data/ratis/29b8167d-18af-4b51-a726-42fd4e1628cd/current/log_inprogress_0
2019-09-25 11:50:17,148 [Thread-1533] INFO  impl.FollowerState (FollowerState.java:run(106)) - e37a6a86-ba01-4b78-8a19-1770b3bcf624:group-3552FCC1DF0E changes to CANDIDATE, lastRpcTime:5063, electionTimeout:5063ms
2019-09-25 11:50:17,148 [Thread-1533] INFO  impl.RoleInfo (RoleInfo.java:shutdownFollowerState(121)) - e37a6a86-ba01-4b78-8a19-1770b3bcf624: shutdown FollowerState
2019-09-25 11:50:17,148 [Thread-1533] INFO  impl.RaftServerImpl (RaftServerImpl.java:setRole(174)) - e37a6a86-ba01-4b78-8a19-1770b3bcf624@group-3552FCC1DF0E: changes role from  FOLLOWER to CANDIDATE at term 0 for changeToCandidate
2019-09-25 11:50:17,148 [Thread-1533] INFO  impl.RoleInfo (RoleInfo.java:updateAndGet(143)) - e37a6a86-ba01-4b78-8a19-1770b3bcf624: start LeaderElection
2019-09-25 11:50:17,164 [e37a6a86-ba01-4b78-8a19-1770b3bcf624@group-3552FCC1DF0E:LeaderElection98] INFO  impl.LeaderElection (LeaderElection.java:askForVotes(182)) - e37a6a86-ba01-4b78-8a19-1770b3bcf624@group-3552FCC1DF0E:LeaderElection98: begin an election at term 1 for -1: [e37a6a86-ba01-4b78-8a19-1770b3bcf624:192.168.30.6:33872], old=null
2019-09-25 11:50:17,165 [e37a6a86-ba01-4b78-8a19-1770b3bcf624@group-3552FCC1DF0E:LeaderElection98] INFO  impl.RoleInfo (RoleInfo.java:shutdownLeaderElection(134)) - e37a6a86-ba01-4b78-8a19-1770b3bcf624: shutdown LeaderElection
2019-09-25 11:50:17,165 [e37a6a86-ba01-4b78-8a19-1770b3bcf624@group-3552FCC1DF0E:LeaderElection98] INFO  impl.RaftServerImpl (RaftServerImpl.java:setRole(174)) - e37a6a86-ba01-4b78-8a19-1770b3bcf624@group-3552FCC1DF0E: changes role from CANDIDATE to LEADER at term 1 for changeToLeader
2019-09-25 11:50:17,165 [e37a6a86-ba01-4b78-8a19-1770b3bcf624@group-3552FCC1DF0E:LeaderElection98] INFO  impl.RaftServerImpl (ServerState.java:setLeader(253)) - e37a6a86-ba01-4b78-8a19-1770b3bcf624@group-3552FCC1DF0E: change Leader from null to e37a6a86-ba01-4b78-8a19-1770b3bcf624 at term 1 for becomeLeader, leader elected after 5088ms
2019-09-25 11:50:17,165 [e37a6a86-ba01-4b78-8a19-1770b3bcf624@group-3552FCC1DF0E:LeaderElection98] INFO  server.RaftServerConfigKeys (ConfUtils.java:logGet(43)) - raft.server.staging.catchup.gap = 1000 (default)
2019-09-25 11:50:17,165 [e37a6a86-ba01-4b78-8a19-1770b3bcf624@group-3552FCC1DF0E:LeaderElection98] INFO  server.RaftServerConfigKeys (ConfUtils.java:logGet(43)) - raft.server.rpc.sleep.time = 25ms (default)
2019-09-25 11:50:17,165 [e37a6a86-ba01-4b78-8a19-1770b3bcf624@group-3552FCC1DF0E:LeaderElection98] INFO  server.RaftServerConfigKeys (ConfUtils.java:logGet(43)) - raft.server.write.element-limit = 4096 (default)
2019-09-25 11:50:17,165 [e37a6a86-ba01-4b78-8a19-1770b3bcf624@group-3552FCC1DF0E:LeaderElection98] INFO  server.RaftServerConfigKeys (ConfUtils.java:logGet(43)) - raft.server.watch.timeout = 10s (default)
2019-09-25 11:50:17,165 [e37a6a86-ba01-4b78-8a19-1770b3bcf624@group-3552FCC1DF0E:LeaderElection98] INFO  server.RaftServerConfigKeys (ConfUtils.java:logGet(43)) - raft.server.watch.timeout.denomination = 1s (default)
2019-09-25 11:50:17,165 [e37a6a86-ba01-4b78-8a19-1770b3bcf624@group-3552FCC1DF0E:LeaderElection98] INFO  server.RaftServerConfigKeys (ConfUtils.java:logGet(43)) - raft.server.watch.element-limit = 65536 (default)
2019-09-25 11:50:17,167 [e37a6a86-ba01-4b78-8a19-1770b3bcf624@group-3552FCC1DF0E:LeaderElection98] INFO  impl.RoleInfo (RoleInfo.java:updateAndGet(143)) - e37a6a86-ba01-4b78-8a19-1770b3bcf624: start LeaderState
2019-09-25 11:50:17,167 [e37a6a86-ba01-4b78-8a19-1770b3bcf624@group-3552FCC1DF0E:LeaderElection98] INFO  segmented.SegmentedRaftLogWorker (SegmentedRaftLogWorker.java:startLogSegment(380)) - e37a6a86-ba01-4b78-8a19-1770b3bcf624@group-3552FCC1DF0E-SegmentedRaftLogWorker: Starting segment from index:0
2019-09-25 11:50:17,167 [e37a6a86-ba01-4b78-8a19-1770b3bcf624@group-3552FCC1DF0E:LeaderElection98] INFO  impl.RaftServerImpl (ServerState.java:setRaftConf(354)) - e37a6a86-ba01-4b78-8a19-1770b3bcf624@group-3552FCC1DF0E: set configuration 0: [e37a6a86-ba01-4b78-8a19-1770b3bcf624:192.168.30.6:33872], old=null at 0
2019-09-25 11:50:17,227 [e37a6a86-ba01-4b78-8a19-1770b3bcf624@group-3552FCC1DF0E-SegmentedRaftLogWorker] INFO  segmented.SegmentedRaftLogWorker (SegmentedRaftLogWorker.java:execute(569)) - e37a6a86-ba01-4b78-8a19-1770b3bcf624@group-3552FCC1DF0E-SegmentedRaftLogWorker: created new log segment /workdir/hadoop-ozone/ozonefs/target/test-dir/MiniOzoneClusterImpl-e6fda8ce-95ce-407e-bce9-2f736e2fb72c/datanode-2/data/ratis/d9d51573-6b05-409f-9864-3552fcc1df0e/current/log_inprogress_0
2019-09-25 11:50:17,241 [Thread-1536] INFO  impl.FollowerState (FollowerState.java:run(106)) - d0142895-3600-4281-b367-196d2d0762b5:group-D3BB587AAED0 changes to CANDIDATE, lastRpcTime:5120, electionTimeout:5120ms
2019-09-25 11:50:17,241 [Thread-1536] INFO  impl.RoleInfo (RoleInfo.java:shutdownFollowerState(121)) - d0142895-3600-4281-b367-196d2d0762b5: shutdown FollowerState
2019-09-25 11:50:17,241 [Thread-1536] INFO  impl.RaftServerImpl (RaftServerImpl.java:setRole(174)) - d0142895-3600-4281-b367-196d2d0762b5@group-D3BB587AAED0: changes role from  FOLLOWER to CANDIDATE at term 0 for changeToCandidate
2019-09-25 11:50:17,241 [Thread-1536] INFO  impl.RoleInfo (RoleInfo.java:updateAndGet(143)) - d0142895-3600-4281-b367-196d2d0762b5: start LeaderElection
2019-09-25 11:50:17,256 [d0142895-3600-4281-b367-196d2d0762b5@group-D3BB587AAED0:LeaderElection99] INFO  impl.LeaderElection (LeaderElection.java:askForVotes(182)) - d0142895-3600-4281-b367-196d2d0762b5@group-D3BB587AAED0:LeaderElection99: begin an election at term 1 for -1: [d0142895-3600-4281-b367-196d2d0762b5:192.168.30.6:37045], old=null
2019-09-25 11:50:17,257 [d0142895-3600-4281-b367-196d2d0762b5@group-D3BB587AAED0:LeaderElection99] INFO  impl.RoleInfo (RoleInfo.java:shutdownLeaderElection(134)) - d0142895-3600-4281-b367-196d2d0762b5: shutdown LeaderElection
2019-09-25 11:50:17,257 [d0142895-3600-4281-b367-196d2d0762b5@group-D3BB587AAED0:LeaderElection99] INFO  impl.RaftServerImpl (RaftServerImpl.java:setRole(174)) - d0142895-3600-4281-b367-196d2d0762b5@group-D3BB587AAED0: changes role from CANDIDATE to LEADER at term 1 for changeToLeader
2019-09-25 11:50:17,257 [d0142895-3600-4281-b367-196d2d0762b5@group-D3BB587AAED0:LeaderElection99] INFO  impl.RaftServerImpl (ServerState.java:setLeader(253)) - d0142895-3600-4281-b367-196d2d0762b5@group-D3BB587AAED0: change Leader from null to d0142895-3600-4281-b367-196d2d0762b5 at term 1 for becomeLeader, leader elected after 5141ms
2019-09-25 11:50:17,257 [d0142895-3600-4281-b367-196d2d0762b5@group-D3BB587AAED0:LeaderElection99] INFO  server.RaftServerConfigKeys (ConfUtils.java:logGet(43)) - raft.server.staging.catchup.gap = 1000 (default)
2019-09-25 11:50:17,257 [d0142895-3600-4281-b367-196d2d0762b5@group-D3BB587AAED0:LeaderElection99] INFO  server.RaftServerConfigKeys (ConfUtils.java:logGet(43)) - raft.server.rpc.sleep.time = 25ms (default)
2019-09-25 11:50:17,257 [d0142895-3600-4281-b367-196d2d0762b5@group-D3BB587AAED0:LeaderElection99] INFO  server.RaftServerConfigKeys (ConfUtils.java:logGet(43)) - raft.server.write.element-limit = 4096 (default)
2019-09-25 11:50:17,257 [d0142895-3600-4281-b367-196d2d0762b5@group-D3BB587AAED0:LeaderElection99] INFO  server.RaftServerConfigKeys (ConfUtils.java:logGet(43)) - raft.server.watch.timeout = 10s (default)
2019-09-25 11:50:17,257 [d0142895-3600-4281-b367-196d2d0762b5@group-D3BB587AAED0:LeaderElection99] INFO  server.RaftServerConfigKeys (ConfUtils.java:logGet(43)) - raft.server.watch.timeout.denomination = 1s (default)
2019-09-25 11:50:17,257 [d0142895-3600-4281-b367-196d2d0762b5@group-D3BB587AAED0:LeaderElection99] INFO  server.RaftServerConfigKeys (ConfUtils.java:logGet(43)) - raft.server.watch.element-limit = 65536 (default)
2019-09-25 11:50:17,259 [d0142895-3600-4281-b367-196d2d0762b5@group-D3BB587AAED0:LeaderElection99] INFO  impl.RoleInfo (RoleInfo.java:updateAndGet(143)) - d0142895-3600-4281-b367-196d2d0762b5: start LeaderState
2019-09-25 11:50:17,259 [d0142895-3600-4281-b367-196d2d0762b5@group-D3BB587AAED0:LeaderElection99] INFO  segmented.SegmentedRaftLogWorker (SegmentedRaftLogWorker.java:startLogSegment(380)) - d0142895-3600-4281-b367-196d2d0762b5@group-D3BB587AAED0-SegmentedRaftLogWorker: Starting segment from index:0
2019-09-25 11:50:17,260 [d0142895-3600-4281-b367-196d2d0762b5@group-D3BB587AAED0:LeaderElection99] INFO  impl.RaftServerImpl (ServerState.java:setRaftConf(354)) - d0142895-3600-4281-b367-196d2d0762b5@group-D3BB587AAED0: set configuration 0: [d0142895-3600-4281-b367-196d2d0762b5:192.168.30.6:37045], old=null at 0
2019-09-25 11:50:17,287 [Thread-1545] INFO  impl.FollowerState (FollowerState.java:run(106)) - d0142895-3600-4281-b367-196d2d0762b5:group-8835B8DF4DD0 changes to CANDIDATE, lastRpcTime:5006, electionTimeout:5006ms
2019-09-25 11:50:17,287 [Thread-1545] INFO  impl.RoleInfo (RoleInfo.java:shutdownFollowerState(121)) - d0142895-3600-4281-b367-196d2d0762b5: shutdown FollowerState
2019-09-25 11:50:17,287 [Thread-1545] INFO  impl.RaftServerImpl (RaftServerImpl.java:setRole(174)) - d0142895-3600-4281-b367-196d2d0762b5@group-8835B8DF4DD0: changes role from  FOLLOWER to CANDIDATE at term 0 for changeToCandidate
2019-09-25 11:50:17,288 [Thread-1545] INFO  impl.RoleInfo (RoleInfo.java:updateAndGet(143)) - d0142895-3600-4281-b367-196d2d0762b5: start LeaderElection
2019-09-25 11:50:17,301 [d0142895-3600-4281-b367-196d2d0762b5@group-D3BB587AAED0-SegmentedRaftLogWorker] INFO  segmented.SegmentedRaftLogWorker (SegmentedRaftLogWorker.java:execute(569)) - d0142895-3600-4281-b367-196d2d0762b5@group-D3BB587AAED0-SegmentedRaftLogWorker: created new log segment /workdir/hadoop-ozone/ozonefs/target/test-dir/MiniOzoneClusterImpl-e6fda8ce-95ce-407e-bce9-2f736e2fb72c/datanode-1/data/ratis/aea99728-447e-4330-a4b2-d3bb587aaed0/current/log_inprogress_0
2019-09-25 11:50:17,301 [d0142895-3600-4281-b367-196d2d0762b5@group-8835B8DF4DD0:LeaderElection100] INFO  impl.LeaderElection (LeaderElection.java:askForVotes(182)) - d0142895-3600-4281-b367-196d2d0762b5@group-8835B8DF4DD0:LeaderElection100: begin an election at term 1 for -1: [d0142895-3600-4281-b367-196d2d0762b5:192.168.30.6:37045], old=null
2019-09-25 11:50:17,301 [d0142895-3600-4281-b367-196d2d0762b5@group-8835B8DF4DD0:LeaderElection100] INFO  impl.RoleInfo (RoleInfo.java:shutdownLeaderElection(134)) - d0142895-3600-4281-b367-196d2d0762b5: shutdown LeaderElection
2019-09-25 11:50:17,302 [d0142895-3600-4281-b367-196d2d0762b5@group-8835B8DF4DD0:LeaderElection100] INFO  impl.RaftServerImpl (RaftServerImpl.java:setRole(174)) - d0142895-3600-4281-b367-196d2d0762b5@group-8835B8DF4DD0: changes role from CANDIDATE to LEADER at term 1 for changeToLeader
2019-09-25 11:50:17,302 [d0142895-3600-4281-b367-196d2d0762b5@group-8835B8DF4DD0:LeaderElection100] INFO  impl.RaftServerImpl (ServerState.java:setLeader(253)) - d0142895-3600-4281-b367-196d2d0762b5@group-8835B8DF4DD0: change Leader from null to d0142895-3600-4281-b367-196d2d0762b5 at term 1 for becomeLeader, leader elected after 5026ms
2019-09-25 11:50:17,302 [d0142895-3600-4281-b367-196d2d0762b5@group-8835B8DF4DD0:LeaderElection100] INFO  server.RaftServerConfigKeys (ConfUtils.java:logGet(43)) - raft.server.staging.catchup.gap = 1000 (default)
2019-09-25 11:50:17,302 [d0142895-3600-4281-b367-196d2d0762b5@group-8835B8DF4DD0:LeaderElection100] INFO  server.RaftServerConfigKeys (ConfUtils.java:logGet(43)) - raft.server.rpc.sleep.time = 25ms (default)
2019-09-25 11:50:17,302 [d0142895-3600-4281-b367-196d2d0762b5@group-8835B8DF4DD0:LeaderElection100] INFO  server.RaftServerConfigKeys (ConfUtils.java:logGet(43)) - raft.server.write.element-limit = 4096 (default)
2019-09-25 11:50:17,302 [d0142895-3600-4281-b367-196d2d0762b5@group-8835B8DF4DD0:LeaderElection100] INFO  server.RaftServerConfigKeys (ConfUtils.java:logGet(43)) - raft.server.watch.timeout = 10s (default)
2019-09-25 11:50:17,302 [d0142895-3600-4281-b367-196d2d0762b5@group-8835B8DF4DD0:LeaderElection100] INFO  server.RaftServerConfigKeys (ConfUtils.java:logGet(43)) - raft.server.watch.timeout.denomination = 1s (default)
2019-09-25 11:50:17,303 [d0142895-3600-4281-b367-196d2d0762b5@group-8835B8DF4DD0:LeaderElection100] INFO  server.RaftServerConfigKeys (ConfUtils.java:logGet(43)) - raft.server.watch.element-limit = 65536 (default)
2019-09-25 11:50:17,305 [d0142895-3600-4281-b367-196d2d0762b5@group-8835B8DF4DD0:LeaderElection100] INFO  impl.RoleInfo (RoleInfo.java:updateAndGet(143)) - d0142895-3600-4281-b367-196d2d0762b5: start LeaderState
2019-09-25 11:50:17,305 [d0142895-3600-4281-b367-196d2d0762b5@group-8835B8DF4DD0:LeaderElection100] INFO  segmented.SegmentedRaftLogWorker (SegmentedRaftLogWorker.java:startLogSegment(380)) - d0142895-3600-4281-b367-196d2d0762b5@group-8835B8DF4DD0-SegmentedRaftLogWorker: Starting segment from index:0
2019-09-25 11:50:17,306 [d0142895-3600-4281-b367-196d2d0762b5@group-8835B8DF4DD0:LeaderElection100] INFO  impl.RaftServerImpl (ServerState.java:setRaftConf(354)) - d0142895-3600-4281-b367-196d2d0762b5@group-8835B8DF4DD0: set configuration 0: [d0142895-3600-4281-b367-196d2d0762b5:192.168.30.6:37045], old=null at 0
2019-09-25 11:50:17,339 [d0142895-3600-4281-b367-196d2d0762b5@group-8835B8DF4DD0-SegmentedRaftLogWorker] INFO  segmented.SegmentedRaftLogWorker (SegmentedRaftLogWorker.java:execute(569)) - d0142895-3600-4281-b367-196d2d0762b5@group-8835B8DF4DD0-SegmentedRaftLogWorker: created new log segment /workdir/hadoop-ozone/ozonefs/target/test-dir/MiniOzoneClusterImpl-e6fda8ce-95ce-407e-bce9-2f736e2fb72c/datanode-1/data/ratis/dd34d929-20d7-4546-ad16-8835b8df4dd0/current/log_inprogress_0
2019-09-25 11:50:17,340 [Thread-1542] INFO  impl.FollowerState (FollowerState.java:run(106)) - e37a6a86-ba01-4b78-8a19-1770b3bcf624:group-0C71227A7BE9 changes to CANDIDATE, lastRpcTime:5133, electionTimeout:5133ms
2019-09-25 11:50:17,341 [Thread-1542] INFO  impl.RoleInfo (RoleInfo.java:shutdownFollowerState(121)) - e37a6a86-ba01-4b78-8a19-1770b3bcf624: shutdown FollowerState
2019-09-25 11:50:17,341 [Thread-1542] INFO  impl.RaftServerImpl (RaftServerImpl.java:setRole(174)) - e37a6a86-ba01-4b78-8a19-1770b3bcf624@group-0C71227A7BE9: changes role from  FOLLOWER to CANDIDATE at term 0 for changeToCandidate
2019-09-25 11:50:17,341 [Thread-1542] INFO  impl.RoleInfo (RoleInfo.java:updateAndGet(143)) - e37a6a86-ba01-4b78-8a19-1770b3bcf624: start LeaderElection
2019-09-25 11:50:17,353 [Thread-1539] INFO  impl.FollowerState (FollowerState.java:run(106)) - d0142895-3600-4281-b367-196d2d0762b5:group-EE70857FB4E8 changes to CANDIDATE, lastRpcTime:5188, electionTimeout:5188ms
2019-09-25 11:50:17,353 [Thread-1539] INFO  impl.RoleInfo (RoleInfo.java:shutdownFollowerState(121)) - d0142895-3600-4281-b367-196d2d0762b5: shutdown FollowerState
2019-09-25 11:50:17,353 [Thread-1539] INFO  impl.RaftServerImpl (RaftServerImpl.java:setRole(174)) - d0142895-3600-4281-b367-196d2d0762b5@group-EE70857FB4E8: changes role from  FOLLOWER to CANDIDATE at term 0 for changeToCandidate
2019-09-25 11:50:17,353 [Thread-1539] INFO  impl.RoleInfo (RoleInfo.java:updateAndGet(143)) - d0142895-3600-4281-b367-196d2d0762b5: start LeaderElection
2019-09-25 11:50:17,357 [e37a6a86-ba01-4b78-8a19-1770b3bcf624@group-0C71227A7BE9:LeaderElection101] INFO  impl.LeaderElection (LeaderElection.java:askForVotes(182)) - e37a6a86-ba01-4b78-8a19-1770b3bcf624@group-0C71227A7BE9:LeaderElection101: begin an election at term 1 for -1: [e37a6a86-ba01-4b78-8a19-1770b3bcf624:192.168.30.6:33872], old=null
2019-09-25 11:50:17,358 [e37a6a86-ba01-4b78-8a19-1770b3bcf624@group-0C71227A7BE9:LeaderElection101] INFO  impl.RoleInfo (RoleInfo.java:shutdownLeaderElection(134)) - e37a6a86-ba01-4b78-8a19-1770b3bcf624: shutdown LeaderElection
2019-09-25 11:50:17,358 [e37a6a86-ba01-4b78-8a19-1770b3bcf624@group-0C71227A7BE9:LeaderElection101] INFO  impl.RaftServerImpl (RaftServerImpl.java:setRole(174)) - e37a6a86-ba01-4b78-8a19-1770b3bcf624@group-0C71227A7BE9: changes role from CANDIDATE to LEADER at term 1 for changeToLeader
2019-09-25 11:50:17,358 [e37a6a86-ba01-4b78-8a19-1770b3bcf624@group-0C71227A7BE9:LeaderElection101] INFO  impl.RaftServerImpl (ServerState.java:setLeader(253)) - e37a6a86-ba01-4b78-8a19-1770b3bcf624@group-0C71227A7BE9: change Leader from null to e37a6a86-ba01-4b78-8a19-1770b3bcf624 at term 1 for becomeLeader, leader elected after 5156ms
2019-09-25 11:50:17,358 [e37a6a86-ba01-4b78-8a19-1770b3bcf624@group-0C71227A7BE9:LeaderElection101] INFO  server.RaftServerConfigKeys (ConfUtils.java:logGet(43)) - raft.server.staging.catchup.gap = 1000 (default)
2019-09-25 11:50:17,358 [e37a6a86-ba01-4b78-8a19-1770b3bcf624@group-0C71227A7BE9:LeaderElection101] INFO  server.RaftServerConfigKeys (ConfUtils.java:logGet(43)) - raft.server.rpc.sleep.time = 25ms (default)
2019-09-25 11:50:17,358 [e37a6a86-ba01-4b78-8a19-1770b3bcf624@group-0C71227A7BE9:LeaderElection101] INFO  server.RaftServerConfigKeys (ConfUtils.java:logGet(43)) - raft.server.write.element-limit = 4096 (default)
2019-09-25 11:50:17,358 [e37a6a86-ba01-4b78-8a19-1770b3bcf624@group-0C71227A7BE9:LeaderElection101] INFO  server.RaftServerConfigKeys (ConfUtils.java:logGet(43)) - raft.server.watch.timeout = 10s (default)
2019-09-25 11:50:17,359 [e37a6a86-ba01-4b78-8a19-1770b3bcf624@group-0C71227A7BE9:LeaderElection101] INFO  server.RaftServerConfigKeys (ConfUtils.java:logGet(43)) - raft.server.watch.timeout.denomination = 1s (default)
2019-09-25 11:50:17,359 [e37a6a86-ba01-4b78-8a19-1770b3bcf624@group-0C71227A7BE9:LeaderElection101] INFO  server.RaftServerConfigKeys (ConfUtils.java:logGet(43)) - raft.server.watch.element-limit = 65536 (default)
2019-09-25 11:50:17,359 [d0142895-3600-4281-b367-196d2d0762b5@group-EE70857FB4E8:LeaderElection102] INFO  impl.LeaderElection (LeaderElection.java:askForVotes(182)) - d0142895-3600-4281-b367-196d2d0762b5@group-EE70857FB4E8:LeaderElection102: begin an election at term 1 for -1: [d0142895-3600-4281-b367-196d2d0762b5:192.168.30.6:37045], old=null
2019-09-25 11:50:17,360 [d0142895-3600-4281-b367-196d2d0762b5@group-EE70857FB4E8:LeaderElection102] INFO  impl.RoleInfo (RoleInfo.java:shutdownLeaderElection(134)) - d0142895-3600-4281-b367-196d2d0762b5: shutdown LeaderElection
2019-09-25 11:50:17,360 [d0142895-3600-4281-b367-196d2d0762b5@group-EE70857FB4E8:LeaderElection102] INFO  impl.RaftServerImpl (RaftServerImpl.java:setRole(174)) - d0142895-3600-4281-b367-196d2d0762b5@group-EE70857FB4E8: changes role from CANDIDATE to LEADER at term 1 for changeToLeader
2019-09-25 11:50:17,360 [d0142895-3600-4281-b367-196d2d0762b5@group-EE70857FB4E8:LeaderElection102] INFO  impl.RaftServerImpl (ServerState.java:setLeader(253)) - d0142895-3600-4281-b367-196d2d0762b5@group-EE70857FB4E8: change Leader from null to d0142895-3600-4281-b367-196d2d0762b5 at term 1 for becomeLeader, leader elected after 5200ms
2019-09-25 11:50:17,360 [d0142895-3600-4281-b367-196d2d0762b5@group-EE70857FB4E8:LeaderElection102] INFO  server.RaftServerConfigKeys (ConfUtils.java:logGet(43)) - raft.server.staging.catchup.gap = 1000 (default)
2019-09-25 11:50:17,360 [d0142895-3600-4281-b367-196d2d0762b5@group-EE70857FB4E8:LeaderElection102] INFO  server.RaftServerConfigKeys (ConfUtils.java:logGet(43)) - raft.server.rpc.sleep.time = 25ms (default)
2019-09-25 11:50:17,360 [d0142895-3600-4281-b367-196d2d0762b5@group-EE70857FB4E8:LeaderElection102] INFO  server.RaftServerConfigKeys (ConfUtils.java:logGet(43)) - raft.server.write.element-limit = 4096 (default)
2019-09-25 11:50:17,360 [d0142895-3600-4281-b367-196d2d0762b5@group-EE70857FB4E8:LeaderElection102] INFO  server.RaftServerConfigKeys (ConfUtils.java:logGet(43)) - raft.server.watch.timeout = 10s (default)
2019-09-25 11:50:17,361 [d0142895-3600-4281-b367-196d2d0762b5@group-EE70857FB4E8:LeaderElection102] INFO  server.RaftServerConfigKeys (ConfUtils.java:logGet(43)) - raft.server.watch.timeout.denomination = 1s (default)
2019-09-25 11:50:17,361 [e37a6a86-ba01-4b78-8a19-1770b3bcf624@group-0C71227A7BE9:LeaderElection101] INFO  impl.RoleInfo (RoleInfo.java:updateAndGet(143)) - e37a6a86-ba01-4b78-8a19-1770b3bcf624: start LeaderState
2019-09-25 11:50:17,361 [d0142895-3600-4281-b367-196d2d0762b5@group-EE70857FB4E8:LeaderElection102] INFO  server.RaftServerConfigKeys (ConfUtils.java:logGet(43)) - raft.server.watch.element-limit = 65536 (default)
2019-09-25 11:50:17,361 [e37a6a86-ba01-4b78-8a19-1770b3bcf624@group-0C71227A7BE9:LeaderElection101] INFO  segmented.SegmentedRaftLogWorker (SegmentedRaftLogWorker.java:startLogSegment(380)) - e37a6a86-ba01-4b78-8a19-1770b3bcf624@group-0C71227A7BE9-SegmentedRaftLogWorker: Starting segment from index:0
2019-09-25 11:50:17,361 [e37a6a86-ba01-4b78-8a19-1770b3bcf624@group-0C71227A7BE9:LeaderElection101] INFO  impl.RaftServerImpl (ServerState.java:setRaftConf(354)) - e37a6a86-ba01-4b78-8a19-1770b3bcf624@group-0C71227A7BE9: set configuration 0: [e37a6a86-ba01-4b78-8a19-1770b3bcf624:192.168.30.6:33872], old=null at 0
2019-09-25 11:50:17,363 [d0142895-3600-4281-b367-196d2d0762b5@group-EE70857FB4E8:LeaderElection102] INFO  impl.RoleInfo (RoleInfo.java:updateAndGet(143)) - d0142895-3600-4281-b367-196d2d0762b5: start LeaderState
2019-09-25 11:50:17,363 [d0142895-3600-4281-b367-196d2d0762b5@group-EE70857FB4E8:LeaderElection102] INFO  segmented.SegmentedRaftLogWorker (SegmentedRaftLogWorker.java:startLogSegment(380)) - d0142895-3600-4281-b367-196d2d0762b5@group-EE70857FB4E8-SegmentedRaftLogWorker: Starting segment from index:0
2019-09-25 11:50:17,363 [d0142895-3600-4281-b367-196d2d0762b5@group-EE70857FB4E8:LeaderElection102] INFO  impl.RaftServerImpl (ServerState.java:setRaftConf(354)) - d0142895-3600-4281-b367-196d2d0762b5@group-EE70857FB4E8: set configuration 0: [d0142895-3600-4281-b367-196d2d0762b5:192.168.30.6:37045], old=null at 0
2019-09-25 11:50:17,406 [d0142895-3600-4281-b367-196d2d0762b5@group-EE70857FB4E8-SegmentedRaftLogWorker] INFO  segmented.SegmentedRaftLogWorker (SegmentedRaftLogWorker.java:execute(569)) - d0142895-3600-4281-b367-196d2d0762b5@group-EE70857FB4E8-SegmentedRaftLogWorker: created new log segment /workdir/hadoop-ozone/ozonefs/target/test-dir/MiniOzoneClusterImpl-e6fda8ce-95ce-407e-bce9-2f736e2fb72c/datanode-1/data/ratis/f1f942ee-828b-4187-8c4e-ee70857fb4e8/current/log_inprogress_0
2019-09-25 11:50:17,406 [e37a6a86-ba01-4b78-8a19-1770b3bcf624@group-0C71227A7BE9-SegmentedRaftLogWorker] INFO  segmented.SegmentedRaftLogWorker (SegmentedRaftLogWorker.java:execute(569)) - e37a6a86-ba01-4b78-8a19-1770b3bcf624@group-0C71227A7BE9-SegmentedRaftLogWorker: created new log segment /workdir/hadoop-ozone/ozonefs/target/test-dir/MiniOzoneClusterImpl-e6fda8ce-95ce-407e-bce9-2f736e2fb72c/datanode-2/data/ratis/d25f8224-bfd9-422b-ab30-0c71227a7be9/current/log_inprogress_0
2019-09-25 11:50:17,477 [Thread-1548] INFO  impl.FollowerState (FollowerState.java:run(106)) - e37a6a86-ba01-4b78-8a19-1770b3bcf624:group-25960F6CFE6B changes to CANDIDATE, lastRpcTime:5149, electionTimeout:5149ms
2019-09-25 11:50:17,477 [Thread-1548] INFO  impl.RoleInfo (RoleInfo.java:shutdownFollowerState(121)) - e37a6a86-ba01-4b78-8a19-1770b3bcf624: shutdown FollowerState
2019-09-25 11:50:17,477 [Thread-1548] INFO  impl.RaftServerImpl (RaftServerImpl.java:setRole(174)) - e37a6a86-ba01-4b78-8a19-1770b3bcf624@group-25960F6CFE6B: changes role from  FOLLOWER to CANDIDATE at term 0 for changeToCandidate
2019-09-25 11:50:17,478 [Thread-1548] INFO  impl.RoleInfo (RoleInfo.java:updateAndGet(143)) - e37a6a86-ba01-4b78-8a19-1770b3bcf624: start LeaderElection
2019-09-25 11:50:17,490 [Thread-1557] INFO  impl.FollowerState (FollowerState.java:run(106)) - e37a6a86-ba01-4b78-8a19-1770b3bcf624:group-6606FE609969 changes to CANDIDATE, lastRpcTime:5024, electionTimeout:5024ms
2019-09-25 11:50:17,490 [Thread-1557] INFO  impl.RoleInfo (RoleInfo.java:shutdownFollowerState(121)) - e37a6a86-ba01-4b78-8a19-1770b3bcf624: shutdown FollowerState
2019-09-25 11:50:17,490 [Thread-1557] INFO  impl.RaftServerImpl (RaftServerImpl.java:setRole(174)) - e37a6a86-ba01-4b78-8a19-1770b3bcf624@group-6606FE609969: changes role from  FOLLOWER to CANDIDATE at term 0 for changeToCandidate
2019-09-25 11:50:17,490 [Thread-1557] INFO  impl.RoleInfo (RoleInfo.java:updateAndGet(143)) - e37a6a86-ba01-4b78-8a19-1770b3bcf624: start LeaderElection
2019-09-25 11:50:17,493 [e37a6a86-ba01-4b78-8a19-1770b3bcf624@group-25960F6CFE6B:LeaderElection103] INFO  impl.LeaderElection (LeaderElection.java:askForVotes(182)) - e37a6a86-ba01-4b78-8a19-1770b3bcf624@group-25960F6CFE6B:LeaderElection103: begin an election at term 1 for -1: [e37a6a86-ba01-4b78-8a19-1770b3bcf624:192.168.30.6:33872], old=null
2019-09-25 11:50:17,493 [e37a6a86-ba01-4b78-8a19-1770b3bcf624@group-25960F6CFE6B:LeaderElection103] INFO  impl.RoleInfo (RoleInfo.java:shutdownLeaderElection(134)) - e37a6a86-ba01-4b78-8a19-1770b3bcf624: shutdown LeaderElection
2019-09-25 11:50:17,493 [e37a6a86-ba01-4b78-8a19-1770b3bcf624@group-25960F6CFE6B:LeaderElection103] INFO  impl.RaftServerImpl (RaftServerImpl.java:setRole(174)) - e37a6a86-ba01-4b78-8a19-1770b3bcf624@group-25960F6CFE6B: changes role from CANDIDATE to LEADER at term 1 for changeToLeader
2019-09-25 11:50:17,494 [e37a6a86-ba01-4b78-8a19-1770b3bcf624@group-25960F6CFE6B:LeaderElection103] INFO  impl.RaftServerImpl (ServerState.java:setLeader(253)) - e37a6a86-ba01-4b78-8a19-1770b3bcf624@group-25960F6CFE6B: change Leader from null to e37a6a86-ba01-4b78-8a19-1770b3bcf624 at term 1 for becomeLeader, leader elected after 5171ms
2019-09-25 11:50:17,494 [e37a6a86-ba01-4b78-8a19-1770b3bcf624@group-25960F6CFE6B:LeaderElection103] INFO  server.RaftServerConfigKeys (ConfUtils.java:logGet(43)) - raft.server.staging.catchup.gap = 1000 (default)
2019-09-25 11:50:17,494 [e37a6a86-ba01-4b78-8a19-1770b3bcf624@group-25960F6CFE6B:LeaderElection103] INFO  server.RaftServerConfigKeys (ConfUtils.java:logGet(43)) - raft.server.rpc.sleep.time = 25ms (default)
2019-09-25 11:50:17,494 [e37a6a86-ba01-4b78-8a19-1770b3bcf624@group-25960F6CFE6B:LeaderElection103] INFO  server.RaftServerConfigKeys (ConfUtils.java:logGet(43)) - raft.server.write.element-limit = 4096 (default)
2019-09-25 11:50:17,494 [e37a6a86-ba01-4b78-8a19-1770b3bcf624@group-25960F6CFE6B:LeaderElection103] INFO  server.RaftServerConfigKeys (ConfUtils.java:logGet(43)) - raft.server.watch.timeout = 10s (default)
2019-09-25 11:50:17,494 [e37a6a86-ba01-4b78-8a19-1770b3bcf624@group-25960F6CFE6B:LeaderElection103] INFO  server.RaftServerConfigKeys (ConfUtils.java:logGet(43)) - raft.server.watch.timeout.denomination = 1s (default)
2019-09-25 11:50:17,495 [e37a6a86-ba01-4b78-8a19-1770b3bcf624@group-25960F6CFE6B:LeaderElection103] INFO  server.RaftServerConfigKeys (ConfUtils.java:logGet(43)) - raft.server.watch.element-limit = 65536 (default)
2019-09-25 11:50:17,495 [e37a6a86-ba01-4b78-8a19-1770b3bcf624@group-6606FE609969:LeaderElection104] INFO  impl.LeaderElection (LeaderElection.java:askForVotes(182)) - e37a6a86-ba01-4b78-8a19-1770b3bcf624@group-6606FE609969:LeaderElection104: begin an election at term 1 for -1: [e37a6a86-ba01-4b78-8a19-1770b3bcf624:192.168.30.6:33872], old=null
2019-09-25 11:50:17,495 [e37a6a86-ba01-4b78-8a19-1770b3bcf624@group-6606FE609969:LeaderElection104] INFO  impl.RoleInfo (RoleInfo.java:shutdownLeaderElection(134)) - e37a6a86-ba01-4b78-8a19-1770b3bcf624: shutdown LeaderElection
2019-09-25 11:50:17,496 [e37a6a86-ba01-4b78-8a19-1770b3bcf624@group-6606FE609969:LeaderElection104] INFO  impl.RaftServerImpl (RaftServerImpl.java:setRole(174)) - e37a6a86-ba01-4b78-8a19-1770b3bcf624@group-6606FE609969: changes role from CANDIDATE to LEADER at term 1 for changeToLeader
2019-09-25 11:50:17,496 [e37a6a86-ba01-4b78-8a19-1770b3bcf624@group-6606FE609969:LeaderElection104] INFO  impl.RaftServerImpl (ServerState.java:setLeader(253)) - e37a6a86-ba01-4b78-8a19-1770b3bcf624@group-6606FE609969: change Leader from null to e37a6a86-ba01-4b78-8a19-1770b3bcf624 at term 1 for becomeLeader, leader elected after 5035ms
2019-09-25 11:50:17,496 [e37a6a86-ba01-4b78-8a19-1770b3bcf624@group-6606FE609969:LeaderElection104] INFO  server.RaftServerConfigKeys (ConfUtils.java:logGet(43)) - raft.server.staging.catchup.gap = 1000 (default)
2019-09-25 11:50:17,496 [e37a6a86-ba01-4b78-8a19-1770b3bcf624@group-6606FE609969:LeaderElection104] INFO  server.RaftServerConfigKeys (ConfUtils.java:logGet(43)) - raft.server.rpc.sleep.time = 25ms (default)
2019-09-25 11:50:17,496 [e37a6a86-ba01-4b78-8a19-1770b3bcf624@group-6606FE609969:LeaderElection104] INFO  server.RaftServerConfigKeys (ConfUtils.java:logGet(43)) - raft.server.write.element-limit = 4096 (default)
2019-09-25 11:50:17,496 [e37a6a86-ba01-4b78-8a19-1770b3bcf624@group-6606FE609969:LeaderElection104] INFO  server.RaftServerConfigKeys (ConfUtils.java:logGet(43)) - raft.server.watch.timeout = 10s (default)
2019-09-25 11:50:17,496 [e37a6a86-ba01-4b78-8a19-1770b3bcf624@group-6606FE609969:LeaderElection104] INFO  server.RaftServerConfigKeys (ConfUtils.java:logGet(43)) - raft.server.watch.timeout.denomination = 1s (default)
2019-09-25 11:50:17,497 [e37a6a86-ba01-4b78-8a19-1770b3bcf624@group-6606FE609969:LeaderElection104] INFO  server.RaftServerConfigKeys (ConfUtils.java:logGet(43)) - raft.server.watch.element-limit = 65536 (default)
2019-09-25 11:50:17,497 [e37a6a86-ba01-4b78-8a19-1770b3bcf624@group-25960F6CFE6B:LeaderElection103] INFO  impl.RoleInfo (RoleInfo.java:updateAndGet(143)) - e37a6a86-ba01-4b78-8a19-1770b3bcf624: start LeaderState
2019-09-25 11:50:17,497 [e37a6a86-ba01-4b78-8a19-1770b3bcf624@group-25960F6CFE6B:LeaderElection103] INFO  segmented.SegmentedRaftLogWorker (SegmentedRaftLogWorker.java:startLogSegment(380)) - e37a6a86-ba01-4b78-8a19-1770b3bcf624@group-25960F6CFE6B-SegmentedRaftLogWorker: Starting segment from index:0
2019-09-25 11:50:17,497 [e37a6a86-ba01-4b78-8a19-1770b3bcf624@group-25960F6CFE6B:LeaderElection103] INFO  impl.RaftServerImpl (ServerState.java:setRaftConf(354)) - e37a6a86-ba01-4b78-8a19-1770b3bcf624@group-25960F6CFE6B: set configuration 0: [e37a6a86-ba01-4b78-8a19-1770b3bcf624:192.168.30.6:33872], old=null at 0
2019-09-25 11:50:17,498 [e37a6a86-ba01-4b78-8a19-1770b3bcf624@group-6606FE609969:LeaderElection104] INFO  impl.RoleInfo (RoleInfo.java:updateAndGet(143)) - e37a6a86-ba01-4b78-8a19-1770b3bcf624: start LeaderState
2019-09-25 11:50:17,499 [e37a6a86-ba01-4b78-8a19-1770b3bcf624@group-6606FE609969:LeaderElection104] INFO  segmented.SegmentedRaftLogWorker (SegmentedRaftLogWorker.java:startLogSegment(380)) - e37a6a86-ba01-4b78-8a19-1770b3bcf624@group-6606FE609969-SegmentedRaftLogWorker: Starting segment from index:0
2019-09-25 11:50:17,499 [e37a6a86-ba01-4b78-8a19-1770b3bcf624@group-6606FE609969:LeaderElection104] INFO  impl.RaftServerImpl (ServerState.java:setRaftConf(354)) - e37a6a86-ba01-4b78-8a19-1770b3bcf624@group-6606FE609969: set configuration 0: [e37a6a86-ba01-4b78-8a19-1770b3bcf624:192.168.30.6:33872], old=null at 0
2019-09-25 11:50:17,522 [Thread-1554] INFO  impl.FollowerState (FollowerState.java:run(106)) - d0142895-3600-4281-b367-196d2d0762b5:group-7AB6CB8E1167 changes to CANDIDATE, lastRpcTime:5102, electionTimeout:5102ms
2019-09-25 11:50:17,522 [Thread-1554] INFO  impl.RoleInfo (RoleInfo.java:shutdownFollowerState(121)) - d0142895-3600-4281-b367-196d2d0762b5: shutdown FollowerState
2019-09-25 11:50:17,522 [Thread-1554] INFO  impl.RaftServerImpl (RaftServerImpl.java:setRole(174)) - d0142895-3600-4281-b367-196d2d0762b5@group-7AB6CB8E1167: changes role from  FOLLOWER to CANDIDATE at term 0 for changeToCandidate
2019-09-25 11:50:17,523 [Thread-1554] INFO  impl.RoleInfo (RoleInfo.java:updateAndGet(143)) - d0142895-3600-4281-b367-196d2d0762b5: start LeaderElection
2019-09-25 11:50:17,559 [e37a6a86-ba01-4b78-8a19-1770b3bcf624@group-6606FE609969-SegmentedRaftLogWorker] INFO  segmented.SegmentedRaftLogWorker (SegmentedRaftLogWorker.java:execute(569)) - e37a6a86-ba01-4b78-8a19-1770b3bcf624@group-6606FE609969-SegmentedRaftLogWorker: created new log segment /workdir/hadoop-ozone/ozonefs/target/test-dir/MiniOzoneClusterImpl-e6fda8ce-95ce-407e-bce9-2f736e2fb72c/datanode-2/data/ratis/115a525f-df31-4186-b34b-6606fe609969/current/log_inprogress_0
2019-09-25 11:50:17,559 [e37a6a86-ba01-4b78-8a19-1770b3bcf624@group-25960F6CFE6B-SegmentedRaftLogWorker] INFO  segmented.SegmentedRaftLogWorker (SegmentedRaftLogWorker.java:execute(569)) - e37a6a86-ba01-4b78-8a19-1770b3bcf624@group-25960F6CFE6B-SegmentedRaftLogWorker: created new log segment /workdir/hadoop-ozone/ozonefs/target/test-dir/MiniOzoneClusterImpl-e6fda8ce-95ce-407e-bce9-2f736e2fb72c/datanode-2/data/ratis/5eb86bb8-f5e8-44a6-9591-25960f6cfe6b/current/log_inprogress_0
2019-09-25 11:50:17,560 [d0142895-3600-4281-b367-196d2d0762b5@group-7AB6CB8E1167:LeaderElection105] INFO  impl.LeaderElection (LeaderElection.java:askForVotes(182)) - d0142895-3600-4281-b367-196d2d0762b5@group-7AB6CB8E1167:LeaderElection105: begin an election at term 1 for -1: [d0142895-3600-4281-b367-196d2d0762b5:192.168.30.6:37045], old=null
2019-09-25 11:50:17,560 [d0142895-3600-4281-b367-196d2d0762b5@group-7AB6CB8E1167:LeaderElection105] INFO  impl.RoleInfo (RoleInfo.java:shutdownLeaderElection(134)) - d0142895-3600-4281-b367-196d2d0762b5: shutdown LeaderElection
2019-09-25 11:50:17,560 [d0142895-3600-4281-b367-196d2d0762b5@group-7AB6CB8E1167:LeaderElection105] INFO  impl.RaftServerImpl (RaftServerImpl.java:setRole(174)) - d0142895-3600-4281-b367-196d2d0762b5@group-7AB6CB8E1167: changes role from CANDIDATE to LEADER at term 1 for changeToLeader
2019-09-25 11:50:17,560 [d0142895-3600-4281-b367-196d2d0762b5@group-7AB6CB8E1167:LeaderElection105] INFO  impl.RaftServerImpl (ServerState.java:setLeader(253)) - d0142895-3600-4281-b367-196d2d0762b5@group-7AB6CB8E1167: change Leader from null to d0142895-3600-4281-b367-196d2d0762b5 at term 1 for becomeLeader, leader elected after 5146ms
2019-09-25 11:50:17,560 [d0142895-3600-4281-b367-196d2d0762b5@group-7AB6CB8E1167:LeaderElection105] INFO  server.RaftServerConfigKeys (ConfUtils.java:logGet(43)) - raft.server.staging.catchup.gap = 1000 (default)
2019-09-25 11:50:17,561 [d0142895-3600-4281-b367-196d2d0762b5@group-7AB6CB8E1167:LeaderElection105] INFO  server.RaftServerConfigKeys (ConfUtils.java:logGet(43)) - raft.server.rpc.sleep.time = 25ms (default)
2019-09-25 11:50:17,561 [d0142895-3600-4281-b367-196d2d0762b5@group-7AB6CB8E1167:LeaderElection105] INFO  server.RaftServerConfigKeys (ConfUtils.java:logGet(43)) - raft.server.write.element-limit = 4096 (default)
2019-09-25 11:50:17,561 [d0142895-3600-4281-b367-196d2d0762b5@group-7AB6CB8E1167:LeaderElection105] INFO  server.RaftServerConfigKeys (ConfUtils.java:logGet(43)) - raft.server.watch.timeout = 10s (default)
2019-09-25 11:50:17,561 [d0142895-3600-4281-b367-196d2d0762b5@group-7AB6CB8E1167:LeaderElection105] INFO  server.RaftServerConfigKeys (ConfUtils.java:logGet(43)) - raft.server.watch.timeout.denomination = 1s (default)
2019-09-25 11:50:17,561 [d0142895-3600-4281-b367-196d2d0762b5@group-7AB6CB8E1167:LeaderElection105] INFO  server.RaftServerConfigKeys (ConfUtils.java:logGet(43)) - raft.server.watch.element-limit = 65536 (default)
2019-09-25 11:50:17,563 [d0142895-3600-4281-b367-196d2d0762b5@group-7AB6CB8E1167:LeaderElection105] INFO  impl.RoleInfo (RoleInfo.java:updateAndGet(143)) - d0142895-3600-4281-b367-196d2d0762b5: start LeaderState
2019-09-25 11:50:17,564 [d0142895-3600-4281-b367-196d2d0762b5@group-7AB6CB8E1167:LeaderElection105] INFO  segmented.SegmentedRaftLogWorker (SegmentedRaftLogWorker.java:startLogSegment(380)) - d0142895-3600-4281-b367-196d2d0762b5@group-7AB6CB8E1167-SegmentedRaftLogWorker: Starting segment from index:0
2019-09-25 11:50:17,564 [d0142895-3600-4281-b367-196d2d0762b5@group-7AB6CB8E1167:LeaderElection105] INFO  impl.RaftServerImpl (ServerState.java:setRaftConf(354)) - d0142895-3600-4281-b367-196d2d0762b5@group-7AB6CB8E1167: set configuration 0: [d0142895-3600-4281-b367-196d2d0762b5:192.168.30.6:37045], old=null at 0
2019-09-25 11:50:17,567 [Thread-1551] INFO  impl.FollowerState (FollowerState.java:run(106)) - d0142895-3600-4281-b367-196d2d0762b5:group-E1048458978F changes to CANDIDATE, lastRpcTime:5191, electionTimeout:5191ms
2019-09-25 11:50:17,567 [Thread-1551] INFO  impl.RoleInfo (RoleInfo.java:shutdownFollowerState(121)) - d0142895-3600-4281-b367-196d2d0762b5: shutdown FollowerState
2019-09-25 11:50:17,567 [Thread-1551] INFO  impl.RaftServerImpl (RaftServerImpl.java:setRole(174)) - d0142895-3600-4281-b367-196d2d0762b5@group-E1048458978F: changes role from  FOLLOWER to CANDIDATE at term 0 for changeToCandidate
2019-09-25 11:50:17,567 [Thread-1551] INFO  impl.RoleInfo (RoleInfo.java:updateAndGet(143)) - d0142895-3600-4281-b367-196d2d0762b5: start LeaderElection
2019-09-25 11:50:17,605 [d0142895-3600-4281-b367-196d2d0762b5@group-7AB6CB8E1167-SegmentedRaftLogWorker] INFO  segmented.SegmentedRaftLogWorker (SegmentedRaftLogWorker.java:execute(569)) - d0142895-3600-4281-b367-196d2d0762b5@group-7AB6CB8E1167-SegmentedRaftLogWorker: created new log segment /workdir/hadoop-ozone/ozonefs/target/test-dir/MiniOzoneClusterImpl-e6fda8ce-95ce-407e-bce9-2f736e2fb72c/datanode-1/data/ratis/2961e74f-6f40-485a-9ba5-7ab6cb8e1167/current/log_inprogress_0
2019-09-25 11:50:17,606 [d0142895-3600-4281-b367-196d2d0762b5@group-E1048458978F:LeaderElection106] INFO  impl.LeaderElection (LeaderElection.java:askForVotes(182)) - d0142895-3600-4281-b367-196d2d0762b5@group-E1048458978F:LeaderElection106: begin an election at term 1 for -1: [d0142895-3600-4281-b367-196d2d0762b5:192.168.30.6:37045], old=null
2019-09-25 11:50:17,606 [d0142895-3600-4281-b367-196d2d0762b5@group-E1048458978F:LeaderElection106] INFO  impl.RoleInfo (RoleInfo.java:shutdownLeaderElection(134)) - d0142895-3600-4281-b367-196d2d0762b5: shutdown LeaderElection
2019-09-25 11:50:17,606 [d0142895-3600-4281-b367-196d2d0762b5@group-E1048458978F:LeaderElection106] INFO  impl.RaftServerImpl (RaftServerImpl.java:setRole(174)) - d0142895-3600-4281-b367-196d2d0762b5@group-E1048458978F: changes role from CANDIDATE to LEADER at term 1 for changeToLeader
2019-09-25 11:50:17,606 [d0142895-3600-4281-b367-196d2d0762b5@group-E1048458978F:LeaderElection106] INFO  impl.RaftServerImpl (ServerState.java:setLeader(253)) - d0142895-3600-4281-b367-196d2d0762b5@group-E1048458978F: change Leader from null to d0142895-3600-4281-b367-196d2d0762b5 at term 1 for becomeLeader, leader elected after 5235ms
2019-09-25 11:50:17,606 [d0142895-3600-4281-b367-196d2d0762b5@group-E1048458978F:LeaderElection106] INFO  server.RaftServerConfigKeys (ConfUtils.java:logGet(43)) - raft.server.staging.catchup.gap = 1000 (default)
2019-09-25 11:50:17,606 [d0142895-3600-4281-b367-196d2d0762b5@group-E1048458978F:LeaderElection106] INFO  server.RaftServerConfigKeys (ConfUtils.java:logGet(43)) - raft.server.rpc.sleep.time = 25ms (default)
2019-09-25 11:50:17,607 [d0142895-3600-4281-b367-196d2d0762b5@group-E1048458978F:LeaderElection106] INFO  server.RaftServerConfigKeys (ConfUtils.java:logGet(43)) - raft.server.write.element-limit = 4096 (default)
2019-09-25 11:50:17,607 [d0142895-3600-4281-b367-196d2d0762b5@group-E1048458978F:LeaderElection106] INFO  server.RaftServerConfigKeys (ConfUtils.java:logGet(43)) - raft.server.watch.timeout = 10s (default)
2019-09-25 11:50:17,607 [d0142895-3600-4281-b367-196d2d0762b5@group-E1048458978F:LeaderElection106] INFO  server.RaftServerConfigKeys (ConfUtils.java:logGet(43)) - raft.server.watch.timeout.denomination = 1s (default)
2019-09-25 11:50:17,607 [d0142895-3600-4281-b367-196d2d0762b5@group-E1048458978F:LeaderElection106] INFO  server.RaftServerConfigKeys (ConfUtils.java:logGet(43)) - raft.server.watch.element-limit = 65536 (default)
2019-09-25 11:50:17,609 [d0142895-3600-4281-b367-196d2d0762b5@group-E1048458978F:LeaderElection106] INFO  impl.RoleInfo (RoleInfo.java:updateAndGet(143)) - d0142895-3600-4281-b367-196d2d0762b5: start LeaderState
2019-09-25 11:50:17,609 [d0142895-3600-4281-b367-196d2d0762b5@group-E1048458978F:LeaderElection106] INFO  segmented.SegmentedRaftLogWorker (SegmentedRaftLogWorker.java:startLogSegment(380)) - d0142895-3600-4281-b367-196d2d0762b5@group-E1048458978F-SegmentedRaftLogWorker: Starting segment from index:0
2019-09-25 11:50:17,610 [d0142895-3600-4281-b367-196d2d0762b5@group-E1048458978F:LeaderElection106] INFO  impl.RaftServerImpl (ServerState.java:setRaftConf(354)) - d0142895-3600-4281-b367-196d2d0762b5@group-E1048458978F: set configuration 0: [d0142895-3600-4281-b367-196d2d0762b5:192.168.30.6:37045], old=null at 0
2019-09-25 11:50:17,657 [d0142895-3600-4281-b367-196d2d0762b5@group-E1048458978F-SegmentedRaftLogWorker] INFO  segmented.SegmentedRaftLogWorker (SegmentedRaftLogWorker.java:execute(569)) - d0142895-3600-4281-b367-196d2d0762b5@group-E1048458978F-SegmentedRaftLogWorker: created new log segment /workdir/hadoop-ozone/ozonefs/target/test-dir/MiniOzoneClusterImpl-e6fda8ce-95ce-407e-bce9-2f736e2fb72c/datanode-1/data/ratis/eb6786a4-839e-4a4c-adc5-e1048458978f/current/log_inprogress_0
2019-09-25 11:50:17,700 [Thread-1560] INFO  impl.FollowerState (FollowerState.java:run(106)) - e37a6a86-ba01-4b78-8a19-1770b3bcf624:group-40D8BC7BBC68 changes to CANDIDATE, lastRpcTime:5200, electionTimeout:5200ms
2019-09-25 11:50:17,700 [Thread-1560] INFO  impl.RoleInfo (RoleInfo.java:shutdownFollowerState(121)) - e37a6a86-ba01-4b78-8a19-1770b3bcf624: shutdown FollowerState
2019-09-25 11:50:17,700 [Thread-1560] INFO  impl.RaftServerImpl (RaftServerImpl.java:setRole(174)) - e37a6a86-ba01-4b78-8a19-1770b3bcf624@group-40D8BC7BBC68: changes role from  FOLLOWER to CANDIDATE at term 0 for changeToCandidate
2019-09-25 11:50:17,700 [Thread-1560] INFO  impl.RoleInfo (RoleInfo.java:updateAndGet(143)) - e37a6a86-ba01-4b78-8a19-1770b3bcf624: start LeaderElection
2019-09-25 11:50:17,708 [Thread-1563] INFO  impl.FollowerState (FollowerState.java:run(106)) - e37a6a86-ba01-4b78-8a19-1770b3bcf624:group-F48364A4F7D1 changes to CANDIDATE, lastRpcTime:5176, electionTimeout:5176ms
2019-09-25 11:50:17,708 [Thread-1563] INFO  impl.RoleInfo (RoleInfo.java:shutdownFollowerState(121)) - e37a6a86-ba01-4b78-8a19-1770b3bcf624: shutdown FollowerState
2019-09-25 11:50:17,708 [Thread-1563] INFO  impl.RaftServerImpl (RaftServerImpl.java:setRole(174)) - e37a6a86-ba01-4b78-8a19-1770b3bcf624@group-F48364A4F7D1: changes role from  FOLLOWER to CANDIDATE at term 0 for changeToCandidate
2019-09-25 11:50:17,708 [Thread-1563] INFO  impl.RoleInfo (RoleInfo.java:updateAndGet(143)) - e37a6a86-ba01-4b78-8a19-1770b3bcf624: start LeaderElection
2019-09-25 11:50:17,717 [e37a6a86-ba01-4b78-8a19-1770b3bcf624@group-40D8BC7BBC68:LeaderElection107] INFO  impl.LeaderElection (LeaderElection.java:askForVotes(182)) - e37a6a86-ba01-4b78-8a19-1770b3bcf624@group-40D8BC7BBC68:LeaderElection107: begin an election at term 1 for -1: [e37a6a86-ba01-4b78-8a19-1770b3bcf624:192.168.30.6:33872], old=null
2019-09-25 11:50:17,717 [e37a6a86-ba01-4b78-8a19-1770b3bcf624@group-F48364A4F7D1:LeaderElection108] INFO  impl.LeaderElection (LeaderElection.java:askForVotes(182)) - e37a6a86-ba01-4b78-8a19-1770b3bcf624@group-F48364A4F7D1:LeaderElection108: begin an election at term 1 for -1: [e37a6a86-ba01-4b78-8a19-1770b3bcf624:192.168.30.6:33872], old=null
2019-09-25 11:50:17,717 [e37a6a86-ba01-4b78-8a19-1770b3bcf624@group-40D8BC7BBC68:LeaderElection107] INFO  impl.RoleInfo (RoleInfo.java:shutdownLeaderElection(134)) - e37a6a86-ba01-4b78-8a19-1770b3bcf624: shutdown LeaderElection
2019-09-25 11:50:17,717 [e37a6a86-ba01-4b78-8a19-1770b3bcf624@group-F48364A4F7D1:LeaderElection108] INFO  impl.RoleInfo (RoleInfo.java:shutdownLeaderElection(134)) - e37a6a86-ba01-4b78-8a19-1770b3bcf624: shutdown LeaderElection
2019-09-25 11:50:17,717 [e37a6a86-ba01-4b78-8a19-1770b3bcf624@group-40D8BC7BBC68:LeaderElection107] INFO  impl.RaftServerImpl (RaftServerImpl.java:setRole(174)) - e37a6a86-ba01-4b78-8a19-1770b3bcf624@group-40D8BC7BBC68: changes role from CANDIDATE to LEADER at term 1 for changeToLeader
2019-09-25 11:50:17,718 [e37a6a86-ba01-4b78-8a19-1770b3bcf624@group-F48364A4F7D1:LeaderElection108] INFO  impl.RaftServerImpl (RaftServerImpl.java:setRole(174)) - e37a6a86-ba01-4b78-8a19-1770b3bcf624@group-F48364A4F7D1: changes role from CANDIDATE to LEADER at term 1 for changeToLeader
2019-09-25 11:50:17,718 [e37a6a86-ba01-4b78-8a19-1770b3bcf624@group-40D8BC7BBC68:LeaderElection107] INFO  impl.RaftServerImpl (ServerState.java:setLeader(253)) - e37a6a86-ba01-4b78-8a19-1770b3bcf624@group-40D8BC7BBC68: change Leader from null to e37a6a86-ba01-4b78-8a19-1770b3bcf624 at term 1 for becomeLeader, leader elected after 5222ms
2019-09-25 11:50:17,718 [e37a6a86-ba01-4b78-8a19-1770b3bcf624@group-F48364A4F7D1:LeaderElection108] INFO  impl.RaftServerImpl (ServerState.java:setLeader(253)) - e37a6a86-ba01-4b78-8a19-1770b3bcf624@group-F48364A4F7D1: change Leader from null to e37a6a86-ba01-4b78-8a19-1770b3bcf624 at term 1 for becomeLeader, leader elected after 5190ms
2019-09-25 11:50:17,718 [e37a6a86-ba01-4b78-8a19-1770b3bcf624@group-40D8BC7BBC68:LeaderElection107] INFO  server.RaftServerConfigKeys (ConfUtils.java:logGet(43)) - raft.server.staging.catchup.gap = 1000 (default)
2019-09-25 11:50:17,718 [e37a6a86-ba01-4b78-8a19-1770b3bcf624@group-F48364A4F7D1:LeaderElection108] INFO  server.RaftServerConfigKeys (ConfUtils.java:logGet(43)) - raft.server.staging.catchup.gap = 1000 (default)
2019-09-25 11:50:17,718 [e37a6a86-ba01-4b78-8a19-1770b3bcf624@group-40D8BC7BBC68:LeaderElection107] INFO  server.RaftServerConfigKeys (ConfUtils.java:logGet(43)) - raft.server.rpc.sleep.time = 25ms (default)
2019-09-25 11:50:17,718 [e37a6a86-ba01-4b78-8a19-1770b3bcf624@group-F48364A4F7D1:LeaderElection108] INFO  server.RaftServerConfigKeys (ConfUtils.java:logGet(43)) - raft.server.rpc.sleep.time = 25ms (default)
2019-09-25 11:50:17,719 [e37a6a86-ba01-4b78-8a19-1770b3bcf624@group-40D8BC7BBC68:LeaderElection107] INFO  server.RaftServerConfigKeys (ConfUtils.java:logGet(43)) - raft.server.write.element-limit = 4096 (default)
2019-09-25 11:50:17,719 [e37a6a86-ba01-4b78-8a19-1770b3bcf624@group-F48364A4F7D1:LeaderElection108] INFO  server.RaftServerConfigKeys (ConfUtils.java:logGet(43)) - raft.server.write.element-limit = 4096 (default)
2019-09-25 11:50:17,719 [e37a6a86-ba01-4b78-8a19-1770b3bcf624@group-40D8BC7BBC68:LeaderElection107] INFO  server.RaftServerConfigKeys (ConfUtils.java:logGet(43)) - raft.server.watch.timeout = 10s (default)
2019-09-25 11:50:17,719 [e37a6a86-ba01-4b78-8a19-1770b3bcf624@group-F48364A4F7D1:LeaderElection108] INFO  server.RaftServerConfigKeys (ConfUtils.java:logGet(43)) - raft.server.watch.timeout = 10s (default)
2019-09-25 11:50:17,719 [e37a6a86-ba01-4b78-8a19-1770b3bcf624@group-40D8BC7BBC68:LeaderElection107] INFO  server.RaftServerConfigKeys (ConfUtils.java:logGet(43)) - raft.server.watch.timeout.denomination = 1s (default)
2019-09-25 11:50:17,719 [e37a6a86-ba01-4b78-8a19-1770b3bcf624@group-F48364A4F7D1:LeaderElection108] INFO  server.RaftServerConfigKeys (ConfUtils.java:logGet(43)) - raft.server.watch.timeout.denomination = 1s (default)
2019-09-25 11:50:17,719 [e37a6a86-ba01-4b78-8a19-1770b3bcf624@group-40D8BC7BBC68:LeaderElection107] INFO  server.RaftServerConfigKeys (ConfUtils.java:logGet(43)) - raft.server.watch.element-limit = 65536 (default)
2019-09-25 11:50:17,720 [e37a6a86-ba01-4b78-8a19-1770b3bcf624@group-F48364A4F7D1:LeaderElection108] INFO  server.RaftServerConfigKeys (ConfUtils.java:logGet(43)) - raft.server.watch.element-limit = 65536 (default)
2019-09-25 11:50:17,722 [e37a6a86-ba01-4b78-8a19-1770b3bcf624@group-40D8BC7BBC68:LeaderElection107] INFO  impl.RoleInfo (RoleInfo.java:updateAndGet(143)) - e37a6a86-ba01-4b78-8a19-1770b3bcf624: start LeaderState
2019-09-25 11:50:17,723 [e37a6a86-ba01-4b78-8a19-1770b3bcf624@group-40D8BC7BBC68:LeaderElection107] INFO  segmented.SegmentedRaftLogWorker (SegmentedRaftLogWorker.java:startLogSegment(380)) - e37a6a86-ba01-4b78-8a19-1770b3bcf624@group-40D8BC7BBC68-SegmentedRaftLogWorker: Starting segment from index:0
2019-09-25 11:50:17,723 [e37a6a86-ba01-4b78-8a19-1770b3bcf624@group-F48364A4F7D1:LeaderElection108] INFO  impl.RoleInfo (RoleInfo.java:updateAndGet(143)) - e37a6a86-ba01-4b78-8a19-1770b3bcf624: start LeaderState
2019-09-25 11:50:17,723 [e37a6a86-ba01-4b78-8a19-1770b3bcf624@group-F48364A4F7D1:LeaderElection108] INFO  segmented.SegmentedRaftLogWorker (SegmentedRaftLogWorker.java:startLogSegment(380)) - e37a6a86-ba01-4b78-8a19-1770b3bcf624@group-F48364A4F7D1-SegmentedRaftLogWorker: Starting segment from index:0
2019-09-25 11:50:17,723 [e37a6a86-ba01-4b78-8a19-1770b3bcf624@group-40D8BC7BBC68:LeaderElection107] INFO  impl.RaftServerImpl (ServerState.java:setRaftConf(354)) - e37a6a86-ba01-4b78-8a19-1770b3bcf624@group-40D8BC7BBC68: set configuration 0: [e37a6a86-ba01-4b78-8a19-1770b3bcf624:192.168.30.6:33872], old=null at 0
2019-09-25 11:50:17,724 [e37a6a86-ba01-4b78-8a19-1770b3bcf624@group-F48364A4F7D1:LeaderElection108] INFO  impl.RaftServerImpl (ServerState.java:setRaftConf(354)) - e37a6a86-ba01-4b78-8a19-1770b3bcf624@group-F48364A4F7D1: set configuration 0: [e37a6a86-ba01-4b78-8a19-1770b3bcf624:192.168.30.6:33872], old=null at 0
2019-09-25 11:50:17,773 [e37a6a86-ba01-4b78-8a19-1770b3bcf624@group-F48364A4F7D1-SegmentedRaftLogWorker] INFO  segmented.SegmentedRaftLogWorker (SegmentedRaftLogWorker.java:execute(569)) - e37a6a86-ba01-4b78-8a19-1770b3bcf624@group-F48364A4F7D1-SegmentedRaftLogWorker: created new log segment /workdir/hadoop-ozone/ozonefs/target/test-dir/MiniOzoneClusterImpl-e6fda8ce-95ce-407e-bce9-2f736e2fb72c/datanode-2/data/ratis/c0097fc4-0ebc-4caf-9e09-f48364a4f7d1/current/log_inprogress_0
2019-09-25 11:50:17,773 [e37a6a86-ba01-4b78-8a19-1770b3bcf624@group-40D8BC7BBC68-SegmentedRaftLogWorker] INFO  segmented.SegmentedRaftLogWorker (SegmentedRaftLogWorker.java:execute(569)) - e37a6a86-ba01-4b78-8a19-1770b3bcf624@group-40D8BC7BBC68-SegmentedRaftLogWorker: created new log segment /workdir/hadoop-ozone/ozonefs/target/test-dir/MiniOzoneClusterImpl-e6fda8ce-95ce-407e-bce9-2f736e2fb72c/datanode-2/data/ratis/a9865edb-456a-4eed-ae4c-40d8bc7bbc68/current/log_inprogress_0
2019-09-25 11:50:17,938 [ForkJoinPool.commonPool-worker-0] INFO  ozoneimpl.OzoneContainer (OzoneContainer.java:stop(231)) - Attempting to stop container services.
2019-09-25 11:50:17,938 [main] INFO  ozoneimpl.OzoneContainer (OzoneContainer.java:stop(231)) - Attempting to stop container services.
2019-09-25 11:50:17,938 [ForkJoinPool.commonPool-worker-0] INFO  impl.RaftServerProxy (RaftServerProxy.java:lambda$close$4(314)) - 0b04bb08-988e-4c11-bb19-b8e35e208749: close
2019-09-25 11:50:17,939 [main] INFO  impl.RaftServerProxy (RaftServerProxy.java:lambda$close$4(314)) - d0142895-3600-4281-b367-196d2d0762b5: close
2019-09-25 11:50:17,939 [ForkJoinPool.commonPool-worker-0] INFO  impl.RaftServerImpl (RaftServerImpl.java:lambda$shutdown$3(251)) - 0b04bb08-988e-4c11-bb19-b8e35e208749@group-1738FB13E683: shutdown
2019-09-25 11:50:17,939 [main] INFO  impl.RaftServerImpl (RaftServerImpl.java:lambda$shutdown$3(251)) - d0142895-3600-4281-b367-196d2d0762b5@group-E1048458978F: shutdown
2019-09-25 11:50:17,939 [ForkJoinPool.commonPool-worker-0] INFO  util.JmxRegister (JmxRegister.java:unregister(73)) - Successfully un-registered JMX Bean with object name Ratis:service=RaftServer,group=group-1738FB13E683,id=0b04bb08-988e-4c11-bb19-b8e35e208749
2019-09-25 11:50:17,940 [main] INFO  util.JmxRegister (JmxRegister.java:unregister(73)) - Successfully un-registered JMX Bean with object name Ratis:service=RaftServer,group=group-E1048458978F,id=d0142895-3600-4281-b367-196d2d0762b5
2019-09-25 11:50:17,940 [ForkJoinPool.commonPool-worker-0] INFO  impl.RoleInfo (RoleInfo.java:shutdownLeaderState(104)) - 0b04bb08-988e-4c11-bb19-b8e35e208749: shutdown LeaderState
2019-09-25 11:50:17,940 [main] INFO  impl.RoleInfo (RoleInfo.java:shutdownLeaderState(104)) - d0142895-3600-4281-b367-196d2d0762b5: shutdown LeaderState
2019-09-25 11:50:17,941 [ForkJoinPool.commonPool-worker-0] INFO  impl.PendingRequests (PendingRequests.java:sendNotLeaderResponses(202)) - 0b04bb08-988e-4c11-bb19-b8e35e208749-PendingRequests: sendNotLeaderResponses
2019-09-25 11:50:17,941 [main] INFO  impl.PendingRequests (PendingRequests.java:sendNotLeaderResponses(202)) - d0142895-3600-4281-b367-196d2d0762b5-PendingRequests: sendNotLeaderResponses
2019-09-25 11:50:17,941 [ForkJoinPool.commonPool-worker-0] INFO  impl.StateMachineUpdater (StateMachineUpdater.java:stopAndJoin(125)) - 0b04bb08-988e-4c11-bb19-b8e35e208749@group-1738FB13E683-StateMachineUpdater: set stopIndex = 0
2019-09-25 11:50:17,942 [main] INFO  impl.StateMachineUpdater (StateMachineUpdater.java:stopAndJoin(125)) - d0142895-3600-4281-b367-196d2d0762b5@group-E1048458978F-StateMachineUpdater: set stopIndex = 0
2019-09-25 11:50:17,942 [main] INFO  impl.RaftServerImpl (ServerState.java:close(385)) - d0142895-3600-4281-b367-196d2d0762b5@group-E1048458978F: closes. applyIndex: 0
2019-09-25 11:50:17,942 [ForkJoinPool.commonPool-worker-0] INFO  impl.RaftServerImpl (ServerState.java:close(385)) - 0b04bb08-988e-4c11-bb19-b8e35e208749@group-1738FB13E683: closes. applyIndex: 0
2019-09-25 11:50:17,943 [d0142895-3600-4281-b367-196d2d0762b5@group-E1048458978F-SegmentedRaftLogWorker] INFO  segmented.SegmentedRaftLogWorker (SegmentedRaftLogWorker.java:run(313)) - d0142895-3600-4281-b367-196d2d0762b5@group-E1048458978F-SegmentedRaftLogWorker was interrupted, exiting. There are 0 tasks remaining in the queue.
2019-09-25 11:50:17,943 [0b04bb08-988e-4c11-bb19-b8e35e208749@group-1738FB13E683-SegmentedRaftLogWorker] INFO  segmented.SegmentedRaftLogWorker (SegmentedRaftLogWorker.java:run(313)) - 0b04bb08-988e-4c11-bb19-b8e35e208749@group-1738FB13E683-SegmentedRaftLogWorker was interrupted, exiting. There are 0 tasks remaining in the queue.
2019-09-25 11:50:17,943 [main] INFO  segmented.SegmentedRaftLogWorker (SegmentedRaftLogWorker.java:close(228)) - d0142895-3600-4281-b367-196d2d0762b5@group-E1048458978F-SegmentedRaftLogWorker close()
2019-09-25 11:50:17,943 [ForkJoinPool.commonPool-worker-0] INFO  segmented.SegmentedRaftLogWorker (SegmentedRaftLogWorker.java:close(228)) - 0b04bb08-988e-4c11-bb19-b8e35e208749@group-1738FB13E683-SegmentedRaftLogWorker close()
2019-09-25 11:50:17,946 [main] INFO  impl.RaftServerImpl (RaftServerImpl.java:lambda$shutdown$3(251)) - d0142895-3600-4281-b367-196d2d0762b5@group-8835B8DF4DD0: shutdown
2019-09-25 11:50:17,948 [ForkJoinPool.commonPool-worker-0] INFO  impl.RaftServerImpl (RaftServerImpl.java:lambda$shutdown$3(251)) - 0b04bb08-988e-4c11-bb19-b8e35e208749@group-7489705671C6: shutdown
2019-09-25 11:50:17,949 [main] INFO  util.JmxRegister (JmxRegister.java:unregister(73)) - Successfully un-registered JMX Bean with object name Ratis:service=RaftServer,group=group-8835B8DF4DD0,id=d0142895-3600-4281-b367-196d2d0762b5
2019-09-25 11:50:17,949 [main] INFO  impl.RoleInfo (RoleInfo.java:shutdownLeaderState(104)) - d0142895-3600-4281-b367-196d2d0762b5: shutdown LeaderState
2019-09-25 11:50:17,949 [ForkJoinPool.commonPool-worker-0] INFO  util.JmxRegister (JmxRegister.java:unregister(73)) - Successfully un-registered JMX Bean with object name Ratis:service=RaftServer,group=group-7489705671C6,id=0b04bb08-988e-4c11-bb19-b8e35e208749
2019-09-25 11:50:17,950 [main] INFO  impl.PendingRequests (PendingRequests.java:sendNotLeaderResponses(202)) - d0142895-3600-4281-b367-196d2d0762b5-PendingRequests: sendNotLeaderResponses
2019-09-25 11:50:17,950 [ForkJoinPool.commonPool-worker-0] INFO  impl.RoleInfo (RoleInfo.java:shutdownLeaderState(104)) - 0b04bb08-988e-4c11-bb19-b8e35e208749: shutdown LeaderState
2019-09-25 11:50:17,951 [main] INFO  impl.StateMachineUpdater (StateMachineUpdater.java:stopAndJoin(125)) - d0142895-3600-4281-b367-196d2d0762b5@group-8835B8DF4DD0-StateMachineUpdater: set stopIndex = 0
2019-09-25 11:50:17,951 [ForkJoinPool.commonPool-worker-0] INFO  impl.PendingRequests (PendingRequests.java:sendNotLeaderResponses(202)) - 0b04bb08-988e-4c11-bb19-b8e35e208749-PendingRequests: sendNotLeaderResponses
2019-09-25 11:50:17,951 [main] INFO  impl.RaftServerImpl (ServerState.java:close(385)) - d0142895-3600-4281-b367-196d2d0762b5@group-8835B8DF4DD0: closes. applyIndex: 0
2019-09-25 11:50:17,951 [ForkJoinPool.commonPool-worker-0] INFO  impl.StateMachineUpdater (StateMachineUpdater.java:stopAndJoin(125)) - 0b04bb08-988e-4c11-bb19-b8e35e208749@group-7489705671C6-StateMachineUpdater: set stopIndex = 0
2019-09-25 11:50:17,952 [d0142895-3600-4281-b367-196d2d0762b5@group-8835B8DF4DD0-SegmentedRaftLogWorker] INFO  segmented.SegmentedRaftLogWorker (SegmentedRaftLogWorker.java:run(313)) - d0142895-3600-4281-b367-196d2d0762b5@group-8835B8DF4DD0-SegmentedRaftLogWorker was interrupted, exiting. There are 0 tasks remaining in the queue.
2019-09-25 11:50:17,952 [ForkJoinPool.commonPool-worker-0] INFO  impl.RaftServerImpl (ServerState.java:close(385)) - 0b04bb08-988e-4c11-bb19-b8e35e208749@group-7489705671C6: closes. applyIndex: 0
2019-09-25 11:50:17,952 [main] INFO  segmented.SegmentedRaftLogWorker (SegmentedRaftLogWorker.java:close(228)) - d0142895-3600-4281-b367-196d2d0762b5@group-8835B8DF4DD0-SegmentedRaftLogWorker close()
2019-09-25 11:50:17,953 [0b04bb08-988e-4c11-bb19-b8e35e208749@group-7489705671C6-SegmentedRaftLogWorker] INFO  segmented.SegmentedRaftLogWorker (SegmentedRaftLogWorker.java:run(313)) - 0b04bb08-988e-4c11-bb19-b8e35e208749@group-7489705671C6-SegmentedRaftLogWorker was interrupted, exiting. There are 0 tasks remaining in the queue.
2019-09-25 11:50:17,955 [main] INFO  impl.RaftServerImpl (RaftServerImpl.java:lambda$shutdown$3(251)) - d0142895-3600-4281-b367-196d2d0762b5@group-EE70857FB4E8: shutdown
2019-09-25 11:50:17,955 [ForkJoinPool.commonPool-worker-0] INFO  segmented.SegmentedRaftLogWorker (SegmentedRaftLogWorker.java:close(228)) - 0b04bb08-988e-4c11-bb19-b8e35e208749@group-7489705671C6-SegmentedRaftLogWorker close()
2019-09-25 11:50:17,955 [main] INFO  util.JmxRegister (JmxRegister.java:unregister(73)) - Successfully un-registered JMX Bean with object name Ratis:service=RaftServer,group=group-EE70857FB4E8,id=d0142895-3600-4281-b367-196d2d0762b5
2019-09-25 11:50:17,957 [ForkJoinPool.commonPool-worker-0] INFO  impl.RaftServerImpl (RaftServerImpl.java:lambda$shutdown$3(251)) - 0b04bb08-988e-4c11-bb19-b8e35e208749@group-ED6D76D9AC24: shutdown
2019-09-25 11:50:17,958 [main] INFO  impl.RoleInfo (RoleInfo.java:shutdownLeaderState(104)) - d0142895-3600-4281-b367-196d2d0762b5: shutdown LeaderState
2019-09-25 11:50:17,958 [ForkJoinPool.commonPool-worker-0] INFO  util.JmxRegister (JmxRegister.java:unregister(73)) - Successfully un-registered JMX Bean with object name Ratis:service=RaftServer,group=group-ED6D76D9AC24,id=0b04bb08-988e-4c11-bb19-b8e35e208749
2019-09-25 11:50:17,958 [main] INFO  impl.PendingRequests (PendingRequests.java:sendNotLeaderResponses(202)) - d0142895-3600-4281-b367-196d2d0762b5-PendingRequests: sendNotLeaderResponses
2019-09-25 11:50:17,959 [ForkJoinPool.commonPool-worker-0] INFO  impl.RoleInfo (RoleInfo.java:shutdownLeaderState(104)) - 0b04bb08-988e-4c11-bb19-b8e35e208749: shutdown LeaderState
2019-09-25 11:50:17,959 [main] INFO  impl.StateMachineUpdater (StateMachineUpdater.java:stopAndJoin(125)) - d0142895-3600-4281-b367-196d2d0762b5@group-EE70857FB4E8-StateMachineUpdater: set stopIndex = 0
2019-09-25 11:50:17,959 [ForkJoinPool.commonPool-worker-0] INFO  impl.PendingRequests (PendingRequests.java:sendNotLeaderResponses(202)) - 0b04bb08-988e-4c11-bb19-b8e35e208749-PendingRequests: sendNotLeaderResponses
2019-09-25 11:50:17,960 [main] INFO  impl.RaftServerImpl (ServerState.java:close(385)) - d0142895-3600-4281-b367-196d2d0762b5@group-EE70857FB4E8: closes. applyIndex: 0
2019-09-25 11:50:17,960 [ForkJoinPool.commonPool-worker-0] INFO  impl.StateMachineUpdater (StateMachineUpdater.java:stopAndJoin(125)) - 0b04bb08-988e-4c11-bb19-b8e35e208749@group-ED6D76D9AC24-StateMachineUpdater: set stopIndex = 0
2019-09-25 11:50:17,960 [d0142895-3600-4281-b367-196d2d0762b5@group-EE70857FB4E8-SegmentedRaftLogWorker] INFO  segmented.SegmentedRaftLogWorker (SegmentedRaftLogWorker.java:run(313)) - d0142895-3600-4281-b367-196d2d0762b5@group-EE70857FB4E8-SegmentedRaftLogWorker was interrupted, exiting. There are 0 tasks remaining in the queue.
2019-09-25 11:50:17,960 [ForkJoinPool.commonPool-worker-0] INFO  impl.RaftServerImpl (ServerState.java:close(385)) - 0b04bb08-988e-4c11-bb19-b8e35e208749@group-ED6D76D9AC24: closes. applyIndex: 0
2019-09-25 11:50:17,961 [main] INFO  segmented.SegmentedRaftLogWorker (SegmentedRaftLogWorker.java:close(228)) - d0142895-3600-4281-b367-196d2d0762b5@group-EE70857FB4E8-SegmentedRaftLogWorker close()
2019-09-25 11:50:17,961 [0b04bb08-988e-4c11-bb19-b8e35e208749@group-ED6D76D9AC24-SegmentedRaftLogWorker] INFO  segmented.SegmentedRaftLogWorker (SegmentedRaftLogWorker.java:run(313)) - 0b04bb08-988e-4c11-bb19-b8e35e208749@group-ED6D76D9AC24-SegmentedRaftLogWorker was interrupted, exiting. There are 0 tasks remaining in the queue.
2019-09-25 11:50:17,963 [main] INFO  impl.RaftServerImpl (RaftServerImpl.java:lambda$shutdown$3(251)) - d0142895-3600-4281-b367-196d2d0762b5@group-407616677B7D: shutdown
2019-09-25 11:50:17,963 [ForkJoinPool.commonPool-worker-0] INFO  segmented.SegmentedRaftLogWorker (SegmentedRaftLogWorker.java:close(228)) - 0b04bb08-988e-4c11-bb19-b8e35e208749@group-ED6D76D9AC24-SegmentedRaftLogWorker close()
2019-09-25 11:50:17,963 [main] INFO  util.JmxRegister (JmxRegister.java:unregister(73)) - Successfully un-registered JMX Bean with object name Ratis:service=RaftServer,group=group-407616677B7D,id=d0142895-3600-4281-b367-196d2d0762b5
2019-09-25 11:50:17,965 [ForkJoinPool.commonPool-worker-0] INFO  impl.RaftServerImpl (RaftServerImpl.java:lambda$shutdown$3(251)) - 0b04bb08-988e-4c11-bb19-b8e35e208749@group-11A6A6391572: shutdown
2019-09-25 11:50:17,966 [main] INFO  impl.RoleInfo (RoleInfo.java:shutdownLeaderState(104)) - d0142895-3600-4281-b367-196d2d0762b5: shutdown LeaderState
2019-09-25 11:50:17,966 [ForkJoinPool.commonPool-worker-0] INFO  util.JmxRegister (JmxRegister.java:unregister(73)) - Successfully un-registered JMX Bean with object name Ratis:service=RaftServer,group=group-11A6A6391572,id=0b04bb08-988e-4c11-bb19-b8e35e208749
2019-09-25 11:50:17,966 [main] INFO  impl.PendingRequests (PendingRequests.java:sendNotLeaderResponses(202)) - d0142895-3600-4281-b367-196d2d0762b5-PendingRequests: sendNotLeaderResponses
2019-09-25 11:50:17,967 [ForkJoinPool.commonPool-worker-0] INFO  impl.RoleInfo (RoleInfo.java:shutdownLeaderState(104)) - 0b04bb08-988e-4c11-bb19-b8e35e208749: shutdown LeaderState
2019-09-25 11:50:17,967 [main] INFO  impl.StateMachineUpdater (StateMachineUpdater.java:stopAndJoin(125)) - d0142895-3600-4281-b367-196d2d0762b5@group-407616677B7D-StateMachineUpdater: set stopIndex = 0
2019-09-25 11:50:17,967 [ForkJoinPool.commonPool-worker-0] INFO  impl.PendingRequests (PendingRequests.java:sendNotLeaderResponses(202)) - 0b04bb08-988e-4c11-bb19-b8e35e208749-PendingRequests: sendNotLeaderResponses
2019-09-25 11:50:17,968 [main] INFO  impl.RaftServerImpl (ServerState.java:close(385)) - d0142895-3600-4281-b367-196d2d0762b5@group-407616677B7D: closes. applyIndex: 0
2019-09-25 11:50:17,968 [ForkJoinPool.commonPool-worker-0] INFO  impl.StateMachineUpdater (StateMachineUpdater.java:stopAndJoin(125)) - 0b04bb08-988e-4c11-bb19-b8e35e208749@group-11A6A6391572-StateMachineUpdater: set stopIndex = 0
2019-09-25 11:50:17,968 [d0142895-3600-4281-b367-196d2d0762b5@group-407616677B7D-SegmentedRaftLogWorker] INFO  segmented.SegmentedRaftLogWorker (SegmentedRaftLogWorker.java:run(313)) - d0142895-3600-4281-b367-196d2d0762b5@group-407616677B7D-SegmentedRaftLogWorker was interrupted, exiting. There are 0 tasks remaining in the queue.
2019-09-25 11:50:17,968 [ForkJoinPool.commonPool-worker-0] INFO  impl.RaftServerImpl (ServerState.java:close(385)) - 0b04bb08-988e-4c11-bb19-b8e35e208749@group-11A6A6391572: closes. applyIndex: 0
2019-09-25 11:50:17,969 [main] INFO  segmented.SegmentedRaftLogWorker (SegmentedRaftLogWorker.java:close(228)) - d0142895-3600-4281-b367-196d2d0762b5@group-407616677B7D-SegmentedRaftLogWorker close()
2019-09-25 11:50:17,969 [0b04bb08-988e-4c11-bb19-b8e35e208749@group-11A6A6391572-SegmentedRaftLogWorker] INFO  segmented.SegmentedRaftLogWorker (SegmentedRaftLogWorker.java:run(313)) - 0b04bb08-988e-4c11-bb19-b8e35e208749@group-11A6A6391572-SegmentedRaftLogWorker was interrupted, exiting. There are 0 tasks remaining in the queue.
2019-09-25 11:50:17,971 [main] INFO  impl.RaftServerImpl (RaftServerImpl.java:lambda$shutdown$3(251)) - d0142895-3600-4281-b367-196d2d0762b5@group-D3BB587AAED0: shutdown
2019-09-25 11:50:17,971 [ForkJoinPool.commonPool-worker-0] INFO  segmented.SegmentedRaftLogWorker (SegmentedRaftLogWorker.java:close(228)) - 0b04bb08-988e-4c11-bb19-b8e35e208749@group-11A6A6391572-SegmentedRaftLogWorker close()
2019-09-25 11:50:17,971 [main] INFO  util.JmxRegister (JmxRegister.java:unregister(73)) - Successfully un-registered JMX Bean with object name Ratis:service=RaftServer,group=group-D3BB587AAED0,id=d0142895-3600-4281-b367-196d2d0762b5
2019-09-25 11:50:17,973 [ForkJoinPool.commonPool-worker-0] INFO  impl.RaftServerImpl (RaftServerImpl.java:lambda$shutdown$3(251)) - 0b04bb08-988e-4c11-bb19-b8e35e208749@group-42FD4E1628CD: shutdown
2019-09-25 11:50:17,974 [main] INFO  impl.RoleInfo (RoleInfo.java:shutdownLeaderState(104)) - d0142895-3600-4281-b367-196d2d0762b5: shutdown LeaderState
2019-09-25 11:50:17,974 [ForkJoinPool.commonPool-worker-0] INFO  util.JmxRegister (JmxRegister.java:unregister(73)) - Successfully un-registered JMX Bean with object name Ratis:service=RaftServer,group=group-42FD4E1628CD,id=0b04bb08-988e-4c11-bb19-b8e35e208749
2019-09-25 11:50:17,974 [main] INFO  impl.PendingRequests (PendingRequests.java:sendNotLeaderResponses(202)) - d0142895-3600-4281-b367-196d2d0762b5-PendingRequests: sendNotLeaderResponses
2019-09-25 11:50:17,975 [ForkJoinPool.commonPool-worker-0] INFO  impl.RoleInfo (RoleInfo.java:shutdownLeaderState(104)) - 0b04bb08-988e-4c11-bb19-b8e35e208749: shutdown LeaderState
2019-09-25 11:50:17,975 [main] INFO  impl.StateMachineUpdater (StateMachineUpdater.java:stopAndJoin(125)) - d0142895-3600-4281-b367-196d2d0762b5@group-D3BB587AAED0-StateMachineUpdater: set stopIndex = 0
2019-09-25 11:50:17,975 [ForkJoinPool.commonPool-worker-0] INFO  impl.PendingRequests (PendingRequests.java:sendNotLeaderResponses(202)) - 0b04bb08-988e-4c11-bb19-b8e35e208749-PendingRequests: sendNotLeaderResponses
2019-09-25 11:50:17,975 [main] INFO  impl.RaftServerImpl (ServerState.java:close(385)) - d0142895-3600-4281-b367-196d2d0762b5@group-D3BB587AAED0: closes. applyIndex: 0
2019-09-25 11:50:17,976 [ForkJoinPool.commonPool-worker-0] INFO  impl.StateMachineUpdater (StateMachineUpdater.java:stopAndJoin(125)) - 0b04bb08-988e-4c11-bb19-b8e35e208749@group-42FD4E1628CD-StateMachineUpdater: set stopIndex = 0
2019-09-25 11:50:17,976 [d0142895-3600-4281-b367-196d2d0762b5@group-D3BB587AAED0-SegmentedRaftLogWorker] INFO  segmented.SegmentedRaftLogWorker (SegmentedRaftLogWorker.java:run(313)) - d0142895-3600-4281-b367-196d2d0762b5@group-D3BB587AAED0-SegmentedRaftLogWorker was interrupted, exiting. There are 0 tasks remaining in the queue.
2019-09-25 11:50:17,976 [ForkJoinPool.commonPool-worker-0] INFO  impl.RaftServerImpl (ServerState.java:close(385)) - 0b04bb08-988e-4c11-bb19-b8e35e208749@group-42FD4E1628CD: closes. applyIndex: 0
2019-09-25 11:50:17,977 [main] INFO  segmented.SegmentedRaftLogWorker (SegmentedRaftLogWorker.java:close(228)) - d0142895-3600-4281-b367-196d2d0762b5@group-D3BB587AAED0-SegmentedRaftLogWorker close()
2019-09-25 11:50:17,977 [0b04bb08-988e-4c11-bb19-b8e35e208749@group-42FD4E1628CD-SegmentedRaftLogWorker] INFO  segmented.SegmentedRaftLogWorker (SegmentedRaftLogWorker.java:run(313)) - 0b04bb08-988e-4c11-bb19-b8e35e208749@group-42FD4E1628CD-SegmentedRaftLogWorker was interrupted, exiting. There are 0 tasks remaining in the queue.
2019-09-25 11:50:17,979 [main] INFO  impl.RaftServerImpl (RaftServerImpl.java:lambda$shutdown$3(251)) - d0142895-3600-4281-b367-196d2d0762b5@group-7AB6CB8E1167: shutdown
2019-09-25 11:50:17,979 [ForkJoinPool.commonPool-worker-0] INFO  segmented.SegmentedRaftLogWorker (SegmentedRaftLogWorker.java:close(228)) - 0b04bb08-988e-4c11-bb19-b8e35e208749@group-42FD4E1628CD-SegmentedRaftLogWorker close()
2019-09-25 11:50:17,979 [main] INFO  util.JmxRegister (JmxRegister.java:unregister(73)) - Successfully un-registered JMX Bean with object name Ratis:service=RaftServer,group=group-7AB6CB8E1167,id=d0142895-3600-4281-b367-196d2d0762b5
2019-09-25 11:50:17,981 [ForkJoinPool.commonPool-worker-0] INFO  impl.RaftServerImpl (RaftServerImpl.java:lambda$shutdown$3(251)) - 0b04bb08-988e-4c11-bb19-b8e35e208749@group-D875283FD36B: shutdown
2019-09-25 11:50:17,981 [main] INFO  impl.RoleInfo (RoleInfo.java:shutdownLeaderState(104)) - d0142895-3600-4281-b367-196d2d0762b5: shutdown LeaderState
2019-09-25 11:50:17,982 [ForkJoinPool.commonPool-worker-0] INFO  util.JmxRegister (JmxRegister.java:unregister(73)) - Successfully un-registered JMX Bean with object name Ratis:service=RaftServer,group=group-D875283FD36B,id=0b04bb08-988e-4c11-bb19-b8e35e208749
2019-09-25 11:50:17,982 [main] INFO  impl.PendingRequests (PendingRequests.java:sendNotLeaderResponses(202)) - d0142895-3600-4281-b367-196d2d0762b5-PendingRequests: sendNotLeaderResponses
2019-09-25 11:50:17,982 [ForkJoinPool.commonPool-worker-0] INFO  impl.RoleInfo (RoleInfo.java:shutdownLeaderState(104)) - 0b04bb08-988e-4c11-bb19-b8e35e208749: shutdown LeaderState
2019-09-25 11:50:17,983 [main] INFO  impl.StateMachineUpdater (StateMachineUpdater.java:stopAndJoin(125)) - d0142895-3600-4281-b367-196d2d0762b5@group-7AB6CB8E1167-StateMachineUpdater: set stopIndex = 0
2019-09-25 11:50:17,983 [main] INFO  impl.RaftServerImpl (ServerState.java:close(385)) - d0142895-3600-4281-b367-196d2d0762b5@group-7AB6CB8E1167: closes. applyIndex: 0
2019-09-25 11:50:17,983 [ForkJoinPool.commonPool-worker-0] INFO  impl.PendingRequests (PendingRequests.java:sendNotLeaderResponses(202)) - 0b04bb08-988e-4c11-bb19-b8e35e208749-PendingRequests: sendNotLeaderResponses
2019-09-25 11:50:17,984 [d0142895-3600-4281-b367-196d2d0762b5@group-7AB6CB8E1167-SegmentedRaftLogWorker] INFO  segmented.SegmentedRaftLogWorker (SegmentedRaftLogWorker.java:run(313)) - d0142895-3600-4281-b367-196d2d0762b5@group-7AB6CB8E1167-SegmentedRaftLogWorker was interrupted, exiting. There are 0 tasks remaining in the queue.
2019-09-25 11:50:17,984 [ForkJoinPool.commonPool-worker-0] INFO  impl.StateMachineUpdater (StateMachineUpdater.java:stopAndJoin(125)) - 0b04bb08-988e-4c11-bb19-b8e35e208749@group-D875283FD36B-StateMachineUpdater: set stopIndex = 0
2019-09-25 11:50:17,984 [main] INFO  segmented.SegmentedRaftLogWorker (SegmentedRaftLogWorker.java:close(228)) - d0142895-3600-4281-b367-196d2d0762b5@group-7AB6CB8E1167-SegmentedRaftLogWorker close()
2019-09-25 11:50:17,984 [ForkJoinPool.commonPool-worker-0] INFO  impl.RaftServerImpl (ServerState.java:close(385)) - 0b04bb08-988e-4c11-bb19-b8e35e208749@group-D875283FD36B: closes. applyIndex: 0
2019-09-25 11:50:17,986 [main] INFO  server.GrpcService (GrpcService.java:closeImpl(164)) - d0142895-3600-4281-b367-196d2d0762b5: shutdown server with port 37045 now
2019-09-25 11:50:17,986 [0b04bb08-988e-4c11-bb19-b8e35e208749@group-D875283FD36B-SegmentedRaftLogWorker] INFO  segmented.SegmentedRaftLogWorker (SegmentedRaftLogWorker.java:run(313)) - 0b04bb08-988e-4c11-bb19-b8e35e208749@group-D875283FD36B-SegmentedRaftLogWorker was interrupted, exiting. There are 0 tasks remaining in the queue.
2019-09-25 11:50:17,987 [ForkJoinPool.commonPool-worker-0] INFO  segmented.SegmentedRaftLogWorker (SegmentedRaftLogWorker.java:close(228)) - 0b04bb08-988e-4c11-bb19-b8e35e208749@group-D875283FD36B-SegmentedRaftLogWorker close()
2019-09-25 11:50:17,989 [main] INFO  server.GrpcService (GrpcService.java:closeImpl(172)) - d0142895-3600-4281-b367-196d2d0762b5: shutdown server with port 37045 successfully
2019-09-25 11:50:17,990 [ForkJoinPool.commonPool-worker-0] INFO  server.GrpcService (GrpcService.java:closeImpl(164)) - 0b04bb08-988e-4c11-bb19-b8e35e208749: shutdown server with port 40238 now
2019-09-25 11:50:17,993 [ForkJoinPool.commonPool-worker-0] INFO  server.GrpcService (GrpcService.java:closeImpl(172)) - 0b04bb08-988e-4c11-bb19-b8e35e208749: shutdown server with port 40238 successfully
2019-09-25 11:50:17,994 [refreshUsed-/workdir/hadoop-ozone/ozonefs/target/test-dir/MiniOzoneClusterImpl-e6fda8ce-95ce-407e-bce9-2f736e2fb72c/datanode-1/data/containers] WARN  fs.CachingGetSpaceUsed (CachingGetSpaceUsed.java:run(183)) - Thread Interrupted waiting to refresh disk information: sleep interrupted
2019-09-25 11:50:17,995 [refreshUsed-/workdir/hadoop-ozone/ozonefs/target/test-dir/MiniOzoneClusterImpl-e6fda8ce-95ce-407e-bce9-2f736e2fb72c/datanode-0/data/containers] WARN  fs.CachingGetSpaceUsed (CachingGetSpaceUsed.java:run(183)) - Thread Interrupted waiting to refresh disk information: sleep interrupted
2019-09-25 11:50:18,018 [ForkJoinPool.commonPool-worker-0] INFO  utils.BackgroundService (BackgroundService.java:shutdown(148)) - Shutting down service BlockDeletingService
2019-09-25 11:50:18,030 [ForkJoinPool.commonPool-worker-0] INFO  statemachine.DatanodeStateMachine (DatanodeStateMachine.java:stopDaemon(395)) - Ozone container server stopped.
2019-09-25 11:50:18,034 [ForkJoinPool.commonPool-worker-0] INFO  handler.ContextHandler (ContextHandler.java:doStop(910)) - Stopped o.e.j.w.WebAppContext@723e2d08{/,null,UNAVAILABLE}{/hddsDatanode}
2019-09-25 11:50:18,034 [main] INFO  utils.BackgroundService (BackgroundService.java:shutdown(148)) - Shutting down service BlockDeletingService
2019-09-25 11:50:18,035 [ForkJoinPool.commonPool-worker-0] INFO  server.AbstractConnector (AbstractConnector.java:doStop(318)) - Stopped ServerConnector@6d4a82{HTTP/1.1,[http/1.1]}{0.0.0.0:0}
2019-09-25 11:50:18,043 [ForkJoinPool.commonPool-worker-0] INFO  handler.ContextHandler (ContextHandler.java:doStop(910)) - Stopped o.e.j.s.ServletContextHandler@703fa45{/static,jar:file:/home/user/.m2/repository/org/apache/hadoop/hadoop-hdds-container-service/0.5.0-SNAPSHOT/hadoop-hdds-container-service-0.5.0-SNAPSHOT.jar!/webapps/static,UNAVAILABLE}
2019-09-25 11:50:18,044 [main] INFO  statemachine.DatanodeStateMachine (DatanodeStateMachine.java:stopDaemon(395)) - Ozone container server stopped.
2019-09-25 11:50:18,045 [ForkJoinPool.commonPool-worker-0] INFO  handler.ContextHandler (ContextHandler.java:doStop(910)) - Stopped o.e.j.s.ServletContextHandler@62a6674f{/logs,file:///workdir/hadoop-ozone/ozonefs/target/log,UNAVAILABLE}
2019-09-25 11:50:18,046 [main] INFO  handler.ContextHandler (ContextHandler.java:doStop(910)) - Stopped o.e.j.w.WebAppContext@4f664bee{/,null,UNAVAILABLE}{/hddsDatanode}
2019-09-25 11:50:18,046 [main] INFO  server.AbstractConnector (AbstractConnector.java:doStop(318)) - Stopped ServerConnector@76563ae7{HTTP/1.1,[http/1.1]}{0.0.0.0:0}
2019-09-25 11:50:18,046 [main] INFO  handler.ContextHandler (ContextHandler.java:doStop(910)) - Stopped o.e.j.s.ServletContextHandler@3b4ef59f{/static,jar:file:/home/user/.m2/repository/org/apache/hadoop/hadoop-hdds-container-service/0.5.0-SNAPSHOT/hadoop-hdds-container-service-0.5.0-SNAPSHOT.jar!/webapps/static,UNAVAILABLE}
2019-09-25 11:50:18,047 [main] INFO  handler.ContextHandler (ContextHandler.java:doStop(910)) - Stopped o.e.j.s.ServletContextHandler@5ec9eefa{/logs,file:///workdir/hadoop-ozone/ozonefs/target/log,UNAVAILABLE}
2019-09-25 11:50:18,807 [Datanode State Machine Thread - 0] INFO  statemachine.DatanodeStateMachine (DatanodeStateMachine.java:lambda$startDaemon$0(350)) - Ozone container server started.
2019-09-25 11:50:23,046 [ForkJoinPool.commonPool-worker-0] INFO  ozoneimpl.OzoneContainer (OzoneContainer.java:stop(231)) - Attempting to stop container services.
2019-09-25 11:50:23,046 [ForkJoinPool.commonPool-worker-0] INFO  impl.RaftServerProxy (RaftServerProxy.java:lambda$close$4(314)) - e37a6a86-ba01-4b78-8a19-1770b3bcf624: close
2019-09-25 11:50:23,047 [ForkJoinPool.commonPool-worker-0] INFO  impl.RaftServerImpl (RaftServerImpl.java:lambda$shutdown$3(251)) - e37a6a86-ba01-4b78-8a19-1770b3bcf624@group-3552FCC1DF0E: shutdown
2019-09-25 11:50:23,047 [ForkJoinPool.commonPool-worker-0] INFO  util.JmxRegister (JmxRegister.java:unregister(73)) - Successfully un-registered JMX Bean with object name Ratis:service=RaftServer,group=group-3552FCC1DF0E,id=e37a6a86-ba01-4b78-8a19-1770b3bcf624
2019-09-25 11:50:23,047 [ForkJoinPool.commonPool-worker-0] INFO  impl.RoleInfo (RoleInfo.java:shutdownLeaderState(104)) - e37a6a86-ba01-4b78-8a19-1770b3bcf624: shutdown LeaderState
2019-09-25 11:50:23,047 [ForkJoinPool.commonPool-worker-0] INFO  impl.PendingRequests (PendingRequests.java:sendNotLeaderResponses(202)) - e37a6a86-ba01-4b78-8a19-1770b3bcf624-PendingRequests: sendNotLeaderResponses
2019-09-25 11:50:23,048 [ForkJoinPool.commonPool-worker-0] INFO  impl.StateMachineUpdater (StateMachineUpdater.java:stopAndJoin(125)) - e37a6a86-ba01-4b78-8a19-1770b3bcf624@group-3552FCC1DF0E-StateMachineUpdater: set stopIndex = 0
2019-09-25 11:50:23,048 [ForkJoinPool.commonPool-worker-0] INFO  impl.RaftServerImpl (ServerState.java:close(385)) - e37a6a86-ba01-4b78-8a19-1770b3bcf624@group-3552FCC1DF0E: closes. applyIndex: 0
2019-09-25 11:50:23,048 [e37a6a86-ba01-4b78-8a19-1770b3bcf624@group-3552FCC1DF0E-SegmentedRaftLogWorker] INFO  segmented.SegmentedRaftLogWorker (SegmentedRaftLogWorker.java:run(313)) - e37a6a86-ba01-4b78-8a19-1770b3bcf624@group-3552FCC1DF0E-SegmentedRaftLogWorker was interrupted, exiting. There are 0 tasks remaining in the queue.
2019-09-25 11:50:23,049 [ForkJoinPool.commonPool-worker-0] INFO  segmented.SegmentedRaftLogWorker (SegmentedRaftLogWorker.java:close(228)) - e37a6a86-ba01-4b78-8a19-1770b3bcf624@group-3552FCC1DF0E-SegmentedRaftLogWorker close()
2019-09-25 11:50:23,050 [ForkJoinPool.commonPool-worker-0] INFO  impl.RaftServerImpl (RaftServerImpl.java:lambda$shutdown$3(251)) - e37a6a86-ba01-4b78-8a19-1770b3bcf624@group-6606FE609969: shutdown
2019-09-25 11:50:23,051 [ForkJoinPool.commonPool-worker-0] INFO  util.JmxRegister (JmxRegister.java:unregister(73)) - Successfully un-registered JMX Bean with object name Ratis:service=RaftServer,group=group-6606FE609969,id=e37a6a86-ba01-4b78-8a19-1770b3bcf624
2019-09-25 11:50:23,051 [ForkJoinPool.commonPool-worker-0] INFO  impl.RoleInfo (RoleInfo.java:shutdownLeaderState(104)) - e37a6a86-ba01-4b78-8a19-1770b3bcf624: shutdown LeaderState
2019-09-25 11:50:23,051 [ForkJoinPool.commonPool-worker-0] INFO  impl.PendingRequests (PendingRequests.java:sendNotLeaderResponses(202)) - e37a6a86-ba01-4b78-8a19-1770b3bcf624-PendingRequests: sendNotLeaderResponses
2019-09-25 11:50:23,052 [ForkJoinPool.commonPool-worker-0] INFO  impl.StateMachineUpdater (StateMachineUpdater.java:stopAndJoin(125)) - e37a6a86-ba01-4b78-8a19-1770b3bcf624@group-6606FE609969-StateMachineUpdater: set stopIndex = 0
2019-09-25 11:50:23,052 [ForkJoinPool.commonPool-worker-0] INFO  impl.RaftServerImpl (ServerState.java:close(385)) - e37a6a86-ba01-4b78-8a19-1770b3bcf624@group-6606FE609969: closes. applyIndex: 0
2019-09-25 11:50:23,052 [e37a6a86-ba01-4b78-8a19-1770b3bcf624@group-6606FE609969-SegmentedRaftLogWorker] INFO  segmented.SegmentedRaftLogWorker (SegmentedRaftLogWorker.java:run(313)) - e37a6a86-ba01-4b78-8a19-1770b3bcf624@group-6606FE609969-SegmentedRaftLogWorker was interrupted, exiting. There are 0 tasks remaining in the queue.
2019-09-25 11:50:23,052 [ForkJoinPool.commonPool-worker-0] INFO  segmented.SegmentedRaftLogWorker (SegmentedRaftLogWorker.java:close(228)) - e37a6a86-ba01-4b78-8a19-1770b3bcf624@group-6606FE609969-SegmentedRaftLogWorker close()
2019-09-25 11:50:23,054 [ForkJoinPool.commonPool-worker-0] INFO  impl.RaftServerImpl (RaftServerImpl.java:lambda$shutdown$3(251)) - e37a6a86-ba01-4b78-8a19-1770b3bcf624@group-F48364A4F7D1: shutdown
2019-09-25 11:50:23,054 [ForkJoinPool.commonPool-worker-0] INFO  util.JmxRegister (JmxRegister.java:unregister(73)) - Successfully un-registered JMX Bean with object name Ratis:service=RaftServer,group=group-F48364A4F7D1,id=e37a6a86-ba01-4b78-8a19-1770b3bcf624
2019-09-25 11:50:23,054 [ForkJoinPool.commonPool-worker-0] INFO  impl.RoleInfo (RoleInfo.java:shutdownLeaderState(104)) - e37a6a86-ba01-4b78-8a19-1770b3bcf624: shutdown LeaderState
2019-09-25 11:50:23,054 [ForkJoinPool.commonPool-worker-0] INFO  impl.PendingRequests (PendingRequests.java:sendNotLeaderResponses(202)) - e37a6a86-ba01-4b78-8a19-1770b3bcf624-PendingRequests: sendNotLeaderResponses
2019-09-25 11:50:23,055 [ForkJoinPool.commonPool-worker-0] INFO  impl.StateMachineUpdater (StateMachineUpdater.java:stopAndJoin(125)) - e37a6a86-ba01-4b78-8a19-1770b3bcf624@group-F48364A4F7D1-StateMachineUpdater: set stopIndex = 0
2019-09-25 11:50:23,055 [ForkJoinPool.commonPool-worker-0] INFO  impl.RaftServerImpl (ServerState.java:close(385)) - e37a6a86-ba01-4b78-8a19-1770b3bcf624@group-F48364A4F7D1: closes. applyIndex: 0
2019-09-25 11:50:23,055 [e37a6a86-ba01-4b78-8a19-1770b3bcf624@group-F48364A4F7D1-SegmentedRaftLogWorker] INFO  segmented.SegmentedRaftLogWorker (SegmentedRaftLogWorker.java:run(313)) - e37a6a86-ba01-4b78-8a19-1770b3bcf624@group-F48364A4F7D1-SegmentedRaftLogWorker was interrupted, exiting. There are 0 tasks remaining in the queue.
2019-09-25 11:50:23,055 [ForkJoinPool.commonPool-worker-0] INFO  segmented.SegmentedRaftLogWorker (SegmentedRaftLogWorker.java:close(228)) - e37a6a86-ba01-4b78-8a19-1770b3bcf624@group-F48364A4F7D1-SegmentedRaftLogWorker close()
2019-09-25 11:50:23,056 [ForkJoinPool.commonPool-worker-0] INFO  impl.RaftServerImpl (RaftServerImpl.java:lambda$shutdown$3(251)) - e37a6a86-ba01-4b78-8a19-1770b3bcf624@group-0C71227A7BE9: shutdown
2019-09-25 11:50:23,057 [ForkJoinPool.commonPool-worker-0] INFO  util.JmxRegister (JmxRegister.java:unregister(73)) - Successfully un-registered JMX Bean with object name Ratis:service=RaftServer,group=group-0C71227A7BE9,id=e37a6a86-ba01-4b78-8a19-1770b3bcf624
2019-09-25 11:50:23,057 [ForkJoinPool.commonPool-worker-0] INFO  impl.RoleInfo (RoleInfo.java:shutdownLeaderState(104)) - e37a6a86-ba01-4b78-8a19-1770b3bcf624: shutdown LeaderState
2019-09-25 11:50:23,057 [ForkJoinPool.commonPool-worker-0] INFO  impl.PendingRequests (PendingRequests.java:sendNotLeaderResponses(202)) - e37a6a86-ba01-4b78-8a19-1770b3bcf624-PendingRequests: sendNotLeaderResponses
2019-09-25 11:50:23,058 [ForkJoinPool.commonPool-worker-0] INFO  impl.StateMachineUpdater (StateMachineUpdater.java:stopAndJoin(125)) - e37a6a86-ba01-4b78-8a19-1770b3bcf624@group-0C71227A7BE9-StateMachineUpdater: set stopIndex = 0
2019-09-25 11:50:23,058 [ForkJoinPool.commonPool-worker-0] INFO  impl.RaftServerImpl (ServerState.java:close(385)) - e37a6a86-ba01-4b78-8a19-1770b3bcf624@group-0C71227A7BE9: closes. applyIndex: 0
2019-09-25 11:50:23,058 [e37a6a86-ba01-4b78-8a19-1770b3bcf624@group-0C71227A7BE9-SegmentedRaftLogWorker] INFO  segmented.SegmentedRaftLogWorker (SegmentedRaftLogWorker.java:run(313)) - e37a6a86-ba01-4b78-8a19-1770b3bcf624@group-0C71227A7BE9-SegmentedRaftLogWorker was interrupted, exiting. There are 0 tasks remaining in the queue.
2019-09-25 11:50:23,058 [ForkJoinPool.commonPool-worker-0] INFO  segmented.SegmentedRaftLogWorker (SegmentedRaftLogWorker.java:close(228)) - e37a6a86-ba01-4b78-8a19-1770b3bcf624@group-0C71227A7BE9-SegmentedRaftLogWorker close()
2019-09-25 11:50:23,059 [ForkJoinPool.commonPool-worker-0] INFO  impl.RaftServerImpl (RaftServerImpl.java:lambda$shutdown$3(251)) - e37a6a86-ba01-4b78-8a19-1770b3bcf624@group-40D8BC7BBC68: shutdown
2019-09-25 11:50:23,060 [ForkJoinPool.commonPool-worker-0] INFO  util.JmxRegister (JmxRegister.java:unregister(73)) - Successfully un-registered JMX Bean with object name Ratis:service=RaftServer,group=group-40D8BC7BBC68,id=e37a6a86-ba01-4b78-8a19-1770b3bcf624
2019-09-25 11:50:23,060 [ForkJoinPool.commonPool-worker-0] INFO  impl.RoleInfo (RoleInfo.java:shutdownLeaderState(104)) - e37a6a86-ba01-4b78-8a19-1770b3bcf624: shutdown LeaderState
2019-09-25 11:50:23,060 [ForkJoinPool.commonPool-worker-0] INFO  impl.PendingRequests (PendingRequests.java:sendNotLeaderResponses(202)) - e37a6a86-ba01-4b78-8a19-1770b3bcf624-PendingRequests: sendNotLeaderResponses
2019-09-25 11:50:23,060 [ForkJoinPool.commonPool-worker-0] INFO  impl.StateMachineUpdater (StateMachineUpdater.java:stopAndJoin(125)) - e37a6a86-ba01-4b78-8a19-1770b3bcf624@group-40D8BC7BBC68-StateMachineUpdater: set stopIndex = 0
2019-09-25 11:50:23,061 [ForkJoinPool.commonPool-worker-0] INFO  impl.RaftServerImpl (ServerState.java:close(385)) - e37a6a86-ba01-4b78-8a19-1770b3bcf624@group-40D8BC7BBC68: closes. applyIndex: 0
2019-09-25 11:50:23,061 [e37a6a86-ba01-4b78-8a19-1770b3bcf624@group-40D8BC7BBC68-SegmentedRaftLogWorker] INFO  segmented.SegmentedRaftLogWorker (SegmentedRaftLogWorker.java:run(313)) - e37a6a86-ba01-4b78-8a19-1770b3bcf624@group-40D8BC7BBC68-SegmentedRaftLogWorker was interrupted, exiting. There are 0 tasks remaining in the queue.
2019-09-25 11:50:23,061 [ForkJoinPool.commonPool-worker-0] INFO  segmented.SegmentedRaftLogWorker (SegmentedRaftLogWorker.java:close(228)) - e37a6a86-ba01-4b78-8a19-1770b3bcf624@group-40D8BC7BBC68-SegmentedRaftLogWorker close()
2019-09-25 11:50:23,062 [ForkJoinPool.commonPool-worker-0] INFO  impl.RaftServerImpl (RaftServerImpl.java:lambda$shutdown$3(251)) - e37a6a86-ba01-4b78-8a19-1770b3bcf624@group-25960F6CFE6B: shutdown
2019-09-25 11:50:23,063 [ForkJoinPool.commonPool-worker-0] INFO  util.JmxRegister (JmxRegister.java:unregister(73)) - Successfully un-registered JMX Bean with object name Ratis:service=RaftServer,group=group-25960F6CFE6B,id=e37a6a86-ba01-4b78-8a19-1770b3bcf624
2019-09-25 11:50:23,063 [ForkJoinPool.commonPool-worker-0] INFO  impl.RoleInfo (RoleInfo.java:shutdownLeaderState(104)) - e37a6a86-ba01-4b78-8a19-1770b3bcf624: shutdown LeaderState
2019-09-25 11:50:23,063 [ForkJoinPool.commonPool-worker-0] INFO  impl.PendingRequests (PendingRequests.java:sendNotLeaderResponses(202)) - e37a6a86-ba01-4b78-8a19-1770b3bcf624-PendingRequests: sendNotLeaderResponses
2019-09-25 11:50:23,063 [ForkJoinPool.commonPool-worker-0] INFO  impl.StateMachineUpdater (StateMachineUpdater.java:stopAndJoin(125)) - e37a6a86-ba01-4b78-8a19-1770b3bcf624@group-25960F6CFE6B-StateMachineUpdater: set stopIndex = 0
2019-09-25 11:50:23,064 [ForkJoinPool.commonPool-worker-0] INFO  impl.RaftServerImpl (ServerState.java:close(385)) - e37a6a86-ba01-4b78-8a19-1770b3bcf624@group-25960F6CFE6B: closes. applyIndex: 0
2019-09-25 11:50:23,064 [e37a6a86-ba01-4b78-8a19-1770b3bcf624@group-25960F6CFE6B-SegmentedRaftLogWorker] INFO  segmented.SegmentedRaftLogWorker (SegmentedRaftLogWorker.java:run(313)) - e37a6a86-ba01-4b78-8a19-1770b3bcf624@group-25960F6CFE6B-SegmentedRaftLogWorker was interrupted, exiting. There are 0 tasks remaining in the queue.
2019-09-25 11:50:23,064 [ForkJoinPool.commonPool-worker-0] INFO  segmented.SegmentedRaftLogWorker (SegmentedRaftLogWorker.java:close(228)) - e37a6a86-ba01-4b78-8a19-1770b3bcf624@group-25960F6CFE6B-SegmentedRaftLogWorker close()
2019-09-25 11:50:23,065 [ForkJoinPool.commonPool-worker-0] INFO  server.GrpcService (GrpcService.java:closeImpl(164)) - e37a6a86-ba01-4b78-8a19-1770b3bcf624: shutdown server with port 33872 now
2019-09-25 11:50:23,067 [ForkJoinPool.commonPool-worker-0] INFO  server.GrpcService (GrpcService.java:closeImpl(172)) - e37a6a86-ba01-4b78-8a19-1770b3bcf624: shutdown server with port 33872 successfully
2019-09-25 11:50:23,069 [refreshUsed-/workdir/hadoop-ozone/ozonefs/target/test-dir/MiniOzoneClusterImpl-e6fda8ce-95ce-407e-bce9-2f736e2fb72c/datanode-2/data/containers] WARN  fs.CachingGetSpaceUsed (CachingGetSpaceUsed.java:run(183)) - Thread Interrupted waiting to refresh disk information: sleep interrupted
2019-09-25 11:50:23,092 [ForkJoinPool.commonPool-worker-0] INFO  utils.BackgroundService (BackgroundService.java:shutdown(148)) - Shutting down service BlockDeletingService
2019-09-25 11:50:23,096 [ForkJoinPool.commonPool-worker-0] INFO  statemachine.DatanodeStateMachine (DatanodeStateMachine.java:stopDaemon(395)) - Ozone container server stopped.
2019-09-25 11:50:23,098 [ForkJoinPool.commonPool-worker-0] INFO  handler.ContextHandler (ContextHandler.java:doStop(910)) - Stopped o.e.j.w.WebAppContext@36478bce{/,null,UNAVAILABLE}{/hddsDatanode}
2019-09-25 11:50:23,098 [ForkJoinPool.commonPool-worker-0] INFO  server.AbstractConnector (AbstractConnector.java:doStop(318)) - Stopped ServerConnector@c48b543{HTTP/1.1,[http/1.1]}{0.0.0.0:0}
2019-09-25 11:50:23,098 [ForkJoinPool.commonPool-worker-0] INFO  handler.ContextHandler (ContextHandler.java:doStop(910)) - Stopped o.e.j.s.ServletContextHandler@143fefaf{/static,jar:file:/home/user/.m2/repository/org/apache/hadoop/hadoop-hdds-container-service/0.5.0-SNAPSHOT/hadoop-hdds-container-service-0.5.0-SNAPSHOT.jar!/webapps/static,UNAVAILABLE}
2019-09-25 11:50:23,099 [ForkJoinPool.commonPool-worker-0] INFO  handler.ContextHandler (ContextHandler.java:doStop(910)) - Stopped o.e.j.s.ServletContextHandler@28768e25{/logs,file:///workdir/hadoop-ozone/ozonefs/target/log,UNAVAILABLE}
2019-09-25 11:50:23,099 [main] INFO  ozone.MiniOzoneClusterImpl (MiniOzoneClusterImpl.java:stopSCM(392)) - Stopping the StorageContainerManager
2019-09-25 11:50:23,099 [main] INFO  server.StorageContainerManager (StorageContainerManager.java:stop(808)) - Stopping Replication Manager Service.
2019-09-25 11:50:23,100 [main] INFO  container.ReplicationManager (ReplicationManager.java:stop(204)) - Stopping Replication Monitor Thread.
2019-09-25 11:50:23,100 [main] INFO  server.StorageContainerManager (StorageContainerManager.java:stop(815)) - Stopping Lease Manager of the command watchers
2019-09-25 11:50:23,100 [main] INFO  server.StorageContainerManager (StorageContainerManager.java:stop(822)) - Stopping datanode service RPC server
2019-09-25 11:50:23,100 [main] INFO  server.SCMDatanodeProtocolServer (SCMDatanodeProtocolServer.java:stop(367)) - Stopping the RPC server for DataNodes
2019-09-25 11:50:23,100 [main] INFO  ipc.Server (Server.java:stop(3082)) - Stopping server on 36184
2019-09-25 11:50:23,101 [IPC Server listener on 36184] INFO  ipc.Server (Server.java:run(1185)) - Stopping IPC Server listener on 36184
2019-09-25 11:50:23,103 [IPC Server Responder] INFO  ipc.Server (Server.java:run(1319)) - Stopping IPC Server Responder
2019-09-25 11:50:23,164 [SCM Heartbeat Processing Thread - 0] WARN  node.NodeStateManager (NodeStateManager.java:scheduleNextHealthCheck(655)) - Current Thread is interrupted, shutting down HB processing thread for Node Manager.
2019-09-25 11:50:23,165 [main] INFO  server.StorageContainerManager (StorageContainerManager.java:stop(830)) - Stopping block service RPC server
2019-09-25 11:50:23,165 [main] INFO  server.SCMBlockProtocolServer (SCMBlockProtocolServer.java:stop(155)) - Stopping the RPC server for Block Protocol
2019-09-25 11:50:23,165 [main] INFO  ipc.Server (Server.java:stop(3082)) - Stopping server on 33654
2019-09-25 11:50:23,167 [IPC Server listener on 33654] INFO  ipc.Server (Server.java:run(1185)) - Stopping IPC Server listener on 33654
2019-09-25 11:50:23,170 [main] INFO  server.StorageContainerManager (StorageContainerManager.java:stop(837)) - Stopping the StorageContainerLocationProtocol RPC server
2019-09-25 11:50:23,171 [main] INFO  server.SCMClientProtocolServer (SCMClientProtocolServer.java:stop(159)) - Stopping the RPC server for Client Protocol
2019-09-25 11:50:23,170 [IPC Server Responder] INFO  ipc.Server (Server.java:run(1319)) - Stopping IPC Server Responder
2019-09-25 11:50:23,171 [main] INFO  ipc.Server (Server.java:stop(3082)) - Stopping server on 34358
2019-09-25 11:50:23,173 [IPC Server listener on 34358] INFO  ipc.Server (Server.java:run(1185)) - Stopping IPC Server listener on 34358
2019-09-25 11:50:23,173 [IPC Server Responder] INFO  ipc.Server (Server.java:run(1319)) - Stopping IPC Server Responder
2019-09-25 11:50:23,173 [main] INFO  server.StorageContainerManager (StorageContainerManager.java:stop(844)) - Stopping Storage Container Manager HTTP server.
2019-09-25 11:50:23,175 [main] INFO  handler.ContextHandler (ContextHandler.java:doStop(910)) - Stopped o.e.j.w.WebAppContext@4f1afe8f{/,null,UNAVAILABLE}{/scm}
2019-09-25 11:50:23,175 [main] INFO  server.AbstractConnector (AbstractConnector.java:doStop(318)) - Stopped ServerConnector@492521c4{HTTP/1.1,[http/1.1]}{0.0.0.0:0}
2019-09-25 11:50:23,176 [main] INFO  handler.ContextHandler (ContextHandler.java:doStop(910)) - Stopped o.e.j.s.ServletContextHandler@3c7b137a{/static,jar:file:/home/user/.m2/repository/org/apache/hadoop/hadoop-hdds-server-scm/0.5.0-SNAPSHOT/hadoop-hdds-server-scm-0.5.0-SNAPSHOT.jar!/webapps/static,UNAVAILABLE}
2019-09-25 11:50:23,176 [main] INFO  handler.ContextHandler (ContextHandler.java:doStop(910)) - Stopped o.e.j.s.ServletContextHandler@3af10d0b{/logs,file:///workdir/hadoop-ozone/ozonefs/target/log,UNAVAILABLE}
2019-09-25 11:50:23,176 [main] INFO  server.StorageContainerManager (StorageContainerManager.java:stop(855)) - Stopping Block Manager Service.
2019-09-25 11:50:23,177 [main] INFO  utils.BackgroundService (BackgroundService.java:shutdown(148)) - Shutting down service SCMBlockDeletingService
2019-09-25 11:50:23,177 [main] INFO  utils.BackgroundService (BackgroundService.java:shutdown(148)) - Shutting down service SCMBlockDeletingService
2019-09-25 11:50:23,177 [main] INFO  server.StorageContainerManager (StorageContainerManager.java:stop(877)) - Stopping SCM Event Queue.
2019-09-25 11:50:23,179 [main] INFO  impl.MetricsSystemImpl (MetricsSystemImpl.java:stop(210)) - Stopping HddsDatanode metrics system...
2019-09-25 11:50:23,184 [main] INFO  impl.MetricsSystemImpl (MetricsSystemImpl.java:stop(216)) - HddsDatanode metrics system stopped.
]]></system-out>
  </testcase>
  <testcase name="testOzoneManagerFileSystemInterface[1]" classname="org.apache.hadoop.fs.ozone.TestOzoneFileInterfaces" time="16.967"/>
  <testcase name="testListStatus[1]" classname="org.apache.hadoop.fs.ozone.TestOzoneFileInterfaces" time="16.767"/>
  <testcase name="testDirectory[1]" classname="org.apache.hadoop.fs.ozone.TestOzoneFileInterfaces" time="16.993"/>
  <testcase name="testPathToKey[1]" classname="org.apache.hadoop.fs.ozone.TestOzoneFileInterfaces" time="16.087"/>
  <testcase name="testFileSystemInit[1]" classname="org.apache.hadoop.fs.ozone.TestOzoneFileInterfaces" time="17.063"/>
  <testcase name="testOzFsReadWrite[1]" classname="org.apache.hadoop.fs.ozone.TestOzoneFileInterfaces" time="16.835">
    <error message="Allocated 0 blocks. Requested 1 blocks" type="INTERNAL_ERROR org.apache.hadoop.ozone.om.exceptions.OMException">INTERNAL_ERROR org.apache.hadoop.ozone.om.exceptions.OMException: Allocated 0 blocks. Requested 1 blocks
	at org.apache.hadoop.ozone.om.protocolPB.OzoneManagerProtocolClientSideTranslatorPB.handleError(OzoneManagerProtocolClientSideTranslatorPB.java:732)
	at org.apache.hadoop.ozone.om.protocolPB.OzoneManagerProtocolClientSideTranslatorPB.createFile(OzoneManagerProtocolClientSideTranslatorPB.java:1536)
	at sun.reflect.NativeMethodAccessorImpl.invoke0(Native Method)
	at sun.reflect.NativeMethodAccessorImpl.invoke(NativeMethodAccessorImpl.java:62)
	at sun.reflect.DelegatingMethodAccessorImpl.invoke(DelegatingMethodAccessorImpl.java:43)
	at java.lang.reflect.Method.invoke(Method.java:498)
	at org.apache.hadoop.hdds.tracing.TraceAllMethod.invoke(TraceAllMethod.java:66)
	at com.sun.proxy.$Proxy39.createFile(Unknown Source)
	at org.apache.hadoop.ozone.client.rpc.RpcClient.createFile(RpcClient.java:1006)
	at org.apache.hadoop.ozone.client.OzoneBucket.createFile(OzoneBucket.java:537)
	at org.apache.hadoop.fs.ozone.BasicOzoneClientAdapterImpl.createFile(BasicOzoneClientAdapterImpl.java:205)
	at org.apache.hadoop.fs.ozone.BasicOzoneFileSystem.createOutputStream(BasicOzoneFileSystem.java:250)
	at org.apache.hadoop.fs.ozone.BasicOzoneFileSystem.create(BasicOzoneFileSystem.java:231)
	at org.apache.hadoop.fs.FileSystem.create(FileSystem.java:1118)
	at org.apache.hadoop.fs.FileSystem.create(FileSystem.java:1098)
	at org.apache.hadoop.fs.FileSystem.create(FileSystem.java:987)
	at org.apache.hadoop.fs.FileSystem.create(FileSystem.java:975)
	at org.apache.hadoop.fs.ozone.TestOzoneFileInterfaces.testOzFsReadWrite(TestOzoneFileInterfaces.java:169)
	at sun.reflect.NativeMethodAccessorImpl.invoke0(Native Method)
	at sun.reflect.NativeMethodAccessorImpl.invoke(NativeMethodAccessorImpl.java:62)
	at sun.reflect.DelegatingMethodAccessorImpl.invoke(DelegatingMethodAccessorImpl.java:43)
	at java.lang.reflect.Method.invoke(Method.java:498)
	at org.junit.runners.model.FrameworkMethod$1.runReflectiveCall(FrameworkMethod.java:47)
	at org.junit.internal.runners.model.ReflectiveCallable.run(ReflectiveCallable.java:12)
	at org.junit.runners.model.FrameworkMethod.invokeExplosively(FrameworkMethod.java:44)
	at org.junit.internal.runners.statements.InvokeMethod.evaluate(InvokeMethod.java:17)
	at org.junit.internal.runners.statements.RunBefores.evaluate(RunBefores.java:26)
	at org.junit.internal.runners.statements.RunAfters.evaluate(RunAfters.java:27)
	at org.junit.runners.ParentRunner.runLeaf(ParentRunner.java:271)
	at org.junit.runners.BlockJUnit4ClassRunner.runChild(BlockJUnit4ClassRunner.java:70)
	at org.junit.runners.BlockJUnit4ClassRunner.runChild(BlockJUnit4ClassRunner.java:50)
	at org.junit.runners.ParentRunner$3.run(ParentRunner.java:238)
	at org.junit.runners.ParentRunner$1.schedule(ParentRunner.java:63)
	at org.junit.runners.ParentRunner.runChildren(ParentRunner.java:236)
	at org.junit.runners.ParentRunner.access$000(ParentRunner.java:53)
	at org.junit.runners.ParentRunner$2.evaluate(ParentRunner.java:229)
	at org.junit.runners.ParentRunner.run(ParentRunner.java:309)
	at org.junit.runners.Suite.runChild(Suite.java:127)
	at org.junit.runners.Suite.runChild(Suite.java:26)
	at org.junit.runners.ParentRunner$3.run(ParentRunner.java:238)
	at org.junit.runners.ParentRunner$1.schedule(ParentRunner.java:63)
	at org.junit.runners.ParentRunner.runChildren(ParentRunner.java:236)
	at org.junit.runners.ParentRunner.access$000(ParentRunner.java:53)
	at org.junit.runners.ParentRunner$2.evaluate(ParentRunner.java:229)
	at org.junit.runners.ParentRunner.run(ParentRunner.java:309)
	at org.apache.maven.surefire.junit4.JUnit4Provider.execute(JUnit4Provider.java:365)
	at org.apache.maven.surefire.junit4.JUnit4Provider.executeWithRerun(JUnit4Provider.java:273)
	at org.apache.maven.surefire.junit4.JUnit4Provider.executeTestSet(JUnit4Provider.java:238)
	at org.apache.maven.surefire.junit4.JUnit4Provider.invoke(JUnit4Provider.java:159)
	at org.apache.maven.surefire.booter.ForkedBooter.invokeProviderInSameClassLoader(ForkedBooter.java:384)
	at org.apache.maven.surefire.booter.ForkedBooter.runSuitesInProcess(ForkedBooter.java:345)
	at org.apache.maven.surefire.booter.ForkedBooter.execute(ForkedBooter.java:126)
	at org.apache.maven.surefire.booter.ForkedBooter.main(ForkedBooter.java:418)
</error>
    <system-out><![CDATA[2019-09-25 11:51:47,099 [main] WARN  server.ServerUtils (ServerUtils.java:getScmDbDir(145)) - ozone.scm.db.dirs is not configured. We recommend adding this setting. Falling back to ozone.metadata.dirs instead.
2019-09-25 11:51:47,115 [main] WARN  server.ServerUtils (ServerUtils.java:getScmDbDir(145)) - ozone.scm.db.dirs is not configured. We recommend adding this setting. Falling back to ozone.metadata.dirs instead.
2019-09-25 11:51:47,115 [main] WARN  server.ServerUtils (ServerUtils.java:getScmDbDir(145)) - ozone.scm.db.dirs is not configured. We recommend adding this setting. Falling back to ozone.metadata.dirs instead.
2019-09-25 11:51:47,115 [main] INFO  db.DBStoreBuilder (DBStoreBuilder.java:addTable(110)) - using custom profile for table: deletedBlocks
2019-09-25 11:51:47,116 [main] INFO  db.DBStoreBuilder (DBStoreBuilder.java:processTables(161)) - Using default column profile:DBProfile.DISK for Table:deletedBlocks
2019-09-25 11:51:47,116 [main] INFO  db.DBStoreBuilder (DBStoreBuilder.java:addTable(110)) - using custom profile for table: validCerts
2019-09-25 11:51:47,116 [main] INFO  db.DBStoreBuilder (DBStoreBuilder.java:processTables(161)) - Using default column profile:DBProfile.DISK for Table:validCerts
2019-09-25 11:51:47,116 [main] INFO  db.DBStoreBuilder (DBStoreBuilder.java:addTable(110)) - using custom profile for table: revokedCerts
2019-09-25 11:51:47,116 [main] INFO  db.DBStoreBuilder (DBStoreBuilder.java:processTables(161)) - Using default column profile:DBProfile.DISK for Table:revokedCerts
2019-09-25 11:51:47,116 [main] INFO  db.DBStoreBuilder (DBStoreBuilder.java:addTable(110)) - using custom profile for table: default
2019-09-25 11:51:47,117 [main] INFO  db.DBStoreBuilder (DBStoreBuilder.java:processTables(167)) - Using default column profile:DBProfile.DISK for Table:default
2019-09-25 11:51:47,117 [main] INFO  db.DBStoreBuilder (DBStoreBuilder.java:getDbProfile(198)) - Using default options. DBProfile.DISK
2019-09-25 11:51:47,335 [main] INFO  net.NodeSchemaLoader (NodeSchemaLoader.java:loadSchemaFromFile(125)) - Loading file from sun.misc.CompoundEnumeration@304744a1
2019-09-25 11:51:47,335 [main] INFO  net.NodeSchemaLoader (NodeSchemaLoader.java:loadSchema(171)) - Loading network topology layer schema file
2019-09-25 11:51:47,341 [main] WARN  server.ServerUtils (ServerUtils.java:sanitizeUserArgs(70)) - ozone.scm.stale.node.interval value = 300000 is larger than max = 100000 based on the key value of ozone.scm.heartbeat.thread.interval, reset to the max value 100000.
2019-09-25 11:51:47,341 [main] WARN  server.ServerUtils (ServerUtils.java:sanitizeUserArgs(70)) - ozone.scm.stale.node.interval value = 300000 is larger than max = 100000 based on the key value of ozone.scm.heartbeat.thread.interval, reset to the max value 100000.
2019-09-25 11:51:47,341 [main] INFO  node.SCMNodeManager (SCMNodeManager.java:<init>(114)) - Entering startup safe mode.
2019-09-25 11:51:47,343 [main] INFO  algorithms.ContainerPlacementPolicyFactory (ContainerPlacementPolicyFactory.java:getPolicy(59)) - Create container placement policy of type org.apache.hadoop.hdds.scm.container.placement.algorithms.SCMContainerPlacementRandom
2019-09-25 11:51:47,343 [main] WARN  server.ServerUtils (ServerUtils.java:getScmDbDir(145)) - ozone.scm.db.dirs is not configured. We recommend adding this setting. Falling back to ozone.metadata.dirs instead.
2019-09-25 11:51:47,376 [main] INFO  pipeline.SCMPipelineManager (SCMPipelineManager.java:initializePipelineState(132)) - No pipeline exists in current db
2019-09-25 11:51:47,377 [main] WARN  server.ServerUtils (ServerUtils.java:getScmDbDir(145)) - ozone.scm.db.dirs is not configured. We recommend adding this setting. Falling back to ozone.metadata.dirs instead.
2019-09-25 11:51:47,416 [main] WARN  events.EventQueue (EventQueue.java:fireEvent(183)) - No event handler registered for event TypedEvent{payloadType=SafeModeStatus, name='SafeModeStatus'}
2019-09-25 11:51:47,417 [main] INFO  ipc.CallQueueManager (CallQueueManager.java:<init>(84)) - Using callQueue: class java.util.concurrent.LinkedBlockingQueue, queueCapacity: 2000, scheduler: class org.apache.hadoop.ipc.DefaultRpcScheduler, ipcBackoff: false.
2019-09-25 11:51:47,418 [Socket Reader #1 for port 42531] INFO  ipc.Server (Server.java:run(1074)) - Starting Socket Reader #1 for port 42531
2019-09-25 11:51:47,422 [main] INFO  ipc.CallQueueManager (CallQueueManager.java:<init>(84)) - Using callQueue: class java.util.concurrent.LinkedBlockingQueue, queueCapacity: 2000, scheduler: class org.apache.hadoop.ipc.DefaultRpcScheduler, ipcBackoff: false.
2019-09-25 11:51:47,423 [Socket Reader #1 for port 33836] INFO  ipc.Server (Server.java:run(1074)) - Starting Socket Reader #1 for port 33836
2019-09-25 11:51:47,425 [main] INFO  ipc.CallQueueManager (CallQueueManager.java:<init>(84)) - Using callQueue: class java.util.concurrent.LinkedBlockingQueue, queueCapacity: 2000, scheduler: class org.apache.hadoop.ipc.DefaultRpcScheduler, ipcBackoff: false.
2019-09-25 11:51:47,426 [Socket Reader #1 for port 36410] INFO  ipc.Server (Server.java:run(1074)) - Starting Socket Reader #1 for port 36410
2019-09-25 11:51:47,430 [main] INFO  hdfs.DFSUtil (DFSUtil.java:httpServerTemplateForNNAndJN(1641)) - Starting Web-server for scm at: http://0.0.0.0:0
2019-09-25 11:51:47,433 [main] INFO  server.AuthenticationFilter (AuthenticationFilter.java:constructSecretProvider(240)) - Unable to initialize FileSignerSecretProvider, falling back to use random secrets.
2019-09-25 11:51:47,433 [main] WARN  http.HttpRequestLog (HttpRequestLog.java:getRequestLog(97)) - Jetty request log can only be enabled using Log4j
2019-09-25 11:51:47,435 [main] INFO  http.HttpServer2 (HttpServer2.java:addGlobalFilter(975)) - Added global filter 'safety' (class=org.apache.hadoop.http.HttpServer2$QuotingInputFilter)
2019-09-25 11:51:47,437 [main] INFO  http.HttpServer2 (HttpServer2.java:addFilter(948)) - Added filter static_user_filter (class=org.apache.hadoop.http.lib.StaticUserWebFilter$StaticUserFilter) to context scm
2019-09-25 11:51:47,437 [main] INFO  http.HttpServer2 (HttpServer2.java:addFilter(958)) - Added filter static_user_filter (class=org.apache.hadoop.http.lib.StaticUserWebFilter$StaticUserFilter) to context static
2019-09-25 11:51:47,437 [main] INFO  http.HttpServer2 (HttpServer2.java:addFilter(958)) - Added filter static_user_filter (class=org.apache.hadoop.http.lib.StaticUserWebFilter$StaticUserFilter) to context logs
2019-09-25 11:51:47,439 [main] INFO  server.StorageContainerManager (StorageContainerManager.java:start(770)) - StorageContainerLocationProtocol RPC server is listening at /0.0.0.0:36410
2019-09-25 11:51:47,442 [main] WARN  impl.MetricsConfig (MetricsConfig.java:loadFirst(134)) - Cannot locate configuration: tried hadoop-metrics2-storagecontainermanager.properties,hadoop-metrics2.properties
2019-09-25 11:51:47,443 [main] INFO  impl.MetricsSystemImpl (MetricsSystemImpl.java:startTimer(374)) - Scheduled Metric snapshot period at 10 second(s).
2019-09-25 11:51:47,443 [main] INFO  impl.MetricsSystemImpl (MetricsSystemImpl.java:start(191)) - StorageContainerManager metrics system started
2019-09-25 11:51:47,567 [main] WARN  impl.MetricsSystemImpl (MetricsSystemImpl.java:register(276)) - Sink prometheus already exists!
2019-09-25 11:51:47,808 [main] INFO  server.SCMClientProtocolServer (SCMClientProtocolServer.java:start(151)) - RPC server for Client  is listening at /0.0.0.0:36410
2019-09-25 11:51:47,809 [IPC Server Responder] INFO  ipc.Server (Server.java:run(1314)) - IPC Server Responder: starting
2019-09-25 11:51:47,809 [IPC Server listener on 36410] INFO  ipc.Server (Server.java:run(1153)) - IPC Server listener on 36410: starting
2019-09-25 11:51:47,815 [main] INFO  server.StorageContainerManager (StorageContainerManager.java:start(780)) - ScmBlockLocationProtocol RPC server is listening at /0.0.0.0:33836
2019-09-25 11:51:47,815 [main] INFO  server.SCMBlockProtocolServer (SCMBlockProtocolServer.java:start(146)) - RPC server for Block Protocol is listening at /0.0.0.0:33836
2019-09-25 11:51:47,816 [IPC Server Responder] INFO  ipc.Server (Server.java:run(1314)) - IPC Server Responder: starting
2019-09-25 11:51:47,818 [IPC Server listener on 33836] INFO  ipc.Server (Server.java:run(1153)) - IPC Server listener on 33836: starting
2019-09-25 11:51:47,823 [main] INFO  server.StorageContainerManager (StorageContainerManager.java:start(784)) - ScmDatanodeProtocl RPC server is listening at /0.0.0.0:42531
2019-09-25 11:51:47,823 [main] INFO  server.SCMDatanodeProtocolServer (SCMDatanodeProtocolServer.java:start(191)) - RPC server for DataNodes is listening at /0.0.0.0:42531
2019-09-25 11:51:47,823 [IPC Server Responder] INFO  ipc.Server (Server.java:run(1314)) - IPC Server Responder: starting
2019-09-25 11:51:47,823 [IPC Server listener on 42531] INFO  ipc.Server (Server.java:run(1153)) - IPC Server listener on 42531: starting
2019-09-25 11:51:47,830 [main] INFO  http.HttpServer2 (HttpServer2.java:bindListener(1191)) - Jetty bound to port 37531
2019-09-25 11:51:47,830 [main] INFO  server.Server (Server.java:doStart(351)) - jetty-9.3.25.v20180904, build timestamp: 2018-09-04T21:11:46Z, git hash: 3ce520221d0240229c862b122d2b06c12a625732
2019-09-25 11:51:47,832 [main] INFO  handler.ContextHandler (ContextHandler.java:doStart(781)) - Started o.e.j.s.ServletContextHandler@288409f0{/logs,file:///workdir/hadoop-ozone/ozonefs/target/log,AVAILABLE}
2019-09-25 11:51:47,832 [main] INFO  handler.ContextHandler (ContextHandler.java:doStart(781)) - Started o.e.j.s.ServletContextHandler@61eab26b{/static,jar:file:/home/user/.m2/repository/org/apache/hadoop/hadoop-hdds-server-scm/0.5.0-SNAPSHOT/hadoop-hdds-server-scm-0.5.0-SNAPSHOT.jar!/webapps/static,AVAILABLE}
2019-09-25 11:51:47,872 [main] INFO  handler.ContextHandler (ContextHandler.java:doStart(781)) - Started o.e.j.w.WebAppContext@edbc2bf{/,file:///tmp/jetty-0.0.0.0-37531-scm-_-any-8123889703645011353.dir/webapp/,AVAILABLE}{/scm}
2019-09-25 11:51:47,873 [main] INFO  server.AbstractConnector (AbstractConnector.java:doStart(278)) - Started ServerConnector@3e01796a{HTTP/1.1,[http/1.1]}{0.0.0.0:37531}
2019-09-25 11:51:47,876 [main] INFO  server.Server (Server.java:doStart(419)) - Started @191463ms
2019-09-25 11:51:47,876 [main] WARN  impl.MetricsSystemImpl (MetricsSystemImpl.java:register(276)) - Sink prometheus already exists!
2019-09-25 11:51:47,876 [main] INFO  server.BaseHttpServer (BaseHttpServer.java:updateConnectorAddress(215)) - HTTP server of SCM is listening at http://0.0.0.0:37531
2019-09-25 11:51:47,877 [main] WARN  server.ServerUtils (ServerUtils.java:getDBPath(222)) - ozone.om.db.dirs is not configured. We recommend adding this setting. Falling back to ozone.metadata.dirs instead.
2019-09-25 11:51:47,879 [org.apache.hadoop.util.JvmPauseMonitor$Monitor@e91facf] INFO  util.JvmPauseMonitor (JvmPauseMonitor.java:run(188)) - Starting JVM pause monitor
2019-09-25 11:51:47,885 [main] WARN  server.ServerUtils (ServerUtils.java:getDBPath(222)) - ozone.om.db.dirs is not configured. We recommend adding this setting. Falling back to ozone.metadata.dirs instead.
2019-09-25 11:51:47,885 [main] WARN  server.ServerUtils (ServerUtils.java:getDBPath(222)) - ozone.om.db.dirs is not configured. We recommend adding this setting. Falling back to ozone.metadata.dirs instead.
2019-09-25 11:51:47,885 [main] INFO  om.OzoneManager (OzoneManager.java:setOMNodeDetails(652)) - OM Service ID is not set. Setting it to the default ID: omServiceIdDefault
2019-09-25 11:51:47,885 [main] INFO  om.OzoneManager (OzoneManager.java:setOMNodeDetails(658)) - OM Node ID is not set. Setting it to the OmStorage's OmID: 3d20c0cd-b0aa-477e-8ed2-232cb49acc13
2019-09-25 11:51:47,886 [main] INFO  om.OzoneManager (OzoneManager.java:loadOMHAConfigs(609)) - Found matching OM address with OMServiceId: null, OMNodeId: null, RPC Address: localhost:0 and Ratis port: 9872
2019-09-25 11:51:47,897 [main] WARN  server.ServerUtils (ServerUtils.java:getDBPath(222)) - ozone.om.db.dirs is not configured. We recommend adding this setting. Falling back to ozone.metadata.dirs instead.
2019-09-25 11:51:47,897 [main] INFO  db.DBStoreBuilder (DBStoreBuilder.java:addTable(110)) - using custom profile for table: userTable
2019-09-25 11:51:47,898 [main] INFO  db.DBStoreBuilder (DBStoreBuilder.java:processTables(161)) - Using default column profile:DBProfile.DISK for Table:userTable
2019-09-25 11:51:47,898 [main] INFO  db.DBStoreBuilder (DBStoreBuilder.java:addTable(110)) - using custom profile for table: volumeTable
2019-09-25 11:51:47,898 [main] INFO  db.DBStoreBuilder (DBStoreBuilder.java:processTables(161)) - Using default column profile:DBProfile.DISK for Table:volumeTable
2019-09-25 11:51:47,898 [main] INFO  db.DBStoreBuilder (DBStoreBuilder.java:addTable(110)) - using custom profile for table: bucketTable
2019-09-25 11:51:47,899 [main] INFO  db.DBStoreBuilder (DBStoreBuilder.java:processTables(161)) - Using default column profile:DBProfile.DISK for Table:bucketTable
2019-09-25 11:51:47,899 [main] INFO  db.DBStoreBuilder (DBStoreBuilder.java:addTable(110)) - using custom profile for table: keyTable
2019-09-25 11:51:47,899 [main] INFO  db.DBStoreBuilder (DBStoreBuilder.java:processTables(161)) - Using default column profile:DBProfile.DISK for Table:keyTable
2019-09-25 11:51:47,900 [main] INFO  db.DBStoreBuilder (DBStoreBuilder.java:addTable(110)) - using custom profile for table: deletedTable
2019-09-25 11:51:47,900 [main] INFO  db.DBStoreBuilder (DBStoreBuilder.java:processTables(161)) - Using default column profile:DBProfile.DISK for Table:deletedTable
2019-09-25 11:51:47,900 [main] INFO  db.DBStoreBuilder (DBStoreBuilder.java:addTable(110)) - using custom profile for table: openKeyTable
2019-09-25 11:51:47,900 [main] INFO  db.DBStoreBuilder (DBStoreBuilder.java:processTables(161)) - Using default column profile:DBProfile.DISK for Table:openKeyTable
2019-09-25 11:51:47,901 [main] INFO  db.DBStoreBuilder (DBStoreBuilder.java:addTable(110)) - using custom profile for table: s3Table
2019-09-25 11:51:47,901 [main] INFO  db.DBStoreBuilder (DBStoreBuilder.java:processTables(161)) - Using default column profile:DBProfile.DISK for Table:s3Table
2019-09-25 11:51:47,901 [main] INFO  db.DBStoreBuilder (DBStoreBuilder.java:addTable(110)) - using custom profile for table: multipartInfoTable
2019-09-25 11:51:47,902 [main] INFO  db.DBStoreBuilder (DBStoreBuilder.java:processTables(161)) - Using default column profile:DBProfile.DISK for Table:multipartInfoTable
2019-09-25 11:51:47,902 [main] INFO  db.DBStoreBuilder (DBStoreBuilder.java:addTable(110)) - using custom profile for table: dTokenTable
2019-09-25 11:51:47,902 [main] INFO  db.DBStoreBuilder (DBStoreBuilder.java:processTables(161)) - Using default column profile:DBProfile.DISK for Table:dTokenTable
2019-09-25 11:51:47,902 [main] INFO  db.DBStoreBuilder (DBStoreBuilder.java:addTable(110)) - using custom profile for table: s3SecretTable
2019-09-25 11:51:47,903 [main] INFO  db.DBStoreBuilder (DBStoreBuilder.java:processTables(161)) - Using default column profile:DBProfile.DISK for Table:s3SecretTable
2019-09-25 11:51:47,903 [main] INFO  db.DBStoreBuilder (DBStoreBuilder.java:addTable(110)) - using custom profile for table: prefixTable
2019-09-25 11:51:47,903 [main] INFO  db.DBStoreBuilder (DBStoreBuilder.java:processTables(161)) - Using default column profile:DBProfile.DISK for Table:prefixTable
2019-09-25 11:51:47,904 [main] INFO  db.DBStoreBuilder (DBStoreBuilder.java:addTable(110)) - using custom profile for table: default
2019-09-25 11:51:47,904 [main] INFO  db.DBStoreBuilder (DBStoreBuilder.java:processTables(167)) - Using default column profile:DBProfile.DISK for Table:default
2019-09-25 11:51:47,904 [main] INFO  db.DBStoreBuilder (DBStoreBuilder.java:getDbProfile(198)) - Using default options. DBProfile.DISK
2019-09-25 11:51:48,365 [main] INFO  ipc.CallQueueManager (CallQueueManager.java:<init>(84)) - Using callQueue: class java.util.concurrent.LinkedBlockingQueue, queueCapacity: 2000, scheduler: class org.apache.hadoop.ipc.DefaultRpcScheduler, ipcBackoff: false.
2019-09-25 11:51:48,366 [Socket Reader #1 for port 39744] INFO  ipc.Server (Server.java:run(1074)) - Starting Socket Reader #1 for port 39744
2019-09-25 11:51:48,398 [main] INFO  om.OzoneManager (OzoneManager.java:start(1243)) - OzoneManager RPC server is listening at localhost/127.0.0.1:39744
2019-09-25 11:51:48,398 [main] INFO  impl.MetricsSystemImpl (MetricsSystemImpl.java:init(158)) - OzoneManager metrics system started (again)
2019-09-25 11:51:48,399 [IPC Server Responder] INFO  ipc.Server (Server.java:run(1314)) - IPC Server Responder: starting
2019-09-25 11:51:48,404 [IPC Server listener on 39744] INFO  ipc.Server (Server.java:run(1153)) - IPC Server listener on 39744: starting
2019-09-25 11:51:48,412 [main] INFO  hdfs.DFSUtil (DFSUtil.java:httpServerTemplateForNNAndJN(1641)) - Starting Web-server for ozoneManager at: http://0.0.0.0:0
2019-09-25 11:51:48,415 [main] INFO  server.AuthenticationFilter (AuthenticationFilter.java:constructSecretProvider(240)) - Unable to initialize FileSignerSecretProvider, falling back to use random secrets.
2019-09-25 11:51:48,415 [main] WARN  http.HttpRequestLog (HttpRequestLog.java:getRequestLog(97)) - Jetty request log can only be enabled using Log4j
2019-09-25 11:51:48,417 [main] INFO  http.HttpServer2 (HttpServer2.java:addGlobalFilter(975)) - Added global filter 'safety' (class=org.apache.hadoop.http.HttpServer2$QuotingInputFilter)
2019-09-25 11:51:48,418 [main] INFO  http.HttpServer2 (HttpServer2.java:addFilter(948)) - Added filter static_user_filter (class=org.apache.hadoop.http.lib.StaticUserWebFilter$StaticUserFilter) to context ozoneManager
2019-09-25 11:51:48,418 [main] INFO  http.HttpServer2 (HttpServer2.java:addFilter(958)) - Added filter static_user_filter (class=org.apache.hadoop.http.lib.StaticUserWebFilter$StaticUserFilter) to context static
2019-09-25 11:51:48,418 [main] INFO  http.HttpServer2 (HttpServer2.java:addFilter(958)) - Added filter static_user_filter (class=org.apache.hadoop.http.lib.StaticUserWebFilter$StaticUserFilter) to context logs
2019-09-25 11:51:48,419 [main] INFO  http.HttpServer2 (HttpServer2.java:bindListener(1191)) - Jetty bound to port 40579
2019-09-25 11:51:48,419 [main] INFO  server.Server (Server.java:doStart(351)) - jetty-9.3.25.v20180904, build timestamp: 2018-09-04T21:11:46Z, git hash: 3ce520221d0240229c862b122d2b06c12a625732
2019-09-25 11:51:48,421 [main] INFO  handler.ContextHandler (ContextHandler.java:doStart(781)) - Started o.e.j.s.ServletContextHandler@3c3ab672{/logs,file:///workdir/hadoop-ozone/ozonefs/target/log,AVAILABLE}
2019-09-25 11:51:48,422 [main] INFO  handler.ContextHandler (ContextHandler.java:doStart(781)) - Started o.e.j.s.ServletContextHandler@3d764641{/static,jar:file:/home/user/.m2/repository/org/apache/hadoop/hadoop-ozone-ozone-manager/0.5.0-SNAPSHOT/hadoop-ozone-ozone-manager-0.5.0-SNAPSHOT.jar!/webapps/static,AVAILABLE}
2019-09-25 11:51:48,478 [main] INFO  handler.ContextHandler (ContextHandler.java:doStart(781)) - Started o.e.j.w.WebAppContext@45bf93bb{/,file:///tmp/jetty-0.0.0.0-40579-ozoneManager-_-any-607740980064012364.dir/webapp/,AVAILABLE}{/ozoneManager}
2019-09-25 11:51:48,478 [main] INFO  server.AbstractConnector (AbstractConnector.java:doStart(278)) - Started ServerConnector@6b7c4734{HTTP/1.1,[http/1.1]}{0.0.0.0:40579}
2019-09-25 11:51:48,481 [main] INFO  server.Server (Server.java:doStart(419)) - Started @192066ms
2019-09-25 11:51:48,481 [main] WARN  impl.MetricsSystemImpl (MetricsSystemImpl.java:register(276)) - Sink prometheus already exists!
2019-09-25 11:51:48,481 [main] INFO  server.BaseHttpServer (BaseHttpServer.java:updateConnectorAddress(215)) - HTTP server of OZONEMANAGER is listening at http://0.0.0.0:40579
2019-09-25 11:51:48,492 [main] INFO  impl.MetricsSystemImpl (MetricsSystemImpl.java:init(158)) - HddsDatanode metrics system started (again)
2019-09-25 11:51:48,506 [main] INFO  ozone.HddsDatanodeService (HddsDatanodeService.java:start(184)) - HddsDatanodeService host:pr-hdds-1569-5gmkr-4255264070 ip:192.168.30.6
2019-09-25 11:51:48,514 [main] INFO  volume.HddsVolume (HddsVolume.java:<init>(176)) - Creating Volume: /workdir/hadoop-ozone/ozonefs/target/test-dir/MiniOzoneClusterImpl-059d6754-7a35-406d-b491-ba78f413a116/datanode-0/data/containers/hdds of  storage type : DISK and capacity : 1482555576320
2019-09-25 11:51:48,514 [main] INFO  volume.VolumeSet (VolumeSet.java:initializeVolumeSet(170)) - Added Volume : /workdir/hadoop-ozone/ozonefs/target/test-dir/MiniOzoneClusterImpl-059d6754-7a35-406d-b491-ba78f413a116/datanode-0/data/containers/hdds to VolumeSet
2019-09-25 11:51:48,514 [main] INFO  volume.ThrottledAsyncChecker (ThrottledAsyncChecker.java:schedule(139)) - Scheduling a check for org.apache.hadoop.ozone.container.common.volume.HddsVolume@1e5b33e5
2019-09-25 11:51:48,515 [main] INFO  volume.HddsVolumeChecker (HddsVolumeChecker.java:checkAllVolumes(202)) - Scheduled health check for volume org.apache.hadoop.ozone.container.common.volume.HddsVolume@1e5b33e5
2019-09-25 11:51:48,540 [main] INFO  impl.RaftServerProxy (ConfUtils.java:logGet(43)) - raft.rpc.type = GRPC (default)
2019-09-25 11:51:48,540 [main] INFO  grpc.GrpcFactory (GrpcFactory.java:checkPooledByteBufAllocatorUseCacheForAllThreads(45)) - PERFORMANCE WARNING: useCacheForAllThreads is true that may cause Netty to create a lot garbage objects and, as a result, trigger GC.
	It is recommended to disable useCacheForAllThreads by setting -Dorg.apache.ratis.thirdparty.io.netty.allocator.useCacheForAllThreads=false in command line.
2019-09-25 11:51:48,540 [main] INFO  grpc.GrpcConfigKeys$Server (ConfUtils.java:logGet(43)) - raft.grpc.server.port = 0 (default)
2019-09-25 11:51:48,541 [main] INFO  server.GrpcService (ConfUtils.java:logGet(43)) - raft.grpc.message.size.max = 33570816 (custom)
2019-09-25 11:51:48,541 [main] INFO  server.RaftServerConfigKeys (ConfUtils.java:logGet(43)) - raft.server.log.appender.buffer.byte-limit = 33554432 (custom)
2019-09-25 11:51:48,541 [main] INFO  server.GrpcService (ConfUtils.java:logGet(43)) - raft.grpc.flow.control.window = 1MB (=1048576) (default)
2019-09-25 11:51:48,541 [main] INFO  server.RaftServerConfigKeys (ConfUtils.java:logGet(43)) - raft.server.rpc.request.timeout = 3000ms (default)
2019-09-25 11:51:48,542 [main] INFO  server.RaftServerConfigKeys (ConfUtils.java:logGet(43)) - raft.server.storage.dir = [/workdir/hadoop-ozone/ozonefs/target/test-dir/MiniOzoneClusterImpl-059d6754-7a35-406d-b491-ba78f413a116/datanode-0/data/ratis] (custom)
2019-09-25 11:51:48,544 [main] INFO  hdfs.DFSUtil (DFSUtil.java:httpServerTemplateForNNAndJN(1641)) - Starting Web-server for hddsDatanode at: http://0.0.0.0:0
2019-09-25 11:51:48,545 [main] INFO  server.AuthenticationFilter (AuthenticationFilter.java:constructSecretProvider(240)) - Unable to initialize FileSignerSecretProvider, falling back to use random secrets.
2019-09-25 11:51:48,545 [main] WARN  http.HttpRequestLog (HttpRequestLog.java:getRequestLog(97)) - Jetty request log can only be enabled using Log4j
2019-09-25 11:51:48,547 [main] INFO  http.HttpServer2 (HttpServer2.java:addGlobalFilter(975)) - Added global filter 'safety' (class=org.apache.hadoop.http.HttpServer2$QuotingInputFilter)
2019-09-25 11:51:48,548 [main] INFO  http.HttpServer2 (HttpServer2.java:addFilter(948)) - Added filter static_user_filter (class=org.apache.hadoop.http.lib.StaticUserWebFilter$StaticUserFilter) to context hddsDatanode
2019-09-25 11:51:48,548 [main] INFO  http.HttpServer2 (HttpServer2.java:addFilter(958)) - Added filter static_user_filter (class=org.apache.hadoop.http.lib.StaticUserWebFilter$StaticUserFilter) to context logs
2019-09-25 11:51:48,548 [main] INFO  http.HttpServer2 (HttpServer2.java:addFilter(958)) - Added filter static_user_filter (class=org.apache.hadoop.http.lib.StaticUserWebFilter$StaticUserFilter) to context static
2019-09-25 11:51:48,549 [main] INFO  http.HttpServer2 (HttpServer2.java:bindListener(1191)) - Jetty bound to port 41886
2019-09-25 11:51:48,549 [main] INFO  server.Server (Server.java:doStart(351)) - jetty-9.3.25.v20180904, build timestamp: 2018-09-04T21:11:46Z, git hash: 3ce520221d0240229c862b122d2b06c12a625732
2019-09-25 11:51:48,550 [main] INFO  handler.ContextHandler (ContextHandler.java:doStart(781)) - Started o.e.j.s.ServletContextHandler@16029e2f{/logs,file:///workdir/hadoop-ozone/ozonefs/target/log,AVAILABLE}
2019-09-25 11:51:48,551 [main] INFO  handler.ContextHandler (ContextHandler.java:doStart(781)) - Started o.e.j.s.ServletContextHandler@45f1413c{/static,jar:file:/home/user/.m2/repository/org/apache/hadoop/hadoop-hdds-container-service/0.5.0-SNAPSHOT/hadoop-hdds-container-service-0.5.0-SNAPSHOT.jar!/webapps/static,AVAILABLE}
2019-09-25 11:51:48,590 [main] INFO  handler.ContextHandler (ContextHandler.java:doStart(781)) - Started o.e.j.w.WebAppContext@538e74fc{/,file:///tmp/jetty-0.0.0.0-41886-hddsDatanode-_-any-7955041770709989550.dir/webapp/,AVAILABLE}{/hddsDatanode}
2019-09-25 11:51:48,590 [main] INFO  server.AbstractConnector (AbstractConnector.java:doStart(278)) - Started ServerConnector@7ecb9e17{HTTP/1.1,[http/1.1]}{0.0.0.0:41886}
2019-09-25 11:51:48,593 [main] INFO  server.Server (Server.java:doStart(419)) - Started @192180ms
2019-09-25 11:51:48,593 [main] WARN  impl.MetricsSystemImpl (MetricsSystemImpl.java:register(276)) - Sink prometheus already exists!
2019-09-25 11:51:48,594 [main] INFO  server.BaseHttpServer (BaseHttpServer.java:updateConnectorAddress(215)) - HTTP server of HDDSDATANODE is listening at http://0.0.0.0:41886
2019-09-25 11:51:48,594 [main] INFO  impl.MetricsSystemImpl (MetricsSystemImpl.java:init(158)) - HddsDatanode metrics system started (again)
2019-09-25 11:51:48,605 [org.apache.hadoop.util.JvmPauseMonitor$Monitor@1c4b41a0] INFO  util.JvmPauseMonitor (JvmPauseMonitor.java:run(188)) - Starting JVM pause monitor
2019-09-25 11:51:48,606 [main] INFO  ozone.HddsDatanodeService (HddsDatanodeService.java:start(184)) - HddsDatanodeService host:pr-hdds-1569-5gmkr-4255264070 ip:192.168.30.6
2019-09-25 11:51:48,607 [Datanode State Machine Thread - 0] INFO  datanode.InitDatanodeState (InitDatanodeState.java:persistContainerDatanodeDetails(140)) - DatanodeDetails is persisted to /workdir/hadoop-ozone/ozonefs/target/test-dir/MiniOzoneClusterImpl-059d6754-7a35-406d-b491-ba78f413a116/datanode-0/meta/datanode.id
2019-09-25 11:51:48,614 [main] INFO  volume.HddsVolume (HddsVolume.java:<init>(176)) - Creating Volume: /workdir/hadoop-ozone/ozonefs/target/test-dir/MiniOzoneClusterImpl-059d6754-7a35-406d-b491-ba78f413a116/datanode-1/data/containers/hdds of  storage type : DISK and capacity : 1482555576320
2019-09-25 11:51:48,614 [main] INFO  volume.VolumeSet (VolumeSet.java:initializeVolumeSet(170)) - Added Volume : /workdir/hadoop-ozone/ozonefs/target/test-dir/MiniOzoneClusterImpl-059d6754-7a35-406d-b491-ba78f413a116/datanode-1/data/containers/hdds to VolumeSet
2019-09-25 11:51:48,614 [main] INFO  volume.ThrottledAsyncChecker (ThrottledAsyncChecker.java:schedule(139)) - Scheduling a check for org.apache.hadoop.ozone.container.common.volume.HddsVolume@762da62b
2019-09-25 11:51:48,615 [main] INFO  volume.HddsVolumeChecker (HddsVolumeChecker.java:checkAllVolumes(202)) - Scheduled health check for volume org.apache.hadoop.ozone.container.common.volume.HddsVolume@762da62b
2019-09-25 11:51:48,640 [main] INFO  impl.RaftServerProxy (ConfUtils.java:logGet(43)) - raft.rpc.type = GRPC (default)
2019-09-25 11:51:48,640 [main] INFO  grpc.GrpcFactory (GrpcFactory.java:checkPooledByteBufAllocatorUseCacheForAllThreads(45)) - PERFORMANCE WARNING: useCacheForAllThreads is true that may cause Netty to create a lot garbage objects and, as a result, trigger GC.
	It is recommended to disable useCacheForAllThreads by setting -Dorg.apache.ratis.thirdparty.io.netty.allocator.useCacheForAllThreads=false in command line.
2019-09-25 11:51:48,640 [main] INFO  grpc.GrpcConfigKeys$Server (ConfUtils.java:logGet(43)) - raft.grpc.server.port = 0 (default)
2019-09-25 11:51:48,640 [main] INFO  server.GrpcService (ConfUtils.java:logGet(43)) - raft.grpc.message.size.max = 33570816 (custom)
2019-09-25 11:51:48,641 [main] INFO  server.RaftServerConfigKeys (ConfUtils.java:logGet(43)) - raft.server.log.appender.buffer.byte-limit = 33554432 (custom)
2019-09-25 11:51:48,641 [main] INFO  server.GrpcService (ConfUtils.java:logGet(43)) - raft.grpc.flow.control.window = 1MB (=1048576) (default)
2019-09-25 11:51:48,641 [main] INFO  server.RaftServerConfigKeys (ConfUtils.java:logGet(43)) - raft.server.rpc.request.timeout = 3000ms (default)
2019-09-25 11:51:48,642 [main] INFO  server.RaftServerConfigKeys (ConfUtils.java:logGet(43)) - raft.server.storage.dir = [/workdir/hadoop-ozone/ozonefs/target/test-dir/MiniOzoneClusterImpl-059d6754-7a35-406d-b491-ba78f413a116/datanode-1/data/ratis] (custom)
2019-09-25 11:51:48,643 [main] INFO  hdfs.DFSUtil (DFSUtil.java:httpServerTemplateForNNAndJN(1641)) - Starting Web-server for hddsDatanode at: http://0.0.0.0:0
2019-09-25 11:51:48,646 [main] INFO  server.AuthenticationFilter (AuthenticationFilter.java:constructSecretProvider(240)) - Unable to initialize FileSignerSecretProvider, falling back to use random secrets.
2019-09-25 11:51:48,647 [main] WARN  http.HttpRequestLog (HttpRequestLog.java:getRequestLog(97)) - Jetty request log can only be enabled using Log4j
2019-09-25 11:51:48,649 [main] INFO  http.HttpServer2 (HttpServer2.java:addGlobalFilter(975)) - Added global filter 'safety' (class=org.apache.hadoop.http.HttpServer2$QuotingInputFilter)
2019-09-25 11:51:48,650 [main] INFO  http.HttpServer2 (HttpServer2.java:addFilter(948)) - Added filter static_user_filter (class=org.apache.hadoop.http.lib.StaticUserWebFilter$StaticUserFilter) to context hddsDatanode
2019-09-25 11:51:48,651 [main] INFO  http.HttpServer2 (HttpServer2.java:addFilter(958)) - Added filter static_user_filter (class=org.apache.hadoop.http.lib.StaticUserWebFilter$StaticUserFilter) to context static
2019-09-25 11:51:48,651 [main] INFO  http.HttpServer2 (HttpServer2.java:addFilter(958)) - Added filter static_user_filter (class=org.apache.hadoop.http.lib.StaticUserWebFilter$StaticUserFilter) to context logs
2019-09-25 11:51:48,652 [main] INFO  http.HttpServer2 (HttpServer2.java:bindListener(1191)) - Jetty bound to port 43402
2019-09-25 11:51:48,652 [main] INFO  server.Server (Server.java:doStart(351)) - jetty-9.3.25.v20180904, build timestamp: 2018-09-04T21:11:46Z, git hash: 3ce520221d0240229c862b122d2b06c12a625732
2019-09-25 11:51:48,654 [main] INFO  handler.ContextHandler (ContextHandler.java:doStart(781)) - Started o.e.j.s.ServletContextHandler@7d1cdeb1{/logs,file:///workdir/hadoop-ozone/ozonefs/target/log,AVAILABLE}
2019-09-25 11:51:48,655 [main] INFO  handler.ContextHandler (ContextHandler.java:doStart(781)) - Started o.e.j.s.ServletContextHandler@3a3316b6{/static,jar:file:/home/user/.m2/repository/org/apache/hadoop/hadoop-hdds-container-service/0.5.0-SNAPSHOT/hadoop-hdds-container-service-0.5.0-SNAPSHOT.jar!/webapps/static,AVAILABLE}
2019-09-25 11:51:48,699 [main] INFO  handler.ContextHandler (ContextHandler.java:doStart(781)) - Started o.e.j.w.WebAppContext@4e96cb04{/,file:///tmp/jetty-0.0.0.0-43402-hddsDatanode-_-any-2507806169936712489.dir/webapp/,AVAILABLE}{/hddsDatanode}
2019-09-25 11:51:48,699 [main] INFO  server.AbstractConnector (AbstractConnector.java:doStart(278)) - Started ServerConnector@70ecf57b{HTTP/1.1,[http/1.1]}{0.0.0.0:43402}
2019-09-25 11:51:48,702 [main] INFO  server.Server (Server.java:doStart(419)) - Started @192290ms
2019-09-25 11:51:48,702 [main] WARN  impl.MetricsSystemImpl (MetricsSystemImpl.java:register(276)) - Sink prometheus already exists!
2019-09-25 11:51:48,703 [main] INFO  server.BaseHttpServer (BaseHttpServer.java:updateConnectorAddress(215)) - HTTP server of HDDSDATANODE is listening at http://0.0.0.0:43402
2019-09-25 11:51:48,704 [main] INFO  impl.MetricsSystemImpl (MetricsSystemImpl.java:init(158)) - HddsDatanode metrics system started (again)
2019-09-25 11:51:48,717 [org.apache.hadoop.util.JvmPauseMonitor$Monitor@771ab204] INFO  util.JvmPauseMonitor (JvmPauseMonitor.java:run(188)) - Starting JVM pause monitor
2019-09-25 11:51:48,719 [main] INFO  ozone.HddsDatanodeService (HddsDatanodeService.java:start(184)) - HddsDatanodeService host:pr-hdds-1569-5gmkr-4255264070 ip:192.168.30.6
2019-09-25 11:51:48,719 [Datanode State Machine Thread - 0] INFO  datanode.InitDatanodeState (InitDatanodeState.java:persistContainerDatanodeDetails(140)) - DatanodeDetails is persisted to /workdir/hadoop-ozone/ozonefs/target/test-dir/MiniOzoneClusterImpl-059d6754-7a35-406d-b491-ba78f413a116/datanode-1/meta/datanode.id
2019-09-25 11:51:48,727 [main] INFO  volume.HddsVolume (HddsVolume.java:<init>(176)) - Creating Volume: /workdir/hadoop-ozone/ozonefs/target/test-dir/MiniOzoneClusterImpl-059d6754-7a35-406d-b491-ba78f413a116/datanode-2/data/containers/hdds of  storage type : DISK and capacity : 1482555576320
2019-09-25 11:51:48,728 [main] INFO  volume.VolumeSet (VolumeSet.java:initializeVolumeSet(170)) - Added Volume : /workdir/hadoop-ozone/ozonefs/target/test-dir/MiniOzoneClusterImpl-059d6754-7a35-406d-b491-ba78f413a116/datanode-2/data/containers/hdds to VolumeSet
2019-09-25 11:51:48,728 [main] INFO  volume.ThrottledAsyncChecker (ThrottledAsyncChecker.java:schedule(139)) - Scheduling a check for org.apache.hadoop.ozone.container.common.volume.HddsVolume@77ce8bc5
2019-09-25 11:51:48,729 [main] INFO  volume.HddsVolumeChecker (HddsVolumeChecker.java:checkAllVolumes(202)) - Scheduled health check for volume org.apache.hadoop.ozone.container.common.volume.HddsVolume@77ce8bc5
2019-09-25 11:51:48,756 [main] INFO  impl.RaftServerProxy (ConfUtils.java:logGet(43)) - raft.rpc.type = GRPC (default)
2019-09-25 11:51:48,757 [main] INFO  grpc.GrpcFactory (GrpcFactory.java:checkPooledByteBufAllocatorUseCacheForAllThreads(45)) - PERFORMANCE WARNING: useCacheForAllThreads is true that may cause Netty to create a lot garbage objects and, as a result, trigger GC.
	It is recommended to disable useCacheForAllThreads by setting -Dorg.apache.ratis.thirdparty.io.netty.allocator.useCacheForAllThreads=false in command line.
2019-09-25 11:51:48,757 [main] INFO  grpc.GrpcConfigKeys$Server (ConfUtils.java:logGet(43)) - raft.grpc.server.port = 0 (default)
2019-09-25 11:51:48,757 [main] INFO  server.GrpcService (ConfUtils.java:logGet(43)) - raft.grpc.message.size.max = 33570816 (custom)
2019-09-25 11:51:48,757 [main] INFO  server.RaftServerConfigKeys (ConfUtils.java:logGet(43)) - raft.server.log.appender.buffer.byte-limit = 33554432 (custom)
2019-09-25 11:51:48,758 [main] INFO  server.GrpcService (ConfUtils.java:logGet(43)) - raft.grpc.flow.control.window = 1MB (=1048576) (default)
2019-09-25 11:51:48,758 [main] INFO  server.RaftServerConfigKeys (ConfUtils.java:logGet(43)) - raft.server.rpc.request.timeout = 3000ms (default)
2019-09-25 11:51:48,758 [main] INFO  server.RaftServerConfigKeys (ConfUtils.java:logGet(43)) - raft.server.storage.dir = [/workdir/hadoop-ozone/ozonefs/target/test-dir/MiniOzoneClusterImpl-059d6754-7a35-406d-b491-ba78f413a116/datanode-2/data/ratis] (custom)
2019-09-25 11:51:48,760 [main] INFO  hdfs.DFSUtil (DFSUtil.java:httpServerTemplateForNNAndJN(1641)) - Starting Web-server for hddsDatanode at: http://0.0.0.0:0
2019-09-25 11:51:48,762 [main] INFO  server.AuthenticationFilter (AuthenticationFilter.java:constructSecretProvider(240)) - Unable to initialize FileSignerSecretProvider, falling back to use random secrets.
2019-09-25 11:51:48,763 [main] WARN  http.HttpRequestLog (HttpRequestLog.java:getRequestLog(97)) - Jetty request log can only be enabled using Log4j
2019-09-25 11:51:48,765 [main] INFO  http.HttpServer2 (HttpServer2.java:addGlobalFilter(975)) - Added global filter 'safety' (class=org.apache.hadoop.http.HttpServer2$QuotingInputFilter)
2019-09-25 11:51:48,766 [main] INFO  http.HttpServer2 (HttpServer2.java:addFilter(948)) - Added filter static_user_filter (class=org.apache.hadoop.http.lib.StaticUserWebFilter$StaticUserFilter) to context hddsDatanode
2019-09-25 11:51:48,766 [main] INFO  http.HttpServer2 (HttpServer2.java:addFilter(958)) - Added filter static_user_filter (class=org.apache.hadoop.http.lib.StaticUserWebFilter$StaticUserFilter) to context logs
2019-09-25 11:51:48,766 [main] INFO  http.HttpServer2 (HttpServer2.java:addFilter(958)) - Added filter static_user_filter (class=org.apache.hadoop.http.lib.StaticUserWebFilter$StaticUserFilter) to context static
2019-09-25 11:51:48,767 [main] INFO  http.HttpServer2 (HttpServer2.java:bindListener(1191)) - Jetty bound to port 36764
2019-09-25 11:51:48,767 [main] INFO  server.Server (Server.java:doStart(351)) - jetty-9.3.25.v20180904, build timestamp: 2018-09-04T21:11:46Z, git hash: 3ce520221d0240229c862b122d2b06c12a625732
2019-09-25 11:51:48,770 [main] INFO  handler.ContextHandler (ContextHandler.java:doStart(781)) - Started o.e.j.s.ServletContextHandler@11295cb1{/logs,file:///workdir/hadoop-ozone/ozonefs/target/log,AVAILABLE}
2019-09-25 11:51:48,770 [main] INFO  handler.ContextHandler (ContextHandler.java:doStart(781)) - Started o.e.j.s.ServletContextHandler@5256fbc{/static,jar:file:/home/user/.m2/repository/org/apache/hadoop/hadoop-hdds-container-service/0.5.0-SNAPSHOT/hadoop-hdds-container-service-0.5.0-SNAPSHOT.jar!/webapps/static,AVAILABLE}
2019-09-25 11:51:48,814 [main] INFO  handler.ContextHandler (ContextHandler.java:doStart(781)) - Started o.e.j.w.WebAppContext@70592729{/,file:///tmp/jetty-0.0.0.0-36764-hddsDatanode-_-any-4178890869669774681.dir/webapp/,AVAILABLE}{/hddsDatanode}
2019-09-25 11:51:48,814 [main] INFO  server.AbstractConnector (AbstractConnector.java:doStart(278)) - Started ServerConnector@2fdf7da2{HTTP/1.1,[http/1.1]}{0.0.0.0:36764}
2019-09-25 11:51:48,817 [main] INFO  server.Server (Server.java:doStart(419)) - Started @192405ms
2019-09-25 11:51:48,817 [main] WARN  impl.MetricsSystemImpl (MetricsSystemImpl.java:register(276)) - Sink prometheus already exists!
2019-09-25 11:51:48,818 [main] INFO  server.BaseHttpServer (BaseHttpServer.java:updateConnectorAddress(215)) - HTTP server of HDDSDATANODE is listening at http://0.0.0.0:36764
2019-09-25 11:51:48,818 [main] INFO  ozone.MiniOzoneClusterImpl (MiniOzoneClusterImpl.java:lambda$waitForClusterToBeReady$0(147)) - Waiting for cluster to be ready. Got 0 of 3 DN Heartbeats.
2019-09-25 11:51:48,819 [org.apache.hadoop.util.JvmPauseMonitor$Monitor@5f523e0f] INFO  util.JvmPauseMonitor (JvmPauseMonitor.java:run(188)) - Starting JVM pause monitor
2019-09-25 11:51:48,821 [Datanode State Machine Thread - 0] INFO  datanode.InitDatanodeState (InitDatanodeState.java:persistContainerDatanodeDetails(140)) - DatanodeDetails is persisted to /workdir/hadoop-ozone/ozonefs/target/test-dir/MiniOzoneClusterImpl-059d6754-7a35-406d-b491-ba78f413a116/datanode-2/meta/datanode.id
2019-09-25 11:51:49,819 [main] INFO  ozone.MiniOzoneClusterImpl (MiniOzoneClusterImpl.java:lambda$waitForClusterToBeReady$0(147)) - Waiting for cluster to be ready. Got 0 of 3 DN Heartbeats.
2019-09-25 11:51:50,640 [Datanode State Machine Thread - 0] INFO  ozoneimpl.OzoneContainer (OzoneContainer.java:start(217)) - Attempting to start container services.
2019-09-25 11:51:50,640 [Datanode State Machine Thread - 0] INFO  ozoneimpl.OzoneContainer (OzoneContainer.java:startContainerScrub(179)) - Background container scanner has been disabled.
2019-09-25 11:51:50,640 [Datanode State Machine Thread - 0] INFO  ratis.XceiverServerRatis (XceiverServerRatis.java:start(411)) - Starting XceiverServerRatis 9251df79-82a8-42ab-9e26-93b345e6a062 at port 0
2019-09-25 11:51:50,645 [Datanode State Machine Thread - 0] INFO  impl.RaftServerProxy (RaftServerProxy.java:lambda$start$3(299)) - 9251df79-82a8-42ab-9e26-93b345e6a062: start RPC server
2019-09-25 11:51:50,647 [Datanode State Machine Thread - 0] INFO  server.GrpcService (GrpcService.java:startImpl(158)) - 9251df79-82a8-42ab-9e26-93b345e6a062: GrpcService started, listening on 0.0.0.0/0.0.0.0:33735
2019-09-25 11:51:50,648 [Datanode State Machine Thread - 0] INFO  ratis.XceiverServerRatis (XceiverServerRatis.java:start(421)) - XceiverServerRatis 9251df79-82a8-42ab-9e26-93b345e6a062 is started using port 33735
2019-09-25 11:51:50,648 [Datanode State Machine Thread - 0] INFO  server.XceiverServerGrpc (XceiverServerGrpc.java:start(149)) - XceiverServerGrpc 9251df79-82a8-42ab-9e26-93b345e6a062 is started using port 36186
2019-09-25 11:51:50,731 [Datanode State Machine Thread - 0] INFO  ozoneimpl.OzoneContainer (OzoneContainer.java:start(217)) - Attempting to start container services.
2019-09-25 11:51:50,731 [Datanode State Machine Thread - 0] INFO  ozoneimpl.OzoneContainer (OzoneContainer.java:startContainerScrub(179)) - Background container scanner has been disabled.
2019-09-25 11:51:50,731 [Datanode State Machine Thread - 0] INFO  ratis.XceiverServerRatis (XceiverServerRatis.java:start(411)) - Starting XceiverServerRatis f1e3f7f8-93b6-4fad-8e9a-8e12de86d7c3 at port 0
2019-09-25 11:51:50,736 [Datanode State Machine Thread - 0] INFO  impl.RaftServerProxy (RaftServerProxy.java:lambda$start$3(299)) - f1e3f7f8-93b6-4fad-8e9a-8e12de86d7c3: start RPC server
2019-09-25 11:51:50,737 [Datanode State Machine Thread - 0] INFO  server.GrpcService (GrpcService.java:startImpl(158)) - f1e3f7f8-93b6-4fad-8e9a-8e12de86d7c3: GrpcService started, listening on 0.0.0.0/0.0.0.0:35470
2019-09-25 11:51:50,737 [Datanode State Machine Thread - 0] INFO  ratis.XceiverServerRatis (XceiverServerRatis.java:start(421)) - XceiverServerRatis f1e3f7f8-93b6-4fad-8e9a-8e12de86d7c3 is started using port 35470
2019-09-25 11:51:50,738 [Datanode State Machine Thread - 0] INFO  server.XceiverServerGrpc (XceiverServerGrpc.java:start(149)) - XceiverServerGrpc f1e3f7f8-93b6-4fad-8e9a-8e12de86d7c3 is started using port 42265
2019-09-25 11:51:50,819 [main] INFO  ozone.MiniOzoneClusterImpl (MiniOzoneClusterImpl.java:lambda$waitForClusterToBeReady$0(147)) - Waiting for cluster to be ready. Got 0 of 3 DN Heartbeats.
2019-09-25 11:51:50,826 [Datanode State Machine Thread - 0] INFO  ozoneimpl.OzoneContainer (OzoneContainer.java:start(217)) - Attempting to start container services.
2019-09-25 11:51:50,826 [Datanode State Machine Thread - 0] INFO  ozoneimpl.OzoneContainer (OzoneContainer.java:startContainerScrub(179)) - Background container scanner has been disabled.
2019-09-25 11:51:50,826 [Datanode State Machine Thread - 0] INFO  ratis.XceiverServerRatis (XceiverServerRatis.java:start(411)) - Starting XceiverServerRatis f186b9fe-cb60-4f81-b082-a6c0d4357db0 at port 0
2019-09-25 11:51:50,830 [Datanode State Machine Thread - 0] INFO  impl.RaftServerProxy (RaftServerProxy.java:lambda$start$3(299)) - f186b9fe-cb60-4f81-b082-a6c0d4357db0: start RPC server
2019-09-25 11:51:50,831 [Datanode State Machine Thread - 0] INFO  server.GrpcService (GrpcService.java:startImpl(158)) - f186b9fe-cb60-4f81-b082-a6c0d4357db0: GrpcService started, listening on 0.0.0.0/0.0.0.0:37512
2019-09-25 11:51:50,831 [Datanode State Machine Thread - 0] INFO  ratis.XceiverServerRatis (XceiverServerRatis.java:start(421)) - XceiverServerRatis f186b9fe-cb60-4f81-b082-a6c0d4357db0 is started using port 37512
2019-09-25 11:51:50,831 [Datanode State Machine Thread - 0] INFO  server.XceiverServerGrpc (XceiverServerGrpc.java:start(149)) - XceiverServerGrpc f186b9fe-cb60-4f81-b082-a6c0d4357db0 is started using port 43935
2019-09-25 11:51:51,820 [main] INFO  ozone.MiniOzoneClusterImpl (MiniOzoneClusterImpl.java:lambda$waitForClusterToBeReady$0(147)) - Waiting for cluster to be ready. Got 0 of 3 DN Heartbeats.
2019-09-25 11:51:52,610 [IPC Server handler 0 on 42531] INFO  net.NetworkTopology (NetworkTopologyImpl.java:add(111)) - Added a new node: /default-rack/9251df79-82a8-42ab-9e26-93b345e6a062
2019-09-25 11:51:52,613 [IPC Server handler 0 on 42531] INFO  node.SCMNodeManager (SCMNodeManager.java:register(266)) - Registered Data node : 9251df79-82a8-42ab-9e26-93b345e6a062{ip: 192.168.30.6, host: pr-hdds-1569-5gmkr-4255264070, networkLocation: /default-rack, certSerialId: null}
2019-09-25 11:51:52,614 [EventQueue-NodeRegistrationContainerReportForDataNodeSafeModeRule] INFO  safemode.SCMSafeModeManager (DataNodeSafeModeRule.java:process(71)) - SCM in safe mode. 1 DataNodes registered, 1 required.
2019-09-25 11:51:52,617 [EventQueue-NodeRegistrationContainerReportForDataNodeSafeModeRule] INFO  safemode.SCMSafeModeManager (SCMSafeModeManager.java:validateSafeModeExitRules(177)) - ScmSafeModeManager, all rules are successfully validated
2019-09-25 11:51:52,617 [EventQueue-NodeRegistrationContainerReportForDataNodeSafeModeRule] INFO  safemode.SCMSafeModeManager (SCMSafeModeManager.java:exitSafeMode(193)) - SCM exiting safe mode.
2019-09-25 11:51:52,627 [grpc-default-executor-0] INFO  impl.RaftServerProxy (RaftServerProxy.java:addNew(89)) - 9251df79-82a8-42ab-9e26-93b345e6a062: addNew group-7047A9E23D89:[9251df79-82a8-42ab-9e26-93b345e6a062:192.168.30.6:33735] returns group-7047A9E23D89:java.util.concurrent.CompletableFuture@59130088[Not completed]
2019-09-25 11:51:52,628 [pool-577-thread-1] INFO  impl.RaftServerImpl (RaftServerImpl.java:<init>(95)) - 9251df79-82a8-42ab-9e26-93b345e6a062: new RaftServerImpl for group-7047A9E23D89:[9251df79-82a8-42ab-9e26-93b345e6a062:192.168.30.6:33735] with ContainerStateMachine:uninitialized
2019-09-25 11:51:52,628 [pool-577-thread-1] INFO  server.RaftServerConfigKeys (ConfUtils.java:logGet(43)) - raft.server.rpc.timeout.min = 5s (custom)
2019-09-25 11:51:52,628 [pool-577-thread-1] INFO  server.RaftServerConfigKeys (ConfUtils.java:logGet(43)) - raft.server.rpc.timeout.max = 5200ms (custom)
2019-09-25 11:51:52,628 [pool-577-thread-1] INFO  server.RaftServerConfigKeys (ConfUtils.java:logGet(43)) - raft.server.rpcslowness.timeout = 120s (custom)
2019-09-25 11:51:52,628 [pool-577-thread-1] INFO  server.RaftServerConfigKeys (ConfUtils.java:logGet(43)) - raft.server.sleep.deviation.threshold = 300 (default)
2019-09-25 11:51:52,628 [pool-577-thread-1] INFO  server.RaftServerConfigKeys (ConfUtils.java:logGet(43)) - raft.server.log.appender.install.snapshot.enabled = false (custom)
2019-09-25 11:51:52,629 [pool-577-thread-1] INFO  impl.RaftServerImpl (ServerState.java:<init>(103)) - 9251df79-82a8-42ab-9e26-93b345e6a062@group-7047A9E23D89: ConfigurationManager, init=-1: [9251df79-82a8-42ab-9e26-93b345e6a062:192.168.30.6:33735], old=null, confs=<EMPTY_MAP>
2019-09-25 11:51:52,629 [pool-577-thread-1] INFO  server.RaftServerConfigKeys (ConfUtils.java:logGet(43)) - raft.server.storage.dir = [/workdir/hadoop-ozone/ozonefs/target/test-dir/MiniOzoneClusterImpl-059d6754-7a35-406d-b491-ba78f413a116/datanode-0/data/ratis] (custom)
2019-09-25 11:51:52,629 [pool-577-thread-1] INFO  storage.RaftStorageDirectory (RaftStorageDirectory.java:analyzeStorage(246)) - The storage directory /workdir/hadoop-ozone/ozonefs/target/test-dir/MiniOzoneClusterImpl-059d6754-7a35-406d-b491-ba78f413a116/datanode-0/data/ratis/9b04e695-8918-45f7-98f4-7047a9e23d89 does not exist. Creating ...
2019-09-25 11:51:52,642 [pool-577-thread-1] INFO  storage.RaftStorageDirectory (RaftStorageDirectory.java:tryLock(328)) - Lock on /workdir/hadoop-ozone/ozonefs/target/test-dir/MiniOzoneClusterImpl-059d6754-7a35-406d-b491-ba78f413a116/datanode-0/data/ratis/9b04e695-8918-45f7-98f4-7047a9e23d89/in_use.lock acquired by nodename 16435@pr-hdds-1569-5gmkr-4255264070
2019-09-25 11:51:52,656 [pool-577-thread-1] INFO  storage.RaftStorage (RaftStorage.java:format(72)) - Storage directory /workdir/hadoop-ozone/ozonefs/target/test-dir/MiniOzoneClusterImpl-059d6754-7a35-406d-b491-ba78f413a116/datanode-0/data/ratis/9b04e695-8918-45f7-98f4-7047a9e23d89 has been successfully formatted.
2019-09-25 11:51:52,657 [pool-577-thread-1] INFO  ratis.ContainerStateMachine (ContainerStateMachine.java:loadSnapshot(230)) - group-7047A9E23D89: The snapshot info is null. Setting the last applied indexto:(t:0, i:~)
2019-09-25 11:51:52,657 [pool-577-thread-1] INFO  server.RaftServerConfigKeys (ConfUtils.java:logGet(43)) - raft.server.notification.no-leader.timeout = 120s (custom)
2019-09-25 11:51:52,657 [pool-577-thread-1] INFO  server.RaftServerConfigKeys (ConfUtils.java:logGet(43)) - raft.server.log.use.memory = false (default)
2019-09-25 11:51:52,657 [pool-577-thread-1] INFO  server.RaftServerConfigKeys (ConfUtils.java:logGet(43)) - raft.server.log.purge.gap = 1000000 (custom)
2019-09-25 11:51:52,657 [pool-577-thread-1] INFO  server.RaftServerConfigKeys (ConfUtils.java:logGet(43)) - raft.server.log.appender.buffer.byte-limit = 33554432 (custom)
2019-09-25 11:51:52,658 [pool-577-thread-1] INFO  server.RaftServerConfigKeys (ConfUtils.java:logGet(43)) - raft.server.log.segment.size.max = 1048576 (custom)
2019-09-25 11:51:52,658 [pool-577-thread-1] INFO  server.RaftServerConfigKeys (ConfUtils.java:logGet(43)) - raft.server.log.segment.cache.num.max = 2 (custom)
2019-09-25 11:51:52,658 [pool-577-thread-1] INFO  segmented.SegmentedRaftLogWorker (SegmentedRaftLogWorker.java:<init>(172)) - new 9251df79-82a8-42ab-9e26-93b345e6a062@group-7047A9E23D89-SegmentedRaftLogWorker for RaftStorage:Storage Directory /workdir/hadoop-ozone/ozonefs/target/test-dir/MiniOzoneClusterImpl-059d6754-7a35-406d-b491-ba78f413a116/datanode-0/data/ratis/9b04e695-8918-45f7-98f4-7047a9e23d89
2019-09-25 11:51:52,661 [pool-577-thread-1] INFO  server.RaftServerConfigKeys (ConfUtils.java:logGet(43)) - raft.server.log.queue.byte-limit = 2147483647 (custom)
2019-09-25 11:51:52,661 [pool-577-thread-1] INFO  server.RaftServerConfigKeys (ConfUtils.java:logGet(43)) - raft.server.log.queue.element-limit = 1024 (custom)
2019-09-25 11:51:52,661 [pool-577-thread-1] INFO  server.RaftServerConfigKeys (ConfUtils.java:logGet(43)) - raft.server.log.segment.size.max = 1048576 (custom)
2019-09-25 11:51:52,661 [pool-577-thread-1] INFO  server.RaftServerConfigKeys (ConfUtils.java:logGet(43)) - raft.server.log.preallocated.size = 16384 (custom)
2019-09-25 11:51:52,662 [pool-577-thread-1] INFO  server.RaftServerConfigKeys (ConfUtils.java:logGet(43)) - raft.server.log.write.buffer.size = 33554432 (custom)
2019-09-25 11:51:52,662 [pool-577-thread-1] INFO  server.RaftServerConfigKeys (ConfUtils.java:logGet(43)) - raft.server.log.force.sync.num = 128 (default)
2019-09-25 11:51:52,662 [pool-577-thread-1] INFO  server.RaftServerConfigKeys (ConfUtils.java:logGet(43)) - raft.server.log.statemachine.data.sync = true (default)
2019-09-25 11:51:52,662 [pool-577-thread-1] INFO  server.RaftServerConfigKeys (ConfUtils.java:logGet(43)) - raft.server.log.statemachine.data.sync.timeout = 10s (default)
2019-09-25 11:51:52,662 [pool-577-thread-1] INFO  server.RaftServerConfigKeys (ConfUtils.java:logGet(43)) - raft.server.log.statemachine.data.sync.timeout.retry = -1 (default)
2019-09-25 11:51:52,663 [pool-577-thread-1] INFO  server.RaftServerConfigKeys (ConfUtils.java:logGet(43)) - raft.server.log.statemachine.data.caching.enabled = true (custom)
2019-09-25 11:51:52,663 [pool-577-thread-1] INFO  segmented.SegmentedRaftLogWorker (SegmentedRaftLogWorker.java:lambda$new$0(132)) - 9251df79-82a8-42ab-9e26-93b345e6a062@group-7047A9E23D89-SegmentedRaftLogWorker: flushIndex: setUnconditionally 0 -> -1
2019-09-25 11:51:52,664 [pool-577-thread-1] INFO  server.RaftServerConfigKeys (ConfUtils.java:logGet(43)) - raft.server.snapshot.auto.trigger.enabled = true (custom)
2019-09-25 11:51:52,664 [pool-577-thread-1] INFO  server.RaftServerConfigKeys (ConfUtils.java:logGet(43)) - raft.server.snapshot.auto.trigger.threshold = 10000 (custom)
2019-09-25 11:51:52,664 [pool-577-thread-1] INFO  server.RaftServerConfigKeys (ConfUtils.java:logGet(43)) - raft.server.snapshot.retention.num.files = 5 (custom)
2019-09-25 11:51:52,664 [pool-577-thread-1] INFO  server.RaftServerConfigKeys (ConfUtils.java:logGet(43)) - raft.server.retrycache.expirytime = 600000ms (custom)
2019-09-25 11:51:52,666 [pool-577-thread-1] INFO  impl.RaftServerImpl (RaftServerImpl.java:start(185)) - 9251df79-82a8-42ab-9e26-93b345e6a062@group-7047A9E23D89: start as a follower, conf=-1: [9251df79-82a8-42ab-9e26-93b345e6a062:192.168.30.6:33735], old=null
2019-09-25 11:51:52,666 [pool-577-thread-1] INFO  impl.RaftServerImpl (RaftServerImpl.java:setRole(174)) - 9251df79-82a8-42ab-9e26-93b345e6a062@group-7047A9E23D89: changes role from      null to FOLLOWER at term 0 for startAsFollower
2019-09-25 11:51:52,666 [pool-577-thread-1] INFO  impl.RoleInfo (RoleInfo.java:updateAndGet(143)) - 9251df79-82a8-42ab-9e26-93b345e6a062: start FollowerState
2019-09-25 11:51:52,667 [pool-577-thread-1] INFO  util.JmxRegister (JmxRegister.java:tryRegister(44)) - Successfully registered JMX Bean with object name Ratis:service=RaftServer,group=group-7047A9E23D89,id=9251df79-82a8-42ab-9e26-93b345e6a062
2019-09-25 11:51:52,669 [RatisPipelineUtilsThread] INFO  pipeline.PipelineStateManager (PipelineStateManager.java:addPipeline(56)) - Created pipeline Pipeline[ Id: 9b04e695-8918-45f7-98f4-7047a9e23d89, Nodes: 9251df79-82a8-42ab-9e26-93b345e6a062{ip: 192.168.30.6, host: pr-hdds-1569-5gmkr-4255264070, networkLocation: /default-rack, certSerialId: null}, Type:RATIS, Factor:ONE, State:OPEN]
2019-09-25 11:51:52,674 [grpc-default-executor-0] INFO  impl.RaftServerProxy (RaftServerProxy.java:addNew(89)) - 9251df79-82a8-42ab-9e26-93b345e6a062: addNew group-AABAB95CBB13:[9251df79-82a8-42ab-9e26-93b345e6a062:192.168.30.6:33735] returns group-AABAB95CBB13:java.util.concurrent.CompletableFuture@6880bd91[Not completed]
2019-09-25 11:51:52,674 [pool-577-thread-1] INFO  impl.RaftServerImpl (RaftServerImpl.java:<init>(95)) - 9251df79-82a8-42ab-9e26-93b345e6a062: new RaftServerImpl for group-AABAB95CBB13:[9251df79-82a8-42ab-9e26-93b345e6a062:192.168.30.6:33735] with ContainerStateMachine:uninitialized
2019-09-25 11:51:52,675 [pool-577-thread-1] INFO  server.RaftServerConfigKeys (ConfUtils.java:logGet(43)) - raft.server.rpc.timeout.min = 5s (custom)
2019-09-25 11:51:52,675 [pool-577-thread-1] INFO  server.RaftServerConfigKeys (ConfUtils.java:logGet(43)) - raft.server.rpc.timeout.max = 5200ms (custom)
2019-09-25 11:51:52,675 [pool-577-thread-1] INFO  server.RaftServerConfigKeys (ConfUtils.java:logGet(43)) - raft.server.rpcslowness.timeout = 120s (custom)
2019-09-25 11:51:52,675 [pool-577-thread-1] INFO  server.RaftServerConfigKeys (ConfUtils.java:logGet(43)) - raft.server.sleep.deviation.threshold = 300 (default)
2019-09-25 11:51:52,675 [pool-577-thread-1] INFO  server.RaftServerConfigKeys (ConfUtils.java:logGet(43)) - raft.server.log.appender.install.snapshot.enabled = false (custom)
2019-09-25 11:51:52,675 [pool-577-thread-1] INFO  impl.RaftServerImpl (ServerState.java:<init>(103)) - 9251df79-82a8-42ab-9e26-93b345e6a062@group-AABAB95CBB13: ConfigurationManager, init=-1: [9251df79-82a8-42ab-9e26-93b345e6a062:192.168.30.6:33735], old=null, confs=<EMPTY_MAP>
2019-09-25 11:51:52,675 [pool-577-thread-1] INFO  server.RaftServerConfigKeys (ConfUtils.java:logGet(43)) - raft.server.storage.dir = [/workdir/hadoop-ozone/ozonefs/target/test-dir/MiniOzoneClusterImpl-059d6754-7a35-406d-b491-ba78f413a116/datanode-0/data/ratis] (custom)
2019-09-25 11:51:52,676 [pool-577-thread-1] INFO  storage.RaftStorageDirectory (RaftStorageDirectory.java:analyzeStorage(246)) - The storage directory /workdir/hadoop-ozone/ozonefs/target/test-dir/MiniOzoneClusterImpl-059d6754-7a35-406d-b491-ba78f413a116/datanode-0/data/ratis/cbeefe75-8ac3-40e0-a566-aabab95cbb13 does not exist. Creating ...
2019-09-25 11:51:52,687 [pool-577-thread-1] INFO  storage.RaftStorageDirectory (RaftStorageDirectory.java:tryLock(328)) - Lock on /workdir/hadoop-ozone/ozonefs/target/test-dir/MiniOzoneClusterImpl-059d6754-7a35-406d-b491-ba78f413a116/datanode-0/data/ratis/cbeefe75-8ac3-40e0-a566-aabab95cbb13/in_use.lock acquired by nodename 16435@pr-hdds-1569-5gmkr-4255264070
2019-09-25 11:51:52,701 [pool-577-thread-1] INFO  storage.RaftStorage (RaftStorage.java:format(72)) - Storage directory /workdir/hadoop-ozone/ozonefs/target/test-dir/MiniOzoneClusterImpl-059d6754-7a35-406d-b491-ba78f413a116/datanode-0/data/ratis/cbeefe75-8ac3-40e0-a566-aabab95cbb13 has been successfully formatted.
2019-09-25 11:51:52,701 [pool-577-thread-1] INFO  ratis.ContainerStateMachine (ContainerStateMachine.java:loadSnapshot(230)) - group-AABAB95CBB13: The snapshot info is null. Setting the last applied indexto:(t:0, i:~)
2019-09-25 11:51:52,701 [pool-577-thread-1] INFO  server.RaftServerConfigKeys (ConfUtils.java:logGet(43)) - raft.server.notification.no-leader.timeout = 120s (custom)
2019-09-25 11:51:52,701 [pool-577-thread-1] INFO  server.RaftServerConfigKeys (ConfUtils.java:logGet(43)) - raft.server.log.use.memory = false (default)
2019-09-25 11:51:52,701 [pool-577-thread-1] INFO  server.RaftServerConfigKeys (ConfUtils.java:logGet(43)) - raft.server.log.purge.gap = 1000000 (custom)
2019-09-25 11:51:52,701 [pool-577-thread-1] INFO  server.RaftServerConfigKeys (ConfUtils.java:logGet(43)) - raft.server.log.appender.buffer.byte-limit = 33554432 (custom)
2019-09-25 11:51:52,701 [pool-577-thread-1] INFO  server.RaftServerConfigKeys (ConfUtils.java:logGet(43)) - raft.server.log.segment.size.max = 1048576 (custom)
2019-09-25 11:51:52,701 [pool-577-thread-1] INFO  server.RaftServerConfigKeys (ConfUtils.java:logGet(43)) - raft.server.log.segment.cache.num.max = 2 (custom)
2019-09-25 11:51:52,701 [pool-577-thread-1] INFO  segmented.SegmentedRaftLogWorker (SegmentedRaftLogWorker.java:<init>(172)) - new 9251df79-82a8-42ab-9e26-93b345e6a062@group-AABAB95CBB13-SegmentedRaftLogWorker for RaftStorage:Storage Directory /workdir/hadoop-ozone/ozonefs/target/test-dir/MiniOzoneClusterImpl-059d6754-7a35-406d-b491-ba78f413a116/datanode-0/data/ratis/cbeefe75-8ac3-40e0-a566-aabab95cbb13
2019-09-25 11:51:52,702 [pool-577-thread-1] INFO  server.RaftServerConfigKeys (ConfUtils.java:logGet(43)) - raft.server.log.queue.byte-limit = 2147483647 (custom)
2019-09-25 11:51:52,702 [pool-577-thread-1] INFO  server.RaftServerConfigKeys (ConfUtils.java:logGet(43)) - raft.server.log.queue.element-limit = 1024 (custom)
2019-09-25 11:51:52,702 [pool-577-thread-1] INFO  server.RaftServerConfigKeys (ConfUtils.java:logGet(43)) - raft.server.log.segment.size.max = 1048576 (custom)
2019-09-25 11:51:52,702 [pool-577-thread-1] INFO  server.RaftServerConfigKeys (ConfUtils.java:logGet(43)) - raft.server.log.preallocated.size = 16384 (custom)
2019-09-25 11:51:52,702 [pool-577-thread-1] INFO  server.RaftServerConfigKeys (ConfUtils.java:logGet(43)) - raft.server.log.write.buffer.size = 33554432 (custom)
2019-09-25 11:51:52,702 [pool-577-thread-1] INFO  server.RaftServerConfigKeys (ConfUtils.java:logGet(43)) - raft.server.log.force.sync.num = 128 (default)
2019-09-25 11:51:52,702 [pool-577-thread-1] INFO  server.RaftServerConfigKeys (ConfUtils.java:logGet(43)) - raft.server.log.statemachine.data.sync = true (default)
2019-09-25 11:51:52,702 [pool-577-thread-1] INFO  server.RaftServerConfigKeys (ConfUtils.java:logGet(43)) - raft.server.log.statemachine.data.sync.timeout = 10s (default)
2019-09-25 11:51:52,702 [pool-577-thread-1] INFO  server.RaftServerConfigKeys (ConfUtils.java:logGet(43)) - raft.server.log.statemachine.data.sync.timeout.retry = -1 (default)
2019-09-25 11:51:52,703 [pool-577-thread-1] INFO  server.RaftServerConfigKeys (ConfUtils.java:logGet(43)) - raft.server.log.statemachine.data.caching.enabled = true (custom)
2019-09-25 11:51:52,703 [pool-577-thread-1] INFO  segmented.SegmentedRaftLogWorker (SegmentedRaftLogWorker.java:lambda$new$0(132)) - 9251df79-82a8-42ab-9e26-93b345e6a062@group-AABAB95CBB13-SegmentedRaftLogWorker: flushIndex: setUnconditionally 0 -> -1
2019-09-25 11:51:52,703 [pool-577-thread-1] INFO  server.RaftServerConfigKeys (ConfUtils.java:logGet(43)) - raft.server.snapshot.auto.trigger.enabled = true (custom)
2019-09-25 11:51:52,703 [pool-577-thread-1] INFO  server.RaftServerConfigKeys (ConfUtils.java:logGet(43)) - raft.server.snapshot.auto.trigger.threshold = 10000 (custom)
2019-09-25 11:51:52,703 [pool-577-thread-1] INFO  server.RaftServerConfigKeys (ConfUtils.java:logGet(43)) - raft.server.snapshot.retention.num.files = 5 (custom)
2019-09-25 11:51:52,703 [pool-577-thread-1] INFO  server.RaftServerConfigKeys (ConfUtils.java:logGet(43)) - raft.server.retrycache.expirytime = 600000ms (custom)
2019-09-25 11:51:52,705 [pool-577-thread-1] INFO  impl.RaftServerImpl (RaftServerImpl.java:start(185)) - 9251df79-82a8-42ab-9e26-93b345e6a062@group-AABAB95CBB13: start as a follower, conf=-1: [9251df79-82a8-42ab-9e26-93b345e6a062:192.168.30.6:33735], old=null
2019-09-25 11:51:52,705 [pool-577-thread-1] INFO  impl.RaftServerImpl (RaftServerImpl.java:setRole(174)) - 9251df79-82a8-42ab-9e26-93b345e6a062@group-AABAB95CBB13: changes role from      null to FOLLOWER at term 0 for startAsFollower
2019-09-25 11:51:52,705 [pool-577-thread-1] INFO  impl.RoleInfo (RoleInfo.java:updateAndGet(143)) - 9251df79-82a8-42ab-9e26-93b345e6a062: start FollowerState
2019-09-25 11:51:52,705 [pool-577-thread-1] INFO  util.JmxRegister (JmxRegister.java:tryRegister(44)) - Successfully registered JMX Bean with object name Ratis:service=RaftServer,group=group-AABAB95CBB13,id=9251df79-82a8-42ab-9e26-93b345e6a062
2019-09-25 11:51:52,707 [RatisPipelineUtilsThread] INFO  pipeline.PipelineStateManager (PipelineStateManager.java:addPipeline(56)) - Created pipeline Pipeline[ Id: cbeefe75-8ac3-40e0-a566-aabab95cbb13, Nodes: 9251df79-82a8-42ab-9e26-93b345e6a062{ip: 192.168.30.6, host: pr-hdds-1569-5gmkr-4255264070, networkLocation: /default-rack, certSerialId: null}, Type:RATIS, Factor:ONE, State:OPEN]
2019-09-25 11:51:52,711 [grpc-default-executor-0] INFO  impl.RaftServerProxy (RaftServerProxy.java:addNew(89)) - 9251df79-82a8-42ab-9e26-93b345e6a062: addNew group-0329A4E5395B:[9251df79-82a8-42ab-9e26-93b345e6a062:192.168.30.6:33735] returns group-0329A4E5395B:java.util.concurrent.CompletableFuture@393cffc7[Not completed]
2019-09-25 11:51:52,712 [pool-577-thread-1] INFO  impl.RaftServerImpl (RaftServerImpl.java:<init>(95)) - 9251df79-82a8-42ab-9e26-93b345e6a062: new RaftServerImpl for group-0329A4E5395B:[9251df79-82a8-42ab-9e26-93b345e6a062:192.168.30.6:33735] with ContainerStateMachine:uninitialized
2019-09-25 11:51:52,712 [pool-577-thread-1] INFO  server.RaftServerConfigKeys (ConfUtils.java:logGet(43)) - raft.server.rpc.timeout.min = 5s (custom)
2019-09-25 11:51:52,712 [pool-577-thread-1] INFO  server.RaftServerConfigKeys (ConfUtils.java:logGet(43)) - raft.server.rpc.timeout.max = 5200ms (custom)
2019-09-25 11:51:52,712 [pool-577-thread-1] INFO  server.RaftServerConfigKeys (ConfUtils.java:logGet(43)) - raft.server.rpcslowness.timeout = 120s (custom)
2019-09-25 11:51:52,712 [pool-577-thread-1] INFO  server.RaftServerConfigKeys (ConfUtils.java:logGet(43)) - raft.server.sleep.deviation.threshold = 300 (default)
2019-09-25 11:51:52,712 [pool-577-thread-1] INFO  server.RaftServerConfigKeys (ConfUtils.java:logGet(43)) - raft.server.log.appender.install.snapshot.enabled = false (custom)
2019-09-25 11:51:52,712 [pool-577-thread-1] INFO  impl.RaftServerImpl (ServerState.java:<init>(103)) - 9251df79-82a8-42ab-9e26-93b345e6a062@group-0329A4E5395B: ConfigurationManager, init=-1: [9251df79-82a8-42ab-9e26-93b345e6a062:192.168.30.6:33735], old=null, confs=<EMPTY_MAP>
2019-09-25 11:51:52,712 [pool-577-thread-1] INFO  server.RaftServerConfigKeys (ConfUtils.java:logGet(43)) - raft.server.storage.dir = [/workdir/hadoop-ozone/ozonefs/target/test-dir/MiniOzoneClusterImpl-059d6754-7a35-406d-b491-ba78f413a116/datanode-0/data/ratis] (custom)
2019-09-25 11:51:52,713 [pool-577-thread-1] INFO  storage.RaftStorageDirectory (RaftStorageDirectory.java:analyzeStorage(246)) - The storage directory /workdir/hadoop-ozone/ozonefs/target/test-dir/MiniOzoneClusterImpl-059d6754-7a35-406d-b491-ba78f413a116/datanode-0/data/ratis/2f7a98d1-4adf-42a1-8a2d-0329a4e5395b does not exist. Creating ...
2019-09-25 11:51:52,719 [IPC Server handler 2 on 42531] INFO  net.NetworkTopology (NetworkTopologyImpl.java:add(111)) - Added a new node: /default-rack/f1e3f7f8-93b6-4fad-8e9a-8e12de86d7c3
2019-09-25 11:51:52,719 [IPC Server handler 2 on 42531] INFO  node.SCMNodeManager (SCMNodeManager.java:register(266)) - Registered Data node : f1e3f7f8-93b6-4fad-8e9a-8e12de86d7c3{ip: 192.168.30.6, host: pr-hdds-1569-5gmkr-4255264070, networkLocation: /default-rack, certSerialId: null}
2019-09-25 11:51:52,725 [pool-577-thread-1] INFO  storage.RaftStorageDirectory (RaftStorageDirectory.java:tryLock(328)) - Lock on /workdir/hadoop-ozone/ozonefs/target/test-dir/MiniOzoneClusterImpl-059d6754-7a35-406d-b491-ba78f413a116/datanode-0/data/ratis/2f7a98d1-4adf-42a1-8a2d-0329a4e5395b/in_use.lock acquired by nodename 16435@pr-hdds-1569-5gmkr-4255264070
2019-09-25 11:51:52,738 [pool-577-thread-1] INFO  storage.RaftStorage (RaftStorage.java:format(72)) - Storage directory /workdir/hadoop-ozone/ozonefs/target/test-dir/MiniOzoneClusterImpl-059d6754-7a35-406d-b491-ba78f413a116/datanode-0/data/ratis/2f7a98d1-4adf-42a1-8a2d-0329a4e5395b has been successfully formatted.
2019-09-25 11:51:52,738 [pool-577-thread-1] INFO  ratis.ContainerStateMachine (ContainerStateMachine.java:loadSnapshot(230)) - group-0329A4E5395B: The snapshot info is null. Setting the last applied indexto:(t:0, i:~)
2019-09-25 11:51:52,738 [pool-577-thread-1] INFO  server.RaftServerConfigKeys (ConfUtils.java:logGet(43)) - raft.server.notification.no-leader.timeout = 120s (custom)
2019-09-25 11:51:52,738 [pool-577-thread-1] INFO  server.RaftServerConfigKeys (ConfUtils.java:logGet(43)) - raft.server.log.use.memory = false (default)
2019-09-25 11:51:52,738 [pool-577-thread-1] INFO  server.RaftServerConfigKeys (ConfUtils.java:logGet(43)) - raft.server.log.purge.gap = 1000000 (custom)
2019-09-25 11:51:52,738 [pool-577-thread-1] INFO  server.RaftServerConfigKeys (ConfUtils.java:logGet(43)) - raft.server.log.appender.buffer.byte-limit = 33554432 (custom)
2019-09-25 11:51:52,739 [pool-577-thread-1] INFO  server.RaftServerConfigKeys (ConfUtils.java:logGet(43)) - raft.server.log.segment.size.max = 1048576 (custom)
2019-09-25 11:51:52,739 [pool-577-thread-1] INFO  server.RaftServerConfigKeys (ConfUtils.java:logGet(43)) - raft.server.log.segment.cache.num.max = 2 (custom)
2019-09-25 11:51:52,739 [pool-577-thread-1] INFO  segmented.SegmentedRaftLogWorker (SegmentedRaftLogWorker.java:<init>(172)) - new 9251df79-82a8-42ab-9e26-93b345e6a062@group-0329A4E5395B-SegmentedRaftLogWorker for RaftStorage:Storage Directory /workdir/hadoop-ozone/ozonefs/target/test-dir/MiniOzoneClusterImpl-059d6754-7a35-406d-b491-ba78f413a116/datanode-0/data/ratis/2f7a98d1-4adf-42a1-8a2d-0329a4e5395b
2019-09-25 11:51:52,739 [pool-577-thread-1] INFO  server.RaftServerConfigKeys (ConfUtils.java:logGet(43)) - raft.server.log.queue.byte-limit = 2147483647 (custom)
2019-09-25 11:51:52,739 [pool-577-thread-1] INFO  server.RaftServerConfigKeys (ConfUtils.java:logGet(43)) - raft.server.log.queue.element-limit = 1024 (custom)
2019-09-25 11:51:52,739 [pool-577-thread-1] INFO  server.RaftServerConfigKeys (ConfUtils.java:logGet(43)) - raft.server.log.segment.size.max = 1048576 (custom)
2019-09-25 11:51:52,739 [pool-577-thread-1] INFO  server.RaftServerConfigKeys (ConfUtils.java:logGet(43)) - raft.server.log.preallocated.size = 16384 (custom)
2019-09-25 11:51:52,739 [pool-577-thread-1] INFO  server.RaftServerConfigKeys (ConfUtils.java:logGet(43)) - raft.server.log.write.buffer.size = 33554432 (custom)
2019-09-25 11:51:52,739 [pool-577-thread-1] INFO  server.RaftServerConfigKeys (ConfUtils.java:logGet(43)) - raft.server.log.force.sync.num = 128 (default)
2019-09-25 11:51:52,740 [pool-577-thread-1] INFO  server.RaftServerConfigKeys (ConfUtils.java:logGet(43)) - raft.server.log.statemachine.data.sync = true (default)
2019-09-25 11:51:52,740 [pool-577-thread-1] INFO  server.RaftServerConfigKeys (ConfUtils.java:logGet(43)) - raft.server.log.statemachine.data.sync.timeout = 10s (default)
2019-09-25 11:51:52,740 [pool-577-thread-1] INFO  server.RaftServerConfigKeys (ConfUtils.java:logGet(43)) - raft.server.log.statemachine.data.sync.timeout.retry = -1 (default)
2019-09-25 11:51:52,740 [pool-577-thread-1] INFO  server.RaftServerConfigKeys (ConfUtils.java:logGet(43)) - raft.server.log.statemachine.data.caching.enabled = true (custom)
2019-09-25 11:51:52,740 [pool-577-thread-1] INFO  segmented.SegmentedRaftLogWorker (SegmentedRaftLogWorker.java:lambda$new$0(132)) - 9251df79-82a8-42ab-9e26-93b345e6a062@group-0329A4E5395B-SegmentedRaftLogWorker: flushIndex: setUnconditionally 0 -> -1
2019-09-25 11:51:52,740 [pool-577-thread-1] INFO  server.RaftServerConfigKeys (ConfUtils.java:logGet(43)) - raft.server.snapshot.auto.trigger.enabled = true (custom)
2019-09-25 11:51:52,740 [pool-577-thread-1] INFO  server.RaftServerConfigKeys (ConfUtils.java:logGet(43)) - raft.server.snapshot.auto.trigger.threshold = 10000 (custom)
2019-09-25 11:51:52,741 [pool-577-thread-1] INFO  server.RaftServerConfigKeys (ConfUtils.java:logGet(43)) - raft.server.snapshot.retention.num.files = 5 (custom)
2019-09-25 11:51:52,741 [pool-577-thread-1] INFO  server.RaftServerConfigKeys (ConfUtils.java:logGet(43)) - raft.server.retrycache.expirytime = 600000ms (custom)
2019-09-25 11:51:52,742 [pool-577-thread-1] INFO  impl.RaftServerImpl (RaftServerImpl.java:start(185)) - 9251df79-82a8-42ab-9e26-93b345e6a062@group-0329A4E5395B: start as a follower, conf=-1: [9251df79-82a8-42ab-9e26-93b345e6a062:192.168.30.6:33735], old=null
2019-09-25 11:51:52,742 [pool-577-thread-1] INFO  impl.RaftServerImpl (RaftServerImpl.java:setRole(174)) - 9251df79-82a8-42ab-9e26-93b345e6a062@group-0329A4E5395B: changes role from      null to FOLLOWER at term 0 for startAsFollower
2019-09-25 11:51:52,742 [pool-577-thread-1] INFO  impl.RoleInfo (RoleInfo.java:updateAndGet(143)) - 9251df79-82a8-42ab-9e26-93b345e6a062: start FollowerState
2019-09-25 11:51:52,742 [pool-577-thread-1] INFO  util.JmxRegister (JmxRegister.java:tryRegister(44)) - Successfully registered JMX Bean with object name Ratis:service=RaftServer,group=group-0329A4E5395B,id=9251df79-82a8-42ab-9e26-93b345e6a062
2019-09-25 11:51:52,744 [RatisPipelineUtilsThread] INFO  pipeline.PipelineStateManager (PipelineStateManager.java:addPipeline(56)) - Created pipeline Pipeline[ Id: 2f7a98d1-4adf-42a1-8a2d-0329a4e5395b, Nodes: 9251df79-82a8-42ab-9e26-93b345e6a062{ip: 192.168.30.6, host: pr-hdds-1569-5gmkr-4255264070, networkLocation: /default-rack, certSerialId: null}, Type:RATIS, Factor:ONE, State:OPEN]
2019-09-25 11:51:52,752 [grpc-default-executor-0] INFO  impl.RaftServerProxy (RaftServerProxy.java:addNew(89)) - f1e3f7f8-93b6-4fad-8e9a-8e12de86d7c3: addNew group-11C0123C1EDA:[f1e3f7f8-93b6-4fad-8e9a-8e12de86d7c3:192.168.30.6:35470] returns group-11C0123C1EDA:java.util.concurrent.CompletableFuture@636eab37[Not completed]
2019-09-25 11:51:52,752 [pool-587-thread-1] INFO  impl.RaftServerImpl (RaftServerImpl.java:<init>(95)) - f1e3f7f8-93b6-4fad-8e9a-8e12de86d7c3: new RaftServerImpl for group-11C0123C1EDA:[f1e3f7f8-93b6-4fad-8e9a-8e12de86d7c3:192.168.30.6:35470] with ContainerStateMachine:uninitialized
2019-09-25 11:51:52,753 [pool-587-thread-1] INFO  server.RaftServerConfigKeys (ConfUtils.java:logGet(43)) - raft.server.rpc.timeout.min = 5s (custom)
2019-09-25 11:51:52,753 [pool-587-thread-1] INFO  server.RaftServerConfigKeys (ConfUtils.java:logGet(43)) - raft.server.rpc.timeout.max = 5200ms (custom)
2019-09-25 11:51:52,753 [pool-587-thread-1] INFO  server.RaftServerConfigKeys (ConfUtils.java:logGet(43)) - raft.server.rpcslowness.timeout = 120s (custom)
2019-09-25 11:51:52,753 [pool-587-thread-1] INFO  server.RaftServerConfigKeys (ConfUtils.java:logGet(43)) - raft.server.sleep.deviation.threshold = 300 (default)
2019-09-25 11:51:52,753 [pool-587-thread-1] INFO  server.RaftServerConfigKeys (ConfUtils.java:logGet(43)) - raft.server.log.appender.install.snapshot.enabled = false (custom)
2019-09-25 11:51:52,753 [pool-587-thread-1] INFO  impl.RaftServerImpl (ServerState.java:<init>(103)) - f1e3f7f8-93b6-4fad-8e9a-8e12de86d7c3@group-11C0123C1EDA: ConfigurationManager, init=-1: [f1e3f7f8-93b6-4fad-8e9a-8e12de86d7c3:192.168.30.6:35470], old=null, confs=<EMPTY_MAP>
2019-09-25 11:51:52,753 [pool-587-thread-1] INFO  server.RaftServerConfigKeys (ConfUtils.java:logGet(43)) - raft.server.storage.dir = [/workdir/hadoop-ozone/ozonefs/target/test-dir/MiniOzoneClusterImpl-059d6754-7a35-406d-b491-ba78f413a116/datanode-1/data/ratis] (custom)
2019-09-25 11:51:52,754 [pool-587-thread-1] INFO  storage.RaftStorageDirectory (RaftStorageDirectory.java:analyzeStorage(246)) - The storage directory /workdir/hadoop-ozone/ozonefs/target/test-dir/MiniOzoneClusterImpl-059d6754-7a35-406d-b491-ba78f413a116/datanode-1/data/ratis/10383f82-33b3-4c0c-b4bb-11c0123c1eda does not exist. Creating ...
2019-09-25 11:51:52,766 [pool-587-thread-1] INFO  storage.RaftStorageDirectory (RaftStorageDirectory.java:tryLock(328)) - Lock on /workdir/hadoop-ozone/ozonefs/target/test-dir/MiniOzoneClusterImpl-059d6754-7a35-406d-b491-ba78f413a116/datanode-1/data/ratis/10383f82-33b3-4c0c-b4bb-11c0123c1eda/in_use.lock acquired by nodename 16435@pr-hdds-1569-5gmkr-4255264070
2019-09-25 11:51:52,780 [pool-587-thread-1] INFO  storage.RaftStorage (RaftStorage.java:format(72)) - Storage directory /workdir/hadoop-ozone/ozonefs/target/test-dir/MiniOzoneClusterImpl-059d6754-7a35-406d-b491-ba78f413a116/datanode-1/data/ratis/10383f82-33b3-4c0c-b4bb-11c0123c1eda has been successfully formatted.
2019-09-25 11:51:52,780 [pool-587-thread-1] INFO  ratis.ContainerStateMachine (ContainerStateMachine.java:loadSnapshot(230)) - group-11C0123C1EDA: The snapshot info is null. Setting the last applied indexto:(t:0, i:~)
2019-09-25 11:51:52,780 [pool-587-thread-1] INFO  server.RaftServerConfigKeys (ConfUtils.java:logGet(43)) - raft.server.notification.no-leader.timeout = 120s (custom)
2019-09-25 11:51:52,780 [pool-587-thread-1] INFO  server.RaftServerConfigKeys (ConfUtils.java:logGet(43)) - raft.server.log.use.memory = false (default)
2019-09-25 11:51:52,780 [pool-587-thread-1] INFO  server.RaftServerConfigKeys (ConfUtils.java:logGet(43)) - raft.server.log.purge.gap = 1000000 (custom)
2019-09-25 11:51:52,780 [pool-587-thread-1] INFO  server.RaftServerConfigKeys (ConfUtils.java:logGet(43)) - raft.server.log.appender.buffer.byte-limit = 33554432 (custom)
2019-09-25 11:51:52,780 [pool-587-thread-1] INFO  server.RaftServerConfigKeys (ConfUtils.java:logGet(43)) - raft.server.log.segment.size.max = 1048576 (custom)
2019-09-25 11:51:52,781 [pool-587-thread-1] INFO  server.RaftServerConfigKeys (ConfUtils.java:logGet(43)) - raft.server.log.segment.cache.num.max = 2 (custom)
2019-09-25 11:51:52,781 [pool-587-thread-1] INFO  segmented.SegmentedRaftLogWorker (SegmentedRaftLogWorker.java:<init>(172)) - new f1e3f7f8-93b6-4fad-8e9a-8e12de86d7c3@group-11C0123C1EDA-SegmentedRaftLogWorker for RaftStorage:Storage Directory /workdir/hadoop-ozone/ozonefs/target/test-dir/MiniOzoneClusterImpl-059d6754-7a35-406d-b491-ba78f413a116/datanode-1/data/ratis/10383f82-33b3-4c0c-b4bb-11c0123c1eda
2019-09-25 11:51:52,782 [pool-587-thread-1] INFO  server.RaftServerConfigKeys (ConfUtils.java:logGet(43)) - raft.server.log.queue.byte-limit = 2147483647 (custom)
2019-09-25 11:51:52,782 [pool-587-thread-1] INFO  server.RaftServerConfigKeys (ConfUtils.java:logGet(43)) - raft.server.log.queue.element-limit = 1024 (custom)
2019-09-25 11:51:52,782 [pool-587-thread-1] INFO  server.RaftServerConfigKeys (ConfUtils.java:logGet(43)) - raft.server.log.segment.size.max = 1048576 (custom)
2019-09-25 11:51:52,782 [pool-587-thread-1] INFO  server.RaftServerConfigKeys (ConfUtils.java:logGet(43)) - raft.server.log.preallocated.size = 16384 (custom)
2019-09-25 11:51:52,782 [pool-587-thread-1] INFO  server.RaftServerConfigKeys (ConfUtils.java:logGet(43)) - raft.server.log.write.buffer.size = 33554432 (custom)
2019-09-25 11:51:52,782 [pool-587-thread-1] INFO  server.RaftServerConfigKeys (ConfUtils.java:logGet(43)) - raft.server.log.force.sync.num = 128 (default)
2019-09-25 11:51:52,783 [pool-587-thread-1] INFO  server.RaftServerConfigKeys (ConfUtils.java:logGet(43)) - raft.server.log.statemachine.data.sync = true (default)
2019-09-25 11:51:52,783 [pool-587-thread-1] INFO  server.RaftServerConfigKeys (ConfUtils.java:logGet(43)) - raft.server.log.statemachine.data.sync.timeout = 10s (default)
2019-09-25 11:51:52,783 [pool-587-thread-1] INFO  server.RaftServerConfigKeys (ConfUtils.java:logGet(43)) - raft.server.log.statemachine.data.sync.timeout.retry = -1 (default)
2019-09-25 11:51:52,783 [pool-587-thread-1] INFO  server.RaftServerConfigKeys (ConfUtils.java:logGet(43)) - raft.server.log.statemachine.data.caching.enabled = true (custom)
2019-09-25 11:51:52,783 [pool-587-thread-1] INFO  segmented.SegmentedRaftLogWorker (SegmentedRaftLogWorker.java:lambda$new$0(132)) - f1e3f7f8-93b6-4fad-8e9a-8e12de86d7c3@group-11C0123C1EDA-SegmentedRaftLogWorker: flushIndex: setUnconditionally 0 -> -1
2019-09-25 11:51:52,783 [pool-587-thread-1] INFO  server.RaftServerConfigKeys (ConfUtils.java:logGet(43)) - raft.server.snapshot.auto.trigger.enabled = true (custom)
2019-09-25 11:51:52,783 [pool-587-thread-1] INFO  server.RaftServerConfigKeys (ConfUtils.java:logGet(43)) - raft.server.snapshot.auto.trigger.threshold = 10000 (custom)
2019-09-25 11:51:52,784 [pool-587-thread-1] INFO  server.RaftServerConfigKeys (ConfUtils.java:logGet(43)) - raft.server.snapshot.retention.num.files = 5 (custom)
2019-09-25 11:51:52,784 [pool-587-thread-1] INFO  server.RaftServerConfigKeys (ConfUtils.java:logGet(43)) - raft.server.retrycache.expirytime = 600000ms (custom)
2019-09-25 11:51:52,785 [pool-587-thread-1] INFO  impl.RaftServerImpl (RaftServerImpl.java:start(185)) - f1e3f7f8-93b6-4fad-8e9a-8e12de86d7c3@group-11C0123C1EDA: start as a follower, conf=-1: [f1e3f7f8-93b6-4fad-8e9a-8e12de86d7c3:192.168.30.6:35470], old=null
2019-09-25 11:51:52,785 [pool-587-thread-1] INFO  impl.RaftServerImpl (RaftServerImpl.java:setRole(174)) - f1e3f7f8-93b6-4fad-8e9a-8e12de86d7c3@group-11C0123C1EDA: changes role from      null to FOLLOWER at term 0 for startAsFollower
2019-09-25 11:51:52,785 [pool-587-thread-1] INFO  impl.RoleInfo (RoleInfo.java:updateAndGet(143)) - f1e3f7f8-93b6-4fad-8e9a-8e12de86d7c3: start FollowerState
2019-09-25 11:51:52,785 [pool-587-thread-1] INFO  util.JmxRegister (JmxRegister.java:tryRegister(44)) - Successfully registered JMX Bean with object name Ratis:service=RaftServer,group=group-11C0123C1EDA,id=f1e3f7f8-93b6-4fad-8e9a-8e12de86d7c3
2019-09-25 11:51:52,787 [RatisPipelineUtilsThread] INFO  pipeline.PipelineStateManager (PipelineStateManager.java:addPipeline(56)) - Created pipeline Pipeline[ Id: 10383f82-33b3-4c0c-b4bb-11c0123c1eda, Nodes: f1e3f7f8-93b6-4fad-8e9a-8e12de86d7c3{ip: 192.168.30.6, host: pr-hdds-1569-5gmkr-4255264070, networkLocation: /default-rack, certSerialId: null}, Type:RATIS, Factor:ONE, State:OPEN]
2019-09-25 11:51:52,792 [grpc-default-executor-0] INFO  impl.RaftServerProxy (RaftServerProxy.java:addNew(89)) - 9251df79-82a8-42ab-9e26-93b345e6a062: addNew group-D20D2298DE89:[9251df79-82a8-42ab-9e26-93b345e6a062:192.168.30.6:33735] returns group-D20D2298DE89:java.util.concurrent.CompletableFuture@1e155b58[Not completed]
2019-09-25 11:51:52,792 [pool-577-thread-1] INFO  impl.RaftServerImpl (RaftServerImpl.java:<init>(95)) - 9251df79-82a8-42ab-9e26-93b345e6a062: new RaftServerImpl for group-D20D2298DE89:[9251df79-82a8-42ab-9e26-93b345e6a062:192.168.30.6:33735] with ContainerStateMachine:uninitialized
2019-09-25 11:51:52,792 [pool-577-thread-1] INFO  server.RaftServerConfigKeys (ConfUtils.java:logGet(43)) - raft.server.rpc.timeout.min = 5s (custom)
2019-09-25 11:51:52,792 [pool-577-thread-1] INFO  server.RaftServerConfigKeys (ConfUtils.java:logGet(43)) - raft.server.rpc.timeout.max = 5200ms (custom)
2019-09-25 11:51:52,792 [pool-577-thread-1] INFO  server.RaftServerConfigKeys (ConfUtils.java:logGet(43)) - raft.server.rpcslowness.timeout = 120s (custom)
2019-09-25 11:51:52,793 [pool-577-thread-1] INFO  server.RaftServerConfigKeys (ConfUtils.java:logGet(43)) - raft.server.sleep.deviation.threshold = 300 (default)
2019-09-25 11:51:52,793 [pool-577-thread-1] INFO  server.RaftServerConfigKeys (ConfUtils.java:logGet(43)) - raft.server.log.appender.install.snapshot.enabled = false (custom)
2019-09-25 11:51:52,793 [pool-577-thread-1] INFO  impl.RaftServerImpl (ServerState.java:<init>(103)) - 9251df79-82a8-42ab-9e26-93b345e6a062@group-D20D2298DE89: ConfigurationManager, init=-1: [9251df79-82a8-42ab-9e26-93b345e6a062:192.168.30.6:33735], old=null, confs=<EMPTY_MAP>
2019-09-25 11:51:52,793 [pool-577-thread-1] INFO  server.RaftServerConfigKeys (ConfUtils.java:logGet(43)) - raft.server.storage.dir = [/workdir/hadoop-ozone/ozonefs/target/test-dir/MiniOzoneClusterImpl-059d6754-7a35-406d-b491-ba78f413a116/datanode-0/data/ratis] (custom)
2019-09-25 11:51:52,793 [pool-577-thread-1] INFO  storage.RaftStorageDirectory (RaftStorageDirectory.java:analyzeStorage(246)) - The storage directory /workdir/hadoop-ozone/ozonefs/target/test-dir/MiniOzoneClusterImpl-059d6754-7a35-406d-b491-ba78f413a116/datanode-0/data/ratis/fa3d1143-26e6-4cb9-ab5b-d20d2298de89 does not exist. Creating ...
2019-09-25 11:51:52,805 [pool-577-thread-1] INFO  storage.RaftStorageDirectory (RaftStorageDirectory.java:tryLock(328)) - Lock on /workdir/hadoop-ozone/ozonefs/target/test-dir/MiniOzoneClusterImpl-059d6754-7a35-406d-b491-ba78f413a116/datanode-0/data/ratis/fa3d1143-26e6-4cb9-ab5b-d20d2298de89/in_use.lock acquired by nodename 16435@pr-hdds-1569-5gmkr-4255264070
2019-09-25 11:51:52,820 [IPC Server handler 1 on 42531] INFO  net.NetworkTopology (NetworkTopologyImpl.java:add(111)) - Added a new node: /default-rack/f186b9fe-cb60-4f81-b082-a6c0d4357db0
2019-09-25 11:51:52,820 [IPC Server handler 1 on 42531] INFO  node.SCMNodeManager (SCMNodeManager.java:register(266)) - Registered Data node : f186b9fe-cb60-4f81-b082-a6c0d4357db0{ip: 192.168.30.6, host: pr-hdds-1569-5gmkr-4255264070, networkLocation: /default-rack, certSerialId: null}
2019-09-25 11:51:52,820 [main] INFO  ozone.MiniOzoneClusterImpl (MiniOzoneClusterImpl.java:lambda$waitForClusterToBeReady$0(147)) - Cluster is ready. Got 3 of 3 DN Heartbeats.
2019-09-25 11:51:52,836 [pool-577-thread-1] INFO  storage.RaftStorage (RaftStorage.java:format(72)) - Storage directory /workdir/hadoop-ozone/ozonefs/target/test-dir/MiniOzoneClusterImpl-059d6754-7a35-406d-b491-ba78f413a116/datanode-0/data/ratis/fa3d1143-26e6-4cb9-ab5b-d20d2298de89 has been successfully formatted.
2019-09-25 11:51:52,836 [pool-577-thread-1] INFO  ratis.ContainerStateMachine (ContainerStateMachine.java:loadSnapshot(230)) - group-D20D2298DE89: The snapshot info is null. Setting the last applied indexto:(t:0, i:~)
2019-09-25 11:51:52,837 [pool-577-thread-1] INFO  server.RaftServerConfigKeys (ConfUtils.java:logGet(43)) - raft.server.notification.no-leader.timeout = 120s (custom)
2019-09-25 11:51:52,837 [pool-577-thread-1] INFO  server.RaftServerConfigKeys (ConfUtils.java:logGet(43)) - raft.server.log.use.memory = false (default)
2019-09-25 11:51:52,837 [pool-577-thread-1] INFO  server.RaftServerConfigKeys (ConfUtils.java:logGet(43)) - raft.server.log.purge.gap = 1000000 (custom)
2019-09-25 11:51:52,837 [pool-577-thread-1] INFO  server.RaftServerConfigKeys (ConfUtils.java:logGet(43)) - raft.server.log.appender.buffer.byte-limit = 33554432 (custom)
2019-09-25 11:51:52,837 [pool-577-thread-1] INFO  server.RaftServerConfigKeys (ConfUtils.java:logGet(43)) - raft.server.log.segment.size.max = 1048576 (custom)
2019-09-25 11:51:52,837 [pool-577-thread-1] INFO  server.RaftServerConfigKeys (ConfUtils.java:logGet(43)) - raft.server.log.segment.cache.num.max = 2 (custom)
2019-09-25 11:51:52,838 [pool-577-thread-1] INFO  segmented.SegmentedRaftLogWorker (SegmentedRaftLogWorker.java:<init>(172)) - new 9251df79-82a8-42ab-9e26-93b345e6a062@group-D20D2298DE89-SegmentedRaftLogWorker for RaftStorage:Storage Directory /workdir/hadoop-ozone/ozonefs/target/test-dir/MiniOzoneClusterImpl-059d6754-7a35-406d-b491-ba78f413a116/datanode-0/data/ratis/fa3d1143-26e6-4cb9-ab5b-d20d2298de89
2019-09-25 11:51:52,838 [pool-577-thread-1] INFO  server.RaftServerConfigKeys (ConfUtils.java:logGet(43)) - raft.server.log.queue.byte-limit = 2147483647 (custom)
2019-09-25 11:51:52,838 [pool-577-thread-1] INFO  server.RaftServerConfigKeys (ConfUtils.java:logGet(43)) - raft.server.log.queue.element-limit = 1024 (custom)
2019-09-25 11:51:52,860 [pool-577-thread-1] INFO  server.RaftServerConfigKeys (ConfUtils.java:logGet(43)) - raft.server.log.segment.size.max = 1048576 (custom)
2019-09-25 11:51:52,861 [pool-577-thread-1] INFO  server.RaftServerConfigKeys (ConfUtils.java:logGet(43)) - raft.server.log.preallocated.size = 16384 (custom)
2019-09-25 11:51:52,861 [pool-577-thread-1] INFO  server.RaftServerConfigKeys (ConfUtils.java:logGet(43)) - raft.server.log.write.buffer.size = 33554432 (custom)
2019-09-25 11:51:52,861 [pool-577-thread-1] INFO  server.RaftServerConfigKeys (ConfUtils.java:logGet(43)) - raft.server.log.force.sync.num = 128 (default)
2019-09-25 11:51:52,876 [pool-577-thread-1] INFO  server.RaftServerConfigKeys (ConfUtils.java:logGet(43)) - raft.server.log.statemachine.data.sync = true (default)
2019-09-25 11:51:52,884 [pool-577-thread-1] INFO  server.RaftServerConfigKeys (ConfUtils.java:logGet(43)) - raft.server.log.statemachine.data.sync.timeout = 10s (default)
2019-09-25 11:51:52,884 [pool-577-thread-1] INFO  server.RaftServerConfigKeys (ConfUtils.java:logGet(43)) - raft.server.log.statemachine.data.sync.timeout.retry = -1 (default)
2019-09-25 11:51:52,884 [pool-577-thread-1] INFO  server.RaftServerConfigKeys (ConfUtils.java:logGet(43)) - raft.server.log.statemachine.data.caching.enabled = true (custom)
2019-09-25 11:51:52,885 [pool-577-thread-1] INFO  segmented.SegmentedRaftLogWorker (SegmentedRaftLogWorker.java:lambda$new$0(132)) - 9251df79-82a8-42ab-9e26-93b345e6a062@group-D20D2298DE89-SegmentedRaftLogWorker: flushIndex: setUnconditionally 0 -> -1
2019-09-25 11:51:52,885 [pool-577-thread-1] INFO  server.RaftServerConfigKeys (ConfUtils.java:logGet(43)) - raft.server.snapshot.auto.trigger.enabled = true (custom)
2019-09-25 11:51:52,886 [pool-577-thread-1] INFO  server.RaftServerConfigKeys (ConfUtils.java:logGet(43)) - raft.server.snapshot.auto.trigger.threshold = 10000 (custom)
2019-09-25 11:51:52,886 [pool-577-thread-1] INFO  server.RaftServerConfigKeys (ConfUtils.java:logGet(43)) - raft.server.snapshot.retention.num.files = 5 (custom)
2019-09-25 11:51:52,886 [pool-577-thread-1] INFO  server.RaftServerConfigKeys (ConfUtils.java:logGet(43)) - raft.server.retrycache.expirytime = 600000ms (custom)
2019-09-25 11:51:52,890 [pool-577-thread-1] INFO  impl.RaftServerImpl (RaftServerImpl.java:start(185)) - 9251df79-82a8-42ab-9e26-93b345e6a062@group-D20D2298DE89: start as a follower, conf=-1: [9251df79-82a8-42ab-9e26-93b345e6a062:192.168.30.6:33735], old=null
2019-09-25 11:51:52,890 [pool-577-thread-1] INFO  impl.RaftServerImpl (RaftServerImpl.java:setRole(174)) - 9251df79-82a8-42ab-9e26-93b345e6a062@group-D20D2298DE89: changes role from      null to FOLLOWER at term 0 for startAsFollower
2019-09-25 11:51:52,890 [pool-577-thread-1] INFO  impl.RoleInfo (RoleInfo.java:updateAndGet(143)) - 9251df79-82a8-42ab-9e26-93b345e6a062: start FollowerState
2019-09-25 11:51:52,890 [pool-577-thread-1] INFO  util.JmxRegister (JmxRegister.java:tryRegister(44)) - Successfully registered JMX Bean with object name Ratis:service=RaftServer,group=group-D20D2298DE89,id=9251df79-82a8-42ab-9e26-93b345e6a062
2019-09-25 11:51:52,893 [RatisPipelineUtilsThread] INFO  pipeline.PipelineStateManager (PipelineStateManager.java:addPipeline(56)) - Created pipeline Pipeline[ Id: fa3d1143-26e6-4cb9-ab5b-d20d2298de89, Nodes: 9251df79-82a8-42ab-9e26-93b345e6a062{ip: 192.168.30.6, host: pr-hdds-1569-5gmkr-4255264070, networkLocation: /default-rack, certSerialId: null}, Type:RATIS, Factor:ONE, State:OPEN]
2019-09-25 11:51:52,897 [grpc-default-executor-0] INFO  impl.RaftServerProxy (RaftServerProxy.java:addNew(89)) - f1e3f7f8-93b6-4fad-8e9a-8e12de86d7c3: addNew group-02AF7AE16CB3:[f1e3f7f8-93b6-4fad-8e9a-8e12de86d7c3:192.168.30.6:35470] returns group-02AF7AE16CB3:java.util.concurrent.CompletableFuture@4cdb0be6[Not completed]
2019-09-25 11:51:52,898 [pool-587-thread-1] INFO  impl.RaftServerImpl (RaftServerImpl.java:<init>(95)) - f1e3f7f8-93b6-4fad-8e9a-8e12de86d7c3: new RaftServerImpl for group-02AF7AE16CB3:[f1e3f7f8-93b6-4fad-8e9a-8e12de86d7c3:192.168.30.6:35470] with ContainerStateMachine:uninitialized
2019-09-25 11:51:52,898 [pool-587-thread-1] INFO  server.RaftServerConfigKeys (ConfUtils.java:logGet(43)) - raft.server.rpc.timeout.min = 5s (custom)
2019-09-25 11:51:52,898 [pool-587-thread-1] INFO  server.RaftServerConfigKeys (ConfUtils.java:logGet(43)) - raft.server.rpc.timeout.max = 5200ms (custom)
2019-09-25 11:51:52,898 [pool-587-thread-1] INFO  server.RaftServerConfigKeys (ConfUtils.java:logGet(43)) - raft.server.rpcslowness.timeout = 120s (custom)
2019-09-25 11:51:52,898 [pool-587-thread-1] INFO  server.RaftServerConfigKeys (ConfUtils.java:logGet(43)) - raft.server.sleep.deviation.threshold = 300 (default)
2019-09-25 11:51:52,899 [pool-587-thread-1] INFO  server.RaftServerConfigKeys (ConfUtils.java:logGet(43)) - raft.server.log.appender.install.snapshot.enabled = false (custom)
2019-09-25 11:51:52,899 [pool-587-thread-1] INFO  impl.RaftServerImpl (ServerState.java:<init>(103)) - f1e3f7f8-93b6-4fad-8e9a-8e12de86d7c3@group-02AF7AE16CB3: ConfigurationManager, init=-1: [f1e3f7f8-93b6-4fad-8e9a-8e12de86d7c3:192.168.30.6:35470], old=null, confs=<EMPTY_MAP>
2019-09-25 11:51:52,899 [pool-587-thread-1] INFO  server.RaftServerConfigKeys (ConfUtils.java:logGet(43)) - raft.server.storage.dir = [/workdir/hadoop-ozone/ozonefs/target/test-dir/MiniOzoneClusterImpl-059d6754-7a35-406d-b491-ba78f413a116/datanode-1/data/ratis] (custom)
2019-09-25 11:51:52,904 [pool-587-thread-1] INFO  storage.RaftStorageDirectory (RaftStorageDirectory.java:analyzeStorage(246)) - The storage directory /workdir/hadoop-ozone/ozonefs/target/test-dir/MiniOzoneClusterImpl-059d6754-7a35-406d-b491-ba78f413a116/datanode-1/data/ratis/40c74854-fdd7-4a8b-9ffc-02af7ae16cb3 does not exist. Creating ...
2019-09-25 11:51:52,904 [main] INFO  rpc.RpcClient (RpcClient.java:createVolume(276)) - Creating Volume: jwzxxoywsh, with user12362 as owner.
2019-09-25 11:51:52,907 [IPC Server handler 3 on 39744] INFO  volume.OMVolumeCreateRequest (OMVolumeCreateRequest.java:validateAndUpdateCache(189)) - created volume:jwzxxoywsh for user:user12362
2019-09-25 11:51:52,917 [main] INFO  rpc.RpcClient (RpcClient.java:createBucket(415)) - Creating Bucket: jwzxxoywsh/ifonfppmxq, with Versioning false and Storage Type set to DISK and Encryption set to false 
2019-09-25 11:51:52,918 [pool-587-thread-1] INFO  storage.RaftStorageDirectory (RaftStorageDirectory.java:tryLock(328)) - Lock on /workdir/hadoop-ozone/ozonefs/target/test-dir/MiniOzoneClusterImpl-059d6754-7a35-406d-b491-ba78f413a116/datanode-1/data/ratis/40c74854-fdd7-4a8b-9ffc-02af7ae16cb3/in_use.lock acquired by nodename 16435@pr-hdds-1569-5gmkr-4255264070
2019-09-25 11:51:52,930 [pool-587-thread-1] INFO  storage.RaftStorage (RaftStorage.java:format(72)) - Storage directory /workdir/hadoop-ozone/ozonefs/target/test-dir/MiniOzoneClusterImpl-059d6754-7a35-406d-b491-ba78f413a116/datanode-1/data/ratis/40c74854-fdd7-4a8b-9ffc-02af7ae16cb3 has been successfully formatted.
2019-09-25 11:51:52,930 [pool-587-thread-1] INFO  ratis.ContainerStateMachine (ContainerStateMachine.java:loadSnapshot(230)) - group-02AF7AE16CB3: The snapshot info is null. Setting the last applied indexto:(t:0, i:~)
2019-09-25 11:51:52,930 [pool-587-thread-1] INFO  server.RaftServerConfigKeys (ConfUtils.java:logGet(43)) - raft.server.notification.no-leader.timeout = 120s (custom)
2019-09-25 11:51:52,931 [pool-587-thread-1] INFO  server.RaftServerConfigKeys (ConfUtils.java:logGet(43)) - raft.server.log.use.memory = false (default)
2019-09-25 11:51:52,931 [pool-587-thread-1] INFO  server.RaftServerConfigKeys (ConfUtils.java:logGet(43)) - raft.server.log.purge.gap = 1000000 (custom)
2019-09-25 11:51:52,931 [pool-587-thread-1] INFO  server.RaftServerConfigKeys (ConfUtils.java:logGet(43)) - raft.server.log.appender.buffer.byte-limit = 33554432 (custom)
2019-09-25 11:51:52,931 [pool-587-thread-1] INFO  server.RaftServerConfigKeys (ConfUtils.java:logGet(43)) - raft.server.log.segment.size.max = 1048576 (custom)
2019-09-25 11:51:52,931 [pool-587-thread-1] INFO  server.RaftServerConfigKeys (ConfUtils.java:logGet(43)) - raft.server.log.segment.cache.num.max = 2 (custom)
2019-09-25 11:51:52,931 [pool-587-thread-1] INFO  segmented.SegmentedRaftLogWorker (SegmentedRaftLogWorker.java:<init>(172)) - new f1e3f7f8-93b6-4fad-8e9a-8e12de86d7c3@group-02AF7AE16CB3-SegmentedRaftLogWorker for RaftStorage:Storage Directory /workdir/hadoop-ozone/ozonefs/target/test-dir/MiniOzoneClusterImpl-059d6754-7a35-406d-b491-ba78f413a116/datanode-1/data/ratis/40c74854-fdd7-4a8b-9ffc-02af7ae16cb3
2019-09-25 11:51:52,931 [pool-587-thread-1] INFO  server.RaftServerConfigKeys (ConfUtils.java:logGet(43)) - raft.server.log.queue.byte-limit = 2147483647 (custom)
2019-09-25 11:51:52,931 [pool-587-thread-1] INFO  server.RaftServerConfigKeys (ConfUtils.java:logGet(43)) - raft.server.log.queue.element-limit = 1024 (custom)
2019-09-25 11:51:52,931 [pool-587-thread-1] INFO  server.RaftServerConfigKeys (ConfUtils.java:logGet(43)) - raft.server.log.segment.size.max = 1048576 (custom)
2019-09-25 11:51:52,932 [pool-587-thread-1] INFO  server.RaftServerConfigKeys (ConfUtils.java:logGet(43)) - raft.server.log.preallocated.size = 16384 (custom)
2019-09-25 11:51:52,932 [pool-587-thread-1] INFO  server.RaftServerConfigKeys (ConfUtils.java:logGet(43)) - raft.server.log.write.buffer.size = 33554432 (custom)
2019-09-25 11:51:52,932 [pool-587-thread-1] INFO  server.RaftServerConfigKeys (ConfUtils.java:logGet(43)) - raft.server.log.force.sync.num = 128 (default)
2019-09-25 11:51:52,932 [pool-587-thread-1] INFO  server.RaftServerConfigKeys (ConfUtils.java:logGet(43)) - raft.server.log.statemachine.data.sync = true (default)
2019-09-25 11:51:52,932 [pool-587-thread-1] INFO  server.RaftServerConfigKeys (ConfUtils.java:logGet(43)) - raft.server.log.statemachine.data.sync.timeout = 10s (default)
2019-09-25 11:51:52,932 [pool-587-thread-1] INFO  server.RaftServerConfigKeys (ConfUtils.java:logGet(43)) - raft.server.log.statemachine.data.sync.timeout.retry = -1 (default)
2019-09-25 11:51:52,932 [pool-587-thread-1] INFO  server.RaftServerConfigKeys (ConfUtils.java:logGet(43)) - raft.server.log.statemachine.data.caching.enabled = true (custom)
2019-09-25 11:51:52,932 [pool-587-thread-1] INFO  segmented.SegmentedRaftLogWorker (SegmentedRaftLogWorker.java:lambda$new$0(132)) - f1e3f7f8-93b6-4fad-8e9a-8e12de86d7c3@group-02AF7AE16CB3-SegmentedRaftLogWorker: flushIndex: setUnconditionally 0 -> -1
2019-09-25 11:51:52,933 [pool-587-thread-1] INFO  server.RaftServerConfigKeys (ConfUtils.java:logGet(43)) - raft.server.snapshot.auto.trigger.enabled = true (custom)
2019-09-25 11:51:52,933 [pool-587-thread-1] INFO  server.RaftServerConfigKeys (ConfUtils.java:logGet(43)) - raft.server.snapshot.auto.trigger.threshold = 10000 (custom)
2019-09-25 11:51:52,933 [pool-587-thread-1] INFO  server.RaftServerConfigKeys (ConfUtils.java:logGet(43)) - raft.server.snapshot.retention.num.files = 5 (custom)
2019-09-25 11:51:52,933 [pool-587-thread-1] INFO  server.RaftServerConfigKeys (ConfUtils.java:logGet(43)) - raft.server.retrycache.expirytime = 600000ms (custom)
2019-09-25 11:51:52,934 [pool-587-thread-1] INFO  impl.RaftServerImpl (RaftServerImpl.java:start(185)) - f1e3f7f8-93b6-4fad-8e9a-8e12de86d7c3@group-02AF7AE16CB3: start as a follower, conf=-1: [f1e3f7f8-93b6-4fad-8e9a-8e12de86d7c3:192.168.30.6:35470], old=null
2019-09-25 11:51:52,934 [pool-587-thread-1] INFO  impl.RaftServerImpl (RaftServerImpl.java:setRole(174)) - f1e3f7f8-93b6-4fad-8e9a-8e12de86d7c3@group-02AF7AE16CB3: changes role from      null to FOLLOWER at term 0 for startAsFollower
2019-09-25 11:51:52,934 [pool-587-thread-1] INFO  impl.RoleInfo (RoleInfo.java:updateAndGet(143)) - f1e3f7f8-93b6-4fad-8e9a-8e12de86d7c3: start FollowerState
2019-09-25 11:51:52,935 [pool-587-thread-1] INFO  util.JmxRegister (JmxRegister.java:tryRegister(44)) - Successfully registered JMX Bean with object name Ratis:service=RaftServer,group=group-02AF7AE16CB3,id=f1e3f7f8-93b6-4fad-8e9a-8e12de86d7c3
2019-09-25 11:51:52,937 [RatisPipelineUtilsThread] INFO  pipeline.PipelineStateManager (PipelineStateManager.java:addPipeline(56)) - Created pipeline Pipeline[ Id: 40c74854-fdd7-4a8b-9ffc-02af7ae16cb3, Nodes: f1e3f7f8-93b6-4fad-8e9a-8e12de86d7c3{ip: 192.168.30.6, host: pr-hdds-1569-5gmkr-4255264070, networkLocation: /default-rack, certSerialId: null}, Type:RATIS, Factor:ONE, State:OPEN]
2019-09-25 11:51:52,940 [grpc-default-executor-0] INFO  impl.RaftServerProxy (RaftServerProxy.java:addNew(89)) - 9251df79-82a8-42ab-9e26-93b345e6a062: addNew group-894A97782426:[9251df79-82a8-42ab-9e26-93b345e6a062:192.168.30.6:33735] returns group-894A97782426:java.util.concurrent.CompletableFuture@50e84804[Not completed]
2019-09-25 11:51:52,941 [pool-577-thread-1] INFO  impl.RaftServerImpl (RaftServerImpl.java:<init>(95)) - 9251df79-82a8-42ab-9e26-93b345e6a062: new RaftServerImpl for group-894A97782426:[9251df79-82a8-42ab-9e26-93b345e6a062:192.168.30.6:33735] with ContainerStateMachine:uninitialized
2019-09-25 11:51:52,941 [pool-577-thread-1] INFO  server.RaftServerConfigKeys (ConfUtils.java:logGet(43)) - raft.server.rpc.timeout.min = 5s (custom)
2019-09-25 11:51:52,941 [pool-577-thread-1] INFO  server.RaftServerConfigKeys (ConfUtils.java:logGet(43)) - raft.server.rpc.timeout.max = 5200ms (custom)
2019-09-25 11:51:52,941 [pool-577-thread-1] INFO  server.RaftServerConfigKeys (ConfUtils.java:logGet(43)) - raft.server.rpcslowness.timeout = 120s (custom)
2019-09-25 11:51:52,942 [pool-577-thread-1] INFO  server.RaftServerConfigKeys (ConfUtils.java:logGet(43)) - raft.server.sleep.deviation.threshold = 300 (default)
2019-09-25 11:51:52,942 [pool-577-thread-1] INFO  server.RaftServerConfigKeys (ConfUtils.java:logGet(43)) - raft.server.log.appender.install.snapshot.enabled = false (custom)
2019-09-25 11:51:52,942 [pool-577-thread-1] INFO  impl.RaftServerImpl (ServerState.java:<init>(103)) - 9251df79-82a8-42ab-9e26-93b345e6a062@group-894A97782426: ConfigurationManager, init=-1: [9251df79-82a8-42ab-9e26-93b345e6a062:192.168.30.6:33735], old=null, confs=<EMPTY_MAP>
2019-09-25 11:51:52,942 [pool-577-thread-1] INFO  server.RaftServerConfigKeys (ConfUtils.java:logGet(43)) - raft.server.storage.dir = [/workdir/hadoop-ozone/ozonefs/target/test-dir/MiniOzoneClusterImpl-059d6754-7a35-406d-b491-ba78f413a116/datanode-0/data/ratis] (custom)
2019-09-25 11:51:52,942 [pool-577-thread-1] INFO  storage.RaftStorageDirectory (RaftStorageDirectory.java:analyzeStorage(246)) - The storage directory /workdir/hadoop-ozone/ozonefs/target/test-dir/MiniOzoneClusterImpl-059d6754-7a35-406d-b491-ba78f413a116/datanode-0/data/ratis/4b69895a-b58e-4436-98c0-894a97782426 does not exist. Creating ...
2019-09-25 11:51:52,956 [pool-577-thread-1] INFO  storage.RaftStorageDirectory (RaftStorageDirectory.java:tryLock(328)) - Lock on /workdir/hadoop-ozone/ozonefs/target/test-dir/MiniOzoneClusterImpl-059d6754-7a35-406d-b491-ba78f413a116/datanode-0/data/ratis/4b69895a-b58e-4436-98c0-894a97782426/in_use.lock acquired by nodename 16435@pr-hdds-1569-5gmkr-4255264070
2019-09-25 11:51:52,969 [pool-577-thread-1] INFO  storage.RaftStorage (RaftStorage.java:format(72)) - Storage directory /workdir/hadoop-ozone/ozonefs/target/test-dir/MiniOzoneClusterImpl-059d6754-7a35-406d-b491-ba78f413a116/datanode-0/data/ratis/4b69895a-b58e-4436-98c0-894a97782426 has been successfully formatted.
2019-09-25 11:51:52,969 [pool-577-thread-1] INFO  ratis.ContainerStateMachine (ContainerStateMachine.java:loadSnapshot(230)) - group-894A97782426: The snapshot info is null. Setting the last applied indexto:(t:0, i:~)
2019-09-25 11:51:52,969 [pool-577-thread-1] INFO  server.RaftServerConfigKeys (ConfUtils.java:logGet(43)) - raft.server.notification.no-leader.timeout = 120s (custom)
2019-09-25 11:51:52,969 [pool-577-thread-1] INFO  server.RaftServerConfigKeys (ConfUtils.java:logGet(43)) - raft.server.log.use.memory = false (default)
2019-09-25 11:51:52,970 [pool-577-thread-1] INFO  server.RaftServerConfigKeys (ConfUtils.java:logGet(43)) - raft.server.log.purge.gap = 1000000 (custom)
2019-09-25 11:51:52,970 [pool-577-thread-1] INFO  server.RaftServerConfigKeys (ConfUtils.java:logGet(43)) - raft.server.log.appender.buffer.byte-limit = 33554432 (custom)
2019-09-25 11:51:52,970 [pool-577-thread-1] INFO  server.RaftServerConfigKeys (ConfUtils.java:logGet(43)) - raft.server.log.segment.size.max = 1048576 (custom)
2019-09-25 11:51:52,970 [pool-577-thread-1] INFO  server.RaftServerConfigKeys (ConfUtils.java:logGet(43)) - raft.server.log.segment.cache.num.max = 2 (custom)
2019-09-25 11:51:52,970 [pool-577-thread-1] INFO  segmented.SegmentedRaftLogWorker (SegmentedRaftLogWorker.java:<init>(172)) - new 9251df79-82a8-42ab-9e26-93b345e6a062@group-894A97782426-SegmentedRaftLogWorker for RaftStorage:Storage Directory /workdir/hadoop-ozone/ozonefs/target/test-dir/MiniOzoneClusterImpl-059d6754-7a35-406d-b491-ba78f413a116/datanode-0/data/ratis/4b69895a-b58e-4436-98c0-894a97782426
2019-09-25 11:51:52,970 [pool-577-thread-1] INFO  server.RaftServerConfigKeys (ConfUtils.java:logGet(43)) - raft.server.log.queue.byte-limit = 2147483647 (custom)
2019-09-25 11:51:52,970 [pool-577-thread-1] INFO  server.RaftServerConfigKeys (ConfUtils.java:logGet(43)) - raft.server.log.queue.element-limit = 1024 (custom)
2019-09-25 11:51:52,970 [pool-577-thread-1] INFO  server.RaftServerConfigKeys (ConfUtils.java:logGet(43)) - raft.server.log.segment.size.max = 1048576 (custom)
2019-09-25 11:51:52,970 [pool-577-thread-1] INFO  server.RaftServerConfigKeys (ConfUtils.java:logGet(43)) - raft.server.log.preallocated.size = 16384 (custom)
2019-09-25 11:51:52,970 [pool-577-thread-1] INFO  server.RaftServerConfigKeys (ConfUtils.java:logGet(43)) - raft.server.log.write.buffer.size = 33554432 (custom)
2019-09-25 11:51:52,971 [pool-577-thread-1] INFO  server.RaftServerConfigKeys (ConfUtils.java:logGet(43)) - raft.server.log.force.sync.num = 128 (default)
2019-09-25 11:51:52,971 [pool-577-thread-1] INFO  server.RaftServerConfigKeys (ConfUtils.java:logGet(43)) - raft.server.log.statemachine.data.sync = true (default)
2019-09-25 11:51:52,971 [pool-577-thread-1] INFO  server.RaftServerConfigKeys (ConfUtils.java:logGet(43)) - raft.server.log.statemachine.data.sync.timeout = 10s (default)
2019-09-25 11:51:52,971 [pool-577-thread-1] INFO  server.RaftServerConfigKeys (ConfUtils.java:logGet(43)) - raft.server.log.statemachine.data.sync.timeout.retry = -1 (default)
2019-09-25 11:51:52,971 [pool-577-thread-1] INFO  server.RaftServerConfigKeys (ConfUtils.java:logGet(43)) - raft.server.log.statemachine.data.caching.enabled = true (custom)
2019-09-25 11:51:52,971 [pool-577-thread-1] INFO  segmented.SegmentedRaftLogWorker (SegmentedRaftLogWorker.java:lambda$new$0(132)) - 9251df79-82a8-42ab-9e26-93b345e6a062@group-894A97782426-SegmentedRaftLogWorker: flushIndex: setUnconditionally 0 -> -1
2019-09-25 11:51:52,972 [pool-577-thread-1] INFO  server.RaftServerConfigKeys (ConfUtils.java:logGet(43)) - raft.server.snapshot.auto.trigger.enabled = true (custom)
2019-09-25 11:51:52,972 [pool-577-thread-1] INFO  server.RaftServerConfigKeys (ConfUtils.java:logGet(43)) - raft.server.snapshot.auto.trigger.threshold = 10000 (custom)
2019-09-25 11:51:52,972 [pool-577-thread-1] INFO  server.RaftServerConfigKeys (ConfUtils.java:logGet(43)) - raft.server.snapshot.retention.num.files = 5 (custom)
2019-09-25 11:51:52,972 [pool-577-thread-1] INFO  server.RaftServerConfigKeys (ConfUtils.java:logGet(43)) - raft.server.retrycache.expirytime = 600000ms (custom)
2019-09-25 11:51:52,973 [pool-577-thread-1] INFO  impl.RaftServerImpl (RaftServerImpl.java:start(185)) - 9251df79-82a8-42ab-9e26-93b345e6a062@group-894A97782426: start as a follower, conf=-1: [9251df79-82a8-42ab-9e26-93b345e6a062:192.168.30.6:33735], old=null
2019-09-25 11:51:52,973 [pool-577-thread-1] INFO  impl.RaftServerImpl (RaftServerImpl.java:setRole(174)) - 9251df79-82a8-42ab-9e26-93b345e6a062@group-894A97782426: changes role from      null to FOLLOWER at term 0 for startAsFollower
2019-09-25 11:51:52,973 [pool-577-thread-1] INFO  impl.RoleInfo (RoleInfo.java:updateAndGet(143)) - 9251df79-82a8-42ab-9e26-93b345e6a062: start FollowerState
2019-09-25 11:51:52,974 [pool-577-thread-1] INFO  util.JmxRegister (JmxRegister.java:tryRegister(44)) - Successfully registered JMX Bean with object name Ratis:service=RaftServer,group=group-894A97782426,id=9251df79-82a8-42ab-9e26-93b345e6a062
2019-09-25 11:51:52,976 [RatisPipelineUtilsThread] INFO  pipeline.PipelineStateManager (PipelineStateManager.java:addPipeline(56)) - Created pipeline Pipeline[ Id: 4b69895a-b58e-4436-98c0-894a97782426, Nodes: 9251df79-82a8-42ab-9e26-93b345e6a062{ip: 192.168.30.6, host: pr-hdds-1569-5gmkr-4255264070, networkLocation: /default-rack, certSerialId: null}, Type:RATIS, Factor:ONE, State:OPEN]
2019-09-25 11:51:52,980 [grpc-default-executor-0] INFO  impl.RaftServerProxy (RaftServerProxy.java:addNew(89)) - 9251df79-82a8-42ab-9e26-93b345e6a062: addNew group-4270F9D2425A:[9251df79-82a8-42ab-9e26-93b345e6a062:192.168.30.6:33735] returns group-4270F9D2425A:java.util.concurrent.CompletableFuture@4f2d74f2[Not completed]
2019-09-25 11:51:52,981 [pool-577-thread-1] INFO  impl.RaftServerImpl (RaftServerImpl.java:<init>(95)) - 9251df79-82a8-42ab-9e26-93b345e6a062: new RaftServerImpl for group-4270F9D2425A:[9251df79-82a8-42ab-9e26-93b345e6a062:192.168.30.6:33735] with ContainerStateMachine:uninitialized
2019-09-25 11:51:52,981 [pool-577-thread-1] INFO  server.RaftServerConfigKeys (ConfUtils.java:logGet(43)) - raft.server.rpc.timeout.min = 5s (custom)
2019-09-25 11:51:52,981 [pool-577-thread-1] INFO  server.RaftServerConfigKeys (ConfUtils.java:logGet(43)) - raft.server.rpc.timeout.max = 5200ms (custom)
2019-09-25 11:51:52,981 [pool-577-thread-1] INFO  server.RaftServerConfigKeys (ConfUtils.java:logGet(43)) - raft.server.rpcslowness.timeout = 120s (custom)
2019-09-25 11:51:52,982 [pool-577-thread-1] INFO  server.RaftServerConfigKeys (ConfUtils.java:logGet(43)) - raft.server.sleep.deviation.threshold = 300 (default)
2019-09-25 11:51:52,982 [pool-577-thread-1] INFO  server.RaftServerConfigKeys (ConfUtils.java:logGet(43)) - raft.server.log.appender.install.snapshot.enabled = false (custom)
2019-09-25 11:51:52,982 [pool-577-thread-1] INFO  impl.RaftServerImpl (ServerState.java:<init>(103)) - 9251df79-82a8-42ab-9e26-93b345e6a062@group-4270F9D2425A: ConfigurationManager, init=-1: [9251df79-82a8-42ab-9e26-93b345e6a062:192.168.30.6:33735], old=null, confs=<EMPTY_MAP>
2019-09-25 11:51:52,982 [pool-577-thread-1] INFO  server.RaftServerConfigKeys (ConfUtils.java:logGet(43)) - raft.server.storage.dir = [/workdir/hadoop-ozone/ozonefs/target/test-dir/MiniOzoneClusterImpl-059d6754-7a35-406d-b491-ba78f413a116/datanode-0/data/ratis] (custom)
2019-09-25 11:51:52,982 [pool-577-thread-1] INFO  storage.RaftStorageDirectory (RaftStorageDirectory.java:analyzeStorage(246)) - The storage directory /workdir/hadoop-ozone/ozonefs/target/test-dir/MiniOzoneClusterImpl-059d6754-7a35-406d-b491-ba78f413a116/datanode-0/data/ratis/f895c9d1-7a10-4ca6-9e8e-4270f9d2425a does not exist. Creating ...
2019-09-25 11:51:52,995 [pool-577-thread-1] INFO  storage.RaftStorageDirectory (RaftStorageDirectory.java:tryLock(328)) - Lock on /workdir/hadoop-ozone/ozonefs/target/test-dir/MiniOzoneClusterImpl-059d6754-7a35-406d-b491-ba78f413a116/datanode-0/data/ratis/f895c9d1-7a10-4ca6-9e8e-4270f9d2425a/in_use.lock acquired by nodename 16435@pr-hdds-1569-5gmkr-4255264070
2019-09-25 11:51:53,008 [pool-577-thread-1] INFO  storage.RaftStorage (RaftStorage.java:format(72)) - Storage directory /workdir/hadoop-ozone/ozonefs/target/test-dir/MiniOzoneClusterImpl-059d6754-7a35-406d-b491-ba78f413a116/datanode-0/data/ratis/f895c9d1-7a10-4ca6-9e8e-4270f9d2425a has been successfully formatted.
2019-09-25 11:51:53,008 [pool-577-thread-1] INFO  ratis.ContainerStateMachine (ContainerStateMachine.java:loadSnapshot(230)) - group-4270F9D2425A: The snapshot info is null. Setting the last applied indexto:(t:0, i:~)
2019-09-25 11:51:53,009 [pool-577-thread-1] INFO  server.RaftServerConfigKeys (ConfUtils.java:logGet(43)) - raft.server.notification.no-leader.timeout = 120s (custom)
2019-09-25 11:51:53,009 [pool-577-thread-1] INFO  server.RaftServerConfigKeys (ConfUtils.java:logGet(43)) - raft.server.log.use.memory = false (default)
2019-09-25 11:51:53,009 [pool-577-thread-1] INFO  server.RaftServerConfigKeys (ConfUtils.java:logGet(43)) - raft.server.log.purge.gap = 1000000 (custom)
2019-09-25 11:51:53,009 [pool-577-thread-1] INFO  server.RaftServerConfigKeys (ConfUtils.java:logGet(43)) - raft.server.log.appender.buffer.byte-limit = 33554432 (custom)
2019-09-25 11:51:53,009 [pool-577-thread-1] INFO  server.RaftServerConfigKeys (ConfUtils.java:logGet(43)) - raft.server.log.segment.size.max = 1048576 (custom)
2019-09-25 11:51:53,009 [pool-577-thread-1] INFO  server.RaftServerConfigKeys (ConfUtils.java:logGet(43)) - raft.server.log.segment.cache.num.max = 2 (custom)
2019-09-25 11:51:53,009 [pool-577-thread-1] INFO  segmented.SegmentedRaftLogWorker (SegmentedRaftLogWorker.java:<init>(172)) - new 9251df79-82a8-42ab-9e26-93b345e6a062@group-4270F9D2425A-SegmentedRaftLogWorker for RaftStorage:Storage Directory /workdir/hadoop-ozone/ozonefs/target/test-dir/MiniOzoneClusterImpl-059d6754-7a35-406d-b491-ba78f413a116/datanode-0/data/ratis/f895c9d1-7a10-4ca6-9e8e-4270f9d2425a
2019-09-25 11:51:53,009 [pool-577-thread-1] INFO  server.RaftServerConfigKeys (ConfUtils.java:logGet(43)) - raft.server.log.queue.byte-limit = 2147483647 (custom)
2019-09-25 11:51:53,009 [pool-577-thread-1] INFO  server.RaftServerConfigKeys (ConfUtils.java:logGet(43)) - raft.server.log.queue.element-limit = 1024 (custom)
2019-09-25 11:51:53,009 [pool-577-thread-1] INFO  server.RaftServerConfigKeys (ConfUtils.java:logGet(43)) - raft.server.log.segment.size.max = 1048576 (custom)
2019-09-25 11:51:53,010 [pool-577-thread-1] INFO  server.RaftServerConfigKeys (ConfUtils.java:logGet(43)) - raft.server.log.preallocated.size = 16384 (custom)
2019-09-25 11:51:53,010 [pool-577-thread-1] INFO  server.RaftServerConfigKeys (ConfUtils.java:logGet(43)) - raft.server.log.write.buffer.size = 33554432 (custom)
2019-09-25 11:51:53,010 [pool-577-thread-1] INFO  server.RaftServerConfigKeys (ConfUtils.java:logGet(43)) - raft.server.log.force.sync.num = 128 (default)
2019-09-25 11:51:53,010 [pool-577-thread-1] INFO  server.RaftServerConfigKeys (ConfUtils.java:logGet(43)) - raft.server.log.statemachine.data.sync = true (default)
2019-09-25 11:51:53,010 [pool-577-thread-1] INFO  server.RaftServerConfigKeys (ConfUtils.java:logGet(43)) - raft.server.log.statemachine.data.sync.timeout = 10s (default)
2019-09-25 11:51:53,010 [pool-577-thread-1] INFO  server.RaftServerConfigKeys (ConfUtils.java:logGet(43)) - raft.server.log.statemachine.data.sync.timeout.retry = -1 (default)
2019-09-25 11:51:53,010 [pool-577-thread-1] INFO  server.RaftServerConfigKeys (ConfUtils.java:logGet(43)) - raft.server.log.statemachine.data.caching.enabled = true (custom)
2019-09-25 11:51:53,010 [pool-577-thread-1] INFO  segmented.SegmentedRaftLogWorker (SegmentedRaftLogWorker.java:lambda$new$0(132)) - 9251df79-82a8-42ab-9e26-93b345e6a062@group-4270F9D2425A-SegmentedRaftLogWorker: flushIndex: setUnconditionally 0 -> -1
2019-09-25 11:51:53,011 [pool-577-thread-1] INFO  server.RaftServerConfigKeys (ConfUtils.java:logGet(43)) - raft.server.snapshot.auto.trigger.enabled = true (custom)
2019-09-25 11:51:53,011 [pool-577-thread-1] INFO  server.RaftServerConfigKeys (ConfUtils.java:logGet(43)) - raft.server.snapshot.auto.trigger.threshold = 10000 (custom)
2019-09-25 11:51:53,011 [pool-577-thread-1] INFO  server.RaftServerConfigKeys (ConfUtils.java:logGet(43)) - raft.server.snapshot.retention.num.files = 5 (custom)
2019-09-25 11:51:53,011 [pool-577-thread-1] INFO  server.RaftServerConfigKeys (ConfUtils.java:logGet(43)) - raft.server.retrycache.expirytime = 600000ms (custom)
2019-09-25 11:51:53,012 [pool-577-thread-1] INFO  impl.RaftServerImpl (RaftServerImpl.java:start(185)) - 9251df79-82a8-42ab-9e26-93b345e6a062@group-4270F9D2425A: start as a follower, conf=-1: [9251df79-82a8-42ab-9e26-93b345e6a062:192.168.30.6:33735], old=null
2019-09-25 11:51:53,012 [pool-577-thread-1] INFO  impl.RaftServerImpl (RaftServerImpl.java:setRole(174)) - 9251df79-82a8-42ab-9e26-93b345e6a062@group-4270F9D2425A: changes role from      null to FOLLOWER at term 0 for startAsFollower
2019-09-25 11:51:53,012 [pool-577-thread-1] INFO  impl.RoleInfo (RoleInfo.java:updateAndGet(143)) - 9251df79-82a8-42ab-9e26-93b345e6a062: start FollowerState
2019-09-25 11:51:53,013 [pool-577-thread-1] INFO  util.JmxRegister (JmxRegister.java:tryRegister(44)) - Successfully registered JMX Bean with object name Ratis:service=RaftServer,group=group-4270F9D2425A,id=9251df79-82a8-42ab-9e26-93b345e6a062
2019-09-25 11:51:53,014 [RatisPipelineUtilsThread] INFO  pipeline.PipelineStateManager (PipelineStateManager.java:addPipeline(56)) - Created pipeline Pipeline[ Id: f895c9d1-7a10-4ca6-9e8e-4270f9d2425a, Nodes: 9251df79-82a8-42ab-9e26-93b345e6a062{ip: 192.168.30.6, host: pr-hdds-1569-5gmkr-4255264070, networkLocation: /default-rack, certSerialId: null}, Type:RATIS, Factor:ONE, State:OPEN]
2019-09-25 11:51:53,015 [RatisPipelineUtilsThread] INFO  pipeline.PipelinePlacementPolicy (PipelinePlacementPolicy.java:meetCriteria(91)) - Pipeline Placement: can't place more pipeline on heavy datanode： 9251df79-82a8-42ab-9e26-93b345e6a062 Heaviness: 6 limit: 5
2019-09-25 11:51:53,018 [grpc-default-executor-0] INFO  impl.RaftServerProxy (RaftServerProxy.java:addNew(89)) - f1e3f7f8-93b6-4fad-8e9a-8e12de86d7c3: addNew group-D27BAB979074:[f1e3f7f8-93b6-4fad-8e9a-8e12de86d7c3:192.168.30.6:35470] returns group-D27BAB979074:java.util.concurrent.CompletableFuture@217a82fe[Not completed]
2019-09-25 11:51:53,019 [pool-587-thread-1] INFO  impl.RaftServerImpl (RaftServerImpl.java:<init>(95)) - f1e3f7f8-93b6-4fad-8e9a-8e12de86d7c3: new RaftServerImpl for group-D27BAB979074:[f1e3f7f8-93b6-4fad-8e9a-8e12de86d7c3:192.168.30.6:35470] with ContainerStateMachine:uninitialized
2019-09-25 11:51:53,019 [pool-587-thread-1] INFO  server.RaftServerConfigKeys (ConfUtils.java:logGet(43)) - raft.server.rpc.timeout.min = 5s (custom)
2019-09-25 11:51:53,020 [pool-587-thread-1] INFO  server.RaftServerConfigKeys (ConfUtils.java:logGet(43)) - raft.server.rpc.timeout.max = 5200ms (custom)
2019-09-25 11:51:53,020 [pool-587-thread-1] INFO  server.RaftServerConfigKeys (ConfUtils.java:logGet(43)) - raft.server.rpcslowness.timeout = 120s (custom)
2019-09-25 11:51:53,020 [pool-587-thread-1] INFO  server.RaftServerConfigKeys (ConfUtils.java:logGet(43)) - raft.server.sleep.deviation.threshold = 300 (default)
2019-09-25 11:51:53,020 [pool-587-thread-1] INFO  server.RaftServerConfigKeys (ConfUtils.java:logGet(43)) - raft.server.log.appender.install.snapshot.enabled = false (custom)
2019-09-25 11:51:53,020 [pool-587-thread-1] INFO  impl.RaftServerImpl (ServerState.java:<init>(103)) - f1e3f7f8-93b6-4fad-8e9a-8e12de86d7c3@group-D27BAB979074: ConfigurationManager, init=-1: [f1e3f7f8-93b6-4fad-8e9a-8e12de86d7c3:192.168.30.6:35470], old=null, confs=<EMPTY_MAP>
2019-09-25 11:51:53,020 [pool-587-thread-1] INFO  server.RaftServerConfigKeys (ConfUtils.java:logGet(43)) - raft.server.storage.dir = [/workdir/hadoop-ozone/ozonefs/target/test-dir/MiniOzoneClusterImpl-059d6754-7a35-406d-b491-ba78f413a116/datanode-1/data/ratis] (custom)
2019-09-25 11:51:53,021 [pool-587-thread-1] INFO  storage.RaftStorageDirectory (RaftStorageDirectory.java:analyzeStorage(246)) - The storage directory /workdir/hadoop-ozone/ozonefs/target/test-dir/MiniOzoneClusterImpl-059d6754-7a35-406d-b491-ba78f413a116/datanode-1/data/ratis/af1b4fba-289f-4e95-a0d6-d27bab979074 does not exist. Creating ...
2019-09-25 11:51:53,034 [pool-587-thread-1] INFO  storage.RaftStorageDirectory (RaftStorageDirectory.java:tryLock(328)) - Lock on /workdir/hadoop-ozone/ozonefs/target/test-dir/MiniOzoneClusterImpl-059d6754-7a35-406d-b491-ba78f413a116/datanode-1/data/ratis/af1b4fba-289f-4e95-a0d6-d27bab979074/in_use.lock acquired by nodename 16435@pr-hdds-1569-5gmkr-4255264070
2019-09-25 11:51:53,048 [pool-587-thread-1] INFO  storage.RaftStorage (RaftStorage.java:format(72)) - Storage directory /workdir/hadoop-ozone/ozonefs/target/test-dir/MiniOzoneClusterImpl-059d6754-7a35-406d-b491-ba78f413a116/datanode-1/data/ratis/af1b4fba-289f-4e95-a0d6-d27bab979074 has been successfully formatted.
2019-09-25 11:51:53,048 [pool-587-thread-1] INFO  ratis.ContainerStateMachine (ContainerStateMachine.java:loadSnapshot(230)) - group-D27BAB979074: The snapshot info is null. Setting the last applied indexto:(t:0, i:~)
2019-09-25 11:51:53,048 [pool-587-thread-1] INFO  server.RaftServerConfigKeys (ConfUtils.java:logGet(43)) - raft.server.notification.no-leader.timeout = 120s (custom)
2019-09-25 11:51:53,048 [pool-587-thread-1] INFO  server.RaftServerConfigKeys (ConfUtils.java:logGet(43)) - raft.server.log.use.memory = false (default)
2019-09-25 11:51:53,048 [pool-587-thread-1] INFO  server.RaftServerConfigKeys (ConfUtils.java:logGet(43)) - raft.server.log.purge.gap = 1000000 (custom)
2019-09-25 11:51:53,049 [pool-587-thread-1] INFO  server.RaftServerConfigKeys (ConfUtils.java:logGet(43)) - raft.server.log.appender.buffer.byte-limit = 33554432 (custom)
2019-09-25 11:51:53,049 [pool-587-thread-1] INFO  server.RaftServerConfigKeys (ConfUtils.java:logGet(43)) - raft.server.log.segment.size.max = 1048576 (custom)
2019-09-25 11:51:53,049 [pool-587-thread-1] INFO  server.RaftServerConfigKeys (ConfUtils.java:logGet(43)) - raft.server.log.segment.cache.num.max = 2 (custom)
2019-09-25 11:51:53,049 [pool-587-thread-1] INFO  segmented.SegmentedRaftLogWorker (SegmentedRaftLogWorker.java:<init>(172)) - new f1e3f7f8-93b6-4fad-8e9a-8e12de86d7c3@group-D27BAB979074-SegmentedRaftLogWorker for RaftStorage:Storage Directory /workdir/hadoop-ozone/ozonefs/target/test-dir/MiniOzoneClusterImpl-059d6754-7a35-406d-b491-ba78f413a116/datanode-1/data/ratis/af1b4fba-289f-4e95-a0d6-d27bab979074
2019-09-25 11:51:53,049 [pool-587-thread-1] INFO  server.RaftServerConfigKeys (ConfUtils.java:logGet(43)) - raft.server.log.queue.byte-limit = 2147483647 (custom)
2019-09-25 11:51:53,049 [pool-587-thread-1] INFO  server.RaftServerConfigKeys (ConfUtils.java:logGet(43)) - raft.server.log.queue.element-limit = 1024 (custom)
2019-09-25 11:51:53,049 [pool-587-thread-1] INFO  server.RaftServerConfigKeys (ConfUtils.java:logGet(43)) - raft.server.log.segment.size.max = 1048576 (custom)
2019-09-25 11:51:53,050 [pool-587-thread-1] INFO  server.RaftServerConfigKeys (ConfUtils.java:logGet(43)) - raft.server.log.preallocated.size = 16384 (custom)
2019-09-25 11:51:53,050 [pool-587-thread-1] INFO  server.RaftServerConfigKeys (ConfUtils.java:logGet(43)) - raft.server.log.write.buffer.size = 33554432 (custom)
2019-09-25 11:51:53,050 [pool-587-thread-1] INFO  server.RaftServerConfigKeys (ConfUtils.java:logGet(43)) - raft.server.log.force.sync.num = 128 (default)
2019-09-25 11:51:53,050 [pool-587-thread-1] INFO  server.RaftServerConfigKeys (ConfUtils.java:logGet(43)) - raft.server.log.statemachine.data.sync = true (default)
2019-09-25 11:51:53,050 [pool-587-thread-1] INFO  server.RaftServerConfigKeys (ConfUtils.java:logGet(43)) - raft.server.log.statemachine.data.sync.timeout = 10s (default)
2019-09-25 11:51:53,050 [pool-587-thread-1] INFO  server.RaftServerConfigKeys (ConfUtils.java:logGet(43)) - raft.server.log.statemachine.data.sync.timeout.retry = -1 (default)
2019-09-25 11:51:53,050 [pool-587-thread-1] INFO  server.RaftServerConfigKeys (ConfUtils.java:logGet(43)) - raft.server.log.statemachine.data.caching.enabled = true (custom)
2019-09-25 11:51:53,051 [pool-587-thread-1] INFO  segmented.SegmentedRaftLogWorker (SegmentedRaftLogWorker.java:lambda$new$0(132)) - f1e3f7f8-93b6-4fad-8e9a-8e12de86d7c3@group-D27BAB979074-SegmentedRaftLogWorker: flushIndex: setUnconditionally 0 -> -1
2019-09-25 11:51:53,051 [pool-587-thread-1] INFO  server.RaftServerConfigKeys (ConfUtils.java:logGet(43)) - raft.server.snapshot.auto.trigger.enabled = true (custom)
2019-09-25 11:51:53,051 [pool-587-thread-1] INFO  server.RaftServerConfigKeys (ConfUtils.java:logGet(43)) - raft.server.snapshot.auto.trigger.threshold = 10000 (custom)
2019-09-25 11:51:53,051 [pool-587-thread-1] INFO  server.RaftServerConfigKeys (ConfUtils.java:logGet(43)) - raft.server.snapshot.retention.num.files = 5 (custom)
2019-09-25 11:51:53,051 [pool-587-thread-1] INFO  server.RaftServerConfigKeys (ConfUtils.java:logGet(43)) - raft.server.retrycache.expirytime = 600000ms (custom)
2019-09-25 11:51:53,053 [pool-587-thread-1] INFO  impl.RaftServerImpl (RaftServerImpl.java:start(185)) - f1e3f7f8-93b6-4fad-8e9a-8e12de86d7c3@group-D27BAB979074: start as a follower, conf=-1: [f1e3f7f8-93b6-4fad-8e9a-8e12de86d7c3:192.168.30.6:35470], old=null
2019-09-25 11:51:53,053 [pool-587-thread-1] INFO  impl.RaftServerImpl (RaftServerImpl.java:setRole(174)) - f1e3f7f8-93b6-4fad-8e9a-8e12de86d7c3@group-D27BAB979074: changes role from      null to FOLLOWER at term 0 for startAsFollower
2019-09-25 11:51:53,053 [pool-587-thread-1] INFO  impl.RoleInfo (RoleInfo.java:updateAndGet(143)) - f1e3f7f8-93b6-4fad-8e9a-8e12de86d7c3: start FollowerState
2019-09-25 11:51:53,053 [pool-587-thread-1] INFO  util.JmxRegister (JmxRegister.java:tryRegister(44)) - Successfully registered JMX Bean with object name Ratis:service=RaftServer,group=group-D27BAB979074,id=f1e3f7f8-93b6-4fad-8e9a-8e12de86d7c3
2019-09-25 11:51:53,056 [RatisPipelineUtilsThread] INFO  pipeline.PipelineStateManager (PipelineStateManager.java:addPipeline(56)) - Created pipeline Pipeline[ Id: af1b4fba-289f-4e95-a0d6-d27bab979074, Nodes: f1e3f7f8-93b6-4fad-8e9a-8e12de86d7c3{ip: 192.168.30.6, host: pr-hdds-1569-5gmkr-4255264070, networkLocation: /default-rack, certSerialId: null}, Type:RATIS, Factor:ONE, State:OPEN]
2019-09-25 11:51:53,056 [RatisPipelineUtilsThread] INFO  pipeline.PipelinePlacementPolicy (PipelinePlacementPolicy.java:meetCriteria(91)) - Pipeline Placement: can't place more pipeline on heavy datanode： 9251df79-82a8-42ab-9e26-93b345e6a062 Heaviness: 6 limit: 5
2019-09-25 11:51:53,059 [grpc-default-executor-0] INFO  impl.RaftServerProxy (RaftServerProxy.java:addNew(89)) - f1e3f7f8-93b6-4fad-8e9a-8e12de86d7c3: addNew group-1B29AC4F1268:[f1e3f7f8-93b6-4fad-8e9a-8e12de86d7c3:192.168.30.6:35470] returns group-1B29AC4F1268:java.util.concurrent.CompletableFuture@30de4511[Not completed]
2019-09-25 11:51:53,061 [pool-587-thread-1] INFO  impl.RaftServerImpl (RaftServerImpl.java:<init>(95)) - f1e3f7f8-93b6-4fad-8e9a-8e12de86d7c3: new RaftServerImpl for group-1B29AC4F1268:[f1e3f7f8-93b6-4fad-8e9a-8e12de86d7c3:192.168.30.6:35470] with ContainerStateMachine:uninitialized
2019-09-25 11:51:53,061 [pool-587-thread-1] INFO  server.RaftServerConfigKeys (ConfUtils.java:logGet(43)) - raft.server.rpc.timeout.min = 5s (custom)
2019-09-25 11:51:53,061 [pool-587-thread-1] INFO  server.RaftServerConfigKeys (ConfUtils.java:logGet(43)) - raft.server.rpc.timeout.max = 5200ms (custom)
2019-09-25 11:51:53,061 [pool-587-thread-1] INFO  server.RaftServerConfigKeys (ConfUtils.java:logGet(43)) - raft.server.rpcslowness.timeout = 120s (custom)
2019-09-25 11:51:53,061 [pool-587-thread-1] INFO  server.RaftServerConfigKeys (ConfUtils.java:logGet(43)) - raft.server.sleep.deviation.threshold = 300 (default)
2019-09-25 11:51:53,061 [pool-587-thread-1] INFO  server.RaftServerConfigKeys (ConfUtils.java:logGet(43)) - raft.server.log.appender.install.snapshot.enabled = false (custom)
2019-09-25 11:51:53,061 [pool-587-thread-1] INFO  impl.RaftServerImpl (ServerState.java:<init>(103)) - f1e3f7f8-93b6-4fad-8e9a-8e12de86d7c3@group-1B29AC4F1268: ConfigurationManager, init=-1: [f1e3f7f8-93b6-4fad-8e9a-8e12de86d7c3:192.168.30.6:35470], old=null, confs=<EMPTY_MAP>
2019-09-25 11:51:53,061 [pool-587-thread-1] INFO  server.RaftServerConfigKeys (ConfUtils.java:logGet(43)) - raft.server.storage.dir = [/workdir/hadoop-ozone/ozonefs/target/test-dir/MiniOzoneClusterImpl-059d6754-7a35-406d-b491-ba78f413a116/datanode-1/data/ratis] (custom)
2019-09-25 11:51:53,062 [pool-587-thread-1] INFO  storage.RaftStorageDirectory (RaftStorageDirectory.java:analyzeStorage(246)) - The storage directory /workdir/hadoop-ozone/ozonefs/target/test-dir/MiniOzoneClusterImpl-059d6754-7a35-406d-b491-ba78f413a116/datanode-1/data/ratis/b8eb6abe-334f-4c66-b990-1b29ac4f1268 does not exist. Creating ...
2019-09-25 11:51:53,074 [pool-587-thread-1] INFO  storage.RaftStorageDirectory (RaftStorageDirectory.java:tryLock(328)) - Lock on /workdir/hadoop-ozone/ozonefs/target/test-dir/MiniOzoneClusterImpl-059d6754-7a35-406d-b491-ba78f413a116/datanode-1/data/ratis/b8eb6abe-334f-4c66-b990-1b29ac4f1268/in_use.lock acquired by nodename 16435@pr-hdds-1569-5gmkr-4255264070
2019-09-25 11:51:53,096 [pool-587-thread-1] INFO  storage.RaftStorage (RaftStorage.java:format(72)) - Storage directory /workdir/hadoop-ozone/ozonefs/target/test-dir/MiniOzoneClusterImpl-059d6754-7a35-406d-b491-ba78f413a116/datanode-1/data/ratis/b8eb6abe-334f-4c66-b990-1b29ac4f1268 has been successfully formatted.
2019-09-25 11:51:53,097 [pool-587-thread-1] INFO  ratis.ContainerStateMachine (ContainerStateMachine.java:loadSnapshot(230)) - group-1B29AC4F1268: The snapshot info is null. Setting the last applied indexto:(t:0, i:~)
2019-09-25 11:51:53,097 [pool-587-thread-1] INFO  server.RaftServerConfigKeys (ConfUtils.java:logGet(43)) - raft.server.notification.no-leader.timeout = 120s (custom)
2019-09-25 11:51:53,097 [pool-587-thread-1] INFO  server.RaftServerConfigKeys (ConfUtils.java:logGet(43)) - raft.server.log.use.memory = false (default)
2019-09-25 11:51:53,097 [pool-587-thread-1] INFO  server.RaftServerConfigKeys (ConfUtils.java:logGet(43)) - raft.server.log.purge.gap = 1000000 (custom)
2019-09-25 11:51:53,097 [pool-587-thread-1] INFO  server.RaftServerConfigKeys (ConfUtils.java:logGet(43)) - raft.server.log.appender.buffer.byte-limit = 33554432 (custom)
2019-09-25 11:51:53,097 [pool-587-thread-1] INFO  server.RaftServerConfigKeys (ConfUtils.java:logGet(43)) - raft.server.log.segment.size.max = 1048576 (custom)
2019-09-25 11:51:53,098 [pool-587-thread-1] INFO  server.RaftServerConfigKeys (ConfUtils.java:logGet(43)) - raft.server.log.segment.cache.num.max = 2 (custom)
2019-09-25 11:51:53,098 [pool-587-thread-1] INFO  segmented.SegmentedRaftLogWorker (SegmentedRaftLogWorker.java:<init>(172)) - new f1e3f7f8-93b6-4fad-8e9a-8e12de86d7c3@group-1B29AC4F1268-SegmentedRaftLogWorker for RaftStorage:Storage Directory /workdir/hadoop-ozone/ozonefs/target/test-dir/MiniOzoneClusterImpl-059d6754-7a35-406d-b491-ba78f413a116/datanode-1/data/ratis/b8eb6abe-334f-4c66-b990-1b29ac4f1268
2019-09-25 11:51:53,098 [pool-587-thread-1] INFO  server.RaftServerConfigKeys (ConfUtils.java:logGet(43)) - raft.server.log.queue.byte-limit = 2147483647 (custom)
2019-09-25 11:51:53,098 [pool-587-thread-1] INFO  server.RaftServerConfigKeys (ConfUtils.java:logGet(43)) - raft.server.log.queue.element-limit = 1024 (custom)
2019-09-25 11:51:53,098 [pool-587-thread-1] INFO  server.RaftServerConfigKeys (ConfUtils.java:logGet(43)) - raft.server.log.segment.size.max = 1048576 (custom)
2019-09-25 11:51:53,098 [pool-587-thread-1] INFO  server.RaftServerConfigKeys (ConfUtils.java:logGet(43)) - raft.server.log.preallocated.size = 16384 (custom)
2019-09-25 11:51:53,098 [pool-587-thread-1] INFO  server.RaftServerConfigKeys (ConfUtils.java:logGet(43)) - raft.server.log.write.buffer.size = 33554432 (custom)
2019-09-25 11:51:53,098 [pool-587-thread-1] INFO  server.RaftServerConfigKeys (ConfUtils.java:logGet(43)) - raft.server.log.force.sync.num = 128 (default)
2019-09-25 11:51:53,099 [pool-587-thread-1] INFO  server.RaftServerConfigKeys (ConfUtils.java:logGet(43)) - raft.server.log.statemachine.data.sync = true (default)
2019-09-25 11:51:53,099 [pool-587-thread-1] INFO  server.RaftServerConfigKeys (ConfUtils.java:logGet(43)) - raft.server.log.statemachine.data.sync.timeout = 10s (default)
2019-09-25 11:51:53,099 [pool-587-thread-1] INFO  server.RaftServerConfigKeys (ConfUtils.java:logGet(43)) - raft.server.log.statemachine.data.sync.timeout.retry = -1 (default)
2019-09-25 11:51:53,099 [pool-587-thread-1] INFO  server.RaftServerConfigKeys (ConfUtils.java:logGet(43)) - raft.server.log.statemachine.data.caching.enabled = true (custom)
2019-09-25 11:51:53,099 [pool-587-thread-1] INFO  segmented.SegmentedRaftLogWorker (SegmentedRaftLogWorker.java:lambda$new$0(132)) - f1e3f7f8-93b6-4fad-8e9a-8e12de86d7c3@group-1B29AC4F1268-SegmentedRaftLogWorker: flushIndex: setUnconditionally 0 -> -1
2019-09-25 11:51:53,100 [pool-587-thread-1] INFO  server.RaftServerConfigKeys (ConfUtils.java:logGet(43)) - raft.server.snapshot.auto.trigger.enabled = true (custom)
2019-09-25 11:51:53,100 [pool-587-thread-1] INFO  server.RaftServerConfigKeys (ConfUtils.java:logGet(43)) - raft.server.snapshot.auto.trigger.threshold = 10000 (custom)
2019-09-25 11:51:53,100 [pool-587-thread-1] INFO  server.RaftServerConfigKeys (ConfUtils.java:logGet(43)) - raft.server.snapshot.retention.num.files = 5 (custom)
2019-09-25 11:51:53,100 [pool-587-thread-1] INFO  server.RaftServerConfigKeys (ConfUtils.java:logGet(43)) - raft.server.retrycache.expirytime = 600000ms (custom)
2019-09-25 11:51:53,102 [pool-587-thread-1] INFO  impl.RaftServerImpl (RaftServerImpl.java:start(185)) - f1e3f7f8-93b6-4fad-8e9a-8e12de86d7c3@group-1B29AC4F1268: start as a follower, conf=-1: [f1e3f7f8-93b6-4fad-8e9a-8e12de86d7c3:192.168.30.6:35470], old=null
2019-09-25 11:51:53,102 [pool-587-thread-1] INFO  impl.RaftServerImpl (RaftServerImpl.java:setRole(174)) - f1e3f7f8-93b6-4fad-8e9a-8e12de86d7c3@group-1B29AC4F1268: changes role from      null to FOLLOWER at term 0 for startAsFollower
2019-09-25 11:51:53,102 [pool-587-thread-1] INFO  impl.RoleInfo (RoleInfo.java:updateAndGet(143)) - f1e3f7f8-93b6-4fad-8e9a-8e12de86d7c3: start FollowerState
2019-09-25 11:51:53,102 [pool-587-thread-1] INFO  util.JmxRegister (JmxRegister.java:tryRegister(44)) - Successfully registered JMX Bean with object name Ratis:service=RaftServer,group=group-1B29AC4F1268,id=f1e3f7f8-93b6-4fad-8e9a-8e12de86d7c3
2019-09-25 11:51:53,105 [RatisPipelineUtilsThread] INFO  pipeline.PipelineStateManager (PipelineStateManager.java:addPipeline(56)) - Created pipeline Pipeline[ Id: b8eb6abe-334f-4c66-b990-1b29ac4f1268, Nodes: f1e3f7f8-93b6-4fad-8e9a-8e12de86d7c3{ip: 192.168.30.6, host: pr-hdds-1569-5gmkr-4255264070, networkLocation: /default-rack, certSerialId: null}, Type:RATIS, Factor:ONE, State:OPEN]
2019-09-25 11:51:53,105 [RatisPipelineUtilsThread] INFO  pipeline.PipelinePlacementPolicy (PipelinePlacementPolicy.java:meetCriteria(91)) - Pipeline Placement: can't place more pipeline on heavy datanode： 9251df79-82a8-42ab-9e26-93b345e6a062 Heaviness: 6 limit: 5
2019-09-25 11:51:53,110 [grpc-default-executor-0] INFO  impl.RaftServerProxy (RaftServerProxy.java:addNew(89)) - f1e3f7f8-93b6-4fad-8e9a-8e12de86d7c3: addNew group-F09B3F188A7A:[f1e3f7f8-93b6-4fad-8e9a-8e12de86d7c3:192.168.30.6:35470] returns group-F09B3F188A7A:java.util.concurrent.CompletableFuture@7490af59[Not completed]
2019-09-25 11:51:53,111 [pool-587-thread-1] INFO  impl.RaftServerImpl (RaftServerImpl.java:<init>(95)) - f1e3f7f8-93b6-4fad-8e9a-8e12de86d7c3: new RaftServerImpl for group-F09B3F188A7A:[f1e3f7f8-93b6-4fad-8e9a-8e12de86d7c3:192.168.30.6:35470] with ContainerStateMachine:uninitialized
2019-09-25 11:51:53,111 [pool-587-thread-1] INFO  server.RaftServerConfigKeys (ConfUtils.java:logGet(43)) - raft.server.rpc.timeout.min = 5s (custom)
2019-09-25 11:51:53,111 [pool-587-thread-1] INFO  server.RaftServerConfigKeys (ConfUtils.java:logGet(43)) - raft.server.rpc.timeout.max = 5200ms (custom)
2019-09-25 11:51:53,111 [pool-587-thread-1] INFO  server.RaftServerConfigKeys (ConfUtils.java:logGet(43)) - raft.server.rpcslowness.timeout = 120s (custom)
2019-09-25 11:51:53,111 [pool-587-thread-1] INFO  server.RaftServerConfigKeys (ConfUtils.java:logGet(43)) - raft.server.sleep.deviation.threshold = 300 (default)
2019-09-25 11:51:53,111 [pool-587-thread-1] INFO  server.RaftServerConfigKeys (ConfUtils.java:logGet(43)) - raft.server.log.appender.install.snapshot.enabled = false (custom)
2019-09-25 11:51:53,111 [pool-587-thread-1] INFO  impl.RaftServerImpl (ServerState.java:<init>(103)) - f1e3f7f8-93b6-4fad-8e9a-8e12de86d7c3@group-F09B3F188A7A: ConfigurationManager, init=-1: [f1e3f7f8-93b6-4fad-8e9a-8e12de86d7c3:192.168.30.6:35470], old=null, confs=<EMPTY_MAP>
2019-09-25 11:51:53,112 [pool-587-thread-1] INFO  server.RaftServerConfigKeys (ConfUtils.java:logGet(43)) - raft.server.storage.dir = [/workdir/hadoop-ozone/ozonefs/target/test-dir/MiniOzoneClusterImpl-059d6754-7a35-406d-b491-ba78f413a116/datanode-1/data/ratis] (custom)
2019-09-25 11:51:53,112 [pool-587-thread-1] INFO  storage.RaftStorageDirectory (RaftStorageDirectory.java:analyzeStorage(246)) - The storage directory /workdir/hadoop-ozone/ozonefs/target/test-dir/MiniOzoneClusterImpl-059d6754-7a35-406d-b491-ba78f413a116/datanode-1/data/ratis/79062ae8-a3c0-4be8-af1e-f09b3f188a7a does not exist. Creating ...
2019-09-25 11:51:53,125 [pool-587-thread-1] INFO  storage.RaftStorageDirectory (RaftStorageDirectory.java:tryLock(328)) - Lock on /workdir/hadoop-ozone/ozonefs/target/test-dir/MiniOzoneClusterImpl-059d6754-7a35-406d-b491-ba78f413a116/datanode-1/data/ratis/79062ae8-a3c0-4be8-af1e-f09b3f188a7a/in_use.lock acquired by nodename 16435@pr-hdds-1569-5gmkr-4255264070
2019-09-25 11:51:53,137 [pool-587-thread-1] INFO  storage.RaftStorage (RaftStorage.java:format(72)) - Storage directory /workdir/hadoop-ozone/ozonefs/target/test-dir/MiniOzoneClusterImpl-059d6754-7a35-406d-b491-ba78f413a116/datanode-1/data/ratis/79062ae8-a3c0-4be8-af1e-f09b3f188a7a has been successfully formatted.
2019-09-25 11:51:53,138 [pool-587-thread-1] INFO  ratis.ContainerStateMachine (ContainerStateMachine.java:loadSnapshot(230)) - group-F09B3F188A7A: The snapshot info is null. Setting the last applied indexto:(t:0, i:~)
2019-09-25 11:51:53,138 [pool-587-thread-1] INFO  server.RaftServerConfigKeys (ConfUtils.java:logGet(43)) - raft.server.notification.no-leader.timeout = 120s (custom)
2019-09-25 11:51:53,138 [pool-587-thread-1] INFO  server.RaftServerConfigKeys (ConfUtils.java:logGet(43)) - raft.server.log.use.memory = false (default)
2019-09-25 11:51:53,138 [pool-587-thread-1] INFO  server.RaftServerConfigKeys (ConfUtils.java:logGet(43)) - raft.server.log.purge.gap = 1000000 (custom)
2019-09-25 11:51:53,138 [pool-587-thread-1] INFO  server.RaftServerConfigKeys (ConfUtils.java:logGet(43)) - raft.server.log.appender.buffer.byte-limit = 33554432 (custom)
2019-09-25 11:51:53,139 [pool-587-thread-1] INFO  server.RaftServerConfigKeys (ConfUtils.java:logGet(43)) - raft.server.log.segment.size.max = 1048576 (custom)
2019-09-25 11:51:53,139 [pool-587-thread-1] INFO  server.RaftServerConfigKeys (ConfUtils.java:logGet(43)) - raft.server.log.segment.cache.num.max = 2 (custom)
2019-09-25 11:51:53,139 [pool-587-thread-1] INFO  segmented.SegmentedRaftLogWorker (SegmentedRaftLogWorker.java:<init>(172)) - new f1e3f7f8-93b6-4fad-8e9a-8e12de86d7c3@group-F09B3F188A7A-SegmentedRaftLogWorker for RaftStorage:Storage Directory /workdir/hadoop-ozone/ozonefs/target/test-dir/MiniOzoneClusterImpl-059d6754-7a35-406d-b491-ba78f413a116/datanode-1/data/ratis/79062ae8-a3c0-4be8-af1e-f09b3f188a7a
2019-09-25 11:51:53,139 [pool-587-thread-1] INFO  server.RaftServerConfigKeys (ConfUtils.java:logGet(43)) - raft.server.log.queue.byte-limit = 2147483647 (custom)
2019-09-25 11:51:53,139 [pool-587-thread-1] INFO  server.RaftServerConfigKeys (ConfUtils.java:logGet(43)) - raft.server.log.queue.element-limit = 1024 (custom)
2019-09-25 11:51:53,139 [pool-587-thread-1] INFO  server.RaftServerConfigKeys (ConfUtils.java:logGet(43)) - raft.server.log.segment.size.max = 1048576 (custom)
2019-09-25 11:51:53,140 [pool-587-thread-1] INFO  server.RaftServerConfigKeys (ConfUtils.java:logGet(43)) - raft.server.log.preallocated.size = 16384 (custom)
2019-09-25 11:51:53,140 [pool-587-thread-1] INFO  server.RaftServerConfigKeys (ConfUtils.java:logGet(43)) - raft.server.log.write.buffer.size = 33554432 (custom)
2019-09-25 11:51:53,140 [pool-587-thread-1] INFO  server.RaftServerConfigKeys (ConfUtils.java:logGet(43)) - raft.server.log.force.sync.num = 128 (default)
2019-09-25 11:51:53,140 [pool-587-thread-1] INFO  server.RaftServerConfigKeys (ConfUtils.java:logGet(43)) - raft.server.log.statemachine.data.sync = true (default)
2019-09-25 11:51:53,140 [pool-587-thread-1] INFO  server.RaftServerConfigKeys (ConfUtils.java:logGet(43)) - raft.server.log.statemachine.data.sync.timeout = 10s (default)
2019-09-25 11:51:53,140 [pool-587-thread-1] INFO  server.RaftServerConfigKeys (ConfUtils.java:logGet(43)) - raft.server.log.statemachine.data.sync.timeout.retry = -1 (default)
2019-09-25 11:51:53,140 [pool-587-thread-1] INFO  server.RaftServerConfigKeys (ConfUtils.java:logGet(43)) - raft.server.log.statemachine.data.caching.enabled = true (custom)
2019-09-25 11:51:53,141 [pool-587-thread-1] INFO  segmented.SegmentedRaftLogWorker (SegmentedRaftLogWorker.java:lambda$new$0(132)) - f1e3f7f8-93b6-4fad-8e9a-8e12de86d7c3@group-F09B3F188A7A-SegmentedRaftLogWorker: flushIndex: setUnconditionally 0 -> -1
2019-09-25 11:51:53,141 [pool-587-thread-1] INFO  server.RaftServerConfigKeys (ConfUtils.java:logGet(43)) - raft.server.snapshot.auto.trigger.enabled = true (custom)
2019-09-25 11:51:53,141 [pool-587-thread-1] INFO  server.RaftServerConfigKeys (ConfUtils.java:logGet(43)) - raft.server.snapshot.auto.trigger.threshold = 10000 (custom)
2019-09-25 11:51:53,141 [pool-587-thread-1] INFO  server.RaftServerConfigKeys (ConfUtils.java:logGet(43)) - raft.server.snapshot.retention.num.files = 5 (custom)
2019-09-25 11:51:53,142 [pool-587-thread-1] INFO  server.RaftServerConfigKeys (ConfUtils.java:logGet(43)) - raft.server.retrycache.expirytime = 600000ms (custom)
2019-09-25 11:51:53,143 [pool-587-thread-1] INFO  impl.RaftServerImpl (RaftServerImpl.java:start(185)) - f1e3f7f8-93b6-4fad-8e9a-8e12de86d7c3@group-F09B3F188A7A: start as a follower, conf=-1: [f1e3f7f8-93b6-4fad-8e9a-8e12de86d7c3:192.168.30.6:35470], old=null
2019-09-25 11:51:53,144 [pool-587-thread-1] INFO  impl.RaftServerImpl (RaftServerImpl.java:setRole(174)) - f1e3f7f8-93b6-4fad-8e9a-8e12de86d7c3@group-F09B3F188A7A: changes role from      null to FOLLOWER at term 0 for startAsFollower
2019-09-25 11:51:53,144 [pool-587-thread-1] INFO  impl.RoleInfo (RoleInfo.java:updateAndGet(143)) - f1e3f7f8-93b6-4fad-8e9a-8e12de86d7c3: start FollowerState
2019-09-25 11:51:53,144 [pool-587-thread-1] INFO  util.JmxRegister (JmxRegister.java:tryRegister(44)) - Successfully registered JMX Bean with object name Ratis:service=RaftServer,group=group-F09B3F188A7A,id=f1e3f7f8-93b6-4fad-8e9a-8e12de86d7c3
2019-09-25 11:51:53,148 [RatisPipelineUtilsThread] INFO  pipeline.PipelineStateManager (PipelineStateManager.java:addPipeline(56)) - Created pipeline Pipeline[ Id: 79062ae8-a3c0-4be8-af1e-f09b3f188a7a, Nodes: f1e3f7f8-93b6-4fad-8e9a-8e12de86d7c3{ip: 192.168.30.6, host: pr-hdds-1569-5gmkr-4255264070, networkLocation: /default-rack, certSerialId: null}, Type:RATIS, Factor:ONE, State:OPEN]
2019-09-25 11:51:53,148 [RatisPipelineUtilsThread] INFO  pipeline.PipelinePlacementPolicy (PipelinePlacementPolicy.java:meetCriteria(91)) - Pipeline Placement: can't place more pipeline on heavy datanode： 9251df79-82a8-42ab-9e26-93b345e6a062 Heaviness: 6 limit: 5
2019-09-25 11:51:53,154 [grpc-default-executor-0] INFO  impl.RaftServerProxy (RaftServerProxy.java:addNew(89)) - f1e3f7f8-93b6-4fad-8e9a-8e12de86d7c3: addNew group-D32159988307:[f1e3f7f8-93b6-4fad-8e9a-8e12de86d7c3:192.168.30.6:35470] returns group-D32159988307:java.util.concurrent.CompletableFuture@238d5bc8[Not completed]
2019-09-25 11:51:53,155 [pool-587-thread-1] INFO  impl.RaftServerImpl (RaftServerImpl.java:<init>(95)) - f1e3f7f8-93b6-4fad-8e9a-8e12de86d7c3: new RaftServerImpl for group-D32159988307:[f1e3f7f8-93b6-4fad-8e9a-8e12de86d7c3:192.168.30.6:35470] with ContainerStateMachine:uninitialized
2019-09-25 11:51:53,155 [pool-587-thread-1] INFO  server.RaftServerConfigKeys (ConfUtils.java:logGet(43)) - raft.server.rpc.timeout.min = 5s (custom)
2019-09-25 11:51:53,155 [pool-587-thread-1] INFO  server.RaftServerConfigKeys (ConfUtils.java:logGet(43)) - raft.server.rpc.timeout.max = 5200ms (custom)
2019-09-25 11:51:53,155 [pool-587-thread-1] INFO  server.RaftServerConfigKeys (ConfUtils.java:logGet(43)) - raft.server.rpcslowness.timeout = 120s (custom)
2019-09-25 11:51:53,155 [pool-587-thread-1] INFO  server.RaftServerConfigKeys (ConfUtils.java:logGet(43)) - raft.server.sleep.deviation.threshold = 300 (default)
2019-09-25 11:51:53,155 [pool-587-thread-1] INFO  server.RaftServerConfigKeys (ConfUtils.java:logGet(43)) - raft.server.log.appender.install.snapshot.enabled = false (custom)
2019-09-25 11:51:53,155 [pool-587-thread-1] INFO  impl.RaftServerImpl (ServerState.java:<init>(103)) - f1e3f7f8-93b6-4fad-8e9a-8e12de86d7c3@group-D32159988307: ConfigurationManager, init=-1: [f1e3f7f8-93b6-4fad-8e9a-8e12de86d7c3:192.168.30.6:35470], old=null, confs=<EMPTY_MAP>
2019-09-25 11:51:53,156 [pool-587-thread-1] INFO  server.RaftServerConfigKeys (ConfUtils.java:logGet(43)) - raft.server.storage.dir = [/workdir/hadoop-ozone/ozonefs/target/test-dir/MiniOzoneClusterImpl-059d6754-7a35-406d-b491-ba78f413a116/datanode-1/data/ratis] (custom)
2019-09-25 11:51:53,156 [pool-587-thread-1] INFO  storage.RaftStorageDirectory (RaftStorageDirectory.java:analyzeStorage(246)) - The storage directory /workdir/hadoop-ozone/ozonefs/target/test-dir/MiniOzoneClusterImpl-059d6754-7a35-406d-b491-ba78f413a116/datanode-1/data/ratis/d9e8abcd-3aab-4b32-9f44-d32159988307 does not exist. Creating ...
2019-09-25 11:51:53,169 [pool-587-thread-1] INFO  storage.RaftStorageDirectory (RaftStorageDirectory.java:tryLock(328)) - Lock on /workdir/hadoop-ozone/ozonefs/target/test-dir/MiniOzoneClusterImpl-059d6754-7a35-406d-b491-ba78f413a116/datanode-1/data/ratis/d9e8abcd-3aab-4b32-9f44-d32159988307/in_use.lock acquired by nodename 16435@pr-hdds-1569-5gmkr-4255264070
2019-09-25 11:51:53,183 [pool-587-thread-1] INFO  storage.RaftStorage (RaftStorage.java:format(72)) - Storage directory /workdir/hadoop-ozone/ozonefs/target/test-dir/MiniOzoneClusterImpl-059d6754-7a35-406d-b491-ba78f413a116/datanode-1/data/ratis/d9e8abcd-3aab-4b32-9f44-d32159988307 has been successfully formatted.
2019-09-25 11:51:53,183 [pool-587-thread-1] INFO  ratis.ContainerStateMachine (ContainerStateMachine.java:loadSnapshot(230)) - group-D32159988307: The snapshot info is null. Setting the last applied indexto:(t:0, i:~)
2019-09-25 11:51:53,183 [pool-587-thread-1] INFO  server.RaftServerConfigKeys (ConfUtils.java:logGet(43)) - raft.server.notification.no-leader.timeout = 120s (custom)
2019-09-25 11:51:53,183 [pool-587-thread-1] INFO  server.RaftServerConfigKeys (ConfUtils.java:logGet(43)) - raft.server.log.use.memory = false (default)
2019-09-25 11:51:53,183 [pool-587-thread-1] INFO  server.RaftServerConfigKeys (ConfUtils.java:logGet(43)) - raft.server.log.purge.gap = 1000000 (custom)
2019-09-25 11:51:53,183 [pool-587-thread-1] INFO  server.RaftServerConfigKeys (ConfUtils.java:logGet(43)) - raft.server.log.appender.buffer.byte-limit = 33554432 (custom)
2019-09-25 11:51:53,183 [pool-587-thread-1] INFO  server.RaftServerConfigKeys (ConfUtils.java:logGet(43)) - raft.server.log.segment.size.max = 1048576 (custom)
2019-09-25 11:51:53,184 [pool-587-thread-1] INFO  server.RaftServerConfigKeys (ConfUtils.java:logGet(43)) - raft.server.log.segment.cache.num.max = 2 (custom)
2019-09-25 11:51:53,184 [pool-587-thread-1] INFO  segmented.SegmentedRaftLogWorker (SegmentedRaftLogWorker.java:<init>(172)) - new f1e3f7f8-93b6-4fad-8e9a-8e12de86d7c3@group-D32159988307-SegmentedRaftLogWorker for RaftStorage:Storage Directory /workdir/hadoop-ozone/ozonefs/target/test-dir/MiniOzoneClusterImpl-059d6754-7a35-406d-b491-ba78f413a116/datanode-1/data/ratis/d9e8abcd-3aab-4b32-9f44-d32159988307
2019-09-25 11:51:53,184 [pool-587-thread-1] INFO  server.RaftServerConfigKeys (ConfUtils.java:logGet(43)) - raft.server.log.queue.byte-limit = 2147483647 (custom)
2019-09-25 11:51:53,184 [pool-587-thread-1] INFO  server.RaftServerConfigKeys (ConfUtils.java:logGet(43)) - raft.server.log.queue.element-limit = 1024 (custom)
2019-09-25 11:51:53,184 [pool-587-thread-1] INFO  server.RaftServerConfigKeys (ConfUtils.java:logGet(43)) - raft.server.log.segment.size.max = 1048576 (custom)
2019-09-25 11:51:53,184 [pool-587-thread-1] INFO  server.RaftServerConfigKeys (ConfUtils.java:logGet(43)) - raft.server.log.preallocated.size = 16384 (custom)
2019-09-25 11:51:53,184 [pool-587-thread-1] INFO  server.RaftServerConfigKeys (ConfUtils.java:logGet(43)) - raft.server.log.write.buffer.size = 33554432 (custom)
2019-09-25 11:51:53,184 [pool-587-thread-1] INFO  server.RaftServerConfigKeys (ConfUtils.java:logGet(43)) - raft.server.log.force.sync.num = 128 (default)
2019-09-25 11:51:53,184 [pool-587-thread-1] INFO  server.RaftServerConfigKeys (ConfUtils.java:logGet(43)) - raft.server.log.statemachine.data.sync = true (default)
2019-09-25 11:51:53,185 [pool-587-thread-1] INFO  server.RaftServerConfigKeys (ConfUtils.java:logGet(43)) - raft.server.log.statemachine.data.sync.timeout = 10s (default)
2019-09-25 11:51:53,185 [pool-587-thread-1] INFO  server.RaftServerConfigKeys (ConfUtils.java:logGet(43)) - raft.server.log.statemachine.data.sync.timeout.retry = -1 (default)
2019-09-25 11:51:53,185 [pool-587-thread-1] INFO  server.RaftServerConfigKeys (ConfUtils.java:logGet(43)) - raft.server.log.statemachine.data.caching.enabled = true (custom)
2019-09-25 11:51:53,185 [pool-587-thread-1] INFO  segmented.SegmentedRaftLogWorker (SegmentedRaftLogWorker.java:lambda$new$0(132)) - f1e3f7f8-93b6-4fad-8e9a-8e12de86d7c3@group-D32159988307-SegmentedRaftLogWorker: flushIndex: setUnconditionally 0 -> -1
2019-09-25 11:51:53,185 [pool-587-thread-1] INFO  server.RaftServerConfigKeys (ConfUtils.java:logGet(43)) - raft.server.snapshot.auto.trigger.enabled = true (custom)
2019-09-25 11:51:53,186 [pool-587-thread-1] INFO  server.RaftServerConfigKeys (ConfUtils.java:logGet(43)) - raft.server.snapshot.auto.trigger.threshold = 10000 (custom)
2019-09-25 11:51:53,186 [pool-587-thread-1] INFO  server.RaftServerConfigKeys (ConfUtils.java:logGet(43)) - raft.server.snapshot.retention.num.files = 5 (custom)
2019-09-25 11:51:53,186 [pool-587-thread-1] INFO  server.RaftServerConfigKeys (ConfUtils.java:logGet(43)) - raft.server.retrycache.expirytime = 600000ms (custom)
2019-09-25 11:51:53,187 [pool-587-thread-1] INFO  impl.RaftServerImpl (RaftServerImpl.java:start(185)) - f1e3f7f8-93b6-4fad-8e9a-8e12de86d7c3@group-D32159988307: start as a follower, conf=-1: [f1e3f7f8-93b6-4fad-8e9a-8e12de86d7c3:192.168.30.6:35470], old=null
2019-09-25 11:51:53,187 [pool-587-thread-1] INFO  impl.RaftServerImpl (RaftServerImpl.java:setRole(174)) - f1e3f7f8-93b6-4fad-8e9a-8e12de86d7c3@group-D32159988307: changes role from      null to FOLLOWER at term 0 for startAsFollower
2019-09-25 11:51:53,187 [pool-587-thread-1] INFO  impl.RoleInfo (RoleInfo.java:updateAndGet(143)) - f1e3f7f8-93b6-4fad-8e9a-8e12de86d7c3: start FollowerState
2019-09-25 11:51:53,188 [pool-587-thread-1] INFO  util.JmxRegister (JmxRegister.java:tryRegister(44)) - Successfully registered JMX Bean with object name Ratis:service=RaftServer,group=group-D32159988307,id=f1e3f7f8-93b6-4fad-8e9a-8e12de86d7c3
2019-09-25 11:51:53,190 [RatisPipelineUtilsThread] INFO  pipeline.PipelineStateManager (PipelineStateManager.java:addPipeline(56)) - Created pipeline Pipeline[ Id: d9e8abcd-3aab-4b32-9f44-d32159988307, Nodes: f1e3f7f8-93b6-4fad-8e9a-8e12de86d7c3{ip: 192.168.30.6, host: pr-hdds-1569-5gmkr-4255264070, networkLocation: /default-rack, certSerialId: null}, Type:RATIS, Factor:ONE, State:OPEN]
2019-09-25 11:51:53,191 [RatisPipelineUtilsThread] INFO  pipeline.PipelinePlacementPolicy (PipelinePlacementPolicy.java:meetCriteria(91)) - Pipeline Placement: can't place more pipeline on heavy datanode： 9251df79-82a8-42ab-9e26-93b345e6a062 Heaviness: 6 limit: 5
2019-09-25 11:51:53,191 [RatisPipelineUtilsThread] INFO  pipeline.PipelinePlacementPolicy (PipelinePlacementPolicy.java:meetCriteria(91)) - Pipeline Placement: can't place more pipeline on heavy datanode： f1e3f7f8-93b6-4fad-8e9a-8e12de86d7c3 Heaviness: 6 limit: 5
2019-09-25 11:51:53,199 [grpc-default-executor-0] INFO  impl.RaftServerProxy (RaftServerProxy.java:addNew(89)) - f186b9fe-cb60-4f81-b082-a6c0d4357db0: addNew group-298B71FE2B0E:[f186b9fe-cb60-4f81-b082-a6c0d4357db0:192.168.30.6:37512] returns group-298B71FE2B0E:java.util.concurrent.CompletableFuture@3caf6f97[Not completed]
2019-09-25 11:51:53,200 [pool-597-thread-1] INFO  impl.RaftServerImpl (RaftServerImpl.java:<init>(95)) - f186b9fe-cb60-4f81-b082-a6c0d4357db0: new RaftServerImpl for group-298B71FE2B0E:[f186b9fe-cb60-4f81-b082-a6c0d4357db0:192.168.30.6:37512] with ContainerStateMachine:uninitialized
2019-09-25 11:51:53,200 [pool-597-thread-1] INFO  server.RaftServerConfigKeys (ConfUtils.java:logGet(43)) - raft.server.rpc.timeout.min = 5s (custom)
2019-09-25 11:51:53,200 [pool-597-thread-1] INFO  server.RaftServerConfigKeys (ConfUtils.java:logGet(43)) - raft.server.rpc.timeout.max = 5200ms (custom)
2019-09-25 11:51:53,200 [pool-597-thread-1] INFO  server.RaftServerConfigKeys (ConfUtils.java:logGet(43)) - raft.server.rpcslowness.timeout = 120s (custom)
2019-09-25 11:51:53,200 [pool-597-thread-1] INFO  server.RaftServerConfigKeys (ConfUtils.java:logGet(43)) - raft.server.sleep.deviation.threshold = 300 (default)
2019-09-25 11:51:53,200 [pool-597-thread-1] INFO  server.RaftServerConfigKeys (ConfUtils.java:logGet(43)) - raft.server.log.appender.install.snapshot.enabled = false (custom)
2019-09-25 11:51:53,201 [pool-597-thread-1] INFO  impl.RaftServerImpl (ServerState.java:<init>(103)) - f186b9fe-cb60-4f81-b082-a6c0d4357db0@group-298B71FE2B0E: ConfigurationManager, init=-1: [f186b9fe-cb60-4f81-b082-a6c0d4357db0:192.168.30.6:37512], old=null, confs=<EMPTY_MAP>
2019-09-25 11:51:53,201 [pool-597-thread-1] INFO  server.RaftServerConfigKeys (ConfUtils.java:logGet(43)) - raft.server.storage.dir = [/workdir/hadoop-ozone/ozonefs/target/test-dir/MiniOzoneClusterImpl-059d6754-7a35-406d-b491-ba78f413a116/datanode-2/data/ratis] (custom)
2019-09-25 11:51:53,201 [pool-597-thread-1] INFO  storage.RaftStorageDirectory (RaftStorageDirectory.java:analyzeStorage(246)) - The storage directory /workdir/hadoop-ozone/ozonefs/target/test-dir/MiniOzoneClusterImpl-059d6754-7a35-406d-b491-ba78f413a116/datanode-2/data/ratis/d7762fe3-b550-4892-9a15-298b71fe2b0e does not exist. Creating ...
2019-09-25 11:51:53,207 [pool-597-thread-1] INFO  storage.RaftStorageDirectory (RaftStorageDirectory.java:tryLock(328)) - Lock on /workdir/hadoop-ozone/ozonefs/target/test-dir/MiniOzoneClusterImpl-059d6754-7a35-406d-b491-ba78f413a116/datanode-2/data/ratis/d7762fe3-b550-4892-9a15-298b71fe2b0e/in_use.lock acquired by nodename 16435@pr-hdds-1569-5gmkr-4255264070
2019-09-25 11:51:53,220 [pool-597-thread-1] INFO  storage.RaftStorage (RaftStorage.java:format(72)) - Storage directory /workdir/hadoop-ozone/ozonefs/target/test-dir/MiniOzoneClusterImpl-059d6754-7a35-406d-b491-ba78f413a116/datanode-2/data/ratis/d7762fe3-b550-4892-9a15-298b71fe2b0e has been successfully formatted.
2019-09-25 11:51:53,221 [pool-597-thread-1] INFO  ratis.ContainerStateMachine (ContainerStateMachine.java:loadSnapshot(230)) - group-298B71FE2B0E: The snapshot info is null. Setting the last applied indexto:(t:0, i:~)
2019-09-25 11:51:53,221 [pool-597-thread-1] INFO  server.RaftServerConfigKeys (ConfUtils.java:logGet(43)) - raft.server.notification.no-leader.timeout = 120s (custom)
2019-09-25 11:51:53,221 [pool-597-thread-1] INFO  server.RaftServerConfigKeys (ConfUtils.java:logGet(43)) - raft.server.log.use.memory = false (default)
2019-09-25 11:51:53,221 [pool-597-thread-1] INFO  server.RaftServerConfigKeys (ConfUtils.java:logGet(43)) - raft.server.log.purge.gap = 1000000 (custom)
2019-09-25 11:51:53,221 [pool-597-thread-1] INFO  server.RaftServerConfigKeys (ConfUtils.java:logGet(43)) - raft.server.log.appender.buffer.byte-limit = 33554432 (custom)
2019-09-25 11:51:53,221 [pool-597-thread-1] INFO  server.RaftServerConfigKeys (ConfUtils.java:logGet(43)) - raft.server.log.segment.size.max = 1048576 (custom)
2019-09-25 11:51:53,221 [pool-597-thread-1] INFO  server.RaftServerConfigKeys (ConfUtils.java:logGet(43)) - raft.server.log.segment.cache.num.max = 2 (custom)
2019-09-25 11:51:53,221 [pool-597-thread-1] INFO  segmented.SegmentedRaftLogWorker (SegmentedRaftLogWorker.java:<init>(172)) - new f186b9fe-cb60-4f81-b082-a6c0d4357db0@group-298B71FE2B0E-SegmentedRaftLogWorker for RaftStorage:Storage Directory /workdir/hadoop-ozone/ozonefs/target/test-dir/MiniOzoneClusterImpl-059d6754-7a35-406d-b491-ba78f413a116/datanode-2/data/ratis/d7762fe3-b550-4892-9a15-298b71fe2b0e
2019-09-25 11:51:53,223 [pool-597-thread-1] INFO  server.RaftServerConfigKeys (ConfUtils.java:logGet(43)) - raft.server.log.queue.byte-limit = 2147483647 (custom)
2019-09-25 11:51:53,223 [pool-597-thread-1] INFO  server.RaftServerConfigKeys (ConfUtils.java:logGet(43)) - raft.server.log.queue.element-limit = 1024 (custom)
2019-09-25 11:51:53,223 [pool-597-thread-1] INFO  server.RaftServerConfigKeys (ConfUtils.java:logGet(43)) - raft.server.log.segment.size.max = 1048576 (custom)
2019-09-25 11:51:53,223 [pool-597-thread-1] INFO  server.RaftServerConfigKeys (ConfUtils.java:logGet(43)) - raft.server.log.preallocated.size = 16384 (custom)
2019-09-25 11:51:53,223 [pool-597-thread-1] INFO  server.RaftServerConfigKeys (ConfUtils.java:logGet(43)) - raft.server.log.write.buffer.size = 33554432 (custom)
2019-09-25 11:51:53,223 [pool-597-thread-1] INFO  server.RaftServerConfigKeys (ConfUtils.java:logGet(43)) - raft.server.log.force.sync.num = 128 (default)
2019-09-25 11:51:53,223 [pool-597-thread-1] INFO  server.RaftServerConfigKeys (ConfUtils.java:logGet(43)) - raft.server.log.statemachine.data.sync = true (default)
2019-09-25 11:51:53,223 [pool-597-thread-1] INFO  server.RaftServerConfigKeys (ConfUtils.java:logGet(43)) - raft.server.log.statemachine.data.sync.timeout = 10s (default)
2019-09-25 11:51:53,223 [pool-597-thread-1] INFO  server.RaftServerConfigKeys (ConfUtils.java:logGet(43)) - raft.server.log.statemachine.data.sync.timeout.retry = -1 (default)
2019-09-25 11:51:53,223 [pool-597-thread-1] INFO  server.RaftServerConfigKeys (ConfUtils.java:logGet(43)) - raft.server.log.statemachine.data.caching.enabled = true (custom)
2019-09-25 11:51:53,224 [pool-597-thread-1] INFO  segmented.SegmentedRaftLogWorker (SegmentedRaftLogWorker.java:lambda$new$0(132)) - f186b9fe-cb60-4f81-b082-a6c0d4357db0@group-298B71FE2B0E-SegmentedRaftLogWorker: flushIndex: setUnconditionally 0 -> -1
2019-09-25 11:51:53,224 [pool-597-thread-1] INFO  server.RaftServerConfigKeys (ConfUtils.java:logGet(43)) - raft.server.snapshot.auto.trigger.enabled = true (custom)
2019-09-25 11:51:53,224 [pool-597-thread-1] INFO  server.RaftServerConfigKeys (ConfUtils.java:logGet(43)) - raft.server.snapshot.auto.trigger.threshold = 10000 (custom)
2019-09-25 11:51:53,224 [pool-597-thread-1] INFO  server.RaftServerConfigKeys (ConfUtils.java:logGet(43)) - raft.server.snapshot.retention.num.files = 5 (custom)
2019-09-25 11:51:53,224 [pool-597-thread-1] INFO  server.RaftServerConfigKeys (ConfUtils.java:logGet(43)) - raft.server.retrycache.expirytime = 600000ms (custom)
2019-09-25 11:51:53,225 [pool-597-thread-1] INFO  impl.RaftServerImpl (RaftServerImpl.java:start(185)) - f186b9fe-cb60-4f81-b082-a6c0d4357db0@group-298B71FE2B0E: start as a follower, conf=-1: [f186b9fe-cb60-4f81-b082-a6c0d4357db0:192.168.30.6:37512], old=null
2019-09-25 11:51:53,226 [pool-597-thread-1] INFO  impl.RaftServerImpl (RaftServerImpl.java:setRole(174)) - f186b9fe-cb60-4f81-b082-a6c0d4357db0@group-298B71FE2B0E: changes role from      null to FOLLOWER at term 0 for startAsFollower
2019-09-25 11:51:53,226 [pool-597-thread-1] INFO  impl.RoleInfo (RoleInfo.java:updateAndGet(143)) - f186b9fe-cb60-4f81-b082-a6c0d4357db0: start FollowerState
2019-09-25 11:51:53,226 [pool-597-thread-1] INFO  util.JmxRegister (JmxRegister.java:tryRegister(44)) - Successfully registered JMX Bean with object name Ratis:service=RaftServer,group=group-298B71FE2B0E,id=f186b9fe-cb60-4f81-b082-a6c0d4357db0
2019-09-25 11:51:53,228 [RatisPipelineUtilsThread] INFO  pipeline.PipelineStateManager (PipelineStateManager.java:addPipeline(56)) - Created pipeline Pipeline[ Id: d7762fe3-b550-4892-9a15-298b71fe2b0e, Nodes: f186b9fe-cb60-4f81-b082-a6c0d4357db0{ip: 192.168.30.6, host: pr-hdds-1569-5gmkr-4255264070, networkLocation: /default-rack, certSerialId: null}, Type:RATIS, Factor:ONE, State:OPEN]
2019-09-25 11:51:53,228 [RatisPipelineUtilsThread] INFO  pipeline.PipelinePlacementPolicy (PipelinePlacementPolicy.java:meetCriteria(91)) - Pipeline Placement: can't place more pipeline on heavy datanode： 9251df79-82a8-42ab-9e26-93b345e6a062 Heaviness: 6 limit: 5
2019-09-25 11:51:53,229 [RatisPipelineUtilsThread] INFO  pipeline.PipelinePlacementPolicy (PipelinePlacementPolicy.java:meetCriteria(91)) - Pipeline Placement: can't place more pipeline on heavy datanode： f1e3f7f8-93b6-4fad-8e9a-8e12de86d7c3 Heaviness: 6 limit: 5
2019-09-25 11:51:53,233 [grpc-default-executor-0] INFO  impl.RaftServerProxy (RaftServerProxy.java:addNew(89)) - f186b9fe-cb60-4f81-b082-a6c0d4357db0: addNew group-1C5F0C28EF8D:[f186b9fe-cb60-4f81-b082-a6c0d4357db0:192.168.30.6:37512] returns group-1C5F0C28EF8D:java.util.concurrent.CompletableFuture@20a4d212[Not completed]
2019-09-25 11:51:53,233 [pool-597-thread-1] INFO  impl.RaftServerImpl (RaftServerImpl.java:<init>(95)) - f186b9fe-cb60-4f81-b082-a6c0d4357db0: new RaftServerImpl for group-1C5F0C28EF8D:[f186b9fe-cb60-4f81-b082-a6c0d4357db0:192.168.30.6:37512] with ContainerStateMachine:uninitialized
2019-09-25 11:51:53,233 [pool-597-thread-1] INFO  server.RaftServerConfigKeys (ConfUtils.java:logGet(43)) - raft.server.rpc.timeout.min = 5s (custom)
2019-09-25 11:51:53,234 [pool-597-thread-1] INFO  server.RaftServerConfigKeys (ConfUtils.java:logGet(43)) - raft.server.rpc.timeout.max = 5200ms (custom)
2019-09-25 11:51:53,234 [pool-597-thread-1] INFO  server.RaftServerConfigKeys (ConfUtils.java:logGet(43)) - raft.server.rpcslowness.timeout = 120s (custom)
2019-09-25 11:51:53,234 [pool-597-thread-1] INFO  server.RaftServerConfigKeys (ConfUtils.java:logGet(43)) - raft.server.sleep.deviation.threshold = 300 (default)
2019-09-25 11:51:53,234 [pool-597-thread-1] INFO  server.RaftServerConfigKeys (ConfUtils.java:logGet(43)) - raft.server.log.appender.install.snapshot.enabled = false (custom)
2019-09-25 11:51:53,234 [pool-597-thread-1] INFO  impl.RaftServerImpl (ServerState.java:<init>(103)) - f186b9fe-cb60-4f81-b082-a6c0d4357db0@group-1C5F0C28EF8D: ConfigurationManager, init=-1: [f186b9fe-cb60-4f81-b082-a6c0d4357db0:192.168.30.6:37512], old=null, confs=<EMPTY_MAP>
2019-09-25 11:51:53,234 [pool-597-thread-1] INFO  server.RaftServerConfigKeys (ConfUtils.java:logGet(43)) - raft.server.storage.dir = [/workdir/hadoop-ozone/ozonefs/target/test-dir/MiniOzoneClusterImpl-059d6754-7a35-406d-b491-ba78f413a116/datanode-2/data/ratis] (custom)
2019-09-25 11:51:53,234 [pool-597-thread-1] INFO  storage.RaftStorageDirectory (RaftStorageDirectory.java:analyzeStorage(246)) - The storage directory /workdir/hadoop-ozone/ozonefs/target/test-dir/MiniOzoneClusterImpl-059d6754-7a35-406d-b491-ba78f413a116/datanode-2/data/ratis/2209a8f1-0da7-48b2-9cf2-1c5f0c28ef8d does not exist. Creating ...
2019-09-25 11:51:53,257 [pool-597-thread-1] INFO  storage.RaftStorageDirectory (RaftStorageDirectory.java:tryLock(328)) - Lock on /workdir/hadoop-ozone/ozonefs/target/test-dir/MiniOzoneClusterImpl-059d6754-7a35-406d-b491-ba78f413a116/datanode-2/data/ratis/2209a8f1-0da7-48b2-9cf2-1c5f0c28ef8d/in_use.lock acquired by nodename 16435@pr-hdds-1569-5gmkr-4255264070
2019-09-25 11:51:53,279 [pool-597-thread-1] INFO  storage.RaftStorage (RaftStorage.java:format(72)) - Storage directory /workdir/hadoop-ozone/ozonefs/target/test-dir/MiniOzoneClusterImpl-059d6754-7a35-406d-b491-ba78f413a116/datanode-2/data/ratis/2209a8f1-0da7-48b2-9cf2-1c5f0c28ef8d has been successfully formatted.
2019-09-25 11:51:53,279 [pool-597-thread-1] INFO  ratis.ContainerStateMachine (ContainerStateMachine.java:loadSnapshot(230)) - group-1C5F0C28EF8D: The snapshot info is null. Setting the last applied indexto:(t:0, i:~)
2019-09-25 11:51:53,280 [pool-597-thread-1] INFO  server.RaftServerConfigKeys (ConfUtils.java:logGet(43)) - raft.server.notification.no-leader.timeout = 120s (custom)
2019-09-25 11:51:53,280 [pool-597-thread-1] INFO  server.RaftServerConfigKeys (ConfUtils.java:logGet(43)) - raft.server.log.use.memory = false (default)
2019-09-25 11:51:53,280 [pool-597-thread-1] INFO  server.RaftServerConfigKeys (ConfUtils.java:logGet(43)) - raft.server.log.purge.gap = 1000000 (custom)
2019-09-25 11:51:53,280 [pool-597-thread-1] INFO  server.RaftServerConfigKeys (ConfUtils.java:logGet(43)) - raft.server.log.appender.buffer.byte-limit = 33554432 (custom)
2019-09-25 11:51:53,280 [pool-597-thread-1] INFO  server.RaftServerConfigKeys (ConfUtils.java:logGet(43)) - raft.server.log.segment.size.max = 1048576 (custom)
2019-09-25 11:51:53,280 [pool-597-thread-1] INFO  server.RaftServerConfigKeys (ConfUtils.java:logGet(43)) - raft.server.log.segment.cache.num.max = 2 (custom)
2019-09-25 11:51:53,280 [pool-597-thread-1] INFO  segmented.SegmentedRaftLogWorker (SegmentedRaftLogWorker.java:<init>(172)) - new f186b9fe-cb60-4f81-b082-a6c0d4357db0@group-1C5F0C28EF8D-SegmentedRaftLogWorker for RaftStorage:Storage Directory /workdir/hadoop-ozone/ozonefs/target/test-dir/MiniOzoneClusterImpl-059d6754-7a35-406d-b491-ba78f413a116/datanode-2/data/ratis/2209a8f1-0da7-48b2-9cf2-1c5f0c28ef8d
2019-09-25 11:51:53,281 [pool-597-thread-1] INFO  server.RaftServerConfigKeys (ConfUtils.java:logGet(43)) - raft.server.log.queue.byte-limit = 2147483647 (custom)
2019-09-25 11:51:53,281 [pool-597-thread-1] INFO  server.RaftServerConfigKeys (ConfUtils.java:logGet(43)) - raft.server.log.queue.element-limit = 1024 (custom)
2019-09-25 11:51:53,281 [pool-597-thread-1] INFO  server.RaftServerConfigKeys (ConfUtils.java:logGet(43)) - raft.server.log.segment.size.max = 1048576 (custom)
2019-09-25 11:51:53,281 [pool-597-thread-1] INFO  server.RaftServerConfigKeys (ConfUtils.java:logGet(43)) - raft.server.log.preallocated.size = 16384 (custom)
2019-09-25 11:51:53,281 [pool-597-thread-1] INFO  server.RaftServerConfigKeys (ConfUtils.java:logGet(43)) - raft.server.log.write.buffer.size = 33554432 (custom)
2019-09-25 11:51:53,281 [pool-597-thread-1] INFO  server.RaftServerConfigKeys (ConfUtils.java:logGet(43)) - raft.server.log.force.sync.num = 128 (default)
2019-09-25 11:51:53,281 [pool-597-thread-1] INFO  server.RaftServerConfigKeys (ConfUtils.java:logGet(43)) - raft.server.log.statemachine.data.sync = true (default)
2019-09-25 11:51:53,281 [pool-597-thread-1] INFO  server.RaftServerConfigKeys (ConfUtils.java:logGet(43)) - raft.server.log.statemachine.data.sync.timeout = 10s (default)
2019-09-25 11:51:53,281 [pool-597-thread-1] INFO  server.RaftServerConfigKeys (ConfUtils.java:logGet(43)) - raft.server.log.statemachine.data.sync.timeout.retry = -1 (default)
2019-09-25 11:51:53,282 [pool-597-thread-1] INFO  server.RaftServerConfigKeys (ConfUtils.java:logGet(43)) - raft.server.log.statemachine.data.caching.enabled = true (custom)
2019-09-25 11:51:53,282 [pool-597-thread-1] INFO  segmented.SegmentedRaftLogWorker (SegmentedRaftLogWorker.java:lambda$new$0(132)) - f186b9fe-cb60-4f81-b082-a6c0d4357db0@group-1C5F0C28EF8D-SegmentedRaftLogWorker: flushIndex: setUnconditionally 0 -> -1
2019-09-25 11:51:53,282 [pool-597-thread-1] INFO  server.RaftServerConfigKeys (ConfUtils.java:logGet(43)) - raft.server.snapshot.auto.trigger.enabled = true (custom)
2019-09-25 11:51:53,282 [pool-597-thread-1] INFO  server.RaftServerConfigKeys (ConfUtils.java:logGet(43)) - raft.server.snapshot.auto.trigger.threshold = 10000 (custom)
2019-09-25 11:51:53,283 [pool-597-thread-1] INFO  server.RaftServerConfigKeys (ConfUtils.java:logGet(43)) - raft.server.snapshot.retention.num.files = 5 (custom)
2019-09-25 11:51:53,283 [pool-597-thread-1] INFO  server.RaftServerConfigKeys (ConfUtils.java:logGet(43)) - raft.server.retrycache.expirytime = 600000ms (custom)
2019-09-25 11:51:53,284 [pool-597-thread-1] INFO  impl.RaftServerImpl (RaftServerImpl.java:start(185)) - f186b9fe-cb60-4f81-b082-a6c0d4357db0@group-1C5F0C28EF8D: start as a follower, conf=-1: [f186b9fe-cb60-4f81-b082-a6c0d4357db0:192.168.30.6:37512], old=null
2019-09-25 11:51:53,284 [pool-597-thread-1] INFO  impl.RaftServerImpl (RaftServerImpl.java:setRole(174)) - f186b9fe-cb60-4f81-b082-a6c0d4357db0@group-1C5F0C28EF8D: changes role from      null to FOLLOWER at term 0 for startAsFollower
2019-09-25 11:51:53,284 [pool-597-thread-1] INFO  impl.RoleInfo (RoleInfo.java:updateAndGet(143)) - f186b9fe-cb60-4f81-b082-a6c0d4357db0: start FollowerState
2019-09-25 11:51:53,284 [pool-597-thread-1] INFO  util.JmxRegister (JmxRegister.java:tryRegister(44)) - Successfully registered JMX Bean with object name Ratis:service=RaftServer,group=group-1C5F0C28EF8D,id=f186b9fe-cb60-4f81-b082-a6c0d4357db0
2019-09-25 11:51:53,287 [RatisPipelineUtilsThread] INFO  pipeline.PipelineStateManager (PipelineStateManager.java:addPipeline(56)) - Created pipeline Pipeline[ Id: 2209a8f1-0da7-48b2-9cf2-1c5f0c28ef8d, Nodes: f186b9fe-cb60-4f81-b082-a6c0d4357db0{ip: 192.168.30.6, host: pr-hdds-1569-5gmkr-4255264070, networkLocation: /default-rack, certSerialId: null}, Type:RATIS, Factor:ONE, State:OPEN]
2019-09-25 11:51:53,287 [RatisPipelineUtilsThread] INFO  pipeline.PipelinePlacementPolicy (PipelinePlacementPolicy.java:meetCriteria(91)) - Pipeline Placement: can't place more pipeline on heavy datanode： 9251df79-82a8-42ab-9e26-93b345e6a062 Heaviness: 6 limit: 5
2019-09-25 11:51:53,287 [RatisPipelineUtilsThread] INFO  pipeline.PipelinePlacementPolicy (PipelinePlacementPolicy.java:meetCriteria(91)) - Pipeline Placement: can't place more pipeline on heavy datanode： f1e3f7f8-93b6-4fad-8e9a-8e12de86d7c3 Heaviness: 6 limit: 5
2019-09-25 11:51:53,291 [grpc-default-executor-0] INFO  impl.RaftServerProxy (RaftServerProxy.java:addNew(89)) - f186b9fe-cb60-4f81-b082-a6c0d4357db0: addNew group-11D49F0C3BF1:[f186b9fe-cb60-4f81-b082-a6c0d4357db0:192.168.30.6:37512] returns group-11D49F0C3BF1:java.util.concurrent.CompletableFuture@1f1981c5[Not completed]
2019-09-25 11:51:53,292 [pool-597-thread-1] INFO  impl.RaftServerImpl (RaftServerImpl.java:<init>(95)) - f186b9fe-cb60-4f81-b082-a6c0d4357db0: new RaftServerImpl for group-11D49F0C3BF1:[f186b9fe-cb60-4f81-b082-a6c0d4357db0:192.168.30.6:37512] with ContainerStateMachine:uninitialized
2019-09-25 11:51:53,292 [pool-597-thread-1] INFO  server.RaftServerConfigKeys (ConfUtils.java:logGet(43)) - raft.server.rpc.timeout.min = 5s (custom)
2019-09-25 11:51:53,292 [pool-597-thread-1] INFO  server.RaftServerConfigKeys (ConfUtils.java:logGet(43)) - raft.server.rpc.timeout.max = 5200ms (custom)
2019-09-25 11:51:53,292 [pool-597-thread-1] INFO  server.RaftServerConfigKeys (ConfUtils.java:logGet(43)) - raft.server.rpcslowness.timeout = 120s (custom)
2019-09-25 11:51:53,292 [pool-597-thread-1] INFO  server.RaftServerConfigKeys (ConfUtils.java:logGet(43)) - raft.server.sleep.deviation.threshold = 300 (default)
2019-09-25 11:51:53,292 [pool-597-thread-1] INFO  server.RaftServerConfigKeys (ConfUtils.java:logGet(43)) - raft.server.log.appender.install.snapshot.enabled = false (custom)
2019-09-25 11:51:53,292 [pool-597-thread-1] INFO  impl.RaftServerImpl (ServerState.java:<init>(103)) - f186b9fe-cb60-4f81-b082-a6c0d4357db0@group-11D49F0C3BF1: ConfigurationManager, init=-1: [f186b9fe-cb60-4f81-b082-a6c0d4357db0:192.168.30.6:37512], old=null, confs=<EMPTY_MAP>
2019-09-25 11:51:53,292 [pool-597-thread-1] INFO  server.RaftServerConfigKeys (ConfUtils.java:logGet(43)) - raft.server.storage.dir = [/workdir/hadoop-ozone/ozonefs/target/test-dir/MiniOzoneClusterImpl-059d6754-7a35-406d-b491-ba78f413a116/datanode-2/data/ratis] (custom)
2019-09-25 11:51:53,293 [pool-597-thread-1] INFO  storage.RaftStorageDirectory (RaftStorageDirectory.java:analyzeStorage(246)) - The storage directory /workdir/hadoop-ozone/ozonefs/target/test-dir/MiniOzoneClusterImpl-059d6754-7a35-406d-b491-ba78f413a116/datanode-2/data/ratis/0a0aec12-154f-44cc-85d4-11d49f0c3bf1 does not exist. Creating ...
2019-09-25 11:51:53,296 [pool-597-thread-1] INFO  storage.RaftStorageDirectory (RaftStorageDirectory.java:tryLock(328)) - Lock on /workdir/hadoop-ozone/ozonefs/target/test-dir/MiniOzoneClusterImpl-059d6754-7a35-406d-b491-ba78f413a116/datanode-2/data/ratis/0a0aec12-154f-44cc-85d4-11d49f0c3bf1/in_use.lock acquired by nodename 16435@pr-hdds-1569-5gmkr-4255264070
2019-09-25 11:51:53,299 [pool-597-thread-1] INFO  storage.RaftStorage (RaftStorage.java:format(72)) - Storage directory /workdir/hadoop-ozone/ozonefs/target/test-dir/MiniOzoneClusterImpl-059d6754-7a35-406d-b491-ba78f413a116/datanode-2/data/ratis/0a0aec12-154f-44cc-85d4-11d49f0c3bf1 has been successfully formatted.
2019-09-25 11:51:53,300 [pool-597-thread-1] INFO  ratis.ContainerStateMachine (ContainerStateMachine.java:loadSnapshot(230)) - group-11D49F0C3BF1: The snapshot info is null. Setting the last applied indexto:(t:0, i:~)
2019-09-25 11:51:53,300 [pool-597-thread-1] INFO  server.RaftServerConfigKeys (ConfUtils.java:logGet(43)) - raft.server.notification.no-leader.timeout = 120s (custom)
2019-09-25 11:51:53,300 [pool-597-thread-1] INFO  server.RaftServerConfigKeys (ConfUtils.java:logGet(43)) - raft.server.log.use.memory = false (default)
2019-09-25 11:51:53,300 [pool-597-thread-1] INFO  server.RaftServerConfigKeys (ConfUtils.java:logGet(43)) - raft.server.log.purge.gap = 1000000 (custom)
2019-09-25 11:51:53,300 [pool-597-thread-1] INFO  server.RaftServerConfigKeys (ConfUtils.java:logGet(43)) - raft.server.log.appender.buffer.byte-limit = 33554432 (custom)
2019-09-25 11:51:53,300 [pool-597-thread-1] INFO  server.RaftServerConfigKeys (ConfUtils.java:logGet(43)) - raft.server.log.segment.size.max = 1048576 (custom)
2019-09-25 11:51:53,300 [pool-597-thread-1] INFO  server.RaftServerConfigKeys (ConfUtils.java:logGet(43)) - raft.server.log.segment.cache.num.max = 2 (custom)
2019-09-25 11:51:53,300 [pool-597-thread-1] INFO  segmented.SegmentedRaftLogWorker (SegmentedRaftLogWorker.java:<init>(172)) - new f186b9fe-cb60-4f81-b082-a6c0d4357db0@group-11D49F0C3BF1-SegmentedRaftLogWorker for RaftStorage:Storage Directory /workdir/hadoop-ozone/ozonefs/target/test-dir/MiniOzoneClusterImpl-059d6754-7a35-406d-b491-ba78f413a116/datanode-2/data/ratis/0a0aec12-154f-44cc-85d4-11d49f0c3bf1
2019-09-25 11:51:53,300 [pool-597-thread-1] INFO  server.RaftServerConfigKeys (ConfUtils.java:logGet(43)) - raft.server.log.queue.byte-limit = 2147483647 (custom)
2019-09-25 11:51:53,300 [pool-597-thread-1] INFO  server.RaftServerConfigKeys (ConfUtils.java:logGet(43)) - raft.server.log.queue.element-limit = 1024 (custom)
2019-09-25 11:51:53,300 [pool-597-thread-1] INFO  server.RaftServerConfigKeys (ConfUtils.java:logGet(43)) - raft.server.log.segment.size.max = 1048576 (custom)
2019-09-25 11:51:53,300 [pool-597-thread-1] INFO  server.RaftServerConfigKeys (ConfUtils.java:logGet(43)) - raft.server.log.preallocated.size = 16384 (custom)
2019-09-25 11:51:53,301 [pool-597-thread-1] INFO  server.RaftServerConfigKeys (ConfUtils.java:logGet(43)) - raft.server.log.write.buffer.size = 33554432 (custom)
2019-09-25 11:51:53,301 [pool-597-thread-1] INFO  server.RaftServerConfigKeys (ConfUtils.java:logGet(43)) - raft.server.log.force.sync.num = 128 (default)
2019-09-25 11:51:53,301 [pool-597-thread-1] INFO  server.RaftServerConfigKeys (ConfUtils.java:logGet(43)) - raft.server.log.statemachine.data.sync = true (default)
2019-09-25 11:51:53,301 [pool-597-thread-1] INFO  server.RaftServerConfigKeys (ConfUtils.java:logGet(43)) - raft.server.log.statemachine.data.sync.timeout = 10s (default)
2019-09-25 11:51:53,301 [pool-597-thread-1] INFO  server.RaftServerConfigKeys (ConfUtils.java:logGet(43)) - raft.server.log.statemachine.data.sync.timeout.retry = -1 (default)
2019-09-25 11:51:53,301 [pool-597-thread-1] INFO  server.RaftServerConfigKeys (ConfUtils.java:logGet(43)) - raft.server.log.statemachine.data.caching.enabled = true (custom)
2019-09-25 11:51:53,301 [pool-597-thread-1] INFO  segmented.SegmentedRaftLogWorker (SegmentedRaftLogWorker.java:lambda$new$0(132)) - f186b9fe-cb60-4f81-b082-a6c0d4357db0@group-11D49F0C3BF1-SegmentedRaftLogWorker: flushIndex: setUnconditionally 0 -> -1
2019-09-25 11:51:53,301 [pool-597-thread-1] INFO  server.RaftServerConfigKeys (ConfUtils.java:logGet(43)) - raft.server.snapshot.auto.trigger.enabled = true (custom)
2019-09-25 11:51:53,302 [pool-597-thread-1] INFO  server.RaftServerConfigKeys (ConfUtils.java:logGet(43)) - raft.server.snapshot.auto.trigger.threshold = 10000 (custom)
2019-09-25 11:51:53,302 [pool-597-thread-1] INFO  server.RaftServerConfigKeys (ConfUtils.java:logGet(43)) - raft.server.snapshot.retention.num.files = 5 (custom)
2019-09-25 11:51:53,302 [pool-597-thread-1] INFO  server.RaftServerConfigKeys (ConfUtils.java:logGet(43)) - raft.server.retrycache.expirytime = 600000ms (custom)
2019-09-25 11:51:53,303 [pool-597-thread-1] INFO  impl.RaftServerImpl (RaftServerImpl.java:start(185)) - f186b9fe-cb60-4f81-b082-a6c0d4357db0@group-11D49F0C3BF1: start as a follower, conf=-1: [f186b9fe-cb60-4f81-b082-a6c0d4357db0:192.168.30.6:37512], old=null
2019-09-25 11:51:53,303 [pool-597-thread-1] INFO  impl.RaftServerImpl (RaftServerImpl.java:setRole(174)) - f186b9fe-cb60-4f81-b082-a6c0d4357db0@group-11D49F0C3BF1: changes role from      null to FOLLOWER at term 0 for startAsFollower
2019-09-25 11:51:53,303 [pool-597-thread-1] INFO  impl.RoleInfo (RoleInfo.java:updateAndGet(143)) - f186b9fe-cb60-4f81-b082-a6c0d4357db0: start FollowerState
2019-09-25 11:51:53,303 [pool-597-thread-1] INFO  util.JmxRegister (JmxRegister.java:tryRegister(44)) - Successfully registered JMX Bean with object name Ratis:service=RaftServer,group=group-11D49F0C3BF1,id=f186b9fe-cb60-4f81-b082-a6c0d4357db0
2019-09-25 11:51:53,305 [RatisPipelineUtilsThread] INFO  pipeline.PipelineStateManager (PipelineStateManager.java:addPipeline(56)) - Created pipeline Pipeline[ Id: 0a0aec12-154f-44cc-85d4-11d49f0c3bf1, Nodes: f186b9fe-cb60-4f81-b082-a6c0d4357db0{ip: 192.168.30.6, host: pr-hdds-1569-5gmkr-4255264070, networkLocation: /default-rack, certSerialId: null}, Type:RATIS, Factor:ONE, State:OPEN]
2019-09-25 11:51:53,305 [RatisPipelineUtilsThread] INFO  pipeline.PipelinePlacementPolicy (PipelinePlacementPolicy.java:meetCriteria(91)) - Pipeline Placement: can't place more pipeline on heavy datanode： 9251df79-82a8-42ab-9e26-93b345e6a062 Heaviness: 6 limit: 5
2019-09-25 11:51:53,305 [RatisPipelineUtilsThread] INFO  pipeline.PipelinePlacementPolicy (PipelinePlacementPolicy.java:meetCriteria(91)) - Pipeline Placement: can't place more pipeline on heavy datanode： f1e3f7f8-93b6-4fad-8e9a-8e12de86d7c3 Heaviness: 6 limit: 5
2019-09-25 11:51:53,309 [grpc-default-executor-0] INFO  impl.RaftServerProxy (RaftServerProxy.java:addNew(89)) - f186b9fe-cb60-4f81-b082-a6c0d4357db0: addNew group-9450AC43FD04:[f186b9fe-cb60-4f81-b082-a6c0d4357db0:192.168.30.6:37512] returns group-9450AC43FD04:java.util.concurrent.CompletableFuture@45447771[Not completed]
2019-09-25 11:51:53,309 [pool-597-thread-1] INFO  impl.RaftServerImpl (RaftServerImpl.java:<init>(95)) - f186b9fe-cb60-4f81-b082-a6c0d4357db0: new RaftServerImpl for group-9450AC43FD04:[f186b9fe-cb60-4f81-b082-a6c0d4357db0:192.168.30.6:37512] with ContainerStateMachine:uninitialized
2019-09-25 11:51:53,309 [pool-597-thread-1] INFO  server.RaftServerConfigKeys (ConfUtils.java:logGet(43)) - raft.server.rpc.timeout.min = 5s (custom)
2019-09-25 11:51:53,309 [pool-597-thread-1] INFO  server.RaftServerConfigKeys (ConfUtils.java:logGet(43)) - raft.server.rpc.timeout.max = 5200ms (custom)
2019-09-25 11:51:53,309 [pool-597-thread-1] INFO  server.RaftServerConfigKeys (ConfUtils.java:logGet(43)) - raft.server.rpcslowness.timeout = 120s (custom)
2019-09-25 11:51:53,309 [pool-597-thread-1] INFO  server.RaftServerConfigKeys (ConfUtils.java:logGet(43)) - raft.server.sleep.deviation.threshold = 300 (default)
2019-09-25 11:51:53,310 [pool-597-thread-1] INFO  server.RaftServerConfigKeys (ConfUtils.java:logGet(43)) - raft.server.log.appender.install.snapshot.enabled = false (custom)
2019-09-25 11:51:53,310 [pool-597-thread-1] INFO  impl.RaftServerImpl (ServerState.java:<init>(103)) - f186b9fe-cb60-4f81-b082-a6c0d4357db0@group-9450AC43FD04: ConfigurationManager, init=-1: [f186b9fe-cb60-4f81-b082-a6c0d4357db0:192.168.30.6:37512], old=null, confs=<EMPTY_MAP>
2019-09-25 11:51:53,310 [pool-597-thread-1] INFO  server.RaftServerConfigKeys (ConfUtils.java:logGet(43)) - raft.server.storage.dir = [/workdir/hadoop-ozone/ozonefs/target/test-dir/MiniOzoneClusterImpl-059d6754-7a35-406d-b491-ba78f413a116/datanode-2/data/ratis] (custom)
2019-09-25 11:51:53,310 [pool-597-thread-1] INFO  storage.RaftStorageDirectory (RaftStorageDirectory.java:analyzeStorage(246)) - The storage directory /workdir/hadoop-ozone/ozonefs/target/test-dir/MiniOzoneClusterImpl-059d6754-7a35-406d-b491-ba78f413a116/datanode-2/data/ratis/5c5c4117-7f50-455c-9c4d-9450ac43fd04 does not exist. Creating ...
2019-09-25 11:51:53,324 [pool-597-thread-1] INFO  storage.RaftStorageDirectory (RaftStorageDirectory.java:tryLock(328)) - Lock on /workdir/hadoop-ozone/ozonefs/target/test-dir/MiniOzoneClusterImpl-059d6754-7a35-406d-b491-ba78f413a116/datanode-2/data/ratis/5c5c4117-7f50-455c-9c4d-9450ac43fd04/in_use.lock acquired by nodename 16435@pr-hdds-1569-5gmkr-4255264070
2019-09-25 11:51:53,336 [pool-597-thread-1] INFO  storage.RaftStorage (RaftStorage.java:format(72)) - Storage directory /workdir/hadoop-ozone/ozonefs/target/test-dir/MiniOzoneClusterImpl-059d6754-7a35-406d-b491-ba78f413a116/datanode-2/data/ratis/5c5c4117-7f50-455c-9c4d-9450ac43fd04 has been successfully formatted.
2019-09-25 11:51:53,336 [pool-597-thread-1] INFO  ratis.ContainerStateMachine (ContainerStateMachine.java:loadSnapshot(230)) - group-9450AC43FD04: The snapshot info is null. Setting the last applied indexto:(t:0, i:~)
2019-09-25 11:51:53,336 [pool-597-thread-1] INFO  server.RaftServerConfigKeys (ConfUtils.java:logGet(43)) - raft.server.notification.no-leader.timeout = 120s (custom)
2019-09-25 11:51:53,336 [pool-597-thread-1] INFO  server.RaftServerConfigKeys (ConfUtils.java:logGet(43)) - raft.server.log.use.memory = false (default)
2019-09-25 11:51:53,336 [pool-597-thread-1] INFO  server.RaftServerConfigKeys (ConfUtils.java:logGet(43)) - raft.server.log.purge.gap = 1000000 (custom)
2019-09-25 11:51:53,336 [pool-597-thread-1] INFO  server.RaftServerConfigKeys (ConfUtils.java:logGet(43)) - raft.server.log.appender.buffer.byte-limit = 33554432 (custom)
2019-09-25 11:51:53,336 [pool-597-thread-1] INFO  server.RaftServerConfigKeys (ConfUtils.java:logGet(43)) - raft.server.log.segment.size.max = 1048576 (custom)
2019-09-25 11:51:53,336 [pool-597-thread-1] INFO  server.RaftServerConfigKeys (ConfUtils.java:logGet(43)) - raft.server.log.segment.cache.num.max = 2 (custom)
2019-09-25 11:51:53,337 [pool-597-thread-1] INFO  segmented.SegmentedRaftLogWorker (SegmentedRaftLogWorker.java:<init>(172)) - new f186b9fe-cb60-4f81-b082-a6c0d4357db0@group-9450AC43FD04-SegmentedRaftLogWorker for RaftStorage:Storage Directory /workdir/hadoop-ozone/ozonefs/target/test-dir/MiniOzoneClusterImpl-059d6754-7a35-406d-b491-ba78f413a116/datanode-2/data/ratis/5c5c4117-7f50-455c-9c4d-9450ac43fd04
2019-09-25 11:51:53,337 [pool-597-thread-1] INFO  server.RaftServerConfigKeys (ConfUtils.java:logGet(43)) - raft.server.log.queue.byte-limit = 2147483647 (custom)
2019-09-25 11:51:53,337 [pool-597-thread-1] INFO  server.RaftServerConfigKeys (ConfUtils.java:logGet(43)) - raft.server.log.queue.element-limit = 1024 (custom)
2019-09-25 11:51:53,337 [pool-597-thread-1] INFO  server.RaftServerConfigKeys (ConfUtils.java:logGet(43)) - raft.server.log.segment.size.max = 1048576 (custom)
2019-09-25 11:51:53,337 [pool-597-thread-1] INFO  server.RaftServerConfigKeys (ConfUtils.java:logGet(43)) - raft.server.log.preallocated.size = 16384 (custom)
2019-09-25 11:51:53,337 [pool-597-thread-1] INFO  server.RaftServerConfigKeys (ConfUtils.java:logGet(43)) - raft.server.log.write.buffer.size = 33554432 (custom)
2019-09-25 11:51:53,337 [pool-597-thread-1] INFO  server.RaftServerConfigKeys (ConfUtils.java:logGet(43)) - raft.server.log.force.sync.num = 128 (default)
2019-09-25 11:51:53,337 [pool-597-thread-1] INFO  server.RaftServerConfigKeys (ConfUtils.java:logGet(43)) - raft.server.log.statemachine.data.sync = true (default)
2019-09-25 11:51:53,337 [pool-597-thread-1] INFO  server.RaftServerConfigKeys (ConfUtils.java:logGet(43)) - raft.server.log.statemachine.data.sync.timeout = 10s (default)
2019-09-25 11:51:53,337 [pool-597-thread-1] INFO  server.RaftServerConfigKeys (ConfUtils.java:logGet(43)) - raft.server.log.statemachine.data.sync.timeout.retry = -1 (default)
2019-09-25 11:51:53,338 [pool-597-thread-1] INFO  server.RaftServerConfigKeys (ConfUtils.java:logGet(43)) - raft.server.log.statemachine.data.caching.enabled = true (custom)
2019-09-25 11:51:53,338 [pool-597-thread-1] INFO  segmented.SegmentedRaftLogWorker (SegmentedRaftLogWorker.java:lambda$new$0(132)) - f186b9fe-cb60-4f81-b082-a6c0d4357db0@group-9450AC43FD04-SegmentedRaftLogWorker: flushIndex: setUnconditionally 0 -> -1
2019-09-25 11:51:53,338 [pool-597-thread-1] INFO  server.RaftServerConfigKeys (ConfUtils.java:logGet(43)) - raft.server.snapshot.auto.trigger.enabled = true (custom)
2019-09-25 11:51:53,338 [pool-597-thread-1] INFO  server.RaftServerConfigKeys (ConfUtils.java:logGet(43)) - raft.server.snapshot.auto.trigger.threshold = 10000 (custom)
2019-09-25 11:51:53,338 [pool-597-thread-1] INFO  server.RaftServerConfigKeys (ConfUtils.java:logGet(43)) - raft.server.snapshot.retention.num.files = 5 (custom)
2019-09-25 11:51:53,338 [pool-597-thread-1] INFO  server.RaftServerConfigKeys (ConfUtils.java:logGet(43)) - raft.server.retrycache.expirytime = 600000ms (custom)
2019-09-25 11:51:53,340 [pool-597-thread-1] INFO  impl.RaftServerImpl (RaftServerImpl.java:start(185)) - f186b9fe-cb60-4f81-b082-a6c0d4357db0@group-9450AC43FD04: start as a follower, conf=-1: [f186b9fe-cb60-4f81-b082-a6c0d4357db0:192.168.30.6:37512], old=null
2019-09-25 11:51:53,340 [pool-597-thread-1] INFO  impl.RaftServerImpl (RaftServerImpl.java:setRole(174)) - f186b9fe-cb60-4f81-b082-a6c0d4357db0@group-9450AC43FD04: changes role from      null to FOLLOWER at term 0 for startAsFollower
2019-09-25 11:51:53,340 [pool-597-thread-1] INFO  impl.RoleInfo (RoleInfo.java:updateAndGet(143)) - f186b9fe-cb60-4f81-b082-a6c0d4357db0: start FollowerState
2019-09-25 11:51:53,340 [pool-597-thread-1] INFO  util.JmxRegister (JmxRegister.java:tryRegister(44)) - Successfully registered JMX Bean with object name Ratis:service=RaftServer,group=group-9450AC43FD04,id=f186b9fe-cb60-4f81-b082-a6c0d4357db0
2019-09-25 11:51:53,343 [RatisPipelineUtilsThread] INFO  pipeline.PipelineStateManager (PipelineStateManager.java:addPipeline(56)) - Created pipeline Pipeline[ Id: 5c5c4117-7f50-455c-9c4d-9450ac43fd04, Nodes: f186b9fe-cb60-4f81-b082-a6c0d4357db0{ip: 192.168.30.6, host: pr-hdds-1569-5gmkr-4255264070, networkLocation: /default-rack, certSerialId: null}, Type:RATIS, Factor:ONE, State:OPEN]
2019-09-25 11:51:53,343 [RatisPipelineUtilsThread] INFO  pipeline.PipelinePlacementPolicy (PipelinePlacementPolicy.java:meetCriteria(91)) - Pipeline Placement: can't place more pipeline on heavy datanode： 9251df79-82a8-42ab-9e26-93b345e6a062 Heaviness: 6 limit: 5
2019-09-25 11:51:53,343 [RatisPipelineUtilsThread] INFO  pipeline.PipelinePlacementPolicy (PipelinePlacementPolicy.java:meetCriteria(91)) - Pipeline Placement: can't place more pipeline on heavy datanode： f1e3f7f8-93b6-4fad-8e9a-8e12de86d7c3 Heaviness: 6 limit: 5
2019-09-25 11:51:53,348 [grpc-default-executor-0] INFO  impl.RaftServerProxy (RaftServerProxy.java:addNew(89)) - f186b9fe-cb60-4f81-b082-a6c0d4357db0: addNew group-F4A064441523:[f186b9fe-cb60-4f81-b082-a6c0d4357db0:192.168.30.6:37512] returns group-F4A064441523:java.util.concurrent.CompletableFuture@22cd98ae[Not completed]
2019-09-25 11:51:53,349 [pool-597-thread-1] INFO  impl.RaftServerImpl (RaftServerImpl.java:<init>(95)) - f186b9fe-cb60-4f81-b082-a6c0d4357db0: new RaftServerImpl for group-F4A064441523:[f186b9fe-cb60-4f81-b082-a6c0d4357db0:192.168.30.6:37512] with ContainerStateMachine:uninitialized
2019-09-25 11:51:53,349 [pool-597-thread-1] INFO  server.RaftServerConfigKeys (ConfUtils.java:logGet(43)) - raft.server.rpc.timeout.min = 5s (custom)
2019-09-25 11:51:53,349 [pool-597-thread-1] INFO  server.RaftServerConfigKeys (ConfUtils.java:logGet(43)) - raft.server.rpc.timeout.max = 5200ms (custom)
2019-09-25 11:51:53,349 [pool-597-thread-1] INFO  server.RaftServerConfigKeys (ConfUtils.java:logGet(43)) - raft.server.rpcslowness.timeout = 120s (custom)
2019-09-25 11:51:53,349 [pool-597-thread-1] INFO  server.RaftServerConfigKeys (ConfUtils.java:logGet(43)) - raft.server.sleep.deviation.threshold = 300 (default)
2019-09-25 11:51:53,349 [pool-597-thread-1] INFO  server.RaftServerConfigKeys (ConfUtils.java:logGet(43)) - raft.server.log.appender.install.snapshot.enabled = false (custom)
2019-09-25 11:51:53,349 [pool-597-thread-1] INFO  impl.RaftServerImpl (ServerState.java:<init>(103)) - f186b9fe-cb60-4f81-b082-a6c0d4357db0@group-F4A064441523: ConfigurationManager, init=-1: [f186b9fe-cb60-4f81-b082-a6c0d4357db0:192.168.30.6:37512], old=null, confs=<EMPTY_MAP>
2019-09-25 11:51:53,349 [pool-597-thread-1] INFO  server.RaftServerConfigKeys (ConfUtils.java:logGet(43)) - raft.server.storage.dir = [/workdir/hadoop-ozone/ozonefs/target/test-dir/MiniOzoneClusterImpl-059d6754-7a35-406d-b491-ba78f413a116/datanode-2/data/ratis] (custom)
2019-09-25 11:51:53,349 [pool-597-thread-1] INFO  storage.RaftStorageDirectory (RaftStorageDirectory.java:analyzeStorage(246)) - The storage directory /workdir/hadoop-ozone/ozonefs/target/test-dir/MiniOzoneClusterImpl-059d6754-7a35-406d-b491-ba78f413a116/datanode-2/data/ratis/b2727628-4c58-4198-ba30-f4a064441523 does not exist. Creating ...
2019-09-25 11:51:53,364 [pool-597-thread-1] INFO  storage.RaftStorageDirectory (RaftStorageDirectory.java:tryLock(328)) - Lock on /workdir/hadoop-ozone/ozonefs/target/test-dir/MiniOzoneClusterImpl-059d6754-7a35-406d-b491-ba78f413a116/datanode-2/data/ratis/b2727628-4c58-4198-ba30-f4a064441523/in_use.lock acquired by nodename 16435@pr-hdds-1569-5gmkr-4255264070
2019-09-25 11:51:53,377 [pool-597-thread-1] INFO  storage.RaftStorage (RaftStorage.java:format(72)) - Storage directory /workdir/hadoop-ozone/ozonefs/target/test-dir/MiniOzoneClusterImpl-059d6754-7a35-406d-b491-ba78f413a116/datanode-2/data/ratis/b2727628-4c58-4198-ba30-f4a064441523 has been successfully formatted.
2019-09-25 11:51:53,377 [pool-597-thread-1] INFO  ratis.ContainerStateMachine (ContainerStateMachine.java:loadSnapshot(230)) - group-F4A064441523: The snapshot info is null. Setting the last applied indexto:(t:0, i:~)
2019-09-25 11:51:53,378 [pool-597-thread-1] INFO  server.RaftServerConfigKeys (ConfUtils.java:logGet(43)) - raft.server.notification.no-leader.timeout = 120s (custom)
2019-09-25 11:51:53,378 [pool-597-thread-1] INFO  server.RaftServerConfigKeys (ConfUtils.java:logGet(43)) - raft.server.log.use.memory = false (default)
2019-09-25 11:51:53,378 [pool-597-thread-1] INFO  server.RaftServerConfigKeys (ConfUtils.java:logGet(43)) - raft.server.log.purge.gap = 1000000 (custom)
2019-09-25 11:51:53,378 [pool-597-thread-1] INFO  server.RaftServerConfigKeys (ConfUtils.java:logGet(43)) - raft.server.log.appender.buffer.byte-limit = 33554432 (custom)
2019-09-25 11:51:53,378 [pool-597-thread-1] INFO  server.RaftServerConfigKeys (ConfUtils.java:logGet(43)) - raft.server.log.segment.size.max = 1048576 (custom)
2019-09-25 11:51:53,378 [pool-597-thread-1] INFO  server.RaftServerConfigKeys (ConfUtils.java:logGet(43)) - raft.server.log.segment.cache.num.max = 2 (custom)
2019-09-25 11:51:53,378 [pool-597-thread-1] INFO  segmented.SegmentedRaftLogWorker (SegmentedRaftLogWorker.java:<init>(172)) - new f186b9fe-cb60-4f81-b082-a6c0d4357db0@group-F4A064441523-SegmentedRaftLogWorker for RaftStorage:Storage Directory /workdir/hadoop-ozone/ozonefs/target/test-dir/MiniOzoneClusterImpl-059d6754-7a35-406d-b491-ba78f413a116/datanode-2/data/ratis/b2727628-4c58-4198-ba30-f4a064441523
2019-09-25 11:51:53,378 [pool-597-thread-1] INFO  server.RaftServerConfigKeys (ConfUtils.java:logGet(43)) - raft.server.log.queue.byte-limit = 2147483647 (custom)
2019-09-25 11:51:53,378 [pool-597-thread-1] INFO  server.RaftServerConfigKeys (ConfUtils.java:logGet(43)) - raft.server.log.queue.element-limit = 1024 (custom)
2019-09-25 11:51:53,378 [pool-597-thread-1] INFO  server.RaftServerConfigKeys (ConfUtils.java:logGet(43)) - raft.server.log.segment.size.max = 1048576 (custom)
2019-09-25 11:51:53,378 [pool-597-thread-1] INFO  server.RaftServerConfigKeys (ConfUtils.java:logGet(43)) - raft.server.log.preallocated.size = 16384 (custom)
2019-09-25 11:51:53,379 [pool-597-thread-1] INFO  server.RaftServerConfigKeys (ConfUtils.java:logGet(43)) - raft.server.log.write.buffer.size = 33554432 (custom)
2019-09-25 11:51:53,379 [pool-597-thread-1] INFO  server.RaftServerConfigKeys (ConfUtils.java:logGet(43)) - raft.server.log.force.sync.num = 128 (default)
2019-09-25 11:51:53,379 [pool-597-thread-1] INFO  server.RaftServerConfigKeys (ConfUtils.java:logGet(43)) - raft.server.log.statemachine.data.sync = true (default)
2019-09-25 11:51:53,379 [pool-597-thread-1] INFO  server.RaftServerConfigKeys (ConfUtils.java:logGet(43)) - raft.server.log.statemachine.data.sync.timeout = 10s (default)
2019-09-25 11:51:53,379 [pool-597-thread-1] INFO  server.RaftServerConfigKeys (ConfUtils.java:logGet(43)) - raft.server.log.statemachine.data.sync.timeout.retry = -1 (default)
2019-09-25 11:51:53,379 [pool-597-thread-1] INFO  server.RaftServerConfigKeys (ConfUtils.java:logGet(43)) - raft.server.log.statemachine.data.caching.enabled = true (custom)
2019-09-25 11:51:53,379 [pool-597-thread-1] INFO  segmented.SegmentedRaftLogWorker (SegmentedRaftLogWorker.java:lambda$new$0(132)) - f186b9fe-cb60-4f81-b082-a6c0d4357db0@group-F4A064441523-SegmentedRaftLogWorker: flushIndex: setUnconditionally 0 -> -1
2019-09-25 11:51:53,379 [pool-597-thread-1] INFO  server.RaftServerConfigKeys (ConfUtils.java:logGet(43)) - raft.server.snapshot.auto.trigger.enabled = true (custom)
2019-09-25 11:51:53,379 [pool-597-thread-1] INFO  server.RaftServerConfigKeys (ConfUtils.java:logGet(43)) - raft.server.snapshot.auto.trigger.threshold = 10000 (custom)
2019-09-25 11:51:53,380 [pool-597-thread-1] INFO  server.RaftServerConfigKeys (ConfUtils.java:logGet(43)) - raft.server.snapshot.retention.num.files = 5 (custom)
2019-09-25 11:51:53,380 [pool-597-thread-1] INFO  server.RaftServerConfigKeys (ConfUtils.java:logGet(43)) - raft.server.retrycache.expirytime = 600000ms (custom)
2019-09-25 11:51:53,381 [pool-597-thread-1] INFO  impl.RaftServerImpl (RaftServerImpl.java:start(185)) - f186b9fe-cb60-4f81-b082-a6c0d4357db0@group-F4A064441523: start as a follower, conf=-1: [f186b9fe-cb60-4f81-b082-a6c0d4357db0:192.168.30.6:37512], old=null
2019-09-25 11:51:53,381 [pool-597-thread-1] INFO  impl.RaftServerImpl (RaftServerImpl.java:setRole(174)) - f186b9fe-cb60-4f81-b082-a6c0d4357db0@group-F4A064441523: changes role from      null to FOLLOWER at term 0 for startAsFollower
2019-09-25 11:51:53,381 [pool-597-thread-1] INFO  impl.RoleInfo (RoleInfo.java:updateAndGet(143)) - f186b9fe-cb60-4f81-b082-a6c0d4357db0: start FollowerState
2019-09-25 11:51:53,381 [pool-597-thread-1] INFO  util.JmxRegister (JmxRegister.java:tryRegister(44)) - Successfully registered JMX Bean with object name Ratis:service=RaftServer,group=group-F4A064441523,id=f186b9fe-cb60-4f81-b082-a6c0d4357db0
2019-09-25 11:51:53,384 [RatisPipelineUtilsThread] INFO  pipeline.PipelineStateManager (PipelineStateManager.java:addPipeline(56)) - Created pipeline Pipeline[ Id: b2727628-4c58-4198-ba30-f4a064441523, Nodes: f186b9fe-cb60-4f81-b082-a6c0d4357db0{ip: 192.168.30.6, host: pr-hdds-1569-5gmkr-4255264070, networkLocation: /default-rack, certSerialId: null}, Type:RATIS, Factor:ONE, State:OPEN]
2019-09-25 11:51:53,384 [RatisPipelineUtilsThread] INFO  pipeline.PipelinePlacementPolicy (PipelinePlacementPolicy.java:meetCriteria(91)) - Pipeline Placement: can't place more pipeline on heavy datanode： 9251df79-82a8-42ab-9e26-93b345e6a062 Heaviness: 6 limit: 5
2019-09-25 11:51:53,384 [RatisPipelineUtilsThread] INFO  pipeline.PipelinePlacementPolicy (PipelinePlacementPolicy.java:meetCriteria(91)) - Pipeline Placement: can't place more pipeline on heavy datanode： f1e3f7f8-93b6-4fad-8e9a-8e12de86d7c3 Heaviness: 6 limit: 5
2019-09-25 11:51:53,388 [grpc-default-executor-0] INFO  impl.RaftServerProxy (RaftServerProxy.java:addNew(89)) - f186b9fe-cb60-4f81-b082-a6c0d4357db0: addNew group-5745A25AEFF0:[f186b9fe-cb60-4f81-b082-a6c0d4357db0:192.168.30.6:37512] returns group-5745A25AEFF0:java.util.concurrent.CompletableFuture@379bcb67[Not completed]
2019-09-25 11:51:53,388 [pool-597-thread-1] INFO  impl.RaftServerImpl (RaftServerImpl.java:<init>(95)) - f186b9fe-cb60-4f81-b082-a6c0d4357db0: new RaftServerImpl for group-5745A25AEFF0:[f186b9fe-cb60-4f81-b082-a6c0d4357db0:192.168.30.6:37512] with ContainerStateMachine:uninitialized
2019-09-25 11:51:53,388 [pool-597-thread-1] INFO  server.RaftServerConfigKeys (ConfUtils.java:logGet(43)) - raft.server.rpc.timeout.min = 5s (custom)
2019-09-25 11:51:53,389 [pool-597-thread-1] INFO  server.RaftServerConfigKeys (ConfUtils.java:logGet(43)) - raft.server.rpc.timeout.max = 5200ms (custom)
2019-09-25 11:51:53,389 [pool-597-thread-1] INFO  server.RaftServerConfigKeys (ConfUtils.java:logGet(43)) - raft.server.rpcslowness.timeout = 120s (custom)
2019-09-25 11:51:53,389 [pool-597-thread-1] INFO  server.RaftServerConfigKeys (ConfUtils.java:logGet(43)) - raft.server.sleep.deviation.threshold = 300 (default)
2019-09-25 11:51:53,389 [pool-597-thread-1] INFO  server.RaftServerConfigKeys (ConfUtils.java:logGet(43)) - raft.server.log.appender.install.snapshot.enabled = false (custom)
2019-09-25 11:51:53,389 [pool-597-thread-1] INFO  impl.RaftServerImpl (ServerState.java:<init>(103)) - f186b9fe-cb60-4f81-b082-a6c0d4357db0@group-5745A25AEFF0: ConfigurationManager, init=-1: [f186b9fe-cb60-4f81-b082-a6c0d4357db0:192.168.30.6:37512], old=null, confs=<EMPTY_MAP>
2019-09-25 11:51:53,389 [pool-597-thread-1] INFO  server.RaftServerConfigKeys (ConfUtils.java:logGet(43)) - raft.server.storage.dir = [/workdir/hadoop-ozone/ozonefs/target/test-dir/MiniOzoneClusterImpl-059d6754-7a35-406d-b491-ba78f413a116/datanode-2/data/ratis] (custom)
2019-09-25 11:51:53,389 [pool-597-thread-1] INFO  storage.RaftStorageDirectory (RaftStorageDirectory.java:analyzeStorage(246)) - The storage directory /workdir/hadoop-ozone/ozonefs/target/test-dir/MiniOzoneClusterImpl-059d6754-7a35-406d-b491-ba78f413a116/datanode-2/data/ratis/a26dd84b-62f4-4182-9128-5745a25aeff0 does not exist. Creating ...
2019-09-25 11:51:53,402 [pool-597-thread-1] INFO  storage.RaftStorageDirectory (RaftStorageDirectory.java:tryLock(328)) - Lock on /workdir/hadoop-ozone/ozonefs/target/test-dir/MiniOzoneClusterImpl-059d6754-7a35-406d-b491-ba78f413a116/datanode-2/data/ratis/a26dd84b-62f4-4182-9128-5745a25aeff0/in_use.lock acquired by nodename 16435@pr-hdds-1569-5gmkr-4255264070
2019-09-25 11:51:53,415 [pool-597-thread-1] INFO  storage.RaftStorage (RaftStorage.java:format(72)) - Storage directory /workdir/hadoop-ozone/ozonefs/target/test-dir/MiniOzoneClusterImpl-059d6754-7a35-406d-b491-ba78f413a116/datanode-2/data/ratis/a26dd84b-62f4-4182-9128-5745a25aeff0 has been successfully formatted.
2019-09-25 11:51:53,415 [pool-597-thread-1] INFO  ratis.ContainerStateMachine (ContainerStateMachine.java:loadSnapshot(230)) - group-5745A25AEFF0: The snapshot info is null. Setting the last applied indexto:(t:0, i:~)
2019-09-25 11:51:53,415 [pool-597-thread-1] INFO  server.RaftServerConfigKeys (ConfUtils.java:logGet(43)) - raft.server.notification.no-leader.timeout = 120s (custom)
2019-09-25 11:51:53,415 [pool-597-thread-1] INFO  server.RaftServerConfigKeys (ConfUtils.java:logGet(43)) - raft.server.log.use.memory = false (default)
2019-09-25 11:51:53,415 [pool-597-thread-1] INFO  server.RaftServerConfigKeys (ConfUtils.java:logGet(43)) - raft.server.log.purge.gap = 1000000 (custom)
2019-09-25 11:51:53,416 [pool-597-thread-1] INFO  server.RaftServerConfigKeys (ConfUtils.java:logGet(43)) - raft.server.log.appender.buffer.byte-limit = 33554432 (custom)
2019-09-25 11:51:53,416 [pool-597-thread-1] INFO  server.RaftServerConfigKeys (ConfUtils.java:logGet(43)) - raft.server.log.segment.size.max = 1048576 (custom)
2019-09-25 11:51:53,416 [pool-597-thread-1] INFO  server.RaftServerConfigKeys (ConfUtils.java:logGet(43)) - raft.server.log.segment.cache.num.max = 2 (custom)
2019-09-25 11:51:53,416 [pool-597-thread-1] INFO  segmented.SegmentedRaftLogWorker (SegmentedRaftLogWorker.java:<init>(172)) - new f186b9fe-cb60-4f81-b082-a6c0d4357db0@group-5745A25AEFF0-SegmentedRaftLogWorker for RaftStorage:Storage Directory /workdir/hadoop-ozone/ozonefs/target/test-dir/MiniOzoneClusterImpl-059d6754-7a35-406d-b491-ba78f413a116/datanode-2/data/ratis/a26dd84b-62f4-4182-9128-5745a25aeff0
2019-09-25 11:51:53,416 [pool-597-thread-1] INFO  server.RaftServerConfigKeys (ConfUtils.java:logGet(43)) - raft.server.log.queue.byte-limit = 2147483647 (custom)
2019-09-25 11:51:53,416 [pool-597-thread-1] INFO  server.RaftServerConfigKeys (ConfUtils.java:logGet(43)) - raft.server.log.queue.element-limit = 1024 (custom)
2019-09-25 11:51:53,416 [pool-597-thread-1] INFO  server.RaftServerConfigKeys (ConfUtils.java:logGet(43)) - raft.server.log.segment.size.max = 1048576 (custom)
2019-09-25 11:51:53,416 [pool-597-thread-1] INFO  server.RaftServerConfigKeys (ConfUtils.java:logGet(43)) - raft.server.log.preallocated.size = 16384 (custom)
2019-09-25 11:51:53,416 [pool-597-thread-1] INFO  server.RaftServerConfigKeys (ConfUtils.java:logGet(43)) - raft.server.log.write.buffer.size = 33554432 (custom)
2019-09-25 11:51:53,416 [pool-597-thread-1] INFO  server.RaftServerConfigKeys (ConfUtils.java:logGet(43)) - raft.server.log.force.sync.num = 128 (default)
2019-09-25 11:51:53,417 [pool-597-thread-1] INFO  server.RaftServerConfigKeys (ConfUtils.java:logGet(43)) - raft.server.log.statemachine.data.sync = true (default)
2019-09-25 11:51:53,417 [pool-597-thread-1] INFO  server.RaftServerConfigKeys (ConfUtils.java:logGet(43)) - raft.server.log.statemachine.data.sync.timeout = 10s (default)
2019-09-25 11:51:53,417 [pool-597-thread-1] INFO  server.RaftServerConfigKeys (ConfUtils.java:logGet(43)) - raft.server.log.statemachine.data.sync.timeout.retry = -1 (default)
2019-09-25 11:51:53,417 [pool-597-thread-1] INFO  server.RaftServerConfigKeys (ConfUtils.java:logGet(43)) - raft.server.log.statemachine.data.caching.enabled = true (custom)
2019-09-25 11:51:53,417 [pool-597-thread-1] INFO  segmented.SegmentedRaftLogWorker (SegmentedRaftLogWorker.java:lambda$new$0(132)) - f186b9fe-cb60-4f81-b082-a6c0d4357db0@group-5745A25AEFF0-SegmentedRaftLogWorker: flushIndex: setUnconditionally 0 -> -1
2019-09-25 11:51:53,417 [pool-597-thread-1] INFO  server.RaftServerConfigKeys (ConfUtils.java:logGet(43)) - raft.server.snapshot.auto.trigger.enabled = true (custom)
2019-09-25 11:51:53,417 [pool-597-thread-1] INFO  server.RaftServerConfigKeys (ConfUtils.java:logGet(43)) - raft.server.snapshot.auto.trigger.threshold = 10000 (custom)
2019-09-25 11:51:53,417 [pool-597-thread-1] INFO  server.RaftServerConfigKeys (ConfUtils.java:logGet(43)) - raft.server.snapshot.retention.num.files = 5 (custom)
2019-09-25 11:51:53,418 [pool-597-thread-1] INFO  server.RaftServerConfigKeys (ConfUtils.java:logGet(43)) - raft.server.retrycache.expirytime = 600000ms (custom)
2019-09-25 11:51:53,419 [pool-597-thread-1] INFO  impl.RaftServerImpl (RaftServerImpl.java:start(185)) - f186b9fe-cb60-4f81-b082-a6c0d4357db0@group-5745A25AEFF0: start as a follower, conf=-1: [f186b9fe-cb60-4f81-b082-a6c0d4357db0:192.168.30.6:37512], old=null
2019-09-25 11:51:53,419 [pool-597-thread-1] INFO  impl.RaftServerImpl (RaftServerImpl.java:setRole(174)) - f186b9fe-cb60-4f81-b082-a6c0d4357db0@group-5745A25AEFF0: changes role from      null to FOLLOWER at term 0 for startAsFollower
2019-09-25 11:51:53,419 [pool-597-thread-1] INFO  impl.RoleInfo (RoleInfo.java:updateAndGet(143)) - f186b9fe-cb60-4f81-b082-a6c0d4357db0: start FollowerState
2019-09-25 11:51:53,419 [pool-597-thread-1] INFO  util.JmxRegister (JmxRegister.java:tryRegister(44)) - Successfully registered JMX Bean with object name Ratis:service=RaftServer,group=group-5745A25AEFF0,id=f186b9fe-cb60-4f81-b082-a6c0d4357db0
2019-09-25 11:51:53,421 [RatisPipelineUtilsThread] INFO  pipeline.PipelineStateManager (PipelineStateManager.java:addPipeline(56)) - Created pipeline Pipeline[ Id: a26dd84b-62f4-4182-9128-5745a25aeff0, Nodes: f186b9fe-cb60-4f81-b082-a6c0d4357db0{ip: 192.168.30.6, host: pr-hdds-1569-5gmkr-4255264070, networkLocation: /default-rack, certSerialId: null}, Type:RATIS, Factor:ONE, State:OPEN]
2019-09-25 11:51:53,421 [RatisPipelineUtilsThread] INFO  pipeline.PipelinePlacementPolicy (PipelinePlacementPolicy.java:meetCriteria(91)) - Pipeline Placement: can't place more pipeline on heavy datanode： 9251df79-82a8-42ab-9e26-93b345e6a062 Heaviness: 6 limit: 5
2019-09-25 11:51:53,421 [RatisPipelineUtilsThread] INFO  pipeline.PipelinePlacementPolicy (PipelinePlacementPolicy.java:meetCriteria(91)) - Pipeline Placement: can't place more pipeline on heavy datanode： f1e3f7f8-93b6-4fad-8e9a-8e12de86d7c3 Heaviness: 6 limit: 5
2019-09-25 11:51:53,422 [RatisPipelineUtilsThread] INFO  pipeline.PipelinePlacementPolicy (PipelinePlacementPolicy.java:meetCriteria(91)) - Pipeline Placement: can't place more pipeline on heavy datanode： f186b9fe-cb60-4f81-b082-a6c0d4357db0 Heaviness: 6 limit: 5
2019-09-25 11:51:53,422 [RatisPipelineUtilsThread] ERROR pipeline.PipelinePlacementPolicy (PipelinePlacementPolicy.java:filterViableNodes(148)) - Unable to find enough nodes that meet the criteria that cannot engage in more than 5 pipelines. Nodes required: 1 Found: 0, healthy nodes count inNodeManager: 3.
2019-09-25 11:51:53,422 [RatisPipelineUtilsThread] ERROR pipeline.SCMPipelineManager (SCMPipelineManager.java:createPipeline(167)) - Pipeline creation failed.
org.apache.hadoop.hdds.scm.exceptions.SCMException: Unable to find enough nodes that meet the criteria that cannot engage in more than 5 pipelines. Nodes required: 1 Found: 0, healthy nodes count inNodeManager: 3.
	at org.apache.hadoop.hdds.scm.pipeline.PipelinePlacementPolicy.filterViableNodes(PipelinePlacementPolicy.java:149)
	at org.apache.hadoop.hdds.scm.pipeline.PipelinePlacementPolicy.chooseDatanodes(PipelinePlacementPolicy.java:172)
	at org.apache.hadoop.hdds.scm.pipeline.RatisPipelineProvider.create(RatisPipelineProvider.java:93)
	at org.apache.hadoop.hdds.scm.pipeline.PipelineFactory.create(PipelineFactory.java:58)
	at org.apache.hadoop.hdds.scm.pipeline.SCMPipelineManager.createPipeline(SCMPipelineManager.java:155)
	at org.apache.hadoop.hdds.scm.pipeline.BackgroundPipelineCreator.createPipelines(BackgroundPipelineCreator.java:99)
	at java.util.concurrent.Executors$RunnableAdapter.call(Executors.java:511)
	at java.util.concurrent.FutureTask.run(FutureTask.java:266)
	at java.util.concurrent.ScheduledThreadPoolExecutor$ScheduledFutureTask.access$201(ScheduledThreadPoolExecutor.java:180)
	at java.util.concurrent.ScheduledThreadPoolExecutor$ScheduledFutureTask.run(ScheduledThreadPoolExecutor.java:293)
	at java.util.concurrent.ThreadPoolExecutor.runWorker(ThreadPoolExecutor.java:1149)
	at java.util.concurrent.ThreadPoolExecutor$Worker.run(ThreadPoolExecutor.java:624)
	at java.lang.Thread.run(Thread.java:748)
2019-09-25 11:51:53,422 [RatisPipelineUtilsThread] INFO  pipeline.PipelinePlacementPolicy (PipelinePlacementPolicy.java:meetCriteria(91)) - Pipeline Placement: can't place more pipeline on heavy datanode： 9251df79-82a8-42ab-9e26-93b345e6a062 Heaviness: 6 limit: 5
2019-09-25 11:51:53,422 [RatisPipelineUtilsThread] INFO  pipeline.PipelinePlacementPolicy (PipelinePlacementPolicy.java:meetCriteria(91)) - Pipeline Placement: can't place more pipeline on heavy datanode： f1e3f7f8-93b6-4fad-8e9a-8e12de86d7c3 Heaviness: 6 limit: 5
2019-09-25 11:51:53,422 [RatisPipelineUtilsThread] INFO  pipeline.PipelinePlacementPolicy (PipelinePlacementPolicy.java:meetCriteria(91)) - Pipeline Placement: can't place more pipeline on heavy datanode： f186b9fe-cb60-4f81-b082-a6c0d4357db0 Heaviness: 6 limit: 5
2019-09-25 11:51:53,422 [RatisPipelineUtilsThread] ERROR pipeline.PipelinePlacementPolicy (PipelinePlacementPolicy.java:filterViableNodes(148)) - Unable to find enough nodes that meet the criteria that cannot engage in more than 5 pipelines. Nodes required: 3 Found: 0, healthy nodes count inNodeManager: 3.
2019-09-25 11:51:53,422 [RatisPipelineUtilsThread] ERROR pipeline.SCMPipelineManager (SCMPipelineManager.java:createPipeline(167)) - Pipeline creation failed.
org.apache.hadoop.hdds.scm.exceptions.SCMException: Unable to find enough nodes that meet the criteria that cannot engage in more than 5 pipelines. Nodes required: 3 Found: 0, healthy nodes count inNodeManager: 3.
	at org.apache.hadoop.hdds.scm.pipeline.PipelinePlacementPolicy.filterViableNodes(PipelinePlacementPolicy.java:149)
	at org.apache.hadoop.hdds.scm.pipeline.PipelinePlacementPolicy.chooseDatanodes(PipelinePlacementPolicy.java:172)
	at org.apache.hadoop.hdds.scm.pipeline.RatisPipelineProvider.create(RatisPipelineProvider.java:93)
	at org.apache.hadoop.hdds.scm.pipeline.PipelineFactory.create(PipelineFactory.java:58)
	at org.apache.hadoop.hdds.scm.pipeline.SCMPipelineManager.createPipeline(SCMPipelineManager.java:155)
	at org.apache.hadoop.hdds.scm.pipeline.BackgroundPipelineCreator.createPipelines(BackgroundPipelineCreator.java:99)
	at java.util.concurrent.Executors$RunnableAdapter.call(Executors.java:511)
	at java.util.concurrent.FutureTask.run(FutureTask.java:266)
	at java.util.concurrent.ScheduledThreadPoolExecutor$ScheduledFutureTask.access$201(ScheduledThreadPoolExecutor.java:180)
	at java.util.concurrent.ScheduledThreadPoolExecutor$ScheduledFutureTask.run(ScheduledThreadPoolExecutor.java:293)
	at java.util.concurrent.ThreadPoolExecutor.runWorker(ThreadPoolExecutor.java:1149)
	at java.util.concurrent.ThreadPoolExecutor$Worker.run(ThreadPoolExecutor.java:624)
	at java.lang.Thread.run(Thread.java:748)
2019-09-25 11:51:53,423 [RatisPipelineUtilsThread] INFO  pipeline.PipelinePlacementPolicy (PipelinePlacementPolicy.java:meetCriteria(91)) - Pipeline Placement: can't place more pipeline on heavy datanode： 9251df79-82a8-42ab-9e26-93b345e6a062 Heaviness: 6 limit: 5
2019-09-25 11:51:53,423 [RatisPipelineUtilsThread] INFO  pipeline.PipelinePlacementPolicy (PipelinePlacementPolicy.java:meetCriteria(91)) - Pipeline Placement: can't place more pipeline on heavy datanode： f1e3f7f8-93b6-4fad-8e9a-8e12de86d7c3 Heaviness: 6 limit: 5
2019-09-25 11:51:53,423 [RatisPipelineUtilsThread] INFO  pipeline.PipelinePlacementPolicy (PipelinePlacementPolicy.java:meetCriteria(91)) - Pipeline Placement: can't place more pipeline on heavy datanode： f186b9fe-cb60-4f81-b082-a6c0d4357db0 Heaviness: 6 limit: 5
2019-09-25 11:51:53,423 [RatisPipelineUtilsThread] ERROR pipeline.PipelinePlacementPolicy (PipelinePlacementPolicy.java:filterViableNodes(148)) - Unable to find enough nodes that meet the criteria that cannot engage in more than 5 pipelines. Nodes required: 1 Found: 0, healthy nodes count inNodeManager: 3.
2019-09-25 11:51:53,423 [RatisPipelineUtilsThread] ERROR pipeline.SCMPipelineManager (SCMPipelineManager.java:createPipeline(167)) - Pipeline creation failed.
org.apache.hadoop.hdds.scm.exceptions.SCMException: Unable to find enough nodes that meet the criteria that cannot engage in more than 5 pipelines. Nodes required: 1 Found: 0, healthy nodes count inNodeManager: 3.
	at org.apache.hadoop.hdds.scm.pipeline.PipelinePlacementPolicy.filterViableNodes(PipelinePlacementPolicy.java:149)
	at org.apache.hadoop.hdds.scm.pipeline.PipelinePlacementPolicy.chooseDatanodes(PipelinePlacementPolicy.java:172)
	at org.apache.hadoop.hdds.scm.pipeline.RatisPipelineProvider.create(RatisPipelineProvider.java:93)
	at org.apache.hadoop.hdds.scm.pipeline.PipelineFactory.create(PipelineFactory.java:58)
	at org.apache.hadoop.hdds.scm.pipeline.SCMPipelineManager.createPipeline(SCMPipelineManager.java:155)
	at org.apache.hadoop.hdds.scm.pipeline.BackgroundPipelineCreator.createPipelines(BackgroundPipelineCreator.java:99)
	at org.apache.hadoop.hdds.scm.pipeline.BackgroundPipelineCreator.lambda$startFixedIntervalPipelineCreator$0(BackgroundPipelineCreator.java:70)
	at java.util.concurrent.Executors$RunnableAdapter.call(Executors.java:511)
	at java.util.concurrent.FutureTask.runAndReset(FutureTask.java:308)
	at java.util.concurrent.ScheduledThreadPoolExecutor$ScheduledFutureTask.access$301(ScheduledThreadPoolExecutor.java:180)
	at java.util.concurrent.ScheduledThreadPoolExecutor$ScheduledFutureTask.run(ScheduledThreadPoolExecutor.java:294)
	at java.util.concurrent.ThreadPoolExecutor.runWorker(ThreadPoolExecutor.java:1149)
	at java.util.concurrent.ThreadPoolExecutor$Worker.run(ThreadPoolExecutor.java:624)
	at java.lang.Thread.run(Thread.java:748)
2019-09-25 11:51:53,423 [RatisPipelineUtilsThread] INFO  pipeline.PipelinePlacementPolicy (PipelinePlacementPolicy.java:meetCriteria(91)) - Pipeline Placement: can't place more pipeline on heavy datanode： 9251df79-82a8-42ab-9e26-93b345e6a062 Heaviness: 6 limit: 5
2019-09-25 11:51:53,423 [RatisPipelineUtilsThread] INFO  pipeline.PipelinePlacementPolicy (PipelinePlacementPolicy.java:meetCriteria(91)) - Pipeline Placement: can't place more pipeline on heavy datanode： f1e3f7f8-93b6-4fad-8e9a-8e12de86d7c3 Heaviness: 6 limit: 5
2019-09-25 11:51:53,423 [RatisPipelineUtilsThread] INFO  pipeline.PipelinePlacementPolicy (PipelinePlacementPolicy.java:meetCriteria(91)) - Pipeline Placement: can't place more pipeline on heavy datanode： f186b9fe-cb60-4f81-b082-a6c0d4357db0 Heaviness: 6 limit: 5
2019-09-25 11:51:53,424 [RatisPipelineUtilsThread] ERROR pipeline.PipelinePlacementPolicy (PipelinePlacementPolicy.java:filterViableNodes(148)) - Unable to find enough nodes that meet the criteria that cannot engage in more than 5 pipelines. Nodes required: 3 Found: 0, healthy nodes count inNodeManager: 3.
2019-09-25 11:51:53,424 [RatisPipelineUtilsThread] ERROR pipeline.SCMPipelineManager (SCMPipelineManager.java:createPipeline(167)) - Pipeline creation failed.
org.apache.hadoop.hdds.scm.exceptions.SCMException: Unable to find enough nodes that meet the criteria that cannot engage in more than 5 pipelines. Nodes required: 3 Found: 0, healthy nodes count inNodeManager: 3.
	at org.apache.hadoop.hdds.scm.pipeline.PipelinePlacementPolicy.filterViableNodes(PipelinePlacementPolicy.java:149)
	at org.apache.hadoop.hdds.scm.pipeline.PipelinePlacementPolicy.chooseDatanodes(PipelinePlacementPolicy.java:172)
	at org.apache.hadoop.hdds.scm.pipeline.RatisPipelineProvider.create(RatisPipelineProvider.java:93)
	at org.apache.hadoop.hdds.scm.pipeline.PipelineFactory.create(PipelineFactory.java:58)
	at org.apache.hadoop.hdds.scm.pipeline.SCMPipelineManager.createPipeline(SCMPipelineManager.java:155)
	at org.apache.hadoop.hdds.scm.pipeline.BackgroundPipelineCreator.createPipelines(BackgroundPipelineCreator.java:99)
	at org.apache.hadoop.hdds.scm.pipeline.BackgroundPipelineCreator.lambda$startFixedIntervalPipelineCreator$0(BackgroundPipelineCreator.java:70)
	at java.util.concurrent.Executors$RunnableAdapter.call(Executors.java:511)
	at java.util.concurrent.FutureTask.runAndReset(FutureTask.java:308)
	at java.util.concurrent.ScheduledThreadPoolExecutor$ScheduledFutureTask.access$301(ScheduledThreadPoolExecutor.java:180)
	at java.util.concurrent.ScheduledThreadPoolExecutor$ScheduledFutureTask.run(ScheduledThreadPoolExecutor.java:294)
	at java.util.concurrent.ThreadPoolExecutor.runWorker(ThreadPoolExecutor.java:1149)
	at java.util.concurrent.ThreadPoolExecutor$Worker.run(ThreadPoolExecutor.java:624)
	at java.lang.Thread.run(Thread.java:748)
2019-09-25 11:51:53,424 [IPC Server handler 2 on 33836] INFO  pipeline.PipelinePlacementPolicy (PipelinePlacementPolicy.java:meetCriteria(91)) - Pipeline Placement: can't place more pipeline on heavy datanode： 9251df79-82a8-42ab-9e26-93b345e6a062 Heaviness: 6 limit: 5
2019-09-25 11:51:53,424 [IPC Server handler 2 on 33836] INFO  pipeline.PipelinePlacementPolicy (PipelinePlacementPolicy.java:meetCriteria(91)) - Pipeline Placement: can't place more pipeline on heavy datanode： f1e3f7f8-93b6-4fad-8e9a-8e12de86d7c3 Heaviness: 6 limit: 5
2019-09-25 11:51:53,424 [IPC Server handler 2 on 33836] INFO  pipeline.PipelinePlacementPolicy (PipelinePlacementPolicy.java:meetCriteria(91)) - Pipeline Placement: can't place more pipeline on heavy datanode： f186b9fe-cb60-4f81-b082-a6c0d4357db0 Heaviness: 6 limit: 5
2019-09-25 11:51:53,424 [IPC Server handler 2 on 33836] ERROR pipeline.PipelinePlacementPolicy (PipelinePlacementPolicy.java:filterViableNodes(148)) - Unable to find enough nodes that meet the criteria that cannot engage in more than 5 pipelines. Nodes required: 3 Found: 0, healthy nodes count inNodeManager: 3.
2019-09-25 11:51:53,424 [IPC Server handler 2 on 33836] ERROR pipeline.SCMPipelineManager (SCMPipelineManager.java:createPipeline(167)) - Pipeline creation failed.
org.apache.hadoop.hdds.scm.exceptions.SCMException: Unable to find enough nodes that meet the criteria that cannot engage in more than 5 pipelines. Nodes required: 3 Found: 0, healthy nodes count inNodeManager: 3.
	at org.apache.hadoop.hdds.scm.pipeline.PipelinePlacementPolicy.filterViableNodes(PipelinePlacementPolicy.java:149)
	at org.apache.hadoop.hdds.scm.pipeline.PipelinePlacementPolicy.chooseDatanodes(PipelinePlacementPolicy.java:172)
	at org.apache.hadoop.hdds.scm.pipeline.RatisPipelineProvider.create(RatisPipelineProvider.java:93)
	at org.apache.hadoop.hdds.scm.pipeline.PipelineFactory.create(PipelineFactory.java:58)
	at org.apache.hadoop.hdds.scm.pipeline.SCMPipelineManager.createPipeline(SCMPipelineManager.java:155)
	at org.apache.hadoop.hdds.scm.block.BlockManagerImpl.allocateBlock(BlockManagerImpl.java:190)
	at org.apache.hadoop.hdds.scm.server.SCMBlockProtocolServer.allocateBlock(SCMBlockProtocolServer.java:182)
	at org.apache.hadoop.ozone.protocolPB.ScmBlockLocationProtocolServerSideTranslatorPB.allocateScmBlock(ScmBlockLocationProtocolServerSideTranslatorPB.java:183)
	at org.apache.hadoop.ozone.protocolPB.ScmBlockLocationProtocolServerSideTranslatorPB.processMessage(ScmBlockLocationProtocolServerSideTranslatorPB.java:141)
	at org.apache.hadoop.ozone.protocolPB.ScmBlockLocationProtocolServerSideTranslatorPB.send(ScmBlockLocationProtocolServerSideTranslatorPB.java:116)
	at org.apache.hadoop.hdds.protocol.proto.ScmBlockLocationProtocolProtos$ScmBlockLocationProtocolService$2.callBlockingMethod(ScmBlockLocationProtocolProtos.java:13157)
	at org.apache.hadoop.ipc.ProtobufRpcEngine$Server$ProtoBufRpcInvoker.call(ProtobufRpcEngine.java:524)
	at org.apache.hadoop.ipc.RPC$Server.call(RPC.java:1025)
	at org.apache.hadoop.ipc.Server$RpcCall.run(Server.java:876)
	at org.apache.hadoop.ipc.Server$RpcCall.run(Server.java:822)
	at java.security.AccessController.doPrivileged(Native Method)
	at javax.security.auth.Subject.doAs(Subject.java:422)
	at org.apache.hadoop.security.UserGroupInformation.doAs(UserGroupInformation.java:1730)
	at org.apache.hadoop.ipc.Server$Handler.run(Server.java:2682)
2019-09-25 11:51:53,425 [IPC Server handler 2 on 33836] WARN  block.BlockManagerImpl (BlockManagerImpl.java:allocateBlock(192)) - Pipeline creation failed for type:RATIS factor:THREE. Retrying get pipelines call once.
org.apache.hadoop.hdds.scm.exceptions.SCMException: Unable to find enough nodes that meet the criteria that cannot engage in more than 5 pipelines. Nodes required: 3 Found: 0, healthy nodes count inNodeManager: 3.
	at org.apache.hadoop.hdds.scm.pipeline.PipelinePlacementPolicy.filterViableNodes(PipelinePlacementPolicy.java:149)
	at org.apache.hadoop.hdds.scm.pipeline.PipelinePlacementPolicy.chooseDatanodes(PipelinePlacementPolicy.java:172)
	at org.apache.hadoop.hdds.scm.pipeline.RatisPipelineProvider.create(RatisPipelineProvider.java:93)
	at org.apache.hadoop.hdds.scm.pipeline.PipelineFactory.create(PipelineFactory.java:58)
	at org.apache.hadoop.hdds.scm.pipeline.SCMPipelineManager.createPipeline(SCMPipelineManager.java:155)
	at org.apache.hadoop.hdds.scm.block.BlockManagerImpl.allocateBlock(BlockManagerImpl.java:190)
	at org.apache.hadoop.hdds.scm.server.SCMBlockProtocolServer.allocateBlock(SCMBlockProtocolServer.java:182)
	at org.apache.hadoop.ozone.protocolPB.ScmBlockLocationProtocolServerSideTranslatorPB.allocateScmBlock(ScmBlockLocationProtocolServerSideTranslatorPB.java:183)
	at org.apache.hadoop.ozone.protocolPB.ScmBlockLocationProtocolServerSideTranslatorPB.processMessage(ScmBlockLocationProtocolServerSideTranslatorPB.java:141)
	at org.apache.hadoop.ozone.protocolPB.ScmBlockLocationProtocolServerSideTranslatorPB.send(ScmBlockLocationProtocolServerSideTranslatorPB.java:116)
	at org.apache.hadoop.hdds.protocol.proto.ScmBlockLocationProtocolProtos$ScmBlockLocationProtocolService$2.callBlockingMethod(ScmBlockLocationProtocolProtos.java:13157)
	at org.apache.hadoop.ipc.ProtobufRpcEngine$Server$ProtoBufRpcInvoker.call(ProtobufRpcEngine.java:524)
	at org.apache.hadoop.ipc.RPC$Server.call(RPC.java:1025)
	at org.apache.hadoop.ipc.Server$RpcCall.run(Server.java:876)
	at org.apache.hadoop.ipc.Server$RpcCall.run(Server.java:822)
	at java.security.AccessController.doPrivileged(Native Method)
	at javax.security.auth.Subject.doAs(Subject.java:422)
	at org.apache.hadoop.security.UserGroupInformation.doAs(UserGroupInformation.java:1730)
	at org.apache.hadoop.ipc.Server$Handler.run(Server.java:2682)
2019-09-25 11:51:53,425 [IPC Server handler 2 on 33836] INFO  block.BlockManagerImpl (BlockManagerImpl.java:allocateBlock(198)) - Could not find available pipeline of type:RATIS and factor:THREE even after retrying
2019-09-25 11:51:53,425 [IPC Server handler 2 on 33836] ERROR block.BlockManagerImpl (BlockManagerImpl.java:allocateBlock(222)) - Unable to allocate a block for the size: 4194304, type: RATIS, factor: THREE
2019-09-25 11:51:53,429 [main] INFO  ozone.MiniOzoneClusterImpl (MiniOzoneClusterImpl.java:shutdown(314)) - Shutting down the Mini Ozone Cluster
2019-09-25 11:51:53,429 [main] INFO  ozone.MiniOzoneClusterImpl (MiniOzoneClusterImpl.java:stop(330)) - Stopping the Mini Ozone Cluster
2019-09-25 11:51:53,429 [main] INFO  ozone.MiniOzoneClusterImpl (MiniOzoneClusterImpl.java:stopOM(400)) - Stopping the OzoneManager
2019-09-25 11:51:53,429 [main] INFO  ipc.Server (Server.java:stop(3082)) - Stopping server on 39744
2019-09-25 11:51:53,439 [IPC Server listener on 39744] INFO  ipc.Server (Server.java:run(1185)) - Stopping IPC Server listener on 39744
2019-09-25 11:51:53,439 [main] INFO  ratis.OzoneManagerDoubleBuffer (OzoneManagerDoubleBuffer.java:stop(248)) - Stopping OMDoubleBuffer flush thread
2019-09-25 11:51:53,439 [IPC Server Responder] INFO  ipc.Server (Server.java:run(1319)) - Stopping IPC Server Responder
2019-09-25 11:51:53,442 [OMDoubleBufferFlushThread] INFO  ratis.OzoneManagerDoubleBuffer (OzoneManagerDoubleBuffer.java:flushTransactions(191)) - OMDoubleBuffer flush thread OMDoubleBufferFlushThread is interrupted and will exit. OMDoubleBufferFlushThread
2019-09-25 11:51:53,442 [main] INFO  utils.BackgroundService (BackgroundService.java:shutdown(148)) - Shutting down service KeyDeletingService
2019-09-25 11:51:53,444 [main] INFO  handler.ContextHandler (ContextHandler.java:doStop(910)) - Stopped o.e.j.w.WebAppContext@45bf93bb{/,null,UNAVAILABLE}{/ozoneManager}
2019-09-25 11:51:53,445 [main] INFO  server.AbstractConnector (AbstractConnector.java:doStop(318)) - Stopped ServerConnector@6b7c4734{HTTP/1.1,[http/1.1]}{0.0.0.0:0}
2019-09-25 11:51:53,445 [main] INFO  handler.ContextHandler (ContextHandler.java:doStop(910)) - Stopped o.e.j.s.ServletContextHandler@3d764641{/static,jar:file:/home/user/.m2/repository/org/apache/hadoop/hadoop-ozone-ozone-manager/0.5.0-SNAPSHOT/hadoop-ozone-ozone-manager-0.5.0-SNAPSHOT.jar!/webapps/static,UNAVAILABLE}
2019-09-25 11:51:53,445 [main] INFO  handler.ContextHandler (ContextHandler.java:doStop(910)) - Stopped o.e.j.s.ServletContextHandler@3c3ab672{/logs,file:///workdir/hadoop-ozone/ozonefs/target/log,UNAVAILABLE}
2019-09-25 11:51:53,447 [main] INFO  ozone.MiniOzoneClusterImpl (MiniOzoneClusterImpl.java:stopDatanodes(377)) - Stopping the HddsDatanodes
2019-09-25 11:51:54,606 [Datanode State Machine Thread - 0] INFO  statemachine.DatanodeStateMachine (DatanodeStateMachine.java:lambda$startDaemon$0(350)) - Ozone container server started.
2019-09-25 11:51:54,718 [Datanode State Machine Thread - 0] INFO  statemachine.DatanodeStateMachine (DatanodeStateMachine.java:lambda$startDaemon$0(350)) - Ozone container server started.
2019-09-25 11:51:55,618 [Thread-3092] INFO  container.ReplicationManager (ReplicationManager.java:start(163)) - Starting Replication Monitor Thread.
2019-09-25 11:51:55,622 [ReplicationMonitor] INFO  container.ReplicationManager (ReplicationManager.java:run(226)) - Replication Monitor Thread took 0 milliseconds for processing 0 containers.
2019-09-25 11:51:57,800 [Thread-3103] INFO  impl.FollowerState (FollowerState.java:run(106)) - f1e3f7f8-93b6-4fad-8e9a-8e12de86d7c3:group-11C0123C1EDA changes to CANDIDATE, lastRpcTime:5015, electionTimeout:5015ms
2019-09-25 11:51:57,801 [Thread-3103] INFO  impl.RoleInfo (RoleInfo.java:shutdownFollowerState(121)) - f1e3f7f8-93b6-4fad-8e9a-8e12de86d7c3: shutdown FollowerState
2019-09-25 11:51:57,801 [Thread-3103] INFO  impl.RaftServerImpl (RaftServerImpl.java:setRole(174)) - f1e3f7f8-93b6-4fad-8e9a-8e12de86d7c3@group-11C0123C1EDA: changes role from  FOLLOWER to CANDIDATE at term 0 for changeToCandidate
2019-09-25 11:51:57,801 [Thread-3103] INFO  impl.RoleInfo (RoleInfo.java:updateAndGet(143)) - f1e3f7f8-93b6-4fad-8e9a-8e12de86d7c3: start LeaderElection
2019-09-25 11:51:57,829 [f1e3f7f8-93b6-4fad-8e9a-8e12de86d7c3@group-11C0123C1EDA:LeaderElection192] INFO  impl.LeaderElection (LeaderElection.java:askForVotes(182)) - f1e3f7f8-93b6-4fad-8e9a-8e12de86d7c3@group-11C0123C1EDA:LeaderElection192: begin an election at term 1 for -1: [f1e3f7f8-93b6-4fad-8e9a-8e12de86d7c3:192.168.30.6:35470], old=null
2019-09-25 11:51:57,830 [f1e3f7f8-93b6-4fad-8e9a-8e12de86d7c3@group-11C0123C1EDA:LeaderElection192] INFO  impl.RoleInfo (RoleInfo.java:shutdownLeaderElection(134)) - f1e3f7f8-93b6-4fad-8e9a-8e12de86d7c3: shutdown LeaderElection
2019-09-25 11:51:57,830 [f1e3f7f8-93b6-4fad-8e9a-8e12de86d7c3@group-11C0123C1EDA:LeaderElection192] INFO  impl.RaftServerImpl (RaftServerImpl.java:setRole(174)) - f1e3f7f8-93b6-4fad-8e9a-8e12de86d7c3@group-11C0123C1EDA: changes role from CANDIDATE to LEADER at term 1 for changeToLeader
2019-09-25 11:51:57,830 [f1e3f7f8-93b6-4fad-8e9a-8e12de86d7c3@group-11C0123C1EDA:LeaderElection192] INFO  impl.RaftServerImpl (ServerState.java:setLeader(253)) - f1e3f7f8-93b6-4fad-8e9a-8e12de86d7c3@group-11C0123C1EDA: change Leader from null to f1e3f7f8-93b6-4fad-8e9a-8e12de86d7c3 at term 1 for becomeLeader, leader elected after 5049ms
2019-09-25 11:51:57,830 [f1e3f7f8-93b6-4fad-8e9a-8e12de86d7c3@group-11C0123C1EDA:LeaderElection192] INFO  server.RaftServerConfigKeys (ConfUtils.java:logGet(43)) - raft.server.staging.catchup.gap = 1000 (default)
2019-09-25 11:51:57,830 [f1e3f7f8-93b6-4fad-8e9a-8e12de86d7c3@group-11C0123C1EDA:LeaderElection192] INFO  server.RaftServerConfigKeys (ConfUtils.java:logGet(43)) - raft.server.rpc.sleep.time = 25ms (default)
2019-09-25 11:51:57,830 [f1e3f7f8-93b6-4fad-8e9a-8e12de86d7c3@group-11C0123C1EDA:LeaderElection192] INFO  server.RaftServerConfigKeys (ConfUtils.java:logGet(43)) - raft.server.write.element-limit = 4096 (default)
2019-09-25 11:51:57,830 [f1e3f7f8-93b6-4fad-8e9a-8e12de86d7c3@group-11C0123C1EDA:LeaderElection192] INFO  server.RaftServerConfigKeys (ConfUtils.java:logGet(43)) - raft.server.watch.timeout = 10s (default)
2019-09-25 11:51:57,831 [f1e3f7f8-93b6-4fad-8e9a-8e12de86d7c3@group-11C0123C1EDA:LeaderElection192] INFO  server.RaftServerConfigKeys (ConfUtils.java:logGet(43)) - raft.server.watch.timeout.denomination = 1s (default)
2019-09-25 11:51:57,831 [f1e3f7f8-93b6-4fad-8e9a-8e12de86d7c3@group-11C0123C1EDA:LeaderElection192] INFO  server.RaftServerConfigKeys (ConfUtils.java:logGet(43)) - raft.server.watch.element-limit = 65536 (default)
2019-09-25 11:51:57,833 [f1e3f7f8-93b6-4fad-8e9a-8e12de86d7c3@group-11C0123C1EDA:LeaderElection192] INFO  impl.RoleInfo (RoleInfo.java:updateAndGet(143)) - f1e3f7f8-93b6-4fad-8e9a-8e12de86d7c3: start LeaderState
2019-09-25 11:51:57,833 [f1e3f7f8-93b6-4fad-8e9a-8e12de86d7c3@group-11C0123C1EDA:LeaderElection192] INFO  segmented.SegmentedRaftLogWorker (SegmentedRaftLogWorker.java:startLogSegment(380)) - f1e3f7f8-93b6-4fad-8e9a-8e12de86d7c3@group-11C0123C1EDA-SegmentedRaftLogWorker: Starting segment from index:0
2019-09-25 11:51:57,833 [f1e3f7f8-93b6-4fad-8e9a-8e12de86d7c3@group-11C0123C1EDA:LeaderElection192] INFO  impl.RaftServerImpl (ServerState.java:setRaftConf(354)) - f1e3f7f8-93b6-4fad-8e9a-8e12de86d7c3@group-11C0123C1EDA: set configuration 0: [f1e3f7f8-93b6-4fad-8e9a-8e12de86d7c3:192.168.30.6:35470], old=null at 0
2019-09-25 11:51:57,858 [Thread-3094] INFO  impl.FollowerState (FollowerState.java:run(106)) - 9251df79-82a8-42ab-9e26-93b345e6a062:group-7047A9E23D89 changes to CANDIDATE, lastRpcTime:5191, electionTimeout:5191ms
2019-09-25 11:51:57,858 [Thread-3094] INFO  impl.RoleInfo (RoleInfo.java:shutdownFollowerState(121)) - 9251df79-82a8-42ab-9e26-93b345e6a062: shutdown FollowerState
2019-09-25 11:51:57,858 [Thread-3094] INFO  impl.RaftServerImpl (RaftServerImpl.java:setRole(174)) - 9251df79-82a8-42ab-9e26-93b345e6a062@group-7047A9E23D89: changes role from  FOLLOWER to CANDIDATE at term 0 for changeToCandidate
2019-09-25 11:51:57,859 [Thread-3094] INFO  impl.RoleInfo (RoleInfo.java:updateAndGet(143)) - 9251df79-82a8-42ab-9e26-93b345e6a062: start LeaderElection
2019-09-25 11:51:57,873 [Thread-3100] INFO  impl.FollowerState (FollowerState.java:run(106)) - 9251df79-82a8-42ab-9e26-93b345e6a062:group-0329A4E5395B changes to CANDIDATE, lastRpcTime:5130, electionTimeout:5130ms
2019-09-25 11:51:57,873 [Thread-3100] INFO  impl.RoleInfo (RoleInfo.java:shutdownFollowerState(121)) - 9251df79-82a8-42ab-9e26-93b345e6a062: shutdown FollowerState
2019-09-25 11:51:57,873 [Thread-3100] INFO  impl.RaftServerImpl (RaftServerImpl.java:setRole(174)) - 9251df79-82a8-42ab-9e26-93b345e6a062@group-0329A4E5395B: changes role from  FOLLOWER to CANDIDATE at term 0 for changeToCandidate
2019-09-25 11:51:57,873 [Thread-3100] INFO  impl.RoleInfo (RoleInfo.java:updateAndGet(143)) - 9251df79-82a8-42ab-9e26-93b345e6a062: start LeaderElection
2019-09-25 11:51:57,883 [f1e3f7f8-93b6-4fad-8e9a-8e12de86d7c3@group-11C0123C1EDA-SegmentedRaftLogWorker] INFO  segmented.SegmentedRaftLogWorker (SegmentedRaftLogWorker.java:execute(569)) - f1e3f7f8-93b6-4fad-8e9a-8e12de86d7c3@group-11C0123C1EDA-SegmentedRaftLogWorker: created new log segment /workdir/hadoop-ozone/ozonefs/target/test-dir/MiniOzoneClusterImpl-059d6754-7a35-406d-b491-ba78f413a116/datanode-1/data/ratis/10383f82-33b3-4c0c-b4bb-11c0123c1eda/current/log_inprogress_0
2019-09-25 11:51:57,883 [9251df79-82a8-42ab-9e26-93b345e6a062@group-7047A9E23D89:LeaderElection193] INFO  impl.LeaderElection (LeaderElection.java:askForVotes(182)) - 9251df79-82a8-42ab-9e26-93b345e6a062@group-7047A9E23D89:LeaderElection193: begin an election at term 1 for -1: [9251df79-82a8-42ab-9e26-93b345e6a062:192.168.30.6:33735], old=null
2019-09-25 11:51:57,883 [9251df79-82a8-42ab-9e26-93b345e6a062@group-0329A4E5395B:LeaderElection194] INFO  impl.LeaderElection (LeaderElection.java:askForVotes(182)) - 9251df79-82a8-42ab-9e26-93b345e6a062@group-0329A4E5395B:LeaderElection194: begin an election at term 1 for -1: [9251df79-82a8-42ab-9e26-93b345e6a062:192.168.30.6:33735], old=null
2019-09-25 11:51:57,884 [9251df79-82a8-42ab-9e26-93b345e6a062@group-7047A9E23D89:LeaderElection193] INFO  impl.RoleInfo (RoleInfo.java:shutdownLeaderElection(134)) - 9251df79-82a8-42ab-9e26-93b345e6a062: shutdown LeaderElection
2019-09-25 11:51:57,884 [9251df79-82a8-42ab-9e26-93b345e6a062@group-0329A4E5395B:LeaderElection194] INFO  impl.RoleInfo (RoleInfo.java:shutdownLeaderElection(134)) - 9251df79-82a8-42ab-9e26-93b345e6a062: shutdown LeaderElection
2019-09-25 11:51:57,884 [9251df79-82a8-42ab-9e26-93b345e6a062@group-7047A9E23D89:LeaderElection193] INFO  impl.RaftServerImpl (RaftServerImpl.java:setRole(174)) - 9251df79-82a8-42ab-9e26-93b345e6a062@group-7047A9E23D89: changes role from CANDIDATE to LEADER at term 1 for changeToLeader
2019-09-25 11:51:57,884 [9251df79-82a8-42ab-9e26-93b345e6a062@group-0329A4E5395B:LeaderElection194] INFO  impl.RaftServerImpl (RaftServerImpl.java:setRole(174)) - 9251df79-82a8-42ab-9e26-93b345e6a062@group-0329A4E5395B: changes role from CANDIDATE to LEADER at term 1 for changeToLeader
2019-09-25 11:51:57,884 [9251df79-82a8-42ab-9e26-93b345e6a062@group-0329A4E5395B:LeaderElection194] INFO  impl.RaftServerImpl (ServerState.java:setLeader(253)) - 9251df79-82a8-42ab-9e26-93b345e6a062@group-0329A4E5395B: change Leader from null to 9251df79-82a8-42ab-9e26-93b345e6a062 at term 1 for becomeLeader, leader elected after 5146ms
2019-09-25 11:51:57,884 [9251df79-82a8-42ab-9e26-93b345e6a062@group-7047A9E23D89:LeaderElection193] INFO  impl.RaftServerImpl (ServerState.java:setLeader(253)) - 9251df79-82a8-42ab-9e26-93b345e6a062@group-7047A9E23D89: change Leader from null to 9251df79-82a8-42ab-9e26-93b345e6a062 at term 1 for becomeLeader, leader elected after 5227ms
2019-09-25 11:51:57,884 [9251df79-82a8-42ab-9e26-93b345e6a062@group-0329A4E5395B:LeaderElection194] INFO  server.RaftServerConfigKeys (ConfUtils.java:logGet(43)) - raft.server.staging.catchup.gap = 1000 (default)
2019-09-25 11:51:57,885 [9251df79-82a8-42ab-9e26-93b345e6a062@group-7047A9E23D89:LeaderElection193] INFO  server.RaftServerConfigKeys (ConfUtils.java:logGet(43)) - raft.server.staging.catchup.gap = 1000 (default)
2019-09-25 11:51:57,885 [9251df79-82a8-42ab-9e26-93b345e6a062@group-0329A4E5395B:LeaderElection194] INFO  server.RaftServerConfigKeys (ConfUtils.java:logGet(43)) - raft.server.rpc.sleep.time = 25ms (default)
2019-09-25 11:51:57,885 [9251df79-82a8-42ab-9e26-93b345e6a062@group-7047A9E23D89:LeaderElection193] INFO  server.RaftServerConfigKeys (ConfUtils.java:logGet(43)) - raft.server.rpc.sleep.time = 25ms (default)
2019-09-25 11:51:57,885 [9251df79-82a8-42ab-9e26-93b345e6a062@group-0329A4E5395B:LeaderElection194] INFO  server.RaftServerConfigKeys (ConfUtils.java:logGet(43)) - raft.server.write.element-limit = 4096 (default)
2019-09-25 11:51:57,885 [9251df79-82a8-42ab-9e26-93b345e6a062@group-7047A9E23D89:LeaderElection193] INFO  server.RaftServerConfigKeys (ConfUtils.java:logGet(43)) - raft.server.write.element-limit = 4096 (default)
2019-09-25 11:51:57,885 [9251df79-82a8-42ab-9e26-93b345e6a062@group-0329A4E5395B:LeaderElection194] INFO  server.RaftServerConfigKeys (ConfUtils.java:logGet(43)) - raft.server.watch.timeout = 10s (default)
2019-09-25 11:51:57,885 [9251df79-82a8-42ab-9e26-93b345e6a062@group-7047A9E23D89:LeaderElection193] INFO  server.RaftServerConfigKeys (ConfUtils.java:logGet(43)) - raft.server.watch.timeout = 10s (default)
2019-09-25 11:51:57,886 [9251df79-82a8-42ab-9e26-93b345e6a062@group-0329A4E5395B:LeaderElection194] INFO  server.RaftServerConfigKeys (ConfUtils.java:logGet(43)) - raft.server.watch.timeout.denomination = 1s (default)
2019-09-25 11:51:57,886 [9251df79-82a8-42ab-9e26-93b345e6a062@group-7047A9E23D89:LeaderElection193] INFO  server.RaftServerConfigKeys (ConfUtils.java:logGet(43)) - raft.server.watch.timeout.denomination = 1s (default)
2019-09-25 11:51:57,886 [9251df79-82a8-42ab-9e26-93b345e6a062@group-0329A4E5395B:LeaderElection194] INFO  server.RaftServerConfigKeys (ConfUtils.java:logGet(43)) - raft.server.watch.element-limit = 65536 (default)
2019-09-25 11:51:57,886 [9251df79-82a8-42ab-9e26-93b345e6a062@group-7047A9E23D89:LeaderElection193] INFO  server.RaftServerConfigKeys (ConfUtils.java:logGet(43)) - raft.server.watch.element-limit = 65536 (default)
2019-09-25 11:51:57,889 [Thread-3097] INFO  impl.FollowerState (FollowerState.java:run(106)) - 9251df79-82a8-42ab-9e26-93b345e6a062:group-AABAB95CBB13 changes to CANDIDATE, lastRpcTime:5184, electionTimeout:5184ms
2019-09-25 11:51:57,889 [9251df79-82a8-42ab-9e26-93b345e6a062@group-0329A4E5395B:LeaderElection194] INFO  impl.RoleInfo (RoleInfo.java:updateAndGet(143)) - 9251df79-82a8-42ab-9e26-93b345e6a062: start LeaderState
2019-09-25 11:51:57,889 [Thread-3097] INFO  impl.RoleInfo (RoleInfo.java:shutdownFollowerState(121)) - 9251df79-82a8-42ab-9e26-93b345e6a062: shutdown FollowerState
2019-09-25 11:51:57,889 [9251df79-82a8-42ab-9e26-93b345e6a062@group-7047A9E23D89:LeaderElection193] INFO  impl.RoleInfo (RoleInfo.java:updateAndGet(143)) - 9251df79-82a8-42ab-9e26-93b345e6a062: start LeaderState
2019-09-25 11:51:57,890 [9251df79-82a8-42ab-9e26-93b345e6a062@group-0329A4E5395B:LeaderElection194] INFO  segmented.SegmentedRaftLogWorker (SegmentedRaftLogWorker.java:startLogSegment(380)) - 9251df79-82a8-42ab-9e26-93b345e6a062@group-0329A4E5395B-SegmentedRaftLogWorker: Starting segment from index:0
2019-09-25 11:51:57,890 [Thread-3097] INFO  impl.RaftServerImpl (RaftServerImpl.java:setRole(174)) - 9251df79-82a8-42ab-9e26-93b345e6a062@group-AABAB95CBB13: changes role from  FOLLOWER to CANDIDATE at term 0 for changeToCandidate
2019-09-25 11:51:57,890 [9251df79-82a8-42ab-9e26-93b345e6a062@group-7047A9E23D89:LeaderElection193] INFO  segmented.SegmentedRaftLogWorker (SegmentedRaftLogWorker.java:startLogSegment(380)) - 9251df79-82a8-42ab-9e26-93b345e6a062@group-7047A9E23D89-SegmentedRaftLogWorker: Starting segment from index:0
2019-09-25 11:51:57,890 [Thread-3097] INFO  impl.RoleInfo (RoleInfo.java:updateAndGet(143)) - 9251df79-82a8-42ab-9e26-93b345e6a062: start LeaderElection
2019-09-25 11:51:57,890 [9251df79-82a8-42ab-9e26-93b345e6a062@group-0329A4E5395B:LeaderElection194] INFO  impl.RaftServerImpl (ServerState.java:setRaftConf(354)) - 9251df79-82a8-42ab-9e26-93b345e6a062@group-0329A4E5395B: set configuration 0: [9251df79-82a8-42ab-9e26-93b345e6a062:192.168.30.6:33735], old=null at 0
2019-09-25 11:51:57,936 [Thread-3108] INFO  impl.FollowerState (FollowerState.java:run(106)) - 9251df79-82a8-42ab-9e26-93b345e6a062:group-D20D2298DE89 changes to CANDIDATE, lastRpcTime:5046, electionTimeout:5021ms
2019-09-25 11:51:57,937 [Thread-3108] INFO  impl.RoleInfo (RoleInfo.java:shutdownFollowerState(121)) - 9251df79-82a8-42ab-9e26-93b345e6a062: shutdown FollowerState
2019-09-25 11:51:57,937 [Thread-3108] INFO  impl.RaftServerImpl (RaftServerImpl.java:setRole(174)) - 9251df79-82a8-42ab-9e26-93b345e6a062@group-D20D2298DE89: changes role from  FOLLOWER to CANDIDATE at term 0 for changeToCandidate
2019-09-25 11:51:57,937 [9251df79-82a8-42ab-9e26-93b345e6a062@group-7047A9E23D89:LeaderElection193] INFO  impl.RaftServerImpl (ServerState.java:setRaftConf(354)) - 9251df79-82a8-42ab-9e26-93b345e6a062@group-7047A9E23D89: set configuration 0: [9251df79-82a8-42ab-9e26-93b345e6a062:192.168.30.6:33735], old=null at 0
2019-09-25 11:51:57,937 [Thread-3108] INFO  impl.RoleInfo (RoleInfo.java:updateAndGet(143)) - 9251df79-82a8-42ab-9e26-93b345e6a062: start LeaderElection
2019-09-25 11:51:57,949 [9251df79-82a8-42ab-9e26-93b345e6a062@group-0329A4E5395B-SegmentedRaftLogWorker] INFO  segmented.SegmentedRaftLogWorker (SegmentedRaftLogWorker.java:execute(569)) - 9251df79-82a8-42ab-9e26-93b345e6a062@group-0329A4E5395B-SegmentedRaftLogWorker: created new log segment /workdir/hadoop-ozone/ozonefs/target/test-dir/MiniOzoneClusterImpl-059d6754-7a35-406d-b491-ba78f413a116/datanode-0/data/ratis/2f7a98d1-4adf-42a1-8a2d-0329a4e5395b/current/log_inprogress_0
2019-09-25 11:51:57,949 [9251df79-82a8-42ab-9e26-93b345e6a062@group-7047A9E23D89-SegmentedRaftLogWorker] INFO  segmented.SegmentedRaftLogWorker (SegmentedRaftLogWorker.java:execute(569)) - 9251df79-82a8-42ab-9e26-93b345e6a062@group-7047A9E23D89-SegmentedRaftLogWorker: created new log segment /workdir/hadoop-ozone/ozonefs/target/test-dir/MiniOzoneClusterImpl-059d6754-7a35-406d-b491-ba78f413a116/datanode-0/data/ratis/9b04e695-8918-45f7-98f4-7047a9e23d89/current/log_inprogress_0
2019-09-25 11:51:57,949 [9251df79-82a8-42ab-9e26-93b345e6a062@group-AABAB95CBB13:LeaderElection195] INFO  impl.LeaderElection (LeaderElection.java:askForVotes(182)) - 9251df79-82a8-42ab-9e26-93b345e6a062@group-AABAB95CBB13:LeaderElection195: begin an election at term 1 for -1: [9251df79-82a8-42ab-9e26-93b345e6a062:192.168.30.6:33735], old=null
2019-09-25 11:51:57,949 [9251df79-82a8-42ab-9e26-93b345e6a062@group-D20D2298DE89:LeaderElection196] INFO  impl.LeaderElection (LeaderElection.java:askForVotes(182)) - 9251df79-82a8-42ab-9e26-93b345e6a062@group-D20D2298DE89:LeaderElection196: begin an election at term 1 for -1: [9251df79-82a8-42ab-9e26-93b345e6a062:192.168.30.6:33735], old=null
2019-09-25 11:51:57,949 [9251df79-82a8-42ab-9e26-93b345e6a062@group-AABAB95CBB13:LeaderElection195] INFO  impl.RoleInfo (RoleInfo.java:shutdownLeaderElection(134)) - 9251df79-82a8-42ab-9e26-93b345e6a062: shutdown LeaderElection
2019-09-25 11:51:57,950 [9251df79-82a8-42ab-9e26-93b345e6a062@group-D20D2298DE89:LeaderElection196] INFO  impl.RoleInfo (RoleInfo.java:shutdownLeaderElection(134)) - 9251df79-82a8-42ab-9e26-93b345e6a062: shutdown LeaderElection
2019-09-25 11:51:57,950 [9251df79-82a8-42ab-9e26-93b345e6a062@group-AABAB95CBB13:LeaderElection195] INFO  impl.RaftServerImpl (RaftServerImpl.java:setRole(174)) - 9251df79-82a8-42ab-9e26-93b345e6a062@group-AABAB95CBB13: changes role from CANDIDATE to LEADER at term 1 for changeToLeader
2019-09-25 11:51:57,950 [9251df79-82a8-42ab-9e26-93b345e6a062@group-D20D2298DE89:LeaderElection196] INFO  impl.RaftServerImpl (RaftServerImpl.java:setRole(174)) - 9251df79-82a8-42ab-9e26-93b345e6a062@group-D20D2298DE89: changes role from CANDIDATE to LEADER at term 1 for changeToLeader
2019-09-25 11:51:57,950 [9251df79-82a8-42ab-9e26-93b345e6a062@group-AABAB95CBB13:LeaderElection195] INFO  impl.RaftServerImpl (ServerState.java:setLeader(253)) - 9251df79-82a8-42ab-9e26-93b345e6a062@group-AABAB95CBB13: change Leader from null to 9251df79-82a8-42ab-9e26-93b345e6a062 at term 1 for becomeLeader, leader elected after 5249ms
2019-09-25 11:51:57,950 [9251df79-82a8-42ab-9e26-93b345e6a062@group-D20D2298DE89:LeaderElection196] INFO  impl.RaftServerImpl (ServerState.java:setLeader(253)) - 9251df79-82a8-42ab-9e26-93b345e6a062@group-D20D2298DE89: change Leader from null to 9251df79-82a8-42ab-9e26-93b345e6a062 at term 1 for becomeLeader, leader elected after 5113ms
2019-09-25 11:51:57,950 [9251df79-82a8-42ab-9e26-93b345e6a062@group-AABAB95CBB13:LeaderElection195] INFO  server.RaftServerConfigKeys (ConfUtils.java:logGet(43)) - raft.server.staging.catchup.gap = 1000 (default)
2019-09-25 11:51:57,950 [9251df79-82a8-42ab-9e26-93b345e6a062@group-D20D2298DE89:LeaderElection196] INFO  server.RaftServerConfigKeys (ConfUtils.java:logGet(43)) - raft.server.staging.catchup.gap = 1000 (default)
2019-09-25 11:51:57,950 [9251df79-82a8-42ab-9e26-93b345e6a062@group-AABAB95CBB13:LeaderElection195] INFO  server.RaftServerConfigKeys (ConfUtils.java:logGet(43)) - raft.server.rpc.sleep.time = 25ms (default)
2019-09-25 11:51:57,950 [9251df79-82a8-42ab-9e26-93b345e6a062@group-D20D2298DE89:LeaderElection196] INFO  server.RaftServerConfigKeys (ConfUtils.java:logGet(43)) - raft.server.rpc.sleep.time = 25ms (default)
2019-09-25 11:51:57,951 [9251df79-82a8-42ab-9e26-93b345e6a062@group-AABAB95CBB13:LeaderElection195] INFO  server.RaftServerConfigKeys (ConfUtils.java:logGet(43)) - raft.server.write.element-limit = 4096 (default)
2019-09-25 11:51:57,951 [9251df79-82a8-42ab-9e26-93b345e6a062@group-D20D2298DE89:LeaderElection196] INFO  server.RaftServerConfigKeys (ConfUtils.java:logGet(43)) - raft.server.write.element-limit = 4096 (default)
2019-09-25 11:51:57,951 [9251df79-82a8-42ab-9e26-93b345e6a062@group-AABAB95CBB13:LeaderElection195] INFO  server.RaftServerConfigKeys (ConfUtils.java:logGet(43)) - raft.server.watch.timeout = 10s (default)
2019-09-25 11:51:57,951 [9251df79-82a8-42ab-9e26-93b345e6a062@group-D20D2298DE89:LeaderElection196] INFO  server.RaftServerConfigKeys (ConfUtils.java:logGet(43)) - raft.server.watch.timeout = 10s (default)
2019-09-25 11:51:57,951 [9251df79-82a8-42ab-9e26-93b345e6a062@group-AABAB95CBB13:LeaderElection195] INFO  server.RaftServerConfigKeys (ConfUtils.java:logGet(43)) - raft.server.watch.timeout.denomination = 1s (default)
2019-09-25 11:51:57,951 [9251df79-82a8-42ab-9e26-93b345e6a062@group-D20D2298DE89:LeaderElection196] INFO  server.RaftServerConfigKeys (ConfUtils.java:logGet(43)) - raft.server.watch.timeout.denomination = 1s (default)
2019-09-25 11:51:57,951 [9251df79-82a8-42ab-9e26-93b345e6a062@group-AABAB95CBB13:LeaderElection195] INFO  server.RaftServerConfigKeys (ConfUtils.java:logGet(43)) - raft.server.watch.element-limit = 65536 (default)
2019-09-25 11:51:57,951 [9251df79-82a8-42ab-9e26-93b345e6a062@group-D20D2298DE89:LeaderElection196] INFO  server.RaftServerConfigKeys (ConfUtils.java:logGet(43)) - raft.server.watch.element-limit = 65536 (default)
2019-09-25 11:51:57,954 [9251df79-82a8-42ab-9e26-93b345e6a062@group-AABAB95CBB13:LeaderElection195] INFO  impl.RoleInfo (RoleInfo.java:updateAndGet(143)) - 9251df79-82a8-42ab-9e26-93b345e6a062: start LeaderState
2019-09-25 11:51:57,954 [9251df79-82a8-42ab-9e26-93b345e6a062@group-D20D2298DE89:LeaderElection196] INFO  impl.RoleInfo (RoleInfo.java:updateAndGet(143)) - 9251df79-82a8-42ab-9e26-93b345e6a062: start LeaderState
2019-09-25 11:51:57,954 [9251df79-82a8-42ab-9e26-93b345e6a062@group-AABAB95CBB13:LeaderElection195] INFO  segmented.SegmentedRaftLogWorker (SegmentedRaftLogWorker.java:startLogSegment(380)) - 9251df79-82a8-42ab-9e26-93b345e6a062@group-AABAB95CBB13-SegmentedRaftLogWorker: Starting segment from index:0
2019-09-25 11:51:57,954 [9251df79-82a8-42ab-9e26-93b345e6a062@group-D20D2298DE89:LeaderElection196] INFO  segmented.SegmentedRaftLogWorker (SegmentedRaftLogWorker.java:startLogSegment(380)) - 9251df79-82a8-42ab-9e26-93b345e6a062@group-D20D2298DE89-SegmentedRaftLogWorker: Starting segment from index:0
2019-09-25 11:51:57,958 [9251df79-82a8-42ab-9e26-93b345e6a062@group-AABAB95CBB13:LeaderElection195] INFO  impl.RaftServerImpl (ServerState.java:setRaftConf(354)) - 9251df79-82a8-42ab-9e26-93b345e6a062@group-AABAB95CBB13: set configuration 0: [9251df79-82a8-42ab-9e26-93b345e6a062:192.168.30.6:33735], old=null at 0
2019-09-25 11:51:57,958 [9251df79-82a8-42ab-9e26-93b345e6a062@group-D20D2298DE89:LeaderElection196] INFO  impl.RaftServerImpl (ServerState.java:setRaftConf(354)) - 9251df79-82a8-42ab-9e26-93b345e6a062@group-D20D2298DE89: set configuration 0: [9251df79-82a8-42ab-9e26-93b345e6a062:192.168.30.6:33735], old=null at 0
2019-09-25 11:51:58,005 [9251df79-82a8-42ab-9e26-93b345e6a062@group-AABAB95CBB13-SegmentedRaftLogWorker] INFO  segmented.SegmentedRaftLogWorker (SegmentedRaftLogWorker.java:execute(569)) - 9251df79-82a8-42ab-9e26-93b345e6a062@group-AABAB95CBB13-SegmentedRaftLogWorker: created new log segment /workdir/hadoop-ozone/ozonefs/target/test-dir/MiniOzoneClusterImpl-059d6754-7a35-406d-b491-ba78f413a116/datanode-0/data/ratis/cbeefe75-8ac3-40e0-a566-aabab95cbb13/current/log_inprogress_0
2019-09-25 11:51:58,005 [9251df79-82a8-42ab-9e26-93b345e6a062@group-D20D2298DE89-SegmentedRaftLogWorker] INFO  segmented.SegmentedRaftLogWorker (SegmentedRaftLogWorker.java:execute(569)) - 9251df79-82a8-42ab-9e26-93b345e6a062@group-D20D2298DE89-SegmentedRaftLogWorker: created new log segment /workdir/hadoop-ozone/ozonefs/target/test-dir/MiniOzoneClusterImpl-059d6754-7a35-406d-b491-ba78f413a116/datanode-0/data/ratis/fa3d1143-26e6-4cb9-ab5b-d20d2298de89/current/log_inprogress_0
2019-09-25 11:51:58,023 [Thread-3115] INFO  impl.FollowerState (FollowerState.java:run(106)) - 9251df79-82a8-42ab-9e26-93b345e6a062:group-894A97782426 changes to CANDIDATE, lastRpcTime:5049, electionTimeout:5049ms
2019-09-25 11:51:58,023 [Thread-3115] INFO  impl.RoleInfo (RoleInfo.java:shutdownFollowerState(121)) - 9251df79-82a8-42ab-9e26-93b345e6a062: shutdown FollowerState
2019-09-25 11:51:58,023 [Thread-3115] INFO  impl.RaftServerImpl (RaftServerImpl.java:setRole(174)) - 9251df79-82a8-42ab-9e26-93b345e6a062@group-894A97782426: changes role from  FOLLOWER to CANDIDATE at term 0 for changeToCandidate
2019-09-25 11:51:58,024 [Thread-3115] INFO  impl.RoleInfo (RoleInfo.java:updateAndGet(143)) - 9251df79-82a8-42ab-9e26-93b345e6a062: start LeaderElection
2019-09-25 11:51:58,042 [9251df79-82a8-42ab-9e26-93b345e6a062@group-894A97782426:LeaderElection197] INFO  impl.LeaderElection (LeaderElection.java:askForVotes(182)) - 9251df79-82a8-42ab-9e26-93b345e6a062@group-894A97782426:LeaderElection197: begin an election at term 1 for -1: [9251df79-82a8-42ab-9e26-93b345e6a062:192.168.30.6:33735], old=null
2019-09-25 11:51:58,042 [9251df79-82a8-42ab-9e26-93b345e6a062@group-894A97782426:LeaderElection197] INFO  impl.RoleInfo (RoleInfo.java:shutdownLeaderElection(134)) - 9251df79-82a8-42ab-9e26-93b345e6a062: shutdown LeaderElection
2019-09-25 11:51:58,042 [9251df79-82a8-42ab-9e26-93b345e6a062@group-894A97782426:LeaderElection197] INFO  impl.RaftServerImpl (RaftServerImpl.java:setRole(174)) - 9251df79-82a8-42ab-9e26-93b345e6a062@group-894A97782426: changes role from CANDIDATE to LEADER at term 1 for changeToLeader
2019-09-25 11:51:58,042 [9251df79-82a8-42ab-9e26-93b345e6a062@group-894A97782426:LeaderElection197] INFO  impl.RaftServerImpl (ServerState.java:setLeader(253)) - 9251df79-82a8-42ab-9e26-93b345e6a062@group-894A97782426: change Leader from null to 9251df79-82a8-42ab-9e26-93b345e6a062 at term 1 for becomeLeader, leader elected after 5072ms
2019-09-25 11:51:58,042 [9251df79-82a8-42ab-9e26-93b345e6a062@group-894A97782426:LeaderElection197] INFO  server.RaftServerConfigKeys (ConfUtils.java:logGet(43)) - raft.server.staging.catchup.gap = 1000 (default)
2019-09-25 11:51:58,042 [9251df79-82a8-42ab-9e26-93b345e6a062@group-894A97782426:LeaderElection197] INFO  server.RaftServerConfigKeys (ConfUtils.java:logGet(43)) - raft.server.rpc.sleep.time = 25ms (default)
2019-09-25 11:51:58,043 [9251df79-82a8-42ab-9e26-93b345e6a062@group-894A97782426:LeaderElection197] INFO  server.RaftServerConfigKeys (ConfUtils.java:logGet(43)) - raft.server.write.element-limit = 4096 (default)
2019-09-25 11:51:58,043 [9251df79-82a8-42ab-9e26-93b345e6a062@group-894A97782426:LeaderElection197] INFO  server.RaftServerConfigKeys (ConfUtils.java:logGet(43)) - raft.server.watch.timeout = 10s (default)
2019-09-25 11:51:58,043 [9251df79-82a8-42ab-9e26-93b345e6a062@group-894A97782426:LeaderElection197] INFO  server.RaftServerConfigKeys (ConfUtils.java:logGet(43)) - raft.server.watch.timeout.denomination = 1s (default)
2019-09-25 11:51:58,043 [9251df79-82a8-42ab-9e26-93b345e6a062@group-894A97782426:LeaderElection197] INFO  server.RaftServerConfigKeys (ConfUtils.java:logGet(43)) - raft.server.watch.element-limit = 65536 (default)
2019-09-25 11:51:58,045 [9251df79-82a8-42ab-9e26-93b345e6a062@group-894A97782426:LeaderElection197] INFO  impl.RoleInfo (RoleInfo.java:updateAndGet(143)) - 9251df79-82a8-42ab-9e26-93b345e6a062: start LeaderState
2019-09-25 11:51:58,045 [9251df79-82a8-42ab-9e26-93b345e6a062@group-894A97782426:LeaderElection197] INFO  segmented.SegmentedRaftLogWorker (SegmentedRaftLogWorker.java:startLogSegment(380)) - 9251df79-82a8-42ab-9e26-93b345e6a062@group-894A97782426-SegmentedRaftLogWorker: Starting segment from index:0
2019-09-25 11:51:58,045 [9251df79-82a8-42ab-9e26-93b345e6a062@group-894A97782426:LeaderElection197] INFO  impl.RaftServerImpl (ServerState.java:setRaftConf(354)) - 9251df79-82a8-42ab-9e26-93b345e6a062@group-894A97782426: set configuration 0: [9251df79-82a8-42ab-9e26-93b345e6a062:192.168.30.6:33735], old=null at 0
2019-09-25 11:51:58,050 [Thread-3112] INFO  impl.FollowerState (FollowerState.java:run(106)) - f1e3f7f8-93b6-4fad-8e9a-8e12de86d7c3:group-02AF7AE16CB3 changes to CANDIDATE, lastRpcTime:5115, electionTimeout:5115ms
2019-09-25 11:51:58,050 [Thread-3112] INFO  impl.RoleInfo (RoleInfo.java:shutdownFollowerState(121)) - f1e3f7f8-93b6-4fad-8e9a-8e12de86d7c3: shutdown FollowerState
2019-09-25 11:51:58,050 [Thread-3112] INFO  impl.RaftServerImpl (RaftServerImpl.java:setRole(174)) - f1e3f7f8-93b6-4fad-8e9a-8e12de86d7c3@group-02AF7AE16CB3: changes role from  FOLLOWER to CANDIDATE at term 0 for changeToCandidate
2019-09-25 11:51:58,050 [Thread-3112] INFO  impl.RoleInfo (RoleInfo.java:updateAndGet(143)) - f1e3f7f8-93b6-4fad-8e9a-8e12de86d7c3: start LeaderElection
2019-09-25 11:51:58,097 [9251df79-82a8-42ab-9e26-93b345e6a062@group-894A97782426-SegmentedRaftLogWorker] INFO  segmented.SegmentedRaftLogWorker (SegmentedRaftLogWorker.java:execute(569)) - 9251df79-82a8-42ab-9e26-93b345e6a062@group-894A97782426-SegmentedRaftLogWorker: created new log segment /workdir/hadoop-ozone/ozonefs/target/test-dir/MiniOzoneClusterImpl-059d6754-7a35-406d-b491-ba78f413a116/datanode-0/data/ratis/4b69895a-b58e-4436-98c0-894a97782426/current/log_inprogress_0
2019-09-25 11:51:58,097 [f1e3f7f8-93b6-4fad-8e9a-8e12de86d7c3@group-02AF7AE16CB3:LeaderElection198] INFO  impl.LeaderElection (LeaderElection.java:askForVotes(182)) - f1e3f7f8-93b6-4fad-8e9a-8e12de86d7c3@group-02AF7AE16CB3:LeaderElection198: begin an election at term 1 for -1: [f1e3f7f8-93b6-4fad-8e9a-8e12de86d7c3:192.168.30.6:35470], old=null
2019-09-25 11:51:58,097 [f1e3f7f8-93b6-4fad-8e9a-8e12de86d7c3@group-02AF7AE16CB3:LeaderElection198] INFO  impl.RoleInfo (RoleInfo.java:shutdownLeaderElection(134)) - f1e3f7f8-93b6-4fad-8e9a-8e12de86d7c3: shutdown LeaderElection
2019-09-25 11:51:58,098 [f1e3f7f8-93b6-4fad-8e9a-8e12de86d7c3@group-02AF7AE16CB3:LeaderElection198] INFO  impl.RaftServerImpl (RaftServerImpl.java:setRole(174)) - f1e3f7f8-93b6-4fad-8e9a-8e12de86d7c3@group-02AF7AE16CB3: changes role from CANDIDATE to LEADER at term 1 for changeToLeader
2019-09-25 11:51:58,098 [f1e3f7f8-93b6-4fad-8e9a-8e12de86d7c3@group-02AF7AE16CB3:LeaderElection198] INFO  impl.RaftServerImpl (ServerState.java:setLeader(253)) - f1e3f7f8-93b6-4fad-8e9a-8e12de86d7c3@group-02AF7AE16CB3: change Leader from null to f1e3f7f8-93b6-4fad-8e9a-8e12de86d7c3 at term 1 for becomeLeader, leader elected after 5167ms
2019-09-25 11:51:58,098 [f1e3f7f8-93b6-4fad-8e9a-8e12de86d7c3@group-02AF7AE16CB3:LeaderElection198] INFO  server.RaftServerConfigKeys (ConfUtils.java:logGet(43)) - raft.server.staging.catchup.gap = 1000 (default)
2019-09-25 11:51:58,098 [f1e3f7f8-93b6-4fad-8e9a-8e12de86d7c3@group-02AF7AE16CB3:LeaderElection198] INFO  server.RaftServerConfigKeys (ConfUtils.java:logGet(43)) - raft.server.rpc.sleep.time = 25ms (default)
2019-09-25 11:51:58,098 [f1e3f7f8-93b6-4fad-8e9a-8e12de86d7c3@group-02AF7AE16CB3:LeaderElection198] INFO  server.RaftServerConfigKeys (ConfUtils.java:logGet(43)) - raft.server.write.element-limit = 4096 (default)
2019-09-25 11:51:58,098 [f1e3f7f8-93b6-4fad-8e9a-8e12de86d7c3@group-02AF7AE16CB3:LeaderElection198] INFO  server.RaftServerConfigKeys (ConfUtils.java:logGet(43)) - raft.server.watch.timeout = 10s (default)
2019-09-25 11:51:58,099 [f1e3f7f8-93b6-4fad-8e9a-8e12de86d7c3@group-02AF7AE16CB3:LeaderElection198] INFO  server.RaftServerConfigKeys (ConfUtils.java:logGet(43)) - raft.server.watch.timeout.denomination = 1s (default)
2019-09-25 11:51:58,099 [f1e3f7f8-93b6-4fad-8e9a-8e12de86d7c3@group-02AF7AE16CB3:LeaderElection198] INFO  server.RaftServerConfigKeys (ConfUtils.java:logGet(43)) - raft.server.watch.element-limit = 65536 (default)
2019-09-25 11:51:58,101 [f1e3f7f8-93b6-4fad-8e9a-8e12de86d7c3@group-02AF7AE16CB3:LeaderElection198] INFO  impl.RoleInfo (RoleInfo.java:updateAndGet(143)) - f1e3f7f8-93b6-4fad-8e9a-8e12de86d7c3: start LeaderState
2019-09-25 11:51:58,101 [f1e3f7f8-93b6-4fad-8e9a-8e12de86d7c3@group-02AF7AE16CB3:LeaderElection198] INFO  segmented.SegmentedRaftLogWorker (SegmentedRaftLogWorker.java:startLogSegment(380)) - f1e3f7f8-93b6-4fad-8e9a-8e12de86d7c3@group-02AF7AE16CB3-SegmentedRaftLogWorker: Starting segment from index:0
2019-09-25 11:51:58,102 [f1e3f7f8-93b6-4fad-8e9a-8e12de86d7c3@group-02AF7AE16CB3:LeaderElection198] INFO  impl.RaftServerImpl (ServerState.java:setRaftConf(354)) - f1e3f7f8-93b6-4fad-8e9a-8e12de86d7c3@group-02AF7AE16CB3: set configuration 0: [f1e3f7f8-93b6-4fad-8e9a-8e12de86d7c3:192.168.30.6:35470], old=null at 0
2019-09-25 11:51:58,136 [Thread-3121] INFO  impl.FollowerState (FollowerState.java:run(106)) - f1e3f7f8-93b6-4fad-8e9a-8e12de86d7c3:group-D27BAB979074 changes to CANDIDATE, lastRpcTime:5082, electionTimeout:5082ms
2019-09-25 11:51:58,136 [Thread-3121] INFO  impl.RoleInfo (RoleInfo.java:shutdownFollowerState(121)) - f1e3f7f8-93b6-4fad-8e9a-8e12de86d7c3: shutdown FollowerState
2019-09-25 11:51:58,136 [Thread-3121] INFO  impl.RaftServerImpl (RaftServerImpl.java:setRole(174)) - f1e3f7f8-93b6-4fad-8e9a-8e12de86d7c3@group-D27BAB979074: changes role from  FOLLOWER to CANDIDATE at term 0 for changeToCandidate
2019-09-25 11:51:58,136 [Thread-3121] INFO  impl.RoleInfo (RoleInfo.java:updateAndGet(143)) - f1e3f7f8-93b6-4fad-8e9a-8e12de86d7c3: start LeaderElection
2019-09-25 11:51:58,148 [f1e3f7f8-93b6-4fad-8e9a-8e12de86d7c3@group-02AF7AE16CB3-SegmentedRaftLogWorker] INFO  segmented.SegmentedRaftLogWorker (SegmentedRaftLogWorker.java:execute(569)) - f1e3f7f8-93b6-4fad-8e9a-8e12de86d7c3@group-02AF7AE16CB3-SegmentedRaftLogWorker: created new log segment /workdir/hadoop-ozone/ozonefs/target/test-dir/MiniOzoneClusterImpl-059d6754-7a35-406d-b491-ba78f413a116/datanode-1/data/ratis/40c74854-fdd7-4a8b-9ffc-02af7ae16cb3/current/log_inprogress_0
2019-09-25 11:51:58,148 [f1e3f7f8-93b6-4fad-8e9a-8e12de86d7c3@group-D27BAB979074:LeaderElection199] INFO  impl.LeaderElection (LeaderElection.java:askForVotes(182)) - f1e3f7f8-93b6-4fad-8e9a-8e12de86d7c3@group-D27BAB979074:LeaderElection199: begin an election at term 1 for -1: [f1e3f7f8-93b6-4fad-8e9a-8e12de86d7c3:192.168.30.6:35470], old=null
2019-09-25 11:51:58,148 [f1e3f7f8-93b6-4fad-8e9a-8e12de86d7c3@group-D27BAB979074:LeaderElection199] INFO  impl.RoleInfo (RoleInfo.java:shutdownLeaderElection(134)) - f1e3f7f8-93b6-4fad-8e9a-8e12de86d7c3: shutdown LeaderElection
2019-09-25 11:51:58,148 [f1e3f7f8-93b6-4fad-8e9a-8e12de86d7c3@group-D27BAB979074:LeaderElection199] INFO  impl.RaftServerImpl (RaftServerImpl.java:setRole(174)) - f1e3f7f8-93b6-4fad-8e9a-8e12de86d7c3@group-D27BAB979074: changes role from CANDIDATE to LEADER at term 1 for changeToLeader
2019-09-25 11:51:58,149 [f1e3f7f8-93b6-4fad-8e9a-8e12de86d7c3@group-D27BAB979074:LeaderElection199] INFO  impl.RaftServerImpl (ServerState.java:setLeader(253)) - f1e3f7f8-93b6-4fad-8e9a-8e12de86d7c3@group-D27BAB979074: change Leader from null to f1e3f7f8-93b6-4fad-8e9a-8e12de86d7c3 at term 1 for becomeLeader, leader elected after 5100ms
2019-09-25 11:51:58,149 [f1e3f7f8-93b6-4fad-8e9a-8e12de86d7c3@group-D27BAB979074:LeaderElection199] INFO  server.RaftServerConfigKeys (ConfUtils.java:logGet(43)) - raft.server.staging.catchup.gap = 1000 (default)
2019-09-25 11:51:58,149 [f1e3f7f8-93b6-4fad-8e9a-8e12de86d7c3@group-D27BAB979074:LeaderElection199] INFO  server.RaftServerConfigKeys (ConfUtils.java:logGet(43)) - raft.server.rpc.sleep.time = 25ms (default)
2019-09-25 11:51:58,149 [f1e3f7f8-93b6-4fad-8e9a-8e12de86d7c3@group-D27BAB979074:LeaderElection199] INFO  server.RaftServerConfigKeys (ConfUtils.java:logGet(43)) - raft.server.write.element-limit = 4096 (default)
2019-09-25 11:51:58,149 [f1e3f7f8-93b6-4fad-8e9a-8e12de86d7c3@group-D27BAB979074:LeaderElection199] INFO  server.RaftServerConfigKeys (ConfUtils.java:logGet(43)) - raft.server.watch.timeout = 10s (default)
2019-09-25 11:51:58,149 [f1e3f7f8-93b6-4fad-8e9a-8e12de86d7c3@group-D27BAB979074:LeaderElection199] INFO  server.RaftServerConfigKeys (ConfUtils.java:logGet(43)) - raft.server.watch.timeout.denomination = 1s (default)
2019-09-25 11:51:58,149 [f1e3f7f8-93b6-4fad-8e9a-8e12de86d7c3@group-D27BAB979074:LeaderElection199] INFO  server.RaftServerConfigKeys (ConfUtils.java:logGet(43)) - raft.server.watch.element-limit = 65536 (default)
2019-09-25 11:51:58,150 [f1e3f7f8-93b6-4fad-8e9a-8e12de86d7c3@group-D27BAB979074:LeaderElection199] INFO  impl.RoleInfo (RoleInfo.java:updateAndGet(143)) - f1e3f7f8-93b6-4fad-8e9a-8e12de86d7c3: start LeaderState
2019-09-25 11:51:58,151 [f1e3f7f8-93b6-4fad-8e9a-8e12de86d7c3@group-D27BAB979074:LeaderElection199] INFO  segmented.SegmentedRaftLogWorker (SegmentedRaftLogWorker.java:startLogSegment(380)) - f1e3f7f8-93b6-4fad-8e9a-8e12de86d7c3@group-D27BAB979074-SegmentedRaftLogWorker: Starting segment from index:0
2019-09-25 11:51:58,151 [f1e3f7f8-93b6-4fad-8e9a-8e12de86d7c3@group-D27BAB979074:LeaderElection199] INFO  impl.RaftServerImpl (ServerState.java:setRaftConf(354)) - f1e3f7f8-93b6-4fad-8e9a-8e12de86d7c3@group-D27BAB979074: set configuration 0: [f1e3f7f8-93b6-4fad-8e9a-8e12de86d7c3:192.168.30.6:35470], old=null at 0
2019-09-25 11:51:58,188 [Thread-3118] INFO  impl.FollowerState (FollowerState.java:run(106)) - 9251df79-82a8-42ab-9e26-93b345e6a062:group-4270F9D2425A changes to CANDIDATE, lastRpcTime:5175, electionTimeout:5175ms
2019-09-25 11:51:58,188 [Thread-3118] INFO  impl.RoleInfo (RoleInfo.java:shutdownFollowerState(121)) - 9251df79-82a8-42ab-9e26-93b345e6a062: shutdown FollowerState
2019-09-25 11:51:58,188 [Thread-3118] INFO  impl.RaftServerImpl (RaftServerImpl.java:setRole(174)) - 9251df79-82a8-42ab-9e26-93b345e6a062@group-4270F9D2425A: changes role from  FOLLOWER to CANDIDATE at term 0 for changeToCandidate
2019-09-25 11:51:58,188 [Thread-3124] INFO  impl.FollowerState (FollowerState.java:run(106)) - f1e3f7f8-93b6-4fad-8e9a-8e12de86d7c3:group-1B29AC4F1268 changes to CANDIDATE, lastRpcTime:5086, electionTimeout:5086ms
2019-09-25 11:51:58,188 [Thread-3118] INFO  impl.RoleInfo (RoleInfo.java:updateAndGet(143)) - 9251df79-82a8-42ab-9e26-93b345e6a062: start LeaderElection
2019-09-25 11:51:58,189 [Thread-3124] INFO  impl.RoleInfo (RoleInfo.java:shutdownFollowerState(121)) - f1e3f7f8-93b6-4fad-8e9a-8e12de86d7c3: shutdown FollowerState
2019-09-25 11:51:58,189 [Thread-3124] INFO  impl.RaftServerImpl (RaftServerImpl.java:setRole(174)) - f1e3f7f8-93b6-4fad-8e9a-8e12de86d7c3@group-1B29AC4F1268: changes role from  FOLLOWER to CANDIDATE at term 0 for changeToCandidate
2019-09-25 11:51:58,189 [Thread-3124] INFO  impl.RoleInfo (RoleInfo.java:updateAndGet(143)) - f1e3f7f8-93b6-4fad-8e9a-8e12de86d7c3: start LeaderElection
2019-09-25 11:51:58,209 [f1e3f7f8-93b6-4fad-8e9a-8e12de86d7c3@group-D27BAB979074-SegmentedRaftLogWorker] INFO  segmented.SegmentedRaftLogWorker (SegmentedRaftLogWorker.java:execute(569)) - f1e3f7f8-93b6-4fad-8e9a-8e12de86d7c3@group-D27BAB979074-SegmentedRaftLogWorker: created new log segment /workdir/hadoop-ozone/ozonefs/target/test-dir/MiniOzoneClusterImpl-059d6754-7a35-406d-b491-ba78f413a116/datanode-1/data/ratis/af1b4fba-289f-4e95-a0d6-d27bab979074/current/log_inprogress_0
2019-09-25 11:51:58,209 [f1e3f7f8-93b6-4fad-8e9a-8e12de86d7c3@group-1B29AC4F1268:LeaderElection201] INFO  impl.LeaderElection (LeaderElection.java:askForVotes(182)) - f1e3f7f8-93b6-4fad-8e9a-8e12de86d7c3@group-1B29AC4F1268:LeaderElection201: begin an election at term 1 for -1: [f1e3f7f8-93b6-4fad-8e9a-8e12de86d7c3:192.168.30.6:35470], old=null
2019-09-25 11:51:58,209 [9251df79-82a8-42ab-9e26-93b345e6a062@group-4270F9D2425A:LeaderElection200] INFO  impl.LeaderElection (LeaderElection.java:askForVotes(182)) - 9251df79-82a8-42ab-9e26-93b345e6a062@group-4270F9D2425A:LeaderElection200: begin an election at term 1 for -1: [9251df79-82a8-42ab-9e26-93b345e6a062:192.168.30.6:33735], old=null
2019-09-25 11:51:58,209 [f1e3f7f8-93b6-4fad-8e9a-8e12de86d7c3@group-1B29AC4F1268:LeaderElection201] INFO  impl.RoleInfo (RoleInfo.java:shutdownLeaderElection(134)) - f1e3f7f8-93b6-4fad-8e9a-8e12de86d7c3: shutdown LeaderElection
2019-09-25 11:51:58,209 [9251df79-82a8-42ab-9e26-93b345e6a062@group-4270F9D2425A:LeaderElection200] INFO  impl.RoleInfo (RoleInfo.java:shutdownLeaderElection(134)) - 9251df79-82a8-42ab-9e26-93b345e6a062: shutdown LeaderElection
2019-09-25 11:51:58,209 [f1e3f7f8-93b6-4fad-8e9a-8e12de86d7c3@group-1B29AC4F1268:LeaderElection201] INFO  impl.RaftServerImpl (RaftServerImpl.java:setRole(174)) - f1e3f7f8-93b6-4fad-8e9a-8e12de86d7c3@group-1B29AC4F1268: changes role from CANDIDATE to LEADER at term 1 for changeToLeader
2019-09-25 11:51:58,209 [9251df79-82a8-42ab-9e26-93b345e6a062@group-4270F9D2425A:LeaderElection200] INFO  impl.RaftServerImpl (RaftServerImpl.java:setRole(174)) - 9251df79-82a8-42ab-9e26-93b345e6a062@group-4270F9D2425A: changes role from CANDIDATE to LEADER at term 1 for changeToLeader
2019-09-25 11:51:58,210 [9251df79-82a8-42ab-9e26-93b345e6a062@group-4270F9D2425A:LeaderElection200] INFO  impl.RaftServerImpl (ServerState.java:setLeader(253)) - 9251df79-82a8-42ab-9e26-93b345e6a062@group-4270F9D2425A: change Leader from null to 9251df79-82a8-42ab-9e26-93b345e6a062 at term 1 for becomeLeader, leader elected after 5201ms
2019-09-25 11:51:58,209 [f1e3f7f8-93b6-4fad-8e9a-8e12de86d7c3@group-1B29AC4F1268:LeaderElection201] INFO  impl.RaftServerImpl (ServerState.java:setLeader(253)) - f1e3f7f8-93b6-4fad-8e9a-8e12de86d7c3@group-1B29AC4F1268: change Leader from null to f1e3f7f8-93b6-4fad-8e9a-8e12de86d7c3 at term 1 for becomeLeader, leader elected after 5112ms
2019-09-25 11:51:58,210 [9251df79-82a8-42ab-9e26-93b345e6a062@group-4270F9D2425A:LeaderElection200] INFO  server.RaftServerConfigKeys (ConfUtils.java:logGet(43)) - raft.server.staging.catchup.gap = 1000 (default)
2019-09-25 11:51:58,210 [f1e3f7f8-93b6-4fad-8e9a-8e12de86d7c3@group-1B29AC4F1268:LeaderElection201] INFO  server.RaftServerConfigKeys (ConfUtils.java:logGet(43)) - raft.server.staging.catchup.gap = 1000 (default)
2019-09-25 11:51:58,210 [9251df79-82a8-42ab-9e26-93b345e6a062@group-4270F9D2425A:LeaderElection200] INFO  server.RaftServerConfigKeys (ConfUtils.java:logGet(43)) - raft.server.rpc.sleep.time = 25ms (default)
2019-09-25 11:51:58,210 [f1e3f7f8-93b6-4fad-8e9a-8e12de86d7c3@group-1B29AC4F1268:LeaderElection201] INFO  server.RaftServerConfigKeys (ConfUtils.java:logGet(43)) - raft.server.rpc.sleep.time = 25ms (default)
2019-09-25 11:51:58,210 [9251df79-82a8-42ab-9e26-93b345e6a062@group-4270F9D2425A:LeaderElection200] INFO  server.RaftServerConfigKeys (ConfUtils.java:logGet(43)) - raft.server.write.element-limit = 4096 (default)
2019-09-25 11:51:58,210 [f1e3f7f8-93b6-4fad-8e9a-8e12de86d7c3@group-1B29AC4F1268:LeaderElection201] INFO  server.RaftServerConfigKeys (ConfUtils.java:logGet(43)) - raft.server.write.element-limit = 4096 (default)
2019-09-25 11:51:58,210 [9251df79-82a8-42ab-9e26-93b345e6a062@group-4270F9D2425A:LeaderElection200] INFO  server.RaftServerConfigKeys (ConfUtils.java:logGet(43)) - raft.server.watch.timeout = 10s (default)
2019-09-25 11:51:58,211 [f1e3f7f8-93b6-4fad-8e9a-8e12de86d7c3@group-1B29AC4F1268:LeaderElection201] INFO  server.RaftServerConfigKeys (ConfUtils.java:logGet(43)) - raft.server.watch.timeout = 10s (default)
2019-09-25 11:51:58,211 [9251df79-82a8-42ab-9e26-93b345e6a062@group-4270F9D2425A:LeaderElection200] INFO  server.RaftServerConfigKeys (ConfUtils.java:logGet(43)) - raft.server.watch.timeout.denomination = 1s (default)
2019-09-25 11:51:58,211 [f1e3f7f8-93b6-4fad-8e9a-8e12de86d7c3@group-1B29AC4F1268:LeaderElection201] INFO  server.RaftServerConfigKeys (ConfUtils.java:logGet(43)) - raft.server.watch.timeout.denomination = 1s (default)
2019-09-25 11:51:58,211 [9251df79-82a8-42ab-9e26-93b345e6a062@group-4270F9D2425A:LeaderElection200] INFO  server.RaftServerConfigKeys (ConfUtils.java:logGet(43)) - raft.server.watch.element-limit = 65536 (default)
2019-09-25 11:51:58,211 [f1e3f7f8-93b6-4fad-8e9a-8e12de86d7c3@group-1B29AC4F1268:LeaderElection201] INFO  server.RaftServerConfigKeys (ConfUtils.java:logGet(43)) - raft.server.watch.element-limit = 65536 (default)
2019-09-25 11:51:58,213 [9251df79-82a8-42ab-9e26-93b345e6a062@group-4270F9D2425A:LeaderElection200] INFO  impl.RoleInfo (RoleInfo.java:updateAndGet(143)) - 9251df79-82a8-42ab-9e26-93b345e6a062: start LeaderState
2019-09-25 11:51:58,213 [f1e3f7f8-93b6-4fad-8e9a-8e12de86d7c3@group-1B29AC4F1268:LeaderElection201] INFO  impl.RoleInfo (RoleInfo.java:updateAndGet(143)) - f1e3f7f8-93b6-4fad-8e9a-8e12de86d7c3: start LeaderState
2019-09-25 11:51:58,213 [9251df79-82a8-42ab-9e26-93b345e6a062@group-4270F9D2425A:LeaderElection200] INFO  segmented.SegmentedRaftLogWorker (SegmentedRaftLogWorker.java:startLogSegment(380)) - 9251df79-82a8-42ab-9e26-93b345e6a062@group-4270F9D2425A-SegmentedRaftLogWorker: Starting segment from index:0
2019-09-25 11:51:58,214 [f1e3f7f8-93b6-4fad-8e9a-8e12de86d7c3@group-1B29AC4F1268:LeaderElection201] INFO  segmented.SegmentedRaftLogWorker (SegmentedRaftLogWorker.java:startLogSegment(380)) - f1e3f7f8-93b6-4fad-8e9a-8e12de86d7c3@group-1B29AC4F1268-SegmentedRaftLogWorker: Starting segment from index:0
2019-09-25 11:51:58,214 [9251df79-82a8-42ab-9e26-93b345e6a062@group-4270F9D2425A:LeaderElection200] INFO  impl.RaftServerImpl (ServerState.java:setRaftConf(354)) - 9251df79-82a8-42ab-9e26-93b345e6a062@group-4270F9D2425A: set configuration 0: [9251df79-82a8-42ab-9e26-93b345e6a062:192.168.30.6:33735], old=null at 0
2019-09-25 11:51:58,214 [f1e3f7f8-93b6-4fad-8e9a-8e12de86d7c3@group-1B29AC4F1268:LeaderElection201] INFO  impl.RaftServerImpl (ServerState.java:setRaftConf(354)) - f1e3f7f8-93b6-4fad-8e9a-8e12de86d7c3@group-1B29AC4F1268: set configuration 0: [f1e3f7f8-93b6-4fad-8e9a-8e12de86d7c3:192.168.30.6:35470], old=null at 0
2019-09-25 11:51:58,256 [9251df79-82a8-42ab-9e26-93b345e6a062@group-4270F9D2425A-SegmentedRaftLogWorker] INFO  segmented.SegmentedRaftLogWorker (SegmentedRaftLogWorker.java:execute(569)) - 9251df79-82a8-42ab-9e26-93b345e6a062@group-4270F9D2425A-SegmentedRaftLogWorker: created new log segment /workdir/hadoop-ozone/ozonefs/target/test-dir/MiniOzoneClusterImpl-059d6754-7a35-406d-b491-ba78f413a116/datanode-0/data/ratis/f895c9d1-7a10-4ca6-9e8e-4270f9d2425a/current/log_inprogress_0
2019-09-25 11:51:58,256 [f1e3f7f8-93b6-4fad-8e9a-8e12de86d7c3@group-1B29AC4F1268-SegmentedRaftLogWorker] INFO  segmented.SegmentedRaftLogWorker (SegmentedRaftLogWorker.java:execute(569)) - f1e3f7f8-93b6-4fad-8e9a-8e12de86d7c3@group-1B29AC4F1268-SegmentedRaftLogWorker: created new log segment /workdir/hadoop-ozone/ozonefs/target/test-dir/MiniOzoneClusterImpl-059d6754-7a35-406d-b491-ba78f413a116/datanode-1/data/ratis/b8eb6abe-334f-4c66-b990-1b29ac4f1268/current/log_inprogress_0
2019-09-25 11:51:58,258 [Thread-3133] INFO  impl.FollowerState (FollowerState.java:run(106)) - f186b9fe-cb60-4f81-b082-a6c0d4357db0:group-298B71FE2B0E changes to CANDIDATE, lastRpcTime:5032, electionTimeout:5032ms
2019-09-25 11:51:58,258 [Thread-3133] INFO  impl.RoleInfo (RoleInfo.java:shutdownFollowerState(121)) - f186b9fe-cb60-4f81-b082-a6c0d4357db0: shutdown FollowerState
2019-09-25 11:51:58,258 [Thread-3133] INFO  impl.RaftServerImpl (RaftServerImpl.java:setRole(174)) - f186b9fe-cb60-4f81-b082-a6c0d4357db0@group-298B71FE2B0E: changes role from  FOLLOWER to CANDIDATE at term 0 for changeToCandidate
2019-09-25 11:51:58,259 [Thread-3133] INFO  impl.RoleInfo (RoleInfo.java:updateAndGet(143)) - f186b9fe-cb60-4f81-b082-a6c0d4357db0: start LeaderElection
2019-09-25 11:51:58,276 [f186b9fe-cb60-4f81-b082-a6c0d4357db0@group-298B71FE2B0E:LeaderElection202] INFO  impl.LeaderElection (LeaderElection.java:askForVotes(182)) - f186b9fe-cb60-4f81-b082-a6c0d4357db0@group-298B71FE2B0E:LeaderElection202: begin an election at term 1 for -1: [f186b9fe-cb60-4f81-b082-a6c0d4357db0:192.168.30.6:37512], old=null
2019-09-25 11:51:58,276 [f186b9fe-cb60-4f81-b082-a6c0d4357db0@group-298B71FE2B0E:LeaderElection202] INFO  impl.RoleInfo (RoleInfo.java:shutdownLeaderElection(134)) - f186b9fe-cb60-4f81-b082-a6c0d4357db0: shutdown LeaderElection
2019-09-25 11:51:58,276 [f186b9fe-cb60-4f81-b082-a6c0d4357db0@group-298B71FE2B0E:LeaderElection202] INFO  impl.RaftServerImpl (RaftServerImpl.java:setRole(174)) - f186b9fe-cb60-4f81-b082-a6c0d4357db0@group-298B71FE2B0E: changes role from CANDIDATE to LEADER at term 1 for changeToLeader
2019-09-25 11:51:58,276 [f186b9fe-cb60-4f81-b082-a6c0d4357db0@group-298B71FE2B0E:LeaderElection202] INFO  impl.RaftServerImpl (ServerState.java:setLeader(253)) - f186b9fe-cb60-4f81-b082-a6c0d4357db0@group-298B71FE2B0E: change Leader from null to f186b9fe-cb60-4f81-b082-a6c0d4357db0 at term 1 for becomeLeader, leader elected after 5055ms
2019-09-25 11:51:58,276 [f186b9fe-cb60-4f81-b082-a6c0d4357db0@group-298B71FE2B0E:LeaderElection202] INFO  server.RaftServerConfigKeys (ConfUtils.java:logGet(43)) - raft.server.staging.catchup.gap = 1000 (default)
2019-09-25 11:51:58,276 [f186b9fe-cb60-4f81-b082-a6c0d4357db0@group-298B71FE2B0E:LeaderElection202] INFO  server.RaftServerConfigKeys (ConfUtils.java:logGet(43)) - raft.server.rpc.sleep.time = 25ms (default)
2019-09-25 11:51:58,276 [f186b9fe-cb60-4f81-b082-a6c0d4357db0@group-298B71FE2B0E:LeaderElection202] INFO  server.RaftServerConfigKeys (ConfUtils.java:logGet(43)) - raft.server.write.element-limit = 4096 (default)
2019-09-25 11:51:58,277 [f186b9fe-cb60-4f81-b082-a6c0d4357db0@group-298B71FE2B0E:LeaderElection202] INFO  server.RaftServerConfigKeys (ConfUtils.java:logGet(43)) - raft.server.watch.timeout = 10s (default)
2019-09-25 11:51:58,277 [f186b9fe-cb60-4f81-b082-a6c0d4357db0@group-298B71FE2B0E:LeaderElection202] INFO  server.RaftServerConfigKeys (ConfUtils.java:logGet(43)) - raft.server.watch.timeout.denomination = 1s (default)
2019-09-25 11:51:58,277 [f186b9fe-cb60-4f81-b082-a6c0d4357db0@group-298B71FE2B0E:LeaderElection202] INFO  server.RaftServerConfigKeys (ConfUtils.java:logGet(43)) - raft.server.watch.element-limit = 65536 (default)
2019-09-25 11:51:58,278 [f186b9fe-cb60-4f81-b082-a6c0d4357db0@group-298B71FE2B0E:LeaderElection202] INFO  impl.RoleInfo (RoleInfo.java:updateAndGet(143)) - f186b9fe-cb60-4f81-b082-a6c0d4357db0: start LeaderState
2019-09-25 11:51:58,279 [f186b9fe-cb60-4f81-b082-a6c0d4357db0@group-298B71FE2B0E:LeaderElection202] INFO  segmented.SegmentedRaftLogWorker (SegmentedRaftLogWorker.java:startLogSegment(380)) - f186b9fe-cb60-4f81-b082-a6c0d4357db0@group-298B71FE2B0E-SegmentedRaftLogWorker: Starting segment from index:0
2019-09-25 11:51:58,279 [f186b9fe-cb60-4f81-b082-a6c0d4357db0@group-298B71FE2B0E:LeaderElection202] INFO  impl.RaftServerImpl (ServerState.java:setRaftConf(354)) - f186b9fe-cb60-4f81-b082-a6c0d4357db0@group-298B71FE2B0E: set configuration 0: [f186b9fe-cb60-4f81-b082-a6c0d4357db0:192.168.30.6:37512], old=null at 0
2019-09-25 11:51:58,285 [Thread-3127] INFO  impl.FollowerState (FollowerState.java:run(106)) - f1e3f7f8-93b6-4fad-8e9a-8e12de86d7c3:group-F09B3F188A7A changes to CANDIDATE, lastRpcTime:5141, electionTimeout:5141ms
2019-09-25 11:51:58,285 [Thread-3127] INFO  impl.RoleInfo (RoleInfo.java:shutdownFollowerState(121)) - f1e3f7f8-93b6-4fad-8e9a-8e12de86d7c3: shutdown FollowerState
2019-09-25 11:51:58,285 [Thread-3127] INFO  impl.RaftServerImpl (RaftServerImpl.java:setRole(174)) - f1e3f7f8-93b6-4fad-8e9a-8e12de86d7c3@group-F09B3F188A7A: changes role from  FOLLOWER to CANDIDATE at term 0 for changeToCandidate
2019-09-25 11:51:58,286 [Thread-3127] INFO  impl.RoleInfo (RoleInfo.java:updateAndGet(143)) - f1e3f7f8-93b6-4fad-8e9a-8e12de86d7c3: start LeaderElection
2019-09-25 11:51:58,319 [Thread-3130] INFO  impl.FollowerState (FollowerState.java:run(106)) - f1e3f7f8-93b6-4fad-8e9a-8e12de86d7c3:group-D32159988307 changes to CANDIDATE, lastRpcTime:5131, electionTimeout:5130ms
2019-09-25 11:51:58,319 [Thread-3130] INFO  impl.RoleInfo (RoleInfo.java:shutdownFollowerState(121)) - f1e3f7f8-93b6-4fad-8e9a-8e12de86d7c3: shutdown FollowerState
2019-09-25 11:51:58,319 [Thread-3130] INFO  impl.RaftServerImpl (RaftServerImpl.java:setRole(174)) - f1e3f7f8-93b6-4fad-8e9a-8e12de86d7c3@group-D32159988307: changes role from  FOLLOWER to CANDIDATE at term 0 for changeToCandidate
2019-09-25 11:51:58,319 [Thread-3130] INFO  impl.RoleInfo (RoleInfo.java:updateAndGet(143)) - f1e3f7f8-93b6-4fad-8e9a-8e12de86d7c3: start LeaderElection
2019-09-25 11:51:58,332 [f186b9fe-cb60-4f81-b082-a6c0d4357db0@group-298B71FE2B0E-SegmentedRaftLogWorker] INFO  segmented.SegmentedRaftLogWorker (SegmentedRaftLogWorker.java:execute(569)) - f186b9fe-cb60-4f81-b082-a6c0d4357db0@group-298B71FE2B0E-SegmentedRaftLogWorker: created new log segment /workdir/hadoop-ozone/ozonefs/target/test-dir/MiniOzoneClusterImpl-059d6754-7a35-406d-b491-ba78f413a116/datanode-2/data/ratis/d7762fe3-b550-4892-9a15-298b71fe2b0e/current/log_inprogress_0
2019-09-25 11:51:58,332 [f1e3f7f8-93b6-4fad-8e9a-8e12de86d7c3@group-D32159988307:LeaderElection204] INFO  impl.LeaderElection (LeaderElection.java:askForVotes(182)) - f1e3f7f8-93b6-4fad-8e9a-8e12de86d7c3@group-D32159988307:LeaderElection204: begin an election at term 1 for -1: [f1e3f7f8-93b6-4fad-8e9a-8e12de86d7c3:192.168.30.6:35470], old=null
2019-09-25 11:51:58,332 [f1e3f7f8-93b6-4fad-8e9a-8e12de86d7c3@group-F09B3F188A7A:LeaderElection203] INFO  impl.LeaderElection (LeaderElection.java:askForVotes(182)) - f1e3f7f8-93b6-4fad-8e9a-8e12de86d7c3@group-F09B3F188A7A:LeaderElection203: begin an election at term 1 for -1: [f1e3f7f8-93b6-4fad-8e9a-8e12de86d7c3:192.168.30.6:35470], old=null
2019-09-25 11:51:58,332 [f1e3f7f8-93b6-4fad-8e9a-8e12de86d7c3@group-D32159988307:LeaderElection204] INFO  impl.RoleInfo (RoleInfo.java:shutdownLeaderElection(134)) - f1e3f7f8-93b6-4fad-8e9a-8e12de86d7c3: shutdown LeaderElection
2019-09-25 11:51:58,332 [f1e3f7f8-93b6-4fad-8e9a-8e12de86d7c3@group-F09B3F188A7A:LeaderElection203] INFO  impl.RoleInfo (RoleInfo.java:shutdownLeaderElection(134)) - f1e3f7f8-93b6-4fad-8e9a-8e12de86d7c3: shutdown LeaderElection
2019-09-25 11:51:58,332 [f1e3f7f8-93b6-4fad-8e9a-8e12de86d7c3@group-D32159988307:LeaderElection204] INFO  impl.RaftServerImpl (RaftServerImpl.java:setRole(174)) - f1e3f7f8-93b6-4fad-8e9a-8e12de86d7c3@group-D32159988307: changes role from CANDIDATE to LEADER at term 1 for changeToLeader
2019-09-25 11:51:58,333 [f1e3f7f8-93b6-4fad-8e9a-8e12de86d7c3@group-F09B3F188A7A:LeaderElection203] INFO  impl.RaftServerImpl (RaftServerImpl.java:setRole(174)) - f1e3f7f8-93b6-4fad-8e9a-8e12de86d7c3@group-F09B3F188A7A: changes role from CANDIDATE to LEADER at term 1 for changeToLeader
2019-09-25 11:51:58,333 [f1e3f7f8-93b6-4fad-8e9a-8e12de86d7c3@group-D32159988307:LeaderElection204] INFO  impl.RaftServerImpl (ServerState.java:setLeader(253)) - f1e3f7f8-93b6-4fad-8e9a-8e12de86d7c3@group-D32159988307: change Leader from null to f1e3f7f8-93b6-4fad-8e9a-8e12de86d7c3 at term 1 for becomeLeader, leader elected after 5149ms
2019-09-25 11:51:58,333 [f1e3f7f8-93b6-4fad-8e9a-8e12de86d7c3@group-F09B3F188A7A:LeaderElection203] INFO  impl.RaftServerImpl (ServerState.java:setLeader(253)) - f1e3f7f8-93b6-4fad-8e9a-8e12de86d7c3@group-F09B3F188A7A: change Leader from null to f1e3f7f8-93b6-4fad-8e9a-8e12de86d7c3 at term 1 for becomeLeader, leader elected after 5194ms
2019-09-25 11:51:58,333 [f1e3f7f8-93b6-4fad-8e9a-8e12de86d7c3@group-D32159988307:LeaderElection204] INFO  server.RaftServerConfigKeys (ConfUtils.java:logGet(43)) - raft.server.staging.catchup.gap = 1000 (default)
2019-09-25 11:51:58,333 [f1e3f7f8-93b6-4fad-8e9a-8e12de86d7c3@group-F09B3F188A7A:LeaderElection203] INFO  server.RaftServerConfigKeys (ConfUtils.java:logGet(43)) - raft.server.staging.catchup.gap = 1000 (default)
2019-09-25 11:51:58,333 [f1e3f7f8-93b6-4fad-8e9a-8e12de86d7c3@group-D32159988307:LeaderElection204] INFO  server.RaftServerConfigKeys (ConfUtils.java:logGet(43)) - raft.server.rpc.sleep.time = 25ms (default)
2019-09-25 11:51:58,333 [f1e3f7f8-93b6-4fad-8e9a-8e12de86d7c3@group-F09B3F188A7A:LeaderElection203] INFO  server.RaftServerConfigKeys (ConfUtils.java:logGet(43)) - raft.server.rpc.sleep.time = 25ms (default)
2019-09-25 11:51:58,333 [f1e3f7f8-93b6-4fad-8e9a-8e12de86d7c3@group-D32159988307:LeaderElection204] INFO  server.RaftServerConfigKeys (ConfUtils.java:logGet(43)) - raft.server.write.element-limit = 4096 (default)
2019-09-25 11:51:58,334 [f1e3f7f8-93b6-4fad-8e9a-8e12de86d7c3@group-F09B3F188A7A:LeaderElection203] INFO  server.RaftServerConfigKeys (ConfUtils.java:logGet(43)) - raft.server.write.element-limit = 4096 (default)
2019-09-25 11:51:58,334 [f1e3f7f8-93b6-4fad-8e9a-8e12de86d7c3@group-D32159988307:LeaderElection204] INFO  server.RaftServerConfigKeys (ConfUtils.java:logGet(43)) - raft.server.watch.timeout = 10s (default)
2019-09-25 11:51:58,334 [f1e3f7f8-93b6-4fad-8e9a-8e12de86d7c3@group-F09B3F188A7A:LeaderElection203] INFO  server.RaftServerConfigKeys (ConfUtils.java:logGet(43)) - raft.server.watch.timeout = 10s (default)
2019-09-25 11:51:58,334 [f1e3f7f8-93b6-4fad-8e9a-8e12de86d7c3@group-D32159988307:LeaderElection204] INFO  server.RaftServerConfigKeys (ConfUtils.java:logGet(43)) - raft.server.watch.timeout.denomination = 1s (default)
2019-09-25 11:51:58,334 [f1e3f7f8-93b6-4fad-8e9a-8e12de86d7c3@group-F09B3F188A7A:LeaderElection203] INFO  server.RaftServerConfigKeys (ConfUtils.java:logGet(43)) - raft.server.watch.timeout.denomination = 1s (default)
2019-09-25 11:51:58,334 [f1e3f7f8-93b6-4fad-8e9a-8e12de86d7c3@group-D32159988307:LeaderElection204] INFO  server.RaftServerConfigKeys (ConfUtils.java:logGet(43)) - raft.server.watch.element-limit = 65536 (default)
2019-09-25 11:51:58,334 [f1e3f7f8-93b6-4fad-8e9a-8e12de86d7c3@group-F09B3F188A7A:LeaderElection203] INFO  server.RaftServerConfigKeys (ConfUtils.java:logGet(43)) - raft.server.watch.element-limit = 65536 (default)
2019-09-25 11:51:58,337 [f1e3f7f8-93b6-4fad-8e9a-8e12de86d7c3@group-D32159988307:LeaderElection204] INFO  impl.RoleInfo (RoleInfo.java:updateAndGet(143)) - f1e3f7f8-93b6-4fad-8e9a-8e12de86d7c3: start LeaderState
2019-09-25 11:51:58,337 [f1e3f7f8-93b6-4fad-8e9a-8e12de86d7c3@group-D32159988307:LeaderElection204] INFO  segmented.SegmentedRaftLogWorker (SegmentedRaftLogWorker.java:startLogSegment(380)) - f1e3f7f8-93b6-4fad-8e9a-8e12de86d7c3@group-D32159988307-SegmentedRaftLogWorker: Starting segment from index:0
2019-09-25 11:51:58,337 [f1e3f7f8-93b6-4fad-8e9a-8e12de86d7c3@group-F09B3F188A7A:LeaderElection203] INFO  impl.RoleInfo (RoleInfo.java:updateAndGet(143)) - f1e3f7f8-93b6-4fad-8e9a-8e12de86d7c3: start LeaderState
2019-09-25 11:51:58,338 [f1e3f7f8-93b6-4fad-8e9a-8e12de86d7c3@group-D32159988307:LeaderElection204] INFO  impl.RaftServerImpl (ServerState.java:setRaftConf(354)) - f1e3f7f8-93b6-4fad-8e9a-8e12de86d7c3@group-D32159988307: set configuration 0: [f1e3f7f8-93b6-4fad-8e9a-8e12de86d7c3:192.168.30.6:35470], old=null at 0
2019-09-25 11:51:58,338 [f1e3f7f8-93b6-4fad-8e9a-8e12de86d7c3@group-F09B3F188A7A:LeaderElection203] INFO  segmented.SegmentedRaftLogWorker (SegmentedRaftLogWorker.java:startLogSegment(380)) - f1e3f7f8-93b6-4fad-8e9a-8e12de86d7c3@group-F09B3F188A7A-SegmentedRaftLogWorker: Starting segment from index:0
2019-09-25 11:51:58,338 [f1e3f7f8-93b6-4fad-8e9a-8e12de86d7c3@group-F09B3F188A7A:LeaderElection203] INFO  impl.RaftServerImpl (ServerState.java:setRaftConf(354)) - f1e3f7f8-93b6-4fad-8e9a-8e12de86d7c3@group-F09B3F188A7A: set configuration 0: [f1e3f7f8-93b6-4fad-8e9a-8e12de86d7c3:192.168.30.6:35470], old=null at 0
2019-09-25 11:51:58,351 [Thread-3139] INFO  impl.FollowerState (FollowerState.java:run(106)) - f186b9fe-cb60-4f81-b082-a6c0d4357db0:group-11D49F0C3BF1 changes to CANDIDATE, lastRpcTime:5048, electionTimeout:5048ms
2019-09-25 11:51:58,351 [Thread-3139] INFO  impl.RoleInfo (RoleInfo.java:shutdownFollowerState(121)) - f186b9fe-cb60-4f81-b082-a6c0d4357db0: shutdown FollowerState
2019-09-25 11:51:58,352 [Thread-3139] INFO  impl.RaftServerImpl (RaftServerImpl.java:setRole(174)) - f186b9fe-cb60-4f81-b082-a6c0d4357db0@group-11D49F0C3BF1: changes role from  FOLLOWER to CANDIDATE at term 0 for changeToCandidate
2019-09-25 11:51:58,352 [Thread-3139] INFO  impl.RoleInfo (RoleInfo.java:updateAndGet(143)) - f186b9fe-cb60-4f81-b082-a6c0d4357db0: start LeaderElection
2019-09-25 11:51:58,386 [f1e3f7f8-93b6-4fad-8e9a-8e12de86d7c3@group-F09B3F188A7A-SegmentedRaftLogWorker] INFO  segmented.SegmentedRaftLogWorker (SegmentedRaftLogWorker.java:execute(569)) - f1e3f7f8-93b6-4fad-8e9a-8e12de86d7c3@group-F09B3F188A7A-SegmentedRaftLogWorker: created new log segment /workdir/hadoop-ozone/ozonefs/target/test-dir/MiniOzoneClusterImpl-059d6754-7a35-406d-b491-ba78f413a116/datanode-1/data/ratis/79062ae8-a3c0-4be8-af1e-f09b3f188a7a/current/log_inprogress_0
2019-09-25 11:51:58,386 [f186b9fe-cb60-4f81-b082-a6c0d4357db0@group-11D49F0C3BF1:LeaderElection205] INFO  impl.LeaderElection (LeaderElection.java:askForVotes(182)) - f186b9fe-cb60-4f81-b082-a6c0d4357db0@group-11D49F0C3BF1:LeaderElection205: begin an election at term 1 for -1: [f186b9fe-cb60-4f81-b082-a6c0d4357db0:192.168.30.6:37512], old=null
2019-09-25 11:51:58,386 [f1e3f7f8-93b6-4fad-8e9a-8e12de86d7c3@group-D32159988307-SegmentedRaftLogWorker] INFO  segmented.SegmentedRaftLogWorker (SegmentedRaftLogWorker.java:execute(569)) - f1e3f7f8-93b6-4fad-8e9a-8e12de86d7c3@group-D32159988307-SegmentedRaftLogWorker: created new log segment /workdir/hadoop-ozone/ozonefs/target/test-dir/MiniOzoneClusterImpl-059d6754-7a35-406d-b491-ba78f413a116/datanode-1/data/ratis/d9e8abcd-3aab-4b32-9f44-d32159988307/current/log_inprogress_0
2019-09-25 11:51:58,386 [f186b9fe-cb60-4f81-b082-a6c0d4357db0@group-11D49F0C3BF1:LeaderElection205] INFO  impl.RoleInfo (RoleInfo.java:shutdownLeaderElection(134)) - f186b9fe-cb60-4f81-b082-a6c0d4357db0: shutdown LeaderElection
2019-09-25 11:51:58,386 [f186b9fe-cb60-4f81-b082-a6c0d4357db0@group-11D49F0C3BF1:LeaderElection205] INFO  impl.RaftServerImpl (RaftServerImpl.java:setRole(174)) - f186b9fe-cb60-4f81-b082-a6c0d4357db0@group-11D49F0C3BF1: changes role from CANDIDATE to LEADER at term 1 for changeToLeader
2019-09-25 11:51:58,386 [f186b9fe-cb60-4f81-b082-a6c0d4357db0@group-11D49F0C3BF1:LeaderElection205] INFO  impl.RaftServerImpl (ServerState.java:setLeader(253)) - f186b9fe-cb60-4f81-b082-a6c0d4357db0@group-11D49F0C3BF1: change Leader from null to f186b9fe-cb60-4f81-b082-a6c0d4357db0 at term 1 for becomeLeader, leader elected after 5086ms
2019-09-25 11:51:58,387 [f186b9fe-cb60-4f81-b082-a6c0d4357db0@group-11D49F0C3BF1:LeaderElection205] INFO  server.RaftServerConfigKeys (ConfUtils.java:logGet(43)) - raft.server.staging.catchup.gap = 1000 (default)
2019-09-25 11:51:58,387 [f186b9fe-cb60-4f81-b082-a6c0d4357db0@group-11D49F0C3BF1:LeaderElection205] INFO  server.RaftServerConfigKeys (ConfUtils.java:logGet(43)) - raft.server.rpc.sleep.time = 25ms (default)
2019-09-25 11:51:58,387 [f186b9fe-cb60-4f81-b082-a6c0d4357db0@group-11D49F0C3BF1:LeaderElection205] INFO  server.RaftServerConfigKeys (ConfUtils.java:logGet(43)) - raft.server.write.element-limit = 4096 (default)
2019-09-25 11:51:58,387 [f186b9fe-cb60-4f81-b082-a6c0d4357db0@group-11D49F0C3BF1:LeaderElection205] INFO  server.RaftServerConfigKeys (ConfUtils.java:logGet(43)) - raft.server.watch.timeout = 10s (default)
2019-09-25 11:51:58,387 [f186b9fe-cb60-4f81-b082-a6c0d4357db0@group-11D49F0C3BF1:LeaderElection205] INFO  server.RaftServerConfigKeys (ConfUtils.java:logGet(43)) - raft.server.watch.timeout.denomination = 1s (default)
2019-09-25 11:51:58,387 [f186b9fe-cb60-4f81-b082-a6c0d4357db0@group-11D49F0C3BF1:LeaderElection205] INFO  server.RaftServerConfigKeys (ConfUtils.java:logGet(43)) - raft.server.watch.element-limit = 65536 (default)
2019-09-25 11:51:58,388 [f186b9fe-cb60-4f81-b082-a6c0d4357db0@group-11D49F0C3BF1:LeaderElection205] INFO  impl.RoleInfo (RoleInfo.java:updateAndGet(143)) - f186b9fe-cb60-4f81-b082-a6c0d4357db0: start LeaderState
2019-09-25 11:51:58,389 [f186b9fe-cb60-4f81-b082-a6c0d4357db0@group-11D49F0C3BF1:LeaderElection205] INFO  segmented.SegmentedRaftLogWorker (SegmentedRaftLogWorker.java:startLogSegment(380)) - f186b9fe-cb60-4f81-b082-a6c0d4357db0@group-11D49F0C3BF1-SegmentedRaftLogWorker: Starting segment from index:0
2019-09-25 11:51:58,389 [f186b9fe-cb60-4f81-b082-a6c0d4357db0@group-11D49F0C3BF1:LeaderElection205] INFO  impl.RaftServerImpl (ServerState.java:setRaftConf(354)) - f186b9fe-cb60-4f81-b082-a6c0d4357db0@group-11D49F0C3BF1: set configuration 0: [f186b9fe-cb60-4f81-b082-a6c0d4357db0:192.168.30.6:37512], old=null at 0
2019-09-25 11:51:58,420 [f186b9fe-cb60-4f81-b082-a6c0d4357db0@group-11D49F0C3BF1-SegmentedRaftLogWorker] INFO  segmented.SegmentedRaftLogWorker (SegmentedRaftLogWorker.java:execute(569)) - f186b9fe-cb60-4f81-b082-a6c0d4357db0@group-11D49F0C3BF1-SegmentedRaftLogWorker: created new log segment /workdir/hadoop-ozone/ozonefs/target/test-dir/MiniOzoneClusterImpl-059d6754-7a35-406d-b491-ba78f413a116/datanode-2/data/ratis/0a0aec12-154f-44cc-85d4-11d49f0c3bf1/current/log_inprogress_0
2019-09-25 11:51:58,446 [Thread-3136] INFO  impl.FollowerState (FollowerState.java:run(106)) - f186b9fe-cb60-4f81-b082-a6c0d4357db0:group-1C5F0C28EF8D changes to CANDIDATE, lastRpcTime:5161, electionTimeout:5161ms
2019-09-25 11:51:58,446 [Thread-3136] INFO  impl.RoleInfo (RoleInfo.java:shutdownFollowerState(121)) - f186b9fe-cb60-4f81-b082-a6c0d4357db0: shutdown FollowerState
2019-09-25 11:51:58,446 [Thread-3136] INFO  impl.RaftServerImpl (RaftServerImpl.java:setRole(174)) - f186b9fe-cb60-4f81-b082-a6c0d4357db0@group-1C5F0C28EF8D: changes role from  FOLLOWER to CANDIDATE at term 0 for changeToCandidate
2019-09-25 11:51:58,446 [Thread-3136] INFO  impl.RoleInfo (RoleInfo.java:updateAndGet(143)) - f186b9fe-cb60-4f81-b082-a6c0d4357db0: start LeaderElection
2019-09-25 11:51:58,450 [Thread-3148] INFO  impl.FollowerState (FollowerState.java:run(106)) - f186b9fe-cb60-4f81-b082-a6c0d4357db0:group-5745A25AEFF0 changes to CANDIDATE, lastRpcTime:5031, electionTimeout:5029ms
2019-09-25 11:51:58,451 [Thread-3148] INFO  impl.RoleInfo (RoleInfo.java:shutdownFollowerState(121)) - f186b9fe-cb60-4f81-b082-a6c0d4357db0: shutdown FollowerState
2019-09-25 11:51:58,451 [ForkJoinPool.commonPool-worker-0] INFO  ozoneimpl.OzoneContainer (OzoneContainer.java:stop(231)) - Attempting to stop container services.
2019-09-25 11:51:58,451 [Thread-3148] INFO  impl.RaftServerImpl (RaftServerImpl.java:setRole(174)) - f186b9fe-cb60-4f81-b082-a6c0d4357db0@group-5745A25AEFF0: changes role from  FOLLOWER to CANDIDATE at term 0 for changeToCandidate
2019-09-25 11:51:58,451 [main] INFO  ozoneimpl.OzoneContainer (OzoneContainer.java:stop(231)) - Attempting to stop container services.
2019-09-25 11:51:58,451 [ForkJoinPool.commonPool-worker-0] INFO  impl.RaftServerProxy (RaftServerProxy.java:lambda$close$4(314)) - 9251df79-82a8-42ab-9e26-93b345e6a062: close
2019-09-25 11:51:58,451 [Thread-3148] INFO  impl.RoleInfo (RoleInfo.java:updateAndGet(143)) - f186b9fe-cb60-4f81-b082-a6c0d4357db0: start LeaderElection
2019-09-25 11:51:58,452 [ForkJoinPool.commonPool-worker-0] INFO  impl.RaftServerImpl (RaftServerImpl.java:lambda$shutdown$3(251)) - 9251df79-82a8-42ab-9e26-93b345e6a062@group-4270F9D2425A: shutdown
2019-09-25 11:51:58,452 [ForkJoinPool.commonPool-worker-0] INFO  util.JmxRegister (JmxRegister.java:unregister(73)) - Successfully un-registered JMX Bean with object name Ratis:service=RaftServer,group=group-4270F9D2425A,id=9251df79-82a8-42ab-9e26-93b345e6a062
2019-09-25 11:51:58,453 [ForkJoinPool.commonPool-worker-0] INFO  impl.RoleInfo (RoleInfo.java:shutdownLeaderState(104)) - 9251df79-82a8-42ab-9e26-93b345e6a062: shutdown LeaderState
2019-09-25 11:51:58,453 [ForkJoinPool.commonPool-worker-0] INFO  impl.PendingRequests (PendingRequests.java:sendNotLeaderResponses(202)) - 9251df79-82a8-42ab-9e26-93b345e6a062-PendingRequests: sendNotLeaderResponses
2019-09-25 11:51:58,453 [ForkJoinPool.commonPool-worker-0] INFO  impl.StateMachineUpdater (StateMachineUpdater.java:stopAndJoin(125)) - 9251df79-82a8-42ab-9e26-93b345e6a062@group-4270F9D2425A-StateMachineUpdater: set stopIndex = 0
2019-09-25 11:51:58,452 [main] INFO  impl.RaftServerProxy (RaftServerProxy.java:lambda$close$4(314)) - f1e3f7f8-93b6-4fad-8e9a-8e12de86d7c3: close
2019-09-25 11:51:58,461 [main] INFO  impl.RaftServerImpl (RaftServerImpl.java:lambda$shutdown$3(251)) - f1e3f7f8-93b6-4fad-8e9a-8e12de86d7c3@group-D27BAB979074: shutdown
2019-09-25 11:51:58,462 [main] INFO  util.JmxRegister (JmxRegister.java:unregister(73)) - Successfully un-registered JMX Bean with object name Ratis:service=RaftServer,group=group-D27BAB979074,id=f1e3f7f8-93b6-4fad-8e9a-8e12de86d7c3
2019-09-25 11:51:58,462 [main] INFO  impl.RoleInfo (RoleInfo.java:shutdownLeaderState(104)) - f1e3f7f8-93b6-4fad-8e9a-8e12de86d7c3: shutdown LeaderState
2019-09-25 11:51:58,463 [main] INFO  impl.PendingRequests (PendingRequests.java:sendNotLeaderResponses(202)) - f1e3f7f8-93b6-4fad-8e9a-8e12de86d7c3-PendingRequests: sendNotLeaderResponses
2019-09-25 11:51:58,463 [main] INFO  impl.StateMachineUpdater (StateMachineUpdater.java:stopAndJoin(125)) - f1e3f7f8-93b6-4fad-8e9a-8e12de86d7c3@group-D27BAB979074-StateMachineUpdater: set stopIndex = 0
2019-09-25 11:51:58,461 [ForkJoinPool.commonPool-worker-0] INFO  impl.RaftServerImpl (ServerState.java:close(385)) - 9251df79-82a8-42ab-9e26-93b345e6a062@group-4270F9D2425A: closes. applyIndex: 0
2019-09-25 11:51:58,458 [f186b9fe-cb60-4f81-b082-a6c0d4357db0@group-1C5F0C28EF8D:LeaderElection206] INFO  impl.LeaderElection (LeaderElection.java:askForVotes(182)) - f186b9fe-cb60-4f81-b082-a6c0d4357db0@group-1C5F0C28EF8D:LeaderElection206: begin an election at term 1 for -1: [f186b9fe-cb60-4f81-b082-a6c0d4357db0:192.168.30.6:37512], old=null
2019-09-25 11:51:58,464 [main] INFO  impl.RaftServerImpl (ServerState.java:close(385)) - f1e3f7f8-93b6-4fad-8e9a-8e12de86d7c3@group-D27BAB979074: closes. applyIndex: 0
2019-09-25 11:51:58,465 [f186b9fe-cb60-4f81-b082-a6c0d4357db0@group-1C5F0C28EF8D:LeaderElection206] INFO  impl.RoleInfo (RoleInfo.java:shutdownLeaderElection(134)) - f186b9fe-cb60-4f81-b082-a6c0d4357db0: shutdown LeaderElection
2019-09-25 11:51:58,465 [f186b9fe-cb60-4f81-b082-a6c0d4357db0@group-1C5F0C28EF8D:LeaderElection206] INFO  impl.RaftServerImpl (RaftServerImpl.java:setRole(174)) - f186b9fe-cb60-4f81-b082-a6c0d4357db0@group-1C5F0C28EF8D: changes role from CANDIDATE to LEADER at term 1 for changeToLeader
2019-09-25 11:51:58,465 [f186b9fe-cb60-4f81-b082-a6c0d4357db0@group-1C5F0C28EF8D:LeaderElection206] INFO  impl.RaftServerImpl (ServerState.java:setLeader(253)) - f186b9fe-cb60-4f81-b082-a6c0d4357db0@group-1C5F0C28EF8D: change Leader from null to f186b9fe-cb60-4f81-b082-a6c0d4357db0 at term 1 for becomeLeader, leader elected after 5185ms
2019-09-25 11:51:58,465 [f186b9fe-cb60-4f81-b082-a6c0d4357db0@group-1C5F0C28EF8D:LeaderElection206] INFO  server.RaftServerConfigKeys (ConfUtils.java:logGet(43)) - raft.server.staging.catchup.gap = 1000 (default)
2019-09-25 11:51:58,466 [f186b9fe-cb60-4f81-b082-a6c0d4357db0@group-1C5F0C28EF8D:LeaderElection206] INFO  server.RaftServerConfigKeys (ConfUtils.java:logGet(43)) - raft.server.rpc.sleep.time = 25ms (default)
2019-09-25 11:51:58,466 [f186b9fe-cb60-4f81-b082-a6c0d4357db0@group-1C5F0C28EF8D:LeaderElection206] INFO  server.RaftServerConfigKeys (ConfUtils.java:logGet(43)) - raft.server.write.element-limit = 4096 (default)
2019-09-25 11:51:58,466 [f186b9fe-cb60-4f81-b082-a6c0d4357db0@group-1C5F0C28EF8D:LeaderElection206] INFO  server.RaftServerConfigKeys (ConfUtils.java:logGet(43)) - raft.server.watch.timeout = 10s (default)
2019-09-25 11:51:58,466 [f186b9fe-cb60-4f81-b082-a6c0d4357db0@group-1C5F0C28EF8D:LeaderElection206] INFO  server.RaftServerConfigKeys (ConfUtils.java:logGet(43)) - raft.server.watch.timeout.denomination = 1s (default)
2019-09-25 11:51:58,466 [f186b9fe-cb60-4f81-b082-a6c0d4357db0@group-1C5F0C28EF8D:LeaderElection206] INFO  server.RaftServerConfigKeys (ConfUtils.java:logGet(43)) - raft.server.watch.element-limit = 65536 (default)
2019-09-25 11:51:58,467 [f1e3f7f8-93b6-4fad-8e9a-8e12de86d7c3@group-D27BAB979074-SegmentedRaftLogWorker] INFO  segmented.SegmentedRaftLogWorker (SegmentedRaftLogWorker.java:run(313)) - f1e3f7f8-93b6-4fad-8e9a-8e12de86d7c3@group-D27BAB979074-SegmentedRaftLogWorker was interrupted, exiting. There are 0 tasks remaining in the queue.
2019-09-25 11:51:58,467 [main] INFO  segmented.SegmentedRaftLogWorker (SegmentedRaftLogWorker.java:close(228)) - f1e3f7f8-93b6-4fad-8e9a-8e12de86d7c3@group-D27BAB979074-SegmentedRaftLogWorker close()
2019-09-25 11:51:58,465 [9251df79-82a8-42ab-9e26-93b345e6a062@group-4270F9D2425A-SegmentedRaftLogWorker] INFO  segmented.SegmentedRaftLogWorker (SegmentedRaftLogWorker.java:run(313)) - 9251df79-82a8-42ab-9e26-93b345e6a062@group-4270F9D2425A-SegmentedRaftLogWorker was interrupted, exiting. There are 0 tasks remaining in the queue.
2019-09-25 11:51:58,474 [main] INFO  impl.RaftServerImpl (RaftServerImpl.java:lambda$shutdown$3(251)) - f1e3f7f8-93b6-4fad-8e9a-8e12de86d7c3@group-D32159988307: shutdown
2019-09-25 11:51:58,475 [main] INFO  util.JmxRegister (JmxRegister.java:unregister(73)) - Successfully un-registered JMX Bean with object name Ratis:service=RaftServer,group=group-D32159988307,id=f1e3f7f8-93b6-4fad-8e9a-8e12de86d7c3
2019-09-25 11:51:58,476 [ForkJoinPool.commonPool-worker-0] INFO  segmented.SegmentedRaftLogWorker (SegmentedRaftLogWorker.java:close(228)) - 9251df79-82a8-42ab-9e26-93b345e6a062@group-4270F9D2425A-SegmentedRaftLogWorker close()
2019-09-25 11:51:58,476 [main] INFO  impl.RoleInfo (RoleInfo.java:shutdownLeaderState(104)) - f1e3f7f8-93b6-4fad-8e9a-8e12de86d7c3: shutdown LeaderState
2019-09-25 11:51:58,480 [f186b9fe-cb60-4f81-b082-a6c0d4357db0@group-5745A25AEFF0:LeaderElection207] INFO  impl.LeaderElection (LeaderElection.java:askForVotes(182)) - f186b9fe-cb60-4f81-b082-a6c0d4357db0@group-5745A25AEFF0:LeaderElection207: begin an election at term 1 for -1: [f186b9fe-cb60-4f81-b082-a6c0d4357db0:192.168.30.6:37512], old=null
2019-09-25 11:51:58,480 [main] INFO  impl.PendingRequests (PendingRequests.java:sendNotLeaderResponses(202)) - f1e3f7f8-93b6-4fad-8e9a-8e12de86d7c3-PendingRequests: sendNotLeaderResponses
2019-09-25 11:51:58,479 [ForkJoinPool.commonPool-worker-0] INFO  impl.RaftServerImpl (RaftServerImpl.java:lambda$shutdown$3(251)) - 9251df79-82a8-42ab-9e26-93b345e6a062@group-7047A9E23D89: shutdown
2019-09-25 11:51:58,480 [main] INFO  impl.StateMachineUpdater (StateMachineUpdater.java:stopAndJoin(125)) - f1e3f7f8-93b6-4fad-8e9a-8e12de86d7c3@group-D32159988307-StateMachineUpdater: set stopIndex = 0
2019-09-25 11:51:58,480 [f186b9fe-cb60-4f81-b082-a6c0d4357db0@group-5745A25AEFF0:LeaderElection207] INFO  impl.RoleInfo (RoleInfo.java:shutdownLeaderElection(134)) - f186b9fe-cb60-4f81-b082-a6c0d4357db0: shutdown LeaderElection
2019-09-25 11:51:58,480 [f186b9fe-cb60-4f81-b082-a6c0d4357db0@group-1C5F0C28EF8D:LeaderElection206] INFO  impl.RoleInfo (RoleInfo.java:updateAndGet(143)) - f186b9fe-cb60-4f81-b082-a6c0d4357db0: start LeaderState
2019-09-25 11:51:58,481 [f186b9fe-cb60-4f81-b082-a6c0d4357db0@group-5745A25AEFF0:LeaderElection207] INFO  impl.RaftServerImpl (RaftServerImpl.java:setRole(174)) - f186b9fe-cb60-4f81-b082-a6c0d4357db0@group-5745A25AEFF0: changes role from CANDIDATE to LEADER at term 1 for changeToLeader
2019-09-25 11:51:58,481 [f186b9fe-cb60-4f81-b082-a6c0d4357db0@group-1C5F0C28EF8D:LeaderElection206] INFO  segmented.SegmentedRaftLogWorker (SegmentedRaftLogWorker.java:startLogSegment(380)) - f186b9fe-cb60-4f81-b082-a6c0d4357db0@group-1C5F0C28EF8D-SegmentedRaftLogWorker: Starting segment from index:0
2019-09-25 11:51:58,481 [main] INFO  impl.RaftServerImpl (ServerState.java:close(385)) - f1e3f7f8-93b6-4fad-8e9a-8e12de86d7c3@group-D32159988307: closes. applyIndex: 0
2019-09-25 11:51:58,481 [ForkJoinPool.commonPool-worker-0] INFO  util.JmxRegister (JmxRegister.java:unregister(73)) - Successfully un-registered JMX Bean with object name Ratis:service=RaftServer,group=group-7047A9E23D89,id=9251df79-82a8-42ab-9e26-93b345e6a062
2019-09-25 11:51:58,482 [f1e3f7f8-93b6-4fad-8e9a-8e12de86d7c3@group-D32159988307-SegmentedRaftLogWorker] INFO  segmented.SegmentedRaftLogWorker (SegmentedRaftLogWorker.java:run(313)) - f1e3f7f8-93b6-4fad-8e9a-8e12de86d7c3@group-D32159988307-SegmentedRaftLogWorker was interrupted, exiting. There are 0 tasks remaining in the queue.
2019-09-25 11:51:58,481 [f186b9fe-cb60-4f81-b082-a6c0d4357db0@group-1C5F0C28EF8D:LeaderElection206] INFO  impl.RaftServerImpl (ServerState.java:setRaftConf(354)) - f186b9fe-cb60-4f81-b082-a6c0d4357db0@group-1C5F0C28EF8D: set configuration 0: [f186b9fe-cb60-4f81-b082-a6c0d4357db0:192.168.30.6:37512], old=null at 0
2019-09-25 11:51:58,481 [f186b9fe-cb60-4f81-b082-a6c0d4357db0@group-5745A25AEFF0:LeaderElection207] INFO  impl.RaftServerImpl (ServerState.java:setLeader(253)) - f186b9fe-cb60-4f81-b082-a6c0d4357db0@group-5745A25AEFF0: change Leader from null to f186b9fe-cb60-4f81-b082-a6c0d4357db0 at term 1 for becomeLeader, leader elected after 5065ms
2019-09-25 11:51:58,482 [main] INFO  segmented.SegmentedRaftLogWorker (SegmentedRaftLogWorker.java:close(228)) - f1e3f7f8-93b6-4fad-8e9a-8e12de86d7c3@group-D32159988307-SegmentedRaftLogWorker close()
2019-09-25 11:51:58,482 [ForkJoinPool.commonPool-worker-0] INFO  impl.RoleInfo (RoleInfo.java:shutdownLeaderState(104)) - 9251df79-82a8-42ab-9e26-93b345e6a062: shutdown LeaderState
2019-09-25 11:51:58,520 [Thread-3142] INFO  impl.FollowerState (FollowerState.java:run(106)) - f186b9fe-cb60-4f81-b082-a6c0d4357db0:group-9450AC43FD04 changes to CANDIDATE, lastRpcTime:5180, electionTimeout:5147ms
2019-09-25 11:51:58,519 [main] INFO  impl.RaftServerImpl (RaftServerImpl.java:lambda$shutdown$3(251)) - f1e3f7f8-93b6-4fad-8e9a-8e12de86d7c3@group-F09B3F188A7A: shutdown
2019-09-25 11:51:58,482 [f186b9fe-cb60-4f81-b082-a6c0d4357db0@group-5745A25AEFF0:LeaderElection207] INFO  server.RaftServerConfigKeys (ConfUtils.java:logGet(43)) - raft.server.staging.catchup.gap = 1000 (default)
2019-09-25 11:51:58,521 [main] INFO  util.JmxRegister (JmxRegister.java:unregister(73)) - Successfully un-registered JMX Bean with object name Ratis:service=RaftServer,group=group-F09B3F188A7A,id=f1e3f7f8-93b6-4fad-8e9a-8e12de86d7c3
2019-09-25 11:51:58,521 [Thread-3142] INFO  impl.RoleInfo (RoleInfo.java:shutdownFollowerState(121)) - f186b9fe-cb60-4f81-b082-a6c0d4357db0: shutdown FollowerState
2019-09-25 11:51:58,520 [ForkJoinPool.commonPool-worker-0] INFO  impl.PendingRequests (PendingRequests.java:sendNotLeaderResponses(202)) - 9251df79-82a8-42ab-9e26-93b345e6a062-PendingRequests: sendNotLeaderResponses
2019-09-25 11:51:58,522 [Thread-3142] INFO  impl.RaftServerImpl (RaftServerImpl.java:setRole(174)) - f186b9fe-cb60-4f81-b082-a6c0d4357db0@group-9450AC43FD04: changes role from  FOLLOWER to CANDIDATE at term 0 for changeToCandidate
2019-09-25 11:51:58,521 [main] INFO  impl.RoleInfo (RoleInfo.java:shutdownLeaderState(104)) - f1e3f7f8-93b6-4fad-8e9a-8e12de86d7c3: shutdown LeaderState
2019-09-25 11:51:58,521 [f186b9fe-cb60-4f81-b082-a6c0d4357db0@group-5745A25AEFF0:LeaderElection207] INFO  server.RaftServerConfigKeys (ConfUtils.java:logGet(43)) - raft.server.rpc.sleep.time = 25ms (default)
2019-09-25 11:51:58,522 [main] INFO  impl.PendingRequests (PendingRequests.java:sendNotLeaderResponses(202)) - f1e3f7f8-93b6-4fad-8e9a-8e12de86d7c3-PendingRequests: sendNotLeaderResponses
2019-09-25 11:51:58,522 [Thread-3142] INFO  impl.RoleInfo (RoleInfo.java:updateAndGet(143)) - f186b9fe-cb60-4f81-b082-a6c0d4357db0: start LeaderElection
2019-09-25 11:51:58,522 [ForkJoinPool.commonPool-worker-0] INFO  impl.StateMachineUpdater (StateMachineUpdater.java:stopAndJoin(125)) - 9251df79-82a8-42ab-9e26-93b345e6a062@group-7047A9E23D89-StateMachineUpdater: set stopIndex = 0
2019-09-25 11:51:58,527 [f186b9fe-cb60-4f81-b082-a6c0d4357db0@group-1C5F0C28EF8D-SegmentedRaftLogWorker] INFO  segmented.SegmentedRaftLogWorker (SegmentedRaftLogWorker.java:execute(569)) - f186b9fe-cb60-4f81-b082-a6c0d4357db0@group-1C5F0C28EF8D-SegmentedRaftLogWorker: created new log segment /workdir/hadoop-ozone/ozonefs/target/test-dir/MiniOzoneClusterImpl-059d6754-7a35-406d-b491-ba78f413a116/datanode-2/data/ratis/2209a8f1-0da7-48b2-9cf2-1c5f0c28ef8d/current/log_inprogress_0
2019-09-25 11:51:58,523 [main] INFO  impl.StateMachineUpdater (StateMachineUpdater.java:stopAndJoin(125)) - f1e3f7f8-93b6-4fad-8e9a-8e12de86d7c3@group-F09B3F188A7A-StateMachineUpdater: set stopIndex = 0
2019-09-25 11:51:58,527 [main] INFO  impl.RaftServerImpl (ServerState.java:close(385)) - f1e3f7f8-93b6-4fad-8e9a-8e12de86d7c3@group-F09B3F188A7A: closes. applyIndex: 0
2019-09-25 11:51:58,523 [f186b9fe-cb60-4f81-b082-a6c0d4357db0@group-5745A25AEFF0:LeaderElection207] INFO  server.RaftServerConfigKeys (ConfUtils.java:logGet(43)) - raft.server.write.element-limit = 4096 (default)
2019-09-25 11:51:58,528 [f1e3f7f8-93b6-4fad-8e9a-8e12de86d7c3@group-F09B3F188A7A-SegmentedRaftLogWorker] INFO  segmented.SegmentedRaftLogWorker (SegmentedRaftLogWorker.java:run(313)) - f1e3f7f8-93b6-4fad-8e9a-8e12de86d7c3@group-F09B3F188A7A-SegmentedRaftLogWorker was interrupted, exiting. There are 0 tasks remaining in the queue.
2019-09-25 11:51:58,527 [ForkJoinPool.commonPool-worker-0] INFO  impl.RaftServerImpl (ServerState.java:close(385)) - 9251df79-82a8-42ab-9e26-93b345e6a062@group-7047A9E23D89: closes. applyIndex: 0
2019-09-25 11:51:58,528 [main] INFO  segmented.SegmentedRaftLogWorker (SegmentedRaftLogWorker.java:close(228)) - f1e3f7f8-93b6-4fad-8e9a-8e12de86d7c3@group-F09B3F188A7A-SegmentedRaftLogWorker close()
2019-09-25 11:51:58,528 [f186b9fe-cb60-4f81-b082-a6c0d4357db0@group-5745A25AEFF0:LeaderElection207] INFO  server.RaftServerConfigKeys (ConfUtils.java:logGet(43)) - raft.server.watch.timeout = 10s (default)
2019-09-25 11:51:58,531 [main] INFO  impl.RaftServerImpl (RaftServerImpl.java:lambda$shutdown$3(251)) - f1e3f7f8-93b6-4fad-8e9a-8e12de86d7c3@group-1B29AC4F1268: shutdown
2019-09-25 11:51:58,531 [main] INFO  util.JmxRegister (JmxRegister.java:unregister(73)) - Successfully un-registered JMX Bean with object name Ratis:service=RaftServer,group=group-1B29AC4F1268,id=f1e3f7f8-93b6-4fad-8e9a-8e12de86d7c3
2019-09-25 11:51:58,531 [main] INFO  impl.RoleInfo (RoleInfo.java:shutdownLeaderState(104)) - f1e3f7f8-93b6-4fad-8e9a-8e12de86d7c3: shutdown LeaderState
2019-09-25 11:51:58,528 [9251df79-82a8-42ab-9e26-93b345e6a062@group-7047A9E23D89-SegmentedRaftLogWorker] INFO  segmented.SegmentedRaftLogWorker (SegmentedRaftLogWorker.java:run(313)) - 9251df79-82a8-42ab-9e26-93b345e6a062@group-7047A9E23D89-SegmentedRaftLogWorker was interrupted, exiting. There are 0 tasks remaining in the queue.
2019-09-25 11:51:58,532 [main] INFO  impl.PendingRequests (PendingRequests.java:sendNotLeaderResponses(202)) - f1e3f7f8-93b6-4fad-8e9a-8e12de86d7c3-PendingRequests: sendNotLeaderResponses
2019-09-25 11:51:58,531 [f186b9fe-cb60-4f81-b082-a6c0d4357db0@group-5745A25AEFF0:LeaderElection207] INFO  server.RaftServerConfigKeys (ConfUtils.java:logGet(43)) - raft.server.watch.timeout.denomination = 1s (default)
2019-09-25 11:51:58,532 [main] INFO  impl.StateMachineUpdater (StateMachineUpdater.java:stopAndJoin(125)) - f1e3f7f8-93b6-4fad-8e9a-8e12de86d7c3@group-1B29AC4F1268-StateMachineUpdater: set stopIndex = 0
2019-09-25 11:51:58,533 [main] INFO  impl.RaftServerImpl (ServerState.java:close(385)) - f1e3f7f8-93b6-4fad-8e9a-8e12de86d7c3@group-1B29AC4F1268: closes. applyIndex: 0
2019-09-25 11:51:58,532 [ForkJoinPool.commonPool-worker-0] INFO  segmented.SegmentedRaftLogWorker (SegmentedRaftLogWorker.java:close(228)) - 9251df79-82a8-42ab-9e26-93b345e6a062@group-7047A9E23D89-SegmentedRaftLogWorker close()
2019-09-25 11:51:58,533 [f1e3f7f8-93b6-4fad-8e9a-8e12de86d7c3@group-1B29AC4F1268-SegmentedRaftLogWorker] INFO  segmented.SegmentedRaftLogWorker (SegmentedRaftLogWorker.java:run(313)) - f1e3f7f8-93b6-4fad-8e9a-8e12de86d7c3@group-1B29AC4F1268-SegmentedRaftLogWorker was interrupted, exiting. There are 0 tasks remaining in the queue.
2019-09-25 11:51:58,532 [f186b9fe-cb60-4f81-b082-a6c0d4357db0@group-5745A25AEFF0:LeaderElection207] INFO  server.RaftServerConfigKeys (ConfUtils.java:logGet(43)) - raft.server.watch.element-limit = 65536 (default)
2019-09-25 11:51:58,536 [main] INFO  segmented.SegmentedRaftLogWorker (SegmentedRaftLogWorker.java:close(228)) - f1e3f7f8-93b6-4fad-8e9a-8e12de86d7c3@group-1B29AC4F1268-SegmentedRaftLogWorker close()
2019-09-25 11:51:58,536 [ForkJoinPool.commonPool-worker-0] INFO  impl.RaftServerImpl (RaftServerImpl.java:lambda$shutdown$3(251)) - 9251df79-82a8-42ab-9e26-93b345e6a062@group-D20D2298DE89: shutdown
2019-09-25 11:51:58,539 [f186b9fe-cb60-4f81-b082-a6c0d4357db0@group-9450AC43FD04:LeaderElection208] INFO  impl.LeaderElection (LeaderElection.java:askForVotes(182)) - f186b9fe-cb60-4f81-b082-a6c0d4357db0@group-9450AC43FD04:LeaderElection208: begin an election at term 1 for -1: [f186b9fe-cb60-4f81-b082-a6c0d4357db0:192.168.30.6:37512], old=null
2019-09-25 11:51:58,539 [main] INFO  impl.RaftServerImpl (RaftServerImpl.java:lambda$shutdown$3(251)) - f1e3f7f8-93b6-4fad-8e9a-8e12de86d7c3@group-11C0123C1EDA: shutdown
2019-09-25 11:51:58,539 [f186b9fe-cb60-4f81-b082-a6c0d4357db0@group-9450AC43FD04:LeaderElection208] INFO  impl.RoleInfo (RoleInfo.java:shutdownLeaderElection(134)) - f186b9fe-cb60-4f81-b082-a6c0d4357db0: shutdown LeaderElection
2019-09-25 11:51:58,539 [main] INFO  util.JmxRegister (JmxRegister.java:unregister(73)) - Successfully un-registered JMX Bean with object name Ratis:service=RaftServer,group=group-11C0123C1EDA,id=f1e3f7f8-93b6-4fad-8e9a-8e12de86d7c3
2019-09-25 11:51:58,539 [ForkJoinPool.commonPool-worker-0] INFO  util.JmxRegister (JmxRegister.java:unregister(73)) - Successfully un-registered JMX Bean with object name Ratis:service=RaftServer,group=group-D20D2298DE89,id=9251df79-82a8-42ab-9e26-93b345e6a062
2019-09-25 11:51:58,540 [main] INFO  impl.RoleInfo (RoleInfo.java:shutdownLeaderState(104)) - f1e3f7f8-93b6-4fad-8e9a-8e12de86d7c3: shutdown LeaderState
2019-09-25 11:51:58,539 [f186b9fe-cb60-4f81-b082-a6c0d4357db0@group-9450AC43FD04:LeaderElection208] INFO  impl.RaftServerImpl (RaftServerImpl.java:setRole(174)) - f186b9fe-cb60-4f81-b082-a6c0d4357db0@group-9450AC43FD04: changes role from CANDIDATE to LEADER at term 1 for changeToLeader
2019-09-25 11:51:58,540 [f186b9fe-cb60-4f81-b082-a6c0d4357db0@group-9450AC43FD04:LeaderElection208] INFO  impl.RaftServerImpl (ServerState.java:setLeader(253)) - f186b9fe-cb60-4f81-b082-a6c0d4357db0@group-9450AC43FD04: change Leader from null to f186b9fe-cb60-4f81-b082-a6c0d4357db0 at term 1 for becomeLeader, leader elected after 5204ms
2019-09-25 11:51:58,539 [f186b9fe-cb60-4f81-b082-a6c0d4357db0@group-5745A25AEFF0:LeaderElection207] INFO  impl.RoleInfo (RoleInfo.java:updateAndGet(143)) - f186b9fe-cb60-4f81-b082-a6c0d4357db0: start LeaderState
2019-09-25 11:51:58,541 [f186b9fe-cb60-4f81-b082-a6c0d4357db0@group-9450AC43FD04:LeaderElection208] INFO  server.RaftServerConfigKeys (ConfUtils.java:logGet(43)) - raft.server.staging.catchup.gap = 1000 (default)
2019-09-25 11:51:58,541 [f186b9fe-cb60-4f81-b082-a6c0d4357db0@group-9450AC43FD04:LeaderElection208] INFO  server.RaftServerConfigKeys (ConfUtils.java:logGet(43)) - raft.server.rpc.sleep.time = 25ms (default)
2019-09-25 11:51:58,540 [main] INFO  impl.PendingRequests (PendingRequests.java:sendNotLeaderResponses(202)) - f1e3f7f8-93b6-4fad-8e9a-8e12de86d7c3-PendingRequests: sendNotLeaderResponses
2019-09-25 11:51:58,540 [ForkJoinPool.commonPool-worker-0] INFO  impl.RoleInfo (RoleInfo.java:shutdownLeaderState(104)) - 9251df79-82a8-42ab-9e26-93b345e6a062: shutdown LeaderState
2019-09-25 11:51:58,541 [main] INFO  impl.StateMachineUpdater (StateMachineUpdater.java:stopAndJoin(125)) - f1e3f7f8-93b6-4fad-8e9a-8e12de86d7c3@group-11C0123C1EDA-StateMachineUpdater: set stopIndex = 0
2019-09-25 11:51:58,542 [main] INFO  impl.RaftServerImpl (ServerState.java:close(385)) - f1e3f7f8-93b6-4fad-8e9a-8e12de86d7c3@group-11C0123C1EDA: closes. applyIndex: 0
2019-09-25 11:51:58,541 [f186b9fe-cb60-4f81-b082-a6c0d4357db0@group-9450AC43FD04:LeaderElection208] INFO  server.RaftServerConfigKeys (ConfUtils.java:logGet(43)) - raft.server.write.element-limit = 4096 (default)
2019-09-25 11:51:58,541 [f186b9fe-cb60-4f81-b082-a6c0d4357db0@group-5745A25AEFF0:LeaderElection207] INFO  segmented.SegmentedRaftLogWorker (SegmentedRaftLogWorker.java:startLogSegment(380)) - f186b9fe-cb60-4f81-b082-a6c0d4357db0@group-5745A25AEFF0-SegmentedRaftLogWorker: Starting segment from index:0
2019-09-25 11:51:58,542 [f186b9fe-cb60-4f81-b082-a6c0d4357db0@group-9450AC43FD04:LeaderElection208] INFO  server.RaftServerConfigKeys (ConfUtils.java:logGet(43)) - raft.server.watch.timeout = 10s (default)
2019-09-25 11:51:58,543 [f186b9fe-cb60-4f81-b082-a6c0d4357db0@group-9450AC43FD04:LeaderElection208] INFO  server.RaftServerConfigKeys (ConfUtils.java:logGet(43)) - raft.server.watch.timeout.denomination = 1s (default)
2019-09-25 11:51:58,542 [f1e3f7f8-93b6-4fad-8e9a-8e12de86d7c3@group-11C0123C1EDA-SegmentedRaftLogWorker] INFO  segmented.SegmentedRaftLogWorker (SegmentedRaftLogWorker.java:run(313)) - f1e3f7f8-93b6-4fad-8e9a-8e12de86d7c3@group-11C0123C1EDA-SegmentedRaftLogWorker was interrupted, exiting. There are 0 tasks remaining in the queue.
2019-09-25 11:51:58,542 [ForkJoinPool.commonPool-worker-0] INFO  impl.PendingRequests (PendingRequests.java:sendNotLeaderResponses(202)) - 9251df79-82a8-42ab-9e26-93b345e6a062-PendingRequests: sendNotLeaderResponses
2019-09-25 11:51:58,543 [main] INFO  segmented.SegmentedRaftLogWorker (SegmentedRaftLogWorker.java:close(228)) - f1e3f7f8-93b6-4fad-8e9a-8e12de86d7c3@group-11C0123C1EDA-SegmentedRaftLogWorker close()
2019-09-25 11:51:58,543 [f186b9fe-cb60-4f81-b082-a6c0d4357db0@group-9450AC43FD04:LeaderElection208] INFO  server.RaftServerConfigKeys (ConfUtils.java:logGet(43)) - raft.server.watch.element-limit = 65536 (default)
2019-09-25 11:51:58,543 [f186b9fe-cb60-4f81-b082-a6c0d4357db0@group-5745A25AEFF0:LeaderElection207] INFO  impl.RaftServerImpl (ServerState.java:setRaftConf(354)) - f186b9fe-cb60-4f81-b082-a6c0d4357db0@group-5745A25AEFF0: set configuration 0: [f186b9fe-cb60-4f81-b082-a6c0d4357db0:192.168.30.6:37512], old=null at 0
2019-09-25 11:51:58,575 [Thread-3145] INFO  impl.FollowerState (FollowerState.java:run(106)) - f186b9fe-cb60-4f81-b082-a6c0d4357db0:group-F4A064441523 changes to CANDIDATE, lastRpcTime:5194, electionTimeout:5168ms
2019-09-25 11:51:58,574 [main] INFO  impl.RaftServerImpl (RaftServerImpl.java:lambda$shutdown$3(251)) - f1e3f7f8-93b6-4fad-8e9a-8e12de86d7c3@group-02AF7AE16CB3: shutdown
2019-09-25 11:51:58,543 [ForkJoinPool.commonPool-worker-0] INFO  impl.StateMachineUpdater (StateMachineUpdater.java:stopAndJoin(125)) - 9251df79-82a8-42ab-9e26-93b345e6a062@group-D20D2298DE89-StateMachineUpdater: set stopIndex = 0
2019-09-25 11:51:58,576 [ForkJoinPool.commonPool-worker-0] INFO  impl.RaftServerImpl (ServerState.java:close(385)) - 9251df79-82a8-42ab-9e26-93b345e6a062@group-D20D2298DE89: closes. applyIndex: 0
2019-09-25 11:51:58,576 [main] INFO  util.JmxRegister (JmxRegister.java:unregister(73)) - Successfully un-registered JMX Bean with object name Ratis:service=RaftServer,group=group-02AF7AE16CB3,id=f1e3f7f8-93b6-4fad-8e9a-8e12de86d7c3
2019-09-25 11:51:58,576 [Thread-3145] INFO  impl.RoleInfo (RoleInfo.java:shutdownFollowerState(121)) - f186b9fe-cb60-4f81-b082-a6c0d4357db0: shutdown FollowerState
2019-09-25 11:51:58,577 [main] INFO  impl.RoleInfo (RoleInfo.java:shutdownLeaderState(104)) - f1e3f7f8-93b6-4fad-8e9a-8e12de86d7c3: shutdown LeaderState
2019-09-25 11:51:58,577 [f186b9fe-cb60-4f81-b082-a6c0d4357db0@group-9450AC43FD04:LeaderElection208] INFO  impl.RoleInfo (RoleInfo.java:updateAndGet(143)) - f186b9fe-cb60-4f81-b082-a6c0d4357db0: start LeaderState
2019-09-25 11:51:58,577 [9251df79-82a8-42ab-9e26-93b345e6a062@group-D20D2298DE89-SegmentedRaftLogWorker] INFO  segmented.SegmentedRaftLogWorker (SegmentedRaftLogWorker.java:run(313)) - 9251df79-82a8-42ab-9e26-93b345e6a062@group-D20D2298DE89-SegmentedRaftLogWorker was interrupted, exiting. There are 0 tasks remaining in the queue.
2019-09-25 11:51:58,577 [main] INFO  impl.PendingRequests (PendingRequests.java:sendNotLeaderResponses(202)) - f1e3f7f8-93b6-4fad-8e9a-8e12de86d7c3-PendingRequests: sendNotLeaderResponses
2019-09-25 11:51:58,577 [Thread-3145] INFO  impl.RaftServerImpl (RaftServerImpl.java:setRole(174)) - f186b9fe-cb60-4f81-b082-a6c0d4357db0@group-F4A064441523: changes role from  FOLLOWER to CANDIDATE at term 0 for changeToCandidate
2019-09-25 11:51:58,578 [main] INFO  impl.StateMachineUpdater (StateMachineUpdater.java:stopAndJoin(125)) - f1e3f7f8-93b6-4fad-8e9a-8e12de86d7c3@group-02AF7AE16CB3-StateMachineUpdater: set stopIndex = 0
2019-09-25 11:51:58,578 [main] INFO  impl.RaftServerImpl (ServerState.java:close(385)) - f1e3f7f8-93b6-4fad-8e9a-8e12de86d7c3@group-02AF7AE16CB3: closes. applyIndex: 0
2019-09-25 11:51:58,578 [ForkJoinPool.commonPool-worker-0] INFO  segmented.SegmentedRaftLogWorker (SegmentedRaftLogWorker.java:close(228)) - 9251df79-82a8-42ab-9e26-93b345e6a062@group-D20D2298DE89-SegmentedRaftLogWorker close()
2019-09-25 11:51:58,578 [f186b9fe-cb60-4f81-b082-a6c0d4357db0@group-9450AC43FD04:LeaderElection208] INFO  segmented.SegmentedRaftLogWorker (SegmentedRaftLogWorker.java:startLogSegment(380)) - f186b9fe-cb60-4f81-b082-a6c0d4357db0@group-9450AC43FD04-SegmentedRaftLogWorker: Starting segment from index:0
2019-09-25 11:51:58,582 [ForkJoinPool.commonPool-worker-0] INFO  impl.RaftServerImpl (RaftServerImpl.java:lambda$shutdown$3(251)) - 9251df79-82a8-42ab-9e26-93b345e6a062@group-AABAB95CBB13: shutdown
2019-09-25 11:51:58,579 [f1e3f7f8-93b6-4fad-8e9a-8e12de86d7c3@group-02AF7AE16CB3-SegmentedRaftLogWorker] INFO  segmented.SegmentedRaftLogWorker (SegmentedRaftLogWorker.java:run(313)) - f1e3f7f8-93b6-4fad-8e9a-8e12de86d7c3@group-02AF7AE16CB3-SegmentedRaftLogWorker was interrupted, exiting. There are 0 tasks remaining in the queue.
2019-09-25 11:51:58,578 [Thread-3145] INFO  impl.RoleInfo (RoleInfo.java:updateAndGet(143)) - f186b9fe-cb60-4f81-b082-a6c0d4357db0: start LeaderElection
2019-09-25 11:51:58,582 [ForkJoinPool.commonPool-worker-0] INFO  util.JmxRegister (JmxRegister.java:unregister(73)) - Successfully un-registered JMX Bean with object name Ratis:service=RaftServer,group=group-AABAB95CBB13,id=9251df79-82a8-42ab-9e26-93b345e6a062
2019-09-25 11:51:58,582 [f186b9fe-cb60-4f81-b082-a6c0d4357db0@group-9450AC43FD04:LeaderElection208] INFO  impl.RaftServerImpl (ServerState.java:setRaftConf(354)) - f186b9fe-cb60-4f81-b082-a6c0d4357db0@group-9450AC43FD04: set configuration 0: [f186b9fe-cb60-4f81-b082-a6c0d4357db0:192.168.30.6:37512], old=null at 0
2019-09-25 11:51:58,619 [ForkJoinPool.commonPool-worker-0] INFO  impl.RoleInfo (RoleInfo.java:shutdownLeaderState(104)) - 9251df79-82a8-42ab-9e26-93b345e6a062: shutdown LeaderState
2019-09-25 11:51:58,618 [f186b9fe-cb60-4f81-b082-a6c0d4357db0@group-5745A25AEFF0-SegmentedRaftLogWorker] INFO  segmented.SegmentedRaftLogWorker (SegmentedRaftLogWorker.java:execute(569)) - f186b9fe-cb60-4f81-b082-a6c0d4357db0@group-5745A25AEFF0-SegmentedRaftLogWorker: created new log segment /workdir/hadoop-ozone/ozonefs/target/test-dir/MiniOzoneClusterImpl-059d6754-7a35-406d-b491-ba78f413a116/datanode-2/data/ratis/a26dd84b-62f4-4182-9128-5745a25aeff0/current/log_inprogress_0
2019-09-25 11:51:58,583 [main] INFO  segmented.SegmentedRaftLogWorker (SegmentedRaftLogWorker.java:close(228)) - f1e3f7f8-93b6-4fad-8e9a-8e12de86d7c3@group-02AF7AE16CB3-SegmentedRaftLogWorker close()
2019-09-25 11:51:58,619 [ForkJoinPool.commonPool-worker-0] INFO  impl.PendingRequests (PendingRequests.java:sendNotLeaderResponses(202)) - 9251df79-82a8-42ab-9e26-93b345e6a062-PendingRequests: sendNotLeaderResponses
2019-09-25 11:51:58,622 [main] INFO  server.GrpcService (GrpcService.java:closeImpl(164)) - f1e3f7f8-93b6-4fad-8e9a-8e12de86d7c3: shutdown server with port 35470 now
2019-09-25 11:51:58,623 [ForkJoinPool.commonPool-worker-0] INFO  impl.StateMachineUpdater (StateMachineUpdater.java:stopAndJoin(125)) - 9251df79-82a8-42ab-9e26-93b345e6a062@group-AABAB95CBB13-StateMachineUpdater: set stopIndex = 0
2019-09-25 11:51:58,625 [main] INFO  server.GrpcService (GrpcService.java:closeImpl(172)) - f1e3f7f8-93b6-4fad-8e9a-8e12de86d7c3: shutdown server with port 35470 successfully
2019-09-25 11:51:58,625 [ForkJoinPool.commonPool-worker-0] INFO  impl.RaftServerImpl (ServerState.java:close(385)) - 9251df79-82a8-42ab-9e26-93b345e6a062@group-AABAB95CBB13: closes. applyIndex: 0
2019-09-25 11:51:58,626 [9251df79-82a8-42ab-9e26-93b345e6a062@group-AABAB95CBB13-SegmentedRaftLogWorker] INFO  segmented.SegmentedRaftLogWorker (SegmentedRaftLogWorker.java:run(313)) - 9251df79-82a8-42ab-9e26-93b345e6a062@group-AABAB95CBB13-SegmentedRaftLogWorker was interrupted, exiting. There are 0 tasks remaining in the queue.
2019-09-25 11:51:58,626 [ForkJoinPool.commonPool-worker-0] INFO  segmented.SegmentedRaftLogWorker (SegmentedRaftLogWorker.java:close(228)) - 9251df79-82a8-42ab-9e26-93b345e6a062@group-AABAB95CBB13-SegmentedRaftLogWorker close()
2019-09-25 11:51:58,629 [ForkJoinPool.commonPool-worker-0] INFO  impl.RaftServerImpl (RaftServerImpl.java:lambda$shutdown$3(251)) - 9251df79-82a8-42ab-9e26-93b345e6a062@group-0329A4E5395B: shutdown
2019-09-25 11:51:58,630 [ForkJoinPool.commonPool-worker-0] INFO  util.JmxRegister (JmxRegister.java:unregister(73)) - Successfully un-registered JMX Bean with object name Ratis:service=RaftServer,group=group-0329A4E5395B,id=9251df79-82a8-42ab-9e26-93b345e6a062
2019-09-25 11:51:58,630 [ForkJoinPool.commonPool-worker-0] INFO  impl.RoleInfo (RoleInfo.java:shutdownLeaderState(104)) - 9251df79-82a8-42ab-9e26-93b345e6a062: shutdown LeaderState
2019-09-25 11:51:58,630 [ForkJoinPool.commonPool-worker-0] INFO  impl.PendingRequests (PendingRequests.java:sendNotLeaderResponses(202)) - 9251df79-82a8-42ab-9e26-93b345e6a062-PendingRequests: sendNotLeaderResponses
2019-09-25 11:51:58,630 [refreshUsed-/workdir/hadoop-ozone/ozonefs/target/test-dir/MiniOzoneClusterImpl-059d6754-7a35-406d-b491-ba78f413a116/datanode-1/data/containers] WARN  fs.CachingGetSpaceUsed (CachingGetSpaceUsed.java:run(183)) - Thread Interrupted waiting to refresh disk information: sleep interrupted
2019-09-25 11:51:58,630 [ForkJoinPool.commonPool-worker-0] INFO  impl.StateMachineUpdater (StateMachineUpdater.java:stopAndJoin(125)) - 9251df79-82a8-42ab-9e26-93b345e6a062@group-0329A4E5395B-StateMachineUpdater: set stopIndex = 0
2019-09-25 11:51:58,632 [ForkJoinPool.commonPool-worker-0] INFO  impl.RaftServerImpl (ServerState.java:close(385)) - 9251df79-82a8-42ab-9e26-93b345e6a062@group-0329A4E5395B: closes. applyIndex: 0
2019-09-25 11:51:58,632 [f186b9fe-cb60-4f81-b082-a6c0d4357db0@group-9450AC43FD04-SegmentedRaftLogWorker] INFO  segmented.SegmentedRaftLogWorker (SegmentedRaftLogWorker.java:execute(569)) - f186b9fe-cb60-4f81-b082-a6c0d4357db0@group-9450AC43FD04-SegmentedRaftLogWorker: created new log segment /workdir/hadoop-ozone/ozonefs/target/test-dir/MiniOzoneClusterImpl-059d6754-7a35-406d-b491-ba78f413a116/datanode-2/data/ratis/5c5c4117-7f50-455c-9c4d-9450ac43fd04/current/log_inprogress_0
2019-09-25 11:51:58,632 [9251df79-82a8-42ab-9e26-93b345e6a062@group-0329A4E5395B-SegmentedRaftLogWorker] INFO  segmented.SegmentedRaftLogWorker (SegmentedRaftLogWorker.java:run(313)) - 9251df79-82a8-42ab-9e26-93b345e6a062@group-0329A4E5395B-SegmentedRaftLogWorker was interrupted, exiting. There are 0 tasks remaining in the queue.
2019-09-25 11:51:58,632 [f186b9fe-cb60-4f81-b082-a6c0d4357db0@group-F4A064441523:LeaderElection209] INFO  impl.LeaderElection (LeaderElection.java:askForVotes(182)) - f186b9fe-cb60-4f81-b082-a6c0d4357db0@group-F4A064441523:LeaderElection209: begin an election at term 1 for -1: [f186b9fe-cb60-4f81-b082-a6c0d4357db0:192.168.30.6:37512], old=null
2019-09-25 11:51:58,633 [ForkJoinPool.commonPool-worker-0] INFO  segmented.SegmentedRaftLogWorker (SegmentedRaftLogWorker.java:close(228)) - 9251df79-82a8-42ab-9e26-93b345e6a062@group-0329A4E5395B-SegmentedRaftLogWorker close()
2019-09-25 11:51:58,633 [f186b9fe-cb60-4f81-b082-a6c0d4357db0@group-F4A064441523:LeaderElection209] INFO  impl.RoleInfo (RoleInfo.java:shutdownLeaderElection(134)) - f186b9fe-cb60-4f81-b082-a6c0d4357db0: shutdown LeaderElection
2019-09-25 11:51:58,635 [ForkJoinPool.commonPool-worker-0] INFO  impl.RaftServerImpl (RaftServerImpl.java:lambda$shutdown$3(251)) - 9251df79-82a8-42ab-9e26-93b345e6a062@group-894A97782426: shutdown
2019-09-25 11:51:58,635 [f186b9fe-cb60-4f81-b082-a6c0d4357db0@group-F4A064441523:LeaderElection209] INFO  impl.RaftServerImpl (RaftServerImpl.java:setRole(174)) - f186b9fe-cb60-4f81-b082-a6c0d4357db0@group-F4A064441523: changes role from CANDIDATE to LEADER at term 1 for changeToLeader
2019-09-25 11:51:58,635 [ForkJoinPool.commonPool-worker-0] INFO  util.JmxRegister (JmxRegister.java:unregister(73)) - Successfully un-registered JMX Bean with object name Ratis:service=RaftServer,group=group-894A97782426,id=9251df79-82a8-42ab-9e26-93b345e6a062
2019-09-25 11:51:58,635 [f186b9fe-cb60-4f81-b082-a6c0d4357db0@group-F4A064441523:LeaderElection209] INFO  impl.RaftServerImpl (ServerState.java:setLeader(253)) - f186b9fe-cb60-4f81-b082-a6c0d4357db0@group-F4A064441523: change Leader from null to f186b9fe-cb60-4f81-b082-a6c0d4357db0 at term 1 for becomeLeader, leader elected after 5257ms
2019-09-25 11:51:58,636 [ForkJoinPool.commonPool-worker-0] INFO  impl.RoleInfo (RoleInfo.java:shutdownLeaderState(104)) - 9251df79-82a8-42ab-9e26-93b345e6a062: shutdown LeaderState
2019-09-25 11:51:58,636 [f186b9fe-cb60-4f81-b082-a6c0d4357db0@group-F4A064441523:LeaderElection209] INFO  server.RaftServerConfigKeys (ConfUtils.java:logGet(43)) - raft.server.staging.catchup.gap = 1000 (default)
2019-09-25 11:51:58,636 [ForkJoinPool.commonPool-worker-0] INFO  impl.PendingRequests (PendingRequests.java:sendNotLeaderResponses(202)) - 9251df79-82a8-42ab-9e26-93b345e6a062-PendingRequests: sendNotLeaderResponses
2019-09-25 11:51:58,636 [f186b9fe-cb60-4f81-b082-a6c0d4357db0@group-F4A064441523:LeaderElection209] INFO  server.RaftServerConfigKeys (ConfUtils.java:logGet(43)) - raft.server.rpc.sleep.time = 25ms (default)
2019-09-25 11:51:58,636 [ForkJoinPool.commonPool-worker-0] INFO  impl.StateMachineUpdater (StateMachineUpdater.java:stopAndJoin(125)) - 9251df79-82a8-42ab-9e26-93b345e6a062@group-894A97782426-StateMachineUpdater: set stopIndex = 0
2019-09-25 11:51:58,637 [f186b9fe-cb60-4f81-b082-a6c0d4357db0@group-F4A064441523:LeaderElection209] INFO  server.RaftServerConfigKeys (ConfUtils.java:logGet(43)) - raft.server.write.element-limit = 4096 (default)
2019-09-25 11:51:58,637 [ForkJoinPool.commonPool-worker-0] INFO  impl.RaftServerImpl (ServerState.java:close(385)) - 9251df79-82a8-42ab-9e26-93b345e6a062@group-894A97782426: closes. applyIndex: 0
2019-09-25 11:51:58,637 [f186b9fe-cb60-4f81-b082-a6c0d4357db0@group-F4A064441523:LeaderElection209] INFO  server.RaftServerConfigKeys (ConfUtils.java:logGet(43)) - raft.server.watch.timeout = 10s (default)
2019-09-25 11:51:58,637 [9251df79-82a8-42ab-9e26-93b345e6a062@group-894A97782426-SegmentedRaftLogWorker] INFO  segmented.SegmentedRaftLogWorker (SegmentedRaftLogWorker.java:run(313)) - 9251df79-82a8-42ab-9e26-93b345e6a062@group-894A97782426-SegmentedRaftLogWorker was interrupted, exiting. There are 0 tasks remaining in the queue.
2019-09-25 11:51:58,637 [f186b9fe-cb60-4f81-b082-a6c0d4357db0@group-F4A064441523:LeaderElection209] INFO  server.RaftServerConfigKeys (ConfUtils.java:logGet(43)) - raft.server.watch.timeout.denomination = 1s (default)
2019-09-25 11:51:58,637 [ForkJoinPool.commonPool-worker-0] INFO  segmented.SegmentedRaftLogWorker (SegmentedRaftLogWorker.java:close(228)) - 9251df79-82a8-42ab-9e26-93b345e6a062@group-894A97782426-SegmentedRaftLogWorker close()
2019-09-25 11:51:58,637 [f186b9fe-cb60-4f81-b082-a6c0d4357db0@group-F4A064441523:LeaderElection209] INFO  server.RaftServerConfigKeys (ConfUtils.java:logGet(43)) - raft.server.watch.element-limit = 65536 (default)
2019-09-25 11:51:58,640 [ForkJoinPool.commonPool-worker-0] INFO  server.GrpcService (GrpcService.java:closeImpl(164)) - 9251df79-82a8-42ab-9e26-93b345e6a062: shutdown server with port 33735 now
2019-09-25 11:51:58,642 [ForkJoinPool.commonPool-worker-0] INFO  server.GrpcService (GrpcService.java:closeImpl(172)) - 9251df79-82a8-42ab-9e26-93b345e6a062: shutdown server with port 33735 successfully
2019-09-25 11:51:58,643 [refreshUsed-/workdir/hadoop-ozone/ozonefs/target/test-dir/MiniOzoneClusterImpl-059d6754-7a35-406d-b491-ba78f413a116/datanode-0/data/containers] WARN  fs.CachingGetSpaceUsed (CachingGetSpaceUsed.java:run(183)) - Thread Interrupted waiting to refresh disk information: sleep interrupted
2019-09-25 11:51:58,644 [f186b9fe-cb60-4f81-b082-a6c0d4357db0@group-F4A064441523:LeaderElection209] INFO  impl.RoleInfo (RoleInfo.java:updateAndGet(143)) - f186b9fe-cb60-4f81-b082-a6c0d4357db0: start LeaderState
2019-09-25 11:51:58,646 [f186b9fe-cb60-4f81-b082-a6c0d4357db0@group-F4A064441523:LeaderElection209] INFO  segmented.SegmentedRaftLogWorker (SegmentedRaftLogWorker.java:startLogSegment(380)) - f186b9fe-cb60-4f81-b082-a6c0d4357db0@group-F4A064441523-SegmentedRaftLogWorker: Starting segment from index:0
2019-09-25 11:51:58,646 [f186b9fe-cb60-4f81-b082-a6c0d4357db0@group-F4A064441523:LeaderElection209] INFO  impl.RaftServerImpl (ServerState.java:setRaftConf(354)) - f186b9fe-cb60-4f81-b082-a6c0d4357db0@group-F4A064441523: set configuration 0: [f186b9fe-cb60-4f81-b082-a6c0d4357db0:192.168.30.6:37512], old=null at 0
2019-09-25 11:51:58,662 [main] INFO  utils.BackgroundService (BackgroundService.java:shutdown(148)) - Shutting down service BlockDeletingService
2019-09-25 11:51:58,680 [main] INFO  statemachine.DatanodeStateMachine (DatanodeStateMachine.java:stopDaemon(395)) - Ozone container server stopped.
2019-09-25 11:51:58,680 [main] INFO  handler.ContextHandler (ContextHandler.java:doStop(910)) - Stopped o.e.j.w.WebAppContext@4e96cb04{/,null,UNAVAILABLE}{/hddsDatanode}
2019-09-25 11:51:58,681 [main] INFO  server.AbstractConnector (AbstractConnector.java:doStop(318)) - Stopped ServerConnector@70ecf57b{HTTP/1.1,[http/1.1]}{0.0.0.0:0}
2019-09-25 11:51:58,681 [main] INFO  handler.ContextHandler (ContextHandler.java:doStop(910)) - Stopped o.e.j.s.ServletContextHandler@3a3316b6{/static,jar:file:/home/user/.m2/repository/org/apache/hadoop/hadoop-hdds-container-service/0.5.0-SNAPSHOT/hadoop-hdds-container-service-0.5.0-SNAPSHOT.jar!/webapps/static,UNAVAILABLE}
2019-09-25 11:51:58,682 [main] INFO  handler.ContextHandler (ContextHandler.java:doStop(910)) - Stopped o.e.j.s.ServletContextHandler@7d1cdeb1{/logs,file:///workdir/hadoop-ozone/ozonefs/target/log,UNAVAILABLE}
2019-09-25 11:51:58,684 [ForkJoinPool.commonPool-worker-0] INFO  utils.BackgroundService (BackgroundService.java:shutdown(148)) - Shutting down service BlockDeletingService
2019-09-25 11:51:58,690 [ForkJoinPool.commonPool-worker-0] INFO  statemachine.DatanodeStateMachine (DatanodeStateMachine.java:stopDaemon(395)) - Ozone container server stopped.
2019-09-25 11:51:58,693 [f186b9fe-cb60-4f81-b082-a6c0d4357db0@group-F4A064441523-SegmentedRaftLogWorker] INFO  segmented.SegmentedRaftLogWorker (SegmentedRaftLogWorker.java:execute(569)) - f186b9fe-cb60-4f81-b082-a6c0d4357db0@group-F4A064441523-SegmentedRaftLogWorker: created new log segment /workdir/hadoop-ozone/ozonefs/target/test-dir/MiniOzoneClusterImpl-059d6754-7a35-406d-b491-ba78f413a116/datanode-2/data/ratis/b2727628-4c58-4198-ba30-f4a064441523/current/log_inprogress_0
2019-09-25 11:51:58,695 [ForkJoinPool.commonPool-worker-0] INFO  handler.ContextHandler (ContextHandler.java:doStop(910)) - Stopped o.e.j.w.WebAppContext@538e74fc{/,null,UNAVAILABLE}{/hddsDatanode}
2019-09-25 11:51:58,696 [ForkJoinPool.commonPool-worker-0] INFO  server.AbstractConnector (AbstractConnector.java:doStop(318)) - Stopped ServerConnector@7ecb9e17{HTTP/1.1,[http/1.1]}{0.0.0.0:0}
2019-09-25 11:51:58,697 [ForkJoinPool.commonPool-worker-0] INFO  handler.ContextHandler (ContextHandler.java:doStop(910)) - Stopped o.e.j.s.ServletContextHandler@45f1413c{/static,jar:file:/home/user/.m2/repository/org/apache/hadoop/hadoop-hdds-container-service/0.5.0-SNAPSHOT/hadoop-hdds-container-service-0.5.0-SNAPSHOT.jar!/webapps/static,UNAVAILABLE}
2019-09-25 11:51:58,699 [ForkJoinPool.commonPool-worker-0] INFO  handler.ContextHandler (ContextHandler.java:doStop(910)) - Stopped o.e.j.s.ServletContextHandler@16029e2f{/logs,file:///workdir/hadoop-ozone/ozonefs/target/log,UNAVAILABLE}
2019-09-25 11:51:58,819 [Datanode State Machine Thread - 0] INFO  statemachine.DatanodeStateMachine (DatanodeStateMachine.java:lambda$startDaemon$0(350)) - Ozone container server started.
2019-09-25 11:52:03,683 [main] INFO  ozoneimpl.OzoneContainer (OzoneContainer.java:stop(231)) - Attempting to stop container services.
2019-09-25 11:52:03,684 [main] INFO  impl.RaftServerProxy (RaftServerProxy.java:lambda$close$4(314)) - f186b9fe-cb60-4f81-b082-a6c0d4357db0: close
2019-09-25 11:52:03,685 [main] INFO  impl.RaftServerImpl (RaftServerImpl.java:lambda$shutdown$3(251)) - f186b9fe-cb60-4f81-b082-a6c0d4357db0@group-1C5F0C28EF8D: shutdown
2019-09-25 11:52:03,685 [ForkJoinPool.commonPool-worker-1] INFO  impl.RaftServerImpl (RaftServerImpl.java:lambda$shutdown$3(251)) - f186b9fe-cb60-4f81-b082-a6c0d4357db0@group-298B71FE2B0E: shutdown
2019-09-25 11:52:03,685 [main] INFO  util.JmxRegister (JmxRegister.java:unregister(73)) - Successfully un-registered JMX Bean with object name Ratis:service=RaftServer,group=group-1C5F0C28EF8D,id=f186b9fe-cb60-4f81-b082-a6c0d4357db0
2019-09-25 11:52:03,686 [ForkJoinPool.commonPool-worker-1] INFO  util.JmxRegister (JmxRegister.java:unregister(73)) - Successfully un-registered JMX Bean with object name Ratis:service=RaftServer,group=group-298B71FE2B0E,id=f186b9fe-cb60-4f81-b082-a6c0d4357db0
2019-09-25 11:52:03,686 [main] INFO  impl.RoleInfo (RoleInfo.java:shutdownLeaderState(104)) - f186b9fe-cb60-4f81-b082-a6c0d4357db0: shutdown LeaderState
2019-09-25 11:52:03,686 [ForkJoinPool.commonPool-worker-1] INFO  impl.RoleInfo (RoleInfo.java:shutdownLeaderState(104)) - f186b9fe-cb60-4f81-b082-a6c0d4357db0: shutdown LeaderState
2019-09-25 11:52:03,687 [main] INFO  impl.PendingRequests (PendingRequests.java:sendNotLeaderResponses(202)) - f186b9fe-cb60-4f81-b082-a6c0d4357db0-PendingRequests: sendNotLeaderResponses
2019-09-25 11:52:03,687 [ForkJoinPool.commonPool-worker-1] INFO  impl.PendingRequests (PendingRequests.java:sendNotLeaderResponses(202)) - f186b9fe-cb60-4f81-b082-a6c0d4357db0-PendingRequests: sendNotLeaderResponses
2019-09-25 11:52:03,687 [main] INFO  impl.StateMachineUpdater (StateMachineUpdater.java:stopAndJoin(125)) - f186b9fe-cb60-4f81-b082-a6c0d4357db0@group-1C5F0C28EF8D-StateMachineUpdater: set stopIndex = 0
2019-09-25 11:52:03,688 [ForkJoinPool.commonPool-worker-1] INFO  impl.StateMachineUpdater (StateMachineUpdater.java:stopAndJoin(125)) - f186b9fe-cb60-4f81-b082-a6c0d4357db0@group-298B71FE2B0E-StateMachineUpdater: set stopIndex = 0
2019-09-25 11:52:03,688 [main] INFO  impl.RaftServerImpl (ServerState.java:close(385)) - f186b9fe-cb60-4f81-b082-a6c0d4357db0@group-1C5F0C28EF8D: closes. applyIndex: 0
2019-09-25 11:52:03,688 [ForkJoinPool.commonPool-worker-1] INFO  impl.RaftServerImpl (ServerState.java:close(385)) - f186b9fe-cb60-4f81-b082-a6c0d4357db0@group-298B71FE2B0E: closes. applyIndex: 0
2019-09-25 11:52:03,689 [f186b9fe-cb60-4f81-b082-a6c0d4357db0@group-1C5F0C28EF8D-SegmentedRaftLogWorker] INFO  segmented.SegmentedRaftLogWorker (SegmentedRaftLogWorker.java:run(313)) - f186b9fe-cb60-4f81-b082-a6c0d4357db0@group-1C5F0C28EF8D-SegmentedRaftLogWorker was interrupted, exiting. There are 0 tasks remaining in the queue.
2019-09-25 11:52:03,689 [f186b9fe-cb60-4f81-b082-a6c0d4357db0@group-298B71FE2B0E-SegmentedRaftLogWorker] INFO  segmented.SegmentedRaftLogWorker (SegmentedRaftLogWorker.java:run(313)) - f186b9fe-cb60-4f81-b082-a6c0d4357db0@group-298B71FE2B0E-SegmentedRaftLogWorker was interrupted, exiting. There are 0 tasks remaining in the queue.
2019-09-25 11:52:03,689 [main] INFO  segmented.SegmentedRaftLogWorker (SegmentedRaftLogWorker.java:close(228)) - f186b9fe-cb60-4f81-b082-a6c0d4357db0@group-1C5F0C28EF8D-SegmentedRaftLogWorker close()
2019-09-25 11:52:03,690 [ForkJoinPool.commonPool-worker-1] INFO  segmented.SegmentedRaftLogWorker (SegmentedRaftLogWorker.java:close(228)) - f186b9fe-cb60-4f81-b082-a6c0d4357db0@group-298B71FE2B0E-SegmentedRaftLogWorker close()
2019-09-25 11:52:03,693 [main] INFO  impl.RaftServerImpl (RaftServerImpl.java:lambda$shutdown$3(251)) - f186b9fe-cb60-4f81-b082-a6c0d4357db0@group-11D49F0C3BF1: shutdown
2019-09-25 11:52:03,695 [ForkJoinPool.commonPool-worker-1] INFO  impl.RaftServerImpl (RaftServerImpl.java:lambda$shutdown$3(251)) - f186b9fe-cb60-4f81-b082-a6c0d4357db0@group-9450AC43FD04: shutdown
2019-09-25 11:52:03,695 [main] INFO  util.JmxRegister (JmxRegister.java:unregister(73)) - Successfully un-registered JMX Bean with object name Ratis:service=RaftServer,group=group-11D49F0C3BF1,id=f186b9fe-cb60-4f81-b082-a6c0d4357db0
2019-09-25 11:52:03,696 [ForkJoinPool.commonPool-worker-1] INFO  util.JmxRegister (JmxRegister.java:unregister(73)) - Successfully un-registered JMX Bean with object name Ratis:service=RaftServer,group=group-9450AC43FD04,id=f186b9fe-cb60-4f81-b082-a6c0d4357db0
2019-09-25 11:52:03,696 [main] INFO  impl.RoleInfo (RoleInfo.java:shutdownLeaderState(104)) - f186b9fe-cb60-4f81-b082-a6c0d4357db0: shutdown LeaderState
2019-09-25 11:52:03,696 [ForkJoinPool.commonPool-worker-1] INFO  impl.RoleInfo (RoleInfo.java:shutdownLeaderState(104)) - f186b9fe-cb60-4f81-b082-a6c0d4357db0: shutdown LeaderState
2019-09-25 11:52:03,697 [main] INFO  impl.PendingRequests (PendingRequests.java:sendNotLeaderResponses(202)) - f186b9fe-cb60-4f81-b082-a6c0d4357db0-PendingRequests: sendNotLeaderResponses
2019-09-25 11:52:03,697 [ForkJoinPool.commonPool-worker-1] INFO  impl.PendingRequests (PendingRequests.java:sendNotLeaderResponses(202)) - f186b9fe-cb60-4f81-b082-a6c0d4357db0-PendingRequests: sendNotLeaderResponses
2019-09-25 11:52:03,697 [main] INFO  impl.StateMachineUpdater (StateMachineUpdater.java:stopAndJoin(125)) - f186b9fe-cb60-4f81-b082-a6c0d4357db0@group-11D49F0C3BF1-StateMachineUpdater: set stopIndex = 0
2019-09-25 11:52:03,698 [main] INFO  impl.RaftServerImpl (ServerState.java:close(385)) - f186b9fe-cb60-4f81-b082-a6c0d4357db0@group-11D49F0C3BF1: closes. applyIndex: 0
2019-09-25 11:52:03,698 [ForkJoinPool.commonPool-worker-1] INFO  impl.StateMachineUpdater (StateMachineUpdater.java:stopAndJoin(125)) - f186b9fe-cb60-4f81-b082-a6c0d4357db0@group-9450AC43FD04-StateMachineUpdater: set stopIndex = 0
2019-09-25 11:52:03,699 [f186b9fe-cb60-4f81-b082-a6c0d4357db0@group-11D49F0C3BF1-SegmentedRaftLogWorker] INFO  segmented.SegmentedRaftLogWorker (SegmentedRaftLogWorker.java:run(313)) - f186b9fe-cb60-4f81-b082-a6c0d4357db0@group-11D49F0C3BF1-SegmentedRaftLogWorker was interrupted, exiting. There are 0 tasks remaining in the queue.
2019-09-25 11:52:03,699 [ForkJoinPool.commonPool-worker-1] INFO  impl.RaftServerImpl (ServerState.java:close(385)) - f186b9fe-cb60-4f81-b082-a6c0d4357db0@group-9450AC43FD04: closes. applyIndex: 0
2019-09-25 11:52:03,699 [main] INFO  segmented.SegmentedRaftLogWorker (SegmentedRaftLogWorker.java:close(228)) - f186b9fe-cb60-4f81-b082-a6c0d4357db0@group-11D49F0C3BF1-SegmentedRaftLogWorker close()
2019-09-25 11:52:03,699 [f186b9fe-cb60-4f81-b082-a6c0d4357db0@group-9450AC43FD04-SegmentedRaftLogWorker] INFO  segmented.SegmentedRaftLogWorker (SegmentedRaftLogWorker.java:run(313)) - f186b9fe-cb60-4f81-b082-a6c0d4357db0@group-9450AC43FD04-SegmentedRaftLogWorker was interrupted, exiting. There are 0 tasks remaining in the queue.
2019-09-25 11:52:03,701 [main] INFO  impl.RaftServerImpl (RaftServerImpl.java:lambda$shutdown$3(251)) - f186b9fe-cb60-4f81-b082-a6c0d4357db0@group-5745A25AEFF0: shutdown
2019-09-25 11:52:03,702 [ForkJoinPool.commonPool-worker-1] INFO  segmented.SegmentedRaftLogWorker (SegmentedRaftLogWorker.java:close(228)) - f186b9fe-cb60-4f81-b082-a6c0d4357db0@group-9450AC43FD04-SegmentedRaftLogWorker close()
2019-09-25 11:52:03,702 [main] INFO  util.JmxRegister (JmxRegister.java:unregister(73)) - Successfully un-registered JMX Bean with object name Ratis:service=RaftServer,group=group-5745A25AEFF0,id=f186b9fe-cb60-4f81-b082-a6c0d4357db0
2019-09-25 11:52:03,704 [main] INFO  impl.RoleInfo (RoleInfo.java:shutdownLeaderState(104)) - f186b9fe-cb60-4f81-b082-a6c0d4357db0: shutdown LeaderState
2019-09-25 11:52:03,704 [ForkJoinPool.commonPool-worker-1] INFO  impl.RaftServerImpl (RaftServerImpl.java:lambda$shutdown$3(251)) - f186b9fe-cb60-4f81-b082-a6c0d4357db0@group-F4A064441523: shutdown
2019-09-25 11:52:03,705 [main] INFO  impl.PendingRequests (PendingRequests.java:sendNotLeaderResponses(202)) - f186b9fe-cb60-4f81-b082-a6c0d4357db0-PendingRequests: sendNotLeaderResponses
2019-09-25 11:52:03,705 [ForkJoinPool.commonPool-worker-1] INFO  util.JmxRegister (JmxRegister.java:unregister(73)) - Successfully un-registered JMX Bean with object name Ratis:service=RaftServer,group=group-F4A064441523,id=f186b9fe-cb60-4f81-b082-a6c0d4357db0
2019-09-25 11:52:03,705 [main] INFO  impl.StateMachineUpdater (StateMachineUpdater.java:stopAndJoin(125)) - f186b9fe-cb60-4f81-b082-a6c0d4357db0@group-5745A25AEFF0-StateMachineUpdater: set stopIndex = 0
2019-09-25 11:52:03,706 [main] INFO  impl.RaftServerImpl (ServerState.java:close(385)) - f186b9fe-cb60-4f81-b082-a6c0d4357db0@group-5745A25AEFF0: closes. applyIndex: 0
2019-09-25 11:52:03,705 [ForkJoinPool.commonPool-worker-1] INFO  impl.RoleInfo (RoleInfo.java:shutdownLeaderState(104)) - f186b9fe-cb60-4f81-b082-a6c0d4357db0: shutdown LeaderState
2019-09-25 11:52:03,706 [f186b9fe-cb60-4f81-b082-a6c0d4357db0@group-5745A25AEFF0-SegmentedRaftLogWorker] INFO  segmented.SegmentedRaftLogWorker (SegmentedRaftLogWorker.java:run(313)) - f186b9fe-cb60-4f81-b082-a6c0d4357db0@group-5745A25AEFF0-SegmentedRaftLogWorker was interrupted, exiting. There are 0 tasks remaining in the queue.
2019-09-25 11:52:03,706 [ForkJoinPool.commonPool-worker-1] INFO  impl.PendingRequests (PendingRequests.java:sendNotLeaderResponses(202)) - f186b9fe-cb60-4f81-b082-a6c0d4357db0-PendingRequests: sendNotLeaderResponses
2019-09-25 11:52:03,707 [main] INFO  segmented.SegmentedRaftLogWorker (SegmentedRaftLogWorker.java:close(228)) - f186b9fe-cb60-4f81-b082-a6c0d4357db0@group-5745A25AEFF0-SegmentedRaftLogWorker close()
2019-09-25 11:52:03,707 [ForkJoinPool.commonPool-worker-1] INFO  impl.StateMachineUpdater (StateMachineUpdater.java:stopAndJoin(125)) - f186b9fe-cb60-4f81-b082-a6c0d4357db0@group-F4A064441523-StateMachineUpdater: set stopIndex = 0
2019-09-25 11:52:03,709 [ForkJoinPool.commonPool-worker-1] INFO  impl.RaftServerImpl (ServerState.java:close(385)) - f186b9fe-cb60-4f81-b082-a6c0d4357db0@group-F4A064441523: closes. applyIndex: 0
2019-09-25 11:52:03,710 [f186b9fe-cb60-4f81-b082-a6c0d4357db0@group-F4A064441523-SegmentedRaftLogWorker] INFO  segmented.SegmentedRaftLogWorker (SegmentedRaftLogWorker.java:run(313)) - f186b9fe-cb60-4f81-b082-a6c0d4357db0@group-F4A064441523-SegmentedRaftLogWorker was interrupted, exiting. There are 0 tasks remaining in the queue.
2019-09-25 11:52:03,710 [ForkJoinPool.commonPool-worker-1] INFO  segmented.SegmentedRaftLogWorker (SegmentedRaftLogWorker.java:close(228)) - f186b9fe-cb60-4f81-b082-a6c0d4357db0@group-F4A064441523-SegmentedRaftLogWorker close()
2019-09-25 11:52:03,712 [main] INFO  server.GrpcService (GrpcService.java:closeImpl(164)) - f186b9fe-cb60-4f81-b082-a6c0d4357db0: shutdown server with port 37512 now
2019-09-25 11:52:03,715 [main] INFO  server.GrpcService (GrpcService.java:closeImpl(172)) - f186b9fe-cb60-4f81-b082-a6c0d4357db0: shutdown server with port 37512 successfully
2019-09-25 11:52:03,717 [refreshUsed-/workdir/hadoop-ozone/ozonefs/target/test-dir/MiniOzoneClusterImpl-059d6754-7a35-406d-b491-ba78f413a116/datanode-2/data/containers] WARN  fs.CachingGetSpaceUsed (CachingGetSpaceUsed.java:run(183)) - Thread Interrupted waiting to refresh disk information: sleep interrupted
2019-09-25 11:52:03,744 [main] INFO  utils.BackgroundService (BackgroundService.java:shutdown(148)) - Shutting down service BlockDeletingService
2019-09-25 11:52:03,749 [main] INFO  statemachine.DatanodeStateMachine (DatanodeStateMachine.java:stopDaemon(395)) - Ozone container server stopped.
2019-09-25 11:52:03,750 [main] INFO  handler.ContextHandler (ContextHandler.java:doStop(910)) - Stopped o.e.j.w.WebAppContext@70592729{/,null,UNAVAILABLE}{/hddsDatanode}
2019-09-25 11:52:03,751 [main] INFO  server.AbstractConnector (AbstractConnector.java:doStop(318)) - Stopped ServerConnector@2fdf7da2{HTTP/1.1,[http/1.1]}{0.0.0.0:0}
2019-09-25 11:52:03,752 [main] INFO  handler.ContextHandler (ContextHandler.java:doStop(910)) - Stopped o.e.j.s.ServletContextHandler@5256fbc{/static,jar:file:/home/user/.m2/repository/org/apache/hadoop/hadoop-hdds-container-service/0.5.0-SNAPSHOT/hadoop-hdds-container-service-0.5.0-SNAPSHOT.jar!/webapps/static,UNAVAILABLE}
2019-09-25 11:52:03,752 [main] INFO  handler.ContextHandler (ContextHandler.java:doStop(910)) - Stopped o.e.j.s.ServletContextHandler@11295cb1{/logs,file:///workdir/hadoop-ozone/ozonefs/target/log,UNAVAILABLE}
2019-09-25 11:52:03,753 [main] INFO  ozone.MiniOzoneClusterImpl (MiniOzoneClusterImpl.java:stopSCM(392)) - Stopping the StorageContainerManager
2019-09-25 11:52:03,754 [main] INFO  server.StorageContainerManager (StorageContainerManager.java:stop(808)) - Stopping Replication Manager Service.
2019-09-25 11:52:03,754 [main] INFO  container.ReplicationManager (ReplicationManager.java:stop(204)) - Stopping Replication Monitor Thread.
2019-09-25 11:52:03,754 [main] INFO  server.StorageContainerManager (StorageContainerManager.java:stop(815)) - Stopping Lease Manager of the command watchers
2019-09-25 11:52:03,754 [main] INFO  server.StorageContainerManager (StorageContainerManager.java:stop(822)) - Stopping datanode service RPC server
2019-09-25 11:52:03,754 [main] INFO  server.SCMDatanodeProtocolServer (SCMDatanodeProtocolServer.java:stop(367)) - Stopping the RPC server for DataNodes
2019-09-25 11:52:03,755 [main] INFO  ipc.Server (Server.java:stop(3082)) - Stopping server on 42531
2019-09-25 11:52:03,757 [IPC Server listener on 42531] INFO  ipc.Server (Server.java:run(1185)) - Stopping IPC Server listener on 42531
2019-09-25 11:52:03,757 [IPC Server Responder] INFO  ipc.Server (Server.java:run(1319)) - Stopping IPC Server Responder
2019-09-25 11:52:03,831 [SCM Heartbeat Processing Thread - 0] WARN  node.NodeStateManager (NodeStateManager.java:scheduleNextHealthCheck(655)) - Current Thread is interrupted, shutting down HB processing thread for Node Manager.
2019-09-25 11:52:03,831 [main] INFO  server.StorageContainerManager (StorageContainerManager.java:stop(830)) - Stopping block service RPC server
2019-09-25 11:52:03,832 [main] INFO  server.SCMBlockProtocolServer (SCMBlockProtocolServer.java:stop(155)) - Stopping the RPC server for Block Protocol
2019-09-25 11:52:03,832 [main] INFO  ipc.Server (Server.java:stop(3082)) - Stopping server on 33836
2019-09-25 11:52:03,834 [IPC Server listener on 33836] INFO  ipc.Server (Server.java:run(1185)) - Stopping IPC Server listener on 33836
2019-09-25 11:52:03,834 [main] INFO  server.StorageContainerManager (StorageContainerManager.java:stop(837)) - Stopping the StorageContainerLocationProtocol RPC server
2019-09-25 11:52:03,834 [IPC Server Responder] INFO  ipc.Server (Server.java:run(1319)) - Stopping IPC Server Responder
2019-09-25 11:52:03,836 [main] INFO  server.SCMClientProtocolServer (SCMClientProtocolServer.java:stop(159)) - Stopping the RPC server for Client Protocol
2019-09-25 11:52:03,837 [main] INFO  ipc.Server (Server.java:stop(3082)) - Stopping server on 36410
2019-09-25 11:52:03,839 [IPC Server listener on 36410] INFO  ipc.Server (Server.java:run(1185)) - Stopping IPC Server listener on 36410
2019-09-25 11:52:03,839 [main] INFO  server.StorageContainerManager (StorageContainerManager.java:stop(844)) - Stopping Storage Container Manager HTTP server.
2019-09-25 11:52:03,839 [IPC Server Responder] INFO  ipc.Server (Server.java:run(1319)) - Stopping IPC Server Responder
2019-09-25 11:52:03,842 [main] INFO  handler.ContextHandler (ContextHandler.java:doStop(910)) - Stopped o.e.j.w.WebAppContext@edbc2bf{/,null,UNAVAILABLE}{/scm}
2019-09-25 11:52:03,843 [main] INFO  server.AbstractConnector (AbstractConnector.java:doStop(318)) - Stopped ServerConnector@3e01796a{HTTP/1.1,[http/1.1]}{0.0.0.0:0}
2019-09-25 11:52:03,843 [main] INFO  handler.ContextHandler (ContextHandler.java:doStop(910)) - Stopped o.e.j.s.ServletContextHandler@61eab26b{/static,jar:file:/home/user/.m2/repository/org/apache/hadoop/hadoop-hdds-server-scm/0.5.0-SNAPSHOT/hadoop-hdds-server-scm-0.5.0-SNAPSHOT.jar!/webapps/static,UNAVAILABLE}
2019-09-25 11:52:03,845 [main] INFO  handler.ContextHandler (ContextHandler.java:doStop(910)) - Stopped o.e.j.s.ServletContextHandler@288409f0{/logs,file:///workdir/hadoop-ozone/ozonefs/target/log,UNAVAILABLE}
2019-09-25 11:52:03,846 [main] INFO  server.StorageContainerManager (StorageContainerManager.java:stop(855)) - Stopping Block Manager Service.
2019-09-25 11:52:03,846 [main] INFO  utils.BackgroundService (BackgroundService.java:shutdown(148)) - Shutting down service SCMBlockDeletingService
2019-09-25 11:52:03,846 [main] INFO  utils.BackgroundService (BackgroundService.java:shutdown(148)) - Shutting down service SCMBlockDeletingService
2019-09-25 11:52:03,847 [main] INFO  server.StorageContainerManager (StorageContainerManager.java:stop(877)) - Stopping SCM Event Queue.
2019-09-25 11:52:03,857 [main] INFO  impl.MetricsSystemImpl (MetricsSystemImpl.java:stop(210)) - Stopping HddsDatanode metrics system...
2019-09-25 11:52:03,871 [main] INFO  impl.MetricsSystemImpl (MetricsSystemImpl.java:stop(216)) - HddsDatanode metrics system stopped.
]]></system-out>
  </testcase>
</testsuite>