<?xml version="1.0" encoding="UTF-8"?>
<testsuite xmlns:xsi="http://www.w3.org/2001/XMLSchema-instance" xsi:noNamespaceSchemaLocation="https://maven.apache.org/surefire/maven-surefire-plugin/xsd/surefire-test-report.xsd" name="org.apache.hadoop.fs.ozone.TestOzoneFileSystem" time="146.676" tests="8" errors="4" skipped="0" failures="0">
  <properties>
    <property name="awt.toolkit" value="sun.awt.X11.XToolkit"/>
    <property name="file.encoding.pkg" value="sun.io"/>
    <property name="java.specification.version" value="1.8"/>
    <property name="sun.cpu.isalist" value=""/>
    <property name="sun.jnu.encoding" value="UTF-8"/>
    <property name="java.class.path" value="/workdir/hadoop-ozone/ozonefs/target/test-classes:/workdir/hadoop-ozone/ozonefs/target/classes:/home/user/.m2/repository/org/apache/hadoop/hadoop-common/3.2.0/hadoop-common-3.2.0.jar:/home/user/.m2/repository/org/apache/hadoop/hadoop-annotations/3.2.0/hadoop-annotations-3.2.0.jar:/usr/lib/jvm/java-1.8-openjdk/jre/../lib/tools.jar:/home/user/.m2/repository/com/google/guava/guava/11.0.2/guava-11.0.2.jar:/home/user/.m2/repository/commons-cli/commons-cli/1.2/commons-cli-1.2.jar:/home/user/.m2/repository/org/apache/commons/commons-math3/3.1.1/commons-math3-3.1.1.jar:/home/user/.m2/repository/org/apache/httpcomponents/httpclient/4.5.2/httpclient-4.5.2.jar:/home/user/.m2/repository/org/apache/httpcomponents/httpcore/4.4.4/httpcore-4.4.4.jar:/home/user/.m2/repository/commons-codec/commons-codec/1.11/commons-codec-1.11.jar:/home/user/.m2/repository/commons-io/commons-io/2.5/commons-io-2.5.jar:/home/user/.m2/repository/commons-net/commons-net/3.6/commons-net-3.6.jar:/home/user/.m2/repository/commons-collections/commons-collections/3.2.2/commons-collections-3.2.2.jar:/home/user/.m2/repository/javax/servlet/javax.servlet-api/3.1.0/javax.servlet-api-3.1.0.jar:/home/user/.m2/repository/org/eclipse/jetty/jetty-server/9.3.25.v20180904/jetty-server-9.3.25.v20180904.jar:/home/user/.m2/repository/org/eclipse/jetty/jetty-http/9.3.25.v20180904/jetty-http-9.3.25.v20180904.jar:/home/user/.m2/repository/org/eclipse/jetty/jetty-io/9.3.25.v20180904/jetty-io-9.3.25.v20180904.jar:/home/user/.m2/repository/org/eclipse/jetty/jetty-util/9.3.25.v20180904/jetty-util-9.3.25.v20180904.jar:/home/user/.m2/repository/org/eclipse/jetty/jetty-servlet/9.3.25.v20180904/jetty-servlet-9.3.25.v20180904.jar:/home/user/.m2/repository/org/eclipse/jetty/jetty-security/9.3.25.v20180904/jetty-security-9.3.25.v20180904.jar:/home/user/.m2/repository/org/eclipse/jetty/jetty-webapp/9.3.25.v20180904/jetty-webapp-9.3.25.v20180904.jar:/home/user/.m2/repository/org/eclipse/jetty/jetty-xml/9.3.25.v20180904/jetty-xml-9.3.25.v20180904.jar:/home/user/.m2/repository/javax/servlet/jsp/jsp-api/2.1/jsp-api-2.1.jar:/home/user/.m2/repository/com/sun/jersey/jersey-core/1.19/jersey-core-1.19.jar:/home/user/.m2/repository/javax/ws/rs/jsr311-api/1.1.1/jsr311-api-1.1.1.jar:/home/user/.m2/repository/com/sun/jersey/jersey-servlet/1.19/jersey-servlet-1.19.jar:/home/user/.m2/repository/com/sun/jersey/jersey-json/1.19/jersey-json-1.19.jar:/home/user/.m2/repository/org/codehaus/jettison/jettison/1.1/jettison-1.1.jar:/home/user/.m2/repository/com/sun/xml/bind/jaxb-impl/2.3.0.1/jaxb-impl-2.3.0.1.jar:/home/user/.m2/repository/org/codehaus/jackson/jackson-core-asl/1.9.13/jackson-core-asl-1.9.13.jar:/home/user/.m2/repository/org/codehaus/jackson/jackson-mapper-asl/1.9.13/jackson-mapper-asl-1.9.13.jar:/home/user/.m2/repository/org/codehaus/jackson/jackson-jaxrs/1.9.13/jackson-jaxrs-1.9.13.jar:/home/user/.m2/repository/org/codehaus/jackson/jackson-xc/1.9.13/jackson-xc-1.9.13.jar:/home/user/.m2/repository/com/sun/jersey/jersey-server/1.19/jersey-server-1.19.jar:/home/user/.m2/repository/commons-logging/commons-logging/1.1.3/commons-logging-1.1.3.jar:/home/user/.m2/repository/log4j/log4j/1.2.17/log4j-1.2.17.jar:/home/user/.m2/repository/commons-beanutils/commons-beanutils/1.9.4/commons-beanutils-1.9.4.jar:/home/user/.m2/repository/org/apache/commons/commons-configuration2/2.1.1/commons-configuration2-2.1.1.jar:/home/user/.m2/repository/org/apache/commons/commons-lang3/3.7/commons-lang3-3.7.jar:/home/user/.m2/repository/org/apache/commons/commons-text/1.4/commons-text-1.4.jar:/home/user/.m2/repository/org/slf4j/slf4j-api/1.7.25/slf4j-api-1.7.25.jar:/home/user/.m2/repository/org/slf4j/slf4j-log4j12/1.7.25/slf4j-log4j12-1.7.25.jar:/home/user/.m2/repository/org/apache/avro/avro/1.7.7/avro-1.7.7.jar:/home/user/.m2/repository/com/thoughtworks/paranamer/paranamer/2.3/paranamer-2.3.jar:/home/user/.m2/repository/org/xerial/snappy/snappy-java/1.0.5/snappy-java-1.0.5.jar:/home/user/.m2/repository/com/google/re2j/re2j/1.1/re2j-1.1.jar:/home/user/.m2/repository/com/google/protobuf/protobuf-java/2.5.0/protobuf-java-2.5.0.jar:/home/user/.m2/repository/com/google/code/gson/gson/2.2.4/gson-2.2.4.jar:/home/user/.m2/repository/org/apache/hadoop/hadoop-auth/3.2.0/hadoop-auth-3.2.0.jar:/home/user/.m2/repository/com/nimbusds/nimbus-jose-jwt/4.41.1/nimbus-jose-jwt-4.41.1.jar:/home/user/.m2/repository/com/github/stephenc/jcip/jcip-annotations/1.0-1/jcip-annotations-1.0-1.jar:/home/user/.m2/repository/net/minidev/json-smart/2.3/json-smart-2.3.jar:/home/user/.m2/repository/net/minidev/accessors-smart/1.2/accessors-smart-1.2.jar:/home/user/.m2/repository/org/apache/curator/curator-framework/2.12.0/curator-framework-2.12.0.jar:/home/user/.m2/repository/com/jcraft/jsch/0.1.54/jsch-0.1.54.jar:/home/user/.m2/repository/org/apache/curator/curator-client/2.12.0/curator-client-2.12.0.jar:/home/user/.m2/repository/org/apache/curator/curator-recipes/2.12.0/curator-recipes-2.12.0.jar:/home/user/.m2/repository/com/google/code/findbugs/jsr305/3.0.0/jsr305-3.0.0.jar:/home/user/.m2/repository/org/apache/htrace/htrace-core4/4.1.0-incubating/htrace-core4-4.1.0-incubating.jar:/home/user/.m2/repository/org/apache/zookeeper/zookeeper/3.4.13/zookeeper-3.4.13.jar:/home/user/.m2/repository/jline/jline/0.9.94/jline-0.9.94.jar:/home/user/.m2/repository/org/apache/yetus/audience-annotations/0.5.0/audience-annotations-0.5.0.jar:/home/user/.m2/repository/org/apache/commons/commons-compress/1.4.1/commons-compress-1.4.1.jar:/home/user/.m2/repository/org/tukaani/xz/1.0/xz-1.0.jar:/home/user/.m2/repository/org/apache/kerby/kerb-simplekdc/1.0.1/kerb-simplekdc-1.0.1.jar:/home/user/.m2/repository/org/apache/kerby/kerb-client/1.0.1/kerb-client-1.0.1.jar:/home/user/.m2/repository/org/apache/kerby/kerby-config/1.0.1/kerby-config-1.0.1.jar:/home/user/.m2/repository/org/apache/kerby/kerb-core/1.0.1/kerb-core-1.0.1.jar:/home/user/.m2/repository/org/apache/kerby/kerby-pkix/1.0.1/kerby-pkix-1.0.1.jar:/home/user/.m2/repository/org/apache/kerby/kerby-asn1/1.0.1/kerby-asn1-1.0.1.jar:/home/user/.m2/repository/org/apache/kerby/kerby-util/1.0.1/kerby-util-1.0.1.jar:/home/user/.m2/repository/org/apache/kerby/kerb-common/1.0.1/kerb-common-1.0.1.jar:/home/user/.m2/repository/org/apache/kerby/kerb-crypto/1.0.1/kerb-crypto-1.0.1.jar:/home/user/.m2/repository/org/apache/kerby/kerb-util/1.0.1/kerb-util-1.0.1.jar:/home/user/.m2/repository/org/apache/kerby/token-provider/1.0.1/token-provider-1.0.1.jar:/home/user/.m2/repository/org/apache/kerby/kerb-admin/1.0.1/kerb-admin-1.0.1.jar:/home/user/.m2/repository/org/apache/kerby/kerb-server/1.0.1/kerb-server-1.0.1.jar:/home/user/.m2/repository/org/apache/kerby/kerb-identity/1.0.1/kerb-identity-1.0.1.jar:/home/user/.m2/repository/org/apache/kerby/kerby-xdr/1.0.1/kerby-xdr-1.0.1.jar:/home/user/.m2/repository/com/fasterxml/jackson/core/jackson-databind/2.9.9/jackson-databind-2.9.9.jar:/home/user/.m2/repository/com/fasterxml/jackson/core/jackson-annotations/2.9.9/jackson-annotations-2.9.9.jar:/home/user/.m2/repository/com/fasterxml/jackson/core/jackson-core/2.9.9/jackson-core-2.9.9.jar:/home/user/.m2/repository/org/codehaus/woodstox/stax2-api/3.1.4/stax2-api-3.1.4.jar:/home/user/.m2/repository/com/fasterxml/woodstox/woodstox-core/5.0.3/woodstox-core-5.0.3.jar:/home/user/.m2/repository/dnsjava/dnsjava/2.1.7/dnsjava-2.1.7.jar:/home/user/.m2/repository/org/apache/hadoop/hadoop-hdfs/3.2.0/hadoop-hdfs-3.2.0.jar:/home/user/.m2/repository/org/eclipse/jetty/jetty-util-ajax/9.3.25.v20180904/jetty-util-ajax-9.3.25.v20180904.jar:/home/user/.m2/repository/commons-daemon/commons-daemon/1.0.13/commons-daemon-1.0.13.jar:/home/user/.m2/repository/io/netty/netty/3.10.5.Final/netty-3.10.5.Final.jar:/home/user/.m2/repository/io/netty/netty-all/4.0.52.Final/netty-all-4.0.52.Final.jar:/home/user/.m2/repository/org/fusesource/leveldbjni/leveldbjni-all/1.8/leveldbjni-all-1.8.jar:/home/user/.m2/repository/org/apache/hadoop/hadoop-hdds-common/0.5.0-SNAPSHOT/hadoop-hdds-common-0.5.0-SNAPSHOT.jar:/home/user/.m2/repository/org/apache/hadoop/hadoop-hdds-config/0.5.0-SNAPSHOT/hadoop-hdds-config-0.5.0-SNAPSHOT.jar:/home/user/.m2/repository/javax/annotation/javax.annotation-api/1.2/javax.annotation-api-1.2.jar:/home/user/.m2/repository/org/apache/ratis/ratis-server/0.4.0/ratis-server-0.4.0.jar:/home/user/.m2/repository/org/apache/ratis/ratis-thirdparty-misc/0.2.0/ratis-thirdparty-misc-0.2.0.jar:/home/user/.m2/repository/org/apache/ratis/ratis-proto/0.4.0/ratis-proto-0.4.0.jar:/home/user/.m2/repository/org/apache/ratis/ratis-common/0.4.0/ratis-common-0.4.0.jar:/home/user/.m2/repository/org/apache/ratis/ratis-client/0.4.0/ratis-client-0.4.0.jar:/home/user/.m2/repository/org/apache/ratis/ratis-metrics/0.4.0/ratis-metrics-0.4.0.jar:/home/user/.m2/repository/com/github/joshelser/dropwizard-metrics-hadoop-metrics2-reporter/0.1.2/dropwizard-metrics-hadoop-metrics2-reporter-0.1.2.jar:/home/user/.m2/repository/io/dropwizard/metrics/metrics-jvm/3.2.5/metrics-jvm-3.2.5.jar:/home/user/.m2/repository/io/dropwizard/metrics/metrics-ganglia/3.2.5/metrics-ganglia-3.2.5.jar:/home/user/.m2/repository/info/ganglia/gmetric4j/gmetric4j/1.0.7/gmetric4j-1.0.7.jar:/home/user/.m2/repository/org/apache/ratis/ratis-netty/0.4.0/ratis-netty-0.4.0.jar:/home/user/.m2/repository/org/apache/ratis/ratis-grpc/0.4.0/ratis-grpc-0.4.0.jar:/home/user/.m2/repository/org/rocksdb/rocksdbjni/6.0.1/rocksdbjni-6.0.1.jar:/home/user/.m2/repository/org/apache/logging/log4j/log4j-api/2.11.0/log4j-api-2.11.0.jar:/home/user/.m2/repository/org/apache/logging/log4j/log4j-core/2.11.0/log4j-core-2.11.0.jar:/home/user/.m2/repository/com/lmax/disruptor/3.4.2/disruptor-3.4.2.jar:/home/user/.m2/repository/org/apache/commons/commons-pool2/2.6.0/commons-pool2-2.6.0.jar:/home/user/.m2/repository/org/bouncycastle/bcpkix-jdk15on/1.60/bcpkix-jdk15on-1.60.jar:/home/user/.m2/repository/commons-validator/commons-validator/1.6/commons-validator-1.6.jar:/home/user/.m2/repository/commons-digester/commons-digester/1.8.1/commons-digester-1.8.1.jar:/home/user/.m2/repository/io/jaegertracing/jaeger-client/0.34.0/jaeger-client-0.34.0.jar:/home/user/.m2/repository/io/jaegertracing/jaeger-thrift/0.34.0/jaeger-thrift-0.34.0.jar:/home/user/.m2/repository/org/apache/thrift/libthrift/0.12.0/libthrift-0.12.0.jar:/home/user/.m2/repository/com/squareup/okhttp3/okhttp/3.9.0/okhttp-3.9.0.jar:/home/user/.m2/repository/com/squareup/okio/okio/1.13.0/okio-1.13.0.jar:/home/user/.m2/repository/io/jaegertracing/jaeger-core/0.34.0/jaeger-core-0.34.0.jar:/home/user/.m2/repository/io/jaegertracing/jaeger-tracerresolver/0.34.0/jaeger-tracerresolver-0.34.0.jar:/home/user/.m2/repository/io/opentracing/contrib/opentracing-tracerresolver/0.1.5/opentracing-tracerresolver-0.1.5.jar:/home/user/.m2/repository/io/opentracing/opentracing-util/0.31.0/opentracing-util-0.31.0.jar:/home/user/.m2/repository/io/opentracing/opentracing-api/0.31.0/opentracing-api-0.31.0.jar:/home/user/.m2/repository/io/opentracing/opentracing-noop/0.31.0/opentracing-noop-0.31.0.jar:/home/user/.m2/repository/org/yaml/snakeyaml/1.16/snakeyaml-1.16.jar:/home/user/.m2/repository/org/apache/hadoop/hadoop-hdfs-client/3.2.0/hadoop-hdfs-client-3.2.0.jar:/home/user/.m2/repository/info/picocli/picocli/3.9.6/picocli-3.9.6.jar:/home/user/.m2/repository/org/apache/hadoop/hadoop-hdds-server-scm/0.5.0-SNAPSHOT/hadoop-hdds-server-scm-0.5.0-SNAPSHOT.jar:/home/user/.m2/repository/org/apache/hadoop/hadoop-hdds-docs/0.5.0-SNAPSHOT/hadoop-hdds-docs-0.5.0-SNAPSHOT.jar:/home/user/.m2/repository/io/dropwizard/metrics/metrics-core/3.2.4/metrics-core-3.2.4.jar:/home/user/.m2/repository/org/hamcrest/hamcrest-all/1.3/hamcrest-all-1.3.jar:/home/user/.m2/repository/org/bouncycastle/bcprov-jdk15on/1.60/bcprov-jdk15on-1.60.jar:/home/user/.m2/repository/org/apache/hadoop/hadoop-hdds-server-framework/0.5.0-SNAPSHOT/hadoop-hdds-server-framework-0.5.0-SNAPSHOT.jar:/home/user/.m2/repository/org/apache/hadoop/hadoop-ozone-ozone-manager/0.5.0-SNAPSHOT/hadoop-ozone-ozone-manager-0.5.0-SNAPSHOT.jar:/home/user/.m2/repository/org/apache/hadoop/hadoop-hdds-container-service/0.5.0-SNAPSHOT/hadoop-hdds-container-service-0.5.0-SNAPSHOT.jar:/home/user/.m2/repository/org/apache/hadoop/hadoop-hdds-client/0.5.0-SNAPSHOT/hadoop-hdds-client-0.5.0-SNAPSHOT.jar:/home/user/.m2/repository/org/apache/hadoop/hadoop-ozone-common/0.5.0-SNAPSHOT/hadoop-ozone-common-0.5.0-SNAPSHOT.jar:/home/user/.m2/repository/org/apache/hadoop/hadoop-hdds-tools/0.5.0-SNAPSHOT/hadoop-hdds-tools-0.5.0-SNAPSHOT.jar:/home/user/.m2/repository/org/xerial/sqlite-jdbc/3.25.2/sqlite-jdbc-3.25.2.jar:/home/user/.m2/repository/com/google/code/findbugs/findbugs/3.0.1/findbugs-3.0.1.jar:/home/user/.m2/repository/net/jcip/jcip-annotations/1.0/jcip-annotations-1.0.jar:/home/user/.m2/repository/com/google/code/findbugs/bcel-findbugs/6.0/bcel-findbugs-6.0.jar:/home/user/.m2/repository/com/google/code/findbugs/jFormatString/2.0.1/jFormatString-2.0.1.jar:/home/user/.m2/repository/dom4j/dom4j/1.6.1/dom4j-1.6.1.jar:/home/user/.m2/repository/xml-apis/xml-apis/1.0.b2/xml-apis-1.0.b2.jar:/home/user/.m2/repository/org/ow2/asm/asm-debug-all/5.0.2/asm-debug-all-5.0.2.jar:/home/user/.m2/repository/org/ow2/asm/asm-commons/5.0.2/asm-commons-5.0.2.jar:/home/user/.m2/repository/org/ow2/asm/asm-tree/5.0.2/asm-tree-5.0.2.jar:/home/user/.m2/repository/org/ow2/asm/asm/5.0.4/asm-5.0.4.jar:/home/user/.m2/repository/commons-lang/commons-lang/2.6/commons-lang-2.6.jar:/home/user/.m2/repository/com/apple/AppleJavaExtensions/1.4/AppleJavaExtensions-1.4.jar:/home/user/.m2/repository/jaxen/jaxen/1.1.6/jaxen-1.1.6.jar:/home/user/.m2/repository/org/apache/hadoop/hadoop-common/3.2.0/hadoop-common-3.2.0-tests.jar:/home/user/.m2/repository/org/apache/hadoop/hadoop-ozone-client/0.5.0-SNAPSHOT/hadoop-ozone-client-0.5.0-SNAPSHOT.jar:/home/user/.m2/repository/org/apache/hadoop/hadoop-hdfs/3.2.0/hadoop-hdfs-3.2.0-tests.jar:/workdir/hadoop-ozone/integration-test/target/test-classes:/home/user/.m2/repository/org/apache/hadoop/hadoop-ozone-s3gateway/0.5.0-SNAPSHOT/hadoop-ozone-s3gateway-0.5.0-SNAPSHOT.jar:/home/user/.m2/repository/org/jboss/weld/servlet/weld-servlet/2.4.7.Final/weld-servlet-2.4.7.Final.jar:/home/user/.m2/repository/org/glassfish/jersey/containers/jersey-container-servlet-core/2.27/jersey-container-servlet-core-2.27.jar:/home/user/.m2/repository/org/glassfish/hk2/external/javax.inject/2.5.0-b42/javax.inject-2.5.0-b42.jar:/home/user/.m2/repository/org/glassfish/jersey/core/jersey-common/2.27/jersey-common-2.27.jar:/home/user/.m2/repository/org/glassfish/hk2/osgi-resource-locator/1.0.1/osgi-resource-locator-1.0.1.jar:/home/user/.m2/repository/javax/ws/rs/javax.ws.rs-api/2.1/javax.ws.rs-api-2.1.jar:/home/user/.m2/repository/org/glassfish/jersey/ext/cdi/jersey-cdi1x/2.27/jersey-cdi1x-2.27.jar:/home/user/.m2/repository/org/glassfish/jersey/inject/jersey-hk2/2.27/jersey-hk2-2.27.jar:/home/user/.m2/repository/org/glassfish/hk2/hk2-locator/2.5.0-b42/hk2-locator-2.5.0-b42.jar:/home/user/.m2/repository/org/javassist/javassist/3.22.0-CR2/javassist-3.22.0-CR2.jar:/home/user/.m2/repository/org/glassfish/hk2/hk2-api/2.5.0/hk2-api-2.5.0.jar:/home/user/.m2/repository/org/glassfish/hk2/external/jakarta.inject/2.5.0/jakarta.inject-2.5.0.jar:/home/user/.m2/repository/org/glassfish/hk2/hk2-utils/2.5.0/hk2-utils-2.5.0.jar:/home/user/.m2/repository/jakarta/annotation/jakarta.annotation-api/1.3.4/jakarta.annotation-api-1.3.4.jar:/home/user/.m2/repository/org/glassfish/hk2/external/aopalliance-repackaged/2.5.0/aopalliance-repackaged-2.5.0.jar:/home/user/.m2/repository/com/fasterxml/jackson/dataformat/jackson-dataformat-xml/2.9.0/jackson-dataformat-xml-2.9.0.jar:/home/user/.m2/repository/com/fasterxml/jackson/module/jackson-module-jaxb-annotations/2.9.9/jackson-module-jaxb-annotations-2.9.9.jar:/home/user/.m2/repository/javax/enterprise/cdi-api/1.2/cdi-api-1.2.jar:/home/user/.m2/repository/javax/el/javax.el-api/3.0.0/javax.el-api-3.0.0.jar:/home/user/.m2/repository/javax/interceptor/javax.interceptor-api/1.2/javax.interceptor-api-1.2.jar:/home/user/.m2/repository/javax/inject/javax.inject/1/javax.inject-1.jar:/home/user/.m2/repository/com/sun/xml/bind/jaxb-core/2.3.0.1/jaxb-core-2.3.0.1.jar:/home/user/.m2/repository/javax/xml/bind/jaxb-api/2.3.0/jaxb-api-2.3.0.jar:/home/user/.m2/repository/javax/activation/activation/1.1.1/activation-1.1.1.jar:/home/user/.m2/repository/org/apache/hadoop/hadoop-ozone-csi/0.5.0-SNAPSHOT/hadoop-ozone-csi-0.5.0-SNAPSHOT.jar:/home/user/.m2/repository/com/google/protobuf/protobuf-java-util/3.5.1/protobuf-java-util-3.5.1.jar:/home/user/.m2/repository/io/grpc/grpc-netty/1.17.1/grpc-netty-1.17.1.jar:/home/user/.m2/repository/io/grpc/grpc-core/1.17.1/grpc-core-1.17.1.jar:/home/user/.m2/repository/io/grpc/grpc-context/1.17.1/grpc-context-1.17.1.jar:/home/user/.m2/repository/com/google/errorprone/error_prone_annotations/2.2.0/error_prone_annotations-2.2.0.jar:/home/user/.m2/repository/org/codehaus/mojo/animal-sniffer-annotations/1.17/animal-sniffer-annotations-1.17.jar:/home/user/.m2/repository/io/opencensus/opencensus-api/0.17.0/opencensus-api-0.17.0.jar:/home/user/.m2/repository/io/opencensus/opencensus-contrib-grpc-metrics/0.17.0/opencensus-contrib-grpc-metrics-0.17.0.jar:/home/user/.m2/repository/io/netty/netty-codec-http2/4.1.30.Final/netty-codec-http2-4.1.30.Final.jar:/home/user/.m2/repository/io/netty/netty-codec-http/4.1.30.Final/netty-codec-http-4.1.30.Final.jar:/home/user/.m2/repository/io/netty/netty-codec/4.1.30.Final/netty-codec-4.1.30.Final.jar:/home/user/.m2/repository/io/netty/netty-handler/4.1.30.Final/netty-handler-4.1.30.Final.jar:/home/user/.m2/repository/io/netty/netty-handler-proxy/4.1.30.Final/netty-handler-proxy-4.1.30.Final.jar:/home/user/.m2/repository/io/netty/netty-codec-socks/4.1.30.Final/netty-codec-socks-4.1.30.Final.jar:/home/user/.m2/repository/io/netty/netty-transport-native-epoll/4.1.30.Final/netty-transport-native-epoll-4.1.30.Final.jar:/home/user/.m2/repository/io/netty/netty-common/4.1.30.Final/netty-common-4.1.30.Final.jar:/home/user/.m2/repository/io/netty/netty-buffer/4.1.30.Final/netty-buffer-4.1.30.Final.jar:/home/user/.m2/repository/io/netty/netty-transport/4.1.30.Final/netty-transport-4.1.30.Final.jar:/home/user/.m2/repository/io/netty/netty-resolver/4.1.30.Final/netty-resolver-4.1.30.Final.jar:/home/user/.m2/repository/io/netty/netty-transport-native-unix-common/4.1.30.Final/netty-transport-native-unix-common-4.1.30.Final.jar:/home/user/.m2/repository/io/grpc/grpc-protobuf/1.17.1/grpc-protobuf-1.17.1.jar:/home/user/.m2/repository/com/google/api/grpc/proto-google-common-protos/1.0.0/proto-google-common-protos-1.0.0.jar:/home/user/.m2/repository/io/grpc/grpc-protobuf-lite/1.17.1/grpc-protobuf-lite-1.17.1.jar:/home/user/.m2/repository/io/grpc/grpc-stub/1.17.1/grpc-stub-1.17.1.jar:/home/user/.m2/repository/org/apache/hadoop/hadoop-ozone-recon/0.5.0-SNAPSHOT/hadoop-ozone-recon-0.5.0-SNAPSHOT.jar:/home/user/.m2/repository/org/apache/hadoop/hadoop-ozone-reconcodegen/0.5.0-SNAPSHOT/hadoop-ozone-reconcodegen-0.5.0-SNAPSHOT.jar:/home/user/.m2/repository/com/google/inject/extensions/guice-multibindings/4.0/guice-multibindings-4.0.jar:/home/user/.m2/repository/com/google/inject/guice/4.0/guice-4.0.jar:/home/user/.m2/repository/aopalliance/aopalliance/1.0/aopalliance-1.0.jar:/home/user/.m2/repository/org/glassfish/jersey/containers/jersey-container-servlet/2.27/jersey-container-servlet-2.27.jar:/home/user/.m2/repository/org/glassfish/hk2/guice-bridge/2.5.0/guice-bridge-2.5.0.jar:/home/user/.m2/repository/org/glassfish/jersey/core/jersey-server/2.27/jersey-server-2.27.jar:/home/user/.m2/repository/org/glassfish/jersey/core/jersey-client/2.27/jersey-client-2.27.jar:/home/user/.m2/repository/org/glassfish/jersey/media/jersey-media-jaxb/2.27/jersey-media-jaxb-2.27.jar:/home/user/.m2/repository/javax/validation/validation-api/1.1.0.Final/validation-api-1.1.0.Final.jar:/home/user/.m2/repository/org/glassfish/jersey/media/jersey-media-json-jackson/2.27/jersey-media-json-jackson-2.27.jar:/home/user/.m2/repository/org/glassfish/jersey/ext/jersey-entity-filtering/2.27/jersey-entity-filtering-2.27.jar:/home/user/.m2/repository/com/google/inject/extensions/guice-assistedinject/4.0/guice-assistedinject-4.0.jar:/home/user/.m2/repository/org/jooq/jooq/3.11.10/jooq-3.11.10.jar:/home/user/.m2/repository/org/jooq/jooq-meta/3.11.10/jooq-meta-3.11.10.jar:/home/user/.m2/repository/org/jooq/jooq-codegen/3.11.10/jooq-codegen-3.11.10.jar:/home/user/.m2/repository/com/jolbox/bonecp/0.8.0.RELEASE/bonecp-0.8.0.RELEASE.jar:/home/user/.m2/repository/org/springframework/spring-jdbc/5.1.3.RELEASE/spring-jdbc-5.1.3.RELEASE.jar:/home/user/.m2/repository/org/springframework/spring-beans/5.1.3.RELEASE/spring-beans-5.1.3.RELEASE.jar:/home/user/.m2/repository/org/springframework/spring-core/5.1.3.RELEASE/spring-core-5.1.3.RELEASE.jar:/home/user/.m2/repository/org/springframework/spring-jcl/5.1.3.RELEASE/spring-jcl-5.1.3.RELEASE.jar:/home/user/.m2/repository/org/springframework/spring-tx/5.1.3.RELEASE/spring-tx-5.1.3.RELEASE.jar:/home/user/.m2/repository/org/mockito/mockito-all/1.10.19/mockito-all-1.10.19.jar:/home/user/.m2/repository/junit/junit/4.11/junit-4.11.jar:/home/user/.m2/repository/org/hamcrest/hamcrest-core/1.3/hamcrest-core-1.3.jar:/home/user/.m2/repository/org/apache/hadoop/hadoop-distcp/3.2.0/hadoop-distcp-3.2.0.jar:/home/user/.m2/repository/org/apache/hadoop/hadoop-distcp/3.2.0/hadoop-distcp-3.2.0-tests.jar:/home/user/.m2/repository/org/apache/hadoop/hadoop-mapreduce-client-jobclient/3.2.0/hadoop-mapreduce-client-jobclient-3.2.0.jar:/home/user/.m2/repository/org/apache/hadoop/hadoop-mapreduce-client-common/3.2.0/hadoop-mapreduce-client-common-3.2.0.jar:/home/user/.m2/repository/org/apache/hadoop/hadoop-yarn-common/3.2.0/hadoop-yarn-common-3.2.0.jar:/home/user/.m2/repository/org/apache/hadoop/hadoop-yarn-api/3.2.0/hadoop-yarn-api-3.2.0.jar:/home/user/.m2/repository/com/sun/jersey/jersey-client/1.19/jersey-client-1.19.jar:/home/user/.m2/repository/com/sun/jersey/contribs/jersey-guice/1.19/jersey-guice-1.19.jar:/home/user/.m2/repository/com/fasterxml/jackson/jaxrs/jackson-jaxrs-json-provider/2.9.9/jackson-jaxrs-json-provider-2.9.9.jar:/home/user/.m2/repository/com/fasterxml/jackson/jaxrs/jackson-jaxrs-base/2.9.9/jackson-jaxrs-base-2.9.9.jar:/home/user/.m2/repository/org/apache/hadoop/hadoop-yarn-client/3.2.0/hadoop-yarn-client-3.2.0.jar:/home/user/.m2/repository/org/apache/hadoop/hadoop-mapreduce-client-core/3.2.0/hadoop-mapreduce-client-core-3.2.0.jar:/home/user/.m2/repository/com/google/inject/extensions/guice-servlet/4.0/guice-servlet-4.0.jar:/home/user/.m2/repository/org/powermock/powermock-module-junit4/1.6.5/powermock-module-junit4-1.6.5.jar:/home/user/.m2/repository/org/powermock/powermock-module-junit4-common/1.6.5/powermock-module-junit4-common-1.6.5.jar:/home/user/.m2/repository/org/powermock/powermock-core/1.6.5/powermock-core-1.6.5.jar:/home/user/.m2/repository/org/powermock/powermock-reflect/1.6.5/powermock-reflect-1.6.5.jar:/home/user/.m2/repository/org/powermock/powermock-api-mockito/1.6.5/powermock-api-mockito-1.6.5.jar:/home/user/.m2/repository/org/mockito/mockito-core/1.10.19/mockito-core-1.10.19.jar:/home/user/.m2/repository/org/objenesis/objenesis/1.0/objenesis-1.0.jar:/home/user/.m2/repository/org/powermock/powermock-api-mockito-common/1.6.5/powermock-api-mockito-common-1.6.5.jar:/home/user/.m2/repository/org/powermock/powermock-api-support/1.6.5/powermock-api-support-1.6.5.jar:"/>
    <property name="java.vm.vendor" value="IcedTea"/>
    <property name="sun.arch.data.model" value="64"/>
    <property name="test.build.dir" value="/workdir/hadoop-ozone/ozonefs/target/test-dir"/>
    <property name="test.cache.data" value=""/>
    <property name="java.vendor.url" value="https://icedtea.classpath.org"/>
    <property name="user.timezone" value=""/>
    <property name="java.vm.specification.version" value="1.8"/>
    <property name="os.name" value="Linux"/>
    <property name="test.build.data" value="/workdir/hadoop-ozone/ozonefs/target/test-dir"/>
    <property name="user.country" value="US"/>
    <property name="sun.java.launcher" value="SUN_STANDARD"/>
    <property name="sun.boot.library.path" value="/usr/lib/jvm/java-1.8-openjdk/jre/lib/amd64"/>
    <property name="sun.java.command" value="/workdir/hadoop-ozone/ozonefs/target/surefire/surefirebooter4231690951693865916.jar /workdir/hadoop-ozone/ozonefs/target/surefire 2019-09-25T10-18-59_181-jvmRun1 surefire2253754793235370140tmp surefire_952358099760644912962tmp"/>
    <property name="test" value="!TestMiniChaosOzoneCluster"/>
    <property name="surefire.test.class.path" value="/workdir/hadoop-ozone/ozonefs/target/test-classes:/workdir/hadoop-ozone/ozonefs/target/classes:/home/user/.m2/repository/org/apache/hadoop/hadoop-common/3.2.0/hadoop-common-3.2.0.jar:/home/user/.m2/repository/org/apache/hadoop/hadoop-annotations/3.2.0/hadoop-annotations-3.2.0.jar:/usr/lib/jvm/java-1.8-openjdk/jre/../lib/tools.jar:/home/user/.m2/repository/com/google/guava/guava/11.0.2/guava-11.0.2.jar:/home/user/.m2/repository/commons-cli/commons-cli/1.2/commons-cli-1.2.jar:/home/user/.m2/repository/org/apache/commons/commons-math3/3.1.1/commons-math3-3.1.1.jar:/home/user/.m2/repository/org/apache/httpcomponents/httpclient/4.5.2/httpclient-4.5.2.jar:/home/user/.m2/repository/org/apache/httpcomponents/httpcore/4.4.4/httpcore-4.4.4.jar:/home/user/.m2/repository/commons-codec/commons-codec/1.11/commons-codec-1.11.jar:/home/user/.m2/repository/commons-io/commons-io/2.5/commons-io-2.5.jar:/home/user/.m2/repository/commons-net/commons-net/3.6/commons-net-3.6.jar:/home/user/.m2/repository/commons-collections/commons-collections/3.2.2/commons-collections-3.2.2.jar:/home/user/.m2/repository/javax/servlet/javax.servlet-api/3.1.0/javax.servlet-api-3.1.0.jar:/home/user/.m2/repository/org/eclipse/jetty/jetty-server/9.3.25.v20180904/jetty-server-9.3.25.v20180904.jar:/home/user/.m2/repository/org/eclipse/jetty/jetty-http/9.3.25.v20180904/jetty-http-9.3.25.v20180904.jar:/home/user/.m2/repository/org/eclipse/jetty/jetty-io/9.3.25.v20180904/jetty-io-9.3.25.v20180904.jar:/home/user/.m2/repository/org/eclipse/jetty/jetty-util/9.3.25.v20180904/jetty-util-9.3.25.v20180904.jar:/home/user/.m2/repository/org/eclipse/jetty/jetty-servlet/9.3.25.v20180904/jetty-servlet-9.3.25.v20180904.jar:/home/user/.m2/repository/org/eclipse/jetty/jetty-security/9.3.25.v20180904/jetty-security-9.3.25.v20180904.jar:/home/user/.m2/repository/org/eclipse/jetty/jetty-webapp/9.3.25.v20180904/jetty-webapp-9.3.25.v20180904.jar:/home/user/.m2/repository/org/eclipse/jetty/jetty-xml/9.3.25.v20180904/jetty-xml-9.3.25.v20180904.jar:/home/user/.m2/repository/javax/servlet/jsp/jsp-api/2.1/jsp-api-2.1.jar:/home/user/.m2/repository/com/sun/jersey/jersey-core/1.19/jersey-core-1.19.jar:/home/user/.m2/repository/javax/ws/rs/jsr311-api/1.1.1/jsr311-api-1.1.1.jar:/home/user/.m2/repository/com/sun/jersey/jersey-servlet/1.19/jersey-servlet-1.19.jar:/home/user/.m2/repository/com/sun/jersey/jersey-json/1.19/jersey-json-1.19.jar:/home/user/.m2/repository/org/codehaus/jettison/jettison/1.1/jettison-1.1.jar:/home/user/.m2/repository/com/sun/xml/bind/jaxb-impl/2.3.0.1/jaxb-impl-2.3.0.1.jar:/home/user/.m2/repository/org/codehaus/jackson/jackson-core-asl/1.9.13/jackson-core-asl-1.9.13.jar:/home/user/.m2/repository/org/codehaus/jackson/jackson-mapper-asl/1.9.13/jackson-mapper-asl-1.9.13.jar:/home/user/.m2/repository/org/codehaus/jackson/jackson-jaxrs/1.9.13/jackson-jaxrs-1.9.13.jar:/home/user/.m2/repository/org/codehaus/jackson/jackson-xc/1.9.13/jackson-xc-1.9.13.jar:/home/user/.m2/repository/com/sun/jersey/jersey-server/1.19/jersey-server-1.19.jar:/home/user/.m2/repository/commons-logging/commons-logging/1.1.3/commons-logging-1.1.3.jar:/home/user/.m2/repository/log4j/log4j/1.2.17/log4j-1.2.17.jar:/home/user/.m2/repository/commons-beanutils/commons-beanutils/1.9.4/commons-beanutils-1.9.4.jar:/home/user/.m2/repository/org/apache/commons/commons-configuration2/2.1.1/commons-configuration2-2.1.1.jar:/home/user/.m2/repository/org/apache/commons/commons-lang3/3.7/commons-lang3-3.7.jar:/home/user/.m2/repository/org/apache/commons/commons-text/1.4/commons-text-1.4.jar:/home/user/.m2/repository/org/slf4j/slf4j-api/1.7.25/slf4j-api-1.7.25.jar:/home/user/.m2/repository/org/slf4j/slf4j-log4j12/1.7.25/slf4j-log4j12-1.7.25.jar:/home/user/.m2/repository/org/apache/avro/avro/1.7.7/avro-1.7.7.jar:/home/user/.m2/repository/com/thoughtworks/paranamer/paranamer/2.3/paranamer-2.3.jar:/home/user/.m2/repository/org/xerial/snappy/snappy-java/1.0.5/snappy-java-1.0.5.jar:/home/user/.m2/repository/com/google/re2j/re2j/1.1/re2j-1.1.jar:/home/user/.m2/repository/com/google/protobuf/protobuf-java/2.5.0/protobuf-java-2.5.0.jar:/home/user/.m2/repository/com/google/code/gson/gson/2.2.4/gson-2.2.4.jar:/home/user/.m2/repository/org/apache/hadoop/hadoop-auth/3.2.0/hadoop-auth-3.2.0.jar:/home/user/.m2/repository/com/nimbusds/nimbus-jose-jwt/4.41.1/nimbus-jose-jwt-4.41.1.jar:/home/user/.m2/repository/com/github/stephenc/jcip/jcip-annotations/1.0-1/jcip-annotations-1.0-1.jar:/home/user/.m2/repository/net/minidev/json-smart/2.3/json-smart-2.3.jar:/home/user/.m2/repository/net/minidev/accessors-smart/1.2/accessors-smart-1.2.jar:/home/user/.m2/repository/org/apache/curator/curator-framework/2.12.0/curator-framework-2.12.0.jar:/home/user/.m2/repository/com/jcraft/jsch/0.1.54/jsch-0.1.54.jar:/home/user/.m2/repository/org/apache/curator/curator-client/2.12.0/curator-client-2.12.0.jar:/home/user/.m2/repository/org/apache/curator/curator-recipes/2.12.0/curator-recipes-2.12.0.jar:/home/user/.m2/repository/com/google/code/findbugs/jsr305/3.0.0/jsr305-3.0.0.jar:/home/user/.m2/repository/org/apache/htrace/htrace-core4/4.1.0-incubating/htrace-core4-4.1.0-incubating.jar:/home/user/.m2/repository/org/apache/zookeeper/zookeeper/3.4.13/zookeeper-3.4.13.jar:/home/user/.m2/repository/jline/jline/0.9.94/jline-0.9.94.jar:/home/user/.m2/repository/org/apache/yetus/audience-annotations/0.5.0/audience-annotations-0.5.0.jar:/home/user/.m2/repository/org/apache/commons/commons-compress/1.4.1/commons-compress-1.4.1.jar:/home/user/.m2/repository/org/tukaani/xz/1.0/xz-1.0.jar:/home/user/.m2/repository/org/apache/kerby/kerb-simplekdc/1.0.1/kerb-simplekdc-1.0.1.jar:/home/user/.m2/repository/org/apache/kerby/kerb-client/1.0.1/kerb-client-1.0.1.jar:/home/user/.m2/repository/org/apache/kerby/kerby-config/1.0.1/kerby-config-1.0.1.jar:/home/user/.m2/repository/org/apache/kerby/kerb-core/1.0.1/kerb-core-1.0.1.jar:/home/user/.m2/repository/org/apache/kerby/kerby-pkix/1.0.1/kerby-pkix-1.0.1.jar:/home/user/.m2/repository/org/apache/kerby/kerby-asn1/1.0.1/kerby-asn1-1.0.1.jar:/home/user/.m2/repository/org/apache/kerby/kerby-util/1.0.1/kerby-util-1.0.1.jar:/home/user/.m2/repository/org/apache/kerby/kerb-common/1.0.1/kerb-common-1.0.1.jar:/home/user/.m2/repository/org/apache/kerby/kerb-crypto/1.0.1/kerb-crypto-1.0.1.jar:/home/user/.m2/repository/org/apache/kerby/kerb-util/1.0.1/kerb-util-1.0.1.jar:/home/user/.m2/repository/org/apache/kerby/token-provider/1.0.1/token-provider-1.0.1.jar:/home/user/.m2/repository/org/apache/kerby/kerb-admin/1.0.1/kerb-admin-1.0.1.jar:/home/user/.m2/repository/org/apache/kerby/kerb-server/1.0.1/kerb-server-1.0.1.jar:/home/user/.m2/repository/org/apache/kerby/kerb-identity/1.0.1/kerb-identity-1.0.1.jar:/home/user/.m2/repository/org/apache/kerby/kerby-xdr/1.0.1/kerby-xdr-1.0.1.jar:/home/user/.m2/repository/com/fasterxml/jackson/core/jackson-databind/2.9.9/jackson-databind-2.9.9.jar:/home/user/.m2/repository/com/fasterxml/jackson/core/jackson-annotations/2.9.9/jackson-annotations-2.9.9.jar:/home/user/.m2/repository/com/fasterxml/jackson/core/jackson-core/2.9.9/jackson-core-2.9.9.jar:/home/user/.m2/repository/org/codehaus/woodstox/stax2-api/3.1.4/stax2-api-3.1.4.jar:/home/user/.m2/repository/com/fasterxml/woodstox/woodstox-core/5.0.3/woodstox-core-5.0.3.jar:/home/user/.m2/repository/dnsjava/dnsjava/2.1.7/dnsjava-2.1.7.jar:/home/user/.m2/repository/org/apache/hadoop/hadoop-hdfs/3.2.0/hadoop-hdfs-3.2.0.jar:/home/user/.m2/repository/org/eclipse/jetty/jetty-util-ajax/9.3.25.v20180904/jetty-util-ajax-9.3.25.v20180904.jar:/home/user/.m2/repository/commons-daemon/commons-daemon/1.0.13/commons-daemon-1.0.13.jar:/home/user/.m2/repository/io/netty/netty/3.10.5.Final/netty-3.10.5.Final.jar:/home/user/.m2/repository/io/netty/netty-all/4.0.52.Final/netty-all-4.0.52.Final.jar:/home/user/.m2/repository/org/fusesource/leveldbjni/leveldbjni-all/1.8/leveldbjni-all-1.8.jar:/home/user/.m2/repository/org/apache/hadoop/hadoop-hdds-common/0.5.0-SNAPSHOT/hadoop-hdds-common-0.5.0-SNAPSHOT.jar:/home/user/.m2/repository/org/apache/hadoop/hadoop-hdds-config/0.5.0-SNAPSHOT/hadoop-hdds-config-0.5.0-SNAPSHOT.jar:/home/user/.m2/repository/javax/annotation/javax.annotation-api/1.2/javax.annotation-api-1.2.jar:/home/user/.m2/repository/org/apache/ratis/ratis-server/0.4.0/ratis-server-0.4.0.jar:/home/user/.m2/repository/org/apache/ratis/ratis-thirdparty-misc/0.2.0/ratis-thirdparty-misc-0.2.0.jar:/home/user/.m2/repository/org/apache/ratis/ratis-proto/0.4.0/ratis-proto-0.4.0.jar:/home/user/.m2/repository/org/apache/ratis/ratis-common/0.4.0/ratis-common-0.4.0.jar:/home/user/.m2/repository/org/apache/ratis/ratis-client/0.4.0/ratis-client-0.4.0.jar:/home/user/.m2/repository/org/apache/ratis/ratis-metrics/0.4.0/ratis-metrics-0.4.0.jar:/home/user/.m2/repository/com/github/joshelser/dropwizard-metrics-hadoop-metrics2-reporter/0.1.2/dropwizard-metrics-hadoop-metrics2-reporter-0.1.2.jar:/home/user/.m2/repository/io/dropwizard/metrics/metrics-jvm/3.2.5/metrics-jvm-3.2.5.jar:/home/user/.m2/repository/io/dropwizard/metrics/metrics-ganglia/3.2.5/metrics-ganglia-3.2.5.jar:/home/user/.m2/repository/info/ganglia/gmetric4j/gmetric4j/1.0.7/gmetric4j-1.0.7.jar:/home/user/.m2/repository/org/apache/ratis/ratis-netty/0.4.0/ratis-netty-0.4.0.jar:/home/user/.m2/repository/org/apache/ratis/ratis-grpc/0.4.0/ratis-grpc-0.4.0.jar:/home/user/.m2/repository/org/rocksdb/rocksdbjni/6.0.1/rocksdbjni-6.0.1.jar:/home/user/.m2/repository/org/apache/logging/log4j/log4j-api/2.11.0/log4j-api-2.11.0.jar:/home/user/.m2/repository/org/apache/logging/log4j/log4j-core/2.11.0/log4j-core-2.11.0.jar:/home/user/.m2/repository/com/lmax/disruptor/3.4.2/disruptor-3.4.2.jar:/home/user/.m2/repository/org/apache/commons/commons-pool2/2.6.0/commons-pool2-2.6.0.jar:/home/user/.m2/repository/org/bouncycastle/bcpkix-jdk15on/1.60/bcpkix-jdk15on-1.60.jar:/home/user/.m2/repository/commons-validator/commons-validator/1.6/commons-validator-1.6.jar:/home/user/.m2/repository/commons-digester/commons-digester/1.8.1/commons-digester-1.8.1.jar:/home/user/.m2/repository/io/jaegertracing/jaeger-client/0.34.0/jaeger-client-0.34.0.jar:/home/user/.m2/repository/io/jaegertracing/jaeger-thrift/0.34.0/jaeger-thrift-0.34.0.jar:/home/user/.m2/repository/org/apache/thrift/libthrift/0.12.0/libthrift-0.12.0.jar:/home/user/.m2/repository/com/squareup/okhttp3/okhttp/3.9.0/okhttp-3.9.0.jar:/home/user/.m2/repository/com/squareup/okio/okio/1.13.0/okio-1.13.0.jar:/home/user/.m2/repository/io/jaegertracing/jaeger-core/0.34.0/jaeger-core-0.34.0.jar:/home/user/.m2/repository/io/jaegertracing/jaeger-tracerresolver/0.34.0/jaeger-tracerresolver-0.34.0.jar:/home/user/.m2/repository/io/opentracing/contrib/opentracing-tracerresolver/0.1.5/opentracing-tracerresolver-0.1.5.jar:/home/user/.m2/repository/io/opentracing/opentracing-util/0.31.0/opentracing-util-0.31.0.jar:/home/user/.m2/repository/io/opentracing/opentracing-api/0.31.0/opentracing-api-0.31.0.jar:/home/user/.m2/repository/io/opentracing/opentracing-noop/0.31.0/opentracing-noop-0.31.0.jar:/home/user/.m2/repository/org/yaml/snakeyaml/1.16/snakeyaml-1.16.jar:/home/user/.m2/repository/org/apache/hadoop/hadoop-hdfs-client/3.2.0/hadoop-hdfs-client-3.2.0.jar:/home/user/.m2/repository/info/picocli/picocli/3.9.6/picocli-3.9.6.jar:/home/user/.m2/repository/org/apache/hadoop/hadoop-hdds-server-scm/0.5.0-SNAPSHOT/hadoop-hdds-server-scm-0.5.0-SNAPSHOT.jar:/home/user/.m2/repository/org/apache/hadoop/hadoop-hdds-docs/0.5.0-SNAPSHOT/hadoop-hdds-docs-0.5.0-SNAPSHOT.jar:/home/user/.m2/repository/io/dropwizard/metrics/metrics-core/3.2.4/metrics-core-3.2.4.jar:/home/user/.m2/repository/org/hamcrest/hamcrest-all/1.3/hamcrest-all-1.3.jar:/home/user/.m2/repository/org/bouncycastle/bcprov-jdk15on/1.60/bcprov-jdk15on-1.60.jar:/home/user/.m2/repository/org/apache/hadoop/hadoop-hdds-server-framework/0.5.0-SNAPSHOT/hadoop-hdds-server-framework-0.5.0-SNAPSHOT.jar:/home/user/.m2/repository/org/apache/hadoop/hadoop-ozone-ozone-manager/0.5.0-SNAPSHOT/hadoop-ozone-ozone-manager-0.5.0-SNAPSHOT.jar:/home/user/.m2/repository/org/apache/hadoop/hadoop-hdds-container-service/0.5.0-SNAPSHOT/hadoop-hdds-container-service-0.5.0-SNAPSHOT.jar:/home/user/.m2/repository/org/apache/hadoop/hadoop-hdds-client/0.5.0-SNAPSHOT/hadoop-hdds-client-0.5.0-SNAPSHOT.jar:/home/user/.m2/repository/org/apache/hadoop/hadoop-ozone-common/0.5.0-SNAPSHOT/hadoop-ozone-common-0.5.0-SNAPSHOT.jar:/home/user/.m2/repository/org/apache/hadoop/hadoop-hdds-tools/0.5.0-SNAPSHOT/hadoop-hdds-tools-0.5.0-SNAPSHOT.jar:/home/user/.m2/repository/org/xerial/sqlite-jdbc/3.25.2/sqlite-jdbc-3.25.2.jar:/home/user/.m2/repository/com/google/code/findbugs/findbugs/3.0.1/findbugs-3.0.1.jar:/home/user/.m2/repository/net/jcip/jcip-annotations/1.0/jcip-annotations-1.0.jar:/home/user/.m2/repository/com/google/code/findbugs/bcel-findbugs/6.0/bcel-findbugs-6.0.jar:/home/user/.m2/repository/com/google/code/findbugs/jFormatString/2.0.1/jFormatString-2.0.1.jar:/home/user/.m2/repository/dom4j/dom4j/1.6.1/dom4j-1.6.1.jar:/home/user/.m2/repository/xml-apis/xml-apis/1.0.b2/xml-apis-1.0.b2.jar:/home/user/.m2/repository/org/ow2/asm/asm-debug-all/5.0.2/asm-debug-all-5.0.2.jar:/home/user/.m2/repository/org/ow2/asm/asm-commons/5.0.2/asm-commons-5.0.2.jar:/home/user/.m2/repository/org/ow2/asm/asm-tree/5.0.2/asm-tree-5.0.2.jar:/home/user/.m2/repository/org/ow2/asm/asm/5.0.4/asm-5.0.4.jar:/home/user/.m2/repository/commons-lang/commons-lang/2.6/commons-lang-2.6.jar:/home/user/.m2/repository/com/apple/AppleJavaExtensions/1.4/AppleJavaExtensions-1.4.jar:/home/user/.m2/repository/jaxen/jaxen/1.1.6/jaxen-1.1.6.jar:/home/user/.m2/repository/org/apache/hadoop/hadoop-common/3.2.0/hadoop-common-3.2.0-tests.jar:/home/user/.m2/repository/org/apache/hadoop/hadoop-ozone-client/0.5.0-SNAPSHOT/hadoop-ozone-client-0.5.0-SNAPSHOT.jar:/home/user/.m2/repository/org/apache/hadoop/hadoop-hdfs/3.2.0/hadoop-hdfs-3.2.0-tests.jar:/workdir/hadoop-ozone/integration-test/target/test-classes:/home/user/.m2/repository/org/apache/hadoop/hadoop-ozone-s3gateway/0.5.0-SNAPSHOT/hadoop-ozone-s3gateway-0.5.0-SNAPSHOT.jar:/home/user/.m2/repository/org/jboss/weld/servlet/weld-servlet/2.4.7.Final/weld-servlet-2.4.7.Final.jar:/home/user/.m2/repository/org/glassfish/jersey/containers/jersey-container-servlet-core/2.27/jersey-container-servlet-core-2.27.jar:/home/user/.m2/repository/org/glassfish/hk2/external/javax.inject/2.5.0-b42/javax.inject-2.5.0-b42.jar:/home/user/.m2/repository/org/glassfish/jersey/core/jersey-common/2.27/jersey-common-2.27.jar:/home/user/.m2/repository/org/glassfish/hk2/osgi-resource-locator/1.0.1/osgi-resource-locator-1.0.1.jar:/home/user/.m2/repository/javax/ws/rs/javax.ws.rs-api/2.1/javax.ws.rs-api-2.1.jar:/home/user/.m2/repository/org/glassfish/jersey/ext/cdi/jersey-cdi1x/2.27/jersey-cdi1x-2.27.jar:/home/user/.m2/repository/org/glassfish/jersey/inject/jersey-hk2/2.27/jersey-hk2-2.27.jar:/home/user/.m2/repository/org/glassfish/hk2/hk2-locator/2.5.0-b42/hk2-locator-2.5.0-b42.jar:/home/user/.m2/repository/org/javassist/javassist/3.22.0-CR2/javassist-3.22.0-CR2.jar:/home/user/.m2/repository/org/glassfish/hk2/hk2-api/2.5.0/hk2-api-2.5.0.jar:/home/user/.m2/repository/org/glassfish/hk2/external/jakarta.inject/2.5.0/jakarta.inject-2.5.0.jar:/home/user/.m2/repository/org/glassfish/hk2/hk2-utils/2.5.0/hk2-utils-2.5.0.jar:/home/user/.m2/repository/jakarta/annotation/jakarta.annotation-api/1.3.4/jakarta.annotation-api-1.3.4.jar:/home/user/.m2/repository/org/glassfish/hk2/external/aopalliance-repackaged/2.5.0/aopalliance-repackaged-2.5.0.jar:/home/user/.m2/repository/com/fasterxml/jackson/dataformat/jackson-dataformat-xml/2.9.0/jackson-dataformat-xml-2.9.0.jar:/home/user/.m2/repository/com/fasterxml/jackson/module/jackson-module-jaxb-annotations/2.9.9/jackson-module-jaxb-annotations-2.9.9.jar:/home/user/.m2/repository/javax/enterprise/cdi-api/1.2/cdi-api-1.2.jar:/home/user/.m2/repository/javax/el/javax.el-api/3.0.0/javax.el-api-3.0.0.jar:/home/user/.m2/repository/javax/interceptor/javax.interceptor-api/1.2/javax.interceptor-api-1.2.jar:/home/user/.m2/repository/javax/inject/javax.inject/1/javax.inject-1.jar:/home/user/.m2/repository/com/sun/xml/bind/jaxb-core/2.3.0.1/jaxb-core-2.3.0.1.jar:/home/user/.m2/repository/javax/xml/bind/jaxb-api/2.3.0/jaxb-api-2.3.0.jar:/home/user/.m2/repository/javax/activation/activation/1.1.1/activation-1.1.1.jar:/home/user/.m2/repository/org/apache/hadoop/hadoop-ozone-csi/0.5.0-SNAPSHOT/hadoop-ozone-csi-0.5.0-SNAPSHOT.jar:/home/user/.m2/repository/com/google/protobuf/protobuf-java-util/3.5.1/protobuf-java-util-3.5.1.jar:/home/user/.m2/repository/io/grpc/grpc-netty/1.17.1/grpc-netty-1.17.1.jar:/home/user/.m2/repository/io/grpc/grpc-core/1.17.1/grpc-core-1.17.1.jar:/home/user/.m2/repository/io/grpc/grpc-context/1.17.1/grpc-context-1.17.1.jar:/home/user/.m2/repository/com/google/errorprone/error_prone_annotations/2.2.0/error_prone_annotations-2.2.0.jar:/home/user/.m2/repository/org/codehaus/mojo/animal-sniffer-annotations/1.17/animal-sniffer-annotations-1.17.jar:/home/user/.m2/repository/io/opencensus/opencensus-api/0.17.0/opencensus-api-0.17.0.jar:/home/user/.m2/repository/io/opencensus/opencensus-contrib-grpc-metrics/0.17.0/opencensus-contrib-grpc-metrics-0.17.0.jar:/home/user/.m2/repository/io/netty/netty-codec-http2/4.1.30.Final/netty-codec-http2-4.1.30.Final.jar:/home/user/.m2/repository/io/netty/netty-codec-http/4.1.30.Final/netty-codec-http-4.1.30.Final.jar:/home/user/.m2/repository/io/netty/netty-codec/4.1.30.Final/netty-codec-4.1.30.Final.jar:/home/user/.m2/repository/io/netty/netty-handler/4.1.30.Final/netty-handler-4.1.30.Final.jar:/home/user/.m2/repository/io/netty/netty-handler-proxy/4.1.30.Final/netty-handler-proxy-4.1.30.Final.jar:/home/user/.m2/repository/io/netty/netty-codec-socks/4.1.30.Final/netty-codec-socks-4.1.30.Final.jar:/home/user/.m2/repository/io/netty/netty-transport-native-epoll/4.1.30.Final/netty-transport-native-epoll-4.1.30.Final.jar:/home/user/.m2/repository/io/netty/netty-common/4.1.30.Final/netty-common-4.1.30.Final.jar:/home/user/.m2/repository/io/netty/netty-buffer/4.1.30.Final/netty-buffer-4.1.30.Final.jar:/home/user/.m2/repository/io/netty/netty-transport/4.1.30.Final/netty-transport-4.1.30.Final.jar:/home/user/.m2/repository/io/netty/netty-resolver/4.1.30.Final/netty-resolver-4.1.30.Final.jar:/home/user/.m2/repository/io/netty/netty-transport-native-unix-common/4.1.30.Final/netty-transport-native-unix-common-4.1.30.Final.jar:/home/user/.m2/repository/io/grpc/grpc-protobuf/1.17.1/grpc-protobuf-1.17.1.jar:/home/user/.m2/repository/com/google/api/grpc/proto-google-common-protos/1.0.0/proto-google-common-protos-1.0.0.jar:/home/user/.m2/repository/io/grpc/grpc-protobuf-lite/1.17.1/grpc-protobuf-lite-1.17.1.jar:/home/user/.m2/repository/io/grpc/grpc-stub/1.17.1/grpc-stub-1.17.1.jar:/home/user/.m2/repository/org/apache/hadoop/hadoop-ozone-recon/0.5.0-SNAPSHOT/hadoop-ozone-recon-0.5.0-SNAPSHOT.jar:/home/user/.m2/repository/org/apache/hadoop/hadoop-ozone-reconcodegen/0.5.0-SNAPSHOT/hadoop-ozone-reconcodegen-0.5.0-SNAPSHOT.jar:/home/user/.m2/repository/com/google/inject/extensions/guice-multibindings/4.0/guice-multibindings-4.0.jar:/home/user/.m2/repository/com/google/inject/guice/4.0/guice-4.0.jar:/home/user/.m2/repository/aopalliance/aopalliance/1.0/aopalliance-1.0.jar:/home/user/.m2/repository/org/glassfish/jersey/containers/jersey-container-servlet/2.27/jersey-container-servlet-2.27.jar:/home/user/.m2/repository/org/glassfish/hk2/guice-bridge/2.5.0/guice-bridge-2.5.0.jar:/home/user/.m2/repository/org/glassfish/jersey/core/jersey-server/2.27/jersey-server-2.27.jar:/home/user/.m2/repository/org/glassfish/jersey/core/jersey-client/2.27/jersey-client-2.27.jar:/home/user/.m2/repository/org/glassfish/jersey/media/jersey-media-jaxb/2.27/jersey-media-jaxb-2.27.jar:/home/user/.m2/repository/javax/validation/validation-api/1.1.0.Final/validation-api-1.1.0.Final.jar:/home/user/.m2/repository/org/glassfish/jersey/media/jersey-media-json-jackson/2.27/jersey-media-json-jackson-2.27.jar:/home/user/.m2/repository/org/glassfish/jersey/ext/jersey-entity-filtering/2.27/jersey-entity-filtering-2.27.jar:/home/user/.m2/repository/com/google/inject/extensions/guice-assistedinject/4.0/guice-assistedinject-4.0.jar:/home/user/.m2/repository/org/jooq/jooq/3.11.10/jooq-3.11.10.jar:/home/user/.m2/repository/org/jooq/jooq-meta/3.11.10/jooq-meta-3.11.10.jar:/home/user/.m2/repository/org/jooq/jooq-codegen/3.11.10/jooq-codegen-3.11.10.jar:/home/user/.m2/repository/com/jolbox/bonecp/0.8.0.RELEASE/bonecp-0.8.0.RELEASE.jar:/home/user/.m2/repository/org/springframework/spring-jdbc/5.1.3.RELEASE/spring-jdbc-5.1.3.RELEASE.jar:/home/user/.m2/repository/org/springframework/spring-beans/5.1.3.RELEASE/spring-beans-5.1.3.RELEASE.jar:/home/user/.m2/repository/org/springframework/spring-core/5.1.3.RELEASE/spring-core-5.1.3.RELEASE.jar:/home/user/.m2/repository/org/springframework/spring-jcl/5.1.3.RELEASE/spring-jcl-5.1.3.RELEASE.jar:/home/user/.m2/repository/org/springframework/spring-tx/5.1.3.RELEASE/spring-tx-5.1.3.RELEASE.jar:/home/user/.m2/repository/org/mockito/mockito-all/1.10.19/mockito-all-1.10.19.jar:/home/user/.m2/repository/junit/junit/4.11/junit-4.11.jar:/home/user/.m2/repository/org/hamcrest/hamcrest-core/1.3/hamcrest-core-1.3.jar:/home/user/.m2/repository/org/apache/hadoop/hadoop-distcp/3.2.0/hadoop-distcp-3.2.0.jar:/home/user/.m2/repository/org/apache/hadoop/hadoop-distcp/3.2.0/hadoop-distcp-3.2.0-tests.jar:/home/user/.m2/repository/org/apache/hadoop/hadoop-mapreduce-client-jobclient/3.2.0/hadoop-mapreduce-client-jobclient-3.2.0.jar:/home/user/.m2/repository/org/apache/hadoop/hadoop-mapreduce-client-common/3.2.0/hadoop-mapreduce-client-common-3.2.0.jar:/home/user/.m2/repository/org/apache/hadoop/hadoop-yarn-common/3.2.0/hadoop-yarn-common-3.2.0.jar:/home/user/.m2/repository/org/apache/hadoop/hadoop-yarn-api/3.2.0/hadoop-yarn-api-3.2.0.jar:/home/user/.m2/repository/com/sun/jersey/jersey-client/1.19/jersey-client-1.19.jar:/home/user/.m2/repository/com/sun/jersey/contribs/jersey-guice/1.19/jersey-guice-1.19.jar:/home/user/.m2/repository/com/fasterxml/jackson/jaxrs/jackson-jaxrs-json-provider/2.9.9/jackson-jaxrs-json-provider-2.9.9.jar:/home/user/.m2/repository/com/fasterxml/jackson/jaxrs/jackson-jaxrs-base/2.9.9/jackson-jaxrs-base-2.9.9.jar:/home/user/.m2/repository/org/apache/hadoop/hadoop-yarn-client/3.2.0/hadoop-yarn-client-3.2.0.jar:/home/user/.m2/repository/org/apache/hadoop/hadoop-mapreduce-client-core/3.2.0/hadoop-mapreduce-client-core-3.2.0.jar:/home/user/.m2/repository/com/google/inject/extensions/guice-servlet/4.0/guice-servlet-4.0.jar:/home/user/.m2/repository/org/powermock/powermock-module-junit4/1.6.5/powermock-module-junit4-1.6.5.jar:/home/user/.m2/repository/org/powermock/powermock-module-junit4-common/1.6.5/powermock-module-junit4-common-1.6.5.jar:/home/user/.m2/repository/org/powermock/powermock-core/1.6.5/powermock-core-1.6.5.jar:/home/user/.m2/repository/org/powermock/powermock-reflect/1.6.5/powermock-reflect-1.6.5.jar:/home/user/.m2/repository/org/powermock/powermock-api-mockito/1.6.5/powermock-api-mockito-1.6.5.jar:/home/user/.m2/repository/org/mockito/mockito-core/1.10.19/mockito-core-1.10.19.jar:/home/user/.m2/repository/org/objenesis/objenesis/1.0/objenesis-1.0.jar:/home/user/.m2/repository/org/powermock/powermock-api-mockito-common/1.6.5/powermock-api-mockito-common-1.6.5.jar:/home/user/.m2/repository/org/powermock/powermock-api-support/1.6.5/powermock-api-support-1.6.5.jar:"/>
    <property name="sun.cpu.endian" value="little"/>
    <property name="user.home" value="/home/user"/>
    <property name="user.language" value="en"/>
    <property name="java.specification.vendor" value="Oracle Corporation"/>
    <property name="java.home" value="/usr/lib/jvm/java-1.8-openjdk/jre"/>
    <property name="java.security.krb5.conf" value="/workdir/hadoop-ozone/ozonefs/target/test-classes/krb5.conf"/>
    <property name="basedir" value="/workdir/hadoop-ozone/ozonefs"/>
    <property name="file.separator" value="/"/>
    <property name="line.separator" value="&#10;"/>
    <property name="java.vm.specification.vendor" value="Oracle Corporation"/>
    <property name="java.specification.name" value="Java Platform API Specification"/>
    <property name="java.awt.graphicsenv" value="sun.awt.X11GraphicsEnvironment"/>
    <property name="surefire.real.class.path" value="/workdir/hadoop-ozone/ozonefs/target/surefire/surefirebooter4231690951693865916.jar"/>
    <property name="hadoop.log.dir" value="/workdir/hadoop-ozone/ozonefs/target/log"/>
    <property name="sun.boot.class.path" value="/usr/lib/jvm/java-1.8-openjdk/jre/lib/resources.jar:/usr/lib/jvm/java-1.8-openjdk/jre/lib/rt.jar:/usr/lib/jvm/java-1.8-openjdk/jre/lib/sunrsasign.jar:/usr/lib/jvm/java-1.8-openjdk/jre/lib/jsse.jar:/usr/lib/jvm/java-1.8-openjdk/jre/lib/jce.jar:/usr/lib/jvm/java-1.8-openjdk/jre/lib/charsets.jar:/usr/lib/jvm/java-1.8-openjdk/jre/lib/jfr.jar:/usr/lib/jvm/java-1.8-openjdk/jre/classes"/>
    <property name="sun.management.compiler" value="HotSpot 64-Bit Tiered Compilers"/>
    <property name="java.runtime.version" value="1.8.0_212-b04"/>
    <property name="java.net.preferIPv4Stack" value="true"/>
    <property name="user.name" value="jenkins1000"/>
    <property name="path.separator" value=":"/>
    <property name="java.security.egd" value="file:///dev/urandom"/>
    <property name="os.version" value="3.10.0-957.12.2.el7.x86_64"/>
    <property name="java.endorsed.dirs" value="/usr/lib/jvm/java-1.8-openjdk/jre/lib/endorsed"/>
    <property name="java.runtime.name" value="OpenJDK Runtime Environment"/>
    <property name="file.encoding" value="UTF-8"/>
    <property name="java.vm.name" value="OpenJDK 64-Bit Server VM"/>
    <property name="test.build.webapps" value=""/>
    <property name="localRepository" value="/home/user/.m2/repository"/>
    <property name="java.vendor.url.bug" value="https://icedtea.classpath.org/bugzilla"/>
    <property name="java.io.tmpdir" value="/tmp"/>
    <property name="require.test.libhadoop" value=""/>
    <property name="java.version" value="1.8.0_212"/>
    <property name="user.dir" value="/workdir/hadoop-ozone/ozonefs"/>
    <property name="os.arch" value="amd64"/>
    <property name="java.vm.specification.name" value="Java Virtual Machine Specification"/>
    <property name="test.build.classes" value="/workdir/hadoop-ozone/ozonefs/target/test-classes"/>
    <property name="java.awt.printerjob" value="sun.print.PSPrinterJob"/>
    <property name="sun.os.patch.level" value="unknown"/>
    <property name="hadoop.tmp.dir" value="/workdir/hadoop-ozone/ozonefs/target/tmp"/>
    <property name="java.library.path" value="/usr/lib/jvm/java-1.8-openjdk/jre/lib/amd64/server:/usr/lib/jvm/java-1.8-openjdk/jre/lib/amd64:/usr/lib/jvm/java-1.8-openjdk/jre/../lib/amd64:/workdir/hadoop-ozone/ozonefs/target/native/target/usr/local/lib:/workdir/hadoop-ozone/ozonefs/../../hadoop-common-project/hadoop-common/target/native/target/usr/local/lib:/usr/java/packages/lib/amd64:/usr/lib64:/lib64:/lib:/usr/lib"/>
    <property name="java.vm.info" value="mixed mode"/>
    <property name="java.vendor" value="IcedTea"/>
    <property name="java.vm.version" value="25.212-b04"/>
    <property name="java.ext.dirs" value="/usr/lib/jvm/java-1.8-openjdk/jre/lib/ext:/usr/java/packages/lib/ext"/>
    <property name="sun.io.unicode.encoding" value="UnicodeLittle"/>
    <property name="java.class.version" value="52.0"/>
  </properties>
  <testcase name="testOzoneFsServiceLoader" classname="org.apache.hadoop.fs.ozone.TestOzoneFileSystem" time="22.267"/>
  <testcase name="testListStatusOnRoot" classname="org.apache.hadoop.fs.ozone.TestOzoneFileSystem" time="16.823"/>
  <testcase name="testListStatusOnSubDirs" classname="org.apache.hadoop.fs.ozone.TestOzoneFileSystem" time="16.784">
    <error message="Allocated 0 blocks. Requested 1 blocks" type="INTERNAL_ERROR org.apache.hadoop.ozone.om.exceptions.OMException">INTERNAL_ERROR org.apache.hadoop.ozone.om.exceptions.OMException: Allocated 0 blocks. Requested 1 blocks
	at org.apache.hadoop.ozone.om.protocolPB.OzoneManagerProtocolClientSideTranslatorPB.handleError(OzoneManagerProtocolClientSideTranslatorPB.java:732)
	at org.apache.hadoop.ozone.om.protocolPB.OzoneManagerProtocolClientSideTranslatorPB.createFile(OzoneManagerProtocolClientSideTranslatorPB.java:1536)
	at sun.reflect.NativeMethodAccessorImpl.invoke0(Native Method)
	at sun.reflect.NativeMethodAccessorImpl.invoke(NativeMethodAccessorImpl.java:62)
	at sun.reflect.DelegatingMethodAccessorImpl.invoke(DelegatingMethodAccessorImpl.java:43)
	at java.lang.reflect.Method.invoke(Method.java:498)
	at org.apache.hadoop.hdds.tracing.TraceAllMethod.invoke(TraceAllMethod.java:66)
	at com.sun.proxy.$Proxy38.createFile(Unknown Source)
	at org.apache.hadoop.ozone.client.rpc.RpcClient.createFile(RpcClient.java:1006)
	at org.apache.hadoop.ozone.client.OzoneBucket.createFile(OzoneBucket.java:537)
	at org.apache.hadoop.fs.ozone.BasicOzoneClientAdapterImpl.createFile(BasicOzoneClientAdapterImpl.java:205)
	at org.apache.hadoop.fs.ozone.BasicOzoneFileSystem.createOutputStream(BasicOzoneFileSystem.java:250)
	at org.apache.hadoop.fs.ozone.BasicOzoneFileSystem.create(BasicOzoneFileSystem.java:231)
	at org.apache.hadoop.fs.FileSystem.create(FileSystem.java:1118)
	at org.apache.hadoop.fs.FileSystem.create(FileSystem.java:1098)
	at org.apache.hadoop.fs.FileSystem.create(FileSystem.java:987)
	at org.apache.hadoop.fs.contract.ContractTestUtils.createFile(ContractTestUtils.java:633)
	at org.apache.hadoop.fs.contract.ContractTestUtils.touch(ContractTestUtils.java:669)
	at org.apache.hadoop.fs.ozone.TestOzoneFileSystem.testListStatusOnSubDirs(TestOzoneFileSystem.java:251)
	at sun.reflect.NativeMethodAccessorImpl.invoke0(Native Method)
	at sun.reflect.NativeMethodAccessorImpl.invoke(NativeMethodAccessorImpl.java:62)
	at sun.reflect.DelegatingMethodAccessorImpl.invoke(DelegatingMethodAccessorImpl.java:43)
	at java.lang.reflect.Method.invoke(Method.java:498)
	at org.junit.runners.model.FrameworkMethod$1.runReflectiveCall(FrameworkMethod.java:47)
	at org.junit.internal.runners.model.ReflectiveCallable.run(ReflectiveCallable.java:12)
	at org.junit.runners.model.FrameworkMethod.invokeExplosively(FrameworkMethod.java:44)
	at org.junit.internal.runners.statements.InvokeMethod.evaluate(InvokeMethod.java:17)
	at org.junit.internal.runners.statements.RunBefores.evaluate(RunBefores.java:26)
	at org.junit.internal.runners.statements.RunAfters.evaluate(RunAfters.java:27)
	at org.junit.internal.runners.statements.FailOnTimeout$StatementThread.run(FailOnTimeout.java:74)
</error>
    <system-out><![CDATA[2019-09-25 11:53:02,168 [Thread-528] WARN  server.ServerUtils (ServerUtils.java:getScmDbDir(145)) - ozone.scm.db.dirs is not configured. We recommend adding this setting. Falling back to ozone.metadata.dirs instead.
2019-09-25 11:53:02,183 [Thread-528] WARN  server.ServerUtils (ServerUtils.java:getScmDbDir(145)) - ozone.scm.db.dirs is not configured. We recommend adding this setting. Falling back to ozone.metadata.dirs instead.
2019-09-25 11:53:02,184 [Thread-528] WARN  server.ServerUtils (ServerUtils.java:getScmDbDir(145)) - ozone.scm.db.dirs is not configured. We recommend adding this setting. Falling back to ozone.metadata.dirs instead.
2019-09-25 11:53:02,184 [Thread-528] INFO  db.DBStoreBuilder (DBStoreBuilder.java:addTable(110)) - using custom profile for table: deletedBlocks
2019-09-25 11:53:02,184 [Thread-528] INFO  db.DBStoreBuilder (DBStoreBuilder.java:processTables(161)) - Using default column profile:DBProfile.DISK for Table:deletedBlocks
2019-09-25 11:53:02,184 [Thread-528] INFO  db.DBStoreBuilder (DBStoreBuilder.java:addTable(110)) - using custom profile for table: validCerts
2019-09-25 11:53:02,184 [Thread-528] INFO  db.DBStoreBuilder (DBStoreBuilder.java:processTables(161)) - Using default column profile:DBProfile.DISK for Table:validCerts
2019-09-25 11:53:02,185 [Thread-528] INFO  db.DBStoreBuilder (DBStoreBuilder.java:addTable(110)) - using custom profile for table: revokedCerts
2019-09-25 11:53:02,185 [Thread-528] INFO  db.DBStoreBuilder (DBStoreBuilder.java:processTables(161)) - Using default column profile:DBProfile.DISK for Table:revokedCerts
2019-09-25 11:53:02,185 [Thread-528] INFO  db.DBStoreBuilder (DBStoreBuilder.java:addTable(110)) - using custom profile for table: default
2019-09-25 11:53:02,185 [Thread-528] INFO  db.DBStoreBuilder (DBStoreBuilder.java:processTables(167)) - Using default column profile:DBProfile.DISK for Table:default
2019-09-25 11:53:02,185 [Thread-528] INFO  db.DBStoreBuilder (DBStoreBuilder.java:getDbProfile(198)) - Using default options. DBProfile.DISK
2019-09-25 11:53:02,334 [Thread-528] INFO  net.NodeSchemaLoader (NodeSchemaLoader.java:loadSchemaFromFile(125)) - Loading file from sun.misc.CompoundEnumeration@505f029d
2019-09-25 11:53:02,335 [Thread-528] INFO  net.NodeSchemaLoader (NodeSchemaLoader.java:loadSchema(171)) - Loading network topology layer schema file
2019-09-25 11:53:02,340 [Thread-528] WARN  server.ServerUtils (ServerUtils.java:sanitizeUserArgs(70)) - ozone.scm.stale.node.interval value = 300000 is larger than max = 100000 based on the key value of ozone.scm.heartbeat.thread.interval, reset to the max value 100000.
2019-09-25 11:53:02,340 [Thread-528] WARN  server.ServerUtils (ServerUtils.java:sanitizeUserArgs(70)) - ozone.scm.stale.node.interval value = 300000 is larger than max = 100000 based on the key value of ozone.scm.heartbeat.thread.interval, reset to the max value 100000.
2019-09-25 11:53:02,341 [Thread-528] INFO  node.SCMNodeManager (SCMNodeManager.java:<init>(114)) - Entering startup safe mode.
2019-09-25 11:53:02,342 [Thread-528] INFO  algorithms.ContainerPlacementPolicyFactory (ContainerPlacementPolicyFactory.java:getPolicy(59)) - Create container placement policy of type org.apache.hadoop.hdds.scm.container.placement.algorithms.SCMContainerPlacementRandom
2019-09-25 11:53:02,342 [Thread-528] WARN  server.ServerUtils (ServerUtils.java:getScmDbDir(145)) - ozone.scm.db.dirs is not configured. We recommend adding this setting. Falling back to ozone.metadata.dirs instead.
2019-09-25 11:53:02,392 [Thread-528] INFO  pipeline.SCMPipelineManager (SCMPipelineManager.java:initializePipelineState(132)) - No pipeline exists in current db
2019-09-25 11:53:02,392 [Thread-528] WARN  server.ServerUtils (ServerUtils.java:getScmDbDir(145)) - ozone.scm.db.dirs is not configured. We recommend adding this setting. Falling back to ozone.metadata.dirs instead.
2019-09-25 11:53:02,444 [Thread-528] WARN  events.EventQueue (EventQueue.java:fireEvent(183)) - No event handler registered for event TypedEvent{payloadType=SafeModeStatus, name='SafeModeStatus'}
2019-09-25 11:53:02,445 [Thread-528] INFO  ipc.CallQueueManager (CallQueueManager.java:<init>(84)) - Using callQueue: class java.util.concurrent.LinkedBlockingQueue, queueCapacity: 2000, scheduler: class org.apache.hadoop.ipc.DefaultRpcScheduler, ipcBackoff: false.
2019-09-25 11:53:02,446 [Socket Reader #1 for port 44322] INFO  ipc.Server (Server.java:run(1074)) - Starting Socket Reader #1 for port 44322
2019-09-25 11:53:02,448 [Thread-528] INFO  ipc.CallQueueManager (CallQueueManager.java:<init>(84)) - Using callQueue: class java.util.concurrent.LinkedBlockingQueue, queueCapacity: 2000, scheduler: class org.apache.hadoop.ipc.DefaultRpcScheduler, ipcBackoff: false.
2019-09-25 11:53:02,449 [Socket Reader #1 for port 41050] INFO  ipc.Server (Server.java:run(1074)) - Starting Socket Reader #1 for port 41050
2019-09-25 11:53:02,450 [Thread-528] INFO  ipc.CallQueueManager (CallQueueManager.java:<init>(84)) - Using callQueue: class java.util.concurrent.LinkedBlockingQueue, queueCapacity: 2000, scheduler: class org.apache.hadoop.ipc.DefaultRpcScheduler, ipcBackoff: false.
2019-09-25 11:53:02,451 [Socket Reader #1 for port 34533] INFO  ipc.Server (Server.java:run(1074)) - Starting Socket Reader #1 for port 34533
2019-09-25 11:53:02,453 [Thread-528] INFO  hdfs.DFSUtil (DFSUtil.java:httpServerTemplateForNNAndJN(1641)) - Starting Web-server for scm at: http://0.0.0.0:0
2019-09-25 11:53:02,456 [Thread-528] INFO  server.AuthenticationFilter (AuthenticationFilter.java:constructSecretProvider(240)) - Unable to initialize FileSignerSecretProvider, falling back to use random secrets.
2019-09-25 11:53:02,456 [Thread-528] WARN  http.HttpRequestLog (HttpRequestLog.java:getRequestLog(97)) - Jetty request log can only be enabled using Log4j
2019-09-25 11:53:02,459 [Thread-528] INFO  http.HttpServer2 (HttpServer2.java:addGlobalFilter(975)) - Added global filter 'safety' (class=org.apache.hadoop.http.HttpServer2$QuotingInputFilter)
2019-09-25 11:53:02,460 [Thread-528] INFO  http.HttpServer2 (HttpServer2.java:addFilter(948)) - Added filter static_user_filter (class=org.apache.hadoop.http.lib.StaticUserWebFilter$StaticUserFilter) to context scm
2019-09-25 11:53:02,460 [Thread-528] INFO  http.HttpServer2 (HttpServer2.java:addFilter(958)) - Added filter static_user_filter (class=org.apache.hadoop.http.lib.StaticUserWebFilter$StaticUserFilter) to context static
2019-09-25 11:53:02,460 [Thread-528] INFO  http.HttpServer2 (HttpServer2.java:addFilter(958)) - Added filter static_user_filter (class=org.apache.hadoop.http.lib.StaticUserWebFilter$StaticUserFilter) to context logs
2019-09-25 11:53:02,463 [Thread-528] INFO  server.StorageContainerManager (StorageContainerManager.java:start(770)) - StorageContainerLocationProtocol RPC server is listening at /0.0.0.0:34533
2019-09-25 11:53:02,466 [Thread-528] WARN  impl.MetricsConfig (MetricsConfig.java:loadFirst(134)) - Cannot locate configuration: tried hadoop-metrics2-storagecontainermanager.properties,hadoop-metrics2.properties
2019-09-25 11:53:02,467 [Thread-528] INFO  impl.MetricsSystemImpl (MetricsSystemImpl.java:startTimer(374)) - Scheduled Metric snapshot period at 10 second(s).
2019-09-25 11:53:02,467 [Thread-528] INFO  impl.MetricsSystemImpl (MetricsSystemImpl.java:start(191)) - StorageContainerManager metrics system started
2019-09-25 11:53:02,522 [Thread-528] WARN  impl.MetricsSystemImpl (MetricsSystemImpl.java:register(276)) - Sink prometheus already exists!
2019-09-25 11:53:02,527 [Thread-528] INFO  server.SCMClientProtocolServer (SCMClientProtocolServer.java:start(151)) - RPC server for Client  is listening at /0.0.0.0:34533
2019-09-25 11:53:02,528 [IPC Server Responder] INFO  ipc.Server (Server.java:run(1314)) - IPC Server Responder: starting
2019-09-25 11:53:02,528 [IPC Server listener on 34533] INFO  ipc.Server (Server.java:run(1153)) - IPC Server listener on 34533: starting
2019-09-25 11:53:02,532 [Thread-528] INFO  server.StorageContainerManager (StorageContainerManager.java:start(780)) - ScmBlockLocationProtocol RPC server is listening at /0.0.0.0:41050
2019-09-25 11:53:02,532 [Thread-528] INFO  server.SCMBlockProtocolServer (SCMBlockProtocolServer.java:start(146)) - RPC server for Block Protocol is listening at /0.0.0.0:41050
2019-09-25 11:53:02,533 [IPC Server Responder] INFO  ipc.Server (Server.java:run(1314)) - IPC Server Responder: starting
2019-09-25 11:53:02,533 [IPC Server listener on 41050] INFO  ipc.Server (Server.java:run(1153)) - IPC Server listener on 41050: starting
2019-09-25 11:53:02,538 [Thread-528] INFO  server.StorageContainerManager (StorageContainerManager.java:start(784)) - ScmDatanodeProtocl RPC server is listening at /0.0.0.0:44322
2019-09-25 11:53:02,538 [Thread-528] INFO  server.SCMDatanodeProtocolServer (SCMDatanodeProtocolServer.java:start(191)) - RPC server for DataNodes is listening at /0.0.0.0:44322
2019-09-25 11:53:02,538 [IPC Server Responder] INFO  ipc.Server (Server.java:run(1314)) - IPC Server Responder: starting
2019-09-25 11:53:02,538 [IPC Server listener on 44322] INFO  ipc.Server (Server.java:run(1153)) - IPC Server listener on 44322: starting
2019-09-25 11:53:02,543 [Thread-528] INFO  http.HttpServer2 (HttpServer2.java:bindListener(1191)) - Jetty bound to port 34419
2019-09-25 11:53:02,543 [Thread-528] INFO  server.Server (Server.java:doStart(351)) - jetty-9.3.25.v20180904, build timestamp: 2018-09-04T21:11:46Z, git hash: 3ce520221d0240229c862b122d2b06c12a625732
2019-09-25 11:53:02,545 [Thread-528] INFO  handler.ContextHandler (ContextHandler.java:doStart(781)) - Started o.e.j.s.ServletContextHandler@79f68a00{/logs,file:///workdir/hadoop-ozone/ozonefs/target/log,AVAILABLE}
2019-09-25 11:53:02,546 [Thread-528] INFO  handler.ContextHandler (ContextHandler.java:doStart(781)) - Started o.e.j.s.ServletContextHandler@270ae6ce{/static,jar:file:/home/user/.m2/repository/org/apache/hadoop/hadoop-hdds-server-scm/0.5.0-SNAPSHOT/hadoop-hdds-server-scm-0.5.0-SNAPSHOT.jar!/webapps/static,AVAILABLE}
2019-09-25 11:53:02,614 [Thread-528] INFO  handler.ContextHandler (ContextHandler.java:doStart(781)) - Started o.e.j.w.WebAppContext@6aed39a7{/,file:///tmp/jetty-0.0.0.0-34419-scm-_-any-7976889599793340908.dir/webapp/,AVAILABLE}{/scm}
2019-09-25 11:53:02,615 [Thread-528] INFO  server.AbstractConnector (AbstractConnector.java:doStart(278)) - Started ServerConnector@27cf888c{HTTP/1.1,[http/1.1]}{0.0.0.0:34419}
2019-09-25 11:53:02,616 [Thread-528] INFO  server.Server (Server.java:doStart(419)) - Started @39977ms
2019-09-25 11:53:02,616 [Thread-528] WARN  impl.MetricsSystemImpl (MetricsSystemImpl.java:register(276)) - Sink prometheus already exists!
2019-09-25 11:53:02,617 [Thread-528] INFO  server.BaseHttpServer (BaseHttpServer.java:updateConnectorAddress(215)) - HTTP server of SCM is listening at http://0.0.0.0:34419
2019-09-25 11:53:02,618 [Thread-528] WARN  server.ServerUtils (ServerUtils.java:getDBPath(222)) - ozone.om.db.dirs is not configured. We recommend adding this setting. Falling back to ozone.metadata.dirs instead.
2019-09-25 11:53:02,619 [org.apache.hadoop.util.JvmPauseMonitor$Monitor@13a36993] INFO  util.JvmPauseMonitor (JvmPauseMonitor.java:run(188)) - Starting JVM pause monitor
2019-09-25 11:53:02,632 [Thread-528] WARN  server.ServerUtils (ServerUtils.java:getDBPath(222)) - ozone.om.db.dirs is not configured. We recommend adding this setting. Falling back to ozone.metadata.dirs instead.
2019-09-25 11:53:02,632 [Thread-528] WARN  server.ServerUtils (ServerUtils.java:getDBPath(222)) - ozone.om.db.dirs is not configured. We recommend adding this setting. Falling back to ozone.metadata.dirs instead.
2019-09-25 11:53:02,633 [Thread-528] INFO  om.OzoneManager (OzoneManager.java:setOMNodeDetails(652)) - OM Service ID is not set. Setting it to the default ID: omServiceIdDefault
2019-09-25 11:53:02,633 [Thread-528] INFO  om.OzoneManager (OzoneManager.java:setOMNodeDetails(658)) - OM Node ID is not set. Setting it to the OmStorage's OmID: 619f89d4-2c66-42d6-b670-f7311a83085c
2019-09-25 11:53:02,633 [Thread-528] INFO  om.OzoneManager (OzoneManager.java:loadOMHAConfigs(609)) - Found matching OM address with OMServiceId: null, OMNodeId: null, RPC Address: localhost:0 and Ratis port: 9872
2019-09-25 11:53:02,639 [Thread-528] WARN  server.ServerUtils (ServerUtils.java:getDBPath(222)) - ozone.om.db.dirs is not configured. We recommend adding this setting. Falling back to ozone.metadata.dirs instead.
2019-09-25 11:53:02,639 [Thread-528] INFO  db.DBStoreBuilder (DBStoreBuilder.java:addTable(110)) - using custom profile for table: userTable
2019-09-25 11:53:02,640 [Thread-528] INFO  db.DBStoreBuilder (DBStoreBuilder.java:processTables(161)) - Using default column profile:DBProfile.DISK for Table:userTable
2019-09-25 11:53:02,640 [Thread-528] INFO  db.DBStoreBuilder (DBStoreBuilder.java:addTable(110)) - using custom profile for table: volumeTable
2019-09-25 11:53:02,640 [Thread-528] INFO  db.DBStoreBuilder (DBStoreBuilder.java:processTables(161)) - Using default column profile:DBProfile.DISK for Table:volumeTable
2019-09-25 11:53:02,640 [Thread-528] INFO  db.DBStoreBuilder (DBStoreBuilder.java:addTable(110)) - using custom profile for table: bucketTable
2019-09-25 11:53:02,640 [Thread-528] INFO  db.DBStoreBuilder (DBStoreBuilder.java:processTables(161)) - Using default column profile:DBProfile.DISK for Table:bucketTable
2019-09-25 11:53:02,640 [Thread-528] INFO  db.DBStoreBuilder (DBStoreBuilder.java:addTable(110)) - using custom profile for table: keyTable
2019-09-25 11:53:02,640 [Thread-528] INFO  db.DBStoreBuilder (DBStoreBuilder.java:processTables(161)) - Using default column profile:DBProfile.DISK for Table:keyTable
2019-09-25 11:53:02,641 [Thread-528] INFO  db.DBStoreBuilder (DBStoreBuilder.java:addTable(110)) - using custom profile for table: deletedTable
2019-09-25 11:53:02,641 [Thread-528] INFO  db.DBStoreBuilder (DBStoreBuilder.java:processTables(161)) - Using default column profile:DBProfile.DISK for Table:deletedTable
2019-09-25 11:53:02,641 [Thread-528] INFO  db.DBStoreBuilder (DBStoreBuilder.java:addTable(110)) - using custom profile for table: openKeyTable
2019-09-25 11:53:02,641 [Thread-528] INFO  db.DBStoreBuilder (DBStoreBuilder.java:processTables(161)) - Using default column profile:DBProfile.DISK for Table:openKeyTable
2019-09-25 11:53:02,641 [Thread-528] INFO  db.DBStoreBuilder (DBStoreBuilder.java:addTable(110)) - using custom profile for table: s3Table
2019-09-25 11:53:02,641 [Thread-528] INFO  db.DBStoreBuilder (DBStoreBuilder.java:processTables(161)) - Using default column profile:DBProfile.DISK for Table:s3Table
2019-09-25 11:53:02,641 [Thread-528] INFO  db.DBStoreBuilder (DBStoreBuilder.java:addTable(110)) - using custom profile for table: multipartInfoTable
2019-09-25 11:53:02,641 [Thread-528] INFO  db.DBStoreBuilder (DBStoreBuilder.java:processTables(161)) - Using default column profile:DBProfile.DISK for Table:multipartInfoTable
2019-09-25 11:53:02,642 [Thread-528] INFO  db.DBStoreBuilder (DBStoreBuilder.java:addTable(110)) - using custom profile for table: dTokenTable
2019-09-25 11:53:02,642 [Thread-528] INFO  db.DBStoreBuilder (DBStoreBuilder.java:processTables(161)) - Using default column profile:DBProfile.DISK for Table:dTokenTable
2019-09-25 11:53:02,642 [Thread-528] INFO  db.DBStoreBuilder (DBStoreBuilder.java:addTable(110)) - using custom profile for table: s3SecretTable
2019-09-25 11:53:02,642 [Thread-528] INFO  db.DBStoreBuilder (DBStoreBuilder.java:processTables(161)) - Using default column profile:DBProfile.DISK for Table:s3SecretTable
2019-09-25 11:53:02,642 [Thread-528] INFO  db.DBStoreBuilder (DBStoreBuilder.java:addTable(110)) - using custom profile for table: prefixTable
2019-09-25 11:53:02,642 [Thread-528] INFO  db.DBStoreBuilder (DBStoreBuilder.java:processTables(161)) - Using default column profile:DBProfile.DISK for Table:prefixTable
2019-09-25 11:53:02,642 [Thread-528] INFO  db.DBStoreBuilder (DBStoreBuilder.java:addTable(110)) - using custom profile for table: default
2019-09-25 11:53:02,642 [Thread-528] INFO  db.DBStoreBuilder (DBStoreBuilder.java:processTables(167)) - Using default column profile:DBProfile.DISK for Table:default
2019-09-25 11:53:02,643 [Thread-528] INFO  db.DBStoreBuilder (DBStoreBuilder.java:getDbProfile(198)) - Using default options. DBProfile.DISK
2019-09-25 11:53:03,157 [Thread-528] INFO  ipc.CallQueueManager (CallQueueManager.java:<init>(84)) - Using callQueue: class java.util.concurrent.LinkedBlockingQueue, queueCapacity: 2000, scheduler: class org.apache.hadoop.ipc.DefaultRpcScheduler, ipcBackoff: false.
2019-09-25 11:53:03,158 [Socket Reader #1 for port 45381] INFO  ipc.Server (Server.java:run(1074)) - Starting Socket Reader #1 for port 45381
2019-09-25 11:53:03,182 [Thread-528] INFO  om.OzoneManager (OzoneManager.java:start(1243)) - OzoneManager RPC server is listening at localhost/127.0.0.1:45381
2019-09-25 11:53:03,182 [Thread-528] INFO  impl.MetricsSystemImpl (MetricsSystemImpl.java:init(158)) - OzoneManager metrics system started (again)
2019-09-25 11:53:03,183 [IPC Server Responder] INFO  ipc.Server (Server.java:run(1314)) - IPC Server Responder: starting
2019-09-25 11:53:03,183 [IPC Server listener on 45381] INFO  ipc.Server (Server.java:run(1153)) - IPC Server listener on 45381: starting
2019-09-25 11:53:03,189 [Thread-528] INFO  hdfs.DFSUtil (DFSUtil.java:httpServerTemplateForNNAndJN(1641)) - Starting Web-server for ozoneManager at: http://0.0.0.0:0
2019-09-25 11:53:03,191 [Thread-528] INFO  server.AuthenticationFilter (AuthenticationFilter.java:constructSecretProvider(240)) - Unable to initialize FileSignerSecretProvider, falling back to use random secrets.
2019-09-25 11:53:03,191 [Thread-528] WARN  http.HttpRequestLog (HttpRequestLog.java:getRequestLog(97)) - Jetty request log can only be enabled using Log4j
2019-09-25 11:53:03,193 [Thread-528] INFO  http.HttpServer2 (HttpServer2.java:addGlobalFilter(975)) - Added global filter 'safety' (class=org.apache.hadoop.http.HttpServer2$QuotingInputFilter)
2019-09-25 11:53:03,193 [Thread-528] INFO  http.HttpServer2 (HttpServer2.java:addFilter(948)) - Added filter static_user_filter (class=org.apache.hadoop.http.lib.StaticUserWebFilter$StaticUserFilter) to context ozoneManager
2019-09-25 11:53:03,193 [Thread-528] INFO  http.HttpServer2 (HttpServer2.java:addFilter(958)) - Added filter static_user_filter (class=org.apache.hadoop.http.lib.StaticUserWebFilter$StaticUserFilter) to context logs
2019-09-25 11:53:03,193 [Thread-528] INFO  http.HttpServer2 (HttpServer2.java:addFilter(958)) - Added filter static_user_filter (class=org.apache.hadoop.http.lib.StaticUserWebFilter$StaticUserFilter) to context static
2019-09-25 11:53:03,194 [Thread-528] INFO  http.HttpServer2 (HttpServer2.java:bindListener(1191)) - Jetty bound to port 43948
2019-09-25 11:53:03,194 [Thread-528] INFO  server.Server (Server.java:doStart(351)) - jetty-9.3.25.v20180904, build timestamp: 2018-09-04T21:11:46Z, git hash: 3ce520221d0240229c862b122d2b06c12a625732
2019-09-25 11:53:03,196 [Thread-528] INFO  handler.ContextHandler (ContextHandler.java:doStart(781)) - Started o.e.j.s.ServletContextHandler@6ea7ea46{/logs,file:///workdir/hadoop-ozone/ozonefs/target/log,AVAILABLE}
2019-09-25 11:53:03,196 [Thread-528] INFO  handler.ContextHandler (ContextHandler.java:doStart(781)) - Started o.e.j.s.ServletContextHandler@b121929{/static,jar:file:/home/user/.m2/repository/org/apache/hadoop/hadoop-ozone-ozone-manager/0.5.0-SNAPSHOT/hadoop-ozone-ozone-manager-0.5.0-SNAPSHOT.jar!/webapps/static,AVAILABLE}
2019-09-25 11:53:03,242 [Thread-528] INFO  handler.ContextHandler (ContextHandler.java:doStart(781)) - Started o.e.j.w.WebAppContext@4313a59a{/,file:///tmp/jetty-0.0.0.0-43948-ozoneManager-_-any-4753232268910068453.dir/webapp/,AVAILABLE}{/ozoneManager}
2019-09-25 11:53:03,242 [Thread-528] INFO  server.AbstractConnector (AbstractConnector.java:doStart(278)) - Started ServerConnector@7877567f{HTTP/1.1,[http/1.1]}{0.0.0.0:43948}
2019-09-25 11:53:03,243 [Thread-528] INFO  server.Server (Server.java:doStart(419)) - Started @40605ms
2019-09-25 11:53:03,243 [Thread-528] WARN  impl.MetricsSystemImpl (MetricsSystemImpl.java:register(276)) - Sink prometheus already exists!
2019-09-25 11:53:03,244 [Thread-528] INFO  server.BaseHttpServer (BaseHttpServer.java:updateConnectorAddress(215)) - HTTP server of OZONEMANAGER is listening at http://0.0.0.0:43948
2019-09-25 11:53:03,252 [Thread-528] INFO  impl.MetricsSystemImpl (MetricsSystemImpl.java:init(158)) - HddsDatanode metrics system started (again)
2019-09-25 11:53:03,254 [Thread-528] INFO  ozone.HddsDatanodeService (HddsDatanodeService.java:start(184)) - HddsDatanodeService host:pr-hdds-1569-5gmkr-4255264070 ip:192.168.30.6
2019-09-25 11:53:03,259 [Thread-528] INFO  volume.HddsVolume (HddsVolume.java:<init>(176)) - Creating Volume: /workdir/hadoop-ozone/ozonefs/target/test-dir/MiniOzoneClusterImpl-6cc5d9fe-62d6-4c5a-ace2-3095284a5ae3/datanode-0/data/containers/hdds of  storage type : DISK and capacity : 1482555576320
2019-09-25 11:53:03,260 [Thread-528] INFO  volume.VolumeSet (VolumeSet.java:initializeVolumeSet(170)) - Added Volume : /workdir/hadoop-ozone/ozonefs/target/test-dir/MiniOzoneClusterImpl-6cc5d9fe-62d6-4c5a-ace2-3095284a5ae3/datanode-0/data/containers/hdds to VolumeSet
2019-09-25 11:53:03,261 [Thread-528] INFO  volume.ThrottledAsyncChecker (ThrottledAsyncChecker.java:schedule(139)) - Scheduling a check for org.apache.hadoop.ozone.container.common.volume.HddsVolume@76bf37d7
2019-09-25 11:53:03,262 [Thread-528] INFO  volume.HddsVolumeChecker (HddsVolumeChecker.java:checkAllVolumes(202)) - Scheduled health check for volume org.apache.hadoop.ozone.container.common.volume.HddsVolume@76bf37d7
2019-09-25 11:53:03,282 [Thread-528] INFO  impl.RaftServerProxy (ConfUtils.java:logGet(43)) - raft.rpc.type = GRPC (default)
2019-09-25 11:53:03,283 [Thread-528] INFO  grpc.GrpcFactory (GrpcFactory.java:checkPooledByteBufAllocatorUseCacheForAllThreads(45)) - PERFORMANCE WARNING: useCacheForAllThreads is true that may cause Netty to create a lot garbage objects and, as a result, trigger GC.
	It is recommended to disable useCacheForAllThreads by setting -Dorg.apache.ratis.thirdparty.io.netty.allocator.useCacheForAllThreads=false in command line.
2019-09-25 11:53:03,284 [Thread-528] INFO  grpc.GrpcConfigKeys$Server (ConfUtils.java:logGet(43)) - raft.grpc.server.port = 0 (default)
2019-09-25 11:53:03,284 [Thread-528] INFO  server.GrpcService (ConfUtils.java:logGet(43)) - raft.grpc.message.size.max = 33570816 (custom)
2019-09-25 11:53:03,284 [Thread-528] INFO  server.RaftServerConfigKeys (ConfUtils.java:logGet(43)) - raft.server.log.appender.buffer.byte-limit = 33554432 (custom)
2019-09-25 11:53:03,284 [Thread-528] INFO  server.GrpcService (ConfUtils.java:logGet(43)) - raft.grpc.flow.control.window = 1MB (=1048576) (default)
2019-09-25 11:53:03,285 [Thread-528] INFO  server.RaftServerConfigKeys (ConfUtils.java:logGet(43)) - raft.server.rpc.request.timeout = 3000ms (default)
2019-09-25 11:53:03,285 [Thread-528] INFO  server.RaftServerConfigKeys (ConfUtils.java:logGet(43)) - raft.server.storage.dir = [/workdir/hadoop-ozone/ozonefs/target/test-dir/MiniOzoneClusterImpl-6cc5d9fe-62d6-4c5a-ace2-3095284a5ae3/datanode-0/data/ratis] (custom)
2019-09-25 11:53:03,286 [Thread-528] INFO  hdfs.DFSUtil (DFSUtil.java:httpServerTemplateForNNAndJN(1641)) - Starting Web-server for hddsDatanode at: http://0.0.0.0:0
2019-09-25 11:53:03,288 [Thread-528] INFO  server.AuthenticationFilter (AuthenticationFilter.java:constructSecretProvider(240)) - Unable to initialize FileSignerSecretProvider, falling back to use random secrets.
2019-09-25 11:53:03,288 [Thread-528] WARN  http.HttpRequestLog (HttpRequestLog.java:getRequestLog(97)) - Jetty request log can only be enabled using Log4j
2019-09-25 11:53:03,290 [Thread-528] INFO  http.HttpServer2 (HttpServer2.java:addGlobalFilter(975)) - Added global filter 'safety' (class=org.apache.hadoop.http.HttpServer2$QuotingInputFilter)
2019-09-25 11:53:03,291 [Thread-528] INFO  http.HttpServer2 (HttpServer2.java:addFilter(948)) - Added filter static_user_filter (class=org.apache.hadoop.http.lib.StaticUserWebFilter$StaticUserFilter) to context hddsDatanode
2019-09-25 11:53:03,291 [Thread-528] INFO  http.HttpServer2 (HttpServer2.java:addFilter(958)) - Added filter static_user_filter (class=org.apache.hadoop.http.lib.StaticUserWebFilter$StaticUserFilter) to context logs
2019-09-25 11:53:03,291 [Thread-528] INFO  http.HttpServer2 (HttpServer2.java:addFilter(958)) - Added filter static_user_filter (class=org.apache.hadoop.http.lib.StaticUserWebFilter$StaticUserFilter) to context static
2019-09-25 11:53:03,292 [Thread-528] INFO  http.HttpServer2 (HttpServer2.java:bindListener(1191)) - Jetty bound to port 36904
2019-09-25 11:53:03,292 [Thread-528] INFO  server.Server (Server.java:doStart(351)) - jetty-9.3.25.v20180904, build timestamp: 2018-09-04T21:11:46Z, git hash: 3ce520221d0240229c862b122d2b06c12a625732
2019-09-25 11:53:03,293 [Thread-528] INFO  handler.ContextHandler (ContextHandler.java:doStart(781)) - Started o.e.j.s.ServletContextHandler@797249e3{/logs,file:///workdir/hadoop-ozone/ozonefs/target/log,AVAILABLE}
2019-09-25 11:53:03,294 [Thread-528] INFO  handler.ContextHandler (ContextHandler.java:doStart(781)) - Started o.e.j.s.ServletContextHandler@6d623441{/static,jar:file:/home/user/.m2/repository/org/apache/hadoop/hadoop-hdds-container-service/0.5.0-SNAPSHOT/hadoop-hdds-container-service-0.5.0-SNAPSHOT.jar!/webapps/static,AVAILABLE}
2019-09-25 11:53:03,322 [Thread-528] INFO  handler.ContextHandler (ContextHandler.java:doStart(781)) - Started o.e.j.w.WebAppContext@655b83b2{/,file:///tmp/jetty-0.0.0.0-36904-hddsDatanode-_-any-5784009623974217238.dir/webapp/,AVAILABLE}{/hddsDatanode}
2019-09-25 11:53:03,322 [Thread-528] INFO  server.AbstractConnector (AbstractConnector.java:doStart(278)) - Started ServerConnector@334166e4{HTTP/1.1,[http/1.1]}{0.0.0.0:36904}
2019-09-25 11:53:03,323 [Thread-528] INFO  server.Server (Server.java:doStart(419)) - Started @40685ms
2019-09-25 11:53:03,324 [Thread-528] WARN  impl.MetricsSystemImpl (MetricsSystemImpl.java:register(276)) - Sink prometheus already exists!
2019-09-25 11:53:03,324 [Thread-528] INFO  server.BaseHttpServer (BaseHttpServer.java:updateConnectorAddress(215)) - HTTP server of HDDSDATANODE is listening at http://0.0.0.0:36904
2019-09-25 11:53:03,324 [Thread-528] INFO  impl.MetricsSystemImpl (MetricsSystemImpl.java:init(158)) - HddsDatanode metrics system started (again)
2019-09-25 11:53:03,327 [org.apache.hadoop.util.JvmPauseMonitor$Monitor@11dae290] INFO  util.JvmPauseMonitor (JvmPauseMonitor.java:run(188)) - Starting JVM pause monitor
2019-09-25 11:53:03,328 [Thread-528] INFO  ozone.HddsDatanodeService (HddsDatanodeService.java:start(184)) - HddsDatanodeService host:pr-hdds-1569-5gmkr-4255264070 ip:192.168.30.6
2019-09-25 11:53:03,329 [Datanode State Machine Thread - 0] INFO  datanode.InitDatanodeState (InitDatanodeState.java:persistContainerDatanodeDetails(140)) - DatanodeDetails is persisted to /workdir/hadoop-ozone/ozonefs/target/test-dir/MiniOzoneClusterImpl-6cc5d9fe-62d6-4c5a-ace2-3095284a5ae3/datanode-0/meta/datanode.id
2019-09-25 11:53:03,332 [Thread-528] INFO  volume.HddsVolume (HddsVolume.java:<init>(176)) - Creating Volume: /workdir/hadoop-ozone/ozonefs/target/test-dir/MiniOzoneClusterImpl-6cc5d9fe-62d6-4c5a-ace2-3095284a5ae3/datanode-1/data/containers/hdds of  storage type : DISK and capacity : 1482555576320
2019-09-25 11:53:03,333 [Thread-528] INFO  volume.VolumeSet (VolumeSet.java:initializeVolumeSet(170)) - Added Volume : /workdir/hadoop-ozone/ozonefs/target/test-dir/MiniOzoneClusterImpl-6cc5d9fe-62d6-4c5a-ace2-3095284a5ae3/datanode-1/data/containers/hdds to VolumeSet
2019-09-25 11:53:03,333 [Thread-528] INFO  volume.ThrottledAsyncChecker (ThrottledAsyncChecker.java:schedule(139)) - Scheduling a check for org.apache.hadoop.ozone.container.common.volume.HddsVolume@1b8d1a43
2019-09-25 11:53:03,333 [Thread-528] INFO  volume.HddsVolumeChecker (HddsVolumeChecker.java:checkAllVolumes(202)) - Scheduled health check for volume org.apache.hadoop.ozone.container.common.volume.HddsVolume@1b8d1a43
2019-09-25 11:53:03,352 [Thread-528] INFO  impl.RaftServerProxy (ConfUtils.java:logGet(43)) - raft.rpc.type = GRPC (default)
2019-09-25 11:53:03,352 [Thread-528] INFO  grpc.GrpcFactory (GrpcFactory.java:checkPooledByteBufAllocatorUseCacheForAllThreads(45)) - PERFORMANCE WARNING: useCacheForAllThreads is true that may cause Netty to create a lot garbage objects and, as a result, trigger GC.
	It is recommended to disable useCacheForAllThreads by setting -Dorg.apache.ratis.thirdparty.io.netty.allocator.useCacheForAllThreads=false in command line.
2019-09-25 11:53:03,353 [Thread-528] INFO  grpc.GrpcConfigKeys$Server (ConfUtils.java:logGet(43)) - raft.grpc.server.port = 0 (default)
2019-09-25 11:53:03,353 [Thread-528] INFO  server.GrpcService (ConfUtils.java:logGet(43)) - raft.grpc.message.size.max = 33570816 (custom)
2019-09-25 11:53:03,353 [Thread-528] INFO  server.RaftServerConfigKeys (ConfUtils.java:logGet(43)) - raft.server.log.appender.buffer.byte-limit = 33554432 (custom)
2019-09-25 11:53:03,353 [Thread-528] INFO  server.GrpcService (ConfUtils.java:logGet(43)) - raft.grpc.flow.control.window = 1MB (=1048576) (default)
2019-09-25 11:53:03,353 [Thread-528] INFO  server.RaftServerConfigKeys (ConfUtils.java:logGet(43)) - raft.server.rpc.request.timeout = 3000ms (default)
2019-09-25 11:53:03,354 [Thread-528] INFO  server.RaftServerConfigKeys (ConfUtils.java:logGet(43)) - raft.server.storage.dir = [/workdir/hadoop-ozone/ozonefs/target/test-dir/MiniOzoneClusterImpl-6cc5d9fe-62d6-4c5a-ace2-3095284a5ae3/datanode-1/data/ratis] (custom)
2019-09-25 11:53:03,355 [Thread-528] INFO  hdfs.DFSUtil (DFSUtil.java:httpServerTemplateForNNAndJN(1641)) - Starting Web-server for hddsDatanode at: http://0.0.0.0:0
2019-09-25 11:53:03,357 [Thread-528] INFO  server.AuthenticationFilter (AuthenticationFilter.java:constructSecretProvider(240)) - Unable to initialize FileSignerSecretProvider, falling back to use random secrets.
2019-09-25 11:53:03,357 [Thread-528] WARN  http.HttpRequestLog (HttpRequestLog.java:getRequestLog(97)) - Jetty request log can only be enabled using Log4j
2019-09-25 11:53:03,359 [Thread-528] INFO  http.HttpServer2 (HttpServer2.java:addGlobalFilter(975)) - Added global filter 'safety' (class=org.apache.hadoop.http.HttpServer2$QuotingInputFilter)
2019-09-25 11:53:03,360 [Thread-528] INFO  http.HttpServer2 (HttpServer2.java:addFilter(948)) - Added filter static_user_filter (class=org.apache.hadoop.http.lib.StaticUserWebFilter$StaticUserFilter) to context hddsDatanode
2019-09-25 11:53:03,360 [Thread-528] INFO  http.HttpServer2 (HttpServer2.java:addFilter(958)) - Added filter static_user_filter (class=org.apache.hadoop.http.lib.StaticUserWebFilter$StaticUserFilter) to context logs
2019-09-25 11:53:03,360 [Thread-528] INFO  http.HttpServer2 (HttpServer2.java:addFilter(958)) - Added filter static_user_filter (class=org.apache.hadoop.http.lib.StaticUserWebFilter$StaticUserFilter) to context static
2019-09-25 11:53:03,360 [Thread-528] INFO  http.HttpServer2 (HttpServer2.java:bindListener(1191)) - Jetty bound to port 43031
2019-09-25 11:53:03,361 [Thread-528] INFO  server.Server (Server.java:doStart(351)) - jetty-9.3.25.v20180904, build timestamp: 2018-09-04T21:11:46Z, git hash: 3ce520221d0240229c862b122d2b06c12a625732
2019-09-25 11:53:03,362 [Thread-528] INFO  handler.ContextHandler (ContextHandler.java:doStart(781)) - Started o.e.j.s.ServletContextHandler@169a36f9{/logs,file:///workdir/hadoop-ozone/ozonefs/target/log,AVAILABLE}
2019-09-25 11:53:03,363 [Thread-528] INFO  handler.ContextHandler (ContextHandler.java:doStart(781)) - Started o.e.j.s.ServletContextHandler@33c2a887{/static,jar:file:/home/user/.m2/repository/org/apache/hadoop/hadoop-hdds-container-service/0.5.0-SNAPSHOT/hadoop-hdds-container-service-0.5.0-SNAPSHOT.jar!/webapps/static,AVAILABLE}
2019-09-25 11:53:03,390 [Thread-528] INFO  handler.ContextHandler (ContextHandler.java:doStart(781)) - Started o.e.j.w.WebAppContext@7a9275e{/,file:///tmp/jetty-0.0.0.0-43031-hddsDatanode-_-any-974412860596837639.dir/webapp/,AVAILABLE}{/hddsDatanode}
2019-09-25 11:53:03,390 [Thread-528] INFO  server.AbstractConnector (AbstractConnector.java:doStart(278)) - Started ServerConnector@1bf6ec70{HTTP/1.1,[http/1.1]}{0.0.0.0:43031}
2019-09-25 11:53:03,391 [Thread-528] INFO  server.Server (Server.java:doStart(419)) - Started @40753ms
2019-09-25 11:53:03,392 [Thread-528] WARN  impl.MetricsSystemImpl (MetricsSystemImpl.java:register(276)) - Sink prometheus already exists!
2019-09-25 11:53:03,392 [Thread-528] INFO  server.BaseHttpServer (BaseHttpServer.java:updateConnectorAddress(215)) - HTTP server of HDDSDATANODE is listening at http://0.0.0.0:43031
2019-09-25 11:53:03,392 [Thread-528] INFO  impl.MetricsSystemImpl (MetricsSystemImpl.java:init(158)) - HddsDatanode metrics system started (again)
2019-09-25 11:53:03,397 [org.apache.hadoop.util.JvmPauseMonitor$Monitor@6f6a118] INFO  util.JvmPauseMonitor (JvmPauseMonitor.java:run(188)) - Starting JVM pause monitor
2019-09-25 11:53:03,397 [Thread-528] INFO  ozone.HddsDatanodeService (HddsDatanodeService.java:start(184)) - HddsDatanodeService host:pr-hdds-1569-5gmkr-4255264070 ip:192.168.30.6
2019-09-25 11:53:03,402 [Datanode State Machine Thread - 0] INFO  datanode.InitDatanodeState (InitDatanodeState.java:persistContainerDatanodeDetails(140)) - DatanodeDetails is persisted to /workdir/hadoop-ozone/ozonefs/target/test-dir/MiniOzoneClusterImpl-6cc5d9fe-62d6-4c5a-ace2-3095284a5ae3/datanode-1/meta/datanode.id
2019-09-25 11:53:03,405 [Thread-528] INFO  volume.HddsVolume (HddsVolume.java:<init>(176)) - Creating Volume: /workdir/hadoop-ozone/ozonefs/target/test-dir/MiniOzoneClusterImpl-6cc5d9fe-62d6-4c5a-ace2-3095284a5ae3/datanode-2/data/containers/hdds of  storage type : DISK and capacity : 1482555576320
2019-09-25 11:53:03,406 [Thread-528] INFO  volume.VolumeSet (VolumeSet.java:initializeVolumeSet(170)) - Added Volume : /workdir/hadoop-ozone/ozonefs/target/test-dir/MiniOzoneClusterImpl-6cc5d9fe-62d6-4c5a-ace2-3095284a5ae3/datanode-2/data/containers/hdds to VolumeSet
2019-09-25 11:53:03,406 [Thread-528] INFO  volume.ThrottledAsyncChecker (ThrottledAsyncChecker.java:schedule(139)) - Scheduling a check for org.apache.hadoop.ozone.container.common.volume.HddsVolume@51f3b666
2019-09-25 11:53:03,406 [Thread-528] INFO  volume.HddsVolumeChecker (HddsVolumeChecker.java:checkAllVolumes(202)) - Scheduled health check for volume org.apache.hadoop.ozone.container.common.volume.HddsVolume@51f3b666
2019-09-25 11:53:03,424 [Thread-528] INFO  impl.RaftServerProxy (ConfUtils.java:logGet(43)) - raft.rpc.type = GRPC (default)
2019-09-25 11:53:03,424 [Thread-528] INFO  grpc.GrpcFactory (GrpcFactory.java:checkPooledByteBufAllocatorUseCacheForAllThreads(45)) - PERFORMANCE WARNING: useCacheForAllThreads is true that may cause Netty to create a lot garbage objects and, as a result, trigger GC.
	It is recommended to disable useCacheForAllThreads by setting -Dorg.apache.ratis.thirdparty.io.netty.allocator.useCacheForAllThreads=false in command line.
2019-09-25 11:53:03,424 [Thread-528] INFO  grpc.GrpcConfigKeys$Server (ConfUtils.java:logGet(43)) - raft.grpc.server.port = 0 (default)
2019-09-25 11:53:03,424 [Thread-528] INFO  server.GrpcService (ConfUtils.java:logGet(43)) - raft.grpc.message.size.max = 33570816 (custom)
2019-09-25 11:53:03,424 [Thread-528] INFO  server.RaftServerConfigKeys (ConfUtils.java:logGet(43)) - raft.server.log.appender.buffer.byte-limit = 33554432 (custom)
2019-09-25 11:53:03,425 [Thread-528] INFO  server.GrpcService (ConfUtils.java:logGet(43)) - raft.grpc.flow.control.window = 1MB (=1048576) (default)
2019-09-25 11:53:03,425 [Thread-528] INFO  server.RaftServerConfigKeys (ConfUtils.java:logGet(43)) - raft.server.rpc.request.timeout = 3000ms (default)
2019-09-25 11:53:03,425 [Thread-528] INFO  server.RaftServerConfigKeys (ConfUtils.java:logGet(43)) - raft.server.storage.dir = [/workdir/hadoop-ozone/ozonefs/target/test-dir/MiniOzoneClusterImpl-6cc5d9fe-62d6-4c5a-ace2-3095284a5ae3/datanode-2/data/ratis] (custom)
2019-09-25 11:53:03,426 [Thread-528] INFO  hdfs.DFSUtil (DFSUtil.java:httpServerTemplateForNNAndJN(1641)) - Starting Web-server for hddsDatanode at: http://0.0.0.0:0
2019-09-25 11:53:03,428 [Thread-528] INFO  server.AuthenticationFilter (AuthenticationFilter.java:constructSecretProvider(240)) - Unable to initialize FileSignerSecretProvider, falling back to use random secrets.
2019-09-25 11:53:03,428 [Thread-528] WARN  http.HttpRequestLog (HttpRequestLog.java:getRequestLog(97)) - Jetty request log can only be enabled using Log4j
2019-09-25 11:53:03,430 [Thread-528] INFO  http.HttpServer2 (HttpServer2.java:addGlobalFilter(975)) - Added global filter 'safety' (class=org.apache.hadoop.http.HttpServer2$QuotingInputFilter)
2019-09-25 11:53:03,430 [Thread-528] INFO  http.HttpServer2 (HttpServer2.java:addFilter(948)) - Added filter static_user_filter (class=org.apache.hadoop.http.lib.StaticUserWebFilter$StaticUserFilter) to context hddsDatanode
2019-09-25 11:53:03,431 [Thread-528] INFO  http.HttpServer2 (HttpServer2.java:addFilter(958)) - Added filter static_user_filter (class=org.apache.hadoop.http.lib.StaticUserWebFilter$StaticUserFilter) to context static
2019-09-25 11:53:03,431 [Thread-528] INFO  http.HttpServer2 (HttpServer2.java:addFilter(958)) - Added filter static_user_filter (class=org.apache.hadoop.http.lib.StaticUserWebFilter$StaticUserFilter) to context logs
2019-09-25 11:53:03,432 [Thread-528] INFO  http.HttpServer2 (HttpServer2.java:bindListener(1191)) - Jetty bound to port 37415
2019-09-25 11:53:03,432 [Thread-528] INFO  server.Server (Server.java:doStart(351)) - jetty-9.3.25.v20180904, build timestamp: 2018-09-04T21:11:46Z, git hash: 3ce520221d0240229c862b122d2b06c12a625732
2019-09-25 11:53:03,434 [Thread-528] INFO  handler.ContextHandler (ContextHandler.java:doStart(781)) - Started o.e.j.s.ServletContextHandler@59eef7e6{/logs,file:///workdir/hadoop-ozone/ozonefs/target/log,AVAILABLE}
2019-09-25 11:53:03,435 [Thread-528] INFO  handler.ContextHandler (ContextHandler.java:doStart(781)) - Started o.e.j.s.ServletContextHandler@60bc910a{/static,jar:file:/home/user/.m2/repository/org/apache/hadoop/hadoop-hdds-container-service/0.5.0-SNAPSHOT/hadoop-hdds-container-service-0.5.0-SNAPSHOT.jar!/webapps/static,AVAILABLE}
2019-09-25 11:53:03,479 [Thread-528] INFO  handler.ContextHandler (ContextHandler.java:doStart(781)) - Started o.e.j.w.WebAppContext@3d82f767{/,file:///tmp/jetty-0.0.0.0-37415-hddsDatanode-_-any-4537710268683174687.dir/webapp/,AVAILABLE}{/hddsDatanode}
2019-09-25 11:53:03,479 [Thread-528] INFO  server.AbstractConnector (AbstractConnector.java:doStart(278)) - Started ServerConnector@2eb63bcc{HTTP/1.1,[http/1.1]}{0.0.0.0:37415}
2019-09-25 11:53:03,481 [Thread-528] INFO  server.Server (Server.java:doStart(419)) - Started @40843ms
2019-09-25 11:53:03,482 [Thread-528] WARN  impl.MetricsSystemImpl (MetricsSystemImpl.java:register(276)) - Sink prometheus already exists!
2019-09-25 11:53:03,487 [Thread-528] INFO  server.BaseHttpServer (BaseHttpServer.java:updateConnectorAddress(215)) - HTTP server of HDDSDATANODE is listening at http://0.0.0.0:37415
2019-09-25 11:53:03,488 [Thread-528] INFO  ozone.MiniOzoneClusterImpl (MiniOzoneClusterImpl.java:lambda$waitForClusterToBeReady$0(147)) - Waiting for cluster to be ready. Got 0 of 3 DN Heartbeats.
2019-09-25 11:53:03,489 [org.apache.hadoop.util.JvmPauseMonitor$Monitor@3e4229da] INFO  util.JvmPauseMonitor (JvmPauseMonitor.java:run(188)) - Starting JVM pause monitor
2019-09-25 11:53:03,492 [Datanode State Machine Thread - 0] INFO  datanode.InitDatanodeState (InitDatanodeState.java:persistContainerDatanodeDetails(140)) - DatanodeDetails is persisted to /workdir/hadoop-ozone/ozonefs/target/test-dir/MiniOzoneClusterImpl-6cc5d9fe-62d6-4c5a-ace2-3095284a5ae3/datanode-2/meta/datanode.id
2019-09-25 11:53:04,488 [Thread-528] INFO  ozone.MiniOzoneClusterImpl (MiniOzoneClusterImpl.java:lambda$waitForClusterToBeReady$0(147)) - Waiting for cluster to be ready. Got 0 of 3 DN Heartbeats.
2019-09-25 11:53:05,340 [Datanode State Machine Thread - 0] INFO  ozoneimpl.OzoneContainer (OzoneContainer.java:start(217)) - Attempting to start container services.
2019-09-25 11:53:05,340 [Datanode State Machine Thread - 0] INFO  ozoneimpl.OzoneContainer (OzoneContainer.java:startContainerScrub(179)) - Background container scanner has been disabled.
2019-09-25 11:53:05,341 [Datanode State Machine Thread - 0] INFO  ratis.XceiverServerRatis (XceiverServerRatis.java:start(411)) - Starting XceiverServerRatis b0fcdca4-42c6-4f14-bbe3-9c28c8ef5fa0 at port 0
2019-09-25 11:53:05,347 [Datanode State Machine Thread - 0] INFO  impl.RaftServerProxy (RaftServerProxy.java:lambda$start$3(299)) - b0fcdca4-42c6-4f14-bbe3-9c28c8ef5fa0: start RPC server
2019-09-25 11:53:05,350 [Datanode State Machine Thread - 0] INFO  server.GrpcService (GrpcService.java:startImpl(158)) - b0fcdca4-42c6-4f14-bbe3-9c28c8ef5fa0: GrpcService started, listening on 0.0.0.0/0.0.0.0:45761
2019-09-25 11:53:05,350 [Datanode State Machine Thread - 0] INFO  ratis.XceiverServerRatis (XceiverServerRatis.java:start(421)) - XceiverServerRatis b0fcdca4-42c6-4f14-bbe3-9c28c8ef5fa0 is started using port 45761
2019-09-25 11:53:05,351 [Datanode State Machine Thread - 0] INFO  server.XceiverServerGrpc (XceiverServerGrpc.java:start(149)) - XceiverServerGrpc b0fcdca4-42c6-4f14-bbe3-9c28c8ef5fa0 is started using port 44136
2019-09-25 11:53:05,412 [Datanode State Machine Thread - 0] INFO  ozoneimpl.OzoneContainer (OzoneContainer.java:start(217)) - Attempting to start container services.
2019-09-25 11:53:05,412 [Datanode State Machine Thread - 0] INFO  ozoneimpl.OzoneContainer (OzoneContainer.java:startContainerScrub(179)) - Background container scanner has been disabled.
2019-09-25 11:53:05,412 [Datanode State Machine Thread - 0] INFO  ratis.XceiverServerRatis (XceiverServerRatis.java:start(411)) - Starting XceiverServerRatis 1b364aeb-4436-4f90-ad4a-028e7293e309 at port 0
2019-09-25 11:53:05,419 [Datanode State Machine Thread - 0] INFO  impl.RaftServerProxy (RaftServerProxy.java:lambda$start$3(299)) - 1b364aeb-4436-4f90-ad4a-028e7293e309: start RPC server
2019-09-25 11:53:05,419 [Datanode State Machine Thread - 0] INFO  server.GrpcService (GrpcService.java:startImpl(158)) - 1b364aeb-4436-4f90-ad4a-028e7293e309: GrpcService started, listening on 0.0.0.0/0.0.0.0:42018
2019-09-25 11:53:05,419 [Datanode State Machine Thread - 0] INFO  ratis.XceiverServerRatis (XceiverServerRatis.java:start(421)) - XceiverServerRatis 1b364aeb-4436-4f90-ad4a-028e7293e309 is started using port 42018
2019-09-25 11:53:05,421 [Datanode State Machine Thread - 0] INFO  server.XceiverServerGrpc (XceiverServerGrpc.java:start(149)) - XceiverServerGrpc 1b364aeb-4436-4f90-ad4a-028e7293e309 is started using port 37723
2019-09-25 11:53:05,488 [Thread-528] INFO  ozone.MiniOzoneClusterImpl (MiniOzoneClusterImpl.java:lambda$waitForClusterToBeReady$0(147)) - Waiting for cluster to be ready. Got 0 of 3 DN Heartbeats.
2019-09-25 11:53:05,504 [Datanode State Machine Thread - 0] INFO  ozoneimpl.OzoneContainer (OzoneContainer.java:start(217)) - Attempting to start container services.
2019-09-25 11:53:05,504 [Datanode State Machine Thread - 0] INFO  ozoneimpl.OzoneContainer (OzoneContainer.java:startContainerScrub(179)) - Background container scanner has been disabled.
2019-09-25 11:53:05,504 [Datanode State Machine Thread - 0] INFO  ratis.XceiverServerRatis (XceiverServerRatis.java:start(411)) - Starting XceiverServerRatis 92c2e3dd-e0c1-4b1f-96bb-d8ce5a005ea4 at port 0
2019-09-25 11:53:05,512 [Datanode State Machine Thread - 0] INFO  impl.RaftServerProxy (RaftServerProxy.java:lambda$start$3(299)) - 92c2e3dd-e0c1-4b1f-96bb-d8ce5a005ea4: start RPC server
2019-09-25 11:53:05,523 [Datanode State Machine Thread - 0] INFO  server.GrpcService (GrpcService.java:startImpl(158)) - 92c2e3dd-e0c1-4b1f-96bb-d8ce5a005ea4: GrpcService started, listening on 0.0.0.0/0.0.0.0:40059
2019-09-25 11:53:05,523 [Datanode State Machine Thread - 0] INFO  ratis.XceiverServerRatis (XceiverServerRatis.java:start(421)) - XceiverServerRatis 92c2e3dd-e0c1-4b1f-96bb-d8ce5a005ea4 is started using port 40059
2019-09-25 11:53:05,524 [Datanode State Machine Thread - 0] INFO  server.XceiverServerGrpc (XceiverServerGrpc.java:start(149)) - XceiverServerGrpc 92c2e3dd-e0c1-4b1f-96bb-d8ce5a005ea4 is started using port 46212
2019-09-25 11:53:06,489 [Thread-528] INFO  ozone.MiniOzoneClusterImpl (MiniOzoneClusterImpl.java:lambda$waitForClusterToBeReady$0(147)) - Waiting for cluster to be ready. Got 0 of 3 DN Heartbeats.
2019-09-25 11:53:07,331 [IPC Server handler 0 on 44322] INFO  net.NetworkTopology (NetworkTopologyImpl.java:add(111)) - Added a new node: /default-rack/b0fcdca4-42c6-4f14-bbe3-9c28c8ef5fa0
2019-09-25 11:53:07,333 [IPC Server handler 0 on 44322] INFO  node.SCMNodeManager (SCMNodeManager.java:register(266)) - Registered Data node : b0fcdca4-42c6-4f14-bbe3-9c28c8ef5fa0{ip: 192.168.30.6, host: pr-hdds-1569-5gmkr-4255264070, networkLocation: /default-rack, certSerialId: null}
2019-09-25 11:53:07,335 [EventQueue-NodeRegistrationContainerReportForDataNodeSafeModeRule] INFO  safemode.SCMSafeModeManager (DataNodeSafeModeRule.java:process(71)) - SCM in safe mode. 1 DataNodes registered, 1 required.
2019-09-25 11:53:07,336 [EventQueue-NodeRegistrationContainerReportForDataNodeSafeModeRule] INFO  safemode.SCMSafeModeManager (SCMSafeModeManager.java:validateSafeModeExitRules(177)) - ScmSafeModeManager, all rules are successfully validated
2019-09-25 11:53:07,336 [EventQueue-NodeRegistrationContainerReportForDataNodeSafeModeRule] INFO  safemode.SCMSafeModeManager (SCMSafeModeManager.java:exitSafeMode(193)) - SCM exiting safe mode.
2019-09-25 11:53:07,352 [grpc-default-executor-0] INFO  impl.RaftServerProxy (RaftServerProxy.java:addNew(89)) - b0fcdca4-42c6-4f14-bbe3-9c28c8ef5fa0: addNew group-1212F557A642:[b0fcdca4-42c6-4f14-bbe3-9c28c8ef5fa0:192.168.30.6:45761] returns group-1212F557A642:java.util.concurrent.CompletableFuture@f274529[Not completed]
2019-09-25 11:53:07,354 [pool-127-thread-1] INFO  impl.RaftServerImpl (RaftServerImpl.java:<init>(95)) - b0fcdca4-42c6-4f14-bbe3-9c28c8ef5fa0: new RaftServerImpl for group-1212F557A642:[b0fcdca4-42c6-4f14-bbe3-9c28c8ef5fa0:192.168.30.6:45761] with ContainerStateMachine:uninitialized
2019-09-25 11:53:07,354 [pool-127-thread-1] INFO  server.RaftServerConfigKeys (ConfUtils.java:logGet(43)) - raft.server.rpc.timeout.min = 5s (custom)
2019-09-25 11:53:07,355 [pool-127-thread-1] INFO  server.RaftServerConfigKeys (ConfUtils.java:logGet(43)) - raft.server.rpc.timeout.max = 5200ms (custom)
2019-09-25 11:53:07,355 [pool-127-thread-1] INFO  server.RaftServerConfigKeys (ConfUtils.java:logGet(43)) - raft.server.rpcslowness.timeout = 120s (custom)
2019-09-25 11:53:07,355 [pool-127-thread-1] INFO  server.RaftServerConfigKeys (ConfUtils.java:logGet(43)) - raft.server.sleep.deviation.threshold = 300 (default)
2019-09-25 11:53:07,355 [pool-127-thread-1] INFO  server.RaftServerConfigKeys (ConfUtils.java:logGet(43)) - raft.server.log.appender.install.snapshot.enabled = false (custom)
2019-09-25 11:53:07,355 [pool-127-thread-1] INFO  impl.RaftServerImpl (ServerState.java:<init>(103)) - b0fcdca4-42c6-4f14-bbe3-9c28c8ef5fa0@group-1212F557A642: ConfigurationManager, init=-1: [b0fcdca4-42c6-4f14-bbe3-9c28c8ef5fa0:192.168.30.6:45761], old=null, confs=<EMPTY_MAP>
2019-09-25 11:53:07,355 [pool-127-thread-1] INFO  server.RaftServerConfigKeys (ConfUtils.java:logGet(43)) - raft.server.storage.dir = [/workdir/hadoop-ozone/ozonefs/target/test-dir/MiniOzoneClusterImpl-6cc5d9fe-62d6-4c5a-ace2-3095284a5ae3/datanode-0/data/ratis] (custom)
2019-09-25 11:53:07,356 [pool-127-thread-1] INFO  storage.RaftStorageDirectory (RaftStorageDirectory.java:analyzeStorage(246)) - The storage directory /workdir/hadoop-ozone/ozonefs/target/test-dir/MiniOzoneClusterImpl-6cc5d9fe-62d6-4c5a-ace2-3095284a5ae3/datanode-0/data/ratis/bdcda1bc-76f8-4b33-82f4-1212f557a642 does not exist. Creating ...
2019-09-25 11:53:07,380 [pool-127-thread-1] INFO  storage.RaftStorageDirectory (RaftStorageDirectory.java:tryLock(328)) - Lock on /workdir/hadoop-ozone/ozonefs/target/test-dir/MiniOzoneClusterImpl-6cc5d9fe-62d6-4c5a-ace2-3095284a5ae3/datanode-0/data/ratis/bdcda1bc-76f8-4b33-82f4-1212f557a642/in_use.lock acquired by nodename 25060@pr-hdds-1569-5gmkr-4255264070
2019-09-25 11:53:07,394 [pool-127-thread-1] INFO  storage.RaftStorage (RaftStorage.java:format(72)) - Storage directory /workdir/hadoop-ozone/ozonefs/target/test-dir/MiniOzoneClusterImpl-6cc5d9fe-62d6-4c5a-ace2-3095284a5ae3/datanode-0/data/ratis/bdcda1bc-76f8-4b33-82f4-1212f557a642 has been successfully formatted.
2019-09-25 11:53:07,394 [pool-127-thread-1] INFO  ratis.ContainerStateMachine (ContainerStateMachine.java:loadSnapshot(230)) - group-1212F557A642: The snapshot info is null. Setting the last applied indexto:(t:0, i:~)
2019-09-25 11:53:07,395 [pool-127-thread-1] INFO  server.RaftServerConfigKeys (ConfUtils.java:logGet(43)) - raft.server.notification.no-leader.timeout = 120s (custom)
2019-09-25 11:53:07,395 [pool-127-thread-1] INFO  server.RaftServerConfigKeys (ConfUtils.java:logGet(43)) - raft.server.log.use.memory = false (default)
2019-09-25 11:53:07,395 [pool-127-thread-1] INFO  server.RaftServerConfigKeys (ConfUtils.java:logGet(43)) - raft.server.log.purge.gap = 1000000 (custom)
2019-09-25 11:53:07,395 [pool-127-thread-1] INFO  server.RaftServerConfigKeys (ConfUtils.java:logGet(43)) - raft.server.log.appender.buffer.byte-limit = 33554432 (custom)
2019-09-25 11:53:07,395 [pool-127-thread-1] INFO  server.RaftServerConfigKeys (ConfUtils.java:logGet(43)) - raft.server.log.segment.size.max = 1048576 (custom)
2019-09-25 11:53:07,396 [pool-127-thread-1] INFO  server.RaftServerConfigKeys (ConfUtils.java:logGet(43)) - raft.server.log.segment.cache.num.max = 2 (custom)
2019-09-25 11:53:07,396 [pool-127-thread-1] INFO  segmented.SegmentedRaftLogWorker (SegmentedRaftLogWorker.java:<init>(172)) - new b0fcdca4-42c6-4f14-bbe3-9c28c8ef5fa0@group-1212F557A642-SegmentedRaftLogWorker for RaftStorage:Storage Directory /workdir/hadoop-ozone/ozonefs/target/test-dir/MiniOzoneClusterImpl-6cc5d9fe-62d6-4c5a-ace2-3095284a5ae3/datanode-0/data/ratis/bdcda1bc-76f8-4b33-82f4-1212f557a642
2019-09-25 11:53:07,397 [IPC Server handler 1 on 44322] INFO  net.NetworkTopology (NetworkTopologyImpl.java:add(111)) - Added a new node: /default-rack/1b364aeb-4436-4f90-ad4a-028e7293e309
2019-09-25 11:53:07,397 [IPC Server handler 1 on 44322] INFO  node.SCMNodeManager (SCMNodeManager.java:register(266)) - Registered Data node : 1b364aeb-4436-4f90-ad4a-028e7293e309{ip: 192.168.30.6, host: pr-hdds-1569-5gmkr-4255264070, networkLocation: /default-rack, certSerialId: null}
2019-09-25 11:53:07,399 [pool-127-thread-1] INFO  server.RaftServerConfigKeys (ConfUtils.java:logGet(43)) - raft.server.log.queue.byte-limit = 2147483647 (custom)
2019-09-25 11:53:07,399 [pool-127-thread-1] INFO  server.RaftServerConfigKeys (ConfUtils.java:logGet(43)) - raft.server.log.queue.element-limit = 1024 (custom)
2019-09-25 11:53:07,399 [pool-127-thread-1] INFO  server.RaftServerConfigKeys (ConfUtils.java:logGet(43)) - raft.server.log.segment.size.max = 1048576 (custom)
2019-09-25 11:53:07,399 [pool-127-thread-1] INFO  server.RaftServerConfigKeys (ConfUtils.java:logGet(43)) - raft.server.log.preallocated.size = 16384 (custom)
2019-09-25 11:53:07,399 [pool-127-thread-1] INFO  server.RaftServerConfigKeys (ConfUtils.java:logGet(43)) - raft.server.log.write.buffer.size = 33554432 (custom)
2019-09-25 11:53:07,400 [pool-127-thread-1] INFO  server.RaftServerConfigKeys (ConfUtils.java:logGet(43)) - raft.server.log.force.sync.num = 128 (default)
2019-09-25 11:53:07,400 [pool-127-thread-1] INFO  server.RaftServerConfigKeys (ConfUtils.java:logGet(43)) - raft.server.log.statemachine.data.sync = true (default)
2019-09-25 11:53:07,400 [pool-127-thread-1] INFO  server.RaftServerConfigKeys (ConfUtils.java:logGet(43)) - raft.server.log.statemachine.data.sync.timeout = 10s (default)
2019-09-25 11:53:07,400 [pool-127-thread-1] INFO  server.RaftServerConfigKeys (ConfUtils.java:logGet(43)) - raft.server.log.statemachine.data.sync.timeout.retry = -1 (default)
2019-09-25 11:53:07,400 [pool-127-thread-1] INFO  server.RaftServerConfigKeys (ConfUtils.java:logGet(43)) - raft.server.log.statemachine.data.caching.enabled = true (custom)
2019-09-25 11:53:07,401 [pool-127-thread-1] INFO  segmented.SegmentedRaftLogWorker (SegmentedRaftLogWorker.java:lambda$new$0(132)) - b0fcdca4-42c6-4f14-bbe3-9c28c8ef5fa0@group-1212F557A642-SegmentedRaftLogWorker: flushIndex: setUnconditionally 0 -> -1
2019-09-25 11:53:07,401 [pool-127-thread-1] INFO  server.RaftServerConfigKeys (ConfUtils.java:logGet(43)) - raft.server.snapshot.auto.trigger.enabled = true (custom)
2019-09-25 11:53:07,401 [pool-127-thread-1] INFO  server.RaftServerConfigKeys (ConfUtils.java:logGet(43)) - raft.server.snapshot.auto.trigger.threshold = 10000 (custom)
2019-09-25 11:53:07,401 [pool-127-thread-1] INFO  server.RaftServerConfigKeys (ConfUtils.java:logGet(43)) - raft.server.snapshot.retention.num.files = 5 (custom)
2019-09-25 11:53:07,402 [pool-127-thread-1] INFO  server.RaftServerConfigKeys (ConfUtils.java:logGet(43)) - raft.server.retrycache.expirytime = 600000ms (custom)
2019-09-25 11:53:07,404 [pool-127-thread-1] INFO  impl.RaftServerImpl (RaftServerImpl.java:start(185)) - b0fcdca4-42c6-4f14-bbe3-9c28c8ef5fa0@group-1212F557A642: start as a follower, conf=-1: [b0fcdca4-42c6-4f14-bbe3-9c28c8ef5fa0:192.168.30.6:45761], old=null
2019-09-25 11:53:07,404 [pool-127-thread-1] INFO  impl.RaftServerImpl (RaftServerImpl.java:setRole(174)) - b0fcdca4-42c6-4f14-bbe3-9c28c8ef5fa0@group-1212F557A642: changes role from      null to FOLLOWER at term 0 for startAsFollower
2019-09-25 11:53:07,405 [pool-127-thread-1] INFO  impl.RoleInfo (RoleInfo.java:updateAndGet(143)) - b0fcdca4-42c6-4f14-bbe3-9c28c8ef5fa0: start FollowerState
2019-09-25 11:53:07,405 [pool-127-thread-1] INFO  util.JmxRegister (JmxRegister.java:tryRegister(44)) - Successfully registered JMX Bean with object name Ratis:service=RaftServer,group=group-1212F557A642,id=b0fcdca4-42c6-4f14-bbe3-9c28c8ef5fa0
2019-09-25 11:53:07,411 [RatisPipelineUtilsThread] INFO  pipeline.PipelineStateManager (PipelineStateManager.java:addPipeline(56)) - Created pipeline Pipeline[ Id: bdcda1bc-76f8-4b33-82f4-1212f557a642, Nodes: b0fcdca4-42c6-4f14-bbe3-9c28c8ef5fa0{ip: 192.168.30.6, host: pr-hdds-1569-5gmkr-4255264070, networkLocation: /default-rack, certSerialId: null}, Type:RATIS, Factor:ONE, State:OPEN]
2019-09-25 11:53:07,420 [grpc-default-executor-0] INFO  impl.RaftServerProxy (RaftServerProxy.java:addNew(89)) - b0fcdca4-42c6-4f14-bbe3-9c28c8ef5fa0: addNew group-DC0BCE872915:[b0fcdca4-42c6-4f14-bbe3-9c28c8ef5fa0:192.168.30.6:45761] returns group-DC0BCE872915:java.util.concurrent.CompletableFuture@3ee28a5b[Not completed]
2019-09-25 11:53:07,421 [pool-127-thread-1] INFO  impl.RaftServerImpl (RaftServerImpl.java:<init>(95)) - b0fcdca4-42c6-4f14-bbe3-9c28c8ef5fa0: new RaftServerImpl for group-DC0BCE872915:[b0fcdca4-42c6-4f14-bbe3-9c28c8ef5fa0:192.168.30.6:45761] with ContainerStateMachine:uninitialized
2019-09-25 11:53:07,421 [pool-127-thread-1] INFO  server.RaftServerConfigKeys (ConfUtils.java:logGet(43)) - raft.server.rpc.timeout.min = 5s (custom)
2019-09-25 11:53:07,421 [pool-127-thread-1] INFO  server.RaftServerConfigKeys (ConfUtils.java:logGet(43)) - raft.server.rpc.timeout.max = 5200ms (custom)
2019-09-25 11:53:07,422 [pool-127-thread-1] INFO  server.RaftServerConfigKeys (ConfUtils.java:logGet(43)) - raft.server.rpcslowness.timeout = 120s (custom)
2019-09-25 11:53:07,422 [pool-127-thread-1] INFO  server.RaftServerConfigKeys (ConfUtils.java:logGet(43)) - raft.server.sleep.deviation.threshold = 300 (default)
2019-09-25 11:53:07,422 [pool-127-thread-1] INFO  server.RaftServerConfigKeys (ConfUtils.java:logGet(43)) - raft.server.log.appender.install.snapshot.enabled = false (custom)
2019-09-25 11:53:07,422 [pool-127-thread-1] INFO  impl.RaftServerImpl (ServerState.java:<init>(103)) - b0fcdca4-42c6-4f14-bbe3-9c28c8ef5fa0@group-DC0BCE872915: ConfigurationManager, init=-1: [b0fcdca4-42c6-4f14-bbe3-9c28c8ef5fa0:192.168.30.6:45761], old=null, confs=<EMPTY_MAP>
2019-09-25 11:53:07,422 [pool-127-thread-1] INFO  server.RaftServerConfigKeys (ConfUtils.java:logGet(43)) - raft.server.storage.dir = [/workdir/hadoop-ozone/ozonefs/target/test-dir/MiniOzoneClusterImpl-6cc5d9fe-62d6-4c5a-ace2-3095284a5ae3/datanode-0/data/ratis] (custom)
2019-09-25 11:53:07,423 [pool-127-thread-1] INFO  storage.RaftStorageDirectory (RaftStorageDirectory.java:analyzeStorage(246)) - The storage directory /workdir/hadoop-ozone/ozonefs/target/test-dir/MiniOzoneClusterImpl-6cc5d9fe-62d6-4c5a-ace2-3095284a5ae3/datanode-0/data/ratis/83feff52-48dc-4e66-b183-dc0bce872915 does not exist. Creating ...
2019-09-25 11:53:07,436 [pool-127-thread-1] INFO  storage.RaftStorageDirectory (RaftStorageDirectory.java:tryLock(328)) - Lock on /workdir/hadoop-ozone/ozonefs/target/test-dir/MiniOzoneClusterImpl-6cc5d9fe-62d6-4c5a-ace2-3095284a5ae3/datanode-0/data/ratis/83feff52-48dc-4e66-b183-dc0bce872915/in_use.lock acquired by nodename 25060@pr-hdds-1569-5gmkr-4255264070
2019-09-25 11:53:07,450 [pool-127-thread-1] INFO  storage.RaftStorage (RaftStorage.java:format(72)) - Storage directory /workdir/hadoop-ozone/ozonefs/target/test-dir/MiniOzoneClusterImpl-6cc5d9fe-62d6-4c5a-ace2-3095284a5ae3/datanode-0/data/ratis/83feff52-48dc-4e66-b183-dc0bce872915 has been successfully formatted.
2019-09-25 11:53:07,450 [pool-127-thread-1] INFO  ratis.ContainerStateMachine (ContainerStateMachine.java:loadSnapshot(230)) - group-DC0BCE872915: The snapshot info is null. Setting the last applied indexto:(t:0, i:~)
2019-09-25 11:53:07,450 [pool-127-thread-1] INFO  server.RaftServerConfigKeys (ConfUtils.java:logGet(43)) - raft.server.notification.no-leader.timeout = 120s (custom)
2019-09-25 11:53:07,450 [pool-127-thread-1] INFO  server.RaftServerConfigKeys (ConfUtils.java:logGet(43)) - raft.server.log.use.memory = false (default)
2019-09-25 11:53:07,450 [pool-127-thread-1] INFO  server.RaftServerConfigKeys (ConfUtils.java:logGet(43)) - raft.server.log.purge.gap = 1000000 (custom)
2019-09-25 11:53:07,451 [pool-127-thread-1] INFO  server.RaftServerConfigKeys (ConfUtils.java:logGet(43)) - raft.server.log.appender.buffer.byte-limit = 33554432 (custom)
2019-09-25 11:53:07,451 [pool-127-thread-1] INFO  server.RaftServerConfigKeys (ConfUtils.java:logGet(43)) - raft.server.log.segment.size.max = 1048576 (custom)
2019-09-25 11:53:07,451 [pool-127-thread-1] INFO  server.RaftServerConfigKeys (ConfUtils.java:logGet(43)) - raft.server.log.segment.cache.num.max = 2 (custom)
2019-09-25 11:53:07,451 [pool-127-thread-1] INFO  segmented.SegmentedRaftLogWorker (SegmentedRaftLogWorker.java:<init>(172)) - new b0fcdca4-42c6-4f14-bbe3-9c28c8ef5fa0@group-DC0BCE872915-SegmentedRaftLogWorker for RaftStorage:Storage Directory /workdir/hadoop-ozone/ozonefs/target/test-dir/MiniOzoneClusterImpl-6cc5d9fe-62d6-4c5a-ace2-3095284a5ae3/datanode-0/data/ratis/83feff52-48dc-4e66-b183-dc0bce872915
2019-09-25 11:53:07,451 [pool-127-thread-1] INFO  server.RaftServerConfigKeys (ConfUtils.java:logGet(43)) - raft.server.log.queue.byte-limit = 2147483647 (custom)
2019-09-25 11:53:07,451 [pool-127-thread-1] INFO  server.RaftServerConfigKeys (ConfUtils.java:logGet(43)) - raft.server.log.queue.element-limit = 1024 (custom)
2019-09-25 11:53:07,451 [pool-127-thread-1] INFO  server.RaftServerConfigKeys (ConfUtils.java:logGet(43)) - raft.server.log.segment.size.max = 1048576 (custom)
2019-09-25 11:53:07,452 [pool-127-thread-1] INFO  server.RaftServerConfigKeys (ConfUtils.java:logGet(43)) - raft.server.log.preallocated.size = 16384 (custom)
2019-09-25 11:53:07,452 [pool-127-thread-1] INFO  server.RaftServerConfigKeys (ConfUtils.java:logGet(43)) - raft.server.log.write.buffer.size = 33554432 (custom)
2019-09-25 11:53:07,452 [pool-127-thread-1] INFO  server.RaftServerConfigKeys (ConfUtils.java:logGet(43)) - raft.server.log.force.sync.num = 128 (default)
2019-09-25 11:53:07,452 [pool-127-thread-1] INFO  server.RaftServerConfigKeys (ConfUtils.java:logGet(43)) - raft.server.log.statemachine.data.sync = true (default)
2019-09-25 11:53:07,452 [pool-127-thread-1] INFO  server.RaftServerConfigKeys (ConfUtils.java:logGet(43)) - raft.server.log.statemachine.data.sync.timeout = 10s (default)
2019-09-25 11:53:07,452 [pool-127-thread-1] INFO  server.RaftServerConfigKeys (ConfUtils.java:logGet(43)) - raft.server.log.statemachine.data.sync.timeout.retry = -1 (default)
2019-09-25 11:53:07,452 [pool-127-thread-1] INFO  server.RaftServerConfigKeys (ConfUtils.java:logGet(43)) - raft.server.log.statemachine.data.caching.enabled = true (custom)
2019-09-25 11:53:07,453 [pool-127-thread-1] INFO  segmented.SegmentedRaftLogWorker (SegmentedRaftLogWorker.java:lambda$new$0(132)) - b0fcdca4-42c6-4f14-bbe3-9c28c8ef5fa0@group-DC0BCE872915-SegmentedRaftLogWorker: flushIndex: setUnconditionally 0 -> -1
2019-09-25 11:53:07,453 [pool-127-thread-1] INFO  server.RaftServerConfigKeys (ConfUtils.java:logGet(43)) - raft.server.snapshot.auto.trigger.enabled = true (custom)
2019-09-25 11:53:07,453 [pool-127-thread-1] INFO  server.RaftServerConfigKeys (ConfUtils.java:logGet(43)) - raft.server.snapshot.auto.trigger.threshold = 10000 (custom)
2019-09-25 11:53:07,453 [pool-127-thread-1] INFO  server.RaftServerConfigKeys (ConfUtils.java:logGet(43)) - raft.server.snapshot.retention.num.files = 5 (custom)
2019-09-25 11:53:07,454 [pool-127-thread-1] INFO  server.RaftServerConfigKeys (ConfUtils.java:logGet(43)) - raft.server.retrycache.expirytime = 600000ms (custom)
2019-09-25 11:53:07,456 [pool-127-thread-1] INFO  impl.RaftServerImpl (RaftServerImpl.java:start(185)) - b0fcdca4-42c6-4f14-bbe3-9c28c8ef5fa0@group-DC0BCE872915: start as a follower, conf=-1: [b0fcdca4-42c6-4f14-bbe3-9c28c8ef5fa0:192.168.30.6:45761], old=null
2019-09-25 11:53:07,456 [pool-127-thread-1] INFO  impl.RaftServerImpl (RaftServerImpl.java:setRole(174)) - b0fcdca4-42c6-4f14-bbe3-9c28c8ef5fa0@group-DC0BCE872915: changes role from      null to FOLLOWER at term 0 for startAsFollower
2019-09-25 11:53:07,457 [pool-127-thread-1] INFO  impl.RoleInfo (RoleInfo.java:updateAndGet(143)) - b0fcdca4-42c6-4f14-bbe3-9c28c8ef5fa0: start FollowerState
2019-09-25 11:53:07,457 [pool-127-thread-1] INFO  util.JmxRegister (JmxRegister.java:tryRegister(44)) - Successfully registered JMX Bean with object name Ratis:service=RaftServer,group=group-DC0BCE872915,id=b0fcdca4-42c6-4f14-bbe3-9c28c8ef5fa0
2019-09-25 11:53:07,463 [RatisPipelineUtilsThread] INFO  pipeline.PipelineStateManager (PipelineStateManager.java:addPipeline(56)) - Created pipeline Pipeline[ Id: 83feff52-48dc-4e66-b183-dc0bce872915, Nodes: b0fcdca4-42c6-4f14-bbe3-9c28c8ef5fa0{ip: 192.168.30.6, host: pr-hdds-1569-5gmkr-4255264070, networkLocation: /default-rack, certSerialId: null}, Type:RATIS, Factor:ONE, State:OPEN]
2019-09-25 11:53:07,476 [grpc-default-executor-0] INFO  impl.RaftServerProxy (RaftServerProxy.java:addNew(89)) - b0fcdca4-42c6-4f14-bbe3-9c28c8ef5fa0: addNew group-B2E83DCD710D:[b0fcdca4-42c6-4f14-bbe3-9c28c8ef5fa0:192.168.30.6:45761] returns group-B2E83DCD710D:java.util.concurrent.CompletableFuture@6f08ba66[Not completed]
2019-09-25 11:53:07,477 [pool-127-thread-1] INFO  impl.RaftServerImpl (RaftServerImpl.java:<init>(95)) - b0fcdca4-42c6-4f14-bbe3-9c28c8ef5fa0: new RaftServerImpl for group-B2E83DCD710D:[b0fcdca4-42c6-4f14-bbe3-9c28c8ef5fa0:192.168.30.6:45761] with ContainerStateMachine:uninitialized
2019-09-25 11:53:07,477 [pool-127-thread-1] INFO  server.RaftServerConfigKeys (ConfUtils.java:logGet(43)) - raft.server.rpc.timeout.min = 5s (custom)
2019-09-25 11:53:07,477 [pool-127-thread-1] INFO  server.RaftServerConfigKeys (ConfUtils.java:logGet(43)) - raft.server.rpc.timeout.max = 5200ms (custom)
2019-09-25 11:53:07,478 [pool-127-thread-1] INFO  server.RaftServerConfigKeys (ConfUtils.java:logGet(43)) - raft.server.rpcslowness.timeout = 120s (custom)
2019-09-25 11:53:07,478 [pool-127-thread-1] INFO  server.RaftServerConfigKeys (ConfUtils.java:logGet(43)) - raft.server.sleep.deviation.threshold = 300 (default)
2019-09-25 11:53:07,478 [pool-127-thread-1] INFO  server.RaftServerConfigKeys (ConfUtils.java:logGet(43)) - raft.server.log.appender.install.snapshot.enabled = false (custom)
2019-09-25 11:53:07,478 [pool-127-thread-1] INFO  impl.RaftServerImpl (ServerState.java:<init>(103)) - b0fcdca4-42c6-4f14-bbe3-9c28c8ef5fa0@group-B2E83DCD710D: ConfigurationManager, init=-1: [b0fcdca4-42c6-4f14-bbe3-9c28c8ef5fa0:192.168.30.6:45761], old=null, confs=<EMPTY_MAP>
2019-09-25 11:53:07,478 [pool-127-thread-1] INFO  server.RaftServerConfigKeys (ConfUtils.java:logGet(43)) - raft.server.storage.dir = [/workdir/hadoop-ozone/ozonefs/target/test-dir/MiniOzoneClusterImpl-6cc5d9fe-62d6-4c5a-ace2-3095284a5ae3/datanode-0/data/ratis] (custom)
2019-09-25 11:53:07,479 [pool-127-thread-1] INFO  storage.RaftStorageDirectory (RaftStorageDirectory.java:analyzeStorage(246)) - The storage directory /workdir/hadoop-ozone/ozonefs/target/test-dir/MiniOzoneClusterImpl-6cc5d9fe-62d6-4c5a-ace2-3095284a5ae3/datanode-0/data/ratis/4b0e11b5-57da-43a6-84e1-b2e83dcd710d does not exist. Creating ...
2019-09-25 11:53:07,489 [Thread-528] INFO  ozone.MiniOzoneClusterImpl (MiniOzoneClusterImpl.java:lambda$waitForClusterToBeReady$0(147)) - Waiting for cluster to be ready. Got 2 of 3 DN Heartbeats.
2019-09-25 11:53:07,491 [IPC Server handler 2 on 44322] INFO  net.NetworkTopology (NetworkTopologyImpl.java:add(111)) - Added a new node: /default-rack/92c2e3dd-e0c1-4b1f-96bb-d8ce5a005ea4
2019-09-25 11:53:07,491 [IPC Server handler 2 on 44322] INFO  node.SCMNodeManager (SCMNodeManager.java:register(266)) - Registered Data node : 92c2e3dd-e0c1-4b1f-96bb-d8ce5a005ea4{ip: 192.168.30.6, host: pr-hdds-1569-5gmkr-4255264070, networkLocation: /default-rack, certSerialId: null}
2019-09-25 11:53:07,491 [pool-127-thread-1] INFO  storage.RaftStorageDirectory (RaftStorageDirectory.java:tryLock(328)) - Lock on /workdir/hadoop-ozone/ozonefs/target/test-dir/MiniOzoneClusterImpl-6cc5d9fe-62d6-4c5a-ace2-3095284a5ae3/datanode-0/data/ratis/4b0e11b5-57da-43a6-84e1-b2e83dcd710d/in_use.lock acquired by nodename 25060@pr-hdds-1569-5gmkr-4255264070
2019-09-25 11:53:07,505 [pool-127-thread-1] INFO  storage.RaftStorage (RaftStorage.java:format(72)) - Storage directory /workdir/hadoop-ozone/ozonefs/target/test-dir/MiniOzoneClusterImpl-6cc5d9fe-62d6-4c5a-ace2-3095284a5ae3/datanode-0/data/ratis/4b0e11b5-57da-43a6-84e1-b2e83dcd710d has been successfully formatted.
2019-09-25 11:53:07,505 [pool-127-thread-1] INFO  ratis.ContainerStateMachine (ContainerStateMachine.java:loadSnapshot(230)) - group-B2E83DCD710D: The snapshot info is null. Setting the last applied indexto:(t:0, i:~)
2019-09-25 11:53:07,506 [pool-127-thread-1] INFO  server.RaftServerConfigKeys (ConfUtils.java:logGet(43)) - raft.server.notification.no-leader.timeout = 120s (custom)
2019-09-25 11:53:07,506 [pool-127-thread-1] INFO  server.RaftServerConfigKeys (ConfUtils.java:logGet(43)) - raft.server.log.use.memory = false (default)
2019-09-25 11:53:07,506 [pool-127-thread-1] INFO  server.RaftServerConfigKeys (ConfUtils.java:logGet(43)) - raft.server.log.purge.gap = 1000000 (custom)
2019-09-25 11:53:07,506 [pool-127-thread-1] INFO  server.RaftServerConfigKeys (ConfUtils.java:logGet(43)) - raft.server.log.appender.buffer.byte-limit = 33554432 (custom)
2019-09-25 11:53:07,506 [pool-127-thread-1] INFO  server.RaftServerConfigKeys (ConfUtils.java:logGet(43)) - raft.server.log.segment.size.max = 1048576 (custom)
2019-09-25 11:53:07,506 [pool-127-thread-1] INFO  server.RaftServerConfigKeys (ConfUtils.java:logGet(43)) - raft.server.log.segment.cache.num.max = 2 (custom)
2019-09-25 11:53:07,507 [pool-127-thread-1] INFO  segmented.SegmentedRaftLogWorker (SegmentedRaftLogWorker.java:<init>(172)) - new b0fcdca4-42c6-4f14-bbe3-9c28c8ef5fa0@group-B2E83DCD710D-SegmentedRaftLogWorker for RaftStorage:Storage Directory /workdir/hadoop-ozone/ozonefs/target/test-dir/MiniOzoneClusterImpl-6cc5d9fe-62d6-4c5a-ace2-3095284a5ae3/datanode-0/data/ratis/4b0e11b5-57da-43a6-84e1-b2e83dcd710d
2019-09-25 11:53:07,507 [pool-127-thread-1] INFO  server.RaftServerConfigKeys (ConfUtils.java:logGet(43)) - raft.server.log.queue.byte-limit = 2147483647 (custom)
2019-09-25 11:53:07,507 [pool-127-thread-1] INFO  server.RaftServerConfigKeys (ConfUtils.java:logGet(43)) - raft.server.log.queue.element-limit = 1024 (custom)
2019-09-25 11:53:07,507 [pool-127-thread-1] INFO  server.RaftServerConfigKeys (ConfUtils.java:logGet(43)) - raft.server.log.segment.size.max = 1048576 (custom)
2019-09-25 11:53:07,507 [pool-127-thread-1] INFO  server.RaftServerConfigKeys (ConfUtils.java:logGet(43)) - raft.server.log.preallocated.size = 16384 (custom)
2019-09-25 11:53:07,508 [pool-127-thread-1] INFO  server.RaftServerConfigKeys (ConfUtils.java:logGet(43)) - raft.server.log.write.buffer.size = 33554432 (custom)
2019-09-25 11:53:07,508 [pool-127-thread-1] INFO  server.RaftServerConfigKeys (ConfUtils.java:logGet(43)) - raft.server.log.force.sync.num = 128 (default)
2019-09-25 11:53:07,508 [pool-127-thread-1] INFO  server.RaftServerConfigKeys (ConfUtils.java:logGet(43)) - raft.server.log.statemachine.data.sync = true (default)
2019-09-25 11:53:07,508 [pool-127-thread-1] INFO  server.RaftServerConfigKeys (ConfUtils.java:logGet(43)) - raft.server.log.statemachine.data.sync.timeout = 10s (default)
2019-09-25 11:53:07,508 [pool-127-thread-1] INFO  server.RaftServerConfigKeys (ConfUtils.java:logGet(43)) - raft.server.log.statemachine.data.sync.timeout.retry = -1 (default)
2019-09-25 11:53:07,508 [pool-127-thread-1] INFO  server.RaftServerConfigKeys (ConfUtils.java:logGet(43)) - raft.server.log.statemachine.data.caching.enabled = true (custom)
2019-09-25 11:53:07,509 [pool-127-thread-1] INFO  segmented.SegmentedRaftLogWorker (SegmentedRaftLogWorker.java:lambda$new$0(132)) - b0fcdca4-42c6-4f14-bbe3-9c28c8ef5fa0@group-B2E83DCD710D-SegmentedRaftLogWorker: flushIndex: setUnconditionally 0 -> -1
2019-09-25 11:53:07,509 [pool-127-thread-1] INFO  server.RaftServerConfigKeys (ConfUtils.java:logGet(43)) - raft.server.snapshot.auto.trigger.enabled = true (custom)
2019-09-25 11:53:07,509 [pool-127-thread-1] INFO  server.RaftServerConfigKeys (ConfUtils.java:logGet(43)) - raft.server.snapshot.auto.trigger.threshold = 10000 (custom)
2019-09-25 11:53:07,510 [pool-127-thread-1] INFO  server.RaftServerConfigKeys (ConfUtils.java:logGet(43)) - raft.server.snapshot.retention.num.files = 5 (custom)
2019-09-25 11:53:07,510 [pool-127-thread-1] INFO  server.RaftServerConfigKeys (ConfUtils.java:logGet(43)) - raft.server.retrycache.expirytime = 600000ms (custom)
2019-09-25 11:53:07,513 [pool-127-thread-1] INFO  impl.RaftServerImpl (RaftServerImpl.java:start(185)) - b0fcdca4-42c6-4f14-bbe3-9c28c8ef5fa0@group-B2E83DCD710D: start as a follower, conf=-1: [b0fcdca4-42c6-4f14-bbe3-9c28c8ef5fa0:192.168.30.6:45761], old=null
2019-09-25 11:53:07,513 [pool-127-thread-1] INFO  impl.RaftServerImpl (RaftServerImpl.java:setRole(174)) - b0fcdca4-42c6-4f14-bbe3-9c28c8ef5fa0@group-B2E83DCD710D: changes role from      null to FOLLOWER at term 0 for startAsFollower
2019-09-25 11:53:07,513 [pool-127-thread-1] INFO  impl.RoleInfo (RoleInfo.java:updateAndGet(143)) - b0fcdca4-42c6-4f14-bbe3-9c28c8ef5fa0: start FollowerState
2019-09-25 11:53:07,513 [pool-127-thread-1] INFO  util.JmxRegister (JmxRegister.java:tryRegister(44)) - Successfully registered JMX Bean with object name Ratis:service=RaftServer,group=group-B2E83DCD710D,id=b0fcdca4-42c6-4f14-bbe3-9c28c8ef5fa0
2019-09-25 11:53:07,519 [RatisPipelineUtilsThread] INFO  pipeline.PipelineStateManager (PipelineStateManager.java:addPipeline(56)) - Created pipeline Pipeline[ Id: 4b0e11b5-57da-43a6-84e1-b2e83dcd710d, Nodes: b0fcdca4-42c6-4f14-bbe3-9c28c8ef5fa0{ip: 192.168.30.6, host: pr-hdds-1569-5gmkr-4255264070, networkLocation: /default-rack, certSerialId: null}, Type:RATIS, Factor:ONE, State:OPEN]
2019-09-25 11:53:07,535 [grpc-default-executor-0] INFO  impl.RaftServerProxy (RaftServerProxy.java:addNew(89)) - b0fcdca4-42c6-4f14-bbe3-9c28c8ef5fa0: addNew group-B15113D9CE8C:[b0fcdca4-42c6-4f14-bbe3-9c28c8ef5fa0:192.168.30.6:45761] returns group-B15113D9CE8C:java.util.concurrent.CompletableFuture@65359c9[Not completed]
2019-09-25 11:53:07,536 [pool-127-thread-1] INFO  impl.RaftServerImpl (RaftServerImpl.java:<init>(95)) - b0fcdca4-42c6-4f14-bbe3-9c28c8ef5fa0: new RaftServerImpl for group-B15113D9CE8C:[b0fcdca4-42c6-4f14-bbe3-9c28c8ef5fa0:192.168.30.6:45761] with ContainerStateMachine:uninitialized
2019-09-25 11:53:07,536 [pool-127-thread-1] INFO  server.RaftServerConfigKeys (ConfUtils.java:logGet(43)) - raft.server.rpc.timeout.min = 5s (custom)
2019-09-25 11:53:07,536 [pool-127-thread-1] INFO  server.RaftServerConfigKeys (ConfUtils.java:logGet(43)) - raft.server.rpc.timeout.max = 5200ms (custom)
2019-09-25 11:53:07,537 [pool-127-thread-1] INFO  server.RaftServerConfigKeys (ConfUtils.java:logGet(43)) - raft.server.rpcslowness.timeout = 120s (custom)
2019-09-25 11:53:07,537 [pool-127-thread-1] INFO  server.RaftServerConfigKeys (ConfUtils.java:logGet(43)) - raft.server.sleep.deviation.threshold = 300 (default)
2019-09-25 11:53:07,537 [pool-127-thread-1] INFO  server.RaftServerConfigKeys (ConfUtils.java:logGet(43)) - raft.server.log.appender.install.snapshot.enabled = false (custom)
2019-09-25 11:53:07,537 [pool-127-thread-1] INFO  impl.RaftServerImpl (ServerState.java:<init>(103)) - b0fcdca4-42c6-4f14-bbe3-9c28c8ef5fa0@group-B15113D9CE8C: ConfigurationManager, init=-1: [b0fcdca4-42c6-4f14-bbe3-9c28c8ef5fa0:192.168.30.6:45761], old=null, confs=<EMPTY_MAP>
2019-09-25 11:53:07,537 [pool-127-thread-1] INFO  server.RaftServerConfigKeys (ConfUtils.java:logGet(43)) - raft.server.storage.dir = [/workdir/hadoop-ozone/ozonefs/target/test-dir/MiniOzoneClusterImpl-6cc5d9fe-62d6-4c5a-ace2-3095284a5ae3/datanode-0/data/ratis] (custom)
2019-09-25 11:53:07,538 [pool-127-thread-1] INFO  storage.RaftStorageDirectory (RaftStorageDirectory.java:analyzeStorage(246)) - The storage directory /workdir/hadoop-ozone/ozonefs/target/test-dir/MiniOzoneClusterImpl-6cc5d9fe-62d6-4c5a-ace2-3095284a5ae3/datanode-0/data/ratis/597a3cde-8ee4-4a77-bb61-b15113d9ce8c does not exist. Creating ...
2019-09-25 11:53:07,551 [pool-127-thread-1] INFO  storage.RaftStorageDirectory (RaftStorageDirectory.java:tryLock(328)) - Lock on /workdir/hadoop-ozone/ozonefs/target/test-dir/MiniOzoneClusterImpl-6cc5d9fe-62d6-4c5a-ace2-3095284a5ae3/datanode-0/data/ratis/597a3cde-8ee4-4a77-bb61-b15113d9ce8c/in_use.lock acquired by nodename 25060@pr-hdds-1569-5gmkr-4255264070
2019-09-25 11:53:07,566 [pool-127-thread-1] INFO  storage.RaftStorage (RaftStorage.java:format(72)) - Storage directory /workdir/hadoop-ozone/ozonefs/target/test-dir/MiniOzoneClusterImpl-6cc5d9fe-62d6-4c5a-ace2-3095284a5ae3/datanode-0/data/ratis/597a3cde-8ee4-4a77-bb61-b15113d9ce8c has been successfully formatted.
2019-09-25 11:53:07,566 [pool-127-thread-1] INFO  ratis.ContainerStateMachine (ContainerStateMachine.java:loadSnapshot(230)) - group-B15113D9CE8C: The snapshot info is null. Setting the last applied indexto:(t:0, i:~)
2019-09-25 11:53:07,566 [pool-127-thread-1] INFO  server.RaftServerConfigKeys (ConfUtils.java:logGet(43)) - raft.server.notification.no-leader.timeout = 120s (custom)
2019-09-25 11:53:07,567 [pool-127-thread-1] INFO  server.RaftServerConfigKeys (ConfUtils.java:logGet(43)) - raft.server.log.use.memory = false (default)
2019-09-25 11:53:07,567 [pool-127-thread-1] INFO  server.RaftServerConfigKeys (ConfUtils.java:logGet(43)) - raft.server.log.purge.gap = 1000000 (custom)
2019-09-25 11:53:07,567 [pool-127-thread-1] INFO  server.RaftServerConfigKeys (ConfUtils.java:logGet(43)) - raft.server.log.appender.buffer.byte-limit = 33554432 (custom)
2019-09-25 11:53:07,567 [pool-127-thread-1] INFO  server.RaftServerConfigKeys (ConfUtils.java:logGet(43)) - raft.server.log.segment.size.max = 1048576 (custom)
2019-09-25 11:53:07,567 [pool-127-thread-1] INFO  server.RaftServerConfigKeys (ConfUtils.java:logGet(43)) - raft.server.log.segment.cache.num.max = 2 (custom)
2019-09-25 11:53:07,567 [pool-127-thread-1] INFO  segmented.SegmentedRaftLogWorker (SegmentedRaftLogWorker.java:<init>(172)) - new b0fcdca4-42c6-4f14-bbe3-9c28c8ef5fa0@group-B15113D9CE8C-SegmentedRaftLogWorker for RaftStorage:Storage Directory /workdir/hadoop-ozone/ozonefs/target/test-dir/MiniOzoneClusterImpl-6cc5d9fe-62d6-4c5a-ace2-3095284a5ae3/datanode-0/data/ratis/597a3cde-8ee4-4a77-bb61-b15113d9ce8c
2019-09-25 11:53:07,568 [pool-127-thread-1] INFO  server.RaftServerConfigKeys (ConfUtils.java:logGet(43)) - raft.server.log.queue.byte-limit = 2147483647 (custom)
2019-09-25 11:53:07,568 [pool-127-thread-1] INFO  server.RaftServerConfigKeys (ConfUtils.java:logGet(43)) - raft.server.log.queue.element-limit = 1024 (custom)
2019-09-25 11:53:07,568 [pool-127-thread-1] INFO  server.RaftServerConfigKeys (ConfUtils.java:logGet(43)) - raft.server.log.segment.size.max = 1048576 (custom)
2019-09-25 11:53:07,568 [pool-127-thread-1] INFO  server.RaftServerConfigKeys (ConfUtils.java:logGet(43)) - raft.server.log.preallocated.size = 16384 (custom)
2019-09-25 11:53:07,568 [pool-127-thread-1] INFO  server.RaftServerConfigKeys (ConfUtils.java:logGet(43)) - raft.server.log.write.buffer.size = 33554432 (custom)
2019-09-25 11:53:07,568 [pool-127-thread-1] INFO  server.RaftServerConfigKeys (ConfUtils.java:logGet(43)) - raft.server.log.force.sync.num = 128 (default)
2019-09-25 11:53:07,568 [pool-127-thread-1] INFO  server.RaftServerConfigKeys (ConfUtils.java:logGet(43)) - raft.server.log.statemachine.data.sync = true (default)
2019-09-25 11:53:07,569 [pool-127-thread-1] INFO  server.RaftServerConfigKeys (ConfUtils.java:logGet(43)) - raft.server.log.statemachine.data.sync.timeout = 10s (default)
2019-09-25 11:53:07,569 [pool-127-thread-1] INFO  server.RaftServerConfigKeys (ConfUtils.java:logGet(43)) - raft.server.log.statemachine.data.sync.timeout.retry = -1 (default)
2019-09-25 11:53:07,569 [pool-127-thread-1] INFO  server.RaftServerConfigKeys (ConfUtils.java:logGet(43)) - raft.server.log.statemachine.data.caching.enabled = true (custom)
2019-09-25 11:53:07,569 [pool-127-thread-1] INFO  segmented.SegmentedRaftLogWorker (SegmentedRaftLogWorker.java:lambda$new$0(132)) - b0fcdca4-42c6-4f14-bbe3-9c28c8ef5fa0@group-B15113D9CE8C-SegmentedRaftLogWorker: flushIndex: setUnconditionally 0 -> -1
2019-09-25 11:53:07,570 [pool-127-thread-1] INFO  server.RaftServerConfigKeys (ConfUtils.java:logGet(43)) - raft.server.snapshot.auto.trigger.enabled = true (custom)
2019-09-25 11:53:07,570 [pool-127-thread-1] INFO  server.RaftServerConfigKeys (ConfUtils.java:logGet(43)) - raft.server.snapshot.auto.trigger.threshold = 10000 (custom)
2019-09-25 11:53:07,570 [pool-127-thread-1] INFO  server.RaftServerConfigKeys (ConfUtils.java:logGet(43)) - raft.server.snapshot.retention.num.files = 5 (custom)
2019-09-25 11:53:07,570 [pool-127-thread-1] INFO  server.RaftServerConfigKeys (ConfUtils.java:logGet(43)) - raft.server.retrycache.expirytime = 600000ms (custom)
2019-09-25 11:53:07,573 [pool-127-thread-1] INFO  impl.RaftServerImpl (RaftServerImpl.java:start(185)) - b0fcdca4-42c6-4f14-bbe3-9c28c8ef5fa0@group-B15113D9CE8C: start as a follower, conf=-1: [b0fcdca4-42c6-4f14-bbe3-9c28c8ef5fa0:192.168.30.6:45761], old=null
2019-09-25 11:53:07,573 [pool-127-thread-1] INFO  impl.RaftServerImpl (RaftServerImpl.java:setRole(174)) - b0fcdca4-42c6-4f14-bbe3-9c28c8ef5fa0@group-B15113D9CE8C: changes role from      null to FOLLOWER at term 0 for startAsFollower
2019-09-25 11:53:07,573 [pool-127-thread-1] INFO  impl.RoleInfo (RoleInfo.java:updateAndGet(143)) - b0fcdca4-42c6-4f14-bbe3-9c28c8ef5fa0: start FollowerState
2019-09-25 11:53:07,578 [pool-127-thread-1] INFO  util.JmxRegister (JmxRegister.java:tryRegister(44)) - Successfully registered JMX Bean with object name Ratis:service=RaftServer,group=group-B15113D9CE8C,id=b0fcdca4-42c6-4f14-bbe3-9c28c8ef5fa0
2019-09-25 11:53:07,589 [RatisPipelineUtilsThread] INFO  pipeline.PipelineStateManager (PipelineStateManager.java:addPipeline(56)) - Created pipeline Pipeline[ Id: 597a3cde-8ee4-4a77-bb61-b15113d9ce8c, Nodes: b0fcdca4-42c6-4f14-bbe3-9c28c8ef5fa0{ip: 192.168.30.6, host: pr-hdds-1569-5gmkr-4255264070, networkLocation: /default-rack, certSerialId: null}, Type:RATIS, Factor:ONE, State:OPEN]
2019-09-25 11:53:07,596 [grpc-default-executor-0] INFO  impl.RaftServerProxy (RaftServerProxy.java:addNew(89)) - b0fcdca4-42c6-4f14-bbe3-9c28c8ef5fa0: addNew group-0564C9985E7C:[b0fcdca4-42c6-4f14-bbe3-9c28c8ef5fa0:192.168.30.6:45761] returns group-0564C9985E7C:java.util.concurrent.CompletableFuture@6b46a1cf[Not completed]
2019-09-25 11:53:07,598 [pool-127-thread-1] INFO  impl.RaftServerImpl (RaftServerImpl.java:<init>(95)) - b0fcdca4-42c6-4f14-bbe3-9c28c8ef5fa0: new RaftServerImpl for group-0564C9985E7C:[b0fcdca4-42c6-4f14-bbe3-9c28c8ef5fa0:192.168.30.6:45761] with ContainerStateMachine:uninitialized
2019-09-25 11:53:07,598 [pool-127-thread-1] INFO  server.RaftServerConfigKeys (ConfUtils.java:logGet(43)) - raft.server.rpc.timeout.min = 5s (custom)
2019-09-25 11:53:07,598 [pool-127-thread-1] INFO  server.RaftServerConfigKeys (ConfUtils.java:logGet(43)) - raft.server.rpc.timeout.max = 5200ms (custom)
2019-09-25 11:53:07,598 [pool-127-thread-1] INFO  server.RaftServerConfigKeys (ConfUtils.java:logGet(43)) - raft.server.rpcslowness.timeout = 120s (custom)
2019-09-25 11:53:07,598 [pool-127-thread-1] INFO  server.RaftServerConfigKeys (ConfUtils.java:logGet(43)) - raft.server.sleep.deviation.threshold = 300 (default)
2019-09-25 11:53:07,598 [pool-127-thread-1] INFO  server.RaftServerConfigKeys (ConfUtils.java:logGet(43)) - raft.server.log.appender.install.snapshot.enabled = false (custom)
2019-09-25 11:53:07,599 [pool-127-thread-1] INFO  impl.RaftServerImpl (ServerState.java:<init>(103)) - b0fcdca4-42c6-4f14-bbe3-9c28c8ef5fa0@group-0564C9985E7C: ConfigurationManager, init=-1: [b0fcdca4-42c6-4f14-bbe3-9c28c8ef5fa0:192.168.30.6:45761], old=null, confs=<EMPTY_MAP>
2019-09-25 11:53:07,599 [pool-127-thread-1] INFO  server.RaftServerConfigKeys (ConfUtils.java:logGet(43)) - raft.server.storage.dir = [/workdir/hadoop-ozone/ozonefs/target/test-dir/MiniOzoneClusterImpl-6cc5d9fe-62d6-4c5a-ace2-3095284a5ae3/datanode-0/data/ratis] (custom)
2019-09-25 11:53:07,599 [pool-127-thread-1] INFO  storage.RaftStorageDirectory (RaftStorageDirectory.java:analyzeStorage(246)) - The storage directory /workdir/hadoop-ozone/ozonefs/target/test-dir/MiniOzoneClusterImpl-6cc5d9fe-62d6-4c5a-ace2-3095284a5ae3/datanode-0/data/ratis/69f7a615-8315-4011-9fb2-0564c9985e7c does not exist. Creating ...
2019-09-25 11:53:07,612 [pool-127-thread-1] INFO  storage.RaftStorageDirectory (RaftStorageDirectory.java:tryLock(328)) - Lock on /workdir/hadoop-ozone/ozonefs/target/test-dir/MiniOzoneClusterImpl-6cc5d9fe-62d6-4c5a-ace2-3095284a5ae3/datanode-0/data/ratis/69f7a615-8315-4011-9fb2-0564c9985e7c/in_use.lock acquired by nodename 25060@pr-hdds-1569-5gmkr-4255264070
2019-09-25 11:53:07,626 [pool-127-thread-1] INFO  storage.RaftStorage (RaftStorage.java:format(72)) - Storage directory /workdir/hadoop-ozone/ozonefs/target/test-dir/MiniOzoneClusterImpl-6cc5d9fe-62d6-4c5a-ace2-3095284a5ae3/datanode-0/data/ratis/69f7a615-8315-4011-9fb2-0564c9985e7c has been successfully formatted.
2019-09-25 11:53:07,626 [pool-127-thread-1] INFO  ratis.ContainerStateMachine (ContainerStateMachine.java:loadSnapshot(230)) - group-0564C9985E7C: The snapshot info is null. Setting the last applied indexto:(t:0, i:~)
2019-09-25 11:53:07,626 [pool-127-thread-1] INFO  server.RaftServerConfigKeys (ConfUtils.java:logGet(43)) - raft.server.notification.no-leader.timeout = 120s (custom)
2019-09-25 11:53:07,627 [pool-127-thread-1] INFO  server.RaftServerConfigKeys (ConfUtils.java:logGet(43)) - raft.server.log.use.memory = false (default)
2019-09-25 11:53:07,627 [pool-127-thread-1] INFO  server.RaftServerConfigKeys (ConfUtils.java:logGet(43)) - raft.server.log.purge.gap = 1000000 (custom)
2019-09-25 11:53:07,627 [pool-127-thread-1] INFO  server.RaftServerConfigKeys (ConfUtils.java:logGet(43)) - raft.server.log.appender.buffer.byte-limit = 33554432 (custom)
2019-09-25 11:53:07,627 [pool-127-thread-1] INFO  server.RaftServerConfigKeys (ConfUtils.java:logGet(43)) - raft.server.log.segment.size.max = 1048576 (custom)
2019-09-25 11:53:07,627 [pool-127-thread-1] INFO  server.RaftServerConfigKeys (ConfUtils.java:logGet(43)) - raft.server.log.segment.cache.num.max = 2 (custom)
2019-09-25 11:53:07,627 [pool-127-thread-1] INFO  segmented.SegmentedRaftLogWorker (SegmentedRaftLogWorker.java:<init>(172)) - new b0fcdca4-42c6-4f14-bbe3-9c28c8ef5fa0@group-0564C9985E7C-SegmentedRaftLogWorker for RaftStorage:Storage Directory /workdir/hadoop-ozone/ozonefs/target/test-dir/MiniOzoneClusterImpl-6cc5d9fe-62d6-4c5a-ace2-3095284a5ae3/datanode-0/data/ratis/69f7a615-8315-4011-9fb2-0564c9985e7c
2019-09-25 11:53:07,628 [pool-127-thread-1] INFO  server.RaftServerConfigKeys (ConfUtils.java:logGet(43)) - raft.server.log.queue.byte-limit = 2147483647 (custom)
2019-09-25 11:53:07,628 [pool-127-thread-1] INFO  server.RaftServerConfigKeys (ConfUtils.java:logGet(43)) - raft.server.log.queue.element-limit = 1024 (custom)
2019-09-25 11:53:07,628 [pool-127-thread-1] INFO  server.RaftServerConfigKeys (ConfUtils.java:logGet(43)) - raft.server.log.segment.size.max = 1048576 (custom)
2019-09-25 11:53:07,628 [pool-127-thread-1] INFO  server.RaftServerConfigKeys (ConfUtils.java:logGet(43)) - raft.server.log.preallocated.size = 16384 (custom)
2019-09-25 11:53:07,628 [pool-127-thread-1] INFO  server.RaftServerConfigKeys (ConfUtils.java:logGet(43)) - raft.server.log.write.buffer.size = 33554432 (custom)
2019-09-25 11:53:07,628 [pool-127-thread-1] INFO  server.RaftServerConfigKeys (ConfUtils.java:logGet(43)) - raft.server.log.force.sync.num = 128 (default)
2019-09-25 11:53:07,629 [pool-127-thread-1] INFO  server.RaftServerConfigKeys (ConfUtils.java:logGet(43)) - raft.server.log.statemachine.data.sync = true (default)
2019-09-25 11:53:07,629 [pool-127-thread-1] INFO  server.RaftServerConfigKeys (ConfUtils.java:logGet(43)) - raft.server.log.statemachine.data.sync.timeout = 10s (default)
2019-09-25 11:53:07,629 [pool-127-thread-1] INFO  server.RaftServerConfigKeys (ConfUtils.java:logGet(43)) - raft.server.log.statemachine.data.sync.timeout.retry = -1 (default)
2019-09-25 11:53:07,629 [pool-127-thread-1] INFO  server.RaftServerConfigKeys (ConfUtils.java:logGet(43)) - raft.server.log.statemachine.data.caching.enabled = true (custom)
2019-09-25 11:53:07,630 [pool-127-thread-1] INFO  segmented.SegmentedRaftLogWorker (SegmentedRaftLogWorker.java:lambda$new$0(132)) - b0fcdca4-42c6-4f14-bbe3-9c28c8ef5fa0@group-0564C9985E7C-SegmentedRaftLogWorker: flushIndex: setUnconditionally 0 -> -1
2019-09-25 11:53:07,630 [pool-127-thread-1] INFO  server.RaftServerConfigKeys (ConfUtils.java:logGet(43)) - raft.server.snapshot.auto.trigger.enabled = true (custom)
2019-09-25 11:53:07,630 [pool-127-thread-1] INFO  server.RaftServerConfigKeys (ConfUtils.java:logGet(43)) - raft.server.snapshot.auto.trigger.threshold = 10000 (custom)
2019-09-25 11:53:07,630 [pool-127-thread-1] INFO  server.RaftServerConfigKeys (ConfUtils.java:logGet(43)) - raft.server.snapshot.retention.num.files = 5 (custom)
2019-09-25 11:53:07,631 [pool-127-thread-1] INFO  server.RaftServerConfigKeys (ConfUtils.java:logGet(43)) - raft.server.retrycache.expirytime = 600000ms (custom)
2019-09-25 11:53:07,633 [pool-127-thread-1] INFO  impl.RaftServerImpl (RaftServerImpl.java:start(185)) - b0fcdca4-42c6-4f14-bbe3-9c28c8ef5fa0@group-0564C9985E7C: start as a follower, conf=-1: [b0fcdca4-42c6-4f14-bbe3-9c28c8ef5fa0:192.168.30.6:45761], old=null
2019-09-25 11:53:07,634 [pool-127-thread-1] INFO  impl.RaftServerImpl (RaftServerImpl.java:setRole(174)) - b0fcdca4-42c6-4f14-bbe3-9c28c8ef5fa0@group-0564C9985E7C: changes role from      null to FOLLOWER at term 0 for startAsFollower
2019-09-25 11:53:07,634 [pool-127-thread-1] INFO  impl.RoleInfo (RoleInfo.java:updateAndGet(143)) - b0fcdca4-42c6-4f14-bbe3-9c28c8ef5fa0: start FollowerState
2019-09-25 11:53:07,634 [pool-127-thread-1] INFO  util.JmxRegister (JmxRegister.java:tryRegister(44)) - Successfully registered JMX Bean with object name Ratis:service=RaftServer,group=group-0564C9985E7C,id=b0fcdca4-42c6-4f14-bbe3-9c28c8ef5fa0
2019-09-25 11:53:07,638 [RatisPipelineUtilsThread] INFO  pipeline.PipelineStateManager (PipelineStateManager.java:addPipeline(56)) - Created pipeline Pipeline[ Id: 69f7a615-8315-4011-9fb2-0564c9985e7c, Nodes: b0fcdca4-42c6-4f14-bbe3-9c28c8ef5fa0{ip: 192.168.30.6, host: pr-hdds-1569-5gmkr-4255264070, networkLocation: /default-rack, certSerialId: null}, Type:RATIS, Factor:ONE, State:OPEN]
2019-09-25 11:53:07,645 [grpc-default-executor-0] INFO  impl.RaftServerProxy (RaftServerProxy.java:addNew(89)) - b0fcdca4-42c6-4f14-bbe3-9c28c8ef5fa0: addNew group-974428CAE6F3:[b0fcdca4-42c6-4f14-bbe3-9c28c8ef5fa0:192.168.30.6:45761] returns group-974428CAE6F3:java.util.concurrent.CompletableFuture@169dec03[Not completed]
2019-09-25 11:53:07,646 [pool-127-thread-1] INFO  impl.RaftServerImpl (RaftServerImpl.java:<init>(95)) - b0fcdca4-42c6-4f14-bbe3-9c28c8ef5fa0: new RaftServerImpl for group-974428CAE6F3:[b0fcdca4-42c6-4f14-bbe3-9c28c8ef5fa0:192.168.30.6:45761] with ContainerStateMachine:uninitialized
2019-09-25 11:53:07,646 [pool-127-thread-1] INFO  server.RaftServerConfigKeys (ConfUtils.java:logGet(43)) - raft.server.rpc.timeout.min = 5s (custom)
2019-09-25 11:53:07,646 [pool-127-thread-1] INFO  server.RaftServerConfigKeys (ConfUtils.java:logGet(43)) - raft.server.rpc.timeout.max = 5200ms (custom)
2019-09-25 11:53:07,646 [pool-127-thread-1] INFO  server.RaftServerConfigKeys (ConfUtils.java:logGet(43)) - raft.server.rpcslowness.timeout = 120s (custom)
2019-09-25 11:53:07,646 [pool-127-thread-1] INFO  server.RaftServerConfigKeys (ConfUtils.java:logGet(43)) - raft.server.sleep.deviation.threshold = 300 (default)
2019-09-25 11:53:07,647 [pool-127-thread-1] INFO  server.RaftServerConfigKeys (ConfUtils.java:logGet(43)) - raft.server.log.appender.install.snapshot.enabled = false (custom)
2019-09-25 11:53:07,647 [pool-127-thread-1] INFO  impl.RaftServerImpl (ServerState.java:<init>(103)) - b0fcdca4-42c6-4f14-bbe3-9c28c8ef5fa0@group-974428CAE6F3: ConfigurationManager, init=-1: [b0fcdca4-42c6-4f14-bbe3-9c28c8ef5fa0:192.168.30.6:45761], old=null, confs=<EMPTY_MAP>
2019-09-25 11:53:07,647 [pool-127-thread-1] INFO  server.RaftServerConfigKeys (ConfUtils.java:logGet(43)) - raft.server.storage.dir = [/workdir/hadoop-ozone/ozonefs/target/test-dir/MiniOzoneClusterImpl-6cc5d9fe-62d6-4c5a-ace2-3095284a5ae3/datanode-0/data/ratis] (custom)
2019-09-25 11:53:07,647 [pool-127-thread-1] INFO  storage.RaftStorageDirectory (RaftStorageDirectory.java:analyzeStorage(246)) - The storage directory /workdir/hadoop-ozone/ozonefs/target/test-dir/MiniOzoneClusterImpl-6cc5d9fe-62d6-4c5a-ace2-3095284a5ae3/datanode-0/data/ratis/5aa1327f-bd1e-46a6-a0f8-974428cae6f3 does not exist. Creating ...
2019-09-25 11:53:07,660 [pool-127-thread-1] INFO  storage.RaftStorageDirectory (RaftStorageDirectory.java:tryLock(328)) - Lock on /workdir/hadoop-ozone/ozonefs/target/test-dir/MiniOzoneClusterImpl-6cc5d9fe-62d6-4c5a-ace2-3095284a5ae3/datanode-0/data/ratis/5aa1327f-bd1e-46a6-a0f8-974428cae6f3/in_use.lock acquired by nodename 25060@pr-hdds-1569-5gmkr-4255264070
2019-09-25 11:53:07,674 [pool-127-thread-1] INFO  storage.RaftStorage (RaftStorage.java:format(72)) - Storage directory /workdir/hadoop-ozone/ozonefs/target/test-dir/MiniOzoneClusterImpl-6cc5d9fe-62d6-4c5a-ace2-3095284a5ae3/datanode-0/data/ratis/5aa1327f-bd1e-46a6-a0f8-974428cae6f3 has been successfully formatted.
2019-09-25 11:53:07,674 [pool-127-thread-1] INFO  ratis.ContainerStateMachine (ContainerStateMachine.java:loadSnapshot(230)) - group-974428CAE6F3: The snapshot info is null. Setting the last applied indexto:(t:0, i:~)
2019-09-25 11:53:07,674 [pool-127-thread-1] INFO  server.RaftServerConfigKeys (ConfUtils.java:logGet(43)) - raft.server.notification.no-leader.timeout = 120s (custom)
2019-09-25 11:53:07,674 [pool-127-thread-1] INFO  server.RaftServerConfigKeys (ConfUtils.java:logGet(43)) - raft.server.log.use.memory = false (default)
2019-09-25 11:53:07,674 [pool-127-thread-1] INFO  server.RaftServerConfigKeys (ConfUtils.java:logGet(43)) - raft.server.log.purge.gap = 1000000 (custom)
2019-09-25 11:53:07,674 [pool-127-thread-1] INFO  server.RaftServerConfigKeys (ConfUtils.java:logGet(43)) - raft.server.log.appender.buffer.byte-limit = 33554432 (custom)
2019-09-25 11:53:07,675 [pool-127-thread-1] INFO  server.RaftServerConfigKeys (ConfUtils.java:logGet(43)) - raft.server.log.segment.size.max = 1048576 (custom)
2019-09-25 11:53:07,675 [pool-127-thread-1] INFO  server.RaftServerConfigKeys (ConfUtils.java:logGet(43)) - raft.server.log.segment.cache.num.max = 2 (custom)
2019-09-25 11:53:07,675 [pool-127-thread-1] INFO  segmented.SegmentedRaftLogWorker (SegmentedRaftLogWorker.java:<init>(172)) - new b0fcdca4-42c6-4f14-bbe3-9c28c8ef5fa0@group-974428CAE6F3-SegmentedRaftLogWorker for RaftStorage:Storage Directory /workdir/hadoop-ozone/ozonefs/target/test-dir/MiniOzoneClusterImpl-6cc5d9fe-62d6-4c5a-ace2-3095284a5ae3/datanode-0/data/ratis/5aa1327f-bd1e-46a6-a0f8-974428cae6f3
2019-09-25 11:53:07,675 [pool-127-thread-1] INFO  server.RaftServerConfigKeys (ConfUtils.java:logGet(43)) - raft.server.log.queue.byte-limit = 2147483647 (custom)
2019-09-25 11:53:07,675 [pool-127-thread-1] INFO  server.RaftServerConfigKeys (ConfUtils.java:logGet(43)) - raft.server.log.queue.element-limit = 1024 (custom)
2019-09-25 11:53:07,675 [pool-127-thread-1] INFO  server.RaftServerConfigKeys (ConfUtils.java:logGet(43)) - raft.server.log.segment.size.max = 1048576 (custom)
2019-09-25 11:53:07,675 [pool-127-thread-1] INFO  server.RaftServerConfigKeys (ConfUtils.java:logGet(43)) - raft.server.log.preallocated.size = 16384 (custom)
2019-09-25 11:53:07,676 [pool-127-thread-1] INFO  server.RaftServerConfigKeys (ConfUtils.java:logGet(43)) - raft.server.log.write.buffer.size = 33554432 (custom)
2019-09-25 11:53:07,676 [pool-127-thread-1] INFO  server.RaftServerConfigKeys (ConfUtils.java:logGet(43)) - raft.server.log.force.sync.num = 128 (default)
2019-09-25 11:53:07,676 [pool-127-thread-1] INFO  server.RaftServerConfigKeys (ConfUtils.java:logGet(43)) - raft.server.log.statemachine.data.sync = true (default)
2019-09-25 11:53:07,676 [pool-127-thread-1] INFO  server.RaftServerConfigKeys (ConfUtils.java:logGet(43)) - raft.server.log.statemachine.data.sync.timeout = 10s (default)
2019-09-25 11:53:07,676 [pool-127-thread-1] INFO  server.RaftServerConfigKeys (ConfUtils.java:logGet(43)) - raft.server.log.statemachine.data.sync.timeout.retry = -1 (default)
2019-09-25 11:53:07,676 [pool-127-thread-1] INFO  server.RaftServerConfigKeys (ConfUtils.java:logGet(43)) - raft.server.log.statemachine.data.caching.enabled = true (custom)
2019-09-25 11:53:07,677 [pool-127-thread-1] INFO  segmented.SegmentedRaftLogWorker (SegmentedRaftLogWorker.java:lambda$new$0(132)) - b0fcdca4-42c6-4f14-bbe3-9c28c8ef5fa0@group-974428CAE6F3-SegmentedRaftLogWorker: flushIndex: setUnconditionally 0 -> -1
2019-09-25 11:53:07,677 [pool-127-thread-1] INFO  server.RaftServerConfigKeys (ConfUtils.java:logGet(43)) - raft.server.snapshot.auto.trigger.enabled = true (custom)
2019-09-25 11:53:07,677 [pool-127-thread-1] INFO  server.RaftServerConfigKeys (ConfUtils.java:logGet(43)) - raft.server.snapshot.auto.trigger.threshold = 10000 (custom)
2019-09-25 11:53:07,677 [pool-127-thread-1] INFO  server.RaftServerConfigKeys (ConfUtils.java:logGet(43)) - raft.server.snapshot.retention.num.files = 5 (custom)
2019-09-25 11:53:07,677 [pool-127-thread-1] INFO  server.RaftServerConfigKeys (ConfUtils.java:logGet(43)) - raft.server.retrycache.expirytime = 600000ms (custom)
2019-09-25 11:53:07,680 [pool-127-thread-1] INFO  impl.RaftServerImpl (RaftServerImpl.java:start(185)) - b0fcdca4-42c6-4f14-bbe3-9c28c8ef5fa0@group-974428CAE6F3: start as a follower, conf=-1: [b0fcdca4-42c6-4f14-bbe3-9c28c8ef5fa0:192.168.30.6:45761], old=null
2019-09-25 11:53:07,680 [pool-127-thread-1] INFO  impl.RaftServerImpl (RaftServerImpl.java:setRole(174)) - b0fcdca4-42c6-4f14-bbe3-9c28c8ef5fa0@group-974428CAE6F3: changes role from      null to FOLLOWER at term 0 for startAsFollower
2019-09-25 11:53:07,680 [pool-127-thread-1] INFO  impl.RoleInfo (RoleInfo.java:updateAndGet(143)) - b0fcdca4-42c6-4f14-bbe3-9c28c8ef5fa0: start FollowerState
2019-09-25 11:53:07,680 [pool-127-thread-1] INFO  util.JmxRegister (JmxRegister.java:tryRegister(44)) - Successfully registered JMX Bean with object name Ratis:service=RaftServer,group=group-974428CAE6F3,id=b0fcdca4-42c6-4f14-bbe3-9c28c8ef5fa0
2019-09-25 11:53:07,684 [RatisPipelineUtilsThread] INFO  pipeline.PipelineStateManager (PipelineStateManager.java:addPipeline(56)) - Created pipeline Pipeline[ Id: 5aa1327f-bd1e-46a6-a0f8-974428cae6f3, Nodes: b0fcdca4-42c6-4f14-bbe3-9c28c8ef5fa0{ip: 192.168.30.6, host: pr-hdds-1569-5gmkr-4255264070, networkLocation: /default-rack, certSerialId: null}, Type:RATIS, Factor:ONE, State:OPEN]
2019-09-25 11:53:07,684 [RatisPipelineUtilsThread] INFO  pipeline.PipelinePlacementPolicy (PipelinePlacementPolicy.java:meetCriteria(91)) - Pipeline Placement: can't place more pipeline on heavy datanode： b0fcdca4-42c6-4f14-bbe3-9c28c8ef5fa0 Heaviness: 6 limit: 5
2019-09-25 11:53:07,694 [grpc-default-executor-0] INFO  impl.RaftServerProxy (RaftServerProxy.java:addNew(89)) - 1b364aeb-4436-4f90-ad4a-028e7293e309: addNew group-A0EC7DCC18A3:[1b364aeb-4436-4f90-ad4a-028e7293e309:192.168.30.6:42018] returns group-A0EC7DCC18A3:java.util.concurrent.CompletableFuture@5f7b6278[Not completed]
2019-09-25 11:53:07,696 [pool-137-thread-1] INFO  impl.RaftServerImpl (RaftServerImpl.java:<init>(95)) - 1b364aeb-4436-4f90-ad4a-028e7293e309: new RaftServerImpl for group-A0EC7DCC18A3:[1b364aeb-4436-4f90-ad4a-028e7293e309:192.168.30.6:42018] with ContainerStateMachine:uninitialized
2019-09-25 11:53:07,696 [pool-137-thread-1] INFO  server.RaftServerConfigKeys (ConfUtils.java:logGet(43)) - raft.server.rpc.timeout.min = 5s (custom)
2019-09-25 11:53:07,696 [pool-137-thread-1] INFO  server.RaftServerConfigKeys (ConfUtils.java:logGet(43)) - raft.server.rpc.timeout.max = 5200ms (custom)
2019-09-25 11:53:07,696 [pool-137-thread-1] INFO  server.RaftServerConfigKeys (ConfUtils.java:logGet(43)) - raft.server.rpcslowness.timeout = 120s (custom)
2019-09-25 11:53:07,696 [pool-137-thread-1] INFO  server.RaftServerConfigKeys (ConfUtils.java:logGet(43)) - raft.server.sleep.deviation.threshold = 300 (default)
2019-09-25 11:53:07,697 [pool-137-thread-1] INFO  server.RaftServerConfigKeys (ConfUtils.java:logGet(43)) - raft.server.log.appender.install.snapshot.enabled = false (custom)
2019-09-25 11:53:07,697 [pool-137-thread-1] INFO  impl.RaftServerImpl (ServerState.java:<init>(103)) - 1b364aeb-4436-4f90-ad4a-028e7293e309@group-A0EC7DCC18A3: ConfigurationManager, init=-1: [1b364aeb-4436-4f90-ad4a-028e7293e309:192.168.30.6:42018], old=null, confs=<EMPTY_MAP>
2019-09-25 11:53:07,697 [pool-137-thread-1] INFO  server.RaftServerConfigKeys (ConfUtils.java:logGet(43)) - raft.server.storage.dir = [/workdir/hadoop-ozone/ozonefs/target/test-dir/MiniOzoneClusterImpl-6cc5d9fe-62d6-4c5a-ace2-3095284a5ae3/datanode-1/data/ratis] (custom)
2019-09-25 11:53:07,698 [pool-137-thread-1] INFO  storage.RaftStorageDirectory (RaftStorageDirectory.java:analyzeStorage(246)) - The storage directory /workdir/hadoop-ozone/ozonefs/target/test-dir/MiniOzoneClusterImpl-6cc5d9fe-62d6-4c5a-ace2-3095284a5ae3/datanode-1/data/ratis/2805bbb0-7bed-4ed4-8fdd-a0ec7dcc18a3 does not exist. Creating ...
2019-09-25 11:53:07,711 [pool-137-thread-1] INFO  storage.RaftStorageDirectory (RaftStorageDirectory.java:tryLock(328)) - Lock on /workdir/hadoop-ozone/ozonefs/target/test-dir/MiniOzoneClusterImpl-6cc5d9fe-62d6-4c5a-ace2-3095284a5ae3/datanode-1/data/ratis/2805bbb0-7bed-4ed4-8fdd-a0ec7dcc18a3/in_use.lock acquired by nodename 25060@pr-hdds-1569-5gmkr-4255264070
2019-09-25 11:53:07,725 [pool-137-thread-1] INFO  storage.RaftStorage (RaftStorage.java:format(72)) - Storage directory /workdir/hadoop-ozone/ozonefs/target/test-dir/MiniOzoneClusterImpl-6cc5d9fe-62d6-4c5a-ace2-3095284a5ae3/datanode-1/data/ratis/2805bbb0-7bed-4ed4-8fdd-a0ec7dcc18a3 has been successfully formatted.
2019-09-25 11:53:07,725 [pool-137-thread-1] INFO  ratis.ContainerStateMachine (ContainerStateMachine.java:loadSnapshot(230)) - group-A0EC7DCC18A3: The snapshot info is null. Setting the last applied indexto:(t:0, i:~)
2019-09-25 11:53:07,725 [pool-137-thread-1] INFO  server.RaftServerConfigKeys (ConfUtils.java:logGet(43)) - raft.server.notification.no-leader.timeout = 120s (custom)
2019-09-25 11:53:07,726 [pool-137-thread-1] INFO  server.RaftServerConfigKeys (ConfUtils.java:logGet(43)) - raft.server.log.use.memory = false (default)
2019-09-25 11:53:07,726 [pool-137-thread-1] INFO  server.RaftServerConfigKeys (ConfUtils.java:logGet(43)) - raft.server.log.purge.gap = 1000000 (custom)
2019-09-25 11:53:07,726 [pool-137-thread-1] INFO  server.RaftServerConfigKeys (ConfUtils.java:logGet(43)) - raft.server.log.appender.buffer.byte-limit = 33554432 (custom)
2019-09-25 11:53:07,726 [pool-137-thread-1] INFO  server.RaftServerConfigKeys (ConfUtils.java:logGet(43)) - raft.server.log.segment.size.max = 1048576 (custom)
2019-09-25 11:53:07,726 [pool-137-thread-1] INFO  server.RaftServerConfigKeys (ConfUtils.java:logGet(43)) - raft.server.log.segment.cache.num.max = 2 (custom)
2019-09-25 11:53:07,727 [pool-137-thread-1] INFO  segmented.SegmentedRaftLogWorker (SegmentedRaftLogWorker.java:<init>(172)) - new 1b364aeb-4436-4f90-ad4a-028e7293e309@group-A0EC7DCC18A3-SegmentedRaftLogWorker for RaftStorage:Storage Directory /workdir/hadoop-ozone/ozonefs/target/test-dir/MiniOzoneClusterImpl-6cc5d9fe-62d6-4c5a-ace2-3095284a5ae3/datanode-1/data/ratis/2805bbb0-7bed-4ed4-8fdd-a0ec7dcc18a3
2019-09-25 11:53:07,730 [pool-137-thread-1] INFO  server.RaftServerConfigKeys (ConfUtils.java:logGet(43)) - raft.server.log.queue.byte-limit = 2147483647 (custom)
2019-09-25 11:53:07,730 [pool-137-thread-1] INFO  server.RaftServerConfigKeys (ConfUtils.java:logGet(43)) - raft.server.log.queue.element-limit = 1024 (custom)
2019-09-25 11:53:07,730 [pool-137-thread-1] INFO  server.RaftServerConfigKeys (ConfUtils.java:logGet(43)) - raft.server.log.segment.size.max = 1048576 (custom)
2019-09-25 11:53:07,731 [pool-137-thread-1] INFO  server.RaftServerConfigKeys (ConfUtils.java:logGet(43)) - raft.server.log.preallocated.size = 16384 (custom)
2019-09-25 11:53:07,731 [pool-137-thread-1] INFO  server.RaftServerConfigKeys (ConfUtils.java:logGet(43)) - raft.server.log.write.buffer.size = 33554432 (custom)
2019-09-25 11:53:07,731 [pool-137-thread-1] INFO  server.RaftServerConfigKeys (ConfUtils.java:logGet(43)) - raft.server.log.force.sync.num = 128 (default)
2019-09-25 11:53:07,731 [pool-137-thread-1] INFO  server.RaftServerConfigKeys (ConfUtils.java:logGet(43)) - raft.server.log.statemachine.data.sync = true (default)
2019-09-25 11:53:07,731 [pool-137-thread-1] INFO  server.RaftServerConfigKeys (ConfUtils.java:logGet(43)) - raft.server.log.statemachine.data.sync.timeout = 10s (default)
2019-09-25 11:53:07,731 [pool-137-thread-1] INFO  server.RaftServerConfigKeys (ConfUtils.java:logGet(43)) - raft.server.log.statemachine.data.sync.timeout.retry = -1 (default)
2019-09-25 11:53:07,732 [pool-137-thread-1] INFO  server.RaftServerConfigKeys (ConfUtils.java:logGet(43)) - raft.server.log.statemachine.data.caching.enabled = true (custom)
2019-09-25 11:53:07,732 [pool-137-thread-1] INFO  segmented.SegmentedRaftLogWorker (SegmentedRaftLogWorker.java:lambda$new$0(132)) - 1b364aeb-4436-4f90-ad4a-028e7293e309@group-A0EC7DCC18A3-SegmentedRaftLogWorker: flushIndex: setUnconditionally 0 -> -1
2019-09-25 11:53:07,733 [pool-137-thread-1] INFO  server.RaftServerConfigKeys (ConfUtils.java:logGet(43)) - raft.server.snapshot.auto.trigger.enabled = true (custom)
2019-09-25 11:53:07,733 [pool-137-thread-1] INFO  server.RaftServerConfigKeys (ConfUtils.java:logGet(43)) - raft.server.snapshot.auto.trigger.threshold = 10000 (custom)
2019-09-25 11:53:07,733 [pool-137-thread-1] INFO  server.RaftServerConfigKeys (ConfUtils.java:logGet(43)) - raft.server.snapshot.retention.num.files = 5 (custom)
2019-09-25 11:53:07,733 [pool-137-thread-1] INFO  server.RaftServerConfigKeys (ConfUtils.java:logGet(43)) - raft.server.retrycache.expirytime = 600000ms (custom)
2019-09-25 11:53:07,736 [pool-137-thread-1] INFO  impl.RaftServerImpl (RaftServerImpl.java:start(185)) - 1b364aeb-4436-4f90-ad4a-028e7293e309@group-A0EC7DCC18A3: start as a follower, conf=-1: [1b364aeb-4436-4f90-ad4a-028e7293e309:192.168.30.6:42018], old=null
2019-09-25 11:53:07,736 [pool-137-thread-1] INFO  impl.RaftServerImpl (RaftServerImpl.java:setRole(174)) - 1b364aeb-4436-4f90-ad4a-028e7293e309@group-A0EC7DCC18A3: changes role from      null to FOLLOWER at term 0 for startAsFollower
2019-09-25 11:53:07,736 [pool-137-thread-1] INFO  impl.RoleInfo (RoleInfo.java:updateAndGet(143)) - 1b364aeb-4436-4f90-ad4a-028e7293e309: start FollowerState
2019-09-25 11:53:07,737 [pool-137-thread-1] INFO  util.JmxRegister (JmxRegister.java:tryRegister(44)) - Successfully registered JMX Bean with object name Ratis:service=RaftServer,group=group-A0EC7DCC18A3,id=1b364aeb-4436-4f90-ad4a-028e7293e309
2019-09-25 11:53:07,741 [RatisPipelineUtilsThread] INFO  pipeline.PipelineStateManager (PipelineStateManager.java:addPipeline(56)) - Created pipeline Pipeline[ Id: 2805bbb0-7bed-4ed4-8fdd-a0ec7dcc18a3, Nodes: 1b364aeb-4436-4f90-ad4a-028e7293e309{ip: 192.168.30.6, host: pr-hdds-1569-5gmkr-4255264070, networkLocation: /default-rack, certSerialId: null}, Type:RATIS, Factor:ONE, State:OPEN]
2019-09-25 11:53:07,741 [RatisPipelineUtilsThread] INFO  pipeline.PipelinePlacementPolicy (PipelinePlacementPolicy.java:meetCriteria(91)) - Pipeline Placement: can't place more pipeline on heavy datanode： b0fcdca4-42c6-4f14-bbe3-9c28c8ef5fa0 Heaviness: 6 limit: 5
2019-09-25 11:53:07,748 [grpc-default-executor-0] INFO  impl.RaftServerProxy (RaftServerProxy.java:addNew(89)) - 1b364aeb-4436-4f90-ad4a-028e7293e309: addNew group-7C0245DCDA83:[1b364aeb-4436-4f90-ad4a-028e7293e309:192.168.30.6:42018] returns group-7C0245DCDA83:java.util.concurrent.CompletableFuture@6c6ddd5b[Not completed]
2019-09-25 11:53:07,749 [pool-137-thread-1] INFO  impl.RaftServerImpl (RaftServerImpl.java:<init>(95)) - 1b364aeb-4436-4f90-ad4a-028e7293e309: new RaftServerImpl for group-7C0245DCDA83:[1b364aeb-4436-4f90-ad4a-028e7293e309:192.168.30.6:42018] with ContainerStateMachine:uninitialized
2019-09-25 11:53:07,749 [pool-137-thread-1] INFO  server.RaftServerConfigKeys (ConfUtils.java:logGet(43)) - raft.server.rpc.timeout.min = 5s (custom)
2019-09-25 11:53:07,749 [pool-137-thread-1] INFO  server.RaftServerConfigKeys (ConfUtils.java:logGet(43)) - raft.server.rpc.timeout.max = 5200ms (custom)
2019-09-25 11:53:07,750 [pool-137-thread-1] INFO  server.RaftServerConfigKeys (ConfUtils.java:logGet(43)) - raft.server.rpcslowness.timeout = 120s (custom)
2019-09-25 11:53:07,750 [pool-137-thread-1] INFO  server.RaftServerConfigKeys (ConfUtils.java:logGet(43)) - raft.server.sleep.deviation.threshold = 300 (default)
2019-09-25 11:53:07,750 [pool-137-thread-1] INFO  server.RaftServerConfigKeys (ConfUtils.java:logGet(43)) - raft.server.log.appender.install.snapshot.enabled = false (custom)
2019-09-25 11:53:07,750 [pool-137-thread-1] INFO  impl.RaftServerImpl (ServerState.java:<init>(103)) - 1b364aeb-4436-4f90-ad4a-028e7293e309@group-7C0245DCDA83: ConfigurationManager, init=-1: [1b364aeb-4436-4f90-ad4a-028e7293e309:192.168.30.6:42018], old=null, confs=<EMPTY_MAP>
2019-09-25 11:53:07,750 [pool-137-thread-1] INFO  server.RaftServerConfigKeys (ConfUtils.java:logGet(43)) - raft.server.storage.dir = [/workdir/hadoop-ozone/ozonefs/target/test-dir/MiniOzoneClusterImpl-6cc5d9fe-62d6-4c5a-ace2-3095284a5ae3/datanode-1/data/ratis] (custom)
2019-09-25 11:53:07,751 [pool-137-thread-1] INFO  storage.RaftStorageDirectory (RaftStorageDirectory.java:analyzeStorage(246)) - The storage directory /workdir/hadoop-ozone/ozonefs/target/test-dir/MiniOzoneClusterImpl-6cc5d9fe-62d6-4c5a-ace2-3095284a5ae3/datanode-1/data/ratis/0523c3c4-500a-47cf-9110-7c0245dcda83 does not exist. Creating ...
2019-09-25 11:53:07,763 [pool-137-thread-1] INFO  storage.RaftStorageDirectory (RaftStorageDirectory.java:tryLock(328)) - Lock on /workdir/hadoop-ozone/ozonefs/target/test-dir/MiniOzoneClusterImpl-6cc5d9fe-62d6-4c5a-ace2-3095284a5ae3/datanode-1/data/ratis/0523c3c4-500a-47cf-9110-7c0245dcda83/in_use.lock acquired by nodename 25060@pr-hdds-1569-5gmkr-4255264070
2019-09-25 11:53:07,777 [pool-137-thread-1] INFO  storage.RaftStorage (RaftStorage.java:format(72)) - Storage directory /workdir/hadoop-ozone/ozonefs/target/test-dir/MiniOzoneClusterImpl-6cc5d9fe-62d6-4c5a-ace2-3095284a5ae3/datanode-1/data/ratis/0523c3c4-500a-47cf-9110-7c0245dcda83 has been successfully formatted.
2019-09-25 11:53:07,777 [pool-137-thread-1] INFO  ratis.ContainerStateMachine (ContainerStateMachine.java:loadSnapshot(230)) - group-7C0245DCDA83: The snapshot info is null. Setting the last applied indexto:(t:0, i:~)
2019-09-25 11:53:07,777 [pool-137-thread-1] INFO  server.RaftServerConfigKeys (ConfUtils.java:logGet(43)) - raft.server.notification.no-leader.timeout = 120s (custom)
2019-09-25 11:53:07,778 [pool-137-thread-1] INFO  server.RaftServerConfigKeys (ConfUtils.java:logGet(43)) - raft.server.log.use.memory = false (default)
2019-09-25 11:53:07,778 [pool-137-thread-1] INFO  server.RaftServerConfigKeys (ConfUtils.java:logGet(43)) - raft.server.log.purge.gap = 1000000 (custom)
2019-09-25 11:53:07,778 [pool-137-thread-1] INFO  server.RaftServerConfigKeys (ConfUtils.java:logGet(43)) - raft.server.log.appender.buffer.byte-limit = 33554432 (custom)
2019-09-25 11:53:07,778 [pool-137-thread-1] INFO  server.RaftServerConfigKeys (ConfUtils.java:logGet(43)) - raft.server.log.segment.size.max = 1048576 (custom)
2019-09-25 11:53:07,778 [pool-137-thread-1] INFO  server.RaftServerConfigKeys (ConfUtils.java:logGet(43)) - raft.server.log.segment.cache.num.max = 2 (custom)
2019-09-25 11:53:07,778 [pool-137-thread-1] INFO  segmented.SegmentedRaftLogWorker (SegmentedRaftLogWorker.java:<init>(172)) - new 1b364aeb-4436-4f90-ad4a-028e7293e309@group-7C0245DCDA83-SegmentedRaftLogWorker for RaftStorage:Storage Directory /workdir/hadoop-ozone/ozonefs/target/test-dir/MiniOzoneClusterImpl-6cc5d9fe-62d6-4c5a-ace2-3095284a5ae3/datanode-1/data/ratis/0523c3c4-500a-47cf-9110-7c0245dcda83
2019-09-25 11:53:07,779 [pool-137-thread-1] INFO  server.RaftServerConfigKeys (ConfUtils.java:logGet(43)) - raft.server.log.queue.byte-limit = 2147483647 (custom)
2019-09-25 11:53:07,779 [pool-137-thread-1] INFO  server.RaftServerConfigKeys (ConfUtils.java:logGet(43)) - raft.server.log.queue.element-limit = 1024 (custom)
2019-09-25 11:53:07,779 [pool-137-thread-1] INFO  server.RaftServerConfigKeys (ConfUtils.java:logGet(43)) - raft.server.log.segment.size.max = 1048576 (custom)
2019-09-25 11:53:07,779 [pool-137-thread-1] INFO  server.RaftServerConfigKeys (ConfUtils.java:logGet(43)) - raft.server.log.preallocated.size = 16384 (custom)
2019-09-25 11:53:07,779 [pool-137-thread-1] INFO  server.RaftServerConfigKeys (ConfUtils.java:logGet(43)) - raft.server.log.write.buffer.size = 33554432 (custom)
2019-09-25 11:53:07,779 [pool-137-thread-1] INFO  server.RaftServerConfigKeys (ConfUtils.java:logGet(43)) - raft.server.log.force.sync.num = 128 (default)
2019-09-25 11:53:07,780 [pool-137-thread-1] INFO  server.RaftServerConfigKeys (ConfUtils.java:logGet(43)) - raft.server.log.statemachine.data.sync = true (default)
2019-09-25 11:53:07,780 [pool-137-thread-1] INFO  server.RaftServerConfigKeys (ConfUtils.java:logGet(43)) - raft.server.log.statemachine.data.sync.timeout = 10s (default)
2019-09-25 11:53:07,780 [pool-137-thread-1] INFO  server.RaftServerConfigKeys (ConfUtils.java:logGet(43)) - raft.server.log.statemachine.data.sync.timeout.retry = -1 (default)
2019-09-25 11:53:07,780 [pool-137-thread-1] INFO  server.RaftServerConfigKeys (ConfUtils.java:logGet(43)) - raft.server.log.statemachine.data.caching.enabled = true (custom)
2019-09-25 11:53:07,780 [pool-137-thread-1] INFO  segmented.SegmentedRaftLogWorker (SegmentedRaftLogWorker.java:lambda$new$0(132)) - 1b364aeb-4436-4f90-ad4a-028e7293e309@group-7C0245DCDA83-SegmentedRaftLogWorker: flushIndex: setUnconditionally 0 -> -1
2019-09-25 11:53:07,781 [pool-137-thread-1] INFO  server.RaftServerConfigKeys (ConfUtils.java:logGet(43)) - raft.server.snapshot.auto.trigger.enabled = true (custom)
2019-09-25 11:53:07,781 [pool-137-thread-1] INFO  server.RaftServerConfigKeys (ConfUtils.java:logGet(43)) - raft.server.snapshot.auto.trigger.threshold = 10000 (custom)
2019-09-25 11:53:07,781 [pool-137-thread-1] INFO  server.RaftServerConfigKeys (ConfUtils.java:logGet(43)) - raft.server.snapshot.retention.num.files = 5 (custom)
2019-09-25 11:53:07,781 [pool-137-thread-1] INFO  server.RaftServerConfigKeys (ConfUtils.java:logGet(43)) - raft.server.retrycache.expirytime = 600000ms (custom)
2019-09-25 11:53:07,784 [pool-137-thread-1] INFO  impl.RaftServerImpl (RaftServerImpl.java:start(185)) - 1b364aeb-4436-4f90-ad4a-028e7293e309@group-7C0245DCDA83: start as a follower, conf=-1: [1b364aeb-4436-4f90-ad4a-028e7293e309:192.168.30.6:42018], old=null
2019-09-25 11:53:07,784 [pool-137-thread-1] INFO  impl.RaftServerImpl (RaftServerImpl.java:setRole(174)) - 1b364aeb-4436-4f90-ad4a-028e7293e309@group-7C0245DCDA83: changes role from      null to FOLLOWER at term 0 for startAsFollower
2019-09-25 11:53:07,784 [pool-137-thread-1] INFO  impl.RoleInfo (RoleInfo.java:updateAndGet(143)) - 1b364aeb-4436-4f90-ad4a-028e7293e309: start FollowerState
2019-09-25 11:53:07,784 [pool-137-thread-1] INFO  util.JmxRegister (JmxRegister.java:tryRegister(44)) - Successfully registered JMX Bean with object name Ratis:service=RaftServer,group=group-7C0245DCDA83,id=1b364aeb-4436-4f90-ad4a-028e7293e309
2019-09-25 11:53:07,789 [RatisPipelineUtilsThread] INFO  pipeline.PipelineStateManager (PipelineStateManager.java:addPipeline(56)) - Created pipeline Pipeline[ Id: 0523c3c4-500a-47cf-9110-7c0245dcda83, Nodes: 1b364aeb-4436-4f90-ad4a-028e7293e309{ip: 192.168.30.6, host: pr-hdds-1569-5gmkr-4255264070, networkLocation: /default-rack, certSerialId: null}, Type:RATIS, Factor:ONE, State:OPEN]
2019-09-25 11:53:07,789 [RatisPipelineUtilsThread] INFO  pipeline.PipelinePlacementPolicy (PipelinePlacementPolicy.java:meetCriteria(91)) - Pipeline Placement: can't place more pipeline on heavy datanode： b0fcdca4-42c6-4f14-bbe3-9c28c8ef5fa0 Heaviness: 6 limit: 5
2019-09-25 11:53:07,795 [grpc-default-executor-0] INFO  impl.RaftServerProxy (RaftServerProxy.java:addNew(89)) - 1b364aeb-4436-4f90-ad4a-028e7293e309: addNew group-B4F8F1D733C2:[1b364aeb-4436-4f90-ad4a-028e7293e309:192.168.30.6:42018] returns group-B4F8F1D733C2:java.util.concurrent.CompletableFuture@488fe05c[Not completed]
2019-09-25 11:53:07,796 [pool-137-thread-1] INFO  impl.RaftServerImpl (RaftServerImpl.java:<init>(95)) - 1b364aeb-4436-4f90-ad4a-028e7293e309: new RaftServerImpl for group-B4F8F1D733C2:[1b364aeb-4436-4f90-ad4a-028e7293e309:192.168.30.6:42018] with ContainerStateMachine:uninitialized
2019-09-25 11:53:07,797 [pool-137-thread-1] INFO  server.RaftServerConfigKeys (ConfUtils.java:logGet(43)) - raft.server.rpc.timeout.min = 5s (custom)
2019-09-25 11:53:07,797 [pool-137-thread-1] INFO  server.RaftServerConfigKeys (ConfUtils.java:logGet(43)) - raft.server.rpc.timeout.max = 5200ms (custom)
2019-09-25 11:53:07,797 [pool-137-thread-1] INFO  server.RaftServerConfigKeys (ConfUtils.java:logGet(43)) - raft.server.rpcslowness.timeout = 120s (custom)
2019-09-25 11:53:07,797 [pool-137-thread-1] INFO  server.RaftServerConfigKeys (ConfUtils.java:logGet(43)) - raft.server.sleep.deviation.threshold = 300 (default)
2019-09-25 11:53:07,797 [pool-137-thread-1] INFO  server.RaftServerConfigKeys (ConfUtils.java:logGet(43)) - raft.server.log.appender.install.snapshot.enabled = false (custom)
2019-09-25 11:53:07,797 [pool-137-thread-1] INFO  impl.RaftServerImpl (ServerState.java:<init>(103)) - 1b364aeb-4436-4f90-ad4a-028e7293e309@group-B4F8F1D733C2: ConfigurationManager, init=-1: [1b364aeb-4436-4f90-ad4a-028e7293e309:192.168.30.6:42018], old=null, confs=<EMPTY_MAP>
2019-09-25 11:53:07,797 [pool-137-thread-1] INFO  server.RaftServerConfigKeys (ConfUtils.java:logGet(43)) - raft.server.storage.dir = [/workdir/hadoop-ozone/ozonefs/target/test-dir/MiniOzoneClusterImpl-6cc5d9fe-62d6-4c5a-ace2-3095284a5ae3/datanode-1/data/ratis] (custom)
2019-09-25 11:53:07,798 [pool-137-thread-1] INFO  storage.RaftStorageDirectory (RaftStorageDirectory.java:analyzeStorage(246)) - The storage directory /workdir/hadoop-ozone/ozonefs/target/test-dir/MiniOzoneClusterImpl-6cc5d9fe-62d6-4c5a-ace2-3095284a5ae3/datanode-1/data/ratis/04a8e8de-19be-4d44-b09e-b4f8f1d733c2 does not exist. Creating ...
2019-09-25 11:53:07,811 [pool-137-thread-1] INFO  storage.RaftStorageDirectory (RaftStorageDirectory.java:tryLock(328)) - Lock on /workdir/hadoop-ozone/ozonefs/target/test-dir/MiniOzoneClusterImpl-6cc5d9fe-62d6-4c5a-ace2-3095284a5ae3/datanode-1/data/ratis/04a8e8de-19be-4d44-b09e-b4f8f1d733c2/in_use.lock acquired by nodename 25060@pr-hdds-1569-5gmkr-4255264070
2019-09-25 11:53:07,834 [pool-137-thread-1] INFO  storage.RaftStorage (RaftStorage.java:format(72)) - Storage directory /workdir/hadoop-ozone/ozonefs/target/test-dir/MiniOzoneClusterImpl-6cc5d9fe-62d6-4c5a-ace2-3095284a5ae3/datanode-1/data/ratis/04a8e8de-19be-4d44-b09e-b4f8f1d733c2 has been successfully formatted.
2019-09-25 11:53:07,835 [pool-137-thread-1] INFO  ratis.ContainerStateMachine (ContainerStateMachine.java:loadSnapshot(230)) - group-B4F8F1D733C2: The snapshot info is null. Setting the last applied indexto:(t:0, i:~)
2019-09-25 11:53:07,835 [pool-137-thread-1] INFO  server.RaftServerConfigKeys (ConfUtils.java:logGet(43)) - raft.server.notification.no-leader.timeout = 120s (custom)
2019-09-25 11:53:07,835 [pool-137-thread-1] INFO  server.RaftServerConfigKeys (ConfUtils.java:logGet(43)) - raft.server.log.use.memory = false (default)
2019-09-25 11:53:07,835 [pool-137-thread-1] INFO  server.RaftServerConfigKeys (ConfUtils.java:logGet(43)) - raft.server.log.purge.gap = 1000000 (custom)
2019-09-25 11:53:07,835 [pool-137-thread-1] INFO  server.RaftServerConfigKeys (ConfUtils.java:logGet(43)) - raft.server.log.appender.buffer.byte-limit = 33554432 (custom)
2019-09-25 11:53:07,835 [pool-137-thread-1] INFO  server.RaftServerConfigKeys (ConfUtils.java:logGet(43)) - raft.server.log.segment.size.max = 1048576 (custom)
2019-09-25 11:53:07,836 [pool-137-thread-1] INFO  server.RaftServerConfigKeys (ConfUtils.java:logGet(43)) - raft.server.log.segment.cache.num.max = 2 (custom)
2019-09-25 11:53:07,836 [pool-137-thread-1] INFO  segmented.SegmentedRaftLogWorker (SegmentedRaftLogWorker.java:<init>(172)) - new 1b364aeb-4436-4f90-ad4a-028e7293e309@group-B4F8F1D733C2-SegmentedRaftLogWorker for RaftStorage:Storage Directory /workdir/hadoop-ozone/ozonefs/target/test-dir/MiniOzoneClusterImpl-6cc5d9fe-62d6-4c5a-ace2-3095284a5ae3/datanode-1/data/ratis/04a8e8de-19be-4d44-b09e-b4f8f1d733c2
2019-09-25 11:53:07,836 [pool-137-thread-1] INFO  server.RaftServerConfigKeys (ConfUtils.java:logGet(43)) - raft.server.log.queue.byte-limit = 2147483647 (custom)
2019-09-25 11:53:07,836 [pool-137-thread-1] INFO  server.RaftServerConfigKeys (ConfUtils.java:logGet(43)) - raft.server.log.queue.element-limit = 1024 (custom)
2019-09-25 11:53:07,836 [pool-137-thread-1] INFO  server.RaftServerConfigKeys (ConfUtils.java:logGet(43)) - raft.server.log.segment.size.max = 1048576 (custom)
2019-09-25 11:53:07,836 [pool-137-thread-1] INFO  server.RaftServerConfigKeys (ConfUtils.java:logGet(43)) - raft.server.log.preallocated.size = 16384 (custom)
2019-09-25 11:53:07,837 [pool-137-thread-1] INFO  server.RaftServerConfigKeys (ConfUtils.java:logGet(43)) - raft.server.log.write.buffer.size = 33554432 (custom)
2019-09-25 11:53:07,837 [pool-137-thread-1] INFO  server.RaftServerConfigKeys (ConfUtils.java:logGet(43)) - raft.server.log.force.sync.num = 128 (default)
2019-09-25 11:53:07,837 [pool-137-thread-1] INFO  server.RaftServerConfigKeys (ConfUtils.java:logGet(43)) - raft.server.log.statemachine.data.sync = true (default)
2019-09-25 11:53:07,837 [pool-137-thread-1] INFO  server.RaftServerConfigKeys (ConfUtils.java:logGet(43)) - raft.server.log.statemachine.data.sync.timeout = 10s (default)
2019-09-25 11:53:07,837 [pool-137-thread-1] INFO  server.RaftServerConfigKeys (ConfUtils.java:logGet(43)) - raft.server.log.statemachine.data.sync.timeout.retry = -1 (default)
2019-09-25 11:53:07,838 [pool-137-thread-1] INFO  server.RaftServerConfigKeys (ConfUtils.java:logGet(43)) - raft.server.log.statemachine.data.caching.enabled = true (custom)
2019-09-25 11:53:07,838 [pool-137-thread-1] INFO  segmented.SegmentedRaftLogWorker (SegmentedRaftLogWorker.java:lambda$new$0(132)) - 1b364aeb-4436-4f90-ad4a-028e7293e309@group-B4F8F1D733C2-SegmentedRaftLogWorker: flushIndex: setUnconditionally 0 -> -1
2019-09-25 11:53:07,838 [pool-137-thread-1] INFO  server.RaftServerConfigKeys (ConfUtils.java:logGet(43)) - raft.server.snapshot.auto.trigger.enabled = true (custom)
2019-09-25 11:53:07,838 [pool-137-thread-1] INFO  server.RaftServerConfigKeys (ConfUtils.java:logGet(43)) - raft.server.snapshot.auto.trigger.threshold = 10000 (custom)
2019-09-25 11:53:07,839 [pool-137-thread-1] INFO  server.RaftServerConfigKeys (ConfUtils.java:logGet(43)) - raft.server.snapshot.retention.num.files = 5 (custom)
2019-09-25 11:53:07,839 [pool-137-thread-1] INFO  server.RaftServerConfigKeys (ConfUtils.java:logGet(43)) - raft.server.retrycache.expirytime = 600000ms (custom)
2019-09-25 11:53:07,842 [pool-137-thread-1] INFO  impl.RaftServerImpl (RaftServerImpl.java:start(185)) - 1b364aeb-4436-4f90-ad4a-028e7293e309@group-B4F8F1D733C2: start as a follower, conf=-1: [1b364aeb-4436-4f90-ad4a-028e7293e309:192.168.30.6:42018], old=null
2019-09-25 11:53:07,842 [pool-137-thread-1] INFO  impl.RaftServerImpl (RaftServerImpl.java:setRole(174)) - 1b364aeb-4436-4f90-ad4a-028e7293e309@group-B4F8F1D733C2: changes role from      null to FOLLOWER at term 0 for startAsFollower
2019-09-25 11:53:07,842 [pool-137-thread-1] INFO  impl.RoleInfo (RoleInfo.java:updateAndGet(143)) - 1b364aeb-4436-4f90-ad4a-028e7293e309: start FollowerState
2019-09-25 11:53:07,842 [pool-137-thread-1] INFO  util.JmxRegister (JmxRegister.java:tryRegister(44)) - Successfully registered JMX Bean with object name Ratis:service=RaftServer,group=group-B4F8F1D733C2,id=1b364aeb-4436-4f90-ad4a-028e7293e309
2019-09-25 11:53:07,846 [RatisPipelineUtilsThread] INFO  pipeline.PipelineStateManager (PipelineStateManager.java:addPipeline(56)) - Created pipeline Pipeline[ Id: 04a8e8de-19be-4d44-b09e-b4f8f1d733c2, Nodes: 1b364aeb-4436-4f90-ad4a-028e7293e309{ip: 192.168.30.6, host: pr-hdds-1569-5gmkr-4255264070, networkLocation: /default-rack, certSerialId: null}, Type:RATIS, Factor:ONE, State:OPEN]
2019-09-25 11:53:07,847 [RatisPipelineUtilsThread] INFO  pipeline.PipelinePlacementPolicy (PipelinePlacementPolicy.java:meetCriteria(91)) - Pipeline Placement: can't place more pipeline on heavy datanode： b0fcdca4-42c6-4f14-bbe3-9c28c8ef5fa0 Heaviness: 6 limit: 5
2019-09-25 11:53:07,853 [grpc-default-executor-0] INFO  impl.RaftServerProxy (RaftServerProxy.java:addNew(89)) - 1b364aeb-4436-4f90-ad4a-028e7293e309: addNew group-15B721E24113:[1b364aeb-4436-4f90-ad4a-028e7293e309:192.168.30.6:42018] returns group-15B721E24113:java.util.concurrent.CompletableFuture@172b75a6[Not completed]
2019-09-25 11:53:07,854 [pool-137-thread-1] INFO  impl.RaftServerImpl (RaftServerImpl.java:<init>(95)) - 1b364aeb-4436-4f90-ad4a-028e7293e309: new RaftServerImpl for group-15B721E24113:[1b364aeb-4436-4f90-ad4a-028e7293e309:192.168.30.6:42018] with ContainerStateMachine:uninitialized
2019-09-25 11:53:07,854 [pool-137-thread-1] INFO  server.RaftServerConfigKeys (ConfUtils.java:logGet(43)) - raft.server.rpc.timeout.min = 5s (custom)
2019-09-25 11:53:07,855 [pool-137-thread-1] INFO  server.RaftServerConfigKeys (ConfUtils.java:logGet(43)) - raft.server.rpc.timeout.max = 5200ms (custom)
2019-09-25 11:53:07,855 [pool-137-thread-1] INFO  server.RaftServerConfigKeys (ConfUtils.java:logGet(43)) - raft.server.rpcslowness.timeout = 120s (custom)
2019-09-25 11:53:07,855 [pool-137-thread-1] INFO  server.RaftServerConfigKeys (ConfUtils.java:logGet(43)) - raft.server.sleep.deviation.threshold = 300 (default)
2019-09-25 11:53:07,855 [pool-137-thread-1] INFO  server.RaftServerConfigKeys (ConfUtils.java:logGet(43)) - raft.server.log.appender.install.snapshot.enabled = false (custom)
2019-09-25 11:53:07,855 [pool-137-thread-1] INFO  impl.RaftServerImpl (ServerState.java:<init>(103)) - 1b364aeb-4436-4f90-ad4a-028e7293e309@group-15B721E24113: ConfigurationManager, init=-1: [1b364aeb-4436-4f90-ad4a-028e7293e309:192.168.30.6:42018], old=null, confs=<EMPTY_MAP>
2019-09-25 11:53:07,855 [pool-137-thread-1] INFO  server.RaftServerConfigKeys (ConfUtils.java:logGet(43)) - raft.server.storage.dir = [/workdir/hadoop-ozone/ozonefs/target/test-dir/MiniOzoneClusterImpl-6cc5d9fe-62d6-4c5a-ace2-3095284a5ae3/datanode-1/data/ratis] (custom)
2019-09-25 11:53:07,856 [pool-137-thread-1] INFO  storage.RaftStorageDirectory (RaftStorageDirectory.java:analyzeStorage(246)) - The storage directory /workdir/hadoop-ozone/ozonefs/target/test-dir/MiniOzoneClusterImpl-6cc5d9fe-62d6-4c5a-ace2-3095284a5ae3/datanode-1/data/ratis/3575a965-81ad-4bc6-b979-15b721e24113 does not exist. Creating ...
2019-09-25 11:53:07,869 [pool-137-thread-1] INFO  storage.RaftStorageDirectory (RaftStorageDirectory.java:tryLock(328)) - Lock on /workdir/hadoop-ozone/ozonefs/target/test-dir/MiniOzoneClusterImpl-6cc5d9fe-62d6-4c5a-ace2-3095284a5ae3/datanode-1/data/ratis/3575a965-81ad-4bc6-b979-15b721e24113/in_use.lock acquired by nodename 25060@pr-hdds-1569-5gmkr-4255264070
2019-09-25 11:53:07,883 [pool-137-thread-1] INFO  storage.RaftStorage (RaftStorage.java:format(72)) - Storage directory /workdir/hadoop-ozone/ozonefs/target/test-dir/MiniOzoneClusterImpl-6cc5d9fe-62d6-4c5a-ace2-3095284a5ae3/datanode-1/data/ratis/3575a965-81ad-4bc6-b979-15b721e24113 has been successfully formatted.
2019-09-25 11:53:07,883 [pool-137-thread-1] INFO  ratis.ContainerStateMachine (ContainerStateMachine.java:loadSnapshot(230)) - group-15B721E24113: The snapshot info is null. Setting the last applied indexto:(t:0, i:~)
2019-09-25 11:53:07,883 [pool-137-thread-1] INFO  server.RaftServerConfigKeys (ConfUtils.java:logGet(43)) - raft.server.notification.no-leader.timeout = 120s (custom)
2019-09-25 11:53:07,883 [pool-137-thread-1] INFO  server.RaftServerConfigKeys (ConfUtils.java:logGet(43)) - raft.server.log.use.memory = false (default)
2019-09-25 11:53:07,883 [pool-137-thread-1] INFO  server.RaftServerConfigKeys (ConfUtils.java:logGet(43)) - raft.server.log.purge.gap = 1000000 (custom)
2019-09-25 11:53:07,884 [pool-137-thread-1] INFO  server.RaftServerConfigKeys (ConfUtils.java:logGet(43)) - raft.server.log.appender.buffer.byte-limit = 33554432 (custom)
2019-09-25 11:53:07,884 [pool-137-thread-1] INFO  server.RaftServerConfigKeys (ConfUtils.java:logGet(43)) - raft.server.log.segment.size.max = 1048576 (custom)
2019-09-25 11:53:07,884 [pool-137-thread-1] INFO  server.RaftServerConfigKeys (ConfUtils.java:logGet(43)) - raft.server.log.segment.cache.num.max = 2 (custom)
2019-09-25 11:53:07,884 [pool-137-thread-1] INFO  segmented.SegmentedRaftLogWorker (SegmentedRaftLogWorker.java:<init>(172)) - new 1b364aeb-4436-4f90-ad4a-028e7293e309@group-15B721E24113-SegmentedRaftLogWorker for RaftStorage:Storage Directory /workdir/hadoop-ozone/ozonefs/target/test-dir/MiniOzoneClusterImpl-6cc5d9fe-62d6-4c5a-ace2-3095284a5ae3/datanode-1/data/ratis/3575a965-81ad-4bc6-b979-15b721e24113
2019-09-25 11:53:07,884 [pool-137-thread-1] INFO  server.RaftServerConfigKeys (ConfUtils.java:logGet(43)) - raft.server.log.queue.byte-limit = 2147483647 (custom)
2019-09-25 11:53:07,884 [pool-137-thread-1] INFO  server.RaftServerConfigKeys (ConfUtils.java:logGet(43)) - raft.server.log.queue.element-limit = 1024 (custom)
2019-09-25 11:53:07,885 [pool-137-thread-1] INFO  server.RaftServerConfigKeys (ConfUtils.java:logGet(43)) - raft.server.log.segment.size.max = 1048576 (custom)
2019-09-25 11:53:07,885 [pool-137-thread-1] INFO  server.RaftServerConfigKeys (ConfUtils.java:logGet(43)) - raft.server.log.preallocated.size = 16384 (custom)
2019-09-25 11:53:07,885 [pool-137-thread-1] INFO  server.RaftServerConfigKeys (ConfUtils.java:logGet(43)) - raft.server.log.write.buffer.size = 33554432 (custom)
2019-09-25 11:53:07,885 [pool-137-thread-1] INFO  server.RaftServerConfigKeys (ConfUtils.java:logGet(43)) - raft.server.log.force.sync.num = 128 (default)
2019-09-25 11:53:07,885 [pool-137-thread-1] INFO  server.RaftServerConfigKeys (ConfUtils.java:logGet(43)) - raft.server.log.statemachine.data.sync = true (default)
2019-09-25 11:53:07,885 [pool-137-thread-1] INFO  server.RaftServerConfigKeys (ConfUtils.java:logGet(43)) - raft.server.log.statemachine.data.sync.timeout = 10s (default)
2019-09-25 11:53:07,885 [pool-137-thread-1] INFO  server.RaftServerConfigKeys (ConfUtils.java:logGet(43)) - raft.server.log.statemachine.data.sync.timeout.retry = -1 (default)
2019-09-25 11:53:07,886 [pool-137-thread-1] INFO  server.RaftServerConfigKeys (ConfUtils.java:logGet(43)) - raft.server.log.statemachine.data.caching.enabled = true (custom)
2019-09-25 11:53:07,886 [pool-137-thread-1] INFO  segmented.SegmentedRaftLogWorker (SegmentedRaftLogWorker.java:lambda$new$0(132)) - 1b364aeb-4436-4f90-ad4a-028e7293e309@group-15B721E24113-SegmentedRaftLogWorker: flushIndex: setUnconditionally 0 -> -1
2019-09-25 11:53:07,886 [pool-137-thread-1] INFO  server.RaftServerConfigKeys (ConfUtils.java:logGet(43)) - raft.server.snapshot.auto.trigger.enabled = true (custom)
2019-09-25 11:53:07,887 [pool-137-thread-1] INFO  server.RaftServerConfigKeys (ConfUtils.java:logGet(43)) - raft.server.snapshot.auto.trigger.threshold = 10000 (custom)
2019-09-25 11:53:07,887 [pool-137-thread-1] INFO  server.RaftServerConfigKeys (ConfUtils.java:logGet(43)) - raft.server.snapshot.retention.num.files = 5 (custom)
2019-09-25 11:53:07,887 [pool-137-thread-1] INFO  server.RaftServerConfigKeys (ConfUtils.java:logGet(43)) - raft.server.retrycache.expirytime = 600000ms (custom)
2019-09-25 11:53:07,890 [pool-137-thread-1] INFO  impl.RaftServerImpl (RaftServerImpl.java:start(185)) - 1b364aeb-4436-4f90-ad4a-028e7293e309@group-15B721E24113: start as a follower, conf=-1: [1b364aeb-4436-4f90-ad4a-028e7293e309:192.168.30.6:42018], old=null
2019-09-25 11:53:07,890 [pool-137-thread-1] INFO  impl.RaftServerImpl (RaftServerImpl.java:setRole(174)) - 1b364aeb-4436-4f90-ad4a-028e7293e309@group-15B721E24113: changes role from      null to FOLLOWER at term 0 for startAsFollower
2019-09-25 11:53:07,890 [pool-137-thread-1] INFO  impl.RoleInfo (RoleInfo.java:updateAndGet(143)) - 1b364aeb-4436-4f90-ad4a-028e7293e309: start FollowerState
2019-09-25 11:53:07,890 [pool-137-thread-1] INFO  util.JmxRegister (JmxRegister.java:tryRegister(44)) - Successfully registered JMX Bean with object name Ratis:service=RaftServer,group=group-15B721E24113,id=1b364aeb-4436-4f90-ad4a-028e7293e309
2019-09-25 11:53:07,894 [RatisPipelineUtilsThread] INFO  pipeline.PipelineStateManager (PipelineStateManager.java:addPipeline(56)) - Created pipeline Pipeline[ Id: 3575a965-81ad-4bc6-b979-15b721e24113, Nodes: 1b364aeb-4436-4f90-ad4a-028e7293e309{ip: 192.168.30.6, host: pr-hdds-1569-5gmkr-4255264070, networkLocation: /default-rack, certSerialId: null}, Type:RATIS, Factor:ONE, State:OPEN]
2019-09-25 11:53:07,894 [RatisPipelineUtilsThread] INFO  pipeline.PipelinePlacementPolicy (PipelinePlacementPolicy.java:meetCriteria(91)) - Pipeline Placement: can't place more pipeline on heavy datanode： b0fcdca4-42c6-4f14-bbe3-9c28c8ef5fa0 Heaviness: 6 limit: 5
2019-09-25 11:53:07,901 [grpc-default-executor-0] INFO  impl.RaftServerProxy (RaftServerProxy.java:addNew(89)) - 1b364aeb-4436-4f90-ad4a-028e7293e309: addNew group-4DAECC91AF28:[1b364aeb-4436-4f90-ad4a-028e7293e309:192.168.30.6:42018] returns group-4DAECC91AF28:java.util.concurrent.CompletableFuture@75bf7a36[Not completed]
2019-09-25 11:53:07,902 [pool-137-thread-1] INFO  impl.RaftServerImpl (RaftServerImpl.java:<init>(95)) - 1b364aeb-4436-4f90-ad4a-028e7293e309: new RaftServerImpl for group-4DAECC91AF28:[1b364aeb-4436-4f90-ad4a-028e7293e309:192.168.30.6:42018] with ContainerStateMachine:uninitialized
2019-09-25 11:53:07,902 [pool-137-thread-1] INFO  server.RaftServerConfigKeys (ConfUtils.java:logGet(43)) - raft.server.rpc.timeout.min = 5s (custom)
2019-09-25 11:53:07,902 [pool-137-thread-1] INFO  server.RaftServerConfigKeys (ConfUtils.java:logGet(43)) - raft.server.rpc.timeout.max = 5200ms (custom)
2019-09-25 11:53:07,902 [pool-137-thread-1] INFO  server.RaftServerConfigKeys (ConfUtils.java:logGet(43)) - raft.server.rpcslowness.timeout = 120s (custom)
2019-09-25 11:53:07,902 [pool-137-thread-1] INFO  server.RaftServerConfigKeys (ConfUtils.java:logGet(43)) - raft.server.sleep.deviation.threshold = 300 (default)
2019-09-25 11:53:07,902 [pool-137-thread-1] INFO  server.RaftServerConfigKeys (ConfUtils.java:logGet(43)) - raft.server.log.appender.install.snapshot.enabled = false (custom)
2019-09-25 11:53:07,903 [pool-137-thread-1] INFO  impl.RaftServerImpl (ServerState.java:<init>(103)) - 1b364aeb-4436-4f90-ad4a-028e7293e309@group-4DAECC91AF28: ConfigurationManager, init=-1: [1b364aeb-4436-4f90-ad4a-028e7293e309:192.168.30.6:42018], old=null, confs=<EMPTY_MAP>
2019-09-25 11:53:07,903 [pool-137-thread-1] INFO  server.RaftServerConfigKeys (ConfUtils.java:logGet(43)) - raft.server.storage.dir = [/workdir/hadoop-ozone/ozonefs/target/test-dir/MiniOzoneClusterImpl-6cc5d9fe-62d6-4c5a-ace2-3095284a5ae3/datanode-1/data/ratis] (custom)
2019-09-25 11:53:07,903 [pool-137-thread-1] INFO  storage.RaftStorageDirectory (RaftStorageDirectory.java:analyzeStorage(246)) - The storage directory /workdir/hadoop-ozone/ozonefs/target/test-dir/MiniOzoneClusterImpl-6cc5d9fe-62d6-4c5a-ace2-3095284a5ae3/datanode-1/data/ratis/63a153f5-5ac7-4864-ab95-4daecc91af28 does not exist. Creating ...
2019-09-25 11:53:07,917 [pool-137-thread-1] INFO  storage.RaftStorageDirectory (RaftStorageDirectory.java:tryLock(328)) - Lock on /workdir/hadoop-ozone/ozonefs/target/test-dir/MiniOzoneClusterImpl-6cc5d9fe-62d6-4c5a-ace2-3095284a5ae3/datanode-1/data/ratis/63a153f5-5ac7-4864-ab95-4daecc91af28/in_use.lock acquired by nodename 25060@pr-hdds-1569-5gmkr-4255264070
2019-09-25 11:53:07,931 [pool-137-thread-1] INFO  storage.RaftStorage (RaftStorage.java:format(72)) - Storage directory /workdir/hadoop-ozone/ozonefs/target/test-dir/MiniOzoneClusterImpl-6cc5d9fe-62d6-4c5a-ace2-3095284a5ae3/datanode-1/data/ratis/63a153f5-5ac7-4864-ab95-4daecc91af28 has been successfully formatted.
2019-09-25 11:53:07,931 [pool-137-thread-1] INFO  ratis.ContainerStateMachine (ContainerStateMachine.java:loadSnapshot(230)) - group-4DAECC91AF28: The snapshot info is null. Setting the last applied indexto:(t:0, i:~)
2019-09-25 11:53:07,931 [pool-137-thread-1] INFO  server.RaftServerConfigKeys (ConfUtils.java:logGet(43)) - raft.server.notification.no-leader.timeout = 120s (custom)
2019-09-25 11:53:07,931 [pool-137-thread-1] INFO  server.RaftServerConfigKeys (ConfUtils.java:logGet(43)) - raft.server.log.use.memory = false (default)
2019-09-25 11:53:07,932 [pool-137-thread-1] INFO  server.RaftServerConfigKeys (ConfUtils.java:logGet(43)) - raft.server.log.purge.gap = 1000000 (custom)
2019-09-25 11:53:07,932 [pool-137-thread-1] INFO  server.RaftServerConfigKeys (ConfUtils.java:logGet(43)) - raft.server.log.appender.buffer.byte-limit = 33554432 (custom)
2019-09-25 11:53:07,932 [pool-137-thread-1] INFO  server.RaftServerConfigKeys (ConfUtils.java:logGet(43)) - raft.server.log.segment.size.max = 1048576 (custom)
2019-09-25 11:53:07,932 [pool-137-thread-1] INFO  server.RaftServerConfigKeys (ConfUtils.java:logGet(43)) - raft.server.log.segment.cache.num.max = 2 (custom)
2019-09-25 11:53:07,932 [pool-137-thread-1] INFO  segmented.SegmentedRaftLogWorker (SegmentedRaftLogWorker.java:<init>(172)) - new 1b364aeb-4436-4f90-ad4a-028e7293e309@group-4DAECC91AF28-SegmentedRaftLogWorker for RaftStorage:Storage Directory /workdir/hadoop-ozone/ozonefs/target/test-dir/MiniOzoneClusterImpl-6cc5d9fe-62d6-4c5a-ace2-3095284a5ae3/datanode-1/data/ratis/63a153f5-5ac7-4864-ab95-4daecc91af28
2019-09-25 11:53:07,932 [pool-137-thread-1] INFO  server.RaftServerConfigKeys (ConfUtils.java:logGet(43)) - raft.server.log.queue.byte-limit = 2147483647 (custom)
2019-09-25 11:53:07,932 [pool-137-thread-1] INFO  server.RaftServerConfigKeys (ConfUtils.java:logGet(43)) - raft.server.log.queue.element-limit = 1024 (custom)
2019-09-25 11:53:07,933 [pool-137-thread-1] INFO  server.RaftServerConfigKeys (ConfUtils.java:logGet(43)) - raft.server.log.segment.size.max = 1048576 (custom)
2019-09-25 11:53:07,933 [pool-137-thread-1] INFO  server.RaftServerConfigKeys (ConfUtils.java:logGet(43)) - raft.server.log.preallocated.size = 16384 (custom)
2019-09-25 11:53:07,933 [pool-137-thread-1] INFO  server.RaftServerConfigKeys (ConfUtils.java:logGet(43)) - raft.server.log.write.buffer.size = 33554432 (custom)
2019-09-25 11:53:07,933 [pool-137-thread-1] INFO  server.RaftServerConfigKeys (ConfUtils.java:logGet(43)) - raft.server.log.force.sync.num = 128 (default)
2019-09-25 11:53:07,933 [pool-137-thread-1] INFO  server.RaftServerConfigKeys (ConfUtils.java:logGet(43)) - raft.server.log.statemachine.data.sync = true (default)
2019-09-25 11:53:07,933 [pool-137-thread-1] INFO  server.RaftServerConfigKeys (ConfUtils.java:logGet(43)) - raft.server.log.statemachine.data.sync.timeout = 10s (default)
2019-09-25 11:53:07,934 [pool-137-thread-1] INFO  server.RaftServerConfigKeys (ConfUtils.java:logGet(43)) - raft.server.log.statemachine.data.sync.timeout.retry = -1 (default)
2019-09-25 11:53:07,934 [pool-137-thread-1] INFO  server.RaftServerConfigKeys (ConfUtils.java:logGet(43)) - raft.server.log.statemachine.data.caching.enabled = true (custom)
2019-09-25 11:53:07,934 [pool-137-thread-1] INFO  segmented.SegmentedRaftLogWorker (SegmentedRaftLogWorker.java:lambda$new$0(132)) - 1b364aeb-4436-4f90-ad4a-028e7293e309@group-4DAECC91AF28-SegmentedRaftLogWorker: flushIndex: setUnconditionally 0 -> -1
2019-09-25 11:53:07,934 [pool-137-thread-1] INFO  server.RaftServerConfigKeys (ConfUtils.java:logGet(43)) - raft.server.snapshot.auto.trigger.enabled = true (custom)
2019-09-25 11:53:07,935 [pool-137-thread-1] INFO  server.RaftServerConfigKeys (ConfUtils.java:logGet(43)) - raft.server.snapshot.auto.trigger.threshold = 10000 (custom)
2019-09-25 11:53:07,935 [pool-137-thread-1] INFO  server.RaftServerConfigKeys (ConfUtils.java:logGet(43)) - raft.server.snapshot.retention.num.files = 5 (custom)
2019-09-25 11:53:07,935 [pool-137-thread-1] INFO  server.RaftServerConfigKeys (ConfUtils.java:logGet(43)) - raft.server.retrycache.expirytime = 600000ms (custom)
2019-09-25 11:53:07,937 [pool-137-thread-1] INFO  impl.RaftServerImpl (RaftServerImpl.java:start(185)) - 1b364aeb-4436-4f90-ad4a-028e7293e309@group-4DAECC91AF28: start as a follower, conf=-1: [1b364aeb-4436-4f90-ad4a-028e7293e309:192.168.30.6:42018], old=null
2019-09-25 11:53:07,938 [pool-137-thread-1] INFO  impl.RaftServerImpl (RaftServerImpl.java:setRole(174)) - 1b364aeb-4436-4f90-ad4a-028e7293e309@group-4DAECC91AF28: changes role from      null to FOLLOWER at term 0 for startAsFollower
2019-09-25 11:53:07,938 [pool-137-thread-1] INFO  impl.RoleInfo (RoleInfo.java:updateAndGet(143)) - 1b364aeb-4436-4f90-ad4a-028e7293e309: start FollowerState
2019-09-25 11:53:07,938 [pool-137-thread-1] INFO  util.JmxRegister (JmxRegister.java:tryRegister(44)) - Successfully registered JMX Bean with object name Ratis:service=RaftServer,group=group-4DAECC91AF28,id=1b364aeb-4436-4f90-ad4a-028e7293e309
2019-09-25 11:53:07,942 [RatisPipelineUtilsThread] INFO  pipeline.PipelineStateManager (PipelineStateManager.java:addPipeline(56)) - Created pipeline Pipeline[ Id: 63a153f5-5ac7-4864-ab95-4daecc91af28, Nodes: 1b364aeb-4436-4f90-ad4a-028e7293e309{ip: 192.168.30.6, host: pr-hdds-1569-5gmkr-4255264070, networkLocation: /default-rack, certSerialId: null}, Type:RATIS, Factor:ONE, State:OPEN]
2019-09-25 11:53:07,942 [RatisPipelineUtilsThread] INFO  pipeline.PipelinePlacementPolicy (PipelinePlacementPolicy.java:meetCriteria(91)) - Pipeline Placement: can't place more pipeline on heavy datanode： b0fcdca4-42c6-4f14-bbe3-9c28c8ef5fa0 Heaviness: 6 limit: 5
2019-09-25 11:53:07,949 [grpc-default-executor-0] INFO  impl.RaftServerProxy (RaftServerProxy.java:addNew(89)) - 1b364aeb-4436-4f90-ad4a-028e7293e309: addNew group-75F136E44217:[1b364aeb-4436-4f90-ad4a-028e7293e309:192.168.30.6:42018] returns group-75F136E44217:java.util.concurrent.CompletableFuture@5b132c49[Not completed]
2019-09-25 11:53:07,950 [pool-137-thread-1] INFO  impl.RaftServerImpl (RaftServerImpl.java:<init>(95)) - 1b364aeb-4436-4f90-ad4a-028e7293e309: new RaftServerImpl for group-75F136E44217:[1b364aeb-4436-4f90-ad4a-028e7293e309:192.168.30.6:42018] with ContainerStateMachine:uninitialized
2019-09-25 11:53:07,950 [pool-137-thread-1] INFO  server.RaftServerConfigKeys (ConfUtils.java:logGet(43)) - raft.server.rpc.timeout.min = 5s (custom)
2019-09-25 11:53:07,951 [pool-137-thread-1] INFO  server.RaftServerConfigKeys (ConfUtils.java:logGet(43)) - raft.server.rpc.timeout.max = 5200ms (custom)
2019-09-25 11:53:07,951 [pool-137-thread-1] INFO  server.RaftServerConfigKeys (ConfUtils.java:logGet(43)) - raft.server.rpcslowness.timeout = 120s (custom)
2019-09-25 11:53:07,951 [pool-137-thread-1] INFO  server.RaftServerConfigKeys (ConfUtils.java:logGet(43)) - raft.server.sleep.deviation.threshold = 300 (default)
2019-09-25 11:53:07,951 [pool-137-thread-1] INFO  server.RaftServerConfigKeys (ConfUtils.java:logGet(43)) - raft.server.log.appender.install.snapshot.enabled = false (custom)
2019-09-25 11:53:07,951 [pool-137-thread-1] INFO  impl.RaftServerImpl (ServerState.java:<init>(103)) - 1b364aeb-4436-4f90-ad4a-028e7293e309@group-75F136E44217: ConfigurationManager, init=-1: [1b364aeb-4436-4f90-ad4a-028e7293e309:192.168.30.6:42018], old=null, confs=<EMPTY_MAP>
2019-09-25 11:53:07,951 [pool-137-thread-1] INFO  server.RaftServerConfigKeys (ConfUtils.java:logGet(43)) - raft.server.storage.dir = [/workdir/hadoop-ozone/ozonefs/target/test-dir/MiniOzoneClusterImpl-6cc5d9fe-62d6-4c5a-ace2-3095284a5ae3/datanode-1/data/ratis] (custom)
2019-09-25 11:53:07,952 [pool-137-thread-1] INFO  storage.RaftStorageDirectory (RaftStorageDirectory.java:analyzeStorage(246)) - The storage directory /workdir/hadoop-ozone/ozonefs/target/test-dir/MiniOzoneClusterImpl-6cc5d9fe-62d6-4c5a-ace2-3095284a5ae3/datanode-1/data/ratis/100593a7-61ae-4d4e-b4cd-75f136e44217 does not exist. Creating ...
2019-09-25 11:53:07,965 [pool-137-thread-1] INFO  storage.RaftStorageDirectory (RaftStorageDirectory.java:tryLock(328)) - Lock on /workdir/hadoop-ozone/ozonefs/target/test-dir/MiniOzoneClusterImpl-6cc5d9fe-62d6-4c5a-ace2-3095284a5ae3/datanode-1/data/ratis/100593a7-61ae-4d4e-b4cd-75f136e44217/in_use.lock acquired by nodename 25060@pr-hdds-1569-5gmkr-4255264070
2019-09-25 11:53:07,978 [pool-137-thread-1] INFO  storage.RaftStorage (RaftStorage.java:format(72)) - Storage directory /workdir/hadoop-ozone/ozonefs/target/test-dir/MiniOzoneClusterImpl-6cc5d9fe-62d6-4c5a-ace2-3095284a5ae3/datanode-1/data/ratis/100593a7-61ae-4d4e-b4cd-75f136e44217 has been successfully formatted.
2019-09-25 11:53:07,978 [pool-137-thread-1] INFO  ratis.ContainerStateMachine (ContainerStateMachine.java:loadSnapshot(230)) - group-75F136E44217: The snapshot info is null. Setting the last applied indexto:(t:0, i:~)
2019-09-25 11:53:07,979 [pool-137-thread-1] INFO  server.RaftServerConfigKeys (ConfUtils.java:logGet(43)) - raft.server.notification.no-leader.timeout = 120s (custom)
2019-09-25 11:53:07,979 [pool-137-thread-1] INFO  server.RaftServerConfigKeys (ConfUtils.java:logGet(43)) - raft.server.log.use.memory = false (default)
2019-09-25 11:53:07,979 [pool-137-thread-1] INFO  server.RaftServerConfigKeys (ConfUtils.java:logGet(43)) - raft.server.log.purge.gap = 1000000 (custom)
2019-09-25 11:53:07,979 [pool-137-thread-1] INFO  server.RaftServerConfigKeys (ConfUtils.java:logGet(43)) - raft.server.log.appender.buffer.byte-limit = 33554432 (custom)
2019-09-25 11:53:07,979 [pool-137-thread-1] INFO  server.RaftServerConfigKeys (ConfUtils.java:logGet(43)) - raft.server.log.segment.size.max = 1048576 (custom)
2019-09-25 11:53:07,979 [pool-137-thread-1] INFO  server.RaftServerConfigKeys (ConfUtils.java:logGet(43)) - raft.server.log.segment.cache.num.max = 2 (custom)
2019-09-25 11:53:07,979 [pool-137-thread-1] INFO  segmented.SegmentedRaftLogWorker (SegmentedRaftLogWorker.java:<init>(172)) - new 1b364aeb-4436-4f90-ad4a-028e7293e309@group-75F136E44217-SegmentedRaftLogWorker for RaftStorage:Storage Directory /workdir/hadoop-ozone/ozonefs/target/test-dir/MiniOzoneClusterImpl-6cc5d9fe-62d6-4c5a-ace2-3095284a5ae3/datanode-1/data/ratis/100593a7-61ae-4d4e-b4cd-75f136e44217
2019-09-25 11:53:07,980 [pool-137-thread-1] INFO  server.RaftServerConfigKeys (ConfUtils.java:logGet(43)) - raft.server.log.queue.byte-limit = 2147483647 (custom)
2019-09-25 11:53:07,980 [pool-137-thread-1] INFO  server.RaftServerConfigKeys (ConfUtils.java:logGet(43)) - raft.server.log.queue.element-limit = 1024 (custom)
2019-09-25 11:53:07,980 [pool-137-thread-1] INFO  server.RaftServerConfigKeys (ConfUtils.java:logGet(43)) - raft.server.log.segment.size.max = 1048576 (custom)
2019-09-25 11:53:07,980 [pool-137-thread-1] INFO  server.RaftServerConfigKeys (ConfUtils.java:logGet(43)) - raft.server.log.preallocated.size = 16384 (custom)
2019-09-25 11:53:07,980 [pool-137-thread-1] INFO  server.RaftServerConfigKeys (ConfUtils.java:logGet(43)) - raft.server.log.write.buffer.size = 33554432 (custom)
2019-09-25 11:53:07,980 [pool-137-thread-1] INFO  server.RaftServerConfigKeys (ConfUtils.java:logGet(43)) - raft.server.log.force.sync.num = 128 (default)
2019-09-25 11:53:07,980 [pool-137-thread-1] INFO  server.RaftServerConfigKeys (ConfUtils.java:logGet(43)) - raft.server.log.statemachine.data.sync = true (default)
2019-09-25 11:53:07,981 [pool-137-thread-1] INFO  server.RaftServerConfigKeys (ConfUtils.java:logGet(43)) - raft.server.log.statemachine.data.sync.timeout = 10s (default)
2019-09-25 11:53:07,981 [pool-137-thread-1] INFO  server.RaftServerConfigKeys (ConfUtils.java:logGet(43)) - raft.server.log.statemachine.data.sync.timeout.retry = -1 (default)
2019-09-25 11:53:07,981 [pool-137-thread-1] INFO  server.RaftServerConfigKeys (ConfUtils.java:logGet(43)) - raft.server.log.statemachine.data.caching.enabled = true (custom)
2019-09-25 11:53:07,981 [pool-137-thread-1] INFO  segmented.SegmentedRaftLogWorker (SegmentedRaftLogWorker.java:lambda$new$0(132)) - 1b364aeb-4436-4f90-ad4a-028e7293e309@group-75F136E44217-SegmentedRaftLogWorker: flushIndex: setUnconditionally 0 -> -1
2019-09-25 11:53:07,982 [pool-137-thread-1] INFO  server.RaftServerConfigKeys (ConfUtils.java:logGet(43)) - raft.server.snapshot.auto.trigger.enabled = true (custom)
2019-09-25 11:53:07,982 [pool-137-thread-1] INFO  server.RaftServerConfigKeys (ConfUtils.java:logGet(43)) - raft.server.snapshot.auto.trigger.threshold = 10000 (custom)
2019-09-25 11:53:07,982 [pool-137-thread-1] INFO  server.RaftServerConfigKeys (ConfUtils.java:logGet(43)) - raft.server.snapshot.retention.num.files = 5 (custom)
2019-09-25 11:53:07,982 [pool-137-thread-1] INFO  server.RaftServerConfigKeys (ConfUtils.java:logGet(43)) - raft.server.retrycache.expirytime = 600000ms (custom)
2019-09-25 11:53:07,984 [pool-137-thread-1] INFO  impl.RaftServerImpl (RaftServerImpl.java:start(185)) - 1b364aeb-4436-4f90-ad4a-028e7293e309@group-75F136E44217: start as a follower, conf=-1: [1b364aeb-4436-4f90-ad4a-028e7293e309:192.168.30.6:42018], old=null
2019-09-25 11:53:07,985 [pool-137-thread-1] INFO  impl.RaftServerImpl (RaftServerImpl.java:setRole(174)) - 1b364aeb-4436-4f90-ad4a-028e7293e309@group-75F136E44217: changes role from      null to FOLLOWER at term 0 for startAsFollower
2019-09-25 11:53:07,985 [pool-137-thread-1] INFO  impl.RoleInfo (RoleInfo.java:updateAndGet(143)) - 1b364aeb-4436-4f90-ad4a-028e7293e309: start FollowerState
2019-09-25 11:53:07,985 [pool-137-thread-1] INFO  util.JmxRegister (JmxRegister.java:tryRegister(44)) - Successfully registered JMX Bean with object name Ratis:service=RaftServer,group=group-75F136E44217,id=1b364aeb-4436-4f90-ad4a-028e7293e309
2019-09-25 11:53:07,989 [RatisPipelineUtilsThread] INFO  pipeline.PipelineStateManager (PipelineStateManager.java:addPipeline(56)) - Created pipeline Pipeline[ Id: 100593a7-61ae-4d4e-b4cd-75f136e44217, Nodes: 1b364aeb-4436-4f90-ad4a-028e7293e309{ip: 192.168.30.6, host: pr-hdds-1569-5gmkr-4255264070, networkLocation: /default-rack, certSerialId: null}, Type:RATIS, Factor:ONE, State:OPEN]
2019-09-25 11:53:07,989 [RatisPipelineUtilsThread] INFO  pipeline.PipelinePlacementPolicy (PipelinePlacementPolicy.java:meetCriteria(91)) - Pipeline Placement: can't place more pipeline on heavy datanode： 1b364aeb-4436-4f90-ad4a-028e7293e309 Heaviness: 6 limit: 5
2019-09-25 11:53:07,990 [RatisPipelineUtilsThread] INFO  pipeline.PipelinePlacementPolicy (PipelinePlacementPolicy.java:meetCriteria(91)) - Pipeline Placement: can't place more pipeline on heavy datanode： b0fcdca4-42c6-4f14-bbe3-9c28c8ef5fa0 Heaviness: 6 limit: 5
2019-09-25 11:53:08,000 [grpc-default-executor-0] INFO  impl.RaftServerProxy (RaftServerProxy.java:addNew(89)) - 92c2e3dd-e0c1-4b1f-96bb-d8ce5a005ea4: addNew group-F8155A53D7D0:[92c2e3dd-e0c1-4b1f-96bb-d8ce5a005ea4:192.168.30.6:40059] returns group-F8155A53D7D0:java.util.concurrent.CompletableFuture@608917aa[Not completed]
2019-09-25 11:53:08,002 [pool-147-thread-1] INFO  impl.RaftServerImpl (RaftServerImpl.java:<init>(95)) - 92c2e3dd-e0c1-4b1f-96bb-d8ce5a005ea4: new RaftServerImpl for group-F8155A53D7D0:[92c2e3dd-e0c1-4b1f-96bb-d8ce5a005ea4:192.168.30.6:40059] with ContainerStateMachine:uninitialized
2019-09-25 11:53:08,002 [pool-147-thread-1] INFO  server.RaftServerConfigKeys (ConfUtils.java:logGet(43)) - raft.server.rpc.timeout.min = 5s (custom)
2019-09-25 11:53:08,002 [pool-147-thread-1] INFO  server.RaftServerConfigKeys (ConfUtils.java:logGet(43)) - raft.server.rpc.timeout.max = 5200ms (custom)
2019-09-25 11:53:08,002 [pool-147-thread-1] INFO  server.RaftServerConfigKeys (ConfUtils.java:logGet(43)) - raft.server.rpcslowness.timeout = 120s (custom)
2019-09-25 11:53:08,002 [pool-147-thread-1] INFO  server.RaftServerConfigKeys (ConfUtils.java:logGet(43)) - raft.server.sleep.deviation.threshold = 300 (default)
2019-09-25 11:53:08,002 [pool-147-thread-1] INFO  server.RaftServerConfigKeys (ConfUtils.java:logGet(43)) - raft.server.log.appender.install.snapshot.enabled = false (custom)
2019-09-25 11:53:08,003 [pool-147-thread-1] INFO  impl.RaftServerImpl (ServerState.java:<init>(103)) - 92c2e3dd-e0c1-4b1f-96bb-d8ce5a005ea4@group-F8155A53D7D0: ConfigurationManager, init=-1: [92c2e3dd-e0c1-4b1f-96bb-d8ce5a005ea4:192.168.30.6:40059], old=null, confs=<EMPTY_MAP>
2019-09-25 11:53:08,003 [pool-147-thread-1] INFO  server.RaftServerConfigKeys (ConfUtils.java:logGet(43)) - raft.server.storage.dir = [/workdir/hadoop-ozone/ozonefs/target/test-dir/MiniOzoneClusterImpl-6cc5d9fe-62d6-4c5a-ace2-3095284a5ae3/datanode-2/data/ratis] (custom)
2019-09-25 11:53:08,003 [pool-147-thread-1] INFO  storage.RaftStorageDirectory (RaftStorageDirectory.java:analyzeStorage(246)) - The storage directory /workdir/hadoop-ozone/ozonefs/target/test-dir/MiniOzoneClusterImpl-6cc5d9fe-62d6-4c5a-ace2-3095284a5ae3/datanode-2/data/ratis/a516099d-ff82-4943-8ff1-f8155a53d7d0 does not exist. Creating ...
2019-09-25 11:53:08,017 [pool-147-thread-1] INFO  storage.RaftStorageDirectory (RaftStorageDirectory.java:tryLock(328)) - Lock on /workdir/hadoop-ozone/ozonefs/target/test-dir/MiniOzoneClusterImpl-6cc5d9fe-62d6-4c5a-ace2-3095284a5ae3/datanode-2/data/ratis/a516099d-ff82-4943-8ff1-f8155a53d7d0/in_use.lock acquired by nodename 25060@pr-hdds-1569-5gmkr-4255264070
2019-09-25 11:53:08,030 [pool-147-thread-1] INFO  storage.RaftStorage (RaftStorage.java:format(72)) - Storage directory /workdir/hadoop-ozone/ozonefs/target/test-dir/MiniOzoneClusterImpl-6cc5d9fe-62d6-4c5a-ace2-3095284a5ae3/datanode-2/data/ratis/a516099d-ff82-4943-8ff1-f8155a53d7d0 has been successfully formatted.
2019-09-25 11:53:08,031 [pool-147-thread-1] INFO  ratis.ContainerStateMachine (ContainerStateMachine.java:loadSnapshot(230)) - group-F8155A53D7D0: The snapshot info is null. Setting the last applied indexto:(t:0, i:~)
2019-09-25 11:53:08,031 [pool-147-thread-1] INFO  server.RaftServerConfigKeys (ConfUtils.java:logGet(43)) - raft.server.notification.no-leader.timeout = 120s (custom)
2019-09-25 11:53:08,031 [pool-147-thread-1] INFO  server.RaftServerConfigKeys (ConfUtils.java:logGet(43)) - raft.server.log.use.memory = false (default)
2019-09-25 11:53:08,031 [pool-147-thread-1] INFO  server.RaftServerConfigKeys (ConfUtils.java:logGet(43)) - raft.server.log.purge.gap = 1000000 (custom)
2019-09-25 11:53:08,031 [pool-147-thread-1] INFO  server.RaftServerConfigKeys (ConfUtils.java:logGet(43)) - raft.server.log.appender.buffer.byte-limit = 33554432 (custom)
2019-09-25 11:53:08,032 [pool-147-thread-1] INFO  server.RaftServerConfigKeys (ConfUtils.java:logGet(43)) - raft.server.log.segment.size.max = 1048576 (custom)
2019-09-25 11:53:08,032 [pool-147-thread-1] INFO  server.RaftServerConfigKeys (ConfUtils.java:logGet(43)) - raft.server.log.segment.cache.num.max = 2 (custom)
2019-09-25 11:53:08,032 [pool-147-thread-1] INFO  segmented.SegmentedRaftLogWorker (SegmentedRaftLogWorker.java:<init>(172)) - new 92c2e3dd-e0c1-4b1f-96bb-d8ce5a005ea4@group-F8155A53D7D0-SegmentedRaftLogWorker for RaftStorage:Storage Directory /workdir/hadoop-ozone/ozonefs/target/test-dir/MiniOzoneClusterImpl-6cc5d9fe-62d6-4c5a-ace2-3095284a5ae3/datanode-2/data/ratis/a516099d-ff82-4943-8ff1-f8155a53d7d0
2019-09-25 11:53:08,034 [pool-147-thread-1] INFO  server.RaftServerConfigKeys (ConfUtils.java:logGet(43)) - raft.server.log.queue.byte-limit = 2147483647 (custom)
2019-09-25 11:53:08,034 [pool-147-thread-1] INFO  server.RaftServerConfigKeys (ConfUtils.java:logGet(43)) - raft.server.log.queue.element-limit = 1024 (custom)
2019-09-25 11:53:08,035 [pool-147-thread-1] INFO  server.RaftServerConfigKeys (ConfUtils.java:logGet(43)) - raft.server.log.segment.size.max = 1048576 (custom)
2019-09-25 11:53:08,035 [pool-147-thread-1] INFO  server.RaftServerConfigKeys (ConfUtils.java:logGet(43)) - raft.server.log.preallocated.size = 16384 (custom)
2019-09-25 11:53:08,035 [pool-147-thread-1] INFO  server.RaftServerConfigKeys (ConfUtils.java:logGet(43)) - raft.server.log.write.buffer.size = 33554432 (custom)
2019-09-25 11:53:08,035 [pool-147-thread-1] INFO  server.RaftServerConfigKeys (ConfUtils.java:logGet(43)) - raft.server.log.force.sync.num = 128 (default)
2019-09-25 11:53:08,035 [pool-147-thread-1] INFO  server.RaftServerConfigKeys (ConfUtils.java:logGet(43)) - raft.server.log.statemachine.data.sync = true (default)
2019-09-25 11:53:08,035 [pool-147-thread-1] INFO  server.RaftServerConfigKeys (ConfUtils.java:logGet(43)) - raft.server.log.statemachine.data.sync.timeout = 10s (default)
2019-09-25 11:53:08,035 [pool-147-thread-1] INFO  server.RaftServerConfigKeys (ConfUtils.java:logGet(43)) - raft.server.log.statemachine.data.sync.timeout.retry = -1 (default)
2019-09-25 11:53:08,036 [pool-147-thread-1] INFO  server.RaftServerConfigKeys (ConfUtils.java:logGet(43)) - raft.server.log.statemachine.data.caching.enabled = true (custom)
2019-09-25 11:53:08,036 [pool-147-thread-1] INFO  segmented.SegmentedRaftLogWorker (SegmentedRaftLogWorker.java:lambda$new$0(132)) - 92c2e3dd-e0c1-4b1f-96bb-d8ce5a005ea4@group-F8155A53D7D0-SegmentedRaftLogWorker: flushIndex: setUnconditionally 0 -> -1
2019-09-25 11:53:08,036 [pool-147-thread-1] INFO  server.RaftServerConfigKeys (ConfUtils.java:logGet(43)) - raft.server.snapshot.auto.trigger.enabled = true (custom)
2019-09-25 11:53:08,037 [pool-147-thread-1] INFO  server.RaftServerConfigKeys (ConfUtils.java:logGet(43)) - raft.server.snapshot.auto.trigger.threshold = 10000 (custom)
2019-09-25 11:53:08,037 [pool-147-thread-1] INFO  server.RaftServerConfigKeys (ConfUtils.java:logGet(43)) - raft.server.snapshot.retention.num.files = 5 (custom)
2019-09-25 11:53:08,037 [pool-147-thread-1] INFO  server.RaftServerConfigKeys (ConfUtils.java:logGet(43)) - raft.server.retrycache.expirytime = 600000ms (custom)
2019-09-25 11:53:08,039 [pool-147-thread-1] INFO  impl.RaftServerImpl (RaftServerImpl.java:start(185)) - 92c2e3dd-e0c1-4b1f-96bb-d8ce5a005ea4@group-F8155A53D7D0: start as a follower, conf=-1: [92c2e3dd-e0c1-4b1f-96bb-d8ce5a005ea4:192.168.30.6:40059], old=null
2019-09-25 11:53:08,039 [pool-147-thread-1] INFO  impl.RaftServerImpl (RaftServerImpl.java:setRole(174)) - 92c2e3dd-e0c1-4b1f-96bb-d8ce5a005ea4@group-F8155A53D7D0: changes role from      null to FOLLOWER at term 0 for startAsFollower
2019-09-25 11:53:08,039 [pool-147-thread-1] INFO  impl.RoleInfo (RoleInfo.java:updateAndGet(143)) - 92c2e3dd-e0c1-4b1f-96bb-d8ce5a005ea4: start FollowerState
2019-09-25 11:53:08,040 [pool-147-thread-1] INFO  util.JmxRegister (JmxRegister.java:tryRegister(44)) - Successfully registered JMX Bean with object name Ratis:service=RaftServer,group=group-F8155A53D7D0,id=92c2e3dd-e0c1-4b1f-96bb-d8ce5a005ea4
2019-09-25 11:53:08,045 [RatisPipelineUtilsThread] INFO  pipeline.PipelineStateManager (PipelineStateManager.java:addPipeline(56)) - Created pipeline Pipeline[ Id: a516099d-ff82-4943-8ff1-f8155a53d7d0, Nodes: 92c2e3dd-e0c1-4b1f-96bb-d8ce5a005ea4{ip: 192.168.30.6, host: pr-hdds-1569-5gmkr-4255264070, networkLocation: /default-rack, certSerialId: null}, Type:RATIS, Factor:ONE, State:OPEN]
2019-09-25 11:53:08,045 [RatisPipelineUtilsThread] INFO  pipeline.PipelinePlacementPolicy (PipelinePlacementPolicy.java:meetCriteria(91)) - Pipeline Placement: can't place more pipeline on heavy datanode： 1b364aeb-4436-4f90-ad4a-028e7293e309 Heaviness: 6 limit: 5
2019-09-25 11:53:08,045 [RatisPipelineUtilsThread] INFO  pipeline.PipelinePlacementPolicy (PipelinePlacementPolicy.java:meetCriteria(91)) - Pipeline Placement: can't place more pipeline on heavy datanode： b0fcdca4-42c6-4f14-bbe3-9c28c8ef5fa0 Heaviness: 6 limit: 5
2019-09-25 11:53:08,053 [grpc-default-executor-0] INFO  impl.RaftServerProxy (RaftServerProxy.java:addNew(89)) - 92c2e3dd-e0c1-4b1f-96bb-d8ce5a005ea4: addNew group-F1185B794D1F:[92c2e3dd-e0c1-4b1f-96bb-d8ce5a005ea4:192.168.30.6:40059] returns group-F1185B794D1F:java.util.concurrent.CompletableFuture@3bc297b[Not completed]
2019-09-25 11:53:08,054 [pool-147-thread-1] INFO  impl.RaftServerImpl (RaftServerImpl.java:<init>(95)) - 92c2e3dd-e0c1-4b1f-96bb-d8ce5a005ea4: new RaftServerImpl for group-F1185B794D1F:[92c2e3dd-e0c1-4b1f-96bb-d8ce5a005ea4:192.168.30.6:40059] with ContainerStateMachine:uninitialized
2019-09-25 11:53:08,054 [pool-147-thread-1] INFO  server.RaftServerConfigKeys (ConfUtils.java:logGet(43)) - raft.server.rpc.timeout.min = 5s (custom)
2019-09-25 11:53:08,054 [pool-147-thread-1] INFO  server.RaftServerConfigKeys (ConfUtils.java:logGet(43)) - raft.server.rpc.timeout.max = 5200ms (custom)
2019-09-25 11:53:08,054 [pool-147-thread-1] INFO  server.RaftServerConfigKeys (ConfUtils.java:logGet(43)) - raft.server.rpcslowness.timeout = 120s (custom)
2019-09-25 11:53:08,054 [pool-147-thread-1] INFO  server.RaftServerConfigKeys (ConfUtils.java:logGet(43)) - raft.server.sleep.deviation.threshold = 300 (default)
2019-09-25 11:53:08,055 [pool-147-thread-1] INFO  server.RaftServerConfigKeys (ConfUtils.java:logGet(43)) - raft.server.log.appender.install.snapshot.enabled = false (custom)
2019-09-25 11:53:08,055 [pool-147-thread-1] INFO  impl.RaftServerImpl (ServerState.java:<init>(103)) - 92c2e3dd-e0c1-4b1f-96bb-d8ce5a005ea4@group-F1185B794D1F: ConfigurationManager, init=-1: [92c2e3dd-e0c1-4b1f-96bb-d8ce5a005ea4:192.168.30.6:40059], old=null, confs=<EMPTY_MAP>
2019-09-25 11:53:08,055 [pool-147-thread-1] INFO  server.RaftServerConfigKeys (ConfUtils.java:logGet(43)) - raft.server.storage.dir = [/workdir/hadoop-ozone/ozonefs/target/test-dir/MiniOzoneClusterImpl-6cc5d9fe-62d6-4c5a-ace2-3095284a5ae3/datanode-2/data/ratis] (custom)
2019-09-25 11:53:08,055 [pool-147-thread-1] INFO  storage.RaftStorageDirectory (RaftStorageDirectory.java:analyzeStorage(246)) - The storage directory /workdir/hadoop-ozone/ozonefs/target/test-dir/MiniOzoneClusterImpl-6cc5d9fe-62d6-4c5a-ace2-3095284a5ae3/datanode-2/data/ratis/6fe5ac67-2b57-48fd-a7f3-f1185b794d1f does not exist. Creating ...
2019-09-25 11:53:08,068 [pool-147-thread-1] INFO  storage.RaftStorageDirectory (RaftStorageDirectory.java:tryLock(328)) - Lock on /workdir/hadoop-ozone/ozonefs/target/test-dir/MiniOzoneClusterImpl-6cc5d9fe-62d6-4c5a-ace2-3095284a5ae3/datanode-2/data/ratis/6fe5ac67-2b57-48fd-a7f3-f1185b794d1f/in_use.lock acquired by nodename 25060@pr-hdds-1569-5gmkr-4255264070
2019-09-25 11:53:08,081 [pool-147-thread-1] INFO  storage.RaftStorage (RaftStorage.java:format(72)) - Storage directory /workdir/hadoop-ozone/ozonefs/target/test-dir/MiniOzoneClusterImpl-6cc5d9fe-62d6-4c5a-ace2-3095284a5ae3/datanode-2/data/ratis/6fe5ac67-2b57-48fd-a7f3-f1185b794d1f has been successfully formatted.
2019-09-25 11:53:08,082 [pool-147-thread-1] INFO  ratis.ContainerStateMachine (ContainerStateMachine.java:loadSnapshot(230)) - group-F1185B794D1F: The snapshot info is null. Setting the last applied indexto:(t:0, i:~)
2019-09-25 11:53:08,082 [pool-147-thread-1] INFO  server.RaftServerConfigKeys (ConfUtils.java:logGet(43)) - raft.server.notification.no-leader.timeout = 120s (custom)
2019-09-25 11:53:08,082 [pool-147-thread-1] INFO  server.RaftServerConfigKeys (ConfUtils.java:logGet(43)) - raft.server.log.use.memory = false (default)
2019-09-25 11:53:08,082 [pool-147-thread-1] INFO  server.RaftServerConfigKeys (ConfUtils.java:logGet(43)) - raft.server.log.purge.gap = 1000000 (custom)
2019-09-25 11:53:08,082 [pool-147-thread-1] INFO  server.RaftServerConfigKeys (ConfUtils.java:logGet(43)) - raft.server.log.appender.buffer.byte-limit = 33554432 (custom)
2019-09-25 11:53:08,082 [pool-147-thread-1] INFO  server.RaftServerConfigKeys (ConfUtils.java:logGet(43)) - raft.server.log.segment.size.max = 1048576 (custom)
2019-09-25 11:53:08,082 [pool-147-thread-1] INFO  server.RaftServerConfigKeys (ConfUtils.java:logGet(43)) - raft.server.log.segment.cache.num.max = 2 (custom)
2019-09-25 11:53:08,083 [pool-147-thread-1] INFO  segmented.SegmentedRaftLogWorker (SegmentedRaftLogWorker.java:<init>(172)) - new 92c2e3dd-e0c1-4b1f-96bb-d8ce5a005ea4@group-F1185B794D1F-SegmentedRaftLogWorker for RaftStorage:Storage Directory /workdir/hadoop-ozone/ozonefs/target/test-dir/MiniOzoneClusterImpl-6cc5d9fe-62d6-4c5a-ace2-3095284a5ae3/datanode-2/data/ratis/6fe5ac67-2b57-48fd-a7f3-f1185b794d1f
2019-09-25 11:53:08,083 [pool-147-thread-1] INFO  server.RaftServerConfigKeys (ConfUtils.java:logGet(43)) - raft.server.log.queue.byte-limit = 2147483647 (custom)
2019-09-25 11:53:08,083 [pool-147-thread-1] INFO  server.RaftServerConfigKeys (ConfUtils.java:logGet(43)) - raft.server.log.queue.element-limit = 1024 (custom)
2019-09-25 11:53:08,083 [pool-147-thread-1] INFO  server.RaftServerConfigKeys (ConfUtils.java:logGet(43)) - raft.server.log.segment.size.max = 1048576 (custom)
2019-09-25 11:53:08,083 [pool-147-thread-1] INFO  server.RaftServerConfigKeys (ConfUtils.java:logGet(43)) - raft.server.log.preallocated.size = 16384 (custom)
2019-09-25 11:53:08,083 [pool-147-thread-1] INFO  server.RaftServerConfigKeys (ConfUtils.java:logGet(43)) - raft.server.log.write.buffer.size = 33554432 (custom)
2019-09-25 11:53:08,083 [pool-147-thread-1] INFO  server.RaftServerConfigKeys (ConfUtils.java:logGet(43)) - raft.server.log.force.sync.num = 128 (default)
2019-09-25 11:53:08,083 [pool-147-thread-1] INFO  server.RaftServerConfigKeys (ConfUtils.java:logGet(43)) - raft.server.log.statemachine.data.sync = true (default)
2019-09-25 11:53:08,084 [pool-147-thread-1] INFO  server.RaftServerConfigKeys (ConfUtils.java:logGet(43)) - raft.server.log.statemachine.data.sync.timeout = 10s (default)
2019-09-25 11:53:08,084 [pool-147-thread-1] INFO  server.RaftServerConfigKeys (ConfUtils.java:logGet(43)) - raft.server.log.statemachine.data.sync.timeout.retry = -1 (default)
2019-09-25 11:53:08,084 [pool-147-thread-1] INFO  server.RaftServerConfigKeys (ConfUtils.java:logGet(43)) - raft.server.log.statemachine.data.caching.enabled = true (custom)
2019-09-25 11:53:08,084 [pool-147-thread-1] INFO  segmented.SegmentedRaftLogWorker (SegmentedRaftLogWorker.java:lambda$new$0(132)) - 92c2e3dd-e0c1-4b1f-96bb-d8ce5a005ea4@group-F1185B794D1F-SegmentedRaftLogWorker: flushIndex: setUnconditionally 0 -> -1
2019-09-25 11:53:08,084 [pool-147-thread-1] INFO  server.RaftServerConfigKeys (ConfUtils.java:logGet(43)) - raft.server.snapshot.auto.trigger.enabled = true (custom)
2019-09-25 11:53:08,085 [pool-147-thread-1] INFO  server.RaftServerConfigKeys (ConfUtils.java:logGet(43)) - raft.server.snapshot.auto.trigger.threshold = 10000 (custom)
2019-09-25 11:53:08,085 [pool-147-thread-1] INFO  server.RaftServerConfigKeys (ConfUtils.java:logGet(43)) - raft.server.snapshot.retention.num.files = 5 (custom)
2019-09-25 11:53:08,085 [pool-147-thread-1] INFO  server.RaftServerConfigKeys (ConfUtils.java:logGet(43)) - raft.server.retrycache.expirytime = 600000ms (custom)
2019-09-25 11:53:08,087 [pool-147-thread-1] INFO  impl.RaftServerImpl (RaftServerImpl.java:start(185)) - 92c2e3dd-e0c1-4b1f-96bb-d8ce5a005ea4@group-F1185B794D1F: start as a follower, conf=-1: [92c2e3dd-e0c1-4b1f-96bb-d8ce5a005ea4:192.168.30.6:40059], old=null
2019-09-25 11:53:08,087 [pool-147-thread-1] INFO  impl.RaftServerImpl (RaftServerImpl.java:setRole(174)) - 92c2e3dd-e0c1-4b1f-96bb-d8ce5a005ea4@group-F1185B794D1F: changes role from      null to FOLLOWER at term 0 for startAsFollower
2019-09-25 11:53:08,087 [pool-147-thread-1] INFO  impl.RoleInfo (RoleInfo.java:updateAndGet(143)) - 92c2e3dd-e0c1-4b1f-96bb-d8ce5a005ea4: start FollowerState
2019-09-25 11:53:08,087 [pool-147-thread-1] INFO  util.JmxRegister (JmxRegister.java:tryRegister(44)) - Successfully registered JMX Bean with object name Ratis:service=RaftServer,group=group-F1185B794D1F,id=92c2e3dd-e0c1-4b1f-96bb-d8ce5a005ea4
2019-09-25 11:53:08,090 [RatisPipelineUtilsThread] INFO  pipeline.PipelineStateManager (PipelineStateManager.java:addPipeline(56)) - Created pipeline Pipeline[ Id: 6fe5ac67-2b57-48fd-a7f3-f1185b794d1f, Nodes: 92c2e3dd-e0c1-4b1f-96bb-d8ce5a005ea4{ip: 192.168.30.6, host: pr-hdds-1569-5gmkr-4255264070, networkLocation: /default-rack, certSerialId: null}, Type:RATIS, Factor:ONE, State:OPEN]
2019-09-25 11:53:08,090 [RatisPipelineUtilsThread] INFO  pipeline.PipelinePlacementPolicy (PipelinePlacementPolicy.java:meetCriteria(91)) - Pipeline Placement: can't place more pipeline on heavy datanode： 1b364aeb-4436-4f90-ad4a-028e7293e309 Heaviness: 6 limit: 5
2019-09-25 11:53:08,091 [RatisPipelineUtilsThread] INFO  pipeline.PipelinePlacementPolicy (PipelinePlacementPolicy.java:meetCriteria(91)) - Pipeline Placement: can't place more pipeline on heavy datanode： b0fcdca4-42c6-4f14-bbe3-9c28c8ef5fa0 Heaviness: 6 limit: 5
2019-09-25 11:53:08,097 [grpc-default-executor-0] INFO  impl.RaftServerProxy (RaftServerProxy.java:addNew(89)) - 92c2e3dd-e0c1-4b1f-96bb-d8ce5a005ea4: addNew group-2E5D3F4A658A:[92c2e3dd-e0c1-4b1f-96bb-d8ce5a005ea4:192.168.30.6:40059] returns group-2E5D3F4A658A:java.util.concurrent.CompletableFuture@1dccf8d[Not completed]
2019-09-25 11:53:08,098 [pool-147-thread-1] INFO  impl.RaftServerImpl (RaftServerImpl.java:<init>(95)) - 92c2e3dd-e0c1-4b1f-96bb-d8ce5a005ea4: new RaftServerImpl for group-2E5D3F4A658A:[92c2e3dd-e0c1-4b1f-96bb-d8ce5a005ea4:192.168.30.6:40059] with ContainerStateMachine:uninitialized
2019-09-25 11:53:08,098 [pool-147-thread-1] INFO  server.RaftServerConfigKeys (ConfUtils.java:logGet(43)) - raft.server.rpc.timeout.min = 5s (custom)
2019-09-25 11:53:08,098 [pool-147-thread-1] INFO  server.RaftServerConfigKeys (ConfUtils.java:logGet(43)) - raft.server.rpc.timeout.max = 5200ms (custom)
2019-09-25 11:53:08,098 [pool-147-thread-1] INFO  server.RaftServerConfigKeys (ConfUtils.java:logGet(43)) - raft.server.rpcslowness.timeout = 120s (custom)
2019-09-25 11:53:08,098 [pool-147-thread-1] INFO  server.RaftServerConfigKeys (ConfUtils.java:logGet(43)) - raft.server.sleep.deviation.threshold = 300 (default)
2019-09-25 11:53:08,098 [pool-147-thread-1] INFO  server.RaftServerConfigKeys (ConfUtils.java:logGet(43)) - raft.server.log.appender.install.snapshot.enabled = false (custom)
2019-09-25 11:53:08,099 [pool-147-thread-1] INFO  impl.RaftServerImpl (ServerState.java:<init>(103)) - 92c2e3dd-e0c1-4b1f-96bb-d8ce5a005ea4@group-2E5D3F4A658A: ConfigurationManager, init=-1: [92c2e3dd-e0c1-4b1f-96bb-d8ce5a005ea4:192.168.30.6:40059], old=null, confs=<EMPTY_MAP>
2019-09-25 11:53:08,099 [pool-147-thread-1] INFO  server.RaftServerConfigKeys (ConfUtils.java:logGet(43)) - raft.server.storage.dir = [/workdir/hadoop-ozone/ozonefs/target/test-dir/MiniOzoneClusterImpl-6cc5d9fe-62d6-4c5a-ace2-3095284a5ae3/datanode-2/data/ratis] (custom)
2019-09-25 11:53:08,099 [pool-147-thread-1] INFO  storage.RaftStorageDirectory (RaftStorageDirectory.java:analyzeStorage(246)) - The storage directory /workdir/hadoop-ozone/ozonefs/target/test-dir/MiniOzoneClusterImpl-6cc5d9fe-62d6-4c5a-ace2-3095284a5ae3/datanode-2/data/ratis/77cf68cc-cb41-474f-a610-2e5d3f4a658a does not exist. Creating ...
2019-09-25 11:53:08,111 [pool-147-thread-1] INFO  storage.RaftStorageDirectory (RaftStorageDirectory.java:tryLock(328)) - Lock on /workdir/hadoop-ozone/ozonefs/target/test-dir/MiniOzoneClusterImpl-6cc5d9fe-62d6-4c5a-ace2-3095284a5ae3/datanode-2/data/ratis/77cf68cc-cb41-474f-a610-2e5d3f4a658a/in_use.lock acquired by nodename 25060@pr-hdds-1569-5gmkr-4255264070
2019-09-25 11:53:08,125 [pool-147-thread-1] INFO  storage.RaftStorage (RaftStorage.java:format(72)) - Storage directory /workdir/hadoop-ozone/ozonefs/target/test-dir/MiniOzoneClusterImpl-6cc5d9fe-62d6-4c5a-ace2-3095284a5ae3/datanode-2/data/ratis/77cf68cc-cb41-474f-a610-2e5d3f4a658a has been successfully formatted.
2019-09-25 11:53:08,125 [pool-147-thread-1] INFO  ratis.ContainerStateMachine (ContainerStateMachine.java:loadSnapshot(230)) - group-2E5D3F4A658A: The snapshot info is null. Setting the last applied indexto:(t:0, i:~)
2019-09-25 11:53:08,126 [pool-147-thread-1] INFO  server.RaftServerConfigKeys (ConfUtils.java:logGet(43)) - raft.server.notification.no-leader.timeout = 120s (custom)
2019-09-25 11:53:08,126 [pool-147-thread-1] INFO  server.RaftServerConfigKeys (ConfUtils.java:logGet(43)) - raft.server.log.use.memory = false (default)
2019-09-25 11:53:08,126 [pool-147-thread-1] INFO  server.RaftServerConfigKeys (ConfUtils.java:logGet(43)) - raft.server.log.purge.gap = 1000000 (custom)
2019-09-25 11:53:08,126 [pool-147-thread-1] INFO  server.RaftServerConfigKeys (ConfUtils.java:logGet(43)) - raft.server.log.appender.buffer.byte-limit = 33554432 (custom)
2019-09-25 11:53:08,126 [pool-147-thread-1] INFO  server.RaftServerConfigKeys (ConfUtils.java:logGet(43)) - raft.server.log.segment.size.max = 1048576 (custom)
2019-09-25 11:53:08,126 [pool-147-thread-1] INFO  server.RaftServerConfigKeys (ConfUtils.java:logGet(43)) - raft.server.log.segment.cache.num.max = 2 (custom)
2019-09-25 11:53:08,126 [pool-147-thread-1] INFO  segmented.SegmentedRaftLogWorker (SegmentedRaftLogWorker.java:<init>(172)) - new 92c2e3dd-e0c1-4b1f-96bb-d8ce5a005ea4@group-2E5D3F4A658A-SegmentedRaftLogWorker for RaftStorage:Storage Directory /workdir/hadoop-ozone/ozonefs/target/test-dir/MiniOzoneClusterImpl-6cc5d9fe-62d6-4c5a-ace2-3095284a5ae3/datanode-2/data/ratis/77cf68cc-cb41-474f-a610-2e5d3f4a658a
2019-09-25 11:53:08,127 [pool-147-thread-1] INFO  server.RaftServerConfigKeys (ConfUtils.java:logGet(43)) - raft.server.log.queue.byte-limit = 2147483647 (custom)
2019-09-25 11:53:08,127 [pool-147-thread-1] INFO  server.RaftServerConfigKeys (ConfUtils.java:logGet(43)) - raft.server.log.queue.element-limit = 1024 (custom)
2019-09-25 11:53:08,127 [pool-147-thread-1] INFO  server.RaftServerConfigKeys (ConfUtils.java:logGet(43)) - raft.server.log.segment.size.max = 1048576 (custom)
2019-09-25 11:53:08,127 [pool-147-thread-1] INFO  server.RaftServerConfigKeys (ConfUtils.java:logGet(43)) - raft.server.log.preallocated.size = 16384 (custom)
2019-09-25 11:53:08,127 [pool-147-thread-1] INFO  server.RaftServerConfigKeys (ConfUtils.java:logGet(43)) - raft.server.log.write.buffer.size = 33554432 (custom)
2019-09-25 11:53:08,127 [pool-147-thread-1] INFO  server.RaftServerConfigKeys (ConfUtils.java:logGet(43)) - raft.server.log.force.sync.num = 128 (default)
2019-09-25 11:53:08,127 [pool-147-thread-1] INFO  server.RaftServerConfigKeys (ConfUtils.java:logGet(43)) - raft.server.log.statemachine.data.sync = true (default)
2019-09-25 11:53:08,128 [pool-147-thread-1] INFO  server.RaftServerConfigKeys (ConfUtils.java:logGet(43)) - raft.server.log.statemachine.data.sync.timeout = 10s (default)
2019-09-25 11:53:08,128 [pool-147-thread-1] INFO  server.RaftServerConfigKeys (ConfUtils.java:logGet(43)) - raft.server.log.statemachine.data.sync.timeout.retry = -1 (default)
2019-09-25 11:53:08,128 [pool-147-thread-1] INFO  server.RaftServerConfigKeys (ConfUtils.java:logGet(43)) - raft.server.log.statemachine.data.caching.enabled = true (custom)
2019-09-25 11:53:08,128 [pool-147-thread-1] INFO  segmented.SegmentedRaftLogWorker (SegmentedRaftLogWorker.java:lambda$new$0(132)) - 92c2e3dd-e0c1-4b1f-96bb-d8ce5a005ea4@group-2E5D3F4A658A-SegmentedRaftLogWorker: flushIndex: setUnconditionally 0 -> -1
2019-09-25 11:53:08,128 [pool-147-thread-1] INFO  server.RaftServerConfigKeys (ConfUtils.java:logGet(43)) - raft.server.snapshot.auto.trigger.enabled = true (custom)
2019-09-25 11:53:08,129 [pool-147-thread-1] INFO  server.RaftServerConfigKeys (ConfUtils.java:logGet(43)) - raft.server.snapshot.auto.trigger.threshold = 10000 (custom)
2019-09-25 11:53:08,129 [pool-147-thread-1] INFO  server.RaftServerConfigKeys (ConfUtils.java:logGet(43)) - raft.server.snapshot.retention.num.files = 5 (custom)
2019-09-25 11:53:08,129 [pool-147-thread-1] INFO  server.RaftServerConfigKeys (ConfUtils.java:logGet(43)) - raft.server.retrycache.expirytime = 600000ms (custom)
2019-09-25 11:53:08,131 [pool-147-thread-1] INFO  impl.RaftServerImpl (RaftServerImpl.java:start(185)) - 92c2e3dd-e0c1-4b1f-96bb-d8ce5a005ea4@group-2E5D3F4A658A: start as a follower, conf=-1: [92c2e3dd-e0c1-4b1f-96bb-d8ce5a005ea4:192.168.30.6:40059], old=null
2019-09-25 11:53:08,131 [pool-147-thread-1] INFO  impl.RaftServerImpl (RaftServerImpl.java:setRole(174)) - 92c2e3dd-e0c1-4b1f-96bb-d8ce5a005ea4@group-2E5D3F4A658A: changes role from      null to FOLLOWER at term 0 for startAsFollower
2019-09-25 11:53:08,131 [pool-147-thread-1] INFO  impl.RoleInfo (RoleInfo.java:updateAndGet(143)) - 92c2e3dd-e0c1-4b1f-96bb-d8ce5a005ea4: start FollowerState
2019-09-25 11:53:08,132 [pool-147-thread-1] INFO  util.JmxRegister (JmxRegister.java:tryRegister(44)) - Successfully registered JMX Bean with object name Ratis:service=RaftServer,group=group-2E5D3F4A658A,id=92c2e3dd-e0c1-4b1f-96bb-d8ce5a005ea4
2019-09-25 11:53:08,135 [RatisPipelineUtilsThread] INFO  pipeline.PipelineStateManager (PipelineStateManager.java:addPipeline(56)) - Created pipeline Pipeline[ Id: 77cf68cc-cb41-474f-a610-2e5d3f4a658a, Nodes: 92c2e3dd-e0c1-4b1f-96bb-d8ce5a005ea4{ip: 192.168.30.6, host: pr-hdds-1569-5gmkr-4255264070, networkLocation: /default-rack, certSerialId: null}, Type:RATIS, Factor:ONE, State:OPEN]
2019-09-25 11:53:08,136 [RatisPipelineUtilsThread] INFO  pipeline.PipelinePlacementPolicy (PipelinePlacementPolicy.java:meetCriteria(91)) - Pipeline Placement: can't place more pipeline on heavy datanode： 1b364aeb-4436-4f90-ad4a-028e7293e309 Heaviness: 6 limit: 5
2019-09-25 11:53:08,136 [RatisPipelineUtilsThread] INFO  pipeline.PipelinePlacementPolicy (PipelinePlacementPolicy.java:meetCriteria(91)) - Pipeline Placement: can't place more pipeline on heavy datanode： b0fcdca4-42c6-4f14-bbe3-9c28c8ef5fa0 Heaviness: 6 limit: 5
2019-09-25 11:53:08,143 [grpc-default-executor-0] INFO  impl.RaftServerProxy (RaftServerProxy.java:addNew(89)) - 92c2e3dd-e0c1-4b1f-96bb-d8ce5a005ea4: addNew group-94CFE8DC1B38:[92c2e3dd-e0c1-4b1f-96bb-d8ce5a005ea4:192.168.30.6:40059] returns group-94CFE8DC1B38:java.util.concurrent.CompletableFuture@11f5a768[Not completed]
2019-09-25 11:53:08,144 [pool-147-thread-1] INFO  impl.RaftServerImpl (RaftServerImpl.java:<init>(95)) - 92c2e3dd-e0c1-4b1f-96bb-d8ce5a005ea4: new RaftServerImpl for group-94CFE8DC1B38:[92c2e3dd-e0c1-4b1f-96bb-d8ce5a005ea4:192.168.30.6:40059] with ContainerStateMachine:uninitialized
2019-09-25 11:53:08,144 [pool-147-thread-1] INFO  server.RaftServerConfigKeys (ConfUtils.java:logGet(43)) - raft.server.rpc.timeout.min = 5s (custom)
2019-09-25 11:53:08,144 [pool-147-thread-1] INFO  server.RaftServerConfigKeys (ConfUtils.java:logGet(43)) - raft.server.rpc.timeout.max = 5200ms (custom)
2019-09-25 11:53:08,144 [pool-147-thread-1] INFO  server.RaftServerConfigKeys (ConfUtils.java:logGet(43)) - raft.server.rpcslowness.timeout = 120s (custom)
2019-09-25 11:53:08,145 [pool-147-thread-1] INFO  server.RaftServerConfigKeys (ConfUtils.java:logGet(43)) - raft.server.sleep.deviation.threshold = 300 (default)
2019-09-25 11:53:08,145 [pool-147-thread-1] INFO  server.RaftServerConfigKeys (ConfUtils.java:logGet(43)) - raft.server.log.appender.install.snapshot.enabled = false (custom)
2019-09-25 11:53:08,145 [pool-147-thread-1] INFO  impl.RaftServerImpl (ServerState.java:<init>(103)) - 92c2e3dd-e0c1-4b1f-96bb-d8ce5a005ea4@group-94CFE8DC1B38: ConfigurationManager, init=-1: [92c2e3dd-e0c1-4b1f-96bb-d8ce5a005ea4:192.168.30.6:40059], old=null, confs=<EMPTY_MAP>
2019-09-25 11:53:08,145 [pool-147-thread-1] INFO  server.RaftServerConfigKeys (ConfUtils.java:logGet(43)) - raft.server.storage.dir = [/workdir/hadoop-ozone/ozonefs/target/test-dir/MiniOzoneClusterImpl-6cc5d9fe-62d6-4c5a-ace2-3095284a5ae3/datanode-2/data/ratis] (custom)
2019-09-25 11:53:08,145 [pool-147-thread-1] INFO  storage.RaftStorageDirectory (RaftStorageDirectory.java:analyzeStorage(246)) - The storage directory /workdir/hadoop-ozone/ozonefs/target/test-dir/MiniOzoneClusterImpl-6cc5d9fe-62d6-4c5a-ace2-3095284a5ae3/datanode-2/data/ratis/39f4460c-3f25-426a-be85-94cfe8dc1b38 does not exist. Creating ...
2019-09-25 11:53:08,153 [pool-147-thread-1] INFO  storage.RaftStorageDirectory (RaftStorageDirectory.java:tryLock(328)) - Lock on /workdir/hadoop-ozone/ozonefs/target/test-dir/MiniOzoneClusterImpl-6cc5d9fe-62d6-4c5a-ace2-3095284a5ae3/datanode-2/data/ratis/39f4460c-3f25-426a-be85-94cfe8dc1b38/in_use.lock acquired by nodename 25060@pr-hdds-1569-5gmkr-4255264070
2019-09-25 11:53:08,167 [pool-147-thread-1] INFO  storage.RaftStorage (RaftStorage.java:format(72)) - Storage directory /workdir/hadoop-ozone/ozonefs/target/test-dir/MiniOzoneClusterImpl-6cc5d9fe-62d6-4c5a-ace2-3095284a5ae3/datanode-2/data/ratis/39f4460c-3f25-426a-be85-94cfe8dc1b38 has been successfully formatted.
2019-09-25 11:53:08,167 [pool-147-thread-1] INFO  ratis.ContainerStateMachine (ContainerStateMachine.java:loadSnapshot(230)) - group-94CFE8DC1B38: The snapshot info is null. Setting the last applied indexto:(t:0, i:~)
2019-09-25 11:53:08,167 [pool-147-thread-1] INFO  server.RaftServerConfigKeys (ConfUtils.java:logGet(43)) - raft.server.notification.no-leader.timeout = 120s (custom)
2019-09-25 11:53:08,167 [pool-147-thread-1] INFO  server.RaftServerConfigKeys (ConfUtils.java:logGet(43)) - raft.server.log.use.memory = false (default)
2019-09-25 11:53:08,167 [pool-147-thread-1] INFO  server.RaftServerConfigKeys (ConfUtils.java:logGet(43)) - raft.server.log.purge.gap = 1000000 (custom)
2019-09-25 11:53:08,168 [pool-147-thread-1] INFO  server.RaftServerConfigKeys (ConfUtils.java:logGet(43)) - raft.server.log.appender.buffer.byte-limit = 33554432 (custom)
2019-09-25 11:53:08,168 [pool-147-thread-1] INFO  server.RaftServerConfigKeys (ConfUtils.java:logGet(43)) - raft.server.log.segment.size.max = 1048576 (custom)
2019-09-25 11:53:08,168 [pool-147-thread-1] INFO  server.RaftServerConfigKeys (ConfUtils.java:logGet(43)) - raft.server.log.segment.cache.num.max = 2 (custom)
2019-09-25 11:53:08,168 [pool-147-thread-1] INFO  segmented.SegmentedRaftLogWorker (SegmentedRaftLogWorker.java:<init>(172)) - new 92c2e3dd-e0c1-4b1f-96bb-d8ce5a005ea4@group-94CFE8DC1B38-SegmentedRaftLogWorker for RaftStorage:Storage Directory /workdir/hadoop-ozone/ozonefs/target/test-dir/MiniOzoneClusterImpl-6cc5d9fe-62d6-4c5a-ace2-3095284a5ae3/datanode-2/data/ratis/39f4460c-3f25-426a-be85-94cfe8dc1b38
2019-09-25 11:53:08,168 [pool-147-thread-1] INFO  server.RaftServerConfigKeys (ConfUtils.java:logGet(43)) - raft.server.log.queue.byte-limit = 2147483647 (custom)
2019-09-25 11:53:08,169 [pool-147-thread-1] INFO  server.RaftServerConfigKeys (ConfUtils.java:logGet(43)) - raft.server.log.queue.element-limit = 1024 (custom)
2019-09-25 11:53:08,169 [pool-147-thread-1] INFO  server.RaftServerConfigKeys (ConfUtils.java:logGet(43)) - raft.server.log.segment.size.max = 1048576 (custom)
2019-09-25 11:53:08,169 [pool-147-thread-1] INFO  server.RaftServerConfigKeys (ConfUtils.java:logGet(43)) - raft.server.log.preallocated.size = 16384 (custom)
2019-09-25 11:53:08,169 [pool-147-thread-1] INFO  server.RaftServerConfigKeys (ConfUtils.java:logGet(43)) - raft.server.log.write.buffer.size = 33554432 (custom)
2019-09-25 11:53:08,169 [pool-147-thread-1] INFO  server.RaftServerConfigKeys (ConfUtils.java:logGet(43)) - raft.server.log.force.sync.num = 128 (default)
2019-09-25 11:53:08,170 [pool-147-thread-1] INFO  server.RaftServerConfigKeys (ConfUtils.java:logGet(43)) - raft.server.log.statemachine.data.sync = true (default)
2019-09-25 11:53:08,170 [pool-147-thread-1] INFO  server.RaftServerConfigKeys (ConfUtils.java:logGet(43)) - raft.server.log.statemachine.data.sync.timeout = 10s (default)
2019-09-25 11:53:08,170 [pool-147-thread-1] INFO  server.RaftServerConfigKeys (ConfUtils.java:logGet(43)) - raft.server.log.statemachine.data.sync.timeout.retry = -1 (default)
2019-09-25 11:53:08,170 [pool-147-thread-1] INFO  server.RaftServerConfigKeys (ConfUtils.java:logGet(43)) - raft.server.log.statemachine.data.caching.enabled = true (custom)
2019-09-25 11:53:08,171 [pool-147-thread-1] INFO  segmented.SegmentedRaftLogWorker (SegmentedRaftLogWorker.java:lambda$new$0(132)) - 92c2e3dd-e0c1-4b1f-96bb-d8ce5a005ea4@group-94CFE8DC1B38-SegmentedRaftLogWorker: flushIndex: setUnconditionally 0 -> -1
2019-09-25 11:53:08,171 [pool-147-thread-1] INFO  server.RaftServerConfigKeys (ConfUtils.java:logGet(43)) - raft.server.snapshot.auto.trigger.enabled = true (custom)
2019-09-25 11:53:08,171 [pool-147-thread-1] INFO  server.RaftServerConfigKeys (ConfUtils.java:logGet(43)) - raft.server.snapshot.auto.trigger.threshold = 10000 (custom)
2019-09-25 11:53:08,171 [pool-147-thread-1] INFO  server.RaftServerConfigKeys (ConfUtils.java:logGet(43)) - raft.server.snapshot.retention.num.files = 5 (custom)
2019-09-25 11:53:08,172 [pool-147-thread-1] INFO  server.RaftServerConfigKeys (ConfUtils.java:logGet(43)) - raft.server.retrycache.expirytime = 600000ms (custom)
2019-09-25 11:53:08,174 [pool-147-thread-1] INFO  impl.RaftServerImpl (RaftServerImpl.java:start(185)) - 92c2e3dd-e0c1-4b1f-96bb-d8ce5a005ea4@group-94CFE8DC1B38: start as a follower, conf=-1: [92c2e3dd-e0c1-4b1f-96bb-d8ce5a005ea4:192.168.30.6:40059], old=null
2019-09-25 11:53:08,174 [pool-147-thread-1] INFO  impl.RaftServerImpl (RaftServerImpl.java:setRole(174)) - 92c2e3dd-e0c1-4b1f-96bb-d8ce5a005ea4@group-94CFE8DC1B38: changes role from      null to FOLLOWER at term 0 for startAsFollower
2019-09-25 11:53:08,174 [pool-147-thread-1] INFO  impl.RoleInfo (RoleInfo.java:updateAndGet(143)) - 92c2e3dd-e0c1-4b1f-96bb-d8ce5a005ea4: start FollowerState
2019-09-25 11:53:08,174 [pool-147-thread-1] INFO  util.JmxRegister (JmxRegister.java:tryRegister(44)) - Successfully registered JMX Bean with object name Ratis:service=RaftServer,group=group-94CFE8DC1B38,id=92c2e3dd-e0c1-4b1f-96bb-d8ce5a005ea4
2019-09-25 11:53:08,177 [RatisPipelineUtilsThread] INFO  pipeline.PipelineStateManager (PipelineStateManager.java:addPipeline(56)) - Created pipeline Pipeline[ Id: 39f4460c-3f25-426a-be85-94cfe8dc1b38, Nodes: 92c2e3dd-e0c1-4b1f-96bb-d8ce5a005ea4{ip: 192.168.30.6, host: pr-hdds-1569-5gmkr-4255264070, networkLocation: /default-rack, certSerialId: null}, Type:RATIS, Factor:ONE, State:OPEN]
2019-09-25 11:53:08,178 [RatisPipelineUtilsThread] INFO  pipeline.PipelinePlacementPolicy (PipelinePlacementPolicy.java:meetCriteria(91)) - Pipeline Placement: can't place more pipeline on heavy datanode： 1b364aeb-4436-4f90-ad4a-028e7293e309 Heaviness: 6 limit: 5
2019-09-25 11:53:08,178 [RatisPipelineUtilsThread] INFO  pipeline.PipelinePlacementPolicy (PipelinePlacementPolicy.java:meetCriteria(91)) - Pipeline Placement: can't place more pipeline on heavy datanode： b0fcdca4-42c6-4f14-bbe3-9c28c8ef5fa0 Heaviness: 6 limit: 5
2019-09-25 11:53:08,184 [grpc-default-executor-0] INFO  impl.RaftServerProxy (RaftServerProxy.java:addNew(89)) - 92c2e3dd-e0c1-4b1f-96bb-d8ce5a005ea4: addNew group-61ECF824838B:[92c2e3dd-e0c1-4b1f-96bb-d8ce5a005ea4:192.168.30.6:40059] returns group-61ECF824838B:java.util.concurrent.CompletableFuture@5a94d6e7[Not completed]
2019-09-25 11:53:08,185 [pool-147-thread-1] INFO  impl.RaftServerImpl (RaftServerImpl.java:<init>(95)) - 92c2e3dd-e0c1-4b1f-96bb-d8ce5a005ea4: new RaftServerImpl for group-61ECF824838B:[92c2e3dd-e0c1-4b1f-96bb-d8ce5a005ea4:192.168.30.6:40059] with ContainerStateMachine:uninitialized
2019-09-25 11:53:08,186 [pool-147-thread-1] INFO  server.RaftServerConfigKeys (ConfUtils.java:logGet(43)) - raft.server.rpc.timeout.min = 5s (custom)
2019-09-25 11:53:08,186 [pool-147-thread-1] INFO  server.RaftServerConfigKeys (ConfUtils.java:logGet(43)) - raft.server.rpc.timeout.max = 5200ms (custom)
2019-09-25 11:53:08,186 [pool-147-thread-1] INFO  server.RaftServerConfigKeys (ConfUtils.java:logGet(43)) - raft.server.rpcslowness.timeout = 120s (custom)
2019-09-25 11:53:08,186 [pool-147-thread-1] INFO  server.RaftServerConfigKeys (ConfUtils.java:logGet(43)) - raft.server.sleep.deviation.threshold = 300 (default)
2019-09-25 11:53:08,186 [pool-147-thread-1] INFO  server.RaftServerConfigKeys (ConfUtils.java:logGet(43)) - raft.server.log.appender.install.snapshot.enabled = false (custom)
2019-09-25 11:53:08,186 [pool-147-thread-1] INFO  impl.RaftServerImpl (ServerState.java:<init>(103)) - 92c2e3dd-e0c1-4b1f-96bb-d8ce5a005ea4@group-61ECF824838B: ConfigurationManager, init=-1: [92c2e3dd-e0c1-4b1f-96bb-d8ce5a005ea4:192.168.30.6:40059], old=null, confs=<EMPTY_MAP>
2019-09-25 11:53:08,187 [pool-147-thread-1] INFO  server.RaftServerConfigKeys (ConfUtils.java:logGet(43)) - raft.server.storage.dir = [/workdir/hadoop-ozone/ozonefs/target/test-dir/MiniOzoneClusterImpl-6cc5d9fe-62d6-4c5a-ace2-3095284a5ae3/datanode-2/data/ratis] (custom)
2019-09-25 11:53:08,187 [pool-147-thread-1] INFO  storage.RaftStorageDirectory (RaftStorageDirectory.java:analyzeStorage(246)) - The storage directory /workdir/hadoop-ozone/ozonefs/target/test-dir/MiniOzoneClusterImpl-6cc5d9fe-62d6-4c5a-ace2-3095284a5ae3/datanode-2/data/ratis/0a2a93c1-9130-49ba-9fbb-61ecf824838b does not exist. Creating ...
2019-09-25 11:53:08,192 [pool-147-thread-1] INFO  storage.RaftStorageDirectory (RaftStorageDirectory.java:tryLock(328)) - Lock on /workdir/hadoop-ozone/ozonefs/target/test-dir/MiniOzoneClusterImpl-6cc5d9fe-62d6-4c5a-ace2-3095284a5ae3/datanode-2/data/ratis/0a2a93c1-9130-49ba-9fbb-61ecf824838b/in_use.lock acquired by nodename 25060@pr-hdds-1569-5gmkr-4255264070
2019-09-25 11:53:08,196 [pool-147-thread-1] INFO  storage.RaftStorage (RaftStorage.java:format(72)) - Storage directory /workdir/hadoop-ozone/ozonefs/target/test-dir/MiniOzoneClusterImpl-6cc5d9fe-62d6-4c5a-ace2-3095284a5ae3/datanode-2/data/ratis/0a2a93c1-9130-49ba-9fbb-61ecf824838b has been successfully formatted.
2019-09-25 11:53:08,196 [pool-147-thread-1] INFO  ratis.ContainerStateMachine (ContainerStateMachine.java:loadSnapshot(230)) - group-61ECF824838B: The snapshot info is null. Setting the last applied indexto:(t:0, i:~)
2019-09-25 11:53:08,196 [pool-147-thread-1] INFO  server.RaftServerConfigKeys (ConfUtils.java:logGet(43)) - raft.server.notification.no-leader.timeout = 120s (custom)
2019-09-25 11:53:08,196 [pool-147-thread-1] INFO  server.RaftServerConfigKeys (ConfUtils.java:logGet(43)) - raft.server.log.use.memory = false (default)
2019-09-25 11:53:08,196 [pool-147-thread-1] INFO  server.RaftServerConfigKeys (ConfUtils.java:logGet(43)) - raft.server.log.purge.gap = 1000000 (custom)
2019-09-25 11:53:08,196 [pool-147-thread-1] INFO  server.RaftServerConfigKeys (ConfUtils.java:logGet(43)) - raft.server.log.appender.buffer.byte-limit = 33554432 (custom)
2019-09-25 11:53:08,197 [pool-147-thread-1] INFO  server.RaftServerConfigKeys (ConfUtils.java:logGet(43)) - raft.server.log.segment.size.max = 1048576 (custom)
2019-09-25 11:53:08,197 [pool-147-thread-1] INFO  server.RaftServerConfigKeys (ConfUtils.java:logGet(43)) - raft.server.log.segment.cache.num.max = 2 (custom)
2019-09-25 11:53:08,197 [pool-147-thread-1] INFO  segmented.SegmentedRaftLogWorker (SegmentedRaftLogWorker.java:<init>(172)) - new 92c2e3dd-e0c1-4b1f-96bb-d8ce5a005ea4@group-61ECF824838B-SegmentedRaftLogWorker for RaftStorage:Storage Directory /workdir/hadoop-ozone/ozonefs/target/test-dir/MiniOzoneClusterImpl-6cc5d9fe-62d6-4c5a-ace2-3095284a5ae3/datanode-2/data/ratis/0a2a93c1-9130-49ba-9fbb-61ecf824838b
2019-09-25 11:53:08,197 [pool-147-thread-1] INFO  server.RaftServerConfigKeys (ConfUtils.java:logGet(43)) - raft.server.log.queue.byte-limit = 2147483647 (custom)
2019-09-25 11:53:08,197 [pool-147-thread-1] INFO  server.RaftServerConfigKeys (ConfUtils.java:logGet(43)) - raft.server.log.queue.element-limit = 1024 (custom)
2019-09-25 11:53:08,197 [pool-147-thread-1] INFO  server.RaftServerConfigKeys (ConfUtils.java:logGet(43)) - raft.server.log.segment.size.max = 1048576 (custom)
2019-09-25 11:53:08,197 [pool-147-thread-1] INFO  server.RaftServerConfigKeys (ConfUtils.java:logGet(43)) - raft.server.log.preallocated.size = 16384 (custom)
2019-09-25 11:53:08,197 [pool-147-thread-1] INFO  server.RaftServerConfigKeys (ConfUtils.java:logGet(43)) - raft.server.log.write.buffer.size = 33554432 (custom)
2019-09-25 11:53:08,197 [pool-147-thread-1] INFO  server.RaftServerConfigKeys (ConfUtils.java:logGet(43)) - raft.server.log.force.sync.num = 128 (default)
2019-09-25 11:53:08,198 [pool-147-thread-1] INFO  server.RaftServerConfigKeys (ConfUtils.java:logGet(43)) - raft.server.log.statemachine.data.sync = true (default)
2019-09-25 11:53:08,198 [pool-147-thread-1] INFO  server.RaftServerConfigKeys (ConfUtils.java:logGet(43)) - raft.server.log.statemachine.data.sync.timeout = 10s (default)
2019-09-25 11:53:08,198 [pool-147-thread-1] INFO  server.RaftServerConfigKeys (ConfUtils.java:logGet(43)) - raft.server.log.statemachine.data.sync.timeout.retry = -1 (default)
2019-09-25 11:53:08,198 [pool-147-thread-1] INFO  server.RaftServerConfigKeys (ConfUtils.java:logGet(43)) - raft.server.log.statemachine.data.caching.enabled = true (custom)
2019-09-25 11:53:08,198 [pool-147-thread-1] INFO  segmented.SegmentedRaftLogWorker (SegmentedRaftLogWorker.java:lambda$new$0(132)) - 92c2e3dd-e0c1-4b1f-96bb-d8ce5a005ea4@group-61ECF824838B-SegmentedRaftLogWorker: flushIndex: setUnconditionally 0 -> -1
2019-09-25 11:53:08,198 [pool-147-thread-1] INFO  server.RaftServerConfigKeys (ConfUtils.java:logGet(43)) - raft.server.snapshot.auto.trigger.enabled = true (custom)
2019-09-25 11:53:08,199 [pool-147-thread-1] INFO  server.RaftServerConfigKeys (ConfUtils.java:logGet(43)) - raft.server.snapshot.auto.trigger.threshold = 10000 (custom)
2019-09-25 11:53:08,199 [pool-147-thread-1] INFO  server.RaftServerConfigKeys (ConfUtils.java:logGet(43)) - raft.server.snapshot.retention.num.files = 5 (custom)
2019-09-25 11:53:08,199 [pool-147-thread-1] INFO  server.RaftServerConfigKeys (ConfUtils.java:logGet(43)) - raft.server.retrycache.expirytime = 600000ms (custom)
2019-09-25 11:53:08,200 [pool-147-thread-1] INFO  impl.RaftServerImpl (RaftServerImpl.java:start(185)) - 92c2e3dd-e0c1-4b1f-96bb-d8ce5a005ea4@group-61ECF824838B: start as a follower, conf=-1: [92c2e3dd-e0c1-4b1f-96bb-d8ce5a005ea4:192.168.30.6:40059], old=null
2019-09-25 11:53:08,201 [pool-147-thread-1] INFO  impl.RaftServerImpl (RaftServerImpl.java:setRole(174)) - 92c2e3dd-e0c1-4b1f-96bb-d8ce5a005ea4@group-61ECF824838B: changes role from      null to FOLLOWER at term 0 for startAsFollower
2019-09-25 11:53:08,201 [pool-147-thread-1] INFO  impl.RoleInfo (RoleInfo.java:updateAndGet(143)) - 92c2e3dd-e0c1-4b1f-96bb-d8ce5a005ea4: start FollowerState
2019-09-25 11:53:08,201 [pool-147-thread-1] INFO  util.JmxRegister (JmxRegister.java:tryRegister(44)) - Successfully registered JMX Bean with object name Ratis:service=RaftServer,group=group-61ECF824838B,id=92c2e3dd-e0c1-4b1f-96bb-d8ce5a005ea4
2019-09-25 11:53:08,204 [RatisPipelineUtilsThread] INFO  pipeline.PipelineStateManager (PipelineStateManager.java:addPipeline(56)) - Created pipeline Pipeline[ Id: 0a2a93c1-9130-49ba-9fbb-61ecf824838b, Nodes: 92c2e3dd-e0c1-4b1f-96bb-d8ce5a005ea4{ip: 192.168.30.6, host: pr-hdds-1569-5gmkr-4255264070, networkLocation: /default-rack, certSerialId: null}, Type:RATIS, Factor:ONE, State:OPEN]
2019-09-25 11:53:08,204 [RatisPipelineUtilsThread] INFO  pipeline.PipelinePlacementPolicy (PipelinePlacementPolicy.java:meetCriteria(91)) - Pipeline Placement: can't place more pipeline on heavy datanode： 1b364aeb-4436-4f90-ad4a-028e7293e309 Heaviness: 6 limit: 5
2019-09-25 11:53:08,204 [RatisPipelineUtilsThread] INFO  pipeline.PipelinePlacementPolicy (PipelinePlacementPolicy.java:meetCriteria(91)) - Pipeline Placement: can't place more pipeline on heavy datanode： b0fcdca4-42c6-4f14-bbe3-9c28c8ef5fa0 Heaviness: 6 limit: 5
2019-09-25 11:53:08,209 [grpc-default-executor-0] INFO  impl.RaftServerProxy (RaftServerProxy.java:addNew(89)) - 92c2e3dd-e0c1-4b1f-96bb-d8ce5a005ea4: addNew group-327EBFAD8894:[92c2e3dd-e0c1-4b1f-96bb-d8ce5a005ea4:192.168.30.6:40059] returns group-327EBFAD8894:java.util.concurrent.CompletableFuture@100cb264[Not completed]
2019-09-25 11:53:08,210 [pool-147-thread-1] INFO  impl.RaftServerImpl (RaftServerImpl.java:<init>(95)) - 92c2e3dd-e0c1-4b1f-96bb-d8ce5a005ea4: new RaftServerImpl for group-327EBFAD8894:[92c2e3dd-e0c1-4b1f-96bb-d8ce5a005ea4:192.168.30.6:40059] with ContainerStateMachine:uninitialized
2019-09-25 11:53:08,210 [pool-147-thread-1] INFO  server.RaftServerConfigKeys (ConfUtils.java:logGet(43)) - raft.server.rpc.timeout.min = 5s (custom)
2019-09-25 11:53:08,210 [pool-147-thread-1] INFO  server.RaftServerConfigKeys (ConfUtils.java:logGet(43)) - raft.server.rpc.timeout.max = 5200ms (custom)
2019-09-25 11:53:08,211 [pool-147-thread-1] INFO  server.RaftServerConfigKeys (ConfUtils.java:logGet(43)) - raft.server.rpcslowness.timeout = 120s (custom)
2019-09-25 11:53:08,211 [pool-147-thread-1] INFO  server.RaftServerConfigKeys (ConfUtils.java:logGet(43)) - raft.server.sleep.deviation.threshold = 300 (default)
2019-09-25 11:53:08,211 [pool-147-thread-1] INFO  server.RaftServerConfigKeys (ConfUtils.java:logGet(43)) - raft.server.log.appender.install.snapshot.enabled = false (custom)
2019-09-25 11:53:08,211 [pool-147-thread-1] INFO  impl.RaftServerImpl (ServerState.java:<init>(103)) - 92c2e3dd-e0c1-4b1f-96bb-d8ce5a005ea4@group-327EBFAD8894: ConfigurationManager, init=-1: [92c2e3dd-e0c1-4b1f-96bb-d8ce5a005ea4:192.168.30.6:40059], old=null, confs=<EMPTY_MAP>
2019-09-25 11:53:08,211 [pool-147-thread-1] INFO  server.RaftServerConfigKeys (ConfUtils.java:logGet(43)) - raft.server.storage.dir = [/workdir/hadoop-ozone/ozonefs/target/test-dir/MiniOzoneClusterImpl-6cc5d9fe-62d6-4c5a-ace2-3095284a5ae3/datanode-2/data/ratis] (custom)
2019-09-25 11:53:08,211 [pool-147-thread-1] INFO  storage.RaftStorageDirectory (RaftStorageDirectory.java:analyzeStorage(246)) - The storage directory /workdir/hadoop-ozone/ozonefs/target/test-dir/MiniOzoneClusterImpl-6cc5d9fe-62d6-4c5a-ace2-3095284a5ae3/datanode-2/data/ratis/8173950e-9aab-45e3-8935-327ebfad8894 does not exist. Creating ...
2019-09-25 11:53:08,214 [pool-147-thread-1] INFO  storage.RaftStorageDirectory (RaftStorageDirectory.java:tryLock(328)) - Lock on /workdir/hadoop-ozone/ozonefs/target/test-dir/MiniOzoneClusterImpl-6cc5d9fe-62d6-4c5a-ace2-3095284a5ae3/datanode-2/data/ratis/8173950e-9aab-45e3-8935-327ebfad8894/in_use.lock acquired by nodename 25060@pr-hdds-1569-5gmkr-4255264070
2019-09-25 11:53:08,228 [pool-147-thread-1] INFO  storage.RaftStorage (RaftStorage.java:format(72)) - Storage directory /workdir/hadoop-ozone/ozonefs/target/test-dir/MiniOzoneClusterImpl-6cc5d9fe-62d6-4c5a-ace2-3095284a5ae3/datanode-2/data/ratis/8173950e-9aab-45e3-8935-327ebfad8894 has been successfully formatted.
2019-09-25 11:53:08,228 [pool-147-thread-1] INFO  ratis.ContainerStateMachine (ContainerStateMachine.java:loadSnapshot(230)) - group-327EBFAD8894: The snapshot info is null. Setting the last applied indexto:(t:0, i:~)
2019-09-25 11:53:08,228 [pool-147-thread-1] INFO  server.RaftServerConfigKeys (ConfUtils.java:logGet(43)) - raft.server.notification.no-leader.timeout = 120s (custom)
2019-09-25 11:53:08,229 [pool-147-thread-1] INFO  server.RaftServerConfigKeys (ConfUtils.java:logGet(43)) - raft.server.log.use.memory = false (default)
2019-09-25 11:53:08,229 [pool-147-thread-1] INFO  server.RaftServerConfigKeys (ConfUtils.java:logGet(43)) - raft.server.log.purge.gap = 1000000 (custom)
2019-09-25 11:53:08,229 [pool-147-thread-1] INFO  server.RaftServerConfigKeys (ConfUtils.java:logGet(43)) - raft.server.log.appender.buffer.byte-limit = 33554432 (custom)
2019-09-25 11:53:08,229 [pool-147-thread-1] INFO  server.RaftServerConfigKeys (ConfUtils.java:logGet(43)) - raft.server.log.segment.size.max = 1048576 (custom)
2019-09-25 11:53:08,229 [pool-147-thread-1] INFO  server.RaftServerConfigKeys (ConfUtils.java:logGet(43)) - raft.server.log.segment.cache.num.max = 2 (custom)
2019-09-25 11:53:08,229 [pool-147-thread-1] INFO  segmented.SegmentedRaftLogWorker (SegmentedRaftLogWorker.java:<init>(172)) - new 92c2e3dd-e0c1-4b1f-96bb-d8ce5a005ea4@group-327EBFAD8894-SegmentedRaftLogWorker for RaftStorage:Storage Directory /workdir/hadoop-ozone/ozonefs/target/test-dir/MiniOzoneClusterImpl-6cc5d9fe-62d6-4c5a-ace2-3095284a5ae3/datanode-2/data/ratis/8173950e-9aab-45e3-8935-327ebfad8894
2019-09-25 11:53:08,229 [pool-147-thread-1] INFO  server.RaftServerConfigKeys (ConfUtils.java:logGet(43)) - raft.server.log.queue.byte-limit = 2147483647 (custom)
2019-09-25 11:53:08,229 [pool-147-thread-1] INFO  server.RaftServerConfigKeys (ConfUtils.java:logGet(43)) - raft.server.log.queue.element-limit = 1024 (custom)
2019-09-25 11:53:08,230 [pool-147-thread-1] INFO  server.RaftServerConfigKeys (ConfUtils.java:logGet(43)) - raft.server.log.segment.size.max = 1048576 (custom)
2019-09-25 11:53:08,230 [pool-147-thread-1] INFO  server.RaftServerConfigKeys (ConfUtils.java:logGet(43)) - raft.server.log.preallocated.size = 16384 (custom)
2019-09-25 11:53:08,230 [pool-147-thread-1] INFO  server.RaftServerConfigKeys (ConfUtils.java:logGet(43)) - raft.server.log.write.buffer.size = 33554432 (custom)
2019-09-25 11:53:08,230 [pool-147-thread-1] INFO  server.RaftServerConfigKeys (ConfUtils.java:logGet(43)) - raft.server.log.force.sync.num = 128 (default)
2019-09-25 11:53:08,230 [pool-147-thread-1] INFO  server.RaftServerConfigKeys (ConfUtils.java:logGet(43)) - raft.server.log.statemachine.data.sync = true (default)
2019-09-25 11:53:08,230 [pool-147-thread-1] INFO  server.RaftServerConfigKeys (ConfUtils.java:logGet(43)) - raft.server.log.statemachine.data.sync.timeout = 10s (default)
2019-09-25 11:53:08,230 [pool-147-thread-1] INFO  server.RaftServerConfigKeys (ConfUtils.java:logGet(43)) - raft.server.log.statemachine.data.sync.timeout.retry = -1 (default)
2019-09-25 11:53:08,230 [pool-147-thread-1] INFO  server.RaftServerConfigKeys (ConfUtils.java:logGet(43)) - raft.server.log.statemachine.data.caching.enabled = true (custom)
2019-09-25 11:53:08,231 [pool-147-thread-1] INFO  segmented.SegmentedRaftLogWorker (SegmentedRaftLogWorker.java:lambda$new$0(132)) - 92c2e3dd-e0c1-4b1f-96bb-d8ce5a005ea4@group-327EBFAD8894-SegmentedRaftLogWorker: flushIndex: setUnconditionally 0 -> -1
2019-09-25 11:53:08,231 [pool-147-thread-1] INFO  server.RaftServerConfigKeys (ConfUtils.java:logGet(43)) - raft.server.snapshot.auto.trigger.enabled = true (custom)
2019-09-25 11:53:08,231 [pool-147-thread-1] INFO  server.RaftServerConfigKeys (ConfUtils.java:logGet(43)) - raft.server.snapshot.auto.trigger.threshold = 10000 (custom)
2019-09-25 11:53:08,231 [pool-147-thread-1] INFO  server.RaftServerConfigKeys (ConfUtils.java:logGet(43)) - raft.server.snapshot.retention.num.files = 5 (custom)
2019-09-25 11:53:08,231 [pool-147-thread-1] INFO  server.RaftServerConfigKeys (ConfUtils.java:logGet(43)) - raft.server.retrycache.expirytime = 600000ms (custom)
2019-09-25 11:53:08,233 [pool-147-thread-1] INFO  impl.RaftServerImpl (RaftServerImpl.java:start(185)) - 92c2e3dd-e0c1-4b1f-96bb-d8ce5a005ea4@group-327EBFAD8894: start as a follower, conf=-1: [92c2e3dd-e0c1-4b1f-96bb-d8ce5a005ea4:192.168.30.6:40059], old=null
2019-09-25 11:53:08,233 [pool-147-thread-1] INFO  impl.RaftServerImpl (RaftServerImpl.java:setRole(174)) - 92c2e3dd-e0c1-4b1f-96bb-d8ce5a005ea4@group-327EBFAD8894: changes role from      null to FOLLOWER at term 0 for startAsFollower
2019-09-25 11:53:08,233 [pool-147-thread-1] INFO  impl.RoleInfo (RoleInfo.java:updateAndGet(143)) - 92c2e3dd-e0c1-4b1f-96bb-d8ce5a005ea4: start FollowerState
2019-09-25 11:53:08,233 [pool-147-thread-1] INFO  util.JmxRegister (JmxRegister.java:tryRegister(44)) - Successfully registered JMX Bean with object name Ratis:service=RaftServer,group=group-327EBFAD8894,id=92c2e3dd-e0c1-4b1f-96bb-d8ce5a005ea4
2019-09-25 11:53:08,236 [RatisPipelineUtilsThread] INFO  pipeline.PipelineStateManager (PipelineStateManager.java:addPipeline(56)) - Created pipeline Pipeline[ Id: 8173950e-9aab-45e3-8935-327ebfad8894, Nodes: 92c2e3dd-e0c1-4b1f-96bb-d8ce5a005ea4{ip: 192.168.30.6, host: pr-hdds-1569-5gmkr-4255264070, networkLocation: /default-rack, certSerialId: null}, Type:RATIS, Factor:ONE, State:OPEN]
2019-09-25 11:53:08,236 [RatisPipelineUtilsThread] INFO  pipeline.PipelinePlacementPolicy (PipelinePlacementPolicy.java:meetCriteria(91)) - Pipeline Placement: can't place more pipeline on heavy datanode： 92c2e3dd-e0c1-4b1f-96bb-d8ce5a005ea4 Heaviness: 6 limit: 5
2019-09-25 11:53:08,236 [RatisPipelineUtilsThread] INFO  pipeline.PipelinePlacementPolicy (PipelinePlacementPolicy.java:meetCriteria(91)) - Pipeline Placement: can't place more pipeline on heavy datanode： 1b364aeb-4436-4f90-ad4a-028e7293e309 Heaviness: 6 limit: 5
2019-09-25 11:53:08,237 [RatisPipelineUtilsThread] INFO  pipeline.PipelinePlacementPolicy (PipelinePlacementPolicy.java:meetCriteria(91)) - Pipeline Placement: can't place more pipeline on heavy datanode： b0fcdca4-42c6-4f14-bbe3-9c28c8ef5fa0 Heaviness: 6 limit: 5
2019-09-25 11:53:08,237 [RatisPipelineUtilsThread] ERROR pipeline.PipelinePlacementPolicy (PipelinePlacementPolicy.java:filterViableNodes(148)) - Unable to find enough nodes that meet the criteria that cannot engage in more than 5 pipelines. Nodes required: 1 Found: 0, healthy nodes count inNodeManager: 3.
2019-09-25 11:53:08,237 [RatisPipelineUtilsThread] ERROR pipeline.SCMPipelineManager (SCMPipelineManager.java:createPipeline(167)) - Pipeline creation failed.
org.apache.hadoop.hdds.scm.exceptions.SCMException: Unable to find enough nodes that meet the criteria that cannot engage in more than 5 pipelines. Nodes required: 1 Found: 0, healthy nodes count inNodeManager: 3.
	at org.apache.hadoop.hdds.scm.pipeline.PipelinePlacementPolicy.filterViableNodes(PipelinePlacementPolicy.java:149)
	at org.apache.hadoop.hdds.scm.pipeline.PipelinePlacementPolicy.chooseDatanodes(PipelinePlacementPolicy.java:172)
	at org.apache.hadoop.hdds.scm.pipeline.RatisPipelineProvider.create(RatisPipelineProvider.java:93)
	at org.apache.hadoop.hdds.scm.pipeline.PipelineFactory.create(PipelineFactory.java:58)
	at org.apache.hadoop.hdds.scm.pipeline.SCMPipelineManager.createPipeline(SCMPipelineManager.java:155)
	at org.apache.hadoop.hdds.scm.pipeline.BackgroundPipelineCreator.createPipelines(BackgroundPipelineCreator.java:99)
	at java.util.concurrent.Executors$RunnableAdapter.call(Executors.java:511)
	at java.util.concurrent.FutureTask.run(FutureTask.java:266)
	at java.util.concurrent.ScheduledThreadPoolExecutor$ScheduledFutureTask.access$201(ScheduledThreadPoolExecutor.java:180)
	at java.util.concurrent.ScheduledThreadPoolExecutor$ScheduledFutureTask.run(ScheduledThreadPoolExecutor.java:293)
	at java.util.concurrent.ThreadPoolExecutor.runWorker(ThreadPoolExecutor.java:1149)
	at java.util.concurrent.ThreadPoolExecutor$Worker.run(ThreadPoolExecutor.java:624)
	at java.lang.Thread.run(Thread.java:748)
2019-09-25 11:53:08,238 [RatisPipelineUtilsThread] INFO  pipeline.PipelinePlacementPolicy (PipelinePlacementPolicy.java:meetCriteria(91)) - Pipeline Placement: can't place more pipeline on heavy datanode： 92c2e3dd-e0c1-4b1f-96bb-d8ce5a005ea4 Heaviness: 6 limit: 5
2019-09-25 11:53:08,238 [RatisPipelineUtilsThread] INFO  pipeline.PipelinePlacementPolicy (PipelinePlacementPolicy.java:meetCriteria(91)) - Pipeline Placement: can't place more pipeline on heavy datanode： 1b364aeb-4436-4f90-ad4a-028e7293e309 Heaviness: 6 limit: 5
2019-09-25 11:53:08,238 [RatisPipelineUtilsThread] INFO  pipeline.PipelinePlacementPolicy (PipelinePlacementPolicy.java:meetCriteria(91)) - Pipeline Placement: can't place more pipeline on heavy datanode： b0fcdca4-42c6-4f14-bbe3-9c28c8ef5fa0 Heaviness: 6 limit: 5
2019-09-25 11:53:08,238 [RatisPipelineUtilsThread] ERROR pipeline.PipelinePlacementPolicy (PipelinePlacementPolicy.java:filterViableNodes(148)) - Unable to find enough nodes that meet the criteria that cannot engage in more than 5 pipelines. Nodes required: 3 Found: 0, healthy nodes count inNodeManager: 3.
2019-09-25 11:53:08,238 [RatisPipelineUtilsThread] ERROR pipeline.SCMPipelineManager (SCMPipelineManager.java:createPipeline(167)) - Pipeline creation failed.
org.apache.hadoop.hdds.scm.exceptions.SCMException: Unable to find enough nodes that meet the criteria that cannot engage in more than 5 pipelines. Nodes required: 3 Found: 0, healthy nodes count inNodeManager: 3.
	at org.apache.hadoop.hdds.scm.pipeline.PipelinePlacementPolicy.filterViableNodes(PipelinePlacementPolicy.java:149)
	at org.apache.hadoop.hdds.scm.pipeline.PipelinePlacementPolicy.chooseDatanodes(PipelinePlacementPolicy.java:172)
	at org.apache.hadoop.hdds.scm.pipeline.RatisPipelineProvider.create(RatisPipelineProvider.java:93)
	at org.apache.hadoop.hdds.scm.pipeline.PipelineFactory.create(PipelineFactory.java:58)
	at org.apache.hadoop.hdds.scm.pipeline.SCMPipelineManager.createPipeline(SCMPipelineManager.java:155)
	at org.apache.hadoop.hdds.scm.pipeline.BackgroundPipelineCreator.createPipelines(BackgroundPipelineCreator.java:99)
	at java.util.concurrent.Executors$RunnableAdapter.call(Executors.java:511)
	at java.util.concurrent.FutureTask.run(FutureTask.java:266)
	at java.util.concurrent.ScheduledThreadPoolExecutor$ScheduledFutureTask.access$201(ScheduledThreadPoolExecutor.java:180)
	at java.util.concurrent.ScheduledThreadPoolExecutor$ScheduledFutureTask.run(ScheduledThreadPoolExecutor.java:293)
	at java.util.concurrent.ThreadPoolExecutor.runWorker(ThreadPoolExecutor.java:1149)
	at java.util.concurrent.ThreadPoolExecutor$Worker.run(ThreadPoolExecutor.java:624)
	at java.lang.Thread.run(Thread.java:748)
2019-09-25 11:53:08,239 [RatisPipelineUtilsThread] INFO  pipeline.PipelinePlacementPolicy (PipelinePlacementPolicy.java:meetCriteria(91)) - Pipeline Placement: can't place more pipeline on heavy datanode： 92c2e3dd-e0c1-4b1f-96bb-d8ce5a005ea4 Heaviness: 6 limit: 5
2019-09-25 11:53:08,239 [RatisPipelineUtilsThread] INFO  pipeline.PipelinePlacementPolicy (PipelinePlacementPolicy.java:meetCriteria(91)) - Pipeline Placement: can't place more pipeline on heavy datanode： 1b364aeb-4436-4f90-ad4a-028e7293e309 Heaviness: 6 limit: 5
2019-09-25 11:53:08,239 [RatisPipelineUtilsThread] INFO  pipeline.PipelinePlacementPolicy (PipelinePlacementPolicy.java:meetCriteria(91)) - Pipeline Placement: can't place more pipeline on heavy datanode： b0fcdca4-42c6-4f14-bbe3-9c28c8ef5fa0 Heaviness: 6 limit: 5
2019-09-25 11:53:08,239 [RatisPipelineUtilsThread] ERROR pipeline.PipelinePlacementPolicy (PipelinePlacementPolicy.java:filterViableNodes(148)) - Unable to find enough nodes that meet the criteria that cannot engage in more than 5 pipelines. Nodes required: 1 Found: 0, healthy nodes count inNodeManager: 3.
2019-09-25 11:53:08,239 [RatisPipelineUtilsThread] ERROR pipeline.SCMPipelineManager (SCMPipelineManager.java:createPipeline(167)) - Pipeline creation failed.
org.apache.hadoop.hdds.scm.exceptions.SCMException: Unable to find enough nodes that meet the criteria that cannot engage in more than 5 pipelines. Nodes required: 1 Found: 0, healthy nodes count inNodeManager: 3.
	at org.apache.hadoop.hdds.scm.pipeline.PipelinePlacementPolicy.filterViableNodes(PipelinePlacementPolicy.java:149)
	at org.apache.hadoop.hdds.scm.pipeline.PipelinePlacementPolicy.chooseDatanodes(PipelinePlacementPolicy.java:172)
	at org.apache.hadoop.hdds.scm.pipeline.RatisPipelineProvider.create(RatisPipelineProvider.java:93)
	at org.apache.hadoop.hdds.scm.pipeline.PipelineFactory.create(PipelineFactory.java:58)
	at org.apache.hadoop.hdds.scm.pipeline.SCMPipelineManager.createPipeline(SCMPipelineManager.java:155)
	at org.apache.hadoop.hdds.scm.pipeline.BackgroundPipelineCreator.createPipelines(BackgroundPipelineCreator.java:99)
	at org.apache.hadoop.hdds.scm.pipeline.BackgroundPipelineCreator.lambda$startFixedIntervalPipelineCreator$0(BackgroundPipelineCreator.java:70)
	at java.util.concurrent.Executors$RunnableAdapter.call(Executors.java:511)
	at java.util.concurrent.FutureTask.runAndReset(FutureTask.java:308)
	at java.util.concurrent.ScheduledThreadPoolExecutor$ScheduledFutureTask.access$301(ScheduledThreadPoolExecutor.java:180)
	at java.util.concurrent.ScheduledThreadPoolExecutor$ScheduledFutureTask.run(ScheduledThreadPoolExecutor.java:294)
	at java.util.concurrent.ThreadPoolExecutor.runWorker(ThreadPoolExecutor.java:1149)
	at java.util.concurrent.ThreadPoolExecutor$Worker.run(ThreadPoolExecutor.java:624)
	at java.lang.Thread.run(Thread.java:748)
2019-09-25 11:53:08,240 [RatisPipelineUtilsThread] INFO  pipeline.PipelinePlacementPolicy (PipelinePlacementPolicy.java:meetCriteria(91)) - Pipeline Placement: can't place more pipeline on heavy datanode： 92c2e3dd-e0c1-4b1f-96bb-d8ce5a005ea4 Heaviness: 6 limit: 5
2019-09-25 11:53:08,240 [RatisPipelineUtilsThread] INFO  pipeline.PipelinePlacementPolicy (PipelinePlacementPolicy.java:meetCriteria(91)) - Pipeline Placement: can't place more pipeline on heavy datanode： 1b364aeb-4436-4f90-ad4a-028e7293e309 Heaviness: 6 limit: 5
2019-09-25 11:53:08,240 [RatisPipelineUtilsThread] INFO  pipeline.PipelinePlacementPolicy (PipelinePlacementPolicy.java:meetCriteria(91)) - Pipeline Placement: can't place more pipeline on heavy datanode： b0fcdca4-42c6-4f14-bbe3-9c28c8ef5fa0 Heaviness: 6 limit: 5
2019-09-25 11:53:08,240 [RatisPipelineUtilsThread] ERROR pipeline.PipelinePlacementPolicy (PipelinePlacementPolicy.java:filterViableNodes(148)) - Unable to find enough nodes that meet the criteria that cannot engage in more than 5 pipelines. Nodes required: 3 Found: 0, healthy nodes count inNodeManager: 3.
2019-09-25 11:53:08,240 [RatisPipelineUtilsThread] ERROR pipeline.SCMPipelineManager (SCMPipelineManager.java:createPipeline(167)) - Pipeline creation failed.
org.apache.hadoop.hdds.scm.exceptions.SCMException: Unable to find enough nodes that meet the criteria that cannot engage in more than 5 pipelines. Nodes required: 3 Found: 0, healthy nodes count inNodeManager: 3.
	at org.apache.hadoop.hdds.scm.pipeline.PipelinePlacementPolicy.filterViableNodes(PipelinePlacementPolicy.java:149)
	at org.apache.hadoop.hdds.scm.pipeline.PipelinePlacementPolicy.chooseDatanodes(PipelinePlacementPolicy.java:172)
	at org.apache.hadoop.hdds.scm.pipeline.RatisPipelineProvider.create(RatisPipelineProvider.java:93)
	at org.apache.hadoop.hdds.scm.pipeline.PipelineFactory.create(PipelineFactory.java:58)
	at org.apache.hadoop.hdds.scm.pipeline.SCMPipelineManager.createPipeline(SCMPipelineManager.java:155)
	at org.apache.hadoop.hdds.scm.pipeline.BackgroundPipelineCreator.createPipelines(BackgroundPipelineCreator.java:99)
	at org.apache.hadoop.hdds.scm.pipeline.BackgroundPipelineCreator.lambda$startFixedIntervalPipelineCreator$0(BackgroundPipelineCreator.java:70)
	at java.util.concurrent.Executors$RunnableAdapter.call(Executors.java:511)
	at java.util.concurrent.FutureTask.runAndReset(FutureTask.java:308)
	at java.util.concurrent.ScheduledThreadPoolExecutor$ScheduledFutureTask.access$301(ScheduledThreadPoolExecutor.java:180)
	at java.util.concurrent.ScheduledThreadPoolExecutor$ScheduledFutureTask.run(ScheduledThreadPoolExecutor.java:294)
	at java.util.concurrent.ThreadPoolExecutor.runWorker(ThreadPoolExecutor.java:1149)
	at java.util.concurrent.ThreadPoolExecutor$Worker.run(ThreadPoolExecutor.java:624)
	at java.lang.Thread.run(Thread.java:748)
2019-09-25 11:53:08,490 [Thread-528] INFO  ozone.MiniOzoneClusterImpl (MiniOzoneClusterImpl.java:lambda$waitForClusterToBeReady$0(147)) - Cluster is ready. Got 3 of 3 DN Heartbeats.
2019-09-25 11:53:08,536 [Thread-528] INFO  rpc.RpcClient (RpcClient.java:createVolume(276)) - Creating Volume: volume96770, with user02329 as owner.
2019-09-25 11:53:08,540 [IPC Server handler 0 on 45381] INFO  volume.OMVolumeCreateRequest (OMVolumeCreateRequest.java:validateAndUpdateCache(189)) - created volume:volume96770 for user:user02329
2019-09-25 11:53:08,552 [Thread-528] INFO  rpc.RpcClient (RpcClient.java:createBucket(415)) - Creating Bucket: volume96770/bucket08476, with Versioning false and Storage Type set to DISK and Encryption set to false 
2019-09-25 11:53:08,630 [IPC Server handler 1 on 41050] INFO  pipeline.PipelinePlacementPolicy (PipelinePlacementPolicy.java:meetCriteria(91)) - Pipeline Placement: can't place more pipeline on heavy datanode： 92c2e3dd-e0c1-4b1f-96bb-d8ce5a005ea4 Heaviness: 6 limit: 5
2019-09-25 11:53:08,630 [IPC Server handler 1 on 41050] INFO  pipeline.PipelinePlacementPolicy (PipelinePlacementPolicy.java:meetCriteria(91)) - Pipeline Placement: can't place more pipeline on heavy datanode： 1b364aeb-4436-4f90-ad4a-028e7293e309 Heaviness: 6 limit: 5
2019-09-25 11:53:08,631 [IPC Server handler 1 on 41050] INFO  pipeline.PipelinePlacementPolicy (PipelinePlacementPolicy.java:meetCriteria(91)) - Pipeline Placement: can't place more pipeline on heavy datanode： b0fcdca4-42c6-4f14-bbe3-9c28c8ef5fa0 Heaviness: 6 limit: 5
2019-09-25 11:53:08,631 [IPC Server handler 1 on 41050] ERROR pipeline.PipelinePlacementPolicy (PipelinePlacementPolicy.java:filterViableNodes(148)) - Unable to find enough nodes that meet the criteria that cannot engage in more than 5 pipelines. Nodes required: 3 Found: 0, healthy nodes count inNodeManager: 3.
2019-09-25 11:53:08,631 [IPC Server handler 1 on 41050] ERROR pipeline.SCMPipelineManager (SCMPipelineManager.java:createPipeline(167)) - Pipeline creation failed.
org.apache.hadoop.hdds.scm.exceptions.SCMException: Unable to find enough nodes that meet the criteria that cannot engage in more than 5 pipelines. Nodes required: 3 Found: 0, healthy nodes count inNodeManager: 3.
	at org.apache.hadoop.hdds.scm.pipeline.PipelinePlacementPolicy.filterViableNodes(PipelinePlacementPolicy.java:149)
	at org.apache.hadoop.hdds.scm.pipeline.PipelinePlacementPolicy.chooseDatanodes(PipelinePlacementPolicy.java:172)
	at org.apache.hadoop.hdds.scm.pipeline.RatisPipelineProvider.create(RatisPipelineProvider.java:93)
	at org.apache.hadoop.hdds.scm.pipeline.PipelineFactory.create(PipelineFactory.java:58)
	at org.apache.hadoop.hdds.scm.pipeline.SCMPipelineManager.createPipeline(SCMPipelineManager.java:155)
	at org.apache.hadoop.hdds.scm.block.BlockManagerImpl.allocateBlock(BlockManagerImpl.java:190)
	at org.apache.hadoop.hdds.scm.server.SCMBlockProtocolServer.allocateBlock(SCMBlockProtocolServer.java:182)
	at org.apache.hadoop.ozone.protocolPB.ScmBlockLocationProtocolServerSideTranslatorPB.allocateScmBlock(ScmBlockLocationProtocolServerSideTranslatorPB.java:183)
	at org.apache.hadoop.ozone.protocolPB.ScmBlockLocationProtocolServerSideTranslatorPB.processMessage(ScmBlockLocationProtocolServerSideTranslatorPB.java:141)
	at org.apache.hadoop.ozone.protocolPB.ScmBlockLocationProtocolServerSideTranslatorPB.send(ScmBlockLocationProtocolServerSideTranslatorPB.java:116)
	at org.apache.hadoop.hdds.protocol.proto.ScmBlockLocationProtocolProtos$ScmBlockLocationProtocolService$2.callBlockingMethod(ScmBlockLocationProtocolProtos.java:13157)
	at org.apache.hadoop.ipc.ProtobufRpcEngine$Server$ProtoBufRpcInvoker.call(ProtobufRpcEngine.java:524)
	at org.apache.hadoop.ipc.RPC$Server.call(RPC.java:1025)
	at org.apache.hadoop.ipc.Server$RpcCall.run(Server.java:876)
	at org.apache.hadoop.ipc.Server$RpcCall.run(Server.java:822)
	at java.security.AccessController.doPrivileged(Native Method)
	at javax.security.auth.Subject.doAs(Subject.java:422)
	at org.apache.hadoop.security.UserGroupInformation.doAs(UserGroupInformation.java:1730)
	at org.apache.hadoop.ipc.Server$Handler.run(Server.java:2682)
2019-09-25 11:53:08,631 [IPC Server handler 1 on 41050] WARN  block.BlockManagerImpl (BlockManagerImpl.java:allocateBlock(192)) - Pipeline creation failed for type:RATIS factor:THREE. Retrying get pipelines call once.
org.apache.hadoop.hdds.scm.exceptions.SCMException: Unable to find enough nodes that meet the criteria that cannot engage in more than 5 pipelines. Nodes required: 3 Found: 0, healthy nodes count inNodeManager: 3.
	at org.apache.hadoop.hdds.scm.pipeline.PipelinePlacementPolicy.filterViableNodes(PipelinePlacementPolicy.java:149)
	at org.apache.hadoop.hdds.scm.pipeline.PipelinePlacementPolicy.chooseDatanodes(PipelinePlacementPolicy.java:172)
	at org.apache.hadoop.hdds.scm.pipeline.RatisPipelineProvider.create(RatisPipelineProvider.java:93)
	at org.apache.hadoop.hdds.scm.pipeline.PipelineFactory.create(PipelineFactory.java:58)
	at org.apache.hadoop.hdds.scm.pipeline.SCMPipelineManager.createPipeline(SCMPipelineManager.java:155)
	at org.apache.hadoop.hdds.scm.block.BlockManagerImpl.allocateBlock(BlockManagerImpl.java:190)
	at org.apache.hadoop.hdds.scm.server.SCMBlockProtocolServer.allocateBlock(SCMBlockProtocolServer.java:182)
	at org.apache.hadoop.ozone.protocolPB.ScmBlockLocationProtocolServerSideTranslatorPB.allocateScmBlock(ScmBlockLocationProtocolServerSideTranslatorPB.java:183)
	at org.apache.hadoop.ozone.protocolPB.ScmBlockLocationProtocolServerSideTranslatorPB.processMessage(ScmBlockLocationProtocolServerSideTranslatorPB.java:141)
	at org.apache.hadoop.ozone.protocolPB.ScmBlockLocationProtocolServerSideTranslatorPB.send(ScmBlockLocationProtocolServerSideTranslatorPB.java:116)
	at org.apache.hadoop.hdds.protocol.proto.ScmBlockLocationProtocolProtos$ScmBlockLocationProtocolService$2.callBlockingMethod(ScmBlockLocationProtocolProtos.java:13157)
	at org.apache.hadoop.ipc.ProtobufRpcEngine$Server$ProtoBufRpcInvoker.call(ProtobufRpcEngine.java:524)
	at org.apache.hadoop.ipc.RPC$Server.call(RPC.java:1025)
	at org.apache.hadoop.ipc.Server$RpcCall.run(Server.java:876)
	at org.apache.hadoop.ipc.Server$RpcCall.run(Server.java:822)
	at java.security.AccessController.doPrivileged(Native Method)
	at javax.security.auth.Subject.doAs(Subject.java:422)
	at org.apache.hadoop.security.UserGroupInformation.doAs(UserGroupInformation.java:1730)
	at org.apache.hadoop.ipc.Server$Handler.run(Server.java:2682)
2019-09-25 11:53:08,632 [IPC Server handler 1 on 41050] INFO  block.BlockManagerImpl (BlockManagerImpl.java:allocateBlock(198)) - Could not find available pipeline of type:RATIS and factor:THREE even after retrying
2019-09-25 11:53:08,632 [IPC Server handler 1 on 41050] ERROR block.BlockManagerImpl (BlockManagerImpl.java:allocateBlock(222)) - Unable to allocate a block for the size: 4194304, type: RATIS, factor: THREE
2019-09-25 11:53:08,637 [Thread-528] INFO  ozone.MiniOzoneClusterImpl (MiniOzoneClusterImpl.java:shutdown(314)) - Shutting down the Mini Ozone Cluster
2019-09-25 11:53:08,639 [Thread-528] INFO  ozone.MiniOzoneClusterImpl (MiniOzoneClusterImpl.java:stop(330)) - Stopping the Mini Ozone Cluster
2019-09-25 11:53:08,639 [Thread-528] INFO  ozone.MiniOzoneClusterImpl (MiniOzoneClusterImpl.java:stopOM(400)) - Stopping the OzoneManager
2019-09-25 11:53:08,639 [Thread-528] INFO  ipc.Server (Server.java:stop(3082)) - Stopping server on 45381
2019-09-25 11:53:08,643 [IPC Server listener on 45381] INFO  ipc.Server (Server.java:run(1185)) - Stopping IPC Server listener on 45381
2019-09-25 11:53:08,643 [IPC Server Responder] INFO  ipc.Server (Server.java:run(1319)) - Stopping IPC Server Responder
2019-09-25 11:53:08,643 [Thread-528] INFO  ratis.OzoneManagerDoubleBuffer (OzoneManagerDoubleBuffer.java:stop(248)) - Stopping OMDoubleBuffer flush thread
2019-09-25 11:53:08,645 [OMDoubleBufferFlushThread] INFO  ratis.OzoneManagerDoubleBuffer (OzoneManagerDoubleBuffer.java:flushTransactions(191)) - OMDoubleBuffer flush thread OMDoubleBufferFlushThread is interrupted and will exit. OMDoubleBufferFlushThread
2019-09-25 11:53:08,645 [Thread-528] INFO  utils.BackgroundService (BackgroundService.java:shutdown(148)) - Shutting down service KeyDeletingService
2019-09-25 11:53:08,664 [Thread-528] INFO  handler.ContextHandler (ContextHandler.java:doStop(910)) - Stopped o.e.j.w.WebAppContext@4313a59a{/,null,UNAVAILABLE}{/ozoneManager}
2019-09-25 11:53:08,665 [Thread-528] INFO  server.AbstractConnector (AbstractConnector.java:doStop(318)) - Stopped ServerConnector@7877567f{HTTP/1.1,[http/1.1]}{0.0.0.0:0}
2019-09-25 11:53:08,665 [Thread-528] INFO  handler.ContextHandler (ContextHandler.java:doStop(910)) - Stopped o.e.j.s.ServletContextHandler@b121929{/static,jar:file:/home/user/.m2/repository/org/apache/hadoop/hadoop-ozone-ozone-manager/0.5.0-SNAPSHOT/hadoop-ozone-ozone-manager-0.5.0-SNAPSHOT.jar!/webapps/static,UNAVAILABLE}
2019-09-25 11:53:08,666 [Thread-528] INFO  handler.ContextHandler (ContextHandler.java:doStop(910)) - Stopped o.e.j.s.ServletContextHandler@6ea7ea46{/logs,file:///workdir/hadoop-ozone/ozonefs/target/log,UNAVAILABLE}
2019-09-25 11:53:08,668 [Thread-528] INFO  ozone.MiniOzoneClusterImpl (MiniOzoneClusterImpl.java:stopDatanodes(377)) - Stopping the HddsDatanodes
2019-09-25 11:53:09,327 [Datanode State Machine Thread - 0] INFO  statemachine.DatanodeStateMachine (DatanodeStateMachine.java:lambda$startDaemon$0(350)) - Ozone container server started.
2019-09-25 11:53:09,396 [Datanode State Machine Thread - 0] INFO  statemachine.DatanodeStateMachine (DatanodeStateMachine.java:lambda$startDaemon$0(350)) - Ozone container server started.
2019-09-25 11:53:10,338 [Thread-700] INFO  container.ReplicationManager (ReplicationManager.java:start(163)) - Starting Replication Monitor Thread.
2019-09-25 11:53:10,341 [ReplicationMonitor] INFO  container.ReplicationManager (ReplicationManager.java:run(226)) - Replication Monitor Thread took 0 milliseconds for processing 0 containers.
2019-09-25 11:53:12,536 [Thread-705] INFO  impl.FollowerState (FollowerState.java:run(106)) - b0fcdca4-42c6-4f14-bbe3-9c28c8ef5fa0:group-DC0BCE872915 changes to CANDIDATE, lastRpcTime:5079, electionTimeout:5079ms
2019-09-25 11:53:12,537 [Thread-705] INFO  impl.RoleInfo (RoleInfo.java:shutdownFollowerState(121)) - b0fcdca4-42c6-4f14-bbe3-9c28c8ef5fa0: shutdown FollowerState
2019-09-25 11:53:12,537 [Thread-705] INFO  impl.RaftServerImpl (RaftServerImpl.java:setRole(174)) - b0fcdca4-42c6-4f14-bbe3-9c28c8ef5fa0@group-DC0BCE872915: changes role from  FOLLOWER to CANDIDATE at term 0 for changeToCandidate
2019-09-25 11:53:12,537 [Thread-705] INFO  impl.RoleInfo (RoleInfo.java:updateAndGet(143)) - b0fcdca4-42c6-4f14-bbe3-9c28c8ef5fa0: start LeaderElection
2019-09-25 11:53:12,554 [Thread-702] INFO  impl.FollowerState (FollowerState.java:run(106)) - b0fcdca4-42c6-4f14-bbe3-9c28c8ef5fa0:group-1212F557A642 changes to CANDIDATE, lastRpcTime:5149, electionTimeout:5149ms
2019-09-25 11:53:12,555 [Thread-702] INFO  impl.RoleInfo (RoleInfo.java:shutdownFollowerState(121)) - b0fcdca4-42c6-4f14-bbe3-9c28c8ef5fa0: shutdown FollowerState
2019-09-25 11:53:12,555 [Thread-702] INFO  impl.RaftServerImpl (RaftServerImpl.java:setRole(174)) - b0fcdca4-42c6-4f14-bbe3-9c28c8ef5fa0@group-1212F557A642: changes role from  FOLLOWER to CANDIDATE at term 0 for changeToCandidate
2019-09-25 11:53:12,555 [Thread-702] INFO  impl.RoleInfo (RoleInfo.java:updateAndGet(143)) - b0fcdca4-42c6-4f14-bbe3-9c28c8ef5fa0: start LeaderElection
2019-09-25 11:53:12,601 [Thread-708] INFO  impl.FollowerState (FollowerState.java:run(106)) - b0fcdca4-42c6-4f14-bbe3-9c28c8ef5fa0:group-B2E83DCD710D changes to CANDIDATE, lastRpcTime:5087, electionTimeout:5087ms
2019-09-25 11:53:12,601 [Thread-708] INFO  impl.RoleInfo (RoleInfo.java:shutdownFollowerState(121)) - b0fcdca4-42c6-4f14-bbe3-9c28c8ef5fa0: shutdown FollowerState
2019-09-25 11:53:12,601 [Thread-708] INFO  impl.RaftServerImpl (RaftServerImpl.java:setRole(174)) - b0fcdca4-42c6-4f14-bbe3-9c28c8ef5fa0@group-B2E83DCD710D: changes role from  FOLLOWER to CANDIDATE at term 0 for changeToCandidate
2019-09-25 11:53:12,601 [Thread-708] INFO  impl.RoleInfo (RoleInfo.java:updateAndGet(143)) - b0fcdca4-42c6-4f14-bbe3-9c28c8ef5fa0: start LeaderElection
2019-09-25 11:53:12,630 [b0fcdca4-42c6-4f14-bbe3-9c28c8ef5fa0@group-DC0BCE872915:LeaderElection34] INFO  impl.LeaderElection (LeaderElection.java:askForVotes(182)) - b0fcdca4-42c6-4f14-bbe3-9c28c8ef5fa0@group-DC0BCE872915:LeaderElection34: begin an election at term 1 for -1: [b0fcdca4-42c6-4f14-bbe3-9c28c8ef5fa0:192.168.30.6:45761], old=null
2019-09-25 11:53:12,631 [b0fcdca4-42c6-4f14-bbe3-9c28c8ef5fa0@group-DC0BCE872915:LeaderElection34] INFO  impl.RoleInfo (RoleInfo.java:shutdownLeaderElection(134)) - b0fcdca4-42c6-4f14-bbe3-9c28c8ef5fa0: shutdown LeaderElection
2019-09-25 11:53:12,631 [b0fcdca4-42c6-4f14-bbe3-9c28c8ef5fa0@group-DC0BCE872915:LeaderElection34] INFO  impl.RaftServerImpl (RaftServerImpl.java:setRole(174)) - b0fcdca4-42c6-4f14-bbe3-9c28c8ef5fa0@group-DC0BCE872915: changes role from CANDIDATE to LEADER at term 1 for changeToLeader
2019-09-25 11:53:12,631 [b0fcdca4-42c6-4f14-bbe3-9c28c8ef5fa0@group-DC0BCE872915:LeaderElection34] INFO  impl.RaftServerImpl (ServerState.java:setLeader(253)) - b0fcdca4-42c6-4f14-bbe3-9c28c8ef5fa0@group-DC0BCE872915: change Leader from null to b0fcdca4-42c6-4f14-bbe3-9c28c8ef5fa0 at term 1 for becomeLeader, leader elected after 5181ms
2019-09-25 11:53:12,632 [b0fcdca4-42c6-4f14-bbe3-9c28c8ef5fa0@group-DC0BCE872915:LeaderElection34] INFO  server.RaftServerConfigKeys (ConfUtils.java:logGet(43)) - raft.server.staging.catchup.gap = 1000 (default)
2019-09-25 11:53:12,632 [b0fcdca4-42c6-4f14-bbe3-9c28c8ef5fa0@group-DC0BCE872915:LeaderElection34] INFO  server.RaftServerConfigKeys (ConfUtils.java:logGet(43)) - raft.server.rpc.sleep.time = 25ms (default)
2019-09-25 11:53:12,632 [b0fcdca4-42c6-4f14-bbe3-9c28c8ef5fa0@group-DC0BCE872915:LeaderElection34] INFO  server.RaftServerConfigKeys (ConfUtils.java:logGet(43)) - raft.server.write.element-limit = 4096 (default)
2019-09-25 11:53:12,632 [b0fcdca4-42c6-4f14-bbe3-9c28c8ef5fa0@group-DC0BCE872915:LeaderElection34] INFO  server.RaftServerConfigKeys (ConfUtils.java:logGet(43)) - raft.server.watch.timeout = 10s (default)
2019-09-25 11:53:12,632 [b0fcdca4-42c6-4f14-bbe3-9c28c8ef5fa0@group-DC0BCE872915:LeaderElection34] INFO  server.RaftServerConfigKeys (ConfUtils.java:logGet(43)) - raft.server.watch.timeout.denomination = 1s (default)
2019-09-25 11:53:12,633 [b0fcdca4-42c6-4f14-bbe3-9c28c8ef5fa0@group-DC0BCE872915:LeaderElection34] INFO  server.RaftServerConfigKeys (ConfUtils.java:logGet(43)) - raft.server.watch.element-limit = 65536 (default)
2019-09-25 11:53:12,634 [Thread-711] INFO  impl.FollowerState (FollowerState.java:run(106)) - b0fcdca4-42c6-4f14-bbe3-9c28c8ef5fa0:group-B15113D9CE8C changes to CANDIDATE, lastRpcTime:5060, electionTimeout:5056ms
2019-09-25 11:53:12,634 [Thread-711] INFO  impl.RoleInfo (RoleInfo.java:shutdownFollowerState(121)) - b0fcdca4-42c6-4f14-bbe3-9c28c8ef5fa0: shutdown FollowerState
2019-09-25 11:53:12,634 [Thread-711] INFO  impl.RaftServerImpl (RaftServerImpl.java:setRole(174)) - b0fcdca4-42c6-4f14-bbe3-9c28c8ef5fa0@group-B15113D9CE8C: changes role from  FOLLOWER to CANDIDATE at term 0 for changeToCandidate
2019-09-25 11:53:12,634 [Thread-711] INFO  impl.RoleInfo (RoleInfo.java:updateAndGet(143)) - b0fcdca4-42c6-4f14-bbe3-9c28c8ef5fa0: start LeaderElection
2019-09-25 11:53:12,635 [b0fcdca4-42c6-4f14-bbe3-9c28c8ef5fa0@group-1212F557A642:LeaderElection35] INFO  impl.LeaderElection (LeaderElection.java:askForVotes(182)) - b0fcdca4-42c6-4f14-bbe3-9c28c8ef5fa0@group-1212F557A642:LeaderElection35: begin an election at term 1 for -1: [b0fcdca4-42c6-4f14-bbe3-9c28c8ef5fa0:192.168.30.6:45761], old=null
2019-09-25 11:53:12,635 [b0fcdca4-42c6-4f14-bbe3-9c28c8ef5fa0@group-B2E83DCD710D:LeaderElection36] INFO  impl.LeaderElection (LeaderElection.java:askForVotes(182)) - b0fcdca4-42c6-4f14-bbe3-9c28c8ef5fa0@group-B2E83DCD710D:LeaderElection36: begin an election at term 1 for -1: [b0fcdca4-42c6-4f14-bbe3-9c28c8ef5fa0:192.168.30.6:45761], old=null
2019-09-25 11:53:12,640 [b0fcdca4-42c6-4f14-bbe3-9c28c8ef5fa0@group-1212F557A642:LeaderElection35] INFO  impl.RoleInfo (RoleInfo.java:shutdownLeaderElection(134)) - b0fcdca4-42c6-4f14-bbe3-9c28c8ef5fa0: shutdown LeaderElection
2019-09-25 11:53:12,640 [b0fcdca4-42c6-4f14-bbe3-9c28c8ef5fa0@group-B2E83DCD710D:LeaderElection36] INFO  impl.RoleInfo (RoleInfo.java:shutdownLeaderElection(134)) - b0fcdca4-42c6-4f14-bbe3-9c28c8ef5fa0: shutdown LeaderElection
2019-09-25 11:53:12,640 [b0fcdca4-42c6-4f14-bbe3-9c28c8ef5fa0@group-1212F557A642:LeaderElection35] INFO  impl.RaftServerImpl (RaftServerImpl.java:setRole(174)) - b0fcdca4-42c6-4f14-bbe3-9c28c8ef5fa0@group-1212F557A642: changes role from CANDIDATE to LEADER at term 1 for changeToLeader
2019-09-25 11:53:12,641 [b0fcdca4-42c6-4f14-bbe3-9c28c8ef5fa0@group-B2E83DCD710D:LeaderElection36] INFO  impl.RaftServerImpl (RaftServerImpl.java:setRole(174)) - b0fcdca4-42c6-4f14-bbe3-9c28c8ef5fa0@group-B2E83DCD710D: changes role from CANDIDATE to LEADER at term 1 for changeToLeader
2019-09-25 11:53:12,641 [b0fcdca4-42c6-4f14-bbe3-9c28c8ef5fa0@group-B2E83DCD710D:LeaderElection36] INFO  impl.RaftServerImpl (ServerState.java:setLeader(253)) - b0fcdca4-42c6-4f14-bbe3-9c28c8ef5fa0@group-B2E83DCD710D: change Leader from null to b0fcdca4-42c6-4f14-bbe3-9c28c8ef5fa0 at term 1 for becomeLeader, leader elected after 5135ms
2019-09-25 11:53:12,641 [b0fcdca4-42c6-4f14-bbe3-9c28c8ef5fa0@group-1212F557A642:LeaderElection35] INFO  impl.RaftServerImpl (ServerState.java:setLeader(253)) - b0fcdca4-42c6-4f14-bbe3-9c28c8ef5fa0@group-1212F557A642: change Leader from null to b0fcdca4-42c6-4f14-bbe3-9c28c8ef5fa0 at term 1 for becomeLeader, leader elected after 5246ms
2019-09-25 11:53:12,641 [b0fcdca4-42c6-4f14-bbe3-9c28c8ef5fa0@group-B2E83DCD710D:LeaderElection36] INFO  server.RaftServerConfigKeys (ConfUtils.java:logGet(43)) - raft.server.staging.catchup.gap = 1000 (default)
2019-09-25 11:53:12,641 [b0fcdca4-42c6-4f14-bbe3-9c28c8ef5fa0@group-1212F557A642:LeaderElection35] INFO  server.RaftServerConfigKeys (ConfUtils.java:logGet(43)) - raft.server.staging.catchup.gap = 1000 (default)
2019-09-25 11:53:12,641 [b0fcdca4-42c6-4f14-bbe3-9c28c8ef5fa0@group-B2E83DCD710D:LeaderElection36] INFO  server.RaftServerConfigKeys (ConfUtils.java:logGet(43)) - raft.server.rpc.sleep.time = 25ms (default)
2019-09-25 11:53:12,642 [b0fcdca4-42c6-4f14-bbe3-9c28c8ef5fa0@group-1212F557A642:LeaderElection35] INFO  server.RaftServerConfigKeys (ConfUtils.java:logGet(43)) - raft.server.rpc.sleep.time = 25ms (default)
2019-09-25 11:53:12,642 [b0fcdca4-42c6-4f14-bbe3-9c28c8ef5fa0@group-B2E83DCD710D:LeaderElection36] INFO  server.RaftServerConfigKeys (ConfUtils.java:logGet(43)) - raft.server.write.element-limit = 4096 (default)
2019-09-25 11:53:12,642 [b0fcdca4-42c6-4f14-bbe3-9c28c8ef5fa0@group-DC0BCE872915:LeaderElection34] INFO  impl.RoleInfo (RoleInfo.java:updateAndGet(143)) - b0fcdca4-42c6-4f14-bbe3-9c28c8ef5fa0: start LeaderState
2019-09-25 11:53:12,642 [b0fcdca4-42c6-4f14-bbe3-9c28c8ef5fa0@group-B2E83DCD710D:LeaderElection36] INFO  server.RaftServerConfigKeys (ConfUtils.java:logGet(43)) - raft.server.watch.timeout = 10s (default)
2019-09-25 11:53:12,642 [b0fcdca4-42c6-4f14-bbe3-9c28c8ef5fa0@group-1212F557A642:LeaderElection35] INFO  server.RaftServerConfigKeys (ConfUtils.java:logGet(43)) - raft.server.write.element-limit = 4096 (default)
2019-09-25 11:53:12,643 [b0fcdca4-42c6-4f14-bbe3-9c28c8ef5fa0@group-DC0BCE872915:LeaderElection34] INFO  segmented.SegmentedRaftLogWorker (SegmentedRaftLogWorker.java:startLogSegment(380)) - b0fcdca4-42c6-4f14-bbe3-9c28c8ef5fa0@group-DC0BCE872915-SegmentedRaftLogWorker: Starting segment from index:0
2019-09-25 11:53:12,642 [b0fcdca4-42c6-4f14-bbe3-9c28c8ef5fa0@group-B2E83DCD710D:LeaderElection36] INFO  server.RaftServerConfigKeys (ConfUtils.java:logGet(43)) - raft.server.watch.timeout.denomination = 1s (default)
2019-09-25 11:53:12,643 [b0fcdca4-42c6-4f14-bbe3-9c28c8ef5fa0@group-1212F557A642:LeaderElection35] INFO  server.RaftServerConfigKeys (ConfUtils.java:logGet(43)) - raft.server.watch.timeout = 10s (default)
2019-09-25 11:53:12,643 [b0fcdca4-42c6-4f14-bbe3-9c28c8ef5fa0@group-B2E83DCD710D:LeaderElection36] INFO  server.RaftServerConfigKeys (ConfUtils.java:logGet(43)) - raft.server.watch.element-limit = 65536 (default)
2019-09-25 11:53:12,643 [b0fcdca4-42c6-4f14-bbe3-9c28c8ef5fa0@group-1212F557A642:LeaderElection35] INFO  server.RaftServerConfigKeys (ConfUtils.java:logGet(43)) - raft.server.watch.timeout.denomination = 1s (default)
2019-09-25 11:53:12,644 [b0fcdca4-42c6-4f14-bbe3-9c28c8ef5fa0@group-DC0BCE872915:LeaderElection34] INFO  impl.RaftServerImpl (ServerState.java:setRaftConf(354)) - b0fcdca4-42c6-4f14-bbe3-9c28c8ef5fa0@group-DC0BCE872915: set configuration 0: [b0fcdca4-42c6-4f14-bbe3-9c28c8ef5fa0:192.168.30.6:45761], old=null at 0
2019-09-25 11:53:12,644 [b0fcdca4-42c6-4f14-bbe3-9c28c8ef5fa0@group-1212F557A642:LeaderElection35] INFO  server.RaftServerConfigKeys (ConfUtils.java:logGet(43)) - raft.server.watch.element-limit = 65536 (default)
2019-09-25 11:53:12,647 [b0fcdca4-42c6-4f14-bbe3-9c28c8ef5fa0@group-B2E83DCD710D:LeaderElection36] INFO  impl.RoleInfo (RoleInfo.java:updateAndGet(143)) - b0fcdca4-42c6-4f14-bbe3-9c28c8ef5fa0: start LeaderState
2019-09-25 11:53:12,647 [b0fcdca4-42c6-4f14-bbe3-9c28c8ef5fa0@group-B2E83DCD710D:LeaderElection36] INFO  segmented.SegmentedRaftLogWorker (SegmentedRaftLogWorker.java:startLogSegment(380)) - b0fcdca4-42c6-4f14-bbe3-9c28c8ef5fa0@group-B2E83DCD710D-SegmentedRaftLogWorker: Starting segment from index:0
2019-09-25 11:53:12,648 [b0fcdca4-42c6-4f14-bbe3-9c28c8ef5fa0@group-B2E83DCD710D:LeaderElection36] INFO  impl.RaftServerImpl (ServerState.java:setRaftConf(354)) - b0fcdca4-42c6-4f14-bbe3-9c28c8ef5fa0@group-B2E83DCD710D: set configuration 0: [b0fcdca4-42c6-4f14-bbe3-9c28c8ef5fa0:192.168.30.6:45761], old=null at 0
2019-09-25 11:53:12,648 [b0fcdca4-42c6-4f14-bbe3-9c28c8ef5fa0@group-1212F557A642:LeaderElection35] INFO  impl.RoleInfo (RoleInfo.java:updateAndGet(143)) - b0fcdca4-42c6-4f14-bbe3-9c28c8ef5fa0: start LeaderState
2019-09-25 11:53:12,648 [b0fcdca4-42c6-4f14-bbe3-9c28c8ef5fa0@group-1212F557A642:LeaderElection35] INFO  segmented.SegmentedRaftLogWorker (SegmentedRaftLogWorker.java:startLogSegment(380)) - b0fcdca4-42c6-4f14-bbe3-9c28c8ef5fa0@group-1212F557A642-SegmentedRaftLogWorker: Starting segment from index:0
2019-09-25 11:53:12,649 [b0fcdca4-42c6-4f14-bbe3-9c28c8ef5fa0@group-1212F557A642:LeaderElection35] INFO  impl.RaftServerImpl (ServerState.java:setRaftConf(354)) - b0fcdca4-42c6-4f14-bbe3-9c28c8ef5fa0@group-1212F557A642: set configuration 0: [b0fcdca4-42c6-4f14-bbe3-9c28c8ef5fa0:192.168.30.6:45761], old=null at 0
2019-09-25 11:53:12,654 [b0fcdca4-42c6-4f14-bbe3-9c28c8ef5fa0@group-B15113D9CE8C:LeaderElection37] INFO  impl.LeaderElection (LeaderElection.java:askForVotes(182)) - b0fcdca4-42c6-4f14-bbe3-9c28c8ef5fa0@group-B15113D9CE8C:LeaderElection37: begin an election at term 1 for -1: [b0fcdca4-42c6-4f14-bbe3-9c28c8ef5fa0:192.168.30.6:45761], old=null
2019-09-25 11:53:12,654 [b0fcdca4-42c6-4f14-bbe3-9c28c8ef5fa0@group-B15113D9CE8C:LeaderElection37] INFO  impl.RoleInfo (RoleInfo.java:shutdownLeaderElection(134)) - b0fcdca4-42c6-4f14-bbe3-9c28c8ef5fa0: shutdown LeaderElection
2019-09-25 11:53:12,654 [b0fcdca4-42c6-4f14-bbe3-9c28c8ef5fa0@group-B15113D9CE8C:LeaderElection37] INFO  impl.RaftServerImpl (RaftServerImpl.java:setRole(174)) - b0fcdca4-42c6-4f14-bbe3-9c28c8ef5fa0@group-B15113D9CE8C: changes role from CANDIDATE to LEADER at term 1 for changeToLeader
2019-09-25 11:53:12,654 [b0fcdca4-42c6-4f14-bbe3-9c28c8ef5fa0@group-B15113D9CE8C:LeaderElection37] INFO  impl.RaftServerImpl (ServerState.java:setLeader(253)) - b0fcdca4-42c6-4f14-bbe3-9c28c8ef5fa0@group-B15113D9CE8C: change Leader from null to b0fcdca4-42c6-4f14-bbe3-9c28c8ef5fa0 at term 1 for becomeLeader, leader elected after 5087ms
2019-09-25 11:53:12,654 [b0fcdca4-42c6-4f14-bbe3-9c28c8ef5fa0@group-B15113D9CE8C:LeaderElection37] INFO  server.RaftServerConfigKeys (ConfUtils.java:logGet(43)) - raft.server.staging.catchup.gap = 1000 (default)
2019-09-25 11:53:12,655 [b0fcdca4-42c6-4f14-bbe3-9c28c8ef5fa0@group-B15113D9CE8C:LeaderElection37] INFO  server.RaftServerConfigKeys (ConfUtils.java:logGet(43)) - raft.server.rpc.sleep.time = 25ms (default)
2019-09-25 11:53:12,655 [b0fcdca4-42c6-4f14-bbe3-9c28c8ef5fa0@group-B15113D9CE8C:LeaderElection37] INFO  server.RaftServerConfigKeys (ConfUtils.java:logGet(43)) - raft.server.write.element-limit = 4096 (default)
2019-09-25 11:53:12,655 [b0fcdca4-42c6-4f14-bbe3-9c28c8ef5fa0@group-B15113D9CE8C:LeaderElection37] INFO  server.RaftServerConfigKeys (ConfUtils.java:logGet(43)) - raft.server.watch.timeout = 10s (default)
2019-09-25 11:53:12,655 [b0fcdca4-42c6-4f14-bbe3-9c28c8ef5fa0@group-B15113D9CE8C:LeaderElection37] INFO  server.RaftServerConfigKeys (ConfUtils.java:logGet(43)) - raft.server.watch.timeout.denomination = 1s (default)
2019-09-25 11:53:12,655 [b0fcdca4-42c6-4f14-bbe3-9c28c8ef5fa0@group-B15113D9CE8C:LeaderElection37] INFO  server.RaftServerConfigKeys (ConfUtils.java:logGet(43)) - raft.server.watch.element-limit = 65536 (default)
2019-09-25 11:53:12,658 [b0fcdca4-42c6-4f14-bbe3-9c28c8ef5fa0@group-B15113D9CE8C:LeaderElection37] INFO  impl.RoleInfo (RoleInfo.java:updateAndGet(143)) - b0fcdca4-42c6-4f14-bbe3-9c28c8ef5fa0: start LeaderState
2019-09-25 11:53:12,658 [b0fcdca4-42c6-4f14-bbe3-9c28c8ef5fa0@group-B15113D9CE8C:LeaderElection37] INFO  segmented.SegmentedRaftLogWorker (SegmentedRaftLogWorker.java:startLogSegment(380)) - b0fcdca4-42c6-4f14-bbe3-9c28c8ef5fa0@group-B15113D9CE8C-SegmentedRaftLogWorker: Starting segment from index:0
2019-09-25 11:53:12,659 [b0fcdca4-42c6-4f14-bbe3-9c28c8ef5fa0@group-B15113D9CE8C:LeaderElection37] INFO  impl.RaftServerImpl (ServerState.java:setRaftConf(354)) - b0fcdca4-42c6-4f14-bbe3-9c28c8ef5fa0@group-B15113D9CE8C: set configuration 0: [b0fcdca4-42c6-4f14-bbe3-9c28c8ef5fa0:192.168.30.6:45761], old=null at 0
2019-09-25 11:53:12,697 [b0fcdca4-42c6-4f14-bbe3-9c28c8ef5fa0@group-DC0BCE872915-SegmentedRaftLogWorker] INFO  segmented.SegmentedRaftLogWorker (SegmentedRaftLogWorker.java:execute(569)) - b0fcdca4-42c6-4f14-bbe3-9c28c8ef5fa0@group-DC0BCE872915-SegmentedRaftLogWorker: created new log segment /workdir/hadoop-ozone/ozonefs/target/test-dir/MiniOzoneClusterImpl-6cc5d9fe-62d6-4c5a-ace2-3095284a5ae3/datanode-0/data/ratis/83feff52-48dc-4e66-b183-dc0bce872915/current/log_inprogress_0
2019-09-25 11:53:12,697 [b0fcdca4-42c6-4f14-bbe3-9c28c8ef5fa0@group-1212F557A642-SegmentedRaftLogWorker] INFO  segmented.SegmentedRaftLogWorker (SegmentedRaftLogWorker.java:execute(569)) - b0fcdca4-42c6-4f14-bbe3-9c28c8ef5fa0@group-1212F557A642-SegmentedRaftLogWorker: created new log segment /workdir/hadoop-ozone/ozonefs/target/test-dir/MiniOzoneClusterImpl-6cc5d9fe-62d6-4c5a-ace2-3095284a5ae3/datanode-0/data/ratis/bdcda1bc-76f8-4b33-82f4-1212f557a642/current/log_inprogress_0
2019-09-25 11:53:12,697 [b0fcdca4-42c6-4f14-bbe3-9c28c8ef5fa0@group-B2E83DCD710D-SegmentedRaftLogWorker] INFO  segmented.SegmentedRaftLogWorker (SegmentedRaftLogWorker.java:execute(569)) - b0fcdca4-42c6-4f14-bbe3-9c28c8ef5fa0@group-B2E83DCD710D-SegmentedRaftLogWorker: created new log segment /workdir/hadoop-ozone/ozonefs/target/test-dir/MiniOzoneClusterImpl-6cc5d9fe-62d6-4c5a-ace2-3095284a5ae3/datanode-0/data/ratis/4b0e11b5-57da-43a6-84e1-b2e83dcd710d/current/log_inprogress_0
2019-09-25 11:53:12,699 [b0fcdca4-42c6-4f14-bbe3-9c28c8ef5fa0@group-B15113D9CE8C-SegmentedRaftLogWorker] INFO  segmented.SegmentedRaftLogWorker (SegmentedRaftLogWorker.java:execute(569)) - b0fcdca4-42c6-4f14-bbe3-9c28c8ef5fa0@group-B15113D9CE8C-SegmentedRaftLogWorker: created new log segment /workdir/hadoop-ozone/ozonefs/target/test-dir/MiniOzoneClusterImpl-6cc5d9fe-62d6-4c5a-ace2-3095284a5ae3/datanode-0/data/ratis/597a3cde-8ee4-4a77-bb61-b15113d9ce8c/current/log_inprogress_0
2019-09-25 11:53:12,804 [Thread-714] INFO  impl.FollowerState (FollowerState.java:run(106)) - b0fcdca4-42c6-4f14-bbe3-9c28c8ef5fa0:group-0564C9985E7C changes to CANDIDATE, lastRpcTime:5170, electionTimeout:5170ms
2019-09-25 11:53:12,805 [Thread-714] INFO  impl.RoleInfo (RoleInfo.java:shutdownFollowerState(121)) - b0fcdca4-42c6-4f14-bbe3-9c28c8ef5fa0: shutdown FollowerState
2019-09-25 11:53:12,805 [Thread-714] INFO  impl.RaftServerImpl (RaftServerImpl.java:setRole(174)) - b0fcdca4-42c6-4f14-bbe3-9c28c8ef5fa0@group-0564C9985E7C: changes role from  FOLLOWER to CANDIDATE at term 0 for changeToCandidate
2019-09-25 11:53:12,805 [Thread-714] INFO  impl.RoleInfo (RoleInfo.java:updateAndGet(143)) - b0fcdca4-42c6-4f14-bbe3-9c28c8ef5fa0: start LeaderElection
2019-09-25 11:53:12,824 [b0fcdca4-42c6-4f14-bbe3-9c28c8ef5fa0@group-0564C9985E7C:LeaderElection38] INFO  impl.LeaderElection (LeaderElection.java:askForVotes(182)) - b0fcdca4-42c6-4f14-bbe3-9c28c8ef5fa0@group-0564C9985E7C:LeaderElection38: begin an election at term 1 for -1: [b0fcdca4-42c6-4f14-bbe3-9c28c8ef5fa0:192.168.30.6:45761], old=null
2019-09-25 11:53:12,824 [b0fcdca4-42c6-4f14-bbe3-9c28c8ef5fa0@group-0564C9985E7C:LeaderElection38] INFO  impl.RoleInfo (RoleInfo.java:shutdownLeaderElection(134)) - b0fcdca4-42c6-4f14-bbe3-9c28c8ef5fa0: shutdown LeaderElection
2019-09-25 11:53:12,825 [b0fcdca4-42c6-4f14-bbe3-9c28c8ef5fa0@group-0564C9985E7C:LeaderElection38] INFO  impl.RaftServerImpl (RaftServerImpl.java:setRole(174)) - b0fcdca4-42c6-4f14-bbe3-9c28c8ef5fa0@group-0564C9985E7C: changes role from CANDIDATE to LEADER at term 1 for changeToLeader
2019-09-25 11:53:12,825 [b0fcdca4-42c6-4f14-bbe3-9c28c8ef5fa0@group-0564C9985E7C:LeaderElection38] INFO  impl.RaftServerImpl (ServerState.java:setLeader(253)) - b0fcdca4-42c6-4f14-bbe3-9c28c8ef5fa0@group-0564C9985E7C: change Leader from null to b0fcdca4-42c6-4f14-bbe3-9c28c8ef5fa0 at term 1 for becomeLeader, leader elected after 5198ms
2019-09-25 11:53:12,825 [b0fcdca4-42c6-4f14-bbe3-9c28c8ef5fa0@group-0564C9985E7C:LeaderElection38] INFO  server.RaftServerConfigKeys (ConfUtils.java:logGet(43)) - raft.server.staging.catchup.gap = 1000 (default)
2019-09-25 11:53:12,825 [b0fcdca4-42c6-4f14-bbe3-9c28c8ef5fa0@group-0564C9985E7C:LeaderElection38] INFO  server.RaftServerConfigKeys (ConfUtils.java:logGet(43)) - raft.server.rpc.sleep.time = 25ms (default)
2019-09-25 11:53:12,825 [b0fcdca4-42c6-4f14-bbe3-9c28c8ef5fa0@group-0564C9985E7C:LeaderElection38] INFO  server.RaftServerConfigKeys (ConfUtils.java:logGet(43)) - raft.server.write.element-limit = 4096 (default)
2019-09-25 11:53:12,825 [b0fcdca4-42c6-4f14-bbe3-9c28c8ef5fa0@group-0564C9985E7C:LeaderElection38] INFO  server.RaftServerConfigKeys (ConfUtils.java:logGet(43)) - raft.server.watch.timeout = 10s (default)
2019-09-25 11:53:12,826 [b0fcdca4-42c6-4f14-bbe3-9c28c8ef5fa0@group-0564C9985E7C:LeaderElection38] INFO  server.RaftServerConfigKeys (ConfUtils.java:logGet(43)) - raft.server.watch.timeout.denomination = 1s (default)
2019-09-25 11:53:12,826 [b0fcdca4-42c6-4f14-bbe3-9c28c8ef5fa0@group-0564C9985E7C:LeaderElection38] INFO  server.RaftServerConfigKeys (ConfUtils.java:logGet(43)) - raft.server.watch.element-limit = 65536 (default)
2019-09-25 11:53:12,830 [b0fcdca4-42c6-4f14-bbe3-9c28c8ef5fa0@group-0564C9985E7C:LeaderElection38] INFO  impl.RoleInfo (RoleInfo.java:updateAndGet(143)) - b0fcdca4-42c6-4f14-bbe3-9c28c8ef5fa0: start LeaderState
2019-09-25 11:53:12,830 [b0fcdca4-42c6-4f14-bbe3-9c28c8ef5fa0@group-0564C9985E7C:LeaderElection38] INFO  segmented.SegmentedRaftLogWorker (SegmentedRaftLogWorker.java:startLogSegment(380)) - b0fcdca4-42c6-4f14-bbe3-9c28c8ef5fa0@group-0564C9985E7C-SegmentedRaftLogWorker: Starting segment from index:0
2019-09-25 11:53:12,831 [b0fcdca4-42c6-4f14-bbe3-9c28c8ef5fa0@group-0564C9985E7C:LeaderElection38] INFO  impl.RaftServerImpl (ServerState.java:setRaftConf(354)) - b0fcdca4-42c6-4f14-bbe3-9c28c8ef5fa0@group-0564C9985E7C: set configuration 0: [b0fcdca4-42c6-4f14-bbe3-9c28c8ef5fa0:192.168.30.6:45761], old=null at 0
2019-09-25 11:53:12,852 [Thread-720] INFO  impl.FollowerState (FollowerState.java:run(106)) - 1b364aeb-4436-4f90-ad4a-028e7293e309:group-A0EC7DCC18A3 changes to CANDIDATE, lastRpcTime:5115, electionTimeout:5115ms
2019-09-25 11:53:12,852 [Thread-720] INFO  impl.RoleInfo (RoleInfo.java:shutdownFollowerState(121)) - 1b364aeb-4436-4f90-ad4a-028e7293e309: shutdown FollowerState
2019-09-25 11:53:12,852 [Thread-720] INFO  impl.RaftServerImpl (RaftServerImpl.java:setRole(174)) - 1b364aeb-4436-4f90-ad4a-028e7293e309@group-A0EC7DCC18A3: changes role from  FOLLOWER to CANDIDATE at term 0 for changeToCandidate
2019-09-25 11:53:12,853 [Thread-720] INFO  impl.RoleInfo (RoleInfo.java:updateAndGet(143)) - 1b364aeb-4436-4f90-ad4a-028e7293e309: start LeaderElection
2019-09-25 11:53:12,869 [Thread-717] INFO  impl.FollowerState (FollowerState.java:run(106)) - b0fcdca4-42c6-4f14-bbe3-9c28c8ef5fa0:group-974428CAE6F3 changes to CANDIDATE, lastRpcTime:5189, electionTimeout:5178ms
2019-09-25 11:53:12,876 [Thread-723] INFO  impl.FollowerState (FollowerState.java:run(106)) - 1b364aeb-4436-4f90-ad4a-028e7293e309:group-7C0245DCDA83 changes to CANDIDATE, lastRpcTime:5091, electionTimeout:5086ms
2019-09-25 11:53:12,881 [Thread-717] INFO  impl.RoleInfo (RoleInfo.java:shutdownFollowerState(121)) - b0fcdca4-42c6-4f14-bbe3-9c28c8ef5fa0: shutdown FollowerState
2019-09-25 11:53:12,881 [Thread-717] INFO  impl.RaftServerImpl (RaftServerImpl.java:setRole(174)) - b0fcdca4-42c6-4f14-bbe3-9c28c8ef5fa0@group-974428CAE6F3: changes role from  FOLLOWER to CANDIDATE at term 0 for changeToCandidate
2019-09-25 11:53:12,881 [Thread-723] INFO  impl.RoleInfo (RoleInfo.java:shutdownFollowerState(121)) - 1b364aeb-4436-4f90-ad4a-028e7293e309: shutdown FollowerState
2019-09-25 11:53:12,881 [Thread-717] INFO  impl.RoleInfo (RoleInfo.java:updateAndGet(143)) - b0fcdca4-42c6-4f14-bbe3-9c28c8ef5fa0: start LeaderElection
2019-09-25 11:53:12,881 [Thread-723] INFO  impl.RaftServerImpl (RaftServerImpl.java:setRole(174)) - 1b364aeb-4436-4f90-ad4a-028e7293e309@group-7C0245DCDA83: changes role from  FOLLOWER to CANDIDATE at term 0 for changeToCandidate
2019-09-25 11:53:12,881 [Thread-723] INFO  impl.RoleInfo (RoleInfo.java:updateAndGet(143)) - 1b364aeb-4436-4f90-ad4a-028e7293e309: start LeaderElection
2019-09-25 11:53:12,883 [b0fcdca4-42c6-4f14-bbe3-9c28c8ef5fa0@group-0564C9985E7C-SegmentedRaftLogWorker] INFO  segmented.SegmentedRaftLogWorker (SegmentedRaftLogWorker.java:execute(569)) - b0fcdca4-42c6-4f14-bbe3-9c28c8ef5fa0@group-0564C9985E7C-SegmentedRaftLogWorker: created new log segment /workdir/hadoop-ozone/ozonefs/target/test-dir/MiniOzoneClusterImpl-6cc5d9fe-62d6-4c5a-ace2-3095284a5ae3/datanode-0/data/ratis/69f7a615-8315-4011-9fb2-0564c9985e7c/current/log_inprogress_0
2019-09-25 11:53:12,898 [b0fcdca4-42c6-4f14-bbe3-9c28c8ef5fa0@group-974428CAE6F3:LeaderElection40] INFO  impl.LeaderElection (LeaderElection.java:askForVotes(182)) - b0fcdca4-42c6-4f14-bbe3-9c28c8ef5fa0@group-974428CAE6F3:LeaderElection40: begin an election at term 1 for -1: [b0fcdca4-42c6-4f14-bbe3-9c28c8ef5fa0:192.168.30.6:45761], old=null
2019-09-25 11:53:12,898 [1b364aeb-4436-4f90-ad4a-028e7293e309@group-A0EC7DCC18A3:LeaderElection39] INFO  impl.LeaderElection (LeaderElection.java:askForVotes(182)) - 1b364aeb-4436-4f90-ad4a-028e7293e309@group-A0EC7DCC18A3:LeaderElection39: begin an election at term 1 for -1: [1b364aeb-4436-4f90-ad4a-028e7293e309:192.168.30.6:42018], old=null
2019-09-25 11:53:12,898 [b0fcdca4-42c6-4f14-bbe3-9c28c8ef5fa0@group-974428CAE6F3:LeaderElection40] INFO  impl.RoleInfo (RoleInfo.java:shutdownLeaderElection(134)) - b0fcdca4-42c6-4f14-bbe3-9c28c8ef5fa0: shutdown LeaderElection
2019-09-25 11:53:12,898 [1b364aeb-4436-4f90-ad4a-028e7293e309@group-7C0245DCDA83:LeaderElection41] INFO  impl.LeaderElection (LeaderElection.java:askForVotes(182)) - 1b364aeb-4436-4f90-ad4a-028e7293e309@group-7C0245DCDA83:LeaderElection41: begin an election at term 1 for -1: [1b364aeb-4436-4f90-ad4a-028e7293e309:192.168.30.6:42018], old=null
2019-09-25 11:53:12,898 [b0fcdca4-42c6-4f14-bbe3-9c28c8ef5fa0@group-974428CAE6F3:LeaderElection40] INFO  impl.RaftServerImpl (RaftServerImpl.java:setRole(174)) - b0fcdca4-42c6-4f14-bbe3-9c28c8ef5fa0@group-974428CAE6F3: changes role from CANDIDATE to LEADER at term 1 for changeToLeader
2019-09-25 11:53:12,898 [1b364aeb-4436-4f90-ad4a-028e7293e309@group-A0EC7DCC18A3:LeaderElection39] INFO  impl.RoleInfo (RoleInfo.java:shutdownLeaderElection(134)) - 1b364aeb-4436-4f90-ad4a-028e7293e309: shutdown LeaderElection
2019-09-25 11:53:12,899 [b0fcdca4-42c6-4f14-bbe3-9c28c8ef5fa0@group-974428CAE6F3:LeaderElection40] INFO  impl.RaftServerImpl (ServerState.java:setLeader(253)) - b0fcdca4-42c6-4f14-bbe3-9c28c8ef5fa0@group-974428CAE6F3: change Leader from null to b0fcdca4-42c6-4f14-bbe3-9c28c8ef5fa0 at term 1 for becomeLeader, leader elected after 5224ms
2019-09-25 11:53:12,898 [1b364aeb-4436-4f90-ad4a-028e7293e309@group-7C0245DCDA83:LeaderElection41] INFO  impl.RoleInfo (RoleInfo.java:shutdownLeaderElection(134)) - 1b364aeb-4436-4f90-ad4a-028e7293e309: shutdown LeaderElection
2019-09-25 11:53:12,899 [b0fcdca4-42c6-4f14-bbe3-9c28c8ef5fa0@group-974428CAE6F3:LeaderElection40] INFO  server.RaftServerConfigKeys (ConfUtils.java:logGet(43)) - raft.server.staging.catchup.gap = 1000 (default)
2019-09-25 11:53:12,899 [b0fcdca4-42c6-4f14-bbe3-9c28c8ef5fa0@group-974428CAE6F3:LeaderElection40] INFO  server.RaftServerConfigKeys (ConfUtils.java:logGet(43)) - raft.server.rpc.sleep.time = 25ms (default)
2019-09-25 11:53:12,899 [1b364aeb-4436-4f90-ad4a-028e7293e309@group-A0EC7DCC18A3:LeaderElection39] INFO  impl.RaftServerImpl (RaftServerImpl.java:setRole(174)) - 1b364aeb-4436-4f90-ad4a-028e7293e309@group-A0EC7DCC18A3: changes role from CANDIDATE to LEADER at term 1 for changeToLeader
2019-09-25 11:53:12,899 [b0fcdca4-42c6-4f14-bbe3-9c28c8ef5fa0@group-974428CAE6F3:LeaderElection40] INFO  server.RaftServerConfigKeys (ConfUtils.java:logGet(43)) - raft.server.write.element-limit = 4096 (default)
2019-09-25 11:53:12,899 [1b364aeb-4436-4f90-ad4a-028e7293e309@group-7C0245DCDA83:LeaderElection41] INFO  impl.RaftServerImpl (RaftServerImpl.java:setRole(174)) - 1b364aeb-4436-4f90-ad4a-028e7293e309@group-7C0245DCDA83: changes role from CANDIDATE to LEADER at term 1 for changeToLeader
2019-09-25 11:53:12,900 [b0fcdca4-42c6-4f14-bbe3-9c28c8ef5fa0@group-974428CAE6F3:LeaderElection40] INFO  server.RaftServerConfigKeys (ConfUtils.java:logGet(43)) - raft.server.watch.timeout = 10s (default)
2019-09-25 11:53:12,899 [1b364aeb-4436-4f90-ad4a-028e7293e309@group-A0EC7DCC18A3:LeaderElection39] INFO  impl.RaftServerImpl (ServerState.java:setLeader(253)) - 1b364aeb-4436-4f90-ad4a-028e7293e309@group-A0EC7DCC18A3: change Leader from null to 1b364aeb-4436-4f90-ad4a-028e7293e309 at term 1 for becomeLeader, leader elected after 5174ms
2019-09-25 11:53:12,900 [b0fcdca4-42c6-4f14-bbe3-9c28c8ef5fa0@group-974428CAE6F3:LeaderElection40] INFO  server.RaftServerConfigKeys (ConfUtils.java:logGet(43)) - raft.server.watch.timeout.denomination = 1s (default)
2019-09-25 11:53:12,900 [b0fcdca4-42c6-4f14-bbe3-9c28c8ef5fa0@group-974428CAE6F3:LeaderElection40] INFO  server.RaftServerConfigKeys (ConfUtils.java:logGet(43)) - raft.server.watch.element-limit = 65536 (default)
2019-09-25 11:53:12,900 [1b364aeb-4436-4f90-ad4a-028e7293e309@group-7C0245DCDA83:LeaderElection41] INFO  impl.RaftServerImpl (ServerState.java:setLeader(253)) - 1b364aeb-4436-4f90-ad4a-028e7293e309@group-7C0245DCDA83: change Leader from null to 1b364aeb-4436-4f90-ad4a-028e7293e309 at term 1 for becomeLeader, leader elected after 5122ms
2019-09-25 11:53:12,900 [1b364aeb-4436-4f90-ad4a-028e7293e309@group-A0EC7DCC18A3:LeaderElection39] INFO  server.RaftServerConfigKeys (ConfUtils.java:logGet(43)) - raft.server.staging.catchup.gap = 1000 (default)
2019-09-25 11:53:12,900 [1b364aeb-4436-4f90-ad4a-028e7293e309@group-7C0245DCDA83:LeaderElection41] INFO  server.RaftServerConfigKeys (ConfUtils.java:logGet(43)) - raft.server.staging.catchup.gap = 1000 (default)
2019-09-25 11:53:12,901 [1b364aeb-4436-4f90-ad4a-028e7293e309@group-A0EC7DCC18A3:LeaderElection39] INFO  server.RaftServerConfigKeys (ConfUtils.java:logGet(43)) - raft.server.rpc.sleep.time = 25ms (default)
2019-09-25 11:53:12,901 [1b364aeb-4436-4f90-ad4a-028e7293e309@group-7C0245DCDA83:LeaderElection41] INFO  server.RaftServerConfigKeys (ConfUtils.java:logGet(43)) - raft.server.rpc.sleep.time = 25ms (default)
2019-09-25 11:53:12,901 [1b364aeb-4436-4f90-ad4a-028e7293e309@group-A0EC7DCC18A3:LeaderElection39] INFO  server.RaftServerConfigKeys (ConfUtils.java:logGet(43)) - raft.server.write.element-limit = 4096 (default)
2019-09-25 11:53:12,901 [1b364aeb-4436-4f90-ad4a-028e7293e309@group-A0EC7DCC18A3:LeaderElection39] INFO  server.RaftServerConfigKeys (ConfUtils.java:logGet(43)) - raft.server.watch.timeout = 10s (default)
2019-09-25 11:53:12,901 [1b364aeb-4436-4f90-ad4a-028e7293e309@group-7C0245DCDA83:LeaderElection41] INFO  server.RaftServerConfigKeys (ConfUtils.java:logGet(43)) - raft.server.write.element-limit = 4096 (default)
2019-09-25 11:53:12,901 [1b364aeb-4436-4f90-ad4a-028e7293e309@group-A0EC7DCC18A3:LeaderElection39] INFO  server.RaftServerConfigKeys (ConfUtils.java:logGet(43)) - raft.server.watch.timeout.denomination = 1s (default)
2019-09-25 11:53:12,901 [1b364aeb-4436-4f90-ad4a-028e7293e309@group-7C0245DCDA83:LeaderElection41] INFO  server.RaftServerConfigKeys (ConfUtils.java:logGet(43)) - raft.server.watch.timeout = 10s (default)
2019-09-25 11:53:12,901 [1b364aeb-4436-4f90-ad4a-028e7293e309@group-A0EC7DCC18A3:LeaderElection39] INFO  server.RaftServerConfigKeys (ConfUtils.java:logGet(43)) - raft.server.watch.element-limit = 65536 (default)
2019-09-25 11:53:12,902 [1b364aeb-4436-4f90-ad4a-028e7293e309@group-7C0245DCDA83:LeaderElection41] INFO  server.RaftServerConfigKeys (ConfUtils.java:logGet(43)) - raft.server.watch.timeout.denomination = 1s (default)
2019-09-25 11:53:12,902 [1b364aeb-4436-4f90-ad4a-028e7293e309@group-7C0245DCDA83:LeaderElection41] INFO  server.RaftServerConfigKeys (ConfUtils.java:logGet(43)) - raft.server.watch.element-limit = 65536 (default)
2019-09-25 11:53:12,904 [b0fcdca4-42c6-4f14-bbe3-9c28c8ef5fa0@group-974428CAE6F3:LeaderElection40] INFO  impl.RoleInfo (RoleInfo.java:updateAndGet(143)) - b0fcdca4-42c6-4f14-bbe3-9c28c8ef5fa0: start LeaderState
2019-09-25 11:53:12,904 [b0fcdca4-42c6-4f14-bbe3-9c28c8ef5fa0@group-974428CAE6F3:LeaderElection40] INFO  segmented.SegmentedRaftLogWorker (SegmentedRaftLogWorker.java:startLogSegment(380)) - b0fcdca4-42c6-4f14-bbe3-9c28c8ef5fa0@group-974428CAE6F3-SegmentedRaftLogWorker: Starting segment from index:0
2019-09-25 11:53:12,905 [b0fcdca4-42c6-4f14-bbe3-9c28c8ef5fa0@group-974428CAE6F3:LeaderElection40] INFO  impl.RaftServerImpl (ServerState.java:setRaftConf(354)) - b0fcdca4-42c6-4f14-bbe3-9c28c8ef5fa0@group-974428CAE6F3: set configuration 0: [b0fcdca4-42c6-4f14-bbe3-9c28c8ef5fa0:192.168.30.6:45761], old=null at 0
2019-09-25 11:53:12,905 [1b364aeb-4436-4f90-ad4a-028e7293e309@group-A0EC7DCC18A3:LeaderElection39] INFO  impl.RoleInfo (RoleInfo.java:updateAndGet(143)) - 1b364aeb-4436-4f90-ad4a-028e7293e309: start LeaderState
2019-09-25 11:53:12,905 [1b364aeb-4436-4f90-ad4a-028e7293e309@group-7C0245DCDA83:LeaderElection41] INFO  impl.RoleInfo (RoleInfo.java:updateAndGet(143)) - 1b364aeb-4436-4f90-ad4a-028e7293e309: start LeaderState
2019-09-25 11:53:12,906 [1b364aeb-4436-4f90-ad4a-028e7293e309@group-A0EC7DCC18A3:LeaderElection39] INFO  segmented.SegmentedRaftLogWorker (SegmentedRaftLogWorker.java:startLogSegment(380)) - 1b364aeb-4436-4f90-ad4a-028e7293e309@group-A0EC7DCC18A3-SegmentedRaftLogWorker: Starting segment from index:0
2019-09-25 11:53:12,906 [1b364aeb-4436-4f90-ad4a-028e7293e309@group-7C0245DCDA83:LeaderElection41] INFO  segmented.SegmentedRaftLogWorker (SegmentedRaftLogWorker.java:startLogSegment(380)) - 1b364aeb-4436-4f90-ad4a-028e7293e309@group-7C0245DCDA83-SegmentedRaftLogWorker: Starting segment from index:0
2019-09-25 11:53:12,906 [1b364aeb-4436-4f90-ad4a-028e7293e309@group-A0EC7DCC18A3:LeaderElection39] INFO  impl.RaftServerImpl (ServerState.java:setRaftConf(354)) - 1b364aeb-4436-4f90-ad4a-028e7293e309@group-A0EC7DCC18A3: set configuration 0: [1b364aeb-4436-4f90-ad4a-028e7293e309:192.168.30.6:42018], old=null at 0
2019-09-25 11:53:12,906 [1b364aeb-4436-4f90-ad4a-028e7293e309@group-7C0245DCDA83:LeaderElection41] INFO  impl.RaftServerImpl (ServerState.java:setRaftConf(354)) - 1b364aeb-4436-4f90-ad4a-028e7293e309@group-7C0245DCDA83: set configuration 0: [1b364aeb-4436-4f90-ad4a-028e7293e309:192.168.30.6:42018], old=null at 0
2019-09-25 11:53:12,931 [Thread-726] INFO  impl.FollowerState (FollowerState.java:run(106)) - 1b364aeb-4436-4f90-ad4a-028e7293e309:group-B4F8F1D733C2 changes to CANDIDATE, lastRpcTime:5088, electionTimeout:5088ms
2019-09-25 11:53:12,931 [Thread-726] INFO  impl.RoleInfo (RoleInfo.java:shutdownFollowerState(121)) - 1b364aeb-4436-4f90-ad4a-028e7293e309: shutdown FollowerState
2019-09-25 11:53:12,931 [Thread-726] INFO  impl.RaftServerImpl (RaftServerImpl.java:setRole(174)) - 1b364aeb-4436-4f90-ad4a-028e7293e309@group-B4F8F1D733C2: changes role from  FOLLOWER to CANDIDATE at term 0 for changeToCandidate
2019-09-25 11:53:12,932 [Thread-726] INFO  impl.RoleInfo (RoleInfo.java:updateAndGet(143)) - 1b364aeb-4436-4f90-ad4a-028e7293e309: start LeaderElection
2019-09-25 11:53:12,957 [b0fcdca4-42c6-4f14-bbe3-9c28c8ef5fa0@group-974428CAE6F3-SegmentedRaftLogWorker] INFO  segmented.SegmentedRaftLogWorker (SegmentedRaftLogWorker.java:execute(569)) - b0fcdca4-42c6-4f14-bbe3-9c28c8ef5fa0@group-974428CAE6F3-SegmentedRaftLogWorker: created new log segment /workdir/hadoop-ozone/ozonefs/target/test-dir/MiniOzoneClusterImpl-6cc5d9fe-62d6-4c5a-ace2-3095284a5ae3/datanode-0/data/ratis/5aa1327f-bd1e-46a6-a0f8-974428cae6f3/current/log_inprogress_0
2019-09-25 11:53:12,957 [1b364aeb-4436-4f90-ad4a-028e7293e309@group-B4F8F1D733C2:LeaderElection42] INFO  impl.LeaderElection (LeaderElection.java:askForVotes(182)) - 1b364aeb-4436-4f90-ad4a-028e7293e309@group-B4F8F1D733C2:LeaderElection42: begin an election at term 1 for -1: [1b364aeb-4436-4f90-ad4a-028e7293e309:192.168.30.6:42018], old=null
2019-09-25 11:53:12,957 [1b364aeb-4436-4f90-ad4a-028e7293e309@group-7C0245DCDA83-SegmentedRaftLogWorker] INFO  segmented.SegmentedRaftLogWorker (SegmentedRaftLogWorker.java:execute(569)) - 1b364aeb-4436-4f90-ad4a-028e7293e309@group-7C0245DCDA83-SegmentedRaftLogWorker: created new log segment /workdir/hadoop-ozone/ozonefs/target/test-dir/MiniOzoneClusterImpl-6cc5d9fe-62d6-4c5a-ace2-3095284a5ae3/datanode-1/data/ratis/0523c3c4-500a-47cf-9110-7c0245dcda83/current/log_inprogress_0
2019-09-25 11:53:12,957 [1b364aeb-4436-4f90-ad4a-028e7293e309@group-A0EC7DCC18A3-SegmentedRaftLogWorker] INFO  segmented.SegmentedRaftLogWorker (SegmentedRaftLogWorker.java:execute(569)) - 1b364aeb-4436-4f90-ad4a-028e7293e309@group-A0EC7DCC18A3-SegmentedRaftLogWorker: created new log segment /workdir/hadoop-ozone/ozonefs/target/test-dir/MiniOzoneClusterImpl-6cc5d9fe-62d6-4c5a-ace2-3095284a5ae3/datanode-1/data/ratis/2805bbb0-7bed-4ed4-8fdd-a0ec7dcc18a3/current/log_inprogress_0
2019-09-25 11:53:12,958 [1b364aeb-4436-4f90-ad4a-028e7293e309@group-B4F8F1D733C2:LeaderElection42] INFO  impl.RoleInfo (RoleInfo.java:shutdownLeaderElection(134)) - 1b364aeb-4436-4f90-ad4a-028e7293e309: shutdown LeaderElection
2019-09-25 11:53:12,958 [1b364aeb-4436-4f90-ad4a-028e7293e309@group-B4F8F1D733C2:LeaderElection42] INFO  impl.RaftServerImpl (RaftServerImpl.java:setRole(174)) - 1b364aeb-4436-4f90-ad4a-028e7293e309@group-B4F8F1D733C2: changes role from CANDIDATE to LEADER at term 1 for changeToLeader
2019-09-25 11:53:12,958 [1b364aeb-4436-4f90-ad4a-028e7293e309@group-B4F8F1D733C2:LeaderElection42] INFO  impl.RaftServerImpl (ServerState.java:setLeader(253)) - 1b364aeb-4436-4f90-ad4a-028e7293e309@group-B4F8F1D733C2: change Leader from null to 1b364aeb-4436-4f90-ad4a-028e7293e309 at term 1 for becomeLeader, leader elected after 5123ms
2019-09-25 11:53:12,958 [1b364aeb-4436-4f90-ad4a-028e7293e309@group-B4F8F1D733C2:LeaderElection42] INFO  server.RaftServerConfigKeys (ConfUtils.java:logGet(43)) - raft.server.staging.catchup.gap = 1000 (default)
2019-09-25 11:53:12,958 [1b364aeb-4436-4f90-ad4a-028e7293e309@group-B4F8F1D733C2:LeaderElection42] INFO  server.RaftServerConfigKeys (ConfUtils.java:logGet(43)) - raft.server.rpc.sleep.time = 25ms (default)
2019-09-25 11:53:12,959 [1b364aeb-4436-4f90-ad4a-028e7293e309@group-B4F8F1D733C2:LeaderElection42] INFO  server.RaftServerConfigKeys (ConfUtils.java:logGet(43)) - raft.server.write.element-limit = 4096 (default)
2019-09-25 11:53:12,959 [1b364aeb-4436-4f90-ad4a-028e7293e309@group-B4F8F1D733C2:LeaderElection42] INFO  server.RaftServerConfigKeys (ConfUtils.java:logGet(43)) - raft.server.watch.timeout = 10s (default)
2019-09-25 11:53:12,959 [1b364aeb-4436-4f90-ad4a-028e7293e309@group-B4F8F1D733C2:LeaderElection42] INFO  server.RaftServerConfigKeys (ConfUtils.java:logGet(43)) - raft.server.watch.timeout.denomination = 1s (default)
2019-09-25 11:53:12,959 [1b364aeb-4436-4f90-ad4a-028e7293e309@group-B4F8F1D733C2:LeaderElection42] INFO  server.RaftServerConfigKeys (ConfUtils.java:logGet(43)) - raft.server.watch.element-limit = 65536 (default)
2019-09-25 11:53:12,961 [1b364aeb-4436-4f90-ad4a-028e7293e309@group-B4F8F1D733C2:LeaderElection42] INFO  impl.RoleInfo (RoleInfo.java:updateAndGet(143)) - 1b364aeb-4436-4f90-ad4a-028e7293e309: start LeaderState
2019-09-25 11:53:12,961 [1b364aeb-4436-4f90-ad4a-028e7293e309@group-B4F8F1D733C2:LeaderElection42] INFO  segmented.SegmentedRaftLogWorker (SegmentedRaftLogWorker.java:startLogSegment(380)) - 1b364aeb-4436-4f90-ad4a-028e7293e309@group-B4F8F1D733C2-SegmentedRaftLogWorker: Starting segment from index:0
2019-09-25 11:53:12,962 [1b364aeb-4436-4f90-ad4a-028e7293e309@group-B4F8F1D733C2:LeaderElection42] INFO  impl.RaftServerImpl (ServerState.java:setRaftConf(354)) - 1b364aeb-4436-4f90-ad4a-028e7293e309@group-B4F8F1D733C2: set configuration 0: [1b364aeb-4436-4f90-ad4a-028e7293e309:192.168.30.6:42018], old=null at 0
2019-09-25 11:53:13,009 [1b364aeb-4436-4f90-ad4a-028e7293e309@group-B4F8F1D733C2-SegmentedRaftLogWorker] INFO  segmented.SegmentedRaftLogWorker (SegmentedRaftLogWorker.java:execute(569)) - 1b364aeb-4436-4f90-ad4a-028e7293e309@group-B4F8F1D733C2-SegmentedRaftLogWorker: created new log segment /workdir/hadoop-ozone/ozonefs/target/test-dir/MiniOzoneClusterImpl-6cc5d9fe-62d6-4c5a-ace2-3095284a5ae3/datanode-1/data/ratis/04a8e8de-19be-4d44-b09e-b4f8f1d733c2/current/log_inprogress_0
2019-09-25 11:53:13,015 [Thread-729] INFO  impl.FollowerState (FollowerState.java:run(106)) - 1b364aeb-4436-4f90-ad4a-028e7293e309:group-15B721E24113 changes to CANDIDATE, lastRpcTime:5124, electionTimeout:5124ms
2019-09-25 11:53:13,015 [Thread-729] INFO  impl.RoleInfo (RoleInfo.java:shutdownFollowerState(121)) - 1b364aeb-4436-4f90-ad4a-028e7293e309: shutdown FollowerState
2019-09-25 11:53:13,015 [Thread-729] INFO  impl.RaftServerImpl (RaftServerImpl.java:setRole(174)) - 1b364aeb-4436-4f90-ad4a-028e7293e309@group-15B721E24113: changes role from  FOLLOWER to CANDIDATE at term 0 for changeToCandidate
2019-09-25 11:53:13,015 [Thread-729] INFO  impl.RoleInfo (RoleInfo.java:updateAndGet(143)) - 1b364aeb-4436-4f90-ad4a-028e7293e309: start LeaderElection
2019-09-25 11:53:13,031 [1b364aeb-4436-4f90-ad4a-028e7293e309@group-15B721E24113:LeaderElection43] INFO  impl.LeaderElection (LeaderElection.java:askForVotes(182)) - 1b364aeb-4436-4f90-ad4a-028e7293e309@group-15B721E24113:LeaderElection43: begin an election at term 1 for -1: [1b364aeb-4436-4f90-ad4a-028e7293e309:192.168.30.6:42018], old=null
2019-09-25 11:53:13,031 [1b364aeb-4436-4f90-ad4a-028e7293e309@group-15B721E24113:LeaderElection43] INFO  impl.RoleInfo (RoleInfo.java:shutdownLeaderElection(134)) - 1b364aeb-4436-4f90-ad4a-028e7293e309: shutdown LeaderElection
2019-09-25 11:53:13,031 [1b364aeb-4436-4f90-ad4a-028e7293e309@group-15B721E24113:LeaderElection43] INFO  impl.RaftServerImpl (RaftServerImpl.java:setRole(174)) - 1b364aeb-4436-4f90-ad4a-028e7293e309@group-15B721E24113: changes role from CANDIDATE to LEADER at term 1 for changeToLeader
2019-09-25 11:53:13,032 [1b364aeb-4436-4f90-ad4a-028e7293e309@group-15B721E24113:LeaderElection43] INFO  impl.RaftServerImpl (ServerState.java:setLeader(253)) - 1b364aeb-4436-4f90-ad4a-028e7293e309@group-15B721E24113: change Leader from null to 1b364aeb-4436-4f90-ad4a-028e7293e309 at term 1 for becomeLeader, leader elected after 5148ms
2019-09-25 11:53:13,032 [1b364aeb-4436-4f90-ad4a-028e7293e309@group-15B721E24113:LeaderElection43] INFO  server.RaftServerConfigKeys (ConfUtils.java:logGet(43)) - raft.server.staging.catchup.gap = 1000 (default)
2019-09-25 11:53:13,032 [1b364aeb-4436-4f90-ad4a-028e7293e309@group-15B721E24113:LeaderElection43] INFO  server.RaftServerConfigKeys (ConfUtils.java:logGet(43)) - raft.server.rpc.sleep.time = 25ms (default)
2019-09-25 11:53:13,032 [1b364aeb-4436-4f90-ad4a-028e7293e309@group-15B721E24113:LeaderElection43] INFO  server.RaftServerConfigKeys (ConfUtils.java:logGet(43)) - raft.server.write.element-limit = 4096 (default)
2019-09-25 11:53:13,032 [Thread-732] INFO  impl.FollowerState (FollowerState.java:run(106)) - 1b364aeb-4436-4f90-ad4a-028e7293e309:group-4DAECC91AF28 changes to CANDIDATE, lastRpcTime:5094, electionTimeout:5094ms
2019-09-25 11:53:13,032 [1b364aeb-4436-4f90-ad4a-028e7293e309@group-15B721E24113:LeaderElection43] INFO  server.RaftServerConfigKeys (ConfUtils.java:logGet(43)) - raft.server.watch.timeout = 10s (default)
2019-09-25 11:53:13,033 [Thread-732] INFO  impl.RoleInfo (RoleInfo.java:shutdownFollowerState(121)) - 1b364aeb-4436-4f90-ad4a-028e7293e309: shutdown FollowerState
2019-09-25 11:53:13,033 [1b364aeb-4436-4f90-ad4a-028e7293e309@group-15B721E24113:LeaderElection43] INFO  server.RaftServerConfigKeys (ConfUtils.java:logGet(43)) - raft.server.watch.timeout.denomination = 1s (default)
2019-09-25 11:53:13,033 [Thread-732] INFO  impl.RaftServerImpl (RaftServerImpl.java:setRole(174)) - 1b364aeb-4436-4f90-ad4a-028e7293e309@group-4DAECC91AF28: changes role from  FOLLOWER to CANDIDATE at term 0 for changeToCandidate
2019-09-25 11:53:13,033 [1b364aeb-4436-4f90-ad4a-028e7293e309@group-15B721E24113:LeaderElection43] INFO  server.RaftServerConfigKeys (ConfUtils.java:logGet(43)) - raft.server.watch.element-limit = 65536 (default)
2019-09-25 11:53:13,033 [Thread-732] INFO  impl.RoleInfo (RoleInfo.java:updateAndGet(143)) - 1b364aeb-4436-4f90-ad4a-028e7293e309: start LeaderElection
2019-09-25 11:53:13,036 [1b364aeb-4436-4f90-ad4a-028e7293e309@group-15B721E24113:LeaderElection43] INFO  impl.RoleInfo (RoleInfo.java:updateAndGet(143)) - 1b364aeb-4436-4f90-ad4a-028e7293e309: start LeaderState
2019-09-25 11:53:13,037 [1b364aeb-4436-4f90-ad4a-028e7293e309@group-15B721E24113:LeaderElection43] INFO  segmented.SegmentedRaftLogWorker (SegmentedRaftLogWorker.java:startLogSegment(380)) - 1b364aeb-4436-4f90-ad4a-028e7293e309@group-15B721E24113-SegmentedRaftLogWorker: Starting segment from index:0
2019-09-25 11:53:13,037 [1b364aeb-4436-4f90-ad4a-028e7293e309@group-15B721E24113:LeaderElection43] INFO  impl.RaftServerImpl (ServerState.java:setRaftConf(354)) - 1b364aeb-4436-4f90-ad4a-028e7293e309@group-15B721E24113: set configuration 0: [1b364aeb-4436-4f90-ad4a-028e7293e309:192.168.30.6:42018], old=null at 0
2019-09-25 11:53:13,048 [1b364aeb-4436-4f90-ad4a-028e7293e309@group-4DAECC91AF28:LeaderElection44] INFO  impl.LeaderElection (LeaderElection.java:askForVotes(182)) - 1b364aeb-4436-4f90-ad4a-028e7293e309@group-4DAECC91AF28:LeaderElection44: begin an election at term 1 for -1: [1b364aeb-4436-4f90-ad4a-028e7293e309:192.168.30.6:42018], old=null
2019-09-25 11:53:13,048 [1b364aeb-4436-4f90-ad4a-028e7293e309@group-4DAECC91AF28:LeaderElection44] INFO  impl.RoleInfo (RoleInfo.java:shutdownLeaderElection(134)) - 1b364aeb-4436-4f90-ad4a-028e7293e309: shutdown LeaderElection
2019-09-25 11:53:13,048 [1b364aeb-4436-4f90-ad4a-028e7293e309@group-4DAECC91AF28:LeaderElection44] INFO  impl.RaftServerImpl (RaftServerImpl.java:setRole(174)) - 1b364aeb-4436-4f90-ad4a-028e7293e309@group-4DAECC91AF28: changes role from CANDIDATE to LEADER at term 1 for changeToLeader
2019-09-25 11:53:13,048 [1b364aeb-4436-4f90-ad4a-028e7293e309@group-4DAECC91AF28:LeaderElection44] INFO  impl.RaftServerImpl (ServerState.java:setLeader(253)) - 1b364aeb-4436-4f90-ad4a-028e7293e309@group-4DAECC91AF28: change Leader from null to 1b364aeb-4436-4f90-ad4a-028e7293e309 at term 1 for becomeLeader, leader elected after 5117ms
2019-09-25 11:53:13,048 [1b364aeb-4436-4f90-ad4a-028e7293e309@group-4DAECC91AF28:LeaderElection44] INFO  server.RaftServerConfigKeys (ConfUtils.java:logGet(43)) - raft.server.staging.catchup.gap = 1000 (default)
2019-09-25 11:53:13,049 [1b364aeb-4436-4f90-ad4a-028e7293e309@group-4DAECC91AF28:LeaderElection44] INFO  server.RaftServerConfigKeys (ConfUtils.java:logGet(43)) - raft.server.rpc.sleep.time = 25ms (default)
2019-09-25 11:53:13,049 [1b364aeb-4436-4f90-ad4a-028e7293e309@group-4DAECC91AF28:LeaderElection44] INFO  server.RaftServerConfigKeys (ConfUtils.java:logGet(43)) - raft.server.write.element-limit = 4096 (default)
2019-09-25 11:53:13,049 [1b364aeb-4436-4f90-ad4a-028e7293e309@group-4DAECC91AF28:LeaderElection44] INFO  server.RaftServerConfigKeys (ConfUtils.java:logGet(43)) - raft.server.watch.timeout = 10s (default)
2019-09-25 11:53:13,049 [1b364aeb-4436-4f90-ad4a-028e7293e309@group-4DAECC91AF28:LeaderElection44] INFO  server.RaftServerConfigKeys (ConfUtils.java:logGet(43)) - raft.server.watch.timeout.denomination = 1s (default)
2019-09-25 11:53:13,049 [1b364aeb-4436-4f90-ad4a-028e7293e309@group-4DAECC91AF28:LeaderElection44] INFO  server.RaftServerConfigKeys (ConfUtils.java:logGet(43)) - raft.server.watch.element-limit = 65536 (default)
2019-09-25 11:53:13,051 [1b364aeb-4436-4f90-ad4a-028e7293e309@group-4DAECC91AF28:LeaderElection44] INFO  impl.RoleInfo (RoleInfo.java:updateAndGet(143)) - 1b364aeb-4436-4f90-ad4a-028e7293e309: start LeaderState
2019-09-25 11:53:13,051 [1b364aeb-4436-4f90-ad4a-028e7293e309@group-4DAECC91AF28:LeaderElection44] INFO  segmented.SegmentedRaftLogWorker (SegmentedRaftLogWorker.java:startLogSegment(380)) - 1b364aeb-4436-4f90-ad4a-028e7293e309@group-4DAECC91AF28-SegmentedRaftLogWorker: Starting segment from index:0
2019-09-25 11:53:13,052 [1b364aeb-4436-4f90-ad4a-028e7293e309@group-4DAECC91AF28:LeaderElection44] INFO  impl.RaftServerImpl (ServerState.java:setRaftConf(354)) - 1b364aeb-4436-4f90-ad4a-028e7293e309@group-4DAECC91AF28: set configuration 0: [1b364aeb-4436-4f90-ad4a-028e7293e309:192.168.30.6:42018], old=null at 0
2019-09-25 11:53:13,085 [1b364aeb-4436-4f90-ad4a-028e7293e309@group-15B721E24113-SegmentedRaftLogWorker] INFO  segmented.SegmentedRaftLogWorker (SegmentedRaftLogWorker.java:execute(569)) - 1b364aeb-4436-4f90-ad4a-028e7293e309@group-15B721E24113-SegmentedRaftLogWorker: created new log segment /workdir/hadoop-ozone/ozonefs/target/test-dir/MiniOzoneClusterImpl-6cc5d9fe-62d6-4c5a-ace2-3095284a5ae3/datanode-1/data/ratis/3575a965-81ad-4bc6-b979-15b721e24113/current/log_inprogress_0
2019-09-25 11:53:13,099 [1b364aeb-4436-4f90-ad4a-028e7293e309@group-4DAECC91AF28-SegmentedRaftLogWorker] INFO  segmented.SegmentedRaftLogWorker (SegmentedRaftLogWorker.java:execute(569)) - 1b364aeb-4436-4f90-ad4a-028e7293e309@group-4DAECC91AF28-SegmentedRaftLogWorker: created new log segment /workdir/hadoop-ozone/ozonefs/target/test-dir/MiniOzoneClusterImpl-6cc5d9fe-62d6-4c5a-ace2-3095284a5ae3/datanode-1/data/ratis/63a153f5-5ac7-4864-ab95-4daecc91af28/current/log_inprogress_0
2019-09-25 11:53:13,116 [Thread-735] INFO  impl.FollowerState (FollowerState.java:run(106)) - 1b364aeb-4436-4f90-ad4a-028e7293e309:group-75F136E44217 changes to CANDIDATE, lastRpcTime:5131, electionTimeout:5131ms
2019-09-25 11:53:13,116 [Thread-735] INFO  impl.RoleInfo (RoleInfo.java:shutdownFollowerState(121)) - 1b364aeb-4436-4f90-ad4a-028e7293e309: shutdown FollowerState
2019-09-25 11:53:13,117 [Thread-735] INFO  impl.RaftServerImpl (RaftServerImpl.java:setRole(174)) - 1b364aeb-4436-4f90-ad4a-028e7293e309@group-75F136E44217: changes role from  FOLLOWER to CANDIDATE at term 0 for changeToCandidate
2019-09-25 11:53:13,117 [Thread-735] INFO  impl.RoleInfo (RoleInfo.java:updateAndGet(143)) - 1b364aeb-4436-4f90-ad4a-028e7293e309: start LeaderElection
2019-09-25 11:53:13,133 [1b364aeb-4436-4f90-ad4a-028e7293e309@group-75F136E44217:LeaderElection45] INFO  impl.LeaderElection (LeaderElection.java:askForVotes(182)) - 1b364aeb-4436-4f90-ad4a-028e7293e309@group-75F136E44217:LeaderElection45: begin an election at term 1 for -1: [1b364aeb-4436-4f90-ad4a-028e7293e309:192.168.30.6:42018], old=null
2019-09-25 11:53:13,133 [1b364aeb-4436-4f90-ad4a-028e7293e309@group-75F136E44217:LeaderElection45] INFO  impl.RoleInfo (RoleInfo.java:shutdownLeaderElection(134)) - 1b364aeb-4436-4f90-ad4a-028e7293e309: shutdown LeaderElection
2019-09-25 11:53:13,134 [1b364aeb-4436-4f90-ad4a-028e7293e309@group-75F136E44217:LeaderElection45] INFO  impl.RaftServerImpl (RaftServerImpl.java:setRole(174)) - 1b364aeb-4436-4f90-ad4a-028e7293e309@group-75F136E44217: changes role from CANDIDATE to LEADER at term 1 for changeToLeader
2019-09-25 11:53:13,134 [1b364aeb-4436-4f90-ad4a-028e7293e309@group-75F136E44217:LeaderElection45] INFO  impl.RaftServerImpl (ServerState.java:setLeader(253)) - 1b364aeb-4436-4f90-ad4a-028e7293e309@group-75F136E44217: change Leader from null to 1b364aeb-4436-4f90-ad4a-028e7293e309 at term 1 for becomeLeader, leader elected after 5155ms
2019-09-25 11:53:13,134 [1b364aeb-4436-4f90-ad4a-028e7293e309@group-75F136E44217:LeaderElection45] INFO  server.RaftServerConfigKeys (ConfUtils.java:logGet(43)) - raft.server.staging.catchup.gap = 1000 (default)
2019-09-25 11:53:13,134 [1b364aeb-4436-4f90-ad4a-028e7293e309@group-75F136E44217:LeaderElection45] INFO  server.RaftServerConfigKeys (ConfUtils.java:logGet(43)) - raft.server.rpc.sleep.time = 25ms (default)
2019-09-25 11:53:13,134 [1b364aeb-4436-4f90-ad4a-028e7293e309@group-75F136E44217:LeaderElection45] INFO  server.RaftServerConfigKeys (ConfUtils.java:logGet(43)) - raft.server.write.element-limit = 4096 (default)
2019-09-25 11:53:13,134 [1b364aeb-4436-4f90-ad4a-028e7293e309@group-75F136E44217:LeaderElection45] INFO  server.RaftServerConfigKeys (ConfUtils.java:logGet(43)) - raft.server.watch.timeout = 10s (default)
2019-09-25 11:53:13,135 [1b364aeb-4436-4f90-ad4a-028e7293e309@group-75F136E44217:LeaderElection45] INFO  server.RaftServerConfigKeys (ConfUtils.java:logGet(43)) - raft.server.watch.timeout.denomination = 1s (default)
2019-09-25 11:53:13,135 [1b364aeb-4436-4f90-ad4a-028e7293e309@group-75F136E44217:LeaderElection45] INFO  server.RaftServerConfigKeys (ConfUtils.java:logGet(43)) - raft.server.watch.element-limit = 65536 (default)
2019-09-25 11:53:13,137 [1b364aeb-4436-4f90-ad4a-028e7293e309@group-75F136E44217:LeaderElection45] INFO  impl.RoleInfo (RoleInfo.java:updateAndGet(143)) - 1b364aeb-4436-4f90-ad4a-028e7293e309: start LeaderState
2019-09-25 11:53:13,138 [1b364aeb-4436-4f90-ad4a-028e7293e309@group-75F136E44217:LeaderElection45] INFO  segmented.SegmentedRaftLogWorker (SegmentedRaftLogWorker.java:startLogSegment(380)) - 1b364aeb-4436-4f90-ad4a-028e7293e309@group-75F136E44217-SegmentedRaftLogWorker: Starting segment from index:0
2019-09-25 11:53:13,138 [1b364aeb-4436-4f90-ad4a-028e7293e309@group-75F136E44217:LeaderElection45] INFO  impl.RaftServerImpl (ServerState.java:setRaftConf(354)) - 1b364aeb-4436-4f90-ad4a-028e7293e309@group-75F136E44217: set configuration 0: [1b364aeb-4436-4f90-ad4a-028e7293e309:192.168.30.6:42018], old=null at 0
2019-09-25 11:53:13,180 [1b364aeb-4436-4f90-ad4a-028e7293e309@group-75F136E44217-SegmentedRaftLogWorker] INFO  segmented.SegmentedRaftLogWorker (SegmentedRaftLogWorker.java:execute(569)) - 1b364aeb-4436-4f90-ad4a-028e7293e309@group-75F136E44217-SegmentedRaftLogWorker: created new log segment /workdir/hadoop-ozone/ozonefs/target/test-dir/MiniOzoneClusterImpl-6cc5d9fe-62d6-4c5a-ace2-3095284a5ae3/datanode-1/data/ratis/100593a7-61ae-4d4e-b4cd-75f136e44217/current/log_inprogress_0
2019-09-25 11:53:13,184 [Thread-741] INFO  impl.FollowerState (FollowerState.java:run(106)) - 92c2e3dd-e0c1-4b1f-96bb-d8ce5a005ea4:group-F1185B794D1F changes to CANDIDATE, lastRpcTime:5097, electionTimeout:5097ms
2019-09-25 11:53:13,185 [Thread-741] INFO  impl.RoleInfo (RoleInfo.java:shutdownFollowerState(121)) - 92c2e3dd-e0c1-4b1f-96bb-d8ce5a005ea4: shutdown FollowerState
2019-09-25 11:53:13,185 [Thread-741] INFO  impl.RaftServerImpl (RaftServerImpl.java:setRole(174)) - 92c2e3dd-e0c1-4b1f-96bb-d8ce5a005ea4@group-F1185B794D1F: changes role from  FOLLOWER to CANDIDATE at term 0 for changeToCandidate
2019-09-25 11:53:13,185 [Thread-741] INFO  impl.RoleInfo (RoleInfo.java:updateAndGet(143)) - 92c2e3dd-e0c1-4b1f-96bb-d8ce5a005ea4: start LeaderElection
2019-09-25 11:53:13,192 [Thread-747] INFO  impl.FollowerState (FollowerState.java:run(106)) - 92c2e3dd-e0c1-4b1f-96bb-d8ce5a005ea4:group-94CFE8DC1B38 changes to CANDIDATE, lastRpcTime:5018, electionTimeout:5018ms
2019-09-25 11:53:13,192 [Thread-747] INFO  impl.RoleInfo (RoleInfo.java:shutdownFollowerState(121)) - 92c2e3dd-e0c1-4b1f-96bb-d8ce5a005ea4: shutdown FollowerState
2019-09-25 11:53:13,193 [Thread-747] INFO  impl.RaftServerImpl (RaftServerImpl.java:setRole(174)) - 92c2e3dd-e0c1-4b1f-96bb-d8ce5a005ea4@group-94CFE8DC1B38: changes role from  FOLLOWER to CANDIDATE at term 0 for changeToCandidate
2019-09-25 11:53:13,193 [Thread-747] INFO  impl.RoleInfo (RoleInfo.java:updateAndGet(143)) - 92c2e3dd-e0c1-4b1f-96bb-d8ce5a005ea4: start LeaderElection
2019-09-25 11:53:13,195 [Thread-738] INFO  impl.FollowerState (FollowerState.java:run(106)) - 92c2e3dd-e0c1-4b1f-96bb-d8ce5a005ea4:group-F8155A53D7D0 changes to CANDIDATE, lastRpcTime:5155, electionTimeout:5154ms
2019-09-25 11:53:13,195 [Thread-738] INFO  impl.RoleInfo (RoleInfo.java:shutdownFollowerState(121)) - 92c2e3dd-e0c1-4b1f-96bb-d8ce5a005ea4: shutdown FollowerState
2019-09-25 11:53:13,195 [Thread-738] INFO  impl.RaftServerImpl (RaftServerImpl.java:setRole(174)) - 92c2e3dd-e0c1-4b1f-96bb-d8ce5a005ea4@group-F8155A53D7D0: changes role from  FOLLOWER to CANDIDATE at term 0 for changeToCandidate
2019-09-25 11:53:13,195 [Thread-738] INFO  impl.RoleInfo (RoleInfo.java:updateAndGet(143)) - 92c2e3dd-e0c1-4b1f-96bb-d8ce5a005ea4: start LeaderElection
2019-09-25 11:53:13,201 [92c2e3dd-e0c1-4b1f-96bb-d8ce5a005ea4@group-94CFE8DC1B38:LeaderElection47] INFO  impl.LeaderElection (LeaderElection.java:askForVotes(182)) - 92c2e3dd-e0c1-4b1f-96bb-d8ce5a005ea4@group-94CFE8DC1B38:LeaderElection47: begin an election at term 1 for -1: [92c2e3dd-e0c1-4b1f-96bb-d8ce5a005ea4:192.168.30.6:40059], old=null
2019-09-25 11:53:13,201 [92c2e3dd-e0c1-4b1f-96bb-d8ce5a005ea4@group-F8155A53D7D0:LeaderElection48] INFO  impl.LeaderElection (LeaderElection.java:askForVotes(182)) - 92c2e3dd-e0c1-4b1f-96bb-d8ce5a005ea4@group-F8155A53D7D0:LeaderElection48: begin an election at term 1 for -1: [92c2e3dd-e0c1-4b1f-96bb-d8ce5a005ea4:192.168.30.6:40059], old=null
2019-09-25 11:53:13,201 [92c2e3dd-e0c1-4b1f-96bb-d8ce5a005ea4@group-94CFE8DC1B38:LeaderElection47] INFO  impl.RoleInfo (RoleInfo.java:shutdownLeaderElection(134)) - 92c2e3dd-e0c1-4b1f-96bb-d8ce5a005ea4: shutdown LeaderElection
2019-09-25 11:53:13,201 [92c2e3dd-e0c1-4b1f-96bb-d8ce5a005ea4@group-F1185B794D1F:LeaderElection46] INFO  impl.LeaderElection (LeaderElection.java:askForVotes(182)) - 92c2e3dd-e0c1-4b1f-96bb-d8ce5a005ea4@group-F1185B794D1F:LeaderElection46: begin an election at term 1 for -1: [92c2e3dd-e0c1-4b1f-96bb-d8ce5a005ea4:192.168.30.6:40059], old=null
2019-09-25 11:53:13,202 [92c2e3dd-e0c1-4b1f-96bb-d8ce5a005ea4@group-94CFE8DC1B38:LeaderElection47] INFO  impl.RaftServerImpl (RaftServerImpl.java:setRole(174)) - 92c2e3dd-e0c1-4b1f-96bb-d8ce5a005ea4@group-94CFE8DC1B38: changes role from CANDIDATE to LEADER at term 1 for changeToLeader
2019-09-25 11:53:13,202 [92c2e3dd-e0c1-4b1f-96bb-d8ce5a005ea4@group-F8155A53D7D0:LeaderElection48] INFO  impl.RoleInfo (RoleInfo.java:shutdownLeaderElection(134)) - 92c2e3dd-e0c1-4b1f-96bb-d8ce5a005ea4: shutdown LeaderElection
2019-09-25 11:53:13,202 [92c2e3dd-e0c1-4b1f-96bb-d8ce5a005ea4@group-94CFE8DC1B38:LeaderElection47] INFO  impl.RaftServerImpl (ServerState.java:setLeader(253)) - 92c2e3dd-e0c1-4b1f-96bb-d8ce5a005ea4@group-94CFE8DC1B38: change Leader from null to 92c2e3dd-e0c1-4b1f-96bb-d8ce5a005ea4 at term 1 for becomeLeader, leader elected after 5034ms
2019-09-25 11:53:13,202 [92c2e3dd-e0c1-4b1f-96bb-d8ce5a005ea4@group-F1185B794D1F:LeaderElection46] INFO  impl.RoleInfo (RoleInfo.java:shutdownLeaderElection(134)) - 92c2e3dd-e0c1-4b1f-96bb-d8ce5a005ea4: shutdown LeaderElection
2019-09-25 11:53:13,202 [92c2e3dd-e0c1-4b1f-96bb-d8ce5a005ea4@group-94CFE8DC1B38:LeaderElection47] INFO  server.RaftServerConfigKeys (ConfUtils.java:logGet(43)) - raft.server.staging.catchup.gap = 1000 (default)
2019-09-25 11:53:13,202 [92c2e3dd-e0c1-4b1f-96bb-d8ce5a005ea4@group-F8155A53D7D0:LeaderElection48] INFO  impl.RaftServerImpl (RaftServerImpl.java:setRole(174)) - 92c2e3dd-e0c1-4b1f-96bb-d8ce5a005ea4@group-F8155A53D7D0: changes role from CANDIDATE to LEADER at term 1 for changeToLeader
2019-09-25 11:53:13,202 [92c2e3dd-e0c1-4b1f-96bb-d8ce5a005ea4@group-94CFE8DC1B38:LeaderElection47] INFO  server.RaftServerConfigKeys (ConfUtils.java:logGet(43)) - raft.server.rpc.sleep.time = 25ms (default)
2019-09-25 11:53:13,202 [92c2e3dd-e0c1-4b1f-96bb-d8ce5a005ea4@group-F1185B794D1F:LeaderElection46] INFO  impl.RaftServerImpl (RaftServerImpl.java:setRole(174)) - 92c2e3dd-e0c1-4b1f-96bb-d8ce5a005ea4@group-F1185B794D1F: changes role from CANDIDATE to LEADER at term 1 for changeToLeader
2019-09-25 11:53:13,203 [92c2e3dd-e0c1-4b1f-96bb-d8ce5a005ea4@group-94CFE8DC1B38:LeaderElection47] INFO  server.RaftServerConfigKeys (ConfUtils.java:logGet(43)) - raft.server.write.element-limit = 4096 (default)
2019-09-25 11:53:13,202 [92c2e3dd-e0c1-4b1f-96bb-d8ce5a005ea4@group-F8155A53D7D0:LeaderElection48] INFO  impl.RaftServerImpl (ServerState.java:setLeader(253)) - 92c2e3dd-e0c1-4b1f-96bb-d8ce5a005ea4@group-F8155A53D7D0: change Leader from null to 92c2e3dd-e0c1-4b1f-96bb-d8ce5a005ea4 at term 1 for becomeLeader, leader elected after 5171ms
2019-09-25 11:53:13,203 [92c2e3dd-e0c1-4b1f-96bb-d8ce5a005ea4@group-94CFE8DC1B38:LeaderElection47] INFO  server.RaftServerConfigKeys (ConfUtils.java:logGet(43)) - raft.server.watch.timeout = 10s (default)
2019-09-25 11:53:13,203 [92c2e3dd-e0c1-4b1f-96bb-d8ce5a005ea4@group-F1185B794D1F:LeaderElection46] INFO  impl.RaftServerImpl (ServerState.java:setLeader(253)) - 92c2e3dd-e0c1-4b1f-96bb-d8ce5a005ea4@group-F1185B794D1F: change Leader from null to 92c2e3dd-e0c1-4b1f-96bb-d8ce5a005ea4 at term 1 for becomeLeader, leader elected after 5120ms
2019-09-25 11:53:13,203 [92c2e3dd-e0c1-4b1f-96bb-d8ce5a005ea4@group-94CFE8DC1B38:LeaderElection47] INFO  server.RaftServerConfigKeys (ConfUtils.java:logGet(43)) - raft.server.watch.timeout.denomination = 1s (default)
2019-09-25 11:53:13,203 [92c2e3dd-e0c1-4b1f-96bb-d8ce5a005ea4@group-F8155A53D7D0:LeaderElection48] INFO  server.RaftServerConfigKeys (ConfUtils.java:logGet(43)) - raft.server.staging.catchup.gap = 1000 (default)
2019-09-25 11:53:13,203 [92c2e3dd-e0c1-4b1f-96bb-d8ce5a005ea4@group-94CFE8DC1B38:LeaderElection47] INFO  server.RaftServerConfigKeys (ConfUtils.java:logGet(43)) - raft.server.watch.element-limit = 65536 (default)
2019-09-25 11:53:13,203 [92c2e3dd-e0c1-4b1f-96bb-d8ce5a005ea4@group-F1185B794D1F:LeaderElection46] INFO  server.RaftServerConfigKeys (ConfUtils.java:logGet(43)) - raft.server.staging.catchup.gap = 1000 (default)
2019-09-25 11:53:13,203 [92c2e3dd-e0c1-4b1f-96bb-d8ce5a005ea4@group-F8155A53D7D0:LeaderElection48] INFO  server.RaftServerConfigKeys (ConfUtils.java:logGet(43)) - raft.server.rpc.sleep.time = 25ms (default)
2019-09-25 11:53:13,204 [92c2e3dd-e0c1-4b1f-96bb-d8ce5a005ea4@group-F1185B794D1F:LeaderElection46] INFO  server.RaftServerConfigKeys (ConfUtils.java:logGet(43)) - raft.server.rpc.sleep.time = 25ms (default)
2019-09-25 11:53:13,204 [92c2e3dd-e0c1-4b1f-96bb-d8ce5a005ea4@group-F8155A53D7D0:LeaderElection48] INFO  server.RaftServerConfigKeys (ConfUtils.java:logGet(43)) - raft.server.write.element-limit = 4096 (default)
2019-09-25 11:53:13,204 [92c2e3dd-e0c1-4b1f-96bb-d8ce5a005ea4@group-F1185B794D1F:LeaderElection46] INFO  server.RaftServerConfigKeys (ConfUtils.java:logGet(43)) - raft.server.write.element-limit = 4096 (default)
2019-09-25 11:53:13,204 [92c2e3dd-e0c1-4b1f-96bb-d8ce5a005ea4@group-F8155A53D7D0:LeaderElection48] INFO  server.RaftServerConfigKeys (ConfUtils.java:logGet(43)) - raft.server.watch.timeout = 10s (default)
2019-09-25 11:53:13,204 [92c2e3dd-e0c1-4b1f-96bb-d8ce5a005ea4@group-F1185B794D1F:LeaderElection46] INFO  server.RaftServerConfigKeys (ConfUtils.java:logGet(43)) - raft.server.watch.timeout = 10s (default)
2019-09-25 11:53:13,204 [92c2e3dd-e0c1-4b1f-96bb-d8ce5a005ea4@group-F8155A53D7D0:LeaderElection48] INFO  server.RaftServerConfigKeys (ConfUtils.java:logGet(43)) - raft.server.watch.timeout.denomination = 1s (default)
2019-09-25 11:53:13,204 [92c2e3dd-e0c1-4b1f-96bb-d8ce5a005ea4@group-F1185B794D1F:LeaderElection46] INFO  server.RaftServerConfigKeys (ConfUtils.java:logGet(43)) - raft.server.watch.timeout.denomination = 1s (default)
2019-09-25 11:53:13,204 [92c2e3dd-e0c1-4b1f-96bb-d8ce5a005ea4@group-F8155A53D7D0:LeaderElection48] INFO  server.RaftServerConfigKeys (ConfUtils.java:logGet(43)) - raft.server.watch.element-limit = 65536 (default)
2019-09-25 11:53:13,204 [92c2e3dd-e0c1-4b1f-96bb-d8ce5a005ea4@group-F1185B794D1F:LeaderElection46] INFO  server.RaftServerConfigKeys (ConfUtils.java:logGet(43)) - raft.server.watch.element-limit = 65536 (default)
2019-09-25 11:53:13,206 [92c2e3dd-e0c1-4b1f-96bb-d8ce5a005ea4@group-94CFE8DC1B38:LeaderElection47] INFO  impl.RoleInfo (RoleInfo.java:updateAndGet(143)) - 92c2e3dd-e0c1-4b1f-96bb-d8ce5a005ea4: start LeaderState
2019-09-25 11:53:13,206 [92c2e3dd-e0c1-4b1f-96bb-d8ce5a005ea4@group-94CFE8DC1B38:LeaderElection47] INFO  segmented.SegmentedRaftLogWorker (SegmentedRaftLogWorker.java:startLogSegment(380)) - 92c2e3dd-e0c1-4b1f-96bb-d8ce5a005ea4@group-94CFE8DC1B38-SegmentedRaftLogWorker: Starting segment from index:0
2019-09-25 11:53:13,207 [92c2e3dd-e0c1-4b1f-96bb-d8ce5a005ea4@group-94CFE8DC1B38:LeaderElection47] INFO  impl.RaftServerImpl (ServerState.java:setRaftConf(354)) - 92c2e3dd-e0c1-4b1f-96bb-d8ce5a005ea4@group-94CFE8DC1B38: set configuration 0: [92c2e3dd-e0c1-4b1f-96bb-d8ce5a005ea4:192.168.30.6:40059], old=null at 0
2019-09-25 11:53:13,208 [92c2e3dd-e0c1-4b1f-96bb-d8ce5a005ea4@group-F8155A53D7D0:LeaderElection48] INFO  impl.RoleInfo (RoleInfo.java:updateAndGet(143)) - 92c2e3dd-e0c1-4b1f-96bb-d8ce5a005ea4: start LeaderState
2019-09-25 11:53:13,208 [92c2e3dd-e0c1-4b1f-96bb-d8ce5a005ea4@group-F1185B794D1F:LeaderElection46] INFO  impl.RoleInfo (RoleInfo.java:updateAndGet(143)) - 92c2e3dd-e0c1-4b1f-96bb-d8ce5a005ea4: start LeaderState
2019-09-25 11:53:13,208 [92c2e3dd-e0c1-4b1f-96bb-d8ce5a005ea4@group-F8155A53D7D0:LeaderElection48] INFO  segmented.SegmentedRaftLogWorker (SegmentedRaftLogWorker.java:startLogSegment(380)) - 92c2e3dd-e0c1-4b1f-96bb-d8ce5a005ea4@group-F8155A53D7D0-SegmentedRaftLogWorker: Starting segment from index:0
2019-09-25 11:53:13,208 [92c2e3dd-e0c1-4b1f-96bb-d8ce5a005ea4@group-F1185B794D1F:LeaderElection46] INFO  segmented.SegmentedRaftLogWorker (SegmentedRaftLogWorker.java:startLogSegment(380)) - 92c2e3dd-e0c1-4b1f-96bb-d8ce5a005ea4@group-F1185B794D1F-SegmentedRaftLogWorker: Starting segment from index:0
2019-09-25 11:53:13,208 [92c2e3dd-e0c1-4b1f-96bb-d8ce5a005ea4@group-F8155A53D7D0:LeaderElection48] INFO  impl.RaftServerImpl (ServerState.java:setRaftConf(354)) - 92c2e3dd-e0c1-4b1f-96bb-d8ce5a005ea4@group-F8155A53D7D0: set configuration 0: [92c2e3dd-e0c1-4b1f-96bb-d8ce5a005ea4:192.168.30.6:40059], old=null at 0
2019-09-25 11:53:13,209 [92c2e3dd-e0c1-4b1f-96bb-d8ce5a005ea4@group-F1185B794D1F:LeaderElection46] INFO  impl.RaftServerImpl (ServerState.java:setRaftConf(354)) - 92c2e3dd-e0c1-4b1f-96bb-d8ce5a005ea4@group-F1185B794D1F: set configuration 0: [92c2e3dd-e0c1-4b1f-96bb-d8ce5a005ea4:192.168.30.6:40059], old=null at 0
2019-09-25 11:53:13,253 [92c2e3dd-e0c1-4b1f-96bb-d8ce5a005ea4@group-F1185B794D1F-SegmentedRaftLogWorker] INFO  segmented.SegmentedRaftLogWorker (SegmentedRaftLogWorker.java:execute(569)) - 92c2e3dd-e0c1-4b1f-96bb-d8ce5a005ea4@group-F1185B794D1F-SegmentedRaftLogWorker: created new log segment /workdir/hadoop-ozone/ozonefs/target/test-dir/MiniOzoneClusterImpl-6cc5d9fe-62d6-4c5a-ace2-3095284a5ae3/datanode-2/data/ratis/6fe5ac67-2b57-48fd-a7f3-f1185b794d1f/current/log_inprogress_0
2019-09-25 11:53:13,253 [92c2e3dd-e0c1-4b1f-96bb-d8ce5a005ea4@group-94CFE8DC1B38-SegmentedRaftLogWorker] INFO  segmented.SegmentedRaftLogWorker (SegmentedRaftLogWorker.java:execute(569)) - 92c2e3dd-e0c1-4b1f-96bb-d8ce5a005ea4@group-94CFE8DC1B38-SegmentedRaftLogWorker: created new log segment /workdir/hadoop-ozone/ozonefs/target/test-dir/MiniOzoneClusterImpl-6cc5d9fe-62d6-4c5a-ace2-3095284a5ae3/datanode-2/data/ratis/39f4460c-3f25-426a-be85-94cfe8dc1b38/current/log_inprogress_0
2019-09-25 11:53:13,253 [92c2e3dd-e0c1-4b1f-96bb-d8ce5a005ea4@group-F8155A53D7D0-SegmentedRaftLogWorker] INFO  segmented.SegmentedRaftLogWorker (SegmentedRaftLogWorker.java:execute(569)) - 92c2e3dd-e0c1-4b1f-96bb-d8ce5a005ea4@group-F8155A53D7D0-SegmentedRaftLogWorker: created new log segment /workdir/hadoop-ozone/ozonefs/target/test-dir/MiniOzoneClusterImpl-6cc5d9fe-62d6-4c5a-ace2-3095284a5ae3/datanode-2/data/ratis/a516099d-ff82-4943-8ff1-f8155a53d7d0/current/log_inprogress_0
2019-09-25 11:53:13,258 [Thread-744] INFO  impl.FollowerState (FollowerState.java:run(106)) - 92c2e3dd-e0c1-4b1f-96bb-d8ce5a005ea4:group-2E5D3F4A658A changes to CANDIDATE, lastRpcTime:5126, electionTimeout:5126ms
2019-09-25 11:53:13,258 [Thread-744] INFO  impl.RoleInfo (RoleInfo.java:shutdownFollowerState(121)) - 92c2e3dd-e0c1-4b1f-96bb-d8ce5a005ea4: shutdown FollowerState
2019-09-25 11:53:13,258 [Thread-744] INFO  impl.RaftServerImpl (RaftServerImpl.java:setRole(174)) - 92c2e3dd-e0c1-4b1f-96bb-d8ce5a005ea4@group-2E5D3F4A658A: changes role from  FOLLOWER to CANDIDATE at term 0 for changeToCandidate
2019-09-25 11:53:13,258 [Thread-744] INFO  impl.RoleInfo (RoleInfo.java:updateAndGet(143)) - 92c2e3dd-e0c1-4b1f-96bb-d8ce5a005ea4: start LeaderElection
2019-09-25 11:53:13,345 [92c2e3dd-e0c1-4b1f-96bb-d8ce5a005ea4@group-2E5D3F4A658A:LeaderElection49] INFO  impl.LeaderElection (LeaderElection.java:askForVotes(182)) - 92c2e3dd-e0c1-4b1f-96bb-d8ce5a005ea4@group-2E5D3F4A658A:LeaderElection49: begin an election at term 1 for -1: [92c2e3dd-e0c1-4b1f-96bb-d8ce5a005ea4:192.168.30.6:40059], old=null
2019-09-25 11:53:13,346 [92c2e3dd-e0c1-4b1f-96bb-d8ce5a005ea4@group-2E5D3F4A658A:LeaderElection49] INFO  impl.RoleInfo (RoleInfo.java:shutdownLeaderElection(134)) - 92c2e3dd-e0c1-4b1f-96bb-d8ce5a005ea4: shutdown LeaderElection
2019-09-25 11:53:13,346 [92c2e3dd-e0c1-4b1f-96bb-d8ce5a005ea4@group-2E5D3F4A658A:LeaderElection49] INFO  impl.RaftServerImpl (RaftServerImpl.java:setRole(174)) - 92c2e3dd-e0c1-4b1f-96bb-d8ce5a005ea4@group-2E5D3F4A658A: changes role from CANDIDATE to LEADER at term 1 for changeToLeader
2019-09-25 11:53:13,346 [92c2e3dd-e0c1-4b1f-96bb-d8ce5a005ea4@group-2E5D3F4A658A:LeaderElection49] INFO  impl.RaftServerImpl (ServerState.java:setLeader(253)) - 92c2e3dd-e0c1-4b1f-96bb-d8ce5a005ea4@group-2E5D3F4A658A: change Leader from null to 92c2e3dd-e0c1-4b1f-96bb-d8ce5a005ea4 at term 1 for becomeLeader, leader elected after 5220ms
2019-09-25 11:53:13,346 [92c2e3dd-e0c1-4b1f-96bb-d8ce5a005ea4@group-2E5D3F4A658A:LeaderElection49] INFO  server.RaftServerConfigKeys (ConfUtils.java:logGet(43)) - raft.server.staging.catchup.gap = 1000 (default)
2019-09-25 11:53:13,346 [92c2e3dd-e0c1-4b1f-96bb-d8ce5a005ea4@group-2E5D3F4A658A:LeaderElection49] INFO  server.RaftServerConfigKeys (ConfUtils.java:logGet(43)) - raft.server.rpc.sleep.time = 25ms (default)
2019-09-25 11:53:13,347 [92c2e3dd-e0c1-4b1f-96bb-d8ce5a005ea4@group-2E5D3F4A658A:LeaderElection49] INFO  server.RaftServerConfigKeys (ConfUtils.java:logGet(43)) - raft.server.write.element-limit = 4096 (default)
2019-09-25 11:53:13,347 [92c2e3dd-e0c1-4b1f-96bb-d8ce5a005ea4@group-2E5D3F4A658A:LeaderElection49] INFO  server.RaftServerConfigKeys (ConfUtils.java:logGet(43)) - raft.server.watch.timeout = 10s (default)
2019-09-25 11:53:13,347 [92c2e3dd-e0c1-4b1f-96bb-d8ce5a005ea4@group-2E5D3F4A658A:LeaderElection49] INFO  server.RaftServerConfigKeys (ConfUtils.java:logGet(43)) - raft.server.watch.timeout.denomination = 1s (default)
2019-09-25 11:53:13,347 [92c2e3dd-e0c1-4b1f-96bb-d8ce5a005ea4@group-2E5D3F4A658A:LeaderElection49] INFO  server.RaftServerConfigKeys (ConfUtils.java:logGet(43)) - raft.server.watch.element-limit = 65536 (default)
2019-09-25 11:53:13,350 [92c2e3dd-e0c1-4b1f-96bb-d8ce5a005ea4@group-2E5D3F4A658A:LeaderElection49] INFO  impl.RoleInfo (RoleInfo.java:updateAndGet(143)) - 92c2e3dd-e0c1-4b1f-96bb-d8ce5a005ea4: start LeaderState
2019-09-25 11:53:13,350 [92c2e3dd-e0c1-4b1f-96bb-d8ce5a005ea4@group-2E5D3F4A658A:LeaderElection49] INFO  segmented.SegmentedRaftLogWorker (SegmentedRaftLogWorker.java:startLogSegment(380)) - 92c2e3dd-e0c1-4b1f-96bb-d8ce5a005ea4@group-2E5D3F4A658A-SegmentedRaftLogWorker: Starting segment from index:0
2019-09-25 11:53:13,351 [92c2e3dd-e0c1-4b1f-96bb-d8ce5a005ea4@group-2E5D3F4A658A:LeaderElection49] INFO  impl.RaftServerImpl (ServerState.java:setRaftConf(354)) - 92c2e3dd-e0c1-4b1f-96bb-d8ce5a005ea4@group-2E5D3F4A658A: set configuration 0: [92c2e3dd-e0c1-4b1f-96bb-d8ce5a005ea4:192.168.30.6:40059], old=null at 0
2019-09-25 11:53:13,370 [Thread-750] INFO  impl.FollowerState (FollowerState.java:run(106)) - 92c2e3dd-e0c1-4b1f-96bb-d8ce5a005ea4:group-61ECF824838B changes to CANDIDATE, lastRpcTime:5169, electionTimeout:5169ms
2019-09-25 11:53:13,370 [Thread-750] INFO  impl.RoleInfo (RoleInfo.java:shutdownFollowerState(121)) - 92c2e3dd-e0c1-4b1f-96bb-d8ce5a005ea4: shutdown FollowerState
2019-09-25 11:53:13,370 [Thread-750] INFO  impl.RaftServerImpl (RaftServerImpl.java:setRole(174)) - 92c2e3dd-e0c1-4b1f-96bb-d8ce5a005ea4@group-61ECF824838B: changes role from  FOLLOWER to CANDIDATE at term 0 for changeToCandidate
2019-09-25 11:53:13,371 [Thread-750] INFO  impl.RoleInfo (RoleInfo.java:updateAndGet(143)) - 92c2e3dd-e0c1-4b1f-96bb-d8ce5a005ea4: start LeaderElection
2019-09-25 11:53:13,397 [92c2e3dd-e0c1-4b1f-96bb-d8ce5a005ea4@group-2E5D3F4A658A-SegmentedRaftLogWorker] INFO  segmented.SegmentedRaftLogWorker (SegmentedRaftLogWorker.java:execute(569)) - 92c2e3dd-e0c1-4b1f-96bb-d8ce5a005ea4@group-2E5D3F4A658A-SegmentedRaftLogWorker: created new log segment /workdir/hadoop-ozone/ozonefs/target/test-dir/MiniOzoneClusterImpl-6cc5d9fe-62d6-4c5a-ace2-3095284a5ae3/datanode-2/data/ratis/77cf68cc-cb41-474f-a610-2e5d3f4a658a/current/log_inprogress_0
2019-09-25 11:53:13,397 [92c2e3dd-e0c1-4b1f-96bb-d8ce5a005ea4@group-61ECF824838B:LeaderElection50] INFO  impl.LeaderElection (LeaderElection.java:askForVotes(182)) - 92c2e3dd-e0c1-4b1f-96bb-d8ce5a005ea4@group-61ECF824838B:LeaderElection50: begin an election at term 1 for -1: [92c2e3dd-e0c1-4b1f-96bb-d8ce5a005ea4:192.168.30.6:40059], old=null
2019-09-25 11:53:13,398 [92c2e3dd-e0c1-4b1f-96bb-d8ce5a005ea4@group-61ECF824838B:LeaderElection50] INFO  impl.RoleInfo (RoleInfo.java:shutdownLeaderElection(134)) - 92c2e3dd-e0c1-4b1f-96bb-d8ce5a005ea4: shutdown LeaderElection
2019-09-25 11:53:13,398 [92c2e3dd-e0c1-4b1f-96bb-d8ce5a005ea4@group-61ECF824838B:LeaderElection50] INFO  impl.RaftServerImpl (RaftServerImpl.java:setRole(174)) - 92c2e3dd-e0c1-4b1f-96bb-d8ce5a005ea4@group-61ECF824838B: changes role from CANDIDATE to LEADER at term 1 for changeToLeader
2019-09-25 11:53:13,398 [92c2e3dd-e0c1-4b1f-96bb-d8ce5a005ea4@group-61ECF824838B:LeaderElection50] INFO  impl.RaftServerImpl (ServerState.java:setLeader(253)) - 92c2e3dd-e0c1-4b1f-96bb-d8ce5a005ea4@group-61ECF824838B: change Leader from null to 92c2e3dd-e0c1-4b1f-96bb-d8ce5a005ea4 at term 1 for becomeLeader, leader elected after 5201ms
2019-09-25 11:53:13,398 [92c2e3dd-e0c1-4b1f-96bb-d8ce5a005ea4@group-61ECF824838B:LeaderElection50] INFO  server.RaftServerConfigKeys (ConfUtils.java:logGet(43)) - raft.server.staging.catchup.gap = 1000 (default)
2019-09-25 11:53:13,398 [92c2e3dd-e0c1-4b1f-96bb-d8ce5a005ea4@group-61ECF824838B:LeaderElection50] INFO  server.RaftServerConfigKeys (ConfUtils.java:logGet(43)) - raft.server.rpc.sleep.time = 25ms (default)
2019-09-25 11:53:13,398 [92c2e3dd-e0c1-4b1f-96bb-d8ce5a005ea4@group-61ECF824838B:LeaderElection50] INFO  server.RaftServerConfigKeys (ConfUtils.java:logGet(43)) - raft.server.write.element-limit = 4096 (default)
2019-09-25 11:53:13,398 [92c2e3dd-e0c1-4b1f-96bb-d8ce5a005ea4@group-61ECF824838B:LeaderElection50] INFO  server.RaftServerConfigKeys (ConfUtils.java:logGet(43)) - raft.server.watch.timeout = 10s (default)
2019-09-25 11:53:13,399 [92c2e3dd-e0c1-4b1f-96bb-d8ce5a005ea4@group-61ECF824838B:LeaderElection50] INFO  server.RaftServerConfigKeys (ConfUtils.java:logGet(43)) - raft.server.watch.timeout.denomination = 1s (default)
2019-09-25 11:53:13,399 [92c2e3dd-e0c1-4b1f-96bb-d8ce5a005ea4@group-61ECF824838B:LeaderElection50] INFO  server.RaftServerConfigKeys (ConfUtils.java:logGet(43)) - raft.server.watch.element-limit = 65536 (default)
2019-09-25 11:53:13,401 [92c2e3dd-e0c1-4b1f-96bb-d8ce5a005ea4@group-61ECF824838B:LeaderElection50] INFO  impl.RoleInfo (RoleInfo.java:updateAndGet(143)) - 92c2e3dd-e0c1-4b1f-96bb-d8ce5a005ea4: start LeaderState
2019-09-25 11:53:13,401 [92c2e3dd-e0c1-4b1f-96bb-d8ce5a005ea4@group-61ECF824838B:LeaderElection50] INFO  segmented.SegmentedRaftLogWorker (SegmentedRaftLogWorker.java:startLogSegment(380)) - 92c2e3dd-e0c1-4b1f-96bb-d8ce5a005ea4@group-61ECF824838B-SegmentedRaftLogWorker: Starting segment from index:0
2019-09-25 11:53:13,401 [92c2e3dd-e0c1-4b1f-96bb-d8ce5a005ea4@group-61ECF824838B:LeaderElection50] INFO  impl.RaftServerImpl (ServerState.java:setRaftConf(354)) - 92c2e3dd-e0c1-4b1f-96bb-d8ce5a005ea4@group-61ECF824838B: set configuration 0: [92c2e3dd-e0c1-4b1f-96bb-d8ce5a005ea4:192.168.30.6:40059], old=null at 0
2019-09-25 11:53:13,415 [Thread-753] INFO  impl.FollowerState (FollowerState.java:run(106)) - 92c2e3dd-e0c1-4b1f-96bb-d8ce5a005ea4:group-327EBFAD8894 changes to CANDIDATE, lastRpcTime:5182, electionTimeout:5182ms
2019-09-25 11:53:13,416 [Thread-753] INFO  impl.RoleInfo (RoleInfo.java:shutdownFollowerState(121)) - 92c2e3dd-e0c1-4b1f-96bb-d8ce5a005ea4: shutdown FollowerState
2019-09-25 11:53:13,416 [Thread-753] INFO  impl.RaftServerImpl (RaftServerImpl.java:setRole(174)) - 92c2e3dd-e0c1-4b1f-96bb-d8ce5a005ea4@group-327EBFAD8894: changes role from  FOLLOWER to CANDIDATE at term 0 for changeToCandidate
2019-09-25 11:53:13,416 [Thread-753] INFO  impl.RoleInfo (RoleInfo.java:updateAndGet(143)) - 92c2e3dd-e0c1-4b1f-96bb-d8ce5a005ea4: start LeaderElection
2019-09-25 11:53:13,449 [92c2e3dd-e0c1-4b1f-96bb-d8ce5a005ea4@group-61ECF824838B-SegmentedRaftLogWorker] INFO  segmented.SegmentedRaftLogWorker (SegmentedRaftLogWorker.java:execute(569)) - 92c2e3dd-e0c1-4b1f-96bb-d8ce5a005ea4@group-61ECF824838B-SegmentedRaftLogWorker: created new log segment /workdir/hadoop-ozone/ozonefs/target/test-dir/MiniOzoneClusterImpl-6cc5d9fe-62d6-4c5a-ace2-3095284a5ae3/datanode-2/data/ratis/0a2a93c1-9130-49ba-9fbb-61ecf824838b/current/log_inprogress_0
2019-09-25 11:53:13,449 [92c2e3dd-e0c1-4b1f-96bb-d8ce5a005ea4@group-327EBFAD8894:LeaderElection51] INFO  impl.LeaderElection (LeaderElection.java:askForVotes(182)) - 92c2e3dd-e0c1-4b1f-96bb-d8ce5a005ea4@group-327EBFAD8894:LeaderElection51: begin an election at term 1 for -1: [92c2e3dd-e0c1-4b1f-96bb-d8ce5a005ea4:192.168.30.6:40059], old=null
2019-09-25 11:53:13,449 [92c2e3dd-e0c1-4b1f-96bb-d8ce5a005ea4@group-327EBFAD8894:LeaderElection51] INFO  impl.RoleInfo (RoleInfo.java:shutdownLeaderElection(134)) - 92c2e3dd-e0c1-4b1f-96bb-d8ce5a005ea4: shutdown LeaderElection
2019-09-25 11:53:13,449 [92c2e3dd-e0c1-4b1f-96bb-d8ce5a005ea4@group-327EBFAD8894:LeaderElection51] INFO  impl.RaftServerImpl (RaftServerImpl.java:setRole(174)) - 92c2e3dd-e0c1-4b1f-96bb-d8ce5a005ea4@group-327EBFAD8894: changes role from CANDIDATE to LEADER at term 1 for changeToLeader
2019-09-25 11:53:13,449 [92c2e3dd-e0c1-4b1f-96bb-d8ce5a005ea4@group-327EBFAD8894:LeaderElection51] INFO  impl.RaftServerImpl (ServerState.java:setLeader(253)) - 92c2e3dd-e0c1-4b1f-96bb-d8ce5a005ea4@group-327EBFAD8894: change Leader from null to 92c2e3dd-e0c1-4b1f-96bb-d8ce5a005ea4 at term 1 for becomeLeader, leader elected after 5220ms
2019-09-25 11:53:13,449 [92c2e3dd-e0c1-4b1f-96bb-d8ce5a005ea4@group-327EBFAD8894:LeaderElection51] INFO  server.RaftServerConfigKeys (ConfUtils.java:logGet(43)) - raft.server.staging.catchup.gap = 1000 (default)
2019-09-25 11:53:13,449 [92c2e3dd-e0c1-4b1f-96bb-d8ce5a005ea4@group-327EBFAD8894:LeaderElection51] INFO  server.RaftServerConfigKeys (ConfUtils.java:logGet(43)) - raft.server.rpc.sleep.time = 25ms (default)
2019-09-25 11:53:13,450 [92c2e3dd-e0c1-4b1f-96bb-d8ce5a005ea4@group-327EBFAD8894:LeaderElection51] INFO  server.RaftServerConfigKeys (ConfUtils.java:logGet(43)) - raft.server.write.element-limit = 4096 (default)
2019-09-25 11:53:13,450 [92c2e3dd-e0c1-4b1f-96bb-d8ce5a005ea4@group-327EBFAD8894:LeaderElection51] INFO  server.RaftServerConfigKeys (ConfUtils.java:logGet(43)) - raft.server.watch.timeout = 10s (default)
2019-09-25 11:53:13,450 [92c2e3dd-e0c1-4b1f-96bb-d8ce5a005ea4@group-327EBFAD8894:LeaderElection51] INFO  server.RaftServerConfigKeys (ConfUtils.java:logGet(43)) - raft.server.watch.timeout.denomination = 1s (default)
2019-09-25 11:53:13,450 [92c2e3dd-e0c1-4b1f-96bb-d8ce5a005ea4@group-327EBFAD8894:LeaderElection51] INFO  server.RaftServerConfigKeys (ConfUtils.java:logGet(43)) - raft.server.watch.element-limit = 65536 (default)
2019-09-25 11:53:13,452 [92c2e3dd-e0c1-4b1f-96bb-d8ce5a005ea4@group-327EBFAD8894:LeaderElection51] INFO  impl.RoleInfo (RoleInfo.java:updateAndGet(143)) - 92c2e3dd-e0c1-4b1f-96bb-d8ce5a005ea4: start LeaderState
2019-09-25 11:53:13,452 [92c2e3dd-e0c1-4b1f-96bb-d8ce5a005ea4@group-327EBFAD8894:LeaderElection51] INFO  segmented.SegmentedRaftLogWorker (SegmentedRaftLogWorker.java:startLogSegment(380)) - 92c2e3dd-e0c1-4b1f-96bb-d8ce5a005ea4@group-327EBFAD8894-SegmentedRaftLogWorker: Starting segment from index:0
2019-09-25 11:53:13,453 [92c2e3dd-e0c1-4b1f-96bb-d8ce5a005ea4@group-327EBFAD8894:LeaderElection51] INFO  impl.RaftServerImpl (ServerState.java:setRaftConf(354)) - 92c2e3dd-e0c1-4b1f-96bb-d8ce5a005ea4@group-327EBFAD8894: set configuration 0: [92c2e3dd-e0c1-4b1f-96bb-d8ce5a005ea4:192.168.30.6:40059], old=null at 0
2019-09-25 11:53:13,495 [92c2e3dd-e0c1-4b1f-96bb-d8ce5a005ea4@group-327EBFAD8894-SegmentedRaftLogWorker] INFO  segmented.SegmentedRaftLogWorker (SegmentedRaftLogWorker.java:execute(569)) - 92c2e3dd-e0c1-4b1f-96bb-d8ce5a005ea4@group-327EBFAD8894-SegmentedRaftLogWorker: created new log segment /workdir/hadoop-ozone/ozonefs/target/test-dir/MiniOzoneClusterImpl-6cc5d9fe-62d6-4c5a-ace2-3095284a5ae3/datanode-2/data/ratis/8173950e-9aab-45e3-8935-327ebfad8894/current/log_inprogress_0
2019-09-25 11:53:13,669 [Thread-528] INFO  ozoneimpl.OzoneContainer (OzoneContainer.java:stop(231)) - Attempting to stop container services.
2019-09-25 11:53:13,669 [ForkJoinPool.commonPool-worker-1] INFO  ozoneimpl.OzoneContainer (OzoneContainer.java:stop(231)) - Attempting to stop container services.
2019-09-25 11:53:13,669 [Thread-528] INFO  impl.RaftServerProxy (RaftServerProxy.java:lambda$close$4(314)) - 1b364aeb-4436-4f90-ad4a-028e7293e309: close
2019-09-25 11:53:13,670 [ForkJoinPool.commonPool-worker-1] INFO  impl.RaftServerProxy (RaftServerProxy.java:lambda$close$4(314)) - b0fcdca4-42c6-4f14-bbe3-9c28c8ef5fa0: close
2019-09-25 11:53:13,670 [Thread-528] INFO  impl.RaftServerImpl (RaftServerImpl.java:lambda$shutdown$3(251)) - 1b364aeb-4436-4f90-ad4a-028e7293e309@group-15B721E24113: shutdown
2019-09-25 11:53:13,670 [ForkJoinPool.commonPool-worker-1] INFO  impl.RaftServerImpl (RaftServerImpl.java:lambda$shutdown$3(251)) - b0fcdca4-42c6-4f14-bbe3-9c28c8ef5fa0@group-0564C9985E7C: shutdown
2019-09-25 11:53:13,670 [Thread-528] INFO  util.JmxRegister (JmxRegister.java:unregister(73)) - Successfully un-registered JMX Bean with object name Ratis:service=RaftServer,group=group-15B721E24113,id=1b364aeb-4436-4f90-ad4a-028e7293e309
2019-09-25 11:53:13,670 [ForkJoinPool.commonPool-worker-1] INFO  util.JmxRegister (JmxRegister.java:unregister(73)) - Successfully un-registered JMX Bean with object name Ratis:service=RaftServer,group=group-0564C9985E7C,id=b0fcdca4-42c6-4f14-bbe3-9c28c8ef5fa0
2019-09-25 11:53:13,671 [Thread-528] INFO  impl.RoleInfo (RoleInfo.java:shutdownLeaderState(104)) - 1b364aeb-4436-4f90-ad4a-028e7293e309: shutdown LeaderState
2019-09-25 11:53:13,671 [ForkJoinPool.commonPool-worker-1] INFO  impl.RoleInfo (RoleInfo.java:shutdownLeaderState(104)) - b0fcdca4-42c6-4f14-bbe3-9c28c8ef5fa0: shutdown LeaderState
2019-09-25 11:53:13,671 [Thread-528] INFO  impl.PendingRequests (PendingRequests.java:sendNotLeaderResponses(202)) - 1b364aeb-4436-4f90-ad4a-028e7293e309-PendingRequests: sendNotLeaderResponses
2019-09-25 11:53:13,672 [ForkJoinPool.commonPool-worker-1] INFO  impl.PendingRequests (PendingRequests.java:sendNotLeaderResponses(202)) - b0fcdca4-42c6-4f14-bbe3-9c28c8ef5fa0-PendingRequests: sendNotLeaderResponses
2019-09-25 11:53:13,672 [Thread-528] INFO  impl.StateMachineUpdater (StateMachineUpdater.java:stopAndJoin(125)) - 1b364aeb-4436-4f90-ad4a-028e7293e309@group-15B721E24113-StateMachineUpdater: set stopIndex = 0
2019-09-25 11:53:13,672 [ForkJoinPool.commonPool-worker-1] INFO  impl.StateMachineUpdater (StateMachineUpdater.java:stopAndJoin(125)) - b0fcdca4-42c6-4f14-bbe3-9c28c8ef5fa0@group-0564C9985E7C-StateMachineUpdater: set stopIndex = 0
2019-09-25 11:53:13,672 [Thread-528] INFO  impl.RaftServerImpl (ServerState.java:close(385)) - 1b364aeb-4436-4f90-ad4a-028e7293e309@group-15B721E24113: closes. applyIndex: 0
2019-09-25 11:53:13,673 [ForkJoinPool.commonPool-worker-1] INFO  impl.RaftServerImpl (ServerState.java:close(385)) - b0fcdca4-42c6-4f14-bbe3-9c28c8ef5fa0@group-0564C9985E7C: closes. applyIndex: 0
2019-09-25 11:53:13,673 [1b364aeb-4436-4f90-ad4a-028e7293e309@group-15B721E24113-SegmentedRaftLogWorker] INFO  segmented.SegmentedRaftLogWorker (SegmentedRaftLogWorker.java:run(313)) - 1b364aeb-4436-4f90-ad4a-028e7293e309@group-15B721E24113-SegmentedRaftLogWorker was interrupted, exiting. There are 0 tasks remaining in the queue.
2019-09-25 11:53:13,673 [b0fcdca4-42c6-4f14-bbe3-9c28c8ef5fa0@group-0564C9985E7C-SegmentedRaftLogWorker] INFO  segmented.SegmentedRaftLogWorker (SegmentedRaftLogWorker.java:run(313)) - b0fcdca4-42c6-4f14-bbe3-9c28c8ef5fa0@group-0564C9985E7C-SegmentedRaftLogWorker was interrupted, exiting. There are 0 tasks remaining in the queue.
2019-09-25 11:53:13,673 [Thread-528] INFO  segmented.SegmentedRaftLogWorker (SegmentedRaftLogWorker.java:close(228)) - 1b364aeb-4436-4f90-ad4a-028e7293e309@group-15B721E24113-SegmentedRaftLogWorker close()
2019-09-25 11:53:13,674 [ForkJoinPool.commonPool-worker-1] INFO  segmented.SegmentedRaftLogWorker (SegmentedRaftLogWorker.java:close(228)) - b0fcdca4-42c6-4f14-bbe3-9c28c8ef5fa0@group-0564C9985E7C-SegmentedRaftLogWorker close()
2019-09-25 11:53:13,677 [Thread-528] INFO  impl.RaftServerImpl (RaftServerImpl.java:lambda$shutdown$3(251)) - 1b364aeb-4436-4f90-ad4a-028e7293e309@group-4DAECC91AF28: shutdown
2019-09-25 11:53:13,678 [ForkJoinPool.commonPool-worker-1] INFO  impl.RaftServerImpl (RaftServerImpl.java:lambda$shutdown$3(251)) - b0fcdca4-42c6-4f14-bbe3-9c28c8ef5fa0@group-B15113D9CE8C: shutdown
2019-09-25 11:53:13,679 [Thread-528] INFO  util.JmxRegister (JmxRegister.java:unregister(73)) - Successfully un-registered JMX Bean with object name Ratis:service=RaftServer,group=group-4DAECC91AF28,id=1b364aeb-4436-4f90-ad4a-028e7293e309
2019-09-25 11:53:13,679 [ForkJoinPool.commonPool-worker-1] INFO  util.JmxRegister (JmxRegister.java:unregister(73)) - Successfully un-registered JMX Bean with object name Ratis:service=RaftServer,group=group-B15113D9CE8C,id=b0fcdca4-42c6-4f14-bbe3-9c28c8ef5fa0
2019-09-25 11:53:13,679 [Thread-528] INFO  impl.RoleInfo (RoleInfo.java:shutdownLeaderState(104)) - 1b364aeb-4436-4f90-ad4a-028e7293e309: shutdown LeaderState
2019-09-25 11:53:13,679 [ForkJoinPool.commonPool-worker-1] INFO  impl.RoleInfo (RoleInfo.java:shutdownLeaderState(104)) - b0fcdca4-42c6-4f14-bbe3-9c28c8ef5fa0: shutdown LeaderState
2019-09-25 11:53:13,680 [Thread-528] INFO  impl.PendingRequests (PendingRequests.java:sendNotLeaderResponses(202)) - 1b364aeb-4436-4f90-ad4a-028e7293e309-PendingRequests: sendNotLeaderResponses
2019-09-25 11:53:13,680 [ForkJoinPool.commonPool-worker-1] INFO  impl.PendingRequests (PendingRequests.java:sendNotLeaderResponses(202)) - b0fcdca4-42c6-4f14-bbe3-9c28c8ef5fa0-PendingRequests: sendNotLeaderResponses
2019-09-25 11:53:13,680 [Thread-528] INFO  impl.StateMachineUpdater (StateMachineUpdater.java:stopAndJoin(125)) - 1b364aeb-4436-4f90-ad4a-028e7293e309@group-4DAECC91AF28-StateMachineUpdater: set stopIndex = 0
2019-09-25 11:53:13,680 [ForkJoinPool.commonPool-worker-1] INFO  impl.StateMachineUpdater (StateMachineUpdater.java:stopAndJoin(125)) - b0fcdca4-42c6-4f14-bbe3-9c28c8ef5fa0@group-B15113D9CE8C-StateMachineUpdater: set stopIndex = 0
2019-09-25 11:53:13,681 [Thread-528] INFO  impl.RaftServerImpl (ServerState.java:close(385)) - 1b364aeb-4436-4f90-ad4a-028e7293e309@group-4DAECC91AF28: closes. applyIndex: 0
2019-09-25 11:53:13,681 [ForkJoinPool.commonPool-worker-1] INFO  impl.RaftServerImpl (ServerState.java:close(385)) - b0fcdca4-42c6-4f14-bbe3-9c28c8ef5fa0@group-B15113D9CE8C: closes. applyIndex: 0
2019-09-25 11:53:13,681 [1b364aeb-4436-4f90-ad4a-028e7293e309@group-4DAECC91AF28-SegmentedRaftLogWorker] INFO  segmented.SegmentedRaftLogWorker (SegmentedRaftLogWorker.java:run(313)) - 1b364aeb-4436-4f90-ad4a-028e7293e309@group-4DAECC91AF28-SegmentedRaftLogWorker was interrupted, exiting. There are 0 tasks remaining in the queue.
2019-09-25 11:53:13,682 [b0fcdca4-42c6-4f14-bbe3-9c28c8ef5fa0@group-B15113D9CE8C-SegmentedRaftLogWorker] INFO  segmented.SegmentedRaftLogWorker (SegmentedRaftLogWorker.java:run(313)) - b0fcdca4-42c6-4f14-bbe3-9c28c8ef5fa0@group-B15113D9CE8C-SegmentedRaftLogWorker was interrupted, exiting. There are 0 tasks remaining in the queue.
2019-09-25 11:53:13,682 [Thread-528] INFO  segmented.SegmentedRaftLogWorker (SegmentedRaftLogWorker.java:close(228)) - 1b364aeb-4436-4f90-ad4a-028e7293e309@group-4DAECC91AF28-SegmentedRaftLogWorker close()
2019-09-25 11:53:13,682 [ForkJoinPool.commonPool-worker-1] INFO  segmented.SegmentedRaftLogWorker (SegmentedRaftLogWorker.java:close(228)) - b0fcdca4-42c6-4f14-bbe3-9c28c8ef5fa0@group-B15113D9CE8C-SegmentedRaftLogWorker close()
2019-09-25 11:53:13,684 [Thread-528] INFO  impl.RaftServerImpl (RaftServerImpl.java:lambda$shutdown$3(251)) - 1b364aeb-4436-4f90-ad4a-028e7293e309@group-A0EC7DCC18A3: shutdown
2019-09-25 11:53:13,685 [ForkJoinPool.commonPool-worker-1] INFO  impl.RaftServerImpl (RaftServerImpl.java:lambda$shutdown$3(251)) - b0fcdca4-42c6-4f14-bbe3-9c28c8ef5fa0@group-974428CAE6F3: shutdown
2019-09-25 11:53:13,686 [Thread-528] INFO  util.JmxRegister (JmxRegister.java:unregister(73)) - Successfully un-registered JMX Bean with object name Ratis:service=RaftServer,group=group-A0EC7DCC18A3,id=1b364aeb-4436-4f90-ad4a-028e7293e309
2019-09-25 11:53:13,686 [ForkJoinPool.commonPool-worker-1] INFO  util.JmxRegister (JmxRegister.java:unregister(73)) - Successfully un-registered JMX Bean with object name Ratis:service=RaftServer,group=group-974428CAE6F3,id=b0fcdca4-42c6-4f14-bbe3-9c28c8ef5fa0
2019-09-25 11:53:13,686 [Thread-528] INFO  impl.RoleInfo (RoleInfo.java:shutdownLeaderState(104)) - 1b364aeb-4436-4f90-ad4a-028e7293e309: shutdown LeaderState
2019-09-25 11:53:13,686 [ForkJoinPool.commonPool-worker-1] INFO  impl.RoleInfo (RoleInfo.java:shutdownLeaderState(104)) - b0fcdca4-42c6-4f14-bbe3-9c28c8ef5fa0: shutdown LeaderState
2019-09-25 11:53:13,687 [Thread-528] INFO  impl.PendingRequests (PendingRequests.java:sendNotLeaderResponses(202)) - 1b364aeb-4436-4f90-ad4a-028e7293e309-PendingRequests: sendNotLeaderResponses
2019-09-25 11:53:13,687 [ForkJoinPool.commonPool-worker-1] INFO  impl.PendingRequests (PendingRequests.java:sendNotLeaderResponses(202)) - b0fcdca4-42c6-4f14-bbe3-9c28c8ef5fa0-PendingRequests: sendNotLeaderResponses
2019-09-25 11:53:13,687 [Thread-528] INFO  impl.StateMachineUpdater (StateMachineUpdater.java:stopAndJoin(125)) - 1b364aeb-4436-4f90-ad4a-028e7293e309@group-A0EC7DCC18A3-StateMachineUpdater: set stopIndex = 0
2019-09-25 11:53:13,687 [ForkJoinPool.commonPool-worker-1] INFO  impl.StateMachineUpdater (StateMachineUpdater.java:stopAndJoin(125)) - b0fcdca4-42c6-4f14-bbe3-9c28c8ef5fa0@group-974428CAE6F3-StateMachineUpdater: set stopIndex = 0
2019-09-25 11:53:13,688 [Thread-528] INFO  impl.RaftServerImpl (ServerState.java:close(385)) - 1b364aeb-4436-4f90-ad4a-028e7293e309@group-A0EC7DCC18A3: closes. applyIndex: 0
2019-09-25 11:53:13,688 [ForkJoinPool.commonPool-worker-1] INFO  impl.RaftServerImpl (ServerState.java:close(385)) - b0fcdca4-42c6-4f14-bbe3-9c28c8ef5fa0@group-974428CAE6F3: closes. applyIndex: 0
2019-09-25 11:53:13,688 [1b364aeb-4436-4f90-ad4a-028e7293e309@group-A0EC7DCC18A3-SegmentedRaftLogWorker] INFO  segmented.SegmentedRaftLogWorker (SegmentedRaftLogWorker.java:run(313)) - 1b364aeb-4436-4f90-ad4a-028e7293e309@group-A0EC7DCC18A3-SegmentedRaftLogWorker was interrupted, exiting. There are 0 tasks remaining in the queue.
2019-09-25 11:53:13,688 [b0fcdca4-42c6-4f14-bbe3-9c28c8ef5fa0@group-974428CAE6F3-SegmentedRaftLogWorker] INFO  segmented.SegmentedRaftLogWorker (SegmentedRaftLogWorker.java:run(313)) - b0fcdca4-42c6-4f14-bbe3-9c28c8ef5fa0@group-974428CAE6F3-SegmentedRaftLogWorker was interrupted, exiting. There are 0 tasks remaining in the queue.
2019-09-25 11:53:13,689 [Thread-528] INFO  segmented.SegmentedRaftLogWorker (SegmentedRaftLogWorker.java:close(228)) - 1b364aeb-4436-4f90-ad4a-028e7293e309@group-A0EC7DCC18A3-SegmentedRaftLogWorker close()
2019-09-25 11:53:13,689 [ForkJoinPool.commonPool-worker-1] INFO  segmented.SegmentedRaftLogWorker (SegmentedRaftLogWorker.java:close(228)) - b0fcdca4-42c6-4f14-bbe3-9c28c8ef5fa0@group-974428CAE6F3-SegmentedRaftLogWorker close()
2019-09-25 11:53:13,690 [Thread-528] INFO  impl.RaftServerImpl (RaftServerImpl.java:lambda$shutdown$3(251)) - 1b364aeb-4436-4f90-ad4a-028e7293e309@group-75F136E44217: shutdown
2019-09-25 11:53:13,692 [ForkJoinPool.commonPool-worker-1] INFO  impl.RaftServerImpl (RaftServerImpl.java:lambda$shutdown$3(251)) - b0fcdca4-42c6-4f14-bbe3-9c28c8ef5fa0@group-1212F557A642: shutdown
2019-09-25 11:53:13,692 [Thread-528] INFO  util.JmxRegister (JmxRegister.java:unregister(73)) - Successfully un-registered JMX Bean with object name Ratis:service=RaftServer,group=group-75F136E44217,id=1b364aeb-4436-4f90-ad4a-028e7293e309
2019-09-25 11:53:13,692 [ForkJoinPool.commonPool-worker-1] INFO  util.JmxRegister (JmxRegister.java:unregister(73)) - Successfully un-registered JMX Bean with object name Ratis:service=RaftServer,group=group-1212F557A642,id=b0fcdca4-42c6-4f14-bbe3-9c28c8ef5fa0
2019-09-25 11:53:13,693 [Thread-528] INFO  impl.RoleInfo (RoleInfo.java:shutdownLeaderState(104)) - 1b364aeb-4436-4f90-ad4a-028e7293e309: shutdown LeaderState
2019-09-25 11:53:13,693 [ForkJoinPool.commonPool-worker-1] INFO  impl.RoleInfo (RoleInfo.java:shutdownLeaderState(104)) - b0fcdca4-42c6-4f14-bbe3-9c28c8ef5fa0: shutdown LeaderState
2019-09-25 11:53:13,693 [Thread-528] INFO  impl.PendingRequests (PendingRequests.java:sendNotLeaderResponses(202)) - 1b364aeb-4436-4f90-ad4a-028e7293e309-PendingRequests: sendNotLeaderResponses
2019-09-25 11:53:13,693 [ForkJoinPool.commonPool-worker-1] INFO  impl.PendingRequests (PendingRequests.java:sendNotLeaderResponses(202)) - b0fcdca4-42c6-4f14-bbe3-9c28c8ef5fa0-PendingRequests: sendNotLeaderResponses
2019-09-25 11:53:13,694 [Thread-528] INFO  impl.StateMachineUpdater (StateMachineUpdater.java:stopAndJoin(125)) - 1b364aeb-4436-4f90-ad4a-028e7293e309@group-75F136E44217-StateMachineUpdater: set stopIndex = 0
2019-09-25 11:53:13,694 [Thread-528] INFO  impl.RaftServerImpl (ServerState.java:close(385)) - 1b364aeb-4436-4f90-ad4a-028e7293e309@group-75F136E44217: closes. applyIndex: 0
2019-09-25 11:53:13,694 [ForkJoinPool.commonPool-worker-1] INFO  impl.StateMachineUpdater (StateMachineUpdater.java:stopAndJoin(125)) - b0fcdca4-42c6-4f14-bbe3-9c28c8ef5fa0@group-1212F557A642-StateMachineUpdater: set stopIndex = 0
2019-09-25 11:53:13,694 [1b364aeb-4436-4f90-ad4a-028e7293e309@group-75F136E44217-SegmentedRaftLogWorker] INFO  segmented.SegmentedRaftLogWorker (SegmentedRaftLogWorker.java:run(313)) - 1b364aeb-4436-4f90-ad4a-028e7293e309@group-75F136E44217-SegmentedRaftLogWorker was interrupted, exiting. There are 0 tasks remaining in the queue.
2019-09-25 11:53:13,695 [ForkJoinPool.commonPool-worker-1] INFO  impl.RaftServerImpl (ServerState.java:close(385)) - b0fcdca4-42c6-4f14-bbe3-9c28c8ef5fa0@group-1212F557A642: closes. applyIndex: 0
2019-09-25 11:53:13,695 [Thread-528] INFO  segmented.SegmentedRaftLogWorker (SegmentedRaftLogWorker.java:close(228)) - 1b364aeb-4436-4f90-ad4a-028e7293e309@group-75F136E44217-SegmentedRaftLogWorker close()
2019-09-25 11:53:13,695 [b0fcdca4-42c6-4f14-bbe3-9c28c8ef5fa0@group-1212F557A642-SegmentedRaftLogWorker] INFO  segmented.SegmentedRaftLogWorker (SegmentedRaftLogWorker.java:run(313)) - b0fcdca4-42c6-4f14-bbe3-9c28c8ef5fa0@group-1212F557A642-SegmentedRaftLogWorker was interrupted, exiting. There are 0 tasks remaining in the queue.
2019-09-25 11:53:13,697 [Thread-528] INFO  impl.RaftServerImpl (RaftServerImpl.java:lambda$shutdown$3(251)) - 1b364aeb-4436-4f90-ad4a-028e7293e309@group-7C0245DCDA83: shutdown
2019-09-25 11:53:13,697 [ForkJoinPool.commonPool-worker-1] INFO  segmented.SegmentedRaftLogWorker (SegmentedRaftLogWorker.java:close(228)) - b0fcdca4-42c6-4f14-bbe3-9c28c8ef5fa0@group-1212F557A642-SegmentedRaftLogWorker close()
2019-09-25 11:53:13,697 [Thread-528] INFO  util.JmxRegister (JmxRegister.java:unregister(73)) - Successfully un-registered JMX Bean with object name Ratis:service=RaftServer,group=group-7C0245DCDA83,id=1b364aeb-4436-4f90-ad4a-028e7293e309
2019-09-25 11:53:13,699 [ForkJoinPool.commonPool-worker-1] INFO  impl.RaftServerImpl (RaftServerImpl.java:lambda$shutdown$3(251)) - b0fcdca4-42c6-4f14-bbe3-9c28c8ef5fa0@group-DC0BCE872915: shutdown
2019-09-25 11:53:13,699 [Thread-528] INFO  impl.RoleInfo (RoleInfo.java:shutdownLeaderState(104)) - 1b364aeb-4436-4f90-ad4a-028e7293e309: shutdown LeaderState
2019-09-25 11:53:13,699 [ForkJoinPool.commonPool-worker-1] INFO  util.JmxRegister (JmxRegister.java:unregister(73)) - Successfully un-registered JMX Bean with object name Ratis:service=RaftServer,group=group-DC0BCE872915,id=b0fcdca4-42c6-4f14-bbe3-9c28c8ef5fa0
2019-09-25 11:53:13,699 [Thread-528] INFO  impl.PendingRequests (PendingRequests.java:sendNotLeaderResponses(202)) - 1b364aeb-4436-4f90-ad4a-028e7293e309-PendingRequests: sendNotLeaderResponses
2019-09-25 11:53:13,699 [ForkJoinPool.commonPool-worker-1] INFO  impl.RoleInfo (RoleInfo.java:shutdownLeaderState(104)) - b0fcdca4-42c6-4f14-bbe3-9c28c8ef5fa0: shutdown LeaderState
2019-09-25 11:53:13,700 [Thread-528] INFO  impl.StateMachineUpdater (StateMachineUpdater.java:stopAndJoin(125)) - 1b364aeb-4436-4f90-ad4a-028e7293e309@group-7C0245DCDA83-StateMachineUpdater: set stopIndex = 0
2019-09-25 11:53:13,700 [ForkJoinPool.commonPool-worker-1] INFO  impl.PendingRequests (PendingRequests.java:sendNotLeaderResponses(202)) - b0fcdca4-42c6-4f14-bbe3-9c28c8ef5fa0-PendingRequests: sendNotLeaderResponses
2019-09-25 11:53:13,700 [Thread-528] INFO  impl.RaftServerImpl (ServerState.java:close(385)) - 1b364aeb-4436-4f90-ad4a-028e7293e309@group-7C0245DCDA83: closes. applyIndex: 0
2019-09-25 11:53:13,701 [ForkJoinPool.commonPool-worker-1] INFO  impl.StateMachineUpdater (StateMachineUpdater.java:stopAndJoin(125)) - b0fcdca4-42c6-4f14-bbe3-9c28c8ef5fa0@group-DC0BCE872915-StateMachineUpdater: set stopIndex = 0
2019-09-25 11:53:13,701 [1b364aeb-4436-4f90-ad4a-028e7293e309@group-7C0245DCDA83-SegmentedRaftLogWorker] INFO  segmented.SegmentedRaftLogWorker (SegmentedRaftLogWorker.java:run(313)) - 1b364aeb-4436-4f90-ad4a-028e7293e309@group-7C0245DCDA83-SegmentedRaftLogWorker was interrupted, exiting. There are 0 tasks remaining in the queue.
2019-09-25 11:53:13,701 [ForkJoinPool.commonPool-worker-1] INFO  impl.RaftServerImpl (ServerState.java:close(385)) - b0fcdca4-42c6-4f14-bbe3-9c28c8ef5fa0@group-DC0BCE872915: closes. applyIndex: 0
2019-09-25 11:53:13,701 [Thread-528] INFO  segmented.SegmentedRaftLogWorker (SegmentedRaftLogWorker.java:close(228)) - 1b364aeb-4436-4f90-ad4a-028e7293e309@group-7C0245DCDA83-SegmentedRaftLogWorker close()
2019-09-25 11:53:13,702 [b0fcdca4-42c6-4f14-bbe3-9c28c8ef5fa0@group-DC0BCE872915-SegmentedRaftLogWorker] INFO  segmented.SegmentedRaftLogWorker (SegmentedRaftLogWorker.java:run(313)) - b0fcdca4-42c6-4f14-bbe3-9c28c8ef5fa0@group-DC0BCE872915-SegmentedRaftLogWorker was interrupted, exiting. There are 0 tasks remaining in the queue.
2019-09-25 11:53:13,703 [Thread-528] INFO  impl.RaftServerImpl (RaftServerImpl.java:lambda$shutdown$3(251)) - 1b364aeb-4436-4f90-ad4a-028e7293e309@group-B4F8F1D733C2: shutdown
2019-09-25 11:53:13,703 [ForkJoinPool.commonPool-worker-1] INFO  segmented.SegmentedRaftLogWorker (SegmentedRaftLogWorker.java:close(228)) - b0fcdca4-42c6-4f14-bbe3-9c28c8ef5fa0@group-DC0BCE872915-SegmentedRaftLogWorker close()
2019-09-25 11:53:13,703 [Thread-528] INFO  util.JmxRegister (JmxRegister.java:unregister(73)) - Successfully un-registered JMX Bean with object name Ratis:service=RaftServer,group=group-B4F8F1D733C2,id=1b364aeb-4436-4f90-ad4a-028e7293e309
2019-09-25 11:53:13,705 [ForkJoinPool.commonPool-worker-1] INFO  impl.RaftServerImpl (RaftServerImpl.java:lambda$shutdown$3(251)) - b0fcdca4-42c6-4f14-bbe3-9c28c8ef5fa0@group-B2E83DCD710D: shutdown
2019-09-25 11:53:13,705 [Thread-528] INFO  impl.RoleInfo (RoleInfo.java:shutdownLeaderState(104)) - 1b364aeb-4436-4f90-ad4a-028e7293e309: shutdown LeaderState
2019-09-25 11:53:13,705 [ForkJoinPool.commonPool-worker-1] INFO  util.JmxRegister (JmxRegister.java:unregister(73)) - Successfully un-registered JMX Bean with object name Ratis:service=RaftServer,group=group-B2E83DCD710D,id=b0fcdca4-42c6-4f14-bbe3-9c28c8ef5fa0
2019-09-25 11:53:13,706 [Thread-528] INFO  impl.PendingRequests (PendingRequests.java:sendNotLeaderResponses(202)) - 1b364aeb-4436-4f90-ad4a-028e7293e309-PendingRequests: sendNotLeaderResponses
2019-09-25 11:53:13,706 [ForkJoinPool.commonPool-worker-1] INFO  impl.RoleInfo (RoleInfo.java:shutdownLeaderState(104)) - b0fcdca4-42c6-4f14-bbe3-9c28c8ef5fa0: shutdown LeaderState
2019-09-25 11:53:13,706 [Thread-528] INFO  impl.StateMachineUpdater (StateMachineUpdater.java:stopAndJoin(125)) - 1b364aeb-4436-4f90-ad4a-028e7293e309@group-B4F8F1D733C2-StateMachineUpdater: set stopIndex = 0
2019-09-25 11:53:13,706 [ForkJoinPool.commonPool-worker-1] INFO  impl.PendingRequests (PendingRequests.java:sendNotLeaderResponses(202)) - b0fcdca4-42c6-4f14-bbe3-9c28c8ef5fa0-PendingRequests: sendNotLeaderResponses
2019-09-25 11:53:13,707 [Thread-528] INFO  impl.RaftServerImpl (ServerState.java:close(385)) - 1b364aeb-4436-4f90-ad4a-028e7293e309@group-B4F8F1D733C2: closes. applyIndex: 0
2019-09-25 11:53:13,707 [ForkJoinPool.commonPool-worker-1] INFO  impl.StateMachineUpdater (StateMachineUpdater.java:stopAndJoin(125)) - b0fcdca4-42c6-4f14-bbe3-9c28c8ef5fa0@group-B2E83DCD710D-StateMachineUpdater: set stopIndex = 0
2019-09-25 11:53:13,707 [1b364aeb-4436-4f90-ad4a-028e7293e309@group-B4F8F1D733C2-SegmentedRaftLogWorker] INFO  segmented.SegmentedRaftLogWorker (SegmentedRaftLogWorker.java:run(313)) - 1b364aeb-4436-4f90-ad4a-028e7293e309@group-B4F8F1D733C2-SegmentedRaftLogWorker was interrupted, exiting. There are 0 tasks remaining in the queue.
2019-09-25 11:53:13,707 [ForkJoinPool.commonPool-worker-1] INFO  impl.RaftServerImpl (ServerState.java:close(385)) - b0fcdca4-42c6-4f14-bbe3-9c28c8ef5fa0@group-B2E83DCD710D: closes. applyIndex: 0
2019-09-25 11:53:13,707 [Thread-528] INFO  segmented.SegmentedRaftLogWorker (SegmentedRaftLogWorker.java:close(228)) - 1b364aeb-4436-4f90-ad4a-028e7293e309@group-B4F8F1D733C2-SegmentedRaftLogWorker close()
2019-09-25 11:53:13,708 [b0fcdca4-42c6-4f14-bbe3-9c28c8ef5fa0@group-B2E83DCD710D-SegmentedRaftLogWorker] INFO  segmented.SegmentedRaftLogWorker (SegmentedRaftLogWorker.java:run(313)) - b0fcdca4-42c6-4f14-bbe3-9c28c8ef5fa0@group-B2E83DCD710D-SegmentedRaftLogWorker was interrupted, exiting. There are 0 tasks remaining in the queue.
2019-09-25 11:53:13,711 [Thread-528] INFO  server.GrpcService (GrpcService.java:closeImpl(164)) - 1b364aeb-4436-4f90-ad4a-028e7293e309: shutdown server with port 42018 now
2019-09-25 11:53:13,711 [ForkJoinPool.commonPool-worker-1] INFO  segmented.SegmentedRaftLogWorker (SegmentedRaftLogWorker.java:close(228)) - b0fcdca4-42c6-4f14-bbe3-9c28c8ef5fa0@group-B2E83DCD710D-SegmentedRaftLogWorker close()
2019-09-25 11:53:13,713 [ForkJoinPool.commonPool-worker-1] INFO  server.GrpcService (GrpcService.java:closeImpl(164)) - b0fcdca4-42c6-4f14-bbe3-9c28c8ef5fa0: shutdown server with port 45761 now
2019-09-25 11:53:13,713 [Thread-528] INFO  server.GrpcService (GrpcService.java:closeImpl(172)) - 1b364aeb-4436-4f90-ad4a-028e7293e309: shutdown server with port 42018 successfully
2019-09-25 11:53:13,714 [ForkJoinPool.commonPool-worker-1] INFO  server.GrpcService (GrpcService.java:closeImpl(172)) - b0fcdca4-42c6-4f14-bbe3-9c28c8ef5fa0: shutdown server with port 45761 successfully
2019-09-25 11:53:13,716 [refreshUsed-/workdir/hadoop-ozone/ozonefs/target/test-dir/MiniOzoneClusterImpl-6cc5d9fe-62d6-4c5a-ace2-3095284a5ae3/datanode-1/data/containers] WARN  fs.CachingGetSpaceUsed (CachingGetSpaceUsed.java:run(183)) - Thread Interrupted waiting to refresh disk information: sleep interrupted
2019-09-25 11:53:13,716 [refreshUsed-/workdir/hadoop-ozone/ozonefs/target/test-dir/MiniOzoneClusterImpl-6cc5d9fe-62d6-4c5a-ace2-3095284a5ae3/datanode-0/data/containers] WARN  fs.CachingGetSpaceUsed (CachingGetSpaceUsed.java:run(183)) - Thread Interrupted waiting to refresh disk information: sleep interrupted
2019-09-25 11:53:13,738 [Thread-528] INFO  utils.BackgroundService (BackgroundService.java:shutdown(148)) - Shutting down service BlockDeletingService
2019-09-25 11:53:13,741 [Thread-528] INFO  statemachine.DatanodeStateMachine (DatanodeStateMachine.java:stopDaemon(395)) - Ozone container server stopped.
2019-09-25 11:53:13,742 [Thread-528] INFO  handler.ContextHandler (ContextHandler.java:doStop(910)) - Stopped o.e.j.w.WebAppContext@7a9275e{/,null,UNAVAILABLE}{/hddsDatanode}
2019-09-25 11:53:13,743 [Thread-528] INFO  server.AbstractConnector (AbstractConnector.java:doStop(318)) - Stopped ServerConnector@1bf6ec70{HTTP/1.1,[http/1.1]}{0.0.0.0:0}
2019-09-25 11:53:13,743 [Thread-528] INFO  handler.ContextHandler (ContextHandler.java:doStop(910)) - Stopped o.e.j.s.ServletContextHandler@33c2a887{/static,jar:file:/home/user/.m2/repository/org/apache/hadoop/hadoop-hdds-container-service/0.5.0-SNAPSHOT/hadoop-hdds-container-service-0.5.0-SNAPSHOT.jar!/webapps/static,UNAVAILABLE}
2019-09-25 11:53:13,743 [Thread-528] INFO  handler.ContextHandler (ContextHandler.java:doStop(910)) - Stopped o.e.j.s.ServletContextHandler@169a36f9{/logs,file:///workdir/hadoop-ozone/ozonefs/target/log,UNAVAILABLE}
2019-09-25 11:53:13,745 [ForkJoinPool.commonPool-worker-1] INFO  utils.BackgroundService (BackgroundService.java:shutdown(148)) - Shutting down service BlockDeletingService
2019-09-25 11:53:13,748 [ForkJoinPool.commonPool-worker-1] INFO  statemachine.DatanodeStateMachine (DatanodeStateMachine.java:stopDaemon(395)) - Ozone container server stopped.
2019-09-25 11:53:13,751 [ForkJoinPool.commonPool-worker-1] INFO  handler.ContextHandler (ContextHandler.java:doStop(910)) - Stopped o.e.j.w.WebAppContext@655b83b2{/,null,UNAVAILABLE}{/hddsDatanode}
2019-09-25 11:53:13,751 [ForkJoinPool.commonPool-worker-1] INFO  server.AbstractConnector (AbstractConnector.java:doStop(318)) - Stopped ServerConnector@334166e4{HTTP/1.1,[http/1.1]}{0.0.0.0:0}
2019-09-25 11:53:13,752 [ForkJoinPool.commonPool-worker-1] INFO  handler.ContextHandler (ContextHandler.java:doStop(910)) - Stopped o.e.j.s.ServletContextHandler@6d623441{/static,jar:file:/home/user/.m2/repository/org/apache/hadoop/hadoop-hdds-container-service/0.5.0-SNAPSHOT/hadoop-hdds-container-service-0.5.0-SNAPSHOT.jar!/webapps/static,UNAVAILABLE}
2019-09-25 11:53:13,753 [ForkJoinPool.commonPool-worker-1] INFO  handler.ContextHandler (ContextHandler.java:doStop(910)) - Stopped o.e.j.s.ServletContextHandler@797249e3{/logs,file:///workdir/hadoop-ozone/ozonefs/target/log,UNAVAILABLE}
2019-09-25 11:53:14,489 [Datanode State Machine Thread - 0] INFO  statemachine.DatanodeStateMachine (DatanodeStateMachine.java:lambda$startDaemon$0(350)) - Ozone container server started.
2019-09-25 11:53:18,745 [Thread-528] INFO  ozoneimpl.OzoneContainer (OzoneContainer.java:stop(231)) - Attempting to stop container services.
2019-09-25 11:53:18,746 [Thread-528] INFO  impl.RaftServerProxy (RaftServerProxy.java:lambda$close$4(314)) - 92c2e3dd-e0c1-4b1f-96bb-d8ce5a005ea4: close
2019-09-25 11:53:18,747 [Thread-528] INFO  impl.RaftServerImpl (RaftServerImpl.java:lambda$shutdown$3(251)) - 92c2e3dd-e0c1-4b1f-96bb-d8ce5a005ea4@group-F1185B794D1F: shutdown
2019-09-25 11:53:18,747 [ForkJoinPool.commonPool-worker-0] INFO  impl.RaftServerImpl (RaftServerImpl.java:lambda$shutdown$3(251)) - 92c2e3dd-e0c1-4b1f-96bb-d8ce5a005ea4@group-94CFE8DC1B38: shutdown
2019-09-25 11:53:18,747 [Thread-528] INFO  util.JmxRegister (JmxRegister.java:unregister(73)) - Successfully un-registered JMX Bean with object name Ratis:service=RaftServer,group=group-F1185B794D1F,id=92c2e3dd-e0c1-4b1f-96bb-d8ce5a005ea4
2019-09-25 11:53:18,748 [ForkJoinPool.commonPool-worker-0] INFO  util.JmxRegister (JmxRegister.java:unregister(73)) - Successfully un-registered JMX Bean with object name Ratis:service=RaftServer,group=group-94CFE8DC1B38,id=92c2e3dd-e0c1-4b1f-96bb-d8ce5a005ea4
2019-09-25 11:53:18,748 [Thread-528] INFO  impl.RoleInfo (RoleInfo.java:shutdownLeaderState(104)) - 92c2e3dd-e0c1-4b1f-96bb-d8ce5a005ea4: shutdown LeaderState
2019-09-25 11:53:18,748 [ForkJoinPool.commonPool-worker-0] INFO  impl.RoleInfo (RoleInfo.java:shutdownLeaderState(104)) - 92c2e3dd-e0c1-4b1f-96bb-d8ce5a005ea4: shutdown LeaderState
2019-09-25 11:53:18,749 [Thread-528] INFO  impl.PendingRequests (PendingRequests.java:sendNotLeaderResponses(202)) - 92c2e3dd-e0c1-4b1f-96bb-d8ce5a005ea4-PendingRequests: sendNotLeaderResponses
2019-09-25 11:53:18,749 [ForkJoinPool.commonPool-worker-0] INFO  impl.PendingRequests (PendingRequests.java:sendNotLeaderResponses(202)) - 92c2e3dd-e0c1-4b1f-96bb-d8ce5a005ea4-PendingRequests: sendNotLeaderResponses
2019-09-25 11:53:18,749 [Thread-528] INFO  impl.StateMachineUpdater (StateMachineUpdater.java:stopAndJoin(125)) - 92c2e3dd-e0c1-4b1f-96bb-d8ce5a005ea4@group-F1185B794D1F-StateMachineUpdater: set stopIndex = 0
2019-09-25 11:53:18,749 [ForkJoinPool.commonPool-worker-0] INFO  impl.StateMachineUpdater (StateMachineUpdater.java:stopAndJoin(125)) - 92c2e3dd-e0c1-4b1f-96bb-d8ce5a005ea4@group-94CFE8DC1B38-StateMachineUpdater: set stopIndex = 0
2019-09-25 11:53:18,750 [Thread-528] INFO  impl.RaftServerImpl (ServerState.java:close(385)) - 92c2e3dd-e0c1-4b1f-96bb-d8ce5a005ea4@group-F1185B794D1F: closes. applyIndex: 0
2019-09-25 11:53:18,750 [ForkJoinPool.commonPool-worker-0] INFO  impl.RaftServerImpl (ServerState.java:close(385)) - 92c2e3dd-e0c1-4b1f-96bb-d8ce5a005ea4@group-94CFE8DC1B38: closes. applyIndex: 0
2019-09-25 11:53:18,750 [92c2e3dd-e0c1-4b1f-96bb-d8ce5a005ea4@group-F1185B794D1F-SegmentedRaftLogWorker] INFO  segmented.SegmentedRaftLogWorker (SegmentedRaftLogWorker.java:run(313)) - 92c2e3dd-e0c1-4b1f-96bb-d8ce5a005ea4@group-F1185B794D1F-SegmentedRaftLogWorker was interrupted, exiting. There are 0 tasks remaining in the queue.
2019-09-25 11:53:18,750 [92c2e3dd-e0c1-4b1f-96bb-d8ce5a005ea4@group-94CFE8DC1B38-SegmentedRaftLogWorker] INFO  segmented.SegmentedRaftLogWorker (SegmentedRaftLogWorker.java:run(313)) - 92c2e3dd-e0c1-4b1f-96bb-d8ce5a005ea4@group-94CFE8DC1B38-SegmentedRaftLogWorker was interrupted, exiting. There are 0 tasks remaining in the queue.
2019-09-25 11:53:18,751 [Thread-528] INFO  segmented.SegmentedRaftLogWorker (SegmentedRaftLogWorker.java:close(228)) - 92c2e3dd-e0c1-4b1f-96bb-d8ce5a005ea4@group-F1185B794D1F-SegmentedRaftLogWorker close()
2019-09-25 11:53:18,751 [ForkJoinPool.commonPool-worker-0] INFO  segmented.SegmentedRaftLogWorker (SegmentedRaftLogWorker.java:close(228)) - 92c2e3dd-e0c1-4b1f-96bb-d8ce5a005ea4@group-94CFE8DC1B38-SegmentedRaftLogWorker close()
2019-09-25 11:53:18,753 [Thread-528] INFO  impl.RaftServerImpl (RaftServerImpl.java:lambda$shutdown$3(251)) - 92c2e3dd-e0c1-4b1f-96bb-d8ce5a005ea4@group-327EBFAD8894: shutdown
2019-09-25 11:53:18,754 [ForkJoinPool.commonPool-worker-0] INFO  impl.RaftServerImpl (RaftServerImpl.java:lambda$shutdown$3(251)) - 92c2e3dd-e0c1-4b1f-96bb-d8ce5a005ea4@group-61ECF824838B: shutdown
2019-09-25 11:53:18,754 [Thread-528] INFO  util.JmxRegister (JmxRegister.java:unregister(73)) - Successfully un-registered JMX Bean with object name Ratis:service=RaftServer,group=group-327EBFAD8894,id=92c2e3dd-e0c1-4b1f-96bb-d8ce5a005ea4
2019-09-25 11:53:18,754 [ForkJoinPool.commonPool-worker-0] INFO  util.JmxRegister (JmxRegister.java:unregister(73)) - Successfully un-registered JMX Bean with object name Ratis:service=RaftServer,group=group-61ECF824838B,id=92c2e3dd-e0c1-4b1f-96bb-d8ce5a005ea4
2019-09-25 11:53:18,755 [Thread-528] INFO  impl.RoleInfo (RoleInfo.java:shutdownLeaderState(104)) - 92c2e3dd-e0c1-4b1f-96bb-d8ce5a005ea4: shutdown LeaderState
2019-09-25 11:53:18,755 [ForkJoinPool.commonPool-worker-0] INFO  impl.RoleInfo (RoleInfo.java:shutdownLeaderState(104)) - 92c2e3dd-e0c1-4b1f-96bb-d8ce5a005ea4: shutdown LeaderState
2019-09-25 11:53:18,755 [Thread-528] INFO  impl.PendingRequests (PendingRequests.java:sendNotLeaderResponses(202)) - 92c2e3dd-e0c1-4b1f-96bb-d8ce5a005ea4-PendingRequests: sendNotLeaderResponses
2019-09-25 11:53:18,755 [ForkJoinPool.commonPool-worker-0] INFO  impl.PendingRequests (PendingRequests.java:sendNotLeaderResponses(202)) - 92c2e3dd-e0c1-4b1f-96bb-d8ce5a005ea4-PendingRequests: sendNotLeaderResponses
2019-09-25 11:53:18,756 [Thread-528] INFO  impl.StateMachineUpdater (StateMachineUpdater.java:stopAndJoin(125)) - 92c2e3dd-e0c1-4b1f-96bb-d8ce5a005ea4@group-327EBFAD8894-StateMachineUpdater: set stopIndex = 0
2019-09-25 11:53:18,756 [ForkJoinPool.commonPool-worker-0] INFO  impl.StateMachineUpdater (StateMachineUpdater.java:stopAndJoin(125)) - 92c2e3dd-e0c1-4b1f-96bb-d8ce5a005ea4@group-61ECF824838B-StateMachineUpdater: set stopIndex = 0
2019-09-25 11:53:18,756 [Thread-528] INFO  impl.RaftServerImpl (ServerState.java:close(385)) - 92c2e3dd-e0c1-4b1f-96bb-d8ce5a005ea4@group-327EBFAD8894: closes. applyIndex: 0
2019-09-25 11:53:18,756 [ForkJoinPool.commonPool-worker-0] INFO  impl.RaftServerImpl (ServerState.java:close(385)) - 92c2e3dd-e0c1-4b1f-96bb-d8ce5a005ea4@group-61ECF824838B: closes. applyIndex: 0
2019-09-25 11:53:18,757 [92c2e3dd-e0c1-4b1f-96bb-d8ce5a005ea4@group-327EBFAD8894-SegmentedRaftLogWorker] INFO  segmented.SegmentedRaftLogWorker (SegmentedRaftLogWorker.java:run(313)) - 92c2e3dd-e0c1-4b1f-96bb-d8ce5a005ea4@group-327EBFAD8894-SegmentedRaftLogWorker was interrupted, exiting. There are 0 tasks remaining in the queue.
2019-09-25 11:53:18,757 [92c2e3dd-e0c1-4b1f-96bb-d8ce5a005ea4@group-61ECF824838B-SegmentedRaftLogWorker] INFO  segmented.SegmentedRaftLogWorker (SegmentedRaftLogWorker.java:run(313)) - 92c2e3dd-e0c1-4b1f-96bb-d8ce5a005ea4@group-61ECF824838B-SegmentedRaftLogWorker was interrupted, exiting. There are 0 tasks remaining in the queue.
2019-09-25 11:53:18,765 [ForkJoinPool.commonPool-worker-0] INFO  segmented.SegmentedRaftLogWorker (SegmentedRaftLogWorker.java:close(228)) - 92c2e3dd-e0c1-4b1f-96bb-d8ce5a005ea4@group-61ECF824838B-SegmentedRaftLogWorker close()
2019-09-25 11:53:18,765 [Thread-528] INFO  segmented.SegmentedRaftLogWorker (SegmentedRaftLogWorker.java:close(228)) - 92c2e3dd-e0c1-4b1f-96bb-d8ce5a005ea4@group-327EBFAD8894-SegmentedRaftLogWorker close()
2019-09-25 11:53:18,767 [ForkJoinPool.commonPool-worker-0] INFO  impl.RaftServerImpl (RaftServerImpl.java:lambda$shutdown$3(251)) - 92c2e3dd-e0c1-4b1f-96bb-d8ce5a005ea4@group-F8155A53D7D0: shutdown
2019-09-25 11:53:18,768 [Thread-528] INFO  impl.RaftServerImpl (RaftServerImpl.java:lambda$shutdown$3(251)) - 92c2e3dd-e0c1-4b1f-96bb-d8ce5a005ea4@group-2E5D3F4A658A: shutdown
2019-09-25 11:53:18,768 [ForkJoinPool.commonPool-worker-0] INFO  util.JmxRegister (JmxRegister.java:unregister(73)) - Successfully un-registered JMX Bean with object name Ratis:service=RaftServer,group=group-F8155A53D7D0,id=92c2e3dd-e0c1-4b1f-96bb-d8ce5a005ea4
2019-09-25 11:53:18,768 [Thread-528] INFO  util.JmxRegister (JmxRegister.java:unregister(73)) - Successfully un-registered JMX Bean with object name Ratis:service=RaftServer,group=group-2E5D3F4A658A,id=92c2e3dd-e0c1-4b1f-96bb-d8ce5a005ea4
2019-09-25 11:53:18,769 [ForkJoinPool.commonPool-worker-0] INFO  impl.RoleInfo (RoleInfo.java:shutdownLeaderState(104)) - 92c2e3dd-e0c1-4b1f-96bb-d8ce5a005ea4: shutdown LeaderState
2019-09-25 11:53:18,769 [Thread-528] INFO  impl.RoleInfo (RoleInfo.java:shutdownLeaderState(104)) - 92c2e3dd-e0c1-4b1f-96bb-d8ce5a005ea4: shutdown LeaderState
2019-09-25 11:53:18,769 [ForkJoinPool.commonPool-worker-0] INFO  impl.PendingRequests (PendingRequests.java:sendNotLeaderResponses(202)) - 92c2e3dd-e0c1-4b1f-96bb-d8ce5a005ea4-PendingRequests: sendNotLeaderResponses
2019-09-25 11:53:18,769 [Thread-528] INFO  impl.PendingRequests (PendingRequests.java:sendNotLeaderResponses(202)) - 92c2e3dd-e0c1-4b1f-96bb-d8ce5a005ea4-PendingRequests: sendNotLeaderResponses
2019-09-25 11:53:18,770 [ForkJoinPool.commonPool-worker-0] INFO  impl.StateMachineUpdater (StateMachineUpdater.java:stopAndJoin(125)) - 92c2e3dd-e0c1-4b1f-96bb-d8ce5a005ea4@group-F8155A53D7D0-StateMachineUpdater: set stopIndex = 0
2019-09-25 11:53:18,770 [Thread-528] INFO  impl.StateMachineUpdater (StateMachineUpdater.java:stopAndJoin(125)) - 92c2e3dd-e0c1-4b1f-96bb-d8ce5a005ea4@group-2E5D3F4A658A-StateMachineUpdater: set stopIndex = 0
2019-09-25 11:53:18,770 [ForkJoinPool.commonPool-worker-0] INFO  impl.RaftServerImpl (ServerState.java:close(385)) - 92c2e3dd-e0c1-4b1f-96bb-d8ce5a005ea4@group-F8155A53D7D0: closes. applyIndex: 0
2019-09-25 11:53:18,771 [Thread-528] INFO  impl.RaftServerImpl (ServerState.java:close(385)) - 92c2e3dd-e0c1-4b1f-96bb-d8ce5a005ea4@group-2E5D3F4A658A: closes. applyIndex: 0
2019-09-25 11:53:18,771 [92c2e3dd-e0c1-4b1f-96bb-d8ce5a005ea4@group-F8155A53D7D0-SegmentedRaftLogWorker] INFO  segmented.SegmentedRaftLogWorker (SegmentedRaftLogWorker.java:run(313)) - 92c2e3dd-e0c1-4b1f-96bb-d8ce5a005ea4@group-F8155A53D7D0-SegmentedRaftLogWorker was interrupted, exiting. There are 0 tasks remaining in the queue.
2019-09-25 11:53:18,771 [92c2e3dd-e0c1-4b1f-96bb-d8ce5a005ea4@group-2E5D3F4A658A-SegmentedRaftLogWorker] INFO  segmented.SegmentedRaftLogWorker (SegmentedRaftLogWorker.java:run(313)) - 92c2e3dd-e0c1-4b1f-96bb-d8ce5a005ea4@group-2E5D3F4A658A-SegmentedRaftLogWorker was interrupted, exiting. There are 0 tasks remaining in the queue.
2019-09-25 11:53:18,771 [ForkJoinPool.commonPool-worker-0] INFO  segmented.SegmentedRaftLogWorker (SegmentedRaftLogWorker.java:close(228)) - 92c2e3dd-e0c1-4b1f-96bb-d8ce5a005ea4@group-F8155A53D7D0-SegmentedRaftLogWorker close()
2019-09-25 11:53:18,771 [Thread-528] INFO  segmented.SegmentedRaftLogWorker (SegmentedRaftLogWorker.java:close(228)) - 92c2e3dd-e0c1-4b1f-96bb-d8ce5a005ea4@group-2E5D3F4A658A-SegmentedRaftLogWorker close()
2019-09-25 11:53:18,774 [Thread-528] INFO  server.GrpcService (GrpcService.java:closeImpl(164)) - 92c2e3dd-e0c1-4b1f-96bb-d8ce5a005ea4: shutdown server with port 40059 now
2019-09-25 11:53:18,776 [Thread-528] INFO  server.GrpcService (GrpcService.java:closeImpl(172)) - 92c2e3dd-e0c1-4b1f-96bb-d8ce5a005ea4: shutdown server with port 40059 successfully
2019-09-25 11:53:18,778 [refreshUsed-/workdir/hadoop-ozone/ozonefs/target/test-dir/MiniOzoneClusterImpl-6cc5d9fe-62d6-4c5a-ace2-3095284a5ae3/datanode-2/data/containers] WARN  fs.CachingGetSpaceUsed (CachingGetSpaceUsed.java:run(183)) - Thread Interrupted waiting to refresh disk information: sleep interrupted
2019-09-25 11:53:18,807 [Thread-528] INFO  utils.BackgroundService (BackgroundService.java:shutdown(148)) - Shutting down service BlockDeletingService
2019-09-25 11:53:18,811 [Thread-528] INFO  statemachine.DatanodeStateMachine (DatanodeStateMachine.java:stopDaemon(395)) - Ozone container server stopped.
2019-09-25 11:53:18,812 [Thread-528] INFO  handler.ContextHandler (ContextHandler.java:doStop(910)) - Stopped o.e.j.w.WebAppContext@3d82f767{/,null,UNAVAILABLE}{/hddsDatanode}
2019-09-25 11:53:18,813 [Thread-528] INFO  server.AbstractConnector (AbstractConnector.java:doStop(318)) - Stopped ServerConnector@2eb63bcc{HTTP/1.1,[http/1.1]}{0.0.0.0:0}
2019-09-25 11:53:18,813 [Thread-528] INFO  handler.ContextHandler (ContextHandler.java:doStop(910)) - Stopped o.e.j.s.ServletContextHandler@60bc910a{/static,jar:file:/home/user/.m2/repository/org/apache/hadoop/hadoop-hdds-container-service/0.5.0-SNAPSHOT/hadoop-hdds-container-service-0.5.0-SNAPSHOT.jar!/webapps/static,UNAVAILABLE}
2019-09-25 11:53:18,813 [Thread-528] INFO  handler.ContextHandler (ContextHandler.java:doStop(910)) - Stopped o.e.j.s.ServletContextHandler@59eef7e6{/logs,file:///workdir/hadoop-ozone/ozonefs/target/log,UNAVAILABLE}
2019-09-25 11:53:18,815 [Thread-528] INFO  ozone.MiniOzoneClusterImpl (MiniOzoneClusterImpl.java:stopSCM(392)) - Stopping the StorageContainerManager
2019-09-25 11:53:18,815 [Thread-528] INFO  server.StorageContainerManager (StorageContainerManager.java:stop(808)) - Stopping Replication Manager Service.
2019-09-25 11:53:18,815 [Thread-528] INFO  container.ReplicationManager (ReplicationManager.java:stop(204)) - Stopping Replication Monitor Thread.
2019-09-25 11:53:18,815 [Thread-528] INFO  server.StorageContainerManager (StorageContainerManager.java:stop(815)) - Stopping Lease Manager of the command watchers
2019-09-25 11:53:18,815 [Thread-528] INFO  server.StorageContainerManager (StorageContainerManager.java:stop(822)) - Stopping datanode service RPC server
2019-09-25 11:53:18,816 [Thread-528] INFO  server.SCMDatanodeProtocolServer (SCMDatanodeProtocolServer.java:stop(367)) - Stopping the RPC server for DataNodes
2019-09-25 11:53:18,816 [Thread-528] INFO  ipc.Server (Server.java:stop(3082)) - Stopping server on 44322
2019-09-25 11:53:18,818 [IPC Server listener on 44322] INFO  ipc.Server (Server.java:run(1185)) - Stopping IPC Server listener on 44322
2019-09-25 11:53:18,818 [IPC Server Responder] INFO  ipc.Server (Server.java:run(1319)) - Stopping IPC Server Responder
2019-09-25 11:53:18,881 [SCM Heartbeat Processing Thread - 0] WARN  node.NodeStateManager (NodeStateManager.java:scheduleNextHealthCheck(655)) - Current Thread is interrupted, shutting down HB processing thread for Node Manager.
2019-09-25 11:53:18,881 [Thread-528] INFO  server.StorageContainerManager (StorageContainerManager.java:stop(830)) - Stopping block service RPC server
2019-09-25 11:53:18,881 [Thread-528] INFO  server.SCMBlockProtocolServer (SCMBlockProtocolServer.java:stop(155)) - Stopping the RPC server for Block Protocol
2019-09-25 11:53:18,881 [Thread-528] INFO  ipc.Server (Server.java:stop(3082)) - Stopping server on 41050
2019-09-25 11:53:18,883 [IPC Server listener on 41050] INFO  ipc.Server (Server.java:run(1185)) - Stopping IPC Server listener on 41050
2019-09-25 11:53:18,883 [Thread-528] INFO  server.StorageContainerManager (StorageContainerManager.java:stop(837)) - Stopping the StorageContainerLocationProtocol RPC server
2019-09-25 11:53:18,884 [IPC Server Responder] INFO  ipc.Server (Server.java:run(1319)) - Stopping IPC Server Responder
2019-09-25 11:53:18,884 [Thread-528] INFO  server.SCMClientProtocolServer (SCMClientProtocolServer.java:stop(159)) - Stopping the RPC server for Client Protocol
2019-09-25 11:53:18,885 [Thread-528] INFO  ipc.Server (Server.java:stop(3082)) - Stopping server on 34533
2019-09-25 11:53:18,887 [IPC Server listener on 34533] INFO  ipc.Server (Server.java:run(1185)) - Stopping IPC Server listener on 34533
2019-09-25 11:53:18,887 [Thread-528] INFO  server.StorageContainerManager (StorageContainerManager.java:stop(844)) - Stopping Storage Container Manager HTTP server.
2019-09-25 11:53:18,888 [IPC Server Responder] INFO  ipc.Server (Server.java:run(1319)) - Stopping IPC Server Responder
2019-09-25 11:53:18,890 [Thread-528] INFO  handler.ContextHandler (ContextHandler.java:doStop(910)) - Stopped o.e.j.w.WebAppContext@6aed39a7{/,null,UNAVAILABLE}{/scm}
2019-09-25 11:53:18,890 [Thread-528] INFO  server.AbstractConnector (AbstractConnector.java:doStop(318)) - Stopped ServerConnector@27cf888c{HTTP/1.1,[http/1.1]}{0.0.0.0:0}
2019-09-25 11:53:18,891 [Thread-528] INFO  handler.ContextHandler (ContextHandler.java:doStop(910)) - Stopped o.e.j.s.ServletContextHandler@270ae6ce{/static,jar:file:/home/user/.m2/repository/org/apache/hadoop/hadoop-hdds-server-scm/0.5.0-SNAPSHOT/hadoop-hdds-server-scm-0.5.0-SNAPSHOT.jar!/webapps/static,UNAVAILABLE}
2019-09-25 11:53:18,891 [Thread-528] INFO  handler.ContextHandler (ContextHandler.java:doStop(910)) - Stopped o.e.j.s.ServletContextHandler@79f68a00{/logs,file:///workdir/hadoop-ozone/ozonefs/target/log,UNAVAILABLE}
2019-09-25 11:53:18,892 [Thread-528] INFO  server.StorageContainerManager (StorageContainerManager.java:stop(855)) - Stopping Block Manager Service.
2019-09-25 11:53:18,892 [Thread-528] INFO  utils.BackgroundService (BackgroundService.java:shutdown(148)) - Shutting down service SCMBlockDeletingService
2019-09-25 11:53:18,893 [Thread-528] INFO  utils.BackgroundService (BackgroundService.java:shutdown(148)) - Shutting down service SCMBlockDeletingService
2019-09-25 11:53:18,893 [Thread-528] INFO  server.StorageContainerManager (StorageContainerManager.java:stop(877)) - Stopping SCM Event Queue.
2019-09-25 11:53:18,896 [Thread-528] INFO  impl.MetricsSystemImpl (MetricsSystemImpl.java:stop(210)) - Stopping HddsDatanode metrics system...
2019-09-25 11:53:18,901 [Thread-528] INFO  impl.MetricsSystemImpl (MetricsSystemImpl.java:stop(216)) - HddsDatanode metrics system stopped.
]]></system-out>
  </testcase>
  <testcase name="testListStatus" classname="org.apache.hadoop.fs.ozone.TestOzoneFileSystem" time="16.871">
    <error message="Allocated 0 blocks. Requested 1 blocks" type="INTERNAL_ERROR org.apache.hadoop.ozone.om.exceptions.OMException">INTERNAL_ERROR org.apache.hadoop.ozone.om.exceptions.OMException: Allocated 0 blocks. Requested 1 blocks
	at org.apache.hadoop.ozone.om.protocolPB.OzoneManagerProtocolClientSideTranslatorPB.handleError(OzoneManagerProtocolClientSideTranslatorPB.java:732)
	at org.apache.hadoop.ozone.om.protocolPB.OzoneManagerProtocolClientSideTranslatorPB.createFile(OzoneManagerProtocolClientSideTranslatorPB.java:1536)
	at sun.reflect.NativeMethodAccessorImpl.invoke0(Native Method)
	at sun.reflect.NativeMethodAccessorImpl.invoke(NativeMethodAccessorImpl.java:62)
	at sun.reflect.DelegatingMethodAccessorImpl.invoke(DelegatingMethodAccessorImpl.java:43)
	at java.lang.reflect.Method.invoke(Method.java:498)
	at org.apache.hadoop.hdds.tracing.TraceAllMethod.invoke(TraceAllMethod.java:66)
	at com.sun.proxy.$Proxy38.createFile(Unknown Source)
	at org.apache.hadoop.ozone.client.rpc.RpcClient.createFile(RpcClient.java:1006)
	at org.apache.hadoop.ozone.client.OzoneBucket.createFile(OzoneBucket.java:537)
	at org.apache.hadoop.fs.ozone.BasicOzoneClientAdapterImpl.createFile(BasicOzoneClientAdapterImpl.java:205)
	at org.apache.hadoop.fs.ozone.BasicOzoneFileSystem.createOutputStream(BasicOzoneFileSystem.java:250)
	at org.apache.hadoop.fs.ozone.BasicOzoneFileSystem.create(BasicOzoneFileSystem.java:231)
	at org.apache.hadoop.fs.FileSystem.create(FileSystem.java:1118)
	at org.apache.hadoop.fs.FileSystem.create(FileSystem.java:1098)
	at org.apache.hadoop.fs.FileSystem.create(FileSystem.java:987)
	at org.apache.hadoop.fs.contract.ContractTestUtils.createFile(ContractTestUtils.java:633)
	at org.apache.hadoop.fs.contract.ContractTestUtils.touch(ContractTestUtils.java:669)
	at org.apache.hadoop.fs.ozone.TestOzoneFileSystem.testListStatus(TestOzoneFileSystem.java:159)
	at sun.reflect.NativeMethodAccessorImpl.invoke0(Native Method)
	at sun.reflect.NativeMethodAccessorImpl.invoke(NativeMethodAccessorImpl.java:62)
	at sun.reflect.DelegatingMethodAccessorImpl.invoke(DelegatingMethodAccessorImpl.java:43)
	at java.lang.reflect.Method.invoke(Method.java:498)
	at org.junit.runners.model.FrameworkMethod$1.runReflectiveCall(FrameworkMethod.java:47)
	at org.junit.internal.runners.model.ReflectiveCallable.run(ReflectiveCallable.java:12)
	at org.junit.runners.model.FrameworkMethod.invokeExplosively(FrameworkMethod.java:44)
	at org.junit.internal.runners.statements.InvokeMethod.evaluate(InvokeMethod.java:17)
	at org.junit.internal.runners.statements.RunBefores.evaluate(RunBefores.java:26)
	at org.junit.internal.runners.statements.RunAfters.evaluate(RunAfters.java:27)
	at org.junit.internal.runners.statements.FailOnTimeout$StatementThread.run(FailOnTimeout.java:74)
</error>
    <system-out><![CDATA[2019-09-25 11:53:18,963 [Thread-795] WARN  server.ServerUtils (ServerUtils.java:getScmDbDir(145)) - ozone.scm.db.dirs is not configured. We recommend adding this setting. Falling back to ozone.metadata.dirs instead.
2019-09-25 11:53:19,011 [Thread-795] WARN  server.ServerUtils (ServerUtils.java:getScmDbDir(145)) - ozone.scm.db.dirs is not configured. We recommend adding this setting. Falling back to ozone.metadata.dirs instead.
2019-09-25 11:53:19,012 [Thread-795] WARN  server.ServerUtils (ServerUtils.java:getScmDbDir(145)) - ozone.scm.db.dirs is not configured. We recommend adding this setting. Falling back to ozone.metadata.dirs instead.
2019-09-25 11:53:19,013 [Thread-795] INFO  db.DBStoreBuilder (DBStoreBuilder.java:addTable(110)) - using custom profile for table: deletedBlocks
2019-09-25 11:53:19,013 [Thread-795] INFO  db.DBStoreBuilder (DBStoreBuilder.java:processTables(161)) - Using default column profile:DBProfile.DISK for Table:deletedBlocks
2019-09-25 11:53:19,013 [Thread-795] INFO  db.DBStoreBuilder (DBStoreBuilder.java:addTable(110)) - using custom profile for table: validCerts
2019-09-25 11:53:19,013 [Thread-795] INFO  db.DBStoreBuilder (DBStoreBuilder.java:processTables(161)) - Using default column profile:DBProfile.DISK for Table:validCerts
2019-09-25 11:53:19,013 [Thread-795] INFO  db.DBStoreBuilder (DBStoreBuilder.java:addTable(110)) - using custom profile for table: revokedCerts
2019-09-25 11:53:19,013 [Thread-795] INFO  db.DBStoreBuilder (DBStoreBuilder.java:processTables(161)) - Using default column profile:DBProfile.DISK for Table:revokedCerts
2019-09-25 11:53:19,014 [Thread-795] INFO  db.DBStoreBuilder (DBStoreBuilder.java:addTable(110)) - using custom profile for table: default
2019-09-25 11:53:19,014 [Thread-795] INFO  db.DBStoreBuilder (DBStoreBuilder.java:processTables(167)) - Using default column profile:DBProfile.DISK for Table:default
2019-09-25 11:53:19,014 [Thread-795] INFO  db.DBStoreBuilder (DBStoreBuilder.java:getDbProfile(198)) - Using default options. DBProfile.DISK
2019-09-25 11:53:19,159 [Thread-795] INFO  net.NodeSchemaLoader (NodeSchemaLoader.java:loadSchemaFromFile(125)) - Loading file from sun.misc.CompoundEnumeration@4b08b56
2019-09-25 11:53:19,159 [Thread-795] INFO  net.NodeSchemaLoader (NodeSchemaLoader.java:loadSchema(171)) - Loading network topology layer schema file
2019-09-25 11:53:19,166 [Thread-795] WARN  server.ServerUtils (ServerUtils.java:sanitizeUserArgs(70)) - ozone.scm.stale.node.interval value = 300000 is larger than max = 100000 based on the key value of ozone.scm.heartbeat.thread.interval, reset to the max value 100000.
2019-09-25 11:53:19,166 [Thread-795] WARN  server.ServerUtils (ServerUtils.java:sanitizeUserArgs(70)) - ozone.scm.stale.node.interval value = 300000 is larger than max = 100000 based on the key value of ozone.scm.heartbeat.thread.interval, reset to the max value 100000.
2019-09-25 11:53:19,166 [Thread-795] INFO  node.SCMNodeManager (SCMNodeManager.java:<init>(114)) - Entering startup safe mode.
2019-09-25 11:53:19,167 [Thread-795] INFO  algorithms.ContainerPlacementPolicyFactory (ContainerPlacementPolicyFactory.java:getPolicy(59)) - Create container placement policy of type org.apache.hadoop.hdds.scm.container.placement.algorithms.SCMContainerPlacementRandom
2019-09-25 11:53:19,167 [Thread-795] WARN  server.ServerUtils (ServerUtils.java:getScmDbDir(145)) - ozone.scm.db.dirs is not configured. We recommend adding this setting. Falling back to ozone.metadata.dirs instead.
2019-09-25 11:53:19,224 [Thread-795] INFO  pipeline.SCMPipelineManager (SCMPipelineManager.java:initializePipelineState(132)) - No pipeline exists in current db
2019-09-25 11:53:19,224 [Thread-795] WARN  server.ServerUtils (ServerUtils.java:getScmDbDir(145)) - ozone.scm.db.dirs is not configured. We recommend adding this setting. Falling back to ozone.metadata.dirs instead.
2019-09-25 11:53:19,271 [Thread-795] WARN  events.EventQueue (EventQueue.java:fireEvent(183)) - No event handler registered for event TypedEvent{payloadType=SafeModeStatus, name='SafeModeStatus'}
2019-09-25 11:53:19,272 [Thread-795] INFO  ipc.CallQueueManager (CallQueueManager.java:<init>(84)) - Using callQueue: class java.util.concurrent.LinkedBlockingQueue, queueCapacity: 2000, scheduler: class org.apache.hadoop.ipc.DefaultRpcScheduler, ipcBackoff: false.
2019-09-25 11:53:19,273 [Socket Reader #1 for port 33299] INFO  ipc.Server (Server.java:run(1074)) - Starting Socket Reader #1 for port 33299
2019-09-25 11:53:19,276 [Thread-795] INFO  ipc.CallQueueManager (CallQueueManager.java:<init>(84)) - Using callQueue: class java.util.concurrent.LinkedBlockingQueue, queueCapacity: 2000, scheduler: class org.apache.hadoop.ipc.DefaultRpcScheduler, ipcBackoff: false.
2019-09-25 11:53:19,276 [Socket Reader #1 for port 41661] INFO  ipc.Server (Server.java:run(1074)) - Starting Socket Reader #1 for port 41661
2019-09-25 11:53:19,278 [Thread-795] INFO  ipc.CallQueueManager (CallQueueManager.java:<init>(84)) - Using callQueue: class java.util.concurrent.LinkedBlockingQueue, queueCapacity: 2000, scheduler: class org.apache.hadoop.ipc.DefaultRpcScheduler, ipcBackoff: false.
2019-09-25 11:53:19,279 [Socket Reader #1 for port 36190] INFO  ipc.Server (Server.java:run(1074)) - Starting Socket Reader #1 for port 36190
2019-09-25 11:53:19,281 [Thread-795] INFO  hdfs.DFSUtil (DFSUtil.java:httpServerTemplateForNNAndJN(1641)) - Starting Web-server for scm at: http://0.0.0.0:0
2019-09-25 11:53:19,284 [Thread-795] INFO  server.AuthenticationFilter (AuthenticationFilter.java:constructSecretProvider(240)) - Unable to initialize FileSignerSecretProvider, falling back to use random secrets.
2019-09-25 11:53:19,285 [Thread-795] WARN  http.HttpRequestLog (HttpRequestLog.java:getRequestLog(97)) - Jetty request log can only be enabled using Log4j
2019-09-25 11:53:19,287 [Thread-795] INFO  http.HttpServer2 (HttpServer2.java:addGlobalFilter(975)) - Added global filter 'safety' (class=org.apache.hadoop.http.HttpServer2$QuotingInputFilter)
2019-09-25 11:53:19,288 [Thread-795] INFO  http.HttpServer2 (HttpServer2.java:addFilter(948)) - Added filter static_user_filter (class=org.apache.hadoop.http.lib.StaticUserWebFilter$StaticUserFilter) to context scm
2019-09-25 11:53:19,289 [Thread-795] INFO  http.HttpServer2 (HttpServer2.java:addFilter(958)) - Added filter static_user_filter (class=org.apache.hadoop.http.lib.StaticUserWebFilter$StaticUserFilter) to context static
2019-09-25 11:53:19,289 [Thread-795] INFO  http.HttpServer2 (HttpServer2.java:addFilter(958)) - Added filter static_user_filter (class=org.apache.hadoop.http.lib.StaticUserWebFilter$StaticUserFilter) to context logs
2019-09-25 11:53:19,291 [Thread-795] INFO  server.StorageContainerManager (StorageContainerManager.java:start(770)) - StorageContainerLocationProtocol RPC server is listening at /0.0.0.0:36190
2019-09-25 11:53:19,293 [Thread-795] WARN  impl.MetricsConfig (MetricsConfig.java:loadFirst(134)) - Cannot locate configuration: tried hadoop-metrics2-storagecontainermanager.properties,hadoop-metrics2.properties
2019-09-25 11:53:19,297 [Thread-795] INFO  impl.MetricsSystemImpl (MetricsSystemImpl.java:startTimer(374)) - Scheduled Metric snapshot period at 10 second(s).
2019-09-25 11:53:19,297 [Thread-795] INFO  impl.MetricsSystemImpl (MetricsSystemImpl.java:start(191)) - StorageContainerManager metrics system started
2019-09-25 11:53:19,341 [Thread-795] WARN  impl.MetricsSystemImpl (MetricsSystemImpl.java:register(276)) - Sink prometheus already exists!
2019-09-25 11:53:19,614 [Thread-795] INFO  server.SCMClientProtocolServer (SCMClientProtocolServer.java:start(151)) - RPC server for Client  is listening at /0.0.0.0:36190
2019-09-25 11:53:19,615 [IPC Server Responder] INFO  ipc.Server (Server.java:run(1314)) - IPC Server Responder: starting
2019-09-25 11:53:19,615 [IPC Server listener on 36190] INFO  ipc.Server (Server.java:run(1153)) - IPC Server listener on 36190: starting
2019-09-25 11:53:19,619 [Thread-795] INFO  server.StorageContainerManager (StorageContainerManager.java:start(780)) - ScmBlockLocationProtocol RPC server is listening at /0.0.0.0:41661
2019-09-25 11:53:19,619 [Thread-795] INFO  server.SCMBlockProtocolServer (SCMBlockProtocolServer.java:start(146)) - RPC server for Block Protocol is listening at /0.0.0.0:41661
2019-09-25 11:53:19,620 [IPC Server Responder] INFO  ipc.Server (Server.java:run(1314)) - IPC Server Responder: starting
2019-09-25 11:53:19,620 [IPC Server listener on 41661] INFO  ipc.Server (Server.java:run(1153)) - IPC Server listener on 41661: starting
2019-09-25 11:53:19,623 [Thread-795] INFO  server.StorageContainerManager (StorageContainerManager.java:start(784)) - ScmDatanodeProtocl RPC server is listening at /0.0.0.0:33299
2019-09-25 11:53:19,623 [Thread-795] INFO  server.SCMDatanodeProtocolServer (SCMDatanodeProtocolServer.java:start(191)) - RPC server for DataNodes is listening at /0.0.0.0:33299
2019-09-25 11:53:19,624 [IPC Server Responder] INFO  ipc.Server (Server.java:run(1314)) - IPC Server Responder: starting
2019-09-25 11:53:19,624 [IPC Server listener on 33299] INFO  ipc.Server (Server.java:run(1153)) - IPC Server listener on 33299: starting
2019-09-25 11:53:19,628 [Thread-795] INFO  http.HttpServer2 (HttpServer2.java:bindListener(1191)) - Jetty bound to port 38562
2019-09-25 11:53:19,628 [Thread-795] INFO  server.Server (Server.java:doStart(351)) - jetty-9.3.25.v20180904, build timestamp: 2018-09-04T21:11:46Z, git hash: 3ce520221d0240229c862b122d2b06c12a625732
2019-09-25 11:53:19,631 [Thread-795] INFO  handler.ContextHandler (ContextHandler.java:doStart(781)) - Started o.e.j.s.ServletContextHandler@207f8617{/logs,file:///workdir/hadoop-ozone/ozonefs/target/log,AVAILABLE}
2019-09-25 11:53:19,631 [Thread-795] INFO  handler.ContextHandler (ContextHandler.java:doStart(781)) - Started o.e.j.s.ServletContextHandler@59c76646{/static,jar:file:/home/user/.m2/repository/org/apache/hadoop/hadoop-hdds-server-scm/0.5.0-SNAPSHOT/hadoop-hdds-server-scm-0.5.0-SNAPSHOT.jar!/webapps/static,AVAILABLE}
2019-09-25 11:53:19,673 [Thread-795] INFO  handler.ContextHandler (ContextHandler.java:doStart(781)) - Started o.e.j.w.WebAppContext@4ebae9bd{/,file:///tmp/jetty-0.0.0.0-38562-scm-_-any-2687151204026621745.dir/webapp/,AVAILABLE}{/scm}
2019-09-25 11:53:19,674 [Thread-795] INFO  server.AbstractConnector (AbstractConnector.java:doStart(278)) - Started ServerConnector@7b339947{HTTP/1.1,[http/1.1]}{0.0.0.0:38562}
2019-09-25 11:53:19,675 [Thread-795] INFO  server.Server (Server.java:doStart(419)) - Started @57037ms
2019-09-25 11:53:19,675 [Thread-795] WARN  impl.MetricsSystemImpl (MetricsSystemImpl.java:register(276)) - Sink prometheus already exists!
2019-09-25 11:53:19,676 [Thread-795] INFO  server.BaseHttpServer (BaseHttpServer.java:updateConnectorAddress(215)) - HTTP server of SCM is listening at http://0.0.0.0:38562
2019-09-25 11:53:19,677 [Thread-795] WARN  server.ServerUtils (ServerUtils.java:getDBPath(222)) - ozone.om.db.dirs is not configured. We recommend adding this setting. Falling back to ozone.metadata.dirs instead.
2019-09-25 11:53:19,678 [org.apache.hadoop.util.JvmPauseMonitor$Monitor@42a1fd54] INFO  util.JvmPauseMonitor (JvmPauseMonitor.java:run(188)) - Starting JVM pause monitor
2019-09-25 11:53:19,692 [Thread-795] WARN  server.ServerUtils (ServerUtils.java:getDBPath(222)) - ozone.om.db.dirs is not configured. We recommend adding this setting. Falling back to ozone.metadata.dirs instead.
2019-09-25 11:53:19,692 [Thread-795] WARN  server.ServerUtils (ServerUtils.java:getDBPath(222)) - ozone.om.db.dirs is not configured. We recommend adding this setting. Falling back to ozone.metadata.dirs instead.
2019-09-25 11:53:19,692 [Thread-795] INFO  om.OzoneManager (OzoneManager.java:setOMNodeDetails(652)) - OM Service ID is not set. Setting it to the default ID: omServiceIdDefault
2019-09-25 11:53:19,693 [Thread-795] INFO  om.OzoneManager (OzoneManager.java:setOMNodeDetails(658)) - OM Node ID is not set. Setting it to the OmStorage's OmID: 8b0f293c-05a4-4e0b-a0fb-023e98f6ed3c
2019-09-25 11:53:19,693 [Thread-795] INFO  om.OzoneManager (OzoneManager.java:loadOMHAConfigs(609)) - Found matching OM address with OMServiceId: null, OMNodeId: null, RPC Address: localhost:0 and Ratis port: 9872
2019-09-25 11:53:19,700 [Thread-795] WARN  server.ServerUtils (ServerUtils.java:getDBPath(222)) - ozone.om.db.dirs is not configured. We recommend adding this setting. Falling back to ozone.metadata.dirs instead.
2019-09-25 11:53:19,700 [Thread-795] INFO  db.DBStoreBuilder (DBStoreBuilder.java:addTable(110)) - using custom profile for table: userTable
2019-09-25 11:53:19,700 [Thread-795] INFO  db.DBStoreBuilder (DBStoreBuilder.java:processTables(161)) - Using default column profile:DBProfile.DISK for Table:userTable
2019-09-25 11:53:19,700 [Thread-795] INFO  db.DBStoreBuilder (DBStoreBuilder.java:addTable(110)) - using custom profile for table: volumeTable
2019-09-25 11:53:19,701 [Thread-795] INFO  db.DBStoreBuilder (DBStoreBuilder.java:processTables(161)) - Using default column profile:DBProfile.DISK for Table:volumeTable
2019-09-25 11:53:19,701 [Thread-795] INFO  db.DBStoreBuilder (DBStoreBuilder.java:addTable(110)) - using custom profile for table: bucketTable
2019-09-25 11:53:19,701 [Thread-795] INFO  db.DBStoreBuilder (DBStoreBuilder.java:processTables(161)) - Using default column profile:DBProfile.DISK for Table:bucketTable
2019-09-25 11:53:19,701 [Thread-795] INFO  db.DBStoreBuilder (DBStoreBuilder.java:addTable(110)) - using custom profile for table: keyTable
2019-09-25 11:53:19,701 [Thread-795] INFO  db.DBStoreBuilder (DBStoreBuilder.java:processTables(161)) - Using default column profile:DBProfile.DISK for Table:keyTable
2019-09-25 11:53:19,701 [Thread-795] INFO  db.DBStoreBuilder (DBStoreBuilder.java:addTable(110)) - using custom profile for table: deletedTable
2019-09-25 11:53:19,701 [Thread-795] INFO  db.DBStoreBuilder (DBStoreBuilder.java:processTables(161)) - Using default column profile:DBProfile.DISK for Table:deletedTable
2019-09-25 11:53:19,701 [Thread-795] INFO  db.DBStoreBuilder (DBStoreBuilder.java:addTable(110)) - using custom profile for table: openKeyTable
2019-09-25 11:53:19,702 [Thread-795] INFO  db.DBStoreBuilder (DBStoreBuilder.java:processTables(161)) - Using default column profile:DBProfile.DISK for Table:openKeyTable
2019-09-25 11:53:19,702 [Thread-795] INFO  db.DBStoreBuilder (DBStoreBuilder.java:addTable(110)) - using custom profile for table: s3Table
2019-09-25 11:53:19,702 [Thread-795] INFO  db.DBStoreBuilder (DBStoreBuilder.java:processTables(161)) - Using default column profile:DBProfile.DISK for Table:s3Table
2019-09-25 11:53:19,702 [Thread-795] INFO  db.DBStoreBuilder (DBStoreBuilder.java:addTable(110)) - using custom profile for table: multipartInfoTable
2019-09-25 11:53:19,702 [Thread-795] INFO  db.DBStoreBuilder (DBStoreBuilder.java:processTables(161)) - Using default column profile:DBProfile.DISK for Table:multipartInfoTable
2019-09-25 11:53:19,702 [Thread-795] INFO  db.DBStoreBuilder (DBStoreBuilder.java:addTable(110)) - using custom profile for table: dTokenTable
2019-09-25 11:53:19,702 [Thread-795] INFO  db.DBStoreBuilder (DBStoreBuilder.java:processTables(161)) - Using default column profile:DBProfile.DISK for Table:dTokenTable
2019-09-25 11:53:19,702 [Thread-795] INFO  db.DBStoreBuilder (DBStoreBuilder.java:addTable(110)) - using custom profile for table: s3SecretTable
2019-09-25 11:53:19,702 [Thread-795] INFO  db.DBStoreBuilder (DBStoreBuilder.java:processTables(161)) - Using default column profile:DBProfile.DISK for Table:s3SecretTable
2019-09-25 11:53:19,703 [Thread-795] INFO  db.DBStoreBuilder (DBStoreBuilder.java:addTable(110)) - using custom profile for table: prefixTable
2019-09-25 11:53:19,703 [Thread-795] INFO  db.DBStoreBuilder (DBStoreBuilder.java:processTables(161)) - Using default column profile:DBProfile.DISK for Table:prefixTable
2019-09-25 11:53:19,703 [Thread-795] INFO  db.DBStoreBuilder (DBStoreBuilder.java:addTable(110)) - using custom profile for table: default
2019-09-25 11:53:19,703 [Thread-795] INFO  db.DBStoreBuilder (DBStoreBuilder.java:processTables(167)) - Using default column profile:DBProfile.DISK for Table:default
2019-09-25 11:53:19,703 [Thread-795] INFO  db.DBStoreBuilder (DBStoreBuilder.java:getDbProfile(198)) - Using default options. DBProfile.DISK
2019-09-25 11:53:20,128 [Thread-795] INFO  ipc.CallQueueManager (CallQueueManager.java:<init>(84)) - Using callQueue: class java.util.concurrent.LinkedBlockingQueue, queueCapacity: 2000, scheduler: class org.apache.hadoop.ipc.DefaultRpcScheduler, ipcBackoff: false.
2019-09-25 11:53:20,129 [Socket Reader #1 for port 36910] INFO  ipc.Server (Server.java:run(1074)) - Starting Socket Reader #1 for port 36910
2019-09-25 11:53:20,146 [Thread-795] INFO  om.OzoneManager (OzoneManager.java:start(1243)) - OzoneManager RPC server is listening at localhost/127.0.0.1:36910
2019-09-25 11:53:20,146 [Thread-795] INFO  impl.MetricsSystemImpl (MetricsSystemImpl.java:init(158)) - OzoneManager metrics system started (again)
2019-09-25 11:53:20,147 [IPC Server Responder] INFO  ipc.Server (Server.java:run(1314)) - IPC Server Responder: starting
2019-09-25 11:53:20,147 [IPC Server listener on 36910] INFO  ipc.Server (Server.java:run(1153)) - IPC Server listener on 36910: starting
2019-09-25 11:53:20,153 [Thread-795] INFO  hdfs.DFSUtil (DFSUtil.java:httpServerTemplateForNNAndJN(1641)) - Starting Web-server for ozoneManager at: http://0.0.0.0:0
2019-09-25 11:53:20,155 [Thread-795] INFO  server.AuthenticationFilter (AuthenticationFilter.java:constructSecretProvider(240)) - Unable to initialize FileSignerSecretProvider, falling back to use random secrets.
2019-09-25 11:53:20,155 [Thread-795] WARN  http.HttpRequestLog (HttpRequestLog.java:getRequestLog(97)) - Jetty request log can only be enabled using Log4j
2019-09-25 11:53:20,157 [Thread-795] INFO  http.HttpServer2 (HttpServer2.java:addGlobalFilter(975)) - Added global filter 'safety' (class=org.apache.hadoop.http.HttpServer2$QuotingInputFilter)
2019-09-25 11:53:20,157 [Thread-795] INFO  http.HttpServer2 (HttpServer2.java:addFilter(948)) - Added filter static_user_filter (class=org.apache.hadoop.http.lib.StaticUserWebFilter$StaticUserFilter) to context ozoneManager
2019-09-25 11:53:20,157 [Thread-795] INFO  http.HttpServer2 (HttpServer2.java:addFilter(958)) - Added filter static_user_filter (class=org.apache.hadoop.http.lib.StaticUserWebFilter$StaticUserFilter) to context static
2019-09-25 11:53:20,157 [Thread-795] INFO  http.HttpServer2 (HttpServer2.java:addFilter(958)) - Added filter static_user_filter (class=org.apache.hadoop.http.lib.StaticUserWebFilter$StaticUserFilter) to context logs
2019-09-25 11:53:20,158 [Thread-795] INFO  http.HttpServer2 (HttpServer2.java:bindListener(1191)) - Jetty bound to port 42959
2019-09-25 11:53:20,159 [Thread-795] INFO  server.Server (Server.java:doStart(351)) - jetty-9.3.25.v20180904, build timestamp: 2018-09-04T21:11:46Z, git hash: 3ce520221d0240229c862b122d2b06c12a625732
2019-09-25 11:53:20,160 [Thread-795] INFO  handler.ContextHandler (ContextHandler.java:doStart(781)) - Started o.e.j.s.ServletContextHandler@321b351d{/logs,file:///workdir/hadoop-ozone/ozonefs/target/log,AVAILABLE}
2019-09-25 11:53:20,161 [Thread-795] INFO  handler.ContextHandler (ContextHandler.java:doStart(781)) - Started o.e.j.s.ServletContextHandler@4f3086a1{/static,jar:file:/home/user/.m2/repository/org/apache/hadoop/hadoop-ozone-ozone-manager/0.5.0-SNAPSHOT/hadoop-ozone-ozone-manager-0.5.0-SNAPSHOT.jar!/webapps/static,AVAILABLE}
2019-09-25 11:53:20,203 [Thread-795] INFO  handler.ContextHandler (ContextHandler.java:doStart(781)) - Started o.e.j.w.WebAppContext@268f4d52{/,file:///tmp/jetty-0.0.0.0-42959-ozoneManager-_-any-2768062767003540870.dir/webapp/,AVAILABLE}{/ozoneManager}
2019-09-25 11:53:20,203 [Thread-795] INFO  server.AbstractConnector (AbstractConnector.java:doStart(278)) - Started ServerConnector@2ed2f852{HTTP/1.1,[http/1.1]}{0.0.0.0:42959}
2019-09-25 11:53:20,205 [Thread-795] INFO  server.Server (Server.java:doStart(419)) - Started @57566ms
2019-09-25 11:53:20,205 [Thread-795] WARN  impl.MetricsSystemImpl (MetricsSystemImpl.java:register(276)) - Sink prometheus already exists!
2019-09-25 11:53:20,206 [Thread-795] INFO  server.BaseHttpServer (BaseHttpServer.java:updateConnectorAddress(215)) - HTTP server of OZONEMANAGER is listening at http://0.0.0.0:42959
2019-09-25 11:53:20,212 [Thread-795] INFO  impl.MetricsSystemImpl (MetricsSystemImpl.java:init(158)) - HddsDatanode metrics system started (again)
2019-09-25 11:53:20,214 [Thread-795] INFO  ozone.HddsDatanodeService (HddsDatanodeService.java:start(184)) - HddsDatanodeService host:pr-hdds-1569-5gmkr-4255264070 ip:192.168.30.6
2019-09-25 11:53:20,220 [Thread-795] INFO  volume.HddsVolume (HddsVolume.java:<init>(176)) - Creating Volume: /workdir/hadoop-ozone/ozonefs/target/test-dir/MiniOzoneClusterImpl-a940bac1-2636-4fb1-9232-9a814bb2953b/datanode-0/data/containers/hdds of  storage type : DISK and capacity : 1482555576320
2019-09-25 11:53:20,220 [Thread-795] INFO  volume.VolumeSet (VolumeSet.java:initializeVolumeSet(170)) - Added Volume : /workdir/hadoop-ozone/ozonefs/target/test-dir/MiniOzoneClusterImpl-a940bac1-2636-4fb1-9232-9a814bb2953b/datanode-0/data/containers/hdds to VolumeSet
2019-09-25 11:53:20,221 [Thread-795] INFO  volume.ThrottledAsyncChecker (ThrottledAsyncChecker.java:schedule(139)) - Scheduling a check for org.apache.hadoop.ozone.container.common.volume.HddsVolume@4ef7a06
2019-09-25 11:53:20,221 [Thread-795] INFO  volume.HddsVolumeChecker (HddsVolumeChecker.java:checkAllVolumes(202)) - Scheduled health check for volume org.apache.hadoop.ozone.container.common.volume.HddsVolume@4ef7a06
2019-09-25 11:53:20,245 [Thread-795] INFO  impl.RaftServerProxy (ConfUtils.java:logGet(43)) - raft.rpc.type = GRPC (default)
2019-09-25 11:53:20,246 [Thread-795] INFO  grpc.GrpcFactory (GrpcFactory.java:checkPooledByteBufAllocatorUseCacheForAllThreads(45)) - PERFORMANCE WARNING: useCacheForAllThreads is true that may cause Netty to create a lot garbage objects and, as a result, trigger GC.
	It is recommended to disable useCacheForAllThreads by setting -Dorg.apache.ratis.thirdparty.io.netty.allocator.useCacheForAllThreads=false in command line.
2019-09-25 11:53:20,246 [Thread-795] INFO  grpc.GrpcConfigKeys$Server (ConfUtils.java:logGet(43)) - raft.grpc.server.port = 0 (default)
2019-09-25 11:53:20,246 [Thread-795] INFO  server.GrpcService (ConfUtils.java:logGet(43)) - raft.grpc.message.size.max = 33570816 (custom)
2019-09-25 11:53:20,246 [Thread-795] INFO  server.RaftServerConfigKeys (ConfUtils.java:logGet(43)) - raft.server.log.appender.buffer.byte-limit = 33554432 (custom)
2019-09-25 11:53:20,246 [Thread-795] INFO  server.GrpcService (ConfUtils.java:logGet(43)) - raft.grpc.flow.control.window = 1MB (=1048576) (default)
2019-09-25 11:53:20,247 [Thread-795] INFO  server.RaftServerConfigKeys (ConfUtils.java:logGet(43)) - raft.server.rpc.request.timeout = 3000ms (default)
2019-09-25 11:53:20,247 [Thread-795] INFO  server.RaftServerConfigKeys (ConfUtils.java:logGet(43)) - raft.server.storage.dir = [/workdir/hadoop-ozone/ozonefs/target/test-dir/MiniOzoneClusterImpl-a940bac1-2636-4fb1-9232-9a814bb2953b/datanode-0/data/ratis] (custom)
2019-09-25 11:53:20,248 [Thread-795] INFO  hdfs.DFSUtil (DFSUtil.java:httpServerTemplateForNNAndJN(1641)) - Starting Web-server for hddsDatanode at: http://0.0.0.0:0
2019-09-25 11:53:20,250 [Thread-795] INFO  server.AuthenticationFilter (AuthenticationFilter.java:constructSecretProvider(240)) - Unable to initialize FileSignerSecretProvider, falling back to use random secrets.
2019-09-25 11:53:20,251 [Thread-795] WARN  http.HttpRequestLog (HttpRequestLog.java:getRequestLog(97)) - Jetty request log can only be enabled using Log4j
2019-09-25 11:53:20,253 [Thread-795] INFO  http.HttpServer2 (HttpServer2.java:addGlobalFilter(975)) - Added global filter 'safety' (class=org.apache.hadoop.http.HttpServer2$QuotingInputFilter)
2019-09-25 11:53:20,254 [Thread-795] INFO  http.HttpServer2 (HttpServer2.java:addFilter(948)) - Added filter static_user_filter (class=org.apache.hadoop.http.lib.StaticUserWebFilter$StaticUserFilter) to context hddsDatanode
2019-09-25 11:53:20,254 [Thread-795] INFO  http.HttpServer2 (HttpServer2.java:addFilter(958)) - Added filter static_user_filter (class=org.apache.hadoop.http.lib.StaticUserWebFilter$StaticUserFilter) to context static
2019-09-25 11:53:20,254 [Thread-795] INFO  http.HttpServer2 (HttpServer2.java:addFilter(958)) - Added filter static_user_filter (class=org.apache.hadoop.http.lib.StaticUserWebFilter$StaticUserFilter) to context logs
2019-09-25 11:53:20,255 [Thread-795] INFO  http.HttpServer2 (HttpServer2.java:bindListener(1191)) - Jetty bound to port 43547
2019-09-25 11:53:20,255 [Thread-795] INFO  server.Server (Server.java:doStart(351)) - jetty-9.3.25.v20180904, build timestamp: 2018-09-04T21:11:46Z, git hash: 3ce520221d0240229c862b122d2b06c12a625732
2019-09-25 11:53:20,256 [Thread-795] INFO  handler.ContextHandler (ContextHandler.java:doStart(781)) - Started o.e.j.s.ServletContextHandler@3173022{/logs,file:///workdir/hadoop-ozone/ozonefs/target/log,AVAILABLE}
2019-09-25 11:53:20,256 [Thread-795] INFO  handler.ContextHandler (ContextHandler.java:doStart(781)) - Started o.e.j.s.ServletContextHandler@67b95e8{/static,jar:file:/home/user/.m2/repository/org/apache/hadoop/hadoop-hdds-container-service/0.5.0-SNAPSHOT/hadoop-hdds-container-service-0.5.0-SNAPSHOT.jar!/webapps/static,AVAILABLE}
2019-09-25 11:53:20,284 [Thread-795] INFO  handler.ContextHandler (ContextHandler.java:doStart(781)) - Started o.e.j.w.WebAppContext@1c515195{/,file:///tmp/jetty-0.0.0.0-43547-hddsDatanode-_-any-8782408166450712919.dir/webapp/,AVAILABLE}{/hddsDatanode}
2019-09-25 11:53:20,284 [Thread-795] INFO  server.AbstractConnector (AbstractConnector.java:doStart(278)) - Started ServerConnector@12e9c933{HTTP/1.1,[http/1.1]}{0.0.0.0:43547}
2019-09-25 11:53:20,285 [Thread-795] INFO  server.Server (Server.java:doStart(419)) - Started @57647ms
2019-09-25 11:53:20,285 [Thread-795] WARN  impl.MetricsSystemImpl (MetricsSystemImpl.java:register(276)) - Sink prometheus already exists!
2019-09-25 11:53:20,286 [Thread-795] INFO  server.BaseHttpServer (BaseHttpServer.java:updateConnectorAddress(215)) - HTTP server of HDDSDATANODE is listening at http://0.0.0.0:43547
2019-09-25 11:53:20,286 [Thread-795] INFO  impl.MetricsSystemImpl (MetricsSystemImpl.java:init(158)) - HddsDatanode metrics system started (again)
2019-09-25 11:53:20,289 [org.apache.hadoop.util.JvmPauseMonitor$Monitor@5a9dd4d6] INFO  util.JvmPauseMonitor (JvmPauseMonitor.java:run(188)) - Starting JVM pause monitor
2019-09-25 11:53:20,289 [Thread-795] INFO  ozone.HddsDatanodeService (HddsDatanodeService.java:start(184)) - HddsDatanodeService host:pr-hdds-1569-5gmkr-4255264070 ip:192.168.30.6
2019-09-25 11:53:20,291 [Datanode State Machine Thread - 0] INFO  datanode.InitDatanodeState (InitDatanodeState.java:persistContainerDatanodeDetails(140)) - DatanodeDetails is persisted to /workdir/hadoop-ozone/ozonefs/target/test-dir/MiniOzoneClusterImpl-a940bac1-2636-4fb1-9232-9a814bb2953b/datanode-0/meta/datanode.id
2019-09-25 11:53:20,294 [Thread-795] INFO  volume.HddsVolume (HddsVolume.java:<init>(176)) - Creating Volume: /workdir/hadoop-ozone/ozonefs/target/test-dir/MiniOzoneClusterImpl-a940bac1-2636-4fb1-9232-9a814bb2953b/datanode-1/data/containers/hdds of  storage type : DISK and capacity : 1482555576320
2019-09-25 11:53:20,294 [Thread-795] INFO  volume.VolumeSet (VolumeSet.java:initializeVolumeSet(170)) - Added Volume : /workdir/hadoop-ozone/ozonefs/target/test-dir/MiniOzoneClusterImpl-a940bac1-2636-4fb1-9232-9a814bb2953b/datanode-1/data/containers/hdds to VolumeSet
2019-09-25 11:53:20,295 [Thread-795] INFO  volume.ThrottledAsyncChecker (ThrottledAsyncChecker.java:schedule(139)) - Scheduling a check for org.apache.hadoop.ozone.container.common.volume.HddsVolume@4d61b692
2019-09-25 11:53:20,295 [Thread-795] INFO  volume.HddsVolumeChecker (HddsVolumeChecker.java:checkAllVolumes(202)) - Scheduled health check for volume org.apache.hadoop.ozone.container.common.volume.HddsVolume@4d61b692
2019-09-25 11:53:20,315 [Thread-795] INFO  impl.RaftServerProxy (ConfUtils.java:logGet(43)) - raft.rpc.type = GRPC (default)
2019-09-25 11:53:20,315 [Thread-795] INFO  grpc.GrpcFactory (GrpcFactory.java:checkPooledByteBufAllocatorUseCacheForAllThreads(45)) - PERFORMANCE WARNING: useCacheForAllThreads is true that may cause Netty to create a lot garbage objects and, as a result, trigger GC.
	It is recommended to disable useCacheForAllThreads by setting -Dorg.apache.ratis.thirdparty.io.netty.allocator.useCacheForAllThreads=false in command line.
2019-09-25 11:53:20,315 [Thread-795] INFO  grpc.GrpcConfigKeys$Server (ConfUtils.java:logGet(43)) - raft.grpc.server.port = 0 (default)
2019-09-25 11:53:20,316 [Thread-795] INFO  server.GrpcService (ConfUtils.java:logGet(43)) - raft.grpc.message.size.max = 33570816 (custom)
2019-09-25 11:53:20,316 [Thread-795] INFO  server.RaftServerConfigKeys (ConfUtils.java:logGet(43)) - raft.server.log.appender.buffer.byte-limit = 33554432 (custom)
2019-09-25 11:53:20,316 [Thread-795] INFO  server.GrpcService (ConfUtils.java:logGet(43)) - raft.grpc.flow.control.window = 1MB (=1048576) (default)
2019-09-25 11:53:20,316 [Thread-795] INFO  server.RaftServerConfigKeys (ConfUtils.java:logGet(43)) - raft.server.rpc.request.timeout = 3000ms (default)
2019-09-25 11:53:20,316 [Thread-795] INFO  server.RaftServerConfigKeys (ConfUtils.java:logGet(43)) - raft.server.storage.dir = [/workdir/hadoop-ozone/ozonefs/target/test-dir/MiniOzoneClusterImpl-a940bac1-2636-4fb1-9232-9a814bb2953b/datanode-1/data/ratis] (custom)
2019-09-25 11:53:20,317 [Thread-795] INFO  hdfs.DFSUtil (DFSUtil.java:httpServerTemplateForNNAndJN(1641)) - Starting Web-server for hddsDatanode at: http://0.0.0.0:0
2019-09-25 11:53:20,319 [Thread-795] INFO  server.AuthenticationFilter (AuthenticationFilter.java:constructSecretProvider(240)) - Unable to initialize FileSignerSecretProvider, falling back to use random secrets.
2019-09-25 11:53:20,319 [Thread-795] WARN  http.HttpRequestLog (HttpRequestLog.java:getRequestLog(97)) - Jetty request log can only be enabled using Log4j
2019-09-25 11:53:20,321 [Thread-795] INFO  http.HttpServer2 (HttpServer2.java:addGlobalFilter(975)) - Added global filter 'safety' (class=org.apache.hadoop.http.HttpServer2$QuotingInputFilter)
2019-09-25 11:53:20,321 [Thread-795] INFO  http.HttpServer2 (HttpServer2.java:addFilter(948)) - Added filter static_user_filter (class=org.apache.hadoop.http.lib.StaticUserWebFilter$StaticUserFilter) to context hddsDatanode
2019-09-25 11:53:20,321 [Thread-795] INFO  http.HttpServer2 (HttpServer2.java:addFilter(958)) - Added filter static_user_filter (class=org.apache.hadoop.http.lib.StaticUserWebFilter$StaticUserFilter) to context logs
2019-09-25 11:53:20,321 [Thread-795] INFO  http.HttpServer2 (HttpServer2.java:addFilter(958)) - Added filter static_user_filter (class=org.apache.hadoop.http.lib.StaticUserWebFilter$StaticUserFilter) to context static
2019-09-25 11:53:20,322 [Thread-795] INFO  http.HttpServer2 (HttpServer2.java:bindListener(1191)) - Jetty bound to port 38110
2019-09-25 11:53:20,322 [Thread-795] INFO  server.Server (Server.java:doStart(351)) - jetty-9.3.25.v20180904, build timestamp: 2018-09-04T21:11:46Z, git hash: 3ce520221d0240229c862b122d2b06c12a625732
2019-09-25 11:53:20,323 [Thread-795] INFO  handler.ContextHandler (ContextHandler.java:doStart(781)) - Started o.e.j.s.ServletContextHandler@4a77b516{/logs,file:///workdir/hadoop-ozone/ozonefs/target/log,AVAILABLE}
2019-09-25 11:53:20,324 [Thread-795] INFO  handler.ContextHandler (ContextHandler.java:doStart(781)) - Started o.e.j.s.ServletContextHandler@5e5712cb{/static,jar:file:/home/user/.m2/repository/org/apache/hadoop/hadoop-hdds-container-service/0.5.0-SNAPSHOT/hadoop-hdds-container-service-0.5.0-SNAPSHOT.jar!/webapps/static,AVAILABLE}
2019-09-25 11:53:20,352 [Thread-795] INFO  handler.ContextHandler (ContextHandler.java:doStart(781)) - Started o.e.j.w.WebAppContext@5df5dac9{/,file:///tmp/jetty-0.0.0.0-38110-hddsDatanode-_-any-767782561957871710.dir/webapp/,AVAILABLE}{/hddsDatanode}
2019-09-25 11:53:20,352 [Thread-795] INFO  server.AbstractConnector (AbstractConnector.java:doStart(278)) - Started ServerConnector@5af1895a{HTTP/1.1,[http/1.1]}{0.0.0.0:38110}
2019-09-25 11:53:20,354 [Thread-795] INFO  server.Server (Server.java:doStart(419)) - Started @57715ms
2019-09-25 11:53:20,354 [Thread-795] WARN  impl.MetricsSystemImpl (MetricsSystemImpl.java:register(276)) - Sink prometheus already exists!
2019-09-25 11:53:20,354 [Thread-795] INFO  server.BaseHttpServer (BaseHttpServer.java:updateConnectorAddress(215)) - HTTP server of HDDSDATANODE is listening at http://0.0.0.0:38110
2019-09-25 11:53:20,355 [Thread-795] INFO  impl.MetricsSystemImpl (MetricsSystemImpl.java:init(158)) - HddsDatanode metrics system started (again)
2019-09-25 11:53:20,357 [Thread-795] INFO  ozone.HddsDatanodeService (HddsDatanodeService.java:start(184)) - HddsDatanodeService host:pr-hdds-1569-5gmkr-4255264070 ip:192.168.30.6
2019-09-25 11:53:20,358 [org.apache.hadoop.util.JvmPauseMonitor$Monitor@1c501d9] INFO  util.JvmPauseMonitor (JvmPauseMonitor.java:run(188)) - Starting JVM pause monitor
2019-09-25 11:53:20,360 [Datanode State Machine Thread - 0] INFO  datanode.InitDatanodeState (InitDatanodeState.java:persistContainerDatanodeDetails(140)) - DatanodeDetails is persisted to /workdir/hadoop-ozone/ozonefs/target/test-dir/MiniOzoneClusterImpl-a940bac1-2636-4fb1-9232-9a814bb2953b/datanode-1/meta/datanode.id
2019-09-25 11:53:20,363 [Thread-795] INFO  volume.HddsVolume (HddsVolume.java:<init>(176)) - Creating Volume: /workdir/hadoop-ozone/ozonefs/target/test-dir/MiniOzoneClusterImpl-a940bac1-2636-4fb1-9232-9a814bb2953b/datanode-2/data/containers/hdds of  storage type : DISK and capacity : 1482555576320
2019-09-25 11:53:20,363 [Thread-795] INFO  volume.VolumeSet (VolumeSet.java:initializeVolumeSet(170)) - Added Volume : /workdir/hadoop-ozone/ozonefs/target/test-dir/MiniOzoneClusterImpl-a940bac1-2636-4fb1-9232-9a814bb2953b/datanode-2/data/containers/hdds to VolumeSet
2019-09-25 11:53:20,363 [Thread-795] INFO  volume.ThrottledAsyncChecker (ThrottledAsyncChecker.java:schedule(139)) - Scheduling a check for org.apache.hadoop.ozone.container.common.volume.HddsVolume@6a560ebe
2019-09-25 11:53:20,364 [Thread-795] INFO  volume.HddsVolumeChecker (HddsVolumeChecker.java:checkAllVolumes(202)) - Scheduled health check for volume org.apache.hadoop.ozone.container.common.volume.HddsVolume@6a560ebe
2019-09-25 11:53:20,382 [Thread-795] INFO  impl.RaftServerProxy (ConfUtils.java:logGet(43)) - raft.rpc.type = GRPC (default)
2019-09-25 11:53:20,382 [Thread-795] INFO  grpc.GrpcFactory (GrpcFactory.java:checkPooledByteBufAllocatorUseCacheForAllThreads(45)) - PERFORMANCE WARNING: useCacheForAllThreads is true that may cause Netty to create a lot garbage objects and, as a result, trigger GC.
	It is recommended to disable useCacheForAllThreads by setting -Dorg.apache.ratis.thirdparty.io.netty.allocator.useCacheForAllThreads=false in command line.
2019-09-25 11:53:20,382 [Thread-795] INFO  grpc.GrpcConfigKeys$Server (ConfUtils.java:logGet(43)) - raft.grpc.server.port = 0 (default)
2019-09-25 11:53:20,382 [Thread-795] INFO  server.GrpcService (ConfUtils.java:logGet(43)) - raft.grpc.message.size.max = 33570816 (custom)
2019-09-25 11:53:20,382 [Thread-795] INFO  server.RaftServerConfigKeys (ConfUtils.java:logGet(43)) - raft.server.log.appender.buffer.byte-limit = 33554432 (custom)
2019-09-25 11:53:20,383 [Thread-795] INFO  server.GrpcService (ConfUtils.java:logGet(43)) - raft.grpc.flow.control.window = 1MB (=1048576) (default)
2019-09-25 11:53:20,383 [Thread-795] INFO  server.RaftServerConfigKeys (ConfUtils.java:logGet(43)) - raft.server.rpc.request.timeout = 3000ms (default)
2019-09-25 11:53:20,383 [Thread-795] INFO  server.RaftServerConfigKeys (ConfUtils.java:logGet(43)) - raft.server.storage.dir = [/workdir/hadoop-ozone/ozonefs/target/test-dir/MiniOzoneClusterImpl-a940bac1-2636-4fb1-9232-9a814bb2953b/datanode-2/data/ratis] (custom)
2019-09-25 11:53:20,384 [Thread-795] INFO  hdfs.DFSUtil (DFSUtil.java:httpServerTemplateForNNAndJN(1641)) - Starting Web-server for hddsDatanode at: http://0.0.0.0:0
2019-09-25 11:53:20,385 [Thread-795] INFO  server.AuthenticationFilter (AuthenticationFilter.java:constructSecretProvider(240)) - Unable to initialize FileSignerSecretProvider, falling back to use random secrets.
2019-09-25 11:53:20,386 [Thread-795] WARN  http.HttpRequestLog (HttpRequestLog.java:getRequestLog(97)) - Jetty request log can only be enabled using Log4j
2019-09-25 11:53:20,387 [Thread-795] INFO  http.HttpServer2 (HttpServer2.java:addGlobalFilter(975)) - Added global filter 'safety' (class=org.apache.hadoop.http.HttpServer2$QuotingInputFilter)
2019-09-25 11:53:20,388 [Thread-795] INFO  http.HttpServer2 (HttpServer2.java:addFilter(948)) - Added filter static_user_filter (class=org.apache.hadoop.http.lib.StaticUserWebFilter$StaticUserFilter) to context hddsDatanode
2019-09-25 11:53:20,388 [Thread-795] INFO  http.HttpServer2 (HttpServer2.java:addFilter(958)) - Added filter static_user_filter (class=org.apache.hadoop.http.lib.StaticUserWebFilter$StaticUserFilter) to context static
2019-09-25 11:53:20,388 [Thread-795] INFO  http.HttpServer2 (HttpServer2.java:addFilter(958)) - Added filter static_user_filter (class=org.apache.hadoop.http.lib.StaticUserWebFilter$StaticUserFilter) to context logs
2019-09-25 11:53:20,388 [Thread-795] INFO  http.HttpServer2 (HttpServer2.java:bindListener(1191)) - Jetty bound to port 34878
2019-09-25 11:53:20,389 [Thread-795] INFO  server.Server (Server.java:doStart(351)) - jetty-9.3.25.v20180904, build timestamp: 2018-09-04T21:11:46Z, git hash: 3ce520221d0240229c862b122d2b06c12a625732
2019-09-25 11:53:20,390 [Thread-795] INFO  handler.ContextHandler (ContextHandler.java:doStart(781)) - Started o.e.j.s.ServletContextHandler@7db65088{/logs,file:///workdir/hadoop-ozone/ozonefs/target/log,AVAILABLE}
2019-09-25 11:53:20,390 [Thread-795] INFO  handler.ContextHandler (ContextHandler.java:doStart(781)) - Started o.e.j.s.ServletContextHandler@4ba08a05{/static,jar:file:/home/user/.m2/repository/org/apache/hadoop/hadoop-hdds-container-service/0.5.0-SNAPSHOT/hadoop-hdds-container-service-0.5.0-SNAPSHOT.jar!/webapps/static,AVAILABLE}
2019-09-25 11:53:20,414 [Thread-795] INFO  handler.ContextHandler (ContextHandler.java:doStart(781)) - Started o.e.j.w.WebAppContext@176cfac3{/,file:///tmp/jetty-0.0.0.0-34878-hddsDatanode-_-any-5556522395315289375.dir/webapp/,AVAILABLE}{/hddsDatanode}
2019-09-25 11:53:20,415 [Thread-795] INFO  server.AbstractConnector (AbstractConnector.java:doStart(278)) - Started ServerConnector@73ff097d{HTTP/1.1,[http/1.1]}{0.0.0.0:34878}
2019-09-25 11:53:20,416 [Thread-795] INFO  server.Server (Server.java:doStart(419)) - Started @57778ms
2019-09-25 11:53:20,416 [Thread-795] WARN  impl.MetricsSystemImpl (MetricsSystemImpl.java:register(276)) - Sink prometheus already exists!
2019-09-25 11:53:20,417 [Thread-795] INFO  server.BaseHttpServer (BaseHttpServer.java:updateConnectorAddress(215)) - HTTP server of HDDSDATANODE is listening at http://0.0.0.0:34878
2019-09-25 11:53:20,417 [Thread-795] INFO  ozone.MiniOzoneClusterImpl (MiniOzoneClusterImpl.java:lambda$waitForClusterToBeReady$0(147)) - Waiting for cluster to be ready. Got 0 of 3 DN Heartbeats.
2019-09-25 11:53:20,418 [org.apache.hadoop.util.JvmPauseMonitor$Monitor@4cfb26d3] INFO  util.JvmPauseMonitor (JvmPauseMonitor.java:run(188)) - Starting JVM pause monitor
2019-09-25 11:53:20,419 [Datanode State Machine Thread - 0] INFO  datanode.InitDatanodeState (InitDatanodeState.java:persistContainerDatanodeDetails(140)) - DatanodeDetails is persisted to /workdir/hadoop-ozone/ozonefs/target/test-dir/MiniOzoneClusterImpl-a940bac1-2636-4fb1-9232-9a814bb2953b/datanode-2/meta/datanode.id
2019-09-25 11:53:21,417 [Thread-795] INFO  ozone.MiniOzoneClusterImpl (MiniOzoneClusterImpl.java:lambda$waitForClusterToBeReady$0(147)) - Waiting for cluster to be ready. Got 0 of 3 DN Heartbeats.
2019-09-25 11:53:22,331 [Datanode State Machine Thread - 0] INFO  ozoneimpl.OzoneContainer (OzoneContainer.java:start(217)) - Attempting to start container services.
2019-09-25 11:53:22,331 [Datanode State Machine Thread - 0] INFO  ozoneimpl.OzoneContainer (OzoneContainer.java:startContainerScrub(179)) - Background container scanner has been disabled.
2019-09-25 11:53:22,331 [Datanode State Machine Thread - 0] INFO  ratis.XceiverServerRatis (XceiverServerRatis.java:start(411)) - Starting XceiverServerRatis a2397dbc-5a20-48b8-8cb9-3a858bdee3ad at port 0
2019-09-25 11:53:22,337 [Datanode State Machine Thread - 0] INFO  impl.RaftServerProxy (RaftServerProxy.java:lambda$start$3(299)) - a2397dbc-5a20-48b8-8cb9-3a858bdee3ad: start RPC server
2019-09-25 11:53:22,341 [Datanode State Machine Thread - 0] INFO  server.GrpcService (GrpcService.java:startImpl(158)) - a2397dbc-5a20-48b8-8cb9-3a858bdee3ad: GrpcService started, listening on 0.0.0.0/0.0.0.0:35798
2019-09-25 11:53:22,341 [Datanode State Machine Thread - 0] INFO  ratis.XceiverServerRatis (XceiverServerRatis.java:start(421)) - XceiverServerRatis a2397dbc-5a20-48b8-8cb9-3a858bdee3ad is started using port 35798
2019-09-25 11:53:22,347 [Datanode State Machine Thread - 0] INFO  server.XceiverServerGrpc (XceiverServerGrpc.java:start(149)) - XceiverServerGrpc a2397dbc-5a20-48b8-8cb9-3a858bdee3ad is started using port 44535
2019-09-25 11:53:22,375 [Datanode State Machine Thread - 0] INFO  ozoneimpl.OzoneContainer (OzoneContainer.java:start(217)) - Attempting to start container services.
2019-09-25 11:53:22,376 [Datanode State Machine Thread - 0] INFO  ozoneimpl.OzoneContainer (OzoneContainer.java:startContainerScrub(179)) - Background container scanner has been disabled.
2019-09-25 11:53:22,376 [Datanode State Machine Thread - 0] INFO  ratis.XceiverServerRatis (XceiverServerRatis.java:start(411)) - Starting XceiverServerRatis 2509016d-9eb6-46fa-8947-e5219391d1aa at port 0
2019-09-25 11:53:22,382 [Datanode State Machine Thread - 0] INFO  impl.RaftServerProxy (RaftServerProxy.java:lambda$start$3(299)) - 2509016d-9eb6-46fa-8947-e5219391d1aa: start RPC server
2019-09-25 11:53:22,383 [Datanode State Machine Thread - 0] INFO  server.GrpcService (GrpcService.java:startImpl(158)) - 2509016d-9eb6-46fa-8947-e5219391d1aa: GrpcService started, listening on 0.0.0.0/0.0.0.0:40930
2019-09-25 11:53:22,383 [Datanode State Machine Thread - 0] INFO  ratis.XceiverServerRatis (XceiverServerRatis.java:start(421)) - XceiverServerRatis 2509016d-9eb6-46fa-8947-e5219391d1aa is started using port 40930
2019-09-25 11:53:22,384 [Datanode State Machine Thread - 0] INFO  server.XceiverServerGrpc (XceiverServerGrpc.java:start(149)) - XceiverServerGrpc 2509016d-9eb6-46fa-8947-e5219391d1aa is started using port 40553
2019-09-25 11:53:22,418 [Thread-795] INFO  ozone.MiniOzoneClusterImpl (MiniOzoneClusterImpl.java:lambda$waitForClusterToBeReady$0(147)) - Waiting for cluster to be ready. Got 0 of 3 DN Heartbeats.
2019-09-25 11:53:22,448 [Datanode State Machine Thread - 0] INFO  ozoneimpl.OzoneContainer (OzoneContainer.java:start(217)) - Attempting to start container services.
2019-09-25 11:53:22,448 [Datanode State Machine Thread - 0] INFO  ozoneimpl.OzoneContainer (OzoneContainer.java:startContainerScrub(179)) - Background container scanner has been disabled.
2019-09-25 11:53:22,448 [Datanode State Machine Thread - 0] INFO  ratis.XceiverServerRatis (XceiverServerRatis.java:start(411)) - Starting XceiverServerRatis cccd6a07-ee63-4140-abb3-26c9cb0b576f at port 0
2019-09-25 11:53:22,453 [Datanode State Machine Thread - 0] INFO  impl.RaftServerProxy (RaftServerProxy.java:lambda$start$3(299)) - cccd6a07-ee63-4140-abb3-26c9cb0b576f: start RPC server
2019-09-25 11:53:22,454 [Datanode State Machine Thread - 0] INFO  server.GrpcService (GrpcService.java:startImpl(158)) - cccd6a07-ee63-4140-abb3-26c9cb0b576f: GrpcService started, listening on 0.0.0.0/0.0.0.0:46789
2019-09-25 11:53:22,454 [Datanode State Machine Thread - 0] INFO  ratis.XceiverServerRatis (XceiverServerRatis.java:start(421)) - XceiverServerRatis cccd6a07-ee63-4140-abb3-26c9cb0b576f is started using port 46789
2019-09-25 11:53:22,454 [Datanode State Machine Thread - 0] INFO  server.XceiverServerGrpc (XceiverServerGrpc.java:start(149)) - XceiverServerGrpc cccd6a07-ee63-4140-abb3-26c9cb0b576f is started using port 40014
2019-09-25 11:53:23,418 [Thread-795] INFO  ozone.MiniOzoneClusterImpl (MiniOzoneClusterImpl.java:lambda$waitForClusterToBeReady$0(147)) - Waiting for cluster to be ready. Got 0 of 3 DN Heartbeats.
2019-09-25 11:53:24,294 [IPC Server handler 0 on 33299] INFO  net.NetworkTopology (NetworkTopologyImpl.java:add(111)) - Added a new node: /default-rack/a2397dbc-5a20-48b8-8cb9-3a858bdee3ad
2019-09-25 11:53:24,297 [IPC Server handler 0 on 33299] INFO  node.SCMNodeManager (SCMNodeManager.java:register(266)) - Registered Data node : a2397dbc-5a20-48b8-8cb9-3a858bdee3ad{ip: 192.168.30.6, host: pr-hdds-1569-5gmkr-4255264070, networkLocation: /default-rack, certSerialId: null}
2019-09-25 11:53:24,298 [EventQueue-NodeRegistrationContainerReportForDataNodeSafeModeRule] INFO  safemode.SCMSafeModeManager (DataNodeSafeModeRule.java:process(71)) - SCM in safe mode. 1 DataNodes registered, 1 required.
2019-09-25 11:53:24,299 [EventQueue-NodeRegistrationContainerReportForDataNodeSafeModeRule] INFO  safemode.SCMSafeModeManager (SCMSafeModeManager.java:validateSafeModeExitRules(177)) - ScmSafeModeManager, all rules are successfully validated
2019-09-25 11:53:24,299 [EventQueue-NodeRegistrationContainerReportForDataNodeSafeModeRule] INFO  safemode.SCMSafeModeManager (SCMSafeModeManager.java:exitSafeMode(193)) - SCM exiting safe mode.
2019-09-25 11:53:24,315 [grpc-default-executor-0] INFO  impl.RaftServerProxy (RaftServerProxy.java:addNew(89)) - a2397dbc-5a20-48b8-8cb9-3a858bdee3ad: addNew group-11E844F3B80F:[a2397dbc-5a20-48b8-8cb9-3a858bdee3ad:192.168.30.6:35798] returns group-11E844F3B80F:java.util.concurrent.CompletableFuture@3ebaef15[Not completed]
2019-09-25 11:53:24,317 [pool-177-thread-1] INFO  impl.RaftServerImpl (RaftServerImpl.java:<init>(95)) - a2397dbc-5a20-48b8-8cb9-3a858bdee3ad: new RaftServerImpl for group-11E844F3B80F:[a2397dbc-5a20-48b8-8cb9-3a858bdee3ad:192.168.30.6:35798] with ContainerStateMachine:uninitialized
2019-09-25 11:53:24,317 [pool-177-thread-1] INFO  server.RaftServerConfigKeys (ConfUtils.java:logGet(43)) - raft.server.rpc.timeout.min = 5s (custom)
2019-09-25 11:53:24,317 [pool-177-thread-1] INFO  server.RaftServerConfigKeys (ConfUtils.java:logGet(43)) - raft.server.rpc.timeout.max = 5200ms (custom)
2019-09-25 11:53:24,317 [pool-177-thread-1] INFO  server.RaftServerConfigKeys (ConfUtils.java:logGet(43)) - raft.server.rpcslowness.timeout = 120s (custom)
2019-09-25 11:53:24,317 [pool-177-thread-1] INFO  server.RaftServerConfigKeys (ConfUtils.java:logGet(43)) - raft.server.sleep.deviation.threshold = 300 (default)
2019-09-25 11:53:24,318 [pool-177-thread-1] INFO  server.RaftServerConfigKeys (ConfUtils.java:logGet(43)) - raft.server.log.appender.install.snapshot.enabled = false (custom)
2019-09-25 11:53:24,318 [pool-177-thread-1] INFO  impl.RaftServerImpl (ServerState.java:<init>(103)) - a2397dbc-5a20-48b8-8cb9-3a858bdee3ad@group-11E844F3B80F: ConfigurationManager, init=-1: [a2397dbc-5a20-48b8-8cb9-3a858bdee3ad:192.168.30.6:35798], old=null, confs=<EMPTY_MAP>
2019-09-25 11:53:24,318 [pool-177-thread-1] INFO  server.RaftServerConfigKeys (ConfUtils.java:logGet(43)) - raft.server.storage.dir = [/workdir/hadoop-ozone/ozonefs/target/test-dir/MiniOzoneClusterImpl-a940bac1-2636-4fb1-9232-9a814bb2953b/datanode-0/data/ratis] (custom)
2019-09-25 11:53:24,319 [pool-177-thread-1] INFO  storage.RaftStorageDirectory (RaftStorageDirectory.java:analyzeStorage(246)) - The storage directory /workdir/hadoop-ozone/ozonefs/target/test-dir/MiniOzoneClusterImpl-a940bac1-2636-4fb1-9232-9a814bb2953b/datanode-0/data/ratis/6358b14e-6595-4c66-9837-11e844f3b80f does not exist. Creating ...
2019-09-25 11:53:24,332 [pool-177-thread-1] INFO  storage.RaftStorageDirectory (RaftStorageDirectory.java:tryLock(328)) - Lock on /workdir/hadoop-ozone/ozonefs/target/test-dir/MiniOzoneClusterImpl-a940bac1-2636-4fb1-9232-9a814bb2953b/datanode-0/data/ratis/6358b14e-6595-4c66-9837-11e844f3b80f/in_use.lock acquired by nodename 25060@pr-hdds-1569-5gmkr-4255264070
2019-09-25 11:53:24,345 [pool-177-thread-1] INFO  storage.RaftStorage (RaftStorage.java:format(72)) - Storage directory /workdir/hadoop-ozone/ozonefs/target/test-dir/MiniOzoneClusterImpl-a940bac1-2636-4fb1-9232-9a814bb2953b/datanode-0/data/ratis/6358b14e-6595-4c66-9837-11e844f3b80f has been successfully formatted.
2019-09-25 11:53:24,345 [pool-177-thread-1] INFO  ratis.ContainerStateMachine (ContainerStateMachine.java:loadSnapshot(230)) - group-11E844F3B80F: The snapshot info is null. Setting the last applied indexto:(t:0, i:~)
2019-09-25 11:53:24,346 [pool-177-thread-1] INFO  server.RaftServerConfigKeys (ConfUtils.java:logGet(43)) - raft.server.notification.no-leader.timeout = 120s (custom)
2019-09-25 11:53:24,346 [pool-177-thread-1] INFO  server.RaftServerConfigKeys (ConfUtils.java:logGet(43)) - raft.server.log.use.memory = false (default)
2019-09-25 11:53:24,346 [pool-177-thread-1] INFO  server.RaftServerConfigKeys (ConfUtils.java:logGet(43)) - raft.server.log.purge.gap = 1000000 (custom)
2019-09-25 11:53:24,346 [pool-177-thread-1] INFO  server.RaftServerConfigKeys (ConfUtils.java:logGet(43)) - raft.server.log.appender.buffer.byte-limit = 33554432 (custom)
2019-09-25 11:53:24,346 [pool-177-thread-1] INFO  server.RaftServerConfigKeys (ConfUtils.java:logGet(43)) - raft.server.log.segment.size.max = 1048576 (custom)
2019-09-25 11:53:24,346 [pool-177-thread-1] INFO  server.RaftServerConfigKeys (ConfUtils.java:logGet(43)) - raft.server.log.segment.cache.num.max = 2 (custom)
2019-09-25 11:53:24,347 [pool-177-thread-1] INFO  segmented.SegmentedRaftLogWorker (SegmentedRaftLogWorker.java:<init>(172)) - new a2397dbc-5a20-48b8-8cb9-3a858bdee3ad@group-11E844F3B80F-SegmentedRaftLogWorker for RaftStorage:Storage Directory /workdir/hadoop-ozone/ozonefs/target/test-dir/MiniOzoneClusterImpl-a940bac1-2636-4fb1-9232-9a814bb2953b/datanode-0/data/ratis/6358b14e-6595-4c66-9837-11e844f3b80f
2019-09-25 11:53:24,348 [pool-177-thread-1] INFO  server.RaftServerConfigKeys (ConfUtils.java:logGet(43)) - raft.server.log.queue.byte-limit = 2147483647 (custom)
2019-09-25 11:53:24,349 [pool-177-thread-1] INFO  server.RaftServerConfigKeys (ConfUtils.java:logGet(43)) - raft.server.log.queue.element-limit = 1024 (custom)
2019-09-25 11:53:24,349 [pool-177-thread-1] INFO  server.RaftServerConfigKeys (ConfUtils.java:logGet(43)) - raft.server.log.segment.size.max = 1048576 (custom)
2019-09-25 11:53:24,349 [pool-177-thread-1] INFO  server.RaftServerConfigKeys (ConfUtils.java:logGet(43)) - raft.server.log.preallocated.size = 16384 (custom)
2019-09-25 11:53:24,349 [pool-177-thread-1] INFO  server.RaftServerConfigKeys (ConfUtils.java:logGet(43)) - raft.server.log.write.buffer.size = 33554432 (custom)
2019-09-25 11:53:24,349 [pool-177-thread-1] INFO  server.RaftServerConfigKeys (ConfUtils.java:logGet(43)) - raft.server.log.force.sync.num = 128 (default)
2019-09-25 11:53:24,349 [pool-177-thread-1] INFO  server.RaftServerConfigKeys (ConfUtils.java:logGet(43)) - raft.server.log.statemachine.data.sync = true (default)
2019-09-25 11:53:24,350 [pool-177-thread-1] INFO  server.RaftServerConfigKeys (ConfUtils.java:logGet(43)) - raft.server.log.statemachine.data.sync.timeout = 10s (default)
2019-09-25 11:53:24,350 [pool-177-thread-1] INFO  server.RaftServerConfigKeys (ConfUtils.java:logGet(43)) - raft.server.log.statemachine.data.sync.timeout.retry = -1 (default)
2019-09-25 11:53:24,350 [pool-177-thread-1] INFO  server.RaftServerConfigKeys (ConfUtils.java:logGet(43)) - raft.server.log.statemachine.data.caching.enabled = true (custom)
2019-09-25 11:53:24,350 [pool-177-thread-1] INFO  segmented.SegmentedRaftLogWorker (SegmentedRaftLogWorker.java:lambda$new$0(132)) - a2397dbc-5a20-48b8-8cb9-3a858bdee3ad@group-11E844F3B80F-SegmentedRaftLogWorker: flushIndex: setUnconditionally 0 -> -1
2019-09-25 11:53:24,351 [pool-177-thread-1] INFO  server.RaftServerConfigKeys (ConfUtils.java:logGet(43)) - raft.server.snapshot.auto.trigger.enabled = true (custom)
2019-09-25 11:53:24,351 [pool-177-thread-1] INFO  server.RaftServerConfigKeys (ConfUtils.java:logGet(43)) - raft.server.snapshot.auto.trigger.threshold = 10000 (custom)
2019-09-25 11:53:24,351 [pool-177-thread-1] INFO  server.RaftServerConfigKeys (ConfUtils.java:logGet(43)) - raft.server.snapshot.retention.num.files = 5 (custom)
2019-09-25 11:53:24,351 [pool-177-thread-1] INFO  server.RaftServerConfigKeys (ConfUtils.java:logGet(43)) - raft.server.retrycache.expirytime = 600000ms (custom)
2019-09-25 11:53:24,353 [pool-177-thread-1] INFO  impl.RaftServerImpl (RaftServerImpl.java:start(185)) - a2397dbc-5a20-48b8-8cb9-3a858bdee3ad@group-11E844F3B80F: start as a follower, conf=-1: [a2397dbc-5a20-48b8-8cb9-3a858bdee3ad:192.168.30.6:35798], old=null
2019-09-25 11:53:24,354 [pool-177-thread-1] INFO  impl.RaftServerImpl (RaftServerImpl.java:setRole(174)) - a2397dbc-5a20-48b8-8cb9-3a858bdee3ad@group-11E844F3B80F: changes role from      null to FOLLOWER at term 0 for startAsFollower
2019-09-25 11:53:24,354 [pool-177-thread-1] INFO  impl.RoleInfo (RoleInfo.java:updateAndGet(143)) - a2397dbc-5a20-48b8-8cb9-3a858bdee3ad: start FollowerState
2019-09-25 11:53:24,354 [pool-177-thread-1] INFO  util.JmxRegister (JmxRegister.java:tryRegister(44)) - Successfully registered JMX Bean with object name Ratis:service=RaftServer,group=group-11E844F3B80F,id=a2397dbc-5a20-48b8-8cb9-3a858bdee3ad
2019-09-25 11:53:24,359 [RatisPipelineUtilsThread] INFO  pipeline.PipelineStateManager (PipelineStateManager.java:addPipeline(56)) - Created pipeline Pipeline[ Id: 6358b14e-6595-4c66-9837-11e844f3b80f, Nodes: a2397dbc-5a20-48b8-8cb9-3a858bdee3ad{ip: 192.168.30.6, host: pr-hdds-1569-5gmkr-4255264070, networkLocation: /default-rack, certSerialId: null}, Type:RATIS, Factor:ONE, State:OPEN]
2019-09-25 11:53:24,360 [IPC Server handler 1 on 33299] INFO  net.NetworkTopology (NetworkTopologyImpl.java:add(111)) - Added a new node: /default-rack/2509016d-9eb6-46fa-8947-e5219391d1aa
2019-09-25 11:53:24,361 [IPC Server handler 1 on 33299] INFO  node.SCMNodeManager (SCMNodeManager.java:register(266)) - Registered Data node : 2509016d-9eb6-46fa-8947-e5219391d1aa{ip: 192.168.30.6, host: pr-hdds-1569-5gmkr-4255264070, networkLocation: /default-rack, certSerialId: null}
2019-09-25 11:53:24,366 [grpc-default-executor-0] INFO  impl.RaftServerProxy (RaftServerProxy.java:addNew(89)) - a2397dbc-5a20-48b8-8cb9-3a858bdee3ad: addNew group-127FDEDD0CC3:[a2397dbc-5a20-48b8-8cb9-3a858bdee3ad:192.168.30.6:35798] returns group-127FDEDD0CC3:java.util.concurrent.CompletableFuture@f4e944e[Not completed]
2019-09-25 11:53:24,367 [pool-177-thread-1] INFO  impl.RaftServerImpl (RaftServerImpl.java:<init>(95)) - a2397dbc-5a20-48b8-8cb9-3a858bdee3ad: new RaftServerImpl for group-127FDEDD0CC3:[a2397dbc-5a20-48b8-8cb9-3a858bdee3ad:192.168.30.6:35798] with ContainerStateMachine:uninitialized
2019-09-25 11:53:24,367 [pool-177-thread-1] INFO  server.RaftServerConfigKeys (ConfUtils.java:logGet(43)) - raft.server.rpc.timeout.min = 5s (custom)
2019-09-25 11:53:24,367 [pool-177-thread-1] INFO  server.RaftServerConfigKeys (ConfUtils.java:logGet(43)) - raft.server.rpc.timeout.max = 5200ms (custom)
2019-09-25 11:53:24,367 [pool-177-thread-1] INFO  server.RaftServerConfigKeys (ConfUtils.java:logGet(43)) - raft.server.rpcslowness.timeout = 120s (custom)
2019-09-25 11:53:24,368 [pool-177-thread-1] INFO  server.RaftServerConfigKeys (ConfUtils.java:logGet(43)) - raft.server.sleep.deviation.threshold = 300 (default)
2019-09-25 11:53:24,368 [pool-177-thread-1] INFO  server.RaftServerConfigKeys (ConfUtils.java:logGet(43)) - raft.server.log.appender.install.snapshot.enabled = false (custom)
2019-09-25 11:53:24,368 [pool-177-thread-1] INFO  impl.RaftServerImpl (ServerState.java:<init>(103)) - a2397dbc-5a20-48b8-8cb9-3a858bdee3ad@group-127FDEDD0CC3: ConfigurationManager, init=-1: [a2397dbc-5a20-48b8-8cb9-3a858bdee3ad:192.168.30.6:35798], old=null, confs=<EMPTY_MAP>
2019-09-25 11:53:24,368 [pool-177-thread-1] INFO  server.RaftServerConfigKeys (ConfUtils.java:logGet(43)) - raft.server.storage.dir = [/workdir/hadoop-ozone/ozonefs/target/test-dir/MiniOzoneClusterImpl-a940bac1-2636-4fb1-9232-9a814bb2953b/datanode-0/data/ratis] (custom)
2019-09-25 11:53:24,368 [pool-177-thread-1] INFO  storage.RaftStorageDirectory (RaftStorageDirectory.java:analyzeStorage(246)) - The storage directory /workdir/hadoop-ozone/ozonefs/target/test-dir/MiniOzoneClusterImpl-a940bac1-2636-4fb1-9232-9a814bb2953b/datanode-0/data/ratis/de6ec87f-e77d-47b0-9032-127fdedd0cc3 does not exist. Creating ...
2019-09-25 11:53:24,381 [pool-177-thread-1] INFO  storage.RaftStorageDirectory (RaftStorageDirectory.java:tryLock(328)) - Lock on /workdir/hadoop-ozone/ozonefs/target/test-dir/MiniOzoneClusterImpl-a940bac1-2636-4fb1-9232-9a814bb2953b/datanode-0/data/ratis/de6ec87f-e77d-47b0-9032-127fdedd0cc3/in_use.lock acquired by nodename 25060@pr-hdds-1569-5gmkr-4255264070
2019-09-25 11:53:24,394 [pool-177-thread-1] INFO  storage.RaftStorage (RaftStorage.java:format(72)) - Storage directory /workdir/hadoop-ozone/ozonefs/target/test-dir/MiniOzoneClusterImpl-a940bac1-2636-4fb1-9232-9a814bb2953b/datanode-0/data/ratis/de6ec87f-e77d-47b0-9032-127fdedd0cc3 has been successfully formatted.
2019-09-25 11:53:24,395 [pool-177-thread-1] INFO  ratis.ContainerStateMachine (ContainerStateMachine.java:loadSnapshot(230)) - group-127FDEDD0CC3: The snapshot info is null. Setting the last applied indexto:(t:0, i:~)
2019-09-25 11:53:24,395 [pool-177-thread-1] INFO  server.RaftServerConfigKeys (ConfUtils.java:logGet(43)) - raft.server.notification.no-leader.timeout = 120s (custom)
2019-09-25 11:53:24,395 [pool-177-thread-1] INFO  server.RaftServerConfigKeys (ConfUtils.java:logGet(43)) - raft.server.log.use.memory = false (default)
2019-09-25 11:53:24,395 [pool-177-thread-1] INFO  server.RaftServerConfigKeys (ConfUtils.java:logGet(43)) - raft.server.log.purge.gap = 1000000 (custom)
2019-09-25 11:53:24,395 [pool-177-thread-1] INFO  server.RaftServerConfigKeys (ConfUtils.java:logGet(43)) - raft.server.log.appender.buffer.byte-limit = 33554432 (custom)
2019-09-25 11:53:24,395 [pool-177-thread-1] INFO  server.RaftServerConfigKeys (ConfUtils.java:logGet(43)) - raft.server.log.segment.size.max = 1048576 (custom)
2019-09-25 11:53:24,396 [pool-177-thread-1] INFO  server.RaftServerConfigKeys (ConfUtils.java:logGet(43)) - raft.server.log.segment.cache.num.max = 2 (custom)
2019-09-25 11:53:24,396 [pool-177-thread-1] INFO  segmented.SegmentedRaftLogWorker (SegmentedRaftLogWorker.java:<init>(172)) - new a2397dbc-5a20-48b8-8cb9-3a858bdee3ad@group-127FDEDD0CC3-SegmentedRaftLogWorker for RaftStorage:Storage Directory /workdir/hadoop-ozone/ozonefs/target/test-dir/MiniOzoneClusterImpl-a940bac1-2636-4fb1-9232-9a814bb2953b/datanode-0/data/ratis/de6ec87f-e77d-47b0-9032-127fdedd0cc3
2019-09-25 11:53:24,396 [pool-177-thread-1] INFO  server.RaftServerConfigKeys (ConfUtils.java:logGet(43)) - raft.server.log.queue.byte-limit = 2147483647 (custom)
2019-09-25 11:53:24,396 [pool-177-thread-1] INFO  server.RaftServerConfigKeys (ConfUtils.java:logGet(43)) - raft.server.log.queue.element-limit = 1024 (custom)
2019-09-25 11:53:24,396 [pool-177-thread-1] INFO  server.RaftServerConfigKeys (ConfUtils.java:logGet(43)) - raft.server.log.segment.size.max = 1048576 (custom)
2019-09-25 11:53:24,396 [pool-177-thread-1] INFO  server.RaftServerConfigKeys (ConfUtils.java:logGet(43)) - raft.server.log.preallocated.size = 16384 (custom)
2019-09-25 11:53:24,396 [pool-177-thread-1] INFO  server.RaftServerConfigKeys (ConfUtils.java:logGet(43)) - raft.server.log.write.buffer.size = 33554432 (custom)
2019-09-25 11:53:24,397 [pool-177-thread-1] INFO  server.RaftServerConfigKeys (ConfUtils.java:logGet(43)) - raft.server.log.force.sync.num = 128 (default)
2019-09-25 11:53:24,397 [pool-177-thread-1] INFO  server.RaftServerConfigKeys (ConfUtils.java:logGet(43)) - raft.server.log.statemachine.data.sync = true (default)
2019-09-25 11:53:24,397 [pool-177-thread-1] INFO  server.RaftServerConfigKeys (ConfUtils.java:logGet(43)) - raft.server.log.statemachine.data.sync.timeout = 10s (default)
2019-09-25 11:53:24,397 [pool-177-thread-1] INFO  server.RaftServerConfigKeys (ConfUtils.java:logGet(43)) - raft.server.log.statemachine.data.sync.timeout.retry = -1 (default)
2019-09-25 11:53:24,397 [pool-177-thread-1] INFO  server.RaftServerConfigKeys (ConfUtils.java:logGet(43)) - raft.server.log.statemachine.data.caching.enabled = true (custom)
2019-09-25 11:53:24,397 [pool-177-thread-1] INFO  segmented.SegmentedRaftLogWorker (SegmentedRaftLogWorker.java:lambda$new$0(132)) - a2397dbc-5a20-48b8-8cb9-3a858bdee3ad@group-127FDEDD0CC3-SegmentedRaftLogWorker: flushIndex: setUnconditionally 0 -> -1
2019-09-25 11:53:24,398 [pool-177-thread-1] INFO  server.RaftServerConfigKeys (ConfUtils.java:logGet(43)) - raft.server.snapshot.auto.trigger.enabled = true (custom)
2019-09-25 11:53:24,398 [pool-177-thread-1] INFO  server.RaftServerConfigKeys (ConfUtils.java:logGet(43)) - raft.server.snapshot.auto.trigger.threshold = 10000 (custom)
2019-09-25 11:53:24,398 [pool-177-thread-1] INFO  server.RaftServerConfigKeys (ConfUtils.java:logGet(43)) - raft.server.snapshot.retention.num.files = 5 (custom)
2019-09-25 11:53:24,398 [pool-177-thread-1] INFO  server.RaftServerConfigKeys (ConfUtils.java:logGet(43)) - raft.server.retrycache.expirytime = 600000ms (custom)
2019-09-25 11:53:24,400 [pool-177-thread-1] INFO  impl.RaftServerImpl (RaftServerImpl.java:start(185)) - a2397dbc-5a20-48b8-8cb9-3a858bdee3ad@group-127FDEDD0CC3: start as a follower, conf=-1: [a2397dbc-5a20-48b8-8cb9-3a858bdee3ad:192.168.30.6:35798], old=null
2019-09-25 11:53:24,400 [pool-177-thread-1] INFO  impl.RaftServerImpl (RaftServerImpl.java:setRole(174)) - a2397dbc-5a20-48b8-8cb9-3a858bdee3ad@group-127FDEDD0CC3: changes role from      null to FOLLOWER at term 0 for startAsFollower
2019-09-25 11:53:24,401 [pool-177-thread-1] INFO  impl.RoleInfo (RoleInfo.java:updateAndGet(143)) - a2397dbc-5a20-48b8-8cb9-3a858bdee3ad: start FollowerState
2019-09-25 11:53:24,401 [pool-177-thread-1] INFO  util.JmxRegister (JmxRegister.java:tryRegister(44)) - Successfully registered JMX Bean with object name Ratis:service=RaftServer,group=group-127FDEDD0CC3,id=a2397dbc-5a20-48b8-8cb9-3a858bdee3ad
2019-09-25 11:53:24,403 [RatisPipelineUtilsThread] INFO  pipeline.PipelineStateManager (PipelineStateManager.java:addPipeline(56)) - Created pipeline Pipeline[ Id: de6ec87f-e77d-47b0-9032-127fdedd0cc3, Nodes: a2397dbc-5a20-48b8-8cb9-3a858bdee3ad{ip: 192.168.30.6, host: pr-hdds-1569-5gmkr-4255264070, networkLocation: /default-rack, certSerialId: null}, Type:RATIS, Factor:ONE, State:OPEN]
2019-09-25 11:53:24,410 [grpc-default-executor-0] INFO  impl.RaftServerProxy (RaftServerProxy.java:addNew(89)) - a2397dbc-5a20-48b8-8cb9-3a858bdee3ad: addNew group-9688349754E9:[a2397dbc-5a20-48b8-8cb9-3a858bdee3ad:192.168.30.6:35798] returns group-9688349754E9:java.util.concurrent.CompletableFuture@5e95105a[Not completed]
2019-09-25 11:53:24,411 [pool-177-thread-1] INFO  impl.RaftServerImpl (RaftServerImpl.java:<init>(95)) - a2397dbc-5a20-48b8-8cb9-3a858bdee3ad: new RaftServerImpl for group-9688349754E9:[a2397dbc-5a20-48b8-8cb9-3a858bdee3ad:192.168.30.6:35798] with ContainerStateMachine:uninitialized
2019-09-25 11:53:24,411 [pool-177-thread-1] INFO  server.RaftServerConfigKeys (ConfUtils.java:logGet(43)) - raft.server.rpc.timeout.min = 5s (custom)
2019-09-25 11:53:24,411 [pool-177-thread-1] INFO  server.RaftServerConfigKeys (ConfUtils.java:logGet(43)) - raft.server.rpc.timeout.max = 5200ms (custom)
2019-09-25 11:53:24,412 [pool-177-thread-1] INFO  server.RaftServerConfigKeys (ConfUtils.java:logGet(43)) - raft.server.rpcslowness.timeout = 120s (custom)
2019-09-25 11:53:24,412 [pool-177-thread-1] INFO  server.RaftServerConfigKeys (ConfUtils.java:logGet(43)) - raft.server.sleep.deviation.threshold = 300 (default)
2019-09-25 11:53:24,412 [pool-177-thread-1] INFO  server.RaftServerConfigKeys (ConfUtils.java:logGet(43)) - raft.server.log.appender.install.snapshot.enabled = false (custom)
2019-09-25 11:53:24,412 [pool-177-thread-1] INFO  impl.RaftServerImpl (ServerState.java:<init>(103)) - a2397dbc-5a20-48b8-8cb9-3a858bdee3ad@group-9688349754E9: ConfigurationManager, init=-1: [a2397dbc-5a20-48b8-8cb9-3a858bdee3ad:192.168.30.6:35798], old=null, confs=<EMPTY_MAP>
2019-09-25 11:53:24,412 [pool-177-thread-1] INFO  server.RaftServerConfigKeys (ConfUtils.java:logGet(43)) - raft.server.storage.dir = [/workdir/hadoop-ozone/ozonefs/target/test-dir/MiniOzoneClusterImpl-a940bac1-2636-4fb1-9232-9a814bb2953b/datanode-0/data/ratis] (custom)
2019-09-25 11:53:24,413 [pool-177-thread-1] INFO  storage.RaftStorageDirectory (RaftStorageDirectory.java:analyzeStorage(246)) - The storage directory /workdir/hadoop-ozone/ozonefs/target/test-dir/MiniOzoneClusterImpl-a940bac1-2636-4fb1-9232-9a814bb2953b/datanode-0/data/ratis/a7c87608-db51-4fbf-b44e-9688349754e9 does not exist. Creating ...
2019-09-25 11:53:24,419 [Thread-795] INFO  ozone.MiniOzoneClusterImpl (MiniOzoneClusterImpl.java:lambda$waitForClusterToBeReady$0(147)) - Waiting for cluster to be ready. Got 2 of 3 DN Heartbeats.
2019-09-25 11:53:24,419 [IPC Server handler 2 on 33299] INFO  net.NetworkTopology (NetworkTopologyImpl.java:add(111)) - Added a new node: /default-rack/cccd6a07-ee63-4140-abb3-26c9cb0b576f
2019-09-25 11:53:24,419 [IPC Server handler 2 on 33299] INFO  node.SCMNodeManager (SCMNodeManager.java:register(266)) - Registered Data node : cccd6a07-ee63-4140-abb3-26c9cb0b576f{ip: 192.168.30.6, host: pr-hdds-1569-5gmkr-4255264070, networkLocation: /default-rack, certSerialId: null}
2019-09-25 11:53:24,425 [pool-177-thread-1] INFO  storage.RaftStorageDirectory (RaftStorageDirectory.java:tryLock(328)) - Lock on /workdir/hadoop-ozone/ozonefs/target/test-dir/MiniOzoneClusterImpl-a940bac1-2636-4fb1-9232-9a814bb2953b/datanode-0/data/ratis/a7c87608-db51-4fbf-b44e-9688349754e9/in_use.lock acquired by nodename 25060@pr-hdds-1569-5gmkr-4255264070
2019-09-25 11:53:24,438 [pool-177-thread-1] INFO  storage.RaftStorage (RaftStorage.java:format(72)) - Storage directory /workdir/hadoop-ozone/ozonefs/target/test-dir/MiniOzoneClusterImpl-a940bac1-2636-4fb1-9232-9a814bb2953b/datanode-0/data/ratis/a7c87608-db51-4fbf-b44e-9688349754e9 has been successfully formatted.
2019-09-25 11:53:24,439 [pool-177-thread-1] INFO  ratis.ContainerStateMachine (ContainerStateMachine.java:loadSnapshot(230)) - group-9688349754E9: The snapshot info is null. Setting the last applied indexto:(t:0, i:~)
2019-09-25 11:53:24,439 [pool-177-thread-1] INFO  server.RaftServerConfigKeys (ConfUtils.java:logGet(43)) - raft.server.notification.no-leader.timeout = 120s (custom)
2019-09-25 11:53:24,439 [pool-177-thread-1] INFO  server.RaftServerConfigKeys (ConfUtils.java:logGet(43)) - raft.server.log.use.memory = false (default)
2019-09-25 11:53:24,439 [pool-177-thread-1] INFO  server.RaftServerConfigKeys (ConfUtils.java:logGet(43)) - raft.server.log.purge.gap = 1000000 (custom)
2019-09-25 11:53:24,439 [pool-177-thread-1] INFO  server.RaftServerConfigKeys (ConfUtils.java:logGet(43)) - raft.server.log.appender.buffer.byte-limit = 33554432 (custom)
2019-09-25 11:53:24,439 [pool-177-thread-1] INFO  server.RaftServerConfigKeys (ConfUtils.java:logGet(43)) - raft.server.log.segment.size.max = 1048576 (custom)
2019-09-25 11:53:24,439 [pool-177-thread-1] INFO  server.RaftServerConfigKeys (ConfUtils.java:logGet(43)) - raft.server.log.segment.cache.num.max = 2 (custom)
2019-09-25 11:53:24,440 [pool-177-thread-1] INFO  segmented.SegmentedRaftLogWorker (SegmentedRaftLogWorker.java:<init>(172)) - new a2397dbc-5a20-48b8-8cb9-3a858bdee3ad@group-9688349754E9-SegmentedRaftLogWorker for RaftStorage:Storage Directory /workdir/hadoop-ozone/ozonefs/target/test-dir/MiniOzoneClusterImpl-a940bac1-2636-4fb1-9232-9a814bb2953b/datanode-0/data/ratis/a7c87608-db51-4fbf-b44e-9688349754e9
2019-09-25 11:53:24,440 [pool-177-thread-1] INFO  server.RaftServerConfigKeys (ConfUtils.java:logGet(43)) - raft.server.log.queue.byte-limit = 2147483647 (custom)
2019-09-25 11:53:24,440 [pool-177-thread-1] INFO  server.RaftServerConfigKeys (ConfUtils.java:logGet(43)) - raft.server.log.queue.element-limit = 1024 (custom)
2019-09-25 11:53:24,440 [pool-177-thread-1] INFO  server.RaftServerConfigKeys (ConfUtils.java:logGet(43)) - raft.server.log.segment.size.max = 1048576 (custom)
2019-09-25 11:53:24,440 [pool-177-thread-1] INFO  server.RaftServerConfigKeys (ConfUtils.java:logGet(43)) - raft.server.log.preallocated.size = 16384 (custom)
2019-09-25 11:53:24,440 [pool-177-thread-1] INFO  server.RaftServerConfigKeys (ConfUtils.java:logGet(43)) - raft.server.log.write.buffer.size = 33554432 (custom)
2019-09-25 11:53:24,440 [pool-177-thread-1] INFO  server.RaftServerConfigKeys (ConfUtils.java:logGet(43)) - raft.server.log.force.sync.num = 128 (default)
2019-09-25 11:53:24,440 [pool-177-thread-1] INFO  server.RaftServerConfigKeys (ConfUtils.java:logGet(43)) - raft.server.log.statemachine.data.sync = true (default)
2019-09-25 11:53:24,441 [pool-177-thread-1] INFO  server.RaftServerConfigKeys (ConfUtils.java:logGet(43)) - raft.server.log.statemachine.data.sync.timeout = 10s (default)
2019-09-25 11:53:24,441 [pool-177-thread-1] INFO  server.RaftServerConfigKeys (ConfUtils.java:logGet(43)) - raft.server.log.statemachine.data.sync.timeout.retry = -1 (default)
2019-09-25 11:53:24,441 [pool-177-thread-1] INFO  server.RaftServerConfigKeys (ConfUtils.java:logGet(43)) - raft.server.log.statemachine.data.caching.enabled = true (custom)
2019-09-25 11:53:24,441 [pool-177-thread-1] INFO  segmented.SegmentedRaftLogWorker (SegmentedRaftLogWorker.java:lambda$new$0(132)) - a2397dbc-5a20-48b8-8cb9-3a858bdee3ad@group-9688349754E9-SegmentedRaftLogWorker: flushIndex: setUnconditionally 0 -> -1
2019-09-25 11:53:24,442 [pool-177-thread-1] INFO  server.RaftServerConfigKeys (ConfUtils.java:logGet(43)) - raft.server.snapshot.auto.trigger.enabled = true (custom)
2019-09-25 11:53:24,442 [pool-177-thread-1] INFO  server.RaftServerConfigKeys (ConfUtils.java:logGet(43)) - raft.server.snapshot.auto.trigger.threshold = 10000 (custom)
2019-09-25 11:53:24,442 [pool-177-thread-1] INFO  server.RaftServerConfigKeys (ConfUtils.java:logGet(43)) - raft.server.snapshot.retention.num.files = 5 (custom)
2019-09-25 11:53:24,442 [pool-177-thread-1] INFO  server.RaftServerConfigKeys (ConfUtils.java:logGet(43)) - raft.server.retrycache.expirytime = 600000ms (custom)
2019-09-25 11:53:24,444 [pool-177-thread-1] INFO  impl.RaftServerImpl (RaftServerImpl.java:start(185)) - a2397dbc-5a20-48b8-8cb9-3a858bdee3ad@group-9688349754E9: start as a follower, conf=-1: [a2397dbc-5a20-48b8-8cb9-3a858bdee3ad:192.168.30.6:35798], old=null
2019-09-25 11:53:24,444 [pool-177-thread-1] INFO  impl.RaftServerImpl (RaftServerImpl.java:setRole(174)) - a2397dbc-5a20-48b8-8cb9-3a858bdee3ad@group-9688349754E9: changes role from      null to FOLLOWER at term 0 for startAsFollower
2019-09-25 11:53:24,444 [pool-177-thread-1] INFO  impl.RoleInfo (RoleInfo.java:updateAndGet(143)) - a2397dbc-5a20-48b8-8cb9-3a858bdee3ad: start FollowerState
2019-09-25 11:53:24,445 [pool-177-thread-1] INFO  util.JmxRegister (JmxRegister.java:tryRegister(44)) - Successfully registered JMX Bean with object name Ratis:service=RaftServer,group=group-9688349754E9,id=a2397dbc-5a20-48b8-8cb9-3a858bdee3ad
2019-09-25 11:53:24,448 [RatisPipelineUtilsThread] INFO  pipeline.PipelineStateManager (PipelineStateManager.java:addPipeline(56)) - Created pipeline Pipeline[ Id: a7c87608-db51-4fbf-b44e-9688349754e9, Nodes: a2397dbc-5a20-48b8-8cb9-3a858bdee3ad{ip: 192.168.30.6, host: pr-hdds-1569-5gmkr-4255264070, networkLocation: /default-rack, certSerialId: null}, Type:RATIS, Factor:ONE, State:OPEN]
2019-09-25 11:53:24,456 [grpc-default-executor-0] INFO  impl.RaftServerProxy (RaftServerProxy.java:addNew(89)) - 2509016d-9eb6-46fa-8947-e5219391d1aa: addNew group-D9FB93199C2E:[2509016d-9eb6-46fa-8947-e5219391d1aa:192.168.30.6:40930] returns group-D9FB93199C2E:java.util.concurrent.CompletableFuture@2c3af87b[Not completed]
2019-09-25 11:53:24,458 [pool-187-thread-1] INFO  impl.RaftServerImpl (RaftServerImpl.java:<init>(95)) - 2509016d-9eb6-46fa-8947-e5219391d1aa: new RaftServerImpl for group-D9FB93199C2E:[2509016d-9eb6-46fa-8947-e5219391d1aa:192.168.30.6:40930] with ContainerStateMachine:uninitialized
2019-09-25 11:53:24,458 [pool-187-thread-1] INFO  server.RaftServerConfigKeys (ConfUtils.java:logGet(43)) - raft.server.rpc.timeout.min = 5s (custom)
2019-09-25 11:53:24,458 [pool-187-thread-1] INFO  server.RaftServerConfigKeys (ConfUtils.java:logGet(43)) - raft.server.rpc.timeout.max = 5200ms (custom)
2019-09-25 11:53:24,458 [pool-187-thread-1] INFO  server.RaftServerConfigKeys (ConfUtils.java:logGet(43)) - raft.server.rpcslowness.timeout = 120s (custom)
2019-09-25 11:53:24,458 [pool-187-thread-1] INFO  server.RaftServerConfigKeys (ConfUtils.java:logGet(43)) - raft.server.sleep.deviation.threshold = 300 (default)
2019-09-25 11:53:24,459 [pool-187-thread-1] INFO  server.RaftServerConfigKeys (ConfUtils.java:logGet(43)) - raft.server.log.appender.install.snapshot.enabled = false (custom)
2019-09-25 11:53:24,459 [pool-187-thread-1] INFO  impl.RaftServerImpl (ServerState.java:<init>(103)) - 2509016d-9eb6-46fa-8947-e5219391d1aa@group-D9FB93199C2E: ConfigurationManager, init=-1: [2509016d-9eb6-46fa-8947-e5219391d1aa:192.168.30.6:40930], old=null, confs=<EMPTY_MAP>
2019-09-25 11:53:24,459 [pool-187-thread-1] INFO  server.RaftServerConfigKeys (ConfUtils.java:logGet(43)) - raft.server.storage.dir = [/workdir/hadoop-ozone/ozonefs/target/test-dir/MiniOzoneClusterImpl-a940bac1-2636-4fb1-9232-9a814bb2953b/datanode-1/data/ratis] (custom)
2019-09-25 11:53:24,459 [pool-187-thread-1] INFO  storage.RaftStorageDirectory (RaftStorageDirectory.java:analyzeStorage(246)) - The storage directory /workdir/hadoop-ozone/ozonefs/target/test-dir/MiniOzoneClusterImpl-a940bac1-2636-4fb1-9232-9a814bb2953b/datanode-1/data/ratis/949a0de0-f895-42e5-8778-d9fb93199c2e does not exist. Creating ...
2019-09-25 11:53:24,463 [pool-187-thread-1] INFO  storage.RaftStorageDirectory (RaftStorageDirectory.java:tryLock(328)) - Lock on /workdir/hadoop-ozone/ozonefs/target/test-dir/MiniOzoneClusterImpl-a940bac1-2636-4fb1-9232-9a814bb2953b/datanode-1/data/ratis/949a0de0-f895-42e5-8778-d9fb93199c2e/in_use.lock acquired by nodename 25060@pr-hdds-1569-5gmkr-4255264070
2019-09-25 11:53:24,466 [pool-187-thread-1] INFO  storage.RaftStorage (RaftStorage.java:format(72)) - Storage directory /workdir/hadoop-ozone/ozonefs/target/test-dir/MiniOzoneClusterImpl-a940bac1-2636-4fb1-9232-9a814bb2953b/datanode-1/data/ratis/949a0de0-f895-42e5-8778-d9fb93199c2e has been successfully formatted.
2019-09-25 11:53:24,467 [pool-187-thread-1] INFO  ratis.ContainerStateMachine (ContainerStateMachine.java:loadSnapshot(230)) - group-D9FB93199C2E: The snapshot info is null. Setting the last applied indexto:(t:0, i:~)
2019-09-25 11:53:24,467 [pool-187-thread-1] INFO  server.RaftServerConfigKeys (ConfUtils.java:logGet(43)) - raft.server.notification.no-leader.timeout = 120s (custom)
2019-09-25 11:53:24,467 [pool-187-thread-1] INFO  server.RaftServerConfigKeys (ConfUtils.java:logGet(43)) - raft.server.log.use.memory = false (default)
2019-09-25 11:53:24,467 [pool-187-thread-1] INFO  server.RaftServerConfigKeys (ConfUtils.java:logGet(43)) - raft.server.log.purge.gap = 1000000 (custom)
2019-09-25 11:53:24,467 [pool-187-thread-1] INFO  server.RaftServerConfigKeys (ConfUtils.java:logGet(43)) - raft.server.log.appender.buffer.byte-limit = 33554432 (custom)
2019-09-25 11:53:24,467 [pool-187-thread-1] INFO  server.RaftServerConfigKeys (ConfUtils.java:logGet(43)) - raft.server.log.segment.size.max = 1048576 (custom)
2019-09-25 11:53:24,467 [pool-187-thread-1] INFO  server.RaftServerConfigKeys (ConfUtils.java:logGet(43)) - raft.server.log.segment.cache.num.max = 2 (custom)
2019-09-25 11:53:24,468 [pool-187-thread-1] INFO  segmented.SegmentedRaftLogWorker (SegmentedRaftLogWorker.java:<init>(172)) - new 2509016d-9eb6-46fa-8947-e5219391d1aa@group-D9FB93199C2E-SegmentedRaftLogWorker for RaftStorage:Storage Directory /workdir/hadoop-ozone/ozonefs/target/test-dir/MiniOzoneClusterImpl-a940bac1-2636-4fb1-9232-9a814bb2953b/datanode-1/data/ratis/949a0de0-f895-42e5-8778-d9fb93199c2e
2019-09-25 11:53:24,469 [pool-187-thread-1] INFO  server.RaftServerConfigKeys (ConfUtils.java:logGet(43)) - raft.server.log.queue.byte-limit = 2147483647 (custom)
2019-09-25 11:53:24,469 [pool-187-thread-1] INFO  server.RaftServerConfigKeys (ConfUtils.java:logGet(43)) - raft.server.log.queue.element-limit = 1024 (custom)
2019-09-25 11:53:24,470 [pool-187-thread-1] INFO  server.RaftServerConfigKeys (ConfUtils.java:logGet(43)) - raft.server.log.segment.size.max = 1048576 (custom)
2019-09-25 11:53:24,470 [pool-187-thread-1] INFO  server.RaftServerConfigKeys (ConfUtils.java:logGet(43)) - raft.server.log.preallocated.size = 16384 (custom)
2019-09-25 11:53:24,470 [pool-187-thread-1] INFO  server.RaftServerConfigKeys (ConfUtils.java:logGet(43)) - raft.server.log.write.buffer.size = 33554432 (custom)
2019-09-25 11:53:24,470 [pool-187-thread-1] INFO  server.RaftServerConfigKeys (ConfUtils.java:logGet(43)) - raft.server.log.force.sync.num = 128 (default)
2019-09-25 11:53:24,470 [pool-187-thread-1] INFO  server.RaftServerConfigKeys (ConfUtils.java:logGet(43)) - raft.server.log.statemachine.data.sync = true (default)
2019-09-25 11:53:24,470 [pool-187-thread-1] INFO  server.RaftServerConfigKeys (ConfUtils.java:logGet(43)) - raft.server.log.statemachine.data.sync.timeout = 10s (default)
2019-09-25 11:53:24,470 [pool-187-thread-1] INFO  server.RaftServerConfigKeys (ConfUtils.java:logGet(43)) - raft.server.log.statemachine.data.sync.timeout.retry = -1 (default)
2019-09-25 11:53:24,471 [pool-187-thread-1] INFO  server.RaftServerConfigKeys (ConfUtils.java:logGet(43)) - raft.server.log.statemachine.data.caching.enabled = true (custom)
2019-09-25 11:53:24,471 [pool-187-thread-1] INFO  segmented.SegmentedRaftLogWorker (SegmentedRaftLogWorker.java:lambda$new$0(132)) - 2509016d-9eb6-46fa-8947-e5219391d1aa@group-D9FB93199C2E-SegmentedRaftLogWorker: flushIndex: setUnconditionally 0 -> -1
2019-09-25 11:53:24,471 [pool-187-thread-1] INFO  server.RaftServerConfigKeys (ConfUtils.java:logGet(43)) - raft.server.snapshot.auto.trigger.enabled = true (custom)
2019-09-25 11:53:24,472 [pool-187-thread-1] INFO  server.RaftServerConfigKeys (ConfUtils.java:logGet(43)) - raft.server.snapshot.auto.trigger.threshold = 10000 (custom)
2019-09-25 11:53:24,472 [pool-187-thread-1] INFO  server.RaftServerConfigKeys (ConfUtils.java:logGet(43)) - raft.server.snapshot.retention.num.files = 5 (custom)
2019-09-25 11:53:24,472 [pool-187-thread-1] INFO  server.RaftServerConfigKeys (ConfUtils.java:logGet(43)) - raft.server.retrycache.expirytime = 600000ms (custom)
2019-09-25 11:53:24,473 [pool-187-thread-1] INFO  impl.RaftServerImpl (RaftServerImpl.java:start(185)) - 2509016d-9eb6-46fa-8947-e5219391d1aa@group-D9FB93199C2E: start as a follower, conf=-1: [2509016d-9eb6-46fa-8947-e5219391d1aa:192.168.30.6:40930], old=null
2019-09-25 11:53:24,473 [pool-187-thread-1] INFO  impl.RaftServerImpl (RaftServerImpl.java:setRole(174)) - 2509016d-9eb6-46fa-8947-e5219391d1aa@group-D9FB93199C2E: changes role from      null to FOLLOWER at term 0 for startAsFollower
2019-09-25 11:53:24,474 [pool-187-thread-1] INFO  impl.RoleInfo (RoleInfo.java:updateAndGet(143)) - 2509016d-9eb6-46fa-8947-e5219391d1aa: start FollowerState
2019-09-25 11:53:24,474 [pool-187-thread-1] INFO  util.JmxRegister (JmxRegister.java:tryRegister(44)) - Successfully registered JMX Bean with object name Ratis:service=RaftServer,group=group-D9FB93199C2E,id=2509016d-9eb6-46fa-8947-e5219391d1aa
2019-09-25 11:53:24,476 [RatisPipelineUtilsThread] INFO  pipeline.PipelineStateManager (PipelineStateManager.java:addPipeline(56)) - Created pipeline Pipeline[ Id: 949a0de0-f895-42e5-8778-d9fb93199c2e, Nodes: 2509016d-9eb6-46fa-8947-e5219391d1aa{ip: 192.168.30.6, host: pr-hdds-1569-5gmkr-4255264070, networkLocation: /default-rack, certSerialId: null}, Type:RATIS, Factor:ONE, State:OPEN]
2019-09-25 11:53:24,482 [grpc-default-executor-0] INFO  impl.RaftServerProxy (RaftServerProxy.java:addNew(89)) - a2397dbc-5a20-48b8-8cb9-3a858bdee3ad: addNew group-DCCA24160593:[a2397dbc-5a20-48b8-8cb9-3a858bdee3ad:192.168.30.6:35798] returns group-DCCA24160593:java.util.concurrent.CompletableFuture@3350de17[Not completed]
2019-09-25 11:53:24,483 [pool-177-thread-1] INFO  impl.RaftServerImpl (RaftServerImpl.java:<init>(95)) - a2397dbc-5a20-48b8-8cb9-3a858bdee3ad: new RaftServerImpl for group-DCCA24160593:[a2397dbc-5a20-48b8-8cb9-3a858bdee3ad:192.168.30.6:35798] with ContainerStateMachine:uninitialized
2019-09-25 11:53:24,483 [pool-177-thread-1] INFO  server.RaftServerConfigKeys (ConfUtils.java:logGet(43)) - raft.server.rpc.timeout.min = 5s (custom)
2019-09-25 11:53:24,483 [pool-177-thread-1] INFO  server.RaftServerConfigKeys (ConfUtils.java:logGet(43)) - raft.server.rpc.timeout.max = 5200ms (custom)
2019-09-25 11:53:24,483 [pool-177-thread-1] INFO  server.RaftServerConfigKeys (ConfUtils.java:logGet(43)) - raft.server.rpcslowness.timeout = 120s (custom)
2019-09-25 11:53:24,483 [pool-177-thread-1] INFO  server.RaftServerConfigKeys (ConfUtils.java:logGet(43)) - raft.server.sleep.deviation.threshold = 300 (default)
2019-09-25 11:53:24,484 [pool-177-thread-1] INFO  server.RaftServerConfigKeys (ConfUtils.java:logGet(43)) - raft.server.log.appender.install.snapshot.enabled = false (custom)
2019-09-25 11:53:24,484 [pool-177-thread-1] INFO  impl.RaftServerImpl (ServerState.java:<init>(103)) - a2397dbc-5a20-48b8-8cb9-3a858bdee3ad@group-DCCA24160593: ConfigurationManager, init=-1: [a2397dbc-5a20-48b8-8cb9-3a858bdee3ad:192.168.30.6:35798], old=null, confs=<EMPTY_MAP>
2019-09-25 11:53:24,484 [pool-177-thread-1] INFO  server.RaftServerConfigKeys (ConfUtils.java:logGet(43)) - raft.server.storage.dir = [/workdir/hadoop-ozone/ozonefs/target/test-dir/MiniOzoneClusterImpl-a940bac1-2636-4fb1-9232-9a814bb2953b/datanode-0/data/ratis] (custom)
2019-09-25 11:53:24,484 [pool-177-thread-1] INFO  storage.RaftStorageDirectory (RaftStorageDirectory.java:analyzeStorage(246)) - The storage directory /workdir/hadoop-ozone/ozonefs/target/test-dir/MiniOzoneClusterImpl-a940bac1-2636-4fb1-9232-9a814bb2953b/datanode-0/data/ratis/3729e0bf-9dac-4716-9afd-dcca24160593 does not exist. Creating ...
2019-09-25 11:53:24,498 [pool-177-thread-1] INFO  storage.RaftStorageDirectory (RaftStorageDirectory.java:tryLock(328)) - Lock on /workdir/hadoop-ozone/ozonefs/target/test-dir/MiniOzoneClusterImpl-a940bac1-2636-4fb1-9232-9a814bb2953b/datanode-0/data/ratis/3729e0bf-9dac-4716-9afd-dcca24160593/in_use.lock acquired by nodename 25060@pr-hdds-1569-5gmkr-4255264070
2019-09-25 11:53:24,501 [pool-177-thread-1] INFO  storage.RaftStorage (RaftStorage.java:format(72)) - Storage directory /workdir/hadoop-ozone/ozonefs/target/test-dir/MiniOzoneClusterImpl-a940bac1-2636-4fb1-9232-9a814bb2953b/datanode-0/data/ratis/3729e0bf-9dac-4716-9afd-dcca24160593 has been successfully formatted.
2019-09-25 11:53:24,501 [pool-177-thread-1] INFO  ratis.ContainerStateMachine (ContainerStateMachine.java:loadSnapshot(230)) - group-DCCA24160593: The snapshot info is null. Setting the last applied indexto:(t:0, i:~)
2019-09-25 11:53:24,501 [pool-177-thread-1] INFO  server.RaftServerConfigKeys (ConfUtils.java:logGet(43)) - raft.server.notification.no-leader.timeout = 120s (custom)
2019-09-25 11:53:24,501 [pool-177-thread-1] INFO  server.RaftServerConfigKeys (ConfUtils.java:logGet(43)) - raft.server.log.use.memory = false (default)
2019-09-25 11:53:24,502 [pool-177-thread-1] INFO  server.RaftServerConfigKeys (ConfUtils.java:logGet(43)) - raft.server.log.purge.gap = 1000000 (custom)
2019-09-25 11:53:24,502 [pool-177-thread-1] INFO  server.RaftServerConfigKeys (ConfUtils.java:logGet(43)) - raft.server.log.appender.buffer.byte-limit = 33554432 (custom)
2019-09-25 11:53:24,502 [pool-177-thread-1] INFO  server.RaftServerConfigKeys (ConfUtils.java:logGet(43)) - raft.server.log.segment.size.max = 1048576 (custom)
2019-09-25 11:53:24,502 [pool-177-thread-1] INFO  server.RaftServerConfigKeys (ConfUtils.java:logGet(43)) - raft.server.log.segment.cache.num.max = 2 (custom)
2019-09-25 11:53:24,502 [pool-177-thread-1] INFO  segmented.SegmentedRaftLogWorker (SegmentedRaftLogWorker.java:<init>(172)) - new a2397dbc-5a20-48b8-8cb9-3a858bdee3ad@group-DCCA24160593-SegmentedRaftLogWorker for RaftStorage:Storage Directory /workdir/hadoop-ozone/ozonefs/target/test-dir/MiniOzoneClusterImpl-a940bac1-2636-4fb1-9232-9a814bb2953b/datanode-0/data/ratis/3729e0bf-9dac-4716-9afd-dcca24160593
2019-09-25 11:53:24,503 [pool-177-thread-1] INFO  server.RaftServerConfigKeys (ConfUtils.java:logGet(43)) - raft.server.log.queue.byte-limit = 2147483647 (custom)
2019-09-25 11:53:24,503 [pool-177-thread-1] INFO  server.RaftServerConfigKeys (ConfUtils.java:logGet(43)) - raft.server.log.queue.element-limit = 1024 (custom)
2019-09-25 11:53:24,503 [pool-177-thread-1] INFO  server.RaftServerConfigKeys (ConfUtils.java:logGet(43)) - raft.server.log.segment.size.max = 1048576 (custom)
2019-09-25 11:53:24,503 [pool-177-thread-1] INFO  server.RaftServerConfigKeys (ConfUtils.java:logGet(43)) - raft.server.log.preallocated.size = 16384 (custom)
2019-09-25 11:53:24,503 [pool-177-thread-1] INFO  server.RaftServerConfigKeys (ConfUtils.java:logGet(43)) - raft.server.log.write.buffer.size = 33554432 (custom)
2019-09-25 11:53:24,503 [pool-177-thread-1] INFO  server.RaftServerConfigKeys (ConfUtils.java:logGet(43)) - raft.server.log.force.sync.num = 128 (default)
2019-09-25 11:53:24,504 [pool-177-thread-1] INFO  server.RaftServerConfigKeys (ConfUtils.java:logGet(43)) - raft.server.log.statemachine.data.sync = true (default)
2019-09-25 11:53:24,504 [pool-177-thread-1] INFO  server.RaftServerConfigKeys (ConfUtils.java:logGet(43)) - raft.server.log.statemachine.data.sync.timeout = 10s (default)
2019-09-25 11:53:24,504 [pool-177-thread-1] INFO  server.RaftServerConfigKeys (ConfUtils.java:logGet(43)) - raft.server.log.statemachine.data.sync.timeout.retry = -1 (default)
2019-09-25 11:53:24,504 [pool-177-thread-1] INFO  server.RaftServerConfigKeys (ConfUtils.java:logGet(43)) - raft.server.log.statemachine.data.caching.enabled = true (custom)
2019-09-25 11:53:24,505 [pool-177-thread-1] INFO  segmented.SegmentedRaftLogWorker (SegmentedRaftLogWorker.java:lambda$new$0(132)) - a2397dbc-5a20-48b8-8cb9-3a858bdee3ad@group-DCCA24160593-SegmentedRaftLogWorker: flushIndex: setUnconditionally 0 -> -1
2019-09-25 11:53:24,505 [pool-177-thread-1] INFO  server.RaftServerConfigKeys (ConfUtils.java:logGet(43)) - raft.server.snapshot.auto.trigger.enabled = true (custom)
2019-09-25 11:53:24,505 [pool-177-thread-1] INFO  server.RaftServerConfigKeys (ConfUtils.java:logGet(43)) - raft.server.snapshot.auto.trigger.threshold = 10000 (custom)
2019-09-25 11:53:24,505 [pool-177-thread-1] INFO  server.RaftServerConfigKeys (ConfUtils.java:logGet(43)) - raft.server.snapshot.retention.num.files = 5 (custom)
2019-09-25 11:53:24,506 [pool-177-thread-1] INFO  server.RaftServerConfigKeys (ConfUtils.java:logGet(43)) - raft.server.retrycache.expirytime = 600000ms (custom)
2019-09-25 11:53:24,508 [pool-177-thread-1] INFO  impl.RaftServerImpl (RaftServerImpl.java:start(185)) - a2397dbc-5a20-48b8-8cb9-3a858bdee3ad@group-DCCA24160593: start as a follower, conf=-1: [a2397dbc-5a20-48b8-8cb9-3a858bdee3ad:192.168.30.6:35798], old=null
2019-09-25 11:53:24,508 [pool-177-thread-1] INFO  impl.RaftServerImpl (RaftServerImpl.java:setRole(174)) - a2397dbc-5a20-48b8-8cb9-3a858bdee3ad@group-DCCA24160593: changes role from      null to FOLLOWER at term 0 for startAsFollower
2019-09-25 11:53:24,508 [pool-177-thread-1] INFO  impl.RoleInfo (RoleInfo.java:updateAndGet(143)) - a2397dbc-5a20-48b8-8cb9-3a858bdee3ad: start FollowerState
2019-09-25 11:53:24,509 [pool-177-thread-1] INFO  util.JmxRegister (JmxRegister.java:tryRegister(44)) - Successfully registered JMX Bean with object name Ratis:service=RaftServer,group=group-DCCA24160593,id=a2397dbc-5a20-48b8-8cb9-3a858bdee3ad
2019-09-25 11:53:24,512 [RatisPipelineUtilsThread] INFO  pipeline.PipelineStateManager (PipelineStateManager.java:addPipeline(56)) - Created pipeline Pipeline[ Id: 3729e0bf-9dac-4716-9afd-dcca24160593, Nodes: a2397dbc-5a20-48b8-8cb9-3a858bdee3ad{ip: 192.168.30.6, host: pr-hdds-1569-5gmkr-4255264070, networkLocation: /default-rack, certSerialId: null}, Type:RATIS, Factor:ONE, State:OPEN]
2019-09-25 11:53:24,517 [grpc-default-executor-0] INFO  impl.RaftServerProxy (RaftServerProxy.java:addNew(89)) - a2397dbc-5a20-48b8-8cb9-3a858bdee3ad: addNew group-4EE42BEEC012:[a2397dbc-5a20-48b8-8cb9-3a858bdee3ad:192.168.30.6:35798] returns group-4EE42BEEC012:java.util.concurrent.CompletableFuture@625c2996[Not completed]
2019-09-25 11:53:24,518 [pool-177-thread-1] INFO  impl.RaftServerImpl (RaftServerImpl.java:<init>(95)) - a2397dbc-5a20-48b8-8cb9-3a858bdee3ad: new RaftServerImpl for group-4EE42BEEC012:[a2397dbc-5a20-48b8-8cb9-3a858bdee3ad:192.168.30.6:35798] with ContainerStateMachine:uninitialized
2019-09-25 11:53:24,519 [pool-177-thread-1] INFO  server.RaftServerConfigKeys (ConfUtils.java:logGet(43)) - raft.server.rpc.timeout.min = 5s (custom)
2019-09-25 11:53:24,519 [pool-177-thread-1] INFO  server.RaftServerConfigKeys (ConfUtils.java:logGet(43)) - raft.server.rpc.timeout.max = 5200ms (custom)
2019-09-25 11:53:24,519 [pool-177-thread-1] INFO  server.RaftServerConfigKeys (ConfUtils.java:logGet(43)) - raft.server.rpcslowness.timeout = 120s (custom)
2019-09-25 11:53:24,519 [pool-177-thread-1] INFO  server.RaftServerConfigKeys (ConfUtils.java:logGet(43)) - raft.server.sleep.deviation.threshold = 300 (default)
2019-09-25 11:53:24,519 [pool-177-thread-1] INFO  server.RaftServerConfigKeys (ConfUtils.java:logGet(43)) - raft.server.log.appender.install.snapshot.enabled = false (custom)
2019-09-25 11:53:24,519 [pool-177-thread-1] INFO  impl.RaftServerImpl (ServerState.java:<init>(103)) - a2397dbc-5a20-48b8-8cb9-3a858bdee3ad@group-4EE42BEEC012: ConfigurationManager, init=-1: [a2397dbc-5a20-48b8-8cb9-3a858bdee3ad:192.168.30.6:35798], old=null, confs=<EMPTY_MAP>
2019-09-25 11:53:24,519 [pool-177-thread-1] INFO  server.RaftServerConfigKeys (ConfUtils.java:logGet(43)) - raft.server.storage.dir = [/workdir/hadoop-ozone/ozonefs/target/test-dir/MiniOzoneClusterImpl-a940bac1-2636-4fb1-9232-9a814bb2953b/datanode-0/data/ratis] (custom)
2019-09-25 11:53:24,520 [pool-177-thread-1] INFO  storage.RaftStorageDirectory (RaftStorageDirectory.java:analyzeStorage(246)) - The storage directory /workdir/hadoop-ozone/ozonefs/target/test-dir/MiniOzoneClusterImpl-a940bac1-2636-4fb1-9232-9a814bb2953b/datanode-0/data/ratis/0e926f15-a2d5-4248-9d36-4ee42beec012 does not exist. Creating ...
2019-09-25 11:53:24,524 [pool-177-thread-1] INFO  storage.RaftStorageDirectory (RaftStorageDirectory.java:tryLock(328)) - Lock on /workdir/hadoop-ozone/ozonefs/target/test-dir/MiniOzoneClusterImpl-a940bac1-2636-4fb1-9232-9a814bb2953b/datanode-0/data/ratis/0e926f15-a2d5-4248-9d36-4ee42beec012/in_use.lock acquired by nodename 25060@pr-hdds-1569-5gmkr-4255264070
2019-09-25 11:53:24,536 [pool-177-thread-1] INFO  storage.RaftStorage (RaftStorage.java:format(72)) - Storage directory /workdir/hadoop-ozone/ozonefs/target/test-dir/MiniOzoneClusterImpl-a940bac1-2636-4fb1-9232-9a814bb2953b/datanode-0/data/ratis/0e926f15-a2d5-4248-9d36-4ee42beec012 has been successfully formatted.
2019-09-25 11:53:24,537 [pool-177-thread-1] INFO  ratis.ContainerStateMachine (ContainerStateMachine.java:loadSnapshot(230)) - group-4EE42BEEC012: The snapshot info is null. Setting the last applied indexto:(t:0, i:~)
2019-09-25 11:53:24,537 [pool-177-thread-1] INFO  server.RaftServerConfigKeys (ConfUtils.java:logGet(43)) - raft.server.notification.no-leader.timeout = 120s (custom)
2019-09-25 11:53:24,537 [pool-177-thread-1] INFO  server.RaftServerConfigKeys (ConfUtils.java:logGet(43)) - raft.server.log.use.memory = false (default)
2019-09-25 11:53:24,537 [pool-177-thread-1] INFO  server.RaftServerConfigKeys (ConfUtils.java:logGet(43)) - raft.server.log.purge.gap = 1000000 (custom)
2019-09-25 11:53:24,537 [pool-177-thread-1] INFO  server.RaftServerConfigKeys (ConfUtils.java:logGet(43)) - raft.server.log.appender.buffer.byte-limit = 33554432 (custom)
2019-09-25 11:53:24,537 [pool-177-thread-1] INFO  server.RaftServerConfigKeys (ConfUtils.java:logGet(43)) - raft.server.log.segment.size.max = 1048576 (custom)
2019-09-25 11:53:24,537 [pool-177-thread-1] INFO  server.RaftServerConfigKeys (ConfUtils.java:logGet(43)) - raft.server.log.segment.cache.num.max = 2 (custom)
2019-09-25 11:53:24,537 [pool-177-thread-1] INFO  segmented.SegmentedRaftLogWorker (SegmentedRaftLogWorker.java:<init>(172)) - new a2397dbc-5a20-48b8-8cb9-3a858bdee3ad@group-4EE42BEEC012-SegmentedRaftLogWorker for RaftStorage:Storage Directory /workdir/hadoop-ozone/ozonefs/target/test-dir/MiniOzoneClusterImpl-a940bac1-2636-4fb1-9232-9a814bb2953b/datanode-0/data/ratis/0e926f15-a2d5-4248-9d36-4ee42beec012
2019-09-25 11:53:24,537 [pool-177-thread-1] INFO  server.RaftServerConfigKeys (ConfUtils.java:logGet(43)) - raft.server.log.queue.byte-limit = 2147483647 (custom)
2019-09-25 11:53:24,538 [pool-177-thread-1] INFO  server.RaftServerConfigKeys (ConfUtils.java:logGet(43)) - raft.server.log.queue.element-limit = 1024 (custom)
2019-09-25 11:53:24,538 [pool-177-thread-1] INFO  server.RaftServerConfigKeys (ConfUtils.java:logGet(43)) - raft.server.log.segment.size.max = 1048576 (custom)
2019-09-25 11:53:24,538 [pool-177-thread-1] INFO  server.RaftServerConfigKeys (ConfUtils.java:logGet(43)) - raft.server.log.preallocated.size = 16384 (custom)
2019-09-25 11:53:24,538 [pool-177-thread-1] INFO  server.RaftServerConfigKeys (ConfUtils.java:logGet(43)) - raft.server.log.write.buffer.size = 33554432 (custom)
2019-09-25 11:53:24,538 [pool-177-thread-1] INFO  server.RaftServerConfigKeys (ConfUtils.java:logGet(43)) - raft.server.log.force.sync.num = 128 (default)
2019-09-25 11:53:24,538 [pool-177-thread-1] INFO  server.RaftServerConfigKeys (ConfUtils.java:logGet(43)) - raft.server.log.statemachine.data.sync = true (default)
2019-09-25 11:53:24,538 [pool-177-thread-1] INFO  server.RaftServerConfigKeys (ConfUtils.java:logGet(43)) - raft.server.log.statemachine.data.sync.timeout = 10s (default)
2019-09-25 11:53:24,538 [pool-177-thread-1] INFO  server.RaftServerConfigKeys (ConfUtils.java:logGet(43)) - raft.server.log.statemachine.data.sync.timeout.retry = -1 (default)
2019-09-25 11:53:24,538 [pool-177-thread-1] INFO  server.RaftServerConfigKeys (ConfUtils.java:logGet(43)) - raft.server.log.statemachine.data.caching.enabled = true (custom)
2019-09-25 11:53:24,539 [pool-177-thread-1] INFO  segmented.SegmentedRaftLogWorker (SegmentedRaftLogWorker.java:lambda$new$0(132)) - a2397dbc-5a20-48b8-8cb9-3a858bdee3ad@group-4EE42BEEC012-SegmentedRaftLogWorker: flushIndex: setUnconditionally 0 -> -1
2019-09-25 11:53:24,539 [pool-177-thread-1] INFO  server.RaftServerConfigKeys (ConfUtils.java:logGet(43)) - raft.server.snapshot.auto.trigger.enabled = true (custom)
2019-09-25 11:53:24,539 [pool-177-thread-1] INFO  server.RaftServerConfigKeys (ConfUtils.java:logGet(43)) - raft.server.snapshot.auto.trigger.threshold = 10000 (custom)
2019-09-25 11:53:24,539 [pool-177-thread-1] INFO  server.RaftServerConfigKeys (ConfUtils.java:logGet(43)) - raft.server.snapshot.retention.num.files = 5 (custom)
2019-09-25 11:53:24,539 [pool-177-thread-1] INFO  server.RaftServerConfigKeys (ConfUtils.java:logGet(43)) - raft.server.retrycache.expirytime = 600000ms (custom)
2019-09-25 11:53:24,541 [pool-177-thread-1] INFO  impl.RaftServerImpl (RaftServerImpl.java:start(185)) - a2397dbc-5a20-48b8-8cb9-3a858bdee3ad@group-4EE42BEEC012: start as a follower, conf=-1: [a2397dbc-5a20-48b8-8cb9-3a858bdee3ad:192.168.30.6:35798], old=null
2019-09-25 11:53:24,541 [pool-177-thread-1] INFO  impl.RaftServerImpl (RaftServerImpl.java:setRole(174)) - a2397dbc-5a20-48b8-8cb9-3a858bdee3ad@group-4EE42BEEC012: changes role from      null to FOLLOWER at term 0 for startAsFollower
2019-09-25 11:53:24,541 [pool-177-thread-1] INFO  impl.RoleInfo (RoleInfo.java:updateAndGet(143)) - a2397dbc-5a20-48b8-8cb9-3a858bdee3ad: start FollowerState
2019-09-25 11:53:24,541 [pool-177-thread-1] INFO  util.JmxRegister (JmxRegister.java:tryRegister(44)) - Successfully registered JMX Bean with object name Ratis:service=RaftServer,group=group-4EE42BEEC012,id=a2397dbc-5a20-48b8-8cb9-3a858bdee3ad
2019-09-25 11:53:24,544 [RatisPipelineUtilsThread] INFO  pipeline.PipelineStateManager (PipelineStateManager.java:addPipeline(56)) - Created pipeline Pipeline[ Id: 0e926f15-a2d5-4248-9d36-4ee42beec012, Nodes: a2397dbc-5a20-48b8-8cb9-3a858bdee3ad{ip: 192.168.30.6, host: pr-hdds-1569-5gmkr-4255264070, networkLocation: /default-rack, certSerialId: null}, Type:RATIS, Factor:ONE, State:OPEN]
2019-09-25 11:53:24,549 [grpc-default-executor-0] INFO  impl.RaftServerProxy (RaftServerProxy.java:addNew(89)) - a2397dbc-5a20-48b8-8cb9-3a858bdee3ad: addNew group-A9222B0DC21C:[a2397dbc-5a20-48b8-8cb9-3a858bdee3ad:192.168.30.6:35798] returns group-A9222B0DC21C:java.util.concurrent.CompletableFuture@54c27dea[Not completed]
2019-09-25 11:53:24,550 [pool-177-thread-1] INFO  impl.RaftServerImpl (RaftServerImpl.java:<init>(95)) - a2397dbc-5a20-48b8-8cb9-3a858bdee3ad: new RaftServerImpl for group-A9222B0DC21C:[a2397dbc-5a20-48b8-8cb9-3a858bdee3ad:192.168.30.6:35798] with ContainerStateMachine:uninitialized
2019-09-25 11:53:24,550 [pool-177-thread-1] INFO  server.RaftServerConfigKeys (ConfUtils.java:logGet(43)) - raft.server.rpc.timeout.min = 5s (custom)
2019-09-25 11:53:24,550 [pool-177-thread-1] INFO  server.RaftServerConfigKeys (ConfUtils.java:logGet(43)) - raft.server.rpc.timeout.max = 5200ms (custom)
2019-09-25 11:53:24,550 [pool-177-thread-1] INFO  server.RaftServerConfigKeys (ConfUtils.java:logGet(43)) - raft.server.rpcslowness.timeout = 120s (custom)
2019-09-25 11:53:24,550 [pool-177-thread-1] INFO  server.RaftServerConfigKeys (ConfUtils.java:logGet(43)) - raft.server.sleep.deviation.threshold = 300 (default)
2019-09-25 11:53:24,550 [pool-177-thread-1] INFO  server.RaftServerConfigKeys (ConfUtils.java:logGet(43)) - raft.server.log.appender.install.snapshot.enabled = false (custom)
2019-09-25 11:53:24,550 [pool-177-thread-1] INFO  impl.RaftServerImpl (ServerState.java:<init>(103)) - a2397dbc-5a20-48b8-8cb9-3a858bdee3ad@group-A9222B0DC21C: ConfigurationManager, init=-1: [a2397dbc-5a20-48b8-8cb9-3a858bdee3ad:192.168.30.6:35798], old=null, confs=<EMPTY_MAP>
2019-09-25 11:53:24,550 [pool-177-thread-1] INFO  server.RaftServerConfigKeys (ConfUtils.java:logGet(43)) - raft.server.storage.dir = [/workdir/hadoop-ozone/ozonefs/target/test-dir/MiniOzoneClusterImpl-a940bac1-2636-4fb1-9232-9a814bb2953b/datanode-0/data/ratis] (custom)
2019-09-25 11:53:24,551 [pool-177-thread-1] INFO  storage.RaftStorageDirectory (RaftStorageDirectory.java:analyzeStorage(246)) - The storage directory /workdir/hadoop-ozone/ozonefs/target/test-dir/MiniOzoneClusterImpl-a940bac1-2636-4fb1-9232-9a814bb2953b/datanode-0/data/ratis/2dda6c07-06ec-47f6-b8a3-a9222b0dc21c does not exist. Creating ...
2019-09-25 11:53:24,563 [pool-177-thread-1] INFO  storage.RaftStorageDirectory (RaftStorageDirectory.java:tryLock(328)) - Lock on /workdir/hadoop-ozone/ozonefs/target/test-dir/MiniOzoneClusterImpl-a940bac1-2636-4fb1-9232-9a814bb2953b/datanode-0/data/ratis/2dda6c07-06ec-47f6-b8a3-a9222b0dc21c/in_use.lock acquired by nodename 25060@pr-hdds-1569-5gmkr-4255264070
2019-09-25 11:53:24,576 [pool-177-thread-1] INFO  storage.RaftStorage (RaftStorage.java:format(72)) - Storage directory /workdir/hadoop-ozone/ozonefs/target/test-dir/MiniOzoneClusterImpl-a940bac1-2636-4fb1-9232-9a814bb2953b/datanode-0/data/ratis/2dda6c07-06ec-47f6-b8a3-a9222b0dc21c has been successfully formatted.
2019-09-25 11:53:24,576 [pool-177-thread-1] INFO  ratis.ContainerStateMachine (ContainerStateMachine.java:loadSnapshot(230)) - group-A9222B0DC21C: The snapshot info is null. Setting the last applied indexto:(t:0, i:~)
2019-09-25 11:53:24,576 [pool-177-thread-1] INFO  server.RaftServerConfigKeys (ConfUtils.java:logGet(43)) - raft.server.notification.no-leader.timeout = 120s (custom)
2019-09-25 11:53:24,576 [pool-177-thread-1] INFO  server.RaftServerConfigKeys (ConfUtils.java:logGet(43)) - raft.server.log.use.memory = false (default)
2019-09-25 11:53:24,576 [pool-177-thread-1] INFO  server.RaftServerConfigKeys (ConfUtils.java:logGet(43)) - raft.server.log.purge.gap = 1000000 (custom)
2019-09-25 11:53:24,576 [pool-177-thread-1] INFO  server.RaftServerConfigKeys (ConfUtils.java:logGet(43)) - raft.server.log.appender.buffer.byte-limit = 33554432 (custom)
2019-09-25 11:53:24,577 [pool-177-thread-1] INFO  server.RaftServerConfigKeys (ConfUtils.java:logGet(43)) - raft.server.log.segment.size.max = 1048576 (custom)
2019-09-25 11:53:24,577 [pool-177-thread-1] INFO  server.RaftServerConfigKeys (ConfUtils.java:logGet(43)) - raft.server.log.segment.cache.num.max = 2 (custom)
2019-09-25 11:53:24,577 [pool-177-thread-1] INFO  segmented.SegmentedRaftLogWorker (SegmentedRaftLogWorker.java:<init>(172)) - new a2397dbc-5a20-48b8-8cb9-3a858bdee3ad@group-A9222B0DC21C-SegmentedRaftLogWorker for RaftStorage:Storage Directory /workdir/hadoop-ozone/ozonefs/target/test-dir/MiniOzoneClusterImpl-a940bac1-2636-4fb1-9232-9a814bb2953b/datanode-0/data/ratis/2dda6c07-06ec-47f6-b8a3-a9222b0dc21c
2019-09-25 11:53:24,577 [pool-177-thread-1] INFO  server.RaftServerConfigKeys (ConfUtils.java:logGet(43)) - raft.server.log.queue.byte-limit = 2147483647 (custom)
2019-09-25 11:53:24,577 [pool-177-thread-1] INFO  server.RaftServerConfigKeys (ConfUtils.java:logGet(43)) - raft.server.log.queue.element-limit = 1024 (custom)
2019-09-25 11:53:24,577 [pool-177-thread-1] INFO  server.RaftServerConfigKeys (ConfUtils.java:logGet(43)) - raft.server.log.segment.size.max = 1048576 (custom)
2019-09-25 11:53:24,577 [pool-177-thread-1] INFO  server.RaftServerConfigKeys (ConfUtils.java:logGet(43)) - raft.server.log.preallocated.size = 16384 (custom)
2019-09-25 11:53:24,577 [pool-177-thread-1] INFO  server.RaftServerConfigKeys (ConfUtils.java:logGet(43)) - raft.server.log.write.buffer.size = 33554432 (custom)
2019-09-25 11:53:24,577 [pool-177-thread-1] INFO  server.RaftServerConfigKeys (ConfUtils.java:logGet(43)) - raft.server.log.force.sync.num = 128 (default)
2019-09-25 11:53:24,577 [pool-177-thread-1] INFO  server.RaftServerConfigKeys (ConfUtils.java:logGet(43)) - raft.server.log.statemachine.data.sync = true (default)
2019-09-25 11:53:24,578 [pool-177-thread-1] INFO  server.RaftServerConfigKeys (ConfUtils.java:logGet(43)) - raft.server.log.statemachine.data.sync.timeout = 10s (default)
2019-09-25 11:53:24,578 [pool-177-thread-1] INFO  server.RaftServerConfigKeys (ConfUtils.java:logGet(43)) - raft.server.log.statemachine.data.sync.timeout.retry = -1 (default)
2019-09-25 11:53:24,578 [pool-177-thread-1] INFO  server.RaftServerConfigKeys (ConfUtils.java:logGet(43)) - raft.server.log.statemachine.data.caching.enabled = true (custom)
2019-09-25 11:53:24,578 [pool-177-thread-1] INFO  segmented.SegmentedRaftLogWorker (SegmentedRaftLogWorker.java:lambda$new$0(132)) - a2397dbc-5a20-48b8-8cb9-3a858bdee3ad@group-A9222B0DC21C-SegmentedRaftLogWorker: flushIndex: setUnconditionally 0 -> -1
2019-09-25 11:53:24,578 [pool-177-thread-1] INFO  server.RaftServerConfigKeys (ConfUtils.java:logGet(43)) - raft.server.snapshot.auto.trigger.enabled = true (custom)
2019-09-25 11:53:24,578 [pool-177-thread-1] INFO  server.RaftServerConfigKeys (ConfUtils.java:logGet(43)) - raft.server.snapshot.auto.trigger.threshold = 10000 (custom)
2019-09-25 11:53:24,578 [pool-177-thread-1] INFO  server.RaftServerConfigKeys (ConfUtils.java:logGet(43)) - raft.server.snapshot.retention.num.files = 5 (custom)
2019-09-25 11:53:24,579 [pool-177-thread-1] INFO  server.RaftServerConfigKeys (ConfUtils.java:logGet(43)) - raft.server.retrycache.expirytime = 600000ms (custom)
2019-09-25 11:53:24,580 [pool-177-thread-1] INFO  impl.RaftServerImpl (RaftServerImpl.java:start(185)) - a2397dbc-5a20-48b8-8cb9-3a858bdee3ad@group-A9222B0DC21C: start as a follower, conf=-1: [a2397dbc-5a20-48b8-8cb9-3a858bdee3ad:192.168.30.6:35798], old=null
2019-09-25 11:53:24,580 [pool-177-thread-1] INFO  impl.RaftServerImpl (RaftServerImpl.java:setRole(174)) - a2397dbc-5a20-48b8-8cb9-3a858bdee3ad@group-A9222B0DC21C: changes role from      null to FOLLOWER at term 0 for startAsFollower
2019-09-25 11:53:24,580 [pool-177-thread-1] INFO  impl.RoleInfo (RoleInfo.java:updateAndGet(143)) - a2397dbc-5a20-48b8-8cb9-3a858bdee3ad: start FollowerState
2019-09-25 11:53:24,580 [pool-177-thread-1] INFO  util.JmxRegister (JmxRegister.java:tryRegister(44)) - Successfully registered JMX Bean with object name Ratis:service=RaftServer,group=group-A9222B0DC21C,id=a2397dbc-5a20-48b8-8cb9-3a858bdee3ad
2019-09-25 11:53:24,583 [RatisPipelineUtilsThread] INFO  pipeline.PipelineStateManager (PipelineStateManager.java:addPipeline(56)) - Created pipeline Pipeline[ Id: 2dda6c07-06ec-47f6-b8a3-a9222b0dc21c, Nodes: a2397dbc-5a20-48b8-8cb9-3a858bdee3ad{ip: 192.168.30.6, host: pr-hdds-1569-5gmkr-4255264070, networkLocation: /default-rack, certSerialId: null}, Type:RATIS, Factor:ONE, State:OPEN]
2019-09-25 11:53:24,583 [RatisPipelineUtilsThread] INFO  pipeline.PipelinePlacementPolicy (PipelinePlacementPolicy.java:meetCriteria(91)) - Pipeline Placement: can't place more pipeline on heavy datanode： a2397dbc-5a20-48b8-8cb9-3a858bdee3ad Heaviness: 6 limit: 5
2019-09-25 11:53:24,589 [grpc-default-executor-0] INFO  impl.RaftServerProxy (RaftServerProxy.java:addNew(89)) - 2509016d-9eb6-46fa-8947-e5219391d1aa: addNew group-160DC988FE47:[2509016d-9eb6-46fa-8947-e5219391d1aa:192.168.30.6:40930] returns group-160DC988FE47:java.util.concurrent.CompletableFuture@39feeb05[Not completed]
2019-09-25 11:53:24,590 [pool-187-thread-1] INFO  impl.RaftServerImpl (RaftServerImpl.java:<init>(95)) - 2509016d-9eb6-46fa-8947-e5219391d1aa: new RaftServerImpl for group-160DC988FE47:[2509016d-9eb6-46fa-8947-e5219391d1aa:192.168.30.6:40930] with ContainerStateMachine:uninitialized
2019-09-25 11:53:24,590 [pool-187-thread-1] INFO  server.RaftServerConfigKeys (ConfUtils.java:logGet(43)) - raft.server.rpc.timeout.min = 5s (custom)
2019-09-25 11:53:24,590 [pool-187-thread-1] INFO  server.RaftServerConfigKeys (ConfUtils.java:logGet(43)) - raft.server.rpc.timeout.max = 5200ms (custom)
2019-09-25 11:53:24,590 [pool-187-thread-1] INFO  server.RaftServerConfigKeys (ConfUtils.java:logGet(43)) - raft.server.rpcslowness.timeout = 120s (custom)
2019-09-25 11:53:24,590 [pool-187-thread-1] INFO  server.RaftServerConfigKeys (ConfUtils.java:logGet(43)) - raft.server.sleep.deviation.threshold = 300 (default)
2019-09-25 11:53:24,590 [pool-187-thread-1] INFO  server.RaftServerConfigKeys (ConfUtils.java:logGet(43)) - raft.server.log.appender.install.snapshot.enabled = false (custom)
2019-09-25 11:53:24,590 [pool-187-thread-1] INFO  impl.RaftServerImpl (ServerState.java:<init>(103)) - 2509016d-9eb6-46fa-8947-e5219391d1aa@group-160DC988FE47: ConfigurationManager, init=-1: [2509016d-9eb6-46fa-8947-e5219391d1aa:192.168.30.6:40930], old=null, confs=<EMPTY_MAP>
2019-09-25 11:53:24,590 [pool-187-thread-1] INFO  server.RaftServerConfigKeys (ConfUtils.java:logGet(43)) - raft.server.storage.dir = [/workdir/hadoop-ozone/ozonefs/target/test-dir/MiniOzoneClusterImpl-a940bac1-2636-4fb1-9232-9a814bb2953b/datanode-1/data/ratis] (custom)
2019-09-25 11:53:24,591 [pool-187-thread-1] INFO  storage.RaftStorageDirectory (RaftStorageDirectory.java:analyzeStorage(246)) - The storage directory /workdir/hadoop-ozone/ozonefs/target/test-dir/MiniOzoneClusterImpl-a940bac1-2636-4fb1-9232-9a814bb2953b/datanode-1/data/ratis/e5894950-6fc4-4106-8190-160dc988fe47 does not exist. Creating ...
2019-09-25 11:53:24,603 [pool-187-thread-1] INFO  storage.RaftStorageDirectory (RaftStorageDirectory.java:tryLock(328)) - Lock on /workdir/hadoop-ozone/ozonefs/target/test-dir/MiniOzoneClusterImpl-a940bac1-2636-4fb1-9232-9a814bb2953b/datanode-1/data/ratis/e5894950-6fc4-4106-8190-160dc988fe47/in_use.lock acquired by nodename 25060@pr-hdds-1569-5gmkr-4255264070
2019-09-25 11:53:24,616 [pool-187-thread-1] INFO  storage.RaftStorage (RaftStorage.java:format(72)) - Storage directory /workdir/hadoop-ozone/ozonefs/target/test-dir/MiniOzoneClusterImpl-a940bac1-2636-4fb1-9232-9a814bb2953b/datanode-1/data/ratis/e5894950-6fc4-4106-8190-160dc988fe47 has been successfully formatted.
2019-09-25 11:53:24,616 [pool-187-thread-1] INFO  ratis.ContainerStateMachine (ContainerStateMachine.java:loadSnapshot(230)) - group-160DC988FE47: The snapshot info is null. Setting the last applied indexto:(t:0, i:~)
2019-09-25 11:53:24,616 [pool-187-thread-1] INFO  server.RaftServerConfigKeys (ConfUtils.java:logGet(43)) - raft.server.notification.no-leader.timeout = 120s (custom)
2019-09-25 11:53:24,617 [pool-187-thread-1] INFO  server.RaftServerConfigKeys (ConfUtils.java:logGet(43)) - raft.server.log.use.memory = false (default)
2019-09-25 11:53:24,617 [pool-187-thread-1] INFO  server.RaftServerConfigKeys (ConfUtils.java:logGet(43)) - raft.server.log.purge.gap = 1000000 (custom)
2019-09-25 11:53:24,617 [pool-187-thread-1] INFO  server.RaftServerConfigKeys (ConfUtils.java:logGet(43)) - raft.server.log.appender.buffer.byte-limit = 33554432 (custom)
2019-09-25 11:53:24,617 [pool-187-thread-1] INFO  server.RaftServerConfigKeys (ConfUtils.java:logGet(43)) - raft.server.log.segment.size.max = 1048576 (custom)
2019-09-25 11:53:24,617 [pool-187-thread-1] INFO  server.RaftServerConfigKeys (ConfUtils.java:logGet(43)) - raft.server.log.segment.cache.num.max = 2 (custom)
2019-09-25 11:53:24,617 [pool-187-thread-1] INFO  segmented.SegmentedRaftLogWorker (SegmentedRaftLogWorker.java:<init>(172)) - new 2509016d-9eb6-46fa-8947-e5219391d1aa@group-160DC988FE47-SegmentedRaftLogWorker for RaftStorage:Storage Directory /workdir/hadoop-ozone/ozonefs/target/test-dir/MiniOzoneClusterImpl-a940bac1-2636-4fb1-9232-9a814bb2953b/datanode-1/data/ratis/e5894950-6fc4-4106-8190-160dc988fe47
2019-09-25 11:53:24,617 [pool-187-thread-1] INFO  server.RaftServerConfigKeys (ConfUtils.java:logGet(43)) - raft.server.log.queue.byte-limit = 2147483647 (custom)
2019-09-25 11:53:24,617 [pool-187-thread-1] INFO  server.RaftServerConfigKeys (ConfUtils.java:logGet(43)) - raft.server.log.queue.element-limit = 1024 (custom)
2019-09-25 11:53:24,617 [pool-187-thread-1] INFO  server.RaftServerConfigKeys (ConfUtils.java:logGet(43)) - raft.server.log.segment.size.max = 1048576 (custom)
2019-09-25 11:53:24,618 [pool-187-thread-1] INFO  server.RaftServerConfigKeys (ConfUtils.java:logGet(43)) - raft.server.log.preallocated.size = 16384 (custom)
2019-09-25 11:53:24,618 [pool-187-thread-1] INFO  server.RaftServerConfigKeys (ConfUtils.java:logGet(43)) - raft.server.log.write.buffer.size = 33554432 (custom)
2019-09-25 11:53:24,618 [pool-187-thread-1] INFO  server.RaftServerConfigKeys (ConfUtils.java:logGet(43)) - raft.server.log.force.sync.num = 128 (default)
2019-09-25 11:53:24,618 [pool-187-thread-1] INFO  server.RaftServerConfigKeys (ConfUtils.java:logGet(43)) - raft.server.log.statemachine.data.sync = true (default)
2019-09-25 11:53:24,618 [pool-187-thread-1] INFO  server.RaftServerConfigKeys (ConfUtils.java:logGet(43)) - raft.server.log.statemachine.data.sync.timeout = 10s (default)
2019-09-25 11:53:24,618 [pool-187-thread-1] INFO  server.RaftServerConfigKeys (ConfUtils.java:logGet(43)) - raft.server.log.statemachine.data.sync.timeout.retry = -1 (default)
2019-09-25 11:53:24,618 [pool-187-thread-1] INFO  server.RaftServerConfigKeys (ConfUtils.java:logGet(43)) - raft.server.log.statemachine.data.caching.enabled = true (custom)
2019-09-25 11:53:24,618 [pool-187-thread-1] INFO  segmented.SegmentedRaftLogWorker (SegmentedRaftLogWorker.java:lambda$new$0(132)) - 2509016d-9eb6-46fa-8947-e5219391d1aa@group-160DC988FE47-SegmentedRaftLogWorker: flushIndex: setUnconditionally 0 -> -1
2019-09-25 11:53:24,619 [pool-187-thread-1] INFO  server.RaftServerConfigKeys (ConfUtils.java:logGet(43)) - raft.server.snapshot.auto.trigger.enabled = true (custom)
2019-09-25 11:53:24,619 [pool-187-thread-1] INFO  server.RaftServerConfigKeys (ConfUtils.java:logGet(43)) - raft.server.snapshot.auto.trigger.threshold = 10000 (custom)
2019-09-25 11:53:24,619 [pool-187-thread-1] INFO  server.RaftServerConfigKeys (ConfUtils.java:logGet(43)) - raft.server.snapshot.retention.num.files = 5 (custom)
2019-09-25 11:53:24,619 [pool-187-thread-1] INFO  server.RaftServerConfigKeys (ConfUtils.java:logGet(43)) - raft.server.retrycache.expirytime = 600000ms (custom)
2019-09-25 11:53:24,620 [pool-187-thread-1] INFO  impl.RaftServerImpl (RaftServerImpl.java:start(185)) - 2509016d-9eb6-46fa-8947-e5219391d1aa@group-160DC988FE47: start as a follower, conf=-1: [2509016d-9eb6-46fa-8947-e5219391d1aa:192.168.30.6:40930], old=null
2019-09-25 11:53:24,620 [pool-187-thread-1] INFO  impl.RaftServerImpl (RaftServerImpl.java:setRole(174)) - 2509016d-9eb6-46fa-8947-e5219391d1aa@group-160DC988FE47: changes role from      null to FOLLOWER at term 0 for startAsFollower
2019-09-25 11:53:24,621 [pool-187-thread-1] INFO  impl.RoleInfo (RoleInfo.java:updateAndGet(143)) - 2509016d-9eb6-46fa-8947-e5219391d1aa: start FollowerState
2019-09-25 11:53:24,621 [pool-187-thread-1] INFO  util.JmxRegister (JmxRegister.java:tryRegister(44)) - Successfully registered JMX Bean with object name Ratis:service=RaftServer,group=group-160DC988FE47,id=2509016d-9eb6-46fa-8947-e5219391d1aa
2019-09-25 11:53:24,623 [RatisPipelineUtilsThread] INFO  pipeline.PipelineStateManager (PipelineStateManager.java:addPipeline(56)) - Created pipeline Pipeline[ Id: e5894950-6fc4-4106-8190-160dc988fe47, Nodes: 2509016d-9eb6-46fa-8947-e5219391d1aa{ip: 192.168.30.6, host: pr-hdds-1569-5gmkr-4255264070, networkLocation: /default-rack, certSerialId: null}, Type:RATIS, Factor:ONE, State:OPEN]
2019-09-25 11:53:24,624 [RatisPipelineUtilsThread] INFO  pipeline.PipelinePlacementPolicy (PipelinePlacementPolicy.java:meetCriteria(91)) - Pipeline Placement: can't place more pipeline on heavy datanode： a2397dbc-5a20-48b8-8cb9-3a858bdee3ad Heaviness: 6 limit: 5
2019-09-25 11:53:24,631 [grpc-default-executor-0] INFO  impl.RaftServerProxy (RaftServerProxy.java:addNew(89)) - cccd6a07-ee63-4140-abb3-26c9cb0b576f: addNew group-046774913471:[cccd6a07-ee63-4140-abb3-26c9cb0b576f:192.168.30.6:46789] returns group-046774913471:java.util.concurrent.CompletableFuture@73b43b84[Not completed]
2019-09-25 11:53:24,632 [pool-197-thread-1] INFO  impl.RaftServerImpl (RaftServerImpl.java:<init>(95)) - cccd6a07-ee63-4140-abb3-26c9cb0b576f: new RaftServerImpl for group-046774913471:[cccd6a07-ee63-4140-abb3-26c9cb0b576f:192.168.30.6:46789] with ContainerStateMachine:uninitialized
2019-09-25 11:53:24,632 [pool-197-thread-1] INFO  server.RaftServerConfigKeys (ConfUtils.java:logGet(43)) - raft.server.rpc.timeout.min = 5s (custom)
2019-09-25 11:53:24,632 [pool-197-thread-1] INFO  server.RaftServerConfigKeys (ConfUtils.java:logGet(43)) - raft.server.rpc.timeout.max = 5200ms (custom)
2019-09-25 11:53:24,632 [pool-197-thread-1] INFO  server.RaftServerConfigKeys (ConfUtils.java:logGet(43)) - raft.server.rpcslowness.timeout = 120s (custom)
2019-09-25 11:53:24,633 [pool-197-thread-1] INFO  server.RaftServerConfigKeys (ConfUtils.java:logGet(43)) - raft.server.sleep.deviation.threshold = 300 (default)
2019-09-25 11:53:24,633 [pool-197-thread-1] INFO  server.RaftServerConfigKeys (ConfUtils.java:logGet(43)) - raft.server.log.appender.install.snapshot.enabled = false (custom)
2019-09-25 11:53:24,633 [pool-197-thread-1] INFO  impl.RaftServerImpl (ServerState.java:<init>(103)) - cccd6a07-ee63-4140-abb3-26c9cb0b576f@group-046774913471: ConfigurationManager, init=-1: [cccd6a07-ee63-4140-abb3-26c9cb0b576f:192.168.30.6:46789], old=null, confs=<EMPTY_MAP>
2019-09-25 11:53:24,633 [pool-197-thread-1] INFO  server.RaftServerConfigKeys (ConfUtils.java:logGet(43)) - raft.server.storage.dir = [/workdir/hadoop-ozone/ozonefs/target/test-dir/MiniOzoneClusterImpl-a940bac1-2636-4fb1-9232-9a814bb2953b/datanode-2/data/ratis] (custom)
2019-09-25 11:53:24,633 [pool-197-thread-1] INFO  storage.RaftStorageDirectory (RaftStorageDirectory.java:analyzeStorage(246)) - The storage directory /workdir/hadoop-ozone/ozonefs/target/test-dir/MiniOzoneClusterImpl-a940bac1-2636-4fb1-9232-9a814bb2953b/datanode-2/data/ratis/a6d48d5a-358e-4b99-8e5c-046774913471 does not exist. Creating ...
2019-09-25 11:53:24,646 [pool-197-thread-1] INFO  storage.RaftStorageDirectory (RaftStorageDirectory.java:tryLock(328)) - Lock on /workdir/hadoop-ozone/ozonefs/target/test-dir/MiniOzoneClusterImpl-a940bac1-2636-4fb1-9232-9a814bb2953b/datanode-2/data/ratis/a6d48d5a-358e-4b99-8e5c-046774913471/in_use.lock acquired by nodename 25060@pr-hdds-1569-5gmkr-4255264070
2019-09-25 11:53:24,658 [pool-197-thread-1] INFO  storage.RaftStorage (RaftStorage.java:format(72)) - Storage directory /workdir/hadoop-ozone/ozonefs/target/test-dir/MiniOzoneClusterImpl-a940bac1-2636-4fb1-9232-9a814bb2953b/datanode-2/data/ratis/a6d48d5a-358e-4b99-8e5c-046774913471 has been successfully formatted.
2019-09-25 11:53:24,659 [pool-197-thread-1] INFO  ratis.ContainerStateMachine (ContainerStateMachine.java:loadSnapshot(230)) - group-046774913471: The snapshot info is null. Setting the last applied indexto:(t:0, i:~)
2019-09-25 11:53:24,659 [pool-197-thread-1] INFO  server.RaftServerConfigKeys (ConfUtils.java:logGet(43)) - raft.server.notification.no-leader.timeout = 120s (custom)
2019-09-25 11:53:24,659 [pool-197-thread-1] INFO  server.RaftServerConfigKeys (ConfUtils.java:logGet(43)) - raft.server.log.use.memory = false (default)
2019-09-25 11:53:24,659 [pool-197-thread-1] INFO  server.RaftServerConfigKeys (ConfUtils.java:logGet(43)) - raft.server.log.purge.gap = 1000000 (custom)
2019-09-25 11:53:24,659 [pool-197-thread-1] INFO  server.RaftServerConfigKeys (ConfUtils.java:logGet(43)) - raft.server.log.appender.buffer.byte-limit = 33554432 (custom)
2019-09-25 11:53:24,659 [pool-197-thread-1] INFO  server.RaftServerConfigKeys (ConfUtils.java:logGet(43)) - raft.server.log.segment.size.max = 1048576 (custom)
2019-09-25 11:53:24,659 [pool-197-thread-1] INFO  server.RaftServerConfigKeys (ConfUtils.java:logGet(43)) - raft.server.log.segment.cache.num.max = 2 (custom)
2019-09-25 11:53:24,659 [pool-197-thread-1] INFO  segmented.SegmentedRaftLogWorker (SegmentedRaftLogWorker.java:<init>(172)) - new cccd6a07-ee63-4140-abb3-26c9cb0b576f@group-046774913471-SegmentedRaftLogWorker for RaftStorage:Storage Directory /workdir/hadoop-ozone/ozonefs/target/test-dir/MiniOzoneClusterImpl-a940bac1-2636-4fb1-9232-9a814bb2953b/datanode-2/data/ratis/a6d48d5a-358e-4b99-8e5c-046774913471
2019-09-25 11:53:24,660 [pool-197-thread-1] INFO  server.RaftServerConfigKeys (ConfUtils.java:logGet(43)) - raft.server.log.queue.byte-limit = 2147483647 (custom)
2019-09-25 11:53:24,661 [pool-197-thread-1] INFO  server.RaftServerConfigKeys (ConfUtils.java:logGet(43)) - raft.server.log.queue.element-limit = 1024 (custom)
2019-09-25 11:53:24,661 [pool-197-thread-1] INFO  server.RaftServerConfigKeys (ConfUtils.java:logGet(43)) - raft.server.log.segment.size.max = 1048576 (custom)
2019-09-25 11:53:24,661 [pool-197-thread-1] INFO  server.RaftServerConfigKeys (ConfUtils.java:logGet(43)) - raft.server.log.preallocated.size = 16384 (custom)
2019-09-25 11:53:24,661 [pool-197-thread-1] INFO  server.RaftServerConfigKeys (ConfUtils.java:logGet(43)) - raft.server.log.write.buffer.size = 33554432 (custom)
2019-09-25 11:53:24,661 [pool-197-thread-1] INFO  server.RaftServerConfigKeys (ConfUtils.java:logGet(43)) - raft.server.log.force.sync.num = 128 (default)
2019-09-25 11:53:24,661 [pool-197-thread-1] INFO  server.RaftServerConfigKeys (ConfUtils.java:logGet(43)) - raft.server.log.statemachine.data.sync = true (default)
2019-09-25 11:53:24,661 [pool-197-thread-1] INFO  server.RaftServerConfigKeys (ConfUtils.java:logGet(43)) - raft.server.log.statemachine.data.sync.timeout = 10s (default)
2019-09-25 11:53:24,661 [pool-197-thread-1] INFO  server.RaftServerConfigKeys (ConfUtils.java:logGet(43)) - raft.server.log.statemachine.data.sync.timeout.retry = -1 (default)
2019-09-25 11:53:24,661 [pool-197-thread-1] INFO  server.RaftServerConfigKeys (ConfUtils.java:logGet(43)) - raft.server.log.statemachine.data.caching.enabled = true (custom)
2019-09-25 11:53:24,662 [pool-197-thread-1] INFO  segmented.SegmentedRaftLogWorker (SegmentedRaftLogWorker.java:lambda$new$0(132)) - cccd6a07-ee63-4140-abb3-26c9cb0b576f@group-046774913471-SegmentedRaftLogWorker: flushIndex: setUnconditionally 0 -> -1
2019-09-25 11:53:24,662 [pool-197-thread-1] INFO  server.RaftServerConfigKeys (ConfUtils.java:logGet(43)) - raft.server.snapshot.auto.trigger.enabled = true (custom)
2019-09-25 11:53:24,662 [pool-197-thread-1] INFO  server.RaftServerConfigKeys (ConfUtils.java:logGet(43)) - raft.server.snapshot.auto.trigger.threshold = 10000 (custom)
2019-09-25 11:53:24,662 [pool-197-thread-1] INFO  server.RaftServerConfigKeys (ConfUtils.java:logGet(43)) - raft.server.snapshot.retention.num.files = 5 (custom)
2019-09-25 11:53:24,662 [pool-197-thread-1] INFO  server.RaftServerConfigKeys (ConfUtils.java:logGet(43)) - raft.server.retrycache.expirytime = 600000ms (custom)
2019-09-25 11:53:24,663 [pool-197-thread-1] INFO  impl.RaftServerImpl (RaftServerImpl.java:start(185)) - cccd6a07-ee63-4140-abb3-26c9cb0b576f@group-046774913471: start as a follower, conf=-1: [cccd6a07-ee63-4140-abb3-26c9cb0b576f:192.168.30.6:46789], old=null
2019-09-25 11:53:24,663 [pool-197-thread-1] INFO  impl.RaftServerImpl (RaftServerImpl.java:setRole(174)) - cccd6a07-ee63-4140-abb3-26c9cb0b576f@group-046774913471: changes role from      null to FOLLOWER at term 0 for startAsFollower
2019-09-25 11:53:24,664 [pool-197-thread-1] INFO  impl.RoleInfo (RoleInfo.java:updateAndGet(143)) - cccd6a07-ee63-4140-abb3-26c9cb0b576f: start FollowerState
2019-09-25 11:53:24,664 [pool-197-thread-1] INFO  util.JmxRegister (JmxRegister.java:tryRegister(44)) - Successfully registered JMX Bean with object name Ratis:service=RaftServer,group=group-046774913471,id=cccd6a07-ee63-4140-abb3-26c9cb0b576f
2019-09-25 11:53:24,667 [RatisPipelineUtilsThread] INFO  pipeline.PipelineStateManager (PipelineStateManager.java:addPipeline(56)) - Created pipeline Pipeline[ Id: a6d48d5a-358e-4b99-8e5c-046774913471, Nodes: cccd6a07-ee63-4140-abb3-26c9cb0b576f{ip: 192.168.30.6, host: pr-hdds-1569-5gmkr-4255264070, networkLocation: /default-rack, certSerialId: null}, Type:RATIS, Factor:ONE, State:OPEN]
2019-09-25 11:53:24,667 [RatisPipelineUtilsThread] INFO  pipeline.PipelinePlacementPolicy (PipelinePlacementPolicy.java:meetCriteria(91)) - Pipeline Placement: can't place more pipeline on heavy datanode： a2397dbc-5a20-48b8-8cb9-3a858bdee3ad Heaviness: 6 limit: 5
2019-09-25 11:53:24,675 [grpc-default-executor-0] INFO  impl.RaftServerProxy (RaftServerProxy.java:addNew(89)) - 2509016d-9eb6-46fa-8947-e5219391d1aa: addNew group-A8E4F024B39C:[2509016d-9eb6-46fa-8947-e5219391d1aa:192.168.30.6:40930] returns group-A8E4F024B39C:java.util.concurrent.CompletableFuture@1d7dcfb2[Not completed]
2019-09-25 11:53:24,676 [pool-187-thread-1] INFO  impl.RaftServerImpl (RaftServerImpl.java:<init>(95)) - 2509016d-9eb6-46fa-8947-e5219391d1aa: new RaftServerImpl for group-A8E4F024B39C:[2509016d-9eb6-46fa-8947-e5219391d1aa:192.168.30.6:40930] with ContainerStateMachine:uninitialized
2019-09-25 11:53:24,676 [pool-187-thread-1] INFO  server.RaftServerConfigKeys (ConfUtils.java:logGet(43)) - raft.server.rpc.timeout.min = 5s (custom)
2019-09-25 11:53:24,676 [pool-187-thread-1] INFO  server.RaftServerConfigKeys (ConfUtils.java:logGet(43)) - raft.server.rpc.timeout.max = 5200ms (custom)
2019-09-25 11:53:24,676 [pool-187-thread-1] INFO  server.RaftServerConfigKeys (ConfUtils.java:logGet(43)) - raft.server.rpcslowness.timeout = 120s (custom)
2019-09-25 11:53:24,677 [pool-187-thread-1] INFO  server.RaftServerConfigKeys (ConfUtils.java:logGet(43)) - raft.server.sleep.deviation.threshold = 300 (default)
2019-09-25 11:53:24,677 [pool-187-thread-1] INFO  server.RaftServerConfigKeys (ConfUtils.java:logGet(43)) - raft.server.log.appender.install.snapshot.enabled = false (custom)
2019-09-25 11:53:24,677 [pool-187-thread-1] INFO  impl.RaftServerImpl (ServerState.java:<init>(103)) - 2509016d-9eb6-46fa-8947-e5219391d1aa@group-A8E4F024B39C: ConfigurationManager, init=-1: [2509016d-9eb6-46fa-8947-e5219391d1aa:192.168.30.6:40930], old=null, confs=<EMPTY_MAP>
2019-09-25 11:53:24,677 [pool-187-thread-1] INFO  server.RaftServerConfigKeys (ConfUtils.java:logGet(43)) - raft.server.storage.dir = [/workdir/hadoop-ozone/ozonefs/target/test-dir/MiniOzoneClusterImpl-a940bac1-2636-4fb1-9232-9a814bb2953b/datanode-1/data/ratis] (custom)
2019-09-25 11:53:24,677 [pool-187-thread-1] INFO  storage.RaftStorageDirectory (RaftStorageDirectory.java:analyzeStorage(246)) - The storage directory /workdir/hadoop-ozone/ozonefs/target/test-dir/MiniOzoneClusterImpl-a940bac1-2636-4fb1-9232-9a814bb2953b/datanode-1/data/ratis/3bb8259a-bf47-4e88-ace2-a8e4f024b39c does not exist. Creating ...
2019-09-25 11:53:24,690 [pool-187-thread-1] INFO  storage.RaftStorageDirectory (RaftStorageDirectory.java:tryLock(328)) - Lock on /workdir/hadoop-ozone/ozonefs/target/test-dir/MiniOzoneClusterImpl-a940bac1-2636-4fb1-9232-9a814bb2953b/datanode-1/data/ratis/3bb8259a-bf47-4e88-ace2-a8e4f024b39c/in_use.lock acquired by nodename 25060@pr-hdds-1569-5gmkr-4255264070
2019-09-25 11:53:24,692 [pool-187-thread-1] INFO  storage.RaftStorage (RaftStorage.java:format(72)) - Storage directory /workdir/hadoop-ozone/ozonefs/target/test-dir/MiniOzoneClusterImpl-a940bac1-2636-4fb1-9232-9a814bb2953b/datanode-1/data/ratis/3bb8259a-bf47-4e88-ace2-a8e4f024b39c has been successfully formatted.
2019-09-25 11:53:24,693 [pool-187-thread-1] INFO  ratis.ContainerStateMachine (ContainerStateMachine.java:loadSnapshot(230)) - group-A8E4F024B39C: The snapshot info is null. Setting the last applied indexto:(t:0, i:~)
2019-09-25 11:53:24,693 [pool-187-thread-1] INFO  server.RaftServerConfigKeys (ConfUtils.java:logGet(43)) - raft.server.notification.no-leader.timeout = 120s (custom)
2019-09-25 11:53:24,693 [pool-187-thread-1] INFO  server.RaftServerConfigKeys (ConfUtils.java:logGet(43)) - raft.server.log.use.memory = false (default)
2019-09-25 11:53:24,693 [pool-187-thread-1] INFO  server.RaftServerConfigKeys (ConfUtils.java:logGet(43)) - raft.server.log.purge.gap = 1000000 (custom)
2019-09-25 11:53:24,693 [pool-187-thread-1] INFO  server.RaftServerConfigKeys (ConfUtils.java:logGet(43)) - raft.server.log.appender.buffer.byte-limit = 33554432 (custom)
2019-09-25 11:53:24,693 [pool-187-thread-1] INFO  server.RaftServerConfigKeys (ConfUtils.java:logGet(43)) - raft.server.log.segment.size.max = 1048576 (custom)
2019-09-25 11:53:24,693 [pool-187-thread-1] INFO  server.RaftServerConfigKeys (ConfUtils.java:logGet(43)) - raft.server.log.segment.cache.num.max = 2 (custom)
2019-09-25 11:53:24,693 [pool-187-thread-1] INFO  segmented.SegmentedRaftLogWorker (SegmentedRaftLogWorker.java:<init>(172)) - new 2509016d-9eb6-46fa-8947-e5219391d1aa@group-A8E4F024B39C-SegmentedRaftLogWorker for RaftStorage:Storage Directory /workdir/hadoop-ozone/ozonefs/target/test-dir/MiniOzoneClusterImpl-a940bac1-2636-4fb1-9232-9a814bb2953b/datanode-1/data/ratis/3bb8259a-bf47-4e88-ace2-a8e4f024b39c
2019-09-25 11:53:24,693 [pool-187-thread-1] INFO  server.RaftServerConfigKeys (ConfUtils.java:logGet(43)) - raft.server.log.queue.byte-limit = 2147483647 (custom)
2019-09-25 11:53:24,693 [pool-187-thread-1] INFO  server.RaftServerConfigKeys (ConfUtils.java:logGet(43)) - raft.server.log.queue.element-limit = 1024 (custom)
2019-09-25 11:53:24,694 [pool-187-thread-1] INFO  server.RaftServerConfigKeys (ConfUtils.java:logGet(43)) - raft.server.log.segment.size.max = 1048576 (custom)
2019-09-25 11:53:24,694 [pool-187-thread-1] INFO  server.RaftServerConfigKeys (ConfUtils.java:logGet(43)) - raft.server.log.preallocated.size = 16384 (custom)
2019-09-25 11:53:24,694 [pool-187-thread-1] INFO  server.RaftServerConfigKeys (ConfUtils.java:logGet(43)) - raft.server.log.write.buffer.size = 33554432 (custom)
2019-09-25 11:53:24,694 [pool-187-thread-1] INFO  server.RaftServerConfigKeys (ConfUtils.java:logGet(43)) - raft.server.log.force.sync.num = 128 (default)
2019-09-25 11:53:24,694 [pool-187-thread-1] INFO  server.RaftServerConfigKeys (ConfUtils.java:logGet(43)) - raft.server.log.statemachine.data.sync = true (default)
2019-09-25 11:53:24,694 [pool-187-thread-1] INFO  server.RaftServerConfigKeys (ConfUtils.java:logGet(43)) - raft.server.log.statemachine.data.sync.timeout = 10s (default)
2019-09-25 11:53:24,694 [pool-187-thread-1] INFO  server.RaftServerConfigKeys (ConfUtils.java:logGet(43)) - raft.server.log.statemachine.data.sync.timeout.retry = -1 (default)
2019-09-25 11:53:24,694 [pool-187-thread-1] INFO  server.RaftServerConfigKeys (ConfUtils.java:logGet(43)) - raft.server.log.statemachine.data.caching.enabled = true (custom)
2019-09-25 11:53:24,694 [pool-187-thread-1] INFO  segmented.SegmentedRaftLogWorker (SegmentedRaftLogWorker.java:lambda$new$0(132)) - 2509016d-9eb6-46fa-8947-e5219391d1aa@group-A8E4F024B39C-SegmentedRaftLogWorker: flushIndex: setUnconditionally 0 -> -1
2019-09-25 11:53:24,695 [pool-187-thread-1] INFO  server.RaftServerConfigKeys (ConfUtils.java:logGet(43)) - raft.server.snapshot.auto.trigger.enabled = true (custom)
2019-09-25 11:53:24,695 [pool-187-thread-1] INFO  server.RaftServerConfigKeys (ConfUtils.java:logGet(43)) - raft.server.snapshot.auto.trigger.threshold = 10000 (custom)
2019-09-25 11:53:24,695 [pool-187-thread-1] INFO  server.RaftServerConfigKeys (ConfUtils.java:logGet(43)) - raft.server.snapshot.retention.num.files = 5 (custom)
2019-09-25 11:53:24,695 [pool-187-thread-1] INFO  server.RaftServerConfigKeys (ConfUtils.java:logGet(43)) - raft.server.retrycache.expirytime = 600000ms (custom)
2019-09-25 11:53:24,696 [pool-187-thread-1] INFO  impl.RaftServerImpl (RaftServerImpl.java:start(185)) - 2509016d-9eb6-46fa-8947-e5219391d1aa@group-A8E4F024B39C: start as a follower, conf=-1: [2509016d-9eb6-46fa-8947-e5219391d1aa:192.168.30.6:40930], old=null
2019-09-25 11:53:24,697 [pool-187-thread-1] INFO  impl.RaftServerImpl (RaftServerImpl.java:setRole(174)) - 2509016d-9eb6-46fa-8947-e5219391d1aa@group-A8E4F024B39C: changes role from      null to FOLLOWER at term 0 for startAsFollower
2019-09-25 11:53:24,697 [pool-187-thread-1] INFO  impl.RoleInfo (RoleInfo.java:updateAndGet(143)) - 2509016d-9eb6-46fa-8947-e5219391d1aa: start FollowerState
2019-09-25 11:53:24,697 [pool-187-thread-1] INFO  util.JmxRegister (JmxRegister.java:tryRegister(44)) - Successfully registered JMX Bean with object name Ratis:service=RaftServer,group=group-A8E4F024B39C,id=2509016d-9eb6-46fa-8947-e5219391d1aa
2019-09-25 11:53:24,702 [RatisPipelineUtilsThread] INFO  pipeline.PipelineStateManager (PipelineStateManager.java:addPipeline(56)) - Created pipeline Pipeline[ Id: 3bb8259a-bf47-4e88-ace2-a8e4f024b39c, Nodes: 2509016d-9eb6-46fa-8947-e5219391d1aa{ip: 192.168.30.6, host: pr-hdds-1569-5gmkr-4255264070, networkLocation: /default-rack, certSerialId: null}, Type:RATIS, Factor:ONE, State:OPEN]
2019-09-25 11:53:24,702 [RatisPipelineUtilsThread] INFO  pipeline.PipelinePlacementPolicy (PipelinePlacementPolicy.java:meetCriteria(91)) - Pipeline Placement: can't place more pipeline on heavy datanode： a2397dbc-5a20-48b8-8cb9-3a858bdee3ad Heaviness: 6 limit: 5
2019-09-25 11:53:24,708 [grpc-default-executor-0] INFO  impl.RaftServerProxy (RaftServerProxy.java:addNew(89)) - 2509016d-9eb6-46fa-8947-e5219391d1aa: addNew group-01B0DBB91C72:[2509016d-9eb6-46fa-8947-e5219391d1aa:192.168.30.6:40930] returns group-01B0DBB91C72:java.util.concurrent.CompletableFuture@7878d7f5[Not completed]
2019-09-25 11:53:24,709 [pool-187-thread-1] INFO  impl.RaftServerImpl (RaftServerImpl.java:<init>(95)) - 2509016d-9eb6-46fa-8947-e5219391d1aa: new RaftServerImpl for group-01B0DBB91C72:[2509016d-9eb6-46fa-8947-e5219391d1aa:192.168.30.6:40930] with ContainerStateMachine:uninitialized
2019-09-25 11:53:24,709 [pool-187-thread-1] INFO  server.RaftServerConfigKeys (ConfUtils.java:logGet(43)) - raft.server.rpc.timeout.min = 5s (custom)
2019-09-25 11:53:24,709 [pool-187-thread-1] INFO  server.RaftServerConfigKeys (ConfUtils.java:logGet(43)) - raft.server.rpc.timeout.max = 5200ms (custom)
2019-09-25 11:53:24,709 [pool-187-thread-1] INFO  server.RaftServerConfigKeys (ConfUtils.java:logGet(43)) - raft.server.rpcslowness.timeout = 120s (custom)
2019-09-25 11:53:24,709 [pool-187-thread-1] INFO  server.RaftServerConfigKeys (ConfUtils.java:logGet(43)) - raft.server.sleep.deviation.threshold = 300 (default)
2019-09-25 11:53:24,710 [pool-187-thread-1] INFO  server.RaftServerConfigKeys (ConfUtils.java:logGet(43)) - raft.server.log.appender.install.snapshot.enabled = false (custom)
2019-09-25 11:53:24,710 [pool-187-thread-1] INFO  impl.RaftServerImpl (ServerState.java:<init>(103)) - 2509016d-9eb6-46fa-8947-e5219391d1aa@group-01B0DBB91C72: ConfigurationManager, init=-1: [2509016d-9eb6-46fa-8947-e5219391d1aa:192.168.30.6:40930], old=null, confs=<EMPTY_MAP>
2019-09-25 11:53:24,710 [pool-187-thread-1] INFO  server.RaftServerConfigKeys (ConfUtils.java:logGet(43)) - raft.server.storage.dir = [/workdir/hadoop-ozone/ozonefs/target/test-dir/MiniOzoneClusterImpl-a940bac1-2636-4fb1-9232-9a814bb2953b/datanode-1/data/ratis] (custom)
2019-09-25 11:53:24,710 [pool-187-thread-1] INFO  storage.RaftStorageDirectory (RaftStorageDirectory.java:analyzeStorage(246)) - The storage directory /workdir/hadoop-ozone/ozonefs/target/test-dir/MiniOzoneClusterImpl-a940bac1-2636-4fb1-9232-9a814bb2953b/datanode-1/data/ratis/4dcf9301-20b6-42f2-98cb-01b0dbb91c72 does not exist. Creating ...
2019-09-25 11:53:24,713 [pool-187-thread-1] INFO  storage.RaftStorageDirectory (RaftStorageDirectory.java:tryLock(328)) - Lock on /workdir/hadoop-ozone/ozonefs/target/test-dir/MiniOzoneClusterImpl-a940bac1-2636-4fb1-9232-9a814bb2953b/datanode-1/data/ratis/4dcf9301-20b6-42f2-98cb-01b0dbb91c72/in_use.lock acquired by nodename 25060@pr-hdds-1569-5gmkr-4255264070
2019-09-25 11:53:24,725 [pool-187-thread-1] INFO  storage.RaftStorage (RaftStorage.java:format(72)) - Storage directory /workdir/hadoop-ozone/ozonefs/target/test-dir/MiniOzoneClusterImpl-a940bac1-2636-4fb1-9232-9a814bb2953b/datanode-1/data/ratis/4dcf9301-20b6-42f2-98cb-01b0dbb91c72 has been successfully formatted.
2019-09-25 11:53:24,726 [pool-187-thread-1] INFO  ratis.ContainerStateMachine (ContainerStateMachine.java:loadSnapshot(230)) - group-01B0DBB91C72: The snapshot info is null. Setting the last applied indexto:(t:0, i:~)
2019-09-25 11:53:24,726 [pool-187-thread-1] INFO  server.RaftServerConfigKeys (ConfUtils.java:logGet(43)) - raft.server.notification.no-leader.timeout = 120s (custom)
2019-09-25 11:53:24,726 [pool-187-thread-1] INFO  server.RaftServerConfigKeys (ConfUtils.java:logGet(43)) - raft.server.log.use.memory = false (default)
2019-09-25 11:53:24,726 [pool-187-thread-1] INFO  server.RaftServerConfigKeys (ConfUtils.java:logGet(43)) - raft.server.log.purge.gap = 1000000 (custom)
2019-09-25 11:53:24,726 [pool-187-thread-1] INFO  server.RaftServerConfigKeys (ConfUtils.java:logGet(43)) - raft.server.log.appender.buffer.byte-limit = 33554432 (custom)
2019-09-25 11:53:24,726 [pool-187-thread-1] INFO  server.RaftServerConfigKeys (ConfUtils.java:logGet(43)) - raft.server.log.segment.size.max = 1048576 (custom)
2019-09-25 11:53:24,726 [pool-187-thread-1] INFO  server.RaftServerConfigKeys (ConfUtils.java:logGet(43)) - raft.server.log.segment.cache.num.max = 2 (custom)
2019-09-25 11:53:24,726 [pool-187-thread-1] INFO  segmented.SegmentedRaftLogWorker (SegmentedRaftLogWorker.java:<init>(172)) - new 2509016d-9eb6-46fa-8947-e5219391d1aa@group-01B0DBB91C72-SegmentedRaftLogWorker for RaftStorage:Storage Directory /workdir/hadoop-ozone/ozonefs/target/test-dir/MiniOzoneClusterImpl-a940bac1-2636-4fb1-9232-9a814bb2953b/datanode-1/data/ratis/4dcf9301-20b6-42f2-98cb-01b0dbb91c72
2019-09-25 11:53:24,726 [pool-187-thread-1] INFO  server.RaftServerConfigKeys (ConfUtils.java:logGet(43)) - raft.server.log.queue.byte-limit = 2147483647 (custom)
2019-09-25 11:53:24,727 [pool-187-thread-1] INFO  server.RaftServerConfigKeys (ConfUtils.java:logGet(43)) - raft.server.log.queue.element-limit = 1024 (custom)
2019-09-25 11:53:24,727 [pool-187-thread-1] INFO  server.RaftServerConfigKeys (ConfUtils.java:logGet(43)) - raft.server.log.segment.size.max = 1048576 (custom)
2019-09-25 11:53:24,727 [pool-187-thread-1] INFO  server.RaftServerConfigKeys (ConfUtils.java:logGet(43)) - raft.server.log.preallocated.size = 16384 (custom)
2019-09-25 11:53:24,727 [pool-187-thread-1] INFO  server.RaftServerConfigKeys (ConfUtils.java:logGet(43)) - raft.server.log.write.buffer.size = 33554432 (custom)
2019-09-25 11:53:24,727 [pool-187-thread-1] INFO  server.RaftServerConfigKeys (ConfUtils.java:logGet(43)) - raft.server.log.force.sync.num = 128 (default)
2019-09-25 11:53:24,727 [pool-187-thread-1] INFO  server.RaftServerConfigKeys (ConfUtils.java:logGet(43)) - raft.server.log.statemachine.data.sync = true (default)
2019-09-25 11:53:24,727 [pool-187-thread-1] INFO  server.RaftServerConfigKeys (ConfUtils.java:logGet(43)) - raft.server.log.statemachine.data.sync.timeout = 10s (default)
2019-09-25 11:53:24,727 [pool-187-thread-1] INFO  server.RaftServerConfigKeys (ConfUtils.java:logGet(43)) - raft.server.log.statemachine.data.sync.timeout.retry = -1 (default)
2019-09-25 11:53:24,727 [pool-187-thread-1] INFO  server.RaftServerConfigKeys (ConfUtils.java:logGet(43)) - raft.server.log.statemachine.data.caching.enabled = true (custom)
2019-09-25 11:53:24,728 [pool-187-thread-1] INFO  segmented.SegmentedRaftLogWorker (SegmentedRaftLogWorker.java:lambda$new$0(132)) - 2509016d-9eb6-46fa-8947-e5219391d1aa@group-01B0DBB91C72-SegmentedRaftLogWorker: flushIndex: setUnconditionally 0 -> -1
2019-09-25 11:53:24,728 [pool-187-thread-1] INFO  server.RaftServerConfigKeys (ConfUtils.java:logGet(43)) - raft.server.snapshot.auto.trigger.enabled = true (custom)
2019-09-25 11:53:24,728 [pool-187-thread-1] INFO  server.RaftServerConfigKeys (ConfUtils.java:logGet(43)) - raft.server.snapshot.auto.trigger.threshold = 10000 (custom)
2019-09-25 11:53:24,728 [pool-187-thread-1] INFO  server.RaftServerConfigKeys (ConfUtils.java:logGet(43)) - raft.server.snapshot.retention.num.files = 5 (custom)
2019-09-25 11:53:24,728 [pool-187-thread-1] INFO  server.RaftServerConfigKeys (ConfUtils.java:logGet(43)) - raft.server.retrycache.expirytime = 600000ms (custom)
2019-09-25 11:53:24,731 [pool-187-thread-1] INFO  impl.RaftServerImpl (RaftServerImpl.java:start(185)) - 2509016d-9eb6-46fa-8947-e5219391d1aa@group-01B0DBB91C72: start as a follower, conf=-1: [2509016d-9eb6-46fa-8947-e5219391d1aa:192.168.30.6:40930], old=null
2019-09-25 11:53:24,731 [pool-187-thread-1] INFO  impl.RaftServerImpl (RaftServerImpl.java:setRole(174)) - 2509016d-9eb6-46fa-8947-e5219391d1aa@group-01B0DBB91C72: changes role from      null to FOLLOWER at term 0 for startAsFollower
2019-09-25 11:53:24,731 [pool-187-thread-1] INFO  impl.RoleInfo (RoleInfo.java:updateAndGet(143)) - 2509016d-9eb6-46fa-8947-e5219391d1aa: start FollowerState
2019-09-25 11:53:24,731 [pool-187-thread-1] INFO  util.JmxRegister (JmxRegister.java:tryRegister(44)) - Successfully registered JMX Bean with object name Ratis:service=RaftServer,group=group-01B0DBB91C72,id=2509016d-9eb6-46fa-8947-e5219391d1aa
2019-09-25 11:53:24,734 [RatisPipelineUtilsThread] INFO  pipeline.PipelineStateManager (PipelineStateManager.java:addPipeline(56)) - Created pipeline Pipeline[ Id: 4dcf9301-20b6-42f2-98cb-01b0dbb91c72, Nodes: 2509016d-9eb6-46fa-8947-e5219391d1aa{ip: 192.168.30.6, host: pr-hdds-1569-5gmkr-4255264070, networkLocation: /default-rack, certSerialId: null}, Type:RATIS, Factor:ONE, State:OPEN]
2019-09-25 11:53:24,734 [RatisPipelineUtilsThread] INFO  pipeline.PipelinePlacementPolicy (PipelinePlacementPolicy.java:meetCriteria(91)) - Pipeline Placement: can't place more pipeline on heavy datanode： a2397dbc-5a20-48b8-8cb9-3a858bdee3ad Heaviness: 6 limit: 5
2019-09-25 11:53:24,740 [grpc-default-executor-0] INFO  impl.RaftServerProxy (RaftServerProxy.java:addNew(89)) - 2509016d-9eb6-46fa-8947-e5219391d1aa: addNew group-CA02CA570E0D:[2509016d-9eb6-46fa-8947-e5219391d1aa:192.168.30.6:40930] returns group-CA02CA570E0D:java.util.concurrent.CompletableFuture@5409be3c[Not completed]
2019-09-25 11:53:24,740 [pool-187-thread-1] INFO  impl.RaftServerImpl (RaftServerImpl.java:<init>(95)) - 2509016d-9eb6-46fa-8947-e5219391d1aa: new RaftServerImpl for group-CA02CA570E0D:[2509016d-9eb6-46fa-8947-e5219391d1aa:192.168.30.6:40930] with ContainerStateMachine:uninitialized
2019-09-25 11:53:24,740 [pool-187-thread-1] INFO  server.RaftServerConfigKeys (ConfUtils.java:logGet(43)) - raft.server.rpc.timeout.min = 5s (custom)
2019-09-25 11:53:24,740 [pool-187-thread-1] INFO  server.RaftServerConfigKeys (ConfUtils.java:logGet(43)) - raft.server.rpc.timeout.max = 5200ms (custom)
2019-09-25 11:53:24,741 [pool-187-thread-1] INFO  server.RaftServerConfigKeys (ConfUtils.java:logGet(43)) - raft.server.rpcslowness.timeout = 120s (custom)
2019-09-25 11:53:24,741 [pool-187-thread-1] INFO  server.RaftServerConfigKeys (ConfUtils.java:logGet(43)) - raft.server.sleep.deviation.threshold = 300 (default)
2019-09-25 11:53:24,741 [pool-187-thread-1] INFO  server.RaftServerConfigKeys (ConfUtils.java:logGet(43)) - raft.server.log.appender.install.snapshot.enabled = false (custom)
2019-09-25 11:53:24,741 [pool-187-thread-1] INFO  impl.RaftServerImpl (ServerState.java:<init>(103)) - 2509016d-9eb6-46fa-8947-e5219391d1aa@group-CA02CA570E0D: ConfigurationManager, init=-1: [2509016d-9eb6-46fa-8947-e5219391d1aa:192.168.30.6:40930], old=null, confs=<EMPTY_MAP>
2019-09-25 11:53:24,741 [pool-187-thread-1] INFO  server.RaftServerConfigKeys (ConfUtils.java:logGet(43)) - raft.server.storage.dir = [/workdir/hadoop-ozone/ozonefs/target/test-dir/MiniOzoneClusterImpl-a940bac1-2636-4fb1-9232-9a814bb2953b/datanode-1/data/ratis] (custom)
2019-09-25 11:53:24,741 [pool-187-thread-1] INFO  storage.RaftStorageDirectory (RaftStorageDirectory.java:analyzeStorage(246)) - The storage directory /workdir/hadoop-ozone/ozonefs/target/test-dir/MiniOzoneClusterImpl-a940bac1-2636-4fb1-9232-9a814bb2953b/datanode-1/data/ratis/f09fd22a-7b3c-4700-b9b6-ca02ca570e0d does not exist. Creating ...
2019-09-25 11:53:24,744 [pool-187-thread-1] INFO  storage.RaftStorageDirectory (RaftStorageDirectory.java:tryLock(328)) - Lock on /workdir/hadoop-ozone/ozonefs/target/test-dir/MiniOzoneClusterImpl-a940bac1-2636-4fb1-9232-9a814bb2953b/datanode-1/data/ratis/f09fd22a-7b3c-4700-b9b6-ca02ca570e0d/in_use.lock acquired by nodename 25060@pr-hdds-1569-5gmkr-4255264070
2019-09-25 11:53:24,750 [pool-187-thread-1] INFO  storage.RaftStorage (RaftStorage.java:format(72)) - Storage directory /workdir/hadoop-ozone/ozonefs/target/test-dir/MiniOzoneClusterImpl-a940bac1-2636-4fb1-9232-9a814bb2953b/datanode-1/data/ratis/f09fd22a-7b3c-4700-b9b6-ca02ca570e0d has been successfully formatted.
2019-09-25 11:53:24,750 [pool-187-thread-1] INFO  ratis.ContainerStateMachine (ContainerStateMachine.java:loadSnapshot(230)) - group-CA02CA570E0D: The snapshot info is null. Setting the last applied indexto:(t:0, i:~)
2019-09-25 11:53:24,750 [pool-187-thread-1] INFO  server.RaftServerConfigKeys (ConfUtils.java:logGet(43)) - raft.server.notification.no-leader.timeout = 120s (custom)
2019-09-25 11:53:24,750 [pool-187-thread-1] INFO  server.RaftServerConfigKeys (ConfUtils.java:logGet(43)) - raft.server.log.use.memory = false (default)
2019-09-25 11:53:24,750 [pool-187-thread-1] INFO  server.RaftServerConfigKeys (ConfUtils.java:logGet(43)) - raft.server.log.purge.gap = 1000000 (custom)
2019-09-25 11:53:24,750 [pool-187-thread-1] INFO  server.RaftServerConfigKeys (ConfUtils.java:logGet(43)) - raft.server.log.appender.buffer.byte-limit = 33554432 (custom)
2019-09-25 11:53:24,750 [pool-187-thread-1] INFO  server.RaftServerConfigKeys (ConfUtils.java:logGet(43)) - raft.server.log.segment.size.max = 1048576 (custom)
2019-09-25 11:53:24,751 [pool-187-thread-1] INFO  server.RaftServerConfigKeys (ConfUtils.java:logGet(43)) - raft.server.log.segment.cache.num.max = 2 (custom)
2019-09-25 11:53:24,751 [pool-187-thread-1] INFO  segmented.SegmentedRaftLogWorker (SegmentedRaftLogWorker.java:<init>(172)) - new 2509016d-9eb6-46fa-8947-e5219391d1aa@group-CA02CA570E0D-SegmentedRaftLogWorker for RaftStorage:Storage Directory /workdir/hadoop-ozone/ozonefs/target/test-dir/MiniOzoneClusterImpl-a940bac1-2636-4fb1-9232-9a814bb2953b/datanode-1/data/ratis/f09fd22a-7b3c-4700-b9b6-ca02ca570e0d
2019-09-25 11:53:24,751 [pool-187-thread-1] INFO  server.RaftServerConfigKeys (ConfUtils.java:logGet(43)) - raft.server.log.queue.byte-limit = 2147483647 (custom)
2019-09-25 11:53:24,751 [pool-187-thread-1] INFO  server.RaftServerConfigKeys (ConfUtils.java:logGet(43)) - raft.server.log.queue.element-limit = 1024 (custom)
2019-09-25 11:53:24,751 [pool-187-thread-1] INFO  server.RaftServerConfigKeys (ConfUtils.java:logGet(43)) - raft.server.log.segment.size.max = 1048576 (custom)
2019-09-25 11:53:24,751 [pool-187-thread-1] INFO  server.RaftServerConfigKeys (ConfUtils.java:logGet(43)) - raft.server.log.preallocated.size = 16384 (custom)
2019-09-25 11:53:24,751 [pool-187-thread-1] INFO  server.RaftServerConfigKeys (ConfUtils.java:logGet(43)) - raft.server.log.write.buffer.size = 33554432 (custom)
2019-09-25 11:53:24,751 [pool-187-thread-1] INFO  server.RaftServerConfigKeys (ConfUtils.java:logGet(43)) - raft.server.log.force.sync.num = 128 (default)
2019-09-25 11:53:24,751 [pool-187-thread-1] INFO  server.RaftServerConfigKeys (ConfUtils.java:logGet(43)) - raft.server.log.statemachine.data.sync = true (default)
2019-09-25 11:53:24,752 [pool-187-thread-1] INFO  server.RaftServerConfigKeys (ConfUtils.java:logGet(43)) - raft.server.log.statemachine.data.sync.timeout = 10s (default)
2019-09-25 11:53:24,752 [pool-187-thread-1] INFO  server.RaftServerConfigKeys (ConfUtils.java:logGet(43)) - raft.server.log.statemachine.data.sync.timeout.retry = -1 (default)
2019-09-25 11:53:24,752 [pool-187-thread-1] INFO  server.RaftServerConfigKeys (ConfUtils.java:logGet(43)) - raft.server.log.statemachine.data.caching.enabled = true (custom)
2019-09-25 11:53:24,752 [pool-187-thread-1] INFO  segmented.SegmentedRaftLogWorker (SegmentedRaftLogWorker.java:lambda$new$0(132)) - 2509016d-9eb6-46fa-8947-e5219391d1aa@group-CA02CA570E0D-SegmentedRaftLogWorker: flushIndex: setUnconditionally 0 -> -1
2019-09-25 11:53:24,752 [pool-187-thread-1] INFO  server.RaftServerConfigKeys (ConfUtils.java:logGet(43)) - raft.server.snapshot.auto.trigger.enabled = true (custom)
2019-09-25 11:53:24,752 [pool-187-thread-1] INFO  server.RaftServerConfigKeys (ConfUtils.java:logGet(43)) - raft.server.snapshot.auto.trigger.threshold = 10000 (custom)
2019-09-25 11:53:24,752 [pool-187-thread-1] INFO  server.RaftServerConfigKeys (ConfUtils.java:logGet(43)) - raft.server.snapshot.retention.num.files = 5 (custom)
2019-09-25 11:53:24,753 [pool-187-thread-1] INFO  server.RaftServerConfigKeys (ConfUtils.java:logGet(43)) - raft.server.retrycache.expirytime = 600000ms (custom)
2019-09-25 11:53:24,754 [pool-187-thread-1] INFO  impl.RaftServerImpl (RaftServerImpl.java:start(185)) - 2509016d-9eb6-46fa-8947-e5219391d1aa@group-CA02CA570E0D: start as a follower, conf=-1: [2509016d-9eb6-46fa-8947-e5219391d1aa:192.168.30.6:40930], old=null
2019-09-25 11:53:24,754 [pool-187-thread-1] INFO  impl.RaftServerImpl (RaftServerImpl.java:setRole(174)) - 2509016d-9eb6-46fa-8947-e5219391d1aa@group-CA02CA570E0D: changes role from      null to FOLLOWER at term 0 for startAsFollower
2019-09-25 11:53:24,754 [pool-187-thread-1] INFO  impl.RoleInfo (RoleInfo.java:updateAndGet(143)) - 2509016d-9eb6-46fa-8947-e5219391d1aa: start FollowerState
2019-09-25 11:53:24,754 [pool-187-thread-1] INFO  util.JmxRegister (JmxRegister.java:tryRegister(44)) - Successfully registered JMX Bean with object name Ratis:service=RaftServer,group=group-CA02CA570E0D,id=2509016d-9eb6-46fa-8947-e5219391d1aa
2019-09-25 11:53:24,757 [RatisPipelineUtilsThread] INFO  pipeline.PipelineStateManager (PipelineStateManager.java:addPipeline(56)) - Created pipeline Pipeline[ Id: f09fd22a-7b3c-4700-b9b6-ca02ca570e0d, Nodes: 2509016d-9eb6-46fa-8947-e5219391d1aa{ip: 192.168.30.6, host: pr-hdds-1569-5gmkr-4255264070, networkLocation: /default-rack, certSerialId: null}, Type:RATIS, Factor:ONE, State:OPEN]
2019-09-25 11:53:24,757 [RatisPipelineUtilsThread] INFO  pipeline.PipelinePlacementPolicy (PipelinePlacementPolicy.java:meetCriteria(91)) - Pipeline Placement: can't place more pipeline on heavy datanode： a2397dbc-5a20-48b8-8cb9-3a858bdee3ad Heaviness: 6 limit: 5
2019-09-25 11:53:24,762 [grpc-default-executor-0] INFO  impl.RaftServerProxy (RaftServerProxy.java:addNew(89)) - 2509016d-9eb6-46fa-8947-e5219391d1aa: addNew group-908BB0AE5D49:[2509016d-9eb6-46fa-8947-e5219391d1aa:192.168.30.6:40930] returns group-908BB0AE5D49:java.util.concurrent.CompletableFuture@5504fb4b[Not completed]
2019-09-25 11:53:24,763 [pool-187-thread-1] INFO  impl.RaftServerImpl (RaftServerImpl.java:<init>(95)) - 2509016d-9eb6-46fa-8947-e5219391d1aa: new RaftServerImpl for group-908BB0AE5D49:[2509016d-9eb6-46fa-8947-e5219391d1aa:192.168.30.6:40930] with ContainerStateMachine:uninitialized
2019-09-25 11:53:24,763 [pool-187-thread-1] INFO  server.RaftServerConfigKeys (ConfUtils.java:logGet(43)) - raft.server.rpc.timeout.min = 5s (custom)
2019-09-25 11:53:24,763 [pool-187-thread-1] INFO  server.RaftServerConfigKeys (ConfUtils.java:logGet(43)) - raft.server.rpc.timeout.max = 5200ms (custom)
2019-09-25 11:53:24,763 [pool-187-thread-1] INFO  server.RaftServerConfigKeys (ConfUtils.java:logGet(43)) - raft.server.rpcslowness.timeout = 120s (custom)
2019-09-25 11:53:24,763 [pool-187-thread-1] INFO  server.RaftServerConfigKeys (ConfUtils.java:logGet(43)) - raft.server.sleep.deviation.threshold = 300 (default)
2019-09-25 11:53:24,763 [pool-187-thread-1] INFO  server.RaftServerConfigKeys (ConfUtils.java:logGet(43)) - raft.server.log.appender.install.snapshot.enabled = false (custom)
2019-09-25 11:53:24,763 [pool-187-thread-1] INFO  impl.RaftServerImpl (ServerState.java:<init>(103)) - 2509016d-9eb6-46fa-8947-e5219391d1aa@group-908BB0AE5D49: ConfigurationManager, init=-1: [2509016d-9eb6-46fa-8947-e5219391d1aa:192.168.30.6:40930], old=null, confs=<EMPTY_MAP>
2019-09-25 11:53:24,763 [pool-187-thread-1] INFO  server.RaftServerConfigKeys (ConfUtils.java:logGet(43)) - raft.server.storage.dir = [/workdir/hadoop-ozone/ozonefs/target/test-dir/MiniOzoneClusterImpl-a940bac1-2636-4fb1-9232-9a814bb2953b/datanode-1/data/ratis] (custom)
2019-09-25 11:53:24,764 [pool-187-thread-1] INFO  storage.RaftStorageDirectory (RaftStorageDirectory.java:analyzeStorage(246)) - The storage directory /workdir/hadoop-ozone/ozonefs/target/test-dir/MiniOzoneClusterImpl-a940bac1-2636-4fb1-9232-9a814bb2953b/datanode-1/data/ratis/c1227b65-939d-4b77-8dad-908bb0ae5d49 does not exist. Creating ...
2019-09-25 11:53:24,767 [pool-187-thread-1] INFO  storage.RaftStorageDirectory (RaftStorageDirectory.java:tryLock(328)) - Lock on /workdir/hadoop-ozone/ozonefs/target/test-dir/MiniOzoneClusterImpl-a940bac1-2636-4fb1-9232-9a814bb2953b/datanode-1/data/ratis/c1227b65-939d-4b77-8dad-908bb0ae5d49/in_use.lock acquired by nodename 25060@pr-hdds-1569-5gmkr-4255264070
2019-09-25 11:53:24,771 [pool-187-thread-1] INFO  storage.RaftStorage (RaftStorage.java:format(72)) - Storage directory /workdir/hadoop-ozone/ozonefs/target/test-dir/MiniOzoneClusterImpl-a940bac1-2636-4fb1-9232-9a814bb2953b/datanode-1/data/ratis/c1227b65-939d-4b77-8dad-908bb0ae5d49 has been successfully formatted.
2019-09-25 11:53:24,771 [pool-187-thread-1] INFO  ratis.ContainerStateMachine (ContainerStateMachine.java:loadSnapshot(230)) - group-908BB0AE5D49: The snapshot info is null. Setting the last applied indexto:(t:0, i:~)
2019-09-25 11:53:24,772 [pool-187-thread-1] INFO  server.RaftServerConfigKeys (ConfUtils.java:logGet(43)) - raft.server.notification.no-leader.timeout = 120s (custom)
2019-09-25 11:53:24,772 [pool-187-thread-1] INFO  server.RaftServerConfigKeys (ConfUtils.java:logGet(43)) - raft.server.log.use.memory = false (default)
2019-09-25 11:53:24,772 [pool-187-thread-1] INFO  server.RaftServerConfigKeys (ConfUtils.java:logGet(43)) - raft.server.log.purge.gap = 1000000 (custom)
2019-09-25 11:53:24,772 [pool-187-thread-1] INFO  server.RaftServerConfigKeys (ConfUtils.java:logGet(43)) - raft.server.log.appender.buffer.byte-limit = 33554432 (custom)
2019-09-25 11:53:24,772 [pool-187-thread-1] INFO  server.RaftServerConfigKeys (ConfUtils.java:logGet(43)) - raft.server.log.segment.size.max = 1048576 (custom)
2019-09-25 11:53:24,772 [pool-187-thread-1] INFO  server.RaftServerConfigKeys (ConfUtils.java:logGet(43)) - raft.server.log.segment.cache.num.max = 2 (custom)
2019-09-25 11:53:24,772 [pool-187-thread-1] INFO  segmented.SegmentedRaftLogWorker (SegmentedRaftLogWorker.java:<init>(172)) - new 2509016d-9eb6-46fa-8947-e5219391d1aa@group-908BB0AE5D49-SegmentedRaftLogWorker for RaftStorage:Storage Directory /workdir/hadoop-ozone/ozonefs/target/test-dir/MiniOzoneClusterImpl-a940bac1-2636-4fb1-9232-9a814bb2953b/datanode-1/data/ratis/c1227b65-939d-4b77-8dad-908bb0ae5d49
2019-09-25 11:53:24,772 [pool-187-thread-1] INFO  server.RaftServerConfigKeys (ConfUtils.java:logGet(43)) - raft.server.log.queue.byte-limit = 2147483647 (custom)
2019-09-25 11:53:24,773 [pool-187-thread-1] INFO  server.RaftServerConfigKeys (ConfUtils.java:logGet(43)) - raft.server.log.queue.element-limit = 1024 (custom)
2019-09-25 11:53:24,773 [pool-187-thread-1] INFO  server.RaftServerConfigKeys (ConfUtils.java:logGet(43)) - raft.server.log.segment.size.max = 1048576 (custom)
2019-09-25 11:53:24,773 [pool-187-thread-1] INFO  server.RaftServerConfigKeys (ConfUtils.java:logGet(43)) - raft.server.log.preallocated.size = 16384 (custom)
2019-09-25 11:53:24,773 [pool-187-thread-1] INFO  server.RaftServerConfigKeys (ConfUtils.java:logGet(43)) - raft.server.log.write.buffer.size = 33554432 (custom)
2019-09-25 11:53:24,773 [pool-187-thread-1] INFO  server.RaftServerConfigKeys (ConfUtils.java:logGet(43)) - raft.server.log.force.sync.num = 128 (default)
2019-09-25 11:53:24,773 [pool-187-thread-1] INFO  server.RaftServerConfigKeys (ConfUtils.java:logGet(43)) - raft.server.log.statemachine.data.sync = true (default)
2019-09-25 11:53:24,773 [pool-187-thread-1] INFO  server.RaftServerConfigKeys (ConfUtils.java:logGet(43)) - raft.server.log.statemachine.data.sync.timeout = 10s (default)
2019-09-25 11:53:24,773 [pool-187-thread-1] INFO  server.RaftServerConfigKeys (ConfUtils.java:logGet(43)) - raft.server.log.statemachine.data.sync.timeout.retry = -1 (default)
2019-09-25 11:53:24,774 [pool-187-thread-1] INFO  server.RaftServerConfigKeys (ConfUtils.java:logGet(43)) - raft.server.log.statemachine.data.caching.enabled = true (custom)
2019-09-25 11:53:24,774 [pool-187-thread-1] INFO  segmented.SegmentedRaftLogWorker (SegmentedRaftLogWorker.java:lambda$new$0(132)) - 2509016d-9eb6-46fa-8947-e5219391d1aa@group-908BB0AE5D49-SegmentedRaftLogWorker: flushIndex: setUnconditionally 0 -> -1
2019-09-25 11:53:24,774 [pool-187-thread-1] INFO  server.RaftServerConfigKeys (ConfUtils.java:logGet(43)) - raft.server.snapshot.auto.trigger.enabled = true (custom)
2019-09-25 11:53:24,774 [pool-187-thread-1] INFO  server.RaftServerConfigKeys (ConfUtils.java:logGet(43)) - raft.server.snapshot.auto.trigger.threshold = 10000 (custom)
2019-09-25 11:53:24,774 [pool-187-thread-1] INFO  server.RaftServerConfigKeys (ConfUtils.java:logGet(43)) - raft.server.snapshot.retention.num.files = 5 (custom)
2019-09-25 11:53:24,775 [pool-187-thread-1] INFO  server.RaftServerConfigKeys (ConfUtils.java:logGet(43)) - raft.server.retrycache.expirytime = 600000ms (custom)
2019-09-25 11:53:24,776 [pool-187-thread-1] INFO  impl.RaftServerImpl (RaftServerImpl.java:start(185)) - 2509016d-9eb6-46fa-8947-e5219391d1aa@group-908BB0AE5D49: start as a follower, conf=-1: [2509016d-9eb6-46fa-8947-e5219391d1aa:192.168.30.6:40930], old=null
2019-09-25 11:53:24,776 [pool-187-thread-1] INFO  impl.RaftServerImpl (RaftServerImpl.java:setRole(174)) - 2509016d-9eb6-46fa-8947-e5219391d1aa@group-908BB0AE5D49: changes role from      null to FOLLOWER at term 0 for startAsFollower
2019-09-25 11:53:24,777 [pool-187-thread-1] INFO  impl.RoleInfo (RoleInfo.java:updateAndGet(143)) - 2509016d-9eb6-46fa-8947-e5219391d1aa: start FollowerState
2019-09-25 11:53:24,777 [pool-187-thread-1] INFO  util.JmxRegister (JmxRegister.java:tryRegister(44)) - Successfully registered JMX Bean with object name Ratis:service=RaftServer,group=group-908BB0AE5D49,id=2509016d-9eb6-46fa-8947-e5219391d1aa
2019-09-25 11:53:24,779 [RatisPipelineUtilsThread] INFO  pipeline.PipelineStateManager (PipelineStateManager.java:addPipeline(56)) - Created pipeline Pipeline[ Id: c1227b65-939d-4b77-8dad-908bb0ae5d49, Nodes: 2509016d-9eb6-46fa-8947-e5219391d1aa{ip: 192.168.30.6, host: pr-hdds-1569-5gmkr-4255264070, networkLocation: /default-rack, certSerialId: null}, Type:RATIS, Factor:ONE, State:OPEN]
2019-09-25 11:53:24,779 [RatisPipelineUtilsThread] INFO  pipeline.PipelinePlacementPolicy (PipelinePlacementPolicy.java:meetCriteria(91)) - Pipeline Placement: can't place more pipeline on heavy datanode： a2397dbc-5a20-48b8-8cb9-3a858bdee3ad Heaviness: 6 limit: 5
2019-09-25 11:53:24,780 [RatisPipelineUtilsThread] INFO  pipeline.PipelinePlacementPolicy (PipelinePlacementPolicy.java:meetCriteria(91)) - Pipeline Placement: can't place more pipeline on heavy datanode： 2509016d-9eb6-46fa-8947-e5219391d1aa Heaviness: 6 limit: 5
2019-09-25 11:53:24,784 [grpc-default-executor-0] INFO  impl.RaftServerProxy (RaftServerProxy.java:addNew(89)) - cccd6a07-ee63-4140-abb3-26c9cb0b576f: addNew group-18878E48545D:[cccd6a07-ee63-4140-abb3-26c9cb0b576f:192.168.30.6:46789] returns group-18878E48545D:java.util.concurrent.CompletableFuture@3c460516[Not completed]
2019-09-25 11:53:24,785 [pool-197-thread-1] INFO  impl.RaftServerImpl (RaftServerImpl.java:<init>(95)) - cccd6a07-ee63-4140-abb3-26c9cb0b576f: new RaftServerImpl for group-18878E48545D:[cccd6a07-ee63-4140-abb3-26c9cb0b576f:192.168.30.6:46789] with ContainerStateMachine:uninitialized
2019-09-25 11:53:24,785 [pool-197-thread-1] INFO  server.RaftServerConfigKeys (ConfUtils.java:logGet(43)) - raft.server.rpc.timeout.min = 5s (custom)
2019-09-25 11:53:24,785 [pool-197-thread-1] INFO  server.RaftServerConfigKeys (ConfUtils.java:logGet(43)) - raft.server.rpc.timeout.max = 5200ms (custom)
2019-09-25 11:53:24,785 [pool-197-thread-1] INFO  server.RaftServerConfigKeys (ConfUtils.java:logGet(43)) - raft.server.rpcslowness.timeout = 120s (custom)
2019-09-25 11:53:24,785 [pool-197-thread-1] INFO  server.RaftServerConfigKeys (ConfUtils.java:logGet(43)) - raft.server.sleep.deviation.threshold = 300 (default)
2019-09-25 11:53:24,785 [pool-197-thread-1] INFO  server.RaftServerConfigKeys (ConfUtils.java:logGet(43)) - raft.server.log.appender.install.snapshot.enabled = false (custom)
2019-09-25 11:53:24,785 [pool-197-thread-1] INFO  impl.RaftServerImpl (ServerState.java:<init>(103)) - cccd6a07-ee63-4140-abb3-26c9cb0b576f@group-18878E48545D: ConfigurationManager, init=-1: [cccd6a07-ee63-4140-abb3-26c9cb0b576f:192.168.30.6:46789], old=null, confs=<EMPTY_MAP>
2019-09-25 11:53:24,785 [pool-197-thread-1] INFO  server.RaftServerConfigKeys (ConfUtils.java:logGet(43)) - raft.server.storage.dir = [/workdir/hadoop-ozone/ozonefs/target/test-dir/MiniOzoneClusterImpl-a940bac1-2636-4fb1-9232-9a814bb2953b/datanode-2/data/ratis] (custom)
2019-09-25 11:53:24,786 [pool-197-thread-1] INFO  storage.RaftStorageDirectory (RaftStorageDirectory.java:analyzeStorage(246)) - The storage directory /workdir/hadoop-ozone/ozonefs/target/test-dir/MiniOzoneClusterImpl-a940bac1-2636-4fb1-9232-9a814bb2953b/datanode-2/data/ratis/1eae8cf6-c2e4-4a41-b0e5-18878e48545d does not exist. Creating ...
2019-09-25 11:53:24,789 [pool-197-thread-1] INFO  storage.RaftStorageDirectory (RaftStorageDirectory.java:tryLock(328)) - Lock on /workdir/hadoop-ozone/ozonefs/target/test-dir/MiniOzoneClusterImpl-a940bac1-2636-4fb1-9232-9a814bb2953b/datanode-2/data/ratis/1eae8cf6-c2e4-4a41-b0e5-18878e48545d/in_use.lock acquired by nodename 25060@pr-hdds-1569-5gmkr-4255264070
2019-09-25 11:53:24,802 [pool-197-thread-1] INFO  storage.RaftStorage (RaftStorage.java:format(72)) - Storage directory /workdir/hadoop-ozone/ozonefs/target/test-dir/MiniOzoneClusterImpl-a940bac1-2636-4fb1-9232-9a814bb2953b/datanode-2/data/ratis/1eae8cf6-c2e4-4a41-b0e5-18878e48545d has been successfully formatted.
2019-09-25 11:53:24,803 [pool-197-thread-1] INFO  ratis.ContainerStateMachine (ContainerStateMachine.java:loadSnapshot(230)) - group-18878E48545D: The snapshot info is null. Setting the last applied indexto:(t:0, i:~)
2019-09-25 11:53:24,803 [pool-197-thread-1] INFO  server.RaftServerConfigKeys (ConfUtils.java:logGet(43)) - raft.server.notification.no-leader.timeout = 120s (custom)
2019-09-25 11:53:24,803 [pool-197-thread-1] INFO  server.RaftServerConfigKeys (ConfUtils.java:logGet(43)) - raft.server.log.use.memory = false (default)
2019-09-25 11:53:24,803 [pool-197-thread-1] INFO  server.RaftServerConfigKeys (ConfUtils.java:logGet(43)) - raft.server.log.purge.gap = 1000000 (custom)
2019-09-25 11:53:24,803 [pool-197-thread-1] INFO  server.RaftServerConfigKeys (ConfUtils.java:logGet(43)) - raft.server.log.appender.buffer.byte-limit = 33554432 (custom)
2019-09-25 11:53:24,803 [pool-197-thread-1] INFO  server.RaftServerConfigKeys (ConfUtils.java:logGet(43)) - raft.server.log.segment.size.max = 1048576 (custom)
2019-09-25 11:53:24,803 [pool-197-thread-1] INFO  server.RaftServerConfigKeys (ConfUtils.java:logGet(43)) - raft.server.log.segment.cache.num.max = 2 (custom)
2019-09-25 11:53:24,803 [pool-197-thread-1] INFO  segmented.SegmentedRaftLogWorker (SegmentedRaftLogWorker.java:<init>(172)) - new cccd6a07-ee63-4140-abb3-26c9cb0b576f@group-18878E48545D-SegmentedRaftLogWorker for RaftStorage:Storage Directory /workdir/hadoop-ozone/ozonefs/target/test-dir/MiniOzoneClusterImpl-a940bac1-2636-4fb1-9232-9a814bb2953b/datanode-2/data/ratis/1eae8cf6-c2e4-4a41-b0e5-18878e48545d
2019-09-25 11:53:24,803 [pool-197-thread-1] INFO  server.RaftServerConfigKeys (ConfUtils.java:logGet(43)) - raft.server.log.queue.byte-limit = 2147483647 (custom)
2019-09-25 11:53:24,804 [pool-197-thread-1] INFO  server.RaftServerConfigKeys (ConfUtils.java:logGet(43)) - raft.server.log.queue.element-limit = 1024 (custom)
2019-09-25 11:53:24,804 [pool-197-thread-1] INFO  server.RaftServerConfigKeys (ConfUtils.java:logGet(43)) - raft.server.log.segment.size.max = 1048576 (custom)
2019-09-25 11:53:24,804 [pool-197-thread-1] INFO  server.RaftServerConfigKeys (ConfUtils.java:logGet(43)) - raft.server.log.preallocated.size = 16384 (custom)
2019-09-25 11:53:24,804 [pool-197-thread-1] INFO  server.RaftServerConfigKeys (ConfUtils.java:logGet(43)) - raft.server.log.write.buffer.size = 33554432 (custom)
2019-09-25 11:53:24,804 [pool-197-thread-1] INFO  server.RaftServerConfigKeys (ConfUtils.java:logGet(43)) - raft.server.log.force.sync.num = 128 (default)
2019-09-25 11:53:24,804 [pool-197-thread-1] INFO  server.RaftServerConfigKeys (ConfUtils.java:logGet(43)) - raft.server.log.statemachine.data.sync = true (default)
2019-09-25 11:53:24,804 [pool-197-thread-1] INFO  server.RaftServerConfigKeys (ConfUtils.java:logGet(43)) - raft.server.log.statemachine.data.sync.timeout = 10s (default)
2019-09-25 11:53:24,804 [pool-197-thread-1] INFO  server.RaftServerConfigKeys (ConfUtils.java:logGet(43)) - raft.server.log.statemachine.data.sync.timeout.retry = -1 (default)
2019-09-25 11:53:24,804 [pool-197-thread-1] INFO  server.RaftServerConfigKeys (ConfUtils.java:logGet(43)) - raft.server.log.statemachine.data.caching.enabled = true (custom)
2019-09-25 11:53:24,805 [pool-197-thread-1] INFO  segmented.SegmentedRaftLogWorker (SegmentedRaftLogWorker.java:lambda$new$0(132)) - cccd6a07-ee63-4140-abb3-26c9cb0b576f@group-18878E48545D-SegmentedRaftLogWorker: flushIndex: setUnconditionally 0 -> -1
2019-09-25 11:53:24,805 [pool-197-thread-1] INFO  server.RaftServerConfigKeys (ConfUtils.java:logGet(43)) - raft.server.snapshot.auto.trigger.enabled = true (custom)
2019-09-25 11:53:24,805 [pool-197-thread-1] INFO  server.RaftServerConfigKeys (ConfUtils.java:logGet(43)) - raft.server.snapshot.auto.trigger.threshold = 10000 (custom)
2019-09-25 11:53:24,805 [pool-197-thread-1] INFO  server.RaftServerConfigKeys (ConfUtils.java:logGet(43)) - raft.server.snapshot.retention.num.files = 5 (custom)
2019-09-25 11:53:24,805 [pool-197-thread-1] INFO  server.RaftServerConfigKeys (ConfUtils.java:logGet(43)) - raft.server.retrycache.expirytime = 600000ms (custom)
2019-09-25 11:53:24,806 [pool-197-thread-1] INFO  impl.RaftServerImpl (RaftServerImpl.java:start(185)) - cccd6a07-ee63-4140-abb3-26c9cb0b576f@group-18878E48545D: start as a follower, conf=-1: [cccd6a07-ee63-4140-abb3-26c9cb0b576f:192.168.30.6:46789], old=null
2019-09-25 11:53:24,806 [pool-197-thread-1] INFO  impl.RaftServerImpl (RaftServerImpl.java:setRole(174)) - cccd6a07-ee63-4140-abb3-26c9cb0b576f@group-18878E48545D: changes role from      null to FOLLOWER at term 0 for startAsFollower
2019-09-25 11:53:24,807 [pool-197-thread-1] INFO  impl.RoleInfo (RoleInfo.java:updateAndGet(143)) - cccd6a07-ee63-4140-abb3-26c9cb0b576f: start FollowerState
2019-09-25 11:53:24,807 [pool-197-thread-1] INFO  util.JmxRegister (JmxRegister.java:tryRegister(44)) - Successfully registered JMX Bean with object name Ratis:service=RaftServer,group=group-18878E48545D,id=cccd6a07-ee63-4140-abb3-26c9cb0b576f
2019-09-25 11:53:24,809 [RatisPipelineUtilsThread] INFO  pipeline.PipelineStateManager (PipelineStateManager.java:addPipeline(56)) - Created pipeline Pipeline[ Id: 1eae8cf6-c2e4-4a41-b0e5-18878e48545d, Nodes: cccd6a07-ee63-4140-abb3-26c9cb0b576f{ip: 192.168.30.6, host: pr-hdds-1569-5gmkr-4255264070, networkLocation: /default-rack, certSerialId: null}, Type:RATIS, Factor:ONE, State:OPEN]
2019-09-25 11:53:24,809 [RatisPipelineUtilsThread] INFO  pipeline.PipelinePlacementPolicy (PipelinePlacementPolicy.java:meetCriteria(91)) - Pipeline Placement: can't place more pipeline on heavy datanode： a2397dbc-5a20-48b8-8cb9-3a858bdee3ad Heaviness: 6 limit: 5
2019-09-25 11:53:24,810 [RatisPipelineUtilsThread] INFO  pipeline.PipelinePlacementPolicy (PipelinePlacementPolicy.java:meetCriteria(91)) - Pipeline Placement: can't place more pipeline on heavy datanode： 2509016d-9eb6-46fa-8947-e5219391d1aa Heaviness: 6 limit: 5
2019-09-25 11:53:24,814 [grpc-default-executor-0] INFO  impl.RaftServerProxy (RaftServerProxy.java:addNew(89)) - cccd6a07-ee63-4140-abb3-26c9cb0b576f: addNew group-7EF462890D92:[cccd6a07-ee63-4140-abb3-26c9cb0b576f:192.168.30.6:46789] returns group-7EF462890D92:java.util.concurrent.CompletableFuture@4fe35edf[Not completed]
2019-09-25 11:53:24,815 [pool-197-thread-1] INFO  impl.RaftServerImpl (RaftServerImpl.java:<init>(95)) - cccd6a07-ee63-4140-abb3-26c9cb0b576f: new RaftServerImpl for group-7EF462890D92:[cccd6a07-ee63-4140-abb3-26c9cb0b576f:192.168.30.6:46789] with ContainerStateMachine:uninitialized
2019-09-25 11:53:24,815 [pool-197-thread-1] INFO  server.RaftServerConfigKeys (ConfUtils.java:logGet(43)) - raft.server.rpc.timeout.min = 5s (custom)
2019-09-25 11:53:24,815 [pool-197-thread-1] INFO  server.RaftServerConfigKeys (ConfUtils.java:logGet(43)) - raft.server.rpc.timeout.max = 5200ms (custom)
2019-09-25 11:53:24,815 [pool-197-thread-1] INFO  server.RaftServerConfigKeys (ConfUtils.java:logGet(43)) - raft.server.rpcslowness.timeout = 120s (custom)
2019-09-25 11:53:24,815 [pool-197-thread-1] INFO  server.RaftServerConfigKeys (ConfUtils.java:logGet(43)) - raft.server.sleep.deviation.threshold = 300 (default)
2019-09-25 11:53:24,815 [pool-197-thread-1] INFO  server.RaftServerConfigKeys (ConfUtils.java:logGet(43)) - raft.server.log.appender.install.snapshot.enabled = false (custom)
2019-09-25 11:53:24,815 [pool-197-thread-1] INFO  impl.RaftServerImpl (ServerState.java:<init>(103)) - cccd6a07-ee63-4140-abb3-26c9cb0b576f@group-7EF462890D92: ConfigurationManager, init=-1: [cccd6a07-ee63-4140-abb3-26c9cb0b576f:192.168.30.6:46789], old=null, confs=<EMPTY_MAP>
2019-09-25 11:53:24,815 [pool-197-thread-1] INFO  server.RaftServerConfigKeys (ConfUtils.java:logGet(43)) - raft.server.storage.dir = [/workdir/hadoop-ozone/ozonefs/target/test-dir/MiniOzoneClusterImpl-a940bac1-2636-4fb1-9232-9a814bb2953b/datanode-2/data/ratis] (custom)
2019-09-25 11:53:24,816 [pool-197-thread-1] INFO  storage.RaftStorageDirectory (RaftStorageDirectory.java:analyzeStorage(246)) - The storage directory /workdir/hadoop-ozone/ozonefs/target/test-dir/MiniOzoneClusterImpl-a940bac1-2636-4fb1-9232-9a814bb2953b/datanode-2/data/ratis/5f119cef-4fa2-48cd-9071-7ef462890d92 does not exist. Creating ...
2019-09-25 11:53:24,818 [pool-197-thread-1] INFO  storage.RaftStorageDirectory (RaftStorageDirectory.java:tryLock(328)) - Lock on /workdir/hadoop-ozone/ozonefs/target/test-dir/MiniOzoneClusterImpl-a940bac1-2636-4fb1-9232-9a814bb2953b/datanode-2/data/ratis/5f119cef-4fa2-48cd-9071-7ef462890d92/in_use.lock acquired by nodename 25060@pr-hdds-1569-5gmkr-4255264070
2019-09-25 11:53:24,832 [pool-197-thread-1] INFO  storage.RaftStorage (RaftStorage.java:format(72)) - Storage directory /workdir/hadoop-ozone/ozonefs/target/test-dir/MiniOzoneClusterImpl-a940bac1-2636-4fb1-9232-9a814bb2953b/datanode-2/data/ratis/5f119cef-4fa2-48cd-9071-7ef462890d92 has been successfully formatted.
2019-09-25 11:53:24,832 [pool-197-thread-1] INFO  ratis.ContainerStateMachine (ContainerStateMachine.java:loadSnapshot(230)) - group-7EF462890D92: The snapshot info is null. Setting the last applied indexto:(t:0, i:~)
2019-09-25 11:53:24,832 [pool-197-thread-1] INFO  server.RaftServerConfigKeys (ConfUtils.java:logGet(43)) - raft.server.notification.no-leader.timeout = 120s (custom)
2019-09-25 11:53:24,832 [pool-197-thread-1] INFO  server.RaftServerConfigKeys (ConfUtils.java:logGet(43)) - raft.server.log.use.memory = false (default)
2019-09-25 11:53:24,832 [pool-197-thread-1] INFO  server.RaftServerConfigKeys (ConfUtils.java:logGet(43)) - raft.server.log.purge.gap = 1000000 (custom)
2019-09-25 11:53:24,832 [pool-197-thread-1] INFO  server.RaftServerConfigKeys (ConfUtils.java:logGet(43)) - raft.server.log.appender.buffer.byte-limit = 33554432 (custom)
2019-09-25 11:53:24,832 [pool-197-thread-1] INFO  server.RaftServerConfigKeys (ConfUtils.java:logGet(43)) - raft.server.log.segment.size.max = 1048576 (custom)
2019-09-25 11:53:24,832 [pool-197-thread-1] INFO  server.RaftServerConfigKeys (ConfUtils.java:logGet(43)) - raft.server.log.segment.cache.num.max = 2 (custom)
2019-09-25 11:53:24,833 [pool-197-thread-1] INFO  segmented.SegmentedRaftLogWorker (SegmentedRaftLogWorker.java:<init>(172)) - new cccd6a07-ee63-4140-abb3-26c9cb0b576f@group-7EF462890D92-SegmentedRaftLogWorker for RaftStorage:Storage Directory /workdir/hadoop-ozone/ozonefs/target/test-dir/MiniOzoneClusterImpl-a940bac1-2636-4fb1-9232-9a814bb2953b/datanode-2/data/ratis/5f119cef-4fa2-48cd-9071-7ef462890d92
2019-09-25 11:53:24,833 [pool-197-thread-1] INFO  server.RaftServerConfigKeys (ConfUtils.java:logGet(43)) - raft.server.log.queue.byte-limit = 2147483647 (custom)
2019-09-25 11:53:24,833 [pool-197-thread-1] INFO  server.RaftServerConfigKeys (ConfUtils.java:logGet(43)) - raft.server.log.queue.element-limit = 1024 (custom)
2019-09-25 11:53:24,833 [pool-197-thread-1] INFO  server.RaftServerConfigKeys (ConfUtils.java:logGet(43)) - raft.server.log.segment.size.max = 1048576 (custom)
2019-09-25 11:53:24,833 [pool-197-thread-1] INFO  server.RaftServerConfigKeys (ConfUtils.java:logGet(43)) - raft.server.log.preallocated.size = 16384 (custom)
2019-09-25 11:53:24,833 [pool-197-thread-1] INFO  server.RaftServerConfigKeys (ConfUtils.java:logGet(43)) - raft.server.log.write.buffer.size = 33554432 (custom)
2019-09-25 11:53:24,833 [pool-197-thread-1] INFO  server.RaftServerConfigKeys (ConfUtils.java:logGet(43)) - raft.server.log.force.sync.num = 128 (default)
2019-09-25 11:53:24,833 [pool-197-thread-1] INFO  server.RaftServerConfigKeys (ConfUtils.java:logGet(43)) - raft.server.log.statemachine.data.sync = true (default)
2019-09-25 11:53:24,833 [pool-197-thread-1] INFO  server.RaftServerConfigKeys (ConfUtils.java:logGet(43)) - raft.server.log.statemachine.data.sync.timeout = 10s (default)
2019-09-25 11:53:24,833 [pool-197-thread-1] INFO  server.RaftServerConfigKeys (ConfUtils.java:logGet(43)) - raft.server.log.statemachine.data.sync.timeout.retry = -1 (default)
2019-09-25 11:53:24,834 [pool-197-thread-1] INFO  server.RaftServerConfigKeys (ConfUtils.java:logGet(43)) - raft.server.log.statemachine.data.caching.enabled = true (custom)
2019-09-25 11:53:24,834 [pool-197-thread-1] INFO  segmented.SegmentedRaftLogWorker (SegmentedRaftLogWorker.java:lambda$new$0(132)) - cccd6a07-ee63-4140-abb3-26c9cb0b576f@group-7EF462890D92-SegmentedRaftLogWorker: flushIndex: setUnconditionally 0 -> -1
2019-09-25 11:53:24,834 [pool-197-thread-1] INFO  server.RaftServerConfigKeys (ConfUtils.java:logGet(43)) - raft.server.snapshot.auto.trigger.enabled = true (custom)
2019-09-25 11:53:24,834 [pool-197-thread-1] INFO  server.RaftServerConfigKeys (ConfUtils.java:logGet(43)) - raft.server.snapshot.auto.trigger.threshold = 10000 (custom)
2019-09-25 11:53:24,834 [pool-197-thread-1] INFO  server.RaftServerConfigKeys (ConfUtils.java:logGet(43)) - raft.server.snapshot.retention.num.files = 5 (custom)
2019-09-25 11:53:24,834 [pool-197-thread-1] INFO  server.RaftServerConfigKeys (ConfUtils.java:logGet(43)) - raft.server.retrycache.expirytime = 600000ms (custom)
2019-09-25 11:53:24,835 [pool-197-thread-1] INFO  impl.RaftServerImpl (RaftServerImpl.java:start(185)) - cccd6a07-ee63-4140-abb3-26c9cb0b576f@group-7EF462890D92: start as a follower, conf=-1: [cccd6a07-ee63-4140-abb3-26c9cb0b576f:192.168.30.6:46789], old=null
2019-09-25 11:53:24,836 [pool-197-thread-1] INFO  impl.RaftServerImpl (RaftServerImpl.java:setRole(174)) - cccd6a07-ee63-4140-abb3-26c9cb0b576f@group-7EF462890D92: changes role from      null to FOLLOWER at term 0 for startAsFollower
2019-09-25 11:53:24,836 [pool-197-thread-1] INFO  impl.RoleInfo (RoleInfo.java:updateAndGet(143)) - cccd6a07-ee63-4140-abb3-26c9cb0b576f: start FollowerState
2019-09-25 11:53:24,836 [pool-197-thread-1] INFO  util.JmxRegister (JmxRegister.java:tryRegister(44)) - Successfully registered JMX Bean with object name Ratis:service=RaftServer,group=group-7EF462890D92,id=cccd6a07-ee63-4140-abb3-26c9cb0b576f
2019-09-25 11:53:24,838 [RatisPipelineUtilsThread] INFO  pipeline.PipelineStateManager (PipelineStateManager.java:addPipeline(56)) - Created pipeline Pipeline[ Id: 5f119cef-4fa2-48cd-9071-7ef462890d92, Nodes: cccd6a07-ee63-4140-abb3-26c9cb0b576f{ip: 192.168.30.6, host: pr-hdds-1569-5gmkr-4255264070, networkLocation: /default-rack, certSerialId: null}, Type:RATIS, Factor:ONE, State:OPEN]
2019-09-25 11:53:24,838 [RatisPipelineUtilsThread] INFO  pipeline.PipelinePlacementPolicy (PipelinePlacementPolicy.java:meetCriteria(91)) - Pipeline Placement: can't place more pipeline on heavy datanode： a2397dbc-5a20-48b8-8cb9-3a858bdee3ad Heaviness: 6 limit: 5
2019-09-25 11:53:24,838 [RatisPipelineUtilsThread] INFO  pipeline.PipelinePlacementPolicy (PipelinePlacementPolicy.java:meetCriteria(91)) - Pipeline Placement: can't place more pipeline on heavy datanode： 2509016d-9eb6-46fa-8947-e5219391d1aa Heaviness: 6 limit: 5
2019-09-25 11:53:24,842 [grpc-default-executor-0] INFO  impl.RaftServerProxy (RaftServerProxy.java:addNew(89)) - cccd6a07-ee63-4140-abb3-26c9cb0b576f: addNew group-B3550D4943D7:[cccd6a07-ee63-4140-abb3-26c9cb0b576f:192.168.30.6:46789] returns group-B3550D4943D7:java.util.concurrent.CompletableFuture@5b80381b[Not completed]
2019-09-25 11:53:24,843 [pool-197-thread-1] INFO  impl.RaftServerImpl (RaftServerImpl.java:<init>(95)) - cccd6a07-ee63-4140-abb3-26c9cb0b576f: new RaftServerImpl for group-B3550D4943D7:[cccd6a07-ee63-4140-abb3-26c9cb0b576f:192.168.30.6:46789] with ContainerStateMachine:uninitialized
2019-09-25 11:53:24,843 [pool-197-thread-1] INFO  server.RaftServerConfigKeys (ConfUtils.java:logGet(43)) - raft.server.rpc.timeout.min = 5s (custom)
2019-09-25 11:53:24,843 [pool-197-thread-1] INFO  server.RaftServerConfigKeys (ConfUtils.java:logGet(43)) - raft.server.rpc.timeout.max = 5200ms (custom)
2019-09-25 11:53:24,843 [pool-197-thread-1] INFO  server.RaftServerConfigKeys (ConfUtils.java:logGet(43)) - raft.server.rpcslowness.timeout = 120s (custom)
2019-09-25 11:53:24,843 [pool-197-thread-1] INFO  server.RaftServerConfigKeys (ConfUtils.java:logGet(43)) - raft.server.sleep.deviation.threshold = 300 (default)
2019-09-25 11:53:24,844 [pool-197-thread-1] INFO  server.RaftServerConfigKeys (ConfUtils.java:logGet(43)) - raft.server.log.appender.install.snapshot.enabled = false (custom)
2019-09-25 11:53:24,844 [pool-197-thread-1] INFO  impl.RaftServerImpl (ServerState.java:<init>(103)) - cccd6a07-ee63-4140-abb3-26c9cb0b576f@group-B3550D4943D7: ConfigurationManager, init=-1: [cccd6a07-ee63-4140-abb3-26c9cb0b576f:192.168.30.6:46789], old=null, confs=<EMPTY_MAP>
2019-09-25 11:53:24,844 [pool-197-thread-1] INFO  server.RaftServerConfigKeys (ConfUtils.java:logGet(43)) - raft.server.storage.dir = [/workdir/hadoop-ozone/ozonefs/target/test-dir/MiniOzoneClusterImpl-a940bac1-2636-4fb1-9232-9a814bb2953b/datanode-2/data/ratis] (custom)
2019-09-25 11:53:24,844 [pool-197-thread-1] INFO  storage.RaftStorageDirectory (RaftStorageDirectory.java:analyzeStorage(246)) - The storage directory /workdir/hadoop-ozone/ozonefs/target/test-dir/MiniOzoneClusterImpl-a940bac1-2636-4fb1-9232-9a814bb2953b/datanode-2/data/ratis/ec84610a-7ea7-40df-b68c-b3550d4943d7 does not exist. Creating ...
2019-09-25 11:53:24,850 [pool-197-thread-1] INFO  storage.RaftStorageDirectory (RaftStorageDirectory.java:tryLock(328)) - Lock on /workdir/hadoop-ozone/ozonefs/target/test-dir/MiniOzoneClusterImpl-a940bac1-2636-4fb1-9232-9a814bb2953b/datanode-2/data/ratis/ec84610a-7ea7-40df-b68c-b3550d4943d7/in_use.lock acquired by nodename 25060@pr-hdds-1569-5gmkr-4255264070
2019-09-25 11:53:24,853 [pool-197-thread-1] INFO  storage.RaftStorage (RaftStorage.java:format(72)) - Storage directory /workdir/hadoop-ozone/ozonefs/target/test-dir/MiniOzoneClusterImpl-a940bac1-2636-4fb1-9232-9a814bb2953b/datanode-2/data/ratis/ec84610a-7ea7-40df-b68c-b3550d4943d7 has been successfully formatted.
2019-09-25 11:53:24,853 [pool-197-thread-1] INFO  ratis.ContainerStateMachine (ContainerStateMachine.java:loadSnapshot(230)) - group-B3550D4943D7: The snapshot info is null. Setting the last applied indexto:(t:0, i:~)
2019-09-25 11:53:24,853 [pool-197-thread-1] INFO  server.RaftServerConfigKeys (ConfUtils.java:logGet(43)) - raft.server.notification.no-leader.timeout = 120s (custom)
2019-09-25 11:53:24,853 [pool-197-thread-1] INFO  server.RaftServerConfigKeys (ConfUtils.java:logGet(43)) - raft.server.log.use.memory = false (default)
2019-09-25 11:53:24,854 [pool-197-thread-1] INFO  server.RaftServerConfigKeys (ConfUtils.java:logGet(43)) - raft.server.log.purge.gap = 1000000 (custom)
2019-09-25 11:53:24,854 [pool-197-thread-1] INFO  server.RaftServerConfigKeys (ConfUtils.java:logGet(43)) - raft.server.log.appender.buffer.byte-limit = 33554432 (custom)
2019-09-25 11:53:24,854 [pool-197-thread-1] INFO  server.RaftServerConfigKeys (ConfUtils.java:logGet(43)) - raft.server.log.segment.size.max = 1048576 (custom)
2019-09-25 11:53:24,854 [pool-197-thread-1] INFO  server.RaftServerConfigKeys (ConfUtils.java:logGet(43)) - raft.server.log.segment.cache.num.max = 2 (custom)
2019-09-25 11:53:24,854 [pool-197-thread-1] INFO  segmented.SegmentedRaftLogWorker (SegmentedRaftLogWorker.java:<init>(172)) - new cccd6a07-ee63-4140-abb3-26c9cb0b576f@group-B3550D4943D7-SegmentedRaftLogWorker for RaftStorage:Storage Directory /workdir/hadoop-ozone/ozonefs/target/test-dir/MiniOzoneClusterImpl-a940bac1-2636-4fb1-9232-9a814bb2953b/datanode-2/data/ratis/ec84610a-7ea7-40df-b68c-b3550d4943d7
2019-09-25 11:53:24,854 [pool-197-thread-1] INFO  server.RaftServerConfigKeys (ConfUtils.java:logGet(43)) - raft.server.log.queue.byte-limit = 2147483647 (custom)
2019-09-25 11:53:24,855 [pool-197-thread-1] INFO  server.RaftServerConfigKeys (ConfUtils.java:logGet(43)) - raft.server.log.queue.element-limit = 1024 (custom)
2019-09-25 11:53:24,855 [pool-197-thread-1] INFO  server.RaftServerConfigKeys (ConfUtils.java:logGet(43)) - raft.server.log.segment.size.max = 1048576 (custom)
2019-09-25 11:53:24,855 [pool-197-thread-1] INFO  server.RaftServerConfigKeys (ConfUtils.java:logGet(43)) - raft.server.log.preallocated.size = 16384 (custom)
2019-09-25 11:53:24,855 [pool-197-thread-1] INFO  server.RaftServerConfigKeys (ConfUtils.java:logGet(43)) - raft.server.log.write.buffer.size = 33554432 (custom)
2019-09-25 11:53:24,855 [pool-197-thread-1] INFO  server.RaftServerConfigKeys (ConfUtils.java:logGet(43)) - raft.server.log.force.sync.num = 128 (default)
2019-09-25 11:53:24,855 [pool-197-thread-1] INFO  server.RaftServerConfigKeys (ConfUtils.java:logGet(43)) - raft.server.log.statemachine.data.sync = true (default)
2019-09-25 11:53:24,855 [pool-197-thread-1] INFO  server.RaftServerConfigKeys (ConfUtils.java:logGet(43)) - raft.server.log.statemachine.data.sync.timeout = 10s (default)
2019-09-25 11:53:24,856 [pool-197-thread-1] INFO  server.RaftServerConfigKeys (ConfUtils.java:logGet(43)) - raft.server.log.statemachine.data.sync.timeout.retry = -1 (default)
2019-09-25 11:53:24,856 [pool-197-thread-1] INFO  server.RaftServerConfigKeys (ConfUtils.java:logGet(43)) - raft.server.log.statemachine.data.caching.enabled = true (custom)
2019-09-25 11:53:24,864 [pool-197-thread-1] INFO  segmented.SegmentedRaftLogWorker (SegmentedRaftLogWorker.java:lambda$new$0(132)) - cccd6a07-ee63-4140-abb3-26c9cb0b576f@group-B3550D4943D7-SegmentedRaftLogWorker: flushIndex: setUnconditionally 0 -> -1
2019-09-25 11:53:24,865 [pool-197-thread-1] INFO  server.RaftServerConfigKeys (ConfUtils.java:logGet(43)) - raft.server.snapshot.auto.trigger.enabled = true (custom)
2019-09-25 11:53:24,865 [pool-197-thread-1] INFO  server.RaftServerConfigKeys (ConfUtils.java:logGet(43)) - raft.server.snapshot.auto.trigger.threshold = 10000 (custom)
2019-09-25 11:53:24,865 [pool-197-thread-1] INFO  server.RaftServerConfigKeys (ConfUtils.java:logGet(43)) - raft.server.snapshot.retention.num.files = 5 (custom)
2019-09-25 11:53:24,865 [pool-197-thread-1] INFO  server.RaftServerConfigKeys (ConfUtils.java:logGet(43)) - raft.server.retrycache.expirytime = 600000ms (custom)
2019-09-25 11:53:24,867 [pool-197-thread-1] INFO  impl.RaftServerImpl (RaftServerImpl.java:start(185)) - cccd6a07-ee63-4140-abb3-26c9cb0b576f@group-B3550D4943D7: start as a follower, conf=-1: [cccd6a07-ee63-4140-abb3-26c9cb0b576f:192.168.30.6:46789], old=null
2019-09-25 11:53:24,867 [pool-197-thread-1] INFO  impl.RaftServerImpl (RaftServerImpl.java:setRole(174)) - cccd6a07-ee63-4140-abb3-26c9cb0b576f@group-B3550D4943D7: changes role from      null to FOLLOWER at term 0 for startAsFollower
2019-09-25 11:53:24,867 [pool-197-thread-1] INFO  impl.RoleInfo (RoleInfo.java:updateAndGet(143)) - cccd6a07-ee63-4140-abb3-26c9cb0b576f: start FollowerState
2019-09-25 11:53:24,867 [pool-197-thread-1] INFO  util.JmxRegister (JmxRegister.java:tryRegister(44)) - Successfully registered JMX Bean with object name Ratis:service=RaftServer,group=group-B3550D4943D7,id=cccd6a07-ee63-4140-abb3-26c9cb0b576f
2019-09-25 11:53:24,870 [RatisPipelineUtilsThread] INFO  pipeline.PipelineStateManager (PipelineStateManager.java:addPipeline(56)) - Created pipeline Pipeline[ Id: ec84610a-7ea7-40df-b68c-b3550d4943d7, Nodes: cccd6a07-ee63-4140-abb3-26c9cb0b576f{ip: 192.168.30.6, host: pr-hdds-1569-5gmkr-4255264070, networkLocation: /default-rack, certSerialId: null}, Type:RATIS, Factor:ONE, State:OPEN]
2019-09-25 11:53:24,870 [RatisPipelineUtilsThread] INFO  pipeline.PipelinePlacementPolicy (PipelinePlacementPolicy.java:meetCriteria(91)) - Pipeline Placement: can't place more pipeline on heavy datanode： a2397dbc-5a20-48b8-8cb9-3a858bdee3ad Heaviness: 6 limit: 5
2019-09-25 11:53:24,871 [RatisPipelineUtilsThread] INFO  pipeline.PipelinePlacementPolicy (PipelinePlacementPolicy.java:meetCriteria(91)) - Pipeline Placement: can't place more pipeline on heavy datanode： 2509016d-9eb6-46fa-8947-e5219391d1aa Heaviness: 6 limit: 5
2019-09-25 11:53:24,876 [grpc-default-executor-0] INFO  impl.RaftServerProxy (RaftServerProxy.java:addNew(89)) - cccd6a07-ee63-4140-abb3-26c9cb0b576f: addNew group-619E9B8A92BF:[cccd6a07-ee63-4140-abb3-26c9cb0b576f:192.168.30.6:46789] returns group-619E9B8A92BF:java.util.concurrent.CompletableFuture@4aef3cad[Not completed]
2019-09-25 11:53:24,877 [pool-197-thread-1] INFO  impl.RaftServerImpl (RaftServerImpl.java:<init>(95)) - cccd6a07-ee63-4140-abb3-26c9cb0b576f: new RaftServerImpl for group-619E9B8A92BF:[cccd6a07-ee63-4140-abb3-26c9cb0b576f:192.168.30.6:46789] with ContainerStateMachine:uninitialized
2019-09-25 11:53:24,877 [pool-197-thread-1] INFO  server.RaftServerConfigKeys (ConfUtils.java:logGet(43)) - raft.server.rpc.timeout.min = 5s (custom)
2019-09-25 11:53:24,877 [pool-197-thread-1] INFO  server.RaftServerConfigKeys (ConfUtils.java:logGet(43)) - raft.server.rpc.timeout.max = 5200ms (custom)
2019-09-25 11:53:24,877 [pool-197-thread-1] INFO  server.RaftServerConfigKeys (ConfUtils.java:logGet(43)) - raft.server.rpcslowness.timeout = 120s (custom)
2019-09-25 11:53:24,877 [pool-197-thread-1] INFO  server.RaftServerConfigKeys (ConfUtils.java:logGet(43)) - raft.server.sleep.deviation.threshold = 300 (default)
2019-09-25 11:53:24,877 [pool-197-thread-1] INFO  server.RaftServerConfigKeys (ConfUtils.java:logGet(43)) - raft.server.log.appender.install.snapshot.enabled = false (custom)
2019-09-25 11:53:24,877 [pool-197-thread-1] INFO  impl.RaftServerImpl (ServerState.java:<init>(103)) - cccd6a07-ee63-4140-abb3-26c9cb0b576f@group-619E9B8A92BF: ConfigurationManager, init=-1: [cccd6a07-ee63-4140-abb3-26c9cb0b576f:192.168.30.6:46789], old=null, confs=<EMPTY_MAP>
2019-09-25 11:53:24,878 [pool-197-thread-1] INFO  server.RaftServerConfigKeys (ConfUtils.java:logGet(43)) - raft.server.storage.dir = [/workdir/hadoop-ozone/ozonefs/target/test-dir/MiniOzoneClusterImpl-a940bac1-2636-4fb1-9232-9a814bb2953b/datanode-2/data/ratis] (custom)
2019-09-25 11:53:24,878 [pool-197-thread-1] INFO  storage.RaftStorageDirectory (RaftStorageDirectory.java:analyzeStorage(246)) - The storage directory /workdir/hadoop-ozone/ozonefs/target/test-dir/MiniOzoneClusterImpl-a940bac1-2636-4fb1-9232-9a814bb2953b/datanode-2/data/ratis/8e0a5c92-b7d0-423b-818a-619e9b8a92bf does not exist. Creating ...
2019-09-25 11:53:24,885 [pool-197-thread-1] INFO  storage.RaftStorageDirectory (RaftStorageDirectory.java:tryLock(328)) - Lock on /workdir/hadoop-ozone/ozonefs/target/test-dir/MiniOzoneClusterImpl-a940bac1-2636-4fb1-9232-9a814bb2953b/datanode-2/data/ratis/8e0a5c92-b7d0-423b-818a-619e9b8a92bf/in_use.lock acquired by nodename 25060@pr-hdds-1569-5gmkr-4255264070
2019-09-25 11:53:24,901 [pool-197-thread-1] INFO  storage.RaftStorage (RaftStorage.java:format(72)) - Storage directory /workdir/hadoop-ozone/ozonefs/target/test-dir/MiniOzoneClusterImpl-a940bac1-2636-4fb1-9232-9a814bb2953b/datanode-2/data/ratis/8e0a5c92-b7d0-423b-818a-619e9b8a92bf has been successfully formatted.
2019-09-25 11:53:24,901 [pool-197-thread-1] INFO  ratis.ContainerStateMachine (ContainerStateMachine.java:loadSnapshot(230)) - group-619E9B8A92BF: The snapshot info is null. Setting the last applied indexto:(t:0, i:~)
2019-09-25 11:53:24,901 [pool-197-thread-1] INFO  server.RaftServerConfigKeys (ConfUtils.java:logGet(43)) - raft.server.notification.no-leader.timeout = 120s (custom)
2019-09-25 11:53:24,901 [pool-197-thread-1] INFO  server.RaftServerConfigKeys (ConfUtils.java:logGet(43)) - raft.server.log.use.memory = false (default)
2019-09-25 11:53:24,901 [pool-197-thread-1] INFO  server.RaftServerConfigKeys (ConfUtils.java:logGet(43)) - raft.server.log.purge.gap = 1000000 (custom)
2019-09-25 11:53:24,902 [pool-197-thread-1] INFO  server.RaftServerConfigKeys (ConfUtils.java:logGet(43)) - raft.server.log.appender.buffer.byte-limit = 33554432 (custom)
2019-09-25 11:53:24,902 [pool-197-thread-1] INFO  server.RaftServerConfigKeys (ConfUtils.java:logGet(43)) - raft.server.log.segment.size.max = 1048576 (custom)
2019-09-25 11:53:24,902 [pool-197-thread-1] INFO  server.RaftServerConfigKeys (ConfUtils.java:logGet(43)) - raft.server.log.segment.cache.num.max = 2 (custom)
2019-09-25 11:53:24,902 [pool-197-thread-1] INFO  segmented.SegmentedRaftLogWorker (SegmentedRaftLogWorker.java:<init>(172)) - new cccd6a07-ee63-4140-abb3-26c9cb0b576f@group-619E9B8A92BF-SegmentedRaftLogWorker for RaftStorage:Storage Directory /workdir/hadoop-ozone/ozonefs/target/test-dir/MiniOzoneClusterImpl-a940bac1-2636-4fb1-9232-9a814bb2953b/datanode-2/data/ratis/8e0a5c92-b7d0-423b-818a-619e9b8a92bf
2019-09-25 11:53:24,902 [pool-197-thread-1] INFO  server.RaftServerConfigKeys (ConfUtils.java:logGet(43)) - raft.server.log.queue.byte-limit = 2147483647 (custom)
2019-09-25 11:53:24,902 [pool-197-thread-1] INFO  server.RaftServerConfigKeys (ConfUtils.java:logGet(43)) - raft.server.log.queue.element-limit = 1024 (custom)
2019-09-25 11:53:24,903 [pool-197-thread-1] INFO  server.RaftServerConfigKeys (ConfUtils.java:logGet(43)) - raft.server.log.segment.size.max = 1048576 (custom)
2019-09-25 11:53:24,903 [pool-197-thread-1] INFO  server.RaftServerConfigKeys (ConfUtils.java:logGet(43)) - raft.server.log.preallocated.size = 16384 (custom)
2019-09-25 11:53:24,903 [pool-197-thread-1] INFO  server.RaftServerConfigKeys (ConfUtils.java:logGet(43)) - raft.server.log.write.buffer.size = 33554432 (custom)
2019-09-25 11:53:24,903 [pool-197-thread-1] INFO  server.RaftServerConfigKeys (ConfUtils.java:logGet(43)) - raft.server.log.force.sync.num = 128 (default)
2019-09-25 11:53:24,903 [pool-197-thread-1] INFO  server.RaftServerConfigKeys (ConfUtils.java:logGet(43)) - raft.server.log.statemachine.data.sync = true (default)
2019-09-25 11:53:24,903 [pool-197-thread-1] INFO  server.RaftServerConfigKeys (ConfUtils.java:logGet(43)) - raft.server.log.statemachine.data.sync.timeout = 10s (default)
2019-09-25 11:53:24,903 [pool-197-thread-1] INFO  server.RaftServerConfigKeys (ConfUtils.java:logGet(43)) - raft.server.log.statemachine.data.sync.timeout.retry = -1 (default)
2019-09-25 11:53:24,904 [pool-197-thread-1] INFO  server.RaftServerConfigKeys (ConfUtils.java:logGet(43)) - raft.server.log.statemachine.data.caching.enabled = true (custom)
2019-09-25 11:53:24,904 [pool-197-thread-1] INFO  segmented.SegmentedRaftLogWorker (SegmentedRaftLogWorker.java:lambda$new$0(132)) - cccd6a07-ee63-4140-abb3-26c9cb0b576f@group-619E9B8A92BF-SegmentedRaftLogWorker: flushIndex: setUnconditionally 0 -> -1
2019-09-25 11:53:24,904 [pool-197-thread-1] INFO  server.RaftServerConfigKeys (ConfUtils.java:logGet(43)) - raft.server.snapshot.auto.trigger.enabled = true (custom)
2019-09-25 11:53:24,904 [pool-197-thread-1] INFO  server.RaftServerConfigKeys (ConfUtils.java:logGet(43)) - raft.server.snapshot.auto.trigger.threshold = 10000 (custom)
2019-09-25 11:53:24,905 [pool-197-thread-1] INFO  server.RaftServerConfigKeys (ConfUtils.java:logGet(43)) - raft.server.snapshot.retention.num.files = 5 (custom)
2019-09-25 11:53:24,905 [pool-197-thread-1] INFO  server.RaftServerConfigKeys (ConfUtils.java:logGet(43)) - raft.server.retrycache.expirytime = 600000ms (custom)
2019-09-25 11:53:24,907 [pool-197-thread-1] INFO  impl.RaftServerImpl (RaftServerImpl.java:start(185)) - cccd6a07-ee63-4140-abb3-26c9cb0b576f@group-619E9B8A92BF: start as a follower, conf=-1: [cccd6a07-ee63-4140-abb3-26c9cb0b576f:192.168.30.6:46789], old=null
2019-09-25 11:53:24,907 [pool-197-thread-1] INFO  impl.RaftServerImpl (RaftServerImpl.java:setRole(174)) - cccd6a07-ee63-4140-abb3-26c9cb0b576f@group-619E9B8A92BF: changes role from      null to FOLLOWER at term 0 for startAsFollower
2019-09-25 11:53:24,907 [pool-197-thread-1] INFO  impl.RoleInfo (RoleInfo.java:updateAndGet(143)) - cccd6a07-ee63-4140-abb3-26c9cb0b576f: start FollowerState
2019-09-25 11:53:24,907 [pool-197-thread-1] INFO  util.JmxRegister (JmxRegister.java:tryRegister(44)) - Successfully registered JMX Bean with object name Ratis:service=RaftServer,group=group-619E9B8A92BF,id=cccd6a07-ee63-4140-abb3-26c9cb0b576f
2019-09-25 11:53:24,910 [RatisPipelineUtilsThread] INFO  pipeline.PipelineStateManager (PipelineStateManager.java:addPipeline(56)) - Created pipeline Pipeline[ Id: 8e0a5c92-b7d0-423b-818a-619e9b8a92bf, Nodes: cccd6a07-ee63-4140-abb3-26c9cb0b576f{ip: 192.168.30.6, host: pr-hdds-1569-5gmkr-4255264070, networkLocation: /default-rack, certSerialId: null}, Type:RATIS, Factor:ONE, State:OPEN]
2019-09-25 11:53:24,910 [RatisPipelineUtilsThread] INFO  pipeline.PipelinePlacementPolicy (PipelinePlacementPolicy.java:meetCriteria(91)) - Pipeline Placement: can't place more pipeline on heavy datanode： a2397dbc-5a20-48b8-8cb9-3a858bdee3ad Heaviness: 6 limit: 5
2019-09-25 11:53:24,910 [RatisPipelineUtilsThread] INFO  pipeline.PipelinePlacementPolicy (PipelinePlacementPolicy.java:meetCriteria(91)) - Pipeline Placement: can't place more pipeline on heavy datanode： 2509016d-9eb6-46fa-8947-e5219391d1aa Heaviness: 6 limit: 5
2019-09-25 11:53:24,915 [grpc-default-executor-0] INFO  impl.RaftServerProxy (RaftServerProxy.java:addNew(89)) - cccd6a07-ee63-4140-abb3-26c9cb0b576f: addNew group-2B6F8F4541C7:[cccd6a07-ee63-4140-abb3-26c9cb0b576f:192.168.30.6:46789] returns group-2B6F8F4541C7:java.util.concurrent.CompletableFuture@509d7556[Not completed]
2019-09-25 11:53:24,916 [pool-197-thread-1] INFO  impl.RaftServerImpl (RaftServerImpl.java:<init>(95)) - cccd6a07-ee63-4140-abb3-26c9cb0b576f: new RaftServerImpl for group-2B6F8F4541C7:[cccd6a07-ee63-4140-abb3-26c9cb0b576f:192.168.30.6:46789] with ContainerStateMachine:uninitialized
2019-09-25 11:53:24,916 [pool-197-thread-1] INFO  server.RaftServerConfigKeys (ConfUtils.java:logGet(43)) - raft.server.rpc.timeout.min = 5s (custom)
2019-09-25 11:53:24,917 [pool-197-thread-1] INFO  server.RaftServerConfigKeys (ConfUtils.java:logGet(43)) - raft.server.rpc.timeout.max = 5200ms (custom)
2019-09-25 11:53:24,917 [pool-197-thread-1] INFO  server.RaftServerConfigKeys (ConfUtils.java:logGet(43)) - raft.server.rpcslowness.timeout = 120s (custom)
2019-09-25 11:53:24,917 [pool-197-thread-1] INFO  server.RaftServerConfigKeys (ConfUtils.java:logGet(43)) - raft.server.sleep.deviation.threshold = 300 (default)
2019-09-25 11:53:24,917 [pool-197-thread-1] INFO  server.RaftServerConfigKeys (ConfUtils.java:logGet(43)) - raft.server.log.appender.install.snapshot.enabled = false (custom)
2019-09-25 11:53:24,917 [pool-197-thread-1] INFO  impl.RaftServerImpl (ServerState.java:<init>(103)) - cccd6a07-ee63-4140-abb3-26c9cb0b576f@group-2B6F8F4541C7: ConfigurationManager, init=-1: [cccd6a07-ee63-4140-abb3-26c9cb0b576f:192.168.30.6:46789], old=null, confs=<EMPTY_MAP>
2019-09-25 11:53:24,917 [pool-197-thread-1] INFO  server.RaftServerConfigKeys (ConfUtils.java:logGet(43)) - raft.server.storage.dir = [/workdir/hadoop-ozone/ozonefs/target/test-dir/MiniOzoneClusterImpl-a940bac1-2636-4fb1-9232-9a814bb2953b/datanode-2/data/ratis] (custom)
2019-09-25 11:53:24,918 [pool-197-thread-1] INFO  storage.RaftStorageDirectory (RaftStorageDirectory.java:analyzeStorage(246)) - The storage directory /workdir/hadoop-ozone/ozonefs/target/test-dir/MiniOzoneClusterImpl-a940bac1-2636-4fb1-9232-9a814bb2953b/datanode-2/data/ratis/048e15af-baf1-4cd3-91d9-2b6f8f4541c7 does not exist. Creating ...
2019-09-25 11:53:24,930 [pool-197-thread-1] INFO  storage.RaftStorageDirectory (RaftStorageDirectory.java:tryLock(328)) - Lock on /workdir/hadoop-ozone/ozonefs/target/test-dir/MiniOzoneClusterImpl-a940bac1-2636-4fb1-9232-9a814bb2953b/datanode-2/data/ratis/048e15af-baf1-4cd3-91d9-2b6f8f4541c7/in_use.lock acquired by nodename 25060@pr-hdds-1569-5gmkr-4255264070
2019-09-25 11:53:24,943 [pool-197-thread-1] INFO  storage.RaftStorage (RaftStorage.java:format(72)) - Storage directory /workdir/hadoop-ozone/ozonefs/target/test-dir/MiniOzoneClusterImpl-a940bac1-2636-4fb1-9232-9a814bb2953b/datanode-2/data/ratis/048e15af-baf1-4cd3-91d9-2b6f8f4541c7 has been successfully formatted.
2019-09-25 11:53:24,944 [pool-197-thread-1] INFO  ratis.ContainerStateMachine (ContainerStateMachine.java:loadSnapshot(230)) - group-2B6F8F4541C7: The snapshot info is null. Setting the last applied indexto:(t:0, i:~)
2019-09-25 11:53:24,944 [pool-197-thread-1] INFO  server.RaftServerConfigKeys (ConfUtils.java:logGet(43)) - raft.server.notification.no-leader.timeout = 120s (custom)
2019-09-25 11:53:24,944 [pool-197-thread-1] INFO  server.RaftServerConfigKeys (ConfUtils.java:logGet(43)) - raft.server.log.use.memory = false (default)
2019-09-25 11:53:24,944 [pool-197-thread-1] INFO  server.RaftServerConfigKeys (ConfUtils.java:logGet(43)) - raft.server.log.purge.gap = 1000000 (custom)
2019-09-25 11:53:24,944 [pool-197-thread-1] INFO  server.RaftServerConfigKeys (ConfUtils.java:logGet(43)) - raft.server.log.appender.buffer.byte-limit = 33554432 (custom)
2019-09-25 11:53:24,944 [pool-197-thread-1] INFO  server.RaftServerConfigKeys (ConfUtils.java:logGet(43)) - raft.server.log.segment.size.max = 1048576 (custom)
2019-09-25 11:53:24,944 [pool-197-thread-1] INFO  server.RaftServerConfigKeys (ConfUtils.java:logGet(43)) - raft.server.log.segment.cache.num.max = 2 (custom)
2019-09-25 11:53:24,945 [pool-197-thread-1] INFO  segmented.SegmentedRaftLogWorker (SegmentedRaftLogWorker.java:<init>(172)) - new cccd6a07-ee63-4140-abb3-26c9cb0b576f@group-2B6F8F4541C7-SegmentedRaftLogWorker for RaftStorage:Storage Directory /workdir/hadoop-ozone/ozonefs/target/test-dir/MiniOzoneClusterImpl-a940bac1-2636-4fb1-9232-9a814bb2953b/datanode-2/data/ratis/048e15af-baf1-4cd3-91d9-2b6f8f4541c7
2019-09-25 11:53:24,945 [pool-197-thread-1] INFO  server.RaftServerConfigKeys (ConfUtils.java:logGet(43)) - raft.server.log.queue.byte-limit = 2147483647 (custom)
2019-09-25 11:53:24,945 [pool-197-thread-1] INFO  server.RaftServerConfigKeys (ConfUtils.java:logGet(43)) - raft.server.log.queue.element-limit = 1024 (custom)
2019-09-25 11:53:24,945 [pool-197-thread-1] INFO  server.RaftServerConfigKeys (ConfUtils.java:logGet(43)) - raft.server.log.segment.size.max = 1048576 (custom)
2019-09-25 11:53:24,945 [pool-197-thread-1] INFO  server.RaftServerConfigKeys (ConfUtils.java:logGet(43)) - raft.server.log.preallocated.size = 16384 (custom)
2019-09-25 11:53:24,945 [pool-197-thread-1] INFO  server.RaftServerConfigKeys (ConfUtils.java:logGet(43)) - raft.server.log.write.buffer.size = 33554432 (custom)
2019-09-25 11:53:24,945 [pool-197-thread-1] INFO  server.RaftServerConfigKeys (ConfUtils.java:logGet(43)) - raft.server.log.force.sync.num = 128 (default)
2019-09-25 11:53:24,946 [pool-197-thread-1] INFO  server.RaftServerConfigKeys (ConfUtils.java:logGet(43)) - raft.server.log.statemachine.data.sync = true (default)
2019-09-25 11:53:24,946 [pool-197-thread-1] INFO  server.RaftServerConfigKeys (ConfUtils.java:logGet(43)) - raft.server.log.statemachine.data.sync.timeout = 10s (default)
2019-09-25 11:53:24,946 [pool-197-thread-1] INFO  server.RaftServerConfigKeys (ConfUtils.java:logGet(43)) - raft.server.log.statemachine.data.sync.timeout.retry = -1 (default)
2019-09-25 11:53:24,946 [pool-197-thread-1] INFO  server.RaftServerConfigKeys (ConfUtils.java:logGet(43)) - raft.server.log.statemachine.data.caching.enabled = true (custom)
2019-09-25 11:53:24,946 [pool-197-thread-1] INFO  segmented.SegmentedRaftLogWorker (SegmentedRaftLogWorker.java:lambda$new$0(132)) - cccd6a07-ee63-4140-abb3-26c9cb0b576f@group-2B6F8F4541C7-SegmentedRaftLogWorker: flushIndex: setUnconditionally 0 -> -1
2019-09-25 11:53:24,947 [pool-197-thread-1] INFO  server.RaftServerConfigKeys (ConfUtils.java:logGet(43)) - raft.server.snapshot.auto.trigger.enabled = true (custom)
2019-09-25 11:53:24,947 [pool-197-thread-1] INFO  server.RaftServerConfigKeys (ConfUtils.java:logGet(43)) - raft.server.snapshot.auto.trigger.threshold = 10000 (custom)
2019-09-25 11:53:24,947 [pool-197-thread-1] INFO  server.RaftServerConfigKeys (ConfUtils.java:logGet(43)) - raft.server.snapshot.retention.num.files = 5 (custom)
2019-09-25 11:53:24,947 [pool-197-thread-1] INFO  server.RaftServerConfigKeys (ConfUtils.java:logGet(43)) - raft.server.retrycache.expirytime = 600000ms (custom)
2019-09-25 11:53:24,949 [pool-197-thread-1] INFO  impl.RaftServerImpl (RaftServerImpl.java:start(185)) - cccd6a07-ee63-4140-abb3-26c9cb0b576f@group-2B6F8F4541C7: start as a follower, conf=-1: [cccd6a07-ee63-4140-abb3-26c9cb0b576f:192.168.30.6:46789], old=null
2019-09-25 11:53:24,949 [pool-197-thread-1] INFO  impl.RaftServerImpl (RaftServerImpl.java:setRole(174)) - cccd6a07-ee63-4140-abb3-26c9cb0b576f@group-2B6F8F4541C7: changes role from      null to FOLLOWER at term 0 for startAsFollower
2019-09-25 11:53:24,949 [pool-197-thread-1] INFO  impl.RoleInfo (RoleInfo.java:updateAndGet(143)) - cccd6a07-ee63-4140-abb3-26c9cb0b576f: start FollowerState
2019-09-25 11:53:24,950 [pool-197-thread-1] INFO  util.JmxRegister (JmxRegister.java:tryRegister(44)) - Successfully registered JMX Bean with object name Ratis:service=RaftServer,group=group-2B6F8F4541C7,id=cccd6a07-ee63-4140-abb3-26c9cb0b576f
2019-09-25 11:53:24,953 [RatisPipelineUtilsThread] INFO  pipeline.PipelineStateManager (PipelineStateManager.java:addPipeline(56)) - Created pipeline Pipeline[ Id: 048e15af-baf1-4cd3-91d9-2b6f8f4541c7, Nodes: cccd6a07-ee63-4140-abb3-26c9cb0b576f{ip: 192.168.30.6, host: pr-hdds-1569-5gmkr-4255264070, networkLocation: /default-rack, certSerialId: null}, Type:RATIS, Factor:ONE, State:OPEN]
2019-09-25 11:53:24,953 [RatisPipelineUtilsThread] INFO  pipeline.PipelinePlacementPolicy (PipelinePlacementPolicy.java:meetCriteria(91)) - Pipeline Placement: can't place more pipeline on heavy datanode： a2397dbc-5a20-48b8-8cb9-3a858bdee3ad Heaviness: 6 limit: 5
2019-09-25 11:53:24,953 [RatisPipelineUtilsThread] INFO  pipeline.PipelinePlacementPolicy (PipelinePlacementPolicy.java:meetCriteria(91)) - Pipeline Placement: can't place more pipeline on heavy datanode： 2509016d-9eb6-46fa-8947-e5219391d1aa Heaviness: 6 limit: 5
2019-09-25 11:53:24,953 [RatisPipelineUtilsThread] INFO  pipeline.PipelinePlacementPolicy (PipelinePlacementPolicy.java:meetCriteria(91)) - Pipeline Placement: can't place more pipeline on heavy datanode： cccd6a07-ee63-4140-abb3-26c9cb0b576f Heaviness: 6 limit: 5
2019-09-25 11:53:24,953 [RatisPipelineUtilsThread] ERROR pipeline.PipelinePlacementPolicy (PipelinePlacementPolicy.java:filterViableNodes(148)) - Unable to find enough nodes that meet the criteria that cannot engage in more than 5 pipelines. Nodes required: 1 Found: 0, healthy nodes count inNodeManager: 3.
2019-09-25 11:53:24,954 [RatisPipelineUtilsThread] ERROR pipeline.SCMPipelineManager (SCMPipelineManager.java:createPipeline(167)) - Pipeline creation failed.
org.apache.hadoop.hdds.scm.exceptions.SCMException: Unable to find enough nodes that meet the criteria that cannot engage in more than 5 pipelines. Nodes required: 1 Found: 0, healthy nodes count inNodeManager: 3.
	at org.apache.hadoop.hdds.scm.pipeline.PipelinePlacementPolicy.filterViableNodes(PipelinePlacementPolicy.java:149)
	at org.apache.hadoop.hdds.scm.pipeline.PipelinePlacementPolicy.chooseDatanodes(PipelinePlacementPolicy.java:172)
	at org.apache.hadoop.hdds.scm.pipeline.RatisPipelineProvider.create(RatisPipelineProvider.java:93)
	at org.apache.hadoop.hdds.scm.pipeline.PipelineFactory.create(PipelineFactory.java:58)
	at org.apache.hadoop.hdds.scm.pipeline.SCMPipelineManager.createPipeline(SCMPipelineManager.java:155)
	at org.apache.hadoop.hdds.scm.pipeline.BackgroundPipelineCreator.createPipelines(BackgroundPipelineCreator.java:99)
	at java.util.concurrent.Executors$RunnableAdapter.call(Executors.java:511)
	at java.util.concurrent.FutureTask.run(FutureTask.java:266)
	at java.util.concurrent.ScheduledThreadPoolExecutor$ScheduledFutureTask.access$201(ScheduledThreadPoolExecutor.java:180)
	at java.util.concurrent.ScheduledThreadPoolExecutor$ScheduledFutureTask.run(ScheduledThreadPoolExecutor.java:293)
	at java.util.concurrent.ThreadPoolExecutor.runWorker(ThreadPoolExecutor.java:1149)
	at java.util.concurrent.ThreadPoolExecutor$Worker.run(ThreadPoolExecutor.java:624)
	at java.lang.Thread.run(Thread.java:748)
2019-09-25 11:53:24,954 [RatisPipelineUtilsThread] INFO  pipeline.PipelinePlacementPolicy (PipelinePlacementPolicy.java:meetCriteria(91)) - Pipeline Placement: can't place more pipeline on heavy datanode： a2397dbc-5a20-48b8-8cb9-3a858bdee3ad Heaviness: 6 limit: 5
2019-09-25 11:53:24,954 [RatisPipelineUtilsThread] INFO  pipeline.PipelinePlacementPolicy (PipelinePlacementPolicy.java:meetCriteria(91)) - Pipeline Placement: can't place more pipeline on heavy datanode： 2509016d-9eb6-46fa-8947-e5219391d1aa Heaviness: 6 limit: 5
2019-09-25 11:53:24,955 [RatisPipelineUtilsThread] INFO  pipeline.PipelinePlacementPolicy (PipelinePlacementPolicy.java:meetCriteria(91)) - Pipeline Placement: can't place more pipeline on heavy datanode： cccd6a07-ee63-4140-abb3-26c9cb0b576f Heaviness: 6 limit: 5
2019-09-25 11:53:24,955 [RatisPipelineUtilsThread] ERROR pipeline.PipelinePlacementPolicy (PipelinePlacementPolicy.java:filterViableNodes(148)) - Unable to find enough nodes that meet the criteria that cannot engage in more than 5 pipelines. Nodes required: 3 Found: 0, healthy nodes count inNodeManager: 3.
2019-09-25 11:53:24,955 [RatisPipelineUtilsThread] ERROR pipeline.SCMPipelineManager (SCMPipelineManager.java:createPipeline(167)) - Pipeline creation failed.
org.apache.hadoop.hdds.scm.exceptions.SCMException: Unable to find enough nodes that meet the criteria that cannot engage in more than 5 pipelines. Nodes required: 3 Found: 0, healthy nodes count inNodeManager: 3.
	at org.apache.hadoop.hdds.scm.pipeline.PipelinePlacementPolicy.filterViableNodes(PipelinePlacementPolicy.java:149)
	at org.apache.hadoop.hdds.scm.pipeline.PipelinePlacementPolicy.chooseDatanodes(PipelinePlacementPolicy.java:172)
	at org.apache.hadoop.hdds.scm.pipeline.RatisPipelineProvider.create(RatisPipelineProvider.java:93)
	at org.apache.hadoop.hdds.scm.pipeline.PipelineFactory.create(PipelineFactory.java:58)
	at org.apache.hadoop.hdds.scm.pipeline.SCMPipelineManager.createPipeline(SCMPipelineManager.java:155)
	at org.apache.hadoop.hdds.scm.pipeline.BackgroundPipelineCreator.createPipelines(BackgroundPipelineCreator.java:99)
	at java.util.concurrent.Executors$RunnableAdapter.call(Executors.java:511)
	at java.util.concurrent.FutureTask.run(FutureTask.java:266)
	at java.util.concurrent.ScheduledThreadPoolExecutor$ScheduledFutureTask.access$201(ScheduledThreadPoolExecutor.java:180)
	at java.util.concurrent.ScheduledThreadPoolExecutor$ScheduledFutureTask.run(ScheduledThreadPoolExecutor.java:293)
	at java.util.concurrent.ThreadPoolExecutor.runWorker(ThreadPoolExecutor.java:1149)
	at java.util.concurrent.ThreadPoolExecutor$Worker.run(ThreadPoolExecutor.java:624)
	at java.lang.Thread.run(Thread.java:748)
2019-09-25 11:53:24,955 [RatisPipelineUtilsThread] INFO  pipeline.PipelinePlacementPolicy (PipelinePlacementPolicy.java:meetCriteria(91)) - Pipeline Placement: can't place more pipeline on heavy datanode： a2397dbc-5a20-48b8-8cb9-3a858bdee3ad Heaviness: 6 limit: 5
2019-09-25 11:53:24,956 [RatisPipelineUtilsThread] INFO  pipeline.PipelinePlacementPolicy (PipelinePlacementPolicy.java:meetCriteria(91)) - Pipeline Placement: can't place more pipeline on heavy datanode： 2509016d-9eb6-46fa-8947-e5219391d1aa Heaviness: 6 limit: 5
2019-09-25 11:53:24,956 [RatisPipelineUtilsThread] INFO  pipeline.PipelinePlacementPolicy (PipelinePlacementPolicy.java:meetCriteria(91)) - Pipeline Placement: can't place more pipeline on heavy datanode： cccd6a07-ee63-4140-abb3-26c9cb0b576f Heaviness: 6 limit: 5
2019-09-25 11:53:24,956 [RatisPipelineUtilsThread] ERROR pipeline.PipelinePlacementPolicy (PipelinePlacementPolicy.java:filterViableNodes(148)) - Unable to find enough nodes that meet the criteria that cannot engage in more than 5 pipelines. Nodes required: 1 Found: 0, healthy nodes count inNodeManager: 3.
2019-09-25 11:53:24,956 [RatisPipelineUtilsThread] ERROR pipeline.SCMPipelineManager (SCMPipelineManager.java:createPipeline(167)) - Pipeline creation failed.
org.apache.hadoop.hdds.scm.exceptions.SCMException: Unable to find enough nodes that meet the criteria that cannot engage in more than 5 pipelines. Nodes required: 1 Found: 0, healthy nodes count inNodeManager: 3.
	at org.apache.hadoop.hdds.scm.pipeline.PipelinePlacementPolicy.filterViableNodes(PipelinePlacementPolicy.java:149)
	at org.apache.hadoop.hdds.scm.pipeline.PipelinePlacementPolicy.chooseDatanodes(PipelinePlacementPolicy.java:172)
	at org.apache.hadoop.hdds.scm.pipeline.RatisPipelineProvider.create(RatisPipelineProvider.java:93)
	at org.apache.hadoop.hdds.scm.pipeline.PipelineFactory.create(PipelineFactory.java:58)
	at org.apache.hadoop.hdds.scm.pipeline.SCMPipelineManager.createPipeline(SCMPipelineManager.java:155)
	at org.apache.hadoop.hdds.scm.pipeline.BackgroundPipelineCreator.createPipelines(BackgroundPipelineCreator.java:99)
	at org.apache.hadoop.hdds.scm.pipeline.BackgroundPipelineCreator.lambda$startFixedIntervalPipelineCreator$0(BackgroundPipelineCreator.java:70)
	at java.util.concurrent.Executors$RunnableAdapter.call(Executors.java:511)
	at java.util.concurrent.FutureTask.runAndReset(FutureTask.java:308)
	at java.util.concurrent.ScheduledThreadPoolExecutor$ScheduledFutureTask.access$301(ScheduledThreadPoolExecutor.java:180)
	at java.util.concurrent.ScheduledThreadPoolExecutor$ScheduledFutureTask.run(ScheduledThreadPoolExecutor.java:294)
	at java.util.concurrent.ThreadPoolExecutor.runWorker(ThreadPoolExecutor.java:1149)
	at java.util.concurrent.ThreadPoolExecutor$Worker.run(ThreadPoolExecutor.java:624)
	at java.lang.Thread.run(Thread.java:748)
2019-09-25 11:53:24,957 [RatisPipelineUtilsThread] INFO  pipeline.PipelinePlacementPolicy (PipelinePlacementPolicy.java:meetCriteria(91)) - Pipeline Placement: can't place more pipeline on heavy datanode： a2397dbc-5a20-48b8-8cb9-3a858bdee3ad Heaviness: 6 limit: 5
2019-09-25 11:53:24,957 [RatisPipelineUtilsThread] INFO  pipeline.PipelinePlacementPolicy (PipelinePlacementPolicy.java:meetCriteria(91)) - Pipeline Placement: can't place more pipeline on heavy datanode： 2509016d-9eb6-46fa-8947-e5219391d1aa Heaviness: 6 limit: 5
2019-09-25 11:53:24,957 [RatisPipelineUtilsThread] INFO  pipeline.PipelinePlacementPolicy (PipelinePlacementPolicy.java:meetCriteria(91)) - Pipeline Placement: can't place more pipeline on heavy datanode： cccd6a07-ee63-4140-abb3-26c9cb0b576f Heaviness: 6 limit: 5
2019-09-25 11:53:24,957 [RatisPipelineUtilsThread] ERROR pipeline.PipelinePlacementPolicy (PipelinePlacementPolicy.java:filterViableNodes(148)) - Unable to find enough nodes that meet the criteria that cannot engage in more than 5 pipelines. Nodes required: 3 Found: 0, healthy nodes count inNodeManager: 3.
2019-09-25 11:53:24,957 [RatisPipelineUtilsThread] ERROR pipeline.SCMPipelineManager (SCMPipelineManager.java:createPipeline(167)) - Pipeline creation failed.
org.apache.hadoop.hdds.scm.exceptions.SCMException: Unable to find enough nodes that meet the criteria that cannot engage in more than 5 pipelines. Nodes required: 3 Found: 0, healthy nodes count inNodeManager: 3.
	at org.apache.hadoop.hdds.scm.pipeline.PipelinePlacementPolicy.filterViableNodes(PipelinePlacementPolicy.java:149)
	at org.apache.hadoop.hdds.scm.pipeline.PipelinePlacementPolicy.chooseDatanodes(PipelinePlacementPolicy.java:172)
	at org.apache.hadoop.hdds.scm.pipeline.RatisPipelineProvider.create(RatisPipelineProvider.java:93)
	at org.apache.hadoop.hdds.scm.pipeline.PipelineFactory.create(PipelineFactory.java:58)
	at org.apache.hadoop.hdds.scm.pipeline.SCMPipelineManager.createPipeline(SCMPipelineManager.java:155)
	at org.apache.hadoop.hdds.scm.pipeline.BackgroundPipelineCreator.createPipelines(BackgroundPipelineCreator.java:99)
	at org.apache.hadoop.hdds.scm.pipeline.BackgroundPipelineCreator.lambda$startFixedIntervalPipelineCreator$0(BackgroundPipelineCreator.java:70)
	at java.util.concurrent.Executors$RunnableAdapter.call(Executors.java:511)
	at java.util.concurrent.FutureTask.runAndReset(FutureTask.java:308)
	at java.util.concurrent.ScheduledThreadPoolExecutor$ScheduledFutureTask.access$301(ScheduledThreadPoolExecutor.java:180)
	at java.util.concurrent.ScheduledThreadPoolExecutor$ScheduledFutureTask.run(ScheduledThreadPoolExecutor.java:294)
	at java.util.concurrent.ThreadPoolExecutor.runWorker(ThreadPoolExecutor.java:1149)
	at java.util.concurrent.ThreadPoolExecutor$Worker.run(ThreadPoolExecutor.java:624)
	at java.lang.Thread.run(Thread.java:748)
2019-09-25 11:53:25,419 [Thread-795] INFO  ozone.MiniOzoneClusterImpl (MiniOzoneClusterImpl.java:lambda$waitForClusterToBeReady$0(147)) - Cluster is ready. Got 3 of 3 DN Heartbeats.
2019-09-25 11:53:25,467 [Thread-795] INFO  rpc.RpcClient (RpcClient.java:createVolume(276)) - Creating Volume: volume13139, with user86790 as owner.
2019-09-25 11:53:25,469 [IPC Server handler 2 on 36910] INFO  volume.OMVolumeCreateRequest (OMVolumeCreateRequest.java:validateAndUpdateCache(189)) - created volume:volume13139 for user:user86790
2019-09-25 11:53:25,479 [Thread-795] INFO  rpc.RpcClient (RpcClient.java:createBucket(415)) - Creating Bucket: volume13139/bucket29963, with Versioning false and Storage Type set to DISK and Encryption set to false 
2019-09-25 11:53:25,518 [IPC Server handler 1 on 41661] INFO  pipeline.PipelinePlacementPolicy (PipelinePlacementPolicy.java:meetCriteria(91)) - Pipeline Placement: can't place more pipeline on heavy datanode： a2397dbc-5a20-48b8-8cb9-3a858bdee3ad Heaviness: 6 limit: 5
2019-09-25 11:53:25,518 [IPC Server handler 1 on 41661] INFO  pipeline.PipelinePlacementPolicy (PipelinePlacementPolicy.java:meetCriteria(91)) - Pipeline Placement: can't place more pipeline on heavy datanode： 2509016d-9eb6-46fa-8947-e5219391d1aa Heaviness: 6 limit: 5
2019-09-25 11:53:25,519 [IPC Server handler 1 on 41661] INFO  pipeline.PipelinePlacementPolicy (PipelinePlacementPolicy.java:meetCriteria(91)) - Pipeline Placement: can't place more pipeline on heavy datanode： cccd6a07-ee63-4140-abb3-26c9cb0b576f Heaviness: 6 limit: 5
2019-09-25 11:53:25,519 [IPC Server handler 1 on 41661] ERROR pipeline.PipelinePlacementPolicy (PipelinePlacementPolicy.java:filterViableNodes(148)) - Unable to find enough nodes that meet the criteria that cannot engage in more than 5 pipelines. Nodes required: 3 Found: 0, healthy nodes count inNodeManager: 3.
2019-09-25 11:53:25,519 [IPC Server handler 1 on 41661] ERROR pipeline.SCMPipelineManager (SCMPipelineManager.java:createPipeline(167)) - Pipeline creation failed.
org.apache.hadoop.hdds.scm.exceptions.SCMException: Unable to find enough nodes that meet the criteria that cannot engage in more than 5 pipelines. Nodes required: 3 Found: 0, healthy nodes count inNodeManager: 3.
	at org.apache.hadoop.hdds.scm.pipeline.PipelinePlacementPolicy.filterViableNodes(PipelinePlacementPolicy.java:149)
	at org.apache.hadoop.hdds.scm.pipeline.PipelinePlacementPolicy.chooseDatanodes(PipelinePlacementPolicy.java:172)
	at org.apache.hadoop.hdds.scm.pipeline.RatisPipelineProvider.create(RatisPipelineProvider.java:93)
	at org.apache.hadoop.hdds.scm.pipeline.PipelineFactory.create(PipelineFactory.java:58)
	at org.apache.hadoop.hdds.scm.pipeline.SCMPipelineManager.createPipeline(SCMPipelineManager.java:155)
	at org.apache.hadoop.hdds.scm.block.BlockManagerImpl.allocateBlock(BlockManagerImpl.java:190)
	at org.apache.hadoop.hdds.scm.server.SCMBlockProtocolServer.allocateBlock(SCMBlockProtocolServer.java:182)
	at org.apache.hadoop.ozone.protocolPB.ScmBlockLocationProtocolServerSideTranslatorPB.allocateScmBlock(ScmBlockLocationProtocolServerSideTranslatorPB.java:183)
	at org.apache.hadoop.ozone.protocolPB.ScmBlockLocationProtocolServerSideTranslatorPB.processMessage(ScmBlockLocationProtocolServerSideTranslatorPB.java:141)
	at org.apache.hadoop.ozone.protocolPB.ScmBlockLocationProtocolServerSideTranslatorPB.send(ScmBlockLocationProtocolServerSideTranslatorPB.java:116)
	at org.apache.hadoop.hdds.protocol.proto.ScmBlockLocationProtocolProtos$ScmBlockLocationProtocolService$2.callBlockingMethod(ScmBlockLocationProtocolProtos.java:13157)
	at org.apache.hadoop.ipc.ProtobufRpcEngine$Server$ProtoBufRpcInvoker.call(ProtobufRpcEngine.java:524)
	at org.apache.hadoop.ipc.RPC$Server.call(RPC.java:1025)
	at org.apache.hadoop.ipc.Server$RpcCall.run(Server.java:876)
	at org.apache.hadoop.ipc.Server$RpcCall.run(Server.java:822)
	at java.security.AccessController.doPrivileged(Native Method)
	at javax.security.auth.Subject.doAs(Subject.java:422)
	at org.apache.hadoop.security.UserGroupInformation.doAs(UserGroupInformation.java:1730)
	at org.apache.hadoop.ipc.Server$Handler.run(Server.java:2682)
2019-09-25 11:53:25,519 [IPC Server handler 1 on 41661] WARN  block.BlockManagerImpl (BlockManagerImpl.java:allocateBlock(192)) - Pipeline creation failed for type:RATIS factor:THREE. Retrying get pipelines call once.
org.apache.hadoop.hdds.scm.exceptions.SCMException: Unable to find enough nodes that meet the criteria that cannot engage in more than 5 pipelines. Nodes required: 3 Found: 0, healthy nodes count inNodeManager: 3.
	at org.apache.hadoop.hdds.scm.pipeline.PipelinePlacementPolicy.filterViableNodes(PipelinePlacementPolicy.java:149)
	at org.apache.hadoop.hdds.scm.pipeline.PipelinePlacementPolicy.chooseDatanodes(PipelinePlacementPolicy.java:172)
	at org.apache.hadoop.hdds.scm.pipeline.RatisPipelineProvider.create(RatisPipelineProvider.java:93)
	at org.apache.hadoop.hdds.scm.pipeline.PipelineFactory.create(PipelineFactory.java:58)
	at org.apache.hadoop.hdds.scm.pipeline.SCMPipelineManager.createPipeline(SCMPipelineManager.java:155)
	at org.apache.hadoop.hdds.scm.block.BlockManagerImpl.allocateBlock(BlockManagerImpl.java:190)
	at org.apache.hadoop.hdds.scm.server.SCMBlockProtocolServer.allocateBlock(SCMBlockProtocolServer.java:182)
	at org.apache.hadoop.ozone.protocolPB.ScmBlockLocationProtocolServerSideTranslatorPB.allocateScmBlock(ScmBlockLocationProtocolServerSideTranslatorPB.java:183)
	at org.apache.hadoop.ozone.protocolPB.ScmBlockLocationProtocolServerSideTranslatorPB.processMessage(ScmBlockLocationProtocolServerSideTranslatorPB.java:141)
	at org.apache.hadoop.ozone.protocolPB.ScmBlockLocationProtocolServerSideTranslatorPB.send(ScmBlockLocationProtocolServerSideTranslatorPB.java:116)
	at org.apache.hadoop.hdds.protocol.proto.ScmBlockLocationProtocolProtos$ScmBlockLocationProtocolService$2.callBlockingMethod(ScmBlockLocationProtocolProtos.java:13157)
	at org.apache.hadoop.ipc.ProtobufRpcEngine$Server$ProtoBufRpcInvoker.call(ProtobufRpcEngine.java:524)
	at org.apache.hadoop.ipc.RPC$Server.call(RPC.java:1025)
	at org.apache.hadoop.ipc.Server$RpcCall.run(Server.java:876)
	at org.apache.hadoop.ipc.Server$RpcCall.run(Server.java:822)
	at java.security.AccessController.doPrivileged(Native Method)
	at javax.security.auth.Subject.doAs(Subject.java:422)
	at org.apache.hadoop.security.UserGroupInformation.doAs(UserGroupInformation.java:1730)
	at org.apache.hadoop.ipc.Server$Handler.run(Server.java:2682)
2019-09-25 11:53:25,520 [IPC Server handler 1 on 41661] INFO  block.BlockManagerImpl (BlockManagerImpl.java:allocateBlock(198)) - Could not find available pipeline of type:RATIS and factor:THREE even after retrying
2019-09-25 11:53:25,520 [IPC Server handler 1 on 41661] ERROR block.BlockManagerImpl (BlockManagerImpl.java:allocateBlock(222)) - Unable to allocate a block for the size: 4194304, type: RATIS, factor: THREE
2019-09-25 11:53:25,521 [Thread-795] INFO  ozone.MiniOzoneClusterImpl (MiniOzoneClusterImpl.java:shutdown(314)) - Shutting down the Mini Ozone Cluster
2019-09-25 11:53:25,521 [Thread-795] INFO  ozone.MiniOzoneClusterImpl (MiniOzoneClusterImpl.java:stop(330)) - Stopping the Mini Ozone Cluster
2019-09-25 11:53:25,521 [Thread-795] INFO  ozone.MiniOzoneClusterImpl (MiniOzoneClusterImpl.java:stopOM(400)) - Stopping the OzoneManager
2019-09-25 11:53:25,522 [Thread-795] INFO  ipc.Server (Server.java:stop(3082)) - Stopping server on 36910
2019-09-25 11:53:25,525 [IPC Server listener on 36910] INFO  ipc.Server (Server.java:run(1185)) - Stopping IPC Server listener on 36910
2019-09-25 11:53:25,525 [Thread-795] INFO  ratis.OzoneManagerDoubleBuffer (OzoneManagerDoubleBuffer.java:stop(248)) - Stopping OMDoubleBuffer flush thread
2019-09-25 11:53:25,526 [IPC Server Responder] INFO  ipc.Server (Server.java:run(1319)) - Stopping IPC Server Responder
2019-09-25 11:53:25,528 [OMDoubleBufferFlushThread] INFO  ratis.OzoneManagerDoubleBuffer (OzoneManagerDoubleBuffer.java:flushTransactions(191)) - OMDoubleBuffer flush thread OMDoubleBufferFlushThread is interrupted and will exit. OMDoubleBufferFlushThread
2019-09-25 11:53:25,528 [Thread-795] INFO  utils.BackgroundService (BackgroundService.java:shutdown(148)) - Shutting down service KeyDeletingService
2019-09-25 11:53:25,529 [Thread-795] INFO  handler.ContextHandler (ContextHandler.java:doStop(910)) - Stopped o.e.j.w.WebAppContext@268f4d52{/,null,UNAVAILABLE}{/ozoneManager}
2019-09-25 11:53:25,530 [Thread-795] INFO  server.AbstractConnector (AbstractConnector.java:doStop(318)) - Stopped ServerConnector@2ed2f852{HTTP/1.1,[http/1.1]}{0.0.0.0:0}
2019-09-25 11:53:25,530 [Thread-795] INFO  handler.ContextHandler (ContextHandler.java:doStop(910)) - Stopped o.e.j.s.ServletContextHandler@4f3086a1{/static,jar:file:/home/user/.m2/repository/org/apache/hadoop/hadoop-ozone-ozone-manager/0.5.0-SNAPSHOT/hadoop-ozone-ozone-manager-0.5.0-SNAPSHOT.jar!/webapps/static,UNAVAILABLE}
2019-09-25 11:53:25,530 [Thread-795] INFO  handler.ContextHandler (ContextHandler.java:doStop(910)) - Stopped o.e.j.s.ServletContextHandler@321b351d{/logs,file:///workdir/hadoop-ozone/ozonefs/target/log,UNAVAILABLE}
2019-09-25 11:53:25,532 [Thread-795] INFO  ozone.MiniOzoneClusterImpl (MiniOzoneClusterImpl.java:stopDatanodes(377)) - Stopping the HddsDatanodes
2019-09-25 11:53:26,289 [Datanode State Machine Thread - 0] INFO  statemachine.DatanodeStateMachine (DatanodeStateMachine.java:lambda$startDaemon$0(350)) - Ozone container server started.
2019-09-25 11:53:26,360 [Datanode State Machine Thread - 0] INFO  statemachine.DatanodeStateMachine (DatanodeStateMachine.java:lambda$startDaemon$0(350)) - Ozone container server started.
2019-09-25 11:53:27,301 [Thread-967] INFO  container.ReplicationManager (ReplicationManager.java:start(163)) - Starting Replication Monitor Thread.
2019-09-25 11:53:27,305 [ReplicationMonitor] INFO  container.ReplicationManager (ReplicationManager.java:run(226)) - Replication Monitor Thread took 1 milliseconds for processing 0 containers.
2019-09-25 11:53:29,447 [Thread-975] INFO  impl.FollowerState (FollowerState.java:run(106)) - a2397dbc-5a20-48b8-8cb9-3a858bdee3ad:group-9688349754E9 changes to CANDIDATE, lastRpcTime:5002, electionTimeout:5002ms
2019-09-25 11:53:29,447 [Thread-975] INFO  impl.RoleInfo (RoleInfo.java:shutdownFollowerState(121)) - a2397dbc-5a20-48b8-8cb9-3a858bdee3ad: shutdown FollowerState
2019-09-25 11:53:29,447 [Thread-975] INFO  impl.RaftServerImpl (RaftServerImpl.java:setRole(174)) - a2397dbc-5a20-48b8-8cb9-3a858bdee3ad@group-9688349754E9: changes role from  FOLLOWER to CANDIDATE at term 0 for changeToCandidate
2019-09-25 11:53:29,447 [Thread-975] INFO  impl.RoleInfo (RoleInfo.java:updateAndGet(143)) - a2397dbc-5a20-48b8-8cb9-3a858bdee3ad: start LeaderElection
2019-09-25 11:53:29,482 [a2397dbc-5a20-48b8-8cb9-3a858bdee3ad@group-9688349754E9:LeaderElection52] INFO  impl.LeaderElection (LeaderElection.java:askForVotes(182)) - a2397dbc-5a20-48b8-8cb9-3a858bdee3ad@group-9688349754E9:LeaderElection52: begin an election at term 1 for -1: [a2397dbc-5a20-48b8-8cb9-3a858bdee3ad:192.168.30.6:35798], old=null
2019-09-25 11:53:29,482 [a2397dbc-5a20-48b8-8cb9-3a858bdee3ad@group-9688349754E9:LeaderElection52] INFO  impl.RoleInfo (RoleInfo.java:shutdownLeaderElection(134)) - a2397dbc-5a20-48b8-8cb9-3a858bdee3ad: shutdown LeaderElection
2019-09-25 11:53:29,482 [a2397dbc-5a20-48b8-8cb9-3a858bdee3ad@group-9688349754E9:LeaderElection52] INFO  impl.RaftServerImpl (RaftServerImpl.java:setRole(174)) - a2397dbc-5a20-48b8-8cb9-3a858bdee3ad@group-9688349754E9: changes role from CANDIDATE to LEADER at term 1 for changeToLeader
2019-09-25 11:53:29,482 [a2397dbc-5a20-48b8-8cb9-3a858bdee3ad@group-9688349754E9:LeaderElection52] INFO  impl.RaftServerImpl (ServerState.java:setLeader(253)) - a2397dbc-5a20-48b8-8cb9-3a858bdee3ad@group-9688349754E9: change Leader from null to a2397dbc-5a20-48b8-8cb9-3a858bdee3ad at term 1 for becomeLeader, leader elected after 5043ms
2019-09-25 11:53:29,482 [a2397dbc-5a20-48b8-8cb9-3a858bdee3ad@group-9688349754E9:LeaderElection52] INFO  server.RaftServerConfigKeys (ConfUtils.java:logGet(43)) - raft.server.staging.catchup.gap = 1000 (default)
2019-09-25 11:53:29,482 [a2397dbc-5a20-48b8-8cb9-3a858bdee3ad@group-9688349754E9:LeaderElection52] INFO  server.RaftServerConfigKeys (ConfUtils.java:logGet(43)) - raft.server.rpc.sleep.time = 25ms (default)
2019-09-25 11:53:29,483 [a2397dbc-5a20-48b8-8cb9-3a858bdee3ad@group-9688349754E9:LeaderElection52] INFO  server.RaftServerConfigKeys (ConfUtils.java:logGet(43)) - raft.server.write.element-limit = 4096 (default)
2019-09-25 11:53:29,483 [a2397dbc-5a20-48b8-8cb9-3a858bdee3ad@group-9688349754E9:LeaderElection52] INFO  server.RaftServerConfigKeys (ConfUtils.java:logGet(43)) - raft.server.watch.timeout = 10s (default)
2019-09-25 11:53:29,483 [a2397dbc-5a20-48b8-8cb9-3a858bdee3ad@group-9688349754E9:LeaderElection52] INFO  server.RaftServerConfigKeys (ConfUtils.java:logGet(43)) - raft.server.watch.timeout.denomination = 1s (default)
2019-09-25 11:53:29,483 [a2397dbc-5a20-48b8-8cb9-3a858bdee3ad@group-9688349754E9:LeaderElection52] INFO  server.RaftServerConfigKeys (ConfUtils.java:logGet(43)) - raft.server.watch.element-limit = 65536 (default)
2019-09-25 11:53:29,484 [Thread-978] INFO  impl.FollowerState (FollowerState.java:run(106)) - 2509016d-9eb6-46fa-8947-e5219391d1aa:group-D9FB93199C2E changes to CANDIDATE, lastRpcTime:5010, electionTimeout:5010ms
2019-09-25 11:53:29,484 [Thread-978] INFO  impl.RoleInfo (RoleInfo.java:shutdownFollowerState(121)) - 2509016d-9eb6-46fa-8947-e5219391d1aa: shutdown FollowerState
2019-09-25 11:53:29,484 [Thread-978] INFO  impl.RaftServerImpl (RaftServerImpl.java:setRole(174)) - 2509016d-9eb6-46fa-8947-e5219391d1aa@group-D9FB93199C2E: changes role from  FOLLOWER to CANDIDATE at term 0 for changeToCandidate
2019-09-25 11:53:29,485 [Thread-978] INFO  impl.RoleInfo (RoleInfo.java:updateAndGet(143)) - 2509016d-9eb6-46fa-8947-e5219391d1aa: start LeaderElection
2019-09-25 11:53:29,487 [a2397dbc-5a20-48b8-8cb9-3a858bdee3ad@group-9688349754E9:LeaderElection52] INFO  impl.RoleInfo (RoleInfo.java:updateAndGet(143)) - a2397dbc-5a20-48b8-8cb9-3a858bdee3ad: start LeaderState
2019-09-25 11:53:29,487 [a2397dbc-5a20-48b8-8cb9-3a858bdee3ad@group-9688349754E9:LeaderElection52] INFO  segmented.SegmentedRaftLogWorker (SegmentedRaftLogWorker.java:startLogSegment(380)) - a2397dbc-5a20-48b8-8cb9-3a858bdee3ad@group-9688349754E9-SegmentedRaftLogWorker: Starting segment from index:0
2019-09-25 11:53:29,488 [a2397dbc-5a20-48b8-8cb9-3a858bdee3ad@group-9688349754E9:LeaderElection52] INFO  impl.RaftServerImpl (ServerState.java:setRaftConf(354)) - a2397dbc-5a20-48b8-8cb9-3a858bdee3ad@group-9688349754E9: set configuration 0: [a2397dbc-5a20-48b8-8cb9-3a858bdee3ad:192.168.30.6:35798], old=null at 0
2019-09-25 11:53:29,503 [2509016d-9eb6-46fa-8947-e5219391d1aa@group-D9FB93199C2E:LeaderElection53] INFO  impl.LeaderElection (LeaderElection.java:askForVotes(182)) - 2509016d-9eb6-46fa-8947-e5219391d1aa@group-D9FB93199C2E:LeaderElection53: begin an election at term 1 for -1: [2509016d-9eb6-46fa-8947-e5219391d1aa:192.168.30.6:40930], old=null
2019-09-25 11:53:29,504 [2509016d-9eb6-46fa-8947-e5219391d1aa@group-D9FB93199C2E:LeaderElection53] INFO  impl.RoleInfo (RoleInfo.java:shutdownLeaderElection(134)) - 2509016d-9eb6-46fa-8947-e5219391d1aa: shutdown LeaderElection
2019-09-25 11:53:29,504 [2509016d-9eb6-46fa-8947-e5219391d1aa@group-D9FB93199C2E:LeaderElection53] INFO  impl.RaftServerImpl (RaftServerImpl.java:setRole(174)) - 2509016d-9eb6-46fa-8947-e5219391d1aa@group-D9FB93199C2E: changes role from CANDIDATE to LEADER at term 1 for changeToLeader
2019-09-25 11:53:29,504 [2509016d-9eb6-46fa-8947-e5219391d1aa@group-D9FB93199C2E:LeaderElection53] INFO  impl.RaftServerImpl (ServerState.java:setLeader(253)) - 2509016d-9eb6-46fa-8947-e5219391d1aa@group-D9FB93199C2E: change Leader from null to 2509016d-9eb6-46fa-8947-e5219391d1aa at term 1 for becomeLeader, leader elected after 5037ms
2019-09-25 11:53:29,504 [2509016d-9eb6-46fa-8947-e5219391d1aa@group-D9FB93199C2E:LeaderElection53] INFO  server.RaftServerConfigKeys (ConfUtils.java:logGet(43)) - raft.server.staging.catchup.gap = 1000 (default)
2019-09-25 11:53:29,504 [2509016d-9eb6-46fa-8947-e5219391d1aa@group-D9FB93199C2E:LeaderElection53] INFO  server.RaftServerConfigKeys (ConfUtils.java:logGet(43)) - raft.server.rpc.sleep.time = 25ms (default)
2019-09-25 11:53:29,504 [2509016d-9eb6-46fa-8947-e5219391d1aa@group-D9FB93199C2E:LeaderElection53] INFO  server.RaftServerConfigKeys (ConfUtils.java:logGet(43)) - raft.server.write.element-limit = 4096 (default)
2019-09-25 11:53:29,505 [2509016d-9eb6-46fa-8947-e5219391d1aa@group-D9FB93199C2E:LeaderElection53] INFO  server.RaftServerConfigKeys (ConfUtils.java:logGet(43)) - raft.server.watch.timeout = 10s (default)
2019-09-25 11:53:29,505 [2509016d-9eb6-46fa-8947-e5219391d1aa@group-D9FB93199C2E:LeaderElection53] INFO  server.RaftServerConfigKeys (ConfUtils.java:logGet(43)) - raft.server.watch.timeout.denomination = 1s (default)
2019-09-25 11:53:29,505 [2509016d-9eb6-46fa-8947-e5219391d1aa@group-D9FB93199C2E:LeaderElection53] INFO  server.RaftServerConfigKeys (ConfUtils.java:logGet(43)) - raft.server.watch.element-limit = 65536 (default)
2019-09-25 11:53:29,507 [2509016d-9eb6-46fa-8947-e5219391d1aa@group-D9FB93199C2E:LeaderElection53] INFO  impl.RoleInfo (RoleInfo.java:updateAndGet(143)) - 2509016d-9eb6-46fa-8947-e5219391d1aa: start LeaderState
2019-09-25 11:53:29,507 [2509016d-9eb6-46fa-8947-e5219391d1aa@group-D9FB93199C2E:LeaderElection53] INFO  segmented.SegmentedRaftLogWorker (SegmentedRaftLogWorker.java:startLogSegment(380)) - 2509016d-9eb6-46fa-8947-e5219391d1aa@group-D9FB93199C2E-SegmentedRaftLogWorker: Starting segment from index:0
2019-09-25 11:53:29,508 [2509016d-9eb6-46fa-8947-e5219391d1aa@group-D9FB93199C2E:LeaderElection53] INFO  impl.RaftServerImpl (ServerState.java:setRaftConf(354)) - 2509016d-9eb6-46fa-8947-e5219391d1aa@group-D9FB93199C2E: set configuration 0: [2509016d-9eb6-46fa-8947-e5219391d1aa:192.168.30.6:40930], old=null at 0
2019-09-25 11:53:29,510 [Thread-972] INFO  impl.FollowerState (FollowerState.java:run(106)) - a2397dbc-5a20-48b8-8cb9-3a858bdee3ad:group-127FDEDD0CC3 changes to CANDIDATE, lastRpcTime:5109, electionTimeout:5109ms
2019-09-25 11:53:29,510 [Thread-972] INFO  impl.RoleInfo (RoleInfo.java:shutdownFollowerState(121)) - a2397dbc-5a20-48b8-8cb9-3a858bdee3ad: shutdown FollowerState
2019-09-25 11:53:29,510 [Thread-972] INFO  impl.RaftServerImpl (RaftServerImpl.java:setRole(174)) - a2397dbc-5a20-48b8-8cb9-3a858bdee3ad@group-127FDEDD0CC3: changes role from  FOLLOWER to CANDIDATE at term 0 for changeToCandidate
2019-09-25 11:53:29,510 [Thread-972] INFO  impl.RoleInfo (RoleInfo.java:updateAndGet(143)) - a2397dbc-5a20-48b8-8cb9-3a858bdee3ad: start LeaderElection
2019-09-25 11:53:29,542 [Thread-969] INFO  impl.FollowerState (FollowerState.java:run(106)) - a2397dbc-5a20-48b8-8cb9-3a858bdee3ad:group-11E844F3B80F changes to CANDIDATE, lastRpcTime:5188, electionTimeout:5161ms
2019-09-25 11:53:29,543 [Thread-969] INFO  impl.RoleInfo (RoleInfo.java:shutdownFollowerState(121)) - a2397dbc-5a20-48b8-8cb9-3a858bdee3ad: shutdown FollowerState
2019-09-25 11:53:29,543 [Thread-969] INFO  impl.RaftServerImpl (RaftServerImpl.java:setRole(174)) - a2397dbc-5a20-48b8-8cb9-3a858bdee3ad@group-11E844F3B80F: changes role from  FOLLOWER to CANDIDATE at term 0 for changeToCandidate
2019-09-25 11:53:29,543 [Thread-969] INFO  impl.RoleInfo (RoleInfo.java:updateAndGet(143)) - a2397dbc-5a20-48b8-8cb9-3a858bdee3ad: start LeaderElection
2019-09-25 11:53:29,555 [2509016d-9eb6-46fa-8947-e5219391d1aa@group-D9FB93199C2E-SegmentedRaftLogWorker] INFO  segmented.SegmentedRaftLogWorker (SegmentedRaftLogWorker.java:execute(569)) - 2509016d-9eb6-46fa-8947-e5219391d1aa@group-D9FB93199C2E-SegmentedRaftLogWorker: created new log segment /workdir/hadoop-ozone/ozonefs/target/test-dir/MiniOzoneClusterImpl-a940bac1-2636-4fb1-9232-9a814bb2953b/datanode-1/data/ratis/949a0de0-f895-42e5-8778-d9fb93199c2e/current/log_inprogress_0
2019-09-25 11:53:29,555 [a2397dbc-5a20-48b8-8cb9-3a858bdee3ad@group-11E844F3B80F:LeaderElection55] INFO  impl.LeaderElection (LeaderElection.java:askForVotes(182)) - a2397dbc-5a20-48b8-8cb9-3a858bdee3ad@group-11E844F3B80F:LeaderElection55: begin an election at term 1 for -1: [a2397dbc-5a20-48b8-8cb9-3a858bdee3ad:192.168.30.6:35798], old=null
2019-09-25 11:53:29,555 [a2397dbc-5a20-48b8-8cb9-3a858bdee3ad@group-127FDEDD0CC3:LeaderElection54] INFO  impl.LeaderElection (LeaderElection.java:askForVotes(182)) - a2397dbc-5a20-48b8-8cb9-3a858bdee3ad@group-127FDEDD0CC3:LeaderElection54: begin an election at term 1 for -1: [a2397dbc-5a20-48b8-8cb9-3a858bdee3ad:192.168.30.6:35798], old=null
2019-09-25 11:53:29,555 [a2397dbc-5a20-48b8-8cb9-3a858bdee3ad@group-9688349754E9-SegmentedRaftLogWorker] INFO  segmented.SegmentedRaftLogWorker (SegmentedRaftLogWorker.java:execute(569)) - a2397dbc-5a20-48b8-8cb9-3a858bdee3ad@group-9688349754E9-SegmentedRaftLogWorker: created new log segment /workdir/hadoop-ozone/ozonefs/target/test-dir/MiniOzoneClusterImpl-a940bac1-2636-4fb1-9232-9a814bb2953b/datanode-0/data/ratis/a7c87608-db51-4fbf-b44e-9688349754e9/current/log_inprogress_0
2019-09-25 11:53:29,556 [a2397dbc-5a20-48b8-8cb9-3a858bdee3ad@group-127FDEDD0CC3:LeaderElection54] INFO  impl.RoleInfo (RoleInfo.java:shutdownLeaderElection(134)) - a2397dbc-5a20-48b8-8cb9-3a858bdee3ad: shutdown LeaderElection
2019-09-25 11:53:29,555 [a2397dbc-5a20-48b8-8cb9-3a858bdee3ad@group-11E844F3B80F:LeaderElection55] INFO  impl.RoleInfo (RoleInfo.java:shutdownLeaderElection(134)) - a2397dbc-5a20-48b8-8cb9-3a858bdee3ad: shutdown LeaderElection
2019-09-25 11:53:29,556 [a2397dbc-5a20-48b8-8cb9-3a858bdee3ad@group-127FDEDD0CC3:LeaderElection54] INFO  impl.RaftServerImpl (RaftServerImpl.java:setRole(174)) - a2397dbc-5a20-48b8-8cb9-3a858bdee3ad@group-127FDEDD0CC3: changes role from CANDIDATE to LEADER at term 1 for changeToLeader
2019-09-25 11:53:29,556 [a2397dbc-5a20-48b8-8cb9-3a858bdee3ad@group-11E844F3B80F:LeaderElection55] INFO  impl.RaftServerImpl (RaftServerImpl.java:setRole(174)) - a2397dbc-5a20-48b8-8cb9-3a858bdee3ad@group-11E844F3B80F: changes role from CANDIDATE to LEADER at term 1 for changeToLeader
2019-09-25 11:53:29,556 [a2397dbc-5a20-48b8-8cb9-3a858bdee3ad@group-127FDEDD0CC3:LeaderElection54] INFO  impl.RaftServerImpl (ServerState.java:setLeader(253)) - a2397dbc-5a20-48b8-8cb9-3a858bdee3ad@group-127FDEDD0CC3: change Leader from null to a2397dbc-5a20-48b8-8cb9-3a858bdee3ad at term 1 for becomeLeader, leader elected after 5161ms
2019-09-25 11:53:29,556 [a2397dbc-5a20-48b8-8cb9-3a858bdee3ad@group-11E844F3B80F:LeaderElection55] INFO  impl.RaftServerImpl (ServerState.java:setLeader(253)) - a2397dbc-5a20-48b8-8cb9-3a858bdee3ad@group-11E844F3B80F: change Leader from null to a2397dbc-5a20-48b8-8cb9-3a858bdee3ad at term 1 for becomeLeader, leader elected after 5210ms
2019-09-25 11:53:29,556 [a2397dbc-5a20-48b8-8cb9-3a858bdee3ad@group-127FDEDD0CC3:LeaderElection54] INFO  server.RaftServerConfigKeys (ConfUtils.java:logGet(43)) - raft.server.staging.catchup.gap = 1000 (default)
2019-09-25 11:53:29,556 [a2397dbc-5a20-48b8-8cb9-3a858bdee3ad@group-11E844F3B80F:LeaderElection55] INFO  server.RaftServerConfigKeys (ConfUtils.java:logGet(43)) - raft.server.staging.catchup.gap = 1000 (default)
2019-09-25 11:53:29,556 [a2397dbc-5a20-48b8-8cb9-3a858bdee3ad@group-127FDEDD0CC3:LeaderElection54] INFO  server.RaftServerConfigKeys (ConfUtils.java:logGet(43)) - raft.server.rpc.sleep.time = 25ms (default)
2019-09-25 11:53:29,556 [a2397dbc-5a20-48b8-8cb9-3a858bdee3ad@group-11E844F3B80F:LeaderElection55] INFO  server.RaftServerConfigKeys (ConfUtils.java:logGet(43)) - raft.server.rpc.sleep.time = 25ms (default)
2019-09-25 11:53:29,557 [a2397dbc-5a20-48b8-8cb9-3a858bdee3ad@group-127FDEDD0CC3:LeaderElection54] INFO  server.RaftServerConfigKeys (ConfUtils.java:logGet(43)) - raft.server.write.element-limit = 4096 (default)
2019-09-25 11:53:29,557 [a2397dbc-5a20-48b8-8cb9-3a858bdee3ad@group-11E844F3B80F:LeaderElection55] INFO  server.RaftServerConfigKeys (ConfUtils.java:logGet(43)) - raft.server.write.element-limit = 4096 (default)
2019-09-25 11:53:29,557 [a2397dbc-5a20-48b8-8cb9-3a858bdee3ad@group-127FDEDD0CC3:LeaderElection54] INFO  server.RaftServerConfigKeys (ConfUtils.java:logGet(43)) - raft.server.watch.timeout = 10s (default)
2019-09-25 11:53:29,557 [a2397dbc-5a20-48b8-8cb9-3a858bdee3ad@group-11E844F3B80F:LeaderElection55] INFO  server.RaftServerConfigKeys (ConfUtils.java:logGet(43)) - raft.server.watch.timeout = 10s (default)
2019-09-25 11:53:29,557 [a2397dbc-5a20-48b8-8cb9-3a858bdee3ad@group-127FDEDD0CC3:LeaderElection54] INFO  server.RaftServerConfigKeys (ConfUtils.java:logGet(43)) - raft.server.watch.timeout.denomination = 1s (default)
2019-09-25 11:53:29,557 [a2397dbc-5a20-48b8-8cb9-3a858bdee3ad@group-11E844F3B80F:LeaderElection55] INFO  server.RaftServerConfigKeys (ConfUtils.java:logGet(43)) - raft.server.watch.timeout.denomination = 1s (default)
2019-09-25 11:53:29,557 [a2397dbc-5a20-48b8-8cb9-3a858bdee3ad@group-127FDEDD0CC3:LeaderElection54] INFO  server.RaftServerConfigKeys (ConfUtils.java:logGet(43)) - raft.server.watch.element-limit = 65536 (default)
2019-09-25 11:53:29,557 [a2397dbc-5a20-48b8-8cb9-3a858bdee3ad@group-11E844F3B80F:LeaderElection55] INFO  server.RaftServerConfigKeys (ConfUtils.java:logGet(43)) - raft.server.watch.element-limit = 65536 (default)
2019-09-25 11:53:29,559 [a2397dbc-5a20-48b8-8cb9-3a858bdee3ad@group-127FDEDD0CC3:LeaderElection54] INFO  impl.RoleInfo (RoleInfo.java:updateAndGet(143)) - a2397dbc-5a20-48b8-8cb9-3a858bdee3ad: start LeaderState
2019-09-25 11:53:29,559 [a2397dbc-5a20-48b8-8cb9-3a858bdee3ad@group-11E844F3B80F:LeaderElection55] INFO  impl.RoleInfo (RoleInfo.java:updateAndGet(143)) - a2397dbc-5a20-48b8-8cb9-3a858bdee3ad: start LeaderState
2019-09-25 11:53:29,559 [a2397dbc-5a20-48b8-8cb9-3a858bdee3ad@group-127FDEDD0CC3:LeaderElection54] INFO  segmented.SegmentedRaftLogWorker (SegmentedRaftLogWorker.java:startLogSegment(380)) - a2397dbc-5a20-48b8-8cb9-3a858bdee3ad@group-127FDEDD0CC3-SegmentedRaftLogWorker: Starting segment from index:0
2019-09-25 11:53:29,560 [a2397dbc-5a20-48b8-8cb9-3a858bdee3ad@group-11E844F3B80F:LeaderElection55] INFO  segmented.SegmentedRaftLogWorker (SegmentedRaftLogWorker.java:startLogSegment(380)) - a2397dbc-5a20-48b8-8cb9-3a858bdee3ad@group-11E844F3B80F-SegmentedRaftLogWorker: Starting segment from index:0
2019-09-25 11:53:29,560 [a2397dbc-5a20-48b8-8cb9-3a858bdee3ad@group-127FDEDD0CC3:LeaderElection54] INFO  impl.RaftServerImpl (ServerState.java:setRaftConf(354)) - a2397dbc-5a20-48b8-8cb9-3a858bdee3ad@group-127FDEDD0CC3: set configuration 0: [a2397dbc-5a20-48b8-8cb9-3a858bdee3ad:192.168.30.6:35798], old=null at 0
2019-09-25 11:53:29,560 [a2397dbc-5a20-48b8-8cb9-3a858bdee3ad@group-11E844F3B80F:LeaderElection55] INFO  impl.RaftServerImpl (ServerState.java:setRaftConf(354)) - a2397dbc-5a20-48b8-8cb9-3a858bdee3ad@group-11E844F3B80F: set configuration 0: [a2397dbc-5a20-48b8-8cb9-3a858bdee3ad:192.168.30.6:35798], old=null at 0
2019-09-25 11:53:29,592 [Thread-984] INFO  impl.FollowerState (FollowerState.java:run(106)) - a2397dbc-5a20-48b8-8cb9-3a858bdee3ad:group-4EE42BEEC012 changes to CANDIDATE, lastRpcTime:5050, electionTimeout:5050ms
2019-09-25 11:53:29,592 [Thread-984] INFO  impl.RoleInfo (RoleInfo.java:shutdownFollowerState(121)) - a2397dbc-5a20-48b8-8cb9-3a858bdee3ad: shutdown FollowerState
2019-09-25 11:53:29,592 [Thread-984] INFO  impl.RaftServerImpl (RaftServerImpl.java:setRole(174)) - a2397dbc-5a20-48b8-8cb9-3a858bdee3ad@group-4EE42BEEC012: changes role from  FOLLOWER to CANDIDATE at term 0 for changeToCandidate
2019-09-25 11:53:29,592 [Thread-984] INFO  impl.RoleInfo (RoleInfo.java:updateAndGet(143)) - a2397dbc-5a20-48b8-8cb9-3a858bdee3ad: start LeaderElection
2019-09-25 11:53:29,595 [a2397dbc-5a20-48b8-8cb9-3a858bdee3ad@group-127FDEDD0CC3-SegmentedRaftLogWorker] INFO  segmented.SegmentedRaftLogWorker (SegmentedRaftLogWorker.java:execute(569)) - a2397dbc-5a20-48b8-8cb9-3a858bdee3ad@group-127FDEDD0CC3-SegmentedRaftLogWorker: created new log segment /workdir/hadoop-ozone/ozonefs/target/test-dir/MiniOzoneClusterImpl-a940bac1-2636-4fb1-9232-9a814bb2953b/datanode-0/data/ratis/de6ec87f-e77d-47b0-9032-127fdedd0cc3/current/log_inprogress_0
2019-09-25 11:53:29,595 [a2397dbc-5a20-48b8-8cb9-3a858bdee3ad@group-11E844F3B80F-SegmentedRaftLogWorker] INFO  segmented.SegmentedRaftLogWorker (SegmentedRaftLogWorker.java:execute(569)) - a2397dbc-5a20-48b8-8cb9-3a858bdee3ad@group-11E844F3B80F-SegmentedRaftLogWorker: created new log segment /workdir/hadoop-ozone/ozonefs/target/test-dir/MiniOzoneClusterImpl-a940bac1-2636-4fb1-9232-9a814bb2953b/datanode-0/data/ratis/6358b14e-6595-4c66-9837-11e844f3b80f/current/log_inprogress_0
2019-09-25 11:53:29,598 [a2397dbc-5a20-48b8-8cb9-3a858bdee3ad@group-4EE42BEEC012:LeaderElection56] INFO  impl.LeaderElection (LeaderElection.java:askForVotes(182)) - a2397dbc-5a20-48b8-8cb9-3a858bdee3ad@group-4EE42BEEC012:LeaderElection56: begin an election at term 1 for -1: [a2397dbc-5a20-48b8-8cb9-3a858bdee3ad:192.168.30.6:35798], old=null
2019-09-25 11:53:29,598 [a2397dbc-5a20-48b8-8cb9-3a858bdee3ad@group-4EE42BEEC012:LeaderElection56] INFO  impl.RoleInfo (RoleInfo.java:shutdownLeaderElection(134)) - a2397dbc-5a20-48b8-8cb9-3a858bdee3ad: shutdown LeaderElection
2019-09-25 11:53:29,598 [a2397dbc-5a20-48b8-8cb9-3a858bdee3ad@group-4EE42BEEC012:LeaderElection56] INFO  impl.RaftServerImpl (RaftServerImpl.java:setRole(174)) - a2397dbc-5a20-48b8-8cb9-3a858bdee3ad@group-4EE42BEEC012: changes role from CANDIDATE to LEADER at term 1 for changeToLeader
2019-09-25 11:53:29,598 [a2397dbc-5a20-48b8-8cb9-3a858bdee3ad@group-4EE42BEEC012:LeaderElection56] INFO  impl.RaftServerImpl (ServerState.java:setLeader(253)) - a2397dbc-5a20-48b8-8cb9-3a858bdee3ad@group-4EE42BEEC012: change Leader from null to a2397dbc-5a20-48b8-8cb9-3a858bdee3ad at term 1 for becomeLeader, leader elected after 5061ms
2019-09-25 11:53:29,599 [a2397dbc-5a20-48b8-8cb9-3a858bdee3ad@group-4EE42BEEC012:LeaderElection56] INFO  server.RaftServerConfigKeys (ConfUtils.java:logGet(43)) - raft.server.staging.catchup.gap = 1000 (default)
2019-09-25 11:53:29,599 [a2397dbc-5a20-48b8-8cb9-3a858bdee3ad@group-4EE42BEEC012:LeaderElection56] INFO  server.RaftServerConfigKeys (ConfUtils.java:logGet(43)) - raft.server.rpc.sleep.time = 25ms (default)
2019-09-25 11:53:29,599 [a2397dbc-5a20-48b8-8cb9-3a858bdee3ad@group-4EE42BEEC012:LeaderElection56] INFO  server.RaftServerConfigKeys (ConfUtils.java:logGet(43)) - raft.server.write.element-limit = 4096 (default)
2019-09-25 11:53:29,599 [a2397dbc-5a20-48b8-8cb9-3a858bdee3ad@group-4EE42BEEC012:LeaderElection56] INFO  server.RaftServerConfigKeys (ConfUtils.java:logGet(43)) - raft.server.watch.timeout = 10s (default)
2019-09-25 11:53:29,599 [a2397dbc-5a20-48b8-8cb9-3a858bdee3ad@group-4EE42BEEC012:LeaderElection56] INFO  server.RaftServerConfigKeys (ConfUtils.java:logGet(43)) - raft.server.watch.timeout.denomination = 1s (default)
2019-09-25 11:53:29,599 [a2397dbc-5a20-48b8-8cb9-3a858bdee3ad@group-4EE42BEEC012:LeaderElection56] INFO  server.RaftServerConfigKeys (ConfUtils.java:logGet(43)) - raft.server.watch.element-limit = 65536 (default)
2019-09-25 11:53:29,600 [a2397dbc-5a20-48b8-8cb9-3a858bdee3ad@group-4EE42BEEC012:LeaderElection56] INFO  impl.RoleInfo (RoleInfo.java:updateAndGet(143)) - a2397dbc-5a20-48b8-8cb9-3a858bdee3ad: start LeaderState
2019-09-25 11:53:29,600 [a2397dbc-5a20-48b8-8cb9-3a858bdee3ad@group-4EE42BEEC012:LeaderElection56] INFO  segmented.SegmentedRaftLogWorker (SegmentedRaftLogWorker.java:startLogSegment(380)) - a2397dbc-5a20-48b8-8cb9-3a858bdee3ad@group-4EE42BEEC012-SegmentedRaftLogWorker: Starting segment from index:0
2019-09-25 11:53:29,601 [a2397dbc-5a20-48b8-8cb9-3a858bdee3ad@group-4EE42BEEC012:LeaderElection56] INFO  impl.RaftServerImpl (ServerState.java:setRaftConf(354)) - a2397dbc-5a20-48b8-8cb9-3a858bdee3ad@group-4EE42BEEC012: set configuration 0: [a2397dbc-5a20-48b8-8cb9-3a858bdee3ad:192.168.30.6:35798], old=null at 0
2019-09-25 11:53:29,622 [Thread-990] INFO  impl.FollowerState (FollowerState.java:run(106)) - 2509016d-9eb6-46fa-8947-e5219391d1aa:group-160DC988FE47 changes to CANDIDATE, lastRpcTime:5001, electionTimeout:5001ms
2019-09-25 11:53:29,622 [Thread-990] INFO  impl.RoleInfo (RoleInfo.java:shutdownFollowerState(121)) - 2509016d-9eb6-46fa-8947-e5219391d1aa: shutdown FollowerState
2019-09-25 11:53:29,622 [Thread-990] INFO  impl.RaftServerImpl (RaftServerImpl.java:setRole(174)) - 2509016d-9eb6-46fa-8947-e5219391d1aa@group-160DC988FE47: changes role from  FOLLOWER to CANDIDATE at term 0 for changeToCandidate
2019-09-25 11:53:29,623 [Thread-990] INFO  impl.RoleInfo (RoleInfo.java:updateAndGet(143)) - 2509016d-9eb6-46fa-8947-e5219391d1aa: start LeaderElection
2019-09-25 11:53:29,642 [Thread-981] INFO  impl.FollowerState (FollowerState.java:run(106)) - a2397dbc-5a20-48b8-8cb9-3a858bdee3ad:group-DCCA24160593 changes to CANDIDATE, lastRpcTime:5133, electionTimeout:5133ms
2019-09-25 11:53:29,642 [Thread-981] INFO  impl.RoleInfo (RoleInfo.java:shutdownFollowerState(121)) - a2397dbc-5a20-48b8-8cb9-3a858bdee3ad: shutdown FollowerState
2019-09-25 11:53:29,642 [Thread-981] INFO  impl.RaftServerImpl (RaftServerImpl.java:setRole(174)) - a2397dbc-5a20-48b8-8cb9-3a858bdee3ad@group-DCCA24160593: changes role from  FOLLOWER to CANDIDATE at term 0 for changeToCandidate
2019-09-25 11:53:29,642 [Thread-981] INFO  impl.RoleInfo (RoleInfo.java:updateAndGet(143)) - a2397dbc-5a20-48b8-8cb9-3a858bdee3ad: start LeaderElection
2019-09-25 11:53:29,662 [a2397dbc-5a20-48b8-8cb9-3a858bdee3ad@group-4EE42BEEC012-SegmentedRaftLogWorker] INFO  segmented.SegmentedRaftLogWorker (SegmentedRaftLogWorker.java:execute(569)) - a2397dbc-5a20-48b8-8cb9-3a858bdee3ad@group-4EE42BEEC012-SegmentedRaftLogWorker: created new log segment /workdir/hadoop-ozone/ozonefs/target/test-dir/MiniOzoneClusterImpl-a940bac1-2636-4fb1-9232-9a814bb2953b/datanode-0/data/ratis/0e926f15-a2d5-4248-9d36-4ee42beec012/current/log_inprogress_0
2019-09-25 11:53:29,662 [2509016d-9eb6-46fa-8947-e5219391d1aa@group-160DC988FE47:LeaderElection57] INFO  impl.LeaderElection (LeaderElection.java:askForVotes(182)) - 2509016d-9eb6-46fa-8947-e5219391d1aa@group-160DC988FE47:LeaderElection57: begin an election at term 1 for -1: [2509016d-9eb6-46fa-8947-e5219391d1aa:192.168.30.6:40930], old=null
2019-09-25 11:53:29,663 [2509016d-9eb6-46fa-8947-e5219391d1aa@group-160DC988FE47:LeaderElection57] INFO  impl.RoleInfo (RoleInfo.java:shutdownLeaderElection(134)) - 2509016d-9eb6-46fa-8947-e5219391d1aa: shutdown LeaderElection
2019-09-25 11:53:29,663 [2509016d-9eb6-46fa-8947-e5219391d1aa@group-160DC988FE47:LeaderElection57] INFO  impl.RaftServerImpl (RaftServerImpl.java:setRole(174)) - 2509016d-9eb6-46fa-8947-e5219391d1aa@group-160DC988FE47: changes role from CANDIDATE to LEADER at term 1 for changeToLeader
2019-09-25 11:53:29,663 [2509016d-9eb6-46fa-8947-e5219391d1aa@group-160DC988FE47:LeaderElection57] INFO  impl.RaftServerImpl (ServerState.java:setLeader(253)) - 2509016d-9eb6-46fa-8947-e5219391d1aa@group-160DC988FE47: change Leader from null to 2509016d-9eb6-46fa-8947-e5219391d1aa at term 1 for becomeLeader, leader elected after 5046ms
2019-09-25 11:53:29,663 [2509016d-9eb6-46fa-8947-e5219391d1aa@group-160DC988FE47:LeaderElection57] INFO  server.RaftServerConfigKeys (ConfUtils.java:logGet(43)) - raft.server.staging.catchup.gap = 1000 (default)
2019-09-25 11:53:29,663 [a2397dbc-5a20-48b8-8cb9-3a858bdee3ad@group-DCCA24160593:LeaderElection58] INFO  impl.LeaderElection (LeaderElection.java:askForVotes(182)) - a2397dbc-5a20-48b8-8cb9-3a858bdee3ad@group-DCCA24160593:LeaderElection58: begin an election at term 1 for -1: [a2397dbc-5a20-48b8-8cb9-3a858bdee3ad:192.168.30.6:35798], old=null
2019-09-25 11:53:29,663 [2509016d-9eb6-46fa-8947-e5219391d1aa@group-160DC988FE47:LeaderElection57] INFO  server.RaftServerConfigKeys (ConfUtils.java:logGet(43)) - raft.server.rpc.sleep.time = 25ms (default)
2019-09-25 11:53:29,663 [a2397dbc-5a20-48b8-8cb9-3a858bdee3ad@group-DCCA24160593:LeaderElection58] INFO  impl.RoleInfo (RoleInfo.java:shutdownLeaderElection(134)) - a2397dbc-5a20-48b8-8cb9-3a858bdee3ad: shutdown LeaderElection
2019-09-25 11:53:29,663 [2509016d-9eb6-46fa-8947-e5219391d1aa@group-160DC988FE47:LeaderElection57] INFO  server.RaftServerConfigKeys (ConfUtils.java:logGet(43)) - raft.server.write.element-limit = 4096 (default)
2019-09-25 11:53:29,663 [a2397dbc-5a20-48b8-8cb9-3a858bdee3ad@group-DCCA24160593:LeaderElection58] INFO  impl.RaftServerImpl (RaftServerImpl.java:setRole(174)) - a2397dbc-5a20-48b8-8cb9-3a858bdee3ad@group-DCCA24160593: changes role from CANDIDATE to LEADER at term 1 for changeToLeader
2019-09-25 11:53:29,663 [2509016d-9eb6-46fa-8947-e5219391d1aa@group-160DC988FE47:LeaderElection57] INFO  server.RaftServerConfigKeys (ConfUtils.java:logGet(43)) - raft.server.watch.timeout = 10s (default)
2019-09-25 11:53:29,663 [a2397dbc-5a20-48b8-8cb9-3a858bdee3ad@group-DCCA24160593:LeaderElection58] INFO  impl.RaftServerImpl (ServerState.java:setLeader(253)) - a2397dbc-5a20-48b8-8cb9-3a858bdee3ad@group-DCCA24160593: change Leader from null to a2397dbc-5a20-48b8-8cb9-3a858bdee3ad at term 1 for becomeLeader, leader elected after 5162ms
2019-09-25 11:53:29,663 [2509016d-9eb6-46fa-8947-e5219391d1aa@group-160DC988FE47:LeaderElection57] INFO  server.RaftServerConfigKeys (ConfUtils.java:logGet(43)) - raft.server.watch.timeout.denomination = 1s (default)
2019-09-25 11:53:29,664 [a2397dbc-5a20-48b8-8cb9-3a858bdee3ad@group-DCCA24160593:LeaderElection58] INFO  server.RaftServerConfigKeys (ConfUtils.java:logGet(43)) - raft.server.staging.catchup.gap = 1000 (default)
2019-09-25 11:53:29,664 [2509016d-9eb6-46fa-8947-e5219391d1aa@group-160DC988FE47:LeaderElection57] INFO  server.RaftServerConfigKeys (ConfUtils.java:logGet(43)) - raft.server.watch.element-limit = 65536 (default)
2019-09-25 11:53:29,664 [a2397dbc-5a20-48b8-8cb9-3a858bdee3ad@group-DCCA24160593:LeaderElection58] INFO  server.RaftServerConfigKeys (ConfUtils.java:logGet(43)) - raft.server.rpc.sleep.time = 25ms (default)
2019-09-25 11:53:29,664 [a2397dbc-5a20-48b8-8cb9-3a858bdee3ad@group-DCCA24160593:LeaderElection58] INFO  server.RaftServerConfigKeys (ConfUtils.java:logGet(43)) - raft.server.write.element-limit = 4096 (default)
2019-09-25 11:53:29,664 [a2397dbc-5a20-48b8-8cb9-3a858bdee3ad@group-DCCA24160593:LeaderElection58] INFO  server.RaftServerConfigKeys (ConfUtils.java:logGet(43)) - raft.server.watch.timeout = 10s (default)
2019-09-25 11:53:29,664 [a2397dbc-5a20-48b8-8cb9-3a858bdee3ad@group-DCCA24160593:LeaderElection58] INFO  server.RaftServerConfigKeys (ConfUtils.java:logGet(43)) - raft.server.watch.timeout.denomination = 1s (default)
2019-09-25 11:53:29,664 [a2397dbc-5a20-48b8-8cb9-3a858bdee3ad@group-DCCA24160593:LeaderElection58] INFO  server.RaftServerConfigKeys (ConfUtils.java:logGet(43)) - raft.server.watch.element-limit = 65536 (default)
2019-09-25 11:53:29,665 [2509016d-9eb6-46fa-8947-e5219391d1aa@group-160DC988FE47:LeaderElection57] INFO  impl.RoleInfo (RoleInfo.java:updateAndGet(143)) - 2509016d-9eb6-46fa-8947-e5219391d1aa: start LeaderState
2019-09-25 11:53:29,666 [2509016d-9eb6-46fa-8947-e5219391d1aa@group-160DC988FE47:LeaderElection57] INFO  segmented.SegmentedRaftLogWorker (SegmentedRaftLogWorker.java:startLogSegment(380)) - 2509016d-9eb6-46fa-8947-e5219391d1aa@group-160DC988FE47-SegmentedRaftLogWorker: Starting segment from index:0
2019-09-25 11:53:29,666 [a2397dbc-5a20-48b8-8cb9-3a858bdee3ad@group-DCCA24160593:LeaderElection58] INFO  impl.RoleInfo (RoleInfo.java:updateAndGet(143)) - a2397dbc-5a20-48b8-8cb9-3a858bdee3ad: start LeaderState
2019-09-25 11:53:29,666 [a2397dbc-5a20-48b8-8cb9-3a858bdee3ad@group-DCCA24160593:LeaderElection58] INFO  segmented.SegmentedRaftLogWorker (SegmentedRaftLogWorker.java:startLogSegment(380)) - a2397dbc-5a20-48b8-8cb9-3a858bdee3ad@group-DCCA24160593-SegmentedRaftLogWorker: Starting segment from index:0
2019-09-25 11:53:29,666 [2509016d-9eb6-46fa-8947-e5219391d1aa@group-160DC988FE47:LeaderElection57] INFO  impl.RaftServerImpl (ServerState.java:setRaftConf(354)) - 2509016d-9eb6-46fa-8947-e5219391d1aa@group-160DC988FE47: set configuration 0: [2509016d-9eb6-46fa-8947-e5219391d1aa:192.168.30.6:40930], old=null at 0
2019-09-25 11:53:29,666 [a2397dbc-5a20-48b8-8cb9-3a858bdee3ad@group-DCCA24160593:LeaderElection58] INFO  impl.RaftServerImpl (ServerState.java:setRaftConf(354)) - a2397dbc-5a20-48b8-8cb9-3a858bdee3ad@group-DCCA24160593: set configuration 0: [a2397dbc-5a20-48b8-8cb9-3a858bdee3ad:192.168.30.6:35798], old=null at 0
2019-09-25 11:53:29,680 [Thread-987] INFO  impl.FollowerState (FollowerState.java:run(106)) - a2397dbc-5a20-48b8-8cb9-3a858bdee3ad:group-A9222B0DC21C changes to CANDIDATE, lastRpcTime:5099, electionTimeout:5099ms
2019-09-25 11:53:29,680 [Thread-987] INFO  impl.RoleInfo (RoleInfo.java:shutdownFollowerState(121)) - a2397dbc-5a20-48b8-8cb9-3a858bdee3ad: shutdown FollowerState
2019-09-25 11:53:29,680 [Thread-987] INFO  impl.RaftServerImpl (RaftServerImpl.java:setRole(174)) - a2397dbc-5a20-48b8-8cb9-3a858bdee3ad@group-A9222B0DC21C: changes role from  FOLLOWER to CANDIDATE at term 0 for changeToCandidate
2019-09-25 11:53:29,680 [Thread-987] INFO  impl.RoleInfo (RoleInfo.java:updateAndGet(143)) - a2397dbc-5a20-48b8-8cb9-3a858bdee3ad: start LeaderElection
2019-09-25 11:53:29,710 [a2397dbc-5a20-48b8-8cb9-3a858bdee3ad@group-DCCA24160593-SegmentedRaftLogWorker] INFO  segmented.SegmentedRaftLogWorker (SegmentedRaftLogWorker.java:execute(569)) - a2397dbc-5a20-48b8-8cb9-3a858bdee3ad@group-DCCA24160593-SegmentedRaftLogWorker: created new log segment /workdir/hadoop-ozone/ozonefs/target/test-dir/MiniOzoneClusterImpl-a940bac1-2636-4fb1-9232-9a814bb2953b/datanode-0/data/ratis/3729e0bf-9dac-4716-9afd-dcca24160593/current/log_inprogress_0
2019-09-25 11:53:29,710 [a2397dbc-5a20-48b8-8cb9-3a858bdee3ad@group-A9222B0DC21C:LeaderElection59] INFO  impl.LeaderElection (LeaderElection.java:askForVotes(182)) - a2397dbc-5a20-48b8-8cb9-3a858bdee3ad@group-A9222B0DC21C:LeaderElection59: begin an election at term 1 for -1: [a2397dbc-5a20-48b8-8cb9-3a858bdee3ad:192.168.30.6:35798], old=null
2019-09-25 11:53:29,710 [2509016d-9eb6-46fa-8947-e5219391d1aa@group-160DC988FE47-SegmentedRaftLogWorker] INFO  segmented.SegmentedRaftLogWorker (SegmentedRaftLogWorker.java:execute(569)) - 2509016d-9eb6-46fa-8947-e5219391d1aa@group-160DC988FE47-SegmentedRaftLogWorker: created new log segment /workdir/hadoop-ozone/ozonefs/target/test-dir/MiniOzoneClusterImpl-a940bac1-2636-4fb1-9232-9a814bb2953b/datanode-1/data/ratis/e5894950-6fc4-4106-8190-160dc988fe47/current/log_inprogress_0
2019-09-25 11:53:29,711 [a2397dbc-5a20-48b8-8cb9-3a858bdee3ad@group-A9222B0DC21C:LeaderElection59] INFO  impl.RoleInfo (RoleInfo.java:shutdownLeaderElection(134)) - a2397dbc-5a20-48b8-8cb9-3a858bdee3ad: shutdown LeaderElection
2019-09-25 11:53:29,711 [a2397dbc-5a20-48b8-8cb9-3a858bdee3ad@group-A9222B0DC21C:LeaderElection59] INFO  impl.RaftServerImpl (RaftServerImpl.java:setRole(174)) - a2397dbc-5a20-48b8-8cb9-3a858bdee3ad@group-A9222B0DC21C: changes role from CANDIDATE to LEADER at term 1 for changeToLeader
2019-09-25 11:53:29,711 [a2397dbc-5a20-48b8-8cb9-3a858bdee3ad@group-A9222B0DC21C:LeaderElection59] INFO  impl.RaftServerImpl (ServerState.java:setLeader(253)) - a2397dbc-5a20-48b8-8cb9-3a858bdee3ad@group-A9222B0DC21C: change Leader from null to a2397dbc-5a20-48b8-8cb9-3a858bdee3ad at term 1 for becomeLeader, leader elected after 5134ms
2019-09-25 11:53:29,711 [a2397dbc-5a20-48b8-8cb9-3a858bdee3ad@group-A9222B0DC21C:LeaderElection59] INFO  server.RaftServerConfigKeys (ConfUtils.java:logGet(43)) - raft.server.staging.catchup.gap = 1000 (default)
2019-09-25 11:53:29,711 [a2397dbc-5a20-48b8-8cb9-3a858bdee3ad@group-A9222B0DC21C:LeaderElection59] INFO  server.RaftServerConfigKeys (ConfUtils.java:logGet(43)) - raft.server.rpc.sleep.time = 25ms (default)
2019-09-25 11:53:29,712 [a2397dbc-5a20-48b8-8cb9-3a858bdee3ad@group-A9222B0DC21C:LeaderElection59] INFO  server.RaftServerConfigKeys (ConfUtils.java:logGet(43)) - raft.server.write.element-limit = 4096 (default)
2019-09-25 11:53:29,712 [a2397dbc-5a20-48b8-8cb9-3a858bdee3ad@group-A9222B0DC21C:LeaderElection59] INFO  server.RaftServerConfigKeys (ConfUtils.java:logGet(43)) - raft.server.watch.timeout = 10s (default)
2019-09-25 11:53:29,712 [a2397dbc-5a20-48b8-8cb9-3a858bdee3ad@group-A9222B0DC21C:LeaderElection59] INFO  server.RaftServerConfigKeys (ConfUtils.java:logGet(43)) - raft.server.watch.timeout.denomination = 1s (default)
2019-09-25 11:53:29,712 [a2397dbc-5a20-48b8-8cb9-3a858bdee3ad@group-A9222B0DC21C:LeaderElection59] INFO  server.RaftServerConfigKeys (ConfUtils.java:logGet(43)) - raft.server.watch.element-limit = 65536 (default)
2019-09-25 11:53:29,714 [a2397dbc-5a20-48b8-8cb9-3a858bdee3ad@group-A9222B0DC21C:LeaderElection59] INFO  impl.RoleInfo (RoleInfo.java:updateAndGet(143)) - a2397dbc-5a20-48b8-8cb9-3a858bdee3ad: start LeaderState
2019-09-25 11:53:29,714 [a2397dbc-5a20-48b8-8cb9-3a858bdee3ad@group-A9222B0DC21C:LeaderElection59] INFO  segmented.SegmentedRaftLogWorker (SegmentedRaftLogWorker.java:startLogSegment(380)) - a2397dbc-5a20-48b8-8cb9-3a858bdee3ad@group-A9222B0DC21C-SegmentedRaftLogWorker: Starting segment from index:0
2019-09-25 11:53:29,714 [a2397dbc-5a20-48b8-8cb9-3a858bdee3ad@group-A9222B0DC21C:LeaderElection59] INFO  impl.RaftServerImpl (ServerState.java:setRaftConf(354)) - a2397dbc-5a20-48b8-8cb9-3a858bdee3ad@group-A9222B0DC21C: set configuration 0: [a2397dbc-5a20-48b8-8cb9-3a858bdee3ad:192.168.30.6:35798], old=null at 0
2019-09-25 11:53:29,744 [Thread-996] INFO  impl.FollowerState (FollowerState.java:run(106)) - 2509016d-9eb6-46fa-8947-e5219391d1aa:group-A8E4F024B39C changes to CANDIDATE, lastRpcTime:5047, electionTimeout:5047ms
2019-09-25 11:53:29,744 [Thread-996] INFO  impl.RoleInfo (RoleInfo.java:shutdownFollowerState(121)) - 2509016d-9eb6-46fa-8947-e5219391d1aa: shutdown FollowerState
2019-09-25 11:53:29,744 [Thread-996] INFO  impl.RaftServerImpl (RaftServerImpl.java:setRole(174)) - 2509016d-9eb6-46fa-8947-e5219391d1aa@group-A8E4F024B39C: changes role from  FOLLOWER to CANDIDATE at term 0 for changeToCandidate
2019-09-25 11:53:29,745 [Thread-996] INFO  impl.RoleInfo (RoleInfo.java:updateAndGet(143)) - 2509016d-9eb6-46fa-8947-e5219391d1aa: start LeaderElection
2019-09-25 11:53:29,751 [a2397dbc-5a20-48b8-8cb9-3a858bdee3ad@group-A9222B0DC21C-SegmentedRaftLogWorker] INFO  segmented.SegmentedRaftLogWorker (SegmentedRaftLogWorker.java:execute(569)) - a2397dbc-5a20-48b8-8cb9-3a858bdee3ad@group-A9222B0DC21C-SegmentedRaftLogWorker: created new log segment /workdir/hadoop-ozone/ozonefs/target/test-dir/MiniOzoneClusterImpl-a940bac1-2636-4fb1-9232-9a814bb2953b/datanode-0/data/ratis/2dda6c07-06ec-47f6-b8a3-a9222b0dc21c/current/log_inprogress_0
2019-09-25 11:53:29,751 [2509016d-9eb6-46fa-8947-e5219391d1aa@group-A8E4F024B39C:LeaderElection60] INFO  impl.LeaderElection (LeaderElection.java:askForVotes(182)) - 2509016d-9eb6-46fa-8947-e5219391d1aa@group-A8E4F024B39C:LeaderElection60: begin an election at term 1 for -1: [2509016d-9eb6-46fa-8947-e5219391d1aa:192.168.30.6:40930], old=null
2019-09-25 11:53:29,751 [2509016d-9eb6-46fa-8947-e5219391d1aa@group-A8E4F024B39C:LeaderElection60] INFO  impl.RoleInfo (RoleInfo.java:shutdownLeaderElection(134)) - 2509016d-9eb6-46fa-8947-e5219391d1aa: shutdown LeaderElection
2019-09-25 11:53:29,751 [2509016d-9eb6-46fa-8947-e5219391d1aa@group-A8E4F024B39C:LeaderElection60] INFO  impl.RaftServerImpl (RaftServerImpl.java:setRole(174)) - 2509016d-9eb6-46fa-8947-e5219391d1aa@group-A8E4F024B39C: changes role from CANDIDATE to LEADER at term 1 for changeToLeader
2019-09-25 11:53:29,751 [2509016d-9eb6-46fa-8947-e5219391d1aa@group-A8E4F024B39C:LeaderElection60] INFO  impl.RaftServerImpl (ServerState.java:setLeader(253)) - 2509016d-9eb6-46fa-8947-e5219391d1aa@group-A8E4F024B39C: change Leader from null to 2509016d-9eb6-46fa-8947-e5219391d1aa at term 1 for becomeLeader, leader elected after 5058ms
2019-09-25 11:53:29,751 [2509016d-9eb6-46fa-8947-e5219391d1aa@group-A8E4F024B39C:LeaderElection60] INFO  server.RaftServerConfigKeys (ConfUtils.java:logGet(43)) - raft.server.staging.catchup.gap = 1000 (default)
2019-09-25 11:53:29,751 [2509016d-9eb6-46fa-8947-e5219391d1aa@group-A8E4F024B39C:LeaderElection60] INFO  server.RaftServerConfigKeys (ConfUtils.java:logGet(43)) - raft.server.rpc.sleep.time = 25ms (default)
2019-09-25 11:53:29,751 [2509016d-9eb6-46fa-8947-e5219391d1aa@group-A8E4F024B39C:LeaderElection60] INFO  server.RaftServerConfigKeys (ConfUtils.java:logGet(43)) - raft.server.write.element-limit = 4096 (default)
2019-09-25 11:53:29,752 [2509016d-9eb6-46fa-8947-e5219391d1aa@group-A8E4F024B39C:LeaderElection60] INFO  server.RaftServerConfigKeys (ConfUtils.java:logGet(43)) - raft.server.watch.timeout = 10s (default)
2019-09-25 11:53:29,752 [2509016d-9eb6-46fa-8947-e5219391d1aa@group-A8E4F024B39C:LeaderElection60] INFO  server.RaftServerConfigKeys (ConfUtils.java:logGet(43)) - raft.server.watch.timeout.denomination = 1s (default)
2019-09-25 11:53:29,752 [2509016d-9eb6-46fa-8947-e5219391d1aa@group-A8E4F024B39C:LeaderElection60] INFO  server.RaftServerConfigKeys (ConfUtils.java:logGet(43)) - raft.server.watch.element-limit = 65536 (default)
2019-09-25 11:53:29,754 [2509016d-9eb6-46fa-8947-e5219391d1aa@group-A8E4F024B39C:LeaderElection60] INFO  impl.RoleInfo (RoleInfo.java:updateAndGet(143)) - 2509016d-9eb6-46fa-8947-e5219391d1aa: start LeaderState
2019-09-25 11:53:29,754 [2509016d-9eb6-46fa-8947-e5219391d1aa@group-A8E4F024B39C:LeaderElection60] INFO  segmented.SegmentedRaftLogWorker (SegmentedRaftLogWorker.java:startLogSegment(380)) - 2509016d-9eb6-46fa-8947-e5219391d1aa@group-A8E4F024B39C-SegmentedRaftLogWorker: Starting segment from index:0
2019-09-25 11:53:29,755 [2509016d-9eb6-46fa-8947-e5219391d1aa@group-A8E4F024B39C:LeaderElection60] INFO  impl.RaftServerImpl (ServerState.java:setRaftConf(354)) - 2509016d-9eb6-46fa-8947-e5219391d1aa@group-A8E4F024B39C: set configuration 0: [2509016d-9eb6-46fa-8947-e5219391d1aa:192.168.30.6:40930], old=null at 0
2019-09-25 11:53:29,770 [Thread-993] INFO  impl.FollowerState (FollowerState.java:run(106)) - cccd6a07-ee63-4140-abb3-26c9cb0b576f:group-046774913471 changes to CANDIDATE, lastRpcTime:5106, electionTimeout:5106ms
2019-09-25 11:53:29,770 [Thread-993] INFO  impl.RoleInfo (RoleInfo.java:shutdownFollowerState(121)) - cccd6a07-ee63-4140-abb3-26c9cb0b576f: shutdown FollowerState
2019-09-25 11:53:29,770 [Thread-993] INFO  impl.RaftServerImpl (RaftServerImpl.java:setRole(174)) - cccd6a07-ee63-4140-abb3-26c9cb0b576f@group-046774913471: changes role from  FOLLOWER to CANDIDATE at term 0 for changeToCandidate
2019-09-25 11:53:29,771 [Thread-993] INFO  impl.RoleInfo (RoleInfo.java:updateAndGet(143)) - cccd6a07-ee63-4140-abb3-26c9cb0b576f: start LeaderElection
2019-09-25 11:53:29,800 [2509016d-9eb6-46fa-8947-e5219391d1aa@group-A8E4F024B39C-SegmentedRaftLogWorker] INFO  segmented.SegmentedRaftLogWorker (SegmentedRaftLogWorker.java:execute(569)) - 2509016d-9eb6-46fa-8947-e5219391d1aa@group-A8E4F024B39C-SegmentedRaftLogWorker: created new log segment /workdir/hadoop-ozone/ozonefs/target/test-dir/MiniOzoneClusterImpl-a940bac1-2636-4fb1-9232-9a814bb2953b/datanode-1/data/ratis/3bb8259a-bf47-4e88-ace2-a8e4f024b39c/current/log_inprogress_0
2019-09-25 11:53:29,800 [cccd6a07-ee63-4140-abb3-26c9cb0b576f@group-046774913471:LeaderElection61] INFO  impl.LeaderElection (LeaderElection.java:askForVotes(182)) - cccd6a07-ee63-4140-abb3-26c9cb0b576f@group-046774913471:LeaderElection61: begin an election at term 1 for -1: [cccd6a07-ee63-4140-abb3-26c9cb0b576f:192.168.30.6:46789], old=null
2019-09-25 11:53:29,800 [cccd6a07-ee63-4140-abb3-26c9cb0b576f@group-046774913471:LeaderElection61] INFO  impl.RoleInfo (RoleInfo.java:shutdownLeaderElection(134)) - cccd6a07-ee63-4140-abb3-26c9cb0b576f: shutdown LeaderElection
2019-09-25 11:53:29,800 [cccd6a07-ee63-4140-abb3-26c9cb0b576f@group-046774913471:LeaderElection61] INFO  impl.RaftServerImpl (RaftServerImpl.java:setRole(174)) - cccd6a07-ee63-4140-abb3-26c9cb0b576f@group-046774913471: changes role from CANDIDATE to LEADER at term 1 for changeToLeader
2019-09-25 11:53:29,800 [cccd6a07-ee63-4140-abb3-26c9cb0b576f@group-046774913471:LeaderElection61] INFO  impl.RaftServerImpl (ServerState.java:setLeader(253)) - cccd6a07-ee63-4140-abb3-26c9cb0b576f@group-046774913471: change Leader from null to cccd6a07-ee63-4140-abb3-26c9cb0b576f at term 1 for becomeLeader, leader elected after 5141ms
2019-09-25 11:53:29,800 [cccd6a07-ee63-4140-abb3-26c9cb0b576f@group-046774913471:LeaderElection61] INFO  server.RaftServerConfigKeys (ConfUtils.java:logGet(43)) - raft.server.staging.catchup.gap = 1000 (default)
2019-09-25 11:53:29,800 [cccd6a07-ee63-4140-abb3-26c9cb0b576f@group-046774913471:LeaderElection61] INFO  server.RaftServerConfigKeys (ConfUtils.java:logGet(43)) - raft.server.rpc.sleep.time = 25ms (default)
2019-09-25 11:53:29,800 [cccd6a07-ee63-4140-abb3-26c9cb0b576f@group-046774913471:LeaderElection61] INFO  server.RaftServerConfigKeys (ConfUtils.java:logGet(43)) - raft.server.write.element-limit = 4096 (default)
2019-09-25 11:53:29,800 [cccd6a07-ee63-4140-abb3-26c9cb0b576f@group-046774913471:LeaderElection61] INFO  server.RaftServerConfigKeys (ConfUtils.java:logGet(43)) - raft.server.watch.timeout = 10s (default)
2019-09-25 11:53:29,800 [cccd6a07-ee63-4140-abb3-26c9cb0b576f@group-046774913471:LeaderElection61] INFO  server.RaftServerConfigKeys (ConfUtils.java:logGet(43)) - raft.server.watch.timeout.denomination = 1s (default)
2019-09-25 11:53:29,801 [cccd6a07-ee63-4140-abb3-26c9cb0b576f@group-046774913471:LeaderElection61] INFO  server.RaftServerConfigKeys (ConfUtils.java:logGet(43)) - raft.server.watch.element-limit = 65536 (default)
2019-09-25 11:53:29,802 [cccd6a07-ee63-4140-abb3-26c9cb0b576f@group-046774913471:LeaderElection61] INFO  impl.RoleInfo (RoleInfo.java:updateAndGet(143)) - cccd6a07-ee63-4140-abb3-26c9cb0b576f: start LeaderState
2019-09-25 11:53:29,802 [cccd6a07-ee63-4140-abb3-26c9cb0b576f@group-046774913471:LeaderElection61] INFO  segmented.SegmentedRaftLogWorker (SegmentedRaftLogWorker.java:startLogSegment(380)) - cccd6a07-ee63-4140-abb3-26c9cb0b576f@group-046774913471-SegmentedRaftLogWorker: Starting segment from index:0
2019-09-25 11:53:29,803 [cccd6a07-ee63-4140-abb3-26c9cb0b576f@group-046774913471:LeaderElection61] INFO  impl.RaftServerImpl (ServerState.java:setRaftConf(354)) - cccd6a07-ee63-4140-abb3-26c9cb0b576f@group-046774913471: set configuration 0: [cccd6a07-ee63-4140-abb3-26c9cb0b576f:192.168.30.6:46789], old=null at 0
2019-09-25 11:53:29,840 [cccd6a07-ee63-4140-abb3-26c9cb0b576f@group-046774913471-SegmentedRaftLogWorker] INFO  segmented.SegmentedRaftLogWorker (SegmentedRaftLogWorker.java:execute(569)) - cccd6a07-ee63-4140-abb3-26c9cb0b576f@group-046774913471-SegmentedRaftLogWorker: created new log segment /workdir/hadoop-ozone/ozonefs/target/test-dir/MiniOzoneClusterImpl-a940bac1-2636-4fb1-9232-9a814bb2953b/datanode-2/data/ratis/a6d48d5a-358e-4b99-8e5c-046774913471/current/log_inprogress_0
2019-09-25 11:53:29,843 [Thread-1005] INFO  impl.FollowerState (FollowerState.java:run(106)) - 2509016d-9eb6-46fa-8947-e5219391d1aa:group-908BB0AE5D49 changes to CANDIDATE, lastRpcTime:5066, electionTimeout:5066ms
2019-09-25 11:53:29,843 [Thread-1005] INFO  impl.RoleInfo (RoleInfo.java:shutdownFollowerState(121)) - 2509016d-9eb6-46fa-8947-e5219391d1aa: shutdown FollowerState
2019-09-25 11:53:29,843 [Thread-1005] INFO  impl.RaftServerImpl (RaftServerImpl.java:setRole(174)) - 2509016d-9eb6-46fa-8947-e5219391d1aa@group-908BB0AE5D49: changes role from  FOLLOWER to CANDIDATE at term 0 for changeToCandidate
2019-09-25 11:53:29,843 [Thread-1005] INFO  impl.RoleInfo (RoleInfo.java:updateAndGet(143)) - 2509016d-9eb6-46fa-8947-e5219391d1aa: start LeaderElection
2019-09-25 11:53:29,860 [2509016d-9eb6-46fa-8947-e5219391d1aa@group-908BB0AE5D49:LeaderElection62] INFO  impl.LeaderElection (LeaderElection.java:askForVotes(182)) - 2509016d-9eb6-46fa-8947-e5219391d1aa@group-908BB0AE5D49:LeaderElection62: begin an election at term 1 for -1: [2509016d-9eb6-46fa-8947-e5219391d1aa:192.168.30.6:40930], old=null
2019-09-25 11:53:29,860 [2509016d-9eb6-46fa-8947-e5219391d1aa@group-908BB0AE5D49:LeaderElection62] INFO  impl.RoleInfo (RoleInfo.java:shutdownLeaderElection(134)) - 2509016d-9eb6-46fa-8947-e5219391d1aa: shutdown LeaderElection
2019-09-25 11:53:29,860 [2509016d-9eb6-46fa-8947-e5219391d1aa@group-908BB0AE5D49:LeaderElection62] INFO  impl.RaftServerImpl (RaftServerImpl.java:setRole(174)) - 2509016d-9eb6-46fa-8947-e5219391d1aa@group-908BB0AE5D49: changes role from CANDIDATE to LEADER at term 1 for changeToLeader
2019-09-25 11:53:29,860 [2509016d-9eb6-46fa-8947-e5219391d1aa@group-908BB0AE5D49:LeaderElection62] INFO  impl.RaftServerImpl (ServerState.java:setLeader(253)) - 2509016d-9eb6-46fa-8947-e5219391d1aa@group-908BB0AE5D49: change Leader from null to 2509016d-9eb6-46fa-8947-e5219391d1aa at term 1 for becomeLeader, leader elected after 5088ms
2019-09-25 11:53:29,860 [2509016d-9eb6-46fa-8947-e5219391d1aa@group-908BB0AE5D49:LeaderElection62] INFO  server.RaftServerConfigKeys (ConfUtils.java:logGet(43)) - raft.server.staging.catchup.gap = 1000 (default)
2019-09-25 11:53:29,860 [2509016d-9eb6-46fa-8947-e5219391d1aa@group-908BB0AE5D49:LeaderElection62] INFO  server.RaftServerConfigKeys (ConfUtils.java:logGet(43)) - raft.server.rpc.sleep.time = 25ms (default)
2019-09-25 11:53:29,860 [2509016d-9eb6-46fa-8947-e5219391d1aa@group-908BB0AE5D49:LeaderElection62] INFO  server.RaftServerConfigKeys (ConfUtils.java:logGet(43)) - raft.server.write.element-limit = 4096 (default)
2019-09-25 11:53:29,861 [2509016d-9eb6-46fa-8947-e5219391d1aa@group-908BB0AE5D49:LeaderElection62] INFO  server.RaftServerConfigKeys (ConfUtils.java:logGet(43)) - raft.server.watch.timeout = 10s (default)
2019-09-25 11:53:29,861 [2509016d-9eb6-46fa-8947-e5219391d1aa@group-908BB0AE5D49:LeaderElection62] INFO  server.RaftServerConfigKeys (ConfUtils.java:logGet(43)) - raft.server.watch.timeout.denomination = 1s (default)
2019-09-25 11:53:29,861 [2509016d-9eb6-46fa-8947-e5219391d1aa@group-908BB0AE5D49:LeaderElection62] INFO  server.RaftServerConfigKeys (ConfUtils.java:logGet(43)) - raft.server.watch.element-limit = 65536 (default)
2019-09-25 11:53:29,862 [2509016d-9eb6-46fa-8947-e5219391d1aa@group-908BB0AE5D49:LeaderElection62] INFO  impl.RoleInfo (RoleInfo.java:updateAndGet(143)) - 2509016d-9eb6-46fa-8947-e5219391d1aa: start LeaderState
2019-09-25 11:53:29,862 [2509016d-9eb6-46fa-8947-e5219391d1aa@group-908BB0AE5D49:LeaderElection62] INFO  segmented.SegmentedRaftLogWorker (SegmentedRaftLogWorker.java:startLogSegment(380)) - 2509016d-9eb6-46fa-8947-e5219391d1aa@group-908BB0AE5D49-SegmentedRaftLogWorker: Starting segment from index:0
2019-09-25 11:53:29,863 [2509016d-9eb6-46fa-8947-e5219391d1aa@group-908BB0AE5D49:LeaderElection62] INFO  impl.RaftServerImpl (ServerState.java:setRaftConf(354)) - 2509016d-9eb6-46fa-8947-e5219391d1aa@group-908BB0AE5D49: set configuration 0: [2509016d-9eb6-46fa-8947-e5219391d1aa:192.168.30.6:40930], old=null at 0
2019-09-25 11:53:29,898 [Thread-999] INFO  impl.FollowerState (FollowerState.java:run(106)) - 2509016d-9eb6-46fa-8947-e5219391d1aa:group-01B0DBB91C72 changes to CANDIDATE, lastRpcTime:5167, electionTimeout:5167ms
2019-09-25 11:53:29,899 [Thread-999] INFO  impl.RoleInfo (RoleInfo.java:shutdownFollowerState(121)) - 2509016d-9eb6-46fa-8947-e5219391d1aa: shutdown FollowerState
2019-09-25 11:53:29,899 [Thread-999] INFO  impl.RaftServerImpl (RaftServerImpl.java:setRole(174)) - 2509016d-9eb6-46fa-8947-e5219391d1aa@group-01B0DBB91C72: changes role from  FOLLOWER to CANDIDATE at term 0 for changeToCandidate
2019-09-25 11:53:29,899 [Thread-999] INFO  impl.RoleInfo (RoleInfo.java:updateAndGet(143)) - 2509016d-9eb6-46fa-8947-e5219391d1aa: start LeaderElection
2019-09-25 11:53:29,899 [2509016d-9eb6-46fa-8947-e5219391d1aa@group-908BB0AE5D49-SegmentedRaftLogWorker] INFO  segmented.SegmentedRaftLogWorker (SegmentedRaftLogWorker.java:execute(569)) - 2509016d-9eb6-46fa-8947-e5219391d1aa@group-908BB0AE5D49-SegmentedRaftLogWorker: created new log segment /workdir/hadoop-ozone/ozonefs/target/test-dir/MiniOzoneClusterImpl-a940bac1-2636-4fb1-9232-9a814bb2953b/datanode-1/data/ratis/c1227b65-939d-4b77-8dad-908bb0ae5d49/current/log_inprogress_0
2019-09-25 11:53:29,916 [Thread-1002] INFO  impl.FollowerState (FollowerState.java:run(106)) - 2509016d-9eb6-46fa-8947-e5219391d1aa:group-CA02CA570E0D changes to CANDIDATE, lastRpcTime:5162, electionTimeout:5162ms
2019-09-25 11:53:29,917 [Thread-1002] INFO  impl.RoleInfo (RoleInfo.java:shutdownFollowerState(121)) - 2509016d-9eb6-46fa-8947-e5219391d1aa: shutdown FollowerState
2019-09-25 11:53:29,917 [Thread-1002] INFO  impl.RaftServerImpl (RaftServerImpl.java:setRole(174)) - 2509016d-9eb6-46fa-8947-e5219391d1aa@group-CA02CA570E0D: changes role from  FOLLOWER to CANDIDATE at term 0 for changeToCandidate
2019-09-25 11:53:29,917 [Thread-1002] INFO  impl.RoleInfo (RoleInfo.java:updateAndGet(143)) - 2509016d-9eb6-46fa-8947-e5219391d1aa: start LeaderElection
2019-09-25 11:53:29,919 [2509016d-9eb6-46fa-8947-e5219391d1aa@group-01B0DBB91C72:LeaderElection63] INFO  impl.LeaderElection (LeaderElection.java:askForVotes(182)) - 2509016d-9eb6-46fa-8947-e5219391d1aa@group-01B0DBB91C72:LeaderElection63: begin an election at term 1 for -1: [2509016d-9eb6-46fa-8947-e5219391d1aa:192.168.30.6:40930], old=null
2019-09-25 11:53:29,919 [2509016d-9eb6-46fa-8947-e5219391d1aa@group-01B0DBB91C72:LeaderElection63] INFO  impl.RoleInfo (RoleInfo.java:shutdownLeaderElection(134)) - 2509016d-9eb6-46fa-8947-e5219391d1aa: shutdown LeaderElection
2019-09-25 11:53:29,919 [2509016d-9eb6-46fa-8947-e5219391d1aa@group-01B0DBB91C72:LeaderElection63] INFO  impl.RaftServerImpl (RaftServerImpl.java:setRole(174)) - 2509016d-9eb6-46fa-8947-e5219391d1aa@group-01B0DBB91C72: changes role from CANDIDATE to LEADER at term 1 for changeToLeader
2019-09-25 11:53:29,920 [2509016d-9eb6-46fa-8947-e5219391d1aa@group-01B0DBB91C72:LeaderElection63] INFO  impl.RaftServerImpl (ServerState.java:setLeader(253)) - 2509016d-9eb6-46fa-8947-e5219391d1aa@group-01B0DBB91C72: change Leader from null to 2509016d-9eb6-46fa-8947-e5219391d1aa at term 1 for becomeLeader, leader elected after 5193ms
2019-09-25 11:53:29,920 [2509016d-9eb6-46fa-8947-e5219391d1aa@group-01B0DBB91C72:LeaderElection63] INFO  server.RaftServerConfigKeys (ConfUtils.java:logGet(43)) - raft.server.staging.catchup.gap = 1000 (default)
2019-09-25 11:53:29,920 [2509016d-9eb6-46fa-8947-e5219391d1aa@group-01B0DBB91C72:LeaderElection63] INFO  server.RaftServerConfigKeys (ConfUtils.java:logGet(43)) - raft.server.rpc.sleep.time = 25ms (default)
2019-09-25 11:53:29,920 [2509016d-9eb6-46fa-8947-e5219391d1aa@group-01B0DBB91C72:LeaderElection63] INFO  server.RaftServerConfigKeys (ConfUtils.java:logGet(43)) - raft.server.write.element-limit = 4096 (default)
2019-09-25 11:53:29,920 [2509016d-9eb6-46fa-8947-e5219391d1aa@group-01B0DBB91C72:LeaderElection63] INFO  server.RaftServerConfigKeys (ConfUtils.java:logGet(43)) - raft.server.watch.timeout = 10s (default)
2019-09-25 11:53:29,920 [2509016d-9eb6-46fa-8947-e5219391d1aa@group-01B0DBB91C72:LeaderElection63] INFO  server.RaftServerConfigKeys (ConfUtils.java:logGet(43)) - raft.server.watch.timeout.denomination = 1s (default)
2019-09-25 11:53:29,920 [2509016d-9eb6-46fa-8947-e5219391d1aa@group-01B0DBB91C72:LeaderElection63] INFO  server.RaftServerConfigKeys (ConfUtils.java:logGet(43)) - raft.server.watch.element-limit = 65536 (default)
2019-09-25 11:53:29,921 [2509016d-9eb6-46fa-8947-e5219391d1aa@group-01B0DBB91C72:LeaderElection63] INFO  impl.RoleInfo (RoleInfo.java:updateAndGet(143)) - 2509016d-9eb6-46fa-8947-e5219391d1aa: start LeaderState
2019-09-25 11:53:29,921 [2509016d-9eb6-46fa-8947-e5219391d1aa@group-01B0DBB91C72:LeaderElection63] INFO  segmented.SegmentedRaftLogWorker (SegmentedRaftLogWorker.java:startLogSegment(380)) - 2509016d-9eb6-46fa-8947-e5219391d1aa@group-01B0DBB91C72-SegmentedRaftLogWorker: Starting segment from index:0
2019-09-25 11:53:29,922 [2509016d-9eb6-46fa-8947-e5219391d1aa@group-01B0DBB91C72:LeaderElection63] INFO  impl.RaftServerImpl (ServerState.java:setRaftConf(354)) - 2509016d-9eb6-46fa-8947-e5219391d1aa@group-01B0DBB91C72: set configuration 0: [2509016d-9eb6-46fa-8947-e5219391d1aa:192.168.30.6:40930], old=null at 0
2019-09-25 11:53:29,928 [2509016d-9eb6-46fa-8947-e5219391d1aa@group-CA02CA570E0D:LeaderElection64] INFO  impl.LeaderElection (LeaderElection.java:askForVotes(182)) - 2509016d-9eb6-46fa-8947-e5219391d1aa@group-CA02CA570E0D:LeaderElection64: begin an election at term 1 for -1: [2509016d-9eb6-46fa-8947-e5219391d1aa:192.168.30.6:40930], old=null
2019-09-25 11:53:29,928 [2509016d-9eb6-46fa-8947-e5219391d1aa@group-CA02CA570E0D:LeaderElection64] INFO  impl.RoleInfo (RoleInfo.java:shutdownLeaderElection(134)) - 2509016d-9eb6-46fa-8947-e5219391d1aa: shutdown LeaderElection
2019-09-25 11:53:29,928 [2509016d-9eb6-46fa-8947-e5219391d1aa@group-CA02CA570E0D:LeaderElection64] INFO  impl.RaftServerImpl (RaftServerImpl.java:setRole(174)) - 2509016d-9eb6-46fa-8947-e5219391d1aa@group-CA02CA570E0D: changes role from CANDIDATE to LEADER at term 1 for changeToLeader
2019-09-25 11:53:29,929 [2509016d-9eb6-46fa-8947-e5219391d1aa@group-CA02CA570E0D:LeaderElection64] INFO  impl.RaftServerImpl (ServerState.java:setLeader(253)) - 2509016d-9eb6-46fa-8947-e5219391d1aa@group-CA02CA570E0D: change Leader from null to 2509016d-9eb6-46fa-8947-e5219391d1aa at term 1 for becomeLeader, leader elected after 5178ms
2019-09-25 11:53:29,929 [2509016d-9eb6-46fa-8947-e5219391d1aa@group-CA02CA570E0D:LeaderElection64] INFO  server.RaftServerConfigKeys (ConfUtils.java:logGet(43)) - raft.server.staging.catchup.gap = 1000 (default)
2019-09-25 11:53:29,929 [2509016d-9eb6-46fa-8947-e5219391d1aa@group-CA02CA570E0D:LeaderElection64] INFO  server.RaftServerConfigKeys (ConfUtils.java:logGet(43)) - raft.server.rpc.sleep.time = 25ms (default)
2019-09-25 11:53:29,929 [2509016d-9eb6-46fa-8947-e5219391d1aa@group-CA02CA570E0D:LeaderElection64] INFO  server.RaftServerConfigKeys (ConfUtils.java:logGet(43)) - raft.server.write.element-limit = 4096 (default)
2019-09-25 11:53:29,929 [2509016d-9eb6-46fa-8947-e5219391d1aa@group-CA02CA570E0D:LeaderElection64] INFO  server.RaftServerConfigKeys (ConfUtils.java:logGet(43)) - raft.server.watch.timeout = 10s (default)
2019-09-25 11:53:29,929 [2509016d-9eb6-46fa-8947-e5219391d1aa@group-CA02CA570E0D:LeaderElection64] INFO  server.RaftServerConfigKeys (ConfUtils.java:logGet(43)) - raft.server.watch.timeout.denomination = 1s (default)
2019-09-25 11:53:29,929 [2509016d-9eb6-46fa-8947-e5219391d1aa@group-CA02CA570E0D:LeaderElection64] INFO  server.RaftServerConfigKeys (ConfUtils.java:logGet(43)) - raft.server.watch.element-limit = 65536 (default)
2019-09-25 11:53:29,931 [2509016d-9eb6-46fa-8947-e5219391d1aa@group-CA02CA570E0D:LeaderElection64] INFO  impl.RoleInfo (RoleInfo.java:updateAndGet(143)) - 2509016d-9eb6-46fa-8947-e5219391d1aa: start LeaderState
2019-09-25 11:53:29,932 [2509016d-9eb6-46fa-8947-e5219391d1aa@group-CA02CA570E0D:LeaderElection64] INFO  segmented.SegmentedRaftLogWorker (SegmentedRaftLogWorker.java:startLogSegment(380)) - 2509016d-9eb6-46fa-8947-e5219391d1aa@group-CA02CA570E0D-SegmentedRaftLogWorker: Starting segment from index:0
2019-09-25 11:53:29,932 [2509016d-9eb6-46fa-8947-e5219391d1aa@group-CA02CA570E0D:LeaderElection64] INFO  impl.RaftServerImpl (ServerState.java:setRaftConf(354)) - 2509016d-9eb6-46fa-8947-e5219391d1aa@group-CA02CA570E0D: set configuration 0: [2509016d-9eb6-46fa-8947-e5219391d1aa:192.168.30.6:40930], old=null at 0
2019-09-25 11:53:29,953 [Thread-1017] INFO  impl.FollowerState (FollowerState.java:run(106)) - cccd6a07-ee63-4140-abb3-26c9cb0b576f:group-619E9B8A92BF changes to CANDIDATE, lastRpcTime:5045, electionTimeout:5045ms
2019-09-25 11:53:29,953 [Thread-1017] INFO  impl.RoleInfo (RoleInfo.java:shutdownFollowerState(121)) - cccd6a07-ee63-4140-abb3-26c9cb0b576f: shutdown FollowerState
2019-09-25 11:53:29,953 [Thread-1017] INFO  impl.RaftServerImpl (RaftServerImpl.java:setRole(174)) - cccd6a07-ee63-4140-abb3-26c9cb0b576f@group-619E9B8A92BF: changes role from  FOLLOWER to CANDIDATE at term 0 for changeToCandidate
2019-09-25 11:53:29,953 [Thread-1017] INFO  impl.RoleInfo (RoleInfo.java:updateAndGet(143)) - cccd6a07-ee63-4140-abb3-26c9cb0b576f: start LeaderElection
2019-09-25 11:53:29,966 [2509016d-9eb6-46fa-8947-e5219391d1aa@group-01B0DBB91C72-SegmentedRaftLogWorker] INFO  segmented.SegmentedRaftLogWorker (SegmentedRaftLogWorker.java:execute(569)) - 2509016d-9eb6-46fa-8947-e5219391d1aa@group-01B0DBB91C72-SegmentedRaftLogWorker: created new log segment /workdir/hadoop-ozone/ozonefs/target/test-dir/MiniOzoneClusterImpl-a940bac1-2636-4fb1-9232-9a814bb2953b/datanode-1/data/ratis/4dcf9301-20b6-42f2-98cb-01b0dbb91c72/current/log_inprogress_0
2019-09-25 11:53:29,966 [2509016d-9eb6-46fa-8947-e5219391d1aa@group-CA02CA570E0D-SegmentedRaftLogWorker] INFO  segmented.SegmentedRaftLogWorker (SegmentedRaftLogWorker.java:execute(569)) - 2509016d-9eb6-46fa-8947-e5219391d1aa@group-CA02CA570E0D-SegmentedRaftLogWorker: created new log segment /workdir/hadoop-ozone/ozonefs/target/test-dir/MiniOzoneClusterImpl-a940bac1-2636-4fb1-9232-9a814bb2953b/datanode-1/data/ratis/f09fd22a-7b3c-4700-b9b6-ca02ca570e0d/current/log_inprogress_0
2019-09-25 11:53:29,966 [cccd6a07-ee63-4140-abb3-26c9cb0b576f@group-619E9B8A92BF:LeaderElection65] INFO  impl.LeaderElection (LeaderElection.java:askForVotes(182)) - cccd6a07-ee63-4140-abb3-26c9cb0b576f@group-619E9B8A92BF:LeaderElection65: begin an election at term 1 for -1: [cccd6a07-ee63-4140-abb3-26c9cb0b576f:192.168.30.6:46789], old=null
2019-09-25 11:53:29,966 [cccd6a07-ee63-4140-abb3-26c9cb0b576f@group-619E9B8A92BF:LeaderElection65] INFO  impl.RoleInfo (RoleInfo.java:shutdownLeaderElection(134)) - cccd6a07-ee63-4140-abb3-26c9cb0b576f: shutdown LeaderElection
2019-09-25 11:53:29,966 [cccd6a07-ee63-4140-abb3-26c9cb0b576f@group-619E9B8A92BF:LeaderElection65] INFO  impl.RaftServerImpl (RaftServerImpl.java:setRole(174)) - cccd6a07-ee63-4140-abb3-26c9cb0b576f@group-619E9B8A92BF: changes role from CANDIDATE to LEADER at term 1 for changeToLeader
2019-09-25 11:53:29,966 [cccd6a07-ee63-4140-abb3-26c9cb0b576f@group-619E9B8A92BF:LeaderElection65] INFO  impl.RaftServerImpl (ServerState.java:setLeader(253)) - cccd6a07-ee63-4140-abb3-26c9cb0b576f@group-619E9B8A92BF: change Leader from null to cccd6a07-ee63-4140-abb3-26c9cb0b576f at term 1 for becomeLeader, leader elected after 5065ms
2019-09-25 11:53:29,966 [cccd6a07-ee63-4140-abb3-26c9cb0b576f@group-619E9B8A92BF:LeaderElection65] INFO  server.RaftServerConfigKeys (ConfUtils.java:logGet(43)) - raft.server.staging.catchup.gap = 1000 (default)
2019-09-25 11:53:29,967 [cccd6a07-ee63-4140-abb3-26c9cb0b576f@group-619E9B8A92BF:LeaderElection65] INFO  server.RaftServerConfigKeys (ConfUtils.java:logGet(43)) - raft.server.rpc.sleep.time = 25ms (default)
2019-09-25 11:53:29,967 [cccd6a07-ee63-4140-abb3-26c9cb0b576f@group-619E9B8A92BF:LeaderElection65] INFO  server.RaftServerConfigKeys (ConfUtils.java:logGet(43)) - raft.server.write.element-limit = 4096 (default)
2019-09-25 11:53:29,967 [cccd6a07-ee63-4140-abb3-26c9cb0b576f@group-619E9B8A92BF:LeaderElection65] INFO  server.RaftServerConfigKeys (ConfUtils.java:logGet(43)) - raft.server.watch.timeout = 10s (default)
2019-09-25 11:53:29,967 [cccd6a07-ee63-4140-abb3-26c9cb0b576f@group-619E9B8A92BF:LeaderElection65] INFO  server.RaftServerConfigKeys (ConfUtils.java:logGet(43)) - raft.server.watch.timeout.denomination = 1s (default)
2019-09-25 11:53:29,967 [cccd6a07-ee63-4140-abb3-26c9cb0b576f@group-619E9B8A92BF:LeaderElection65] INFO  server.RaftServerConfigKeys (ConfUtils.java:logGet(43)) - raft.server.watch.element-limit = 65536 (default)
2019-09-25 11:53:29,969 [cccd6a07-ee63-4140-abb3-26c9cb0b576f@group-619E9B8A92BF:LeaderElection65] INFO  impl.RoleInfo (RoleInfo.java:updateAndGet(143)) - cccd6a07-ee63-4140-abb3-26c9cb0b576f: start LeaderState
2019-09-25 11:53:29,969 [cccd6a07-ee63-4140-abb3-26c9cb0b576f@group-619E9B8A92BF:LeaderElection65] INFO  segmented.SegmentedRaftLogWorker (SegmentedRaftLogWorker.java:startLogSegment(380)) - cccd6a07-ee63-4140-abb3-26c9cb0b576f@group-619E9B8A92BF-SegmentedRaftLogWorker: Starting segment from index:0
2019-09-25 11:53:29,969 [Thread-1008] INFO  impl.FollowerState (FollowerState.java:run(106)) - cccd6a07-ee63-4140-abb3-26c9cb0b576f:group-18878E48545D changes to CANDIDATE, lastRpcTime:5162, electionTimeout:5162ms
2019-09-25 11:53:29,969 [Thread-1008] INFO  impl.RoleInfo (RoleInfo.java:shutdownFollowerState(121)) - cccd6a07-ee63-4140-abb3-26c9cb0b576f: shutdown FollowerState
2019-09-25 11:53:29,969 [Thread-1008] INFO  impl.RaftServerImpl (RaftServerImpl.java:setRole(174)) - cccd6a07-ee63-4140-abb3-26c9cb0b576f@group-18878E48545D: changes role from  FOLLOWER to CANDIDATE at term 0 for changeToCandidate
2019-09-25 11:53:29,969 [cccd6a07-ee63-4140-abb3-26c9cb0b576f@group-619E9B8A92BF:LeaderElection65] INFO  impl.RaftServerImpl (ServerState.java:setRaftConf(354)) - cccd6a07-ee63-4140-abb3-26c9cb0b576f@group-619E9B8A92BF: set configuration 0: [cccd6a07-ee63-4140-abb3-26c9cb0b576f:192.168.30.6:46789], old=null at 0
2019-09-25 11:53:29,970 [Thread-1008] INFO  impl.RoleInfo (RoleInfo.java:updateAndGet(143)) - cccd6a07-ee63-4140-abb3-26c9cb0b576f: start LeaderElection
2019-09-25 11:53:29,994 [Thread-1011] INFO  impl.FollowerState (FollowerState.java:run(106)) - cccd6a07-ee63-4140-abb3-26c9cb0b576f:group-7EF462890D92 changes to CANDIDATE, lastRpcTime:5157, electionTimeout:5157ms
2019-09-25 11:53:29,994 [Thread-1011] INFO  impl.RoleInfo (RoleInfo.java:shutdownFollowerState(121)) - cccd6a07-ee63-4140-abb3-26c9cb0b576f: shutdown FollowerState
2019-09-25 11:53:29,994 [Thread-1011] INFO  impl.RaftServerImpl (RaftServerImpl.java:setRole(174)) - cccd6a07-ee63-4140-abb3-26c9cb0b576f@group-7EF462890D92: changes role from  FOLLOWER to CANDIDATE at term 0 for changeToCandidate
2019-09-25 11:53:29,994 [Thread-1011] INFO  impl.RoleInfo (RoleInfo.java:updateAndGet(143)) - cccd6a07-ee63-4140-abb3-26c9cb0b576f: start LeaderElection
2019-09-25 11:53:30,005 [Thread-1014] INFO  impl.FollowerState (FollowerState.java:run(106)) - cccd6a07-ee63-4140-abb3-26c9cb0b576f:group-B3550D4943D7 changes to CANDIDATE, lastRpcTime:5137, electionTimeout:5137ms
2019-09-25 11:53:30,005 [Thread-1014] INFO  impl.RoleInfo (RoleInfo.java:shutdownFollowerState(121)) - cccd6a07-ee63-4140-abb3-26c9cb0b576f: shutdown FollowerState
2019-09-25 11:53:30,005 [Thread-1014] INFO  impl.RaftServerImpl (RaftServerImpl.java:setRole(174)) - cccd6a07-ee63-4140-abb3-26c9cb0b576f@group-B3550D4943D7: changes role from  FOLLOWER to CANDIDATE at term 0 for changeToCandidate
2019-09-25 11:53:30,005 [Thread-1014] INFO  impl.RoleInfo (RoleInfo.java:updateAndGet(143)) - cccd6a07-ee63-4140-abb3-26c9cb0b576f: start LeaderElection
2019-09-25 11:53:30,007 [cccd6a07-ee63-4140-abb3-26c9cb0b576f@group-619E9B8A92BF-SegmentedRaftLogWorker] INFO  segmented.SegmentedRaftLogWorker (SegmentedRaftLogWorker.java:execute(569)) - cccd6a07-ee63-4140-abb3-26c9cb0b576f@group-619E9B8A92BF-SegmentedRaftLogWorker: created new log segment /workdir/hadoop-ozone/ozonefs/target/test-dir/MiniOzoneClusterImpl-a940bac1-2636-4fb1-9232-9a814bb2953b/datanode-2/data/ratis/8e0a5c92-b7d0-423b-818a-619e9b8a92bf/current/log_inprogress_0
2019-09-25 11:53:30,007 [cccd6a07-ee63-4140-abb3-26c9cb0b576f@group-18878E48545D:LeaderElection66] INFO  impl.LeaderElection (LeaderElection.java:askForVotes(182)) - cccd6a07-ee63-4140-abb3-26c9cb0b576f@group-18878E48545D:LeaderElection66: begin an election at term 1 for -1: [cccd6a07-ee63-4140-abb3-26c9cb0b576f:192.168.30.6:46789], old=null
2019-09-25 11:53:30,007 [cccd6a07-ee63-4140-abb3-26c9cb0b576f@group-7EF462890D92:LeaderElection67] INFO  impl.LeaderElection (LeaderElection.java:askForVotes(182)) - cccd6a07-ee63-4140-abb3-26c9cb0b576f@group-7EF462890D92:LeaderElection67: begin an election at term 1 for -1: [cccd6a07-ee63-4140-abb3-26c9cb0b576f:192.168.30.6:46789], old=null
2019-09-25 11:53:30,007 [cccd6a07-ee63-4140-abb3-26c9cb0b576f@group-18878E48545D:LeaderElection66] INFO  impl.RoleInfo (RoleInfo.java:shutdownLeaderElection(134)) - cccd6a07-ee63-4140-abb3-26c9cb0b576f: shutdown LeaderElection
2019-09-25 11:53:30,007 [cccd6a07-ee63-4140-abb3-26c9cb0b576f@group-7EF462890D92:LeaderElection67] INFO  impl.RoleInfo (RoleInfo.java:shutdownLeaderElection(134)) - cccd6a07-ee63-4140-abb3-26c9cb0b576f: shutdown LeaderElection
2019-09-25 11:53:30,007 [cccd6a07-ee63-4140-abb3-26c9cb0b576f@group-18878E48545D:LeaderElection66] INFO  impl.RaftServerImpl (RaftServerImpl.java:setRole(174)) - cccd6a07-ee63-4140-abb3-26c9cb0b576f@group-18878E48545D: changes role from CANDIDATE to LEADER at term 1 for changeToLeader
2019-09-25 11:53:30,007 [cccd6a07-ee63-4140-abb3-26c9cb0b576f@group-7EF462890D92:LeaderElection67] INFO  impl.RaftServerImpl (RaftServerImpl.java:setRole(174)) - cccd6a07-ee63-4140-abb3-26c9cb0b576f@group-7EF462890D92: changes role from CANDIDATE to LEADER at term 1 for changeToLeader
2019-09-25 11:53:30,007 [cccd6a07-ee63-4140-abb3-26c9cb0b576f@group-18878E48545D:LeaderElection66] INFO  impl.RaftServerImpl (ServerState.java:setLeader(253)) - cccd6a07-ee63-4140-abb3-26c9cb0b576f@group-18878E48545D: change Leader from null to cccd6a07-ee63-4140-abb3-26c9cb0b576f at term 1 for becomeLeader, leader elected after 5204ms
2019-09-25 11:53:30,008 [cccd6a07-ee63-4140-abb3-26c9cb0b576f@group-7EF462890D92:LeaderElection67] INFO  impl.RaftServerImpl (ServerState.java:setLeader(253)) - cccd6a07-ee63-4140-abb3-26c9cb0b576f@group-7EF462890D92: change Leader from null to cccd6a07-ee63-4140-abb3-26c9cb0b576f at term 1 for becomeLeader, leader elected after 5175ms
2019-09-25 11:53:30,008 [cccd6a07-ee63-4140-abb3-26c9cb0b576f@group-18878E48545D:LeaderElection66] INFO  server.RaftServerConfigKeys (ConfUtils.java:logGet(43)) - raft.server.staging.catchup.gap = 1000 (default)
2019-09-25 11:53:30,008 [cccd6a07-ee63-4140-abb3-26c9cb0b576f@group-7EF462890D92:LeaderElection67] INFO  server.RaftServerConfigKeys (ConfUtils.java:logGet(43)) - raft.server.staging.catchup.gap = 1000 (default)
2019-09-25 11:53:30,008 [cccd6a07-ee63-4140-abb3-26c9cb0b576f@group-18878E48545D:LeaderElection66] INFO  server.RaftServerConfigKeys (ConfUtils.java:logGet(43)) - raft.server.rpc.sleep.time = 25ms (default)
2019-09-25 11:53:30,008 [cccd6a07-ee63-4140-abb3-26c9cb0b576f@group-7EF462890D92:LeaderElection67] INFO  server.RaftServerConfigKeys (ConfUtils.java:logGet(43)) - raft.server.rpc.sleep.time = 25ms (default)
2019-09-25 11:53:30,008 [cccd6a07-ee63-4140-abb3-26c9cb0b576f@group-18878E48545D:LeaderElection66] INFO  server.RaftServerConfigKeys (ConfUtils.java:logGet(43)) - raft.server.write.element-limit = 4096 (default)
2019-09-25 11:53:30,008 [cccd6a07-ee63-4140-abb3-26c9cb0b576f@group-7EF462890D92:LeaderElection67] INFO  server.RaftServerConfigKeys (ConfUtils.java:logGet(43)) - raft.server.write.element-limit = 4096 (default)
2019-09-25 11:53:30,009 [cccd6a07-ee63-4140-abb3-26c9cb0b576f@group-18878E48545D:LeaderElection66] INFO  server.RaftServerConfigKeys (ConfUtils.java:logGet(43)) - raft.server.watch.timeout = 10s (default)
2019-09-25 11:53:30,009 [cccd6a07-ee63-4140-abb3-26c9cb0b576f@group-7EF462890D92:LeaderElection67] INFO  server.RaftServerConfigKeys (ConfUtils.java:logGet(43)) - raft.server.watch.timeout = 10s (default)
2019-09-25 11:53:30,009 [cccd6a07-ee63-4140-abb3-26c9cb0b576f@group-18878E48545D:LeaderElection66] INFO  server.RaftServerConfigKeys (ConfUtils.java:logGet(43)) - raft.server.watch.timeout.denomination = 1s (default)
2019-09-25 11:53:30,009 [cccd6a07-ee63-4140-abb3-26c9cb0b576f@group-7EF462890D92:LeaderElection67] INFO  server.RaftServerConfigKeys (ConfUtils.java:logGet(43)) - raft.server.watch.timeout.denomination = 1s (default)
2019-09-25 11:53:30,009 [cccd6a07-ee63-4140-abb3-26c9cb0b576f@group-18878E48545D:LeaderElection66] INFO  server.RaftServerConfigKeys (ConfUtils.java:logGet(43)) - raft.server.watch.element-limit = 65536 (default)
2019-09-25 11:53:30,009 [cccd6a07-ee63-4140-abb3-26c9cb0b576f@group-7EF462890D92:LeaderElection67] INFO  server.RaftServerConfigKeys (ConfUtils.java:logGet(43)) - raft.server.watch.element-limit = 65536 (default)
2019-09-25 11:53:30,013 [cccd6a07-ee63-4140-abb3-26c9cb0b576f@group-18878E48545D:LeaderElection66] INFO  impl.RoleInfo (RoleInfo.java:updateAndGet(143)) - cccd6a07-ee63-4140-abb3-26c9cb0b576f: start LeaderState
2019-09-25 11:53:30,013 [cccd6a07-ee63-4140-abb3-26c9cb0b576f@group-7EF462890D92:LeaderElection67] INFO  impl.RoleInfo (RoleInfo.java:updateAndGet(143)) - cccd6a07-ee63-4140-abb3-26c9cb0b576f: start LeaderState
2019-09-25 11:53:30,013 [cccd6a07-ee63-4140-abb3-26c9cb0b576f@group-18878E48545D:LeaderElection66] INFO  segmented.SegmentedRaftLogWorker (SegmentedRaftLogWorker.java:startLogSegment(380)) - cccd6a07-ee63-4140-abb3-26c9cb0b576f@group-18878E48545D-SegmentedRaftLogWorker: Starting segment from index:0
2019-09-25 11:53:30,013 [cccd6a07-ee63-4140-abb3-26c9cb0b576f@group-7EF462890D92:LeaderElection67] INFO  segmented.SegmentedRaftLogWorker (SegmentedRaftLogWorker.java:startLogSegment(380)) - cccd6a07-ee63-4140-abb3-26c9cb0b576f@group-7EF462890D92-SegmentedRaftLogWorker: Starting segment from index:0
2019-09-25 11:53:30,014 [cccd6a07-ee63-4140-abb3-26c9cb0b576f@group-18878E48545D:LeaderElection66] INFO  impl.RaftServerImpl (ServerState.java:setRaftConf(354)) - cccd6a07-ee63-4140-abb3-26c9cb0b576f@group-18878E48545D: set configuration 0: [cccd6a07-ee63-4140-abb3-26c9cb0b576f:192.168.30.6:46789], old=null at 0
2019-09-25 11:53:30,014 [cccd6a07-ee63-4140-abb3-26c9cb0b576f@group-7EF462890D92:LeaderElection67] INFO  impl.RaftServerImpl (ServerState.java:setRaftConf(354)) - cccd6a07-ee63-4140-abb3-26c9cb0b576f@group-7EF462890D92: set configuration 0: [cccd6a07-ee63-4140-abb3-26c9cb0b576f:192.168.30.6:46789], old=null at 0
2019-09-25 11:53:30,020 [cccd6a07-ee63-4140-abb3-26c9cb0b576f@group-B3550D4943D7:LeaderElection68] INFO  impl.LeaderElection (LeaderElection.java:askForVotes(182)) - cccd6a07-ee63-4140-abb3-26c9cb0b576f@group-B3550D4943D7:LeaderElection68: begin an election at term 1 for -1: [cccd6a07-ee63-4140-abb3-26c9cb0b576f:192.168.30.6:46789], old=null
2019-09-25 11:53:30,020 [cccd6a07-ee63-4140-abb3-26c9cb0b576f@group-B3550D4943D7:LeaderElection68] INFO  impl.RoleInfo (RoleInfo.java:shutdownLeaderElection(134)) - cccd6a07-ee63-4140-abb3-26c9cb0b576f: shutdown LeaderElection
2019-09-25 11:53:30,020 [cccd6a07-ee63-4140-abb3-26c9cb0b576f@group-B3550D4943D7:LeaderElection68] INFO  impl.RaftServerImpl (RaftServerImpl.java:setRole(174)) - cccd6a07-ee63-4140-abb3-26c9cb0b576f@group-B3550D4943D7: changes role from CANDIDATE to LEADER at term 1 for changeToLeader
2019-09-25 11:53:30,020 [cccd6a07-ee63-4140-abb3-26c9cb0b576f@group-B3550D4943D7:LeaderElection68] INFO  impl.RaftServerImpl (ServerState.java:setLeader(253)) - cccd6a07-ee63-4140-abb3-26c9cb0b576f@group-B3550D4943D7: change Leader from null to cccd6a07-ee63-4140-abb3-26c9cb0b576f at term 1 for becomeLeader, leader elected after 5166ms
2019-09-25 11:53:30,020 [cccd6a07-ee63-4140-abb3-26c9cb0b576f@group-B3550D4943D7:LeaderElection68] INFO  server.RaftServerConfigKeys (ConfUtils.java:logGet(43)) - raft.server.staging.catchup.gap = 1000 (default)
2019-09-25 11:53:30,020 [cccd6a07-ee63-4140-abb3-26c9cb0b576f@group-B3550D4943D7:LeaderElection68] INFO  server.RaftServerConfigKeys (ConfUtils.java:logGet(43)) - raft.server.rpc.sleep.time = 25ms (default)
2019-09-25 11:53:30,020 [cccd6a07-ee63-4140-abb3-26c9cb0b576f@group-B3550D4943D7:LeaderElection68] INFO  server.RaftServerConfigKeys (ConfUtils.java:logGet(43)) - raft.server.write.element-limit = 4096 (default)
2019-09-25 11:53:30,021 [cccd6a07-ee63-4140-abb3-26c9cb0b576f@group-B3550D4943D7:LeaderElection68] INFO  server.RaftServerConfigKeys (ConfUtils.java:logGet(43)) - raft.server.watch.timeout = 10s (default)
2019-09-25 11:53:30,021 [cccd6a07-ee63-4140-abb3-26c9cb0b576f@group-B3550D4943D7:LeaderElection68] INFO  server.RaftServerConfigKeys (ConfUtils.java:logGet(43)) - raft.server.watch.timeout.denomination = 1s (default)
2019-09-25 11:53:30,021 [cccd6a07-ee63-4140-abb3-26c9cb0b576f@group-B3550D4943D7:LeaderElection68] INFO  server.RaftServerConfigKeys (ConfUtils.java:logGet(43)) - raft.server.watch.element-limit = 65536 (default)
2019-09-25 11:53:30,022 [cccd6a07-ee63-4140-abb3-26c9cb0b576f@group-B3550D4943D7:LeaderElection68] INFO  impl.RoleInfo (RoleInfo.java:updateAndGet(143)) - cccd6a07-ee63-4140-abb3-26c9cb0b576f: start LeaderState
2019-09-25 11:53:30,022 [cccd6a07-ee63-4140-abb3-26c9cb0b576f@group-B3550D4943D7:LeaderElection68] INFO  segmented.SegmentedRaftLogWorker (SegmentedRaftLogWorker.java:startLogSegment(380)) - cccd6a07-ee63-4140-abb3-26c9cb0b576f@group-B3550D4943D7-SegmentedRaftLogWorker: Starting segment from index:0
2019-09-25 11:53:30,023 [cccd6a07-ee63-4140-abb3-26c9cb0b576f@group-B3550D4943D7:LeaderElection68] INFO  impl.RaftServerImpl (ServerState.java:setRaftConf(354)) - cccd6a07-ee63-4140-abb3-26c9cb0b576f@group-B3550D4943D7: set configuration 0: [cccd6a07-ee63-4140-abb3-26c9cb0b576f:192.168.30.6:46789], old=null at 0
2019-09-25 11:53:30,048 [Thread-1020] INFO  impl.FollowerState (FollowerState.java:run(106)) - cccd6a07-ee63-4140-abb3-26c9cb0b576f:group-2B6F8F4541C7 changes to CANDIDATE, lastRpcTime:5098, electionTimeout:5098ms
2019-09-25 11:53:30,048 [Thread-1020] INFO  impl.RoleInfo (RoleInfo.java:shutdownFollowerState(121)) - cccd6a07-ee63-4140-abb3-26c9cb0b576f: shutdown FollowerState
2019-09-25 11:53:30,048 [Thread-1020] INFO  impl.RaftServerImpl (RaftServerImpl.java:setRole(174)) - cccd6a07-ee63-4140-abb3-26c9cb0b576f@group-2B6F8F4541C7: changes role from  FOLLOWER to CANDIDATE at term 0 for changeToCandidate
2019-09-25 11:53:30,048 [Thread-1020] INFO  impl.RoleInfo (RoleInfo.java:updateAndGet(143)) - cccd6a07-ee63-4140-abb3-26c9cb0b576f: start LeaderElection
2019-09-25 11:53:30,057 [cccd6a07-ee63-4140-abb3-26c9cb0b576f@group-B3550D4943D7-SegmentedRaftLogWorker] INFO  segmented.SegmentedRaftLogWorker (SegmentedRaftLogWorker.java:execute(569)) - cccd6a07-ee63-4140-abb3-26c9cb0b576f@group-B3550D4943D7-SegmentedRaftLogWorker: created new log segment /workdir/hadoop-ozone/ozonefs/target/test-dir/MiniOzoneClusterImpl-a940bac1-2636-4fb1-9232-9a814bb2953b/datanode-2/data/ratis/ec84610a-7ea7-40df-b68c-b3550d4943d7/current/log_inprogress_0
2019-09-25 11:53:30,057 [cccd6a07-ee63-4140-abb3-26c9cb0b576f@group-7EF462890D92-SegmentedRaftLogWorker] INFO  segmented.SegmentedRaftLogWorker (SegmentedRaftLogWorker.java:execute(569)) - cccd6a07-ee63-4140-abb3-26c9cb0b576f@group-7EF462890D92-SegmentedRaftLogWorker: created new log segment /workdir/hadoop-ozone/ozonefs/target/test-dir/MiniOzoneClusterImpl-a940bac1-2636-4fb1-9232-9a814bb2953b/datanode-2/data/ratis/5f119cef-4fa2-48cd-9071-7ef462890d92/current/log_inprogress_0
2019-09-25 11:53:30,057 [cccd6a07-ee63-4140-abb3-26c9cb0b576f@group-2B6F8F4541C7:LeaderElection69] INFO  impl.LeaderElection (LeaderElection.java:askForVotes(182)) - cccd6a07-ee63-4140-abb3-26c9cb0b576f@group-2B6F8F4541C7:LeaderElection69: begin an election at term 1 for -1: [cccd6a07-ee63-4140-abb3-26c9cb0b576f:192.168.30.6:46789], old=null
2019-09-25 11:53:30,058 [cccd6a07-ee63-4140-abb3-26c9cb0b576f@group-2B6F8F4541C7:LeaderElection69] INFO  impl.RoleInfo (RoleInfo.java:shutdownLeaderElection(134)) - cccd6a07-ee63-4140-abb3-26c9cb0b576f: shutdown LeaderElection
2019-09-25 11:53:30,057 [cccd6a07-ee63-4140-abb3-26c9cb0b576f@group-18878E48545D-SegmentedRaftLogWorker] INFO  segmented.SegmentedRaftLogWorker (SegmentedRaftLogWorker.java:execute(569)) - cccd6a07-ee63-4140-abb3-26c9cb0b576f@group-18878E48545D-SegmentedRaftLogWorker: created new log segment /workdir/hadoop-ozone/ozonefs/target/test-dir/MiniOzoneClusterImpl-a940bac1-2636-4fb1-9232-9a814bb2953b/datanode-2/data/ratis/1eae8cf6-c2e4-4a41-b0e5-18878e48545d/current/log_inprogress_0
2019-09-25 11:53:30,058 [cccd6a07-ee63-4140-abb3-26c9cb0b576f@group-2B6F8F4541C7:LeaderElection69] INFO  impl.RaftServerImpl (RaftServerImpl.java:setRole(174)) - cccd6a07-ee63-4140-abb3-26c9cb0b576f@group-2B6F8F4541C7: changes role from CANDIDATE to LEADER at term 1 for changeToLeader
2019-09-25 11:53:30,058 [cccd6a07-ee63-4140-abb3-26c9cb0b576f@group-2B6F8F4541C7:LeaderElection69] INFO  impl.RaftServerImpl (ServerState.java:setLeader(253)) - cccd6a07-ee63-4140-abb3-26c9cb0b576f@group-2B6F8F4541C7: change Leader from null to cccd6a07-ee63-4140-abb3-26c9cb0b576f at term 1 for becomeLeader, leader elected after 5114ms
2019-09-25 11:53:30,058 [cccd6a07-ee63-4140-abb3-26c9cb0b576f@group-2B6F8F4541C7:LeaderElection69] INFO  server.RaftServerConfigKeys (ConfUtils.java:logGet(43)) - raft.server.staging.catchup.gap = 1000 (default)
2019-09-25 11:53:30,058 [cccd6a07-ee63-4140-abb3-26c9cb0b576f@group-2B6F8F4541C7:LeaderElection69] INFO  server.RaftServerConfigKeys (ConfUtils.java:logGet(43)) - raft.server.rpc.sleep.time = 25ms (default)
2019-09-25 11:53:30,059 [cccd6a07-ee63-4140-abb3-26c9cb0b576f@group-2B6F8F4541C7:LeaderElection69] INFO  server.RaftServerConfigKeys (ConfUtils.java:logGet(43)) - raft.server.write.element-limit = 4096 (default)
2019-09-25 11:53:30,059 [cccd6a07-ee63-4140-abb3-26c9cb0b576f@group-2B6F8F4541C7:LeaderElection69] INFO  server.RaftServerConfigKeys (ConfUtils.java:logGet(43)) - raft.server.watch.timeout = 10s (default)
2019-09-25 11:53:30,059 [cccd6a07-ee63-4140-abb3-26c9cb0b576f@group-2B6F8F4541C7:LeaderElection69] INFO  server.RaftServerConfigKeys (ConfUtils.java:logGet(43)) - raft.server.watch.timeout.denomination = 1s (default)
2019-09-25 11:53:30,059 [cccd6a07-ee63-4140-abb3-26c9cb0b576f@group-2B6F8F4541C7:LeaderElection69] INFO  server.RaftServerConfigKeys (ConfUtils.java:logGet(43)) - raft.server.watch.element-limit = 65536 (default)
2019-09-25 11:53:30,061 [cccd6a07-ee63-4140-abb3-26c9cb0b576f@group-2B6F8F4541C7:LeaderElection69] INFO  impl.RoleInfo (RoleInfo.java:updateAndGet(143)) - cccd6a07-ee63-4140-abb3-26c9cb0b576f: start LeaderState
2019-09-25 11:53:30,061 [cccd6a07-ee63-4140-abb3-26c9cb0b576f@group-2B6F8F4541C7:LeaderElection69] INFO  segmented.SegmentedRaftLogWorker (SegmentedRaftLogWorker.java:startLogSegment(380)) - cccd6a07-ee63-4140-abb3-26c9cb0b576f@group-2B6F8F4541C7-SegmentedRaftLogWorker: Starting segment from index:0
2019-09-25 11:53:30,062 [cccd6a07-ee63-4140-abb3-26c9cb0b576f@group-2B6F8F4541C7:LeaderElection69] INFO  impl.RaftServerImpl (ServerState.java:setRaftConf(354)) - cccd6a07-ee63-4140-abb3-26c9cb0b576f@group-2B6F8F4541C7: set configuration 0: [cccd6a07-ee63-4140-abb3-26c9cb0b576f:192.168.30.6:46789], old=null at 0
2019-09-25 11:53:30,102 [cccd6a07-ee63-4140-abb3-26c9cb0b576f@group-2B6F8F4541C7-SegmentedRaftLogWorker] INFO  segmented.SegmentedRaftLogWorker (SegmentedRaftLogWorker.java:execute(569)) - cccd6a07-ee63-4140-abb3-26c9cb0b576f@group-2B6F8F4541C7-SegmentedRaftLogWorker: created new log segment /workdir/hadoop-ozone/ozonefs/target/test-dir/MiniOzoneClusterImpl-a940bac1-2636-4fb1-9232-9a814bb2953b/datanode-2/data/ratis/048e15af-baf1-4cd3-91d9-2b6f8f4541c7/current/log_inprogress_0
2019-09-25 11:53:30,533 [Thread-795] INFO  ozoneimpl.OzoneContainer (OzoneContainer.java:stop(231)) - Attempting to stop container services.
2019-09-25 11:53:30,533 [ForkJoinPool.commonPool-worker-1] INFO  ozoneimpl.OzoneContainer (OzoneContainer.java:stop(231)) - Attempting to stop container services.
2019-09-25 11:53:30,533 [Thread-795] INFO  impl.RaftServerProxy (RaftServerProxy.java:lambda$close$4(314)) - 2509016d-9eb6-46fa-8947-e5219391d1aa: close
2019-09-25 11:53:30,533 [ForkJoinPool.commonPool-worker-1] INFO  impl.RaftServerProxy (RaftServerProxy.java:lambda$close$4(314)) - a2397dbc-5a20-48b8-8cb9-3a858bdee3ad: close
2019-09-25 11:53:30,533 [Thread-795] INFO  impl.RaftServerImpl (RaftServerImpl.java:lambda$shutdown$3(251)) - 2509016d-9eb6-46fa-8947-e5219391d1aa@group-CA02CA570E0D: shutdown
2019-09-25 11:53:30,534 [ForkJoinPool.commonPool-worker-1] INFO  impl.RaftServerImpl (RaftServerImpl.java:lambda$shutdown$3(251)) - a2397dbc-5a20-48b8-8cb9-3a858bdee3ad@group-4EE42BEEC012: shutdown
2019-09-25 11:53:30,534 [Thread-795] INFO  util.JmxRegister (JmxRegister.java:unregister(73)) - Successfully un-registered JMX Bean with object name Ratis:service=RaftServer,group=group-CA02CA570E0D,id=2509016d-9eb6-46fa-8947-e5219391d1aa
2019-09-25 11:53:30,534 [ForkJoinPool.commonPool-worker-1] INFO  util.JmxRegister (JmxRegister.java:unregister(73)) - Successfully un-registered JMX Bean with object name Ratis:service=RaftServer,group=group-4EE42BEEC012,id=a2397dbc-5a20-48b8-8cb9-3a858bdee3ad
2019-09-25 11:53:30,535 [Thread-795] INFO  impl.RoleInfo (RoleInfo.java:shutdownLeaderState(104)) - 2509016d-9eb6-46fa-8947-e5219391d1aa: shutdown LeaderState
2019-09-25 11:53:30,535 [ForkJoinPool.commonPool-worker-1] INFO  impl.RoleInfo (RoleInfo.java:shutdownLeaderState(104)) - a2397dbc-5a20-48b8-8cb9-3a858bdee3ad: shutdown LeaderState
2019-09-25 11:53:30,535 [Thread-795] INFO  impl.PendingRequests (PendingRequests.java:sendNotLeaderResponses(202)) - 2509016d-9eb6-46fa-8947-e5219391d1aa-PendingRequests: sendNotLeaderResponses
2019-09-25 11:53:30,536 [ForkJoinPool.commonPool-worker-1] INFO  impl.PendingRequests (PendingRequests.java:sendNotLeaderResponses(202)) - a2397dbc-5a20-48b8-8cb9-3a858bdee3ad-PendingRequests: sendNotLeaderResponses
2019-09-25 11:53:30,536 [Thread-795] INFO  impl.StateMachineUpdater (StateMachineUpdater.java:stopAndJoin(125)) - 2509016d-9eb6-46fa-8947-e5219391d1aa@group-CA02CA570E0D-StateMachineUpdater: set stopIndex = 0
2019-09-25 11:53:30,536 [ForkJoinPool.commonPool-worker-1] INFO  impl.StateMachineUpdater (StateMachineUpdater.java:stopAndJoin(125)) - a2397dbc-5a20-48b8-8cb9-3a858bdee3ad@group-4EE42BEEC012-StateMachineUpdater: set stopIndex = 0
2019-09-25 11:53:30,537 [Thread-795] INFO  impl.RaftServerImpl (ServerState.java:close(385)) - 2509016d-9eb6-46fa-8947-e5219391d1aa@group-CA02CA570E0D: closes. applyIndex: 0
2019-09-25 11:53:30,537 [ForkJoinPool.commonPool-worker-1] INFO  impl.RaftServerImpl (ServerState.java:close(385)) - a2397dbc-5a20-48b8-8cb9-3a858bdee3ad@group-4EE42BEEC012: closes. applyIndex: 0
2019-09-25 11:53:30,537 [2509016d-9eb6-46fa-8947-e5219391d1aa@group-CA02CA570E0D-SegmentedRaftLogWorker] INFO  segmented.SegmentedRaftLogWorker (SegmentedRaftLogWorker.java:run(313)) - 2509016d-9eb6-46fa-8947-e5219391d1aa@group-CA02CA570E0D-SegmentedRaftLogWorker was interrupted, exiting. There are 0 tasks remaining in the queue.
2019-09-25 11:53:30,538 [a2397dbc-5a20-48b8-8cb9-3a858bdee3ad@group-4EE42BEEC012-SegmentedRaftLogWorker] INFO  segmented.SegmentedRaftLogWorker (SegmentedRaftLogWorker.java:run(313)) - a2397dbc-5a20-48b8-8cb9-3a858bdee3ad@group-4EE42BEEC012-SegmentedRaftLogWorker was interrupted, exiting. There are 0 tasks remaining in the queue.
2019-09-25 11:53:30,538 [Thread-795] INFO  segmented.SegmentedRaftLogWorker (SegmentedRaftLogWorker.java:close(228)) - 2509016d-9eb6-46fa-8947-e5219391d1aa@group-CA02CA570E0D-SegmentedRaftLogWorker close()
2019-09-25 11:53:30,538 [ForkJoinPool.commonPool-worker-1] INFO  segmented.SegmentedRaftLogWorker (SegmentedRaftLogWorker.java:close(228)) - a2397dbc-5a20-48b8-8cb9-3a858bdee3ad@group-4EE42BEEC012-SegmentedRaftLogWorker close()
2019-09-25 11:53:30,541 [Thread-795] INFO  impl.RaftServerImpl (RaftServerImpl.java:lambda$shutdown$3(251)) - 2509016d-9eb6-46fa-8947-e5219391d1aa@group-A8E4F024B39C: shutdown
2019-09-25 11:53:30,543 [ForkJoinPool.commonPool-worker-1] INFO  impl.RaftServerImpl (RaftServerImpl.java:lambda$shutdown$3(251)) - a2397dbc-5a20-48b8-8cb9-3a858bdee3ad@group-11E844F3B80F: shutdown
2019-09-25 11:53:30,543 [Thread-795] INFO  util.JmxRegister (JmxRegister.java:unregister(73)) - Successfully un-registered JMX Bean with object name Ratis:service=RaftServer,group=group-A8E4F024B39C,id=2509016d-9eb6-46fa-8947-e5219391d1aa
2019-09-25 11:53:30,543 [ForkJoinPool.commonPool-worker-1] INFO  util.JmxRegister (JmxRegister.java:unregister(73)) - Successfully un-registered JMX Bean with object name Ratis:service=RaftServer,group=group-11E844F3B80F,id=a2397dbc-5a20-48b8-8cb9-3a858bdee3ad
2019-09-25 11:53:30,543 [Thread-795] INFO  impl.RoleInfo (RoleInfo.java:shutdownLeaderState(104)) - 2509016d-9eb6-46fa-8947-e5219391d1aa: shutdown LeaderState
2019-09-25 11:53:30,544 [ForkJoinPool.commonPool-worker-1] INFO  impl.RoleInfo (RoleInfo.java:shutdownLeaderState(104)) - a2397dbc-5a20-48b8-8cb9-3a858bdee3ad: shutdown LeaderState
2019-09-25 11:53:30,544 [Thread-795] INFO  impl.PendingRequests (PendingRequests.java:sendNotLeaderResponses(202)) - 2509016d-9eb6-46fa-8947-e5219391d1aa-PendingRequests: sendNotLeaderResponses
2019-09-25 11:53:30,544 [ForkJoinPool.commonPool-worker-1] INFO  impl.PendingRequests (PendingRequests.java:sendNotLeaderResponses(202)) - a2397dbc-5a20-48b8-8cb9-3a858bdee3ad-PendingRequests: sendNotLeaderResponses
2019-09-25 11:53:30,545 [Thread-795] INFO  impl.StateMachineUpdater (StateMachineUpdater.java:stopAndJoin(125)) - 2509016d-9eb6-46fa-8947-e5219391d1aa@group-A8E4F024B39C-StateMachineUpdater: set stopIndex = 0
2019-09-25 11:53:30,545 [ForkJoinPool.commonPool-worker-1] INFO  impl.StateMachineUpdater (StateMachineUpdater.java:stopAndJoin(125)) - a2397dbc-5a20-48b8-8cb9-3a858bdee3ad@group-11E844F3B80F-StateMachineUpdater: set stopIndex = 0
2019-09-25 11:53:30,545 [Thread-795] INFO  impl.RaftServerImpl (ServerState.java:close(385)) - 2509016d-9eb6-46fa-8947-e5219391d1aa@group-A8E4F024B39C: closes. applyIndex: 0
2019-09-25 11:53:30,546 [ForkJoinPool.commonPool-worker-1] INFO  impl.RaftServerImpl (ServerState.java:close(385)) - a2397dbc-5a20-48b8-8cb9-3a858bdee3ad@group-11E844F3B80F: closes. applyIndex: 0
2019-09-25 11:53:30,546 [2509016d-9eb6-46fa-8947-e5219391d1aa@group-A8E4F024B39C-SegmentedRaftLogWorker] INFO  segmented.SegmentedRaftLogWorker (SegmentedRaftLogWorker.java:run(313)) - 2509016d-9eb6-46fa-8947-e5219391d1aa@group-A8E4F024B39C-SegmentedRaftLogWorker was interrupted, exiting. There are 0 tasks remaining in the queue.
2019-09-25 11:53:30,546 [a2397dbc-5a20-48b8-8cb9-3a858bdee3ad@group-11E844F3B80F-SegmentedRaftLogWorker] INFO  segmented.SegmentedRaftLogWorker (SegmentedRaftLogWorker.java:run(313)) - a2397dbc-5a20-48b8-8cb9-3a858bdee3ad@group-11E844F3B80F-SegmentedRaftLogWorker was interrupted, exiting. There are 0 tasks remaining in the queue.
2019-09-25 11:53:30,547 [Thread-795] INFO  segmented.SegmentedRaftLogWorker (SegmentedRaftLogWorker.java:close(228)) - 2509016d-9eb6-46fa-8947-e5219391d1aa@group-A8E4F024B39C-SegmentedRaftLogWorker close()
2019-09-25 11:53:30,547 [ForkJoinPool.commonPool-worker-1] INFO  segmented.SegmentedRaftLogWorker (SegmentedRaftLogWorker.java:close(228)) - a2397dbc-5a20-48b8-8cb9-3a858bdee3ad@group-11E844F3B80F-SegmentedRaftLogWorker close()
2019-09-25 11:53:30,549 [Thread-795] INFO  impl.RaftServerImpl (RaftServerImpl.java:lambda$shutdown$3(251)) - 2509016d-9eb6-46fa-8947-e5219391d1aa@group-160DC988FE47: shutdown
2019-09-25 11:53:30,551 [ForkJoinPool.commonPool-worker-1] INFO  impl.RaftServerImpl (RaftServerImpl.java:lambda$shutdown$3(251)) - a2397dbc-5a20-48b8-8cb9-3a858bdee3ad@group-9688349754E9: shutdown
2019-09-25 11:53:30,551 [Thread-795] INFO  util.JmxRegister (JmxRegister.java:unregister(73)) - Successfully un-registered JMX Bean with object name Ratis:service=RaftServer,group=group-160DC988FE47,id=2509016d-9eb6-46fa-8947-e5219391d1aa
2019-09-25 11:53:30,551 [ForkJoinPool.commonPool-worker-1] INFO  util.JmxRegister (JmxRegister.java:unregister(73)) - Successfully un-registered JMX Bean with object name Ratis:service=RaftServer,group=group-9688349754E9,id=a2397dbc-5a20-48b8-8cb9-3a858bdee3ad
2019-09-25 11:53:30,551 [Thread-795] INFO  impl.RoleInfo (RoleInfo.java:shutdownLeaderState(104)) - 2509016d-9eb6-46fa-8947-e5219391d1aa: shutdown LeaderState
2019-09-25 11:53:30,552 [ForkJoinPool.commonPool-worker-1] INFO  impl.RoleInfo (RoleInfo.java:shutdownLeaderState(104)) - a2397dbc-5a20-48b8-8cb9-3a858bdee3ad: shutdown LeaderState
2019-09-25 11:53:30,552 [Thread-795] INFO  impl.PendingRequests (PendingRequests.java:sendNotLeaderResponses(202)) - 2509016d-9eb6-46fa-8947-e5219391d1aa-PendingRequests: sendNotLeaderResponses
2019-09-25 11:53:30,552 [ForkJoinPool.commonPool-worker-1] INFO  impl.PendingRequests (PendingRequests.java:sendNotLeaderResponses(202)) - a2397dbc-5a20-48b8-8cb9-3a858bdee3ad-PendingRequests: sendNotLeaderResponses
2019-09-25 11:53:30,553 [Thread-795] INFO  impl.StateMachineUpdater (StateMachineUpdater.java:stopAndJoin(125)) - 2509016d-9eb6-46fa-8947-e5219391d1aa@group-160DC988FE47-StateMachineUpdater: set stopIndex = 0
2019-09-25 11:53:30,553 [ForkJoinPool.commonPool-worker-1] INFO  impl.StateMachineUpdater (StateMachineUpdater.java:stopAndJoin(125)) - a2397dbc-5a20-48b8-8cb9-3a858bdee3ad@group-9688349754E9-StateMachineUpdater: set stopIndex = 0
2019-09-25 11:53:30,553 [Thread-795] INFO  impl.RaftServerImpl (ServerState.java:close(385)) - 2509016d-9eb6-46fa-8947-e5219391d1aa@group-160DC988FE47: closes. applyIndex: 0
2019-09-25 11:53:30,554 [ForkJoinPool.commonPool-worker-1] INFO  impl.RaftServerImpl (ServerState.java:close(385)) - a2397dbc-5a20-48b8-8cb9-3a858bdee3ad@group-9688349754E9: closes. applyIndex: 0
2019-09-25 11:53:30,554 [2509016d-9eb6-46fa-8947-e5219391d1aa@group-160DC988FE47-SegmentedRaftLogWorker] INFO  segmented.SegmentedRaftLogWorker (SegmentedRaftLogWorker.java:run(313)) - 2509016d-9eb6-46fa-8947-e5219391d1aa@group-160DC988FE47-SegmentedRaftLogWorker was interrupted, exiting. There are 0 tasks remaining in the queue.
2019-09-25 11:53:30,554 [a2397dbc-5a20-48b8-8cb9-3a858bdee3ad@group-9688349754E9-SegmentedRaftLogWorker] INFO  segmented.SegmentedRaftLogWorker (SegmentedRaftLogWorker.java:run(313)) - a2397dbc-5a20-48b8-8cb9-3a858bdee3ad@group-9688349754E9-SegmentedRaftLogWorker was interrupted, exiting. There are 0 tasks remaining in the queue.
2019-09-25 11:53:30,554 [Thread-795] INFO  segmented.SegmentedRaftLogWorker (SegmentedRaftLogWorker.java:close(228)) - 2509016d-9eb6-46fa-8947-e5219391d1aa@group-160DC988FE47-SegmentedRaftLogWorker close()
2019-09-25 11:53:30,555 [ForkJoinPool.commonPool-worker-1] INFO  segmented.SegmentedRaftLogWorker (SegmentedRaftLogWorker.java:close(228)) - a2397dbc-5a20-48b8-8cb9-3a858bdee3ad@group-9688349754E9-SegmentedRaftLogWorker close()
2019-09-25 11:53:30,556 [Thread-795] INFO  impl.RaftServerImpl (RaftServerImpl.java:lambda$shutdown$3(251)) - 2509016d-9eb6-46fa-8947-e5219391d1aa@group-01B0DBB91C72: shutdown
2019-09-25 11:53:30,558 [ForkJoinPool.commonPool-worker-1] INFO  impl.RaftServerImpl (RaftServerImpl.java:lambda$shutdown$3(251)) - a2397dbc-5a20-48b8-8cb9-3a858bdee3ad@group-A9222B0DC21C: shutdown
2019-09-25 11:53:30,559 [Thread-795] INFO  util.JmxRegister (JmxRegister.java:unregister(73)) - Successfully un-registered JMX Bean with object name Ratis:service=RaftServer,group=group-01B0DBB91C72,id=2509016d-9eb6-46fa-8947-e5219391d1aa
2019-09-25 11:53:30,559 [Thread-795] INFO  impl.RoleInfo (RoleInfo.java:shutdownLeaderState(104)) - 2509016d-9eb6-46fa-8947-e5219391d1aa: shutdown LeaderState
2019-09-25 11:53:30,559 [ForkJoinPool.commonPool-worker-1] INFO  util.JmxRegister (JmxRegister.java:unregister(73)) - Successfully un-registered JMX Bean with object name Ratis:service=RaftServer,group=group-A9222B0DC21C,id=a2397dbc-5a20-48b8-8cb9-3a858bdee3ad
2019-09-25 11:53:30,560 [Thread-795] INFO  impl.PendingRequests (PendingRequests.java:sendNotLeaderResponses(202)) - 2509016d-9eb6-46fa-8947-e5219391d1aa-PendingRequests: sendNotLeaderResponses
2019-09-25 11:53:30,560 [ForkJoinPool.commonPool-worker-1] INFO  impl.RoleInfo (RoleInfo.java:shutdownLeaderState(104)) - a2397dbc-5a20-48b8-8cb9-3a858bdee3ad: shutdown LeaderState
2019-09-25 11:53:30,560 [Thread-795] INFO  impl.StateMachineUpdater (StateMachineUpdater.java:stopAndJoin(125)) - 2509016d-9eb6-46fa-8947-e5219391d1aa@group-01B0DBB91C72-StateMachineUpdater: set stopIndex = 0
2019-09-25 11:53:30,560 [ForkJoinPool.commonPool-worker-1] INFO  impl.PendingRequests (PendingRequests.java:sendNotLeaderResponses(202)) - a2397dbc-5a20-48b8-8cb9-3a858bdee3ad-PendingRequests: sendNotLeaderResponses
2019-09-25 11:53:30,561 [Thread-795] INFO  impl.RaftServerImpl (ServerState.java:close(385)) - 2509016d-9eb6-46fa-8947-e5219391d1aa@group-01B0DBB91C72: closes. applyIndex: 0
2019-09-25 11:53:30,561 [ForkJoinPool.commonPool-worker-1] INFO  impl.StateMachineUpdater (StateMachineUpdater.java:stopAndJoin(125)) - a2397dbc-5a20-48b8-8cb9-3a858bdee3ad@group-A9222B0DC21C-StateMachineUpdater: set stopIndex = 0
2019-09-25 11:53:30,561 [2509016d-9eb6-46fa-8947-e5219391d1aa@group-01B0DBB91C72-SegmentedRaftLogWorker] INFO  segmented.SegmentedRaftLogWorker (SegmentedRaftLogWorker.java:run(313)) - 2509016d-9eb6-46fa-8947-e5219391d1aa@group-01B0DBB91C72-SegmentedRaftLogWorker was interrupted, exiting. There are 0 tasks remaining in the queue.
2019-09-25 11:53:30,562 [ForkJoinPool.commonPool-worker-1] INFO  impl.RaftServerImpl (ServerState.java:close(385)) - a2397dbc-5a20-48b8-8cb9-3a858bdee3ad@group-A9222B0DC21C: closes. applyIndex: 0
2019-09-25 11:53:30,562 [Thread-795] INFO  segmented.SegmentedRaftLogWorker (SegmentedRaftLogWorker.java:close(228)) - 2509016d-9eb6-46fa-8947-e5219391d1aa@group-01B0DBB91C72-SegmentedRaftLogWorker close()
2019-09-25 11:53:30,562 [a2397dbc-5a20-48b8-8cb9-3a858bdee3ad@group-A9222B0DC21C-SegmentedRaftLogWorker] INFO  segmented.SegmentedRaftLogWorker (SegmentedRaftLogWorker.java:run(313)) - a2397dbc-5a20-48b8-8cb9-3a858bdee3ad@group-A9222B0DC21C-SegmentedRaftLogWorker was interrupted, exiting. There are 0 tasks remaining in the queue.
2019-09-25 11:53:30,564 [Thread-795] INFO  impl.RaftServerImpl (RaftServerImpl.java:lambda$shutdown$3(251)) - 2509016d-9eb6-46fa-8947-e5219391d1aa@group-908BB0AE5D49: shutdown
2019-09-25 11:53:30,564 [ForkJoinPool.commonPool-worker-1] INFO  segmented.SegmentedRaftLogWorker (SegmentedRaftLogWorker.java:close(228)) - a2397dbc-5a20-48b8-8cb9-3a858bdee3ad@group-A9222B0DC21C-SegmentedRaftLogWorker close()
2019-09-25 11:53:30,564 [Thread-795] INFO  util.JmxRegister (JmxRegister.java:unregister(73)) - Successfully un-registered JMX Bean with object name Ratis:service=RaftServer,group=group-908BB0AE5D49,id=2509016d-9eb6-46fa-8947-e5219391d1aa
2019-09-25 11:53:30,566 [ForkJoinPool.commonPool-worker-1] INFO  impl.RaftServerImpl (RaftServerImpl.java:lambda$shutdown$3(251)) - a2397dbc-5a20-48b8-8cb9-3a858bdee3ad@group-DCCA24160593: shutdown
2019-09-25 11:53:30,567 [ForkJoinPool.commonPool-worker-1] INFO  util.JmxRegister (JmxRegister.java:unregister(73)) - Successfully un-registered JMX Bean with object name Ratis:service=RaftServer,group=group-DCCA24160593,id=a2397dbc-5a20-48b8-8cb9-3a858bdee3ad
2019-09-25 11:53:30,566 [Thread-795] INFO  impl.RoleInfo (RoleInfo.java:shutdownLeaderState(104)) - 2509016d-9eb6-46fa-8947-e5219391d1aa: shutdown LeaderState
2019-09-25 11:53:30,567 [ForkJoinPool.commonPool-worker-1] INFO  impl.RoleInfo (RoleInfo.java:shutdownLeaderState(104)) - a2397dbc-5a20-48b8-8cb9-3a858bdee3ad: shutdown LeaderState
2019-09-25 11:53:30,567 [Thread-795] INFO  impl.PendingRequests (PendingRequests.java:sendNotLeaderResponses(202)) - 2509016d-9eb6-46fa-8947-e5219391d1aa-PendingRequests: sendNotLeaderResponses
2019-09-25 11:53:30,568 [ForkJoinPool.commonPool-worker-1] INFO  impl.PendingRequests (PendingRequests.java:sendNotLeaderResponses(202)) - a2397dbc-5a20-48b8-8cb9-3a858bdee3ad-PendingRequests: sendNotLeaderResponses
2019-09-25 11:53:30,568 [Thread-795] INFO  impl.StateMachineUpdater (StateMachineUpdater.java:stopAndJoin(125)) - 2509016d-9eb6-46fa-8947-e5219391d1aa@group-908BB0AE5D49-StateMachineUpdater: set stopIndex = 0
2019-09-25 11:53:30,568 [ForkJoinPool.commonPool-worker-1] INFO  impl.StateMachineUpdater (StateMachineUpdater.java:stopAndJoin(125)) - a2397dbc-5a20-48b8-8cb9-3a858bdee3ad@group-DCCA24160593-StateMachineUpdater: set stopIndex = 0
2019-09-25 11:53:30,569 [Thread-795] INFO  impl.RaftServerImpl (ServerState.java:close(385)) - 2509016d-9eb6-46fa-8947-e5219391d1aa@group-908BB0AE5D49: closes. applyIndex: 0
2019-09-25 11:53:30,569 [ForkJoinPool.commonPool-worker-1] INFO  impl.RaftServerImpl (ServerState.java:close(385)) - a2397dbc-5a20-48b8-8cb9-3a858bdee3ad@group-DCCA24160593: closes. applyIndex: 0
2019-09-25 11:53:30,569 [2509016d-9eb6-46fa-8947-e5219391d1aa@group-908BB0AE5D49-SegmentedRaftLogWorker] INFO  segmented.SegmentedRaftLogWorker (SegmentedRaftLogWorker.java:run(313)) - 2509016d-9eb6-46fa-8947-e5219391d1aa@group-908BB0AE5D49-SegmentedRaftLogWorker was interrupted, exiting. There are 0 tasks remaining in the queue.
2019-09-25 11:53:30,569 [a2397dbc-5a20-48b8-8cb9-3a858bdee3ad@group-DCCA24160593-SegmentedRaftLogWorker] INFO  segmented.SegmentedRaftLogWorker (SegmentedRaftLogWorker.java:run(313)) - a2397dbc-5a20-48b8-8cb9-3a858bdee3ad@group-DCCA24160593-SegmentedRaftLogWorker was interrupted, exiting. There are 0 tasks remaining in the queue.
2019-09-25 11:53:30,570 [Thread-795] INFO  segmented.SegmentedRaftLogWorker (SegmentedRaftLogWorker.java:close(228)) - 2509016d-9eb6-46fa-8947-e5219391d1aa@group-908BB0AE5D49-SegmentedRaftLogWorker close()
2019-09-25 11:53:30,570 [ForkJoinPool.commonPool-worker-1] INFO  segmented.SegmentedRaftLogWorker (SegmentedRaftLogWorker.java:close(228)) - a2397dbc-5a20-48b8-8cb9-3a858bdee3ad@group-DCCA24160593-SegmentedRaftLogWorker close()
2019-09-25 11:53:30,572 [Thread-795] INFO  impl.RaftServerImpl (RaftServerImpl.java:lambda$shutdown$3(251)) - 2509016d-9eb6-46fa-8947-e5219391d1aa@group-D9FB93199C2E: shutdown
2019-09-25 11:53:30,573 [ForkJoinPool.commonPool-worker-1] INFO  impl.RaftServerImpl (RaftServerImpl.java:lambda$shutdown$3(251)) - a2397dbc-5a20-48b8-8cb9-3a858bdee3ad@group-127FDEDD0CC3: shutdown
2019-09-25 11:53:30,574 [Thread-795] INFO  util.JmxRegister (JmxRegister.java:unregister(73)) - Successfully un-registered JMX Bean with object name Ratis:service=RaftServer,group=group-D9FB93199C2E,id=2509016d-9eb6-46fa-8947-e5219391d1aa
2019-09-25 11:53:30,574 [Thread-795] INFO  impl.RoleInfo (RoleInfo.java:shutdownLeaderState(104)) - 2509016d-9eb6-46fa-8947-e5219391d1aa: shutdown LeaderState
2019-09-25 11:53:30,574 [ForkJoinPool.commonPool-worker-1] INFO  util.JmxRegister (JmxRegister.java:unregister(73)) - Successfully un-registered JMX Bean with object name Ratis:service=RaftServer,group=group-127FDEDD0CC3,id=a2397dbc-5a20-48b8-8cb9-3a858bdee3ad
2019-09-25 11:53:30,575 [Thread-795] INFO  impl.PendingRequests (PendingRequests.java:sendNotLeaderResponses(202)) - 2509016d-9eb6-46fa-8947-e5219391d1aa-PendingRequests: sendNotLeaderResponses
2019-09-25 11:53:30,575 [ForkJoinPool.commonPool-worker-1] INFO  impl.RoleInfo (RoleInfo.java:shutdownLeaderState(104)) - a2397dbc-5a20-48b8-8cb9-3a858bdee3ad: shutdown LeaderState
2019-09-25 11:53:30,575 [Thread-795] INFO  impl.StateMachineUpdater (StateMachineUpdater.java:stopAndJoin(125)) - 2509016d-9eb6-46fa-8947-e5219391d1aa@group-D9FB93199C2E-StateMachineUpdater: set stopIndex = 0
2019-09-25 11:53:30,575 [ForkJoinPool.commonPool-worker-1] INFO  impl.PendingRequests (PendingRequests.java:sendNotLeaderResponses(202)) - a2397dbc-5a20-48b8-8cb9-3a858bdee3ad-PendingRequests: sendNotLeaderResponses
2019-09-25 11:53:30,576 [Thread-795] INFO  impl.RaftServerImpl (ServerState.java:close(385)) - 2509016d-9eb6-46fa-8947-e5219391d1aa@group-D9FB93199C2E: closes. applyIndex: 0
2019-09-25 11:53:30,576 [ForkJoinPool.commonPool-worker-1] INFO  impl.StateMachineUpdater (StateMachineUpdater.java:stopAndJoin(125)) - a2397dbc-5a20-48b8-8cb9-3a858bdee3ad@group-127FDEDD0CC3-StateMachineUpdater: set stopIndex = 0
2019-09-25 11:53:30,576 [2509016d-9eb6-46fa-8947-e5219391d1aa@group-D9FB93199C2E-SegmentedRaftLogWorker] INFO  segmented.SegmentedRaftLogWorker (SegmentedRaftLogWorker.java:run(313)) - 2509016d-9eb6-46fa-8947-e5219391d1aa@group-D9FB93199C2E-SegmentedRaftLogWorker was interrupted, exiting. There are 0 tasks remaining in the queue.
2019-09-25 11:53:30,576 [ForkJoinPool.commonPool-worker-1] INFO  impl.RaftServerImpl (ServerState.java:close(385)) - a2397dbc-5a20-48b8-8cb9-3a858bdee3ad@group-127FDEDD0CC3: closes. applyIndex: 0
2019-09-25 11:53:30,577 [Thread-795] INFO  segmented.SegmentedRaftLogWorker (SegmentedRaftLogWorker.java:close(228)) - 2509016d-9eb6-46fa-8947-e5219391d1aa@group-D9FB93199C2E-SegmentedRaftLogWorker close()
2019-09-25 11:53:30,577 [a2397dbc-5a20-48b8-8cb9-3a858bdee3ad@group-127FDEDD0CC3-SegmentedRaftLogWorker] INFO  segmented.SegmentedRaftLogWorker (SegmentedRaftLogWorker.java:run(313)) - a2397dbc-5a20-48b8-8cb9-3a858bdee3ad@group-127FDEDD0CC3-SegmentedRaftLogWorker was interrupted, exiting. There are 0 tasks remaining in the queue.
2019-09-25 11:53:30,579 [Thread-795] INFO  server.GrpcService (GrpcService.java:closeImpl(164)) - 2509016d-9eb6-46fa-8947-e5219391d1aa: shutdown server with port 40930 now
2019-09-25 11:53:30,579 [ForkJoinPool.commonPool-worker-1] INFO  segmented.SegmentedRaftLogWorker (SegmentedRaftLogWorker.java:close(228)) - a2397dbc-5a20-48b8-8cb9-3a858bdee3ad@group-127FDEDD0CC3-SegmentedRaftLogWorker close()
2019-09-25 11:53:30,581 [Thread-795] INFO  server.GrpcService (GrpcService.java:closeImpl(172)) - 2509016d-9eb6-46fa-8947-e5219391d1aa: shutdown server with port 40930 successfully
2019-09-25 11:53:30,582 [ForkJoinPool.commonPool-worker-1] INFO  server.GrpcService (GrpcService.java:closeImpl(164)) - a2397dbc-5a20-48b8-8cb9-3a858bdee3ad: shutdown server with port 35798 now
2019-09-25 11:53:30,585 [ForkJoinPool.commonPool-worker-1] INFO  server.GrpcService (GrpcService.java:closeImpl(172)) - a2397dbc-5a20-48b8-8cb9-3a858bdee3ad: shutdown server with port 35798 successfully
2019-09-25 11:53:30,585 [refreshUsed-/workdir/hadoop-ozone/ozonefs/target/test-dir/MiniOzoneClusterImpl-a940bac1-2636-4fb1-9232-9a814bb2953b/datanode-1/data/containers] WARN  fs.CachingGetSpaceUsed (CachingGetSpaceUsed.java:run(183)) - Thread Interrupted waiting to refresh disk information: sleep interrupted
2019-09-25 11:53:30,587 [refreshUsed-/workdir/hadoop-ozone/ozonefs/target/test-dir/MiniOzoneClusterImpl-a940bac1-2636-4fb1-9232-9a814bb2953b/datanode-0/data/containers] WARN  fs.CachingGetSpaceUsed (CachingGetSpaceUsed.java:run(183)) - Thread Interrupted waiting to refresh disk information: sleep interrupted
2019-09-25 11:53:30,611 [Thread-795] INFO  utils.BackgroundService (BackgroundService.java:shutdown(148)) - Shutting down service BlockDeletingService
2019-09-25 11:53:30,616 [Thread-795] INFO  statemachine.DatanodeStateMachine (DatanodeStateMachine.java:stopDaemon(395)) - Ozone container server stopped.
2019-09-25 11:53:30,616 [Thread-795] INFO  handler.ContextHandler (ContextHandler.java:doStop(910)) - Stopped o.e.j.w.WebAppContext@5df5dac9{/,null,UNAVAILABLE}{/hddsDatanode}
2019-09-25 11:53:30,617 [Thread-795] INFO  server.AbstractConnector (AbstractConnector.java:doStop(318)) - Stopped ServerConnector@5af1895a{HTTP/1.1,[http/1.1]}{0.0.0.0:0}
2019-09-25 11:53:30,617 [Thread-795] INFO  handler.ContextHandler (ContextHandler.java:doStop(910)) - Stopped o.e.j.s.ServletContextHandler@5e5712cb{/static,jar:file:/home/user/.m2/repository/org/apache/hadoop/hadoop-hdds-container-service/0.5.0-SNAPSHOT/hadoop-hdds-container-service-0.5.0-SNAPSHOT.jar!/webapps/static,UNAVAILABLE}
2019-09-25 11:53:30,618 [Thread-795] INFO  handler.ContextHandler (ContextHandler.java:doStop(910)) - Stopped o.e.j.s.ServletContextHandler@4a77b516{/logs,file:///workdir/hadoop-ozone/ozonefs/target/log,UNAVAILABLE}
2019-09-25 11:53:30,619 [ForkJoinPool.commonPool-worker-1] INFO  utils.BackgroundService (BackgroundService.java:shutdown(148)) - Shutting down service BlockDeletingService
2019-09-25 11:53:30,623 [ForkJoinPool.commonPool-worker-1] INFO  statemachine.DatanodeStateMachine (DatanodeStateMachine.java:stopDaemon(395)) - Ozone container server stopped.
2019-09-25 11:53:30,627 [ForkJoinPool.commonPool-worker-1] INFO  handler.ContextHandler (ContextHandler.java:doStop(910)) - Stopped o.e.j.w.WebAppContext@1c515195{/,null,UNAVAILABLE}{/hddsDatanode}
2019-09-25 11:53:30,628 [ForkJoinPool.commonPool-worker-1] INFO  server.AbstractConnector (AbstractConnector.java:doStop(318)) - Stopped ServerConnector@12e9c933{HTTP/1.1,[http/1.1]}{0.0.0.0:0}
2019-09-25 11:53:30,629 [ForkJoinPool.commonPool-worker-1] INFO  handler.ContextHandler (ContextHandler.java:doStop(910)) - Stopped o.e.j.s.ServletContextHandler@67b95e8{/static,jar:file:/home/user/.m2/repository/org/apache/hadoop/hadoop-hdds-container-service/0.5.0-SNAPSHOT/hadoop-hdds-container-service-0.5.0-SNAPSHOT.jar!/webapps/static,UNAVAILABLE}
2019-09-25 11:53:30,631 [ForkJoinPool.commonPool-worker-1] INFO  handler.ContextHandler (ContextHandler.java:doStop(910)) - Stopped o.e.j.s.ServletContextHandler@3173022{/logs,file:///workdir/hadoop-ozone/ozonefs/target/log,UNAVAILABLE}
2019-09-25 11:53:31,418 [Datanode State Machine Thread - 0] INFO  statemachine.DatanodeStateMachine (DatanodeStateMachine.java:lambda$startDaemon$0(350)) - Ozone container server started.
2019-09-25 11:53:35,619 [Thread-795] INFO  ozoneimpl.OzoneContainer (OzoneContainer.java:stop(231)) - Attempting to stop container services.
2019-09-25 11:53:35,619 [Thread-795] INFO  impl.RaftServerProxy (RaftServerProxy.java:lambda$close$4(314)) - cccd6a07-ee63-4140-abb3-26c9cb0b576f: close
2019-09-25 11:53:35,620 [Thread-795] INFO  impl.RaftServerImpl (RaftServerImpl.java:lambda$shutdown$3(251)) - cccd6a07-ee63-4140-abb3-26c9cb0b576f@group-2B6F8F4541C7: shutdown
2019-09-25 11:53:35,620 [ForkJoinPool.commonPool-worker-0] INFO  impl.RaftServerImpl (RaftServerImpl.java:lambda$shutdown$3(251)) - cccd6a07-ee63-4140-abb3-26c9cb0b576f@group-18878E48545D: shutdown
2019-09-25 11:53:35,620 [Thread-795] INFO  util.JmxRegister (JmxRegister.java:unregister(73)) - Successfully un-registered JMX Bean with object name Ratis:service=RaftServer,group=group-2B6F8F4541C7,id=cccd6a07-ee63-4140-abb3-26c9cb0b576f
2019-09-25 11:53:35,621 [ForkJoinPool.commonPool-worker-0] INFO  util.JmxRegister (JmxRegister.java:unregister(73)) - Successfully un-registered JMX Bean with object name Ratis:service=RaftServer,group=group-18878E48545D,id=cccd6a07-ee63-4140-abb3-26c9cb0b576f
2019-09-25 11:53:35,621 [Thread-795] INFO  impl.RoleInfo (RoleInfo.java:shutdownLeaderState(104)) - cccd6a07-ee63-4140-abb3-26c9cb0b576f: shutdown LeaderState
2019-09-25 11:53:35,621 [ForkJoinPool.commonPool-worker-0] INFO  impl.RoleInfo (RoleInfo.java:shutdownLeaderState(104)) - cccd6a07-ee63-4140-abb3-26c9cb0b576f: shutdown LeaderState
2019-09-25 11:53:35,621 [Thread-795] INFO  impl.PendingRequests (PendingRequests.java:sendNotLeaderResponses(202)) - cccd6a07-ee63-4140-abb3-26c9cb0b576f-PendingRequests: sendNotLeaderResponses
2019-09-25 11:53:35,622 [ForkJoinPool.commonPool-worker-0] INFO  impl.PendingRequests (PendingRequests.java:sendNotLeaderResponses(202)) - cccd6a07-ee63-4140-abb3-26c9cb0b576f-PendingRequests: sendNotLeaderResponses
2019-09-25 11:53:35,622 [Thread-795] INFO  impl.StateMachineUpdater (StateMachineUpdater.java:stopAndJoin(125)) - cccd6a07-ee63-4140-abb3-26c9cb0b576f@group-2B6F8F4541C7-StateMachineUpdater: set stopIndex = 0
2019-09-25 11:53:35,622 [ForkJoinPool.commonPool-worker-0] INFO  impl.StateMachineUpdater (StateMachineUpdater.java:stopAndJoin(125)) - cccd6a07-ee63-4140-abb3-26c9cb0b576f@group-18878E48545D-StateMachineUpdater: set stopIndex = 0
2019-09-25 11:53:35,622 [ForkJoinPool.commonPool-worker-0] INFO  impl.RaftServerImpl (ServerState.java:close(385)) - cccd6a07-ee63-4140-abb3-26c9cb0b576f@group-18878E48545D: closes. applyIndex: 0
2019-09-25 11:53:35,623 [Thread-795] INFO  impl.RaftServerImpl (ServerState.java:close(385)) - cccd6a07-ee63-4140-abb3-26c9cb0b576f@group-2B6F8F4541C7: closes. applyIndex: 0
2019-09-25 11:53:35,623 [cccd6a07-ee63-4140-abb3-26c9cb0b576f@group-18878E48545D-SegmentedRaftLogWorker] INFO  segmented.SegmentedRaftLogWorker (SegmentedRaftLogWorker.java:run(313)) - cccd6a07-ee63-4140-abb3-26c9cb0b576f@group-18878E48545D-SegmentedRaftLogWorker was interrupted, exiting. There are 0 tasks remaining in the queue.
2019-09-25 11:53:35,623 [cccd6a07-ee63-4140-abb3-26c9cb0b576f@group-2B6F8F4541C7-SegmentedRaftLogWorker] INFO  segmented.SegmentedRaftLogWorker (SegmentedRaftLogWorker.java:run(313)) - cccd6a07-ee63-4140-abb3-26c9cb0b576f@group-2B6F8F4541C7-SegmentedRaftLogWorker was interrupted, exiting. There are 0 tasks remaining in the queue.
2019-09-25 11:53:35,623 [ForkJoinPool.commonPool-worker-0] INFO  segmented.SegmentedRaftLogWorker (SegmentedRaftLogWorker.java:close(228)) - cccd6a07-ee63-4140-abb3-26c9cb0b576f@group-18878E48545D-SegmentedRaftLogWorker close()
2019-09-25 11:53:35,623 [Thread-795] INFO  segmented.SegmentedRaftLogWorker (SegmentedRaftLogWorker.java:close(228)) - cccd6a07-ee63-4140-abb3-26c9cb0b576f@group-2B6F8F4541C7-SegmentedRaftLogWorker close()
2019-09-25 11:53:35,625 [ForkJoinPool.commonPool-worker-0] INFO  impl.RaftServerImpl (RaftServerImpl.java:lambda$shutdown$3(251)) - cccd6a07-ee63-4140-abb3-26c9cb0b576f@group-7EF462890D92: shutdown
2019-09-25 11:53:35,626 [Thread-795] INFO  impl.RaftServerImpl (RaftServerImpl.java:lambda$shutdown$3(251)) - cccd6a07-ee63-4140-abb3-26c9cb0b576f@group-B3550D4943D7: shutdown
2019-09-25 11:53:35,627 [ForkJoinPool.commonPool-worker-0] INFO  util.JmxRegister (JmxRegister.java:unregister(73)) - Successfully un-registered JMX Bean with object name Ratis:service=RaftServer,group=group-7EF462890D92,id=cccd6a07-ee63-4140-abb3-26c9cb0b576f
2019-09-25 11:53:35,627 [Thread-795] INFO  util.JmxRegister (JmxRegister.java:unregister(73)) - Successfully un-registered JMX Bean with object name Ratis:service=RaftServer,group=group-B3550D4943D7,id=cccd6a07-ee63-4140-abb3-26c9cb0b576f
2019-09-25 11:53:35,627 [ForkJoinPool.commonPool-worker-0] INFO  impl.RoleInfo (RoleInfo.java:shutdownLeaderState(104)) - cccd6a07-ee63-4140-abb3-26c9cb0b576f: shutdown LeaderState
2019-09-25 11:53:35,627 [Thread-795] INFO  impl.RoleInfo (RoleInfo.java:shutdownLeaderState(104)) - cccd6a07-ee63-4140-abb3-26c9cb0b576f: shutdown LeaderState
2019-09-25 11:53:35,628 [ForkJoinPool.commonPool-worker-0] INFO  impl.PendingRequests (PendingRequests.java:sendNotLeaderResponses(202)) - cccd6a07-ee63-4140-abb3-26c9cb0b576f-PendingRequests: sendNotLeaderResponses
2019-09-25 11:53:35,628 [Thread-795] INFO  impl.PendingRequests (PendingRequests.java:sendNotLeaderResponses(202)) - cccd6a07-ee63-4140-abb3-26c9cb0b576f-PendingRequests: sendNotLeaderResponses
2019-09-25 11:53:35,628 [ForkJoinPool.commonPool-worker-0] INFO  impl.StateMachineUpdater (StateMachineUpdater.java:stopAndJoin(125)) - cccd6a07-ee63-4140-abb3-26c9cb0b576f@group-7EF462890D92-StateMachineUpdater: set stopIndex = 0
2019-09-25 11:53:35,628 [Thread-795] INFO  impl.StateMachineUpdater (StateMachineUpdater.java:stopAndJoin(125)) - cccd6a07-ee63-4140-abb3-26c9cb0b576f@group-B3550D4943D7-StateMachineUpdater: set stopIndex = 0
2019-09-25 11:53:35,628 [ForkJoinPool.commonPool-worker-0] INFO  impl.RaftServerImpl (ServerState.java:close(385)) - cccd6a07-ee63-4140-abb3-26c9cb0b576f@group-7EF462890D92: closes. applyIndex: 0
2019-09-25 11:53:35,629 [Thread-795] INFO  impl.RaftServerImpl (ServerState.java:close(385)) - cccd6a07-ee63-4140-abb3-26c9cb0b576f@group-B3550D4943D7: closes. applyIndex: 0
2019-09-25 11:53:35,629 [cccd6a07-ee63-4140-abb3-26c9cb0b576f@group-7EF462890D92-SegmentedRaftLogWorker] INFO  segmented.SegmentedRaftLogWorker (SegmentedRaftLogWorker.java:run(313)) - cccd6a07-ee63-4140-abb3-26c9cb0b576f@group-7EF462890D92-SegmentedRaftLogWorker was interrupted, exiting. There are 0 tasks remaining in the queue.
2019-09-25 11:53:35,629 [cccd6a07-ee63-4140-abb3-26c9cb0b576f@group-B3550D4943D7-SegmentedRaftLogWorker] INFO  segmented.SegmentedRaftLogWorker (SegmentedRaftLogWorker.java:run(313)) - cccd6a07-ee63-4140-abb3-26c9cb0b576f@group-B3550D4943D7-SegmentedRaftLogWorker was interrupted, exiting. There are 0 tasks remaining in the queue.
2019-09-25 11:53:35,629 [ForkJoinPool.commonPool-worker-0] INFO  segmented.SegmentedRaftLogWorker (SegmentedRaftLogWorker.java:close(228)) - cccd6a07-ee63-4140-abb3-26c9cb0b576f@group-7EF462890D92-SegmentedRaftLogWorker close()
2019-09-25 11:53:35,629 [Thread-795] INFO  segmented.SegmentedRaftLogWorker (SegmentedRaftLogWorker.java:close(228)) - cccd6a07-ee63-4140-abb3-26c9cb0b576f@group-B3550D4943D7-SegmentedRaftLogWorker close()
2019-09-25 11:53:35,632 [Thread-795] INFO  impl.RaftServerImpl (RaftServerImpl.java:lambda$shutdown$3(251)) - cccd6a07-ee63-4140-abb3-26c9cb0b576f@group-046774913471: shutdown
2019-09-25 11:53:35,632 [Thread-795] INFO  util.JmxRegister (JmxRegister.java:unregister(73)) - Successfully un-registered JMX Bean with object name Ratis:service=RaftServer,group=group-046774913471,id=cccd6a07-ee63-4140-abb3-26c9cb0b576f
2019-09-25 11:53:35,633 [Thread-795] INFO  impl.RoleInfo (RoleInfo.java:shutdownLeaderState(104)) - cccd6a07-ee63-4140-abb3-26c9cb0b576f: shutdown LeaderState
2019-09-25 11:53:35,633 [Thread-795] INFO  impl.PendingRequests (PendingRequests.java:sendNotLeaderResponses(202)) - cccd6a07-ee63-4140-abb3-26c9cb0b576f-PendingRequests: sendNotLeaderResponses
2019-09-25 11:53:35,633 [Thread-795] INFO  impl.StateMachineUpdater (StateMachineUpdater.java:stopAndJoin(125)) - cccd6a07-ee63-4140-abb3-26c9cb0b576f@group-046774913471-StateMachineUpdater: set stopIndex = 0
2019-09-25 11:53:35,633 [Thread-795] INFO  impl.RaftServerImpl (ServerState.java:close(385)) - cccd6a07-ee63-4140-abb3-26c9cb0b576f@group-046774913471: closes. applyIndex: 0
2019-09-25 11:53:35,634 [cccd6a07-ee63-4140-abb3-26c9cb0b576f@group-046774913471-SegmentedRaftLogWorker] INFO  segmented.SegmentedRaftLogWorker (SegmentedRaftLogWorker.java:run(313)) - cccd6a07-ee63-4140-abb3-26c9cb0b576f@group-046774913471-SegmentedRaftLogWorker was interrupted, exiting. There are 0 tasks remaining in the queue.
2019-09-25 11:53:35,634 [Thread-795] INFO  segmented.SegmentedRaftLogWorker (SegmentedRaftLogWorker.java:close(228)) - cccd6a07-ee63-4140-abb3-26c9cb0b576f@group-046774913471-SegmentedRaftLogWorker close()
2019-09-25 11:53:35,635 [Thread-795] INFO  impl.RaftServerImpl (RaftServerImpl.java:lambda$shutdown$3(251)) - cccd6a07-ee63-4140-abb3-26c9cb0b576f@group-619E9B8A92BF: shutdown
2019-09-25 11:53:35,636 [Thread-795] INFO  util.JmxRegister (JmxRegister.java:unregister(73)) - Successfully un-registered JMX Bean with object name Ratis:service=RaftServer,group=group-619E9B8A92BF,id=cccd6a07-ee63-4140-abb3-26c9cb0b576f
2019-09-25 11:53:35,636 [Thread-795] INFO  impl.RoleInfo (RoleInfo.java:shutdownLeaderState(104)) - cccd6a07-ee63-4140-abb3-26c9cb0b576f: shutdown LeaderState
2019-09-25 11:53:35,636 [Thread-795] INFO  impl.PendingRequests (PendingRequests.java:sendNotLeaderResponses(202)) - cccd6a07-ee63-4140-abb3-26c9cb0b576f-PendingRequests: sendNotLeaderResponses
2019-09-25 11:53:35,636 [Thread-795] INFO  impl.StateMachineUpdater (StateMachineUpdater.java:stopAndJoin(125)) - cccd6a07-ee63-4140-abb3-26c9cb0b576f@group-619E9B8A92BF-StateMachineUpdater: set stopIndex = 0
2019-09-25 11:53:35,637 [Thread-795] INFO  impl.RaftServerImpl (ServerState.java:close(385)) - cccd6a07-ee63-4140-abb3-26c9cb0b576f@group-619E9B8A92BF: closes. applyIndex: 0
2019-09-25 11:53:35,637 [cccd6a07-ee63-4140-abb3-26c9cb0b576f@group-619E9B8A92BF-SegmentedRaftLogWorker] INFO  segmented.SegmentedRaftLogWorker (SegmentedRaftLogWorker.java:run(313)) - cccd6a07-ee63-4140-abb3-26c9cb0b576f@group-619E9B8A92BF-SegmentedRaftLogWorker was interrupted, exiting. There are 0 tasks remaining in the queue.
2019-09-25 11:53:35,637 [Thread-795] INFO  segmented.SegmentedRaftLogWorker (SegmentedRaftLogWorker.java:close(228)) - cccd6a07-ee63-4140-abb3-26c9cb0b576f@group-619E9B8A92BF-SegmentedRaftLogWorker close()
2019-09-25 11:53:35,638 [Thread-795] INFO  server.GrpcService (GrpcService.java:closeImpl(164)) - cccd6a07-ee63-4140-abb3-26c9cb0b576f: shutdown server with port 46789 now
2019-09-25 11:53:35,640 [Thread-795] INFO  server.GrpcService (GrpcService.java:closeImpl(172)) - cccd6a07-ee63-4140-abb3-26c9cb0b576f: shutdown server with port 46789 successfully
2019-09-25 11:53:35,642 [refreshUsed-/workdir/hadoop-ozone/ozonefs/target/test-dir/MiniOzoneClusterImpl-a940bac1-2636-4fb1-9232-9a814bb2953b/datanode-2/data/containers] WARN  fs.CachingGetSpaceUsed (CachingGetSpaceUsed.java:run(183)) - Thread Interrupted waiting to refresh disk information: sleep interrupted
2019-09-25 11:53:35,663 [Thread-795] INFO  utils.BackgroundService (BackgroundService.java:shutdown(148)) - Shutting down service BlockDeletingService
2019-09-25 11:53:35,666 [Thread-795] INFO  statemachine.DatanodeStateMachine (DatanodeStateMachine.java:stopDaemon(395)) - Ozone container server stopped.
2019-09-25 11:53:35,667 [Thread-795] INFO  handler.ContextHandler (ContextHandler.java:doStop(910)) - Stopped o.e.j.w.WebAppContext@176cfac3{/,null,UNAVAILABLE}{/hddsDatanode}
2019-09-25 11:53:35,667 [Thread-795] INFO  server.AbstractConnector (AbstractConnector.java:doStop(318)) - Stopped ServerConnector@73ff097d{HTTP/1.1,[http/1.1]}{0.0.0.0:0}
2019-09-25 11:53:35,668 [Thread-795] INFO  handler.ContextHandler (ContextHandler.java:doStop(910)) - Stopped o.e.j.s.ServletContextHandler@4ba08a05{/static,jar:file:/home/user/.m2/repository/org/apache/hadoop/hadoop-hdds-container-service/0.5.0-SNAPSHOT/hadoop-hdds-container-service-0.5.0-SNAPSHOT.jar!/webapps/static,UNAVAILABLE}
2019-09-25 11:53:35,668 [Thread-795] INFO  handler.ContextHandler (ContextHandler.java:doStop(910)) - Stopped o.e.j.s.ServletContextHandler@7db65088{/logs,file:///workdir/hadoop-ozone/ozonefs/target/log,UNAVAILABLE}
2019-09-25 11:53:35,669 [Thread-795] INFO  ozone.MiniOzoneClusterImpl (MiniOzoneClusterImpl.java:stopSCM(392)) - Stopping the StorageContainerManager
2019-09-25 11:53:35,669 [Thread-795] INFO  server.StorageContainerManager (StorageContainerManager.java:stop(808)) - Stopping Replication Manager Service.
2019-09-25 11:53:35,669 [Thread-795] INFO  container.ReplicationManager (ReplicationManager.java:stop(204)) - Stopping Replication Monitor Thread.
2019-09-25 11:53:35,669 [Thread-795] INFO  server.StorageContainerManager (StorageContainerManager.java:stop(815)) - Stopping Lease Manager of the command watchers
2019-09-25 11:53:35,669 [Thread-795] INFO  server.StorageContainerManager (StorageContainerManager.java:stop(822)) - Stopping datanode service RPC server
2019-09-25 11:53:35,669 [Thread-795] INFO  server.SCMDatanodeProtocolServer (SCMDatanodeProtocolServer.java:stop(367)) - Stopping the RPC server for DataNodes
2019-09-25 11:53:35,669 [Thread-795] INFO  ipc.Server (Server.java:stop(3082)) - Stopping server on 33299
2019-09-25 11:53:35,671 [IPC Server listener on 33299] INFO  ipc.Server (Server.java:run(1185)) - Stopping IPC Server listener on 33299
2019-09-25 11:53:35,671 [IPC Server Responder] INFO  ipc.Server (Server.java:run(1319)) - Stopping IPC Server Responder
2019-09-25 11:53:35,756 [SCM Heartbeat Processing Thread - 0] WARN  node.NodeStateManager (NodeStateManager.java:scheduleNextHealthCheck(655)) - Current Thread is interrupted, shutting down HB processing thread for Node Manager.
2019-09-25 11:53:35,756 [Thread-795] INFO  server.StorageContainerManager (StorageContainerManager.java:stop(830)) - Stopping block service RPC server
2019-09-25 11:53:35,757 [Thread-795] INFO  server.SCMBlockProtocolServer (SCMBlockProtocolServer.java:stop(155)) - Stopping the RPC server for Block Protocol
2019-09-25 11:53:35,757 [Thread-795] INFO  ipc.Server (Server.java:stop(3082)) - Stopping server on 41661
2019-09-25 11:53:35,759 [IPC Server listener on 41661] INFO  ipc.Server (Server.java:run(1185)) - Stopping IPC Server listener on 41661
2019-09-25 11:53:35,759 [IPC Server Responder] INFO  ipc.Server (Server.java:run(1319)) - Stopping IPC Server Responder
2019-09-25 11:53:35,759 [Thread-795] INFO  server.StorageContainerManager (StorageContainerManager.java:stop(837)) - Stopping the StorageContainerLocationProtocol RPC server
2019-09-25 11:53:35,760 [Thread-795] INFO  server.SCMClientProtocolServer (SCMClientProtocolServer.java:stop(159)) - Stopping the RPC server for Client Protocol
2019-09-25 11:53:35,761 [Thread-795] INFO  ipc.Server (Server.java:stop(3082)) - Stopping server on 36190
2019-09-25 11:53:35,762 [IPC Server listener on 36190] INFO  ipc.Server (Server.java:run(1185)) - Stopping IPC Server listener on 36190
2019-09-25 11:53:35,762 [Thread-795] INFO  server.StorageContainerManager (StorageContainerManager.java:stop(844)) - Stopping Storage Container Manager HTTP server.
2019-09-25 11:53:35,762 [IPC Server Responder] INFO  ipc.Server (Server.java:run(1319)) - Stopping IPC Server Responder
2019-09-25 11:53:35,764 [Thread-795] INFO  handler.ContextHandler (ContextHandler.java:doStop(910)) - Stopped o.e.j.w.WebAppContext@4ebae9bd{/,null,UNAVAILABLE}{/scm}
2019-09-25 11:53:35,766 [Thread-795] INFO  server.AbstractConnector (AbstractConnector.java:doStop(318)) - Stopped ServerConnector@7b339947{HTTP/1.1,[http/1.1]}{0.0.0.0:0}
2019-09-25 11:53:35,766 [Thread-795] INFO  handler.ContextHandler (ContextHandler.java:doStop(910)) - Stopped o.e.j.s.ServletContextHandler@59c76646{/static,jar:file:/home/user/.m2/repository/org/apache/hadoop/hadoop-hdds-server-scm/0.5.0-SNAPSHOT/hadoop-hdds-server-scm-0.5.0-SNAPSHOT.jar!/webapps/static,UNAVAILABLE}
2019-09-25 11:53:35,766 [Thread-795] INFO  handler.ContextHandler (ContextHandler.java:doStop(910)) - Stopped o.e.j.s.ServletContextHandler@207f8617{/logs,file:///workdir/hadoop-ozone/ozonefs/target/log,UNAVAILABLE}
2019-09-25 11:53:35,767 [Thread-795] INFO  server.StorageContainerManager (StorageContainerManager.java:stop(855)) - Stopping Block Manager Service.
2019-09-25 11:53:35,767 [Thread-795] INFO  utils.BackgroundService (BackgroundService.java:shutdown(148)) - Shutting down service SCMBlockDeletingService
2019-09-25 11:53:35,767 [Thread-795] INFO  utils.BackgroundService (BackgroundService.java:shutdown(148)) - Shutting down service SCMBlockDeletingService
2019-09-25 11:53:35,768 [Thread-795] INFO  server.StorageContainerManager (StorageContainerManager.java:stop(877)) - Stopping SCM Event Queue.
2019-09-25 11:53:35,771 [Thread-795] INFO  impl.MetricsSystemImpl (MetricsSystemImpl.java:stop(210)) - Stopping HddsDatanode metrics system...
2019-09-25 11:53:35,779 [Thread-795] INFO  impl.MetricsSystemImpl (MetricsSystemImpl.java:stop(216)) - HddsDatanode metrics system stopped.
]]></system-out>
  </testcase>
  <testcase name="testCreateDoesNotAddParentDirKeys" classname="org.apache.hadoop.fs.ozone.TestOzoneFileSystem" time="16.762">
    <error message="Allocated 0 blocks. Requested 1 blocks" type="INTERNAL_ERROR org.apache.hadoop.ozone.om.exceptions.OMException">INTERNAL_ERROR org.apache.hadoop.ozone.om.exceptions.OMException: Allocated 0 blocks. Requested 1 blocks
	at org.apache.hadoop.ozone.om.protocolPB.OzoneManagerProtocolClientSideTranslatorPB.handleError(OzoneManagerProtocolClientSideTranslatorPB.java:732)
	at org.apache.hadoop.ozone.om.protocolPB.OzoneManagerProtocolClientSideTranslatorPB.createFile(OzoneManagerProtocolClientSideTranslatorPB.java:1536)
	at sun.reflect.NativeMethodAccessorImpl.invoke0(Native Method)
	at sun.reflect.NativeMethodAccessorImpl.invoke(NativeMethodAccessorImpl.java:62)
	at sun.reflect.DelegatingMethodAccessorImpl.invoke(DelegatingMethodAccessorImpl.java:43)
	at java.lang.reflect.Method.invoke(Method.java:498)
	at org.apache.hadoop.hdds.tracing.TraceAllMethod.invoke(TraceAllMethod.java:66)
	at com.sun.proxy.$Proxy38.createFile(Unknown Source)
	at org.apache.hadoop.ozone.client.rpc.RpcClient.createFile(RpcClient.java:1006)
	at org.apache.hadoop.ozone.client.OzoneBucket.createFile(OzoneBucket.java:537)
	at org.apache.hadoop.fs.ozone.BasicOzoneClientAdapterImpl.createFile(BasicOzoneClientAdapterImpl.java:205)
	at org.apache.hadoop.fs.ozone.BasicOzoneFileSystem.createOutputStream(BasicOzoneFileSystem.java:250)
	at org.apache.hadoop.fs.ozone.BasicOzoneFileSystem.create(BasicOzoneFileSystem.java:231)
	at org.apache.hadoop.fs.FileSystem.create(FileSystem.java:1118)
	at org.apache.hadoop.fs.FileSystem.create(FileSystem.java:1098)
	at org.apache.hadoop.fs.FileSystem.create(FileSystem.java:987)
	at org.apache.hadoop.fs.contract.ContractTestUtils.createFile(ContractTestUtils.java:633)
	at org.apache.hadoop.fs.contract.ContractTestUtils.touch(ContractTestUtils.java:669)
	at org.apache.hadoop.fs.ozone.TestOzoneFileSystem.testCreateDoesNotAddParentDirKeys(TestOzoneFileSystem.java:110)
	at sun.reflect.NativeMethodAccessorImpl.invoke0(Native Method)
	at sun.reflect.NativeMethodAccessorImpl.invoke(NativeMethodAccessorImpl.java:62)
	at sun.reflect.DelegatingMethodAccessorImpl.invoke(DelegatingMethodAccessorImpl.java:43)
	at java.lang.reflect.Method.invoke(Method.java:498)
	at org.junit.runners.model.FrameworkMethod$1.runReflectiveCall(FrameworkMethod.java:47)
	at org.junit.internal.runners.model.ReflectiveCallable.run(ReflectiveCallable.java:12)
	at org.junit.runners.model.FrameworkMethod.invokeExplosively(FrameworkMethod.java:44)
	at org.junit.internal.runners.statements.InvokeMethod.evaluate(InvokeMethod.java:17)
	at org.junit.internal.runners.statements.RunBefores.evaluate(RunBefores.java:26)
	at org.junit.internal.runners.statements.RunAfters.evaluate(RunAfters.java:27)
	at org.junit.internal.runners.statements.FailOnTimeout$StatementThread.run(FailOnTimeout.java:74)
</error>
    <system-out><![CDATA[2019-09-25 11:53:35,821 [Thread-1062] WARN  server.ServerUtils (ServerUtils.java:getScmDbDir(145)) - ozone.scm.db.dirs is not configured. We recommend adding this setting. Falling back to ozone.metadata.dirs instead.
2019-09-25 11:53:35,836 [Thread-1062] WARN  server.ServerUtils (ServerUtils.java:getScmDbDir(145)) - ozone.scm.db.dirs is not configured. We recommend adding this setting. Falling back to ozone.metadata.dirs instead.
2019-09-25 11:53:35,836 [Thread-1062] WARN  server.ServerUtils (ServerUtils.java:getScmDbDir(145)) - ozone.scm.db.dirs is not configured. We recommend adding this setting. Falling back to ozone.metadata.dirs instead.
2019-09-25 11:53:35,837 [Thread-1062] INFO  db.DBStoreBuilder (DBStoreBuilder.java:addTable(110)) - using custom profile for table: deletedBlocks
2019-09-25 11:53:35,837 [Thread-1062] INFO  db.DBStoreBuilder (DBStoreBuilder.java:processTables(161)) - Using default column profile:DBProfile.DISK for Table:deletedBlocks
2019-09-25 11:53:35,837 [Thread-1062] INFO  db.DBStoreBuilder (DBStoreBuilder.java:addTable(110)) - using custom profile for table: validCerts
2019-09-25 11:53:35,837 [Thread-1062] INFO  db.DBStoreBuilder (DBStoreBuilder.java:processTables(161)) - Using default column profile:DBProfile.DISK for Table:validCerts
2019-09-25 11:53:35,837 [Thread-1062] INFO  db.DBStoreBuilder (DBStoreBuilder.java:addTable(110)) - using custom profile for table: revokedCerts
2019-09-25 11:53:35,837 [Thread-1062] INFO  db.DBStoreBuilder (DBStoreBuilder.java:processTables(161)) - Using default column profile:DBProfile.DISK for Table:revokedCerts
2019-09-25 11:53:35,837 [Thread-1062] INFO  db.DBStoreBuilder (DBStoreBuilder.java:addTable(110)) - using custom profile for table: default
2019-09-25 11:53:35,837 [Thread-1062] INFO  db.DBStoreBuilder (DBStoreBuilder.java:processTables(167)) - Using default column profile:DBProfile.DISK for Table:default
2019-09-25 11:53:35,838 [Thread-1062] INFO  db.DBStoreBuilder (DBStoreBuilder.java:getDbProfile(198)) - Using default options. DBProfile.DISK
2019-09-25 11:53:35,986 [Thread-1062] INFO  net.NodeSchemaLoader (NodeSchemaLoader.java:loadSchemaFromFile(125)) - Loading file from sun.misc.CompoundEnumeration@6c5afb27
2019-09-25 11:53:35,986 [Thread-1062] INFO  net.NodeSchemaLoader (NodeSchemaLoader.java:loadSchema(171)) - Loading network topology layer schema file
2019-09-25 11:53:35,990 [Thread-1062] WARN  server.ServerUtils (ServerUtils.java:sanitizeUserArgs(70)) - ozone.scm.stale.node.interval value = 300000 is larger than max = 100000 based on the key value of ozone.scm.heartbeat.thread.interval, reset to the max value 100000.
2019-09-25 11:53:35,990 [Thread-1062] WARN  server.ServerUtils (ServerUtils.java:sanitizeUserArgs(70)) - ozone.scm.stale.node.interval value = 300000 is larger than max = 100000 based on the key value of ozone.scm.heartbeat.thread.interval, reset to the max value 100000.
2019-09-25 11:53:35,991 [Thread-1062] INFO  node.SCMNodeManager (SCMNodeManager.java:<init>(114)) - Entering startup safe mode.
2019-09-25 11:53:35,991 [Thread-1062] INFO  algorithms.ContainerPlacementPolicyFactory (ContainerPlacementPolicyFactory.java:getPolicy(59)) - Create container placement policy of type org.apache.hadoop.hdds.scm.container.placement.algorithms.SCMContainerPlacementRandom
2019-09-25 11:53:35,992 [Thread-1062] WARN  server.ServerUtils (ServerUtils.java:getScmDbDir(145)) - ozone.scm.db.dirs is not configured. We recommend adding this setting. Falling back to ozone.metadata.dirs instead.
2019-09-25 11:53:36,038 [Thread-1062] INFO  pipeline.SCMPipelineManager (SCMPipelineManager.java:initializePipelineState(132)) - No pipeline exists in current db
2019-09-25 11:53:36,038 [Thread-1062] WARN  server.ServerUtils (ServerUtils.java:getScmDbDir(145)) - ozone.scm.db.dirs is not configured. We recommend adding this setting. Falling back to ozone.metadata.dirs instead.
2019-09-25 11:53:36,086 [Thread-1062] WARN  events.EventQueue (EventQueue.java:fireEvent(183)) - No event handler registered for event TypedEvent{payloadType=SafeModeStatus, name='SafeModeStatus'}
2019-09-25 11:53:36,087 [Thread-1062] INFO  ipc.CallQueueManager (CallQueueManager.java:<init>(84)) - Using callQueue: class java.util.concurrent.LinkedBlockingQueue, queueCapacity: 2000, scheduler: class org.apache.hadoop.ipc.DefaultRpcScheduler, ipcBackoff: false.
2019-09-25 11:53:36,088 [Socket Reader #1 for port 45965] INFO  ipc.Server (Server.java:run(1074)) - Starting Socket Reader #1 for port 45965
2019-09-25 11:53:36,090 [Thread-1062] INFO  ipc.CallQueueManager (CallQueueManager.java:<init>(84)) - Using callQueue: class java.util.concurrent.LinkedBlockingQueue, queueCapacity: 2000, scheduler: class org.apache.hadoop.ipc.DefaultRpcScheduler, ipcBackoff: false.
2019-09-25 11:53:36,090 [Socket Reader #1 for port 43442] INFO  ipc.Server (Server.java:run(1074)) - Starting Socket Reader #1 for port 43442
2019-09-25 11:53:36,091 [Thread-1062] INFO  ipc.CallQueueManager (CallQueueManager.java:<init>(84)) - Using callQueue: class java.util.concurrent.LinkedBlockingQueue, queueCapacity: 2000, scheduler: class org.apache.hadoop.ipc.DefaultRpcScheduler, ipcBackoff: false.
2019-09-25 11:53:36,092 [Socket Reader #1 for port 43602] INFO  ipc.Server (Server.java:run(1074)) - Starting Socket Reader #1 for port 43602
2019-09-25 11:53:36,094 [Thread-1062] INFO  hdfs.DFSUtil (DFSUtil.java:httpServerTemplateForNNAndJN(1641)) - Starting Web-server for scm at: http://0.0.0.0:0
2019-09-25 11:53:36,099 [Thread-1062] INFO  server.AuthenticationFilter (AuthenticationFilter.java:constructSecretProvider(240)) - Unable to initialize FileSignerSecretProvider, falling back to use random secrets.
2019-09-25 11:53:36,099 [Thread-1062] WARN  http.HttpRequestLog (HttpRequestLog.java:getRequestLog(97)) - Jetty request log can only be enabled using Log4j
2019-09-25 11:53:36,101 [Thread-1062] INFO  http.HttpServer2 (HttpServer2.java:addGlobalFilter(975)) - Added global filter 'safety' (class=org.apache.hadoop.http.HttpServer2$QuotingInputFilter)
2019-09-25 11:53:36,101 [Thread-1062] INFO  http.HttpServer2 (HttpServer2.java:addFilter(948)) - Added filter static_user_filter (class=org.apache.hadoop.http.lib.StaticUserWebFilter$StaticUserFilter) to context scm
2019-09-25 11:53:36,101 [Thread-1062] INFO  http.HttpServer2 (HttpServer2.java:addFilter(958)) - Added filter static_user_filter (class=org.apache.hadoop.http.lib.StaticUserWebFilter$StaticUserFilter) to context logs
2019-09-25 11:53:36,102 [Thread-1062] INFO  http.HttpServer2 (HttpServer2.java:addFilter(958)) - Added filter static_user_filter (class=org.apache.hadoop.http.lib.StaticUserWebFilter$StaticUserFilter) to context static
2019-09-25 11:53:36,104 [Thread-1062] INFO  server.StorageContainerManager (StorageContainerManager.java:start(770)) - StorageContainerLocationProtocol RPC server is listening at /0.0.0.0:43602
2019-09-25 11:53:36,107 [Thread-1062] WARN  impl.MetricsConfig (MetricsConfig.java:loadFirst(134)) - Cannot locate configuration: tried hadoop-metrics2-storagecontainermanager.properties,hadoop-metrics2.properties
2019-09-25 11:53:36,108 [Thread-1062] INFO  impl.MetricsSystemImpl (MetricsSystemImpl.java:startTimer(374)) - Scheduled Metric snapshot period at 10 second(s).
2019-09-25 11:53:36,108 [Thread-1062] INFO  impl.MetricsSystemImpl (MetricsSystemImpl.java:start(191)) - StorageContainerManager metrics system started
2019-09-25 11:53:36,137 [Thread-1062] WARN  impl.MetricsSystemImpl (MetricsSystemImpl.java:register(276)) - Sink prometheus already exists!
2019-09-25 11:53:36,192 [Thread-1062] INFO  server.SCMClientProtocolServer (SCMClientProtocolServer.java:start(151)) - RPC server for Client  is listening at /0.0.0.0:43602
2019-09-25 11:53:36,192 [IPC Server Responder] INFO  ipc.Server (Server.java:run(1314)) - IPC Server Responder: starting
2019-09-25 11:53:36,192 [IPC Server listener on 43602] INFO  ipc.Server (Server.java:run(1153)) - IPC Server listener on 43602: starting
2019-09-25 11:53:36,196 [Thread-1062] INFO  server.StorageContainerManager (StorageContainerManager.java:start(780)) - ScmBlockLocationProtocol RPC server is listening at /0.0.0.0:43442
2019-09-25 11:53:36,196 [Thread-1062] INFO  server.SCMBlockProtocolServer (SCMBlockProtocolServer.java:start(146)) - RPC server for Block Protocol is listening at /0.0.0.0:43442
2019-09-25 11:53:36,197 [IPC Server Responder] INFO  ipc.Server (Server.java:run(1314)) - IPC Server Responder: starting
2019-09-25 11:53:36,197 [IPC Server listener on 43442] INFO  ipc.Server (Server.java:run(1153)) - IPC Server listener on 43442: starting
2019-09-25 11:53:36,201 [Thread-1062] INFO  server.StorageContainerManager (StorageContainerManager.java:start(784)) - ScmDatanodeProtocl RPC server is listening at /0.0.0.0:45965
2019-09-25 11:53:36,202 [Thread-1062] INFO  server.SCMDatanodeProtocolServer (SCMDatanodeProtocolServer.java:start(191)) - RPC server for DataNodes is listening at /0.0.0.0:45965
2019-09-25 11:53:36,202 [IPC Server Responder] INFO  ipc.Server (Server.java:run(1314)) - IPC Server Responder: starting
2019-09-25 11:53:36,203 [IPC Server listener on 45965] INFO  ipc.Server (Server.java:run(1153)) - IPC Server listener on 45965: starting
2019-09-25 11:53:36,211 [Thread-1062] INFO  http.HttpServer2 (HttpServer2.java:bindListener(1191)) - Jetty bound to port 44556
2019-09-25 11:53:36,212 [Thread-1062] INFO  server.Server (Server.java:doStart(351)) - jetty-9.3.25.v20180904, build timestamp: 2018-09-04T21:11:46Z, git hash: 3ce520221d0240229c862b122d2b06c12a625732
2019-09-25 11:53:36,213 [Thread-1062] INFO  handler.ContextHandler (ContextHandler.java:doStart(781)) - Started o.e.j.s.ServletContextHandler@5fbd8d5f{/logs,file:///workdir/hadoop-ozone/ozonefs/target/log,AVAILABLE}
2019-09-25 11:53:36,214 [Thread-1062] INFO  handler.ContextHandler (ContextHandler.java:doStart(781)) - Started o.e.j.s.ServletContextHandler@2dd88cca{/static,jar:file:/home/user/.m2/repository/org/apache/hadoop/hadoop-hdds-server-scm/0.5.0-SNAPSHOT/hadoop-hdds-server-scm-0.5.0-SNAPSHOT.jar!/webapps/static,AVAILABLE}
2019-09-25 11:53:36,287 [Thread-1062] INFO  handler.ContextHandler (ContextHandler.java:doStart(781)) - Started o.e.j.w.WebAppContext@734f3e2b{/,file:///tmp/jetty-0.0.0.0-44556-scm-_-any-4893523549082870422.dir/webapp/,AVAILABLE}{/scm}
2019-09-25 11:53:36,288 [Thread-1062] INFO  server.AbstractConnector (AbstractConnector.java:doStart(278)) - Started ServerConnector@6ba1cacf{HTTP/1.1,[http/1.1]}{0.0.0.0:44556}
2019-09-25 11:53:36,291 [Thread-1062] INFO  server.Server (Server.java:doStart(419)) - Started @73652ms
2019-09-25 11:53:36,291 [Thread-1062] WARN  impl.MetricsSystemImpl (MetricsSystemImpl.java:register(276)) - Sink prometheus already exists!
2019-09-25 11:53:36,292 [Thread-1062] INFO  server.BaseHttpServer (BaseHttpServer.java:updateConnectorAddress(215)) - HTTP server of SCM is listening at http://0.0.0.0:44556
2019-09-25 11:53:36,292 [Thread-1062] WARN  server.ServerUtils (ServerUtils.java:getDBPath(222)) - ozone.om.db.dirs is not configured. We recommend adding this setting. Falling back to ozone.metadata.dirs instead.
2019-09-25 11:53:36,295 [org.apache.hadoop.util.JvmPauseMonitor$Monitor@5412c963] INFO  util.JvmPauseMonitor (JvmPauseMonitor.java:run(188)) - Starting JVM pause monitor
2019-09-25 11:53:36,308 [Thread-1062] WARN  server.ServerUtils (ServerUtils.java:getDBPath(222)) - ozone.om.db.dirs is not configured. We recommend adding this setting. Falling back to ozone.metadata.dirs instead.
2019-09-25 11:53:36,308 [Thread-1062] WARN  server.ServerUtils (ServerUtils.java:getDBPath(222)) - ozone.om.db.dirs is not configured. We recommend adding this setting. Falling back to ozone.metadata.dirs instead.
2019-09-25 11:53:36,308 [Thread-1062] INFO  om.OzoneManager (OzoneManager.java:setOMNodeDetails(652)) - OM Service ID is not set. Setting it to the default ID: omServiceIdDefault
2019-09-25 11:53:36,308 [Thread-1062] INFO  om.OzoneManager (OzoneManager.java:setOMNodeDetails(658)) - OM Node ID is not set. Setting it to the OmStorage's OmID: f1df4658-b45f-4323-9ea1-62a6b68bdd5b
2019-09-25 11:53:36,309 [Thread-1062] INFO  om.OzoneManager (OzoneManager.java:loadOMHAConfigs(609)) - Found matching OM address with OMServiceId: null, OMNodeId: null, RPC Address: localhost:0 and Ratis port: 9872
2019-09-25 11:53:36,315 [Thread-1062] WARN  server.ServerUtils (ServerUtils.java:getDBPath(222)) - ozone.om.db.dirs is not configured. We recommend adding this setting. Falling back to ozone.metadata.dirs instead.
2019-09-25 11:53:36,315 [Thread-1062] INFO  db.DBStoreBuilder (DBStoreBuilder.java:addTable(110)) - using custom profile for table: userTable
2019-09-25 11:53:36,315 [Thread-1062] INFO  db.DBStoreBuilder (DBStoreBuilder.java:processTables(161)) - Using default column profile:DBProfile.DISK for Table:userTable
2019-09-25 11:53:36,315 [Thread-1062] INFO  db.DBStoreBuilder (DBStoreBuilder.java:addTable(110)) - using custom profile for table: volumeTable
2019-09-25 11:53:36,315 [Thread-1062] INFO  db.DBStoreBuilder (DBStoreBuilder.java:processTables(161)) - Using default column profile:DBProfile.DISK for Table:volumeTable
2019-09-25 11:53:36,315 [Thread-1062] INFO  db.DBStoreBuilder (DBStoreBuilder.java:addTable(110)) - using custom profile for table: bucketTable
2019-09-25 11:53:36,316 [Thread-1062] INFO  db.DBStoreBuilder (DBStoreBuilder.java:processTables(161)) - Using default column profile:DBProfile.DISK for Table:bucketTable
2019-09-25 11:53:36,316 [Thread-1062] INFO  db.DBStoreBuilder (DBStoreBuilder.java:addTable(110)) - using custom profile for table: keyTable
2019-09-25 11:53:36,316 [Thread-1062] INFO  db.DBStoreBuilder (DBStoreBuilder.java:processTables(161)) - Using default column profile:DBProfile.DISK for Table:keyTable
2019-09-25 11:53:36,316 [Thread-1062] INFO  db.DBStoreBuilder (DBStoreBuilder.java:addTable(110)) - using custom profile for table: deletedTable
2019-09-25 11:53:36,316 [Thread-1062] INFO  db.DBStoreBuilder (DBStoreBuilder.java:processTables(161)) - Using default column profile:DBProfile.DISK for Table:deletedTable
2019-09-25 11:53:36,316 [Thread-1062] INFO  db.DBStoreBuilder (DBStoreBuilder.java:addTable(110)) - using custom profile for table: openKeyTable
2019-09-25 11:53:36,316 [Thread-1062] INFO  db.DBStoreBuilder (DBStoreBuilder.java:processTables(161)) - Using default column profile:DBProfile.DISK for Table:openKeyTable
2019-09-25 11:53:36,316 [Thread-1062] INFO  db.DBStoreBuilder (DBStoreBuilder.java:addTable(110)) - using custom profile for table: s3Table
2019-09-25 11:53:36,316 [Thread-1062] INFO  db.DBStoreBuilder (DBStoreBuilder.java:processTables(161)) - Using default column profile:DBProfile.DISK for Table:s3Table
2019-09-25 11:53:36,317 [Thread-1062] INFO  db.DBStoreBuilder (DBStoreBuilder.java:addTable(110)) - using custom profile for table: multipartInfoTable
2019-09-25 11:53:36,317 [Thread-1062] INFO  db.DBStoreBuilder (DBStoreBuilder.java:processTables(161)) - Using default column profile:DBProfile.DISK for Table:multipartInfoTable
2019-09-25 11:53:36,317 [Thread-1062] INFO  db.DBStoreBuilder (DBStoreBuilder.java:addTable(110)) - using custom profile for table: dTokenTable
2019-09-25 11:53:36,317 [Thread-1062] INFO  db.DBStoreBuilder (DBStoreBuilder.java:processTables(161)) - Using default column profile:DBProfile.DISK for Table:dTokenTable
2019-09-25 11:53:36,317 [Thread-1062] INFO  db.DBStoreBuilder (DBStoreBuilder.java:addTable(110)) - using custom profile for table: s3SecretTable
2019-09-25 11:53:36,317 [Thread-1062] INFO  db.DBStoreBuilder (DBStoreBuilder.java:processTables(161)) - Using default column profile:DBProfile.DISK for Table:s3SecretTable
2019-09-25 11:53:36,317 [Thread-1062] INFO  db.DBStoreBuilder (DBStoreBuilder.java:addTable(110)) - using custom profile for table: prefixTable
2019-09-25 11:53:36,317 [Thread-1062] INFO  db.DBStoreBuilder (DBStoreBuilder.java:processTables(161)) - Using default column profile:DBProfile.DISK for Table:prefixTable
2019-09-25 11:53:36,318 [Thread-1062] INFO  db.DBStoreBuilder (DBStoreBuilder.java:addTable(110)) - using custom profile for table: default
2019-09-25 11:53:36,318 [Thread-1062] INFO  db.DBStoreBuilder (DBStoreBuilder.java:processTables(167)) - Using default column profile:DBProfile.DISK for Table:default
2019-09-25 11:53:36,318 [Thread-1062] INFO  db.DBStoreBuilder (DBStoreBuilder.java:getDbProfile(198)) - Using default options. DBProfile.DISK
2019-09-25 11:53:36,793 [Thread-1062] INFO  ipc.CallQueueManager (CallQueueManager.java:<init>(84)) - Using callQueue: class java.util.concurrent.LinkedBlockingQueue, queueCapacity: 2000, scheduler: class org.apache.hadoop.ipc.DefaultRpcScheduler, ipcBackoff: false.
2019-09-25 11:53:36,794 [Socket Reader #1 for port 44411] INFO  ipc.Server (Server.java:run(1074)) - Starting Socket Reader #1 for port 44411
2019-09-25 11:53:36,814 [Thread-1062] INFO  om.OzoneManager (OzoneManager.java:start(1243)) - OzoneManager RPC server is listening at localhost/127.0.0.1:44411
2019-09-25 11:53:36,814 [Thread-1062] INFO  impl.MetricsSystemImpl (MetricsSystemImpl.java:init(158)) - OzoneManager metrics system started (again)
2019-09-25 11:53:36,815 [IPC Server Responder] INFO  ipc.Server (Server.java:run(1314)) - IPC Server Responder: starting
2019-09-25 11:53:36,816 [IPC Server listener on 44411] INFO  ipc.Server (Server.java:run(1153)) - IPC Server listener on 44411: starting
2019-09-25 11:53:36,819 [Thread-1062] INFO  hdfs.DFSUtil (DFSUtil.java:httpServerTemplateForNNAndJN(1641)) - Starting Web-server for ozoneManager at: http://0.0.0.0:0
2019-09-25 11:53:36,822 [Thread-1062] INFO  server.AuthenticationFilter (AuthenticationFilter.java:constructSecretProvider(240)) - Unable to initialize FileSignerSecretProvider, falling back to use random secrets.
2019-09-25 11:53:36,822 [Thread-1062] WARN  http.HttpRequestLog (HttpRequestLog.java:getRequestLog(97)) - Jetty request log can only be enabled using Log4j
2019-09-25 11:53:36,825 [Thread-1062] INFO  http.HttpServer2 (HttpServer2.java:addGlobalFilter(975)) - Added global filter 'safety' (class=org.apache.hadoop.http.HttpServer2$QuotingInputFilter)
2019-09-25 11:53:36,826 [Thread-1062] INFO  http.HttpServer2 (HttpServer2.java:addFilter(948)) - Added filter static_user_filter (class=org.apache.hadoop.http.lib.StaticUserWebFilter$StaticUserFilter) to context ozoneManager
2019-09-25 11:53:36,827 [Thread-1062] INFO  http.HttpServer2 (HttpServer2.java:addFilter(958)) - Added filter static_user_filter (class=org.apache.hadoop.http.lib.StaticUserWebFilter$StaticUserFilter) to context logs
2019-09-25 11:53:36,827 [Thread-1062] INFO  http.HttpServer2 (HttpServer2.java:addFilter(958)) - Added filter static_user_filter (class=org.apache.hadoop.http.lib.StaticUserWebFilter$StaticUserFilter) to context static
2019-09-25 11:53:36,828 [Thread-1062] INFO  http.HttpServer2 (HttpServer2.java:bindListener(1191)) - Jetty bound to port 46364
2019-09-25 11:53:36,828 [Thread-1062] INFO  server.Server (Server.java:doStart(351)) - jetty-9.3.25.v20180904, build timestamp: 2018-09-04T21:11:46Z, git hash: 3ce520221d0240229c862b122d2b06c12a625732
2019-09-25 11:53:36,830 [Thread-1062] INFO  handler.ContextHandler (ContextHandler.java:doStart(781)) - Started o.e.j.s.ServletContextHandler@3d6180a4{/logs,file:///workdir/hadoop-ozone/ozonefs/target/log,AVAILABLE}
2019-09-25 11:53:36,831 [Thread-1062] INFO  handler.ContextHandler (ContextHandler.java:doStart(781)) - Started o.e.j.s.ServletContextHandler@3d06292f{/static,jar:file:/home/user/.m2/repository/org/apache/hadoop/hadoop-ozone-ozone-manager/0.5.0-SNAPSHOT/hadoop-ozone-ozone-manager-0.5.0-SNAPSHOT.jar!/webapps/static,AVAILABLE}
2019-09-25 11:53:36,886 [Thread-1062] INFO  handler.ContextHandler (ContextHandler.java:doStart(781)) - Started o.e.j.w.WebAppContext@317f8fe0{/,file:///tmp/jetty-0.0.0.0-46364-ozoneManager-_-any-7975053663231834022.dir/webapp/,AVAILABLE}{/ozoneManager}
2019-09-25 11:53:36,886 [Thread-1062] INFO  server.AbstractConnector (AbstractConnector.java:doStart(278)) - Started ServerConnector@7d8c23fd{HTTP/1.1,[http/1.1]}{0.0.0.0:46364}
2019-09-25 11:53:36,888 [Thread-1062] INFO  server.Server (Server.java:doStart(419)) - Started @74249ms
2019-09-25 11:53:36,888 [Thread-1062] WARN  impl.MetricsSystemImpl (MetricsSystemImpl.java:register(276)) - Sink prometheus already exists!
2019-09-25 11:53:36,889 [Thread-1062] INFO  server.BaseHttpServer (BaseHttpServer.java:updateConnectorAddress(215)) - HTTP server of OZONEMANAGER is listening at http://0.0.0.0:46364
2019-09-25 11:53:36,895 [Thread-1062] INFO  impl.MetricsSystemImpl (MetricsSystemImpl.java:init(158)) - HddsDatanode metrics system started (again)
2019-09-25 11:53:36,898 [Thread-1062] INFO  ozone.HddsDatanodeService (HddsDatanodeService.java:start(184)) - HddsDatanodeService host:pr-hdds-1569-5gmkr-4255264070 ip:192.168.30.6
2019-09-25 11:53:36,904 [Thread-1062] INFO  volume.HddsVolume (HddsVolume.java:<init>(176)) - Creating Volume: /workdir/hadoop-ozone/ozonefs/target/test-dir/MiniOzoneClusterImpl-4d965d96-9517-4212-af55-0cc3287bfaeb/datanode-0/data/containers/hdds of  storage type : DISK and capacity : 1482555576320
2019-09-25 11:53:36,904 [Thread-1062] INFO  volume.VolumeSet (VolumeSet.java:initializeVolumeSet(170)) - Added Volume : /workdir/hadoop-ozone/ozonefs/target/test-dir/MiniOzoneClusterImpl-4d965d96-9517-4212-af55-0cc3287bfaeb/datanode-0/data/containers/hdds to VolumeSet
2019-09-25 11:53:36,904 [Thread-1062] INFO  volume.ThrottledAsyncChecker (ThrottledAsyncChecker.java:schedule(139)) - Scheduling a check for org.apache.hadoop.ozone.container.common.volume.HddsVolume@655f57b1
2019-09-25 11:53:36,904 [Thread-1062] INFO  volume.HddsVolumeChecker (HddsVolumeChecker.java:checkAllVolumes(202)) - Scheduled health check for volume org.apache.hadoop.ozone.container.common.volume.HddsVolume@655f57b1
2019-09-25 11:53:36,922 [Thread-1062] INFO  impl.RaftServerProxy (ConfUtils.java:logGet(43)) - raft.rpc.type = GRPC (default)
2019-09-25 11:53:36,922 [Thread-1062] INFO  grpc.GrpcFactory (GrpcFactory.java:checkPooledByteBufAllocatorUseCacheForAllThreads(45)) - PERFORMANCE WARNING: useCacheForAllThreads is true that may cause Netty to create a lot garbage objects and, as a result, trigger GC.
	It is recommended to disable useCacheForAllThreads by setting -Dorg.apache.ratis.thirdparty.io.netty.allocator.useCacheForAllThreads=false in command line.
2019-09-25 11:53:36,922 [Thread-1062] INFO  grpc.GrpcConfigKeys$Server (ConfUtils.java:logGet(43)) - raft.grpc.server.port = 0 (default)
2019-09-25 11:53:36,923 [Thread-1062] INFO  server.GrpcService (ConfUtils.java:logGet(43)) - raft.grpc.message.size.max = 33570816 (custom)
2019-09-25 11:53:36,923 [Thread-1062] INFO  server.RaftServerConfigKeys (ConfUtils.java:logGet(43)) - raft.server.log.appender.buffer.byte-limit = 33554432 (custom)
2019-09-25 11:53:36,923 [Thread-1062] INFO  server.GrpcService (ConfUtils.java:logGet(43)) - raft.grpc.flow.control.window = 1MB (=1048576) (default)
2019-09-25 11:53:36,923 [Thread-1062] INFO  server.RaftServerConfigKeys (ConfUtils.java:logGet(43)) - raft.server.rpc.request.timeout = 3000ms (default)
2019-09-25 11:53:36,923 [Thread-1062] INFO  server.RaftServerConfigKeys (ConfUtils.java:logGet(43)) - raft.server.storage.dir = [/workdir/hadoop-ozone/ozonefs/target/test-dir/MiniOzoneClusterImpl-4d965d96-9517-4212-af55-0cc3287bfaeb/datanode-0/data/ratis] (custom)
2019-09-25 11:53:36,925 [Thread-1062] INFO  hdfs.DFSUtil (DFSUtil.java:httpServerTemplateForNNAndJN(1641)) - Starting Web-server for hddsDatanode at: http://0.0.0.0:0
2019-09-25 11:53:36,926 [Thread-1062] INFO  server.AuthenticationFilter (AuthenticationFilter.java:constructSecretProvider(240)) - Unable to initialize FileSignerSecretProvider, falling back to use random secrets.
2019-09-25 11:53:36,926 [Thread-1062] WARN  http.HttpRequestLog (HttpRequestLog.java:getRequestLog(97)) - Jetty request log can only be enabled using Log4j
2019-09-25 11:53:36,928 [Thread-1062] INFO  http.HttpServer2 (HttpServer2.java:addGlobalFilter(975)) - Added global filter 'safety' (class=org.apache.hadoop.http.HttpServer2$QuotingInputFilter)
2019-09-25 11:53:36,929 [Thread-1062] INFO  http.HttpServer2 (HttpServer2.java:addFilter(948)) - Added filter static_user_filter (class=org.apache.hadoop.http.lib.StaticUserWebFilter$StaticUserFilter) to context hddsDatanode
2019-09-25 11:53:36,929 [Thread-1062] INFO  http.HttpServer2 (HttpServer2.java:addFilter(958)) - Added filter static_user_filter (class=org.apache.hadoop.http.lib.StaticUserWebFilter$StaticUserFilter) to context logs
2019-09-25 11:53:36,929 [Thread-1062] INFO  http.HttpServer2 (HttpServer2.java:addFilter(958)) - Added filter static_user_filter (class=org.apache.hadoop.http.lib.StaticUserWebFilter$StaticUserFilter) to context static
2019-09-25 11:53:36,930 [Thread-1062] INFO  http.HttpServer2 (HttpServer2.java:bindListener(1191)) - Jetty bound to port 35375
2019-09-25 11:53:36,930 [Thread-1062] INFO  server.Server (Server.java:doStart(351)) - jetty-9.3.25.v20180904, build timestamp: 2018-09-04T21:11:46Z, git hash: 3ce520221d0240229c862b122d2b06c12a625732
2019-09-25 11:53:36,931 [Thread-1062] INFO  handler.ContextHandler (ContextHandler.java:doStart(781)) - Started o.e.j.s.ServletContextHandler@51a3fcfb{/logs,file:///workdir/hadoop-ozone/ozonefs/target/log,AVAILABLE}
2019-09-25 11:53:36,932 [Thread-1062] INFO  handler.ContextHandler (ContextHandler.java:doStart(781)) - Started o.e.j.s.ServletContextHandler@7e1f5643{/static,jar:file:/home/user/.m2/repository/org/apache/hadoop/hadoop-hdds-container-service/0.5.0-SNAPSHOT/hadoop-hdds-container-service-0.5.0-SNAPSHOT.jar!/webapps/static,AVAILABLE}
2019-09-25 11:53:36,961 [Thread-1062] INFO  handler.ContextHandler (ContextHandler.java:doStart(781)) - Started o.e.j.w.WebAppContext@1b38524a{/,file:///tmp/jetty-0.0.0.0-35375-hddsDatanode-_-any-4637216197603605033.dir/webapp/,AVAILABLE}{/hddsDatanode}
2019-09-25 11:53:36,961 [Thread-1062] INFO  server.AbstractConnector (AbstractConnector.java:doStart(278)) - Started ServerConnector@6231608a{HTTP/1.1,[http/1.1]}{0.0.0.0:35375}
2019-09-25 11:53:36,963 [Thread-1062] INFO  server.Server (Server.java:doStart(419)) - Started @74324ms
2019-09-25 11:53:36,963 [Thread-1062] WARN  impl.MetricsSystemImpl (MetricsSystemImpl.java:register(276)) - Sink prometheus already exists!
2019-09-25 11:53:36,964 [Thread-1062] INFO  server.BaseHttpServer (BaseHttpServer.java:updateConnectorAddress(215)) - HTTP server of HDDSDATANODE is listening at http://0.0.0.0:35375
2019-09-25 11:53:36,964 [Thread-1062] INFO  impl.MetricsSystemImpl (MetricsSystemImpl.java:init(158)) - HddsDatanode metrics system started (again)
2019-09-25 11:53:36,968 [org.apache.hadoop.util.JvmPauseMonitor$Monitor@1012ecac] INFO  util.JvmPauseMonitor (JvmPauseMonitor.java:run(188)) - Starting JVM pause monitor
2019-09-25 11:53:36,969 [Thread-1062] INFO  ozone.HddsDatanodeService (HddsDatanodeService.java:start(184)) - HddsDatanodeService host:pr-hdds-1569-5gmkr-4255264070 ip:192.168.30.6
2019-09-25 11:53:36,971 [Datanode State Machine Thread - 0] INFO  datanode.InitDatanodeState (InitDatanodeState.java:persistContainerDatanodeDetails(140)) - DatanodeDetails is persisted to /workdir/hadoop-ozone/ozonefs/target/test-dir/MiniOzoneClusterImpl-4d965d96-9517-4212-af55-0cc3287bfaeb/datanode-0/meta/datanode.id
2019-09-25 11:53:36,976 [Thread-1062] INFO  volume.HddsVolume (HddsVolume.java:<init>(176)) - Creating Volume: /workdir/hadoop-ozone/ozonefs/target/test-dir/MiniOzoneClusterImpl-4d965d96-9517-4212-af55-0cc3287bfaeb/datanode-1/data/containers/hdds of  storage type : DISK and capacity : 1482555576320
2019-09-25 11:53:36,977 [Thread-1062] INFO  volume.VolumeSet (VolumeSet.java:initializeVolumeSet(170)) - Added Volume : /workdir/hadoop-ozone/ozonefs/target/test-dir/MiniOzoneClusterImpl-4d965d96-9517-4212-af55-0cc3287bfaeb/datanode-1/data/containers/hdds to VolumeSet
2019-09-25 11:53:36,977 [Thread-1062] INFO  volume.ThrottledAsyncChecker (ThrottledAsyncChecker.java:schedule(139)) - Scheduling a check for org.apache.hadoop.ozone.container.common.volume.HddsVolume@61a050e1
2019-09-25 11:53:36,977 [Thread-1062] INFO  volume.HddsVolumeChecker (HddsVolumeChecker.java:checkAllVolumes(202)) - Scheduled health check for volume org.apache.hadoop.ozone.container.common.volume.HddsVolume@61a050e1
2019-09-25 11:53:37,004 [Thread-1062] INFO  impl.RaftServerProxy (ConfUtils.java:logGet(43)) - raft.rpc.type = GRPC (default)
2019-09-25 11:53:37,004 [Thread-1062] INFO  grpc.GrpcFactory (GrpcFactory.java:checkPooledByteBufAllocatorUseCacheForAllThreads(45)) - PERFORMANCE WARNING: useCacheForAllThreads is true that may cause Netty to create a lot garbage objects and, as a result, trigger GC.
	It is recommended to disable useCacheForAllThreads by setting -Dorg.apache.ratis.thirdparty.io.netty.allocator.useCacheForAllThreads=false in command line.
2019-09-25 11:53:37,004 [Thread-1062] INFO  grpc.GrpcConfigKeys$Server (ConfUtils.java:logGet(43)) - raft.grpc.server.port = 0 (default)
2019-09-25 11:53:37,004 [Thread-1062] INFO  server.GrpcService (ConfUtils.java:logGet(43)) - raft.grpc.message.size.max = 33570816 (custom)
2019-09-25 11:53:37,005 [Thread-1062] INFO  server.RaftServerConfigKeys (ConfUtils.java:logGet(43)) - raft.server.log.appender.buffer.byte-limit = 33554432 (custom)
2019-09-25 11:53:37,005 [Thread-1062] INFO  server.GrpcService (ConfUtils.java:logGet(43)) - raft.grpc.flow.control.window = 1MB (=1048576) (default)
2019-09-25 11:53:37,005 [Thread-1062] INFO  server.RaftServerConfigKeys (ConfUtils.java:logGet(43)) - raft.server.rpc.request.timeout = 3000ms (default)
2019-09-25 11:53:37,006 [Thread-1062] INFO  server.RaftServerConfigKeys (ConfUtils.java:logGet(43)) - raft.server.storage.dir = [/workdir/hadoop-ozone/ozonefs/target/test-dir/MiniOzoneClusterImpl-4d965d96-9517-4212-af55-0cc3287bfaeb/datanode-1/data/ratis] (custom)
2019-09-25 11:53:37,007 [Thread-1062] INFO  hdfs.DFSUtil (DFSUtil.java:httpServerTemplateForNNAndJN(1641)) - Starting Web-server for hddsDatanode at: http://0.0.0.0:0
2019-09-25 11:53:37,009 [Thread-1062] INFO  server.AuthenticationFilter (AuthenticationFilter.java:constructSecretProvider(240)) - Unable to initialize FileSignerSecretProvider, falling back to use random secrets.
2019-09-25 11:53:37,009 [Thread-1062] WARN  http.HttpRequestLog (HttpRequestLog.java:getRequestLog(97)) - Jetty request log can only be enabled using Log4j
2019-09-25 11:53:37,011 [Thread-1062] INFO  http.HttpServer2 (HttpServer2.java:addGlobalFilter(975)) - Added global filter 'safety' (class=org.apache.hadoop.http.HttpServer2$QuotingInputFilter)
2019-09-25 11:53:37,011 [Thread-1062] INFO  http.HttpServer2 (HttpServer2.java:addFilter(948)) - Added filter static_user_filter (class=org.apache.hadoop.http.lib.StaticUserWebFilter$StaticUserFilter) to context hddsDatanode
2019-09-25 11:53:37,011 [Thread-1062] INFO  http.HttpServer2 (HttpServer2.java:addFilter(958)) - Added filter static_user_filter (class=org.apache.hadoop.http.lib.StaticUserWebFilter$StaticUserFilter) to context logs
2019-09-25 11:53:37,011 [Thread-1062] INFO  http.HttpServer2 (HttpServer2.java:addFilter(958)) - Added filter static_user_filter (class=org.apache.hadoop.http.lib.StaticUserWebFilter$StaticUserFilter) to context static
2019-09-25 11:53:37,012 [Thread-1062] INFO  http.HttpServer2 (HttpServer2.java:bindListener(1191)) - Jetty bound to port 35376
2019-09-25 11:53:37,012 [Thread-1062] INFO  server.Server (Server.java:doStart(351)) - jetty-9.3.25.v20180904, build timestamp: 2018-09-04T21:11:46Z, git hash: 3ce520221d0240229c862b122d2b06c12a625732
2019-09-25 11:53:37,013 [Thread-1062] INFO  handler.ContextHandler (ContextHandler.java:doStart(781)) - Started o.e.j.s.ServletContextHandler@2bbab016{/logs,file:///workdir/hadoop-ozone/ozonefs/target/log,AVAILABLE}
2019-09-25 11:53:37,014 [Thread-1062] INFO  handler.ContextHandler (ContextHandler.java:doStart(781)) - Started o.e.j.s.ServletContextHandler@75c4fc6a{/static,jar:file:/home/user/.m2/repository/org/apache/hadoop/hadoop-hdds-container-service/0.5.0-SNAPSHOT/hadoop-hdds-container-service-0.5.0-SNAPSHOT.jar!/webapps/static,AVAILABLE}
2019-09-25 11:53:37,040 [Thread-1062] INFO  handler.ContextHandler (ContextHandler.java:doStart(781)) - Started o.e.j.w.WebAppContext@6c423249{/,file:///tmp/jetty-0.0.0.0-35376-hddsDatanode-_-any-4409239719849150289.dir/webapp/,AVAILABLE}{/hddsDatanode}
2019-09-25 11:53:37,041 [Thread-1062] INFO  server.AbstractConnector (AbstractConnector.java:doStart(278)) - Started ServerConnector@7203cbc6{HTTP/1.1,[http/1.1]}{0.0.0.0:35376}
2019-09-25 11:53:37,042 [Thread-1062] INFO  server.Server (Server.java:doStart(419)) - Started @74404ms
2019-09-25 11:53:37,042 [Thread-1062] WARN  impl.MetricsSystemImpl (MetricsSystemImpl.java:register(276)) - Sink prometheus already exists!
2019-09-25 11:53:37,043 [Thread-1062] INFO  server.BaseHttpServer (BaseHttpServer.java:updateConnectorAddress(215)) - HTTP server of HDDSDATANODE is listening at http://0.0.0.0:35376
2019-09-25 11:53:37,044 [Thread-1062] INFO  impl.MetricsSystemImpl (MetricsSystemImpl.java:init(158)) - HddsDatanode metrics system started (again)
2019-09-25 11:53:37,049 [org.apache.hadoop.util.JvmPauseMonitor$Monitor@2a3eb9a4] INFO  util.JvmPauseMonitor (JvmPauseMonitor.java:run(188)) - Starting JVM pause monitor
2019-09-25 11:53:37,050 [Thread-1062] INFO  ozone.HddsDatanodeService (HddsDatanodeService.java:start(184)) - HddsDatanodeService host:pr-hdds-1569-5gmkr-4255264070 ip:192.168.30.6
2019-09-25 11:53:37,050 [Datanode State Machine Thread - 0] INFO  datanode.InitDatanodeState (InitDatanodeState.java:persistContainerDatanodeDetails(140)) - DatanodeDetails is persisted to /workdir/hadoop-ozone/ozonefs/target/test-dir/MiniOzoneClusterImpl-4d965d96-9517-4212-af55-0cc3287bfaeb/datanode-1/meta/datanode.id
2019-09-25 11:53:37,063 [Thread-1062] INFO  volume.HddsVolume (HddsVolume.java:<init>(176)) - Creating Volume: /workdir/hadoop-ozone/ozonefs/target/test-dir/MiniOzoneClusterImpl-4d965d96-9517-4212-af55-0cc3287bfaeb/datanode-2/data/containers/hdds of  storage type : DISK and capacity : 1482555576320
2019-09-25 11:53:37,063 [Thread-1062] INFO  volume.VolumeSet (VolumeSet.java:initializeVolumeSet(170)) - Added Volume : /workdir/hadoop-ozone/ozonefs/target/test-dir/MiniOzoneClusterImpl-4d965d96-9517-4212-af55-0cc3287bfaeb/datanode-2/data/containers/hdds to VolumeSet
2019-09-25 11:53:37,063 [Thread-1062] INFO  volume.ThrottledAsyncChecker (ThrottledAsyncChecker.java:schedule(139)) - Scheduling a check for org.apache.hadoop.ozone.container.common.volume.HddsVolume@5c8f5cab
2019-09-25 11:53:37,064 [Thread-1062] INFO  volume.HddsVolumeChecker (HddsVolumeChecker.java:checkAllVolumes(202)) - Scheduled health check for volume org.apache.hadoop.ozone.container.common.volume.HddsVolume@5c8f5cab
2019-09-25 11:53:37,092 [Thread-1062] INFO  impl.RaftServerProxy (ConfUtils.java:logGet(43)) - raft.rpc.type = GRPC (default)
2019-09-25 11:53:37,092 [Thread-1062] INFO  grpc.GrpcFactory (GrpcFactory.java:checkPooledByteBufAllocatorUseCacheForAllThreads(45)) - PERFORMANCE WARNING: useCacheForAllThreads is true that may cause Netty to create a lot garbage objects and, as a result, trigger GC.
	It is recommended to disable useCacheForAllThreads by setting -Dorg.apache.ratis.thirdparty.io.netty.allocator.useCacheForAllThreads=false in command line.
2019-09-25 11:53:37,092 [Thread-1062] INFO  grpc.GrpcConfigKeys$Server (ConfUtils.java:logGet(43)) - raft.grpc.server.port = 0 (default)
2019-09-25 11:53:37,093 [Thread-1062] INFO  server.GrpcService (ConfUtils.java:logGet(43)) - raft.grpc.message.size.max = 33570816 (custom)
2019-09-25 11:53:37,093 [Thread-1062] INFO  server.RaftServerConfigKeys (ConfUtils.java:logGet(43)) - raft.server.log.appender.buffer.byte-limit = 33554432 (custom)
2019-09-25 11:53:37,093 [Thread-1062] INFO  server.GrpcService (ConfUtils.java:logGet(43)) - raft.grpc.flow.control.window = 1MB (=1048576) (default)
2019-09-25 11:53:37,093 [Thread-1062] INFO  server.RaftServerConfigKeys (ConfUtils.java:logGet(43)) - raft.server.rpc.request.timeout = 3000ms (default)
2019-09-25 11:53:37,094 [Thread-1062] INFO  server.RaftServerConfigKeys (ConfUtils.java:logGet(43)) - raft.server.storage.dir = [/workdir/hadoop-ozone/ozonefs/target/test-dir/MiniOzoneClusterImpl-4d965d96-9517-4212-af55-0cc3287bfaeb/datanode-2/data/ratis] (custom)
2019-09-25 11:53:37,095 [Thread-1062] INFO  hdfs.DFSUtil (DFSUtil.java:httpServerTemplateForNNAndJN(1641)) - Starting Web-server for hddsDatanode at: http://0.0.0.0:0
2019-09-25 11:53:37,097 [Thread-1062] INFO  server.AuthenticationFilter (AuthenticationFilter.java:constructSecretProvider(240)) - Unable to initialize FileSignerSecretProvider, falling back to use random secrets.
2019-09-25 11:53:37,097 [Thread-1062] WARN  http.HttpRequestLog (HttpRequestLog.java:getRequestLog(97)) - Jetty request log can only be enabled using Log4j
2019-09-25 11:53:37,099 [Thread-1062] INFO  http.HttpServer2 (HttpServer2.java:addGlobalFilter(975)) - Added global filter 'safety' (class=org.apache.hadoop.http.HttpServer2$QuotingInputFilter)
2019-09-25 11:53:37,099 [Thread-1062] INFO  http.HttpServer2 (HttpServer2.java:addFilter(948)) - Added filter static_user_filter (class=org.apache.hadoop.http.lib.StaticUserWebFilter$StaticUserFilter) to context hddsDatanode
2019-09-25 11:53:37,099 [Thread-1062] INFO  http.HttpServer2 (HttpServer2.java:addFilter(958)) - Added filter static_user_filter (class=org.apache.hadoop.http.lib.StaticUserWebFilter$StaticUserFilter) to context logs
2019-09-25 11:53:37,100 [Thread-1062] INFO  http.HttpServer2 (HttpServer2.java:addFilter(958)) - Added filter static_user_filter (class=org.apache.hadoop.http.lib.StaticUserWebFilter$StaticUserFilter) to context static
2019-09-25 11:53:37,100 [Thread-1062] INFO  http.HttpServer2 (HttpServer2.java:bindListener(1191)) - Jetty bound to port 45838
2019-09-25 11:53:37,100 [Thread-1062] INFO  server.Server (Server.java:doStart(351)) - jetty-9.3.25.v20180904, build timestamp: 2018-09-04T21:11:46Z, git hash: 3ce520221d0240229c862b122d2b06c12a625732
2019-09-25 11:53:37,102 [Thread-1062] INFO  handler.ContextHandler (ContextHandler.java:doStart(781)) - Started o.e.j.s.ServletContextHandler@253d0a5c{/logs,file:///workdir/hadoop-ozone/ozonefs/target/log,AVAILABLE}
2019-09-25 11:53:37,102 [Thread-1062] INFO  handler.ContextHandler (ContextHandler.java:doStart(781)) - Started o.e.j.s.ServletContextHandler@73a716e3{/static,jar:file:/home/user/.m2/repository/org/apache/hadoop/hadoop-hdds-container-service/0.5.0-SNAPSHOT/hadoop-hdds-container-service-0.5.0-SNAPSHOT.jar!/webapps/static,AVAILABLE}
2019-09-25 11:53:37,129 [Thread-1062] INFO  handler.ContextHandler (ContextHandler.java:doStart(781)) - Started o.e.j.w.WebAppContext@72d3c3cf{/,file:///tmp/jetty-0.0.0.0-45838-hddsDatanode-_-any-2565972615820417159.dir/webapp/,AVAILABLE}{/hddsDatanode}
2019-09-25 11:53:37,129 [Thread-1062] INFO  server.AbstractConnector (AbstractConnector.java:doStart(278)) - Started ServerConnector@49a98563{HTTP/1.1,[http/1.1]}{0.0.0.0:45838}
2019-09-25 11:53:37,129 [Thread-1062] INFO  server.Server (Server.java:doStart(419)) - Started @74491ms
2019-09-25 11:53:37,131 [Thread-1062] WARN  impl.MetricsSystemImpl (MetricsSystemImpl.java:register(276)) - Sink prometheus already exists!
2019-09-25 11:53:37,131 [Thread-1062] INFO  server.BaseHttpServer (BaseHttpServer.java:updateConnectorAddress(215)) - HTTP server of HDDSDATANODE is listening at http://0.0.0.0:45838
2019-09-25 11:53:37,132 [Thread-1062] INFO  ozone.MiniOzoneClusterImpl (MiniOzoneClusterImpl.java:lambda$waitForClusterToBeReady$0(147)) - Waiting for cluster to be ready. Got 0 of 3 DN Heartbeats.
2019-09-25 11:53:37,133 [org.apache.hadoop.util.JvmPauseMonitor$Monitor@6f87ff45] INFO  util.JvmPauseMonitor (JvmPauseMonitor.java:run(188)) - Starting JVM pause monitor
2019-09-25 11:53:37,135 [Datanode State Machine Thread - 0] INFO  datanode.InitDatanodeState (InitDatanodeState.java:persistContainerDatanodeDetails(140)) - DatanodeDetails is persisted to /workdir/hadoop-ozone/ozonefs/target/test-dir/MiniOzoneClusterImpl-4d965d96-9517-4212-af55-0cc3287bfaeb/datanode-2/meta/datanode.id
2019-09-25 11:53:38,132 [Thread-1062] INFO  ozone.MiniOzoneClusterImpl (MiniOzoneClusterImpl.java:lambda$waitForClusterToBeReady$0(147)) - Waiting for cluster to be ready. Got 0 of 3 DN Heartbeats.
2019-09-25 11:53:39,011 [Datanode State Machine Thread - 0] INFO  ozoneimpl.OzoneContainer (OzoneContainer.java:start(217)) - Attempting to start container services.
2019-09-25 11:53:39,012 [Datanode State Machine Thread - 0] INFO  ozoneimpl.OzoneContainer (OzoneContainer.java:startContainerScrub(179)) - Background container scanner has been disabled.
2019-09-25 11:53:39,012 [Datanode State Machine Thread - 0] INFO  ratis.XceiverServerRatis (XceiverServerRatis.java:start(411)) - Starting XceiverServerRatis 303dafdc-9735-46a1-812c-fb1ebd7b1011 at port 0
2019-09-25 11:53:39,019 [Datanode State Machine Thread - 0] INFO  impl.RaftServerProxy (RaftServerProxy.java:lambda$start$3(299)) - 303dafdc-9735-46a1-812c-fb1ebd7b1011: start RPC server
2019-09-25 11:53:39,023 [Datanode State Machine Thread - 0] INFO  server.GrpcService (GrpcService.java:startImpl(158)) - 303dafdc-9735-46a1-812c-fb1ebd7b1011: GrpcService started, listening on 0.0.0.0/0.0.0.0:37980
2019-09-25 11:53:39,024 [Datanode State Machine Thread - 0] INFO  ratis.XceiverServerRatis (XceiverServerRatis.java:start(421)) - XceiverServerRatis 303dafdc-9735-46a1-812c-fb1ebd7b1011 is started using port 37980
2019-09-25 11:53:39,024 [Datanode State Machine Thread - 0] INFO  server.XceiverServerGrpc (XceiverServerGrpc.java:start(149)) - XceiverServerGrpc 303dafdc-9735-46a1-812c-fb1ebd7b1011 is started using port 40113
2019-09-25 11:53:39,066 [Datanode State Machine Thread - 0] INFO  ozoneimpl.OzoneContainer (OzoneContainer.java:start(217)) - Attempting to start container services.
2019-09-25 11:53:39,066 [Datanode State Machine Thread - 0] INFO  ozoneimpl.OzoneContainer (OzoneContainer.java:startContainerScrub(179)) - Background container scanner has been disabled.
2019-09-25 11:53:39,066 [Datanode State Machine Thread - 0] INFO  ratis.XceiverServerRatis (XceiverServerRatis.java:start(411)) - Starting XceiverServerRatis e7427295-9757-4d0b-b6e1-b46374f24996 at port 0
2019-09-25 11:53:39,072 [Datanode State Machine Thread - 0] INFO  impl.RaftServerProxy (RaftServerProxy.java:lambda$start$3(299)) - e7427295-9757-4d0b-b6e1-b46374f24996: start RPC server
2019-09-25 11:53:39,073 [Datanode State Machine Thread - 0] INFO  server.GrpcService (GrpcService.java:startImpl(158)) - e7427295-9757-4d0b-b6e1-b46374f24996: GrpcService started, listening on 0.0.0.0/0.0.0.0:40322
2019-09-25 11:53:39,073 [Datanode State Machine Thread - 0] INFO  ratis.XceiverServerRatis (XceiverServerRatis.java:start(421)) - XceiverServerRatis e7427295-9757-4d0b-b6e1-b46374f24996 is started using port 40322
2019-09-25 11:53:39,074 [Datanode State Machine Thread - 0] INFO  server.XceiverServerGrpc (XceiverServerGrpc.java:start(149)) - XceiverServerGrpc e7427295-9757-4d0b-b6e1-b46374f24996 is started using port 42230
2019-09-25 11:53:39,132 [Thread-1062] INFO  ozone.MiniOzoneClusterImpl (MiniOzoneClusterImpl.java:lambda$waitForClusterToBeReady$0(147)) - Waiting for cluster to be ready. Got 0 of 3 DN Heartbeats.
2019-09-25 11:53:39,154 [Datanode State Machine Thread - 0] INFO  ozoneimpl.OzoneContainer (OzoneContainer.java:start(217)) - Attempting to start container services.
2019-09-25 11:53:39,154 [Datanode State Machine Thread - 0] INFO  ozoneimpl.OzoneContainer (OzoneContainer.java:startContainerScrub(179)) - Background container scanner has been disabled.
2019-09-25 11:53:39,154 [Datanode State Machine Thread - 0] INFO  ratis.XceiverServerRatis (XceiverServerRatis.java:start(411)) - Starting XceiverServerRatis 4b163e73-9124-45c5-8da1-c8a8a9e20704 at port 0
2019-09-25 11:53:39,160 [Datanode State Machine Thread - 0] INFO  impl.RaftServerProxy (RaftServerProxy.java:lambda$start$3(299)) - 4b163e73-9124-45c5-8da1-c8a8a9e20704: start RPC server
2019-09-25 11:53:39,163 [Datanode State Machine Thread - 0] INFO  server.GrpcService (GrpcService.java:startImpl(158)) - 4b163e73-9124-45c5-8da1-c8a8a9e20704: GrpcService started, listening on 0.0.0.0/0.0.0.0:35803
2019-09-25 11:53:39,164 [Datanode State Machine Thread - 0] INFO  ratis.XceiverServerRatis (XceiverServerRatis.java:start(421)) - XceiverServerRatis 4b163e73-9124-45c5-8da1-c8a8a9e20704 is started using port 35803
2019-09-25 11:53:39,164 [Datanode State Machine Thread - 0] INFO  server.XceiverServerGrpc (XceiverServerGrpc.java:start(149)) - XceiverServerGrpc 4b163e73-9124-45c5-8da1-c8a8a9e20704 is started using port 33100
2019-09-25 11:53:40,133 [Thread-1062] INFO  ozone.MiniOzoneClusterImpl (MiniOzoneClusterImpl.java:lambda$waitForClusterToBeReady$0(147)) - Waiting for cluster to be ready. Got 0 of 3 DN Heartbeats.
2019-09-25 11:53:40,971 [IPC Server handler 0 on 45965] INFO  net.NetworkTopology (NetworkTopologyImpl.java:add(111)) - Added a new node: /default-rack/303dafdc-9735-46a1-812c-fb1ebd7b1011
2019-09-25 11:53:40,972 [IPC Server handler 0 on 45965] INFO  node.SCMNodeManager (SCMNodeManager.java:register(266)) - Registered Data node : 303dafdc-9735-46a1-812c-fb1ebd7b1011{ip: 192.168.30.6, host: pr-hdds-1569-5gmkr-4255264070, networkLocation: /default-rack, certSerialId: null}
2019-09-25 11:53:40,973 [EventQueue-NodeRegistrationContainerReportForDataNodeSafeModeRule] INFO  safemode.SCMSafeModeManager (DataNodeSafeModeRule.java:process(71)) - SCM in safe mode. 1 DataNodes registered, 1 required.
2019-09-25 11:53:40,975 [EventQueue-NodeRegistrationContainerReportForDataNodeSafeModeRule] INFO  safemode.SCMSafeModeManager (SCMSafeModeManager.java:validateSafeModeExitRules(177)) - ScmSafeModeManager, all rules are successfully validated
2019-09-25 11:53:40,975 [EventQueue-NodeRegistrationContainerReportForDataNodeSafeModeRule] INFO  safemode.SCMSafeModeManager (SCMSafeModeManager.java:exitSafeMode(193)) - SCM exiting safe mode.
2019-09-25 11:53:40,984 [grpc-default-executor-0] INFO  impl.RaftServerProxy (RaftServerProxy.java:addNew(89)) - 303dafdc-9735-46a1-812c-fb1ebd7b1011: addNew group-B0F21C8192D5:[303dafdc-9735-46a1-812c-fb1ebd7b1011:192.168.30.6:37980] returns group-B0F21C8192D5:java.util.concurrent.CompletableFuture@417ce503[Not completed]
2019-09-25 11:53:40,985 [pool-227-thread-1] INFO  impl.RaftServerImpl (RaftServerImpl.java:<init>(95)) - 303dafdc-9735-46a1-812c-fb1ebd7b1011: new RaftServerImpl for group-B0F21C8192D5:[303dafdc-9735-46a1-812c-fb1ebd7b1011:192.168.30.6:37980] with ContainerStateMachine:uninitialized
2019-09-25 11:53:40,986 [pool-227-thread-1] INFO  server.RaftServerConfigKeys (ConfUtils.java:logGet(43)) - raft.server.rpc.timeout.min = 5s (custom)
2019-09-25 11:53:40,986 [pool-227-thread-1] INFO  server.RaftServerConfigKeys (ConfUtils.java:logGet(43)) - raft.server.rpc.timeout.max = 5200ms (custom)
2019-09-25 11:53:40,986 [pool-227-thread-1] INFO  server.RaftServerConfigKeys (ConfUtils.java:logGet(43)) - raft.server.rpcslowness.timeout = 120s (custom)
2019-09-25 11:53:40,986 [pool-227-thread-1] INFO  server.RaftServerConfigKeys (ConfUtils.java:logGet(43)) - raft.server.sleep.deviation.threshold = 300 (default)
2019-09-25 11:53:40,986 [pool-227-thread-1] INFO  server.RaftServerConfigKeys (ConfUtils.java:logGet(43)) - raft.server.log.appender.install.snapshot.enabled = false (custom)
2019-09-25 11:53:40,986 [pool-227-thread-1] INFO  impl.RaftServerImpl (ServerState.java:<init>(103)) - 303dafdc-9735-46a1-812c-fb1ebd7b1011@group-B0F21C8192D5: ConfigurationManager, init=-1: [303dafdc-9735-46a1-812c-fb1ebd7b1011:192.168.30.6:37980], old=null, confs=<EMPTY_MAP>
2019-09-25 11:53:40,986 [pool-227-thread-1] INFO  server.RaftServerConfigKeys (ConfUtils.java:logGet(43)) - raft.server.storage.dir = [/workdir/hadoop-ozone/ozonefs/target/test-dir/MiniOzoneClusterImpl-4d965d96-9517-4212-af55-0cc3287bfaeb/datanode-0/data/ratis] (custom)
2019-09-25 11:53:40,987 [pool-227-thread-1] INFO  storage.RaftStorageDirectory (RaftStorageDirectory.java:analyzeStorage(246)) - The storage directory /workdir/hadoop-ozone/ozonefs/target/test-dir/MiniOzoneClusterImpl-4d965d96-9517-4212-af55-0cc3287bfaeb/datanode-0/data/ratis/0841675e-d969-4ccc-b938-b0f21c8192d5 does not exist. Creating ...
2019-09-25 11:53:41,030 [pool-227-thread-1] INFO  storage.RaftStorageDirectory (RaftStorageDirectory.java:tryLock(328)) - Lock on /workdir/hadoop-ozone/ozonefs/target/test-dir/MiniOzoneClusterImpl-4d965d96-9517-4212-af55-0cc3287bfaeb/datanode-0/data/ratis/0841675e-d969-4ccc-b938-b0f21c8192d5/in_use.lock acquired by nodename 25060@pr-hdds-1569-5gmkr-4255264070
2019-09-25 11:53:41,044 [pool-227-thread-1] INFO  storage.RaftStorage (RaftStorage.java:format(72)) - Storage directory /workdir/hadoop-ozone/ozonefs/target/test-dir/MiniOzoneClusterImpl-4d965d96-9517-4212-af55-0cc3287bfaeb/datanode-0/data/ratis/0841675e-d969-4ccc-b938-b0f21c8192d5 has been successfully formatted.
2019-09-25 11:53:41,044 [pool-227-thread-1] INFO  ratis.ContainerStateMachine (ContainerStateMachine.java:loadSnapshot(230)) - group-B0F21C8192D5: The snapshot info is null. Setting the last applied indexto:(t:0, i:~)
2019-09-25 11:53:41,045 [pool-227-thread-1] INFO  server.RaftServerConfigKeys (ConfUtils.java:logGet(43)) - raft.server.notification.no-leader.timeout = 120s (custom)
2019-09-25 11:53:41,045 [pool-227-thread-1] INFO  server.RaftServerConfigKeys (ConfUtils.java:logGet(43)) - raft.server.log.use.memory = false (default)
2019-09-25 11:53:41,045 [pool-227-thread-1] INFO  server.RaftServerConfigKeys (ConfUtils.java:logGet(43)) - raft.server.log.purge.gap = 1000000 (custom)
2019-09-25 11:53:41,045 [pool-227-thread-1] INFO  server.RaftServerConfigKeys (ConfUtils.java:logGet(43)) - raft.server.log.appender.buffer.byte-limit = 33554432 (custom)
2019-09-25 11:53:41,045 [pool-227-thread-1] INFO  server.RaftServerConfigKeys (ConfUtils.java:logGet(43)) - raft.server.log.segment.size.max = 1048576 (custom)
2019-09-25 11:53:41,045 [pool-227-thread-1] INFO  server.RaftServerConfigKeys (ConfUtils.java:logGet(43)) - raft.server.log.segment.cache.num.max = 2 (custom)
2019-09-25 11:53:41,045 [pool-227-thread-1] INFO  segmented.SegmentedRaftLogWorker (SegmentedRaftLogWorker.java:<init>(172)) - new 303dafdc-9735-46a1-812c-fb1ebd7b1011@group-B0F21C8192D5-SegmentedRaftLogWorker for RaftStorage:Storage Directory /workdir/hadoop-ozone/ozonefs/target/test-dir/MiniOzoneClusterImpl-4d965d96-9517-4212-af55-0cc3287bfaeb/datanode-0/data/ratis/0841675e-d969-4ccc-b938-b0f21c8192d5
2019-09-25 11:53:41,047 [pool-227-thread-1] INFO  server.RaftServerConfigKeys (ConfUtils.java:logGet(43)) - raft.server.log.queue.byte-limit = 2147483647 (custom)
2019-09-25 11:53:41,047 [pool-227-thread-1] INFO  server.RaftServerConfigKeys (ConfUtils.java:logGet(43)) - raft.server.log.queue.element-limit = 1024 (custom)
2019-09-25 11:53:41,047 [pool-227-thread-1] INFO  server.RaftServerConfigKeys (ConfUtils.java:logGet(43)) - raft.server.log.segment.size.max = 1048576 (custom)
2019-09-25 11:53:41,047 [pool-227-thread-1] INFO  server.RaftServerConfigKeys (ConfUtils.java:logGet(43)) - raft.server.log.preallocated.size = 16384 (custom)
2019-09-25 11:53:41,047 [pool-227-thread-1] INFO  server.RaftServerConfigKeys (ConfUtils.java:logGet(43)) - raft.server.log.write.buffer.size = 33554432 (custom)
2019-09-25 11:53:41,047 [pool-227-thread-1] INFO  server.RaftServerConfigKeys (ConfUtils.java:logGet(43)) - raft.server.log.force.sync.num = 128 (default)
2019-09-25 11:53:41,047 [pool-227-thread-1] INFO  server.RaftServerConfigKeys (ConfUtils.java:logGet(43)) - raft.server.log.statemachine.data.sync = true (default)
2019-09-25 11:53:41,047 [pool-227-thread-1] INFO  server.RaftServerConfigKeys (ConfUtils.java:logGet(43)) - raft.server.log.statemachine.data.sync.timeout = 10s (default)
2019-09-25 11:53:41,048 [pool-227-thread-1] INFO  server.RaftServerConfigKeys (ConfUtils.java:logGet(43)) - raft.server.log.statemachine.data.sync.timeout.retry = -1 (default)
2019-09-25 11:53:41,048 [pool-227-thread-1] INFO  server.RaftServerConfigKeys (ConfUtils.java:logGet(43)) - raft.server.log.statemachine.data.caching.enabled = true (custom)
2019-09-25 11:53:41,048 [pool-227-thread-1] INFO  segmented.SegmentedRaftLogWorker (SegmentedRaftLogWorker.java:lambda$new$0(132)) - 303dafdc-9735-46a1-812c-fb1ebd7b1011@group-B0F21C8192D5-SegmentedRaftLogWorker: flushIndex: setUnconditionally 0 -> -1
2019-09-25 11:53:41,048 [pool-227-thread-1] INFO  server.RaftServerConfigKeys (ConfUtils.java:logGet(43)) - raft.server.snapshot.auto.trigger.enabled = true (custom)
2019-09-25 11:53:41,048 [pool-227-thread-1] INFO  server.RaftServerConfigKeys (ConfUtils.java:logGet(43)) - raft.server.snapshot.auto.trigger.threshold = 10000 (custom)
2019-09-25 11:53:41,048 [pool-227-thread-1] INFO  server.RaftServerConfigKeys (ConfUtils.java:logGet(43)) - raft.server.snapshot.retention.num.files = 5 (custom)
2019-09-25 11:53:41,049 [pool-227-thread-1] INFO  server.RaftServerConfigKeys (ConfUtils.java:logGet(43)) - raft.server.retrycache.expirytime = 600000ms (custom)
2019-09-25 11:53:41,050 [IPC Server handler 1 on 45965] INFO  net.NetworkTopology (NetworkTopologyImpl.java:add(111)) - Added a new node: /default-rack/e7427295-9757-4d0b-b6e1-b46374f24996
2019-09-25 11:53:41,050 [IPC Server handler 1 on 45965] INFO  node.SCMNodeManager (SCMNodeManager.java:register(266)) - Registered Data node : e7427295-9757-4d0b-b6e1-b46374f24996{ip: 192.168.30.6, host: pr-hdds-1569-5gmkr-4255264070, networkLocation: /default-rack, certSerialId: null}
2019-09-25 11:53:41,050 [pool-227-thread-1] INFO  impl.RaftServerImpl (RaftServerImpl.java:start(185)) - 303dafdc-9735-46a1-812c-fb1ebd7b1011@group-B0F21C8192D5: start as a follower, conf=-1: [303dafdc-9735-46a1-812c-fb1ebd7b1011:192.168.30.6:37980], old=null
2019-09-25 11:53:41,050 [pool-227-thread-1] INFO  impl.RaftServerImpl (RaftServerImpl.java:setRole(174)) - 303dafdc-9735-46a1-812c-fb1ebd7b1011@group-B0F21C8192D5: changes role from      null to FOLLOWER at term 0 for startAsFollower
2019-09-25 11:53:41,050 [pool-227-thread-1] INFO  impl.RoleInfo (RoleInfo.java:updateAndGet(143)) - 303dafdc-9735-46a1-812c-fb1ebd7b1011: start FollowerState
2019-09-25 11:53:41,050 [pool-227-thread-1] INFO  util.JmxRegister (JmxRegister.java:tryRegister(44)) - Successfully registered JMX Bean with object name Ratis:service=RaftServer,group=group-B0F21C8192D5,id=303dafdc-9735-46a1-812c-fb1ebd7b1011
2019-09-25 11:53:41,053 [RatisPipelineUtilsThread] INFO  pipeline.PipelineStateManager (PipelineStateManager.java:addPipeline(56)) - Created pipeline Pipeline[ Id: 0841675e-d969-4ccc-b938-b0f21c8192d5, Nodes: 303dafdc-9735-46a1-812c-fb1ebd7b1011{ip: 192.168.30.6, host: pr-hdds-1569-5gmkr-4255264070, networkLocation: /default-rack, certSerialId: null}, Type:RATIS, Factor:ONE, State:OPEN]
2019-09-25 11:53:41,061 [grpc-default-executor-0] INFO  impl.RaftServerProxy (RaftServerProxy.java:addNew(89)) - e7427295-9757-4d0b-b6e1-b46374f24996: addNew group-0E73B338B043:[e7427295-9757-4d0b-b6e1-b46374f24996:192.168.30.6:40322] returns group-0E73B338B043:java.util.concurrent.CompletableFuture@7a1b346[Not completed]
2019-09-25 11:53:41,063 [pool-237-thread-1] INFO  impl.RaftServerImpl (RaftServerImpl.java:<init>(95)) - e7427295-9757-4d0b-b6e1-b46374f24996: new RaftServerImpl for group-0E73B338B043:[e7427295-9757-4d0b-b6e1-b46374f24996:192.168.30.6:40322] with ContainerStateMachine:uninitialized
2019-09-25 11:53:41,063 [pool-237-thread-1] INFO  server.RaftServerConfigKeys (ConfUtils.java:logGet(43)) - raft.server.rpc.timeout.min = 5s (custom)
2019-09-25 11:53:41,063 [pool-237-thread-1] INFO  server.RaftServerConfigKeys (ConfUtils.java:logGet(43)) - raft.server.rpc.timeout.max = 5200ms (custom)
2019-09-25 11:53:41,063 [pool-237-thread-1] INFO  server.RaftServerConfigKeys (ConfUtils.java:logGet(43)) - raft.server.rpcslowness.timeout = 120s (custom)
2019-09-25 11:53:41,063 [pool-237-thread-1] INFO  server.RaftServerConfigKeys (ConfUtils.java:logGet(43)) - raft.server.sleep.deviation.threshold = 300 (default)
2019-09-25 11:53:41,063 [pool-237-thread-1] INFO  server.RaftServerConfigKeys (ConfUtils.java:logGet(43)) - raft.server.log.appender.install.snapshot.enabled = false (custom)
2019-09-25 11:53:41,064 [pool-237-thread-1] INFO  impl.RaftServerImpl (ServerState.java:<init>(103)) - e7427295-9757-4d0b-b6e1-b46374f24996@group-0E73B338B043: ConfigurationManager, init=-1: [e7427295-9757-4d0b-b6e1-b46374f24996:192.168.30.6:40322], old=null, confs=<EMPTY_MAP>
2019-09-25 11:53:41,064 [pool-237-thread-1] INFO  server.RaftServerConfigKeys (ConfUtils.java:logGet(43)) - raft.server.storage.dir = [/workdir/hadoop-ozone/ozonefs/target/test-dir/MiniOzoneClusterImpl-4d965d96-9517-4212-af55-0cc3287bfaeb/datanode-1/data/ratis] (custom)
2019-09-25 11:53:41,064 [pool-237-thread-1] INFO  storage.RaftStorageDirectory (RaftStorageDirectory.java:analyzeStorage(246)) - The storage directory /workdir/hadoop-ozone/ozonefs/target/test-dir/MiniOzoneClusterImpl-4d965d96-9517-4212-af55-0cc3287bfaeb/datanode-1/data/ratis/eea6f927-9140-4029-b60c-0e73b338b043 does not exist. Creating ...
2019-09-25 11:53:41,073 [pool-237-thread-1] INFO  storage.RaftStorageDirectory (RaftStorageDirectory.java:tryLock(328)) - Lock on /workdir/hadoop-ozone/ozonefs/target/test-dir/MiniOzoneClusterImpl-4d965d96-9517-4212-af55-0cc3287bfaeb/datanode-1/data/ratis/eea6f927-9140-4029-b60c-0e73b338b043/in_use.lock acquired by nodename 25060@pr-hdds-1569-5gmkr-4255264070
2019-09-25 11:53:41,086 [pool-237-thread-1] INFO  storage.RaftStorage (RaftStorage.java:format(72)) - Storage directory /workdir/hadoop-ozone/ozonefs/target/test-dir/MiniOzoneClusterImpl-4d965d96-9517-4212-af55-0cc3287bfaeb/datanode-1/data/ratis/eea6f927-9140-4029-b60c-0e73b338b043 has been successfully formatted.
2019-09-25 11:53:41,087 [pool-237-thread-1] INFO  ratis.ContainerStateMachine (ContainerStateMachine.java:loadSnapshot(230)) - group-0E73B338B043: The snapshot info is null. Setting the last applied indexto:(t:0, i:~)
2019-09-25 11:53:41,087 [pool-237-thread-1] INFO  server.RaftServerConfigKeys (ConfUtils.java:logGet(43)) - raft.server.notification.no-leader.timeout = 120s (custom)
2019-09-25 11:53:41,087 [pool-237-thread-1] INFO  server.RaftServerConfigKeys (ConfUtils.java:logGet(43)) - raft.server.log.use.memory = false (default)
2019-09-25 11:53:41,087 [pool-237-thread-1] INFO  server.RaftServerConfigKeys (ConfUtils.java:logGet(43)) - raft.server.log.purge.gap = 1000000 (custom)
2019-09-25 11:53:41,087 [pool-237-thread-1] INFO  server.RaftServerConfigKeys (ConfUtils.java:logGet(43)) - raft.server.log.appender.buffer.byte-limit = 33554432 (custom)
2019-09-25 11:53:41,088 [pool-237-thread-1] INFO  server.RaftServerConfigKeys (ConfUtils.java:logGet(43)) - raft.server.log.segment.size.max = 1048576 (custom)
2019-09-25 11:53:41,088 [pool-237-thread-1] INFO  server.RaftServerConfigKeys (ConfUtils.java:logGet(43)) - raft.server.log.segment.cache.num.max = 2 (custom)
2019-09-25 11:53:41,088 [pool-237-thread-1] INFO  segmented.SegmentedRaftLogWorker (SegmentedRaftLogWorker.java:<init>(172)) - new e7427295-9757-4d0b-b6e1-b46374f24996@group-0E73B338B043-SegmentedRaftLogWorker for RaftStorage:Storage Directory /workdir/hadoop-ozone/ozonefs/target/test-dir/MiniOzoneClusterImpl-4d965d96-9517-4212-af55-0cc3287bfaeb/datanode-1/data/ratis/eea6f927-9140-4029-b60c-0e73b338b043
2019-09-25 11:53:41,090 [pool-237-thread-1] INFO  server.RaftServerConfigKeys (ConfUtils.java:logGet(43)) - raft.server.log.queue.byte-limit = 2147483647 (custom)
2019-09-25 11:53:41,090 [pool-237-thread-1] INFO  server.RaftServerConfigKeys (ConfUtils.java:logGet(43)) - raft.server.log.queue.element-limit = 1024 (custom)
2019-09-25 11:53:41,090 [pool-237-thread-1] INFO  server.RaftServerConfigKeys (ConfUtils.java:logGet(43)) - raft.server.log.segment.size.max = 1048576 (custom)
2019-09-25 11:53:41,090 [pool-237-thread-1] INFO  server.RaftServerConfigKeys (ConfUtils.java:logGet(43)) - raft.server.log.preallocated.size = 16384 (custom)
2019-09-25 11:53:41,091 [pool-237-thread-1] INFO  server.RaftServerConfigKeys (ConfUtils.java:logGet(43)) - raft.server.log.write.buffer.size = 33554432 (custom)
2019-09-25 11:53:41,091 [pool-237-thread-1] INFO  server.RaftServerConfigKeys (ConfUtils.java:logGet(43)) - raft.server.log.force.sync.num = 128 (default)
2019-09-25 11:53:41,091 [pool-237-thread-1] INFO  server.RaftServerConfigKeys (ConfUtils.java:logGet(43)) - raft.server.log.statemachine.data.sync = true (default)
2019-09-25 11:53:41,091 [pool-237-thread-1] INFO  server.RaftServerConfigKeys (ConfUtils.java:logGet(43)) - raft.server.log.statemachine.data.sync.timeout = 10s (default)
2019-09-25 11:53:41,091 [pool-237-thread-1] INFO  server.RaftServerConfigKeys (ConfUtils.java:logGet(43)) - raft.server.log.statemachine.data.sync.timeout.retry = -1 (default)
2019-09-25 11:53:41,092 [pool-237-thread-1] INFO  server.RaftServerConfigKeys (ConfUtils.java:logGet(43)) - raft.server.log.statemachine.data.caching.enabled = true (custom)
2019-09-25 11:53:41,092 [pool-237-thread-1] INFO  segmented.SegmentedRaftLogWorker (SegmentedRaftLogWorker.java:lambda$new$0(132)) - e7427295-9757-4d0b-b6e1-b46374f24996@group-0E73B338B043-SegmentedRaftLogWorker: flushIndex: setUnconditionally 0 -> -1
2019-09-25 11:53:41,092 [pool-237-thread-1] INFO  server.RaftServerConfigKeys (ConfUtils.java:logGet(43)) - raft.server.snapshot.auto.trigger.enabled = true (custom)
2019-09-25 11:53:41,092 [pool-237-thread-1] INFO  server.RaftServerConfigKeys (ConfUtils.java:logGet(43)) - raft.server.snapshot.auto.trigger.threshold = 10000 (custom)
2019-09-25 11:53:41,093 [pool-237-thread-1] INFO  server.RaftServerConfigKeys (ConfUtils.java:logGet(43)) - raft.server.snapshot.retention.num.files = 5 (custom)
2019-09-25 11:53:41,093 [pool-237-thread-1] INFO  server.RaftServerConfigKeys (ConfUtils.java:logGet(43)) - raft.server.retrycache.expirytime = 600000ms (custom)
2019-09-25 11:53:41,095 [pool-237-thread-1] INFO  impl.RaftServerImpl (RaftServerImpl.java:start(185)) - e7427295-9757-4d0b-b6e1-b46374f24996@group-0E73B338B043: start as a follower, conf=-1: [e7427295-9757-4d0b-b6e1-b46374f24996:192.168.30.6:40322], old=null
2019-09-25 11:53:41,095 [pool-237-thread-1] INFO  impl.RaftServerImpl (RaftServerImpl.java:setRole(174)) - e7427295-9757-4d0b-b6e1-b46374f24996@group-0E73B338B043: changes role from      null to FOLLOWER at term 0 for startAsFollower
2019-09-25 11:53:41,095 [pool-237-thread-1] INFO  impl.RoleInfo (RoleInfo.java:updateAndGet(143)) - e7427295-9757-4d0b-b6e1-b46374f24996: start FollowerState
2019-09-25 11:53:41,096 [pool-237-thread-1] INFO  util.JmxRegister (JmxRegister.java:tryRegister(44)) - Successfully registered JMX Bean with object name Ratis:service=RaftServer,group=group-0E73B338B043,id=e7427295-9757-4d0b-b6e1-b46374f24996
2019-09-25 11:53:41,098 [RatisPipelineUtilsThread] INFO  pipeline.PipelineStateManager (PipelineStateManager.java:addPipeline(56)) - Created pipeline Pipeline[ Id: eea6f927-9140-4029-b60c-0e73b338b043, Nodes: e7427295-9757-4d0b-b6e1-b46374f24996{ip: 192.168.30.6, host: pr-hdds-1569-5gmkr-4255264070, networkLocation: /default-rack, certSerialId: null}, Type:RATIS, Factor:ONE, State:OPEN]
2019-09-25 11:53:41,103 [grpc-default-executor-0] INFO  impl.RaftServerProxy (RaftServerProxy.java:addNew(89)) - 303dafdc-9735-46a1-812c-fb1ebd7b1011: addNew group-3AE0EF58FC9E:[303dafdc-9735-46a1-812c-fb1ebd7b1011:192.168.30.6:37980] returns group-3AE0EF58FC9E:java.util.concurrent.CompletableFuture@5b923a1d[Not completed]
2019-09-25 11:53:41,104 [pool-227-thread-1] INFO  impl.RaftServerImpl (RaftServerImpl.java:<init>(95)) - 303dafdc-9735-46a1-812c-fb1ebd7b1011: new RaftServerImpl for group-3AE0EF58FC9E:[303dafdc-9735-46a1-812c-fb1ebd7b1011:192.168.30.6:37980] with ContainerStateMachine:uninitialized
2019-09-25 11:53:41,104 [pool-227-thread-1] INFO  server.RaftServerConfigKeys (ConfUtils.java:logGet(43)) - raft.server.rpc.timeout.min = 5s (custom)
2019-09-25 11:53:41,104 [pool-227-thread-1] INFO  server.RaftServerConfigKeys (ConfUtils.java:logGet(43)) - raft.server.rpc.timeout.max = 5200ms (custom)
2019-09-25 11:53:41,104 [pool-227-thread-1] INFO  server.RaftServerConfigKeys (ConfUtils.java:logGet(43)) - raft.server.rpcslowness.timeout = 120s (custom)
2019-09-25 11:53:41,104 [pool-227-thread-1] INFO  server.RaftServerConfigKeys (ConfUtils.java:logGet(43)) - raft.server.sleep.deviation.threshold = 300 (default)
2019-09-25 11:53:41,104 [pool-227-thread-1] INFO  server.RaftServerConfigKeys (ConfUtils.java:logGet(43)) - raft.server.log.appender.install.snapshot.enabled = false (custom)
2019-09-25 11:53:41,104 [pool-227-thread-1] INFO  impl.RaftServerImpl (ServerState.java:<init>(103)) - 303dafdc-9735-46a1-812c-fb1ebd7b1011@group-3AE0EF58FC9E: ConfigurationManager, init=-1: [303dafdc-9735-46a1-812c-fb1ebd7b1011:192.168.30.6:37980], old=null, confs=<EMPTY_MAP>
2019-09-25 11:53:41,104 [pool-227-thread-1] INFO  server.RaftServerConfigKeys (ConfUtils.java:logGet(43)) - raft.server.storage.dir = [/workdir/hadoop-ozone/ozonefs/target/test-dir/MiniOzoneClusterImpl-4d965d96-9517-4212-af55-0cc3287bfaeb/datanode-0/data/ratis] (custom)
2019-09-25 11:53:41,105 [pool-227-thread-1] INFO  storage.RaftStorageDirectory (RaftStorageDirectory.java:analyzeStorage(246)) - The storage directory /workdir/hadoop-ozone/ozonefs/target/test-dir/MiniOzoneClusterImpl-4d965d96-9517-4212-af55-0cc3287bfaeb/datanode-0/data/ratis/1f237560-e536-4147-bdf5-3ae0ef58fc9e does not exist. Creating ...
2019-09-25 11:53:41,117 [pool-227-thread-1] INFO  storage.RaftStorageDirectory (RaftStorageDirectory.java:tryLock(328)) - Lock on /workdir/hadoop-ozone/ozonefs/target/test-dir/MiniOzoneClusterImpl-4d965d96-9517-4212-af55-0cc3287bfaeb/datanode-0/data/ratis/1f237560-e536-4147-bdf5-3ae0ef58fc9e/in_use.lock acquired by nodename 25060@pr-hdds-1569-5gmkr-4255264070
2019-09-25 11:53:41,130 [pool-227-thread-1] INFO  storage.RaftStorage (RaftStorage.java:format(72)) - Storage directory /workdir/hadoop-ozone/ozonefs/target/test-dir/MiniOzoneClusterImpl-4d965d96-9517-4212-af55-0cc3287bfaeb/datanode-0/data/ratis/1f237560-e536-4147-bdf5-3ae0ef58fc9e has been successfully formatted.
2019-09-25 11:53:41,130 [pool-227-thread-1] INFO  ratis.ContainerStateMachine (ContainerStateMachine.java:loadSnapshot(230)) - group-3AE0EF58FC9E: The snapshot info is null. Setting the last applied indexto:(t:0, i:~)
2019-09-25 11:53:41,130 [pool-227-thread-1] INFO  server.RaftServerConfigKeys (ConfUtils.java:logGet(43)) - raft.server.notification.no-leader.timeout = 120s (custom)
2019-09-25 11:53:41,130 [pool-227-thread-1] INFO  server.RaftServerConfigKeys (ConfUtils.java:logGet(43)) - raft.server.log.use.memory = false (default)
2019-09-25 11:53:41,131 [pool-227-thread-1] INFO  server.RaftServerConfigKeys (ConfUtils.java:logGet(43)) - raft.server.log.purge.gap = 1000000 (custom)
2019-09-25 11:53:41,131 [pool-227-thread-1] INFO  server.RaftServerConfigKeys (ConfUtils.java:logGet(43)) - raft.server.log.appender.buffer.byte-limit = 33554432 (custom)
2019-09-25 11:53:41,131 [pool-227-thread-1] INFO  server.RaftServerConfigKeys (ConfUtils.java:logGet(43)) - raft.server.log.segment.size.max = 1048576 (custom)
2019-09-25 11:53:41,131 [pool-227-thread-1] INFO  server.RaftServerConfigKeys (ConfUtils.java:logGet(43)) - raft.server.log.segment.cache.num.max = 2 (custom)
2019-09-25 11:53:41,131 [pool-227-thread-1] INFO  segmented.SegmentedRaftLogWorker (SegmentedRaftLogWorker.java:<init>(172)) - new 303dafdc-9735-46a1-812c-fb1ebd7b1011@group-3AE0EF58FC9E-SegmentedRaftLogWorker for RaftStorage:Storage Directory /workdir/hadoop-ozone/ozonefs/target/test-dir/MiniOzoneClusterImpl-4d965d96-9517-4212-af55-0cc3287bfaeb/datanode-0/data/ratis/1f237560-e536-4147-bdf5-3ae0ef58fc9e
2019-09-25 11:53:41,131 [pool-227-thread-1] INFO  server.RaftServerConfigKeys (ConfUtils.java:logGet(43)) - raft.server.log.queue.byte-limit = 2147483647 (custom)
2019-09-25 11:53:41,131 [pool-227-thread-1] INFO  server.RaftServerConfigKeys (ConfUtils.java:logGet(43)) - raft.server.log.queue.element-limit = 1024 (custom)
2019-09-25 11:53:41,131 [pool-227-thread-1] INFO  server.RaftServerConfigKeys (ConfUtils.java:logGet(43)) - raft.server.log.segment.size.max = 1048576 (custom)
2019-09-25 11:53:41,131 [pool-227-thread-1] INFO  server.RaftServerConfigKeys (ConfUtils.java:logGet(43)) - raft.server.log.preallocated.size = 16384 (custom)
2019-09-25 11:53:41,131 [pool-227-thread-1] INFO  server.RaftServerConfigKeys (ConfUtils.java:logGet(43)) - raft.server.log.write.buffer.size = 33554432 (custom)
2019-09-25 11:53:41,132 [pool-227-thread-1] INFO  server.RaftServerConfigKeys (ConfUtils.java:logGet(43)) - raft.server.log.force.sync.num = 128 (default)
2019-09-25 11:53:41,132 [pool-227-thread-1] INFO  server.RaftServerConfigKeys (ConfUtils.java:logGet(43)) - raft.server.log.statemachine.data.sync = true (default)
2019-09-25 11:53:41,132 [pool-227-thread-1] INFO  server.RaftServerConfigKeys (ConfUtils.java:logGet(43)) - raft.server.log.statemachine.data.sync.timeout = 10s (default)
2019-09-25 11:53:41,132 [pool-227-thread-1] INFO  server.RaftServerConfigKeys (ConfUtils.java:logGet(43)) - raft.server.log.statemachine.data.sync.timeout.retry = -1 (default)
2019-09-25 11:53:41,132 [pool-227-thread-1] INFO  server.RaftServerConfigKeys (ConfUtils.java:logGet(43)) - raft.server.log.statemachine.data.caching.enabled = true (custom)
2019-09-25 11:53:41,132 [pool-227-thread-1] INFO  segmented.SegmentedRaftLogWorker (SegmentedRaftLogWorker.java:lambda$new$0(132)) - 303dafdc-9735-46a1-812c-fb1ebd7b1011@group-3AE0EF58FC9E-SegmentedRaftLogWorker: flushIndex: setUnconditionally 0 -> -1
2019-09-25 11:53:41,132 [pool-227-thread-1] INFO  server.RaftServerConfigKeys (ConfUtils.java:logGet(43)) - raft.server.snapshot.auto.trigger.enabled = true (custom)
2019-09-25 11:53:41,132 [pool-227-thread-1] INFO  server.RaftServerConfigKeys (ConfUtils.java:logGet(43)) - raft.server.snapshot.auto.trigger.threshold = 10000 (custom)
2019-09-25 11:53:41,132 [pool-227-thread-1] INFO  server.RaftServerConfigKeys (ConfUtils.java:logGet(43)) - raft.server.snapshot.retention.num.files = 5 (custom)
2019-09-25 11:53:41,133 [pool-227-thread-1] INFO  server.RaftServerConfigKeys (ConfUtils.java:logGet(43)) - raft.server.retrycache.expirytime = 600000ms (custom)
2019-09-25 11:53:41,133 [Thread-1062] INFO  ozone.MiniOzoneClusterImpl (MiniOzoneClusterImpl.java:lambda$waitForClusterToBeReady$0(147)) - Waiting for cluster to be ready. Got 2 of 3 DN Heartbeats.
2019-09-25 11:53:41,134 [IPC Server handler 2 on 45965] INFO  net.NetworkTopology (NetworkTopologyImpl.java:add(111)) - Added a new node: /default-rack/4b163e73-9124-45c5-8da1-c8a8a9e20704
2019-09-25 11:53:41,134 [IPC Server handler 2 on 45965] INFO  node.SCMNodeManager (SCMNodeManager.java:register(266)) - Registered Data node : 4b163e73-9124-45c5-8da1-c8a8a9e20704{ip: 192.168.30.6, host: pr-hdds-1569-5gmkr-4255264070, networkLocation: /default-rack, certSerialId: null}
2019-09-25 11:53:41,134 [pool-227-thread-1] INFO  impl.RaftServerImpl (RaftServerImpl.java:start(185)) - 303dafdc-9735-46a1-812c-fb1ebd7b1011@group-3AE0EF58FC9E: start as a follower, conf=-1: [303dafdc-9735-46a1-812c-fb1ebd7b1011:192.168.30.6:37980], old=null
2019-09-25 11:53:41,134 [pool-227-thread-1] INFO  impl.RaftServerImpl (RaftServerImpl.java:setRole(174)) - 303dafdc-9735-46a1-812c-fb1ebd7b1011@group-3AE0EF58FC9E: changes role from      null to FOLLOWER at term 0 for startAsFollower
2019-09-25 11:53:41,134 [pool-227-thread-1] INFO  impl.RoleInfo (RoleInfo.java:updateAndGet(143)) - 303dafdc-9735-46a1-812c-fb1ebd7b1011: start FollowerState
2019-09-25 11:53:41,135 [pool-227-thread-1] INFO  util.JmxRegister (JmxRegister.java:tryRegister(44)) - Successfully registered JMX Bean with object name Ratis:service=RaftServer,group=group-3AE0EF58FC9E,id=303dafdc-9735-46a1-812c-fb1ebd7b1011
2019-09-25 11:53:41,137 [RatisPipelineUtilsThread] INFO  pipeline.PipelineStateManager (PipelineStateManager.java:addPipeline(56)) - Created pipeline Pipeline[ Id: 1f237560-e536-4147-bdf5-3ae0ef58fc9e, Nodes: 303dafdc-9735-46a1-812c-fb1ebd7b1011{ip: 192.168.30.6, host: pr-hdds-1569-5gmkr-4255264070, networkLocation: /default-rack, certSerialId: null}, Type:RATIS, Factor:ONE, State:OPEN]
2019-09-25 11:53:41,142 [grpc-default-executor-0] INFO  impl.RaftServerProxy (RaftServerProxy.java:addNew(89)) - 303dafdc-9735-46a1-812c-fb1ebd7b1011: addNew group-B17624A78FBC:[303dafdc-9735-46a1-812c-fb1ebd7b1011:192.168.30.6:37980] returns group-B17624A78FBC:java.util.concurrent.CompletableFuture@1ca53f0c[Not completed]
2019-09-25 11:53:41,142 [pool-227-thread-1] INFO  impl.RaftServerImpl (RaftServerImpl.java:<init>(95)) - 303dafdc-9735-46a1-812c-fb1ebd7b1011: new RaftServerImpl for group-B17624A78FBC:[303dafdc-9735-46a1-812c-fb1ebd7b1011:192.168.30.6:37980] with ContainerStateMachine:uninitialized
2019-09-25 11:53:41,142 [pool-227-thread-1] INFO  server.RaftServerConfigKeys (ConfUtils.java:logGet(43)) - raft.server.rpc.timeout.min = 5s (custom)
2019-09-25 11:53:41,143 [pool-227-thread-1] INFO  server.RaftServerConfigKeys (ConfUtils.java:logGet(43)) - raft.server.rpc.timeout.max = 5200ms (custom)
2019-09-25 11:53:41,143 [pool-227-thread-1] INFO  server.RaftServerConfigKeys (ConfUtils.java:logGet(43)) - raft.server.rpcslowness.timeout = 120s (custom)
2019-09-25 11:53:41,143 [pool-227-thread-1] INFO  server.RaftServerConfigKeys (ConfUtils.java:logGet(43)) - raft.server.sleep.deviation.threshold = 300 (default)
2019-09-25 11:53:41,143 [pool-227-thread-1] INFO  server.RaftServerConfigKeys (ConfUtils.java:logGet(43)) - raft.server.log.appender.install.snapshot.enabled = false (custom)
2019-09-25 11:53:41,143 [pool-227-thread-1] INFO  impl.RaftServerImpl (ServerState.java:<init>(103)) - 303dafdc-9735-46a1-812c-fb1ebd7b1011@group-B17624A78FBC: ConfigurationManager, init=-1: [303dafdc-9735-46a1-812c-fb1ebd7b1011:192.168.30.6:37980], old=null, confs=<EMPTY_MAP>
2019-09-25 11:53:41,143 [pool-227-thread-1] INFO  server.RaftServerConfigKeys (ConfUtils.java:logGet(43)) - raft.server.storage.dir = [/workdir/hadoop-ozone/ozonefs/target/test-dir/MiniOzoneClusterImpl-4d965d96-9517-4212-af55-0cc3287bfaeb/datanode-0/data/ratis] (custom)
2019-09-25 11:53:41,143 [pool-227-thread-1] INFO  storage.RaftStorageDirectory (RaftStorageDirectory.java:analyzeStorage(246)) - The storage directory /workdir/hadoop-ozone/ozonefs/target/test-dir/MiniOzoneClusterImpl-4d965d96-9517-4212-af55-0cc3287bfaeb/datanode-0/data/ratis/c8e3db15-c91e-4879-9bf1-b17624a78fbc does not exist. Creating ...
2019-09-25 11:53:41,156 [pool-227-thread-1] INFO  storage.RaftStorageDirectory (RaftStorageDirectory.java:tryLock(328)) - Lock on /workdir/hadoop-ozone/ozonefs/target/test-dir/MiniOzoneClusterImpl-4d965d96-9517-4212-af55-0cc3287bfaeb/datanode-0/data/ratis/c8e3db15-c91e-4879-9bf1-b17624a78fbc/in_use.lock acquired by nodename 25060@pr-hdds-1569-5gmkr-4255264070
2019-09-25 11:53:41,169 [pool-227-thread-1] INFO  storage.RaftStorage (RaftStorage.java:format(72)) - Storage directory /workdir/hadoop-ozone/ozonefs/target/test-dir/MiniOzoneClusterImpl-4d965d96-9517-4212-af55-0cc3287bfaeb/datanode-0/data/ratis/c8e3db15-c91e-4879-9bf1-b17624a78fbc has been successfully formatted.
2019-09-25 11:53:41,169 [pool-227-thread-1] INFO  ratis.ContainerStateMachine (ContainerStateMachine.java:loadSnapshot(230)) - group-B17624A78FBC: The snapshot info is null. Setting the last applied indexto:(t:0, i:~)
2019-09-25 11:53:41,170 [pool-227-thread-1] INFO  server.RaftServerConfigKeys (ConfUtils.java:logGet(43)) - raft.server.notification.no-leader.timeout = 120s (custom)
2019-09-25 11:53:41,170 [pool-227-thread-1] INFO  server.RaftServerConfigKeys (ConfUtils.java:logGet(43)) - raft.server.log.use.memory = false (default)
2019-09-25 11:53:41,170 [pool-227-thread-1] INFO  server.RaftServerConfigKeys (ConfUtils.java:logGet(43)) - raft.server.log.purge.gap = 1000000 (custom)
2019-09-25 11:53:41,170 [pool-227-thread-1] INFO  server.RaftServerConfigKeys (ConfUtils.java:logGet(43)) - raft.server.log.appender.buffer.byte-limit = 33554432 (custom)
2019-09-25 11:53:41,170 [pool-227-thread-1] INFO  server.RaftServerConfigKeys (ConfUtils.java:logGet(43)) - raft.server.log.segment.size.max = 1048576 (custom)
2019-09-25 11:53:41,170 [pool-227-thread-1] INFO  server.RaftServerConfigKeys (ConfUtils.java:logGet(43)) - raft.server.log.segment.cache.num.max = 2 (custom)
2019-09-25 11:53:41,170 [pool-227-thread-1] INFO  segmented.SegmentedRaftLogWorker (SegmentedRaftLogWorker.java:<init>(172)) - new 303dafdc-9735-46a1-812c-fb1ebd7b1011@group-B17624A78FBC-SegmentedRaftLogWorker for RaftStorage:Storage Directory /workdir/hadoop-ozone/ozonefs/target/test-dir/MiniOzoneClusterImpl-4d965d96-9517-4212-af55-0cc3287bfaeb/datanode-0/data/ratis/c8e3db15-c91e-4879-9bf1-b17624a78fbc
2019-09-25 11:53:41,170 [pool-227-thread-1] INFO  server.RaftServerConfigKeys (ConfUtils.java:logGet(43)) - raft.server.log.queue.byte-limit = 2147483647 (custom)
2019-09-25 11:53:41,170 [pool-227-thread-1] INFO  server.RaftServerConfigKeys (ConfUtils.java:logGet(43)) - raft.server.log.queue.element-limit = 1024 (custom)
2019-09-25 11:53:41,170 [pool-227-thread-1] INFO  server.RaftServerConfigKeys (ConfUtils.java:logGet(43)) - raft.server.log.segment.size.max = 1048576 (custom)
2019-09-25 11:53:41,170 [pool-227-thread-1] INFO  server.RaftServerConfigKeys (ConfUtils.java:logGet(43)) - raft.server.log.preallocated.size = 16384 (custom)
2019-09-25 11:53:41,170 [pool-227-thread-1] INFO  server.RaftServerConfigKeys (ConfUtils.java:logGet(43)) - raft.server.log.write.buffer.size = 33554432 (custom)
2019-09-25 11:53:41,171 [pool-227-thread-1] INFO  server.RaftServerConfigKeys (ConfUtils.java:logGet(43)) - raft.server.log.force.sync.num = 128 (default)
2019-09-25 11:53:41,171 [pool-227-thread-1] INFO  server.RaftServerConfigKeys (ConfUtils.java:logGet(43)) - raft.server.log.statemachine.data.sync = true (default)
2019-09-25 11:53:41,171 [pool-227-thread-1] INFO  server.RaftServerConfigKeys (ConfUtils.java:logGet(43)) - raft.server.log.statemachine.data.sync.timeout = 10s (default)
2019-09-25 11:53:41,171 [pool-227-thread-1] INFO  server.RaftServerConfigKeys (ConfUtils.java:logGet(43)) - raft.server.log.statemachine.data.sync.timeout.retry = -1 (default)
2019-09-25 11:53:41,171 [pool-227-thread-1] INFO  server.RaftServerConfigKeys (ConfUtils.java:logGet(43)) - raft.server.log.statemachine.data.caching.enabled = true (custom)
2019-09-25 11:53:41,171 [pool-227-thread-1] INFO  segmented.SegmentedRaftLogWorker (SegmentedRaftLogWorker.java:lambda$new$0(132)) - 303dafdc-9735-46a1-812c-fb1ebd7b1011@group-B17624A78FBC-SegmentedRaftLogWorker: flushIndex: setUnconditionally 0 -> -1
2019-09-25 11:53:41,171 [pool-227-thread-1] INFO  server.RaftServerConfigKeys (ConfUtils.java:logGet(43)) - raft.server.snapshot.auto.trigger.enabled = true (custom)
2019-09-25 11:53:41,171 [pool-227-thread-1] INFO  server.RaftServerConfigKeys (ConfUtils.java:logGet(43)) - raft.server.snapshot.auto.trigger.threshold = 10000 (custom)
2019-09-25 11:53:41,171 [pool-227-thread-1] INFO  server.RaftServerConfigKeys (ConfUtils.java:logGet(43)) - raft.server.snapshot.retention.num.files = 5 (custom)
2019-09-25 11:53:41,172 [pool-227-thread-1] INFO  server.RaftServerConfigKeys (ConfUtils.java:logGet(43)) - raft.server.retrycache.expirytime = 600000ms (custom)
2019-09-25 11:53:41,173 [pool-227-thread-1] INFO  impl.RaftServerImpl (RaftServerImpl.java:start(185)) - 303dafdc-9735-46a1-812c-fb1ebd7b1011@group-B17624A78FBC: start as a follower, conf=-1: [303dafdc-9735-46a1-812c-fb1ebd7b1011:192.168.30.6:37980], old=null
2019-09-25 11:53:41,173 [pool-227-thread-1] INFO  impl.RaftServerImpl (RaftServerImpl.java:setRole(174)) - 303dafdc-9735-46a1-812c-fb1ebd7b1011@group-B17624A78FBC: changes role from      null to FOLLOWER at term 0 for startAsFollower
2019-09-25 11:53:41,173 [pool-227-thread-1] INFO  impl.RoleInfo (RoleInfo.java:updateAndGet(143)) - 303dafdc-9735-46a1-812c-fb1ebd7b1011: start FollowerState
2019-09-25 11:53:41,173 [pool-227-thread-1] INFO  util.JmxRegister (JmxRegister.java:tryRegister(44)) - Successfully registered JMX Bean with object name Ratis:service=RaftServer,group=group-B17624A78FBC,id=303dafdc-9735-46a1-812c-fb1ebd7b1011
2019-09-25 11:53:41,175 [RatisPipelineUtilsThread] INFO  pipeline.PipelineStateManager (PipelineStateManager.java:addPipeline(56)) - Created pipeline Pipeline[ Id: c8e3db15-c91e-4879-9bf1-b17624a78fbc, Nodes: 303dafdc-9735-46a1-812c-fb1ebd7b1011{ip: 192.168.30.6, host: pr-hdds-1569-5gmkr-4255264070, networkLocation: /default-rack, certSerialId: null}, Type:RATIS, Factor:ONE, State:OPEN]
2019-09-25 11:53:41,180 [grpc-default-executor-0] INFO  impl.RaftServerProxy (RaftServerProxy.java:addNew(89)) - 303dafdc-9735-46a1-812c-fb1ebd7b1011: addNew group-4F96D8C173FC:[303dafdc-9735-46a1-812c-fb1ebd7b1011:192.168.30.6:37980] returns group-4F96D8C173FC:java.util.concurrent.CompletableFuture@6f9553c2[Not completed]
2019-09-25 11:53:41,180 [pool-227-thread-1] INFO  impl.RaftServerImpl (RaftServerImpl.java:<init>(95)) - 303dafdc-9735-46a1-812c-fb1ebd7b1011: new RaftServerImpl for group-4F96D8C173FC:[303dafdc-9735-46a1-812c-fb1ebd7b1011:192.168.30.6:37980] with ContainerStateMachine:uninitialized
2019-09-25 11:53:41,180 [pool-227-thread-1] INFO  server.RaftServerConfigKeys (ConfUtils.java:logGet(43)) - raft.server.rpc.timeout.min = 5s (custom)
2019-09-25 11:53:41,181 [pool-227-thread-1] INFO  server.RaftServerConfigKeys (ConfUtils.java:logGet(43)) - raft.server.rpc.timeout.max = 5200ms (custom)
2019-09-25 11:53:41,181 [pool-227-thread-1] INFO  server.RaftServerConfigKeys (ConfUtils.java:logGet(43)) - raft.server.rpcslowness.timeout = 120s (custom)
2019-09-25 11:53:41,181 [pool-227-thread-1] INFO  server.RaftServerConfigKeys (ConfUtils.java:logGet(43)) - raft.server.sleep.deviation.threshold = 300 (default)
2019-09-25 11:53:41,181 [pool-227-thread-1] INFO  server.RaftServerConfigKeys (ConfUtils.java:logGet(43)) - raft.server.log.appender.install.snapshot.enabled = false (custom)
2019-09-25 11:53:41,181 [pool-227-thread-1] INFO  impl.RaftServerImpl (ServerState.java:<init>(103)) - 303dafdc-9735-46a1-812c-fb1ebd7b1011@group-4F96D8C173FC: ConfigurationManager, init=-1: [303dafdc-9735-46a1-812c-fb1ebd7b1011:192.168.30.6:37980], old=null, confs=<EMPTY_MAP>
2019-09-25 11:53:41,181 [pool-227-thread-1] INFO  server.RaftServerConfigKeys (ConfUtils.java:logGet(43)) - raft.server.storage.dir = [/workdir/hadoop-ozone/ozonefs/target/test-dir/MiniOzoneClusterImpl-4d965d96-9517-4212-af55-0cc3287bfaeb/datanode-0/data/ratis] (custom)
2019-09-25 11:53:41,181 [pool-227-thread-1] INFO  storage.RaftStorageDirectory (RaftStorageDirectory.java:analyzeStorage(246)) - The storage directory /workdir/hadoop-ozone/ozonefs/target/test-dir/MiniOzoneClusterImpl-4d965d96-9517-4212-af55-0cc3287bfaeb/datanode-0/data/ratis/c14be86b-c117-4ea7-8802-4f96d8c173fc does not exist. Creating ...
2019-09-25 11:53:41,193 [pool-227-thread-1] INFO  storage.RaftStorageDirectory (RaftStorageDirectory.java:tryLock(328)) - Lock on /workdir/hadoop-ozone/ozonefs/target/test-dir/MiniOzoneClusterImpl-4d965d96-9517-4212-af55-0cc3287bfaeb/datanode-0/data/ratis/c14be86b-c117-4ea7-8802-4f96d8c173fc/in_use.lock acquired by nodename 25060@pr-hdds-1569-5gmkr-4255264070
2019-09-25 11:53:41,206 [pool-227-thread-1] INFO  storage.RaftStorage (RaftStorage.java:format(72)) - Storage directory /workdir/hadoop-ozone/ozonefs/target/test-dir/MiniOzoneClusterImpl-4d965d96-9517-4212-af55-0cc3287bfaeb/datanode-0/data/ratis/c14be86b-c117-4ea7-8802-4f96d8c173fc has been successfully formatted.
2019-09-25 11:53:41,206 [pool-227-thread-1] INFO  ratis.ContainerStateMachine (ContainerStateMachine.java:loadSnapshot(230)) - group-4F96D8C173FC: The snapshot info is null. Setting the last applied indexto:(t:0, i:~)
2019-09-25 11:53:41,206 [pool-227-thread-1] INFO  server.RaftServerConfigKeys (ConfUtils.java:logGet(43)) - raft.server.notification.no-leader.timeout = 120s (custom)
2019-09-25 11:53:41,206 [pool-227-thread-1] INFO  server.RaftServerConfigKeys (ConfUtils.java:logGet(43)) - raft.server.log.use.memory = false (default)
2019-09-25 11:53:41,206 [pool-227-thread-1] INFO  server.RaftServerConfigKeys (ConfUtils.java:logGet(43)) - raft.server.log.purge.gap = 1000000 (custom)
2019-09-25 11:53:41,207 [pool-227-thread-1] INFO  server.RaftServerConfigKeys (ConfUtils.java:logGet(43)) - raft.server.log.appender.buffer.byte-limit = 33554432 (custom)
2019-09-25 11:53:41,207 [pool-227-thread-1] INFO  server.RaftServerConfigKeys (ConfUtils.java:logGet(43)) - raft.server.log.segment.size.max = 1048576 (custom)
2019-09-25 11:53:41,207 [pool-227-thread-1] INFO  server.RaftServerConfigKeys (ConfUtils.java:logGet(43)) - raft.server.log.segment.cache.num.max = 2 (custom)
2019-09-25 11:53:41,207 [pool-227-thread-1] INFO  segmented.SegmentedRaftLogWorker (SegmentedRaftLogWorker.java:<init>(172)) - new 303dafdc-9735-46a1-812c-fb1ebd7b1011@group-4F96D8C173FC-SegmentedRaftLogWorker for RaftStorage:Storage Directory /workdir/hadoop-ozone/ozonefs/target/test-dir/MiniOzoneClusterImpl-4d965d96-9517-4212-af55-0cc3287bfaeb/datanode-0/data/ratis/c14be86b-c117-4ea7-8802-4f96d8c173fc
2019-09-25 11:53:41,207 [pool-227-thread-1] INFO  server.RaftServerConfigKeys (ConfUtils.java:logGet(43)) - raft.server.log.queue.byte-limit = 2147483647 (custom)
2019-09-25 11:53:41,207 [pool-227-thread-1] INFO  server.RaftServerConfigKeys (ConfUtils.java:logGet(43)) - raft.server.log.queue.element-limit = 1024 (custom)
2019-09-25 11:53:41,207 [pool-227-thread-1] INFO  server.RaftServerConfigKeys (ConfUtils.java:logGet(43)) - raft.server.log.segment.size.max = 1048576 (custom)
2019-09-25 11:53:41,207 [pool-227-thread-1] INFO  server.RaftServerConfigKeys (ConfUtils.java:logGet(43)) - raft.server.log.preallocated.size = 16384 (custom)
2019-09-25 11:53:41,207 [pool-227-thread-1] INFO  server.RaftServerConfigKeys (ConfUtils.java:logGet(43)) - raft.server.log.write.buffer.size = 33554432 (custom)
2019-09-25 11:53:41,207 [pool-227-thread-1] INFO  server.RaftServerConfigKeys (ConfUtils.java:logGet(43)) - raft.server.log.force.sync.num = 128 (default)
2019-09-25 11:53:41,207 [pool-227-thread-1] INFO  server.RaftServerConfigKeys (ConfUtils.java:logGet(43)) - raft.server.log.statemachine.data.sync = true (default)
2019-09-25 11:53:41,207 [pool-227-thread-1] INFO  server.RaftServerConfigKeys (ConfUtils.java:logGet(43)) - raft.server.log.statemachine.data.sync.timeout = 10s (default)
2019-09-25 11:53:41,208 [pool-227-thread-1] INFO  server.RaftServerConfigKeys (ConfUtils.java:logGet(43)) - raft.server.log.statemachine.data.sync.timeout.retry = -1 (default)
2019-09-25 11:53:41,208 [pool-227-thread-1] INFO  server.RaftServerConfigKeys (ConfUtils.java:logGet(43)) - raft.server.log.statemachine.data.caching.enabled = true (custom)
2019-09-25 11:53:41,208 [pool-227-thread-1] INFO  segmented.SegmentedRaftLogWorker (SegmentedRaftLogWorker.java:lambda$new$0(132)) - 303dafdc-9735-46a1-812c-fb1ebd7b1011@group-4F96D8C173FC-SegmentedRaftLogWorker: flushIndex: setUnconditionally 0 -> -1
2019-09-25 11:53:41,208 [pool-227-thread-1] INFO  server.RaftServerConfigKeys (ConfUtils.java:logGet(43)) - raft.server.snapshot.auto.trigger.enabled = true (custom)
2019-09-25 11:53:41,208 [pool-227-thread-1] INFO  server.RaftServerConfigKeys (ConfUtils.java:logGet(43)) - raft.server.snapshot.auto.trigger.threshold = 10000 (custom)
2019-09-25 11:53:41,208 [pool-227-thread-1] INFO  server.RaftServerConfigKeys (ConfUtils.java:logGet(43)) - raft.server.snapshot.retention.num.files = 5 (custom)
2019-09-25 11:53:41,208 [pool-227-thread-1] INFO  server.RaftServerConfigKeys (ConfUtils.java:logGet(43)) - raft.server.retrycache.expirytime = 600000ms (custom)
2019-09-25 11:53:41,210 [pool-227-thread-1] INFO  impl.RaftServerImpl (RaftServerImpl.java:start(185)) - 303dafdc-9735-46a1-812c-fb1ebd7b1011@group-4F96D8C173FC: start as a follower, conf=-1: [303dafdc-9735-46a1-812c-fb1ebd7b1011:192.168.30.6:37980], old=null
2019-09-25 11:53:41,210 [pool-227-thread-1] INFO  impl.RaftServerImpl (RaftServerImpl.java:setRole(174)) - 303dafdc-9735-46a1-812c-fb1ebd7b1011@group-4F96D8C173FC: changes role from      null to FOLLOWER at term 0 for startAsFollower
2019-09-25 11:53:41,210 [pool-227-thread-1] INFO  impl.RoleInfo (RoleInfo.java:updateAndGet(143)) - 303dafdc-9735-46a1-812c-fb1ebd7b1011: start FollowerState
2019-09-25 11:53:41,210 [pool-227-thread-1] INFO  util.JmxRegister (JmxRegister.java:tryRegister(44)) - Successfully registered JMX Bean with object name Ratis:service=RaftServer,group=group-4F96D8C173FC,id=303dafdc-9735-46a1-812c-fb1ebd7b1011
2019-09-25 11:53:41,212 [RatisPipelineUtilsThread] INFO  pipeline.PipelineStateManager (PipelineStateManager.java:addPipeline(56)) - Created pipeline Pipeline[ Id: c14be86b-c117-4ea7-8802-4f96d8c173fc, Nodes: 303dafdc-9735-46a1-812c-fb1ebd7b1011{ip: 192.168.30.6, host: pr-hdds-1569-5gmkr-4255264070, networkLocation: /default-rack, certSerialId: null}, Type:RATIS, Factor:ONE, State:OPEN]
2019-09-25 11:53:41,216 [grpc-default-executor-0] INFO  impl.RaftServerProxy (RaftServerProxy.java:addNew(89)) - 303dafdc-9735-46a1-812c-fb1ebd7b1011: addNew group-8F588686F33B:[303dafdc-9735-46a1-812c-fb1ebd7b1011:192.168.30.6:37980] returns group-8F588686F33B:java.util.concurrent.CompletableFuture@68f3a696[Not completed]
2019-09-25 11:53:41,217 [pool-227-thread-1] INFO  impl.RaftServerImpl (RaftServerImpl.java:<init>(95)) - 303dafdc-9735-46a1-812c-fb1ebd7b1011: new RaftServerImpl for group-8F588686F33B:[303dafdc-9735-46a1-812c-fb1ebd7b1011:192.168.30.6:37980] with ContainerStateMachine:uninitialized
2019-09-25 11:53:41,217 [pool-227-thread-1] INFO  server.RaftServerConfigKeys (ConfUtils.java:logGet(43)) - raft.server.rpc.timeout.min = 5s (custom)
2019-09-25 11:53:41,217 [pool-227-thread-1] INFO  server.RaftServerConfigKeys (ConfUtils.java:logGet(43)) - raft.server.rpc.timeout.max = 5200ms (custom)
2019-09-25 11:53:41,217 [pool-227-thread-1] INFO  server.RaftServerConfigKeys (ConfUtils.java:logGet(43)) - raft.server.rpcslowness.timeout = 120s (custom)
2019-09-25 11:53:41,217 [pool-227-thread-1] INFO  server.RaftServerConfigKeys (ConfUtils.java:logGet(43)) - raft.server.sleep.deviation.threshold = 300 (default)
2019-09-25 11:53:41,218 [pool-227-thread-1] INFO  server.RaftServerConfigKeys (ConfUtils.java:logGet(43)) - raft.server.log.appender.install.snapshot.enabled = false (custom)
2019-09-25 11:53:41,218 [pool-227-thread-1] INFO  impl.RaftServerImpl (ServerState.java:<init>(103)) - 303dafdc-9735-46a1-812c-fb1ebd7b1011@group-8F588686F33B: ConfigurationManager, init=-1: [303dafdc-9735-46a1-812c-fb1ebd7b1011:192.168.30.6:37980], old=null, confs=<EMPTY_MAP>
2019-09-25 11:53:41,218 [pool-227-thread-1] INFO  server.RaftServerConfigKeys (ConfUtils.java:logGet(43)) - raft.server.storage.dir = [/workdir/hadoop-ozone/ozonefs/target/test-dir/MiniOzoneClusterImpl-4d965d96-9517-4212-af55-0cc3287bfaeb/datanode-0/data/ratis] (custom)
2019-09-25 11:53:41,218 [pool-227-thread-1] INFO  storage.RaftStorageDirectory (RaftStorageDirectory.java:analyzeStorage(246)) - The storage directory /workdir/hadoop-ozone/ozonefs/target/test-dir/MiniOzoneClusterImpl-4d965d96-9517-4212-af55-0cc3287bfaeb/datanode-0/data/ratis/d4f67d94-b13c-4952-b8ff-8f588686f33b does not exist. Creating ...
2019-09-25 11:53:41,223 [pool-227-thread-1] INFO  storage.RaftStorageDirectory (RaftStorageDirectory.java:tryLock(328)) - Lock on /workdir/hadoop-ozone/ozonefs/target/test-dir/MiniOzoneClusterImpl-4d965d96-9517-4212-af55-0cc3287bfaeb/datanode-0/data/ratis/d4f67d94-b13c-4952-b8ff-8f588686f33b/in_use.lock acquired by nodename 25060@pr-hdds-1569-5gmkr-4255264070
2019-09-25 11:53:41,236 [pool-227-thread-1] INFO  storage.RaftStorage (RaftStorage.java:format(72)) - Storage directory /workdir/hadoop-ozone/ozonefs/target/test-dir/MiniOzoneClusterImpl-4d965d96-9517-4212-af55-0cc3287bfaeb/datanode-0/data/ratis/d4f67d94-b13c-4952-b8ff-8f588686f33b has been successfully formatted.
2019-09-25 11:53:41,236 [pool-227-thread-1] INFO  ratis.ContainerStateMachine (ContainerStateMachine.java:loadSnapshot(230)) - group-8F588686F33B: The snapshot info is null. Setting the last applied indexto:(t:0, i:~)
2019-09-25 11:53:41,236 [pool-227-thread-1] INFO  server.RaftServerConfigKeys (ConfUtils.java:logGet(43)) - raft.server.notification.no-leader.timeout = 120s (custom)
2019-09-25 11:53:41,236 [pool-227-thread-1] INFO  server.RaftServerConfigKeys (ConfUtils.java:logGet(43)) - raft.server.log.use.memory = false (default)
2019-09-25 11:53:41,236 [pool-227-thread-1] INFO  server.RaftServerConfigKeys (ConfUtils.java:logGet(43)) - raft.server.log.purge.gap = 1000000 (custom)
2019-09-25 11:53:41,236 [pool-227-thread-1] INFO  server.RaftServerConfigKeys (ConfUtils.java:logGet(43)) - raft.server.log.appender.buffer.byte-limit = 33554432 (custom)
2019-09-25 11:53:41,236 [pool-227-thread-1] INFO  server.RaftServerConfigKeys (ConfUtils.java:logGet(43)) - raft.server.log.segment.size.max = 1048576 (custom)
2019-09-25 11:53:41,237 [pool-227-thread-1] INFO  server.RaftServerConfigKeys (ConfUtils.java:logGet(43)) - raft.server.log.segment.cache.num.max = 2 (custom)
2019-09-25 11:53:41,237 [pool-227-thread-1] INFO  segmented.SegmentedRaftLogWorker (SegmentedRaftLogWorker.java:<init>(172)) - new 303dafdc-9735-46a1-812c-fb1ebd7b1011@group-8F588686F33B-SegmentedRaftLogWorker for RaftStorage:Storage Directory /workdir/hadoop-ozone/ozonefs/target/test-dir/MiniOzoneClusterImpl-4d965d96-9517-4212-af55-0cc3287bfaeb/datanode-0/data/ratis/d4f67d94-b13c-4952-b8ff-8f588686f33b
2019-09-25 11:53:41,237 [pool-227-thread-1] INFO  server.RaftServerConfigKeys (ConfUtils.java:logGet(43)) - raft.server.log.queue.byte-limit = 2147483647 (custom)
2019-09-25 11:53:41,237 [pool-227-thread-1] INFO  server.RaftServerConfigKeys (ConfUtils.java:logGet(43)) - raft.server.log.queue.element-limit = 1024 (custom)
2019-09-25 11:53:41,237 [pool-227-thread-1] INFO  server.RaftServerConfigKeys (ConfUtils.java:logGet(43)) - raft.server.log.segment.size.max = 1048576 (custom)
2019-09-25 11:53:41,237 [pool-227-thread-1] INFO  server.RaftServerConfigKeys (ConfUtils.java:logGet(43)) - raft.server.log.preallocated.size = 16384 (custom)
2019-09-25 11:53:41,237 [pool-227-thread-1] INFO  server.RaftServerConfigKeys (ConfUtils.java:logGet(43)) - raft.server.log.write.buffer.size = 33554432 (custom)
2019-09-25 11:53:41,237 [pool-227-thread-1] INFO  server.RaftServerConfigKeys (ConfUtils.java:logGet(43)) - raft.server.log.force.sync.num = 128 (default)
2019-09-25 11:53:41,237 [pool-227-thread-1] INFO  server.RaftServerConfigKeys (ConfUtils.java:logGet(43)) - raft.server.log.statemachine.data.sync = true (default)
2019-09-25 11:53:41,237 [pool-227-thread-1] INFO  server.RaftServerConfigKeys (ConfUtils.java:logGet(43)) - raft.server.log.statemachine.data.sync.timeout = 10s (default)
2019-09-25 11:53:41,238 [pool-227-thread-1] INFO  server.RaftServerConfigKeys (ConfUtils.java:logGet(43)) - raft.server.log.statemachine.data.sync.timeout.retry = -1 (default)
2019-09-25 11:53:41,238 [pool-227-thread-1] INFO  server.RaftServerConfigKeys (ConfUtils.java:logGet(43)) - raft.server.log.statemachine.data.caching.enabled = true (custom)
2019-09-25 11:53:41,238 [pool-227-thread-1] INFO  segmented.SegmentedRaftLogWorker (SegmentedRaftLogWorker.java:lambda$new$0(132)) - 303dafdc-9735-46a1-812c-fb1ebd7b1011@group-8F588686F33B-SegmentedRaftLogWorker: flushIndex: setUnconditionally 0 -> -1
2019-09-25 11:53:41,238 [pool-227-thread-1] INFO  server.RaftServerConfigKeys (ConfUtils.java:logGet(43)) - raft.server.snapshot.auto.trigger.enabled = true (custom)
2019-09-25 11:53:41,238 [pool-227-thread-1] INFO  server.RaftServerConfigKeys (ConfUtils.java:logGet(43)) - raft.server.snapshot.auto.trigger.threshold = 10000 (custom)
2019-09-25 11:53:41,238 [pool-227-thread-1] INFO  server.RaftServerConfigKeys (ConfUtils.java:logGet(43)) - raft.server.snapshot.retention.num.files = 5 (custom)
2019-09-25 11:53:41,238 [pool-227-thread-1] INFO  server.RaftServerConfigKeys (ConfUtils.java:logGet(43)) - raft.server.retrycache.expirytime = 600000ms (custom)
2019-09-25 11:53:41,240 [pool-227-thread-1] INFO  impl.RaftServerImpl (RaftServerImpl.java:start(185)) - 303dafdc-9735-46a1-812c-fb1ebd7b1011@group-8F588686F33B: start as a follower, conf=-1: [303dafdc-9735-46a1-812c-fb1ebd7b1011:192.168.30.6:37980], old=null
2019-09-25 11:53:41,240 [pool-227-thread-1] INFO  impl.RaftServerImpl (RaftServerImpl.java:setRole(174)) - 303dafdc-9735-46a1-812c-fb1ebd7b1011@group-8F588686F33B: changes role from      null to FOLLOWER at term 0 for startAsFollower
2019-09-25 11:53:41,240 [pool-227-thread-1] INFO  impl.RoleInfo (RoleInfo.java:updateAndGet(143)) - 303dafdc-9735-46a1-812c-fb1ebd7b1011: start FollowerState
2019-09-25 11:53:41,240 [pool-227-thread-1] INFO  util.JmxRegister (JmxRegister.java:tryRegister(44)) - Successfully registered JMX Bean with object name Ratis:service=RaftServer,group=group-8F588686F33B,id=303dafdc-9735-46a1-812c-fb1ebd7b1011
2019-09-25 11:53:41,243 [RatisPipelineUtilsThread] INFO  pipeline.PipelineStateManager (PipelineStateManager.java:addPipeline(56)) - Created pipeline Pipeline[ Id: d4f67d94-b13c-4952-b8ff-8f588686f33b, Nodes: 303dafdc-9735-46a1-812c-fb1ebd7b1011{ip: 192.168.30.6, host: pr-hdds-1569-5gmkr-4255264070, networkLocation: /default-rack, certSerialId: null}, Type:RATIS, Factor:ONE, State:OPEN]
2019-09-25 11:53:41,247 [grpc-default-executor-0] INFO  impl.RaftServerProxy (RaftServerProxy.java:addNew(89)) - e7427295-9757-4d0b-b6e1-b46374f24996: addNew group-53C7477067DD:[e7427295-9757-4d0b-b6e1-b46374f24996:192.168.30.6:40322] returns group-53C7477067DD:java.util.concurrent.CompletableFuture@66566073[Not completed]
2019-09-25 11:53:41,249 [pool-237-thread-1] INFO  impl.RaftServerImpl (RaftServerImpl.java:<init>(95)) - e7427295-9757-4d0b-b6e1-b46374f24996: new RaftServerImpl for group-53C7477067DD:[e7427295-9757-4d0b-b6e1-b46374f24996:192.168.30.6:40322] with ContainerStateMachine:uninitialized
2019-09-25 11:53:41,249 [pool-237-thread-1] INFO  server.RaftServerConfigKeys (ConfUtils.java:logGet(43)) - raft.server.rpc.timeout.min = 5s (custom)
2019-09-25 11:53:41,249 [pool-237-thread-1] INFO  server.RaftServerConfigKeys (ConfUtils.java:logGet(43)) - raft.server.rpc.timeout.max = 5200ms (custom)
2019-09-25 11:53:41,249 [pool-237-thread-1] INFO  server.RaftServerConfigKeys (ConfUtils.java:logGet(43)) - raft.server.rpcslowness.timeout = 120s (custom)
2019-09-25 11:53:41,250 [pool-237-thread-1] INFO  server.RaftServerConfigKeys (ConfUtils.java:logGet(43)) - raft.server.sleep.deviation.threshold = 300 (default)
2019-09-25 11:53:41,250 [pool-237-thread-1] INFO  server.RaftServerConfigKeys (ConfUtils.java:logGet(43)) - raft.server.log.appender.install.snapshot.enabled = false (custom)
2019-09-25 11:53:41,250 [pool-237-thread-1] INFO  impl.RaftServerImpl (ServerState.java:<init>(103)) - e7427295-9757-4d0b-b6e1-b46374f24996@group-53C7477067DD: ConfigurationManager, init=-1: [e7427295-9757-4d0b-b6e1-b46374f24996:192.168.30.6:40322], old=null, confs=<EMPTY_MAP>
2019-09-25 11:53:41,250 [pool-237-thread-1] INFO  server.RaftServerConfigKeys (ConfUtils.java:logGet(43)) - raft.server.storage.dir = [/workdir/hadoop-ozone/ozonefs/target/test-dir/MiniOzoneClusterImpl-4d965d96-9517-4212-af55-0cc3287bfaeb/datanode-1/data/ratis] (custom)
2019-09-25 11:53:41,250 [pool-237-thread-1] INFO  storage.RaftStorageDirectory (RaftStorageDirectory.java:analyzeStorage(246)) - The storage directory /workdir/hadoop-ozone/ozonefs/target/test-dir/MiniOzoneClusterImpl-4d965d96-9517-4212-af55-0cc3287bfaeb/datanode-1/data/ratis/e2d20d2b-29e5-4dc0-8213-53c7477067dd does not exist. Creating ...
2019-09-25 11:53:41,262 [pool-237-thread-1] INFO  storage.RaftStorageDirectory (RaftStorageDirectory.java:tryLock(328)) - Lock on /workdir/hadoop-ozone/ozonefs/target/test-dir/MiniOzoneClusterImpl-4d965d96-9517-4212-af55-0cc3287bfaeb/datanode-1/data/ratis/e2d20d2b-29e5-4dc0-8213-53c7477067dd/in_use.lock acquired by nodename 25060@pr-hdds-1569-5gmkr-4255264070
2019-09-25 11:53:41,281 [pool-237-thread-1] INFO  storage.RaftStorage (RaftStorage.java:format(72)) - Storage directory /workdir/hadoop-ozone/ozonefs/target/test-dir/MiniOzoneClusterImpl-4d965d96-9517-4212-af55-0cc3287bfaeb/datanode-1/data/ratis/e2d20d2b-29e5-4dc0-8213-53c7477067dd has been successfully formatted.
2019-09-25 11:53:41,281 [pool-237-thread-1] INFO  ratis.ContainerStateMachine (ContainerStateMachine.java:loadSnapshot(230)) - group-53C7477067DD: The snapshot info is null. Setting the last applied indexto:(t:0, i:~)
2019-09-25 11:53:41,281 [pool-237-thread-1] INFO  server.RaftServerConfigKeys (ConfUtils.java:logGet(43)) - raft.server.notification.no-leader.timeout = 120s (custom)
2019-09-25 11:53:41,282 [pool-237-thread-1] INFO  server.RaftServerConfigKeys (ConfUtils.java:logGet(43)) - raft.server.log.use.memory = false (default)
2019-09-25 11:53:41,282 [pool-237-thread-1] INFO  server.RaftServerConfigKeys (ConfUtils.java:logGet(43)) - raft.server.log.purge.gap = 1000000 (custom)
2019-09-25 11:53:41,282 [pool-237-thread-1] INFO  server.RaftServerConfigKeys (ConfUtils.java:logGet(43)) - raft.server.log.appender.buffer.byte-limit = 33554432 (custom)
2019-09-25 11:53:41,282 [pool-237-thread-1] INFO  server.RaftServerConfigKeys (ConfUtils.java:logGet(43)) - raft.server.log.segment.size.max = 1048576 (custom)
2019-09-25 11:53:41,282 [pool-237-thread-1] INFO  server.RaftServerConfigKeys (ConfUtils.java:logGet(43)) - raft.server.log.segment.cache.num.max = 2 (custom)
2019-09-25 11:53:41,282 [pool-237-thread-1] INFO  segmented.SegmentedRaftLogWorker (SegmentedRaftLogWorker.java:<init>(172)) - new e7427295-9757-4d0b-b6e1-b46374f24996@group-53C7477067DD-SegmentedRaftLogWorker for RaftStorage:Storage Directory /workdir/hadoop-ozone/ozonefs/target/test-dir/MiniOzoneClusterImpl-4d965d96-9517-4212-af55-0cc3287bfaeb/datanode-1/data/ratis/e2d20d2b-29e5-4dc0-8213-53c7477067dd
2019-09-25 11:53:41,283 [pool-237-thread-1] INFO  server.RaftServerConfigKeys (ConfUtils.java:logGet(43)) - raft.server.log.queue.byte-limit = 2147483647 (custom)
2019-09-25 11:53:41,283 [pool-237-thread-1] INFO  server.RaftServerConfigKeys (ConfUtils.java:logGet(43)) - raft.server.log.queue.element-limit = 1024 (custom)
2019-09-25 11:53:41,283 [pool-237-thread-1] INFO  server.RaftServerConfigKeys (ConfUtils.java:logGet(43)) - raft.server.log.segment.size.max = 1048576 (custom)
2019-09-25 11:53:41,283 [pool-237-thread-1] INFO  server.RaftServerConfigKeys (ConfUtils.java:logGet(43)) - raft.server.log.preallocated.size = 16384 (custom)
2019-09-25 11:53:41,283 [pool-237-thread-1] INFO  server.RaftServerConfigKeys (ConfUtils.java:logGet(43)) - raft.server.log.write.buffer.size = 33554432 (custom)
2019-09-25 11:53:41,283 [pool-237-thread-1] INFO  server.RaftServerConfigKeys (ConfUtils.java:logGet(43)) - raft.server.log.force.sync.num = 128 (default)
2019-09-25 11:53:41,283 [pool-237-thread-1] INFO  server.RaftServerConfigKeys (ConfUtils.java:logGet(43)) - raft.server.log.statemachine.data.sync = true (default)
2019-09-25 11:53:41,284 [pool-237-thread-1] INFO  server.RaftServerConfigKeys (ConfUtils.java:logGet(43)) - raft.server.log.statemachine.data.sync.timeout = 10s (default)
2019-09-25 11:53:41,284 [pool-237-thread-1] INFO  server.RaftServerConfigKeys (ConfUtils.java:logGet(43)) - raft.server.log.statemachine.data.sync.timeout.retry = -1 (default)
2019-09-25 11:53:41,284 [pool-237-thread-1] INFO  server.RaftServerConfigKeys (ConfUtils.java:logGet(43)) - raft.server.log.statemachine.data.caching.enabled = true (custom)
2019-09-25 11:53:41,284 [pool-237-thread-1] INFO  segmented.SegmentedRaftLogWorker (SegmentedRaftLogWorker.java:lambda$new$0(132)) - e7427295-9757-4d0b-b6e1-b46374f24996@group-53C7477067DD-SegmentedRaftLogWorker: flushIndex: setUnconditionally 0 -> -1
2019-09-25 11:53:41,285 [pool-237-thread-1] INFO  server.RaftServerConfigKeys (ConfUtils.java:logGet(43)) - raft.server.snapshot.auto.trigger.enabled = true (custom)
2019-09-25 11:53:41,285 [pool-237-thread-1] INFO  server.RaftServerConfigKeys (ConfUtils.java:logGet(43)) - raft.server.snapshot.auto.trigger.threshold = 10000 (custom)
2019-09-25 11:53:41,285 [pool-237-thread-1] INFO  server.RaftServerConfigKeys (ConfUtils.java:logGet(43)) - raft.server.snapshot.retention.num.files = 5 (custom)
2019-09-25 11:53:41,285 [pool-237-thread-1] INFO  server.RaftServerConfigKeys (ConfUtils.java:logGet(43)) - raft.server.retrycache.expirytime = 600000ms (custom)
2019-09-25 11:53:41,287 [pool-237-thread-1] INFO  impl.RaftServerImpl (RaftServerImpl.java:start(185)) - e7427295-9757-4d0b-b6e1-b46374f24996@group-53C7477067DD: start as a follower, conf=-1: [e7427295-9757-4d0b-b6e1-b46374f24996:192.168.30.6:40322], old=null
2019-09-25 11:53:41,287 [pool-237-thread-1] INFO  impl.RaftServerImpl (RaftServerImpl.java:setRole(174)) - e7427295-9757-4d0b-b6e1-b46374f24996@group-53C7477067DD: changes role from      null to FOLLOWER at term 0 for startAsFollower
2019-09-25 11:53:41,288 [pool-237-thread-1] INFO  impl.RoleInfo (RoleInfo.java:updateAndGet(143)) - e7427295-9757-4d0b-b6e1-b46374f24996: start FollowerState
2019-09-25 11:53:41,288 [pool-237-thread-1] INFO  util.JmxRegister (JmxRegister.java:tryRegister(44)) - Successfully registered JMX Bean with object name Ratis:service=RaftServer,group=group-53C7477067DD,id=e7427295-9757-4d0b-b6e1-b46374f24996
2019-09-25 11:53:41,290 [RatisPipelineUtilsThread] INFO  pipeline.PipelineStateManager (PipelineStateManager.java:addPipeline(56)) - Created pipeline Pipeline[ Id: e2d20d2b-29e5-4dc0-8213-53c7477067dd, Nodes: e7427295-9757-4d0b-b6e1-b46374f24996{ip: 192.168.30.6, host: pr-hdds-1569-5gmkr-4255264070, networkLocation: /default-rack, certSerialId: null}, Type:RATIS, Factor:ONE, State:OPEN]
2019-09-25 11:53:41,296 [grpc-default-executor-0] INFO  impl.RaftServerProxy (RaftServerProxy.java:addNew(89)) - 4b163e73-9124-45c5-8da1-c8a8a9e20704: addNew group-05A4357A26DD:[4b163e73-9124-45c5-8da1-c8a8a9e20704:192.168.30.6:35803] returns group-05A4357A26DD:java.util.concurrent.CompletableFuture@719a04d3[Not completed]
2019-09-25 11:53:41,298 [pool-247-thread-1] INFO  impl.RaftServerImpl (RaftServerImpl.java:<init>(95)) - 4b163e73-9124-45c5-8da1-c8a8a9e20704: new RaftServerImpl for group-05A4357A26DD:[4b163e73-9124-45c5-8da1-c8a8a9e20704:192.168.30.6:35803] with ContainerStateMachine:uninitialized
2019-09-25 11:53:41,298 [pool-247-thread-1] INFO  server.RaftServerConfigKeys (ConfUtils.java:logGet(43)) - raft.server.rpc.timeout.min = 5s (custom)
2019-09-25 11:53:41,298 [pool-247-thread-1] INFO  server.RaftServerConfigKeys (ConfUtils.java:logGet(43)) - raft.server.rpc.timeout.max = 5200ms (custom)
2019-09-25 11:53:41,298 [pool-247-thread-1] INFO  server.RaftServerConfigKeys (ConfUtils.java:logGet(43)) - raft.server.rpcslowness.timeout = 120s (custom)
2019-09-25 11:53:41,298 [pool-247-thread-1] INFO  server.RaftServerConfigKeys (ConfUtils.java:logGet(43)) - raft.server.sleep.deviation.threshold = 300 (default)
2019-09-25 11:53:41,298 [pool-247-thread-1] INFO  server.RaftServerConfigKeys (ConfUtils.java:logGet(43)) - raft.server.log.appender.install.snapshot.enabled = false (custom)
2019-09-25 11:53:41,299 [pool-247-thread-1] INFO  impl.RaftServerImpl (ServerState.java:<init>(103)) - 4b163e73-9124-45c5-8da1-c8a8a9e20704@group-05A4357A26DD: ConfigurationManager, init=-1: [4b163e73-9124-45c5-8da1-c8a8a9e20704:192.168.30.6:35803], old=null, confs=<EMPTY_MAP>
2019-09-25 11:53:41,299 [pool-247-thread-1] INFO  server.RaftServerConfigKeys (ConfUtils.java:logGet(43)) - raft.server.storage.dir = [/workdir/hadoop-ozone/ozonefs/target/test-dir/MiniOzoneClusterImpl-4d965d96-9517-4212-af55-0cc3287bfaeb/datanode-2/data/ratis] (custom)
2019-09-25 11:53:41,299 [pool-247-thread-1] INFO  storage.RaftStorageDirectory (RaftStorageDirectory.java:analyzeStorage(246)) - The storage directory /workdir/hadoop-ozone/ozonefs/target/test-dir/MiniOzoneClusterImpl-4d965d96-9517-4212-af55-0cc3287bfaeb/datanode-2/data/ratis/fad6ad58-9bfa-4258-8c8b-05a4357a26dd does not exist. Creating ...
2019-09-25 11:53:41,312 [pool-247-thread-1] INFO  storage.RaftStorageDirectory (RaftStorageDirectory.java:tryLock(328)) - Lock on /workdir/hadoop-ozone/ozonefs/target/test-dir/MiniOzoneClusterImpl-4d965d96-9517-4212-af55-0cc3287bfaeb/datanode-2/data/ratis/fad6ad58-9bfa-4258-8c8b-05a4357a26dd/in_use.lock acquired by nodename 25060@pr-hdds-1569-5gmkr-4255264070
2019-09-25 11:53:41,325 [pool-247-thread-1] INFO  storage.RaftStorage (RaftStorage.java:format(72)) - Storage directory /workdir/hadoop-ozone/ozonefs/target/test-dir/MiniOzoneClusterImpl-4d965d96-9517-4212-af55-0cc3287bfaeb/datanode-2/data/ratis/fad6ad58-9bfa-4258-8c8b-05a4357a26dd has been successfully formatted.
2019-09-25 11:53:41,325 [pool-247-thread-1] INFO  ratis.ContainerStateMachine (ContainerStateMachine.java:loadSnapshot(230)) - group-05A4357A26DD: The snapshot info is null. Setting the last applied indexto:(t:0, i:~)
2019-09-25 11:53:41,325 [pool-247-thread-1] INFO  server.RaftServerConfigKeys (ConfUtils.java:logGet(43)) - raft.server.notification.no-leader.timeout = 120s (custom)
2019-09-25 11:53:41,325 [pool-247-thread-1] INFO  server.RaftServerConfigKeys (ConfUtils.java:logGet(43)) - raft.server.log.use.memory = false (default)
2019-09-25 11:53:41,326 [pool-247-thread-1] INFO  server.RaftServerConfigKeys (ConfUtils.java:logGet(43)) - raft.server.log.purge.gap = 1000000 (custom)
2019-09-25 11:53:41,326 [pool-247-thread-1] INFO  server.RaftServerConfigKeys (ConfUtils.java:logGet(43)) - raft.server.log.appender.buffer.byte-limit = 33554432 (custom)
2019-09-25 11:53:41,326 [pool-247-thread-1] INFO  server.RaftServerConfigKeys (ConfUtils.java:logGet(43)) - raft.server.log.segment.size.max = 1048576 (custom)
2019-09-25 11:53:41,326 [pool-247-thread-1] INFO  server.RaftServerConfigKeys (ConfUtils.java:logGet(43)) - raft.server.log.segment.cache.num.max = 2 (custom)
2019-09-25 11:53:41,326 [pool-247-thread-1] INFO  segmented.SegmentedRaftLogWorker (SegmentedRaftLogWorker.java:<init>(172)) - new 4b163e73-9124-45c5-8da1-c8a8a9e20704@group-05A4357A26DD-SegmentedRaftLogWorker for RaftStorage:Storage Directory /workdir/hadoop-ozone/ozonefs/target/test-dir/MiniOzoneClusterImpl-4d965d96-9517-4212-af55-0cc3287bfaeb/datanode-2/data/ratis/fad6ad58-9bfa-4258-8c8b-05a4357a26dd
2019-09-25 11:53:41,328 [pool-247-thread-1] INFO  server.RaftServerConfigKeys (ConfUtils.java:logGet(43)) - raft.server.log.queue.byte-limit = 2147483647 (custom)
2019-09-25 11:53:41,328 [pool-247-thread-1] INFO  server.RaftServerConfigKeys (ConfUtils.java:logGet(43)) - raft.server.log.queue.element-limit = 1024 (custom)
2019-09-25 11:53:41,328 [pool-247-thread-1] INFO  server.RaftServerConfigKeys (ConfUtils.java:logGet(43)) - raft.server.log.segment.size.max = 1048576 (custom)
2019-09-25 11:53:41,328 [pool-247-thread-1] INFO  server.RaftServerConfigKeys (ConfUtils.java:logGet(43)) - raft.server.log.preallocated.size = 16384 (custom)
2019-09-25 11:53:41,329 [pool-247-thread-1] INFO  server.RaftServerConfigKeys (ConfUtils.java:logGet(43)) - raft.server.log.write.buffer.size = 33554432 (custom)
2019-09-25 11:53:41,329 [pool-247-thread-1] INFO  server.RaftServerConfigKeys (ConfUtils.java:logGet(43)) - raft.server.log.force.sync.num = 128 (default)
2019-09-25 11:53:41,329 [pool-247-thread-1] INFO  server.RaftServerConfigKeys (ConfUtils.java:logGet(43)) - raft.server.log.statemachine.data.sync = true (default)
2019-09-25 11:53:41,329 [pool-247-thread-1] INFO  server.RaftServerConfigKeys (ConfUtils.java:logGet(43)) - raft.server.log.statemachine.data.sync.timeout = 10s (default)
2019-09-25 11:53:41,329 [pool-247-thread-1] INFO  server.RaftServerConfigKeys (ConfUtils.java:logGet(43)) - raft.server.log.statemachine.data.sync.timeout.retry = -1 (default)
2019-09-25 11:53:41,329 [pool-247-thread-1] INFO  server.RaftServerConfigKeys (ConfUtils.java:logGet(43)) - raft.server.log.statemachine.data.caching.enabled = true (custom)
2019-09-25 11:53:41,330 [pool-247-thread-1] INFO  segmented.SegmentedRaftLogWorker (SegmentedRaftLogWorker.java:lambda$new$0(132)) - 4b163e73-9124-45c5-8da1-c8a8a9e20704@group-05A4357A26DD-SegmentedRaftLogWorker: flushIndex: setUnconditionally 0 -> -1
2019-09-25 11:53:41,330 [pool-247-thread-1] INFO  server.RaftServerConfigKeys (ConfUtils.java:logGet(43)) - raft.server.snapshot.auto.trigger.enabled = true (custom)
2019-09-25 11:53:41,330 [pool-247-thread-1] INFO  server.RaftServerConfigKeys (ConfUtils.java:logGet(43)) - raft.server.snapshot.auto.trigger.threshold = 10000 (custom)
2019-09-25 11:53:41,330 [pool-247-thread-1] INFO  server.RaftServerConfigKeys (ConfUtils.java:logGet(43)) - raft.server.snapshot.retention.num.files = 5 (custom)
2019-09-25 11:53:41,330 [pool-247-thread-1] INFO  server.RaftServerConfigKeys (ConfUtils.java:logGet(43)) - raft.server.retrycache.expirytime = 600000ms (custom)
2019-09-25 11:53:41,332 [pool-247-thread-1] INFO  impl.RaftServerImpl (RaftServerImpl.java:start(185)) - 4b163e73-9124-45c5-8da1-c8a8a9e20704@group-05A4357A26DD: start as a follower, conf=-1: [4b163e73-9124-45c5-8da1-c8a8a9e20704:192.168.30.6:35803], old=null
2019-09-25 11:53:41,332 [pool-247-thread-1] INFO  impl.RaftServerImpl (RaftServerImpl.java:setRole(174)) - 4b163e73-9124-45c5-8da1-c8a8a9e20704@group-05A4357A26DD: changes role from      null to FOLLOWER at term 0 for startAsFollower
2019-09-25 11:53:41,332 [pool-247-thread-1] INFO  impl.RoleInfo (RoleInfo.java:updateAndGet(143)) - 4b163e73-9124-45c5-8da1-c8a8a9e20704: start FollowerState
2019-09-25 11:53:41,333 [pool-247-thread-1] INFO  util.JmxRegister (JmxRegister.java:tryRegister(44)) - Successfully registered JMX Bean with object name Ratis:service=RaftServer,group=group-05A4357A26DD,id=4b163e73-9124-45c5-8da1-c8a8a9e20704
2019-09-25 11:53:41,336 [RatisPipelineUtilsThread] INFO  pipeline.PipelineStateManager (PipelineStateManager.java:addPipeline(56)) - Created pipeline Pipeline[ Id: fad6ad58-9bfa-4258-8c8b-05a4357a26dd, Nodes: 4b163e73-9124-45c5-8da1-c8a8a9e20704{ip: 192.168.30.6, host: pr-hdds-1569-5gmkr-4255264070, networkLocation: /default-rack, certSerialId: null}, Type:RATIS, Factor:ONE, State:OPEN]
2019-09-25 11:53:41,340 [grpc-default-executor-0] INFO  impl.RaftServerProxy (RaftServerProxy.java:addNew(89)) - e7427295-9757-4d0b-b6e1-b46374f24996: addNew group-3042991A22E7:[e7427295-9757-4d0b-b6e1-b46374f24996:192.168.30.6:40322] returns group-3042991A22E7:java.util.concurrent.CompletableFuture@7660882b[Not completed]
2019-09-25 11:53:41,342 [pool-237-thread-1] INFO  impl.RaftServerImpl (RaftServerImpl.java:<init>(95)) - e7427295-9757-4d0b-b6e1-b46374f24996: new RaftServerImpl for group-3042991A22E7:[e7427295-9757-4d0b-b6e1-b46374f24996:192.168.30.6:40322] with ContainerStateMachine:uninitialized
2019-09-25 11:53:41,342 [pool-237-thread-1] INFO  server.RaftServerConfigKeys (ConfUtils.java:logGet(43)) - raft.server.rpc.timeout.min = 5s (custom)
2019-09-25 11:53:41,342 [pool-237-thread-1] INFO  server.RaftServerConfigKeys (ConfUtils.java:logGet(43)) - raft.server.rpc.timeout.max = 5200ms (custom)
2019-09-25 11:53:41,343 [pool-237-thread-1] INFO  server.RaftServerConfigKeys (ConfUtils.java:logGet(43)) - raft.server.rpcslowness.timeout = 120s (custom)
2019-09-25 11:53:41,343 [pool-237-thread-1] INFO  server.RaftServerConfigKeys (ConfUtils.java:logGet(43)) - raft.server.sleep.deviation.threshold = 300 (default)
2019-09-25 11:53:41,343 [pool-237-thread-1] INFO  server.RaftServerConfigKeys (ConfUtils.java:logGet(43)) - raft.server.log.appender.install.snapshot.enabled = false (custom)
2019-09-25 11:53:41,343 [pool-237-thread-1] INFO  impl.RaftServerImpl (ServerState.java:<init>(103)) - e7427295-9757-4d0b-b6e1-b46374f24996@group-3042991A22E7: ConfigurationManager, init=-1: [e7427295-9757-4d0b-b6e1-b46374f24996:192.168.30.6:40322], old=null, confs=<EMPTY_MAP>
2019-09-25 11:53:41,343 [pool-237-thread-1] INFO  server.RaftServerConfigKeys (ConfUtils.java:logGet(43)) - raft.server.storage.dir = [/workdir/hadoop-ozone/ozonefs/target/test-dir/MiniOzoneClusterImpl-4d965d96-9517-4212-af55-0cc3287bfaeb/datanode-1/data/ratis] (custom)
2019-09-25 11:53:41,344 [pool-237-thread-1] INFO  storage.RaftStorageDirectory (RaftStorageDirectory.java:analyzeStorage(246)) - The storage directory /workdir/hadoop-ozone/ozonefs/target/test-dir/MiniOzoneClusterImpl-4d965d96-9517-4212-af55-0cc3287bfaeb/datanode-1/data/ratis/7960d94a-b564-47f0-b82d-3042991a22e7 does not exist. Creating ...
2019-09-25 11:53:41,356 [pool-237-thread-1] INFO  storage.RaftStorageDirectory (RaftStorageDirectory.java:tryLock(328)) - Lock on /workdir/hadoop-ozone/ozonefs/target/test-dir/MiniOzoneClusterImpl-4d965d96-9517-4212-af55-0cc3287bfaeb/datanode-1/data/ratis/7960d94a-b564-47f0-b82d-3042991a22e7/in_use.lock acquired by nodename 25060@pr-hdds-1569-5gmkr-4255264070
2019-09-25 11:53:41,370 [pool-237-thread-1] INFO  storage.RaftStorage (RaftStorage.java:format(72)) - Storage directory /workdir/hadoop-ozone/ozonefs/target/test-dir/MiniOzoneClusterImpl-4d965d96-9517-4212-af55-0cc3287bfaeb/datanode-1/data/ratis/7960d94a-b564-47f0-b82d-3042991a22e7 has been successfully formatted.
2019-09-25 11:53:41,370 [pool-237-thread-1] INFO  ratis.ContainerStateMachine (ContainerStateMachine.java:loadSnapshot(230)) - group-3042991A22E7: The snapshot info is null. Setting the last applied indexto:(t:0, i:~)
2019-09-25 11:53:41,370 [pool-237-thread-1] INFO  server.RaftServerConfigKeys (ConfUtils.java:logGet(43)) - raft.server.notification.no-leader.timeout = 120s (custom)
2019-09-25 11:53:41,371 [pool-237-thread-1] INFO  server.RaftServerConfigKeys (ConfUtils.java:logGet(43)) - raft.server.log.use.memory = false (default)
2019-09-25 11:53:41,371 [pool-237-thread-1] INFO  server.RaftServerConfigKeys (ConfUtils.java:logGet(43)) - raft.server.log.purge.gap = 1000000 (custom)
2019-09-25 11:53:41,371 [pool-237-thread-1] INFO  server.RaftServerConfigKeys (ConfUtils.java:logGet(43)) - raft.server.log.appender.buffer.byte-limit = 33554432 (custom)
2019-09-25 11:53:41,371 [pool-237-thread-1] INFO  server.RaftServerConfigKeys (ConfUtils.java:logGet(43)) - raft.server.log.segment.size.max = 1048576 (custom)
2019-09-25 11:53:41,371 [pool-237-thread-1] INFO  server.RaftServerConfigKeys (ConfUtils.java:logGet(43)) - raft.server.log.segment.cache.num.max = 2 (custom)
2019-09-25 11:53:41,371 [pool-237-thread-1] INFO  segmented.SegmentedRaftLogWorker (SegmentedRaftLogWorker.java:<init>(172)) - new e7427295-9757-4d0b-b6e1-b46374f24996@group-3042991A22E7-SegmentedRaftLogWorker for RaftStorage:Storage Directory /workdir/hadoop-ozone/ozonefs/target/test-dir/MiniOzoneClusterImpl-4d965d96-9517-4212-af55-0cc3287bfaeb/datanode-1/data/ratis/7960d94a-b564-47f0-b82d-3042991a22e7
2019-09-25 11:53:41,371 [pool-237-thread-1] INFO  server.RaftServerConfigKeys (ConfUtils.java:logGet(43)) - raft.server.log.queue.byte-limit = 2147483647 (custom)
2019-09-25 11:53:41,372 [pool-237-thread-1] INFO  server.RaftServerConfigKeys (ConfUtils.java:logGet(43)) - raft.server.log.queue.element-limit = 1024 (custom)
2019-09-25 11:53:41,372 [pool-237-thread-1] INFO  server.RaftServerConfigKeys (ConfUtils.java:logGet(43)) - raft.server.log.segment.size.max = 1048576 (custom)
2019-09-25 11:53:41,372 [pool-237-thread-1] INFO  server.RaftServerConfigKeys (ConfUtils.java:logGet(43)) - raft.server.log.preallocated.size = 16384 (custom)
2019-09-25 11:53:41,372 [pool-237-thread-1] INFO  server.RaftServerConfigKeys (ConfUtils.java:logGet(43)) - raft.server.log.write.buffer.size = 33554432 (custom)
2019-09-25 11:53:41,372 [pool-237-thread-1] INFO  server.RaftServerConfigKeys (ConfUtils.java:logGet(43)) - raft.server.log.force.sync.num = 128 (default)
2019-09-25 11:53:41,372 [pool-237-thread-1] INFO  server.RaftServerConfigKeys (ConfUtils.java:logGet(43)) - raft.server.log.statemachine.data.sync = true (default)
2019-09-25 11:53:41,373 [pool-237-thread-1] INFO  server.RaftServerConfigKeys (ConfUtils.java:logGet(43)) - raft.server.log.statemachine.data.sync.timeout = 10s (default)
2019-09-25 11:53:41,373 [pool-237-thread-1] INFO  server.RaftServerConfigKeys (ConfUtils.java:logGet(43)) - raft.server.log.statemachine.data.sync.timeout.retry = -1 (default)
2019-09-25 11:53:41,373 [pool-237-thread-1] INFO  server.RaftServerConfigKeys (ConfUtils.java:logGet(43)) - raft.server.log.statemachine.data.caching.enabled = true (custom)
2019-09-25 11:53:41,373 [pool-237-thread-1] INFO  segmented.SegmentedRaftLogWorker (SegmentedRaftLogWorker.java:lambda$new$0(132)) - e7427295-9757-4d0b-b6e1-b46374f24996@group-3042991A22E7-SegmentedRaftLogWorker: flushIndex: setUnconditionally 0 -> -1
2019-09-25 11:53:41,374 [pool-237-thread-1] INFO  server.RaftServerConfigKeys (ConfUtils.java:logGet(43)) - raft.server.snapshot.auto.trigger.enabled = true (custom)
2019-09-25 11:53:41,374 [pool-237-thread-1] INFO  server.RaftServerConfigKeys (ConfUtils.java:logGet(43)) - raft.server.snapshot.auto.trigger.threshold = 10000 (custom)
2019-09-25 11:53:41,374 [pool-237-thread-1] INFO  server.RaftServerConfigKeys (ConfUtils.java:logGet(43)) - raft.server.snapshot.retention.num.files = 5 (custom)
2019-09-25 11:53:41,374 [pool-237-thread-1] INFO  server.RaftServerConfigKeys (ConfUtils.java:logGet(43)) - raft.server.retrycache.expirytime = 600000ms (custom)
2019-09-25 11:53:41,376 [pool-237-thread-1] INFO  impl.RaftServerImpl (RaftServerImpl.java:start(185)) - e7427295-9757-4d0b-b6e1-b46374f24996@group-3042991A22E7: start as a follower, conf=-1: [e7427295-9757-4d0b-b6e1-b46374f24996:192.168.30.6:40322], old=null
2019-09-25 11:53:41,376 [pool-237-thread-1] INFO  impl.RaftServerImpl (RaftServerImpl.java:setRole(174)) - e7427295-9757-4d0b-b6e1-b46374f24996@group-3042991A22E7: changes role from      null to FOLLOWER at term 0 for startAsFollower
2019-09-25 11:53:41,376 [pool-237-thread-1] INFO  impl.RoleInfo (RoleInfo.java:updateAndGet(143)) - e7427295-9757-4d0b-b6e1-b46374f24996: start FollowerState
2019-09-25 11:53:41,377 [pool-237-thread-1] INFO  util.JmxRegister (JmxRegister.java:tryRegister(44)) - Successfully registered JMX Bean with object name Ratis:service=RaftServer,group=group-3042991A22E7,id=e7427295-9757-4d0b-b6e1-b46374f24996
2019-09-25 11:53:41,379 [RatisPipelineUtilsThread] INFO  pipeline.PipelineStateManager (PipelineStateManager.java:addPipeline(56)) - Created pipeline Pipeline[ Id: 7960d94a-b564-47f0-b82d-3042991a22e7, Nodes: e7427295-9757-4d0b-b6e1-b46374f24996{ip: 192.168.30.6, host: pr-hdds-1569-5gmkr-4255264070, networkLocation: /default-rack, certSerialId: null}, Type:RATIS, Factor:ONE, State:OPEN]
2019-09-25 11:53:41,384 [grpc-default-executor-0] INFO  impl.RaftServerProxy (RaftServerProxy.java:addNew(89)) - 303dafdc-9735-46a1-812c-fb1ebd7b1011: addNew group-9F38B2E3A299:[303dafdc-9735-46a1-812c-fb1ebd7b1011:192.168.30.6:37980] returns group-9F38B2E3A299:java.util.concurrent.CompletableFuture@66bca034[Not completed]
2019-09-25 11:53:41,385 [pool-227-thread-1] INFO  impl.RaftServerImpl (RaftServerImpl.java:<init>(95)) - 303dafdc-9735-46a1-812c-fb1ebd7b1011: new RaftServerImpl for group-9F38B2E3A299:[303dafdc-9735-46a1-812c-fb1ebd7b1011:192.168.30.6:37980] with ContainerStateMachine:uninitialized
2019-09-25 11:53:41,385 [pool-227-thread-1] INFO  server.RaftServerConfigKeys (ConfUtils.java:logGet(43)) - raft.server.rpc.timeout.min = 5s (custom)
2019-09-25 11:53:41,385 [pool-227-thread-1] INFO  server.RaftServerConfigKeys (ConfUtils.java:logGet(43)) - raft.server.rpc.timeout.max = 5200ms (custom)
2019-09-25 11:53:41,385 [pool-227-thread-1] INFO  server.RaftServerConfigKeys (ConfUtils.java:logGet(43)) - raft.server.rpcslowness.timeout = 120s (custom)
2019-09-25 11:53:41,385 [pool-227-thread-1] INFO  server.RaftServerConfigKeys (ConfUtils.java:logGet(43)) - raft.server.sleep.deviation.threshold = 300 (default)
2019-09-25 11:53:41,386 [pool-227-thread-1] INFO  server.RaftServerConfigKeys (ConfUtils.java:logGet(43)) - raft.server.log.appender.install.snapshot.enabled = false (custom)
2019-09-25 11:53:41,386 [pool-227-thread-1] INFO  impl.RaftServerImpl (ServerState.java:<init>(103)) - 303dafdc-9735-46a1-812c-fb1ebd7b1011@group-9F38B2E3A299: ConfigurationManager, init=-1: [303dafdc-9735-46a1-812c-fb1ebd7b1011:192.168.30.6:37980], old=null, confs=<EMPTY_MAP>
2019-09-25 11:53:41,386 [pool-227-thread-1] INFO  server.RaftServerConfigKeys (ConfUtils.java:logGet(43)) - raft.server.storage.dir = [/workdir/hadoop-ozone/ozonefs/target/test-dir/MiniOzoneClusterImpl-4d965d96-9517-4212-af55-0cc3287bfaeb/datanode-0/data/ratis] (custom)
2019-09-25 11:53:41,386 [pool-227-thread-1] INFO  storage.RaftStorageDirectory (RaftStorageDirectory.java:analyzeStorage(246)) - The storage directory /workdir/hadoop-ozone/ozonefs/target/test-dir/MiniOzoneClusterImpl-4d965d96-9517-4212-af55-0cc3287bfaeb/datanode-0/data/ratis/85a23129-88e6-4bbf-b38b-9f38b2e3a299 does not exist. Creating ...
2019-09-25 11:53:41,399 [pool-227-thread-1] INFO  storage.RaftStorageDirectory (RaftStorageDirectory.java:tryLock(328)) - Lock on /workdir/hadoop-ozone/ozonefs/target/test-dir/MiniOzoneClusterImpl-4d965d96-9517-4212-af55-0cc3287bfaeb/datanode-0/data/ratis/85a23129-88e6-4bbf-b38b-9f38b2e3a299/in_use.lock acquired by nodename 25060@pr-hdds-1569-5gmkr-4255264070
2019-09-25 11:53:41,412 [pool-227-thread-1] INFO  storage.RaftStorage (RaftStorage.java:format(72)) - Storage directory /workdir/hadoop-ozone/ozonefs/target/test-dir/MiniOzoneClusterImpl-4d965d96-9517-4212-af55-0cc3287bfaeb/datanode-0/data/ratis/85a23129-88e6-4bbf-b38b-9f38b2e3a299 has been successfully formatted.
2019-09-25 11:53:41,412 [pool-227-thread-1] INFO  ratis.ContainerStateMachine (ContainerStateMachine.java:loadSnapshot(230)) - group-9F38B2E3A299: The snapshot info is null. Setting the last applied indexto:(t:0, i:~)
2019-09-25 11:53:41,412 [pool-227-thread-1] INFO  server.RaftServerConfigKeys (ConfUtils.java:logGet(43)) - raft.server.notification.no-leader.timeout = 120s (custom)
2019-09-25 11:53:41,413 [pool-227-thread-1] INFO  server.RaftServerConfigKeys (ConfUtils.java:logGet(43)) - raft.server.log.use.memory = false (default)
2019-09-25 11:53:41,413 [pool-227-thread-1] INFO  server.RaftServerConfigKeys (ConfUtils.java:logGet(43)) - raft.server.log.purge.gap = 1000000 (custom)
2019-09-25 11:53:41,413 [pool-227-thread-1] INFO  server.RaftServerConfigKeys (ConfUtils.java:logGet(43)) - raft.server.log.appender.buffer.byte-limit = 33554432 (custom)
2019-09-25 11:53:41,413 [pool-227-thread-1] INFO  server.RaftServerConfigKeys (ConfUtils.java:logGet(43)) - raft.server.log.segment.size.max = 1048576 (custom)
2019-09-25 11:53:41,413 [pool-227-thread-1] INFO  server.RaftServerConfigKeys (ConfUtils.java:logGet(43)) - raft.server.log.segment.cache.num.max = 2 (custom)
2019-09-25 11:53:41,413 [pool-227-thread-1] INFO  segmented.SegmentedRaftLogWorker (SegmentedRaftLogWorker.java:<init>(172)) - new 303dafdc-9735-46a1-812c-fb1ebd7b1011@group-9F38B2E3A299-SegmentedRaftLogWorker for RaftStorage:Storage Directory /workdir/hadoop-ozone/ozonefs/target/test-dir/MiniOzoneClusterImpl-4d965d96-9517-4212-af55-0cc3287bfaeb/datanode-0/data/ratis/85a23129-88e6-4bbf-b38b-9f38b2e3a299
2019-09-25 11:53:41,413 [pool-227-thread-1] INFO  server.RaftServerConfigKeys (ConfUtils.java:logGet(43)) - raft.server.log.queue.byte-limit = 2147483647 (custom)
2019-09-25 11:53:41,413 [pool-227-thread-1] INFO  server.RaftServerConfigKeys (ConfUtils.java:logGet(43)) - raft.server.log.queue.element-limit = 1024 (custom)
2019-09-25 11:53:41,414 [pool-227-thread-1] INFO  server.RaftServerConfigKeys (ConfUtils.java:logGet(43)) - raft.server.log.segment.size.max = 1048576 (custom)
2019-09-25 11:53:41,414 [pool-227-thread-1] INFO  server.RaftServerConfigKeys (ConfUtils.java:logGet(43)) - raft.server.log.preallocated.size = 16384 (custom)
2019-09-25 11:53:41,414 [pool-227-thread-1] INFO  server.RaftServerConfigKeys (ConfUtils.java:logGet(43)) - raft.server.log.write.buffer.size = 33554432 (custom)
2019-09-25 11:53:41,414 [pool-227-thread-1] INFO  server.RaftServerConfigKeys (ConfUtils.java:logGet(43)) - raft.server.log.force.sync.num = 128 (default)
2019-09-25 11:53:41,414 [pool-227-thread-1] INFO  server.RaftServerConfigKeys (ConfUtils.java:logGet(43)) - raft.server.log.statemachine.data.sync = true (default)
2019-09-25 11:53:41,414 [pool-227-thread-1] INFO  server.RaftServerConfigKeys (ConfUtils.java:logGet(43)) - raft.server.log.statemachine.data.sync.timeout = 10s (default)
2019-09-25 11:53:41,414 [pool-227-thread-1] INFO  server.RaftServerConfigKeys (ConfUtils.java:logGet(43)) - raft.server.log.statemachine.data.sync.timeout.retry = -1 (default)
2019-09-25 11:53:41,414 [pool-227-thread-1] INFO  server.RaftServerConfigKeys (ConfUtils.java:logGet(43)) - raft.server.log.statemachine.data.caching.enabled = true (custom)
2019-09-25 11:53:41,415 [pool-227-thread-1] INFO  segmented.SegmentedRaftLogWorker (SegmentedRaftLogWorker.java:lambda$new$0(132)) - 303dafdc-9735-46a1-812c-fb1ebd7b1011@group-9F38B2E3A299-SegmentedRaftLogWorker: flushIndex: setUnconditionally 0 -> -1
2019-09-25 11:53:41,415 [pool-227-thread-1] INFO  server.RaftServerConfigKeys (ConfUtils.java:logGet(43)) - raft.server.snapshot.auto.trigger.enabled = true (custom)
2019-09-25 11:53:41,415 [pool-227-thread-1] INFO  server.RaftServerConfigKeys (ConfUtils.java:logGet(43)) - raft.server.snapshot.auto.trigger.threshold = 10000 (custom)
2019-09-25 11:53:41,415 [pool-227-thread-1] INFO  server.RaftServerConfigKeys (ConfUtils.java:logGet(43)) - raft.server.snapshot.retention.num.files = 5 (custom)
2019-09-25 11:53:41,415 [pool-227-thread-1] INFO  server.RaftServerConfigKeys (ConfUtils.java:logGet(43)) - raft.server.retrycache.expirytime = 600000ms (custom)
2019-09-25 11:53:41,417 [pool-227-thread-1] INFO  impl.RaftServerImpl (RaftServerImpl.java:start(185)) - 303dafdc-9735-46a1-812c-fb1ebd7b1011@group-9F38B2E3A299: start as a follower, conf=-1: [303dafdc-9735-46a1-812c-fb1ebd7b1011:192.168.30.6:37980], old=null
2019-09-25 11:53:41,417 [pool-227-thread-1] INFO  impl.RaftServerImpl (RaftServerImpl.java:setRole(174)) - 303dafdc-9735-46a1-812c-fb1ebd7b1011@group-9F38B2E3A299: changes role from      null to FOLLOWER at term 0 for startAsFollower
2019-09-25 11:53:41,417 [pool-227-thread-1] INFO  impl.RoleInfo (RoleInfo.java:updateAndGet(143)) - 303dafdc-9735-46a1-812c-fb1ebd7b1011: start FollowerState
2019-09-25 11:53:41,418 [pool-227-thread-1] INFO  util.JmxRegister (JmxRegister.java:tryRegister(44)) - Successfully registered JMX Bean with object name Ratis:service=RaftServer,group=group-9F38B2E3A299,id=303dafdc-9735-46a1-812c-fb1ebd7b1011
2019-09-25 11:53:41,420 [RatisPipelineUtilsThread] INFO  pipeline.PipelineStateManager (PipelineStateManager.java:addPipeline(56)) - Created pipeline Pipeline[ Id: 85a23129-88e6-4bbf-b38b-9f38b2e3a299, Nodes: 303dafdc-9735-46a1-812c-fb1ebd7b1011{ip: 192.168.30.6, host: pr-hdds-1569-5gmkr-4255264070, networkLocation: /default-rack, certSerialId: null}, Type:RATIS, Factor:ONE, State:OPEN]
2019-09-25 11:53:41,420 [RatisPipelineUtilsThread] INFO  pipeline.PipelinePlacementPolicy (PipelinePlacementPolicy.java:meetCriteria(91)) - Pipeline Placement: can't place more pipeline on heavy datanode： 303dafdc-9735-46a1-812c-fb1ebd7b1011 Heaviness: 6 limit: 5
2019-09-25 11:53:41,425 [grpc-default-executor-0] INFO  impl.RaftServerProxy (RaftServerProxy.java:addNew(89)) - 4b163e73-9124-45c5-8da1-c8a8a9e20704: addNew group-45088132E63D:[4b163e73-9124-45c5-8da1-c8a8a9e20704:192.168.30.6:35803] returns group-45088132E63D:java.util.concurrent.CompletableFuture@65bf9161[Not completed]
2019-09-25 11:53:41,426 [pool-247-thread-1] INFO  impl.RaftServerImpl (RaftServerImpl.java:<init>(95)) - 4b163e73-9124-45c5-8da1-c8a8a9e20704: new RaftServerImpl for group-45088132E63D:[4b163e73-9124-45c5-8da1-c8a8a9e20704:192.168.30.6:35803] with ContainerStateMachine:uninitialized
2019-09-25 11:53:41,426 [pool-247-thread-1] INFO  server.RaftServerConfigKeys (ConfUtils.java:logGet(43)) - raft.server.rpc.timeout.min = 5s (custom)
2019-09-25 11:53:41,426 [pool-247-thread-1] INFO  server.RaftServerConfigKeys (ConfUtils.java:logGet(43)) - raft.server.rpc.timeout.max = 5200ms (custom)
2019-09-25 11:53:41,426 [pool-247-thread-1] INFO  server.RaftServerConfigKeys (ConfUtils.java:logGet(43)) - raft.server.rpcslowness.timeout = 120s (custom)
2019-09-25 11:53:41,426 [pool-247-thread-1] INFO  server.RaftServerConfigKeys (ConfUtils.java:logGet(43)) - raft.server.sleep.deviation.threshold = 300 (default)
2019-09-25 11:53:41,427 [pool-247-thread-1] INFO  server.RaftServerConfigKeys (ConfUtils.java:logGet(43)) - raft.server.log.appender.install.snapshot.enabled = false (custom)
2019-09-25 11:53:41,427 [pool-247-thread-1] INFO  impl.RaftServerImpl (ServerState.java:<init>(103)) - 4b163e73-9124-45c5-8da1-c8a8a9e20704@group-45088132E63D: ConfigurationManager, init=-1: [4b163e73-9124-45c5-8da1-c8a8a9e20704:192.168.30.6:35803], old=null, confs=<EMPTY_MAP>
2019-09-25 11:53:41,427 [pool-247-thread-1] INFO  server.RaftServerConfigKeys (ConfUtils.java:logGet(43)) - raft.server.storage.dir = [/workdir/hadoop-ozone/ozonefs/target/test-dir/MiniOzoneClusterImpl-4d965d96-9517-4212-af55-0cc3287bfaeb/datanode-2/data/ratis] (custom)
2019-09-25 11:53:41,427 [pool-247-thread-1] INFO  storage.RaftStorageDirectory (RaftStorageDirectory.java:analyzeStorage(246)) - The storage directory /workdir/hadoop-ozone/ozonefs/target/test-dir/MiniOzoneClusterImpl-4d965d96-9517-4212-af55-0cc3287bfaeb/datanode-2/data/ratis/44b754bb-a415-4650-b78d-45088132e63d does not exist. Creating ...
2019-09-25 11:53:41,440 [pool-247-thread-1] INFO  storage.RaftStorageDirectory (RaftStorageDirectory.java:tryLock(328)) - Lock on /workdir/hadoop-ozone/ozonefs/target/test-dir/MiniOzoneClusterImpl-4d965d96-9517-4212-af55-0cc3287bfaeb/datanode-2/data/ratis/44b754bb-a415-4650-b78d-45088132e63d/in_use.lock acquired by nodename 25060@pr-hdds-1569-5gmkr-4255264070
2019-09-25 11:53:41,453 [pool-247-thread-1] INFO  storage.RaftStorage (RaftStorage.java:format(72)) - Storage directory /workdir/hadoop-ozone/ozonefs/target/test-dir/MiniOzoneClusterImpl-4d965d96-9517-4212-af55-0cc3287bfaeb/datanode-2/data/ratis/44b754bb-a415-4650-b78d-45088132e63d has been successfully formatted.
2019-09-25 11:53:41,453 [pool-247-thread-1] INFO  ratis.ContainerStateMachine (ContainerStateMachine.java:loadSnapshot(230)) - group-45088132E63D: The snapshot info is null. Setting the last applied indexto:(t:0, i:~)
2019-09-25 11:53:41,453 [pool-247-thread-1] INFO  server.RaftServerConfigKeys (ConfUtils.java:logGet(43)) - raft.server.notification.no-leader.timeout = 120s (custom)
2019-09-25 11:53:41,454 [pool-247-thread-1] INFO  server.RaftServerConfigKeys (ConfUtils.java:logGet(43)) - raft.server.log.use.memory = false (default)
2019-09-25 11:53:41,454 [pool-247-thread-1] INFO  server.RaftServerConfigKeys (ConfUtils.java:logGet(43)) - raft.server.log.purge.gap = 1000000 (custom)
2019-09-25 11:53:41,454 [pool-247-thread-1] INFO  server.RaftServerConfigKeys (ConfUtils.java:logGet(43)) - raft.server.log.appender.buffer.byte-limit = 33554432 (custom)
2019-09-25 11:53:41,454 [pool-247-thread-1] INFO  server.RaftServerConfigKeys (ConfUtils.java:logGet(43)) - raft.server.log.segment.size.max = 1048576 (custom)
2019-09-25 11:53:41,454 [pool-247-thread-1] INFO  server.RaftServerConfigKeys (ConfUtils.java:logGet(43)) - raft.server.log.segment.cache.num.max = 2 (custom)
2019-09-25 11:53:41,454 [pool-247-thread-1] INFO  segmented.SegmentedRaftLogWorker (SegmentedRaftLogWorker.java:<init>(172)) - new 4b163e73-9124-45c5-8da1-c8a8a9e20704@group-45088132E63D-SegmentedRaftLogWorker for RaftStorage:Storage Directory /workdir/hadoop-ozone/ozonefs/target/test-dir/MiniOzoneClusterImpl-4d965d96-9517-4212-af55-0cc3287bfaeb/datanode-2/data/ratis/44b754bb-a415-4650-b78d-45088132e63d
2019-09-25 11:53:41,455 [pool-247-thread-1] INFO  server.RaftServerConfigKeys (ConfUtils.java:logGet(43)) - raft.server.log.queue.byte-limit = 2147483647 (custom)
2019-09-25 11:53:41,455 [pool-247-thread-1] INFO  server.RaftServerConfigKeys (ConfUtils.java:logGet(43)) - raft.server.log.queue.element-limit = 1024 (custom)
2019-09-25 11:53:41,455 [pool-247-thread-1] INFO  server.RaftServerConfigKeys (ConfUtils.java:logGet(43)) - raft.server.log.segment.size.max = 1048576 (custom)
2019-09-25 11:53:41,455 [pool-247-thread-1] INFO  server.RaftServerConfigKeys (ConfUtils.java:logGet(43)) - raft.server.log.preallocated.size = 16384 (custom)
2019-09-25 11:53:41,455 [pool-247-thread-1] INFO  server.RaftServerConfigKeys (ConfUtils.java:logGet(43)) - raft.server.log.write.buffer.size = 33554432 (custom)
2019-09-25 11:53:41,455 [pool-247-thread-1] INFO  server.RaftServerConfigKeys (ConfUtils.java:logGet(43)) - raft.server.log.force.sync.num = 128 (default)
2019-09-25 11:53:41,455 [pool-247-thread-1] INFO  server.RaftServerConfigKeys (ConfUtils.java:logGet(43)) - raft.server.log.statemachine.data.sync = true (default)
2019-09-25 11:53:41,456 [pool-247-thread-1] INFO  server.RaftServerConfigKeys (ConfUtils.java:logGet(43)) - raft.server.log.statemachine.data.sync.timeout = 10s (default)
2019-09-25 11:53:41,456 [pool-247-thread-1] INFO  server.RaftServerConfigKeys (ConfUtils.java:logGet(43)) - raft.server.log.statemachine.data.sync.timeout.retry = -1 (default)
2019-09-25 11:53:41,456 [pool-247-thread-1] INFO  server.RaftServerConfigKeys (ConfUtils.java:logGet(43)) - raft.server.log.statemachine.data.caching.enabled = true (custom)
2019-09-25 11:53:41,456 [pool-247-thread-1] INFO  segmented.SegmentedRaftLogWorker (SegmentedRaftLogWorker.java:lambda$new$0(132)) - 4b163e73-9124-45c5-8da1-c8a8a9e20704@group-45088132E63D-SegmentedRaftLogWorker: flushIndex: setUnconditionally 0 -> -1
2019-09-25 11:53:41,457 [pool-247-thread-1] INFO  server.RaftServerConfigKeys (ConfUtils.java:logGet(43)) - raft.server.snapshot.auto.trigger.enabled = true (custom)
2019-09-25 11:53:41,457 [pool-247-thread-1] INFO  server.RaftServerConfigKeys (ConfUtils.java:logGet(43)) - raft.server.snapshot.auto.trigger.threshold = 10000 (custom)
2019-09-25 11:53:41,457 [pool-247-thread-1] INFO  server.RaftServerConfigKeys (ConfUtils.java:logGet(43)) - raft.server.snapshot.retention.num.files = 5 (custom)
2019-09-25 11:53:41,457 [pool-247-thread-1] INFO  server.RaftServerConfigKeys (ConfUtils.java:logGet(43)) - raft.server.retrycache.expirytime = 600000ms (custom)
2019-09-25 11:53:41,459 [pool-247-thread-1] INFO  impl.RaftServerImpl (RaftServerImpl.java:start(185)) - 4b163e73-9124-45c5-8da1-c8a8a9e20704@group-45088132E63D: start as a follower, conf=-1: [4b163e73-9124-45c5-8da1-c8a8a9e20704:192.168.30.6:35803], old=null
2019-09-25 11:53:41,459 [pool-247-thread-1] INFO  impl.RaftServerImpl (RaftServerImpl.java:setRole(174)) - 4b163e73-9124-45c5-8da1-c8a8a9e20704@group-45088132E63D: changes role from      null to FOLLOWER at term 0 for startAsFollower
2019-09-25 11:53:41,459 [pool-247-thread-1] INFO  impl.RoleInfo (RoleInfo.java:updateAndGet(143)) - 4b163e73-9124-45c5-8da1-c8a8a9e20704: start FollowerState
2019-09-25 11:53:41,460 [pool-247-thread-1] INFO  util.JmxRegister (JmxRegister.java:tryRegister(44)) - Successfully registered JMX Bean with object name Ratis:service=RaftServer,group=group-45088132E63D,id=4b163e73-9124-45c5-8da1-c8a8a9e20704
2019-09-25 11:53:41,463 [RatisPipelineUtilsThread] INFO  pipeline.PipelineStateManager (PipelineStateManager.java:addPipeline(56)) - Created pipeline Pipeline[ Id: 44b754bb-a415-4650-b78d-45088132e63d, Nodes: 4b163e73-9124-45c5-8da1-c8a8a9e20704{ip: 192.168.30.6, host: pr-hdds-1569-5gmkr-4255264070, networkLocation: /default-rack, certSerialId: null}, Type:RATIS, Factor:ONE, State:OPEN]
2019-09-25 11:53:41,463 [RatisPipelineUtilsThread] INFO  pipeline.PipelinePlacementPolicy (PipelinePlacementPolicy.java:meetCriteria(91)) - Pipeline Placement: can't place more pipeline on heavy datanode： 303dafdc-9735-46a1-812c-fb1ebd7b1011 Heaviness: 6 limit: 5
2019-09-25 11:53:41,468 [grpc-default-executor-0] INFO  impl.RaftServerProxy (RaftServerProxy.java:addNew(89)) - e7427295-9757-4d0b-b6e1-b46374f24996: addNew group-918EF9773AC8:[e7427295-9757-4d0b-b6e1-b46374f24996:192.168.30.6:40322] returns group-918EF9773AC8:java.util.concurrent.CompletableFuture@2d2fb0cf[Not completed]
2019-09-25 11:53:41,469 [pool-237-thread-1] INFO  impl.RaftServerImpl (RaftServerImpl.java:<init>(95)) - e7427295-9757-4d0b-b6e1-b46374f24996: new RaftServerImpl for group-918EF9773AC8:[e7427295-9757-4d0b-b6e1-b46374f24996:192.168.30.6:40322] with ContainerStateMachine:uninitialized
2019-09-25 11:53:41,470 [pool-237-thread-1] INFO  server.RaftServerConfigKeys (ConfUtils.java:logGet(43)) - raft.server.rpc.timeout.min = 5s (custom)
2019-09-25 11:53:41,470 [pool-237-thread-1] INFO  server.RaftServerConfigKeys (ConfUtils.java:logGet(43)) - raft.server.rpc.timeout.max = 5200ms (custom)
2019-09-25 11:53:41,470 [pool-237-thread-1] INFO  server.RaftServerConfigKeys (ConfUtils.java:logGet(43)) - raft.server.rpcslowness.timeout = 120s (custom)
2019-09-25 11:53:41,470 [pool-237-thread-1] INFO  server.RaftServerConfigKeys (ConfUtils.java:logGet(43)) - raft.server.sleep.deviation.threshold = 300 (default)
2019-09-25 11:53:41,470 [pool-237-thread-1] INFO  server.RaftServerConfigKeys (ConfUtils.java:logGet(43)) - raft.server.log.appender.install.snapshot.enabled = false (custom)
2019-09-25 11:53:41,470 [pool-237-thread-1] INFO  impl.RaftServerImpl (ServerState.java:<init>(103)) - e7427295-9757-4d0b-b6e1-b46374f24996@group-918EF9773AC8: ConfigurationManager, init=-1: [e7427295-9757-4d0b-b6e1-b46374f24996:192.168.30.6:40322], old=null, confs=<EMPTY_MAP>
2019-09-25 11:53:41,470 [pool-237-thread-1] INFO  server.RaftServerConfigKeys (ConfUtils.java:logGet(43)) - raft.server.storage.dir = [/workdir/hadoop-ozone/ozonefs/target/test-dir/MiniOzoneClusterImpl-4d965d96-9517-4212-af55-0cc3287bfaeb/datanode-1/data/ratis] (custom)
2019-09-25 11:53:41,471 [pool-237-thread-1] INFO  storage.RaftStorageDirectory (RaftStorageDirectory.java:analyzeStorage(246)) - The storage directory /workdir/hadoop-ozone/ozonefs/target/test-dir/MiniOzoneClusterImpl-4d965d96-9517-4212-af55-0cc3287bfaeb/datanode-1/data/ratis/cf61c47f-c024-4d89-8677-918ef9773ac8 does not exist. Creating ...
2019-09-25 11:53:41,483 [pool-237-thread-1] INFO  storage.RaftStorageDirectory (RaftStorageDirectory.java:tryLock(328)) - Lock on /workdir/hadoop-ozone/ozonefs/target/test-dir/MiniOzoneClusterImpl-4d965d96-9517-4212-af55-0cc3287bfaeb/datanode-1/data/ratis/cf61c47f-c024-4d89-8677-918ef9773ac8/in_use.lock acquired by nodename 25060@pr-hdds-1569-5gmkr-4255264070
2019-09-25 11:53:41,496 [pool-237-thread-1] INFO  storage.RaftStorage (RaftStorage.java:format(72)) - Storage directory /workdir/hadoop-ozone/ozonefs/target/test-dir/MiniOzoneClusterImpl-4d965d96-9517-4212-af55-0cc3287bfaeb/datanode-1/data/ratis/cf61c47f-c024-4d89-8677-918ef9773ac8 has been successfully formatted.
2019-09-25 11:53:41,496 [pool-237-thread-1] INFO  ratis.ContainerStateMachine (ContainerStateMachine.java:loadSnapshot(230)) - group-918EF9773AC8: The snapshot info is null. Setting the last applied indexto:(t:0, i:~)
2019-09-25 11:53:41,496 [pool-237-thread-1] INFO  server.RaftServerConfigKeys (ConfUtils.java:logGet(43)) - raft.server.notification.no-leader.timeout = 120s (custom)
2019-09-25 11:53:41,496 [pool-237-thread-1] INFO  server.RaftServerConfigKeys (ConfUtils.java:logGet(43)) - raft.server.log.use.memory = false (default)
2019-09-25 11:53:41,496 [pool-237-thread-1] INFO  server.RaftServerConfigKeys (ConfUtils.java:logGet(43)) - raft.server.log.purge.gap = 1000000 (custom)
2019-09-25 11:53:41,496 [pool-237-thread-1] INFO  server.RaftServerConfigKeys (ConfUtils.java:logGet(43)) - raft.server.log.appender.buffer.byte-limit = 33554432 (custom)
2019-09-25 11:53:41,496 [pool-237-thread-1] INFO  server.RaftServerConfigKeys (ConfUtils.java:logGet(43)) - raft.server.log.segment.size.max = 1048576 (custom)
2019-09-25 11:53:41,497 [pool-237-thread-1] INFO  server.RaftServerConfigKeys (ConfUtils.java:logGet(43)) - raft.server.log.segment.cache.num.max = 2 (custom)
2019-09-25 11:53:41,497 [pool-237-thread-1] INFO  segmented.SegmentedRaftLogWorker (SegmentedRaftLogWorker.java:<init>(172)) - new e7427295-9757-4d0b-b6e1-b46374f24996@group-918EF9773AC8-SegmentedRaftLogWorker for RaftStorage:Storage Directory /workdir/hadoop-ozone/ozonefs/target/test-dir/MiniOzoneClusterImpl-4d965d96-9517-4212-af55-0cc3287bfaeb/datanode-1/data/ratis/cf61c47f-c024-4d89-8677-918ef9773ac8
2019-09-25 11:53:41,497 [pool-237-thread-1] INFO  server.RaftServerConfigKeys (ConfUtils.java:logGet(43)) - raft.server.log.queue.byte-limit = 2147483647 (custom)
2019-09-25 11:53:41,497 [pool-237-thread-1] INFO  server.RaftServerConfigKeys (ConfUtils.java:logGet(43)) - raft.server.log.queue.element-limit = 1024 (custom)
2019-09-25 11:53:41,497 [pool-237-thread-1] INFO  server.RaftServerConfigKeys (ConfUtils.java:logGet(43)) - raft.server.log.segment.size.max = 1048576 (custom)
2019-09-25 11:53:41,497 [pool-237-thread-1] INFO  server.RaftServerConfigKeys (ConfUtils.java:logGet(43)) - raft.server.log.preallocated.size = 16384 (custom)
2019-09-25 11:53:41,497 [pool-237-thread-1] INFO  server.RaftServerConfigKeys (ConfUtils.java:logGet(43)) - raft.server.log.write.buffer.size = 33554432 (custom)
2019-09-25 11:53:41,497 [pool-237-thread-1] INFO  server.RaftServerConfigKeys (ConfUtils.java:logGet(43)) - raft.server.log.force.sync.num = 128 (default)
2019-09-25 11:53:41,498 [pool-237-thread-1] INFO  server.RaftServerConfigKeys (ConfUtils.java:logGet(43)) - raft.server.log.statemachine.data.sync = true (default)
2019-09-25 11:53:41,498 [pool-237-thread-1] INFO  server.RaftServerConfigKeys (ConfUtils.java:logGet(43)) - raft.server.log.statemachine.data.sync.timeout = 10s (default)
2019-09-25 11:53:41,498 [pool-237-thread-1] INFO  server.RaftServerConfigKeys (ConfUtils.java:logGet(43)) - raft.server.log.statemachine.data.sync.timeout.retry = -1 (default)
2019-09-25 11:53:41,498 [pool-237-thread-1] INFO  server.RaftServerConfigKeys (ConfUtils.java:logGet(43)) - raft.server.log.statemachine.data.caching.enabled = true (custom)
2019-09-25 11:53:41,498 [pool-237-thread-1] INFO  segmented.SegmentedRaftLogWorker (SegmentedRaftLogWorker.java:lambda$new$0(132)) - e7427295-9757-4d0b-b6e1-b46374f24996@group-918EF9773AC8-SegmentedRaftLogWorker: flushIndex: setUnconditionally 0 -> -1
2019-09-25 11:53:41,498 [pool-237-thread-1] INFO  server.RaftServerConfigKeys (ConfUtils.java:logGet(43)) - raft.server.snapshot.auto.trigger.enabled = true (custom)
2019-09-25 11:53:41,499 [pool-237-thread-1] INFO  server.RaftServerConfigKeys (ConfUtils.java:logGet(43)) - raft.server.snapshot.auto.trigger.threshold = 10000 (custom)
2019-09-25 11:53:41,499 [pool-237-thread-1] INFO  server.RaftServerConfigKeys (ConfUtils.java:logGet(43)) - raft.server.snapshot.retention.num.files = 5 (custom)
2019-09-25 11:53:41,499 [pool-237-thread-1] INFO  server.RaftServerConfigKeys (ConfUtils.java:logGet(43)) - raft.server.retrycache.expirytime = 600000ms (custom)
2019-09-25 11:53:41,500 [pool-237-thread-1] INFO  impl.RaftServerImpl (RaftServerImpl.java:start(185)) - e7427295-9757-4d0b-b6e1-b46374f24996@group-918EF9773AC8: start as a follower, conf=-1: [e7427295-9757-4d0b-b6e1-b46374f24996:192.168.30.6:40322], old=null
2019-09-25 11:53:41,501 [pool-237-thread-1] INFO  impl.RaftServerImpl (RaftServerImpl.java:setRole(174)) - e7427295-9757-4d0b-b6e1-b46374f24996@group-918EF9773AC8: changes role from      null to FOLLOWER at term 0 for startAsFollower
2019-09-25 11:53:41,501 [pool-237-thread-1] INFO  impl.RoleInfo (RoleInfo.java:updateAndGet(143)) - e7427295-9757-4d0b-b6e1-b46374f24996: start FollowerState
2019-09-25 11:53:41,501 [pool-237-thread-1] INFO  util.JmxRegister (JmxRegister.java:tryRegister(44)) - Successfully registered JMX Bean with object name Ratis:service=RaftServer,group=group-918EF9773AC8,id=e7427295-9757-4d0b-b6e1-b46374f24996
2019-09-25 11:53:41,504 [RatisPipelineUtilsThread] INFO  pipeline.PipelineStateManager (PipelineStateManager.java:addPipeline(56)) - Created pipeline Pipeline[ Id: cf61c47f-c024-4d89-8677-918ef9773ac8, Nodes: e7427295-9757-4d0b-b6e1-b46374f24996{ip: 192.168.30.6, host: pr-hdds-1569-5gmkr-4255264070, networkLocation: /default-rack, certSerialId: null}, Type:RATIS, Factor:ONE, State:OPEN]
2019-09-25 11:53:41,504 [RatisPipelineUtilsThread] INFO  pipeline.PipelinePlacementPolicy (PipelinePlacementPolicy.java:meetCriteria(91)) - Pipeline Placement: can't place more pipeline on heavy datanode： 303dafdc-9735-46a1-812c-fb1ebd7b1011 Heaviness: 6 limit: 5
2019-09-25 11:53:41,509 [grpc-default-executor-0] INFO  impl.RaftServerProxy (RaftServerProxy.java:addNew(89)) - 4b163e73-9124-45c5-8da1-c8a8a9e20704: addNew group-4D69C510E732:[4b163e73-9124-45c5-8da1-c8a8a9e20704:192.168.30.6:35803] returns group-4D69C510E732:java.util.concurrent.CompletableFuture@4089368b[Not completed]
2019-09-25 11:53:41,510 [pool-247-thread-1] INFO  impl.RaftServerImpl (RaftServerImpl.java:<init>(95)) - 4b163e73-9124-45c5-8da1-c8a8a9e20704: new RaftServerImpl for group-4D69C510E732:[4b163e73-9124-45c5-8da1-c8a8a9e20704:192.168.30.6:35803] with ContainerStateMachine:uninitialized
2019-09-25 11:53:41,510 [pool-247-thread-1] INFO  server.RaftServerConfigKeys (ConfUtils.java:logGet(43)) - raft.server.rpc.timeout.min = 5s (custom)
2019-09-25 11:53:41,510 [pool-247-thread-1] INFO  server.RaftServerConfigKeys (ConfUtils.java:logGet(43)) - raft.server.rpc.timeout.max = 5200ms (custom)
2019-09-25 11:53:41,510 [pool-247-thread-1] INFO  server.RaftServerConfigKeys (ConfUtils.java:logGet(43)) - raft.server.rpcslowness.timeout = 120s (custom)
2019-09-25 11:53:41,510 [pool-247-thread-1] INFO  server.RaftServerConfigKeys (ConfUtils.java:logGet(43)) - raft.server.sleep.deviation.threshold = 300 (default)
2019-09-25 11:53:41,510 [pool-247-thread-1] INFO  server.RaftServerConfigKeys (ConfUtils.java:logGet(43)) - raft.server.log.appender.install.snapshot.enabled = false (custom)
2019-09-25 11:53:41,511 [pool-247-thread-1] INFO  impl.RaftServerImpl (ServerState.java:<init>(103)) - 4b163e73-9124-45c5-8da1-c8a8a9e20704@group-4D69C510E732: ConfigurationManager, init=-1: [4b163e73-9124-45c5-8da1-c8a8a9e20704:192.168.30.6:35803], old=null, confs=<EMPTY_MAP>
2019-09-25 11:53:41,511 [pool-247-thread-1] INFO  server.RaftServerConfigKeys (ConfUtils.java:logGet(43)) - raft.server.storage.dir = [/workdir/hadoop-ozone/ozonefs/target/test-dir/MiniOzoneClusterImpl-4d965d96-9517-4212-af55-0cc3287bfaeb/datanode-2/data/ratis] (custom)
2019-09-25 11:53:41,511 [pool-247-thread-1] INFO  storage.RaftStorageDirectory (RaftStorageDirectory.java:analyzeStorage(246)) - The storage directory /workdir/hadoop-ozone/ozonefs/target/test-dir/MiniOzoneClusterImpl-4d965d96-9517-4212-af55-0cc3287bfaeb/datanode-2/data/ratis/3bb536c3-3250-4fb4-a105-4d69c510e732 does not exist. Creating ...
2019-09-25 11:53:41,523 [pool-247-thread-1] INFO  storage.RaftStorageDirectory (RaftStorageDirectory.java:tryLock(328)) - Lock on /workdir/hadoop-ozone/ozonefs/target/test-dir/MiniOzoneClusterImpl-4d965d96-9517-4212-af55-0cc3287bfaeb/datanode-2/data/ratis/3bb536c3-3250-4fb4-a105-4d69c510e732/in_use.lock acquired by nodename 25060@pr-hdds-1569-5gmkr-4255264070
2019-09-25 11:53:41,542 [pool-247-thread-1] INFO  storage.RaftStorage (RaftStorage.java:format(72)) - Storage directory /workdir/hadoop-ozone/ozonefs/target/test-dir/MiniOzoneClusterImpl-4d965d96-9517-4212-af55-0cc3287bfaeb/datanode-2/data/ratis/3bb536c3-3250-4fb4-a105-4d69c510e732 has been successfully formatted.
2019-09-25 11:53:41,542 [pool-247-thread-1] INFO  ratis.ContainerStateMachine (ContainerStateMachine.java:loadSnapshot(230)) - group-4D69C510E732: The snapshot info is null. Setting the last applied indexto:(t:0, i:~)
2019-09-25 11:53:41,542 [pool-247-thread-1] INFO  server.RaftServerConfigKeys (ConfUtils.java:logGet(43)) - raft.server.notification.no-leader.timeout = 120s (custom)
2019-09-25 11:53:41,543 [pool-247-thread-1] INFO  server.RaftServerConfigKeys (ConfUtils.java:logGet(43)) - raft.server.log.use.memory = false (default)
2019-09-25 11:53:41,543 [pool-247-thread-1] INFO  server.RaftServerConfigKeys (ConfUtils.java:logGet(43)) - raft.server.log.purge.gap = 1000000 (custom)
2019-09-25 11:53:41,543 [pool-247-thread-1] INFO  server.RaftServerConfigKeys (ConfUtils.java:logGet(43)) - raft.server.log.appender.buffer.byte-limit = 33554432 (custom)
2019-09-25 11:53:41,543 [pool-247-thread-1] INFO  server.RaftServerConfigKeys (ConfUtils.java:logGet(43)) - raft.server.log.segment.size.max = 1048576 (custom)
2019-09-25 11:53:41,543 [pool-247-thread-1] INFO  server.RaftServerConfigKeys (ConfUtils.java:logGet(43)) - raft.server.log.segment.cache.num.max = 2 (custom)
2019-09-25 11:53:41,543 [pool-247-thread-1] INFO  segmented.SegmentedRaftLogWorker (SegmentedRaftLogWorker.java:<init>(172)) - new 4b163e73-9124-45c5-8da1-c8a8a9e20704@group-4D69C510E732-SegmentedRaftLogWorker for RaftStorage:Storage Directory /workdir/hadoop-ozone/ozonefs/target/test-dir/MiniOzoneClusterImpl-4d965d96-9517-4212-af55-0cc3287bfaeb/datanode-2/data/ratis/3bb536c3-3250-4fb4-a105-4d69c510e732
2019-09-25 11:53:41,543 [pool-247-thread-1] INFO  server.RaftServerConfigKeys (ConfUtils.java:logGet(43)) - raft.server.log.queue.byte-limit = 2147483647 (custom)
2019-09-25 11:53:41,543 [pool-247-thread-1] INFO  server.RaftServerConfigKeys (ConfUtils.java:logGet(43)) - raft.server.log.queue.element-limit = 1024 (custom)
2019-09-25 11:53:41,543 [pool-247-thread-1] INFO  server.RaftServerConfigKeys (ConfUtils.java:logGet(43)) - raft.server.log.segment.size.max = 1048576 (custom)
2019-09-25 11:53:41,543 [pool-247-thread-1] INFO  server.RaftServerConfigKeys (ConfUtils.java:logGet(43)) - raft.server.log.preallocated.size = 16384 (custom)
2019-09-25 11:53:41,544 [pool-247-thread-1] INFO  server.RaftServerConfigKeys (ConfUtils.java:logGet(43)) - raft.server.log.write.buffer.size = 33554432 (custom)
2019-09-25 11:53:41,544 [pool-247-thread-1] INFO  server.RaftServerConfigKeys (ConfUtils.java:logGet(43)) - raft.server.log.force.sync.num = 128 (default)
2019-09-25 11:53:41,544 [pool-247-thread-1] INFO  server.RaftServerConfigKeys (ConfUtils.java:logGet(43)) - raft.server.log.statemachine.data.sync = true (default)
2019-09-25 11:53:41,544 [pool-247-thread-1] INFO  server.RaftServerConfigKeys (ConfUtils.java:logGet(43)) - raft.server.log.statemachine.data.sync.timeout = 10s (default)
2019-09-25 11:53:41,544 [pool-247-thread-1] INFO  server.RaftServerConfigKeys (ConfUtils.java:logGet(43)) - raft.server.log.statemachine.data.sync.timeout.retry = -1 (default)
2019-09-25 11:53:41,544 [pool-247-thread-1] INFO  server.RaftServerConfigKeys (ConfUtils.java:logGet(43)) - raft.server.log.statemachine.data.caching.enabled = true (custom)
2019-09-25 11:53:41,544 [pool-247-thread-1] INFO  segmented.SegmentedRaftLogWorker (SegmentedRaftLogWorker.java:lambda$new$0(132)) - 4b163e73-9124-45c5-8da1-c8a8a9e20704@group-4D69C510E732-SegmentedRaftLogWorker: flushIndex: setUnconditionally 0 -> -1
2019-09-25 11:53:41,544 [pool-247-thread-1] INFO  server.RaftServerConfigKeys (ConfUtils.java:logGet(43)) - raft.server.snapshot.auto.trigger.enabled = true (custom)
2019-09-25 11:53:41,545 [pool-247-thread-1] INFO  server.RaftServerConfigKeys (ConfUtils.java:logGet(43)) - raft.server.snapshot.auto.trigger.threshold = 10000 (custom)
2019-09-25 11:53:41,545 [pool-247-thread-1] INFO  server.RaftServerConfigKeys (ConfUtils.java:logGet(43)) - raft.server.snapshot.retention.num.files = 5 (custom)
2019-09-25 11:53:41,545 [pool-247-thread-1] INFO  server.RaftServerConfigKeys (ConfUtils.java:logGet(43)) - raft.server.retrycache.expirytime = 600000ms (custom)
2019-09-25 11:53:41,546 [pool-247-thread-1] INFO  impl.RaftServerImpl (RaftServerImpl.java:start(185)) - 4b163e73-9124-45c5-8da1-c8a8a9e20704@group-4D69C510E732: start as a follower, conf=-1: [4b163e73-9124-45c5-8da1-c8a8a9e20704:192.168.30.6:35803], old=null
2019-09-25 11:53:41,546 [pool-247-thread-1] INFO  impl.RaftServerImpl (RaftServerImpl.java:setRole(174)) - 4b163e73-9124-45c5-8da1-c8a8a9e20704@group-4D69C510E732: changes role from      null to FOLLOWER at term 0 for startAsFollower
2019-09-25 11:53:41,546 [pool-247-thread-1] INFO  impl.RoleInfo (RoleInfo.java:updateAndGet(143)) - 4b163e73-9124-45c5-8da1-c8a8a9e20704: start FollowerState
2019-09-25 11:53:41,546 [pool-247-thread-1] INFO  util.JmxRegister (JmxRegister.java:tryRegister(44)) - Successfully registered JMX Bean with object name Ratis:service=RaftServer,group=group-4D69C510E732,id=4b163e73-9124-45c5-8da1-c8a8a9e20704
2019-09-25 11:53:41,549 [RatisPipelineUtilsThread] INFO  pipeline.PipelineStateManager (PipelineStateManager.java:addPipeline(56)) - Created pipeline Pipeline[ Id: 3bb536c3-3250-4fb4-a105-4d69c510e732, Nodes: 4b163e73-9124-45c5-8da1-c8a8a9e20704{ip: 192.168.30.6, host: pr-hdds-1569-5gmkr-4255264070, networkLocation: /default-rack, certSerialId: null}, Type:RATIS, Factor:ONE, State:OPEN]
2019-09-25 11:53:41,549 [RatisPipelineUtilsThread] INFO  pipeline.PipelinePlacementPolicy (PipelinePlacementPolicy.java:meetCriteria(91)) - Pipeline Placement: can't place more pipeline on heavy datanode： 303dafdc-9735-46a1-812c-fb1ebd7b1011 Heaviness: 6 limit: 5
2019-09-25 11:53:41,556 [grpc-default-executor-0] INFO  impl.RaftServerProxy (RaftServerProxy.java:addNew(89)) - e7427295-9757-4d0b-b6e1-b46374f24996: addNew group-1821ACDD1E72:[e7427295-9757-4d0b-b6e1-b46374f24996:192.168.30.6:40322] returns group-1821ACDD1E72:java.util.concurrent.CompletableFuture@3606d32b[Not completed]
2019-09-25 11:53:41,557 [pool-237-thread-1] INFO  impl.RaftServerImpl (RaftServerImpl.java:<init>(95)) - e7427295-9757-4d0b-b6e1-b46374f24996: new RaftServerImpl for group-1821ACDD1E72:[e7427295-9757-4d0b-b6e1-b46374f24996:192.168.30.6:40322] with ContainerStateMachine:uninitialized
2019-09-25 11:53:41,557 [pool-237-thread-1] INFO  server.RaftServerConfigKeys (ConfUtils.java:logGet(43)) - raft.server.rpc.timeout.min = 5s (custom)
2019-09-25 11:53:41,557 [pool-237-thread-1] INFO  server.RaftServerConfigKeys (ConfUtils.java:logGet(43)) - raft.server.rpc.timeout.max = 5200ms (custom)
2019-09-25 11:53:41,557 [pool-237-thread-1] INFO  server.RaftServerConfigKeys (ConfUtils.java:logGet(43)) - raft.server.rpcslowness.timeout = 120s (custom)
2019-09-25 11:53:41,557 [pool-237-thread-1] INFO  server.RaftServerConfigKeys (ConfUtils.java:logGet(43)) - raft.server.sleep.deviation.threshold = 300 (default)
2019-09-25 11:53:41,558 [pool-237-thread-1] INFO  server.RaftServerConfigKeys (ConfUtils.java:logGet(43)) - raft.server.log.appender.install.snapshot.enabled = false (custom)
2019-09-25 11:53:41,558 [pool-237-thread-1] INFO  impl.RaftServerImpl (ServerState.java:<init>(103)) - e7427295-9757-4d0b-b6e1-b46374f24996@group-1821ACDD1E72: ConfigurationManager, init=-1: [e7427295-9757-4d0b-b6e1-b46374f24996:192.168.30.6:40322], old=null, confs=<EMPTY_MAP>
2019-09-25 11:53:41,558 [pool-237-thread-1] INFO  server.RaftServerConfigKeys (ConfUtils.java:logGet(43)) - raft.server.storage.dir = [/workdir/hadoop-ozone/ozonefs/target/test-dir/MiniOzoneClusterImpl-4d965d96-9517-4212-af55-0cc3287bfaeb/datanode-1/data/ratis] (custom)
2019-09-25 11:53:41,558 [pool-237-thread-1] INFO  storage.RaftStorageDirectory (RaftStorageDirectory.java:analyzeStorage(246)) - The storage directory /workdir/hadoop-ozone/ozonefs/target/test-dir/MiniOzoneClusterImpl-4d965d96-9517-4212-af55-0cc3287bfaeb/datanode-1/data/ratis/3f031881-e86e-4e59-9942-1821acdd1e72 does not exist. Creating ...
2019-09-25 11:53:41,571 [pool-237-thread-1] INFO  storage.RaftStorageDirectory (RaftStorageDirectory.java:tryLock(328)) - Lock on /workdir/hadoop-ozone/ozonefs/target/test-dir/MiniOzoneClusterImpl-4d965d96-9517-4212-af55-0cc3287bfaeb/datanode-1/data/ratis/3f031881-e86e-4e59-9942-1821acdd1e72/in_use.lock acquired by nodename 25060@pr-hdds-1569-5gmkr-4255264070
2019-09-25 11:53:41,584 [pool-237-thread-1] INFO  storage.RaftStorage (RaftStorage.java:format(72)) - Storage directory /workdir/hadoop-ozone/ozonefs/target/test-dir/MiniOzoneClusterImpl-4d965d96-9517-4212-af55-0cc3287bfaeb/datanode-1/data/ratis/3f031881-e86e-4e59-9942-1821acdd1e72 has been successfully formatted.
2019-09-25 11:53:41,584 [pool-237-thread-1] INFO  ratis.ContainerStateMachine (ContainerStateMachine.java:loadSnapshot(230)) - group-1821ACDD1E72: The snapshot info is null. Setting the last applied indexto:(t:0, i:~)
2019-09-25 11:53:41,584 [pool-237-thread-1] INFO  server.RaftServerConfigKeys (ConfUtils.java:logGet(43)) - raft.server.notification.no-leader.timeout = 120s (custom)
2019-09-25 11:53:41,584 [pool-237-thread-1] INFO  server.RaftServerConfigKeys (ConfUtils.java:logGet(43)) - raft.server.log.use.memory = false (default)
2019-09-25 11:53:41,584 [pool-237-thread-1] INFO  server.RaftServerConfigKeys (ConfUtils.java:logGet(43)) - raft.server.log.purge.gap = 1000000 (custom)
2019-09-25 11:53:41,584 [pool-237-thread-1] INFO  server.RaftServerConfigKeys (ConfUtils.java:logGet(43)) - raft.server.log.appender.buffer.byte-limit = 33554432 (custom)
2019-09-25 11:53:41,584 [pool-237-thread-1] INFO  server.RaftServerConfigKeys (ConfUtils.java:logGet(43)) - raft.server.log.segment.size.max = 1048576 (custom)
2019-09-25 11:53:41,585 [pool-237-thread-1] INFO  server.RaftServerConfigKeys (ConfUtils.java:logGet(43)) - raft.server.log.segment.cache.num.max = 2 (custom)
2019-09-25 11:53:41,585 [pool-237-thread-1] INFO  segmented.SegmentedRaftLogWorker (SegmentedRaftLogWorker.java:<init>(172)) - new e7427295-9757-4d0b-b6e1-b46374f24996@group-1821ACDD1E72-SegmentedRaftLogWorker for RaftStorage:Storage Directory /workdir/hadoop-ozone/ozonefs/target/test-dir/MiniOzoneClusterImpl-4d965d96-9517-4212-af55-0cc3287bfaeb/datanode-1/data/ratis/3f031881-e86e-4e59-9942-1821acdd1e72
2019-09-25 11:53:41,585 [pool-237-thread-1] INFO  server.RaftServerConfigKeys (ConfUtils.java:logGet(43)) - raft.server.log.queue.byte-limit = 2147483647 (custom)
2019-09-25 11:53:41,585 [pool-237-thread-1] INFO  server.RaftServerConfigKeys (ConfUtils.java:logGet(43)) - raft.server.log.queue.element-limit = 1024 (custom)
2019-09-25 11:53:41,585 [pool-237-thread-1] INFO  server.RaftServerConfigKeys (ConfUtils.java:logGet(43)) - raft.server.log.segment.size.max = 1048576 (custom)
2019-09-25 11:53:41,585 [pool-237-thread-1] INFO  server.RaftServerConfigKeys (ConfUtils.java:logGet(43)) - raft.server.log.preallocated.size = 16384 (custom)
2019-09-25 11:53:41,585 [pool-237-thread-1] INFO  server.RaftServerConfigKeys (ConfUtils.java:logGet(43)) - raft.server.log.write.buffer.size = 33554432 (custom)
2019-09-25 11:53:41,585 [pool-237-thread-1] INFO  server.RaftServerConfigKeys (ConfUtils.java:logGet(43)) - raft.server.log.force.sync.num = 128 (default)
2019-09-25 11:53:41,585 [pool-237-thread-1] INFO  server.RaftServerConfigKeys (ConfUtils.java:logGet(43)) - raft.server.log.statemachine.data.sync = true (default)
2019-09-25 11:53:41,585 [pool-237-thread-1] INFO  server.RaftServerConfigKeys (ConfUtils.java:logGet(43)) - raft.server.log.statemachine.data.sync.timeout = 10s (default)
2019-09-25 11:53:41,586 [pool-237-thread-1] INFO  server.RaftServerConfigKeys (ConfUtils.java:logGet(43)) - raft.server.log.statemachine.data.sync.timeout.retry = -1 (default)
2019-09-25 11:53:41,586 [pool-237-thread-1] INFO  server.RaftServerConfigKeys (ConfUtils.java:logGet(43)) - raft.server.log.statemachine.data.caching.enabled = true (custom)
2019-09-25 11:53:41,586 [pool-237-thread-1] INFO  segmented.SegmentedRaftLogWorker (SegmentedRaftLogWorker.java:lambda$new$0(132)) - e7427295-9757-4d0b-b6e1-b46374f24996@group-1821ACDD1E72-SegmentedRaftLogWorker: flushIndex: setUnconditionally 0 -> -1
2019-09-25 11:53:41,586 [pool-237-thread-1] INFO  server.RaftServerConfigKeys (ConfUtils.java:logGet(43)) - raft.server.snapshot.auto.trigger.enabled = true (custom)
2019-09-25 11:53:41,586 [pool-237-thread-1] INFO  server.RaftServerConfigKeys (ConfUtils.java:logGet(43)) - raft.server.snapshot.auto.trigger.threshold = 10000 (custom)
2019-09-25 11:53:41,586 [pool-237-thread-1] INFO  server.RaftServerConfigKeys (ConfUtils.java:logGet(43)) - raft.server.snapshot.retention.num.files = 5 (custom)
2019-09-25 11:53:41,587 [pool-237-thread-1] INFO  server.RaftServerConfigKeys (ConfUtils.java:logGet(43)) - raft.server.retrycache.expirytime = 600000ms (custom)
2019-09-25 11:53:41,588 [pool-237-thread-1] INFO  impl.RaftServerImpl (RaftServerImpl.java:start(185)) - e7427295-9757-4d0b-b6e1-b46374f24996@group-1821ACDD1E72: start as a follower, conf=-1: [e7427295-9757-4d0b-b6e1-b46374f24996:192.168.30.6:40322], old=null
2019-09-25 11:53:41,588 [pool-237-thread-1] INFO  impl.RaftServerImpl (RaftServerImpl.java:setRole(174)) - e7427295-9757-4d0b-b6e1-b46374f24996@group-1821ACDD1E72: changes role from      null to FOLLOWER at term 0 for startAsFollower
2019-09-25 11:53:41,588 [pool-237-thread-1] INFO  impl.RoleInfo (RoleInfo.java:updateAndGet(143)) - e7427295-9757-4d0b-b6e1-b46374f24996: start FollowerState
2019-09-25 11:53:41,588 [pool-237-thread-1] INFO  util.JmxRegister (JmxRegister.java:tryRegister(44)) - Successfully registered JMX Bean with object name Ratis:service=RaftServer,group=group-1821ACDD1E72,id=e7427295-9757-4d0b-b6e1-b46374f24996
2019-09-25 11:53:41,591 [RatisPipelineUtilsThread] INFO  pipeline.PipelineStateManager (PipelineStateManager.java:addPipeline(56)) - Created pipeline Pipeline[ Id: 3f031881-e86e-4e59-9942-1821acdd1e72, Nodes: e7427295-9757-4d0b-b6e1-b46374f24996{ip: 192.168.30.6, host: pr-hdds-1569-5gmkr-4255264070, networkLocation: /default-rack, certSerialId: null}, Type:RATIS, Factor:ONE, State:OPEN]
2019-09-25 11:53:41,592 [RatisPipelineUtilsThread] INFO  pipeline.PipelinePlacementPolicy (PipelinePlacementPolicy.java:meetCriteria(91)) - Pipeline Placement: can't place more pipeline on heavy datanode： 303dafdc-9735-46a1-812c-fb1ebd7b1011 Heaviness: 6 limit: 5
2019-09-25 11:53:41,596 [grpc-default-executor-0] INFO  impl.RaftServerProxy (RaftServerProxy.java:addNew(89)) - e7427295-9757-4d0b-b6e1-b46374f24996: addNew group-FA9D26C5EA13:[e7427295-9757-4d0b-b6e1-b46374f24996:192.168.30.6:40322] returns group-FA9D26C5EA13:java.util.concurrent.CompletableFuture@42e9819a[Not completed]
2019-09-25 11:53:41,597 [pool-237-thread-1] INFO  impl.RaftServerImpl (RaftServerImpl.java:<init>(95)) - e7427295-9757-4d0b-b6e1-b46374f24996: new RaftServerImpl for group-FA9D26C5EA13:[e7427295-9757-4d0b-b6e1-b46374f24996:192.168.30.6:40322] with ContainerStateMachine:uninitialized
2019-09-25 11:53:41,597 [pool-237-thread-1] INFO  server.RaftServerConfigKeys (ConfUtils.java:logGet(43)) - raft.server.rpc.timeout.min = 5s (custom)
2019-09-25 11:53:41,597 [pool-237-thread-1] INFO  server.RaftServerConfigKeys (ConfUtils.java:logGet(43)) - raft.server.rpc.timeout.max = 5200ms (custom)
2019-09-25 11:53:41,597 [pool-237-thread-1] INFO  server.RaftServerConfigKeys (ConfUtils.java:logGet(43)) - raft.server.rpcslowness.timeout = 120s (custom)
2019-09-25 11:53:41,597 [pool-237-thread-1] INFO  server.RaftServerConfigKeys (ConfUtils.java:logGet(43)) - raft.server.sleep.deviation.threshold = 300 (default)
2019-09-25 11:53:41,597 [pool-237-thread-1] INFO  server.RaftServerConfigKeys (ConfUtils.java:logGet(43)) - raft.server.log.appender.install.snapshot.enabled = false (custom)
2019-09-25 11:53:41,598 [pool-237-thread-1] INFO  impl.RaftServerImpl (ServerState.java:<init>(103)) - e7427295-9757-4d0b-b6e1-b46374f24996@group-FA9D26C5EA13: ConfigurationManager, init=-1: [e7427295-9757-4d0b-b6e1-b46374f24996:192.168.30.6:40322], old=null, confs=<EMPTY_MAP>
2019-09-25 11:53:41,598 [pool-237-thread-1] INFO  server.RaftServerConfigKeys (ConfUtils.java:logGet(43)) - raft.server.storage.dir = [/workdir/hadoop-ozone/ozonefs/target/test-dir/MiniOzoneClusterImpl-4d965d96-9517-4212-af55-0cc3287bfaeb/datanode-1/data/ratis] (custom)
2019-09-25 11:53:41,598 [pool-237-thread-1] INFO  storage.RaftStorageDirectory (RaftStorageDirectory.java:analyzeStorage(246)) - The storage directory /workdir/hadoop-ozone/ozonefs/target/test-dir/MiniOzoneClusterImpl-4d965d96-9517-4212-af55-0cc3287bfaeb/datanode-1/data/ratis/16fa07fd-9866-4fe2-ad12-fa9d26c5ea13 does not exist. Creating ...
2019-09-25 11:53:41,611 [pool-237-thread-1] INFO  storage.RaftStorageDirectory (RaftStorageDirectory.java:tryLock(328)) - Lock on /workdir/hadoop-ozone/ozonefs/target/test-dir/MiniOzoneClusterImpl-4d965d96-9517-4212-af55-0cc3287bfaeb/datanode-1/data/ratis/16fa07fd-9866-4fe2-ad12-fa9d26c5ea13/in_use.lock acquired by nodename 25060@pr-hdds-1569-5gmkr-4255264070
2019-09-25 11:53:41,623 [pool-237-thread-1] INFO  storage.RaftStorage (RaftStorage.java:format(72)) - Storage directory /workdir/hadoop-ozone/ozonefs/target/test-dir/MiniOzoneClusterImpl-4d965d96-9517-4212-af55-0cc3287bfaeb/datanode-1/data/ratis/16fa07fd-9866-4fe2-ad12-fa9d26c5ea13 has been successfully formatted.
2019-09-25 11:53:41,623 [pool-237-thread-1] INFO  ratis.ContainerStateMachine (ContainerStateMachine.java:loadSnapshot(230)) - group-FA9D26C5EA13: The snapshot info is null. Setting the last applied indexto:(t:0, i:~)
2019-09-25 11:53:41,623 [pool-237-thread-1] INFO  server.RaftServerConfigKeys (ConfUtils.java:logGet(43)) - raft.server.notification.no-leader.timeout = 120s (custom)
2019-09-25 11:53:41,623 [pool-237-thread-1] INFO  server.RaftServerConfigKeys (ConfUtils.java:logGet(43)) - raft.server.log.use.memory = false (default)
2019-09-25 11:53:41,623 [pool-237-thread-1] INFO  server.RaftServerConfigKeys (ConfUtils.java:logGet(43)) - raft.server.log.purge.gap = 1000000 (custom)
2019-09-25 11:53:41,623 [pool-237-thread-1] INFO  server.RaftServerConfigKeys (ConfUtils.java:logGet(43)) - raft.server.log.appender.buffer.byte-limit = 33554432 (custom)
2019-09-25 11:53:41,624 [pool-237-thread-1] INFO  server.RaftServerConfigKeys (ConfUtils.java:logGet(43)) - raft.server.log.segment.size.max = 1048576 (custom)
2019-09-25 11:53:41,624 [pool-237-thread-1] INFO  server.RaftServerConfigKeys (ConfUtils.java:logGet(43)) - raft.server.log.segment.cache.num.max = 2 (custom)
2019-09-25 11:53:41,624 [pool-237-thread-1] INFO  segmented.SegmentedRaftLogWorker (SegmentedRaftLogWorker.java:<init>(172)) - new e7427295-9757-4d0b-b6e1-b46374f24996@group-FA9D26C5EA13-SegmentedRaftLogWorker for RaftStorage:Storage Directory /workdir/hadoop-ozone/ozonefs/target/test-dir/MiniOzoneClusterImpl-4d965d96-9517-4212-af55-0cc3287bfaeb/datanode-1/data/ratis/16fa07fd-9866-4fe2-ad12-fa9d26c5ea13
2019-09-25 11:53:41,624 [pool-237-thread-1] INFO  server.RaftServerConfigKeys (ConfUtils.java:logGet(43)) - raft.server.log.queue.byte-limit = 2147483647 (custom)
2019-09-25 11:53:41,624 [pool-237-thread-1] INFO  server.RaftServerConfigKeys (ConfUtils.java:logGet(43)) - raft.server.log.queue.element-limit = 1024 (custom)
2019-09-25 11:53:41,624 [pool-237-thread-1] INFO  server.RaftServerConfigKeys (ConfUtils.java:logGet(43)) - raft.server.log.segment.size.max = 1048576 (custom)
2019-09-25 11:53:41,624 [pool-237-thread-1] INFO  server.RaftServerConfigKeys (ConfUtils.java:logGet(43)) - raft.server.log.preallocated.size = 16384 (custom)
2019-09-25 11:53:41,624 [pool-237-thread-1] INFO  server.RaftServerConfigKeys (ConfUtils.java:logGet(43)) - raft.server.log.write.buffer.size = 33554432 (custom)
2019-09-25 11:53:41,624 [pool-237-thread-1] INFO  server.RaftServerConfigKeys (ConfUtils.java:logGet(43)) - raft.server.log.force.sync.num = 128 (default)
2019-09-25 11:53:41,624 [pool-237-thread-1] INFO  server.RaftServerConfigKeys (ConfUtils.java:logGet(43)) - raft.server.log.statemachine.data.sync = true (default)
2019-09-25 11:53:41,624 [pool-237-thread-1] INFO  server.RaftServerConfigKeys (ConfUtils.java:logGet(43)) - raft.server.log.statemachine.data.sync.timeout = 10s (default)
2019-09-25 11:53:41,624 [pool-237-thread-1] INFO  server.RaftServerConfigKeys (ConfUtils.java:logGet(43)) - raft.server.log.statemachine.data.sync.timeout.retry = -1 (default)
2019-09-25 11:53:41,625 [pool-237-thread-1] INFO  server.RaftServerConfigKeys (ConfUtils.java:logGet(43)) - raft.server.log.statemachine.data.caching.enabled = true (custom)
2019-09-25 11:53:41,625 [pool-237-thread-1] INFO  segmented.SegmentedRaftLogWorker (SegmentedRaftLogWorker.java:lambda$new$0(132)) - e7427295-9757-4d0b-b6e1-b46374f24996@group-FA9D26C5EA13-SegmentedRaftLogWorker: flushIndex: setUnconditionally 0 -> -1
2019-09-25 11:53:41,625 [pool-237-thread-1] INFO  server.RaftServerConfigKeys (ConfUtils.java:logGet(43)) - raft.server.snapshot.auto.trigger.enabled = true (custom)
2019-09-25 11:53:41,625 [pool-237-thread-1] INFO  server.RaftServerConfigKeys (ConfUtils.java:logGet(43)) - raft.server.snapshot.auto.trigger.threshold = 10000 (custom)
2019-09-25 11:53:41,625 [pool-237-thread-1] INFO  server.RaftServerConfigKeys (ConfUtils.java:logGet(43)) - raft.server.snapshot.retention.num.files = 5 (custom)
2019-09-25 11:53:41,625 [pool-237-thread-1] INFO  server.RaftServerConfigKeys (ConfUtils.java:logGet(43)) - raft.server.retrycache.expirytime = 600000ms (custom)
2019-09-25 11:53:41,626 [pool-237-thread-1] INFO  impl.RaftServerImpl (RaftServerImpl.java:start(185)) - e7427295-9757-4d0b-b6e1-b46374f24996@group-FA9D26C5EA13: start as a follower, conf=-1: [e7427295-9757-4d0b-b6e1-b46374f24996:192.168.30.6:40322], old=null
2019-09-25 11:53:41,627 [pool-237-thread-1] INFO  impl.RaftServerImpl (RaftServerImpl.java:setRole(174)) - e7427295-9757-4d0b-b6e1-b46374f24996@group-FA9D26C5EA13: changes role from      null to FOLLOWER at term 0 for startAsFollower
2019-09-25 11:53:41,627 [pool-237-thread-1] INFO  impl.RoleInfo (RoleInfo.java:updateAndGet(143)) - e7427295-9757-4d0b-b6e1-b46374f24996: start FollowerState
2019-09-25 11:53:41,627 [pool-237-thread-1] INFO  util.JmxRegister (JmxRegister.java:tryRegister(44)) - Successfully registered JMX Bean with object name Ratis:service=RaftServer,group=group-FA9D26C5EA13,id=e7427295-9757-4d0b-b6e1-b46374f24996
2019-09-25 11:53:41,630 [RatisPipelineUtilsThread] INFO  pipeline.PipelineStateManager (PipelineStateManager.java:addPipeline(56)) - Created pipeline Pipeline[ Id: 16fa07fd-9866-4fe2-ad12-fa9d26c5ea13, Nodes: e7427295-9757-4d0b-b6e1-b46374f24996{ip: 192.168.30.6, host: pr-hdds-1569-5gmkr-4255264070, networkLocation: /default-rack, certSerialId: null}, Type:RATIS, Factor:ONE, State:OPEN]
2019-09-25 11:53:41,630 [RatisPipelineUtilsThread] INFO  pipeline.PipelinePlacementPolicy (PipelinePlacementPolicy.java:meetCriteria(91)) - Pipeline Placement: can't place more pipeline on heavy datanode： 303dafdc-9735-46a1-812c-fb1ebd7b1011 Heaviness: 6 limit: 5
2019-09-25 11:53:41,630 [RatisPipelineUtilsThread] INFO  pipeline.PipelinePlacementPolicy (PipelinePlacementPolicy.java:meetCriteria(91)) - Pipeline Placement: can't place more pipeline on heavy datanode： e7427295-9757-4d0b-b6e1-b46374f24996 Heaviness: 6 limit: 5
2019-09-25 11:53:41,634 [grpc-default-executor-0] INFO  impl.RaftServerProxy (RaftServerProxy.java:addNew(89)) - 4b163e73-9124-45c5-8da1-c8a8a9e20704: addNew group-DE0FA5766B47:[4b163e73-9124-45c5-8da1-c8a8a9e20704:192.168.30.6:35803] returns group-DE0FA5766B47:java.util.concurrent.CompletableFuture@59e5a89d[Not completed]
2019-09-25 11:53:41,635 [pool-247-thread-1] INFO  impl.RaftServerImpl (RaftServerImpl.java:<init>(95)) - 4b163e73-9124-45c5-8da1-c8a8a9e20704: new RaftServerImpl for group-DE0FA5766B47:[4b163e73-9124-45c5-8da1-c8a8a9e20704:192.168.30.6:35803] with ContainerStateMachine:uninitialized
2019-09-25 11:53:41,635 [pool-247-thread-1] INFO  server.RaftServerConfigKeys (ConfUtils.java:logGet(43)) - raft.server.rpc.timeout.min = 5s (custom)
2019-09-25 11:53:41,635 [pool-247-thread-1] INFO  server.RaftServerConfigKeys (ConfUtils.java:logGet(43)) - raft.server.rpc.timeout.max = 5200ms (custom)
2019-09-25 11:53:41,635 [pool-247-thread-1] INFO  server.RaftServerConfigKeys (ConfUtils.java:logGet(43)) - raft.server.rpcslowness.timeout = 120s (custom)
2019-09-25 11:53:41,635 [pool-247-thread-1] INFO  server.RaftServerConfigKeys (ConfUtils.java:logGet(43)) - raft.server.sleep.deviation.threshold = 300 (default)
2019-09-25 11:53:41,635 [pool-247-thread-1] INFO  server.RaftServerConfigKeys (ConfUtils.java:logGet(43)) - raft.server.log.appender.install.snapshot.enabled = false (custom)
2019-09-25 11:53:41,636 [pool-247-thread-1] INFO  impl.RaftServerImpl (ServerState.java:<init>(103)) - 4b163e73-9124-45c5-8da1-c8a8a9e20704@group-DE0FA5766B47: ConfigurationManager, init=-1: [4b163e73-9124-45c5-8da1-c8a8a9e20704:192.168.30.6:35803], old=null, confs=<EMPTY_MAP>
2019-09-25 11:53:41,636 [pool-247-thread-1] INFO  server.RaftServerConfigKeys (ConfUtils.java:logGet(43)) - raft.server.storage.dir = [/workdir/hadoop-ozone/ozonefs/target/test-dir/MiniOzoneClusterImpl-4d965d96-9517-4212-af55-0cc3287bfaeb/datanode-2/data/ratis] (custom)
2019-09-25 11:53:41,636 [pool-247-thread-1] INFO  storage.RaftStorageDirectory (RaftStorageDirectory.java:analyzeStorage(246)) - The storage directory /workdir/hadoop-ozone/ozonefs/target/test-dir/MiniOzoneClusterImpl-4d965d96-9517-4212-af55-0cc3287bfaeb/datanode-2/data/ratis/41439f74-9f2b-4f6a-8681-de0fa5766b47 does not exist. Creating ...
2019-09-25 11:53:41,649 [pool-247-thread-1] INFO  storage.RaftStorageDirectory (RaftStorageDirectory.java:tryLock(328)) - Lock on /workdir/hadoop-ozone/ozonefs/target/test-dir/MiniOzoneClusterImpl-4d965d96-9517-4212-af55-0cc3287bfaeb/datanode-2/data/ratis/41439f74-9f2b-4f6a-8681-de0fa5766b47/in_use.lock acquired by nodename 25060@pr-hdds-1569-5gmkr-4255264070
2019-09-25 11:53:41,661 [pool-247-thread-1] INFO  storage.RaftStorage (RaftStorage.java:format(72)) - Storage directory /workdir/hadoop-ozone/ozonefs/target/test-dir/MiniOzoneClusterImpl-4d965d96-9517-4212-af55-0cc3287bfaeb/datanode-2/data/ratis/41439f74-9f2b-4f6a-8681-de0fa5766b47 has been successfully formatted.
2019-09-25 11:53:41,661 [pool-247-thread-1] INFO  ratis.ContainerStateMachine (ContainerStateMachine.java:loadSnapshot(230)) - group-DE0FA5766B47: The snapshot info is null. Setting the last applied indexto:(t:0, i:~)
2019-09-25 11:53:41,661 [pool-247-thread-1] INFO  server.RaftServerConfigKeys (ConfUtils.java:logGet(43)) - raft.server.notification.no-leader.timeout = 120s (custom)
2019-09-25 11:53:41,661 [pool-247-thread-1] INFO  server.RaftServerConfigKeys (ConfUtils.java:logGet(43)) - raft.server.log.use.memory = false (default)
2019-09-25 11:53:41,661 [pool-247-thread-1] INFO  server.RaftServerConfigKeys (ConfUtils.java:logGet(43)) - raft.server.log.purge.gap = 1000000 (custom)
2019-09-25 11:53:41,662 [pool-247-thread-1] INFO  server.RaftServerConfigKeys (ConfUtils.java:logGet(43)) - raft.server.log.appender.buffer.byte-limit = 33554432 (custom)
2019-09-25 11:53:41,662 [pool-247-thread-1] INFO  server.RaftServerConfigKeys (ConfUtils.java:logGet(43)) - raft.server.log.segment.size.max = 1048576 (custom)
2019-09-25 11:53:41,662 [pool-247-thread-1] INFO  server.RaftServerConfigKeys (ConfUtils.java:logGet(43)) - raft.server.log.segment.cache.num.max = 2 (custom)
2019-09-25 11:53:41,662 [pool-247-thread-1] INFO  segmented.SegmentedRaftLogWorker (SegmentedRaftLogWorker.java:<init>(172)) - new 4b163e73-9124-45c5-8da1-c8a8a9e20704@group-DE0FA5766B47-SegmentedRaftLogWorker for RaftStorage:Storage Directory /workdir/hadoop-ozone/ozonefs/target/test-dir/MiniOzoneClusterImpl-4d965d96-9517-4212-af55-0cc3287bfaeb/datanode-2/data/ratis/41439f74-9f2b-4f6a-8681-de0fa5766b47
2019-09-25 11:53:41,662 [pool-247-thread-1] INFO  server.RaftServerConfigKeys (ConfUtils.java:logGet(43)) - raft.server.log.queue.byte-limit = 2147483647 (custom)
2019-09-25 11:53:41,662 [pool-247-thread-1] INFO  server.RaftServerConfigKeys (ConfUtils.java:logGet(43)) - raft.server.log.queue.element-limit = 1024 (custom)
2019-09-25 11:53:41,662 [pool-247-thread-1] INFO  server.RaftServerConfigKeys (ConfUtils.java:logGet(43)) - raft.server.log.segment.size.max = 1048576 (custom)
2019-09-25 11:53:41,662 [pool-247-thread-1] INFO  server.RaftServerConfigKeys (ConfUtils.java:logGet(43)) - raft.server.log.preallocated.size = 16384 (custom)
2019-09-25 11:53:41,662 [pool-247-thread-1] INFO  server.RaftServerConfigKeys (ConfUtils.java:logGet(43)) - raft.server.log.write.buffer.size = 33554432 (custom)
2019-09-25 11:53:41,662 [pool-247-thread-1] INFO  server.RaftServerConfigKeys (ConfUtils.java:logGet(43)) - raft.server.log.force.sync.num = 128 (default)
2019-09-25 11:53:41,662 [pool-247-thread-1] INFO  server.RaftServerConfigKeys (ConfUtils.java:logGet(43)) - raft.server.log.statemachine.data.sync = true (default)
2019-09-25 11:53:41,663 [pool-247-thread-1] INFO  server.RaftServerConfigKeys (ConfUtils.java:logGet(43)) - raft.server.log.statemachine.data.sync.timeout = 10s (default)
2019-09-25 11:53:41,663 [pool-247-thread-1] INFO  server.RaftServerConfigKeys (ConfUtils.java:logGet(43)) - raft.server.log.statemachine.data.sync.timeout.retry = -1 (default)
2019-09-25 11:53:41,663 [pool-247-thread-1] INFO  server.RaftServerConfigKeys (ConfUtils.java:logGet(43)) - raft.server.log.statemachine.data.caching.enabled = true (custom)
2019-09-25 11:53:41,663 [pool-247-thread-1] INFO  segmented.SegmentedRaftLogWorker (SegmentedRaftLogWorker.java:lambda$new$0(132)) - 4b163e73-9124-45c5-8da1-c8a8a9e20704@group-DE0FA5766B47-SegmentedRaftLogWorker: flushIndex: setUnconditionally 0 -> -1
2019-09-25 11:53:41,663 [pool-247-thread-1] INFO  server.RaftServerConfigKeys (ConfUtils.java:logGet(43)) - raft.server.snapshot.auto.trigger.enabled = true (custom)
2019-09-25 11:53:41,663 [pool-247-thread-1] INFO  server.RaftServerConfigKeys (ConfUtils.java:logGet(43)) - raft.server.snapshot.auto.trigger.threshold = 10000 (custom)
2019-09-25 11:53:41,663 [pool-247-thread-1] INFO  server.RaftServerConfigKeys (ConfUtils.java:logGet(43)) - raft.server.snapshot.retention.num.files = 5 (custom)
2019-09-25 11:53:41,663 [pool-247-thread-1] INFO  server.RaftServerConfigKeys (ConfUtils.java:logGet(43)) - raft.server.retrycache.expirytime = 600000ms (custom)
2019-09-25 11:53:41,665 [pool-247-thread-1] INFO  impl.RaftServerImpl (RaftServerImpl.java:start(185)) - 4b163e73-9124-45c5-8da1-c8a8a9e20704@group-DE0FA5766B47: start as a follower, conf=-1: [4b163e73-9124-45c5-8da1-c8a8a9e20704:192.168.30.6:35803], old=null
2019-09-25 11:53:41,665 [pool-247-thread-1] INFO  impl.RaftServerImpl (RaftServerImpl.java:setRole(174)) - 4b163e73-9124-45c5-8da1-c8a8a9e20704@group-DE0FA5766B47: changes role from      null to FOLLOWER at term 0 for startAsFollower
2019-09-25 11:53:41,665 [pool-247-thread-1] INFO  impl.RoleInfo (RoleInfo.java:updateAndGet(143)) - 4b163e73-9124-45c5-8da1-c8a8a9e20704: start FollowerState
2019-09-25 11:53:41,665 [pool-247-thread-1] INFO  util.JmxRegister (JmxRegister.java:tryRegister(44)) - Successfully registered JMX Bean with object name Ratis:service=RaftServer,group=group-DE0FA5766B47,id=4b163e73-9124-45c5-8da1-c8a8a9e20704
2019-09-25 11:53:41,668 [RatisPipelineUtilsThread] INFO  pipeline.PipelineStateManager (PipelineStateManager.java:addPipeline(56)) - Created pipeline Pipeline[ Id: 41439f74-9f2b-4f6a-8681-de0fa5766b47, Nodes: 4b163e73-9124-45c5-8da1-c8a8a9e20704{ip: 192.168.30.6, host: pr-hdds-1569-5gmkr-4255264070, networkLocation: /default-rack, certSerialId: null}, Type:RATIS, Factor:ONE, State:OPEN]
2019-09-25 11:53:41,668 [RatisPipelineUtilsThread] INFO  pipeline.PipelinePlacementPolicy (PipelinePlacementPolicy.java:meetCriteria(91)) - Pipeline Placement: can't place more pipeline on heavy datanode： 303dafdc-9735-46a1-812c-fb1ebd7b1011 Heaviness: 6 limit: 5
2019-09-25 11:53:41,668 [RatisPipelineUtilsThread] INFO  pipeline.PipelinePlacementPolicy (PipelinePlacementPolicy.java:meetCriteria(91)) - Pipeline Placement: can't place more pipeline on heavy datanode： e7427295-9757-4d0b-b6e1-b46374f24996 Heaviness: 6 limit: 5
2019-09-25 11:53:41,673 [grpc-default-executor-0] INFO  impl.RaftServerProxy (RaftServerProxy.java:addNew(89)) - 4b163e73-9124-45c5-8da1-c8a8a9e20704: addNew group-96B44C5121E3:[4b163e73-9124-45c5-8da1-c8a8a9e20704:192.168.30.6:35803] returns group-96B44C5121E3:java.util.concurrent.CompletableFuture@722e768d[Not completed]
2019-09-25 11:53:41,674 [pool-247-thread-1] INFO  impl.RaftServerImpl (RaftServerImpl.java:<init>(95)) - 4b163e73-9124-45c5-8da1-c8a8a9e20704: new RaftServerImpl for group-96B44C5121E3:[4b163e73-9124-45c5-8da1-c8a8a9e20704:192.168.30.6:35803] with ContainerStateMachine:uninitialized
2019-09-25 11:53:41,674 [pool-247-thread-1] INFO  server.RaftServerConfigKeys (ConfUtils.java:logGet(43)) - raft.server.rpc.timeout.min = 5s (custom)
2019-09-25 11:53:41,674 [pool-247-thread-1] INFO  server.RaftServerConfigKeys (ConfUtils.java:logGet(43)) - raft.server.rpc.timeout.max = 5200ms (custom)
2019-09-25 11:53:41,674 [pool-247-thread-1] INFO  server.RaftServerConfigKeys (ConfUtils.java:logGet(43)) - raft.server.rpcslowness.timeout = 120s (custom)
2019-09-25 11:53:41,674 [pool-247-thread-1] INFO  server.RaftServerConfigKeys (ConfUtils.java:logGet(43)) - raft.server.sleep.deviation.threshold = 300 (default)
2019-09-25 11:53:41,674 [pool-247-thread-1] INFO  server.RaftServerConfigKeys (ConfUtils.java:logGet(43)) - raft.server.log.appender.install.snapshot.enabled = false (custom)
2019-09-25 11:53:41,674 [pool-247-thread-1] INFO  impl.RaftServerImpl (ServerState.java:<init>(103)) - 4b163e73-9124-45c5-8da1-c8a8a9e20704@group-96B44C5121E3: ConfigurationManager, init=-1: [4b163e73-9124-45c5-8da1-c8a8a9e20704:192.168.30.6:35803], old=null, confs=<EMPTY_MAP>
2019-09-25 11:53:41,674 [pool-247-thread-1] INFO  server.RaftServerConfigKeys (ConfUtils.java:logGet(43)) - raft.server.storage.dir = [/workdir/hadoop-ozone/ozonefs/target/test-dir/MiniOzoneClusterImpl-4d965d96-9517-4212-af55-0cc3287bfaeb/datanode-2/data/ratis] (custom)
2019-09-25 11:53:41,674 [pool-247-thread-1] INFO  storage.RaftStorageDirectory (RaftStorageDirectory.java:analyzeStorage(246)) - The storage directory /workdir/hadoop-ozone/ozonefs/target/test-dir/MiniOzoneClusterImpl-4d965d96-9517-4212-af55-0cc3287bfaeb/datanode-2/data/ratis/ff988bc5-af91-4d4c-9725-96b44c5121e3 does not exist. Creating ...
2019-09-25 11:53:41,687 [pool-247-thread-1] INFO  storage.RaftStorageDirectory (RaftStorageDirectory.java:tryLock(328)) - Lock on /workdir/hadoop-ozone/ozonefs/target/test-dir/MiniOzoneClusterImpl-4d965d96-9517-4212-af55-0cc3287bfaeb/datanode-2/data/ratis/ff988bc5-af91-4d4c-9725-96b44c5121e3/in_use.lock acquired by nodename 25060@pr-hdds-1569-5gmkr-4255264070
2019-09-25 11:53:41,700 [pool-247-thread-1] INFO  storage.RaftStorage (RaftStorage.java:format(72)) - Storage directory /workdir/hadoop-ozone/ozonefs/target/test-dir/MiniOzoneClusterImpl-4d965d96-9517-4212-af55-0cc3287bfaeb/datanode-2/data/ratis/ff988bc5-af91-4d4c-9725-96b44c5121e3 has been successfully formatted.
2019-09-25 11:53:41,700 [pool-247-thread-1] INFO  ratis.ContainerStateMachine (ContainerStateMachine.java:loadSnapshot(230)) - group-96B44C5121E3: The snapshot info is null. Setting the last applied indexto:(t:0, i:~)
2019-09-25 11:53:41,700 [pool-247-thread-1] INFO  server.RaftServerConfigKeys (ConfUtils.java:logGet(43)) - raft.server.notification.no-leader.timeout = 120s (custom)
2019-09-25 11:53:41,700 [pool-247-thread-1] INFO  server.RaftServerConfigKeys (ConfUtils.java:logGet(43)) - raft.server.log.use.memory = false (default)
2019-09-25 11:53:41,700 [pool-247-thread-1] INFO  server.RaftServerConfigKeys (ConfUtils.java:logGet(43)) - raft.server.log.purge.gap = 1000000 (custom)
2019-09-25 11:53:41,701 [pool-247-thread-1] INFO  server.RaftServerConfigKeys (ConfUtils.java:logGet(43)) - raft.server.log.appender.buffer.byte-limit = 33554432 (custom)
2019-09-25 11:53:41,701 [pool-247-thread-1] INFO  server.RaftServerConfigKeys (ConfUtils.java:logGet(43)) - raft.server.log.segment.size.max = 1048576 (custom)
2019-09-25 11:53:41,701 [pool-247-thread-1] INFO  server.RaftServerConfigKeys (ConfUtils.java:logGet(43)) - raft.server.log.segment.cache.num.max = 2 (custom)
2019-09-25 11:53:41,701 [pool-247-thread-1] INFO  segmented.SegmentedRaftLogWorker (SegmentedRaftLogWorker.java:<init>(172)) - new 4b163e73-9124-45c5-8da1-c8a8a9e20704@group-96B44C5121E3-SegmentedRaftLogWorker for RaftStorage:Storage Directory /workdir/hadoop-ozone/ozonefs/target/test-dir/MiniOzoneClusterImpl-4d965d96-9517-4212-af55-0cc3287bfaeb/datanode-2/data/ratis/ff988bc5-af91-4d4c-9725-96b44c5121e3
2019-09-25 11:53:41,701 [pool-247-thread-1] INFO  server.RaftServerConfigKeys (ConfUtils.java:logGet(43)) - raft.server.log.queue.byte-limit = 2147483647 (custom)
2019-09-25 11:53:41,701 [pool-247-thread-1] INFO  server.RaftServerConfigKeys (ConfUtils.java:logGet(43)) - raft.server.log.queue.element-limit = 1024 (custom)
2019-09-25 11:53:41,701 [pool-247-thread-1] INFO  server.RaftServerConfigKeys (ConfUtils.java:logGet(43)) - raft.server.log.segment.size.max = 1048576 (custom)
2019-09-25 11:53:41,701 [pool-247-thread-1] INFO  server.RaftServerConfigKeys (ConfUtils.java:logGet(43)) - raft.server.log.preallocated.size = 16384 (custom)
2019-09-25 11:53:41,701 [pool-247-thread-1] INFO  server.RaftServerConfigKeys (ConfUtils.java:logGet(43)) - raft.server.log.write.buffer.size = 33554432 (custom)
2019-09-25 11:53:41,701 [pool-247-thread-1] INFO  server.RaftServerConfigKeys (ConfUtils.java:logGet(43)) - raft.server.log.force.sync.num = 128 (default)
2019-09-25 11:53:41,701 [pool-247-thread-1] INFO  server.RaftServerConfigKeys (ConfUtils.java:logGet(43)) - raft.server.log.statemachine.data.sync = true (default)
2019-09-25 11:53:41,702 [pool-247-thread-1] INFO  server.RaftServerConfigKeys (ConfUtils.java:logGet(43)) - raft.server.log.statemachine.data.sync.timeout = 10s (default)
2019-09-25 11:53:41,702 [pool-247-thread-1] INFO  server.RaftServerConfigKeys (ConfUtils.java:logGet(43)) - raft.server.log.statemachine.data.sync.timeout.retry = -1 (default)
2019-09-25 11:53:41,702 [pool-247-thread-1] INFO  server.RaftServerConfigKeys (ConfUtils.java:logGet(43)) - raft.server.log.statemachine.data.caching.enabled = true (custom)
2019-09-25 11:53:41,702 [pool-247-thread-1] INFO  segmented.SegmentedRaftLogWorker (SegmentedRaftLogWorker.java:lambda$new$0(132)) - 4b163e73-9124-45c5-8da1-c8a8a9e20704@group-96B44C5121E3-SegmentedRaftLogWorker: flushIndex: setUnconditionally 0 -> -1
2019-09-25 11:53:41,702 [pool-247-thread-1] INFO  server.RaftServerConfigKeys (ConfUtils.java:logGet(43)) - raft.server.snapshot.auto.trigger.enabled = true (custom)
2019-09-25 11:53:41,702 [pool-247-thread-1] INFO  server.RaftServerConfigKeys (ConfUtils.java:logGet(43)) - raft.server.snapshot.auto.trigger.threshold = 10000 (custom)
2019-09-25 11:53:41,702 [pool-247-thread-1] INFO  server.RaftServerConfigKeys (ConfUtils.java:logGet(43)) - raft.server.snapshot.retention.num.files = 5 (custom)
2019-09-25 11:53:41,702 [pool-247-thread-1] INFO  server.RaftServerConfigKeys (ConfUtils.java:logGet(43)) - raft.server.retrycache.expirytime = 600000ms (custom)
2019-09-25 11:53:41,704 [pool-247-thread-1] INFO  impl.RaftServerImpl (RaftServerImpl.java:start(185)) - 4b163e73-9124-45c5-8da1-c8a8a9e20704@group-96B44C5121E3: start as a follower, conf=-1: [4b163e73-9124-45c5-8da1-c8a8a9e20704:192.168.30.6:35803], old=null
2019-09-25 11:53:41,704 [pool-247-thread-1] INFO  impl.RaftServerImpl (RaftServerImpl.java:setRole(174)) - 4b163e73-9124-45c5-8da1-c8a8a9e20704@group-96B44C5121E3: changes role from      null to FOLLOWER at term 0 for startAsFollower
2019-09-25 11:53:41,704 [pool-247-thread-1] INFO  impl.RoleInfo (RoleInfo.java:updateAndGet(143)) - 4b163e73-9124-45c5-8da1-c8a8a9e20704: start FollowerState
2019-09-25 11:53:41,704 [pool-247-thread-1] INFO  util.JmxRegister (JmxRegister.java:tryRegister(44)) - Successfully registered JMX Bean with object name Ratis:service=RaftServer,group=group-96B44C5121E3,id=4b163e73-9124-45c5-8da1-c8a8a9e20704
2019-09-25 11:53:41,706 [RatisPipelineUtilsThread] INFO  pipeline.PipelineStateManager (PipelineStateManager.java:addPipeline(56)) - Created pipeline Pipeline[ Id: ff988bc5-af91-4d4c-9725-96b44c5121e3, Nodes: 4b163e73-9124-45c5-8da1-c8a8a9e20704{ip: 192.168.30.6, host: pr-hdds-1569-5gmkr-4255264070, networkLocation: /default-rack, certSerialId: null}, Type:RATIS, Factor:ONE, State:OPEN]
2019-09-25 11:53:41,707 [RatisPipelineUtilsThread] INFO  pipeline.PipelinePlacementPolicy (PipelinePlacementPolicy.java:meetCriteria(91)) - Pipeline Placement: can't place more pipeline on heavy datanode： 303dafdc-9735-46a1-812c-fb1ebd7b1011 Heaviness: 6 limit: 5
2019-09-25 11:53:41,707 [RatisPipelineUtilsThread] INFO  pipeline.PipelinePlacementPolicy (PipelinePlacementPolicy.java:meetCriteria(91)) - Pipeline Placement: can't place more pipeline on heavy datanode： e7427295-9757-4d0b-b6e1-b46374f24996 Heaviness: 6 limit: 5
2019-09-25 11:53:41,711 [grpc-default-executor-0] INFO  impl.RaftServerProxy (RaftServerProxy.java:addNew(89)) - 4b163e73-9124-45c5-8da1-c8a8a9e20704: addNew group-0D8C63B35694:[4b163e73-9124-45c5-8da1-c8a8a9e20704:192.168.30.6:35803] returns group-0D8C63B35694:java.util.concurrent.CompletableFuture@a35e3fc[Not completed]
2019-09-25 11:53:41,712 [pool-247-thread-1] INFO  impl.RaftServerImpl (RaftServerImpl.java:<init>(95)) - 4b163e73-9124-45c5-8da1-c8a8a9e20704: new RaftServerImpl for group-0D8C63B35694:[4b163e73-9124-45c5-8da1-c8a8a9e20704:192.168.30.6:35803] with ContainerStateMachine:uninitialized
2019-09-25 11:53:41,712 [pool-247-thread-1] INFO  server.RaftServerConfigKeys (ConfUtils.java:logGet(43)) - raft.server.rpc.timeout.min = 5s (custom)
2019-09-25 11:53:41,712 [pool-247-thread-1] INFO  server.RaftServerConfigKeys (ConfUtils.java:logGet(43)) - raft.server.rpc.timeout.max = 5200ms (custom)
2019-09-25 11:53:41,712 [pool-247-thread-1] INFO  server.RaftServerConfigKeys (ConfUtils.java:logGet(43)) - raft.server.rpcslowness.timeout = 120s (custom)
2019-09-25 11:53:41,712 [pool-247-thread-1] INFO  server.RaftServerConfigKeys (ConfUtils.java:logGet(43)) - raft.server.sleep.deviation.threshold = 300 (default)
2019-09-25 11:53:41,712 [pool-247-thread-1] INFO  server.RaftServerConfigKeys (ConfUtils.java:logGet(43)) - raft.server.log.appender.install.snapshot.enabled = false (custom)
2019-09-25 11:53:41,712 [pool-247-thread-1] INFO  impl.RaftServerImpl (ServerState.java:<init>(103)) - 4b163e73-9124-45c5-8da1-c8a8a9e20704@group-0D8C63B35694: ConfigurationManager, init=-1: [4b163e73-9124-45c5-8da1-c8a8a9e20704:192.168.30.6:35803], old=null, confs=<EMPTY_MAP>
2019-09-25 11:53:41,713 [pool-247-thread-1] INFO  server.RaftServerConfigKeys (ConfUtils.java:logGet(43)) - raft.server.storage.dir = [/workdir/hadoop-ozone/ozonefs/target/test-dir/MiniOzoneClusterImpl-4d965d96-9517-4212-af55-0cc3287bfaeb/datanode-2/data/ratis] (custom)
2019-09-25 11:53:41,713 [pool-247-thread-1] INFO  storage.RaftStorageDirectory (RaftStorageDirectory.java:analyzeStorage(246)) - The storage directory /workdir/hadoop-ozone/ozonefs/target/test-dir/MiniOzoneClusterImpl-4d965d96-9517-4212-af55-0cc3287bfaeb/datanode-2/data/ratis/24fd8bd8-07ec-4ed3-9e95-0d8c63b35694 does not exist. Creating ...
2019-09-25 11:53:41,725 [pool-247-thread-1] INFO  storage.RaftStorageDirectory (RaftStorageDirectory.java:tryLock(328)) - Lock on /workdir/hadoop-ozone/ozonefs/target/test-dir/MiniOzoneClusterImpl-4d965d96-9517-4212-af55-0cc3287bfaeb/datanode-2/data/ratis/24fd8bd8-07ec-4ed3-9e95-0d8c63b35694/in_use.lock acquired by nodename 25060@pr-hdds-1569-5gmkr-4255264070
2019-09-25 11:53:41,738 [pool-247-thread-1] INFO  storage.RaftStorage (RaftStorage.java:format(72)) - Storage directory /workdir/hadoop-ozone/ozonefs/target/test-dir/MiniOzoneClusterImpl-4d965d96-9517-4212-af55-0cc3287bfaeb/datanode-2/data/ratis/24fd8bd8-07ec-4ed3-9e95-0d8c63b35694 has been successfully formatted.
2019-09-25 11:53:41,738 [pool-247-thread-1] INFO  ratis.ContainerStateMachine (ContainerStateMachine.java:loadSnapshot(230)) - group-0D8C63B35694: The snapshot info is null. Setting the last applied indexto:(t:0, i:~)
2019-09-25 11:53:41,738 [pool-247-thread-1] INFO  server.RaftServerConfigKeys (ConfUtils.java:logGet(43)) - raft.server.notification.no-leader.timeout = 120s (custom)
2019-09-25 11:53:41,738 [pool-247-thread-1] INFO  server.RaftServerConfigKeys (ConfUtils.java:logGet(43)) - raft.server.log.use.memory = false (default)
2019-09-25 11:53:41,738 [pool-247-thread-1] INFO  server.RaftServerConfigKeys (ConfUtils.java:logGet(43)) - raft.server.log.purge.gap = 1000000 (custom)
2019-09-25 11:53:41,738 [pool-247-thread-1] INFO  server.RaftServerConfigKeys (ConfUtils.java:logGet(43)) - raft.server.log.appender.buffer.byte-limit = 33554432 (custom)
2019-09-25 11:53:41,739 [pool-247-thread-1] INFO  server.RaftServerConfigKeys (ConfUtils.java:logGet(43)) - raft.server.log.segment.size.max = 1048576 (custom)
2019-09-25 11:53:41,739 [pool-247-thread-1] INFO  server.RaftServerConfigKeys (ConfUtils.java:logGet(43)) - raft.server.log.segment.cache.num.max = 2 (custom)
2019-09-25 11:53:41,739 [pool-247-thread-1] INFO  segmented.SegmentedRaftLogWorker (SegmentedRaftLogWorker.java:<init>(172)) - new 4b163e73-9124-45c5-8da1-c8a8a9e20704@group-0D8C63B35694-SegmentedRaftLogWorker for RaftStorage:Storage Directory /workdir/hadoop-ozone/ozonefs/target/test-dir/MiniOzoneClusterImpl-4d965d96-9517-4212-af55-0cc3287bfaeb/datanode-2/data/ratis/24fd8bd8-07ec-4ed3-9e95-0d8c63b35694
2019-09-25 11:53:41,739 [pool-247-thread-1] INFO  server.RaftServerConfigKeys (ConfUtils.java:logGet(43)) - raft.server.log.queue.byte-limit = 2147483647 (custom)
2019-09-25 11:53:41,739 [pool-247-thread-1] INFO  server.RaftServerConfigKeys (ConfUtils.java:logGet(43)) - raft.server.log.queue.element-limit = 1024 (custom)
2019-09-25 11:53:41,739 [pool-247-thread-1] INFO  server.RaftServerConfigKeys (ConfUtils.java:logGet(43)) - raft.server.log.segment.size.max = 1048576 (custom)
2019-09-25 11:53:41,739 [pool-247-thread-1] INFO  server.RaftServerConfigKeys (ConfUtils.java:logGet(43)) - raft.server.log.preallocated.size = 16384 (custom)
2019-09-25 11:53:41,739 [pool-247-thread-1] INFO  server.RaftServerConfigKeys (ConfUtils.java:logGet(43)) - raft.server.log.write.buffer.size = 33554432 (custom)
2019-09-25 11:53:41,739 [pool-247-thread-1] INFO  server.RaftServerConfigKeys (ConfUtils.java:logGet(43)) - raft.server.log.force.sync.num = 128 (default)
2019-09-25 11:53:41,739 [pool-247-thread-1] INFO  server.RaftServerConfigKeys (ConfUtils.java:logGet(43)) - raft.server.log.statemachine.data.sync = true (default)
2019-09-25 11:53:41,739 [pool-247-thread-1] INFO  server.RaftServerConfigKeys (ConfUtils.java:logGet(43)) - raft.server.log.statemachine.data.sync.timeout = 10s (default)
2019-09-25 11:53:41,739 [pool-247-thread-1] INFO  server.RaftServerConfigKeys (ConfUtils.java:logGet(43)) - raft.server.log.statemachine.data.sync.timeout.retry = -1 (default)
2019-09-25 11:53:41,740 [pool-247-thread-1] INFO  server.RaftServerConfigKeys (ConfUtils.java:logGet(43)) - raft.server.log.statemachine.data.caching.enabled = true (custom)
2019-09-25 11:53:41,740 [pool-247-thread-1] INFO  segmented.SegmentedRaftLogWorker (SegmentedRaftLogWorker.java:lambda$new$0(132)) - 4b163e73-9124-45c5-8da1-c8a8a9e20704@group-0D8C63B35694-SegmentedRaftLogWorker: flushIndex: setUnconditionally 0 -> -1
2019-09-25 11:53:41,740 [pool-247-thread-1] INFO  server.RaftServerConfigKeys (ConfUtils.java:logGet(43)) - raft.server.snapshot.auto.trigger.enabled = true (custom)
2019-09-25 11:53:41,740 [pool-247-thread-1] INFO  server.RaftServerConfigKeys (ConfUtils.java:logGet(43)) - raft.server.snapshot.auto.trigger.threshold = 10000 (custom)
2019-09-25 11:53:41,740 [pool-247-thread-1] INFO  server.RaftServerConfigKeys (ConfUtils.java:logGet(43)) - raft.server.snapshot.retention.num.files = 5 (custom)
2019-09-25 11:53:41,740 [pool-247-thread-1] INFO  server.RaftServerConfigKeys (ConfUtils.java:logGet(43)) - raft.server.retrycache.expirytime = 600000ms (custom)
2019-09-25 11:53:41,741 [pool-247-thread-1] INFO  impl.RaftServerImpl (RaftServerImpl.java:start(185)) - 4b163e73-9124-45c5-8da1-c8a8a9e20704@group-0D8C63B35694: start as a follower, conf=-1: [4b163e73-9124-45c5-8da1-c8a8a9e20704:192.168.30.6:35803], old=null
2019-09-25 11:53:41,741 [pool-247-thread-1] INFO  impl.RaftServerImpl (RaftServerImpl.java:setRole(174)) - 4b163e73-9124-45c5-8da1-c8a8a9e20704@group-0D8C63B35694: changes role from      null to FOLLOWER at term 0 for startAsFollower
2019-09-25 11:53:41,742 [pool-247-thread-1] INFO  impl.RoleInfo (RoleInfo.java:updateAndGet(143)) - 4b163e73-9124-45c5-8da1-c8a8a9e20704: start FollowerState
2019-09-25 11:53:41,742 [pool-247-thread-1] INFO  util.JmxRegister (JmxRegister.java:tryRegister(44)) - Successfully registered JMX Bean with object name Ratis:service=RaftServer,group=group-0D8C63B35694,id=4b163e73-9124-45c5-8da1-c8a8a9e20704
2019-09-25 11:53:41,744 [RatisPipelineUtilsThread] INFO  pipeline.PipelineStateManager (PipelineStateManager.java:addPipeline(56)) - Created pipeline Pipeline[ Id: 24fd8bd8-07ec-4ed3-9e95-0d8c63b35694, Nodes: 4b163e73-9124-45c5-8da1-c8a8a9e20704{ip: 192.168.30.6, host: pr-hdds-1569-5gmkr-4255264070, networkLocation: /default-rack, certSerialId: null}, Type:RATIS, Factor:ONE, State:OPEN]
2019-09-25 11:53:41,744 [RatisPipelineUtilsThread] INFO  pipeline.PipelinePlacementPolicy (PipelinePlacementPolicy.java:meetCriteria(91)) - Pipeline Placement: can't place more pipeline on heavy datanode： 4b163e73-9124-45c5-8da1-c8a8a9e20704 Heaviness: 6 limit: 5
2019-09-25 11:53:41,744 [RatisPipelineUtilsThread] INFO  pipeline.PipelinePlacementPolicy (PipelinePlacementPolicy.java:meetCriteria(91)) - Pipeline Placement: can't place more pipeline on heavy datanode： 303dafdc-9735-46a1-812c-fb1ebd7b1011 Heaviness: 6 limit: 5
2019-09-25 11:53:41,744 [RatisPipelineUtilsThread] INFO  pipeline.PipelinePlacementPolicy (PipelinePlacementPolicy.java:meetCriteria(91)) - Pipeline Placement: can't place more pipeline on heavy datanode： e7427295-9757-4d0b-b6e1-b46374f24996 Heaviness: 6 limit: 5
2019-09-25 11:53:41,744 [RatisPipelineUtilsThread] ERROR pipeline.PipelinePlacementPolicy (PipelinePlacementPolicy.java:filterViableNodes(148)) - Unable to find enough nodes that meet the criteria that cannot engage in more than 5 pipelines. Nodes required: 1 Found: 0, healthy nodes count inNodeManager: 3.
2019-09-25 11:53:41,744 [RatisPipelineUtilsThread] ERROR pipeline.SCMPipelineManager (SCMPipelineManager.java:createPipeline(167)) - Pipeline creation failed.
org.apache.hadoop.hdds.scm.exceptions.SCMException: Unable to find enough nodes that meet the criteria that cannot engage in more than 5 pipelines. Nodes required: 1 Found: 0, healthy nodes count inNodeManager: 3.
	at org.apache.hadoop.hdds.scm.pipeline.PipelinePlacementPolicy.filterViableNodes(PipelinePlacementPolicy.java:149)
	at org.apache.hadoop.hdds.scm.pipeline.PipelinePlacementPolicy.chooseDatanodes(PipelinePlacementPolicy.java:172)
	at org.apache.hadoop.hdds.scm.pipeline.RatisPipelineProvider.create(RatisPipelineProvider.java:93)
	at org.apache.hadoop.hdds.scm.pipeline.PipelineFactory.create(PipelineFactory.java:58)
	at org.apache.hadoop.hdds.scm.pipeline.SCMPipelineManager.createPipeline(SCMPipelineManager.java:155)
	at org.apache.hadoop.hdds.scm.pipeline.BackgroundPipelineCreator.createPipelines(BackgroundPipelineCreator.java:99)
	at java.util.concurrent.Executors$RunnableAdapter.call(Executors.java:511)
	at java.util.concurrent.FutureTask.run(FutureTask.java:266)
	at java.util.concurrent.ScheduledThreadPoolExecutor$ScheduledFutureTask.access$201(ScheduledThreadPoolExecutor.java:180)
	at java.util.concurrent.ScheduledThreadPoolExecutor$ScheduledFutureTask.run(ScheduledThreadPoolExecutor.java:293)
	at java.util.concurrent.ThreadPoolExecutor.runWorker(ThreadPoolExecutor.java:1149)
	at java.util.concurrent.ThreadPoolExecutor$Worker.run(ThreadPoolExecutor.java:624)
	at java.lang.Thread.run(Thread.java:748)
2019-09-25 11:53:41,744 [RatisPipelineUtilsThread] INFO  pipeline.PipelinePlacementPolicy (PipelinePlacementPolicy.java:meetCriteria(91)) - Pipeline Placement: can't place more pipeline on heavy datanode： 4b163e73-9124-45c5-8da1-c8a8a9e20704 Heaviness: 6 limit: 5
2019-09-25 11:53:41,745 [RatisPipelineUtilsThread] INFO  pipeline.PipelinePlacementPolicy (PipelinePlacementPolicy.java:meetCriteria(91)) - Pipeline Placement: can't place more pipeline on heavy datanode： 303dafdc-9735-46a1-812c-fb1ebd7b1011 Heaviness: 6 limit: 5
2019-09-25 11:53:41,745 [RatisPipelineUtilsThread] INFO  pipeline.PipelinePlacementPolicy (PipelinePlacementPolicy.java:meetCriteria(91)) - Pipeline Placement: can't place more pipeline on heavy datanode： e7427295-9757-4d0b-b6e1-b46374f24996 Heaviness: 6 limit: 5
2019-09-25 11:53:41,745 [RatisPipelineUtilsThread] ERROR pipeline.PipelinePlacementPolicy (PipelinePlacementPolicy.java:filterViableNodes(148)) - Unable to find enough nodes that meet the criteria that cannot engage in more than 5 pipelines. Nodes required: 3 Found: 0, healthy nodes count inNodeManager: 3.
2019-09-25 11:53:41,745 [RatisPipelineUtilsThread] ERROR pipeline.SCMPipelineManager (SCMPipelineManager.java:createPipeline(167)) - Pipeline creation failed.
org.apache.hadoop.hdds.scm.exceptions.SCMException: Unable to find enough nodes that meet the criteria that cannot engage in more than 5 pipelines. Nodes required: 3 Found: 0, healthy nodes count inNodeManager: 3.
	at org.apache.hadoop.hdds.scm.pipeline.PipelinePlacementPolicy.filterViableNodes(PipelinePlacementPolicy.java:149)
	at org.apache.hadoop.hdds.scm.pipeline.PipelinePlacementPolicy.chooseDatanodes(PipelinePlacementPolicy.java:172)
	at org.apache.hadoop.hdds.scm.pipeline.RatisPipelineProvider.create(RatisPipelineProvider.java:93)
	at org.apache.hadoop.hdds.scm.pipeline.PipelineFactory.create(PipelineFactory.java:58)
	at org.apache.hadoop.hdds.scm.pipeline.SCMPipelineManager.createPipeline(SCMPipelineManager.java:155)
	at org.apache.hadoop.hdds.scm.pipeline.BackgroundPipelineCreator.createPipelines(BackgroundPipelineCreator.java:99)
	at java.util.concurrent.Executors$RunnableAdapter.call(Executors.java:511)
	at java.util.concurrent.FutureTask.run(FutureTask.java:266)
	at java.util.concurrent.ScheduledThreadPoolExecutor$ScheduledFutureTask.access$201(ScheduledThreadPoolExecutor.java:180)
	at java.util.concurrent.ScheduledThreadPoolExecutor$ScheduledFutureTask.run(ScheduledThreadPoolExecutor.java:293)
	at java.util.concurrent.ThreadPoolExecutor.runWorker(ThreadPoolExecutor.java:1149)
	at java.util.concurrent.ThreadPoolExecutor$Worker.run(ThreadPoolExecutor.java:624)
	at java.lang.Thread.run(Thread.java:748)
2019-09-25 11:53:41,754 [RatisPipelineUtilsThread] INFO  pipeline.PipelinePlacementPolicy (PipelinePlacementPolicy.java:meetCriteria(91)) - Pipeline Placement: can't place more pipeline on heavy datanode： 4b163e73-9124-45c5-8da1-c8a8a9e20704 Heaviness: 6 limit: 5
2019-09-25 11:53:41,755 [RatisPipelineUtilsThread] INFO  pipeline.PipelinePlacementPolicy (PipelinePlacementPolicy.java:meetCriteria(91)) - Pipeline Placement: can't place more pipeline on heavy datanode： 303dafdc-9735-46a1-812c-fb1ebd7b1011 Heaviness: 6 limit: 5
2019-09-25 11:53:41,755 [RatisPipelineUtilsThread] INFO  pipeline.PipelinePlacementPolicy (PipelinePlacementPolicy.java:meetCriteria(91)) - Pipeline Placement: can't place more pipeline on heavy datanode： e7427295-9757-4d0b-b6e1-b46374f24996 Heaviness: 6 limit: 5
2019-09-25 11:53:41,755 [RatisPipelineUtilsThread] ERROR pipeline.PipelinePlacementPolicy (PipelinePlacementPolicy.java:filterViableNodes(148)) - Unable to find enough nodes that meet the criteria that cannot engage in more than 5 pipelines. Nodes required: 1 Found: 0, healthy nodes count inNodeManager: 3.
2019-09-25 11:53:41,755 [RatisPipelineUtilsThread] ERROR pipeline.SCMPipelineManager (SCMPipelineManager.java:createPipeline(167)) - Pipeline creation failed.
org.apache.hadoop.hdds.scm.exceptions.SCMException: Unable to find enough nodes that meet the criteria that cannot engage in more than 5 pipelines. Nodes required: 1 Found: 0, healthy nodes count inNodeManager: 3.
	at org.apache.hadoop.hdds.scm.pipeline.PipelinePlacementPolicy.filterViableNodes(PipelinePlacementPolicy.java:149)
	at org.apache.hadoop.hdds.scm.pipeline.PipelinePlacementPolicy.chooseDatanodes(PipelinePlacementPolicy.java:172)
	at org.apache.hadoop.hdds.scm.pipeline.RatisPipelineProvider.create(RatisPipelineProvider.java:93)
	at org.apache.hadoop.hdds.scm.pipeline.PipelineFactory.create(PipelineFactory.java:58)
	at org.apache.hadoop.hdds.scm.pipeline.SCMPipelineManager.createPipeline(SCMPipelineManager.java:155)
	at org.apache.hadoop.hdds.scm.pipeline.BackgroundPipelineCreator.createPipelines(BackgroundPipelineCreator.java:99)
	at org.apache.hadoop.hdds.scm.pipeline.BackgroundPipelineCreator.lambda$startFixedIntervalPipelineCreator$0(BackgroundPipelineCreator.java:70)
	at java.util.concurrent.Executors$RunnableAdapter.call(Executors.java:511)
	at java.util.concurrent.FutureTask.runAndReset(FutureTask.java:308)
	at java.util.concurrent.ScheduledThreadPoolExecutor$ScheduledFutureTask.access$301(ScheduledThreadPoolExecutor.java:180)
	at java.util.concurrent.ScheduledThreadPoolExecutor$ScheduledFutureTask.run(ScheduledThreadPoolExecutor.java:294)
	at java.util.concurrent.ThreadPoolExecutor.runWorker(ThreadPoolExecutor.java:1149)
	at java.util.concurrent.ThreadPoolExecutor$Worker.run(ThreadPoolExecutor.java:624)
	at java.lang.Thread.run(Thread.java:748)
2019-09-25 11:53:41,755 [RatisPipelineUtilsThread] INFO  pipeline.PipelinePlacementPolicy (PipelinePlacementPolicy.java:meetCriteria(91)) - Pipeline Placement: can't place more pipeline on heavy datanode： 4b163e73-9124-45c5-8da1-c8a8a9e20704 Heaviness: 6 limit: 5
2019-09-25 11:53:41,755 [RatisPipelineUtilsThread] INFO  pipeline.PipelinePlacementPolicy (PipelinePlacementPolicy.java:meetCriteria(91)) - Pipeline Placement: can't place more pipeline on heavy datanode： 303dafdc-9735-46a1-812c-fb1ebd7b1011 Heaviness: 6 limit: 5
2019-09-25 11:53:41,755 [RatisPipelineUtilsThread] INFO  pipeline.PipelinePlacementPolicy (PipelinePlacementPolicy.java:meetCriteria(91)) - Pipeline Placement: can't place more pipeline on heavy datanode： e7427295-9757-4d0b-b6e1-b46374f24996 Heaviness: 6 limit: 5
2019-09-25 11:53:41,756 [RatisPipelineUtilsThread] ERROR pipeline.PipelinePlacementPolicy (PipelinePlacementPolicy.java:filterViableNodes(148)) - Unable to find enough nodes that meet the criteria that cannot engage in more than 5 pipelines. Nodes required: 3 Found: 0, healthy nodes count inNodeManager: 3.
2019-09-25 11:53:41,756 [RatisPipelineUtilsThread] ERROR pipeline.SCMPipelineManager (SCMPipelineManager.java:createPipeline(167)) - Pipeline creation failed.
org.apache.hadoop.hdds.scm.exceptions.SCMException: Unable to find enough nodes that meet the criteria that cannot engage in more than 5 pipelines. Nodes required: 3 Found: 0, healthy nodes count inNodeManager: 3.
	at org.apache.hadoop.hdds.scm.pipeline.PipelinePlacementPolicy.filterViableNodes(PipelinePlacementPolicy.java:149)
	at org.apache.hadoop.hdds.scm.pipeline.PipelinePlacementPolicy.chooseDatanodes(PipelinePlacementPolicy.java:172)
	at org.apache.hadoop.hdds.scm.pipeline.RatisPipelineProvider.create(RatisPipelineProvider.java:93)
	at org.apache.hadoop.hdds.scm.pipeline.PipelineFactory.create(PipelineFactory.java:58)
	at org.apache.hadoop.hdds.scm.pipeline.SCMPipelineManager.createPipeline(SCMPipelineManager.java:155)
	at org.apache.hadoop.hdds.scm.pipeline.BackgroundPipelineCreator.createPipelines(BackgroundPipelineCreator.java:99)
	at org.apache.hadoop.hdds.scm.pipeline.BackgroundPipelineCreator.lambda$startFixedIntervalPipelineCreator$0(BackgroundPipelineCreator.java:70)
	at java.util.concurrent.Executors$RunnableAdapter.call(Executors.java:511)
	at java.util.concurrent.FutureTask.runAndReset(FutureTask.java:308)
	at java.util.concurrent.ScheduledThreadPoolExecutor$ScheduledFutureTask.access$301(ScheduledThreadPoolExecutor.java:180)
	at java.util.concurrent.ScheduledThreadPoolExecutor$ScheduledFutureTask.run(ScheduledThreadPoolExecutor.java:294)
	at java.util.concurrent.ThreadPoolExecutor.runWorker(ThreadPoolExecutor.java:1149)
	at java.util.concurrent.ThreadPoolExecutor$Worker.run(ThreadPoolExecutor.java:624)
	at java.lang.Thread.run(Thread.java:748)
2019-09-25 11:53:42,133 [Thread-1062] INFO  ozone.MiniOzoneClusterImpl (MiniOzoneClusterImpl.java:lambda$waitForClusterToBeReady$0(147)) - Cluster is ready. Got 3 of 3 DN Heartbeats.
2019-09-25 11:53:42,191 [Thread-1062] INFO  rpc.RpcClient (RpcClient.java:createVolume(276)) - Creating Volume: volume07695, with user93090 as owner.
2019-09-25 11:53:42,195 [IPC Server handler 2 on 44411] INFO  volume.OMVolumeCreateRequest (OMVolumeCreateRequest.java:validateAndUpdateCache(189)) - created volume:volume07695 for user:user93090
2019-09-25 11:53:42,207 [Thread-1062] INFO  rpc.RpcClient (RpcClient.java:createBucket(415)) - Creating Bucket: volume07695/bucket87528, with Versioning false and Storage Type set to DISK and Encryption set to false 
2019-09-25 11:53:42,271 [IPC Server handler 0 on 43442] INFO  pipeline.PipelinePlacementPolicy (PipelinePlacementPolicy.java:meetCriteria(91)) - Pipeline Placement: can't place more pipeline on heavy datanode： 4b163e73-9124-45c5-8da1-c8a8a9e20704 Heaviness: 6 limit: 5
2019-09-25 11:53:42,272 [IPC Server handler 0 on 43442] INFO  pipeline.PipelinePlacementPolicy (PipelinePlacementPolicy.java:meetCriteria(91)) - Pipeline Placement: can't place more pipeline on heavy datanode： 303dafdc-9735-46a1-812c-fb1ebd7b1011 Heaviness: 6 limit: 5
2019-09-25 11:53:42,272 [IPC Server handler 0 on 43442] INFO  pipeline.PipelinePlacementPolicy (PipelinePlacementPolicy.java:meetCriteria(91)) - Pipeline Placement: can't place more pipeline on heavy datanode： e7427295-9757-4d0b-b6e1-b46374f24996 Heaviness: 6 limit: 5
2019-09-25 11:53:42,272 [IPC Server handler 0 on 43442] ERROR pipeline.PipelinePlacementPolicy (PipelinePlacementPolicy.java:filterViableNodes(148)) - Unable to find enough nodes that meet the criteria that cannot engage in more than 5 pipelines. Nodes required: 3 Found: 0, healthy nodes count inNodeManager: 3.
2019-09-25 11:53:42,272 [IPC Server handler 0 on 43442] ERROR pipeline.SCMPipelineManager (SCMPipelineManager.java:createPipeline(167)) - Pipeline creation failed.
org.apache.hadoop.hdds.scm.exceptions.SCMException: Unable to find enough nodes that meet the criteria that cannot engage in more than 5 pipelines. Nodes required: 3 Found: 0, healthy nodes count inNodeManager: 3.
	at org.apache.hadoop.hdds.scm.pipeline.PipelinePlacementPolicy.filterViableNodes(PipelinePlacementPolicy.java:149)
	at org.apache.hadoop.hdds.scm.pipeline.PipelinePlacementPolicy.chooseDatanodes(PipelinePlacementPolicy.java:172)
	at org.apache.hadoop.hdds.scm.pipeline.RatisPipelineProvider.create(RatisPipelineProvider.java:93)
	at org.apache.hadoop.hdds.scm.pipeline.PipelineFactory.create(PipelineFactory.java:58)
	at org.apache.hadoop.hdds.scm.pipeline.SCMPipelineManager.createPipeline(SCMPipelineManager.java:155)
	at org.apache.hadoop.hdds.scm.block.BlockManagerImpl.allocateBlock(BlockManagerImpl.java:190)
	at org.apache.hadoop.hdds.scm.server.SCMBlockProtocolServer.allocateBlock(SCMBlockProtocolServer.java:182)
	at org.apache.hadoop.ozone.protocolPB.ScmBlockLocationProtocolServerSideTranslatorPB.allocateScmBlock(ScmBlockLocationProtocolServerSideTranslatorPB.java:183)
	at org.apache.hadoop.ozone.protocolPB.ScmBlockLocationProtocolServerSideTranslatorPB.processMessage(ScmBlockLocationProtocolServerSideTranslatorPB.java:141)
	at org.apache.hadoop.ozone.protocolPB.ScmBlockLocationProtocolServerSideTranslatorPB.send(ScmBlockLocationProtocolServerSideTranslatorPB.java:116)
	at org.apache.hadoop.hdds.protocol.proto.ScmBlockLocationProtocolProtos$ScmBlockLocationProtocolService$2.callBlockingMethod(ScmBlockLocationProtocolProtos.java:13157)
	at org.apache.hadoop.ipc.ProtobufRpcEngine$Server$ProtoBufRpcInvoker.call(ProtobufRpcEngine.java:524)
	at org.apache.hadoop.ipc.RPC$Server.call(RPC.java:1025)
	at org.apache.hadoop.ipc.Server$RpcCall.run(Server.java:876)
	at org.apache.hadoop.ipc.Server$RpcCall.run(Server.java:822)
	at java.security.AccessController.doPrivileged(Native Method)
	at javax.security.auth.Subject.doAs(Subject.java:422)
	at org.apache.hadoop.security.UserGroupInformation.doAs(UserGroupInformation.java:1730)
	at org.apache.hadoop.ipc.Server$Handler.run(Server.java:2682)
2019-09-25 11:53:42,273 [IPC Server handler 0 on 43442] WARN  block.BlockManagerImpl (BlockManagerImpl.java:allocateBlock(192)) - Pipeline creation failed for type:RATIS factor:THREE. Retrying get pipelines call once.
org.apache.hadoop.hdds.scm.exceptions.SCMException: Unable to find enough nodes that meet the criteria that cannot engage in more than 5 pipelines. Nodes required: 3 Found: 0, healthy nodes count inNodeManager: 3.
	at org.apache.hadoop.hdds.scm.pipeline.PipelinePlacementPolicy.filterViableNodes(PipelinePlacementPolicy.java:149)
	at org.apache.hadoop.hdds.scm.pipeline.PipelinePlacementPolicy.chooseDatanodes(PipelinePlacementPolicy.java:172)
	at org.apache.hadoop.hdds.scm.pipeline.RatisPipelineProvider.create(RatisPipelineProvider.java:93)
	at org.apache.hadoop.hdds.scm.pipeline.PipelineFactory.create(PipelineFactory.java:58)
	at org.apache.hadoop.hdds.scm.pipeline.SCMPipelineManager.createPipeline(SCMPipelineManager.java:155)
	at org.apache.hadoop.hdds.scm.block.BlockManagerImpl.allocateBlock(BlockManagerImpl.java:190)
	at org.apache.hadoop.hdds.scm.server.SCMBlockProtocolServer.allocateBlock(SCMBlockProtocolServer.java:182)
	at org.apache.hadoop.ozone.protocolPB.ScmBlockLocationProtocolServerSideTranslatorPB.allocateScmBlock(ScmBlockLocationProtocolServerSideTranslatorPB.java:183)
	at org.apache.hadoop.ozone.protocolPB.ScmBlockLocationProtocolServerSideTranslatorPB.processMessage(ScmBlockLocationProtocolServerSideTranslatorPB.java:141)
	at org.apache.hadoop.ozone.protocolPB.ScmBlockLocationProtocolServerSideTranslatorPB.send(ScmBlockLocationProtocolServerSideTranslatorPB.java:116)
	at org.apache.hadoop.hdds.protocol.proto.ScmBlockLocationProtocolProtos$ScmBlockLocationProtocolService$2.callBlockingMethod(ScmBlockLocationProtocolProtos.java:13157)
	at org.apache.hadoop.ipc.ProtobufRpcEngine$Server$ProtoBufRpcInvoker.call(ProtobufRpcEngine.java:524)
	at org.apache.hadoop.ipc.RPC$Server.call(RPC.java:1025)
	at org.apache.hadoop.ipc.Server$RpcCall.run(Server.java:876)
	at org.apache.hadoop.ipc.Server$RpcCall.run(Server.java:822)
	at java.security.AccessController.doPrivileged(Native Method)
	at javax.security.auth.Subject.doAs(Subject.java:422)
	at org.apache.hadoop.security.UserGroupInformation.doAs(UserGroupInformation.java:1730)
	at org.apache.hadoop.ipc.Server$Handler.run(Server.java:2682)
2019-09-25 11:53:42,273 [IPC Server handler 0 on 43442] INFO  block.BlockManagerImpl (BlockManagerImpl.java:allocateBlock(198)) - Could not find available pipeline of type:RATIS and factor:THREE even after retrying
2019-09-25 11:53:42,273 [IPC Server handler 0 on 43442] ERROR block.BlockManagerImpl (BlockManagerImpl.java:allocateBlock(222)) - Unable to allocate a block for the size: 4194304, type: RATIS, factor: THREE
2019-09-25 11:53:42,274 [Thread-1062] INFO  ozone.MiniOzoneClusterImpl (MiniOzoneClusterImpl.java:shutdown(314)) - Shutting down the Mini Ozone Cluster
2019-09-25 11:53:42,275 [Thread-1062] INFO  ozone.MiniOzoneClusterImpl (MiniOzoneClusterImpl.java:stop(330)) - Stopping the Mini Ozone Cluster
2019-09-25 11:53:42,275 [Thread-1062] INFO  ozone.MiniOzoneClusterImpl (MiniOzoneClusterImpl.java:stopOM(400)) - Stopping the OzoneManager
2019-09-25 11:53:42,275 [Thread-1062] INFO  ipc.Server (Server.java:stop(3082)) - Stopping server on 44411
2019-09-25 11:53:42,280 [IPC Server listener on 44411] INFO  ipc.Server (Server.java:run(1185)) - Stopping IPC Server listener on 44411
2019-09-25 11:53:42,280 [Thread-1062] INFO  ratis.OzoneManagerDoubleBuffer (OzoneManagerDoubleBuffer.java:stop(248)) - Stopping OMDoubleBuffer flush thread
2019-09-25 11:53:42,280 [IPC Server Responder] INFO  ipc.Server (Server.java:run(1319)) - Stopping IPC Server Responder
2019-09-25 11:53:42,287 [OMDoubleBufferFlushThread] INFO  ratis.OzoneManagerDoubleBuffer (OzoneManagerDoubleBuffer.java:flushTransactions(191)) - OMDoubleBuffer flush thread OMDoubleBufferFlushThread is interrupted and will exit. OMDoubleBufferFlushThread
2019-09-25 11:53:42,288 [Thread-1062] INFO  utils.BackgroundService (BackgroundService.java:shutdown(148)) - Shutting down service KeyDeletingService
2019-09-25 11:53:42,289 [Thread-1062] INFO  handler.ContextHandler (ContextHandler.java:doStop(910)) - Stopped o.e.j.w.WebAppContext@317f8fe0{/,null,UNAVAILABLE}{/ozoneManager}
2019-09-25 11:53:42,290 [Thread-1062] INFO  server.AbstractConnector (AbstractConnector.java:doStop(318)) - Stopped ServerConnector@7d8c23fd{HTTP/1.1,[http/1.1]}{0.0.0.0:0}
2019-09-25 11:53:42,290 [Thread-1062] INFO  handler.ContextHandler (ContextHandler.java:doStop(910)) - Stopped o.e.j.s.ServletContextHandler@3d06292f{/static,jar:file:/home/user/.m2/repository/org/apache/hadoop/hadoop-ozone-ozone-manager/0.5.0-SNAPSHOT/hadoop-ozone-ozone-manager-0.5.0-SNAPSHOT.jar!/webapps/static,UNAVAILABLE}
2019-09-25 11:53:42,291 [Thread-1062] INFO  handler.ContextHandler (ContextHandler.java:doStop(910)) - Stopped o.e.j.s.ServletContextHandler@3d6180a4{/logs,file:///workdir/hadoop-ozone/ozonefs/target/log,UNAVAILABLE}
2019-09-25 11:53:42,293 [Thread-1062] INFO  ozone.MiniOzoneClusterImpl (MiniOzoneClusterImpl.java:stopDatanodes(377)) - Stopping the HddsDatanodes
2019-09-25 11:53:42,968 [Datanode State Machine Thread - 0] INFO  statemachine.DatanodeStateMachine (DatanodeStateMachine.java:lambda$startDaemon$0(350)) - Ozone container server started.
2019-09-25 11:53:43,048 [Datanode State Machine Thread - 0] INFO  statemachine.DatanodeStateMachine (DatanodeStateMachine.java:lambda$startDaemon$0(350)) - Ozone container server started.
2019-09-25 11:53:43,976 [Thread-1234] INFO  container.ReplicationManager (ReplicationManager.java:start(163)) - Starting Replication Monitor Thread.
2019-09-25 11:53:43,980 [ReplicationMonitor] INFO  container.ReplicationManager (ReplicationManager.java:run(226)) - Replication Monitor Thread took 0 milliseconds for processing 0 containers.
2019-09-25 11:53:46,066 [Thread-1236] INFO  impl.FollowerState (FollowerState.java:run(106)) - 303dafdc-9735-46a1-812c-fb1ebd7b1011:group-B0F21C8192D5 changes to CANDIDATE, lastRpcTime:5015, electionTimeout:5015ms
2019-09-25 11:53:46,066 [Thread-1236] INFO  impl.RoleInfo (RoleInfo.java:shutdownFollowerState(121)) - 303dafdc-9735-46a1-812c-fb1ebd7b1011: shutdown FollowerState
2019-09-25 11:53:46,066 [Thread-1236] INFO  impl.RaftServerImpl (RaftServerImpl.java:setRole(174)) - 303dafdc-9735-46a1-812c-fb1ebd7b1011@group-B0F21C8192D5: changes role from  FOLLOWER to CANDIDATE at term 0 for changeToCandidate
2019-09-25 11:53:46,066 [Thread-1236] INFO  impl.RoleInfo (RoleInfo.java:updateAndGet(143)) - 303dafdc-9735-46a1-812c-fb1ebd7b1011: start LeaderElection
2019-09-25 11:53:46,083 [303dafdc-9735-46a1-812c-fb1ebd7b1011@group-B0F21C8192D5:LeaderElection70] INFO  impl.LeaderElection (LeaderElection.java:askForVotes(182)) - 303dafdc-9735-46a1-812c-fb1ebd7b1011@group-B0F21C8192D5:LeaderElection70: begin an election at term 1 for -1: [303dafdc-9735-46a1-812c-fb1ebd7b1011:192.168.30.6:37980], old=null
2019-09-25 11:53:46,083 [303dafdc-9735-46a1-812c-fb1ebd7b1011@group-B0F21C8192D5:LeaderElection70] INFO  impl.RoleInfo (RoleInfo.java:shutdownLeaderElection(134)) - 303dafdc-9735-46a1-812c-fb1ebd7b1011: shutdown LeaderElection
2019-09-25 11:53:46,083 [303dafdc-9735-46a1-812c-fb1ebd7b1011@group-B0F21C8192D5:LeaderElection70] INFO  impl.RaftServerImpl (RaftServerImpl.java:setRole(174)) - 303dafdc-9735-46a1-812c-fb1ebd7b1011@group-B0F21C8192D5: changes role from CANDIDATE to LEADER at term 1 for changeToLeader
2019-09-25 11:53:46,083 [303dafdc-9735-46a1-812c-fb1ebd7b1011@group-B0F21C8192D5:LeaderElection70] INFO  impl.RaftServerImpl (ServerState.java:setLeader(253)) - 303dafdc-9735-46a1-812c-fb1ebd7b1011@group-B0F21C8192D5: change Leader from null to 303dafdc-9735-46a1-812c-fb1ebd7b1011 at term 1 for becomeLeader, leader elected after 5038ms
2019-09-25 11:53:46,083 [303dafdc-9735-46a1-812c-fb1ebd7b1011@group-B0F21C8192D5:LeaderElection70] INFO  server.RaftServerConfigKeys (ConfUtils.java:logGet(43)) - raft.server.staging.catchup.gap = 1000 (default)
2019-09-25 11:53:46,083 [303dafdc-9735-46a1-812c-fb1ebd7b1011@group-B0F21C8192D5:LeaderElection70] INFO  server.RaftServerConfigKeys (ConfUtils.java:logGet(43)) - raft.server.rpc.sleep.time = 25ms (default)
2019-09-25 11:53:46,083 [303dafdc-9735-46a1-812c-fb1ebd7b1011@group-B0F21C8192D5:LeaderElection70] INFO  server.RaftServerConfigKeys (ConfUtils.java:logGet(43)) - raft.server.write.element-limit = 4096 (default)
2019-09-25 11:53:46,084 [303dafdc-9735-46a1-812c-fb1ebd7b1011@group-B0F21C8192D5:LeaderElection70] INFO  server.RaftServerConfigKeys (ConfUtils.java:logGet(43)) - raft.server.watch.timeout = 10s (default)
2019-09-25 11:53:46,084 [303dafdc-9735-46a1-812c-fb1ebd7b1011@group-B0F21C8192D5:LeaderElection70] INFO  server.RaftServerConfigKeys (ConfUtils.java:logGet(43)) - raft.server.watch.timeout.denomination = 1s (default)
2019-09-25 11:53:46,084 [303dafdc-9735-46a1-812c-fb1ebd7b1011@group-B0F21C8192D5:LeaderElection70] INFO  server.RaftServerConfigKeys (ConfUtils.java:logGet(43)) - raft.server.watch.element-limit = 65536 (default)
2019-09-25 11:53:46,085 [303dafdc-9735-46a1-812c-fb1ebd7b1011@group-B0F21C8192D5:LeaderElection70] INFO  impl.RoleInfo (RoleInfo.java:updateAndGet(143)) - 303dafdc-9735-46a1-812c-fb1ebd7b1011: start LeaderState
2019-09-25 11:53:46,085 [303dafdc-9735-46a1-812c-fb1ebd7b1011@group-B0F21C8192D5:LeaderElection70] INFO  segmented.SegmentedRaftLogWorker (SegmentedRaftLogWorker.java:startLogSegment(380)) - 303dafdc-9735-46a1-812c-fb1ebd7b1011@group-B0F21C8192D5-SegmentedRaftLogWorker: Starting segment from index:0
2019-09-25 11:53:46,086 [303dafdc-9735-46a1-812c-fb1ebd7b1011@group-B0F21C8192D5:LeaderElection70] INFO  impl.RaftServerImpl (ServerState.java:setRaftConf(354)) - 303dafdc-9735-46a1-812c-fb1ebd7b1011@group-B0F21C8192D5: set configuration 0: [303dafdc-9735-46a1-812c-fb1ebd7b1011:192.168.30.6:37980], old=null at 0
2019-09-25 11:53:46,130 [303dafdc-9735-46a1-812c-fb1ebd7b1011@group-B0F21C8192D5-SegmentedRaftLogWorker] INFO  segmented.SegmentedRaftLogWorker (SegmentedRaftLogWorker.java:execute(569)) - 303dafdc-9735-46a1-812c-fb1ebd7b1011@group-B0F21C8192D5-SegmentedRaftLogWorker: created new log segment /workdir/hadoop-ozone/ozonefs/target/test-dir/MiniOzoneClusterImpl-4d965d96-9517-4212-af55-0cc3287bfaeb/datanode-0/data/ratis/0841675e-d969-4ccc-b938-b0f21c8192d5/current/log_inprogress_0
2019-09-25 11:53:46,212 [Thread-1242] INFO  impl.FollowerState (FollowerState.java:run(106)) - 303dafdc-9735-46a1-812c-fb1ebd7b1011:group-3AE0EF58FC9E changes to CANDIDATE, lastRpcTime:5077, electionTimeout:5077ms
2019-09-25 11:53:46,212 [Thread-1242] INFO  impl.RoleInfo (RoleInfo.java:shutdownFollowerState(121)) - 303dafdc-9735-46a1-812c-fb1ebd7b1011: shutdown FollowerState
2019-09-25 11:53:46,212 [Thread-1242] INFO  impl.RaftServerImpl (RaftServerImpl.java:setRole(174)) - 303dafdc-9735-46a1-812c-fb1ebd7b1011@group-3AE0EF58FC9E: changes role from  FOLLOWER to CANDIDATE at term 0 for changeToCandidate
2019-09-25 11:53:46,212 [Thread-1242] INFO  impl.RoleInfo (RoleInfo.java:updateAndGet(143)) - 303dafdc-9735-46a1-812c-fb1ebd7b1011: start LeaderElection
2019-09-25 11:53:46,224 [Thread-1245] INFO  impl.FollowerState (FollowerState.java:run(106)) - 303dafdc-9735-46a1-812c-fb1ebd7b1011:group-B17624A78FBC changes to CANDIDATE, lastRpcTime:5051, electionTimeout:5051ms
2019-09-25 11:53:46,224 [Thread-1245] INFO  impl.RoleInfo (RoleInfo.java:shutdownFollowerState(121)) - 303dafdc-9735-46a1-812c-fb1ebd7b1011: shutdown FollowerState
2019-09-25 11:53:46,225 [Thread-1245] INFO  impl.RaftServerImpl (RaftServerImpl.java:setRole(174)) - 303dafdc-9735-46a1-812c-fb1ebd7b1011@group-B17624A78FBC: changes role from  FOLLOWER to CANDIDATE at term 0 for changeToCandidate
2019-09-25 11:53:46,225 [Thread-1245] INFO  impl.RoleInfo (RoleInfo.java:updateAndGet(143)) - 303dafdc-9735-46a1-812c-fb1ebd7b1011: start LeaderElection
2019-09-25 11:53:46,234 [303dafdc-9735-46a1-812c-fb1ebd7b1011@group-B17624A78FBC:LeaderElection72] INFO  impl.LeaderElection (LeaderElection.java:askForVotes(182)) - 303dafdc-9735-46a1-812c-fb1ebd7b1011@group-B17624A78FBC:LeaderElection72: begin an election at term 1 for -1: [303dafdc-9735-46a1-812c-fb1ebd7b1011:192.168.30.6:37980], old=null
2019-09-25 11:53:46,234 [303dafdc-9735-46a1-812c-fb1ebd7b1011@group-3AE0EF58FC9E:LeaderElection71] INFO  impl.LeaderElection (LeaderElection.java:askForVotes(182)) - 303dafdc-9735-46a1-812c-fb1ebd7b1011@group-3AE0EF58FC9E:LeaderElection71: begin an election at term 1 for -1: [303dafdc-9735-46a1-812c-fb1ebd7b1011:192.168.30.6:37980], old=null
2019-09-25 11:53:46,234 [303dafdc-9735-46a1-812c-fb1ebd7b1011@group-B17624A78FBC:LeaderElection72] INFO  impl.RoleInfo (RoleInfo.java:shutdownLeaderElection(134)) - 303dafdc-9735-46a1-812c-fb1ebd7b1011: shutdown LeaderElection
2019-09-25 11:53:46,234 [303dafdc-9735-46a1-812c-fb1ebd7b1011@group-3AE0EF58FC9E:LeaderElection71] INFO  impl.RoleInfo (RoleInfo.java:shutdownLeaderElection(134)) - 303dafdc-9735-46a1-812c-fb1ebd7b1011: shutdown LeaderElection
2019-09-25 11:53:46,234 [303dafdc-9735-46a1-812c-fb1ebd7b1011@group-B17624A78FBC:LeaderElection72] INFO  impl.RaftServerImpl (RaftServerImpl.java:setRole(174)) - 303dafdc-9735-46a1-812c-fb1ebd7b1011@group-B17624A78FBC: changes role from CANDIDATE to LEADER at term 1 for changeToLeader
2019-09-25 11:53:46,235 [303dafdc-9735-46a1-812c-fb1ebd7b1011@group-3AE0EF58FC9E:LeaderElection71] INFO  impl.RaftServerImpl (RaftServerImpl.java:setRole(174)) - 303dafdc-9735-46a1-812c-fb1ebd7b1011@group-3AE0EF58FC9E: changes role from CANDIDATE to LEADER at term 1 for changeToLeader
2019-09-25 11:53:46,235 [303dafdc-9735-46a1-812c-fb1ebd7b1011@group-B17624A78FBC:LeaderElection72] INFO  impl.RaftServerImpl (ServerState.java:setLeader(253)) - 303dafdc-9735-46a1-812c-fb1ebd7b1011@group-B17624A78FBC: change Leader from null to 303dafdc-9735-46a1-812c-fb1ebd7b1011 at term 1 for becomeLeader, leader elected after 5065ms
2019-09-25 11:53:46,235 [303dafdc-9735-46a1-812c-fb1ebd7b1011@group-3AE0EF58FC9E:LeaderElection71] INFO  impl.RaftServerImpl (ServerState.java:setLeader(253)) - 303dafdc-9735-46a1-812c-fb1ebd7b1011@group-3AE0EF58FC9E: change Leader from null to 303dafdc-9735-46a1-812c-fb1ebd7b1011 at term 1 for becomeLeader, leader elected after 5104ms
2019-09-25 11:53:46,235 [303dafdc-9735-46a1-812c-fb1ebd7b1011@group-B17624A78FBC:LeaderElection72] INFO  server.RaftServerConfigKeys (ConfUtils.java:logGet(43)) - raft.server.staging.catchup.gap = 1000 (default)
2019-09-25 11:53:46,235 [303dafdc-9735-46a1-812c-fb1ebd7b1011@group-3AE0EF58FC9E:LeaderElection71] INFO  server.RaftServerConfigKeys (ConfUtils.java:logGet(43)) - raft.server.staging.catchup.gap = 1000 (default)
2019-09-25 11:53:46,235 [303dafdc-9735-46a1-812c-fb1ebd7b1011@group-B17624A78FBC:LeaderElection72] INFO  server.RaftServerConfigKeys (ConfUtils.java:logGet(43)) - raft.server.rpc.sleep.time = 25ms (default)
2019-09-25 11:53:46,235 [303dafdc-9735-46a1-812c-fb1ebd7b1011@group-3AE0EF58FC9E:LeaderElection71] INFO  server.RaftServerConfigKeys (ConfUtils.java:logGet(43)) - raft.server.rpc.sleep.time = 25ms (default)
2019-09-25 11:53:46,236 [303dafdc-9735-46a1-812c-fb1ebd7b1011@group-B17624A78FBC:LeaderElection72] INFO  server.RaftServerConfigKeys (ConfUtils.java:logGet(43)) - raft.server.write.element-limit = 4096 (default)
2019-09-25 11:53:46,236 [303dafdc-9735-46a1-812c-fb1ebd7b1011@group-3AE0EF58FC9E:LeaderElection71] INFO  server.RaftServerConfigKeys (ConfUtils.java:logGet(43)) - raft.server.write.element-limit = 4096 (default)
2019-09-25 11:53:46,236 [303dafdc-9735-46a1-812c-fb1ebd7b1011@group-B17624A78FBC:LeaderElection72] INFO  server.RaftServerConfigKeys (ConfUtils.java:logGet(43)) - raft.server.watch.timeout = 10s (default)
2019-09-25 11:53:46,236 [303dafdc-9735-46a1-812c-fb1ebd7b1011@group-3AE0EF58FC9E:LeaderElection71] INFO  server.RaftServerConfigKeys (ConfUtils.java:logGet(43)) - raft.server.watch.timeout = 10s (default)
2019-09-25 11:53:46,236 [303dafdc-9735-46a1-812c-fb1ebd7b1011@group-B17624A78FBC:LeaderElection72] INFO  server.RaftServerConfigKeys (ConfUtils.java:logGet(43)) - raft.server.watch.timeout.denomination = 1s (default)
2019-09-25 11:53:46,236 [303dafdc-9735-46a1-812c-fb1ebd7b1011@group-3AE0EF58FC9E:LeaderElection71] INFO  server.RaftServerConfigKeys (ConfUtils.java:logGet(43)) - raft.server.watch.timeout.denomination = 1s (default)
2019-09-25 11:53:46,237 [303dafdc-9735-46a1-812c-fb1ebd7b1011@group-B17624A78FBC:LeaderElection72] INFO  server.RaftServerConfigKeys (ConfUtils.java:logGet(43)) - raft.server.watch.element-limit = 65536 (default)
2019-09-25 11:53:46,237 [303dafdc-9735-46a1-812c-fb1ebd7b1011@group-3AE0EF58FC9E:LeaderElection71] INFO  server.RaftServerConfigKeys (ConfUtils.java:logGet(43)) - raft.server.watch.element-limit = 65536 (default)
2019-09-25 11:53:46,240 [303dafdc-9735-46a1-812c-fb1ebd7b1011@group-B17624A78FBC:LeaderElection72] INFO  impl.RoleInfo (RoleInfo.java:updateAndGet(143)) - 303dafdc-9735-46a1-812c-fb1ebd7b1011: start LeaderState
2019-09-25 11:53:46,240 [303dafdc-9735-46a1-812c-fb1ebd7b1011@group-3AE0EF58FC9E:LeaderElection71] INFO  impl.RoleInfo (RoleInfo.java:updateAndGet(143)) - 303dafdc-9735-46a1-812c-fb1ebd7b1011: start LeaderState
2019-09-25 11:53:46,240 [303dafdc-9735-46a1-812c-fb1ebd7b1011@group-3AE0EF58FC9E:LeaderElection71] INFO  segmented.SegmentedRaftLogWorker (SegmentedRaftLogWorker.java:startLogSegment(380)) - 303dafdc-9735-46a1-812c-fb1ebd7b1011@group-3AE0EF58FC9E-SegmentedRaftLogWorker: Starting segment from index:0
2019-09-25 11:53:46,240 [303dafdc-9735-46a1-812c-fb1ebd7b1011@group-B17624A78FBC:LeaderElection72] INFO  segmented.SegmentedRaftLogWorker (SegmentedRaftLogWorker.java:startLogSegment(380)) - 303dafdc-9735-46a1-812c-fb1ebd7b1011@group-B17624A78FBC-SegmentedRaftLogWorker: Starting segment from index:0
2019-09-25 11:53:46,241 [303dafdc-9735-46a1-812c-fb1ebd7b1011@group-3AE0EF58FC9E:LeaderElection71] INFO  impl.RaftServerImpl (ServerState.java:setRaftConf(354)) - 303dafdc-9735-46a1-812c-fb1ebd7b1011@group-3AE0EF58FC9E: set configuration 0: [303dafdc-9735-46a1-812c-fb1ebd7b1011:192.168.30.6:37980], old=null at 0
2019-09-25 11:53:46,241 [303dafdc-9735-46a1-812c-fb1ebd7b1011@group-B17624A78FBC:LeaderElection72] INFO  impl.RaftServerImpl (ServerState.java:setRaftConf(354)) - 303dafdc-9735-46a1-812c-fb1ebd7b1011@group-B17624A78FBC: set configuration 0: [303dafdc-9735-46a1-812c-fb1ebd7b1011:192.168.30.6:37980], old=null at 0
2019-09-25 11:53:46,245 [Thread-1239] INFO  impl.FollowerState (FollowerState.java:run(106)) - e7427295-9757-4d0b-b6e1-b46374f24996:group-0E73B338B043 changes to CANDIDATE, lastRpcTime:5149, electionTimeout:5149ms
2019-09-25 11:53:46,245 [Thread-1239] INFO  impl.RoleInfo (RoleInfo.java:shutdownFollowerState(121)) - e7427295-9757-4d0b-b6e1-b46374f24996: shutdown FollowerState
2019-09-25 11:53:46,245 [Thread-1239] INFO  impl.RaftServerImpl (RaftServerImpl.java:setRole(174)) - e7427295-9757-4d0b-b6e1-b46374f24996@group-0E73B338B043: changes role from  FOLLOWER to CANDIDATE at term 0 for changeToCandidate
2019-09-25 11:53:46,245 [Thread-1239] INFO  impl.RoleInfo (RoleInfo.java:updateAndGet(143)) - e7427295-9757-4d0b-b6e1-b46374f24996: start LeaderElection
2019-09-25 11:53:46,248 [Thread-1248] INFO  impl.FollowerState (FollowerState.java:run(106)) - 303dafdc-9735-46a1-812c-fb1ebd7b1011:group-4F96D8C173FC changes to CANDIDATE, lastRpcTime:5038, electionTimeout:5038ms
2019-09-25 11:53:46,248 [Thread-1248] INFO  impl.RoleInfo (RoleInfo.java:shutdownFollowerState(121)) - 303dafdc-9735-46a1-812c-fb1ebd7b1011: shutdown FollowerState
2019-09-25 11:53:46,248 [Thread-1248] INFO  impl.RaftServerImpl (RaftServerImpl.java:setRole(174)) - 303dafdc-9735-46a1-812c-fb1ebd7b1011@group-4F96D8C173FC: changes role from  FOLLOWER to CANDIDATE at term 0 for changeToCandidate
2019-09-25 11:53:46,249 [Thread-1248] INFO  impl.RoleInfo (RoleInfo.java:updateAndGet(143)) - 303dafdc-9735-46a1-812c-fb1ebd7b1011: start LeaderElection
2019-09-25 11:53:46,260 [303dafdc-9735-46a1-812c-fb1ebd7b1011@group-4F96D8C173FC:LeaderElection74] INFO  impl.LeaderElection (LeaderElection.java:askForVotes(182)) - 303dafdc-9735-46a1-812c-fb1ebd7b1011@group-4F96D8C173FC:LeaderElection74: begin an election at term 1 for -1: [303dafdc-9735-46a1-812c-fb1ebd7b1011:192.168.30.6:37980], old=null
2019-09-25 11:53:46,260 [e7427295-9757-4d0b-b6e1-b46374f24996@group-0E73B338B043:LeaderElection73] INFO  impl.LeaderElection (LeaderElection.java:askForVotes(182)) - e7427295-9757-4d0b-b6e1-b46374f24996@group-0E73B338B043:LeaderElection73: begin an election at term 1 for -1: [e7427295-9757-4d0b-b6e1-b46374f24996:192.168.30.6:40322], old=null
2019-09-25 11:53:46,260 [303dafdc-9735-46a1-812c-fb1ebd7b1011@group-4F96D8C173FC:LeaderElection74] INFO  impl.RoleInfo (RoleInfo.java:shutdownLeaderElection(134)) - 303dafdc-9735-46a1-812c-fb1ebd7b1011: shutdown LeaderElection
2019-09-25 11:53:46,260 [e7427295-9757-4d0b-b6e1-b46374f24996@group-0E73B338B043:LeaderElection73] INFO  impl.RoleInfo (RoleInfo.java:shutdownLeaderElection(134)) - e7427295-9757-4d0b-b6e1-b46374f24996: shutdown LeaderElection
2019-09-25 11:53:46,260 [303dafdc-9735-46a1-812c-fb1ebd7b1011@group-4F96D8C173FC:LeaderElection74] INFO  impl.RaftServerImpl (RaftServerImpl.java:setRole(174)) - 303dafdc-9735-46a1-812c-fb1ebd7b1011@group-4F96D8C173FC: changes role from CANDIDATE to LEADER at term 1 for changeToLeader
2019-09-25 11:53:46,260 [e7427295-9757-4d0b-b6e1-b46374f24996@group-0E73B338B043:LeaderElection73] INFO  impl.RaftServerImpl (RaftServerImpl.java:setRole(174)) - e7427295-9757-4d0b-b6e1-b46374f24996@group-0E73B338B043: changes role from CANDIDATE to LEADER at term 1 for changeToLeader
2019-09-25 11:53:46,260 [303dafdc-9735-46a1-812c-fb1ebd7b1011@group-4F96D8C173FC:LeaderElection74] INFO  impl.RaftServerImpl (ServerState.java:setLeader(253)) - 303dafdc-9735-46a1-812c-fb1ebd7b1011@group-4F96D8C173FC: change Leader from null to 303dafdc-9735-46a1-812c-fb1ebd7b1011 at term 1 for becomeLeader, leader elected after 5054ms
2019-09-25 11:53:46,260 [e7427295-9757-4d0b-b6e1-b46374f24996@group-0E73B338B043:LeaderElection73] INFO  impl.RaftServerImpl (ServerState.java:setLeader(253)) - e7427295-9757-4d0b-b6e1-b46374f24996@group-0E73B338B043: change Leader from null to e7427295-9757-4d0b-b6e1-b46374f24996 at term 1 for becomeLeader, leader elected after 5173ms
2019-09-25 11:53:46,261 [303dafdc-9735-46a1-812c-fb1ebd7b1011@group-4F96D8C173FC:LeaderElection74] INFO  server.RaftServerConfigKeys (ConfUtils.java:logGet(43)) - raft.server.staging.catchup.gap = 1000 (default)
2019-09-25 11:53:46,261 [e7427295-9757-4d0b-b6e1-b46374f24996@group-0E73B338B043:LeaderElection73] INFO  server.RaftServerConfigKeys (ConfUtils.java:logGet(43)) - raft.server.staging.catchup.gap = 1000 (default)
2019-09-25 11:53:46,261 [303dafdc-9735-46a1-812c-fb1ebd7b1011@group-4F96D8C173FC:LeaderElection74] INFO  server.RaftServerConfigKeys (ConfUtils.java:logGet(43)) - raft.server.rpc.sleep.time = 25ms (default)
2019-09-25 11:53:46,261 [e7427295-9757-4d0b-b6e1-b46374f24996@group-0E73B338B043:LeaderElection73] INFO  server.RaftServerConfigKeys (ConfUtils.java:logGet(43)) - raft.server.rpc.sleep.time = 25ms (default)
2019-09-25 11:53:46,261 [303dafdc-9735-46a1-812c-fb1ebd7b1011@group-4F96D8C173FC:LeaderElection74] INFO  server.RaftServerConfigKeys (ConfUtils.java:logGet(43)) - raft.server.write.element-limit = 4096 (default)
2019-09-25 11:53:46,261 [e7427295-9757-4d0b-b6e1-b46374f24996@group-0E73B338B043:LeaderElection73] INFO  server.RaftServerConfigKeys (ConfUtils.java:logGet(43)) - raft.server.write.element-limit = 4096 (default)
2019-09-25 11:53:46,262 [303dafdc-9735-46a1-812c-fb1ebd7b1011@group-4F96D8C173FC:LeaderElection74] INFO  server.RaftServerConfigKeys (ConfUtils.java:logGet(43)) - raft.server.watch.timeout = 10s (default)
2019-09-25 11:53:46,262 [e7427295-9757-4d0b-b6e1-b46374f24996@group-0E73B338B043:LeaderElection73] INFO  server.RaftServerConfigKeys (ConfUtils.java:logGet(43)) - raft.server.watch.timeout = 10s (default)
2019-09-25 11:53:46,262 [303dafdc-9735-46a1-812c-fb1ebd7b1011@group-4F96D8C173FC:LeaderElection74] INFO  server.RaftServerConfigKeys (ConfUtils.java:logGet(43)) - raft.server.watch.timeout.denomination = 1s (default)
2019-09-25 11:53:46,262 [e7427295-9757-4d0b-b6e1-b46374f24996@group-0E73B338B043:LeaderElection73] INFO  server.RaftServerConfigKeys (ConfUtils.java:logGet(43)) - raft.server.watch.timeout.denomination = 1s (default)
2019-09-25 11:53:46,262 [303dafdc-9735-46a1-812c-fb1ebd7b1011@group-4F96D8C173FC:LeaderElection74] INFO  server.RaftServerConfigKeys (ConfUtils.java:logGet(43)) - raft.server.watch.element-limit = 65536 (default)
2019-09-25 11:53:46,262 [e7427295-9757-4d0b-b6e1-b46374f24996@group-0E73B338B043:LeaderElection73] INFO  server.RaftServerConfigKeys (ConfUtils.java:logGet(43)) - raft.server.watch.element-limit = 65536 (default)
2019-09-25 11:53:46,265 [303dafdc-9735-46a1-812c-fb1ebd7b1011@group-4F96D8C173FC:LeaderElection74] INFO  impl.RoleInfo (RoleInfo.java:updateAndGet(143)) - 303dafdc-9735-46a1-812c-fb1ebd7b1011: start LeaderState
2019-09-25 11:53:46,266 [303dafdc-9735-46a1-812c-fb1ebd7b1011@group-4F96D8C173FC:LeaderElection74] INFO  segmented.SegmentedRaftLogWorker (SegmentedRaftLogWorker.java:startLogSegment(380)) - 303dafdc-9735-46a1-812c-fb1ebd7b1011@group-4F96D8C173FC-SegmentedRaftLogWorker: Starting segment from index:0
2019-09-25 11:53:46,266 [303dafdc-9735-46a1-812c-fb1ebd7b1011@group-4F96D8C173FC:LeaderElection74] INFO  impl.RaftServerImpl (ServerState.java:setRaftConf(354)) - 303dafdc-9735-46a1-812c-fb1ebd7b1011@group-4F96D8C173FC: set configuration 0: [303dafdc-9735-46a1-812c-fb1ebd7b1011:192.168.30.6:37980], old=null at 0
2019-09-25 11:53:46,266 [e7427295-9757-4d0b-b6e1-b46374f24996@group-0E73B338B043:LeaderElection73] INFO  impl.RoleInfo (RoleInfo.java:updateAndGet(143)) - e7427295-9757-4d0b-b6e1-b46374f24996: start LeaderState
2019-09-25 11:53:46,267 [e7427295-9757-4d0b-b6e1-b46374f24996@group-0E73B338B043:LeaderElection73] INFO  segmented.SegmentedRaftLogWorker (SegmentedRaftLogWorker.java:startLogSegment(380)) - e7427295-9757-4d0b-b6e1-b46374f24996@group-0E73B338B043-SegmentedRaftLogWorker: Starting segment from index:0
2019-09-25 11:53:46,267 [e7427295-9757-4d0b-b6e1-b46374f24996@group-0E73B338B043:LeaderElection73] INFO  impl.RaftServerImpl (ServerState.java:setRaftConf(354)) - e7427295-9757-4d0b-b6e1-b46374f24996@group-0E73B338B043: set configuration 0: [e7427295-9757-4d0b-b6e1-b46374f24996:192.168.30.6:40322], old=null at 0
2019-09-25 11:53:46,281 [303dafdc-9735-46a1-812c-fb1ebd7b1011@group-3AE0EF58FC9E-SegmentedRaftLogWorker] INFO  segmented.SegmentedRaftLogWorker (SegmentedRaftLogWorker.java:execute(569)) - 303dafdc-9735-46a1-812c-fb1ebd7b1011@group-3AE0EF58FC9E-SegmentedRaftLogWorker: created new log segment /workdir/hadoop-ozone/ozonefs/target/test-dir/MiniOzoneClusterImpl-4d965d96-9517-4212-af55-0cc3287bfaeb/datanode-0/data/ratis/1f237560-e536-4147-bdf5-3ae0ef58fc9e/current/log_inprogress_0
2019-09-25 11:53:46,281 [303dafdc-9735-46a1-812c-fb1ebd7b1011@group-B17624A78FBC-SegmentedRaftLogWorker] INFO  segmented.SegmentedRaftLogWorker (SegmentedRaftLogWorker.java:execute(569)) - 303dafdc-9735-46a1-812c-fb1ebd7b1011@group-B17624A78FBC-SegmentedRaftLogWorker: created new log segment /workdir/hadoop-ozone/ozonefs/target/test-dir/MiniOzoneClusterImpl-4d965d96-9517-4212-af55-0cc3287bfaeb/datanode-0/data/ratis/c8e3db15-c91e-4879-9bf1-b17624a78fbc/current/log_inprogress_0
2019-09-25 11:53:46,309 [e7427295-9757-4d0b-b6e1-b46374f24996@group-0E73B338B043-SegmentedRaftLogWorker] INFO  segmented.SegmentedRaftLogWorker (SegmentedRaftLogWorker.java:execute(569)) - e7427295-9757-4d0b-b6e1-b46374f24996@group-0E73B338B043-SegmentedRaftLogWorker: created new log segment /workdir/hadoop-ozone/ozonefs/target/test-dir/MiniOzoneClusterImpl-4d965d96-9517-4212-af55-0cc3287bfaeb/datanode-1/data/ratis/eea6f927-9140-4029-b60c-0e73b338b043/current/log_inprogress_0
2019-09-25 11:53:46,309 [303dafdc-9735-46a1-812c-fb1ebd7b1011@group-4F96D8C173FC-SegmentedRaftLogWorker] INFO  segmented.SegmentedRaftLogWorker (SegmentedRaftLogWorker.java:execute(569)) - 303dafdc-9735-46a1-812c-fb1ebd7b1011@group-4F96D8C173FC-SegmentedRaftLogWorker: created new log segment /workdir/hadoop-ozone/ozonefs/target/test-dir/MiniOzoneClusterImpl-4d965d96-9517-4212-af55-0cc3287bfaeb/datanode-0/data/ratis/c14be86b-c117-4ea7-8802-4f96d8c173fc/current/log_inprogress_0
2019-09-25 11:53:46,378 [Thread-1254] INFO  impl.FollowerState (FollowerState.java:run(106)) - e7427295-9757-4d0b-b6e1-b46374f24996:group-53C7477067DD changes to CANDIDATE, lastRpcTime:5090, electionTimeout:5090ms
2019-09-25 11:53:46,378 [Thread-1254] INFO  impl.RoleInfo (RoleInfo.java:shutdownFollowerState(121)) - e7427295-9757-4d0b-b6e1-b46374f24996: shutdown FollowerState
2019-09-25 11:53:46,378 [Thread-1254] INFO  impl.RaftServerImpl (RaftServerImpl.java:setRole(174)) - e7427295-9757-4d0b-b6e1-b46374f24996@group-53C7477067DD: changes role from  FOLLOWER to CANDIDATE at term 0 for changeToCandidate
2019-09-25 11:53:46,379 [Thread-1254] INFO  impl.RoleInfo (RoleInfo.java:updateAndGet(143)) - e7427295-9757-4d0b-b6e1-b46374f24996: start LeaderElection
2019-09-25 11:53:46,392 [e7427295-9757-4d0b-b6e1-b46374f24996@group-53C7477067DD:LeaderElection75] INFO  impl.LeaderElection (LeaderElection.java:askForVotes(182)) - e7427295-9757-4d0b-b6e1-b46374f24996@group-53C7477067DD:LeaderElection75: begin an election at term 1 for -1: [e7427295-9757-4d0b-b6e1-b46374f24996:192.168.30.6:40322], old=null
2019-09-25 11:53:46,392 [e7427295-9757-4d0b-b6e1-b46374f24996@group-53C7477067DD:LeaderElection75] INFO  impl.RoleInfo (RoleInfo.java:shutdownLeaderElection(134)) - e7427295-9757-4d0b-b6e1-b46374f24996: shutdown LeaderElection
2019-09-25 11:53:46,392 [e7427295-9757-4d0b-b6e1-b46374f24996@group-53C7477067DD:LeaderElection75] INFO  impl.RaftServerImpl (RaftServerImpl.java:setRole(174)) - e7427295-9757-4d0b-b6e1-b46374f24996@group-53C7477067DD: changes role from CANDIDATE to LEADER at term 1 for changeToLeader
2019-09-25 11:53:46,392 [e7427295-9757-4d0b-b6e1-b46374f24996@group-53C7477067DD:LeaderElection75] INFO  impl.RaftServerImpl (ServerState.java:setLeader(253)) - e7427295-9757-4d0b-b6e1-b46374f24996@group-53C7477067DD: change Leader from null to e7427295-9757-4d0b-b6e1-b46374f24996 at term 1 for becomeLeader, leader elected after 5110ms
2019-09-25 11:53:46,392 [e7427295-9757-4d0b-b6e1-b46374f24996@group-53C7477067DD:LeaderElection75] INFO  server.RaftServerConfigKeys (ConfUtils.java:logGet(43)) - raft.server.staging.catchup.gap = 1000 (default)
2019-09-25 11:53:46,392 [e7427295-9757-4d0b-b6e1-b46374f24996@group-53C7477067DD:LeaderElection75] INFO  server.RaftServerConfigKeys (ConfUtils.java:logGet(43)) - raft.server.rpc.sleep.time = 25ms (default)
2019-09-25 11:53:46,392 [e7427295-9757-4d0b-b6e1-b46374f24996@group-53C7477067DD:LeaderElection75] INFO  server.RaftServerConfigKeys (ConfUtils.java:logGet(43)) - raft.server.write.element-limit = 4096 (default)
2019-09-25 11:53:46,393 [e7427295-9757-4d0b-b6e1-b46374f24996@group-53C7477067DD:LeaderElection75] INFO  server.RaftServerConfigKeys (ConfUtils.java:logGet(43)) - raft.server.watch.timeout = 10s (default)
2019-09-25 11:53:46,393 [e7427295-9757-4d0b-b6e1-b46374f24996@group-53C7477067DD:LeaderElection75] INFO  server.RaftServerConfigKeys (ConfUtils.java:logGet(43)) - raft.server.watch.timeout.denomination = 1s (default)
2019-09-25 11:53:46,393 [e7427295-9757-4d0b-b6e1-b46374f24996@group-53C7477067DD:LeaderElection75] INFO  server.RaftServerConfigKeys (ConfUtils.java:logGet(43)) - raft.server.watch.element-limit = 65536 (default)
2019-09-25 11:53:46,394 [e7427295-9757-4d0b-b6e1-b46374f24996@group-53C7477067DD:LeaderElection75] INFO  impl.RoleInfo (RoleInfo.java:updateAndGet(143)) - e7427295-9757-4d0b-b6e1-b46374f24996: start LeaderState
2019-09-25 11:53:46,394 [e7427295-9757-4d0b-b6e1-b46374f24996@group-53C7477067DD:LeaderElection75] INFO  segmented.SegmentedRaftLogWorker (SegmentedRaftLogWorker.java:startLogSegment(380)) - e7427295-9757-4d0b-b6e1-b46374f24996@group-53C7477067DD-SegmentedRaftLogWorker: Starting segment from index:0
2019-09-25 11:53:46,395 [e7427295-9757-4d0b-b6e1-b46374f24996@group-53C7477067DD:LeaderElection75] INFO  impl.RaftServerImpl (ServerState.java:setRaftConf(354)) - e7427295-9757-4d0b-b6e1-b46374f24996@group-53C7477067DD: set configuration 0: [e7427295-9757-4d0b-b6e1-b46374f24996:192.168.30.6:40322], old=null at 0
2019-09-25 11:53:46,438 [e7427295-9757-4d0b-b6e1-b46374f24996@group-53C7477067DD-SegmentedRaftLogWorker] INFO  segmented.SegmentedRaftLogWorker (SegmentedRaftLogWorker.java:execute(569)) - e7427295-9757-4d0b-b6e1-b46374f24996@group-53C7477067DD-SegmentedRaftLogWorker: created new log segment /workdir/hadoop-ozone/ozonefs/target/test-dir/MiniOzoneClusterImpl-4d965d96-9517-4212-af55-0cc3287bfaeb/datanode-1/data/ratis/e2d20d2b-29e5-4dc0-8213-53c7477067dd/current/log_inprogress_0
2019-09-25 11:53:46,438 [Thread-1251] INFO  impl.FollowerState (FollowerState.java:run(106)) - 303dafdc-9735-46a1-812c-fb1ebd7b1011:group-8F588686F33B changes to CANDIDATE, lastRpcTime:5198, electionTimeout:5198ms
2019-09-25 11:53:46,439 [Thread-1251] INFO  impl.RoleInfo (RoleInfo.java:shutdownFollowerState(121)) - 303dafdc-9735-46a1-812c-fb1ebd7b1011: shutdown FollowerState
2019-09-25 11:53:46,439 [Thread-1251] INFO  impl.RaftServerImpl (RaftServerImpl.java:setRole(174)) - 303dafdc-9735-46a1-812c-fb1ebd7b1011@group-8F588686F33B: changes role from  FOLLOWER to CANDIDATE at term 0 for changeToCandidate
2019-09-25 11:53:46,439 [Thread-1251] INFO  impl.RoleInfo (RoleInfo.java:updateAndGet(143)) - 303dafdc-9735-46a1-812c-fb1ebd7b1011: start LeaderElection
2019-09-25 11:53:46,442 [Thread-1257] INFO  impl.FollowerState (FollowerState.java:run(106)) - 4b163e73-9124-45c5-8da1-c8a8a9e20704:group-05A4357A26DD changes to CANDIDATE, lastRpcTime:5109, electionTimeout:5109ms
2019-09-25 11:53:46,442 [Thread-1257] INFO  impl.RoleInfo (RoleInfo.java:shutdownFollowerState(121)) - 4b163e73-9124-45c5-8da1-c8a8a9e20704: shutdown FollowerState
2019-09-25 11:53:46,442 [Thread-1257] INFO  impl.RaftServerImpl (RaftServerImpl.java:setRole(174)) - 4b163e73-9124-45c5-8da1-c8a8a9e20704@group-05A4357A26DD: changes role from  FOLLOWER to CANDIDATE at term 0 for changeToCandidate
2019-09-25 11:53:46,442 [Thread-1257] INFO  impl.RoleInfo (RoleInfo.java:updateAndGet(143)) - 4b163e73-9124-45c5-8da1-c8a8a9e20704: start LeaderElection
2019-09-25 11:53:46,453 [303dafdc-9735-46a1-812c-fb1ebd7b1011@group-8F588686F33B:LeaderElection76] INFO  impl.LeaderElection (LeaderElection.java:askForVotes(182)) - 303dafdc-9735-46a1-812c-fb1ebd7b1011@group-8F588686F33B:LeaderElection76: begin an election at term 1 for -1: [303dafdc-9735-46a1-812c-fb1ebd7b1011:192.168.30.6:37980], old=null
2019-09-25 11:53:46,453 [4b163e73-9124-45c5-8da1-c8a8a9e20704@group-05A4357A26DD:LeaderElection77] INFO  impl.LeaderElection (LeaderElection.java:askForVotes(182)) - 4b163e73-9124-45c5-8da1-c8a8a9e20704@group-05A4357A26DD:LeaderElection77: begin an election at term 1 for -1: [4b163e73-9124-45c5-8da1-c8a8a9e20704:192.168.30.6:35803], old=null
2019-09-25 11:53:46,454 [303dafdc-9735-46a1-812c-fb1ebd7b1011@group-8F588686F33B:LeaderElection76] INFO  impl.RoleInfo (RoleInfo.java:shutdownLeaderElection(134)) - 303dafdc-9735-46a1-812c-fb1ebd7b1011: shutdown LeaderElection
2019-09-25 11:53:46,454 [4b163e73-9124-45c5-8da1-c8a8a9e20704@group-05A4357A26DD:LeaderElection77] INFO  impl.RoleInfo (RoleInfo.java:shutdownLeaderElection(134)) - 4b163e73-9124-45c5-8da1-c8a8a9e20704: shutdown LeaderElection
2019-09-25 11:53:46,454 [303dafdc-9735-46a1-812c-fb1ebd7b1011@group-8F588686F33B:LeaderElection76] INFO  impl.RaftServerImpl (RaftServerImpl.java:setRole(174)) - 303dafdc-9735-46a1-812c-fb1ebd7b1011@group-8F588686F33B: changes role from CANDIDATE to LEADER at term 1 for changeToLeader
2019-09-25 11:53:46,454 [4b163e73-9124-45c5-8da1-c8a8a9e20704@group-05A4357A26DD:LeaderElection77] INFO  impl.RaftServerImpl (RaftServerImpl.java:setRole(174)) - 4b163e73-9124-45c5-8da1-c8a8a9e20704@group-05A4357A26DD: changes role from CANDIDATE to LEADER at term 1 for changeToLeader
2019-09-25 11:53:46,454 [303dafdc-9735-46a1-812c-fb1ebd7b1011@group-8F588686F33B:LeaderElection76] INFO  impl.RaftServerImpl (ServerState.java:setLeader(253)) - 303dafdc-9735-46a1-812c-fb1ebd7b1011@group-8F588686F33B: change Leader from null to 303dafdc-9735-46a1-812c-fb1ebd7b1011 at term 1 for becomeLeader, leader elected after 5218ms
2019-09-25 11:53:46,454 [4b163e73-9124-45c5-8da1-c8a8a9e20704@group-05A4357A26DD:LeaderElection77] INFO  impl.RaftServerImpl (ServerState.java:setLeader(253)) - 4b163e73-9124-45c5-8da1-c8a8a9e20704@group-05A4357A26DD: change Leader from null to 4b163e73-9124-45c5-8da1-c8a8a9e20704 at term 1 for becomeLeader, leader elected after 5128ms
2019-09-25 11:53:46,454 [303dafdc-9735-46a1-812c-fb1ebd7b1011@group-8F588686F33B:LeaderElection76] INFO  server.RaftServerConfigKeys (ConfUtils.java:logGet(43)) - raft.server.staging.catchup.gap = 1000 (default)
2019-09-25 11:53:46,455 [4b163e73-9124-45c5-8da1-c8a8a9e20704@group-05A4357A26DD:LeaderElection77] INFO  server.RaftServerConfigKeys (ConfUtils.java:logGet(43)) - raft.server.staging.catchup.gap = 1000 (default)
2019-09-25 11:53:46,455 [303dafdc-9735-46a1-812c-fb1ebd7b1011@group-8F588686F33B:LeaderElection76] INFO  server.RaftServerConfigKeys (ConfUtils.java:logGet(43)) - raft.server.rpc.sleep.time = 25ms (default)
2019-09-25 11:53:46,455 [4b163e73-9124-45c5-8da1-c8a8a9e20704@group-05A4357A26DD:LeaderElection77] INFO  server.RaftServerConfigKeys (ConfUtils.java:logGet(43)) - raft.server.rpc.sleep.time = 25ms (default)
2019-09-25 11:53:46,455 [303dafdc-9735-46a1-812c-fb1ebd7b1011@group-8F588686F33B:LeaderElection76] INFO  server.RaftServerConfigKeys (ConfUtils.java:logGet(43)) - raft.server.write.element-limit = 4096 (default)
2019-09-25 11:53:46,455 [4b163e73-9124-45c5-8da1-c8a8a9e20704@group-05A4357A26DD:LeaderElection77] INFO  server.RaftServerConfigKeys (ConfUtils.java:logGet(43)) - raft.server.write.element-limit = 4096 (default)
2019-09-25 11:53:46,455 [303dafdc-9735-46a1-812c-fb1ebd7b1011@group-8F588686F33B:LeaderElection76] INFO  server.RaftServerConfigKeys (ConfUtils.java:logGet(43)) - raft.server.watch.timeout = 10s (default)
2019-09-25 11:53:46,455 [4b163e73-9124-45c5-8da1-c8a8a9e20704@group-05A4357A26DD:LeaderElection77] INFO  server.RaftServerConfigKeys (ConfUtils.java:logGet(43)) - raft.server.watch.timeout = 10s (default)
2019-09-25 11:53:46,455 [303dafdc-9735-46a1-812c-fb1ebd7b1011@group-8F588686F33B:LeaderElection76] INFO  server.RaftServerConfigKeys (ConfUtils.java:logGet(43)) - raft.server.watch.timeout.denomination = 1s (default)
2019-09-25 11:53:46,456 [4b163e73-9124-45c5-8da1-c8a8a9e20704@group-05A4357A26DD:LeaderElection77] INFO  server.RaftServerConfigKeys (ConfUtils.java:logGet(43)) - raft.server.watch.timeout.denomination = 1s (default)
2019-09-25 11:53:46,456 [303dafdc-9735-46a1-812c-fb1ebd7b1011@group-8F588686F33B:LeaderElection76] INFO  server.RaftServerConfigKeys (ConfUtils.java:logGet(43)) - raft.server.watch.element-limit = 65536 (default)
2019-09-25 11:53:46,456 [4b163e73-9124-45c5-8da1-c8a8a9e20704@group-05A4357A26DD:LeaderElection77] INFO  server.RaftServerConfigKeys (ConfUtils.java:logGet(43)) - raft.server.watch.element-limit = 65536 (default)
2019-09-25 11:53:46,459 [303dafdc-9735-46a1-812c-fb1ebd7b1011@group-8F588686F33B:LeaderElection76] INFO  impl.RoleInfo (RoleInfo.java:updateAndGet(143)) - 303dafdc-9735-46a1-812c-fb1ebd7b1011: start LeaderState
2019-09-25 11:53:46,459 [303dafdc-9735-46a1-812c-fb1ebd7b1011@group-8F588686F33B:LeaderElection76] INFO  segmented.SegmentedRaftLogWorker (SegmentedRaftLogWorker.java:startLogSegment(380)) - 303dafdc-9735-46a1-812c-fb1ebd7b1011@group-8F588686F33B-SegmentedRaftLogWorker: Starting segment from index:0
2019-09-25 11:53:46,459 [4b163e73-9124-45c5-8da1-c8a8a9e20704@group-05A4357A26DD:LeaderElection77] INFO  impl.RoleInfo (RoleInfo.java:updateAndGet(143)) - 4b163e73-9124-45c5-8da1-c8a8a9e20704: start LeaderState
2019-09-25 11:53:46,460 [4b163e73-9124-45c5-8da1-c8a8a9e20704@group-05A4357A26DD:LeaderElection77] INFO  segmented.SegmentedRaftLogWorker (SegmentedRaftLogWorker.java:startLogSegment(380)) - 4b163e73-9124-45c5-8da1-c8a8a9e20704@group-05A4357A26DD-SegmentedRaftLogWorker: Starting segment from index:0
2019-09-25 11:53:46,460 [303dafdc-9735-46a1-812c-fb1ebd7b1011@group-8F588686F33B:LeaderElection76] INFO  impl.RaftServerImpl (ServerState.java:setRaftConf(354)) - 303dafdc-9735-46a1-812c-fb1ebd7b1011@group-8F588686F33B: set configuration 0: [303dafdc-9735-46a1-812c-fb1ebd7b1011:192.168.30.6:37980], old=null at 0
2019-09-25 11:53:46,460 [4b163e73-9124-45c5-8da1-c8a8a9e20704@group-05A4357A26DD:LeaderElection77] INFO  impl.RaftServerImpl (ServerState.java:setRaftConf(354)) - 4b163e73-9124-45c5-8da1-c8a8a9e20704@group-05A4357A26DD: set configuration 0: [4b163e73-9124-45c5-8da1-c8a8a9e20704:192.168.30.6:35803], old=null at 0
2019-09-25 11:53:46,461 [Thread-1260] INFO  impl.FollowerState (FollowerState.java:run(106)) - e7427295-9757-4d0b-b6e1-b46374f24996:group-3042991A22E7 changes to CANDIDATE, lastRpcTime:5084, electionTimeout:5084ms
2019-09-25 11:53:46,461 [Thread-1260] INFO  impl.RoleInfo (RoleInfo.java:shutdownFollowerState(121)) - e7427295-9757-4d0b-b6e1-b46374f24996: shutdown FollowerState
2019-09-25 11:53:46,461 [Thread-1260] INFO  impl.RaftServerImpl (RaftServerImpl.java:setRole(174)) - e7427295-9757-4d0b-b6e1-b46374f24996@group-3042991A22E7: changes role from  FOLLOWER to CANDIDATE at term 0 for changeToCandidate
2019-09-25 11:53:46,462 [Thread-1260] INFO  impl.RoleInfo (RoleInfo.java:updateAndGet(143)) - e7427295-9757-4d0b-b6e1-b46374f24996: start LeaderElection
2019-09-25 11:53:46,475 [e7427295-9757-4d0b-b6e1-b46374f24996@group-3042991A22E7:LeaderElection78] INFO  impl.LeaderElection (LeaderElection.java:askForVotes(182)) - e7427295-9757-4d0b-b6e1-b46374f24996@group-3042991A22E7:LeaderElection78: begin an election at term 1 for -1: [e7427295-9757-4d0b-b6e1-b46374f24996:192.168.30.6:40322], old=null
2019-09-25 11:53:46,475 [e7427295-9757-4d0b-b6e1-b46374f24996@group-3042991A22E7:LeaderElection78] INFO  impl.RoleInfo (RoleInfo.java:shutdownLeaderElection(134)) - e7427295-9757-4d0b-b6e1-b46374f24996: shutdown LeaderElection
2019-09-25 11:53:46,475 [e7427295-9757-4d0b-b6e1-b46374f24996@group-3042991A22E7:LeaderElection78] INFO  impl.RaftServerImpl (RaftServerImpl.java:setRole(174)) - e7427295-9757-4d0b-b6e1-b46374f24996@group-3042991A22E7: changes role from CANDIDATE to LEADER at term 1 for changeToLeader
2019-09-25 11:53:46,476 [e7427295-9757-4d0b-b6e1-b46374f24996@group-3042991A22E7:LeaderElection78] INFO  impl.RaftServerImpl (ServerState.java:setLeader(253)) - e7427295-9757-4d0b-b6e1-b46374f24996@group-3042991A22E7: change Leader from null to e7427295-9757-4d0b-b6e1-b46374f24996 at term 1 for becomeLeader, leader elected after 5105ms
2019-09-25 11:53:46,476 [e7427295-9757-4d0b-b6e1-b46374f24996@group-3042991A22E7:LeaderElection78] INFO  server.RaftServerConfigKeys (ConfUtils.java:logGet(43)) - raft.server.staging.catchup.gap = 1000 (default)
2019-09-25 11:53:46,476 [e7427295-9757-4d0b-b6e1-b46374f24996@group-3042991A22E7:LeaderElection78] INFO  server.RaftServerConfigKeys (ConfUtils.java:logGet(43)) - raft.server.rpc.sleep.time = 25ms (default)
2019-09-25 11:53:46,476 [e7427295-9757-4d0b-b6e1-b46374f24996@group-3042991A22E7:LeaderElection78] INFO  server.RaftServerConfigKeys (ConfUtils.java:logGet(43)) - raft.server.write.element-limit = 4096 (default)
2019-09-25 11:53:46,476 [e7427295-9757-4d0b-b6e1-b46374f24996@group-3042991A22E7:LeaderElection78] INFO  server.RaftServerConfigKeys (ConfUtils.java:logGet(43)) - raft.server.watch.timeout = 10s (default)
2019-09-25 11:53:46,476 [e7427295-9757-4d0b-b6e1-b46374f24996@group-3042991A22E7:LeaderElection78] INFO  server.RaftServerConfigKeys (ConfUtils.java:logGet(43)) - raft.server.watch.timeout.denomination = 1s (default)
2019-09-25 11:53:46,476 [e7427295-9757-4d0b-b6e1-b46374f24996@group-3042991A22E7:LeaderElection78] INFO  server.RaftServerConfigKeys (ConfUtils.java:logGet(43)) - raft.server.watch.element-limit = 65536 (default)
2019-09-25 11:53:46,478 [e7427295-9757-4d0b-b6e1-b46374f24996@group-3042991A22E7:LeaderElection78] INFO  impl.RoleInfo (RoleInfo.java:updateAndGet(143)) - e7427295-9757-4d0b-b6e1-b46374f24996: start LeaderState
2019-09-25 11:53:46,478 [e7427295-9757-4d0b-b6e1-b46374f24996@group-3042991A22E7:LeaderElection78] INFO  segmented.SegmentedRaftLogWorker (SegmentedRaftLogWorker.java:startLogSegment(380)) - e7427295-9757-4d0b-b6e1-b46374f24996@group-3042991A22E7-SegmentedRaftLogWorker: Starting segment from index:0
2019-09-25 11:53:46,478 [e7427295-9757-4d0b-b6e1-b46374f24996@group-3042991A22E7:LeaderElection78] INFO  impl.RaftServerImpl (ServerState.java:setRaftConf(354)) - e7427295-9757-4d0b-b6e1-b46374f24996@group-3042991A22E7: set configuration 0: [e7427295-9757-4d0b-b6e1-b46374f24996:192.168.30.6:40322], old=null at 0
2019-09-25 11:53:46,485 [Thread-1263] INFO  impl.FollowerState (FollowerState.java:run(106)) - 303dafdc-9735-46a1-812c-fb1ebd7b1011:group-9F38B2E3A299 changes to CANDIDATE, lastRpcTime:5067, electionTimeout:5067ms
2019-09-25 11:53:46,485 [Thread-1263] INFO  impl.RoleInfo (RoleInfo.java:shutdownFollowerState(121)) - 303dafdc-9735-46a1-812c-fb1ebd7b1011: shutdown FollowerState
2019-09-25 11:53:46,485 [Thread-1263] INFO  impl.RaftServerImpl (RaftServerImpl.java:setRole(174)) - 303dafdc-9735-46a1-812c-fb1ebd7b1011@group-9F38B2E3A299: changes role from  FOLLOWER to CANDIDATE at term 0 for changeToCandidate
2019-09-25 11:53:46,485 [Thread-1263] INFO  impl.RoleInfo (RoleInfo.java:updateAndGet(143)) - 303dafdc-9735-46a1-812c-fb1ebd7b1011: start LeaderElection
2019-09-25 11:53:46,499 [4b163e73-9124-45c5-8da1-c8a8a9e20704@group-05A4357A26DD-SegmentedRaftLogWorker] INFO  segmented.SegmentedRaftLogWorker (SegmentedRaftLogWorker.java:execute(569)) - 4b163e73-9124-45c5-8da1-c8a8a9e20704@group-05A4357A26DD-SegmentedRaftLogWorker: created new log segment /workdir/hadoop-ozone/ozonefs/target/test-dir/MiniOzoneClusterImpl-4d965d96-9517-4212-af55-0cc3287bfaeb/datanode-2/data/ratis/fad6ad58-9bfa-4258-8c8b-05a4357a26dd/current/log_inprogress_0
2019-09-25 11:53:46,499 [303dafdc-9735-46a1-812c-fb1ebd7b1011@group-9F38B2E3A299:LeaderElection79] INFO  impl.LeaderElection (LeaderElection.java:askForVotes(182)) - 303dafdc-9735-46a1-812c-fb1ebd7b1011@group-9F38B2E3A299:LeaderElection79: begin an election at term 1 for -1: [303dafdc-9735-46a1-812c-fb1ebd7b1011:192.168.30.6:37980], old=null
2019-09-25 11:53:46,499 [303dafdc-9735-46a1-812c-fb1ebd7b1011@group-8F588686F33B-SegmentedRaftLogWorker] INFO  segmented.SegmentedRaftLogWorker (SegmentedRaftLogWorker.java:execute(569)) - 303dafdc-9735-46a1-812c-fb1ebd7b1011@group-8F588686F33B-SegmentedRaftLogWorker: created new log segment /workdir/hadoop-ozone/ozonefs/target/test-dir/MiniOzoneClusterImpl-4d965d96-9517-4212-af55-0cc3287bfaeb/datanode-0/data/ratis/d4f67d94-b13c-4952-b8ff-8f588686f33b/current/log_inprogress_0
2019-09-25 11:53:46,499 [303dafdc-9735-46a1-812c-fb1ebd7b1011@group-9F38B2E3A299:LeaderElection79] INFO  impl.RoleInfo (RoleInfo.java:shutdownLeaderElection(134)) - 303dafdc-9735-46a1-812c-fb1ebd7b1011: shutdown LeaderElection
2019-09-25 11:53:46,500 [303dafdc-9735-46a1-812c-fb1ebd7b1011@group-9F38B2E3A299:LeaderElection79] INFO  impl.RaftServerImpl (RaftServerImpl.java:setRole(174)) - 303dafdc-9735-46a1-812c-fb1ebd7b1011@group-9F38B2E3A299: changes role from CANDIDATE to LEADER at term 1 for changeToLeader
2019-09-25 11:53:46,500 [303dafdc-9735-46a1-812c-fb1ebd7b1011@group-9F38B2E3A299:LeaderElection79] INFO  impl.RaftServerImpl (ServerState.java:setLeader(253)) - 303dafdc-9735-46a1-812c-fb1ebd7b1011@group-9F38B2E3A299: change Leader from null to 303dafdc-9735-46a1-812c-fb1ebd7b1011 at term 1 for becomeLeader, leader elected after 5087ms
2019-09-25 11:53:46,500 [303dafdc-9735-46a1-812c-fb1ebd7b1011@group-9F38B2E3A299:LeaderElection79] INFO  server.RaftServerConfigKeys (ConfUtils.java:logGet(43)) - raft.server.staging.catchup.gap = 1000 (default)
2019-09-25 11:53:46,500 [303dafdc-9735-46a1-812c-fb1ebd7b1011@group-9F38B2E3A299:LeaderElection79] INFO  server.RaftServerConfigKeys (ConfUtils.java:logGet(43)) - raft.server.rpc.sleep.time = 25ms (default)
2019-09-25 11:53:46,500 [303dafdc-9735-46a1-812c-fb1ebd7b1011@group-9F38B2E3A299:LeaderElection79] INFO  server.RaftServerConfigKeys (ConfUtils.java:logGet(43)) - raft.server.write.element-limit = 4096 (default)
2019-09-25 11:53:46,500 [303dafdc-9735-46a1-812c-fb1ebd7b1011@group-9F38B2E3A299:LeaderElection79] INFO  server.RaftServerConfigKeys (ConfUtils.java:logGet(43)) - raft.server.watch.timeout = 10s (default)
2019-09-25 11:53:46,500 [303dafdc-9735-46a1-812c-fb1ebd7b1011@group-9F38B2E3A299:LeaderElection79] INFO  server.RaftServerConfigKeys (ConfUtils.java:logGet(43)) - raft.server.watch.timeout.denomination = 1s (default)
2019-09-25 11:53:46,500 [303dafdc-9735-46a1-812c-fb1ebd7b1011@group-9F38B2E3A299:LeaderElection79] INFO  server.RaftServerConfigKeys (ConfUtils.java:logGet(43)) - raft.server.watch.element-limit = 65536 (default)
2019-09-25 11:53:46,501 [303dafdc-9735-46a1-812c-fb1ebd7b1011@group-9F38B2E3A299:LeaderElection79] INFO  impl.RoleInfo (RoleInfo.java:updateAndGet(143)) - 303dafdc-9735-46a1-812c-fb1ebd7b1011: start LeaderState
2019-09-25 11:53:46,501 [303dafdc-9735-46a1-812c-fb1ebd7b1011@group-9F38B2E3A299:LeaderElection79] INFO  segmented.SegmentedRaftLogWorker (SegmentedRaftLogWorker.java:startLogSegment(380)) - 303dafdc-9735-46a1-812c-fb1ebd7b1011@group-9F38B2E3A299-SegmentedRaftLogWorker: Starting segment from index:0
2019-09-25 11:53:46,502 [303dafdc-9735-46a1-812c-fb1ebd7b1011@group-9F38B2E3A299:LeaderElection79] INFO  impl.RaftServerImpl (ServerState.java:setRaftConf(354)) - 303dafdc-9735-46a1-812c-fb1ebd7b1011@group-9F38B2E3A299: set configuration 0: [303dafdc-9735-46a1-812c-fb1ebd7b1011:192.168.30.6:37980], old=null at 0
2019-09-25 11:53:46,525 [e7427295-9757-4d0b-b6e1-b46374f24996@group-3042991A22E7-SegmentedRaftLogWorker] INFO  segmented.SegmentedRaftLogWorker (SegmentedRaftLogWorker.java:execute(569)) - e7427295-9757-4d0b-b6e1-b46374f24996@group-3042991A22E7-SegmentedRaftLogWorker: created new log segment /workdir/hadoop-ozone/ozonefs/target/test-dir/MiniOzoneClusterImpl-4d965d96-9517-4212-af55-0cc3287bfaeb/datanode-1/data/ratis/7960d94a-b564-47f0-b82d-3042991a22e7/current/log_inprogress_0
2019-09-25 11:53:46,547 [303dafdc-9735-46a1-812c-fb1ebd7b1011@group-9F38B2E3A299-SegmentedRaftLogWorker] INFO  segmented.SegmentedRaftLogWorker (SegmentedRaftLogWorker.java:execute(569)) - 303dafdc-9735-46a1-812c-fb1ebd7b1011@group-9F38B2E3A299-SegmentedRaftLogWorker: created new log segment /workdir/hadoop-ozone/ozonefs/target/test-dir/MiniOzoneClusterImpl-4d965d96-9517-4212-af55-0cc3287bfaeb/datanode-0/data/ratis/85a23129-88e6-4bbf-b38b-9f38b2e3a299/current/log_inprogress_0
2019-09-25 11:53:46,640 [Thread-1275] INFO  impl.FollowerState (FollowerState.java:run(106)) - e7427295-9757-4d0b-b6e1-b46374f24996:group-1821ACDD1E72 changes to CANDIDATE, lastRpcTime:5051, electionTimeout:5051ms
2019-09-25 11:53:46,640 [Thread-1275] INFO  impl.RoleInfo (RoleInfo.java:shutdownFollowerState(121)) - e7427295-9757-4d0b-b6e1-b46374f24996: shutdown FollowerState
2019-09-25 11:53:46,640 [Thread-1275] INFO  impl.RaftServerImpl (RaftServerImpl.java:setRole(174)) - e7427295-9757-4d0b-b6e1-b46374f24996@group-1821ACDD1E72: changes role from  FOLLOWER to CANDIDATE at term 0 for changeToCandidate
2019-09-25 11:53:46,640 [Thread-1275] INFO  impl.RoleInfo (RoleInfo.java:updateAndGet(143)) - e7427295-9757-4d0b-b6e1-b46374f24996: start LeaderElection
2019-09-25 11:53:46,645 [Thread-1272] INFO  impl.FollowerState (FollowerState.java:run(106)) - 4b163e73-9124-45c5-8da1-c8a8a9e20704:group-4D69C510E732 changes to CANDIDATE, lastRpcTime:5098, electionTimeout:5098ms
2019-09-25 11:53:46,645 [Thread-1272] INFO  impl.RoleInfo (RoleInfo.java:shutdownFollowerState(121)) - 4b163e73-9124-45c5-8da1-c8a8a9e20704: shutdown FollowerState
2019-09-25 11:53:46,645 [Thread-1272] INFO  impl.RaftServerImpl (RaftServerImpl.java:setRole(174)) - 4b163e73-9124-45c5-8da1-c8a8a9e20704@group-4D69C510E732: changes role from  FOLLOWER to CANDIDATE at term 0 for changeToCandidate
2019-09-25 11:53:46,645 [Thread-1272] INFO  impl.RoleInfo (RoleInfo.java:updateAndGet(143)) - 4b163e73-9124-45c5-8da1-c8a8a9e20704: start LeaderElection
2019-09-25 11:53:46,652 [Thread-1269] INFO  impl.FollowerState (FollowerState.java:run(106)) - e7427295-9757-4d0b-b6e1-b46374f24996:group-918EF9773AC8 changes to CANDIDATE, lastRpcTime:5151, electionTimeout:5151ms
2019-09-25 11:53:46,652 [Thread-1269] INFO  impl.RoleInfo (RoleInfo.java:shutdownFollowerState(121)) - e7427295-9757-4d0b-b6e1-b46374f24996: shutdown FollowerState
2019-09-25 11:53:46,652 [Thread-1269] INFO  impl.RaftServerImpl (RaftServerImpl.java:setRole(174)) - e7427295-9757-4d0b-b6e1-b46374f24996@group-918EF9773AC8: changes role from  FOLLOWER to CANDIDATE at term 0 for changeToCandidate
2019-09-25 11:53:46,653 [Thread-1269] INFO  impl.RoleInfo (RoleInfo.java:updateAndGet(143)) - e7427295-9757-4d0b-b6e1-b46374f24996: start LeaderElection
2019-09-25 11:53:46,654 [e7427295-9757-4d0b-b6e1-b46374f24996@group-1821ACDD1E72:LeaderElection80] INFO  impl.LeaderElection (LeaderElection.java:askForVotes(182)) - e7427295-9757-4d0b-b6e1-b46374f24996@group-1821ACDD1E72:LeaderElection80: begin an election at term 1 for -1: [e7427295-9757-4d0b-b6e1-b46374f24996:192.168.30.6:40322], old=null
2019-09-25 11:53:46,654 [4b163e73-9124-45c5-8da1-c8a8a9e20704@group-4D69C510E732:LeaderElection81] INFO  impl.LeaderElection (LeaderElection.java:askForVotes(182)) - 4b163e73-9124-45c5-8da1-c8a8a9e20704@group-4D69C510E732:LeaderElection81: begin an election at term 1 for -1: [4b163e73-9124-45c5-8da1-c8a8a9e20704:192.168.30.6:35803], old=null
2019-09-25 11:53:46,655 [e7427295-9757-4d0b-b6e1-b46374f24996@group-1821ACDD1E72:LeaderElection80] INFO  impl.RoleInfo (RoleInfo.java:shutdownLeaderElection(134)) - e7427295-9757-4d0b-b6e1-b46374f24996: shutdown LeaderElection
2019-09-25 11:53:46,655 [4b163e73-9124-45c5-8da1-c8a8a9e20704@group-4D69C510E732:LeaderElection81] INFO  impl.RoleInfo (RoleInfo.java:shutdownLeaderElection(134)) - 4b163e73-9124-45c5-8da1-c8a8a9e20704: shutdown LeaderElection
2019-09-25 11:53:46,655 [e7427295-9757-4d0b-b6e1-b46374f24996@group-1821ACDD1E72:LeaderElection80] INFO  impl.RaftServerImpl (RaftServerImpl.java:setRole(174)) - e7427295-9757-4d0b-b6e1-b46374f24996@group-1821ACDD1E72: changes role from CANDIDATE to LEADER at term 1 for changeToLeader
2019-09-25 11:53:46,655 [4b163e73-9124-45c5-8da1-c8a8a9e20704@group-4D69C510E732:LeaderElection81] INFO  impl.RaftServerImpl (RaftServerImpl.java:setRole(174)) - 4b163e73-9124-45c5-8da1-c8a8a9e20704@group-4D69C510E732: changes role from CANDIDATE to LEADER at term 1 for changeToLeader
2019-09-25 11:53:46,655 [e7427295-9757-4d0b-b6e1-b46374f24996@group-1821ACDD1E72:LeaderElection80] INFO  impl.RaftServerImpl (ServerState.java:setLeader(253)) - e7427295-9757-4d0b-b6e1-b46374f24996@group-1821ACDD1E72: change Leader from null to e7427295-9757-4d0b-b6e1-b46374f24996 at term 1 for becomeLeader, leader elected after 5070ms
2019-09-25 11:53:46,655 [4b163e73-9124-45c5-8da1-c8a8a9e20704@group-4D69C510E732:LeaderElection81] INFO  impl.RaftServerImpl (ServerState.java:setLeader(253)) - 4b163e73-9124-45c5-8da1-c8a8a9e20704@group-4D69C510E732: change Leader from null to 4b163e73-9124-45c5-8da1-c8a8a9e20704 at term 1 for becomeLeader, leader elected after 5112ms
2019-09-25 11:53:46,655 [e7427295-9757-4d0b-b6e1-b46374f24996@group-1821ACDD1E72:LeaderElection80] INFO  server.RaftServerConfigKeys (ConfUtils.java:logGet(43)) - raft.server.staging.catchup.gap = 1000 (default)
2019-09-25 11:53:46,656 [4b163e73-9124-45c5-8da1-c8a8a9e20704@group-4D69C510E732:LeaderElection81] INFO  server.RaftServerConfigKeys (ConfUtils.java:logGet(43)) - raft.server.staging.catchup.gap = 1000 (default)
2019-09-25 11:53:46,656 [e7427295-9757-4d0b-b6e1-b46374f24996@group-1821ACDD1E72:LeaderElection80] INFO  server.RaftServerConfigKeys (ConfUtils.java:logGet(43)) - raft.server.rpc.sleep.time = 25ms (default)
2019-09-25 11:53:46,656 [4b163e73-9124-45c5-8da1-c8a8a9e20704@group-4D69C510E732:LeaderElection81] INFO  server.RaftServerConfigKeys (ConfUtils.java:logGet(43)) - raft.server.rpc.sleep.time = 25ms (default)
2019-09-25 11:53:46,656 [e7427295-9757-4d0b-b6e1-b46374f24996@group-1821ACDD1E72:LeaderElection80] INFO  server.RaftServerConfigKeys (ConfUtils.java:logGet(43)) - raft.server.write.element-limit = 4096 (default)
2019-09-25 11:53:46,656 [4b163e73-9124-45c5-8da1-c8a8a9e20704@group-4D69C510E732:LeaderElection81] INFO  server.RaftServerConfigKeys (ConfUtils.java:logGet(43)) - raft.server.write.element-limit = 4096 (default)
2019-09-25 11:53:46,656 [e7427295-9757-4d0b-b6e1-b46374f24996@group-1821ACDD1E72:LeaderElection80] INFO  server.RaftServerConfigKeys (ConfUtils.java:logGet(43)) - raft.server.watch.timeout = 10s (default)
2019-09-25 11:53:46,656 [4b163e73-9124-45c5-8da1-c8a8a9e20704@group-4D69C510E732:LeaderElection81] INFO  server.RaftServerConfigKeys (ConfUtils.java:logGet(43)) - raft.server.watch.timeout = 10s (default)
2019-09-25 11:53:46,657 [e7427295-9757-4d0b-b6e1-b46374f24996@group-918EF9773AC8:LeaderElection82] INFO  impl.LeaderElection (LeaderElection.java:askForVotes(182)) - e7427295-9757-4d0b-b6e1-b46374f24996@group-918EF9773AC8:LeaderElection82: begin an election at term 1 for -1: [e7427295-9757-4d0b-b6e1-b46374f24996:192.168.30.6:40322], old=null
2019-09-25 11:53:46,657 [e7427295-9757-4d0b-b6e1-b46374f24996@group-1821ACDD1E72:LeaderElection80] INFO  server.RaftServerConfigKeys (ConfUtils.java:logGet(43)) - raft.server.watch.timeout.denomination = 1s (default)
2019-09-25 11:53:46,657 [e7427295-9757-4d0b-b6e1-b46374f24996@group-918EF9773AC8:LeaderElection82] INFO  impl.RoleInfo (RoleInfo.java:shutdownLeaderElection(134)) - e7427295-9757-4d0b-b6e1-b46374f24996: shutdown LeaderElection
2019-09-25 11:53:46,657 [e7427295-9757-4d0b-b6e1-b46374f24996@group-918EF9773AC8:LeaderElection82] INFO  impl.RaftServerImpl (RaftServerImpl.java:setRole(174)) - e7427295-9757-4d0b-b6e1-b46374f24996@group-918EF9773AC8: changes role from CANDIDATE to LEADER at term 1 for changeToLeader
2019-09-25 11:53:46,657 [4b163e73-9124-45c5-8da1-c8a8a9e20704@group-4D69C510E732:LeaderElection81] INFO  server.RaftServerConfigKeys (ConfUtils.java:logGet(43)) - raft.server.watch.timeout.denomination = 1s (default)
2019-09-25 11:53:46,657 [e7427295-9757-4d0b-b6e1-b46374f24996@group-918EF9773AC8:LeaderElection82] INFO  impl.RaftServerImpl (ServerState.java:setLeader(253)) - e7427295-9757-4d0b-b6e1-b46374f24996@group-918EF9773AC8: change Leader from null to e7427295-9757-4d0b-b6e1-b46374f24996 at term 1 for becomeLeader, leader elected after 5161ms
2019-09-25 11:53:46,657 [Thread-1266] INFO  impl.FollowerState (FollowerState.java:run(106)) - 4b163e73-9124-45c5-8da1-c8a8a9e20704:group-45088132E63D changes to CANDIDATE, lastRpcTime:5197, electionTimeout:5197ms
2019-09-25 11:53:46,657 [e7427295-9757-4d0b-b6e1-b46374f24996@group-1821ACDD1E72:LeaderElection80] INFO  server.RaftServerConfigKeys (ConfUtils.java:logGet(43)) - raft.server.watch.element-limit = 65536 (default)
2019-09-25 11:53:46,658 [Thread-1266] INFO  impl.RoleInfo (RoleInfo.java:shutdownFollowerState(121)) - 4b163e73-9124-45c5-8da1-c8a8a9e20704: shutdown FollowerState
2019-09-25 11:53:46,657 [e7427295-9757-4d0b-b6e1-b46374f24996@group-918EF9773AC8:LeaderElection82] INFO  server.RaftServerConfigKeys (ConfUtils.java:logGet(43)) - raft.server.staging.catchup.gap = 1000 (default)
2019-09-25 11:53:46,657 [4b163e73-9124-45c5-8da1-c8a8a9e20704@group-4D69C510E732:LeaderElection81] INFO  server.RaftServerConfigKeys (ConfUtils.java:logGet(43)) - raft.server.watch.element-limit = 65536 (default)
2019-09-25 11:53:46,658 [e7427295-9757-4d0b-b6e1-b46374f24996@group-918EF9773AC8:LeaderElection82] INFO  server.RaftServerConfigKeys (ConfUtils.java:logGet(43)) - raft.server.rpc.sleep.time = 25ms (default)
2019-09-25 11:53:46,658 [Thread-1266] INFO  impl.RaftServerImpl (RaftServerImpl.java:setRole(174)) - 4b163e73-9124-45c5-8da1-c8a8a9e20704@group-45088132E63D: changes role from  FOLLOWER to CANDIDATE at term 0 for changeToCandidate
2019-09-25 11:53:46,658 [e7427295-9757-4d0b-b6e1-b46374f24996@group-918EF9773AC8:LeaderElection82] INFO  server.RaftServerConfigKeys (ConfUtils.java:logGet(43)) - raft.server.write.element-limit = 4096 (default)
2019-09-25 11:53:46,658 [Thread-1266] INFO  impl.RoleInfo (RoleInfo.java:updateAndGet(143)) - 4b163e73-9124-45c5-8da1-c8a8a9e20704: start LeaderElection
2019-09-25 11:53:46,659 [e7427295-9757-4d0b-b6e1-b46374f24996@group-918EF9773AC8:LeaderElection82] INFO  server.RaftServerConfigKeys (ConfUtils.java:logGet(43)) - raft.server.watch.timeout = 10s (default)
2019-09-25 11:53:46,659 [e7427295-9757-4d0b-b6e1-b46374f24996@group-918EF9773AC8:LeaderElection82] INFO  server.RaftServerConfigKeys (ConfUtils.java:logGet(43)) - raft.server.watch.timeout.denomination = 1s (default)
2019-09-25 11:53:46,659 [e7427295-9757-4d0b-b6e1-b46374f24996@group-918EF9773AC8:LeaderElection82] INFO  server.RaftServerConfigKeys (ConfUtils.java:logGet(43)) - raft.server.watch.element-limit = 65536 (default)
2019-09-25 11:53:46,663 [e7427295-9757-4d0b-b6e1-b46374f24996@group-1821ACDD1E72:LeaderElection80] INFO  impl.RoleInfo (RoleInfo.java:updateAndGet(143)) - e7427295-9757-4d0b-b6e1-b46374f24996: start LeaderState
2019-09-25 11:53:46,663 [e7427295-9757-4d0b-b6e1-b46374f24996@group-1821ACDD1E72:LeaderElection80] INFO  segmented.SegmentedRaftLogWorker (SegmentedRaftLogWorker.java:startLogSegment(380)) - e7427295-9757-4d0b-b6e1-b46374f24996@group-1821ACDD1E72-SegmentedRaftLogWorker: Starting segment from index:0
2019-09-25 11:53:46,663 [4b163e73-9124-45c5-8da1-c8a8a9e20704@group-4D69C510E732:LeaderElection81] INFO  impl.RoleInfo (RoleInfo.java:updateAndGet(143)) - 4b163e73-9124-45c5-8da1-c8a8a9e20704: start LeaderState
2019-09-25 11:53:46,663 [e7427295-9757-4d0b-b6e1-b46374f24996@group-918EF9773AC8:LeaderElection82] INFO  impl.RoleInfo (RoleInfo.java:updateAndGet(143)) - e7427295-9757-4d0b-b6e1-b46374f24996: start LeaderState
2019-09-25 11:53:46,664 [4b163e73-9124-45c5-8da1-c8a8a9e20704@group-4D69C510E732:LeaderElection81] INFO  segmented.SegmentedRaftLogWorker (SegmentedRaftLogWorker.java:startLogSegment(380)) - 4b163e73-9124-45c5-8da1-c8a8a9e20704@group-4D69C510E732-SegmentedRaftLogWorker: Starting segment from index:0
2019-09-25 11:53:46,664 [e7427295-9757-4d0b-b6e1-b46374f24996@group-1821ACDD1E72:LeaderElection80] INFO  impl.RaftServerImpl (ServerState.java:setRaftConf(354)) - e7427295-9757-4d0b-b6e1-b46374f24996@group-1821ACDD1E72: set configuration 0: [e7427295-9757-4d0b-b6e1-b46374f24996:192.168.30.6:40322], old=null at 0
2019-09-25 11:53:46,664 [e7427295-9757-4d0b-b6e1-b46374f24996@group-918EF9773AC8:LeaderElection82] INFO  segmented.SegmentedRaftLogWorker (SegmentedRaftLogWorker.java:startLogSegment(380)) - e7427295-9757-4d0b-b6e1-b46374f24996@group-918EF9773AC8-SegmentedRaftLogWorker: Starting segment from index:0
2019-09-25 11:53:46,664 [4b163e73-9124-45c5-8da1-c8a8a9e20704@group-4D69C510E732:LeaderElection81] INFO  impl.RaftServerImpl (ServerState.java:setRaftConf(354)) - 4b163e73-9124-45c5-8da1-c8a8a9e20704@group-4D69C510E732: set configuration 0: [4b163e73-9124-45c5-8da1-c8a8a9e20704:192.168.30.6:35803], old=null at 0
2019-09-25 11:53:46,664 [e7427295-9757-4d0b-b6e1-b46374f24996@group-918EF9773AC8:LeaderElection82] INFO  impl.RaftServerImpl (ServerState.java:setRaftConf(354)) - e7427295-9757-4d0b-b6e1-b46374f24996@group-918EF9773AC8: set configuration 0: [e7427295-9757-4d0b-b6e1-b46374f24996:192.168.30.6:40322], old=null at 0
2019-09-25 11:53:46,671 [4b163e73-9124-45c5-8da1-c8a8a9e20704@group-45088132E63D:LeaderElection83] INFO  impl.LeaderElection (LeaderElection.java:askForVotes(182)) - 4b163e73-9124-45c5-8da1-c8a8a9e20704@group-45088132E63D:LeaderElection83: begin an election at term 1 for -1: [4b163e73-9124-45c5-8da1-c8a8a9e20704:192.168.30.6:35803], old=null
2019-09-25 11:53:46,671 [4b163e73-9124-45c5-8da1-c8a8a9e20704@group-45088132E63D:LeaderElection83] INFO  impl.RoleInfo (RoleInfo.java:shutdownLeaderElection(134)) - 4b163e73-9124-45c5-8da1-c8a8a9e20704: shutdown LeaderElection
2019-09-25 11:53:46,671 [4b163e73-9124-45c5-8da1-c8a8a9e20704@group-45088132E63D:LeaderElection83] INFO  impl.RaftServerImpl (RaftServerImpl.java:setRole(174)) - 4b163e73-9124-45c5-8da1-c8a8a9e20704@group-45088132E63D: changes role from CANDIDATE to LEADER at term 1 for changeToLeader
2019-09-25 11:53:46,671 [4b163e73-9124-45c5-8da1-c8a8a9e20704@group-45088132E63D:LeaderElection83] INFO  impl.RaftServerImpl (ServerState.java:setLeader(253)) - 4b163e73-9124-45c5-8da1-c8a8a9e20704@group-45088132E63D: change Leader from null to 4b163e73-9124-45c5-8da1-c8a8a9e20704 at term 1 for becomeLeader, leader elected after 5217ms
2019-09-25 11:53:46,671 [4b163e73-9124-45c5-8da1-c8a8a9e20704@group-45088132E63D:LeaderElection83] INFO  server.RaftServerConfigKeys (ConfUtils.java:logGet(43)) - raft.server.staging.catchup.gap = 1000 (default)
2019-09-25 11:53:46,672 [4b163e73-9124-45c5-8da1-c8a8a9e20704@group-45088132E63D:LeaderElection83] INFO  server.RaftServerConfigKeys (ConfUtils.java:logGet(43)) - raft.server.rpc.sleep.time = 25ms (default)
2019-09-25 11:53:46,672 [4b163e73-9124-45c5-8da1-c8a8a9e20704@group-45088132E63D:LeaderElection83] INFO  server.RaftServerConfigKeys (ConfUtils.java:logGet(43)) - raft.server.write.element-limit = 4096 (default)
2019-09-25 11:53:46,672 [4b163e73-9124-45c5-8da1-c8a8a9e20704@group-45088132E63D:LeaderElection83] INFO  server.RaftServerConfigKeys (ConfUtils.java:logGet(43)) - raft.server.watch.timeout = 10s (default)
2019-09-25 11:53:46,672 [4b163e73-9124-45c5-8da1-c8a8a9e20704@group-45088132E63D:LeaderElection83] INFO  server.RaftServerConfigKeys (ConfUtils.java:logGet(43)) - raft.server.watch.timeout.denomination = 1s (default)
2019-09-25 11:53:46,672 [4b163e73-9124-45c5-8da1-c8a8a9e20704@group-45088132E63D:LeaderElection83] INFO  server.RaftServerConfigKeys (ConfUtils.java:logGet(43)) - raft.server.watch.element-limit = 65536 (default)
2019-09-25 11:53:46,675 [4b163e73-9124-45c5-8da1-c8a8a9e20704@group-45088132E63D:LeaderElection83] INFO  impl.RoleInfo (RoleInfo.java:updateAndGet(143)) - 4b163e73-9124-45c5-8da1-c8a8a9e20704: start LeaderState
2019-09-25 11:53:46,675 [4b163e73-9124-45c5-8da1-c8a8a9e20704@group-45088132E63D:LeaderElection83] INFO  segmented.SegmentedRaftLogWorker (SegmentedRaftLogWorker.java:startLogSegment(380)) - 4b163e73-9124-45c5-8da1-c8a8a9e20704@group-45088132E63D-SegmentedRaftLogWorker: Starting segment from index:0
2019-09-25 11:53:46,676 [4b163e73-9124-45c5-8da1-c8a8a9e20704@group-45088132E63D:LeaderElection83] INFO  impl.RaftServerImpl (ServerState.java:setRaftConf(354)) - 4b163e73-9124-45c5-8da1-c8a8a9e20704@group-45088132E63D: set configuration 0: [4b163e73-9124-45c5-8da1-c8a8a9e20704:192.168.30.6:35803], old=null at 0
2019-09-25 11:53:46,707 [4b163e73-9124-45c5-8da1-c8a8a9e20704@group-4D69C510E732-SegmentedRaftLogWorker] INFO  segmented.SegmentedRaftLogWorker (SegmentedRaftLogWorker.java:execute(569)) - 4b163e73-9124-45c5-8da1-c8a8a9e20704@group-4D69C510E732-SegmentedRaftLogWorker: created new log segment /workdir/hadoop-ozone/ozonefs/target/test-dir/MiniOzoneClusterImpl-4d965d96-9517-4212-af55-0cc3287bfaeb/datanode-2/data/ratis/3bb536c3-3250-4fb4-a105-4d69c510e732/current/log_inprogress_0
2019-09-25 11:53:46,721 [e7427295-9757-4d0b-b6e1-b46374f24996@group-1821ACDD1E72-SegmentedRaftLogWorker] INFO  segmented.SegmentedRaftLogWorker (SegmentedRaftLogWorker.java:execute(569)) - e7427295-9757-4d0b-b6e1-b46374f24996@group-1821ACDD1E72-SegmentedRaftLogWorker: created new log segment /workdir/hadoop-ozone/ozonefs/target/test-dir/MiniOzoneClusterImpl-4d965d96-9517-4212-af55-0cc3287bfaeb/datanode-1/data/ratis/3f031881-e86e-4e59-9942-1821acdd1e72/current/log_inprogress_0
2019-09-25 11:53:46,721 [4b163e73-9124-45c5-8da1-c8a8a9e20704@group-45088132E63D-SegmentedRaftLogWorker] INFO  segmented.SegmentedRaftLogWorker (SegmentedRaftLogWorker.java:execute(569)) - 4b163e73-9124-45c5-8da1-c8a8a9e20704@group-45088132E63D-SegmentedRaftLogWorker: created new log segment /workdir/hadoop-ozone/ozonefs/target/test-dir/MiniOzoneClusterImpl-4d965d96-9517-4212-af55-0cc3287bfaeb/datanode-2/data/ratis/44b754bb-a415-4650-b78d-45088132e63d/current/log_inprogress_0
2019-09-25 11:53:46,721 [e7427295-9757-4d0b-b6e1-b46374f24996@group-918EF9773AC8-SegmentedRaftLogWorker] INFO  segmented.SegmentedRaftLogWorker (SegmentedRaftLogWorker.java:execute(569)) - e7427295-9757-4d0b-b6e1-b46374f24996@group-918EF9773AC8-SegmentedRaftLogWorker: created new log segment /workdir/hadoop-ozone/ozonefs/target/test-dir/MiniOzoneClusterImpl-4d965d96-9517-4212-af55-0cc3287bfaeb/datanode-1/data/ratis/cf61c47f-c024-4d89-8677-918ef9773ac8/current/log_inprogress_0
2019-09-25 11:53:46,770 [Thread-1278] INFO  impl.FollowerState (FollowerState.java:run(106)) - e7427295-9757-4d0b-b6e1-b46374f24996:group-FA9D26C5EA13 changes to CANDIDATE, lastRpcTime:5143, electionTimeout:5143ms
2019-09-25 11:53:46,770 [Thread-1278] INFO  impl.RoleInfo (RoleInfo.java:shutdownFollowerState(121)) - e7427295-9757-4d0b-b6e1-b46374f24996: shutdown FollowerState
2019-09-25 11:53:46,771 [Thread-1278] INFO  impl.RaftServerImpl (RaftServerImpl.java:setRole(174)) - e7427295-9757-4d0b-b6e1-b46374f24996@group-FA9D26C5EA13: changes role from  FOLLOWER to CANDIDATE at term 0 for changeToCandidate
2019-09-25 11:53:46,771 [Thread-1278] INFO  impl.RoleInfo (RoleInfo.java:updateAndGet(143)) - e7427295-9757-4d0b-b6e1-b46374f24996: start LeaderElection
2019-09-25 11:53:46,779 [Thread-1281] INFO  impl.FollowerState (FollowerState.java:run(106)) - 4b163e73-9124-45c5-8da1-c8a8a9e20704:group-DE0FA5766B47 changes to CANDIDATE, lastRpcTime:5114, electionTimeout:5114ms
2019-09-25 11:53:46,780 [Thread-1281] INFO  impl.RoleInfo (RoleInfo.java:shutdownFollowerState(121)) - 4b163e73-9124-45c5-8da1-c8a8a9e20704: shutdown FollowerState
2019-09-25 11:53:46,780 [Thread-1281] INFO  impl.RaftServerImpl (RaftServerImpl.java:setRole(174)) - 4b163e73-9124-45c5-8da1-c8a8a9e20704@group-DE0FA5766B47: changes role from  FOLLOWER to CANDIDATE at term 0 for changeToCandidate
2019-09-25 11:53:46,780 [Thread-1281] INFO  impl.RoleInfo (RoleInfo.java:updateAndGet(143)) - 4b163e73-9124-45c5-8da1-c8a8a9e20704: start LeaderElection
2019-09-25 11:53:46,785 [4b163e73-9124-45c5-8da1-c8a8a9e20704@group-DE0FA5766B47:LeaderElection85] INFO  impl.LeaderElection (LeaderElection.java:askForVotes(182)) - 4b163e73-9124-45c5-8da1-c8a8a9e20704@group-DE0FA5766B47:LeaderElection85: begin an election at term 1 for -1: [4b163e73-9124-45c5-8da1-c8a8a9e20704:192.168.30.6:35803], old=null
2019-09-25 11:53:46,785 [e7427295-9757-4d0b-b6e1-b46374f24996@group-FA9D26C5EA13:LeaderElection84] INFO  impl.LeaderElection (LeaderElection.java:askForVotes(182)) - e7427295-9757-4d0b-b6e1-b46374f24996@group-FA9D26C5EA13:LeaderElection84: begin an election at term 1 for -1: [e7427295-9757-4d0b-b6e1-b46374f24996:192.168.30.6:40322], old=null
2019-09-25 11:53:46,785 [4b163e73-9124-45c5-8da1-c8a8a9e20704@group-DE0FA5766B47:LeaderElection85] INFO  impl.RoleInfo (RoleInfo.java:shutdownLeaderElection(134)) - 4b163e73-9124-45c5-8da1-c8a8a9e20704: shutdown LeaderElection
2019-09-25 11:53:46,785 [e7427295-9757-4d0b-b6e1-b46374f24996@group-FA9D26C5EA13:LeaderElection84] INFO  impl.RoleInfo (RoleInfo.java:shutdownLeaderElection(134)) - e7427295-9757-4d0b-b6e1-b46374f24996: shutdown LeaderElection
2019-09-25 11:53:46,785 [4b163e73-9124-45c5-8da1-c8a8a9e20704@group-DE0FA5766B47:LeaderElection85] INFO  impl.RaftServerImpl (RaftServerImpl.java:setRole(174)) - 4b163e73-9124-45c5-8da1-c8a8a9e20704@group-DE0FA5766B47: changes role from CANDIDATE to LEADER at term 1 for changeToLeader
2019-09-25 11:53:46,785 [e7427295-9757-4d0b-b6e1-b46374f24996@group-FA9D26C5EA13:LeaderElection84] INFO  impl.RaftServerImpl (RaftServerImpl.java:setRole(174)) - e7427295-9757-4d0b-b6e1-b46374f24996@group-FA9D26C5EA13: changes role from CANDIDATE to LEADER at term 1 for changeToLeader
2019-09-25 11:53:46,786 [4b163e73-9124-45c5-8da1-c8a8a9e20704@group-DE0FA5766B47:LeaderElection85] INFO  impl.RaftServerImpl (ServerState.java:setLeader(253)) - 4b163e73-9124-45c5-8da1-c8a8a9e20704@group-DE0FA5766B47: change Leader from null to 4b163e73-9124-45c5-8da1-c8a8a9e20704 at term 1 for becomeLeader, leader elected after 5124ms
2019-09-25 11:53:46,786 [e7427295-9757-4d0b-b6e1-b46374f24996@group-FA9D26C5EA13:LeaderElection84] INFO  impl.RaftServerImpl (ServerState.java:setLeader(253)) - e7427295-9757-4d0b-b6e1-b46374f24996@group-FA9D26C5EA13: change Leader from null to e7427295-9757-4d0b-b6e1-b46374f24996 at term 1 for becomeLeader, leader elected after 5162ms
2019-09-25 11:53:46,786 [4b163e73-9124-45c5-8da1-c8a8a9e20704@group-DE0FA5766B47:LeaderElection85] INFO  server.RaftServerConfigKeys (ConfUtils.java:logGet(43)) - raft.server.staging.catchup.gap = 1000 (default)
2019-09-25 11:53:46,786 [e7427295-9757-4d0b-b6e1-b46374f24996@group-FA9D26C5EA13:LeaderElection84] INFO  server.RaftServerConfigKeys (ConfUtils.java:logGet(43)) - raft.server.staging.catchup.gap = 1000 (default)
2019-09-25 11:53:46,786 [4b163e73-9124-45c5-8da1-c8a8a9e20704@group-DE0FA5766B47:LeaderElection85] INFO  server.RaftServerConfigKeys (ConfUtils.java:logGet(43)) - raft.server.rpc.sleep.time = 25ms (default)
2019-09-25 11:53:46,786 [e7427295-9757-4d0b-b6e1-b46374f24996@group-FA9D26C5EA13:LeaderElection84] INFO  server.RaftServerConfigKeys (ConfUtils.java:logGet(43)) - raft.server.rpc.sleep.time = 25ms (default)
2019-09-25 11:53:46,786 [4b163e73-9124-45c5-8da1-c8a8a9e20704@group-DE0FA5766B47:LeaderElection85] INFO  server.RaftServerConfigKeys (ConfUtils.java:logGet(43)) - raft.server.write.element-limit = 4096 (default)
2019-09-25 11:53:46,786 [e7427295-9757-4d0b-b6e1-b46374f24996@group-FA9D26C5EA13:LeaderElection84] INFO  server.RaftServerConfigKeys (ConfUtils.java:logGet(43)) - raft.server.write.element-limit = 4096 (default)
2019-09-25 11:53:46,787 [4b163e73-9124-45c5-8da1-c8a8a9e20704@group-DE0FA5766B47:LeaderElection85] INFO  server.RaftServerConfigKeys (ConfUtils.java:logGet(43)) - raft.server.watch.timeout = 10s (default)
2019-09-25 11:53:46,787 [e7427295-9757-4d0b-b6e1-b46374f24996@group-FA9D26C5EA13:LeaderElection84] INFO  server.RaftServerConfigKeys (ConfUtils.java:logGet(43)) - raft.server.watch.timeout = 10s (default)
2019-09-25 11:53:46,787 [4b163e73-9124-45c5-8da1-c8a8a9e20704@group-DE0FA5766B47:LeaderElection85] INFO  server.RaftServerConfigKeys (ConfUtils.java:logGet(43)) - raft.server.watch.timeout.denomination = 1s (default)
2019-09-25 11:53:46,787 [e7427295-9757-4d0b-b6e1-b46374f24996@group-FA9D26C5EA13:LeaderElection84] INFO  server.RaftServerConfigKeys (ConfUtils.java:logGet(43)) - raft.server.watch.timeout.denomination = 1s (default)
2019-09-25 11:53:46,787 [4b163e73-9124-45c5-8da1-c8a8a9e20704@group-DE0FA5766B47:LeaderElection85] INFO  server.RaftServerConfigKeys (ConfUtils.java:logGet(43)) - raft.server.watch.element-limit = 65536 (default)
2019-09-25 11:53:46,787 [e7427295-9757-4d0b-b6e1-b46374f24996@group-FA9D26C5EA13:LeaderElection84] INFO  server.RaftServerConfigKeys (ConfUtils.java:logGet(43)) - raft.server.watch.element-limit = 65536 (default)
2019-09-25 11:53:46,790 [4b163e73-9124-45c5-8da1-c8a8a9e20704@group-DE0FA5766B47:LeaderElection85] INFO  impl.RoleInfo (RoleInfo.java:updateAndGet(143)) - 4b163e73-9124-45c5-8da1-c8a8a9e20704: start LeaderState
2019-09-25 11:53:46,791 [e7427295-9757-4d0b-b6e1-b46374f24996@group-FA9D26C5EA13:LeaderElection84] INFO  impl.RoleInfo (RoleInfo.java:updateAndGet(143)) - e7427295-9757-4d0b-b6e1-b46374f24996: start LeaderState
2019-09-25 11:53:46,791 [4b163e73-9124-45c5-8da1-c8a8a9e20704@group-DE0FA5766B47:LeaderElection85] INFO  segmented.SegmentedRaftLogWorker (SegmentedRaftLogWorker.java:startLogSegment(380)) - 4b163e73-9124-45c5-8da1-c8a8a9e20704@group-DE0FA5766B47-SegmentedRaftLogWorker: Starting segment from index:0
2019-09-25 11:53:46,791 [e7427295-9757-4d0b-b6e1-b46374f24996@group-FA9D26C5EA13:LeaderElection84] INFO  segmented.SegmentedRaftLogWorker (SegmentedRaftLogWorker.java:startLogSegment(380)) - e7427295-9757-4d0b-b6e1-b46374f24996@group-FA9D26C5EA13-SegmentedRaftLogWorker: Starting segment from index:0
2019-09-25 11:53:46,791 [4b163e73-9124-45c5-8da1-c8a8a9e20704@group-DE0FA5766B47:LeaderElection85] INFO  impl.RaftServerImpl (ServerState.java:setRaftConf(354)) - 4b163e73-9124-45c5-8da1-c8a8a9e20704@group-DE0FA5766B47: set configuration 0: [4b163e73-9124-45c5-8da1-c8a8a9e20704:192.168.30.6:35803], old=null at 0
2019-09-25 11:53:46,792 [e7427295-9757-4d0b-b6e1-b46374f24996@group-FA9D26C5EA13:LeaderElection84] INFO  impl.RaftServerImpl (ServerState.java:setRaftConf(354)) - e7427295-9757-4d0b-b6e1-b46374f24996@group-FA9D26C5EA13: set configuration 0: [e7427295-9757-4d0b-b6e1-b46374f24996:192.168.30.6:40322], old=null at 0
2019-09-25 11:53:46,836 [e7427295-9757-4d0b-b6e1-b46374f24996@group-FA9D26C5EA13-SegmentedRaftLogWorker] INFO  segmented.SegmentedRaftLogWorker (SegmentedRaftLogWorker.java:execute(569)) - e7427295-9757-4d0b-b6e1-b46374f24996@group-FA9D26C5EA13-SegmentedRaftLogWorker: created new log segment /workdir/hadoop-ozone/ozonefs/target/test-dir/MiniOzoneClusterImpl-4d965d96-9517-4212-af55-0cc3287bfaeb/datanode-1/data/ratis/16fa07fd-9866-4fe2-ad12-fa9d26c5ea13/current/log_inprogress_0
2019-09-25 11:53:46,836 [4b163e73-9124-45c5-8da1-c8a8a9e20704@group-DE0FA5766B47-SegmentedRaftLogWorker] INFO  segmented.SegmentedRaftLogWorker (SegmentedRaftLogWorker.java:execute(569)) - 4b163e73-9124-45c5-8da1-c8a8a9e20704@group-DE0FA5766B47-SegmentedRaftLogWorker: created new log segment /workdir/hadoop-ozone/ozonefs/target/test-dir/MiniOzoneClusterImpl-4d965d96-9517-4212-af55-0cc3287bfaeb/datanode-2/data/ratis/41439f74-9f2b-4f6a-8681-de0fa5766b47/current/log_inprogress_0
2019-09-25 11:53:46,840 [Thread-1284] INFO  impl.FollowerState (FollowerState.java:run(106)) - 4b163e73-9124-45c5-8da1-c8a8a9e20704:group-96B44C5121E3 changes to CANDIDATE, lastRpcTime:5136, electionTimeout:5136ms
2019-09-25 11:53:46,841 [Thread-1284] INFO  impl.RoleInfo (RoleInfo.java:shutdownFollowerState(121)) - 4b163e73-9124-45c5-8da1-c8a8a9e20704: shutdown FollowerState
2019-09-25 11:53:46,841 [Thread-1284] INFO  impl.RaftServerImpl (RaftServerImpl.java:setRole(174)) - 4b163e73-9124-45c5-8da1-c8a8a9e20704@group-96B44C5121E3: changes role from  FOLLOWER to CANDIDATE at term 0 for changeToCandidate
2019-09-25 11:53:46,841 [Thread-1284] INFO  impl.RoleInfo (RoleInfo.java:updateAndGet(143)) - 4b163e73-9124-45c5-8da1-c8a8a9e20704: start LeaderElection
2019-09-25 11:53:46,854 [4b163e73-9124-45c5-8da1-c8a8a9e20704@group-96B44C5121E3:LeaderElection86] INFO  impl.LeaderElection (LeaderElection.java:askForVotes(182)) - 4b163e73-9124-45c5-8da1-c8a8a9e20704@group-96B44C5121E3:LeaderElection86: begin an election at term 1 for -1: [4b163e73-9124-45c5-8da1-c8a8a9e20704:192.168.30.6:35803], old=null
2019-09-25 11:53:46,854 [4b163e73-9124-45c5-8da1-c8a8a9e20704@group-96B44C5121E3:LeaderElection86] INFO  impl.RoleInfo (RoleInfo.java:shutdownLeaderElection(134)) - 4b163e73-9124-45c5-8da1-c8a8a9e20704: shutdown LeaderElection
2019-09-25 11:53:46,855 [4b163e73-9124-45c5-8da1-c8a8a9e20704@group-96B44C5121E3:LeaderElection86] INFO  impl.RaftServerImpl (RaftServerImpl.java:setRole(174)) - 4b163e73-9124-45c5-8da1-c8a8a9e20704@group-96B44C5121E3: changes role from CANDIDATE to LEADER at term 1 for changeToLeader
2019-09-25 11:53:46,855 [4b163e73-9124-45c5-8da1-c8a8a9e20704@group-96B44C5121E3:LeaderElection86] INFO  impl.RaftServerImpl (ServerState.java:setLeader(253)) - 4b163e73-9124-45c5-8da1-c8a8a9e20704@group-96B44C5121E3: change Leader from null to 4b163e73-9124-45c5-8da1-c8a8a9e20704 at term 1 for becomeLeader, leader elected after 5154ms
2019-09-25 11:53:46,855 [4b163e73-9124-45c5-8da1-c8a8a9e20704@group-96B44C5121E3:LeaderElection86] INFO  server.RaftServerConfigKeys (ConfUtils.java:logGet(43)) - raft.server.staging.catchup.gap = 1000 (default)
2019-09-25 11:53:46,855 [4b163e73-9124-45c5-8da1-c8a8a9e20704@group-96B44C5121E3:LeaderElection86] INFO  server.RaftServerConfigKeys (ConfUtils.java:logGet(43)) - raft.server.rpc.sleep.time = 25ms (default)
2019-09-25 11:53:46,855 [4b163e73-9124-45c5-8da1-c8a8a9e20704@group-96B44C5121E3:LeaderElection86] INFO  server.RaftServerConfigKeys (ConfUtils.java:logGet(43)) - raft.server.write.element-limit = 4096 (default)
2019-09-25 11:53:46,855 [4b163e73-9124-45c5-8da1-c8a8a9e20704@group-96B44C5121E3:LeaderElection86] INFO  server.RaftServerConfigKeys (ConfUtils.java:logGet(43)) - raft.server.watch.timeout = 10s (default)
2019-09-25 11:53:46,856 [4b163e73-9124-45c5-8da1-c8a8a9e20704@group-96B44C5121E3:LeaderElection86] INFO  server.RaftServerConfigKeys (ConfUtils.java:logGet(43)) - raft.server.watch.timeout.denomination = 1s (default)
2019-09-25 11:53:46,856 [4b163e73-9124-45c5-8da1-c8a8a9e20704@group-96B44C5121E3:LeaderElection86] INFO  server.RaftServerConfigKeys (ConfUtils.java:logGet(43)) - raft.server.watch.element-limit = 65536 (default)
2019-09-25 11:53:46,858 [4b163e73-9124-45c5-8da1-c8a8a9e20704@group-96B44C5121E3:LeaderElection86] INFO  impl.RoleInfo (RoleInfo.java:updateAndGet(143)) - 4b163e73-9124-45c5-8da1-c8a8a9e20704: start LeaderState
2019-09-25 11:53:46,859 [4b163e73-9124-45c5-8da1-c8a8a9e20704@group-96B44C5121E3:LeaderElection86] INFO  segmented.SegmentedRaftLogWorker (SegmentedRaftLogWorker.java:startLogSegment(380)) - 4b163e73-9124-45c5-8da1-c8a8a9e20704@group-96B44C5121E3-SegmentedRaftLogWorker: Starting segment from index:0
2019-09-25 11:53:46,859 [4b163e73-9124-45c5-8da1-c8a8a9e20704@group-96B44C5121E3:LeaderElection86] INFO  impl.RaftServerImpl (ServerState.java:setRaftConf(354)) - 4b163e73-9124-45c5-8da1-c8a8a9e20704@group-96B44C5121E3: set configuration 0: [4b163e73-9124-45c5-8da1-c8a8a9e20704:192.168.30.6:35803], old=null at 0
2019-09-25 11:53:46,878 [Thread-1287] INFO  impl.FollowerState (FollowerState.java:run(106)) - 4b163e73-9124-45c5-8da1-c8a8a9e20704:group-0D8C63B35694 changes to CANDIDATE, lastRpcTime:5136, electionTimeout:5136ms
2019-09-25 11:53:46,878 [Thread-1287] INFO  impl.RoleInfo (RoleInfo.java:shutdownFollowerState(121)) - 4b163e73-9124-45c5-8da1-c8a8a9e20704: shutdown FollowerState
2019-09-25 11:53:46,878 [Thread-1287] INFO  impl.RaftServerImpl (RaftServerImpl.java:setRole(174)) - 4b163e73-9124-45c5-8da1-c8a8a9e20704@group-0D8C63B35694: changes role from  FOLLOWER to CANDIDATE at term 0 for changeToCandidate
2019-09-25 11:53:46,879 [Thread-1287] INFO  impl.RoleInfo (RoleInfo.java:updateAndGet(143)) - 4b163e73-9124-45c5-8da1-c8a8a9e20704: start LeaderElection
2019-09-25 11:53:46,892 [4b163e73-9124-45c5-8da1-c8a8a9e20704@group-0D8C63B35694:LeaderElection87] INFO  impl.LeaderElection (LeaderElection.java:askForVotes(182)) - 4b163e73-9124-45c5-8da1-c8a8a9e20704@group-0D8C63B35694:LeaderElection87: begin an election at term 1 for -1: [4b163e73-9124-45c5-8da1-c8a8a9e20704:192.168.30.6:35803], old=null
2019-09-25 11:53:46,893 [4b163e73-9124-45c5-8da1-c8a8a9e20704@group-0D8C63B35694:LeaderElection87] INFO  impl.RoleInfo (RoleInfo.java:shutdownLeaderElection(134)) - 4b163e73-9124-45c5-8da1-c8a8a9e20704: shutdown LeaderElection
2019-09-25 11:53:46,893 [4b163e73-9124-45c5-8da1-c8a8a9e20704@group-0D8C63B35694:LeaderElection87] INFO  impl.RaftServerImpl (RaftServerImpl.java:setRole(174)) - 4b163e73-9124-45c5-8da1-c8a8a9e20704@group-0D8C63B35694: changes role from CANDIDATE to LEADER at term 1 for changeToLeader
2019-09-25 11:53:46,893 [4b163e73-9124-45c5-8da1-c8a8a9e20704@group-0D8C63B35694:LeaderElection87] INFO  impl.RaftServerImpl (ServerState.java:setLeader(253)) - 4b163e73-9124-45c5-8da1-c8a8a9e20704@group-0D8C63B35694: change Leader from null to 4b163e73-9124-45c5-8da1-c8a8a9e20704 at term 1 for becomeLeader, leader elected after 5154ms
2019-09-25 11:53:46,893 [4b163e73-9124-45c5-8da1-c8a8a9e20704@group-0D8C63B35694:LeaderElection87] INFO  server.RaftServerConfigKeys (ConfUtils.java:logGet(43)) - raft.server.staging.catchup.gap = 1000 (default)
2019-09-25 11:53:46,893 [4b163e73-9124-45c5-8da1-c8a8a9e20704@group-0D8C63B35694:LeaderElection87] INFO  server.RaftServerConfigKeys (ConfUtils.java:logGet(43)) - raft.server.rpc.sleep.time = 25ms (default)
2019-09-25 11:53:46,893 [4b163e73-9124-45c5-8da1-c8a8a9e20704@group-0D8C63B35694:LeaderElection87] INFO  server.RaftServerConfigKeys (ConfUtils.java:logGet(43)) - raft.server.write.element-limit = 4096 (default)
2019-09-25 11:53:46,894 [4b163e73-9124-45c5-8da1-c8a8a9e20704@group-0D8C63B35694:LeaderElection87] INFO  server.RaftServerConfigKeys (ConfUtils.java:logGet(43)) - raft.server.watch.timeout = 10s (default)
2019-09-25 11:53:46,894 [4b163e73-9124-45c5-8da1-c8a8a9e20704@group-0D8C63B35694:LeaderElection87] INFO  server.RaftServerConfigKeys (ConfUtils.java:logGet(43)) - raft.server.watch.timeout.denomination = 1s (default)
2019-09-25 11:53:46,894 [4b163e73-9124-45c5-8da1-c8a8a9e20704@group-0D8C63B35694:LeaderElection87] INFO  server.RaftServerConfigKeys (ConfUtils.java:logGet(43)) - raft.server.watch.element-limit = 65536 (default)
2019-09-25 11:53:46,896 [4b163e73-9124-45c5-8da1-c8a8a9e20704@group-0D8C63B35694:LeaderElection87] INFO  impl.RoleInfo (RoleInfo.java:updateAndGet(143)) - 4b163e73-9124-45c5-8da1-c8a8a9e20704: start LeaderState
2019-09-25 11:53:46,896 [4b163e73-9124-45c5-8da1-c8a8a9e20704@group-0D8C63B35694:LeaderElection87] INFO  segmented.SegmentedRaftLogWorker (SegmentedRaftLogWorker.java:startLogSegment(380)) - 4b163e73-9124-45c5-8da1-c8a8a9e20704@group-0D8C63B35694-SegmentedRaftLogWorker: Starting segment from index:0
2019-09-25 11:53:46,897 [4b163e73-9124-45c5-8da1-c8a8a9e20704@group-0D8C63B35694:LeaderElection87] INFO  impl.RaftServerImpl (ServerState.java:setRaftConf(354)) - 4b163e73-9124-45c5-8da1-c8a8a9e20704@group-0D8C63B35694: set configuration 0: [4b163e73-9124-45c5-8da1-c8a8a9e20704:192.168.30.6:35803], old=null at 0
2019-09-25 11:53:46,905 [4b163e73-9124-45c5-8da1-c8a8a9e20704@group-96B44C5121E3-SegmentedRaftLogWorker] INFO  segmented.SegmentedRaftLogWorker (SegmentedRaftLogWorker.java:execute(569)) - 4b163e73-9124-45c5-8da1-c8a8a9e20704@group-96B44C5121E3-SegmentedRaftLogWorker: created new log segment /workdir/hadoop-ozone/ozonefs/target/test-dir/MiniOzoneClusterImpl-4d965d96-9517-4212-af55-0cc3287bfaeb/datanode-2/data/ratis/ff988bc5-af91-4d4c-9725-96b44c5121e3/current/log_inprogress_0
2019-09-25 11:53:46,940 [4b163e73-9124-45c5-8da1-c8a8a9e20704@group-0D8C63B35694-SegmentedRaftLogWorker] INFO  segmented.SegmentedRaftLogWorker (SegmentedRaftLogWorker.java:execute(569)) - 4b163e73-9124-45c5-8da1-c8a8a9e20704@group-0D8C63B35694-SegmentedRaftLogWorker: created new log segment /workdir/hadoop-ozone/ozonefs/target/test-dir/MiniOzoneClusterImpl-4d965d96-9517-4212-af55-0cc3287bfaeb/datanode-2/data/ratis/24fd8bd8-07ec-4ed3-9e95-0d8c63b35694/current/log_inprogress_0
2019-09-25 11:53:47,293 [Thread-1062] INFO  ozoneimpl.OzoneContainer (OzoneContainer.java:stop(231)) - Attempting to stop container services.
2019-09-25 11:53:47,294 [ForkJoinPool.commonPool-worker-1] INFO  ozoneimpl.OzoneContainer (OzoneContainer.java:stop(231)) - Attempting to stop container services.
2019-09-25 11:53:47,294 [Thread-1062] INFO  impl.RaftServerProxy (RaftServerProxy.java:lambda$close$4(314)) - e7427295-9757-4d0b-b6e1-b46374f24996: close
2019-09-25 11:53:47,294 [ForkJoinPool.commonPool-worker-1] INFO  impl.RaftServerProxy (RaftServerProxy.java:lambda$close$4(314)) - 303dafdc-9735-46a1-812c-fb1ebd7b1011: close
2019-09-25 11:53:47,294 [Thread-1062] INFO  impl.RaftServerImpl (RaftServerImpl.java:lambda$shutdown$3(251)) - e7427295-9757-4d0b-b6e1-b46374f24996@group-53C7477067DD: shutdown
2019-09-25 11:53:47,295 [ForkJoinPool.commonPool-worker-1] INFO  impl.RaftServerImpl (RaftServerImpl.java:lambda$shutdown$3(251)) - 303dafdc-9735-46a1-812c-fb1ebd7b1011@group-B0F21C8192D5: shutdown
2019-09-25 11:53:47,295 [Thread-1062] INFO  util.JmxRegister (JmxRegister.java:unregister(73)) - Successfully un-registered JMX Bean with object name Ratis:service=RaftServer,group=group-53C7477067DD,id=e7427295-9757-4d0b-b6e1-b46374f24996
2019-09-25 11:53:47,295 [ForkJoinPool.commonPool-worker-1] INFO  util.JmxRegister (JmxRegister.java:unregister(73)) - Successfully un-registered JMX Bean with object name Ratis:service=RaftServer,group=group-B0F21C8192D5,id=303dafdc-9735-46a1-812c-fb1ebd7b1011
2019-09-25 11:53:47,295 [Thread-1062] INFO  impl.RoleInfo (RoleInfo.java:shutdownLeaderState(104)) - e7427295-9757-4d0b-b6e1-b46374f24996: shutdown LeaderState
2019-09-25 11:53:47,296 [ForkJoinPool.commonPool-worker-1] INFO  impl.RoleInfo (RoleInfo.java:shutdownLeaderState(104)) - 303dafdc-9735-46a1-812c-fb1ebd7b1011: shutdown LeaderState
2019-09-25 11:53:47,296 [Thread-1062] INFO  impl.PendingRequests (PendingRequests.java:sendNotLeaderResponses(202)) - e7427295-9757-4d0b-b6e1-b46374f24996-PendingRequests: sendNotLeaderResponses
2019-09-25 11:53:47,296 [ForkJoinPool.commonPool-worker-1] INFO  impl.PendingRequests (PendingRequests.java:sendNotLeaderResponses(202)) - 303dafdc-9735-46a1-812c-fb1ebd7b1011-PendingRequests: sendNotLeaderResponses
2019-09-25 11:53:47,297 [Thread-1062] INFO  impl.StateMachineUpdater (StateMachineUpdater.java:stopAndJoin(125)) - e7427295-9757-4d0b-b6e1-b46374f24996@group-53C7477067DD-StateMachineUpdater: set stopIndex = 0
2019-09-25 11:53:47,297 [ForkJoinPool.commonPool-worker-1] INFO  impl.StateMachineUpdater (StateMachineUpdater.java:stopAndJoin(125)) - 303dafdc-9735-46a1-812c-fb1ebd7b1011@group-B0F21C8192D5-StateMachineUpdater: set stopIndex = 0
2019-09-25 11:53:47,297 [Thread-1062] INFO  impl.RaftServerImpl (ServerState.java:close(385)) - e7427295-9757-4d0b-b6e1-b46374f24996@group-53C7477067DD: closes. applyIndex: 0
2019-09-25 11:53:47,298 [ForkJoinPool.commonPool-worker-1] INFO  impl.RaftServerImpl (ServerState.java:close(385)) - 303dafdc-9735-46a1-812c-fb1ebd7b1011@group-B0F21C8192D5: closes. applyIndex: 0
2019-09-25 11:53:47,298 [e7427295-9757-4d0b-b6e1-b46374f24996@group-53C7477067DD-SegmentedRaftLogWorker] INFO  segmented.SegmentedRaftLogWorker (SegmentedRaftLogWorker.java:run(313)) - e7427295-9757-4d0b-b6e1-b46374f24996@group-53C7477067DD-SegmentedRaftLogWorker was interrupted, exiting. There are 0 tasks remaining in the queue.
2019-09-25 11:53:47,298 [303dafdc-9735-46a1-812c-fb1ebd7b1011@group-B0F21C8192D5-SegmentedRaftLogWorker] INFO  segmented.SegmentedRaftLogWorker (SegmentedRaftLogWorker.java:run(313)) - 303dafdc-9735-46a1-812c-fb1ebd7b1011@group-B0F21C8192D5-SegmentedRaftLogWorker was interrupted, exiting. There are 0 tasks remaining in the queue.
2019-09-25 11:53:47,299 [Thread-1062] INFO  segmented.SegmentedRaftLogWorker (SegmentedRaftLogWorker.java:close(228)) - e7427295-9757-4d0b-b6e1-b46374f24996@group-53C7477067DD-SegmentedRaftLogWorker close()
2019-09-25 11:53:47,299 [ForkJoinPool.commonPool-worker-1] INFO  segmented.SegmentedRaftLogWorker (SegmentedRaftLogWorker.java:close(228)) - 303dafdc-9735-46a1-812c-fb1ebd7b1011@group-B0F21C8192D5-SegmentedRaftLogWorker close()
2019-09-25 11:53:47,301 [Thread-1062] INFO  impl.RaftServerImpl (RaftServerImpl.java:lambda$shutdown$3(251)) - e7427295-9757-4d0b-b6e1-b46374f24996@group-918EF9773AC8: shutdown
2019-09-25 11:53:47,308 [ForkJoinPool.commonPool-worker-1] INFO  impl.RaftServerImpl (RaftServerImpl.java:lambda$shutdown$3(251)) - 303dafdc-9735-46a1-812c-fb1ebd7b1011@group-8F588686F33B: shutdown
2019-09-25 11:53:47,309 [Thread-1062] INFO  util.JmxRegister (JmxRegister.java:unregister(73)) - Successfully un-registered JMX Bean with object name Ratis:service=RaftServer,group=group-918EF9773AC8,id=e7427295-9757-4d0b-b6e1-b46374f24996
2019-09-25 11:53:47,309 [Thread-1062] INFO  impl.RoleInfo (RoleInfo.java:shutdownLeaderState(104)) - e7427295-9757-4d0b-b6e1-b46374f24996: shutdown LeaderState
2019-09-25 11:53:47,309 [ForkJoinPool.commonPool-worker-1] INFO  util.JmxRegister (JmxRegister.java:unregister(73)) - Successfully un-registered JMX Bean with object name Ratis:service=RaftServer,group=group-8F588686F33B,id=303dafdc-9735-46a1-812c-fb1ebd7b1011
2019-09-25 11:53:47,310 [Thread-1062] INFO  impl.PendingRequests (PendingRequests.java:sendNotLeaderResponses(202)) - e7427295-9757-4d0b-b6e1-b46374f24996-PendingRequests: sendNotLeaderResponses
2019-09-25 11:53:47,310 [ForkJoinPool.commonPool-worker-1] INFO  impl.RoleInfo (RoleInfo.java:shutdownLeaderState(104)) - 303dafdc-9735-46a1-812c-fb1ebd7b1011: shutdown LeaderState
2019-09-25 11:53:47,310 [Thread-1062] INFO  impl.StateMachineUpdater (StateMachineUpdater.java:stopAndJoin(125)) - e7427295-9757-4d0b-b6e1-b46374f24996@group-918EF9773AC8-StateMachineUpdater: set stopIndex = 0
2019-09-25 11:53:47,311 [Thread-1062] INFO  impl.RaftServerImpl (ServerState.java:close(385)) - e7427295-9757-4d0b-b6e1-b46374f24996@group-918EF9773AC8: closes. applyIndex: 0
2019-09-25 11:53:47,310 [ForkJoinPool.commonPool-worker-1] INFO  impl.PendingRequests (PendingRequests.java:sendNotLeaderResponses(202)) - 303dafdc-9735-46a1-812c-fb1ebd7b1011-PendingRequests: sendNotLeaderResponses
2019-09-25 11:53:47,311 [e7427295-9757-4d0b-b6e1-b46374f24996@group-918EF9773AC8-SegmentedRaftLogWorker] INFO  segmented.SegmentedRaftLogWorker (SegmentedRaftLogWorker.java:run(313)) - e7427295-9757-4d0b-b6e1-b46374f24996@group-918EF9773AC8-SegmentedRaftLogWorker was interrupted, exiting. There are 0 tasks remaining in the queue.
2019-09-25 11:53:47,311 [ForkJoinPool.commonPool-worker-1] INFO  impl.StateMachineUpdater (StateMachineUpdater.java:stopAndJoin(125)) - 303dafdc-9735-46a1-812c-fb1ebd7b1011@group-8F588686F33B-StateMachineUpdater: set stopIndex = 0
2019-09-25 11:53:47,312 [Thread-1062] INFO  segmented.SegmentedRaftLogWorker (SegmentedRaftLogWorker.java:close(228)) - e7427295-9757-4d0b-b6e1-b46374f24996@group-918EF9773AC8-SegmentedRaftLogWorker close()
2019-09-25 11:53:47,312 [ForkJoinPool.commonPool-worker-1] INFO  impl.RaftServerImpl (ServerState.java:close(385)) - 303dafdc-9735-46a1-812c-fb1ebd7b1011@group-8F588686F33B: closes. applyIndex: 0
2019-09-25 11:53:47,312 [Thread-1062] INFO  impl.RaftServerImpl (RaftServerImpl.java:lambda$shutdown$3(251)) - e7427295-9757-4d0b-b6e1-b46374f24996@group-1821ACDD1E72: shutdown
2019-09-25 11:53:47,312 [303dafdc-9735-46a1-812c-fb1ebd7b1011@group-8F588686F33B-SegmentedRaftLogWorker] INFO  segmented.SegmentedRaftLogWorker (SegmentedRaftLogWorker.java:run(313)) - 303dafdc-9735-46a1-812c-fb1ebd7b1011@group-8F588686F33B-SegmentedRaftLogWorker was interrupted, exiting. There are 0 tasks remaining in the queue.
2019-09-25 11:53:47,313 [Thread-1062] INFO  util.JmxRegister (JmxRegister.java:unregister(73)) - Successfully un-registered JMX Bean with object name Ratis:service=RaftServer,group=group-1821ACDD1E72,id=e7427295-9757-4d0b-b6e1-b46374f24996
2019-09-25 11:53:47,313 [ForkJoinPool.commonPool-worker-1] INFO  segmented.SegmentedRaftLogWorker (SegmentedRaftLogWorker.java:close(228)) - 303dafdc-9735-46a1-812c-fb1ebd7b1011@group-8F588686F33B-SegmentedRaftLogWorker close()
2019-09-25 11:53:47,313 [Thread-1062] INFO  impl.RoleInfo (RoleInfo.java:shutdownLeaderState(104)) - e7427295-9757-4d0b-b6e1-b46374f24996: shutdown LeaderState
2019-09-25 11:53:47,313 [ForkJoinPool.commonPool-worker-1] INFO  impl.RaftServerImpl (RaftServerImpl.java:lambda$shutdown$3(251)) - 303dafdc-9735-46a1-812c-fb1ebd7b1011@group-3AE0EF58FC9E: shutdown
2019-09-25 11:53:47,314 [Thread-1062] INFO  impl.PendingRequests (PendingRequests.java:sendNotLeaderResponses(202)) - e7427295-9757-4d0b-b6e1-b46374f24996-PendingRequests: sendNotLeaderResponses
2019-09-25 11:53:47,314 [ForkJoinPool.commonPool-worker-1] INFO  util.JmxRegister (JmxRegister.java:unregister(73)) - Successfully un-registered JMX Bean with object name Ratis:service=RaftServer,group=group-3AE0EF58FC9E,id=303dafdc-9735-46a1-812c-fb1ebd7b1011
2019-09-25 11:53:47,314 [Thread-1062] INFO  impl.StateMachineUpdater (StateMachineUpdater.java:stopAndJoin(125)) - e7427295-9757-4d0b-b6e1-b46374f24996@group-1821ACDD1E72-StateMachineUpdater: set stopIndex = 0
2019-09-25 11:53:47,315 [Thread-1062] INFO  impl.RaftServerImpl (ServerState.java:close(385)) - e7427295-9757-4d0b-b6e1-b46374f24996@group-1821ACDD1E72: closes. applyIndex: 0
2019-09-25 11:53:47,314 [ForkJoinPool.commonPool-worker-1] INFO  impl.RoleInfo (RoleInfo.java:shutdownLeaderState(104)) - 303dafdc-9735-46a1-812c-fb1ebd7b1011: shutdown LeaderState
2019-09-25 11:53:47,315 [e7427295-9757-4d0b-b6e1-b46374f24996@group-1821ACDD1E72-SegmentedRaftLogWorker] INFO  segmented.SegmentedRaftLogWorker (SegmentedRaftLogWorker.java:run(313)) - e7427295-9757-4d0b-b6e1-b46374f24996@group-1821ACDD1E72-SegmentedRaftLogWorker was interrupted, exiting. There are 0 tasks remaining in the queue.
2019-09-25 11:53:47,315 [ForkJoinPool.commonPool-worker-1] INFO  impl.PendingRequests (PendingRequests.java:sendNotLeaderResponses(202)) - 303dafdc-9735-46a1-812c-fb1ebd7b1011-PendingRequests: sendNotLeaderResponses
2019-09-25 11:53:47,316 [Thread-1062] INFO  segmented.SegmentedRaftLogWorker (SegmentedRaftLogWorker.java:close(228)) - e7427295-9757-4d0b-b6e1-b46374f24996@group-1821ACDD1E72-SegmentedRaftLogWorker close()
2019-09-25 11:53:47,316 [ForkJoinPool.commonPool-worker-1] INFO  impl.StateMachineUpdater (StateMachineUpdater.java:stopAndJoin(125)) - 303dafdc-9735-46a1-812c-fb1ebd7b1011@group-3AE0EF58FC9E-StateMachineUpdater: set stopIndex = 0
2019-09-25 11:53:47,316 [Thread-1062] INFO  impl.RaftServerImpl (RaftServerImpl.java:lambda$shutdown$3(251)) - e7427295-9757-4d0b-b6e1-b46374f24996@group-FA9D26C5EA13: shutdown
2019-09-25 11:53:47,316 [ForkJoinPool.commonPool-worker-1] INFO  impl.RaftServerImpl (ServerState.java:close(385)) - 303dafdc-9735-46a1-812c-fb1ebd7b1011@group-3AE0EF58FC9E: closes. applyIndex: 0
2019-09-25 11:53:47,317 [Thread-1062] INFO  util.JmxRegister (JmxRegister.java:unregister(73)) - Successfully un-registered JMX Bean with object name Ratis:service=RaftServer,group=group-FA9D26C5EA13,id=e7427295-9757-4d0b-b6e1-b46374f24996
2019-09-25 11:53:47,317 [303dafdc-9735-46a1-812c-fb1ebd7b1011@group-3AE0EF58FC9E-SegmentedRaftLogWorker] INFO  segmented.SegmentedRaftLogWorker (SegmentedRaftLogWorker.java:run(313)) - 303dafdc-9735-46a1-812c-fb1ebd7b1011@group-3AE0EF58FC9E-SegmentedRaftLogWorker was interrupted, exiting. There are 0 tasks remaining in the queue.
2019-09-25 11:53:47,317 [Thread-1062] INFO  impl.RoleInfo (RoleInfo.java:shutdownLeaderState(104)) - e7427295-9757-4d0b-b6e1-b46374f24996: shutdown LeaderState
2019-09-25 11:53:47,318 [ForkJoinPool.commonPool-worker-1] INFO  segmented.SegmentedRaftLogWorker (SegmentedRaftLogWorker.java:close(228)) - 303dafdc-9735-46a1-812c-fb1ebd7b1011@group-3AE0EF58FC9E-SegmentedRaftLogWorker close()
2019-09-25 11:53:47,318 [Thread-1062] INFO  impl.PendingRequests (PendingRequests.java:sendNotLeaderResponses(202)) - e7427295-9757-4d0b-b6e1-b46374f24996-PendingRequests: sendNotLeaderResponses
2019-09-25 11:53:47,318 [ForkJoinPool.commonPool-worker-1] INFO  impl.RaftServerImpl (RaftServerImpl.java:lambda$shutdown$3(251)) - 303dafdc-9735-46a1-812c-fb1ebd7b1011@group-4F96D8C173FC: shutdown
2019-09-25 11:53:47,318 [Thread-1062] INFO  impl.StateMachineUpdater (StateMachineUpdater.java:stopAndJoin(125)) - e7427295-9757-4d0b-b6e1-b46374f24996@group-FA9D26C5EA13-StateMachineUpdater: set stopIndex = 0
2019-09-25 11:53:47,318 [ForkJoinPool.commonPool-worker-1] INFO  util.JmxRegister (JmxRegister.java:unregister(73)) - Successfully un-registered JMX Bean with object name Ratis:service=RaftServer,group=group-4F96D8C173FC,id=303dafdc-9735-46a1-812c-fb1ebd7b1011
2019-09-25 11:53:47,319 [Thread-1062] INFO  impl.RaftServerImpl (ServerState.java:close(385)) - e7427295-9757-4d0b-b6e1-b46374f24996@group-FA9D26C5EA13: closes. applyIndex: 0
2019-09-25 11:53:47,319 [ForkJoinPool.commonPool-worker-1] INFO  impl.RoleInfo (RoleInfo.java:shutdownLeaderState(104)) - 303dafdc-9735-46a1-812c-fb1ebd7b1011: shutdown LeaderState
2019-09-25 11:53:47,319 [e7427295-9757-4d0b-b6e1-b46374f24996@group-FA9D26C5EA13-SegmentedRaftLogWorker] INFO  segmented.SegmentedRaftLogWorker (SegmentedRaftLogWorker.java:run(313)) - e7427295-9757-4d0b-b6e1-b46374f24996@group-FA9D26C5EA13-SegmentedRaftLogWorker was interrupted, exiting. There are 0 tasks remaining in the queue.
2019-09-25 11:53:47,320 [ForkJoinPool.commonPool-worker-1] INFO  impl.PendingRequests (PendingRequests.java:sendNotLeaderResponses(202)) - 303dafdc-9735-46a1-812c-fb1ebd7b1011-PendingRequests: sendNotLeaderResponses
2019-09-25 11:53:47,320 [Thread-1062] INFO  segmented.SegmentedRaftLogWorker (SegmentedRaftLogWorker.java:close(228)) - e7427295-9757-4d0b-b6e1-b46374f24996@group-FA9D26C5EA13-SegmentedRaftLogWorker close()
2019-09-25 11:53:47,320 [ForkJoinPool.commonPool-worker-1] INFO  impl.StateMachineUpdater (StateMachineUpdater.java:stopAndJoin(125)) - 303dafdc-9735-46a1-812c-fb1ebd7b1011@group-4F96D8C173FC-StateMachineUpdater: set stopIndex = 0
2019-09-25 11:53:47,320 [Thread-1062] INFO  impl.RaftServerImpl (RaftServerImpl.java:lambda$shutdown$3(251)) - e7427295-9757-4d0b-b6e1-b46374f24996@group-0E73B338B043: shutdown
2019-09-25 11:53:47,320 [ForkJoinPool.commonPool-worker-1] INFO  impl.RaftServerImpl (ServerState.java:close(385)) - 303dafdc-9735-46a1-812c-fb1ebd7b1011@group-4F96D8C173FC: closes. applyIndex: 0
2019-09-25 11:53:47,321 [Thread-1062] INFO  util.JmxRegister (JmxRegister.java:unregister(73)) - Successfully un-registered JMX Bean with object name Ratis:service=RaftServer,group=group-0E73B338B043,id=e7427295-9757-4d0b-b6e1-b46374f24996
2019-09-25 11:53:47,321 [303dafdc-9735-46a1-812c-fb1ebd7b1011@group-4F96D8C173FC-SegmentedRaftLogWorker] INFO  segmented.SegmentedRaftLogWorker (SegmentedRaftLogWorker.java:run(313)) - 303dafdc-9735-46a1-812c-fb1ebd7b1011@group-4F96D8C173FC-SegmentedRaftLogWorker was interrupted, exiting. There are 0 tasks remaining in the queue.
2019-09-25 11:53:47,321 [Thread-1062] INFO  impl.RoleInfo (RoleInfo.java:shutdownLeaderState(104)) - e7427295-9757-4d0b-b6e1-b46374f24996: shutdown LeaderState
2019-09-25 11:53:47,321 [ForkJoinPool.commonPool-worker-1] INFO  segmented.SegmentedRaftLogWorker (SegmentedRaftLogWorker.java:close(228)) - 303dafdc-9735-46a1-812c-fb1ebd7b1011@group-4F96D8C173FC-SegmentedRaftLogWorker close()
2019-09-25 11:53:47,322 [Thread-1062] INFO  impl.PendingRequests (PendingRequests.java:sendNotLeaderResponses(202)) - e7427295-9757-4d0b-b6e1-b46374f24996-PendingRequests: sendNotLeaderResponses
2019-09-25 11:53:47,322 [ForkJoinPool.commonPool-worker-1] INFO  impl.RaftServerImpl (RaftServerImpl.java:lambda$shutdown$3(251)) - 303dafdc-9735-46a1-812c-fb1ebd7b1011@group-9F38B2E3A299: shutdown
2019-09-25 11:53:47,322 [Thread-1062] INFO  impl.StateMachineUpdater (StateMachineUpdater.java:stopAndJoin(125)) - e7427295-9757-4d0b-b6e1-b46374f24996@group-0E73B338B043-StateMachineUpdater: set stopIndex = 0
2019-09-25 11:53:47,322 [ForkJoinPool.commonPool-worker-1] INFO  util.JmxRegister (JmxRegister.java:unregister(73)) - Successfully un-registered JMX Bean with object name Ratis:service=RaftServer,group=group-9F38B2E3A299,id=303dafdc-9735-46a1-812c-fb1ebd7b1011
2019-09-25 11:53:47,323 [Thread-1062] INFO  impl.RaftServerImpl (ServerState.java:close(385)) - e7427295-9757-4d0b-b6e1-b46374f24996@group-0E73B338B043: closes. applyIndex: 0
2019-09-25 11:53:47,323 [ForkJoinPool.commonPool-worker-1] INFO  impl.RoleInfo (RoleInfo.java:shutdownLeaderState(104)) - 303dafdc-9735-46a1-812c-fb1ebd7b1011: shutdown LeaderState
2019-09-25 11:53:47,323 [e7427295-9757-4d0b-b6e1-b46374f24996@group-0E73B338B043-SegmentedRaftLogWorker] INFO  segmented.SegmentedRaftLogWorker (SegmentedRaftLogWorker.java:run(313)) - e7427295-9757-4d0b-b6e1-b46374f24996@group-0E73B338B043-SegmentedRaftLogWorker was interrupted, exiting. There are 0 tasks remaining in the queue.
2019-09-25 11:53:47,323 [ForkJoinPool.commonPool-worker-1] INFO  impl.PendingRequests (PendingRequests.java:sendNotLeaderResponses(202)) - 303dafdc-9735-46a1-812c-fb1ebd7b1011-PendingRequests: sendNotLeaderResponses
2019-09-25 11:53:47,324 [Thread-1062] INFO  segmented.SegmentedRaftLogWorker (SegmentedRaftLogWorker.java:close(228)) - e7427295-9757-4d0b-b6e1-b46374f24996@group-0E73B338B043-SegmentedRaftLogWorker close()
2019-09-25 11:53:47,324 [ForkJoinPool.commonPool-worker-1] INFO  impl.StateMachineUpdater (StateMachineUpdater.java:stopAndJoin(125)) - 303dafdc-9735-46a1-812c-fb1ebd7b1011@group-9F38B2E3A299-StateMachineUpdater: set stopIndex = 0
2019-09-25 11:53:47,324 [Thread-1062] INFO  impl.RaftServerImpl (RaftServerImpl.java:lambda$shutdown$3(251)) - e7427295-9757-4d0b-b6e1-b46374f24996@group-3042991A22E7: shutdown
2019-09-25 11:53:47,324 [ForkJoinPool.commonPool-worker-1] INFO  impl.RaftServerImpl (ServerState.java:close(385)) - 303dafdc-9735-46a1-812c-fb1ebd7b1011@group-9F38B2E3A299: closes. applyIndex: 0
2019-09-25 11:53:47,325 [Thread-1062] INFO  util.JmxRegister (JmxRegister.java:unregister(73)) - Successfully un-registered JMX Bean with object name Ratis:service=RaftServer,group=group-3042991A22E7,id=e7427295-9757-4d0b-b6e1-b46374f24996
2019-09-25 11:53:47,325 [303dafdc-9735-46a1-812c-fb1ebd7b1011@group-9F38B2E3A299-SegmentedRaftLogWorker] INFO  segmented.SegmentedRaftLogWorker (SegmentedRaftLogWorker.java:run(313)) - 303dafdc-9735-46a1-812c-fb1ebd7b1011@group-9F38B2E3A299-SegmentedRaftLogWorker was interrupted, exiting. There are 0 tasks remaining in the queue.
2019-09-25 11:53:47,325 [Thread-1062] INFO  impl.RoleInfo (RoleInfo.java:shutdownLeaderState(104)) - e7427295-9757-4d0b-b6e1-b46374f24996: shutdown LeaderState
2019-09-25 11:53:47,325 [ForkJoinPool.commonPool-worker-1] INFO  segmented.SegmentedRaftLogWorker (SegmentedRaftLogWorker.java:close(228)) - 303dafdc-9735-46a1-812c-fb1ebd7b1011@group-9F38B2E3A299-SegmentedRaftLogWorker close()
2019-09-25 11:53:47,326 [Thread-1062] INFO  impl.PendingRequests (PendingRequests.java:sendNotLeaderResponses(202)) - e7427295-9757-4d0b-b6e1-b46374f24996-PendingRequests: sendNotLeaderResponses
2019-09-25 11:53:47,326 [ForkJoinPool.commonPool-worker-1] INFO  impl.RaftServerImpl (RaftServerImpl.java:lambda$shutdown$3(251)) - 303dafdc-9735-46a1-812c-fb1ebd7b1011@group-B17624A78FBC: shutdown
2019-09-25 11:53:47,326 [Thread-1062] INFO  impl.StateMachineUpdater (StateMachineUpdater.java:stopAndJoin(125)) - e7427295-9757-4d0b-b6e1-b46374f24996@group-3042991A22E7-StateMachineUpdater: set stopIndex = 0
2019-09-25 11:53:47,326 [ForkJoinPool.commonPool-worker-1] INFO  util.JmxRegister (JmxRegister.java:unregister(73)) - Successfully un-registered JMX Bean with object name Ratis:service=RaftServer,group=group-B17624A78FBC,id=303dafdc-9735-46a1-812c-fb1ebd7b1011
2019-09-25 11:53:47,327 [Thread-1062] INFO  impl.RaftServerImpl (ServerState.java:close(385)) - e7427295-9757-4d0b-b6e1-b46374f24996@group-3042991A22E7: closes. applyIndex: 0
2019-09-25 11:53:47,327 [ForkJoinPool.commonPool-worker-1] INFO  impl.RoleInfo (RoleInfo.java:shutdownLeaderState(104)) - 303dafdc-9735-46a1-812c-fb1ebd7b1011: shutdown LeaderState
2019-09-25 11:53:47,327 [e7427295-9757-4d0b-b6e1-b46374f24996@group-3042991A22E7-SegmentedRaftLogWorker] INFO  segmented.SegmentedRaftLogWorker (SegmentedRaftLogWorker.java:run(313)) - e7427295-9757-4d0b-b6e1-b46374f24996@group-3042991A22E7-SegmentedRaftLogWorker was interrupted, exiting. There are 0 tasks remaining in the queue.
2019-09-25 11:53:47,327 [ForkJoinPool.commonPool-worker-1] INFO  impl.PendingRequests (PendingRequests.java:sendNotLeaderResponses(202)) - 303dafdc-9735-46a1-812c-fb1ebd7b1011-PendingRequests: sendNotLeaderResponses
2019-09-25 11:53:47,328 [Thread-1062] INFO  segmented.SegmentedRaftLogWorker (SegmentedRaftLogWorker.java:close(228)) - e7427295-9757-4d0b-b6e1-b46374f24996@group-3042991A22E7-SegmentedRaftLogWorker close()
2019-09-25 11:53:47,328 [ForkJoinPool.commonPool-worker-1] INFO  impl.StateMachineUpdater (StateMachineUpdater.java:stopAndJoin(125)) - 303dafdc-9735-46a1-812c-fb1ebd7b1011@group-B17624A78FBC-StateMachineUpdater: set stopIndex = 0
2019-09-25 11:53:47,328 [Thread-1062] INFO  server.GrpcService (GrpcService.java:closeImpl(164)) - e7427295-9757-4d0b-b6e1-b46374f24996: shutdown server with port 40322 now
2019-09-25 11:53:47,328 [ForkJoinPool.commonPool-worker-1] INFO  impl.RaftServerImpl (ServerState.java:close(385)) - 303dafdc-9735-46a1-812c-fb1ebd7b1011@group-B17624A78FBC: closes. applyIndex: 0
2019-09-25 11:53:47,330 [303dafdc-9735-46a1-812c-fb1ebd7b1011@group-B17624A78FBC-SegmentedRaftLogWorker] INFO  segmented.SegmentedRaftLogWorker (SegmentedRaftLogWorker.java:run(313)) - 303dafdc-9735-46a1-812c-fb1ebd7b1011@group-B17624A78FBC-SegmentedRaftLogWorker was interrupted, exiting. There are 0 tasks remaining in the queue.
2019-09-25 11:53:47,330 [Thread-1062] INFO  server.GrpcService (GrpcService.java:closeImpl(172)) - e7427295-9757-4d0b-b6e1-b46374f24996: shutdown server with port 40322 successfully
2019-09-25 11:53:47,331 [ForkJoinPool.commonPool-worker-1] INFO  segmented.SegmentedRaftLogWorker (SegmentedRaftLogWorker.java:close(228)) - 303dafdc-9735-46a1-812c-fb1ebd7b1011@group-B17624A78FBC-SegmentedRaftLogWorker close()
2019-09-25 11:53:47,331 [ForkJoinPool.commonPool-worker-1] INFO  server.GrpcService (GrpcService.java:closeImpl(164)) - 303dafdc-9735-46a1-812c-fb1ebd7b1011: shutdown server with port 37980 now
2019-09-25 11:53:47,333 [ForkJoinPool.commonPool-worker-1] INFO  server.GrpcService (GrpcService.java:closeImpl(172)) - 303dafdc-9735-46a1-812c-fb1ebd7b1011: shutdown server with port 37980 successfully
2019-09-25 11:53:47,335 [refreshUsed-/workdir/hadoop-ozone/ozonefs/target/test-dir/MiniOzoneClusterImpl-4d965d96-9517-4212-af55-0cc3287bfaeb/datanode-0/data/containers] WARN  fs.CachingGetSpaceUsed (CachingGetSpaceUsed.java:run(183)) - Thread Interrupted waiting to refresh disk information: sleep interrupted
2019-09-25 11:53:47,339 [refreshUsed-/workdir/hadoop-ozone/ozonefs/target/test-dir/MiniOzoneClusterImpl-4d965d96-9517-4212-af55-0cc3287bfaeb/datanode-1/data/containers] WARN  fs.CachingGetSpaceUsed (CachingGetSpaceUsed.java:run(183)) - Thread Interrupted waiting to refresh disk information: sleep interrupted
2019-09-25 11:53:47,354 [ForkJoinPool.commonPool-worker-1] INFO  utils.BackgroundService (BackgroundService.java:shutdown(148)) - Shutting down service BlockDeletingService
2019-09-25 11:53:47,358 [ForkJoinPool.commonPool-worker-1] INFO  statemachine.DatanodeStateMachine (DatanodeStateMachine.java:stopDaemon(395)) - Ozone container server stopped.
2019-09-25 11:53:47,362 [ForkJoinPool.commonPool-worker-1] INFO  handler.ContextHandler (ContextHandler.java:doStop(910)) - Stopped o.e.j.w.WebAppContext@1b38524a{/,null,UNAVAILABLE}{/hddsDatanode}
2019-09-25 11:53:47,363 [ForkJoinPool.commonPool-worker-1] INFO  server.AbstractConnector (AbstractConnector.java:doStop(318)) - Stopped ServerConnector@6231608a{HTTP/1.1,[http/1.1]}{0.0.0.0:0}
2019-09-25 11:53:47,364 [ForkJoinPool.commonPool-worker-1] INFO  handler.ContextHandler (ContextHandler.java:doStop(910)) - Stopped o.e.j.s.ServletContextHandler@7e1f5643{/static,jar:file:/home/user/.m2/repository/org/apache/hadoop/hadoop-hdds-container-service/0.5.0-SNAPSHOT/hadoop-hdds-container-service-0.5.0-SNAPSHOT.jar!/webapps/static,UNAVAILABLE}
2019-09-25 11:53:47,365 [ForkJoinPool.commonPool-worker-1] INFO  handler.ContextHandler (ContextHandler.java:doStop(910)) - Stopped o.e.j.s.ServletContextHandler@51a3fcfb{/logs,file:///workdir/hadoop-ozone/ozonefs/target/log,UNAVAILABLE}
2019-09-25 11:53:47,374 [Thread-1062] INFO  utils.BackgroundService (BackgroundService.java:shutdown(148)) - Shutting down service BlockDeletingService
2019-09-25 11:53:47,376 [Thread-1062] INFO  statemachine.DatanodeStateMachine (DatanodeStateMachine.java:stopDaemon(395)) - Ozone container server stopped.
2019-09-25 11:53:47,377 [Thread-1062] INFO  handler.ContextHandler (ContextHandler.java:doStop(910)) - Stopped o.e.j.w.WebAppContext@6c423249{/,null,UNAVAILABLE}{/hddsDatanode}
2019-09-25 11:53:47,378 [Thread-1062] INFO  server.AbstractConnector (AbstractConnector.java:doStop(318)) - Stopped ServerConnector@7203cbc6{HTTP/1.1,[http/1.1]}{0.0.0.0:0}
2019-09-25 11:53:47,378 [Thread-1062] INFO  handler.ContextHandler (ContextHandler.java:doStop(910)) - Stopped o.e.j.s.ServletContextHandler@75c4fc6a{/static,jar:file:/home/user/.m2/repository/org/apache/hadoop/hadoop-hdds-container-service/0.5.0-SNAPSHOT/hadoop-hdds-container-service-0.5.0-SNAPSHOT.jar!/webapps/static,UNAVAILABLE}
2019-09-25 11:53:47,378 [Thread-1062] INFO  handler.ContextHandler (ContextHandler.java:doStop(910)) - Stopped o.e.j.s.ServletContextHandler@2bbab016{/logs,file:///workdir/hadoop-ozone/ozonefs/target/log,UNAVAILABLE}
2019-09-25 11:53:48,133 [Datanode State Machine Thread - 0] INFO  statemachine.DatanodeStateMachine (DatanodeStateMachine.java:lambda$startDaemon$0(350)) - Ozone container server started.
2019-09-25 11:53:52,367 [ForkJoinPool.commonPool-worker-1] INFO  ozoneimpl.OzoneContainer (OzoneContainer.java:stop(231)) - Attempting to stop container services.
2019-09-25 11:53:52,368 [ForkJoinPool.commonPool-worker-1] INFO  impl.RaftServerProxy (RaftServerProxy.java:lambda$close$4(314)) - 4b163e73-9124-45c5-8da1-c8a8a9e20704: close
2019-09-25 11:53:52,368 [ForkJoinPool.commonPool-worker-1] INFO  impl.RaftServerImpl (RaftServerImpl.java:lambda$shutdown$3(251)) - 4b163e73-9124-45c5-8da1-c8a8a9e20704@group-05A4357A26DD: shutdown
2019-09-25 11:53:52,369 [ForkJoinPool.commonPool-worker-1] INFO  util.JmxRegister (JmxRegister.java:unregister(73)) - Successfully un-registered JMX Bean with object name Ratis:service=RaftServer,group=group-05A4357A26DD,id=4b163e73-9124-45c5-8da1-c8a8a9e20704
2019-09-25 11:53:52,369 [ForkJoinPool.commonPool-worker-1] INFO  impl.RoleInfo (RoleInfo.java:shutdownLeaderState(104)) - 4b163e73-9124-45c5-8da1-c8a8a9e20704: shutdown LeaderState
2019-09-25 11:53:52,369 [ForkJoinPool.commonPool-worker-1] INFO  impl.PendingRequests (PendingRequests.java:sendNotLeaderResponses(202)) - 4b163e73-9124-45c5-8da1-c8a8a9e20704-PendingRequests: sendNotLeaderResponses
2019-09-25 11:53:52,370 [ForkJoinPool.commonPool-worker-1] INFO  impl.StateMachineUpdater (StateMachineUpdater.java:stopAndJoin(125)) - 4b163e73-9124-45c5-8da1-c8a8a9e20704@group-05A4357A26DD-StateMachineUpdater: set stopIndex = 0
2019-09-25 11:53:52,371 [ForkJoinPool.commonPool-worker-1] INFO  impl.RaftServerImpl (ServerState.java:close(385)) - 4b163e73-9124-45c5-8da1-c8a8a9e20704@group-05A4357A26DD: closes. applyIndex: 0
2019-09-25 11:53:52,371 [4b163e73-9124-45c5-8da1-c8a8a9e20704@group-05A4357A26DD-SegmentedRaftLogWorker] INFO  segmented.SegmentedRaftLogWorker (SegmentedRaftLogWorker.java:run(313)) - 4b163e73-9124-45c5-8da1-c8a8a9e20704@group-05A4357A26DD-SegmentedRaftLogWorker was interrupted, exiting. There are 0 tasks remaining in the queue.
2019-09-25 11:53:52,372 [ForkJoinPool.commonPool-worker-1] INFO  segmented.SegmentedRaftLogWorker (SegmentedRaftLogWorker.java:close(228)) - 4b163e73-9124-45c5-8da1-c8a8a9e20704@group-05A4357A26DD-SegmentedRaftLogWorker close()
2019-09-25 11:53:52,372 [ForkJoinPool.commonPool-worker-1] INFO  impl.RaftServerImpl (RaftServerImpl.java:lambda$shutdown$3(251)) - 4b163e73-9124-45c5-8da1-c8a8a9e20704@group-0D8C63B35694: shutdown
2019-09-25 11:53:52,372 [ForkJoinPool.commonPool-worker-1] INFO  util.JmxRegister (JmxRegister.java:unregister(73)) - Successfully un-registered JMX Bean with object name Ratis:service=RaftServer,group=group-0D8C63B35694,id=4b163e73-9124-45c5-8da1-c8a8a9e20704
2019-09-25 11:53:52,373 [ForkJoinPool.commonPool-worker-1] INFO  impl.RoleInfo (RoleInfo.java:shutdownLeaderState(104)) - 4b163e73-9124-45c5-8da1-c8a8a9e20704: shutdown LeaderState
2019-09-25 11:53:52,373 [ForkJoinPool.commonPool-worker-1] INFO  impl.PendingRequests (PendingRequests.java:sendNotLeaderResponses(202)) - 4b163e73-9124-45c5-8da1-c8a8a9e20704-PendingRequests: sendNotLeaderResponses
2019-09-25 11:53:52,373 [ForkJoinPool.commonPool-worker-1] INFO  impl.StateMachineUpdater (StateMachineUpdater.java:stopAndJoin(125)) - 4b163e73-9124-45c5-8da1-c8a8a9e20704@group-0D8C63B35694-StateMachineUpdater: set stopIndex = 0
2019-09-25 11:53:52,373 [ForkJoinPool.commonPool-worker-1] INFO  impl.RaftServerImpl (ServerState.java:close(385)) - 4b163e73-9124-45c5-8da1-c8a8a9e20704@group-0D8C63B35694: closes. applyIndex: 0
2019-09-25 11:53:52,374 [4b163e73-9124-45c5-8da1-c8a8a9e20704@group-0D8C63B35694-SegmentedRaftLogWorker] INFO  segmented.SegmentedRaftLogWorker (SegmentedRaftLogWorker.java:run(313)) - 4b163e73-9124-45c5-8da1-c8a8a9e20704@group-0D8C63B35694-SegmentedRaftLogWorker was interrupted, exiting. There are 0 tasks remaining in the queue.
2019-09-25 11:53:52,374 [ForkJoinPool.commonPool-worker-1] INFO  segmented.SegmentedRaftLogWorker (SegmentedRaftLogWorker.java:close(228)) - 4b163e73-9124-45c5-8da1-c8a8a9e20704@group-0D8C63B35694-SegmentedRaftLogWorker close()
2019-09-25 11:53:52,374 [ForkJoinPool.commonPool-worker-1] INFO  impl.RaftServerImpl (RaftServerImpl.java:lambda$shutdown$3(251)) - 4b163e73-9124-45c5-8da1-c8a8a9e20704@group-45088132E63D: shutdown
2019-09-25 11:53:52,375 [ForkJoinPool.commonPool-worker-1] INFO  util.JmxRegister (JmxRegister.java:unregister(73)) - Successfully un-registered JMX Bean with object name Ratis:service=RaftServer,group=group-45088132E63D,id=4b163e73-9124-45c5-8da1-c8a8a9e20704
2019-09-25 11:53:52,375 [ForkJoinPool.commonPool-worker-1] INFO  impl.RoleInfo (RoleInfo.java:shutdownLeaderState(104)) - 4b163e73-9124-45c5-8da1-c8a8a9e20704: shutdown LeaderState
2019-09-25 11:53:52,375 [ForkJoinPool.commonPool-worker-1] INFO  impl.PendingRequests (PendingRequests.java:sendNotLeaderResponses(202)) - 4b163e73-9124-45c5-8da1-c8a8a9e20704-PendingRequests: sendNotLeaderResponses
2019-09-25 11:53:52,375 [ForkJoinPool.commonPool-worker-1] INFO  impl.StateMachineUpdater (StateMachineUpdater.java:stopAndJoin(125)) - 4b163e73-9124-45c5-8da1-c8a8a9e20704@group-45088132E63D-StateMachineUpdater: set stopIndex = 0
2019-09-25 11:53:52,376 [ForkJoinPool.commonPool-worker-1] INFO  impl.RaftServerImpl (ServerState.java:close(385)) - 4b163e73-9124-45c5-8da1-c8a8a9e20704@group-45088132E63D: closes. applyIndex: 0
2019-09-25 11:53:52,376 [4b163e73-9124-45c5-8da1-c8a8a9e20704@group-45088132E63D-SegmentedRaftLogWorker] INFO  segmented.SegmentedRaftLogWorker (SegmentedRaftLogWorker.java:run(313)) - 4b163e73-9124-45c5-8da1-c8a8a9e20704@group-45088132E63D-SegmentedRaftLogWorker was interrupted, exiting. There are 0 tasks remaining in the queue.
2019-09-25 11:53:52,376 [ForkJoinPool.commonPool-worker-1] INFO  segmented.SegmentedRaftLogWorker (SegmentedRaftLogWorker.java:close(228)) - 4b163e73-9124-45c5-8da1-c8a8a9e20704@group-45088132E63D-SegmentedRaftLogWorker close()
2019-09-25 11:53:52,377 [ForkJoinPool.commonPool-worker-1] INFO  impl.RaftServerImpl (RaftServerImpl.java:lambda$shutdown$3(251)) - 4b163e73-9124-45c5-8da1-c8a8a9e20704@group-96B44C5121E3: shutdown
2019-09-25 11:53:52,377 [ForkJoinPool.commonPool-worker-1] INFO  util.JmxRegister (JmxRegister.java:unregister(73)) - Successfully un-registered JMX Bean with object name Ratis:service=RaftServer,group=group-96B44C5121E3,id=4b163e73-9124-45c5-8da1-c8a8a9e20704
2019-09-25 11:53:52,377 [ForkJoinPool.commonPool-worker-1] INFO  impl.RoleInfo (RoleInfo.java:shutdownLeaderState(104)) - 4b163e73-9124-45c5-8da1-c8a8a9e20704: shutdown LeaderState
2019-09-25 11:53:52,377 [ForkJoinPool.commonPool-worker-1] INFO  impl.PendingRequests (PendingRequests.java:sendNotLeaderResponses(202)) - 4b163e73-9124-45c5-8da1-c8a8a9e20704-PendingRequests: sendNotLeaderResponses
2019-09-25 11:53:52,378 [ForkJoinPool.commonPool-worker-1] INFO  impl.StateMachineUpdater (StateMachineUpdater.java:stopAndJoin(125)) - 4b163e73-9124-45c5-8da1-c8a8a9e20704@group-96B44C5121E3-StateMachineUpdater: set stopIndex = 0
2019-09-25 11:53:52,378 [ForkJoinPool.commonPool-worker-1] INFO  impl.RaftServerImpl (ServerState.java:close(385)) - 4b163e73-9124-45c5-8da1-c8a8a9e20704@group-96B44C5121E3: closes. applyIndex: 0
2019-09-25 11:53:52,378 [4b163e73-9124-45c5-8da1-c8a8a9e20704@group-96B44C5121E3-SegmentedRaftLogWorker] INFO  segmented.SegmentedRaftLogWorker (SegmentedRaftLogWorker.java:run(313)) - 4b163e73-9124-45c5-8da1-c8a8a9e20704@group-96B44C5121E3-SegmentedRaftLogWorker was interrupted, exiting. There are 0 tasks remaining in the queue.
2019-09-25 11:53:52,378 [ForkJoinPool.commonPool-worker-1] INFO  segmented.SegmentedRaftLogWorker (SegmentedRaftLogWorker.java:close(228)) - 4b163e73-9124-45c5-8da1-c8a8a9e20704@group-96B44C5121E3-SegmentedRaftLogWorker close()
2019-09-25 11:53:52,379 [ForkJoinPool.commonPool-worker-1] INFO  impl.RaftServerImpl (RaftServerImpl.java:lambda$shutdown$3(251)) - 4b163e73-9124-45c5-8da1-c8a8a9e20704@group-DE0FA5766B47: shutdown
2019-09-25 11:53:52,379 [ForkJoinPool.commonPool-worker-1] INFO  util.JmxRegister (JmxRegister.java:unregister(73)) - Successfully un-registered JMX Bean with object name Ratis:service=RaftServer,group=group-DE0FA5766B47,id=4b163e73-9124-45c5-8da1-c8a8a9e20704
2019-09-25 11:53:52,379 [ForkJoinPool.commonPool-worker-1] INFO  impl.RoleInfo (RoleInfo.java:shutdownLeaderState(104)) - 4b163e73-9124-45c5-8da1-c8a8a9e20704: shutdown LeaderState
2019-09-25 11:53:52,380 [ForkJoinPool.commonPool-worker-1] INFO  impl.PendingRequests (PendingRequests.java:sendNotLeaderResponses(202)) - 4b163e73-9124-45c5-8da1-c8a8a9e20704-PendingRequests: sendNotLeaderResponses
2019-09-25 11:53:52,380 [ForkJoinPool.commonPool-worker-1] INFO  impl.StateMachineUpdater (StateMachineUpdater.java:stopAndJoin(125)) - 4b163e73-9124-45c5-8da1-c8a8a9e20704@group-DE0FA5766B47-StateMachineUpdater: set stopIndex = 0
2019-09-25 11:53:52,380 [ForkJoinPool.commonPool-worker-1] INFO  impl.RaftServerImpl (ServerState.java:close(385)) - 4b163e73-9124-45c5-8da1-c8a8a9e20704@group-DE0FA5766B47: closes. applyIndex: 0
2019-09-25 11:53:52,381 [4b163e73-9124-45c5-8da1-c8a8a9e20704@group-DE0FA5766B47-SegmentedRaftLogWorker] INFO  segmented.SegmentedRaftLogWorker (SegmentedRaftLogWorker.java:run(313)) - 4b163e73-9124-45c5-8da1-c8a8a9e20704@group-DE0FA5766B47-SegmentedRaftLogWorker was interrupted, exiting. There are 0 tasks remaining in the queue.
2019-09-25 11:53:52,381 [ForkJoinPool.commonPool-worker-1] INFO  segmented.SegmentedRaftLogWorker (SegmentedRaftLogWorker.java:close(228)) - 4b163e73-9124-45c5-8da1-c8a8a9e20704@group-DE0FA5766B47-SegmentedRaftLogWorker close()
2019-09-25 11:53:52,381 [ForkJoinPool.commonPool-worker-1] INFO  impl.RaftServerImpl (RaftServerImpl.java:lambda$shutdown$3(251)) - 4b163e73-9124-45c5-8da1-c8a8a9e20704@group-4D69C510E732: shutdown
2019-09-25 11:53:52,382 [ForkJoinPool.commonPool-worker-1] INFO  util.JmxRegister (JmxRegister.java:unregister(73)) - Successfully un-registered JMX Bean with object name Ratis:service=RaftServer,group=group-4D69C510E732,id=4b163e73-9124-45c5-8da1-c8a8a9e20704
2019-09-25 11:53:52,382 [ForkJoinPool.commonPool-worker-1] INFO  impl.RoleInfo (RoleInfo.java:shutdownLeaderState(104)) - 4b163e73-9124-45c5-8da1-c8a8a9e20704: shutdown LeaderState
2019-09-25 11:53:52,382 [ForkJoinPool.commonPool-worker-1] INFO  impl.PendingRequests (PendingRequests.java:sendNotLeaderResponses(202)) - 4b163e73-9124-45c5-8da1-c8a8a9e20704-PendingRequests: sendNotLeaderResponses
2019-09-25 11:53:52,382 [ForkJoinPool.commonPool-worker-1] INFO  impl.StateMachineUpdater (StateMachineUpdater.java:stopAndJoin(125)) - 4b163e73-9124-45c5-8da1-c8a8a9e20704@group-4D69C510E732-StateMachineUpdater: set stopIndex = 0
2019-09-25 11:53:52,383 [ForkJoinPool.commonPool-worker-1] INFO  impl.RaftServerImpl (ServerState.java:close(385)) - 4b163e73-9124-45c5-8da1-c8a8a9e20704@group-4D69C510E732: closes. applyIndex: 0
2019-09-25 11:53:52,383 [4b163e73-9124-45c5-8da1-c8a8a9e20704@group-4D69C510E732-SegmentedRaftLogWorker] INFO  segmented.SegmentedRaftLogWorker (SegmentedRaftLogWorker.java:run(313)) - 4b163e73-9124-45c5-8da1-c8a8a9e20704@group-4D69C510E732-SegmentedRaftLogWorker was interrupted, exiting. There are 0 tasks remaining in the queue.
2019-09-25 11:53:52,383 [ForkJoinPool.commonPool-worker-1] INFO  segmented.SegmentedRaftLogWorker (SegmentedRaftLogWorker.java:close(228)) - 4b163e73-9124-45c5-8da1-c8a8a9e20704@group-4D69C510E732-SegmentedRaftLogWorker close()
2019-09-25 11:53:52,384 [ForkJoinPool.commonPool-worker-1] INFO  server.GrpcService (GrpcService.java:closeImpl(164)) - 4b163e73-9124-45c5-8da1-c8a8a9e20704: shutdown server with port 35803 now
2019-09-25 11:53:52,391 [ForkJoinPool.commonPool-worker-1] INFO  server.GrpcService (GrpcService.java:closeImpl(172)) - 4b163e73-9124-45c5-8da1-c8a8a9e20704: shutdown server with port 35803 successfully
2019-09-25 11:53:52,394 [refreshUsed-/workdir/hadoop-ozone/ozonefs/target/test-dir/MiniOzoneClusterImpl-4d965d96-9517-4212-af55-0cc3287bfaeb/datanode-2/data/containers] WARN  fs.CachingGetSpaceUsed (CachingGetSpaceUsed.java:run(183)) - Thread Interrupted waiting to refresh disk information: sleep interrupted
2019-09-25 11:53:52,419 [ForkJoinPool.commonPool-worker-1] INFO  utils.BackgroundService (BackgroundService.java:shutdown(148)) - Shutting down service BlockDeletingService
2019-09-25 11:53:52,423 [ForkJoinPool.commonPool-worker-1] INFO  statemachine.DatanodeStateMachine (DatanodeStateMachine.java:stopDaemon(395)) - Ozone container server stopped.
2019-09-25 11:53:52,427 [ForkJoinPool.commonPool-worker-1] INFO  handler.ContextHandler (ContextHandler.java:doStop(910)) - Stopped o.e.j.w.WebAppContext@72d3c3cf{/,null,UNAVAILABLE}{/hddsDatanode}
2019-09-25 11:53:52,428 [ForkJoinPool.commonPool-worker-1] INFO  server.AbstractConnector (AbstractConnector.java:doStop(318)) - Stopped ServerConnector@49a98563{HTTP/1.1,[http/1.1]}{0.0.0.0:0}
2019-09-25 11:53:52,430 [ForkJoinPool.commonPool-worker-1] INFO  handler.ContextHandler (ContextHandler.java:doStop(910)) - Stopped o.e.j.s.ServletContextHandler@73a716e3{/static,jar:file:/home/user/.m2/repository/org/apache/hadoop/hadoop-hdds-container-service/0.5.0-SNAPSHOT/hadoop-hdds-container-service-0.5.0-SNAPSHOT.jar!/webapps/static,UNAVAILABLE}
2019-09-25 11:53:52,431 [ForkJoinPool.commonPool-worker-1] INFO  handler.ContextHandler (ContextHandler.java:doStop(910)) - Stopped o.e.j.s.ServletContextHandler@253d0a5c{/logs,file:///workdir/hadoop-ozone/ozonefs/target/log,UNAVAILABLE}
2019-09-25 11:53:52,432 [Thread-1062] INFO  ozone.MiniOzoneClusterImpl (MiniOzoneClusterImpl.java:stopSCM(392)) - Stopping the StorageContainerManager
2019-09-25 11:53:52,432 [Thread-1062] INFO  server.StorageContainerManager (StorageContainerManager.java:stop(808)) - Stopping Replication Manager Service.
2019-09-25 11:53:52,433 [Thread-1062] INFO  container.ReplicationManager (ReplicationManager.java:stop(204)) - Stopping Replication Monitor Thread.
2019-09-25 11:53:52,433 [Thread-1062] INFO  server.StorageContainerManager (StorageContainerManager.java:stop(815)) - Stopping Lease Manager of the command watchers
2019-09-25 11:53:52,433 [Thread-1062] INFO  server.StorageContainerManager (StorageContainerManager.java:stop(822)) - Stopping datanode service RPC server
2019-09-25 11:53:52,433 [Thread-1062] INFO  server.SCMDatanodeProtocolServer (SCMDatanodeProtocolServer.java:stop(367)) - Stopping the RPC server for DataNodes
2019-09-25 11:53:52,433 [Thread-1062] INFO  ipc.Server (Server.java:stop(3082)) - Stopping server on 45965
2019-09-25 11:53:52,441 [IPC Server listener on 45965] INFO  ipc.Server (Server.java:run(1185)) - Stopping IPC Server listener on 45965
2019-09-25 11:53:52,442 [IPC Server Responder] INFO  ipc.Server (Server.java:run(1319)) - Stopping IPC Server Responder
2019-09-25 11:53:52,515 [SCM Heartbeat Processing Thread - 0] WARN  node.NodeStateManager (NodeStateManager.java:scheduleNextHealthCheck(655)) - Current Thread is interrupted, shutting down HB processing thread for Node Manager.
2019-09-25 11:53:52,515 [Thread-1062] INFO  server.StorageContainerManager (StorageContainerManager.java:stop(830)) - Stopping block service RPC server
2019-09-25 11:53:52,515 [Thread-1062] INFO  server.SCMBlockProtocolServer (SCMBlockProtocolServer.java:stop(155)) - Stopping the RPC server for Block Protocol
2019-09-25 11:53:52,517 [Thread-1062] INFO  ipc.Server (Server.java:stop(3082)) - Stopping server on 43442
2019-09-25 11:53:52,521 [IPC Server listener on 43442] INFO  ipc.Server (Server.java:run(1185)) - Stopping IPC Server listener on 43442
2019-09-25 11:53:52,521 [IPC Server Responder] INFO  ipc.Server (Server.java:run(1319)) - Stopping IPC Server Responder
2019-09-25 11:53:52,522 [Thread-1062] INFO  server.StorageContainerManager (StorageContainerManager.java:stop(837)) - Stopping the StorageContainerLocationProtocol RPC server
2019-09-25 11:53:52,522 [Thread-1062] INFO  server.SCMClientProtocolServer (SCMClientProtocolServer.java:stop(159)) - Stopping the RPC server for Client Protocol
2019-09-25 11:53:52,523 [Thread-1062] INFO  ipc.Server (Server.java:stop(3082)) - Stopping server on 43602
2019-09-25 11:53:52,525 [IPC Server listener on 43602] INFO  ipc.Server (Server.java:run(1185)) - Stopping IPC Server listener on 43602
2019-09-25 11:53:52,525 [Thread-1062] INFO  server.StorageContainerManager (StorageContainerManager.java:stop(844)) - Stopping Storage Container Manager HTTP server.
2019-09-25 11:53:52,525 [IPC Server Responder] INFO  ipc.Server (Server.java:run(1319)) - Stopping IPC Server Responder
2019-09-25 11:53:52,529 [Thread-1062] INFO  handler.ContextHandler (ContextHandler.java:doStop(910)) - Stopped o.e.j.w.WebAppContext@734f3e2b{/,null,UNAVAILABLE}{/scm}
2019-09-25 11:53:52,530 [Thread-1062] INFO  server.AbstractConnector (AbstractConnector.java:doStop(318)) - Stopped ServerConnector@6ba1cacf{HTTP/1.1,[http/1.1]}{0.0.0.0:0}
2019-09-25 11:53:52,531 [Thread-1062] INFO  handler.ContextHandler (ContextHandler.java:doStop(910)) - Stopped o.e.j.s.ServletContextHandler@2dd88cca{/static,jar:file:/home/user/.m2/repository/org/apache/hadoop/hadoop-hdds-server-scm/0.5.0-SNAPSHOT/hadoop-hdds-server-scm-0.5.0-SNAPSHOT.jar!/webapps/static,UNAVAILABLE}
2019-09-25 11:53:52,531 [Thread-1062] INFO  handler.ContextHandler (ContextHandler.java:doStop(910)) - Stopped o.e.j.s.ServletContextHandler@5fbd8d5f{/logs,file:///workdir/hadoop-ozone/ozonefs/target/log,UNAVAILABLE}
2019-09-25 11:53:52,532 [Thread-1062] INFO  server.StorageContainerManager (StorageContainerManager.java:stop(855)) - Stopping Block Manager Service.
2019-09-25 11:53:52,532 [Thread-1062] INFO  utils.BackgroundService (BackgroundService.java:shutdown(148)) - Shutting down service SCMBlockDeletingService
2019-09-25 11:53:52,534 [Thread-1062] INFO  utils.BackgroundService (BackgroundService.java:shutdown(148)) - Shutting down service SCMBlockDeletingService
2019-09-25 11:53:52,535 [Thread-1062] INFO  server.StorageContainerManager (StorageContainerManager.java:stop(877)) - Stopping SCM Event Queue.
2019-09-25 11:53:52,538 [Thread-1062] INFO  impl.MetricsSystemImpl (MetricsSystemImpl.java:stop(210)) - Stopping HddsDatanode metrics system...
2019-09-25 11:53:52,543 [Thread-1062] INFO  impl.MetricsSystemImpl (MetricsSystemImpl.java:stop(216)) - HddsDatanode metrics system stopped.
]]></system-out>
  </testcase>
  <testcase name="testDeleteCreatesFakeParentDir" classname="org.apache.hadoop.fs.ozone.TestOzoneFileSystem" time="18.539">
    <error message="Allocated 0 blocks. Requested 1 blocks" type="INTERNAL_ERROR org.apache.hadoop.ozone.om.exceptions.OMException">INTERNAL_ERROR org.apache.hadoop.ozone.om.exceptions.OMException: Allocated 0 blocks. Requested 1 blocks
	at org.apache.hadoop.ozone.om.protocolPB.OzoneManagerProtocolClientSideTranslatorPB.handleError(OzoneManagerProtocolClientSideTranslatorPB.java:732)
	at org.apache.hadoop.ozone.om.protocolPB.OzoneManagerProtocolClientSideTranslatorPB.createFile(OzoneManagerProtocolClientSideTranslatorPB.java:1536)
	at sun.reflect.NativeMethodAccessorImpl.invoke0(Native Method)
	at sun.reflect.NativeMethodAccessorImpl.invoke(NativeMethodAccessorImpl.java:62)
	at sun.reflect.DelegatingMethodAccessorImpl.invoke(DelegatingMethodAccessorImpl.java:43)
	at java.lang.reflect.Method.invoke(Method.java:498)
	at org.apache.hadoop.hdds.tracing.TraceAllMethod.invoke(TraceAllMethod.java:66)
	at com.sun.proxy.$Proxy38.createFile(Unknown Source)
	at org.apache.hadoop.ozone.client.rpc.RpcClient.createFile(RpcClient.java:1006)
	at org.apache.hadoop.ozone.client.OzoneBucket.createFile(OzoneBucket.java:537)
	at org.apache.hadoop.fs.ozone.BasicOzoneClientAdapterImpl.createFile(BasicOzoneClientAdapterImpl.java:205)
	at org.apache.hadoop.fs.ozone.BasicOzoneFileSystem.createOutputStream(BasicOzoneFileSystem.java:250)
	at org.apache.hadoop.fs.ozone.BasicOzoneFileSystem.create(BasicOzoneFileSystem.java:231)
	at org.apache.hadoop.fs.FileSystem.create(FileSystem.java:1118)
	at org.apache.hadoop.fs.FileSystem.create(FileSystem.java:1098)
	at org.apache.hadoop.fs.FileSystem.create(FileSystem.java:987)
	at org.apache.hadoop.fs.contract.ContractTestUtils.createFile(ContractTestUtils.java:633)
	at org.apache.hadoop.fs.contract.ContractTestUtils.touch(ContractTestUtils.java:669)
	at org.apache.hadoop.fs.ozone.TestOzoneFileSystem.testDeleteCreatesFakeParentDir(TestOzoneFileSystem.java:134)
	at sun.reflect.NativeMethodAccessorImpl.invoke0(Native Method)
	at sun.reflect.NativeMethodAccessorImpl.invoke(NativeMethodAccessorImpl.java:62)
	at sun.reflect.DelegatingMethodAccessorImpl.invoke(DelegatingMethodAccessorImpl.java:43)
	at java.lang.reflect.Method.invoke(Method.java:498)
	at org.junit.runners.model.FrameworkMethod$1.runReflectiveCall(FrameworkMethod.java:47)
	at org.junit.internal.runners.model.ReflectiveCallable.run(ReflectiveCallable.java:12)
	at org.junit.runners.model.FrameworkMethod.invokeExplosively(FrameworkMethod.java:44)
	at org.junit.internal.runners.statements.InvokeMethod.evaluate(InvokeMethod.java:17)
	at org.junit.internal.runners.statements.RunBefores.evaluate(RunBefores.java:26)
	at org.junit.internal.runners.statements.RunAfters.evaluate(RunAfters.java:27)
	at org.junit.internal.runners.statements.FailOnTimeout$StatementThread.run(FailOnTimeout.java:74)
</error>
    <system-out><![CDATA[2019-09-25 11:53:52,588 [Thread-1329] WARN  server.ServerUtils (ServerUtils.java:getScmDbDir(145)) - ozone.scm.db.dirs is not configured. We recommend adding this setting. Falling back to ozone.metadata.dirs instead.
2019-09-25 11:53:52,604 [Thread-1329] WARN  server.ServerUtils (ServerUtils.java:getScmDbDir(145)) - ozone.scm.db.dirs is not configured. We recommend adding this setting. Falling back to ozone.metadata.dirs instead.
2019-09-25 11:53:52,604 [Thread-1329] WARN  server.ServerUtils (ServerUtils.java:getScmDbDir(145)) - ozone.scm.db.dirs is not configured. We recommend adding this setting. Falling back to ozone.metadata.dirs instead.
2019-09-25 11:53:52,605 [Thread-1329] INFO  db.DBStoreBuilder (DBStoreBuilder.java:addTable(110)) - using custom profile for table: deletedBlocks
2019-09-25 11:53:52,605 [Thread-1329] INFO  db.DBStoreBuilder (DBStoreBuilder.java:processTables(161)) - Using default column profile:DBProfile.DISK for Table:deletedBlocks
2019-09-25 11:53:52,605 [Thread-1329] INFO  db.DBStoreBuilder (DBStoreBuilder.java:addTable(110)) - using custom profile for table: validCerts
2019-09-25 11:53:52,605 [Thread-1329] INFO  db.DBStoreBuilder (DBStoreBuilder.java:processTables(161)) - Using default column profile:DBProfile.DISK for Table:validCerts
2019-09-25 11:53:52,605 [Thread-1329] INFO  db.DBStoreBuilder (DBStoreBuilder.java:addTable(110)) - using custom profile for table: revokedCerts
2019-09-25 11:53:52,606 [Thread-1329] INFO  db.DBStoreBuilder (DBStoreBuilder.java:processTables(161)) - Using default column profile:DBProfile.DISK for Table:revokedCerts
2019-09-25 11:53:52,606 [Thread-1329] INFO  db.DBStoreBuilder (DBStoreBuilder.java:addTable(110)) - using custom profile for table: default
2019-09-25 11:53:52,606 [Thread-1329] INFO  db.DBStoreBuilder (DBStoreBuilder.java:processTables(167)) - Using default column profile:DBProfile.DISK for Table:default
2019-09-25 11:53:52,607 [Thread-1329] INFO  db.DBStoreBuilder (DBStoreBuilder.java:getDbProfile(198)) - Using default options. DBProfile.DISK
2019-09-25 11:53:53,081 [Thread-1329] INFO  net.NodeSchemaLoader (NodeSchemaLoader.java:loadSchemaFromFile(125)) - Loading file from sun.misc.CompoundEnumeration@2402b469
2019-09-25 11:53:53,082 [Thread-1329] INFO  net.NodeSchemaLoader (NodeSchemaLoader.java:loadSchema(171)) - Loading network topology layer schema file
2019-09-25 11:53:53,086 [Thread-1329] WARN  server.ServerUtils (ServerUtils.java:sanitizeUserArgs(70)) - ozone.scm.stale.node.interval value = 300000 is larger than max = 100000 based on the key value of ozone.scm.heartbeat.thread.interval, reset to the max value 100000.
2019-09-25 11:53:53,086 [Thread-1329] WARN  server.ServerUtils (ServerUtils.java:sanitizeUserArgs(70)) - ozone.scm.stale.node.interval value = 300000 is larger than max = 100000 based on the key value of ozone.scm.heartbeat.thread.interval, reset to the max value 100000.
2019-09-25 11:53:53,087 [Thread-1329] INFO  node.SCMNodeManager (SCMNodeManager.java:<init>(114)) - Entering startup safe mode.
2019-09-25 11:53:53,088 [Thread-1329] INFO  algorithms.ContainerPlacementPolicyFactory (ContainerPlacementPolicyFactory.java:getPolicy(59)) - Create container placement policy of type org.apache.hadoop.hdds.scm.container.placement.algorithms.SCMContainerPlacementRandom
2019-09-25 11:53:53,089 [Thread-1329] WARN  server.ServerUtils (ServerUtils.java:getScmDbDir(145)) - ozone.scm.db.dirs is not configured. We recommend adding this setting. Falling back to ozone.metadata.dirs instead.
2019-09-25 11:53:53,344 [Thread-1329] INFO  pipeline.SCMPipelineManager (SCMPipelineManager.java:initializePipelineState(132)) - No pipeline exists in current db
2019-09-25 11:53:53,344 [Thread-1329] WARN  server.ServerUtils (ServerUtils.java:getScmDbDir(145)) - ozone.scm.db.dirs is not configured. We recommend adding this setting. Falling back to ozone.metadata.dirs instead.
2019-09-25 11:53:53,498 [Thread-1329] WARN  events.EventQueue (EventQueue.java:fireEvent(183)) - No event handler registered for event TypedEvent{payloadType=SafeModeStatus, name='SafeModeStatus'}
2019-09-25 11:53:53,499 [Thread-1329] INFO  ipc.CallQueueManager (CallQueueManager.java:<init>(84)) - Using callQueue: class java.util.concurrent.LinkedBlockingQueue, queueCapacity: 2000, scheduler: class org.apache.hadoop.ipc.DefaultRpcScheduler, ipcBackoff: false.
2019-09-25 11:53:53,501 [Socket Reader #1 for port 38318] INFO  ipc.Server (Server.java:run(1074)) - Starting Socket Reader #1 for port 38318
2019-09-25 11:53:53,504 [Thread-1329] INFO  ipc.CallQueueManager (CallQueueManager.java:<init>(84)) - Using callQueue: class java.util.concurrent.LinkedBlockingQueue, queueCapacity: 2000, scheduler: class org.apache.hadoop.ipc.DefaultRpcScheduler, ipcBackoff: false.
2019-09-25 11:53:53,505 [Socket Reader #1 for port 39920] INFO  ipc.Server (Server.java:run(1074)) - Starting Socket Reader #1 for port 39920
2019-09-25 11:53:53,507 [Thread-1329] INFO  ipc.CallQueueManager (CallQueueManager.java:<init>(84)) - Using callQueue: class java.util.concurrent.LinkedBlockingQueue, queueCapacity: 2000, scheduler: class org.apache.hadoop.ipc.DefaultRpcScheduler, ipcBackoff: false.
2019-09-25 11:53:53,508 [Socket Reader #1 for port 34459] INFO  ipc.Server (Server.java:run(1074)) - Starting Socket Reader #1 for port 34459
2019-09-25 11:53:53,513 [Thread-1329] INFO  hdfs.DFSUtil (DFSUtil.java:httpServerTemplateForNNAndJN(1641)) - Starting Web-server for scm at: http://0.0.0.0:0
2019-09-25 11:53:53,516 [Thread-1329] INFO  server.AuthenticationFilter (AuthenticationFilter.java:constructSecretProvider(240)) - Unable to initialize FileSignerSecretProvider, falling back to use random secrets.
2019-09-25 11:53:53,517 [Thread-1329] WARN  http.HttpRequestLog (HttpRequestLog.java:getRequestLog(97)) - Jetty request log can only be enabled using Log4j
2019-09-25 11:53:53,519 [Thread-1329] INFO  http.HttpServer2 (HttpServer2.java:addGlobalFilter(975)) - Added global filter 'safety' (class=org.apache.hadoop.http.HttpServer2$QuotingInputFilter)
2019-09-25 11:53:53,520 [Thread-1329] INFO  http.HttpServer2 (HttpServer2.java:addFilter(948)) - Added filter static_user_filter (class=org.apache.hadoop.http.lib.StaticUserWebFilter$StaticUserFilter) to context scm
2019-09-25 11:53:53,520 [Thread-1329] INFO  http.HttpServer2 (HttpServer2.java:addFilter(958)) - Added filter static_user_filter (class=org.apache.hadoop.http.lib.StaticUserWebFilter$StaticUserFilter) to context static
2019-09-25 11:53:53,520 [Thread-1329] INFO  http.HttpServer2 (HttpServer2.java:addFilter(958)) - Added filter static_user_filter (class=org.apache.hadoop.http.lib.StaticUserWebFilter$StaticUserFilter) to context logs
2019-09-25 11:53:53,522 [Thread-1329] INFO  server.StorageContainerManager (StorageContainerManager.java:start(770)) - StorageContainerLocationProtocol RPC server is listening at /0.0.0.0:34459
2019-09-25 11:53:53,525 [Thread-1329] WARN  impl.MetricsConfig (MetricsConfig.java:loadFirst(134)) - Cannot locate configuration: tried hadoop-metrics2-storagecontainermanager.properties,hadoop-metrics2.properties
2019-09-25 11:53:53,525 [Thread-1329] INFO  impl.MetricsSystemImpl (MetricsSystemImpl.java:startTimer(374)) - Scheduled Metric snapshot period at 10 second(s).
2019-09-25 11:53:53,526 [Thread-1329] INFO  impl.MetricsSystemImpl (MetricsSystemImpl.java:start(191)) - StorageContainerManager metrics system started
2019-09-25 11:53:53,554 [Thread-1329] WARN  impl.MetricsSystemImpl (MetricsSystemImpl.java:register(276)) - Sink prometheus already exists!
2019-09-25 11:53:53,629 [Thread-1329] INFO  server.SCMClientProtocolServer (SCMClientProtocolServer.java:start(151)) - RPC server for Client  is listening at /0.0.0.0:34459
2019-09-25 11:53:53,629 [IPC Server Responder] INFO  ipc.Server (Server.java:run(1314)) - IPC Server Responder: starting
2019-09-25 11:53:53,629 [IPC Server listener on 34459] INFO  ipc.Server (Server.java:run(1153)) - IPC Server listener on 34459: starting
2019-09-25 11:53:53,633 [Thread-1329] INFO  server.StorageContainerManager (StorageContainerManager.java:start(780)) - ScmBlockLocationProtocol RPC server is listening at /0.0.0.0:39920
2019-09-25 11:53:53,634 [Thread-1329] INFO  server.SCMBlockProtocolServer (SCMBlockProtocolServer.java:start(146)) - RPC server for Block Protocol is listening at /0.0.0.0:39920
2019-09-25 11:53:53,634 [IPC Server Responder] INFO  ipc.Server (Server.java:run(1314)) - IPC Server Responder: starting
2019-09-25 11:53:53,634 [IPC Server listener on 39920] INFO  ipc.Server (Server.java:run(1153)) - IPC Server listener on 39920: starting
2019-09-25 11:53:53,638 [Thread-1329] INFO  server.StorageContainerManager (StorageContainerManager.java:start(784)) - ScmDatanodeProtocl RPC server is listening at /0.0.0.0:38318
2019-09-25 11:53:53,638 [Thread-1329] INFO  server.SCMDatanodeProtocolServer (SCMDatanodeProtocolServer.java:start(191)) - RPC server for DataNodes is listening at /0.0.0.0:38318
2019-09-25 11:53:53,638 [IPC Server Responder] INFO  ipc.Server (Server.java:run(1314)) - IPC Server Responder: starting
2019-09-25 11:53:53,638 [IPC Server listener on 38318] INFO  ipc.Server (Server.java:run(1153)) - IPC Server listener on 38318: starting
2019-09-25 11:53:53,647 [Thread-1329] INFO  http.HttpServer2 (HttpServer2.java:bindListener(1191)) - Jetty bound to port 37191
2019-09-25 11:53:53,647 [Thread-1329] INFO  server.Server (Server.java:doStart(351)) - jetty-9.3.25.v20180904, build timestamp: 2018-09-04T21:11:46Z, git hash: 3ce520221d0240229c862b122d2b06c12a625732
2019-09-25 11:53:53,649 [Thread-1329] INFO  handler.ContextHandler (ContextHandler.java:doStart(781)) - Started o.e.j.s.ServletContextHandler@e13129c{/logs,file:///workdir/hadoop-ozone/ozonefs/target/log,AVAILABLE}
2019-09-25 11:53:53,649 [Thread-1329] INFO  handler.ContextHandler (ContextHandler.java:doStart(781)) - Started o.e.j.s.ServletContextHandler@40c7990c{/static,jar:file:/home/user/.m2/repository/org/apache/hadoop/hadoop-hdds-server-scm/0.5.0-SNAPSHOT/hadoop-hdds-server-scm-0.5.0-SNAPSHOT.jar!/webapps/static,AVAILABLE}
2019-09-25 11:53:53,702 [Thread-1329] INFO  handler.ContextHandler (ContextHandler.java:doStart(781)) - Started o.e.j.w.WebAppContext@6aa47f1d{/,file:///tmp/jetty-0.0.0.0-37191-scm-_-any-3435445324763591058.dir/webapp/,AVAILABLE}{/scm}
2019-09-25 11:53:53,702 [Thread-1329] INFO  server.AbstractConnector (AbstractConnector.java:doStart(278)) - Started ServerConnector@64ac30c0{HTTP/1.1,[http/1.1]}{0.0.0.0:37191}
2019-09-25 11:53:53,704 [Thread-1329] INFO  server.Server (Server.java:doStart(419)) - Started @91065ms
2019-09-25 11:53:53,704 [Thread-1329] WARN  impl.MetricsSystemImpl (MetricsSystemImpl.java:register(276)) - Sink prometheus already exists!
2019-09-25 11:53:53,705 [Thread-1329] INFO  server.BaseHttpServer (BaseHttpServer.java:updateConnectorAddress(215)) - HTTP server of SCM is listening at http://0.0.0.0:37191
2019-09-25 11:53:53,705 [Thread-1329] WARN  server.ServerUtils (ServerUtils.java:getDBPath(222)) - ozone.om.db.dirs is not configured. We recommend adding this setting. Falling back to ozone.metadata.dirs instead.
2019-09-25 11:53:53,705 [org.apache.hadoop.util.JvmPauseMonitor$Monitor@17923ec8] INFO  util.JvmPauseMonitor (JvmPauseMonitor.java:run(188)) - Starting JVM pause monitor
2019-09-25 11:53:53,854 [Thread-1329] WARN  server.ServerUtils (ServerUtils.java:getDBPath(222)) - ozone.om.db.dirs is not configured. We recommend adding this setting. Falling back to ozone.metadata.dirs instead.
2019-09-25 11:53:53,855 [Thread-1329] WARN  server.ServerUtils (ServerUtils.java:getDBPath(222)) - ozone.om.db.dirs is not configured. We recommend adding this setting. Falling back to ozone.metadata.dirs instead.
2019-09-25 11:53:53,855 [Thread-1329] INFO  om.OzoneManager (OzoneManager.java:setOMNodeDetails(652)) - OM Service ID is not set. Setting it to the default ID: omServiceIdDefault
2019-09-25 11:53:53,855 [Thread-1329] INFO  om.OzoneManager (OzoneManager.java:setOMNodeDetails(658)) - OM Node ID is not set. Setting it to the OmStorage's OmID: e749a440-7fcf-4273-8ec9-2c89dfcf7efe
2019-09-25 11:53:53,856 [Thread-1329] INFO  om.OzoneManager (OzoneManager.java:loadOMHAConfigs(609)) - Found matching OM address with OMServiceId: null, OMNodeId: null, RPC Address: localhost:0 and Ratis port: 9872
2019-09-25 11:53:53,874 [Thread-1329] WARN  server.ServerUtils (ServerUtils.java:getDBPath(222)) - ozone.om.db.dirs is not configured. We recommend adding this setting. Falling back to ozone.metadata.dirs instead.
2019-09-25 11:53:53,874 [Thread-1329] INFO  db.DBStoreBuilder (DBStoreBuilder.java:addTable(110)) - using custom profile for table: userTable
2019-09-25 11:53:53,875 [Thread-1329] INFO  db.DBStoreBuilder (DBStoreBuilder.java:processTables(161)) - Using default column profile:DBProfile.DISK for Table:userTable
2019-09-25 11:53:53,875 [Thread-1329] INFO  db.DBStoreBuilder (DBStoreBuilder.java:addTable(110)) - using custom profile for table: volumeTable
2019-09-25 11:53:53,875 [Thread-1329] INFO  db.DBStoreBuilder (DBStoreBuilder.java:processTables(161)) - Using default column profile:DBProfile.DISK for Table:volumeTable
2019-09-25 11:53:53,875 [Thread-1329] INFO  db.DBStoreBuilder (DBStoreBuilder.java:addTable(110)) - using custom profile for table: bucketTable
2019-09-25 11:53:53,875 [Thread-1329] INFO  db.DBStoreBuilder (DBStoreBuilder.java:processTables(161)) - Using default column profile:DBProfile.DISK for Table:bucketTable
2019-09-25 11:53:53,876 [Thread-1329] INFO  db.DBStoreBuilder (DBStoreBuilder.java:addTable(110)) - using custom profile for table: keyTable
2019-09-25 11:53:53,876 [Thread-1329] INFO  db.DBStoreBuilder (DBStoreBuilder.java:processTables(161)) - Using default column profile:DBProfile.DISK for Table:keyTable
2019-09-25 11:53:53,876 [Thread-1329] INFO  db.DBStoreBuilder (DBStoreBuilder.java:addTable(110)) - using custom profile for table: deletedTable
2019-09-25 11:53:53,876 [Thread-1329] INFO  db.DBStoreBuilder (DBStoreBuilder.java:processTables(161)) - Using default column profile:DBProfile.DISK for Table:deletedTable
2019-09-25 11:53:53,876 [Thread-1329] INFO  db.DBStoreBuilder (DBStoreBuilder.java:addTable(110)) - using custom profile for table: openKeyTable
2019-09-25 11:53:53,877 [Thread-1329] INFO  db.DBStoreBuilder (DBStoreBuilder.java:processTables(161)) - Using default column profile:DBProfile.DISK for Table:openKeyTable
2019-09-25 11:53:53,877 [Thread-1329] INFO  db.DBStoreBuilder (DBStoreBuilder.java:addTable(110)) - using custom profile for table: s3Table
2019-09-25 11:53:53,877 [Thread-1329] INFO  db.DBStoreBuilder (DBStoreBuilder.java:processTables(161)) - Using default column profile:DBProfile.DISK for Table:s3Table
2019-09-25 11:53:53,877 [Thread-1329] INFO  db.DBStoreBuilder (DBStoreBuilder.java:addTable(110)) - using custom profile for table: multipartInfoTable
2019-09-25 11:53:53,877 [Thread-1329] INFO  db.DBStoreBuilder (DBStoreBuilder.java:processTables(161)) - Using default column profile:DBProfile.DISK for Table:multipartInfoTable
2019-09-25 11:53:53,878 [Thread-1329] INFO  db.DBStoreBuilder (DBStoreBuilder.java:addTable(110)) - using custom profile for table: dTokenTable
2019-09-25 11:53:53,878 [Thread-1329] INFO  db.DBStoreBuilder (DBStoreBuilder.java:processTables(161)) - Using default column profile:DBProfile.DISK for Table:dTokenTable
2019-09-25 11:53:53,878 [Thread-1329] INFO  db.DBStoreBuilder (DBStoreBuilder.java:addTable(110)) - using custom profile for table: s3SecretTable
2019-09-25 11:53:53,878 [Thread-1329] INFO  db.DBStoreBuilder (DBStoreBuilder.java:processTables(161)) - Using default column profile:DBProfile.DISK for Table:s3SecretTable
2019-09-25 11:53:53,878 [Thread-1329] INFO  db.DBStoreBuilder (DBStoreBuilder.java:addTable(110)) - using custom profile for table: prefixTable
2019-09-25 11:53:53,878 [Thread-1329] INFO  db.DBStoreBuilder (DBStoreBuilder.java:processTables(161)) - Using default column profile:DBProfile.DISK for Table:prefixTable
2019-09-25 11:53:53,879 [Thread-1329] INFO  db.DBStoreBuilder (DBStoreBuilder.java:addTable(110)) - using custom profile for table: default
2019-09-25 11:53:53,879 [Thread-1329] INFO  db.DBStoreBuilder (DBStoreBuilder.java:processTables(167)) - Using default column profile:DBProfile.DISK for Table:default
2019-09-25 11:53:53,879 [Thread-1329] INFO  db.DBStoreBuilder (DBStoreBuilder.java:getDbProfile(198)) - Using default options. DBProfile.DISK
2019-09-25 11:53:54,907 [Thread-1329] INFO  ipc.CallQueueManager (CallQueueManager.java:<init>(84)) - Using callQueue: class java.util.concurrent.LinkedBlockingQueue, queueCapacity: 2000, scheduler: class org.apache.hadoop.ipc.DefaultRpcScheduler, ipcBackoff: false.
2019-09-25 11:53:54,908 [Socket Reader #1 for port 41214] INFO  ipc.Server (Server.java:run(1074)) - Starting Socket Reader #1 for port 41214
2019-09-25 11:53:54,935 [Thread-1329] INFO  om.OzoneManager (OzoneManager.java:start(1243)) - OzoneManager RPC server is listening at localhost/127.0.0.1:41214
2019-09-25 11:53:54,935 [Thread-1329] INFO  impl.MetricsSystemImpl (MetricsSystemImpl.java:init(158)) - OzoneManager metrics system started (again)
2019-09-25 11:53:54,936 [IPC Server Responder] INFO  ipc.Server (Server.java:run(1314)) - IPC Server Responder: starting
2019-09-25 11:53:54,938 [IPC Server listener on 41214] INFO  ipc.Server (Server.java:run(1153)) - IPC Server listener on 41214: starting
2019-09-25 11:53:54,944 [Thread-1329] INFO  hdfs.DFSUtil (DFSUtil.java:httpServerTemplateForNNAndJN(1641)) - Starting Web-server for ozoneManager at: http://0.0.0.0:0
2019-09-25 11:53:54,947 [Thread-1329] INFO  server.AuthenticationFilter (AuthenticationFilter.java:constructSecretProvider(240)) - Unable to initialize FileSignerSecretProvider, falling back to use random secrets.
2019-09-25 11:53:54,947 [Thread-1329] WARN  http.HttpRequestLog (HttpRequestLog.java:getRequestLog(97)) - Jetty request log can only be enabled using Log4j
2019-09-25 11:53:54,950 [Thread-1329] INFO  http.HttpServer2 (HttpServer2.java:addGlobalFilter(975)) - Added global filter 'safety' (class=org.apache.hadoop.http.HttpServer2$QuotingInputFilter)
2019-09-25 11:53:54,951 [Thread-1329] INFO  http.HttpServer2 (HttpServer2.java:addFilter(948)) - Added filter static_user_filter (class=org.apache.hadoop.http.lib.StaticUserWebFilter$StaticUserFilter) to context ozoneManager
2019-09-25 11:53:54,951 [Thread-1329] INFO  http.HttpServer2 (HttpServer2.java:addFilter(958)) - Added filter static_user_filter (class=org.apache.hadoop.http.lib.StaticUserWebFilter$StaticUserFilter) to context static
2019-09-25 11:53:54,951 [Thread-1329] INFO  http.HttpServer2 (HttpServer2.java:addFilter(958)) - Added filter static_user_filter (class=org.apache.hadoop.http.lib.StaticUserWebFilter$StaticUserFilter) to context logs
2019-09-25 11:53:54,952 [Thread-1329] INFO  http.HttpServer2 (HttpServer2.java:bindListener(1191)) - Jetty bound to port 36781
2019-09-25 11:53:54,953 [Thread-1329] INFO  server.Server (Server.java:doStart(351)) - jetty-9.3.25.v20180904, build timestamp: 2018-09-04T21:11:46Z, git hash: 3ce520221d0240229c862b122d2b06c12a625732
2019-09-25 11:53:54,955 [Thread-1329] INFO  handler.ContextHandler (ContextHandler.java:doStart(781)) - Started o.e.j.s.ServletContextHandler@53955e83{/logs,file:///workdir/hadoop-ozone/ozonefs/target/log,AVAILABLE}
2019-09-25 11:53:54,956 [Thread-1329] INFO  handler.ContextHandler (ContextHandler.java:doStart(781)) - Started o.e.j.s.ServletContextHandler@62e8720c{/static,jar:file:/home/user/.m2/repository/org/apache/hadoop/hadoop-ozone-ozone-manager/0.5.0-SNAPSHOT/hadoop-ozone-ozone-manager-0.5.0-SNAPSHOT.jar!/webapps/static,AVAILABLE}
2019-09-25 11:53:55,021 [Thread-1329] INFO  handler.ContextHandler (ContextHandler.java:doStart(781)) - Started o.e.j.w.WebAppContext@6f37c1f5{/,file:///tmp/jetty-0.0.0.0-36781-ozoneManager-_-any-1984463600382821553.dir/webapp/,AVAILABLE}{/ozoneManager}
2019-09-25 11:53:55,021 [Thread-1329] INFO  server.AbstractConnector (AbstractConnector.java:doStart(278)) - Started ServerConnector@50d05428{HTTP/1.1,[http/1.1]}{0.0.0.0:36781}
2019-09-25 11:53:55,023 [Thread-1329] INFO  server.Server (Server.java:doStart(419)) - Started @92384ms
2019-09-25 11:53:55,023 [Thread-1329] WARN  impl.MetricsSystemImpl (MetricsSystemImpl.java:register(276)) - Sink prometheus already exists!
2019-09-25 11:53:55,023 [Thread-1329] INFO  server.BaseHttpServer (BaseHttpServer.java:updateConnectorAddress(215)) - HTTP server of OZONEMANAGER is listening at http://0.0.0.0:36781
2019-09-25 11:53:55,033 [Thread-1329] INFO  impl.MetricsSystemImpl (MetricsSystemImpl.java:init(158)) - HddsDatanode metrics system started (again)
2019-09-25 11:53:55,038 [Thread-1329] INFO  ozone.HddsDatanodeService (HddsDatanodeService.java:start(184)) - HddsDatanodeService host:pr-hdds-1569-5gmkr-4255264070 ip:192.168.30.6
2019-09-25 11:53:55,045 [Thread-1329] INFO  volume.HddsVolume (HddsVolume.java:<init>(176)) - Creating Volume: /workdir/hadoop-ozone/ozonefs/target/test-dir/MiniOzoneClusterImpl-4e8ed6f3-3514-43a4-bf24-c8399dbc0a4f/datanode-0/data/containers/hdds of  storage type : DISK and capacity : 1482555576320
2019-09-25 11:53:55,046 [Thread-1329] INFO  volume.VolumeSet (VolumeSet.java:initializeVolumeSet(170)) - Added Volume : /workdir/hadoop-ozone/ozonefs/target/test-dir/MiniOzoneClusterImpl-4e8ed6f3-3514-43a4-bf24-c8399dbc0a4f/datanode-0/data/containers/hdds to VolumeSet
2019-09-25 11:53:55,046 [Thread-1329] INFO  volume.ThrottledAsyncChecker (ThrottledAsyncChecker.java:schedule(139)) - Scheduling a check for org.apache.hadoop.ozone.container.common.volume.HddsVolume@11b35b36
2019-09-25 11:53:55,046 [Thread-1329] INFO  volume.HddsVolumeChecker (HddsVolumeChecker.java:checkAllVolumes(202)) - Scheduled health check for volume org.apache.hadoop.ozone.container.common.volume.HddsVolume@11b35b36
2019-09-25 11:53:55,073 [Thread-1329] INFO  impl.RaftServerProxy (ConfUtils.java:logGet(43)) - raft.rpc.type = GRPC (default)
2019-09-25 11:53:55,073 [Thread-1329] INFO  grpc.GrpcFactory (GrpcFactory.java:checkPooledByteBufAllocatorUseCacheForAllThreads(45)) - PERFORMANCE WARNING: useCacheForAllThreads is true that may cause Netty to create a lot garbage objects and, as a result, trigger GC.
	It is recommended to disable useCacheForAllThreads by setting -Dorg.apache.ratis.thirdparty.io.netty.allocator.useCacheForAllThreads=false in command line.
2019-09-25 11:53:55,074 [Thread-1329] INFO  grpc.GrpcConfigKeys$Server (ConfUtils.java:logGet(43)) - raft.grpc.server.port = 0 (default)
2019-09-25 11:53:55,074 [Thread-1329] INFO  server.GrpcService (ConfUtils.java:logGet(43)) - raft.grpc.message.size.max = 33570816 (custom)
2019-09-25 11:53:55,074 [Thread-1329] INFO  server.RaftServerConfigKeys (ConfUtils.java:logGet(43)) - raft.server.log.appender.buffer.byte-limit = 33554432 (custom)
2019-09-25 11:53:55,074 [Thread-1329] INFO  server.GrpcService (ConfUtils.java:logGet(43)) - raft.grpc.flow.control.window = 1MB (=1048576) (default)
2019-09-25 11:53:55,074 [Thread-1329] INFO  server.RaftServerConfigKeys (ConfUtils.java:logGet(43)) - raft.server.rpc.request.timeout = 3000ms (default)
2019-09-25 11:53:55,075 [Thread-1329] INFO  server.RaftServerConfigKeys (ConfUtils.java:logGet(43)) - raft.server.storage.dir = [/workdir/hadoop-ozone/ozonefs/target/test-dir/MiniOzoneClusterImpl-4e8ed6f3-3514-43a4-bf24-c8399dbc0a4f/datanode-0/data/ratis] (custom)
2019-09-25 11:53:55,077 [Thread-1329] INFO  hdfs.DFSUtil (DFSUtil.java:httpServerTemplateForNNAndJN(1641)) - Starting Web-server for hddsDatanode at: http://0.0.0.0:0
2019-09-25 11:53:55,079 [Thread-1329] INFO  server.AuthenticationFilter (AuthenticationFilter.java:constructSecretProvider(240)) - Unable to initialize FileSignerSecretProvider, falling back to use random secrets.
2019-09-25 11:53:55,080 [Thread-1329] WARN  http.HttpRequestLog (HttpRequestLog.java:getRequestLog(97)) - Jetty request log can only be enabled using Log4j
2019-09-25 11:53:55,081 [Thread-1329] INFO  http.HttpServer2 (HttpServer2.java:addGlobalFilter(975)) - Added global filter 'safety' (class=org.apache.hadoop.http.HttpServer2$QuotingInputFilter)
2019-09-25 11:53:55,082 [Thread-1329] INFO  http.HttpServer2 (HttpServer2.java:addFilter(948)) - Added filter static_user_filter (class=org.apache.hadoop.http.lib.StaticUserWebFilter$StaticUserFilter) to context hddsDatanode
2019-09-25 11:53:55,082 [Thread-1329] INFO  http.HttpServer2 (HttpServer2.java:addFilter(958)) - Added filter static_user_filter (class=org.apache.hadoop.http.lib.StaticUserWebFilter$StaticUserFilter) to context static
2019-09-25 11:53:55,082 [Thread-1329] INFO  http.HttpServer2 (HttpServer2.java:addFilter(958)) - Added filter static_user_filter (class=org.apache.hadoop.http.lib.StaticUserWebFilter$StaticUserFilter) to context logs
2019-09-25 11:53:55,083 [Thread-1329] INFO  http.HttpServer2 (HttpServer2.java:bindListener(1191)) - Jetty bound to port 40275
2019-09-25 11:53:55,083 [Thread-1329] INFO  server.Server (Server.java:doStart(351)) - jetty-9.3.25.v20180904, build timestamp: 2018-09-04T21:11:46Z, git hash: 3ce520221d0240229c862b122d2b06c12a625732
2019-09-25 11:53:55,086 [Thread-1329] INFO  handler.ContextHandler (ContextHandler.java:doStart(781)) - Started o.e.j.s.ServletContextHandler@5b60663a{/logs,file:///workdir/hadoop-ozone/ozonefs/target/log,AVAILABLE}
2019-09-25 11:53:55,087 [Thread-1329] INFO  handler.ContextHandler (ContextHandler.java:doStart(781)) - Started o.e.j.s.ServletContextHandler@69b33d37{/static,jar:file:/home/user/.m2/repository/org/apache/hadoop/hadoop-hdds-container-service/0.5.0-SNAPSHOT/hadoop-hdds-container-service-0.5.0-SNAPSHOT.jar!/webapps/static,AVAILABLE}
2019-09-25 11:53:55,132 [Thread-1329] INFO  handler.ContextHandler (ContextHandler.java:doStart(781)) - Started o.e.j.w.WebAppContext@2c494a71{/,file:///tmp/jetty-0.0.0.0-40275-hddsDatanode-_-any-5764684816342924879.dir/webapp/,AVAILABLE}{/hddsDatanode}
2019-09-25 11:53:55,133 [Thread-1329] INFO  server.AbstractConnector (AbstractConnector.java:doStart(278)) - Started ServerConnector@55047a52{HTTP/1.1,[http/1.1]}{0.0.0.0:40275}
2019-09-25 11:53:55,135 [Thread-1329] INFO  server.Server (Server.java:doStart(419)) - Started @92496ms
2019-09-25 11:53:55,135 [Thread-1329] WARN  impl.MetricsSystemImpl (MetricsSystemImpl.java:register(276)) - Sink prometheus already exists!
2019-09-25 11:53:55,136 [Thread-1329] INFO  server.BaseHttpServer (BaseHttpServer.java:updateConnectorAddress(215)) - HTTP server of HDDSDATANODE is listening at http://0.0.0.0:40275
2019-09-25 11:53:55,136 [Thread-1329] INFO  impl.MetricsSystemImpl (MetricsSystemImpl.java:init(158)) - HddsDatanode metrics system started (again)
2019-09-25 11:53:55,140 [org.apache.hadoop.util.JvmPauseMonitor$Monitor@1e70a828] INFO  util.JvmPauseMonitor (JvmPauseMonitor.java:run(188)) - Starting JVM pause monitor
2019-09-25 11:53:55,141 [Thread-1329] INFO  ozone.HddsDatanodeService (HddsDatanodeService.java:start(184)) - HddsDatanodeService host:pr-hdds-1569-5gmkr-4255264070 ip:192.168.30.6
2019-09-25 11:53:55,147 [Thread-1329] INFO  volume.HddsVolume (HddsVolume.java:<init>(176)) - Creating Volume: /workdir/hadoop-ozone/ozonefs/target/test-dir/MiniOzoneClusterImpl-4e8ed6f3-3514-43a4-bf24-c8399dbc0a4f/datanode-1/data/containers/hdds of  storage type : DISK and capacity : 1482555576320
2019-09-25 11:53:55,147 [Thread-1329] INFO  volume.VolumeSet (VolumeSet.java:initializeVolumeSet(170)) - Added Volume : /workdir/hadoop-ozone/ozonefs/target/test-dir/MiniOzoneClusterImpl-4e8ed6f3-3514-43a4-bf24-c8399dbc0a4f/datanode-1/data/containers/hdds to VolumeSet
2019-09-25 11:53:55,148 [Thread-1329] INFO  volume.ThrottledAsyncChecker (ThrottledAsyncChecker.java:schedule(139)) - Scheduling a check for org.apache.hadoop.ozone.container.common.volume.HddsVolume@7e502fef
2019-09-25 11:53:55,148 [Datanode State Machine Thread - 0] INFO  datanode.InitDatanodeState (InitDatanodeState.java:persistContainerDatanodeDetails(140)) - DatanodeDetails is persisted to /workdir/hadoop-ozone/ozonefs/target/test-dir/MiniOzoneClusterImpl-4e8ed6f3-3514-43a4-bf24-c8399dbc0a4f/datanode-0/meta/datanode.id
2019-09-25 11:53:55,148 [Thread-1329] INFO  volume.HddsVolumeChecker (HddsVolumeChecker.java:checkAllVolumes(202)) - Scheduled health check for volume org.apache.hadoop.ozone.container.common.volume.HddsVolume@7e502fef
2019-09-25 11:53:55,168 [Thread-1329] INFO  impl.RaftServerProxy (ConfUtils.java:logGet(43)) - raft.rpc.type = GRPC (default)
2019-09-25 11:53:55,168 [Thread-1329] INFO  grpc.GrpcFactory (GrpcFactory.java:checkPooledByteBufAllocatorUseCacheForAllThreads(45)) - PERFORMANCE WARNING: useCacheForAllThreads is true that may cause Netty to create a lot garbage objects and, as a result, trigger GC.
	It is recommended to disable useCacheForAllThreads by setting -Dorg.apache.ratis.thirdparty.io.netty.allocator.useCacheForAllThreads=false in command line.
2019-09-25 11:53:55,169 [Thread-1329] INFO  grpc.GrpcConfigKeys$Server (ConfUtils.java:logGet(43)) - raft.grpc.server.port = 0 (default)
2019-09-25 11:53:55,169 [Thread-1329] INFO  server.GrpcService (ConfUtils.java:logGet(43)) - raft.grpc.message.size.max = 33570816 (custom)
2019-09-25 11:53:55,169 [Thread-1329] INFO  server.RaftServerConfigKeys (ConfUtils.java:logGet(43)) - raft.server.log.appender.buffer.byte-limit = 33554432 (custom)
2019-09-25 11:53:55,169 [Thread-1329] INFO  server.GrpcService (ConfUtils.java:logGet(43)) - raft.grpc.flow.control.window = 1MB (=1048576) (default)
2019-09-25 11:53:55,169 [Thread-1329] INFO  server.RaftServerConfigKeys (ConfUtils.java:logGet(43)) - raft.server.rpc.request.timeout = 3000ms (default)
2019-09-25 11:53:55,170 [Thread-1329] INFO  server.RaftServerConfigKeys (ConfUtils.java:logGet(43)) - raft.server.storage.dir = [/workdir/hadoop-ozone/ozonefs/target/test-dir/MiniOzoneClusterImpl-4e8ed6f3-3514-43a4-bf24-c8399dbc0a4f/datanode-1/data/ratis] (custom)
2019-09-25 11:53:55,171 [Thread-1329] INFO  hdfs.DFSUtil (DFSUtil.java:httpServerTemplateForNNAndJN(1641)) - Starting Web-server for hddsDatanode at: http://0.0.0.0:0
2019-09-25 11:53:55,173 [Thread-1329] INFO  server.AuthenticationFilter (AuthenticationFilter.java:constructSecretProvider(240)) - Unable to initialize FileSignerSecretProvider, falling back to use random secrets.
2019-09-25 11:53:55,173 [Thread-1329] WARN  http.HttpRequestLog (HttpRequestLog.java:getRequestLog(97)) - Jetty request log can only be enabled using Log4j
2019-09-25 11:53:55,175 [Thread-1329] INFO  http.HttpServer2 (HttpServer2.java:addGlobalFilter(975)) - Added global filter 'safety' (class=org.apache.hadoop.http.HttpServer2$QuotingInputFilter)
2019-09-25 11:53:55,176 [Thread-1329] INFO  http.HttpServer2 (HttpServer2.java:addFilter(948)) - Added filter static_user_filter (class=org.apache.hadoop.http.lib.StaticUserWebFilter$StaticUserFilter) to context hddsDatanode
2019-09-25 11:53:55,176 [Thread-1329] INFO  http.HttpServer2 (HttpServer2.java:addFilter(958)) - Added filter static_user_filter (class=org.apache.hadoop.http.lib.StaticUserWebFilter$StaticUserFilter) to context static
2019-09-25 11:53:55,176 [Thread-1329] INFO  http.HttpServer2 (HttpServer2.java:addFilter(958)) - Added filter static_user_filter (class=org.apache.hadoop.http.lib.StaticUserWebFilter$StaticUserFilter) to context logs
2019-09-25 11:53:55,177 [Thread-1329] INFO  http.HttpServer2 (HttpServer2.java:bindListener(1191)) - Jetty bound to port 40138
2019-09-25 11:53:55,177 [Thread-1329] INFO  server.Server (Server.java:doStart(351)) - jetty-9.3.25.v20180904, build timestamp: 2018-09-04T21:11:46Z, git hash: 3ce520221d0240229c862b122d2b06c12a625732
2019-09-25 11:53:55,179 [Thread-1329] INFO  handler.ContextHandler (ContextHandler.java:doStart(781)) - Started o.e.j.s.ServletContextHandler@7756b6ff{/logs,file:///workdir/hadoop-ozone/ozonefs/target/log,AVAILABLE}
2019-09-25 11:53:55,179 [Thread-1329] INFO  handler.ContextHandler (ContextHandler.java:doStart(781)) - Started o.e.j.s.ServletContextHandler@523c73da{/static,jar:file:/home/user/.m2/repository/org/apache/hadoop/hadoop-hdds-container-service/0.5.0-SNAPSHOT/hadoop-hdds-container-service-0.5.0-SNAPSHOT.jar!/webapps/static,AVAILABLE}
2019-09-25 11:53:55,206 [Thread-1329] INFO  handler.ContextHandler (ContextHandler.java:doStart(781)) - Started o.e.j.w.WebAppContext@1a823cb{/,file:///tmp/jetty-0.0.0.0-40138-hddsDatanode-_-any-1094374801757518333.dir/webapp/,AVAILABLE}{/hddsDatanode}
2019-09-25 11:53:55,207 [Thread-1329] INFO  server.AbstractConnector (AbstractConnector.java:doStart(278)) - Started ServerConnector@6dc794ce{HTTP/1.1,[http/1.1]}{0.0.0.0:40138}
2019-09-25 11:53:55,209 [Thread-1329] INFO  server.Server (Server.java:doStart(419)) - Started @92570ms
2019-09-25 11:53:55,209 [Thread-1329] WARN  impl.MetricsSystemImpl (MetricsSystemImpl.java:register(276)) - Sink prometheus already exists!
2019-09-25 11:53:55,210 [Thread-1329] INFO  server.BaseHttpServer (BaseHttpServer.java:updateConnectorAddress(215)) - HTTP server of HDDSDATANODE is listening at http://0.0.0.0:40138
2019-09-25 11:53:55,210 [Thread-1329] INFO  impl.MetricsSystemImpl (MetricsSystemImpl.java:init(158)) - HddsDatanode metrics system started (again)
2019-09-25 11:53:55,217 [org.apache.hadoop.util.JvmPauseMonitor$Monitor@45acae29] INFO  util.JvmPauseMonitor (JvmPauseMonitor.java:run(188)) - Starting JVM pause monitor
2019-09-25 11:53:55,218 [Thread-1329] INFO  ozone.HddsDatanodeService (HddsDatanodeService.java:start(184)) - HddsDatanodeService host:pr-hdds-1569-5gmkr-4255264070 ip:192.168.30.6
2019-09-25 11:53:55,218 [Datanode State Machine Thread - 0] INFO  datanode.InitDatanodeState (InitDatanodeState.java:persistContainerDatanodeDetails(140)) - DatanodeDetails is persisted to /workdir/hadoop-ozone/ozonefs/target/test-dir/MiniOzoneClusterImpl-4e8ed6f3-3514-43a4-bf24-c8399dbc0a4f/datanode-1/meta/datanode.id
2019-09-25 11:53:55,225 [Thread-1329] INFO  volume.HddsVolume (HddsVolume.java:<init>(176)) - Creating Volume: /workdir/hadoop-ozone/ozonefs/target/test-dir/MiniOzoneClusterImpl-4e8ed6f3-3514-43a4-bf24-c8399dbc0a4f/datanode-2/data/containers/hdds of  storage type : DISK and capacity : 1482555576320
2019-09-25 11:53:55,225 [Thread-1329] INFO  volume.VolumeSet (VolumeSet.java:initializeVolumeSet(170)) - Added Volume : /workdir/hadoop-ozone/ozonefs/target/test-dir/MiniOzoneClusterImpl-4e8ed6f3-3514-43a4-bf24-c8399dbc0a4f/datanode-2/data/containers/hdds to VolumeSet
2019-09-25 11:53:55,226 [Thread-1329] INFO  volume.ThrottledAsyncChecker (ThrottledAsyncChecker.java:schedule(139)) - Scheduling a check for org.apache.hadoop.ozone.container.common.volume.HddsVolume@34386d1d
2019-09-25 11:53:55,226 [Thread-1329] INFO  volume.HddsVolumeChecker (HddsVolumeChecker.java:checkAllVolumes(202)) - Scheduled health check for volume org.apache.hadoop.ozone.container.common.volume.HddsVolume@34386d1d
2019-09-25 11:53:55,254 [Thread-1329] INFO  impl.RaftServerProxy (ConfUtils.java:logGet(43)) - raft.rpc.type = GRPC (default)
2019-09-25 11:53:55,254 [Thread-1329] INFO  grpc.GrpcFactory (GrpcFactory.java:checkPooledByteBufAllocatorUseCacheForAllThreads(45)) - PERFORMANCE WARNING: useCacheForAllThreads is true that may cause Netty to create a lot garbage objects and, as a result, trigger GC.
	It is recommended to disable useCacheForAllThreads by setting -Dorg.apache.ratis.thirdparty.io.netty.allocator.useCacheForAllThreads=false in command line.
2019-09-25 11:53:55,255 [Thread-1329] INFO  grpc.GrpcConfigKeys$Server (ConfUtils.java:logGet(43)) - raft.grpc.server.port = 0 (default)
2019-09-25 11:53:55,255 [Thread-1329] INFO  server.GrpcService (ConfUtils.java:logGet(43)) - raft.grpc.message.size.max = 33570816 (custom)
2019-09-25 11:53:55,255 [Thread-1329] INFO  server.RaftServerConfigKeys (ConfUtils.java:logGet(43)) - raft.server.log.appender.buffer.byte-limit = 33554432 (custom)
2019-09-25 11:53:55,255 [Thread-1329] INFO  server.GrpcService (ConfUtils.java:logGet(43)) - raft.grpc.flow.control.window = 1MB (=1048576) (default)
2019-09-25 11:53:55,255 [Thread-1329] INFO  server.RaftServerConfigKeys (ConfUtils.java:logGet(43)) - raft.server.rpc.request.timeout = 3000ms (default)
2019-09-25 11:53:55,256 [Thread-1329] INFO  server.RaftServerConfigKeys (ConfUtils.java:logGet(43)) - raft.server.storage.dir = [/workdir/hadoop-ozone/ozonefs/target/test-dir/MiniOzoneClusterImpl-4e8ed6f3-3514-43a4-bf24-c8399dbc0a4f/datanode-2/data/ratis] (custom)
2019-09-25 11:53:55,258 [Thread-1329] INFO  hdfs.DFSUtil (DFSUtil.java:httpServerTemplateForNNAndJN(1641)) - Starting Web-server for hddsDatanode at: http://0.0.0.0:0
2019-09-25 11:53:55,260 [Thread-1329] INFO  server.AuthenticationFilter (AuthenticationFilter.java:constructSecretProvider(240)) - Unable to initialize FileSignerSecretProvider, falling back to use random secrets.
2019-09-25 11:53:55,260 [Thread-1329] WARN  http.HttpRequestLog (HttpRequestLog.java:getRequestLog(97)) - Jetty request log can only be enabled using Log4j
2019-09-25 11:53:55,262 [Thread-1329] INFO  http.HttpServer2 (HttpServer2.java:addGlobalFilter(975)) - Added global filter 'safety' (class=org.apache.hadoop.http.HttpServer2$QuotingInputFilter)
2019-09-25 11:53:55,263 [Thread-1329] INFO  http.HttpServer2 (HttpServer2.java:addFilter(948)) - Added filter static_user_filter (class=org.apache.hadoop.http.lib.StaticUserWebFilter$StaticUserFilter) to context hddsDatanode
2019-09-25 11:53:55,263 [Thread-1329] INFO  http.HttpServer2 (HttpServer2.java:addFilter(958)) - Added filter static_user_filter (class=org.apache.hadoop.http.lib.StaticUserWebFilter$StaticUserFilter) to context static
2019-09-25 11:53:55,263 [Thread-1329] INFO  http.HttpServer2 (HttpServer2.java:addFilter(958)) - Added filter static_user_filter (class=org.apache.hadoop.http.lib.StaticUserWebFilter$StaticUserFilter) to context logs
2019-09-25 11:53:55,264 [Thread-1329] INFO  http.HttpServer2 (HttpServer2.java:bindListener(1191)) - Jetty bound to port 43507
2019-09-25 11:53:55,264 [Thread-1329] INFO  server.Server (Server.java:doStart(351)) - jetty-9.3.25.v20180904, build timestamp: 2018-09-04T21:11:46Z, git hash: 3ce520221d0240229c862b122d2b06c12a625732
2019-09-25 11:53:55,266 [Thread-1329] INFO  handler.ContextHandler (ContextHandler.java:doStart(781)) - Started o.e.j.s.ServletContextHandler@1fbf9310{/logs,file:///workdir/hadoop-ozone/ozonefs/target/log,AVAILABLE}
2019-09-25 11:53:55,266 [Thread-1329] INFO  handler.ContextHandler (ContextHandler.java:doStart(781)) - Started o.e.j.s.ServletContextHandler@43fde717{/static,jar:file:/home/user/.m2/repository/org/apache/hadoop/hadoop-hdds-container-service/0.5.0-SNAPSHOT/hadoop-hdds-container-service-0.5.0-SNAPSHOT.jar!/webapps/static,AVAILABLE}
2019-09-25 11:53:55,300 [Thread-1329] INFO  handler.ContextHandler (ContextHandler.java:doStart(781)) - Started o.e.j.w.WebAppContext@39c952dc{/,file:///tmp/jetty-0.0.0.0-43507-hddsDatanode-_-any-6725852523621759382.dir/webapp/,AVAILABLE}{/hddsDatanode}
2019-09-25 11:53:55,301 [Thread-1329] INFO  server.AbstractConnector (AbstractConnector.java:doStart(278)) - Started ServerConnector@7b9530a6{HTTP/1.1,[http/1.1]}{0.0.0.0:43507}
2019-09-25 11:53:55,302 [Thread-1329] INFO  server.Server (Server.java:doStart(419)) - Started @92664ms
2019-09-25 11:53:55,302 [Thread-1329] WARN  impl.MetricsSystemImpl (MetricsSystemImpl.java:register(276)) - Sink prometheus already exists!
2019-09-25 11:53:55,303 [Thread-1329] INFO  server.BaseHttpServer (BaseHttpServer.java:updateConnectorAddress(215)) - HTTP server of HDDSDATANODE is listening at http://0.0.0.0:43507
2019-09-25 11:53:55,303 [Thread-1329] INFO  ozone.MiniOzoneClusterImpl (MiniOzoneClusterImpl.java:lambda$waitForClusterToBeReady$0(147)) - Waiting for cluster to be ready. Got 0 of 3 DN Heartbeats.
2019-09-25 11:53:55,304 [org.apache.hadoop.util.JvmPauseMonitor$Monitor@3e1ef920] INFO  util.JvmPauseMonitor (JvmPauseMonitor.java:run(188)) - Starting JVM pause monitor
2019-09-25 11:53:55,306 [Datanode State Machine Thread - 0] INFO  datanode.InitDatanodeState (InitDatanodeState.java:persistContainerDatanodeDetails(140)) - DatanodeDetails is persisted to /workdir/hadoop-ozone/ozonefs/target/test-dir/MiniOzoneClusterImpl-4e8ed6f3-3514-43a4-bf24-c8399dbc0a4f/datanode-2/meta/datanode.id
2019-09-25 11:53:56,304 [Thread-1329] INFO  ozone.MiniOzoneClusterImpl (MiniOzoneClusterImpl.java:lambda$waitForClusterToBeReady$0(147)) - Waiting for cluster to be ready. Got 0 of 3 DN Heartbeats.
2019-09-25 11:53:57,162 [Datanode State Machine Thread - 0] INFO  ozoneimpl.OzoneContainer (OzoneContainer.java:start(217)) - Attempting to start container services.
2019-09-25 11:53:57,164 [Datanode State Machine Thread - 0] INFO  ozoneimpl.OzoneContainer (OzoneContainer.java:startContainerScrub(179)) - Background container scanner has been disabled.
2019-09-25 11:53:57,164 [Datanode State Machine Thread - 0] INFO  ratis.XceiverServerRatis (XceiverServerRatis.java:start(411)) - Starting XceiverServerRatis a45f638e-6aa6-4b63-8c44-704381a85e0f at port 0
2019-09-25 11:53:57,170 [Datanode State Machine Thread - 0] INFO  impl.RaftServerProxy (RaftServerProxy.java:lambda$start$3(299)) - a45f638e-6aa6-4b63-8c44-704381a85e0f: start RPC server
2019-09-25 11:53:57,172 [Datanode State Machine Thread - 0] INFO  server.GrpcService (GrpcService.java:startImpl(158)) - a45f638e-6aa6-4b63-8c44-704381a85e0f: GrpcService started, listening on 0.0.0.0/0.0.0.0:38299
2019-09-25 11:53:57,173 [Datanode State Machine Thread - 0] INFO  ratis.XceiverServerRatis (XceiverServerRatis.java:start(421)) - XceiverServerRatis a45f638e-6aa6-4b63-8c44-704381a85e0f is started using port 38299
2019-09-25 11:53:57,173 [Datanode State Machine Thread - 0] INFO  server.XceiverServerGrpc (XceiverServerGrpc.java:start(149)) - XceiverServerGrpc a45f638e-6aa6-4b63-8c44-704381a85e0f is started using port 36416
2019-09-25 11:53:57,262 [Datanode State Machine Thread - 0] INFO  ozoneimpl.OzoneContainer (OzoneContainer.java:start(217)) - Attempting to start container services.
2019-09-25 11:53:57,263 [Datanode State Machine Thread - 0] INFO  ozoneimpl.OzoneContainer (OzoneContainer.java:startContainerScrub(179)) - Background container scanner has been disabled.
2019-09-25 11:53:57,263 [Datanode State Machine Thread - 0] INFO  ratis.XceiverServerRatis (XceiverServerRatis.java:start(411)) - Starting XceiverServerRatis aa1c61a4-72d4-4b88-ae57-2b0e5f9a6d89 at port 0
2019-09-25 11:53:57,269 [Datanode State Machine Thread - 0] INFO  impl.RaftServerProxy (RaftServerProxy.java:lambda$start$3(299)) - aa1c61a4-72d4-4b88-ae57-2b0e5f9a6d89: start RPC server
2019-09-25 11:53:57,270 [Datanode State Machine Thread - 0] INFO  server.GrpcService (GrpcService.java:startImpl(158)) - aa1c61a4-72d4-4b88-ae57-2b0e5f9a6d89: GrpcService started, listening on 0.0.0.0/0.0.0.0:43603
2019-09-25 11:53:57,270 [Datanode State Machine Thread - 0] INFO  ratis.XceiverServerRatis (XceiverServerRatis.java:start(421)) - XceiverServerRatis aa1c61a4-72d4-4b88-ae57-2b0e5f9a6d89 is started using port 43603
2019-09-25 11:53:57,272 [Datanode State Machine Thread - 0] INFO  server.XceiverServerGrpc (XceiverServerGrpc.java:start(149)) - XceiverServerGrpc aa1c61a4-72d4-4b88-ae57-2b0e5f9a6d89 is started using port 38335
2019-09-25 11:53:57,304 [Thread-1329] INFO  ozone.MiniOzoneClusterImpl (MiniOzoneClusterImpl.java:lambda$waitForClusterToBeReady$0(147)) - Waiting for cluster to be ready. Got 0 of 3 DN Heartbeats.
2019-09-25 11:53:57,319 [Datanode State Machine Thread - 0] INFO  ozoneimpl.OzoneContainer (OzoneContainer.java:start(217)) - Attempting to start container services.
2019-09-25 11:53:57,319 [Datanode State Machine Thread - 0] INFO  ozoneimpl.OzoneContainer (OzoneContainer.java:startContainerScrub(179)) - Background container scanner has been disabled.
2019-09-25 11:53:57,319 [Datanode State Machine Thread - 0] INFO  ratis.XceiverServerRatis (XceiverServerRatis.java:start(411)) - Starting XceiverServerRatis 79b53b50-4b75-4974-b7b4-8ebe13ba2130 at port 0
2019-09-25 11:53:57,324 [Datanode State Machine Thread - 0] INFO  impl.RaftServerProxy (RaftServerProxy.java:lambda$start$3(299)) - 79b53b50-4b75-4974-b7b4-8ebe13ba2130: start RPC server
2019-09-25 11:53:57,327 [Datanode State Machine Thread - 0] INFO  server.GrpcService (GrpcService.java:startImpl(158)) - 79b53b50-4b75-4974-b7b4-8ebe13ba2130: GrpcService started, listening on 0.0.0.0/0.0.0.0:39431
2019-09-25 11:53:57,327 [Datanode State Machine Thread - 0] INFO  ratis.XceiverServerRatis (XceiverServerRatis.java:start(421)) - XceiverServerRatis 79b53b50-4b75-4974-b7b4-8ebe13ba2130 is started using port 39431
2019-09-25 11:53:57,327 [Datanode State Machine Thread - 0] INFO  server.XceiverServerGrpc (XceiverServerGrpc.java:start(149)) - XceiverServerGrpc 79b53b50-4b75-4974-b7b4-8ebe13ba2130 is started using port 35905
2019-09-25 11:53:58,304 [Thread-1329] INFO  ozone.MiniOzoneClusterImpl (MiniOzoneClusterImpl.java:lambda$waitForClusterToBeReady$0(147)) - Waiting for cluster to be ready. Got 0 of 3 DN Heartbeats.
2019-09-25 11:53:59,144 [IPC Server handler 0 on 38318] INFO  net.NetworkTopology (NetworkTopologyImpl.java:add(111)) - Added a new node: /default-rack/a45f638e-6aa6-4b63-8c44-704381a85e0f
2019-09-25 11:53:59,147 [IPC Server handler 0 on 38318] INFO  node.SCMNodeManager (SCMNodeManager.java:register(266)) - Registered Data node : a45f638e-6aa6-4b63-8c44-704381a85e0f{ip: 192.168.30.6, host: pr-hdds-1569-5gmkr-4255264070, networkLocation: /default-rack, certSerialId: null}
2019-09-25 11:53:59,148 [EventQueue-NodeRegistrationContainerReportForDataNodeSafeModeRule] INFO  safemode.SCMSafeModeManager (DataNodeSafeModeRule.java:process(71)) - SCM in safe mode. 1 DataNodes registered, 1 required.
2019-09-25 11:53:59,150 [EventQueue-NodeRegistrationContainerReportForDataNodeSafeModeRule] INFO  safemode.SCMSafeModeManager (SCMSafeModeManager.java:validateSafeModeExitRules(177)) - ScmSafeModeManager, all rules are successfully validated
2019-09-25 11:53:59,150 [EventQueue-NodeRegistrationContainerReportForDataNodeSafeModeRule] INFO  safemode.SCMSafeModeManager (SCMSafeModeManager.java:exitSafeMode(193)) - SCM exiting safe mode.
2019-09-25 11:53:59,164 [grpc-default-executor-0] INFO  impl.RaftServerProxy (RaftServerProxy.java:addNew(89)) - a45f638e-6aa6-4b63-8c44-704381a85e0f: addNew group-B2D9171B02D3:[a45f638e-6aa6-4b63-8c44-704381a85e0f:192.168.30.6:38299] returns group-B2D9171B02D3:java.util.concurrent.CompletableFuture@765d93ff[Not completed]
2019-09-25 11:53:59,166 [pool-277-thread-1] INFO  impl.RaftServerImpl (RaftServerImpl.java:<init>(95)) - a45f638e-6aa6-4b63-8c44-704381a85e0f: new RaftServerImpl for group-B2D9171B02D3:[a45f638e-6aa6-4b63-8c44-704381a85e0f:192.168.30.6:38299] with ContainerStateMachine:uninitialized
2019-09-25 11:53:59,166 [pool-277-thread-1] INFO  server.RaftServerConfigKeys (ConfUtils.java:logGet(43)) - raft.server.rpc.timeout.min = 5s (custom)
2019-09-25 11:53:59,167 [pool-277-thread-1] INFO  server.RaftServerConfigKeys (ConfUtils.java:logGet(43)) - raft.server.rpc.timeout.max = 5200ms (custom)
2019-09-25 11:53:59,167 [pool-277-thread-1] INFO  server.RaftServerConfigKeys (ConfUtils.java:logGet(43)) - raft.server.rpcslowness.timeout = 120s (custom)
2019-09-25 11:53:59,167 [pool-277-thread-1] INFO  server.RaftServerConfigKeys (ConfUtils.java:logGet(43)) - raft.server.sleep.deviation.threshold = 300 (default)
2019-09-25 11:53:59,167 [pool-277-thread-1] INFO  server.RaftServerConfigKeys (ConfUtils.java:logGet(43)) - raft.server.log.appender.install.snapshot.enabled = false (custom)
2019-09-25 11:53:59,167 [pool-277-thread-1] INFO  impl.RaftServerImpl (ServerState.java:<init>(103)) - a45f638e-6aa6-4b63-8c44-704381a85e0f@group-B2D9171B02D3: ConfigurationManager, init=-1: [a45f638e-6aa6-4b63-8c44-704381a85e0f:192.168.30.6:38299], old=null, confs=<EMPTY_MAP>
2019-09-25 11:53:59,167 [pool-277-thread-1] INFO  server.RaftServerConfigKeys (ConfUtils.java:logGet(43)) - raft.server.storage.dir = [/workdir/hadoop-ozone/ozonefs/target/test-dir/MiniOzoneClusterImpl-4e8ed6f3-3514-43a4-bf24-c8399dbc0a4f/datanode-0/data/ratis] (custom)
2019-09-25 11:53:59,168 [pool-277-thread-1] INFO  storage.RaftStorageDirectory (RaftStorageDirectory.java:analyzeStorage(246)) - The storage directory /workdir/hadoop-ozone/ozonefs/target/test-dir/MiniOzoneClusterImpl-4e8ed6f3-3514-43a4-bf24-c8399dbc0a4f/datanode-0/data/ratis/b82f8594-9f08-44cc-9f39-b2d9171b02d3 does not exist. Creating ...
2019-09-25 11:53:59,217 [IPC Server handler 1 on 38318] INFO  net.NetworkTopology (NetworkTopologyImpl.java:add(111)) - Added a new node: /default-rack/aa1c61a4-72d4-4b88-ae57-2b0e5f9a6d89
2019-09-25 11:53:59,217 [IPC Server handler 1 on 38318] INFO  node.SCMNodeManager (SCMNodeManager.java:register(266)) - Registered Data node : aa1c61a4-72d4-4b88-ae57-2b0e5f9a6d89{ip: 192.168.30.6, host: pr-hdds-1569-5gmkr-4255264070, networkLocation: /default-rack, certSerialId: null}
2019-09-25 11:53:59,278 [pool-277-thread-1] INFO  storage.RaftStorageDirectory (RaftStorageDirectory.java:tryLock(328)) - Lock on /workdir/hadoop-ozone/ozonefs/target/test-dir/MiniOzoneClusterImpl-4e8ed6f3-3514-43a4-bf24-c8399dbc0a4f/datanode-0/data/ratis/b82f8594-9f08-44cc-9f39-b2d9171b02d3/in_use.lock acquired by nodename 25060@pr-hdds-1569-5gmkr-4255264070
2019-09-25 11:53:59,294 [pool-277-thread-1] INFO  storage.RaftStorage (RaftStorage.java:format(72)) - Storage directory /workdir/hadoop-ozone/ozonefs/target/test-dir/MiniOzoneClusterImpl-4e8ed6f3-3514-43a4-bf24-c8399dbc0a4f/datanode-0/data/ratis/b82f8594-9f08-44cc-9f39-b2d9171b02d3 has been successfully formatted.
2019-09-25 11:53:59,295 [pool-277-thread-1] INFO  ratis.ContainerStateMachine (ContainerStateMachine.java:loadSnapshot(230)) - group-B2D9171B02D3: The snapshot info is null. Setting the last applied indexto:(t:0, i:~)
2019-09-25 11:53:59,295 [pool-277-thread-1] INFO  server.RaftServerConfigKeys (ConfUtils.java:logGet(43)) - raft.server.notification.no-leader.timeout = 120s (custom)
2019-09-25 11:53:59,295 [pool-277-thread-1] INFO  server.RaftServerConfigKeys (ConfUtils.java:logGet(43)) - raft.server.log.use.memory = false (default)
2019-09-25 11:53:59,295 [pool-277-thread-1] INFO  server.RaftServerConfigKeys (ConfUtils.java:logGet(43)) - raft.server.log.purge.gap = 1000000 (custom)
2019-09-25 11:53:59,295 [pool-277-thread-1] INFO  server.RaftServerConfigKeys (ConfUtils.java:logGet(43)) - raft.server.log.appender.buffer.byte-limit = 33554432 (custom)
2019-09-25 11:53:59,295 [pool-277-thread-1] INFO  server.RaftServerConfigKeys (ConfUtils.java:logGet(43)) - raft.server.log.segment.size.max = 1048576 (custom)
2019-09-25 11:53:59,296 [pool-277-thread-1] INFO  server.RaftServerConfigKeys (ConfUtils.java:logGet(43)) - raft.server.log.segment.cache.num.max = 2 (custom)
2019-09-25 11:53:59,296 [pool-277-thread-1] INFO  segmented.SegmentedRaftLogWorker (SegmentedRaftLogWorker.java:<init>(172)) - new a45f638e-6aa6-4b63-8c44-704381a85e0f@group-B2D9171B02D3-SegmentedRaftLogWorker for RaftStorage:Storage Directory /workdir/hadoop-ozone/ozonefs/target/test-dir/MiniOzoneClusterImpl-4e8ed6f3-3514-43a4-bf24-c8399dbc0a4f/datanode-0/data/ratis/b82f8594-9f08-44cc-9f39-b2d9171b02d3
2019-09-25 11:53:59,298 [pool-277-thread-1] INFO  server.RaftServerConfigKeys (ConfUtils.java:logGet(43)) - raft.server.log.queue.byte-limit = 2147483647 (custom)
2019-09-25 11:53:59,298 [pool-277-thread-1] INFO  server.RaftServerConfigKeys (ConfUtils.java:logGet(43)) - raft.server.log.queue.element-limit = 1024 (custom)
2019-09-25 11:53:59,299 [pool-277-thread-1] INFO  server.RaftServerConfigKeys (ConfUtils.java:logGet(43)) - raft.server.log.segment.size.max = 1048576 (custom)
2019-09-25 11:53:59,299 [pool-277-thread-1] INFO  server.RaftServerConfigKeys (ConfUtils.java:logGet(43)) - raft.server.log.preallocated.size = 16384 (custom)
2019-09-25 11:53:59,299 [pool-277-thread-1] INFO  server.RaftServerConfigKeys (ConfUtils.java:logGet(43)) - raft.server.log.write.buffer.size = 33554432 (custom)
2019-09-25 11:53:59,299 [pool-277-thread-1] INFO  server.RaftServerConfigKeys (ConfUtils.java:logGet(43)) - raft.server.log.force.sync.num = 128 (default)
2019-09-25 11:53:59,299 [pool-277-thread-1] INFO  server.RaftServerConfigKeys (ConfUtils.java:logGet(43)) - raft.server.log.statemachine.data.sync = true (default)
2019-09-25 11:53:59,299 [pool-277-thread-1] INFO  server.RaftServerConfigKeys (ConfUtils.java:logGet(43)) - raft.server.log.statemachine.data.sync.timeout = 10s (default)
2019-09-25 11:53:59,300 [pool-277-thread-1] INFO  server.RaftServerConfigKeys (ConfUtils.java:logGet(43)) - raft.server.log.statemachine.data.sync.timeout.retry = -1 (default)
2019-09-25 11:53:59,300 [pool-277-thread-1] INFO  server.RaftServerConfigKeys (ConfUtils.java:logGet(43)) - raft.server.log.statemachine.data.caching.enabled = true (custom)
2019-09-25 11:53:59,300 [pool-277-thread-1] INFO  segmented.SegmentedRaftLogWorker (SegmentedRaftLogWorker.java:lambda$new$0(132)) - a45f638e-6aa6-4b63-8c44-704381a85e0f@group-B2D9171B02D3-SegmentedRaftLogWorker: flushIndex: setUnconditionally 0 -> -1
2019-09-25 11:53:59,301 [pool-277-thread-1] INFO  server.RaftServerConfigKeys (ConfUtils.java:logGet(43)) - raft.server.snapshot.auto.trigger.enabled = true (custom)
2019-09-25 11:53:59,301 [pool-277-thread-1] INFO  server.RaftServerConfigKeys (ConfUtils.java:logGet(43)) - raft.server.snapshot.auto.trigger.threshold = 10000 (custom)
2019-09-25 11:53:59,301 [pool-277-thread-1] INFO  server.RaftServerConfigKeys (ConfUtils.java:logGet(43)) - raft.server.snapshot.retention.num.files = 5 (custom)
2019-09-25 11:53:59,301 [pool-277-thread-1] INFO  server.RaftServerConfigKeys (ConfUtils.java:logGet(43)) - raft.server.retrycache.expirytime = 600000ms (custom)
2019-09-25 11:53:59,303 [pool-277-thread-1] INFO  impl.RaftServerImpl (RaftServerImpl.java:start(185)) - a45f638e-6aa6-4b63-8c44-704381a85e0f@group-B2D9171B02D3: start as a follower, conf=-1: [a45f638e-6aa6-4b63-8c44-704381a85e0f:192.168.30.6:38299], old=null
2019-09-25 11:53:59,303 [pool-277-thread-1] INFO  impl.RaftServerImpl (RaftServerImpl.java:setRole(174)) - a45f638e-6aa6-4b63-8c44-704381a85e0f@group-B2D9171B02D3: changes role from      null to FOLLOWER at term 0 for startAsFollower
2019-09-25 11:53:59,303 [pool-277-thread-1] INFO  impl.RoleInfo (RoleInfo.java:updateAndGet(143)) - a45f638e-6aa6-4b63-8c44-704381a85e0f: start FollowerState
2019-09-25 11:53:59,303 [pool-277-thread-1] INFO  util.JmxRegister (JmxRegister.java:tryRegister(44)) - Successfully registered JMX Bean with object name Ratis:service=RaftServer,group=group-B2D9171B02D3,id=a45f638e-6aa6-4b63-8c44-704381a85e0f
2019-09-25 11:53:59,305 [Thread-1329] INFO  ozone.MiniOzoneClusterImpl (MiniOzoneClusterImpl.java:lambda$waitForClusterToBeReady$0(147)) - Waiting for cluster to be ready. Got 2 of 3 DN Heartbeats.
2019-09-25 11:53:59,305 [IPC Server handler 3 on 38318] INFO  net.NetworkTopology (NetworkTopologyImpl.java:add(111)) - Added a new node: /default-rack/79b53b50-4b75-4974-b7b4-8ebe13ba2130
2019-09-25 11:53:59,305 [IPC Server handler 3 on 38318] INFO  node.SCMNodeManager (SCMNodeManager.java:register(266)) - Registered Data node : 79b53b50-4b75-4974-b7b4-8ebe13ba2130{ip: 192.168.30.6, host: pr-hdds-1569-5gmkr-4255264070, networkLocation: /default-rack, certSerialId: null}
2019-09-25 11:53:59,307 [RatisPipelineUtilsThread] INFO  pipeline.PipelineStateManager (PipelineStateManager.java:addPipeline(56)) - Created pipeline Pipeline[ Id: b82f8594-9f08-44cc-9f39-b2d9171b02d3, Nodes: a45f638e-6aa6-4b63-8c44-704381a85e0f{ip: 192.168.30.6, host: pr-hdds-1569-5gmkr-4255264070, networkLocation: /default-rack, certSerialId: null}, Type:RATIS, Factor:ONE, State:OPEN]
2019-09-25 11:53:59,316 [grpc-default-executor-0] INFO  impl.RaftServerProxy (RaftServerProxy.java:addNew(89)) - aa1c61a4-72d4-4b88-ae57-2b0e5f9a6d89: addNew group-5CFC0A9E3BAC:[aa1c61a4-72d4-4b88-ae57-2b0e5f9a6d89:192.168.30.6:43603] returns group-5CFC0A9E3BAC:java.util.concurrent.CompletableFuture@c2ac4a1[Not completed]
2019-09-25 11:53:59,318 [pool-287-thread-1] INFO  impl.RaftServerImpl (RaftServerImpl.java:<init>(95)) - aa1c61a4-72d4-4b88-ae57-2b0e5f9a6d89: new RaftServerImpl for group-5CFC0A9E3BAC:[aa1c61a4-72d4-4b88-ae57-2b0e5f9a6d89:192.168.30.6:43603] with ContainerStateMachine:uninitialized
2019-09-25 11:53:59,318 [pool-287-thread-1] INFO  server.RaftServerConfigKeys (ConfUtils.java:logGet(43)) - raft.server.rpc.timeout.min = 5s (custom)
2019-09-25 11:53:59,318 [pool-287-thread-1] INFO  server.RaftServerConfigKeys (ConfUtils.java:logGet(43)) - raft.server.rpc.timeout.max = 5200ms (custom)
2019-09-25 11:53:59,318 [pool-287-thread-1] INFO  server.RaftServerConfigKeys (ConfUtils.java:logGet(43)) - raft.server.rpcslowness.timeout = 120s (custom)
2019-09-25 11:53:59,318 [pool-287-thread-1] INFO  server.RaftServerConfigKeys (ConfUtils.java:logGet(43)) - raft.server.sleep.deviation.threshold = 300 (default)
2019-09-25 11:53:59,318 [pool-287-thread-1] INFO  server.RaftServerConfigKeys (ConfUtils.java:logGet(43)) - raft.server.log.appender.install.snapshot.enabled = false (custom)
2019-09-25 11:53:59,319 [pool-287-thread-1] INFO  impl.RaftServerImpl (ServerState.java:<init>(103)) - aa1c61a4-72d4-4b88-ae57-2b0e5f9a6d89@group-5CFC0A9E3BAC: ConfigurationManager, init=-1: [aa1c61a4-72d4-4b88-ae57-2b0e5f9a6d89:192.168.30.6:43603], old=null, confs=<EMPTY_MAP>
2019-09-25 11:53:59,319 [pool-287-thread-1] INFO  server.RaftServerConfigKeys (ConfUtils.java:logGet(43)) - raft.server.storage.dir = [/workdir/hadoop-ozone/ozonefs/target/test-dir/MiniOzoneClusterImpl-4e8ed6f3-3514-43a4-bf24-c8399dbc0a4f/datanode-1/data/ratis] (custom)
2019-09-25 11:53:59,319 [pool-287-thread-1] INFO  storage.RaftStorageDirectory (RaftStorageDirectory.java:analyzeStorage(246)) - The storage directory /workdir/hadoop-ozone/ozonefs/target/test-dir/MiniOzoneClusterImpl-4e8ed6f3-3514-43a4-bf24-c8399dbc0a4f/datanode-1/data/ratis/2d40ffdf-539b-488c-968c-5cfc0a9e3bac does not exist. Creating ...
2019-09-25 11:53:59,385 [pool-287-thread-1] INFO  storage.RaftStorageDirectory (RaftStorageDirectory.java:tryLock(328)) - Lock on /workdir/hadoop-ozone/ozonefs/target/test-dir/MiniOzoneClusterImpl-4e8ed6f3-3514-43a4-bf24-c8399dbc0a4f/datanode-1/data/ratis/2d40ffdf-539b-488c-968c-5cfc0a9e3bac/in_use.lock acquired by nodename 25060@pr-hdds-1569-5gmkr-4255264070
2019-09-25 11:53:59,403 [pool-287-thread-1] INFO  storage.RaftStorage (RaftStorage.java:format(72)) - Storage directory /workdir/hadoop-ozone/ozonefs/target/test-dir/MiniOzoneClusterImpl-4e8ed6f3-3514-43a4-bf24-c8399dbc0a4f/datanode-1/data/ratis/2d40ffdf-539b-488c-968c-5cfc0a9e3bac has been successfully formatted.
2019-09-25 11:53:59,403 [pool-287-thread-1] INFO  ratis.ContainerStateMachine (ContainerStateMachine.java:loadSnapshot(230)) - group-5CFC0A9E3BAC: The snapshot info is null. Setting the last applied indexto:(t:0, i:~)
2019-09-25 11:53:59,403 [pool-287-thread-1] INFO  server.RaftServerConfigKeys (ConfUtils.java:logGet(43)) - raft.server.notification.no-leader.timeout = 120s (custom)
2019-09-25 11:53:59,403 [pool-287-thread-1] INFO  server.RaftServerConfigKeys (ConfUtils.java:logGet(43)) - raft.server.log.use.memory = false (default)
2019-09-25 11:53:59,403 [pool-287-thread-1] INFO  server.RaftServerConfigKeys (ConfUtils.java:logGet(43)) - raft.server.log.purge.gap = 1000000 (custom)
2019-09-25 11:53:59,403 [pool-287-thread-1] INFO  server.RaftServerConfigKeys (ConfUtils.java:logGet(43)) - raft.server.log.appender.buffer.byte-limit = 33554432 (custom)
2019-09-25 11:53:59,404 [pool-287-thread-1] INFO  server.RaftServerConfigKeys (ConfUtils.java:logGet(43)) - raft.server.log.segment.size.max = 1048576 (custom)
2019-09-25 11:53:59,404 [pool-287-thread-1] INFO  server.RaftServerConfigKeys (ConfUtils.java:logGet(43)) - raft.server.log.segment.cache.num.max = 2 (custom)
2019-09-25 11:53:59,404 [pool-287-thread-1] INFO  segmented.SegmentedRaftLogWorker (SegmentedRaftLogWorker.java:<init>(172)) - new aa1c61a4-72d4-4b88-ae57-2b0e5f9a6d89@group-5CFC0A9E3BAC-SegmentedRaftLogWorker for RaftStorage:Storage Directory /workdir/hadoop-ozone/ozonefs/target/test-dir/MiniOzoneClusterImpl-4e8ed6f3-3514-43a4-bf24-c8399dbc0a4f/datanode-1/data/ratis/2d40ffdf-539b-488c-968c-5cfc0a9e3bac
2019-09-25 11:53:59,405 [pool-287-thread-1] INFO  server.RaftServerConfigKeys (ConfUtils.java:logGet(43)) - raft.server.log.queue.byte-limit = 2147483647 (custom)
2019-09-25 11:53:59,405 [pool-287-thread-1] INFO  server.RaftServerConfigKeys (ConfUtils.java:logGet(43)) - raft.server.log.queue.element-limit = 1024 (custom)
2019-09-25 11:53:59,406 [pool-287-thread-1] INFO  server.RaftServerConfigKeys (ConfUtils.java:logGet(43)) - raft.server.log.segment.size.max = 1048576 (custom)
2019-09-25 11:53:59,406 [pool-287-thread-1] INFO  server.RaftServerConfigKeys (ConfUtils.java:logGet(43)) - raft.server.log.preallocated.size = 16384 (custom)
2019-09-25 11:53:59,406 [pool-287-thread-1] INFO  server.RaftServerConfigKeys (ConfUtils.java:logGet(43)) - raft.server.log.write.buffer.size = 33554432 (custom)
2019-09-25 11:53:59,406 [pool-287-thread-1] INFO  server.RaftServerConfigKeys (ConfUtils.java:logGet(43)) - raft.server.log.force.sync.num = 128 (default)
2019-09-25 11:53:59,406 [pool-287-thread-1] INFO  server.RaftServerConfigKeys (ConfUtils.java:logGet(43)) - raft.server.log.statemachine.data.sync = true (default)
2019-09-25 11:53:59,406 [pool-287-thread-1] INFO  server.RaftServerConfigKeys (ConfUtils.java:logGet(43)) - raft.server.log.statemachine.data.sync.timeout = 10s (default)
2019-09-25 11:53:59,406 [pool-287-thread-1] INFO  server.RaftServerConfigKeys (ConfUtils.java:logGet(43)) - raft.server.log.statemachine.data.sync.timeout.retry = -1 (default)
2019-09-25 11:53:59,406 [pool-287-thread-1] INFO  server.RaftServerConfigKeys (ConfUtils.java:logGet(43)) - raft.server.log.statemachine.data.caching.enabled = true (custom)
2019-09-25 11:53:59,407 [pool-287-thread-1] INFO  segmented.SegmentedRaftLogWorker (SegmentedRaftLogWorker.java:lambda$new$0(132)) - aa1c61a4-72d4-4b88-ae57-2b0e5f9a6d89@group-5CFC0A9E3BAC-SegmentedRaftLogWorker: flushIndex: setUnconditionally 0 -> -1
2019-09-25 11:53:59,407 [pool-287-thread-1] INFO  server.RaftServerConfigKeys (ConfUtils.java:logGet(43)) - raft.server.snapshot.auto.trigger.enabled = true (custom)
2019-09-25 11:53:59,407 [pool-287-thread-1] INFO  server.RaftServerConfigKeys (ConfUtils.java:logGet(43)) - raft.server.snapshot.auto.trigger.threshold = 10000 (custom)
2019-09-25 11:53:59,407 [pool-287-thread-1] INFO  server.RaftServerConfigKeys (ConfUtils.java:logGet(43)) - raft.server.snapshot.retention.num.files = 5 (custom)
2019-09-25 11:53:59,407 [pool-287-thread-1] INFO  server.RaftServerConfigKeys (ConfUtils.java:logGet(43)) - raft.server.retrycache.expirytime = 600000ms (custom)
2019-09-25 11:53:59,409 [pool-287-thread-1] INFO  impl.RaftServerImpl (RaftServerImpl.java:start(185)) - aa1c61a4-72d4-4b88-ae57-2b0e5f9a6d89@group-5CFC0A9E3BAC: start as a follower, conf=-1: [aa1c61a4-72d4-4b88-ae57-2b0e5f9a6d89:192.168.30.6:43603], old=null
2019-09-25 11:53:59,409 [pool-287-thread-1] INFO  impl.RaftServerImpl (RaftServerImpl.java:setRole(174)) - aa1c61a4-72d4-4b88-ae57-2b0e5f9a6d89@group-5CFC0A9E3BAC: changes role from      null to FOLLOWER at term 0 for startAsFollower
2019-09-25 11:53:59,409 [pool-287-thread-1] INFO  impl.RoleInfo (RoleInfo.java:updateAndGet(143)) - aa1c61a4-72d4-4b88-ae57-2b0e5f9a6d89: start FollowerState
2019-09-25 11:53:59,409 [pool-287-thread-1] INFO  util.JmxRegister (JmxRegister.java:tryRegister(44)) - Successfully registered JMX Bean with object name Ratis:service=RaftServer,group=group-5CFC0A9E3BAC,id=aa1c61a4-72d4-4b88-ae57-2b0e5f9a6d89
2019-09-25 11:53:59,412 [RatisPipelineUtilsThread] INFO  pipeline.PipelineStateManager (PipelineStateManager.java:addPipeline(56)) - Created pipeline Pipeline[ Id: 2d40ffdf-539b-488c-968c-5cfc0a9e3bac, Nodes: aa1c61a4-72d4-4b88-ae57-2b0e5f9a6d89{ip: 192.168.30.6, host: pr-hdds-1569-5gmkr-4255264070, networkLocation: /default-rack, certSerialId: null}, Type:RATIS, Factor:ONE, State:OPEN]
2019-09-25 11:53:59,418 [grpc-default-executor-0] INFO  impl.RaftServerProxy (RaftServerProxy.java:addNew(89)) - a45f638e-6aa6-4b63-8c44-704381a85e0f: addNew group-744AEEC111CD:[a45f638e-6aa6-4b63-8c44-704381a85e0f:192.168.30.6:38299] returns group-744AEEC111CD:java.util.concurrent.CompletableFuture@4ea1a54[Not completed]
2019-09-25 11:53:59,419 [pool-277-thread-1] INFO  impl.RaftServerImpl (RaftServerImpl.java:<init>(95)) - a45f638e-6aa6-4b63-8c44-704381a85e0f: new RaftServerImpl for group-744AEEC111CD:[a45f638e-6aa6-4b63-8c44-704381a85e0f:192.168.30.6:38299] with ContainerStateMachine:uninitialized
2019-09-25 11:53:59,419 [pool-277-thread-1] INFO  server.RaftServerConfigKeys (ConfUtils.java:logGet(43)) - raft.server.rpc.timeout.min = 5s (custom)
2019-09-25 11:53:59,419 [pool-277-thread-1] INFO  server.RaftServerConfigKeys (ConfUtils.java:logGet(43)) - raft.server.rpc.timeout.max = 5200ms (custom)
2019-09-25 11:53:59,419 [pool-277-thread-1] INFO  server.RaftServerConfigKeys (ConfUtils.java:logGet(43)) - raft.server.rpcslowness.timeout = 120s (custom)
2019-09-25 11:53:59,419 [pool-277-thread-1] INFO  server.RaftServerConfigKeys (ConfUtils.java:logGet(43)) - raft.server.sleep.deviation.threshold = 300 (default)
2019-09-25 11:53:59,420 [pool-277-thread-1] INFO  server.RaftServerConfigKeys (ConfUtils.java:logGet(43)) - raft.server.log.appender.install.snapshot.enabled = false (custom)
2019-09-25 11:53:59,420 [pool-277-thread-1] INFO  impl.RaftServerImpl (ServerState.java:<init>(103)) - a45f638e-6aa6-4b63-8c44-704381a85e0f@group-744AEEC111CD: ConfigurationManager, init=-1: [a45f638e-6aa6-4b63-8c44-704381a85e0f:192.168.30.6:38299], old=null, confs=<EMPTY_MAP>
2019-09-25 11:53:59,420 [pool-277-thread-1] INFO  server.RaftServerConfigKeys (ConfUtils.java:logGet(43)) - raft.server.storage.dir = [/workdir/hadoop-ozone/ozonefs/target/test-dir/MiniOzoneClusterImpl-4e8ed6f3-3514-43a4-bf24-c8399dbc0a4f/datanode-0/data/ratis] (custom)
2019-09-25 11:53:59,420 [pool-277-thread-1] INFO  storage.RaftStorageDirectory (RaftStorageDirectory.java:analyzeStorage(246)) - The storage directory /workdir/hadoop-ozone/ozonefs/target/test-dir/MiniOzoneClusterImpl-4e8ed6f3-3514-43a4-bf24-c8399dbc0a4f/datanode-0/data/ratis/7de38875-57ec-4098-aad8-744aeec111cd does not exist. Creating ...
2019-09-25 11:53:59,483 [pool-277-thread-1] INFO  storage.RaftStorageDirectory (RaftStorageDirectory.java:tryLock(328)) - Lock on /workdir/hadoop-ozone/ozonefs/target/test-dir/MiniOzoneClusterImpl-4e8ed6f3-3514-43a4-bf24-c8399dbc0a4f/datanode-0/data/ratis/7de38875-57ec-4098-aad8-744aeec111cd/in_use.lock acquired by nodename 25060@pr-hdds-1569-5gmkr-4255264070
2019-09-25 11:53:59,505 [pool-277-thread-1] INFO  storage.RaftStorage (RaftStorage.java:format(72)) - Storage directory /workdir/hadoop-ozone/ozonefs/target/test-dir/MiniOzoneClusterImpl-4e8ed6f3-3514-43a4-bf24-c8399dbc0a4f/datanode-0/data/ratis/7de38875-57ec-4098-aad8-744aeec111cd has been successfully formatted.
2019-09-25 11:53:59,506 [pool-277-thread-1] INFO  ratis.ContainerStateMachine (ContainerStateMachine.java:loadSnapshot(230)) - group-744AEEC111CD: The snapshot info is null. Setting the last applied indexto:(t:0, i:~)
2019-09-25 11:53:59,506 [pool-277-thread-1] INFO  server.RaftServerConfigKeys (ConfUtils.java:logGet(43)) - raft.server.notification.no-leader.timeout = 120s (custom)
2019-09-25 11:53:59,506 [pool-277-thread-1] INFO  server.RaftServerConfigKeys (ConfUtils.java:logGet(43)) - raft.server.log.use.memory = false (default)
2019-09-25 11:53:59,506 [pool-277-thread-1] INFO  server.RaftServerConfigKeys (ConfUtils.java:logGet(43)) - raft.server.log.purge.gap = 1000000 (custom)
2019-09-25 11:53:59,506 [pool-277-thread-1] INFO  server.RaftServerConfigKeys (ConfUtils.java:logGet(43)) - raft.server.log.appender.buffer.byte-limit = 33554432 (custom)
2019-09-25 11:53:59,507 [pool-277-thread-1] INFO  server.RaftServerConfigKeys (ConfUtils.java:logGet(43)) - raft.server.log.segment.size.max = 1048576 (custom)
2019-09-25 11:53:59,507 [pool-277-thread-1] INFO  server.RaftServerConfigKeys (ConfUtils.java:logGet(43)) - raft.server.log.segment.cache.num.max = 2 (custom)
2019-09-25 11:53:59,507 [pool-277-thread-1] INFO  segmented.SegmentedRaftLogWorker (SegmentedRaftLogWorker.java:<init>(172)) - new a45f638e-6aa6-4b63-8c44-704381a85e0f@group-744AEEC111CD-SegmentedRaftLogWorker for RaftStorage:Storage Directory /workdir/hadoop-ozone/ozonefs/target/test-dir/MiniOzoneClusterImpl-4e8ed6f3-3514-43a4-bf24-c8399dbc0a4f/datanode-0/data/ratis/7de38875-57ec-4098-aad8-744aeec111cd
2019-09-25 11:53:59,507 [pool-277-thread-1] INFO  server.RaftServerConfigKeys (ConfUtils.java:logGet(43)) - raft.server.log.queue.byte-limit = 2147483647 (custom)
2019-09-25 11:53:59,507 [pool-277-thread-1] INFO  server.RaftServerConfigKeys (ConfUtils.java:logGet(43)) - raft.server.log.queue.element-limit = 1024 (custom)
2019-09-25 11:53:59,507 [pool-277-thread-1] INFO  server.RaftServerConfigKeys (ConfUtils.java:logGet(43)) - raft.server.log.segment.size.max = 1048576 (custom)
2019-09-25 11:53:59,507 [pool-277-thread-1] INFO  server.RaftServerConfigKeys (ConfUtils.java:logGet(43)) - raft.server.log.preallocated.size = 16384 (custom)
2019-09-25 11:53:59,508 [pool-277-thread-1] INFO  server.RaftServerConfigKeys (ConfUtils.java:logGet(43)) - raft.server.log.write.buffer.size = 33554432 (custom)
2019-09-25 11:53:59,508 [pool-277-thread-1] INFO  server.RaftServerConfigKeys (ConfUtils.java:logGet(43)) - raft.server.log.force.sync.num = 128 (default)
2019-09-25 11:53:59,508 [pool-277-thread-1] INFO  server.RaftServerConfigKeys (ConfUtils.java:logGet(43)) - raft.server.log.statemachine.data.sync = true (default)
2019-09-25 11:53:59,508 [pool-277-thread-1] INFO  server.RaftServerConfigKeys (ConfUtils.java:logGet(43)) - raft.server.log.statemachine.data.sync.timeout = 10s (default)
2019-09-25 11:53:59,508 [pool-277-thread-1] INFO  server.RaftServerConfigKeys (ConfUtils.java:logGet(43)) - raft.server.log.statemachine.data.sync.timeout.retry = -1 (default)
2019-09-25 11:53:59,508 [pool-277-thread-1] INFO  server.RaftServerConfigKeys (ConfUtils.java:logGet(43)) - raft.server.log.statemachine.data.caching.enabled = true (custom)
2019-09-25 11:53:59,509 [pool-277-thread-1] INFO  segmented.SegmentedRaftLogWorker (SegmentedRaftLogWorker.java:lambda$new$0(132)) - a45f638e-6aa6-4b63-8c44-704381a85e0f@group-744AEEC111CD-SegmentedRaftLogWorker: flushIndex: setUnconditionally 0 -> -1
2019-09-25 11:53:59,509 [pool-277-thread-1] INFO  server.RaftServerConfigKeys (ConfUtils.java:logGet(43)) - raft.server.snapshot.auto.trigger.enabled = true (custom)
2019-09-25 11:53:59,509 [pool-277-thread-1] INFO  server.RaftServerConfigKeys (ConfUtils.java:logGet(43)) - raft.server.snapshot.auto.trigger.threshold = 10000 (custom)
2019-09-25 11:53:59,509 [pool-277-thread-1] INFO  server.RaftServerConfigKeys (ConfUtils.java:logGet(43)) - raft.server.snapshot.retention.num.files = 5 (custom)
2019-09-25 11:53:59,509 [pool-277-thread-1] INFO  server.RaftServerConfigKeys (ConfUtils.java:logGet(43)) - raft.server.retrycache.expirytime = 600000ms (custom)
2019-09-25 11:53:59,511 [pool-277-thread-1] INFO  impl.RaftServerImpl (RaftServerImpl.java:start(185)) - a45f638e-6aa6-4b63-8c44-704381a85e0f@group-744AEEC111CD: start as a follower, conf=-1: [a45f638e-6aa6-4b63-8c44-704381a85e0f:192.168.30.6:38299], old=null
2019-09-25 11:53:59,511 [pool-277-thread-1] INFO  impl.RaftServerImpl (RaftServerImpl.java:setRole(174)) - a45f638e-6aa6-4b63-8c44-704381a85e0f@group-744AEEC111CD: changes role from      null to FOLLOWER at term 0 for startAsFollower
2019-09-25 11:53:59,512 [pool-277-thread-1] INFO  impl.RoleInfo (RoleInfo.java:updateAndGet(143)) - a45f638e-6aa6-4b63-8c44-704381a85e0f: start FollowerState
2019-09-25 11:53:59,512 [pool-277-thread-1] INFO  util.JmxRegister (JmxRegister.java:tryRegister(44)) - Successfully registered JMX Bean with object name Ratis:service=RaftServer,group=group-744AEEC111CD,id=a45f638e-6aa6-4b63-8c44-704381a85e0f
2019-09-25 11:53:59,514 [RatisPipelineUtilsThread] INFO  pipeline.PipelineStateManager (PipelineStateManager.java:addPipeline(56)) - Created pipeline Pipeline[ Id: 7de38875-57ec-4098-aad8-744aeec111cd, Nodes: a45f638e-6aa6-4b63-8c44-704381a85e0f{ip: 192.168.30.6, host: pr-hdds-1569-5gmkr-4255264070, networkLocation: /default-rack, certSerialId: null}, Type:RATIS, Factor:ONE, State:OPEN]
2019-09-25 11:53:59,523 [grpc-default-executor-0] INFO  impl.RaftServerProxy (RaftServerProxy.java:addNew(89)) - 79b53b50-4b75-4974-b7b4-8ebe13ba2130: addNew group-F801CC5A844D:[79b53b50-4b75-4974-b7b4-8ebe13ba2130:192.168.30.6:39431] returns group-F801CC5A844D:java.util.concurrent.CompletableFuture@123c9663[Not completed]
2019-09-25 11:53:59,524 [pool-297-thread-1] INFO  impl.RaftServerImpl (RaftServerImpl.java:<init>(95)) - 79b53b50-4b75-4974-b7b4-8ebe13ba2130: new RaftServerImpl for group-F801CC5A844D:[79b53b50-4b75-4974-b7b4-8ebe13ba2130:192.168.30.6:39431] with ContainerStateMachine:uninitialized
2019-09-25 11:53:59,524 [pool-297-thread-1] INFO  server.RaftServerConfigKeys (ConfUtils.java:logGet(43)) - raft.server.rpc.timeout.min = 5s (custom)
2019-09-25 11:53:59,524 [pool-297-thread-1] INFO  server.RaftServerConfigKeys (ConfUtils.java:logGet(43)) - raft.server.rpc.timeout.max = 5200ms (custom)
2019-09-25 11:53:59,524 [pool-297-thread-1] INFO  server.RaftServerConfigKeys (ConfUtils.java:logGet(43)) - raft.server.rpcslowness.timeout = 120s (custom)
2019-09-25 11:53:59,525 [pool-297-thread-1] INFO  server.RaftServerConfigKeys (ConfUtils.java:logGet(43)) - raft.server.sleep.deviation.threshold = 300 (default)
2019-09-25 11:53:59,525 [pool-297-thread-1] INFO  server.RaftServerConfigKeys (ConfUtils.java:logGet(43)) - raft.server.log.appender.install.snapshot.enabled = false (custom)
2019-09-25 11:53:59,525 [pool-297-thread-1] INFO  impl.RaftServerImpl (ServerState.java:<init>(103)) - 79b53b50-4b75-4974-b7b4-8ebe13ba2130@group-F801CC5A844D: ConfigurationManager, init=-1: [79b53b50-4b75-4974-b7b4-8ebe13ba2130:192.168.30.6:39431], old=null, confs=<EMPTY_MAP>
2019-09-25 11:53:59,525 [pool-297-thread-1] INFO  server.RaftServerConfigKeys (ConfUtils.java:logGet(43)) - raft.server.storage.dir = [/workdir/hadoop-ozone/ozonefs/target/test-dir/MiniOzoneClusterImpl-4e8ed6f3-3514-43a4-bf24-c8399dbc0a4f/datanode-2/data/ratis] (custom)
2019-09-25 11:53:59,525 [pool-297-thread-1] INFO  storage.RaftStorageDirectory (RaftStorageDirectory.java:analyzeStorage(246)) - The storage directory /workdir/hadoop-ozone/ozonefs/target/test-dir/MiniOzoneClusterImpl-4e8ed6f3-3514-43a4-bf24-c8399dbc0a4f/datanode-2/data/ratis/02460bfc-9ac3-4b0f-aa0e-f801cc5a844d does not exist. Creating ...
2019-09-25 11:53:59,533 [pool-297-thread-1] INFO  storage.RaftStorageDirectory (RaftStorageDirectory.java:tryLock(328)) - Lock on /workdir/hadoop-ozone/ozonefs/target/test-dir/MiniOzoneClusterImpl-4e8ed6f3-3514-43a4-bf24-c8399dbc0a4f/datanode-2/data/ratis/02460bfc-9ac3-4b0f-aa0e-f801cc5a844d/in_use.lock acquired by nodename 25060@pr-hdds-1569-5gmkr-4255264070
2019-09-25 11:53:59,573 [pool-297-thread-1] INFO  storage.RaftStorage (RaftStorage.java:format(72)) - Storage directory /workdir/hadoop-ozone/ozonefs/target/test-dir/MiniOzoneClusterImpl-4e8ed6f3-3514-43a4-bf24-c8399dbc0a4f/datanode-2/data/ratis/02460bfc-9ac3-4b0f-aa0e-f801cc5a844d has been successfully formatted.
2019-09-25 11:53:59,573 [pool-297-thread-1] INFO  ratis.ContainerStateMachine (ContainerStateMachine.java:loadSnapshot(230)) - group-F801CC5A844D: The snapshot info is null. Setting the last applied indexto:(t:0, i:~)
2019-09-25 11:53:59,574 [pool-297-thread-1] INFO  server.RaftServerConfigKeys (ConfUtils.java:logGet(43)) - raft.server.notification.no-leader.timeout = 120s (custom)
2019-09-25 11:53:59,574 [pool-297-thread-1] INFO  server.RaftServerConfigKeys (ConfUtils.java:logGet(43)) - raft.server.log.use.memory = false (default)
2019-09-25 11:53:59,574 [pool-297-thread-1] INFO  server.RaftServerConfigKeys (ConfUtils.java:logGet(43)) - raft.server.log.purge.gap = 1000000 (custom)
2019-09-25 11:53:59,574 [pool-297-thread-1] INFO  server.RaftServerConfigKeys (ConfUtils.java:logGet(43)) - raft.server.log.appender.buffer.byte-limit = 33554432 (custom)
2019-09-25 11:53:59,574 [pool-297-thread-1] INFO  server.RaftServerConfigKeys (ConfUtils.java:logGet(43)) - raft.server.log.segment.size.max = 1048576 (custom)
2019-09-25 11:53:59,574 [pool-297-thread-1] INFO  server.RaftServerConfigKeys (ConfUtils.java:logGet(43)) - raft.server.log.segment.cache.num.max = 2 (custom)
2019-09-25 11:53:59,574 [pool-297-thread-1] INFO  segmented.SegmentedRaftLogWorker (SegmentedRaftLogWorker.java:<init>(172)) - new 79b53b50-4b75-4974-b7b4-8ebe13ba2130@group-F801CC5A844D-SegmentedRaftLogWorker for RaftStorage:Storage Directory /workdir/hadoop-ozone/ozonefs/target/test-dir/MiniOzoneClusterImpl-4e8ed6f3-3514-43a4-bf24-c8399dbc0a4f/datanode-2/data/ratis/02460bfc-9ac3-4b0f-aa0e-f801cc5a844d
2019-09-25 11:53:59,576 [pool-297-thread-1] INFO  server.RaftServerConfigKeys (ConfUtils.java:logGet(43)) - raft.server.log.queue.byte-limit = 2147483647 (custom)
2019-09-25 11:53:59,576 [pool-297-thread-1] INFO  server.RaftServerConfigKeys (ConfUtils.java:logGet(43)) - raft.server.log.queue.element-limit = 1024 (custom)
2019-09-25 11:53:59,576 [pool-297-thread-1] INFO  server.RaftServerConfigKeys (ConfUtils.java:logGet(43)) - raft.server.log.segment.size.max = 1048576 (custom)
2019-09-25 11:53:59,576 [pool-297-thread-1] INFO  server.RaftServerConfigKeys (ConfUtils.java:logGet(43)) - raft.server.log.preallocated.size = 16384 (custom)
2019-09-25 11:53:59,577 [pool-297-thread-1] INFO  server.RaftServerConfigKeys (ConfUtils.java:logGet(43)) - raft.server.log.write.buffer.size = 33554432 (custom)
2019-09-25 11:53:59,577 [pool-297-thread-1] INFO  server.RaftServerConfigKeys (ConfUtils.java:logGet(43)) - raft.server.log.force.sync.num = 128 (default)
2019-09-25 11:53:59,577 [pool-297-thread-1] INFO  server.RaftServerConfigKeys (ConfUtils.java:logGet(43)) - raft.server.log.statemachine.data.sync = true (default)
2019-09-25 11:53:59,577 [pool-297-thread-1] INFO  server.RaftServerConfigKeys (ConfUtils.java:logGet(43)) - raft.server.log.statemachine.data.sync.timeout = 10s (default)
2019-09-25 11:53:59,577 [pool-297-thread-1] INFO  server.RaftServerConfigKeys (ConfUtils.java:logGet(43)) - raft.server.log.statemachine.data.sync.timeout.retry = -1 (default)
2019-09-25 11:53:59,577 [pool-297-thread-1] INFO  server.RaftServerConfigKeys (ConfUtils.java:logGet(43)) - raft.server.log.statemachine.data.caching.enabled = true (custom)
2019-09-25 11:53:59,578 [pool-297-thread-1] INFO  segmented.SegmentedRaftLogWorker (SegmentedRaftLogWorker.java:lambda$new$0(132)) - 79b53b50-4b75-4974-b7b4-8ebe13ba2130@group-F801CC5A844D-SegmentedRaftLogWorker: flushIndex: setUnconditionally 0 -> -1
2019-09-25 11:53:59,578 [pool-297-thread-1] INFO  server.RaftServerConfigKeys (ConfUtils.java:logGet(43)) - raft.server.snapshot.auto.trigger.enabled = true (custom)
2019-09-25 11:53:59,578 [pool-297-thread-1] INFO  server.RaftServerConfigKeys (ConfUtils.java:logGet(43)) - raft.server.snapshot.auto.trigger.threshold = 10000 (custom)
2019-09-25 11:53:59,578 [pool-297-thread-1] INFO  server.RaftServerConfigKeys (ConfUtils.java:logGet(43)) - raft.server.snapshot.retention.num.files = 5 (custom)
2019-09-25 11:53:59,579 [pool-297-thread-1] INFO  server.RaftServerConfigKeys (ConfUtils.java:logGet(43)) - raft.server.retrycache.expirytime = 600000ms (custom)
2019-09-25 11:53:59,580 [pool-297-thread-1] INFO  impl.RaftServerImpl (RaftServerImpl.java:start(185)) - 79b53b50-4b75-4974-b7b4-8ebe13ba2130@group-F801CC5A844D: start as a follower, conf=-1: [79b53b50-4b75-4974-b7b4-8ebe13ba2130:192.168.30.6:39431], old=null
2019-09-25 11:53:59,580 [pool-297-thread-1] INFO  impl.RaftServerImpl (RaftServerImpl.java:setRole(174)) - 79b53b50-4b75-4974-b7b4-8ebe13ba2130@group-F801CC5A844D: changes role from      null to FOLLOWER at term 0 for startAsFollower
2019-09-25 11:53:59,580 [pool-297-thread-1] INFO  impl.RoleInfo (RoleInfo.java:updateAndGet(143)) - 79b53b50-4b75-4974-b7b4-8ebe13ba2130: start FollowerState
2019-09-25 11:53:59,581 [pool-297-thread-1] INFO  util.JmxRegister (JmxRegister.java:tryRegister(44)) - Successfully registered JMX Bean with object name Ratis:service=RaftServer,group=group-F801CC5A844D,id=79b53b50-4b75-4974-b7b4-8ebe13ba2130
2019-09-25 11:53:59,583 [RatisPipelineUtilsThread] INFO  pipeline.PipelineStateManager (PipelineStateManager.java:addPipeline(56)) - Created pipeline Pipeline[ Id: 02460bfc-9ac3-4b0f-aa0e-f801cc5a844d, Nodes: 79b53b50-4b75-4974-b7b4-8ebe13ba2130{ip: 192.168.30.6, host: pr-hdds-1569-5gmkr-4255264070, networkLocation: /default-rack, certSerialId: null}, Type:RATIS, Factor:ONE, State:OPEN]
2019-09-25 11:53:59,588 [grpc-default-executor-0] INFO  impl.RaftServerProxy (RaftServerProxy.java:addNew(89)) - a45f638e-6aa6-4b63-8c44-704381a85e0f: addNew group-ACC1223340D1:[a45f638e-6aa6-4b63-8c44-704381a85e0f:192.168.30.6:38299] returns group-ACC1223340D1:java.util.concurrent.CompletableFuture@5613386d[Not completed]
2019-09-25 11:53:59,589 [pool-277-thread-1] INFO  impl.RaftServerImpl (RaftServerImpl.java:<init>(95)) - a45f638e-6aa6-4b63-8c44-704381a85e0f: new RaftServerImpl for group-ACC1223340D1:[a45f638e-6aa6-4b63-8c44-704381a85e0f:192.168.30.6:38299] with ContainerStateMachine:uninitialized
2019-09-25 11:53:59,590 [pool-277-thread-1] INFO  server.RaftServerConfigKeys (ConfUtils.java:logGet(43)) - raft.server.rpc.timeout.min = 5s (custom)
2019-09-25 11:53:59,590 [pool-277-thread-1] INFO  server.RaftServerConfigKeys (ConfUtils.java:logGet(43)) - raft.server.rpc.timeout.max = 5200ms (custom)
2019-09-25 11:53:59,590 [pool-277-thread-1] INFO  server.RaftServerConfigKeys (ConfUtils.java:logGet(43)) - raft.server.rpcslowness.timeout = 120s (custom)
2019-09-25 11:53:59,590 [pool-277-thread-1] INFO  server.RaftServerConfigKeys (ConfUtils.java:logGet(43)) - raft.server.sleep.deviation.threshold = 300 (default)
2019-09-25 11:53:59,590 [pool-277-thread-1] INFO  server.RaftServerConfigKeys (ConfUtils.java:logGet(43)) - raft.server.log.appender.install.snapshot.enabled = false (custom)
2019-09-25 11:53:59,590 [pool-277-thread-1] INFO  impl.RaftServerImpl (ServerState.java:<init>(103)) - a45f638e-6aa6-4b63-8c44-704381a85e0f@group-ACC1223340D1: ConfigurationManager, init=-1: [a45f638e-6aa6-4b63-8c44-704381a85e0f:192.168.30.6:38299], old=null, confs=<EMPTY_MAP>
2019-09-25 11:53:59,590 [pool-277-thread-1] INFO  server.RaftServerConfigKeys (ConfUtils.java:logGet(43)) - raft.server.storage.dir = [/workdir/hadoop-ozone/ozonefs/target/test-dir/MiniOzoneClusterImpl-4e8ed6f3-3514-43a4-bf24-c8399dbc0a4f/datanode-0/data/ratis] (custom)
2019-09-25 11:53:59,591 [pool-277-thread-1] INFO  storage.RaftStorageDirectory (RaftStorageDirectory.java:analyzeStorage(246)) - The storage directory /workdir/hadoop-ozone/ozonefs/target/test-dir/MiniOzoneClusterImpl-4e8ed6f3-3514-43a4-bf24-c8399dbc0a4f/datanode-0/data/ratis/2db47560-f891-4bcc-b6b1-acc1223340d1 does not exist. Creating ...
2019-09-25 11:53:59,604 [pool-277-thread-1] INFO  storage.RaftStorageDirectory (RaftStorageDirectory.java:tryLock(328)) - Lock on /workdir/hadoop-ozone/ozonefs/target/test-dir/MiniOzoneClusterImpl-4e8ed6f3-3514-43a4-bf24-c8399dbc0a4f/datanode-0/data/ratis/2db47560-f891-4bcc-b6b1-acc1223340d1/in_use.lock acquired by nodename 25060@pr-hdds-1569-5gmkr-4255264070
2019-09-25 11:53:59,657 [pool-277-thread-1] INFO  storage.RaftStorage (RaftStorage.java:format(72)) - Storage directory /workdir/hadoop-ozone/ozonefs/target/test-dir/MiniOzoneClusterImpl-4e8ed6f3-3514-43a4-bf24-c8399dbc0a4f/datanode-0/data/ratis/2db47560-f891-4bcc-b6b1-acc1223340d1 has been successfully formatted.
2019-09-25 11:53:59,657 [pool-277-thread-1] INFO  ratis.ContainerStateMachine (ContainerStateMachine.java:loadSnapshot(230)) - group-ACC1223340D1: The snapshot info is null. Setting the last applied indexto:(t:0, i:~)
2019-09-25 11:53:59,658 [pool-277-thread-1] INFO  server.RaftServerConfigKeys (ConfUtils.java:logGet(43)) - raft.server.notification.no-leader.timeout = 120s (custom)
2019-09-25 11:53:59,658 [pool-277-thread-1] INFO  server.RaftServerConfigKeys (ConfUtils.java:logGet(43)) - raft.server.log.use.memory = false (default)
2019-09-25 11:53:59,658 [pool-277-thread-1] INFO  server.RaftServerConfigKeys (ConfUtils.java:logGet(43)) - raft.server.log.purge.gap = 1000000 (custom)
2019-09-25 11:53:59,658 [pool-277-thread-1] INFO  server.RaftServerConfigKeys (ConfUtils.java:logGet(43)) - raft.server.log.appender.buffer.byte-limit = 33554432 (custom)
2019-09-25 11:53:59,658 [pool-277-thread-1] INFO  server.RaftServerConfigKeys (ConfUtils.java:logGet(43)) - raft.server.log.segment.size.max = 1048576 (custom)
2019-09-25 11:53:59,658 [pool-277-thread-1] INFO  server.RaftServerConfigKeys (ConfUtils.java:logGet(43)) - raft.server.log.segment.cache.num.max = 2 (custom)
2019-09-25 11:53:59,658 [pool-277-thread-1] INFO  segmented.SegmentedRaftLogWorker (SegmentedRaftLogWorker.java:<init>(172)) - new a45f638e-6aa6-4b63-8c44-704381a85e0f@group-ACC1223340D1-SegmentedRaftLogWorker for RaftStorage:Storage Directory /workdir/hadoop-ozone/ozonefs/target/test-dir/MiniOzoneClusterImpl-4e8ed6f3-3514-43a4-bf24-c8399dbc0a4f/datanode-0/data/ratis/2db47560-f891-4bcc-b6b1-acc1223340d1
2019-09-25 11:53:59,658 [pool-277-thread-1] INFO  server.RaftServerConfigKeys (ConfUtils.java:logGet(43)) - raft.server.log.queue.byte-limit = 2147483647 (custom)
2019-09-25 11:53:59,659 [pool-277-thread-1] INFO  server.RaftServerConfigKeys (ConfUtils.java:logGet(43)) - raft.server.log.queue.element-limit = 1024 (custom)
2019-09-25 11:53:59,659 [pool-277-thread-1] INFO  server.RaftServerConfigKeys (ConfUtils.java:logGet(43)) - raft.server.log.segment.size.max = 1048576 (custom)
2019-09-25 11:53:59,659 [pool-277-thread-1] INFO  server.RaftServerConfigKeys (ConfUtils.java:logGet(43)) - raft.server.log.preallocated.size = 16384 (custom)
2019-09-25 11:53:59,659 [pool-277-thread-1] INFO  server.RaftServerConfigKeys (ConfUtils.java:logGet(43)) - raft.server.log.write.buffer.size = 33554432 (custom)
2019-09-25 11:53:59,659 [pool-277-thread-1] INFO  server.RaftServerConfigKeys (ConfUtils.java:logGet(43)) - raft.server.log.force.sync.num = 128 (default)
2019-09-25 11:53:59,659 [pool-277-thread-1] INFO  server.RaftServerConfigKeys (ConfUtils.java:logGet(43)) - raft.server.log.statemachine.data.sync = true (default)
2019-09-25 11:53:59,659 [pool-277-thread-1] INFO  server.RaftServerConfigKeys (ConfUtils.java:logGet(43)) - raft.server.log.statemachine.data.sync.timeout = 10s (default)
2019-09-25 11:53:59,660 [pool-277-thread-1] INFO  server.RaftServerConfigKeys (ConfUtils.java:logGet(43)) - raft.server.log.statemachine.data.sync.timeout.retry = -1 (default)
2019-09-25 11:53:59,660 [pool-277-thread-1] INFO  server.RaftServerConfigKeys (ConfUtils.java:logGet(43)) - raft.server.log.statemachine.data.caching.enabled = true (custom)
2019-09-25 11:53:59,660 [pool-277-thread-1] INFO  segmented.SegmentedRaftLogWorker (SegmentedRaftLogWorker.java:lambda$new$0(132)) - a45f638e-6aa6-4b63-8c44-704381a85e0f@group-ACC1223340D1-SegmentedRaftLogWorker: flushIndex: setUnconditionally 0 -> -1
2019-09-25 11:53:59,660 [pool-277-thread-1] INFO  server.RaftServerConfigKeys (ConfUtils.java:logGet(43)) - raft.server.snapshot.auto.trigger.enabled = true (custom)
2019-09-25 11:53:59,660 [pool-277-thread-1] INFO  server.RaftServerConfigKeys (ConfUtils.java:logGet(43)) - raft.server.snapshot.auto.trigger.threshold = 10000 (custom)
2019-09-25 11:53:59,660 [pool-277-thread-1] INFO  server.RaftServerConfigKeys (ConfUtils.java:logGet(43)) - raft.server.snapshot.retention.num.files = 5 (custom)
2019-09-25 11:53:59,661 [pool-277-thread-1] INFO  server.RaftServerConfigKeys (ConfUtils.java:logGet(43)) - raft.server.retrycache.expirytime = 600000ms (custom)
2019-09-25 11:53:59,662 [pool-277-thread-1] INFO  impl.RaftServerImpl (RaftServerImpl.java:start(185)) - a45f638e-6aa6-4b63-8c44-704381a85e0f@group-ACC1223340D1: start as a follower, conf=-1: [a45f638e-6aa6-4b63-8c44-704381a85e0f:192.168.30.6:38299], old=null
2019-09-25 11:53:59,662 [pool-277-thread-1] INFO  impl.RaftServerImpl (RaftServerImpl.java:setRole(174)) - a45f638e-6aa6-4b63-8c44-704381a85e0f@group-ACC1223340D1: changes role from      null to FOLLOWER at term 0 for startAsFollower
2019-09-25 11:53:59,662 [pool-277-thread-1] INFO  impl.RoleInfo (RoleInfo.java:updateAndGet(143)) - a45f638e-6aa6-4b63-8c44-704381a85e0f: start FollowerState
2019-09-25 11:53:59,663 [pool-277-thread-1] INFO  util.JmxRegister (JmxRegister.java:tryRegister(44)) - Successfully registered JMX Bean with object name Ratis:service=RaftServer,group=group-ACC1223340D1,id=a45f638e-6aa6-4b63-8c44-704381a85e0f
2019-09-25 11:53:59,665 [RatisPipelineUtilsThread] INFO  pipeline.PipelineStateManager (PipelineStateManager.java:addPipeline(56)) - Created pipeline Pipeline[ Id: 2db47560-f891-4bcc-b6b1-acc1223340d1, Nodes: a45f638e-6aa6-4b63-8c44-704381a85e0f{ip: 192.168.30.6, host: pr-hdds-1569-5gmkr-4255264070, networkLocation: /default-rack, certSerialId: null}, Type:RATIS, Factor:ONE, State:OPEN]
2019-09-25 11:53:59,671 [grpc-default-executor-0] INFO  impl.RaftServerProxy (RaftServerProxy.java:addNew(89)) - aa1c61a4-72d4-4b88-ae57-2b0e5f9a6d89: addNew group-336DBDB669D3:[aa1c61a4-72d4-4b88-ae57-2b0e5f9a6d89:192.168.30.6:43603] returns group-336DBDB669D3:java.util.concurrent.CompletableFuture@445eda63[Not completed]
2019-09-25 11:53:59,672 [pool-287-thread-1] INFO  impl.RaftServerImpl (RaftServerImpl.java:<init>(95)) - aa1c61a4-72d4-4b88-ae57-2b0e5f9a6d89: new RaftServerImpl for group-336DBDB669D3:[aa1c61a4-72d4-4b88-ae57-2b0e5f9a6d89:192.168.30.6:43603] with ContainerStateMachine:uninitialized
2019-09-25 11:53:59,672 [pool-287-thread-1] INFO  server.RaftServerConfigKeys (ConfUtils.java:logGet(43)) - raft.server.rpc.timeout.min = 5s (custom)
2019-09-25 11:53:59,673 [pool-287-thread-1] INFO  server.RaftServerConfigKeys (ConfUtils.java:logGet(43)) - raft.server.rpc.timeout.max = 5200ms (custom)
2019-09-25 11:53:59,673 [pool-287-thread-1] INFO  server.RaftServerConfigKeys (ConfUtils.java:logGet(43)) - raft.server.rpcslowness.timeout = 120s (custom)
2019-09-25 11:53:59,673 [pool-287-thread-1] INFO  server.RaftServerConfigKeys (ConfUtils.java:logGet(43)) - raft.server.sleep.deviation.threshold = 300 (default)
2019-09-25 11:53:59,673 [pool-287-thread-1] INFO  server.RaftServerConfigKeys (ConfUtils.java:logGet(43)) - raft.server.log.appender.install.snapshot.enabled = false (custom)
2019-09-25 11:53:59,673 [pool-287-thread-1] INFO  impl.RaftServerImpl (ServerState.java:<init>(103)) - aa1c61a4-72d4-4b88-ae57-2b0e5f9a6d89@group-336DBDB669D3: ConfigurationManager, init=-1: [aa1c61a4-72d4-4b88-ae57-2b0e5f9a6d89:192.168.30.6:43603], old=null, confs=<EMPTY_MAP>
2019-09-25 11:53:59,673 [pool-287-thread-1] INFO  server.RaftServerConfigKeys (ConfUtils.java:logGet(43)) - raft.server.storage.dir = [/workdir/hadoop-ozone/ozonefs/target/test-dir/MiniOzoneClusterImpl-4e8ed6f3-3514-43a4-bf24-c8399dbc0a4f/datanode-1/data/ratis] (custom)
2019-09-25 11:53:59,674 [pool-287-thread-1] INFO  storage.RaftStorageDirectory (RaftStorageDirectory.java:analyzeStorage(246)) - The storage directory /workdir/hadoop-ozone/ozonefs/target/test-dir/MiniOzoneClusterImpl-4e8ed6f3-3514-43a4-bf24-c8399dbc0a4f/datanode-1/data/ratis/742fe404-d851-41db-a652-336dbdb669d3 does not exist. Creating ...
2019-09-25 11:53:59,687 [pool-287-thread-1] INFO  storage.RaftStorageDirectory (RaftStorageDirectory.java:tryLock(328)) - Lock on /workdir/hadoop-ozone/ozonefs/target/test-dir/MiniOzoneClusterImpl-4e8ed6f3-3514-43a4-bf24-c8399dbc0a4f/datanode-1/data/ratis/742fe404-d851-41db-a652-336dbdb669d3/in_use.lock acquired by nodename 25060@pr-hdds-1569-5gmkr-4255264070
2019-09-25 11:53:59,709 [pool-287-thread-1] INFO  storage.RaftStorage (RaftStorage.java:format(72)) - Storage directory /workdir/hadoop-ozone/ozonefs/target/test-dir/MiniOzoneClusterImpl-4e8ed6f3-3514-43a4-bf24-c8399dbc0a4f/datanode-1/data/ratis/742fe404-d851-41db-a652-336dbdb669d3 has been successfully formatted.
2019-09-25 11:53:59,709 [pool-287-thread-1] INFO  ratis.ContainerStateMachine (ContainerStateMachine.java:loadSnapshot(230)) - group-336DBDB669D3: The snapshot info is null. Setting the last applied indexto:(t:0, i:~)
2019-09-25 11:53:59,709 [pool-287-thread-1] INFO  server.RaftServerConfigKeys (ConfUtils.java:logGet(43)) - raft.server.notification.no-leader.timeout = 120s (custom)
2019-09-25 11:53:59,709 [pool-287-thread-1] INFO  server.RaftServerConfigKeys (ConfUtils.java:logGet(43)) - raft.server.log.use.memory = false (default)
2019-09-25 11:53:59,710 [pool-287-thread-1] INFO  server.RaftServerConfigKeys (ConfUtils.java:logGet(43)) - raft.server.log.purge.gap = 1000000 (custom)
2019-09-25 11:53:59,710 [pool-287-thread-1] INFO  server.RaftServerConfigKeys (ConfUtils.java:logGet(43)) - raft.server.log.appender.buffer.byte-limit = 33554432 (custom)
2019-09-25 11:53:59,710 [pool-287-thread-1] INFO  server.RaftServerConfigKeys (ConfUtils.java:logGet(43)) - raft.server.log.segment.size.max = 1048576 (custom)
2019-09-25 11:53:59,710 [pool-287-thread-1] INFO  server.RaftServerConfigKeys (ConfUtils.java:logGet(43)) - raft.server.log.segment.cache.num.max = 2 (custom)
2019-09-25 11:53:59,710 [pool-287-thread-1] INFO  segmented.SegmentedRaftLogWorker (SegmentedRaftLogWorker.java:<init>(172)) - new aa1c61a4-72d4-4b88-ae57-2b0e5f9a6d89@group-336DBDB669D3-SegmentedRaftLogWorker for RaftStorage:Storage Directory /workdir/hadoop-ozone/ozonefs/target/test-dir/MiniOzoneClusterImpl-4e8ed6f3-3514-43a4-bf24-c8399dbc0a4f/datanode-1/data/ratis/742fe404-d851-41db-a652-336dbdb669d3
2019-09-25 11:53:59,710 [pool-287-thread-1] INFO  server.RaftServerConfigKeys (ConfUtils.java:logGet(43)) - raft.server.log.queue.byte-limit = 2147483647 (custom)
2019-09-25 11:53:59,710 [pool-287-thread-1] INFO  server.RaftServerConfigKeys (ConfUtils.java:logGet(43)) - raft.server.log.queue.element-limit = 1024 (custom)
2019-09-25 11:53:59,711 [pool-287-thread-1] INFO  server.RaftServerConfigKeys (ConfUtils.java:logGet(43)) - raft.server.log.segment.size.max = 1048576 (custom)
2019-09-25 11:53:59,711 [pool-287-thread-1] INFO  server.RaftServerConfigKeys (ConfUtils.java:logGet(43)) - raft.server.log.preallocated.size = 16384 (custom)
2019-09-25 11:53:59,711 [pool-287-thread-1] INFO  server.RaftServerConfigKeys (ConfUtils.java:logGet(43)) - raft.server.log.write.buffer.size = 33554432 (custom)
2019-09-25 11:53:59,711 [pool-287-thread-1] INFO  server.RaftServerConfigKeys (ConfUtils.java:logGet(43)) - raft.server.log.force.sync.num = 128 (default)
2019-09-25 11:53:59,711 [pool-287-thread-1] INFO  server.RaftServerConfigKeys (ConfUtils.java:logGet(43)) - raft.server.log.statemachine.data.sync = true (default)
2019-09-25 11:53:59,711 [pool-287-thread-1] INFO  server.RaftServerConfigKeys (ConfUtils.java:logGet(43)) - raft.server.log.statemachine.data.sync.timeout = 10s (default)
2019-09-25 11:53:59,711 [pool-287-thread-1] INFO  server.RaftServerConfigKeys (ConfUtils.java:logGet(43)) - raft.server.log.statemachine.data.sync.timeout.retry = -1 (default)
2019-09-25 11:53:59,711 [pool-287-thread-1] INFO  server.RaftServerConfigKeys (ConfUtils.java:logGet(43)) - raft.server.log.statemachine.data.caching.enabled = true (custom)
2019-09-25 11:53:59,712 [pool-287-thread-1] INFO  segmented.SegmentedRaftLogWorker (SegmentedRaftLogWorker.java:lambda$new$0(132)) - aa1c61a4-72d4-4b88-ae57-2b0e5f9a6d89@group-336DBDB669D3-SegmentedRaftLogWorker: flushIndex: setUnconditionally 0 -> -1
2019-09-25 11:53:59,712 [pool-287-thread-1] INFO  server.RaftServerConfigKeys (ConfUtils.java:logGet(43)) - raft.server.snapshot.auto.trigger.enabled = true (custom)
2019-09-25 11:53:59,712 [pool-287-thread-1] INFO  server.RaftServerConfigKeys (ConfUtils.java:logGet(43)) - raft.server.snapshot.auto.trigger.threshold = 10000 (custom)
2019-09-25 11:53:59,712 [pool-287-thread-1] INFO  server.RaftServerConfigKeys (ConfUtils.java:logGet(43)) - raft.server.snapshot.retention.num.files = 5 (custom)
2019-09-25 11:53:59,712 [pool-287-thread-1] INFO  server.RaftServerConfigKeys (ConfUtils.java:logGet(43)) - raft.server.retrycache.expirytime = 600000ms (custom)
2019-09-25 11:53:59,714 [pool-287-thread-1] INFO  impl.RaftServerImpl (RaftServerImpl.java:start(185)) - aa1c61a4-72d4-4b88-ae57-2b0e5f9a6d89@group-336DBDB669D3: start as a follower, conf=-1: [aa1c61a4-72d4-4b88-ae57-2b0e5f9a6d89:192.168.30.6:43603], old=null
2019-09-25 11:53:59,714 [pool-287-thread-1] INFO  impl.RaftServerImpl (RaftServerImpl.java:setRole(174)) - aa1c61a4-72d4-4b88-ae57-2b0e5f9a6d89@group-336DBDB669D3: changes role from      null to FOLLOWER at term 0 for startAsFollower
2019-09-25 11:53:59,714 [pool-287-thread-1] INFO  impl.RoleInfo (RoleInfo.java:updateAndGet(143)) - aa1c61a4-72d4-4b88-ae57-2b0e5f9a6d89: start FollowerState
2019-09-25 11:53:59,714 [pool-287-thread-1] INFO  util.JmxRegister (JmxRegister.java:tryRegister(44)) - Successfully registered JMX Bean with object name Ratis:service=RaftServer,group=group-336DBDB669D3,id=aa1c61a4-72d4-4b88-ae57-2b0e5f9a6d89
2019-09-25 11:53:59,716 [RatisPipelineUtilsThread] INFO  pipeline.PipelineStateManager (PipelineStateManager.java:addPipeline(56)) - Created pipeline Pipeline[ Id: 742fe404-d851-41db-a652-336dbdb669d3, Nodes: aa1c61a4-72d4-4b88-ae57-2b0e5f9a6d89{ip: 192.168.30.6, host: pr-hdds-1569-5gmkr-4255264070, networkLocation: /default-rack, certSerialId: null}, Type:RATIS, Factor:ONE, State:OPEN]
2019-09-25 11:53:59,721 [grpc-default-executor-0] INFO  impl.RaftServerProxy (RaftServerProxy.java:addNew(89)) - a45f638e-6aa6-4b63-8c44-704381a85e0f: addNew group-AFB842382D42:[a45f638e-6aa6-4b63-8c44-704381a85e0f:192.168.30.6:38299] returns group-AFB842382D42:java.util.concurrent.CompletableFuture@4d617216[Not completed]
2019-09-25 11:53:59,722 [pool-277-thread-1] INFO  impl.RaftServerImpl (RaftServerImpl.java:<init>(95)) - a45f638e-6aa6-4b63-8c44-704381a85e0f: new RaftServerImpl for group-AFB842382D42:[a45f638e-6aa6-4b63-8c44-704381a85e0f:192.168.30.6:38299] with ContainerStateMachine:uninitialized
2019-09-25 11:53:59,722 [pool-277-thread-1] INFO  server.RaftServerConfigKeys (ConfUtils.java:logGet(43)) - raft.server.rpc.timeout.min = 5s (custom)
2019-09-25 11:53:59,722 [pool-277-thread-1] INFO  server.RaftServerConfigKeys (ConfUtils.java:logGet(43)) - raft.server.rpc.timeout.max = 5200ms (custom)
2019-09-25 11:53:59,722 [pool-277-thread-1] INFO  server.RaftServerConfigKeys (ConfUtils.java:logGet(43)) - raft.server.rpcslowness.timeout = 120s (custom)
2019-09-25 11:53:59,722 [pool-277-thread-1] INFO  server.RaftServerConfigKeys (ConfUtils.java:logGet(43)) - raft.server.sleep.deviation.threshold = 300 (default)
2019-09-25 11:53:59,723 [pool-277-thread-1] INFO  server.RaftServerConfigKeys (ConfUtils.java:logGet(43)) - raft.server.log.appender.install.snapshot.enabled = false (custom)
2019-09-25 11:53:59,723 [pool-277-thread-1] INFO  impl.RaftServerImpl (ServerState.java:<init>(103)) - a45f638e-6aa6-4b63-8c44-704381a85e0f@group-AFB842382D42: ConfigurationManager, init=-1: [a45f638e-6aa6-4b63-8c44-704381a85e0f:192.168.30.6:38299], old=null, confs=<EMPTY_MAP>
2019-09-25 11:53:59,723 [pool-277-thread-1] INFO  server.RaftServerConfigKeys (ConfUtils.java:logGet(43)) - raft.server.storage.dir = [/workdir/hadoop-ozone/ozonefs/target/test-dir/MiniOzoneClusterImpl-4e8ed6f3-3514-43a4-bf24-c8399dbc0a4f/datanode-0/data/ratis] (custom)
2019-09-25 11:53:59,723 [pool-277-thread-1] INFO  storage.RaftStorageDirectory (RaftStorageDirectory.java:analyzeStorage(246)) - The storage directory /workdir/hadoop-ozone/ozonefs/target/test-dir/MiniOzoneClusterImpl-4e8ed6f3-3514-43a4-bf24-c8399dbc0a4f/datanode-0/data/ratis/4387d1d2-61bd-4dfc-bbf2-afb842382d42 does not exist. Creating ...
2019-09-25 11:53:59,762 [pool-277-thread-1] INFO  storage.RaftStorageDirectory (RaftStorageDirectory.java:tryLock(328)) - Lock on /workdir/hadoop-ozone/ozonefs/target/test-dir/MiniOzoneClusterImpl-4e8ed6f3-3514-43a4-bf24-c8399dbc0a4f/datanode-0/data/ratis/4387d1d2-61bd-4dfc-bbf2-afb842382d42/in_use.lock acquired by nodename 25060@pr-hdds-1569-5gmkr-4255264070
2019-09-25 11:53:59,839 [pool-277-thread-1] INFO  storage.RaftStorage (RaftStorage.java:format(72)) - Storage directory /workdir/hadoop-ozone/ozonefs/target/test-dir/MiniOzoneClusterImpl-4e8ed6f3-3514-43a4-bf24-c8399dbc0a4f/datanode-0/data/ratis/4387d1d2-61bd-4dfc-bbf2-afb842382d42 has been successfully formatted.
2019-09-25 11:53:59,839 [pool-277-thread-1] INFO  ratis.ContainerStateMachine (ContainerStateMachine.java:loadSnapshot(230)) - group-AFB842382D42: The snapshot info is null. Setting the last applied indexto:(t:0, i:~)
2019-09-25 11:53:59,839 [pool-277-thread-1] INFO  server.RaftServerConfigKeys (ConfUtils.java:logGet(43)) - raft.server.notification.no-leader.timeout = 120s (custom)
2019-09-25 11:53:59,840 [pool-277-thread-1] INFO  server.RaftServerConfigKeys (ConfUtils.java:logGet(43)) - raft.server.log.use.memory = false (default)
2019-09-25 11:53:59,840 [pool-277-thread-1] INFO  server.RaftServerConfigKeys (ConfUtils.java:logGet(43)) - raft.server.log.purge.gap = 1000000 (custom)
2019-09-25 11:53:59,840 [pool-277-thread-1] INFO  server.RaftServerConfigKeys (ConfUtils.java:logGet(43)) - raft.server.log.appender.buffer.byte-limit = 33554432 (custom)
2019-09-25 11:53:59,840 [pool-277-thread-1] INFO  server.RaftServerConfigKeys (ConfUtils.java:logGet(43)) - raft.server.log.segment.size.max = 1048576 (custom)
2019-09-25 11:53:59,840 [pool-277-thread-1] INFO  server.RaftServerConfigKeys (ConfUtils.java:logGet(43)) - raft.server.log.segment.cache.num.max = 2 (custom)
2019-09-25 11:53:59,840 [pool-277-thread-1] INFO  segmented.SegmentedRaftLogWorker (SegmentedRaftLogWorker.java:<init>(172)) - new a45f638e-6aa6-4b63-8c44-704381a85e0f@group-AFB842382D42-SegmentedRaftLogWorker for RaftStorage:Storage Directory /workdir/hadoop-ozone/ozonefs/target/test-dir/MiniOzoneClusterImpl-4e8ed6f3-3514-43a4-bf24-c8399dbc0a4f/datanode-0/data/ratis/4387d1d2-61bd-4dfc-bbf2-afb842382d42
2019-09-25 11:53:59,840 [pool-277-thread-1] INFO  server.RaftServerConfigKeys (ConfUtils.java:logGet(43)) - raft.server.log.queue.byte-limit = 2147483647 (custom)
2019-09-25 11:53:59,841 [pool-277-thread-1] INFO  server.RaftServerConfigKeys (ConfUtils.java:logGet(43)) - raft.server.log.queue.element-limit = 1024 (custom)
2019-09-25 11:53:59,841 [pool-277-thread-1] INFO  server.RaftServerConfigKeys (ConfUtils.java:logGet(43)) - raft.server.log.segment.size.max = 1048576 (custom)
2019-09-25 11:53:59,841 [pool-277-thread-1] INFO  server.RaftServerConfigKeys (ConfUtils.java:logGet(43)) - raft.server.log.preallocated.size = 16384 (custom)
2019-09-25 11:53:59,841 [pool-277-thread-1] INFO  server.RaftServerConfigKeys (ConfUtils.java:logGet(43)) - raft.server.log.write.buffer.size = 33554432 (custom)
2019-09-25 11:53:59,841 [pool-277-thread-1] INFO  server.RaftServerConfigKeys (ConfUtils.java:logGet(43)) - raft.server.log.force.sync.num = 128 (default)
2019-09-25 11:53:59,841 [pool-277-thread-1] INFO  server.RaftServerConfigKeys (ConfUtils.java:logGet(43)) - raft.server.log.statemachine.data.sync = true (default)
2019-09-25 11:53:59,842 [pool-277-thread-1] INFO  server.RaftServerConfigKeys (ConfUtils.java:logGet(43)) - raft.server.log.statemachine.data.sync.timeout = 10s (default)
2019-09-25 11:53:59,842 [pool-277-thread-1] INFO  server.RaftServerConfigKeys (ConfUtils.java:logGet(43)) - raft.server.log.statemachine.data.sync.timeout.retry = -1 (default)
2019-09-25 11:53:59,842 [pool-277-thread-1] INFO  server.RaftServerConfigKeys (ConfUtils.java:logGet(43)) - raft.server.log.statemachine.data.caching.enabled = true (custom)
2019-09-25 11:53:59,842 [pool-277-thread-1] INFO  segmented.SegmentedRaftLogWorker (SegmentedRaftLogWorker.java:lambda$new$0(132)) - a45f638e-6aa6-4b63-8c44-704381a85e0f@group-AFB842382D42-SegmentedRaftLogWorker: flushIndex: setUnconditionally 0 -> -1
2019-09-25 11:53:59,843 [pool-277-thread-1] INFO  server.RaftServerConfigKeys (ConfUtils.java:logGet(43)) - raft.server.snapshot.auto.trigger.enabled = true (custom)
2019-09-25 11:53:59,843 [pool-277-thread-1] INFO  server.RaftServerConfigKeys (ConfUtils.java:logGet(43)) - raft.server.snapshot.auto.trigger.threshold = 10000 (custom)
2019-09-25 11:53:59,843 [pool-277-thread-1] INFO  server.RaftServerConfigKeys (ConfUtils.java:logGet(43)) - raft.server.snapshot.retention.num.files = 5 (custom)
2019-09-25 11:53:59,843 [pool-277-thread-1] INFO  server.RaftServerConfigKeys (ConfUtils.java:logGet(43)) - raft.server.retrycache.expirytime = 600000ms (custom)
2019-09-25 11:53:59,845 [pool-277-thread-1] INFO  impl.RaftServerImpl (RaftServerImpl.java:start(185)) - a45f638e-6aa6-4b63-8c44-704381a85e0f@group-AFB842382D42: start as a follower, conf=-1: [a45f638e-6aa6-4b63-8c44-704381a85e0f:192.168.30.6:38299], old=null
2019-09-25 11:53:59,845 [pool-277-thread-1] INFO  impl.RaftServerImpl (RaftServerImpl.java:setRole(174)) - a45f638e-6aa6-4b63-8c44-704381a85e0f@group-AFB842382D42: changes role from      null to FOLLOWER at term 0 for startAsFollower
2019-09-25 11:53:59,845 [pool-277-thread-1] INFO  impl.RoleInfo (RoleInfo.java:updateAndGet(143)) - a45f638e-6aa6-4b63-8c44-704381a85e0f: start FollowerState
2019-09-25 11:53:59,846 [pool-277-thread-1] INFO  util.JmxRegister (JmxRegister.java:tryRegister(44)) - Successfully registered JMX Bean with object name Ratis:service=RaftServer,group=group-AFB842382D42,id=a45f638e-6aa6-4b63-8c44-704381a85e0f
2019-09-25 11:53:59,849 [RatisPipelineUtilsThread] INFO  pipeline.PipelineStateManager (PipelineStateManager.java:addPipeline(56)) - Created pipeline Pipeline[ Id: 4387d1d2-61bd-4dfc-bbf2-afb842382d42, Nodes: a45f638e-6aa6-4b63-8c44-704381a85e0f{ip: 192.168.30.6, host: pr-hdds-1569-5gmkr-4255264070, networkLocation: /default-rack, certSerialId: null}, Type:RATIS, Factor:ONE, State:OPEN]
2019-09-25 11:53:59,855 [grpc-default-executor-0] INFO  impl.RaftServerProxy (RaftServerProxy.java:addNew(89)) - a45f638e-6aa6-4b63-8c44-704381a85e0f: addNew group-112832DEE986:[a45f638e-6aa6-4b63-8c44-704381a85e0f:192.168.30.6:38299] returns group-112832DEE986:java.util.concurrent.CompletableFuture@731b7868[Not completed]
2019-09-25 11:53:59,856 [pool-277-thread-1] INFO  impl.RaftServerImpl (RaftServerImpl.java:<init>(95)) - a45f638e-6aa6-4b63-8c44-704381a85e0f: new RaftServerImpl for group-112832DEE986:[a45f638e-6aa6-4b63-8c44-704381a85e0f:192.168.30.6:38299] with ContainerStateMachine:uninitialized
2019-09-25 11:53:59,856 [pool-277-thread-1] INFO  server.RaftServerConfigKeys (ConfUtils.java:logGet(43)) - raft.server.rpc.timeout.min = 5s (custom)
2019-09-25 11:53:59,856 [pool-277-thread-1] INFO  server.RaftServerConfigKeys (ConfUtils.java:logGet(43)) - raft.server.rpc.timeout.max = 5200ms (custom)
2019-09-25 11:53:59,856 [pool-277-thread-1] INFO  server.RaftServerConfigKeys (ConfUtils.java:logGet(43)) - raft.server.rpcslowness.timeout = 120s (custom)
2019-09-25 11:53:59,856 [pool-277-thread-1] INFO  server.RaftServerConfigKeys (ConfUtils.java:logGet(43)) - raft.server.sleep.deviation.threshold = 300 (default)
2019-09-25 11:53:59,856 [pool-277-thread-1] INFO  server.RaftServerConfigKeys (ConfUtils.java:logGet(43)) - raft.server.log.appender.install.snapshot.enabled = false (custom)
2019-09-25 11:53:59,856 [pool-277-thread-1] INFO  impl.RaftServerImpl (ServerState.java:<init>(103)) - a45f638e-6aa6-4b63-8c44-704381a85e0f@group-112832DEE986: ConfigurationManager, init=-1: [a45f638e-6aa6-4b63-8c44-704381a85e0f:192.168.30.6:38299], old=null, confs=<EMPTY_MAP>
2019-09-25 11:53:59,857 [pool-277-thread-1] INFO  server.RaftServerConfigKeys (ConfUtils.java:logGet(43)) - raft.server.storage.dir = [/workdir/hadoop-ozone/ozonefs/target/test-dir/MiniOzoneClusterImpl-4e8ed6f3-3514-43a4-bf24-c8399dbc0a4f/datanode-0/data/ratis] (custom)
2019-09-25 11:53:59,857 [pool-277-thread-1] INFO  storage.RaftStorageDirectory (RaftStorageDirectory.java:analyzeStorage(246)) - The storage directory /workdir/hadoop-ozone/ozonefs/target/test-dir/MiniOzoneClusterImpl-4e8ed6f3-3514-43a4-bf24-c8399dbc0a4f/datanode-0/data/ratis/a33138f5-8de9-474f-bd3e-112832dee986 does not exist. Creating ...
2019-09-25 11:53:59,906 [pool-277-thread-1] INFO  storage.RaftStorageDirectory (RaftStorageDirectory.java:tryLock(328)) - Lock on /workdir/hadoop-ozone/ozonefs/target/test-dir/MiniOzoneClusterImpl-4e8ed6f3-3514-43a4-bf24-c8399dbc0a4f/datanode-0/data/ratis/a33138f5-8de9-474f-bd3e-112832dee986/in_use.lock acquired by nodename 25060@pr-hdds-1569-5gmkr-4255264070
2019-09-25 11:53:59,919 [pool-277-thread-1] INFO  storage.RaftStorage (RaftStorage.java:format(72)) - Storage directory /workdir/hadoop-ozone/ozonefs/target/test-dir/MiniOzoneClusterImpl-4e8ed6f3-3514-43a4-bf24-c8399dbc0a4f/datanode-0/data/ratis/a33138f5-8de9-474f-bd3e-112832dee986 has been successfully formatted.
2019-09-25 11:53:59,920 [pool-277-thread-1] INFO  ratis.ContainerStateMachine (ContainerStateMachine.java:loadSnapshot(230)) - group-112832DEE986: The snapshot info is null. Setting the last applied indexto:(t:0, i:~)
2019-09-25 11:53:59,920 [pool-277-thread-1] INFO  server.RaftServerConfigKeys (ConfUtils.java:logGet(43)) - raft.server.notification.no-leader.timeout = 120s (custom)
2019-09-25 11:53:59,920 [pool-277-thread-1] INFO  server.RaftServerConfigKeys (ConfUtils.java:logGet(43)) - raft.server.log.use.memory = false (default)
2019-09-25 11:53:59,920 [pool-277-thread-1] INFO  server.RaftServerConfigKeys (ConfUtils.java:logGet(43)) - raft.server.log.purge.gap = 1000000 (custom)
2019-09-25 11:53:59,920 [pool-277-thread-1] INFO  server.RaftServerConfigKeys (ConfUtils.java:logGet(43)) - raft.server.log.appender.buffer.byte-limit = 33554432 (custom)
2019-09-25 11:53:59,920 [pool-277-thread-1] INFO  server.RaftServerConfigKeys (ConfUtils.java:logGet(43)) - raft.server.log.segment.size.max = 1048576 (custom)
2019-09-25 11:53:59,921 [pool-277-thread-1] INFO  server.RaftServerConfigKeys (ConfUtils.java:logGet(43)) - raft.server.log.segment.cache.num.max = 2 (custom)
2019-09-25 11:53:59,921 [pool-277-thread-1] INFO  segmented.SegmentedRaftLogWorker (SegmentedRaftLogWorker.java:<init>(172)) - new a45f638e-6aa6-4b63-8c44-704381a85e0f@group-112832DEE986-SegmentedRaftLogWorker for RaftStorage:Storage Directory /workdir/hadoop-ozone/ozonefs/target/test-dir/MiniOzoneClusterImpl-4e8ed6f3-3514-43a4-bf24-c8399dbc0a4f/datanode-0/data/ratis/a33138f5-8de9-474f-bd3e-112832dee986
2019-09-25 11:53:59,921 [pool-277-thread-1] INFO  server.RaftServerConfigKeys (ConfUtils.java:logGet(43)) - raft.server.log.queue.byte-limit = 2147483647 (custom)
2019-09-25 11:53:59,921 [pool-277-thread-1] INFO  server.RaftServerConfigKeys (ConfUtils.java:logGet(43)) - raft.server.log.queue.element-limit = 1024 (custom)
2019-09-25 11:53:59,921 [pool-277-thread-1] INFO  server.RaftServerConfigKeys (ConfUtils.java:logGet(43)) - raft.server.log.segment.size.max = 1048576 (custom)
2019-09-25 11:53:59,921 [pool-277-thread-1] INFO  server.RaftServerConfigKeys (ConfUtils.java:logGet(43)) - raft.server.log.preallocated.size = 16384 (custom)
2019-09-25 11:53:59,922 [pool-277-thread-1] INFO  server.RaftServerConfigKeys (ConfUtils.java:logGet(43)) - raft.server.log.write.buffer.size = 33554432 (custom)
2019-09-25 11:53:59,922 [pool-277-thread-1] INFO  server.RaftServerConfigKeys (ConfUtils.java:logGet(43)) - raft.server.log.force.sync.num = 128 (default)
2019-09-25 11:53:59,922 [pool-277-thread-1] INFO  server.RaftServerConfigKeys (ConfUtils.java:logGet(43)) - raft.server.log.statemachine.data.sync = true (default)
2019-09-25 11:53:59,922 [pool-277-thread-1] INFO  server.RaftServerConfigKeys (ConfUtils.java:logGet(43)) - raft.server.log.statemachine.data.sync.timeout = 10s (default)
2019-09-25 11:53:59,922 [pool-277-thread-1] INFO  server.RaftServerConfigKeys (ConfUtils.java:logGet(43)) - raft.server.log.statemachine.data.sync.timeout.retry = -1 (default)
2019-09-25 11:53:59,922 [pool-277-thread-1] INFO  server.RaftServerConfigKeys (ConfUtils.java:logGet(43)) - raft.server.log.statemachine.data.caching.enabled = true (custom)
2019-09-25 11:53:59,923 [pool-277-thread-1] INFO  segmented.SegmentedRaftLogWorker (SegmentedRaftLogWorker.java:lambda$new$0(132)) - a45f638e-6aa6-4b63-8c44-704381a85e0f@group-112832DEE986-SegmentedRaftLogWorker: flushIndex: setUnconditionally 0 -> -1
2019-09-25 11:53:59,923 [pool-277-thread-1] INFO  server.RaftServerConfigKeys (ConfUtils.java:logGet(43)) - raft.server.snapshot.auto.trigger.enabled = true (custom)
2019-09-25 11:53:59,923 [pool-277-thread-1] INFO  server.RaftServerConfigKeys (ConfUtils.java:logGet(43)) - raft.server.snapshot.auto.trigger.threshold = 10000 (custom)
2019-09-25 11:53:59,923 [pool-277-thread-1] INFO  server.RaftServerConfigKeys (ConfUtils.java:logGet(43)) - raft.server.snapshot.retention.num.files = 5 (custom)
2019-09-25 11:53:59,924 [pool-277-thread-1] INFO  server.RaftServerConfigKeys (ConfUtils.java:logGet(43)) - raft.server.retrycache.expirytime = 600000ms (custom)
2019-09-25 11:53:59,925 [pool-277-thread-1] INFO  impl.RaftServerImpl (RaftServerImpl.java:start(185)) - a45f638e-6aa6-4b63-8c44-704381a85e0f@group-112832DEE986: start as a follower, conf=-1: [a45f638e-6aa6-4b63-8c44-704381a85e0f:192.168.30.6:38299], old=null
2019-09-25 11:53:59,925 [pool-277-thread-1] INFO  impl.RaftServerImpl (RaftServerImpl.java:setRole(174)) - a45f638e-6aa6-4b63-8c44-704381a85e0f@group-112832DEE986: changes role from      null to FOLLOWER at term 0 for startAsFollower
2019-09-25 11:53:59,926 [pool-277-thread-1] INFO  impl.RoleInfo (RoleInfo.java:updateAndGet(143)) - a45f638e-6aa6-4b63-8c44-704381a85e0f: start FollowerState
2019-09-25 11:53:59,926 [pool-277-thread-1] INFO  util.JmxRegister (JmxRegister.java:tryRegister(44)) - Successfully registered JMX Bean with object name Ratis:service=RaftServer,group=group-112832DEE986,id=a45f638e-6aa6-4b63-8c44-704381a85e0f
2019-09-25 11:53:59,929 [RatisPipelineUtilsThread] INFO  pipeline.PipelineStateManager (PipelineStateManager.java:addPipeline(56)) - Created pipeline Pipeline[ Id: a33138f5-8de9-474f-bd3e-112832dee986, Nodes: a45f638e-6aa6-4b63-8c44-704381a85e0f{ip: 192.168.30.6, host: pr-hdds-1569-5gmkr-4255264070, networkLocation: /default-rack, certSerialId: null}, Type:RATIS, Factor:ONE, State:OPEN]
2019-09-25 11:53:59,935 [grpc-default-executor-0] INFO  impl.RaftServerProxy (RaftServerProxy.java:addNew(89)) - aa1c61a4-72d4-4b88-ae57-2b0e5f9a6d89: addNew group-41C91B30A6A2:[aa1c61a4-72d4-4b88-ae57-2b0e5f9a6d89:192.168.30.6:43603] returns group-41C91B30A6A2:java.util.concurrent.CompletableFuture@40b4eab9[Not completed]
2019-09-25 11:53:59,936 [pool-287-thread-1] INFO  impl.RaftServerImpl (RaftServerImpl.java:<init>(95)) - aa1c61a4-72d4-4b88-ae57-2b0e5f9a6d89: new RaftServerImpl for group-41C91B30A6A2:[aa1c61a4-72d4-4b88-ae57-2b0e5f9a6d89:192.168.30.6:43603] with ContainerStateMachine:uninitialized
2019-09-25 11:53:59,937 [pool-287-thread-1] INFO  server.RaftServerConfigKeys (ConfUtils.java:logGet(43)) - raft.server.rpc.timeout.min = 5s (custom)
2019-09-25 11:53:59,937 [pool-287-thread-1] INFO  server.RaftServerConfigKeys (ConfUtils.java:logGet(43)) - raft.server.rpc.timeout.max = 5200ms (custom)
2019-09-25 11:53:59,937 [pool-287-thread-1] INFO  server.RaftServerConfigKeys (ConfUtils.java:logGet(43)) - raft.server.rpcslowness.timeout = 120s (custom)
2019-09-25 11:53:59,937 [pool-287-thread-1] INFO  server.RaftServerConfigKeys (ConfUtils.java:logGet(43)) - raft.server.sleep.deviation.threshold = 300 (default)
2019-09-25 11:53:59,937 [pool-287-thread-1] INFO  server.RaftServerConfigKeys (ConfUtils.java:logGet(43)) - raft.server.log.appender.install.snapshot.enabled = false (custom)
2019-09-25 11:53:59,938 [pool-287-thread-1] INFO  impl.RaftServerImpl (ServerState.java:<init>(103)) - aa1c61a4-72d4-4b88-ae57-2b0e5f9a6d89@group-41C91B30A6A2: ConfigurationManager, init=-1: [aa1c61a4-72d4-4b88-ae57-2b0e5f9a6d89:192.168.30.6:43603], old=null, confs=<EMPTY_MAP>
2019-09-25 11:53:59,938 [pool-287-thread-1] INFO  server.RaftServerConfigKeys (ConfUtils.java:logGet(43)) - raft.server.storage.dir = [/workdir/hadoop-ozone/ozonefs/target/test-dir/MiniOzoneClusterImpl-4e8ed6f3-3514-43a4-bf24-c8399dbc0a4f/datanode-1/data/ratis] (custom)
2019-09-25 11:53:59,938 [pool-287-thread-1] INFO  storage.RaftStorageDirectory (RaftStorageDirectory.java:analyzeStorage(246)) - The storage directory /workdir/hadoop-ozone/ozonefs/target/test-dir/MiniOzoneClusterImpl-4e8ed6f3-3514-43a4-bf24-c8399dbc0a4f/datanode-1/data/ratis/c34e449b-96ca-4fc5-89c6-41c91b30a6a2 does not exist. Creating ...
2019-09-25 11:53:59,966 [pool-287-thread-1] INFO  storage.RaftStorageDirectory (RaftStorageDirectory.java:tryLock(328)) - Lock on /workdir/hadoop-ozone/ozonefs/target/test-dir/MiniOzoneClusterImpl-4e8ed6f3-3514-43a4-bf24-c8399dbc0a4f/datanode-1/data/ratis/c34e449b-96ca-4fc5-89c6-41c91b30a6a2/in_use.lock acquired by nodename 25060@pr-hdds-1569-5gmkr-4255264070
2019-09-25 11:54:00,020 [pool-287-thread-1] INFO  storage.RaftStorage (RaftStorage.java:format(72)) - Storage directory /workdir/hadoop-ozone/ozonefs/target/test-dir/MiniOzoneClusterImpl-4e8ed6f3-3514-43a4-bf24-c8399dbc0a4f/datanode-1/data/ratis/c34e449b-96ca-4fc5-89c6-41c91b30a6a2 has been successfully formatted.
2019-09-25 11:54:00,021 [pool-287-thread-1] INFO  ratis.ContainerStateMachine (ContainerStateMachine.java:loadSnapshot(230)) - group-41C91B30A6A2: The snapshot info is null. Setting the last applied indexto:(t:0, i:~)
2019-09-25 11:54:00,021 [pool-287-thread-1] INFO  server.RaftServerConfigKeys (ConfUtils.java:logGet(43)) - raft.server.notification.no-leader.timeout = 120s (custom)
2019-09-25 11:54:00,021 [pool-287-thread-1] INFO  server.RaftServerConfigKeys (ConfUtils.java:logGet(43)) - raft.server.log.use.memory = false (default)
2019-09-25 11:54:00,021 [pool-287-thread-1] INFO  server.RaftServerConfigKeys (ConfUtils.java:logGet(43)) - raft.server.log.purge.gap = 1000000 (custom)
2019-09-25 11:54:00,021 [pool-287-thread-1] INFO  server.RaftServerConfigKeys (ConfUtils.java:logGet(43)) - raft.server.log.appender.buffer.byte-limit = 33554432 (custom)
2019-09-25 11:54:00,022 [pool-287-thread-1] INFO  server.RaftServerConfigKeys (ConfUtils.java:logGet(43)) - raft.server.log.segment.size.max = 1048576 (custom)
2019-09-25 11:54:00,022 [pool-287-thread-1] INFO  server.RaftServerConfigKeys (ConfUtils.java:logGet(43)) - raft.server.log.segment.cache.num.max = 2 (custom)
2019-09-25 11:54:00,022 [pool-287-thread-1] INFO  segmented.SegmentedRaftLogWorker (SegmentedRaftLogWorker.java:<init>(172)) - new aa1c61a4-72d4-4b88-ae57-2b0e5f9a6d89@group-41C91B30A6A2-SegmentedRaftLogWorker for RaftStorage:Storage Directory /workdir/hadoop-ozone/ozonefs/target/test-dir/MiniOzoneClusterImpl-4e8ed6f3-3514-43a4-bf24-c8399dbc0a4f/datanode-1/data/ratis/c34e449b-96ca-4fc5-89c6-41c91b30a6a2
2019-09-25 11:54:00,022 [pool-287-thread-1] INFO  server.RaftServerConfigKeys (ConfUtils.java:logGet(43)) - raft.server.log.queue.byte-limit = 2147483647 (custom)
2019-09-25 11:54:00,022 [pool-287-thread-1] INFO  server.RaftServerConfigKeys (ConfUtils.java:logGet(43)) - raft.server.log.queue.element-limit = 1024 (custom)
2019-09-25 11:54:00,022 [pool-287-thread-1] INFO  server.RaftServerConfigKeys (ConfUtils.java:logGet(43)) - raft.server.log.segment.size.max = 1048576 (custom)
2019-09-25 11:54:00,022 [pool-287-thread-1] INFO  server.RaftServerConfigKeys (ConfUtils.java:logGet(43)) - raft.server.log.preallocated.size = 16384 (custom)
2019-09-25 11:54:00,023 [pool-287-thread-1] INFO  server.RaftServerConfigKeys (ConfUtils.java:logGet(43)) - raft.server.log.write.buffer.size = 33554432 (custom)
2019-09-25 11:54:00,023 [pool-287-thread-1] INFO  server.RaftServerConfigKeys (ConfUtils.java:logGet(43)) - raft.server.log.force.sync.num = 128 (default)
2019-09-25 11:54:00,023 [pool-287-thread-1] INFO  server.RaftServerConfigKeys (ConfUtils.java:logGet(43)) - raft.server.log.statemachine.data.sync = true (default)
2019-09-25 11:54:00,023 [pool-287-thread-1] INFO  server.RaftServerConfigKeys (ConfUtils.java:logGet(43)) - raft.server.log.statemachine.data.sync.timeout = 10s (default)
2019-09-25 11:54:00,023 [pool-287-thread-1] INFO  server.RaftServerConfigKeys (ConfUtils.java:logGet(43)) - raft.server.log.statemachine.data.sync.timeout.retry = -1 (default)
2019-09-25 11:54:00,023 [pool-287-thread-1] INFO  server.RaftServerConfigKeys (ConfUtils.java:logGet(43)) - raft.server.log.statemachine.data.caching.enabled = true (custom)
2019-09-25 11:54:00,024 [pool-287-thread-1] INFO  segmented.SegmentedRaftLogWorker (SegmentedRaftLogWorker.java:lambda$new$0(132)) - aa1c61a4-72d4-4b88-ae57-2b0e5f9a6d89@group-41C91B30A6A2-SegmentedRaftLogWorker: flushIndex: setUnconditionally 0 -> -1
2019-09-25 11:54:00,024 [pool-287-thread-1] INFO  server.RaftServerConfigKeys (ConfUtils.java:logGet(43)) - raft.server.snapshot.auto.trigger.enabled = true (custom)
2019-09-25 11:54:00,024 [pool-287-thread-1] INFO  server.RaftServerConfigKeys (ConfUtils.java:logGet(43)) - raft.server.snapshot.auto.trigger.threshold = 10000 (custom)
2019-09-25 11:54:00,024 [pool-287-thread-1] INFO  server.RaftServerConfigKeys (ConfUtils.java:logGet(43)) - raft.server.snapshot.retention.num.files = 5 (custom)
2019-09-25 11:54:00,024 [pool-287-thread-1] INFO  server.RaftServerConfigKeys (ConfUtils.java:logGet(43)) - raft.server.retrycache.expirytime = 600000ms (custom)
2019-09-25 11:54:00,026 [pool-287-thread-1] INFO  impl.RaftServerImpl (RaftServerImpl.java:start(185)) - aa1c61a4-72d4-4b88-ae57-2b0e5f9a6d89@group-41C91B30A6A2: start as a follower, conf=-1: [aa1c61a4-72d4-4b88-ae57-2b0e5f9a6d89:192.168.30.6:43603], old=null
2019-09-25 11:54:00,026 [pool-287-thread-1] INFO  impl.RaftServerImpl (RaftServerImpl.java:setRole(174)) - aa1c61a4-72d4-4b88-ae57-2b0e5f9a6d89@group-41C91B30A6A2: changes role from      null to FOLLOWER at term 0 for startAsFollower
2019-09-25 11:54:00,027 [pool-287-thread-1] INFO  impl.RoleInfo (RoleInfo.java:updateAndGet(143)) - aa1c61a4-72d4-4b88-ae57-2b0e5f9a6d89: start FollowerState
2019-09-25 11:54:00,027 [pool-287-thread-1] INFO  util.JmxRegister (JmxRegister.java:tryRegister(44)) - Successfully registered JMX Bean with object name Ratis:service=RaftServer,group=group-41C91B30A6A2,id=aa1c61a4-72d4-4b88-ae57-2b0e5f9a6d89
2019-09-25 11:54:00,030 [RatisPipelineUtilsThread] INFO  pipeline.PipelineStateManager (PipelineStateManager.java:addPipeline(56)) - Created pipeline Pipeline[ Id: c34e449b-96ca-4fc5-89c6-41c91b30a6a2, Nodes: aa1c61a4-72d4-4b88-ae57-2b0e5f9a6d89{ip: 192.168.30.6, host: pr-hdds-1569-5gmkr-4255264070, networkLocation: /default-rack, certSerialId: null}, Type:RATIS, Factor:ONE, State:OPEN]
2019-09-25 11:54:00,036 [grpc-default-executor-0] INFO  impl.RaftServerProxy (RaftServerProxy.java:addNew(89)) - 79b53b50-4b75-4974-b7b4-8ebe13ba2130: addNew group-41C9DEE54CE9:[79b53b50-4b75-4974-b7b4-8ebe13ba2130:192.168.30.6:39431] returns group-41C9DEE54CE9:java.util.concurrent.CompletableFuture@8ff8ac4[Not completed]
2019-09-25 11:54:00,038 [pool-297-thread-1] INFO  impl.RaftServerImpl (RaftServerImpl.java:<init>(95)) - 79b53b50-4b75-4974-b7b4-8ebe13ba2130: new RaftServerImpl for group-41C9DEE54CE9:[79b53b50-4b75-4974-b7b4-8ebe13ba2130:192.168.30.6:39431] with ContainerStateMachine:uninitialized
2019-09-25 11:54:00,038 [pool-297-thread-1] INFO  server.RaftServerConfigKeys (ConfUtils.java:logGet(43)) - raft.server.rpc.timeout.min = 5s (custom)
2019-09-25 11:54:00,038 [pool-297-thread-1] INFO  server.RaftServerConfigKeys (ConfUtils.java:logGet(43)) - raft.server.rpc.timeout.max = 5200ms (custom)
2019-09-25 11:54:00,039 [pool-297-thread-1] INFO  server.RaftServerConfigKeys (ConfUtils.java:logGet(43)) - raft.server.rpcslowness.timeout = 120s (custom)
2019-09-25 11:54:00,039 [pool-297-thread-1] INFO  server.RaftServerConfigKeys (ConfUtils.java:logGet(43)) - raft.server.sleep.deviation.threshold = 300 (default)
2019-09-25 11:54:00,039 [pool-297-thread-1] INFO  server.RaftServerConfigKeys (ConfUtils.java:logGet(43)) - raft.server.log.appender.install.snapshot.enabled = false (custom)
2019-09-25 11:54:00,039 [pool-297-thread-1] INFO  impl.RaftServerImpl (ServerState.java:<init>(103)) - 79b53b50-4b75-4974-b7b4-8ebe13ba2130@group-41C9DEE54CE9: ConfigurationManager, init=-1: [79b53b50-4b75-4974-b7b4-8ebe13ba2130:192.168.30.6:39431], old=null, confs=<EMPTY_MAP>
2019-09-25 11:54:00,039 [pool-297-thread-1] INFO  server.RaftServerConfigKeys (ConfUtils.java:logGet(43)) - raft.server.storage.dir = [/workdir/hadoop-ozone/ozonefs/target/test-dir/MiniOzoneClusterImpl-4e8ed6f3-3514-43a4-bf24-c8399dbc0a4f/datanode-2/data/ratis] (custom)
2019-09-25 11:54:00,040 [pool-297-thread-1] INFO  storage.RaftStorageDirectory (RaftStorageDirectory.java:analyzeStorage(246)) - The storage directory /workdir/hadoop-ozone/ozonefs/target/test-dir/MiniOzoneClusterImpl-4e8ed6f3-3514-43a4-bf24-c8399dbc0a4f/datanode-2/data/ratis/c292a5c7-50b3-4d28-a30b-41c9dee54ce9 does not exist. Creating ...
2019-09-25 11:54:00,058 [pool-297-thread-1] INFO  storage.RaftStorageDirectory (RaftStorageDirectory.java:tryLock(328)) - Lock on /workdir/hadoop-ozone/ozonefs/target/test-dir/MiniOzoneClusterImpl-4e8ed6f3-3514-43a4-bf24-c8399dbc0a4f/datanode-2/data/ratis/c292a5c7-50b3-4d28-a30b-41c9dee54ce9/in_use.lock acquired by nodename 25060@pr-hdds-1569-5gmkr-4255264070
2019-09-25 11:54:00,070 [pool-297-thread-1] INFO  storage.RaftStorage (RaftStorage.java:format(72)) - Storage directory /workdir/hadoop-ozone/ozonefs/target/test-dir/MiniOzoneClusterImpl-4e8ed6f3-3514-43a4-bf24-c8399dbc0a4f/datanode-2/data/ratis/c292a5c7-50b3-4d28-a30b-41c9dee54ce9 has been successfully formatted.
2019-09-25 11:54:00,070 [pool-297-thread-1] INFO  ratis.ContainerStateMachine (ContainerStateMachine.java:loadSnapshot(230)) - group-41C9DEE54CE9: The snapshot info is null. Setting the last applied indexto:(t:0, i:~)
2019-09-25 11:54:00,070 [pool-297-thread-1] INFO  server.RaftServerConfigKeys (ConfUtils.java:logGet(43)) - raft.server.notification.no-leader.timeout = 120s (custom)
2019-09-25 11:54:00,070 [pool-297-thread-1] INFO  server.RaftServerConfigKeys (ConfUtils.java:logGet(43)) - raft.server.log.use.memory = false (default)
2019-09-25 11:54:00,070 [pool-297-thread-1] INFO  server.RaftServerConfigKeys (ConfUtils.java:logGet(43)) - raft.server.log.purge.gap = 1000000 (custom)
2019-09-25 11:54:00,070 [pool-297-thread-1] INFO  server.RaftServerConfigKeys (ConfUtils.java:logGet(43)) - raft.server.log.appender.buffer.byte-limit = 33554432 (custom)
2019-09-25 11:54:00,071 [pool-297-thread-1] INFO  server.RaftServerConfigKeys (ConfUtils.java:logGet(43)) - raft.server.log.segment.size.max = 1048576 (custom)
2019-09-25 11:54:00,071 [pool-297-thread-1] INFO  server.RaftServerConfigKeys (ConfUtils.java:logGet(43)) - raft.server.log.segment.cache.num.max = 2 (custom)
2019-09-25 11:54:00,071 [pool-297-thread-1] INFO  segmented.SegmentedRaftLogWorker (SegmentedRaftLogWorker.java:<init>(172)) - new 79b53b50-4b75-4974-b7b4-8ebe13ba2130@group-41C9DEE54CE9-SegmentedRaftLogWorker for RaftStorage:Storage Directory /workdir/hadoop-ozone/ozonefs/target/test-dir/MiniOzoneClusterImpl-4e8ed6f3-3514-43a4-bf24-c8399dbc0a4f/datanode-2/data/ratis/c292a5c7-50b3-4d28-a30b-41c9dee54ce9
2019-09-25 11:54:00,071 [pool-297-thread-1] INFO  server.RaftServerConfigKeys (ConfUtils.java:logGet(43)) - raft.server.log.queue.byte-limit = 2147483647 (custom)
2019-09-25 11:54:00,071 [pool-297-thread-1] INFO  server.RaftServerConfigKeys (ConfUtils.java:logGet(43)) - raft.server.log.queue.element-limit = 1024 (custom)
2019-09-25 11:54:00,071 [pool-297-thread-1] INFO  server.RaftServerConfigKeys (ConfUtils.java:logGet(43)) - raft.server.log.segment.size.max = 1048576 (custom)
2019-09-25 11:54:00,071 [pool-297-thread-1] INFO  server.RaftServerConfigKeys (ConfUtils.java:logGet(43)) - raft.server.log.preallocated.size = 16384 (custom)
2019-09-25 11:54:00,072 [pool-297-thread-1] INFO  server.RaftServerConfigKeys (ConfUtils.java:logGet(43)) - raft.server.log.write.buffer.size = 33554432 (custom)
2019-09-25 11:54:00,072 [pool-297-thread-1] INFO  server.RaftServerConfigKeys (ConfUtils.java:logGet(43)) - raft.server.log.force.sync.num = 128 (default)
2019-09-25 11:54:00,072 [pool-297-thread-1] INFO  server.RaftServerConfigKeys (ConfUtils.java:logGet(43)) - raft.server.log.statemachine.data.sync = true (default)
2019-09-25 11:54:00,072 [pool-297-thread-1] INFO  server.RaftServerConfigKeys (ConfUtils.java:logGet(43)) - raft.server.log.statemachine.data.sync.timeout = 10s (default)
2019-09-25 11:54:00,072 [pool-297-thread-1] INFO  server.RaftServerConfigKeys (ConfUtils.java:logGet(43)) - raft.server.log.statemachine.data.sync.timeout.retry = -1 (default)
2019-09-25 11:54:00,072 [pool-297-thread-1] INFO  server.RaftServerConfigKeys (ConfUtils.java:logGet(43)) - raft.server.log.statemachine.data.caching.enabled = true (custom)
2019-09-25 11:54:00,073 [pool-297-thread-1] INFO  segmented.SegmentedRaftLogWorker (SegmentedRaftLogWorker.java:lambda$new$0(132)) - 79b53b50-4b75-4974-b7b4-8ebe13ba2130@group-41C9DEE54CE9-SegmentedRaftLogWorker: flushIndex: setUnconditionally 0 -> -1
2019-09-25 11:54:00,073 [pool-297-thread-1] INFO  server.RaftServerConfigKeys (ConfUtils.java:logGet(43)) - raft.server.snapshot.auto.trigger.enabled = true (custom)
2019-09-25 11:54:00,073 [pool-297-thread-1] INFO  server.RaftServerConfigKeys (ConfUtils.java:logGet(43)) - raft.server.snapshot.auto.trigger.threshold = 10000 (custom)
2019-09-25 11:54:00,073 [pool-297-thread-1] INFO  server.RaftServerConfigKeys (ConfUtils.java:logGet(43)) - raft.server.snapshot.retention.num.files = 5 (custom)
2019-09-25 11:54:00,073 [pool-297-thread-1] INFO  server.RaftServerConfigKeys (ConfUtils.java:logGet(43)) - raft.server.retrycache.expirytime = 600000ms (custom)
2019-09-25 11:54:00,075 [pool-297-thread-1] INFO  impl.RaftServerImpl (RaftServerImpl.java:start(185)) - 79b53b50-4b75-4974-b7b4-8ebe13ba2130@group-41C9DEE54CE9: start as a follower, conf=-1: [79b53b50-4b75-4974-b7b4-8ebe13ba2130:192.168.30.6:39431], old=null
2019-09-25 11:54:00,076 [pool-297-thread-1] INFO  impl.RaftServerImpl (RaftServerImpl.java:setRole(174)) - 79b53b50-4b75-4974-b7b4-8ebe13ba2130@group-41C9DEE54CE9: changes role from      null to FOLLOWER at term 0 for startAsFollower
2019-09-25 11:54:00,076 [pool-297-thread-1] INFO  impl.RoleInfo (RoleInfo.java:updateAndGet(143)) - 79b53b50-4b75-4974-b7b4-8ebe13ba2130: start FollowerState
2019-09-25 11:54:00,076 [pool-297-thread-1] INFO  util.JmxRegister (JmxRegister.java:tryRegister(44)) - Successfully registered JMX Bean with object name Ratis:service=RaftServer,group=group-41C9DEE54CE9,id=79b53b50-4b75-4974-b7b4-8ebe13ba2130
2019-09-25 11:54:00,079 [RatisPipelineUtilsThread] INFO  pipeline.PipelineStateManager (PipelineStateManager.java:addPipeline(56)) - Created pipeline Pipeline[ Id: c292a5c7-50b3-4d28-a30b-41c9dee54ce9, Nodes: 79b53b50-4b75-4974-b7b4-8ebe13ba2130{ip: 192.168.30.6, host: pr-hdds-1569-5gmkr-4255264070, networkLocation: /default-rack, certSerialId: null}, Type:RATIS, Factor:ONE, State:OPEN]
2019-09-25 11:54:00,084 [grpc-default-executor-0] INFO  impl.RaftServerProxy (RaftServerProxy.java:addNew(89)) - a45f638e-6aa6-4b63-8c44-704381a85e0f: addNew group-EA8D1378A29F:[a45f638e-6aa6-4b63-8c44-704381a85e0f:192.168.30.6:38299] returns group-EA8D1378A29F:java.util.concurrent.CompletableFuture@772f3559[Not completed]
2019-09-25 11:54:00,085 [pool-277-thread-1] INFO  impl.RaftServerImpl (RaftServerImpl.java:<init>(95)) - a45f638e-6aa6-4b63-8c44-704381a85e0f: new RaftServerImpl for group-EA8D1378A29F:[a45f638e-6aa6-4b63-8c44-704381a85e0f:192.168.30.6:38299] with ContainerStateMachine:uninitialized
2019-09-25 11:54:00,085 [pool-277-thread-1] INFO  server.RaftServerConfigKeys (ConfUtils.java:logGet(43)) - raft.server.rpc.timeout.min = 5s (custom)
2019-09-25 11:54:00,085 [pool-277-thread-1] INFO  server.RaftServerConfigKeys (ConfUtils.java:logGet(43)) - raft.server.rpc.timeout.max = 5200ms (custom)
2019-09-25 11:54:00,085 [pool-277-thread-1] INFO  server.RaftServerConfigKeys (ConfUtils.java:logGet(43)) - raft.server.rpcslowness.timeout = 120s (custom)
2019-09-25 11:54:00,085 [pool-277-thread-1] INFO  server.RaftServerConfigKeys (ConfUtils.java:logGet(43)) - raft.server.sleep.deviation.threshold = 300 (default)
2019-09-25 11:54:00,086 [pool-277-thread-1] INFO  server.RaftServerConfigKeys (ConfUtils.java:logGet(43)) - raft.server.log.appender.install.snapshot.enabled = false (custom)
2019-09-25 11:54:00,086 [pool-277-thread-1] INFO  impl.RaftServerImpl (ServerState.java:<init>(103)) - a45f638e-6aa6-4b63-8c44-704381a85e0f@group-EA8D1378A29F: ConfigurationManager, init=-1: [a45f638e-6aa6-4b63-8c44-704381a85e0f:192.168.30.6:38299], old=null, confs=<EMPTY_MAP>
2019-09-25 11:54:00,086 [pool-277-thread-1] INFO  server.RaftServerConfigKeys (ConfUtils.java:logGet(43)) - raft.server.storage.dir = [/workdir/hadoop-ozone/ozonefs/target/test-dir/MiniOzoneClusterImpl-4e8ed6f3-3514-43a4-bf24-c8399dbc0a4f/datanode-0/data/ratis] (custom)
2019-09-25 11:54:00,086 [pool-277-thread-1] INFO  storage.RaftStorageDirectory (RaftStorageDirectory.java:analyzeStorage(246)) - The storage directory /workdir/hadoop-ozone/ozonefs/target/test-dir/MiniOzoneClusterImpl-4e8ed6f3-3514-43a4-bf24-c8399dbc0a4f/datanode-0/data/ratis/a100780e-359d-48c3-ae67-ea8d1378a29f does not exist. Creating ...
2019-09-25 11:54:00,124 [pool-277-thread-1] INFO  storage.RaftStorageDirectory (RaftStorageDirectory.java:tryLock(328)) - Lock on /workdir/hadoop-ozone/ozonefs/target/test-dir/MiniOzoneClusterImpl-4e8ed6f3-3514-43a4-bf24-c8399dbc0a4f/datanode-0/data/ratis/a100780e-359d-48c3-ae67-ea8d1378a29f/in_use.lock acquired by nodename 25060@pr-hdds-1569-5gmkr-4255264070
2019-09-25 11:54:00,142 [pool-277-thread-1] INFO  storage.RaftStorage (RaftStorage.java:format(72)) - Storage directory /workdir/hadoop-ozone/ozonefs/target/test-dir/MiniOzoneClusterImpl-4e8ed6f3-3514-43a4-bf24-c8399dbc0a4f/datanode-0/data/ratis/a100780e-359d-48c3-ae67-ea8d1378a29f has been successfully formatted.
2019-09-25 11:54:00,142 [pool-277-thread-1] INFO  ratis.ContainerStateMachine (ContainerStateMachine.java:loadSnapshot(230)) - group-EA8D1378A29F: The snapshot info is null. Setting the last applied indexto:(t:0, i:~)
2019-09-25 11:54:00,143 [pool-277-thread-1] INFO  server.RaftServerConfigKeys (ConfUtils.java:logGet(43)) - raft.server.notification.no-leader.timeout = 120s (custom)
2019-09-25 11:54:00,143 [pool-277-thread-1] INFO  server.RaftServerConfigKeys (ConfUtils.java:logGet(43)) - raft.server.log.use.memory = false (default)
2019-09-25 11:54:00,143 [pool-277-thread-1] INFO  server.RaftServerConfigKeys (ConfUtils.java:logGet(43)) - raft.server.log.purge.gap = 1000000 (custom)
2019-09-25 11:54:00,143 [pool-277-thread-1] INFO  server.RaftServerConfigKeys (ConfUtils.java:logGet(43)) - raft.server.log.appender.buffer.byte-limit = 33554432 (custom)
2019-09-25 11:54:00,143 [pool-277-thread-1] INFO  server.RaftServerConfigKeys (ConfUtils.java:logGet(43)) - raft.server.log.segment.size.max = 1048576 (custom)
2019-09-25 11:54:00,143 [pool-277-thread-1] INFO  server.RaftServerConfigKeys (ConfUtils.java:logGet(43)) - raft.server.log.segment.cache.num.max = 2 (custom)
2019-09-25 11:54:00,143 [pool-277-thread-1] INFO  segmented.SegmentedRaftLogWorker (SegmentedRaftLogWorker.java:<init>(172)) - new a45f638e-6aa6-4b63-8c44-704381a85e0f@group-EA8D1378A29F-SegmentedRaftLogWorker for RaftStorage:Storage Directory /workdir/hadoop-ozone/ozonefs/target/test-dir/MiniOzoneClusterImpl-4e8ed6f3-3514-43a4-bf24-c8399dbc0a4f/datanode-0/data/ratis/a100780e-359d-48c3-ae67-ea8d1378a29f
2019-09-25 11:54:00,144 [pool-277-thread-1] INFO  server.RaftServerConfigKeys (ConfUtils.java:logGet(43)) - raft.server.log.queue.byte-limit = 2147483647 (custom)
2019-09-25 11:54:00,144 [pool-277-thread-1] INFO  server.RaftServerConfigKeys (ConfUtils.java:logGet(43)) - raft.server.log.queue.element-limit = 1024 (custom)
2019-09-25 11:54:00,144 [pool-277-thread-1] INFO  server.RaftServerConfigKeys (ConfUtils.java:logGet(43)) - raft.server.log.segment.size.max = 1048576 (custom)
2019-09-25 11:54:00,144 [pool-277-thread-1] INFO  server.RaftServerConfigKeys (ConfUtils.java:logGet(43)) - raft.server.log.preallocated.size = 16384 (custom)
2019-09-25 11:54:00,144 [pool-277-thread-1] INFO  server.RaftServerConfigKeys (ConfUtils.java:logGet(43)) - raft.server.log.write.buffer.size = 33554432 (custom)
2019-09-25 11:54:00,144 [pool-277-thread-1] INFO  server.RaftServerConfigKeys (ConfUtils.java:logGet(43)) - raft.server.log.force.sync.num = 128 (default)
2019-09-25 11:54:00,144 [pool-277-thread-1] INFO  server.RaftServerConfigKeys (ConfUtils.java:logGet(43)) - raft.server.log.statemachine.data.sync = true (default)
2019-09-25 11:54:00,144 [pool-277-thread-1] INFO  server.RaftServerConfigKeys (ConfUtils.java:logGet(43)) - raft.server.log.statemachine.data.sync.timeout = 10s (default)
2019-09-25 11:54:00,144 [pool-277-thread-1] INFO  server.RaftServerConfigKeys (ConfUtils.java:logGet(43)) - raft.server.log.statemachine.data.sync.timeout.retry = -1 (default)
2019-09-25 11:54:00,145 [pool-277-thread-1] INFO  server.RaftServerConfigKeys (ConfUtils.java:logGet(43)) - raft.server.log.statemachine.data.caching.enabled = true (custom)
2019-09-25 11:54:00,145 [pool-277-thread-1] INFO  segmented.SegmentedRaftLogWorker (SegmentedRaftLogWorker.java:lambda$new$0(132)) - a45f638e-6aa6-4b63-8c44-704381a85e0f@group-EA8D1378A29F-SegmentedRaftLogWorker: flushIndex: setUnconditionally 0 -> -1
2019-09-25 11:54:00,145 [pool-277-thread-1] INFO  server.RaftServerConfigKeys (ConfUtils.java:logGet(43)) - raft.server.snapshot.auto.trigger.enabled = true (custom)
2019-09-25 11:54:00,145 [pool-277-thread-1] INFO  server.RaftServerConfigKeys (ConfUtils.java:logGet(43)) - raft.server.snapshot.auto.trigger.threshold = 10000 (custom)
2019-09-25 11:54:00,145 [pool-277-thread-1] INFO  server.RaftServerConfigKeys (ConfUtils.java:logGet(43)) - raft.server.snapshot.retention.num.files = 5 (custom)
2019-09-25 11:54:00,146 [pool-277-thread-1] INFO  server.RaftServerConfigKeys (ConfUtils.java:logGet(43)) - raft.server.retrycache.expirytime = 600000ms (custom)
2019-09-25 11:54:00,147 [pool-277-thread-1] INFO  impl.RaftServerImpl (RaftServerImpl.java:start(185)) - a45f638e-6aa6-4b63-8c44-704381a85e0f@group-EA8D1378A29F: start as a follower, conf=-1: [a45f638e-6aa6-4b63-8c44-704381a85e0f:192.168.30.6:38299], old=null
2019-09-25 11:54:00,147 [pool-277-thread-1] INFO  impl.RaftServerImpl (RaftServerImpl.java:setRole(174)) - a45f638e-6aa6-4b63-8c44-704381a85e0f@group-EA8D1378A29F: changes role from      null to FOLLOWER at term 0 for startAsFollower
2019-09-25 11:54:00,147 [pool-277-thread-1] INFO  impl.RoleInfo (RoleInfo.java:updateAndGet(143)) - a45f638e-6aa6-4b63-8c44-704381a85e0f: start FollowerState
2019-09-25 11:54:00,148 [pool-277-thread-1] INFO  util.JmxRegister (JmxRegister.java:tryRegister(44)) - Successfully registered JMX Bean with object name Ratis:service=RaftServer,group=group-EA8D1378A29F,id=a45f638e-6aa6-4b63-8c44-704381a85e0f
2019-09-25 11:54:00,151 [RatisPipelineUtilsThread] INFO  pipeline.PipelineStateManager (PipelineStateManager.java:addPipeline(56)) - Created pipeline Pipeline[ Id: a100780e-359d-48c3-ae67-ea8d1378a29f, Nodes: a45f638e-6aa6-4b63-8c44-704381a85e0f{ip: 192.168.30.6, host: pr-hdds-1569-5gmkr-4255264070, networkLocation: /default-rack, certSerialId: null}, Type:RATIS, Factor:ONE, State:OPEN]
2019-09-25 11:54:00,151 [RatisPipelineUtilsThread] INFO  pipeline.PipelinePlacementPolicy (PipelinePlacementPolicy.java:meetCriteria(91)) - Pipeline Placement: can't place more pipeline on heavy datanode： a45f638e-6aa6-4b63-8c44-704381a85e0f Heaviness: 6 limit: 5
2019-09-25 11:54:00,155 [grpc-default-executor-0] INFO  impl.RaftServerProxy (RaftServerProxy.java:addNew(89)) - aa1c61a4-72d4-4b88-ae57-2b0e5f9a6d89: addNew group-D97AECFE94FC:[aa1c61a4-72d4-4b88-ae57-2b0e5f9a6d89:192.168.30.6:43603] returns group-D97AECFE94FC:java.util.concurrent.CompletableFuture@58528080[Not completed]
2019-09-25 11:54:00,157 [pool-287-thread-1] INFO  impl.RaftServerImpl (RaftServerImpl.java:<init>(95)) - aa1c61a4-72d4-4b88-ae57-2b0e5f9a6d89: new RaftServerImpl for group-D97AECFE94FC:[aa1c61a4-72d4-4b88-ae57-2b0e5f9a6d89:192.168.30.6:43603] with ContainerStateMachine:uninitialized
2019-09-25 11:54:00,157 [pool-287-thread-1] INFO  server.RaftServerConfigKeys (ConfUtils.java:logGet(43)) - raft.server.rpc.timeout.min = 5s (custom)
2019-09-25 11:54:00,157 [pool-287-thread-1] INFO  server.RaftServerConfigKeys (ConfUtils.java:logGet(43)) - raft.server.rpc.timeout.max = 5200ms (custom)
2019-09-25 11:54:00,157 [pool-287-thread-1] INFO  server.RaftServerConfigKeys (ConfUtils.java:logGet(43)) - raft.server.rpcslowness.timeout = 120s (custom)
2019-09-25 11:54:00,158 [pool-287-thread-1] INFO  server.RaftServerConfigKeys (ConfUtils.java:logGet(43)) - raft.server.sleep.deviation.threshold = 300 (default)
2019-09-25 11:54:00,158 [pool-287-thread-1] INFO  server.RaftServerConfigKeys (ConfUtils.java:logGet(43)) - raft.server.log.appender.install.snapshot.enabled = false (custom)
2019-09-25 11:54:00,158 [pool-287-thread-1] INFO  impl.RaftServerImpl (ServerState.java:<init>(103)) - aa1c61a4-72d4-4b88-ae57-2b0e5f9a6d89@group-D97AECFE94FC: ConfigurationManager, init=-1: [aa1c61a4-72d4-4b88-ae57-2b0e5f9a6d89:192.168.30.6:43603], old=null, confs=<EMPTY_MAP>
2019-09-25 11:54:00,158 [pool-287-thread-1] INFO  server.RaftServerConfigKeys (ConfUtils.java:logGet(43)) - raft.server.storage.dir = [/workdir/hadoop-ozone/ozonefs/target/test-dir/MiniOzoneClusterImpl-4e8ed6f3-3514-43a4-bf24-c8399dbc0a4f/datanode-1/data/ratis] (custom)
2019-09-25 11:54:00,159 [pool-287-thread-1] INFO  storage.RaftStorageDirectory (RaftStorageDirectory.java:analyzeStorage(246)) - The storage directory /workdir/hadoop-ozone/ozonefs/target/test-dir/MiniOzoneClusterImpl-4e8ed6f3-3514-43a4-bf24-c8399dbc0a4f/datanode-1/data/ratis/6a0460c6-3ac1-4c43-8de5-d97aecfe94fc does not exist. Creating ...
2019-09-25 11:54:00,189 [pool-287-thread-1] INFO  storage.RaftStorageDirectory (RaftStorageDirectory.java:tryLock(328)) - Lock on /workdir/hadoop-ozone/ozonefs/target/test-dir/MiniOzoneClusterImpl-4e8ed6f3-3514-43a4-bf24-c8399dbc0a4f/datanode-1/data/ratis/6a0460c6-3ac1-4c43-8de5-d97aecfe94fc/in_use.lock acquired by nodename 25060@pr-hdds-1569-5gmkr-4255264070
2019-09-25 11:54:00,249 [pool-287-thread-1] INFO  storage.RaftStorage (RaftStorage.java:format(72)) - Storage directory /workdir/hadoop-ozone/ozonefs/target/test-dir/MiniOzoneClusterImpl-4e8ed6f3-3514-43a4-bf24-c8399dbc0a4f/datanode-1/data/ratis/6a0460c6-3ac1-4c43-8de5-d97aecfe94fc has been successfully formatted.
2019-09-25 11:54:00,249 [pool-287-thread-1] INFO  ratis.ContainerStateMachine (ContainerStateMachine.java:loadSnapshot(230)) - group-D97AECFE94FC: The snapshot info is null. Setting the last applied indexto:(t:0, i:~)
2019-09-25 11:54:00,249 [pool-287-thread-1] INFO  server.RaftServerConfigKeys (ConfUtils.java:logGet(43)) - raft.server.notification.no-leader.timeout = 120s (custom)
2019-09-25 11:54:00,249 [pool-287-thread-1] INFO  server.RaftServerConfigKeys (ConfUtils.java:logGet(43)) - raft.server.log.use.memory = false (default)
2019-09-25 11:54:00,250 [pool-287-thread-1] INFO  server.RaftServerConfigKeys (ConfUtils.java:logGet(43)) - raft.server.log.purge.gap = 1000000 (custom)
2019-09-25 11:54:00,250 [pool-287-thread-1] INFO  server.RaftServerConfigKeys (ConfUtils.java:logGet(43)) - raft.server.log.appender.buffer.byte-limit = 33554432 (custom)
2019-09-25 11:54:00,250 [pool-287-thread-1] INFO  server.RaftServerConfigKeys (ConfUtils.java:logGet(43)) - raft.server.log.segment.size.max = 1048576 (custom)
2019-09-25 11:54:00,250 [pool-287-thread-1] INFO  server.RaftServerConfigKeys (ConfUtils.java:logGet(43)) - raft.server.log.segment.cache.num.max = 2 (custom)
2019-09-25 11:54:00,250 [pool-287-thread-1] INFO  segmented.SegmentedRaftLogWorker (SegmentedRaftLogWorker.java:<init>(172)) - new aa1c61a4-72d4-4b88-ae57-2b0e5f9a6d89@group-D97AECFE94FC-SegmentedRaftLogWorker for RaftStorage:Storage Directory /workdir/hadoop-ozone/ozonefs/target/test-dir/MiniOzoneClusterImpl-4e8ed6f3-3514-43a4-bf24-c8399dbc0a4f/datanode-1/data/ratis/6a0460c6-3ac1-4c43-8de5-d97aecfe94fc
2019-09-25 11:54:00,250 [pool-287-thread-1] INFO  server.RaftServerConfigKeys (ConfUtils.java:logGet(43)) - raft.server.log.queue.byte-limit = 2147483647 (custom)
2019-09-25 11:54:00,251 [pool-287-thread-1] INFO  server.RaftServerConfigKeys (ConfUtils.java:logGet(43)) - raft.server.log.queue.element-limit = 1024 (custom)
2019-09-25 11:54:00,251 [pool-287-thread-1] INFO  server.RaftServerConfigKeys (ConfUtils.java:logGet(43)) - raft.server.log.segment.size.max = 1048576 (custom)
2019-09-25 11:54:00,251 [pool-287-thread-1] INFO  server.RaftServerConfigKeys (ConfUtils.java:logGet(43)) - raft.server.log.preallocated.size = 16384 (custom)
2019-09-25 11:54:00,251 [pool-287-thread-1] INFO  server.RaftServerConfigKeys (ConfUtils.java:logGet(43)) - raft.server.log.write.buffer.size = 33554432 (custom)
2019-09-25 11:54:00,251 [pool-287-thread-1] INFO  server.RaftServerConfigKeys (ConfUtils.java:logGet(43)) - raft.server.log.force.sync.num = 128 (default)
2019-09-25 11:54:00,251 [pool-287-thread-1] INFO  server.RaftServerConfigKeys (ConfUtils.java:logGet(43)) - raft.server.log.statemachine.data.sync = true (default)
2019-09-25 11:54:00,251 [pool-287-thread-1] INFO  server.RaftServerConfigKeys (ConfUtils.java:logGet(43)) - raft.server.log.statemachine.data.sync.timeout = 10s (default)
2019-09-25 11:54:00,252 [pool-287-thread-1] INFO  server.RaftServerConfigKeys (ConfUtils.java:logGet(43)) - raft.server.log.statemachine.data.sync.timeout.retry = -1 (default)
2019-09-25 11:54:00,252 [pool-287-thread-1] INFO  server.RaftServerConfigKeys (ConfUtils.java:logGet(43)) - raft.server.log.statemachine.data.caching.enabled = true (custom)
2019-09-25 11:54:00,252 [pool-287-thread-1] INFO  segmented.SegmentedRaftLogWorker (SegmentedRaftLogWorker.java:lambda$new$0(132)) - aa1c61a4-72d4-4b88-ae57-2b0e5f9a6d89@group-D97AECFE94FC-SegmentedRaftLogWorker: flushIndex: setUnconditionally 0 -> -1
2019-09-25 11:54:00,253 [pool-287-thread-1] INFO  server.RaftServerConfigKeys (ConfUtils.java:logGet(43)) - raft.server.snapshot.auto.trigger.enabled = true (custom)
2019-09-25 11:54:00,253 [pool-287-thread-1] INFO  server.RaftServerConfigKeys (ConfUtils.java:logGet(43)) - raft.server.snapshot.auto.trigger.threshold = 10000 (custom)
2019-09-25 11:54:00,253 [pool-287-thread-1] INFO  server.RaftServerConfigKeys (ConfUtils.java:logGet(43)) - raft.server.snapshot.retention.num.files = 5 (custom)
2019-09-25 11:54:00,253 [pool-287-thread-1] INFO  server.RaftServerConfigKeys (ConfUtils.java:logGet(43)) - raft.server.retrycache.expirytime = 600000ms (custom)
2019-09-25 11:54:00,255 [pool-287-thread-1] INFO  impl.RaftServerImpl (RaftServerImpl.java:start(185)) - aa1c61a4-72d4-4b88-ae57-2b0e5f9a6d89@group-D97AECFE94FC: start as a follower, conf=-1: [aa1c61a4-72d4-4b88-ae57-2b0e5f9a6d89:192.168.30.6:43603], old=null
2019-09-25 11:54:00,255 [pool-287-thread-1] INFO  impl.RaftServerImpl (RaftServerImpl.java:setRole(174)) - aa1c61a4-72d4-4b88-ae57-2b0e5f9a6d89@group-D97AECFE94FC: changes role from      null to FOLLOWER at term 0 for startAsFollower
2019-09-25 11:54:00,256 [pool-287-thread-1] INFO  impl.RoleInfo (RoleInfo.java:updateAndGet(143)) - aa1c61a4-72d4-4b88-ae57-2b0e5f9a6d89: start FollowerState
2019-09-25 11:54:00,256 [pool-287-thread-1] INFO  util.JmxRegister (JmxRegister.java:tryRegister(44)) - Successfully registered JMX Bean with object name Ratis:service=RaftServer,group=group-D97AECFE94FC,id=aa1c61a4-72d4-4b88-ae57-2b0e5f9a6d89
2019-09-25 11:54:00,259 [RatisPipelineUtilsThread] INFO  pipeline.PipelineStateManager (PipelineStateManager.java:addPipeline(56)) - Created pipeline Pipeline[ Id: 6a0460c6-3ac1-4c43-8de5-d97aecfe94fc, Nodes: aa1c61a4-72d4-4b88-ae57-2b0e5f9a6d89{ip: 192.168.30.6, host: pr-hdds-1569-5gmkr-4255264070, networkLocation: /default-rack, certSerialId: null}, Type:RATIS, Factor:ONE, State:OPEN]
2019-09-25 11:54:00,260 [RatisPipelineUtilsThread] INFO  pipeline.PipelinePlacementPolicy (PipelinePlacementPolicy.java:meetCriteria(91)) - Pipeline Placement: can't place more pipeline on heavy datanode： a45f638e-6aa6-4b63-8c44-704381a85e0f Heaviness: 6 limit: 5
2019-09-25 11:54:00,266 [grpc-default-executor-0] INFO  impl.RaftServerProxy (RaftServerProxy.java:addNew(89)) - aa1c61a4-72d4-4b88-ae57-2b0e5f9a6d89: addNew group-A237BDAD8243:[aa1c61a4-72d4-4b88-ae57-2b0e5f9a6d89:192.168.30.6:43603] returns group-A237BDAD8243:java.util.concurrent.CompletableFuture@90930c5[Not completed]
2019-09-25 11:54:00,267 [pool-287-thread-1] INFO  impl.RaftServerImpl (RaftServerImpl.java:<init>(95)) - aa1c61a4-72d4-4b88-ae57-2b0e5f9a6d89: new RaftServerImpl for group-A237BDAD8243:[aa1c61a4-72d4-4b88-ae57-2b0e5f9a6d89:192.168.30.6:43603] with ContainerStateMachine:uninitialized
2019-09-25 11:54:00,267 [pool-287-thread-1] INFO  server.RaftServerConfigKeys (ConfUtils.java:logGet(43)) - raft.server.rpc.timeout.min = 5s (custom)
2019-09-25 11:54:00,267 [pool-287-thread-1] INFO  server.RaftServerConfigKeys (ConfUtils.java:logGet(43)) - raft.server.rpc.timeout.max = 5200ms (custom)
2019-09-25 11:54:00,267 [pool-287-thread-1] INFO  server.RaftServerConfigKeys (ConfUtils.java:logGet(43)) - raft.server.rpcslowness.timeout = 120s (custom)
2019-09-25 11:54:00,267 [pool-287-thread-1] INFO  server.RaftServerConfigKeys (ConfUtils.java:logGet(43)) - raft.server.sleep.deviation.threshold = 300 (default)
2019-09-25 11:54:00,267 [pool-287-thread-1] INFO  server.RaftServerConfigKeys (ConfUtils.java:logGet(43)) - raft.server.log.appender.install.snapshot.enabled = false (custom)
2019-09-25 11:54:00,267 [pool-287-thread-1] INFO  impl.RaftServerImpl (ServerState.java:<init>(103)) - aa1c61a4-72d4-4b88-ae57-2b0e5f9a6d89@group-A237BDAD8243: ConfigurationManager, init=-1: [aa1c61a4-72d4-4b88-ae57-2b0e5f9a6d89:192.168.30.6:43603], old=null, confs=<EMPTY_MAP>
2019-09-25 11:54:00,268 [pool-287-thread-1] INFO  server.RaftServerConfigKeys (ConfUtils.java:logGet(43)) - raft.server.storage.dir = [/workdir/hadoop-ozone/ozonefs/target/test-dir/MiniOzoneClusterImpl-4e8ed6f3-3514-43a4-bf24-c8399dbc0a4f/datanode-1/data/ratis] (custom)
2019-09-25 11:54:00,268 [pool-287-thread-1] INFO  storage.RaftStorageDirectory (RaftStorageDirectory.java:analyzeStorage(246)) - The storage directory /workdir/hadoop-ozone/ozonefs/target/test-dir/MiniOzoneClusterImpl-4e8ed6f3-3514-43a4-bf24-c8399dbc0a4f/datanode-1/data/ratis/ded6319f-d397-4eaf-966f-a237bdad8243 does not exist. Creating ...
2019-09-25 11:54:00,286 [pool-287-thread-1] INFO  storage.RaftStorageDirectory (RaftStorageDirectory.java:tryLock(328)) - Lock on /workdir/hadoop-ozone/ozonefs/target/test-dir/MiniOzoneClusterImpl-4e8ed6f3-3514-43a4-bf24-c8399dbc0a4f/datanode-1/data/ratis/ded6319f-d397-4eaf-966f-a237bdad8243/in_use.lock acquired by nodename 25060@pr-hdds-1569-5gmkr-4255264070
2019-09-25 11:54:00,299 [pool-287-thread-1] INFO  storage.RaftStorage (RaftStorage.java:format(72)) - Storage directory /workdir/hadoop-ozone/ozonefs/target/test-dir/MiniOzoneClusterImpl-4e8ed6f3-3514-43a4-bf24-c8399dbc0a4f/datanode-1/data/ratis/ded6319f-d397-4eaf-966f-a237bdad8243 has been successfully formatted.
2019-09-25 11:54:00,299 [pool-287-thread-1] INFO  ratis.ContainerStateMachine (ContainerStateMachine.java:loadSnapshot(230)) - group-A237BDAD8243: The snapshot info is null. Setting the last applied indexto:(t:0, i:~)
2019-09-25 11:54:00,299 [pool-287-thread-1] INFO  server.RaftServerConfigKeys (ConfUtils.java:logGet(43)) - raft.server.notification.no-leader.timeout = 120s (custom)
2019-09-25 11:54:00,299 [pool-287-thread-1] INFO  server.RaftServerConfigKeys (ConfUtils.java:logGet(43)) - raft.server.log.use.memory = false (default)
2019-09-25 11:54:00,299 [pool-287-thread-1] INFO  server.RaftServerConfigKeys (ConfUtils.java:logGet(43)) - raft.server.log.purge.gap = 1000000 (custom)
2019-09-25 11:54:00,299 [pool-287-thread-1] INFO  server.RaftServerConfigKeys (ConfUtils.java:logGet(43)) - raft.server.log.appender.buffer.byte-limit = 33554432 (custom)
2019-09-25 11:54:00,300 [pool-287-thread-1] INFO  server.RaftServerConfigKeys (ConfUtils.java:logGet(43)) - raft.server.log.segment.size.max = 1048576 (custom)
2019-09-25 11:54:00,300 [pool-287-thread-1] INFO  server.RaftServerConfigKeys (ConfUtils.java:logGet(43)) - raft.server.log.segment.cache.num.max = 2 (custom)
2019-09-25 11:54:00,300 [pool-287-thread-1] INFO  segmented.SegmentedRaftLogWorker (SegmentedRaftLogWorker.java:<init>(172)) - new aa1c61a4-72d4-4b88-ae57-2b0e5f9a6d89@group-A237BDAD8243-SegmentedRaftLogWorker for RaftStorage:Storage Directory /workdir/hadoop-ozone/ozonefs/target/test-dir/MiniOzoneClusterImpl-4e8ed6f3-3514-43a4-bf24-c8399dbc0a4f/datanode-1/data/ratis/ded6319f-d397-4eaf-966f-a237bdad8243
2019-09-25 11:54:00,300 [pool-287-thread-1] INFO  server.RaftServerConfigKeys (ConfUtils.java:logGet(43)) - raft.server.log.queue.byte-limit = 2147483647 (custom)
2019-09-25 11:54:00,300 [pool-287-thread-1] INFO  server.RaftServerConfigKeys (ConfUtils.java:logGet(43)) - raft.server.log.queue.element-limit = 1024 (custom)
2019-09-25 11:54:00,300 [pool-287-thread-1] INFO  server.RaftServerConfigKeys (ConfUtils.java:logGet(43)) - raft.server.log.segment.size.max = 1048576 (custom)
2019-09-25 11:54:00,300 [pool-287-thread-1] INFO  server.RaftServerConfigKeys (ConfUtils.java:logGet(43)) - raft.server.log.preallocated.size = 16384 (custom)
2019-09-25 11:54:00,300 [pool-287-thread-1] INFO  server.RaftServerConfigKeys (ConfUtils.java:logGet(43)) - raft.server.log.write.buffer.size = 33554432 (custom)
2019-09-25 11:54:00,300 [pool-287-thread-1] INFO  server.RaftServerConfigKeys (ConfUtils.java:logGet(43)) - raft.server.log.force.sync.num = 128 (default)
2019-09-25 11:54:00,301 [pool-287-thread-1] INFO  server.RaftServerConfigKeys (ConfUtils.java:logGet(43)) - raft.server.log.statemachine.data.sync = true (default)
2019-09-25 11:54:00,301 [pool-287-thread-1] INFO  server.RaftServerConfigKeys (ConfUtils.java:logGet(43)) - raft.server.log.statemachine.data.sync.timeout = 10s (default)
2019-09-25 11:54:00,301 [pool-287-thread-1] INFO  server.RaftServerConfigKeys (ConfUtils.java:logGet(43)) - raft.server.log.statemachine.data.sync.timeout.retry = -1 (default)
2019-09-25 11:54:00,301 [pool-287-thread-1] INFO  server.RaftServerConfigKeys (ConfUtils.java:logGet(43)) - raft.server.log.statemachine.data.caching.enabled = true (custom)
2019-09-25 11:54:00,301 [pool-287-thread-1] INFO  segmented.SegmentedRaftLogWorker (SegmentedRaftLogWorker.java:lambda$new$0(132)) - aa1c61a4-72d4-4b88-ae57-2b0e5f9a6d89@group-A237BDAD8243-SegmentedRaftLogWorker: flushIndex: setUnconditionally 0 -> -1
2019-09-25 11:54:00,301 [pool-287-thread-1] INFO  server.RaftServerConfigKeys (ConfUtils.java:logGet(43)) - raft.server.snapshot.auto.trigger.enabled = true (custom)
2019-09-25 11:54:00,302 [pool-287-thread-1] INFO  server.RaftServerConfigKeys (ConfUtils.java:logGet(43)) - raft.server.snapshot.auto.trigger.threshold = 10000 (custom)
2019-09-25 11:54:00,302 [pool-287-thread-1] INFO  server.RaftServerConfigKeys (ConfUtils.java:logGet(43)) - raft.server.snapshot.retention.num.files = 5 (custom)
2019-09-25 11:54:00,302 [pool-287-thread-1] INFO  server.RaftServerConfigKeys (ConfUtils.java:logGet(43)) - raft.server.retrycache.expirytime = 600000ms (custom)
2019-09-25 11:54:00,303 [pool-287-thread-1] INFO  impl.RaftServerImpl (RaftServerImpl.java:start(185)) - aa1c61a4-72d4-4b88-ae57-2b0e5f9a6d89@group-A237BDAD8243: start as a follower, conf=-1: [aa1c61a4-72d4-4b88-ae57-2b0e5f9a6d89:192.168.30.6:43603], old=null
2019-09-25 11:54:00,303 [pool-287-thread-1] INFO  impl.RaftServerImpl (RaftServerImpl.java:setRole(174)) - aa1c61a4-72d4-4b88-ae57-2b0e5f9a6d89@group-A237BDAD8243: changes role from      null to FOLLOWER at term 0 for startAsFollower
2019-09-25 11:54:00,303 [pool-287-thread-1] INFO  impl.RoleInfo (RoleInfo.java:updateAndGet(143)) - aa1c61a4-72d4-4b88-ae57-2b0e5f9a6d89: start FollowerState
2019-09-25 11:54:00,304 [pool-287-thread-1] INFO  util.JmxRegister (JmxRegister.java:tryRegister(44)) - Successfully registered JMX Bean with object name Ratis:service=RaftServer,group=group-A237BDAD8243,id=aa1c61a4-72d4-4b88-ae57-2b0e5f9a6d89
2019-09-25 11:54:00,305 [Thread-1329] INFO  ozone.MiniOzoneClusterImpl (MiniOzoneClusterImpl.java:lambda$waitForClusterToBeReady$0(147)) - Cluster is ready. Got 3 of 3 DN Heartbeats.
2019-09-25 11:54:00,306 [RatisPipelineUtilsThread] INFO  pipeline.PipelineStateManager (PipelineStateManager.java:addPipeline(56)) - Created pipeline Pipeline[ Id: ded6319f-d397-4eaf-966f-a237bdad8243, Nodes: aa1c61a4-72d4-4b88-ae57-2b0e5f9a6d89{ip: 192.168.30.6, host: pr-hdds-1569-5gmkr-4255264070, networkLocation: /default-rack, certSerialId: null}, Type:RATIS, Factor:ONE, State:OPEN]
2019-09-25 11:54:00,306 [RatisPipelineUtilsThread] INFO  pipeline.PipelinePlacementPolicy (PipelinePlacementPolicy.java:meetCriteria(91)) - Pipeline Placement: can't place more pipeline on heavy datanode： a45f638e-6aa6-4b63-8c44-704381a85e0f Heaviness: 6 limit: 5
2019-09-25 11:54:00,331 [grpc-default-executor-0] INFO  impl.RaftServerProxy (RaftServerProxy.java:addNew(89)) - aa1c61a4-72d4-4b88-ae57-2b0e5f9a6d89: addNew group-A2BAADA99496:[aa1c61a4-72d4-4b88-ae57-2b0e5f9a6d89:192.168.30.6:43603] returns group-A2BAADA99496:java.util.concurrent.CompletableFuture@157f2ed9[Not completed]
2019-09-25 11:54:00,332 [pool-287-thread-1] INFO  impl.RaftServerImpl (RaftServerImpl.java:<init>(95)) - aa1c61a4-72d4-4b88-ae57-2b0e5f9a6d89: new RaftServerImpl for group-A2BAADA99496:[aa1c61a4-72d4-4b88-ae57-2b0e5f9a6d89:192.168.30.6:43603] with ContainerStateMachine:uninitialized
2019-09-25 11:54:00,332 [pool-287-thread-1] INFO  server.RaftServerConfigKeys (ConfUtils.java:logGet(43)) - raft.server.rpc.timeout.min = 5s (custom)
2019-09-25 11:54:00,332 [pool-287-thread-1] INFO  server.RaftServerConfigKeys (ConfUtils.java:logGet(43)) - raft.server.rpc.timeout.max = 5200ms (custom)
2019-09-25 11:54:00,332 [pool-287-thread-1] INFO  server.RaftServerConfigKeys (ConfUtils.java:logGet(43)) - raft.server.rpcslowness.timeout = 120s (custom)
2019-09-25 11:54:00,332 [pool-287-thread-1] INFO  server.RaftServerConfigKeys (ConfUtils.java:logGet(43)) - raft.server.sleep.deviation.threshold = 300 (default)
2019-09-25 11:54:00,333 [pool-287-thread-1] INFO  server.RaftServerConfigKeys (ConfUtils.java:logGet(43)) - raft.server.log.appender.install.snapshot.enabled = false (custom)
2019-09-25 11:54:00,333 [pool-287-thread-1] INFO  impl.RaftServerImpl (ServerState.java:<init>(103)) - aa1c61a4-72d4-4b88-ae57-2b0e5f9a6d89@group-A2BAADA99496: ConfigurationManager, init=-1: [aa1c61a4-72d4-4b88-ae57-2b0e5f9a6d89:192.168.30.6:43603], old=null, confs=<EMPTY_MAP>
2019-09-25 11:54:00,333 [pool-287-thread-1] INFO  server.RaftServerConfigKeys (ConfUtils.java:logGet(43)) - raft.server.storage.dir = [/workdir/hadoop-ozone/ozonefs/target/test-dir/MiniOzoneClusterImpl-4e8ed6f3-3514-43a4-bf24-c8399dbc0a4f/datanode-1/data/ratis] (custom)
2019-09-25 11:54:00,333 [pool-287-thread-1] INFO  storage.RaftStorageDirectory (RaftStorageDirectory.java:analyzeStorage(246)) - The storage directory /workdir/hadoop-ozone/ozonefs/target/test-dir/MiniOzoneClusterImpl-4e8ed6f3-3514-43a4-bf24-c8399dbc0a4f/datanode-1/data/ratis/36972fdf-6d00-4326-8c0b-a2baada99496 does not exist. Creating ...
2019-09-25 11:54:00,353 [Thread-1329] INFO  rpc.RpcClient (RpcClient.java:createVolume(276)) - Creating Volume: volume57955, with user17912 as owner.
2019-09-25 11:54:00,355 [IPC Server handler 1 on 41214] INFO  volume.OMVolumeCreateRequest (OMVolumeCreateRequest.java:validateAndUpdateCache(189)) - created volume:volume57955 for user:user17912
2019-09-25 11:54:00,365 [Thread-1329] INFO  rpc.RpcClient (RpcClient.java:createBucket(415)) - Creating Bucket: volume57955/bucket64928, with Versioning false and Storage Type set to DISK and Encryption set to false 
2019-09-25 11:54:00,366 [pool-287-thread-1] INFO  storage.RaftStorageDirectory (RaftStorageDirectory.java:tryLock(328)) - Lock on /workdir/hadoop-ozone/ozonefs/target/test-dir/MiniOzoneClusterImpl-4e8ed6f3-3514-43a4-bf24-c8399dbc0a4f/datanode-1/data/ratis/36972fdf-6d00-4326-8c0b-a2baada99496/in_use.lock acquired by nodename 25060@pr-hdds-1569-5gmkr-4255264070
2019-09-25 11:54:00,379 [pool-287-thread-1] INFO  storage.RaftStorage (RaftStorage.java:format(72)) - Storage directory /workdir/hadoop-ozone/ozonefs/target/test-dir/MiniOzoneClusterImpl-4e8ed6f3-3514-43a4-bf24-c8399dbc0a4f/datanode-1/data/ratis/36972fdf-6d00-4326-8c0b-a2baada99496 has been successfully formatted.
2019-09-25 11:54:00,379 [pool-287-thread-1] INFO  ratis.ContainerStateMachine (ContainerStateMachine.java:loadSnapshot(230)) - group-A2BAADA99496: The snapshot info is null. Setting the last applied indexto:(t:0, i:~)
2019-09-25 11:54:00,380 [pool-287-thread-1] INFO  server.RaftServerConfigKeys (ConfUtils.java:logGet(43)) - raft.server.notification.no-leader.timeout = 120s (custom)
2019-09-25 11:54:00,380 [pool-287-thread-1] INFO  server.RaftServerConfigKeys (ConfUtils.java:logGet(43)) - raft.server.log.use.memory = false (default)
2019-09-25 11:54:00,380 [pool-287-thread-1] INFO  server.RaftServerConfigKeys (ConfUtils.java:logGet(43)) - raft.server.log.purge.gap = 1000000 (custom)
2019-09-25 11:54:00,380 [pool-287-thread-1] INFO  server.RaftServerConfigKeys (ConfUtils.java:logGet(43)) - raft.server.log.appender.buffer.byte-limit = 33554432 (custom)
2019-09-25 11:54:00,380 [pool-287-thread-1] INFO  server.RaftServerConfigKeys (ConfUtils.java:logGet(43)) - raft.server.log.segment.size.max = 1048576 (custom)
2019-09-25 11:54:00,380 [pool-287-thread-1] INFO  server.RaftServerConfigKeys (ConfUtils.java:logGet(43)) - raft.server.log.segment.cache.num.max = 2 (custom)
2019-09-25 11:54:00,380 [pool-287-thread-1] INFO  segmented.SegmentedRaftLogWorker (SegmentedRaftLogWorker.java:<init>(172)) - new aa1c61a4-72d4-4b88-ae57-2b0e5f9a6d89@group-A2BAADA99496-SegmentedRaftLogWorker for RaftStorage:Storage Directory /workdir/hadoop-ozone/ozonefs/target/test-dir/MiniOzoneClusterImpl-4e8ed6f3-3514-43a4-bf24-c8399dbc0a4f/datanode-1/data/ratis/36972fdf-6d00-4326-8c0b-a2baada99496
2019-09-25 11:54:00,380 [pool-287-thread-1] INFO  server.RaftServerConfigKeys (ConfUtils.java:logGet(43)) - raft.server.log.queue.byte-limit = 2147483647 (custom)
2019-09-25 11:54:00,380 [pool-287-thread-1] INFO  server.RaftServerConfigKeys (ConfUtils.java:logGet(43)) - raft.server.log.queue.element-limit = 1024 (custom)
2019-09-25 11:54:00,381 [pool-287-thread-1] INFO  server.RaftServerConfigKeys (ConfUtils.java:logGet(43)) - raft.server.log.segment.size.max = 1048576 (custom)
2019-09-25 11:54:00,381 [pool-287-thread-1] INFO  server.RaftServerConfigKeys (ConfUtils.java:logGet(43)) - raft.server.log.preallocated.size = 16384 (custom)
2019-09-25 11:54:00,381 [pool-287-thread-1] INFO  server.RaftServerConfigKeys (ConfUtils.java:logGet(43)) - raft.server.log.write.buffer.size = 33554432 (custom)
2019-09-25 11:54:00,381 [pool-287-thread-1] INFO  server.RaftServerConfigKeys (ConfUtils.java:logGet(43)) - raft.server.log.force.sync.num = 128 (default)
2019-09-25 11:54:00,381 [pool-287-thread-1] INFO  server.RaftServerConfigKeys (ConfUtils.java:logGet(43)) - raft.server.log.statemachine.data.sync = true (default)
2019-09-25 11:54:00,381 [pool-287-thread-1] INFO  server.RaftServerConfigKeys (ConfUtils.java:logGet(43)) - raft.server.log.statemachine.data.sync.timeout = 10s (default)
2019-09-25 11:54:00,381 [pool-287-thread-1] INFO  server.RaftServerConfigKeys (ConfUtils.java:logGet(43)) - raft.server.log.statemachine.data.sync.timeout.retry = -1 (default)
2019-09-25 11:54:00,381 [pool-287-thread-1] INFO  server.RaftServerConfigKeys (ConfUtils.java:logGet(43)) - raft.server.log.statemachine.data.caching.enabled = true (custom)
2019-09-25 11:54:00,381 [pool-287-thread-1] INFO  segmented.SegmentedRaftLogWorker (SegmentedRaftLogWorker.java:lambda$new$0(132)) - aa1c61a4-72d4-4b88-ae57-2b0e5f9a6d89@group-A2BAADA99496-SegmentedRaftLogWorker: flushIndex: setUnconditionally 0 -> -1
2019-09-25 11:54:00,382 [pool-287-thread-1] INFO  server.RaftServerConfigKeys (ConfUtils.java:logGet(43)) - raft.server.snapshot.auto.trigger.enabled = true (custom)
2019-09-25 11:54:00,382 [pool-287-thread-1] INFO  server.RaftServerConfigKeys (ConfUtils.java:logGet(43)) - raft.server.snapshot.auto.trigger.threshold = 10000 (custom)
2019-09-25 11:54:00,382 [pool-287-thread-1] INFO  server.RaftServerConfigKeys (ConfUtils.java:logGet(43)) - raft.server.snapshot.retention.num.files = 5 (custom)
2019-09-25 11:54:00,382 [pool-287-thread-1] INFO  server.RaftServerConfigKeys (ConfUtils.java:logGet(43)) - raft.server.retrycache.expirytime = 600000ms (custom)
2019-09-25 11:54:00,383 [pool-287-thread-1] INFO  impl.RaftServerImpl (RaftServerImpl.java:start(185)) - aa1c61a4-72d4-4b88-ae57-2b0e5f9a6d89@group-A2BAADA99496: start as a follower, conf=-1: [aa1c61a4-72d4-4b88-ae57-2b0e5f9a6d89:192.168.30.6:43603], old=null
2019-09-25 11:54:00,383 [pool-287-thread-1] INFO  impl.RaftServerImpl (RaftServerImpl.java:setRole(174)) - aa1c61a4-72d4-4b88-ae57-2b0e5f9a6d89@group-A2BAADA99496: changes role from      null to FOLLOWER at term 0 for startAsFollower
2019-09-25 11:54:00,384 [pool-287-thread-1] INFO  impl.RoleInfo (RoleInfo.java:updateAndGet(143)) - aa1c61a4-72d4-4b88-ae57-2b0e5f9a6d89: start FollowerState
2019-09-25 11:54:00,384 [pool-287-thread-1] INFO  util.JmxRegister (JmxRegister.java:tryRegister(44)) - Successfully registered JMX Bean with object name Ratis:service=RaftServer,group=group-A2BAADA99496,id=aa1c61a4-72d4-4b88-ae57-2b0e5f9a6d89
2019-09-25 11:54:00,387 [RatisPipelineUtilsThread] INFO  pipeline.PipelineStateManager (PipelineStateManager.java:addPipeline(56)) - Created pipeline Pipeline[ Id: 36972fdf-6d00-4326-8c0b-a2baada99496, Nodes: aa1c61a4-72d4-4b88-ae57-2b0e5f9a6d89{ip: 192.168.30.6, host: pr-hdds-1569-5gmkr-4255264070, networkLocation: /default-rack, certSerialId: null}, Type:RATIS, Factor:ONE, State:OPEN]
2019-09-25 11:54:00,387 [RatisPipelineUtilsThread] INFO  pipeline.PipelinePlacementPolicy (PipelinePlacementPolicy.java:meetCriteria(91)) - Pipeline Placement: can't place more pipeline on heavy datanode： a45f638e-6aa6-4b63-8c44-704381a85e0f Heaviness: 6 limit: 5
2019-09-25 11:54:00,387 [RatisPipelineUtilsThread] INFO  pipeline.PipelinePlacementPolicy (PipelinePlacementPolicy.java:meetCriteria(91)) - Pipeline Placement: can't place more pipeline on heavy datanode： aa1c61a4-72d4-4b88-ae57-2b0e5f9a6d89 Heaviness: 6 limit: 5
2019-09-25 11:54:00,393 [grpc-default-executor-0] INFO  impl.RaftServerProxy (RaftServerProxy.java:addNew(89)) - 79b53b50-4b75-4974-b7b4-8ebe13ba2130: addNew group-5F36DCF4A038:[79b53b50-4b75-4974-b7b4-8ebe13ba2130:192.168.30.6:39431] returns group-5F36DCF4A038:java.util.concurrent.CompletableFuture@40e33dff[Not completed]
2019-09-25 11:54:00,394 [pool-297-thread-1] INFO  impl.RaftServerImpl (RaftServerImpl.java:<init>(95)) - 79b53b50-4b75-4974-b7b4-8ebe13ba2130: new RaftServerImpl for group-5F36DCF4A038:[79b53b50-4b75-4974-b7b4-8ebe13ba2130:192.168.30.6:39431] with ContainerStateMachine:uninitialized
2019-09-25 11:54:00,394 [pool-297-thread-1] INFO  server.RaftServerConfigKeys (ConfUtils.java:logGet(43)) - raft.server.rpc.timeout.min = 5s (custom)
2019-09-25 11:54:00,394 [pool-297-thread-1] INFO  server.RaftServerConfigKeys (ConfUtils.java:logGet(43)) - raft.server.rpc.timeout.max = 5200ms (custom)
2019-09-25 11:54:00,395 [pool-297-thread-1] INFO  server.RaftServerConfigKeys (ConfUtils.java:logGet(43)) - raft.server.rpcslowness.timeout = 120s (custom)
2019-09-25 11:54:00,395 [pool-297-thread-1] INFO  server.RaftServerConfigKeys (ConfUtils.java:logGet(43)) - raft.server.sleep.deviation.threshold = 300 (default)
2019-09-25 11:54:00,395 [pool-297-thread-1] INFO  server.RaftServerConfigKeys (ConfUtils.java:logGet(43)) - raft.server.log.appender.install.snapshot.enabled = false (custom)
2019-09-25 11:54:00,395 [pool-297-thread-1] INFO  impl.RaftServerImpl (ServerState.java:<init>(103)) - 79b53b50-4b75-4974-b7b4-8ebe13ba2130@group-5F36DCF4A038: ConfigurationManager, init=-1: [79b53b50-4b75-4974-b7b4-8ebe13ba2130:192.168.30.6:39431], old=null, confs=<EMPTY_MAP>
2019-09-25 11:54:00,395 [pool-297-thread-1] INFO  server.RaftServerConfigKeys (ConfUtils.java:logGet(43)) - raft.server.storage.dir = [/workdir/hadoop-ozone/ozonefs/target/test-dir/MiniOzoneClusterImpl-4e8ed6f3-3514-43a4-bf24-c8399dbc0a4f/datanode-2/data/ratis] (custom)
2019-09-25 11:54:00,396 [pool-297-thread-1] INFO  storage.RaftStorageDirectory (RaftStorageDirectory.java:analyzeStorage(246)) - The storage directory /workdir/hadoop-ozone/ozonefs/target/test-dir/MiniOzoneClusterImpl-4e8ed6f3-3514-43a4-bf24-c8399dbc0a4f/datanode-2/data/ratis/02a6f0bc-7671-4685-9785-5f36dcf4a038 does not exist. Creating ...
2019-09-25 11:54:00,412 [pool-297-thread-1] INFO  storage.RaftStorageDirectory (RaftStorageDirectory.java:tryLock(328)) - Lock on /workdir/hadoop-ozone/ozonefs/target/test-dir/MiniOzoneClusterImpl-4e8ed6f3-3514-43a4-bf24-c8399dbc0a4f/datanode-2/data/ratis/02a6f0bc-7671-4685-9785-5f36dcf4a038/in_use.lock acquired by nodename 25060@pr-hdds-1569-5gmkr-4255264070
2019-09-25 11:54:00,476 [pool-297-thread-1] INFO  storage.RaftStorage (RaftStorage.java:format(72)) - Storage directory /workdir/hadoop-ozone/ozonefs/target/test-dir/MiniOzoneClusterImpl-4e8ed6f3-3514-43a4-bf24-c8399dbc0a4f/datanode-2/data/ratis/02a6f0bc-7671-4685-9785-5f36dcf4a038 has been successfully formatted.
2019-09-25 11:54:00,477 [pool-297-thread-1] INFO  ratis.ContainerStateMachine (ContainerStateMachine.java:loadSnapshot(230)) - group-5F36DCF4A038: The snapshot info is null. Setting the last applied indexto:(t:0, i:~)
2019-09-25 11:54:00,477 [pool-297-thread-1] INFO  server.RaftServerConfigKeys (ConfUtils.java:logGet(43)) - raft.server.notification.no-leader.timeout = 120s (custom)
2019-09-25 11:54:00,477 [pool-297-thread-1] INFO  server.RaftServerConfigKeys (ConfUtils.java:logGet(43)) - raft.server.log.use.memory = false (default)
2019-09-25 11:54:00,477 [pool-297-thread-1] INFO  server.RaftServerConfigKeys (ConfUtils.java:logGet(43)) - raft.server.log.purge.gap = 1000000 (custom)
2019-09-25 11:54:00,477 [pool-297-thread-1] INFO  server.RaftServerConfigKeys (ConfUtils.java:logGet(43)) - raft.server.log.appender.buffer.byte-limit = 33554432 (custom)
2019-09-25 11:54:00,477 [pool-297-thread-1] INFO  server.RaftServerConfigKeys (ConfUtils.java:logGet(43)) - raft.server.log.segment.size.max = 1048576 (custom)
2019-09-25 11:54:00,478 [pool-297-thread-1] INFO  server.RaftServerConfigKeys (ConfUtils.java:logGet(43)) - raft.server.log.segment.cache.num.max = 2 (custom)
2019-09-25 11:54:00,478 [pool-297-thread-1] INFO  segmented.SegmentedRaftLogWorker (SegmentedRaftLogWorker.java:<init>(172)) - new 79b53b50-4b75-4974-b7b4-8ebe13ba2130@group-5F36DCF4A038-SegmentedRaftLogWorker for RaftStorage:Storage Directory /workdir/hadoop-ozone/ozonefs/target/test-dir/MiniOzoneClusterImpl-4e8ed6f3-3514-43a4-bf24-c8399dbc0a4f/datanode-2/data/ratis/02a6f0bc-7671-4685-9785-5f36dcf4a038
2019-09-25 11:54:00,478 [pool-297-thread-1] INFO  server.RaftServerConfigKeys (ConfUtils.java:logGet(43)) - raft.server.log.queue.byte-limit = 2147483647 (custom)
2019-09-25 11:54:00,478 [pool-297-thread-1] INFO  server.RaftServerConfigKeys (ConfUtils.java:logGet(43)) - raft.server.log.queue.element-limit = 1024 (custom)
2019-09-25 11:54:00,478 [pool-297-thread-1] INFO  server.RaftServerConfigKeys (ConfUtils.java:logGet(43)) - raft.server.log.segment.size.max = 1048576 (custom)
2019-09-25 11:54:00,478 [pool-297-thread-1] INFO  server.RaftServerConfigKeys (ConfUtils.java:logGet(43)) - raft.server.log.preallocated.size = 16384 (custom)
2019-09-25 11:54:00,478 [pool-297-thread-1] INFO  server.RaftServerConfigKeys (ConfUtils.java:logGet(43)) - raft.server.log.write.buffer.size = 33554432 (custom)
2019-09-25 11:54:00,479 [pool-297-thread-1] INFO  server.RaftServerConfigKeys (ConfUtils.java:logGet(43)) - raft.server.log.force.sync.num = 128 (default)
2019-09-25 11:54:00,479 [pool-297-thread-1] INFO  server.RaftServerConfigKeys (ConfUtils.java:logGet(43)) - raft.server.log.statemachine.data.sync = true (default)
2019-09-25 11:54:00,479 [pool-297-thread-1] INFO  server.RaftServerConfigKeys (ConfUtils.java:logGet(43)) - raft.server.log.statemachine.data.sync.timeout = 10s (default)
2019-09-25 11:54:00,479 [pool-297-thread-1] INFO  server.RaftServerConfigKeys (ConfUtils.java:logGet(43)) - raft.server.log.statemachine.data.sync.timeout.retry = -1 (default)
2019-09-25 11:54:00,479 [pool-297-thread-1] INFO  server.RaftServerConfigKeys (ConfUtils.java:logGet(43)) - raft.server.log.statemachine.data.caching.enabled = true (custom)
2019-09-25 11:54:00,480 [pool-297-thread-1] INFO  segmented.SegmentedRaftLogWorker (SegmentedRaftLogWorker.java:lambda$new$0(132)) - 79b53b50-4b75-4974-b7b4-8ebe13ba2130@group-5F36DCF4A038-SegmentedRaftLogWorker: flushIndex: setUnconditionally 0 -> -1
2019-09-25 11:54:00,480 [pool-297-thread-1] INFO  server.RaftServerConfigKeys (ConfUtils.java:logGet(43)) - raft.server.snapshot.auto.trigger.enabled = true (custom)
2019-09-25 11:54:00,480 [pool-297-thread-1] INFO  server.RaftServerConfigKeys (ConfUtils.java:logGet(43)) - raft.server.snapshot.auto.trigger.threshold = 10000 (custom)
2019-09-25 11:54:00,480 [pool-297-thread-1] INFO  server.RaftServerConfigKeys (ConfUtils.java:logGet(43)) - raft.server.snapshot.retention.num.files = 5 (custom)
2019-09-25 11:54:00,480 [pool-297-thread-1] INFO  server.RaftServerConfigKeys (ConfUtils.java:logGet(43)) - raft.server.retrycache.expirytime = 600000ms (custom)
2019-09-25 11:54:00,482 [pool-297-thread-1] INFO  impl.RaftServerImpl (RaftServerImpl.java:start(185)) - 79b53b50-4b75-4974-b7b4-8ebe13ba2130@group-5F36DCF4A038: start as a follower, conf=-1: [79b53b50-4b75-4974-b7b4-8ebe13ba2130:192.168.30.6:39431], old=null
2019-09-25 11:54:00,482 [pool-297-thread-1] INFO  impl.RaftServerImpl (RaftServerImpl.java:setRole(174)) - 79b53b50-4b75-4974-b7b4-8ebe13ba2130@group-5F36DCF4A038: changes role from      null to FOLLOWER at term 0 for startAsFollower
2019-09-25 11:54:00,482 [pool-297-thread-1] INFO  impl.RoleInfo (RoleInfo.java:updateAndGet(143)) - 79b53b50-4b75-4974-b7b4-8ebe13ba2130: start FollowerState
2019-09-25 11:54:00,483 [pool-297-thread-1] INFO  util.JmxRegister (JmxRegister.java:tryRegister(44)) - Successfully registered JMX Bean with object name Ratis:service=RaftServer,group=group-5F36DCF4A038,id=79b53b50-4b75-4974-b7b4-8ebe13ba2130
2019-09-25 11:54:00,486 [RatisPipelineUtilsThread] INFO  pipeline.PipelineStateManager (PipelineStateManager.java:addPipeline(56)) - Created pipeline Pipeline[ Id: 02a6f0bc-7671-4685-9785-5f36dcf4a038, Nodes: 79b53b50-4b75-4974-b7b4-8ebe13ba2130{ip: 192.168.30.6, host: pr-hdds-1569-5gmkr-4255264070, networkLocation: /default-rack, certSerialId: null}, Type:RATIS, Factor:ONE, State:OPEN]
2019-09-25 11:54:00,486 [RatisPipelineUtilsThread] INFO  pipeline.PipelinePlacementPolicy (PipelinePlacementPolicy.java:meetCriteria(91)) - Pipeline Placement: can't place more pipeline on heavy datanode： a45f638e-6aa6-4b63-8c44-704381a85e0f Heaviness: 6 limit: 5
2019-09-25 11:54:00,486 [RatisPipelineUtilsThread] INFO  pipeline.PipelinePlacementPolicy (PipelinePlacementPolicy.java:meetCriteria(91)) - Pipeline Placement: can't place more pipeline on heavy datanode： aa1c61a4-72d4-4b88-ae57-2b0e5f9a6d89 Heaviness: 6 limit: 5
2019-09-25 11:54:00,492 [grpc-default-executor-0] INFO  impl.RaftServerProxy (RaftServerProxy.java:addNew(89)) - 79b53b50-4b75-4974-b7b4-8ebe13ba2130: addNew group-DE8D88F0B819:[79b53b50-4b75-4974-b7b4-8ebe13ba2130:192.168.30.6:39431] returns group-DE8D88F0B819:java.util.concurrent.CompletableFuture@5a0afd2f[Not completed]
2019-09-25 11:54:00,493 [pool-297-thread-1] INFO  impl.RaftServerImpl (RaftServerImpl.java:<init>(95)) - 79b53b50-4b75-4974-b7b4-8ebe13ba2130: new RaftServerImpl for group-DE8D88F0B819:[79b53b50-4b75-4974-b7b4-8ebe13ba2130:192.168.30.6:39431] with ContainerStateMachine:uninitialized
2019-09-25 11:54:00,493 [pool-297-thread-1] INFO  server.RaftServerConfigKeys (ConfUtils.java:logGet(43)) - raft.server.rpc.timeout.min = 5s (custom)
2019-09-25 11:54:00,494 [pool-297-thread-1] INFO  server.RaftServerConfigKeys (ConfUtils.java:logGet(43)) - raft.server.rpc.timeout.max = 5200ms (custom)
2019-09-25 11:54:00,494 [pool-297-thread-1] INFO  server.RaftServerConfigKeys (ConfUtils.java:logGet(43)) - raft.server.rpcslowness.timeout = 120s (custom)
2019-09-25 11:54:00,494 [pool-297-thread-1] INFO  server.RaftServerConfigKeys (ConfUtils.java:logGet(43)) - raft.server.sleep.deviation.threshold = 300 (default)
2019-09-25 11:54:00,494 [pool-297-thread-1] INFO  server.RaftServerConfigKeys (ConfUtils.java:logGet(43)) - raft.server.log.appender.install.snapshot.enabled = false (custom)
2019-09-25 11:54:00,494 [pool-297-thread-1] INFO  impl.RaftServerImpl (ServerState.java:<init>(103)) - 79b53b50-4b75-4974-b7b4-8ebe13ba2130@group-DE8D88F0B819: ConfigurationManager, init=-1: [79b53b50-4b75-4974-b7b4-8ebe13ba2130:192.168.30.6:39431], old=null, confs=<EMPTY_MAP>
2019-09-25 11:54:00,494 [pool-297-thread-1] INFO  server.RaftServerConfigKeys (ConfUtils.java:logGet(43)) - raft.server.storage.dir = [/workdir/hadoop-ozone/ozonefs/target/test-dir/MiniOzoneClusterImpl-4e8ed6f3-3514-43a4-bf24-c8399dbc0a4f/datanode-2/data/ratis] (custom)
2019-09-25 11:54:00,495 [pool-297-thread-1] INFO  storage.RaftStorageDirectory (RaftStorageDirectory.java:analyzeStorage(246)) - The storage directory /workdir/hadoop-ozone/ozonefs/target/test-dir/MiniOzoneClusterImpl-4e8ed6f3-3514-43a4-bf24-c8399dbc0a4f/datanode-2/data/ratis/0fb80eda-79fe-4952-b066-de8d88f0b819 does not exist. Creating ...
2019-09-25 11:54:00,527 [pool-297-thread-1] INFO  storage.RaftStorageDirectory (RaftStorageDirectory.java:tryLock(328)) - Lock on /workdir/hadoop-ozone/ozonefs/target/test-dir/MiniOzoneClusterImpl-4e8ed6f3-3514-43a4-bf24-c8399dbc0a4f/datanode-2/data/ratis/0fb80eda-79fe-4952-b066-de8d88f0b819/in_use.lock acquired by nodename 25060@pr-hdds-1569-5gmkr-4255264070
2019-09-25 11:54:00,547 [pool-297-thread-1] INFO  storage.RaftStorage (RaftStorage.java:format(72)) - Storage directory /workdir/hadoop-ozone/ozonefs/target/test-dir/MiniOzoneClusterImpl-4e8ed6f3-3514-43a4-bf24-c8399dbc0a4f/datanode-2/data/ratis/0fb80eda-79fe-4952-b066-de8d88f0b819 has been successfully formatted.
2019-09-25 11:54:00,547 [pool-297-thread-1] INFO  ratis.ContainerStateMachine (ContainerStateMachine.java:loadSnapshot(230)) - group-DE8D88F0B819: The snapshot info is null. Setting the last applied indexto:(t:0, i:~)
2019-09-25 11:54:00,547 [pool-297-thread-1] INFO  server.RaftServerConfigKeys (ConfUtils.java:logGet(43)) - raft.server.notification.no-leader.timeout = 120s (custom)
2019-09-25 11:54:00,548 [pool-297-thread-1] INFO  server.RaftServerConfigKeys (ConfUtils.java:logGet(43)) - raft.server.log.use.memory = false (default)
2019-09-25 11:54:00,548 [pool-297-thread-1] INFO  server.RaftServerConfigKeys (ConfUtils.java:logGet(43)) - raft.server.log.purge.gap = 1000000 (custom)
2019-09-25 11:54:00,548 [pool-297-thread-1] INFO  server.RaftServerConfigKeys (ConfUtils.java:logGet(43)) - raft.server.log.appender.buffer.byte-limit = 33554432 (custom)
2019-09-25 11:54:00,548 [pool-297-thread-1] INFO  server.RaftServerConfigKeys (ConfUtils.java:logGet(43)) - raft.server.log.segment.size.max = 1048576 (custom)
2019-09-25 11:54:00,548 [pool-297-thread-1] INFO  server.RaftServerConfigKeys (ConfUtils.java:logGet(43)) - raft.server.log.segment.cache.num.max = 2 (custom)
2019-09-25 11:54:00,548 [pool-297-thread-1] INFO  segmented.SegmentedRaftLogWorker (SegmentedRaftLogWorker.java:<init>(172)) - new 79b53b50-4b75-4974-b7b4-8ebe13ba2130@group-DE8D88F0B819-SegmentedRaftLogWorker for RaftStorage:Storage Directory /workdir/hadoop-ozone/ozonefs/target/test-dir/MiniOzoneClusterImpl-4e8ed6f3-3514-43a4-bf24-c8399dbc0a4f/datanode-2/data/ratis/0fb80eda-79fe-4952-b066-de8d88f0b819
2019-09-25 11:54:00,549 [pool-297-thread-1] INFO  server.RaftServerConfigKeys (ConfUtils.java:logGet(43)) - raft.server.log.queue.byte-limit = 2147483647 (custom)
2019-09-25 11:54:00,549 [pool-297-thread-1] INFO  server.RaftServerConfigKeys (ConfUtils.java:logGet(43)) - raft.server.log.queue.element-limit = 1024 (custom)
2019-09-25 11:54:00,549 [pool-297-thread-1] INFO  server.RaftServerConfigKeys (ConfUtils.java:logGet(43)) - raft.server.log.segment.size.max = 1048576 (custom)
2019-09-25 11:54:00,549 [pool-297-thread-1] INFO  server.RaftServerConfigKeys (ConfUtils.java:logGet(43)) - raft.server.log.preallocated.size = 16384 (custom)
2019-09-25 11:54:00,549 [pool-297-thread-1] INFO  server.RaftServerConfigKeys (ConfUtils.java:logGet(43)) - raft.server.log.write.buffer.size = 33554432 (custom)
2019-09-25 11:54:00,549 [pool-297-thread-1] INFO  server.RaftServerConfigKeys (ConfUtils.java:logGet(43)) - raft.server.log.force.sync.num = 128 (default)
2019-09-25 11:54:00,550 [pool-297-thread-1] INFO  server.RaftServerConfigKeys (ConfUtils.java:logGet(43)) - raft.server.log.statemachine.data.sync = true (default)
2019-09-25 11:54:00,550 [pool-297-thread-1] INFO  server.RaftServerConfigKeys (ConfUtils.java:logGet(43)) - raft.server.log.statemachine.data.sync.timeout = 10s (default)
2019-09-25 11:54:00,550 [pool-297-thread-1] INFO  server.RaftServerConfigKeys (ConfUtils.java:logGet(43)) - raft.server.log.statemachine.data.sync.timeout.retry = -1 (default)
2019-09-25 11:54:00,550 [pool-297-thread-1] INFO  server.RaftServerConfigKeys (ConfUtils.java:logGet(43)) - raft.server.log.statemachine.data.caching.enabled = true (custom)
2019-09-25 11:54:00,550 [pool-297-thread-1] INFO  segmented.SegmentedRaftLogWorker (SegmentedRaftLogWorker.java:lambda$new$0(132)) - 79b53b50-4b75-4974-b7b4-8ebe13ba2130@group-DE8D88F0B819-SegmentedRaftLogWorker: flushIndex: setUnconditionally 0 -> -1
2019-09-25 11:54:00,551 [pool-297-thread-1] INFO  server.RaftServerConfigKeys (ConfUtils.java:logGet(43)) - raft.server.snapshot.auto.trigger.enabled = true (custom)
2019-09-25 11:54:00,551 [pool-297-thread-1] INFO  server.RaftServerConfigKeys (ConfUtils.java:logGet(43)) - raft.server.snapshot.auto.trigger.threshold = 10000 (custom)
2019-09-25 11:54:00,551 [pool-297-thread-1] INFO  server.RaftServerConfigKeys (ConfUtils.java:logGet(43)) - raft.server.snapshot.retention.num.files = 5 (custom)
2019-09-25 11:54:00,551 [pool-297-thread-1] INFO  server.RaftServerConfigKeys (ConfUtils.java:logGet(43)) - raft.server.retrycache.expirytime = 600000ms (custom)
2019-09-25 11:54:00,553 [pool-297-thread-1] INFO  impl.RaftServerImpl (RaftServerImpl.java:start(185)) - 79b53b50-4b75-4974-b7b4-8ebe13ba2130@group-DE8D88F0B819: start as a follower, conf=-1: [79b53b50-4b75-4974-b7b4-8ebe13ba2130:192.168.30.6:39431], old=null
2019-09-25 11:54:00,553 [pool-297-thread-1] INFO  impl.RaftServerImpl (RaftServerImpl.java:setRole(174)) - 79b53b50-4b75-4974-b7b4-8ebe13ba2130@group-DE8D88F0B819: changes role from      null to FOLLOWER at term 0 for startAsFollower
2019-09-25 11:54:00,553 [pool-297-thread-1] INFO  impl.RoleInfo (RoleInfo.java:updateAndGet(143)) - 79b53b50-4b75-4974-b7b4-8ebe13ba2130: start FollowerState
2019-09-25 11:54:00,554 [pool-297-thread-1] INFO  util.JmxRegister (JmxRegister.java:tryRegister(44)) - Successfully registered JMX Bean with object name Ratis:service=RaftServer,group=group-DE8D88F0B819,id=79b53b50-4b75-4974-b7b4-8ebe13ba2130
2019-09-25 11:54:00,557 [RatisPipelineUtilsThread] INFO  pipeline.PipelineStateManager (PipelineStateManager.java:addPipeline(56)) - Created pipeline Pipeline[ Id: 0fb80eda-79fe-4952-b066-de8d88f0b819, Nodes: 79b53b50-4b75-4974-b7b4-8ebe13ba2130{ip: 192.168.30.6, host: pr-hdds-1569-5gmkr-4255264070, networkLocation: /default-rack, certSerialId: null}, Type:RATIS, Factor:ONE, State:OPEN]
2019-09-25 11:54:00,557 [RatisPipelineUtilsThread] INFO  pipeline.PipelinePlacementPolicy (PipelinePlacementPolicy.java:meetCriteria(91)) - Pipeline Placement: can't place more pipeline on heavy datanode： a45f638e-6aa6-4b63-8c44-704381a85e0f Heaviness: 6 limit: 5
2019-09-25 11:54:00,558 [RatisPipelineUtilsThread] INFO  pipeline.PipelinePlacementPolicy (PipelinePlacementPolicy.java:meetCriteria(91)) - Pipeline Placement: can't place more pipeline on heavy datanode： aa1c61a4-72d4-4b88-ae57-2b0e5f9a6d89 Heaviness: 6 limit: 5
2019-09-25 11:54:00,564 [grpc-default-executor-0] INFO  impl.RaftServerProxy (RaftServerProxy.java:addNew(89)) - 79b53b50-4b75-4974-b7b4-8ebe13ba2130: addNew group-C45E634AA245:[79b53b50-4b75-4974-b7b4-8ebe13ba2130:192.168.30.6:39431] returns group-C45E634AA245:java.util.concurrent.CompletableFuture@66c75793[Not completed]
2019-09-25 11:54:00,565 [pool-297-thread-1] INFO  impl.RaftServerImpl (RaftServerImpl.java:<init>(95)) - 79b53b50-4b75-4974-b7b4-8ebe13ba2130: new RaftServerImpl for group-C45E634AA245:[79b53b50-4b75-4974-b7b4-8ebe13ba2130:192.168.30.6:39431] with ContainerStateMachine:uninitialized
2019-09-25 11:54:00,565 [pool-297-thread-1] INFO  server.RaftServerConfigKeys (ConfUtils.java:logGet(43)) - raft.server.rpc.timeout.min = 5s (custom)
2019-09-25 11:54:00,566 [pool-297-thread-1] INFO  server.RaftServerConfigKeys (ConfUtils.java:logGet(43)) - raft.server.rpc.timeout.max = 5200ms (custom)
2019-09-25 11:54:00,566 [pool-297-thread-1] INFO  server.RaftServerConfigKeys (ConfUtils.java:logGet(43)) - raft.server.rpcslowness.timeout = 120s (custom)
2019-09-25 11:54:00,566 [pool-297-thread-1] INFO  server.RaftServerConfigKeys (ConfUtils.java:logGet(43)) - raft.server.sleep.deviation.threshold = 300 (default)
2019-09-25 11:54:00,566 [pool-297-thread-1] INFO  server.RaftServerConfigKeys (ConfUtils.java:logGet(43)) - raft.server.log.appender.install.snapshot.enabled = false (custom)
2019-09-25 11:54:00,566 [pool-297-thread-1] INFO  impl.RaftServerImpl (ServerState.java:<init>(103)) - 79b53b50-4b75-4974-b7b4-8ebe13ba2130@group-C45E634AA245: ConfigurationManager, init=-1: [79b53b50-4b75-4974-b7b4-8ebe13ba2130:192.168.30.6:39431], old=null, confs=<EMPTY_MAP>
2019-09-25 11:54:00,566 [pool-297-thread-1] INFO  server.RaftServerConfigKeys (ConfUtils.java:logGet(43)) - raft.server.storage.dir = [/workdir/hadoop-ozone/ozonefs/target/test-dir/MiniOzoneClusterImpl-4e8ed6f3-3514-43a4-bf24-c8399dbc0a4f/datanode-2/data/ratis] (custom)
2019-09-25 11:54:00,567 [pool-297-thread-1] INFO  storage.RaftStorageDirectory (RaftStorageDirectory.java:analyzeStorage(246)) - The storage directory /workdir/hadoop-ozone/ozonefs/target/test-dir/MiniOzoneClusterImpl-4e8ed6f3-3514-43a4-bf24-c8399dbc0a4f/datanode-2/data/ratis/0ece0cf5-e10c-4e03-86a5-c45e634aa245 does not exist. Creating ...
2019-09-25 11:54:00,601 [pool-297-thread-1] INFO  storage.RaftStorageDirectory (RaftStorageDirectory.java:tryLock(328)) - Lock on /workdir/hadoop-ozone/ozonefs/target/test-dir/MiniOzoneClusterImpl-4e8ed6f3-3514-43a4-bf24-c8399dbc0a4f/datanode-2/data/ratis/0ece0cf5-e10c-4e03-86a5-c45e634aa245/in_use.lock acquired by nodename 25060@pr-hdds-1569-5gmkr-4255264070
2019-09-25 11:54:00,617 [pool-297-thread-1] INFO  storage.RaftStorage (RaftStorage.java:format(72)) - Storage directory /workdir/hadoop-ozone/ozonefs/target/test-dir/MiniOzoneClusterImpl-4e8ed6f3-3514-43a4-bf24-c8399dbc0a4f/datanode-2/data/ratis/0ece0cf5-e10c-4e03-86a5-c45e634aa245 has been successfully formatted.
2019-09-25 11:54:00,618 [pool-297-thread-1] INFO  ratis.ContainerStateMachine (ContainerStateMachine.java:loadSnapshot(230)) - group-C45E634AA245: The snapshot info is null. Setting the last applied indexto:(t:0, i:~)
2019-09-25 11:54:00,618 [pool-297-thread-1] INFO  server.RaftServerConfigKeys (ConfUtils.java:logGet(43)) - raft.server.notification.no-leader.timeout = 120s (custom)
2019-09-25 11:54:00,618 [pool-297-thread-1] INFO  server.RaftServerConfigKeys (ConfUtils.java:logGet(43)) - raft.server.log.use.memory = false (default)
2019-09-25 11:54:00,618 [pool-297-thread-1] INFO  server.RaftServerConfigKeys (ConfUtils.java:logGet(43)) - raft.server.log.purge.gap = 1000000 (custom)
2019-09-25 11:54:00,618 [pool-297-thread-1] INFO  server.RaftServerConfigKeys (ConfUtils.java:logGet(43)) - raft.server.log.appender.buffer.byte-limit = 33554432 (custom)
2019-09-25 11:54:00,619 [pool-297-thread-1] INFO  server.RaftServerConfigKeys (ConfUtils.java:logGet(43)) - raft.server.log.segment.size.max = 1048576 (custom)
2019-09-25 11:54:00,619 [pool-297-thread-1] INFO  server.RaftServerConfigKeys (ConfUtils.java:logGet(43)) - raft.server.log.segment.cache.num.max = 2 (custom)
2019-09-25 11:54:00,619 [pool-297-thread-1] INFO  segmented.SegmentedRaftLogWorker (SegmentedRaftLogWorker.java:<init>(172)) - new 79b53b50-4b75-4974-b7b4-8ebe13ba2130@group-C45E634AA245-SegmentedRaftLogWorker for RaftStorage:Storage Directory /workdir/hadoop-ozone/ozonefs/target/test-dir/MiniOzoneClusterImpl-4e8ed6f3-3514-43a4-bf24-c8399dbc0a4f/datanode-2/data/ratis/0ece0cf5-e10c-4e03-86a5-c45e634aa245
2019-09-25 11:54:00,619 [pool-297-thread-1] INFO  server.RaftServerConfigKeys (ConfUtils.java:logGet(43)) - raft.server.log.queue.byte-limit = 2147483647 (custom)
2019-09-25 11:54:00,619 [pool-297-thread-1] INFO  server.RaftServerConfigKeys (ConfUtils.java:logGet(43)) - raft.server.log.queue.element-limit = 1024 (custom)
2019-09-25 11:54:00,619 [pool-297-thread-1] INFO  server.RaftServerConfigKeys (ConfUtils.java:logGet(43)) - raft.server.log.segment.size.max = 1048576 (custom)
2019-09-25 11:54:00,619 [pool-297-thread-1] INFO  server.RaftServerConfigKeys (ConfUtils.java:logGet(43)) - raft.server.log.preallocated.size = 16384 (custom)
2019-09-25 11:54:00,620 [pool-297-thread-1] INFO  server.RaftServerConfigKeys (ConfUtils.java:logGet(43)) - raft.server.log.write.buffer.size = 33554432 (custom)
2019-09-25 11:54:00,620 [pool-297-thread-1] INFO  server.RaftServerConfigKeys (ConfUtils.java:logGet(43)) - raft.server.log.force.sync.num = 128 (default)
2019-09-25 11:54:00,620 [pool-297-thread-1] INFO  server.RaftServerConfigKeys (ConfUtils.java:logGet(43)) - raft.server.log.statemachine.data.sync = true (default)
2019-09-25 11:54:00,620 [pool-297-thread-1] INFO  server.RaftServerConfigKeys (ConfUtils.java:logGet(43)) - raft.server.log.statemachine.data.sync.timeout = 10s (default)
2019-09-25 11:54:00,620 [pool-297-thread-1] INFO  server.RaftServerConfigKeys (ConfUtils.java:logGet(43)) - raft.server.log.statemachine.data.sync.timeout.retry = -1 (default)
2019-09-25 11:54:00,620 [pool-297-thread-1] INFO  server.RaftServerConfigKeys (ConfUtils.java:logGet(43)) - raft.server.log.statemachine.data.caching.enabled = true (custom)
2019-09-25 11:54:00,621 [pool-297-thread-1] INFO  segmented.SegmentedRaftLogWorker (SegmentedRaftLogWorker.java:lambda$new$0(132)) - 79b53b50-4b75-4974-b7b4-8ebe13ba2130@group-C45E634AA245-SegmentedRaftLogWorker: flushIndex: setUnconditionally 0 -> -1
2019-09-25 11:54:00,621 [pool-297-thread-1] INFO  server.RaftServerConfigKeys (ConfUtils.java:logGet(43)) - raft.server.snapshot.auto.trigger.enabled = true (custom)
2019-09-25 11:54:00,621 [pool-297-thread-1] INFO  server.RaftServerConfigKeys (ConfUtils.java:logGet(43)) - raft.server.snapshot.auto.trigger.threshold = 10000 (custom)
2019-09-25 11:54:00,621 [pool-297-thread-1] INFO  server.RaftServerConfigKeys (ConfUtils.java:logGet(43)) - raft.server.snapshot.retention.num.files = 5 (custom)
2019-09-25 11:54:00,622 [pool-297-thread-1] INFO  server.RaftServerConfigKeys (ConfUtils.java:logGet(43)) - raft.server.retrycache.expirytime = 600000ms (custom)
2019-09-25 11:54:00,624 [pool-297-thread-1] INFO  impl.RaftServerImpl (RaftServerImpl.java:start(185)) - 79b53b50-4b75-4974-b7b4-8ebe13ba2130@group-C45E634AA245: start as a follower, conf=-1: [79b53b50-4b75-4974-b7b4-8ebe13ba2130:192.168.30.6:39431], old=null
2019-09-25 11:54:00,624 [pool-297-thread-1] INFO  impl.RaftServerImpl (RaftServerImpl.java:setRole(174)) - 79b53b50-4b75-4974-b7b4-8ebe13ba2130@group-C45E634AA245: changes role from      null to FOLLOWER at term 0 for startAsFollower
2019-09-25 11:54:00,624 [pool-297-thread-1] INFO  impl.RoleInfo (RoleInfo.java:updateAndGet(143)) - 79b53b50-4b75-4974-b7b4-8ebe13ba2130: start FollowerState
2019-09-25 11:54:00,624 [pool-297-thread-1] INFO  util.JmxRegister (JmxRegister.java:tryRegister(44)) - Successfully registered JMX Bean with object name Ratis:service=RaftServer,group=group-C45E634AA245,id=79b53b50-4b75-4974-b7b4-8ebe13ba2130
2019-09-25 11:54:00,628 [RatisPipelineUtilsThread] INFO  pipeline.PipelineStateManager (PipelineStateManager.java:addPipeline(56)) - Created pipeline Pipeline[ Id: 0ece0cf5-e10c-4e03-86a5-c45e634aa245, Nodes: 79b53b50-4b75-4974-b7b4-8ebe13ba2130{ip: 192.168.30.6, host: pr-hdds-1569-5gmkr-4255264070, networkLocation: /default-rack, certSerialId: null}, Type:RATIS, Factor:ONE, State:OPEN]
2019-09-25 11:54:00,628 [RatisPipelineUtilsThread] INFO  pipeline.PipelinePlacementPolicy (PipelinePlacementPolicy.java:meetCriteria(91)) - Pipeline Placement: can't place more pipeline on heavy datanode： a45f638e-6aa6-4b63-8c44-704381a85e0f Heaviness: 6 limit: 5
2019-09-25 11:54:00,628 [RatisPipelineUtilsThread] INFO  pipeline.PipelinePlacementPolicy (PipelinePlacementPolicy.java:meetCriteria(91)) - Pipeline Placement: can't place more pipeline on heavy datanode： aa1c61a4-72d4-4b88-ae57-2b0e5f9a6d89 Heaviness: 6 limit: 5
2019-09-25 11:54:00,634 [grpc-default-executor-0] INFO  impl.RaftServerProxy (RaftServerProxy.java:addNew(89)) - 79b53b50-4b75-4974-b7b4-8ebe13ba2130: addNew group-916D87967C70:[79b53b50-4b75-4974-b7b4-8ebe13ba2130:192.168.30.6:39431] returns group-916D87967C70:java.util.concurrent.CompletableFuture@252e8d58[Not completed]
2019-09-25 11:54:00,635 [pool-297-thread-1] INFO  impl.RaftServerImpl (RaftServerImpl.java:<init>(95)) - 79b53b50-4b75-4974-b7b4-8ebe13ba2130: new RaftServerImpl for group-916D87967C70:[79b53b50-4b75-4974-b7b4-8ebe13ba2130:192.168.30.6:39431] with ContainerStateMachine:uninitialized
2019-09-25 11:54:00,636 [pool-297-thread-1] INFO  server.RaftServerConfigKeys (ConfUtils.java:logGet(43)) - raft.server.rpc.timeout.min = 5s (custom)
2019-09-25 11:54:00,636 [pool-297-thread-1] INFO  server.RaftServerConfigKeys (ConfUtils.java:logGet(43)) - raft.server.rpc.timeout.max = 5200ms (custom)
2019-09-25 11:54:00,636 [pool-297-thread-1] INFO  server.RaftServerConfigKeys (ConfUtils.java:logGet(43)) - raft.server.rpcslowness.timeout = 120s (custom)
2019-09-25 11:54:00,636 [pool-297-thread-1] INFO  server.RaftServerConfigKeys (ConfUtils.java:logGet(43)) - raft.server.sleep.deviation.threshold = 300 (default)
2019-09-25 11:54:00,636 [pool-297-thread-1] INFO  server.RaftServerConfigKeys (ConfUtils.java:logGet(43)) - raft.server.log.appender.install.snapshot.enabled = false (custom)
2019-09-25 11:54:00,636 [pool-297-thread-1] INFO  impl.RaftServerImpl (ServerState.java:<init>(103)) - 79b53b50-4b75-4974-b7b4-8ebe13ba2130@group-916D87967C70: ConfigurationManager, init=-1: [79b53b50-4b75-4974-b7b4-8ebe13ba2130:192.168.30.6:39431], old=null, confs=<EMPTY_MAP>
2019-09-25 11:54:00,636 [pool-297-thread-1] INFO  server.RaftServerConfigKeys (ConfUtils.java:logGet(43)) - raft.server.storage.dir = [/workdir/hadoop-ozone/ozonefs/target/test-dir/MiniOzoneClusterImpl-4e8ed6f3-3514-43a4-bf24-c8399dbc0a4f/datanode-2/data/ratis] (custom)
2019-09-25 11:54:00,637 [pool-297-thread-1] INFO  storage.RaftStorageDirectory (RaftStorageDirectory.java:analyzeStorage(246)) - The storage directory /workdir/hadoop-ozone/ozonefs/target/test-dir/MiniOzoneClusterImpl-4e8ed6f3-3514-43a4-bf24-c8399dbc0a4f/datanode-2/data/ratis/b692dd5a-4cc4-48dd-bddf-916d87967c70 does not exist. Creating ...
2019-09-25 11:54:00,650 [pool-297-thread-1] INFO  storage.RaftStorageDirectory (RaftStorageDirectory.java:tryLock(328)) - Lock on /workdir/hadoop-ozone/ozonefs/target/test-dir/MiniOzoneClusterImpl-4e8ed6f3-3514-43a4-bf24-c8399dbc0a4f/datanode-2/data/ratis/b692dd5a-4cc4-48dd-bddf-916d87967c70/in_use.lock acquired by nodename 25060@pr-hdds-1569-5gmkr-4255264070
2019-09-25 11:54:00,663 [pool-297-thread-1] INFO  storage.RaftStorage (RaftStorage.java:format(72)) - Storage directory /workdir/hadoop-ozone/ozonefs/target/test-dir/MiniOzoneClusterImpl-4e8ed6f3-3514-43a4-bf24-c8399dbc0a4f/datanode-2/data/ratis/b692dd5a-4cc4-48dd-bddf-916d87967c70 has been successfully formatted.
2019-09-25 11:54:00,663 [pool-297-thread-1] INFO  ratis.ContainerStateMachine (ContainerStateMachine.java:loadSnapshot(230)) - group-916D87967C70: The snapshot info is null. Setting the last applied indexto:(t:0, i:~)
2019-09-25 11:54:00,663 [pool-297-thread-1] INFO  server.RaftServerConfigKeys (ConfUtils.java:logGet(43)) - raft.server.notification.no-leader.timeout = 120s (custom)
2019-09-25 11:54:00,663 [pool-297-thread-1] INFO  server.RaftServerConfigKeys (ConfUtils.java:logGet(43)) - raft.server.log.use.memory = false (default)
2019-09-25 11:54:00,664 [pool-297-thread-1] INFO  server.RaftServerConfigKeys (ConfUtils.java:logGet(43)) - raft.server.log.purge.gap = 1000000 (custom)
2019-09-25 11:54:00,664 [pool-297-thread-1] INFO  server.RaftServerConfigKeys (ConfUtils.java:logGet(43)) - raft.server.log.appender.buffer.byte-limit = 33554432 (custom)
2019-09-25 11:54:00,664 [pool-297-thread-1] INFO  server.RaftServerConfigKeys (ConfUtils.java:logGet(43)) - raft.server.log.segment.size.max = 1048576 (custom)
2019-09-25 11:54:00,664 [pool-297-thread-1] INFO  server.RaftServerConfigKeys (ConfUtils.java:logGet(43)) - raft.server.log.segment.cache.num.max = 2 (custom)
2019-09-25 11:54:00,664 [pool-297-thread-1] INFO  segmented.SegmentedRaftLogWorker (SegmentedRaftLogWorker.java:<init>(172)) - new 79b53b50-4b75-4974-b7b4-8ebe13ba2130@group-916D87967C70-SegmentedRaftLogWorker for RaftStorage:Storage Directory /workdir/hadoop-ozone/ozonefs/target/test-dir/MiniOzoneClusterImpl-4e8ed6f3-3514-43a4-bf24-c8399dbc0a4f/datanode-2/data/ratis/b692dd5a-4cc4-48dd-bddf-916d87967c70
2019-09-25 11:54:00,664 [pool-297-thread-1] INFO  server.RaftServerConfigKeys (ConfUtils.java:logGet(43)) - raft.server.log.queue.byte-limit = 2147483647 (custom)
2019-09-25 11:54:00,664 [pool-297-thread-1] INFO  server.RaftServerConfigKeys (ConfUtils.java:logGet(43)) - raft.server.log.queue.element-limit = 1024 (custom)
2019-09-25 11:54:00,664 [pool-297-thread-1] INFO  server.RaftServerConfigKeys (ConfUtils.java:logGet(43)) - raft.server.log.segment.size.max = 1048576 (custom)
2019-09-25 11:54:00,665 [pool-297-thread-1] INFO  server.RaftServerConfigKeys (ConfUtils.java:logGet(43)) - raft.server.log.preallocated.size = 16384 (custom)
2019-09-25 11:54:00,665 [pool-297-thread-1] INFO  server.RaftServerConfigKeys (ConfUtils.java:logGet(43)) - raft.server.log.write.buffer.size = 33554432 (custom)
2019-09-25 11:54:00,665 [pool-297-thread-1] INFO  server.RaftServerConfigKeys (ConfUtils.java:logGet(43)) - raft.server.log.force.sync.num = 128 (default)
2019-09-25 11:54:00,665 [pool-297-thread-1] INFO  server.RaftServerConfigKeys (ConfUtils.java:logGet(43)) - raft.server.log.statemachine.data.sync = true (default)
2019-09-25 11:54:00,665 [pool-297-thread-1] INFO  server.RaftServerConfigKeys (ConfUtils.java:logGet(43)) - raft.server.log.statemachine.data.sync.timeout = 10s (default)
2019-09-25 11:54:00,665 [pool-297-thread-1] INFO  server.RaftServerConfigKeys (ConfUtils.java:logGet(43)) - raft.server.log.statemachine.data.sync.timeout.retry = -1 (default)
2019-09-25 11:54:00,665 [pool-297-thread-1] INFO  server.RaftServerConfigKeys (ConfUtils.java:logGet(43)) - raft.server.log.statemachine.data.caching.enabled = true (custom)
2019-09-25 11:54:00,666 [pool-297-thread-1] INFO  segmented.SegmentedRaftLogWorker (SegmentedRaftLogWorker.java:lambda$new$0(132)) - 79b53b50-4b75-4974-b7b4-8ebe13ba2130@group-916D87967C70-SegmentedRaftLogWorker: flushIndex: setUnconditionally 0 -> -1
2019-09-25 11:54:00,666 [pool-297-thread-1] INFO  server.RaftServerConfigKeys (ConfUtils.java:logGet(43)) - raft.server.snapshot.auto.trigger.enabled = true (custom)
2019-09-25 11:54:00,666 [pool-297-thread-1] INFO  server.RaftServerConfigKeys (ConfUtils.java:logGet(43)) - raft.server.snapshot.auto.trigger.threshold = 10000 (custom)
2019-09-25 11:54:00,666 [pool-297-thread-1] INFO  server.RaftServerConfigKeys (ConfUtils.java:logGet(43)) - raft.server.snapshot.retention.num.files = 5 (custom)
2019-09-25 11:54:00,666 [pool-297-thread-1] INFO  server.RaftServerConfigKeys (ConfUtils.java:logGet(43)) - raft.server.retrycache.expirytime = 600000ms (custom)
2019-09-25 11:54:00,668 [pool-297-thread-1] INFO  impl.RaftServerImpl (RaftServerImpl.java:start(185)) - 79b53b50-4b75-4974-b7b4-8ebe13ba2130@group-916D87967C70: start as a follower, conf=-1: [79b53b50-4b75-4974-b7b4-8ebe13ba2130:192.168.30.6:39431], old=null
2019-09-25 11:54:00,668 [pool-297-thread-1] INFO  impl.RaftServerImpl (RaftServerImpl.java:setRole(174)) - 79b53b50-4b75-4974-b7b4-8ebe13ba2130@group-916D87967C70: changes role from      null to FOLLOWER at term 0 for startAsFollower
2019-09-25 11:54:00,668 [pool-297-thread-1] INFO  impl.RoleInfo (RoleInfo.java:updateAndGet(143)) - 79b53b50-4b75-4974-b7b4-8ebe13ba2130: start FollowerState
2019-09-25 11:54:00,668 [pool-297-thread-1] INFO  util.JmxRegister (JmxRegister.java:tryRegister(44)) - Successfully registered JMX Bean with object name Ratis:service=RaftServer,group=group-916D87967C70,id=79b53b50-4b75-4974-b7b4-8ebe13ba2130
2019-09-25 11:54:00,671 [RatisPipelineUtilsThread] INFO  pipeline.PipelineStateManager (PipelineStateManager.java:addPipeline(56)) - Created pipeline Pipeline[ Id: b692dd5a-4cc4-48dd-bddf-916d87967c70, Nodes: 79b53b50-4b75-4974-b7b4-8ebe13ba2130{ip: 192.168.30.6, host: pr-hdds-1569-5gmkr-4255264070, networkLocation: /default-rack, certSerialId: null}, Type:RATIS, Factor:ONE, State:OPEN]
2019-09-25 11:54:00,671 [RatisPipelineUtilsThread] INFO  pipeline.PipelinePlacementPolicy (PipelinePlacementPolicy.java:meetCriteria(91)) - Pipeline Placement: can't place more pipeline on heavy datanode： a45f638e-6aa6-4b63-8c44-704381a85e0f Heaviness: 6 limit: 5
2019-09-25 11:54:00,671 [RatisPipelineUtilsThread] INFO  pipeline.PipelinePlacementPolicy (PipelinePlacementPolicy.java:meetCriteria(91)) - Pipeline Placement: can't place more pipeline on heavy datanode： 79b53b50-4b75-4974-b7b4-8ebe13ba2130 Heaviness: 6 limit: 5
2019-09-25 11:54:00,672 [RatisPipelineUtilsThread] INFO  pipeline.PipelinePlacementPolicy (PipelinePlacementPolicy.java:meetCriteria(91)) - Pipeline Placement: can't place more pipeline on heavy datanode： aa1c61a4-72d4-4b88-ae57-2b0e5f9a6d89 Heaviness: 6 limit: 5
2019-09-25 11:54:00,672 [RatisPipelineUtilsThread] ERROR pipeline.PipelinePlacementPolicy (PipelinePlacementPolicy.java:filterViableNodes(148)) - Unable to find enough nodes that meet the criteria that cannot engage in more than 5 pipelines. Nodes required: 1 Found: 0, healthy nodes count inNodeManager: 3.
2019-09-25 11:54:00,672 [RatisPipelineUtilsThread] ERROR pipeline.SCMPipelineManager (SCMPipelineManager.java:createPipeline(167)) - Pipeline creation failed.
org.apache.hadoop.hdds.scm.exceptions.SCMException: Unable to find enough nodes that meet the criteria that cannot engage in more than 5 pipelines. Nodes required: 1 Found: 0, healthy nodes count inNodeManager: 3.
	at org.apache.hadoop.hdds.scm.pipeline.PipelinePlacementPolicy.filterViableNodes(PipelinePlacementPolicy.java:149)
	at org.apache.hadoop.hdds.scm.pipeline.PipelinePlacementPolicy.chooseDatanodes(PipelinePlacementPolicy.java:172)
	at org.apache.hadoop.hdds.scm.pipeline.RatisPipelineProvider.create(RatisPipelineProvider.java:93)
	at org.apache.hadoop.hdds.scm.pipeline.PipelineFactory.create(PipelineFactory.java:58)
	at org.apache.hadoop.hdds.scm.pipeline.SCMPipelineManager.createPipeline(SCMPipelineManager.java:155)
	at org.apache.hadoop.hdds.scm.pipeline.BackgroundPipelineCreator.createPipelines(BackgroundPipelineCreator.java:99)
	at java.util.concurrent.Executors$RunnableAdapter.call(Executors.java:511)
	at java.util.concurrent.FutureTask.run(FutureTask.java:266)
	at java.util.concurrent.ScheduledThreadPoolExecutor$ScheduledFutureTask.access$201(ScheduledThreadPoolExecutor.java:180)
	at java.util.concurrent.ScheduledThreadPoolExecutor$ScheduledFutureTask.run(ScheduledThreadPoolExecutor.java:293)
	at java.util.concurrent.ThreadPoolExecutor.runWorker(ThreadPoolExecutor.java:1149)
	at java.util.concurrent.ThreadPoolExecutor$Worker.run(ThreadPoolExecutor.java:624)
	at java.lang.Thread.run(Thread.java:748)
2019-09-25 11:54:00,672 [RatisPipelineUtilsThread] INFO  pipeline.PipelinePlacementPolicy (PipelinePlacementPolicy.java:meetCriteria(91)) - Pipeline Placement: can't place more pipeline on heavy datanode： a45f638e-6aa6-4b63-8c44-704381a85e0f Heaviness: 6 limit: 5
2019-09-25 11:54:00,672 [RatisPipelineUtilsThread] INFO  pipeline.PipelinePlacementPolicy (PipelinePlacementPolicy.java:meetCriteria(91)) - Pipeline Placement: can't place more pipeline on heavy datanode： 79b53b50-4b75-4974-b7b4-8ebe13ba2130 Heaviness: 6 limit: 5
2019-09-25 11:54:00,672 [RatisPipelineUtilsThread] INFO  pipeline.PipelinePlacementPolicy (PipelinePlacementPolicy.java:meetCriteria(91)) - Pipeline Placement: can't place more pipeline on heavy datanode： aa1c61a4-72d4-4b88-ae57-2b0e5f9a6d89 Heaviness: 6 limit: 5
2019-09-25 11:54:00,673 [RatisPipelineUtilsThread] ERROR pipeline.PipelinePlacementPolicy (PipelinePlacementPolicy.java:filterViableNodes(148)) - Unable to find enough nodes that meet the criteria that cannot engage in more than 5 pipelines. Nodes required: 3 Found: 0, healthy nodes count inNodeManager: 3.
2019-09-25 11:54:00,673 [RatisPipelineUtilsThread] ERROR pipeline.SCMPipelineManager (SCMPipelineManager.java:createPipeline(167)) - Pipeline creation failed.
org.apache.hadoop.hdds.scm.exceptions.SCMException: Unable to find enough nodes that meet the criteria that cannot engage in more than 5 pipelines. Nodes required: 3 Found: 0, healthy nodes count inNodeManager: 3.
	at org.apache.hadoop.hdds.scm.pipeline.PipelinePlacementPolicy.filterViableNodes(PipelinePlacementPolicy.java:149)
	at org.apache.hadoop.hdds.scm.pipeline.PipelinePlacementPolicy.chooseDatanodes(PipelinePlacementPolicy.java:172)
	at org.apache.hadoop.hdds.scm.pipeline.RatisPipelineProvider.create(RatisPipelineProvider.java:93)
	at org.apache.hadoop.hdds.scm.pipeline.PipelineFactory.create(PipelineFactory.java:58)
	at org.apache.hadoop.hdds.scm.pipeline.SCMPipelineManager.createPipeline(SCMPipelineManager.java:155)
	at org.apache.hadoop.hdds.scm.pipeline.BackgroundPipelineCreator.createPipelines(BackgroundPipelineCreator.java:99)
	at java.util.concurrent.Executors$RunnableAdapter.call(Executors.java:511)
	at java.util.concurrent.FutureTask.run(FutureTask.java:266)
	at java.util.concurrent.ScheduledThreadPoolExecutor$ScheduledFutureTask.access$201(ScheduledThreadPoolExecutor.java:180)
	at java.util.concurrent.ScheduledThreadPoolExecutor$ScheduledFutureTask.run(ScheduledThreadPoolExecutor.java:293)
	at java.util.concurrent.ThreadPoolExecutor.runWorker(ThreadPoolExecutor.java:1149)
	at java.util.concurrent.ThreadPoolExecutor$Worker.run(ThreadPoolExecutor.java:624)
	at java.lang.Thread.run(Thread.java:748)
2019-09-25 11:54:00,673 [RatisPipelineUtilsThread] INFO  pipeline.PipelinePlacementPolicy (PipelinePlacementPolicy.java:meetCriteria(91)) - Pipeline Placement: can't place more pipeline on heavy datanode： a45f638e-6aa6-4b63-8c44-704381a85e0f Heaviness: 6 limit: 5
2019-09-25 11:54:00,673 [RatisPipelineUtilsThread] INFO  pipeline.PipelinePlacementPolicy (PipelinePlacementPolicy.java:meetCriteria(91)) - Pipeline Placement: can't place more pipeline on heavy datanode： 79b53b50-4b75-4974-b7b4-8ebe13ba2130 Heaviness: 6 limit: 5
2019-09-25 11:54:00,673 [RatisPipelineUtilsThread] INFO  pipeline.PipelinePlacementPolicy (PipelinePlacementPolicy.java:meetCriteria(91)) - Pipeline Placement: can't place more pipeline on heavy datanode： aa1c61a4-72d4-4b88-ae57-2b0e5f9a6d89 Heaviness: 6 limit: 5
2019-09-25 11:54:00,674 [RatisPipelineUtilsThread] ERROR pipeline.PipelinePlacementPolicy (PipelinePlacementPolicy.java:filterViableNodes(148)) - Unable to find enough nodes that meet the criteria that cannot engage in more than 5 pipelines. Nodes required: 1 Found: 0, healthy nodes count inNodeManager: 3.
2019-09-25 11:54:00,674 [RatisPipelineUtilsThread] ERROR pipeline.SCMPipelineManager (SCMPipelineManager.java:createPipeline(167)) - Pipeline creation failed.
org.apache.hadoop.hdds.scm.exceptions.SCMException: Unable to find enough nodes that meet the criteria that cannot engage in more than 5 pipelines. Nodes required: 1 Found: 0, healthy nodes count inNodeManager: 3.
	at org.apache.hadoop.hdds.scm.pipeline.PipelinePlacementPolicy.filterViableNodes(PipelinePlacementPolicy.java:149)
	at org.apache.hadoop.hdds.scm.pipeline.PipelinePlacementPolicy.chooseDatanodes(PipelinePlacementPolicy.java:172)
	at org.apache.hadoop.hdds.scm.pipeline.RatisPipelineProvider.create(RatisPipelineProvider.java:93)
	at org.apache.hadoop.hdds.scm.pipeline.PipelineFactory.create(PipelineFactory.java:58)
	at org.apache.hadoop.hdds.scm.pipeline.SCMPipelineManager.createPipeline(SCMPipelineManager.java:155)
	at org.apache.hadoop.hdds.scm.pipeline.BackgroundPipelineCreator.createPipelines(BackgroundPipelineCreator.java:99)
	at org.apache.hadoop.hdds.scm.pipeline.BackgroundPipelineCreator.lambda$startFixedIntervalPipelineCreator$0(BackgroundPipelineCreator.java:70)
	at java.util.concurrent.Executors$RunnableAdapter.call(Executors.java:511)
	at java.util.concurrent.FutureTask.runAndReset(FutureTask.java:308)
	at java.util.concurrent.ScheduledThreadPoolExecutor$ScheduledFutureTask.access$301(ScheduledThreadPoolExecutor.java:180)
	at java.util.concurrent.ScheduledThreadPoolExecutor$ScheduledFutureTask.run(ScheduledThreadPoolExecutor.java:294)
	at java.util.concurrent.ThreadPoolExecutor.runWorker(ThreadPoolExecutor.java:1149)
	at java.util.concurrent.ThreadPoolExecutor$Worker.run(ThreadPoolExecutor.java:624)
	at java.lang.Thread.run(Thread.java:748)
2019-09-25 11:54:00,674 [RatisPipelineUtilsThread] INFO  pipeline.PipelinePlacementPolicy (PipelinePlacementPolicy.java:meetCriteria(91)) - Pipeline Placement: can't place more pipeline on heavy datanode： a45f638e-6aa6-4b63-8c44-704381a85e0f Heaviness: 6 limit: 5
2019-09-25 11:54:00,674 [RatisPipelineUtilsThread] INFO  pipeline.PipelinePlacementPolicy (PipelinePlacementPolicy.java:meetCriteria(91)) - Pipeline Placement: can't place more pipeline on heavy datanode： 79b53b50-4b75-4974-b7b4-8ebe13ba2130 Heaviness: 6 limit: 5
2019-09-25 11:54:00,674 [RatisPipelineUtilsThread] INFO  pipeline.PipelinePlacementPolicy (PipelinePlacementPolicy.java:meetCriteria(91)) - Pipeline Placement: can't place more pipeline on heavy datanode： aa1c61a4-72d4-4b88-ae57-2b0e5f9a6d89 Heaviness: 6 limit: 5
2019-09-25 11:54:00,675 [RatisPipelineUtilsThread] ERROR pipeline.PipelinePlacementPolicy (PipelinePlacementPolicy.java:filterViableNodes(148)) - Unable to find enough nodes that meet the criteria that cannot engage in more than 5 pipelines. Nodes required: 3 Found: 0, healthy nodes count inNodeManager: 3.
2019-09-25 11:54:00,675 [RatisPipelineUtilsThread] ERROR pipeline.SCMPipelineManager (SCMPipelineManager.java:createPipeline(167)) - Pipeline creation failed.
org.apache.hadoop.hdds.scm.exceptions.SCMException: Unable to find enough nodes that meet the criteria that cannot engage in more than 5 pipelines. Nodes required: 3 Found: 0, healthy nodes count inNodeManager: 3.
	at org.apache.hadoop.hdds.scm.pipeline.PipelinePlacementPolicy.filterViableNodes(PipelinePlacementPolicy.java:149)
	at org.apache.hadoop.hdds.scm.pipeline.PipelinePlacementPolicy.chooseDatanodes(PipelinePlacementPolicy.java:172)
	at org.apache.hadoop.hdds.scm.pipeline.RatisPipelineProvider.create(RatisPipelineProvider.java:93)
	at org.apache.hadoop.hdds.scm.pipeline.PipelineFactory.create(PipelineFactory.java:58)
	at org.apache.hadoop.hdds.scm.pipeline.SCMPipelineManager.createPipeline(SCMPipelineManager.java:155)
	at org.apache.hadoop.hdds.scm.pipeline.BackgroundPipelineCreator.createPipelines(BackgroundPipelineCreator.java:99)
	at org.apache.hadoop.hdds.scm.pipeline.BackgroundPipelineCreator.lambda$startFixedIntervalPipelineCreator$0(BackgroundPipelineCreator.java:70)
	at java.util.concurrent.Executors$RunnableAdapter.call(Executors.java:511)
	at java.util.concurrent.FutureTask.runAndReset(FutureTask.java:308)
	at java.util.concurrent.ScheduledThreadPoolExecutor$ScheduledFutureTask.access$301(ScheduledThreadPoolExecutor.java:180)
	at java.util.concurrent.ScheduledThreadPoolExecutor$ScheduledFutureTask.run(ScheduledThreadPoolExecutor.java:294)
	at java.util.concurrent.ThreadPoolExecutor.runWorker(ThreadPoolExecutor.java:1149)
	at java.util.concurrent.ThreadPoolExecutor$Worker.run(ThreadPoolExecutor.java:624)
	at java.lang.Thread.run(Thread.java:748)
2019-09-25 11:54:00,675 [IPC Server handler 1 on 39920] INFO  pipeline.PipelinePlacementPolicy (PipelinePlacementPolicy.java:meetCriteria(91)) - Pipeline Placement: can't place more pipeline on heavy datanode： a45f638e-6aa6-4b63-8c44-704381a85e0f Heaviness: 6 limit: 5
2019-09-25 11:54:00,675 [IPC Server handler 1 on 39920] INFO  pipeline.PipelinePlacementPolicy (PipelinePlacementPolicy.java:meetCriteria(91)) - Pipeline Placement: can't place more pipeline on heavy datanode： 79b53b50-4b75-4974-b7b4-8ebe13ba2130 Heaviness: 6 limit: 5
2019-09-25 11:54:00,675 [IPC Server handler 1 on 39920] INFO  pipeline.PipelinePlacementPolicy (PipelinePlacementPolicy.java:meetCriteria(91)) - Pipeline Placement: can't place more pipeline on heavy datanode： aa1c61a4-72d4-4b88-ae57-2b0e5f9a6d89 Heaviness: 6 limit: 5
2019-09-25 11:54:00,676 [IPC Server handler 1 on 39920] ERROR pipeline.PipelinePlacementPolicy (PipelinePlacementPolicy.java:filterViableNodes(148)) - Unable to find enough nodes that meet the criteria that cannot engage in more than 5 pipelines. Nodes required: 3 Found: 0, healthy nodes count inNodeManager: 3.
2019-09-25 11:54:00,676 [IPC Server handler 1 on 39920] ERROR pipeline.SCMPipelineManager (SCMPipelineManager.java:createPipeline(167)) - Pipeline creation failed.
org.apache.hadoop.hdds.scm.exceptions.SCMException: Unable to find enough nodes that meet the criteria that cannot engage in more than 5 pipelines. Nodes required: 3 Found: 0, healthy nodes count inNodeManager: 3.
	at org.apache.hadoop.hdds.scm.pipeline.PipelinePlacementPolicy.filterViableNodes(PipelinePlacementPolicy.java:149)
	at org.apache.hadoop.hdds.scm.pipeline.PipelinePlacementPolicy.chooseDatanodes(PipelinePlacementPolicy.java:172)
	at org.apache.hadoop.hdds.scm.pipeline.RatisPipelineProvider.create(RatisPipelineProvider.java:93)
	at org.apache.hadoop.hdds.scm.pipeline.PipelineFactory.create(PipelineFactory.java:58)
	at org.apache.hadoop.hdds.scm.pipeline.SCMPipelineManager.createPipeline(SCMPipelineManager.java:155)
	at org.apache.hadoop.hdds.scm.block.BlockManagerImpl.allocateBlock(BlockManagerImpl.java:190)
	at org.apache.hadoop.hdds.scm.server.SCMBlockProtocolServer.allocateBlock(SCMBlockProtocolServer.java:182)
	at org.apache.hadoop.ozone.protocolPB.ScmBlockLocationProtocolServerSideTranslatorPB.allocateScmBlock(ScmBlockLocationProtocolServerSideTranslatorPB.java:183)
	at org.apache.hadoop.ozone.protocolPB.ScmBlockLocationProtocolServerSideTranslatorPB.processMessage(ScmBlockLocationProtocolServerSideTranslatorPB.java:141)
	at org.apache.hadoop.ozone.protocolPB.ScmBlockLocationProtocolServerSideTranslatorPB.send(ScmBlockLocationProtocolServerSideTranslatorPB.java:116)
	at org.apache.hadoop.hdds.protocol.proto.ScmBlockLocationProtocolProtos$ScmBlockLocationProtocolService$2.callBlockingMethod(ScmBlockLocationProtocolProtos.java:13157)
	at org.apache.hadoop.ipc.ProtobufRpcEngine$Server$ProtoBufRpcInvoker.call(ProtobufRpcEngine.java:524)
	at org.apache.hadoop.ipc.RPC$Server.call(RPC.java:1025)
	at org.apache.hadoop.ipc.Server$RpcCall.run(Server.java:876)
	at org.apache.hadoop.ipc.Server$RpcCall.run(Server.java:822)
	at java.security.AccessController.doPrivileged(Native Method)
	at javax.security.auth.Subject.doAs(Subject.java:422)
	at org.apache.hadoop.security.UserGroupInformation.doAs(UserGroupInformation.java:1730)
	at org.apache.hadoop.ipc.Server$Handler.run(Server.java:2682)
2019-09-25 11:54:00,676 [IPC Server handler 1 on 39920] WARN  block.BlockManagerImpl (BlockManagerImpl.java:allocateBlock(192)) - Pipeline creation failed for type:RATIS factor:THREE. Retrying get pipelines call once.
org.apache.hadoop.hdds.scm.exceptions.SCMException: Unable to find enough nodes that meet the criteria that cannot engage in more than 5 pipelines. Nodes required: 3 Found: 0, healthy nodes count inNodeManager: 3.
	at org.apache.hadoop.hdds.scm.pipeline.PipelinePlacementPolicy.filterViableNodes(PipelinePlacementPolicy.java:149)
	at org.apache.hadoop.hdds.scm.pipeline.PipelinePlacementPolicy.chooseDatanodes(PipelinePlacementPolicy.java:172)
	at org.apache.hadoop.hdds.scm.pipeline.RatisPipelineProvider.create(RatisPipelineProvider.java:93)
	at org.apache.hadoop.hdds.scm.pipeline.PipelineFactory.create(PipelineFactory.java:58)
	at org.apache.hadoop.hdds.scm.pipeline.SCMPipelineManager.createPipeline(SCMPipelineManager.java:155)
	at org.apache.hadoop.hdds.scm.block.BlockManagerImpl.allocateBlock(BlockManagerImpl.java:190)
	at org.apache.hadoop.hdds.scm.server.SCMBlockProtocolServer.allocateBlock(SCMBlockProtocolServer.java:182)
	at org.apache.hadoop.ozone.protocolPB.ScmBlockLocationProtocolServerSideTranslatorPB.allocateScmBlock(ScmBlockLocationProtocolServerSideTranslatorPB.java:183)
	at org.apache.hadoop.ozone.protocolPB.ScmBlockLocationProtocolServerSideTranslatorPB.processMessage(ScmBlockLocationProtocolServerSideTranslatorPB.java:141)
	at org.apache.hadoop.ozone.protocolPB.ScmBlockLocationProtocolServerSideTranslatorPB.send(ScmBlockLocationProtocolServerSideTranslatorPB.java:116)
	at org.apache.hadoop.hdds.protocol.proto.ScmBlockLocationProtocolProtos$ScmBlockLocationProtocolService$2.callBlockingMethod(ScmBlockLocationProtocolProtos.java:13157)
	at org.apache.hadoop.ipc.ProtobufRpcEngine$Server$ProtoBufRpcInvoker.call(ProtobufRpcEngine.java:524)
	at org.apache.hadoop.ipc.RPC$Server.call(RPC.java:1025)
	at org.apache.hadoop.ipc.Server$RpcCall.run(Server.java:876)
	at org.apache.hadoop.ipc.Server$RpcCall.run(Server.java:822)
	at java.security.AccessController.doPrivileged(Native Method)
	at javax.security.auth.Subject.doAs(Subject.java:422)
	at org.apache.hadoop.security.UserGroupInformation.doAs(UserGroupInformation.java:1730)
	at org.apache.hadoop.ipc.Server$Handler.run(Server.java:2682)
2019-09-25 11:54:00,677 [IPC Server handler 1 on 39920] INFO  block.BlockManagerImpl (BlockManagerImpl.java:allocateBlock(198)) - Could not find available pipeline of type:RATIS and factor:THREE even after retrying
2019-09-25 11:54:00,677 [IPC Server handler 1 on 39920] ERROR block.BlockManagerImpl (BlockManagerImpl.java:allocateBlock(222)) - Unable to allocate a block for the size: 4194304, type: RATIS, factor: THREE
2019-09-25 11:54:00,681 [Thread-1329] INFO  ozone.MiniOzoneClusterImpl (MiniOzoneClusterImpl.java:shutdown(314)) - Shutting down the Mini Ozone Cluster
2019-09-25 11:54:00,681 [Thread-1329] INFO  ozone.MiniOzoneClusterImpl (MiniOzoneClusterImpl.java:stop(330)) - Stopping the Mini Ozone Cluster
2019-09-25 11:54:00,681 [Thread-1329] INFO  ozone.MiniOzoneClusterImpl (MiniOzoneClusterImpl.java:stopOM(400)) - Stopping the OzoneManager
2019-09-25 11:54:00,681 [Thread-1329] INFO  ipc.Server (Server.java:stop(3082)) - Stopping server on 41214
2019-09-25 11:54:00,685 [IPC Server listener on 41214] INFO  ipc.Server (Server.java:run(1185)) - Stopping IPC Server listener on 41214
2019-09-25 11:54:00,685 [Thread-1329] INFO  ratis.OzoneManagerDoubleBuffer (OzoneManagerDoubleBuffer.java:stop(248)) - Stopping OMDoubleBuffer flush thread
2019-09-25 11:54:00,687 [IPC Server Responder] INFO  ipc.Server (Server.java:run(1319)) - Stopping IPC Server Responder
2019-09-25 11:54:00,688 [OMDoubleBufferFlushThread] INFO  ratis.OzoneManagerDoubleBuffer (OzoneManagerDoubleBuffer.java:flushTransactions(191)) - OMDoubleBuffer flush thread OMDoubleBufferFlushThread is interrupted and will exit. OMDoubleBufferFlushThread
2019-09-25 11:54:00,688 [Thread-1329] INFO  utils.BackgroundService (BackgroundService.java:shutdown(148)) - Shutting down service KeyDeletingService
2019-09-25 11:54:00,689 [Thread-1329] INFO  handler.ContextHandler (ContextHandler.java:doStop(910)) - Stopped o.e.j.w.WebAppContext@6f37c1f5{/,null,UNAVAILABLE}{/ozoneManager}
2019-09-25 11:54:00,690 [Thread-1329] INFO  server.AbstractConnector (AbstractConnector.java:doStop(318)) - Stopped ServerConnector@50d05428{HTTP/1.1,[http/1.1]}{0.0.0.0:0}
2019-09-25 11:54:00,690 [Thread-1329] INFO  handler.ContextHandler (ContextHandler.java:doStop(910)) - Stopped o.e.j.s.ServletContextHandler@62e8720c{/static,jar:file:/home/user/.m2/repository/org/apache/hadoop/hadoop-ozone-ozone-manager/0.5.0-SNAPSHOT/hadoop-ozone-ozone-manager-0.5.0-SNAPSHOT.jar!/webapps/static,UNAVAILABLE}
2019-09-25 11:54:00,690 [Thread-1329] INFO  handler.ContextHandler (ContextHandler.java:doStop(910)) - Stopped o.e.j.s.ServletContextHandler@53955e83{/logs,file:///workdir/hadoop-ozone/ozonefs/target/log,UNAVAILABLE}
2019-09-25 11:54:00,692 [Thread-1329] INFO  ozone.MiniOzoneClusterImpl (MiniOzoneClusterImpl.java:stopDatanodes(377)) - Stopping the HddsDatanodes
2019-09-25 11:54:01,140 [Datanode State Machine Thread - 0] INFO  statemachine.DatanodeStateMachine (DatanodeStateMachine.java:lambda$startDaemon$0(350)) - Ozone container server started.
2019-09-25 11:54:01,216 [Datanode State Machine Thread - 0] INFO  statemachine.DatanodeStateMachine (DatanodeStateMachine.java:lambda$startDaemon$0(350)) - Ozone container server started.
2019-09-25 11:54:02,152 [Thread-1501] INFO  container.ReplicationManager (ReplicationManager.java:start(163)) - Starting Replication Monitor Thread.
2019-09-25 11:54:02,155 [ReplicationMonitor] INFO  container.ReplicationManager (ReplicationManager.java:run(226)) - Replication Monitor Thread took 0 milliseconds for processing 0 containers.
2019-09-25 11:54:04,432 [Thread-1503] INFO  impl.FollowerState (FollowerState.java:run(106)) - a45f638e-6aa6-4b63-8c44-704381a85e0f:group-B2D9171B02D3 changes to CANDIDATE, lastRpcTime:5129, electionTimeout:5129ms
2019-09-25 11:54:04,433 [Thread-1503] INFO  impl.RoleInfo (RoleInfo.java:shutdownFollowerState(121)) - a45f638e-6aa6-4b63-8c44-704381a85e0f: shutdown FollowerState
2019-09-25 11:54:04,433 [Thread-1503] INFO  impl.RaftServerImpl (RaftServerImpl.java:setRole(174)) - a45f638e-6aa6-4b63-8c44-704381a85e0f@group-B2D9171B02D3: changes role from  FOLLOWER to CANDIDATE at term 0 for changeToCandidate
2019-09-25 11:54:04,433 [Thread-1503] INFO  impl.RoleInfo (RoleInfo.java:updateAndGet(143)) - a45f638e-6aa6-4b63-8c44-704381a85e0f: start LeaderElection
2019-09-25 11:54:04,451 [a45f638e-6aa6-4b63-8c44-704381a85e0f@group-B2D9171B02D3:LeaderElection88] INFO  impl.LeaderElection (LeaderElection.java:askForVotes(182)) - a45f638e-6aa6-4b63-8c44-704381a85e0f@group-B2D9171B02D3:LeaderElection88: begin an election at term 1 for -1: [a45f638e-6aa6-4b63-8c44-704381a85e0f:192.168.30.6:38299], old=null
2019-09-25 11:54:04,451 [a45f638e-6aa6-4b63-8c44-704381a85e0f@group-B2D9171B02D3:LeaderElection88] INFO  impl.RoleInfo (RoleInfo.java:shutdownLeaderElection(134)) - a45f638e-6aa6-4b63-8c44-704381a85e0f: shutdown LeaderElection
2019-09-25 11:54:04,451 [a45f638e-6aa6-4b63-8c44-704381a85e0f@group-B2D9171B02D3:LeaderElection88] INFO  impl.RaftServerImpl (RaftServerImpl.java:setRole(174)) - a45f638e-6aa6-4b63-8c44-704381a85e0f@group-B2D9171B02D3: changes role from CANDIDATE to LEADER at term 1 for changeToLeader
2019-09-25 11:54:04,451 [a45f638e-6aa6-4b63-8c44-704381a85e0f@group-B2D9171B02D3:LeaderElection88] INFO  impl.RaftServerImpl (ServerState.java:setLeader(253)) - a45f638e-6aa6-4b63-8c44-704381a85e0f@group-B2D9171B02D3: change Leader from null to a45f638e-6aa6-4b63-8c44-704381a85e0f at term 1 for becomeLeader, leader elected after 5156ms
2019-09-25 11:54:04,451 [a45f638e-6aa6-4b63-8c44-704381a85e0f@group-B2D9171B02D3:LeaderElection88] INFO  server.RaftServerConfigKeys (ConfUtils.java:logGet(43)) - raft.server.staging.catchup.gap = 1000 (default)
2019-09-25 11:54:04,451 [a45f638e-6aa6-4b63-8c44-704381a85e0f@group-B2D9171B02D3:LeaderElection88] INFO  server.RaftServerConfigKeys (ConfUtils.java:logGet(43)) - raft.server.rpc.sleep.time = 25ms (default)
2019-09-25 11:54:04,451 [a45f638e-6aa6-4b63-8c44-704381a85e0f@group-B2D9171B02D3:LeaderElection88] INFO  server.RaftServerConfigKeys (ConfUtils.java:logGet(43)) - raft.server.write.element-limit = 4096 (default)
2019-09-25 11:54:04,452 [a45f638e-6aa6-4b63-8c44-704381a85e0f@group-B2D9171B02D3:LeaderElection88] INFO  server.RaftServerConfigKeys (ConfUtils.java:logGet(43)) - raft.server.watch.timeout = 10s (default)
2019-09-25 11:54:04,452 [a45f638e-6aa6-4b63-8c44-704381a85e0f@group-B2D9171B02D3:LeaderElection88] INFO  server.RaftServerConfigKeys (ConfUtils.java:logGet(43)) - raft.server.watch.timeout.denomination = 1s (default)
2019-09-25 11:54:04,452 [a45f638e-6aa6-4b63-8c44-704381a85e0f@group-B2D9171B02D3:LeaderElection88] INFO  server.RaftServerConfigKeys (ConfUtils.java:logGet(43)) - raft.server.watch.element-limit = 65536 (default)
2019-09-25 11:54:04,453 [a45f638e-6aa6-4b63-8c44-704381a85e0f@group-B2D9171B02D3:LeaderElection88] INFO  impl.RoleInfo (RoleInfo.java:updateAndGet(143)) - a45f638e-6aa6-4b63-8c44-704381a85e0f: start LeaderState
2019-09-25 11:54:04,454 [a45f638e-6aa6-4b63-8c44-704381a85e0f@group-B2D9171B02D3:LeaderElection88] INFO  segmented.SegmentedRaftLogWorker (SegmentedRaftLogWorker.java:startLogSegment(380)) - a45f638e-6aa6-4b63-8c44-704381a85e0f@group-B2D9171B02D3-SegmentedRaftLogWorker: Starting segment from index:0
2019-09-25 11:54:04,454 [a45f638e-6aa6-4b63-8c44-704381a85e0f@group-B2D9171B02D3:LeaderElection88] INFO  impl.RaftServerImpl (ServerState.java:setRaftConf(354)) - a45f638e-6aa6-4b63-8c44-704381a85e0f@group-B2D9171B02D3: set configuration 0: [a45f638e-6aa6-4b63-8c44-704381a85e0f:192.168.30.6:38299], old=null at 0
2019-09-25 11:54:04,466 [Thread-1506] INFO  impl.FollowerState (FollowerState.java:run(106)) - aa1c61a4-72d4-4b88-ae57-2b0e5f9a6d89:group-5CFC0A9E3BAC changes to CANDIDATE, lastRpcTime:5057, electionTimeout:5057ms
2019-09-25 11:54:04,467 [Thread-1506] INFO  impl.RoleInfo (RoleInfo.java:shutdownFollowerState(121)) - aa1c61a4-72d4-4b88-ae57-2b0e5f9a6d89: shutdown FollowerState
2019-09-25 11:54:04,467 [Thread-1506] INFO  impl.RaftServerImpl (RaftServerImpl.java:setRole(174)) - aa1c61a4-72d4-4b88-ae57-2b0e5f9a6d89@group-5CFC0A9E3BAC: changes role from  FOLLOWER to CANDIDATE at term 0 for changeToCandidate
2019-09-25 11:54:04,467 [Thread-1506] INFO  impl.RoleInfo (RoleInfo.java:updateAndGet(143)) - aa1c61a4-72d4-4b88-ae57-2b0e5f9a6d89: start LeaderElection
2019-09-25 11:54:04,500 [a45f638e-6aa6-4b63-8c44-704381a85e0f@group-B2D9171B02D3-SegmentedRaftLogWorker] INFO  segmented.SegmentedRaftLogWorker (SegmentedRaftLogWorker.java:execute(569)) - a45f638e-6aa6-4b63-8c44-704381a85e0f@group-B2D9171B02D3-SegmentedRaftLogWorker: created new log segment /workdir/hadoop-ozone/ozonefs/target/test-dir/MiniOzoneClusterImpl-4e8ed6f3-3514-43a4-bf24-c8399dbc0a4f/datanode-0/data/ratis/b82f8594-9f08-44cc-9f39-b2d9171b02d3/current/log_inprogress_0
2019-09-25 11:54:04,500 [aa1c61a4-72d4-4b88-ae57-2b0e5f9a6d89@group-5CFC0A9E3BAC:LeaderElection89] INFO  impl.LeaderElection (LeaderElection.java:askForVotes(182)) - aa1c61a4-72d4-4b88-ae57-2b0e5f9a6d89@group-5CFC0A9E3BAC:LeaderElection89: begin an election at term 1 for -1: [aa1c61a4-72d4-4b88-ae57-2b0e5f9a6d89:192.168.30.6:43603], old=null
2019-09-25 11:54:04,501 [aa1c61a4-72d4-4b88-ae57-2b0e5f9a6d89@group-5CFC0A9E3BAC:LeaderElection89] INFO  impl.RoleInfo (RoleInfo.java:shutdownLeaderElection(134)) - aa1c61a4-72d4-4b88-ae57-2b0e5f9a6d89: shutdown LeaderElection
2019-09-25 11:54:04,501 [aa1c61a4-72d4-4b88-ae57-2b0e5f9a6d89@group-5CFC0A9E3BAC:LeaderElection89] INFO  impl.RaftServerImpl (RaftServerImpl.java:setRole(174)) - aa1c61a4-72d4-4b88-ae57-2b0e5f9a6d89@group-5CFC0A9E3BAC: changes role from CANDIDATE to LEADER at term 1 for changeToLeader
2019-09-25 11:54:04,501 [aa1c61a4-72d4-4b88-ae57-2b0e5f9a6d89@group-5CFC0A9E3BAC:LeaderElection89] INFO  impl.RaftServerImpl (ServerState.java:setLeader(253)) - aa1c61a4-72d4-4b88-ae57-2b0e5f9a6d89@group-5CFC0A9E3BAC: change Leader from null to aa1c61a4-72d4-4b88-ae57-2b0e5f9a6d89 at term 1 for becomeLeader, leader elected after 5097ms
2019-09-25 11:54:04,501 [aa1c61a4-72d4-4b88-ae57-2b0e5f9a6d89@group-5CFC0A9E3BAC:LeaderElection89] INFO  server.RaftServerConfigKeys (ConfUtils.java:logGet(43)) - raft.server.staging.catchup.gap = 1000 (default)
2019-09-25 11:54:04,501 [aa1c61a4-72d4-4b88-ae57-2b0e5f9a6d89@group-5CFC0A9E3BAC:LeaderElection89] INFO  server.RaftServerConfigKeys (ConfUtils.java:logGet(43)) - raft.server.rpc.sleep.time = 25ms (default)
2019-09-25 11:54:04,502 [aa1c61a4-72d4-4b88-ae57-2b0e5f9a6d89@group-5CFC0A9E3BAC:LeaderElection89] INFO  server.RaftServerConfigKeys (ConfUtils.java:logGet(43)) - raft.server.write.element-limit = 4096 (default)
2019-09-25 11:54:04,502 [aa1c61a4-72d4-4b88-ae57-2b0e5f9a6d89@group-5CFC0A9E3BAC:LeaderElection89] INFO  server.RaftServerConfigKeys (ConfUtils.java:logGet(43)) - raft.server.watch.timeout = 10s (default)
2019-09-25 11:54:04,502 [aa1c61a4-72d4-4b88-ae57-2b0e5f9a6d89@group-5CFC0A9E3BAC:LeaderElection89] INFO  server.RaftServerConfigKeys (ConfUtils.java:logGet(43)) - raft.server.watch.timeout.denomination = 1s (default)
2019-09-25 11:54:04,502 [aa1c61a4-72d4-4b88-ae57-2b0e5f9a6d89@group-5CFC0A9E3BAC:LeaderElection89] INFO  server.RaftServerConfigKeys (ConfUtils.java:logGet(43)) - raft.server.watch.element-limit = 65536 (default)
2019-09-25 11:54:04,504 [aa1c61a4-72d4-4b88-ae57-2b0e5f9a6d89@group-5CFC0A9E3BAC:LeaderElection89] INFO  impl.RoleInfo (RoleInfo.java:updateAndGet(143)) - aa1c61a4-72d4-4b88-ae57-2b0e5f9a6d89: start LeaderState
2019-09-25 11:54:04,504 [aa1c61a4-72d4-4b88-ae57-2b0e5f9a6d89@group-5CFC0A9E3BAC:LeaderElection89] INFO  segmented.SegmentedRaftLogWorker (SegmentedRaftLogWorker.java:startLogSegment(380)) - aa1c61a4-72d4-4b88-ae57-2b0e5f9a6d89@group-5CFC0A9E3BAC-SegmentedRaftLogWorker: Starting segment from index:0
2019-09-25 11:54:04,505 [aa1c61a4-72d4-4b88-ae57-2b0e5f9a6d89@group-5CFC0A9E3BAC:LeaderElection89] INFO  impl.RaftServerImpl (ServerState.java:setRaftConf(354)) - aa1c61a4-72d4-4b88-ae57-2b0e5f9a6d89@group-5CFC0A9E3BAC: set configuration 0: [aa1c61a4-72d4-4b88-ae57-2b0e5f9a6d89:192.168.30.6:43603], old=null at 0
2019-09-25 11:54:04,551 [aa1c61a4-72d4-4b88-ae57-2b0e5f9a6d89@group-5CFC0A9E3BAC-SegmentedRaftLogWorker] INFO  segmented.SegmentedRaftLogWorker (SegmentedRaftLogWorker.java:execute(569)) - aa1c61a4-72d4-4b88-ae57-2b0e5f9a6d89@group-5CFC0A9E3BAC-SegmentedRaftLogWorker: created new log segment /workdir/hadoop-ozone/ozonefs/target/test-dir/MiniOzoneClusterImpl-4e8ed6f3-3514-43a4-bf24-c8399dbc0a4f/datanode-1/data/ratis/2d40ffdf-539b-488c-968c-5cfc0a9e3bac/current/log_inprogress_0
2019-09-25 11:54:04,652 [Thread-1509] INFO  impl.FollowerState (FollowerState.java:run(106)) - a45f638e-6aa6-4b63-8c44-704381a85e0f:group-744AEEC111CD changes to CANDIDATE, lastRpcTime:5140, electionTimeout:5140ms
2019-09-25 11:54:04,653 [Thread-1509] INFO  impl.RoleInfo (RoleInfo.java:shutdownFollowerState(121)) - a45f638e-6aa6-4b63-8c44-704381a85e0f: shutdown FollowerState
2019-09-25 11:54:04,653 [Thread-1509] INFO  impl.RaftServerImpl (RaftServerImpl.java:setRole(174)) - a45f638e-6aa6-4b63-8c44-704381a85e0f@group-744AEEC111CD: changes role from  FOLLOWER to CANDIDATE at term 0 for changeToCandidate
2019-09-25 11:54:04,653 [Thread-1509] INFO  impl.RoleInfo (RoleInfo.java:updateAndGet(143)) - a45f638e-6aa6-4b63-8c44-704381a85e0f: start LeaderElection
2019-09-25 11:54:04,691 [a45f638e-6aa6-4b63-8c44-704381a85e0f@group-744AEEC111CD:LeaderElection90] INFO  impl.LeaderElection (LeaderElection.java:askForVotes(182)) - a45f638e-6aa6-4b63-8c44-704381a85e0f@group-744AEEC111CD:LeaderElection90: begin an election at term 1 for -1: [a45f638e-6aa6-4b63-8c44-704381a85e0f:192.168.30.6:38299], old=null
2019-09-25 11:54:04,692 [a45f638e-6aa6-4b63-8c44-704381a85e0f@group-744AEEC111CD:LeaderElection90] INFO  impl.RoleInfo (RoleInfo.java:shutdownLeaderElection(134)) - a45f638e-6aa6-4b63-8c44-704381a85e0f: shutdown LeaderElection
2019-09-25 11:54:04,692 [a45f638e-6aa6-4b63-8c44-704381a85e0f@group-744AEEC111CD:LeaderElection90] INFO  impl.RaftServerImpl (RaftServerImpl.java:setRole(174)) - a45f638e-6aa6-4b63-8c44-704381a85e0f@group-744AEEC111CD: changes role from CANDIDATE to LEADER at term 1 for changeToLeader
2019-09-25 11:54:04,692 [a45f638e-6aa6-4b63-8c44-704381a85e0f@group-744AEEC111CD:LeaderElection90] INFO  impl.RaftServerImpl (ServerState.java:setLeader(253)) - a45f638e-6aa6-4b63-8c44-704381a85e0f@group-744AEEC111CD: change Leader from null to a45f638e-6aa6-4b63-8c44-704381a85e0f at term 1 for becomeLeader, leader elected after 5185ms
2019-09-25 11:54:04,692 [a45f638e-6aa6-4b63-8c44-704381a85e0f@group-744AEEC111CD:LeaderElection90] INFO  server.RaftServerConfigKeys (ConfUtils.java:logGet(43)) - raft.server.staging.catchup.gap = 1000 (default)
2019-09-25 11:54:04,692 [a45f638e-6aa6-4b63-8c44-704381a85e0f@group-744AEEC111CD:LeaderElection90] INFO  server.RaftServerConfigKeys (ConfUtils.java:logGet(43)) - raft.server.rpc.sleep.time = 25ms (default)
2019-09-25 11:54:04,692 [a45f638e-6aa6-4b63-8c44-704381a85e0f@group-744AEEC111CD:LeaderElection90] INFO  server.RaftServerConfigKeys (ConfUtils.java:logGet(43)) - raft.server.write.element-limit = 4096 (default)
2019-09-25 11:54:04,692 [a45f638e-6aa6-4b63-8c44-704381a85e0f@group-744AEEC111CD:LeaderElection90] INFO  server.RaftServerConfigKeys (ConfUtils.java:logGet(43)) - raft.server.watch.timeout = 10s (default)
2019-09-25 11:54:04,693 [a45f638e-6aa6-4b63-8c44-704381a85e0f@group-744AEEC111CD:LeaderElection90] INFO  server.RaftServerConfigKeys (ConfUtils.java:logGet(43)) - raft.server.watch.timeout.denomination = 1s (default)
2019-09-25 11:54:04,693 [a45f638e-6aa6-4b63-8c44-704381a85e0f@group-744AEEC111CD:LeaderElection90] INFO  server.RaftServerConfigKeys (ConfUtils.java:logGet(43)) - raft.server.watch.element-limit = 65536 (default)
2019-09-25 11:54:04,694 [Thread-1512] INFO  impl.FollowerState (FollowerState.java:run(106)) - 79b53b50-4b75-4974-b7b4-8ebe13ba2130:group-F801CC5A844D changes to CANDIDATE, lastRpcTime:5113, electionTimeout:5113ms
2019-09-25 11:54:04,694 [Thread-1512] INFO  impl.RoleInfo (RoleInfo.java:shutdownFollowerState(121)) - 79b53b50-4b75-4974-b7b4-8ebe13ba2130: shutdown FollowerState
2019-09-25 11:54:04,694 [Thread-1512] INFO  impl.RaftServerImpl (RaftServerImpl.java:setRole(174)) - 79b53b50-4b75-4974-b7b4-8ebe13ba2130@group-F801CC5A844D: changes role from  FOLLOWER to CANDIDATE at term 0 for changeToCandidate
2019-09-25 11:54:04,694 [Thread-1512] INFO  impl.RoleInfo (RoleInfo.java:updateAndGet(143)) - 79b53b50-4b75-4974-b7b4-8ebe13ba2130: start LeaderElection
2019-09-25 11:54:04,694 [a45f638e-6aa6-4b63-8c44-704381a85e0f@group-744AEEC111CD:LeaderElection90] INFO  impl.RoleInfo (RoleInfo.java:updateAndGet(143)) - a45f638e-6aa6-4b63-8c44-704381a85e0f: start LeaderState
2019-09-25 11:54:04,695 [a45f638e-6aa6-4b63-8c44-704381a85e0f@group-744AEEC111CD:LeaderElection90] INFO  segmented.SegmentedRaftLogWorker (SegmentedRaftLogWorker.java:startLogSegment(380)) - a45f638e-6aa6-4b63-8c44-704381a85e0f@group-744AEEC111CD-SegmentedRaftLogWorker: Starting segment from index:0
2019-09-25 11:54:04,698 [a45f638e-6aa6-4b63-8c44-704381a85e0f@group-744AEEC111CD:LeaderElection90] INFO  impl.RaftServerImpl (ServerState.java:setRaftConf(354)) - a45f638e-6aa6-4b63-8c44-704381a85e0f@group-744AEEC111CD: set configuration 0: [a45f638e-6aa6-4b63-8c44-704381a85e0f:192.168.30.6:38299], old=null at 0
2019-09-25 11:54:04,713 [79b53b50-4b75-4974-b7b4-8ebe13ba2130@group-F801CC5A844D:LeaderElection91] INFO  impl.LeaderElection (LeaderElection.java:askForVotes(182)) - 79b53b50-4b75-4974-b7b4-8ebe13ba2130@group-F801CC5A844D:LeaderElection91: begin an election at term 1 for -1: [79b53b50-4b75-4974-b7b4-8ebe13ba2130:192.168.30.6:39431], old=null
2019-09-25 11:54:04,713 [79b53b50-4b75-4974-b7b4-8ebe13ba2130@group-F801CC5A844D:LeaderElection91] INFO  impl.RoleInfo (RoleInfo.java:shutdownLeaderElection(134)) - 79b53b50-4b75-4974-b7b4-8ebe13ba2130: shutdown LeaderElection
2019-09-25 11:54:04,713 [79b53b50-4b75-4974-b7b4-8ebe13ba2130@group-F801CC5A844D:LeaderElection91] INFO  impl.RaftServerImpl (RaftServerImpl.java:setRole(174)) - 79b53b50-4b75-4974-b7b4-8ebe13ba2130@group-F801CC5A844D: changes role from CANDIDATE to LEADER at term 1 for changeToLeader
2019-09-25 11:54:04,713 [79b53b50-4b75-4974-b7b4-8ebe13ba2130@group-F801CC5A844D:LeaderElection91] INFO  impl.RaftServerImpl (ServerState.java:setLeader(253)) - 79b53b50-4b75-4974-b7b4-8ebe13ba2130@group-F801CC5A844D: change Leader from null to 79b53b50-4b75-4974-b7b4-8ebe13ba2130 at term 1 for becomeLeader, leader elected after 5140ms
2019-09-25 11:54:04,714 [79b53b50-4b75-4974-b7b4-8ebe13ba2130@group-F801CC5A844D:LeaderElection91] INFO  server.RaftServerConfigKeys (ConfUtils.java:logGet(43)) - raft.server.staging.catchup.gap = 1000 (default)
2019-09-25 11:54:04,714 [79b53b50-4b75-4974-b7b4-8ebe13ba2130@group-F801CC5A844D:LeaderElection91] INFO  server.RaftServerConfigKeys (ConfUtils.java:logGet(43)) - raft.server.rpc.sleep.time = 25ms (default)
2019-09-25 11:54:04,714 [79b53b50-4b75-4974-b7b4-8ebe13ba2130@group-F801CC5A844D:LeaderElection91] INFO  server.RaftServerConfigKeys (ConfUtils.java:logGet(43)) - raft.server.write.element-limit = 4096 (default)
2019-09-25 11:54:04,714 [79b53b50-4b75-4974-b7b4-8ebe13ba2130@group-F801CC5A844D:LeaderElection91] INFO  server.RaftServerConfigKeys (ConfUtils.java:logGet(43)) - raft.server.watch.timeout = 10s (default)
2019-09-25 11:54:04,714 [79b53b50-4b75-4974-b7b4-8ebe13ba2130@group-F801CC5A844D:LeaderElection91] INFO  server.RaftServerConfigKeys (ConfUtils.java:logGet(43)) - raft.server.watch.timeout.denomination = 1s (default)
2019-09-25 11:54:04,714 [79b53b50-4b75-4974-b7b4-8ebe13ba2130@group-F801CC5A844D:LeaderElection91] INFO  server.RaftServerConfigKeys (ConfUtils.java:logGet(43)) - raft.server.watch.element-limit = 65536 (default)
2019-09-25 11:54:04,715 [79b53b50-4b75-4974-b7b4-8ebe13ba2130@group-F801CC5A844D:LeaderElection91] INFO  impl.RoleInfo (RoleInfo.java:updateAndGet(143)) - 79b53b50-4b75-4974-b7b4-8ebe13ba2130: start LeaderState
2019-09-25 11:54:04,715 [79b53b50-4b75-4974-b7b4-8ebe13ba2130@group-F801CC5A844D:LeaderElection91] INFO  segmented.SegmentedRaftLogWorker (SegmentedRaftLogWorker.java:startLogSegment(380)) - 79b53b50-4b75-4974-b7b4-8ebe13ba2130@group-F801CC5A844D-SegmentedRaftLogWorker: Starting segment from index:0
2019-09-25 11:54:04,716 [79b53b50-4b75-4974-b7b4-8ebe13ba2130@group-F801CC5A844D:LeaderElection91] INFO  impl.RaftServerImpl (ServerState.java:setRaftConf(354)) - 79b53b50-4b75-4974-b7b4-8ebe13ba2130@group-F801CC5A844D: set configuration 0: [79b53b50-4b75-4974-b7b4-8ebe13ba2130:192.168.30.6:39431], old=null at 0
2019-09-25 11:54:04,769 [Thread-1515] INFO  impl.FollowerState (FollowerState.java:run(106)) - a45f638e-6aa6-4b63-8c44-704381a85e0f:group-ACC1223340D1 changes to CANDIDATE, lastRpcTime:5106, electionTimeout:5106ms
2019-09-25 11:54:04,769 [Thread-1515] INFO  impl.RoleInfo (RoleInfo.java:shutdownFollowerState(121)) - a45f638e-6aa6-4b63-8c44-704381a85e0f: shutdown FollowerState
2019-09-25 11:54:04,770 [Thread-1515] INFO  impl.RaftServerImpl (RaftServerImpl.java:setRole(174)) - a45f638e-6aa6-4b63-8c44-704381a85e0f@group-ACC1223340D1: changes role from  FOLLOWER to CANDIDATE at term 0 for changeToCandidate
2019-09-25 11:54:04,770 [Thread-1515] INFO  impl.RoleInfo (RoleInfo.java:updateAndGet(143)) - a45f638e-6aa6-4b63-8c44-704381a85e0f: start LeaderElection
2019-09-25 11:54:04,777 [Thread-1518] INFO  impl.FollowerState (FollowerState.java:run(106)) - aa1c61a4-72d4-4b88-ae57-2b0e5f9a6d89:group-336DBDB669D3 changes to CANDIDATE, lastRpcTime:5063, electionTimeout:5063ms
2019-09-25 11:54:04,778 [Thread-1518] INFO  impl.RoleInfo (RoleInfo.java:shutdownFollowerState(121)) - aa1c61a4-72d4-4b88-ae57-2b0e5f9a6d89: shutdown FollowerState
2019-09-25 11:54:04,778 [Thread-1518] INFO  impl.RaftServerImpl (RaftServerImpl.java:setRole(174)) - aa1c61a4-72d4-4b88-ae57-2b0e5f9a6d89@group-336DBDB669D3: changes role from  FOLLOWER to CANDIDATE at term 0 for changeToCandidate
2019-09-25 11:54:04,778 [Thread-1518] INFO  impl.RoleInfo (RoleInfo.java:updateAndGet(143)) - aa1c61a4-72d4-4b88-ae57-2b0e5f9a6d89: start LeaderElection
2019-09-25 11:54:04,795 [a45f638e-6aa6-4b63-8c44-704381a85e0f@group-744AEEC111CD-SegmentedRaftLogWorker] INFO  segmented.SegmentedRaftLogWorker (SegmentedRaftLogWorker.java:execute(569)) - a45f638e-6aa6-4b63-8c44-704381a85e0f@group-744AEEC111CD-SegmentedRaftLogWorker: created new log segment /workdir/hadoop-ozone/ozonefs/target/test-dir/MiniOzoneClusterImpl-4e8ed6f3-3514-43a4-bf24-c8399dbc0a4f/datanode-0/data/ratis/7de38875-57ec-4098-aad8-744aeec111cd/current/log_inprogress_0
2019-09-25 11:54:04,859 [79b53b50-4b75-4974-b7b4-8ebe13ba2130@group-F801CC5A844D-SegmentedRaftLogWorker] INFO  segmented.SegmentedRaftLogWorker (SegmentedRaftLogWorker.java:execute(569)) - 79b53b50-4b75-4974-b7b4-8ebe13ba2130@group-F801CC5A844D-SegmentedRaftLogWorker: created new log segment /workdir/hadoop-ozone/ozonefs/target/test-dir/MiniOzoneClusterImpl-4e8ed6f3-3514-43a4-bf24-c8399dbc0a4f/datanode-2/data/ratis/02460bfc-9ac3-4b0f-aa0e-f801cc5a844d/current/log_inprogress_0
2019-09-25 11:54:04,859 [aa1c61a4-72d4-4b88-ae57-2b0e5f9a6d89@group-336DBDB669D3:LeaderElection93] INFO  impl.LeaderElection (LeaderElection.java:askForVotes(182)) - aa1c61a4-72d4-4b88-ae57-2b0e5f9a6d89@group-336DBDB669D3:LeaderElection93: begin an election at term 1 for -1: [aa1c61a4-72d4-4b88-ae57-2b0e5f9a6d89:192.168.30.6:43603], old=null
2019-09-25 11:54:04,859 [a45f638e-6aa6-4b63-8c44-704381a85e0f@group-ACC1223340D1:LeaderElection92] INFO  impl.LeaderElection (LeaderElection.java:askForVotes(182)) - a45f638e-6aa6-4b63-8c44-704381a85e0f@group-ACC1223340D1:LeaderElection92: begin an election at term 1 for -1: [a45f638e-6aa6-4b63-8c44-704381a85e0f:192.168.30.6:38299], old=null
2019-09-25 11:54:04,859 [aa1c61a4-72d4-4b88-ae57-2b0e5f9a6d89@group-336DBDB669D3:LeaderElection93] INFO  impl.RoleInfo (RoleInfo.java:shutdownLeaderElection(134)) - aa1c61a4-72d4-4b88-ae57-2b0e5f9a6d89: shutdown LeaderElection
2019-09-25 11:54:04,859 [a45f638e-6aa6-4b63-8c44-704381a85e0f@group-ACC1223340D1:LeaderElection92] INFO  impl.RoleInfo (RoleInfo.java:shutdownLeaderElection(134)) - a45f638e-6aa6-4b63-8c44-704381a85e0f: shutdown LeaderElection
2019-09-25 11:54:04,859 [aa1c61a4-72d4-4b88-ae57-2b0e5f9a6d89@group-336DBDB669D3:LeaderElection93] INFO  impl.RaftServerImpl (RaftServerImpl.java:setRole(174)) - aa1c61a4-72d4-4b88-ae57-2b0e5f9a6d89@group-336DBDB669D3: changes role from CANDIDATE to LEADER at term 1 for changeToLeader
2019-09-25 11:54:04,859 [a45f638e-6aa6-4b63-8c44-704381a85e0f@group-ACC1223340D1:LeaderElection92] INFO  impl.RaftServerImpl (RaftServerImpl.java:setRole(174)) - a45f638e-6aa6-4b63-8c44-704381a85e0f@group-ACC1223340D1: changes role from CANDIDATE to LEADER at term 1 for changeToLeader
2019-09-25 11:54:04,859 [aa1c61a4-72d4-4b88-ae57-2b0e5f9a6d89@group-336DBDB669D3:LeaderElection93] INFO  impl.RaftServerImpl (ServerState.java:setLeader(253)) - aa1c61a4-72d4-4b88-ae57-2b0e5f9a6d89@group-336DBDB669D3: change Leader from null to aa1c61a4-72d4-4b88-ae57-2b0e5f9a6d89 at term 1 for becomeLeader, leader elected after 5150ms
2019-09-25 11:54:04,860 [a45f638e-6aa6-4b63-8c44-704381a85e0f@group-ACC1223340D1:LeaderElection92] INFO  impl.RaftServerImpl (ServerState.java:setLeader(253)) - a45f638e-6aa6-4b63-8c44-704381a85e0f@group-ACC1223340D1: change Leader from null to a45f638e-6aa6-4b63-8c44-704381a85e0f at term 1 for becomeLeader, leader elected after 5202ms
2019-09-25 11:54:04,860 [aa1c61a4-72d4-4b88-ae57-2b0e5f9a6d89@group-336DBDB669D3:LeaderElection93] INFO  server.RaftServerConfigKeys (ConfUtils.java:logGet(43)) - raft.server.staging.catchup.gap = 1000 (default)
2019-09-25 11:54:04,860 [a45f638e-6aa6-4b63-8c44-704381a85e0f@group-ACC1223340D1:LeaderElection92] INFO  server.RaftServerConfigKeys (ConfUtils.java:logGet(43)) - raft.server.staging.catchup.gap = 1000 (default)
2019-09-25 11:54:04,860 [aa1c61a4-72d4-4b88-ae57-2b0e5f9a6d89@group-336DBDB669D3:LeaderElection93] INFO  server.RaftServerConfigKeys (ConfUtils.java:logGet(43)) - raft.server.rpc.sleep.time = 25ms (default)
2019-09-25 11:54:04,860 [a45f638e-6aa6-4b63-8c44-704381a85e0f@group-ACC1223340D1:LeaderElection92] INFO  server.RaftServerConfigKeys (ConfUtils.java:logGet(43)) - raft.server.rpc.sleep.time = 25ms (default)
2019-09-25 11:54:04,860 [aa1c61a4-72d4-4b88-ae57-2b0e5f9a6d89@group-336DBDB669D3:LeaderElection93] INFO  server.RaftServerConfigKeys (ConfUtils.java:logGet(43)) - raft.server.write.element-limit = 4096 (default)
2019-09-25 11:54:04,860 [a45f638e-6aa6-4b63-8c44-704381a85e0f@group-ACC1223340D1:LeaderElection92] INFO  server.RaftServerConfigKeys (ConfUtils.java:logGet(43)) - raft.server.write.element-limit = 4096 (default)
2019-09-25 11:54:04,861 [aa1c61a4-72d4-4b88-ae57-2b0e5f9a6d89@group-336DBDB669D3:LeaderElection93] INFO  server.RaftServerConfigKeys (ConfUtils.java:logGet(43)) - raft.server.watch.timeout = 10s (default)
2019-09-25 11:54:04,861 [a45f638e-6aa6-4b63-8c44-704381a85e0f@group-ACC1223340D1:LeaderElection92] INFO  server.RaftServerConfigKeys (ConfUtils.java:logGet(43)) - raft.server.watch.timeout = 10s (default)
2019-09-25 11:54:04,861 [aa1c61a4-72d4-4b88-ae57-2b0e5f9a6d89@group-336DBDB669D3:LeaderElection93] INFO  server.RaftServerConfigKeys (ConfUtils.java:logGet(43)) - raft.server.watch.timeout.denomination = 1s (default)
2019-09-25 11:54:04,861 [a45f638e-6aa6-4b63-8c44-704381a85e0f@group-ACC1223340D1:LeaderElection92] INFO  server.RaftServerConfigKeys (ConfUtils.java:logGet(43)) - raft.server.watch.timeout.denomination = 1s (default)
2019-09-25 11:54:04,861 [aa1c61a4-72d4-4b88-ae57-2b0e5f9a6d89@group-336DBDB669D3:LeaderElection93] INFO  server.RaftServerConfigKeys (ConfUtils.java:logGet(43)) - raft.server.watch.element-limit = 65536 (default)
2019-09-25 11:54:04,861 [a45f638e-6aa6-4b63-8c44-704381a85e0f@group-ACC1223340D1:LeaderElection92] INFO  server.RaftServerConfigKeys (ConfUtils.java:logGet(43)) - raft.server.watch.element-limit = 65536 (default)
2019-09-25 11:54:04,864 [a45f638e-6aa6-4b63-8c44-704381a85e0f@group-ACC1223340D1:LeaderElection92] INFO  impl.RoleInfo (RoleInfo.java:updateAndGet(143)) - a45f638e-6aa6-4b63-8c44-704381a85e0f: start LeaderState
2019-09-25 11:54:04,864 [aa1c61a4-72d4-4b88-ae57-2b0e5f9a6d89@group-336DBDB669D3:LeaderElection93] INFO  impl.RoleInfo (RoleInfo.java:updateAndGet(143)) - aa1c61a4-72d4-4b88-ae57-2b0e5f9a6d89: start LeaderState
2019-09-25 11:54:04,864 [a45f638e-6aa6-4b63-8c44-704381a85e0f@group-ACC1223340D1:LeaderElection92] INFO  segmented.SegmentedRaftLogWorker (SegmentedRaftLogWorker.java:startLogSegment(380)) - a45f638e-6aa6-4b63-8c44-704381a85e0f@group-ACC1223340D1-SegmentedRaftLogWorker: Starting segment from index:0
2019-09-25 11:54:04,864 [aa1c61a4-72d4-4b88-ae57-2b0e5f9a6d89@group-336DBDB669D3:LeaderElection93] INFO  segmented.SegmentedRaftLogWorker (SegmentedRaftLogWorker.java:startLogSegment(380)) - aa1c61a4-72d4-4b88-ae57-2b0e5f9a6d89@group-336DBDB669D3-SegmentedRaftLogWorker: Starting segment from index:0
2019-09-25 11:54:04,864 [a45f638e-6aa6-4b63-8c44-704381a85e0f@group-ACC1223340D1:LeaderElection92] INFO  impl.RaftServerImpl (ServerState.java:setRaftConf(354)) - a45f638e-6aa6-4b63-8c44-704381a85e0f@group-ACC1223340D1: set configuration 0: [a45f638e-6aa6-4b63-8c44-704381a85e0f:192.168.30.6:38299], old=null at 0
2019-09-25 11:54:04,865 [aa1c61a4-72d4-4b88-ae57-2b0e5f9a6d89@group-336DBDB669D3:LeaderElection93] INFO  impl.RaftServerImpl (ServerState.java:setRaftConf(354)) - aa1c61a4-72d4-4b88-ae57-2b0e5f9a6d89@group-336DBDB669D3: set configuration 0: [aa1c61a4-72d4-4b88-ae57-2b0e5f9a6d89:192.168.30.6:43603], old=null at 0
2019-09-25 11:54:04,917 [aa1c61a4-72d4-4b88-ae57-2b0e5f9a6d89@group-336DBDB669D3-SegmentedRaftLogWorker] INFO  segmented.SegmentedRaftLogWorker (SegmentedRaftLogWorker.java:execute(569)) - aa1c61a4-72d4-4b88-ae57-2b0e5f9a6d89@group-336DBDB669D3-SegmentedRaftLogWorker: created new log segment /workdir/hadoop-ozone/ozonefs/target/test-dir/MiniOzoneClusterImpl-4e8ed6f3-3514-43a4-bf24-c8399dbc0a4f/datanode-1/data/ratis/742fe404-d851-41db-a652-336dbdb669d3/current/log_inprogress_0
2019-09-25 11:54:04,917 [a45f638e-6aa6-4b63-8c44-704381a85e0f@group-ACC1223340D1-SegmentedRaftLogWorker] INFO  segmented.SegmentedRaftLogWorker (SegmentedRaftLogWorker.java:execute(569)) - a45f638e-6aa6-4b63-8c44-704381a85e0f@group-ACC1223340D1-SegmentedRaftLogWorker: created new log segment /workdir/hadoop-ozone/ozonefs/target/test-dir/MiniOzoneClusterImpl-4e8ed6f3-3514-43a4-bf24-c8399dbc0a4f/datanode-0/data/ratis/2db47560-f891-4bcc-b6b1-acc1223340d1/current/log_inprogress_0
2019-09-25 11:54:04,972 [Thread-1521] INFO  impl.FollowerState (FollowerState.java:run(106)) - a45f638e-6aa6-4b63-8c44-704381a85e0f:group-AFB842382D42 changes to CANDIDATE, lastRpcTime:5126, electionTimeout:5126ms
2019-09-25 11:54:04,972 [Thread-1521] INFO  impl.RoleInfo (RoleInfo.java:shutdownFollowerState(121)) - a45f638e-6aa6-4b63-8c44-704381a85e0f: shutdown FollowerState
2019-09-25 11:54:04,972 [Thread-1521] INFO  impl.RaftServerImpl (RaftServerImpl.java:setRole(174)) - a45f638e-6aa6-4b63-8c44-704381a85e0f@group-AFB842382D42: changes role from  FOLLOWER to CANDIDATE at term 0 for changeToCandidate
2019-09-25 11:54:04,972 [Thread-1521] INFO  impl.RoleInfo (RoleInfo.java:updateAndGet(143)) - a45f638e-6aa6-4b63-8c44-704381a85e0f: start LeaderElection
2019-09-25 11:54:04,981 [Thread-1524] INFO  impl.FollowerState (FollowerState.java:run(106)) - a45f638e-6aa6-4b63-8c44-704381a85e0f:group-112832DEE986 changes to CANDIDATE, lastRpcTime:5055, electionTimeout:5055ms
2019-09-25 11:54:04,981 [Thread-1524] INFO  impl.RoleInfo (RoleInfo.java:shutdownFollowerState(121)) - a45f638e-6aa6-4b63-8c44-704381a85e0f: shutdown FollowerState
2019-09-25 11:54:04,982 [Thread-1524] INFO  impl.RaftServerImpl (RaftServerImpl.java:setRole(174)) - a45f638e-6aa6-4b63-8c44-704381a85e0f@group-112832DEE986: changes role from  FOLLOWER to CANDIDATE at term 0 for changeToCandidate
2019-09-25 11:54:04,982 [Thread-1524] INFO  impl.RoleInfo (RoleInfo.java:updateAndGet(143)) - a45f638e-6aa6-4b63-8c44-704381a85e0f: start LeaderElection
2019-09-25 11:54:04,990 [a45f638e-6aa6-4b63-8c44-704381a85e0f@group-AFB842382D42:LeaderElection94] INFO  impl.LeaderElection (LeaderElection.java:askForVotes(182)) - a45f638e-6aa6-4b63-8c44-704381a85e0f@group-AFB842382D42:LeaderElection94: begin an election at term 1 for -1: [a45f638e-6aa6-4b63-8c44-704381a85e0f:192.168.30.6:38299], old=null
2019-09-25 11:54:04,990 [a45f638e-6aa6-4b63-8c44-704381a85e0f@group-112832DEE986:LeaderElection95] INFO  impl.LeaderElection (LeaderElection.java:askForVotes(182)) - a45f638e-6aa6-4b63-8c44-704381a85e0f@group-112832DEE986:LeaderElection95: begin an election at term 1 for -1: [a45f638e-6aa6-4b63-8c44-704381a85e0f:192.168.30.6:38299], old=null
2019-09-25 11:54:04,990 [a45f638e-6aa6-4b63-8c44-704381a85e0f@group-AFB842382D42:LeaderElection94] INFO  impl.RoleInfo (RoleInfo.java:shutdownLeaderElection(134)) - a45f638e-6aa6-4b63-8c44-704381a85e0f: shutdown LeaderElection
2019-09-25 11:54:04,990 [a45f638e-6aa6-4b63-8c44-704381a85e0f@group-112832DEE986:LeaderElection95] INFO  impl.RoleInfo (RoleInfo.java:shutdownLeaderElection(134)) - a45f638e-6aa6-4b63-8c44-704381a85e0f: shutdown LeaderElection
2019-09-25 11:54:04,990 [a45f638e-6aa6-4b63-8c44-704381a85e0f@group-AFB842382D42:LeaderElection94] INFO  impl.RaftServerImpl (RaftServerImpl.java:setRole(174)) - a45f638e-6aa6-4b63-8c44-704381a85e0f@group-AFB842382D42: changes role from CANDIDATE to LEADER at term 1 for changeToLeader
2019-09-25 11:54:04,990 [a45f638e-6aa6-4b63-8c44-704381a85e0f@group-112832DEE986:LeaderElection95] INFO  impl.RaftServerImpl (RaftServerImpl.java:setRole(174)) - a45f638e-6aa6-4b63-8c44-704381a85e0f@group-112832DEE986: changes role from CANDIDATE to LEADER at term 1 for changeToLeader
2019-09-25 11:54:04,990 [a45f638e-6aa6-4b63-8c44-704381a85e0f@group-AFB842382D42:LeaderElection94] INFO  impl.RaftServerImpl (ServerState.java:setLeader(253)) - a45f638e-6aa6-4b63-8c44-704381a85e0f@group-AFB842382D42: change Leader from null to a45f638e-6aa6-4b63-8c44-704381a85e0f at term 1 for becomeLeader, leader elected after 5151ms
2019-09-25 11:54:04,991 [a45f638e-6aa6-4b63-8c44-704381a85e0f@group-112832DEE986:LeaderElection95] INFO  impl.RaftServerImpl (ServerState.java:setLeader(253)) - a45f638e-6aa6-4b63-8c44-704381a85e0f@group-112832DEE986: change Leader from null to a45f638e-6aa6-4b63-8c44-704381a85e0f at term 1 for becomeLeader, leader elected after 5070ms
2019-09-25 11:54:04,991 [a45f638e-6aa6-4b63-8c44-704381a85e0f@group-AFB842382D42:LeaderElection94] INFO  server.RaftServerConfigKeys (ConfUtils.java:logGet(43)) - raft.server.staging.catchup.gap = 1000 (default)
2019-09-25 11:54:04,991 [a45f638e-6aa6-4b63-8c44-704381a85e0f@group-112832DEE986:LeaderElection95] INFO  server.RaftServerConfigKeys (ConfUtils.java:logGet(43)) - raft.server.staging.catchup.gap = 1000 (default)
2019-09-25 11:54:04,991 [a45f638e-6aa6-4b63-8c44-704381a85e0f@group-AFB842382D42:LeaderElection94] INFO  server.RaftServerConfigKeys (ConfUtils.java:logGet(43)) - raft.server.rpc.sleep.time = 25ms (default)
2019-09-25 11:54:04,991 [a45f638e-6aa6-4b63-8c44-704381a85e0f@group-112832DEE986:LeaderElection95] INFO  server.RaftServerConfigKeys (ConfUtils.java:logGet(43)) - raft.server.rpc.sleep.time = 25ms (default)
2019-09-25 11:54:04,991 [a45f638e-6aa6-4b63-8c44-704381a85e0f@group-AFB842382D42:LeaderElection94] INFO  server.RaftServerConfigKeys (ConfUtils.java:logGet(43)) - raft.server.write.element-limit = 4096 (default)
2019-09-25 11:54:04,991 [a45f638e-6aa6-4b63-8c44-704381a85e0f@group-112832DEE986:LeaderElection95] INFO  server.RaftServerConfigKeys (ConfUtils.java:logGet(43)) - raft.server.write.element-limit = 4096 (default)
2019-09-25 11:54:04,991 [a45f638e-6aa6-4b63-8c44-704381a85e0f@group-AFB842382D42:LeaderElection94] INFO  server.RaftServerConfigKeys (ConfUtils.java:logGet(43)) - raft.server.watch.timeout = 10s (default)
2019-09-25 11:54:04,992 [a45f638e-6aa6-4b63-8c44-704381a85e0f@group-112832DEE986:LeaderElection95] INFO  server.RaftServerConfigKeys (ConfUtils.java:logGet(43)) - raft.server.watch.timeout = 10s (default)
2019-09-25 11:54:04,992 [a45f638e-6aa6-4b63-8c44-704381a85e0f@group-AFB842382D42:LeaderElection94] INFO  server.RaftServerConfigKeys (ConfUtils.java:logGet(43)) - raft.server.watch.timeout.denomination = 1s (default)
2019-09-25 11:54:04,992 [a45f638e-6aa6-4b63-8c44-704381a85e0f@group-112832DEE986:LeaderElection95] INFO  server.RaftServerConfigKeys (ConfUtils.java:logGet(43)) - raft.server.watch.timeout.denomination = 1s (default)
2019-09-25 11:54:04,992 [a45f638e-6aa6-4b63-8c44-704381a85e0f@group-AFB842382D42:LeaderElection94] INFO  server.RaftServerConfigKeys (ConfUtils.java:logGet(43)) - raft.server.watch.element-limit = 65536 (default)
2019-09-25 11:54:04,992 [a45f638e-6aa6-4b63-8c44-704381a85e0f@group-112832DEE986:LeaderElection95] INFO  server.RaftServerConfigKeys (ConfUtils.java:logGet(43)) - raft.server.watch.element-limit = 65536 (default)
2019-09-25 11:54:04,994 [a45f638e-6aa6-4b63-8c44-704381a85e0f@group-AFB842382D42:LeaderElection94] INFO  impl.RoleInfo (RoleInfo.java:updateAndGet(143)) - a45f638e-6aa6-4b63-8c44-704381a85e0f: start LeaderState
2019-09-25 11:54:04,994 [a45f638e-6aa6-4b63-8c44-704381a85e0f@group-112832DEE986:LeaderElection95] INFO  impl.RoleInfo (RoleInfo.java:updateAndGet(143)) - a45f638e-6aa6-4b63-8c44-704381a85e0f: start LeaderState
2019-09-25 11:54:04,994 [a45f638e-6aa6-4b63-8c44-704381a85e0f@group-AFB842382D42:LeaderElection94] INFO  segmented.SegmentedRaftLogWorker (SegmentedRaftLogWorker.java:startLogSegment(380)) - a45f638e-6aa6-4b63-8c44-704381a85e0f@group-AFB842382D42-SegmentedRaftLogWorker: Starting segment from index:0
2019-09-25 11:54:04,995 [a45f638e-6aa6-4b63-8c44-704381a85e0f@group-112832DEE986:LeaderElection95] INFO  segmented.SegmentedRaftLogWorker (SegmentedRaftLogWorker.java:startLogSegment(380)) - a45f638e-6aa6-4b63-8c44-704381a85e0f@group-112832DEE986-SegmentedRaftLogWorker: Starting segment from index:0
2019-09-25 11:54:04,995 [a45f638e-6aa6-4b63-8c44-704381a85e0f@group-AFB842382D42:LeaderElection94] INFO  impl.RaftServerImpl (ServerState.java:setRaftConf(354)) - a45f638e-6aa6-4b63-8c44-704381a85e0f@group-AFB842382D42: set configuration 0: [a45f638e-6aa6-4b63-8c44-704381a85e0f:192.168.30.6:38299], old=null at 0
2019-09-25 11:54:04,995 [a45f638e-6aa6-4b63-8c44-704381a85e0f@group-112832DEE986:LeaderElection95] INFO  impl.RaftServerImpl (ServerState.java:setRaftConf(354)) - a45f638e-6aa6-4b63-8c44-704381a85e0f@group-112832DEE986: set configuration 0: [a45f638e-6aa6-4b63-8c44-704381a85e0f:192.168.30.6:38299], old=null at 0
2019-09-25 11:54:05,040 [a45f638e-6aa6-4b63-8c44-704381a85e0f@group-AFB842382D42-SegmentedRaftLogWorker] INFO  segmented.SegmentedRaftLogWorker (SegmentedRaftLogWorker.java:execute(569)) - a45f638e-6aa6-4b63-8c44-704381a85e0f@group-AFB842382D42-SegmentedRaftLogWorker: created new log segment /workdir/hadoop-ozone/ozonefs/target/test-dir/MiniOzoneClusterImpl-4e8ed6f3-3514-43a4-bf24-c8399dbc0a4f/datanode-0/data/ratis/4387d1d2-61bd-4dfc-bbf2-afb842382d42/current/log_inprogress_0
2019-09-25 11:54:05,040 [a45f638e-6aa6-4b63-8c44-704381a85e0f@group-112832DEE986-SegmentedRaftLogWorker] INFO  segmented.SegmentedRaftLogWorker (SegmentedRaftLogWorker.java:execute(569)) - a45f638e-6aa6-4b63-8c44-704381a85e0f@group-112832DEE986-SegmentedRaftLogWorker: created new log segment /workdir/hadoop-ozone/ozonefs/target/test-dir/MiniOzoneClusterImpl-4e8ed6f3-3514-43a4-bf24-c8399dbc0a4f/datanode-0/data/ratis/a33138f5-8de9-474f-bd3e-112832dee986/current/log_inprogress_0
2019-09-25 11:54:05,045 [Thread-1527] INFO  impl.FollowerState (FollowerState.java:run(106)) - aa1c61a4-72d4-4b88-ae57-2b0e5f9a6d89:group-41C91B30A6A2 changes to CANDIDATE, lastRpcTime:5018, electionTimeout:5018ms
2019-09-25 11:54:05,045 [Thread-1527] INFO  impl.RoleInfo (RoleInfo.java:shutdownFollowerState(121)) - aa1c61a4-72d4-4b88-ae57-2b0e5f9a6d89: shutdown FollowerState
2019-09-25 11:54:05,045 [Thread-1527] INFO  impl.RaftServerImpl (RaftServerImpl.java:setRole(174)) - aa1c61a4-72d4-4b88-ae57-2b0e5f9a6d89@group-41C91B30A6A2: changes role from  FOLLOWER to CANDIDATE at term 0 for changeToCandidate
2019-09-25 11:54:05,046 [Thread-1527] INFO  impl.RoleInfo (RoleInfo.java:updateAndGet(143)) - aa1c61a4-72d4-4b88-ae57-2b0e5f9a6d89: start LeaderElection
2019-09-25 11:54:05,053 [aa1c61a4-72d4-4b88-ae57-2b0e5f9a6d89@group-41C91B30A6A2:LeaderElection96] INFO  impl.LeaderElection (LeaderElection.java:askForVotes(182)) - aa1c61a4-72d4-4b88-ae57-2b0e5f9a6d89@group-41C91B30A6A2:LeaderElection96: begin an election at term 1 for -1: [aa1c61a4-72d4-4b88-ae57-2b0e5f9a6d89:192.168.30.6:43603], old=null
2019-09-25 11:54:05,053 [aa1c61a4-72d4-4b88-ae57-2b0e5f9a6d89@group-41C91B30A6A2:LeaderElection96] INFO  impl.RoleInfo (RoleInfo.java:shutdownLeaderElection(134)) - aa1c61a4-72d4-4b88-ae57-2b0e5f9a6d89: shutdown LeaderElection
2019-09-25 11:54:05,053 [aa1c61a4-72d4-4b88-ae57-2b0e5f9a6d89@group-41C91B30A6A2:LeaderElection96] INFO  impl.RaftServerImpl (RaftServerImpl.java:setRole(174)) - aa1c61a4-72d4-4b88-ae57-2b0e5f9a6d89@group-41C91B30A6A2: changes role from CANDIDATE to LEADER at term 1 for changeToLeader
2019-09-25 11:54:05,054 [aa1c61a4-72d4-4b88-ae57-2b0e5f9a6d89@group-41C91B30A6A2:LeaderElection96] INFO  impl.RaftServerImpl (ServerState.java:setLeader(253)) - aa1c61a4-72d4-4b88-ae57-2b0e5f9a6d89@group-41C91B30A6A2: change Leader from null to aa1c61a4-72d4-4b88-ae57-2b0e5f9a6d89 at term 1 for becomeLeader, leader elected after 5032ms
2019-09-25 11:54:05,054 [aa1c61a4-72d4-4b88-ae57-2b0e5f9a6d89@group-41C91B30A6A2:LeaderElection96] INFO  server.RaftServerConfigKeys (ConfUtils.java:logGet(43)) - raft.server.staging.catchup.gap = 1000 (default)
2019-09-25 11:54:05,054 [aa1c61a4-72d4-4b88-ae57-2b0e5f9a6d89@group-41C91B30A6A2:LeaderElection96] INFO  server.RaftServerConfigKeys (ConfUtils.java:logGet(43)) - raft.server.rpc.sleep.time = 25ms (default)
2019-09-25 11:54:05,054 [aa1c61a4-72d4-4b88-ae57-2b0e5f9a6d89@group-41C91B30A6A2:LeaderElection96] INFO  server.RaftServerConfigKeys (ConfUtils.java:logGet(43)) - raft.server.write.element-limit = 4096 (default)
2019-09-25 11:54:05,054 [aa1c61a4-72d4-4b88-ae57-2b0e5f9a6d89@group-41C91B30A6A2:LeaderElection96] INFO  server.RaftServerConfigKeys (ConfUtils.java:logGet(43)) - raft.server.watch.timeout = 10s (default)
2019-09-25 11:54:05,054 [aa1c61a4-72d4-4b88-ae57-2b0e5f9a6d89@group-41C91B30A6A2:LeaderElection96] INFO  server.RaftServerConfigKeys (ConfUtils.java:logGet(43)) - raft.server.watch.timeout.denomination = 1s (default)
2019-09-25 11:54:05,054 [aa1c61a4-72d4-4b88-ae57-2b0e5f9a6d89@group-41C91B30A6A2:LeaderElection96] INFO  server.RaftServerConfigKeys (ConfUtils.java:logGet(43)) - raft.server.watch.element-limit = 65536 (default)
2019-09-25 11:54:05,056 [aa1c61a4-72d4-4b88-ae57-2b0e5f9a6d89@group-41C91B30A6A2:LeaderElection96] INFO  impl.RoleInfo (RoleInfo.java:updateAndGet(143)) - aa1c61a4-72d4-4b88-ae57-2b0e5f9a6d89: start LeaderState
2019-09-25 11:54:05,056 [aa1c61a4-72d4-4b88-ae57-2b0e5f9a6d89@group-41C91B30A6A2:LeaderElection96] INFO  segmented.SegmentedRaftLogWorker (SegmentedRaftLogWorker.java:startLogSegment(380)) - aa1c61a4-72d4-4b88-ae57-2b0e5f9a6d89@group-41C91B30A6A2-SegmentedRaftLogWorker: Starting segment from index:0
2019-09-25 11:54:05,056 [aa1c61a4-72d4-4b88-ae57-2b0e5f9a6d89@group-41C91B30A6A2:LeaderElection96] INFO  impl.RaftServerImpl (ServerState.java:setRaftConf(354)) - aa1c61a4-72d4-4b88-ae57-2b0e5f9a6d89@group-41C91B30A6A2: set configuration 0: [aa1c61a4-72d4-4b88-ae57-2b0e5f9a6d89:192.168.30.6:43603], old=null at 0
2019-09-25 11:54:05,146 [aa1c61a4-72d4-4b88-ae57-2b0e5f9a6d89@group-41C91B30A6A2-SegmentedRaftLogWorker] INFO  segmented.SegmentedRaftLogWorker (SegmentedRaftLogWorker.java:execute(569)) - aa1c61a4-72d4-4b88-ae57-2b0e5f9a6d89@group-41C91B30A6A2-SegmentedRaftLogWorker: created new log segment /workdir/hadoop-ozone/ozonefs/target/test-dir/MiniOzoneClusterImpl-4e8ed6f3-3514-43a4-bf24-c8399dbc0a4f/datanode-1/data/ratis/c34e449b-96ca-4fc5-89c6-41c91b30a6a2/current/log_inprogress_0
2019-09-25 11:54:05,203 [Thread-1533] INFO  impl.FollowerState (FollowerState.java:run(106)) - a45f638e-6aa6-4b63-8c44-704381a85e0f:group-EA8D1378A29F changes to CANDIDATE, lastRpcTime:5055, electionTimeout:5055ms
2019-09-25 11:54:05,203 [Thread-1533] INFO  impl.RoleInfo (RoleInfo.java:shutdownFollowerState(121)) - a45f638e-6aa6-4b63-8c44-704381a85e0f: shutdown FollowerState
2019-09-25 11:54:05,203 [Thread-1533] INFO  impl.RaftServerImpl (RaftServerImpl.java:setRole(174)) - a45f638e-6aa6-4b63-8c44-704381a85e0f@group-EA8D1378A29F: changes role from  FOLLOWER to CANDIDATE at term 0 for changeToCandidate
2019-09-25 11:54:05,203 [Thread-1533] INFO  impl.RoleInfo (RoleInfo.java:updateAndGet(143)) - a45f638e-6aa6-4b63-8c44-704381a85e0f: start LeaderElection
2019-09-25 11:54:05,215 [Thread-1530] INFO  impl.FollowerState (FollowerState.java:run(106)) - 79b53b50-4b75-4974-b7b4-8ebe13ba2130:group-41C9DEE54CE9 changes to CANDIDATE, lastRpcTime:5139, electionTimeout:5139ms
2019-09-25 11:54:05,215 [Thread-1530] INFO  impl.RoleInfo (RoleInfo.java:shutdownFollowerState(121)) - 79b53b50-4b75-4974-b7b4-8ebe13ba2130: shutdown FollowerState
2019-09-25 11:54:05,216 [Thread-1530] INFO  impl.RaftServerImpl (RaftServerImpl.java:setRole(174)) - 79b53b50-4b75-4974-b7b4-8ebe13ba2130@group-41C9DEE54CE9: changes role from  FOLLOWER to CANDIDATE at term 0 for changeToCandidate
2019-09-25 11:54:05,216 [Thread-1530] INFO  impl.RoleInfo (RoleInfo.java:updateAndGet(143)) - 79b53b50-4b75-4974-b7b4-8ebe13ba2130: start LeaderElection
2019-09-25 11:54:05,229 [a45f638e-6aa6-4b63-8c44-704381a85e0f@group-EA8D1378A29F:LeaderElection97] INFO  impl.LeaderElection (LeaderElection.java:askForVotes(182)) - a45f638e-6aa6-4b63-8c44-704381a85e0f@group-EA8D1378A29F:LeaderElection97: begin an election at term 1 for -1: [a45f638e-6aa6-4b63-8c44-704381a85e0f:192.168.30.6:38299], old=null
2019-09-25 11:54:05,230 [a45f638e-6aa6-4b63-8c44-704381a85e0f@group-EA8D1378A29F:LeaderElection97] INFO  impl.RoleInfo (RoleInfo.java:shutdownLeaderElection(134)) - a45f638e-6aa6-4b63-8c44-704381a85e0f: shutdown LeaderElection
2019-09-25 11:54:05,230 [a45f638e-6aa6-4b63-8c44-704381a85e0f@group-EA8D1378A29F:LeaderElection97] INFO  impl.RaftServerImpl (RaftServerImpl.java:setRole(174)) - a45f638e-6aa6-4b63-8c44-704381a85e0f@group-EA8D1378A29F: changes role from CANDIDATE to LEADER at term 1 for changeToLeader
2019-09-25 11:54:05,230 [a45f638e-6aa6-4b63-8c44-704381a85e0f@group-EA8D1378A29F:LeaderElection97] INFO  impl.RaftServerImpl (ServerState.java:setLeader(253)) - a45f638e-6aa6-4b63-8c44-704381a85e0f@group-EA8D1378A29F: change Leader from null to a45f638e-6aa6-4b63-8c44-704381a85e0f at term 1 for becomeLeader, leader elected after 5087ms
2019-09-25 11:54:05,230 [a45f638e-6aa6-4b63-8c44-704381a85e0f@group-EA8D1378A29F:LeaderElection97] INFO  server.RaftServerConfigKeys (ConfUtils.java:logGet(43)) - raft.server.staging.catchup.gap = 1000 (default)
2019-09-25 11:54:05,230 [a45f638e-6aa6-4b63-8c44-704381a85e0f@group-EA8D1378A29F:LeaderElection97] INFO  server.RaftServerConfigKeys (ConfUtils.java:logGet(43)) - raft.server.rpc.sleep.time = 25ms (default)
2019-09-25 11:54:05,230 [a45f638e-6aa6-4b63-8c44-704381a85e0f@group-EA8D1378A29F:LeaderElection97] INFO  server.RaftServerConfigKeys (ConfUtils.java:logGet(43)) - raft.server.write.element-limit = 4096 (default)
2019-09-25 11:54:05,230 [a45f638e-6aa6-4b63-8c44-704381a85e0f@group-EA8D1378A29F:LeaderElection97] INFO  server.RaftServerConfigKeys (ConfUtils.java:logGet(43)) - raft.server.watch.timeout = 10s (default)
2019-09-25 11:54:05,231 [a45f638e-6aa6-4b63-8c44-704381a85e0f@group-EA8D1378A29F:LeaderElection97] INFO  server.RaftServerConfigKeys (ConfUtils.java:logGet(43)) - raft.server.watch.timeout.denomination = 1s (default)
2019-09-25 11:54:05,231 [a45f638e-6aa6-4b63-8c44-704381a85e0f@group-EA8D1378A29F:LeaderElection97] INFO  server.RaftServerConfigKeys (ConfUtils.java:logGet(43)) - raft.server.watch.element-limit = 65536 (default)
2019-09-25 11:54:05,231 [79b53b50-4b75-4974-b7b4-8ebe13ba2130@group-41C9DEE54CE9:LeaderElection98] INFO  impl.LeaderElection (LeaderElection.java:askForVotes(182)) - 79b53b50-4b75-4974-b7b4-8ebe13ba2130@group-41C9DEE54CE9:LeaderElection98: begin an election at term 1 for -1: [79b53b50-4b75-4974-b7b4-8ebe13ba2130:192.168.30.6:39431], old=null
2019-09-25 11:54:05,232 [79b53b50-4b75-4974-b7b4-8ebe13ba2130@group-41C9DEE54CE9:LeaderElection98] INFO  impl.RoleInfo (RoleInfo.java:shutdownLeaderElection(134)) - 79b53b50-4b75-4974-b7b4-8ebe13ba2130: shutdown LeaderElection
2019-09-25 11:54:05,232 [79b53b50-4b75-4974-b7b4-8ebe13ba2130@group-41C9DEE54CE9:LeaderElection98] INFO  impl.RaftServerImpl (RaftServerImpl.java:setRole(174)) - 79b53b50-4b75-4974-b7b4-8ebe13ba2130@group-41C9DEE54CE9: changes role from CANDIDATE to LEADER at term 1 for changeToLeader
2019-09-25 11:54:05,232 [79b53b50-4b75-4974-b7b4-8ebe13ba2130@group-41C9DEE54CE9:LeaderElection98] INFO  impl.RaftServerImpl (ServerState.java:setLeader(253)) - 79b53b50-4b75-4974-b7b4-8ebe13ba2130@group-41C9DEE54CE9: change Leader from null to 79b53b50-4b75-4974-b7b4-8ebe13ba2130 at term 1 for becomeLeader, leader elected after 5161ms
2019-09-25 11:54:05,232 [79b53b50-4b75-4974-b7b4-8ebe13ba2130@group-41C9DEE54CE9:LeaderElection98] INFO  server.RaftServerConfigKeys (ConfUtils.java:logGet(43)) - raft.server.staging.catchup.gap = 1000 (default)
2019-09-25 11:54:05,232 [79b53b50-4b75-4974-b7b4-8ebe13ba2130@group-41C9DEE54CE9:LeaderElection98] INFO  server.RaftServerConfigKeys (ConfUtils.java:logGet(43)) - raft.server.rpc.sleep.time = 25ms (default)
2019-09-25 11:54:05,232 [79b53b50-4b75-4974-b7b4-8ebe13ba2130@group-41C9DEE54CE9:LeaderElection98] INFO  server.RaftServerConfigKeys (ConfUtils.java:logGet(43)) - raft.server.write.element-limit = 4096 (default)
2019-09-25 11:54:05,232 [79b53b50-4b75-4974-b7b4-8ebe13ba2130@group-41C9DEE54CE9:LeaderElection98] INFO  server.RaftServerConfigKeys (ConfUtils.java:logGet(43)) - raft.server.watch.timeout = 10s (default)
2019-09-25 11:54:05,232 [79b53b50-4b75-4974-b7b4-8ebe13ba2130@group-41C9DEE54CE9:LeaderElection98] INFO  server.RaftServerConfigKeys (ConfUtils.java:logGet(43)) - raft.server.watch.timeout.denomination = 1s (default)
2019-09-25 11:54:05,232 [a45f638e-6aa6-4b63-8c44-704381a85e0f@group-EA8D1378A29F:LeaderElection97] INFO  impl.RoleInfo (RoleInfo.java:updateAndGet(143)) - a45f638e-6aa6-4b63-8c44-704381a85e0f: start LeaderState
2019-09-25 11:54:05,232 [79b53b50-4b75-4974-b7b4-8ebe13ba2130@group-41C9DEE54CE9:LeaderElection98] INFO  server.RaftServerConfigKeys (ConfUtils.java:logGet(43)) - raft.server.watch.element-limit = 65536 (default)
2019-09-25 11:54:05,233 [a45f638e-6aa6-4b63-8c44-704381a85e0f@group-EA8D1378A29F:LeaderElection97] INFO  segmented.SegmentedRaftLogWorker (SegmentedRaftLogWorker.java:startLogSegment(380)) - a45f638e-6aa6-4b63-8c44-704381a85e0f@group-EA8D1378A29F-SegmentedRaftLogWorker: Starting segment from index:0
2019-09-25 11:54:05,233 [a45f638e-6aa6-4b63-8c44-704381a85e0f@group-EA8D1378A29F:LeaderElection97] INFO  impl.RaftServerImpl (ServerState.java:setRaftConf(354)) - a45f638e-6aa6-4b63-8c44-704381a85e0f@group-EA8D1378A29F: set configuration 0: [a45f638e-6aa6-4b63-8c44-704381a85e0f:192.168.30.6:38299], old=null at 0
2019-09-25 11:54:05,234 [79b53b50-4b75-4974-b7b4-8ebe13ba2130@group-41C9DEE54CE9:LeaderElection98] INFO  impl.RoleInfo (RoleInfo.java:updateAndGet(143)) - 79b53b50-4b75-4974-b7b4-8ebe13ba2130: start LeaderState
2019-09-25 11:54:05,235 [79b53b50-4b75-4974-b7b4-8ebe13ba2130@group-41C9DEE54CE9:LeaderElection98] INFO  segmented.SegmentedRaftLogWorker (SegmentedRaftLogWorker.java:startLogSegment(380)) - 79b53b50-4b75-4974-b7b4-8ebe13ba2130@group-41C9DEE54CE9-SegmentedRaftLogWorker: Starting segment from index:0
2019-09-25 11:54:05,235 [79b53b50-4b75-4974-b7b4-8ebe13ba2130@group-41C9DEE54CE9:LeaderElection98] INFO  impl.RaftServerImpl (ServerState.java:setRaftConf(354)) - 79b53b50-4b75-4974-b7b4-8ebe13ba2130@group-41C9DEE54CE9: set configuration 0: [79b53b50-4b75-4974-b7b4-8ebe13ba2130:192.168.30.6:39431], old=null at 0
2019-09-25 11:54:05,281 [79b53b50-4b75-4974-b7b4-8ebe13ba2130@group-41C9DEE54CE9-SegmentedRaftLogWorker] INFO  segmented.SegmentedRaftLogWorker (SegmentedRaftLogWorker.java:execute(569)) - 79b53b50-4b75-4974-b7b4-8ebe13ba2130@group-41C9DEE54CE9-SegmentedRaftLogWorker: created new log segment /workdir/hadoop-ozone/ozonefs/target/test-dir/MiniOzoneClusterImpl-4e8ed6f3-3514-43a4-bf24-c8399dbc0a4f/datanode-2/data/ratis/c292a5c7-50b3-4d28-a30b-41c9dee54ce9/current/log_inprogress_0
2019-09-25 11:54:05,281 [a45f638e-6aa6-4b63-8c44-704381a85e0f@group-EA8D1378A29F-SegmentedRaftLogWorker] INFO  segmented.SegmentedRaftLogWorker (SegmentedRaftLogWorker.java:execute(569)) - a45f638e-6aa6-4b63-8c44-704381a85e0f@group-EA8D1378A29F-SegmentedRaftLogWorker: created new log segment /workdir/hadoop-ozone/ozonefs/target/test-dir/MiniOzoneClusterImpl-4e8ed6f3-3514-43a4-bf24-c8399dbc0a4f/datanode-0/data/ratis/a100780e-359d-48c3-ae67-ea8d1378a29f/current/log_inprogress_0
2019-09-25 11:54:05,402 [Thread-1539] INFO  impl.FollowerState (FollowerState.java:run(106)) - aa1c61a4-72d4-4b88-ae57-2b0e5f9a6d89:group-A237BDAD8243 changes to CANDIDATE, lastRpcTime:5098, electionTimeout:5098ms
2019-09-25 11:54:05,402 [Thread-1539] INFO  impl.RoleInfo (RoleInfo.java:shutdownFollowerState(121)) - aa1c61a4-72d4-4b88-ae57-2b0e5f9a6d89: shutdown FollowerState
2019-09-25 11:54:05,402 [Thread-1539] INFO  impl.RaftServerImpl (RaftServerImpl.java:setRole(174)) - aa1c61a4-72d4-4b88-ae57-2b0e5f9a6d89@group-A237BDAD8243: changes role from  FOLLOWER to CANDIDATE at term 0 for changeToCandidate
2019-09-25 11:54:05,402 [Thread-1539] INFO  impl.RoleInfo (RoleInfo.java:updateAndGet(143)) - aa1c61a4-72d4-4b88-ae57-2b0e5f9a6d89: start LeaderElection
2019-09-25 11:54:05,418 [aa1c61a4-72d4-4b88-ae57-2b0e5f9a6d89@group-A237BDAD8243:LeaderElection99] INFO  impl.LeaderElection (LeaderElection.java:askForVotes(182)) - aa1c61a4-72d4-4b88-ae57-2b0e5f9a6d89@group-A237BDAD8243:LeaderElection99: begin an election at term 1 for -1: [aa1c61a4-72d4-4b88-ae57-2b0e5f9a6d89:192.168.30.6:43603], old=null
2019-09-25 11:54:05,418 [aa1c61a4-72d4-4b88-ae57-2b0e5f9a6d89@group-A237BDAD8243:LeaderElection99] INFO  impl.RoleInfo (RoleInfo.java:shutdownLeaderElection(134)) - aa1c61a4-72d4-4b88-ae57-2b0e5f9a6d89: shutdown LeaderElection
2019-09-25 11:54:05,418 [aa1c61a4-72d4-4b88-ae57-2b0e5f9a6d89@group-A237BDAD8243:LeaderElection99] INFO  impl.RaftServerImpl (RaftServerImpl.java:setRole(174)) - aa1c61a4-72d4-4b88-ae57-2b0e5f9a6d89@group-A237BDAD8243: changes role from CANDIDATE to LEADER at term 1 for changeToLeader
2019-09-25 11:54:05,418 [aa1c61a4-72d4-4b88-ae57-2b0e5f9a6d89@group-A237BDAD8243:LeaderElection99] INFO  impl.RaftServerImpl (ServerState.java:setLeader(253)) - aa1c61a4-72d4-4b88-ae57-2b0e5f9a6d89@group-A237BDAD8243: change Leader from null to aa1c61a4-72d4-4b88-ae57-2b0e5f9a6d89 at term 1 for becomeLeader, leader elected after 5119ms
2019-09-25 11:54:05,418 [aa1c61a4-72d4-4b88-ae57-2b0e5f9a6d89@group-A237BDAD8243:LeaderElection99] INFO  server.RaftServerConfigKeys (ConfUtils.java:logGet(43)) - raft.server.staging.catchup.gap = 1000 (default)
2019-09-25 11:54:05,419 [aa1c61a4-72d4-4b88-ae57-2b0e5f9a6d89@group-A237BDAD8243:LeaderElection99] INFO  server.RaftServerConfigKeys (ConfUtils.java:logGet(43)) - raft.server.rpc.sleep.time = 25ms (default)
2019-09-25 11:54:05,419 [aa1c61a4-72d4-4b88-ae57-2b0e5f9a6d89@group-A237BDAD8243:LeaderElection99] INFO  server.RaftServerConfigKeys (ConfUtils.java:logGet(43)) - raft.server.write.element-limit = 4096 (default)
2019-09-25 11:54:05,419 [aa1c61a4-72d4-4b88-ae57-2b0e5f9a6d89@group-A237BDAD8243:LeaderElection99] INFO  server.RaftServerConfigKeys (ConfUtils.java:logGet(43)) - raft.server.watch.timeout = 10s (default)
2019-09-25 11:54:05,419 [aa1c61a4-72d4-4b88-ae57-2b0e5f9a6d89@group-A237BDAD8243:LeaderElection99] INFO  server.RaftServerConfigKeys (ConfUtils.java:logGet(43)) - raft.server.watch.timeout.denomination = 1s (default)
2019-09-25 11:54:05,419 [aa1c61a4-72d4-4b88-ae57-2b0e5f9a6d89@group-A237BDAD8243:LeaderElection99] INFO  server.RaftServerConfigKeys (ConfUtils.java:logGet(43)) - raft.server.watch.element-limit = 65536 (default)
2019-09-25 11:54:05,420 [aa1c61a4-72d4-4b88-ae57-2b0e5f9a6d89@group-A237BDAD8243:LeaderElection99] INFO  impl.RoleInfo (RoleInfo.java:updateAndGet(143)) - aa1c61a4-72d4-4b88-ae57-2b0e5f9a6d89: start LeaderState
2019-09-25 11:54:05,420 [aa1c61a4-72d4-4b88-ae57-2b0e5f9a6d89@group-A237BDAD8243:LeaderElection99] INFO  segmented.SegmentedRaftLogWorker (SegmentedRaftLogWorker.java:startLogSegment(380)) - aa1c61a4-72d4-4b88-ae57-2b0e5f9a6d89@group-A237BDAD8243-SegmentedRaftLogWorker: Starting segment from index:0
2019-09-25 11:54:05,421 [aa1c61a4-72d4-4b88-ae57-2b0e5f9a6d89@group-A237BDAD8243:LeaderElection99] INFO  impl.RaftServerImpl (ServerState.java:setRaftConf(354)) - aa1c61a4-72d4-4b88-ae57-2b0e5f9a6d89@group-A237BDAD8243: set configuration 0: [aa1c61a4-72d4-4b88-ae57-2b0e5f9a6d89:192.168.30.6:43603], old=null at 0
2019-09-25 11:54:05,453 [Thread-1536] INFO  impl.FollowerState (FollowerState.java:run(106)) - aa1c61a4-72d4-4b88-ae57-2b0e5f9a6d89:group-D97AECFE94FC changes to CANDIDATE, lastRpcTime:5197, electionTimeout:5197ms
2019-09-25 11:54:05,454 [Thread-1536] INFO  impl.RoleInfo (RoleInfo.java:shutdownFollowerState(121)) - aa1c61a4-72d4-4b88-ae57-2b0e5f9a6d89: shutdown FollowerState
2019-09-25 11:54:05,454 [Thread-1536] INFO  impl.RaftServerImpl (RaftServerImpl.java:setRole(174)) - aa1c61a4-72d4-4b88-ae57-2b0e5f9a6d89@group-D97AECFE94FC: changes role from  FOLLOWER to CANDIDATE at term 0 for changeToCandidate
2019-09-25 11:54:05,454 [Thread-1536] INFO  impl.RoleInfo (RoleInfo.java:updateAndGet(143)) - aa1c61a4-72d4-4b88-ae57-2b0e5f9a6d89: start LeaderElection
2019-09-25 11:54:05,461 [Thread-1545] INFO  impl.FollowerState (FollowerState.java:run(106)) - aa1c61a4-72d4-4b88-ae57-2b0e5f9a6d89:group-A2BAADA99496 changes to CANDIDATE, lastRpcTime:5077, electionTimeout:5077ms
2019-09-25 11:54:05,461 [Thread-1545] INFO  impl.RoleInfo (RoleInfo.java:shutdownFollowerState(121)) - aa1c61a4-72d4-4b88-ae57-2b0e5f9a6d89: shutdown FollowerState
2019-09-25 11:54:05,461 [Thread-1545] INFO  impl.RaftServerImpl (RaftServerImpl.java:setRole(174)) - aa1c61a4-72d4-4b88-ae57-2b0e5f9a6d89@group-A2BAADA99496: changes role from  FOLLOWER to CANDIDATE at term 0 for changeToCandidate
2019-09-25 11:54:05,461 [Thread-1545] INFO  impl.RoleInfo (RoleInfo.java:updateAndGet(143)) - aa1c61a4-72d4-4b88-ae57-2b0e5f9a6d89: start LeaderElection
2019-09-25 11:54:05,466 [aa1c61a4-72d4-4b88-ae57-2b0e5f9a6d89@group-A237BDAD8243-SegmentedRaftLogWorker] INFO  segmented.SegmentedRaftLogWorker (SegmentedRaftLogWorker.java:execute(569)) - aa1c61a4-72d4-4b88-ae57-2b0e5f9a6d89@group-A237BDAD8243-SegmentedRaftLogWorker: created new log segment /workdir/hadoop-ozone/ozonefs/target/test-dir/MiniOzoneClusterImpl-4e8ed6f3-3514-43a4-bf24-c8399dbc0a4f/datanode-1/data/ratis/ded6319f-d397-4eaf-966f-a237bdad8243/current/log_inprogress_0
2019-09-25 11:54:05,468 [aa1c61a4-72d4-4b88-ae57-2b0e5f9a6d89@group-D97AECFE94FC:LeaderElection100] INFO  impl.LeaderElection (LeaderElection.java:askForVotes(182)) - aa1c61a4-72d4-4b88-ae57-2b0e5f9a6d89@group-D97AECFE94FC:LeaderElection100: begin an election at term 1 for -1: [aa1c61a4-72d4-4b88-ae57-2b0e5f9a6d89:192.168.30.6:43603], old=null
2019-09-25 11:54:05,468 [aa1c61a4-72d4-4b88-ae57-2b0e5f9a6d89@group-D97AECFE94FC:LeaderElection100] INFO  impl.RoleInfo (RoleInfo.java:shutdownLeaderElection(134)) - aa1c61a4-72d4-4b88-ae57-2b0e5f9a6d89: shutdown LeaderElection
2019-09-25 11:54:05,468 [aa1c61a4-72d4-4b88-ae57-2b0e5f9a6d89@group-D97AECFE94FC:LeaderElection100] INFO  impl.RaftServerImpl (RaftServerImpl.java:setRole(174)) - aa1c61a4-72d4-4b88-ae57-2b0e5f9a6d89@group-D97AECFE94FC: changes role from CANDIDATE to LEADER at term 1 for changeToLeader
2019-09-25 11:54:05,468 [aa1c61a4-72d4-4b88-ae57-2b0e5f9a6d89@group-D97AECFE94FC:LeaderElection100] INFO  impl.RaftServerImpl (ServerState.java:setLeader(253)) - aa1c61a4-72d4-4b88-ae57-2b0e5f9a6d89@group-D97AECFE94FC: change Leader from null to aa1c61a4-72d4-4b88-ae57-2b0e5f9a6d89 at term 1 for becomeLeader, leader elected after 5218ms
2019-09-25 11:54:05,468 [aa1c61a4-72d4-4b88-ae57-2b0e5f9a6d89@group-D97AECFE94FC:LeaderElection100] INFO  server.RaftServerConfigKeys (ConfUtils.java:logGet(43)) - raft.server.staging.catchup.gap = 1000 (default)
2019-09-25 11:54:05,468 [aa1c61a4-72d4-4b88-ae57-2b0e5f9a6d89@group-D97AECFE94FC:LeaderElection100] INFO  server.RaftServerConfigKeys (ConfUtils.java:logGet(43)) - raft.server.rpc.sleep.time = 25ms (default)
2019-09-25 11:54:05,468 [aa1c61a4-72d4-4b88-ae57-2b0e5f9a6d89@group-D97AECFE94FC:LeaderElection100] INFO  server.RaftServerConfigKeys (ConfUtils.java:logGet(43)) - raft.server.write.element-limit = 4096 (default)
2019-09-25 11:54:05,468 [aa1c61a4-72d4-4b88-ae57-2b0e5f9a6d89@group-D97AECFE94FC:LeaderElection100] INFO  server.RaftServerConfigKeys (ConfUtils.java:logGet(43)) - raft.server.watch.timeout = 10s (default)
2019-09-25 11:54:05,468 [aa1c61a4-72d4-4b88-ae57-2b0e5f9a6d89@group-D97AECFE94FC:LeaderElection100] INFO  server.RaftServerConfigKeys (ConfUtils.java:logGet(43)) - raft.server.watch.timeout.denomination = 1s (default)
2019-09-25 11:54:05,468 [aa1c61a4-72d4-4b88-ae57-2b0e5f9a6d89@group-D97AECFE94FC:LeaderElection100] INFO  server.RaftServerConfigKeys (ConfUtils.java:logGet(43)) - raft.server.watch.element-limit = 65536 (default)
2019-09-25 11:54:05,469 [aa1c61a4-72d4-4b88-ae57-2b0e5f9a6d89@group-A2BAADA99496:LeaderElection101] INFO  impl.LeaderElection (LeaderElection.java:askForVotes(182)) - aa1c61a4-72d4-4b88-ae57-2b0e5f9a6d89@group-A2BAADA99496:LeaderElection101: begin an election at term 1 for -1: [aa1c61a4-72d4-4b88-ae57-2b0e5f9a6d89:192.168.30.6:43603], old=null
2019-09-25 11:54:05,469 [aa1c61a4-72d4-4b88-ae57-2b0e5f9a6d89@group-A2BAADA99496:LeaderElection101] INFO  impl.RoleInfo (RoleInfo.java:shutdownLeaderElection(134)) - aa1c61a4-72d4-4b88-ae57-2b0e5f9a6d89: shutdown LeaderElection
2019-09-25 11:54:05,469 [aa1c61a4-72d4-4b88-ae57-2b0e5f9a6d89@group-A2BAADA99496:LeaderElection101] INFO  impl.RaftServerImpl (RaftServerImpl.java:setRole(174)) - aa1c61a4-72d4-4b88-ae57-2b0e5f9a6d89@group-A2BAADA99496: changes role from CANDIDATE to LEADER at term 1 for changeToLeader
2019-09-25 11:54:05,469 [aa1c61a4-72d4-4b88-ae57-2b0e5f9a6d89@group-A2BAADA99496:LeaderElection101] INFO  impl.RaftServerImpl (ServerState.java:setLeader(253)) - aa1c61a4-72d4-4b88-ae57-2b0e5f9a6d89@group-A2BAADA99496: change Leader from null to aa1c61a4-72d4-4b88-ae57-2b0e5f9a6d89 at term 1 for becomeLeader, leader elected after 5089ms
2019-09-25 11:54:05,470 [aa1c61a4-72d4-4b88-ae57-2b0e5f9a6d89@group-D97AECFE94FC:LeaderElection100] INFO  impl.RoleInfo (RoleInfo.java:updateAndGet(143)) - aa1c61a4-72d4-4b88-ae57-2b0e5f9a6d89: start LeaderState
2019-09-25 11:54:05,470 [aa1c61a4-72d4-4b88-ae57-2b0e5f9a6d89@group-A2BAADA99496:LeaderElection101] INFO  server.RaftServerConfigKeys (ConfUtils.java:logGet(43)) - raft.server.staging.catchup.gap = 1000 (default)
2019-09-25 11:54:05,470 [aa1c61a4-72d4-4b88-ae57-2b0e5f9a6d89@group-D97AECFE94FC:LeaderElection100] INFO  segmented.SegmentedRaftLogWorker (SegmentedRaftLogWorker.java:startLogSegment(380)) - aa1c61a4-72d4-4b88-ae57-2b0e5f9a6d89@group-D97AECFE94FC-SegmentedRaftLogWorker: Starting segment from index:0
2019-09-25 11:54:05,470 [aa1c61a4-72d4-4b88-ae57-2b0e5f9a6d89@group-A2BAADA99496:LeaderElection101] INFO  server.RaftServerConfigKeys (ConfUtils.java:logGet(43)) - raft.server.rpc.sleep.time = 25ms (default)
2019-09-25 11:54:05,470 [aa1c61a4-72d4-4b88-ae57-2b0e5f9a6d89@group-A2BAADA99496:LeaderElection101] INFO  server.RaftServerConfigKeys (ConfUtils.java:logGet(43)) - raft.server.write.element-limit = 4096 (default)
2019-09-25 11:54:05,470 [aa1c61a4-72d4-4b88-ae57-2b0e5f9a6d89@group-D97AECFE94FC:LeaderElection100] INFO  impl.RaftServerImpl (ServerState.java:setRaftConf(354)) - aa1c61a4-72d4-4b88-ae57-2b0e5f9a6d89@group-D97AECFE94FC: set configuration 0: [aa1c61a4-72d4-4b88-ae57-2b0e5f9a6d89:192.168.30.6:43603], old=null at 0
2019-09-25 11:54:05,470 [aa1c61a4-72d4-4b88-ae57-2b0e5f9a6d89@group-A2BAADA99496:LeaderElection101] INFO  server.RaftServerConfigKeys (ConfUtils.java:logGet(43)) - raft.server.watch.timeout = 10s (default)
2019-09-25 11:54:05,470 [aa1c61a4-72d4-4b88-ae57-2b0e5f9a6d89@group-A2BAADA99496:LeaderElection101] INFO  server.RaftServerConfigKeys (ConfUtils.java:logGet(43)) - raft.server.watch.timeout.denomination = 1s (default)
2019-09-25 11:54:05,471 [aa1c61a4-72d4-4b88-ae57-2b0e5f9a6d89@group-A2BAADA99496:LeaderElection101] INFO  server.RaftServerConfigKeys (ConfUtils.java:logGet(43)) - raft.server.watch.element-limit = 65536 (default)
2019-09-25 11:54:05,472 [aa1c61a4-72d4-4b88-ae57-2b0e5f9a6d89@group-A2BAADA99496:LeaderElection101] INFO  impl.RoleInfo (RoleInfo.java:updateAndGet(143)) - aa1c61a4-72d4-4b88-ae57-2b0e5f9a6d89: start LeaderState
2019-09-25 11:54:05,473 [aa1c61a4-72d4-4b88-ae57-2b0e5f9a6d89@group-A2BAADA99496:LeaderElection101] INFO  segmented.SegmentedRaftLogWorker (SegmentedRaftLogWorker.java:startLogSegment(380)) - aa1c61a4-72d4-4b88-ae57-2b0e5f9a6d89@group-A2BAADA99496-SegmentedRaftLogWorker: Starting segment from index:0
2019-09-25 11:54:05,473 [aa1c61a4-72d4-4b88-ae57-2b0e5f9a6d89@group-A2BAADA99496:LeaderElection101] INFO  impl.RaftServerImpl (ServerState.java:setRaftConf(354)) - aa1c61a4-72d4-4b88-ae57-2b0e5f9a6d89@group-A2BAADA99496: set configuration 0: [aa1c61a4-72d4-4b88-ae57-2b0e5f9a6d89:192.168.30.6:43603], old=null at 0
2019-09-25 11:54:05,525 [aa1c61a4-72d4-4b88-ae57-2b0e5f9a6d89@group-A2BAADA99496-SegmentedRaftLogWorker] INFO  segmented.SegmentedRaftLogWorker (SegmentedRaftLogWorker.java:execute(569)) - aa1c61a4-72d4-4b88-ae57-2b0e5f9a6d89@group-A2BAADA99496-SegmentedRaftLogWorker: created new log segment /workdir/hadoop-ozone/ozonefs/target/test-dir/MiniOzoneClusterImpl-4e8ed6f3-3514-43a4-bf24-c8399dbc0a4f/datanode-1/data/ratis/36972fdf-6d00-4326-8c0b-a2baada99496/current/log_inprogress_0
2019-09-25 11:54:05,525 [aa1c61a4-72d4-4b88-ae57-2b0e5f9a6d89@group-D97AECFE94FC-SegmentedRaftLogWorker] INFO  segmented.SegmentedRaftLogWorker (SegmentedRaftLogWorker.java:execute(569)) - aa1c61a4-72d4-4b88-ae57-2b0e5f9a6d89@group-D97AECFE94FC-SegmentedRaftLogWorker: created new log segment /workdir/hadoop-ozone/ozonefs/target/test-dir/MiniOzoneClusterImpl-4e8ed6f3-3514-43a4-bf24-c8399dbc0a4f/datanode-1/data/ratis/6a0460c6-3ac1-4c43-8de5-d97aecfe94fc/current/log_inprogress_0
2019-09-25 11:54:05,586 [Thread-1548] INFO  impl.FollowerState (FollowerState.java:run(106)) - 79b53b50-4b75-4974-b7b4-8ebe13ba2130:group-5F36DCF4A038 changes to CANDIDATE, lastRpcTime:5103, electionTimeout:5103ms
2019-09-25 11:54:05,586 [Thread-1548] INFO  impl.RoleInfo (RoleInfo.java:shutdownFollowerState(121)) - 79b53b50-4b75-4974-b7b4-8ebe13ba2130: shutdown FollowerState
2019-09-25 11:54:05,586 [Thread-1548] INFO  impl.RaftServerImpl (RaftServerImpl.java:setRole(174)) - 79b53b50-4b75-4974-b7b4-8ebe13ba2130@group-5F36DCF4A038: changes role from  FOLLOWER to CANDIDATE at term 0 for changeToCandidate
2019-09-25 11:54:05,587 [Thread-1548] INFO  impl.RoleInfo (RoleInfo.java:updateAndGet(143)) - 79b53b50-4b75-4974-b7b4-8ebe13ba2130: start LeaderElection
2019-09-25 11:54:05,601 [Thread-1551] INFO  impl.FollowerState (FollowerState.java:run(106)) - 79b53b50-4b75-4974-b7b4-8ebe13ba2130:group-DE8D88F0B819 changes to CANDIDATE, lastRpcTime:5047, electionTimeout:5047ms
2019-09-25 11:54:05,601 [Thread-1551] INFO  impl.RoleInfo (RoleInfo.java:shutdownFollowerState(121)) - 79b53b50-4b75-4974-b7b4-8ebe13ba2130: shutdown FollowerState
2019-09-25 11:54:05,601 [Thread-1551] INFO  impl.RaftServerImpl (RaftServerImpl.java:setRole(174)) - 79b53b50-4b75-4974-b7b4-8ebe13ba2130@group-DE8D88F0B819: changes role from  FOLLOWER to CANDIDATE at term 0 for changeToCandidate
2019-09-25 11:54:05,602 [Thread-1551] INFO  impl.RoleInfo (RoleInfo.java:updateAndGet(143)) - 79b53b50-4b75-4974-b7b4-8ebe13ba2130: start LeaderElection
2019-09-25 11:54:05,605 [79b53b50-4b75-4974-b7b4-8ebe13ba2130@group-5F36DCF4A038:LeaderElection102] INFO  impl.LeaderElection (LeaderElection.java:askForVotes(182)) - 79b53b50-4b75-4974-b7b4-8ebe13ba2130@group-5F36DCF4A038:LeaderElection102: begin an election at term 1 for -1: [79b53b50-4b75-4974-b7b4-8ebe13ba2130:192.168.30.6:39431], old=null
2019-09-25 11:54:05,605 [79b53b50-4b75-4974-b7b4-8ebe13ba2130@group-5F36DCF4A038:LeaderElection102] INFO  impl.RoleInfo (RoleInfo.java:shutdownLeaderElection(134)) - 79b53b50-4b75-4974-b7b4-8ebe13ba2130: shutdown LeaderElection
2019-09-25 11:54:05,605 [79b53b50-4b75-4974-b7b4-8ebe13ba2130@group-5F36DCF4A038:LeaderElection102] INFO  impl.RaftServerImpl (RaftServerImpl.java:setRole(174)) - 79b53b50-4b75-4974-b7b4-8ebe13ba2130@group-5F36DCF4A038: changes role from CANDIDATE to LEADER at term 1 for changeToLeader
2019-09-25 11:54:05,605 [79b53b50-4b75-4974-b7b4-8ebe13ba2130@group-5F36DCF4A038:LeaderElection102] INFO  impl.RaftServerImpl (ServerState.java:setLeader(253)) - 79b53b50-4b75-4974-b7b4-8ebe13ba2130@group-5F36DCF4A038: change Leader from null to 79b53b50-4b75-4974-b7b4-8ebe13ba2130 at term 1 for becomeLeader, leader elected after 5128ms
2019-09-25 11:54:05,605 [79b53b50-4b75-4974-b7b4-8ebe13ba2130@group-5F36DCF4A038:LeaderElection102] INFO  server.RaftServerConfigKeys (ConfUtils.java:logGet(43)) - raft.server.staging.catchup.gap = 1000 (default)
2019-09-25 11:54:05,605 [79b53b50-4b75-4974-b7b4-8ebe13ba2130@group-5F36DCF4A038:LeaderElection102] INFO  server.RaftServerConfigKeys (ConfUtils.java:logGet(43)) - raft.server.rpc.sleep.time = 25ms (default)
2019-09-25 11:54:05,606 [79b53b50-4b75-4974-b7b4-8ebe13ba2130@group-5F36DCF4A038:LeaderElection102] INFO  server.RaftServerConfigKeys (ConfUtils.java:logGet(43)) - raft.server.write.element-limit = 4096 (default)
2019-09-25 11:54:05,606 [79b53b50-4b75-4974-b7b4-8ebe13ba2130@group-5F36DCF4A038:LeaderElection102] INFO  server.RaftServerConfigKeys (ConfUtils.java:logGet(43)) - raft.server.watch.timeout = 10s (default)
2019-09-25 11:54:05,606 [79b53b50-4b75-4974-b7b4-8ebe13ba2130@group-5F36DCF4A038:LeaderElection102] INFO  server.RaftServerConfigKeys (ConfUtils.java:logGet(43)) - raft.server.watch.timeout.denomination = 1s (default)
2019-09-25 11:54:05,606 [79b53b50-4b75-4974-b7b4-8ebe13ba2130@group-5F36DCF4A038:LeaderElection102] INFO  server.RaftServerConfigKeys (ConfUtils.java:logGet(43)) - raft.server.watch.element-limit = 65536 (default)
2019-09-25 11:54:05,608 [79b53b50-4b75-4974-b7b4-8ebe13ba2130@group-5F36DCF4A038:LeaderElection102] INFO  impl.RoleInfo (RoleInfo.java:updateAndGet(143)) - 79b53b50-4b75-4974-b7b4-8ebe13ba2130: start LeaderState
2019-09-25 11:54:05,609 [79b53b50-4b75-4974-b7b4-8ebe13ba2130@group-5F36DCF4A038:LeaderElection102] INFO  segmented.SegmentedRaftLogWorker (SegmentedRaftLogWorker.java:startLogSegment(380)) - 79b53b50-4b75-4974-b7b4-8ebe13ba2130@group-5F36DCF4A038-SegmentedRaftLogWorker: Starting segment from index:0
2019-09-25 11:54:05,609 [79b53b50-4b75-4974-b7b4-8ebe13ba2130@group-5F36DCF4A038:LeaderElection102] INFO  impl.RaftServerImpl (ServerState.java:setRaftConf(354)) - 79b53b50-4b75-4974-b7b4-8ebe13ba2130@group-5F36DCF4A038: set configuration 0: [79b53b50-4b75-4974-b7b4-8ebe13ba2130:192.168.30.6:39431], old=null at 0
2019-09-25 11:54:05,618 [79b53b50-4b75-4974-b7b4-8ebe13ba2130@group-DE8D88F0B819:LeaderElection103] INFO  impl.LeaderElection (LeaderElection.java:askForVotes(182)) - 79b53b50-4b75-4974-b7b4-8ebe13ba2130@group-DE8D88F0B819:LeaderElection103: begin an election at term 1 for -1: [79b53b50-4b75-4974-b7b4-8ebe13ba2130:192.168.30.6:39431], old=null
2019-09-25 11:54:05,618 [79b53b50-4b75-4974-b7b4-8ebe13ba2130@group-DE8D88F0B819:LeaderElection103] INFO  impl.RoleInfo (RoleInfo.java:shutdownLeaderElection(134)) - 79b53b50-4b75-4974-b7b4-8ebe13ba2130: shutdown LeaderElection
2019-09-25 11:54:05,619 [79b53b50-4b75-4974-b7b4-8ebe13ba2130@group-DE8D88F0B819:LeaderElection103] INFO  impl.RaftServerImpl (RaftServerImpl.java:setRole(174)) - 79b53b50-4b75-4974-b7b4-8ebe13ba2130@group-DE8D88F0B819: changes role from CANDIDATE to LEADER at term 1 for changeToLeader
2019-09-25 11:54:05,619 [79b53b50-4b75-4974-b7b4-8ebe13ba2130@group-DE8D88F0B819:LeaderElection103] INFO  impl.RaftServerImpl (ServerState.java:setLeader(253)) - 79b53b50-4b75-4974-b7b4-8ebe13ba2130@group-DE8D88F0B819: change Leader from null to 79b53b50-4b75-4974-b7b4-8ebe13ba2130 at term 1 for becomeLeader, leader elected after 5071ms
2019-09-25 11:54:05,619 [79b53b50-4b75-4974-b7b4-8ebe13ba2130@group-DE8D88F0B819:LeaderElection103] INFO  server.RaftServerConfigKeys (ConfUtils.java:logGet(43)) - raft.server.staging.catchup.gap = 1000 (default)
2019-09-25 11:54:05,619 [79b53b50-4b75-4974-b7b4-8ebe13ba2130@group-DE8D88F0B819:LeaderElection103] INFO  server.RaftServerConfigKeys (ConfUtils.java:logGet(43)) - raft.server.rpc.sleep.time = 25ms (default)
2019-09-25 11:54:05,619 [79b53b50-4b75-4974-b7b4-8ebe13ba2130@group-DE8D88F0B819:LeaderElection103] INFO  server.RaftServerConfigKeys (ConfUtils.java:logGet(43)) - raft.server.write.element-limit = 4096 (default)
2019-09-25 11:54:05,619 [79b53b50-4b75-4974-b7b4-8ebe13ba2130@group-DE8D88F0B819:LeaderElection103] INFO  server.RaftServerConfigKeys (ConfUtils.java:logGet(43)) - raft.server.watch.timeout = 10s (default)
2019-09-25 11:54:05,619 [79b53b50-4b75-4974-b7b4-8ebe13ba2130@group-DE8D88F0B819:LeaderElection103] INFO  server.RaftServerConfigKeys (ConfUtils.java:logGet(43)) - raft.server.watch.timeout.denomination = 1s (default)
2019-09-25 11:54:05,620 [79b53b50-4b75-4974-b7b4-8ebe13ba2130@group-DE8D88F0B819:LeaderElection103] INFO  server.RaftServerConfigKeys (ConfUtils.java:logGet(43)) - raft.server.watch.element-limit = 65536 (default)
2019-09-25 11:54:05,622 [79b53b50-4b75-4974-b7b4-8ebe13ba2130@group-DE8D88F0B819:LeaderElection103] INFO  impl.RoleInfo (RoleInfo.java:updateAndGet(143)) - 79b53b50-4b75-4974-b7b4-8ebe13ba2130: start LeaderState
2019-09-25 11:54:05,622 [79b53b50-4b75-4974-b7b4-8ebe13ba2130@group-DE8D88F0B819:LeaderElection103] INFO  segmented.SegmentedRaftLogWorker (SegmentedRaftLogWorker.java:startLogSegment(380)) - 79b53b50-4b75-4974-b7b4-8ebe13ba2130@group-DE8D88F0B819-SegmentedRaftLogWorker: Starting segment from index:0
2019-09-25 11:54:05,622 [79b53b50-4b75-4974-b7b4-8ebe13ba2130@group-DE8D88F0B819:LeaderElection103] INFO  impl.RaftServerImpl (ServerState.java:setRaftConf(354)) - 79b53b50-4b75-4974-b7b4-8ebe13ba2130@group-DE8D88F0B819: set configuration 0: [79b53b50-4b75-4974-b7b4-8ebe13ba2130:192.168.30.6:39431], old=null at 0
2019-09-25 11:54:05,628 [Thread-1554] INFO  impl.FollowerState (FollowerState.java:run(106)) - 79b53b50-4b75-4974-b7b4-8ebe13ba2130:group-C45E634AA245 changes to CANDIDATE, lastRpcTime:5003, electionTimeout:5003ms
2019-09-25 11:54:05,628 [Thread-1554] INFO  impl.RoleInfo (RoleInfo.java:shutdownFollowerState(121)) - 79b53b50-4b75-4974-b7b4-8ebe13ba2130: shutdown FollowerState
2019-09-25 11:54:05,628 [Thread-1554] INFO  impl.RaftServerImpl (RaftServerImpl.java:setRole(174)) - 79b53b50-4b75-4974-b7b4-8ebe13ba2130@group-C45E634AA245: changes role from  FOLLOWER to CANDIDATE at term 0 for changeToCandidate
2019-09-25 11:54:05,628 [Thread-1554] INFO  impl.RoleInfo (RoleInfo.java:updateAndGet(143)) - 79b53b50-4b75-4974-b7b4-8ebe13ba2130: start LeaderElection
2019-09-25 11:54:05,693 [ForkJoinPool.commonPool-worker-0] INFO  ozoneimpl.OzoneContainer (OzoneContainer.java:stop(231)) - Attempting to stop container services.
2019-09-25 11:54:05,693 [Thread-1329] INFO  ozoneimpl.OzoneContainer (OzoneContainer.java:stop(231)) - Attempting to stop container services.
2019-09-25 11:54:05,694 [ForkJoinPool.commonPool-worker-0] INFO  impl.RaftServerProxy (RaftServerProxy.java:lambda$close$4(314)) - a45f638e-6aa6-4b63-8c44-704381a85e0f: close
2019-09-25 11:54:05,694 [Thread-1329] INFO  impl.RaftServerProxy (RaftServerProxy.java:lambda$close$4(314)) - aa1c61a4-72d4-4b88-ae57-2b0e5f9a6d89: close
2019-09-25 11:54:05,694 [ForkJoinPool.commonPool-worker-0] INFO  impl.RaftServerImpl (RaftServerImpl.java:lambda$shutdown$3(251)) - a45f638e-6aa6-4b63-8c44-704381a85e0f@group-AFB842382D42: shutdown
2019-09-25 11:54:05,694 [Thread-1329] INFO  impl.RaftServerImpl (RaftServerImpl.java:lambda$shutdown$3(251)) - aa1c61a4-72d4-4b88-ae57-2b0e5f9a6d89@group-41C91B30A6A2: shutdown
2019-09-25 11:54:05,695 [ForkJoinPool.commonPool-worker-0] INFO  util.JmxRegister (JmxRegister.java:unregister(73)) - Successfully un-registered JMX Bean with object name Ratis:service=RaftServer,group=group-AFB842382D42,id=a45f638e-6aa6-4b63-8c44-704381a85e0f
2019-09-25 11:54:05,695 [Thread-1329] INFO  util.JmxRegister (JmxRegister.java:unregister(73)) - Successfully un-registered JMX Bean with object name Ratis:service=RaftServer,group=group-41C91B30A6A2,id=aa1c61a4-72d4-4b88-ae57-2b0e5f9a6d89
2019-09-25 11:54:05,695 [ForkJoinPool.commonPool-worker-0] INFO  impl.RoleInfo (RoleInfo.java:shutdownLeaderState(104)) - a45f638e-6aa6-4b63-8c44-704381a85e0f: shutdown LeaderState
2019-09-25 11:54:05,695 [Thread-1329] INFO  impl.RoleInfo (RoleInfo.java:shutdownLeaderState(104)) - aa1c61a4-72d4-4b88-ae57-2b0e5f9a6d89: shutdown LeaderState
2019-09-25 11:54:05,696 [ForkJoinPool.commonPool-worker-0] INFO  impl.PendingRequests (PendingRequests.java:sendNotLeaderResponses(202)) - a45f638e-6aa6-4b63-8c44-704381a85e0f-PendingRequests: sendNotLeaderResponses
2019-09-25 11:54:05,696 [Thread-1329] INFO  impl.PendingRequests (PendingRequests.java:sendNotLeaderResponses(202)) - aa1c61a4-72d4-4b88-ae57-2b0e5f9a6d89-PendingRequests: sendNotLeaderResponses
2019-09-25 11:54:05,696 [ForkJoinPool.commonPool-worker-0] INFO  impl.StateMachineUpdater (StateMachineUpdater.java:stopAndJoin(125)) - a45f638e-6aa6-4b63-8c44-704381a85e0f@group-AFB842382D42-StateMachineUpdater: set stopIndex = 0
2019-09-25 11:54:05,697 [Thread-1329] INFO  impl.StateMachineUpdater (StateMachineUpdater.java:stopAndJoin(125)) - aa1c61a4-72d4-4b88-ae57-2b0e5f9a6d89@group-41C91B30A6A2-StateMachineUpdater: set stopIndex = 0
2019-09-25 11:54:05,697 [ForkJoinPool.commonPool-worker-0] INFO  impl.RaftServerImpl (ServerState.java:close(385)) - a45f638e-6aa6-4b63-8c44-704381a85e0f@group-AFB842382D42: closes. applyIndex: 0
2019-09-25 11:54:05,697 [Thread-1329] INFO  impl.RaftServerImpl (ServerState.java:close(385)) - aa1c61a4-72d4-4b88-ae57-2b0e5f9a6d89@group-41C91B30A6A2: closes. applyIndex: 0
2019-09-25 11:54:05,698 [a45f638e-6aa6-4b63-8c44-704381a85e0f@group-AFB842382D42-SegmentedRaftLogWorker] INFO  segmented.SegmentedRaftLogWorker (SegmentedRaftLogWorker.java:run(313)) - a45f638e-6aa6-4b63-8c44-704381a85e0f@group-AFB842382D42-SegmentedRaftLogWorker was interrupted, exiting. There are 0 tasks remaining in the queue.
2019-09-25 11:54:05,698 [aa1c61a4-72d4-4b88-ae57-2b0e5f9a6d89@group-41C91B30A6A2-SegmentedRaftLogWorker] INFO  segmented.SegmentedRaftLogWorker (SegmentedRaftLogWorker.java:run(313)) - aa1c61a4-72d4-4b88-ae57-2b0e5f9a6d89@group-41C91B30A6A2-SegmentedRaftLogWorker was interrupted, exiting. There are 0 tasks remaining in the queue.
2019-09-25 11:54:05,698 [ForkJoinPool.commonPool-worker-0] INFO  segmented.SegmentedRaftLogWorker (SegmentedRaftLogWorker.java:close(228)) - a45f638e-6aa6-4b63-8c44-704381a85e0f@group-AFB842382D42-SegmentedRaftLogWorker close()
2019-09-25 11:54:05,698 [Thread-1329] INFO  segmented.SegmentedRaftLogWorker (SegmentedRaftLogWorker.java:close(228)) - aa1c61a4-72d4-4b88-ae57-2b0e5f9a6d89@group-41C91B30A6A2-SegmentedRaftLogWorker close()
2019-09-25 11:54:05,701 [79b53b50-4b75-4974-b7b4-8ebe13ba2130@group-C45E634AA245:LeaderElection104] INFO  impl.LeaderElection (LeaderElection.java:askForVotes(182)) - 79b53b50-4b75-4974-b7b4-8ebe13ba2130@group-C45E634AA245:LeaderElection104: begin an election at term 1 for -1: [79b53b50-4b75-4974-b7b4-8ebe13ba2130:192.168.30.6:39431], old=null
2019-09-25 11:54:05,701 [79b53b50-4b75-4974-b7b4-8ebe13ba2130@group-DE8D88F0B819-SegmentedRaftLogWorker] INFO  segmented.SegmentedRaftLogWorker (SegmentedRaftLogWorker.java:execute(569)) - 79b53b50-4b75-4974-b7b4-8ebe13ba2130@group-DE8D88F0B819-SegmentedRaftLogWorker: created new log segment /workdir/hadoop-ozone/ozonefs/target/test-dir/MiniOzoneClusterImpl-4e8ed6f3-3514-43a4-bf24-c8399dbc0a4f/datanode-2/data/ratis/0fb80eda-79fe-4952-b066-de8d88f0b819/current/log_inprogress_0
2019-09-25 11:54:05,701 [79b53b50-4b75-4974-b7b4-8ebe13ba2130@group-5F36DCF4A038-SegmentedRaftLogWorker] INFO  segmented.SegmentedRaftLogWorker (SegmentedRaftLogWorker.java:execute(569)) - 79b53b50-4b75-4974-b7b4-8ebe13ba2130@group-5F36DCF4A038-SegmentedRaftLogWorker: created new log segment /workdir/hadoop-ozone/ozonefs/target/test-dir/MiniOzoneClusterImpl-4e8ed6f3-3514-43a4-bf24-c8399dbc0a4f/datanode-2/data/ratis/02a6f0bc-7671-4685-9785-5f36dcf4a038/current/log_inprogress_0
2019-09-25 11:54:05,701 [ForkJoinPool.commonPool-worker-0] INFO  impl.RaftServerImpl (RaftServerImpl.java:lambda$shutdown$3(251)) - a45f638e-6aa6-4b63-8c44-704381a85e0f@group-B2D9171B02D3: shutdown
2019-09-25 11:54:05,703 [79b53b50-4b75-4974-b7b4-8ebe13ba2130@group-C45E634AA245:LeaderElection104] INFO  impl.RoleInfo (RoleInfo.java:shutdownLeaderElection(134)) - 79b53b50-4b75-4974-b7b4-8ebe13ba2130: shutdown LeaderElection
2019-09-25 11:54:05,703 [Thread-1329] INFO  impl.RaftServerImpl (RaftServerImpl.java:lambda$shutdown$3(251)) - aa1c61a4-72d4-4b88-ae57-2b0e5f9a6d89@group-A237BDAD8243: shutdown
2019-09-25 11:54:05,704 [79b53b50-4b75-4974-b7b4-8ebe13ba2130@group-C45E634AA245:LeaderElection104] INFO  impl.RaftServerImpl (RaftServerImpl.java:setRole(174)) - 79b53b50-4b75-4974-b7b4-8ebe13ba2130@group-C45E634AA245: changes role from CANDIDATE to LEADER at term 1 for changeToLeader
2019-09-25 11:54:05,705 [79b53b50-4b75-4974-b7b4-8ebe13ba2130@group-C45E634AA245:LeaderElection104] INFO  impl.RaftServerImpl (ServerState.java:setLeader(253)) - 79b53b50-4b75-4974-b7b4-8ebe13ba2130@group-C45E634AA245: change Leader from null to 79b53b50-4b75-4974-b7b4-8ebe13ba2130 at term 1 for becomeLeader, leader elected after 5086ms
2019-09-25 11:54:05,704 [ForkJoinPool.commonPool-worker-0] INFO  util.JmxRegister (JmxRegister.java:unregister(73)) - Successfully un-registered JMX Bean with object name Ratis:service=RaftServer,group=group-B2D9171B02D3,id=a45f638e-6aa6-4b63-8c44-704381a85e0f
2019-09-25 11:54:05,705 [79b53b50-4b75-4974-b7b4-8ebe13ba2130@group-C45E634AA245:LeaderElection104] INFO  server.RaftServerConfigKeys (ConfUtils.java:logGet(43)) - raft.server.staging.catchup.gap = 1000 (default)
2019-09-25 11:54:05,705 [Thread-1329] INFO  util.JmxRegister (JmxRegister.java:unregister(73)) - Successfully un-registered JMX Bean with object name Ratis:service=RaftServer,group=group-A237BDAD8243,id=aa1c61a4-72d4-4b88-ae57-2b0e5f9a6d89
2019-09-25 11:54:05,705 [79b53b50-4b75-4974-b7b4-8ebe13ba2130@group-C45E634AA245:LeaderElection104] INFO  server.RaftServerConfigKeys (ConfUtils.java:logGet(43)) - raft.server.rpc.sleep.time = 25ms (default)
2019-09-25 11:54:05,705 [ForkJoinPool.commonPool-worker-0] INFO  impl.RoleInfo (RoleInfo.java:shutdownLeaderState(104)) - a45f638e-6aa6-4b63-8c44-704381a85e0f: shutdown LeaderState
2019-09-25 11:54:05,706 [79b53b50-4b75-4974-b7b4-8ebe13ba2130@group-C45E634AA245:LeaderElection104] INFO  server.RaftServerConfigKeys (ConfUtils.java:logGet(43)) - raft.server.write.element-limit = 4096 (default)
2019-09-25 11:54:05,706 [Thread-1329] INFO  impl.RoleInfo (RoleInfo.java:shutdownLeaderState(104)) - aa1c61a4-72d4-4b88-ae57-2b0e5f9a6d89: shutdown LeaderState
2019-09-25 11:54:05,706 [79b53b50-4b75-4974-b7b4-8ebe13ba2130@group-C45E634AA245:LeaderElection104] INFO  server.RaftServerConfigKeys (ConfUtils.java:logGet(43)) - raft.server.watch.timeout = 10s (default)
2019-09-25 11:54:05,706 [ForkJoinPool.commonPool-worker-0] INFO  impl.PendingRequests (PendingRequests.java:sendNotLeaderResponses(202)) - a45f638e-6aa6-4b63-8c44-704381a85e0f-PendingRequests: sendNotLeaderResponses
2019-09-25 11:54:05,707 [79b53b50-4b75-4974-b7b4-8ebe13ba2130@group-C45E634AA245:LeaderElection104] INFO  server.RaftServerConfigKeys (ConfUtils.java:logGet(43)) - raft.server.watch.timeout.denomination = 1s (default)
2019-09-25 11:54:05,707 [Thread-1329] INFO  impl.PendingRequests (PendingRequests.java:sendNotLeaderResponses(202)) - aa1c61a4-72d4-4b88-ae57-2b0e5f9a6d89-PendingRequests: sendNotLeaderResponses
2019-09-25 11:54:05,707 [79b53b50-4b75-4974-b7b4-8ebe13ba2130@group-C45E634AA245:LeaderElection104] INFO  server.RaftServerConfigKeys (ConfUtils.java:logGet(43)) - raft.server.watch.element-limit = 65536 (default)
2019-09-25 11:54:05,707 [ForkJoinPool.commonPool-worker-0] INFO  impl.StateMachineUpdater (StateMachineUpdater.java:stopAndJoin(125)) - a45f638e-6aa6-4b63-8c44-704381a85e0f@group-B2D9171B02D3-StateMachineUpdater: set stopIndex = 0
2019-09-25 11:54:05,707 [Thread-1329] INFO  impl.StateMachineUpdater (StateMachineUpdater.java:stopAndJoin(125)) - aa1c61a4-72d4-4b88-ae57-2b0e5f9a6d89@group-A237BDAD8243-StateMachineUpdater: set stopIndex = 0
2019-09-25 11:54:05,708 [ForkJoinPool.commonPool-worker-0] INFO  impl.RaftServerImpl (ServerState.java:close(385)) - a45f638e-6aa6-4b63-8c44-704381a85e0f@group-B2D9171B02D3: closes. applyIndex: 0
2019-09-25 11:54:05,708 [Thread-1329] INFO  impl.RaftServerImpl (ServerState.java:close(385)) - aa1c61a4-72d4-4b88-ae57-2b0e5f9a6d89@group-A237BDAD8243: closes. applyIndex: 0
2019-09-25 11:54:05,708 [a45f638e-6aa6-4b63-8c44-704381a85e0f@group-B2D9171B02D3-SegmentedRaftLogWorker] INFO  segmented.SegmentedRaftLogWorker (SegmentedRaftLogWorker.java:run(313)) - a45f638e-6aa6-4b63-8c44-704381a85e0f@group-B2D9171B02D3-SegmentedRaftLogWorker was interrupted, exiting. There are 0 tasks remaining in the queue.
2019-09-25 11:54:05,709 [aa1c61a4-72d4-4b88-ae57-2b0e5f9a6d89@group-A237BDAD8243-SegmentedRaftLogWorker] INFO  segmented.SegmentedRaftLogWorker (SegmentedRaftLogWorker.java:run(313)) - aa1c61a4-72d4-4b88-ae57-2b0e5f9a6d89@group-A237BDAD8243-SegmentedRaftLogWorker was interrupted, exiting. There are 0 tasks remaining in the queue.
2019-09-25 11:54:05,709 [ForkJoinPool.commonPool-worker-0] INFO  segmented.SegmentedRaftLogWorker (SegmentedRaftLogWorker.java:close(228)) - a45f638e-6aa6-4b63-8c44-704381a85e0f@group-B2D9171B02D3-SegmentedRaftLogWorker close()
2019-09-25 11:54:05,709 [Thread-1329] INFO  segmented.SegmentedRaftLogWorker (SegmentedRaftLogWorker.java:close(228)) - aa1c61a4-72d4-4b88-ae57-2b0e5f9a6d89@group-A237BDAD8243-SegmentedRaftLogWorker close()
2019-09-25 11:54:05,711 [ForkJoinPool.commonPool-worker-0] INFO  impl.RaftServerImpl (RaftServerImpl.java:lambda$shutdown$3(251)) - a45f638e-6aa6-4b63-8c44-704381a85e0f@group-ACC1223340D1: shutdown
2019-09-25 11:54:05,713 [79b53b50-4b75-4974-b7b4-8ebe13ba2130@group-C45E634AA245:LeaderElection104] INFO  impl.RoleInfo (RoleInfo.java:updateAndGet(143)) - 79b53b50-4b75-4974-b7b4-8ebe13ba2130: start LeaderState
2019-09-25 11:54:05,713 [Thread-1329] INFO  impl.RaftServerImpl (RaftServerImpl.java:lambda$shutdown$3(251)) - aa1c61a4-72d4-4b88-ae57-2b0e5f9a6d89@group-A2BAADA99496: shutdown
2019-09-25 11:54:05,713 [79b53b50-4b75-4974-b7b4-8ebe13ba2130@group-C45E634AA245:LeaderElection104] INFO  segmented.SegmentedRaftLogWorker (SegmentedRaftLogWorker.java:startLogSegment(380)) - 79b53b50-4b75-4974-b7b4-8ebe13ba2130@group-C45E634AA245-SegmentedRaftLogWorker: Starting segment from index:0
2019-09-25 11:54:05,713 [ForkJoinPool.commonPool-worker-0] INFO  util.JmxRegister (JmxRegister.java:unregister(73)) - Successfully un-registered JMX Bean with object name Ratis:service=RaftServer,group=group-ACC1223340D1,id=a45f638e-6aa6-4b63-8c44-704381a85e0f
2019-09-25 11:54:05,713 [Thread-1329] INFO  util.JmxRegister (JmxRegister.java:unregister(73)) - Successfully un-registered JMX Bean with object name Ratis:service=RaftServer,group=group-A2BAADA99496,id=aa1c61a4-72d4-4b88-ae57-2b0e5f9a6d89
2019-09-25 11:54:05,714 [79b53b50-4b75-4974-b7b4-8ebe13ba2130@group-C45E634AA245:LeaderElection104] INFO  impl.RaftServerImpl (ServerState.java:setRaftConf(354)) - 79b53b50-4b75-4974-b7b4-8ebe13ba2130@group-C45E634AA245: set configuration 0: [79b53b50-4b75-4974-b7b4-8ebe13ba2130:192.168.30.6:39431], old=null at 0
2019-09-25 11:54:05,714 [ForkJoinPool.commonPool-worker-0] INFO  impl.RoleInfo (RoleInfo.java:shutdownLeaderState(104)) - a45f638e-6aa6-4b63-8c44-704381a85e0f: shutdown LeaderState
2019-09-25 11:54:05,714 [Thread-1329] INFO  impl.RoleInfo (RoleInfo.java:shutdownLeaderState(104)) - aa1c61a4-72d4-4b88-ae57-2b0e5f9a6d89: shutdown LeaderState
2019-09-25 11:54:05,715 [ForkJoinPool.commonPool-worker-0] INFO  impl.PendingRequests (PendingRequests.java:sendNotLeaderResponses(202)) - a45f638e-6aa6-4b63-8c44-704381a85e0f-PendingRequests: sendNotLeaderResponses
2019-09-25 11:54:05,715 [Thread-1329] INFO  impl.PendingRequests (PendingRequests.java:sendNotLeaderResponses(202)) - aa1c61a4-72d4-4b88-ae57-2b0e5f9a6d89-PendingRequests: sendNotLeaderResponses
2019-09-25 11:54:05,715 [ForkJoinPool.commonPool-worker-0] INFO  impl.StateMachineUpdater (StateMachineUpdater.java:stopAndJoin(125)) - a45f638e-6aa6-4b63-8c44-704381a85e0f@group-ACC1223340D1-StateMachineUpdater: set stopIndex = 0
2019-09-25 11:54:05,716 [Thread-1329] INFO  impl.StateMachineUpdater (StateMachineUpdater.java:stopAndJoin(125)) - aa1c61a4-72d4-4b88-ae57-2b0e5f9a6d89@group-A2BAADA99496-StateMachineUpdater: set stopIndex = 0
2019-09-25 11:54:05,716 [ForkJoinPool.commonPool-worker-0] INFO  impl.RaftServerImpl (ServerState.java:close(385)) - a45f638e-6aa6-4b63-8c44-704381a85e0f@group-ACC1223340D1: closes. applyIndex: 0
2019-09-25 11:54:05,716 [a45f638e-6aa6-4b63-8c44-704381a85e0f@group-ACC1223340D1-SegmentedRaftLogWorker] INFO  segmented.SegmentedRaftLogWorker (SegmentedRaftLogWorker.java:run(313)) - a45f638e-6aa6-4b63-8c44-704381a85e0f@group-ACC1223340D1-SegmentedRaftLogWorker was interrupted, exiting. There are 0 tasks remaining in the queue.
2019-09-25 11:54:05,717 [ForkJoinPool.commonPool-worker-0] INFO  segmented.SegmentedRaftLogWorker (SegmentedRaftLogWorker.java:close(228)) - a45f638e-6aa6-4b63-8c44-704381a85e0f@group-ACC1223340D1-SegmentedRaftLogWorker close()
2019-09-25 11:54:05,750 [ForkJoinPool.commonPool-worker-0] INFO  impl.RaftServerImpl (RaftServerImpl.java:lambda$shutdown$3(251)) - a45f638e-6aa6-4b63-8c44-704381a85e0f@group-744AEEC111CD: shutdown
2019-09-25 11:54:05,750 [Thread-1557] INFO  impl.FollowerState (FollowerState.java:run(106)) - 79b53b50-4b75-4974-b7b4-8ebe13ba2130:group-916D87967C70 changes to CANDIDATE, lastRpcTime:5081, electionTimeout:5056ms
2019-09-25 11:54:05,750 [ForkJoinPool.commonPool-worker-0] INFO  util.JmxRegister (JmxRegister.java:unregister(73)) - Successfully un-registered JMX Bean with object name Ratis:service=RaftServer,group=group-744AEEC111CD,id=a45f638e-6aa6-4b63-8c44-704381a85e0f
2019-09-25 11:54:05,751 [ForkJoinPool.commonPool-worker-0] INFO  impl.RoleInfo (RoleInfo.java:shutdownLeaderState(104)) - a45f638e-6aa6-4b63-8c44-704381a85e0f: shutdown LeaderState
2019-09-25 11:54:05,750 [Thread-1329] INFO  impl.RaftServerImpl (ServerState.java:close(385)) - aa1c61a4-72d4-4b88-ae57-2b0e5f9a6d89@group-A2BAADA99496: closes. applyIndex: 0
2019-09-25 11:54:05,750 [Thread-1557] INFO  impl.RoleInfo (RoleInfo.java:shutdownFollowerState(121)) - 79b53b50-4b75-4974-b7b4-8ebe13ba2130: shutdown FollowerState
2019-09-25 11:54:05,751 [aa1c61a4-72d4-4b88-ae57-2b0e5f9a6d89@group-A2BAADA99496-SegmentedRaftLogWorker] INFO  segmented.SegmentedRaftLogWorker (SegmentedRaftLogWorker.java:run(313)) - aa1c61a4-72d4-4b88-ae57-2b0e5f9a6d89@group-A2BAADA99496-SegmentedRaftLogWorker was interrupted, exiting. There are 0 tasks remaining in the queue.
2019-09-25 11:54:05,751 [ForkJoinPool.commonPool-worker-0] INFO  impl.PendingRequests (PendingRequests.java:sendNotLeaderResponses(202)) - a45f638e-6aa6-4b63-8c44-704381a85e0f-PendingRequests: sendNotLeaderResponses
2019-09-25 11:54:05,752 [Thread-1329] INFO  segmented.SegmentedRaftLogWorker (SegmentedRaftLogWorker.java:close(228)) - aa1c61a4-72d4-4b88-ae57-2b0e5f9a6d89@group-A2BAADA99496-SegmentedRaftLogWorker close()
2019-09-25 11:54:05,751 [Thread-1557] INFO  impl.RaftServerImpl (RaftServerImpl.java:setRole(174)) - 79b53b50-4b75-4974-b7b4-8ebe13ba2130@group-916D87967C70: changes role from  FOLLOWER to CANDIDATE at term 0 for changeToCandidate
2019-09-25 11:54:05,753 [Thread-1329] INFO  impl.RaftServerImpl (RaftServerImpl.java:lambda$shutdown$3(251)) - aa1c61a4-72d4-4b88-ae57-2b0e5f9a6d89@group-5CFC0A9E3BAC: shutdown
2019-09-25 11:54:05,752 [ForkJoinPool.commonPool-worker-0] INFO  impl.StateMachineUpdater (StateMachineUpdater.java:stopAndJoin(125)) - a45f638e-6aa6-4b63-8c44-704381a85e0f@group-744AEEC111CD-StateMachineUpdater: set stopIndex = 0
2019-09-25 11:54:05,754 [Thread-1329] INFO  util.JmxRegister (JmxRegister.java:unregister(73)) - Successfully un-registered JMX Bean with object name Ratis:service=RaftServer,group=group-5CFC0A9E3BAC,id=aa1c61a4-72d4-4b88-ae57-2b0e5f9a6d89
2019-09-25 11:54:05,754 [Thread-1557] INFO  impl.RoleInfo (RoleInfo.java:updateAndGet(143)) - 79b53b50-4b75-4974-b7b4-8ebe13ba2130: start LeaderElection
2019-09-25 11:54:05,754 [Thread-1329] INFO  impl.RoleInfo (RoleInfo.java:shutdownLeaderState(104)) - aa1c61a4-72d4-4b88-ae57-2b0e5f9a6d89: shutdown LeaderState
2019-09-25 11:54:05,754 [ForkJoinPool.commonPool-worker-0] INFO  impl.RaftServerImpl (ServerState.java:close(385)) - a45f638e-6aa6-4b63-8c44-704381a85e0f@group-744AEEC111CD: closes. applyIndex: 0
2019-09-25 11:54:05,756 [Thread-1329] INFO  impl.PendingRequests (PendingRequests.java:sendNotLeaderResponses(202)) - aa1c61a4-72d4-4b88-ae57-2b0e5f9a6d89-PendingRequests: sendNotLeaderResponses
2019-09-25 11:54:05,756 [a45f638e-6aa6-4b63-8c44-704381a85e0f@group-744AEEC111CD-SegmentedRaftLogWorker] INFO  segmented.SegmentedRaftLogWorker (SegmentedRaftLogWorker.java:run(313)) - a45f638e-6aa6-4b63-8c44-704381a85e0f@group-744AEEC111CD-SegmentedRaftLogWorker was interrupted, exiting. There are 0 tasks remaining in the queue.
2019-09-25 11:54:05,756 [Thread-1329] INFO  impl.StateMachineUpdater (StateMachineUpdater.java:stopAndJoin(125)) - aa1c61a4-72d4-4b88-ae57-2b0e5f9a6d89@group-5CFC0A9E3BAC-StateMachineUpdater: set stopIndex = 0
2019-09-25 11:54:05,757 [ForkJoinPool.commonPool-worker-0] INFO  segmented.SegmentedRaftLogWorker (SegmentedRaftLogWorker.java:close(228)) - a45f638e-6aa6-4b63-8c44-704381a85e0f@group-744AEEC111CD-SegmentedRaftLogWorker close()
2019-09-25 11:54:05,757 [Thread-1329] INFO  impl.RaftServerImpl (ServerState.java:close(385)) - aa1c61a4-72d4-4b88-ae57-2b0e5f9a6d89@group-5CFC0A9E3BAC: closes. applyIndex: 0
2019-09-25 11:54:05,758 [ForkJoinPool.commonPool-worker-0] INFO  impl.RaftServerImpl (RaftServerImpl.java:lambda$shutdown$3(251)) - a45f638e-6aa6-4b63-8c44-704381a85e0f@group-112832DEE986: shutdown
2019-09-25 11:54:05,758 [aa1c61a4-72d4-4b88-ae57-2b0e5f9a6d89@group-5CFC0A9E3BAC-SegmentedRaftLogWorker] INFO  segmented.SegmentedRaftLogWorker (SegmentedRaftLogWorker.java:run(313)) - aa1c61a4-72d4-4b88-ae57-2b0e5f9a6d89@group-5CFC0A9E3BAC-SegmentedRaftLogWorker was interrupted, exiting. There are 0 tasks remaining in the queue.
2019-09-25 11:54:05,759 [ForkJoinPool.commonPool-worker-0] INFO  util.JmxRegister (JmxRegister.java:unregister(73)) - Successfully un-registered JMX Bean with object name Ratis:service=RaftServer,group=group-112832DEE986,id=a45f638e-6aa6-4b63-8c44-704381a85e0f
2019-09-25 11:54:05,759 [Thread-1329] INFO  segmented.SegmentedRaftLogWorker (SegmentedRaftLogWorker.java:close(228)) - aa1c61a4-72d4-4b88-ae57-2b0e5f9a6d89@group-5CFC0A9E3BAC-SegmentedRaftLogWorker close()
2019-09-25 11:54:05,759 [ForkJoinPool.commonPool-worker-0] INFO  impl.RoleInfo (RoleInfo.java:shutdownLeaderState(104)) - a45f638e-6aa6-4b63-8c44-704381a85e0f: shutdown LeaderState
2019-09-25 11:54:05,760 [Thread-1329] INFO  impl.RaftServerImpl (RaftServerImpl.java:lambda$shutdown$3(251)) - aa1c61a4-72d4-4b88-ae57-2b0e5f9a6d89@group-336DBDB669D3: shutdown
2019-09-25 11:54:05,760 [ForkJoinPool.commonPool-worker-0] INFO  impl.PendingRequests (PendingRequests.java:sendNotLeaderResponses(202)) - a45f638e-6aa6-4b63-8c44-704381a85e0f-PendingRequests: sendNotLeaderResponses
2019-09-25 11:54:05,761 [Thread-1329] INFO  util.JmxRegister (JmxRegister.java:unregister(73)) - Successfully un-registered JMX Bean with object name Ratis:service=RaftServer,group=group-336DBDB669D3,id=aa1c61a4-72d4-4b88-ae57-2b0e5f9a6d89
2019-09-25 11:54:05,761 [ForkJoinPool.commonPool-worker-0] INFO  impl.StateMachineUpdater (StateMachineUpdater.java:stopAndJoin(125)) - a45f638e-6aa6-4b63-8c44-704381a85e0f@group-112832DEE986-StateMachineUpdater: set stopIndex = 0
2019-09-25 11:54:05,761 [Thread-1329] INFO  impl.RoleInfo (RoleInfo.java:shutdownLeaderState(104)) - aa1c61a4-72d4-4b88-ae57-2b0e5f9a6d89: shutdown LeaderState
2019-09-25 11:54:05,761 [ForkJoinPool.commonPool-worker-0] INFO  impl.RaftServerImpl (ServerState.java:close(385)) - a45f638e-6aa6-4b63-8c44-704381a85e0f@group-112832DEE986: closes. applyIndex: 0
2019-09-25 11:54:05,762 [Thread-1329] INFO  impl.PendingRequests (PendingRequests.java:sendNotLeaderResponses(202)) - aa1c61a4-72d4-4b88-ae57-2b0e5f9a6d89-PendingRequests: sendNotLeaderResponses
2019-09-25 11:54:05,762 [a45f638e-6aa6-4b63-8c44-704381a85e0f@group-112832DEE986-SegmentedRaftLogWorker] INFO  segmented.SegmentedRaftLogWorker (SegmentedRaftLogWorker.java:run(313)) - a45f638e-6aa6-4b63-8c44-704381a85e0f@group-112832DEE986-SegmentedRaftLogWorker was interrupted, exiting. There are 0 tasks remaining in the queue.
2019-09-25 11:54:05,762 [Thread-1329] INFO  impl.StateMachineUpdater (StateMachineUpdater.java:stopAndJoin(125)) - aa1c61a4-72d4-4b88-ae57-2b0e5f9a6d89@group-336DBDB669D3-StateMachineUpdater: set stopIndex = 0
2019-09-25 11:54:05,762 [ForkJoinPool.commonPool-worker-0] INFO  segmented.SegmentedRaftLogWorker (SegmentedRaftLogWorker.java:close(228)) - a45f638e-6aa6-4b63-8c44-704381a85e0f@group-112832DEE986-SegmentedRaftLogWorker close()
2019-09-25 11:54:05,762 [Thread-1329] INFO  impl.RaftServerImpl (ServerState.java:close(385)) - aa1c61a4-72d4-4b88-ae57-2b0e5f9a6d89@group-336DBDB669D3: closes. applyIndex: 0
2019-09-25 11:54:05,764 [ForkJoinPool.commonPool-worker-0] INFO  impl.RaftServerImpl (RaftServerImpl.java:lambda$shutdown$3(251)) - a45f638e-6aa6-4b63-8c44-704381a85e0f@group-EA8D1378A29F: shutdown
2019-09-25 11:54:05,764 [aa1c61a4-72d4-4b88-ae57-2b0e5f9a6d89@group-336DBDB669D3-SegmentedRaftLogWorker] INFO  segmented.SegmentedRaftLogWorker (SegmentedRaftLogWorker.java:run(313)) - aa1c61a4-72d4-4b88-ae57-2b0e5f9a6d89@group-336DBDB669D3-SegmentedRaftLogWorker was interrupted, exiting. There are 0 tasks remaining in the queue.
2019-09-25 11:54:05,764 [ForkJoinPool.commonPool-worker-0] INFO  util.JmxRegister (JmxRegister.java:unregister(73)) - Successfully un-registered JMX Bean with object name Ratis:service=RaftServer,group=group-EA8D1378A29F,id=a45f638e-6aa6-4b63-8c44-704381a85e0f
2019-09-25 11:54:05,765 [Thread-1329] INFO  segmented.SegmentedRaftLogWorker (SegmentedRaftLogWorker.java:close(228)) - aa1c61a4-72d4-4b88-ae57-2b0e5f9a6d89@group-336DBDB669D3-SegmentedRaftLogWorker close()
2019-09-25 11:54:05,765 [ForkJoinPool.commonPool-worker-0] INFO  impl.RoleInfo (RoleInfo.java:shutdownLeaderState(104)) - a45f638e-6aa6-4b63-8c44-704381a85e0f: shutdown LeaderState
2019-09-25 11:54:05,766 [Thread-1329] INFO  impl.RaftServerImpl (RaftServerImpl.java:lambda$shutdown$3(251)) - aa1c61a4-72d4-4b88-ae57-2b0e5f9a6d89@group-D97AECFE94FC: shutdown
2019-09-25 11:54:05,767 [ForkJoinPool.commonPool-worker-0] INFO  impl.PendingRequests (PendingRequests.java:sendNotLeaderResponses(202)) - a45f638e-6aa6-4b63-8c44-704381a85e0f-PendingRequests: sendNotLeaderResponses
2019-09-25 11:54:05,767 [Thread-1329] INFO  util.JmxRegister (JmxRegister.java:unregister(73)) - Successfully un-registered JMX Bean with object name Ratis:service=RaftServer,group=group-D97AECFE94FC,id=aa1c61a4-72d4-4b88-ae57-2b0e5f9a6d89
2019-09-25 11:54:05,767 [ForkJoinPool.commonPool-worker-0] INFO  impl.StateMachineUpdater (StateMachineUpdater.java:stopAndJoin(125)) - a45f638e-6aa6-4b63-8c44-704381a85e0f@group-EA8D1378A29F-StateMachineUpdater: set stopIndex = 0
2019-09-25 11:54:05,767 [Thread-1329] INFO  impl.RoleInfo (RoleInfo.java:shutdownLeaderState(104)) - aa1c61a4-72d4-4b88-ae57-2b0e5f9a6d89: shutdown LeaderState
2019-09-25 11:54:05,768 [ForkJoinPool.commonPool-worker-0] INFO  impl.RaftServerImpl (ServerState.java:close(385)) - a45f638e-6aa6-4b63-8c44-704381a85e0f@group-EA8D1378A29F: closes. applyIndex: 0
2019-09-25 11:54:05,768 [Thread-1329] INFO  impl.PendingRequests (PendingRequests.java:sendNotLeaderResponses(202)) - aa1c61a4-72d4-4b88-ae57-2b0e5f9a6d89-PendingRequests: sendNotLeaderResponses
2019-09-25 11:54:05,768 [a45f638e-6aa6-4b63-8c44-704381a85e0f@group-EA8D1378A29F-SegmentedRaftLogWorker] INFO  segmented.SegmentedRaftLogWorker (SegmentedRaftLogWorker.java:run(313)) - a45f638e-6aa6-4b63-8c44-704381a85e0f@group-EA8D1378A29F-SegmentedRaftLogWorker was interrupted, exiting. There are 0 tasks remaining in the queue.
2019-09-25 11:54:05,768 [Thread-1329] INFO  impl.StateMachineUpdater (StateMachineUpdater.java:stopAndJoin(125)) - aa1c61a4-72d4-4b88-ae57-2b0e5f9a6d89@group-D97AECFE94FC-StateMachineUpdater: set stopIndex = 0
2019-09-25 11:54:05,768 [ForkJoinPool.commonPool-worker-0] INFO  segmented.SegmentedRaftLogWorker (SegmentedRaftLogWorker.java:close(228)) - a45f638e-6aa6-4b63-8c44-704381a85e0f@group-EA8D1378A29F-SegmentedRaftLogWorker close()
2019-09-25 11:54:05,769 [Thread-1329] INFO  impl.RaftServerImpl (ServerState.java:close(385)) - aa1c61a4-72d4-4b88-ae57-2b0e5f9a6d89@group-D97AECFE94FC: closes. applyIndex: 0
2019-09-25 11:54:05,770 [ForkJoinPool.commonPool-worker-0] INFO  server.GrpcService (GrpcService.java:closeImpl(164)) - a45f638e-6aa6-4b63-8c44-704381a85e0f: shutdown server with port 38299 now
2019-09-25 11:54:05,770 [aa1c61a4-72d4-4b88-ae57-2b0e5f9a6d89@group-D97AECFE94FC-SegmentedRaftLogWorker] INFO  segmented.SegmentedRaftLogWorker (SegmentedRaftLogWorker.java:run(313)) - aa1c61a4-72d4-4b88-ae57-2b0e5f9a6d89@group-D97AECFE94FC-SegmentedRaftLogWorker was interrupted, exiting. There are 0 tasks remaining in the queue.
2019-09-25 11:54:05,771 [Thread-1329] INFO  segmented.SegmentedRaftLogWorker (SegmentedRaftLogWorker.java:close(228)) - aa1c61a4-72d4-4b88-ae57-2b0e5f9a6d89@group-D97AECFE94FC-SegmentedRaftLogWorker close()
2019-09-25 11:54:05,772 [ForkJoinPool.commonPool-worker-0] INFO  server.GrpcService (GrpcService.java:closeImpl(172)) - a45f638e-6aa6-4b63-8c44-704381a85e0f: shutdown server with port 38299 successfully
2019-09-25 11:54:05,773 [Thread-1329] INFO  server.GrpcService (GrpcService.java:closeImpl(164)) - aa1c61a4-72d4-4b88-ae57-2b0e5f9a6d89: shutdown server with port 43603 now
2019-09-25 11:54:05,775 [Thread-1329] INFO  server.GrpcService (GrpcService.java:closeImpl(172)) - aa1c61a4-72d4-4b88-ae57-2b0e5f9a6d89: shutdown server with port 43603 successfully
2019-09-25 11:54:05,776 [refreshUsed-/workdir/hadoop-ozone/ozonefs/target/test-dir/MiniOzoneClusterImpl-4e8ed6f3-3514-43a4-bf24-c8399dbc0a4f/datanode-0/data/containers] WARN  fs.CachingGetSpaceUsed (CachingGetSpaceUsed.java:run(183)) - Thread Interrupted waiting to refresh disk information: sleep interrupted
2019-09-25 11:54:05,780 [refreshUsed-/workdir/hadoop-ozone/ozonefs/target/test-dir/MiniOzoneClusterImpl-4e8ed6f3-3514-43a4-bf24-c8399dbc0a4f/datanode-1/data/containers] WARN  fs.CachingGetSpaceUsed (CachingGetSpaceUsed.java:run(183)) - Thread Interrupted waiting to refresh disk information: sleep interrupted
2019-09-25 11:54:05,786 [79b53b50-4b75-4974-b7b4-8ebe13ba2130@group-C45E634AA245-SegmentedRaftLogWorker] INFO  segmented.SegmentedRaftLogWorker (SegmentedRaftLogWorker.java:execute(569)) - 79b53b50-4b75-4974-b7b4-8ebe13ba2130@group-C45E634AA245-SegmentedRaftLogWorker: created new log segment /workdir/hadoop-ozone/ozonefs/target/test-dir/MiniOzoneClusterImpl-4e8ed6f3-3514-43a4-bf24-c8399dbc0a4f/datanode-2/data/ratis/0ece0cf5-e10c-4e03-86a5-c45e634aa245/current/log_inprogress_0
2019-09-25 11:54:05,786 [79b53b50-4b75-4974-b7b4-8ebe13ba2130@group-916D87967C70:LeaderElection105] INFO  impl.LeaderElection (LeaderElection.java:askForVotes(182)) - 79b53b50-4b75-4974-b7b4-8ebe13ba2130@group-916D87967C70:LeaderElection105: begin an election at term 1 for -1: [79b53b50-4b75-4974-b7b4-8ebe13ba2130:192.168.30.6:39431], old=null
2019-09-25 11:54:05,786 [79b53b50-4b75-4974-b7b4-8ebe13ba2130@group-916D87967C70:LeaderElection105] INFO  impl.RoleInfo (RoleInfo.java:shutdownLeaderElection(134)) - 79b53b50-4b75-4974-b7b4-8ebe13ba2130: shutdown LeaderElection
2019-09-25 11:54:05,786 [79b53b50-4b75-4974-b7b4-8ebe13ba2130@group-916D87967C70:LeaderElection105] INFO  impl.RaftServerImpl (RaftServerImpl.java:setRole(174)) - 79b53b50-4b75-4974-b7b4-8ebe13ba2130@group-916D87967C70: changes role from CANDIDATE to LEADER at term 1 for changeToLeader
2019-09-25 11:54:05,787 [79b53b50-4b75-4974-b7b4-8ebe13ba2130@group-916D87967C70:LeaderElection105] INFO  impl.RaftServerImpl (ServerState.java:setLeader(253)) - 79b53b50-4b75-4974-b7b4-8ebe13ba2130@group-916D87967C70: change Leader from null to 79b53b50-4b75-4974-b7b4-8ebe13ba2130 at term 1 for becomeLeader, leader elected after 5123ms
2019-09-25 11:54:05,787 [79b53b50-4b75-4974-b7b4-8ebe13ba2130@group-916D87967C70:LeaderElection105] INFO  server.RaftServerConfigKeys (ConfUtils.java:logGet(43)) - raft.server.staging.catchup.gap = 1000 (default)
2019-09-25 11:54:05,787 [79b53b50-4b75-4974-b7b4-8ebe13ba2130@group-916D87967C70:LeaderElection105] INFO  server.RaftServerConfigKeys (ConfUtils.java:logGet(43)) - raft.server.rpc.sleep.time = 25ms (default)
2019-09-25 11:54:05,787 [79b53b50-4b75-4974-b7b4-8ebe13ba2130@group-916D87967C70:LeaderElection105] INFO  server.RaftServerConfigKeys (ConfUtils.java:logGet(43)) - raft.server.write.element-limit = 4096 (default)
2019-09-25 11:54:05,787 [79b53b50-4b75-4974-b7b4-8ebe13ba2130@group-916D87967C70:LeaderElection105] INFO  server.RaftServerConfigKeys (ConfUtils.java:logGet(43)) - raft.server.watch.timeout = 10s (default)
2019-09-25 11:54:05,787 [79b53b50-4b75-4974-b7b4-8ebe13ba2130@group-916D87967C70:LeaderElection105] INFO  server.RaftServerConfigKeys (ConfUtils.java:logGet(43)) - raft.server.watch.timeout.denomination = 1s (default)
2019-09-25 11:54:05,787 [79b53b50-4b75-4974-b7b4-8ebe13ba2130@group-916D87967C70:LeaderElection105] INFO  server.RaftServerConfigKeys (ConfUtils.java:logGet(43)) - raft.server.watch.element-limit = 65536 (default)
2019-09-25 11:54:05,789 [79b53b50-4b75-4974-b7b4-8ebe13ba2130@group-916D87967C70:LeaderElection105] INFO  impl.RoleInfo (RoleInfo.java:updateAndGet(143)) - 79b53b50-4b75-4974-b7b4-8ebe13ba2130: start LeaderState
2019-09-25 11:54:05,789 [79b53b50-4b75-4974-b7b4-8ebe13ba2130@group-916D87967C70:LeaderElection105] INFO  segmented.SegmentedRaftLogWorker (SegmentedRaftLogWorker.java:startLogSegment(380)) - 79b53b50-4b75-4974-b7b4-8ebe13ba2130@group-916D87967C70-SegmentedRaftLogWorker: Starting segment from index:0
2019-09-25 11:54:05,790 [79b53b50-4b75-4974-b7b4-8ebe13ba2130@group-916D87967C70:LeaderElection105] INFO  impl.RaftServerImpl (ServerState.java:setRaftConf(354)) - 79b53b50-4b75-4974-b7b4-8ebe13ba2130@group-916D87967C70: set configuration 0: [79b53b50-4b75-4974-b7b4-8ebe13ba2130:192.168.30.6:39431], old=null at 0
2019-09-25 11:54:05,797 [Thread-1329] INFO  utils.BackgroundService (BackgroundService.java:shutdown(148)) - Shutting down service BlockDeletingService
2019-09-25 11:54:05,830 [Thread-1329] INFO  statemachine.DatanodeStateMachine (DatanodeStateMachine.java:stopDaemon(395)) - Ozone container server stopped.
2019-09-25 11:54:05,831 [Thread-1329] INFO  handler.ContextHandler (ContextHandler.java:doStop(910)) - Stopped o.e.j.w.WebAppContext@1a823cb{/,null,UNAVAILABLE}{/hddsDatanode}
2019-09-25 11:54:05,832 [ForkJoinPool.commonPool-worker-0] INFO  utils.BackgroundService (BackgroundService.java:shutdown(148)) - Shutting down service BlockDeletingService
2019-09-25 11:54:05,832 [Thread-1329] INFO  server.AbstractConnector (AbstractConnector.java:doStop(318)) - Stopped ServerConnector@6dc794ce{HTTP/1.1,[http/1.1]}{0.0.0.0:0}
2019-09-25 11:54:05,835 [Thread-1329] INFO  handler.ContextHandler (ContextHandler.java:doStop(910)) - Stopped o.e.j.s.ServletContextHandler@523c73da{/static,jar:file:/home/user/.m2/repository/org/apache/hadoop/hadoop-hdds-container-service/0.5.0-SNAPSHOT/hadoop-hdds-container-service-0.5.0-SNAPSHOT.jar!/webapps/static,UNAVAILABLE}
2019-09-25 11:54:05,836 [ForkJoinPool.commonPool-worker-0] INFO  statemachine.DatanodeStateMachine (DatanodeStateMachine.java:stopDaemon(395)) - Ozone container server stopped.
2019-09-25 11:54:05,836 [Thread-1329] INFO  handler.ContextHandler (ContextHandler.java:doStop(910)) - Stopped o.e.j.s.ServletContextHandler@7756b6ff{/logs,file:///workdir/hadoop-ozone/ozonefs/target/log,UNAVAILABLE}
2019-09-25 11:54:05,840 [ForkJoinPool.commonPool-worker-0] INFO  handler.ContextHandler (ContextHandler.java:doStop(910)) - Stopped o.e.j.w.WebAppContext@2c494a71{/,null,UNAVAILABLE}{/hddsDatanode}
2019-09-25 11:54:05,841 [ForkJoinPool.commonPool-worker-0] INFO  server.AbstractConnector (AbstractConnector.java:doStop(318)) - Stopped ServerConnector@55047a52{HTTP/1.1,[http/1.1]}{0.0.0.0:0}
2019-09-25 11:54:05,844 [ForkJoinPool.commonPool-worker-0] INFO  handler.ContextHandler (ContextHandler.java:doStop(910)) - Stopped o.e.j.s.ServletContextHandler@69b33d37{/static,jar:file:/home/user/.m2/repository/org/apache/hadoop/hadoop-hdds-container-service/0.5.0-SNAPSHOT/hadoop-hdds-container-service-0.5.0-SNAPSHOT.jar!/webapps/static,UNAVAILABLE}
2019-09-25 11:54:05,845 [ForkJoinPool.commonPool-worker-0] INFO  handler.ContextHandler (ContextHandler.java:doStop(910)) - Stopped o.e.j.s.ServletContextHandler@5b60663a{/logs,file:///workdir/hadoop-ozone/ozonefs/target/log,UNAVAILABLE}
2019-09-25 11:54:05,878 [79b53b50-4b75-4974-b7b4-8ebe13ba2130@group-916D87967C70-SegmentedRaftLogWorker] INFO  segmented.SegmentedRaftLogWorker (SegmentedRaftLogWorker.java:execute(569)) - 79b53b50-4b75-4974-b7b4-8ebe13ba2130@group-916D87967C70-SegmentedRaftLogWorker: created new log segment /workdir/hadoop-ozone/ozonefs/target/test-dir/MiniOzoneClusterImpl-4e8ed6f3-3514-43a4-bf24-c8399dbc0a4f/datanode-2/data/ratis/b692dd5a-4cc4-48dd-bddf-916d87967c70/current/log_inprogress_0
2019-09-25 11:54:06,306 [Datanode State Machine Thread - 0] INFO  statemachine.DatanodeStateMachine (DatanodeStateMachine.java:lambda$startDaemon$0(350)) - Ozone container server started.
2019-09-25 11:54:10,841 [Thread-1329] INFO  ozoneimpl.OzoneContainer (OzoneContainer.java:stop(231)) - Attempting to stop container services.
2019-09-25 11:54:10,841 [Thread-1329] INFO  impl.RaftServerProxy (RaftServerProxy.java:lambda$close$4(314)) - 79b53b50-4b75-4974-b7b4-8ebe13ba2130: close
2019-09-25 11:54:10,842 [Thread-1329] INFO  impl.RaftServerImpl (RaftServerImpl.java:lambda$shutdown$3(251)) - 79b53b50-4b75-4974-b7b4-8ebe13ba2130@group-916D87967C70: shutdown
2019-09-25 11:54:10,842 [ForkJoinPool.commonPool-worker-1] INFO  impl.RaftServerImpl (RaftServerImpl.java:lambda$shutdown$3(251)) - 79b53b50-4b75-4974-b7b4-8ebe13ba2130@group-DE8D88F0B819: shutdown
2019-09-25 11:54:10,842 [Thread-1329] INFO  util.JmxRegister (JmxRegister.java:unregister(73)) - Successfully un-registered JMX Bean with object name Ratis:service=RaftServer,group=group-916D87967C70,id=79b53b50-4b75-4974-b7b4-8ebe13ba2130
2019-09-25 11:54:10,843 [ForkJoinPool.commonPool-worker-1] INFO  util.JmxRegister (JmxRegister.java:unregister(73)) - Successfully un-registered JMX Bean with object name Ratis:service=RaftServer,group=group-DE8D88F0B819,id=79b53b50-4b75-4974-b7b4-8ebe13ba2130
2019-09-25 11:54:10,843 [Thread-1329] INFO  impl.RoleInfo (RoleInfo.java:shutdownLeaderState(104)) - 79b53b50-4b75-4974-b7b4-8ebe13ba2130: shutdown LeaderState
2019-09-25 11:54:10,843 [ForkJoinPool.commonPool-worker-1] INFO  impl.RoleInfo (RoleInfo.java:shutdownLeaderState(104)) - 79b53b50-4b75-4974-b7b4-8ebe13ba2130: shutdown LeaderState
2019-09-25 11:54:10,844 [Thread-1329] INFO  impl.PendingRequests (PendingRequests.java:sendNotLeaderResponses(202)) - 79b53b50-4b75-4974-b7b4-8ebe13ba2130-PendingRequests: sendNotLeaderResponses
2019-09-25 11:54:10,844 [ForkJoinPool.commonPool-worker-1] INFO  impl.PendingRequests (PendingRequests.java:sendNotLeaderResponses(202)) - 79b53b50-4b75-4974-b7b4-8ebe13ba2130-PendingRequests: sendNotLeaderResponses
2019-09-25 11:54:10,844 [Thread-1329] INFO  impl.StateMachineUpdater (StateMachineUpdater.java:stopAndJoin(125)) - 79b53b50-4b75-4974-b7b4-8ebe13ba2130@group-916D87967C70-StateMachineUpdater: set stopIndex = 0
2019-09-25 11:54:10,844 [ForkJoinPool.commonPool-worker-1] INFO  impl.StateMachineUpdater (StateMachineUpdater.java:stopAndJoin(125)) - 79b53b50-4b75-4974-b7b4-8ebe13ba2130@group-DE8D88F0B819-StateMachineUpdater: set stopIndex = 0
2019-09-25 11:54:10,845 [ForkJoinPool.commonPool-worker-1] INFO  impl.RaftServerImpl (ServerState.java:close(385)) - 79b53b50-4b75-4974-b7b4-8ebe13ba2130@group-DE8D88F0B819: closes. applyIndex: 0
2019-09-25 11:54:10,844 [Thread-1329] INFO  impl.RaftServerImpl (ServerState.java:close(385)) - 79b53b50-4b75-4974-b7b4-8ebe13ba2130@group-916D87967C70: closes. applyIndex: 0
2019-09-25 11:54:10,845 [79b53b50-4b75-4974-b7b4-8ebe13ba2130@group-DE8D88F0B819-SegmentedRaftLogWorker] INFO  segmented.SegmentedRaftLogWorker (SegmentedRaftLogWorker.java:run(313)) - 79b53b50-4b75-4974-b7b4-8ebe13ba2130@group-DE8D88F0B819-SegmentedRaftLogWorker was interrupted, exiting. There are 0 tasks remaining in the queue.
2019-09-25 11:54:10,845 [79b53b50-4b75-4974-b7b4-8ebe13ba2130@group-916D87967C70-SegmentedRaftLogWorker] INFO  segmented.SegmentedRaftLogWorker (SegmentedRaftLogWorker.java:run(313)) - 79b53b50-4b75-4974-b7b4-8ebe13ba2130@group-916D87967C70-SegmentedRaftLogWorker was interrupted, exiting. There are 0 tasks remaining in the queue.
2019-09-25 11:54:10,845 [ForkJoinPool.commonPool-worker-1] INFO  segmented.SegmentedRaftLogWorker (SegmentedRaftLogWorker.java:close(228)) - 79b53b50-4b75-4974-b7b4-8ebe13ba2130@group-DE8D88F0B819-SegmentedRaftLogWorker close()
2019-09-25 11:54:10,846 [Thread-1329] INFO  segmented.SegmentedRaftLogWorker (SegmentedRaftLogWorker.java:close(228)) - 79b53b50-4b75-4974-b7b4-8ebe13ba2130@group-916D87967C70-SegmentedRaftLogWorker close()
2019-09-25 11:54:10,847 [ForkJoinPool.commonPool-worker-1] INFO  impl.RaftServerImpl (RaftServerImpl.java:lambda$shutdown$3(251)) - 79b53b50-4b75-4974-b7b4-8ebe13ba2130@group-F801CC5A844D: shutdown
2019-09-25 11:54:10,849 [Thread-1329] INFO  impl.RaftServerImpl (RaftServerImpl.java:lambda$shutdown$3(251)) - 79b53b50-4b75-4974-b7b4-8ebe13ba2130@group-41C9DEE54CE9: shutdown
2019-09-25 11:54:10,849 [ForkJoinPool.commonPool-worker-1] INFO  util.JmxRegister (JmxRegister.java:unregister(73)) - Successfully un-registered JMX Bean with object name Ratis:service=RaftServer,group=group-F801CC5A844D,id=79b53b50-4b75-4974-b7b4-8ebe13ba2130
2019-09-25 11:54:10,849 [Thread-1329] INFO  util.JmxRegister (JmxRegister.java:unregister(73)) - Successfully un-registered JMX Bean with object name Ratis:service=RaftServer,group=group-41C9DEE54CE9,id=79b53b50-4b75-4974-b7b4-8ebe13ba2130
2019-09-25 11:54:10,849 [ForkJoinPool.commonPool-worker-1] INFO  impl.RoleInfo (RoleInfo.java:shutdownLeaderState(104)) - 79b53b50-4b75-4974-b7b4-8ebe13ba2130: shutdown LeaderState
2019-09-25 11:54:10,850 [Thread-1329] INFO  impl.RoleInfo (RoleInfo.java:shutdownLeaderState(104)) - 79b53b50-4b75-4974-b7b4-8ebe13ba2130: shutdown LeaderState
2019-09-25 11:54:10,850 [ForkJoinPool.commonPool-worker-1] INFO  impl.PendingRequests (PendingRequests.java:sendNotLeaderResponses(202)) - 79b53b50-4b75-4974-b7b4-8ebe13ba2130-PendingRequests: sendNotLeaderResponses
2019-09-25 11:54:10,850 [Thread-1329] INFO  impl.PendingRequests (PendingRequests.java:sendNotLeaderResponses(202)) - 79b53b50-4b75-4974-b7b4-8ebe13ba2130-PendingRequests: sendNotLeaderResponses
2019-09-25 11:54:10,850 [ForkJoinPool.commonPool-worker-1] INFO  impl.StateMachineUpdater (StateMachineUpdater.java:stopAndJoin(125)) - 79b53b50-4b75-4974-b7b4-8ebe13ba2130@group-F801CC5A844D-StateMachineUpdater: set stopIndex = 0
2019-09-25 11:54:10,851 [ForkJoinPool.commonPool-worker-1] INFO  impl.RaftServerImpl (ServerState.java:close(385)) - 79b53b50-4b75-4974-b7b4-8ebe13ba2130@group-F801CC5A844D: closes. applyIndex: 0
2019-09-25 11:54:10,851 [Thread-1329] INFO  impl.StateMachineUpdater (StateMachineUpdater.java:stopAndJoin(125)) - 79b53b50-4b75-4974-b7b4-8ebe13ba2130@group-41C9DEE54CE9-StateMachineUpdater: set stopIndex = 0
2019-09-25 11:54:10,851 [Thread-1329] INFO  impl.RaftServerImpl (ServerState.java:close(385)) - 79b53b50-4b75-4974-b7b4-8ebe13ba2130@group-41C9DEE54CE9: closes. applyIndex: 0
2019-09-25 11:54:10,851 [79b53b50-4b75-4974-b7b4-8ebe13ba2130@group-F801CC5A844D-SegmentedRaftLogWorker] INFO  segmented.SegmentedRaftLogWorker (SegmentedRaftLogWorker.java:run(313)) - 79b53b50-4b75-4974-b7b4-8ebe13ba2130@group-F801CC5A844D-SegmentedRaftLogWorker was interrupted, exiting. There are 0 tasks remaining in the queue.
2019-09-25 11:54:10,852 [79b53b50-4b75-4974-b7b4-8ebe13ba2130@group-41C9DEE54CE9-SegmentedRaftLogWorker] INFO  segmented.SegmentedRaftLogWorker (SegmentedRaftLogWorker.java:run(313)) - 79b53b50-4b75-4974-b7b4-8ebe13ba2130@group-41C9DEE54CE9-SegmentedRaftLogWorker was interrupted, exiting. There are 0 tasks remaining in the queue.
2019-09-25 11:54:10,852 [ForkJoinPool.commonPool-worker-1] INFO  segmented.SegmentedRaftLogWorker (SegmentedRaftLogWorker.java:close(228)) - 79b53b50-4b75-4974-b7b4-8ebe13ba2130@group-F801CC5A844D-SegmentedRaftLogWorker close()
2019-09-25 11:54:10,852 [Thread-1329] INFO  segmented.SegmentedRaftLogWorker (SegmentedRaftLogWorker.java:close(228)) - 79b53b50-4b75-4974-b7b4-8ebe13ba2130@group-41C9DEE54CE9-SegmentedRaftLogWorker close()
2019-09-25 11:54:10,854 [Thread-1329] INFO  impl.RaftServerImpl (RaftServerImpl.java:lambda$shutdown$3(251)) - 79b53b50-4b75-4974-b7b4-8ebe13ba2130@group-C45E634AA245: shutdown
2019-09-25 11:54:10,855 [Thread-1329] INFO  util.JmxRegister (JmxRegister.java:unregister(73)) - Successfully un-registered JMX Bean with object name Ratis:service=RaftServer,group=group-C45E634AA245,id=79b53b50-4b75-4974-b7b4-8ebe13ba2130
2019-09-25 11:54:10,855 [Thread-1329] INFO  impl.RoleInfo (RoleInfo.java:shutdownLeaderState(104)) - 79b53b50-4b75-4974-b7b4-8ebe13ba2130: shutdown LeaderState
2019-09-25 11:54:10,855 [Thread-1329] INFO  impl.PendingRequests (PendingRequests.java:sendNotLeaderResponses(202)) - 79b53b50-4b75-4974-b7b4-8ebe13ba2130-PendingRequests: sendNotLeaderResponses
2019-09-25 11:54:10,856 [Thread-1329] INFO  impl.StateMachineUpdater (StateMachineUpdater.java:stopAndJoin(125)) - 79b53b50-4b75-4974-b7b4-8ebe13ba2130@group-C45E634AA245-StateMachineUpdater: set stopIndex = 0
2019-09-25 11:54:10,856 [Thread-1329] INFO  impl.RaftServerImpl (ServerState.java:close(385)) - 79b53b50-4b75-4974-b7b4-8ebe13ba2130@group-C45E634AA245: closes. applyIndex: 0
2019-09-25 11:54:10,857 [79b53b50-4b75-4974-b7b4-8ebe13ba2130@group-C45E634AA245-SegmentedRaftLogWorker] INFO  segmented.SegmentedRaftLogWorker (SegmentedRaftLogWorker.java:run(313)) - 79b53b50-4b75-4974-b7b4-8ebe13ba2130@group-C45E634AA245-SegmentedRaftLogWorker was interrupted, exiting. There are 0 tasks remaining in the queue.
2019-09-25 11:54:10,857 [Thread-1329] INFO  segmented.SegmentedRaftLogWorker (SegmentedRaftLogWorker.java:close(228)) - 79b53b50-4b75-4974-b7b4-8ebe13ba2130@group-C45E634AA245-SegmentedRaftLogWorker close()
2019-09-25 11:54:10,859 [Thread-1329] INFO  impl.RaftServerImpl (RaftServerImpl.java:lambda$shutdown$3(251)) - 79b53b50-4b75-4974-b7b4-8ebe13ba2130@group-5F36DCF4A038: shutdown
2019-09-25 11:54:10,859 [Thread-1329] INFO  util.JmxRegister (JmxRegister.java:unregister(73)) - Successfully un-registered JMX Bean with object name Ratis:service=RaftServer,group=group-5F36DCF4A038,id=79b53b50-4b75-4974-b7b4-8ebe13ba2130
2019-09-25 11:54:10,859 [Thread-1329] INFO  impl.RoleInfo (RoleInfo.java:shutdownLeaderState(104)) - 79b53b50-4b75-4974-b7b4-8ebe13ba2130: shutdown LeaderState
2019-09-25 11:54:10,859 [Thread-1329] INFO  impl.PendingRequests (PendingRequests.java:sendNotLeaderResponses(202)) - 79b53b50-4b75-4974-b7b4-8ebe13ba2130-PendingRequests: sendNotLeaderResponses
2019-09-25 11:54:10,860 [Thread-1329] INFO  impl.StateMachineUpdater (StateMachineUpdater.java:stopAndJoin(125)) - 79b53b50-4b75-4974-b7b4-8ebe13ba2130@group-5F36DCF4A038-StateMachineUpdater: set stopIndex = 0
2019-09-25 11:54:10,860 [Thread-1329] INFO  impl.RaftServerImpl (ServerState.java:close(385)) - 79b53b50-4b75-4974-b7b4-8ebe13ba2130@group-5F36DCF4A038: closes. applyIndex: 0
2019-09-25 11:54:10,861 [79b53b50-4b75-4974-b7b4-8ebe13ba2130@group-5F36DCF4A038-SegmentedRaftLogWorker] INFO  segmented.SegmentedRaftLogWorker (SegmentedRaftLogWorker.java:run(313)) - 79b53b50-4b75-4974-b7b4-8ebe13ba2130@group-5F36DCF4A038-SegmentedRaftLogWorker was interrupted, exiting. There are 0 tasks remaining in the queue.
2019-09-25 11:54:10,861 [Thread-1329] INFO  segmented.SegmentedRaftLogWorker (SegmentedRaftLogWorker.java:close(228)) - 79b53b50-4b75-4974-b7b4-8ebe13ba2130@group-5F36DCF4A038-SegmentedRaftLogWorker close()
2019-09-25 11:54:10,862 [Thread-1329] INFO  server.GrpcService (GrpcService.java:closeImpl(164)) - 79b53b50-4b75-4974-b7b4-8ebe13ba2130: shutdown server with port 39431 now
2019-09-25 11:54:10,864 [Thread-1329] INFO  server.GrpcService (GrpcService.java:closeImpl(172)) - 79b53b50-4b75-4974-b7b4-8ebe13ba2130: shutdown server with port 39431 successfully
2019-09-25 11:54:10,894 [refreshUsed-/workdir/hadoop-ozone/ozonefs/target/test-dir/MiniOzoneClusterImpl-4e8ed6f3-3514-43a4-bf24-c8399dbc0a4f/datanode-2/data/containers] WARN  fs.CachingGetSpaceUsed (CachingGetSpaceUsed.java:run(183)) - Thread Interrupted waiting to refresh disk information: sleep interrupted
2019-09-25 11:54:10,916 [Thread-1329] INFO  utils.BackgroundService (BackgroundService.java:shutdown(148)) - Shutting down service BlockDeletingService
2019-09-25 11:54:10,922 [Thread-1329] INFO  statemachine.DatanodeStateMachine (DatanodeStateMachine.java:stopDaemon(395)) - Ozone container server stopped.
2019-09-25 11:54:10,923 [Thread-1329] INFO  handler.ContextHandler (ContextHandler.java:doStop(910)) - Stopped o.e.j.w.WebAppContext@39c952dc{/,null,UNAVAILABLE}{/hddsDatanode}
2019-09-25 11:54:10,924 [Thread-1329] INFO  server.AbstractConnector (AbstractConnector.java:doStop(318)) - Stopped ServerConnector@7b9530a6{HTTP/1.1,[http/1.1]}{0.0.0.0:0}
2019-09-25 11:54:10,924 [Thread-1329] INFO  handler.ContextHandler (ContextHandler.java:doStop(910)) - Stopped o.e.j.s.ServletContextHandler@43fde717{/static,jar:file:/home/user/.m2/repository/org/apache/hadoop/hadoop-hdds-container-service/0.5.0-SNAPSHOT/hadoop-hdds-container-service-0.5.0-SNAPSHOT.jar!/webapps/static,UNAVAILABLE}
2019-09-25 11:54:10,924 [Thread-1329] INFO  handler.ContextHandler (ContextHandler.java:doStop(910)) - Stopped o.e.j.s.ServletContextHandler@1fbf9310{/logs,file:///workdir/hadoop-ozone/ozonefs/target/log,UNAVAILABLE}
2019-09-25 11:54:10,925 [Thread-1329] INFO  ozone.MiniOzoneClusterImpl (MiniOzoneClusterImpl.java:stopSCM(392)) - Stopping the StorageContainerManager
2019-09-25 11:54:10,925 [Thread-1329] INFO  server.StorageContainerManager (StorageContainerManager.java:stop(808)) - Stopping Replication Manager Service.
2019-09-25 11:54:10,925 [Thread-1329] INFO  container.ReplicationManager (ReplicationManager.java:stop(204)) - Stopping Replication Monitor Thread.
2019-09-25 11:54:10,925 [Thread-1329] INFO  server.StorageContainerManager (StorageContainerManager.java:stop(815)) - Stopping Lease Manager of the command watchers
2019-09-25 11:54:10,925 [Thread-1329] INFO  server.StorageContainerManager (StorageContainerManager.java:stop(822)) - Stopping datanode service RPC server
2019-09-25 11:54:10,925 [Thread-1329] INFO  server.SCMDatanodeProtocolServer (SCMDatanodeProtocolServer.java:stop(367)) - Stopping the RPC server for DataNodes
2019-09-25 11:54:10,926 [Thread-1329] INFO  ipc.Server (Server.java:stop(3082)) - Stopping server on 38318
2019-09-25 11:54:10,927 [IPC Server listener on 38318] INFO  ipc.Server (Server.java:run(1185)) - Stopping IPC Server listener on 38318
2019-09-25 11:54:10,930 [IPC Server Responder] INFO  ipc.Server (Server.java:run(1319)) - Stopping IPC Server Responder
2019-09-25 11:54:11,030 [SCM Heartbeat Processing Thread - 0] WARN  node.NodeStateManager (NodeStateManager.java:scheduleNextHealthCheck(655)) - Current Thread is interrupted, shutting down HB processing thread for Node Manager.
2019-09-25 11:54:11,030 [Thread-1329] INFO  server.StorageContainerManager (StorageContainerManager.java:stop(830)) - Stopping block service RPC server
2019-09-25 11:54:11,031 [Thread-1329] INFO  server.SCMBlockProtocolServer (SCMBlockProtocolServer.java:stop(155)) - Stopping the RPC server for Block Protocol
2019-09-25 11:54:11,031 [Thread-1329] INFO  ipc.Server (Server.java:stop(3082)) - Stopping server on 39920
2019-09-25 11:54:11,033 [IPC Server listener on 39920] INFO  ipc.Server (Server.java:run(1185)) - Stopping IPC Server listener on 39920
2019-09-25 11:54:11,037 [IPC Server Responder] INFO  ipc.Server (Server.java:run(1319)) - Stopping IPC Server Responder
2019-09-25 11:54:11,037 [Thread-1329] INFO  server.StorageContainerManager (StorageContainerManager.java:stop(837)) - Stopping the StorageContainerLocationProtocol RPC server
2019-09-25 11:54:11,039 [Thread-1329] INFO  server.SCMClientProtocolServer (SCMClientProtocolServer.java:stop(159)) - Stopping the RPC server for Client Protocol
2019-09-25 11:54:11,039 [Thread-1329] INFO  ipc.Server (Server.java:stop(3082)) - Stopping server on 34459
2019-09-25 11:54:11,043 [IPC Server listener on 34459] INFO  ipc.Server (Server.java:run(1185)) - Stopping IPC Server listener on 34459
2019-09-25 11:54:11,043 [IPC Server Responder] INFO  ipc.Server (Server.java:run(1319)) - Stopping IPC Server Responder
2019-09-25 11:54:11,043 [Thread-1329] INFO  server.StorageContainerManager (StorageContainerManager.java:stop(844)) - Stopping Storage Container Manager HTTP server.
2019-09-25 11:54:11,055 [Thread-1329] INFO  handler.ContextHandler (ContextHandler.java:doStop(910)) - Stopped o.e.j.w.WebAppContext@6aa47f1d{/,null,UNAVAILABLE}{/scm}
2019-09-25 11:54:11,056 [Thread-1329] INFO  server.AbstractConnector (AbstractConnector.java:doStop(318)) - Stopped ServerConnector@64ac30c0{HTTP/1.1,[http/1.1]}{0.0.0.0:0}
2019-09-25 11:54:11,056 [Thread-1329] INFO  handler.ContextHandler (ContextHandler.java:doStop(910)) - Stopped o.e.j.s.ServletContextHandler@40c7990c{/static,jar:file:/home/user/.m2/repository/org/apache/hadoop/hadoop-hdds-server-scm/0.5.0-SNAPSHOT/hadoop-hdds-server-scm-0.5.0-SNAPSHOT.jar!/webapps/static,UNAVAILABLE}
2019-09-25 11:54:11,057 [Thread-1329] INFO  handler.ContextHandler (ContextHandler.java:doStop(910)) - Stopped o.e.j.s.ServletContextHandler@e13129c{/logs,file:///workdir/hadoop-ozone/ozonefs/target/log,UNAVAILABLE}
2019-09-25 11:54:11,057 [Thread-1329] INFO  server.StorageContainerManager (StorageContainerManager.java:stop(855)) - Stopping Block Manager Service.
2019-09-25 11:54:11,058 [Thread-1329] INFO  utils.BackgroundService (BackgroundService.java:shutdown(148)) - Shutting down service SCMBlockDeletingService
2019-09-25 11:54:11,058 [Thread-1329] INFO  utils.BackgroundService (BackgroundService.java:shutdown(148)) - Shutting down service SCMBlockDeletingService
2019-09-25 11:54:11,058 [Thread-1329] INFO  server.StorageContainerManager (StorageContainerManager.java:stop(877)) - Stopping SCM Event Queue.
2019-09-25 11:54:11,062 [Thread-1329] INFO  impl.MetricsSystemImpl (MetricsSystemImpl.java:stop(210)) - Stopping HddsDatanode metrics system...
2019-09-25 11:54:11,077 [Thread-1329] INFO  impl.MetricsSystemImpl (MetricsSystemImpl.java:stop(216)) - HddsDatanode metrics system stopped.
]]></system-out>
  </testcase>
  <testcase name="testNonExplicitlyCreatedPathExistsAfterItsLeafsWereRemoved" classname="org.apache.hadoop.fs.ozone.TestOzoneFileSystem" time="18.145"/>
  <testcase name="testListStatusOnLargeDirectory" classname="org.apache.hadoop.fs.ozone.TestOzoneFileSystem" time="20.409"/>
</testsuite>