<?xml version="1.0" encoding="UTF-8"?>
<testsuite xmlns:xsi="http://www.w3.org/2001/XMLSchema-instance" xsi:noNamespaceSchemaLocation="https://maven.apache.org/surefire/maven-surefire-plugin/xsd/surefire-test-report.xsd" name="org.apache.hadoop.fs.ozone.TestOzoneFileSystem" time="126.695" tests="7" errors="2" skipped="0" failures="0">
  <properties>
    <property name="awt.toolkit" value="sun.awt.X11.XToolkit"/>
    <property name="file.encoding.pkg" value="sun.io"/>
    <property name="java.specification.version" value="1.8"/>
    <property name="sun.cpu.isalist" value=""/>
    <property name="sun.jnu.encoding" value="UTF-8"/>
    <property name="java.class.path" value="/workdir/hadoop-ozone/ozonefs/target/test-classes:/workdir/hadoop-ozone/ozonefs/target/classes:/home/user/.m2/repository/org/apache/hadoop/hadoop-common/3.2.0/hadoop-common-3.2.0.jar:/home/user/.m2/repository/org/apache/hadoop/hadoop-annotations/3.2.0/hadoop-annotations-3.2.0.jar:/usr/lib/jvm/java-1.8-openjdk/jre/../lib/tools.jar:/home/user/.m2/repository/com/google/guava/guava/11.0.2/guava-11.0.2.jar:/home/user/.m2/repository/commons-cli/commons-cli/1.2/commons-cli-1.2.jar:/home/user/.m2/repository/org/apache/commons/commons-math3/3.1.1/commons-math3-3.1.1.jar:/home/user/.m2/repository/org/apache/httpcomponents/httpclient/4.5.2/httpclient-4.5.2.jar:/home/user/.m2/repository/org/apache/httpcomponents/httpcore/4.4.4/httpcore-4.4.4.jar:/home/user/.m2/repository/commons-codec/commons-codec/1.11/commons-codec-1.11.jar:/home/user/.m2/repository/commons-io/commons-io/2.5/commons-io-2.5.jar:/home/user/.m2/repository/commons-net/commons-net/3.6/commons-net-3.6.jar:/home/user/.m2/repository/commons-collections/commons-collections/3.2.2/commons-collections-3.2.2.jar:/home/user/.m2/repository/javax/servlet/javax.servlet-api/3.1.0/javax.servlet-api-3.1.0.jar:/home/user/.m2/repository/org/eclipse/jetty/jetty-server/9.3.24.v20180605/jetty-server-9.3.24.v20180605.jar:/home/user/.m2/repository/org/eclipse/jetty/jetty-http/9.3.24.v20180605/jetty-http-9.3.24.v20180605.jar:/home/user/.m2/repository/org/eclipse/jetty/jetty-io/9.3.24.v20180605/jetty-io-9.3.24.v20180605.jar:/home/user/.m2/repository/org/eclipse/jetty/jetty-util/9.3.24.v20180605/jetty-util-9.3.24.v20180605.jar:/home/user/.m2/repository/org/eclipse/jetty/jetty-servlet/9.3.24.v20180605/jetty-servlet-9.3.24.v20180605.jar:/home/user/.m2/repository/org/eclipse/jetty/jetty-security/9.3.24.v20180605/jetty-security-9.3.24.v20180605.jar:/home/user/.m2/repository/org/eclipse/jetty/jetty-webapp/9.3.24.v20180605/jetty-webapp-9.3.24.v20180605.jar:/home/user/.m2/repository/org/eclipse/jetty/jetty-xml/9.3.24.v20180605/jetty-xml-9.3.24.v20180605.jar:/home/user/.m2/repository/javax/servlet/jsp/jsp-api/2.1/jsp-api-2.1.jar:/home/user/.m2/repository/com/sun/jersey/jersey-core/1.19/jersey-core-1.19.jar:/home/user/.m2/repository/javax/ws/rs/jsr311-api/1.1.1/jsr311-api-1.1.1.jar:/home/user/.m2/repository/com/sun/jersey/jersey-servlet/1.19/jersey-servlet-1.19.jar:/home/user/.m2/repository/com/sun/jersey/jersey-json/1.19/jersey-json-1.19.jar:/home/user/.m2/repository/org/codehaus/jettison/jettison/1.1/jettison-1.1.jar:/home/user/.m2/repository/com/sun/xml/bind/jaxb-impl/2.3.0.1/jaxb-impl-2.3.0.1.jar:/home/user/.m2/repository/org/codehaus/jackson/jackson-core-asl/1.9.13/jackson-core-asl-1.9.13.jar:/home/user/.m2/repository/org/codehaus/jackson/jackson-mapper-asl/1.9.13/jackson-mapper-asl-1.9.13.jar:/home/user/.m2/repository/org/codehaus/jackson/jackson-jaxrs/1.9.13/jackson-jaxrs-1.9.13.jar:/home/user/.m2/repository/org/codehaus/jackson/jackson-xc/1.9.13/jackson-xc-1.9.13.jar:/home/user/.m2/repository/com/sun/jersey/jersey-server/1.19/jersey-server-1.19.jar:/home/user/.m2/repository/commons-logging/commons-logging/1.1.3/commons-logging-1.1.3.jar:/home/user/.m2/repository/log4j/log4j/1.2.17/log4j-1.2.17.jar:/home/user/.m2/repository/commons-beanutils/commons-beanutils/1.9.3/commons-beanutils-1.9.3.jar:/home/user/.m2/repository/org/apache/commons/commons-configuration2/2.1.1/commons-configuration2-2.1.1.jar:/home/user/.m2/repository/org/apache/commons/commons-lang3/3.7/commons-lang3-3.7.jar:/home/user/.m2/repository/org/apache/commons/commons-text/1.4/commons-text-1.4.jar:/home/user/.m2/repository/org/slf4j/slf4j-api/1.7.25/slf4j-api-1.7.25.jar:/home/user/.m2/repository/org/slf4j/slf4j-log4j12/1.7.25/slf4j-log4j12-1.7.25.jar:/home/user/.m2/repository/org/apache/avro/avro/1.7.7/avro-1.7.7.jar:/home/user/.m2/repository/com/thoughtworks/paranamer/paranamer/2.3/paranamer-2.3.jar:/home/user/.m2/repository/org/xerial/snappy/snappy-java/1.0.5/snappy-java-1.0.5.jar:/home/user/.m2/repository/com/google/re2j/re2j/1.1/re2j-1.1.jar:/home/user/.m2/repository/com/google/protobuf/protobuf-java/2.5.0/protobuf-java-2.5.0.jar:/home/user/.m2/repository/com/google/code/gson/gson/2.2.4/gson-2.2.4.jar:/home/user/.m2/repository/org/apache/hadoop/hadoop-auth/3.2.0/hadoop-auth-3.2.0.jar:/home/user/.m2/repository/com/nimbusds/nimbus-jose-jwt/4.41.1/nimbus-jose-jwt-4.41.1.jar:/home/user/.m2/repository/com/github/stephenc/jcip/jcip-annotations/1.0-1/jcip-annotations-1.0-1.jar:/home/user/.m2/repository/net/minidev/json-smart/2.3/json-smart-2.3.jar:/home/user/.m2/repository/net/minidev/accessors-smart/1.2/accessors-smart-1.2.jar:/home/user/.m2/repository/org/apache/curator/curator-framework/2.12.0/curator-framework-2.12.0.jar:/home/user/.m2/repository/com/jcraft/jsch/0.1.54/jsch-0.1.54.jar:/home/user/.m2/repository/org/apache/curator/curator-client/2.12.0/curator-client-2.12.0.jar:/home/user/.m2/repository/org/apache/curator/curator-recipes/2.12.0/curator-recipes-2.12.0.jar:/home/user/.m2/repository/com/google/code/findbugs/jsr305/3.0.0/jsr305-3.0.0.jar:/home/user/.m2/repository/org/apache/htrace/htrace-core4/4.1.0-incubating/htrace-core4-4.1.0-incubating.jar:/home/user/.m2/repository/org/apache/zookeeper/zookeeper/3.4.13/zookeeper-3.4.13.jar:/home/user/.m2/repository/org/apache/yetus/audience-annotations/0.5.0/audience-annotations-0.5.0.jar:/home/user/.m2/repository/org/apache/commons/commons-compress/1.4.1/commons-compress-1.4.1.jar:/home/user/.m2/repository/org/tukaani/xz/1.0/xz-1.0.jar:/home/user/.m2/repository/org/apache/kerby/kerb-simplekdc/1.0.1/kerb-simplekdc-1.0.1.jar:/home/user/.m2/repository/org/apache/kerby/kerb-client/1.0.1/kerb-client-1.0.1.jar:/home/user/.m2/repository/org/apache/kerby/kerby-config/1.0.1/kerby-config-1.0.1.jar:/home/user/.m2/repository/org/apache/kerby/kerb-core/1.0.1/kerb-core-1.0.1.jar:/home/user/.m2/repository/org/apache/kerby/kerby-pkix/1.0.1/kerby-pkix-1.0.1.jar:/home/user/.m2/repository/org/apache/kerby/kerby-asn1/1.0.1/kerby-asn1-1.0.1.jar:/home/user/.m2/repository/org/apache/kerby/kerby-util/1.0.1/kerby-util-1.0.1.jar:/home/user/.m2/repository/org/apache/kerby/kerb-common/1.0.1/kerb-common-1.0.1.jar:/home/user/.m2/repository/org/apache/kerby/kerb-crypto/1.0.1/kerb-crypto-1.0.1.jar:/home/user/.m2/repository/org/apache/kerby/kerb-util/1.0.1/kerb-util-1.0.1.jar:/home/user/.m2/repository/org/apache/kerby/token-provider/1.0.1/token-provider-1.0.1.jar:/home/user/.m2/repository/org/apache/kerby/kerb-admin/1.0.1/kerb-admin-1.0.1.jar:/home/user/.m2/repository/org/apache/kerby/kerb-server/1.0.1/kerb-server-1.0.1.jar:/home/user/.m2/repository/org/apache/kerby/kerb-identity/1.0.1/kerb-identity-1.0.1.jar:/home/user/.m2/repository/org/apache/kerby/kerby-xdr/1.0.1/kerby-xdr-1.0.1.jar:/home/user/.m2/repository/com/fasterxml/jackson/core/jackson-databind/2.9.5/jackson-databind-2.9.5.jar:/home/user/.m2/repository/com/fasterxml/jackson/core/jackson-annotations/2.9.5/jackson-annotations-2.9.5.jar:/home/user/.m2/repository/com/fasterxml/jackson/core/jackson-core/2.9.5/jackson-core-2.9.5.jar:/home/user/.m2/repository/org/codehaus/woodstox/stax2-api/3.1.4/stax2-api-3.1.4.jar:/home/user/.m2/repository/com/fasterxml/woodstox/woodstox-core/5.0.3/woodstox-core-5.0.3.jar:/home/user/.m2/repository/dnsjava/dnsjava/2.1.7/dnsjava-2.1.7.jar:/home/user/.m2/repository/org/apache/hadoop/hadoop-hdfs/3.2.0/hadoop-hdfs-3.2.0.jar:/home/user/.m2/repository/org/eclipse/jetty/jetty-util-ajax/9.3.24.v20180605/jetty-util-ajax-9.3.24.v20180605.jar:/home/user/.m2/repository/commons-daemon/commons-daemon/1.0.13/commons-daemon-1.0.13.jar:/home/user/.m2/repository/io/netty/netty/3.10.5.Final/netty-3.10.5.Final.jar:/home/user/.m2/repository/io/netty/netty-all/4.0.52.Final/netty-all-4.0.52.Final.jar:/home/user/.m2/repository/org/fusesource/leveldbjni/leveldbjni-all/1.8/leveldbjni-all-1.8.jar:/home/user/.m2/repository/org/apache/hadoop/hadoop-hdds-common/0.5.0-SNAPSHOT/hadoop-hdds-common-0.5.0-SNAPSHOT.jar:/home/user/.m2/repository/org/apache/hadoop/hadoop-hdds-config/0.5.0-SNAPSHOT/hadoop-hdds-config-0.5.0-SNAPSHOT.jar:/home/user/.m2/repository/javax/annotation/javax.annotation-api/1.2/javax.annotation-api-1.2.jar:/home/user/.m2/repository/org/apache/ratis/ratis-server/0.4.0-2337318-SNAPSHOT/ratis-server-0.4.0-2337318-SNAPSHOT.jar:/home/user/.m2/repository/org/apache/ratis/ratis-thirdparty-misc/0.2.0/ratis-thirdparty-misc-0.2.0.jar:/home/user/.m2/repository/org/apache/ratis/ratis-proto/0.4.0-2337318-SNAPSHOT/ratis-proto-0.4.0-2337318-SNAPSHOT.jar:/home/user/.m2/repository/org/apache/ratis/ratis-common/0.4.0-2337318-SNAPSHOT/ratis-common-0.4.0-2337318-SNAPSHOT.jar:/home/user/.m2/repository/org/apache/ratis/ratis-client/0.4.0-2337318-SNAPSHOT/ratis-client-0.4.0-2337318-SNAPSHOT.jar:/home/user/.m2/repository/org/apache/ratis/ratis-metrics/0.4.0-2337318-SNAPSHOT/ratis-metrics-0.4.0-2337318-SNAPSHOT.jar:/home/user/.m2/repository/org/apache/ratis/ratis-netty/0.4.0-2337318-SNAPSHOT/ratis-netty-0.4.0-2337318-SNAPSHOT.jar:/home/user/.m2/repository/org/apache/ratis/ratis-grpc/0.4.0-2337318-SNAPSHOT/ratis-grpc-0.4.0-2337318-SNAPSHOT.jar:/home/user/.m2/repository/org/rocksdb/rocksdbjni/6.0.1/rocksdbjni-6.0.1.jar:/home/user/.m2/repository/org/apache/logging/log4j/log4j-api/2.11.0/log4j-api-2.11.0.jar:/home/user/.m2/repository/org/apache/logging/log4j/log4j-core/2.11.0/log4j-core-2.11.0.jar:/home/user/.m2/repository/com/lmax/disruptor/3.4.2/disruptor-3.4.2.jar:/home/user/.m2/repository/org/apache/commons/commons-pool2/2.6.0/commons-pool2-2.6.0.jar:/home/user/.m2/repository/org/bouncycastle/bcpkix-jdk15on/1.60/bcpkix-jdk15on-1.60.jar:/home/user/.m2/repository/commons-validator/commons-validator/1.6/commons-validator-1.6.jar:/home/user/.m2/repository/commons-digester/commons-digester/1.8.1/commons-digester-1.8.1.jar:/home/user/.m2/repository/io/jaegertracing/jaeger-client/0.33.1/jaeger-client-0.33.1.jar:/home/user/.m2/repository/io/jaegertracing/jaeger-thrift/0.33.1/jaeger-thrift-0.33.1.jar:/home/user/.m2/repository/org/apache/thrift/libthrift/0.11.0/libthrift-0.11.0.jar:/home/user/.m2/repository/com/squareup/okhttp3/okhttp/3.9.0/okhttp-3.9.0.jar:/home/user/.m2/repository/com/squareup/okio/okio/1.13.0/okio-1.13.0.jar:/home/user/.m2/repository/io/jaegertracing/jaeger-core/0.33.1/jaeger-core-0.33.1.jar:/home/user/.m2/repository/io/jaegertracing/jaeger-tracerresolver/0.33.1/jaeger-tracerresolver-0.33.1.jar:/home/user/.m2/repository/io/opentracing/contrib/opentracing-tracerresolver/0.1.5/opentracing-tracerresolver-0.1.5.jar:/home/user/.m2/repository/io/opentracing/opentracing-util/0.31.0/opentracing-util-0.31.0.jar:/home/user/.m2/repository/io/opentracing/opentracing-api/0.31.0/opentracing-api-0.31.0.jar:/home/user/.m2/repository/io/opentracing/opentracing-noop/0.31.0/opentracing-noop-0.31.0.jar:/home/user/.m2/repository/org/yaml/snakeyaml/1.16/snakeyaml-1.16.jar:/home/user/.m2/repository/org/apache/hadoop/hadoop-hdfs-client/3.2.0/hadoop-hdfs-client-3.2.0.jar:/home/user/.m2/repository/info/picocli/picocli/3.9.6/picocli-3.9.6.jar:/home/user/.m2/repository/org/apache/hadoop/hadoop-hdds-server-scm/0.5.0-SNAPSHOT/hadoop-hdds-server-scm-0.5.0-SNAPSHOT.jar:/home/user/.m2/repository/org/apache/hadoop/hadoop-hdds-docs/0.5.0-SNAPSHOT/hadoop-hdds-docs-0.5.0-SNAPSHOT.jar:/home/user/.m2/repository/io/dropwizard/metrics/metrics-core/3.2.4/metrics-core-3.2.4.jar:/home/user/.m2/repository/org/hamcrest/hamcrest-all/1.3/hamcrest-all-1.3.jar:/home/user/.m2/repository/org/bouncycastle/bcprov-jdk15on/1.60/bcprov-jdk15on-1.60.jar:/home/user/.m2/repository/org/apache/hadoop/hadoop-hdds-server-framework/0.5.0-SNAPSHOT/hadoop-hdds-server-framework-0.5.0-SNAPSHOT.jar:/home/user/.m2/repository/org/apache/hadoop/hadoop-ozone-ozone-manager/0.5.0-SNAPSHOT/hadoop-ozone-ozone-manager-0.5.0-SNAPSHOT.jar:/home/user/.m2/repository/org/apache/hadoop/hadoop-hdds-container-service/0.5.0-SNAPSHOT/hadoop-hdds-container-service-0.5.0-SNAPSHOT.jar:/home/user/.m2/repository/org/apache/hadoop/hadoop-hdds-client/0.5.0-SNAPSHOT/hadoop-hdds-client-0.5.0-SNAPSHOT.jar:/home/user/.m2/repository/org/apache/hadoop/hadoop-ozone-common/0.5.0-SNAPSHOT/hadoop-ozone-common-0.5.0-SNAPSHOT.jar:/home/user/.m2/repository/org/apache/hadoop/hadoop-hdds-tools/0.5.0-SNAPSHOT/hadoop-hdds-tools-0.5.0-SNAPSHOT.jar:/home/user/.m2/repository/org/xerial/sqlite-jdbc/3.25.2/sqlite-jdbc-3.25.2.jar:/home/user/.m2/repository/com/google/code/findbugs/findbugs/3.0.1/findbugs-3.0.1.jar:/home/user/.m2/repository/net/jcip/jcip-annotations/1.0/jcip-annotations-1.0.jar:/home/user/.m2/repository/com/google/code/findbugs/bcel-findbugs/6.0/bcel-findbugs-6.0.jar:/home/user/.m2/repository/com/google/code/findbugs/jFormatString/2.0.1/jFormatString-2.0.1.jar:/home/user/.m2/repository/dom4j/dom4j/1.6.1/dom4j-1.6.1.jar:/home/user/.m2/repository/xml-apis/xml-apis/1.0.b2/xml-apis-1.0.b2.jar:/home/user/.m2/repository/org/ow2/asm/asm-debug-all/5.0.2/asm-debug-all-5.0.2.jar:/home/user/.m2/repository/org/ow2/asm/asm-commons/5.0.2/asm-commons-5.0.2.jar:/home/user/.m2/repository/org/ow2/asm/asm-tree/5.0.2/asm-tree-5.0.2.jar:/home/user/.m2/repository/org/ow2/asm/asm/5.0.4/asm-5.0.4.jar:/home/user/.m2/repository/commons-lang/commons-lang/2.6/commons-lang-2.6.jar:/home/user/.m2/repository/com/apple/AppleJavaExtensions/1.4/AppleJavaExtensions-1.4.jar:/home/user/.m2/repository/jaxen/jaxen/1.1.6/jaxen-1.1.6.jar:/home/user/.m2/repository/org/apache/hadoop/hadoop-common/3.2.0/hadoop-common-3.2.0-tests.jar:/home/user/.m2/repository/org/apache/hadoop/hadoop-ozone-client/0.5.0-SNAPSHOT/hadoop-ozone-client-0.5.0-SNAPSHOT.jar:/home/user/.m2/repository/org/apache/hadoop/hadoop-hdfs/3.2.0/hadoop-hdfs-3.2.0-tests.jar:/workdir/hadoop-ozone/integration-test/target/test-classes:/home/user/.m2/repository/org/apache/hadoop/hadoop-ozone-s3gateway/0.5.0-SNAPSHOT/hadoop-ozone-s3gateway-0.5.0-SNAPSHOT.jar:/home/user/.m2/repository/org/jboss/weld/servlet/weld-servlet/2.4.7.Final/weld-servlet-2.4.7.Final.jar:/home/user/.m2/repository/org/glassfish/jersey/containers/jersey-container-servlet-core/2.27/jersey-container-servlet-core-2.27.jar:/home/user/.m2/repository/org/glassfish/hk2/external/javax.inject/2.5.0-b42/javax.inject-2.5.0-b42.jar:/home/user/.m2/repository/org/glassfish/jersey/core/jersey-common/2.27/jersey-common-2.27.jar:/home/user/.m2/repository/org/glassfish/hk2/osgi-resource-locator/1.0.1/osgi-resource-locator-1.0.1.jar:/home/user/.m2/repository/javax/ws/rs/javax.ws.rs-api/2.1/javax.ws.rs-api-2.1.jar:/home/user/.m2/repository/org/glassfish/jersey/ext/cdi/jersey-cdi1x/2.27/jersey-cdi1x-2.27.jar:/home/user/.m2/repository/org/glassfish/jersey/inject/jersey-hk2/2.27/jersey-hk2-2.27.jar:/home/user/.m2/repository/org/glassfish/hk2/hk2-locator/2.5.0-b42/hk2-locator-2.5.0-b42.jar:/home/user/.m2/repository/org/javassist/javassist/3.22.0-CR2/javassist-3.22.0-CR2.jar:/home/user/.m2/repository/org/glassfish/hk2/hk2-api/2.5.0/hk2-api-2.5.0.jar:/home/user/.m2/repository/org/glassfish/hk2/external/jakarta.inject/2.5.0/jakarta.inject-2.5.0.jar:/home/user/.m2/repository/org/glassfish/hk2/hk2-utils/2.5.0/hk2-utils-2.5.0.jar:/home/user/.m2/repository/jakarta/annotation/jakarta.annotation-api/1.3.4/jakarta.annotation-api-1.3.4.jar:/home/user/.m2/repository/org/glassfish/hk2/external/aopalliance-repackaged/2.5.0/aopalliance-repackaged-2.5.0.jar:/home/user/.m2/repository/com/fasterxml/jackson/dataformat/jackson-dataformat-xml/2.9.0/jackson-dataformat-xml-2.9.0.jar:/home/user/.m2/repository/com/fasterxml/jackson/module/jackson-module-jaxb-annotations/2.9.5/jackson-module-jaxb-annotations-2.9.5.jar:/home/user/.m2/repository/javax/enterprise/cdi-api/1.2/cdi-api-1.2.jar:/home/user/.m2/repository/javax/el/javax.el-api/3.0.0/javax.el-api-3.0.0.jar:/home/user/.m2/repository/javax/interceptor/javax.interceptor-api/1.2/javax.interceptor-api-1.2.jar:/home/user/.m2/repository/javax/inject/javax.inject/1/javax.inject-1.jar:/home/user/.m2/repository/com/sun/xml/bind/jaxb-core/2.3.0.1/jaxb-core-2.3.0.1.jar:/home/user/.m2/repository/javax/xml/bind/jaxb-api/2.3.0/jaxb-api-2.3.0.jar:/home/user/.m2/repository/javax/activation/activation/1.1.1/activation-1.1.1.jar:/home/user/.m2/repository/org/apache/hadoop/hadoop-ozone-csi/0.5.0-SNAPSHOT/hadoop-ozone-csi-0.5.0-SNAPSHOT.jar:/home/user/.m2/repository/com/google/protobuf/protobuf-java-util/3.5.1/protobuf-java-util-3.5.1.jar:/home/user/.m2/repository/io/grpc/grpc-netty/1.17.1/grpc-netty-1.17.1.jar:/home/user/.m2/repository/io/grpc/grpc-core/1.17.1/grpc-core-1.17.1.jar:/home/user/.m2/repository/io/grpc/grpc-context/1.17.1/grpc-context-1.17.1.jar:/home/user/.m2/repository/com/google/errorprone/error_prone_annotations/2.2.0/error_prone_annotations-2.2.0.jar:/home/user/.m2/repository/org/codehaus/mojo/animal-sniffer-annotations/1.17/animal-sniffer-annotations-1.17.jar:/home/user/.m2/repository/io/opencensus/opencensus-api/0.17.0/opencensus-api-0.17.0.jar:/home/user/.m2/repository/io/opencensus/opencensus-contrib-grpc-metrics/0.17.0/opencensus-contrib-grpc-metrics-0.17.0.jar:/home/user/.m2/repository/io/netty/netty-codec-http2/4.1.30.Final/netty-codec-http2-4.1.30.Final.jar:/home/user/.m2/repository/io/netty/netty-codec-http/4.1.30.Final/netty-codec-http-4.1.30.Final.jar:/home/user/.m2/repository/io/netty/netty-codec/4.1.30.Final/netty-codec-4.1.30.Final.jar:/home/user/.m2/repository/io/netty/netty-handler/4.1.30.Final/netty-handler-4.1.30.Final.jar:/home/user/.m2/repository/io/netty/netty-handler-proxy/4.1.30.Final/netty-handler-proxy-4.1.30.Final.jar:/home/user/.m2/repository/io/netty/netty-codec-socks/4.1.30.Final/netty-codec-socks-4.1.30.Final.jar:/home/user/.m2/repository/io/netty/netty-transport-native-epoll/4.1.30.Final/netty-transport-native-epoll-4.1.30.Final.jar:/home/user/.m2/repository/io/netty/netty-common/4.1.30.Final/netty-common-4.1.30.Final.jar:/home/user/.m2/repository/io/netty/netty-buffer/4.1.30.Final/netty-buffer-4.1.30.Final.jar:/home/user/.m2/repository/io/netty/netty-transport/4.1.30.Final/netty-transport-4.1.30.Final.jar:/home/user/.m2/repository/io/netty/netty-resolver/4.1.30.Final/netty-resolver-4.1.30.Final.jar:/home/user/.m2/repository/io/netty/netty-transport-native-unix-common/4.1.30.Final/netty-transport-native-unix-common-4.1.30.Final.jar:/home/user/.m2/repository/io/grpc/grpc-protobuf/1.17.1/grpc-protobuf-1.17.1.jar:/home/user/.m2/repository/com/google/api/grpc/proto-google-common-protos/1.0.0/proto-google-common-protos-1.0.0.jar:/home/user/.m2/repository/io/grpc/grpc-protobuf-lite/1.17.1/grpc-protobuf-lite-1.17.1.jar:/home/user/.m2/repository/io/grpc/grpc-stub/1.17.1/grpc-stub-1.17.1.jar:/home/user/.m2/repository/org/apache/hadoop/hadoop-ozone-recon/0.5.0-SNAPSHOT/hadoop-ozone-recon-0.5.0-SNAPSHOT.jar:/home/user/.m2/repository/org/apache/hadoop/hadoop-ozone-reconcodegen/0.5.0-SNAPSHOT/hadoop-ozone-reconcodegen-0.5.0-SNAPSHOT.jar:/home/user/.m2/repository/com/google/inject/extensions/guice-multibindings/4.0/guice-multibindings-4.0.jar:/home/user/.m2/repository/com/google/inject/guice/4.0/guice-4.0.jar:/home/user/.m2/repository/aopalliance/aopalliance/1.0/aopalliance-1.0.jar:/home/user/.m2/repository/org/glassfish/jersey/containers/jersey-container-servlet/2.27/jersey-container-servlet-2.27.jar:/home/user/.m2/repository/org/glassfish/hk2/guice-bridge/2.5.0/guice-bridge-2.5.0.jar:/home/user/.m2/repository/org/glassfish/jersey/core/jersey-server/2.27/jersey-server-2.27.jar:/home/user/.m2/repository/org/glassfish/jersey/core/jersey-client/2.27/jersey-client-2.27.jar:/home/user/.m2/repository/org/glassfish/jersey/media/jersey-media-jaxb/2.27/jersey-media-jaxb-2.27.jar:/home/user/.m2/repository/javax/validation/validation-api/1.1.0.Final/validation-api-1.1.0.Final.jar:/home/user/.m2/repository/org/glassfish/jersey/media/jersey-media-json-jackson/2.27/jersey-media-json-jackson-2.27.jar:/home/user/.m2/repository/org/glassfish/jersey/ext/jersey-entity-filtering/2.27/jersey-entity-filtering-2.27.jar:/home/user/.m2/repository/com/google/inject/extensions/guice-assistedinject/4.0/guice-assistedinject-4.0.jar:/home/user/.m2/repository/org/jooq/jooq/3.11.10/jooq-3.11.10.jar:/home/user/.m2/repository/org/jooq/jooq-meta/3.11.10/jooq-meta-3.11.10.jar:/home/user/.m2/repository/org/jooq/jooq-codegen/3.11.10/jooq-codegen-3.11.10.jar:/home/user/.m2/repository/com/jolbox/bonecp/0.8.0.RELEASE/bonecp-0.8.0.RELEASE.jar:/home/user/.m2/repository/org/springframework/spring-jdbc/5.1.3.RELEASE/spring-jdbc-5.1.3.RELEASE.jar:/home/user/.m2/repository/org/springframework/spring-beans/5.1.3.RELEASE/spring-beans-5.1.3.RELEASE.jar:/home/user/.m2/repository/org/springframework/spring-core/5.1.3.RELEASE/spring-core-5.1.3.RELEASE.jar:/home/user/.m2/repository/org/springframework/spring-jcl/5.1.3.RELEASE/spring-jcl-5.1.3.RELEASE.jar:/home/user/.m2/repository/org/springframework/spring-tx/5.1.3.RELEASE/spring-tx-5.1.3.RELEASE.jar:/home/user/.m2/repository/org/mockito/mockito-all/1.10.19/mockito-all-1.10.19.jar:/home/user/.m2/repository/junit/junit/4.11/junit-4.11.jar:/home/user/.m2/repository/org/hamcrest/hamcrest-core/1.3/hamcrest-core-1.3.jar:/home/user/.m2/repository/org/apache/hadoop/hadoop-distcp/3.2.0/hadoop-distcp-3.2.0.jar:/home/user/.m2/repository/org/apache/hadoop/hadoop-distcp/3.2.0/hadoop-distcp-3.2.0-tests.jar:/home/user/.m2/repository/org/apache/hadoop/hadoop-mapreduce-client-jobclient/3.2.0/hadoop-mapreduce-client-jobclient-3.2.0.jar:/home/user/.m2/repository/org/apache/hadoop/hadoop-mapreduce-client-common/3.2.0/hadoop-mapreduce-client-common-3.2.0.jar:/home/user/.m2/repository/org/apache/hadoop/hadoop-yarn-common/3.2.0/hadoop-yarn-common-3.2.0.jar:/home/user/.m2/repository/org/apache/hadoop/hadoop-yarn-api/3.2.0/hadoop-yarn-api-3.2.0.jar:/home/user/.m2/repository/com/sun/jersey/jersey-client/1.19/jersey-client-1.19.jar:/home/user/.m2/repository/com/sun/jersey/contribs/jersey-guice/1.19/jersey-guice-1.19.jar:/home/user/.m2/repository/com/fasterxml/jackson/jaxrs/jackson-jaxrs-json-provider/2.9.5/jackson-jaxrs-json-provider-2.9.5.jar:/home/user/.m2/repository/com/fasterxml/jackson/jaxrs/jackson-jaxrs-base/2.9.5/jackson-jaxrs-base-2.9.5.jar:/home/user/.m2/repository/org/apache/hadoop/hadoop-yarn-client/3.2.0/hadoop-yarn-client-3.2.0.jar:/home/user/.m2/repository/org/apache/hadoop/hadoop-mapreduce-client-core/3.2.0/hadoop-mapreduce-client-core-3.2.0.jar:/home/user/.m2/repository/com/google/inject/extensions/guice-servlet/4.0/guice-servlet-4.0.jar:/home/user/.m2/repository/org/powermock/powermock-module-junit4/1.6.5/powermock-module-junit4-1.6.5.jar:/home/user/.m2/repository/org/powermock/powermock-module-junit4-common/1.6.5/powermock-module-junit4-common-1.6.5.jar:/home/user/.m2/repository/org/powermock/powermock-core/1.6.5/powermock-core-1.6.5.jar:/home/user/.m2/repository/org/powermock/powermock-reflect/1.6.5/powermock-reflect-1.6.5.jar:/home/user/.m2/repository/org/powermock/powermock-api-mockito/1.6.5/powermock-api-mockito-1.6.5.jar:/home/user/.m2/repository/org/mockito/mockito-core/1.10.19/mockito-core-1.10.19.jar:/home/user/.m2/repository/org/objenesis/objenesis/1.0/objenesis-1.0.jar:/home/user/.m2/repository/org/powermock/powermock-api-mockito-common/1.6.5/powermock-api-mockito-common-1.6.5.jar:/home/user/.m2/repository/org/powermock/powermock-api-support/1.6.5/powermock-api-support-1.6.5.jar:"/>
    <property name="java.vm.vendor" value="IcedTea"/>
    <property name="sun.arch.data.model" value="64"/>
    <property name="test.build.dir" value="/workdir/hadoop-ozone/ozonefs/target/test-dir"/>
    <property name="test.cache.data" value=""/>
    <property name="java.vendor.url" value="https://icedtea.classpath.org"/>
    <property name="user.timezone" value=""/>
    <property name="java.vm.specification.version" value="1.8"/>
    <property name="os.name" value="Linux"/>
    <property name="test.build.data" value="/workdir/hadoop-ozone/ozonefs/target/test-dir"/>
    <property name="user.country" value="US"/>
    <property name="sun.java.launcher" value="SUN_STANDARD"/>
    <property name="sun.boot.library.path" value="/usr/lib/jvm/java-1.8-openjdk/jre/lib/amd64"/>
    <property name="sun.java.command" value="/workdir/hadoop-ozone/ozonefs/target/surefire/surefirebooter8935878390917065140.jar /workdir/hadoop-ozone/ozonefs/target/surefire 2019-08-24T11-02-03_128-jvmRun1 surefire6851325584854876054tmp surefire_996863217531771570142tmp"/>
    <property name="test" value="!TestMiniChaosOzoneCluster"/>
    <property name="surefire.test.class.path" value="/workdir/hadoop-ozone/ozonefs/target/test-classes:/workdir/hadoop-ozone/ozonefs/target/classes:/home/user/.m2/repository/org/apache/hadoop/hadoop-common/3.2.0/hadoop-common-3.2.0.jar:/home/user/.m2/repository/org/apache/hadoop/hadoop-annotations/3.2.0/hadoop-annotations-3.2.0.jar:/usr/lib/jvm/java-1.8-openjdk/jre/../lib/tools.jar:/home/user/.m2/repository/com/google/guava/guava/11.0.2/guava-11.0.2.jar:/home/user/.m2/repository/commons-cli/commons-cli/1.2/commons-cli-1.2.jar:/home/user/.m2/repository/org/apache/commons/commons-math3/3.1.1/commons-math3-3.1.1.jar:/home/user/.m2/repository/org/apache/httpcomponents/httpclient/4.5.2/httpclient-4.5.2.jar:/home/user/.m2/repository/org/apache/httpcomponents/httpcore/4.4.4/httpcore-4.4.4.jar:/home/user/.m2/repository/commons-codec/commons-codec/1.11/commons-codec-1.11.jar:/home/user/.m2/repository/commons-io/commons-io/2.5/commons-io-2.5.jar:/home/user/.m2/repository/commons-net/commons-net/3.6/commons-net-3.6.jar:/home/user/.m2/repository/commons-collections/commons-collections/3.2.2/commons-collections-3.2.2.jar:/home/user/.m2/repository/javax/servlet/javax.servlet-api/3.1.0/javax.servlet-api-3.1.0.jar:/home/user/.m2/repository/org/eclipse/jetty/jetty-server/9.3.24.v20180605/jetty-server-9.3.24.v20180605.jar:/home/user/.m2/repository/org/eclipse/jetty/jetty-http/9.3.24.v20180605/jetty-http-9.3.24.v20180605.jar:/home/user/.m2/repository/org/eclipse/jetty/jetty-io/9.3.24.v20180605/jetty-io-9.3.24.v20180605.jar:/home/user/.m2/repository/org/eclipse/jetty/jetty-util/9.3.24.v20180605/jetty-util-9.3.24.v20180605.jar:/home/user/.m2/repository/org/eclipse/jetty/jetty-servlet/9.3.24.v20180605/jetty-servlet-9.3.24.v20180605.jar:/home/user/.m2/repository/org/eclipse/jetty/jetty-security/9.3.24.v20180605/jetty-security-9.3.24.v20180605.jar:/home/user/.m2/repository/org/eclipse/jetty/jetty-webapp/9.3.24.v20180605/jetty-webapp-9.3.24.v20180605.jar:/home/user/.m2/repository/org/eclipse/jetty/jetty-xml/9.3.24.v20180605/jetty-xml-9.3.24.v20180605.jar:/home/user/.m2/repository/javax/servlet/jsp/jsp-api/2.1/jsp-api-2.1.jar:/home/user/.m2/repository/com/sun/jersey/jersey-core/1.19/jersey-core-1.19.jar:/home/user/.m2/repository/javax/ws/rs/jsr311-api/1.1.1/jsr311-api-1.1.1.jar:/home/user/.m2/repository/com/sun/jersey/jersey-servlet/1.19/jersey-servlet-1.19.jar:/home/user/.m2/repository/com/sun/jersey/jersey-json/1.19/jersey-json-1.19.jar:/home/user/.m2/repository/org/codehaus/jettison/jettison/1.1/jettison-1.1.jar:/home/user/.m2/repository/com/sun/xml/bind/jaxb-impl/2.3.0.1/jaxb-impl-2.3.0.1.jar:/home/user/.m2/repository/org/codehaus/jackson/jackson-core-asl/1.9.13/jackson-core-asl-1.9.13.jar:/home/user/.m2/repository/org/codehaus/jackson/jackson-mapper-asl/1.9.13/jackson-mapper-asl-1.9.13.jar:/home/user/.m2/repository/org/codehaus/jackson/jackson-jaxrs/1.9.13/jackson-jaxrs-1.9.13.jar:/home/user/.m2/repository/org/codehaus/jackson/jackson-xc/1.9.13/jackson-xc-1.9.13.jar:/home/user/.m2/repository/com/sun/jersey/jersey-server/1.19/jersey-server-1.19.jar:/home/user/.m2/repository/commons-logging/commons-logging/1.1.3/commons-logging-1.1.3.jar:/home/user/.m2/repository/log4j/log4j/1.2.17/log4j-1.2.17.jar:/home/user/.m2/repository/commons-beanutils/commons-beanutils/1.9.3/commons-beanutils-1.9.3.jar:/home/user/.m2/repository/org/apache/commons/commons-configuration2/2.1.1/commons-configuration2-2.1.1.jar:/home/user/.m2/repository/org/apache/commons/commons-lang3/3.7/commons-lang3-3.7.jar:/home/user/.m2/repository/org/apache/commons/commons-text/1.4/commons-text-1.4.jar:/home/user/.m2/repository/org/slf4j/slf4j-api/1.7.25/slf4j-api-1.7.25.jar:/home/user/.m2/repository/org/slf4j/slf4j-log4j12/1.7.25/slf4j-log4j12-1.7.25.jar:/home/user/.m2/repository/org/apache/avro/avro/1.7.7/avro-1.7.7.jar:/home/user/.m2/repository/com/thoughtworks/paranamer/paranamer/2.3/paranamer-2.3.jar:/home/user/.m2/repository/org/xerial/snappy/snappy-java/1.0.5/snappy-java-1.0.5.jar:/home/user/.m2/repository/com/google/re2j/re2j/1.1/re2j-1.1.jar:/home/user/.m2/repository/com/google/protobuf/protobuf-java/2.5.0/protobuf-java-2.5.0.jar:/home/user/.m2/repository/com/google/code/gson/gson/2.2.4/gson-2.2.4.jar:/home/user/.m2/repository/org/apache/hadoop/hadoop-auth/3.2.0/hadoop-auth-3.2.0.jar:/home/user/.m2/repository/com/nimbusds/nimbus-jose-jwt/4.41.1/nimbus-jose-jwt-4.41.1.jar:/home/user/.m2/repository/com/github/stephenc/jcip/jcip-annotations/1.0-1/jcip-annotations-1.0-1.jar:/home/user/.m2/repository/net/minidev/json-smart/2.3/json-smart-2.3.jar:/home/user/.m2/repository/net/minidev/accessors-smart/1.2/accessors-smart-1.2.jar:/home/user/.m2/repository/org/apache/curator/curator-framework/2.12.0/curator-framework-2.12.0.jar:/home/user/.m2/repository/com/jcraft/jsch/0.1.54/jsch-0.1.54.jar:/home/user/.m2/repository/org/apache/curator/curator-client/2.12.0/curator-client-2.12.0.jar:/home/user/.m2/repository/org/apache/curator/curator-recipes/2.12.0/curator-recipes-2.12.0.jar:/home/user/.m2/repository/com/google/code/findbugs/jsr305/3.0.0/jsr305-3.0.0.jar:/home/user/.m2/repository/org/apache/htrace/htrace-core4/4.1.0-incubating/htrace-core4-4.1.0-incubating.jar:/home/user/.m2/repository/org/apache/zookeeper/zookeeper/3.4.13/zookeeper-3.4.13.jar:/home/user/.m2/repository/org/apache/yetus/audience-annotations/0.5.0/audience-annotations-0.5.0.jar:/home/user/.m2/repository/org/apache/commons/commons-compress/1.4.1/commons-compress-1.4.1.jar:/home/user/.m2/repository/org/tukaani/xz/1.0/xz-1.0.jar:/home/user/.m2/repository/org/apache/kerby/kerb-simplekdc/1.0.1/kerb-simplekdc-1.0.1.jar:/home/user/.m2/repository/org/apache/kerby/kerb-client/1.0.1/kerb-client-1.0.1.jar:/home/user/.m2/repository/org/apache/kerby/kerby-config/1.0.1/kerby-config-1.0.1.jar:/home/user/.m2/repository/org/apache/kerby/kerb-core/1.0.1/kerb-core-1.0.1.jar:/home/user/.m2/repository/org/apache/kerby/kerby-pkix/1.0.1/kerby-pkix-1.0.1.jar:/home/user/.m2/repository/org/apache/kerby/kerby-asn1/1.0.1/kerby-asn1-1.0.1.jar:/home/user/.m2/repository/org/apache/kerby/kerby-util/1.0.1/kerby-util-1.0.1.jar:/home/user/.m2/repository/org/apache/kerby/kerb-common/1.0.1/kerb-common-1.0.1.jar:/home/user/.m2/repository/org/apache/kerby/kerb-crypto/1.0.1/kerb-crypto-1.0.1.jar:/home/user/.m2/repository/org/apache/kerby/kerb-util/1.0.1/kerb-util-1.0.1.jar:/home/user/.m2/repository/org/apache/kerby/token-provider/1.0.1/token-provider-1.0.1.jar:/home/user/.m2/repository/org/apache/kerby/kerb-admin/1.0.1/kerb-admin-1.0.1.jar:/home/user/.m2/repository/org/apache/kerby/kerb-server/1.0.1/kerb-server-1.0.1.jar:/home/user/.m2/repository/org/apache/kerby/kerb-identity/1.0.1/kerb-identity-1.0.1.jar:/home/user/.m2/repository/org/apache/kerby/kerby-xdr/1.0.1/kerby-xdr-1.0.1.jar:/home/user/.m2/repository/com/fasterxml/jackson/core/jackson-databind/2.9.5/jackson-databind-2.9.5.jar:/home/user/.m2/repository/com/fasterxml/jackson/core/jackson-annotations/2.9.5/jackson-annotations-2.9.5.jar:/home/user/.m2/repository/com/fasterxml/jackson/core/jackson-core/2.9.5/jackson-core-2.9.5.jar:/home/user/.m2/repository/org/codehaus/woodstox/stax2-api/3.1.4/stax2-api-3.1.4.jar:/home/user/.m2/repository/com/fasterxml/woodstox/woodstox-core/5.0.3/woodstox-core-5.0.3.jar:/home/user/.m2/repository/dnsjava/dnsjava/2.1.7/dnsjava-2.1.7.jar:/home/user/.m2/repository/org/apache/hadoop/hadoop-hdfs/3.2.0/hadoop-hdfs-3.2.0.jar:/home/user/.m2/repository/org/eclipse/jetty/jetty-util-ajax/9.3.24.v20180605/jetty-util-ajax-9.3.24.v20180605.jar:/home/user/.m2/repository/commons-daemon/commons-daemon/1.0.13/commons-daemon-1.0.13.jar:/home/user/.m2/repository/io/netty/netty/3.10.5.Final/netty-3.10.5.Final.jar:/home/user/.m2/repository/io/netty/netty-all/4.0.52.Final/netty-all-4.0.52.Final.jar:/home/user/.m2/repository/org/fusesource/leveldbjni/leveldbjni-all/1.8/leveldbjni-all-1.8.jar:/home/user/.m2/repository/org/apache/hadoop/hadoop-hdds-common/0.5.0-SNAPSHOT/hadoop-hdds-common-0.5.0-SNAPSHOT.jar:/home/user/.m2/repository/org/apache/hadoop/hadoop-hdds-config/0.5.0-SNAPSHOT/hadoop-hdds-config-0.5.0-SNAPSHOT.jar:/home/user/.m2/repository/javax/annotation/javax.annotation-api/1.2/javax.annotation-api-1.2.jar:/home/user/.m2/repository/org/apache/ratis/ratis-server/0.4.0-2337318-SNAPSHOT/ratis-server-0.4.0-2337318-SNAPSHOT.jar:/home/user/.m2/repository/org/apache/ratis/ratis-thirdparty-misc/0.2.0/ratis-thirdparty-misc-0.2.0.jar:/home/user/.m2/repository/org/apache/ratis/ratis-proto/0.4.0-2337318-SNAPSHOT/ratis-proto-0.4.0-2337318-SNAPSHOT.jar:/home/user/.m2/repository/org/apache/ratis/ratis-common/0.4.0-2337318-SNAPSHOT/ratis-common-0.4.0-2337318-SNAPSHOT.jar:/home/user/.m2/repository/org/apache/ratis/ratis-client/0.4.0-2337318-SNAPSHOT/ratis-client-0.4.0-2337318-SNAPSHOT.jar:/home/user/.m2/repository/org/apache/ratis/ratis-metrics/0.4.0-2337318-SNAPSHOT/ratis-metrics-0.4.0-2337318-SNAPSHOT.jar:/home/user/.m2/repository/org/apache/ratis/ratis-netty/0.4.0-2337318-SNAPSHOT/ratis-netty-0.4.0-2337318-SNAPSHOT.jar:/home/user/.m2/repository/org/apache/ratis/ratis-grpc/0.4.0-2337318-SNAPSHOT/ratis-grpc-0.4.0-2337318-SNAPSHOT.jar:/home/user/.m2/repository/org/rocksdb/rocksdbjni/6.0.1/rocksdbjni-6.0.1.jar:/home/user/.m2/repository/org/apache/logging/log4j/log4j-api/2.11.0/log4j-api-2.11.0.jar:/home/user/.m2/repository/org/apache/logging/log4j/log4j-core/2.11.0/log4j-core-2.11.0.jar:/home/user/.m2/repository/com/lmax/disruptor/3.4.2/disruptor-3.4.2.jar:/home/user/.m2/repository/org/apache/commons/commons-pool2/2.6.0/commons-pool2-2.6.0.jar:/home/user/.m2/repository/org/bouncycastle/bcpkix-jdk15on/1.60/bcpkix-jdk15on-1.60.jar:/home/user/.m2/repository/commons-validator/commons-validator/1.6/commons-validator-1.6.jar:/home/user/.m2/repository/commons-digester/commons-digester/1.8.1/commons-digester-1.8.1.jar:/home/user/.m2/repository/io/jaegertracing/jaeger-client/0.33.1/jaeger-client-0.33.1.jar:/home/user/.m2/repository/io/jaegertracing/jaeger-thrift/0.33.1/jaeger-thrift-0.33.1.jar:/home/user/.m2/repository/org/apache/thrift/libthrift/0.11.0/libthrift-0.11.0.jar:/home/user/.m2/repository/com/squareup/okhttp3/okhttp/3.9.0/okhttp-3.9.0.jar:/home/user/.m2/repository/com/squareup/okio/okio/1.13.0/okio-1.13.0.jar:/home/user/.m2/repository/io/jaegertracing/jaeger-core/0.33.1/jaeger-core-0.33.1.jar:/home/user/.m2/repository/io/jaegertracing/jaeger-tracerresolver/0.33.1/jaeger-tracerresolver-0.33.1.jar:/home/user/.m2/repository/io/opentracing/contrib/opentracing-tracerresolver/0.1.5/opentracing-tracerresolver-0.1.5.jar:/home/user/.m2/repository/io/opentracing/opentracing-util/0.31.0/opentracing-util-0.31.0.jar:/home/user/.m2/repository/io/opentracing/opentracing-api/0.31.0/opentracing-api-0.31.0.jar:/home/user/.m2/repository/io/opentracing/opentracing-noop/0.31.0/opentracing-noop-0.31.0.jar:/home/user/.m2/repository/org/yaml/snakeyaml/1.16/snakeyaml-1.16.jar:/home/user/.m2/repository/org/apache/hadoop/hadoop-hdfs-client/3.2.0/hadoop-hdfs-client-3.2.0.jar:/home/user/.m2/repository/info/picocli/picocli/3.9.6/picocli-3.9.6.jar:/home/user/.m2/repository/org/apache/hadoop/hadoop-hdds-server-scm/0.5.0-SNAPSHOT/hadoop-hdds-server-scm-0.5.0-SNAPSHOT.jar:/home/user/.m2/repository/org/apache/hadoop/hadoop-hdds-docs/0.5.0-SNAPSHOT/hadoop-hdds-docs-0.5.0-SNAPSHOT.jar:/home/user/.m2/repository/io/dropwizard/metrics/metrics-core/3.2.4/metrics-core-3.2.4.jar:/home/user/.m2/repository/org/hamcrest/hamcrest-all/1.3/hamcrest-all-1.3.jar:/home/user/.m2/repository/org/bouncycastle/bcprov-jdk15on/1.60/bcprov-jdk15on-1.60.jar:/home/user/.m2/repository/org/apache/hadoop/hadoop-hdds-server-framework/0.5.0-SNAPSHOT/hadoop-hdds-server-framework-0.5.0-SNAPSHOT.jar:/home/user/.m2/repository/org/apache/hadoop/hadoop-ozone-ozone-manager/0.5.0-SNAPSHOT/hadoop-ozone-ozone-manager-0.5.0-SNAPSHOT.jar:/home/user/.m2/repository/org/apache/hadoop/hadoop-hdds-container-service/0.5.0-SNAPSHOT/hadoop-hdds-container-service-0.5.0-SNAPSHOT.jar:/home/user/.m2/repository/org/apache/hadoop/hadoop-hdds-client/0.5.0-SNAPSHOT/hadoop-hdds-client-0.5.0-SNAPSHOT.jar:/home/user/.m2/repository/org/apache/hadoop/hadoop-ozone-common/0.5.0-SNAPSHOT/hadoop-ozone-common-0.5.0-SNAPSHOT.jar:/home/user/.m2/repository/org/apache/hadoop/hadoop-hdds-tools/0.5.0-SNAPSHOT/hadoop-hdds-tools-0.5.0-SNAPSHOT.jar:/home/user/.m2/repository/org/xerial/sqlite-jdbc/3.25.2/sqlite-jdbc-3.25.2.jar:/home/user/.m2/repository/com/google/code/findbugs/findbugs/3.0.1/findbugs-3.0.1.jar:/home/user/.m2/repository/net/jcip/jcip-annotations/1.0/jcip-annotations-1.0.jar:/home/user/.m2/repository/com/google/code/findbugs/bcel-findbugs/6.0/bcel-findbugs-6.0.jar:/home/user/.m2/repository/com/google/code/findbugs/jFormatString/2.0.1/jFormatString-2.0.1.jar:/home/user/.m2/repository/dom4j/dom4j/1.6.1/dom4j-1.6.1.jar:/home/user/.m2/repository/xml-apis/xml-apis/1.0.b2/xml-apis-1.0.b2.jar:/home/user/.m2/repository/org/ow2/asm/asm-debug-all/5.0.2/asm-debug-all-5.0.2.jar:/home/user/.m2/repository/org/ow2/asm/asm-commons/5.0.2/asm-commons-5.0.2.jar:/home/user/.m2/repository/org/ow2/asm/asm-tree/5.0.2/asm-tree-5.0.2.jar:/home/user/.m2/repository/org/ow2/asm/asm/5.0.4/asm-5.0.4.jar:/home/user/.m2/repository/commons-lang/commons-lang/2.6/commons-lang-2.6.jar:/home/user/.m2/repository/com/apple/AppleJavaExtensions/1.4/AppleJavaExtensions-1.4.jar:/home/user/.m2/repository/jaxen/jaxen/1.1.6/jaxen-1.1.6.jar:/home/user/.m2/repository/org/apache/hadoop/hadoop-common/3.2.0/hadoop-common-3.2.0-tests.jar:/home/user/.m2/repository/org/apache/hadoop/hadoop-ozone-client/0.5.0-SNAPSHOT/hadoop-ozone-client-0.5.0-SNAPSHOT.jar:/home/user/.m2/repository/org/apache/hadoop/hadoop-hdfs/3.2.0/hadoop-hdfs-3.2.0-tests.jar:/workdir/hadoop-ozone/integration-test/target/test-classes:/home/user/.m2/repository/org/apache/hadoop/hadoop-ozone-s3gateway/0.5.0-SNAPSHOT/hadoop-ozone-s3gateway-0.5.0-SNAPSHOT.jar:/home/user/.m2/repository/org/jboss/weld/servlet/weld-servlet/2.4.7.Final/weld-servlet-2.4.7.Final.jar:/home/user/.m2/repository/org/glassfish/jersey/containers/jersey-container-servlet-core/2.27/jersey-container-servlet-core-2.27.jar:/home/user/.m2/repository/org/glassfish/hk2/external/javax.inject/2.5.0-b42/javax.inject-2.5.0-b42.jar:/home/user/.m2/repository/org/glassfish/jersey/core/jersey-common/2.27/jersey-common-2.27.jar:/home/user/.m2/repository/org/glassfish/hk2/osgi-resource-locator/1.0.1/osgi-resource-locator-1.0.1.jar:/home/user/.m2/repository/javax/ws/rs/javax.ws.rs-api/2.1/javax.ws.rs-api-2.1.jar:/home/user/.m2/repository/org/glassfish/jersey/ext/cdi/jersey-cdi1x/2.27/jersey-cdi1x-2.27.jar:/home/user/.m2/repository/org/glassfish/jersey/inject/jersey-hk2/2.27/jersey-hk2-2.27.jar:/home/user/.m2/repository/org/glassfish/hk2/hk2-locator/2.5.0-b42/hk2-locator-2.5.0-b42.jar:/home/user/.m2/repository/org/javassist/javassist/3.22.0-CR2/javassist-3.22.0-CR2.jar:/home/user/.m2/repository/org/glassfish/hk2/hk2-api/2.5.0/hk2-api-2.5.0.jar:/home/user/.m2/repository/org/glassfish/hk2/external/jakarta.inject/2.5.0/jakarta.inject-2.5.0.jar:/home/user/.m2/repository/org/glassfish/hk2/hk2-utils/2.5.0/hk2-utils-2.5.0.jar:/home/user/.m2/repository/jakarta/annotation/jakarta.annotation-api/1.3.4/jakarta.annotation-api-1.3.4.jar:/home/user/.m2/repository/org/glassfish/hk2/external/aopalliance-repackaged/2.5.0/aopalliance-repackaged-2.5.0.jar:/home/user/.m2/repository/com/fasterxml/jackson/dataformat/jackson-dataformat-xml/2.9.0/jackson-dataformat-xml-2.9.0.jar:/home/user/.m2/repository/com/fasterxml/jackson/module/jackson-module-jaxb-annotations/2.9.5/jackson-module-jaxb-annotations-2.9.5.jar:/home/user/.m2/repository/javax/enterprise/cdi-api/1.2/cdi-api-1.2.jar:/home/user/.m2/repository/javax/el/javax.el-api/3.0.0/javax.el-api-3.0.0.jar:/home/user/.m2/repository/javax/interceptor/javax.interceptor-api/1.2/javax.interceptor-api-1.2.jar:/home/user/.m2/repository/javax/inject/javax.inject/1/javax.inject-1.jar:/home/user/.m2/repository/com/sun/xml/bind/jaxb-core/2.3.0.1/jaxb-core-2.3.0.1.jar:/home/user/.m2/repository/javax/xml/bind/jaxb-api/2.3.0/jaxb-api-2.3.0.jar:/home/user/.m2/repository/javax/activation/activation/1.1.1/activation-1.1.1.jar:/home/user/.m2/repository/org/apache/hadoop/hadoop-ozone-csi/0.5.0-SNAPSHOT/hadoop-ozone-csi-0.5.0-SNAPSHOT.jar:/home/user/.m2/repository/com/google/protobuf/protobuf-java-util/3.5.1/protobuf-java-util-3.5.1.jar:/home/user/.m2/repository/io/grpc/grpc-netty/1.17.1/grpc-netty-1.17.1.jar:/home/user/.m2/repository/io/grpc/grpc-core/1.17.1/grpc-core-1.17.1.jar:/home/user/.m2/repository/io/grpc/grpc-context/1.17.1/grpc-context-1.17.1.jar:/home/user/.m2/repository/com/google/errorprone/error_prone_annotations/2.2.0/error_prone_annotations-2.2.0.jar:/home/user/.m2/repository/org/codehaus/mojo/animal-sniffer-annotations/1.17/animal-sniffer-annotations-1.17.jar:/home/user/.m2/repository/io/opencensus/opencensus-api/0.17.0/opencensus-api-0.17.0.jar:/home/user/.m2/repository/io/opencensus/opencensus-contrib-grpc-metrics/0.17.0/opencensus-contrib-grpc-metrics-0.17.0.jar:/home/user/.m2/repository/io/netty/netty-codec-http2/4.1.30.Final/netty-codec-http2-4.1.30.Final.jar:/home/user/.m2/repository/io/netty/netty-codec-http/4.1.30.Final/netty-codec-http-4.1.30.Final.jar:/home/user/.m2/repository/io/netty/netty-codec/4.1.30.Final/netty-codec-4.1.30.Final.jar:/home/user/.m2/repository/io/netty/netty-handler/4.1.30.Final/netty-handler-4.1.30.Final.jar:/home/user/.m2/repository/io/netty/netty-handler-proxy/4.1.30.Final/netty-handler-proxy-4.1.30.Final.jar:/home/user/.m2/repository/io/netty/netty-codec-socks/4.1.30.Final/netty-codec-socks-4.1.30.Final.jar:/home/user/.m2/repository/io/netty/netty-transport-native-epoll/4.1.30.Final/netty-transport-native-epoll-4.1.30.Final.jar:/home/user/.m2/repository/io/netty/netty-common/4.1.30.Final/netty-common-4.1.30.Final.jar:/home/user/.m2/repository/io/netty/netty-buffer/4.1.30.Final/netty-buffer-4.1.30.Final.jar:/home/user/.m2/repository/io/netty/netty-transport/4.1.30.Final/netty-transport-4.1.30.Final.jar:/home/user/.m2/repository/io/netty/netty-resolver/4.1.30.Final/netty-resolver-4.1.30.Final.jar:/home/user/.m2/repository/io/netty/netty-transport-native-unix-common/4.1.30.Final/netty-transport-native-unix-common-4.1.30.Final.jar:/home/user/.m2/repository/io/grpc/grpc-protobuf/1.17.1/grpc-protobuf-1.17.1.jar:/home/user/.m2/repository/com/google/api/grpc/proto-google-common-protos/1.0.0/proto-google-common-protos-1.0.0.jar:/home/user/.m2/repository/io/grpc/grpc-protobuf-lite/1.17.1/grpc-protobuf-lite-1.17.1.jar:/home/user/.m2/repository/io/grpc/grpc-stub/1.17.1/grpc-stub-1.17.1.jar:/home/user/.m2/repository/org/apache/hadoop/hadoop-ozone-recon/0.5.0-SNAPSHOT/hadoop-ozone-recon-0.5.0-SNAPSHOT.jar:/home/user/.m2/repository/org/apache/hadoop/hadoop-ozone-reconcodegen/0.5.0-SNAPSHOT/hadoop-ozone-reconcodegen-0.5.0-SNAPSHOT.jar:/home/user/.m2/repository/com/google/inject/extensions/guice-multibindings/4.0/guice-multibindings-4.0.jar:/home/user/.m2/repository/com/google/inject/guice/4.0/guice-4.0.jar:/home/user/.m2/repository/aopalliance/aopalliance/1.0/aopalliance-1.0.jar:/home/user/.m2/repository/org/glassfish/jersey/containers/jersey-container-servlet/2.27/jersey-container-servlet-2.27.jar:/home/user/.m2/repository/org/glassfish/hk2/guice-bridge/2.5.0/guice-bridge-2.5.0.jar:/home/user/.m2/repository/org/glassfish/jersey/core/jersey-server/2.27/jersey-server-2.27.jar:/home/user/.m2/repository/org/glassfish/jersey/core/jersey-client/2.27/jersey-client-2.27.jar:/home/user/.m2/repository/org/glassfish/jersey/media/jersey-media-jaxb/2.27/jersey-media-jaxb-2.27.jar:/home/user/.m2/repository/javax/validation/validation-api/1.1.0.Final/validation-api-1.1.0.Final.jar:/home/user/.m2/repository/org/glassfish/jersey/media/jersey-media-json-jackson/2.27/jersey-media-json-jackson-2.27.jar:/home/user/.m2/repository/org/glassfish/jersey/ext/jersey-entity-filtering/2.27/jersey-entity-filtering-2.27.jar:/home/user/.m2/repository/com/google/inject/extensions/guice-assistedinject/4.0/guice-assistedinject-4.0.jar:/home/user/.m2/repository/org/jooq/jooq/3.11.10/jooq-3.11.10.jar:/home/user/.m2/repository/org/jooq/jooq-meta/3.11.10/jooq-meta-3.11.10.jar:/home/user/.m2/repository/org/jooq/jooq-codegen/3.11.10/jooq-codegen-3.11.10.jar:/home/user/.m2/repository/com/jolbox/bonecp/0.8.0.RELEASE/bonecp-0.8.0.RELEASE.jar:/home/user/.m2/repository/org/springframework/spring-jdbc/5.1.3.RELEASE/spring-jdbc-5.1.3.RELEASE.jar:/home/user/.m2/repository/org/springframework/spring-beans/5.1.3.RELEASE/spring-beans-5.1.3.RELEASE.jar:/home/user/.m2/repository/org/springframework/spring-core/5.1.3.RELEASE/spring-core-5.1.3.RELEASE.jar:/home/user/.m2/repository/org/springframework/spring-jcl/5.1.3.RELEASE/spring-jcl-5.1.3.RELEASE.jar:/home/user/.m2/repository/org/springframework/spring-tx/5.1.3.RELEASE/spring-tx-5.1.3.RELEASE.jar:/home/user/.m2/repository/org/mockito/mockito-all/1.10.19/mockito-all-1.10.19.jar:/home/user/.m2/repository/junit/junit/4.11/junit-4.11.jar:/home/user/.m2/repository/org/hamcrest/hamcrest-core/1.3/hamcrest-core-1.3.jar:/home/user/.m2/repository/org/apache/hadoop/hadoop-distcp/3.2.0/hadoop-distcp-3.2.0.jar:/home/user/.m2/repository/org/apache/hadoop/hadoop-distcp/3.2.0/hadoop-distcp-3.2.0-tests.jar:/home/user/.m2/repository/org/apache/hadoop/hadoop-mapreduce-client-jobclient/3.2.0/hadoop-mapreduce-client-jobclient-3.2.0.jar:/home/user/.m2/repository/org/apache/hadoop/hadoop-mapreduce-client-common/3.2.0/hadoop-mapreduce-client-common-3.2.0.jar:/home/user/.m2/repository/org/apache/hadoop/hadoop-yarn-common/3.2.0/hadoop-yarn-common-3.2.0.jar:/home/user/.m2/repository/org/apache/hadoop/hadoop-yarn-api/3.2.0/hadoop-yarn-api-3.2.0.jar:/home/user/.m2/repository/com/sun/jersey/jersey-client/1.19/jersey-client-1.19.jar:/home/user/.m2/repository/com/sun/jersey/contribs/jersey-guice/1.19/jersey-guice-1.19.jar:/home/user/.m2/repository/com/fasterxml/jackson/jaxrs/jackson-jaxrs-json-provider/2.9.5/jackson-jaxrs-json-provider-2.9.5.jar:/home/user/.m2/repository/com/fasterxml/jackson/jaxrs/jackson-jaxrs-base/2.9.5/jackson-jaxrs-base-2.9.5.jar:/home/user/.m2/repository/org/apache/hadoop/hadoop-yarn-client/3.2.0/hadoop-yarn-client-3.2.0.jar:/home/user/.m2/repository/org/apache/hadoop/hadoop-mapreduce-client-core/3.2.0/hadoop-mapreduce-client-core-3.2.0.jar:/home/user/.m2/repository/com/google/inject/extensions/guice-servlet/4.0/guice-servlet-4.0.jar:/home/user/.m2/repository/org/powermock/powermock-module-junit4/1.6.5/powermock-module-junit4-1.6.5.jar:/home/user/.m2/repository/org/powermock/powermock-module-junit4-common/1.6.5/powermock-module-junit4-common-1.6.5.jar:/home/user/.m2/repository/org/powermock/powermock-core/1.6.5/powermock-core-1.6.5.jar:/home/user/.m2/repository/org/powermock/powermock-reflect/1.6.5/powermock-reflect-1.6.5.jar:/home/user/.m2/repository/org/powermock/powermock-api-mockito/1.6.5/powermock-api-mockito-1.6.5.jar:/home/user/.m2/repository/org/mockito/mockito-core/1.10.19/mockito-core-1.10.19.jar:/home/user/.m2/repository/org/objenesis/objenesis/1.0/objenesis-1.0.jar:/home/user/.m2/repository/org/powermock/powermock-api-mockito-common/1.6.5/powermock-api-mockito-common-1.6.5.jar:/home/user/.m2/repository/org/powermock/powermock-api-support/1.6.5/powermock-api-support-1.6.5.jar:"/>
    <property name="sun.cpu.endian" value="little"/>
    <property name="user.home" value="/home/user"/>
    <property name="user.language" value="en"/>
    <property name="java.specification.vendor" value="Oracle Corporation"/>
    <property name="java.home" value="/usr/lib/jvm/java-1.8-openjdk/jre"/>
    <property name="java.security.krb5.conf" value="/workdir/hadoop-ozone/ozonefs/target/test-classes/krb5.conf"/>
    <property name="basedir" value="/workdir/hadoop-ozone/ozonefs"/>
    <property name="file.separator" value="/"/>
    <property name="line.separator" value="&#10;"/>
    <property name="java.vm.specification.vendor" value="Oracle Corporation"/>
    <property name="java.specification.name" value="Java Platform API Specification"/>
    <property name="java.awt.graphicsenv" value="sun.awt.X11GraphicsEnvironment"/>
    <property name="surefire.real.class.path" value="/workdir/hadoop-ozone/ozonefs/target/surefire/surefirebooter8935878390917065140.jar"/>
    <property name="hadoop.log.dir" value="/workdir/hadoop-ozone/ozonefs/target/log"/>
    <property name="sun.boot.class.path" value="/usr/lib/jvm/java-1.8-openjdk/jre/lib/resources.jar:/usr/lib/jvm/java-1.8-openjdk/jre/lib/rt.jar:/usr/lib/jvm/java-1.8-openjdk/jre/lib/sunrsasign.jar:/usr/lib/jvm/java-1.8-openjdk/jre/lib/jsse.jar:/usr/lib/jvm/java-1.8-openjdk/jre/lib/jce.jar:/usr/lib/jvm/java-1.8-openjdk/jre/lib/charsets.jar:/usr/lib/jvm/java-1.8-openjdk/jre/lib/jfr.jar:/usr/lib/jvm/java-1.8-openjdk/jre/classes"/>
    <property name="sun.management.compiler" value="HotSpot 64-Bit Tiered Compilers"/>
    <property name="java.runtime.version" value="1.8.0_212-b04"/>
    <property name="java.net.preferIPv4Stack" value="true"/>
    <property name="user.name" value="jenkins1000"/>
    <property name="path.separator" value=":"/>
    <property name="java.security.egd" value="file:///dev/urandom"/>
    <property name="os.version" value="3.10.0-957.12.2.el7.x86_64"/>
    <property name="java.endorsed.dirs" value="/usr/lib/jvm/java-1.8-openjdk/jre/lib/endorsed"/>
    <property name="java.runtime.name" value="OpenJDK Runtime Environment"/>
    <property name="file.encoding" value="UTF-8"/>
    <property name="java.vm.name" value="OpenJDK 64-Bit Server VM"/>
    <property name="test.build.webapps" value=""/>
    <property name="localRepository" value="/home/user/.m2/repository"/>
    <property name="java.vendor.url.bug" value="https://icedtea.classpath.org/bugzilla"/>
    <property name="java.io.tmpdir" value="/tmp"/>
    <property name="require.test.libhadoop" value=""/>
    <property name="java.version" value="1.8.0_212"/>
    <property name="user.dir" value="/workdir/hadoop-ozone/ozonefs"/>
    <property name="os.arch" value="amd64"/>
    <property name="java.vm.specification.name" value="Java Virtual Machine Specification"/>
    <property name="test.build.classes" value="/workdir/hadoop-ozone/ozonefs/target/test-classes"/>
    <property name="java.awt.printerjob" value="sun.print.PSPrinterJob"/>
    <property name="sun.os.patch.level" value="unknown"/>
    <property name="hadoop.tmp.dir" value="/workdir/hadoop-ozone/ozonefs/target/tmp"/>
    <property name="java.library.path" value="/usr/lib/jvm/java-1.8-openjdk/jre/lib/amd64/server:/usr/lib/jvm/java-1.8-openjdk/jre/lib/amd64:/usr/lib/jvm/java-1.8-openjdk/jre/../lib/amd64:/workdir/hadoop-ozone/ozonefs/target/native/target/usr/local/lib:/workdir/hadoop-ozone/ozonefs/../../hadoop-common-project/hadoop-common/target/native/target/usr/local/lib:/usr/java/packages/lib/amd64:/usr/lib64:/lib64:/lib:/usr/lib"/>
    <property name="java.vm.info" value="mixed mode"/>
    <property name="java.vendor" value="IcedTea"/>
    <property name="java.vm.version" value="25.212-b04"/>
    <property name="java.ext.dirs" value="/usr/lib/jvm/java-1.8-openjdk/jre/lib/ext:/usr/java/packages/lib/ext"/>
    <property name="sun.io.unicode.encoding" value="UnicodeLittle"/>
    <property name="java.class.version" value="52.0"/>
  </properties>
  <testcase name="testOzoneFsServiceLoader" classname="org.apache.hadoop.fs.ozone.TestOzoneFileSystem" time="22.051"/>
  <testcase name="testListStatusOnRoot" classname="org.apache.hadoop.fs.ozone.TestOzoneFileSystem" time="15.837"/>
  <testcase name="testListStatusOnSubDirs" classname="org.apache.hadoop.fs.ozone.TestOzoneFileSystem" time="16.864"/>
  <testcase name="testListStatus" classname="org.apache.hadoop.fs.ozone.TestOzoneFileSystem" time="16.687"/>
  <testcase name="testCreateDoesNotAddParentDirKeys" classname="org.apache.hadoop.fs.ozone.TestOzoneFileSystem" time="16.952">
    <error message="Bucket or Volume name is null" type="java.lang.IllegalArgumentException">java.lang.IllegalArgumentException: Bucket or Volume name is null
	at org.apache.hadoop.hdds.scm.client.HddsClientUtils.verifyResourceName(HddsClientUtils.java:142)
	at org.apache.hadoop.ozone.client.rpc.RpcClient.getVolumeDetails(RpcClient.java:321)
	at sun.reflect.NativeMethodAccessorImpl.invoke0(Native Method)
	at sun.reflect.NativeMethodAccessorImpl.invoke(NativeMethodAccessorImpl.java:62)
	at sun.reflect.DelegatingMethodAccessorImpl.invoke(DelegatingMethodAccessorImpl.java:43)
	at java.lang.reflect.Method.invoke(Method.java:498)
	at org.apache.hadoop.ozone.client.OzoneClientInvocationHandler.invoke(OzoneClientInvocationHandler.java:54)
	at com.sun.proxy.$Proxy51.getVolumeDetails(Unknown Source)
	at sun.reflect.NativeMethodAccessorImpl.invoke0(Native Method)
	at sun.reflect.NativeMethodAccessorImpl.invoke(NativeMethodAccessorImpl.java:62)
	at sun.reflect.DelegatingMethodAccessorImpl.invoke(DelegatingMethodAccessorImpl.java:43)
	at java.lang.reflect.Method.invoke(Method.java:498)
	at org.apache.hadoop.hdds.tracing.TraceAllMethod.invoke(TraceAllMethod.java:66)
	at com.sun.proxy.$Proxy51.getVolumeDetails(Unknown Source)
	at org.apache.hadoop.ozone.client.ObjectStore.getVolume(ObjectStore.java:171)
	at org.apache.hadoop.fs.ozone.TestOzoneFileSystem.getKey(TestOzoneFileSystem.java:271)
	at org.apache.hadoop.fs.ozone.TestOzoneFileSystem.testCreateDoesNotAddParentDirKeys(TestOzoneFileSystem.java:109)
	at sun.reflect.NativeMethodAccessorImpl.invoke0(Native Method)
	at sun.reflect.NativeMethodAccessorImpl.invoke(NativeMethodAccessorImpl.java:62)
	at sun.reflect.DelegatingMethodAccessorImpl.invoke(DelegatingMethodAccessorImpl.java:43)
	at java.lang.reflect.Method.invoke(Method.java:498)
	at org.junit.runners.model.FrameworkMethod$1.runReflectiveCall(FrameworkMethod.java:47)
	at org.junit.internal.runners.model.ReflectiveCallable.run(ReflectiveCallable.java:12)
	at org.junit.runners.model.FrameworkMethod.invokeExplosively(FrameworkMethod.java:44)
	at org.junit.internal.runners.statements.InvokeMethod.evaluate(InvokeMethod.java:17)
	at org.junit.internal.runners.statements.RunBefores.evaluate(RunBefores.java:26)
	at org.junit.internal.runners.statements.RunAfters.evaluate(RunAfters.java:27)
	at org.junit.internal.runners.statements.FailOnTimeout$StatementThread.run(FailOnTimeout.java:74)
</error>
    <system-out><![CDATA[2019-08-24 12:30:56,488 [Thread-866] WARN  server.ServerUtils (ServerUtils.java:getScmDbDir(145)) - ozone.scm.db.dirs is not configured. We recommend adding this setting. Falling back to ozone.metadata.dirs instead.
2019-08-24 12:30:56,503 [Thread-866] WARN  server.ServerUtils (ServerUtils.java:getScmDbDir(145)) - ozone.scm.db.dirs is not configured. We recommend adding this setting. Falling back to ozone.metadata.dirs instead.
2019-08-24 12:30:56,503 [Thread-866] WARN  server.ServerUtils (ServerUtils.java:getScmDbDir(145)) - ozone.scm.db.dirs is not configured. We recommend adding this setting. Falling back to ozone.metadata.dirs instead.
2019-08-24 12:30:56,504 [Thread-866] INFO  db.DBStoreBuilder (DBStoreBuilder.java:addTable(110)) - using custom profile for table: deletedBlocks
2019-08-24 12:30:56,504 [Thread-866] INFO  db.DBStoreBuilder (DBStoreBuilder.java:processTables(161)) - Using default column profile:DBProfile.DISK for Table:deletedBlocks
2019-08-24 12:30:56,504 [Thread-866] INFO  db.DBStoreBuilder (DBStoreBuilder.java:addTable(110)) - using custom profile for table: validCerts
2019-08-24 12:30:56,504 [Thread-866] INFO  db.DBStoreBuilder (DBStoreBuilder.java:processTables(161)) - Using default column profile:DBProfile.DISK for Table:validCerts
2019-08-24 12:30:56,505 [Thread-866] INFO  db.DBStoreBuilder (DBStoreBuilder.java:addTable(110)) - using custom profile for table: revokedCerts
2019-08-24 12:30:56,505 [Thread-866] INFO  db.DBStoreBuilder (DBStoreBuilder.java:processTables(161)) - Using default column profile:DBProfile.DISK for Table:revokedCerts
2019-08-24 12:30:56,505 [Thread-866] INFO  db.DBStoreBuilder (DBStoreBuilder.java:addTable(110)) - using custom profile for table: default
2019-08-24 12:30:56,505 [Thread-866] INFO  db.DBStoreBuilder (DBStoreBuilder.java:processTables(167)) - Using default column profile:DBProfile.DISK for Table:default
2019-08-24 12:30:56,505 [Thread-866] INFO  db.DBStoreBuilder (DBStoreBuilder.java:getDbProfile(198)) - Using default options. DBProfile.DISK
2019-08-24 12:30:56,655 [Thread-866] INFO  net.NodeSchemaLoader (NodeSchemaLoader.java:loadSchemaFromFile(125)) - Loading file from sun.misc.CompoundEnumeration@5ca17cd5
2019-08-24 12:30:56,655 [Thread-866] INFO  net.NodeSchemaLoader (NodeSchemaLoader.java:loadSchema(171)) - Loading network topology layer schema file
2019-08-24 12:30:56,659 [Thread-866] WARN  server.ServerUtils (ServerUtils.java:sanitizeUserArgs(70)) - ozone.scm.stale.node.interval value = 300000 is larger than max = 100000 based on the key value of ozone.scm.heartbeat.thread.interval, reset to the max value 100000.
2019-08-24 12:30:56,660 [Thread-866] WARN  server.ServerUtils (ServerUtils.java:sanitizeUserArgs(70)) - ozone.scm.stale.node.interval value = 300000 is larger than max = 100000 based on the key value of ozone.scm.heartbeat.thread.interval, reset to the max value 100000.
2019-08-24 12:30:56,660 [Thread-866] INFO  node.SCMNodeManager (SCMNodeManager.java:<init>(121)) - Entering startup safe mode.
2019-08-24 12:30:56,661 [Thread-866] INFO  algorithms.ContainerPlacementPolicyFactory (ContainerPlacementPolicyFactory.java:getPolicy(55)) - Create container placement policy of type org.apache.hadoop.hdds.scm.container.placement.algorithms.SCMContainerPlacementRandom
2019-08-24 12:30:56,661 [Thread-866] WARN  server.ServerUtils (ServerUtils.java:getScmDbDir(145)) - ozone.scm.db.dirs is not configured. We recommend adding this setting. Falling back to ozone.metadata.dirs instead.
2019-08-24 12:30:56,694 [Thread-866] INFO  pipeline.SCMPipelineManager (SCMPipelineManager.java:initializePipelineState(126)) - No pipeline exists in current db
2019-08-24 12:30:56,694 [Thread-866] WARN  server.ServerUtils (ServerUtils.java:getScmDbDir(145)) - ozone.scm.db.dirs is not configured. We recommend adding this setting. Falling back to ozone.metadata.dirs instead.
2019-08-24 12:30:56,721 [Thread-866] WARN  events.EventQueue (EventQueue.java:fireEvent(175)) - No event handler registered for event TypedEvent{payloadType=SafeModeStatus, name='SafeModeStatus'}
2019-08-24 12:30:56,722 [Thread-866] INFO  ipc.CallQueueManager (CallQueueManager.java:<init>(84)) - Using callQueue: class java.util.concurrent.LinkedBlockingQueue, queueCapacity: 2000, scheduler: class org.apache.hadoop.ipc.DefaultRpcScheduler, ipcBackoff: false.
2019-08-24 12:30:56,724 [Socket Reader #1 for port 45023] INFO  ipc.Server (Server.java:run(1074)) - Starting Socket Reader #1 for port 45023
2019-08-24 12:30:56,726 [Thread-866] INFO  ipc.CallQueueManager (CallQueueManager.java:<init>(84)) - Using callQueue: class java.util.concurrent.LinkedBlockingQueue, queueCapacity: 2000, scheduler: class org.apache.hadoop.ipc.DefaultRpcScheduler, ipcBackoff: false.
2019-08-24 12:30:56,727 [Socket Reader #1 for port 41815] INFO  ipc.Server (Server.java:run(1074)) - Starting Socket Reader #1 for port 41815
2019-08-24 12:30:56,729 [Thread-866] INFO  ipc.CallQueueManager (CallQueueManager.java:<init>(84)) - Using callQueue: class java.util.concurrent.LinkedBlockingQueue, queueCapacity: 2000, scheduler: class org.apache.hadoop.ipc.DefaultRpcScheduler, ipcBackoff: false.
2019-08-24 12:30:56,730 [Socket Reader #1 for port 33016] INFO  ipc.Server (Server.java:run(1074)) - Starting Socket Reader #1 for port 33016
2019-08-24 12:30:56,734 [Thread-866] INFO  hdfs.DFSUtil (DFSUtil.java:httpServerTemplateForNNAndJN(1641)) - Starting Web-server for scm at: http://0.0.0.0:0
2019-08-24 12:30:56,739 [Thread-866] INFO  server.AuthenticationFilter (AuthenticationFilter.java:constructSecretProvider(240)) - Unable to initialize FileSignerSecretProvider, falling back to use random secrets.
2019-08-24 12:30:56,739 [Thread-866] WARN  http.HttpRequestLog (HttpRequestLog.java:getRequestLog(97)) - Jetty request log can only be enabled using Log4j
2019-08-24 12:30:56,742 [Thread-866] INFO  http.HttpServer2 (HttpServer2.java:addGlobalFilter(975)) - Added global filter 'safety' (class=org.apache.hadoop.http.HttpServer2$QuotingInputFilter)
2019-08-24 12:30:56,743 [Thread-866] INFO  http.HttpServer2 (HttpServer2.java:addFilter(948)) - Added filter static_user_filter (class=org.apache.hadoop.http.lib.StaticUserWebFilter$StaticUserFilter) to context scm
2019-08-24 12:30:56,744 [Thread-866] INFO  http.HttpServer2 (HttpServer2.java:addFilter(958)) - Added filter static_user_filter (class=org.apache.hadoop.http.lib.StaticUserWebFilter$StaticUserFilter) to context static
2019-08-24 12:30:56,744 [Thread-866] INFO  http.HttpServer2 (HttpServer2.java:addFilter(958)) - Added filter static_user_filter (class=org.apache.hadoop.http.lib.StaticUserWebFilter$StaticUserFilter) to context logs
2019-08-24 12:30:56,747 [Thread-866] INFO  server.StorageContainerManager (StorageContainerManager.java:start(759)) - StorageContainerLocationProtocol RPC server is listening at /0.0.0.0:33016
2019-08-24 12:30:56,750 [Thread-866] WARN  impl.MetricsConfig (MetricsConfig.java:loadFirst(134)) - Cannot locate configuration: tried hadoop-metrics2-storagecontainermanager.properties,hadoop-metrics2.properties
2019-08-24 12:30:56,751 [Thread-866] INFO  impl.MetricsSystemImpl (MetricsSystemImpl.java:startTimer(374)) - Scheduled Metric snapshot period at 10 second(s).
2019-08-24 12:30:56,751 [Thread-866] INFO  impl.MetricsSystemImpl (MetricsSystemImpl.java:start(191)) - StorageContainerManager metrics system started
2019-08-24 12:30:56,796 [Thread-866] INFO  server.SCMClientProtocolServer (SCMClientProtocolServer.java:start(151)) - RPC server for Client  is listening at /0.0.0.0:33016
2019-08-24 12:30:56,797 [IPC Server Responder] INFO  ipc.Server (Server.java:run(1314)) - IPC Server Responder: starting
2019-08-24 12:30:56,797 [IPC Server listener on 33016] INFO  ipc.Server (Server.java:run(1153)) - IPC Server listener on 33016: starting
2019-08-24 12:30:56,801 [Thread-866] INFO  server.StorageContainerManager (StorageContainerManager.java:start(769)) - ScmBlockLocationProtocol RPC server is listening at /0.0.0.0:41815
2019-08-24 12:30:56,801 [Thread-866] INFO  server.SCMBlockProtocolServer (SCMBlockProtocolServer.java:start(140)) - RPC server for Block Protocol is listening at /0.0.0.0:41815
2019-08-24 12:30:56,802 [IPC Server Responder] INFO  ipc.Server (Server.java:run(1314)) - IPC Server Responder: starting
2019-08-24 12:30:56,802 [IPC Server listener on 41815] INFO  ipc.Server (Server.java:run(1153)) - IPC Server listener on 41815: starting
2019-08-24 12:30:56,806 [Thread-866] INFO  server.StorageContainerManager (StorageContainerManager.java:start(773)) - ScmDatanodeProtocl RPC server is listening at /0.0.0.0:45023
2019-08-24 12:30:56,806 [Thread-866] INFO  server.SCMDatanodeProtocolServer (SCMDatanodeProtocolServer.java:start(191)) - RPC server for DataNodes is listening at /0.0.0.0:45023
2019-08-24 12:30:56,806 [IPC Server listener on 45023] INFO  ipc.Server (Server.java:run(1153)) - IPC Server listener on 45023: starting
2019-08-24 12:30:56,806 [IPC Server Responder] INFO  ipc.Server (Server.java:run(1314)) - IPC Server Responder: starting
2019-08-24 12:30:56,812 [Thread-866] INFO  http.HttpServer2 (HttpServer2.java:bindListener(1191)) - Jetty bound to port 39569
2019-08-24 12:30:56,812 [Thread-866] INFO  server.Server (Server.java:doStart(351)) - jetty-9.3.24.v20180605, build timestamp: 2018-06-05T17:11:56Z, git hash: 84205aa28f11a4f31f2a3b86d1bba2cc8ab69827
2019-08-24 12:30:56,814 [Thread-866] INFO  handler.ContextHandler (ContextHandler.java:doStart(781)) - Started o.e.j.s.ServletContextHandler@40cebe8b{/logs,file:///workdir/hadoop-ozone/ozonefs/target/log,AVAILABLE}
2019-08-24 12:30:56,814 [Thread-866] INFO  handler.ContextHandler (ContextHandler.java:doStart(781)) - Started o.e.j.s.ServletContextHandler@70ca6fe9{/static,jar:file:/home/user/.m2/repository/org/apache/hadoop/hadoop-hdds-server-scm/0.5.0-SNAPSHOT/hadoop-hdds-server-scm-0.5.0-SNAPSHOT.jar!/webapps/static,AVAILABLE}
2019-08-24 12:30:56,854 [Thread-866] INFO  handler.ContextHandler (ContextHandler.java:doStart(781)) - Started o.e.j.w.WebAppContext@f3b7067{/,file:///tmp/jetty-0.0.0.0-39569-scm-_-any-779657143253116672.dir/webapp/,AVAILABLE}{/scm}
2019-08-24 12:30:56,854 [Thread-866] INFO  server.AbstractConnector (AbstractConnector.java:doStart(278)) - Started ServerConnector@6510cd57{HTTP/1.1,[http/1.1]}{0.0.0.0:39569}
2019-08-24 12:30:56,856 [Thread-866] INFO  server.Server (Server.java:doStart(419)) - Started @72302ms
2019-08-24 12:30:56,858 [Thread-866] INFO  server.BaseHttpServer (BaseHttpServer.java:updateConnectorAddress(213)) - HTTP server of SCM is listening at http://0.0.0.0:39569
2019-08-24 12:30:56,858 [Thread-866] WARN  server.ServerUtils (ServerUtils.java:getDBPath(222)) - ozone.om.db.dirs is not configured. We recommend adding this setting. Falling back to ozone.metadata.dirs instead.
2019-08-24 12:30:56,860 [org.apache.hadoop.util.JvmPauseMonitor$Monitor@357be5da] INFO  util.JvmPauseMonitor (JvmPauseMonitor.java:run(188)) - Starting JVM pause monitor
2019-08-24 12:30:56,873 [Thread-866] WARN  server.ServerUtils (ServerUtils.java:getDBPath(222)) - ozone.om.db.dirs is not configured. We recommend adding this setting. Falling back to ozone.metadata.dirs instead.
2019-08-24 12:30:56,874 [Thread-866] WARN  server.ServerUtils (ServerUtils.java:getDBPath(222)) - ozone.om.db.dirs is not configured. We recommend adding this setting. Falling back to ozone.metadata.dirs instead.
2019-08-24 12:30:56,874 [Thread-866] INFO  om.OzoneManager (OzoneManager.java:setOMNodeDetails(648)) - OM Service ID is not set. Setting it to the default ID: omServiceIdDefault
2019-08-24 12:30:56,874 [Thread-866] INFO  om.OzoneManager (OzoneManager.java:setOMNodeDetails(654)) - OM Node ID is not set. Setting it to the OmStorage's OmID: 5794da37-412d-41c4-98d8-7b2bb9e01e38
2019-08-24 12:30:56,875 [Thread-866] INFO  om.OzoneManager (OzoneManager.java:loadOMHAConfigs(605)) - Found matching OM address with OMServiceId: null, OMNodeId: null, RPC Address: localhost:0 and Ratis port: 9872
2019-08-24 12:30:56,880 | INFO  | SCMAudit | user=jenkins1000 | ip=192.168.5.162 | op=GET_SCM_INFO null | ret=SUCCESS |  
2019-08-24 12:30:56,882 [Thread-866] WARN  server.ServerUtils (ServerUtils.java:getDBPath(222)) - ozone.om.db.dirs is not configured. We recommend adding this setting. Falling back to ozone.metadata.dirs instead.
2019-08-24 12:30:56,883 [Thread-866] INFO  db.DBStoreBuilder (DBStoreBuilder.java:addTable(110)) - using custom profile for table: userTable
2019-08-24 12:30:56,883 [Thread-866] INFO  db.DBStoreBuilder (DBStoreBuilder.java:processTables(161)) - Using default column profile:DBProfile.DISK for Table:userTable
2019-08-24 12:30:56,883 [Thread-866] INFO  db.DBStoreBuilder (DBStoreBuilder.java:addTable(110)) - using custom profile for table: volumeTable
2019-08-24 12:30:56,883 [Thread-866] INFO  db.DBStoreBuilder (DBStoreBuilder.java:processTables(161)) - Using default column profile:DBProfile.DISK for Table:volumeTable
2019-08-24 12:30:56,884 [Thread-866] INFO  db.DBStoreBuilder (DBStoreBuilder.java:addTable(110)) - using custom profile for table: bucketTable
2019-08-24 12:30:56,884 [Thread-866] INFO  db.DBStoreBuilder (DBStoreBuilder.java:processTables(161)) - Using default column profile:DBProfile.DISK for Table:bucketTable
2019-08-24 12:30:56,884 [Thread-866] INFO  db.DBStoreBuilder (DBStoreBuilder.java:addTable(110)) - using custom profile for table: keyTable
2019-08-24 12:30:56,884 [Thread-866] INFO  db.DBStoreBuilder (DBStoreBuilder.java:processTables(161)) - Using default column profile:DBProfile.DISK for Table:keyTable
2019-08-24 12:30:56,884 [Thread-866] INFO  db.DBStoreBuilder (DBStoreBuilder.java:addTable(110)) - using custom profile for table: deletedTable
2019-08-24 12:30:56,885 [Thread-866] INFO  db.DBStoreBuilder (DBStoreBuilder.java:processTables(161)) - Using default column profile:DBProfile.DISK for Table:deletedTable
2019-08-24 12:30:56,885 [Thread-866] INFO  db.DBStoreBuilder (DBStoreBuilder.java:addTable(110)) - using custom profile for table: openKeyTable
2019-08-24 12:30:56,885 [Thread-866] INFO  db.DBStoreBuilder (DBStoreBuilder.java:processTables(161)) - Using default column profile:DBProfile.DISK for Table:openKeyTable
2019-08-24 12:30:56,885 [Thread-866] INFO  db.DBStoreBuilder (DBStoreBuilder.java:addTable(110)) - using custom profile for table: s3Table
2019-08-24 12:30:56,885 [Thread-866] INFO  db.DBStoreBuilder (DBStoreBuilder.java:processTables(161)) - Using default column profile:DBProfile.DISK for Table:s3Table
2019-08-24 12:30:56,886 [Thread-866] INFO  db.DBStoreBuilder (DBStoreBuilder.java:addTable(110)) - using custom profile for table: multipartInfoTable
2019-08-24 12:30:56,886 [Thread-866] INFO  db.DBStoreBuilder (DBStoreBuilder.java:processTables(161)) - Using default column profile:DBProfile.DISK for Table:multipartInfoTable
2019-08-24 12:30:56,886 [Thread-866] INFO  db.DBStoreBuilder (DBStoreBuilder.java:addTable(110)) - using custom profile for table: dTokenTable
2019-08-24 12:30:56,886 [Thread-866] INFO  db.DBStoreBuilder (DBStoreBuilder.java:processTables(161)) - Using default column profile:DBProfile.DISK for Table:dTokenTable
2019-08-24 12:30:56,886 [Thread-866] INFO  db.DBStoreBuilder (DBStoreBuilder.java:addTable(110)) - using custom profile for table: s3SecretTable
2019-08-24 12:30:56,886 [Thread-866] INFO  db.DBStoreBuilder (DBStoreBuilder.java:processTables(161)) - Using default column profile:DBProfile.DISK for Table:s3SecretTable
2019-08-24 12:30:56,886 [Thread-866] INFO  db.DBStoreBuilder (DBStoreBuilder.java:addTable(110)) - using custom profile for table: prefixTable
2019-08-24 12:30:56,886 [Thread-866] INFO  db.DBStoreBuilder (DBStoreBuilder.java:processTables(161)) - Using default column profile:DBProfile.DISK for Table:prefixTable
2019-08-24 12:30:56,887 [Thread-866] INFO  db.DBStoreBuilder (DBStoreBuilder.java:addTable(110)) - using custom profile for table: default
2019-08-24 12:30:56,887 [Thread-866] INFO  db.DBStoreBuilder (DBStoreBuilder.java:processTables(167)) - Using default column profile:DBProfile.DISK for Table:default
2019-08-24 12:30:56,887 [Thread-866] INFO  db.DBStoreBuilder (DBStoreBuilder.java:getDbProfile(198)) - Using default options. DBProfile.DISK
2019-08-24 12:30:57,304 [Thread-866] INFO  ipc.CallQueueManager (CallQueueManager.java:<init>(84)) - Using callQueue: class java.util.concurrent.LinkedBlockingQueue, queueCapacity: 2000, scheduler: class org.apache.hadoop.ipc.DefaultRpcScheduler, ipcBackoff: false.
2019-08-24 12:30:57,305 [Socket Reader #1 for port 35939] INFO  ipc.Server (Server.java:run(1074)) - Starting Socket Reader #1 for port 35939
2019-08-24 12:30:57,329 [Thread-866] INFO  om.OzoneManager (OzoneManager.java:start(1259)) - OzoneManager RPC server is listening at localhost/127.0.0.1:35939
2019-08-24 12:30:57,330 [Thread-866] INFO  impl.MetricsSystemImpl (MetricsSystemImpl.java:init(158)) - OzoneManager metrics system started (again)
2019-08-24 12:30:57,330 [IPC Server Responder] INFO  ipc.Server (Server.java:run(1314)) - IPC Server Responder: starting
2019-08-24 12:30:57,330 [IPC Server listener on 35939] INFO  ipc.Server (Server.java:run(1153)) - IPC Server listener on 35939: starting
2019-08-24 12:30:57,337 [Thread-866] INFO  hdfs.DFSUtil (DFSUtil.java:httpServerTemplateForNNAndJN(1641)) - Starting Web-server for ozoneManager at: http://0.0.0.0:0
2019-08-24 12:30:57,341 [Thread-866] INFO  server.AuthenticationFilter (AuthenticationFilter.java:constructSecretProvider(240)) - Unable to initialize FileSignerSecretProvider, falling back to use random secrets.
2019-08-24 12:30:57,342 [Thread-866] WARN  http.HttpRequestLog (HttpRequestLog.java:getRequestLog(97)) - Jetty request log can only be enabled using Log4j
2019-08-24 12:30:57,346 [Thread-866] INFO  http.HttpServer2 (HttpServer2.java:addGlobalFilter(975)) - Added global filter 'safety' (class=org.apache.hadoop.http.HttpServer2$QuotingInputFilter)
2019-08-24 12:30:57,347 [Thread-866] INFO  http.HttpServer2 (HttpServer2.java:addFilter(948)) - Added filter static_user_filter (class=org.apache.hadoop.http.lib.StaticUserWebFilter$StaticUserFilter) to context ozoneManager
2019-08-24 12:30:57,347 [Thread-866] INFO  http.HttpServer2 (HttpServer2.java:addFilter(958)) - Added filter static_user_filter (class=org.apache.hadoop.http.lib.StaticUserWebFilter$StaticUserFilter) to context static
2019-08-24 12:30:57,348 [Thread-866] INFO  http.HttpServer2 (HttpServer2.java:addFilter(958)) - Added filter static_user_filter (class=org.apache.hadoop.http.lib.StaticUserWebFilter$StaticUserFilter) to context logs
2019-08-24 12:30:57,349 [Thread-866] INFO  http.HttpServer2 (HttpServer2.java:bindListener(1191)) - Jetty bound to port 34088
2019-08-24 12:30:57,349 [Thread-866] INFO  server.Server (Server.java:doStart(351)) - jetty-9.3.24.v20180605, build timestamp: 2018-06-05T17:11:56Z, git hash: 84205aa28f11a4f31f2a3b86d1bba2cc8ab69827
2019-08-24 12:30:57,352 [Thread-866] INFO  handler.ContextHandler (ContextHandler.java:doStart(781)) - Started o.e.j.s.ServletContextHandler@77e9d504{/logs,file:///workdir/hadoop-ozone/ozonefs/target/log,AVAILABLE}
2019-08-24 12:30:57,353 [Thread-866] INFO  handler.ContextHandler (ContextHandler.java:doStart(781)) - Started o.e.j.s.ServletContextHandler@9c11706{/static,jar:file:/home/user/.m2/repository/org/apache/hadoop/hadoop-ozone-ozone-manager/0.5.0-SNAPSHOT/hadoop-ozone-ozone-manager-0.5.0-SNAPSHOT.jar!/webapps/static,AVAILABLE}
2019-08-24 12:30:57,437 [Thread-866] INFO  handler.ContextHandler (ContextHandler.java:doStart(781)) - Started o.e.j.w.WebAppContext@30b477ec{/,file:///tmp/jetty-0.0.0.0-34088-ozoneManager-_-any-796193947265996510.dir/webapp/,AVAILABLE}{/ozoneManager}
2019-08-24 12:30:57,438 [Thread-866] INFO  server.AbstractConnector (AbstractConnector.java:doStart(278)) - Started ServerConnector@44bb57be{HTTP/1.1,[http/1.1]}{0.0.0.0:34088}
2019-08-24 12:30:57,439 [Thread-866] INFO  server.Server (Server.java:doStart(419)) - Started @72884ms
2019-08-24 12:30:57,440 [Thread-866] INFO  server.BaseHttpServer (BaseHttpServer.java:updateConnectorAddress(213)) - HTTP server of OZONEMANAGER is listening at http://0.0.0.0:34088
2019-08-24 12:30:57,454 [Thread-866] INFO  impl.MetricsSystemImpl (MetricsSystemImpl.java:init(158)) - HddsDatanode metrics system started (again)
2019-08-24 12:30:57,458 [Thread-866] INFO  ozone.HddsDatanodeService (HddsDatanodeService.java:start(184)) - HddsDatanodeService host:dev-check-20190824-g8v5p-1270076377 ip:192.168.5.162
2019-08-24 12:30:57,467 [Thread-866] INFO  volume.HddsVolume (HddsVolume.java:<init>(176)) - Creating Volume: /workdir/hadoop-ozone/ozonefs/target/test-dir/MiniOzoneClusterImpl-1fad73fd-ee4e-4689-9aa7-77c41a043b41/datanode-0/data/containers/hdds of  storage type : DISK and capacity : 1482555576320
2019-08-24 12:30:57,467 [Thread-866] INFO  volume.VolumeSet (VolumeSet.java:initializeVolumeSet(170)) - Added Volume : /workdir/hadoop-ozone/ozonefs/target/test-dir/MiniOzoneClusterImpl-1fad73fd-ee4e-4689-9aa7-77c41a043b41/datanode-0/data/containers/hdds to VolumeSet
2019-08-24 12:30:57,467 [Thread-866] INFO  volume.ThrottledAsyncChecker (ThrottledAsyncChecker.java:schedule(140)) - Scheduling a check for org.apache.hadoop.ozone.container.common.volume.HddsVolume@5a184e3c
2019-08-24 12:30:57,468 [Thread-866] INFO  volume.HddsVolumeChecker (HddsVolumeChecker.java:checkAllVolumes(203)) - Scheduled health check for volume org.apache.hadoop.ozone.container.common.volume.HddsVolume@5a184e3c
2019-08-24 12:30:57,496 [Thread-866] INFO  impl.RaftServerProxy (ConfUtils.java:logGet(43)) - raft.rpc.type = GRPC (default)
2019-08-24 12:30:57,496 [Thread-866] INFO  grpc.GrpcFactory (GrpcFactory.java:checkPooledByteBufAllocatorUseCacheForAllThreads(45)) - PERFORMANCE WARNING: useCacheForAllThreads is true that may cause Netty to create a lot garbage objects and, as a result, trigger GC.
	It is recommended to disable useCacheForAllThreads by setting -Dorg.apache.ratis.thirdparty.io.netty.allocator.useCacheForAllThreads=false in command line.
2019-08-24 12:30:57,497 [Thread-866] INFO  grpc.GrpcConfigKeys$Server (ConfUtils.java:logGet(43)) - raft.grpc.server.port = 0 (default)
2019-08-24 12:30:57,497 [Thread-866] INFO  server.GrpcService (ConfUtils.java:logGet(43)) - raft.grpc.message.size.max = 33570816 (custom)
2019-08-24 12:30:57,497 [Thread-866] INFO  server.RaftServerConfigKeys (ConfUtils.java:logGet(43)) - raft.server.log.appender.buffer.byte-limit = 33554432 (custom)
2019-08-24 12:30:57,497 [Thread-866] INFO  server.GrpcService (ConfUtils.java:logGet(43)) - raft.grpc.flow.control.window = 1MB (=1048576) (default)
2019-08-24 12:30:57,498 [Thread-866] INFO  server.RaftServerConfigKeys (ConfUtils.java:logGet(43)) - raft.server.rpc.request.timeout = 3000ms (default)
2019-08-24 12:30:57,498 [Thread-866] INFO  server.RaftServerConfigKeys (ConfUtils.java:logGet(43)) - raft.server.storage.dir = [/workdir/hadoop-ozone/ozonefs/target/test-dir/MiniOzoneClusterImpl-1fad73fd-ee4e-4689-9aa7-77c41a043b41/datanode-0/data/ratis] (custom)
2019-08-24 12:30:57,499 [Thread-866] INFO  replication.SimpleContainerDownloader (SimpleContainerDownloader.java:<init>(72)) - Starting container downloader service to copy containers to replicate.
2019-08-24 12:30:57,500 [Thread-866] INFO  hdfs.DFSUtil (DFSUtil.java:httpServerTemplateForNNAndJN(1641)) - Starting Web-server for hddsDatanode at: http://0.0.0.0:0
2019-08-24 12:30:57,502 [Thread-866] INFO  server.AuthenticationFilter (AuthenticationFilter.java:constructSecretProvider(240)) - Unable to initialize FileSignerSecretProvider, falling back to use random secrets.
2019-08-24 12:30:57,502 [Thread-866] WARN  http.HttpRequestLog (HttpRequestLog.java:getRequestLog(97)) - Jetty request log can only be enabled using Log4j
2019-08-24 12:30:57,504 [Thread-866] INFO  http.HttpServer2 (HttpServer2.java:addGlobalFilter(975)) - Added global filter 'safety' (class=org.apache.hadoop.http.HttpServer2$QuotingInputFilter)
2019-08-24 12:30:57,505 [Thread-866] INFO  http.HttpServer2 (HttpServer2.java:addFilter(948)) - Added filter static_user_filter (class=org.apache.hadoop.http.lib.StaticUserWebFilter$StaticUserFilter) to context hddsDatanode
2019-08-24 12:30:57,505 [Thread-866] INFO  http.HttpServer2 (HttpServer2.java:addFilter(958)) - Added filter static_user_filter (class=org.apache.hadoop.http.lib.StaticUserWebFilter$StaticUserFilter) to context static
2019-08-24 12:30:57,505 [Thread-866] INFO  http.HttpServer2 (HttpServer2.java:addFilter(958)) - Added filter static_user_filter (class=org.apache.hadoop.http.lib.StaticUserWebFilter$StaticUserFilter) to context logs
2019-08-24 12:30:57,506 [Thread-866] INFO  http.HttpServer2 (HttpServer2.java:bindListener(1191)) - Jetty bound to port 44546
2019-08-24 12:30:57,506 [Thread-866] INFO  server.Server (Server.java:doStart(351)) - jetty-9.3.24.v20180605, build timestamp: 2018-06-05T17:11:56Z, git hash: 84205aa28f11a4f31f2a3b86d1bba2cc8ab69827
2019-08-24 12:30:57,508 [Thread-866] INFO  handler.ContextHandler (ContextHandler.java:doStart(781)) - Started o.e.j.s.ServletContextHandler@56fd21a9{/logs,file:///workdir/hadoop-ozone/ozonefs/target/log,AVAILABLE}
2019-08-24 12:30:57,509 [Thread-866] INFO  handler.ContextHandler (ContextHandler.java:doStart(781)) - Started o.e.j.s.ServletContextHandler@3473f432{/static,jar:file:/home/user/.m2/repository/org/apache/hadoop/hadoop-hdds-container-service/0.5.0-SNAPSHOT/hadoop-hdds-container-service-0.5.0-SNAPSHOT.jar!/webapps/static,AVAILABLE}
2019-08-24 12:30:57,539 [Thread-866] INFO  handler.ContextHandler (ContextHandler.java:doStart(781)) - Started o.e.j.w.WebAppContext@15ad4b9b{/,file:///tmp/jetty-0.0.0.0-44546-hddsDatanode-_-any-3683845307947878655.dir/webapp/,AVAILABLE}{/hddsDatanode}
2019-08-24 12:30:57,540 [Thread-866] INFO  server.AbstractConnector (AbstractConnector.java:doStart(278)) - Started ServerConnector@1a0c83ac{HTTP/1.1,[http/1.1]}{0.0.0.0:44546}
2019-08-24 12:30:57,541 [Thread-866] INFO  server.Server (Server.java:doStart(419)) - Started @72986ms
2019-08-24 12:30:57,541 [Thread-866] INFO  server.BaseHttpServer (BaseHttpServer.java:updateConnectorAddress(213)) - HTTP server of HDDSDATANODE is listening at http://0.0.0.0:44546
2019-08-24 12:30:57,542 [Thread-866] INFO  impl.MetricsSystemImpl (MetricsSystemImpl.java:init(158)) - HddsDatanode metrics system started (again)
2019-08-24 12:30:57,544 [Thread-866] INFO  ozone.HddsDatanodeService (HddsDatanodeService.java:start(184)) - HddsDatanodeService host:dev-check-20190824-g8v5p-1270076377 ip:192.168.5.162
2019-08-24 12:30:57,544 [org.apache.hadoop.util.JvmPauseMonitor$Monitor@4dff4e4c] INFO  util.JvmPauseMonitor (JvmPauseMonitor.java:run(188)) - Starting JVM pause monitor
2019-08-24 12:30:57,547 [Datanode State Machine Thread - 0] INFO  datanode.InitDatanodeState (InitDatanodeState.java:persistContainerDatanodeDetails(140)) - DatanodeDetails is persisted to /workdir/hadoop-ozone/ozonefs/target/test-dir/MiniOzoneClusterImpl-1fad73fd-ee4e-4689-9aa7-77c41a043b41/datanode-0/meta/datanode.id
2019-08-24 12:30:57,551 [Thread-866] INFO  volume.HddsVolume (HddsVolume.java:<init>(176)) - Creating Volume: /workdir/hadoop-ozone/ozonefs/target/test-dir/MiniOzoneClusterImpl-1fad73fd-ee4e-4689-9aa7-77c41a043b41/datanode-1/data/containers/hdds of  storage type : DISK and capacity : 1482555576320
2019-08-24 12:30:57,551 [Thread-866] INFO  volume.VolumeSet (VolumeSet.java:initializeVolumeSet(170)) - Added Volume : /workdir/hadoop-ozone/ozonefs/target/test-dir/MiniOzoneClusterImpl-1fad73fd-ee4e-4689-9aa7-77c41a043b41/datanode-1/data/containers/hdds to VolumeSet
2019-08-24 12:30:57,551 [Thread-866] INFO  volume.ThrottledAsyncChecker (ThrottledAsyncChecker.java:schedule(140)) - Scheduling a check for org.apache.hadoop.ozone.container.common.volume.HddsVolume@2e1ad395
2019-08-24 12:30:57,552 [Thread-866] INFO  volume.HddsVolumeChecker (HddsVolumeChecker.java:checkAllVolumes(203)) - Scheduled health check for volume org.apache.hadoop.ozone.container.common.volume.HddsVolume@2e1ad395
2019-08-24 12:30:57,801 [Thread-866] INFO  impl.RaftServerProxy (ConfUtils.java:logGet(43)) - raft.rpc.type = GRPC (default)
2019-08-24 12:30:57,805 [Thread-866] INFO  grpc.GrpcFactory (GrpcFactory.java:checkPooledByteBufAllocatorUseCacheForAllThreads(45)) - PERFORMANCE WARNING: useCacheForAllThreads is true that may cause Netty to create a lot garbage objects and, as a result, trigger GC.
	It is recommended to disable useCacheForAllThreads by setting -Dorg.apache.ratis.thirdparty.io.netty.allocator.useCacheForAllThreads=false in command line.
2019-08-24 12:30:57,805 [Thread-866] INFO  grpc.GrpcConfigKeys$Server (ConfUtils.java:logGet(43)) - raft.grpc.server.port = 0 (default)
2019-08-24 12:30:57,817 [Thread-866] INFO  server.GrpcService (ConfUtils.java:logGet(43)) - raft.grpc.message.size.max = 33570816 (custom)
2019-08-24 12:30:57,817 [Thread-866] INFO  server.RaftServerConfigKeys (ConfUtils.java:logGet(43)) - raft.server.log.appender.buffer.byte-limit = 33554432 (custom)
2019-08-24 12:30:57,818 [Thread-866] INFO  server.GrpcService (ConfUtils.java:logGet(43)) - raft.grpc.flow.control.window = 1MB (=1048576) (default)
2019-08-24 12:30:57,818 [Thread-866] INFO  server.RaftServerConfigKeys (ConfUtils.java:logGet(43)) - raft.server.rpc.request.timeout = 3000ms (default)
2019-08-24 12:30:57,821 [Thread-866] INFO  server.RaftServerConfigKeys (ConfUtils.java:logGet(43)) - raft.server.storage.dir = [/workdir/hadoop-ozone/ozonefs/target/test-dir/MiniOzoneClusterImpl-1fad73fd-ee4e-4689-9aa7-77c41a043b41/datanode-1/data/ratis] (custom)
2019-08-24 12:30:57,822 [Thread-866] INFO  replication.SimpleContainerDownloader (SimpleContainerDownloader.java:<init>(72)) - Starting container downloader service to copy containers to replicate.
2019-08-24 12:30:57,826 [Thread-866] INFO  hdfs.DFSUtil (DFSUtil.java:httpServerTemplateForNNAndJN(1641)) - Starting Web-server for hddsDatanode at: http://0.0.0.0:0
2019-08-24 12:30:57,832 [Thread-866] INFO  server.AuthenticationFilter (AuthenticationFilter.java:constructSecretProvider(240)) - Unable to initialize FileSignerSecretProvider, falling back to use random secrets.
2019-08-24 12:30:57,832 [Thread-866] WARN  http.HttpRequestLog (HttpRequestLog.java:getRequestLog(97)) - Jetty request log can only be enabled using Log4j
2019-08-24 12:30:57,835 [Thread-866] INFO  http.HttpServer2 (HttpServer2.java:addGlobalFilter(975)) - Added global filter 'safety' (class=org.apache.hadoop.http.HttpServer2$QuotingInputFilter)
2019-08-24 12:30:57,836 [Thread-866] INFO  http.HttpServer2 (HttpServer2.java:addFilter(948)) - Added filter static_user_filter (class=org.apache.hadoop.http.lib.StaticUserWebFilter$StaticUserFilter) to context hddsDatanode
2019-08-24 12:30:57,836 [Thread-866] INFO  http.HttpServer2 (HttpServer2.java:addFilter(958)) - Added filter static_user_filter (class=org.apache.hadoop.http.lib.StaticUserWebFilter$StaticUserFilter) to context static
2019-08-24 12:30:57,836 [Thread-866] INFO  http.HttpServer2 (HttpServer2.java:addFilter(958)) - Added filter static_user_filter (class=org.apache.hadoop.http.lib.StaticUserWebFilter$StaticUserFilter) to context logs
2019-08-24 12:30:57,837 [Thread-866] INFO  http.HttpServer2 (HttpServer2.java:bindListener(1191)) - Jetty bound to port 38744
2019-08-24 12:30:57,837 [Thread-866] INFO  server.Server (Server.java:doStart(351)) - jetty-9.3.24.v20180605, build timestamp: 2018-06-05T17:11:56Z, git hash: 84205aa28f11a4f31f2a3b86d1bba2cc8ab69827
2019-08-24 12:30:57,840 [Thread-866] INFO  handler.ContextHandler (ContextHandler.java:doStart(781)) - Started o.e.j.s.ServletContextHandler@141a3746{/logs,file:///workdir/hadoop-ozone/ozonefs/target/log,AVAILABLE}
2019-08-24 12:30:57,840 [Thread-866] INFO  handler.ContextHandler (ContextHandler.java:doStart(781)) - Started o.e.j.s.ServletContextHandler@8714f70{/static,jar:file:/home/user/.m2/repository/org/apache/hadoop/hadoop-hdds-container-service/0.5.0-SNAPSHOT/hadoop-hdds-container-service-0.5.0-SNAPSHOT.jar!/webapps/static,AVAILABLE}
2019-08-24 12:30:57,880 [Thread-866] INFO  handler.ContextHandler (ContextHandler.java:doStart(781)) - Started o.e.j.w.WebAppContext@53dbffdc{/,file:///tmp/jetty-0.0.0.0-38744-hddsDatanode-_-any-4110839689057481351.dir/webapp/,AVAILABLE}{/hddsDatanode}
2019-08-24 12:30:57,881 [Thread-866] INFO  server.AbstractConnector (AbstractConnector.java:doStart(278)) - Started ServerConnector@6f616490{HTTP/1.1,[http/1.1]}{0.0.0.0:38744}
2019-08-24 12:30:57,882 [Thread-866] INFO  server.Server (Server.java:doStart(419)) - Started @73327ms
2019-08-24 12:30:57,883 [Thread-866] INFO  server.BaseHttpServer (BaseHttpServer.java:updateConnectorAddress(213)) - HTTP server of HDDSDATANODE is listening at http://0.0.0.0:38744
2019-08-24 12:30:57,883 [Thread-866] INFO  impl.MetricsSystemImpl (MetricsSystemImpl.java:init(158)) - HddsDatanode metrics system started (again)
2019-08-24 12:30:57,886 [Thread-866] INFO  ozone.HddsDatanodeService (HddsDatanodeService.java:start(184)) - HddsDatanodeService host:dev-check-20190824-g8v5p-1270076377 ip:192.168.5.162
2019-08-24 12:30:57,886 [org.apache.hadoop.util.JvmPauseMonitor$Monitor@b82a383] INFO  util.JvmPauseMonitor (JvmPauseMonitor.java:run(188)) - Starting JVM pause monitor
2019-08-24 12:30:57,889 [Datanode State Machine Thread - 0] INFO  datanode.InitDatanodeState (InitDatanodeState.java:persistContainerDatanodeDetails(140)) - DatanodeDetails is persisted to /workdir/hadoop-ozone/ozonefs/target/test-dir/MiniOzoneClusterImpl-1fad73fd-ee4e-4689-9aa7-77c41a043b41/datanode-1/meta/datanode.id
2019-08-24 12:30:57,895 [Thread-866] INFO  volume.HddsVolume (HddsVolume.java:<init>(176)) - Creating Volume: /workdir/hadoop-ozone/ozonefs/target/test-dir/MiniOzoneClusterImpl-1fad73fd-ee4e-4689-9aa7-77c41a043b41/datanode-2/data/containers/hdds of  storage type : DISK and capacity : 1482555576320
2019-08-24 12:30:57,896 [Thread-866] INFO  volume.VolumeSet (VolumeSet.java:initializeVolumeSet(170)) - Added Volume : /workdir/hadoop-ozone/ozonefs/target/test-dir/MiniOzoneClusterImpl-1fad73fd-ee4e-4689-9aa7-77c41a043b41/datanode-2/data/containers/hdds to VolumeSet
2019-08-24 12:30:57,896 [Thread-866] INFO  volume.ThrottledAsyncChecker (ThrottledAsyncChecker.java:schedule(140)) - Scheduling a check for org.apache.hadoop.ozone.container.common.volume.HddsVolume@51a1abac
2019-08-24 12:30:57,897 [Thread-866] INFO  volume.HddsVolumeChecker (HddsVolumeChecker.java:checkAllVolumes(203)) - Scheduled health check for volume org.apache.hadoop.ozone.container.common.volume.HddsVolume@51a1abac
2019-08-24 12:30:57,929 [Thread-866] INFO  impl.RaftServerProxy (ConfUtils.java:logGet(43)) - raft.rpc.type = GRPC (default)
2019-08-24 12:30:57,929 [Thread-866] INFO  grpc.GrpcFactory (GrpcFactory.java:checkPooledByteBufAllocatorUseCacheForAllThreads(45)) - PERFORMANCE WARNING: useCacheForAllThreads is true that may cause Netty to create a lot garbage objects and, as a result, trigger GC.
	It is recommended to disable useCacheForAllThreads by setting -Dorg.apache.ratis.thirdparty.io.netty.allocator.useCacheForAllThreads=false in command line.
2019-08-24 12:30:57,930 [Thread-866] INFO  grpc.GrpcConfigKeys$Server (ConfUtils.java:logGet(43)) - raft.grpc.server.port = 0 (default)
2019-08-24 12:30:57,930 [Thread-866] INFO  server.GrpcService (ConfUtils.java:logGet(43)) - raft.grpc.message.size.max = 33570816 (custom)
2019-08-24 12:30:57,930 [Thread-866] INFO  server.RaftServerConfigKeys (ConfUtils.java:logGet(43)) - raft.server.log.appender.buffer.byte-limit = 33554432 (custom)
2019-08-24 12:30:57,930 [Thread-866] INFO  server.GrpcService (ConfUtils.java:logGet(43)) - raft.grpc.flow.control.window = 1MB (=1048576) (default)
2019-08-24 12:30:57,931 [Thread-866] INFO  server.RaftServerConfigKeys (ConfUtils.java:logGet(43)) - raft.server.rpc.request.timeout = 3000ms (default)
2019-08-24 12:30:57,931 [Thread-866] INFO  server.RaftServerConfigKeys (ConfUtils.java:logGet(43)) - raft.server.storage.dir = [/workdir/hadoop-ozone/ozonefs/target/test-dir/MiniOzoneClusterImpl-1fad73fd-ee4e-4689-9aa7-77c41a043b41/datanode-2/data/ratis] (custom)
2019-08-24 12:30:57,932 [Thread-866] INFO  replication.SimpleContainerDownloader (SimpleContainerDownloader.java:<init>(72)) - Starting container downloader service to copy containers to replicate.
2019-08-24 12:30:57,933 [Thread-866] INFO  hdfs.DFSUtil (DFSUtil.java:httpServerTemplateForNNAndJN(1641)) - Starting Web-server for hddsDatanode at: http://0.0.0.0:0
2019-08-24 12:30:57,935 [Thread-866] INFO  server.AuthenticationFilter (AuthenticationFilter.java:constructSecretProvider(240)) - Unable to initialize FileSignerSecretProvider, falling back to use random secrets.
2019-08-24 12:30:57,936 [Thread-866] WARN  http.HttpRequestLog (HttpRequestLog.java:getRequestLog(97)) - Jetty request log can only be enabled using Log4j
2019-08-24 12:30:57,938 [Thread-866] INFO  http.HttpServer2 (HttpServer2.java:addGlobalFilter(975)) - Added global filter 'safety' (class=org.apache.hadoop.http.HttpServer2$QuotingInputFilter)
2019-08-24 12:30:57,938 [Thread-866] INFO  http.HttpServer2 (HttpServer2.java:addFilter(948)) - Added filter static_user_filter (class=org.apache.hadoop.http.lib.StaticUserWebFilter$StaticUserFilter) to context hddsDatanode
2019-08-24 12:30:57,939 [Thread-866] INFO  http.HttpServer2 (HttpServer2.java:addFilter(958)) - Added filter static_user_filter (class=org.apache.hadoop.http.lib.StaticUserWebFilter$StaticUserFilter) to context logs
2019-08-24 12:30:57,939 [Thread-866] INFO  http.HttpServer2 (HttpServer2.java:addFilter(958)) - Added filter static_user_filter (class=org.apache.hadoop.http.lib.StaticUserWebFilter$StaticUserFilter) to context static
2019-08-24 12:30:57,940 [Thread-866] INFO  http.HttpServer2 (HttpServer2.java:bindListener(1191)) - Jetty bound to port 33441
2019-08-24 12:30:57,940 [Thread-866] INFO  server.Server (Server.java:doStart(351)) - jetty-9.3.24.v20180605, build timestamp: 2018-06-05T17:11:56Z, git hash: 84205aa28f11a4f31f2a3b86d1bba2cc8ab69827
2019-08-24 12:30:57,942 [Thread-866] INFO  handler.ContextHandler (ContextHandler.java:doStart(781)) - Started o.e.j.s.ServletContextHandler@52bf603e{/logs,file:///workdir/hadoop-ozone/ozonefs/target/log,AVAILABLE}
2019-08-24 12:30:57,942 [Thread-866] INFO  handler.ContextHandler (ContextHandler.java:doStart(781)) - Started o.e.j.s.ServletContextHandler@2bfe82eb{/static,jar:file:/home/user/.m2/repository/org/apache/hadoop/hadoop-hdds-container-service/0.5.0-SNAPSHOT/hadoop-hdds-container-service-0.5.0-SNAPSHOT.jar!/webapps/static,AVAILABLE}
2019-08-24 12:30:57,978 [Thread-866] INFO  handler.ContextHandler (ContextHandler.java:doStart(781)) - Started o.e.j.w.WebAppContext@487c2b08{/,file:///tmp/jetty-0.0.0.0-33441-hddsDatanode-_-any-2927384058034788459.dir/webapp/,AVAILABLE}{/hddsDatanode}
2019-08-24 12:30:57,979 [Thread-866] INFO  server.AbstractConnector (AbstractConnector.java:doStart(278)) - Started ServerConnector@666a7489{HTTP/1.1,[http/1.1]}{0.0.0.0:33441}
2019-08-24 12:30:57,980 [Thread-866] INFO  server.Server (Server.java:doStart(419)) - Started @73425ms
2019-08-24 12:30:57,980 [Thread-866] INFO  server.BaseHttpServer (BaseHttpServer.java:updateConnectorAddress(213)) - HTTP server of HDDSDATANODE is listening at http://0.0.0.0:33441
2019-08-24 12:30:57,981 [Thread-866] INFO  ozone.MiniOzoneClusterImpl (MiniOzoneClusterImpl.java:lambda$waitForClusterToBeReady$0(140)) - Waiting for cluster to be ready. Got 0 of 3 DN Heartbeats.
2019-08-24 12:30:57,982 [org.apache.hadoop.util.JvmPauseMonitor$Monitor@1c576ba] INFO  util.JvmPauseMonitor (JvmPauseMonitor.java:run(188)) - Starting JVM pause monitor
2019-08-24 12:30:57,985 [Datanode State Machine Thread - 0] INFO  datanode.InitDatanodeState (InitDatanodeState.java:persistContainerDatanodeDetails(140)) - DatanodeDetails is persisted to /workdir/hadoop-ozone/ozonefs/target/test-dir/MiniOzoneClusterImpl-1fad73fd-ee4e-4689-9aa7-77c41a043b41/datanode-2/meta/datanode.id
2019-08-24 12:30:58,981 [Thread-866] INFO  ozone.MiniOzoneClusterImpl (MiniOzoneClusterImpl.java:lambda$waitForClusterToBeReady$0(140)) - Waiting for cluster to be ready. Got 0 of 3 DN Heartbeats.
2019-08-24 12:30:59,550 | INFO  | SCMAudit | user=jenkins1000 | ip=192.168.5.162 | op=GET_VERSION null | ret=SUCCESS |  
2019-08-24 12:30:59,565 [Datanode State Machine Thread - 0] INFO  ozoneimpl.OzoneContainer (OzoneContainer.java:start(186)) - Attempting to start container services.
2019-08-24 12:30:59,565 [Datanode State Machine Thread - 0] INFO  ozoneimpl.OzoneContainer (OzoneContainer.java:startContainerScrub(160)) - Background container scrubber has been disabled by hdds.containerscrub.enabled
2019-08-24 12:30:59,566 [Datanode State Machine Thread - 0] INFO  ratis.XceiverServerRatis (XceiverServerRatis.java:start(404)) - Starting XceiverServerRatis e2ac2037-ee3d-48d6-b404-f250a7ef6edb at port 0
2019-08-24 12:30:59,574 [Datanode State Machine Thread - 0] INFO  impl.RaftServerProxy (RaftServerProxy.java:lambda$start$3(299)) - e2ac2037-ee3d-48d6-b404-f250a7ef6edb: start RPC server
2019-08-24 12:30:59,577 [Datanode State Machine Thread - 0] INFO  server.GrpcService (GrpcService.java:startImpl(149)) - e2ac2037-ee3d-48d6-b404-f250a7ef6edb: GrpcService started, listening on 0.0.0.0/0.0.0.0:41210
2019-08-24 12:30:59,577 [Datanode State Machine Thread - 0] INFO  ratis.XceiverServerRatis (XceiverServerRatis.java:start(414)) - XceiverServerRatis e2ac2037-ee3d-48d6-b404-f250a7ef6edb is started using port 41210
2019-08-24 12:30:59,578 [Datanode State Machine Thread - 0] INFO  server.XceiverServerGrpc (XceiverServerGrpc.java:start(161)) - XceiverServerGrpc e2ac2037-ee3d-48d6-b404-f250a7ef6edb is started using port 34730
2019-08-24 12:30:59,887 | INFO  | SCMAudit | user=jenkins1000 | ip=192.168.5.162 | op=GET_VERSION null | ret=SUCCESS |  
2019-08-24 12:30:59,902 [Datanode State Machine Thread - 0] INFO  ozoneimpl.OzoneContainer (OzoneContainer.java:start(186)) - Attempting to start container services.
2019-08-24 12:30:59,902 [Datanode State Machine Thread - 0] INFO  ozoneimpl.OzoneContainer (OzoneContainer.java:startContainerScrub(160)) - Background container scrubber has been disabled by hdds.containerscrub.enabled
2019-08-24 12:30:59,902 [Datanode State Machine Thread - 0] INFO  ratis.XceiverServerRatis (XceiverServerRatis.java:start(404)) - Starting XceiverServerRatis db736570-cb99-4aa0-a6ec-c211e3403207 at port 0
2019-08-24 12:30:59,909 [Datanode State Machine Thread - 0] INFO  impl.RaftServerProxy (RaftServerProxy.java:lambda$start$3(299)) - db736570-cb99-4aa0-a6ec-c211e3403207: start RPC server
2019-08-24 12:30:59,910 [Datanode State Machine Thread - 0] INFO  server.GrpcService (GrpcService.java:startImpl(149)) - db736570-cb99-4aa0-a6ec-c211e3403207: GrpcService started, listening on 0.0.0.0/0.0.0.0:42358
2019-08-24 12:30:59,911 [Datanode State Machine Thread - 0] INFO  ratis.XceiverServerRatis (XceiverServerRatis.java:start(414)) - XceiverServerRatis db736570-cb99-4aa0-a6ec-c211e3403207 is started using port 42358
2019-08-24 12:30:59,912 [Datanode State Machine Thread - 0] INFO  server.XceiverServerGrpc (XceiverServerGrpc.java:start(161)) - XceiverServerGrpc db736570-cb99-4aa0-a6ec-c211e3403207 is started using port 44673
2019-08-24 12:30:59,982 [Thread-866] INFO  ozone.MiniOzoneClusterImpl (MiniOzoneClusterImpl.java:lambda$waitForClusterToBeReady$0(140)) - Waiting for cluster to be ready. Got 0 of 3 DN Heartbeats.
2019-08-24 12:30:59,983 | INFO  | SCMAudit | user=jenkins1000 | ip=192.168.5.162 | op=GET_VERSION null | ret=SUCCESS |  
2019-08-24 12:31:00,006 [Datanode State Machine Thread - 0] INFO  ozoneimpl.OzoneContainer (OzoneContainer.java:start(186)) - Attempting to start container services.
2019-08-24 12:31:00,006 [Datanode State Machine Thread - 0] INFO  ozoneimpl.OzoneContainer (OzoneContainer.java:startContainerScrub(160)) - Background container scrubber has been disabled by hdds.containerscrub.enabled
2019-08-24 12:31:00,007 [Datanode State Machine Thread - 0] INFO  ratis.XceiverServerRatis (XceiverServerRatis.java:start(404)) - Starting XceiverServerRatis e27831c6-c78a-4dee-b9b2-810b106d9595 at port 0
2019-08-24 12:31:00,013 [Datanode State Machine Thread - 0] INFO  impl.RaftServerProxy (RaftServerProxy.java:lambda$start$3(299)) - e27831c6-c78a-4dee-b9b2-810b106d9595: start RPC server
2019-08-24 12:31:00,014 [Datanode State Machine Thread - 0] INFO  server.GrpcService (GrpcService.java:startImpl(149)) - e27831c6-c78a-4dee-b9b2-810b106d9595: GrpcService started, listening on 0.0.0.0/0.0.0.0:43269
2019-08-24 12:31:00,014 [Datanode State Machine Thread - 0] INFO  ratis.XceiverServerRatis (XceiverServerRatis.java:start(414)) - XceiverServerRatis e27831c6-c78a-4dee-b9b2-810b106d9595 is started using port 43269
2019-08-24 12:31:00,015 [Datanode State Machine Thread - 0] INFO  server.XceiverServerGrpc (XceiverServerGrpc.java:start(161)) - XceiverServerGrpc e27831c6-c78a-4dee-b9b2-810b106d9595 is started using port 41171
2019-08-24 12:31:00,982 [Thread-866] INFO  ozone.MiniOzoneClusterImpl (MiniOzoneClusterImpl.java:lambda$waitForClusterToBeReady$0(140)) - Waiting for cluster to be ready. Got 0 of 3 DN Heartbeats.
2019-08-24 12:31:01,549 [IPC Server handler 17 on 45023] INFO  net.NetworkTopology (NetworkTopologyImpl.java:add(110)) - Added a new node: /default-rack/e2ac2037-ee3d-48d6-b404-f250a7ef6edb
2019-08-24 12:31:01,551 [IPC Server handler 17 on 45023] INFO  node.SCMNodeManager (SCMNodeManager.java:register(273)) - Registered Data node : e2ac2037-ee3d-48d6-b404-f250a7ef6edb{ip: 192.168.5.162, host: dev-check-20190824-g8v5p-1270076377, networkLocation: /default-rack, certSerialId: null}
2019-08-24 12:31:01,551 | INFO  | SCMAudit | user=jenkins1000 | ip=192.168.5.162 | op=REGISTER {datanodeDetails=e2ac2037-ee3d-48d6-b404-f250a7ef6edb{ip: 192.168.5.162, host: dev-check-20190824-g8v5p-1270076377, networkLocation: /default-rack, certSerialId: null}} | ret=SUCCESS |  
2019-08-24 12:31:01,552 [EventQueue-NodeRegistrationContainerReportForDataNodeSafeModeRule] INFO  safemode.SCMSafeModeManager (DataNodeSafeModeRule.java:process(71)) - SCM in safe mode. 1 DataNodes registered, 1 required.
2019-08-24 12:31:01,553 [EventQueue-NodeRegistrationContainerReportForDataNodeSafeModeRule] INFO  safemode.SCMSafeModeManager (SCMSafeModeManager.java:validateSafeModeExitRules(177)) - ScmSafeModeManager, all rules are successfully validated
2019-08-24 12:31:01,553 [EventQueue-NodeRegistrationContainerReportForDataNodeSafeModeRule] INFO  safemode.SCMSafeModeManager (SCMSafeModeManager.java:exitSafeMode(193)) - SCM exiting safe mode.
2019-08-24 12:31:01,569 [grpc-default-executor-0] INFO  impl.RaftServerProxy (RaftServerProxy.java:addNew(89)) - e2ac2037-ee3d-48d6-b404-f250a7ef6edb: addNew group-AA959350B4A6:[e2ac2037-ee3d-48d6-b404-f250a7ef6edb:192.168.5.162:41210] returns group-AA959350B4A6:java.util.concurrent.CompletableFuture@4761b20[Not completed]
2019-08-24 12:31:01,571 [pool-239-thread-1] INFO  impl.RaftServerImpl (RaftServerImpl.java:<init>(93)) - e2ac2037-ee3d-48d6-b404-f250a7ef6edb: new RaftServerImpl for group-AA959350B4A6:[e2ac2037-ee3d-48d6-b404-f250a7ef6edb:192.168.5.162:41210] with ContainerStateMachine:uninitialized
2019-08-24 12:31:01,571 [pool-239-thread-1] INFO  server.RaftServerConfigKeys (ConfUtils.java:logGet(43)) - raft.server.rpc.timeout.min = 5s (custom)
2019-08-24 12:31:01,572 [pool-239-thread-1] INFO  server.RaftServerConfigKeys (ConfUtils.java:logGet(43)) - raft.server.rpc.timeout.max = 5200ms (custom)
2019-08-24 12:31:01,572 [pool-239-thread-1] INFO  server.RaftServerConfigKeys (ConfUtils.java:logGet(43)) - raft.server.rpcslowness.timeout = 120s (custom)
2019-08-24 12:31:01,572 [pool-239-thread-1] INFO  server.RaftServerConfigKeys (ConfUtils.java:logGet(43)) - raft.server.sleep.deviation.threshold = 300 (default)
2019-08-24 12:31:01,572 [pool-239-thread-1] INFO  server.RaftServerConfigKeys (ConfUtils.java:logGet(43)) - raft.server.log.appender.install.snapshot.enabled = false (custom)
2019-08-24 12:31:01,572 [pool-239-thread-1] INFO  impl.RaftServerImpl (ServerState.java:<init>(105)) - e2ac2037-ee3d-48d6-b404-f250a7ef6edb:group-AA959350B4A6 ConfigurationManager, init=-1: [e2ac2037-ee3d-48d6-b404-f250a7ef6edb:192.168.5.162:41210], old=null, confs=<EMPTY_MAP>
2019-08-24 12:31:01,572 [pool-239-thread-1] INFO  server.RaftServerConfigKeys (ConfUtils.java:logGet(43)) - raft.server.storage.dir = [/workdir/hadoop-ozone/ozonefs/target/test-dir/MiniOzoneClusterImpl-1fad73fd-ee4e-4689-9aa7-77c41a043b41/datanode-0/data/ratis] (custom)
2019-08-24 12:31:01,573 [pool-239-thread-1] INFO  storage.RaftStorageDirectory (RaftStorageDirectory.java:analyzeStorage(246)) - The storage directory /workdir/hadoop-ozone/ozonefs/target/test-dir/MiniOzoneClusterImpl-1fad73fd-ee4e-4689-9aa7-77c41a043b41/datanode-0/data/ratis/c1fcb0ad-026c-427a-bf76-aa959350b4a6 does not exist. Creating ...
2019-08-24 12:31:01,587 [pool-239-thread-1] INFO  storage.RaftStorageDirectory (RaftStorageDirectory.java:tryLock(328)) - Lock on /workdir/hadoop-ozone/ozonefs/target/test-dir/MiniOzoneClusterImpl-1fad73fd-ee4e-4689-9aa7-77c41a043b41/datanode-0/data/ratis/c1fcb0ad-026c-427a-bf76-aa959350b4a6/in_use.lock acquired by nodename 29876@dev-check-20190824-g8v5p-1270076377
2019-08-24 12:31:01,601 [pool-239-thread-1] INFO  storage.RaftStorage (RaftStorage.java:format(72)) - Storage directory /workdir/hadoop-ozone/ozonefs/target/test-dir/MiniOzoneClusterImpl-1fad73fd-ee4e-4689-9aa7-77c41a043b41/datanode-0/data/ratis/c1fcb0ad-026c-427a-bf76-aa959350b4a6 has been successfully formatted.
2019-08-24 12:31:01,601 [pool-239-thread-1] INFO  ratis.ContainerStateMachine (ContainerStateMachine.java:loadSnapshot(226)) - group-AA959350B4A6: The snapshot info is null. Setting the last applied indexto:(t:0, i:~)
2019-08-24 12:31:01,601 [pool-239-thread-1] INFO  server.RaftServerConfigKeys (ConfUtils.java:logGet(43)) - raft.server.leader.election.timeout = 120s (custom)
2019-08-24 12:31:01,601 [pool-239-thread-1] INFO  server.RaftServerConfigKeys (ConfUtils.java:logGet(43)) - raft.server.log.use.memory = false (default)
2019-08-24 12:31:01,602 [pool-239-thread-1] INFO  server.RaftServerConfigKeys (ConfUtils.java:logGet(43)) - raft.server.log.purge.gap = 1000000 (custom)
2019-08-24 12:31:01,602 [pool-239-thread-1] INFO  server.RaftServerConfigKeys (ConfUtils.java:logGet(43)) - raft.server.log.appender.buffer.byte-limit = 33554432 (custom)
2019-08-24 12:31:01,602 [pool-239-thread-1] INFO  server.RaftServerConfigKeys (ConfUtils.java:logGet(43)) - raft.server.log.segment.size.max = 1048576 (custom)
2019-08-24 12:31:01,602 [pool-239-thread-1] INFO  server.RaftServerConfigKeys (ConfUtils.java:logGet(43)) - raft.server.log.segment.cache.num.max = 2 (custom)
2019-08-24 12:31:01,602 [pool-239-thread-1] INFO  segmented.SegmentedRaftLogWorker (SegmentedRaftLogWorker.java:<init>(172)) - new e2ac2037-ee3d-48d6-b404-f250a7ef6edb-SegmentedRaftLogWorker:Storage Directory /workdir/hadoop-ozone/ozonefs/target/test-dir/MiniOzoneClusterImpl-1fad73fd-ee4e-4689-9aa7-77c41a043b41/datanode-0/data/ratis/c1fcb0ad-026c-427a-bf76-aa959350b4a6 for RaftStorage:Storage Directory /workdir/hadoop-ozone/ozonefs/target/test-dir/MiniOzoneClusterImpl-1fad73fd-ee4e-4689-9aa7-77c41a043b41/datanode-0/data/ratis/c1fcb0ad-026c-427a-bf76-aa959350b4a6
2019-08-24 12:31:01,603 [pool-239-thread-1] INFO  server.RaftServerConfigKeys (ConfUtils.java:logGet(43)) - raft.server.log.queue.byte-limit = 2147483647 (custom)
2019-08-24 12:31:01,603 [pool-239-thread-1] INFO  server.RaftServerConfigKeys (ConfUtils.java:logGet(43)) - raft.server.log.queue.element-limit = 1024 (custom)
2019-08-24 12:31:01,603 [pool-239-thread-1] INFO  server.RaftServerConfigKeys (ConfUtils.java:logGet(43)) - raft.server.log.segment.size.max = 1048576 (custom)
2019-08-24 12:31:01,603 [pool-239-thread-1] INFO  server.RaftServerConfigKeys (ConfUtils.java:logGet(43)) - raft.server.log.preallocated.size = 16384 (custom)
2019-08-24 12:31:01,604 [pool-239-thread-1] INFO  server.RaftServerConfigKeys (ConfUtils.java:logGet(43)) - raft.server.log.write.buffer.size = 33554432 (custom)
2019-08-24 12:31:01,604 [pool-239-thread-1] INFO  server.RaftServerConfigKeys (ConfUtils.java:logGet(43)) - raft.server.log.force.sync.num = 128 (default)
2019-08-24 12:31:01,604 [pool-239-thread-1] INFO  server.RaftServerConfigKeys (ConfUtils.java:logGet(43)) - raft.server.log.statemachine.data.sync = true (default)
2019-08-24 12:31:01,604 [pool-239-thread-1] INFO  server.RaftServerConfigKeys (ConfUtils.java:logGet(43)) - raft.server.log.statemachine.data.sync.timeout = 10s (default)
2019-08-24 12:31:01,604 [pool-239-thread-1] INFO  server.RaftServerConfigKeys (ConfUtils.java:logGet(43)) - raft.server.log.statemachine.data.sync.timeout.retry = -1 (default)
2019-08-24 12:31:01,605 [pool-239-thread-1] INFO  server.RaftServerConfigKeys (ConfUtils.java:logGet(43)) - raft.server.log.statemachine.data.caching.enabled = true (custom)
2019-08-24 12:31:01,605 [pool-239-thread-1] INFO  segmented.SegmentedRaftLogWorker (SegmentedRaftLogWorker.java:lambda$new$0(132)) - e2ac2037-ee3d-48d6-b404-f250a7ef6edb-SegmentedRaftLogWorker:Storage Directory /workdir/hadoop-ozone/ozonefs/target/test-dir/MiniOzoneClusterImpl-1fad73fd-ee4e-4689-9aa7-77c41a043b41/datanode-0/data/ratis/c1fcb0ad-026c-427a-bf76-aa959350b4a6: flushIndex: setUnconditionally 0 -> -1
2019-08-24 12:31:01,606 [pool-239-thread-1] INFO  server.RaftServerConfigKeys (ConfUtils.java:logGet(43)) - raft.server.snapshot.auto.trigger.enabled = true (custom)
2019-08-24 12:31:01,606 [pool-239-thread-1] INFO  server.RaftServerConfigKeys (ConfUtils.java:logGet(43)) - raft.server.snapshot.auto.trigger.threshold = 10000 (custom)
2019-08-24 12:31:01,606 [pool-239-thread-1] INFO  server.RaftServerConfigKeys (ConfUtils.java:logGet(43)) - raft.server.retrycache.expirytime = 600000ms (custom)
2019-08-24 12:31:01,606 [pool-239-thread-1] INFO  impl.RaftServerImpl (RaftServerImpl.java:start(180)) - e2ac2037-ee3d-48d6-b404-f250a7ef6edb: start group-AA959350B4A6
2019-08-24 12:31:01,606 [pool-239-thread-1] INFO  impl.RaftServerImpl (RaftServerImpl.java:setRole(171)) - e2ac2037-ee3d-48d6-b404-f250a7ef6edb:group-AA959350B4A6 changes role from null to FOLLOWER at term 0 for startAsFollower
2019-08-24 12:31:01,607 [pool-239-thread-1] INFO  impl.RoleInfo (RoleInfo.java:updateAndGet(143)) - e2ac2037-ee3d-48d6-b404-f250a7ef6edb: start FollowerState
2019-08-24 12:31:01,607 [pool-239-thread-1] INFO  util.JmxRegister (JmxRegister.java:tryRegister(44)) - Successfully registered JMX Bean with object name Ratis:service=RaftServer,group=group-AA959350B4A6,id=e2ac2037-ee3d-48d6-b404-f250a7ef6edb
2019-08-24 12:31:01,612 [RatisPipelineUtilsThread] INFO  pipeline.PipelineStateManager (PipelineStateManager.java:addPipeline(56)) - Created pipeline Pipeline[ Id: c1fcb0ad-026c-427a-bf76-aa959350b4a6, Nodes: e2ac2037-ee3d-48d6-b404-f250a7ef6edb{ip: 192.168.5.162, host: dev-check-20190824-g8v5p-1270076377, networkLocation: /default-rack, certSerialId: null}, Type:RATIS, Factor:ONE, State:OPEN]
2019-08-24 12:31:01,887 [IPC Server handler 6 on 45023] INFO  net.NetworkTopology (NetworkTopologyImpl.java:add(110)) - Added a new node: /default-rack/db736570-cb99-4aa0-a6ec-c211e3403207
2019-08-24 12:31:01,887 [IPC Server handler 6 on 45023] INFO  node.SCMNodeManager (SCMNodeManager.java:register(273)) - Registered Data node : db736570-cb99-4aa0-a6ec-c211e3403207{ip: 192.168.5.162, host: dev-check-20190824-g8v5p-1270076377, networkLocation: /default-rack, certSerialId: null}
2019-08-24 12:31:01,888 | INFO  | SCMAudit | user=jenkins1000 | ip=192.168.5.162 | op=REGISTER {datanodeDetails=db736570-cb99-4aa0-a6ec-c211e3403207{ip: 192.168.5.162, host: dev-check-20190824-g8v5p-1270076377, networkLocation: /default-rack, certSerialId: null}} | ret=SUCCESS |  
2019-08-24 12:31:01,902 [grpc-default-executor-0] INFO  impl.RaftServerProxy (RaftServerProxy.java:addNew(89)) - db736570-cb99-4aa0-a6ec-c211e3403207: addNew group-3500FCE2D7F1:[db736570-cb99-4aa0-a6ec-c211e3403207:192.168.5.162:42358] returns group-3500FCE2D7F1:java.util.concurrent.CompletableFuture@50425a5c[Not completed]
2019-08-24 12:31:01,905 [pool-250-thread-1] INFO  impl.RaftServerImpl (RaftServerImpl.java:<init>(93)) - db736570-cb99-4aa0-a6ec-c211e3403207: new RaftServerImpl for group-3500FCE2D7F1:[db736570-cb99-4aa0-a6ec-c211e3403207:192.168.5.162:42358] with ContainerStateMachine:uninitialized
2019-08-24 12:31:01,905 [pool-250-thread-1] INFO  server.RaftServerConfigKeys (ConfUtils.java:logGet(43)) - raft.server.rpc.timeout.min = 5s (custom)
2019-08-24 12:31:01,905 [pool-250-thread-1] INFO  server.RaftServerConfigKeys (ConfUtils.java:logGet(43)) - raft.server.rpc.timeout.max = 5200ms (custom)
2019-08-24 12:31:01,906 [pool-250-thread-1] INFO  server.RaftServerConfigKeys (ConfUtils.java:logGet(43)) - raft.server.rpcslowness.timeout = 120s (custom)
2019-08-24 12:31:01,906 [pool-250-thread-1] INFO  server.RaftServerConfigKeys (ConfUtils.java:logGet(43)) - raft.server.sleep.deviation.threshold = 300 (default)
2019-08-24 12:31:01,906 [pool-250-thread-1] INFO  server.RaftServerConfigKeys (ConfUtils.java:logGet(43)) - raft.server.log.appender.install.snapshot.enabled = false (custom)
2019-08-24 12:31:01,906 [pool-250-thread-1] INFO  impl.RaftServerImpl (ServerState.java:<init>(105)) - db736570-cb99-4aa0-a6ec-c211e3403207:group-3500FCE2D7F1 ConfigurationManager, init=-1: [db736570-cb99-4aa0-a6ec-c211e3403207:192.168.5.162:42358], old=null, confs=<EMPTY_MAP>
2019-08-24 12:31:01,906 [pool-250-thread-1] INFO  server.RaftServerConfigKeys (ConfUtils.java:logGet(43)) - raft.server.storage.dir = [/workdir/hadoop-ozone/ozonefs/target/test-dir/MiniOzoneClusterImpl-1fad73fd-ee4e-4689-9aa7-77c41a043b41/datanode-1/data/ratis] (custom)
2019-08-24 12:31:01,907 [pool-250-thread-1] INFO  storage.RaftStorageDirectory (RaftStorageDirectory.java:analyzeStorage(246)) - The storage directory /workdir/hadoop-ozone/ozonefs/target/test-dir/MiniOzoneClusterImpl-1fad73fd-ee4e-4689-9aa7-77c41a043b41/datanode-1/data/ratis/cb8fe672-3ed7-4be8-9321-3500fce2d7f1 does not exist. Creating ...
2019-08-24 12:31:01,938 [pool-250-thread-1] INFO  storage.RaftStorageDirectory (RaftStorageDirectory.java:tryLock(328)) - Lock on /workdir/hadoop-ozone/ozonefs/target/test-dir/MiniOzoneClusterImpl-1fad73fd-ee4e-4689-9aa7-77c41a043b41/datanode-1/data/ratis/cb8fe672-3ed7-4be8-9321-3500fce2d7f1/in_use.lock acquired by nodename 29876@dev-check-20190824-g8v5p-1270076377
2019-08-24 12:31:01,952 [pool-250-thread-1] INFO  storage.RaftStorage (RaftStorage.java:format(72)) - Storage directory /workdir/hadoop-ozone/ozonefs/target/test-dir/MiniOzoneClusterImpl-1fad73fd-ee4e-4689-9aa7-77c41a043b41/datanode-1/data/ratis/cb8fe672-3ed7-4be8-9321-3500fce2d7f1 has been successfully formatted.
2019-08-24 12:31:01,952 [pool-250-thread-1] INFO  ratis.ContainerStateMachine (ContainerStateMachine.java:loadSnapshot(226)) - group-3500FCE2D7F1: The snapshot info is null. Setting the last applied indexto:(t:0, i:~)
2019-08-24 12:31:01,952 [pool-250-thread-1] INFO  server.RaftServerConfigKeys (ConfUtils.java:logGet(43)) - raft.server.leader.election.timeout = 120s (custom)
2019-08-24 12:31:01,953 [pool-250-thread-1] INFO  server.RaftServerConfigKeys (ConfUtils.java:logGet(43)) - raft.server.log.use.memory = false (default)
2019-08-24 12:31:01,953 [pool-250-thread-1] INFO  server.RaftServerConfigKeys (ConfUtils.java:logGet(43)) - raft.server.log.purge.gap = 1000000 (custom)
2019-08-24 12:31:01,953 [pool-250-thread-1] INFO  server.RaftServerConfigKeys (ConfUtils.java:logGet(43)) - raft.server.log.appender.buffer.byte-limit = 33554432 (custom)
2019-08-24 12:31:01,953 [pool-250-thread-1] INFO  server.RaftServerConfigKeys (ConfUtils.java:logGet(43)) - raft.server.log.segment.size.max = 1048576 (custom)
2019-08-24 12:31:01,953 [pool-250-thread-1] INFO  server.RaftServerConfigKeys (ConfUtils.java:logGet(43)) - raft.server.log.segment.cache.num.max = 2 (custom)
2019-08-24 12:31:01,954 [pool-250-thread-1] INFO  segmented.SegmentedRaftLogWorker (SegmentedRaftLogWorker.java:<init>(172)) - new db736570-cb99-4aa0-a6ec-c211e3403207-SegmentedRaftLogWorker:Storage Directory /workdir/hadoop-ozone/ozonefs/target/test-dir/MiniOzoneClusterImpl-1fad73fd-ee4e-4689-9aa7-77c41a043b41/datanode-1/data/ratis/cb8fe672-3ed7-4be8-9321-3500fce2d7f1 for RaftStorage:Storage Directory /workdir/hadoop-ozone/ozonefs/target/test-dir/MiniOzoneClusterImpl-1fad73fd-ee4e-4689-9aa7-77c41a043b41/datanode-1/data/ratis/cb8fe672-3ed7-4be8-9321-3500fce2d7f1
2019-08-24 12:31:01,954 [pool-250-thread-1] INFO  server.RaftServerConfigKeys (ConfUtils.java:logGet(43)) - raft.server.log.queue.byte-limit = 2147483647 (custom)
2019-08-24 12:31:01,954 [pool-250-thread-1] INFO  server.RaftServerConfigKeys (ConfUtils.java:logGet(43)) - raft.server.log.queue.element-limit = 1024 (custom)
2019-08-24 12:31:01,955 [pool-250-thread-1] INFO  server.RaftServerConfigKeys (ConfUtils.java:logGet(43)) - raft.server.log.segment.size.max = 1048576 (custom)
2019-08-24 12:31:01,955 [pool-250-thread-1] INFO  server.RaftServerConfigKeys (ConfUtils.java:logGet(43)) - raft.server.log.preallocated.size = 16384 (custom)
2019-08-24 12:31:01,955 [pool-250-thread-1] INFO  server.RaftServerConfigKeys (ConfUtils.java:logGet(43)) - raft.server.log.write.buffer.size = 33554432 (custom)
2019-08-24 12:31:01,955 [pool-250-thread-1] INFO  server.RaftServerConfigKeys (ConfUtils.java:logGet(43)) - raft.server.log.force.sync.num = 128 (default)
2019-08-24 12:31:01,956 [pool-250-thread-1] INFO  server.RaftServerConfigKeys (ConfUtils.java:logGet(43)) - raft.server.log.statemachine.data.sync = true (default)
2019-08-24 12:31:01,956 [pool-250-thread-1] INFO  server.RaftServerConfigKeys (ConfUtils.java:logGet(43)) - raft.server.log.statemachine.data.sync.timeout = 10s (default)
2019-08-24 12:31:01,956 [pool-250-thread-1] INFO  server.RaftServerConfigKeys (ConfUtils.java:logGet(43)) - raft.server.log.statemachine.data.sync.timeout.retry = -1 (default)
2019-08-24 12:31:01,956 [pool-250-thread-1] INFO  server.RaftServerConfigKeys (ConfUtils.java:logGet(43)) - raft.server.log.statemachine.data.caching.enabled = true (custom)
2019-08-24 12:31:01,957 [pool-250-thread-1] INFO  segmented.SegmentedRaftLogWorker (SegmentedRaftLogWorker.java:lambda$new$0(132)) - db736570-cb99-4aa0-a6ec-c211e3403207-SegmentedRaftLogWorker:Storage Directory /workdir/hadoop-ozone/ozonefs/target/test-dir/MiniOzoneClusterImpl-1fad73fd-ee4e-4689-9aa7-77c41a043b41/datanode-1/data/ratis/cb8fe672-3ed7-4be8-9321-3500fce2d7f1: flushIndex: setUnconditionally 0 -> -1
2019-08-24 12:31:01,957 [pool-250-thread-1] INFO  server.RaftServerConfigKeys (ConfUtils.java:logGet(43)) - raft.server.snapshot.auto.trigger.enabled = true (custom)
2019-08-24 12:31:01,958 [pool-250-thread-1] INFO  server.RaftServerConfigKeys (ConfUtils.java:logGet(43)) - raft.server.snapshot.auto.trigger.threshold = 10000 (custom)
2019-08-24 12:31:01,958 [pool-250-thread-1] INFO  server.RaftServerConfigKeys (ConfUtils.java:logGet(43)) - raft.server.retrycache.expirytime = 600000ms (custom)
2019-08-24 12:31:01,958 [pool-250-thread-1] INFO  impl.RaftServerImpl (RaftServerImpl.java:start(180)) - db736570-cb99-4aa0-a6ec-c211e3403207: start group-3500FCE2D7F1
2019-08-24 12:31:01,958 [pool-250-thread-1] INFO  impl.RaftServerImpl (RaftServerImpl.java:setRole(171)) - db736570-cb99-4aa0-a6ec-c211e3403207:group-3500FCE2D7F1 changes role from null to FOLLOWER at term 0 for startAsFollower
2019-08-24 12:31:01,959 [pool-250-thread-1] INFO  impl.RoleInfo (RoleInfo.java:updateAndGet(143)) - db736570-cb99-4aa0-a6ec-c211e3403207: start FollowerState
2019-08-24 12:31:01,959 [pool-250-thread-1] INFO  util.JmxRegister (JmxRegister.java:tryRegister(44)) - Successfully registered JMX Bean with object name Ratis:service=RaftServer,group=group-3500FCE2D7F1,id=db736570-cb99-4aa0-a6ec-c211e3403207
2019-08-24 12:31:01,965 [RatisPipelineUtilsThread] INFO  pipeline.PipelineStateManager (PipelineStateManager.java:addPipeline(56)) - Created pipeline Pipeline[ Id: cb8fe672-3ed7-4be8-9321-3500fce2d7f1, Nodes: db736570-cb99-4aa0-a6ec-c211e3403207{ip: 192.168.5.162, host: dev-check-20190824-g8v5p-1270076377, networkLocation: /default-rack, certSerialId: null}, Type:RATIS, Factor:ONE, State:OPEN]
2019-08-24 12:31:01,983 [Thread-866] INFO  ozone.MiniOzoneClusterImpl (MiniOzoneClusterImpl.java:lambda$waitForClusterToBeReady$0(140)) - Waiting for cluster to be ready. Got 2 of 3 DN Heartbeats.
2019-08-24 12:31:01,984 [IPC Server handler 18 on 45023] INFO  net.NetworkTopology (NetworkTopologyImpl.java:add(110)) - Added a new node: /default-rack/e27831c6-c78a-4dee-b9b2-810b106d9595
2019-08-24 12:31:01,984 [IPC Server handler 18 on 45023] INFO  node.SCMNodeManager (SCMNodeManager.java:register(273)) - Registered Data node : e27831c6-c78a-4dee-b9b2-810b106d9595{ip: 192.168.5.162, host: dev-check-20190824-g8v5p-1270076377, networkLocation: /default-rack, certSerialId: null}
2019-08-24 12:31:01,986 | INFO  | SCMAudit | user=jenkins1000 | ip=192.168.5.162 | op=REGISTER {datanodeDetails=e27831c6-c78a-4dee-b9b2-810b106d9595{ip: 192.168.5.162, host: dev-check-20190824-g8v5p-1270076377, networkLocation: /default-rack, certSerialId: null}} | ret=SUCCESS |  
2019-08-24 12:31:01,998 [grpc-default-executor-0] INFO  impl.RaftServerProxy (RaftServerProxy.java:addNew(89)) - e27831c6-c78a-4dee-b9b2-810b106d9595: addNew group-78A0971203BC:[e27831c6-c78a-4dee-b9b2-810b106d9595:192.168.5.162:43269] returns group-78A0971203BC:java.util.concurrent.CompletableFuture@994b8c0[Not completed]
2019-08-24 12:31:02,000 [pool-261-thread-1] INFO  impl.RaftServerImpl (RaftServerImpl.java:<init>(93)) - e27831c6-c78a-4dee-b9b2-810b106d9595: new RaftServerImpl for group-78A0971203BC:[e27831c6-c78a-4dee-b9b2-810b106d9595:192.168.5.162:43269] with ContainerStateMachine:uninitialized
2019-08-24 12:31:02,000 [pool-261-thread-1] INFO  server.RaftServerConfigKeys (ConfUtils.java:logGet(43)) - raft.server.rpc.timeout.min = 5s (custom)
2019-08-24 12:31:02,000 [pool-261-thread-1] INFO  server.RaftServerConfigKeys (ConfUtils.java:logGet(43)) - raft.server.rpc.timeout.max = 5200ms (custom)
2019-08-24 12:31:02,001 [pool-261-thread-1] INFO  server.RaftServerConfigKeys (ConfUtils.java:logGet(43)) - raft.server.rpcslowness.timeout = 120s (custom)
2019-08-24 12:31:02,001 [pool-261-thread-1] INFO  server.RaftServerConfigKeys (ConfUtils.java:logGet(43)) - raft.server.sleep.deviation.threshold = 300 (default)
2019-08-24 12:31:02,001 [pool-261-thread-1] INFO  server.RaftServerConfigKeys (ConfUtils.java:logGet(43)) - raft.server.log.appender.install.snapshot.enabled = false (custom)
2019-08-24 12:31:02,001 [pool-261-thread-1] INFO  impl.RaftServerImpl (ServerState.java:<init>(105)) - e27831c6-c78a-4dee-b9b2-810b106d9595:group-78A0971203BC ConfigurationManager, init=-1: [e27831c6-c78a-4dee-b9b2-810b106d9595:192.168.5.162:43269], old=null, confs=<EMPTY_MAP>
2019-08-24 12:31:02,001 [pool-261-thread-1] INFO  server.RaftServerConfigKeys (ConfUtils.java:logGet(43)) - raft.server.storage.dir = [/workdir/hadoop-ozone/ozonefs/target/test-dir/MiniOzoneClusterImpl-1fad73fd-ee4e-4689-9aa7-77c41a043b41/datanode-2/data/ratis] (custom)
2019-08-24 12:31:02,002 [pool-261-thread-1] INFO  storage.RaftStorageDirectory (RaftStorageDirectory.java:analyzeStorage(246)) - The storage directory /workdir/hadoop-ozone/ozonefs/target/test-dir/MiniOzoneClusterImpl-1fad73fd-ee4e-4689-9aa7-77c41a043b41/datanode-2/data/ratis/54dc7f82-2d5f-4275-b12e-78a0971203bc does not exist. Creating ...
2019-08-24 12:31:02,014 [pool-261-thread-1] INFO  storage.RaftStorageDirectory (RaftStorageDirectory.java:tryLock(328)) - Lock on /workdir/hadoop-ozone/ozonefs/target/test-dir/MiniOzoneClusterImpl-1fad73fd-ee4e-4689-9aa7-77c41a043b41/datanode-2/data/ratis/54dc7f82-2d5f-4275-b12e-78a0971203bc/in_use.lock acquired by nodename 29876@dev-check-20190824-g8v5p-1270076377
2019-08-24 12:31:02,027 [pool-261-thread-1] INFO  storage.RaftStorage (RaftStorage.java:format(72)) - Storage directory /workdir/hadoop-ozone/ozonefs/target/test-dir/MiniOzoneClusterImpl-1fad73fd-ee4e-4689-9aa7-77c41a043b41/datanode-2/data/ratis/54dc7f82-2d5f-4275-b12e-78a0971203bc has been successfully formatted.
2019-08-24 12:31:02,028 [pool-261-thread-1] INFO  ratis.ContainerStateMachine (ContainerStateMachine.java:loadSnapshot(226)) - group-78A0971203BC: The snapshot info is null. Setting the last applied indexto:(t:0, i:~)
2019-08-24 12:31:02,028 [pool-261-thread-1] INFO  server.RaftServerConfigKeys (ConfUtils.java:logGet(43)) - raft.server.leader.election.timeout = 120s (custom)
2019-08-24 12:31:02,028 [pool-261-thread-1] INFO  server.RaftServerConfigKeys (ConfUtils.java:logGet(43)) - raft.server.log.use.memory = false (default)
2019-08-24 12:31:02,028 [pool-261-thread-1] INFO  server.RaftServerConfigKeys (ConfUtils.java:logGet(43)) - raft.server.log.purge.gap = 1000000 (custom)
2019-08-24 12:31:02,028 [pool-261-thread-1] INFO  server.RaftServerConfigKeys (ConfUtils.java:logGet(43)) - raft.server.log.appender.buffer.byte-limit = 33554432 (custom)
2019-08-24 12:31:02,029 [pool-261-thread-1] INFO  server.RaftServerConfigKeys (ConfUtils.java:logGet(43)) - raft.server.log.segment.size.max = 1048576 (custom)
2019-08-24 12:31:02,029 [pool-261-thread-1] INFO  server.RaftServerConfigKeys (ConfUtils.java:logGet(43)) - raft.server.log.segment.cache.num.max = 2 (custom)
2019-08-24 12:31:02,029 [pool-261-thread-1] INFO  segmented.SegmentedRaftLogWorker (SegmentedRaftLogWorker.java:<init>(172)) - new e27831c6-c78a-4dee-b9b2-810b106d9595-SegmentedRaftLogWorker:Storage Directory /workdir/hadoop-ozone/ozonefs/target/test-dir/MiniOzoneClusterImpl-1fad73fd-ee4e-4689-9aa7-77c41a043b41/datanode-2/data/ratis/54dc7f82-2d5f-4275-b12e-78a0971203bc for RaftStorage:Storage Directory /workdir/hadoop-ozone/ozonefs/target/test-dir/MiniOzoneClusterImpl-1fad73fd-ee4e-4689-9aa7-77c41a043b41/datanode-2/data/ratis/54dc7f82-2d5f-4275-b12e-78a0971203bc
2019-08-24 12:31:02,029 [pool-261-thread-1] INFO  server.RaftServerConfigKeys (ConfUtils.java:logGet(43)) - raft.server.log.queue.byte-limit = 2147483647 (custom)
2019-08-24 12:31:02,029 [pool-261-thread-1] INFO  server.RaftServerConfigKeys (ConfUtils.java:logGet(43)) - raft.server.log.queue.element-limit = 1024 (custom)
2019-08-24 12:31:02,030 [pool-261-thread-1] INFO  server.RaftServerConfigKeys (ConfUtils.java:logGet(43)) - raft.server.log.segment.size.max = 1048576 (custom)
2019-08-24 12:31:02,030 [pool-261-thread-1] INFO  server.RaftServerConfigKeys (ConfUtils.java:logGet(43)) - raft.server.log.preallocated.size = 16384 (custom)
2019-08-24 12:31:02,030 [pool-261-thread-1] INFO  server.RaftServerConfigKeys (ConfUtils.java:logGet(43)) - raft.server.log.write.buffer.size = 33554432 (custom)
2019-08-24 12:31:02,030 [pool-261-thread-1] INFO  server.RaftServerConfigKeys (ConfUtils.java:logGet(43)) - raft.server.log.force.sync.num = 128 (default)
2019-08-24 12:31:02,031 [pool-261-thread-1] INFO  server.RaftServerConfigKeys (ConfUtils.java:logGet(43)) - raft.server.log.statemachine.data.sync = true (default)
2019-08-24 12:31:02,031 [pool-261-thread-1] INFO  server.RaftServerConfigKeys (ConfUtils.java:logGet(43)) - raft.server.log.statemachine.data.sync.timeout = 10s (default)
2019-08-24 12:31:02,031 [pool-261-thread-1] INFO  server.RaftServerConfigKeys (ConfUtils.java:logGet(43)) - raft.server.log.statemachine.data.sync.timeout.retry = -1 (default)
2019-08-24 12:31:02,031 [pool-261-thread-1] INFO  server.RaftServerConfigKeys (ConfUtils.java:logGet(43)) - raft.server.log.statemachine.data.caching.enabled = true (custom)
2019-08-24 12:31:02,032 [pool-261-thread-1] INFO  segmented.SegmentedRaftLogWorker (SegmentedRaftLogWorker.java:lambda$new$0(132)) - e27831c6-c78a-4dee-b9b2-810b106d9595-SegmentedRaftLogWorker:Storage Directory /workdir/hadoop-ozone/ozonefs/target/test-dir/MiniOzoneClusterImpl-1fad73fd-ee4e-4689-9aa7-77c41a043b41/datanode-2/data/ratis/54dc7f82-2d5f-4275-b12e-78a0971203bc: flushIndex: setUnconditionally 0 -> -1
2019-08-24 12:31:02,032 [pool-261-thread-1] INFO  server.RaftServerConfigKeys (ConfUtils.java:logGet(43)) - raft.server.snapshot.auto.trigger.enabled = true (custom)
2019-08-24 12:31:02,032 [pool-261-thread-1] INFO  server.RaftServerConfigKeys (ConfUtils.java:logGet(43)) - raft.server.snapshot.auto.trigger.threshold = 10000 (custom)
2019-08-24 12:31:02,033 [pool-261-thread-1] INFO  server.RaftServerConfigKeys (ConfUtils.java:logGet(43)) - raft.server.retrycache.expirytime = 600000ms (custom)
2019-08-24 12:31:02,033 [pool-261-thread-1] INFO  impl.RaftServerImpl (RaftServerImpl.java:start(180)) - e27831c6-c78a-4dee-b9b2-810b106d9595: start group-78A0971203BC
2019-08-24 12:31:02,033 [pool-261-thread-1] INFO  impl.RaftServerImpl (RaftServerImpl.java:setRole(171)) - e27831c6-c78a-4dee-b9b2-810b106d9595:group-78A0971203BC changes role from null to FOLLOWER at term 0 for startAsFollower
2019-08-24 12:31:02,033 [pool-261-thread-1] INFO  impl.RoleInfo (RoleInfo.java:updateAndGet(143)) - e27831c6-c78a-4dee-b9b2-810b106d9595: start FollowerState
2019-08-24 12:31:02,034 [pool-261-thread-1] INFO  util.JmxRegister (JmxRegister.java:tryRegister(44)) - Successfully registered JMX Bean with object name Ratis:service=RaftServer,group=group-78A0971203BC,id=e27831c6-c78a-4dee-b9b2-810b106d9595
2019-08-24 12:31:02,039 [RatisPipelineUtilsThread] INFO  pipeline.PipelineStateManager (PipelineStateManager.java:addPipeline(56)) - Created pipeline Pipeline[ Id: 54dc7f82-2d5f-4275-b12e-78a0971203bc, Nodes: e27831c6-c78a-4dee-b9b2-810b106d9595{ip: 192.168.5.162, host: dev-check-20190824-g8v5p-1270076377, networkLocation: /default-rack, certSerialId: null}, Type:RATIS, Factor:ONE, State:OPEN]
2019-08-24 12:31:02,070 [grpc-default-executor-2] INFO  impl.RaftServerProxy (RaftServerProxy.java:addNew(89)) - e2ac2037-ee3d-48d6-b404-f250a7ef6edb: addNew group-4F7838FC7576:[e27831c6-c78a-4dee-b9b2-810b106d9595:192.168.5.162:43269, e2ac2037-ee3d-48d6-b404-f250a7ef6edb:192.168.5.162:41210, db736570-cb99-4aa0-a6ec-c211e3403207:192.168.5.162:42358] returns group-4F7838FC7576:java.util.concurrent.CompletableFuture@78ba962f[Not completed]
2019-08-24 12:31:02,070 [grpc-default-executor-1] INFO  impl.RaftServerProxy (RaftServerProxy.java:addNew(89)) - db736570-cb99-4aa0-a6ec-c211e3403207: addNew group-4F7838FC7576:[e27831c6-c78a-4dee-b9b2-810b106d9595:192.168.5.162:43269, e2ac2037-ee3d-48d6-b404-f250a7ef6edb:192.168.5.162:41210, db736570-cb99-4aa0-a6ec-c211e3403207:192.168.5.162:42358] returns group-4F7838FC7576:java.util.concurrent.CompletableFuture@c495958[Not completed]
2019-08-24 12:31:02,073 [grpc-default-executor-0] INFO  impl.RaftServerProxy (RaftServerProxy.java:addNew(89)) - e27831c6-c78a-4dee-b9b2-810b106d9595: addNew group-4F7838FC7576:[e27831c6-c78a-4dee-b9b2-810b106d9595:192.168.5.162:43269, e2ac2037-ee3d-48d6-b404-f250a7ef6edb:192.168.5.162:41210, db736570-cb99-4aa0-a6ec-c211e3403207:192.168.5.162:42358] returns group-4F7838FC7576:java.util.concurrent.CompletableFuture@4003ffd1[Not completed]
2019-08-24 12:31:02,074 [pool-239-thread-1] INFO  impl.RaftServerImpl (RaftServerImpl.java:<init>(93)) - e2ac2037-ee3d-48d6-b404-f250a7ef6edb: new RaftServerImpl for group-4F7838FC7576:[e27831c6-c78a-4dee-b9b2-810b106d9595:192.168.5.162:43269, e2ac2037-ee3d-48d6-b404-f250a7ef6edb:192.168.5.162:41210, db736570-cb99-4aa0-a6ec-c211e3403207:192.168.5.162:42358] with ContainerStateMachine:uninitialized
2019-08-24 12:31:02,074 [pool-239-thread-1] INFO  server.RaftServerConfigKeys (ConfUtils.java:logGet(43)) - raft.server.rpc.timeout.min = 5s (custom)
2019-08-24 12:31:02,074 [pool-239-thread-1] INFO  server.RaftServerConfigKeys (ConfUtils.java:logGet(43)) - raft.server.rpc.timeout.max = 5200ms (custom)
2019-08-24 12:31:02,074 [pool-239-thread-1] INFO  server.RaftServerConfigKeys (ConfUtils.java:logGet(43)) - raft.server.rpcslowness.timeout = 120s (custom)
2019-08-24 12:31:02,074 [pool-261-thread-1] INFO  impl.RaftServerImpl (RaftServerImpl.java:<init>(93)) - e27831c6-c78a-4dee-b9b2-810b106d9595: new RaftServerImpl for group-4F7838FC7576:[e27831c6-c78a-4dee-b9b2-810b106d9595:192.168.5.162:43269, e2ac2037-ee3d-48d6-b404-f250a7ef6edb:192.168.5.162:41210, db736570-cb99-4aa0-a6ec-c211e3403207:192.168.5.162:42358] with ContainerStateMachine:uninitialized
2019-08-24 12:31:02,074 [pool-239-thread-1] INFO  server.RaftServerConfigKeys (ConfUtils.java:logGet(43)) - raft.server.sleep.deviation.threshold = 300 (default)
2019-08-24 12:31:02,075 [pool-261-thread-1] INFO  server.RaftServerConfigKeys (ConfUtils.java:logGet(43)) - raft.server.rpc.timeout.min = 5s (custom)
2019-08-24 12:31:02,075 [pool-239-thread-1] INFO  server.RaftServerConfigKeys (ConfUtils.java:logGet(43)) - raft.server.log.appender.install.snapshot.enabled = false (custom)
2019-08-24 12:31:02,075 [pool-261-thread-1] INFO  server.RaftServerConfigKeys (ConfUtils.java:logGet(43)) - raft.server.rpc.timeout.max = 5200ms (custom)
2019-08-24 12:31:02,075 [pool-250-thread-1] INFO  impl.RaftServerImpl (RaftServerImpl.java:<init>(93)) - db736570-cb99-4aa0-a6ec-c211e3403207: new RaftServerImpl for group-4F7838FC7576:[e27831c6-c78a-4dee-b9b2-810b106d9595:192.168.5.162:43269, e2ac2037-ee3d-48d6-b404-f250a7ef6edb:192.168.5.162:41210, db736570-cb99-4aa0-a6ec-c211e3403207:192.168.5.162:42358] with ContainerStateMachine:uninitialized
2019-08-24 12:31:02,075 [pool-239-thread-1] INFO  impl.RaftServerImpl (ServerState.java:<init>(105)) - e2ac2037-ee3d-48d6-b404-f250a7ef6edb:group-4F7838FC7576 ConfigurationManager, init=-1: [e27831c6-c78a-4dee-b9b2-810b106d9595:192.168.5.162:43269, e2ac2037-ee3d-48d6-b404-f250a7ef6edb:192.168.5.162:41210, db736570-cb99-4aa0-a6ec-c211e3403207:192.168.5.162:42358], old=null, confs=<EMPTY_MAP>
2019-08-24 12:31:02,075 [pool-250-thread-1] INFO  server.RaftServerConfigKeys (ConfUtils.java:logGet(43)) - raft.server.rpc.timeout.min = 5s (custom)
2019-08-24 12:31:02,075 [pool-261-thread-1] INFO  server.RaftServerConfigKeys (ConfUtils.java:logGet(43)) - raft.server.rpcslowness.timeout = 120s (custom)
2019-08-24 12:31:02,076 [pool-250-thread-1] INFO  server.RaftServerConfigKeys (ConfUtils.java:logGet(43)) - raft.server.rpc.timeout.max = 5200ms (custom)
2019-08-24 12:31:02,075 [pool-239-thread-1] INFO  server.RaftServerConfigKeys (ConfUtils.java:logGet(43)) - raft.server.storage.dir = [/workdir/hadoop-ozone/ozonefs/target/test-dir/MiniOzoneClusterImpl-1fad73fd-ee4e-4689-9aa7-77c41a043b41/datanode-0/data/ratis] (custom)
2019-08-24 12:31:02,076 [pool-250-thread-1] INFO  server.RaftServerConfigKeys (ConfUtils.java:logGet(43)) - raft.server.rpcslowness.timeout = 120s (custom)
2019-08-24 12:31:02,076 [pool-261-thread-1] INFO  server.RaftServerConfigKeys (ConfUtils.java:logGet(43)) - raft.server.sleep.deviation.threshold = 300 (default)
2019-08-24 12:31:02,076 [pool-250-thread-1] INFO  server.RaftServerConfigKeys (ConfUtils.java:logGet(43)) - raft.server.sleep.deviation.threshold = 300 (default)
2019-08-24 12:31:02,076 [pool-239-thread-1] INFO  storage.RaftStorageDirectory (RaftStorageDirectory.java:analyzeStorage(246)) - The storage directory /workdir/hadoop-ozone/ozonefs/target/test-dir/MiniOzoneClusterImpl-1fad73fd-ee4e-4689-9aa7-77c41a043b41/datanode-0/data/ratis/4c620fc7-eedf-418c-865c-4f7838fc7576 does not exist. Creating ...
2019-08-24 12:31:02,076 [pool-261-thread-1] INFO  server.RaftServerConfigKeys (ConfUtils.java:logGet(43)) - raft.server.log.appender.install.snapshot.enabled = false (custom)
2019-08-24 12:31:02,077 [pool-250-thread-1] INFO  server.RaftServerConfigKeys (ConfUtils.java:logGet(43)) - raft.server.log.appender.install.snapshot.enabled = false (custom)
2019-08-24 12:31:02,077 [pool-261-thread-1] INFO  impl.RaftServerImpl (ServerState.java:<init>(105)) - e27831c6-c78a-4dee-b9b2-810b106d9595:group-4F7838FC7576 ConfigurationManager, init=-1: [e27831c6-c78a-4dee-b9b2-810b106d9595:192.168.5.162:43269, e2ac2037-ee3d-48d6-b404-f250a7ef6edb:192.168.5.162:41210, db736570-cb99-4aa0-a6ec-c211e3403207:192.168.5.162:42358], old=null, confs=<EMPTY_MAP>
2019-08-24 12:31:02,077 [pool-250-thread-1] INFO  impl.RaftServerImpl (ServerState.java:<init>(105)) - db736570-cb99-4aa0-a6ec-c211e3403207:group-4F7838FC7576 ConfigurationManager, init=-1: [e27831c6-c78a-4dee-b9b2-810b106d9595:192.168.5.162:43269, e2ac2037-ee3d-48d6-b404-f250a7ef6edb:192.168.5.162:41210, db736570-cb99-4aa0-a6ec-c211e3403207:192.168.5.162:42358], old=null, confs=<EMPTY_MAP>
2019-08-24 12:31:02,077 [pool-261-thread-1] INFO  server.RaftServerConfigKeys (ConfUtils.java:logGet(43)) - raft.server.storage.dir = [/workdir/hadoop-ozone/ozonefs/target/test-dir/MiniOzoneClusterImpl-1fad73fd-ee4e-4689-9aa7-77c41a043b41/datanode-2/data/ratis] (custom)
2019-08-24 12:31:02,077 [pool-250-thread-1] INFO  server.RaftServerConfigKeys (ConfUtils.java:logGet(43)) - raft.server.storage.dir = [/workdir/hadoop-ozone/ozonefs/target/test-dir/MiniOzoneClusterImpl-1fad73fd-ee4e-4689-9aa7-77c41a043b41/datanode-1/data/ratis] (custom)
2019-08-24 12:31:02,078 [pool-261-thread-1] INFO  storage.RaftStorageDirectory (RaftStorageDirectory.java:analyzeStorage(246)) - The storage directory /workdir/hadoop-ozone/ozonefs/target/test-dir/MiniOzoneClusterImpl-1fad73fd-ee4e-4689-9aa7-77c41a043b41/datanode-2/data/ratis/4c620fc7-eedf-418c-865c-4f7838fc7576 does not exist. Creating ...
2019-08-24 12:31:02,078 [pool-250-thread-1] INFO  storage.RaftStorageDirectory (RaftStorageDirectory.java:analyzeStorage(246)) - The storage directory /workdir/hadoop-ozone/ozonefs/target/test-dir/MiniOzoneClusterImpl-1fad73fd-ee4e-4689-9aa7-77c41a043b41/datanode-1/data/ratis/4c620fc7-eedf-418c-865c-4f7838fc7576 does not exist. Creating ...
2019-08-24 12:31:02,093 [pool-261-thread-1] INFO  storage.RaftStorageDirectory (RaftStorageDirectory.java:tryLock(328)) - Lock on /workdir/hadoop-ozone/ozonefs/target/test-dir/MiniOzoneClusterImpl-1fad73fd-ee4e-4689-9aa7-77c41a043b41/datanode-2/data/ratis/4c620fc7-eedf-418c-865c-4f7838fc7576/in_use.lock acquired by nodename 29876@dev-check-20190824-g8v5p-1270076377
2019-08-24 12:31:02,093 [pool-239-thread-1] INFO  storage.RaftStorageDirectory (RaftStorageDirectory.java:tryLock(328)) - Lock on /workdir/hadoop-ozone/ozonefs/target/test-dir/MiniOzoneClusterImpl-1fad73fd-ee4e-4689-9aa7-77c41a043b41/datanode-0/data/ratis/4c620fc7-eedf-418c-865c-4f7838fc7576/in_use.lock acquired by nodename 29876@dev-check-20190824-g8v5p-1270076377
2019-08-24 12:31:02,093 [pool-250-thread-1] INFO  storage.RaftStorageDirectory (RaftStorageDirectory.java:tryLock(328)) - Lock on /workdir/hadoop-ozone/ozonefs/target/test-dir/MiniOzoneClusterImpl-1fad73fd-ee4e-4689-9aa7-77c41a043b41/datanode-1/data/ratis/4c620fc7-eedf-418c-865c-4f7838fc7576/in_use.lock acquired by nodename 29876@dev-check-20190824-g8v5p-1270076377
2019-08-24 12:31:02,100 [pool-250-thread-1] INFO  storage.RaftStorage (RaftStorage.java:format(72)) - Storage directory /workdir/hadoop-ozone/ozonefs/target/test-dir/MiniOzoneClusterImpl-1fad73fd-ee4e-4689-9aa7-77c41a043b41/datanode-1/data/ratis/4c620fc7-eedf-418c-865c-4f7838fc7576 has been successfully formatted.
2019-08-24 12:31:02,100 [pool-239-thread-1] INFO  storage.RaftStorage (RaftStorage.java:format(72)) - Storage directory /workdir/hadoop-ozone/ozonefs/target/test-dir/MiniOzoneClusterImpl-1fad73fd-ee4e-4689-9aa7-77c41a043b41/datanode-0/data/ratis/4c620fc7-eedf-418c-865c-4f7838fc7576 has been successfully formatted.
2019-08-24 12:31:02,100 [pool-261-thread-1] INFO  storage.RaftStorage (RaftStorage.java:format(72)) - Storage directory /workdir/hadoop-ozone/ozonefs/target/test-dir/MiniOzoneClusterImpl-1fad73fd-ee4e-4689-9aa7-77c41a043b41/datanode-2/data/ratis/4c620fc7-eedf-418c-865c-4f7838fc7576 has been successfully formatted.
2019-08-24 12:31:02,100 [pool-239-thread-1] INFO  ratis.ContainerStateMachine (ContainerStateMachine.java:loadSnapshot(226)) - group-4F7838FC7576: The snapshot info is null. Setting the last applied indexto:(t:0, i:~)
2019-08-24 12:31:02,100 [pool-250-thread-1] INFO  ratis.ContainerStateMachine (ContainerStateMachine.java:loadSnapshot(226)) - group-4F7838FC7576: The snapshot info is null. Setting the last applied indexto:(t:0, i:~)
2019-08-24 12:31:02,100 [pool-239-thread-1] INFO  server.RaftServerConfigKeys (ConfUtils.java:logGet(43)) - raft.server.leader.election.timeout = 120s (custom)
2019-08-24 12:31:02,100 [pool-261-thread-1] INFO  ratis.ContainerStateMachine (ContainerStateMachine.java:loadSnapshot(226)) - group-4F7838FC7576: The snapshot info is null. Setting the last applied indexto:(t:0, i:~)
2019-08-24 12:31:02,101 [pool-239-thread-1] INFO  server.RaftServerConfigKeys (ConfUtils.java:logGet(43)) - raft.server.log.use.memory = false (default)
2019-08-24 12:31:02,101 [pool-250-thread-1] INFO  server.RaftServerConfigKeys (ConfUtils.java:logGet(43)) - raft.server.leader.election.timeout = 120s (custom)
2019-08-24 12:31:02,101 [pool-239-thread-1] INFO  server.RaftServerConfigKeys (ConfUtils.java:logGet(43)) - raft.server.log.purge.gap = 1000000 (custom)
2019-08-24 12:31:02,101 [pool-261-thread-1] INFO  server.RaftServerConfigKeys (ConfUtils.java:logGet(43)) - raft.server.leader.election.timeout = 120s (custom)
2019-08-24 12:31:02,101 [pool-239-thread-1] INFO  server.RaftServerConfigKeys (ConfUtils.java:logGet(43)) - raft.server.log.appender.buffer.byte-limit = 33554432 (custom)
2019-08-24 12:31:02,101 [pool-250-thread-1] INFO  server.RaftServerConfigKeys (ConfUtils.java:logGet(43)) - raft.server.log.use.memory = false (default)
2019-08-24 12:31:02,102 [pool-239-thread-1] INFO  server.RaftServerConfigKeys (ConfUtils.java:logGet(43)) - raft.server.log.segment.size.max = 1048576 (custom)
2019-08-24 12:31:02,102 [pool-261-thread-1] INFO  server.RaftServerConfigKeys (ConfUtils.java:logGet(43)) - raft.server.log.use.memory = false (default)
2019-08-24 12:31:02,102 [pool-239-thread-1] INFO  server.RaftServerConfigKeys (ConfUtils.java:logGet(43)) - raft.server.log.segment.cache.num.max = 2 (custom)
2019-08-24 12:31:02,102 [pool-250-thread-1] INFO  server.RaftServerConfigKeys (ConfUtils.java:logGet(43)) - raft.server.log.purge.gap = 1000000 (custom)
2019-08-24 12:31:02,102 [pool-239-thread-1] INFO  segmented.SegmentedRaftLogWorker (SegmentedRaftLogWorker.java:<init>(172)) - new e2ac2037-ee3d-48d6-b404-f250a7ef6edb-SegmentedRaftLogWorker:Storage Directory /workdir/hadoop-ozone/ozonefs/target/test-dir/MiniOzoneClusterImpl-1fad73fd-ee4e-4689-9aa7-77c41a043b41/datanode-0/data/ratis/4c620fc7-eedf-418c-865c-4f7838fc7576 for RaftStorage:Storage Directory /workdir/hadoop-ozone/ozonefs/target/test-dir/MiniOzoneClusterImpl-1fad73fd-ee4e-4689-9aa7-77c41a043b41/datanode-0/data/ratis/4c620fc7-eedf-418c-865c-4f7838fc7576
2019-08-24 12:31:02,102 [pool-261-thread-1] INFO  server.RaftServerConfigKeys (ConfUtils.java:logGet(43)) - raft.server.log.purge.gap = 1000000 (custom)
2019-08-24 12:31:02,103 [pool-239-thread-1] INFO  server.RaftServerConfigKeys (ConfUtils.java:logGet(43)) - raft.server.log.queue.byte-limit = 2147483647 (custom)
2019-08-24 12:31:02,103 [pool-250-thread-1] INFO  server.RaftServerConfigKeys (ConfUtils.java:logGet(43)) - raft.server.log.appender.buffer.byte-limit = 33554432 (custom)
2019-08-24 12:31:02,103 [pool-239-thread-1] INFO  server.RaftServerConfigKeys (ConfUtils.java:logGet(43)) - raft.server.log.queue.element-limit = 1024 (custom)
2019-08-24 12:31:02,103 [pool-261-thread-1] INFO  server.RaftServerConfigKeys (ConfUtils.java:logGet(43)) - raft.server.log.appender.buffer.byte-limit = 33554432 (custom)
2019-08-24 12:31:02,103 [pool-239-thread-1] INFO  server.RaftServerConfigKeys (ConfUtils.java:logGet(43)) - raft.server.log.segment.size.max = 1048576 (custom)
2019-08-24 12:31:02,103 [pool-250-thread-1] INFO  server.RaftServerConfigKeys (ConfUtils.java:logGet(43)) - raft.server.log.segment.size.max = 1048576 (custom)
2019-08-24 12:31:02,104 [pool-239-thread-1] INFO  server.RaftServerConfigKeys (ConfUtils.java:logGet(43)) - raft.server.log.preallocated.size = 16384 (custom)
2019-08-24 12:31:02,104 [pool-261-thread-1] INFO  server.RaftServerConfigKeys (ConfUtils.java:logGet(43)) - raft.server.log.segment.size.max = 1048576 (custom)
2019-08-24 12:31:02,104 [pool-239-thread-1] INFO  server.RaftServerConfigKeys (ConfUtils.java:logGet(43)) - raft.server.log.write.buffer.size = 33554432 (custom)
2019-08-24 12:31:02,104 [pool-250-thread-1] INFO  server.RaftServerConfigKeys (ConfUtils.java:logGet(43)) - raft.server.log.segment.cache.num.max = 2 (custom)
2019-08-24 12:31:02,104 [pool-239-thread-1] INFO  server.RaftServerConfigKeys (ConfUtils.java:logGet(43)) - raft.server.log.force.sync.num = 128 (default)
2019-08-24 12:31:02,104 [pool-261-thread-1] INFO  server.RaftServerConfigKeys (ConfUtils.java:logGet(43)) - raft.server.log.segment.cache.num.max = 2 (custom)
2019-08-24 12:31:02,105 [pool-239-thread-1] INFO  server.RaftServerConfigKeys (ConfUtils.java:logGet(43)) - raft.server.log.statemachine.data.sync = true (default)
2019-08-24 12:31:02,105 [pool-250-thread-1] INFO  segmented.SegmentedRaftLogWorker (SegmentedRaftLogWorker.java:<init>(172)) - new db736570-cb99-4aa0-a6ec-c211e3403207-SegmentedRaftLogWorker:Storage Directory /workdir/hadoop-ozone/ozonefs/target/test-dir/MiniOzoneClusterImpl-1fad73fd-ee4e-4689-9aa7-77c41a043b41/datanode-1/data/ratis/4c620fc7-eedf-418c-865c-4f7838fc7576 for RaftStorage:Storage Directory /workdir/hadoop-ozone/ozonefs/target/test-dir/MiniOzoneClusterImpl-1fad73fd-ee4e-4689-9aa7-77c41a043b41/datanode-1/data/ratis/4c620fc7-eedf-418c-865c-4f7838fc7576
2019-08-24 12:31:02,105 [pool-239-thread-1] INFO  server.RaftServerConfigKeys (ConfUtils.java:logGet(43)) - raft.server.log.statemachine.data.sync.timeout = 10s (default)
2019-08-24 12:31:02,105 [pool-261-thread-1] INFO  segmented.SegmentedRaftLogWorker (SegmentedRaftLogWorker.java:<init>(172)) - new e27831c6-c78a-4dee-b9b2-810b106d9595-SegmentedRaftLogWorker:Storage Directory /workdir/hadoop-ozone/ozonefs/target/test-dir/MiniOzoneClusterImpl-1fad73fd-ee4e-4689-9aa7-77c41a043b41/datanode-2/data/ratis/4c620fc7-eedf-418c-865c-4f7838fc7576 for RaftStorage:Storage Directory /workdir/hadoop-ozone/ozonefs/target/test-dir/MiniOzoneClusterImpl-1fad73fd-ee4e-4689-9aa7-77c41a043b41/datanode-2/data/ratis/4c620fc7-eedf-418c-865c-4f7838fc7576
2019-08-24 12:31:02,105 [pool-239-thread-1] INFO  server.RaftServerConfigKeys (ConfUtils.java:logGet(43)) - raft.server.log.statemachine.data.sync.timeout.retry = -1 (default)
2019-08-24 12:31:02,105 [pool-250-thread-1] INFO  server.RaftServerConfigKeys (ConfUtils.java:logGet(43)) - raft.server.log.queue.byte-limit = 2147483647 (custom)
2019-08-24 12:31:02,106 [pool-239-thread-1] INFO  server.RaftServerConfigKeys (ConfUtils.java:logGet(43)) - raft.server.log.statemachine.data.caching.enabled = true (custom)
2019-08-24 12:31:02,106 [pool-261-thread-1] INFO  server.RaftServerConfigKeys (ConfUtils.java:logGet(43)) - raft.server.log.queue.byte-limit = 2147483647 (custom)
2019-08-24 12:31:02,106 [pool-239-thread-1] INFO  segmented.SegmentedRaftLogWorker (SegmentedRaftLogWorker.java:lambda$new$0(132)) - e2ac2037-ee3d-48d6-b404-f250a7ef6edb-SegmentedRaftLogWorker:Storage Directory /workdir/hadoop-ozone/ozonefs/target/test-dir/MiniOzoneClusterImpl-1fad73fd-ee4e-4689-9aa7-77c41a043b41/datanode-0/data/ratis/4c620fc7-eedf-418c-865c-4f7838fc7576: flushIndex: setUnconditionally 0 -> -1
2019-08-24 12:31:02,106 [pool-250-thread-1] INFO  server.RaftServerConfigKeys (ConfUtils.java:logGet(43)) - raft.server.log.queue.element-limit = 1024 (custom)
2019-08-24 12:31:02,106 [pool-261-thread-1] INFO  server.RaftServerConfigKeys (ConfUtils.java:logGet(43)) - raft.server.log.queue.element-limit = 1024 (custom)
2019-08-24 12:31:02,107 [pool-239-thread-1] INFO  server.RaftServerConfigKeys (ConfUtils.java:logGet(43)) - raft.server.snapshot.auto.trigger.enabled = true (custom)
2019-08-24 12:31:02,107 [pool-250-thread-1] INFO  server.RaftServerConfigKeys (ConfUtils.java:logGet(43)) - raft.server.log.segment.size.max = 1048576 (custom)
2019-08-24 12:31:02,107 [pool-239-thread-1] INFO  server.RaftServerConfigKeys (ConfUtils.java:logGet(43)) - raft.server.snapshot.auto.trigger.threshold = 10000 (custom)
2019-08-24 12:31:02,107 [pool-261-thread-1] INFO  server.RaftServerConfigKeys (ConfUtils.java:logGet(43)) - raft.server.log.segment.size.max = 1048576 (custom)
2019-08-24 12:31:02,107 [pool-239-thread-1] INFO  server.RaftServerConfigKeys (ConfUtils.java:logGet(43)) - raft.server.retrycache.expirytime = 600000ms (custom)
2019-08-24 12:31:02,107 [pool-250-thread-1] INFO  server.RaftServerConfigKeys (ConfUtils.java:logGet(43)) - raft.server.log.preallocated.size = 16384 (custom)
2019-08-24 12:31:02,107 [pool-239-thread-1] INFO  impl.RaftServerImpl (RaftServerImpl.java:start(180)) - e2ac2037-ee3d-48d6-b404-f250a7ef6edb: start group-4F7838FC7576
2019-08-24 12:31:02,107 [pool-261-thread-1] INFO  server.RaftServerConfigKeys (ConfUtils.java:logGet(43)) - raft.server.log.preallocated.size = 16384 (custom)
2019-08-24 12:31:02,108 [pool-239-thread-1] INFO  impl.RaftServerImpl (RaftServerImpl.java:setRole(171)) - e2ac2037-ee3d-48d6-b404-f250a7ef6edb:group-4F7838FC7576 changes role from null to FOLLOWER at term 0 for startAsFollower
2019-08-24 12:31:02,108 [pool-250-thread-1] INFO  server.RaftServerConfigKeys (ConfUtils.java:logGet(43)) - raft.server.log.write.buffer.size = 33554432 (custom)
2019-08-24 12:31:02,108 [pool-239-thread-1] INFO  impl.RoleInfo (RoleInfo.java:updateAndGet(143)) - e2ac2037-ee3d-48d6-b404-f250a7ef6edb: start FollowerState
2019-08-24 12:31:02,108 [pool-261-thread-1] INFO  server.RaftServerConfigKeys (ConfUtils.java:logGet(43)) - raft.server.log.write.buffer.size = 33554432 (custom)
2019-08-24 12:31:02,108 [pool-250-thread-1] INFO  server.RaftServerConfigKeys (ConfUtils.java:logGet(43)) - raft.server.log.force.sync.num = 128 (default)
2019-08-24 12:31:02,108 [pool-261-thread-1] INFO  server.RaftServerConfigKeys (ConfUtils.java:logGet(43)) - raft.server.log.force.sync.num = 128 (default)
2019-08-24 12:31:02,109 [pool-239-thread-1] INFO  util.JmxRegister (JmxRegister.java:tryRegister(44)) - Successfully registered JMX Bean with object name Ratis:service=RaftServer,group=group-4F7838FC7576,id=e2ac2037-ee3d-48d6-b404-f250a7ef6edb
2019-08-24 12:31:02,109 [pool-250-thread-1] INFO  server.RaftServerConfigKeys (ConfUtils.java:logGet(43)) - raft.server.log.statemachine.data.sync = true (default)
2019-08-24 12:31:02,109 [pool-261-thread-1] INFO  server.RaftServerConfigKeys (ConfUtils.java:logGet(43)) - raft.server.log.statemachine.data.sync = true (default)
2019-08-24 12:31:02,109 [pool-250-thread-1] INFO  server.RaftServerConfigKeys (ConfUtils.java:logGet(43)) - raft.server.log.statemachine.data.sync.timeout = 10s (default)
2019-08-24 12:31:02,109 [pool-261-thread-1] INFO  server.RaftServerConfigKeys (ConfUtils.java:logGet(43)) - raft.server.log.statemachine.data.sync.timeout = 10s (default)
2019-08-24 12:31:02,109 [pool-250-thread-1] INFO  server.RaftServerConfigKeys (ConfUtils.java:logGet(43)) - raft.server.log.statemachine.data.sync.timeout.retry = -1 (default)
2019-08-24 12:31:02,110 [pool-261-thread-1] INFO  server.RaftServerConfigKeys (ConfUtils.java:logGet(43)) - raft.server.log.statemachine.data.sync.timeout.retry = -1 (default)
2019-08-24 12:31:02,110 [pool-250-thread-1] INFO  server.RaftServerConfigKeys (ConfUtils.java:logGet(43)) - raft.server.log.statemachine.data.caching.enabled = true (custom)
2019-08-24 12:31:02,110 [pool-261-thread-1] INFO  server.RaftServerConfigKeys (ConfUtils.java:logGet(43)) - raft.server.log.statemachine.data.caching.enabled = true (custom)
2019-08-24 12:31:02,110 [pool-250-thread-1] INFO  segmented.SegmentedRaftLogWorker (SegmentedRaftLogWorker.java:lambda$new$0(132)) - db736570-cb99-4aa0-a6ec-c211e3403207-SegmentedRaftLogWorker:Storage Directory /workdir/hadoop-ozone/ozonefs/target/test-dir/MiniOzoneClusterImpl-1fad73fd-ee4e-4689-9aa7-77c41a043b41/datanode-1/data/ratis/4c620fc7-eedf-418c-865c-4f7838fc7576: flushIndex: setUnconditionally 0 -> -1
2019-08-24 12:31:02,110 [pool-261-thread-1] INFO  segmented.SegmentedRaftLogWorker (SegmentedRaftLogWorker.java:lambda$new$0(132)) - e27831c6-c78a-4dee-b9b2-810b106d9595-SegmentedRaftLogWorker:Storage Directory /workdir/hadoop-ozone/ozonefs/target/test-dir/MiniOzoneClusterImpl-1fad73fd-ee4e-4689-9aa7-77c41a043b41/datanode-2/data/ratis/4c620fc7-eedf-418c-865c-4f7838fc7576: flushIndex: setUnconditionally 0 -> -1
2019-08-24 12:31:02,113 [pool-250-thread-1] INFO  server.RaftServerConfigKeys (ConfUtils.java:logGet(43)) - raft.server.snapshot.auto.trigger.enabled = true (custom)
2019-08-24 12:31:02,113 [pool-261-thread-1] INFO  server.RaftServerConfigKeys (ConfUtils.java:logGet(43)) - raft.server.snapshot.auto.trigger.enabled = true (custom)
2019-08-24 12:31:02,113 [pool-250-thread-1] INFO  server.RaftServerConfigKeys (ConfUtils.java:logGet(43)) - raft.server.snapshot.auto.trigger.threshold = 10000 (custom)
2019-08-24 12:31:02,113 [pool-261-thread-1] INFO  server.RaftServerConfigKeys (ConfUtils.java:logGet(43)) - raft.server.snapshot.auto.trigger.threshold = 10000 (custom)
2019-08-24 12:31:02,113 [pool-250-thread-1] INFO  server.RaftServerConfigKeys (ConfUtils.java:logGet(43)) - raft.server.retrycache.expirytime = 600000ms (custom)
2019-08-24 12:31:02,113 [pool-261-thread-1] INFO  server.RaftServerConfigKeys (ConfUtils.java:logGet(43)) - raft.server.retrycache.expirytime = 600000ms (custom)
2019-08-24 12:31:02,114 [pool-250-thread-1] INFO  impl.RaftServerImpl (RaftServerImpl.java:start(180)) - db736570-cb99-4aa0-a6ec-c211e3403207: start group-4F7838FC7576
2019-08-24 12:31:02,114 [pool-261-thread-1] INFO  impl.RaftServerImpl (RaftServerImpl.java:start(180)) - e27831c6-c78a-4dee-b9b2-810b106d9595: start group-4F7838FC7576
2019-08-24 12:31:02,114 [pool-250-thread-1] INFO  impl.RaftServerImpl (RaftServerImpl.java:setRole(171)) - db736570-cb99-4aa0-a6ec-c211e3403207:group-4F7838FC7576 changes role from null to FOLLOWER at term 0 for startAsFollower
2019-08-24 12:31:02,114 [pool-261-thread-1] INFO  impl.RaftServerImpl (RaftServerImpl.java:setRole(171)) - e27831c6-c78a-4dee-b9b2-810b106d9595:group-4F7838FC7576 changes role from null to FOLLOWER at term 0 for startAsFollower
2019-08-24 12:31:02,114 [pool-250-thread-1] INFO  impl.RoleInfo (RoleInfo.java:updateAndGet(143)) - db736570-cb99-4aa0-a6ec-c211e3403207: start FollowerState
2019-08-24 12:31:02,114 [pool-261-thread-1] INFO  impl.RoleInfo (RoleInfo.java:updateAndGet(143)) - e27831c6-c78a-4dee-b9b2-810b106d9595: start FollowerState
2019-08-24 12:31:02,115 [pool-250-thread-1] INFO  util.JmxRegister (JmxRegister.java:tryRegister(44)) - Successfully registered JMX Bean with object name Ratis:service=RaftServer,group=group-4F7838FC7576,id=db736570-cb99-4aa0-a6ec-c211e3403207
2019-08-24 12:31:02,115 [pool-261-thread-1] INFO  util.JmxRegister (JmxRegister.java:tryRegister(44)) - Successfully registered JMX Bean with object name Ratis:service=RaftServer,group=group-4F7838FC7576,id=e27831c6-c78a-4dee-b9b2-810b106d9595
2019-08-24 12:31:02,121 [RatisPipelineUtilsThread] INFO  pipeline.PipelineStateManager (PipelineStateManager.java:addPipeline(56)) - Created pipeline Pipeline[ Id: 4c620fc7-eedf-418c-865c-4f7838fc7576, Nodes: e2ac2037-ee3d-48d6-b404-f250a7ef6edb{ip: 192.168.5.162, host: dev-check-20190824-g8v5p-1270076377, networkLocation: /default-rack, certSerialId: null}db736570-cb99-4aa0-a6ec-c211e3403207{ip: 192.168.5.162, host: dev-check-20190824-g8v5p-1270076377, networkLocation: /default-rack, certSerialId: null}e27831c6-c78a-4dee-b9b2-810b106d9595{ip: 192.168.5.162, host: dev-check-20190824-g8v5p-1270076377, networkLocation: /default-rack, certSerialId: null}, Type:RATIS, Factor:THREE, State:OPEN]
2019-08-24 12:31:02,983 [Thread-866] INFO  ozone.MiniOzoneClusterImpl (MiniOzoneClusterImpl.java:lambda$waitForClusterToBeReady$0(140)) - Cluster is ready. Got 3 of 3 DN Heartbeats.
2019-08-24 12:31:03,024 [Thread-866] INFO  rpc.RpcClient (RpcClient.java:createVolume(293)) - Creating Volume: volume94075, with user63859 as owner.
2019-08-24 12:31:03,027 | INFO  | OMAudit | user=jenkins1000 | ip=127.0.0.1 | op=CREATE_VOLUME {admin=admin98691, owner=user63859, volume=volume94075, creationTime=1566649863026, quotaInBytes=1152921504606846976} | ret=SUCCESS |  
2019-08-24 12:31:03,033 | INFO  | OMAudit | user=jenkins1000 | ip=127.0.0.1 | op=READ_VOLUME {volume=volume94075} | ret=SUCCESS |  
2019-08-24 12:31:03,034 [Thread-866] INFO  rpc.RpcClient (RpcClient.java:createBucket(432)) - Creating Bucket: volume94075/bucket15759, with Versioning false and Storage Type set to DISK and Encryption set to false 
2019-08-24 12:31:03,037 | INFO  | OMAudit | user=jenkins1000 | ip=127.0.0.1 | op=CREATE_BUCKET {volume=volume94075, bucket=bucket15759, acls=[user:jenkins1000:a[ACCESS], group:default:a[ACCESS]], isVersionEnabled=false, storageType=DISK, creationTime=0} | ret=SUCCESS |  
2019-08-24 12:31:03,039 | INFO  | OMAudit | user=jenkins1000 | ip=127.0.0.1 | op=READ_BUCKET {volume=volume94075, bucket=bucket15759} | ret=SUCCESS |  
2019-08-24 12:31:03,050 | INFO  | OMAudit | user=jenkins1000 | ip=127.0.0.1 | op=READ_VOLUME {volume=volume94075} | ret=SUCCESS |  
2019-08-24 12:31:03,052 | INFO  | OMAudit | user=jenkins1000 | ip=127.0.0.1 | op=READ_BUCKET {volume=volume94075, bucket=bucket15759} | ret=SUCCESS |  
2019-08-24 12:31:03,095 | INFO  | SCMAudit | user=jenkins1000 | ip=192.168.5.162 | op=ALLOCATE_BLOCK {owner=5794da37-412d-41c4-98d8-7b2bb9e01e38, size=4194304, type=RATIS, factor=THREE} | ret=SUCCESS |  
2019-08-24 12:31:03,098 | INFO  | OMAudit | user=jenkins1000 | ip=127.0.0.1 | op=CREATE_FILE {volume=volume94075, bucket=bucket15759, key=testCreateDoesNotAddParentDirKeys/parent/child, dataSize=0, replicationType=RATIS, replicationFactor=THREE, keyLocationInfo=null} | ret=SUCCESS |  
2019-08-24 12:31:03,102 | INFO  | OMAudit | user=jenkins1000 | ip=127.0.0.1 | op=COMMIT_KEY {volume=volume94075, bucket=bucket15759, key=testCreateDoesNotAddParentDirKeys/parent/child, dataSize=0, replicationType=null, replicationFactor=null, keyLocationInfo=[], clientID=102671965426614282} | ret=SUCCESS |  
2019-08-24 12:31:03,109 [Thread-866] INFO  ozone.MiniOzoneClusterImpl (MiniOzoneClusterImpl.java:shutdown(307)) - Shutting down the Mini Ozone Cluster
2019-08-24 12:31:03,109 | INFO  | SCMAudit | user=null | ip=null | op=GET_SCM_INFO null | ret=SUCCESS |  
2019-08-24 12:31:03,109 [Thread-866] INFO  ozone.MiniOzoneClusterImpl (MiniOzoneClusterImpl.java:stop(322)) - Stopping the Mini Ozone Cluster
2019-08-24 12:31:03,109 [Thread-866] INFO  ozone.MiniOzoneClusterImpl (MiniOzoneClusterImpl.java:stop(324)) - Stopping the OzoneManager
2019-08-24 12:31:03,109 [Thread-866] INFO  ipc.Server (Server.java:stop(3082)) - Stopping server on 35939
2019-08-24 12:31:03,112 [IPC Server listener on 35939] INFO  ipc.Server (Server.java:run(1185)) - Stopping IPC Server listener on 35939
2019-08-24 12:31:03,112 [Thread-866] INFO  ratis.OzoneManagerDoubleBuffer (OzoneManagerDoubleBuffer.java:stop(248)) - Stopping OMDoubleBuffer flush thread
2019-08-24 12:31:03,120 [IPC Server Responder] INFO  ipc.Server (Server.java:run(1319)) - Stopping IPC Server Responder
2019-08-24 12:31:03,120 [OMDoubleBufferFlushThread] INFO  ratis.OzoneManagerDoubleBuffer (OzoneManagerDoubleBuffer.java:flushTransactions(191)) - OMDoubleBuffer flush thread OMDoubleBufferFlushThread is interrupted and will exit. OMDoubleBufferFlushThread
2019-08-24 12:31:03,121 [Thread-866] INFO  utils.BackgroundService (BackgroundService.java:shutdown(148)) - Shutting down service KeyDeletingService
2019-08-24 12:31:03,122 [Thread-866] INFO  handler.ContextHandler (ContextHandler.java:doStop(910)) - Stopped o.e.j.w.WebAppContext@30b477ec{/,null,UNAVAILABLE}{/ozoneManager}
2019-08-24 12:31:03,122 [Thread-866] INFO  server.AbstractConnector (AbstractConnector.java:doStop(318)) - Stopped ServerConnector@44bb57be{HTTP/1.1,[http/1.1]}{0.0.0.0:0}
2019-08-24 12:31:03,123 [Thread-866] INFO  handler.ContextHandler (ContextHandler.java:doStop(910)) - Stopped o.e.j.s.ServletContextHandler@9c11706{/static,jar:file:/home/user/.m2/repository/org/apache/hadoop/hadoop-ozone-ozone-manager/0.5.0-SNAPSHOT/hadoop-ozone-ozone-manager-0.5.0-SNAPSHOT.jar!/webapps/static,UNAVAILABLE}
2019-08-24 12:31:03,123 [Thread-866] INFO  handler.ContextHandler (ContextHandler.java:doStop(910)) - Stopped o.e.j.s.ServletContextHandler@77e9d504{/logs,file:///workdir/hadoop-ozone/ozonefs/target/log,UNAVAILABLE}
2019-08-24 12:31:03,125 [Thread-866] INFO  ozone.MiniOzoneClusterImpl (MiniOzoneClusterImpl.java:stop(330)) - Shutting the HddsDatanodes
2019-08-24 12:31:03,545 [Datanode State Machine Thread - 0] INFO  statemachine.DatanodeStateMachine (DatanodeStateMachine.java:lambda$startDaemon$0(350)) - Ozone container server started.
2019-08-24 12:31:03,885 [Datanode State Machine Thread - 0] INFO  statemachine.DatanodeStateMachine (DatanodeStateMachine.java:lambda$startDaemon$0(350)) - Ozone container server started.
2019-08-24 12:31:03,984 | INFO  | SCMAudit | user=jenkins1000 | ip=192.168.5.162 | op=SEND_HEARTBEAT {datanodeUUID=e27831c6-c78a-4dee-b9b2-810b106d9595, command=[]} | ret=SUCCESS |  
2019-08-24 12:31:04,554 [Thread-1038] INFO  container.ReplicationManager (ReplicationManager.java:start(152)) - Starting Replication Monitor Thread.
2019-08-24 12:31:04,558 [ReplicationMonitor] INFO  container.ReplicationManager (ReplicationManager.java:run(215)) - Replication Monitor Thread took 0 milliseconds for processing 1 containers.
2019-08-24 12:31:04,984 | INFO  | SCMAudit | user=jenkins1000 | ip=192.168.5.162 | op=SEND_HEARTBEAT {datanodeUUID=e27831c6-c78a-4dee-b9b2-810b106d9595, command=[]} | ret=SUCCESS |  
2019-08-24 12:31:05,983 | INFO  | SCMAudit | user=jenkins1000 | ip=192.168.5.162 | op=SEND_HEARTBEAT {datanodeUUID=e27831c6-c78a-4dee-b9b2-810b106d9595, command=[]} | ret=SUCCESS |  
2019-08-24 12:31:06,788 [Thread-1040] INFO  impl.FollowerState (FollowerState.java:run(106)) - e2ac2037-ee3d-48d6-b404-f250a7ef6edb:group-AA959350B4A6 changes to CANDIDATE, lastRpcTime:5181, electionTimeout:5181ms
2019-08-24 12:31:06,789 [Thread-1040] INFO  impl.RoleInfo (RoleInfo.java:shutdownFollowerState(121)) - e2ac2037-ee3d-48d6-b404-f250a7ef6edb: shutdown FollowerState
2019-08-24 12:31:06,789 [Thread-1040] INFO  impl.RaftServerImpl (RaftServerImpl.java:setRole(171)) - e2ac2037-ee3d-48d6-b404-f250a7ef6edb:group-AA959350B4A6 changes role from FOLLOWER to CANDIDATE at term 0 for changeToCandidate
2019-08-24 12:31:06,789 [Thread-1040] INFO  impl.RoleInfo (RoleInfo.java:updateAndGet(143)) - e2ac2037-ee3d-48d6-b404-f250a7ef6edb: start LeaderElection
2019-08-24 12:31:06,809 [e2ac2037-ee3d-48d6-b404-f250a7ef6edb:group-AA959350B4A6:LeaderElection25] INFO  impl.LeaderElection (LeaderElection.java:askForVotes(181)) - e2ac2037-ee3d-48d6-b404-f250a7ef6edb:group-AA959350B4A6:LeaderElection25: begin an election at term 1 for -1: [e2ac2037-ee3d-48d6-b404-f250a7ef6edb:192.168.5.162:41210], old=null
2019-08-24 12:31:06,810 [e2ac2037-ee3d-48d6-b404-f250a7ef6edb:group-AA959350B4A6:LeaderElection25] INFO  impl.RoleInfo (RoleInfo.java:shutdownLeaderElection(134)) - e2ac2037-ee3d-48d6-b404-f250a7ef6edb: shutdown LeaderElection
2019-08-24 12:31:06,810 [e2ac2037-ee3d-48d6-b404-f250a7ef6edb:group-AA959350B4A6:LeaderElection25] INFO  impl.RaftServerImpl (RaftServerImpl.java:setRole(171)) - e2ac2037-ee3d-48d6-b404-f250a7ef6edb:group-AA959350B4A6 changes role from CANDIDATE to LEADER at term 1 for changeToLeader
2019-08-24 12:31:06,810 [e2ac2037-ee3d-48d6-b404-f250a7ef6edb:group-AA959350B4A6:LeaderElection25] INFO  impl.RaftServerImpl (ServerState.java:setLeader(263)) - e2ac2037-ee3d-48d6-b404-f250a7ef6edb:group-AA959350B4A6 change Leader from null to e2ac2037-ee3d-48d6-b404-f250a7ef6edb at term 1 for becomeLeader, leader elected after 5208ms
2019-08-24 12:31:06,810 [e2ac2037-ee3d-48d6-b404-f250a7ef6edb:group-AA959350B4A6:LeaderElection25] INFO  server.RaftServerConfigKeys (ConfUtils.java:logGet(43)) - raft.server.staging.catchup.gap = 1000 (default)
2019-08-24 12:31:06,810 [e2ac2037-ee3d-48d6-b404-f250a7ef6edb:group-AA959350B4A6:LeaderElection25] INFO  server.RaftServerConfigKeys (ConfUtils.java:logGet(43)) - raft.server.rpc.sleep.time = 25ms (default)
2019-08-24 12:31:06,811 [e2ac2037-ee3d-48d6-b404-f250a7ef6edb:group-AA959350B4A6:LeaderElection25] INFO  server.RaftServerConfigKeys (ConfUtils.java:logGet(43)) - raft.server.write.element-limit = 4096 (default)
2019-08-24 12:31:06,811 [e2ac2037-ee3d-48d6-b404-f250a7ef6edb:group-AA959350B4A6:LeaderElection25] INFO  server.RaftServerConfigKeys (ConfUtils.java:logGet(43)) - raft.server.watch.timeout = 10s (default)
2019-08-24 12:31:06,811 [e2ac2037-ee3d-48d6-b404-f250a7ef6edb:group-AA959350B4A6:LeaderElection25] INFO  server.RaftServerConfigKeys (ConfUtils.java:logGet(43)) - raft.server.watch.timeout.denomination = 1s (default)
2019-08-24 12:31:06,811 [e2ac2037-ee3d-48d6-b404-f250a7ef6edb:group-AA959350B4A6:LeaderElection25] INFO  server.RaftServerConfigKeys (ConfUtils.java:logGet(43)) - raft.server.watch.element-limit = 65536 (default)
2019-08-24 12:31:06,811 [e2ac2037-ee3d-48d6-b404-f250a7ef6edb:group-AA959350B4A6:LeaderElection25] INFO  impl.RoleInfo (RoleInfo.java:updateAndGet(143)) - e2ac2037-ee3d-48d6-b404-f250a7ef6edb: start LeaderState
2019-08-24 12:31:06,812 [e2ac2037-ee3d-48d6-b404-f250a7ef6edb:group-AA959350B4A6:LeaderElection25] INFO  segmented.SegmentedRaftLogWorker (SegmentedRaftLogWorker.java:startLogSegment(380)) - e2ac2037-ee3d-48d6-b404-f250a7ef6edb-SegmentedRaftLogWorker:Storage Directory /workdir/hadoop-ozone/ozonefs/target/test-dir/MiniOzoneClusterImpl-1fad73fd-ee4e-4689-9aa7-77c41a043b41/datanode-0/data/ratis/c1fcb0ad-026c-427a-bf76-aa959350b4a6: Starting segment from index:0
2019-08-24 12:31:06,813 [e2ac2037-ee3d-48d6-b404-f250a7ef6edb:group-AA959350B4A6:LeaderElection25] INFO  impl.RaftServerImpl (ServerState.java:setRaftConf(361)) - e2ac2037-ee3d-48d6-b404-f250a7ef6edb:group-AA959350B4A6 set configuration 0: [e2ac2037-ee3d-48d6-b404-f250a7ef6edb:192.168.5.162:41210], old=null at 0
2019-08-24 12:31:06,859 [e2ac2037-ee3d-48d6-b404-f250a7ef6edb-SegmentedRaftLogWorker:Storage Directory /workdir/hadoop-ozone/ozonefs/target/test-dir/MiniOzoneClusterImpl-1fad73fd-ee4e-4689-9aa7-77c41a043b41/datanode-0/data/ratis/c1fcb0ad-026c-427a-bf76-aa959350b4a6] INFO  segmented.SegmentedRaftLogWorker (SegmentedRaftLogWorker.java:execute(569)) - e2ac2037-ee3d-48d6-b404-f250a7ef6edb-SegmentedRaftLogWorker:Storage Directory /workdir/hadoop-ozone/ozonefs/target/test-dir/MiniOzoneClusterImpl-1fad73fd-ee4e-4689-9aa7-77c41a043b41/datanode-0/data/ratis/c1fcb0ad-026c-427a-bf76-aa959350b4a6: created new log segment /workdir/hadoop-ozone/ozonefs/target/test-dir/MiniOzoneClusterImpl-1fad73fd-ee4e-4689-9aa7-77c41a043b41/datanode-0/data/ratis/c1fcb0ad-026c-427a-bf76-aa959350b4a6/current/log_inprogress_0
2019-08-24 12:31:06,984 | INFO  | SCMAudit | user=jenkins1000 | ip=192.168.5.162 | op=SEND_HEARTBEAT {datanodeUUID=e27831c6-c78a-4dee-b9b2-810b106d9595, command=[]} | ret=SUCCESS |  
2019-08-24 12:31:07,124 [Thread-1043] INFO  impl.FollowerState (FollowerState.java:run(106)) - db736570-cb99-4aa0-a6ec-c211e3403207:group-3500FCE2D7F1 changes to CANDIDATE, lastRpcTime:5165, electionTimeout:5165ms
2019-08-24 12:31:07,125 [Thread-1043] INFO  impl.RoleInfo (RoleInfo.java:shutdownFollowerState(121)) - db736570-cb99-4aa0-a6ec-c211e3403207: shutdown FollowerState
2019-08-24 12:31:07,125 [Thread-1043] INFO  impl.RaftServerImpl (RaftServerImpl.java:setRole(171)) - db736570-cb99-4aa0-a6ec-c211e3403207:group-3500FCE2D7F1 changes role from FOLLOWER to CANDIDATE at term 0 for changeToCandidate
2019-08-24 12:31:07,125 [Thread-1043] INFO  impl.RoleInfo (RoleInfo.java:updateAndGet(143)) - db736570-cb99-4aa0-a6ec-c211e3403207: start LeaderElection
2019-08-24 12:31:07,148 [Thread-1049] INFO  impl.FollowerState (FollowerState.java:run(106)) - e2ac2037-ee3d-48d6-b404-f250a7ef6edb:group-4F7838FC7576 changes to CANDIDATE, lastRpcTime:5039, electionTimeout:5039ms
2019-08-24 12:31:07,148 [Thread-1049] INFO  impl.RoleInfo (RoleInfo.java:shutdownFollowerState(121)) - e2ac2037-ee3d-48d6-b404-f250a7ef6edb: shutdown FollowerState
2019-08-24 12:31:07,148 [Thread-1049] INFO  impl.RaftServerImpl (RaftServerImpl.java:setRole(171)) - e2ac2037-ee3d-48d6-b404-f250a7ef6edb:group-4F7838FC7576 changes role from FOLLOWER to CANDIDATE at term 0 for changeToCandidate
2019-08-24 12:31:07,148 [Thread-1049] INFO  impl.RoleInfo (RoleInfo.java:updateAndGet(143)) - e2ac2037-ee3d-48d6-b404-f250a7ef6edb: start LeaderElection
2019-08-24 12:31:07,155 [db736570-cb99-4aa0-a6ec-c211e3403207:group-3500FCE2D7F1:LeaderElection26] INFO  impl.LeaderElection (LeaderElection.java:askForVotes(181)) - db736570-cb99-4aa0-a6ec-c211e3403207:group-3500FCE2D7F1:LeaderElection26: begin an election at term 1 for -1: [db736570-cb99-4aa0-a6ec-c211e3403207:192.168.5.162:42358], old=null
2019-08-24 12:31:07,156 [db736570-cb99-4aa0-a6ec-c211e3403207:group-3500FCE2D7F1:LeaderElection26] INFO  impl.RoleInfo (RoleInfo.java:shutdownLeaderElection(134)) - db736570-cb99-4aa0-a6ec-c211e3403207: shutdown LeaderElection
2019-08-24 12:31:07,156 [db736570-cb99-4aa0-a6ec-c211e3403207:group-3500FCE2D7F1:LeaderElection26] INFO  impl.RaftServerImpl (RaftServerImpl.java:setRole(171)) - db736570-cb99-4aa0-a6ec-c211e3403207:group-3500FCE2D7F1 changes role from CANDIDATE to LEADER at term 1 for changeToLeader
2019-08-24 12:31:07,156 [db736570-cb99-4aa0-a6ec-c211e3403207:group-3500FCE2D7F1:LeaderElection26] INFO  impl.RaftServerImpl (ServerState.java:setLeader(263)) - db736570-cb99-4aa0-a6ec-c211e3403207:group-3500FCE2D7F1 change Leader from null to db736570-cb99-4aa0-a6ec-c211e3403207 at term 1 for becomeLeader, leader elected after 5203ms
2019-08-24 12:31:07,156 [db736570-cb99-4aa0-a6ec-c211e3403207:group-3500FCE2D7F1:LeaderElection26] INFO  server.RaftServerConfigKeys (ConfUtils.java:logGet(43)) - raft.server.staging.catchup.gap = 1000 (default)
2019-08-24 12:31:07,156 [db736570-cb99-4aa0-a6ec-c211e3403207:group-3500FCE2D7F1:LeaderElection26] INFO  server.RaftServerConfigKeys (ConfUtils.java:logGet(43)) - raft.server.rpc.sleep.time = 25ms (default)
2019-08-24 12:31:07,157 [db736570-cb99-4aa0-a6ec-c211e3403207:group-3500FCE2D7F1:LeaderElection26] INFO  server.RaftServerConfigKeys (ConfUtils.java:logGet(43)) - raft.server.write.element-limit = 4096 (default)
2019-08-24 12:31:07,157 [db736570-cb99-4aa0-a6ec-c211e3403207:group-3500FCE2D7F1:LeaderElection26] INFO  server.RaftServerConfigKeys (ConfUtils.java:logGet(43)) - raft.server.watch.timeout = 10s (default)
2019-08-24 12:31:07,157 [db736570-cb99-4aa0-a6ec-c211e3403207:group-3500FCE2D7F1:LeaderElection26] INFO  server.RaftServerConfigKeys (ConfUtils.java:logGet(43)) - raft.server.watch.timeout.denomination = 1s (default)
2019-08-24 12:31:07,157 [db736570-cb99-4aa0-a6ec-c211e3403207:group-3500FCE2D7F1:LeaderElection26] INFO  server.RaftServerConfigKeys (ConfUtils.java:logGet(43)) - raft.server.watch.element-limit = 65536 (default)
2019-08-24 12:31:07,157 [db736570-cb99-4aa0-a6ec-c211e3403207:group-3500FCE2D7F1:LeaderElection26] INFO  impl.RoleInfo (RoleInfo.java:updateAndGet(143)) - db736570-cb99-4aa0-a6ec-c211e3403207: start LeaderState
2019-08-24 12:31:07,158 [db736570-cb99-4aa0-a6ec-c211e3403207:group-3500FCE2D7F1:LeaderElection26] INFO  segmented.SegmentedRaftLogWorker (SegmentedRaftLogWorker.java:startLogSegment(380)) - db736570-cb99-4aa0-a6ec-c211e3403207-SegmentedRaftLogWorker:Storage Directory /workdir/hadoop-ozone/ozonefs/target/test-dir/MiniOzoneClusterImpl-1fad73fd-ee4e-4689-9aa7-77c41a043b41/datanode-1/data/ratis/cb8fe672-3ed7-4be8-9321-3500fce2d7f1: Starting segment from index:0
2019-08-24 12:31:07,159 [db736570-cb99-4aa0-a6ec-c211e3403207:group-3500FCE2D7F1:LeaderElection26] INFO  impl.RaftServerImpl (ServerState.java:setRaftConf(361)) - db736570-cb99-4aa0-a6ec-c211e3403207:group-3500FCE2D7F1 set configuration 0: [db736570-cb99-4aa0-a6ec-c211e3403207:192.168.5.162:42358], old=null at 0
2019-08-24 12:31:07,196 [Thread-1046] INFO  impl.FollowerState (FollowerState.java:run(106)) - e27831c6-c78a-4dee-b9b2-810b106d9595:group-78A0971203BC changes to CANDIDATE, lastRpcTime:5163, electionTimeout:5128ms
2019-08-24 12:31:07,196 [e2ac2037-ee3d-48d6-b404-f250a7ef6edb:group-4F7838FC7576:LeaderElection27] INFO  impl.LeaderElection (LeaderElection.java:askForVotes(181)) - e2ac2037-ee3d-48d6-b404-f250a7ef6edb:group-4F7838FC7576:LeaderElection27: begin an election at term 1 for -1: [e27831c6-c78a-4dee-b9b2-810b106d9595:192.168.5.162:43269, e2ac2037-ee3d-48d6-b404-f250a7ef6edb:192.168.5.162:41210, db736570-cb99-4aa0-a6ec-c211e3403207:192.168.5.162:42358], old=null
2019-08-24 12:31:07,197 [Thread-1046] INFO  impl.RoleInfo (RoleInfo.java:shutdownFollowerState(121)) - e27831c6-c78a-4dee-b9b2-810b106d9595: shutdown FollowerState
2019-08-24 12:31:07,197 [Thread-1046] INFO  impl.RaftServerImpl (RaftServerImpl.java:setRole(171)) - e27831c6-c78a-4dee-b9b2-810b106d9595:group-78A0971203BC changes role from FOLLOWER to CANDIDATE at term 0 for changeToCandidate
2019-08-24 12:31:07,197 [Thread-1046] INFO  impl.RoleInfo (RoleInfo.java:updateAndGet(143)) - e27831c6-c78a-4dee-b9b2-810b106d9595: start LeaderElection
2019-08-24 12:31:07,210 [Thread-1054] INFO  impl.FollowerState (FollowerState.java:run(106)) - e27831c6-c78a-4dee-b9b2-810b106d9595:group-4F7838FC7576 changes to CANDIDATE, lastRpcTime:5095, electionTimeout:5094ms
2019-08-24 12:31:07,210 [Thread-1054] INFO  impl.RoleInfo (RoleInfo.java:shutdownFollowerState(121)) - e27831c6-c78a-4dee-b9b2-810b106d9595: shutdown FollowerState
2019-08-24 12:31:07,210 [Thread-1054] INFO  impl.RaftServerImpl (RaftServerImpl.java:setRole(171)) - e27831c6-c78a-4dee-b9b2-810b106d9595:group-4F7838FC7576 changes role from FOLLOWER to CANDIDATE at term 0 for changeToCandidate
2019-08-24 12:31:07,210 [Thread-1054] INFO  impl.RoleInfo (RoleInfo.java:updateAndGet(143)) - e27831c6-c78a-4dee-b9b2-810b106d9595: start LeaderElection
2019-08-24 12:31:07,221 [db736570-cb99-4aa0-a6ec-c211e3403207-SegmentedRaftLogWorker:Storage Directory /workdir/hadoop-ozone/ozonefs/target/test-dir/MiniOzoneClusterImpl-1fad73fd-ee4e-4689-9aa7-77c41a043b41/datanode-1/data/ratis/cb8fe672-3ed7-4be8-9321-3500fce2d7f1] INFO  segmented.SegmentedRaftLogWorker (SegmentedRaftLogWorker.java:execute(569)) - db736570-cb99-4aa0-a6ec-c211e3403207-SegmentedRaftLogWorker:Storage Directory /workdir/hadoop-ozone/ozonefs/target/test-dir/MiniOzoneClusterImpl-1fad73fd-ee4e-4689-9aa7-77c41a043b41/datanode-1/data/ratis/cb8fe672-3ed7-4be8-9321-3500fce2d7f1: created new log segment /workdir/hadoop-ozone/ozonefs/target/test-dir/MiniOzoneClusterImpl-1fad73fd-ee4e-4689-9aa7-77c41a043b41/datanode-1/data/ratis/cb8fe672-3ed7-4be8-9321-3500fce2d7f1/current/log_inprogress_0
2019-08-24 12:31:07,225 [e27831c6-c78a-4dee-b9b2-810b106d9595:group-4F7838FC7576:LeaderElection29] INFO  impl.LeaderElection (LeaderElection.java:askForVotes(181)) - e27831c6-c78a-4dee-b9b2-810b106d9595:group-4F7838FC7576:LeaderElection29: begin an election at term 1 for -1: [e27831c6-c78a-4dee-b9b2-810b106d9595:192.168.5.162:43269, e2ac2037-ee3d-48d6-b404-f250a7ef6edb:192.168.5.162:41210, db736570-cb99-4aa0-a6ec-c211e3403207:192.168.5.162:42358], old=null
2019-08-24 12:31:07,221 [e27831c6-c78a-4dee-b9b2-810b106d9595:group-78A0971203BC:LeaderElection28] INFO  impl.LeaderElection (LeaderElection.java:askForVotes(181)) - e27831c6-c78a-4dee-b9b2-810b106d9595:group-78A0971203BC:LeaderElection28: begin an election at term 1 for -1: [e27831c6-c78a-4dee-b9b2-810b106d9595:192.168.5.162:43269], old=null
2019-08-24 12:31:07,227 [grpc-default-executor-0] INFO  impl.RaftServerImpl (RaftServerImpl.java:setRole(171)) - db736570-cb99-4aa0-a6ec-c211e3403207:group-4F7838FC7576 changes role from FOLLOWER to FOLLOWER at term 1 for recognizeCandidate:e2ac2037-ee3d-48d6-b404-f250a7ef6edb
2019-08-24 12:31:07,227 [e27831c6-c78a-4dee-b9b2-810b106d9595:group-78A0971203BC:LeaderElection28] INFO  impl.RoleInfo (RoleInfo.java:shutdownLeaderElection(134)) - e27831c6-c78a-4dee-b9b2-810b106d9595: shutdown LeaderElection
2019-08-24 12:31:07,227 [grpc-default-executor-0] INFO  impl.RoleInfo (RoleInfo.java:shutdownFollowerState(121)) - db736570-cb99-4aa0-a6ec-c211e3403207: shutdown FollowerState
2019-08-24 12:31:07,227 [e27831c6-c78a-4dee-b9b2-810b106d9595:group-78A0971203BC:LeaderElection28] INFO  impl.RaftServerImpl (RaftServerImpl.java:setRole(171)) - e27831c6-c78a-4dee-b9b2-810b106d9595:group-78A0971203BC changes role from CANDIDATE to LEADER at term 1 for changeToLeader
2019-08-24 12:31:07,229 [Thread-1053] INFO  impl.FollowerState (FollowerState.java:run(114)) - db736570-cb99-4aa0-a6ec-c211e3403207: FollowerState was interrupted: java.lang.InterruptedException: sleep interrupted
2019-08-24 12:31:07,229 [grpc-default-executor-0] INFO  impl.RoleInfo (RoleInfo.java:updateAndGet(143)) - db736570-cb99-4aa0-a6ec-c211e3403207: start FollowerState
2019-08-24 12:31:07,229 [e27831c6-c78a-4dee-b9b2-810b106d9595:group-78A0971203BC:LeaderElection28] INFO  impl.RaftServerImpl (ServerState.java:setLeader(263)) - e27831c6-c78a-4dee-b9b2-810b106d9595:group-78A0971203BC change Leader from null to e27831c6-c78a-4dee-b9b2-810b106d9595 at term 1 for becomeLeader, leader elected after 5201ms
2019-08-24 12:31:07,232 [e27831c6-c78a-4dee-b9b2-810b106d9595:group-78A0971203BC:LeaderElection28] INFO  server.RaftServerConfigKeys (ConfUtils.java:logGet(43)) - raft.server.staging.catchup.gap = 1000 (default)
2019-08-24 12:31:07,233 [e27831c6-c78a-4dee-b9b2-810b106d9595:group-78A0971203BC:LeaderElection28] INFO  server.RaftServerConfigKeys (ConfUtils.java:logGet(43)) - raft.server.rpc.sleep.time = 25ms (default)
2019-08-24 12:31:07,233 [e27831c6-c78a-4dee-b9b2-810b106d9595:group-78A0971203BC:LeaderElection28] INFO  server.RaftServerConfigKeys (ConfUtils.java:logGet(43)) - raft.server.write.element-limit = 4096 (default)
2019-08-24 12:31:07,233 [e27831c6-c78a-4dee-b9b2-810b106d9595:group-78A0971203BC:LeaderElection28] INFO  server.RaftServerConfigKeys (ConfUtils.java:logGet(43)) - raft.server.watch.timeout = 10s (default)
2019-08-24 12:31:07,233 [e27831c6-c78a-4dee-b9b2-810b106d9595:group-78A0971203BC:LeaderElection28] INFO  server.RaftServerConfigKeys (ConfUtils.java:logGet(43)) - raft.server.watch.timeout.denomination = 1s (default)
2019-08-24 12:31:07,233 [e27831c6-c78a-4dee-b9b2-810b106d9595:group-78A0971203BC:LeaderElection28] INFO  server.RaftServerConfigKeys (ConfUtils.java:logGet(43)) - raft.server.watch.element-limit = 65536 (default)
2019-08-24 12:31:07,234 [e27831c6-c78a-4dee-b9b2-810b106d9595:group-78A0971203BC:LeaderElection28] INFO  impl.RoleInfo (RoleInfo.java:updateAndGet(143)) - e27831c6-c78a-4dee-b9b2-810b106d9595: start LeaderState
2019-08-24 12:31:07,234 [e27831c6-c78a-4dee-b9b2-810b106d9595:group-78A0971203BC:LeaderElection28] INFO  segmented.SegmentedRaftLogWorker (SegmentedRaftLogWorker.java:startLogSegment(380)) - e27831c6-c78a-4dee-b9b2-810b106d9595-SegmentedRaftLogWorker:Storage Directory /workdir/hadoop-ozone/ozonefs/target/test-dir/MiniOzoneClusterImpl-1fad73fd-ee4e-4689-9aa7-77c41a043b41/datanode-2/data/ratis/54dc7f82-2d5f-4275-b12e-78a0971203bc: Starting segment from index:0
2019-08-24 12:31:07,235 [e27831c6-c78a-4dee-b9b2-810b106d9595:group-78A0971203BC:LeaderElection28] INFO  impl.RaftServerImpl (ServerState.java:setRaftConf(361)) - e27831c6-c78a-4dee-b9b2-810b106d9595:group-78A0971203BC set configuration 0: [e27831c6-c78a-4dee-b9b2-810b106d9595:192.168.5.162:43269], old=null at 0
2019-08-24 12:31:07,287 [e2ac2037-ee3d-48d6-b404-f250a7ef6edb:group-4F7838FC7576:LeaderElection27] INFO  impl.LeaderElection (LeaderElection.java:logAndReturn(56)) - e2ac2037-ee3d-48d6-b404-f250a7ef6edb:group-4F7838FC7576:LeaderElection27: Election PASSED; received 2 response(s) [e2ac2037-ee3d-48d6-b404-f250a7ef6edb<-e27831c6-c78a-4dee-b9b2-810b106d9595#0:FAIL-t1, e2ac2037-ee3d-48d6-b404-f250a7ef6edb<-db736570-cb99-4aa0-a6ec-c211e3403207#0:OK-t1] and 0 exception(s); e2ac2037-ee3d-48d6-b404-f250a7ef6edb:t1, leader=null, voted=e2ac2037-ee3d-48d6-b404-f250a7ef6edb, raftlog=e2ac2037-ee3d-48d6-b404-f250a7ef6edb-SegmentedRaftLog:OPENED:c-1,f-1,i0, conf=-1: [e27831c6-c78a-4dee-b9b2-810b106d9595:192.168.5.162:43269, e2ac2037-ee3d-48d6-b404-f250a7ef6edb:192.168.5.162:41210, db736570-cb99-4aa0-a6ec-c211e3403207:192.168.5.162:42358], old=null
2019-08-24 12:31:07,288 [e2ac2037-ee3d-48d6-b404-f250a7ef6edb:group-4F7838FC7576:LeaderElection27] INFO  impl.RoleInfo (RoleInfo.java:shutdownLeaderElection(134)) - e2ac2037-ee3d-48d6-b404-f250a7ef6edb: shutdown LeaderElection
2019-08-24 12:31:07,289 [e2ac2037-ee3d-48d6-b404-f250a7ef6edb:group-4F7838FC7576:LeaderElection27] INFO  impl.RaftServerImpl (RaftServerImpl.java:setRole(171)) - e2ac2037-ee3d-48d6-b404-f250a7ef6edb:group-4F7838FC7576 changes role from CANDIDATE to LEADER at term 1 for changeToLeader
2019-08-24 12:31:07,289 [e2ac2037-ee3d-48d6-b404-f250a7ef6edb:group-4F7838FC7576:LeaderElection27] INFO  impl.RaftServerImpl (ServerState.java:setLeader(263)) - e2ac2037-ee3d-48d6-b404-f250a7ef6edb:group-4F7838FC7576 change Leader from null to e2ac2037-ee3d-48d6-b404-f250a7ef6edb at term 1 for becomeLeader, leader elected after 5188ms
2019-08-24 12:31:07,290 [e2ac2037-ee3d-48d6-b404-f250a7ef6edb:group-4F7838FC7576:LeaderElection27] INFO  server.RaftServerConfigKeys (ConfUtils.java:logGet(43)) - raft.server.staging.catchup.gap = 1000 (default)
2019-08-24 12:31:07,290 [e2ac2037-ee3d-48d6-b404-f250a7ef6edb:group-4F7838FC7576:LeaderElection27] INFO  server.RaftServerConfigKeys (ConfUtils.java:logGet(43)) - raft.server.rpc.sleep.time = 25ms (default)
2019-08-24 12:31:07,290 [e2ac2037-ee3d-48d6-b404-f250a7ef6edb:group-4F7838FC7576:LeaderElection27] INFO  server.RaftServerConfigKeys (ConfUtils.java:logGet(43)) - raft.server.write.element-limit = 4096 (default)
2019-08-24 12:31:07,290 [e27831c6-c78a-4dee-b9b2-810b106d9595:group-4F7838FC7576:LeaderElection29] INFO  impl.LeaderElection (LeaderElection.java:logAndReturn(56)) - e27831c6-c78a-4dee-b9b2-810b106d9595:group-4F7838FC7576:LeaderElection29: Election REJECTED; received 2 response(s) [e27831c6-c78a-4dee-b9b2-810b106d9595<-e2ac2037-ee3d-48d6-b404-f250a7ef6edb#0:FAIL-t1, e27831c6-c78a-4dee-b9b2-810b106d9595<-db736570-cb99-4aa0-a6ec-c211e3403207#0:FAIL-t1] and 0 exception(s); e27831c6-c78a-4dee-b9b2-810b106d9595:t1, leader=null, voted=e27831c6-c78a-4dee-b9b2-810b106d9595, raftlog=e27831c6-c78a-4dee-b9b2-810b106d9595-SegmentedRaftLog:OPENED:c-1,f-1,i0, conf=-1: [e27831c6-c78a-4dee-b9b2-810b106d9595:192.168.5.162:43269, e2ac2037-ee3d-48d6-b404-f250a7ef6edb:192.168.5.162:41210, db736570-cb99-4aa0-a6ec-c211e3403207:192.168.5.162:42358], old=null
2019-08-24 12:31:07,290 [e2ac2037-ee3d-48d6-b404-f250a7ef6edb:group-4F7838FC7576:LeaderElection27] INFO  server.RaftServerConfigKeys (ConfUtils.java:logGet(43)) - raft.server.watch.timeout = 10s (default)
2019-08-24 12:31:07,290 [e27831c6-c78a-4dee-b9b2-810b106d9595:group-4F7838FC7576:LeaderElection29] INFO  impl.RaftServerImpl (RaftServerImpl.java:setRole(171)) - e27831c6-c78a-4dee-b9b2-810b106d9595:group-4F7838FC7576 changes role from CANDIDATE to FOLLOWER at term 1 for DISCOVERED_A_NEW_TERM
2019-08-24 12:31:07,292 [e2ac2037-ee3d-48d6-b404-f250a7ef6edb:group-4F7838FC7576:LeaderElection27] INFO  server.RaftServerConfigKeys (ConfUtils.java:logGet(43)) - raft.server.watch.timeout.denomination = 1s (default)
2019-08-24 12:31:07,292 [e27831c6-c78a-4dee-b9b2-810b106d9595:group-4F7838FC7576:LeaderElection29] INFO  impl.RoleInfo (RoleInfo.java:shutdownLeaderElection(134)) - e27831c6-c78a-4dee-b9b2-810b106d9595: shutdown LeaderElection
2019-08-24 12:31:07,292 [e2ac2037-ee3d-48d6-b404-f250a7ef6edb:group-4F7838FC7576:LeaderElection27] INFO  server.RaftServerConfigKeys (ConfUtils.java:logGet(43)) - raft.server.watch.element-limit = 65536 (default)
2019-08-24 12:31:07,292 [e27831c6-c78a-4dee-b9b2-810b106d9595:group-4F7838FC7576:LeaderElection29] INFO  impl.RoleInfo (RoleInfo.java:updateAndGet(143)) - e27831c6-c78a-4dee-b9b2-810b106d9595: start FollowerState
2019-08-24 12:31:07,293 [e2ac2037-ee3d-48d6-b404-f250a7ef6edb:group-4F7838FC7576:LeaderElection27] INFO  server.RaftServerConfigKeys (ConfUtils.java:logGet(43)) - raft.server.log.appender.snapshot.chunk.size.max = 16MB (=16777216) (default)
2019-08-24 12:31:07,294 [e2ac2037-ee3d-48d6-b404-f250a7ef6edb:group-4F7838FC7576:LeaderElection27] INFO  server.RaftServerConfigKeys (ConfUtils.java:logGet(43)) - raft.server.log.appender.buffer.byte-limit = 33554432 (custom)
2019-08-24 12:31:07,294 [e2ac2037-ee3d-48d6-b404-f250a7ef6edb:group-4F7838FC7576:LeaderElection27] INFO  server.RaftServerConfigKeys (ConfUtils.java:logGet(43)) - raft.server.log.appender.buffer.element-limit = 1 (custom)
2019-08-24 12:31:07,295 [e2ac2037-ee3d-48d6-b404-f250a7ef6edb:group-4F7838FC7576:LeaderElection27] INFO  grpc.GrpcConfigKeys$Server (ConfUtils.java:logGet(43)) - raft.grpc.server.leader.outstanding.appends.max = 128 (default)
2019-08-24 12:31:07,295 [e2ac2037-ee3d-48d6-b404-f250a7ef6edb:group-4F7838FC7576:LeaderElection27] INFO  server.RaftServerConfigKeys (ConfUtils.java:logGet(43)) - raft.server.rpc.request.timeout = 3000ms (default)
2019-08-24 12:31:07,295 [e2ac2037-ee3d-48d6-b404-f250a7ef6edb:group-4F7838FC7576:LeaderElection27] INFO  server.RaftServerConfigKeys (ConfUtils.java:logGet(43)) - raft.server.log.appender.install.snapshot.enabled = false (custom)
2019-08-24 12:31:07,295 [e2ac2037-ee3d-48d6-b404-f250a7ef6edb:group-4F7838FC7576:LeaderElection27] INFO  server.RaftServerConfigKeys (ConfUtils.java:logGet(43)) - raft.server.log.appender.snapshot.chunk.size.max = 16MB (=16777216) (default)
2019-08-24 12:31:07,296 [e2ac2037-ee3d-48d6-b404-f250a7ef6edb:group-4F7838FC7576:LeaderElection27] INFO  server.RaftServerConfigKeys (ConfUtils.java:logGet(43)) - raft.server.log.appender.buffer.byte-limit = 33554432 (custom)
2019-08-24 12:31:07,296 [e2ac2037-ee3d-48d6-b404-f250a7ef6edb:group-4F7838FC7576:LeaderElection27] INFO  server.RaftServerConfigKeys (ConfUtils.java:logGet(43)) - raft.server.log.appender.buffer.element-limit = 1 (custom)
2019-08-24 12:31:07,296 [e2ac2037-ee3d-48d6-b404-f250a7ef6edb:group-4F7838FC7576:LeaderElection27] INFO  grpc.GrpcConfigKeys$Server (ConfUtils.java:logGet(43)) - raft.grpc.server.leader.outstanding.appends.max = 128 (default)
2019-08-24 12:31:07,296 [e2ac2037-ee3d-48d6-b404-f250a7ef6edb:group-4F7838FC7576:LeaderElection27] INFO  server.RaftServerConfigKeys (ConfUtils.java:logGet(43)) - raft.server.rpc.request.timeout = 3000ms (default)
2019-08-24 12:31:07,296 [e2ac2037-ee3d-48d6-b404-f250a7ef6edb:group-4F7838FC7576:LeaderElection27] INFO  server.RaftServerConfigKeys (ConfUtils.java:logGet(43)) - raft.server.log.appender.install.snapshot.enabled = false (custom)
2019-08-24 12:31:07,297 [e2ac2037-ee3d-48d6-b404-f250a7ef6edb:group-4F7838FC7576:LeaderElection27] INFO  impl.RoleInfo (RoleInfo.java:updateAndGet(143)) - e2ac2037-ee3d-48d6-b404-f250a7ef6edb: start LeaderState
2019-08-24 12:31:07,297 [e2ac2037-ee3d-48d6-b404-f250a7ef6edb:group-4F7838FC7576:LeaderElection27] INFO  segmented.SegmentedRaftLogWorker (SegmentedRaftLogWorker.java:startLogSegment(380)) - e2ac2037-ee3d-48d6-b404-f250a7ef6edb-SegmentedRaftLogWorker:Storage Directory /workdir/hadoop-ozone/ozonefs/target/test-dir/MiniOzoneClusterImpl-1fad73fd-ee4e-4689-9aa7-77c41a043b41/datanode-0/data/ratis/4c620fc7-eedf-418c-865c-4f7838fc7576: Starting segment from index:0
2019-08-24 12:31:07,298 [e2ac2037-ee3d-48d6-b404-f250a7ef6edb:group-4F7838FC7576:LeaderElection27] INFO  impl.RaftServerImpl (ServerState.java:setRaftConf(361)) - e2ac2037-ee3d-48d6-b404-f250a7ef6edb:group-4F7838FC7576 set configuration 0: [e27831c6-c78a-4dee-b9b2-810b106d9595:192.168.5.162:43269, e2ac2037-ee3d-48d6-b404-f250a7ef6edb:192.168.5.162:41210, db736570-cb99-4aa0-a6ec-c211e3403207:192.168.5.162:42358], old=null at 0
2019-08-24 12:31:07,336 [e27831c6-c78a-4dee-b9b2-810b106d9595-SegmentedRaftLogWorker:Storage Directory /workdir/hadoop-ozone/ozonefs/target/test-dir/MiniOzoneClusterImpl-1fad73fd-ee4e-4689-9aa7-77c41a043b41/datanode-2/data/ratis/54dc7f82-2d5f-4275-b12e-78a0971203bc] INFO  segmented.SegmentedRaftLogWorker (SegmentedRaftLogWorker.java:execute(569)) - e27831c6-c78a-4dee-b9b2-810b106d9595-SegmentedRaftLogWorker:Storage Directory /workdir/hadoop-ozone/ozonefs/target/test-dir/MiniOzoneClusterImpl-1fad73fd-ee4e-4689-9aa7-77c41a043b41/datanode-2/data/ratis/54dc7f82-2d5f-4275-b12e-78a0971203bc: created new log segment /workdir/hadoop-ozone/ozonefs/target/test-dir/MiniOzoneClusterImpl-1fad73fd-ee4e-4689-9aa7-77c41a043b41/datanode-2/data/ratis/54dc7f82-2d5f-4275-b12e-78a0971203bc/current/log_inprogress_0
2019-08-24 12:31:07,340 [grpc-default-executor-1] INFO  impl.RaftServerImpl (ServerState.java:setLeader(263)) - db736570-cb99-4aa0-a6ec-c211e3403207:group-4F7838FC7576 change Leader from null to e2ac2037-ee3d-48d6-b404-f250a7ef6edb at term 1 for appendEntries, leader elected after 5239ms
2019-08-24 12:31:07,340 [grpc-default-executor-0] INFO  impl.RaftServerImpl (ServerState.java:setLeader(263)) - e27831c6-c78a-4dee-b9b2-810b106d9595:group-4F7838FC7576 change Leader from null to e2ac2037-ee3d-48d6-b404-f250a7ef6edb at term 1 for appendEntries, leader elected after 5238ms
2019-08-24 12:31:07,344 [grpc-default-executor-1] INFO  impl.RaftServerImpl (ServerState.java:setRaftConf(361)) - db736570-cb99-4aa0-a6ec-c211e3403207:group-4F7838FC7576 set configuration 0: [e27831c6-c78a-4dee-b9b2-810b106d9595:192.168.5.162:43269, e2ac2037-ee3d-48d6-b404-f250a7ef6edb:192.168.5.162:41210, db736570-cb99-4aa0-a6ec-c211e3403207:192.168.5.162:42358], old=null at 0
2019-08-24 12:31:07,344 [grpc-default-executor-0] INFO  impl.RaftServerImpl (ServerState.java:setRaftConf(361)) - e27831c6-c78a-4dee-b9b2-810b106d9595:group-4F7838FC7576 set configuration 0: [e27831c6-c78a-4dee-b9b2-810b106d9595:192.168.5.162:43269, e2ac2037-ee3d-48d6-b404-f250a7ef6edb:192.168.5.162:41210, db736570-cb99-4aa0-a6ec-c211e3403207:192.168.5.162:42358], old=null at 0
2019-08-24 12:31:07,344 [grpc-default-executor-1] INFO  segmented.SegmentedRaftLogWorker (SegmentedRaftLogWorker.java:startLogSegment(380)) - db736570-cb99-4aa0-a6ec-c211e3403207-SegmentedRaftLogWorker:Storage Directory /workdir/hadoop-ozone/ozonefs/target/test-dir/MiniOzoneClusterImpl-1fad73fd-ee4e-4689-9aa7-77c41a043b41/datanode-1/data/ratis/4c620fc7-eedf-418c-865c-4f7838fc7576: Starting segment from index:0
2019-08-24 12:31:07,345 [grpc-default-executor-0] INFO  segmented.SegmentedRaftLogWorker (SegmentedRaftLogWorker.java:startLogSegment(380)) - e27831c6-c78a-4dee-b9b2-810b106d9595-SegmentedRaftLogWorker:Storage Directory /workdir/hadoop-ozone/ozonefs/target/test-dir/MiniOzoneClusterImpl-1fad73fd-ee4e-4689-9aa7-77c41a043b41/datanode-2/data/ratis/4c620fc7-eedf-418c-865c-4f7838fc7576: Starting segment from index:0
2019-08-24 12:31:07,360 [e2ac2037-ee3d-48d6-b404-f250a7ef6edb-SegmentedRaftLogWorker:Storage Directory /workdir/hadoop-ozone/ozonefs/target/test-dir/MiniOzoneClusterImpl-1fad73fd-ee4e-4689-9aa7-77c41a043b41/datanode-0/data/ratis/4c620fc7-eedf-418c-865c-4f7838fc7576] INFO  segmented.SegmentedRaftLogWorker (SegmentedRaftLogWorker.java:execute(569)) - e2ac2037-ee3d-48d6-b404-f250a7ef6edb-SegmentedRaftLogWorker:Storage Directory /workdir/hadoop-ozone/ozonefs/target/test-dir/MiniOzoneClusterImpl-1fad73fd-ee4e-4689-9aa7-77c41a043b41/datanode-0/data/ratis/4c620fc7-eedf-418c-865c-4f7838fc7576: created new log segment /workdir/hadoop-ozone/ozonefs/target/test-dir/MiniOzoneClusterImpl-1fad73fd-ee4e-4689-9aa7-77c41a043b41/datanode-0/data/ratis/4c620fc7-eedf-418c-865c-4f7838fc7576/current/log_inprogress_0
2019-08-24 12:31:07,403 [e27831c6-c78a-4dee-b9b2-810b106d9595-SegmentedRaftLogWorker:Storage Directory /workdir/hadoop-ozone/ozonefs/target/test-dir/MiniOzoneClusterImpl-1fad73fd-ee4e-4689-9aa7-77c41a043b41/datanode-2/data/ratis/4c620fc7-eedf-418c-865c-4f7838fc7576] INFO  segmented.SegmentedRaftLogWorker (SegmentedRaftLogWorker.java:execute(569)) - e27831c6-c78a-4dee-b9b2-810b106d9595-SegmentedRaftLogWorker:Storage Directory /workdir/hadoop-ozone/ozonefs/target/test-dir/MiniOzoneClusterImpl-1fad73fd-ee4e-4689-9aa7-77c41a043b41/datanode-2/data/ratis/4c620fc7-eedf-418c-865c-4f7838fc7576: created new log segment /workdir/hadoop-ozone/ozonefs/target/test-dir/MiniOzoneClusterImpl-1fad73fd-ee4e-4689-9aa7-77c41a043b41/datanode-2/data/ratis/4c620fc7-eedf-418c-865c-4f7838fc7576/current/log_inprogress_0
2019-08-24 12:31:07,403 [db736570-cb99-4aa0-a6ec-c211e3403207-SegmentedRaftLogWorker:Storage Directory /workdir/hadoop-ozone/ozonefs/target/test-dir/MiniOzoneClusterImpl-1fad73fd-ee4e-4689-9aa7-77c41a043b41/datanode-1/data/ratis/4c620fc7-eedf-418c-865c-4f7838fc7576] INFO  segmented.SegmentedRaftLogWorker (SegmentedRaftLogWorker.java:execute(569)) - db736570-cb99-4aa0-a6ec-c211e3403207-SegmentedRaftLogWorker:Storage Directory /workdir/hadoop-ozone/ozonefs/target/test-dir/MiniOzoneClusterImpl-1fad73fd-ee4e-4689-9aa7-77c41a043b41/datanode-1/data/ratis/4c620fc7-eedf-418c-865c-4f7838fc7576: created new log segment /workdir/hadoop-ozone/ozonefs/target/test-dir/MiniOzoneClusterImpl-1fad73fd-ee4e-4689-9aa7-77c41a043b41/datanode-1/data/ratis/4c620fc7-eedf-418c-865c-4f7838fc7576/current/log_inprogress_0
2019-08-24 12:31:07,984 | INFO  | SCMAudit | user=jenkins1000 | ip=192.168.5.162 | op=SEND_HEARTBEAT {datanodeUUID=e27831c6-c78a-4dee-b9b2-810b106d9595, command=[]} | ret=SUCCESS |  
2019-08-24 12:31:08,126 [ForkJoinPool.commonPool-worker-0] INFO  ozoneimpl.OzoneContainer (OzoneContainer.java:stop(199)) - Attempting to stop container services.
2019-08-24 12:31:08,126 [Thread-866] INFO  ozoneimpl.OzoneContainer (OzoneContainer.java:stop(199)) - Attempting to stop container services.
2019-08-24 12:31:08,126 [ForkJoinPool.commonPool-worker-0] INFO  impl.RaftServerProxy (RaftServerProxy.java:lambda$close$4(314)) - e2ac2037-ee3d-48d6-b404-f250a7ef6edb: close
2019-08-24 12:31:08,127 [Thread-866] INFO  impl.RaftServerProxy (RaftServerProxy.java:lambda$close$4(314)) - db736570-cb99-4aa0-a6ec-c211e3403207: close
2019-08-24 12:31:08,127 [ForkJoinPool.commonPool-worker-0] INFO  impl.RaftServerImpl (RaftServerImpl.java:lambda$shutdown$3(245)) - e2ac2037-ee3d-48d6-b404-f250a7ef6edb: shutdown group-AA959350B4A6
2019-08-24 12:31:08,127 [Thread-866] INFO  impl.RaftServerImpl (RaftServerImpl.java:lambda$shutdown$3(245)) - db736570-cb99-4aa0-a6ec-c211e3403207: shutdown group-3500FCE2D7F1
2019-08-24 12:31:08,127 [ForkJoinPool.commonPool-worker-0] INFO  util.JmxRegister (JmxRegister.java:unregister(73)) - Successfully un-registered JMX Bean with object name Ratis:service=RaftServer,group=group-AA959350B4A6,id=e2ac2037-ee3d-48d6-b404-f250a7ef6edb
2019-08-24 12:31:08,128 [Thread-866] INFO  util.JmxRegister (JmxRegister.java:unregister(73)) - Successfully un-registered JMX Bean with object name Ratis:service=RaftServer,group=group-3500FCE2D7F1,id=db736570-cb99-4aa0-a6ec-c211e3403207
2019-08-24 12:31:08,128 [ForkJoinPool.commonPool-worker-0] INFO  impl.RoleInfo (RoleInfo.java:shutdownLeaderState(104)) - e2ac2037-ee3d-48d6-b404-f250a7ef6edb: shutdown LeaderState
2019-08-24 12:31:08,128 [Thread-866] INFO  impl.RoleInfo (RoleInfo.java:shutdownLeaderState(104)) - db736570-cb99-4aa0-a6ec-c211e3403207: shutdown LeaderState
2019-08-24 12:31:08,128 [ForkJoinPool.commonPool-worker-0] INFO  impl.PendingRequests (PendingRequests.java:sendNotLeaderResponses(202)) - e2ac2037-ee3d-48d6-b404-f250a7ef6edb-PendingRequests: sendNotLeaderResponses
2019-08-24 12:31:08,129 [Thread-866] INFO  impl.PendingRequests (PendingRequests.java:sendNotLeaderResponses(202)) - db736570-cb99-4aa0-a6ec-c211e3403207-PendingRequests: sendNotLeaderResponses
2019-08-24 12:31:08,129 [ForkJoinPool.commonPool-worker-0] INFO  impl.StateMachineUpdater (StateMachineUpdater.java:stopAndJoin(115)) - StateMachineUpdater:e2ac2037-ee3d-48d6-b404-f250a7ef6edb:group-AA959350B4A6: set stopIndex = 0
2019-08-24 12:31:08,130 [Thread-866] INFO  impl.StateMachineUpdater (StateMachineUpdater.java:stopAndJoin(115)) - StateMachineUpdater:db736570-cb99-4aa0-a6ec-c211e3403207:group-3500FCE2D7F1: set stopIndex = 0
2019-08-24 12:31:08,132 [Thread-866] INFO  impl.RaftServerImpl (ServerState.java:close(394)) - db736570-cb99-4aa0-a6ec-c211e3403207:group-3500FCE2D7F1 closes. The last applied log index is 0
2019-08-24 12:31:08,131 [ForkJoinPool.commonPool-worker-0] INFO  impl.RaftServerImpl (ServerState.java:close(394)) - e2ac2037-ee3d-48d6-b404-f250a7ef6edb:group-AA959350B4A6 closes. The last applied log index is 0
2019-08-24 12:31:08,133 [db736570-cb99-4aa0-a6ec-c211e3403207-SegmentedRaftLogWorker:Storage Directory /workdir/hadoop-ozone/ozonefs/target/test-dir/MiniOzoneClusterImpl-1fad73fd-ee4e-4689-9aa7-77c41a043b41/datanode-1/data/ratis/cb8fe672-3ed7-4be8-9321-3500fce2d7f1] INFO  segmented.SegmentedRaftLogWorker (SegmentedRaftLogWorker.java:run(313)) - db736570-cb99-4aa0-a6ec-c211e3403207-SegmentedRaftLogWorker:Storage Directory /workdir/hadoop-ozone/ozonefs/target/test-dir/MiniOzoneClusterImpl-1fad73fd-ee4e-4689-9aa7-77c41a043b41/datanode-1/data/ratis/cb8fe672-3ed7-4be8-9321-3500fce2d7f1 was interrupted, exiting. There are 0 tasks remaining in the queue.
2019-08-24 12:31:08,133 [e2ac2037-ee3d-48d6-b404-f250a7ef6edb-SegmentedRaftLogWorker:Storage Directory /workdir/hadoop-ozone/ozonefs/target/test-dir/MiniOzoneClusterImpl-1fad73fd-ee4e-4689-9aa7-77c41a043b41/datanode-0/data/ratis/c1fcb0ad-026c-427a-bf76-aa959350b4a6] INFO  segmented.SegmentedRaftLogWorker (SegmentedRaftLogWorker.java:run(313)) - e2ac2037-ee3d-48d6-b404-f250a7ef6edb-SegmentedRaftLogWorker:Storage Directory /workdir/hadoop-ozone/ozonefs/target/test-dir/MiniOzoneClusterImpl-1fad73fd-ee4e-4689-9aa7-77c41a043b41/datanode-0/data/ratis/c1fcb0ad-026c-427a-bf76-aa959350b4a6 was interrupted, exiting. There are 0 tasks remaining in the queue.
2019-08-24 12:31:08,136 [Thread-866] INFO  segmented.SegmentedRaftLogWorker (SegmentedRaftLogWorker.java:close(228)) - db736570-cb99-4aa0-a6ec-c211e3403207-SegmentedRaftLogWorker:Storage Directory /workdir/hadoop-ozone/ozonefs/target/test-dir/MiniOzoneClusterImpl-1fad73fd-ee4e-4689-9aa7-77c41a043b41/datanode-1/data/ratis/cb8fe672-3ed7-4be8-9321-3500fce2d7f1 close()
2019-08-24 12:31:08,136 [ForkJoinPool.commonPool-worker-0] INFO  segmented.SegmentedRaftLogWorker (SegmentedRaftLogWorker.java:close(228)) - e2ac2037-ee3d-48d6-b404-f250a7ef6edb-SegmentedRaftLogWorker:Storage Directory /workdir/hadoop-ozone/ozonefs/target/test-dir/MiniOzoneClusterImpl-1fad73fd-ee4e-4689-9aa7-77c41a043b41/datanode-0/data/ratis/c1fcb0ad-026c-427a-bf76-aa959350b4a6 close()
2019-08-24 12:31:08,139 [Thread-866] INFO  impl.RaftServerImpl (RaftServerImpl.java:lambda$shutdown$3(245)) - db736570-cb99-4aa0-a6ec-c211e3403207: shutdown group-4F7838FC7576
2019-08-24 12:31:08,141 [ForkJoinPool.commonPool-worker-0] INFO  impl.RaftServerImpl (RaftServerImpl.java:lambda$shutdown$3(245)) - e2ac2037-ee3d-48d6-b404-f250a7ef6edb: shutdown group-4F7838FC7576
2019-08-24 12:31:08,142 [Thread-866] INFO  util.JmxRegister (JmxRegister.java:unregister(73)) - Successfully un-registered JMX Bean with object name Ratis:service=RaftServer,group=group-4F7838FC7576,id=db736570-cb99-4aa0-a6ec-c211e3403207
2019-08-24 12:31:08,142 [ForkJoinPool.commonPool-worker-0] INFO  util.JmxRegister (JmxRegister.java:unregister(73)) - Successfully un-registered JMX Bean with object name Ratis:service=RaftServer,group=group-4F7838FC7576,id=e2ac2037-ee3d-48d6-b404-f250a7ef6edb
2019-08-24 12:31:08,142 [Thread-866] INFO  impl.RoleInfo (RoleInfo.java:shutdownFollowerState(121)) - db736570-cb99-4aa0-a6ec-c211e3403207: shutdown FollowerState
2019-08-24 12:31:08,142 [ForkJoinPool.commonPool-worker-0] INFO  impl.RoleInfo (RoleInfo.java:shutdownLeaderState(104)) - e2ac2037-ee3d-48d6-b404-f250a7ef6edb: shutdown LeaderState
2019-08-24 12:31:08,143 [Thread-1072] INFO  impl.FollowerState (FollowerState.java:run(114)) - db736570-cb99-4aa0-a6ec-c211e3403207: FollowerState was interrupted: java.lang.InterruptedException: sleep interrupted
2019-08-24 12:31:08,147 [org.apache.ratis.server.impl.LogAppender$AppenderDaemon$$Lambda$504/1796703695@1e4203c1] WARN  server.GrpcLogAppender (GrpcLogAppender.java:mayWait(143)) - GrpcLogAppender(e2ac2037-ee3d-48d6-b404-f250a7ef6edb->db736570-cb99-4aa0-a6ec-c211e3403207): Wait interrupted by java.lang.InterruptedException
2019-08-24 12:31:08,143 [Thread-866] INFO  impl.StateMachineUpdater (StateMachineUpdater.java:stopAndJoin(115)) - StateMachineUpdater:db736570-cb99-4aa0-a6ec-c211e3403207:group-4F7838FC7576: set stopIndex = -1
2019-08-24 12:31:08,150 [Thread-866] INFO  impl.RaftServerImpl (ServerState.java:close(394)) - db736570-cb99-4aa0-a6ec-c211e3403207:group-4F7838FC7576 closes. The last applied log index is -1
2019-08-24 12:31:08,147 [org.apache.ratis.server.impl.LogAppender$AppenderDaemon$$Lambda$504/1796703695@5b4086cd] WARN  server.GrpcLogAppender (GrpcLogAppender.java:mayWait(143)) - GrpcLogAppender(e2ac2037-ee3d-48d6-b404-f250a7ef6edb->e27831c6-c78a-4dee-b9b2-810b106d9595): Wait interrupted by java.lang.InterruptedException
2019-08-24 12:31:08,150 [db736570-cb99-4aa0-a6ec-c211e3403207-SegmentedRaftLogWorker:Storage Directory /workdir/hadoop-ozone/ozonefs/target/test-dir/MiniOzoneClusterImpl-1fad73fd-ee4e-4689-9aa7-77c41a043b41/datanode-1/data/ratis/4c620fc7-eedf-418c-865c-4f7838fc7576] INFO  segmented.SegmentedRaftLogWorker (SegmentedRaftLogWorker.java:run(313)) - db736570-cb99-4aa0-a6ec-c211e3403207-SegmentedRaftLogWorker:Storage Directory /workdir/hadoop-ozone/ozonefs/target/test-dir/MiniOzoneClusterImpl-1fad73fd-ee4e-4689-9aa7-77c41a043b41/datanode-1/data/ratis/4c620fc7-eedf-418c-865c-4f7838fc7576 was interrupted, exiting. There are 0 tasks remaining in the queue.
2019-08-24 12:31:08,147 [ForkJoinPool.commonPool-worker-0] INFO  impl.PendingRequests (PendingRequests.java:sendNotLeaderResponses(202)) - e2ac2037-ee3d-48d6-b404-f250a7ef6edb-PendingRequests: sendNotLeaderResponses
2019-08-24 12:31:08,153 [Thread-866] INFO  segmented.SegmentedRaftLogWorker (SegmentedRaftLogWorker.java:close(228)) - db736570-cb99-4aa0-a6ec-c211e3403207-SegmentedRaftLogWorker:Storage Directory /workdir/hadoop-ozone/ozonefs/target/test-dir/MiniOzoneClusterImpl-1fad73fd-ee4e-4689-9aa7-77c41a043b41/datanode-1/data/ratis/4c620fc7-eedf-418c-865c-4f7838fc7576 close()
2019-08-24 12:31:08,150 [grpc-default-executor-0] INFO  server.GrpcServerProtocolService (GrpcServerProtocolService.java:onCompleted(104)) - db736570-cb99-4aa0-a6ec-c211e3403207: appendEntries completed
2019-08-24 12:31:08,157 [Thread-866] INFO  server.GrpcService (GrpcService.java:closeImpl(155)) - db736570-cb99-4aa0-a6ec-c211e3403207: shutdown server with port 42358 now
2019-08-24 12:31:08,153 [ForkJoinPool.commonPool-worker-0] INFO  impl.StateMachineUpdater (StateMachineUpdater.java:stopAndJoin(115)) - StateMachineUpdater:e2ac2037-ee3d-48d6-b404-f250a7ef6edb:group-4F7838FC7576: set stopIndex = 0
2019-08-24 12:31:08,153 [grpc-default-executor-1] INFO  server.GrpcServerProtocolService (GrpcServerProtocolService.java:onCompleted(104)) - e27831c6-c78a-4dee-b9b2-810b106d9595: appendEntries completed
2019-08-24 12:31:08,159 [grpc-default-executor-0] INFO  server.GrpcLogAppender (GrpcLogAppender.java:onCompleted(292)) - e2ac2037-ee3d-48d6-b404-f250a7ef6edb->db736570-cb99-4aa0-a6ec-c211e3403207: follower responses appendEntries COMPLETED
2019-08-24 12:31:08,159 [ForkJoinPool.commonPool-worker-0] INFO  impl.RaftServerImpl (ServerState.java:close(394)) - e2ac2037-ee3d-48d6-b404-f250a7ef6edb:group-4F7838FC7576 closes. The last applied log index is 0
2019-08-24 12:31:08,164 [grpc-default-executor-0] INFO  impl.FollowerInfo (FollowerInfo.java:lambda$new$0(50)) - e2ac2037-ee3d-48d6-b404-f250a7ef6edb->db736570-cb99-4aa0-a6ec-c211e3403207: nextIndex: updateUnconditionally 1 -> 0
2019-08-24 12:31:08,163 [Thread-866] INFO  server.GrpcService (GrpcService.java:closeImpl(163)) - db736570-cb99-4aa0-a6ec-c211e3403207: shutdown server with port 42358 successfully
2019-08-24 12:31:08,165 [grpc-default-executor-1] INFO  server.GrpcLogAppender (GrpcLogAppender.java:onCompleted(292)) - e2ac2037-ee3d-48d6-b404-f250a7ef6edb->e27831c6-c78a-4dee-b9b2-810b106d9595: follower responses appendEntries COMPLETED
2019-08-24 12:31:08,165 [e2ac2037-ee3d-48d6-b404-f250a7ef6edb-SegmentedRaftLogWorker:Storage Directory /workdir/hadoop-ozone/ozonefs/target/test-dir/MiniOzoneClusterImpl-1fad73fd-ee4e-4689-9aa7-77c41a043b41/datanode-0/data/ratis/4c620fc7-eedf-418c-865c-4f7838fc7576] INFO  segmented.SegmentedRaftLogWorker (SegmentedRaftLogWorker.java:run(313)) - e2ac2037-ee3d-48d6-b404-f250a7ef6edb-SegmentedRaftLogWorker:Storage Directory /workdir/hadoop-ozone/ozonefs/target/test-dir/MiniOzoneClusterImpl-1fad73fd-ee4e-4689-9aa7-77c41a043b41/datanode-0/data/ratis/4c620fc7-eedf-418c-865c-4f7838fc7576 was interrupted, exiting. There are 0 tasks remaining in the queue.
2019-08-24 12:31:08,167 [ForkJoinPool.commonPool-worker-0] INFO  segmented.SegmentedRaftLogWorker (SegmentedRaftLogWorker.java:close(228)) - e2ac2037-ee3d-48d6-b404-f250a7ef6edb-SegmentedRaftLogWorker:Storage Directory /workdir/hadoop-ozone/ozonefs/target/test-dir/MiniOzoneClusterImpl-1fad73fd-ee4e-4689-9aa7-77c41a043b41/datanode-0/data/ratis/4c620fc7-eedf-418c-865c-4f7838fc7576 close()
2019-08-24 12:31:08,168 [Thread-866] INFO  utils.BackgroundService (BackgroundService.java:shutdown(148)) - Shutting down service BlockDeletingService
2019-08-24 12:31:08,168 [grpc-default-executor-1] INFO  impl.FollowerInfo (FollowerInfo.java:lambda$new$0(50)) - e2ac2037-ee3d-48d6-b404-f250a7ef6edb->e27831c6-c78a-4dee-b9b2-810b106d9595: nextIndex: updateUnconditionally 1 -> 0
2019-08-24 12:31:08,171 [ForkJoinPool.commonPool-worker-0] INFO  server.GrpcService (GrpcService.java:closeImpl(155)) - e2ac2037-ee3d-48d6-b404-f250a7ef6edb: shutdown server with port 41210 now
2019-08-24 12:31:08,172 [refreshUsed-/workdir/hadoop-ozone/ozonefs/target/test-dir/MiniOzoneClusterImpl-1fad73fd-ee4e-4689-9aa7-77c41a043b41/datanode-1/data/containers] WARN  fs.CachingGetSpaceUsed (CachingGetSpaceUsed.java:run(183)) - Thread Interrupted waiting to refresh disk information: sleep interrupted
2019-08-24 12:31:08,172 [ForkJoinPool.commonPool-worker-0] INFO  server.GrpcService (GrpcService.java:closeImpl(163)) - e2ac2037-ee3d-48d6-b404-f250a7ef6edb: shutdown server with port 41210 successfully
2019-08-24 12:31:08,178 [ForkJoinPool.commonPool-worker-0] INFO  utils.BackgroundService (BackgroundService.java:shutdown(148)) - Shutting down service BlockDeletingService
2019-08-24 12:31:08,180 [refreshUsed-/workdir/hadoop-ozone/ozonefs/target/test-dir/MiniOzoneClusterImpl-1fad73fd-ee4e-4689-9aa7-77c41a043b41/datanode-0/data/containers] WARN  fs.CachingGetSpaceUsed (CachingGetSpaceUsed.java:run(183)) - Thread Interrupted waiting to refresh disk information: sleep interrupted
2019-08-24 12:31:08,207 [ForkJoinPool.commonPool-worker-0] INFO  statemachine.DatanodeStateMachine (DatanodeStateMachine.java:stopDaemon(395)) - Ozone container server stopped.
2019-08-24 12:31:08,212 [ForkJoinPool.commonPool-worker-0] INFO  handler.ContextHandler (ContextHandler.java:doStop(910)) - Stopped o.e.j.w.WebAppContext@15ad4b9b{/,null,UNAVAILABLE}{/hddsDatanode}
2019-08-24 12:31:08,212 [ForkJoinPool.commonPool-worker-0] INFO  server.AbstractConnector (AbstractConnector.java:doStop(318)) - Stopped ServerConnector@1a0c83ac{HTTP/1.1,[http/1.1]}{0.0.0.0:0}
2019-08-24 12:31:08,214 [ForkJoinPool.commonPool-worker-0] INFO  handler.ContextHandler (ContextHandler.java:doStop(910)) - Stopped o.e.j.s.ServletContextHandler@3473f432{/static,jar:file:/home/user/.m2/repository/org/apache/hadoop/hadoop-hdds-container-service/0.5.0-SNAPSHOT/hadoop-hdds-container-service-0.5.0-SNAPSHOT.jar!/webapps/static,UNAVAILABLE}
2019-08-24 12:31:08,215 [ForkJoinPool.commonPool-worker-0] INFO  handler.ContextHandler (ContextHandler.java:doStop(910)) - Stopped o.e.j.s.ServletContextHandler@56fd21a9{/logs,file:///workdir/hadoop-ozone/ozonefs/target/log,UNAVAILABLE}
2019-08-24 12:31:08,221 [Thread-866] INFO  statemachine.DatanodeStateMachine (DatanodeStateMachine.java:stopDaemon(395)) - Ozone container server stopped.
2019-08-24 12:31:08,222 [Thread-866] INFO  handler.ContextHandler (ContextHandler.java:doStop(910)) - Stopped o.e.j.w.WebAppContext@53dbffdc{/,null,UNAVAILABLE}{/hddsDatanode}
2019-08-24 12:31:08,222 [Thread-866] INFO  server.AbstractConnector (AbstractConnector.java:doStop(318)) - Stopped ServerConnector@6f616490{HTTP/1.1,[http/1.1]}{0.0.0.0:0}
2019-08-24 12:31:08,223 [Thread-866] INFO  handler.ContextHandler (ContextHandler.java:doStop(910)) - Stopped o.e.j.s.ServletContextHandler@8714f70{/static,jar:file:/home/user/.m2/repository/org/apache/hadoop/hadoop-hdds-container-service/0.5.0-SNAPSHOT/hadoop-hdds-container-service-0.5.0-SNAPSHOT.jar!/webapps/static,UNAVAILABLE}
2019-08-24 12:31:08,223 [Thread-866] INFO  handler.ContextHandler (ContextHandler.java:doStop(910)) - Stopped o.e.j.s.ServletContextHandler@141a3746{/logs,file:///workdir/hadoop-ozone/ozonefs/target/log,UNAVAILABLE}
2019-08-24 12:31:08,983 [Datanode State Machine Thread - 0] INFO  statemachine.DatanodeStateMachine (DatanodeStateMachine.java:lambda$startDaemon$0(350)) - Ozone container server started.
2019-08-24 12:31:13,217 [ForkJoinPool.commonPool-worker-0] INFO  ozoneimpl.OzoneContainer (OzoneContainer.java:stop(199)) - Attempting to stop container services.
2019-08-24 12:31:13,218 [ForkJoinPool.commonPool-worker-0] INFO  impl.RaftServerProxy (RaftServerProxy.java:lambda$close$4(314)) - e27831c6-c78a-4dee-b9b2-810b106d9595: close
2019-08-24 12:31:13,219 [ForkJoinPool.commonPool-worker-0] INFO  impl.RaftServerImpl (RaftServerImpl.java:lambda$shutdown$3(245)) - e27831c6-c78a-4dee-b9b2-810b106d9595: shutdown group-78A0971203BC
2019-08-24 12:31:13,219 [ForkJoinPool.commonPool-worker-0] INFO  util.JmxRegister (JmxRegister.java:unregister(73)) - Successfully un-registered JMX Bean with object name Ratis:service=RaftServer,group=group-78A0971203BC,id=e27831c6-c78a-4dee-b9b2-810b106d9595
2019-08-24 12:31:13,220 [ForkJoinPool.commonPool-worker-0] INFO  impl.RoleInfo (RoleInfo.java:shutdownLeaderState(104)) - e27831c6-c78a-4dee-b9b2-810b106d9595: shutdown LeaderState
2019-08-24 12:31:13,220 [ForkJoinPool.commonPool-worker-0] INFO  impl.PendingRequests (PendingRequests.java:sendNotLeaderResponses(202)) - e27831c6-c78a-4dee-b9b2-810b106d9595-PendingRequests: sendNotLeaderResponses
2019-08-24 12:31:13,221 [ForkJoinPool.commonPool-worker-0] INFO  impl.StateMachineUpdater (StateMachineUpdater.java:stopAndJoin(115)) - StateMachineUpdater:e27831c6-c78a-4dee-b9b2-810b106d9595:group-78A0971203BC: set stopIndex = 0
2019-08-24 12:31:13,223 [ForkJoinPool.commonPool-worker-0] INFO  impl.RaftServerImpl (ServerState.java:close(394)) - e27831c6-c78a-4dee-b9b2-810b106d9595:group-78A0971203BC closes. The last applied log index is 0
2019-08-24 12:31:13,224 [e27831c6-c78a-4dee-b9b2-810b106d9595-SegmentedRaftLogWorker:Storage Directory /workdir/hadoop-ozone/ozonefs/target/test-dir/MiniOzoneClusterImpl-1fad73fd-ee4e-4689-9aa7-77c41a043b41/datanode-2/data/ratis/54dc7f82-2d5f-4275-b12e-78a0971203bc] INFO  segmented.SegmentedRaftLogWorker (SegmentedRaftLogWorker.java:run(313)) - e27831c6-c78a-4dee-b9b2-810b106d9595-SegmentedRaftLogWorker:Storage Directory /workdir/hadoop-ozone/ozonefs/target/test-dir/MiniOzoneClusterImpl-1fad73fd-ee4e-4689-9aa7-77c41a043b41/datanode-2/data/ratis/54dc7f82-2d5f-4275-b12e-78a0971203bc was interrupted, exiting. There are 0 tasks remaining in the queue.
2019-08-24 12:31:13,225 [ForkJoinPool.commonPool-worker-0] INFO  segmented.SegmentedRaftLogWorker (SegmentedRaftLogWorker.java:close(228)) - e27831c6-c78a-4dee-b9b2-810b106d9595-SegmentedRaftLogWorker:Storage Directory /workdir/hadoop-ozone/ozonefs/target/test-dir/MiniOzoneClusterImpl-1fad73fd-ee4e-4689-9aa7-77c41a043b41/datanode-2/data/ratis/54dc7f82-2d5f-4275-b12e-78a0971203bc close()
2019-08-24 12:31:13,228 [ForkJoinPool.commonPool-worker-0] INFO  impl.RaftServerImpl (RaftServerImpl.java:lambda$shutdown$3(245)) - e27831c6-c78a-4dee-b9b2-810b106d9595: shutdown group-4F7838FC7576
2019-08-24 12:31:13,228 [ForkJoinPool.commonPool-worker-0] INFO  util.JmxRegister (JmxRegister.java:unregister(73)) - Successfully un-registered JMX Bean with object name Ratis:service=RaftServer,group=group-4F7838FC7576,id=e27831c6-c78a-4dee-b9b2-810b106d9595
2019-08-24 12:31:13,228 [ForkJoinPool.commonPool-worker-0] INFO  impl.RoleInfo (RoleInfo.java:shutdownFollowerState(121)) - e27831c6-c78a-4dee-b9b2-810b106d9595: shutdown FollowerState
2019-08-24 12:31:13,229 [ForkJoinPool.commonPool-worker-0] INFO  impl.StateMachineUpdater (StateMachineUpdater.java:stopAndJoin(115)) - StateMachineUpdater:e27831c6-c78a-4dee-b9b2-810b106d9595:group-4F7838FC7576: set stopIndex = -1
2019-08-24 12:31:13,229 [Thread-1075] INFO  impl.FollowerState (FollowerState.java:run(114)) - e27831c6-c78a-4dee-b9b2-810b106d9595: FollowerState was interrupted: java.lang.InterruptedException: sleep interrupted
2019-08-24 12:31:13,233 [ForkJoinPool.commonPool-worker-0] INFO  impl.RaftServerImpl (ServerState.java:close(394)) - e27831c6-c78a-4dee-b9b2-810b106d9595:group-4F7838FC7576 closes. The last applied log index is -1
2019-08-24 12:31:13,234 [e27831c6-c78a-4dee-b9b2-810b106d9595-SegmentedRaftLogWorker:Storage Directory /workdir/hadoop-ozone/ozonefs/target/test-dir/MiniOzoneClusterImpl-1fad73fd-ee4e-4689-9aa7-77c41a043b41/datanode-2/data/ratis/4c620fc7-eedf-418c-865c-4f7838fc7576] INFO  segmented.SegmentedRaftLogWorker (SegmentedRaftLogWorker.java:run(313)) - e27831c6-c78a-4dee-b9b2-810b106d9595-SegmentedRaftLogWorker:Storage Directory /workdir/hadoop-ozone/ozonefs/target/test-dir/MiniOzoneClusterImpl-1fad73fd-ee4e-4689-9aa7-77c41a043b41/datanode-2/data/ratis/4c620fc7-eedf-418c-865c-4f7838fc7576 was interrupted, exiting. There are 0 tasks remaining in the queue.
2019-08-24 12:31:13,235 [ForkJoinPool.commonPool-worker-0] INFO  segmented.SegmentedRaftLogWorker (SegmentedRaftLogWorker.java:close(228)) - e27831c6-c78a-4dee-b9b2-810b106d9595-SegmentedRaftLogWorker:Storage Directory /workdir/hadoop-ozone/ozonefs/target/test-dir/MiniOzoneClusterImpl-1fad73fd-ee4e-4689-9aa7-77c41a043b41/datanode-2/data/ratis/4c620fc7-eedf-418c-865c-4f7838fc7576 close()
2019-08-24 12:31:13,237 [ForkJoinPool.commonPool-worker-0] INFO  server.GrpcService (GrpcService.java:closeImpl(155)) - e27831c6-c78a-4dee-b9b2-810b106d9595: shutdown server with port 43269 now
2019-08-24 12:31:13,240 [ForkJoinPool.commonPool-worker-0] INFO  server.GrpcService (GrpcService.java:closeImpl(163)) - e27831c6-c78a-4dee-b9b2-810b106d9595: shutdown server with port 43269 successfully
2019-08-24 12:31:13,243 [ForkJoinPool.commonPool-worker-0] INFO  utils.BackgroundService (BackgroundService.java:shutdown(148)) - Shutting down service BlockDeletingService
2019-08-24 12:31:13,244 [refreshUsed-/workdir/hadoop-ozone/ozonefs/target/test-dir/MiniOzoneClusterImpl-1fad73fd-ee4e-4689-9aa7-77c41a043b41/datanode-2/data/containers] WARN  fs.CachingGetSpaceUsed (CachingGetSpaceUsed.java:run(183)) - Thread Interrupted waiting to refresh disk information: sleep interrupted
2019-08-24 12:31:13,274 [ForkJoinPool.commonPool-worker-0] INFO  statemachine.DatanodeStateMachine (DatanodeStateMachine.java:stopDaemon(395)) - Ozone container server stopped.
2019-08-24 12:31:13,277 [ForkJoinPool.commonPool-worker-0] INFO  handler.ContextHandler (ContextHandler.java:doStop(910)) - Stopped o.e.j.w.WebAppContext@487c2b08{/,null,UNAVAILABLE}{/hddsDatanode}
2019-08-24 12:31:13,278 [ForkJoinPool.commonPool-worker-0] INFO  server.AbstractConnector (AbstractConnector.java:doStop(318)) - Stopped ServerConnector@666a7489{HTTP/1.1,[http/1.1]}{0.0.0.0:0}
2019-08-24 12:31:13,279 [ForkJoinPool.commonPool-worker-0] INFO  handler.ContextHandler (ContextHandler.java:doStop(910)) - Stopped o.e.j.s.ServletContextHandler@2bfe82eb{/static,jar:file:/home/user/.m2/repository/org/apache/hadoop/hadoop-hdds-container-service/0.5.0-SNAPSHOT/hadoop-hdds-container-service-0.5.0-SNAPSHOT.jar!/webapps/static,UNAVAILABLE}
2019-08-24 12:31:13,280 [ForkJoinPool.commonPool-worker-0] INFO  handler.ContextHandler (ContextHandler.java:doStop(910)) - Stopped o.e.j.s.ServletContextHandler@52bf603e{/logs,file:///workdir/hadoop-ozone/ozonefs/target/log,UNAVAILABLE}
2019-08-24 12:31:13,282 [Thread-866] INFO  ozone.MiniOzoneClusterImpl (MiniOzoneClusterImpl.java:stop(339)) - Stopping the StorageContainerManager
2019-08-24 12:31:13,282 [Thread-866] INFO  server.StorageContainerManager (StorageContainerManager.java:stop(797)) - Stopping Replication Manager Service.
2019-08-24 12:31:13,283 [Thread-866] INFO  container.ReplicationManager (ReplicationManager.java:stop(193)) - Stopping Replication Monitor Thread.
2019-08-24 12:31:13,283 [Thread-866] INFO  server.StorageContainerManager (StorageContainerManager.java:stop(804)) - Stopping Lease Manager of the command watchers
2019-08-24 12:31:13,283 [Thread-866] INFO  server.StorageContainerManager (StorageContainerManager.java:stop(811)) - Stopping datanode service RPC server
2019-08-24 12:31:13,283 [Thread-866] INFO  server.SCMDatanodeProtocolServer (SCMDatanodeProtocolServer.java:stop(367)) - Stopping the RPC server for DataNodes
2019-08-24 12:31:13,283 [Thread-866] INFO  ipc.Server (Server.java:stop(3082)) - Stopping server on 45023
2019-08-24 12:31:13,286 [IPC Server listener on 45023] INFO  ipc.Server (Server.java:run(1185)) - Stopping IPC Server listener on 45023
2019-08-24 12:31:13,287 [IPC Server Responder] INFO  ipc.Server (Server.java:run(1319)) - Stopping IPC Server Responder
2019-08-24 12:31:13,345 [SCM Heartbeat Processing Thread - 0] WARN  node.NodeStateManager (NodeStateManager.java:scheduleNextHealthCheck(646)) - Current Thread is interrupted, shutting down HB processing thread for Node Manager.
2019-08-24 12:31:13,346 [Thread-866] INFO  server.StorageContainerManager (StorageContainerManager.java:stop(819)) - Stopping block service RPC server
2019-08-24 12:31:13,346 [Thread-866] INFO  server.SCMBlockProtocolServer (SCMBlockProtocolServer.java:stop(148)) - Stopping the RPC server for Block Protocol
2019-08-24 12:31:13,346 [Thread-866] INFO  ipc.Server (Server.java:stop(3082)) - Stopping server on 41815
2019-08-24 12:31:13,348 [IPC Server listener on 41815] INFO  ipc.Server (Server.java:run(1185)) - Stopping IPC Server listener on 41815
2019-08-24 12:31:13,348 [IPC Server Responder] INFO  ipc.Server (Server.java:run(1319)) - Stopping IPC Server Responder
2019-08-24 12:31:13,348 [Thread-866] INFO  server.StorageContainerManager (StorageContainerManager.java:stop(826)) - Stopping the StorageContainerLocationProtocol RPC server
2019-08-24 12:31:13,350 [Thread-866] INFO  server.SCMClientProtocolServer (SCMClientProtocolServer.java:stop(159)) - Stopping the RPC server for Client Protocol
2019-08-24 12:31:13,350 [Thread-866] INFO  ipc.Server (Server.java:stop(3082)) - Stopping server on 33016
2019-08-24 12:31:13,352 [IPC Server listener on 33016] INFO  ipc.Server (Server.java:run(1185)) - Stopping IPC Server listener on 33016
2019-08-24 12:31:13,352 [Thread-866] INFO  server.StorageContainerManager (StorageContainerManager.java:stop(833)) - Stopping Storage Container Manager HTTP server.
2019-08-24 12:31:13,353 [IPC Server Responder] INFO  ipc.Server (Server.java:run(1319)) - Stopping IPC Server Responder
2019-08-24 12:31:13,355 [Thread-866] INFO  handler.ContextHandler (ContextHandler.java:doStop(910)) - Stopped o.e.j.w.WebAppContext@f3b7067{/,null,UNAVAILABLE}{/scm}
2019-08-24 12:31:13,356 [Thread-866] INFO  server.AbstractConnector (AbstractConnector.java:doStop(318)) - Stopped ServerConnector@6510cd57{HTTP/1.1,[http/1.1]}{0.0.0.0:0}
2019-08-24 12:31:13,356 [Thread-866] INFO  handler.ContextHandler (ContextHandler.java:doStop(910)) - Stopped o.e.j.s.ServletContextHandler@70ca6fe9{/static,jar:file:/home/user/.m2/repository/org/apache/hadoop/hadoop-hdds-server-scm/0.5.0-SNAPSHOT/hadoop-hdds-server-scm-0.5.0-SNAPSHOT.jar!/webapps/static,UNAVAILABLE}
2019-08-24 12:31:13,357 [Thread-866] INFO  handler.ContextHandler (ContextHandler.java:doStop(910)) - Stopped o.e.j.s.ServletContextHandler@40cebe8b{/logs,file:///workdir/hadoop-ozone/ozonefs/target/log,UNAVAILABLE}
2019-08-24 12:31:13,357 [Thread-866] INFO  server.StorageContainerManager (StorageContainerManager.java:stop(844)) - Stopping Block Manager Service.
2019-08-24 12:31:13,358 [Thread-866] INFO  utils.BackgroundService (BackgroundService.java:shutdown(148)) - Shutting down service SCMBlockDeletingService
2019-08-24 12:31:13,358 [Thread-866] INFO  utils.BackgroundService (BackgroundService.java:shutdown(148)) - Shutting down service SCMBlockDeletingService
2019-08-24 12:31:13,359 [Thread-866] INFO  server.StorageContainerManager (StorageContainerManager.java:stop(866)) - Stopping SCM Event Queue.
2019-08-24 12:31:13,364 [Thread-866] INFO  impl.MetricsSystemImpl (MetricsSystemImpl.java:stop(210)) - Stopping HddsDatanode metrics system...
2019-08-24 12:31:13,370 [Thread-866] INFO  impl.MetricsSystemImpl (MetricsSystemImpl.java:stop(216)) - HddsDatanode metrics system stopped.
]]></system-out>
  </testcase>
  <testcase name="testDeleteCreatesFakeParentDir" classname="org.apache.hadoop.fs.ozone.TestOzoneFileSystem" time="16.701">
    <error message="Bucket or Volume name is null" type="java.lang.IllegalArgumentException">java.lang.IllegalArgumentException: Bucket or Volume name is null
	at org.apache.hadoop.hdds.scm.client.HddsClientUtils.verifyResourceName(HddsClientUtils.java:142)
	at org.apache.hadoop.ozone.client.rpc.RpcClient.getVolumeDetails(RpcClient.java:321)
	at sun.reflect.NativeMethodAccessorImpl.invoke0(Native Method)
	at sun.reflect.NativeMethodAccessorImpl.invoke(NativeMethodAccessorImpl.java:62)
	at sun.reflect.DelegatingMethodAccessorImpl.invoke(DelegatingMethodAccessorImpl.java:43)
	at java.lang.reflect.Method.invoke(Method.java:498)
	at org.apache.hadoop.ozone.client.OzoneClientInvocationHandler.invoke(OzoneClientInvocationHandler.java:54)
	at com.sun.proxy.$Proxy51.getVolumeDetails(Unknown Source)
	at sun.reflect.NativeMethodAccessorImpl.invoke0(Native Method)
	at sun.reflect.NativeMethodAccessorImpl.invoke(NativeMethodAccessorImpl.java:62)
	at sun.reflect.DelegatingMethodAccessorImpl.invoke(DelegatingMethodAccessorImpl.java:43)
	at java.lang.reflect.Method.invoke(Method.java:498)
	at org.apache.hadoop.hdds.tracing.TraceAllMethod.invoke(TraceAllMethod.java:66)
	at com.sun.proxy.$Proxy51.getVolumeDetails(Unknown Source)
	at org.apache.hadoop.ozone.client.ObjectStore.getVolume(ObjectStore.java:171)
	at org.apache.hadoop.fs.ozone.TestOzoneFileSystem.getKey(TestOzoneFileSystem.java:271)
	at org.apache.hadoop.fs.ozone.TestOzoneFileSystem.testDeleteCreatesFakeParentDir(TestOzoneFileSystem.java:136)
	at sun.reflect.NativeMethodAccessorImpl.invoke0(Native Method)
	at sun.reflect.NativeMethodAccessorImpl.invoke(NativeMethodAccessorImpl.java:62)
	at sun.reflect.DelegatingMethodAccessorImpl.invoke(DelegatingMethodAccessorImpl.java:43)
	at java.lang.reflect.Method.invoke(Method.java:498)
	at org.junit.runners.model.FrameworkMethod$1.runReflectiveCall(FrameworkMethod.java:47)
	at org.junit.internal.runners.model.ReflectiveCallable.run(ReflectiveCallable.java:12)
	at org.junit.runners.model.FrameworkMethod.invokeExplosively(FrameworkMethod.java:44)
	at org.junit.internal.runners.statements.InvokeMethod.evaluate(InvokeMethod.java:17)
	at org.junit.internal.runners.statements.RunBefores.evaluate(RunBefores.java:26)
	at org.junit.internal.runners.statements.RunAfters.evaluate(RunAfters.java:27)
	at org.junit.internal.runners.statements.FailOnTimeout$StatementThread.run(FailOnTimeout.java:74)
</error>
    <system-out><![CDATA[2019-08-24 12:31:13,434 [Thread-1084] WARN  server.ServerUtils (ServerUtils.java:getScmDbDir(145)) - ozone.scm.db.dirs is not configured. We recommend adding this setting. Falling back to ozone.metadata.dirs instead.
2019-08-24 12:31:13,449 [Thread-1084] WARN  server.ServerUtils (ServerUtils.java:getScmDbDir(145)) - ozone.scm.db.dirs is not configured. We recommend adding this setting. Falling back to ozone.metadata.dirs instead.
2019-08-24 12:31:13,449 [Thread-1084] WARN  server.ServerUtils (ServerUtils.java:getScmDbDir(145)) - ozone.scm.db.dirs is not configured. We recommend adding this setting. Falling back to ozone.metadata.dirs instead.
2019-08-24 12:31:13,450 [Thread-1084] INFO  db.DBStoreBuilder (DBStoreBuilder.java:addTable(110)) - using custom profile for table: deletedBlocks
2019-08-24 12:31:13,450 [Thread-1084] INFO  db.DBStoreBuilder (DBStoreBuilder.java:processTables(161)) - Using default column profile:DBProfile.DISK for Table:deletedBlocks
2019-08-24 12:31:13,450 [Thread-1084] INFO  db.DBStoreBuilder (DBStoreBuilder.java:addTable(110)) - using custom profile for table: validCerts
2019-08-24 12:31:13,450 [Thread-1084] INFO  db.DBStoreBuilder (DBStoreBuilder.java:processTables(161)) - Using default column profile:DBProfile.DISK for Table:validCerts
2019-08-24 12:31:13,451 [Thread-1084] INFO  db.DBStoreBuilder (DBStoreBuilder.java:addTable(110)) - using custom profile for table: revokedCerts
2019-08-24 12:31:13,451 [Thread-1084] INFO  db.DBStoreBuilder (DBStoreBuilder.java:processTables(161)) - Using default column profile:DBProfile.DISK for Table:revokedCerts
2019-08-24 12:31:13,451 [Thread-1084] INFO  db.DBStoreBuilder (DBStoreBuilder.java:addTable(110)) - using custom profile for table: default
2019-08-24 12:31:13,451 [Thread-1084] INFO  db.DBStoreBuilder (DBStoreBuilder.java:processTables(167)) - Using default column profile:DBProfile.DISK for Table:default
2019-08-24 12:31:13,451 [Thread-1084] INFO  db.DBStoreBuilder (DBStoreBuilder.java:getDbProfile(198)) - Using default options. DBProfile.DISK
2019-08-24 12:31:13,633 [Thread-1084] INFO  net.NodeSchemaLoader (NodeSchemaLoader.java:loadSchemaFromFile(125)) - Loading file from sun.misc.CompoundEnumeration@5fc7c1a6
2019-08-24 12:31:13,633 [Thread-1084] INFO  net.NodeSchemaLoader (NodeSchemaLoader.java:loadSchema(171)) - Loading network topology layer schema file
2019-08-24 12:31:13,639 [Thread-1084] WARN  server.ServerUtils (ServerUtils.java:sanitizeUserArgs(70)) - ozone.scm.stale.node.interval value = 300000 is larger than max = 100000 based on the key value of ozone.scm.heartbeat.thread.interval, reset to the max value 100000.
2019-08-24 12:31:13,640 [Thread-1084] WARN  server.ServerUtils (ServerUtils.java:sanitizeUserArgs(70)) - ozone.scm.stale.node.interval value = 300000 is larger than max = 100000 based on the key value of ozone.scm.heartbeat.thread.interval, reset to the max value 100000.
2019-08-24 12:31:13,640 [Thread-1084] INFO  node.SCMNodeManager (SCMNodeManager.java:<init>(121)) - Entering startup safe mode.
2019-08-24 12:31:13,641 [Thread-1084] INFO  algorithms.ContainerPlacementPolicyFactory (ContainerPlacementPolicyFactory.java:getPolicy(55)) - Create container placement policy of type org.apache.hadoop.hdds.scm.container.placement.algorithms.SCMContainerPlacementRandom
2019-08-24 12:31:13,641 [Thread-1084] WARN  server.ServerUtils (ServerUtils.java:getScmDbDir(145)) - ozone.scm.db.dirs is not configured. We recommend adding this setting. Falling back to ozone.metadata.dirs instead.
2019-08-24 12:31:13,666 [Thread-1084] INFO  pipeline.SCMPipelineManager (SCMPipelineManager.java:initializePipelineState(126)) - No pipeline exists in current db
2019-08-24 12:31:13,666 [Thread-1084] WARN  server.ServerUtils (ServerUtils.java:getScmDbDir(145)) - ozone.scm.db.dirs is not configured. We recommend adding this setting. Falling back to ozone.metadata.dirs instead.
2019-08-24 12:31:13,702 [Thread-1084] WARN  events.EventQueue (EventQueue.java:fireEvent(175)) - No event handler registered for event TypedEvent{payloadType=SafeModeStatus, name='SafeModeStatus'}
2019-08-24 12:31:13,703 [Thread-1084] INFO  ipc.CallQueueManager (CallQueueManager.java:<init>(84)) - Using callQueue: class java.util.concurrent.LinkedBlockingQueue, queueCapacity: 2000, scheduler: class org.apache.hadoop.ipc.DefaultRpcScheduler, ipcBackoff: false.
2019-08-24 12:31:13,704 [Socket Reader #1 for port 35065] INFO  ipc.Server (Server.java:run(1074)) - Starting Socket Reader #1 for port 35065
2019-08-24 12:31:13,705 [Thread-1084] INFO  ipc.CallQueueManager (CallQueueManager.java:<init>(84)) - Using callQueue: class java.util.concurrent.LinkedBlockingQueue, queueCapacity: 2000, scheduler: class org.apache.hadoop.ipc.DefaultRpcScheduler, ipcBackoff: false.
2019-08-24 12:31:13,706 [Socket Reader #1 for port 36498] INFO  ipc.Server (Server.java:run(1074)) - Starting Socket Reader #1 for port 36498
2019-08-24 12:31:13,708 [Thread-1084] INFO  ipc.CallQueueManager (CallQueueManager.java:<init>(84)) - Using callQueue: class java.util.concurrent.LinkedBlockingQueue, queueCapacity: 2000, scheduler: class org.apache.hadoop.ipc.DefaultRpcScheduler, ipcBackoff: false.
2019-08-24 12:31:13,709 [Socket Reader #1 for port 38682] INFO  ipc.Server (Server.java:run(1074)) - Starting Socket Reader #1 for port 38682
2019-08-24 12:31:13,712 [Thread-1084] INFO  hdfs.DFSUtil (DFSUtil.java:httpServerTemplateForNNAndJN(1641)) - Starting Web-server for scm at: http://0.0.0.0:0
2019-08-24 12:31:13,715 [Thread-1084] INFO  server.AuthenticationFilter (AuthenticationFilter.java:constructSecretProvider(240)) - Unable to initialize FileSignerSecretProvider, falling back to use random secrets.
2019-08-24 12:31:13,716 [Thread-1084] WARN  http.HttpRequestLog (HttpRequestLog.java:getRequestLog(97)) - Jetty request log can only be enabled using Log4j
2019-08-24 12:31:13,719 [Thread-1084] INFO  http.HttpServer2 (HttpServer2.java:addGlobalFilter(975)) - Added global filter 'safety' (class=org.apache.hadoop.http.HttpServer2$QuotingInputFilter)
2019-08-24 12:31:13,720 [Thread-1084] INFO  http.HttpServer2 (HttpServer2.java:addFilter(948)) - Added filter static_user_filter (class=org.apache.hadoop.http.lib.StaticUserWebFilter$StaticUserFilter) to context scm
2019-08-24 12:31:13,720 [Thread-1084] INFO  http.HttpServer2 (HttpServer2.java:addFilter(958)) - Added filter static_user_filter (class=org.apache.hadoop.http.lib.StaticUserWebFilter$StaticUserFilter) to context logs
2019-08-24 12:31:13,721 [Thread-1084] INFO  http.HttpServer2 (HttpServer2.java:addFilter(958)) - Added filter static_user_filter (class=org.apache.hadoop.http.lib.StaticUserWebFilter$StaticUserFilter) to context static
2019-08-24 12:31:13,724 [Thread-1084] INFO  server.StorageContainerManager (StorageContainerManager.java:start(759)) - StorageContainerLocationProtocol RPC server is listening at /0.0.0.0:38682
2019-08-24 12:31:13,726 [Thread-1084] WARN  impl.MetricsConfig (MetricsConfig.java:loadFirst(134)) - Cannot locate configuration: tried hadoop-metrics2-storagecontainermanager.properties,hadoop-metrics2.properties
2019-08-24 12:31:13,727 [Thread-1084] INFO  impl.MetricsSystemImpl (MetricsSystemImpl.java:startTimer(374)) - Scheduled Metric snapshot period at 10 second(s).
2019-08-24 12:31:13,727 [Thread-1084] INFO  impl.MetricsSystemImpl (MetricsSystemImpl.java:start(191)) - StorageContainerManager metrics system started
2019-08-24 12:31:13,787 [Thread-1084] INFO  server.SCMClientProtocolServer (SCMClientProtocolServer.java:start(151)) - RPC server for Client  is listening at /0.0.0.0:38682
2019-08-24 12:31:13,787 [IPC Server Responder] INFO  ipc.Server (Server.java:run(1314)) - IPC Server Responder: starting
2019-08-24 12:31:13,787 [IPC Server listener on 38682] INFO  ipc.Server (Server.java:run(1153)) - IPC Server listener on 38682: starting
2019-08-24 12:31:13,791 [Thread-1084] INFO  server.StorageContainerManager (StorageContainerManager.java:start(769)) - ScmBlockLocationProtocol RPC server is listening at /0.0.0.0:36498
2019-08-24 12:31:13,791 [Thread-1084] INFO  server.SCMBlockProtocolServer (SCMBlockProtocolServer.java:start(140)) - RPC server for Block Protocol is listening at /0.0.0.0:36498
2019-08-24 12:31:13,792 [IPC Server Responder] INFO  ipc.Server (Server.java:run(1314)) - IPC Server Responder: starting
2019-08-24 12:31:13,792 [IPC Server listener on 36498] INFO  ipc.Server (Server.java:run(1153)) - IPC Server listener on 36498: starting
2019-08-24 12:31:13,795 [Thread-1084] INFO  server.StorageContainerManager (StorageContainerManager.java:start(773)) - ScmDatanodeProtocl RPC server is listening at /0.0.0.0:35065
2019-08-24 12:31:13,795 [Thread-1084] INFO  server.SCMDatanodeProtocolServer (SCMDatanodeProtocolServer.java:start(191)) - RPC server for DataNodes is listening at /0.0.0.0:35065
2019-08-24 12:31:13,796 [IPC Server Responder] INFO  ipc.Server (Server.java:run(1314)) - IPC Server Responder: starting
2019-08-24 12:31:13,796 [IPC Server listener on 35065] INFO  ipc.Server (Server.java:run(1153)) - IPC Server listener on 35065: starting
2019-08-24 12:31:13,801 [Thread-1084] INFO  http.HttpServer2 (HttpServer2.java:bindListener(1191)) - Jetty bound to port 43147
2019-08-24 12:31:13,801 [Thread-1084] INFO  server.Server (Server.java:doStart(351)) - jetty-9.3.24.v20180605, build timestamp: 2018-06-05T17:11:56Z, git hash: 84205aa28f11a4f31f2a3b86d1bba2cc8ab69827
2019-08-24 12:31:13,804 [Thread-1084] INFO  handler.ContextHandler (ContextHandler.java:doStart(781)) - Started o.e.j.s.ServletContextHandler@1e5b38e3{/logs,file:///workdir/hadoop-ozone/ozonefs/target/log,AVAILABLE}
2019-08-24 12:31:13,804 [Thread-1084] INFO  handler.ContextHandler (ContextHandler.java:doStart(781)) - Started o.e.j.s.ServletContextHandler@11ca6e70{/static,jar:file:/home/user/.m2/repository/org/apache/hadoop/hadoop-hdds-server-scm/0.5.0-SNAPSHOT/hadoop-hdds-server-scm-0.5.0-SNAPSHOT.jar!/webapps/static,AVAILABLE}
2019-08-24 12:31:13,846 [Thread-1084] INFO  handler.ContextHandler (ContextHandler.java:doStart(781)) - Started o.e.j.w.WebAppContext@77b6d583{/,file:///tmp/jetty-0.0.0.0-43147-scm-_-any-2178907335178207160.dir/webapp/,AVAILABLE}{/scm}
2019-08-24 12:31:13,847 [Thread-1084] INFO  server.AbstractConnector (AbstractConnector.java:doStart(278)) - Started ServerConnector@2b945f7c{HTTP/1.1,[http/1.1]}{0.0.0.0:43147}
2019-08-24 12:31:13,848 [Thread-1084] INFO  server.Server (Server.java:doStart(419)) - Started @89292ms
2019-08-24 12:31:13,848 [Thread-1084] INFO  server.BaseHttpServer (BaseHttpServer.java:updateConnectorAddress(213)) - HTTP server of SCM is listening at http://0.0.0.0:43147
2019-08-24 12:31:13,849 [Thread-1084] WARN  server.ServerUtils (ServerUtils.java:getDBPath(222)) - ozone.om.db.dirs is not configured. We recommend adding this setting. Falling back to ozone.metadata.dirs instead.
2019-08-24 12:31:13,849 [org.apache.hadoop.util.JvmPauseMonitor$Monitor@78dba1df] INFO  util.JvmPauseMonitor (JvmPauseMonitor.java:run(188)) - Starting JVM pause monitor
2019-08-24 12:31:13,863 [Thread-1084] WARN  server.ServerUtils (ServerUtils.java:getDBPath(222)) - ozone.om.db.dirs is not configured. We recommend adding this setting. Falling back to ozone.metadata.dirs instead.
2019-08-24 12:31:13,863 [Thread-1084] WARN  server.ServerUtils (ServerUtils.java:getDBPath(222)) - ozone.om.db.dirs is not configured. We recommend adding this setting. Falling back to ozone.metadata.dirs instead.
2019-08-24 12:31:13,863 [Thread-1084] INFO  om.OzoneManager (OzoneManager.java:setOMNodeDetails(648)) - OM Service ID is not set. Setting it to the default ID: omServiceIdDefault
2019-08-24 12:31:13,863 [Thread-1084] INFO  om.OzoneManager (OzoneManager.java:setOMNodeDetails(654)) - OM Node ID is not set. Setting it to the OmStorage's OmID: 999acf83-6b07-48ca-ac56-bcc7f140610d
2019-08-24 12:31:13,863 [Thread-1084] INFO  om.OzoneManager (OzoneManager.java:loadOMHAConfigs(605)) - Found matching OM address with OMServiceId: null, OMNodeId: null, RPC Address: localhost:0 and Ratis port: 9872
2019-08-24 12:31:13,873 | INFO  | SCMAudit | user=jenkins1000 | ip=192.168.5.162 | op=GET_SCM_INFO null | ret=SUCCESS |  
2019-08-24 12:31:13,875 [Thread-1084] WARN  server.ServerUtils (ServerUtils.java:getDBPath(222)) - ozone.om.db.dirs is not configured. We recommend adding this setting. Falling back to ozone.metadata.dirs instead.
2019-08-24 12:31:13,875 [Thread-1084] INFO  db.DBStoreBuilder (DBStoreBuilder.java:addTable(110)) - using custom profile for table: userTable
2019-08-24 12:31:13,875 [Thread-1084] INFO  db.DBStoreBuilder (DBStoreBuilder.java:processTables(161)) - Using default column profile:DBProfile.DISK for Table:userTable
2019-08-24 12:31:13,876 [Thread-1084] INFO  db.DBStoreBuilder (DBStoreBuilder.java:addTable(110)) - using custom profile for table: volumeTable
2019-08-24 12:31:13,876 [Thread-1084] INFO  db.DBStoreBuilder (DBStoreBuilder.java:processTables(161)) - Using default column profile:DBProfile.DISK for Table:volumeTable
2019-08-24 12:31:13,876 [Thread-1084] INFO  db.DBStoreBuilder (DBStoreBuilder.java:addTable(110)) - using custom profile for table: bucketTable
2019-08-24 12:31:13,876 [Thread-1084] INFO  db.DBStoreBuilder (DBStoreBuilder.java:processTables(161)) - Using default column profile:DBProfile.DISK for Table:bucketTable
2019-08-24 12:31:13,876 [Thread-1084] INFO  db.DBStoreBuilder (DBStoreBuilder.java:addTable(110)) - using custom profile for table: keyTable
2019-08-24 12:31:13,876 [Thread-1084] INFO  db.DBStoreBuilder (DBStoreBuilder.java:processTables(161)) - Using default column profile:DBProfile.DISK for Table:keyTable
2019-08-24 12:31:13,876 [Thread-1084] INFO  db.DBStoreBuilder (DBStoreBuilder.java:addTable(110)) - using custom profile for table: deletedTable
2019-08-24 12:31:13,876 [Thread-1084] INFO  db.DBStoreBuilder (DBStoreBuilder.java:processTables(161)) - Using default column profile:DBProfile.DISK for Table:deletedTable
2019-08-24 12:31:13,877 [Thread-1084] INFO  db.DBStoreBuilder (DBStoreBuilder.java:addTable(110)) - using custom profile for table: openKeyTable
2019-08-24 12:31:13,877 [Thread-1084] INFO  db.DBStoreBuilder (DBStoreBuilder.java:processTables(161)) - Using default column profile:DBProfile.DISK for Table:openKeyTable
2019-08-24 12:31:13,877 [Thread-1084] INFO  db.DBStoreBuilder (DBStoreBuilder.java:addTable(110)) - using custom profile for table: s3Table
2019-08-24 12:31:13,877 [Thread-1084] INFO  db.DBStoreBuilder (DBStoreBuilder.java:processTables(161)) - Using default column profile:DBProfile.DISK for Table:s3Table
2019-08-24 12:31:13,877 [Thread-1084] INFO  db.DBStoreBuilder (DBStoreBuilder.java:addTable(110)) - using custom profile for table: multipartInfoTable
2019-08-24 12:31:13,877 [Thread-1084] INFO  db.DBStoreBuilder (DBStoreBuilder.java:processTables(161)) - Using default column profile:DBProfile.DISK for Table:multipartInfoTable
2019-08-24 12:31:13,877 [Thread-1084] INFO  db.DBStoreBuilder (DBStoreBuilder.java:addTable(110)) - using custom profile for table: dTokenTable
2019-08-24 12:31:13,878 [Thread-1084] INFO  db.DBStoreBuilder (DBStoreBuilder.java:processTables(161)) - Using default column profile:DBProfile.DISK for Table:dTokenTable
2019-08-24 12:31:13,878 [Thread-1084] INFO  db.DBStoreBuilder (DBStoreBuilder.java:addTable(110)) - using custom profile for table: s3SecretTable
2019-08-24 12:31:13,878 [Thread-1084] INFO  db.DBStoreBuilder (DBStoreBuilder.java:processTables(161)) - Using default column profile:DBProfile.DISK for Table:s3SecretTable
2019-08-24 12:31:13,878 [Thread-1084] INFO  db.DBStoreBuilder (DBStoreBuilder.java:addTable(110)) - using custom profile for table: prefixTable
2019-08-24 12:31:13,878 [Thread-1084] INFO  db.DBStoreBuilder (DBStoreBuilder.java:processTables(161)) - Using default column profile:DBProfile.DISK for Table:prefixTable
2019-08-24 12:31:13,878 [Thread-1084] INFO  db.DBStoreBuilder (DBStoreBuilder.java:addTable(110)) - using custom profile for table: default
2019-08-24 12:31:13,878 [Thread-1084] INFO  db.DBStoreBuilder (DBStoreBuilder.java:processTables(167)) - Using default column profile:DBProfile.DISK for Table:default
2019-08-24 12:31:13,878 [Thread-1084] INFO  db.DBStoreBuilder (DBStoreBuilder.java:getDbProfile(198)) - Using default options. DBProfile.DISK
2019-08-24 12:31:14,401 [Thread-1084] INFO  ipc.CallQueueManager (CallQueueManager.java:<init>(84)) - Using callQueue: class java.util.concurrent.LinkedBlockingQueue, queueCapacity: 2000, scheduler: class org.apache.hadoop.ipc.DefaultRpcScheduler, ipcBackoff: false.
2019-08-24 12:31:14,402 [Socket Reader #1 for port 37691] INFO  ipc.Server (Server.java:run(1074)) - Starting Socket Reader #1 for port 37691
2019-08-24 12:31:14,430 [Thread-1084] INFO  om.OzoneManager (OzoneManager.java:start(1259)) - OzoneManager RPC server is listening at localhost/127.0.0.1:37691
2019-08-24 12:31:14,430 [Thread-1084] INFO  impl.MetricsSystemImpl (MetricsSystemImpl.java:init(158)) - OzoneManager metrics system started (again)
2019-08-24 12:31:14,431 [IPC Server Responder] INFO  ipc.Server (Server.java:run(1314)) - IPC Server Responder: starting
2019-08-24 12:31:14,431 [IPC Server listener on 37691] INFO  ipc.Server (Server.java:run(1153)) - IPC Server listener on 37691: starting
2019-08-24 12:31:14,436 [Thread-1084] INFO  hdfs.DFSUtil (DFSUtil.java:httpServerTemplateForNNAndJN(1641)) - Starting Web-server for ozoneManager at: http://0.0.0.0:0
2019-08-24 12:31:14,438 [Thread-1084] INFO  server.AuthenticationFilter (AuthenticationFilter.java:constructSecretProvider(240)) - Unable to initialize FileSignerSecretProvider, falling back to use random secrets.
2019-08-24 12:31:14,438 [Thread-1084] WARN  http.HttpRequestLog (HttpRequestLog.java:getRequestLog(97)) - Jetty request log can only be enabled using Log4j
2019-08-24 12:31:14,440 [Thread-1084] INFO  http.HttpServer2 (HttpServer2.java:addGlobalFilter(975)) - Added global filter 'safety' (class=org.apache.hadoop.http.HttpServer2$QuotingInputFilter)
2019-08-24 12:31:14,441 [Thread-1084] INFO  http.HttpServer2 (HttpServer2.java:addFilter(948)) - Added filter static_user_filter (class=org.apache.hadoop.http.lib.StaticUserWebFilter$StaticUserFilter) to context ozoneManager
2019-08-24 12:31:14,441 [Thread-1084] INFO  http.HttpServer2 (HttpServer2.java:addFilter(958)) - Added filter static_user_filter (class=org.apache.hadoop.http.lib.StaticUserWebFilter$StaticUserFilter) to context static
2019-08-24 12:31:14,441 [Thread-1084] INFO  http.HttpServer2 (HttpServer2.java:addFilter(958)) - Added filter static_user_filter (class=org.apache.hadoop.http.lib.StaticUserWebFilter$StaticUserFilter) to context logs
2019-08-24 12:31:14,442 [Thread-1084] INFO  http.HttpServer2 (HttpServer2.java:bindListener(1191)) - Jetty bound to port 42017
2019-08-24 12:31:14,442 [Thread-1084] INFO  server.Server (Server.java:doStart(351)) - jetty-9.3.24.v20180605, build timestamp: 2018-06-05T17:11:56Z, git hash: 84205aa28f11a4f31f2a3b86d1bba2cc8ab69827
2019-08-24 12:31:14,444 [Thread-1084] INFO  handler.ContextHandler (ContextHandler.java:doStart(781)) - Started o.e.j.s.ServletContextHandler@2f082050{/logs,file:///workdir/hadoop-ozone/ozonefs/target/log,AVAILABLE}
2019-08-24 12:31:14,444 [Thread-1084] INFO  handler.ContextHandler (ContextHandler.java:doStart(781)) - Started o.e.j.s.ServletContextHandler@2ade1ea9{/static,jar:file:/home/user/.m2/repository/org/apache/hadoop/hadoop-ozone-ozone-manager/0.5.0-SNAPSHOT/hadoop-ozone-ozone-manager-0.5.0-SNAPSHOT.jar!/webapps/static,AVAILABLE}
2019-08-24 12:31:14,490 [Thread-1084] INFO  handler.ContextHandler (ContextHandler.java:doStart(781)) - Started o.e.j.w.WebAppContext@b53cf09{/,file:///tmp/jetty-0.0.0.0-42017-ozoneManager-_-any-6805151143388691190.dir/webapp/,AVAILABLE}{/ozoneManager}
2019-08-24 12:31:14,491 [Thread-1084] INFO  server.AbstractConnector (AbstractConnector.java:doStart(278)) - Started ServerConnector@723d574f{HTTP/1.1,[http/1.1]}{0.0.0.0:42017}
2019-08-24 12:31:14,491 [Thread-1084] INFO  server.Server (Server.java:doStart(419)) - Started @89936ms
2019-08-24 12:31:14,492 [Thread-1084] INFO  server.BaseHttpServer (BaseHttpServer.java:updateConnectorAddress(213)) - HTTP server of OZONEMANAGER is listening at http://0.0.0.0:42017
2019-08-24 12:31:14,499 [Thread-1084] INFO  impl.MetricsSystemImpl (MetricsSystemImpl.java:init(158)) - HddsDatanode metrics system started (again)
2019-08-24 12:31:14,501 [Thread-1084] INFO  ozone.HddsDatanodeService (HddsDatanodeService.java:start(184)) - HddsDatanodeService host:dev-check-20190824-g8v5p-1270076377 ip:192.168.5.162
2019-08-24 12:31:14,508 [Thread-1084] INFO  volume.HddsVolume (HddsVolume.java:<init>(176)) - Creating Volume: /workdir/hadoop-ozone/ozonefs/target/test-dir/MiniOzoneClusterImpl-28159c0e-2992-430e-bf13-357306152ddf/datanode-0/data/containers/hdds of  storage type : DISK and capacity : 1482555576320
2019-08-24 12:31:14,508 [Thread-1084] INFO  volume.VolumeSet (VolumeSet.java:initializeVolumeSet(170)) - Added Volume : /workdir/hadoop-ozone/ozonefs/target/test-dir/MiniOzoneClusterImpl-28159c0e-2992-430e-bf13-357306152ddf/datanode-0/data/containers/hdds to VolumeSet
2019-08-24 12:31:14,508 [Thread-1084] INFO  volume.ThrottledAsyncChecker (ThrottledAsyncChecker.java:schedule(140)) - Scheduling a check for org.apache.hadoop.ozone.container.common.volume.HddsVolume@1f3d8b89
2019-08-24 12:31:14,508 [Thread-1084] INFO  volume.HddsVolumeChecker (HddsVolumeChecker.java:checkAllVolumes(203)) - Scheduled health check for volume org.apache.hadoop.ozone.container.common.volume.HddsVolume@1f3d8b89
2019-08-24 12:31:14,529 [Thread-1084] INFO  impl.RaftServerProxy (ConfUtils.java:logGet(43)) - raft.rpc.type = GRPC (default)
2019-08-24 12:31:14,530 [Thread-1084] INFO  grpc.GrpcFactory (GrpcFactory.java:checkPooledByteBufAllocatorUseCacheForAllThreads(45)) - PERFORMANCE WARNING: useCacheForAllThreads is true that may cause Netty to create a lot garbage objects and, as a result, trigger GC.
	It is recommended to disable useCacheForAllThreads by setting -Dorg.apache.ratis.thirdparty.io.netty.allocator.useCacheForAllThreads=false in command line.
2019-08-24 12:31:14,530 [Thread-1084] INFO  grpc.GrpcConfigKeys$Server (ConfUtils.java:logGet(43)) - raft.grpc.server.port = 0 (default)
2019-08-24 12:31:14,530 [Thread-1084] INFO  server.GrpcService (ConfUtils.java:logGet(43)) - raft.grpc.message.size.max = 33570816 (custom)
2019-08-24 12:31:14,530 [Thread-1084] INFO  server.RaftServerConfigKeys (ConfUtils.java:logGet(43)) - raft.server.log.appender.buffer.byte-limit = 33554432 (custom)
2019-08-24 12:31:14,530 [Thread-1084] INFO  server.GrpcService (ConfUtils.java:logGet(43)) - raft.grpc.flow.control.window = 1MB (=1048576) (default)
2019-08-24 12:31:14,530 [Thread-1084] INFO  server.RaftServerConfigKeys (ConfUtils.java:logGet(43)) - raft.server.rpc.request.timeout = 3000ms (default)
2019-08-24 12:31:14,531 [Thread-1084] INFO  server.RaftServerConfigKeys (ConfUtils.java:logGet(43)) - raft.server.storage.dir = [/workdir/hadoop-ozone/ozonefs/target/test-dir/MiniOzoneClusterImpl-28159c0e-2992-430e-bf13-357306152ddf/datanode-0/data/ratis] (custom)
2019-08-24 12:31:14,531 [Thread-1084] INFO  replication.SimpleContainerDownloader (SimpleContainerDownloader.java:<init>(72)) - Starting container downloader service to copy containers to replicate.
2019-08-24 12:31:14,533 [Thread-1084] INFO  hdfs.DFSUtil (DFSUtil.java:httpServerTemplateForNNAndJN(1641)) - Starting Web-server for hddsDatanode at: http://0.0.0.0:0
2019-08-24 12:31:14,535 [Thread-1084] INFO  server.AuthenticationFilter (AuthenticationFilter.java:constructSecretProvider(240)) - Unable to initialize FileSignerSecretProvider, falling back to use random secrets.
2019-08-24 12:31:14,535 [Thread-1084] WARN  http.HttpRequestLog (HttpRequestLog.java:getRequestLog(97)) - Jetty request log can only be enabled using Log4j
2019-08-24 12:31:14,537 [Thread-1084] INFO  http.HttpServer2 (HttpServer2.java:addGlobalFilter(975)) - Added global filter 'safety' (class=org.apache.hadoop.http.HttpServer2$QuotingInputFilter)
2019-08-24 12:31:14,537 [Thread-1084] INFO  http.HttpServer2 (HttpServer2.java:addFilter(948)) - Added filter static_user_filter (class=org.apache.hadoop.http.lib.StaticUserWebFilter$StaticUserFilter) to context hddsDatanode
2019-08-24 12:31:14,538 [Thread-1084] INFO  http.HttpServer2 (HttpServer2.java:addFilter(958)) - Added filter static_user_filter (class=org.apache.hadoop.http.lib.StaticUserWebFilter$StaticUserFilter) to context logs
2019-08-24 12:31:14,538 [Thread-1084] INFO  http.HttpServer2 (HttpServer2.java:addFilter(958)) - Added filter static_user_filter (class=org.apache.hadoop.http.lib.StaticUserWebFilter$StaticUserFilter) to context static
2019-08-24 12:31:14,538 [Thread-1084] INFO  http.HttpServer2 (HttpServer2.java:bindListener(1191)) - Jetty bound to port 43390
2019-08-24 12:31:14,539 [Thread-1084] INFO  server.Server (Server.java:doStart(351)) - jetty-9.3.24.v20180605, build timestamp: 2018-06-05T17:11:56Z, git hash: 84205aa28f11a4f31f2a3b86d1bba2cc8ab69827
2019-08-24 12:31:14,542 [Thread-1084] INFO  handler.ContextHandler (ContextHandler.java:doStart(781)) - Started o.e.j.s.ServletContextHandler@2093c2e1{/logs,file:///workdir/hadoop-ozone/ozonefs/target/log,AVAILABLE}
2019-08-24 12:31:14,542 [Thread-1084] INFO  handler.ContextHandler (ContextHandler.java:doStart(781)) - Started o.e.j.s.ServletContextHandler@6bee00a5{/static,jar:file:/home/user/.m2/repository/org/apache/hadoop/hadoop-hdds-container-service/0.5.0-SNAPSHOT/hadoop-hdds-container-service-0.5.0-SNAPSHOT.jar!/webapps/static,AVAILABLE}
2019-08-24 12:31:14,569 [Thread-1084] INFO  handler.ContextHandler (ContextHandler.java:doStart(781)) - Started o.e.j.w.WebAppContext@6aa1660c{/,file:///tmp/jetty-0.0.0.0-43390-hddsDatanode-_-any-7481308360643227106.dir/webapp/,AVAILABLE}{/hddsDatanode}
2019-08-24 12:31:14,569 [Thread-1084] INFO  server.AbstractConnector (AbstractConnector.java:doStart(278)) - Started ServerConnector@6660015e{HTTP/1.1,[http/1.1]}{0.0.0.0:43390}
2019-08-24 12:31:14,574 [Thread-1084] INFO  server.Server (Server.java:doStart(419)) - Started @90019ms
2019-08-24 12:31:14,574 [Thread-1084] INFO  server.BaseHttpServer (BaseHttpServer.java:updateConnectorAddress(213)) - HTTP server of HDDSDATANODE is listening at http://0.0.0.0:43390
2019-08-24 12:31:14,575 [Thread-1084] INFO  impl.MetricsSystemImpl (MetricsSystemImpl.java:init(158)) - HddsDatanode metrics system started (again)
2019-08-24 12:31:14,577 [Thread-1084] INFO  ozone.HddsDatanodeService (HddsDatanodeService.java:start(184)) - HddsDatanodeService host:dev-check-20190824-g8v5p-1270076377 ip:192.168.5.162
2019-08-24 12:31:14,577 [org.apache.hadoop.util.JvmPauseMonitor$Monitor@6b3b7ce0] INFO  util.JvmPauseMonitor (JvmPauseMonitor.java:run(188)) - Starting JVM pause monitor
2019-08-24 12:31:14,584 [Thread-1084] INFO  volume.HddsVolume (HddsVolume.java:<init>(176)) - Creating Volume: /workdir/hadoop-ozone/ozonefs/target/test-dir/MiniOzoneClusterImpl-28159c0e-2992-430e-bf13-357306152ddf/datanode-1/data/containers/hdds of  storage type : DISK and capacity : 1482555576320
2019-08-24 12:31:14,584 [Thread-1084] INFO  volume.VolumeSet (VolumeSet.java:initializeVolumeSet(170)) - Added Volume : /workdir/hadoop-ozone/ozonefs/target/test-dir/MiniOzoneClusterImpl-28159c0e-2992-430e-bf13-357306152ddf/datanode-1/data/containers/hdds to VolumeSet
2019-08-24 12:31:14,584 [Thread-1084] INFO  volume.ThrottledAsyncChecker (ThrottledAsyncChecker.java:schedule(140)) - Scheduling a check for org.apache.hadoop.ozone.container.common.volume.HddsVolume@723e9b43
2019-08-24 12:31:14,585 [Datanode State Machine Thread - 0] INFO  datanode.InitDatanodeState (InitDatanodeState.java:persistContainerDatanodeDetails(140)) - DatanodeDetails is persisted to /workdir/hadoop-ozone/ozonefs/target/test-dir/MiniOzoneClusterImpl-28159c0e-2992-430e-bf13-357306152ddf/datanode-0/meta/datanode.id
2019-08-24 12:31:14,585 [Thread-1084] INFO  volume.HddsVolumeChecker (HddsVolumeChecker.java:checkAllVolumes(203)) - Scheduled health check for volume org.apache.hadoop.ozone.container.common.volume.HddsVolume@723e9b43
2019-08-24 12:31:14,606 [Thread-1084] INFO  impl.RaftServerProxy (ConfUtils.java:logGet(43)) - raft.rpc.type = GRPC (default)
2019-08-24 12:31:14,606 [Thread-1084] INFO  grpc.GrpcFactory (GrpcFactory.java:checkPooledByteBufAllocatorUseCacheForAllThreads(45)) - PERFORMANCE WARNING: useCacheForAllThreads is true that may cause Netty to create a lot garbage objects and, as a result, trigger GC.
	It is recommended to disable useCacheForAllThreads by setting -Dorg.apache.ratis.thirdparty.io.netty.allocator.useCacheForAllThreads=false in command line.
2019-08-24 12:31:14,606 [Thread-1084] INFO  grpc.GrpcConfigKeys$Server (ConfUtils.java:logGet(43)) - raft.grpc.server.port = 0 (default)
2019-08-24 12:31:14,606 [Thread-1084] INFO  server.GrpcService (ConfUtils.java:logGet(43)) - raft.grpc.message.size.max = 33570816 (custom)
2019-08-24 12:31:14,606 [Thread-1084] INFO  server.RaftServerConfigKeys (ConfUtils.java:logGet(43)) - raft.server.log.appender.buffer.byte-limit = 33554432 (custom)
2019-08-24 12:31:14,607 [Thread-1084] INFO  server.GrpcService (ConfUtils.java:logGet(43)) - raft.grpc.flow.control.window = 1MB (=1048576) (default)
2019-08-24 12:31:14,607 [Thread-1084] INFO  server.RaftServerConfigKeys (ConfUtils.java:logGet(43)) - raft.server.rpc.request.timeout = 3000ms (default)
2019-08-24 12:31:14,607 [Thread-1084] INFO  server.RaftServerConfigKeys (ConfUtils.java:logGet(43)) - raft.server.storage.dir = [/workdir/hadoop-ozone/ozonefs/target/test-dir/MiniOzoneClusterImpl-28159c0e-2992-430e-bf13-357306152ddf/datanode-1/data/ratis] (custom)
2019-08-24 12:31:14,608 [Thread-1084] INFO  replication.SimpleContainerDownloader (SimpleContainerDownloader.java:<init>(72)) - Starting container downloader service to copy containers to replicate.
2019-08-24 12:31:14,609 [Thread-1084] INFO  hdfs.DFSUtil (DFSUtil.java:httpServerTemplateForNNAndJN(1641)) - Starting Web-server for hddsDatanode at: http://0.0.0.0:0
2019-08-24 12:31:14,610 [Thread-1084] INFO  server.AuthenticationFilter (AuthenticationFilter.java:constructSecretProvider(240)) - Unable to initialize FileSignerSecretProvider, falling back to use random secrets.
2019-08-24 12:31:14,611 [Thread-1084] WARN  http.HttpRequestLog (HttpRequestLog.java:getRequestLog(97)) - Jetty request log can only be enabled using Log4j
2019-08-24 12:31:14,612 [Thread-1084] INFO  http.HttpServer2 (HttpServer2.java:addGlobalFilter(975)) - Added global filter 'safety' (class=org.apache.hadoop.http.HttpServer2$QuotingInputFilter)
2019-08-24 12:31:14,613 [Thread-1084] INFO  http.HttpServer2 (HttpServer2.java:addFilter(948)) - Added filter static_user_filter (class=org.apache.hadoop.http.lib.StaticUserWebFilter$StaticUserFilter) to context hddsDatanode
2019-08-24 12:31:14,613 [Thread-1084] INFO  http.HttpServer2 (HttpServer2.java:addFilter(958)) - Added filter static_user_filter (class=org.apache.hadoop.http.lib.StaticUserWebFilter$StaticUserFilter) to context logs
2019-08-24 12:31:14,613 [Thread-1084] INFO  http.HttpServer2 (HttpServer2.java:addFilter(958)) - Added filter static_user_filter (class=org.apache.hadoop.http.lib.StaticUserWebFilter$StaticUserFilter) to context static
2019-08-24 12:31:14,614 [Thread-1084] INFO  http.HttpServer2 (HttpServer2.java:bindListener(1191)) - Jetty bound to port 36381
2019-08-24 12:31:14,614 [Thread-1084] INFO  server.Server (Server.java:doStart(351)) - jetty-9.3.24.v20180605, build timestamp: 2018-06-05T17:11:56Z, git hash: 84205aa28f11a4f31f2a3b86d1bba2cc8ab69827
2019-08-24 12:31:14,616 [Thread-1084] INFO  handler.ContextHandler (ContextHandler.java:doStart(781)) - Started o.e.j.s.ServletContextHandler@6f3eca0c{/logs,file:///workdir/hadoop-ozone/ozonefs/target/log,AVAILABLE}
2019-08-24 12:31:14,616 [Thread-1084] INFO  handler.ContextHandler (ContextHandler.java:doStart(781)) - Started o.e.j.s.ServletContextHandler@5c504258{/static,jar:file:/home/user/.m2/repository/org/apache/hadoop/hadoop-hdds-container-service/0.5.0-SNAPSHOT/hadoop-hdds-container-service-0.5.0-SNAPSHOT.jar!/webapps/static,AVAILABLE}
2019-08-24 12:31:14,642 [Thread-1084] INFO  handler.ContextHandler (ContextHandler.java:doStart(781)) - Started o.e.j.w.WebAppContext@32b9715{/,file:///tmp/jetty-0.0.0.0-36381-hddsDatanode-_-any-8856107518149891077.dir/webapp/,AVAILABLE}{/hddsDatanode}
2019-08-24 12:31:14,643 [Thread-1084] INFO  server.AbstractConnector (AbstractConnector.java:doStart(278)) - Started ServerConnector@3df571fb{HTTP/1.1,[http/1.1]}{0.0.0.0:36381}
2019-08-24 12:31:14,644 [Thread-1084] INFO  server.Server (Server.java:doStart(419)) - Started @90089ms
2019-08-24 12:31:14,644 [Thread-1084] INFO  server.BaseHttpServer (BaseHttpServer.java:updateConnectorAddress(213)) - HTTP server of HDDSDATANODE is listening at http://0.0.0.0:36381
2019-08-24 12:31:14,645 [Thread-1084] INFO  impl.MetricsSystemImpl (MetricsSystemImpl.java:init(158)) - HddsDatanode metrics system started (again)
2019-08-24 12:31:14,647 [Thread-1084] INFO  ozone.HddsDatanodeService (HddsDatanodeService.java:start(184)) - HddsDatanodeService host:dev-check-20190824-g8v5p-1270076377 ip:192.168.5.162
2019-08-24 12:31:14,647 [org.apache.hadoop.util.JvmPauseMonitor$Monitor@490741ae] INFO  util.JvmPauseMonitor (JvmPauseMonitor.java:run(188)) - Starting JVM pause monitor
2019-08-24 12:31:14,650 [Datanode State Machine Thread - 0] INFO  datanode.InitDatanodeState (InitDatanodeState.java:persistContainerDatanodeDetails(140)) - DatanodeDetails is persisted to /workdir/hadoop-ozone/ozonefs/target/test-dir/MiniOzoneClusterImpl-28159c0e-2992-430e-bf13-357306152ddf/datanode-1/meta/datanode.id
2019-08-24 12:31:14,653 [Thread-1084] INFO  volume.HddsVolume (HddsVolume.java:<init>(176)) - Creating Volume: /workdir/hadoop-ozone/ozonefs/target/test-dir/MiniOzoneClusterImpl-28159c0e-2992-430e-bf13-357306152ddf/datanode-2/data/containers/hdds of  storage type : DISK and capacity : 1482555576320
2019-08-24 12:31:14,654 [Thread-1084] INFO  volume.VolumeSet (VolumeSet.java:initializeVolumeSet(170)) - Added Volume : /workdir/hadoop-ozone/ozonefs/target/test-dir/MiniOzoneClusterImpl-28159c0e-2992-430e-bf13-357306152ddf/datanode-2/data/containers/hdds to VolumeSet
2019-08-24 12:31:14,654 [Thread-1084] INFO  volume.ThrottledAsyncChecker (ThrottledAsyncChecker.java:schedule(140)) - Scheduling a check for org.apache.hadoop.ozone.container.common.volume.HddsVolume@5ab21904
2019-08-24 12:31:14,654 [Thread-1084] INFO  volume.HddsVolumeChecker (HddsVolumeChecker.java:checkAllVolumes(203)) - Scheduled health check for volume org.apache.hadoop.ozone.container.common.volume.HddsVolume@5ab21904
2019-08-24 12:31:14,675 [Thread-1084] INFO  impl.RaftServerProxy (ConfUtils.java:logGet(43)) - raft.rpc.type = GRPC (default)
2019-08-24 12:31:14,675 [Thread-1084] INFO  grpc.GrpcFactory (GrpcFactory.java:checkPooledByteBufAllocatorUseCacheForAllThreads(45)) - PERFORMANCE WARNING: useCacheForAllThreads is true that may cause Netty to create a lot garbage objects and, as a result, trigger GC.
	It is recommended to disable useCacheForAllThreads by setting -Dorg.apache.ratis.thirdparty.io.netty.allocator.useCacheForAllThreads=false in command line.
2019-08-24 12:31:14,675 [Thread-1084] INFO  grpc.GrpcConfigKeys$Server (ConfUtils.java:logGet(43)) - raft.grpc.server.port = 0 (default)
2019-08-24 12:31:14,675 [Thread-1084] INFO  server.GrpcService (ConfUtils.java:logGet(43)) - raft.grpc.message.size.max = 33570816 (custom)
2019-08-24 12:31:14,675 [Thread-1084] INFO  server.RaftServerConfigKeys (ConfUtils.java:logGet(43)) - raft.server.log.appender.buffer.byte-limit = 33554432 (custom)
2019-08-24 12:31:14,675 [Thread-1084] INFO  server.GrpcService (ConfUtils.java:logGet(43)) - raft.grpc.flow.control.window = 1MB (=1048576) (default)
2019-08-24 12:31:14,676 [Thread-1084] INFO  server.RaftServerConfigKeys (ConfUtils.java:logGet(43)) - raft.server.rpc.request.timeout = 3000ms (default)
2019-08-24 12:31:14,676 [Thread-1084] INFO  server.RaftServerConfigKeys (ConfUtils.java:logGet(43)) - raft.server.storage.dir = [/workdir/hadoop-ozone/ozonefs/target/test-dir/MiniOzoneClusterImpl-28159c0e-2992-430e-bf13-357306152ddf/datanode-2/data/ratis] (custom)
2019-08-24 12:31:14,676 [Thread-1084] INFO  replication.SimpleContainerDownloader (SimpleContainerDownloader.java:<init>(72)) - Starting container downloader service to copy containers to replicate.
2019-08-24 12:31:14,677 [Thread-1084] INFO  hdfs.DFSUtil (DFSUtil.java:httpServerTemplateForNNAndJN(1641)) - Starting Web-server for hddsDatanode at: http://0.0.0.0:0
2019-08-24 12:31:14,679 [Thread-1084] INFO  server.AuthenticationFilter (AuthenticationFilter.java:constructSecretProvider(240)) - Unable to initialize FileSignerSecretProvider, falling back to use random secrets.
2019-08-24 12:31:14,679 [Thread-1084] WARN  http.HttpRequestLog (HttpRequestLog.java:getRequestLog(97)) - Jetty request log can only be enabled using Log4j
2019-08-24 12:31:14,681 [Thread-1084] INFO  http.HttpServer2 (HttpServer2.java:addGlobalFilter(975)) - Added global filter 'safety' (class=org.apache.hadoop.http.HttpServer2$QuotingInputFilter)
2019-08-24 12:31:14,681 [Thread-1084] INFO  http.HttpServer2 (HttpServer2.java:addFilter(948)) - Added filter static_user_filter (class=org.apache.hadoop.http.lib.StaticUserWebFilter$StaticUserFilter) to context hddsDatanode
2019-08-24 12:31:14,681 [Thread-1084] INFO  http.HttpServer2 (HttpServer2.java:addFilter(958)) - Added filter static_user_filter (class=org.apache.hadoop.http.lib.StaticUserWebFilter$StaticUserFilter) to context logs
2019-08-24 12:31:14,681 [Thread-1084] INFO  http.HttpServer2 (HttpServer2.java:addFilter(958)) - Added filter static_user_filter (class=org.apache.hadoop.http.lib.StaticUserWebFilter$StaticUserFilter) to context static
2019-08-24 12:31:14,682 [Thread-1084] INFO  http.HttpServer2 (HttpServer2.java:bindListener(1191)) - Jetty bound to port 32942
2019-08-24 12:31:14,682 [Thread-1084] INFO  server.Server (Server.java:doStart(351)) - jetty-9.3.24.v20180605, build timestamp: 2018-06-05T17:11:56Z, git hash: 84205aa28f11a4f31f2a3b86d1bba2cc8ab69827
2019-08-24 12:31:14,684 [Thread-1084] INFO  handler.ContextHandler (ContextHandler.java:doStart(781)) - Started o.e.j.s.ServletContextHandler@7cab233c{/logs,file:///workdir/hadoop-ozone/ozonefs/target/log,AVAILABLE}
2019-08-24 12:31:14,684 [Thread-1084] INFO  handler.ContextHandler (ContextHandler.java:doStart(781)) - Started o.e.j.s.ServletContextHandler@7186da6c{/static,jar:file:/home/user/.m2/repository/org/apache/hadoop/hadoop-hdds-container-service/0.5.0-SNAPSHOT/hadoop-hdds-container-service-0.5.0-SNAPSHOT.jar!/webapps/static,AVAILABLE}
2019-08-24 12:31:14,711 [Thread-1084] INFO  handler.ContextHandler (ContextHandler.java:doStart(781)) - Started o.e.j.w.WebAppContext@2976cff1{/,file:///tmp/jetty-0.0.0.0-32942-hddsDatanode-_-any-2300567084415273946.dir/webapp/,AVAILABLE}{/hddsDatanode}
2019-08-24 12:31:14,711 [Thread-1084] INFO  server.AbstractConnector (AbstractConnector.java:doStart(278)) - Started ServerConnector@4421839a{HTTP/1.1,[http/1.1]}{0.0.0.0:32942}
2019-08-24 12:31:14,712 [Thread-1084] INFO  server.Server (Server.java:doStart(419)) - Started @90157ms
2019-08-24 12:31:14,713 [Thread-1084] INFO  server.BaseHttpServer (BaseHttpServer.java:updateConnectorAddress(213)) - HTTP server of HDDSDATANODE is listening at http://0.0.0.0:32942
2019-08-24 12:31:14,713 [Thread-1084] INFO  ozone.MiniOzoneClusterImpl (MiniOzoneClusterImpl.java:lambda$waitForClusterToBeReady$0(140)) - Waiting for cluster to be ready. Got 0 of 3 DN Heartbeats.
2019-08-24 12:31:14,714 [org.apache.hadoop.util.JvmPauseMonitor$Monitor@325cd00c] INFO  util.JvmPauseMonitor (JvmPauseMonitor.java:run(188)) - Starting JVM pause monitor
2019-08-24 12:31:14,716 [Datanode State Machine Thread - 0] INFO  datanode.InitDatanodeState (InitDatanodeState.java:persistContainerDatanodeDetails(140)) - DatanodeDetails is persisted to /workdir/hadoop-ozone/ozonefs/target/test-dir/MiniOzoneClusterImpl-28159c0e-2992-430e-bf13-357306152ddf/datanode-2/meta/datanode.id
2019-08-24 12:31:15,713 [Thread-1084] INFO  ozone.MiniOzoneClusterImpl (MiniOzoneClusterImpl.java:lambda$waitForClusterToBeReady$0(140)) - Waiting for cluster to be ready. Got 0 of 3 DN Heartbeats.
2019-08-24 12:31:16,583 | INFO  | SCMAudit | user=jenkins1000 | ip=192.168.5.162 | op=GET_VERSION null | ret=SUCCESS |  
2019-08-24 12:31:16,601 [Datanode State Machine Thread - 0] INFO  ozoneimpl.OzoneContainer (OzoneContainer.java:start(186)) - Attempting to start container services.
2019-08-24 12:31:16,601 [Datanode State Machine Thread - 0] INFO  ozoneimpl.OzoneContainer (OzoneContainer.java:startContainerScrub(160)) - Background container scrubber has been disabled by hdds.containerscrub.enabled
2019-08-24 12:31:16,601 [Datanode State Machine Thread - 0] INFO  ratis.XceiverServerRatis (XceiverServerRatis.java:start(404)) - Starting XceiverServerRatis 17f030ae-ee23-426a-8582-b4ad86ad4f17 at port 0
2019-08-24 12:31:16,610 [Datanode State Machine Thread - 0] INFO  impl.RaftServerProxy (RaftServerProxy.java:lambda$start$3(299)) - 17f030ae-ee23-426a-8582-b4ad86ad4f17: start RPC server
2019-08-24 12:31:16,614 [Datanode State Machine Thread - 0] INFO  server.GrpcService (GrpcService.java:startImpl(149)) - 17f030ae-ee23-426a-8582-b4ad86ad4f17: GrpcService started, listening on 0.0.0.0/0.0.0.0:33388
2019-08-24 12:31:16,615 [Datanode State Machine Thread - 0] INFO  ratis.XceiverServerRatis (XceiverServerRatis.java:start(414)) - XceiverServerRatis 17f030ae-ee23-426a-8582-b4ad86ad4f17 is started using port 33388
2019-08-24 12:31:16,615 [Datanode State Machine Thread - 0] INFO  server.XceiverServerGrpc (XceiverServerGrpc.java:start(161)) - XceiverServerGrpc 17f030ae-ee23-426a-8582-b4ad86ad4f17 is started using port 33976
2019-08-24 12:31:16,648 | INFO  | SCMAudit | user=jenkins1000 | ip=192.168.5.162 | op=GET_VERSION null | ret=SUCCESS |  
2019-08-24 12:31:16,663 [Datanode State Machine Thread - 0] INFO  ozoneimpl.OzoneContainer (OzoneContainer.java:start(186)) - Attempting to start container services.
2019-08-24 12:31:16,663 [Datanode State Machine Thread - 0] INFO  ozoneimpl.OzoneContainer (OzoneContainer.java:startContainerScrub(160)) - Background container scrubber has been disabled by hdds.containerscrub.enabled
2019-08-24 12:31:16,663 [Datanode State Machine Thread - 0] INFO  ratis.XceiverServerRatis (XceiverServerRatis.java:start(404)) - Starting XceiverServerRatis 8844de9a-3709-4b0d-8a3d-d5bdd69031e8 at port 0
2019-08-24 12:31:16,671 [Datanode State Machine Thread - 0] INFO  impl.RaftServerProxy (RaftServerProxy.java:lambda$start$3(299)) - 8844de9a-3709-4b0d-8a3d-d5bdd69031e8: start RPC server
2019-08-24 12:31:16,673 [Datanode State Machine Thread - 0] INFO  server.GrpcService (GrpcService.java:startImpl(149)) - 8844de9a-3709-4b0d-8a3d-d5bdd69031e8: GrpcService started, listening on 0.0.0.0/0.0.0.0:32897
2019-08-24 12:31:16,673 [Datanode State Machine Thread - 0] INFO  ratis.XceiverServerRatis (XceiverServerRatis.java:start(414)) - XceiverServerRatis 8844de9a-3709-4b0d-8a3d-d5bdd69031e8 is started using port 32897
2019-08-24 12:31:16,674 [Datanode State Machine Thread - 0] INFO  server.XceiverServerGrpc (XceiverServerGrpc.java:start(161)) - XceiverServerGrpc 8844de9a-3709-4b0d-8a3d-d5bdd69031e8 is started using port 40446
2019-08-24 12:31:16,714 [Thread-1084] INFO  ozone.MiniOzoneClusterImpl (MiniOzoneClusterImpl.java:lambda$waitForClusterToBeReady$0(140)) - Waiting for cluster to be ready. Got 0 of 3 DN Heartbeats.
2019-08-24 12:31:16,716 | INFO  | SCMAudit | user=jenkins1000 | ip=192.168.5.162 | op=GET_VERSION null | ret=SUCCESS |  
2019-08-24 12:31:16,729 [Datanode State Machine Thread - 0] INFO  ozoneimpl.OzoneContainer (OzoneContainer.java:start(186)) - Attempting to start container services.
2019-08-24 12:31:16,730 [Datanode State Machine Thread - 0] INFO  ozoneimpl.OzoneContainer (OzoneContainer.java:startContainerScrub(160)) - Background container scrubber has been disabled by hdds.containerscrub.enabled
2019-08-24 12:31:16,730 [Datanode State Machine Thread - 0] INFO  ratis.XceiverServerRatis (XceiverServerRatis.java:start(404)) - Starting XceiverServerRatis 88f5d524-5740-4152-9f72-5ab01038e1c0 at port 0
2019-08-24 12:31:16,738 [Datanode State Machine Thread - 0] INFO  impl.RaftServerProxy (RaftServerProxy.java:lambda$start$3(299)) - 88f5d524-5740-4152-9f72-5ab01038e1c0: start RPC server
2019-08-24 12:31:16,739 [Datanode State Machine Thread - 0] INFO  server.GrpcService (GrpcService.java:startImpl(149)) - 88f5d524-5740-4152-9f72-5ab01038e1c0: GrpcService started, listening on 0.0.0.0/0.0.0.0:46716
2019-08-24 12:31:16,739 [Datanode State Machine Thread - 0] INFO  ratis.XceiverServerRatis (XceiverServerRatis.java:start(414)) - XceiverServerRatis 88f5d524-5740-4152-9f72-5ab01038e1c0 is started using port 46716
2019-08-24 12:31:16,740 [Datanode State Machine Thread - 0] INFO  server.XceiverServerGrpc (XceiverServerGrpc.java:start(161)) - XceiverServerGrpc 88f5d524-5740-4152-9f72-5ab01038e1c0 is started using port 44563
2019-08-24 12:31:17,714 [Thread-1084] INFO  ozone.MiniOzoneClusterImpl (MiniOzoneClusterImpl.java:lambda$waitForClusterToBeReady$0(140)) - Waiting for cluster to be ready. Got 0 of 3 DN Heartbeats.
2019-08-24 12:31:18,582 [IPC Server handler 0 on 35065] INFO  net.NetworkTopology (NetworkTopologyImpl.java:add(110)) - Added a new node: /default-rack/17f030ae-ee23-426a-8582-b4ad86ad4f17
2019-08-24 12:31:18,586 [IPC Server handler 0 on 35065] INFO  node.SCMNodeManager (SCMNodeManager.java:register(273)) - Registered Data node : 17f030ae-ee23-426a-8582-b4ad86ad4f17{ip: 192.168.5.162, host: dev-check-20190824-g8v5p-1270076377, networkLocation: /default-rack, certSerialId: null}
2019-08-24 12:31:18,587 [EventQueue-NodeRegistrationContainerReportForDataNodeSafeModeRule] INFO  safemode.SCMSafeModeManager (DataNodeSafeModeRule.java:process(71)) - SCM in safe mode. 1 DataNodes registered, 1 required.
2019-08-24 12:31:18,589 [EventQueue-NodeRegistrationContainerReportForDataNodeSafeModeRule] INFO  safemode.SCMSafeModeManager (SCMSafeModeManager.java:validateSafeModeExitRules(177)) - ScmSafeModeManager, all rules are successfully validated
2019-08-24 12:31:18,589 | INFO  | SCMAudit | user=jenkins1000 | ip=192.168.5.162 | op=REGISTER {datanodeDetails=17f030ae-ee23-426a-8582-b4ad86ad4f17{ip: 192.168.5.162, host: dev-check-20190824-g8v5p-1270076377, networkLocation: /default-rack, certSerialId: null}} | ret=SUCCESS |  
2019-08-24 12:31:18,589 [EventQueue-NodeRegistrationContainerReportForDataNodeSafeModeRule] INFO  safemode.SCMSafeModeManager (SCMSafeModeManager.java:exitSafeMode(193)) - SCM exiting safe mode.
2019-08-24 12:31:18,606 [grpc-default-executor-0] INFO  impl.RaftServerProxy (RaftServerProxy.java:addNew(89)) - 17f030ae-ee23-426a-8582-b4ad86ad4f17: addNew group-6FEE44E1FF5D:[17f030ae-ee23-426a-8582-b4ad86ad4f17:192.168.5.162:33388] returns group-6FEE44E1FF5D:java.util.concurrent.CompletableFuture@19e18263[Not completed]
2019-08-24 12:31:18,608 [pool-292-thread-1] INFO  impl.RaftServerImpl (RaftServerImpl.java:<init>(93)) - 17f030ae-ee23-426a-8582-b4ad86ad4f17: new RaftServerImpl for group-6FEE44E1FF5D:[17f030ae-ee23-426a-8582-b4ad86ad4f17:192.168.5.162:33388] with ContainerStateMachine:uninitialized
2019-08-24 12:31:18,609 [pool-292-thread-1] INFO  server.RaftServerConfigKeys (ConfUtils.java:logGet(43)) - raft.server.rpc.timeout.min = 5s (custom)
2019-08-24 12:31:18,609 [pool-292-thread-1] INFO  server.RaftServerConfigKeys (ConfUtils.java:logGet(43)) - raft.server.rpc.timeout.max = 5200ms (custom)
2019-08-24 12:31:18,609 [pool-292-thread-1] INFO  server.RaftServerConfigKeys (ConfUtils.java:logGet(43)) - raft.server.rpcslowness.timeout = 120s (custom)
2019-08-24 12:31:18,609 [pool-292-thread-1] INFO  server.RaftServerConfigKeys (ConfUtils.java:logGet(43)) - raft.server.sleep.deviation.threshold = 300 (default)
2019-08-24 12:31:18,609 [pool-292-thread-1] INFO  server.RaftServerConfigKeys (ConfUtils.java:logGet(43)) - raft.server.log.appender.install.snapshot.enabled = false (custom)
2019-08-24 12:31:18,610 [pool-292-thread-1] INFO  impl.RaftServerImpl (ServerState.java:<init>(105)) - 17f030ae-ee23-426a-8582-b4ad86ad4f17:group-6FEE44E1FF5D ConfigurationManager, init=-1: [17f030ae-ee23-426a-8582-b4ad86ad4f17:192.168.5.162:33388], old=null, confs=<EMPTY_MAP>
2019-08-24 12:31:18,610 [pool-292-thread-1] INFO  server.RaftServerConfigKeys (ConfUtils.java:logGet(43)) - raft.server.storage.dir = [/workdir/hadoop-ozone/ozonefs/target/test-dir/MiniOzoneClusterImpl-28159c0e-2992-430e-bf13-357306152ddf/datanode-0/data/ratis] (custom)
2019-08-24 12:31:18,610 [pool-292-thread-1] INFO  storage.RaftStorageDirectory (RaftStorageDirectory.java:analyzeStorage(246)) - The storage directory /workdir/hadoop-ozone/ozonefs/target/test-dir/MiniOzoneClusterImpl-28159c0e-2992-430e-bf13-357306152ddf/datanode-0/data/ratis/4f855215-f0c0-49c7-8014-6fee44e1ff5d does not exist. Creating ...
2019-08-24 12:31:18,624 [pool-292-thread-1] INFO  storage.RaftStorageDirectory (RaftStorageDirectory.java:tryLock(328)) - Lock on /workdir/hadoop-ozone/ozonefs/target/test-dir/MiniOzoneClusterImpl-28159c0e-2992-430e-bf13-357306152ddf/datanode-0/data/ratis/4f855215-f0c0-49c7-8014-6fee44e1ff5d/in_use.lock acquired by nodename 29876@dev-check-20190824-g8v5p-1270076377
2019-08-24 12:31:18,638 [pool-292-thread-1] INFO  storage.RaftStorage (RaftStorage.java:format(72)) - Storage directory /workdir/hadoop-ozone/ozonefs/target/test-dir/MiniOzoneClusterImpl-28159c0e-2992-430e-bf13-357306152ddf/datanode-0/data/ratis/4f855215-f0c0-49c7-8014-6fee44e1ff5d has been successfully formatted.
2019-08-24 12:31:18,638 [pool-292-thread-1] INFO  ratis.ContainerStateMachine (ContainerStateMachine.java:loadSnapshot(226)) - group-6FEE44E1FF5D: The snapshot info is null. Setting the last applied indexto:(t:0, i:~)
2019-08-24 12:31:18,638 [pool-292-thread-1] INFO  server.RaftServerConfigKeys (ConfUtils.java:logGet(43)) - raft.server.leader.election.timeout = 120s (custom)
2019-08-24 12:31:18,638 [pool-292-thread-1] INFO  server.RaftServerConfigKeys (ConfUtils.java:logGet(43)) - raft.server.log.use.memory = false (default)
2019-08-24 12:31:18,639 [pool-292-thread-1] INFO  server.RaftServerConfigKeys (ConfUtils.java:logGet(43)) - raft.server.log.purge.gap = 1000000 (custom)
2019-08-24 12:31:18,639 [pool-292-thread-1] INFO  server.RaftServerConfigKeys (ConfUtils.java:logGet(43)) - raft.server.log.appender.buffer.byte-limit = 33554432 (custom)
2019-08-24 12:31:18,639 [pool-292-thread-1] INFO  server.RaftServerConfigKeys (ConfUtils.java:logGet(43)) - raft.server.log.segment.size.max = 1048576 (custom)
2019-08-24 12:31:18,639 [pool-292-thread-1] INFO  server.RaftServerConfigKeys (ConfUtils.java:logGet(43)) - raft.server.log.segment.cache.num.max = 2 (custom)
2019-08-24 12:31:18,639 [pool-292-thread-1] INFO  segmented.SegmentedRaftLogWorker (SegmentedRaftLogWorker.java:<init>(172)) - new 17f030ae-ee23-426a-8582-b4ad86ad4f17-SegmentedRaftLogWorker:Storage Directory /workdir/hadoop-ozone/ozonefs/target/test-dir/MiniOzoneClusterImpl-28159c0e-2992-430e-bf13-357306152ddf/datanode-0/data/ratis/4f855215-f0c0-49c7-8014-6fee44e1ff5d for RaftStorage:Storage Directory /workdir/hadoop-ozone/ozonefs/target/test-dir/MiniOzoneClusterImpl-28159c0e-2992-430e-bf13-357306152ddf/datanode-0/data/ratis/4f855215-f0c0-49c7-8014-6fee44e1ff5d
2019-08-24 12:31:18,640 [pool-292-thread-1] INFO  server.RaftServerConfigKeys (ConfUtils.java:logGet(43)) - raft.server.log.queue.byte-limit = 2147483647 (custom)
2019-08-24 12:31:18,640 [pool-292-thread-1] INFO  server.RaftServerConfigKeys (ConfUtils.java:logGet(43)) - raft.server.log.queue.element-limit = 1024 (custom)
2019-08-24 12:31:18,640 [pool-292-thread-1] INFO  server.RaftServerConfigKeys (ConfUtils.java:logGet(43)) - raft.server.log.segment.size.max = 1048576 (custom)
2019-08-24 12:31:18,641 [pool-292-thread-1] INFO  server.RaftServerConfigKeys (ConfUtils.java:logGet(43)) - raft.server.log.preallocated.size = 16384 (custom)
2019-08-24 12:31:18,641 [pool-292-thread-1] INFO  server.RaftServerConfigKeys (ConfUtils.java:logGet(43)) - raft.server.log.write.buffer.size = 33554432 (custom)
2019-08-24 12:31:18,641 [pool-292-thread-1] INFO  server.RaftServerConfigKeys (ConfUtils.java:logGet(43)) - raft.server.log.force.sync.num = 128 (default)
2019-08-24 12:31:18,641 [pool-292-thread-1] INFO  server.RaftServerConfigKeys (ConfUtils.java:logGet(43)) - raft.server.log.statemachine.data.sync = true (default)
2019-08-24 12:31:18,641 [pool-292-thread-1] INFO  server.RaftServerConfigKeys (ConfUtils.java:logGet(43)) - raft.server.log.statemachine.data.sync.timeout = 10s (default)
2019-08-24 12:31:18,642 [pool-292-thread-1] INFO  server.RaftServerConfigKeys (ConfUtils.java:logGet(43)) - raft.server.log.statemachine.data.sync.timeout.retry = -1 (default)
2019-08-24 12:31:18,642 [pool-292-thread-1] INFO  server.RaftServerConfigKeys (ConfUtils.java:logGet(43)) - raft.server.log.statemachine.data.caching.enabled = true (custom)
2019-08-24 12:31:18,642 [pool-292-thread-1] INFO  segmented.SegmentedRaftLogWorker (SegmentedRaftLogWorker.java:lambda$new$0(132)) - 17f030ae-ee23-426a-8582-b4ad86ad4f17-SegmentedRaftLogWorker:Storage Directory /workdir/hadoop-ozone/ozonefs/target/test-dir/MiniOzoneClusterImpl-28159c0e-2992-430e-bf13-357306152ddf/datanode-0/data/ratis/4f855215-f0c0-49c7-8014-6fee44e1ff5d: flushIndex: setUnconditionally 0 -> -1
2019-08-24 12:31:18,643 [pool-292-thread-1] INFO  server.RaftServerConfigKeys (ConfUtils.java:logGet(43)) - raft.server.snapshot.auto.trigger.enabled = true (custom)
2019-08-24 12:31:18,643 [pool-292-thread-1] INFO  server.RaftServerConfigKeys (ConfUtils.java:logGet(43)) - raft.server.snapshot.auto.trigger.threshold = 10000 (custom)
2019-08-24 12:31:18,643 [pool-292-thread-1] INFO  server.RaftServerConfigKeys (ConfUtils.java:logGet(43)) - raft.server.retrycache.expirytime = 600000ms (custom)
2019-08-24 12:31:18,644 [pool-292-thread-1] INFO  impl.RaftServerImpl (RaftServerImpl.java:start(180)) - 17f030ae-ee23-426a-8582-b4ad86ad4f17: start group-6FEE44E1FF5D
2019-08-24 12:31:18,644 [pool-292-thread-1] INFO  impl.RaftServerImpl (RaftServerImpl.java:setRole(171)) - 17f030ae-ee23-426a-8582-b4ad86ad4f17:group-6FEE44E1FF5D changes role from null to FOLLOWER at term 0 for startAsFollower
2019-08-24 12:31:18,644 [pool-292-thread-1] INFO  impl.RoleInfo (RoleInfo.java:updateAndGet(143)) - 17f030ae-ee23-426a-8582-b4ad86ad4f17: start FollowerState
2019-08-24 12:31:18,644 [pool-292-thread-1] INFO  util.JmxRegister (JmxRegister.java:tryRegister(44)) - Successfully registered JMX Bean with object name Ratis:service=RaftServer,group=group-6FEE44E1FF5D,id=17f030ae-ee23-426a-8582-b4ad86ad4f17
2019-08-24 12:31:18,652 [IPC Server handler 3 on 35065] INFO  net.NetworkTopology (NetworkTopologyImpl.java:add(110)) - Added a new node: /default-rack/8844de9a-3709-4b0d-8a3d-d5bdd69031e8
2019-08-24 12:31:18,652 [IPC Server handler 3 on 35065] INFO  node.SCMNodeManager (SCMNodeManager.java:register(273)) - Registered Data node : 8844de9a-3709-4b0d-8a3d-d5bdd69031e8{ip: 192.168.5.162, host: dev-check-20190824-g8v5p-1270076377, networkLocation: /default-rack, certSerialId: null}
2019-08-24 12:31:18,653 | INFO  | SCMAudit | user=jenkins1000 | ip=192.168.5.162 | op=REGISTER {datanodeDetails=8844de9a-3709-4b0d-8a3d-d5bdd69031e8{ip: 192.168.5.162, host: dev-check-20190824-g8v5p-1270076377, networkLocation: /default-rack, certSerialId: null}} | ret=SUCCESS |  
2019-08-24 12:31:18,655 [RatisPipelineUtilsThread] INFO  pipeline.PipelineStateManager (PipelineStateManager.java:addPipeline(56)) - Created pipeline Pipeline[ Id: 4f855215-f0c0-49c7-8014-6fee44e1ff5d, Nodes: 17f030ae-ee23-426a-8582-b4ad86ad4f17{ip: 192.168.5.162, host: dev-check-20190824-g8v5p-1270076377, networkLocation: /default-rack, certSerialId: null}, Type:RATIS, Factor:ONE, State:OPEN]
2019-08-24 12:31:18,668 [grpc-default-executor-0] INFO  impl.RaftServerProxy (RaftServerProxy.java:addNew(89)) - 8844de9a-3709-4b0d-8a3d-d5bdd69031e8: addNew group-25E416AF439C:[8844de9a-3709-4b0d-8a3d-d5bdd69031e8:192.168.5.162:32897] returns group-25E416AF439C:java.util.concurrent.CompletableFuture@6c290850[Not completed]
2019-08-24 12:31:18,671 [pool-303-thread-1] INFO  impl.RaftServerImpl (RaftServerImpl.java:<init>(93)) - 8844de9a-3709-4b0d-8a3d-d5bdd69031e8: new RaftServerImpl for group-25E416AF439C:[8844de9a-3709-4b0d-8a3d-d5bdd69031e8:192.168.5.162:32897] with ContainerStateMachine:uninitialized
2019-08-24 12:31:18,671 [pool-303-thread-1] INFO  server.RaftServerConfigKeys (ConfUtils.java:logGet(43)) - raft.server.rpc.timeout.min = 5s (custom)
2019-08-24 12:31:18,671 [pool-303-thread-1] INFO  server.RaftServerConfigKeys (ConfUtils.java:logGet(43)) - raft.server.rpc.timeout.max = 5200ms (custom)
2019-08-24 12:31:18,672 [pool-303-thread-1] INFO  server.RaftServerConfigKeys (ConfUtils.java:logGet(43)) - raft.server.rpcslowness.timeout = 120s (custom)
2019-08-24 12:31:18,672 [pool-303-thread-1] INFO  server.RaftServerConfigKeys (ConfUtils.java:logGet(43)) - raft.server.sleep.deviation.threshold = 300 (default)
2019-08-24 12:31:18,672 [pool-303-thread-1] INFO  server.RaftServerConfigKeys (ConfUtils.java:logGet(43)) - raft.server.log.appender.install.snapshot.enabled = false (custom)
2019-08-24 12:31:18,672 [pool-303-thread-1] INFO  impl.RaftServerImpl (ServerState.java:<init>(105)) - 8844de9a-3709-4b0d-8a3d-d5bdd69031e8:group-25E416AF439C ConfigurationManager, init=-1: [8844de9a-3709-4b0d-8a3d-d5bdd69031e8:192.168.5.162:32897], old=null, confs=<EMPTY_MAP>
2019-08-24 12:31:18,673 [pool-303-thread-1] INFO  server.RaftServerConfigKeys (ConfUtils.java:logGet(43)) - raft.server.storage.dir = [/workdir/hadoop-ozone/ozonefs/target/test-dir/MiniOzoneClusterImpl-28159c0e-2992-430e-bf13-357306152ddf/datanode-1/data/ratis] (custom)
2019-08-24 12:31:18,673 [pool-303-thread-1] INFO  storage.RaftStorageDirectory (RaftStorageDirectory.java:analyzeStorage(246)) - The storage directory /workdir/hadoop-ozone/ozonefs/target/test-dir/MiniOzoneClusterImpl-28159c0e-2992-430e-bf13-357306152ddf/datanode-1/data/ratis/58217d95-2469-46a6-a673-25e416af439c does not exist. Creating ...
2019-08-24 12:31:18,688 [pool-303-thread-1] INFO  storage.RaftStorageDirectory (RaftStorageDirectory.java:tryLock(328)) - Lock on /workdir/hadoop-ozone/ozonefs/target/test-dir/MiniOzoneClusterImpl-28159c0e-2992-430e-bf13-357306152ddf/datanode-1/data/ratis/58217d95-2469-46a6-a673-25e416af439c/in_use.lock acquired by nodename 29876@dev-check-20190824-g8v5p-1270076377
2019-08-24 12:31:18,701 [pool-303-thread-1] INFO  storage.RaftStorage (RaftStorage.java:format(72)) - Storage directory /workdir/hadoop-ozone/ozonefs/target/test-dir/MiniOzoneClusterImpl-28159c0e-2992-430e-bf13-357306152ddf/datanode-1/data/ratis/58217d95-2469-46a6-a673-25e416af439c has been successfully formatted.
2019-08-24 12:31:18,701 [pool-303-thread-1] INFO  ratis.ContainerStateMachine (ContainerStateMachine.java:loadSnapshot(226)) - group-25E416AF439C: The snapshot info is null. Setting the last applied indexto:(t:0, i:~)
2019-08-24 12:31:18,701 [pool-303-thread-1] INFO  server.RaftServerConfigKeys (ConfUtils.java:logGet(43)) - raft.server.leader.election.timeout = 120s (custom)
2019-08-24 12:31:18,701 [pool-303-thread-1] INFO  server.RaftServerConfigKeys (ConfUtils.java:logGet(43)) - raft.server.log.use.memory = false (default)
2019-08-24 12:31:18,701 [pool-303-thread-1] INFO  server.RaftServerConfigKeys (ConfUtils.java:logGet(43)) - raft.server.log.purge.gap = 1000000 (custom)
2019-08-24 12:31:18,702 [pool-303-thread-1] INFO  server.RaftServerConfigKeys (ConfUtils.java:logGet(43)) - raft.server.log.appender.buffer.byte-limit = 33554432 (custom)
2019-08-24 12:31:18,702 [pool-303-thread-1] INFO  server.RaftServerConfigKeys (ConfUtils.java:logGet(43)) - raft.server.log.segment.size.max = 1048576 (custom)
2019-08-24 12:31:18,702 [pool-303-thread-1] INFO  server.RaftServerConfigKeys (ConfUtils.java:logGet(43)) - raft.server.log.segment.cache.num.max = 2 (custom)
2019-08-24 12:31:18,702 [pool-303-thread-1] INFO  segmented.SegmentedRaftLogWorker (SegmentedRaftLogWorker.java:<init>(172)) - new 8844de9a-3709-4b0d-8a3d-d5bdd69031e8-SegmentedRaftLogWorker:Storage Directory /workdir/hadoop-ozone/ozonefs/target/test-dir/MiniOzoneClusterImpl-28159c0e-2992-430e-bf13-357306152ddf/datanode-1/data/ratis/58217d95-2469-46a6-a673-25e416af439c for RaftStorage:Storage Directory /workdir/hadoop-ozone/ozonefs/target/test-dir/MiniOzoneClusterImpl-28159c0e-2992-430e-bf13-357306152ddf/datanode-1/data/ratis/58217d95-2469-46a6-a673-25e416af439c
2019-08-24 12:31:18,702 [pool-303-thread-1] INFO  server.RaftServerConfigKeys (ConfUtils.java:logGet(43)) - raft.server.log.queue.byte-limit = 2147483647 (custom)
2019-08-24 12:31:18,702 [pool-303-thread-1] INFO  server.RaftServerConfigKeys (ConfUtils.java:logGet(43)) - raft.server.log.queue.element-limit = 1024 (custom)
2019-08-24 12:31:18,703 [pool-303-thread-1] INFO  server.RaftServerConfigKeys (ConfUtils.java:logGet(43)) - raft.server.log.segment.size.max = 1048576 (custom)
2019-08-24 12:31:18,703 [pool-303-thread-1] INFO  server.RaftServerConfigKeys (ConfUtils.java:logGet(43)) - raft.server.log.preallocated.size = 16384 (custom)
2019-08-24 12:31:18,703 [pool-303-thread-1] INFO  server.RaftServerConfigKeys (ConfUtils.java:logGet(43)) - raft.server.log.write.buffer.size = 33554432 (custom)
2019-08-24 12:31:18,703 [pool-303-thread-1] INFO  server.RaftServerConfigKeys (ConfUtils.java:logGet(43)) - raft.server.log.force.sync.num = 128 (default)
2019-08-24 12:31:18,703 [pool-303-thread-1] INFO  server.RaftServerConfigKeys (ConfUtils.java:logGet(43)) - raft.server.log.statemachine.data.sync = true (default)
2019-08-24 12:31:18,703 [pool-303-thread-1] INFO  server.RaftServerConfigKeys (ConfUtils.java:logGet(43)) - raft.server.log.statemachine.data.sync.timeout = 10s (default)
2019-08-24 12:31:18,704 [pool-303-thread-1] INFO  server.RaftServerConfigKeys (ConfUtils.java:logGet(43)) - raft.server.log.statemachine.data.sync.timeout.retry = -1 (default)
2019-08-24 12:31:18,704 [pool-303-thread-1] INFO  server.RaftServerConfigKeys (ConfUtils.java:logGet(43)) - raft.server.log.statemachine.data.caching.enabled = true (custom)
2019-08-24 12:31:18,704 [pool-303-thread-1] INFO  segmented.SegmentedRaftLogWorker (SegmentedRaftLogWorker.java:lambda$new$0(132)) - 8844de9a-3709-4b0d-8a3d-d5bdd69031e8-SegmentedRaftLogWorker:Storage Directory /workdir/hadoop-ozone/ozonefs/target/test-dir/MiniOzoneClusterImpl-28159c0e-2992-430e-bf13-357306152ddf/datanode-1/data/ratis/58217d95-2469-46a6-a673-25e416af439c: flushIndex: setUnconditionally 0 -> -1
2019-08-24 12:31:18,705 [pool-303-thread-1] INFO  server.RaftServerConfigKeys (ConfUtils.java:logGet(43)) - raft.server.snapshot.auto.trigger.enabled = true (custom)
2019-08-24 12:31:18,705 [pool-303-thread-1] INFO  server.RaftServerConfigKeys (ConfUtils.java:logGet(43)) - raft.server.snapshot.auto.trigger.threshold = 10000 (custom)
2019-08-24 12:31:18,705 [pool-303-thread-1] INFO  server.RaftServerConfigKeys (ConfUtils.java:logGet(43)) - raft.server.retrycache.expirytime = 600000ms (custom)
2019-08-24 12:31:18,705 [pool-303-thread-1] INFO  impl.RaftServerImpl (RaftServerImpl.java:start(180)) - 8844de9a-3709-4b0d-8a3d-d5bdd69031e8: start group-25E416AF439C
2019-08-24 12:31:18,705 [pool-303-thread-1] INFO  impl.RaftServerImpl (RaftServerImpl.java:setRole(171)) - 8844de9a-3709-4b0d-8a3d-d5bdd69031e8:group-25E416AF439C changes role from null to FOLLOWER at term 0 for startAsFollower
2019-08-24 12:31:18,706 [pool-303-thread-1] INFO  impl.RoleInfo (RoleInfo.java:updateAndGet(143)) - 8844de9a-3709-4b0d-8a3d-d5bdd69031e8: start FollowerState
2019-08-24 12:31:18,706 [pool-303-thread-1] INFO  util.JmxRegister (JmxRegister.java:tryRegister(44)) - Successfully registered JMX Bean with object name Ratis:service=RaftServer,group=group-25E416AF439C,id=8844de9a-3709-4b0d-8a3d-d5bdd69031e8
2019-08-24 12:31:18,712 [RatisPipelineUtilsThread] INFO  pipeline.PipelineStateManager (PipelineStateManager.java:addPipeline(56)) - Created pipeline Pipeline[ Id: 58217d95-2469-46a6-a673-25e416af439c, Nodes: 8844de9a-3709-4b0d-8a3d-d5bdd69031e8{ip: 192.168.5.162, host: dev-check-20190824-g8v5p-1270076377, networkLocation: /default-rack, certSerialId: null}, Type:RATIS, Factor:ONE, State:OPEN]
2019-08-24 12:31:18,719 [Thread-1084] INFO  ozone.MiniOzoneClusterImpl (MiniOzoneClusterImpl.java:lambda$waitForClusterToBeReady$0(140)) - Waiting for cluster to be ready. Got 2 of 3 DN Heartbeats.
2019-08-24 12:31:18,720 [IPC Server handler 4 on 35065] INFO  net.NetworkTopology (NetworkTopologyImpl.java:add(110)) - Added a new node: /default-rack/88f5d524-5740-4152-9f72-5ab01038e1c0
2019-08-24 12:31:18,720 [IPC Server handler 4 on 35065] INFO  node.SCMNodeManager (SCMNodeManager.java:register(273)) - Registered Data node : 88f5d524-5740-4152-9f72-5ab01038e1c0{ip: 192.168.5.162, host: dev-check-20190824-g8v5p-1270076377, networkLocation: /default-rack, certSerialId: null}
2019-08-24 12:31:18,722 | INFO  | SCMAudit | user=jenkins1000 | ip=192.168.5.162 | op=REGISTER {datanodeDetails=88f5d524-5740-4152-9f72-5ab01038e1c0{ip: 192.168.5.162, host: dev-check-20190824-g8v5p-1270076377, networkLocation: /default-rack, certSerialId: null}} | ret=SUCCESS |  
2019-08-24 12:31:18,731 [grpc-default-executor-0] INFO  impl.RaftServerProxy (RaftServerProxy.java:addNew(89)) - 88f5d524-5740-4152-9f72-5ab01038e1c0: addNew group-B33CC519E87B:[88f5d524-5740-4152-9f72-5ab01038e1c0:192.168.5.162:46716] returns group-B33CC519E87B:java.util.concurrent.CompletableFuture@53e22d23[Not completed]
2019-08-24 12:31:18,733 [pool-314-thread-1] INFO  impl.RaftServerImpl (RaftServerImpl.java:<init>(93)) - 88f5d524-5740-4152-9f72-5ab01038e1c0: new RaftServerImpl for group-B33CC519E87B:[88f5d524-5740-4152-9f72-5ab01038e1c0:192.168.5.162:46716] with ContainerStateMachine:uninitialized
2019-08-24 12:31:18,733 [pool-314-thread-1] INFO  server.RaftServerConfigKeys (ConfUtils.java:logGet(43)) - raft.server.rpc.timeout.min = 5s (custom)
2019-08-24 12:31:18,733 [pool-314-thread-1] INFO  server.RaftServerConfigKeys (ConfUtils.java:logGet(43)) - raft.server.rpc.timeout.max = 5200ms (custom)
2019-08-24 12:31:18,733 [pool-314-thread-1] INFO  server.RaftServerConfigKeys (ConfUtils.java:logGet(43)) - raft.server.rpcslowness.timeout = 120s (custom)
2019-08-24 12:31:18,733 [pool-314-thread-1] INFO  server.RaftServerConfigKeys (ConfUtils.java:logGet(43)) - raft.server.sleep.deviation.threshold = 300 (default)
2019-08-24 12:31:18,733 [pool-314-thread-1] INFO  server.RaftServerConfigKeys (ConfUtils.java:logGet(43)) - raft.server.log.appender.install.snapshot.enabled = false (custom)
2019-08-24 12:31:18,734 [pool-314-thread-1] INFO  impl.RaftServerImpl (ServerState.java:<init>(105)) - 88f5d524-5740-4152-9f72-5ab01038e1c0:group-B33CC519E87B ConfigurationManager, init=-1: [88f5d524-5740-4152-9f72-5ab01038e1c0:192.168.5.162:46716], old=null, confs=<EMPTY_MAP>
2019-08-24 12:31:18,734 [pool-314-thread-1] INFO  server.RaftServerConfigKeys (ConfUtils.java:logGet(43)) - raft.server.storage.dir = [/workdir/hadoop-ozone/ozonefs/target/test-dir/MiniOzoneClusterImpl-28159c0e-2992-430e-bf13-357306152ddf/datanode-2/data/ratis] (custom)
2019-08-24 12:31:18,734 [pool-314-thread-1] INFO  storage.RaftStorageDirectory (RaftStorageDirectory.java:analyzeStorage(246)) - The storage directory /workdir/hadoop-ozone/ozonefs/target/test-dir/MiniOzoneClusterImpl-28159c0e-2992-430e-bf13-357306152ddf/datanode-2/data/ratis/8e20d649-ba87-4a9f-9cfc-b33cc519e87b does not exist. Creating ...
2019-08-24 12:31:18,746 [pool-314-thread-1] INFO  storage.RaftStorageDirectory (RaftStorageDirectory.java:tryLock(328)) - Lock on /workdir/hadoop-ozone/ozonefs/target/test-dir/MiniOzoneClusterImpl-28159c0e-2992-430e-bf13-357306152ddf/datanode-2/data/ratis/8e20d649-ba87-4a9f-9cfc-b33cc519e87b/in_use.lock acquired by nodename 29876@dev-check-20190824-g8v5p-1270076377
2019-08-24 12:31:18,759 [pool-314-thread-1] INFO  storage.RaftStorage (RaftStorage.java:format(72)) - Storage directory /workdir/hadoop-ozone/ozonefs/target/test-dir/MiniOzoneClusterImpl-28159c0e-2992-430e-bf13-357306152ddf/datanode-2/data/ratis/8e20d649-ba87-4a9f-9cfc-b33cc519e87b has been successfully formatted.
2019-08-24 12:31:18,759 [pool-314-thread-1] INFO  ratis.ContainerStateMachine (ContainerStateMachine.java:loadSnapshot(226)) - group-B33CC519E87B: The snapshot info is null. Setting the last applied indexto:(t:0, i:~)
2019-08-24 12:31:18,760 [pool-314-thread-1] INFO  server.RaftServerConfigKeys (ConfUtils.java:logGet(43)) - raft.server.leader.election.timeout = 120s (custom)
2019-08-24 12:31:18,760 [pool-314-thread-1] INFO  server.RaftServerConfigKeys (ConfUtils.java:logGet(43)) - raft.server.log.use.memory = false (default)
2019-08-24 12:31:18,760 [pool-314-thread-1] INFO  server.RaftServerConfigKeys (ConfUtils.java:logGet(43)) - raft.server.log.purge.gap = 1000000 (custom)
2019-08-24 12:31:18,760 [pool-314-thread-1] INFO  server.RaftServerConfigKeys (ConfUtils.java:logGet(43)) - raft.server.log.appender.buffer.byte-limit = 33554432 (custom)
2019-08-24 12:31:18,760 [pool-314-thread-1] INFO  server.RaftServerConfigKeys (ConfUtils.java:logGet(43)) - raft.server.log.segment.size.max = 1048576 (custom)
2019-08-24 12:31:18,760 [pool-314-thread-1] INFO  server.RaftServerConfigKeys (ConfUtils.java:logGet(43)) - raft.server.log.segment.cache.num.max = 2 (custom)
2019-08-24 12:31:18,760 [pool-314-thread-1] INFO  segmented.SegmentedRaftLogWorker (SegmentedRaftLogWorker.java:<init>(172)) - new 88f5d524-5740-4152-9f72-5ab01038e1c0-SegmentedRaftLogWorker:Storage Directory /workdir/hadoop-ozone/ozonefs/target/test-dir/MiniOzoneClusterImpl-28159c0e-2992-430e-bf13-357306152ddf/datanode-2/data/ratis/8e20d649-ba87-4a9f-9cfc-b33cc519e87b for RaftStorage:Storage Directory /workdir/hadoop-ozone/ozonefs/target/test-dir/MiniOzoneClusterImpl-28159c0e-2992-430e-bf13-357306152ddf/datanode-2/data/ratis/8e20d649-ba87-4a9f-9cfc-b33cc519e87b
2019-08-24 12:31:18,761 [pool-314-thread-1] INFO  server.RaftServerConfigKeys (ConfUtils.java:logGet(43)) - raft.server.log.queue.byte-limit = 2147483647 (custom)
2019-08-24 12:31:18,761 [pool-314-thread-1] INFO  server.RaftServerConfigKeys (ConfUtils.java:logGet(43)) - raft.server.log.queue.element-limit = 1024 (custom)
2019-08-24 12:31:18,761 [pool-314-thread-1] INFO  server.RaftServerConfigKeys (ConfUtils.java:logGet(43)) - raft.server.log.segment.size.max = 1048576 (custom)
2019-08-24 12:31:18,761 [pool-314-thread-1] INFO  server.RaftServerConfigKeys (ConfUtils.java:logGet(43)) - raft.server.log.preallocated.size = 16384 (custom)
2019-08-24 12:31:18,761 [pool-314-thread-1] INFO  server.RaftServerConfigKeys (ConfUtils.java:logGet(43)) - raft.server.log.write.buffer.size = 33554432 (custom)
2019-08-24 12:31:18,761 [pool-314-thread-1] INFO  server.RaftServerConfigKeys (ConfUtils.java:logGet(43)) - raft.server.log.force.sync.num = 128 (default)
2019-08-24 12:31:18,761 [pool-314-thread-1] INFO  server.RaftServerConfigKeys (ConfUtils.java:logGet(43)) - raft.server.log.statemachine.data.sync = true (default)
2019-08-24 12:31:18,762 [pool-314-thread-1] INFO  server.RaftServerConfigKeys (ConfUtils.java:logGet(43)) - raft.server.log.statemachine.data.sync.timeout = 10s (default)
2019-08-24 12:31:18,762 [pool-314-thread-1] INFO  server.RaftServerConfigKeys (ConfUtils.java:logGet(43)) - raft.server.log.statemachine.data.sync.timeout.retry = -1 (default)
2019-08-24 12:31:18,762 [pool-314-thread-1] INFO  server.RaftServerConfigKeys (ConfUtils.java:logGet(43)) - raft.server.log.statemachine.data.caching.enabled = true (custom)
2019-08-24 12:31:18,762 [pool-314-thread-1] INFO  segmented.SegmentedRaftLogWorker (SegmentedRaftLogWorker.java:lambda$new$0(132)) - 88f5d524-5740-4152-9f72-5ab01038e1c0-SegmentedRaftLogWorker:Storage Directory /workdir/hadoop-ozone/ozonefs/target/test-dir/MiniOzoneClusterImpl-28159c0e-2992-430e-bf13-357306152ddf/datanode-2/data/ratis/8e20d649-ba87-4a9f-9cfc-b33cc519e87b: flushIndex: setUnconditionally 0 -> -1
2019-08-24 12:31:18,763 [pool-314-thread-1] INFO  server.RaftServerConfigKeys (ConfUtils.java:logGet(43)) - raft.server.snapshot.auto.trigger.enabled = true (custom)
2019-08-24 12:31:18,763 [pool-314-thread-1] INFO  server.RaftServerConfigKeys (ConfUtils.java:logGet(43)) - raft.server.snapshot.auto.trigger.threshold = 10000 (custom)
2019-08-24 12:31:18,763 [pool-314-thread-1] INFO  server.RaftServerConfigKeys (ConfUtils.java:logGet(43)) - raft.server.retrycache.expirytime = 600000ms (custom)
2019-08-24 12:31:18,763 [pool-314-thread-1] INFO  impl.RaftServerImpl (RaftServerImpl.java:start(180)) - 88f5d524-5740-4152-9f72-5ab01038e1c0: start group-B33CC519E87B
2019-08-24 12:31:18,763 [pool-314-thread-1] INFO  impl.RaftServerImpl (RaftServerImpl.java:setRole(171)) - 88f5d524-5740-4152-9f72-5ab01038e1c0:group-B33CC519E87B changes role from null to FOLLOWER at term 0 for startAsFollower
2019-08-24 12:31:18,763 [pool-314-thread-1] INFO  impl.RoleInfo (RoleInfo.java:updateAndGet(143)) - 88f5d524-5740-4152-9f72-5ab01038e1c0: start FollowerState
2019-08-24 12:31:18,764 [pool-314-thread-1] INFO  util.JmxRegister (JmxRegister.java:tryRegister(44)) - Successfully registered JMX Bean with object name Ratis:service=RaftServer,group=group-B33CC519E87B,id=88f5d524-5740-4152-9f72-5ab01038e1c0
2019-08-24 12:31:18,768 [RatisPipelineUtilsThread] INFO  pipeline.PipelineStateManager (PipelineStateManager.java:addPipeline(56)) - Created pipeline Pipeline[ Id: 8e20d649-ba87-4a9f-9cfc-b33cc519e87b, Nodes: 88f5d524-5740-4152-9f72-5ab01038e1c0{ip: 192.168.5.162, host: dev-check-20190824-g8v5p-1270076377, networkLocation: /default-rack, certSerialId: null}, Type:RATIS, Factor:ONE, State:OPEN]
2019-08-24 12:31:18,783 [grpc-default-executor-1] INFO  impl.RaftServerProxy (RaftServerProxy.java:addNew(89)) - 88f5d524-5740-4152-9f72-5ab01038e1c0: addNew group-FBB8C4AC66F0:[17f030ae-ee23-426a-8582-b4ad86ad4f17:192.168.5.162:33388, 88f5d524-5740-4152-9f72-5ab01038e1c0:192.168.5.162:46716, 8844de9a-3709-4b0d-8a3d-d5bdd69031e8:192.168.5.162:32897] returns group-FBB8C4AC66F0:java.util.concurrent.CompletableFuture@5396a703[Not completed]
2019-08-24 12:31:18,786 [grpc-default-executor-1] INFO  impl.RaftServerProxy (RaftServerProxy.java:addNew(89)) - 17f030ae-ee23-426a-8582-b4ad86ad4f17: addNew group-FBB8C4AC66F0:[17f030ae-ee23-426a-8582-b4ad86ad4f17:192.168.5.162:33388, 88f5d524-5740-4152-9f72-5ab01038e1c0:192.168.5.162:46716, 8844de9a-3709-4b0d-8a3d-d5bdd69031e8:192.168.5.162:32897] returns group-FBB8C4AC66F0:java.util.concurrent.CompletableFuture@393678e0[Not completed]
2019-08-24 12:31:18,786 [grpc-default-executor-0] INFO  impl.RaftServerProxy (RaftServerProxy.java:addNew(89)) - 8844de9a-3709-4b0d-8a3d-d5bdd69031e8: addNew group-FBB8C4AC66F0:[17f030ae-ee23-426a-8582-b4ad86ad4f17:192.168.5.162:33388, 88f5d524-5740-4152-9f72-5ab01038e1c0:192.168.5.162:46716, 8844de9a-3709-4b0d-8a3d-d5bdd69031e8:192.168.5.162:32897] returns group-FBB8C4AC66F0:java.util.concurrent.CompletableFuture@15d24228[Not completed]
2019-08-24 12:31:18,787 [pool-314-thread-1] INFO  impl.RaftServerImpl (RaftServerImpl.java:<init>(93)) - 88f5d524-5740-4152-9f72-5ab01038e1c0: new RaftServerImpl for group-FBB8C4AC66F0:[17f030ae-ee23-426a-8582-b4ad86ad4f17:192.168.5.162:33388, 88f5d524-5740-4152-9f72-5ab01038e1c0:192.168.5.162:46716, 8844de9a-3709-4b0d-8a3d-d5bdd69031e8:192.168.5.162:32897] with ContainerStateMachine:uninitialized
2019-08-24 12:31:18,788 [pool-314-thread-1] INFO  server.RaftServerConfigKeys (ConfUtils.java:logGet(43)) - raft.server.rpc.timeout.min = 5s (custom)
2019-08-24 12:31:18,788 [pool-314-thread-1] INFO  server.RaftServerConfigKeys (ConfUtils.java:logGet(43)) - raft.server.rpc.timeout.max = 5200ms (custom)
2019-08-24 12:31:18,788 [pool-314-thread-1] INFO  server.RaftServerConfigKeys (ConfUtils.java:logGet(43)) - raft.server.rpcslowness.timeout = 120s (custom)
2019-08-24 12:31:18,788 [pool-314-thread-1] INFO  server.RaftServerConfigKeys (ConfUtils.java:logGet(43)) - raft.server.sleep.deviation.threshold = 300 (default)
2019-08-24 12:31:18,788 [pool-292-thread-1] INFO  impl.RaftServerImpl (RaftServerImpl.java:<init>(93)) - 17f030ae-ee23-426a-8582-b4ad86ad4f17: new RaftServerImpl for group-FBB8C4AC66F0:[17f030ae-ee23-426a-8582-b4ad86ad4f17:192.168.5.162:33388, 88f5d524-5740-4152-9f72-5ab01038e1c0:192.168.5.162:46716, 8844de9a-3709-4b0d-8a3d-d5bdd69031e8:192.168.5.162:32897] with ContainerStateMachine:uninitialized
2019-08-24 12:31:18,788 [pool-314-thread-1] INFO  server.RaftServerConfigKeys (ConfUtils.java:logGet(43)) - raft.server.log.appender.install.snapshot.enabled = false (custom)
2019-08-24 12:31:18,789 [pool-292-thread-1] INFO  server.RaftServerConfigKeys (ConfUtils.java:logGet(43)) - raft.server.rpc.timeout.min = 5s (custom)
2019-08-24 12:31:18,789 [pool-314-thread-1] INFO  impl.RaftServerImpl (ServerState.java:<init>(105)) - 88f5d524-5740-4152-9f72-5ab01038e1c0:group-FBB8C4AC66F0 ConfigurationManager, init=-1: [17f030ae-ee23-426a-8582-b4ad86ad4f17:192.168.5.162:33388, 88f5d524-5740-4152-9f72-5ab01038e1c0:192.168.5.162:46716, 8844de9a-3709-4b0d-8a3d-d5bdd69031e8:192.168.5.162:32897], old=null, confs=<EMPTY_MAP>
2019-08-24 12:31:18,789 [pool-292-thread-1] INFO  server.RaftServerConfigKeys (ConfUtils.java:logGet(43)) - raft.server.rpc.timeout.max = 5200ms (custom)
2019-08-24 12:31:18,789 [pool-314-thread-1] INFO  server.RaftServerConfigKeys (ConfUtils.java:logGet(43)) - raft.server.storage.dir = [/workdir/hadoop-ozone/ozonefs/target/test-dir/MiniOzoneClusterImpl-28159c0e-2992-430e-bf13-357306152ddf/datanode-2/data/ratis] (custom)
2019-08-24 12:31:18,789 [pool-303-thread-1] INFO  impl.RaftServerImpl (RaftServerImpl.java:<init>(93)) - 8844de9a-3709-4b0d-8a3d-d5bdd69031e8: new RaftServerImpl for group-FBB8C4AC66F0:[17f030ae-ee23-426a-8582-b4ad86ad4f17:192.168.5.162:33388, 88f5d524-5740-4152-9f72-5ab01038e1c0:192.168.5.162:46716, 8844de9a-3709-4b0d-8a3d-d5bdd69031e8:192.168.5.162:32897] with ContainerStateMachine:uninitialized
2019-08-24 12:31:18,789 [pool-292-thread-1] INFO  server.RaftServerConfigKeys (ConfUtils.java:logGet(43)) - raft.server.rpcslowness.timeout = 120s (custom)
2019-08-24 12:31:18,790 [pool-303-thread-1] INFO  server.RaftServerConfigKeys (ConfUtils.java:logGet(43)) - raft.server.rpc.timeout.min = 5s (custom)
2019-08-24 12:31:18,790 [pool-314-thread-1] INFO  storage.RaftStorageDirectory (RaftStorageDirectory.java:analyzeStorage(246)) - The storage directory /workdir/hadoop-ozone/ozonefs/target/test-dir/MiniOzoneClusterImpl-28159c0e-2992-430e-bf13-357306152ddf/datanode-2/data/ratis/fe79ec0d-03ef-4cb6-b1e6-fbb8c4ac66f0 does not exist. Creating ...
2019-08-24 12:31:18,790 [pool-292-thread-1] INFO  server.RaftServerConfigKeys (ConfUtils.java:logGet(43)) - raft.server.sleep.deviation.threshold = 300 (default)
2019-08-24 12:31:18,790 [pool-303-thread-1] INFO  server.RaftServerConfigKeys (ConfUtils.java:logGet(43)) - raft.server.rpc.timeout.max = 5200ms (custom)
2019-08-24 12:31:18,790 [pool-292-thread-1] INFO  server.RaftServerConfigKeys (ConfUtils.java:logGet(43)) - raft.server.log.appender.install.snapshot.enabled = false (custom)
2019-08-24 12:31:18,790 [pool-303-thread-1] INFO  server.RaftServerConfigKeys (ConfUtils.java:logGet(43)) - raft.server.rpcslowness.timeout = 120s (custom)
2019-08-24 12:31:18,790 [pool-292-thread-1] INFO  impl.RaftServerImpl (ServerState.java:<init>(105)) - 17f030ae-ee23-426a-8582-b4ad86ad4f17:group-FBB8C4AC66F0 ConfigurationManager, init=-1: [17f030ae-ee23-426a-8582-b4ad86ad4f17:192.168.5.162:33388, 88f5d524-5740-4152-9f72-5ab01038e1c0:192.168.5.162:46716, 8844de9a-3709-4b0d-8a3d-d5bdd69031e8:192.168.5.162:32897], old=null, confs=<EMPTY_MAP>
2019-08-24 12:31:18,791 [pool-303-thread-1] INFO  server.RaftServerConfigKeys (ConfUtils.java:logGet(43)) - raft.server.sleep.deviation.threshold = 300 (default)
2019-08-24 12:31:18,791 [pool-292-thread-1] INFO  server.RaftServerConfigKeys (ConfUtils.java:logGet(43)) - raft.server.storage.dir = [/workdir/hadoop-ozone/ozonefs/target/test-dir/MiniOzoneClusterImpl-28159c0e-2992-430e-bf13-357306152ddf/datanode-0/data/ratis] (custom)
2019-08-24 12:31:18,791 [pool-303-thread-1] INFO  server.RaftServerConfigKeys (ConfUtils.java:logGet(43)) - raft.server.log.appender.install.snapshot.enabled = false (custom)
2019-08-24 12:31:18,791 [pool-303-thread-1] INFO  impl.RaftServerImpl (ServerState.java:<init>(105)) - 8844de9a-3709-4b0d-8a3d-d5bdd69031e8:group-FBB8C4AC66F0 ConfigurationManager, init=-1: [17f030ae-ee23-426a-8582-b4ad86ad4f17:192.168.5.162:33388, 88f5d524-5740-4152-9f72-5ab01038e1c0:192.168.5.162:46716, 8844de9a-3709-4b0d-8a3d-d5bdd69031e8:192.168.5.162:32897], old=null, confs=<EMPTY_MAP>
2019-08-24 12:31:18,791 [pool-292-thread-1] INFO  storage.RaftStorageDirectory (RaftStorageDirectory.java:analyzeStorage(246)) - The storage directory /workdir/hadoop-ozone/ozonefs/target/test-dir/MiniOzoneClusterImpl-28159c0e-2992-430e-bf13-357306152ddf/datanode-0/data/ratis/fe79ec0d-03ef-4cb6-b1e6-fbb8c4ac66f0 does not exist. Creating ...
2019-08-24 12:31:18,791 [pool-303-thread-1] INFO  server.RaftServerConfigKeys (ConfUtils.java:logGet(43)) - raft.server.storage.dir = [/workdir/hadoop-ozone/ozonefs/target/test-dir/MiniOzoneClusterImpl-28159c0e-2992-430e-bf13-357306152ddf/datanode-1/data/ratis] (custom)
2019-08-24 12:31:18,792 [pool-303-thread-1] INFO  storage.RaftStorageDirectory (RaftStorageDirectory.java:analyzeStorage(246)) - The storage directory /workdir/hadoop-ozone/ozonefs/target/test-dir/MiniOzoneClusterImpl-28159c0e-2992-430e-bf13-357306152ddf/datanode-1/data/ratis/fe79ec0d-03ef-4cb6-b1e6-fbb8c4ac66f0 does not exist. Creating ...
2019-08-24 12:31:18,815 [pool-292-thread-1] INFO  storage.RaftStorageDirectory (RaftStorageDirectory.java:tryLock(328)) - Lock on /workdir/hadoop-ozone/ozonefs/target/test-dir/MiniOzoneClusterImpl-28159c0e-2992-430e-bf13-357306152ddf/datanode-0/data/ratis/fe79ec0d-03ef-4cb6-b1e6-fbb8c4ac66f0/in_use.lock acquired by nodename 29876@dev-check-20190824-g8v5p-1270076377
2019-08-24 12:31:18,816 [pool-314-thread-1] INFO  storage.RaftStorageDirectory (RaftStorageDirectory.java:tryLock(328)) - Lock on /workdir/hadoop-ozone/ozonefs/target/test-dir/MiniOzoneClusterImpl-28159c0e-2992-430e-bf13-357306152ddf/datanode-2/data/ratis/fe79ec0d-03ef-4cb6-b1e6-fbb8c4ac66f0/in_use.lock acquired by nodename 29876@dev-check-20190824-g8v5p-1270076377
2019-08-24 12:31:18,816 [pool-303-thread-1] INFO  storage.RaftStorageDirectory (RaftStorageDirectory.java:tryLock(328)) - Lock on /workdir/hadoop-ozone/ozonefs/target/test-dir/MiniOzoneClusterImpl-28159c0e-2992-430e-bf13-357306152ddf/datanode-1/data/ratis/fe79ec0d-03ef-4cb6-b1e6-fbb8c4ac66f0/in_use.lock acquired by nodename 29876@dev-check-20190824-g8v5p-1270076377
2019-08-24 12:31:18,832 [pool-303-thread-1] INFO  storage.RaftStorage (RaftStorage.java:format(72)) - Storage directory /workdir/hadoop-ozone/ozonefs/target/test-dir/MiniOzoneClusterImpl-28159c0e-2992-430e-bf13-357306152ddf/datanode-1/data/ratis/fe79ec0d-03ef-4cb6-b1e6-fbb8c4ac66f0 has been successfully formatted.
2019-08-24 12:31:18,832 [pool-314-thread-1] INFO  storage.RaftStorage (RaftStorage.java:format(72)) - Storage directory /workdir/hadoop-ozone/ozonefs/target/test-dir/MiniOzoneClusterImpl-28159c0e-2992-430e-bf13-357306152ddf/datanode-2/data/ratis/fe79ec0d-03ef-4cb6-b1e6-fbb8c4ac66f0 has been successfully formatted.
2019-08-24 12:31:18,832 [pool-292-thread-1] INFO  storage.RaftStorage (RaftStorage.java:format(72)) - Storage directory /workdir/hadoop-ozone/ozonefs/target/test-dir/MiniOzoneClusterImpl-28159c0e-2992-430e-bf13-357306152ddf/datanode-0/data/ratis/fe79ec0d-03ef-4cb6-b1e6-fbb8c4ac66f0 has been successfully formatted.
2019-08-24 12:31:18,833 [pool-314-thread-1] INFO  ratis.ContainerStateMachine (ContainerStateMachine.java:loadSnapshot(226)) - group-FBB8C4AC66F0: The snapshot info is null. Setting the last applied indexto:(t:0, i:~)
2019-08-24 12:31:18,833 [pool-292-thread-1] INFO  ratis.ContainerStateMachine (ContainerStateMachine.java:loadSnapshot(226)) - group-FBB8C4AC66F0: The snapshot info is null. Setting the last applied indexto:(t:0, i:~)
2019-08-24 12:31:18,833 [pool-303-thread-1] INFO  ratis.ContainerStateMachine (ContainerStateMachine.java:loadSnapshot(226)) - group-FBB8C4AC66F0: The snapshot info is null. Setting the last applied indexto:(t:0, i:~)
2019-08-24 12:31:18,833 [pool-292-thread-1] INFO  server.RaftServerConfigKeys (ConfUtils.java:logGet(43)) - raft.server.leader.election.timeout = 120s (custom)
2019-08-24 12:31:18,833 [pool-314-thread-1] INFO  server.RaftServerConfigKeys (ConfUtils.java:logGet(43)) - raft.server.leader.election.timeout = 120s (custom)
2019-08-24 12:31:18,834 [pool-292-thread-1] INFO  server.RaftServerConfigKeys (ConfUtils.java:logGet(43)) - raft.server.log.use.memory = false (default)
2019-08-24 12:31:18,834 [pool-303-thread-1] INFO  server.RaftServerConfigKeys (ConfUtils.java:logGet(43)) - raft.server.leader.election.timeout = 120s (custom)
2019-08-24 12:31:18,834 [pool-292-thread-1] INFO  server.RaftServerConfigKeys (ConfUtils.java:logGet(43)) - raft.server.log.purge.gap = 1000000 (custom)
2019-08-24 12:31:18,834 [pool-314-thread-1] INFO  server.RaftServerConfigKeys (ConfUtils.java:logGet(43)) - raft.server.log.use.memory = false (default)
2019-08-24 12:31:18,835 [pool-292-thread-1] INFO  server.RaftServerConfigKeys (ConfUtils.java:logGet(43)) - raft.server.log.appender.buffer.byte-limit = 33554432 (custom)
2019-08-24 12:31:18,834 [pool-303-thread-1] INFO  server.RaftServerConfigKeys (ConfUtils.java:logGet(43)) - raft.server.log.use.memory = false (default)
2019-08-24 12:31:18,835 [pool-292-thread-1] INFO  server.RaftServerConfigKeys (ConfUtils.java:logGet(43)) - raft.server.log.segment.size.max = 1048576 (custom)
2019-08-24 12:31:18,835 [pool-314-thread-1] INFO  server.RaftServerConfigKeys (ConfUtils.java:logGet(43)) - raft.server.log.purge.gap = 1000000 (custom)
2019-08-24 12:31:18,835 [pool-292-thread-1] INFO  server.RaftServerConfigKeys (ConfUtils.java:logGet(43)) - raft.server.log.segment.cache.num.max = 2 (custom)
2019-08-24 12:31:18,835 [pool-303-thread-1] INFO  server.RaftServerConfigKeys (ConfUtils.java:logGet(43)) - raft.server.log.purge.gap = 1000000 (custom)
2019-08-24 12:31:18,836 [pool-292-thread-1] INFO  segmented.SegmentedRaftLogWorker (SegmentedRaftLogWorker.java:<init>(172)) - new 17f030ae-ee23-426a-8582-b4ad86ad4f17-SegmentedRaftLogWorker:Storage Directory /workdir/hadoop-ozone/ozonefs/target/test-dir/MiniOzoneClusterImpl-28159c0e-2992-430e-bf13-357306152ddf/datanode-0/data/ratis/fe79ec0d-03ef-4cb6-b1e6-fbb8c4ac66f0 for RaftStorage:Storage Directory /workdir/hadoop-ozone/ozonefs/target/test-dir/MiniOzoneClusterImpl-28159c0e-2992-430e-bf13-357306152ddf/datanode-0/data/ratis/fe79ec0d-03ef-4cb6-b1e6-fbb8c4ac66f0
2019-08-24 12:31:18,836 [pool-314-thread-1] INFO  server.RaftServerConfigKeys (ConfUtils.java:logGet(43)) - raft.server.log.appender.buffer.byte-limit = 33554432 (custom)
2019-08-24 12:31:18,836 [pool-292-thread-1] INFO  server.RaftServerConfigKeys (ConfUtils.java:logGet(43)) - raft.server.log.queue.byte-limit = 2147483647 (custom)
2019-08-24 12:31:18,836 [pool-303-thread-1] INFO  server.RaftServerConfigKeys (ConfUtils.java:logGet(43)) - raft.server.log.appender.buffer.byte-limit = 33554432 (custom)
2019-08-24 12:31:18,837 [pool-292-thread-1] INFO  server.RaftServerConfigKeys (ConfUtils.java:logGet(43)) - raft.server.log.queue.element-limit = 1024 (custom)
2019-08-24 12:31:18,837 [pool-314-thread-1] INFO  server.RaftServerConfigKeys (ConfUtils.java:logGet(43)) - raft.server.log.segment.size.max = 1048576 (custom)
2019-08-24 12:31:18,837 [pool-292-thread-1] INFO  server.RaftServerConfigKeys (ConfUtils.java:logGet(43)) - raft.server.log.segment.size.max = 1048576 (custom)
2019-08-24 12:31:18,837 [pool-303-thread-1] INFO  server.RaftServerConfigKeys (ConfUtils.java:logGet(43)) - raft.server.log.segment.size.max = 1048576 (custom)
2019-08-24 12:31:18,838 [pool-292-thread-1] INFO  server.RaftServerConfigKeys (ConfUtils.java:logGet(43)) - raft.server.log.preallocated.size = 16384 (custom)
2019-08-24 12:31:18,837 [pool-314-thread-1] INFO  server.RaftServerConfigKeys (ConfUtils.java:logGet(43)) - raft.server.log.segment.cache.num.max = 2 (custom)
2019-08-24 12:31:18,838 [pool-292-thread-1] INFO  server.RaftServerConfigKeys (ConfUtils.java:logGet(43)) - raft.server.log.write.buffer.size = 33554432 (custom)
2019-08-24 12:31:18,838 [pool-303-thread-1] INFO  server.RaftServerConfigKeys (ConfUtils.java:logGet(43)) - raft.server.log.segment.cache.num.max = 2 (custom)
2019-08-24 12:31:18,838 [pool-292-thread-1] INFO  server.RaftServerConfigKeys (ConfUtils.java:logGet(43)) - raft.server.log.force.sync.num = 128 (default)
2019-08-24 12:31:18,838 [pool-314-thread-1] INFO  segmented.SegmentedRaftLogWorker (SegmentedRaftLogWorker.java:<init>(172)) - new 88f5d524-5740-4152-9f72-5ab01038e1c0-SegmentedRaftLogWorker:Storage Directory /workdir/hadoop-ozone/ozonefs/target/test-dir/MiniOzoneClusterImpl-28159c0e-2992-430e-bf13-357306152ddf/datanode-2/data/ratis/fe79ec0d-03ef-4cb6-b1e6-fbb8c4ac66f0 for RaftStorage:Storage Directory /workdir/hadoop-ozone/ozonefs/target/test-dir/MiniOzoneClusterImpl-28159c0e-2992-430e-bf13-357306152ddf/datanode-2/data/ratis/fe79ec0d-03ef-4cb6-b1e6-fbb8c4ac66f0
2019-08-24 12:31:18,839 [pool-292-thread-1] INFO  server.RaftServerConfigKeys (ConfUtils.java:logGet(43)) - raft.server.log.statemachine.data.sync = true (default)
2019-08-24 12:31:18,839 [pool-303-thread-1] INFO  segmented.SegmentedRaftLogWorker (SegmentedRaftLogWorker.java:<init>(172)) - new 8844de9a-3709-4b0d-8a3d-d5bdd69031e8-SegmentedRaftLogWorker:Storage Directory /workdir/hadoop-ozone/ozonefs/target/test-dir/MiniOzoneClusterImpl-28159c0e-2992-430e-bf13-357306152ddf/datanode-1/data/ratis/fe79ec0d-03ef-4cb6-b1e6-fbb8c4ac66f0 for RaftStorage:Storage Directory /workdir/hadoop-ozone/ozonefs/target/test-dir/MiniOzoneClusterImpl-28159c0e-2992-430e-bf13-357306152ddf/datanode-1/data/ratis/fe79ec0d-03ef-4cb6-b1e6-fbb8c4ac66f0
2019-08-24 12:31:18,839 [pool-292-thread-1] INFO  server.RaftServerConfigKeys (ConfUtils.java:logGet(43)) - raft.server.log.statemachine.data.sync.timeout = 10s (default)
2019-08-24 12:31:18,839 [pool-314-thread-1] INFO  server.RaftServerConfigKeys (ConfUtils.java:logGet(43)) - raft.server.log.queue.byte-limit = 2147483647 (custom)
2019-08-24 12:31:18,840 [pool-292-thread-1] INFO  server.RaftServerConfigKeys (ConfUtils.java:logGet(43)) - raft.server.log.statemachine.data.sync.timeout.retry = -1 (default)
2019-08-24 12:31:18,839 [pool-303-thread-1] INFO  server.RaftServerConfigKeys (ConfUtils.java:logGet(43)) - raft.server.log.queue.byte-limit = 2147483647 (custom)
2019-08-24 12:31:18,840 [pool-292-thread-1] INFO  server.RaftServerConfigKeys (ConfUtils.java:logGet(43)) - raft.server.log.statemachine.data.caching.enabled = true (custom)
2019-08-24 12:31:18,840 [pool-314-thread-1] INFO  server.RaftServerConfigKeys (ConfUtils.java:logGet(43)) - raft.server.log.queue.element-limit = 1024 (custom)
2019-08-24 12:31:18,840 [pool-303-thread-1] INFO  server.RaftServerConfigKeys (ConfUtils.java:logGet(43)) - raft.server.log.queue.element-limit = 1024 (custom)
2019-08-24 12:31:18,841 [pool-292-thread-1] INFO  segmented.SegmentedRaftLogWorker (SegmentedRaftLogWorker.java:lambda$new$0(132)) - 17f030ae-ee23-426a-8582-b4ad86ad4f17-SegmentedRaftLogWorker:Storage Directory /workdir/hadoop-ozone/ozonefs/target/test-dir/MiniOzoneClusterImpl-28159c0e-2992-430e-bf13-357306152ddf/datanode-0/data/ratis/fe79ec0d-03ef-4cb6-b1e6-fbb8c4ac66f0: flushIndex: setUnconditionally 0 -> -1
2019-08-24 12:31:18,841 [pool-314-thread-1] INFO  server.RaftServerConfigKeys (ConfUtils.java:logGet(43)) - raft.server.log.segment.size.max = 1048576 (custom)
2019-08-24 12:31:18,841 [pool-303-thread-1] INFO  server.RaftServerConfigKeys (ConfUtils.java:logGet(43)) - raft.server.log.segment.size.max = 1048576 (custom)
2019-08-24 12:31:18,841 [pool-314-thread-1] INFO  server.RaftServerConfigKeys (ConfUtils.java:logGet(43)) - raft.server.log.preallocated.size = 16384 (custom)
2019-08-24 12:31:18,841 [pool-303-thread-1] INFO  server.RaftServerConfigKeys (ConfUtils.java:logGet(43)) - raft.server.log.preallocated.size = 16384 (custom)
2019-08-24 12:31:18,841 [pool-292-thread-1] INFO  server.RaftServerConfigKeys (ConfUtils.java:logGet(43)) - raft.server.snapshot.auto.trigger.enabled = true (custom)
2019-08-24 12:31:18,842 [pool-303-thread-1] INFO  server.RaftServerConfigKeys (ConfUtils.java:logGet(43)) - raft.server.log.write.buffer.size = 33554432 (custom)
2019-08-24 12:31:18,842 [pool-314-thread-1] INFO  server.RaftServerConfigKeys (ConfUtils.java:logGet(43)) - raft.server.log.write.buffer.size = 33554432 (custom)
2019-08-24 12:31:18,842 [pool-303-thread-1] INFO  server.RaftServerConfigKeys (ConfUtils.java:logGet(43)) - raft.server.log.force.sync.num = 128 (default)
2019-08-24 12:31:18,842 [pool-292-thread-1] INFO  server.RaftServerConfigKeys (ConfUtils.java:logGet(43)) - raft.server.snapshot.auto.trigger.threshold = 10000 (custom)
2019-08-24 12:31:18,843 [pool-303-thread-1] INFO  server.RaftServerConfigKeys (ConfUtils.java:logGet(43)) - raft.server.log.statemachine.data.sync = true (default)
2019-08-24 12:31:18,842 [pool-314-thread-1] INFO  server.RaftServerConfigKeys (ConfUtils.java:logGet(43)) - raft.server.log.force.sync.num = 128 (default)
2019-08-24 12:31:18,843 [pool-303-thread-1] INFO  server.RaftServerConfigKeys (ConfUtils.java:logGet(43)) - raft.server.log.statemachine.data.sync.timeout = 10s (default)
2019-08-24 12:31:18,843 [pool-292-thread-1] INFO  server.RaftServerConfigKeys (ConfUtils.java:logGet(43)) - raft.server.retrycache.expirytime = 600000ms (custom)
2019-08-24 12:31:18,843 [pool-303-thread-1] INFO  server.RaftServerConfigKeys (ConfUtils.java:logGet(43)) - raft.server.log.statemachine.data.sync.timeout.retry = -1 (default)
2019-08-24 12:31:18,844 [pool-292-thread-1] INFO  impl.RaftServerImpl (RaftServerImpl.java:start(180)) - 17f030ae-ee23-426a-8582-b4ad86ad4f17: start group-FBB8C4AC66F0
2019-08-24 12:31:18,843 [pool-314-thread-1] INFO  server.RaftServerConfigKeys (ConfUtils.java:logGet(43)) - raft.server.log.statemachine.data.sync = true (default)
2019-08-24 12:31:18,844 [pool-292-thread-1] INFO  impl.RaftServerImpl (RaftServerImpl.java:setRole(171)) - 17f030ae-ee23-426a-8582-b4ad86ad4f17:group-FBB8C4AC66F0 changes role from null to FOLLOWER at term 0 for startAsFollower
2019-08-24 12:31:18,844 [pool-303-thread-1] INFO  server.RaftServerConfigKeys (ConfUtils.java:logGet(43)) - raft.server.log.statemachine.data.caching.enabled = true (custom)
2019-08-24 12:31:18,844 [pool-292-thread-1] INFO  impl.RoleInfo (RoleInfo.java:updateAndGet(143)) - 17f030ae-ee23-426a-8582-b4ad86ad4f17: start FollowerState
2019-08-24 12:31:18,844 [pool-314-thread-1] INFO  server.RaftServerConfigKeys (ConfUtils.java:logGet(43)) - raft.server.log.statemachine.data.sync.timeout = 10s (default)
2019-08-24 12:31:18,845 [pool-303-thread-1] INFO  segmented.SegmentedRaftLogWorker (SegmentedRaftLogWorker.java:lambda$new$0(132)) - 8844de9a-3709-4b0d-8a3d-d5bdd69031e8-SegmentedRaftLogWorker:Storage Directory /workdir/hadoop-ozone/ozonefs/target/test-dir/MiniOzoneClusterImpl-28159c0e-2992-430e-bf13-357306152ddf/datanode-1/data/ratis/fe79ec0d-03ef-4cb6-b1e6-fbb8c4ac66f0: flushIndex: setUnconditionally 0 -> -1
2019-08-24 12:31:18,845 [pool-314-thread-1] INFO  server.RaftServerConfigKeys (ConfUtils.java:logGet(43)) - raft.server.log.statemachine.data.sync.timeout.retry = -1 (default)
2019-08-24 12:31:18,845 [pool-292-thread-1] INFO  util.JmxRegister (JmxRegister.java:tryRegister(44)) - Successfully registered JMX Bean with object name Ratis:service=RaftServer,group=group-FBB8C4AC66F0,id=17f030ae-ee23-426a-8582-b4ad86ad4f17
2019-08-24 12:31:18,845 [pool-314-thread-1] INFO  server.RaftServerConfigKeys (ConfUtils.java:logGet(43)) - raft.server.log.statemachine.data.caching.enabled = true (custom)
2019-08-24 12:31:18,845 [pool-303-thread-1] INFO  server.RaftServerConfigKeys (ConfUtils.java:logGet(43)) - raft.server.snapshot.auto.trigger.enabled = true (custom)
2019-08-24 12:31:18,846 [pool-314-thread-1] INFO  segmented.SegmentedRaftLogWorker (SegmentedRaftLogWorker.java:lambda$new$0(132)) - 88f5d524-5740-4152-9f72-5ab01038e1c0-SegmentedRaftLogWorker:Storage Directory /workdir/hadoop-ozone/ozonefs/target/test-dir/MiniOzoneClusterImpl-28159c0e-2992-430e-bf13-357306152ddf/datanode-2/data/ratis/fe79ec0d-03ef-4cb6-b1e6-fbb8c4ac66f0: flushIndex: setUnconditionally 0 -> -1
2019-08-24 12:31:18,846 [pool-303-thread-1] INFO  server.RaftServerConfigKeys (ConfUtils.java:logGet(43)) - raft.server.snapshot.auto.trigger.threshold = 10000 (custom)
2019-08-24 12:31:18,846 [pool-314-thread-1] INFO  server.RaftServerConfigKeys (ConfUtils.java:logGet(43)) - raft.server.snapshot.auto.trigger.enabled = true (custom)
2019-08-24 12:31:18,846 [pool-303-thread-1] INFO  server.RaftServerConfigKeys (ConfUtils.java:logGet(43)) - raft.server.retrycache.expirytime = 600000ms (custom)
2019-08-24 12:31:18,846 [pool-314-thread-1] INFO  server.RaftServerConfigKeys (ConfUtils.java:logGet(43)) - raft.server.snapshot.auto.trigger.threshold = 10000 (custom)
2019-08-24 12:31:18,847 [pool-303-thread-1] INFO  impl.RaftServerImpl (RaftServerImpl.java:start(180)) - 8844de9a-3709-4b0d-8a3d-d5bdd69031e8: start group-FBB8C4AC66F0
2019-08-24 12:31:18,847 [pool-314-thread-1] INFO  server.RaftServerConfigKeys (ConfUtils.java:logGet(43)) - raft.server.retrycache.expirytime = 600000ms (custom)
2019-08-24 12:31:18,847 [pool-303-thread-1] INFO  impl.RaftServerImpl (RaftServerImpl.java:setRole(171)) - 8844de9a-3709-4b0d-8a3d-d5bdd69031e8:group-FBB8C4AC66F0 changes role from null to FOLLOWER at term 0 for startAsFollower
2019-08-24 12:31:18,847 [pool-314-thread-1] INFO  impl.RaftServerImpl (RaftServerImpl.java:start(180)) - 88f5d524-5740-4152-9f72-5ab01038e1c0: start group-FBB8C4AC66F0
2019-08-24 12:31:18,847 [pool-303-thread-1] INFO  impl.RoleInfo (RoleInfo.java:updateAndGet(143)) - 8844de9a-3709-4b0d-8a3d-d5bdd69031e8: start FollowerState
2019-08-24 12:31:18,847 [pool-314-thread-1] INFO  impl.RaftServerImpl (RaftServerImpl.java:setRole(171)) - 88f5d524-5740-4152-9f72-5ab01038e1c0:group-FBB8C4AC66F0 changes role from null to FOLLOWER at term 0 for startAsFollower
2019-08-24 12:31:18,852 [pool-314-thread-1] INFO  impl.RoleInfo (RoleInfo.java:updateAndGet(143)) - 88f5d524-5740-4152-9f72-5ab01038e1c0: start FollowerState
2019-08-24 12:31:18,852 [pool-303-thread-1] INFO  util.JmxRegister (JmxRegister.java:tryRegister(44)) - Successfully registered JMX Bean with object name Ratis:service=RaftServer,group=group-FBB8C4AC66F0,id=8844de9a-3709-4b0d-8a3d-d5bdd69031e8
2019-08-24 12:31:18,853 [pool-314-thread-1] INFO  util.JmxRegister (JmxRegister.java:tryRegister(44)) - Successfully registered JMX Bean with object name Ratis:service=RaftServer,group=group-FBB8C4AC66F0,id=88f5d524-5740-4152-9f72-5ab01038e1c0
2019-08-24 12:31:18,863 [RatisPipelineUtilsThread] INFO  pipeline.PipelineStateManager (PipelineStateManager.java:addPipeline(56)) - Created pipeline Pipeline[ Id: fe79ec0d-03ef-4cb6-b1e6-fbb8c4ac66f0, Nodes: 17f030ae-ee23-426a-8582-b4ad86ad4f17{ip: 192.168.5.162, host: dev-check-20190824-g8v5p-1270076377, networkLocation: /default-rack, certSerialId: null}8844de9a-3709-4b0d-8a3d-d5bdd69031e8{ip: 192.168.5.162, host: dev-check-20190824-g8v5p-1270076377, networkLocation: /default-rack, certSerialId: null}88f5d524-5740-4152-9f72-5ab01038e1c0{ip: 192.168.5.162, host: dev-check-20190824-g8v5p-1270076377, networkLocation: /default-rack, certSerialId: null}, Type:RATIS, Factor:THREE, State:OPEN]
2019-08-24 12:31:19,719 [Thread-1084] INFO  ozone.MiniOzoneClusterImpl (MiniOzoneClusterImpl.java:lambda$waitForClusterToBeReady$0(140)) - Cluster is ready. Got 3 of 3 DN Heartbeats.
2019-08-24 12:31:19,764 [Thread-1084] INFO  rpc.RpcClient (RpcClient.java:createVolume(293)) - Creating Volume: volume25940, with user73189 as owner.
2019-08-24 12:31:19,768 | INFO  | OMAudit | user=jenkins1000 | ip=127.0.0.1 | op=CREATE_VOLUME {admin=admin72172, owner=user73189, volume=volume25940, creationTime=1566649879767, quotaInBytes=1152921504606846976} | ret=SUCCESS |  
2019-08-24 12:31:19,777 | INFO  | OMAudit | user=jenkins1000 | ip=127.0.0.1 | op=READ_VOLUME {volume=volume25940} | ret=SUCCESS |  
2019-08-24 12:31:19,779 [Thread-1084] INFO  rpc.RpcClient (RpcClient.java:createBucket(432)) - Creating Bucket: volume25940/bucket57990, with Versioning false and Storage Type set to DISK and Encryption set to false 
2019-08-24 12:31:19,783 | INFO  | OMAudit | user=jenkins1000 | ip=127.0.0.1 | op=CREATE_BUCKET {volume=volume25940, bucket=bucket57990, acls=[user:jenkins1000:a[ACCESS], group:default:a[ACCESS]], isVersionEnabled=false, storageType=DISK, creationTime=0} | ret=SUCCESS |  
2019-08-24 12:31:19,785 | INFO  | OMAudit | user=jenkins1000 | ip=127.0.0.1 | op=READ_BUCKET {volume=volume25940, bucket=bucket57990} | ret=SUCCESS |  
2019-08-24 12:31:19,796 | INFO  | OMAudit | user=jenkins1000 | ip=127.0.0.1 | op=READ_VOLUME {volume=volume25940} | ret=SUCCESS |  
2019-08-24 12:31:19,798 | INFO  | OMAudit | user=jenkins1000 | ip=127.0.0.1 | op=READ_BUCKET {volume=volume25940, bucket=bucket57990} | ret=SUCCESS |  
2019-08-24 12:31:19,829 | INFO  | SCMAudit | user=jenkins1000 | ip=192.168.5.162 | op=ALLOCATE_BLOCK {owner=999acf83-6b07-48ca-ac56-bcc7f140610d, size=4194304, type=RATIS, factor=THREE} | ret=SUCCESS |  
2019-08-24 12:31:19,831 | INFO  | OMAudit | user=jenkins1000 | ip=127.0.0.1 | op=CREATE_FILE {volume=volume25940, bucket=bucket57990, key=testDeleteCreatesFakeParentDir/parent/child, dataSize=0, replicationType=RATIS, replicationFactor=THREE, keyLocationInfo=null} | ret=SUCCESS |  
2019-08-24 12:31:19,835 | INFO  | OMAudit | user=jenkins1000 | ip=127.0.0.1 | op=COMMIT_KEY {volume=volume25940, bucket=bucket57990, key=testDeleteCreatesFakeParentDir/parent/child, dataSize=0, replicationType=null, replicationFactor=null, keyLocationInfo=[], clientID=102671966524211212} | ret=SUCCESS |  
2019-08-24 12:31:19,841 [Thread-1084] INFO  ozone.MiniOzoneClusterImpl (MiniOzoneClusterImpl.java:shutdown(307)) - Shutting down the Mini Ozone Cluster
2019-08-24 12:31:19,842 | INFO  | SCMAudit | user=null | ip=null | op=GET_SCM_INFO null | ret=SUCCESS |  
2019-08-24 12:31:19,842 [Thread-1084] INFO  ozone.MiniOzoneClusterImpl (MiniOzoneClusterImpl.java:stop(322)) - Stopping the Mini Ozone Cluster
2019-08-24 12:31:19,842 [Thread-1084] INFO  ozone.MiniOzoneClusterImpl (MiniOzoneClusterImpl.java:stop(324)) - Stopping the OzoneManager
2019-08-24 12:31:19,842 [Thread-1084] INFO  ipc.Server (Server.java:stop(3082)) - Stopping server on 37691
2019-08-24 12:31:19,846 [Thread-1084] INFO  ratis.OzoneManagerDoubleBuffer (OzoneManagerDoubleBuffer.java:stop(248)) - Stopping OMDoubleBuffer flush thread
2019-08-24 12:31:19,846 [IPC Server listener on 37691] INFO  ipc.Server (Server.java:run(1185)) - Stopping IPC Server listener on 37691
2019-08-24 12:31:19,847 [IPC Server Responder] INFO  ipc.Server (Server.java:run(1319)) - Stopping IPC Server Responder
2019-08-24 12:31:19,848 [OMDoubleBufferFlushThread] INFO  ratis.OzoneManagerDoubleBuffer (OzoneManagerDoubleBuffer.java:flushTransactions(191)) - OMDoubleBuffer flush thread OMDoubleBufferFlushThread is interrupted and will exit. OMDoubleBufferFlushThread
2019-08-24 12:31:19,850 [Thread-1084] INFO  utils.BackgroundService (BackgroundService.java:shutdown(148)) - Shutting down service KeyDeletingService
2019-08-24 12:31:19,851 [Thread-1084] INFO  handler.ContextHandler (ContextHandler.java:doStop(910)) - Stopped o.e.j.w.WebAppContext@b53cf09{/,null,UNAVAILABLE}{/ozoneManager}
2019-08-24 12:31:19,852 [Thread-1084] INFO  server.AbstractConnector (AbstractConnector.java:doStop(318)) - Stopped ServerConnector@723d574f{HTTP/1.1,[http/1.1]}{0.0.0.0:0}
2019-08-24 12:31:19,852 [Thread-1084] INFO  handler.ContextHandler (ContextHandler.java:doStop(910)) - Stopped o.e.j.s.ServletContextHandler@2ade1ea9{/static,jar:file:/home/user/.m2/repository/org/apache/hadoop/hadoop-ozone-ozone-manager/0.5.0-SNAPSHOT/hadoop-ozone-ozone-manager-0.5.0-SNAPSHOT.jar!/webapps/static,UNAVAILABLE}
2019-08-24 12:31:19,852 [Thread-1084] INFO  handler.ContextHandler (ContextHandler.java:doStop(910)) - Stopped o.e.j.s.ServletContextHandler@2f082050{/logs,file:///workdir/hadoop-ozone/ozonefs/target/log,UNAVAILABLE}
2019-08-24 12:31:19,855 [Thread-1084] INFO  ozone.MiniOzoneClusterImpl (MiniOzoneClusterImpl.java:stop(330)) - Shutting the HddsDatanodes
2019-08-24 12:31:20,578 [Datanode State Machine Thread - 0] INFO  statemachine.DatanodeStateMachine (DatanodeStateMachine.java:lambda$startDaemon$0(350)) - Ozone container server started.
2019-08-24 12:31:20,650 [Datanode State Machine Thread - 0] INFO  statemachine.DatanodeStateMachine (DatanodeStateMachine.java:lambda$startDaemon$0(350)) - Ozone container server started.
2019-08-24 12:31:20,721 | INFO  | SCMAudit | user=jenkins1000 | ip=192.168.5.162 | op=SEND_HEARTBEAT {datanodeUUID=88f5d524-5740-4152-9f72-5ab01038e1c0, command=[]} | ret=SUCCESS |  
2019-08-24 12:31:21,590 [Thread-1256] INFO  container.ReplicationManager (ReplicationManager.java:start(152)) - Starting Replication Monitor Thread.
2019-08-24 12:31:21,593 [ReplicationMonitor] INFO  container.ReplicationManager (ReplicationManager.java:run(215)) - Replication Monitor Thread took 0 milliseconds for processing 1 containers.
2019-08-24 12:31:21,721 | INFO  | SCMAudit | user=jenkins1000 | ip=192.168.5.162 | op=SEND_HEARTBEAT {datanodeUUID=88f5d524-5740-4152-9f72-5ab01038e1c0, command=[]} | ret=SUCCESS |  
2019-08-24 12:31:22,722 | INFO  | SCMAudit | user=jenkins1000 | ip=192.168.5.162 | op=SEND_HEARTBEAT {datanodeUUID=88f5d524-5740-4152-9f72-5ab01038e1c0, command=[]} | ret=SUCCESS |  
2019-08-24 12:31:23,699 [Thread-1258] INFO  impl.FollowerState (FollowerState.java:run(106)) - 17f030ae-ee23-426a-8582-b4ad86ad4f17:group-6FEE44E1FF5D changes to CANDIDATE, lastRpcTime:5054, electionTimeout:5054ms
2019-08-24 12:31:23,699 [Thread-1258] INFO  impl.RoleInfo (RoleInfo.java:shutdownFollowerState(121)) - 17f030ae-ee23-426a-8582-b4ad86ad4f17: shutdown FollowerState
2019-08-24 12:31:23,699 [Thread-1258] INFO  impl.RaftServerImpl (RaftServerImpl.java:setRole(171)) - 17f030ae-ee23-426a-8582-b4ad86ad4f17:group-6FEE44E1FF5D changes role from FOLLOWER to CANDIDATE at term 0 for changeToCandidate
2019-08-24 12:31:23,699 [Thread-1258] INFO  impl.RoleInfo (RoleInfo.java:updateAndGet(143)) - 17f030ae-ee23-426a-8582-b4ad86ad4f17: start LeaderElection
2019-08-24 12:31:23,718 [17f030ae-ee23-426a-8582-b4ad86ad4f17:group-6FEE44E1FF5D:LeaderElection30] INFO  impl.LeaderElection (LeaderElection.java:askForVotes(181)) - 17f030ae-ee23-426a-8582-b4ad86ad4f17:group-6FEE44E1FF5D:LeaderElection30: begin an election at term 1 for -1: [17f030ae-ee23-426a-8582-b4ad86ad4f17:192.168.5.162:33388], old=null
2019-08-24 12:31:23,718 [17f030ae-ee23-426a-8582-b4ad86ad4f17:group-6FEE44E1FF5D:LeaderElection30] INFO  impl.RoleInfo (RoleInfo.java:shutdownLeaderElection(134)) - 17f030ae-ee23-426a-8582-b4ad86ad4f17: shutdown LeaderElection
2019-08-24 12:31:23,718 [17f030ae-ee23-426a-8582-b4ad86ad4f17:group-6FEE44E1FF5D:LeaderElection30] INFO  impl.RaftServerImpl (RaftServerImpl.java:setRole(171)) - 17f030ae-ee23-426a-8582-b4ad86ad4f17:group-6FEE44E1FF5D changes role from CANDIDATE to LEADER at term 1 for changeToLeader
2019-08-24 12:31:23,718 [17f030ae-ee23-426a-8582-b4ad86ad4f17:group-6FEE44E1FF5D:LeaderElection30] INFO  impl.RaftServerImpl (ServerState.java:setLeader(263)) - 17f030ae-ee23-426a-8582-b4ad86ad4f17:group-6FEE44E1FF5D change Leader from null to 17f030ae-ee23-426a-8582-b4ad86ad4f17 at term 1 for becomeLeader, leader elected after 5079ms
2019-08-24 12:31:23,718 [17f030ae-ee23-426a-8582-b4ad86ad4f17:group-6FEE44E1FF5D:LeaderElection30] INFO  server.RaftServerConfigKeys (ConfUtils.java:logGet(43)) - raft.server.staging.catchup.gap = 1000 (default)
2019-08-24 12:31:23,719 [17f030ae-ee23-426a-8582-b4ad86ad4f17:group-6FEE44E1FF5D:LeaderElection30] INFO  server.RaftServerConfigKeys (ConfUtils.java:logGet(43)) - raft.server.rpc.sleep.time = 25ms (default)
2019-08-24 12:31:23,719 [17f030ae-ee23-426a-8582-b4ad86ad4f17:group-6FEE44E1FF5D:LeaderElection30] INFO  server.RaftServerConfigKeys (ConfUtils.java:logGet(43)) - raft.server.write.element-limit = 4096 (default)
2019-08-24 12:31:23,719 [17f030ae-ee23-426a-8582-b4ad86ad4f17:group-6FEE44E1FF5D:LeaderElection30] INFO  server.RaftServerConfigKeys (ConfUtils.java:logGet(43)) - raft.server.watch.timeout = 10s (default)
2019-08-24 12:31:23,719 [17f030ae-ee23-426a-8582-b4ad86ad4f17:group-6FEE44E1FF5D:LeaderElection30] INFO  server.RaftServerConfigKeys (ConfUtils.java:logGet(43)) - raft.server.watch.timeout.denomination = 1s (default)
2019-08-24 12:31:23,719 [17f030ae-ee23-426a-8582-b4ad86ad4f17:group-6FEE44E1FF5D:LeaderElection30] INFO  server.RaftServerConfigKeys (ConfUtils.java:logGet(43)) - raft.server.watch.element-limit = 65536 (default)
2019-08-24 12:31:23,720 [17f030ae-ee23-426a-8582-b4ad86ad4f17:group-6FEE44E1FF5D:LeaderElection30] INFO  impl.RoleInfo (RoleInfo.java:updateAndGet(143)) - 17f030ae-ee23-426a-8582-b4ad86ad4f17: start LeaderState
2019-08-24 12:31:23,720 [17f030ae-ee23-426a-8582-b4ad86ad4f17:group-6FEE44E1FF5D:LeaderElection30] INFO  segmented.SegmentedRaftLogWorker (SegmentedRaftLogWorker.java:startLogSegment(380)) - 17f030ae-ee23-426a-8582-b4ad86ad4f17-SegmentedRaftLogWorker:Storage Directory /workdir/hadoop-ozone/ozonefs/target/test-dir/MiniOzoneClusterImpl-28159c0e-2992-430e-bf13-357306152ddf/datanode-0/data/ratis/4f855215-f0c0-49c7-8014-6fee44e1ff5d: Starting segment from index:0
2019-08-24 12:31:23,721 [17f030ae-ee23-426a-8582-b4ad86ad4f17:group-6FEE44E1FF5D:LeaderElection30] INFO  impl.RaftServerImpl (ServerState.java:setRaftConf(361)) - 17f030ae-ee23-426a-8582-b4ad86ad4f17:group-6FEE44E1FF5D set configuration 0: [17f030ae-ee23-426a-8582-b4ad86ad4f17:192.168.5.162:33388], old=null at 0
2019-08-24 12:31:23,722 | INFO  | SCMAudit | user=jenkins1000 | ip=192.168.5.162 | op=SEND_HEARTBEAT {datanodeUUID=88f5d524-5740-4152-9f72-5ab01038e1c0, command=[]} | ret=SUCCESS |  
2019-08-24 12:31:23,758 [17f030ae-ee23-426a-8582-b4ad86ad4f17-SegmentedRaftLogWorker:Storage Directory /workdir/hadoop-ozone/ozonefs/target/test-dir/MiniOzoneClusterImpl-28159c0e-2992-430e-bf13-357306152ddf/datanode-0/data/ratis/4f855215-f0c0-49c7-8014-6fee44e1ff5d] INFO  segmented.SegmentedRaftLogWorker (SegmentedRaftLogWorker.java:execute(569)) - 17f030ae-ee23-426a-8582-b4ad86ad4f17-SegmentedRaftLogWorker:Storage Directory /workdir/hadoop-ozone/ozonefs/target/test-dir/MiniOzoneClusterImpl-28159c0e-2992-430e-bf13-357306152ddf/datanode-0/data/ratis/4f855215-f0c0-49c7-8014-6fee44e1ff5d: created new log segment /workdir/hadoop-ozone/ozonefs/target/test-dir/MiniOzoneClusterImpl-28159c0e-2992-430e-bf13-357306152ddf/datanode-0/data/ratis/4f855215-f0c0-49c7-8014-6fee44e1ff5d/current/log_inprogress_0
2019-08-24 12:31:23,777 [Thread-1264] INFO  impl.FollowerState (FollowerState.java:run(106)) - 88f5d524-5740-4152-9f72-5ab01038e1c0:group-B33CC519E87B changes to CANDIDATE, lastRpcTime:5013, electionTimeout:5013ms
2019-08-24 12:31:23,777 [Thread-1264] INFO  impl.RoleInfo (RoleInfo.java:shutdownFollowerState(121)) - 88f5d524-5740-4152-9f72-5ab01038e1c0: shutdown FollowerState
2019-08-24 12:31:23,777 [Thread-1264] INFO  impl.RaftServerImpl (RaftServerImpl.java:setRole(171)) - 88f5d524-5740-4152-9f72-5ab01038e1c0:group-B33CC519E87B changes role from FOLLOWER to CANDIDATE at term 0 for changeToCandidate
2019-08-24 12:31:23,777 [Thread-1264] INFO  impl.RoleInfo (RoleInfo.java:updateAndGet(143)) - 88f5d524-5740-4152-9f72-5ab01038e1c0: start LeaderElection
2019-08-24 12:31:23,782 [Thread-1261] INFO  impl.FollowerState (FollowerState.java:run(106)) - 8844de9a-3709-4b0d-8a3d-d5bdd69031e8:group-25E416AF439C changes to CANDIDATE, lastRpcTime:5076, electionTimeout:5076ms
2019-08-24 12:31:23,782 [Thread-1261] INFO  impl.RoleInfo (RoleInfo.java:shutdownFollowerState(121)) - 8844de9a-3709-4b0d-8a3d-d5bdd69031e8: shutdown FollowerState
2019-08-24 12:31:23,782 [Thread-1261] INFO  impl.RaftServerImpl (RaftServerImpl.java:setRole(171)) - 8844de9a-3709-4b0d-8a3d-d5bdd69031e8:group-25E416AF439C changes role from FOLLOWER to CANDIDATE at term 0 for changeToCandidate
2019-08-24 12:31:23,783 [Thread-1261] INFO  impl.RoleInfo (RoleInfo.java:updateAndGet(143)) - 8844de9a-3709-4b0d-8a3d-d5bdd69031e8: start LeaderElection
2019-08-24 12:31:23,795 [88f5d524-5740-4152-9f72-5ab01038e1c0:group-B33CC519E87B:LeaderElection31] INFO  impl.LeaderElection (LeaderElection.java:askForVotes(181)) - 88f5d524-5740-4152-9f72-5ab01038e1c0:group-B33CC519E87B:LeaderElection31: begin an election at term 1 for -1: [88f5d524-5740-4152-9f72-5ab01038e1c0:192.168.5.162:46716], old=null
2019-08-24 12:31:23,795 [8844de9a-3709-4b0d-8a3d-d5bdd69031e8:group-25E416AF439C:LeaderElection32] INFO  impl.LeaderElection (LeaderElection.java:askForVotes(181)) - 8844de9a-3709-4b0d-8a3d-d5bdd69031e8:group-25E416AF439C:LeaderElection32: begin an election at term 1 for -1: [8844de9a-3709-4b0d-8a3d-d5bdd69031e8:192.168.5.162:32897], old=null
2019-08-24 12:31:23,795 [88f5d524-5740-4152-9f72-5ab01038e1c0:group-B33CC519E87B:LeaderElection31] INFO  impl.RoleInfo (RoleInfo.java:shutdownLeaderElection(134)) - 88f5d524-5740-4152-9f72-5ab01038e1c0: shutdown LeaderElection
2019-08-24 12:31:23,795 [8844de9a-3709-4b0d-8a3d-d5bdd69031e8:group-25E416AF439C:LeaderElection32] INFO  impl.RoleInfo (RoleInfo.java:shutdownLeaderElection(134)) - 8844de9a-3709-4b0d-8a3d-d5bdd69031e8: shutdown LeaderElection
2019-08-24 12:31:23,795 [88f5d524-5740-4152-9f72-5ab01038e1c0:group-B33CC519E87B:LeaderElection31] INFO  impl.RaftServerImpl (RaftServerImpl.java:setRole(171)) - 88f5d524-5740-4152-9f72-5ab01038e1c0:group-B33CC519E87B changes role from CANDIDATE to LEADER at term 1 for changeToLeader
2019-08-24 12:31:23,795 [8844de9a-3709-4b0d-8a3d-d5bdd69031e8:group-25E416AF439C:LeaderElection32] INFO  impl.RaftServerImpl (RaftServerImpl.java:setRole(171)) - 8844de9a-3709-4b0d-8a3d-d5bdd69031e8:group-25E416AF439C changes role from CANDIDATE to LEADER at term 1 for changeToLeader
2019-08-24 12:31:23,795 [88f5d524-5740-4152-9f72-5ab01038e1c0:group-B33CC519E87B:LeaderElection31] INFO  impl.RaftServerImpl (ServerState.java:setLeader(263)) - 88f5d524-5740-4152-9f72-5ab01038e1c0:group-B33CC519E87B change Leader from null to 88f5d524-5740-4152-9f72-5ab01038e1c0 at term 1 for becomeLeader, leader elected after 5035ms
2019-08-24 12:31:23,795 [8844de9a-3709-4b0d-8a3d-d5bdd69031e8:group-25E416AF439C:LeaderElection32] INFO  impl.RaftServerImpl (ServerState.java:setLeader(263)) - 8844de9a-3709-4b0d-8a3d-d5bdd69031e8:group-25E416AF439C change Leader from null to 8844de9a-3709-4b0d-8a3d-d5bdd69031e8 at term 1 for becomeLeader, leader elected after 5094ms
2019-08-24 12:31:23,796 [88f5d524-5740-4152-9f72-5ab01038e1c0:group-B33CC519E87B:LeaderElection31] INFO  server.RaftServerConfigKeys (ConfUtils.java:logGet(43)) - raft.server.staging.catchup.gap = 1000 (default)
2019-08-24 12:31:23,796 [8844de9a-3709-4b0d-8a3d-d5bdd69031e8:group-25E416AF439C:LeaderElection32] INFO  server.RaftServerConfigKeys (ConfUtils.java:logGet(43)) - raft.server.staging.catchup.gap = 1000 (default)
2019-08-24 12:31:23,796 [88f5d524-5740-4152-9f72-5ab01038e1c0:group-B33CC519E87B:LeaderElection31] INFO  server.RaftServerConfigKeys (ConfUtils.java:logGet(43)) - raft.server.rpc.sleep.time = 25ms (default)
2019-08-24 12:31:23,796 [8844de9a-3709-4b0d-8a3d-d5bdd69031e8:group-25E416AF439C:LeaderElection32] INFO  server.RaftServerConfigKeys (ConfUtils.java:logGet(43)) - raft.server.rpc.sleep.time = 25ms (default)
2019-08-24 12:31:23,796 [88f5d524-5740-4152-9f72-5ab01038e1c0:group-B33CC519E87B:LeaderElection31] INFO  server.RaftServerConfigKeys (ConfUtils.java:logGet(43)) - raft.server.write.element-limit = 4096 (default)
2019-08-24 12:31:23,796 [8844de9a-3709-4b0d-8a3d-d5bdd69031e8:group-25E416AF439C:LeaderElection32] INFO  server.RaftServerConfigKeys (ConfUtils.java:logGet(43)) - raft.server.write.element-limit = 4096 (default)
2019-08-24 12:31:23,796 [88f5d524-5740-4152-9f72-5ab01038e1c0:group-B33CC519E87B:LeaderElection31] INFO  server.RaftServerConfigKeys (ConfUtils.java:logGet(43)) - raft.server.watch.timeout = 10s (default)
2019-08-24 12:31:23,796 [8844de9a-3709-4b0d-8a3d-d5bdd69031e8:group-25E416AF439C:LeaderElection32] INFO  server.RaftServerConfigKeys (ConfUtils.java:logGet(43)) - raft.server.watch.timeout = 10s (default)
2019-08-24 12:31:23,797 [88f5d524-5740-4152-9f72-5ab01038e1c0:group-B33CC519E87B:LeaderElection31] INFO  server.RaftServerConfigKeys (ConfUtils.java:logGet(43)) - raft.server.watch.timeout.denomination = 1s (default)
2019-08-24 12:31:23,797 [8844de9a-3709-4b0d-8a3d-d5bdd69031e8:group-25E416AF439C:LeaderElection32] INFO  server.RaftServerConfigKeys (ConfUtils.java:logGet(43)) - raft.server.watch.timeout.denomination = 1s (default)
2019-08-24 12:31:23,797 [88f5d524-5740-4152-9f72-5ab01038e1c0:group-B33CC519E87B:LeaderElection31] INFO  server.RaftServerConfigKeys (ConfUtils.java:logGet(43)) - raft.server.watch.element-limit = 65536 (default)
2019-08-24 12:31:23,797 [8844de9a-3709-4b0d-8a3d-d5bdd69031e8:group-25E416AF439C:LeaderElection32] INFO  server.RaftServerConfigKeys (ConfUtils.java:logGet(43)) - raft.server.watch.element-limit = 65536 (default)
2019-08-24 12:31:23,797 [88f5d524-5740-4152-9f72-5ab01038e1c0:group-B33CC519E87B:LeaderElection31] INFO  impl.RoleInfo (RoleInfo.java:updateAndGet(143)) - 88f5d524-5740-4152-9f72-5ab01038e1c0: start LeaderState
2019-08-24 12:31:23,797 [8844de9a-3709-4b0d-8a3d-d5bdd69031e8:group-25E416AF439C:LeaderElection32] INFO  impl.RoleInfo (RoleInfo.java:updateAndGet(143)) - 8844de9a-3709-4b0d-8a3d-d5bdd69031e8: start LeaderState
2019-08-24 12:31:23,797 [88f5d524-5740-4152-9f72-5ab01038e1c0:group-B33CC519E87B:LeaderElection31] INFO  segmented.SegmentedRaftLogWorker (SegmentedRaftLogWorker.java:startLogSegment(380)) - 88f5d524-5740-4152-9f72-5ab01038e1c0-SegmentedRaftLogWorker:Storage Directory /workdir/hadoop-ozone/ozonefs/target/test-dir/MiniOzoneClusterImpl-28159c0e-2992-430e-bf13-357306152ddf/datanode-2/data/ratis/8e20d649-ba87-4a9f-9cfc-b33cc519e87b: Starting segment from index:0
2019-08-24 12:31:23,797 [8844de9a-3709-4b0d-8a3d-d5bdd69031e8:group-25E416AF439C:LeaderElection32] INFO  segmented.SegmentedRaftLogWorker (SegmentedRaftLogWorker.java:startLogSegment(380)) - 8844de9a-3709-4b0d-8a3d-d5bdd69031e8-SegmentedRaftLogWorker:Storage Directory /workdir/hadoop-ozone/ozonefs/target/test-dir/MiniOzoneClusterImpl-28159c0e-2992-430e-bf13-357306152ddf/datanode-1/data/ratis/58217d95-2469-46a6-a673-25e416af439c: Starting segment from index:0
2019-08-24 12:31:23,798 [88f5d524-5740-4152-9f72-5ab01038e1c0:group-B33CC519E87B:LeaderElection31] INFO  impl.RaftServerImpl (ServerState.java:setRaftConf(361)) - 88f5d524-5740-4152-9f72-5ab01038e1c0:group-B33CC519E87B set configuration 0: [88f5d524-5740-4152-9f72-5ab01038e1c0:192.168.5.162:46716], old=null at 0
2019-08-24 12:31:23,798 [8844de9a-3709-4b0d-8a3d-d5bdd69031e8:group-25E416AF439C:LeaderElection32] INFO  impl.RaftServerImpl (ServerState.java:setRaftConf(361)) - 8844de9a-3709-4b0d-8a3d-d5bdd69031e8:group-25E416AF439C set configuration 0: [8844de9a-3709-4b0d-8a3d-d5bdd69031e8:192.168.5.162:32897], old=null at 0
2019-08-24 12:31:23,851 [8844de9a-3709-4b0d-8a3d-d5bdd69031e8-SegmentedRaftLogWorker:Storage Directory /workdir/hadoop-ozone/ozonefs/target/test-dir/MiniOzoneClusterImpl-28159c0e-2992-430e-bf13-357306152ddf/datanode-1/data/ratis/58217d95-2469-46a6-a673-25e416af439c] INFO  segmented.SegmentedRaftLogWorker (SegmentedRaftLogWorker.java:execute(569)) - 8844de9a-3709-4b0d-8a3d-d5bdd69031e8-SegmentedRaftLogWorker:Storage Directory /workdir/hadoop-ozone/ozonefs/target/test-dir/MiniOzoneClusterImpl-28159c0e-2992-430e-bf13-357306152ddf/datanode-1/data/ratis/58217d95-2469-46a6-a673-25e416af439c: created new log segment /workdir/hadoop-ozone/ozonefs/target/test-dir/MiniOzoneClusterImpl-28159c0e-2992-430e-bf13-357306152ddf/datanode-1/data/ratis/58217d95-2469-46a6-a673-25e416af439c/current/log_inprogress_0
2019-08-24 12:31:23,851 [88f5d524-5740-4152-9f72-5ab01038e1c0-SegmentedRaftLogWorker:Storage Directory /workdir/hadoop-ozone/ozonefs/target/test-dir/MiniOzoneClusterImpl-28159c0e-2992-430e-bf13-357306152ddf/datanode-2/data/ratis/8e20d649-ba87-4a9f-9cfc-b33cc519e87b] INFO  segmented.SegmentedRaftLogWorker (SegmentedRaftLogWorker.java:execute(569)) - 88f5d524-5740-4152-9f72-5ab01038e1c0-SegmentedRaftLogWorker:Storage Directory /workdir/hadoop-ozone/ozonefs/target/test-dir/MiniOzoneClusterImpl-28159c0e-2992-430e-bf13-357306152ddf/datanode-2/data/ratis/8e20d649-ba87-4a9f-9cfc-b33cc519e87b: created new log segment /workdir/hadoop-ozone/ozonefs/target/test-dir/MiniOzoneClusterImpl-28159c0e-2992-430e-bf13-357306152ddf/datanode-2/data/ratis/8e20d649-ba87-4a9f-9cfc-b33cc519e87b/current/log_inprogress_0
2019-08-24 12:31:23,906 [Thread-1271] INFO  impl.FollowerState (FollowerState.java:run(106)) - 8844de9a-3709-4b0d-8a3d-d5bdd69031e8:group-FBB8C4AC66F0 changes to CANDIDATE, lastRpcTime:5058, electionTimeout:5054ms
2019-08-24 12:31:23,906 [Thread-1271] INFO  impl.RoleInfo (RoleInfo.java:shutdownFollowerState(121)) - 8844de9a-3709-4b0d-8a3d-d5bdd69031e8: shutdown FollowerState
2019-08-24 12:31:23,906 [Thread-1271] INFO  impl.RaftServerImpl (RaftServerImpl.java:setRole(171)) - 8844de9a-3709-4b0d-8a3d-d5bdd69031e8:group-FBB8C4AC66F0 changes role from FOLLOWER to CANDIDATE at term 0 for changeToCandidate
2019-08-24 12:31:23,907 [Thread-1271] INFO  impl.RoleInfo (RoleInfo.java:updateAndGet(143)) - 8844de9a-3709-4b0d-8a3d-d5bdd69031e8: start LeaderElection
2019-08-24 12:31:23,919 [Thread-1267] INFO  impl.FollowerState (FollowerState.java:run(106)) - 17f030ae-ee23-426a-8582-b4ad86ad4f17:group-FBB8C4AC66F0 changes to CANDIDATE, lastRpcTime:5074, electionTimeout:5074ms
2019-08-24 12:31:23,919 [Thread-1267] INFO  impl.RoleInfo (RoleInfo.java:shutdownFollowerState(121)) - 17f030ae-ee23-426a-8582-b4ad86ad4f17: shutdown FollowerState
2019-08-24 12:31:23,919 [Thread-1267] INFO  impl.RaftServerImpl (RaftServerImpl.java:setRole(171)) - 17f030ae-ee23-426a-8582-b4ad86ad4f17:group-FBB8C4AC66F0 changes role from FOLLOWER to CANDIDATE at term 0 for changeToCandidate
2019-08-24 12:31:23,919 [Thread-1267] INFO  impl.RoleInfo (RoleInfo.java:updateAndGet(143)) - 17f030ae-ee23-426a-8582-b4ad86ad4f17: start LeaderElection
2019-08-24 12:31:23,924 [8844de9a-3709-4b0d-8a3d-d5bdd69031e8:group-FBB8C4AC66F0:LeaderElection33] INFO  impl.LeaderElection (LeaderElection.java:askForVotes(181)) - 8844de9a-3709-4b0d-8a3d-d5bdd69031e8:group-FBB8C4AC66F0:LeaderElection33: begin an election at term 1 for -1: [17f030ae-ee23-426a-8582-b4ad86ad4f17:192.168.5.162:33388, 88f5d524-5740-4152-9f72-5ab01038e1c0:192.168.5.162:46716, 8844de9a-3709-4b0d-8a3d-d5bdd69031e8:192.168.5.162:32897], old=null
2019-08-24 12:31:23,928 [17f030ae-ee23-426a-8582-b4ad86ad4f17:group-FBB8C4AC66F0:LeaderElection34] INFO  impl.LeaderElection (LeaderElection.java:askForVotes(181)) - 17f030ae-ee23-426a-8582-b4ad86ad4f17:group-FBB8C4AC66F0:LeaderElection34: begin an election at term 1 for -1: [17f030ae-ee23-426a-8582-b4ad86ad4f17:192.168.5.162:33388, 88f5d524-5740-4152-9f72-5ab01038e1c0:192.168.5.162:46716, 8844de9a-3709-4b0d-8a3d-d5bdd69031e8:192.168.5.162:32897], old=null
2019-08-24 12:31:23,942 [grpc-default-executor-1] INFO  impl.RaftServerImpl (RaftServerImpl.java:setRole(171)) - 88f5d524-5740-4152-9f72-5ab01038e1c0:group-FBB8C4AC66F0 changes role from FOLLOWER to FOLLOWER at term 1 for recognizeCandidate:8844de9a-3709-4b0d-8a3d-d5bdd69031e8
2019-08-24 12:31:23,943 [grpc-default-executor-1] INFO  impl.RoleInfo (RoleInfo.java:shutdownFollowerState(121)) - 88f5d524-5740-4152-9f72-5ab01038e1c0: shutdown FollowerState
2019-08-24 12:31:23,945 [grpc-default-executor-1] INFO  impl.RoleInfo (RoleInfo.java:updateAndGet(143)) - 88f5d524-5740-4152-9f72-5ab01038e1c0: start FollowerState
2019-08-24 12:31:23,946 [Thread-1272] INFO  impl.FollowerState (FollowerState.java:run(114)) - 88f5d524-5740-4152-9f72-5ab01038e1c0: FollowerState was interrupted: java.lang.InterruptedException: sleep interrupted
2019-08-24 12:31:23,969 [8844de9a-3709-4b0d-8a3d-d5bdd69031e8:group-FBB8C4AC66F0:LeaderElection33] INFO  impl.LeaderElection (LeaderElection.java:logAndReturn(56)) - 8844de9a-3709-4b0d-8a3d-d5bdd69031e8:group-FBB8C4AC66F0:LeaderElection33: Election PASSED; received 2 response(s) [8844de9a-3709-4b0d-8a3d-d5bdd69031e8<-17f030ae-ee23-426a-8582-b4ad86ad4f17#0:FAIL-t1, 8844de9a-3709-4b0d-8a3d-d5bdd69031e8<-88f5d524-5740-4152-9f72-5ab01038e1c0#0:OK-t1] and 0 exception(s); 8844de9a-3709-4b0d-8a3d-d5bdd69031e8:t1, leader=null, voted=8844de9a-3709-4b0d-8a3d-d5bdd69031e8, raftlog=8844de9a-3709-4b0d-8a3d-d5bdd69031e8-SegmentedRaftLog:OPENED:c-1,f-1,i0, conf=-1: [17f030ae-ee23-426a-8582-b4ad86ad4f17:192.168.5.162:33388, 88f5d524-5740-4152-9f72-5ab01038e1c0:192.168.5.162:46716, 8844de9a-3709-4b0d-8a3d-d5bdd69031e8:192.168.5.162:32897], old=null
2019-08-24 12:31:23,969 [8844de9a-3709-4b0d-8a3d-d5bdd69031e8:group-FBB8C4AC66F0:LeaderElection33] INFO  impl.RoleInfo (RoleInfo.java:shutdownLeaderElection(134)) - 8844de9a-3709-4b0d-8a3d-d5bdd69031e8: shutdown LeaderElection
2019-08-24 12:31:23,970 [8844de9a-3709-4b0d-8a3d-d5bdd69031e8:group-FBB8C4AC66F0:LeaderElection33] INFO  impl.RaftServerImpl (RaftServerImpl.java:setRole(171)) - 8844de9a-3709-4b0d-8a3d-d5bdd69031e8:group-FBB8C4AC66F0 changes role from CANDIDATE to LEADER at term 1 for changeToLeader
2019-08-24 12:31:23,970 [8844de9a-3709-4b0d-8a3d-d5bdd69031e8:group-FBB8C4AC66F0:LeaderElection33] INFO  impl.RaftServerImpl (ServerState.java:setLeader(263)) - 8844de9a-3709-4b0d-8a3d-d5bdd69031e8:group-FBB8C4AC66F0 change Leader from null to 8844de9a-3709-4b0d-8a3d-d5bdd69031e8 at term 1 for becomeLeader, leader elected after 5136ms
2019-08-24 12:31:23,970 [17f030ae-ee23-426a-8582-b4ad86ad4f17:group-FBB8C4AC66F0:LeaderElection34] INFO  impl.LeaderElection (LeaderElection.java:logAndReturn(56)) - 17f030ae-ee23-426a-8582-b4ad86ad4f17:group-FBB8C4AC66F0:LeaderElection34: Election REJECTED; received 2 response(s) [17f030ae-ee23-426a-8582-b4ad86ad4f17<-88f5d524-5740-4152-9f72-5ab01038e1c0#0:FAIL-t1, 17f030ae-ee23-426a-8582-b4ad86ad4f17<-8844de9a-3709-4b0d-8a3d-d5bdd69031e8#0:FAIL-t1] and 0 exception(s); 17f030ae-ee23-426a-8582-b4ad86ad4f17:t1, leader=null, voted=17f030ae-ee23-426a-8582-b4ad86ad4f17, raftlog=17f030ae-ee23-426a-8582-b4ad86ad4f17-SegmentedRaftLog:OPENED:c-1,f-1,i0, conf=-1: [17f030ae-ee23-426a-8582-b4ad86ad4f17:192.168.5.162:33388, 88f5d524-5740-4152-9f72-5ab01038e1c0:192.168.5.162:46716, 8844de9a-3709-4b0d-8a3d-d5bdd69031e8:192.168.5.162:32897], old=null
2019-08-24 12:31:23,970 [8844de9a-3709-4b0d-8a3d-d5bdd69031e8:group-FBB8C4AC66F0:LeaderElection33] INFO  server.RaftServerConfigKeys (ConfUtils.java:logGet(43)) - raft.server.staging.catchup.gap = 1000 (default)
2019-08-24 12:31:23,970 [17f030ae-ee23-426a-8582-b4ad86ad4f17:group-FBB8C4AC66F0:LeaderElection34] INFO  impl.RaftServerImpl (RaftServerImpl.java:setRole(171)) - 17f030ae-ee23-426a-8582-b4ad86ad4f17:group-FBB8C4AC66F0 changes role from CANDIDATE to FOLLOWER at term 1 for DISCOVERED_A_NEW_TERM
2019-08-24 12:31:23,970 [8844de9a-3709-4b0d-8a3d-d5bdd69031e8:group-FBB8C4AC66F0:LeaderElection33] INFO  server.RaftServerConfigKeys (ConfUtils.java:logGet(43)) - raft.server.rpc.sleep.time = 25ms (default)
2019-08-24 12:31:23,970 [17f030ae-ee23-426a-8582-b4ad86ad4f17:group-FBB8C4AC66F0:LeaderElection34] INFO  impl.RoleInfo (RoleInfo.java:shutdownLeaderElection(134)) - 17f030ae-ee23-426a-8582-b4ad86ad4f17: shutdown LeaderElection
2019-08-24 12:31:23,970 [8844de9a-3709-4b0d-8a3d-d5bdd69031e8:group-FBB8C4AC66F0:LeaderElection33] INFO  server.RaftServerConfigKeys (ConfUtils.java:logGet(43)) - raft.server.write.element-limit = 4096 (default)
2019-08-24 12:31:23,971 [17f030ae-ee23-426a-8582-b4ad86ad4f17:group-FBB8C4AC66F0:LeaderElection34] INFO  impl.RoleInfo (RoleInfo.java:updateAndGet(143)) - 17f030ae-ee23-426a-8582-b4ad86ad4f17: start FollowerState
2019-08-24 12:31:23,971 [8844de9a-3709-4b0d-8a3d-d5bdd69031e8:group-FBB8C4AC66F0:LeaderElection33] INFO  server.RaftServerConfigKeys (ConfUtils.java:logGet(43)) - raft.server.watch.timeout = 10s (default)
2019-08-24 12:31:23,971 [8844de9a-3709-4b0d-8a3d-d5bdd69031e8:group-FBB8C4AC66F0:LeaderElection33] INFO  server.RaftServerConfigKeys (ConfUtils.java:logGet(43)) - raft.server.watch.timeout.denomination = 1s (default)
2019-08-24 12:31:23,971 [8844de9a-3709-4b0d-8a3d-d5bdd69031e8:group-FBB8C4AC66F0:LeaderElection33] INFO  server.RaftServerConfigKeys (ConfUtils.java:logGet(43)) - raft.server.watch.element-limit = 65536 (default)
2019-08-24 12:31:23,971 [8844de9a-3709-4b0d-8a3d-d5bdd69031e8:group-FBB8C4AC66F0:LeaderElection33] INFO  server.RaftServerConfigKeys (ConfUtils.java:logGet(43)) - raft.server.log.appender.snapshot.chunk.size.max = 16MB (=16777216) (default)
2019-08-24 12:31:23,972 [8844de9a-3709-4b0d-8a3d-d5bdd69031e8:group-FBB8C4AC66F0:LeaderElection33] INFO  server.RaftServerConfigKeys (ConfUtils.java:logGet(43)) - raft.server.log.appender.buffer.byte-limit = 33554432 (custom)
2019-08-24 12:31:23,972 [8844de9a-3709-4b0d-8a3d-d5bdd69031e8:group-FBB8C4AC66F0:LeaderElection33] INFO  server.RaftServerConfigKeys (ConfUtils.java:logGet(43)) - raft.server.log.appender.buffer.element-limit = 1 (custom)
2019-08-24 12:31:23,972 [8844de9a-3709-4b0d-8a3d-d5bdd69031e8:group-FBB8C4AC66F0:LeaderElection33] INFO  grpc.GrpcConfigKeys$Server (ConfUtils.java:logGet(43)) - raft.grpc.server.leader.outstanding.appends.max = 128 (default)
2019-08-24 12:31:23,972 [8844de9a-3709-4b0d-8a3d-d5bdd69031e8:group-FBB8C4AC66F0:LeaderElection33] INFO  server.RaftServerConfigKeys (ConfUtils.java:logGet(43)) - raft.server.rpc.request.timeout = 3000ms (default)
2019-08-24 12:31:23,972 [8844de9a-3709-4b0d-8a3d-d5bdd69031e8:group-FBB8C4AC66F0:LeaderElection33] INFO  server.RaftServerConfigKeys (ConfUtils.java:logGet(43)) - raft.server.log.appender.install.snapshot.enabled = false (custom)
2019-08-24 12:31:23,973 [8844de9a-3709-4b0d-8a3d-d5bdd69031e8:group-FBB8C4AC66F0:LeaderElection33] INFO  server.RaftServerConfigKeys (ConfUtils.java:logGet(43)) - raft.server.log.appender.snapshot.chunk.size.max = 16MB (=16777216) (default)
2019-08-24 12:31:23,973 [8844de9a-3709-4b0d-8a3d-d5bdd69031e8:group-FBB8C4AC66F0:LeaderElection33] INFO  server.RaftServerConfigKeys (ConfUtils.java:logGet(43)) - raft.server.log.appender.buffer.byte-limit = 33554432 (custom)
2019-08-24 12:31:23,973 [8844de9a-3709-4b0d-8a3d-d5bdd69031e8:group-FBB8C4AC66F0:LeaderElection33] INFO  server.RaftServerConfigKeys (ConfUtils.java:logGet(43)) - raft.server.log.appender.buffer.element-limit = 1 (custom)
2019-08-24 12:31:23,973 [8844de9a-3709-4b0d-8a3d-d5bdd69031e8:group-FBB8C4AC66F0:LeaderElection33] INFO  grpc.GrpcConfigKeys$Server (ConfUtils.java:logGet(43)) - raft.grpc.server.leader.outstanding.appends.max = 128 (default)
2019-08-24 12:31:23,973 [8844de9a-3709-4b0d-8a3d-d5bdd69031e8:group-FBB8C4AC66F0:LeaderElection33] INFO  server.RaftServerConfigKeys (ConfUtils.java:logGet(43)) - raft.server.rpc.request.timeout = 3000ms (default)
2019-08-24 12:31:23,974 [8844de9a-3709-4b0d-8a3d-d5bdd69031e8:group-FBB8C4AC66F0:LeaderElection33] INFO  server.RaftServerConfigKeys (ConfUtils.java:logGet(43)) - raft.server.log.appender.install.snapshot.enabled = false (custom)
2019-08-24 12:31:23,974 [8844de9a-3709-4b0d-8a3d-d5bdd69031e8:group-FBB8C4AC66F0:LeaderElection33] INFO  impl.RoleInfo (RoleInfo.java:updateAndGet(143)) - 8844de9a-3709-4b0d-8a3d-d5bdd69031e8: start LeaderState
2019-08-24 12:31:23,974 [8844de9a-3709-4b0d-8a3d-d5bdd69031e8:group-FBB8C4AC66F0:LeaderElection33] INFO  segmented.SegmentedRaftLogWorker (SegmentedRaftLogWorker.java:startLogSegment(380)) - 8844de9a-3709-4b0d-8a3d-d5bdd69031e8-SegmentedRaftLogWorker:Storage Directory /workdir/hadoop-ozone/ozonefs/target/test-dir/MiniOzoneClusterImpl-28159c0e-2992-430e-bf13-357306152ddf/datanode-1/data/ratis/fe79ec0d-03ef-4cb6-b1e6-fbb8c4ac66f0: Starting segment from index:0
2019-08-24 12:31:23,975 [8844de9a-3709-4b0d-8a3d-d5bdd69031e8:group-FBB8C4AC66F0:LeaderElection33] INFO  impl.RaftServerImpl (ServerState.java:setRaftConf(361)) - 8844de9a-3709-4b0d-8a3d-d5bdd69031e8:group-FBB8C4AC66F0 set configuration 0: [17f030ae-ee23-426a-8582-b4ad86ad4f17:192.168.5.162:33388, 88f5d524-5740-4152-9f72-5ab01038e1c0:192.168.5.162:46716, 8844de9a-3709-4b0d-8a3d-d5bdd69031e8:192.168.5.162:32897], old=null at 0
2019-08-24 12:31:24,012 [grpc-default-executor-1] INFO  impl.RaftServerImpl (ServerState.java:setLeader(263)) - 88f5d524-5740-4152-9f72-5ab01038e1c0:group-FBB8C4AC66F0 change Leader from null to 8844de9a-3709-4b0d-8a3d-d5bdd69031e8 at term 1 for appendEntries, leader elected after 5178ms
2019-08-24 12:31:24,012 [grpc-default-executor-3] INFO  impl.RaftServerImpl (ServerState.java:setLeader(263)) - 17f030ae-ee23-426a-8582-b4ad86ad4f17:group-FBB8C4AC66F0 change Leader from null to 8844de9a-3709-4b0d-8a3d-d5bdd69031e8 at term 1 for appendEntries, leader elected after 5179ms
2019-08-24 12:31:24,014 [8844de9a-3709-4b0d-8a3d-d5bdd69031e8-SegmentedRaftLogWorker:Storage Directory /workdir/hadoop-ozone/ozonefs/target/test-dir/MiniOzoneClusterImpl-28159c0e-2992-430e-bf13-357306152ddf/datanode-1/data/ratis/fe79ec0d-03ef-4cb6-b1e6-fbb8c4ac66f0] INFO  segmented.SegmentedRaftLogWorker (SegmentedRaftLogWorker.java:execute(569)) - 8844de9a-3709-4b0d-8a3d-d5bdd69031e8-SegmentedRaftLogWorker:Storage Directory /workdir/hadoop-ozone/ozonefs/target/test-dir/MiniOzoneClusterImpl-28159c0e-2992-430e-bf13-357306152ddf/datanode-1/data/ratis/fe79ec0d-03ef-4cb6-b1e6-fbb8c4ac66f0: created new log segment /workdir/hadoop-ozone/ozonefs/target/test-dir/MiniOzoneClusterImpl-28159c0e-2992-430e-bf13-357306152ddf/datanode-1/data/ratis/fe79ec0d-03ef-4cb6-b1e6-fbb8c4ac66f0/current/log_inprogress_0
2019-08-24 12:31:24,016 [grpc-default-executor-1] INFO  impl.RaftServerImpl (ServerState.java:setRaftConf(361)) - 88f5d524-5740-4152-9f72-5ab01038e1c0:group-FBB8C4AC66F0 set configuration 0: [17f030ae-ee23-426a-8582-b4ad86ad4f17:192.168.5.162:33388, 88f5d524-5740-4152-9f72-5ab01038e1c0:192.168.5.162:46716, 8844de9a-3709-4b0d-8a3d-d5bdd69031e8:192.168.5.162:32897], old=null at 0
2019-08-24 12:31:24,016 [grpc-default-executor-1] INFO  segmented.SegmentedRaftLogWorker (SegmentedRaftLogWorker.java:startLogSegment(380)) - 88f5d524-5740-4152-9f72-5ab01038e1c0-SegmentedRaftLogWorker:Storage Directory /workdir/hadoop-ozone/ozonefs/target/test-dir/MiniOzoneClusterImpl-28159c0e-2992-430e-bf13-357306152ddf/datanode-2/data/ratis/fe79ec0d-03ef-4cb6-b1e6-fbb8c4ac66f0: Starting segment from index:0
2019-08-24 12:31:24,017 [grpc-default-executor-3] INFO  impl.RaftServerImpl (ServerState.java:setRaftConf(361)) - 17f030ae-ee23-426a-8582-b4ad86ad4f17:group-FBB8C4AC66F0 set configuration 0: [17f030ae-ee23-426a-8582-b4ad86ad4f17:192.168.5.162:33388, 88f5d524-5740-4152-9f72-5ab01038e1c0:192.168.5.162:46716, 8844de9a-3709-4b0d-8a3d-d5bdd69031e8:192.168.5.162:32897], old=null at 0
2019-08-24 12:31:24,018 [grpc-default-executor-3] INFO  segmented.SegmentedRaftLogWorker (SegmentedRaftLogWorker.java:startLogSegment(380)) - 17f030ae-ee23-426a-8582-b4ad86ad4f17-SegmentedRaftLogWorker:Storage Directory /workdir/hadoop-ozone/ozonefs/target/test-dir/MiniOzoneClusterImpl-28159c0e-2992-430e-bf13-357306152ddf/datanode-0/data/ratis/fe79ec0d-03ef-4cb6-b1e6-fbb8c4ac66f0: Starting segment from index:0
2019-08-24 12:31:24,063 [88f5d524-5740-4152-9f72-5ab01038e1c0-SegmentedRaftLogWorker:Storage Directory /workdir/hadoop-ozone/ozonefs/target/test-dir/MiniOzoneClusterImpl-28159c0e-2992-430e-bf13-357306152ddf/datanode-2/data/ratis/fe79ec0d-03ef-4cb6-b1e6-fbb8c4ac66f0] INFO  segmented.SegmentedRaftLogWorker (SegmentedRaftLogWorker.java:execute(569)) - 88f5d524-5740-4152-9f72-5ab01038e1c0-SegmentedRaftLogWorker:Storage Directory /workdir/hadoop-ozone/ozonefs/target/test-dir/MiniOzoneClusterImpl-28159c0e-2992-430e-bf13-357306152ddf/datanode-2/data/ratis/fe79ec0d-03ef-4cb6-b1e6-fbb8c4ac66f0: created new log segment /workdir/hadoop-ozone/ozonefs/target/test-dir/MiniOzoneClusterImpl-28159c0e-2992-430e-bf13-357306152ddf/datanode-2/data/ratis/fe79ec0d-03ef-4cb6-b1e6-fbb8c4ac66f0/current/log_inprogress_0
2019-08-24 12:31:24,063 [17f030ae-ee23-426a-8582-b4ad86ad4f17-SegmentedRaftLogWorker:Storage Directory /workdir/hadoop-ozone/ozonefs/target/test-dir/MiniOzoneClusterImpl-28159c0e-2992-430e-bf13-357306152ddf/datanode-0/data/ratis/fe79ec0d-03ef-4cb6-b1e6-fbb8c4ac66f0] INFO  segmented.SegmentedRaftLogWorker (SegmentedRaftLogWorker.java:execute(569)) - 17f030ae-ee23-426a-8582-b4ad86ad4f17-SegmentedRaftLogWorker:Storage Directory /workdir/hadoop-ozone/ozonefs/target/test-dir/MiniOzoneClusterImpl-28159c0e-2992-430e-bf13-357306152ddf/datanode-0/data/ratis/fe79ec0d-03ef-4cb6-b1e6-fbb8c4ac66f0: created new log segment /workdir/hadoop-ozone/ozonefs/target/test-dir/MiniOzoneClusterImpl-28159c0e-2992-430e-bf13-357306152ddf/datanode-0/data/ratis/fe79ec0d-03ef-4cb6-b1e6-fbb8c4ac66f0/current/log_inprogress_0
2019-08-24 12:31:24,722 | INFO  | SCMAudit | user=jenkins1000 | ip=192.168.5.162 | op=SEND_HEARTBEAT {datanodeUUID=88f5d524-5740-4152-9f72-5ab01038e1c0, command=[]} | ret=SUCCESS |  
2019-08-24 12:31:24,856 [Thread-1084] INFO  ozoneimpl.OzoneContainer (OzoneContainer.java:stop(199)) - Attempting to stop container services.
2019-08-24 12:31:24,856 [ForkJoinPool.commonPool-worker-1] INFO  ozoneimpl.OzoneContainer (OzoneContainer.java:stop(199)) - Attempting to stop container services.
2019-08-24 12:31:24,857 [Thread-1084] INFO  impl.RaftServerProxy (RaftServerProxy.java:lambda$close$4(314)) - 8844de9a-3709-4b0d-8a3d-d5bdd69031e8: close
2019-08-24 12:31:24,857 [ForkJoinPool.commonPool-worker-1] INFO  impl.RaftServerProxy (RaftServerProxy.java:lambda$close$4(314)) - 17f030ae-ee23-426a-8582-b4ad86ad4f17: close
2019-08-24 12:31:24,857 [Thread-1084] INFO  impl.RaftServerImpl (RaftServerImpl.java:lambda$shutdown$3(245)) - 8844de9a-3709-4b0d-8a3d-d5bdd69031e8: shutdown group-25E416AF439C
2019-08-24 12:31:24,857 [ForkJoinPool.commonPool-worker-1] INFO  impl.RaftServerImpl (RaftServerImpl.java:lambda$shutdown$3(245)) - 17f030ae-ee23-426a-8582-b4ad86ad4f17: shutdown group-6FEE44E1FF5D
2019-08-24 12:31:24,858 [Thread-1084] INFO  util.JmxRegister (JmxRegister.java:unregister(73)) - Successfully un-registered JMX Bean with object name Ratis:service=RaftServer,group=group-25E416AF439C,id=8844de9a-3709-4b0d-8a3d-d5bdd69031e8
2019-08-24 12:31:24,858 [ForkJoinPool.commonPool-worker-1] INFO  util.JmxRegister (JmxRegister.java:unregister(73)) - Successfully un-registered JMX Bean with object name Ratis:service=RaftServer,group=group-6FEE44E1FF5D,id=17f030ae-ee23-426a-8582-b4ad86ad4f17
2019-08-24 12:31:24,858 [Thread-1084] INFO  impl.RoleInfo (RoleInfo.java:shutdownLeaderState(104)) - 8844de9a-3709-4b0d-8a3d-d5bdd69031e8: shutdown LeaderState
2019-08-24 12:31:24,858 [ForkJoinPool.commonPool-worker-1] INFO  impl.RoleInfo (RoleInfo.java:shutdownLeaderState(104)) - 17f030ae-ee23-426a-8582-b4ad86ad4f17: shutdown LeaderState
2019-08-24 12:31:24,859 [Thread-1084] INFO  impl.PendingRequests (PendingRequests.java:sendNotLeaderResponses(202)) - 8844de9a-3709-4b0d-8a3d-d5bdd69031e8-PendingRequests: sendNotLeaderResponses
2019-08-24 12:31:24,859 [ForkJoinPool.commonPool-worker-1] INFO  impl.PendingRequests (PendingRequests.java:sendNotLeaderResponses(202)) - 17f030ae-ee23-426a-8582-b4ad86ad4f17-PendingRequests: sendNotLeaderResponses
2019-08-24 12:31:24,860 [Thread-1084] INFO  impl.StateMachineUpdater (StateMachineUpdater.java:stopAndJoin(115)) - StateMachineUpdater:8844de9a-3709-4b0d-8a3d-d5bdd69031e8:group-25E416AF439C: set stopIndex = 0
2019-08-24 12:31:24,860 [ForkJoinPool.commonPool-worker-1] INFO  impl.StateMachineUpdater (StateMachineUpdater.java:stopAndJoin(115)) - StateMachineUpdater:17f030ae-ee23-426a-8582-b4ad86ad4f17:group-6FEE44E1FF5D: set stopIndex = 0
2019-08-24 12:31:24,860 [ForkJoinPool.commonPool-worker-1] INFO  impl.RaftServerImpl (ServerState.java:close(394)) - 17f030ae-ee23-426a-8582-b4ad86ad4f17:group-6FEE44E1FF5D closes. The last applied log index is 0
2019-08-24 12:31:24,860 [Thread-1084] INFO  impl.RaftServerImpl (ServerState.java:close(394)) - 8844de9a-3709-4b0d-8a3d-d5bdd69031e8:group-25E416AF439C closes. The last applied log index is 0
2019-08-24 12:31:24,861 [17f030ae-ee23-426a-8582-b4ad86ad4f17-SegmentedRaftLogWorker:Storage Directory /workdir/hadoop-ozone/ozonefs/target/test-dir/MiniOzoneClusterImpl-28159c0e-2992-430e-bf13-357306152ddf/datanode-0/data/ratis/4f855215-f0c0-49c7-8014-6fee44e1ff5d] INFO  segmented.SegmentedRaftLogWorker (SegmentedRaftLogWorker.java:run(313)) - 17f030ae-ee23-426a-8582-b4ad86ad4f17-SegmentedRaftLogWorker:Storage Directory /workdir/hadoop-ozone/ozonefs/target/test-dir/MiniOzoneClusterImpl-28159c0e-2992-430e-bf13-357306152ddf/datanode-0/data/ratis/4f855215-f0c0-49c7-8014-6fee44e1ff5d was interrupted, exiting. There are 0 tasks remaining in the queue.
2019-08-24 12:31:24,861 [8844de9a-3709-4b0d-8a3d-d5bdd69031e8-SegmentedRaftLogWorker:Storage Directory /workdir/hadoop-ozone/ozonefs/target/test-dir/MiniOzoneClusterImpl-28159c0e-2992-430e-bf13-357306152ddf/datanode-1/data/ratis/58217d95-2469-46a6-a673-25e416af439c] INFO  segmented.SegmentedRaftLogWorker (SegmentedRaftLogWorker.java:run(313)) - 8844de9a-3709-4b0d-8a3d-d5bdd69031e8-SegmentedRaftLogWorker:Storage Directory /workdir/hadoop-ozone/ozonefs/target/test-dir/MiniOzoneClusterImpl-28159c0e-2992-430e-bf13-357306152ddf/datanode-1/data/ratis/58217d95-2469-46a6-a673-25e416af439c was interrupted, exiting. There are 0 tasks remaining in the queue.
2019-08-24 12:31:24,865 [ForkJoinPool.commonPool-worker-1] INFO  segmented.SegmentedRaftLogWorker (SegmentedRaftLogWorker.java:close(228)) - 17f030ae-ee23-426a-8582-b4ad86ad4f17-SegmentedRaftLogWorker:Storage Directory /workdir/hadoop-ozone/ozonefs/target/test-dir/MiniOzoneClusterImpl-28159c0e-2992-430e-bf13-357306152ddf/datanode-0/data/ratis/4f855215-f0c0-49c7-8014-6fee44e1ff5d close()
2019-08-24 12:31:24,866 [Thread-1084] INFO  segmented.SegmentedRaftLogWorker (SegmentedRaftLogWorker.java:close(228)) - 8844de9a-3709-4b0d-8a3d-d5bdd69031e8-SegmentedRaftLogWorker:Storage Directory /workdir/hadoop-ozone/ozonefs/target/test-dir/MiniOzoneClusterImpl-28159c0e-2992-430e-bf13-357306152ddf/datanode-1/data/ratis/58217d95-2469-46a6-a673-25e416af439c close()
2019-08-24 12:31:24,871 [Thread-1084] INFO  impl.RaftServerImpl (RaftServerImpl.java:lambda$shutdown$3(245)) - 8844de9a-3709-4b0d-8a3d-d5bdd69031e8: shutdown group-FBB8C4AC66F0
2019-08-24 12:31:24,872 [ForkJoinPool.commonPool-worker-1] INFO  impl.RaftServerImpl (RaftServerImpl.java:lambda$shutdown$3(245)) - 17f030ae-ee23-426a-8582-b4ad86ad4f17: shutdown group-FBB8C4AC66F0
2019-08-24 12:31:24,872 [Thread-1084] INFO  util.JmxRegister (JmxRegister.java:unregister(73)) - Successfully un-registered JMX Bean with object name Ratis:service=RaftServer,group=group-FBB8C4AC66F0,id=8844de9a-3709-4b0d-8a3d-d5bdd69031e8
2019-08-24 12:31:24,872 [ForkJoinPool.commonPool-worker-1] INFO  util.JmxRegister (JmxRegister.java:unregister(73)) - Successfully un-registered JMX Bean with object name Ratis:service=RaftServer,group=group-FBB8C4AC66F0,id=17f030ae-ee23-426a-8582-b4ad86ad4f17
2019-08-24 12:31:24,873 [Thread-1084] INFO  impl.RoleInfo (RoleInfo.java:shutdownLeaderState(104)) - 8844de9a-3709-4b0d-8a3d-d5bdd69031e8: shutdown LeaderState
2019-08-24 12:31:24,873 [ForkJoinPool.commonPool-worker-1] INFO  impl.RoleInfo (RoleInfo.java:shutdownFollowerState(121)) - 17f030ae-ee23-426a-8582-b4ad86ad4f17: shutdown FollowerState
2019-08-24 12:31:24,875 [org.apache.ratis.server.impl.LogAppender$AppenderDaemon$$Lambda$504/1796703695@35903e77] WARN  server.GrpcLogAppender (GrpcLogAppender.java:mayWait(143)) - GrpcLogAppender(8844de9a-3709-4b0d-8a3d-d5bdd69031e8->17f030ae-ee23-426a-8582-b4ad86ad4f17): Wait interrupted by java.lang.InterruptedException
2019-08-24 12:31:24,876 [Thread-1293] INFO  impl.FollowerState (FollowerState.java:run(114)) - 17f030ae-ee23-426a-8582-b4ad86ad4f17: FollowerState was interrupted: java.lang.InterruptedException: sleep interrupted
2019-08-24 12:31:24,876 [ForkJoinPool.commonPool-worker-1] INFO  impl.StateMachineUpdater (StateMachineUpdater.java:stopAndJoin(115)) - StateMachineUpdater:17f030ae-ee23-426a-8582-b4ad86ad4f17:group-FBB8C4AC66F0: set stopIndex = -1
2019-08-24 12:31:24,877 [ForkJoinPool.commonPool-worker-1] INFO  impl.RaftServerImpl (ServerState.java:close(394)) - 17f030ae-ee23-426a-8582-b4ad86ad4f17:group-FBB8C4AC66F0 closes. The last applied log index is -1
2019-08-24 12:31:24,876 [Thread-1084] INFO  impl.PendingRequests (PendingRequests.java:sendNotLeaderResponses(202)) - 8844de9a-3709-4b0d-8a3d-d5bdd69031e8-PendingRequests: sendNotLeaderResponses
2019-08-24 12:31:24,875 [org.apache.ratis.server.impl.LogAppender$AppenderDaemon$$Lambda$504/1796703695@7092b6a1] WARN  server.GrpcLogAppender (GrpcLogAppender.java:mayWait(143)) - GrpcLogAppender(8844de9a-3709-4b0d-8a3d-d5bdd69031e8->88f5d524-5740-4152-9f72-5ab01038e1c0): Wait interrupted by java.lang.InterruptedException
2019-08-24 12:31:24,878 [Thread-1084] INFO  impl.StateMachineUpdater (StateMachineUpdater.java:stopAndJoin(115)) - StateMachineUpdater:8844de9a-3709-4b0d-8a3d-d5bdd69031e8:group-FBB8C4AC66F0: set stopIndex = 0
2019-08-24 12:31:24,878 [Thread-1084] INFO  impl.RaftServerImpl (ServerState.java:close(394)) - 8844de9a-3709-4b0d-8a3d-d5bdd69031e8:group-FBB8C4AC66F0 closes. The last applied log index is 0
2019-08-24 12:31:24,878 [grpc-default-executor-3] INFO  server.GrpcServerProtocolService (GrpcServerProtocolService.java:onCompleted(104)) - 17f030ae-ee23-426a-8582-b4ad86ad4f17: appendEntries completed
2019-08-24 12:31:24,878 [17f030ae-ee23-426a-8582-b4ad86ad4f17-SegmentedRaftLogWorker:Storage Directory /workdir/hadoop-ozone/ozonefs/target/test-dir/MiniOzoneClusterImpl-28159c0e-2992-430e-bf13-357306152ddf/datanode-0/data/ratis/fe79ec0d-03ef-4cb6-b1e6-fbb8c4ac66f0] INFO  segmented.SegmentedRaftLogWorker (SegmentedRaftLogWorker.java:run(313)) - 17f030ae-ee23-426a-8582-b4ad86ad4f17-SegmentedRaftLogWorker:Storage Directory /workdir/hadoop-ozone/ozonefs/target/test-dir/MiniOzoneClusterImpl-28159c0e-2992-430e-bf13-357306152ddf/datanode-0/data/ratis/fe79ec0d-03ef-4cb6-b1e6-fbb8c4ac66f0 was interrupted, exiting. There are 0 tasks remaining in the queue.
2019-08-24 12:31:24,879 [8844de9a-3709-4b0d-8a3d-d5bdd69031e8-SegmentedRaftLogWorker:Storage Directory /workdir/hadoop-ozone/ozonefs/target/test-dir/MiniOzoneClusterImpl-28159c0e-2992-430e-bf13-357306152ddf/datanode-1/data/ratis/fe79ec0d-03ef-4cb6-b1e6-fbb8c4ac66f0] INFO  segmented.SegmentedRaftLogWorker (SegmentedRaftLogWorker.java:run(313)) - 8844de9a-3709-4b0d-8a3d-d5bdd69031e8-SegmentedRaftLogWorker:Storage Directory /workdir/hadoop-ozone/ozonefs/target/test-dir/MiniOzoneClusterImpl-28159c0e-2992-430e-bf13-357306152ddf/datanode-1/data/ratis/fe79ec0d-03ef-4cb6-b1e6-fbb8c4ac66f0 was interrupted, exiting. There are 0 tasks remaining in the queue.
2019-08-24 12:31:24,879 [grpc-default-executor-1] INFO  server.GrpcServerProtocolService (GrpcServerProtocolService.java:onCompleted(104)) - 88f5d524-5740-4152-9f72-5ab01038e1c0: appendEntries completed
2019-08-24 12:31:24,882 [Thread-1084] INFO  segmented.SegmentedRaftLogWorker (SegmentedRaftLogWorker.java:close(228)) - 8844de9a-3709-4b0d-8a3d-d5bdd69031e8-SegmentedRaftLogWorker:Storage Directory /workdir/hadoop-ozone/ozonefs/target/test-dir/MiniOzoneClusterImpl-28159c0e-2992-430e-bf13-357306152ddf/datanode-1/data/ratis/fe79ec0d-03ef-4cb6-b1e6-fbb8c4ac66f0 close()
2019-08-24 12:31:24,880 [ForkJoinPool.commonPool-worker-1] INFO  segmented.SegmentedRaftLogWorker (SegmentedRaftLogWorker.java:close(228)) - 17f030ae-ee23-426a-8582-b4ad86ad4f17-SegmentedRaftLogWorker:Storage Directory /workdir/hadoop-ozone/ozonefs/target/test-dir/MiniOzoneClusterImpl-28159c0e-2992-430e-bf13-357306152ddf/datanode-0/data/ratis/fe79ec0d-03ef-4cb6-b1e6-fbb8c4ac66f0 close()
2019-08-24 12:31:24,886 [grpc-default-executor-1] INFO  server.GrpcLogAppender (GrpcLogAppender.java:onCompleted(292)) - 8844de9a-3709-4b0d-8a3d-d5bdd69031e8->17f030ae-ee23-426a-8582-b4ad86ad4f17: follower responses appendEntries COMPLETED
2019-08-24 12:31:24,885 [Thread-1084] INFO  server.GrpcService (GrpcService.java:closeImpl(155)) - 8844de9a-3709-4b0d-8a3d-d5bdd69031e8: shutdown server with port 32897 now
2019-08-24 12:31:24,892 [grpc-default-executor-1] INFO  impl.FollowerInfo (FollowerInfo.java:lambda$new$0(50)) - 8844de9a-3709-4b0d-8a3d-d5bdd69031e8->17f030ae-ee23-426a-8582-b4ad86ad4f17: nextIndex: updateUnconditionally 1 -> 0
2019-08-24 12:31:24,892 [grpc-default-executor-3] INFO  server.GrpcLogAppender (GrpcLogAppender.java:onCompleted(292)) - 8844de9a-3709-4b0d-8a3d-d5bdd69031e8->88f5d524-5740-4152-9f72-5ab01038e1c0: follower responses appendEntries COMPLETED
2019-08-24 12:31:24,891 [ForkJoinPool.commonPool-worker-1] INFO  server.GrpcService (GrpcService.java:closeImpl(155)) - 17f030ae-ee23-426a-8582-b4ad86ad4f17: shutdown server with port 33388 now
2019-08-24 12:31:24,894 [Thread-1084] INFO  server.GrpcService (GrpcService.java:closeImpl(163)) - 8844de9a-3709-4b0d-8a3d-d5bdd69031e8: shutdown server with port 32897 successfully
2019-08-24 12:31:24,894 [grpc-default-executor-3] INFO  impl.FollowerInfo (FollowerInfo.java:lambda$new$0(50)) - 8844de9a-3709-4b0d-8a3d-d5bdd69031e8->88f5d524-5740-4152-9f72-5ab01038e1c0: nextIndex: updateUnconditionally 1 -> 0
2019-08-24 12:31:24,897 [ForkJoinPool.commonPool-worker-1] INFO  server.GrpcService (GrpcService.java:closeImpl(163)) - 17f030ae-ee23-426a-8582-b4ad86ad4f17: shutdown server with port 33388 successfully
2019-08-24 12:31:24,899 [Thread-1084] INFO  utils.BackgroundService (BackgroundService.java:shutdown(148)) - Shutting down service BlockDeletingService
2019-08-24 12:31:24,903 [ForkJoinPool.commonPool-worker-1] INFO  utils.BackgroundService (BackgroundService.java:shutdown(148)) - Shutting down service BlockDeletingService
2019-08-24 12:31:24,907 [refreshUsed-/workdir/hadoop-ozone/ozonefs/target/test-dir/MiniOzoneClusterImpl-28159c0e-2992-430e-bf13-357306152ddf/datanode-0/data/containers] WARN  fs.CachingGetSpaceUsed (CachingGetSpaceUsed.java:run(183)) - Thread Interrupted waiting to refresh disk information: sleep interrupted
2019-08-24 12:31:24,907 [refreshUsed-/workdir/hadoop-ozone/ozonefs/target/test-dir/MiniOzoneClusterImpl-28159c0e-2992-430e-bf13-357306152ddf/datanode-1/data/containers] WARN  fs.CachingGetSpaceUsed (CachingGetSpaceUsed.java:run(183)) - Thread Interrupted waiting to refresh disk information: sleep interrupted
2019-08-24 12:31:24,936 [ForkJoinPool.commonPool-worker-1] INFO  statemachine.DatanodeStateMachine (DatanodeStateMachine.java:stopDaemon(395)) - Ozone container server stopped.
2019-08-24 12:31:24,940 [ForkJoinPool.commonPool-worker-1] INFO  handler.ContextHandler (ContextHandler.java:doStop(910)) - Stopped o.e.j.w.WebAppContext@6aa1660c{/,null,UNAVAILABLE}{/hddsDatanode}
2019-08-24 12:31:24,941 [Thread-1084] INFO  statemachine.DatanodeStateMachine (DatanodeStateMachine.java:stopDaemon(395)) - Ozone container server stopped.
2019-08-24 12:31:24,942 [ForkJoinPool.commonPool-worker-1] INFO  server.AbstractConnector (AbstractConnector.java:doStop(318)) - Stopped ServerConnector@6660015e{HTTP/1.1,[http/1.1]}{0.0.0.0:0}
2019-08-24 12:31:24,943 [ForkJoinPool.commonPool-worker-1] INFO  handler.ContextHandler (ContextHandler.java:doStop(910)) - Stopped o.e.j.s.ServletContextHandler@6bee00a5{/static,jar:file:/home/user/.m2/repository/org/apache/hadoop/hadoop-hdds-container-service/0.5.0-SNAPSHOT/hadoop-hdds-container-service-0.5.0-SNAPSHOT.jar!/webapps/static,UNAVAILABLE}
2019-08-24 12:31:24,943 [Thread-1084] INFO  handler.ContextHandler (ContextHandler.java:doStop(910)) - Stopped o.e.j.w.WebAppContext@32b9715{/,null,UNAVAILABLE}{/hddsDatanode}
2019-08-24 12:31:24,944 [ForkJoinPool.commonPool-worker-1] INFO  handler.ContextHandler (ContextHandler.java:doStop(910)) - Stopped o.e.j.s.ServletContextHandler@2093c2e1{/logs,file:///workdir/hadoop-ozone/ozonefs/target/log,UNAVAILABLE}
2019-08-24 12:31:24,944 [Thread-1084] INFO  server.AbstractConnector (AbstractConnector.java:doStop(318)) - Stopped ServerConnector@3df571fb{HTTP/1.1,[http/1.1]}{0.0.0.0:0}
2019-08-24 12:31:24,945 [Thread-1084] INFO  handler.ContextHandler (ContextHandler.java:doStop(910)) - Stopped o.e.j.s.ServletContextHandler@5c504258{/static,jar:file:/home/user/.m2/repository/org/apache/hadoop/hadoop-hdds-container-service/0.5.0-SNAPSHOT/hadoop-hdds-container-service-0.5.0-SNAPSHOT.jar!/webapps/static,UNAVAILABLE}
2019-08-24 12:31:24,945 [Thread-1084] INFO  handler.ContextHandler (ContextHandler.java:doStop(910)) - Stopped o.e.j.s.ServletContextHandler@6f3eca0c{/logs,file:///workdir/hadoop-ozone/ozonefs/target/log,UNAVAILABLE}
2019-08-24 12:31:25,720 [Datanode State Machine Thread - 0] INFO  statemachine.DatanodeStateMachine (DatanodeStateMachine.java:lambda$startDaemon$0(350)) - Ozone container server started.
2019-08-24 12:31:29,945 [ForkJoinPool.commonPool-worker-1] INFO  ozoneimpl.OzoneContainer (OzoneContainer.java:stop(199)) - Attempting to stop container services.
2019-08-24 12:31:29,946 [ForkJoinPool.commonPool-worker-1] INFO  impl.RaftServerProxy (RaftServerProxy.java:lambda$close$4(314)) - 88f5d524-5740-4152-9f72-5ab01038e1c0: close
2019-08-24 12:31:29,946 [ForkJoinPool.commonPool-worker-1] INFO  impl.RaftServerImpl (RaftServerImpl.java:lambda$shutdown$3(245)) - 88f5d524-5740-4152-9f72-5ab01038e1c0: shutdown group-B33CC519E87B
2019-08-24 12:31:29,946 [ForkJoinPool.commonPool-worker-1] INFO  util.JmxRegister (JmxRegister.java:unregister(73)) - Successfully un-registered JMX Bean with object name Ratis:service=RaftServer,group=group-B33CC519E87B,id=88f5d524-5740-4152-9f72-5ab01038e1c0
2019-08-24 12:31:29,947 [ForkJoinPool.commonPool-worker-1] INFO  impl.RoleInfo (RoleInfo.java:shutdownLeaderState(104)) - 88f5d524-5740-4152-9f72-5ab01038e1c0: shutdown LeaderState
2019-08-24 12:31:29,947 [ForkJoinPool.commonPool-worker-1] INFO  impl.PendingRequests (PendingRequests.java:sendNotLeaderResponses(202)) - 88f5d524-5740-4152-9f72-5ab01038e1c0-PendingRequests: sendNotLeaderResponses
2019-08-24 12:31:29,948 [ForkJoinPool.commonPool-worker-1] INFO  impl.StateMachineUpdater (StateMachineUpdater.java:stopAndJoin(115)) - StateMachineUpdater:88f5d524-5740-4152-9f72-5ab01038e1c0:group-B33CC519E87B: set stopIndex = 0
2019-08-24 12:31:29,948 [ForkJoinPool.commonPool-worker-1] INFO  impl.RaftServerImpl (ServerState.java:close(394)) - 88f5d524-5740-4152-9f72-5ab01038e1c0:group-B33CC519E87B closes. The last applied log index is 0
2019-08-24 12:31:29,948 [88f5d524-5740-4152-9f72-5ab01038e1c0-SegmentedRaftLogWorker:Storage Directory /workdir/hadoop-ozone/ozonefs/target/test-dir/MiniOzoneClusterImpl-28159c0e-2992-430e-bf13-357306152ddf/datanode-2/data/ratis/8e20d649-ba87-4a9f-9cfc-b33cc519e87b] INFO  segmented.SegmentedRaftLogWorker (SegmentedRaftLogWorker.java:run(313)) - 88f5d524-5740-4152-9f72-5ab01038e1c0-SegmentedRaftLogWorker:Storage Directory /workdir/hadoop-ozone/ozonefs/target/test-dir/MiniOzoneClusterImpl-28159c0e-2992-430e-bf13-357306152ddf/datanode-2/data/ratis/8e20d649-ba87-4a9f-9cfc-b33cc519e87b was interrupted, exiting. There are 0 tasks remaining in the queue.
2019-08-24 12:31:29,949 [ForkJoinPool.commonPool-worker-1] INFO  segmented.SegmentedRaftLogWorker (SegmentedRaftLogWorker.java:close(228)) - 88f5d524-5740-4152-9f72-5ab01038e1c0-SegmentedRaftLogWorker:Storage Directory /workdir/hadoop-ozone/ozonefs/target/test-dir/MiniOzoneClusterImpl-28159c0e-2992-430e-bf13-357306152ddf/datanode-2/data/ratis/8e20d649-ba87-4a9f-9cfc-b33cc519e87b close()
2019-08-24 12:31:29,950 [ForkJoinPool.commonPool-worker-1] INFO  impl.RaftServerImpl (RaftServerImpl.java:lambda$shutdown$3(245)) - 88f5d524-5740-4152-9f72-5ab01038e1c0: shutdown group-FBB8C4AC66F0
2019-08-24 12:31:29,951 [ForkJoinPool.commonPool-worker-1] INFO  util.JmxRegister (JmxRegister.java:unregister(73)) - Successfully un-registered JMX Bean with object name Ratis:service=RaftServer,group=group-FBB8C4AC66F0,id=88f5d524-5740-4152-9f72-5ab01038e1c0
2019-08-24 12:31:29,951 [ForkJoinPool.commonPool-worker-1] INFO  impl.RoleInfo (RoleInfo.java:shutdownFollowerState(121)) - 88f5d524-5740-4152-9f72-5ab01038e1c0: shutdown FollowerState
2019-08-24 12:31:29,951 [ForkJoinPool.commonPool-worker-1] INFO  impl.StateMachineUpdater (StateMachineUpdater.java:stopAndJoin(115)) - StateMachineUpdater:88f5d524-5740-4152-9f72-5ab01038e1c0:group-FBB8C4AC66F0: set stopIndex = -1
2019-08-24 12:31:29,952 [Thread-1291] INFO  impl.FollowerState (FollowerState.java:run(114)) - 88f5d524-5740-4152-9f72-5ab01038e1c0: FollowerState was interrupted: java.lang.InterruptedException: sleep interrupted
2019-08-24 12:31:29,952 [ForkJoinPool.commonPool-worker-1] INFO  impl.RaftServerImpl (ServerState.java:close(394)) - 88f5d524-5740-4152-9f72-5ab01038e1c0:group-FBB8C4AC66F0 closes. The last applied log index is -1
2019-08-24 12:31:29,953 [88f5d524-5740-4152-9f72-5ab01038e1c0-SegmentedRaftLogWorker:Storage Directory /workdir/hadoop-ozone/ozonefs/target/test-dir/MiniOzoneClusterImpl-28159c0e-2992-430e-bf13-357306152ddf/datanode-2/data/ratis/fe79ec0d-03ef-4cb6-b1e6-fbb8c4ac66f0] INFO  segmented.SegmentedRaftLogWorker (SegmentedRaftLogWorker.java:run(313)) - 88f5d524-5740-4152-9f72-5ab01038e1c0-SegmentedRaftLogWorker:Storage Directory /workdir/hadoop-ozone/ozonefs/target/test-dir/MiniOzoneClusterImpl-28159c0e-2992-430e-bf13-357306152ddf/datanode-2/data/ratis/fe79ec0d-03ef-4cb6-b1e6-fbb8c4ac66f0 was interrupted, exiting. There are 0 tasks remaining in the queue.
2019-08-24 12:31:29,954 [ForkJoinPool.commonPool-worker-1] INFO  segmented.SegmentedRaftLogWorker (SegmentedRaftLogWorker.java:close(228)) - 88f5d524-5740-4152-9f72-5ab01038e1c0-SegmentedRaftLogWorker:Storage Directory /workdir/hadoop-ozone/ozonefs/target/test-dir/MiniOzoneClusterImpl-28159c0e-2992-430e-bf13-357306152ddf/datanode-2/data/ratis/fe79ec0d-03ef-4cb6-b1e6-fbb8c4ac66f0 close()
2019-08-24 12:31:29,955 [ForkJoinPool.commonPool-worker-1] INFO  server.GrpcService (GrpcService.java:closeImpl(155)) - 88f5d524-5740-4152-9f72-5ab01038e1c0: shutdown server with port 46716 now
2019-08-24 12:31:29,955 [ForkJoinPool.commonPool-worker-1] INFO  server.GrpcService (GrpcService.java:closeImpl(163)) - 88f5d524-5740-4152-9f72-5ab01038e1c0: shutdown server with port 46716 successfully
2019-08-24 12:31:29,957 [ForkJoinPool.commonPool-worker-1] INFO  utils.BackgroundService (BackgroundService.java:shutdown(148)) - Shutting down service BlockDeletingService
2019-08-24 12:31:29,958 [refreshUsed-/workdir/hadoop-ozone/ozonefs/target/test-dir/MiniOzoneClusterImpl-28159c0e-2992-430e-bf13-357306152ddf/datanode-2/data/containers] WARN  fs.CachingGetSpaceUsed (CachingGetSpaceUsed.java:run(183)) - Thread Interrupted waiting to refresh disk information: sleep interrupted
2019-08-24 12:31:29,987 [ForkJoinPool.commonPool-worker-1] INFO  statemachine.DatanodeStateMachine (DatanodeStateMachine.java:stopDaemon(395)) - Ozone container server stopped.
2019-08-24 12:31:29,990 [ForkJoinPool.commonPool-worker-1] INFO  handler.ContextHandler (ContextHandler.java:doStop(910)) - Stopped o.e.j.w.WebAppContext@2976cff1{/,null,UNAVAILABLE}{/hddsDatanode}
2019-08-24 12:31:29,991 [ForkJoinPool.commonPool-worker-1] INFO  server.AbstractConnector (AbstractConnector.java:doStop(318)) - Stopped ServerConnector@4421839a{HTTP/1.1,[http/1.1]}{0.0.0.0:0}
2019-08-24 12:31:29,992 [ForkJoinPool.commonPool-worker-1] INFO  handler.ContextHandler (ContextHandler.java:doStop(910)) - Stopped o.e.j.s.ServletContextHandler@7186da6c{/static,jar:file:/home/user/.m2/repository/org/apache/hadoop/hadoop-hdds-container-service/0.5.0-SNAPSHOT/hadoop-hdds-container-service-0.5.0-SNAPSHOT.jar!/webapps/static,UNAVAILABLE}
2019-08-24 12:31:29,993 [ForkJoinPool.commonPool-worker-1] INFO  handler.ContextHandler (ContextHandler.java:doStop(910)) - Stopped o.e.j.s.ServletContextHandler@7cab233c{/logs,file:///workdir/hadoop-ozone/ozonefs/target/log,UNAVAILABLE}
2019-08-24 12:31:29,994 [Thread-1084] INFO  ozone.MiniOzoneClusterImpl (MiniOzoneClusterImpl.java:stop(339)) - Stopping the StorageContainerManager
2019-08-24 12:31:29,994 [Thread-1084] INFO  server.StorageContainerManager (StorageContainerManager.java:stop(797)) - Stopping Replication Manager Service.
2019-08-24 12:31:29,994 [Thread-1084] INFO  container.ReplicationManager (ReplicationManager.java:stop(193)) - Stopping Replication Monitor Thread.
2019-08-24 12:31:29,995 [Thread-1084] INFO  server.StorageContainerManager (StorageContainerManager.java:stop(804)) - Stopping Lease Manager of the command watchers
2019-08-24 12:31:29,995 [Thread-1084] INFO  server.StorageContainerManager (StorageContainerManager.java:stop(811)) - Stopping datanode service RPC server
2019-08-24 12:31:29,995 [Thread-1084] INFO  server.SCMDatanodeProtocolServer (SCMDatanodeProtocolServer.java:stop(367)) - Stopping the RPC server for DataNodes
2019-08-24 12:31:29,995 [Thread-1084] INFO  ipc.Server (Server.java:stop(3082)) - Stopping server on 35065
2019-08-24 12:31:29,995 [IPC Server listener on 35065] INFO  ipc.Server (Server.java:run(1185)) - Stopping IPC Server listener on 35065
2019-08-24 12:31:29,999 [IPC Server Responder] INFO  ipc.Server (Server.java:run(1319)) - Stopping IPC Server Responder
2019-08-24 12:31:30,067 [SCM Heartbeat Processing Thread - 0] WARN  node.NodeStateManager (NodeStateManager.java:scheduleNextHealthCheck(646)) - Current Thread is interrupted, shutting down HB processing thread for Node Manager.
2019-08-24 12:31:30,067 [Thread-1084] INFO  server.StorageContainerManager (StorageContainerManager.java:stop(819)) - Stopping block service RPC server
2019-08-24 12:31:30,068 [Thread-1084] INFO  server.SCMBlockProtocolServer (SCMBlockProtocolServer.java:stop(148)) - Stopping the RPC server for Block Protocol
2019-08-24 12:31:30,068 [Thread-1084] INFO  ipc.Server (Server.java:stop(3082)) - Stopping server on 36498
2019-08-24 12:31:30,072 [IPC Server listener on 36498] INFO  ipc.Server (Server.java:run(1185)) - Stopping IPC Server listener on 36498
2019-08-24 12:31:30,072 [Thread-1084] INFO  server.StorageContainerManager (StorageContainerManager.java:stop(826)) - Stopping the StorageContainerLocationProtocol RPC server
2019-08-24 12:31:30,073 [IPC Server Responder] INFO  ipc.Server (Server.java:run(1319)) - Stopping IPC Server Responder
2019-08-24 12:31:30,073 [Thread-1084] INFO  server.SCMClientProtocolServer (SCMClientProtocolServer.java:stop(159)) - Stopping the RPC server for Client Protocol
2019-08-24 12:31:30,073 [Thread-1084] INFO  ipc.Server (Server.java:stop(3082)) - Stopping server on 38682
2019-08-24 12:31:30,075 [IPC Server listener on 38682] INFO  ipc.Server (Server.java:run(1185)) - Stopping IPC Server listener on 38682
2019-08-24 12:31:30,075 [Thread-1084] INFO  server.StorageContainerManager (StorageContainerManager.java:stop(833)) - Stopping Storage Container Manager HTTP server.
2019-08-24 12:31:30,077 [IPC Server Responder] INFO  ipc.Server (Server.java:run(1319)) - Stopping IPC Server Responder
2019-08-24 12:31:30,078 [Thread-1084] INFO  handler.ContextHandler (ContextHandler.java:doStop(910)) - Stopped o.e.j.w.WebAppContext@77b6d583{/,null,UNAVAILABLE}{/scm}
2019-08-24 12:31:30,079 [Thread-1084] INFO  server.AbstractConnector (AbstractConnector.java:doStop(318)) - Stopped ServerConnector@2b945f7c{HTTP/1.1,[http/1.1]}{0.0.0.0:0}
2019-08-24 12:31:30,079 [Thread-1084] INFO  handler.ContextHandler (ContextHandler.java:doStop(910)) - Stopped o.e.j.s.ServletContextHandler@11ca6e70{/static,jar:file:/home/user/.m2/repository/org/apache/hadoop/hadoop-hdds-server-scm/0.5.0-SNAPSHOT/hadoop-hdds-server-scm-0.5.0-SNAPSHOT.jar!/webapps/static,UNAVAILABLE}
2019-08-24 12:31:30,079 [Thread-1084] INFO  handler.ContextHandler (ContextHandler.java:doStop(910)) - Stopped o.e.j.s.ServletContextHandler@1e5b38e3{/logs,file:///workdir/hadoop-ozone/ozonefs/target/log,UNAVAILABLE}
2019-08-24 12:31:30,081 [Thread-1084] INFO  server.StorageContainerManager (StorageContainerManager.java:stop(844)) - Stopping Block Manager Service.
2019-08-24 12:31:30,081 [Thread-1084] INFO  utils.BackgroundService (BackgroundService.java:shutdown(148)) - Shutting down service SCMBlockDeletingService
2019-08-24 12:31:30,081 [Thread-1084] INFO  utils.BackgroundService (BackgroundService.java:shutdown(148)) - Shutting down service SCMBlockDeletingService
2019-08-24 12:31:30,082 [Thread-1084] INFO  server.StorageContainerManager (StorageContainerManager.java:stop(866)) - Stopping SCM Event Queue.
2019-08-24 12:31:30,085 [Thread-1084] INFO  impl.MetricsSystemImpl (MetricsSystemImpl.java:stop(210)) - Stopping HddsDatanode metrics system...
2019-08-24 12:31:30,091 [Thread-1084] INFO  impl.MetricsSystemImpl (MetricsSystemImpl.java:stop(216)) - HddsDatanode metrics system stopped.
]]></system-out>
  </testcase>
  <testcase name="testListStatusOnLargeDirectory" classname="org.apache.hadoop.fs.ozone.TestOzoneFileSystem" time="21.518"/>
</testsuite>