<?xml version="1.0" encoding="UTF-8"?>
<testsuite xmlns:xsi="http://www.w3.org/2001/XMLSchema-instance" xsi:noNamespaceSchemaLocation="https://maven.apache.org/surefire/maven-surefire-plugin/xsd/surefire-test-report.xsd" name="org.apache.hadoop.ozone.om.TestScmSafeMode" time="144.645" tests="5" errors="1" skipped="0" failures="0">
  <properties>
    <property name="awt.toolkit" value="sun.awt.X11.XToolkit"/>
    <property name="file.encoding.pkg" value="sun.io"/>
    <property name="java.specification.version" value="1.8"/>
    <property name="sun.cpu.isalist" value=""/>
    <property name="sun.jnu.encoding" value="UTF-8"/>
    <property name="java.class.path" value="/workdir/hadoop-ozone/integration-test/target/test-classes:/workdir/hadoop-ozone/integration-test/target/classes:/home/user/.m2/repository/org/apache/hadoop/hadoop-ozone-common/0.5.0-SNAPSHOT/hadoop-ozone-common-0.5.0-SNAPSHOT.jar:/home/user/.m2/repository/org/apache/commons/commons-compress/1.4.1/commons-compress-1.4.1.jar:/home/user/.m2/repository/org/tukaani/xz/1.0/xz-1.0.jar:/home/user/.m2/repository/org/apache/hadoop/hadoop-common/3.2.0/hadoop-common-3.2.0.jar:/home/user/.m2/repository/org/apache/hadoop/hadoop-hdfs/3.2.0/hadoop-hdfs-3.2.0.jar:/home/user/.m2/repository/org/apache/hadoop/hadoop-hdfs-client/3.2.0/hadoop-hdfs-client-3.2.0.jar:/home/user/.m2/repository/com/fasterxml/jackson/core/jackson-annotations/2.9.5/jackson-annotations-2.9.5.jar:/home/user/.m2/repository/org/apache/hadoop/hadoop-hdds-common/0.5.0-SNAPSHOT/hadoop-hdds-common-0.5.0-SNAPSHOT.jar:/home/user/.m2/repository/javax/annotation/javax.annotation-api/1.2/javax.annotation-api-1.2.jar:/home/user/.m2/repository/org/apache/ratis/ratis-server/0.4.0-2337318-SNAPSHOT/ratis-server-0.4.0-2337318-SNAPSHOT.jar:/home/user/.m2/repository/org/apache/ratis/ratis-thirdparty-misc/0.2.0/ratis-thirdparty-misc-0.2.0.jar:/home/user/.m2/repository/org/apache/ratis/ratis-proto/0.4.0-2337318-SNAPSHOT/ratis-proto-0.4.0-2337318-SNAPSHOT.jar:/home/user/.m2/repository/org/apache/ratis/ratis-common/0.4.0-2337318-SNAPSHOT/ratis-common-0.4.0-2337318-SNAPSHOT.jar:/home/user/.m2/repository/org/apache/ratis/ratis-client/0.4.0-2337318-SNAPSHOT/ratis-client-0.4.0-2337318-SNAPSHOT.jar:/home/user/.m2/repository/org/apache/ratis/ratis-metrics/0.4.0-2337318-SNAPSHOT/ratis-metrics-0.4.0-2337318-SNAPSHOT.jar:/home/user/.m2/repository/org/apache/ratis/ratis-netty/0.4.0-2337318-SNAPSHOT/ratis-netty-0.4.0-2337318-SNAPSHOT.jar:/home/user/.m2/repository/org/apache/ratis/ratis-grpc/0.4.0-2337318-SNAPSHOT/ratis-grpc-0.4.0-2337318-SNAPSHOT.jar:/home/user/.m2/repository/org/rocksdb/rocksdbjni/6.0.1/rocksdbjni-6.0.1.jar:/home/user/.m2/repository/org/apache/logging/log4j/log4j-api/2.11.0/log4j-api-2.11.0.jar:/home/user/.m2/repository/org/apache/logging/log4j/log4j-core/2.11.0/log4j-core-2.11.0.jar:/home/user/.m2/repository/com/lmax/disruptor/3.4.2/disruptor-3.4.2.jar:/home/user/.m2/repository/org/apache/commons/commons-pool2/2.6.0/commons-pool2-2.6.0.jar:/home/user/.m2/repository/org/bouncycastle/bcpkix-jdk15on/1.60/bcpkix-jdk15on-1.60.jar:/home/user/.m2/repository/commons-validator/commons-validator/1.6/commons-validator-1.6.jar:/home/user/.m2/repository/commons-digester/commons-digester/1.8.1/commons-digester-1.8.1.jar:/home/user/.m2/repository/io/jaegertracing/jaeger-client/0.33.1/jaeger-client-0.33.1.jar:/home/user/.m2/repository/io/jaegertracing/jaeger-thrift/0.33.1/jaeger-thrift-0.33.1.jar:/home/user/.m2/repository/org/apache/thrift/libthrift/0.11.0/libthrift-0.11.0.jar:/home/user/.m2/repository/com/squareup/okhttp3/okhttp/3.9.0/okhttp-3.9.0.jar:/home/user/.m2/repository/com/squareup/okio/okio/1.13.0/okio-1.13.0.jar:/home/user/.m2/repository/io/jaegertracing/jaeger-core/0.33.1/jaeger-core-0.33.1.jar:/home/user/.m2/repository/io/jaegertracing/jaeger-tracerresolver/0.33.1/jaeger-tracerresolver-0.33.1.jar:/home/user/.m2/repository/io/opentracing/contrib/opentracing-tracerresolver/0.1.5/opentracing-tracerresolver-0.1.5.jar:/home/user/.m2/repository/io/opentracing/opentracing-util/0.31.0/opentracing-util-0.31.0.jar:/home/user/.m2/repository/io/opentracing/opentracing-api/0.31.0/opentracing-api-0.31.0.jar:/home/user/.m2/repository/io/opentracing/opentracing-noop/0.31.0/opentracing-noop-0.31.0.jar:/home/user/.m2/repository/org/apache/hadoop/hadoop-hdds-server-framework/0.5.0-SNAPSHOT/hadoop-hdds-server-framework-0.5.0-SNAPSHOT.jar:/home/user/.m2/repository/org/apache/hadoop/hadoop-hdds-container-service/0.5.0-SNAPSHOT/hadoop-hdds-container-service-0.5.0-SNAPSHOT.jar:/home/user/.m2/repository/org/apache/hadoop/hadoop-hdds-client/0.5.0-SNAPSHOT/hadoop-hdds-client-0.5.0-SNAPSHOT.jar:/home/user/.m2/repository/org/apache/hadoop/hadoop-hdds-tools/0.5.0-SNAPSHOT/hadoop-hdds-tools-0.5.0-SNAPSHOT.jar:/home/user/.m2/repository/org/apache/hadoop/hadoop-hdds-server-scm/0.5.0-SNAPSHOT/hadoop-hdds-server-scm-0.5.0-SNAPSHOT.jar:/home/user/.m2/repository/org/apache/hadoop/hadoop-hdds-docs/0.5.0-SNAPSHOT/hadoop-hdds-docs-0.5.0-SNAPSHOT.jar:/home/user/.m2/repository/io/dropwizard/metrics/metrics-core/3.2.4/metrics-core-3.2.4.jar:/home/user/.m2/repository/org/hamcrest/hamcrest-all/1.3/hamcrest-all-1.3.jar:/home/user/.m2/repository/org/bouncycastle/bcprov-jdk15on/1.60/bcprov-jdk15on-1.60.jar:/home/user/.m2/repository/info/picocli/picocli/3.9.6/picocli-3.9.6.jar:/home/user/.m2/repository/com/google/protobuf/protobuf-java/2.5.0/protobuf-java-2.5.0.jar:/home/user/.m2/repository/com/google/guava/guava/11.0.2/guava-11.0.2.jar:/home/user/.m2/repository/org/apache/hadoop/hadoop-ozone-ozone-manager/0.5.0-SNAPSHOT/hadoop-ozone-ozone-manager-0.5.0-SNAPSHOT.jar:/home/user/.m2/repository/org/apache/hadoop/hadoop-minikdc/3.2.0/hadoop-minikdc-3.2.0.jar:/home/user/.m2/repository/commons-io/commons-io/2.5/commons-io-2.5.jar:/home/user/.m2/repository/org/apache/kerby/kerb-simplekdc/1.0.1/kerb-simplekdc-1.0.1.jar:/home/user/.m2/repository/org/apache/kerby/kerb-client/1.0.1/kerb-client-1.0.1.jar:/home/user/.m2/repository/org/apache/kerby/kerby-config/1.0.1/kerby-config-1.0.1.jar:/home/user/.m2/repository/org/apache/kerby/kerb-core/1.0.1/kerb-core-1.0.1.jar:/home/user/.m2/repository/org/apache/kerby/kerby-pkix/1.0.1/kerby-pkix-1.0.1.jar:/home/user/.m2/repository/org/apache/kerby/kerby-asn1/1.0.1/kerby-asn1-1.0.1.jar:/home/user/.m2/repository/org/apache/kerby/kerby-util/1.0.1/kerby-util-1.0.1.jar:/home/user/.m2/repository/org/apache/kerby/kerb-common/1.0.1/kerb-common-1.0.1.jar:/home/user/.m2/repository/org/apache/kerby/kerb-crypto/1.0.1/kerb-crypto-1.0.1.jar:/home/user/.m2/repository/org/apache/kerby/kerb-util/1.0.1/kerb-util-1.0.1.jar:/home/user/.m2/repository/org/apache/kerby/token-provider/1.0.1/token-provider-1.0.1.jar:/home/user/.m2/repository/org/apache/kerby/kerb-admin/1.0.1/kerb-admin-1.0.1.jar:/home/user/.m2/repository/org/apache/kerby/kerb-server/1.0.1/kerb-server-1.0.1.jar:/home/user/.m2/repository/org/apache/kerby/kerb-identity/1.0.1/kerb-identity-1.0.1.jar:/home/user/.m2/repository/org/apache/kerby/kerby-xdr/1.0.1/kerby-xdr-1.0.1.jar:/home/user/.m2/repository/org/slf4j/slf4j-log4j12/1.7.25/slf4j-log4j12-1.7.25.jar:/home/user/.m2/repository/org/apache/hadoop/hadoop-ozone-objectstore-service/0.5.0-SNAPSHOT/hadoop-ozone-objectstore-service-0.5.0-SNAPSHOT.jar:/home/user/.m2/repository/org/apache/hadoop/hadoop-ozone-s3gateway/0.5.0-SNAPSHOT/hadoop-ozone-s3gateway-0.5.0-SNAPSHOT.jar:/home/user/.m2/repository/org/jboss/weld/servlet/weld-servlet/2.4.7.Final/weld-servlet-2.4.7.Final.jar:/home/user/.m2/repository/org/glassfish/jersey/containers/jersey-container-servlet-core/2.27/jersey-container-servlet-core-2.27.jar:/home/user/.m2/repository/org/glassfish/hk2/external/javax.inject/2.5.0-b42/javax.inject-2.5.0-b42.jar:/home/user/.m2/repository/org/glassfish/jersey/core/jersey-common/2.27/jersey-common-2.27.jar:/home/user/.m2/repository/org/glassfish/hk2/osgi-resource-locator/1.0.1/osgi-resource-locator-1.0.1.jar:/home/user/.m2/repository/javax/ws/rs/javax.ws.rs-api/2.1/javax.ws.rs-api-2.1.jar:/home/user/.m2/repository/org/glassfish/jersey/ext/cdi/jersey-cdi1x/2.27/jersey-cdi1x-2.27.jar:/home/user/.m2/repository/org/glassfish/jersey/inject/jersey-hk2/2.27/jersey-hk2-2.27.jar:/home/user/.m2/repository/org/glassfish/hk2/hk2-locator/2.5.0-b42/hk2-locator-2.5.0-b42.jar:/home/user/.m2/repository/org/javassist/javassist/3.22.0-CR2/javassist-3.22.0-CR2.jar:/home/user/.m2/repository/org/glassfish/hk2/hk2-api/2.5.0/hk2-api-2.5.0.jar:/home/user/.m2/repository/org/glassfish/hk2/external/jakarta.inject/2.5.0/jakarta.inject-2.5.0.jar:/home/user/.m2/repository/org/glassfish/hk2/hk2-utils/2.5.0/hk2-utils-2.5.0.jar:/home/user/.m2/repository/jakarta/annotation/jakarta.annotation-api/1.3.4/jakarta.annotation-api-1.3.4.jar:/home/user/.m2/repository/org/glassfish/hk2/external/aopalliance-repackaged/2.5.0/aopalliance-repackaged-2.5.0.jar:/home/user/.m2/repository/com/fasterxml/jackson/dataformat/jackson-dataformat-xml/2.9.0/jackson-dataformat-xml-2.9.0.jar:/home/user/.m2/repository/com/fasterxml/jackson/core/jackson-core/2.9.5/jackson-core-2.9.5.jar:/home/user/.m2/repository/com/fasterxml/jackson/module/jackson-module-jaxb-annotations/2.9.5/jackson-module-jaxb-annotations-2.9.5.jar:/home/user/.m2/repository/javax/enterprise/cdi-api/1.2/cdi-api-1.2.jar:/home/user/.m2/repository/javax/el/javax.el-api/3.0.0/javax.el-api-3.0.0.jar:/home/user/.m2/repository/javax/interceptor/javax.interceptor-api/1.2/javax.interceptor-api-1.2.jar:/home/user/.m2/repository/javax/inject/javax.inject/1/javax.inject-1.jar:/home/user/.m2/repository/com/sun/xml/bind/jaxb-impl/2.3.0.1/jaxb-impl-2.3.0.1.jar:/home/user/.m2/repository/com/sun/xml/bind/jaxb-core/2.3.0.1/jaxb-core-2.3.0.1.jar:/home/user/.m2/repository/javax/xml/bind/jaxb-api/2.3.0/jaxb-api-2.3.0.jar:/home/user/.m2/repository/javax/activation/activation/1.1.1/activation-1.1.1.jar:/home/user/.m2/repository/org/apache/hadoop/hadoop-ozone-csi/0.5.0-SNAPSHOT/hadoop-ozone-csi-0.5.0-SNAPSHOT.jar:/home/user/.m2/repository/com/google/protobuf/protobuf-java-util/3.5.1/protobuf-java-util-3.5.1.jar:/home/user/.m2/repository/org/apache/hadoop/hadoop-hdds-config/0.5.0-SNAPSHOT/hadoop-hdds-config-0.5.0-SNAPSHOT.jar:/home/user/.m2/repository/io/grpc/grpc-netty/1.17.1/grpc-netty-1.17.1.jar:/home/user/.m2/repository/io/grpc/grpc-core/1.17.1/grpc-core-1.17.1.jar:/home/user/.m2/repository/io/grpc/grpc-context/1.17.1/grpc-context-1.17.1.jar:/home/user/.m2/repository/com/google/errorprone/error_prone_annotations/2.2.0/error_prone_annotations-2.2.0.jar:/home/user/.m2/repository/org/codehaus/mojo/animal-sniffer-annotations/1.17/animal-sniffer-annotations-1.17.jar:/home/user/.m2/repository/io/opencensus/opencensus-api/0.17.0/opencensus-api-0.17.0.jar:/home/user/.m2/repository/io/opencensus/opencensus-contrib-grpc-metrics/0.17.0/opencensus-contrib-grpc-metrics-0.17.0.jar:/home/user/.m2/repository/io/netty/netty-codec-http2/4.1.30.Final/netty-codec-http2-4.1.30.Final.jar:/home/user/.m2/repository/io/netty/netty-codec-http/4.1.30.Final/netty-codec-http-4.1.30.Final.jar:/home/user/.m2/repository/io/netty/netty-codec/4.1.30.Final/netty-codec-4.1.30.Final.jar:/home/user/.m2/repository/io/netty/netty-handler/4.1.30.Final/netty-handler-4.1.30.Final.jar:/home/user/.m2/repository/io/netty/netty-handler-proxy/4.1.30.Final/netty-handler-proxy-4.1.30.Final.jar:/home/user/.m2/repository/io/netty/netty-codec-socks/4.1.30.Final/netty-codec-socks-4.1.30.Final.jar:/home/user/.m2/repository/io/netty/netty-transport-native-epoll/4.1.30.Final/netty-transport-native-epoll-4.1.30.Final.jar:/home/user/.m2/repository/io/netty/netty-common/4.1.30.Final/netty-common-4.1.30.Final.jar:/home/user/.m2/repository/io/netty/netty-buffer/4.1.30.Final/netty-buffer-4.1.30.Final.jar:/home/user/.m2/repository/io/netty/netty-transport/4.1.30.Final/netty-transport-4.1.30.Final.jar:/home/user/.m2/repository/io/netty/netty-resolver/4.1.30.Final/netty-resolver-4.1.30.Final.jar:/home/user/.m2/repository/io/netty/netty-transport-native-unix-common/4.1.30.Final/netty-transport-native-unix-common-4.1.30.Final.jar:/home/user/.m2/repository/io/grpc/grpc-protobuf/1.17.1/grpc-protobuf-1.17.1.jar:/home/user/.m2/repository/com/google/api/grpc/proto-google-common-protos/1.0.0/proto-google-common-protos-1.0.0.jar:/home/user/.m2/repository/io/grpc/grpc-protobuf-lite/1.17.1/grpc-protobuf-lite-1.17.1.jar:/home/user/.m2/repository/io/grpc/grpc-stub/1.17.1/grpc-stub-1.17.1.jar:/home/user/.m2/repository/org/apache/hadoop/hadoop-ozone-recon/0.5.0-SNAPSHOT/hadoop-ozone-recon-0.5.0-SNAPSHOT.jar:/home/user/.m2/repository/org/apache/hadoop/hadoop-ozone-reconcodegen/0.5.0-SNAPSHOT/hadoop-ozone-reconcodegen-0.5.0-SNAPSHOT.jar:/home/user/.m2/repository/com/google/inject/extensions/guice-multibindings/4.0/guice-multibindings-4.0.jar:/home/user/.m2/repository/com/google/inject/guice/4.0/guice-4.0.jar:/home/user/.m2/repository/aopalliance/aopalliance/1.0/aopalliance-1.0.jar:/home/user/.m2/repository/com/google/inject/extensions/guice-servlet/4.0/guice-servlet-4.0.jar:/home/user/.m2/repository/org/glassfish/jersey/containers/jersey-container-servlet/2.27/jersey-container-servlet-2.27.jar:/home/user/.m2/repository/org/glassfish/hk2/guice-bridge/2.5.0/guice-bridge-2.5.0.jar:/home/user/.m2/repository/org/glassfish/jersey/core/jersey-server/2.27/jersey-server-2.27.jar:/home/user/.m2/repository/org/glassfish/jersey/core/jersey-client/2.27/jersey-client-2.27.jar:/home/user/.m2/repository/org/glassfish/jersey/media/jersey-media-jaxb/2.27/jersey-media-jaxb-2.27.jar:/home/user/.m2/repository/javax/validation/validation-api/1.1.0.Final/validation-api-1.1.0.Final.jar:/home/user/.m2/repository/org/glassfish/jersey/media/jersey-media-json-jackson/2.27/jersey-media-json-jackson-2.27.jar:/home/user/.m2/repository/org/glassfish/jersey/ext/jersey-entity-filtering/2.27/jersey-entity-filtering-2.27.jar:/home/user/.m2/repository/com/google/inject/extensions/guice-assistedinject/4.0/guice-assistedinject-4.0.jar:/home/user/.m2/repository/org/jooq/jooq/3.11.10/jooq-3.11.10.jar:/home/user/.m2/repository/org/jooq/jooq-meta/3.11.10/jooq-meta-3.11.10.jar:/home/user/.m2/repository/org/jooq/jooq-codegen/3.11.10/jooq-codegen-3.11.10.jar:/home/user/.m2/repository/com/jolbox/bonecp/0.8.0.RELEASE/bonecp-0.8.0.RELEASE.jar:/home/user/.m2/repository/org/xerial/sqlite-jdbc/3.25.2/sqlite-jdbc-3.25.2.jar:/home/user/.m2/repository/org/springframework/spring-jdbc/5.1.3.RELEASE/spring-jdbc-5.1.3.RELEASE.jar:/home/user/.m2/repository/org/springframework/spring-beans/5.1.3.RELEASE/spring-beans-5.1.3.RELEASE.jar:/home/user/.m2/repository/org/springframework/spring-core/5.1.3.RELEASE/spring-core-5.1.3.RELEASE.jar:/home/user/.m2/repository/org/springframework/spring-jcl/5.1.3.RELEASE/spring-jcl-5.1.3.RELEASE.jar:/home/user/.m2/repository/org/springframework/spring-tx/5.1.3.RELEASE/spring-tx-5.1.3.RELEASE.jar:/home/user/.m2/repository/org/apache/hadoop/hadoop-ozone-client/0.5.0-SNAPSHOT/hadoop-ozone-client-0.5.0-SNAPSHOT.jar:/home/user/.m2/repository/commons-lang/commons-lang/2.6/commons-lang-2.6.jar:/home/user/.m2/repository/org/apache/hadoop/hadoop-ozone-ozone-manager/0.5.0-SNAPSHOT/hadoop-ozone-ozone-manager-0.5.0-SNAPSHOT-tests.jar:/home/user/.m2/repository/junit/junit/4.11/junit-4.11.jar:/home/user/.m2/repository/org/hamcrest/hamcrest-core/1.3/hamcrest-core-1.3.jar:/home/user/.m2/repository/org/openjdk/jmh/jmh-core/1.19/jmh-core-1.19.jar:/home/user/.m2/repository/net/sf/jopt-simple/jopt-simple/4.6/jopt-simple-4.6.jar:/home/user/.m2/repository/org/apache/commons/commons-math3/3.1.1/commons-math3-3.1.1.jar:/home/user/.m2/repository/org/openjdk/jmh/jmh-generator-annprocess/1.19/jmh-generator-annprocess-1.19.jar:/home/user/.m2/repository/org/mockito/mockito-all/1.8.5/mockito-all-1.8.5.jar:/home/user/.m2/repository/org/apache/hadoop/hadoop-kms/3.2.0/hadoop-kms-3.2.0.jar:/home/user/.m2/repository/org/apache/hadoop/hadoop-auth/3.2.0/hadoop-auth-3.2.0.jar:/home/user/.m2/repository/com/nimbusds/nimbus-jose-jwt/4.41.1/nimbus-jose-jwt-4.41.1.jar:/home/user/.m2/repository/com/github/stephenc/jcip/jcip-annotations/1.0-1/jcip-annotations-1.0-1.jar:/home/user/.m2/repository/net/minidev/json-smart/2.3/json-smart-2.3.jar:/home/user/.m2/repository/net/minidev/accessors-smart/1.2/accessors-smart-1.2.jar:/home/user/.m2/repository/org/ow2/asm/asm/5.0.4/asm-5.0.4.jar:/home/user/.m2/repository/org/apache/curator/curator-framework/2.12.0/curator-framework-2.12.0.jar:/home/user/.m2/repository/com/sun/jersey/jersey-core/1.19/jersey-core-1.19.jar:/home/user/.m2/repository/javax/ws/rs/jsr311-api/1.1.1/jsr311-api-1.1.1.jar:/home/user/.m2/repository/com/sun/jersey/jersey-server/1.19/jersey-server-1.19.jar:/home/user/.m2/repository/javax/servlet/javax.servlet-api/3.1.0/javax.servlet-api-3.1.0.jar:/home/user/.m2/repository/org/eclipse/jetty/jetty-server/9.3.24.v20180605/jetty-server-9.3.24.v20180605.jar:/home/user/.m2/repository/org/eclipse/jetty/jetty-http/9.3.24.v20180605/jetty-http-9.3.24.v20180605.jar:/home/user/.m2/repository/org/eclipse/jetty/jetty-io/9.3.24.v20180605/jetty-io-9.3.24.v20180605.jar:/home/user/.m2/repository/org/eclipse/jetty/jetty-webapp/9.3.24.v20180605/jetty-webapp-9.3.24.v20180605.jar:/home/user/.m2/repository/org/eclipse/jetty/jetty-xml/9.3.24.v20180605/jetty-xml-9.3.24.v20180605.jar:/home/user/.m2/repository/log4j/log4j/1.2.17/log4j-1.2.17.jar:/home/user/.m2/repository/org/slf4j/slf4j-api/1.7.25/slf4j-api-1.7.25.jar:/home/user/.m2/repository/org/slf4j/jul-to-slf4j/1.7.25/jul-to-slf4j-1.7.25.jar:/home/user/.m2/repository/org/eclipse/jetty/jetty-util/9.3.24.v20180605/jetty-util-9.3.24.v20180605.jar:/home/user/.m2/repository/com/fasterxml/jackson/core/jackson-databind/2.9.5/jackson-databind-2.9.5.jar:/home/user/.m2/repository/org/apache/hadoop/hadoop-kms/3.2.0/hadoop-kms-3.2.0-tests.jar:/home/user/.m2/repository/org/apache/hadoop/hadoop-hdds-server-scm/0.5.0-SNAPSHOT/hadoop-hdds-server-scm-0.5.0-SNAPSHOT-tests.jar:/home/user/.m2/repository/org/apache/hadoop/hadoop-hdds-container-service/0.5.0-SNAPSHOT/hadoop-hdds-container-service-0.5.0-SNAPSHOT-tests.jar:/home/user/.m2/repository/org/yaml/snakeyaml/1.16/snakeyaml-1.16.jar:/home/user/.m2/repository/org/apache/hadoop/hadoop-common/3.2.0/hadoop-common-3.2.0-tests.jar:/home/user/.m2/repository/org/apache/hadoop/hadoop-annotations/3.2.0/hadoop-annotations-3.2.0.jar:/usr/lib/jvm/java-1.8-openjdk/jre/../lib/tools.jar:/home/user/.m2/repository/commons-cli/commons-cli/1.2/commons-cli-1.2.jar:/home/user/.m2/repository/org/apache/httpcomponents/httpclient/4.5.2/httpclient-4.5.2.jar:/home/user/.m2/repository/org/apache/httpcomponents/httpcore/4.4.4/httpcore-4.4.4.jar:/home/user/.m2/repository/commons-codec/commons-codec/1.11/commons-codec-1.11.jar:/home/user/.m2/repository/commons-net/commons-net/3.6/commons-net-3.6.jar:/home/user/.m2/repository/commons-collections/commons-collections/3.2.2/commons-collections-3.2.2.jar:/home/user/.m2/repository/org/eclipse/jetty/jetty-servlet/9.3.24.v20180605/jetty-servlet-9.3.24.v20180605.jar:/home/user/.m2/repository/org/eclipse/jetty/jetty-security/9.3.24.v20180605/jetty-security-9.3.24.v20180605.jar:/home/user/.m2/repository/javax/servlet/jsp/jsp-api/2.1/jsp-api-2.1.jar:/home/user/.m2/repository/com/sun/jersey/jersey-servlet/1.19/jersey-servlet-1.19.jar:/home/user/.m2/repository/com/sun/jersey/jersey-json/1.19/jersey-json-1.19.jar:/home/user/.m2/repository/org/codehaus/jettison/jettison/1.1/jettison-1.1.jar:/home/user/.m2/repository/org/codehaus/jackson/jackson-core-asl/1.9.13/jackson-core-asl-1.9.13.jar:/home/user/.m2/repository/org/codehaus/jackson/jackson-mapper-asl/1.9.13/jackson-mapper-asl-1.9.13.jar:/home/user/.m2/repository/org/codehaus/jackson/jackson-jaxrs/1.9.13/jackson-jaxrs-1.9.13.jar:/home/user/.m2/repository/org/codehaus/jackson/jackson-xc/1.9.13/jackson-xc-1.9.13.jar:/home/user/.m2/repository/commons-logging/commons-logging/1.1.3/commons-logging-1.1.3.jar:/home/user/.m2/repository/commons-beanutils/commons-beanutils/1.9.3/commons-beanutils-1.9.3.jar:/home/user/.m2/repository/org/apache/commons/commons-configuration2/2.1.1/commons-configuration2-2.1.1.jar:/home/user/.m2/repository/org/apache/commons/commons-lang3/3.7/commons-lang3-3.7.jar:/home/user/.m2/repository/org/apache/commons/commons-text/1.4/commons-text-1.4.jar:/home/user/.m2/repository/org/apache/avro/avro/1.7.7/avro-1.7.7.jar:/home/user/.m2/repository/com/thoughtworks/paranamer/paranamer/2.3/paranamer-2.3.jar:/home/user/.m2/repository/org/xerial/snappy/snappy-java/1.0.5/snappy-java-1.0.5.jar:/home/user/.m2/repository/com/google/re2j/re2j/1.1/re2j-1.1.jar:/home/user/.m2/repository/com/google/code/gson/gson/2.2.4/gson-2.2.4.jar:/home/user/.m2/repository/com/jcraft/jsch/0.1.54/jsch-0.1.54.jar:/home/user/.m2/repository/org/apache/curator/curator-client/2.12.0/curator-client-2.12.0.jar:/home/user/.m2/repository/org/apache/curator/curator-recipes/2.12.0/curator-recipes-2.12.0.jar:/home/user/.m2/repository/com/google/code/findbugs/jsr305/3.0.0/jsr305-3.0.0.jar:/home/user/.m2/repository/org/apache/htrace/htrace-core4/4.1.0-incubating/htrace-core4-4.1.0-incubating.jar:/home/user/.m2/repository/org/apache/zookeeper/zookeeper/3.4.13/zookeeper-3.4.13.jar:/home/user/.m2/repository/org/apache/yetus/audience-annotations/0.5.0/audience-annotations-0.5.0.jar:/home/user/.m2/repository/org/codehaus/woodstox/stax2-api/3.1.4/stax2-api-3.1.4.jar:/home/user/.m2/repository/com/fasterxml/woodstox/woodstox-core/5.0.3/woodstox-core-5.0.3.jar:/home/user/.m2/repository/dnsjava/dnsjava/2.1.7/dnsjava-2.1.7.jar:/home/user/.m2/repository/org/apache/hadoop/hadoop-hdfs/3.2.0/hadoop-hdfs-3.2.0-tests.jar:/home/user/.m2/repository/org/eclipse/jetty/jetty-util-ajax/9.3.24.v20180605/jetty-util-ajax-9.3.24.v20180605.jar:/home/user/.m2/repository/commons-daemon/commons-daemon/1.0.13/commons-daemon-1.0.13.jar:/home/user/.m2/repository/io/netty/netty/3.10.5.Final/netty-3.10.5.Final.jar:/home/user/.m2/repository/io/netty/netty-all/4.0.52.Final/netty-all-4.0.52.Final.jar:/home/user/.m2/repository/org/fusesource/leveldbjni/leveldbjni-all/1.8/leveldbjni-all-1.8.jar:"/>
    <property name="java.vm.vendor" value="IcedTea"/>
    <property name="sun.arch.data.model" value="64"/>
    <property name="test.build.dir" value="/workdir/hadoop-ozone/integration-test/target/test-dir"/>
    <property name="test.cache.data" value=""/>
    <property name="java.vendor.url" value="https://icedtea.classpath.org"/>
    <property name="user.timezone" value=""/>
    <property name="java.vm.specification.version" value="1.8"/>
    <property name="os.name" value="Linux"/>
    <property name="test.build.data" value="/workdir/hadoop-ozone/integration-test/target/test-dir"/>
    <property name="user.country" value="US"/>
    <property name="sun.java.launcher" value="SUN_STANDARD"/>
    <property name="sun.boot.library.path" value="/usr/lib/jvm/java-1.8-openjdk/jre/lib/amd64"/>
    <property name="sun.java.command" value="/workdir/hadoop-ozone/integration-test/target/surefire/surefirebooter8799843884211588909.jar /workdir/hadoop-ozone/integration-test/target/surefire 2019-08-23T00-59-35_394-jvmRun1 surefire5366899315462777535tmp surefire_754096166416655897473tmp"/>
    <property name="test" value="!TestMiniChaosOzoneCluster"/>
    <property name="surefire.test.class.path" value="/workdir/hadoop-ozone/integration-test/target/test-classes:/workdir/hadoop-ozone/integration-test/target/classes:/home/user/.m2/repository/org/apache/hadoop/hadoop-ozone-common/0.5.0-SNAPSHOT/hadoop-ozone-common-0.5.0-SNAPSHOT.jar:/home/user/.m2/repository/org/apache/commons/commons-compress/1.4.1/commons-compress-1.4.1.jar:/home/user/.m2/repository/org/tukaani/xz/1.0/xz-1.0.jar:/home/user/.m2/repository/org/apache/hadoop/hadoop-common/3.2.0/hadoop-common-3.2.0.jar:/home/user/.m2/repository/org/apache/hadoop/hadoop-hdfs/3.2.0/hadoop-hdfs-3.2.0.jar:/home/user/.m2/repository/org/apache/hadoop/hadoop-hdfs-client/3.2.0/hadoop-hdfs-client-3.2.0.jar:/home/user/.m2/repository/com/fasterxml/jackson/core/jackson-annotations/2.9.5/jackson-annotations-2.9.5.jar:/home/user/.m2/repository/org/apache/hadoop/hadoop-hdds-common/0.5.0-SNAPSHOT/hadoop-hdds-common-0.5.0-SNAPSHOT.jar:/home/user/.m2/repository/javax/annotation/javax.annotation-api/1.2/javax.annotation-api-1.2.jar:/home/user/.m2/repository/org/apache/ratis/ratis-server/0.4.0-2337318-SNAPSHOT/ratis-server-0.4.0-2337318-SNAPSHOT.jar:/home/user/.m2/repository/org/apache/ratis/ratis-thirdparty-misc/0.2.0/ratis-thirdparty-misc-0.2.0.jar:/home/user/.m2/repository/org/apache/ratis/ratis-proto/0.4.0-2337318-SNAPSHOT/ratis-proto-0.4.0-2337318-SNAPSHOT.jar:/home/user/.m2/repository/org/apache/ratis/ratis-common/0.4.0-2337318-SNAPSHOT/ratis-common-0.4.0-2337318-SNAPSHOT.jar:/home/user/.m2/repository/org/apache/ratis/ratis-client/0.4.0-2337318-SNAPSHOT/ratis-client-0.4.0-2337318-SNAPSHOT.jar:/home/user/.m2/repository/org/apache/ratis/ratis-metrics/0.4.0-2337318-SNAPSHOT/ratis-metrics-0.4.0-2337318-SNAPSHOT.jar:/home/user/.m2/repository/org/apache/ratis/ratis-netty/0.4.0-2337318-SNAPSHOT/ratis-netty-0.4.0-2337318-SNAPSHOT.jar:/home/user/.m2/repository/org/apache/ratis/ratis-grpc/0.4.0-2337318-SNAPSHOT/ratis-grpc-0.4.0-2337318-SNAPSHOT.jar:/home/user/.m2/repository/org/rocksdb/rocksdbjni/6.0.1/rocksdbjni-6.0.1.jar:/home/user/.m2/repository/org/apache/logging/log4j/log4j-api/2.11.0/log4j-api-2.11.0.jar:/home/user/.m2/repository/org/apache/logging/log4j/log4j-core/2.11.0/log4j-core-2.11.0.jar:/home/user/.m2/repository/com/lmax/disruptor/3.4.2/disruptor-3.4.2.jar:/home/user/.m2/repository/org/apache/commons/commons-pool2/2.6.0/commons-pool2-2.6.0.jar:/home/user/.m2/repository/org/bouncycastle/bcpkix-jdk15on/1.60/bcpkix-jdk15on-1.60.jar:/home/user/.m2/repository/commons-validator/commons-validator/1.6/commons-validator-1.6.jar:/home/user/.m2/repository/commons-digester/commons-digester/1.8.1/commons-digester-1.8.1.jar:/home/user/.m2/repository/io/jaegertracing/jaeger-client/0.33.1/jaeger-client-0.33.1.jar:/home/user/.m2/repository/io/jaegertracing/jaeger-thrift/0.33.1/jaeger-thrift-0.33.1.jar:/home/user/.m2/repository/org/apache/thrift/libthrift/0.11.0/libthrift-0.11.0.jar:/home/user/.m2/repository/com/squareup/okhttp3/okhttp/3.9.0/okhttp-3.9.0.jar:/home/user/.m2/repository/com/squareup/okio/okio/1.13.0/okio-1.13.0.jar:/home/user/.m2/repository/io/jaegertracing/jaeger-core/0.33.1/jaeger-core-0.33.1.jar:/home/user/.m2/repository/io/jaegertracing/jaeger-tracerresolver/0.33.1/jaeger-tracerresolver-0.33.1.jar:/home/user/.m2/repository/io/opentracing/contrib/opentracing-tracerresolver/0.1.5/opentracing-tracerresolver-0.1.5.jar:/home/user/.m2/repository/io/opentracing/opentracing-util/0.31.0/opentracing-util-0.31.0.jar:/home/user/.m2/repository/io/opentracing/opentracing-api/0.31.0/opentracing-api-0.31.0.jar:/home/user/.m2/repository/io/opentracing/opentracing-noop/0.31.0/opentracing-noop-0.31.0.jar:/home/user/.m2/repository/org/apache/hadoop/hadoop-hdds-server-framework/0.5.0-SNAPSHOT/hadoop-hdds-server-framework-0.5.0-SNAPSHOT.jar:/home/user/.m2/repository/org/apache/hadoop/hadoop-hdds-container-service/0.5.0-SNAPSHOT/hadoop-hdds-container-service-0.5.0-SNAPSHOT.jar:/home/user/.m2/repository/org/apache/hadoop/hadoop-hdds-client/0.5.0-SNAPSHOT/hadoop-hdds-client-0.5.0-SNAPSHOT.jar:/home/user/.m2/repository/org/apache/hadoop/hadoop-hdds-tools/0.5.0-SNAPSHOT/hadoop-hdds-tools-0.5.0-SNAPSHOT.jar:/home/user/.m2/repository/org/apache/hadoop/hadoop-hdds-server-scm/0.5.0-SNAPSHOT/hadoop-hdds-server-scm-0.5.0-SNAPSHOT.jar:/home/user/.m2/repository/org/apache/hadoop/hadoop-hdds-docs/0.5.0-SNAPSHOT/hadoop-hdds-docs-0.5.0-SNAPSHOT.jar:/home/user/.m2/repository/io/dropwizard/metrics/metrics-core/3.2.4/metrics-core-3.2.4.jar:/home/user/.m2/repository/org/hamcrest/hamcrest-all/1.3/hamcrest-all-1.3.jar:/home/user/.m2/repository/org/bouncycastle/bcprov-jdk15on/1.60/bcprov-jdk15on-1.60.jar:/home/user/.m2/repository/info/picocli/picocli/3.9.6/picocli-3.9.6.jar:/home/user/.m2/repository/com/google/protobuf/protobuf-java/2.5.0/protobuf-java-2.5.0.jar:/home/user/.m2/repository/com/google/guava/guava/11.0.2/guava-11.0.2.jar:/home/user/.m2/repository/org/apache/hadoop/hadoop-ozone-ozone-manager/0.5.0-SNAPSHOT/hadoop-ozone-ozone-manager-0.5.0-SNAPSHOT.jar:/home/user/.m2/repository/org/apache/hadoop/hadoop-minikdc/3.2.0/hadoop-minikdc-3.2.0.jar:/home/user/.m2/repository/commons-io/commons-io/2.5/commons-io-2.5.jar:/home/user/.m2/repository/org/apache/kerby/kerb-simplekdc/1.0.1/kerb-simplekdc-1.0.1.jar:/home/user/.m2/repository/org/apache/kerby/kerb-client/1.0.1/kerb-client-1.0.1.jar:/home/user/.m2/repository/org/apache/kerby/kerby-config/1.0.1/kerby-config-1.0.1.jar:/home/user/.m2/repository/org/apache/kerby/kerb-core/1.0.1/kerb-core-1.0.1.jar:/home/user/.m2/repository/org/apache/kerby/kerby-pkix/1.0.1/kerby-pkix-1.0.1.jar:/home/user/.m2/repository/org/apache/kerby/kerby-asn1/1.0.1/kerby-asn1-1.0.1.jar:/home/user/.m2/repository/org/apache/kerby/kerby-util/1.0.1/kerby-util-1.0.1.jar:/home/user/.m2/repository/org/apache/kerby/kerb-common/1.0.1/kerb-common-1.0.1.jar:/home/user/.m2/repository/org/apache/kerby/kerb-crypto/1.0.1/kerb-crypto-1.0.1.jar:/home/user/.m2/repository/org/apache/kerby/kerb-util/1.0.1/kerb-util-1.0.1.jar:/home/user/.m2/repository/org/apache/kerby/token-provider/1.0.1/token-provider-1.0.1.jar:/home/user/.m2/repository/org/apache/kerby/kerb-admin/1.0.1/kerb-admin-1.0.1.jar:/home/user/.m2/repository/org/apache/kerby/kerb-server/1.0.1/kerb-server-1.0.1.jar:/home/user/.m2/repository/org/apache/kerby/kerb-identity/1.0.1/kerb-identity-1.0.1.jar:/home/user/.m2/repository/org/apache/kerby/kerby-xdr/1.0.1/kerby-xdr-1.0.1.jar:/home/user/.m2/repository/org/slf4j/slf4j-log4j12/1.7.25/slf4j-log4j12-1.7.25.jar:/home/user/.m2/repository/org/apache/hadoop/hadoop-ozone-objectstore-service/0.5.0-SNAPSHOT/hadoop-ozone-objectstore-service-0.5.0-SNAPSHOT.jar:/home/user/.m2/repository/org/apache/hadoop/hadoop-ozone-s3gateway/0.5.0-SNAPSHOT/hadoop-ozone-s3gateway-0.5.0-SNAPSHOT.jar:/home/user/.m2/repository/org/jboss/weld/servlet/weld-servlet/2.4.7.Final/weld-servlet-2.4.7.Final.jar:/home/user/.m2/repository/org/glassfish/jersey/containers/jersey-container-servlet-core/2.27/jersey-container-servlet-core-2.27.jar:/home/user/.m2/repository/org/glassfish/hk2/external/javax.inject/2.5.0-b42/javax.inject-2.5.0-b42.jar:/home/user/.m2/repository/org/glassfish/jersey/core/jersey-common/2.27/jersey-common-2.27.jar:/home/user/.m2/repository/org/glassfish/hk2/osgi-resource-locator/1.0.1/osgi-resource-locator-1.0.1.jar:/home/user/.m2/repository/javax/ws/rs/javax.ws.rs-api/2.1/javax.ws.rs-api-2.1.jar:/home/user/.m2/repository/org/glassfish/jersey/ext/cdi/jersey-cdi1x/2.27/jersey-cdi1x-2.27.jar:/home/user/.m2/repository/org/glassfish/jersey/inject/jersey-hk2/2.27/jersey-hk2-2.27.jar:/home/user/.m2/repository/org/glassfish/hk2/hk2-locator/2.5.0-b42/hk2-locator-2.5.0-b42.jar:/home/user/.m2/repository/org/javassist/javassist/3.22.0-CR2/javassist-3.22.0-CR2.jar:/home/user/.m2/repository/org/glassfish/hk2/hk2-api/2.5.0/hk2-api-2.5.0.jar:/home/user/.m2/repository/org/glassfish/hk2/external/jakarta.inject/2.5.0/jakarta.inject-2.5.0.jar:/home/user/.m2/repository/org/glassfish/hk2/hk2-utils/2.5.0/hk2-utils-2.5.0.jar:/home/user/.m2/repository/jakarta/annotation/jakarta.annotation-api/1.3.4/jakarta.annotation-api-1.3.4.jar:/home/user/.m2/repository/org/glassfish/hk2/external/aopalliance-repackaged/2.5.0/aopalliance-repackaged-2.5.0.jar:/home/user/.m2/repository/com/fasterxml/jackson/dataformat/jackson-dataformat-xml/2.9.0/jackson-dataformat-xml-2.9.0.jar:/home/user/.m2/repository/com/fasterxml/jackson/core/jackson-core/2.9.5/jackson-core-2.9.5.jar:/home/user/.m2/repository/com/fasterxml/jackson/module/jackson-module-jaxb-annotations/2.9.5/jackson-module-jaxb-annotations-2.9.5.jar:/home/user/.m2/repository/javax/enterprise/cdi-api/1.2/cdi-api-1.2.jar:/home/user/.m2/repository/javax/el/javax.el-api/3.0.0/javax.el-api-3.0.0.jar:/home/user/.m2/repository/javax/interceptor/javax.interceptor-api/1.2/javax.interceptor-api-1.2.jar:/home/user/.m2/repository/javax/inject/javax.inject/1/javax.inject-1.jar:/home/user/.m2/repository/com/sun/xml/bind/jaxb-impl/2.3.0.1/jaxb-impl-2.3.0.1.jar:/home/user/.m2/repository/com/sun/xml/bind/jaxb-core/2.3.0.1/jaxb-core-2.3.0.1.jar:/home/user/.m2/repository/javax/xml/bind/jaxb-api/2.3.0/jaxb-api-2.3.0.jar:/home/user/.m2/repository/javax/activation/activation/1.1.1/activation-1.1.1.jar:/home/user/.m2/repository/org/apache/hadoop/hadoop-ozone-csi/0.5.0-SNAPSHOT/hadoop-ozone-csi-0.5.0-SNAPSHOT.jar:/home/user/.m2/repository/com/google/protobuf/protobuf-java-util/3.5.1/protobuf-java-util-3.5.1.jar:/home/user/.m2/repository/org/apache/hadoop/hadoop-hdds-config/0.5.0-SNAPSHOT/hadoop-hdds-config-0.5.0-SNAPSHOT.jar:/home/user/.m2/repository/io/grpc/grpc-netty/1.17.1/grpc-netty-1.17.1.jar:/home/user/.m2/repository/io/grpc/grpc-core/1.17.1/grpc-core-1.17.1.jar:/home/user/.m2/repository/io/grpc/grpc-context/1.17.1/grpc-context-1.17.1.jar:/home/user/.m2/repository/com/google/errorprone/error_prone_annotations/2.2.0/error_prone_annotations-2.2.0.jar:/home/user/.m2/repository/org/codehaus/mojo/animal-sniffer-annotations/1.17/animal-sniffer-annotations-1.17.jar:/home/user/.m2/repository/io/opencensus/opencensus-api/0.17.0/opencensus-api-0.17.0.jar:/home/user/.m2/repository/io/opencensus/opencensus-contrib-grpc-metrics/0.17.0/opencensus-contrib-grpc-metrics-0.17.0.jar:/home/user/.m2/repository/io/netty/netty-codec-http2/4.1.30.Final/netty-codec-http2-4.1.30.Final.jar:/home/user/.m2/repository/io/netty/netty-codec-http/4.1.30.Final/netty-codec-http-4.1.30.Final.jar:/home/user/.m2/repository/io/netty/netty-codec/4.1.30.Final/netty-codec-4.1.30.Final.jar:/home/user/.m2/repository/io/netty/netty-handler/4.1.30.Final/netty-handler-4.1.30.Final.jar:/home/user/.m2/repository/io/netty/netty-handler-proxy/4.1.30.Final/netty-handler-proxy-4.1.30.Final.jar:/home/user/.m2/repository/io/netty/netty-codec-socks/4.1.30.Final/netty-codec-socks-4.1.30.Final.jar:/home/user/.m2/repository/io/netty/netty-transport-native-epoll/4.1.30.Final/netty-transport-native-epoll-4.1.30.Final.jar:/home/user/.m2/repository/io/netty/netty-common/4.1.30.Final/netty-common-4.1.30.Final.jar:/home/user/.m2/repository/io/netty/netty-buffer/4.1.30.Final/netty-buffer-4.1.30.Final.jar:/home/user/.m2/repository/io/netty/netty-transport/4.1.30.Final/netty-transport-4.1.30.Final.jar:/home/user/.m2/repository/io/netty/netty-resolver/4.1.30.Final/netty-resolver-4.1.30.Final.jar:/home/user/.m2/repository/io/netty/netty-transport-native-unix-common/4.1.30.Final/netty-transport-native-unix-common-4.1.30.Final.jar:/home/user/.m2/repository/io/grpc/grpc-protobuf/1.17.1/grpc-protobuf-1.17.1.jar:/home/user/.m2/repository/com/google/api/grpc/proto-google-common-protos/1.0.0/proto-google-common-protos-1.0.0.jar:/home/user/.m2/repository/io/grpc/grpc-protobuf-lite/1.17.1/grpc-protobuf-lite-1.17.1.jar:/home/user/.m2/repository/io/grpc/grpc-stub/1.17.1/grpc-stub-1.17.1.jar:/home/user/.m2/repository/org/apache/hadoop/hadoop-ozone-recon/0.5.0-SNAPSHOT/hadoop-ozone-recon-0.5.0-SNAPSHOT.jar:/home/user/.m2/repository/org/apache/hadoop/hadoop-ozone-reconcodegen/0.5.0-SNAPSHOT/hadoop-ozone-reconcodegen-0.5.0-SNAPSHOT.jar:/home/user/.m2/repository/com/google/inject/extensions/guice-multibindings/4.0/guice-multibindings-4.0.jar:/home/user/.m2/repository/com/google/inject/guice/4.0/guice-4.0.jar:/home/user/.m2/repository/aopalliance/aopalliance/1.0/aopalliance-1.0.jar:/home/user/.m2/repository/com/google/inject/extensions/guice-servlet/4.0/guice-servlet-4.0.jar:/home/user/.m2/repository/org/glassfish/jersey/containers/jersey-container-servlet/2.27/jersey-container-servlet-2.27.jar:/home/user/.m2/repository/org/glassfish/hk2/guice-bridge/2.5.0/guice-bridge-2.5.0.jar:/home/user/.m2/repository/org/glassfish/jersey/core/jersey-server/2.27/jersey-server-2.27.jar:/home/user/.m2/repository/org/glassfish/jersey/core/jersey-client/2.27/jersey-client-2.27.jar:/home/user/.m2/repository/org/glassfish/jersey/media/jersey-media-jaxb/2.27/jersey-media-jaxb-2.27.jar:/home/user/.m2/repository/javax/validation/validation-api/1.1.0.Final/validation-api-1.1.0.Final.jar:/home/user/.m2/repository/org/glassfish/jersey/media/jersey-media-json-jackson/2.27/jersey-media-json-jackson-2.27.jar:/home/user/.m2/repository/org/glassfish/jersey/ext/jersey-entity-filtering/2.27/jersey-entity-filtering-2.27.jar:/home/user/.m2/repository/com/google/inject/extensions/guice-assistedinject/4.0/guice-assistedinject-4.0.jar:/home/user/.m2/repository/org/jooq/jooq/3.11.10/jooq-3.11.10.jar:/home/user/.m2/repository/org/jooq/jooq-meta/3.11.10/jooq-meta-3.11.10.jar:/home/user/.m2/repository/org/jooq/jooq-codegen/3.11.10/jooq-codegen-3.11.10.jar:/home/user/.m2/repository/com/jolbox/bonecp/0.8.0.RELEASE/bonecp-0.8.0.RELEASE.jar:/home/user/.m2/repository/org/xerial/sqlite-jdbc/3.25.2/sqlite-jdbc-3.25.2.jar:/home/user/.m2/repository/org/springframework/spring-jdbc/5.1.3.RELEASE/spring-jdbc-5.1.3.RELEASE.jar:/home/user/.m2/repository/org/springframework/spring-beans/5.1.3.RELEASE/spring-beans-5.1.3.RELEASE.jar:/home/user/.m2/repository/org/springframework/spring-core/5.1.3.RELEASE/spring-core-5.1.3.RELEASE.jar:/home/user/.m2/repository/org/springframework/spring-jcl/5.1.3.RELEASE/spring-jcl-5.1.3.RELEASE.jar:/home/user/.m2/repository/org/springframework/spring-tx/5.1.3.RELEASE/spring-tx-5.1.3.RELEASE.jar:/home/user/.m2/repository/org/apache/hadoop/hadoop-ozone-client/0.5.0-SNAPSHOT/hadoop-ozone-client-0.5.0-SNAPSHOT.jar:/home/user/.m2/repository/commons-lang/commons-lang/2.6/commons-lang-2.6.jar:/home/user/.m2/repository/org/apache/hadoop/hadoop-ozone-ozone-manager/0.5.0-SNAPSHOT/hadoop-ozone-ozone-manager-0.5.0-SNAPSHOT-tests.jar:/home/user/.m2/repository/junit/junit/4.11/junit-4.11.jar:/home/user/.m2/repository/org/hamcrest/hamcrest-core/1.3/hamcrest-core-1.3.jar:/home/user/.m2/repository/org/openjdk/jmh/jmh-core/1.19/jmh-core-1.19.jar:/home/user/.m2/repository/net/sf/jopt-simple/jopt-simple/4.6/jopt-simple-4.6.jar:/home/user/.m2/repository/org/apache/commons/commons-math3/3.1.1/commons-math3-3.1.1.jar:/home/user/.m2/repository/org/openjdk/jmh/jmh-generator-annprocess/1.19/jmh-generator-annprocess-1.19.jar:/home/user/.m2/repository/org/mockito/mockito-all/1.8.5/mockito-all-1.8.5.jar:/home/user/.m2/repository/org/apache/hadoop/hadoop-kms/3.2.0/hadoop-kms-3.2.0.jar:/home/user/.m2/repository/org/apache/hadoop/hadoop-auth/3.2.0/hadoop-auth-3.2.0.jar:/home/user/.m2/repository/com/nimbusds/nimbus-jose-jwt/4.41.1/nimbus-jose-jwt-4.41.1.jar:/home/user/.m2/repository/com/github/stephenc/jcip/jcip-annotations/1.0-1/jcip-annotations-1.0-1.jar:/home/user/.m2/repository/net/minidev/json-smart/2.3/json-smart-2.3.jar:/home/user/.m2/repository/net/minidev/accessors-smart/1.2/accessors-smart-1.2.jar:/home/user/.m2/repository/org/ow2/asm/asm/5.0.4/asm-5.0.4.jar:/home/user/.m2/repository/org/apache/curator/curator-framework/2.12.0/curator-framework-2.12.0.jar:/home/user/.m2/repository/com/sun/jersey/jersey-core/1.19/jersey-core-1.19.jar:/home/user/.m2/repository/javax/ws/rs/jsr311-api/1.1.1/jsr311-api-1.1.1.jar:/home/user/.m2/repository/com/sun/jersey/jersey-server/1.19/jersey-server-1.19.jar:/home/user/.m2/repository/javax/servlet/javax.servlet-api/3.1.0/javax.servlet-api-3.1.0.jar:/home/user/.m2/repository/org/eclipse/jetty/jetty-server/9.3.24.v20180605/jetty-server-9.3.24.v20180605.jar:/home/user/.m2/repository/org/eclipse/jetty/jetty-http/9.3.24.v20180605/jetty-http-9.3.24.v20180605.jar:/home/user/.m2/repository/org/eclipse/jetty/jetty-io/9.3.24.v20180605/jetty-io-9.3.24.v20180605.jar:/home/user/.m2/repository/org/eclipse/jetty/jetty-webapp/9.3.24.v20180605/jetty-webapp-9.3.24.v20180605.jar:/home/user/.m2/repository/org/eclipse/jetty/jetty-xml/9.3.24.v20180605/jetty-xml-9.3.24.v20180605.jar:/home/user/.m2/repository/log4j/log4j/1.2.17/log4j-1.2.17.jar:/home/user/.m2/repository/org/slf4j/slf4j-api/1.7.25/slf4j-api-1.7.25.jar:/home/user/.m2/repository/org/slf4j/jul-to-slf4j/1.7.25/jul-to-slf4j-1.7.25.jar:/home/user/.m2/repository/org/eclipse/jetty/jetty-util/9.3.24.v20180605/jetty-util-9.3.24.v20180605.jar:/home/user/.m2/repository/com/fasterxml/jackson/core/jackson-databind/2.9.5/jackson-databind-2.9.5.jar:/home/user/.m2/repository/org/apache/hadoop/hadoop-kms/3.2.0/hadoop-kms-3.2.0-tests.jar:/home/user/.m2/repository/org/apache/hadoop/hadoop-hdds-server-scm/0.5.0-SNAPSHOT/hadoop-hdds-server-scm-0.5.0-SNAPSHOT-tests.jar:/home/user/.m2/repository/org/apache/hadoop/hadoop-hdds-container-service/0.5.0-SNAPSHOT/hadoop-hdds-container-service-0.5.0-SNAPSHOT-tests.jar:/home/user/.m2/repository/org/yaml/snakeyaml/1.16/snakeyaml-1.16.jar:/home/user/.m2/repository/org/apache/hadoop/hadoop-common/3.2.0/hadoop-common-3.2.0-tests.jar:/home/user/.m2/repository/org/apache/hadoop/hadoop-annotations/3.2.0/hadoop-annotations-3.2.0.jar:/usr/lib/jvm/java-1.8-openjdk/jre/../lib/tools.jar:/home/user/.m2/repository/commons-cli/commons-cli/1.2/commons-cli-1.2.jar:/home/user/.m2/repository/org/apache/httpcomponents/httpclient/4.5.2/httpclient-4.5.2.jar:/home/user/.m2/repository/org/apache/httpcomponents/httpcore/4.4.4/httpcore-4.4.4.jar:/home/user/.m2/repository/commons-codec/commons-codec/1.11/commons-codec-1.11.jar:/home/user/.m2/repository/commons-net/commons-net/3.6/commons-net-3.6.jar:/home/user/.m2/repository/commons-collections/commons-collections/3.2.2/commons-collections-3.2.2.jar:/home/user/.m2/repository/org/eclipse/jetty/jetty-servlet/9.3.24.v20180605/jetty-servlet-9.3.24.v20180605.jar:/home/user/.m2/repository/org/eclipse/jetty/jetty-security/9.3.24.v20180605/jetty-security-9.3.24.v20180605.jar:/home/user/.m2/repository/javax/servlet/jsp/jsp-api/2.1/jsp-api-2.1.jar:/home/user/.m2/repository/com/sun/jersey/jersey-servlet/1.19/jersey-servlet-1.19.jar:/home/user/.m2/repository/com/sun/jersey/jersey-json/1.19/jersey-json-1.19.jar:/home/user/.m2/repository/org/codehaus/jettison/jettison/1.1/jettison-1.1.jar:/home/user/.m2/repository/org/codehaus/jackson/jackson-core-asl/1.9.13/jackson-core-asl-1.9.13.jar:/home/user/.m2/repository/org/codehaus/jackson/jackson-mapper-asl/1.9.13/jackson-mapper-asl-1.9.13.jar:/home/user/.m2/repository/org/codehaus/jackson/jackson-jaxrs/1.9.13/jackson-jaxrs-1.9.13.jar:/home/user/.m2/repository/org/codehaus/jackson/jackson-xc/1.9.13/jackson-xc-1.9.13.jar:/home/user/.m2/repository/commons-logging/commons-logging/1.1.3/commons-logging-1.1.3.jar:/home/user/.m2/repository/commons-beanutils/commons-beanutils/1.9.3/commons-beanutils-1.9.3.jar:/home/user/.m2/repository/org/apache/commons/commons-configuration2/2.1.1/commons-configuration2-2.1.1.jar:/home/user/.m2/repository/org/apache/commons/commons-lang3/3.7/commons-lang3-3.7.jar:/home/user/.m2/repository/org/apache/commons/commons-text/1.4/commons-text-1.4.jar:/home/user/.m2/repository/org/apache/avro/avro/1.7.7/avro-1.7.7.jar:/home/user/.m2/repository/com/thoughtworks/paranamer/paranamer/2.3/paranamer-2.3.jar:/home/user/.m2/repository/org/xerial/snappy/snappy-java/1.0.5/snappy-java-1.0.5.jar:/home/user/.m2/repository/com/google/re2j/re2j/1.1/re2j-1.1.jar:/home/user/.m2/repository/com/google/code/gson/gson/2.2.4/gson-2.2.4.jar:/home/user/.m2/repository/com/jcraft/jsch/0.1.54/jsch-0.1.54.jar:/home/user/.m2/repository/org/apache/curator/curator-client/2.12.0/curator-client-2.12.0.jar:/home/user/.m2/repository/org/apache/curator/curator-recipes/2.12.0/curator-recipes-2.12.0.jar:/home/user/.m2/repository/com/google/code/findbugs/jsr305/3.0.0/jsr305-3.0.0.jar:/home/user/.m2/repository/org/apache/htrace/htrace-core4/4.1.0-incubating/htrace-core4-4.1.0-incubating.jar:/home/user/.m2/repository/org/apache/zookeeper/zookeeper/3.4.13/zookeeper-3.4.13.jar:/home/user/.m2/repository/org/apache/yetus/audience-annotations/0.5.0/audience-annotations-0.5.0.jar:/home/user/.m2/repository/org/codehaus/woodstox/stax2-api/3.1.4/stax2-api-3.1.4.jar:/home/user/.m2/repository/com/fasterxml/woodstox/woodstox-core/5.0.3/woodstox-core-5.0.3.jar:/home/user/.m2/repository/dnsjava/dnsjava/2.1.7/dnsjava-2.1.7.jar:/home/user/.m2/repository/org/apache/hadoop/hadoop-hdfs/3.2.0/hadoop-hdfs-3.2.0-tests.jar:/home/user/.m2/repository/org/eclipse/jetty/jetty-util-ajax/9.3.24.v20180605/jetty-util-ajax-9.3.24.v20180605.jar:/home/user/.m2/repository/commons-daemon/commons-daemon/1.0.13/commons-daemon-1.0.13.jar:/home/user/.m2/repository/io/netty/netty/3.10.5.Final/netty-3.10.5.Final.jar:/home/user/.m2/repository/io/netty/netty-all/4.0.52.Final/netty-all-4.0.52.Final.jar:/home/user/.m2/repository/org/fusesource/leveldbjni/leveldbjni-all/1.8/leveldbjni-all-1.8.jar:"/>
    <property name="sun.cpu.endian" value="little"/>
    <property name="user.home" value="/home/user"/>
    <property name="user.language" value="en"/>
    <property name="java.specification.vendor" value="Oracle Corporation"/>
    <property name="java.home" value="/usr/lib/jvm/java-1.8-openjdk/jre"/>
    <property name="java.security.krb5.conf" value="/workdir/hadoop-ozone/integration-test/target/test-classes/krb5.conf"/>
    <property name="basedir" value="/workdir/hadoop-ozone/integration-test"/>
    <property name="file.separator" value="/"/>
    <property name="line.separator" value="&#10;"/>
    <property name="java.vm.specification.vendor" value="Oracle Corporation"/>
    <property name="java.specification.name" value="Java Platform API Specification"/>
    <property name="java.awt.graphicsenv" value="sun.awt.X11GraphicsEnvironment"/>
    <property name="surefire.real.class.path" value="/workdir/hadoop-ozone/integration-test/target/surefire/surefirebooter8799843884211588909.jar"/>
    <property name="hadoop.log.dir" value="/workdir/hadoop-ozone/integration-test/target/log"/>
    <property name="sun.boot.class.path" value="/usr/lib/jvm/java-1.8-openjdk/jre/lib/resources.jar:/usr/lib/jvm/java-1.8-openjdk/jre/lib/rt.jar:/usr/lib/jvm/java-1.8-openjdk/jre/lib/sunrsasign.jar:/usr/lib/jvm/java-1.8-openjdk/jre/lib/jsse.jar:/usr/lib/jvm/java-1.8-openjdk/jre/lib/jce.jar:/usr/lib/jvm/java-1.8-openjdk/jre/lib/charsets.jar:/usr/lib/jvm/java-1.8-openjdk/jre/lib/jfr.jar:/usr/lib/jvm/java-1.8-openjdk/jre/classes"/>
    <property name="sun.management.compiler" value="HotSpot 64-Bit Tiered Compilers"/>
    <property name="java.runtime.version" value="1.8.0_212-b04"/>
    <property name="java.net.preferIPv4Stack" value="true"/>
    <property name="user.name" value="jenkins1000"/>
    <property name="path.separator" value=":"/>
    <property name="java.security.egd" value="file:///dev/urandom"/>
    <property name="os.version" value="3.10.0-957.12.2.el7.x86_64"/>
    <property name="java.endorsed.dirs" value="/usr/lib/jvm/java-1.8-openjdk/jre/lib/endorsed"/>
    <property name="java.runtime.name" value="OpenJDK Runtime Environment"/>
    <property name="file.encoding" value="UTF-8"/>
    <property name="java.vm.name" value="OpenJDK 64-Bit Server VM"/>
    <property name="test.build.webapps" value=""/>
    <property name="localRepository" value="/home/user/.m2/repository"/>
    <property name="java.vendor.url.bug" value="https://icedtea.classpath.org/bugzilla"/>
    <property name="java.io.tmpdir" value="/tmp"/>
    <property name="require.test.libhadoop" value=""/>
    <property name="java.version" value="1.8.0_212"/>
    <property name="user.dir" value="/workdir/hadoop-ozone/integration-test"/>
    <property name="os.arch" value="amd64"/>
    <property name="java.vm.specification.name" value="Java Virtual Machine Specification"/>
    <property name="test.build.classes" value="/workdir/hadoop-ozone/integration-test/target/test-classes"/>
    <property name="java.awt.printerjob" value="sun.print.PSPrinterJob"/>
    <property name="sun.os.patch.level" value="unknown"/>
    <property name="hadoop.tmp.dir" value="/workdir/hadoop-ozone/integration-test/target/tmp"/>
    <property name="java.library.path" value="/usr/lib/jvm/java-1.8-openjdk/jre/lib/amd64/server:/usr/lib/jvm/java-1.8-openjdk/jre/lib/amd64:/usr/lib/jvm/java-1.8-openjdk/jre/../lib/amd64:/workdir/hadoop-ozone/integration-test/target/native/target/usr/local/lib:/workdir/hadoop-ozone/integration-test/../../hadoop-common-project/hadoop-common/target/native/target/usr/local/lib:/usr/java/packages/lib/amd64:/usr/lib64:/lib64:/lib:/usr/lib"/>
    <property name="java.vm.info" value="mixed mode"/>
    <property name="java.vendor" value="IcedTea"/>
    <property name="java.vm.version" value="25.212-b04"/>
    <property name="java.ext.dirs" value="/usr/lib/jvm/java-1.8-openjdk/jre/lib/ext:/usr/java/packages/lib/ext"/>
    <property name="sun.io.unicode.encoding" value="UnicodeLittle"/>
    <property name="java.class.version" value="52.0"/>
  </properties>
  <testcase name="testSCMSafeMode" classname="org.apache.hadoop.ozone.om.TestScmSafeMode" time="42.896"/>
  <testcase name="testIsScmInSafeModeAndForceExit" classname="org.apache.hadoop.ozone.om.TestScmSafeMode" time="12.388"/>
  <testcase name="testSCMSafeModeDisabled" classname="org.apache.hadoop.ozone.om.TestScmSafeMode" time="22.571"/>
  <testcase name="testSafeModeOperations" classname="org.apache.hadoop.ozone.om.TestScmSafeMode" time="13.247">
    <error message="Volume doesn&apos;t exist" type="VOLUME_NOT_FOUND org.apache.hadoop.ozone.om.exceptions.OMException">VOLUME_NOT_FOUND org.apache.hadoop.ozone.om.exceptions.OMException: Volume doesn't exist
	at org.apache.hadoop.ozone.om.BucketManagerImpl.createBucket(BucketManagerImpl.java:130)
	at org.apache.hadoop.ozone.om.OzoneManager.createBucket(OzoneManager.java:2089)
	at org.apache.hadoop.ozone.om.TestScmSafeMode.testSafeModeOperations(TestScmSafeMode.java:159)
	at sun.reflect.NativeMethodAccessorImpl.invoke0(Native Method)
	at sun.reflect.NativeMethodAccessorImpl.invoke(NativeMethodAccessorImpl.java:62)
	at sun.reflect.DelegatingMethodAccessorImpl.invoke(DelegatingMethodAccessorImpl.java:43)
	at java.lang.reflect.Method.invoke(Method.java:498)
	at org.junit.runners.model.FrameworkMethod$1.runReflectiveCall(FrameworkMethod.java:47)
	at org.junit.internal.runners.model.ReflectiveCallable.run(ReflectiveCallable.java:12)
	at org.junit.runners.model.FrameworkMethod.invokeExplosively(FrameworkMethod.java:44)
	at org.junit.internal.runners.statements.InvokeMethod.evaluate(InvokeMethod.java:17)
	at org.junit.internal.runners.statements.FailOnTimeout$StatementThread.run(FailOnTimeout.java:74)
</error>
    <system-out><![CDATA[2019-08-23 02:04:55,788 [Thread-1095] WARN  server.ServerUtils (ServerUtils.java:getScmDbDir(145)) - ozone.scm.db.dirs is not configured. We recommend adding this setting. Falling back to ozone.metadata.dirs instead.
2019-08-23 02:04:55,802 [Thread-1095] WARN  server.ServerUtils (ServerUtils.java:getScmDbDir(145)) - ozone.scm.db.dirs is not configured. We recommend adding this setting. Falling back to ozone.metadata.dirs instead.
2019-08-23 02:04:55,803 [Thread-1095] WARN  server.ServerUtils (ServerUtils.java:getScmDbDir(145)) - ozone.scm.db.dirs is not configured. We recommend adding this setting. Falling back to ozone.metadata.dirs instead.
2019-08-23 02:04:55,803 [Thread-1095] INFO  db.DBStoreBuilder (DBStoreBuilder.java:addTable(110)) - using custom profile for table: deletedBlocks
2019-08-23 02:04:55,803 [Thread-1095] INFO  db.DBStoreBuilder (DBStoreBuilder.java:processTables(161)) - Using default column profile:DBProfile.DISK for Table:deletedBlocks
2019-08-23 02:04:55,804 [Thread-1095] INFO  db.DBStoreBuilder (DBStoreBuilder.java:addTable(110)) - using custom profile for table: validCerts
2019-08-23 02:04:55,804 [Thread-1095] INFO  db.DBStoreBuilder (DBStoreBuilder.java:processTables(161)) - Using default column profile:DBProfile.DISK for Table:validCerts
2019-08-23 02:04:55,804 [Thread-1095] INFO  db.DBStoreBuilder (DBStoreBuilder.java:addTable(110)) - using custom profile for table: revokedCerts
2019-08-23 02:04:55,804 [Thread-1095] INFO  db.DBStoreBuilder (DBStoreBuilder.java:processTables(161)) - Using default column profile:DBProfile.DISK for Table:revokedCerts
2019-08-23 02:04:55,804 [Thread-1095] INFO  db.DBStoreBuilder (DBStoreBuilder.java:addTable(110)) - using custom profile for table: default
2019-08-23 02:04:55,805 [Thread-1095] INFO  db.DBStoreBuilder (DBStoreBuilder.java:processTables(167)) - Using default column profile:DBProfile.DISK for Table:default
2019-08-23 02:04:55,805 [Thread-1095] INFO  db.DBStoreBuilder (DBStoreBuilder.java:getDbProfile(198)) - Using default options. DBProfile.DISK
2019-08-23 02:04:55,958 [Thread-1095] INFO  net.NodeSchemaLoader (NodeSchemaLoader.java:loadSchemaFromFile(125)) - Loading file from sun.misc.CompoundEnumeration@4cd3fbc1
2019-08-23 02:04:55,958 [Thread-1095] INFO  net.NodeSchemaLoader (NodeSchemaLoader.java:loadSchema(171)) - Loading network topology layer schema file
2019-08-23 02:04:55,963 [Thread-1095] INFO  node.SCMNodeManager (SCMNodeManager.java:<init>(121)) - Entering startup safe mode.
2019-08-23 02:04:55,963 [Thread-1095] INFO  algorithms.ContainerPlacementPolicyFactory (ContainerPlacementPolicyFactory.java:getPolicy(55)) - Create container placement policy of type org.apache.hadoop.hdds.scm.container.placement.algorithms.SCMContainerPlacementRandom
2019-08-23 02:04:55,963 [Thread-1095] WARN  server.ServerUtils (ServerUtils.java:getScmDbDir(145)) - ozone.scm.db.dirs is not configured. We recommend adding this setting. Falling back to ozone.metadata.dirs instead.
2019-08-23 02:04:56,013 [Thread-1095] INFO  pipeline.SCMPipelineManager (SCMPipelineManager.java:initializePipelineState(126)) - No pipeline exists in current db
2019-08-23 02:04:56,013 [Thread-1095] WARN  server.ServerUtils (ServerUtils.java:getScmDbDir(145)) - ozone.scm.db.dirs is not configured. We recommend adding this setting. Falling back to ozone.metadata.dirs instead.
2019-08-23 02:04:56,065 [Thread-1095] WARN  events.EventQueue (EventQueue.java:fireEvent(175)) - No event handler registered for event TypedEvent{payloadType=SafeModeStatus, name='SafeModeStatus'}
2019-08-23 02:04:56,066 [Thread-1095] INFO  ipc.CallQueueManager (CallQueueManager.java:<init>(84)) - Using callQueue: class java.util.concurrent.LinkedBlockingQueue, queueCapacity: 2000, scheduler: class org.apache.hadoop.ipc.DefaultRpcScheduler, ipcBackoff: false.
2019-08-23 02:04:56,067 [Socket Reader #1 for port 39120] INFO  ipc.Server (Server.java:run(1074)) - Starting Socket Reader #1 for port 39120
2019-08-23 02:04:56,069 [Thread-1095] INFO  ipc.CallQueueManager (CallQueueManager.java:<init>(84)) - Using callQueue: class java.util.concurrent.LinkedBlockingQueue, queueCapacity: 2000, scheduler: class org.apache.hadoop.ipc.DefaultRpcScheduler, ipcBackoff: false.
2019-08-23 02:04:56,069 [Socket Reader #1 for port 38392] INFO  ipc.Server (Server.java:run(1074)) - Starting Socket Reader #1 for port 38392
2019-08-23 02:04:56,071 [Thread-1095] INFO  ipc.CallQueueManager (CallQueueManager.java:<init>(84)) - Using callQueue: class java.util.concurrent.LinkedBlockingQueue, queueCapacity: 2000, scheduler: class org.apache.hadoop.ipc.DefaultRpcScheduler, ipcBackoff: false.
2019-08-23 02:04:56,072 [Socket Reader #1 for port 41061] INFO  ipc.Server (Server.java:run(1074)) - Starting Socket Reader #1 for port 41061
2019-08-23 02:04:56,075 [Thread-1095] INFO  hdfs.DFSUtil (DFSUtil.java:httpServerTemplateForNNAndJN(1641)) - Starting Web-server for scm at: http://0.0.0.0:0
2019-08-23 02:04:56,077 [Thread-1095] INFO  server.AuthenticationFilter (AuthenticationFilter.java:constructSecretProvider(240)) - Unable to initialize FileSignerSecretProvider, falling back to use random secrets.
2019-08-23 02:04:56,078 [Thread-1095] WARN  http.HttpRequestLog (HttpRequestLog.java:getRequestLog(97)) - Jetty request log can only be enabled using Log4j
2019-08-23 02:04:56,080 [Thread-1095] INFO  http.HttpServer2 (HttpServer2.java:addGlobalFilter(975)) - Added global filter 'safety' (class=org.apache.hadoop.http.HttpServer2$QuotingInputFilter)
2019-08-23 02:04:56,081 [Thread-1095] INFO  http.HttpServer2 (HttpServer2.java:addFilter(948)) - Added filter static_user_filter (class=org.apache.hadoop.http.lib.StaticUserWebFilter$StaticUserFilter) to context scm
2019-08-23 02:04:56,081 [Thread-1095] INFO  http.HttpServer2 (HttpServer2.java:addFilter(958)) - Added filter static_user_filter (class=org.apache.hadoop.http.lib.StaticUserWebFilter$StaticUserFilter) to context static
2019-08-23 02:04:56,081 [Thread-1095] INFO  http.HttpServer2 (HttpServer2.java:addFilter(958)) - Added filter static_user_filter (class=org.apache.hadoop.http.lib.StaticUserWebFilter$StaticUserFilter) to context logs
2019-08-23 02:04:56,084 [Thread-1095] INFO  server.StorageContainerManager (StorageContainerManager.java:start(759)) - StorageContainerLocationProtocol RPC server is listening at /0.0.0.0:41061
2019-08-23 02:04:56,087 [Thread-1095] WARN  impl.MetricsConfig (MetricsConfig.java:loadFirst(134)) - Cannot locate configuration: tried hadoop-metrics2-storagecontainermanager.properties,hadoop-metrics2.properties
2019-08-23 02:04:56,088 [Thread-1095] INFO  impl.MetricsSystemImpl (MetricsSystemImpl.java:startTimer(374)) - Scheduled Metric snapshot period at 10 second(s).
2019-08-23 02:04:56,088 [Thread-1095] INFO  impl.MetricsSystemImpl (MetricsSystemImpl.java:start(191)) - StorageContainerManager metrics system started
2019-08-23 02:04:56,122 [Thread-1095] INFO  server.SCMClientProtocolServer (SCMClientProtocolServer.java:start(151)) - RPC server for Client  is listening at /0.0.0.0:41061
2019-08-23 02:04:56,123 [IPC Server Responder] INFO  ipc.Server (Server.java:run(1314)) - IPC Server Responder: starting
2019-08-23 02:04:56,123 [IPC Server listener on 41061] INFO  ipc.Server (Server.java:run(1153)) - IPC Server listener on 41061: starting
2019-08-23 02:04:56,127 [Thread-1095] INFO  server.StorageContainerManager (StorageContainerManager.java:start(769)) - ScmBlockLocationProtocol RPC server is listening at /0.0.0.0:38392
2019-08-23 02:04:56,127 [Thread-1095] INFO  server.SCMBlockProtocolServer (SCMBlockProtocolServer.java:start(140)) - RPC server for Block Protocol is listening at /0.0.0.0:38392
2019-08-23 02:04:56,127 [IPC Server Responder] INFO  ipc.Server (Server.java:run(1314)) - IPC Server Responder: starting
2019-08-23 02:04:56,127 [IPC Server listener on 38392] INFO  ipc.Server (Server.java:run(1153)) - IPC Server listener on 38392: starting
2019-08-23 02:04:56,131 [Thread-1095] INFO  server.StorageContainerManager (StorageContainerManager.java:start(773)) - ScmDatanodeProtocl RPC server is listening at /0.0.0.0:39120
2019-08-23 02:04:56,131 [Thread-1095] INFO  server.SCMDatanodeProtocolServer (SCMDatanodeProtocolServer.java:start(191)) - RPC server for DataNodes is listening at /0.0.0.0:39120
2019-08-23 02:04:56,132 [IPC Server Responder] INFO  ipc.Server (Server.java:run(1314)) - IPC Server Responder: starting
2019-08-23 02:04:56,132 [IPC Server listener on 39120] INFO  ipc.Server (Server.java:run(1153)) - IPC Server listener on 39120: starting
2019-08-23 02:04:56,135 [Thread-1095] INFO  http.HttpServer2 (HttpServer2.java:bindListener(1191)) - Jetty bound to port 44905
2019-08-23 02:04:56,135 [Thread-1095] INFO  server.Server (Server.java:doStart(351)) - jetty-9.3.24.v20180605, build timestamp: 2018-06-05T17:11:56Z, git hash: 84205aa28f11a4f31f2a3b86d1bba2cc8ab69827
2019-08-23 02:04:56,137 [Thread-1095] INFO  handler.ContextHandler (ContextHandler.java:doStart(781)) - Started o.e.j.s.ServletContextHandler@6d3047ff{/logs,file:///workdir/hadoop-ozone/integration-test/target/log,AVAILABLE}
2019-08-23 02:04:56,138 [Thread-1095] INFO  handler.ContextHandler (ContextHandler.java:doStart(781)) - Started o.e.j.s.ServletContextHandler@7e2a6b2b{/static,file:///workdir/hadoop-ozone/integration-test/target/test-classes/webapps/static,AVAILABLE}
2019-08-23 02:04:56,143 [Thread-1095] INFO  handler.ContextHandler (ContextHandler.java:doStart(781)) - Started o.e.j.w.WebAppContext@59bd8e00{/,file:///workdir/hadoop-ozone/integration-test/target/test-classes/webapps/scm/,AVAILABLE}{/scm}
2019-08-23 02:04:56,143 [Thread-1095] INFO  server.AbstractConnector (AbstractConnector.java:doStart(278)) - Started ServerConnector@3fe43afd{HTTP/1.1,[http/1.1]}{0.0.0.0:44905}
2019-08-23 02:04:56,144 [Thread-1095] INFO  server.Server (Server.java:doStart(419)) - Started @78713ms
2019-08-23 02:04:56,146 [Thread-1095] INFO  server.BaseHttpServer (BaseHttpServer.java:updateConnectorAddress(213)) - HTTP server of SCM is listening at http://0.0.0.0:44905
2019-08-23 02:04:56,147 [Thread-1095] WARN  server.ServerUtils (ServerUtils.java:getDBPath(222)) - ozone.om.db.dirs is not configured. We recommend adding this setting. Falling back to ozone.metadata.dirs instead.
2019-08-23 02:04:56,147 [org.apache.hadoop.util.JvmPauseMonitor$Monitor@2ff139ce] INFO  util.JvmPauseMonitor (JvmPauseMonitor.java:run(188)) - Starting JVM pause monitor
2019-08-23 02:04:56,183 [Thread-1095] WARN  server.ServerUtils (ServerUtils.java:getDBPath(222)) - ozone.om.db.dirs is not configured. We recommend adding this setting. Falling back to ozone.metadata.dirs instead.
2019-08-23 02:04:56,184 [Thread-1095] WARN  server.ServerUtils (ServerUtils.java:getDBPath(222)) - ozone.om.db.dirs is not configured. We recommend adding this setting. Falling back to ozone.metadata.dirs instead.
2019-08-23 02:04:56,184 [Thread-1095] INFO  om.OzoneManager (OzoneManager.java:setOMNodeDetails(648)) - OM Service ID is not set. Setting it to the default ID: omServiceIdDefault
2019-08-23 02:04:56,184 [Thread-1095] INFO  om.OzoneManager (OzoneManager.java:setOMNodeDetails(654)) - OM Node ID is not set. Setting it to the OmStorage's OmID: 3ddedc01-3817-40e9-9841-60bd7c64fa0e
2019-08-23 02:04:56,184 [Thread-1095] INFO  om.OzoneManager (OzoneManager.java:loadOMHAConfigs(605)) - Found matching OM address with OMServiceId: null, OMNodeId: null, RPC Address: localhost:0 and Ratis port: 9872
2019-08-23 02:04:56,190 | INFO  | SCMAudit | user=jenkins1000 | ip=192.168.34.22 | op=GET_SCM_INFO null | ret=SUCCESS |  
2019-08-23 02:04:56,193 [Thread-1095] WARN  server.ServerUtils (ServerUtils.java:getDBPath(222)) - ozone.om.db.dirs is not configured. We recommend adding this setting. Falling back to ozone.metadata.dirs instead.
2019-08-23 02:04:56,193 [Thread-1095] INFO  db.DBStoreBuilder (DBStoreBuilder.java:addTable(110)) - using custom profile for table: userTable
2019-08-23 02:04:56,193 [Thread-1095] INFO  db.DBStoreBuilder (DBStoreBuilder.java:processTables(161)) - Using default column profile:DBProfile.DISK for Table:userTable
2019-08-23 02:04:56,194 [Thread-1095] INFO  db.DBStoreBuilder (DBStoreBuilder.java:addTable(110)) - using custom profile for table: volumeTable
2019-08-23 02:04:56,194 [Thread-1095] INFO  db.DBStoreBuilder (DBStoreBuilder.java:processTables(161)) - Using default column profile:DBProfile.DISK for Table:volumeTable
2019-08-23 02:04:56,194 [Thread-1095] INFO  db.DBStoreBuilder (DBStoreBuilder.java:addTable(110)) - using custom profile for table: bucketTable
2019-08-23 02:04:56,194 [Thread-1095] INFO  db.DBStoreBuilder (DBStoreBuilder.java:processTables(161)) - Using default column profile:DBProfile.DISK for Table:bucketTable
2019-08-23 02:04:56,194 [Thread-1095] INFO  db.DBStoreBuilder (DBStoreBuilder.java:addTable(110)) - using custom profile for table: keyTable
2019-08-23 02:04:56,195 [Thread-1095] INFO  db.DBStoreBuilder (DBStoreBuilder.java:processTables(161)) - Using default column profile:DBProfile.DISK for Table:keyTable
2019-08-23 02:04:56,195 [Thread-1095] INFO  db.DBStoreBuilder (DBStoreBuilder.java:addTable(110)) - using custom profile for table: deletedTable
2019-08-23 02:04:56,195 [Thread-1095] INFO  db.DBStoreBuilder (DBStoreBuilder.java:processTables(161)) - Using default column profile:DBProfile.DISK for Table:deletedTable
2019-08-23 02:04:56,195 [Thread-1095] INFO  db.DBStoreBuilder (DBStoreBuilder.java:addTable(110)) - using custom profile for table: openKeyTable
2019-08-23 02:04:56,195 [Thread-1095] INFO  db.DBStoreBuilder (DBStoreBuilder.java:processTables(161)) - Using default column profile:DBProfile.DISK for Table:openKeyTable
2019-08-23 02:04:56,196 [Thread-1095] INFO  db.DBStoreBuilder (DBStoreBuilder.java:addTable(110)) - using custom profile for table: s3Table
2019-08-23 02:04:56,196 [Thread-1095] INFO  db.DBStoreBuilder (DBStoreBuilder.java:processTables(161)) - Using default column profile:DBProfile.DISK for Table:s3Table
2019-08-23 02:04:56,196 [Thread-1095] INFO  db.DBStoreBuilder (DBStoreBuilder.java:addTable(110)) - using custom profile for table: multipartInfoTable
2019-08-23 02:04:56,196 [Thread-1095] INFO  db.DBStoreBuilder (DBStoreBuilder.java:processTables(161)) - Using default column profile:DBProfile.DISK for Table:multipartInfoTable
2019-08-23 02:04:56,197 [Thread-1095] INFO  db.DBStoreBuilder (DBStoreBuilder.java:addTable(110)) - using custom profile for table: dTokenTable
2019-08-23 02:04:56,197 [Thread-1095] INFO  db.DBStoreBuilder (DBStoreBuilder.java:processTables(161)) - Using default column profile:DBProfile.DISK for Table:dTokenTable
2019-08-23 02:04:56,197 [Thread-1095] INFO  db.DBStoreBuilder (DBStoreBuilder.java:addTable(110)) - using custom profile for table: s3SecretTable
2019-08-23 02:04:56,197 [Thread-1095] INFO  db.DBStoreBuilder (DBStoreBuilder.java:processTables(161)) - Using default column profile:DBProfile.DISK for Table:s3SecretTable
2019-08-23 02:04:56,197 [Thread-1095] INFO  db.DBStoreBuilder (DBStoreBuilder.java:addTable(110)) - using custom profile for table: prefixTable
2019-08-23 02:04:56,197 [Thread-1095] INFO  db.DBStoreBuilder (DBStoreBuilder.java:processTables(161)) - Using default column profile:DBProfile.DISK for Table:prefixTable
2019-08-23 02:04:56,198 [Thread-1095] INFO  db.DBStoreBuilder (DBStoreBuilder.java:addTable(110)) - using custom profile for table: default
2019-08-23 02:04:56,198 [Thread-1095] INFO  db.DBStoreBuilder (DBStoreBuilder.java:processTables(167)) - Using default column profile:DBProfile.DISK for Table:default
2019-08-23 02:04:56,198 [Thread-1095] INFO  db.DBStoreBuilder (DBStoreBuilder.java:getDbProfile(198)) - Using default options. DBProfile.DISK
2019-08-23 02:04:56,724 [Thread-1095] INFO  ipc.CallQueueManager (CallQueueManager.java:<init>(84)) - Using callQueue: class java.util.concurrent.LinkedBlockingQueue, queueCapacity: 2000, scheduler: class org.apache.hadoop.ipc.DefaultRpcScheduler, ipcBackoff: false.
2019-08-23 02:04:56,725 [Socket Reader #1 for port 43151] INFO  ipc.Server (Server.java:run(1074)) - Starting Socket Reader #1 for port 43151
2019-08-23 02:04:56,742 [Thread-1095] INFO  om.OzoneManager (OzoneManager.java:start(1259)) - OzoneManager RPC server is listening at localhost/127.0.0.1:43151
2019-08-23 02:04:56,742 [Thread-1095] INFO  impl.MetricsSystemImpl (MetricsSystemImpl.java:init(158)) - OzoneManager metrics system started (again)
2019-08-23 02:04:56,743 [IPC Server Responder] INFO  ipc.Server (Server.java:run(1314)) - IPC Server Responder: starting
2019-08-23 02:04:56,744 [IPC Server listener on 43151] INFO  ipc.Server (Server.java:run(1153)) - IPC Server listener on 43151: starting
2019-08-23 02:04:56,748 [Thread-1095] INFO  hdfs.DFSUtil (DFSUtil.java:httpServerTemplateForNNAndJN(1641)) - Starting Web-server for ozoneManager at: http://0.0.0.0:0
2019-08-23 02:04:56,750 [Thread-1095] INFO  server.AuthenticationFilter (AuthenticationFilter.java:constructSecretProvider(240)) - Unable to initialize FileSignerSecretProvider, falling back to use random secrets.
2019-08-23 02:04:56,751 [Thread-1095] WARN  http.HttpRequestLog (HttpRequestLog.java:getRequestLog(97)) - Jetty request log can only be enabled using Log4j
2019-08-23 02:04:56,753 [Thread-1095] INFO  http.HttpServer2 (HttpServer2.java:addGlobalFilter(975)) - Added global filter 'safety' (class=org.apache.hadoop.http.HttpServer2$QuotingInputFilter)
2019-08-23 02:04:56,754 [Thread-1095] INFO  http.HttpServer2 (HttpServer2.java:addFilter(948)) - Added filter static_user_filter (class=org.apache.hadoop.http.lib.StaticUserWebFilter$StaticUserFilter) to context ozoneManager
2019-08-23 02:04:56,754 [Thread-1095] INFO  http.HttpServer2 (HttpServer2.java:addFilter(958)) - Added filter static_user_filter (class=org.apache.hadoop.http.lib.StaticUserWebFilter$StaticUserFilter) to context static
2019-08-23 02:04:56,755 [Thread-1095] INFO  http.HttpServer2 (HttpServer2.java:addFilter(958)) - Added filter static_user_filter (class=org.apache.hadoop.http.lib.StaticUserWebFilter$StaticUserFilter) to context logs
2019-08-23 02:04:56,756 [Thread-1095] INFO  http.HttpServer2 (HttpServer2.java:bindListener(1191)) - Jetty bound to port 32849
2019-08-23 02:04:56,756 [Thread-1095] INFO  server.Server (Server.java:doStart(351)) - jetty-9.3.24.v20180605, build timestamp: 2018-06-05T17:11:56Z, git hash: 84205aa28f11a4f31f2a3b86d1bba2cc8ab69827
2019-08-23 02:04:56,758 [Thread-1095] INFO  handler.ContextHandler (ContextHandler.java:doStart(781)) - Started o.e.j.s.ServletContextHandler@1fd96dfd{/logs,file:///workdir/hadoop-ozone/integration-test/target/log,AVAILABLE}
2019-08-23 02:04:56,759 [Thread-1095] INFO  handler.ContextHandler (ContextHandler.java:doStart(781)) - Started o.e.j.s.ServletContextHandler@46fd250d{/static,file:///workdir/hadoop-ozone/integration-test/target/test-classes/webapps/static,AVAILABLE}
2019-08-23 02:04:56,766 [Thread-1095] INFO  handler.ContextHandler (ContextHandler.java:doStart(781)) - Started o.e.j.w.WebAppContext@681113ab{/,file:///workdir/hadoop-ozone/integration-test/target/test-classes/webapps/ozoneManager/,AVAILABLE}{/ozoneManager}
2019-08-23 02:04:56,767 [Thread-1095] INFO  server.AbstractConnector (AbstractConnector.java:doStart(278)) - Started ServerConnector@27b11896{HTTP/1.1,[http/1.1]}{0.0.0.0:32849}
2019-08-23 02:04:56,768 [Thread-1095] INFO  server.Server (Server.java:doStart(419)) - Started @79337ms
2019-08-23 02:04:56,769 [Thread-1095] INFO  server.BaseHttpServer (BaseHttpServer.java:updateConnectorAddress(213)) - HTTP server of OZONEMANAGER is listening at http://0.0.0.0:32849
2019-08-23 02:04:56,773 [Thread-1095] INFO  impl.MetricsSystemImpl (MetricsSystemImpl.java:init(158)) - HddsDatanode metrics system started (again)
2019-08-23 02:04:56,775 [Thread-1095] INFO  ozone.HddsDatanodeService (HddsDatanodeService.java:start(184)) - HddsDatanodeService host:pr-hdds-1909-sn94l-363750510 ip:192.168.34.22
2019-08-23 02:04:56,783 [Thread-1095] INFO  volume.HddsVolume (HddsVolume.java:<init>(176)) - Creating Volume: /workdir/hadoop-ozone/integration-test/target/test-dir/MiniOzoneClusterImpl-0cd4ec66-496a-4a87-b6e6-07f1b47f38fe/datanode-0/data/containers/hdds of  storage type : DISK and capacity : 1482555576320
2019-08-23 02:04:56,783 [Thread-1095] INFO  volume.VolumeSet (VolumeSet.java:initializeVolumeSet(170)) - Added Volume : /workdir/hadoop-ozone/integration-test/target/test-dir/MiniOzoneClusterImpl-0cd4ec66-496a-4a87-b6e6-07f1b47f38fe/datanode-0/data/containers/hdds to VolumeSet
2019-08-23 02:04:56,784 [Thread-1095] INFO  volume.ThrottledAsyncChecker (ThrottledAsyncChecker.java:schedule(140)) - Scheduling a check for org.apache.hadoop.ozone.container.common.volume.HddsVolume@7b0646e1
2019-08-23 02:04:56,784 [Thread-1095] INFO  volume.HddsVolumeChecker (HddsVolumeChecker.java:checkAllVolumes(203)) - Scheduled health check for volume org.apache.hadoop.ozone.container.common.volume.HddsVolume@7b0646e1
2019-08-23 02:04:56,805 [Thread-1095] INFO  impl.RaftServerProxy (ConfUtils.java:logGet(43)) - raft.rpc.type = GRPC (default)
2019-08-23 02:04:56,805 [Thread-1095] INFO  grpc.GrpcFactory (GrpcFactory.java:checkPooledByteBufAllocatorUseCacheForAllThreads(45)) - PERFORMANCE WARNING: useCacheForAllThreads is true that may cause Netty to create a lot garbage objects and, as a result, trigger GC.
	It is recommended to disable useCacheForAllThreads by setting -Dorg.apache.ratis.thirdparty.io.netty.allocator.useCacheForAllThreads=false in command line.
2019-08-23 02:04:56,805 [Thread-1095] INFO  grpc.GrpcConfigKeys$Server (ConfUtils.java:logGet(43)) - raft.grpc.server.port = 0 (default)
2019-08-23 02:04:56,806 [Thread-1095] INFO  server.GrpcService (ConfUtils.java:logGet(43)) - raft.grpc.message.size.max = 33570816 (custom)
2019-08-23 02:04:56,806 [Thread-1095] INFO  server.RaftServerConfigKeys (ConfUtils.java:logGet(43)) - raft.server.log.appender.buffer.byte-limit = 33554432 (custom)
2019-08-23 02:04:56,806 [Thread-1095] INFO  server.GrpcService (ConfUtils.java:logGet(43)) - raft.grpc.flow.control.window = 1MB (=1048576) (default)
2019-08-23 02:04:56,806 [Thread-1095] INFO  server.RaftServerConfigKeys (ConfUtils.java:logGet(43)) - raft.server.rpc.request.timeout = 3000ms (default)
2019-08-23 02:04:56,807 [Thread-1095] INFO  server.RaftServerConfigKeys (ConfUtils.java:logGet(43)) - raft.server.storage.dir = [/workdir/hadoop-ozone/integration-test/target/test-dir/MiniOzoneClusterImpl-0cd4ec66-496a-4a87-b6e6-07f1b47f38fe/datanode-0/data/ratis] (custom)
2019-08-23 02:04:56,807 [Thread-1095] INFO  replication.SimpleContainerDownloader (SimpleContainerDownloader.java:<init>(72)) - Starting container downloader service to copy containers to replicate.
2019-08-23 02:04:56,809 [Thread-1095] INFO  hdfs.DFSUtil (DFSUtil.java:httpServerTemplateForNNAndJN(1641)) - Starting Web-server for hddsDatanode at: http://0.0.0.0:0
2019-08-23 02:04:56,810 [Thread-1095] INFO  server.AuthenticationFilter (AuthenticationFilter.java:constructSecretProvider(240)) - Unable to initialize FileSignerSecretProvider, falling back to use random secrets.
2019-08-23 02:04:56,811 [Thread-1095] WARN  http.HttpRequestLog (HttpRequestLog.java:getRequestLog(97)) - Jetty request log can only be enabled using Log4j
2019-08-23 02:04:56,812 [Thread-1095] INFO  http.HttpServer2 (HttpServer2.java:addGlobalFilter(975)) - Added global filter 'safety' (class=org.apache.hadoop.http.HttpServer2$QuotingInputFilter)
2019-08-23 02:04:56,813 [Thread-1095] INFO  http.HttpServer2 (HttpServer2.java:addFilter(948)) - Added filter static_user_filter (class=org.apache.hadoop.http.lib.StaticUserWebFilter$StaticUserFilter) to context hddsDatanode
2019-08-23 02:04:56,813 [Thread-1095] INFO  http.HttpServer2 (HttpServer2.java:addFilter(958)) - Added filter static_user_filter (class=org.apache.hadoop.http.lib.StaticUserWebFilter$StaticUserFilter) to context static
2019-08-23 02:04:56,813 [Thread-1095] INFO  http.HttpServer2 (HttpServer2.java:addFilter(958)) - Added filter static_user_filter (class=org.apache.hadoop.http.lib.StaticUserWebFilter$StaticUserFilter) to context logs
2019-08-23 02:04:56,814 [Thread-1095] INFO  http.HttpServer2 (HttpServer2.java:bindListener(1191)) - Jetty bound to port 44573
2019-08-23 02:04:56,814 [Thread-1095] INFO  server.Server (Server.java:doStart(351)) - jetty-9.3.24.v20180605, build timestamp: 2018-06-05T17:11:56Z, git hash: 84205aa28f11a4f31f2a3b86d1bba2cc8ab69827
2019-08-23 02:04:56,817 [Thread-1095] INFO  handler.ContextHandler (ContextHandler.java:doStart(781)) - Started o.e.j.s.ServletContextHandler@412af25e{/logs,file:///workdir/hadoop-ozone/integration-test/target/log,AVAILABLE}
2019-08-23 02:04:56,817 [Thread-1095] INFO  handler.ContextHandler (ContextHandler.java:doStart(781)) - Started o.e.j.s.ServletContextHandler@423124d3{/static,jar:file:/home/user/.m2/repository/org/apache/hadoop/hadoop-hdds-container-service/0.5.0-SNAPSHOT/hadoop-hdds-container-service-0.5.0-SNAPSHOT.jar!/webapps/static,AVAILABLE}
2019-08-23 02:04:56,852 [Thread-1095] INFO  handler.ContextHandler (ContextHandler.java:doStart(781)) - Started o.e.j.w.WebAppContext@6410b43a{/,file:///tmp/jetty-0.0.0.0-44573-hddsDatanode-_-any-7458335234155032795.dir/webapp/,AVAILABLE}{/hddsDatanode}
2019-08-23 02:04:56,852 [Thread-1095] INFO  server.AbstractConnector (AbstractConnector.java:doStart(278)) - Started ServerConnector@59b1de79{HTTP/1.1,[http/1.1]}{0.0.0.0:44573}
2019-08-23 02:04:56,853 [Thread-1095] INFO  server.Server (Server.java:doStart(419)) - Started @79422ms
2019-08-23 02:04:56,854 [Thread-1095] INFO  server.BaseHttpServer (BaseHttpServer.java:updateConnectorAddress(213)) - HTTP server of HDDSDATANODE is listening at http://0.0.0.0:44573
2019-08-23 02:04:57,085 | INFO  | ObjectStoreRestHttpServer | Listening HDDS REST traffic on /0.0.0.0:43516 |  
2019-08-23 02:04:57,085 [Thread-1095] INFO  ozone.HddsDatanodeService (HddsDatanodeService.java:startPlugins(395)) - Started plug-in org.apache.hadoop.ozone.web.OzoneHddsDatanodeService@7527e68e
2019-08-23 02:04:57,085 [Thread-1095] INFO  ozone.MiniOzoneClusterImpl (MiniOzoneClusterImpl.java:lambda$waitForClusterToBeReady$0(142)) - Waiting for cluster to be ready. Got 0 of 1 DN Heartbeats.
2019-08-23 02:04:57,088 [org.apache.hadoop.util.JvmPauseMonitor$Monitor@72fbb76d] INFO  util.JvmPauseMonitor (JvmPauseMonitor.java:run(188)) - Starting JVM pause monitor
2019-08-23 02:04:57,091 [Datanode State Machine Thread - 0] INFO  datanode.InitDatanodeState (InitDatanodeState.java:persistContainerDatanodeDetails(140)) - DatanodeDetails is persisted to /workdir/hadoop-ozone/integration-test/target/test-dir/MiniOzoneClusterImpl-0cd4ec66-496a-4a87-b6e6-07f1b47f38fe/datanode-0/meta/datanode.id
2019-08-23 02:04:58,086 [Thread-1095] INFO  ozone.MiniOzoneClusterImpl (MiniOzoneClusterImpl.java:lambda$waitForClusterToBeReady$0(142)) - Waiting for cluster to be ready. Got 0 of 1 DN Heartbeats.
2019-08-23 02:04:59,086 [Thread-1095] INFO  ozone.MiniOzoneClusterImpl (MiniOzoneClusterImpl.java:lambda$waitForClusterToBeReady$0(142)) - Waiting for cluster to be ready. Got 0 of 1 DN Heartbeats.
2019-08-23 02:04:59,094 | INFO  | SCMAudit | user=jenkins1000 | ip=192.168.34.22 | op=GET_VERSION null | ret=SUCCESS |  
2019-08-23 02:04:59,108 [Datanode State Machine Thread - 0] INFO  ozoneimpl.OzoneContainer (OzoneContainer.java:start(186)) - Attempting to start container services.
2019-08-23 02:04:59,110 [Datanode State Machine Thread - 0] INFO  ozoneimpl.OzoneContainer (OzoneContainer.java:startContainerScrub(160)) - Background container scrubber has been disabled by hdds.containerscrub.enabled
2019-08-23 02:04:59,110 [Datanode State Machine Thread - 0] INFO  ratis.XceiverServerRatis (XceiverServerRatis.java:start(404)) - Starting XceiverServerRatis ca5dcef0-b5a3-4f45-b527-2d4684781b8d at port 0
2019-08-23 02:04:59,118 [Datanode State Machine Thread - 0] INFO  impl.RaftServerProxy (RaftServerProxy.java:lambda$start$3(299)) - ca5dcef0-b5a3-4f45-b527-2d4684781b8d: start RPC server
2019-08-23 02:04:59,120 [Datanode State Machine Thread - 0] INFO  server.GrpcService (GrpcService.java:startImpl(149)) - ca5dcef0-b5a3-4f45-b527-2d4684781b8d: GrpcService started, listening on 0.0.0.0/0.0.0.0:45280
2019-08-23 02:04:59,120 [Datanode State Machine Thread - 0] INFO  ratis.XceiverServerRatis (XceiverServerRatis.java:start(414)) - XceiverServerRatis ca5dcef0-b5a3-4f45-b527-2d4684781b8d is started using port 45280
2019-08-23 02:04:59,122 [Datanode State Machine Thread - 0] INFO  server.XceiverServerGrpc (XceiverServerGrpc.java:start(161)) - XceiverServerGrpc ca5dcef0-b5a3-4f45-b527-2d4684781b8d is started using port 42360
2019-08-23 02:05:00,087 [Thread-1095] INFO  ozone.MiniOzoneClusterImpl (MiniOzoneClusterImpl.java:lambda$waitForClusterToBeReady$0(142)) - Waiting for cluster to be ready. Got 0 of 1 DN Heartbeats.
2019-08-23 02:05:01,087 [Thread-1095] INFO  ozone.MiniOzoneClusterImpl (MiniOzoneClusterImpl.java:lambda$waitForClusterToBeReady$0(142)) - Waiting for cluster to be ready. Got 0 of 1 DN Heartbeats.
2019-08-23 02:05:01,092 [IPC Server handler 0 on 39120] INFO  net.NetworkTopology (NetworkTopologyImpl.java:add(110)) - Added a new node: /default-rack/ca5dcef0-b5a3-4f45-b527-2d4684781b8d
2019-08-23 02:05:01,093 [IPC Server handler 0 on 39120] INFO  node.SCMNodeManager (SCMNodeManager.java:register(273)) - Registered Data node : ca5dcef0-b5a3-4f45-b527-2d4684781b8d{ip: 192.168.34.22, host: pr-hdds-1909-sn94l-363750510, networkLocation: /default-rack, certSerialId: null}
2019-08-23 02:05:01,096 | INFO  | SCMAudit | user=jenkins1000 | ip=192.168.34.22 | op=REGISTER {datanodeDetails=ca5dcef0-b5a3-4f45-b527-2d4684781b8d{ip: 192.168.34.22, host: pr-hdds-1909-sn94l-363750510, networkLocation: /default-rack, certSerialId: null}} | ret=SUCCESS |  
2019-08-23 02:05:01,096 [EventQueue-NodeRegistrationContainerReportForDataNodeSafeModeRule] INFO  safemode.SCMSafeModeManager (DataNodeSafeModeRule.java:process(71)) - SCM in safe mode. 1 DataNodes registered, 1 required.
2019-08-23 02:05:01,097 [EventQueue-NodeRegistrationContainerReportForDataNodeSafeModeRule] INFO  safemode.SCMSafeModeManager (SCMSafeModeManager.java:validateSafeModeExitRules(177)) - ScmSafeModeManager, all rules are successfully validated
2019-08-23 02:05:01,098 [EventQueue-NodeRegistrationContainerReportForDataNodeSafeModeRule] INFO  safemode.SCMSafeModeManager (SCMSafeModeManager.java:exitSafeMode(193)) - SCM exiting safe mode.
2019-08-23 02:05:01,118 [grpc-default-executor-1] INFO  impl.RaftServerProxy (RaftServerProxy.java:addNew(89)) - ca5dcef0-b5a3-4f45-b527-2d4684781b8d: addNew group-0378D4CB8FAD:[ca5dcef0-b5a3-4f45-b527-2d4684781b8d:192.168.34.22:45280] returns group-0378D4CB8FAD:java.util.concurrent.CompletableFuture@6e3a5a34[Not completed]
2019-08-23 02:05:01,122 [pool-429-thread-1] INFO  impl.RaftServerImpl (RaftServerImpl.java:<init>(93)) - ca5dcef0-b5a3-4f45-b527-2d4684781b8d: new RaftServerImpl for group-0378D4CB8FAD:[ca5dcef0-b5a3-4f45-b527-2d4684781b8d:192.168.34.22:45280] with ContainerStateMachine:uninitialized
2019-08-23 02:05:01,123 [pool-429-thread-1] INFO  server.RaftServerConfigKeys (ConfUtils.java:logGet(43)) - raft.server.rpc.timeout.min = 5s (custom)
2019-08-23 02:05:01,123 [pool-429-thread-1] INFO  server.RaftServerConfigKeys (ConfUtils.java:logGet(43)) - raft.server.rpc.timeout.max = 5200ms (custom)
2019-08-23 02:05:01,123 [pool-429-thread-1] INFO  server.RaftServerConfigKeys (ConfUtils.java:logGet(43)) - raft.server.rpcslowness.timeout = 120s (custom)
2019-08-23 02:05:01,123 [pool-429-thread-1] INFO  server.RaftServerConfigKeys (ConfUtils.java:logGet(43)) - raft.server.sleep.deviation.threshold = 300 (default)
2019-08-23 02:05:01,124 [pool-429-thread-1] INFO  server.RaftServerConfigKeys (ConfUtils.java:logGet(43)) - raft.server.log.appender.install.snapshot.enabled = false (custom)
2019-08-23 02:05:01,124 [pool-429-thread-1] INFO  impl.RaftServerImpl (ServerState.java:<init>(105)) - ca5dcef0-b5a3-4f45-b527-2d4684781b8d:group-0378D4CB8FAD ConfigurationManager, init=-1: [ca5dcef0-b5a3-4f45-b527-2d4684781b8d:192.168.34.22:45280], old=null, confs=<EMPTY_MAP>
2019-08-23 02:05:01,124 [pool-429-thread-1] INFO  server.RaftServerConfigKeys (ConfUtils.java:logGet(43)) - raft.server.storage.dir = [/workdir/hadoop-ozone/integration-test/target/test-dir/MiniOzoneClusterImpl-0cd4ec66-496a-4a87-b6e6-07f1b47f38fe/datanode-0/data/ratis] (custom)
2019-08-23 02:05:01,125 [pool-429-thread-1] INFO  storage.RaftStorageDirectory (RaftStorageDirectory.java:analyzeStorage(246)) - The storage directory /workdir/hadoop-ozone/integration-test/target/test-dir/MiniOzoneClusterImpl-0cd4ec66-496a-4a87-b6e6-07f1b47f38fe/datanode-0/data/ratis/023ee34d-723d-48d7-9de1-0378d4cb8fad does not exist. Creating ...
2019-08-23 02:05:01,138 [pool-429-thread-1] INFO  storage.RaftStorageDirectory (RaftStorageDirectory.java:tryLock(328)) - Lock on /workdir/hadoop-ozone/integration-test/target/test-dir/MiniOzoneClusterImpl-0cd4ec66-496a-4a87-b6e6-07f1b47f38fe/datanode-0/data/ratis/023ee34d-723d-48d7-9de1-0378d4cb8fad/in_use.lock acquired by nodename 15301@pr-hdds-1909-sn94l-363750510
2019-08-23 02:05:01,164 [pool-429-thread-1] INFO  storage.RaftStorage (RaftStorage.java:format(72)) - Storage directory /workdir/hadoop-ozone/integration-test/target/test-dir/MiniOzoneClusterImpl-0cd4ec66-496a-4a87-b6e6-07f1b47f38fe/datanode-0/data/ratis/023ee34d-723d-48d7-9de1-0378d4cb8fad has been successfully formatted.
2019-08-23 02:05:01,164 [pool-429-thread-1] INFO  ratis.ContainerStateMachine (ContainerStateMachine.java:loadSnapshot(226)) - group-0378D4CB8FAD: The snapshot info is null. Setting the last applied indexto:(t:0, i:~)
2019-08-23 02:05:01,164 [pool-429-thread-1] INFO  server.RaftServerConfigKeys (ConfUtils.java:logGet(43)) - raft.server.leader.election.timeout = 120s (custom)
2019-08-23 02:05:01,165 [pool-429-thread-1] INFO  server.RaftServerConfigKeys (ConfUtils.java:logGet(43)) - raft.server.log.use.memory = false (default)
2019-08-23 02:05:01,165 [pool-429-thread-1] INFO  server.RaftServerConfigKeys (ConfUtils.java:logGet(43)) - raft.server.log.purge.gap = 1000000 (custom)
2019-08-23 02:05:01,165 [pool-429-thread-1] INFO  server.RaftServerConfigKeys (ConfUtils.java:logGet(43)) - raft.server.log.appender.buffer.byte-limit = 33554432 (custom)
2019-08-23 02:05:01,165 [pool-429-thread-1] INFO  server.RaftServerConfigKeys (ConfUtils.java:logGet(43)) - raft.server.log.segment.size.max = 1048576 (custom)
2019-08-23 02:05:01,165 [pool-429-thread-1] INFO  server.RaftServerConfigKeys (ConfUtils.java:logGet(43)) - raft.server.log.segment.cache.num.max = 2 (custom)
2019-08-23 02:05:01,166 [pool-429-thread-1] INFO  segmented.SegmentedRaftLogWorker (SegmentedRaftLogWorker.java:<init>(172)) - new ca5dcef0-b5a3-4f45-b527-2d4684781b8d-SegmentedRaftLogWorker:Storage Directory /workdir/hadoop-ozone/integration-test/target/test-dir/MiniOzoneClusterImpl-0cd4ec66-496a-4a87-b6e6-07f1b47f38fe/datanode-0/data/ratis/023ee34d-723d-48d7-9de1-0378d4cb8fad for RaftStorage:Storage Directory /workdir/hadoop-ozone/integration-test/target/test-dir/MiniOzoneClusterImpl-0cd4ec66-496a-4a87-b6e6-07f1b47f38fe/datanode-0/data/ratis/023ee34d-723d-48d7-9de1-0378d4cb8fad
2019-08-23 02:05:01,166 [pool-429-thread-1] INFO  server.RaftServerConfigKeys (ConfUtils.java:logGet(43)) - raft.server.log.queue.byte-limit = 2147483647 (custom)
2019-08-23 02:05:01,166 [pool-429-thread-1] INFO  server.RaftServerConfigKeys (ConfUtils.java:logGet(43)) - raft.server.log.queue.element-limit = 1024 (custom)
2019-08-23 02:05:01,166 [pool-429-thread-1] INFO  server.RaftServerConfigKeys (ConfUtils.java:logGet(43)) - raft.server.log.segment.size.max = 1048576 (custom)
2019-08-23 02:05:01,167 [pool-429-thread-1] INFO  server.RaftServerConfigKeys (ConfUtils.java:logGet(43)) - raft.server.log.preallocated.size = 16384 (custom)
2019-08-23 02:05:01,167 [pool-429-thread-1] INFO  server.RaftServerConfigKeys (ConfUtils.java:logGet(43)) - raft.server.log.write.buffer.size = 33554432 (custom)
2019-08-23 02:05:01,167 [pool-429-thread-1] INFO  server.RaftServerConfigKeys (ConfUtils.java:logGet(43)) - raft.server.log.force.sync.num = 128 (default)
2019-08-23 02:05:01,167 [pool-429-thread-1] INFO  server.RaftServerConfigKeys (ConfUtils.java:logGet(43)) - raft.server.log.statemachine.data.sync = true (default)
2019-08-23 02:05:01,167 [pool-429-thread-1] INFO  server.RaftServerConfigKeys (ConfUtils.java:logGet(43)) - raft.server.log.statemachine.data.sync.timeout = 10s (default)
2019-08-23 02:05:01,167 [pool-429-thread-1] INFO  server.RaftServerConfigKeys (ConfUtils.java:logGet(43)) - raft.server.log.statemachine.data.sync.timeout.retry = -1 (default)
2019-08-23 02:05:01,168 [pool-429-thread-1] INFO  server.RaftServerConfigKeys (ConfUtils.java:logGet(43)) - raft.server.log.statemachine.data.caching.enabled = true (custom)
2019-08-23 02:05:01,168 [pool-429-thread-1] INFO  segmented.SegmentedRaftLogWorker (SegmentedRaftLogWorker.java:lambda$new$0(132)) - ca5dcef0-b5a3-4f45-b527-2d4684781b8d-SegmentedRaftLogWorker:Storage Directory /workdir/hadoop-ozone/integration-test/target/test-dir/MiniOzoneClusterImpl-0cd4ec66-496a-4a87-b6e6-07f1b47f38fe/datanode-0/data/ratis/023ee34d-723d-48d7-9de1-0378d4cb8fad: flushIndex: setUnconditionally 0 -> -1
2019-08-23 02:05:01,169 [pool-429-thread-1] INFO  server.RaftServerConfigKeys (ConfUtils.java:logGet(43)) - raft.server.snapshot.auto.trigger.enabled = true (custom)
2019-08-23 02:05:01,169 [pool-429-thread-1] INFO  server.RaftServerConfigKeys (ConfUtils.java:logGet(43)) - raft.server.snapshot.auto.trigger.threshold = 10000 (custom)
2019-08-23 02:05:01,169 [pool-429-thread-1] INFO  server.RaftServerConfigKeys (ConfUtils.java:logGet(43)) - raft.server.retrycache.expirytime = 600000ms (custom)
2019-08-23 02:05:01,169 [pool-429-thread-1] INFO  impl.RaftServerImpl (RaftServerImpl.java:start(180)) - ca5dcef0-b5a3-4f45-b527-2d4684781b8d: start group-0378D4CB8FAD
2019-08-23 02:05:01,170 [pool-429-thread-1] INFO  impl.RaftServerImpl (RaftServerImpl.java:setRole(171)) - ca5dcef0-b5a3-4f45-b527-2d4684781b8d:group-0378D4CB8FAD changes role from null to FOLLOWER at term 0 for startAsFollower
2019-08-23 02:05:01,170 [pool-429-thread-1] INFO  impl.RoleInfo (RoleInfo.java:updateAndGet(143)) - ca5dcef0-b5a3-4f45-b527-2d4684781b8d: start FollowerState
2019-08-23 02:05:01,171 [pool-429-thread-1] INFO  util.JmxRegister (JmxRegister.java:tryRegister(44)) - Successfully registered JMX Bean with object name Ratis:service=RaftServer,group=group-0378D4CB8FAD,id=ca5dcef0-b5a3-4f45-b527-2d4684781b8d
2019-08-23 02:05:01,182 [RatisPipelineUtilsThread] INFO  pipeline.PipelineStateManager (PipelineStateManager.java:addPipeline(56)) - Created pipeline Pipeline[ Id: 023ee34d-723d-48d7-9de1-0378d4cb8fad, Nodes: ca5dcef0-b5a3-4f45-b527-2d4684781b8d{ip: 192.168.34.22, host: pr-hdds-1909-sn94l-363750510, networkLocation: /default-rack, certSerialId: null}, Type:RATIS, Factor:ONE, State:OPEN]
2019-08-23 02:05:02,088 [Thread-1095] INFO  ozone.MiniOzoneClusterImpl (MiniOzoneClusterImpl.java:lambda$waitForClusterToBeReady$0(142)) - Cluster is ready. Got 1 of 1 DN Heartbeats.
2019-08-23 02:05:02,088 [Thread-1095] INFO  ozone.MiniOzoneClusterImpl (MiniOzoneClusterImpl.java:getStorageContainerLocationClient(241)) - Creating StorageContainerLocationProtocol RPC client with address /0.0.0.0:41061
2019-08-23 02:05:02,237 | INFO  | OMAudit | user=jenkins1000 | ip=127.0.0.1 | op=CREATE_VOLUME {admin=admin13262, owner=user99480, volume=volume05539, creationTime=1566525902236, quotaInBytes=1152921504606846976} | ret=SUCCESS |  
2019-08-23 02:05:02,245 | INFO  | OMAudit | user=jenkins1000 | ip=127.0.0.1 | op=CREATE_BUCKET {volume=volume05539, bucket=bucket55533, acls=[], isVersionEnabled=false, storageType=DISK, creationTime=1566525902240} | ret=SUCCESS |  
2019-08-23 02:05:02,248 [IPC Server handler 1 on 38392] INFO  pipeline.PipelineStateManager (PipelineStateManager.java:addPipeline(56)) - Created pipeline Pipeline[ Id: 2a0b29ae-ba4c-4ddb-9aab-cc7c8e91dbb9, Nodes: ca5dcef0-b5a3-4f45-b527-2d4684781b8d{ip: 192.168.34.22, host: pr-hdds-1909-sn94l-363750510, networkLocation: /default-rack, certSerialId: null}, Type:STAND_ALONE, Factor:ONE, State:OPEN]
2019-08-23 02:05:02,250 | INFO  | SCMAudit | user=jenkins1000 | ip=192.168.34.22 | op=ALLOCATE_BLOCK {owner=3ddedc01-3817-40e9-9841-60bd7c64fa0e, size=4194304, type=STAND_ALONE, factor=ONE} | ret=SUCCESS |  
2019-08-23 02:05:02,253 | INFO  | OMAudit | user=jenkins1000 | ip=127.0.0.1 | op=ALLOCATE_KEY {volume=volume05539, bucket=bucket55533, key=WEmvN0, dataSize=4096, replicationType=STAND_ALONE, replicationFactor=ONE, keyLocationInfo=[blockID {
  containerBlockID {
    containerID: 1
    localID: 102663841529856400
  }
  blockCommitSequenceId: 0
}
offset: 0
length: 4194304
createVersion: 0
pipeline {
  leaderID: ""
  members {
    uuid: "ca5dcef0-b5a3-4f45-b527-2d4684781b8d"
    ipAddress: "192.168.34.22"
    hostName: "pr-hdds-1909-sn94l-363750510"
    ports {
      name: "REST"
      value: 43516
    }
    ports {
      name: "RATIS"
      value: 45280
    }
    ports {
      name: "STANDALONE"
      value: 42360
    }
    networkName: "ca5dcef0-b5a3-4f45-b527-2d4684781b8d"
    networkLocation: "/default-rack"
  }
  state: PIPELINE_OPEN
  type: STAND_ALONE
  factor: ONE
  id {
    id: "2a0b29ae-ba4c-4ddb-9aab-cc7c8e91dbb9"
  }
}
]} | ret=SUCCESS |  
2019-08-23 02:05:02,336 | INFO  | DNAudit | user=null | ip=null | op=WRITE_CHUNK {blockData=conID: 1 locID: 102663841529856400 bcsId: 0} | ret=SUCCESS |  
2019-08-23 02:05:02,338 | INFO  | SCMAudit | user=jenkins1000 | ip=192.168.34.22 | op=SEND_HEARTBEAT {datanodeUUID=ca5dcef0-b5a3-4f45-b527-2d4684781b8d, command=[]} | ret=SUCCESS |  
2019-08-23 02:05:02,389 | INFO  | DNAudit | user=null | ip=null | op=PUT_BLOCK {blockData=[blockId=conID: 1 locID: 102663841529856400 bcsId: 0,size=5]} | ret=SUCCESS |  
2019-08-23 02:05:02,393 | INFO  | OMAudit | user=jenkins1000 | ip=127.0.0.1 | op=COMMIT_KEY {volume=volume05539, bucket=bucket55533, key=WEmvN0, dataSize=5, replicationType=RATIS, replicationFactor=ONE, keyLocationInfo=[blockID {
  containerBlockID {
    containerID: 1
    localID: 102663841529856400
  }
  blockCommitSequenceId: 0
}
offset: 0
length: 5
createVersion: 0
pipeline {
  leaderID: ""
  members {
    uuid: "ca5dcef0-b5a3-4f45-b527-2d4684781b8d"
    ipAddress: "192.168.34.22"
    hostName: "pr-hdds-1909-sn94l-363750510"
    ports {
      name: "REST"
      value: 43516
    }
    ports {
      name: "RATIS"
      value: 45280
    }
    ports {
      name: "STANDALONE"
      value: 42360
    }
    networkName: "ca5dcef0-b5a3-4f45-b527-2d4684781b8d"
    networkLocation: "/default-rack"
  }
  state: PIPELINE_OPEN
  type: STAND_ALONE
  factor: ONE
  id {
    id: "2a0b29ae-ba4c-4ddb-9aab-cc7c8e91dbb9"
  }
}
]} | ret=SUCCESS |  
2019-08-23 02:05:02,398 | INFO  | SCMAudit | user=jenkins1000 | ip=192.168.34.22 | op=ALLOCATE_BLOCK {owner=3ddedc01-3817-40e9-9841-60bd7c64fa0e, size=4194304, type=STAND_ALONE, factor=ONE} | ret=SUCCESS |  
2019-08-23 02:05:02,399 | INFO  | OMAudit | user=jenkins1000 | ip=127.0.0.1 | op=ALLOCATE_KEY {volume=volume05539, bucket=bucket55533, key=dOYXe1, dataSize=4096, replicationType=STAND_ALONE, replicationFactor=ONE, keyLocationInfo=[blockID {
  containerBlockID {
    containerID: 2
    localID: 102663841539555730
  }
  blockCommitSequenceId: 0
}
offset: 0
length: 4194304
createVersion: 0
pipeline {
  leaderID: ""
  members {
    uuid: "ca5dcef0-b5a3-4f45-b527-2d4684781b8d"
    ipAddress: "192.168.34.22"
    hostName: "pr-hdds-1909-sn94l-363750510"
    ports {
      name: "REST"
      value: 43516
    }
    ports {
      name: "RATIS"
      value: 45280
    }
    ports {
      name: "STANDALONE"
      value: 42360
    }
    networkName: "ca5dcef0-b5a3-4f45-b527-2d4684781b8d"
    networkLocation: "/default-rack"
  }
  state: PIPELINE_OPEN
  type: STAND_ALONE
  factor: ONE
  id {
    id: "2a0b29ae-ba4c-4ddb-9aab-cc7c8e91dbb9"
  }
}
]} | ret=SUCCESS |  
2019-08-23 02:05:02,472 | INFO  | DNAudit | user=null | ip=null | op=WRITE_CHUNK {blockData=conID: 2 locID: 102663841539555730 bcsId: 0} | ret=SUCCESS |  
2019-08-23 02:05:02,473 | INFO  | SCMAudit | user=jenkins1000 | ip=192.168.34.22 | op=SEND_HEARTBEAT {datanodeUUID=ca5dcef0-b5a3-4f45-b527-2d4684781b8d, command=[]} | ret=SUCCESS |  
2019-08-23 02:05:02,503 | INFO  | DNAudit | user=null | ip=null | op=PUT_BLOCK {blockData=[blockId=conID: 2 locID: 102663841539555730 bcsId: 0,size=5]} | ret=SUCCESS |  
2019-08-23 02:05:02,506 | INFO  | OMAudit | user=jenkins1000 | ip=127.0.0.1 | op=COMMIT_KEY {volume=volume05539, bucket=bucket55533, key=dOYXe1, dataSize=5, replicationType=RATIS, replicationFactor=ONE, keyLocationInfo=[blockID {
  containerBlockID {
    containerID: 2
    localID: 102663841539555730
  }
  blockCommitSequenceId: 0
}
offset: 0
length: 5
createVersion: 0
pipeline {
  leaderID: ""
  members {
    uuid: "ca5dcef0-b5a3-4f45-b527-2d4684781b8d"
    ipAddress: "192.168.34.22"
    hostName: "pr-hdds-1909-sn94l-363750510"
    ports {
      name: "REST"
      value: 43516
    }
    ports {
      name: "RATIS"
      value: 45280
    }
    ports {
      name: "STANDALONE"
      value: 42360
    }
    networkName: "ca5dcef0-b5a3-4f45-b527-2d4684781b8d"
    networkLocation: "/default-rack"
  }
  state: PIPELINE_OPEN
  type: STAND_ALONE
  factor: ONE
  id {
    id: "2a0b29ae-ba4c-4ddb-9aab-cc7c8e91dbb9"
  }
}
]} | ret=SUCCESS |  
2019-08-23 02:05:02,508 | INFO  | SCMAudit | user=jenkins1000 | ip=192.168.34.22 | op=ALLOCATE_BLOCK {owner=3ddedc01-3817-40e9-9841-60bd7c64fa0e, size=4194304, type=STAND_ALONE, factor=ONE} | ret=SUCCESS |  
2019-08-23 02:05:02,510 | INFO  | OMAudit | user=jenkins1000 | ip=127.0.0.1 | op=ALLOCATE_KEY {volume=volume05539, bucket=bucket55533, key=kssYu2, dataSize=4096, replicationType=STAND_ALONE, replicationFactor=ONE, keyLocationInfo=[blockID {
  containerBlockID {
    containerID: 3
    localID: 102663841546764692
  }
  blockCommitSequenceId: 0
}
offset: 0
length: 4194304
createVersion: 0
pipeline {
  leaderID: ""
  members {
    uuid: "ca5dcef0-b5a3-4f45-b527-2d4684781b8d"
    ipAddress: "192.168.34.22"
    hostName: "pr-hdds-1909-sn94l-363750510"
    ports {
      name: "REST"
      value: 43516
    }
    ports {
      name: "RATIS"
      value: 45280
    }
    ports {
      name: "STANDALONE"
      value: 42360
    }
    networkName: "ca5dcef0-b5a3-4f45-b527-2d4684781b8d"
    networkLocation: "/default-rack"
  }
  state: PIPELINE_OPEN
  type: STAND_ALONE
  factor: ONE
  id {
    id: "2a0b29ae-ba4c-4ddb-9aab-cc7c8e91dbb9"
  }
}
]} | ret=SUCCESS |  
2019-08-23 02:05:02,545 | INFO  | DNAudit | user=null | ip=null | op=WRITE_CHUNK {blockData=conID: 3 locID: 102663841546764692 bcsId: 0} | ret=SUCCESS |  
2019-08-23 02:05:02,548 | INFO  | SCMAudit | user=jenkins1000 | ip=192.168.34.22 | op=SEND_HEARTBEAT {datanodeUUID=ca5dcef0-b5a3-4f45-b527-2d4684781b8d, command=[]} | ret=SUCCESS |  
2019-08-23 02:05:02,592 | INFO  | DNAudit | user=null | ip=null | op=PUT_BLOCK {blockData=[blockId=conID: 3 locID: 102663841546764692 bcsId: 0,size=5]} | ret=SUCCESS |  
2019-08-23 02:05:02,600 | INFO  | OMAudit | user=jenkins1000 | ip=127.0.0.1 | op=COMMIT_KEY {volume=volume05539, bucket=bucket55533, key=kssYu2, dataSize=5, replicationType=RATIS, replicationFactor=ONE, keyLocationInfo=[blockID {
  containerBlockID {
    containerID: 3
    localID: 102663841546764692
  }
  blockCommitSequenceId: 0
}
offset: 0
length: 5
createVersion: 0
pipeline {
  leaderID: ""
  members {
    uuid: "ca5dcef0-b5a3-4f45-b527-2d4684781b8d"
    ipAddress: "192.168.34.22"
    hostName: "pr-hdds-1909-sn94l-363750510"
    ports {
      name: "REST"
      value: 43516
    }
    ports {
      name: "RATIS"
      value: 45280
    }
    ports {
      name: "STANDALONE"
      value: 42360
    }
    networkName: "ca5dcef0-b5a3-4f45-b527-2d4684781b8d"
    networkLocation: "/default-rack"
  }
  state: PIPELINE_OPEN
  type: STAND_ALONE
  factor: ONE
  id {
    id: "2a0b29ae-ba4c-4ddb-9aab-cc7c8e91dbb9"
  }
}
]} | ret=SUCCESS |  
2019-08-23 02:05:02,603 | INFO  | SCMAudit | user=jenkins1000 | ip=192.168.34.22 | op=ALLOCATE_BLOCK {owner=3ddedc01-3817-40e9-9841-60bd7c64fa0e, size=4194304, type=STAND_ALONE, factor=ONE} | ret=SUCCESS |  
2019-08-23 02:05:02,604 | INFO  | OMAudit | user=jenkins1000 | ip=127.0.0.1 | op=ALLOCATE_KEY {volume=volume05539, bucket=bucket55533, key=yPpPx3, dataSize=4096, replicationType=STAND_ALONE, replicationFactor=ONE, keyLocationInfo=[blockID {
  containerBlockID {
    containerID: 1
    localID: 102663841552990614
  }
  blockCommitSequenceId: 0
}
offset: 0
length: 4194304
createVersion: 0
pipeline {
  leaderID: ""
  members {
    uuid: "ca5dcef0-b5a3-4f45-b527-2d4684781b8d"
    ipAddress: "192.168.34.22"
    hostName: "pr-hdds-1909-sn94l-363750510"
    ports {
      name: "REST"
      value: 43516
    }
    ports {
      name: "RATIS"
      value: 45280
    }
    ports {
      name: "STANDALONE"
      value: 42360
    }
    networkName: "ca5dcef0-b5a3-4f45-b527-2d4684781b8d"
    networkLocation: "/default-rack"
  }
  state: PIPELINE_OPEN
  type: STAND_ALONE
  factor: ONE
  id {
    id: "2a0b29ae-ba4c-4ddb-9aab-cc7c8e91dbb9"
  }
}
]} | ret=SUCCESS |  
2019-08-23 02:05:02,608 | INFO  | DNAudit | user=null | ip=null | op=WRITE_CHUNK {blockData=conID: 1 locID: 102663841552990614 bcsId: 0} | ret=SUCCESS |  
2019-08-23 02:05:02,611 | INFO  | DNAudit | user=null | ip=null | op=PUT_BLOCK {blockData=[blockId=conID: 1 locID: 102663841552990614 bcsId: 0,size=5]} | ret=SUCCESS |  
2019-08-23 02:05:02,614 | INFO  | OMAudit | user=jenkins1000 | ip=127.0.0.1 | op=COMMIT_KEY {volume=volume05539, bucket=bucket55533, key=yPpPx3, dataSize=5, replicationType=RATIS, replicationFactor=ONE, keyLocationInfo=[blockID {
  containerBlockID {
    containerID: 1
    localID: 102663841552990614
  }
  blockCommitSequenceId: 0
}
offset: 0
length: 5
createVersion: 0
pipeline {
  leaderID: ""
  members {
    uuid: "ca5dcef0-b5a3-4f45-b527-2d4684781b8d"
    ipAddress: "192.168.34.22"
    hostName: "pr-hdds-1909-sn94l-363750510"
    ports {
      name: "REST"
      value: 43516
    }
    ports {
      name: "RATIS"
      value: 45280
    }
    ports {
      name: "STANDALONE"
      value: 42360
    }
    networkName: "ca5dcef0-b5a3-4f45-b527-2d4684781b8d"
    networkLocation: "/default-rack"
  }
  state: PIPELINE_OPEN
  type: STAND_ALONE
  factor: ONE
  id {
    id: "2a0b29ae-ba4c-4ddb-9aab-cc7c8e91dbb9"
  }
}
]} | ret=SUCCESS |  
2019-08-23 02:05:02,616 | INFO  | SCMAudit | user=jenkins1000 | ip=192.168.34.22 | op=ALLOCATE_BLOCK {owner=3ddedc01-3817-40e9-9841-60bd7c64fa0e, size=4194304, type=STAND_ALONE, factor=ONE} | ret=SUCCESS |  
2019-08-23 02:05:02,617 | INFO  | OMAudit | user=jenkins1000 | ip=127.0.0.1 | op=ALLOCATE_KEY {volume=volume05539, bucket=bucket55533, key=hFUNT4, dataSize=4096, replicationType=STAND_ALONE, replicationFactor=ONE, keyLocationInfo=[blockID {
  containerBlockID {
    containerID: 2
    localID: 102663841553842584
  }
  blockCommitSequenceId: 0
}
offset: 0
length: 4194304
createVersion: 0
pipeline {
  leaderID: ""
  members {
    uuid: "ca5dcef0-b5a3-4f45-b527-2d4684781b8d"
    ipAddress: "192.168.34.22"
    hostName: "pr-hdds-1909-sn94l-363750510"
    ports {
      name: "REST"
      value: 43516
    }
    ports {
      name: "RATIS"
      value: 45280
    }
    ports {
      name: "STANDALONE"
      value: 42360
    }
    networkName: "ca5dcef0-b5a3-4f45-b527-2d4684781b8d"
    networkLocation: "/default-rack"
  }
  state: PIPELINE_OPEN
  type: STAND_ALONE
  factor: ONE
  id {
    id: "2a0b29ae-ba4c-4ddb-9aab-cc7c8e91dbb9"
  }
}
]} | ret=SUCCESS |  
2019-08-23 02:05:02,620 | INFO  | DNAudit | user=null | ip=null | op=WRITE_CHUNK {blockData=conID: 2 locID: 102663841553842584 bcsId: 0} | ret=SUCCESS |  
2019-08-23 02:05:02,623 | INFO  | DNAudit | user=null | ip=null | op=PUT_BLOCK {blockData=[blockId=conID: 2 locID: 102663841553842584 bcsId: 0,size=5]} | ret=SUCCESS |  
2019-08-23 02:05:02,626 | INFO  | OMAudit | user=jenkins1000 | ip=127.0.0.1 | op=COMMIT_KEY {volume=volume05539, bucket=bucket55533, key=hFUNT4, dataSize=5, replicationType=RATIS, replicationFactor=ONE, keyLocationInfo=[blockID {
  containerBlockID {
    containerID: 2
    localID: 102663841553842584
  }
  blockCommitSequenceId: 0
}
offset: 0
length: 5
createVersion: 0
pipeline {
  leaderID: ""
  members {
    uuid: "ca5dcef0-b5a3-4f45-b527-2d4684781b8d"
    ipAddress: "192.168.34.22"
    hostName: "pr-hdds-1909-sn94l-363750510"
    ports {
      name: "REST"
      value: 43516
    }
    ports {
      name: "RATIS"
      value: 45280
    }
    ports {
      name: "STANDALONE"
      value: 42360
    }
    networkName: "ca5dcef0-b5a3-4f45-b527-2d4684781b8d"
    networkLocation: "/default-rack"
  }
  state: PIPELINE_OPEN
  type: STAND_ALONE
  factor: ONE
  id {
    id: "2a0b29ae-ba4c-4ddb-9aab-cc7c8e91dbb9"
  }
}
]} | ret=SUCCESS |  
2019-08-23 02:05:02,629 | INFO  | SCMAudit | user=jenkins1000 | ip=192.168.34.22 | op=ALLOCATE_BLOCK {owner=3ddedc01-3817-40e9-9841-60bd7c64fa0e, size=4194304, type=STAND_ALONE, factor=ONE} | ret=SUCCESS |  
2019-08-23 02:05:02,630 | INFO  | OMAudit | user=jenkins1000 | ip=127.0.0.1 | op=ALLOCATE_KEY {volume=volume05539, bucket=bucket55533, key=yWANd5, dataSize=4096, replicationType=STAND_ALONE, replicationFactor=ONE, keyLocationInfo=[blockID {
  containerBlockID {
    containerID: 3
    localID: 102663841554629018
  }
  blockCommitSequenceId: 0
}
offset: 0
length: 4194304
createVersion: 0
pipeline {
  leaderID: ""
  members {
    uuid: "ca5dcef0-b5a3-4f45-b527-2d4684781b8d"
    ipAddress: "192.168.34.22"
    hostName: "pr-hdds-1909-sn94l-363750510"
    ports {
      name: "REST"
      value: 43516
    }
    ports {
      name: "RATIS"
      value: 45280
    }
    ports {
      name: "STANDALONE"
      value: 42360
    }
    networkName: "ca5dcef0-b5a3-4f45-b527-2d4684781b8d"
    networkLocation: "/default-rack"
  }
  state: PIPELINE_OPEN
  type: STAND_ALONE
  factor: ONE
  id {
    id: "2a0b29ae-ba4c-4ddb-9aab-cc7c8e91dbb9"
  }
}
]} | ret=SUCCESS |  
2019-08-23 02:05:02,634 | INFO  | DNAudit | user=null | ip=null | op=WRITE_CHUNK {blockData=conID: 3 locID: 102663841554629018 bcsId: 0} | ret=SUCCESS |  
2019-08-23 02:05:02,636 | INFO  | DNAudit | user=null | ip=null | op=PUT_BLOCK {blockData=[blockId=conID: 3 locID: 102663841554629018 bcsId: 0,size=5]} | ret=SUCCESS |  
2019-08-23 02:05:02,639 | INFO  | OMAudit | user=jenkins1000 | ip=127.0.0.1 | op=COMMIT_KEY {volume=volume05539, bucket=bucket55533, key=yWANd5, dataSize=5, replicationType=RATIS, replicationFactor=ONE, keyLocationInfo=[blockID {
  containerBlockID {
    containerID: 3
    localID: 102663841554629018
  }
  blockCommitSequenceId: 0
}
offset: 0
length: 5
createVersion: 0
pipeline {
  leaderID: ""
  members {
    uuid: "ca5dcef0-b5a3-4f45-b527-2d4684781b8d"
    ipAddress: "192.168.34.22"
    hostName: "pr-hdds-1909-sn94l-363750510"
    ports {
      name: "REST"
      value: 43516
    }
    ports {
      name: "RATIS"
      value: 45280
    }
    ports {
      name: "STANDALONE"
      value: 42360
    }
    networkName: "ca5dcef0-b5a3-4f45-b527-2d4684781b8d"
    networkLocation: "/default-rack"
  }
  state: PIPELINE_OPEN
  type: STAND_ALONE
  factor: ONE
  id {
    id: "2a0b29ae-ba4c-4ddb-9aab-cc7c8e91dbb9"
  }
}
]} | ret=SUCCESS |  
2019-08-23 02:05:02,640 | INFO  | SCMAudit | user=jenkins1000 | ip=192.168.34.22 | op=ALLOCATE_BLOCK {owner=3ddedc01-3817-40e9-9841-60bd7c64fa0e, size=4194304, type=STAND_ALONE, factor=ONE} | ret=SUCCESS |  
2019-08-23 02:05:02,642 | INFO  | OMAudit | user=jenkins1000 | ip=127.0.0.1 | op=ALLOCATE_KEY {volume=volume05539, bucket=bucket55533, key=PtqgA6, dataSize=4096, replicationType=STAND_ALONE, replicationFactor=ONE, keyLocationInfo=[blockID {
  containerBlockID {
    containerID: 1
    localID: 102663841555415452
  }
  blockCommitSequenceId: 0
}
offset: 0
length: 4194304
createVersion: 0
pipeline {
  leaderID: ""
  members {
    uuid: "ca5dcef0-b5a3-4f45-b527-2d4684781b8d"
    ipAddress: "192.168.34.22"
    hostName: "pr-hdds-1909-sn94l-363750510"
    ports {
      name: "REST"
      value: 43516
    }
    ports {
      name: "RATIS"
      value: 45280
    }
    ports {
      name: "STANDALONE"
      value: 42360
    }
    networkName: "ca5dcef0-b5a3-4f45-b527-2d4684781b8d"
    networkLocation: "/default-rack"
  }
  state: PIPELINE_OPEN
  type: STAND_ALONE
  factor: ONE
  id {
    id: "2a0b29ae-ba4c-4ddb-9aab-cc7c8e91dbb9"
  }
}
]} | ret=SUCCESS |  
2019-08-23 02:05:02,646 | INFO  | DNAudit | user=null | ip=null | op=WRITE_CHUNK {blockData=conID: 1 locID: 102663841555415452 bcsId: 0} | ret=SUCCESS |  
2019-08-23 02:05:02,649 | INFO  | DNAudit | user=null | ip=null | op=PUT_BLOCK {blockData=[blockId=conID: 1 locID: 102663841555415452 bcsId: 0,size=5]} | ret=SUCCESS |  
2019-08-23 02:05:02,652 | INFO  | OMAudit | user=jenkins1000 | ip=127.0.0.1 | op=COMMIT_KEY {volume=volume05539, bucket=bucket55533, key=PtqgA6, dataSize=5, replicationType=RATIS, replicationFactor=ONE, keyLocationInfo=[blockID {
  containerBlockID {
    containerID: 1
    localID: 102663841555415452
  }
  blockCommitSequenceId: 0
}
offset: 0
length: 5
createVersion: 0
pipeline {
  leaderID: ""
  members {
    uuid: "ca5dcef0-b5a3-4f45-b527-2d4684781b8d"
    ipAddress: "192.168.34.22"
    hostName: "pr-hdds-1909-sn94l-363750510"
    ports {
      name: "REST"
      value: 43516
    }
    ports {
      name: "RATIS"
      value: 45280
    }
    ports {
      name: "STANDALONE"
      value: 42360
    }
    networkName: "ca5dcef0-b5a3-4f45-b527-2d4684781b8d"
    networkLocation: "/default-rack"
  }
  state: PIPELINE_OPEN
  type: STAND_ALONE
  factor: ONE
  id {
    id: "2a0b29ae-ba4c-4ddb-9aab-cc7c8e91dbb9"
  }
}
]} | ret=SUCCESS |  
2019-08-23 02:05:02,653 | INFO  | SCMAudit | user=jenkins1000 | ip=192.168.34.22 | op=ALLOCATE_BLOCK {owner=3ddedc01-3817-40e9-9841-60bd7c64fa0e, size=4194304, type=STAND_ALONE, factor=ONE} | ret=SUCCESS |  
2019-08-23 02:05:02,655 | INFO  | OMAudit | user=jenkins1000 | ip=127.0.0.1 | op=ALLOCATE_KEY {volume=volume05539, bucket=bucket55533, key=azvPc7, dataSize=4096, replicationType=STAND_ALONE, replicationFactor=ONE, keyLocationInfo=[blockID {
  containerBlockID {
    containerID: 2
    localID: 102663841556267422
  }
  blockCommitSequenceId: 0
}
offset: 0
length: 4194304
createVersion: 0
pipeline {
  leaderID: ""
  members {
    uuid: "ca5dcef0-b5a3-4f45-b527-2d4684781b8d"
    ipAddress: "192.168.34.22"
    hostName: "pr-hdds-1909-sn94l-363750510"
    ports {
      name: "REST"
      value: 43516
    }
    ports {
      name: "RATIS"
      value: 45280
    }
    ports {
      name: "STANDALONE"
      value: 42360
    }
    networkName: "ca5dcef0-b5a3-4f45-b527-2d4684781b8d"
    networkLocation: "/default-rack"
  }
  state: PIPELINE_OPEN
  type: STAND_ALONE
  factor: ONE
  id {
    id: "2a0b29ae-ba4c-4ddb-9aab-cc7c8e91dbb9"
  }
}
]} | ret=SUCCESS |  
2019-08-23 02:05:02,659 | INFO  | DNAudit | user=null | ip=null | op=WRITE_CHUNK {blockData=conID: 2 locID: 102663841556267422 bcsId: 0} | ret=SUCCESS |  
2019-08-23 02:05:02,662 | INFO  | DNAudit | user=null | ip=null | op=PUT_BLOCK {blockData=[blockId=conID: 2 locID: 102663841556267422 bcsId: 0,size=5]} | ret=SUCCESS |  
2019-08-23 02:05:02,664 | INFO  | OMAudit | user=jenkins1000 | ip=127.0.0.1 | op=COMMIT_KEY {volume=volume05539, bucket=bucket55533, key=azvPc7, dataSize=5, replicationType=RATIS, replicationFactor=ONE, keyLocationInfo=[blockID {
  containerBlockID {
    containerID: 2
    localID: 102663841556267422
  }
  blockCommitSequenceId: 0
}
offset: 0
length: 5
createVersion: 0
pipeline {
  leaderID: ""
  members {
    uuid: "ca5dcef0-b5a3-4f45-b527-2d4684781b8d"
    ipAddress: "192.168.34.22"
    hostName: "pr-hdds-1909-sn94l-363750510"
    ports {
      name: "REST"
      value: 43516
    }
    ports {
      name: "RATIS"
      value: 45280
    }
    ports {
      name: "STANDALONE"
      value: 42360
    }
    networkName: "ca5dcef0-b5a3-4f45-b527-2d4684781b8d"
    networkLocation: "/default-rack"
  }
  state: PIPELINE_OPEN
  type: STAND_ALONE
  factor: ONE
  id {
    id: "2a0b29ae-ba4c-4ddb-9aab-cc7c8e91dbb9"
  }
}
]} | ret=SUCCESS |  
2019-08-23 02:05:02,666 | INFO  | SCMAudit | user=jenkins1000 | ip=192.168.34.22 | op=ALLOCATE_BLOCK {owner=3ddedc01-3817-40e9-9841-60bd7c64fa0e, size=4194304, type=STAND_ALONE, factor=ONE} | ret=SUCCESS |  
2019-08-23 02:05:02,667 | INFO  | OMAudit | user=jenkins1000 | ip=127.0.0.1 | op=ALLOCATE_KEY {volume=volume05539, bucket=bucket55533, key=oBCEu8, dataSize=4096, replicationType=STAND_ALONE, replicationFactor=ONE, keyLocationInfo=[blockID {
  containerBlockID {
    containerID: 3
    localID: 102663841557119392
  }
  blockCommitSequenceId: 0
}
offset: 0
length: 4194304
createVersion: 0
pipeline {
  leaderID: ""
  members {
    uuid: "ca5dcef0-b5a3-4f45-b527-2d4684781b8d"
    ipAddress: "192.168.34.22"
    hostName: "pr-hdds-1909-sn94l-363750510"
    ports {
      name: "REST"
      value: 43516
    }
    ports {
      name: "RATIS"
      value: 45280
    }
    ports {
      name: "STANDALONE"
      value: 42360
    }
    networkName: "ca5dcef0-b5a3-4f45-b527-2d4684781b8d"
    networkLocation: "/default-rack"
  }
  state: PIPELINE_OPEN
  type: STAND_ALONE
  factor: ONE
  id {
    id: "2a0b29ae-ba4c-4ddb-9aab-cc7c8e91dbb9"
  }
}
]} | ret=SUCCESS |  
2019-08-23 02:05:02,671 | INFO  | DNAudit | user=null | ip=null | op=WRITE_CHUNK {blockData=conID: 3 locID: 102663841557119392 bcsId: 0} | ret=SUCCESS |  
2019-08-23 02:05:02,674 | INFO  | DNAudit | user=null | ip=null | op=PUT_BLOCK {blockData=[blockId=conID: 3 locID: 102663841557119392 bcsId: 0,size=5]} | ret=SUCCESS |  
2019-08-23 02:05:02,676 | INFO  | OMAudit | user=jenkins1000 | ip=127.0.0.1 | op=COMMIT_KEY {volume=volume05539, bucket=bucket55533, key=oBCEu8, dataSize=5, replicationType=RATIS, replicationFactor=ONE, keyLocationInfo=[blockID {
  containerBlockID {
    containerID: 3
    localID: 102663841557119392
  }
  blockCommitSequenceId: 0
}
offset: 0
length: 5
createVersion: 0
pipeline {
  leaderID: ""
  members {
    uuid: "ca5dcef0-b5a3-4f45-b527-2d4684781b8d"
    ipAddress: "192.168.34.22"
    hostName: "pr-hdds-1909-sn94l-363750510"
    ports {
      name: "REST"
      value: 43516
    }
    ports {
      name: "RATIS"
      value: 45280
    }
    ports {
      name: "STANDALONE"
      value: 42360
    }
    networkName: "ca5dcef0-b5a3-4f45-b527-2d4684781b8d"
    networkLocation: "/default-rack"
  }
  state: PIPELINE_OPEN
  type: STAND_ALONE
  factor: ONE
  id {
    id: "2a0b29ae-ba4c-4ddb-9aab-cc7c8e91dbb9"
  }
}
]} | ret=SUCCESS |  
2019-08-23 02:05:02,678 | INFO  | SCMAudit | user=jenkins1000 | ip=192.168.34.22 | op=ALLOCATE_BLOCK {owner=3ddedc01-3817-40e9-9841-60bd7c64fa0e, size=4194304, type=STAND_ALONE, factor=ONE} | ret=SUCCESS |  
2019-08-23 02:05:02,679 | INFO  | OMAudit | user=jenkins1000 | ip=127.0.0.1 | op=ALLOCATE_KEY {volume=volume05539, bucket=bucket55533, key=ySxqX9, dataSize=4096, replicationType=STAND_ALONE, replicationFactor=ONE, keyLocationInfo=[blockID {
  containerBlockID {
    containerID: 1
    localID: 102663841557905826
  }
  blockCommitSequenceId: 0
}
offset: 0
length: 4194304
createVersion: 0
pipeline {
  leaderID: ""
  members {
    uuid: "ca5dcef0-b5a3-4f45-b527-2d4684781b8d"
    ipAddress: "192.168.34.22"
    hostName: "pr-hdds-1909-sn94l-363750510"
    ports {
      name: "REST"
      value: 43516
    }
    ports {
      name: "RATIS"
      value: 45280
    }
    ports {
      name: "STANDALONE"
      value: 42360
    }
    networkName: "ca5dcef0-b5a3-4f45-b527-2d4684781b8d"
    networkLocation: "/default-rack"
  }
  state: PIPELINE_OPEN
  type: STAND_ALONE
  factor: ONE
  id {
    id: "2a0b29ae-ba4c-4ddb-9aab-cc7c8e91dbb9"
  }
}
]} | ret=SUCCESS |  
2019-08-23 02:05:02,683 | INFO  | DNAudit | user=null | ip=null | op=WRITE_CHUNK {blockData=conID: 1 locID: 102663841557905826 bcsId: 0} | ret=SUCCESS |  
2019-08-23 02:05:02,685 | INFO  | DNAudit | user=null | ip=null | op=PUT_BLOCK {blockData=[blockId=conID: 1 locID: 102663841557905826 bcsId: 0,size=5]} | ret=SUCCESS |  
2019-08-23 02:05:02,688 | INFO  | OMAudit | user=jenkins1000 | ip=127.0.0.1 | op=COMMIT_KEY {volume=volume05539, bucket=bucket55533, key=ySxqX9, dataSize=5, replicationType=RATIS, replicationFactor=ONE, keyLocationInfo=[blockID {
  containerBlockID {
    containerID: 1
    localID: 102663841557905826
  }
  blockCommitSequenceId: 0
}
offset: 0
length: 5
createVersion: 0
pipeline {
  leaderID: ""
  members {
    uuid: "ca5dcef0-b5a3-4f45-b527-2d4684781b8d"
    ipAddress: "192.168.34.22"
    hostName: "pr-hdds-1909-sn94l-363750510"
    ports {
      name: "REST"
      value: 43516
    }
    ports {
      name: "RATIS"
      value: 45280
    }
    ports {
      name: "STANDALONE"
      value: 42360
    }
    networkName: "ca5dcef0-b5a3-4f45-b527-2d4684781b8d"
    networkLocation: "/default-rack"
  }
  state: PIPELINE_OPEN
  type: STAND_ALONE
  factor: ONE
  id {
    id: "2a0b29ae-ba4c-4ddb-9aab-cc7c8e91dbb9"
  }
}
]} | ret=SUCCESS |  
2019-08-23 02:05:02,689 | INFO  | SCMAudit | user=jenkins1000 | ip=192.168.34.22 | op=ALLOCATE_BLOCK {owner=3ddedc01-3817-40e9-9841-60bd7c64fa0e, size=4194304, type=STAND_ALONE, factor=ONE} | ret=SUCCESS |  
2019-08-23 02:05:02,691 | INFO  | OMAudit | user=jenkins1000 | ip=127.0.0.1 | op=ALLOCATE_KEY {volume=volume05539, bucket=bucket55533, key=stquG10, dataSize=4096, replicationType=STAND_ALONE, replicationFactor=ONE, keyLocationInfo=[blockID {
  containerBlockID {
    containerID: 2
    localID: 102663841558626724
  }
  blockCommitSequenceId: 0
}
offset: 0
length: 4194304
createVersion: 0
pipeline {
  leaderID: ""
  members {
    uuid: "ca5dcef0-b5a3-4f45-b527-2d4684781b8d"
    ipAddress: "192.168.34.22"
    hostName: "pr-hdds-1909-sn94l-363750510"
    ports {
      name: "REST"
      value: 43516
    }
    ports {
      name: "RATIS"
      value: 45280
    }
    ports {
      name: "STANDALONE"
      value: 42360
    }
    networkName: "ca5dcef0-b5a3-4f45-b527-2d4684781b8d"
    networkLocation: "/default-rack"
  }
  state: PIPELINE_OPEN
  type: STAND_ALONE
  factor: ONE
  id {
    id: "2a0b29ae-ba4c-4ddb-9aab-cc7c8e91dbb9"
  }
}
]} | ret=SUCCESS |  
2019-08-23 02:05:02,694 | INFO  | DNAudit | user=null | ip=null | op=WRITE_CHUNK {blockData=conID: 2 locID: 102663841558626724 bcsId: 0} | ret=SUCCESS |  
2019-08-23 02:05:02,697 | INFO  | DNAudit | user=null | ip=null | op=PUT_BLOCK {blockData=[blockId=conID: 2 locID: 102663841558626724 bcsId: 0,size=5]} | ret=SUCCESS |  
2019-08-23 02:05:02,699 | INFO  | OMAudit | user=jenkins1000 | ip=127.0.0.1 | op=COMMIT_KEY {volume=volume05539, bucket=bucket55533, key=stquG10, dataSize=5, replicationType=RATIS, replicationFactor=ONE, keyLocationInfo=[blockID {
  containerBlockID {
    containerID: 2
    localID: 102663841558626724
  }
  blockCommitSequenceId: 0
}
offset: 0
length: 5
createVersion: 0
pipeline {
  leaderID: ""
  members {
    uuid: "ca5dcef0-b5a3-4f45-b527-2d4684781b8d"
    ipAddress: "192.168.34.22"
    hostName: "pr-hdds-1909-sn94l-363750510"
    ports {
      name: "REST"
      value: 43516
    }
    ports {
      name: "RATIS"
      value: 45280
    }
    ports {
      name: "STANDALONE"
      value: 42360
    }
    networkName: "ca5dcef0-b5a3-4f45-b527-2d4684781b8d"
    networkLocation: "/default-rack"
  }
  state: PIPELINE_OPEN
  type: STAND_ALONE
  factor: ONE
  id {
    id: "2a0b29ae-ba4c-4ddb-9aab-cc7c8e91dbb9"
  }
}
]} | ret=SUCCESS |  
2019-08-23 02:05:02,701 | INFO  | SCMAudit | user=jenkins1000 | ip=192.168.34.22 | op=ALLOCATE_BLOCK {owner=3ddedc01-3817-40e9-9841-60bd7c64fa0e, size=4194304, type=STAND_ALONE, factor=ONE} | ret=SUCCESS |  
2019-08-23 02:05:02,703 | INFO  | OMAudit | user=jenkins1000 | ip=127.0.0.1 | op=ALLOCATE_KEY {volume=volume05539, bucket=bucket55533, key=spnMW11, dataSize=4096, replicationType=STAND_ALONE, replicationFactor=ONE, keyLocationInfo=[blockID {
  containerBlockID {
    containerID: 3
    localID: 102663841559413158
  }
  blockCommitSequenceId: 0
}
offset: 0
length: 4194304
createVersion: 0
pipeline {
  leaderID: ""
  members {
    uuid: "ca5dcef0-b5a3-4f45-b527-2d4684781b8d"
    ipAddress: "192.168.34.22"
    hostName: "pr-hdds-1909-sn94l-363750510"
    ports {
      name: "REST"
      value: 43516
    }
    ports {
      name: "RATIS"
      value: 45280
    }
    ports {
      name: "STANDALONE"
      value: 42360
    }
    networkName: "ca5dcef0-b5a3-4f45-b527-2d4684781b8d"
    networkLocation: "/default-rack"
  }
  state: PIPELINE_OPEN
  type: STAND_ALONE
  factor: ONE
  id {
    id: "2a0b29ae-ba4c-4ddb-9aab-cc7c8e91dbb9"
  }
}
]} | ret=SUCCESS |  
2019-08-23 02:05:02,711 | INFO  | DNAudit | user=null | ip=null | op=WRITE_CHUNK {blockData=conID: 3 locID: 102663841559413158 bcsId: 0} | ret=SUCCESS |  
2019-08-23 02:05:02,714 | INFO  | DNAudit | user=null | ip=null | op=PUT_BLOCK {blockData=[blockId=conID: 3 locID: 102663841559413158 bcsId: 0,size=5]} | ret=SUCCESS |  
2019-08-23 02:05:02,717 | INFO  | OMAudit | user=jenkins1000 | ip=127.0.0.1 | op=COMMIT_KEY {volume=volume05539, bucket=bucket55533, key=spnMW11, dataSize=5, replicationType=RATIS, replicationFactor=ONE, keyLocationInfo=[blockID {
  containerBlockID {
    containerID: 3
    localID: 102663841559413158
  }
  blockCommitSequenceId: 0
}
offset: 0
length: 5
createVersion: 0
pipeline {
  leaderID: ""
  members {
    uuid: "ca5dcef0-b5a3-4f45-b527-2d4684781b8d"
    ipAddress: "192.168.34.22"
    hostName: "pr-hdds-1909-sn94l-363750510"
    ports {
      name: "REST"
      value: 43516
    }
    ports {
      name: "RATIS"
      value: 45280
    }
    ports {
      name: "STANDALONE"
      value: 42360
    }
    networkName: "ca5dcef0-b5a3-4f45-b527-2d4684781b8d"
    networkLocation: "/default-rack"
  }
  state: PIPELINE_OPEN
  type: STAND_ALONE
  factor: ONE
  id {
    id: "2a0b29ae-ba4c-4ddb-9aab-cc7c8e91dbb9"
  }
}
]} | ret=SUCCESS |  
2019-08-23 02:05:02,719 | INFO  | SCMAudit | user=jenkins1000 | ip=192.168.34.22 | op=ALLOCATE_BLOCK {owner=3ddedc01-3817-40e9-9841-60bd7c64fa0e, size=4194304, type=STAND_ALONE, factor=ONE} | ret=SUCCESS |  
2019-08-23 02:05:02,721 | INFO  | OMAudit | user=jenkins1000 | ip=127.0.0.1 | op=ALLOCATE_KEY {volume=volume05539, bucket=bucket55533, key=yLOdb12, dataSize=4096, replicationType=STAND_ALONE, replicationFactor=ONE, keyLocationInfo=[blockID {
  containerBlockID {
    containerID: 1
    localID: 102663841560592808
  }
  blockCommitSequenceId: 0
}
offset: 0
length: 4194304
createVersion: 0
pipeline {
  leaderID: ""
  members {
    uuid: "ca5dcef0-b5a3-4f45-b527-2d4684781b8d"
    ipAddress: "192.168.34.22"
    hostName: "pr-hdds-1909-sn94l-363750510"
    ports {
      name: "REST"
      value: 43516
    }
    ports {
      name: "RATIS"
      value: 45280
    }
    ports {
      name: "STANDALONE"
      value: 42360
    }
    networkName: "ca5dcef0-b5a3-4f45-b527-2d4684781b8d"
    networkLocation: "/default-rack"
  }
  state: PIPELINE_OPEN
  type: STAND_ALONE
  factor: ONE
  id {
    id: "2a0b29ae-ba4c-4ddb-9aab-cc7c8e91dbb9"
  }
}
]} | ret=SUCCESS |  
2019-08-23 02:05:02,724 | INFO  | DNAudit | user=null | ip=null | op=WRITE_CHUNK {blockData=conID: 1 locID: 102663841560592808 bcsId: 0} | ret=SUCCESS |  
2019-08-23 02:05:02,727 | INFO  | DNAudit | user=null | ip=null | op=PUT_BLOCK {blockData=[blockId=conID: 1 locID: 102663841560592808 bcsId: 0,size=5]} | ret=SUCCESS |  
2019-08-23 02:05:02,729 | INFO  | OMAudit | user=jenkins1000 | ip=127.0.0.1 | op=COMMIT_KEY {volume=volume05539, bucket=bucket55533, key=yLOdb12, dataSize=5, replicationType=RATIS, replicationFactor=ONE, keyLocationInfo=[blockID {
  containerBlockID {
    containerID: 1
    localID: 102663841560592808
  }
  blockCommitSequenceId: 0
}
offset: 0
length: 5
createVersion: 0
pipeline {
  leaderID: ""
  members {
    uuid: "ca5dcef0-b5a3-4f45-b527-2d4684781b8d"
    ipAddress: "192.168.34.22"
    hostName: "pr-hdds-1909-sn94l-363750510"
    ports {
      name: "REST"
      value: 43516
    }
    ports {
      name: "RATIS"
      value: 45280
    }
    ports {
      name: "STANDALONE"
      value: 42360
    }
    networkName: "ca5dcef0-b5a3-4f45-b527-2d4684781b8d"
    networkLocation: "/default-rack"
  }
  state: PIPELINE_OPEN
  type: STAND_ALONE
  factor: ONE
  id {
    id: "2a0b29ae-ba4c-4ddb-9aab-cc7c8e91dbb9"
  }
}
]} | ret=SUCCESS |  
2019-08-23 02:05:02,730 | INFO  | SCMAudit | user=jenkins1000 | ip=192.168.34.22 | op=ALLOCATE_BLOCK {owner=3ddedc01-3817-40e9-9841-60bd7c64fa0e, size=4194304, type=STAND_ALONE, factor=ONE} | ret=SUCCESS |  
2019-08-23 02:05:02,732 | INFO  | OMAudit | user=jenkins1000 | ip=127.0.0.1 | op=ALLOCATE_KEY {volume=volume05539, bucket=bucket55533, key=CMVEK13, dataSize=4096, replicationType=STAND_ALONE, replicationFactor=ONE, keyLocationInfo=[blockID {
  containerBlockID {
    containerID: 2
    localID: 102663841561313706
  }
  blockCommitSequenceId: 0
}
offset: 0
length: 4194304
createVersion: 0
pipeline {
  leaderID: ""
  members {
    uuid: "ca5dcef0-b5a3-4f45-b527-2d4684781b8d"
    ipAddress: "192.168.34.22"
    hostName: "pr-hdds-1909-sn94l-363750510"
    ports {
      name: "REST"
      value: 43516
    }
    ports {
      name: "RATIS"
      value: 45280
    }
    ports {
      name: "STANDALONE"
      value: 42360
    }
    networkName: "ca5dcef0-b5a3-4f45-b527-2d4684781b8d"
    networkLocation: "/default-rack"
  }
  state: PIPELINE_OPEN
  type: STAND_ALONE
  factor: ONE
  id {
    id: "2a0b29ae-ba4c-4ddb-9aab-cc7c8e91dbb9"
  }
}
]} | ret=SUCCESS |  
2019-08-23 02:05:02,736 | INFO  | DNAudit | user=null | ip=null | op=WRITE_CHUNK {blockData=conID: 2 locID: 102663841561313706 bcsId: 0} | ret=SUCCESS |  
2019-08-23 02:05:02,739 | INFO  | DNAudit | user=null | ip=null | op=PUT_BLOCK {blockData=[blockId=conID: 2 locID: 102663841561313706 bcsId: 0,size=5]} | ret=SUCCESS |  
2019-08-23 02:05:02,741 | INFO  | OMAudit | user=jenkins1000 | ip=127.0.0.1 | op=COMMIT_KEY {volume=volume05539, bucket=bucket55533, key=CMVEK13, dataSize=5, replicationType=RATIS, replicationFactor=ONE, keyLocationInfo=[blockID {
  containerBlockID {
    containerID: 2
    localID: 102663841561313706
  }
  blockCommitSequenceId: 0
}
offset: 0
length: 5
createVersion: 0
pipeline {
  leaderID: ""
  members {
    uuid: "ca5dcef0-b5a3-4f45-b527-2d4684781b8d"
    ipAddress: "192.168.34.22"
    hostName: "pr-hdds-1909-sn94l-363750510"
    ports {
      name: "REST"
      value: 43516
    }
    ports {
      name: "RATIS"
      value: 45280
    }
    ports {
      name: "STANDALONE"
      value: 42360
    }
    networkName: "ca5dcef0-b5a3-4f45-b527-2d4684781b8d"
    networkLocation: "/default-rack"
  }
  state: PIPELINE_OPEN
  type: STAND_ALONE
  factor: ONE
  id {
    id: "2a0b29ae-ba4c-4ddb-9aab-cc7c8e91dbb9"
  }
}
]} | ret=SUCCESS |  
2019-08-23 02:05:02,743 | INFO  | SCMAudit | user=jenkins1000 | ip=192.168.34.22 | op=ALLOCATE_BLOCK {owner=3ddedc01-3817-40e9-9841-60bd7c64fa0e, size=4194304, type=STAND_ALONE, factor=ONE} | ret=SUCCESS |  
2019-08-23 02:05:02,744 | INFO  | OMAudit | user=jenkins1000 | ip=127.0.0.1 | op=ALLOCATE_KEY {volume=volume05539, bucket=bucket55533, key=zCMkT14, dataSize=4096, replicationType=STAND_ALONE, replicationFactor=ONE, keyLocationInfo=[blockID {
  containerBlockID {
    containerID: 3
    localID: 102663841562165676
  }
  blockCommitSequenceId: 0
}
offset: 0
length: 4194304
createVersion: 0
pipeline {
  leaderID: ""
  members {
    uuid: "ca5dcef0-b5a3-4f45-b527-2d4684781b8d"
    ipAddress: "192.168.34.22"
    hostName: "pr-hdds-1909-sn94l-363750510"
    ports {
      name: "REST"
      value: 43516
    }
    ports {
      name: "RATIS"
      value: 45280
    }
    ports {
      name: "STANDALONE"
      value: 42360
    }
    networkName: "ca5dcef0-b5a3-4f45-b527-2d4684781b8d"
    networkLocation: "/default-rack"
  }
  state: PIPELINE_OPEN
  type: STAND_ALONE
  factor: ONE
  id {
    id: "2a0b29ae-ba4c-4ddb-9aab-cc7c8e91dbb9"
  }
}
]} | ret=SUCCESS |  
2019-08-23 02:05:02,748 | INFO  | DNAudit | user=null | ip=null | op=WRITE_CHUNK {blockData=conID: 3 locID: 102663841562165676 bcsId: 0} | ret=SUCCESS |  
2019-08-23 02:05:02,751 | INFO  | DNAudit | user=null | ip=null | op=PUT_BLOCK {blockData=[blockId=conID: 3 locID: 102663841562165676 bcsId: 0,size=5]} | ret=SUCCESS |  
2019-08-23 02:05:02,753 | INFO  | OMAudit | user=jenkins1000 | ip=127.0.0.1 | op=COMMIT_KEY {volume=volume05539, bucket=bucket55533, key=zCMkT14, dataSize=5, replicationType=RATIS, replicationFactor=ONE, keyLocationInfo=[blockID {
  containerBlockID {
    containerID: 3
    localID: 102663841562165676
  }
  blockCommitSequenceId: 0
}
offset: 0
length: 5
createVersion: 0
pipeline {
  leaderID: ""
  members {
    uuid: "ca5dcef0-b5a3-4f45-b527-2d4684781b8d"
    ipAddress: "192.168.34.22"
    hostName: "pr-hdds-1909-sn94l-363750510"
    ports {
      name: "REST"
      value: 43516
    }
    ports {
      name: "RATIS"
      value: 45280
    }
    ports {
      name: "STANDALONE"
      value: 42360
    }
    networkName: "ca5dcef0-b5a3-4f45-b527-2d4684781b8d"
    networkLocation: "/default-rack"
  }
  state: PIPELINE_OPEN
  type: STAND_ALONE
  factor: ONE
  id {
    id: "2a0b29ae-ba4c-4ddb-9aab-cc7c8e91dbb9"
  }
}
]} | ret=SUCCESS |  
2019-08-23 02:05:02,755 | INFO  | SCMAudit | user=jenkins1000 | ip=192.168.34.22 | op=ALLOCATE_BLOCK {owner=3ddedc01-3817-40e9-9841-60bd7c64fa0e, size=4194304, type=STAND_ALONE, factor=ONE} | ret=SUCCESS |  
2019-08-23 02:05:02,756 | INFO  | OMAudit | user=jenkins1000 | ip=127.0.0.1 | op=ALLOCATE_KEY {volume=volume05539, bucket=bucket55533, key=RwaEq15, dataSize=4096, replicationType=STAND_ALONE, replicationFactor=ONE, keyLocationInfo=[blockID {
  containerBlockID {
    containerID: 1
    localID: 102663841562952110
  }
  blockCommitSequenceId: 0
}
offset: 0
length: 4194304
createVersion: 0
pipeline {
  leaderID: ""
  members {
    uuid: "ca5dcef0-b5a3-4f45-b527-2d4684781b8d"
    ipAddress: "192.168.34.22"
    hostName: "pr-hdds-1909-sn94l-363750510"
    ports {
      name: "REST"
      value: 43516
    }
    ports {
      name: "RATIS"
      value: 45280
    }
    ports {
      name: "STANDALONE"
      value: 42360
    }
    networkName: "ca5dcef0-b5a3-4f45-b527-2d4684781b8d"
    networkLocation: "/default-rack"
  }
  state: PIPELINE_OPEN
  type: STAND_ALONE
  factor: ONE
  id {
    id: "2a0b29ae-ba4c-4ddb-9aab-cc7c8e91dbb9"
  }
}
]} | ret=SUCCESS |  
2019-08-23 02:05:02,760 | INFO  | DNAudit | user=null | ip=null | op=WRITE_CHUNK {blockData=conID: 1 locID: 102663841562952110 bcsId: 0} | ret=SUCCESS |  
2019-08-23 02:05:02,762 | INFO  | DNAudit | user=null | ip=null | op=PUT_BLOCK {blockData=[blockId=conID: 1 locID: 102663841562952110 bcsId: 0,size=5]} | ret=SUCCESS |  
2019-08-23 02:05:02,765 | INFO  | OMAudit | user=jenkins1000 | ip=127.0.0.1 | op=COMMIT_KEY {volume=volume05539, bucket=bucket55533, key=RwaEq15, dataSize=5, replicationType=RATIS, replicationFactor=ONE, keyLocationInfo=[blockID {
  containerBlockID {
    containerID: 1
    localID: 102663841562952110
  }
  blockCommitSequenceId: 0
}
offset: 0
length: 5
createVersion: 0
pipeline {
  leaderID: ""
  members {
    uuid: "ca5dcef0-b5a3-4f45-b527-2d4684781b8d"
    ipAddress: "192.168.34.22"
    hostName: "pr-hdds-1909-sn94l-363750510"
    ports {
      name: "REST"
      value: 43516
    }
    ports {
      name: "RATIS"
      value: 45280
    }
    ports {
      name: "STANDALONE"
      value: 42360
    }
    networkName: "ca5dcef0-b5a3-4f45-b527-2d4684781b8d"
    networkLocation: "/default-rack"
  }
  state: PIPELINE_OPEN
  type: STAND_ALONE
  factor: ONE
  id {
    id: "2a0b29ae-ba4c-4ddb-9aab-cc7c8e91dbb9"
  }
}
]} | ret=SUCCESS |  
2019-08-23 02:05:02,767 | INFO  | SCMAudit | user=jenkins1000 | ip=192.168.34.22 | op=ALLOCATE_BLOCK {owner=3ddedc01-3817-40e9-9841-60bd7c64fa0e, size=4194304, type=STAND_ALONE, factor=ONE} | ret=SUCCESS |  
2019-08-23 02:05:02,768 | INFO  | OMAudit | user=jenkins1000 | ip=127.0.0.1 | op=ALLOCATE_KEY {volume=volume05539, bucket=bucket55533, key=LofnG16, dataSize=4096, replicationType=STAND_ALONE, replicationFactor=ONE, keyLocationInfo=[blockID {
  containerBlockID {
    containerID: 2
    localID: 102663841563738544
  }
  blockCommitSequenceId: 0
}
offset: 0
length: 4194304
createVersion: 0
pipeline {
  leaderID: ""
  members {
    uuid: "ca5dcef0-b5a3-4f45-b527-2d4684781b8d"
    ipAddress: "192.168.34.22"
    hostName: "pr-hdds-1909-sn94l-363750510"
    ports {
      name: "REST"
      value: 43516
    }
    ports {
      name: "RATIS"
      value: 45280
    }
    ports {
      name: "STANDALONE"
      value: 42360
    }
    networkName: "ca5dcef0-b5a3-4f45-b527-2d4684781b8d"
    networkLocation: "/default-rack"
  }
  state: PIPELINE_OPEN
  type: STAND_ALONE
  factor: ONE
  id {
    id: "2a0b29ae-ba4c-4ddb-9aab-cc7c8e91dbb9"
  }
}
]} | ret=SUCCESS |  
2019-08-23 02:05:02,772 | INFO  | DNAudit | user=null | ip=null | op=WRITE_CHUNK {blockData=conID: 2 locID: 102663841563738544 bcsId: 0} | ret=SUCCESS |  
2019-08-23 02:05:02,774 | INFO  | DNAudit | user=null | ip=null | op=PUT_BLOCK {blockData=[blockId=conID: 2 locID: 102663841563738544 bcsId: 0,size=5]} | ret=SUCCESS |  
2019-08-23 02:05:02,776 | INFO  | OMAudit | user=jenkins1000 | ip=127.0.0.1 | op=COMMIT_KEY {volume=volume05539, bucket=bucket55533, key=LofnG16, dataSize=5, replicationType=RATIS, replicationFactor=ONE, keyLocationInfo=[blockID {
  containerBlockID {
    containerID: 2
    localID: 102663841563738544
  }
  blockCommitSequenceId: 0
}
offset: 0
length: 5
createVersion: 0
pipeline {
  leaderID: ""
  members {
    uuid: "ca5dcef0-b5a3-4f45-b527-2d4684781b8d"
    ipAddress: "192.168.34.22"
    hostName: "pr-hdds-1909-sn94l-363750510"
    ports {
      name: "REST"
      value: 43516
    }
    ports {
      name: "RATIS"
      value: 45280
    }
    ports {
      name: "STANDALONE"
      value: 42360
    }
    networkName: "ca5dcef0-b5a3-4f45-b527-2d4684781b8d"
    networkLocation: "/default-rack"
  }
  state: PIPELINE_OPEN
  type: STAND_ALONE
  factor: ONE
  id {
    id: "2a0b29ae-ba4c-4ddb-9aab-cc7c8e91dbb9"
  }
}
]} | ret=SUCCESS |  
2019-08-23 02:05:02,778 | INFO  | SCMAudit | user=jenkins1000 | ip=192.168.34.22 | op=ALLOCATE_BLOCK {owner=3ddedc01-3817-40e9-9841-60bd7c64fa0e, size=4194304, type=STAND_ALONE, factor=ONE} | ret=SUCCESS |  
2019-08-23 02:05:02,780 | INFO  | OMAudit | user=jenkins1000 | ip=127.0.0.1 | op=ALLOCATE_KEY {volume=volume05539, bucket=bucket55533, key=KSuKT17, dataSize=4096, replicationType=STAND_ALONE, replicationFactor=ONE, keyLocationInfo=[blockID {
  containerBlockID {
    containerID: 3
    localID: 102663841564459442
  }
  blockCommitSequenceId: 0
}
offset: 0
length: 4194304
createVersion: 0
pipeline {
  leaderID: ""
  members {
    uuid: "ca5dcef0-b5a3-4f45-b527-2d4684781b8d"
    ipAddress: "192.168.34.22"
    hostName: "pr-hdds-1909-sn94l-363750510"
    ports {
      name: "REST"
      value: 43516
    }
    ports {
      name: "RATIS"
      value: 45280
    }
    ports {
      name: "STANDALONE"
      value: 42360
    }
    networkName: "ca5dcef0-b5a3-4f45-b527-2d4684781b8d"
    networkLocation: "/default-rack"
  }
  state: PIPELINE_OPEN
  type: STAND_ALONE
  factor: ONE
  id {
    id: "2a0b29ae-ba4c-4ddb-9aab-cc7c8e91dbb9"
  }
}
]} | ret=SUCCESS |  
2019-08-23 02:05:02,783 | INFO  | DNAudit | user=null | ip=null | op=WRITE_CHUNK {blockData=conID: 3 locID: 102663841564459442 bcsId: 0} | ret=SUCCESS |  
2019-08-23 02:05:02,785 | INFO  | DNAudit | user=null | ip=null | op=PUT_BLOCK {blockData=[blockId=conID: 3 locID: 102663841564459442 bcsId: 0,size=5]} | ret=SUCCESS |  
2019-08-23 02:05:02,788 | INFO  | OMAudit | user=jenkins1000 | ip=127.0.0.1 | op=COMMIT_KEY {volume=volume05539, bucket=bucket55533, key=KSuKT17, dataSize=5, replicationType=RATIS, replicationFactor=ONE, keyLocationInfo=[blockID {
  containerBlockID {
    containerID: 3
    localID: 102663841564459442
  }
  blockCommitSequenceId: 0
}
offset: 0
length: 5
createVersion: 0
pipeline {
  leaderID: ""
  members {
    uuid: "ca5dcef0-b5a3-4f45-b527-2d4684781b8d"
    ipAddress: "192.168.34.22"
    hostName: "pr-hdds-1909-sn94l-363750510"
    ports {
      name: "REST"
      value: 43516
    }
    ports {
      name: "RATIS"
      value: 45280
    }
    ports {
      name: "STANDALONE"
      value: 42360
    }
    networkName: "ca5dcef0-b5a3-4f45-b527-2d4684781b8d"
    networkLocation: "/default-rack"
  }
  state: PIPELINE_OPEN
  type: STAND_ALONE
  factor: ONE
  id {
    id: "2a0b29ae-ba4c-4ddb-9aab-cc7c8e91dbb9"
  }
}
]} | ret=SUCCESS |  
2019-08-23 02:05:02,789 | INFO  | SCMAudit | user=jenkins1000 | ip=192.168.34.22 | op=ALLOCATE_BLOCK {owner=3ddedc01-3817-40e9-9841-60bd7c64fa0e, size=4194304, type=STAND_ALONE, factor=ONE} | ret=SUCCESS |  
2019-08-23 02:05:02,791 | INFO  | OMAudit | user=jenkins1000 | ip=127.0.0.1 | op=ALLOCATE_KEY {volume=volume05539, bucket=bucket55533, key=VWAEY18, dataSize=4096, replicationType=STAND_ALONE, replicationFactor=ONE, keyLocationInfo=[blockID {
  containerBlockID {
    containerID: 1
    localID: 102663841565180340
  }
  blockCommitSequenceId: 0
}
offset: 0
length: 4194304
createVersion: 0
pipeline {
  leaderID: ""
  members {
    uuid: "ca5dcef0-b5a3-4f45-b527-2d4684781b8d"
    ipAddress: "192.168.34.22"
    hostName: "pr-hdds-1909-sn94l-363750510"
    ports {
      name: "REST"
      value: 43516
    }
    ports {
      name: "RATIS"
      value: 45280
    }
    ports {
      name: "STANDALONE"
      value: 42360
    }
    networkName: "ca5dcef0-b5a3-4f45-b527-2d4684781b8d"
    networkLocation: "/default-rack"
  }
  state: PIPELINE_OPEN
  type: STAND_ALONE
  factor: ONE
  id {
    id: "2a0b29ae-ba4c-4ddb-9aab-cc7c8e91dbb9"
  }
}
]} | ret=SUCCESS |  
2019-08-23 02:05:02,794 | INFO  | DNAudit | user=null | ip=null | op=WRITE_CHUNK {blockData=conID: 1 locID: 102663841565180340 bcsId: 0} | ret=SUCCESS |  
2019-08-23 02:05:02,797 | INFO  | DNAudit | user=null | ip=null | op=PUT_BLOCK {blockData=[blockId=conID: 1 locID: 102663841565180340 bcsId: 0,size=5]} | ret=SUCCESS |  
2019-08-23 02:05:02,799 | INFO  | OMAudit | user=jenkins1000 | ip=127.0.0.1 | op=COMMIT_KEY {volume=volume05539, bucket=bucket55533, key=VWAEY18, dataSize=5, replicationType=RATIS, replicationFactor=ONE, keyLocationInfo=[blockID {
  containerBlockID {
    containerID: 1
    localID: 102663841565180340
  }
  blockCommitSequenceId: 0
}
offset: 0
length: 5
createVersion: 0
pipeline {
  leaderID: ""
  members {
    uuid: "ca5dcef0-b5a3-4f45-b527-2d4684781b8d"
    ipAddress: "192.168.34.22"
    hostName: "pr-hdds-1909-sn94l-363750510"
    ports {
      name: "REST"
      value: 43516
    }
    ports {
      name: "RATIS"
      value: 45280
    }
    ports {
      name: "STANDALONE"
      value: 42360
    }
    networkName: "ca5dcef0-b5a3-4f45-b527-2d4684781b8d"
    networkLocation: "/default-rack"
  }
  state: PIPELINE_OPEN
  type: STAND_ALONE
  factor: ONE
  id {
    id: "2a0b29ae-ba4c-4ddb-9aab-cc7c8e91dbb9"
  }
}
]} | ret=SUCCESS |  
2019-08-23 02:05:02,801 | INFO  | SCMAudit | user=jenkins1000 | ip=192.168.34.22 | op=ALLOCATE_BLOCK {owner=3ddedc01-3817-40e9-9841-60bd7c64fa0e, size=4194304, type=STAND_ALONE, factor=ONE} | ret=SUCCESS |  
2019-08-23 02:05:02,802 | INFO  | OMAudit | user=jenkins1000 | ip=127.0.0.1 | op=ALLOCATE_KEY {volume=volume05539, bucket=bucket55533, key=JKGDw19, dataSize=4096, replicationType=STAND_ALONE, replicationFactor=ONE, keyLocationInfo=[blockID {
  containerBlockID {
    containerID: 2
    localID: 102663841565966774
  }
  blockCommitSequenceId: 0
}
offset: 0
length: 4194304
createVersion: 0
pipeline {
  leaderID: ""
  members {
    uuid: "ca5dcef0-b5a3-4f45-b527-2d4684781b8d"
    ipAddress: "192.168.34.22"
    hostName: "pr-hdds-1909-sn94l-363750510"
    ports {
      name: "REST"
      value: 43516
    }
    ports {
      name: "RATIS"
      value: 45280
    }
    ports {
      name: "STANDALONE"
      value: 42360
    }
    networkName: "ca5dcef0-b5a3-4f45-b527-2d4684781b8d"
    networkLocation: "/default-rack"
  }
  state: PIPELINE_OPEN
  type: STAND_ALONE
  factor: ONE
  id {
    id: "2a0b29ae-ba4c-4ddb-9aab-cc7c8e91dbb9"
  }
}
]} | ret=SUCCESS |  
2019-08-23 02:05:02,806 | INFO  | DNAudit | user=null | ip=null | op=WRITE_CHUNK {blockData=conID: 2 locID: 102663841565966774 bcsId: 0} | ret=SUCCESS |  
2019-08-23 02:05:02,808 | INFO  | DNAudit | user=null | ip=null | op=PUT_BLOCK {blockData=[blockId=conID: 2 locID: 102663841565966774 bcsId: 0,size=5]} | ret=SUCCESS |  
2019-08-23 02:05:02,810 | INFO  | OMAudit | user=jenkins1000 | ip=127.0.0.1 | op=COMMIT_KEY {volume=volume05539, bucket=bucket55533, key=JKGDw19, dataSize=5, replicationType=RATIS, replicationFactor=ONE, keyLocationInfo=[blockID {
  containerBlockID {
    containerID: 2
    localID: 102663841565966774
  }
  blockCommitSequenceId: 0
}
offset: 0
length: 5
createVersion: 0
pipeline {
  leaderID: ""
  members {
    uuid: "ca5dcef0-b5a3-4f45-b527-2d4684781b8d"
    ipAddress: "192.168.34.22"
    hostName: "pr-hdds-1909-sn94l-363750510"
    ports {
      name: "REST"
      value: 43516
    }
    ports {
      name: "RATIS"
      value: 45280
    }
    ports {
      name: "STANDALONE"
      value: 42360
    }
    networkName: "ca5dcef0-b5a3-4f45-b527-2d4684781b8d"
    networkLocation: "/default-rack"
  }
  state: PIPELINE_OPEN
  type: STAND_ALONE
  factor: ONE
  id {
    id: "2a0b29ae-ba4c-4ddb-9aab-cc7c8e91dbb9"
  }
}
]} | ret=SUCCESS |  
2019-08-23 02:05:02,812 | INFO  | SCMAudit | user=jenkins1000 | ip=192.168.34.22 | op=ALLOCATE_BLOCK {owner=3ddedc01-3817-40e9-9841-60bd7c64fa0e, size=4194304, type=STAND_ALONE, factor=ONE} | ret=SUCCESS |  
2019-08-23 02:05:02,814 | INFO  | OMAudit | user=jenkins1000 | ip=127.0.0.1 | op=ALLOCATE_KEY {volume=volume05539, bucket=bucket55533, key=zfPOI20, dataSize=4096, replicationType=STAND_ALONE, replicationFactor=ONE, keyLocationInfo=[blockID {
  containerBlockID {
    containerID: 3
    localID: 102663841566687672
  }
  blockCommitSequenceId: 0
}
offset: 0
length: 4194304
createVersion: 0
pipeline {
  leaderID: ""
  members {
    uuid: "ca5dcef0-b5a3-4f45-b527-2d4684781b8d"
    ipAddress: "192.168.34.22"
    hostName: "pr-hdds-1909-sn94l-363750510"
    ports {
      name: "REST"
      value: 43516
    }
    ports {
      name: "RATIS"
      value: 45280
    }
    ports {
      name: "STANDALONE"
      value: 42360
    }
    networkName: "ca5dcef0-b5a3-4f45-b527-2d4684781b8d"
    networkLocation: "/default-rack"
  }
  state: PIPELINE_OPEN
  type: STAND_ALONE
  factor: ONE
  id {
    id: "2a0b29ae-ba4c-4ddb-9aab-cc7c8e91dbb9"
  }
}
]} | ret=SUCCESS |  
2019-08-23 02:05:02,817 | INFO  | DNAudit | user=null | ip=null | op=WRITE_CHUNK {blockData=conID: 3 locID: 102663841566687672 bcsId: 0} | ret=SUCCESS |  
2019-08-23 02:05:02,820 | INFO  | DNAudit | user=null | ip=null | op=PUT_BLOCK {blockData=[blockId=conID: 3 locID: 102663841566687672 bcsId: 0,size=5]} | ret=SUCCESS |  
2019-08-23 02:05:02,822 | INFO  | OMAudit | user=jenkins1000 | ip=127.0.0.1 | op=COMMIT_KEY {volume=volume05539, bucket=bucket55533, key=zfPOI20, dataSize=5, replicationType=RATIS, replicationFactor=ONE, keyLocationInfo=[blockID {
  containerBlockID {
    containerID: 3
    localID: 102663841566687672
  }
  blockCommitSequenceId: 0
}
offset: 0
length: 5
createVersion: 0
pipeline {
  leaderID: ""
  members {
    uuid: "ca5dcef0-b5a3-4f45-b527-2d4684781b8d"
    ipAddress: "192.168.34.22"
    hostName: "pr-hdds-1909-sn94l-363750510"
    ports {
      name: "REST"
      value: 43516
    }
    ports {
      name: "RATIS"
      value: 45280
    }
    ports {
      name: "STANDALONE"
      value: 42360
    }
    networkName: "ca5dcef0-b5a3-4f45-b527-2d4684781b8d"
    networkLocation: "/default-rack"
  }
  state: PIPELINE_OPEN
  type: STAND_ALONE
  factor: ONE
  id {
    id: "2a0b29ae-ba4c-4ddb-9aab-cc7c8e91dbb9"
  }
}
]} | ret=SUCCESS |  
2019-08-23 02:05:02,824 | INFO  | SCMAudit | user=jenkins1000 | ip=192.168.34.22 | op=ALLOCATE_BLOCK {owner=3ddedc01-3817-40e9-9841-60bd7c64fa0e, size=4194304, type=STAND_ALONE, factor=ONE} | ret=SUCCESS |  
2019-08-23 02:05:02,826 | INFO  | OMAudit | user=jenkins1000 | ip=127.0.0.1 | op=ALLOCATE_KEY {volume=volume05539, bucket=bucket55533, key=bTFLs21, dataSize=4096, replicationType=STAND_ALONE, replicationFactor=ONE, keyLocationInfo=[blockID {
  containerBlockID {
    containerID: 1
    localID: 102663841567474106
  }
  blockCommitSequenceId: 0
}
offset: 0
length: 4194304
createVersion: 0
pipeline {
  leaderID: ""
  members {
    uuid: "ca5dcef0-b5a3-4f45-b527-2d4684781b8d"
    ipAddress: "192.168.34.22"
    hostName: "pr-hdds-1909-sn94l-363750510"
    ports {
      name: "REST"
      value: 43516
    }
    ports {
      name: "RATIS"
      value: 45280
    }
    ports {
      name: "STANDALONE"
      value: 42360
    }
    networkName: "ca5dcef0-b5a3-4f45-b527-2d4684781b8d"
    networkLocation: "/default-rack"
  }
  state: PIPELINE_OPEN
  type: STAND_ALONE
  factor: ONE
  id {
    id: "2a0b29ae-ba4c-4ddb-9aab-cc7c8e91dbb9"
  }
}
]} | ret=SUCCESS |  
2019-08-23 02:05:02,829 | INFO  | DNAudit | user=null | ip=null | op=WRITE_CHUNK {blockData=conID: 1 locID: 102663841567474106 bcsId: 0} | ret=SUCCESS |  
2019-08-23 02:05:02,832 | INFO  | DNAudit | user=null | ip=null | op=PUT_BLOCK {blockData=[blockId=conID: 1 locID: 102663841567474106 bcsId: 0,size=5]} | ret=SUCCESS |  
2019-08-23 02:05:02,834 | INFO  | OMAudit | user=jenkins1000 | ip=127.0.0.1 | op=COMMIT_KEY {volume=volume05539, bucket=bucket55533, key=bTFLs21, dataSize=5, replicationType=RATIS, replicationFactor=ONE, keyLocationInfo=[blockID {
  containerBlockID {
    containerID: 1
    localID: 102663841567474106
  }
  blockCommitSequenceId: 0
}
offset: 0
length: 5
createVersion: 0
pipeline {
  leaderID: ""
  members {
    uuid: "ca5dcef0-b5a3-4f45-b527-2d4684781b8d"
    ipAddress: "192.168.34.22"
    hostName: "pr-hdds-1909-sn94l-363750510"
    ports {
      name: "REST"
      value: 43516
    }
    ports {
      name: "RATIS"
      value: 45280
    }
    ports {
      name: "STANDALONE"
      value: 42360
    }
    networkName: "ca5dcef0-b5a3-4f45-b527-2d4684781b8d"
    networkLocation: "/default-rack"
  }
  state: PIPELINE_OPEN
  type: STAND_ALONE
  factor: ONE
  id {
    id: "2a0b29ae-ba4c-4ddb-9aab-cc7c8e91dbb9"
  }
}
]} | ret=SUCCESS |  
2019-08-23 02:05:02,836 | INFO  | SCMAudit | user=jenkins1000 | ip=192.168.34.22 | op=ALLOCATE_BLOCK {owner=3ddedc01-3817-40e9-9841-60bd7c64fa0e, size=4194304, type=STAND_ALONE, factor=ONE} | ret=SUCCESS |  
2019-08-23 02:05:02,837 | INFO  | OMAudit | user=jenkins1000 | ip=127.0.0.1 | op=ALLOCATE_KEY {volume=volume05539, bucket=bucket55533, key=lJTzp22, dataSize=4096, replicationType=STAND_ALONE, replicationFactor=ONE, keyLocationInfo=[blockID {
  containerBlockID {
    containerID: 2
    localID: 102663841568260540
  }
  blockCommitSequenceId: 0
}
offset: 0
length: 4194304
createVersion: 0
pipeline {
  leaderID: ""
  members {
    uuid: "ca5dcef0-b5a3-4f45-b527-2d4684781b8d"
    ipAddress: "192.168.34.22"
    hostName: "pr-hdds-1909-sn94l-363750510"
    ports {
      name: "REST"
      value: 43516
    }
    ports {
      name: "RATIS"
      value: 45280
    }
    ports {
      name: "STANDALONE"
      value: 42360
    }
    networkName: "ca5dcef0-b5a3-4f45-b527-2d4684781b8d"
    networkLocation: "/default-rack"
  }
  state: PIPELINE_OPEN
  type: STAND_ALONE
  factor: ONE
  id {
    id: "2a0b29ae-ba4c-4ddb-9aab-cc7c8e91dbb9"
  }
}
]} | ret=SUCCESS |  
2019-08-23 02:05:02,840 | INFO  | DNAudit | user=null | ip=null | op=WRITE_CHUNK {blockData=conID: 2 locID: 102663841568260540 bcsId: 0} | ret=SUCCESS |  
2019-08-23 02:05:02,842 | INFO  | DNAudit | user=null | ip=null | op=PUT_BLOCK {blockData=[blockId=conID: 2 locID: 102663841568260540 bcsId: 0,size=5]} | ret=SUCCESS |  
2019-08-23 02:05:02,844 | INFO  | OMAudit | user=jenkins1000 | ip=127.0.0.1 | op=COMMIT_KEY {volume=volume05539, bucket=bucket55533, key=lJTzp22, dataSize=5, replicationType=RATIS, replicationFactor=ONE, keyLocationInfo=[blockID {
  containerBlockID {
    containerID: 2
    localID: 102663841568260540
  }
  blockCommitSequenceId: 0
}
offset: 0
length: 5
createVersion: 0
pipeline {
  leaderID: ""
  members {
    uuid: "ca5dcef0-b5a3-4f45-b527-2d4684781b8d"
    ipAddress: "192.168.34.22"
    hostName: "pr-hdds-1909-sn94l-363750510"
    ports {
      name: "REST"
      value: 43516
    }
    ports {
      name: "RATIS"
      value: 45280
    }
    ports {
      name: "STANDALONE"
      value: 42360
    }
    networkName: "ca5dcef0-b5a3-4f45-b527-2d4684781b8d"
    networkLocation: "/default-rack"
  }
  state: PIPELINE_OPEN
  type: STAND_ALONE
  factor: ONE
  id {
    id: "2a0b29ae-ba4c-4ddb-9aab-cc7c8e91dbb9"
  }
}
]} | ret=SUCCESS |  
2019-08-23 02:05:02,846 | INFO  | SCMAudit | user=jenkins1000 | ip=192.168.34.22 | op=ALLOCATE_BLOCK {owner=3ddedc01-3817-40e9-9841-60bd7c64fa0e, size=4194304, type=STAND_ALONE, factor=ONE} | ret=SUCCESS |  
2019-08-23 02:05:02,847 | INFO  | OMAudit | user=jenkins1000 | ip=127.0.0.1 | op=ALLOCATE_KEY {volume=volume05539, bucket=bucket55533, key=jNYAm23, dataSize=4096, replicationType=STAND_ALONE, replicationFactor=ONE, keyLocationInfo=[blockID {
  containerBlockID {
    containerID: 3
    localID: 102663841568915902
  }
  blockCommitSequenceId: 0
}
offset: 0
length: 4194304
createVersion: 0
pipeline {
  leaderID: ""
  members {
    uuid: "ca5dcef0-b5a3-4f45-b527-2d4684781b8d"
    ipAddress: "192.168.34.22"
    hostName: "pr-hdds-1909-sn94l-363750510"
    ports {
      name: "REST"
      value: 43516
    }
    ports {
      name: "RATIS"
      value: 45280
    }
    ports {
      name: "STANDALONE"
      value: 42360
    }
    networkName: "ca5dcef0-b5a3-4f45-b527-2d4684781b8d"
    networkLocation: "/default-rack"
  }
  state: PIPELINE_OPEN
  type: STAND_ALONE
  factor: ONE
  id {
    id: "2a0b29ae-ba4c-4ddb-9aab-cc7c8e91dbb9"
  }
}
]} | ret=SUCCESS |  
2019-08-23 02:05:02,851 | INFO  | DNAudit | user=null | ip=null | op=WRITE_CHUNK {blockData=conID: 3 locID: 102663841568915902 bcsId: 0} | ret=SUCCESS |  
2019-08-23 02:05:02,855 | INFO  | DNAudit | user=null | ip=null | op=PUT_BLOCK {blockData=[blockId=conID: 3 locID: 102663841568915902 bcsId: 0,size=5]} | ret=SUCCESS |  
2019-08-23 02:05:02,858 | INFO  | OMAudit | user=jenkins1000 | ip=127.0.0.1 | op=COMMIT_KEY {volume=volume05539, bucket=bucket55533, key=jNYAm23, dataSize=5, replicationType=RATIS, replicationFactor=ONE, keyLocationInfo=[blockID {
  containerBlockID {
    containerID: 3
    localID: 102663841568915902
  }
  blockCommitSequenceId: 0
}
offset: 0
length: 5
createVersion: 0
pipeline {
  leaderID: ""
  members {
    uuid: "ca5dcef0-b5a3-4f45-b527-2d4684781b8d"
    ipAddress: "192.168.34.22"
    hostName: "pr-hdds-1909-sn94l-363750510"
    ports {
      name: "REST"
      value: 43516
    }
    ports {
      name: "RATIS"
      value: 45280
    }
    ports {
      name: "STANDALONE"
      value: 42360
    }
    networkName: "ca5dcef0-b5a3-4f45-b527-2d4684781b8d"
    networkLocation: "/default-rack"
  }
  state: PIPELINE_OPEN
  type: STAND_ALONE
  factor: ONE
  id {
    id: "2a0b29ae-ba4c-4ddb-9aab-cc7c8e91dbb9"
  }
}
]} | ret=SUCCESS |  
2019-08-23 02:05:02,859 | INFO  | SCMAudit | user=jenkins1000 | ip=192.168.34.22 | op=ALLOCATE_BLOCK {owner=3ddedc01-3817-40e9-9841-60bd7c64fa0e, size=4194304, type=STAND_ALONE, factor=ONE} | ret=SUCCESS |  
2019-08-23 02:05:02,860 | INFO  | OMAudit | user=jenkins1000 | ip=127.0.0.1 | op=ALLOCATE_KEY {volume=volume05539, bucket=bucket55533, key=geOfC24, dataSize=4096, replicationType=STAND_ALONE, replicationFactor=ONE, keyLocationInfo=[blockID {
  containerBlockID {
    containerID: 1
    localID: 102663841569767872
  }
  blockCommitSequenceId: 0
}
offset: 0
length: 4194304
createVersion: 0
pipeline {
  leaderID: ""
  members {
    uuid: "ca5dcef0-b5a3-4f45-b527-2d4684781b8d"
    ipAddress: "192.168.34.22"
    hostName: "pr-hdds-1909-sn94l-363750510"
    ports {
      name: "REST"
      value: 43516
    }
    ports {
      name: "RATIS"
      value: 45280
    }
    ports {
      name: "STANDALONE"
      value: 42360
    }
    networkName: "ca5dcef0-b5a3-4f45-b527-2d4684781b8d"
    networkLocation: "/default-rack"
  }
  state: PIPELINE_OPEN
  type: STAND_ALONE
  factor: ONE
  id {
    id: "2a0b29ae-ba4c-4ddb-9aab-cc7c8e91dbb9"
  }
}
]} | ret=SUCCESS |  
2019-08-23 02:05:02,864 | INFO  | DNAudit | user=null | ip=null | op=WRITE_CHUNK {blockData=conID: 1 locID: 102663841569767872 bcsId: 0} | ret=SUCCESS |  
2019-08-23 02:05:02,867 | INFO  | DNAudit | user=null | ip=null | op=PUT_BLOCK {blockData=[blockId=conID: 1 locID: 102663841569767872 bcsId: 0,size=5]} | ret=SUCCESS |  
2019-08-23 02:05:02,869 | INFO  | OMAudit | user=jenkins1000 | ip=127.0.0.1 | op=COMMIT_KEY {volume=volume05539, bucket=bucket55533, key=geOfC24, dataSize=5, replicationType=RATIS, replicationFactor=ONE, keyLocationInfo=[blockID {
  containerBlockID {
    containerID: 1
    localID: 102663841569767872
  }
  blockCommitSequenceId: 0
}
offset: 0
length: 5
createVersion: 0
pipeline {
  leaderID: ""
  members {
    uuid: "ca5dcef0-b5a3-4f45-b527-2d4684781b8d"
    ipAddress: "192.168.34.22"
    hostName: "pr-hdds-1909-sn94l-363750510"
    ports {
      name: "REST"
      value: 43516
    }
    ports {
      name: "RATIS"
      value: 45280
    }
    ports {
      name: "STANDALONE"
      value: 42360
    }
    networkName: "ca5dcef0-b5a3-4f45-b527-2d4684781b8d"
    networkLocation: "/default-rack"
  }
  state: PIPELINE_OPEN
  type: STAND_ALONE
  factor: ONE
  id {
    id: "2a0b29ae-ba4c-4ddb-9aab-cc7c8e91dbb9"
  }
}
]} | ret=SUCCESS |  
2019-08-23 02:05:02,871 | INFO  | SCMAudit | user=jenkins1000 | ip=192.168.34.22 | op=ALLOCATE_BLOCK {owner=3ddedc01-3817-40e9-9841-60bd7c64fa0e, size=4194304, type=STAND_ALONE, factor=ONE} | ret=SUCCESS |  
2019-08-23 02:05:02,872 | INFO  | OMAudit | user=jenkins1000 | ip=127.0.0.1 | op=ALLOCATE_KEY {volume=volume05539, bucket=bucket55533, key=MqVqU25, dataSize=4096, replicationType=STAND_ALONE, replicationFactor=ONE, keyLocationInfo=[blockID {
  containerBlockID {
    containerID: 2
    localID: 102663841570554306
  }
  blockCommitSequenceId: 0
}
offset: 0
length: 4194304
createVersion: 0
pipeline {
  leaderID: ""
  members {
    uuid: "ca5dcef0-b5a3-4f45-b527-2d4684781b8d"
    ipAddress: "192.168.34.22"
    hostName: "pr-hdds-1909-sn94l-363750510"
    ports {
      name: "REST"
      value: 43516
    }
    ports {
      name: "RATIS"
      value: 45280
    }
    ports {
      name: "STANDALONE"
      value: 42360
    }
    networkName: "ca5dcef0-b5a3-4f45-b527-2d4684781b8d"
    networkLocation: "/default-rack"
  }
  state: PIPELINE_OPEN
  type: STAND_ALONE
  factor: ONE
  id {
    id: "2a0b29ae-ba4c-4ddb-9aab-cc7c8e91dbb9"
  }
}
]} | ret=SUCCESS |  
2019-08-23 02:05:02,875 | INFO  | DNAudit | user=null | ip=null | op=WRITE_CHUNK {blockData=conID: 2 locID: 102663841570554306 bcsId: 0} | ret=SUCCESS |  
2019-08-23 02:05:02,878 | INFO  | DNAudit | user=null | ip=null | op=PUT_BLOCK {blockData=[blockId=conID: 2 locID: 102663841570554306 bcsId: 0,size=5]} | ret=SUCCESS |  
2019-08-23 02:05:02,880 | INFO  | OMAudit | user=jenkins1000 | ip=127.0.0.1 | op=COMMIT_KEY {volume=volume05539, bucket=bucket55533, key=MqVqU25, dataSize=5, replicationType=RATIS, replicationFactor=ONE, keyLocationInfo=[blockID {
  containerBlockID {
    containerID: 2
    localID: 102663841570554306
  }
  blockCommitSequenceId: 0
}
offset: 0
length: 5
createVersion: 0
pipeline {
  leaderID: ""
  members {
    uuid: "ca5dcef0-b5a3-4f45-b527-2d4684781b8d"
    ipAddress: "192.168.34.22"
    hostName: "pr-hdds-1909-sn94l-363750510"
    ports {
      name: "REST"
      value: 43516
    }
    ports {
      name: "RATIS"
      value: 45280
    }
    ports {
      name: "STANDALONE"
      value: 42360
    }
    networkName: "ca5dcef0-b5a3-4f45-b527-2d4684781b8d"
    networkLocation: "/default-rack"
  }
  state: PIPELINE_OPEN
  type: STAND_ALONE
  factor: ONE
  id {
    id: "2a0b29ae-ba4c-4ddb-9aab-cc7c8e91dbb9"
  }
}
]} | ret=SUCCESS |  
2019-08-23 02:05:02,881 | INFO  | SCMAudit | user=jenkins1000 | ip=192.168.34.22 | op=ALLOCATE_BLOCK {owner=3ddedc01-3817-40e9-9841-60bd7c64fa0e, size=4194304, type=STAND_ALONE, factor=ONE} | ret=SUCCESS |  
2019-08-23 02:05:02,883 | INFO  | OMAudit | user=jenkins1000 | ip=127.0.0.1 | op=ALLOCATE_KEY {volume=volume05539, bucket=bucket55533, key=ThAHS26, dataSize=4096, replicationType=STAND_ALONE, replicationFactor=ONE, keyLocationInfo=[blockID {
  containerBlockID {
    containerID: 3
    localID: 102663841571209668
  }
  blockCommitSequenceId: 0
}
offset: 0
length: 4194304
createVersion: 0
pipeline {
  leaderID: ""
  members {
    uuid: "ca5dcef0-b5a3-4f45-b527-2d4684781b8d"
    ipAddress: "192.168.34.22"
    hostName: "pr-hdds-1909-sn94l-363750510"
    ports {
      name: "REST"
      value: 43516
    }
    ports {
      name: "RATIS"
      value: 45280
    }
    ports {
      name: "STANDALONE"
      value: 42360
    }
    networkName: "ca5dcef0-b5a3-4f45-b527-2d4684781b8d"
    networkLocation: "/default-rack"
  }
  state: PIPELINE_OPEN
  type: STAND_ALONE
  factor: ONE
  id {
    id: "2a0b29ae-ba4c-4ddb-9aab-cc7c8e91dbb9"
  }
}
]} | ret=SUCCESS |  
2019-08-23 02:05:02,886 | INFO  | DNAudit | user=null | ip=null | op=WRITE_CHUNK {blockData=conID: 3 locID: 102663841571209668 bcsId: 0} | ret=SUCCESS |  
2019-08-23 02:05:02,888 | INFO  | DNAudit | user=null | ip=null | op=PUT_BLOCK {blockData=[blockId=conID: 3 locID: 102663841571209668 bcsId: 0,size=5]} | ret=SUCCESS |  
2019-08-23 02:05:02,890 | INFO  | OMAudit | user=jenkins1000 | ip=127.0.0.1 | op=COMMIT_KEY {volume=volume05539, bucket=bucket55533, key=ThAHS26, dataSize=5, replicationType=RATIS, replicationFactor=ONE, keyLocationInfo=[blockID {
  containerBlockID {
    containerID: 3
    localID: 102663841571209668
  }
  blockCommitSequenceId: 0
}
offset: 0
length: 5
createVersion: 0
pipeline {
  leaderID: ""
  members {
    uuid: "ca5dcef0-b5a3-4f45-b527-2d4684781b8d"
    ipAddress: "192.168.34.22"
    hostName: "pr-hdds-1909-sn94l-363750510"
    ports {
      name: "REST"
      value: 43516
    }
    ports {
      name: "RATIS"
      value: 45280
    }
    ports {
      name: "STANDALONE"
      value: 42360
    }
    networkName: "ca5dcef0-b5a3-4f45-b527-2d4684781b8d"
    networkLocation: "/default-rack"
  }
  state: PIPELINE_OPEN
  type: STAND_ALONE
  factor: ONE
  id {
    id: "2a0b29ae-ba4c-4ddb-9aab-cc7c8e91dbb9"
  }
}
]} | ret=SUCCESS |  
2019-08-23 02:05:02,891 | INFO  | SCMAudit | user=jenkins1000 | ip=192.168.34.22 | op=ALLOCATE_BLOCK {owner=3ddedc01-3817-40e9-9841-60bd7c64fa0e, size=4194304, type=STAND_ALONE, factor=ONE} | ret=SUCCESS |  
2019-08-23 02:05:02,893 | INFO  | OMAudit | user=jenkins1000 | ip=127.0.0.1 | op=ALLOCATE_KEY {volume=volume05539, bucket=bucket55533, key=UKQVE27, dataSize=4096, replicationType=STAND_ALONE, replicationFactor=ONE, keyLocationInfo=[blockID {
  containerBlockID {
    containerID: 1
    localID: 102663841571865030
  }
  blockCommitSequenceId: 0
}
offset: 0
length: 4194304
createVersion: 0
pipeline {
  leaderID: ""
  members {
    uuid: "ca5dcef0-b5a3-4f45-b527-2d4684781b8d"
    ipAddress: "192.168.34.22"
    hostName: "pr-hdds-1909-sn94l-363750510"
    ports {
      name: "REST"
      value: 43516
    }
    ports {
      name: "RATIS"
      value: 45280
    }
    ports {
      name: "STANDALONE"
      value: 42360
    }
    networkName: "ca5dcef0-b5a3-4f45-b527-2d4684781b8d"
    networkLocation: "/default-rack"
  }
  state: PIPELINE_OPEN
  type: STAND_ALONE
  factor: ONE
  id {
    id: "2a0b29ae-ba4c-4ddb-9aab-cc7c8e91dbb9"
  }
}
]} | ret=SUCCESS |  
2019-08-23 02:05:02,895 | INFO  | DNAudit | user=null | ip=null | op=WRITE_CHUNK {blockData=conID: 1 locID: 102663841571865030 bcsId: 0} | ret=SUCCESS |  
2019-08-23 02:05:02,898 | INFO  | DNAudit | user=null | ip=null | op=PUT_BLOCK {blockData=[blockId=conID: 1 locID: 102663841571865030 bcsId: 0,size=5]} | ret=SUCCESS |  
2019-08-23 02:05:02,899 | INFO  | OMAudit | user=jenkins1000 | ip=127.0.0.1 | op=COMMIT_KEY {volume=volume05539, bucket=bucket55533, key=UKQVE27, dataSize=5, replicationType=RATIS, replicationFactor=ONE, keyLocationInfo=[blockID {
  containerBlockID {
    containerID: 1
    localID: 102663841571865030
  }
  blockCommitSequenceId: 0
}
offset: 0
length: 5
createVersion: 0
pipeline {
  leaderID: ""
  members {
    uuid: "ca5dcef0-b5a3-4f45-b527-2d4684781b8d"
    ipAddress: "192.168.34.22"
    hostName: "pr-hdds-1909-sn94l-363750510"
    ports {
      name: "REST"
      value: 43516
    }
    ports {
      name: "RATIS"
      value: 45280
    }
    ports {
      name: "STANDALONE"
      value: 42360
    }
    networkName: "ca5dcef0-b5a3-4f45-b527-2d4684781b8d"
    networkLocation: "/default-rack"
  }
  state: PIPELINE_OPEN
  type: STAND_ALONE
  factor: ONE
  id {
    id: "2a0b29ae-ba4c-4ddb-9aab-cc7c8e91dbb9"
  }
}
]} | ret=SUCCESS |  
2019-08-23 02:05:02,901 | INFO  | SCMAudit | user=jenkins1000 | ip=192.168.34.22 | op=ALLOCATE_BLOCK {owner=3ddedc01-3817-40e9-9841-60bd7c64fa0e, size=4194304, type=STAND_ALONE, factor=ONE} | ret=SUCCESS |  
2019-08-23 02:05:02,903 | INFO  | OMAudit | user=jenkins1000 | ip=127.0.0.1 | op=ALLOCATE_KEY {volume=volume05539, bucket=bucket55533, key=GjrDg28, dataSize=4096, replicationType=STAND_ALONE, replicationFactor=ONE, keyLocationInfo=[blockID {
  containerBlockID {
    containerID: 2
    localID: 102663841572520392
  }
  blockCommitSequenceId: 0
}
offset: 0
length: 4194304
createVersion: 0
pipeline {
  leaderID: ""
  members {
    uuid: "ca5dcef0-b5a3-4f45-b527-2d4684781b8d"
    ipAddress: "192.168.34.22"
    hostName: "pr-hdds-1909-sn94l-363750510"
    ports {
      name: "REST"
      value: 43516
    }
    ports {
      name: "RATIS"
      value: 45280
    }
    ports {
      name: "STANDALONE"
      value: 42360
    }
    networkName: "ca5dcef0-b5a3-4f45-b527-2d4684781b8d"
    networkLocation: "/default-rack"
  }
  state: PIPELINE_OPEN
  type: STAND_ALONE
  factor: ONE
  id {
    id: "2a0b29ae-ba4c-4ddb-9aab-cc7c8e91dbb9"
  }
}
]} | ret=SUCCESS |  
2019-08-23 02:05:02,906 | INFO  | DNAudit | user=null | ip=null | op=WRITE_CHUNK {blockData=conID: 2 locID: 102663841572520392 bcsId: 0} | ret=SUCCESS |  
2019-08-23 02:05:02,908 | INFO  | DNAudit | user=null | ip=null | op=PUT_BLOCK {blockData=[blockId=conID: 2 locID: 102663841572520392 bcsId: 0,size=5]} | ret=SUCCESS |  
2019-08-23 02:05:02,911 | INFO  | OMAudit | user=jenkins1000 | ip=127.0.0.1 | op=COMMIT_KEY {volume=volume05539, bucket=bucket55533, key=GjrDg28, dataSize=5, replicationType=RATIS, replicationFactor=ONE, keyLocationInfo=[blockID {
  containerBlockID {
    containerID: 2
    localID: 102663841572520392
  }
  blockCommitSequenceId: 0
}
offset: 0
length: 5
createVersion: 0
pipeline {
  leaderID: ""
  members {
    uuid: "ca5dcef0-b5a3-4f45-b527-2d4684781b8d"
    ipAddress: "192.168.34.22"
    hostName: "pr-hdds-1909-sn94l-363750510"
    ports {
      name: "REST"
      value: 43516
    }
    ports {
      name: "RATIS"
      value: 45280
    }
    ports {
      name: "STANDALONE"
      value: 42360
    }
    networkName: "ca5dcef0-b5a3-4f45-b527-2d4684781b8d"
    networkLocation: "/default-rack"
  }
  state: PIPELINE_OPEN
  type: STAND_ALONE
  factor: ONE
  id {
    id: "2a0b29ae-ba4c-4ddb-9aab-cc7c8e91dbb9"
  }
}
]} | ret=SUCCESS |  
2019-08-23 02:05:02,912 | INFO  | SCMAudit | user=jenkins1000 | ip=192.168.34.22 | op=ALLOCATE_BLOCK {owner=3ddedc01-3817-40e9-9841-60bd7c64fa0e, size=4194304, type=STAND_ALONE, factor=ONE} | ret=SUCCESS |  
2019-08-23 02:05:02,914 | INFO  | OMAudit | user=jenkins1000 | ip=127.0.0.1 | op=ALLOCATE_KEY {volume=volume05539, bucket=bucket55533, key=OHvHz29, dataSize=4096, replicationType=STAND_ALONE, replicationFactor=ONE, keyLocationInfo=[blockID {
  containerBlockID {
    containerID: 3
    localID: 102663841573241290
  }
  blockCommitSequenceId: 0
}
offset: 0
length: 4194304
createVersion: 0
pipeline {
  leaderID: ""
  members {
    uuid: "ca5dcef0-b5a3-4f45-b527-2d4684781b8d"
    ipAddress: "192.168.34.22"
    hostName: "pr-hdds-1909-sn94l-363750510"
    ports {
      name: "REST"
      value: 43516
    }
    ports {
      name: "RATIS"
      value: 45280
    }
    ports {
      name: "STANDALONE"
      value: 42360
    }
    networkName: "ca5dcef0-b5a3-4f45-b527-2d4684781b8d"
    networkLocation: "/default-rack"
  }
  state: PIPELINE_OPEN
  type: STAND_ALONE
  factor: ONE
  id {
    id: "2a0b29ae-ba4c-4ddb-9aab-cc7c8e91dbb9"
  }
}
]} | ret=SUCCESS |  
2019-08-23 02:05:02,917 | INFO  | DNAudit | user=null | ip=null | op=WRITE_CHUNK {blockData=conID: 3 locID: 102663841573241290 bcsId: 0} | ret=SUCCESS |  
2019-08-23 02:05:02,919 | INFO  | DNAudit | user=null | ip=null | op=PUT_BLOCK {blockData=[blockId=conID: 3 locID: 102663841573241290 bcsId: 0,size=5]} | ret=SUCCESS |  
2019-08-23 02:05:02,923 | INFO  | OMAudit | user=jenkins1000 | ip=127.0.0.1 | op=COMMIT_KEY {volume=volume05539, bucket=bucket55533, key=OHvHz29, dataSize=5, replicationType=RATIS, replicationFactor=ONE, keyLocationInfo=[blockID {
  containerBlockID {
    containerID: 3
    localID: 102663841573241290
  }
  blockCommitSequenceId: 0
}
offset: 0
length: 5
createVersion: 0
pipeline {
  leaderID: ""
  members {
    uuid: "ca5dcef0-b5a3-4f45-b527-2d4684781b8d"
    ipAddress: "192.168.34.22"
    hostName: "pr-hdds-1909-sn94l-363750510"
    ports {
      name: "REST"
      value: 43516
    }
    ports {
      name: "RATIS"
      value: 45280
    }
    ports {
      name: "STANDALONE"
      value: 42360
    }
    networkName: "ca5dcef0-b5a3-4f45-b527-2d4684781b8d"
    networkLocation: "/default-rack"
  }
  state: PIPELINE_OPEN
  type: STAND_ALONE
  factor: ONE
  id {
    id: "2a0b29ae-ba4c-4ddb-9aab-cc7c8e91dbb9"
  }
}
]} | ret=SUCCESS |  
2019-08-23 02:05:02,924 | INFO  | SCMAudit | user=jenkins1000 | ip=192.168.34.22 | op=ALLOCATE_BLOCK {owner=3ddedc01-3817-40e9-9841-60bd7c64fa0e, size=4194304, type=STAND_ALONE, factor=ONE} | ret=SUCCESS |  
2019-08-23 02:05:02,925 | INFO  | OMAudit | user=jenkins1000 | ip=127.0.0.1 | op=ALLOCATE_KEY {volume=volume05539, bucket=bucket55533, key=EuFpU30, dataSize=4096, replicationType=STAND_ALONE, replicationFactor=ONE, keyLocationInfo=[blockID {
  containerBlockID {
    containerID: 1
    localID: 102663841574027724
  }
  blockCommitSequenceId: 0
}
offset: 0
length: 4194304
createVersion: 0
pipeline {
  leaderID: ""
  members {
    uuid: "ca5dcef0-b5a3-4f45-b527-2d4684781b8d"
    ipAddress: "192.168.34.22"
    hostName: "pr-hdds-1909-sn94l-363750510"
    ports {
      name: "REST"
      value: 43516
    }
    ports {
      name: "RATIS"
      value: 45280
    }
    ports {
      name: "STANDALONE"
      value: 42360
    }
    networkName: "ca5dcef0-b5a3-4f45-b527-2d4684781b8d"
    networkLocation: "/default-rack"
  }
  state: PIPELINE_OPEN
  type: STAND_ALONE
  factor: ONE
  id {
    id: "2a0b29ae-ba4c-4ddb-9aab-cc7c8e91dbb9"
  }
}
]} | ret=SUCCESS |  
2019-08-23 02:05:02,929 | INFO  | DNAudit | user=null | ip=null | op=WRITE_CHUNK {blockData=conID: 1 locID: 102663841574027724 bcsId: 0} | ret=SUCCESS |  
2019-08-23 02:05:02,932 | INFO  | DNAudit | user=null | ip=null | op=PUT_BLOCK {blockData=[blockId=conID: 1 locID: 102663841574027724 bcsId: 0,size=5]} | ret=SUCCESS |  
2019-08-23 02:05:02,934 | INFO  | OMAudit | user=jenkins1000 | ip=127.0.0.1 | op=COMMIT_KEY {volume=volume05539, bucket=bucket55533, key=EuFpU30, dataSize=5, replicationType=RATIS, replicationFactor=ONE, keyLocationInfo=[blockID {
  containerBlockID {
    containerID: 1
    localID: 102663841574027724
  }
  blockCommitSequenceId: 0
}
offset: 0
length: 5
createVersion: 0
pipeline {
  leaderID: ""
  members {
    uuid: "ca5dcef0-b5a3-4f45-b527-2d4684781b8d"
    ipAddress: "192.168.34.22"
    hostName: "pr-hdds-1909-sn94l-363750510"
    ports {
      name: "REST"
      value: 43516
    }
    ports {
      name: "RATIS"
      value: 45280
    }
    ports {
      name: "STANDALONE"
      value: 42360
    }
    networkName: "ca5dcef0-b5a3-4f45-b527-2d4684781b8d"
    networkLocation: "/default-rack"
  }
  state: PIPELINE_OPEN
  type: STAND_ALONE
  factor: ONE
  id {
    id: "2a0b29ae-ba4c-4ddb-9aab-cc7c8e91dbb9"
  }
}
]} | ret=SUCCESS |  
2019-08-23 02:05:02,936 | INFO  | SCMAudit | user=jenkins1000 | ip=192.168.34.22 | op=ALLOCATE_BLOCK {owner=3ddedc01-3817-40e9-9841-60bd7c64fa0e, size=4194304, type=STAND_ALONE, factor=ONE} | ret=SUCCESS |  
2019-08-23 02:05:02,937 | INFO  | OMAudit | user=jenkins1000 | ip=127.0.0.1 | op=ALLOCATE_KEY {volume=volume05539, bucket=bucket55533, key=uatUA31, dataSize=4096, replicationType=STAND_ALONE, replicationFactor=ONE, keyLocationInfo=[blockID {
  containerBlockID {
    containerID: 2
    localID: 102663841574814158
  }
  blockCommitSequenceId: 0
}
offset: 0
length: 4194304
createVersion: 0
pipeline {
  leaderID: ""
  members {
    uuid: "ca5dcef0-b5a3-4f45-b527-2d4684781b8d"
    ipAddress: "192.168.34.22"
    hostName: "pr-hdds-1909-sn94l-363750510"
    ports {
      name: "REST"
      value: 43516
    }
    ports {
      name: "RATIS"
      value: 45280
    }
    ports {
      name: "STANDALONE"
      value: 42360
    }
    networkName: "ca5dcef0-b5a3-4f45-b527-2d4684781b8d"
    networkLocation: "/default-rack"
  }
  state: PIPELINE_OPEN
  type: STAND_ALONE
  factor: ONE
  id {
    id: "2a0b29ae-ba4c-4ddb-9aab-cc7c8e91dbb9"
  }
}
]} | ret=SUCCESS |  
2019-08-23 02:05:02,940 | INFO  | DNAudit | user=null | ip=null | op=WRITE_CHUNK {blockData=conID: 2 locID: 102663841574814158 bcsId: 0} | ret=SUCCESS |  
2019-08-23 02:05:02,942 | INFO  | DNAudit | user=null | ip=null | op=PUT_BLOCK {blockData=[blockId=conID: 2 locID: 102663841574814158 bcsId: 0,size=5]} | ret=SUCCESS |  
2019-08-23 02:05:02,945 | INFO  | OMAudit | user=jenkins1000 | ip=127.0.0.1 | op=COMMIT_KEY {volume=volume05539, bucket=bucket55533, key=uatUA31, dataSize=5, replicationType=RATIS, replicationFactor=ONE, keyLocationInfo=[blockID {
  containerBlockID {
    containerID: 2
    localID: 102663841574814158
  }
  blockCommitSequenceId: 0
}
offset: 0
length: 5
createVersion: 0
pipeline {
  leaderID: ""
  members {
    uuid: "ca5dcef0-b5a3-4f45-b527-2d4684781b8d"
    ipAddress: "192.168.34.22"
    hostName: "pr-hdds-1909-sn94l-363750510"
    ports {
      name: "REST"
      value: 43516
    }
    ports {
      name: "RATIS"
      value: 45280
    }
    ports {
      name: "STANDALONE"
      value: 42360
    }
    networkName: "ca5dcef0-b5a3-4f45-b527-2d4684781b8d"
    networkLocation: "/default-rack"
  }
  state: PIPELINE_OPEN
  type: STAND_ALONE
  factor: ONE
  id {
    id: "2a0b29ae-ba4c-4ddb-9aab-cc7c8e91dbb9"
  }
}
]} | ret=SUCCESS |  
2019-08-23 02:05:02,947 | INFO  | SCMAudit | user=jenkins1000 | ip=192.168.34.22 | op=ALLOCATE_BLOCK {owner=3ddedc01-3817-40e9-9841-60bd7c64fa0e, size=4194304, type=STAND_ALONE, factor=ONE} | ret=SUCCESS |  
2019-08-23 02:05:02,948 | INFO  | OMAudit | user=jenkins1000 | ip=127.0.0.1 | op=ALLOCATE_KEY {volume=volume05539, bucket=bucket55533, key=KSdFM32, dataSize=4096, replicationType=STAND_ALONE, replicationFactor=ONE, keyLocationInfo=[blockID {
  containerBlockID {
    containerID: 3
    localID: 102663841575535056
  }
  blockCommitSequenceId: 0
}
offset: 0
length: 4194304
createVersion: 0
pipeline {
  leaderID: ""
  members {
    uuid: "ca5dcef0-b5a3-4f45-b527-2d4684781b8d"
    ipAddress: "192.168.34.22"
    hostName: "pr-hdds-1909-sn94l-363750510"
    ports {
      name: "REST"
      value: 43516
    }
    ports {
      name: "RATIS"
      value: 45280
    }
    ports {
      name: "STANDALONE"
      value: 42360
    }
    networkName: "ca5dcef0-b5a3-4f45-b527-2d4684781b8d"
    networkLocation: "/default-rack"
  }
  state: PIPELINE_OPEN
  type: STAND_ALONE
  factor: ONE
  id {
    id: "2a0b29ae-ba4c-4ddb-9aab-cc7c8e91dbb9"
  }
}
]} | ret=SUCCESS |  
2019-08-23 02:05:02,952 | INFO  | DNAudit | user=null | ip=null | op=WRITE_CHUNK {blockData=conID: 3 locID: 102663841575535056 bcsId: 0} | ret=SUCCESS |  
2019-08-23 02:05:02,960 | INFO  | DNAudit | user=null | ip=null | op=PUT_BLOCK {blockData=[blockId=conID: 3 locID: 102663841575535056 bcsId: 0,size=5]} | ret=SUCCESS |  
2019-08-23 02:05:02,962 | INFO  | OMAudit | user=jenkins1000 | ip=127.0.0.1 | op=COMMIT_KEY {volume=volume05539, bucket=bucket55533, key=KSdFM32, dataSize=5, replicationType=RATIS, replicationFactor=ONE, keyLocationInfo=[blockID {
  containerBlockID {
    containerID: 3
    localID: 102663841575535056
  }
  blockCommitSequenceId: 0
}
offset: 0
length: 5
createVersion: 0
pipeline {
  leaderID: ""
  members {
    uuid: "ca5dcef0-b5a3-4f45-b527-2d4684781b8d"
    ipAddress: "192.168.34.22"
    hostName: "pr-hdds-1909-sn94l-363750510"
    ports {
      name: "REST"
      value: 43516
    }
    ports {
      name: "RATIS"
      value: 45280
    }
    ports {
      name: "STANDALONE"
      value: 42360
    }
    networkName: "ca5dcef0-b5a3-4f45-b527-2d4684781b8d"
    networkLocation: "/default-rack"
  }
  state: PIPELINE_OPEN
  type: STAND_ALONE
  factor: ONE
  id {
    id: "2a0b29ae-ba4c-4ddb-9aab-cc7c8e91dbb9"
  }
}
]} | ret=SUCCESS |  
2019-08-23 02:05:02,964 | INFO  | SCMAudit | user=jenkins1000 | ip=192.168.34.22 | op=ALLOCATE_BLOCK {owner=3ddedc01-3817-40e9-9841-60bd7c64fa0e, size=4194304, type=STAND_ALONE, factor=ONE} | ret=SUCCESS |  
2019-08-23 02:05:02,965 | INFO  | OMAudit | user=jenkins1000 | ip=127.0.0.1 | op=ALLOCATE_KEY {volume=volume05539, bucket=bucket55533, key=DFWen33, dataSize=4096, replicationType=STAND_ALONE, replicationFactor=ONE, keyLocationInfo=[blockID {
  containerBlockID {
    containerID: 1
    localID: 102663841576649170
  }
  blockCommitSequenceId: 0
}
offset: 0
length: 4194304
createVersion: 0
pipeline {
  leaderID: ""
  members {
    uuid: "ca5dcef0-b5a3-4f45-b527-2d4684781b8d"
    ipAddress: "192.168.34.22"
    hostName: "pr-hdds-1909-sn94l-363750510"
    ports {
      name: "REST"
      value: 43516
    }
    ports {
      name: "RATIS"
      value: 45280
    }
    ports {
      name: "STANDALONE"
      value: 42360
    }
    networkName: "ca5dcef0-b5a3-4f45-b527-2d4684781b8d"
    networkLocation: "/default-rack"
  }
  state: PIPELINE_OPEN
  type: STAND_ALONE
  factor: ONE
  id {
    id: "2a0b29ae-ba4c-4ddb-9aab-cc7c8e91dbb9"
  }
}
]} | ret=SUCCESS |  
2019-08-23 02:05:02,968 | INFO  | DNAudit | user=null | ip=null | op=WRITE_CHUNK {blockData=conID: 1 locID: 102663841576649170 bcsId: 0} | ret=SUCCESS |  
2019-08-23 02:05:02,970 | INFO  | DNAudit | user=null | ip=null | op=PUT_BLOCK {blockData=[blockId=conID: 1 locID: 102663841576649170 bcsId: 0,size=5]} | ret=SUCCESS |  
2019-08-23 02:05:02,972 | INFO  | OMAudit | user=jenkins1000 | ip=127.0.0.1 | op=COMMIT_KEY {volume=volume05539, bucket=bucket55533, key=DFWen33, dataSize=5, replicationType=RATIS, replicationFactor=ONE, keyLocationInfo=[blockID {
  containerBlockID {
    containerID: 1
    localID: 102663841576649170
  }
  blockCommitSequenceId: 0
}
offset: 0
length: 5
createVersion: 0
pipeline {
  leaderID: ""
  members {
    uuid: "ca5dcef0-b5a3-4f45-b527-2d4684781b8d"
    ipAddress: "192.168.34.22"
    hostName: "pr-hdds-1909-sn94l-363750510"
    ports {
      name: "REST"
      value: 43516
    }
    ports {
      name: "RATIS"
      value: 45280
    }
    ports {
      name: "STANDALONE"
      value: 42360
    }
    networkName: "ca5dcef0-b5a3-4f45-b527-2d4684781b8d"
    networkLocation: "/default-rack"
  }
  state: PIPELINE_OPEN
  type: STAND_ALONE
  factor: ONE
  id {
    id: "2a0b29ae-ba4c-4ddb-9aab-cc7c8e91dbb9"
  }
}
]} | ret=SUCCESS |  
2019-08-23 02:05:02,973 | INFO  | SCMAudit | user=jenkins1000 | ip=192.168.34.22 | op=ALLOCATE_BLOCK {owner=3ddedc01-3817-40e9-9841-60bd7c64fa0e, size=4194304, type=STAND_ALONE, factor=ONE} | ret=SUCCESS |  
2019-08-23 02:05:02,974 | INFO  | OMAudit | user=jenkins1000 | ip=127.0.0.1 | op=ALLOCATE_KEY {volume=volume05539, bucket=bucket55533, key=dfYwz34, dataSize=4096, replicationType=STAND_ALONE, replicationFactor=ONE, keyLocationInfo=[blockID {
  containerBlockID {
    containerID: 2
    localID: 102663841577238996
  }
  blockCommitSequenceId: 0
}
offset: 0
length: 4194304
createVersion: 0
pipeline {
  leaderID: ""
  members {
    uuid: "ca5dcef0-b5a3-4f45-b527-2d4684781b8d"
    ipAddress: "192.168.34.22"
    hostName: "pr-hdds-1909-sn94l-363750510"
    ports {
      name: "REST"
      value: 43516
    }
    ports {
      name: "RATIS"
      value: 45280
    }
    ports {
      name: "STANDALONE"
      value: 42360
    }
    networkName: "ca5dcef0-b5a3-4f45-b527-2d4684781b8d"
    networkLocation: "/default-rack"
  }
  state: PIPELINE_OPEN
  type: STAND_ALONE
  factor: ONE
  id {
    id: "2a0b29ae-ba4c-4ddb-9aab-cc7c8e91dbb9"
  }
}
]} | ret=SUCCESS |  
2019-08-23 02:05:02,977 | INFO  | DNAudit | user=null | ip=null | op=WRITE_CHUNK {blockData=conID: 2 locID: 102663841577238996 bcsId: 0} | ret=SUCCESS |  
2019-08-23 02:05:02,979 | INFO  | DNAudit | user=null | ip=null | op=PUT_BLOCK {blockData=[blockId=conID: 2 locID: 102663841577238996 bcsId: 0,size=5]} | ret=SUCCESS |  
2019-08-23 02:05:02,981 | INFO  | OMAudit | user=jenkins1000 | ip=127.0.0.1 | op=COMMIT_KEY {volume=volume05539, bucket=bucket55533, key=dfYwz34, dataSize=5, replicationType=RATIS, replicationFactor=ONE, keyLocationInfo=[blockID {
  containerBlockID {
    containerID: 2
    localID: 102663841577238996
  }
  blockCommitSequenceId: 0
}
offset: 0
length: 5
createVersion: 0
pipeline {
  leaderID: ""
  members {
    uuid: "ca5dcef0-b5a3-4f45-b527-2d4684781b8d"
    ipAddress: "192.168.34.22"
    hostName: "pr-hdds-1909-sn94l-363750510"
    ports {
      name: "REST"
      value: 43516
    }
    ports {
      name: "RATIS"
      value: 45280
    }
    ports {
      name: "STANDALONE"
      value: 42360
    }
    networkName: "ca5dcef0-b5a3-4f45-b527-2d4684781b8d"
    networkLocation: "/default-rack"
  }
  state: PIPELINE_OPEN
  type: STAND_ALONE
  factor: ONE
  id {
    id: "2a0b29ae-ba4c-4ddb-9aab-cc7c8e91dbb9"
  }
}
]} | ret=SUCCESS |  
2019-08-23 02:05:02,983 | INFO  | SCMAudit | user=jenkins1000 | ip=192.168.34.22 | op=ALLOCATE_BLOCK {owner=3ddedc01-3817-40e9-9841-60bd7c64fa0e, size=4194304, type=STAND_ALONE, factor=ONE} | ret=SUCCESS |  
2019-08-23 02:05:02,984 | INFO  | OMAudit | user=jenkins1000 | ip=127.0.0.1 | op=ALLOCATE_KEY {volume=volume05539, bucket=bucket55533, key=IRTYF35, dataSize=4096, replicationType=STAND_ALONE, replicationFactor=ONE, keyLocationInfo=[blockID {
  containerBlockID {
    containerID: 3
    localID: 102663841577828822
  }
  blockCommitSequenceId: 0
}
offset: 0
length: 4194304
createVersion: 0
pipeline {
  leaderID: ""
  members {
    uuid: "ca5dcef0-b5a3-4f45-b527-2d4684781b8d"
    ipAddress: "192.168.34.22"
    hostName: "pr-hdds-1909-sn94l-363750510"
    ports {
      name: "REST"
      value: 43516
    }
    ports {
      name: "RATIS"
      value: 45280
    }
    ports {
      name: "STANDALONE"
      value: 42360
    }
    networkName: "ca5dcef0-b5a3-4f45-b527-2d4684781b8d"
    networkLocation: "/default-rack"
  }
  state: PIPELINE_OPEN
  type: STAND_ALONE
  factor: ONE
  id {
    id: "2a0b29ae-ba4c-4ddb-9aab-cc7c8e91dbb9"
  }
}
]} | ret=SUCCESS |  
2019-08-23 02:05:02,986 | INFO  | DNAudit | user=null | ip=null | op=WRITE_CHUNK {blockData=conID: 3 locID: 102663841577828822 bcsId: 0} | ret=SUCCESS |  
2019-08-23 02:05:02,989 | INFO  | DNAudit | user=null | ip=null | op=PUT_BLOCK {blockData=[blockId=conID: 3 locID: 102663841577828822 bcsId: 0,size=5]} | ret=SUCCESS |  
2019-08-23 02:05:02,990 | INFO  | OMAudit | user=jenkins1000 | ip=127.0.0.1 | op=COMMIT_KEY {volume=volume05539, bucket=bucket55533, key=IRTYF35, dataSize=5, replicationType=RATIS, replicationFactor=ONE, keyLocationInfo=[blockID {
  containerBlockID {
    containerID: 3
    localID: 102663841577828822
  }
  blockCommitSequenceId: 0
}
offset: 0
length: 5
createVersion: 0
pipeline {
  leaderID: ""
  members {
    uuid: "ca5dcef0-b5a3-4f45-b527-2d4684781b8d"
    ipAddress: "192.168.34.22"
    hostName: "pr-hdds-1909-sn94l-363750510"
    ports {
      name: "REST"
      value: 43516
    }
    ports {
      name: "RATIS"
      value: 45280
    }
    ports {
      name: "STANDALONE"
      value: 42360
    }
    networkName: "ca5dcef0-b5a3-4f45-b527-2d4684781b8d"
    networkLocation: "/default-rack"
  }
  state: PIPELINE_OPEN
  type: STAND_ALONE
  factor: ONE
  id {
    id: "2a0b29ae-ba4c-4ddb-9aab-cc7c8e91dbb9"
  }
}
]} | ret=SUCCESS |  
2019-08-23 02:05:02,992 | INFO  | SCMAudit | user=jenkins1000 | ip=192.168.34.22 | op=ALLOCATE_BLOCK {owner=3ddedc01-3817-40e9-9841-60bd7c64fa0e, size=4194304, type=STAND_ALONE, factor=ONE} | ret=SUCCESS |  
2019-08-23 02:05:02,993 | INFO  | OMAudit | user=jenkins1000 | ip=127.0.0.1 | op=ALLOCATE_KEY {volume=volume05539, bucket=bucket55533, key=cKDcR36, dataSize=4096, replicationType=STAND_ALONE, replicationFactor=ONE, keyLocationInfo=[blockID {
  containerBlockID {
    containerID: 1
    localID: 102663841578484184
  }
  blockCommitSequenceId: 0
}
offset: 0
length: 4194304
createVersion: 0
pipeline {
  leaderID: ""
  members {
    uuid: "ca5dcef0-b5a3-4f45-b527-2d4684781b8d"
    ipAddress: "192.168.34.22"
    hostName: "pr-hdds-1909-sn94l-363750510"
    ports {
      name: "REST"
      value: 43516
    }
    ports {
      name: "RATIS"
      value: 45280
    }
    ports {
      name: "STANDALONE"
      value: 42360
    }
    networkName: "ca5dcef0-b5a3-4f45-b527-2d4684781b8d"
    networkLocation: "/default-rack"
  }
  state: PIPELINE_OPEN
  type: STAND_ALONE
  factor: ONE
  id {
    id: "2a0b29ae-ba4c-4ddb-9aab-cc7c8e91dbb9"
  }
}
]} | ret=SUCCESS |  
2019-08-23 02:05:02,995 | INFO  | DNAudit | user=null | ip=null | op=WRITE_CHUNK {blockData=conID: 1 locID: 102663841578484184 bcsId: 0} | ret=SUCCESS |  
2019-08-23 02:05:02,998 | INFO  | DNAudit | user=null | ip=null | op=PUT_BLOCK {blockData=[blockId=conID: 1 locID: 102663841578484184 bcsId: 0,size=5]} | ret=SUCCESS |  
2019-08-23 02:05:03,001 | INFO  | OMAudit | user=jenkins1000 | ip=127.0.0.1 | op=COMMIT_KEY {volume=volume05539, bucket=bucket55533, key=cKDcR36, dataSize=5, replicationType=RATIS, replicationFactor=ONE, keyLocationInfo=[blockID {
  containerBlockID {
    containerID: 1
    localID: 102663841578484184
  }
  blockCommitSequenceId: 0
}
offset: 0
length: 5
createVersion: 0
pipeline {
  leaderID: ""
  members {
    uuid: "ca5dcef0-b5a3-4f45-b527-2d4684781b8d"
    ipAddress: "192.168.34.22"
    hostName: "pr-hdds-1909-sn94l-363750510"
    ports {
      name: "REST"
      value: 43516
    }
    ports {
      name: "RATIS"
      value: 45280
    }
    ports {
      name: "STANDALONE"
      value: 42360
    }
    networkName: "ca5dcef0-b5a3-4f45-b527-2d4684781b8d"
    networkLocation: "/default-rack"
  }
  state: PIPELINE_OPEN
  type: STAND_ALONE
  factor: ONE
  id {
    id: "2a0b29ae-ba4c-4ddb-9aab-cc7c8e91dbb9"
  }
}
]} | ret=SUCCESS |  
2019-08-23 02:05:03,002 | INFO  | SCMAudit | user=jenkins1000 | ip=192.168.34.22 | op=ALLOCATE_BLOCK {owner=3ddedc01-3817-40e9-9841-60bd7c64fa0e, size=4194304, type=STAND_ALONE, factor=ONE} | ret=SUCCESS |  
2019-08-23 02:05:03,003 | INFO  | OMAudit | user=jenkins1000 | ip=127.0.0.1 | op=ALLOCATE_KEY {volume=volume05539, bucket=bucket55533, key=nsnSv37, dataSize=4096, replicationType=STAND_ALONE, replicationFactor=ONE, keyLocationInfo=[blockID {
  containerBlockID {
    containerID: 2
    localID: 102663841579139546
  }
  blockCommitSequenceId: 0
}
offset: 0
length: 4194304
createVersion: 0
pipeline {
  leaderID: ""
  members {
    uuid: "ca5dcef0-b5a3-4f45-b527-2d4684781b8d"
    ipAddress: "192.168.34.22"
    hostName: "pr-hdds-1909-sn94l-363750510"
    ports {
      name: "REST"
      value: 43516
    }
    ports {
      name: "RATIS"
      value: 45280
    }
    ports {
      name: "STANDALONE"
      value: 42360
    }
    networkName: "ca5dcef0-b5a3-4f45-b527-2d4684781b8d"
    networkLocation: "/default-rack"
  }
  state: PIPELINE_OPEN
  type: STAND_ALONE
  factor: ONE
  id {
    id: "2a0b29ae-ba4c-4ddb-9aab-cc7c8e91dbb9"
  }
}
]} | ret=SUCCESS |  
2019-08-23 02:05:03,006 | INFO  | DNAudit | user=null | ip=null | op=WRITE_CHUNK {blockData=conID: 2 locID: 102663841579139546 bcsId: 0} | ret=SUCCESS |  
2019-08-23 02:05:03,008 | INFO  | DNAudit | user=null | ip=null | op=PUT_BLOCK {blockData=[blockId=conID: 2 locID: 102663841579139546 bcsId: 0,size=5]} | ret=SUCCESS |  
2019-08-23 02:05:03,010 | INFO  | OMAudit | user=jenkins1000 | ip=127.0.0.1 | op=COMMIT_KEY {volume=volume05539, bucket=bucket55533, key=nsnSv37, dataSize=5, replicationType=RATIS, replicationFactor=ONE, keyLocationInfo=[blockID {
  containerBlockID {
    containerID: 2
    localID: 102663841579139546
  }
  blockCommitSequenceId: 0
}
offset: 0
length: 5
createVersion: 0
pipeline {
  leaderID: ""
  members {
    uuid: "ca5dcef0-b5a3-4f45-b527-2d4684781b8d"
    ipAddress: "192.168.34.22"
    hostName: "pr-hdds-1909-sn94l-363750510"
    ports {
      name: "REST"
      value: 43516
    }
    ports {
      name: "RATIS"
      value: 45280
    }
    ports {
      name: "STANDALONE"
      value: 42360
    }
    networkName: "ca5dcef0-b5a3-4f45-b527-2d4684781b8d"
    networkLocation: "/default-rack"
  }
  state: PIPELINE_OPEN
  type: STAND_ALONE
  factor: ONE
  id {
    id: "2a0b29ae-ba4c-4ddb-9aab-cc7c8e91dbb9"
  }
}
]} | ret=SUCCESS |  
2019-08-23 02:05:03,012 | INFO  | SCMAudit | user=jenkins1000 | ip=192.168.34.22 | op=ALLOCATE_BLOCK {owner=3ddedc01-3817-40e9-9841-60bd7c64fa0e, size=4194304, type=STAND_ALONE, factor=ONE} | ret=SUCCESS |  
2019-08-23 02:05:03,013 | INFO  | OMAudit | user=jenkins1000 | ip=127.0.0.1 | op=ALLOCATE_KEY {volume=volume05539, bucket=bucket55533, key=ummDV38, dataSize=4096, replicationType=STAND_ALONE, replicationFactor=ONE, keyLocationInfo=[blockID {
  containerBlockID {
    containerID: 3
    localID: 102663841579794908
  }
  blockCommitSequenceId: 0
}
offset: 0
length: 4194304
createVersion: 0
pipeline {
  leaderID: ""
  members {
    uuid: "ca5dcef0-b5a3-4f45-b527-2d4684781b8d"
    ipAddress: "192.168.34.22"
    hostName: "pr-hdds-1909-sn94l-363750510"
    ports {
      name: "REST"
      value: 43516
    }
    ports {
      name: "RATIS"
      value: 45280
    }
    ports {
      name: "STANDALONE"
      value: 42360
    }
    networkName: "ca5dcef0-b5a3-4f45-b527-2d4684781b8d"
    networkLocation: "/default-rack"
  }
  state: PIPELINE_OPEN
  type: STAND_ALONE
  factor: ONE
  id {
    id: "2a0b29ae-ba4c-4ddb-9aab-cc7c8e91dbb9"
  }
}
]} | ret=SUCCESS |  
2019-08-23 02:05:03,015 | INFO  | DNAudit | user=null | ip=null | op=WRITE_CHUNK {blockData=conID: 3 locID: 102663841579794908 bcsId: 0} | ret=SUCCESS |  
2019-08-23 02:05:03,018 | INFO  | DNAudit | user=null | ip=null | op=PUT_BLOCK {blockData=[blockId=conID: 3 locID: 102663841579794908 bcsId: 0,size=5]} | ret=SUCCESS |  
2019-08-23 02:05:03,019 | INFO  | OMAudit | user=jenkins1000 | ip=127.0.0.1 | op=COMMIT_KEY {volume=volume05539, bucket=bucket55533, key=ummDV38, dataSize=5, replicationType=RATIS, replicationFactor=ONE, keyLocationInfo=[blockID {
  containerBlockID {
    containerID: 3
    localID: 102663841579794908
  }
  blockCommitSequenceId: 0
}
offset: 0
length: 5
createVersion: 0
pipeline {
  leaderID: ""
  members {
    uuid: "ca5dcef0-b5a3-4f45-b527-2d4684781b8d"
    ipAddress: "192.168.34.22"
    hostName: "pr-hdds-1909-sn94l-363750510"
    ports {
      name: "REST"
      value: 43516
    }
    ports {
      name: "RATIS"
      value: 45280
    }
    ports {
      name: "STANDALONE"
      value: 42360
    }
    networkName: "ca5dcef0-b5a3-4f45-b527-2d4684781b8d"
    networkLocation: "/default-rack"
  }
  state: PIPELINE_OPEN
  type: STAND_ALONE
  factor: ONE
  id {
    id: "2a0b29ae-ba4c-4ddb-9aab-cc7c8e91dbb9"
  }
}
]} | ret=SUCCESS |  
2019-08-23 02:05:03,021 | INFO  | SCMAudit | user=jenkins1000 | ip=192.168.34.22 | op=ALLOCATE_BLOCK {owner=3ddedc01-3817-40e9-9841-60bd7c64fa0e, size=4194304, type=STAND_ALONE, factor=ONE} | ret=SUCCESS |  
2019-08-23 02:05:03,022 | INFO  | OMAudit | user=jenkins1000 | ip=127.0.0.1 | op=ALLOCATE_KEY {volume=volume05539, bucket=bucket55533, key=yhqeL39, dataSize=4096, replicationType=STAND_ALONE, replicationFactor=ONE, keyLocationInfo=[blockID {
  containerBlockID {
    containerID: 1
    localID: 102663841580384734
  }
  blockCommitSequenceId: 0
}
offset: 0
length: 4194304
createVersion: 0
pipeline {
  leaderID: ""
  members {
    uuid: "ca5dcef0-b5a3-4f45-b527-2d4684781b8d"
    ipAddress: "192.168.34.22"
    hostName: "pr-hdds-1909-sn94l-363750510"
    ports {
      name: "REST"
      value: 43516
    }
    ports {
      name: "RATIS"
      value: 45280
    }
    ports {
      name: "STANDALONE"
      value: 42360
    }
    networkName: "ca5dcef0-b5a3-4f45-b527-2d4684781b8d"
    networkLocation: "/default-rack"
  }
  state: PIPELINE_OPEN
  type: STAND_ALONE
  factor: ONE
  id {
    id: "2a0b29ae-ba4c-4ddb-9aab-cc7c8e91dbb9"
  }
}
]} | ret=SUCCESS |  
2019-08-23 02:05:03,025 | INFO  | DNAudit | user=null | ip=null | op=WRITE_CHUNK {blockData=conID: 1 locID: 102663841580384734 bcsId: 0} | ret=SUCCESS |  
2019-08-23 02:05:03,027 | INFO  | DNAudit | user=null | ip=null | op=PUT_BLOCK {blockData=[blockId=conID: 1 locID: 102663841580384734 bcsId: 0,size=5]} | ret=SUCCESS |  
2019-08-23 02:05:03,029 | INFO  | OMAudit | user=jenkins1000 | ip=127.0.0.1 | op=COMMIT_KEY {volume=volume05539, bucket=bucket55533, key=yhqeL39, dataSize=5, replicationType=RATIS, replicationFactor=ONE, keyLocationInfo=[blockID {
  containerBlockID {
    containerID: 1
    localID: 102663841580384734
  }
  blockCommitSequenceId: 0
}
offset: 0
length: 5
createVersion: 0
pipeline {
  leaderID: ""
  members {
    uuid: "ca5dcef0-b5a3-4f45-b527-2d4684781b8d"
    ipAddress: "192.168.34.22"
    hostName: "pr-hdds-1909-sn94l-363750510"
    ports {
      name: "REST"
      value: 43516
    }
    ports {
      name: "RATIS"
      value: 45280
    }
    ports {
      name: "STANDALONE"
      value: 42360
    }
    networkName: "ca5dcef0-b5a3-4f45-b527-2d4684781b8d"
    networkLocation: "/default-rack"
  }
  state: PIPELINE_OPEN
  type: STAND_ALONE
  factor: ONE
  id {
    id: "2a0b29ae-ba4c-4ddb-9aab-cc7c8e91dbb9"
  }
}
]} | ret=SUCCESS |  
2019-08-23 02:05:03,031 | INFO  | SCMAudit | user=jenkins1000 | ip=192.168.34.22 | op=ALLOCATE_BLOCK {owner=3ddedc01-3817-40e9-9841-60bd7c64fa0e, size=4194304, type=STAND_ALONE, factor=ONE} | ret=SUCCESS |  
2019-08-23 02:05:03,032 | INFO  | OMAudit | user=jenkins1000 | ip=127.0.0.1 | op=ALLOCATE_KEY {volume=volume05539, bucket=bucket55533, key=bkrJG40, dataSize=4096, replicationType=STAND_ALONE, replicationFactor=ONE, keyLocationInfo=[blockID {
  containerBlockID {
    containerID: 2
    localID: 102663841581040096
  }
  blockCommitSequenceId: 0
}
offset: 0
length: 4194304
createVersion: 0
pipeline {
  leaderID: ""
  members {
    uuid: "ca5dcef0-b5a3-4f45-b527-2d4684781b8d"
    ipAddress: "192.168.34.22"
    hostName: "pr-hdds-1909-sn94l-363750510"
    ports {
      name: "REST"
      value: 43516
    }
    ports {
      name: "RATIS"
      value: 45280
    }
    ports {
      name: "STANDALONE"
      value: 42360
    }
    networkName: "ca5dcef0-b5a3-4f45-b527-2d4684781b8d"
    networkLocation: "/default-rack"
  }
  state: PIPELINE_OPEN
  type: STAND_ALONE
  factor: ONE
  id {
    id: "2a0b29ae-ba4c-4ddb-9aab-cc7c8e91dbb9"
  }
}
]} | ret=SUCCESS |  
2019-08-23 02:05:03,035 | INFO  | DNAudit | user=null | ip=null | op=WRITE_CHUNK {blockData=conID: 2 locID: 102663841581040096 bcsId: 0} | ret=SUCCESS |  
2019-08-23 02:05:03,037 | INFO  | DNAudit | user=null | ip=null | op=PUT_BLOCK {blockData=[blockId=conID: 2 locID: 102663841581040096 bcsId: 0,size=5]} | ret=SUCCESS |  
2019-08-23 02:05:03,039 | INFO  | OMAudit | user=jenkins1000 | ip=127.0.0.1 | op=COMMIT_KEY {volume=volume05539, bucket=bucket55533, key=bkrJG40, dataSize=5, replicationType=RATIS, replicationFactor=ONE, keyLocationInfo=[blockID {
  containerBlockID {
    containerID: 2
    localID: 102663841581040096
  }
  blockCommitSequenceId: 0
}
offset: 0
length: 5
createVersion: 0
pipeline {
  leaderID: ""
  members {
    uuid: "ca5dcef0-b5a3-4f45-b527-2d4684781b8d"
    ipAddress: "192.168.34.22"
    hostName: "pr-hdds-1909-sn94l-363750510"
    ports {
      name: "REST"
      value: 43516
    }
    ports {
      name: "RATIS"
      value: 45280
    }
    ports {
      name: "STANDALONE"
      value: 42360
    }
    networkName: "ca5dcef0-b5a3-4f45-b527-2d4684781b8d"
    networkLocation: "/default-rack"
  }
  state: PIPELINE_OPEN
  type: STAND_ALONE
  factor: ONE
  id {
    id: "2a0b29ae-ba4c-4ddb-9aab-cc7c8e91dbb9"
  }
}
]} | ret=SUCCESS |  
2019-08-23 02:05:03,040 | INFO  | SCMAudit | user=jenkins1000 | ip=192.168.34.22 | op=ALLOCATE_BLOCK {owner=3ddedc01-3817-40e9-9841-60bd7c64fa0e, size=4194304, type=STAND_ALONE, factor=ONE} | ret=SUCCESS |  
2019-08-23 02:05:03,041 | INFO  | OMAudit | user=jenkins1000 | ip=127.0.0.1 | op=ALLOCATE_KEY {volume=volume05539, bucket=bucket55533, key=oKVQO41, dataSize=4096, replicationType=STAND_ALONE, replicationFactor=ONE, keyLocationInfo=[blockID {
  containerBlockID {
    containerID: 3
    localID: 102663841581629922
  }
  blockCommitSequenceId: 0
}
offset: 0
length: 4194304
createVersion: 0
pipeline {
  leaderID: ""
  members {
    uuid: "ca5dcef0-b5a3-4f45-b527-2d4684781b8d"
    ipAddress: "192.168.34.22"
    hostName: "pr-hdds-1909-sn94l-363750510"
    ports {
      name: "REST"
      value: 43516
    }
    ports {
      name: "RATIS"
      value: 45280
    }
    ports {
      name: "STANDALONE"
      value: 42360
    }
    networkName: "ca5dcef0-b5a3-4f45-b527-2d4684781b8d"
    networkLocation: "/default-rack"
  }
  state: PIPELINE_OPEN
  type: STAND_ALONE
  factor: ONE
  id {
    id: "2a0b29ae-ba4c-4ddb-9aab-cc7c8e91dbb9"
  }
}
]} | ret=SUCCESS |  
2019-08-23 02:05:03,044 | INFO  | DNAudit | user=null | ip=null | op=WRITE_CHUNK {blockData=conID: 3 locID: 102663841581629922 bcsId: 0} | ret=SUCCESS |  
2019-08-23 02:05:03,046 | INFO  | DNAudit | user=null | ip=null | op=PUT_BLOCK {blockData=[blockId=conID: 3 locID: 102663841581629922 bcsId: 0,size=5]} | ret=SUCCESS |  
2019-08-23 02:05:03,048 | INFO  | OMAudit | user=jenkins1000 | ip=127.0.0.1 | op=COMMIT_KEY {volume=volume05539, bucket=bucket55533, key=oKVQO41, dataSize=5, replicationType=RATIS, replicationFactor=ONE, keyLocationInfo=[blockID {
  containerBlockID {
    containerID: 3
    localID: 102663841581629922
  }
  blockCommitSequenceId: 0
}
offset: 0
length: 5
createVersion: 0
pipeline {
  leaderID: ""
  members {
    uuid: "ca5dcef0-b5a3-4f45-b527-2d4684781b8d"
    ipAddress: "192.168.34.22"
    hostName: "pr-hdds-1909-sn94l-363750510"
    ports {
      name: "REST"
      value: 43516
    }
    ports {
      name: "RATIS"
      value: 45280
    }
    ports {
      name: "STANDALONE"
      value: 42360
    }
    networkName: "ca5dcef0-b5a3-4f45-b527-2d4684781b8d"
    networkLocation: "/default-rack"
  }
  state: PIPELINE_OPEN
  type: STAND_ALONE
  factor: ONE
  id {
    id: "2a0b29ae-ba4c-4ddb-9aab-cc7c8e91dbb9"
  }
}
]} | ret=SUCCESS |  
2019-08-23 02:05:03,049 | INFO  | SCMAudit | user=jenkins1000 | ip=192.168.34.22 | op=ALLOCATE_BLOCK {owner=3ddedc01-3817-40e9-9841-60bd7c64fa0e, size=4194304, type=STAND_ALONE, factor=ONE} | ret=SUCCESS |  
2019-08-23 02:05:03,050 | INFO  | OMAudit | user=jenkins1000 | ip=127.0.0.1 | op=ALLOCATE_KEY {volume=volume05539, bucket=bucket55533, key=kfkOu42, dataSize=4096, replicationType=STAND_ALONE, replicationFactor=ONE, keyLocationInfo=[blockID {
  containerBlockID {
    containerID: 1
    localID: 102663841582219748
  }
  blockCommitSequenceId: 0
}
offset: 0
length: 4194304
createVersion: 0
pipeline {
  leaderID: ""
  members {
    uuid: "ca5dcef0-b5a3-4f45-b527-2d4684781b8d"
    ipAddress: "192.168.34.22"
    hostName: "pr-hdds-1909-sn94l-363750510"
    ports {
      name: "REST"
      value: 43516
    }
    ports {
      name: "RATIS"
      value: 45280
    }
    ports {
      name: "STANDALONE"
      value: 42360
    }
    networkName: "ca5dcef0-b5a3-4f45-b527-2d4684781b8d"
    networkLocation: "/default-rack"
  }
  state: PIPELINE_OPEN
  type: STAND_ALONE
  factor: ONE
  id {
    id: "2a0b29ae-ba4c-4ddb-9aab-cc7c8e91dbb9"
  }
}
]} | ret=SUCCESS |  
2019-08-23 02:05:03,053 | INFO  | DNAudit | user=null | ip=null | op=WRITE_CHUNK {blockData=conID: 1 locID: 102663841582219748 bcsId: 0} | ret=SUCCESS |  
2019-08-23 02:05:03,054 | INFO  | DNAudit | user=null | ip=null | op=PUT_BLOCK {blockData=[blockId=conID: 1 locID: 102663841582219748 bcsId: 0,size=5]} | ret=SUCCESS |  
2019-08-23 02:05:03,057 | INFO  | OMAudit | user=jenkins1000 | ip=127.0.0.1 | op=COMMIT_KEY {volume=volume05539, bucket=bucket55533, key=kfkOu42, dataSize=5, replicationType=RATIS, replicationFactor=ONE, keyLocationInfo=[blockID {
  containerBlockID {
    containerID: 1
    localID: 102663841582219748
  }
  blockCommitSequenceId: 0
}
offset: 0
length: 5
createVersion: 0
pipeline {
  leaderID: ""
  members {
    uuid: "ca5dcef0-b5a3-4f45-b527-2d4684781b8d"
    ipAddress: "192.168.34.22"
    hostName: "pr-hdds-1909-sn94l-363750510"
    ports {
      name: "REST"
      value: 43516
    }
    ports {
      name: "RATIS"
      value: 45280
    }
    ports {
      name: "STANDALONE"
      value: 42360
    }
    networkName: "ca5dcef0-b5a3-4f45-b527-2d4684781b8d"
    networkLocation: "/default-rack"
  }
  state: PIPELINE_OPEN
  type: STAND_ALONE
  factor: ONE
  id {
    id: "2a0b29ae-ba4c-4ddb-9aab-cc7c8e91dbb9"
  }
}
]} | ret=SUCCESS |  
2019-08-23 02:05:03,058 | INFO  | SCMAudit | user=jenkins1000 | ip=192.168.34.22 | op=ALLOCATE_BLOCK {owner=3ddedc01-3817-40e9-9841-60bd7c64fa0e, size=4194304, type=STAND_ALONE, factor=ONE} | ret=SUCCESS |  
2019-08-23 02:05:03,059 | INFO  | OMAudit | user=jenkins1000 | ip=127.0.0.1 | op=ALLOCATE_KEY {volume=volume05539, bucket=bucket55533, key=vwvpu43, dataSize=4096, replicationType=STAND_ALONE, replicationFactor=ONE, keyLocationInfo=[blockID {
  containerBlockID {
    containerID: 2
    localID: 102663841582809574
  }
  blockCommitSequenceId: 0
}
offset: 0
length: 4194304
createVersion: 0
pipeline {
  leaderID: ""
  members {
    uuid: "ca5dcef0-b5a3-4f45-b527-2d4684781b8d"
    ipAddress: "192.168.34.22"
    hostName: "pr-hdds-1909-sn94l-363750510"
    ports {
      name: "REST"
      value: 43516
    }
    ports {
      name: "RATIS"
      value: 45280
    }
    ports {
      name: "STANDALONE"
      value: 42360
    }
    networkName: "ca5dcef0-b5a3-4f45-b527-2d4684781b8d"
    networkLocation: "/default-rack"
  }
  state: PIPELINE_OPEN
  type: STAND_ALONE
  factor: ONE
  id {
    id: "2a0b29ae-ba4c-4ddb-9aab-cc7c8e91dbb9"
  }
}
]} | ret=SUCCESS |  
2019-08-23 02:05:03,061 | INFO  | DNAudit | user=null | ip=null | op=WRITE_CHUNK {blockData=conID: 2 locID: 102663841582809574 bcsId: 0} | ret=SUCCESS |  
2019-08-23 02:05:03,063 | INFO  | DNAudit | user=null | ip=null | op=PUT_BLOCK {blockData=[blockId=conID: 2 locID: 102663841582809574 bcsId: 0,size=5]} | ret=SUCCESS |  
2019-08-23 02:05:03,065 | INFO  | OMAudit | user=jenkins1000 | ip=127.0.0.1 | op=COMMIT_KEY {volume=volume05539, bucket=bucket55533, key=vwvpu43, dataSize=5, replicationType=RATIS, replicationFactor=ONE, keyLocationInfo=[blockID {
  containerBlockID {
    containerID: 2
    localID: 102663841582809574
  }
  blockCommitSequenceId: 0
}
offset: 0
length: 5
createVersion: 0
pipeline {
  leaderID: ""
  members {
    uuid: "ca5dcef0-b5a3-4f45-b527-2d4684781b8d"
    ipAddress: "192.168.34.22"
    hostName: "pr-hdds-1909-sn94l-363750510"
    ports {
      name: "REST"
      value: 43516
    }
    ports {
      name: "RATIS"
      value: 45280
    }
    ports {
      name: "STANDALONE"
      value: 42360
    }
    networkName: "ca5dcef0-b5a3-4f45-b527-2d4684781b8d"
    networkLocation: "/default-rack"
  }
  state: PIPELINE_OPEN
  type: STAND_ALONE
  factor: ONE
  id {
    id: "2a0b29ae-ba4c-4ddb-9aab-cc7c8e91dbb9"
  }
}
]} | ret=SUCCESS |  
2019-08-23 02:05:03,066 | INFO  | SCMAudit | user=jenkins1000 | ip=192.168.34.22 | op=ALLOCATE_BLOCK {owner=3ddedc01-3817-40e9-9841-60bd7c64fa0e, size=4194304, type=STAND_ALONE, factor=ONE} | ret=SUCCESS |  
2019-08-23 02:05:03,067 | INFO  | OMAudit | user=jenkins1000 | ip=127.0.0.1 | op=ALLOCATE_KEY {volume=volume05539, bucket=bucket55533, key=pYCSb44, dataSize=4096, replicationType=STAND_ALONE, replicationFactor=ONE, keyLocationInfo=[blockID {
  containerBlockID {
    containerID: 3
    localID: 102663841583333864
  }
  blockCommitSequenceId: 0
}
offset: 0
length: 4194304
createVersion: 0
pipeline {
  leaderID: ""
  members {
    uuid: "ca5dcef0-b5a3-4f45-b527-2d4684781b8d"
    ipAddress: "192.168.34.22"
    hostName: "pr-hdds-1909-sn94l-363750510"
    ports {
      name: "REST"
      value: 43516
    }
    ports {
      name: "RATIS"
      value: 45280
    }
    ports {
      name: "STANDALONE"
      value: 42360
    }
    networkName: "ca5dcef0-b5a3-4f45-b527-2d4684781b8d"
    networkLocation: "/default-rack"
  }
  state: PIPELINE_OPEN
  type: STAND_ALONE
  factor: ONE
  id {
    id: "2a0b29ae-ba4c-4ddb-9aab-cc7c8e91dbb9"
  }
}
]} | ret=SUCCESS |  
2019-08-23 02:05:03,069 | INFO  | DNAudit | user=null | ip=null | op=WRITE_CHUNK {blockData=conID: 3 locID: 102663841583333864 bcsId: 0} | ret=SUCCESS |  
2019-08-23 02:05:03,071 | INFO  | DNAudit | user=null | ip=null | op=PUT_BLOCK {blockData=[blockId=conID: 3 locID: 102663841583333864 bcsId: 0,size=5]} | ret=SUCCESS |  
2019-08-23 02:05:03,073 | INFO  | OMAudit | user=jenkins1000 | ip=127.0.0.1 | op=COMMIT_KEY {volume=volume05539, bucket=bucket55533, key=pYCSb44, dataSize=5, replicationType=RATIS, replicationFactor=ONE, keyLocationInfo=[blockID {
  containerBlockID {
    containerID: 3
    localID: 102663841583333864
  }
  blockCommitSequenceId: 0
}
offset: 0
length: 5
createVersion: 0
pipeline {
  leaderID: ""
  members {
    uuid: "ca5dcef0-b5a3-4f45-b527-2d4684781b8d"
    ipAddress: "192.168.34.22"
    hostName: "pr-hdds-1909-sn94l-363750510"
    ports {
      name: "REST"
      value: 43516
    }
    ports {
      name: "RATIS"
      value: 45280
    }
    ports {
      name: "STANDALONE"
      value: 42360
    }
    networkName: "ca5dcef0-b5a3-4f45-b527-2d4684781b8d"
    networkLocation: "/default-rack"
  }
  state: PIPELINE_OPEN
  type: STAND_ALONE
  factor: ONE
  id {
    id: "2a0b29ae-ba4c-4ddb-9aab-cc7c8e91dbb9"
  }
}
]} | ret=SUCCESS |  
2019-08-23 02:05:03,074 | INFO  | SCMAudit | user=jenkins1000 | ip=192.168.34.22 | op=ALLOCATE_BLOCK {owner=3ddedc01-3817-40e9-9841-60bd7c64fa0e, size=4194304, type=STAND_ALONE, factor=ONE} | ret=SUCCESS |  
2019-08-23 02:05:03,075 | INFO  | OMAudit | user=jenkins1000 | ip=127.0.0.1 | op=ALLOCATE_KEY {volume=volume05539, bucket=bucket55533, key=Ghomt45, dataSize=4096, replicationType=STAND_ALONE, replicationFactor=ONE, keyLocationInfo=[blockID {
  containerBlockID {
    containerID: 1
    localID: 102663841583858154
  }
  blockCommitSequenceId: 0
}
offset: 0
length: 4194304
createVersion: 0
pipeline {
  leaderID: ""
  members {
    uuid: "ca5dcef0-b5a3-4f45-b527-2d4684781b8d"
    ipAddress: "192.168.34.22"
    hostName: "pr-hdds-1909-sn94l-363750510"
    ports {
      name: "REST"
      value: 43516
    }
    ports {
      name: "RATIS"
      value: 45280
    }
    ports {
      name: "STANDALONE"
      value: 42360
    }
    networkName: "ca5dcef0-b5a3-4f45-b527-2d4684781b8d"
    networkLocation: "/default-rack"
  }
  state: PIPELINE_OPEN
  type: STAND_ALONE
  factor: ONE
  id {
    id: "2a0b29ae-ba4c-4ddb-9aab-cc7c8e91dbb9"
  }
}
]} | ret=SUCCESS |  
2019-08-23 02:05:03,077 | INFO  | DNAudit | user=null | ip=null | op=WRITE_CHUNK {blockData=conID: 1 locID: 102663841583858154 bcsId: 0} | ret=SUCCESS |  
2019-08-23 02:05:03,079 | INFO  | DNAudit | user=null | ip=null | op=PUT_BLOCK {blockData=[blockId=conID: 1 locID: 102663841583858154 bcsId: 0,size=5]} | ret=SUCCESS |  
2019-08-23 02:05:03,081 | INFO  | OMAudit | user=jenkins1000 | ip=127.0.0.1 | op=COMMIT_KEY {volume=volume05539, bucket=bucket55533, key=Ghomt45, dataSize=5, replicationType=RATIS, replicationFactor=ONE, keyLocationInfo=[blockID {
  containerBlockID {
    containerID: 1
    localID: 102663841583858154
  }
  blockCommitSequenceId: 0
}
offset: 0
length: 5
createVersion: 0
pipeline {
  leaderID: ""
  members {
    uuid: "ca5dcef0-b5a3-4f45-b527-2d4684781b8d"
    ipAddress: "192.168.34.22"
    hostName: "pr-hdds-1909-sn94l-363750510"
    ports {
      name: "REST"
      value: 43516
    }
    ports {
      name: "RATIS"
      value: 45280
    }
    ports {
      name: "STANDALONE"
      value: 42360
    }
    networkName: "ca5dcef0-b5a3-4f45-b527-2d4684781b8d"
    networkLocation: "/default-rack"
  }
  state: PIPELINE_OPEN
  type: STAND_ALONE
  factor: ONE
  id {
    id: "2a0b29ae-ba4c-4ddb-9aab-cc7c8e91dbb9"
  }
}
]} | ret=SUCCESS |  
2019-08-23 02:05:03,082 | INFO  | SCMAudit | user=jenkins1000 | ip=192.168.34.22 | op=ALLOCATE_BLOCK {owner=3ddedc01-3817-40e9-9841-60bd7c64fa0e, size=4194304, type=STAND_ALONE, factor=ONE} | ret=SUCCESS |  
2019-08-23 02:05:03,083 | INFO  | OMAudit | user=jenkins1000 | ip=127.0.0.1 | op=ALLOCATE_KEY {volume=volume05539, bucket=bucket55533, key=acKAr46, dataSize=4096, replicationType=STAND_ALONE, replicationFactor=ONE, keyLocationInfo=[blockID {
  containerBlockID {
    containerID: 2
    localID: 102663841584382444
  }
  blockCommitSequenceId: 0
}
offset: 0
length: 4194304
createVersion: 0
pipeline {
  leaderID: ""
  members {
    uuid: "ca5dcef0-b5a3-4f45-b527-2d4684781b8d"
    ipAddress: "192.168.34.22"
    hostName: "pr-hdds-1909-sn94l-363750510"
    ports {
      name: "REST"
      value: 43516
    }
    ports {
      name: "RATIS"
      value: 45280
    }
    ports {
      name: "STANDALONE"
      value: 42360
    }
    networkName: "ca5dcef0-b5a3-4f45-b527-2d4684781b8d"
    networkLocation: "/default-rack"
  }
  state: PIPELINE_OPEN
  type: STAND_ALONE
  factor: ONE
  id {
    id: "2a0b29ae-ba4c-4ddb-9aab-cc7c8e91dbb9"
  }
}
]} | ret=SUCCESS |  
2019-08-23 02:05:03,085 | INFO  | DNAudit | user=null | ip=null | op=WRITE_CHUNK {blockData=conID: 2 locID: 102663841584382444 bcsId: 0} | ret=SUCCESS |  
2019-08-23 02:05:03,088 | INFO  | DNAudit | user=null | ip=null | op=PUT_BLOCK {blockData=[blockId=conID: 2 locID: 102663841584382444 bcsId: 0,size=5]} | ret=SUCCESS |  
2019-08-23 02:05:03,089 | INFO  | OMAudit | user=jenkins1000 | ip=127.0.0.1 | op=COMMIT_KEY {volume=volume05539, bucket=bucket55533, key=acKAr46, dataSize=5, replicationType=RATIS, replicationFactor=ONE, keyLocationInfo=[blockID {
  containerBlockID {
    containerID: 2
    localID: 102663841584382444
  }
  blockCommitSequenceId: 0
}
offset: 0
length: 5
createVersion: 0
pipeline {
  leaderID: ""
  members {
    uuid: "ca5dcef0-b5a3-4f45-b527-2d4684781b8d"
    ipAddress: "192.168.34.22"
    hostName: "pr-hdds-1909-sn94l-363750510"
    ports {
      name: "REST"
      value: 43516
    }
    ports {
      name: "RATIS"
      value: 45280
    }
    ports {
      name: "STANDALONE"
      value: 42360
    }
    networkName: "ca5dcef0-b5a3-4f45-b527-2d4684781b8d"
    networkLocation: "/default-rack"
  }
  state: PIPELINE_OPEN
  type: STAND_ALONE
  factor: ONE
  id {
    id: "2a0b29ae-ba4c-4ddb-9aab-cc7c8e91dbb9"
  }
}
]} | ret=SUCCESS |  
2019-08-23 02:05:03,090 | INFO  | SCMAudit | user=jenkins1000 | ip=192.168.34.22 | op=ALLOCATE_BLOCK {owner=3ddedc01-3817-40e9-9841-60bd7c64fa0e, size=4194304, type=STAND_ALONE, factor=ONE} | ret=SUCCESS |  
2019-08-23 02:05:03,092 | INFO  | OMAudit | user=jenkins1000 | ip=127.0.0.1 | op=ALLOCATE_KEY {volume=volume05539, bucket=bucket55533, key=usfjO47, dataSize=4096, replicationType=STAND_ALONE, replicationFactor=ONE, keyLocationInfo=[blockID {
  containerBlockID {
    containerID: 3
    localID: 102663841584906734
  }
  blockCommitSequenceId: 0
}
offset: 0
length: 4194304
createVersion: 0
pipeline {
  leaderID: ""
  members {
    uuid: "ca5dcef0-b5a3-4f45-b527-2d4684781b8d"
    ipAddress: "192.168.34.22"
    hostName: "pr-hdds-1909-sn94l-363750510"
    ports {
      name: "REST"
      value: 43516
    }
    ports {
      name: "RATIS"
      value: 45280
    }
    ports {
      name: "STANDALONE"
      value: 42360
    }
    networkName: "ca5dcef0-b5a3-4f45-b527-2d4684781b8d"
    networkLocation: "/default-rack"
  }
  state: PIPELINE_OPEN
  type: STAND_ALONE
  factor: ONE
  id {
    id: "2a0b29ae-ba4c-4ddb-9aab-cc7c8e91dbb9"
  }
}
]} | ret=SUCCESS |  
2019-08-23 02:05:03,094 | INFO  | DNAudit | user=null | ip=null | op=WRITE_CHUNK {blockData=conID: 3 locID: 102663841584906734 bcsId: 0} | ret=SUCCESS |  
2019-08-23 02:05:03,096 | INFO  | DNAudit | user=null | ip=null | op=PUT_BLOCK {blockData=[blockId=conID: 3 locID: 102663841584906734 bcsId: 0,size=5]} | ret=SUCCESS |  
2019-08-23 02:05:03,097 | INFO  | OMAudit | user=jenkins1000 | ip=127.0.0.1 | op=COMMIT_KEY {volume=volume05539, bucket=bucket55533, key=usfjO47, dataSize=5, replicationType=RATIS, replicationFactor=ONE, keyLocationInfo=[blockID {
  containerBlockID {
    containerID: 3
    localID: 102663841584906734
  }
  blockCommitSequenceId: 0
}
offset: 0
length: 5
createVersion: 0
pipeline {
  leaderID: ""
  members {
    uuid: "ca5dcef0-b5a3-4f45-b527-2d4684781b8d"
    ipAddress: "192.168.34.22"
    hostName: "pr-hdds-1909-sn94l-363750510"
    ports {
      name: "REST"
      value: 43516
    }
    ports {
      name: "RATIS"
      value: 45280
    }
    ports {
      name: "STANDALONE"
      value: 42360
    }
    networkName: "ca5dcef0-b5a3-4f45-b527-2d4684781b8d"
    networkLocation: "/default-rack"
  }
  state: PIPELINE_OPEN
  type: STAND_ALONE
  factor: ONE
  id {
    id: "2a0b29ae-ba4c-4ddb-9aab-cc7c8e91dbb9"
  }
}
]} | ret=SUCCESS |  
2019-08-23 02:05:03,099 | INFO  | SCMAudit | user=jenkins1000 | ip=192.168.34.22 | op=ALLOCATE_BLOCK {owner=3ddedc01-3817-40e9-9841-60bd7c64fa0e, size=4194304, type=STAND_ALONE, factor=ONE} | ret=SUCCESS |  
2019-08-23 02:05:03,100 | INFO  | OMAudit | user=jenkins1000 | ip=127.0.0.1 | op=ALLOCATE_KEY {volume=volume05539, bucket=bucket55533, key=lzRoD48, dataSize=4096, replicationType=STAND_ALONE, replicationFactor=ONE, keyLocationInfo=[blockID {
  containerBlockID {
    containerID: 1
    localID: 102663841585496560
  }
  blockCommitSequenceId: 0
}
offset: 0
length: 4194304
createVersion: 0
pipeline {
  leaderID: ""
  members {
    uuid: "ca5dcef0-b5a3-4f45-b527-2d4684781b8d"
    ipAddress: "192.168.34.22"
    hostName: "pr-hdds-1909-sn94l-363750510"
    ports {
      name: "REST"
      value: 43516
    }
    ports {
      name: "RATIS"
      value: 45280
    }
    ports {
      name: "STANDALONE"
      value: 42360
    }
    networkName: "ca5dcef0-b5a3-4f45-b527-2d4684781b8d"
    networkLocation: "/default-rack"
  }
  state: PIPELINE_OPEN
  type: STAND_ALONE
  factor: ONE
  id {
    id: "2a0b29ae-ba4c-4ddb-9aab-cc7c8e91dbb9"
  }
}
]} | ret=SUCCESS |  
2019-08-23 02:05:03,102 | INFO  | DNAudit | user=null | ip=null | op=WRITE_CHUNK {blockData=conID: 1 locID: 102663841585496560 bcsId: 0} | ret=SUCCESS |  
2019-08-23 02:05:03,104 | INFO  | DNAudit | user=null | ip=null | op=PUT_BLOCK {blockData=[blockId=conID: 1 locID: 102663841585496560 bcsId: 0,size=5]} | ret=SUCCESS |  
2019-08-23 02:05:03,106 | INFO  | OMAudit | user=jenkins1000 | ip=127.0.0.1 | op=COMMIT_KEY {volume=volume05539, bucket=bucket55533, key=lzRoD48, dataSize=5, replicationType=RATIS, replicationFactor=ONE, keyLocationInfo=[blockID {
  containerBlockID {
    containerID: 1
    localID: 102663841585496560
  }
  blockCommitSequenceId: 0
}
offset: 0
length: 5
createVersion: 0
pipeline {
  leaderID: ""
  members {
    uuid: "ca5dcef0-b5a3-4f45-b527-2d4684781b8d"
    ipAddress: "192.168.34.22"
    hostName: "pr-hdds-1909-sn94l-363750510"
    ports {
      name: "REST"
      value: 43516
    }
    ports {
      name: "RATIS"
      value: 45280
    }
    ports {
      name: "STANDALONE"
      value: 42360
    }
    networkName: "ca5dcef0-b5a3-4f45-b527-2d4684781b8d"
    networkLocation: "/default-rack"
  }
  state: PIPELINE_OPEN
  type: STAND_ALONE
  factor: ONE
  id {
    id: "2a0b29ae-ba4c-4ddb-9aab-cc7c8e91dbb9"
  }
}
]} | ret=SUCCESS |  
2019-08-23 02:05:03,107 | INFO  | SCMAudit | user=jenkins1000 | ip=192.168.34.22 | op=ALLOCATE_BLOCK {owner=3ddedc01-3817-40e9-9841-60bd7c64fa0e, size=4194304, type=STAND_ALONE, factor=ONE} | ret=SUCCESS |  
2019-08-23 02:05:03,109 | INFO  | OMAudit | user=jenkins1000 | ip=127.0.0.1 | op=ALLOCATE_KEY {volume=volume05539, bucket=bucket55533, key=rWTbt49, dataSize=4096, replicationType=STAND_ALONE, replicationFactor=ONE, keyLocationInfo=[blockID {
  containerBlockID {
    containerID: 2
    localID: 102663841586020850
  }
  blockCommitSequenceId: 0
}
offset: 0
length: 4194304
createVersion: 0
pipeline {
  leaderID: ""
  members {
    uuid: "ca5dcef0-b5a3-4f45-b527-2d4684781b8d"
    ipAddress: "192.168.34.22"
    hostName: "pr-hdds-1909-sn94l-363750510"
    ports {
      name: "REST"
      value: 43516
    }
    ports {
      name: "RATIS"
      value: 45280
    }
    ports {
      name: "STANDALONE"
      value: 42360
    }
    networkName: "ca5dcef0-b5a3-4f45-b527-2d4684781b8d"
    networkLocation: "/default-rack"
  }
  state: PIPELINE_OPEN
  type: STAND_ALONE
  factor: ONE
  id {
    id: "2a0b29ae-ba4c-4ddb-9aab-cc7c8e91dbb9"
  }
}
]} | ret=SUCCESS |  
2019-08-23 02:05:03,111 | INFO  | DNAudit | user=null | ip=null | op=WRITE_CHUNK {blockData=conID: 2 locID: 102663841586020850 bcsId: 0} | ret=SUCCESS |  
2019-08-23 02:05:03,113 | INFO  | DNAudit | user=null | ip=null | op=PUT_BLOCK {blockData=[blockId=conID: 2 locID: 102663841586020850 bcsId: 0,size=5]} | ret=SUCCESS |  
2019-08-23 02:05:03,116 | INFO  | OMAudit | user=jenkins1000 | ip=127.0.0.1 | op=COMMIT_KEY {volume=volume05539, bucket=bucket55533, key=rWTbt49, dataSize=5, replicationType=RATIS, replicationFactor=ONE, keyLocationInfo=[blockID {
  containerBlockID {
    containerID: 2
    localID: 102663841586020850
  }
  blockCommitSequenceId: 0
}
offset: 0
length: 5
createVersion: 0
pipeline {
  leaderID: ""
  members {
    uuid: "ca5dcef0-b5a3-4f45-b527-2d4684781b8d"
    ipAddress: "192.168.34.22"
    hostName: "pr-hdds-1909-sn94l-363750510"
    ports {
      name: "REST"
      value: 43516
    }
    ports {
      name: "RATIS"
      value: 45280
    }
    ports {
      name: "STANDALONE"
      value: 42360
    }
    networkName: "ca5dcef0-b5a3-4f45-b527-2d4684781b8d"
    networkLocation: "/default-rack"
  }
  state: PIPELINE_OPEN
  type: STAND_ALONE
  factor: ONE
  id {
    id: "2a0b29ae-ba4c-4ddb-9aab-cc7c8e91dbb9"
  }
}
]} | ret=SUCCESS |  
2019-08-23 02:05:03,117 | INFO  | SCMAudit | user=jenkins1000 | ip=192.168.34.22 | op=ALLOCATE_BLOCK {owner=3ddedc01-3817-40e9-9841-60bd7c64fa0e, size=4194304, type=STAND_ALONE, factor=ONE} | ret=SUCCESS |  
2019-08-23 02:05:03,118 | INFO  | OMAudit | user=jenkins1000 | ip=127.0.0.1 | op=ALLOCATE_KEY {volume=volume05539, bucket=bucket55533, key=UsNBl50, dataSize=4096, replicationType=STAND_ALONE, replicationFactor=ONE, keyLocationInfo=[blockID {
  containerBlockID {
    containerID: 3
    localID: 102663841586676212
  }
  blockCommitSequenceId: 0
}
offset: 0
length: 4194304
createVersion: 0
pipeline {
  leaderID: ""
  members {
    uuid: "ca5dcef0-b5a3-4f45-b527-2d4684781b8d"
    ipAddress: "192.168.34.22"
    hostName: "pr-hdds-1909-sn94l-363750510"
    ports {
      name: "REST"
      value: 43516
    }
    ports {
      name: "RATIS"
      value: 45280
    }
    ports {
      name: "STANDALONE"
      value: 42360
    }
    networkName: "ca5dcef0-b5a3-4f45-b527-2d4684781b8d"
    networkLocation: "/default-rack"
  }
  state: PIPELINE_OPEN
  type: STAND_ALONE
  factor: ONE
  id {
    id: "2a0b29ae-ba4c-4ddb-9aab-cc7c8e91dbb9"
  }
}
]} | ret=SUCCESS |  
2019-08-23 02:05:03,121 | INFO  | DNAudit | user=null | ip=null | op=WRITE_CHUNK {blockData=conID: 3 locID: 102663841586676212 bcsId: 0} | ret=SUCCESS |  
2019-08-23 02:05:03,123 | INFO  | DNAudit | user=null | ip=null | op=PUT_BLOCK {blockData=[blockId=conID: 3 locID: 102663841586676212 bcsId: 0,size=5]} | ret=SUCCESS |  
2019-08-23 02:05:03,125 | INFO  | OMAudit | user=jenkins1000 | ip=127.0.0.1 | op=COMMIT_KEY {volume=volume05539, bucket=bucket55533, key=UsNBl50, dataSize=5, replicationType=RATIS, replicationFactor=ONE, keyLocationInfo=[blockID {
  containerBlockID {
    containerID: 3
    localID: 102663841586676212
  }
  blockCommitSequenceId: 0
}
offset: 0
length: 5
createVersion: 0
pipeline {
  leaderID: ""
  members {
    uuid: "ca5dcef0-b5a3-4f45-b527-2d4684781b8d"
    ipAddress: "192.168.34.22"
    hostName: "pr-hdds-1909-sn94l-363750510"
    ports {
      name: "REST"
      value: 43516
    }
    ports {
      name: "RATIS"
      value: 45280
    }
    ports {
      name: "STANDALONE"
      value: 42360
    }
    networkName: "ca5dcef0-b5a3-4f45-b527-2d4684781b8d"
    networkLocation: "/default-rack"
  }
  state: PIPELINE_OPEN
  type: STAND_ALONE
  factor: ONE
  id {
    id: "2a0b29ae-ba4c-4ddb-9aab-cc7c8e91dbb9"
  }
}
]} | ret=SUCCESS |  
2019-08-23 02:05:03,127 | INFO  | SCMAudit | user=jenkins1000 | ip=192.168.34.22 | op=ALLOCATE_BLOCK {owner=3ddedc01-3817-40e9-9841-60bd7c64fa0e, size=4194304, type=STAND_ALONE, factor=ONE} | ret=SUCCESS |  
2019-08-23 02:05:03,128 | INFO  | OMAudit | user=jenkins1000 | ip=127.0.0.1 | op=ALLOCATE_KEY {volume=volume05539, bucket=bucket55533, key=zTiyJ51, dataSize=4096, replicationType=STAND_ALONE, replicationFactor=ONE, keyLocationInfo=[blockID {
  containerBlockID {
    containerID: 1
    localID: 102663841587331574
  }
  blockCommitSequenceId: 0
}
offset: 0
length: 4194304
createVersion: 0
pipeline {
  leaderID: ""
  members {
    uuid: "ca5dcef0-b5a3-4f45-b527-2d4684781b8d"
    ipAddress: "192.168.34.22"
    hostName: "pr-hdds-1909-sn94l-363750510"
    ports {
      name: "REST"
      value: 43516
    }
    ports {
      name: "RATIS"
      value: 45280
    }
    ports {
      name: "STANDALONE"
      value: 42360
    }
    networkName: "ca5dcef0-b5a3-4f45-b527-2d4684781b8d"
    networkLocation: "/default-rack"
  }
  state: PIPELINE_OPEN
  type: STAND_ALONE
  factor: ONE
  id {
    id: "2a0b29ae-ba4c-4ddb-9aab-cc7c8e91dbb9"
  }
}
]} | ret=SUCCESS |  
2019-08-23 02:05:03,132 | INFO  | DNAudit | user=null | ip=null | op=WRITE_CHUNK {blockData=conID: 1 locID: 102663841587331574 bcsId: 0} | ret=SUCCESS |  
2019-08-23 02:05:03,134 | INFO  | DNAudit | user=null | ip=null | op=PUT_BLOCK {blockData=[blockId=conID: 1 locID: 102663841587331574 bcsId: 0,size=5]} | ret=SUCCESS |  
2019-08-23 02:05:03,136 | INFO  | OMAudit | user=jenkins1000 | ip=127.0.0.1 | op=COMMIT_KEY {volume=volume05539, bucket=bucket55533, key=zTiyJ51, dataSize=5, replicationType=RATIS, replicationFactor=ONE, keyLocationInfo=[blockID {
  containerBlockID {
    containerID: 1
    localID: 102663841587331574
  }
  blockCommitSequenceId: 0
}
offset: 0
length: 5
createVersion: 0
pipeline {
  leaderID: ""
  members {
    uuid: "ca5dcef0-b5a3-4f45-b527-2d4684781b8d"
    ipAddress: "192.168.34.22"
    hostName: "pr-hdds-1909-sn94l-363750510"
    ports {
      name: "REST"
      value: 43516
    }
    ports {
      name: "RATIS"
      value: 45280
    }
    ports {
      name: "STANDALONE"
      value: 42360
    }
    networkName: "ca5dcef0-b5a3-4f45-b527-2d4684781b8d"
    networkLocation: "/default-rack"
  }
  state: PIPELINE_OPEN
  type: STAND_ALONE
  factor: ONE
  id {
    id: "2a0b29ae-ba4c-4ddb-9aab-cc7c8e91dbb9"
  }
}
]} | ret=SUCCESS |  
2019-08-23 02:05:03,138 | INFO  | SCMAudit | user=jenkins1000 | ip=192.168.34.22 | op=ALLOCATE_BLOCK {owner=3ddedc01-3817-40e9-9841-60bd7c64fa0e, size=4194304, type=STAND_ALONE, factor=ONE} | ret=SUCCESS |  
2019-08-23 02:05:03,139 | INFO  | OMAudit | user=jenkins1000 | ip=127.0.0.1 | op=ALLOCATE_KEY {volume=volume05539, bucket=bucket55533, key=hrlqa52, dataSize=4096, replicationType=STAND_ALONE, replicationFactor=ONE, keyLocationInfo=[blockID {
  containerBlockID {
    containerID: 2
    localID: 102663841587986936
  }
  blockCommitSequenceId: 0
}
offset: 0
length: 4194304
createVersion: 0
pipeline {
  leaderID: ""
  members {
    uuid: "ca5dcef0-b5a3-4f45-b527-2d4684781b8d"
    ipAddress: "192.168.34.22"
    hostName: "pr-hdds-1909-sn94l-363750510"
    ports {
      name: "REST"
      value: 43516
    }
    ports {
      name: "RATIS"
      value: 45280
    }
    ports {
      name: "STANDALONE"
      value: 42360
    }
    networkName: "ca5dcef0-b5a3-4f45-b527-2d4684781b8d"
    networkLocation: "/default-rack"
  }
  state: PIPELINE_OPEN
  type: STAND_ALONE
  factor: ONE
  id {
    id: "2a0b29ae-ba4c-4ddb-9aab-cc7c8e91dbb9"
  }
}
]} | ret=SUCCESS |  
2019-08-23 02:05:03,144 | INFO  | DNAudit | user=null | ip=null | op=WRITE_CHUNK {blockData=conID: 2 locID: 102663841587986936 bcsId: 0} | ret=SUCCESS |  
2019-08-23 02:05:03,146 | INFO  | DNAudit | user=null | ip=null | op=PUT_BLOCK {blockData=[blockId=conID: 2 locID: 102663841587986936 bcsId: 0,size=5]} | ret=SUCCESS |  
2019-08-23 02:05:03,149 | INFO  | OMAudit | user=jenkins1000 | ip=127.0.0.1 | op=COMMIT_KEY {volume=volume05539, bucket=bucket55533, key=hrlqa52, dataSize=5, replicationType=RATIS, replicationFactor=ONE, keyLocationInfo=[blockID {
  containerBlockID {
    containerID: 2
    localID: 102663841587986936
  }
  blockCommitSequenceId: 0
}
offset: 0
length: 5
createVersion: 0
pipeline {
  leaderID: ""
  members {
    uuid: "ca5dcef0-b5a3-4f45-b527-2d4684781b8d"
    ipAddress: "192.168.34.22"
    hostName: "pr-hdds-1909-sn94l-363750510"
    ports {
      name: "REST"
      value: 43516
    }
    ports {
      name: "RATIS"
      value: 45280
    }
    ports {
      name: "STANDALONE"
      value: 42360
    }
    networkName: "ca5dcef0-b5a3-4f45-b527-2d4684781b8d"
    networkLocation: "/default-rack"
  }
  state: PIPELINE_OPEN
  type: STAND_ALONE
  factor: ONE
  id {
    id: "2a0b29ae-ba4c-4ddb-9aab-cc7c8e91dbb9"
  }
}
]} | ret=SUCCESS |  
2019-08-23 02:05:03,151 | INFO  | SCMAudit | user=jenkins1000 | ip=192.168.34.22 | op=ALLOCATE_BLOCK {owner=3ddedc01-3817-40e9-9841-60bd7c64fa0e, size=4194304, type=STAND_ALONE, factor=ONE} | ret=SUCCESS |  
2019-08-23 02:05:03,152 | INFO  | OMAudit | user=jenkins1000 | ip=127.0.0.1 | op=ALLOCATE_KEY {volume=volume05539, bucket=bucket55533, key=oaToo53, dataSize=4096, replicationType=STAND_ALONE, replicationFactor=ONE, keyLocationInfo=[blockID {
  containerBlockID {
    containerID: 3
    localID: 102663841588904442
  }
  blockCommitSequenceId: 0
}
offset: 0
length: 4194304
createVersion: 0
pipeline {
  leaderID: ""
  members {
    uuid: "ca5dcef0-b5a3-4f45-b527-2d4684781b8d"
    ipAddress: "192.168.34.22"
    hostName: "pr-hdds-1909-sn94l-363750510"
    ports {
      name: "REST"
      value: 43516
    }
    ports {
      name: "RATIS"
      value: 45280
    }
    ports {
      name: "STANDALONE"
      value: 42360
    }
    networkName: "ca5dcef0-b5a3-4f45-b527-2d4684781b8d"
    networkLocation: "/default-rack"
  }
  state: PIPELINE_OPEN
  type: STAND_ALONE
  factor: ONE
  id {
    id: "2a0b29ae-ba4c-4ddb-9aab-cc7c8e91dbb9"
  }
}
]} | ret=SUCCESS |  
2019-08-23 02:05:03,157 | INFO  | DNAudit | user=null | ip=null | op=WRITE_CHUNK {blockData=conID: 3 locID: 102663841588904442 bcsId: 0} | ret=SUCCESS |  
2019-08-23 02:05:03,160 | INFO  | DNAudit | user=null | ip=null | op=PUT_BLOCK {blockData=[blockId=conID: 3 locID: 102663841588904442 bcsId: 0,size=5]} | ret=SUCCESS |  
2019-08-23 02:05:03,163 | INFO  | OMAudit | user=jenkins1000 | ip=127.0.0.1 | op=COMMIT_KEY {volume=volume05539, bucket=bucket55533, key=oaToo53, dataSize=5, replicationType=RATIS, replicationFactor=ONE, keyLocationInfo=[blockID {
  containerBlockID {
    containerID: 3
    localID: 102663841588904442
  }
  blockCommitSequenceId: 0
}
offset: 0
length: 5
createVersion: 0
pipeline {
  leaderID: ""
  members {
    uuid: "ca5dcef0-b5a3-4f45-b527-2d4684781b8d"
    ipAddress: "192.168.34.22"
    hostName: "pr-hdds-1909-sn94l-363750510"
    ports {
      name: "REST"
      value: 43516
    }
    ports {
      name: "RATIS"
      value: 45280
    }
    ports {
      name: "STANDALONE"
      value: 42360
    }
    networkName: "ca5dcef0-b5a3-4f45-b527-2d4684781b8d"
    networkLocation: "/default-rack"
  }
  state: PIPELINE_OPEN
  type: STAND_ALONE
  factor: ONE
  id {
    id: "2a0b29ae-ba4c-4ddb-9aab-cc7c8e91dbb9"
  }
}
]} | ret=SUCCESS |  
2019-08-23 02:05:03,165 | INFO  | SCMAudit | user=jenkins1000 | ip=192.168.34.22 | op=ALLOCATE_BLOCK {owner=3ddedc01-3817-40e9-9841-60bd7c64fa0e, size=4194304, type=STAND_ALONE, factor=ONE} | ret=SUCCESS |  
2019-08-23 02:05:03,166 | INFO  | OMAudit | user=jenkins1000 | ip=127.0.0.1 | op=ALLOCATE_KEY {volume=volume05539, bucket=bucket55533, key=xndiT54, dataSize=4096, replicationType=STAND_ALONE, replicationFactor=ONE, keyLocationInfo=[blockID {
  containerBlockID {
    containerID: 1
    localID: 102663841589821948
  }
  blockCommitSequenceId: 0
}
offset: 0
length: 4194304
createVersion: 0
pipeline {
  leaderID: ""
  members {
    uuid: "ca5dcef0-b5a3-4f45-b527-2d4684781b8d"
    ipAddress: "192.168.34.22"
    hostName: "pr-hdds-1909-sn94l-363750510"
    ports {
      name: "REST"
      value: 43516
    }
    ports {
      name: "RATIS"
      value: 45280
    }
    ports {
      name: "STANDALONE"
      value: 42360
    }
    networkName: "ca5dcef0-b5a3-4f45-b527-2d4684781b8d"
    networkLocation: "/default-rack"
  }
  state: PIPELINE_OPEN
  type: STAND_ALONE
  factor: ONE
  id {
    id: "2a0b29ae-ba4c-4ddb-9aab-cc7c8e91dbb9"
  }
}
]} | ret=SUCCESS |  
2019-08-23 02:05:03,171 | INFO  | DNAudit | user=null | ip=null | op=WRITE_CHUNK {blockData=conID: 1 locID: 102663841589821948 bcsId: 0} | ret=SUCCESS |  
2019-08-23 02:05:03,174 | INFO  | DNAudit | user=null | ip=null | op=PUT_BLOCK {blockData=[blockId=conID: 1 locID: 102663841589821948 bcsId: 0,size=5]} | ret=SUCCESS |  
2019-08-23 02:05:03,177 | INFO  | OMAudit | user=jenkins1000 | ip=127.0.0.1 | op=COMMIT_KEY {volume=volume05539, bucket=bucket55533, key=xndiT54, dataSize=5, replicationType=RATIS, replicationFactor=ONE, keyLocationInfo=[blockID {
  containerBlockID {
    containerID: 1
    localID: 102663841589821948
  }
  blockCommitSequenceId: 0
}
offset: 0
length: 5
createVersion: 0
pipeline {
  leaderID: ""
  members {
    uuid: "ca5dcef0-b5a3-4f45-b527-2d4684781b8d"
    ipAddress: "192.168.34.22"
    hostName: "pr-hdds-1909-sn94l-363750510"
    ports {
      name: "REST"
      value: 43516
    }
    ports {
      name: "RATIS"
      value: 45280
    }
    ports {
      name: "STANDALONE"
      value: 42360
    }
    networkName: "ca5dcef0-b5a3-4f45-b527-2d4684781b8d"
    networkLocation: "/default-rack"
  }
  state: PIPELINE_OPEN
  type: STAND_ALONE
  factor: ONE
  id {
    id: "2a0b29ae-ba4c-4ddb-9aab-cc7c8e91dbb9"
  }
}
]} | ret=SUCCESS |  
2019-08-23 02:05:03,179 | INFO  | SCMAudit | user=jenkins1000 | ip=192.168.34.22 | op=ALLOCATE_BLOCK {owner=3ddedc01-3817-40e9-9841-60bd7c64fa0e, size=4194304, type=STAND_ALONE, factor=ONE} | ret=SUCCESS |  
2019-08-23 02:05:03,180 | INFO  | OMAudit | user=jenkins1000 | ip=127.0.0.1 | op=ALLOCATE_KEY {volume=volume05539, bucket=bucket55533, key=QmJhd55, dataSize=4096, replicationType=STAND_ALONE, replicationFactor=ONE, keyLocationInfo=[blockID {
  containerBlockID {
    containerID: 2
    localID: 102663841590739454
  }
  blockCommitSequenceId: 0
}
offset: 0
length: 4194304
createVersion: 0
pipeline {
  leaderID: ""
  members {
    uuid: "ca5dcef0-b5a3-4f45-b527-2d4684781b8d"
    ipAddress: "192.168.34.22"
    hostName: "pr-hdds-1909-sn94l-363750510"
    ports {
      name: "REST"
      value: 43516
    }
    ports {
      name: "RATIS"
      value: 45280
    }
    ports {
      name: "STANDALONE"
      value: 42360
    }
    networkName: "ca5dcef0-b5a3-4f45-b527-2d4684781b8d"
    networkLocation: "/default-rack"
  }
  state: PIPELINE_OPEN
  type: STAND_ALONE
  factor: ONE
  id {
    id: "2a0b29ae-ba4c-4ddb-9aab-cc7c8e91dbb9"
  }
}
]} | ret=SUCCESS |  
2019-08-23 02:05:03,184 | INFO  | DNAudit | user=null | ip=null | op=WRITE_CHUNK {blockData=conID: 2 locID: 102663841590739454 bcsId: 0} | ret=SUCCESS |  
2019-08-23 02:05:03,187 | INFO  | DNAudit | user=null | ip=null | op=PUT_BLOCK {blockData=[blockId=conID: 2 locID: 102663841590739454 bcsId: 0,size=5]} | ret=SUCCESS |  
2019-08-23 02:05:03,191 | INFO  | OMAudit | user=jenkins1000 | ip=127.0.0.1 | op=COMMIT_KEY {volume=volume05539, bucket=bucket55533, key=QmJhd55, dataSize=5, replicationType=RATIS, replicationFactor=ONE, keyLocationInfo=[blockID {
  containerBlockID {
    containerID: 2
    localID: 102663841590739454
  }
  blockCommitSequenceId: 0
}
offset: 0
length: 5
createVersion: 0
pipeline {
  leaderID: ""
  members {
    uuid: "ca5dcef0-b5a3-4f45-b527-2d4684781b8d"
    ipAddress: "192.168.34.22"
    hostName: "pr-hdds-1909-sn94l-363750510"
    ports {
      name: "REST"
      value: 43516
    }
    ports {
      name: "RATIS"
      value: 45280
    }
    ports {
      name: "STANDALONE"
      value: 42360
    }
    networkName: "ca5dcef0-b5a3-4f45-b527-2d4684781b8d"
    networkLocation: "/default-rack"
  }
  state: PIPELINE_OPEN
  type: STAND_ALONE
  factor: ONE
  id {
    id: "2a0b29ae-ba4c-4ddb-9aab-cc7c8e91dbb9"
  }
}
]} | ret=SUCCESS |  
2019-08-23 02:05:03,193 | INFO  | SCMAudit | user=jenkins1000 | ip=192.168.34.22 | op=ALLOCATE_BLOCK {owner=3ddedc01-3817-40e9-9841-60bd7c64fa0e, size=4194304, type=STAND_ALONE, factor=ONE} | ret=SUCCESS |  
2019-08-23 02:05:03,194 | INFO  | OMAudit | user=jenkins1000 | ip=127.0.0.1 | op=ALLOCATE_KEY {volume=volume05539, bucket=bucket55533, key=cxVSc56, dataSize=4096, replicationType=STAND_ALONE, replicationFactor=ONE, keyLocationInfo=[blockID {
  containerBlockID {
    containerID: 3
    localID: 102663841591656960
  }
  blockCommitSequenceId: 0
}
offset: 0
length: 4194304
createVersion: 0
pipeline {
  leaderID: ""
  members {
    uuid: "ca5dcef0-b5a3-4f45-b527-2d4684781b8d"
    ipAddress: "192.168.34.22"
    hostName: "pr-hdds-1909-sn94l-363750510"
    ports {
      name: "REST"
      value: 43516
    }
    ports {
      name: "RATIS"
      value: 45280
    }
    ports {
      name: "STANDALONE"
      value: 42360
    }
    networkName: "ca5dcef0-b5a3-4f45-b527-2d4684781b8d"
    networkLocation: "/default-rack"
  }
  state: PIPELINE_OPEN
  type: STAND_ALONE
  factor: ONE
  id {
    id: "2a0b29ae-ba4c-4ddb-9aab-cc7c8e91dbb9"
  }
}
]} | ret=SUCCESS |  
2019-08-23 02:05:03,198 | INFO  | DNAudit | user=null | ip=null | op=WRITE_CHUNK {blockData=conID: 3 locID: 102663841591656960 bcsId: 0} | ret=SUCCESS |  
2019-08-23 02:05:03,200 | INFO  | DNAudit | user=null | ip=null | op=PUT_BLOCK {blockData=[blockId=conID: 3 locID: 102663841591656960 bcsId: 0,size=5]} | ret=SUCCESS |  
2019-08-23 02:05:03,201 | INFO  | OMAudit | user=jenkins1000 | ip=127.0.0.1 | op=COMMIT_KEY {volume=volume05539, bucket=bucket55533, key=cxVSc56, dataSize=5, replicationType=RATIS, replicationFactor=ONE, keyLocationInfo=[blockID {
  containerBlockID {
    containerID: 3
    localID: 102663841591656960
  }
  blockCommitSequenceId: 0
}
offset: 0
length: 5
createVersion: 0
pipeline {
  leaderID: ""
  members {
    uuid: "ca5dcef0-b5a3-4f45-b527-2d4684781b8d"
    ipAddress: "192.168.34.22"
    hostName: "pr-hdds-1909-sn94l-363750510"
    ports {
      name: "REST"
      value: 43516
    }
    ports {
      name: "RATIS"
      value: 45280
    }
    ports {
      name: "STANDALONE"
      value: 42360
    }
    networkName: "ca5dcef0-b5a3-4f45-b527-2d4684781b8d"
    networkLocation: "/default-rack"
  }
  state: PIPELINE_OPEN
  type: STAND_ALONE
  factor: ONE
  id {
    id: "2a0b29ae-ba4c-4ddb-9aab-cc7c8e91dbb9"
  }
}
]} | ret=SUCCESS |  
2019-08-23 02:05:03,203 | INFO  | SCMAudit | user=jenkins1000 | ip=192.168.34.22 | op=ALLOCATE_BLOCK {owner=3ddedc01-3817-40e9-9841-60bd7c64fa0e, size=4194304, type=STAND_ALONE, factor=ONE} | ret=SUCCESS |  
2019-08-23 02:05:03,204 | INFO  | OMAudit | user=jenkins1000 | ip=127.0.0.1 | op=ALLOCATE_KEY {volume=volume05539, bucket=bucket55533, key=uwyJS57, dataSize=4096, replicationType=STAND_ALONE, replicationFactor=ONE, keyLocationInfo=[blockID {
  containerBlockID {
    containerID: 1
    localID: 102663841592312322
  }
  blockCommitSequenceId: 0
}
offset: 0
length: 4194304
createVersion: 0
pipeline {
  leaderID: ""
  members {
    uuid: "ca5dcef0-b5a3-4f45-b527-2d4684781b8d"
    ipAddress: "192.168.34.22"
    hostName: "pr-hdds-1909-sn94l-363750510"
    ports {
      name: "REST"
      value: 43516
    }
    ports {
      name: "RATIS"
      value: 45280
    }
    ports {
      name: "STANDALONE"
      value: 42360
    }
    networkName: "ca5dcef0-b5a3-4f45-b527-2d4684781b8d"
    networkLocation: "/default-rack"
  }
  state: PIPELINE_OPEN
  type: STAND_ALONE
  factor: ONE
  id {
    id: "2a0b29ae-ba4c-4ddb-9aab-cc7c8e91dbb9"
  }
}
]} | ret=SUCCESS |  
2019-08-23 02:05:03,207 | INFO  | DNAudit | user=null | ip=null | op=WRITE_CHUNK {blockData=conID: 1 locID: 102663841592312322 bcsId: 0} | ret=SUCCESS |  
2019-08-23 02:05:03,210 | INFO  | DNAudit | user=null | ip=null | op=PUT_BLOCK {blockData=[blockId=conID: 1 locID: 102663841592312322 bcsId: 0,size=5]} | ret=SUCCESS |  
2019-08-23 02:05:03,212 | INFO  | OMAudit | user=jenkins1000 | ip=127.0.0.1 | op=COMMIT_KEY {volume=volume05539, bucket=bucket55533, key=uwyJS57, dataSize=5, replicationType=RATIS, replicationFactor=ONE, keyLocationInfo=[blockID {
  containerBlockID {
    containerID: 1
    localID: 102663841592312322
  }
  blockCommitSequenceId: 0
}
offset: 0
length: 5
createVersion: 0
pipeline {
  leaderID: ""
  members {
    uuid: "ca5dcef0-b5a3-4f45-b527-2d4684781b8d"
    ipAddress: "192.168.34.22"
    hostName: "pr-hdds-1909-sn94l-363750510"
    ports {
      name: "REST"
      value: 43516
    }
    ports {
      name: "RATIS"
      value: 45280
    }
    ports {
      name: "STANDALONE"
      value: 42360
    }
    networkName: "ca5dcef0-b5a3-4f45-b527-2d4684781b8d"
    networkLocation: "/default-rack"
  }
  state: PIPELINE_OPEN
  type: STAND_ALONE
  factor: ONE
  id {
    id: "2a0b29ae-ba4c-4ddb-9aab-cc7c8e91dbb9"
  }
}
]} | ret=SUCCESS |  
2019-08-23 02:05:03,213 | INFO  | SCMAudit | user=jenkins1000 | ip=192.168.34.22 | op=ALLOCATE_BLOCK {owner=3ddedc01-3817-40e9-9841-60bd7c64fa0e, size=4194304, type=STAND_ALONE, factor=ONE} | ret=SUCCESS |  
2019-08-23 02:05:03,214 | INFO  | OMAudit | user=jenkins1000 | ip=127.0.0.1 | op=ALLOCATE_KEY {volume=volume05539, bucket=bucket55533, key=uqxon58, dataSize=4096, replicationType=STAND_ALONE, replicationFactor=ONE, keyLocationInfo=[blockID {
  containerBlockID {
    containerID: 2
    localID: 102663841592967684
  }
  blockCommitSequenceId: 0
}
offset: 0
length: 4194304
createVersion: 0
pipeline {
  leaderID: ""
  members {
    uuid: "ca5dcef0-b5a3-4f45-b527-2d4684781b8d"
    ipAddress: "192.168.34.22"
    hostName: "pr-hdds-1909-sn94l-363750510"
    ports {
      name: "REST"
      value: 43516
    }
    ports {
      name: "RATIS"
      value: 45280
    }
    ports {
      name: "STANDALONE"
      value: 42360
    }
    networkName: "ca5dcef0-b5a3-4f45-b527-2d4684781b8d"
    networkLocation: "/default-rack"
  }
  state: PIPELINE_OPEN
  type: STAND_ALONE
  factor: ONE
  id {
    id: "2a0b29ae-ba4c-4ddb-9aab-cc7c8e91dbb9"
  }
}
]} | ret=SUCCESS |  
2019-08-23 02:05:03,218 | INFO  | DNAudit | user=null | ip=null | op=WRITE_CHUNK {blockData=conID: 2 locID: 102663841592967684 bcsId: 0} | ret=SUCCESS |  
2019-08-23 02:05:03,222 | INFO  | DNAudit | user=null | ip=null | op=PUT_BLOCK {blockData=[blockId=conID: 2 locID: 102663841592967684 bcsId: 0,size=5]} | ret=SUCCESS |  
2019-08-23 02:05:03,224 | INFO  | OMAudit | user=jenkins1000 | ip=127.0.0.1 | op=COMMIT_KEY {volume=volume05539, bucket=bucket55533, key=uqxon58, dataSize=5, replicationType=RATIS, replicationFactor=ONE, keyLocationInfo=[blockID {
  containerBlockID {
    containerID: 2
    localID: 102663841592967684
  }
  blockCommitSequenceId: 0
}
offset: 0
length: 5
createVersion: 0
pipeline {
  leaderID: ""
  members {
    uuid: "ca5dcef0-b5a3-4f45-b527-2d4684781b8d"
    ipAddress: "192.168.34.22"
    hostName: "pr-hdds-1909-sn94l-363750510"
    ports {
      name: "REST"
      value: 43516
    }
    ports {
      name: "RATIS"
      value: 45280
    }
    ports {
      name: "STANDALONE"
      value: 42360
    }
    networkName: "ca5dcef0-b5a3-4f45-b527-2d4684781b8d"
    networkLocation: "/default-rack"
  }
  state: PIPELINE_OPEN
  type: STAND_ALONE
  factor: ONE
  id {
    id: "2a0b29ae-ba4c-4ddb-9aab-cc7c8e91dbb9"
  }
}
]} | ret=SUCCESS |  
2019-08-23 02:05:03,225 | INFO  | SCMAudit | user=jenkins1000 | ip=192.168.34.22 | op=ALLOCATE_BLOCK {owner=3ddedc01-3817-40e9-9841-60bd7c64fa0e, size=4194304, type=STAND_ALONE, factor=ONE} | ret=SUCCESS |  
2019-08-23 02:05:03,227 | INFO  | OMAudit | user=jenkins1000 | ip=127.0.0.1 | op=ALLOCATE_KEY {volume=volume05539, bucket=bucket55533, key=hZCyT59, dataSize=4096, replicationType=STAND_ALONE, replicationFactor=ONE, keyLocationInfo=[blockID {
  containerBlockID {
    containerID: 3
    localID: 102663841593754118
  }
  blockCommitSequenceId: 0
}
offset: 0
length: 4194304
createVersion: 0
pipeline {
  leaderID: ""
  members {
    uuid: "ca5dcef0-b5a3-4f45-b527-2d4684781b8d"
    ipAddress: "192.168.34.22"
    hostName: "pr-hdds-1909-sn94l-363750510"
    ports {
      name: "REST"
      value: 43516
    }
    ports {
      name: "RATIS"
      value: 45280
    }
    ports {
      name: "STANDALONE"
      value: 42360
    }
    networkName: "ca5dcef0-b5a3-4f45-b527-2d4684781b8d"
    networkLocation: "/default-rack"
  }
  state: PIPELINE_OPEN
  type: STAND_ALONE
  factor: ONE
  id {
    id: "2a0b29ae-ba4c-4ddb-9aab-cc7c8e91dbb9"
  }
}
]} | ret=SUCCESS |  
2019-08-23 02:05:03,231 | INFO  | DNAudit | user=null | ip=null | op=WRITE_CHUNK {blockData=conID: 3 locID: 102663841593754118 bcsId: 0} | ret=SUCCESS |  
2019-08-23 02:05:03,233 | INFO  | DNAudit | user=null | ip=null | op=PUT_BLOCK {blockData=[blockId=conID: 3 locID: 102663841593754118 bcsId: 0,size=5]} | ret=SUCCESS |  
2019-08-23 02:05:03,234 | INFO  | OMAudit | user=jenkins1000 | ip=127.0.0.1 | op=COMMIT_KEY {volume=volume05539, bucket=bucket55533, key=hZCyT59, dataSize=5, replicationType=RATIS, replicationFactor=ONE, keyLocationInfo=[blockID {
  containerBlockID {
    containerID: 3
    localID: 102663841593754118
  }
  blockCommitSequenceId: 0
}
offset: 0
length: 5
createVersion: 0
pipeline {
  leaderID: ""
  members {
    uuid: "ca5dcef0-b5a3-4f45-b527-2d4684781b8d"
    ipAddress: "192.168.34.22"
    hostName: "pr-hdds-1909-sn94l-363750510"
    ports {
      name: "REST"
      value: 43516
    }
    ports {
      name: "RATIS"
      value: 45280
    }
    ports {
      name: "STANDALONE"
      value: 42360
    }
    networkName: "ca5dcef0-b5a3-4f45-b527-2d4684781b8d"
    networkLocation: "/default-rack"
  }
  state: PIPELINE_OPEN
  type: STAND_ALONE
  factor: ONE
  id {
    id: "2a0b29ae-ba4c-4ddb-9aab-cc7c8e91dbb9"
  }
}
]} | ret=SUCCESS |  
2019-08-23 02:05:03,236 | INFO  | SCMAudit | user=jenkins1000 | ip=192.168.34.22 | op=ALLOCATE_BLOCK {owner=3ddedc01-3817-40e9-9841-60bd7c64fa0e, size=4194304, type=STAND_ALONE, factor=ONE} | ret=SUCCESS |  
2019-08-23 02:05:03,237 | INFO  | OMAudit | user=jenkins1000 | ip=127.0.0.1 | op=ALLOCATE_KEY {volume=volume05539, bucket=bucket55533, key=zRPcg60, dataSize=4096, replicationType=STAND_ALONE, replicationFactor=ONE, keyLocationInfo=[blockID {
  containerBlockID {
    containerID: 1
    localID: 102663841594475016
  }
  blockCommitSequenceId: 0
}
offset: 0
length: 4194304
createVersion: 0
pipeline {
  leaderID: ""
  members {
    uuid: "ca5dcef0-b5a3-4f45-b527-2d4684781b8d"
    ipAddress: "192.168.34.22"
    hostName: "pr-hdds-1909-sn94l-363750510"
    ports {
      name: "REST"
      value: 43516
    }
    ports {
      name: "RATIS"
      value: 45280
    }
    ports {
      name: "STANDALONE"
      value: 42360
    }
    networkName: "ca5dcef0-b5a3-4f45-b527-2d4684781b8d"
    networkLocation: "/default-rack"
  }
  state: PIPELINE_OPEN
  type: STAND_ALONE
  factor: ONE
  id {
    id: "2a0b29ae-ba4c-4ddb-9aab-cc7c8e91dbb9"
  }
}
]} | ret=SUCCESS |  
2019-08-23 02:05:03,241 | INFO  | DNAudit | user=null | ip=null | op=WRITE_CHUNK {blockData=conID: 1 locID: 102663841594475016 bcsId: 0} | ret=SUCCESS |  
2019-08-23 02:05:03,243 | INFO  | DNAudit | user=null | ip=null | op=PUT_BLOCK {blockData=[blockId=conID: 1 locID: 102663841594475016 bcsId: 0,size=5]} | ret=SUCCESS |  
2019-08-23 02:05:03,245 | INFO  | OMAudit | user=jenkins1000 | ip=127.0.0.1 | op=COMMIT_KEY {volume=volume05539, bucket=bucket55533, key=zRPcg60, dataSize=5, replicationType=RATIS, replicationFactor=ONE, keyLocationInfo=[blockID {
  containerBlockID {
    containerID: 1
    localID: 102663841594475016
  }
  blockCommitSequenceId: 0
}
offset: 0
length: 5
createVersion: 0
pipeline {
  leaderID: ""
  members {
    uuid: "ca5dcef0-b5a3-4f45-b527-2d4684781b8d"
    ipAddress: "192.168.34.22"
    hostName: "pr-hdds-1909-sn94l-363750510"
    ports {
      name: "REST"
      value: 43516
    }
    ports {
      name: "RATIS"
      value: 45280
    }
    ports {
      name: "STANDALONE"
      value: 42360
    }
    networkName: "ca5dcef0-b5a3-4f45-b527-2d4684781b8d"
    networkLocation: "/default-rack"
  }
  state: PIPELINE_OPEN
  type: STAND_ALONE
  factor: ONE
  id {
    id: "2a0b29ae-ba4c-4ddb-9aab-cc7c8e91dbb9"
  }
}
]} | ret=SUCCESS |  
2019-08-23 02:05:03,246 | INFO  | SCMAudit | user=jenkins1000 | ip=192.168.34.22 | op=ALLOCATE_BLOCK {owner=3ddedc01-3817-40e9-9841-60bd7c64fa0e, size=4194304, type=STAND_ALONE, factor=ONE} | ret=SUCCESS |  
2019-08-23 02:05:03,248 | INFO  | OMAudit | user=jenkins1000 | ip=127.0.0.1 | op=ALLOCATE_KEY {volume=volume05539, bucket=bucket55533, key=LoBZt61, dataSize=4096, replicationType=STAND_ALONE, replicationFactor=ONE, keyLocationInfo=[blockID {
  containerBlockID {
    containerID: 2
    localID: 102663841595130378
  }
  blockCommitSequenceId: 0
}
offset: 0
length: 4194304
createVersion: 0
pipeline {
  leaderID: ""
  members {
    uuid: "ca5dcef0-b5a3-4f45-b527-2d4684781b8d"
    ipAddress: "192.168.34.22"
    hostName: "pr-hdds-1909-sn94l-363750510"
    ports {
      name: "REST"
      value: 43516
    }
    ports {
      name: "RATIS"
      value: 45280
    }
    ports {
      name: "STANDALONE"
      value: 42360
    }
    networkName: "ca5dcef0-b5a3-4f45-b527-2d4684781b8d"
    networkLocation: "/default-rack"
  }
  state: PIPELINE_OPEN
  type: STAND_ALONE
  factor: ONE
  id {
    id: "2a0b29ae-ba4c-4ddb-9aab-cc7c8e91dbb9"
  }
}
]} | ret=SUCCESS |  
2019-08-23 02:05:03,251 | INFO  | DNAudit | user=null | ip=null | op=WRITE_CHUNK {blockData=conID: 2 locID: 102663841595130378 bcsId: 0} | ret=SUCCESS |  
2019-08-23 02:05:03,253 | INFO  | DNAudit | user=null | ip=null | op=PUT_BLOCK {blockData=[blockId=conID: 2 locID: 102663841595130378 bcsId: 0,size=5]} | ret=SUCCESS |  
2019-08-23 02:05:03,255 | INFO  | OMAudit | user=jenkins1000 | ip=127.0.0.1 | op=COMMIT_KEY {volume=volume05539, bucket=bucket55533, key=LoBZt61, dataSize=5, replicationType=RATIS, replicationFactor=ONE, keyLocationInfo=[blockID {
  containerBlockID {
    containerID: 2
    localID: 102663841595130378
  }
  blockCommitSequenceId: 0
}
offset: 0
length: 5
createVersion: 0
pipeline {
  leaderID: ""
  members {
    uuid: "ca5dcef0-b5a3-4f45-b527-2d4684781b8d"
    ipAddress: "192.168.34.22"
    hostName: "pr-hdds-1909-sn94l-363750510"
    ports {
      name: "REST"
      value: 43516
    }
    ports {
      name: "RATIS"
      value: 45280
    }
    ports {
      name: "STANDALONE"
      value: 42360
    }
    networkName: "ca5dcef0-b5a3-4f45-b527-2d4684781b8d"
    networkLocation: "/default-rack"
  }
  state: PIPELINE_OPEN
  type: STAND_ALONE
  factor: ONE
  id {
    id: "2a0b29ae-ba4c-4ddb-9aab-cc7c8e91dbb9"
  }
}
]} | ret=SUCCESS |  
2019-08-23 02:05:03,257 | INFO  | SCMAudit | user=jenkins1000 | ip=192.168.34.22 | op=ALLOCATE_BLOCK {owner=3ddedc01-3817-40e9-9841-60bd7c64fa0e, size=4194304, type=STAND_ALONE, factor=ONE} | ret=SUCCESS |  
2019-08-23 02:05:03,258 | INFO  | OMAudit | user=jenkins1000 | ip=127.0.0.1 | op=ALLOCATE_KEY {volume=volume05539, bucket=bucket55533, key=HiVzO62, dataSize=4096, replicationType=STAND_ALONE, replicationFactor=ONE, keyLocationInfo=[blockID {
  containerBlockID {
    containerID: 3
    localID: 102663841595851276
  }
  blockCommitSequenceId: 0
}
offset: 0
length: 4194304
createVersion: 0
pipeline {
  leaderID: ""
  members {
    uuid: "ca5dcef0-b5a3-4f45-b527-2d4684781b8d"
    ipAddress: "192.168.34.22"
    hostName: "pr-hdds-1909-sn94l-363750510"
    ports {
      name: "REST"
      value: 43516
    }
    ports {
      name: "RATIS"
      value: 45280
    }
    ports {
      name: "STANDALONE"
      value: 42360
    }
    networkName: "ca5dcef0-b5a3-4f45-b527-2d4684781b8d"
    networkLocation: "/default-rack"
  }
  state: PIPELINE_OPEN
  type: STAND_ALONE
  factor: ONE
  id {
    id: "2a0b29ae-ba4c-4ddb-9aab-cc7c8e91dbb9"
  }
}
]} | ret=SUCCESS |  
2019-08-23 02:05:03,261 | INFO  | DNAudit | user=null | ip=null | op=WRITE_CHUNK {blockData=conID: 3 locID: 102663841595851276 bcsId: 0} | ret=SUCCESS |  
2019-08-23 02:05:03,264 | INFO  | DNAudit | user=null | ip=null | op=PUT_BLOCK {blockData=[blockId=conID: 3 locID: 102663841595851276 bcsId: 0,size=5]} | ret=SUCCESS |  
2019-08-23 02:05:03,266 | INFO  | OMAudit | user=jenkins1000 | ip=127.0.0.1 | op=COMMIT_KEY {volume=volume05539, bucket=bucket55533, key=HiVzO62, dataSize=5, replicationType=RATIS, replicationFactor=ONE, keyLocationInfo=[blockID {
  containerBlockID {
    containerID: 3
    localID: 102663841595851276
  }
  blockCommitSequenceId: 0
}
offset: 0
length: 5
createVersion: 0
pipeline {
  leaderID: ""
  members {
    uuid: "ca5dcef0-b5a3-4f45-b527-2d4684781b8d"
    ipAddress: "192.168.34.22"
    hostName: "pr-hdds-1909-sn94l-363750510"
    ports {
      name: "REST"
      value: 43516
    }
    ports {
      name: "RATIS"
      value: 45280
    }
    ports {
      name: "STANDALONE"
      value: 42360
    }
    networkName: "ca5dcef0-b5a3-4f45-b527-2d4684781b8d"
    networkLocation: "/default-rack"
  }
  state: PIPELINE_OPEN
  type: STAND_ALONE
  factor: ONE
  id {
    id: "2a0b29ae-ba4c-4ddb-9aab-cc7c8e91dbb9"
  }
}
]} | ret=SUCCESS |  
2019-08-23 02:05:03,268 | INFO  | SCMAudit | user=jenkins1000 | ip=192.168.34.22 | op=ALLOCATE_BLOCK {owner=3ddedc01-3817-40e9-9841-60bd7c64fa0e, size=4194304, type=STAND_ALONE, factor=ONE} | ret=SUCCESS |  
2019-08-23 02:05:03,269 | INFO  | OMAudit | user=jenkins1000 | ip=127.0.0.1 | op=ALLOCATE_KEY {volume=volume05539, bucket=bucket55533, key=WXwCb63, dataSize=4096, replicationType=STAND_ALONE, replicationFactor=ONE, keyLocationInfo=[blockID {
  containerBlockID {
    containerID: 1
    localID: 102663841596572174
  }
  blockCommitSequenceId: 0
}
offset: 0
length: 4194304
createVersion: 0
pipeline {
  leaderID: ""
  members {
    uuid: "ca5dcef0-b5a3-4f45-b527-2d4684781b8d"
    ipAddress: "192.168.34.22"
    hostName: "pr-hdds-1909-sn94l-363750510"
    ports {
      name: "REST"
      value: 43516
    }
    ports {
      name: "RATIS"
      value: 45280
    }
    ports {
      name: "STANDALONE"
      value: 42360
    }
    networkName: "ca5dcef0-b5a3-4f45-b527-2d4684781b8d"
    networkLocation: "/default-rack"
  }
  state: PIPELINE_OPEN
  type: STAND_ALONE
  factor: ONE
  id {
    id: "2a0b29ae-ba4c-4ddb-9aab-cc7c8e91dbb9"
  }
}
]} | ret=SUCCESS |  
2019-08-23 02:05:03,272 | INFO  | DNAudit | user=null | ip=null | op=WRITE_CHUNK {blockData=conID: 1 locID: 102663841596572174 bcsId: 0} | ret=SUCCESS |  
2019-08-23 02:05:03,274 | INFO  | DNAudit | user=null | ip=null | op=PUT_BLOCK {blockData=[blockId=conID: 1 locID: 102663841596572174 bcsId: 0,size=5]} | ret=SUCCESS |  
2019-08-23 02:05:03,276 | INFO  | OMAudit | user=jenkins1000 | ip=127.0.0.1 | op=COMMIT_KEY {volume=volume05539, bucket=bucket55533, key=WXwCb63, dataSize=5, replicationType=RATIS, replicationFactor=ONE, keyLocationInfo=[blockID {
  containerBlockID {
    containerID: 1
    localID: 102663841596572174
  }
  blockCommitSequenceId: 0
}
offset: 0
length: 5
createVersion: 0
pipeline {
  leaderID: ""
  members {
    uuid: "ca5dcef0-b5a3-4f45-b527-2d4684781b8d"
    ipAddress: "192.168.34.22"
    hostName: "pr-hdds-1909-sn94l-363750510"
    ports {
      name: "REST"
      value: 43516
    }
    ports {
      name: "RATIS"
      value: 45280
    }
    ports {
      name: "STANDALONE"
      value: 42360
    }
    networkName: "ca5dcef0-b5a3-4f45-b527-2d4684781b8d"
    networkLocation: "/default-rack"
  }
  state: PIPELINE_OPEN
  type: STAND_ALONE
  factor: ONE
  id {
    id: "2a0b29ae-ba4c-4ddb-9aab-cc7c8e91dbb9"
  }
}
]} | ret=SUCCESS |  
2019-08-23 02:05:03,278 | INFO  | SCMAudit | user=jenkins1000 | ip=192.168.34.22 | op=ALLOCATE_BLOCK {owner=3ddedc01-3817-40e9-9841-60bd7c64fa0e, size=4194304, type=STAND_ALONE, factor=ONE} | ret=SUCCESS |  
2019-08-23 02:05:03,279 | INFO  | OMAudit | user=jenkins1000 | ip=127.0.0.1 | op=ALLOCATE_KEY {volume=volume05539, bucket=bucket55533, key=JDbCp64, dataSize=4096, replicationType=STAND_ALONE, replicationFactor=ONE, keyLocationInfo=[blockID {
  containerBlockID {
    containerID: 2
    localID: 102663841597227536
  }
  blockCommitSequenceId: 0
}
offset: 0
length: 4194304
createVersion: 0
pipeline {
  leaderID: ""
  members {
    uuid: "ca5dcef0-b5a3-4f45-b527-2d4684781b8d"
    ipAddress: "192.168.34.22"
    hostName: "pr-hdds-1909-sn94l-363750510"
    ports {
      name: "REST"
      value: 43516
    }
    ports {
      name: "RATIS"
      value: 45280
    }
    ports {
      name: "STANDALONE"
      value: 42360
    }
    networkName: "ca5dcef0-b5a3-4f45-b527-2d4684781b8d"
    networkLocation: "/default-rack"
  }
  state: PIPELINE_OPEN
  type: STAND_ALONE
  factor: ONE
  id {
    id: "2a0b29ae-ba4c-4ddb-9aab-cc7c8e91dbb9"
  }
}
]} | ret=SUCCESS |  
2019-08-23 02:05:03,283 | INFO  | DNAudit | user=null | ip=null | op=WRITE_CHUNK {blockData=conID: 2 locID: 102663841597227536 bcsId: 0} | ret=SUCCESS |  
2019-08-23 02:05:03,285 | INFO  | DNAudit | user=null | ip=null | op=PUT_BLOCK {blockData=[blockId=conID: 2 locID: 102663841597227536 bcsId: 0,size=5]} | ret=SUCCESS |  
2019-08-23 02:05:03,287 | INFO  | OMAudit | user=jenkins1000 | ip=127.0.0.1 | op=COMMIT_KEY {volume=volume05539, bucket=bucket55533, key=JDbCp64, dataSize=5, replicationType=RATIS, replicationFactor=ONE, keyLocationInfo=[blockID {
  containerBlockID {
    containerID: 2
    localID: 102663841597227536
  }
  blockCommitSequenceId: 0
}
offset: 0
length: 5
createVersion: 0
pipeline {
  leaderID: ""
  members {
    uuid: "ca5dcef0-b5a3-4f45-b527-2d4684781b8d"
    ipAddress: "192.168.34.22"
    hostName: "pr-hdds-1909-sn94l-363750510"
    ports {
      name: "REST"
      value: 43516
    }
    ports {
      name: "RATIS"
      value: 45280
    }
    ports {
      name: "STANDALONE"
      value: 42360
    }
    networkName: "ca5dcef0-b5a3-4f45-b527-2d4684781b8d"
    networkLocation: "/default-rack"
  }
  state: PIPELINE_OPEN
  type: STAND_ALONE
  factor: ONE
  id {
    id: "2a0b29ae-ba4c-4ddb-9aab-cc7c8e91dbb9"
  }
}
]} | ret=SUCCESS |  
2019-08-23 02:05:03,288 | INFO  | SCMAudit | user=jenkins1000 | ip=192.168.34.22 | op=ALLOCATE_BLOCK {owner=3ddedc01-3817-40e9-9841-60bd7c64fa0e, size=4194304, type=STAND_ALONE, factor=ONE} | ret=SUCCESS |  
2019-08-23 02:05:03,290 | INFO  | OMAudit | user=jenkins1000 | ip=127.0.0.1 | op=ALLOCATE_KEY {volume=volume05539, bucket=bucket55533, key=UGxUd65, dataSize=4096, replicationType=STAND_ALONE, replicationFactor=ONE, keyLocationInfo=[blockID {
  containerBlockID {
    containerID: 3
    localID: 102663841597882898
  }
  blockCommitSequenceId: 0
}
offset: 0
length: 4194304
createVersion: 0
pipeline {
  leaderID: ""
  members {
    uuid: "ca5dcef0-b5a3-4f45-b527-2d4684781b8d"
    ipAddress: "192.168.34.22"
    hostName: "pr-hdds-1909-sn94l-363750510"
    ports {
      name: "REST"
      value: 43516
    }
    ports {
      name: "RATIS"
      value: 45280
    }
    ports {
      name: "STANDALONE"
      value: 42360
    }
    networkName: "ca5dcef0-b5a3-4f45-b527-2d4684781b8d"
    networkLocation: "/default-rack"
  }
  state: PIPELINE_OPEN
  type: STAND_ALONE
  factor: ONE
  id {
    id: "2a0b29ae-ba4c-4ddb-9aab-cc7c8e91dbb9"
  }
}
]} | ret=SUCCESS |  
2019-08-23 02:05:03,293 | INFO  | DNAudit | user=null | ip=null | op=WRITE_CHUNK {blockData=conID: 3 locID: 102663841597882898 bcsId: 0} | ret=SUCCESS |  
2019-08-23 02:05:03,296 | INFO  | DNAudit | user=null | ip=null | op=PUT_BLOCK {blockData=[blockId=conID: 3 locID: 102663841597882898 bcsId: 0,size=5]} | ret=SUCCESS |  
2019-08-23 02:05:03,298 | INFO  | OMAudit | user=jenkins1000 | ip=127.0.0.1 | op=COMMIT_KEY {volume=volume05539, bucket=bucket55533, key=UGxUd65, dataSize=5, replicationType=RATIS, replicationFactor=ONE, keyLocationInfo=[blockID {
  containerBlockID {
    containerID: 3
    localID: 102663841597882898
  }
  blockCommitSequenceId: 0
}
offset: 0
length: 5
createVersion: 0
pipeline {
  leaderID: ""
  members {
    uuid: "ca5dcef0-b5a3-4f45-b527-2d4684781b8d"
    ipAddress: "192.168.34.22"
    hostName: "pr-hdds-1909-sn94l-363750510"
    ports {
      name: "REST"
      value: 43516
    }
    ports {
      name: "RATIS"
      value: 45280
    }
    ports {
      name: "STANDALONE"
      value: 42360
    }
    networkName: "ca5dcef0-b5a3-4f45-b527-2d4684781b8d"
    networkLocation: "/default-rack"
  }
  state: PIPELINE_OPEN
  type: STAND_ALONE
  factor: ONE
  id {
    id: "2a0b29ae-ba4c-4ddb-9aab-cc7c8e91dbb9"
  }
}
]} | ret=SUCCESS |  
2019-08-23 02:05:03,300 | INFO  | SCMAudit | user=jenkins1000 | ip=192.168.34.22 | op=ALLOCATE_BLOCK {owner=3ddedc01-3817-40e9-9841-60bd7c64fa0e, size=4194304, type=STAND_ALONE, factor=ONE} | ret=SUCCESS |  
2019-08-23 02:05:03,300 | INFO  | OMAudit | user=jenkins1000 | ip=127.0.0.1 | op=ALLOCATE_KEY {volume=volume05539, bucket=bucket55533, key=Wzlrm66, dataSize=4096, replicationType=STAND_ALONE, replicationFactor=ONE, keyLocationInfo=[blockID {
  containerBlockID {
    containerID: 1
    localID: 102663841598669332
  }
  blockCommitSequenceId: 0
}
offset: 0
length: 4194304
createVersion: 0
pipeline {
  leaderID: ""
  members {
    uuid: "ca5dcef0-b5a3-4f45-b527-2d4684781b8d"
    ipAddress: "192.168.34.22"
    hostName: "pr-hdds-1909-sn94l-363750510"
    ports {
      name: "REST"
      value: 43516
    }
    ports {
      name: "RATIS"
      value: 45280
    }
    ports {
      name: "STANDALONE"
      value: 42360
    }
    networkName: "ca5dcef0-b5a3-4f45-b527-2d4684781b8d"
    networkLocation: "/default-rack"
  }
  state: PIPELINE_OPEN
  type: STAND_ALONE
  factor: ONE
  id {
    id: "2a0b29ae-ba4c-4ddb-9aab-cc7c8e91dbb9"
  }
}
]} | ret=SUCCESS |  
2019-08-23 02:05:03,304 | INFO  | DNAudit | user=null | ip=null | op=WRITE_CHUNK {blockData=conID: 1 locID: 102663841598669332 bcsId: 0} | ret=SUCCESS |  
2019-08-23 02:05:03,307 | INFO  | DNAudit | user=null | ip=null | op=PUT_BLOCK {blockData=[blockId=conID: 1 locID: 102663841598669332 bcsId: 0,size=5]} | ret=SUCCESS |  
2019-08-23 02:05:03,309 | INFO  | OMAudit | user=jenkins1000 | ip=127.0.0.1 | op=COMMIT_KEY {volume=volume05539, bucket=bucket55533, key=Wzlrm66, dataSize=5, replicationType=RATIS, replicationFactor=ONE, keyLocationInfo=[blockID {
  containerBlockID {
    containerID: 1
    localID: 102663841598669332
  }
  blockCommitSequenceId: 0
}
offset: 0
length: 5
createVersion: 0
pipeline {
  leaderID: ""
  members {
    uuid: "ca5dcef0-b5a3-4f45-b527-2d4684781b8d"
    ipAddress: "192.168.34.22"
    hostName: "pr-hdds-1909-sn94l-363750510"
    ports {
      name: "REST"
      value: 43516
    }
    ports {
      name: "RATIS"
      value: 45280
    }
    ports {
      name: "STANDALONE"
      value: 42360
    }
    networkName: "ca5dcef0-b5a3-4f45-b527-2d4684781b8d"
    networkLocation: "/default-rack"
  }
  state: PIPELINE_OPEN
  type: STAND_ALONE
  factor: ONE
  id {
    id: "2a0b29ae-ba4c-4ddb-9aab-cc7c8e91dbb9"
  }
}
]} | ret=SUCCESS |  
2019-08-23 02:05:03,311 | INFO  | SCMAudit | user=jenkins1000 | ip=192.168.34.22 | op=ALLOCATE_BLOCK {owner=3ddedc01-3817-40e9-9841-60bd7c64fa0e, size=4194304, type=STAND_ALONE, factor=ONE} | ret=SUCCESS |  
2019-08-23 02:05:03,312 | INFO  | OMAudit | user=jenkins1000 | ip=127.0.0.1 | op=ALLOCATE_KEY {volume=volume05539, bucket=bucket55533, key=SMkWi67, dataSize=4096, replicationType=STAND_ALONE, replicationFactor=ONE, keyLocationInfo=[blockID {
  containerBlockID {
    containerID: 2
    localID: 102663841599390230
  }
  blockCommitSequenceId: 0
}
offset: 0
length: 4194304
createVersion: 0
pipeline {
  leaderID: ""
  members {
    uuid: "ca5dcef0-b5a3-4f45-b527-2d4684781b8d"
    ipAddress: "192.168.34.22"
    hostName: "pr-hdds-1909-sn94l-363750510"
    ports {
      name: "REST"
      value: 43516
    }
    ports {
      name: "RATIS"
      value: 45280
    }
    ports {
      name: "STANDALONE"
      value: 42360
    }
    networkName: "ca5dcef0-b5a3-4f45-b527-2d4684781b8d"
    networkLocation: "/default-rack"
  }
  state: PIPELINE_OPEN
  type: STAND_ALONE
  factor: ONE
  id {
    id: "2a0b29ae-ba4c-4ddb-9aab-cc7c8e91dbb9"
  }
}
]} | ret=SUCCESS |  
2019-08-23 02:05:03,315 | INFO  | DNAudit | user=null | ip=null | op=WRITE_CHUNK {blockData=conID: 2 locID: 102663841599390230 bcsId: 0} | ret=SUCCESS |  
2019-08-23 02:05:03,317 | INFO  | DNAudit | user=null | ip=null | op=PUT_BLOCK {blockData=[blockId=conID: 2 locID: 102663841599390230 bcsId: 0,size=5]} | ret=SUCCESS |  
2019-08-23 02:05:03,319 | INFO  | OMAudit | user=jenkins1000 | ip=127.0.0.1 | op=COMMIT_KEY {volume=volume05539, bucket=bucket55533, key=SMkWi67, dataSize=5, replicationType=RATIS, replicationFactor=ONE, keyLocationInfo=[blockID {
  containerBlockID {
    containerID: 2
    localID: 102663841599390230
  }
  blockCommitSequenceId: 0
}
offset: 0
length: 5
createVersion: 0
pipeline {
  leaderID: ""
  members {
    uuid: "ca5dcef0-b5a3-4f45-b527-2d4684781b8d"
    ipAddress: "192.168.34.22"
    hostName: "pr-hdds-1909-sn94l-363750510"
    ports {
      name: "REST"
      value: 43516
    }
    ports {
      name: "RATIS"
      value: 45280
    }
    ports {
      name: "STANDALONE"
      value: 42360
    }
    networkName: "ca5dcef0-b5a3-4f45-b527-2d4684781b8d"
    networkLocation: "/default-rack"
  }
  state: PIPELINE_OPEN
  type: STAND_ALONE
  factor: ONE
  id {
    id: "2a0b29ae-ba4c-4ddb-9aab-cc7c8e91dbb9"
  }
}
]} | ret=SUCCESS |  
2019-08-23 02:05:03,321 | INFO  | SCMAudit | user=jenkins1000 | ip=192.168.34.22 | op=ALLOCATE_BLOCK {owner=3ddedc01-3817-40e9-9841-60bd7c64fa0e, size=4194304, type=STAND_ALONE, factor=ONE} | ret=SUCCESS |  
2019-08-23 02:05:03,322 | INFO  | OMAudit | user=jenkins1000 | ip=127.0.0.1 | op=ALLOCATE_KEY {volume=volume05539, bucket=bucket55533, key=BaESh68, dataSize=4096, replicationType=STAND_ALONE, replicationFactor=ONE, keyLocationInfo=[blockID {
  containerBlockID {
    containerID: 3
    localID: 102663841600045592
  }
  blockCommitSequenceId: 0
}
offset: 0
length: 4194304
createVersion: 0
pipeline {
  leaderID: ""
  members {
    uuid: "ca5dcef0-b5a3-4f45-b527-2d4684781b8d"
    ipAddress: "192.168.34.22"
    hostName: "pr-hdds-1909-sn94l-363750510"
    ports {
      name: "REST"
      value: 43516
    }
    ports {
      name: "RATIS"
      value: 45280
    }
    ports {
      name: "STANDALONE"
      value: 42360
    }
    networkName: "ca5dcef0-b5a3-4f45-b527-2d4684781b8d"
    networkLocation: "/default-rack"
  }
  state: PIPELINE_OPEN
  type: STAND_ALONE
  factor: ONE
  id {
    id: "2a0b29ae-ba4c-4ddb-9aab-cc7c8e91dbb9"
  }
}
]} | ret=SUCCESS |  
2019-08-23 02:05:03,325 | INFO  | DNAudit | user=null | ip=null | op=WRITE_CHUNK {blockData=conID: 3 locID: 102663841600045592 bcsId: 0} | ret=SUCCESS |  
2019-08-23 02:05:03,328 | INFO  | DNAudit | user=null | ip=null | op=PUT_BLOCK {blockData=[blockId=conID: 3 locID: 102663841600045592 bcsId: 0,size=5]} | ret=SUCCESS |  
2019-08-23 02:05:03,330 | INFO  | OMAudit | user=jenkins1000 | ip=127.0.0.1 | op=COMMIT_KEY {volume=volume05539, bucket=bucket55533, key=BaESh68, dataSize=5, replicationType=RATIS, replicationFactor=ONE, keyLocationInfo=[blockID {
  containerBlockID {
    containerID: 3
    localID: 102663841600045592
  }
  blockCommitSequenceId: 0
}
offset: 0
length: 5
createVersion: 0
pipeline {
  leaderID: ""
  members {
    uuid: "ca5dcef0-b5a3-4f45-b527-2d4684781b8d"
    ipAddress: "192.168.34.22"
    hostName: "pr-hdds-1909-sn94l-363750510"
    ports {
      name: "REST"
      value: 43516
    }
    ports {
      name: "RATIS"
      value: 45280
    }
    ports {
      name: "STANDALONE"
      value: 42360
    }
    networkName: "ca5dcef0-b5a3-4f45-b527-2d4684781b8d"
    networkLocation: "/default-rack"
  }
  state: PIPELINE_OPEN
  type: STAND_ALONE
  factor: ONE
  id {
    id: "2a0b29ae-ba4c-4ddb-9aab-cc7c8e91dbb9"
  }
}
]} | ret=SUCCESS |  
2019-08-23 02:05:03,331 | INFO  | SCMAudit | user=jenkins1000 | ip=192.168.34.22 | op=ALLOCATE_BLOCK {owner=3ddedc01-3817-40e9-9841-60bd7c64fa0e, size=4194304, type=STAND_ALONE, factor=ONE} | ret=SUCCESS |  
2019-08-23 02:05:03,332 | INFO  | OMAudit | user=jenkins1000 | ip=127.0.0.1 | op=ALLOCATE_KEY {volume=volume05539, bucket=bucket55533, key=EBtdx69, dataSize=4096, replicationType=STAND_ALONE, replicationFactor=ONE, keyLocationInfo=[blockID {
  containerBlockID {
    containerID: 1
    localID: 102663841600700954
  }
  blockCommitSequenceId: 0
}
offset: 0
length: 4194304
createVersion: 0
pipeline {
  leaderID: ""
  members {
    uuid: "ca5dcef0-b5a3-4f45-b527-2d4684781b8d"
    ipAddress: "192.168.34.22"
    hostName: "pr-hdds-1909-sn94l-363750510"
    ports {
      name: "REST"
      value: 43516
    }
    ports {
      name: "RATIS"
      value: 45280
    }
    ports {
      name: "STANDALONE"
      value: 42360
    }
    networkName: "ca5dcef0-b5a3-4f45-b527-2d4684781b8d"
    networkLocation: "/default-rack"
  }
  state: PIPELINE_OPEN
  type: STAND_ALONE
  factor: ONE
  id {
    id: "2a0b29ae-ba4c-4ddb-9aab-cc7c8e91dbb9"
  }
}
]} | ret=SUCCESS |  
2019-08-23 02:05:03,336 | INFO  | DNAudit | user=null | ip=null | op=WRITE_CHUNK {blockData=conID: 1 locID: 102663841600700954 bcsId: 0} | ret=SUCCESS |  
2019-08-23 02:05:03,339 | INFO  | DNAudit | user=null | ip=null | op=PUT_BLOCK {blockData=[blockId=conID: 1 locID: 102663841600700954 bcsId: 0,size=5]} | ret=SUCCESS |  
2019-08-23 02:05:03,344 | INFO  | OMAudit | user=jenkins1000 | ip=127.0.0.1 | op=COMMIT_KEY {volume=volume05539, bucket=bucket55533, key=EBtdx69, dataSize=5, replicationType=RATIS, replicationFactor=ONE, keyLocationInfo=[blockID {
  containerBlockID {
    containerID: 1
    localID: 102663841600700954
  }
  blockCommitSequenceId: 0
}
offset: 0
length: 5
createVersion: 0
pipeline {
  leaderID: ""
  members {
    uuid: "ca5dcef0-b5a3-4f45-b527-2d4684781b8d"
    ipAddress: "192.168.34.22"
    hostName: "pr-hdds-1909-sn94l-363750510"
    ports {
      name: "REST"
      value: 43516
    }
    ports {
      name: "RATIS"
      value: 45280
    }
    ports {
      name: "STANDALONE"
      value: 42360
    }
    networkName: "ca5dcef0-b5a3-4f45-b527-2d4684781b8d"
    networkLocation: "/default-rack"
  }
  state: PIPELINE_OPEN
  type: STAND_ALONE
  factor: ONE
  id {
    id: "2a0b29ae-ba4c-4ddb-9aab-cc7c8e91dbb9"
  }
}
]} | ret=SUCCESS |  
2019-08-23 02:05:03,346 | INFO  | SCMAudit | user=jenkins1000 | ip=192.168.34.22 | op=ALLOCATE_BLOCK {owner=3ddedc01-3817-40e9-9841-60bd7c64fa0e, size=4194304, type=STAND_ALONE, factor=ONE} | ret=SUCCESS |  
2019-08-23 02:05:03,347 | INFO  | OMAudit | user=jenkins1000 | ip=127.0.0.1 | op=ALLOCATE_KEY {volume=volume05539, bucket=bucket55533, key=SOoFT70, dataSize=4096, replicationType=STAND_ALONE, replicationFactor=ONE, keyLocationInfo=[blockID {
  containerBlockID {
    containerID: 2
    localID: 102663841601683996
  }
  blockCommitSequenceId: 0
}
offset: 0
length: 4194304
createVersion: 0
pipeline {
  leaderID: ""
  members {
    uuid: "ca5dcef0-b5a3-4f45-b527-2d4684781b8d"
    ipAddress: "192.168.34.22"
    hostName: "pr-hdds-1909-sn94l-363750510"
    ports {
      name: "REST"
      value: 43516
    }
    ports {
      name: "RATIS"
      value: 45280
    }
    ports {
      name: "STANDALONE"
      value: 42360
    }
    networkName: "ca5dcef0-b5a3-4f45-b527-2d4684781b8d"
    networkLocation: "/default-rack"
  }
  state: PIPELINE_OPEN
  type: STAND_ALONE
  factor: ONE
  id {
    id: "2a0b29ae-ba4c-4ddb-9aab-cc7c8e91dbb9"
  }
}
]} | ret=SUCCESS |  
2019-08-23 02:05:03,350 | INFO  | DNAudit | user=null | ip=null | op=WRITE_CHUNK {blockData=conID: 2 locID: 102663841601683996 bcsId: 0} | ret=SUCCESS |  
2019-08-23 02:05:03,353 | INFO  | DNAudit | user=null | ip=null | op=PUT_BLOCK {blockData=[blockId=conID: 2 locID: 102663841601683996 bcsId: 0,size=5]} | ret=SUCCESS |  
2019-08-23 02:05:03,355 | INFO  | OMAudit | user=jenkins1000 | ip=127.0.0.1 | op=COMMIT_KEY {volume=volume05539, bucket=bucket55533, key=SOoFT70, dataSize=5, replicationType=RATIS, replicationFactor=ONE, keyLocationInfo=[blockID {
  containerBlockID {
    containerID: 2
    localID: 102663841601683996
  }
  blockCommitSequenceId: 0
}
offset: 0
length: 5
createVersion: 0
pipeline {
  leaderID: ""
  members {
    uuid: "ca5dcef0-b5a3-4f45-b527-2d4684781b8d"
    ipAddress: "192.168.34.22"
    hostName: "pr-hdds-1909-sn94l-363750510"
    ports {
      name: "REST"
      value: 43516
    }
    ports {
      name: "RATIS"
      value: 45280
    }
    ports {
      name: "STANDALONE"
      value: 42360
    }
    networkName: "ca5dcef0-b5a3-4f45-b527-2d4684781b8d"
    networkLocation: "/default-rack"
  }
  state: PIPELINE_OPEN
  type: STAND_ALONE
  factor: ONE
  id {
    id: "2a0b29ae-ba4c-4ddb-9aab-cc7c8e91dbb9"
  }
}
]} | ret=SUCCESS |  
2019-08-23 02:05:03,356 | INFO  | SCMAudit | user=jenkins1000 | ip=192.168.34.22 | op=ALLOCATE_BLOCK {owner=3ddedc01-3817-40e9-9841-60bd7c64fa0e, size=4194304, type=STAND_ALONE, factor=ONE} | ret=SUCCESS |  
2019-08-23 02:05:03,357 | INFO  | OMAudit | user=jenkins1000 | ip=127.0.0.1 | op=ALLOCATE_KEY {volume=volume05539, bucket=bucket55533, key=iwkCL71, dataSize=4096, replicationType=STAND_ALONE, replicationFactor=ONE, keyLocationInfo=[blockID {
  containerBlockID {
    containerID: 3
    localID: 102663841602339358
  }
  blockCommitSequenceId: 0
}
offset: 0
length: 4194304
createVersion: 0
pipeline {
  leaderID: ""
  members {
    uuid: "ca5dcef0-b5a3-4f45-b527-2d4684781b8d"
    ipAddress: "192.168.34.22"
    hostName: "pr-hdds-1909-sn94l-363750510"
    ports {
      name: "REST"
      value: 43516
    }
    ports {
      name: "RATIS"
      value: 45280
    }
    ports {
      name: "STANDALONE"
      value: 42360
    }
    networkName: "ca5dcef0-b5a3-4f45-b527-2d4684781b8d"
    networkLocation: "/default-rack"
  }
  state: PIPELINE_OPEN
  type: STAND_ALONE
  factor: ONE
  id {
    id: "2a0b29ae-ba4c-4ddb-9aab-cc7c8e91dbb9"
  }
}
]} | ret=SUCCESS |  
2019-08-23 02:05:03,361 | INFO  | DNAudit | user=null | ip=null | op=WRITE_CHUNK {blockData=conID: 3 locID: 102663841602339358 bcsId: 0} | ret=SUCCESS |  
2019-08-23 02:05:03,363 | INFO  | DNAudit | user=null | ip=null | op=PUT_BLOCK {blockData=[blockId=conID: 3 locID: 102663841602339358 bcsId: 0,size=5]} | ret=SUCCESS |  
2019-08-23 02:05:03,365 | INFO  | OMAudit | user=jenkins1000 | ip=127.0.0.1 | op=COMMIT_KEY {volume=volume05539, bucket=bucket55533, key=iwkCL71, dataSize=5, replicationType=RATIS, replicationFactor=ONE, keyLocationInfo=[blockID {
  containerBlockID {
    containerID: 3
    localID: 102663841602339358
  }
  blockCommitSequenceId: 0
}
offset: 0
length: 5
createVersion: 0
pipeline {
  leaderID: ""
  members {
    uuid: "ca5dcef0-b5a3-4f45-b527-2d4684781b8d"
    ipAddress: "192.168.34.22"
    hostName: "pr-hdds-1909-sn94l-363750510"
    ports {
      name: "REST"
      value: 43516
    }
    ports {
      name: "RATIS"
      value: 45280
    }
    ports {
      name: "STANDALONE"
      value: 42360
    }
    networkName: "ca5dcef0-b5a3-4f45-b527-2d4684781b8d"
    networkLocation: "/default-rack"
  }
  state: PIPELINE_OPEN
  type: STAND_ALONE
  factor: ONE
  id {
    id: "2a0b29ae-ba4c-4ddb-9aab-cc7c8e91dbb9"
  }
}
]} | ret=SUCCESS |  
2019-08-23 02:05:03,366 | INFO  | SCMAudit | user=jenkins1000 | ip=192.168.34.22 | op=ALLOCATE_BLOCK {owner=3ddedc01-3817-40e9-9841-60bd7c64fa0e, size=4194304, type=STAND_ALONE, factor=ONE} | ret=SUCCESS |  
2019-08-23 02:05:03,367 | INFO  | OMAudit | user=jenkins1000 | ip=127.0.0.1 | op=ALLOCATE_KEY {volume=volume05539, bucket=bucket55533, key=NKshD72, dataSize=4096, replicationType=STAND_ALONE, replicationFactor=ONE, keyLocationInfo=[blockID {
  containerBlockID {
    containerID: 1
    localID: 102663841602994720
  }
  blockCommitSequenceId: 0
}
offset: 0
length: 4194304
createVersion: 0
pipeline {
  leaderID: ""
  members {
    uuid: "ca5dcef0-b5a3-4f45-b527-2d4684781b8d"
    ipAddress: "192.168.34.22"
    hostName: "pr-hdds-1909-sn94l-363750510"
    ports {
      name: "REST"
      value: 43516
    }
    ports {
      name: "RATIS"
      value: 45280
    }
    ports {
      name: "STANDALONE"
      value: 42360
    }
    networkName: "ca5dcef0-b5a3-4f45-b527-2d4684781b8d"
    networkLocation: "/default-rack"
  }
  state: PIPELINE_OPEN
  type: STAND_ALONE
  factor: ONE
  id {
    id: "2a0b29ae-ba4c-4ddb-9aab-cc7c8e91dbb9"
  }
}
]} | ret=SUCCESS |  
2019-08-23 02:05:03,371 | INFO  | DNAudit | user=null | ip=null | op=WRITE_CHUNK {blockData=conID: 1 locID: 102663841602994720 bcsId: 0} | ret=SUCCESS |  
2019-08-23 02:05:03,373 | INFO  | DNAudit | user=null | ip=null | op=PUT_BLOCK {blockData=[blockId=conID: 1 locID: 102663841602994720 bcsId: 0,size=5]} | ret=SUCCESS |  
2019-08-23 02:05:03,375 | INFO  | OMAudit | user=jenkins1000 | ip=127.0.0.1 | op=COMMIT_KEY {volume=volume05539, bucket=bucket55533, key=NKshD72, dataSize=5, replicationType=RATIS, replicationFactor=ONE, keyLocationInfo=[blockID {
  containerBlockID {
    containerID: 1
    localID: 102663841602994720
  }
  blockCommitSequenceId: 0
}
offset: 0
length: 5
createVersion: 0
pipeline {
  leaderID: ""
  members {
    uuid: "ca5dcef0-b5a3-4f45-b527-2d4684781b8d"
    ipAddress: "192.168.34.22"
    hostName: "pr-hdds-1909-sn94l-363750510"
    ports {
      name: "REST"
      value: 43516
    }
    ports {
      name: "RATIS"
      value: 45280
    }
    ports {
      name: "STANDALONE"
      value: 42360
    }
    networkName: "ca5dcef0-b5a3-4f45-b527-2d4684781b8d"
    networkLocation: "/default-rack"
  }
  state: PIPELINE_OPEN
  type: STAND_ALONE
  factor: ONE
  id {
    id: "2a0b29ae-ba4c-4ddb-9aab-cc7c8e91dbb9"
  }
}
]} | ret=SUCCESS |  
2019-08-23 02:05:03,376 | INFO  | SCMAudit | user=jenkins1000 | ip=192.168.34.22 | op=ALLOCATE_BLOCK {owner=3ddedc01-3817-40e9-9841-60bd7c64fa0e, size=4194304, type=STAND_ALONE, factor=ONE} | ret=SUCCESS |  
2019-08-23 02:05:03,377 | INFO  | OMAudit | user=jenkins1000 | ip=127.0.0.1 | op=ALLOCATE_KEY {volume=volume05539, bucket=bucket55533, key=YcJmf73, dataSize=4096, replicationType=STAND_ALONE, replicationFactor=ONE, keyLocationInfo=[blockID {
  containerBlockID {
    containerID: 2
    localID: 102663841603650082
  }
  blockCommitSequenceId: 0
}
offset: 0
length: 4194304
createVersion: 0
pipeline {
  leaderID: ""
  members {
    uuid: "ca5dcef0-b5a3-4f45-b527-2d4684781b8d"
    ipAddress: "192.168.34.22"
    hostName: "pr-hdds-1909-sn94l-363750510"
    ports {
      name: "REST"
      value: 43516
    }
    ports {
      name: "RATIS"
      value: 45280
    }
    ports {
      name: "STANDALONE"
      value: 42360
    }
    networkName: "ca5dcef0-b5a3-4f45-b527-2d4684781b8d"
    networkLocation: "/default-rack"
  }
  state: PIPELINE_OPEN
  type: STAND_ALONE
  factor: ONE
  id {
    id: "2a0b29ae-ba4c-4ddb-9aab-cc7c8e91dbb9"
  }
}
]} | ret=SUCCESS |  
2019-08-23 02:05:03,381 | INFO  | DNAudit | user=null | ip=null | op=WRITE_CHUNK {blockData=conID: 2 locID: 102663841603650082 bcsId: 0} | ret=SUCCESS |  
2019-08-23 02:05:03,385 | INFO  | DNAudit | user=null | ip=null | op=PUT_BLOCK {blockData=[blockId=conID: 2 locID: 102663841603650082 bcsId: 0,size=5]} | ret=SUCCESS |  
2019-08-23 02:05:03,387 | INFO  | OMAudit | user=jenkins1000 | ip=127.0.0.1 | op=COMMIT_KEY {volume=volume05539, bucket=bucket55533, key=YcJmf73, dataSize=5, replicationType=RATIS, replicationFactor=ONE, keyLocationInfo=[blockID {
  containerBlockID {
    containerID: 2
    localID: 102663841603650082
  }
  blockCommitSequenceId: 0
}
offset: 0
length: 5
createVersion: 0
pipeline {
  leaderID: ""
  members {
    uuid: "ca5dcef0-b5a3-4f45-b527-2d4684781b8d"
    ipAddress: "192.168.34.22"
    hostName: "pr-hdds-1909-sn94l-363750510"
    ports {
      name: "REST"
      value: 43516
    }
    ports {
      name: "RATIS"
      value: 45280
    }
    ports {
      name: "STANDALONE"
      value: 42360
    }
    networkName: "ca5dcef0-b5a3-4f45-b527-2d4684781b8d"
    networkLocation: "/default-rack"
  }
  state: PIPELINE_OPEN
  type: STAND_ALONE
  factor: ONE
  id {
    id: "2a0b29ae-ba4c-4ddb-9aab-cc7c8e91dbb9"
  }
}
]} | ret=SUCCESS |  
2019-08-23 02:05:03,389 | INFO  | SCMAudit | user=jenkins1000 | ip=192.168.34.22 | op=ALLOCATE_BLOCK {owner=3ddedc01-3817-40e9-9841-60bd7c64fa0e, size=4194304, type=STAND_ALONE, factor=ONE} | ret=SUCCESS |  
2019-08-23 02:05:03,390 | INFO  | OMAudit | user=jenkins1000 | ip=127.0.0.1 | op=ALLOCATE_KEY {volume=volume05539, bucket=bucket55533, key=Tdfdb74, dataSize=4096, replicationType=STAND_ALONE, replicationFactor=ONE, keyLocationInfo=[blockID {
  containerBlockID {
    containerID: 3
    localID: 102663841604502052
  }
  blockCommitSequenceId: 0
}
offset: 0
length: 4194304
createVersion: 0
pipeline {
  leaderID: ""
  members {
    uuid: "ca5dcef0-b5a3-4f45-b527-2d4684781b8d"
    ipAddress: "192.168.34.22"
    hostName: "pr-hdds-1909-sn94l-363750510"
    ports {
      name: "REST"
      value: 43516
    }
    ports {
      name: "RATIS"
      value: 45280
    }
    ports {
      name: "STANDALONE"
      value: 42360
    }
    networkName: "ca5dcef0-b5a3-4f45-b527-2d4684781b8d"
    networkLocation: "/default-rack"
  }
  state: PIPELINE_OPEN
  type: STAND_ALONE
  factor: ONE
  id {
    id: "2a0b29ae-ba4c-4ddb-9aab-cc7c8e91dbb9"
  }
}
]} | ret=SUCCESS |  
2019-08-23 02:05:03,393 | INFO  | DNAudit | user=null | ip=null | op=WRITE_CHUNK {blockData=conID: 3 locID: 102663841604502052 bcsId: 0} | ret=SUCCESS |  
2019-08-23 02:05:03,395 | INFO  | DNAudit | user=null | ip=null | op=PUT_BLOCK {blockData=[blockId=conID: 3 locID: 102663841604502052 bcsId: 0,size=5]} | ret=SUCCESS |  
2019-08-23 02:05:03,398 | INFO  | OMAudit | user=jenkins1000 | ip=127.0.0.1 | op=COMMIT_KEY {volume=volume05539, bucket=bucket55533, key=Tdfdb74, dataSize=5, replicationType=RATIS, replicationFactor=ONE, keyLocationInfo=[blockID {
  containerBlockID {
    containerID: 3
    localID: 102663841604502052
  }
  blockCommitSequenceId: 0
}
offset: 0
length: 5
createVersion: 0
pipeline {
  leaderID: ""
  members {
    uuid: "ca5dcef0-b5a3-4f45-b527-2d4684781b8d"
    ipAddress: "192.168.34.22"
    hostName: "pr-hdds-1909-sn94l-363750510"
    ports {
      name: "REST"
      value: 43516
    }
    ports {
      name: "RATIS"
      value: 45280
    }
    ports {
      name: "STANDALONE"
      value: 42360
    }
    networkName: "ca5dcef0-b5a3-4f45-b527-2d4684781b8d"
    networkLocation: "/default-rack"
  }
  state: PIPELINE_OPEN
  type: STAND_ALONE
  factor: ONE
  id {
    id: "2a0b29ae-ba4c-4ddb-9aab-cc7c8e91dbb9"
  }
}
]} | ret=SUCCESS |  
2019-08-23 02:05:03,399 | INFO  | SCMAudit | user=jenkins1000 | ip=192.168.34.22 | op=ALLOCATE_BLOCK {owner=3ddedc01-3817-40e9-9841-60bd7c64fa0e, size=4194304, type=STAND_ALONE, factor=ONE} | ret=SUCCESS |  
2019-08-23 02:05:03,400 | INFO  | OMAudit | user=jenkins1000 | ip=127.0.0.1 | op=ALLOCATE_KEY {volume=volume05539, bucket=bucket55533, key=hUJqc75, dataSize=4096, replicationType=STAND_ALONE, replicationFactor=ONE, keyLocationInfo=[blockID {
  containerBlockID {
    containerID: 1
    localID: 102663841605157414
  }
  blockCommitSequenceId: 0
}
offset: 0
length: 4194304
createVersion: 0
pipeline {
  leaderID: ""
  members {
    uuid: "ca5dcef0-b5a3-4f45-b527-2d4684781b8d"
    ipAddress: "192.168.34.22"
    hostName: "pr-hdds-1909-sn94l-363750510"
    ports {
      name: "REST"
      value: 43516
    }
    ports {
      name: "RATIS"
      value: 45280
    }
    ports {
      name: "STANDALONE"
      value: 42360
    }
    networkName: "ca5dcef0-b5a3-4f45-b527-2d4684781b8d"
    networkLocation: "/default-rack"
  }
  state: PIPELINE_OPEN
  type: STAND_ALONE
  factor: ONE
  id {
    id: "2a0b29ae-ba4c-4ddb-9aab-cc7c8e91dbb9"
  }
}
]} | ret=SUCCESS |  
2019-08-23 02:05:03,405 | INFO  | DNAudit | user=null | ip=null | op=WRITE_CHUNK {blockData=conID: 1 locID: 102663841605157414 bcsId: 0} | ret=SUCCESS |  
2019-08-23 02:05:03,407 | INFO  | DNAudit | user=null | ip=null | op=PUT_BLOCK {blockData=[blockId=conID: 1 locID: 102663841605157414 bcsId: 0,size=5]} | ret=SUCCESS |  
2019-08-23 02:05:03,409 | INFO  | OMAudit | user=jenkins1000 | ip=127.0.0.1 | op=COMMIT_KEY {volume=volume05539, bucket=bucket55533, key=hUJqc75, dataSize=5, replicationType=RATIS, replicationFactor=ONE, keyLocationInfo=[blockID {
  containerBlockID {
    containerID: 1
    localID: 102663841605157414
  }
  blockCommitSequenceId: 0
}
offset: 0
length: 5
createVersion: 0
pipeline {
  leaderID: ""
  members {
    uuid: "ca5dcef0-b5a3-4f45-b527-2d4684781b8d"
    ipAddress: "192.168.34.22"
    hostName: "pr-hdds-1909-sn94l-363750510"
    ports {
      name: "REST"
      value: 43516
    }
    ports {
      name: "RATIS"
      value: 45280
    }
    ports {
      name: "STANDALONE"
      value: 42360
    }
    networkName: "ca5dcef0-b5a3-4f45-b527-2d4684781b8d"
    networkLocation: "/default-rack"
  }
  state: PIPELINE_OPEN
  type: STAND_ALONE
  factor: ONE
  id {
    id: "2a0b29ae-ba4c-4ddb-9aab-cc7c8e91dbb9"
  }
}
]} | ret=SUCCESS |  
2019-08-23 02:05:03,411 | INFO  | SCMAudit | user=jenkins1000 | ip=192.168.34.22 | op=ALLOCATE_BLOCK {owner=3ddedc01-3817-40e9-9841-60bd7c64fa0e, size=4194304, type=STAND_ALONE, factor=ONE} | ret=SUCCESS |  
2019-08-23 02:05:03,412 | INFO  | OMAudit | user=jenkins1000 | ip=127.0.0.1 | op=ALLOCATE_KEY {volume=volume05539, bucket=bucket55533, key=qnRlD76, dataSize=4096, replicationType=STAND_ALONE, replicationFactor=ONE, keyLocationInfo=[blockID {
  containerBlockID {
    containerID: 2
    localID: 102663841605943848
  }
  blockCommitSequenceId: 0
}
offset: 0
length: 4194304
createVersion: 0
pipeline {
  leaderID: ""
  members {
    uuid: "ca5dcef0-b5a3-4f45-b527-2d4684781b8d"
    ipAddress: "192.168.34.22"
    hostName: "pr-hdds-1909-sn94l-363750510"
    ports {
      name: "REST"
      value: 43516
    }
    ports {
      name: "RATIS"
      value: 45280
    }
    ports {
      name: "STANDALONE"
      value: 42360
    }
    networkName: "ca5dcef0-b5a3-4f45-b527-2d4684781b8d"
    networkLocation: "/default-rack"
  }
  state: PIPELINE_OPEN
  type: STAND_ALONE
  factor: ONE
  id {
    id: "2a0b29ae-ba4c-4ddb-9aab-cc7c8e91dbb9"
  }
}
]} | ret=SUCCESS |  
2019-08-23 02:05:03,416 | INFO  | DNAudit | user=null | ip=null | op=WRITE_CHUNK {blockData=conID: 2 locID: 102663841605943848 bcsId: 0} | ret=SUCCESS |  
2019-08-23 02:05:03,418 | INFO  | DNAudit | user=null | ip=null | op=PUT_BLOCK {blockData=[blockId=conID: 2 locID: 102663841605943848 bcsId: 0,size=5]} | ret=SUCCESS |  
2019-08-23 02:05:03,420 | INFO  | OMAudit | user=jenkins1000 | ip=127.0.0.1 | op=COMMIT_KEY {volume=volume05539, bucket=bucket55533, key=qnRlD76, dataSize=5, replicationType=RATIS, replicationFactor=ONE, keyLocationInfo=[blockID {
  containerBlockID {
    containerID: 2
    localID: 102663841605943848
  }
  blockCommitSequenceId: 0
}
offset: 0
length: 5
createVersion: 0
pipeline {
  leaderID: ""
  members {
    uuid: "ca5dcef0-b5a3-4f45-b527-2d4684781b8d"
    ipAddress: "192.168.34.22"
    hostName: "pr-hdds-1909-sn94l-363750510"
    ports {
      name: "REST"
      value: 43516
    }
    ports {
      name: "RATIS"
      value: 45280
    }
    ports {
      name: "STANDALONE"
      value: 42360
    }
    networkName: "ca5dcef0-b5a3-4f45-b527-2d4684781b8d"
    networkLocation: "/default-rack"
  }
  state: PIPELINE_OPEN
  type: STAND_ALONE
  factor: ONE
  id {
    id: "2a0b29ae-ba4c-4ddb-9aab-cc7c8e91dbb9"
  }
}
]} | ret=SUCCESS |  
2019-08-23 02:05:03,422 | INFO  | SCMAudit | user=jenkins1000 | ip=192.168.34.22 | op=ALLOCATE_BLOCK {owner=3ddedc01-3817-40e9-9841-60bd7c64fa0e, size=4194304, type=STAND_ALONE, factor=ONE} | ret=SUCCESS |  
2019-08-23 02:05:03,423 | INFO  | OMAudit | user=jenkins1000 | ip=127.0.0.1 | op=ALLOCATE_KEY {volume=volume05539, bucket=bucket55533, key=Oirgn77, dataSize=4096, replicationType=STAND_ALONE, replicationFactor=ONE, keyLocationInfo=[blockID {
  containerBlockID {
    containerID: 3
    localID: 102663841606664746
  }
  blockCommitSequenceId: 0
}
offset: 0
length: 4194304
createVersion: 0
pipeline {
  leaderID: ""
  members {
    uuid: "ca5dcef0-b5a3-4f45-b527-2d4684781b8d"
    ipAddress: "192.168.34.22"
    hostName: "pr-hdds-1909-sn94l-363750510"
    ports {
      name: "REST"
      value: 43516
    }
    ports {
      name: "RATIS"
      value: 45280
    }
    ports {
      name: "STANDALONE"
      value: 42360
    }
    networkName: "ca5dcef0-b5a3-4f45-b527-2d4684781b8d"
    networkLocation: "/default-rack"
  }
  state: PIPELINE_OPEN
  type: STAND_ALONE
  factor: ONE
  id {
    id: "2a0b29ae-ba4c-4ddb-9aab-cc7c8e91dbb9"
  }
}
]} | ret=SUCCESS |  
2019-08-23 02:05:03,426 | INFO  | DNAudit | user=null | ip=null | op=WRITE_CHUNK {blockData=conID: 3 locID: 102663841606664746 bcsId: 0} | ret=SUCCESS |  
2019-08-23 02:05:03,429 | INFO  | DNAudit | user=null | ip=null | op=PUT_BLOCK {blockData=[blockId=conID: 3 locID: 102663841606664746 bcsId: 0,size=5]} | ret=SUCCESS |  
2019-08-23 02:05:03,434 | INFO  | OMAudit | user=jenkins1000 | ip=127.0.0.1 | op=COMMIT_KEY {volume=volume05539, bucket=bucket55533, key=Oirgn77, dataSize=5, replicationType=RATIS, replicationFactor=ONE, keyLocationInfo=[blockID {
  containerBlockID {
    containerID: 3
    localID: 102663841606664746
  }
  blockCommitSequenceId: 0
}
offset: 0
length: 5
createVersion: 0
pipeline {
  leaderID: ""
  members {
    uuid: "ca5dcef0-b5a3-4f45-b527-2d4684781b8d"
    ipAddress: "192.168.34.22"
    hostName: "pr-hdds-1909-sn94l-363750510"
    ports {
      name: "REST"
      value: 43516
    }
    ports {
      name: "RATIS"
      value: 45280
    }
    ports {
      name: "STANDALONE"
      value: 42360
    }
    networkName: "ca5dcef0-b5a3-4f45-b527-2d4684781b8d"
    networkLocation: "/default-rack"
  }
  state: PIPELINE_OPEN
  type: STAND_ALONE
  factor: ONE
  id {
    id: "2a0b29ae-ba4c-4ddb-9aab-cc7c8e91dbb9"
  }
}
]} | ret=SUCCESS |  
2019-08-23 02:05:03,435 | INFO  | SCMAudit | user=jenkins1000 | ip=192.168.34.22 | op=ALLOCATE_BLOCK {owner=3ddedc01-3817-40e9-9841-60bd7c64fa0e, size=4194304, type=STAND_ALONE, factor=ONE} | ret=SUCCESS |  
2019-08-23 02:05:03,437 | INFO  | OMAudit | user=jenkins1000 | ip=127.0.0.1 | op=ALLOCATE_KEY {volume=volume05539, bucket=bucket55533, key=haCHx78, dataSize=4096, replicationType=STAND_ALONE, replicationFactor=ONE, keyLocationInfo=[blockID {
  containerBlockID {
    containerID: 1
    localID: 102663841607516716
  }
  blockCommitSequenceId: 0
}
offset: 0
length: 4194304
createVersion: 0
pipeline {
  leaderID: ""
  members {
    uuid: "ca5dcef0-b5a3-4f45-b527-2d4684781b8d"
    ipAddress: "192.168.34.22"
    hostName: "pr-hdds-1909-sn94l-363750510"
    ports {
      name: "REST"
      value: 43516
    }
    ports {
      name: "RATIS"
      value: 45280
    }
    ports {
      name: "STANDALONE"
      value: 42360
    }
    networkName: "ca5dcef0-b5a3-4f45-b527-2d4684781b8d"
    networkLocation: "/default-rack"
  }
  state: PIPELINE_OPEN
  type: STAND_ALONE
  factor: ONE
  id {
    id: "2a0b29ae-ba4c-4ddb-9aab-cc7c8e91dbb9"
  }
}
]} | ret=SUCCESS |  
2019-08-23 02:05:03,440 | INFO  | DNAudit | user=null | ip=null | op=WRITE_CHUNK {blockData=conID: 1 locID: 102663841607516716 bcsId: 0} | ret=SUCCESS |  
2019-08-23 02:05:03,442 | INFO  | DNAudit | user=null | ip=null | op=PUT_BLOCK {blockData=[blockId=conID: 1 locID: 102663841607516716 bcsId: 0,size=5]} | ret=SUCCESS |  
2019-08-23 02:05:03,445 | INFO  | OMAudit | user=jenkins1000 | ip=127.0.0.1 | op=COMMIT_KEY {volume=volume05539, bucket=bucket55533, key=haCHx78, dataSize=5, replicationType=RATIS, replicationFactor=ONE, keyLocationInfo=[blockID {
  containerBlockID {
    containerID: 1
    localID: 102663841607516716
  }
  blockCommitSequenceId: 0
}
offset: 0
length: 5
createVersion: 0
pipeline {
  leaderID: ""
  members {
    uuid: "ca5dcef0-b5a3-4f45-b527-2d4684781b8d"
    ipAddress: "192.168.34.22"
    hostName: "pr-hdds-1909-sn94l-363750510"
    ports {
      name: "REST"
      value: 43516
    }
    ports {
      name: "RATIS"
      value: 45280
    }
    ports {
      name: "STANDALONE"
      value: 42360
    }
    networkName: "ca5dcef0-b5a3-4f45-b527-2d4684781b8d"
    networkLocation: "/default-rack"
  }
  state: PIPELINE_OPEN
  type: STAND_ALONE
  factor: ONE
  id {
    id: "2a0b29ae-ba4c-4ddb-9aab-cc7c8e91dbb9"
  }
}
]} | ret=SUCCESS |  
2019-08-23 02:05:03,446 | INFO  | SCMAudit | user=jenkins1000 | ip=192.168.34.22 | op=ALLOCATE_BLOCK {owner=3ddedc01-3817-40e9-9841-60bd7c64fa0e, size=4194304, type=STAND_ALONE, factor=ONE} | ret=SUCCESS |  
2019-08-23 02:05:03,447 | INFO  | OMAudit | user=jenkins1000 | ip=127.0.0.1 | op=ALLOCATE_KEY {volume=volume05539, bucket=bucket55533, key=wVROw79, dataSize=4096, replicationType=STAND_ALONE, replicationFactor=ONE, keyLocationInfo=[blockID {
  containerBlockID {
    containerID: 2
    localID: 102663841608237614
  }
  blockCommitSequenceId: 0
}
offset: 0
length: 4194304
createVersion: 0
pipeline {
  leaderID: ""
  members {
    uuid: "ca5dcef0-b5a3-4f45-b527-2d4684781b8d"
    ipAddress: "192.168.34.22"
    hostName: "pr-hdds-1909-sn94l-363750510"
    ports {
      name: "REST"
      value: 43516
    }
    ports {
      name: "RATIS"
      value: 45280
    }
    ports {
      name: "STANDALONE"
      value: 42360
    }
    networkName: "ca5dcef0-b5a3-4f45-b527-2d4684781b8d"
    networkLocation: "/default-rack"
  }
  state: PIPELINE_OPEN
  type: STAND_ALONE
  factor: ONE
  id {
    id: "2a0b29ae-ba4c-4ddb-9aab-cc7c8e91dbb9"
  }
}
]} | ret=SUCCESS |  
2019-08-23 02:05:03,450 | INFO  | DNAudit | user=null | ip=null | op=WRITE_CHUNK {blockData=conID: 2 locID: 102663841608237614 bcsId: 0} | ret=SUCCESS |  
2019-08-23 02:05:03,453 | INFO  | DNAudit | user=null | ip=null | op=PUT_BLOCK {blockData=[blockId=conID: 2 locID: 102663841608237614 bcsId: 0,size=5]} | ret=SUCCESS |  
2019-08-23 02:05:03,455 | INFO  | OMAudit | user=jenkins1000 | ip=127.0.0.1 | op=COMMIT_KEY {volume=volume05539, bucket=bucket55533, key=wVROw79, dataSize=5, replicationType=RATIS, replicationFactor=ONE, keyLocationInfo=[blockID {
  containerBlockID {
    containerID: 2
    localID: 102663841608237614
  }
  blockCommitSequenceId: 0
}
offset: 0
length: 5
createVersion: 0
pipeline {
  leaderID: ""
  members {
    uuid: "ca5dcef0-b5a3-4f45-b527-2d4684781b8d"
    ipAddress: "192.168.34.22"
    hostName: "pr-hdds-1909-sn94l-363750510"
    ports {
      name: "REST"
      value: 43516
    }
    ports {
      name: "RATIS"
      value: 45280
    }
    ports {
      name: "STANDALONE"
      value: 42360
    }
    networkName: "ca5dcef0-b5a3-4f45-b527-2d4684781b8d"
    networkLocation: "/default-rack"
  }
  state: PIPELINE_OPEN
  type: STAND_ALONE
  factor: ONE
  id {
    id: "2a0b29ae-ba4c-4ddb-9aab-cc7c8e91dbb9"
  }
}
]} | ret=SUCCESS |  
2019-08-23 02:05:03,456 | INFO  | SCMAudit | user=jenkins1000 | ip=192.168.34.22 | op=ALLOCATE_BLOCK {owner=3ddedc01-3817-40e9-9841-60bd7c64fa0e, size=4194304, type=STAND_ALONE, factor=ONE} | ret=SUCCESS |  
2019-08-23 02:05:03,457 | INFO  | OMAudit | user=jenkins1000 | ip=127.0.0.1 | op=ALLOCATE_KEY {volume=volume05539, bucket=bucket55533, key=ysdgW80, dataSize=4096, replicationType=STAND_ALONE, replicationFactor=ONE, keyLocationInfo=[blockID {
  containerBlockID {
    containerID: 3
    localID: 102663841608892976
  }
  blockCommitSequenceId: 0
}
offset: 0
length: 4194304
createVersion: 0
pipeline {
  leaderID: ""
  members {
    uuid: "ca5dcef0-b5a3-4f45-b527-2d4684781b8d"
    ipAddress: "192.168.34.22"
    hostName: "pr-hdds-1909-sn94l-363750510"
    ports {
      name: "REST"
      value: 43516
    }
    ports {
      name: "RATIS"
      value: 45280
    }
    ports {
      name: "STANDALONE"
      value: 42360
    }
    networkName: "ca5dcef0-b5a3-4f45-b527-2d4684781b8d"
    networkLocation: "/default-rack"
  }
  state: PIPELINE_OPEN
  type: STAND_ALONE
  factor: ONE
  id {
    id: "2a0b29ae-ba4c-4ddb-9aab-cc7c8e91dbb9"
  }
}
]} | ret=SUCCESS |  
2019-08-23 02:05:03,460 | INFO  | DNAudit | user=null | ip=null | op=WRITE_CHUNK {blockData=conID: 3 locID: 102663841608892976 bcsId: 0} | ret=SUCCESS |  
2019-08-23 02:05:03,462 | INFO  | DNAudit | user=null | ip=null | op=PUT_BLOCK {blockData=[blockId=conID: 3 locID: 102663841608892976 bcsId: 0,size=5]} | ret=SUCCESS |  
2019-08-23 02:05:03,464 | INFO  | OMAudit | user=jenkins1000 | ip=127.0.0.1 | op=COMMIT_KEY {volume=volume05539, bucket=bucket55533, key=ysdgW80, dataSize=5, replicationType=RATIS, replicationFactor=ONE, keyLocationInfo=[blockID {
  containerBlockID {
    containerID: 3
    localID: 102663841608892976
  }
  blockCommitSequenceId: 0
}
offset: 0
length: 5
createVersion: 0
pipeline {
  leaderID: ""
  members {
    uuid: "ca5dcef0-b5a3-4f45-b527-2d4684781b8d"
    ipAddress: "192.168.34.22"
    hostName: "pr-hdds-1909-sn94l-363750510"
    ports {
      name: "REST"
      value: 43516
    }
    ports {
      name: "RATIS"
      value: 45280
    }
    ports {
      name: "STANDALONE"
      value: 42360
    }
    networkName: "ca5dcef0-b5a3-4f45-b527-2d4684781b8d"
    networkLocation: "/default-rack"
  }
  state: PIPELINE_OPEN
  type: STAND_ALONE
  factor: ONE
  id {
    id: "2a0b29ae-ba4c-4ddb-9aab-cc7c8e91dbb9"
  }
}
]} | ret=SUCCESS |  
2019-08-23 02:05:03,466 | INFO  | SCMAudit | user=jenkins1000 | ip=192.168.34.22 | op=ALLOCATE_BLOCK {owner=3ddedc01-3817-40e9-9841-60bd7c64fa0e, size=4194304, type=STAND_ALONE, factor=ONE} | ret=SUCCESS |  
2019-08-23 02:05:03,467 | INFO  | OMAudit | user=jenkins1000 | ip=127.0.0.1 | op=ALLOCATE_KEY {volume=volume05539, bucket=bucket55533, key=eegDb81, dataSize=4096, replicationType=STAND_ALONE, replicationFactor=ONE, keyLocationInfo=[blockID {
  containerBlockID {
    containerID: 1
    localID: 102663841609548338
  }
  blockCommitSequenceId: 0
}
offset: 0
length: 4194304
createVersion: 0
pipeline {
  leaderID: ""
  members {
    uuid: "ca5dcef0-b5a3-4f45-b527-2d4684781b8d"
    ipAddress: "192.168.34.22"
    hostName: "pr-hdds-1909-sn94l-363750510"
    ports {
      name: "REST"
      value: 43516
    }
    ports {
      name: "RATIS"
      value: 45280
    }
    ports {
      name: "STANDALONE"
      value: 42360
    }
    networkName: "ca5dcef0-b5a3-4f45-b527-2d4684781b8d"
    networkLocation: "/default-rack"
  }
  state: PIPELINE_OPEN
  type: STAND_ALONE
  factor: ONE
  id {
    id: "2a0b29ae-ba4c-4ddb-9aab-cc7c8e91dbb9"
  }
}
]} | ret=SUCCESS |  
2019-08-23 02:05:03,470 | INFO  | DNAudit | user=null | ip=null | op=WRITE_CHUNK {blockData=conID: 1 locID: 102663841609548338 bcsId: 0} | ret=SUCCESS |  
2019-08-23 02:05:03,472 | INFO  | DNAudit | user=null | ip=null | op=PUT_BLOCK {blockData=[blockId=conID: 1 locID: 102663841609548338 bcsId: 0,size=5]} | ret=SUCCESS |  
2019-08-23 02:05:03,475 | INFO  | OMAudit | user=jenkins1000 | ip=127.0.0.1 | op=COMMIT_KEY {volume=volume05539, bucket=bucket55533, key=eegDb81, dataSize=5, replicationType=RATIS, replicationFactor=ONE, keyLocationInfo=[blockID {
  containerBlockID {
    containerID: 1
    localID: 102663841609548338
  }
  blockCommitSequenceId: 0
}
offset: 0
length: 5
createVersion: 0
pipeline {
  leaderID: ""
  members {
    uuid: "ca5dcef0-b5a3-4f45-b527-2d4684781b8d"
    ipAddress: "192.168.34.22"
    hostName: "pr-hdds-1909-sn94l-363750510"
    ports {
      name: "REST"
      value: 43516
    }
    ports {
      name: "RATIS"
      value: 45280
    }
    ports {
      name: "STANDALONE"
      value: 42360
    }
    networkName: "ca5dcef0-b5a3-4f45-b527-2d4684781b8d"
    networkLocation: "/default-rack"
  }
  state: PIPELINE_OPEN
  type: STAND_ALONE
  factor: ONE
  id {
    id: "2a0b29ae-ba4c-4ddb-9aab-cc7c8e91dbb9"
  }
}
]} | ret=SUCCESS |  
2019-08-23 02:05:03,476 | INFO  | SCMAudit | user=jenkins1000 | ip=192.168.34.22 | op=ALLOCATE_BLOCK {owner=3ddedc01-3817-40e9-9841-60bd7c64fa0e, size=4194304, type=STAND_ALONE, factor=ONE} | ret=SUCCESS |  
2019-08-23 02:05:03,477 | INFO  | OMAudit | user=jenkins1000 | ip=127.0.0.1 | op=ALLOCATE_KEY {volume=volume05539, bucket=bucket55533, key=QHnPt82, dataSize=4096, replicationType=STAND_ALONE, replicationFactor=ONE, keyLocationInfo=[blockID {
  containerBlockID {
    containerID: 2
    localID: 102663841610203700
  }
  blockCommitSequenceId: 0
}
offset: 0
length: 4194304
createVersion: 0
pipeline {
  leaderID: ""
  members {
    uuid: "ca5dcef0-b5a3-4f45-b527-2d4684781b8d"
    ipAddress: "192.168.34.22"
    hostName: "pr-hdds-1909-sn94l-363750510"
    ports {
      name: "REST"
      value: 43516
    }
    ports {
      name: "RATIS"
      value: 45280
    }
    ports {
      name: "STANDALONE"
      value: 42360
    }
    networkName: "ca5dcef0-b5a3-4f45-b527-2d4684781b8d"
    networkLocation: "/default-rack"
  }
  state: PIPELINE_OPEN
  type: STAND_ALONE
  factor: ONE
  id {
    id: "2a0b29ae-ba4c-4ddb-9aab-cc7c8e91dbb9"
  }
}
]} | ret=SUCCESS |  
2019-08-23 02:05:03,483 | INFO  | DNAudit | user=null | ip=null | op=WRITE_CHUNK {blockData=conID: 2 locID: 102663841610203700 bcsId: 0} | ret=SUCCESS |  
2019-08-23 02:05:03,485 | INFO  | DNAudit | user=null | ip=null | op=PUT_BLOCK {blockData=[blockId=conID: 2 locID: 102663841610203700 bcsId: 0,size=5]} | ret=SUCCESS |  
2019-08-23 02:05:03,488 | INFO  | OMAudit | user=jenkins1000 | ip=127.0.0.1 | op=COMMIT_KEY {volume=volume05539, bucket=bucket55533, key=QHnPt82, dataSize=5, replicationType=RATIS, replicationFactor=ONE, keyLocationInfo=[blockID {
  containerBlockID {
    containerID: 2
    localID: 102663841610203700
  }
  blockCommitSequenceId: 0
}
offset: 0
length: 5
createVersion: 0
pipeline {
  leaderID: ""
  members {
    uuid: "ca5dcef0-b5a3-4f45-b527-2d4684781b8d"
    ipAddress: "192.168.34.22"
    hostName: "pr-hdds-1909-sn94l-363750510"
    ports {
      name: "REST"
      value: 43516
    }
    ports {
      name: "RATIS"
      value: 45280
    }
    ports {
      name: "STANDALONE"
      value: 42360
    }
    networkName: "ca5dcef0-b5a3-4f45-b527-2d4684781b8d"
    networkLocation: "/default-rack"
  }
  state: PIPELINE_OPEN
  type: STAND_ALONE
  factor: ONE
  id {
    id: "2a0b29ae-ba4c-4ddb-9aab-cc7c8e91dbb9"
  }
}
]} | ret=SUCCESS |  
2019-08-23 02:05:03,490 | INFO  | SCMAudit | user=jenkins1000 | ip=192.168.34.22 | op=ALLOCATE_BLOCK {owner=3ddedc01-3817-40e9-9841-60bd7c64fa0e, size=4194304, type=STAND_ALONE, factor=ONE} | ret=SUCCESS |  
2019-08-23 02:05:03,490 | INFO  | OMAudit | user=jenkins1000 | ip=127.0.0.1 | op=ALLOCATE_KEY {volume=volume05539, bucket=bucket55533, key=WhoqG83, dataSize=4096, replicationType=STAND_ALONE, replicationFactor=ONE, keyLocationInfo=[blockID {
  containerBlockID {
    containerID: 3
    localID: 102663841611055670
  }
  blockCommitSequenceId: 0
}
offset: 0
length: 4194304
createVersion: 0
pipeline {
  leaderID: ""
  members {
    uuid: "ca5dcef0-b5a3-4f45-b527-2d4684781b8d"
    ipAddress: "192.168.34.22"
    hostName: "pr-hdds-1909-sn94l-363750510"
    ports {
      name: "REST"
      value: 43516
    }
    ports {
      name: "RATIS"
      value: 45280
    }
    ports {
      name: "STANDALONE"
      value: 42360
    }
    networkName: "ca5dcef0-b5a3-4f45-b527-2d4684781b8d"
    networkLocation: "/default-rack"
  }
  state: PIPELINE_OPEN
  type: STAND_ALONE
  factor: ONE
  id {
    id: "2a0b29ae-ba4c-4ddb-9aab-cc7c8e91dbb9"
  }
}
]} | ret=SUCCESS |  
2019-08-23 02:05:03,494 | INFO  | DNAudit | user=null | ip=null | op=WRITE_CHUNK {blockData=conID: 3 locID: 102663841611055670 bcsId: 0} | ret=SUCCESS |  
2019-08-23 02:05:03,497 | INFO  | DNAudit | user=null | ip=null | op=PUT_BLOCK {blockData=[blockId=conID: 3 locID: 102663841611055670 bcsId: 0,size=5]} | ret=SUCCESS |  
2019-08-23 02:05:03,498 | INFO  | OMAudit | user=jenkins1000 | ip=127.0.0.1 | op=COMMIT_KEY {volume=volume05539, bucket=bucket55533, key=WhoqG83, dataSize=5, replicationType=RATIS, replicationFactor=ONE, keyLocationInfo=[blockID {
  containerBlockID {
    containerID: 3
    localID: 102663841611055670
  }
  blockCommitSequenceId: 0
}
offset: 0
length: 5
createVersion: 0
pipeline {
  leaderID: ""
  members {
    uuid: "ca5dcef0-b5a3-4f45-b527-2d4684781b8d"
    ipAddress: "192.168.34.22"
    hostName: "pr-hdds-1909-sn94l-363750510"
    ports {
      name: "REST"
      value: 43516
    }
    ports {
      name: "RATIS"
      value: 45280
    }
    ports {
      name: "STANDALONE"
      value: 42360
    }
    networkName: "ca5dcef0-b5a3-4f45-b527-2d4684781b8d"
    networkLocation: "/default-rack"
  }
  state: PIPELINE_OPEN
  type: STAND_ALONE
  factor: ONE
  id {
    id: "2a0b29ae-ba4c-4ddb-9aab-cc7c8e91dbb9"
  }
}
]} | ret=SUCCESS |  
2019-08-23 02:05:03,500 | INFO  | SCMAudit | user=jenkins1000 | ip=192.168.34.22 | op=ALLOCATE_BLOCK {owner=3ddedc01-3817-40e9-9841-60bd7c64fa0e, size=4194304, type=STAND_ALONE, factor=ONE} | ret=SUCCESS |  
2019-08-23 02:05:03,501 | INFO  | OMAudit | user=jenkins1000 | ip=127.0.0.1 | op=ALLOCATE_KEY {volume=volume05539, bucket=bucket55533, key=ejQCB84, dataSize=4096, replicationType=STAND_ALONE, replicationFactor=ONE, keyLocationInfo=[blockID {
  containerBlockID {
    containerID: 1
    localID: 102663841611776568
  }
  blockCommitSequenceId: 0
}
offset: 0
length: 4194304
createVersion: 0
pipeline {
  leaderID: ""
  members {
    uuid: "ca5dcef0-b5a3-4f45-b527-2d4684781b8d"
    ipAddress: "192.168.34.22"
    hostName: "pr-hdds-1909-sn94l-363750510"
    ports {
      name: "REST"
      value: 43516
    }
    ports {
      name: "RATIS"
      value: 45280
    }
    ports {
      name: "STANDALONE"
      value: 42360
    }
    networkName: "ca5dcef0-b5a3-4f45-b527-2d4684781b8d"
    networkLocation: "/default-rack"
  }
  state: PIPELINE_OPEN
  type: STAND_ALONE
  factor: ONE
  id {
    id: "2a0b29ae-ba4c-4ddb-9aab-cc7c8e91dbb9"
  }
}
]} | ret=SUCCESS |  
2019-08-23 02:05:03,505 | INFO  | DNAudit | user=null | ip=null | op=WRITE_CHUNK {blockData=conID: 1 locID: 102663841611776568 bcsId: 0} | ret=SUCCESS |  
2019-08-23 02:05:03,507 | INFO  | DNAudit | user=null | ip=null | op=PUT_BLOCK {blockData=[blockId=conID: 1 locID: 102663841611776568 bcsId: 0,size=5]} | ret=SUCCESS |  
2019-08-23 02:05:03,510 | INFO  | OMAudit | user=jenkins1000 | ip=127.0.0.1 | op=COMMIT_KEY {volume=volume05539, bucket=bucket55533, key=ejQCB84, dataSize=5, replicationType=RATIS, replicationFactor=ONE, keyLocationInfo=[blockID {
  containerBlockID {
    containerID: 1
    localID: 102663841611776568
  }
  blockCommitSequenceId: 0
}
offset: 0
length: 5
createVersion: 0
pipeline {
  leaderID: ""
  members {
    uuid: "ca5dcef0-b5a3-4f45-b527-2d4684781b8d"
    ipAddress: "192.168.34.22"
    hostName: "pr-hdds-1909-sn94l-363750510"
    ports {
      name: "REST"
      value: 43516
    }
    ports {
      name: "RATIS"
      value: 45280
    }
    ports {
      name: "STANDALONE"
      value: 42360
    }
    networkName: "ca5dcef0-b5a3-4f45-b527-2d4684781b8d"
    networkLocation: "/default-rack"
  }
  state: PIPELINE_OPEN
  type: STAND_ALONE
  factor: ONE
  id {
    id: "2a0b29ae-ba4c-4ddb-9aab-cc7c8e91dbb9"
  }
}
]} | ret=SUCCESS |  
2019-08-23 02:05:03,511 | INFO  | SCMAudit | user=jenkins1000 | ip=192.168.34.22 | op=ALLOCATE_BLOCK {owner=3ddedc01-3817-40e9-9841-60bd7c64fa0e, size=4194304, type=STAND_ALONE, factor=ONE} | ret=SUCCESS |  
2019-08-23 02:05:03,513 | INFO  | OMAudit | user=jenkins1000 | ip=127.0.0.1 | op=ALLOCATE_KEY {volume=volume05539, bucket=bucket55533, key=RVZWK85, dataSize=4096, replicationType=STAND_ALONE, replicationFactor=ONE, keyLocationInfo=[blockID {
  containerBlockID {
    containerID: 2
    localID: 102663841612497466
  }
  blockCommitSequenceId: 0
}
offset: 0
length: 4194304
createVersion: 0
pipeline {
  leaderID: ""
  members {
    uuid: "ca5dcef0-b5a3-4f45-b527-2d4684781b8d"
    ipAddress: "192.168.34.22"
    hostName: "pr-hdds-1909-sn94l-363750510"
    ports {
      name: "REST"
      value: 43516
    }
    ports {
      name: "RATIS"
      value: 45280
    }
    ports {
      name: "STANDALONE"
      value: 42360
    }
    networkName: "ca5dcef0-b5a3-4f45-b527-2d4684781b8d"
    networkLocation: "/default-rack"
  }
  state: PIPELINE_OPEN
  type: STAND_ALONE
  factor: ONE
  id {
    id: "2a0b29ae-ba4c-4ddb-9aab-cc7c8e91dbb9"
  }
}
]} | ret=SUCCESS |  
2019-08-23 02:05:03,517 | INFO  | DNAudit | user=null | ip=null | op=WRITE_CHUNK {blockData=conID: 2 locID: 102663841612497466 bcsId: 0} | ret=SUCCESS |  
2019-08-23 02:05:03,519 | INFO  | DNAudit | user=null | ip=null | op=PUT_BLOCK {blockData=[blockId=conID: 2 locID: 102663841612497466 bcsId: 0,size=5]} | ret=SUCCESS |  
2019-08-23 02:05:03,522 | INFO  | OMAudit | user=jenkins1000 | ip=127.0.0.1 | op=COMMIT_KEY {volume=volume05539, bucket=bucket55533, key=RVZWK85, dataSize=5, replicationType=RATIS, replicationFactor=ONE, keyLocationInfo=[blockID {
  containerBlockID {
    containerID: 2
    localID: 102663841612497466
  }
  blockCommitSequenceId: 0
}
offset: 0
length: 5
createVersion: 0
pipeline {
  leaderID: ""
  members {
    uuid: "ca5dcef0-b5a3-4f45-b527-2d4684781b8d"
    ipAddress: "192.168.34.22"
    hostName: "pr-hdds-1909-sn94l-363750510"
    ports {
      name: "REST"
      value: 43516
    }
    ports {
      name: "RATIS"
      value: 45280
    }
    ports {
      name: "STANDALONE"
      value: 42360
    }
    networkName: "ca5dcef0-b5a3-4f45-b527-2d4684781b8d"
    networkLocation: "/default-rack"
  }
  state: PIPELINE_OPEN
  type: STAND_ALONE
  factor: ONE
  id {
    id: "2a0b29ae-ba4c-4ddb-9aab-cc7c8e91dbb9"
  }
}
]} | ret=SUCCESS |  
2019-08-23 02:05:03,524 | INFO  | SCMAudit | user=jenkins1000 | ip=192.168.34.22 | op=ALLOCATE_BLOCK {owner=3ddedc01-3817-40e9-9841-60bd7c64fa0e, size=4194304, type=STAND_ALONE, factor=ONE} | ret=SUCCESS |  
2019-08-23 02:05:03,524 | INFO  | OMAudit | user=jenkins1000 | ip=127.0.0.1 | op=ALLOCATE_KEY {volume=volume05539, bucket=bucket55533, key=GXFJI86, dataSize=4096, replicationType=STAND_ALONE, replicationFactor=ONE, keyLocationInfo=[blockID {
  containerBlockID {
    containerID: 3
    localID: 102663841613349436
  }
  blockCommitSequenceId: 0
}
offset: 0
length: 4194304
createVersion: 0
pipeline {
  leaderID: ""
  members {
    uuid: "ca5dcef0-b5a3-4f45-b527-2d4684781b8d"
    ipAddress: "192.168.34.22"
    hostName: "pr-hdds-1909-sn94l-363750510"
    ports {
      name: "REST"
      value: 43516
    }
    ports {
      name: "RATIS"
      value: 45280
    }
    ports {
      name: "STANDALONE"
      value: 42360
    }
    networkName: "ca5dcef0-b5a3-4f45-b527-2d4684781b8d"
    networkLocation: "/default-rack"
  }
  state: PIPELINE_OPEN
  type: STAND_ALONE
  factor: ONE
  id {
    id: "2a0b29ae-ba4c-4ddb-9aab-cc7c8e91dbb9"
  }
}
]} | ret=SUCCESS |  
2019-08-23 02:05:03,529 | INFO  | DNAudit | user=null | ip=null | op=WRITE_CHUNK {blockData=conID: 3 locID: 102663841613349436 bcsId: 0} | ret=SUCCESS |  
2019-08-23 02:05:03,532 | INFO  | DNAudit | user=null | ip=null | op=PUT_BLOCK {blockData=[blockId=conID: 3 locID: 102663841613349436 bcsId: 0,size=5]} | ret=SUCCESS |  
2019-08-23 02:05:03,533 | INFO  | OMAudit | user=jenkins1000 | ip=127.0.0.1 | op=COMMIT_KEY {volume=volume05539, bucket=bucket55533, key=GXFJI86, dataSize=5, replicationType=RATIS, replicationFactor=ONE, keyLocationInfo=[blockID {
  containerBlockID {
    containerID: 3
    localID: 102663841613349436
  }
  blockCommitSequenceId: 0
}
offset: 0
length: 5
createVersion: 0
pipeline {
  leaderID: ""
  members {
    uuid: "ca5dcef0-b5a3-4f45-b527-2d4684781b8d"
    ipAddress: "192.168.34.22"
    hostName: "pr-hdds-1909-sn94l-363750510"
    ports {
      name: "REST"
      value: 43516
    }
    ports {
      name: "RATIS"
      value: 45280
    }
    ports {
      name: "STANDALONE"
      value: 42360
    }
    networkName: "ca5dcef0-b5a3-4f45-b527-2d4684781b8d"
    networkLocation: "/default-rack"
  }
  state: PIPELINE_OPEN
  type: STAND_ALONE
  factor: ONE
  id {
    id: "2a0b29ae-ba4c-4ddb-9aab-cc7c8e91dbb9"
  }
}
]} | ret=SUCCESS |  
2019-08-23 02:05:03,535 | INFO  | SCMAudit | user=jenkins1000 | ip=192.168.34.22 | op=ALLOCATE_BLOCK {owner=3ddedc01-3817-40e9-9841-60bd7c64fa0e, size=4194304, type=STAND_ALONE, factor=ONE} | ret=SUCCESS |  
2019-08-23 02:05:03,536 | INFO  | OMAudit | user=jenkins1000 | ip=127.0.0.1 | op=ALLOCATE_KEY {volume=volume05539, bucket=bucket55533, key=tCZtn87, dataSize=4096, replicationType=STAND_ALONE, replicationFactor=ONE, keyLocationInfo=[blockID {
  containerBlockID {
    containerID: 1
    localID: 102663841614070334
  }
  blockCommitSequenceId: 0
}
offset: 0
length: 4194304
createVersion: 0
pipeline {
  leaderID: ""
  members {
    uuid: "ca5dcef0-b5a3-4f45-b527-2d4684781b8d"
    ipAddress: "192.168.34.22"
    hostName: "pr-hdds-1909-sn94l-363750510"
    ports {
      name: "REST"
      value: 43516
    }
    ports {
      name: "RATIS"
      value: 45280
    }
    ports {
      name: "STANDALONE"
      value: 42360
    }
    networkName: "ca5dcef0-b5a3-4f45-b527-2d4684781b8d"
    networkLocation: "/default-rack"
  }
  state: PIPELINE_OPEN
  type: STAND_ALONE
  factor: ONE
  id {
    id: "2a0b29ae-ba4c-4ddb-9aab-cc7c8e91dbb9"
  }
}
]} | ret=SUCCESS |  
2019-08-23 02:05:03,542 | INFO  | DNAudit | user=null | ip=null | op=WRITE_CHUNK {blockData=conID: 1 locID: 102663841614070334 bcsId: 0} | ret=SUCCESS |  
2019-08-23 02:05:03,544 | INFO  | DNAudit | user=null | ip=null | op=PUT_BLOCK {blockData=[blockId=conID: 1 locID: 102663841614070334 bcsId: 0,size=5]} | ret=SUCCESS |  
2019-08-23 02:05:03,550 | INFO  | SCMAudit | user=jenkins1000 | ip=192.168.34.22 | op=SEND_HEARTBEAT {datanodeUUID=ca5dcef0-b5a3-4f45-b527-2d4684781b8d, command=[]} | ret=SUCCESS |  
2019-08-23 02:05:03,550 | INFO  | OMAudit | user=jenkins1000 | ip=127.0.0.1 | op=COMMIT_KEY {volume=volume05539, bucket=bucket55533, key=tCZtn87, dataSize=5, replicationType=RATIS, replicationFactor=ONE, keyLocationInfo=[blockID {
  containerBlockID {
    containerID: 1
    localID: 102663841614070334
  }
  blockCommitSequenceId: 0
}
offset: 0
length: 5
createVersion: 0
pipeline {
  leaderID: ""
  members {
    uuid: "ca5dcef0-b5a3-4f45-b527-2d4684781b8d"
    ipAddress: "192.168.34.22"
    hostName: "pr-hdds-1909-sn94l-363750510"
    ports {
      name: "REST"
      value: 43516
    }
    ports {
      name: "RATIS"
      value: 45280
    }
    ports {
      name: "STANDALONE"
      value: 42360
    }
    networkName: "ca5dcef0-b5a3-4f45-b527-2d4684781b8d"
    networkLocation: "/default-rack"
  }
  state: PIPELINE_OPEN
  type: STAND_ALONE
  factor: ONE
  id {
    id: "2a0b29ae-ba4c-4ddb-9aab-cc7c8e91dbb9"
  }
}
]} | ret=SUCCESS |  
2019-08-23 02:05:03,552 | INFO  | SCMAudit | user=jenkins1000 | ip=192.168.34.22 | op=ALLOCATE_BLOCK {owner=3ddedc01-3817-40e9-9841-60bd7c64fa0e, size=4194304, type=STAND_ALONE, factor=ONE} | ret=SUCCESS |  
2019-08-23 02:05:03,553 | INFO  | OMAudit | user=jenkins1000 | ip=127.0.0.1 | op=ALLOCATE_KEY {volume=volume05539, bucket=bucket55533, key=nWeof88, dataSize=4096, replicationType=STAND_ALONE, replicationFactor=ONE, keyLocationInfo=[blockID {
  containerBlockID {
    containerID: 2
    localID: 102663841615184448
  }
  blockCommitSequenceId: 0
}
offset: 0
length: 4194304
createVersion: 0
pipeline {
  leaderID: ""
  members {
    uuid: "ca5dcef0-b5a3-4f45-b527-2d4684781b8d"
    ipAddress: "192.168.34.22"
    hostName: "pr-hdds-1909-sn94l-363750510"
    ports {
      name: "REST"
      value: 43516
    }
    ports {
      name: "RATIS"
      value: 45280
    }
    ports {
      name: "STANDALONE"
      value: 42360
    }
    networkName: "ca5dcef0-b5a3-4f45-b527-2d4684781b8d"
    networkLocation: "/default-rack"
  }
  state: PIPELINE_OPEN
  type: STAND_ALONE
  factor: ONE
  id {
    id: "2a0b29ae-ba4c-4ddb-9aab-cc7c8e91dbb9"
  }
}
]} | ret=SUCCESS |  
2019-08-23 02:05:03,557 | INFO  | DNAudit | user=null | ip=null | op=WRITE_CHUNK {blockData=conID: 2 locID: 102663841615184448 bcsId: 0} | ret=SUCCESS |  
2019-08-23 02:05:03,560 | INFO  | DNAudit | user=null | ip=null | op=PUT_BLOCK {blockData=[blockId=conID: 2 locID: 102663841615184448 bcsId: 0,size=5]} | ret=SUCCESS |  
2019-08-23 02:05:03,562 | INFO  | OMAudit | user=jenkins1000 | ip=127.0.0.1 | op=COMMIT_KEY {volume=volume05539, bucket=bucket55533, key=nWeof88, dataSize=5, replicationType=RATIS, replicationFactor=ONE, keyLocationInfo=[blockID {
  containerBlockID {
    containerID: 2
    localID: 102663841615184448
  }
  blockCommitSequenceId: 0
}
offset: 0
length: 5
createVersion: 0
pipeline {
  leaderID: ""
  members {
    uuid: "ca5dcef0-b5a3-4f45-b527-2d4684781b8d"
    ipAddress: "192.168.34.22"
    hostName: "pr-hdds-1909-sn94l-363750510"
    ports {
      name: "REST"
      value: 43516
    }
    ports {
      name: "RATIS"
      value: 45280
    }
    ports {
      name: "STANDALONE"
      value: 42360
    }
    networkName: "ca5dcef0-b5a3-4f45-b527-2d4684781b8d"
    networkLocation: "/default-rack"
  }
  state: PIPELINE_OPEN
  type: STAND_ALONE
  factor: ONE
  id {
    id: "2a0b29ae-ba4c-4ddb-9aab-cc7c8e91dbb9"
  }
}
]} | ret=SUCCESS |  
2019-08-23 02:05:03,563 | INFO  | SCMAudit | user=jenkins1000 | ip=192.168.34.22 | op=ALLOCATE_BLOCK {owner=3ddedc01-3817-40e9-9841-60bd7c64fa0e, size=4194304, type=STAND_ALONE, factor=ONE} | ret=SUCCESS |  
2019-08-23 02:05:03,564 | INFO  | OMAudit | user=jenkins1000 | ip=127.0.0.1 | op=ALLOCATE_KEY {volume=volume05539, bucket=bucket55533, key=ixytX89, dataSize=4096, replicationType=STAND_ALONE, replicationFactor=ONE, keyLocationInfo=[blockID {
  containerBlockID {
    containerID: 3
    localID: 102663841615905346
  }
  blockCommitSequenceId: 0
}
offset: 0
length: 4194304
createVersion: 0
pipeline {
  leaderID: ""
  members {
    uuid: "ca5dcef0-b5a3-4f45-b527-2d4684781b8d"
    ipAddress: "192.168.34.22"
    hostName: "pr-hdds-1909-sn94l-363750510"
    ports {
      name: "REST"
      value: 43516
    }
    ports {
      name: "RATIS"
      value: 45280
    }
    ports {
      name: "STANDALONE"
      value: 42360
    }
    networkName: "ca5dcef0-b5a3-4f45-b527-2d4684781b8d"
    networkLocation: "/default-rack"
  }
  state: PIPELINE_OPEN
  type: STAND_ALONE
  factor: ONE
  id {
    id: "2a0b29ae-ba4c-4ddb-9aab-cc7c8e91dbb9"
  }
}
]} | ret=SUCCESS |  
2019-08-23 02:05:03,567 | INFO  | DNAudit | user=null | ip=null | op=WRITE_CHUNK {blockData=conID: 3 locID: 102663841615905346 bcsId: 0} | ret=SUCCESS |  
2019-08-23 02:05:03,569 | INFO  | DNAudit | user=null | ip=null | op=PUT_BLOCK {blockData=[blockId=conID: 3 locID: 102663841615905346 bcsId: 0,size=5]} | ret=SUCCESS |  
2019-08-23 02:05:03,571 | INFO  | OMAudit | user=jenkins1000 | ip=127.0.0.1 | op=COMMIT_KEY {volume=volume05539, bucket=bucket55533, key=ixytX89, dataSize=5, replicationType=RATIS, replicationFactor=ONE, keyLocationInfo=[blockID {
  containerBlockID {
    containerID: 3
    localID: 102663841615905346
  }
  blockCommitSequenceId: 0
}
offset: 0
length: 5
createVersion: 0
pipeline {
  leaderID: ""
  members {
    uuid: "ca5dcef0-b5a3-4f45-b527-2d4684781b8d"
    ipAddress: "192.168.34.22"
    hostName: "pr-hdds-1909-sn94l-363750510"
    ports {
      name: "REST"
      value: 43516
    }
    ports {
      name: "RATIS"
      value: 45280
    }
    ports {
      name: "STANDALONE"
      value: 42360
    }
    networkName: "ca5dcef0-b5a3-4f45-b527-2d4684781b8d"
    networkLocation: "/default-rack"
  }
  state: PIPELINE_OPEN
  type: STAND_ALONE
  factor: ONE
  id {
    id: "2a0b29ae-ba4c-4ddb-9aab-cc7c8e91dbb9"
  }
}
]} | ret=SUCCESS |  
2019-08-23 02:05:03,573 | INFO  | SCMAudit | user=jenkins1000 | ip=192.168.34.22 | op=ALLOCATE_BLOCK {owner=3ddedc01-3817-40e9-9841-60bd7c64fa0e, size=4194304, type=STAND_ALONE, factor=ONE} | ret=SUCCESS |  
2019-08-23 02:05:03,573 | INFO  | OMAudit | user=jenkins1000 | ip=127.0.0.1 | op=ALLOCATE_KEY {volume=volume05539, bucket=bucket55533, key=UUGQK90, dataSize=4096, replicationType=STAND_ALONE, replicationFactor=ONE, keyLocationInfo=[blockID {
  containerBlockID {
    containerID: 1
    localID: 102663841616560708
  }
  blockCommitSequenceId: 0
}
offset: 0
length: 4194304
createVersion: 0
pipeline {
  leaderID: ""
  members {
    uuid: "ca5dcef0-b5a3-4f45-b527-2d4684781b8d"
    ipAddress: "192.168.34.22"
    hostName: "pr-hdds-1909-sn94l-363750510"
    ports {
      name: "REST"
      value: 43516
    }
    ports {
      name: "RATIS"
      value: 45280
    }
    ports {
      name: "STANDALONE"
      value: 42360
    }
    networkName: "ca5dcef0-b5a3-4f45-b527-2d4684781b8d"
    networkLocation: "/default-rack"
  }
  state: PIPELINE_OPEN
  type: STAND_ALONE
  factor: ONE
  id {
    id: "2a0b29ae-ba4c-4ddb-9aab-cc7c8e91dbb9"
  }
}
]} | ret=SUCCESS |  
2019-08-23 02:05:03,576 | INFO  | DNAudit | user=null | ip=null | op=WRITE_CHUNK {blockData=conID: 1 locID: 102663841616560708 bcsId: 0} | ret=SUCCESS |  
2019-08-23 02:05:03,579 | INFO  | DNAudit | user=null | ip=null | op=PUT_BLOCK {blockData=[blockId=conID: 1 locID: 102663841616560708 bcsId: 0,size=5]} | ret=SUCCESS |  
2019-08-23 02:05:03,581 | INFO  | OMAudit | user=jenkins1000 | ip=127.0.0.1 | op=COMMIT_KEY {volume=volume05539, bucket=bucket55533, key=UUGQK90, dataSize=5, replicationType=RATIS, replicationFactor=ONE, keyLocationInfo=[blockID {
  containerBlockID {
    containerID: 1
    localID: 102663841616560708
  }
  blockCommitSequenceId: 0
}
offset: 0
length: 5
createVersion: 0
pipeline {
  leaderID: ""
  members {
    uuid: "ca5dcef0-b5a3-4f45-b527-2d4684781b8d"
    ipAddress: "192.168.34.22"
    hostName: "pr-hdds-1909-sn94l-363750510"
    ports {
      name: "REST"
      value: 43516
    }
    ports {
      name: "RATIS"
      value: 45280
    }
    ports {
      name: "STANDALONE"
      value: 42360
    }
    networkName: "ca5dcef0-b5a3-4f45-b527-2d4684781b8d"
    networkLocation: "/default-rack"
  }
  state: PIPELINE_OPEN
  type: STAND_ALONE
  factor: ONE
  id {
    id: "2a0b29ae-ba4c-4ddb-9aab-cc7c8e91dbb9"
  }
}
]} | ret=SUCCESS |  
2019-08-23 02:05:03,582 | INFO  | SCMAudit | user=jenkins1000 | ip=192.168.34.22 | op=ALLOCATE_BLOCK {owner=3ddedc01-3817-40e9-9841-60bd7c64fa0e, size=4194304, type=STAND_ALONE, factor=ONE} | ret=SUCCESS |  
2019-08-23 02:05:03,583 | INFO  | OMAudit | user=jenkins1000 | ip=127.0.0.1 | op=ALLOCATE_KEY {volume=volume05539, bucket=bucket55533, key=JNGjl91, dataSize=4096, replicationType=STAND_ALONE, replicationFactor=ONE, keyLocationInfo=[blockID {
  containerBlockID {
    containerID: 2
    localID: 102663841617150534
  }
  blockCommitSequenceId: 0
}
offset: 0
length: 4194304
createVersion: 0
pipeline {
  leaderID: ""
  members {
    uuid: "ca5dcef0-b5a3-4f45-b527-2d4684781b8d"
    ipAddress: "192.168.34.22"
    hostName: "pr-hdds-1909-sn94l-363750510"
    ports {
      name: "REST"
      value: 43516
    }
    ports {
      name: "RATIS"
      value: 45280
    }
    ports {
      name: "STANDALONE"
      value: 42360
    }
    networkName: "ca5dcef0-b5a3-4f45-b527-2d4684781b8d"
    networkLocation: "/default-rack"
  }
  state: PIPELINE_OPEN
  type: STAND_ALONE
  factor: ONE
  id {
    id: "2a0b29ae-ba4c-4ddb-9aab-cc7c8e91dbb9"
  }
}
]} | ret=SUCCESS |  
2019-08-23 02:05:03,586 | INFO  | DNAudit | user=null | ip=null | op=WRITE_CHUNK {blockData=conID: 2 locID: 102663841617150534 bcsId: 0} | ret=SUCCESS |  
2019-08-23 02:05:03,588 | INFO  | DNAudit | user=null | ip=null | op=PUT_BLOCK {blockData=[blockId=conID: 2 locID: 102663841617150534 bcsId: 0,size=5]} | ret=SUCCESS |  
2019-08-23 02:05:03,590 | INFO  | OMAudit | user=jenkins1000 | ip=127.0.0.1 | op=COMMIT_KEY {volume=volume05539, bucket=bucket55533, key=JNGjl91, dataSize=5, replicationType=RATIS, replicationFactor=ONE, keyLocationInfo=[blockID {
  containerBlockID {
    containerID: 2
    localID: 102663841617150534
  }
  blockCommitSequenceId: 0
}
offset: 0
length: 5
createVersion: 0
pipeline {
  leaderID: ""
  members {
    uuid: "ca5dcef0-b5a3-4f45-b527-2d4684781b8d"
    ipAddress: "192.168.34.22"
    hostName: "pr-hdds-1909-sn94l-363750510"
    ports {
      name: "REST"
      value: 43516
    }
    ports {
      name: "RATIS"
      value: 45280
    }
    ports {
      name: "STANDALONE"
      value: 42360
    }
    networkName: "ca5dcef0-b5a3-4f45-b527-2d4684781b8d"
    networkLocation: "/default-rack"
  }
  state: PIPELINE_OPEN
  type: STAND_ALONE
  factor: ONE
  id {
    id: "2a0b29ae-ba4c-4ddb-9aab-cc7c8e91dbb9"
  }
}
]} | ret=SUCCESS |  
2019-08-23 02:05:03,592 | INFO  | SCMAudit | user=jenkins1000 | ip=192.168.34.22 | op=ALLOCATE_BLOCK {owner=3ddedc01-3817-40e9-9841-60bd7c64fa0e, size=4194304, type=STAND_ALONE, factor=ONE} | ret=SUCCESS |  
2019-08-23 02:05:03,593 | INFO  | OMAudit | user=jenkins1000 | ip=127.0.0.1 | op=ALLOCATE_KEY {volume=volume05539, bucket=bucket55533, key=oJvWB92, dataSize=4096, replicationType=STAND_ALONE, replicationFactor=ONE, keyLocationInfo=[blockID {
  containerBlockID {
    containerID: 3
    localID: 102663841617805896
  }
  blockCommitSequenceId: 0
}
offset: 0
length: 4194304
createVersion: 0
pipeline {
  leaderID: ""
  members {
    uuid: "ca5dcef0-b5a3-4f45-b527-2d4684781b8d"
    ipAddress: "192.168.34.22"
    hostName: "pr-hdds-1909-sn94l-363750510"
    ports {
      name: "REST"
      value: 43516
    }
    ports {
      name: "RATIS"
      value: 45280
    }
    ports {
      name: "STANDALONE"
      value: 42360
    }
    networkName: "ca5dcef0-b5a3-4f45-b527-2d4684781b8d"
    networkLocation: "/default-rack"
  }
  state: PIPELINE_OPEN
  type: STAND_ALONE
  factor: ONE
  id {
    id: "2a0b29ae-ba4c-4ddb-9aab-cc7c8e91dbb9"
  }
}
]} | ret=SUCCESS |  
2019-08-23 02:05:03,595 | INFO  | DNAudit | user=null | ip=null | op=WRITE_CHUNK {blockData=conID: 3 locID: 102663841617805896 bcsId: 0} | ret=SUCCESS |  
2019-08-23 02:05:03,597 | INFO  | DNAudit | user=null | ip=null | op=PUT_BLOCK {blockData=[blockId=conID: 3 locID: 102663841617805896 bcsId: 0,size=5]} | ret=SUCCESS |  
2019-08-23 02:05:03,599 | INFO  | OMAudit | user=jenkins1000 | ip=127.0.0.1 | op=COMMIT_KEY {volume=volume05539, bucket=bucket55533, key=oJvWB92, dataSize=5, replicationType=RATIS, replicationFactor=ONE, keyLocationInfo=[blockID {
  containerBlockID {
    containerID: 3
    localID: 102663841617805896
  }
  blockCommitSequenceId: 0
}
offset: 0
length: 5
createVersion: 0
pipeline {
  leaderID: ""
  members {
    uuid: "ca5dcef0-b5a3-4f45-b527-2d4684781b8d"
    ipAddress: "192.168.34.22"
    hostName: "pr-hdds-1909-sn94l-363750510"
    ports {
      name: "REST"
      value: 43516
    }
    ports {
      name: "RATIS"
      value: 45280
    }
    ports {
      name: "STANDALONE"
      value: 42360
    }
    networkName: "ca5dcef0-b5a3-4f45-b527-2d4684781b8d"
    networkLocation: "/default-rack"
  }
  state: PIPELINE_OPEN
  type: STAND_ALONE
  factor: ONE
  id {
    id: "2a0b29ae-ba4c-4ddb-9aab-cc7c8e91dbb9"
  }
}
]} | ret=SUCCESS |  
2019-08-23 02:05:03,601 | INFO  | SCMAudit | user=jenkins1000 | ip=192.168.34.22 | op=ALLOCATE_BLOCK {owner=3ddedc01-3817-40e9-9841-60bd7c64fa0e, size=4194304, type=STAND_ALONE, factor=ONE} | ret=SUCCESS |  
2019-08-23 02:05:03,602 | INFO  | OMAudit | user=jenkins1000 | ip=127.0.0.1 | op=ALLOCATE_KEY {volume=volume05539, bucket=bucket55533, key=mMpfD93, dataSize=4096, replicationType=STAND_ALONE, replicationFactor=ONE, keyLocationInfo=[blockID {
  containerBlockID {
    containerID: 1
    localID: 102663841618395722
  }
  blockCommitSequenceId: 0
}
offset: 0
length: 4194304
createVersion: 0
pipeline {
  leaderID: ""
  members {
    uuid: "ca5dcef0-b5a3-4f45-b527-2d4684781b8d"
    ipAddress: "192.168.34.22"
    hostName: "pr-hdds-1909-sn94l-363750510"
    ports {
      name: "REST"
      value: 43516
    }
    ports {
      name: "RATIS"
      value: 45280
    }
    ports {
      name: "STANDALONE"
      value: 42360
    }
    networkName: "ca5dcef0-b5a3-4f45-b527-2d4684781b8d"
    networkLocation: "/default-rack"
  }
  state: PIPELINE_OPEN
  type: STAND_ALONE
  factor: ONE
  id {
    id: "2a0b29ae-ba4c-4ddb-9aab-cc7c8e91dbb9"
  }
}
]} | ret=SUCCESS |  
2019-08-23 02:05:03,605 | INFO  | DNAudit | user=null | ip=null | op=WRITE_CHUNK {blockData=conID: 1 locID: 102663841618395722 bcsId: 0} | ret=SUCCESS |  
2019-08-23 02:05:03,607 | INFO  | DNAudit | user=null | ip=null | op=PUT_BLOCK {blockData=[blockId=conID: 1 locID: 102663841618395722 bcsId: 0,size=5]} | ret=SUCCESS |  
2019-08-23 02:05:03,608 | INFO  | OMAudit | user=jenkins1000 | ip=127.0.0.1 | op=COMMIT_KEY {volume=volume05539, bucket=bucket55533, key=mMpfD93, dataSize=5, replicationType=RATIS, replicationFactor=ONE, keyLocationInfo=[blockID {
  containerBlockID {
    containerID: 1
    localID: 102663841618395722
  }
  blockCommitSequenceId: 0
}
offset: 0
length: 5
createVersion: 0
pipeline {
  leaderID: ""
  members {
    uuid: "ca5dcef0-b5a3-4f45-b527-2d4684781b8d"
    ipAddress: "192.168.34.22"
    hostName: "pr-hdds-1909-sn94l-363750510"
    ports {
      name: "REST"
      value: 43516
    }
    ports {
      name: "RATIS"
      value: 45280
    }
    ports {
      name: "STANDALONE"
      value: 42360
    }
    networkName: "ca5dcef0-b5a3-4f45-b527-2d4684781b8d"
    networkLocation: "/default-rack"
  }
  state: PIPELINE_OPEN
  type: STAND_ALONE
  factor: ONE
  id {
    id: "2a0b29ae-ba4c-4ddb-9aab-cc7c8e91dbb9"
  }
}
]} | ret=SUCCESS |  
2019-08-23 02:05:03,610 | INFO  | SCMAudit | user=jenkins1000 | ip=192.168.34.22 | op=ALLOCATE_BLOCK {owner=3ddedc01-3817-40e9-9841-60bd7c64fa0e, size=4194304, type=STAND_ALONE, factor=ONE} | ret=SUCCESS |  
2019-08-23 02:05:03,611 | INFO  | OMAudit | user=jenkins1000 | ip=127.0.0.1 | op=ALLOCATE_KEY {volume=volume05539, bucket=bucket55533, key=NsJiJ94, dataSize=4096, replicationType=STAND_ALONE, replicationFactor=ONE, keyLocationInfo=[blockID {
  containerBlockID {
    containerID: 2
    localID: 102663841618985548
  }
  blockCommitSequenceId: 0
}
offset: 0
length: 4194304
createVersion: 0
pipeline {
  leaderID: ""
  members {
    uuid: "ca5dcef0-b5a3-4f45-b527-2d4684781b8d"
    ipAddress: "192.168.34.22"
    hostName: "pr-hdds-1909-sn94l-363750510"
    ports {
      name: "REST"
      value: 43516
    }
    ports {
      name: "RATIS"
      value: 45280
    }
    ports {
      name: "STANDALONE"
      value: 42360
    }
    networkName: "ca5dcef0-b5a3-4f45-b527-2d4684781b8d"
    networkLocation: "/default-rack"
  }
  state: PIPELINE_OPEN
  type: STAND_ALONE
  factor: ONE
  id {
    id: "2a0b29ae-ba4c-4ddb-9aab-cc7c8e91dbb9"
  }
}
]} | ret=SUCCESS |  
2019-08-23 02:05:03,613 | INFO  | DNAudit | user=null | ip=null | op=WRITE_CHUNK {blockData=conID: 2 locID: 102663841618985548 bcsId: 0} | ret=SUCCESS |  
2019-08-23 02:05:03,616 | INFO  | DNAudit | user=null | ip=null | op=PUT_BLOCK {blockData=[blockId=conID: 2 locID: 102663841618985548 bcsId: 0,size=5]} | ret=SUCCESS |  
2019-08-23 02:05:03,618 | INFO  | OMAudit | user=jenkins1000 | ip=127.0.0.1 | op=COMMIT_KEY {volume=volume05539, bucket=bucket55533, key=NsJiJ94, dataSize=5, replicationType=RATIS, replicationFactor=ONE, keyLocationInfo=[blockID {
  containerBlockID {
    containerID: 2
    localID: 102663841618985548
  }
  blockCommitSequenceId: 0
}
offset: 0
length: 5
createVersion: 0
pipeline {
  leaderID: ""
  members {
    uuid: "ca5dcef0-b5a3-4f45-b527-2d4684781b8d"
    ipAddress: "192.168.34.22"
    hostName: "pr-hdds-1909-sn94l-363750510"
    ports {
      name: "REST"
      value: 43516
    }
    ports {
      name: "RATIS"
      value: 45280
    }
    ports {
      name: "STANDALONE"
      value: 42360
    }
    networkName: "ca5dcef0-b5a3-4f45-b527-2d4684781b8d"
    networkLocation: "/default-rack"
  }
  state: PIPELINE_OPEN
  type: STAND_ALONE
  factor: ONE
  id {
    id: "2a0b29ae-ba4c-4ddb-9aab-cc7c8e91dbb9"
  }
}
]} | ret=SUCCESS |  
2019-08-23 02:05:03,619 | INFO  | SCMAudit | user=jenkins1000 | ip=192.168.34.22 | op=ALLOCATE_BLOCK {owner=3ddedc01-3817-40e9-9841-60bd7c64fa0e, size=4194304, type=STAND_ALONE, factor=ONE} | ret=SUCCESS |  
2019-08-23 02:05:03,621 | INFO  | OMAudit | user=jenkins1000 | ip=127.0.0.1 | op=ALLOCATE_KEY {volume=volume05539, bucket=bucket55533, key=uWBvu95, dataSize=4096, replicationType=STAND_ALONE, replicationFactor=ONE, keyLocationInfo=[blockID {
  containerBlockID {
    containerID: 3
    localID: 102663841619575374
  }
  blockCommitSequenceId: 0
}
offset: 0
length: 4194304
createVersion: 0
pipeline {
  leaderID: ""
  members {
    uuid: "ca5dcef0-b5a3-4f45-b527-2d4684781b8d"
    ipAddress: "192.168.34.22"
    hostName: "pr-hdds-1909-sn94l-363750510"
    ports {
      name: "REST"
      value: 43516
    }
    ports {
      name: "RATIS"
      value: 45280
    }
    ports {
      name: "STANDALONE"
      value: 42360
    }
    networkName: "ca5dcef0-b5a3-4f45-b527-2d4684781b8d"
    networkLocation: "/default-rack"
  }
  state: PIPELINE_OPEN
  type: STAND_ALONE
  factor: ONE
  id {
    id: "2a0b29ae-ba4c-4ddb-9aab-cc7c8e91dbb9"
  }
}
]} | ret=SUCCESS |  
2019-08-23 02:05:03,624 | INFO  | DNAudit | user=null | ip=null | op=WRITE_CHUNK {blockData=conID: 3 locID: 102663841619575374 bcsId: 0} | ret=SUCCESS |  
2019-08-23 02:05:03,626 | INFO  | DNAudit | user=null | ip=null | op=PUT_BLOCK {blockData=[blockId=conID: 3 locID: 102663841619575374 bcsId: 0,size=5]} | ret=SUCCESS |  
2019-08-23 02:05:03,628 | INFO  | OMAudit | user=jenkins1000 | ip=127.0.0.1 | op=COMMIT_KEY {volume=volume05539, bucket=bucket55533, key=uWBvu95, dataSize=5, replicationType=RATIS, replicationFactor=ONE, keyLocationInfo=[blockID {
  containerBlockID {
    containerID: 3
    localID: 102663841619575374
  }
  blockCommitSequenceId: 0
}
offset: 0
length: 5
createVersion: 0
pipeline {
  leaderID: ""
  members {
    uuid: "ca5dcef0-b5a3-4f45-b527-2d4684781b8d"
    ipAddress: "192.168.34.22"
    hostName: "pr-hdds-1909-sn94l-363750510"
    ports {
      name: "REST"
      value: 43516
    }
    ports {
      name: "RATIS"
      value: 45280
    }
    ports {
      name: "STANDALONE"
      value: 42360
    }
    networkName: "ca5dcef0-b5a3-4f45-b527-2d4684781b8d"
    networkLocation: "/default-rack"
  }
  state: PIPELINE_OPEN
  type: STAND_ALONE
  factor: ONE
  id {
    id: "2a0b29ae-ba4c-4ddb-9aab-cc7c8e91dbb9"
  }
}
]} | ret=SUCCESS |  
2019-08-23 02:05:03,629 | INFO  | SCMAudit | user=jenkins1000 | ip=192.168.34.22 | op=ALLOCATE_BLOCK {owner=3ddedc01-3817-40e9-9841-60bd7c64fa0e, size=4194304, type=STAND_ALONE, factor=ONE} | ret=SUCCESS |  
2019-08-23 02:05:03,630 | INFO  | OMAudit | user=jenkins1000 | ip=127.0.0.1 | op=ALLOCATE_KEY {volume=volume05539, bucket=bucket55533, key=MjYca96, dataSize=4096, replicationType=STAND_ALONE, replicationFactor=ONE, keyLocationInfo=[blockID {
  containerBlockID {
    containerID: 1
    localID: 102663841620230736
  }
  blockCommitSequenceId: 0
}
offset: 0
length: 4194304
createVersion: 0
pipeline {
  leaderID: ""
  members {
    uuid: "ca5dcef0-b5a3-4f45-b527-2d4684781b8d"
    ipAddress: "192.168.34.22"
    hostName: "pr-hdds-1909-sn94l-363750510"
    ports {
      name: "REST"
      value: 43516
    }
    ports {
      name: "RATIS"
      value: 45280
    }
    ports {
      name: "STANDALONE"
      value: 42360
    }
    networkName: "ca5dcef0-b5a3-4f45-b527-2d4684781b8d"
    networkLocation: "/default-rack"
  }
  state: PIPELINE_OPEN
  type: STAND_ALONE
  factor: ONE
  id {
    id: "2a0b29ae-ba4c-4ddb-9aab-cc7c8e91dbb9"
  }
}
]} | ret=SUCCESS |  
2019-08-23 02:05:03,633 | INFO  | DNAudit | user=null | ip=null | op=WRITE_CHUNK {blockData=conID: 1 locID: 102663841620230736 bcsId: 0} | ret=SUCCESS |  
2019-08-23 02:05:03,635 | INFO  | DNAudit | user=null | ip=null | op=PUT_BLOCK {blockData=[blockId=conID: 1 locID: 102663841620230736 bcsId: 0,size=5]} | ret=SUCCESS |  
2019-08-23 02:05:03,637 | INFO  | OMAudit | user=jenkins1000 | ip=127.0.0.1 | op=COMMIT_KEY {volume=volume05539, bucket=bucket55533, key=MjYca96, dataSize=5, replicationType=RATIS, replicationFactor=ONE, keyLocationInfo=[blockID {
  containerBlockID {
    containerID: 1
    localID: 102663841620230736
  }
  blockCommitSequenceId: 0
}
offset: 0
length: 5
createVersion: 0
pipeline {
  leaderID: ""
  members {
    uuid: "ca5dcef0-b5a3-4f45-b527-2d4684781b8d"
    ipAddress: "192.168.34.22"
    hostName: "pr-hdds-1909-sn94l-363750510"
    ports {
      name: "REST"
      value: 43516
    }
    ports {
      name: "RATIS"
      value: 45280
    }
    ports {
      name: "STANDALONE"
      value: 42360
    }
    networkName: "ca5dcef0-b5a3-4f45-b527-2d4684781b8d"
    networkLocation: "/default-rack"
  }
  state: PIPELINE_OPEN
  type: STAND_ALONE
  factor: ONE
  id {
    id: "2a0b29ae-ba4c-4ddb-9aab-cc7c8e91dbb9"
  }
}
]} | ret=SUCCESS |  
2019-08-23 02:05:03,638 | INFO  | SCMAudit | user=jenkins1000 | ip=192.168.34.22 | op=ALLOCATE_BLOCK {owner=3ddedc01-3817-40e9-9841-60bd7c64fa0e, size=4194304, type=STAND_ALONE, factor=ONE} | ret=SUCCESS |  
2019-08-23 02:05:03,640 | INFO  | OMAudit | user=jenkins1000 | ip=127.0.0.1 | op=ALLOCATE_KEY {volume=volume05539, bucket=bucket55533, key=fMVXf97, dataSize=4096, replicationType=STAND_ALONE, replicationFactor=ONE, keyLocationInfo=[blockID {
  containerBlockID {
    containerID: 2
    localID: 102663841620820562
  }
  blockCommitSequenceId: 0
}
offset: 0
length: 4194304
createVersion: 0
pipeline {
  leaderID: ""
  members {
    uuid: "ca5dcef0-b5a3-4f45-b527-2d4684781b8d"
    ipAddress: "192.168.34.22"
    hostName: "pr-hdds-1909-sn94l-363750510"
    ports {
      name: "REST"
      value: 43516
    }
    ports {
      name: "RATIS"
      value: 45280
    }
    ports {
      name: "STANDALONE"
      value: 42360
    }
    networkName: "ca5dcef0-b5a3-4f45-b527-2d4684781b8d"
    networkLocation: "/default-rack"
  }
  state: PIPELINE_OPEN
  type: STAND_ALONE
  factor: ONE
  id {
    id: "2a0b29ae-ba4c-4ddb-9aab-cc7c8e91dbb9"
  }
}
]} | ret=SUCCESS |  
2019-08-23 02:05:03,648 | INFO  | DNAudit | user=null | ip=null | op=WRITE_CHUNK {blockData=conID: 2 locID: 102663841620820562 bcsId: 0} | ret=SUCCESS |  
2019-08-23 02:05:03,650 | INFO  | DNAudit | user=null | ip=null | op=PUT_BLOCK {blockData=[blockId=conID: 2 locID: 102663841620820562 bcsId: 0,size=5]} | ret=SUCCESS |  
2019-08-23 02:05:03,652 | INFO  | OMAudit | user=jenkins1000 | ip=127.0.0.1 | op=COMMIT_KEY {volume=volume05539, bucket=bucket55533, key=fMVXf97, dataSize=5, replicationType=RATIS, replicationFactor=ONE, keyLocationInfo=[blockID {
  containerBlockID {
    containerID: 2
    localID: 102663841620820562
  }
  blockCommitSequenceId: 0
}
offset: 0
length: 5
createVersion: 0
pipeline {
  leaderID: ""
  members {
    uuid: "ca5dcef0-b5a3-4f45-b527-2d4684781b8d"
    ipAddress: "192.168.34.22"
    hostName: "pr-hdds-1909-sn94l-363750510"
    ports {
      name: "REST"
      value: 43516
    }
    ports {
      name: "RATIS"
      value: 45280
    }
    ports {
      name: "STANDALONE"
      value: 42360
    }
    networkName: "ca5dcef0-b5a3-4f45-b527-2d4684781b8d"
    networkLocation: "/default-rack"
  }
  state: PIPELINE_OPEN
  type: STAND_ALONE
  factor: ONE
  id {
    id: "2a0b29ae-ba4c-4ddb-9aab-cc7c8e91dbb9"
  }
}
]} | ret=SUCCESS |  
2019-08-23 02:05:03,653 | INFO  | SCMAudit | user=jenkins1000 | ip=192.168.34.22 | op=ALLOCATE_BLOCK {owner=3ddedc01-3817-40e9-9841-60bd7c64fa0e, size=4194304, type=STAND_ALONE, factor=ONE} | ret=SUCCESS |  
2019-08-23 02:05:03,654 | INFO  | OMAudit | user=jenkins1000 | ip=127.0.0.1 | op=ALLOCATE_KEY {volume=volume05539, bucket=bucket55533, key=qVZzM98, dataSize=4096, replicationType=STAND_ALONE, replicationFactor=ONE, keyLocationInfo=[blockID {
  containerBlockID {
    containerID: 3
    localID: 102663841621803604
  }
  blockCommitSequenceId: 0
}
offset: 0
length: 4194304
createVersion: 0
pipeline {
  leaderID: ""
  members {
    uuid: "ca5dcef0-b5a3-4f45-b527-2d4684781b8d"
    ipAddress: "192.168.34.22"
    hostName: "pr-hdds-1909-sn94l-363750510"
    ports {
      name: "REST"
      value: 43516
    }
    ports {
      name: "RATIS"
      value: 45280
    }
    ports {
      name: "STANDALONE"
      value: 42360
    }
    networkName: "ca5dcef0-b5a3-4f45-b527-2d4684781b8d"
    networkLocation: "/default-rack"
  }
  state: PIPELINE_OPEN
  type: STAND_ALONE
  factor: ONE
  id {
    id: "2a0b29ae-ba4c-4ddb-9aab-cc7c8e91dbb9"
  }
}
]} | ret=SUCCESS |  
2019-08-23 02:05:03,657 | INFO  | DNAudit | user=null | ip=null | op=WRITE_CHUNK {blockData=conID: 3 locID: 102663841621803604 bcsId: 0} | ret=SUCCESS |  
2019-08-23 02:05:03,659 | INFO  | DNAudit | user=null | ip=null | op=PUT_BLOCK {blockData=[blockId=conID: 3 locID: 102663841621803604 bcsId: 0,size=5]} | ret=SUCCESS |  
2019-08-23 02:05:03,661 | INFO  | OMAudit | user=jenkins1000 | ip=127.0.0.1 | op=COMMIT_KEY {volume=volume05539, bucket=bucket55533, key=qVZzM98, dataSize=5, replicationType=RATIS, replicationFactor=ONE, keyLocationInfo=[blockID {
  containerBlockID {
    containerID: 3
    localID: 102663841621803604
  }
  blockCommitSequenceId: 0
}
offset: 0
length: 5
createVersion: 0
pipeline {
  leaderID: ""
  members {
    uuid: "ca5dcef0-b5a3-4f45-b527-2d4684781b8d"
    ipAddress: "192.168.34.22"
    hostName: "pr-hdds-1909-sn94l-363750510"
    ports {
      name: "REST"
      value: 43516
    }
    ports {
      name: "RATIS"
      value: 45280
    }
    ports {
      name: "STANDALONE"
      value: 42360
    }
    networkName: "ca5dcef0-b5a3-4f45-b527-2d4684781b8d"
    networkLocation: "/default-rack"
  }
  state: PIPELINE_OPEN
  type: STAND_ALONE
  factor: ONE
  id {
    id: "2a0b29ae-ba4c-4ddb-9aab-cc7c8e91dbb9"
  }
}
]} | ret=SUCCESS |  
2019-08-23 02:05:03,662 | INFO  | SCMAudit | user=jenkins1000 | ip=192.168.34.22 | op=ALLOCATE_BLOCK {owner=3ddedc01-3817-40e9-9841-60bd7c64fa0e, size=4194304, type=STAND_ALONE, factor=ONE} | ret=SUCCESS |  
2019-08-23 02:05:03,664 | INFO  | OMAudit | user=jenkins1000 | ip=127.0.0.1 | op=ALLOCATE_KEY {volume=volume05539, bucket=bucket55533, key=TlsJI99, dataSize=4096, replicationType=STAND_ALONE, replicationFactor=ONE, keyLocationInfo=[blockID {
  containerBlockID {
    containerID: 1
    localID: 102663841622393430
  }
  blockCommitSequenceId: 0
}
offset: 0
length: 4194304
createVersion: 0
pipeline {
  leaderID: ""
  members {
    uuid: "ca5dcef0-b5a3-4f45-b527-2d4684781b8d"
    ipAddress: "192.168.34.22"
    hostName: "pr-hdds-1909-sn94l-363750510"
    ports {
      name: "REST"
      value: 43516
    }
    ports {
      name: "RATIS"
      value: 45280
    }
    ports {
      name: "STANDALONE"
      value: 42360
    }
    networkName: "ca5dcef0-b5a3-4f45-b527-2d4684781b8d"
    networkLocation: "/default-rack"
  }
  state: PIPELINE_OPEN
  type: STAND_ALONE
  factor: ONE
  id {
    id: "2a0b29ae-ba4c-4ddb-9aab-cc7c8e91dbb9"
  }
}
]} | ret=SUCCESS |  
2019-08-23 02:05:03,667 | INFO  | DNAudit | user=null | ip=null | op=WRITE_CHUNK {blockData=conID: 1 locID: 102663841622393430 bcsId: 0} | ret=SUCCESS |  
2019-08-23 02:05:03,668 | INFO  | DNAudit | user=null | ip=null | op=PUT_BLOCK {blockData=[blockId=conID: 1 locID: 102663841622393430 bcsId: 0,size=5]} | ret=SUCCESS |  
2019-08-23 02:05:03,670 | INFO  | OMAudit | user=jenkins1000 | ip=127.0.0.1 | op=COMMIT_KEY {volume=volume05539, bucket=bucket55533, key=TlsJI99, dataSize=5, replicationType=RATIS, replicationFactor=ONE, keyLocationInfo=[blockID {
  containerBlockID {
    containerID: 1
    localID: 102663841622393430
  }
  blockCommitSequenceId: 0
}
offset: 0
length: 5
createVersion: 0
pipeline {
  leaderID: ""
  members {
    uuid: "ca5dcef0-b5a3-4f45-b527-2d4684781b8d"
    ipAddress: "192.168.34.22"
    hostName: "pr-hdds-1909-sn94l-363750510"
    ports {
      name: "REST"
      value: 43516
    }
    ports {
      name: "RATIS"
      value: 45280
    }
    ports {
      name: "STANDALONE"
      value: 42360
    }
    networkName: "ca5dcef0-b5a3-4f45-b527-2d4684781b8d"
    networkLocation: "/default-rack"
  }
  state: PIPELINE_OPEN
  type: STAND_ALONE
  factor: ONE
  id {
    id: "2a0b29ae-ba4c-4ddb-9aab-cc7c8e91dbb9"
  }
}
]} | ret=SUCCESS |  
2019-08-23 02:05:03,684 | INFO  | SCMAudit | user=jenkins1000 | ip=192.168.34.22 | op=GET_CONTAINER_WITH_PIPELINE {containerID=#2} | ret=SUCCESS |  
2019-08-23 02:05:03,684 | INFO  | OMAudit | user=null | ip=null | op=READ_KEY {volume=volume05539, bucket=bucket55533, key=dfYwz34, dataSize=0, replicationType=null, replicationFactor=null, keyLocationInfo=null} | ret=SUCCESS |  
2019-08-23 02:05:03,686 | INFO  | SCMAudit | user=jenkins1000 | ip=192.168.34.22 | op=GET_CONTAINER_WITH_PIPELINE {containerID=#1} | ret=SUCCESS |  
2019-08-23 02:05:03,687 | INFO  | OMAudit | user=null | ip=null | op=READ_KEY {volume=volume05539, bucket=bucket55533, key=MjYca96, dataSize=0, replicationType=null, replicationFactor=null, keyLocationInfo=null} | ret=SUCCESS |  
2019-08-23 02:05:03,688 | INFO  | SCMAudit | user=jenkins1000 | ip=192.168.34.22 | op=GET_CONTAINER_WITH_PIPELINE {containerID=#1} | ret=SUCCESS |  
2019-08-23 02:05:03,688 | INFO  | OMAudit | user=null | ip=null | op=READ_KEY {volume=volume05539, bucket=bucket55533, key=bTFLs21, dataSize=0, replicationType=null, replicationFactor=null, keyLocationInfo=null} | ret=SUCCESS |  
2019-08-23 02:05:03,689 | INFO  | SCMAudit | user=jenkins1000 | ip=192.168.34.22 | op=GET_CONTAINER_WITH_PIPELINE {containerID=#3} | ret=SUCCESS |  
2019-08-23 02:05:03,689 | INFO  | OMAudit | user=null | ip=null | op=READ_KEY {volume=volume05539, bucket=bucket55533, key=iwkCL71, dataSize=0, replicationType=null, replicationFactor=null, keyLocationInfo=null} | ret=SUCCESS |  
2019-08-23 02:05:03,690 | INFO  | SCMAudit | user=jenkins1000 | ip=192.168.34.22 | op=GET_CONTAINER_WITH_PIPELINE {containerID=#1} | ret=SUCCESS |  
2019-08-23 02:05:03,691 | INFO  | OMAudit | user=null | ip=null | op=READ_KEY {volume=volume05539, bucket=bucket55533, key=yPpPx3, dataSize=0, replicationType=null, replicationFactor=null, keyLocationInfo=null} | ret=SUCCESS |  
2019-08-23 02:05:03,691 | INFO  | SCMAudit | user=jenkins1000 | ip=192.168.34.22 | op=GET_CONTAINER_WITH_PIPELINE {containerID=#3} | ret=SUCCESS |  
2019-08-23 02:05:03,692 | INFO  | OMAudit | user=null | ip=null | op=READ_KEY {volume=volume05539, bucket=bucket55533, key=WhoqG83, dataSize=0, replicationType=null, replicationFactor=null, keyLocationInfo=null} | ret=SUCCESS |  
2019-08-23 02:05:03,692 | INFO  | SCMAudit | user=jenkins1000 | ip=192.168.34.22 | op=GET_CONTAINER_WITH_PIPELINE {containerID=#3} | ret=SUCCESS |  
2019-08-23 02:05:03,693 | INFO  | OMAudit | user=null | ip=null | op=READ_KEY {volume=volume05539, bucket=bucket55533, key=Oirgn77, dataSize=0, replicationType=null, replicationFactor=null, keyLocationInfo=null} | ret=SUCCESS |  
2019-08-23 02:05:03,693 | INFO  | SCMAudit | user=jenkins1000 | ip=192.168.34.22 | op=GET_CONTAINER_WITH_PIPELINE {containerID=#2} | ret=SUCCESS |  
2019-08-23 02:05:03,694 | INFO  | OMAudit | user=null | ip=null | op=READ_KEY {volume=volume05539, bucket=bucket55533, key=acKAr46, dataSize=0, replicationType=null, replicationFactor=null, keyLocationInfo=null} | ret=SUCCESS |  
2019-08-23 02:05:03,694 | INFO  | SCMAudit | user=jenkins1000 | ip=192.168.34.22 | op=GET_CONTAINER_WITH_PIPELINE {containerID=#1} | ret=SUCCESS |  
2019-08-23 02:05:03,695 | INFO  | OMAudit | user=null | ip=null | op=READ_KEY {volume=volume05539, bucket=bucket55533, key=Wzlrm66, dataSize=0, replicationType=null, replicationFactor=null, keyLocationInfo=null} | ret=SUCCESS |  
2019-08-23 02:05:03,695 | INFO  | SCMAudit | user=jenkins1000 | ip=192.168.34.22 | op=GET_CONTAINER_WITH_PIPELINE {containerID=#2} | ret=SUCCESS |  
2019-08-23 02:05:03,696 | INFO  | OMAudit | user=null | ip=null | op=READ_KEY {volume=volume05539, bucket=bucket55533, key=SMkWi67, dataSize=0, replicationType=null, replicationFactor=null, keyLocationInfo=null} | ret=SUCCESS |  
2019-08-23 02:05:03,696 | INFO  | SCMAudit | user=jenkins1000 | ip=192.168.34.22 | op=GET_CONTAINER_WITH_PIPELINE {containerID=#2} | ret=SUCCESS |  
2019-08-23 02:05:03,697 | INFO  | OMAudit | user=null | ip=null | op=READ_KEY {volume=volume05539, bucket=bucket55533, key=uatUA31, dataSize=0, replicationType=null, replicationFactor=null, keyLocationInfo=null} | ret=SUCCESS |  
2019-08-23 02:05:03,697 | INFO  | SCMAudit | user=jenkins1000 | ip=192.168.34.22 | op=GET_CONTAINER_WITH_PIPELINE {containerID=#2} | ret=SUCCESS |  
2019-08-23 02:05:03,698 | INFO  | OMAudit | user=null | ip=null | op=READ_KEY {volume=volume05539, bucket=bucket55533, key=JNGjl91, dataSize=0, replicationType=null, replicationFactor=null, keyLocationInfo=null} | ret=SUCCESS |  
2019-08-23 02:05:03,698 | INFO  | SCMAudit | user=jenkins1000 | ip=192.168.34.22 | op=GET_CONTAINER_WITH_PIPELINE {containerID=#1} | ret=SUCCESS |  
2019-08-23 02:05:03,699 | INFO  | OMAudit | user=null | ip=null | op=READ_KEY {volume=volume05539, bucket=bucket55533, key=cKDcR36, dataSize=0, replicationType=null, replicationFactor=null, keyLocationInfo=null} | ret=SUCCESS |  
2019-08-23 02:05:03,699 | INFO  | SCMAudit | user=jenkins1000 | ip=192.168.34.22 | op=GET_CONTAINER_WITH_PIPELINE {containerID=#1} | ret=SUCCESS |  
2019-08-23 02:05:03,700 | INFO  | OMAudit | user=null | ip=null | op=READ_KEY {volume=volume05539, bucket=bucket55533, key=UKQVE27, dataSize=0, replicationType=null, replicationFactor=null, keyLocationInfo=null} | ret=SUCCESS |  
2019-08-23 02:05:03,700 | INFO  | SCMAudit | user=jenkins1000 | ip=192.168.34.22 | op=GET_CONTAINER_WITH_PIPELINE {containerID=#1} | ret=SUCCESS |  
2019-08-23 02:05:03,701 | INFO  | OMAudit | user=null | ip=null | op=READ_KEY {volume=volume05539, bucket=bucket55533, key=kfkOu42, dataSize=0, replicationType=null, replicationFactor=null, keyLocationInfo=null} | ret=SUCCESS |  
2019-08-23 02:05:03,701 | INFO  | SCMAudit | user=jenkins1000 | ip=192.168.34.22 | op=GET_CONTAINER_WITH_PIPELINE {containerID=#1} | ret=SUCCESS |  
2019-08-23 02:05:03,702 | INFO  | OMAudit | user=null | ip=null | op=READ_KEY {volume=volume05539, bucket=bucket55533, key=WXwCb63, dataSize=0, replicationType=null, replicationFactor=null, keyLocationInfo=null} | ret=SUCCESS |  
2019-08-23 02:05:03,702 | INFO  | SCMAudit | user=jenkins1000 | ip=192.168.34.22 | op=GET_CONTAINER_WITH_PIPELINE {containerID=#2} | ret=SUCCESS |  
2019-08-23 02:05:03,703 | INFO  | OMAudit | user=null | ip=null | op=READ_KEY {volume=volume05539, bucket=bucket55533, key=QmJhd55, dataSize=0, replicationType=null, replicationFactor=null, keyLocationInfo=null} | ret=SUCCESS |  
2019-08-23 02:05:03,703 | INFO  | SCMAudit | user=jenkins1000 | ip=192.168.34.22 | op=GET_CONTAINER_WITH_PIPELINE {containerID=#1} | ret=SUCCESS |  
2019-08-23 02:05:03,704 | INFO  | OMAudit | user=null | ip=null | op=READ_KEY {volume=volume05539, bucket=bucket55533, key=hUJqc75, dataSize=0, replicationType=null, replicationFactor=null, keyLocationInfo=null} | ret=SUCCESS |  
2019-08-23 02:05:03,704 | INFO  | SCMAudit | user=jenkins1000 | ip=192.168.34.22 | op=GET_CONTAINER_WITH_PIPELINE {containerID=#2} | ret=SUCCESS |  
2019-08-23 02:05:03,705 | INFO  | OMAudit | user=null | ip=null | op=READ_KEY {volume=volume05539, bucket=bucket55533, key=QHnPt82, dataSize=0, replicationType=null, replicationFactor=null, keyLocationInfo=null} | ret=SUCCESS |  
2019-08-23 02:05:03,705 | INFO  | SCMAudit | user=jenkins1000 | ip=192.168.34.22 | op=GET_CONTAINER_WITH_PIPELINE {containerID=#1} | ret=SUCCESS |  
2019-08-23 02:05:03,706 | INFO  | OMAudit | user=null | ip=null | op=READ_KEY {volume=volume05539, bucket=bucket55533, key=xndiT54, dataSize=0, replicationType=null, replicationFactor=null, keyLocationInfo=null} | ret=SUCCESS |  
2019-08-23 02:05:03,706 | INFO  | SCMAudit | user=jenkins1000 | ip=192.168.34.22 | op=GET_CONTAINER_WITH_PIPELINE {containerID=#3} | ret=SUCCESS |  
2019-08-23 02:05:03,707 | INFO  | OMAudit | user=null | ip=null | op=READ_KEY {volume=volume05539, bucket=bucket55533, key=Tdfdb74, dataSize=0, replicationType=null, replicationFactor=null, keyLocationInfo=null} | ret=SUCCESS |  
2019-08-23 02:05:03,707 | INFO  | SCMAudit | user=jenkins1000 | ip=192.168.34.22 | op=GET_CONTAINER_WITH_PIPELINE {containerID=#3} | ret=SUCCESS |  
2019-08-23 02:05:03,708 | INFO  | OMAudit | user=null | ip=null | op=READ_KEY {volume=volume05539, bucket=bucket55533, key=oBCEu8, dataSize=0, replicationType=null, replicationFactor=null, keyLocationInfo=null} | ret=SUCCESS |  
2019-08-23 02:05:03,708 | INFO  | SCMAudit | user=jenkins1000 | ip=192.168.34.22 | op=GET_CONTAINER_WITH_PIPELINE {containerID=#1} | ret=SUCCESS |  
2019-08-23 02:05:03,709 | INFO  | OMAudit | user=null | ip=null | op=READ_KEY {volume=volume05539, bucket=bucket55533, key=zTiyJ51, dataSize=0, replicationType=null, replicationFactor=null, keyLocationInfo=null} | ret=SUCCESS |  
2019-08-23 02:05:03,709 | INFO  | SCMAudit | user=jenkins1000 | ip=192.168.34.22 | op=GET_CONTAINER_WITH_PIPELINE {containerID=#1} | ret=SUCCESS |  
2019-08-23 02:05:03,710 | INFO  | OMAudit | user=null | ip=null | op=READ_KEY {volume=volume05539, bucket=bucket55533, key=UUGQK90, dataSize=0, replicationType=null, replicationFactor=null, keyLocationInfo=null} | ret=SUCCESS |  
2019-08-23 02:05:03,710 | INFO  | SCMAudit | user=jenkins1000 | ip=192.168.34.22 | op=GET_CONTAINER_WITH_PIPELINE {containerID=#1} | ret=SUCCESS |  
2019-08-23 02:05:03,711 | INFO  | OMAudit | user=null | ip=null | op=READ_KEY {volume=volume05539, bucket=bucket55533, key=Ghomt45, dataSize=0, replicationType=null, replicationFactor=null, keyLocationInfo=null} | ret=SUCCESS |  
2019-08-23 02:05:03,711 | INFO  | SCMAudit | user=jenkins1000 | ip=192.168.34.22 | op=GET_CONTAINER_WITH_PIPELINE {containerID=#1} | ret=SUCCESS |  
2019-08-23 02:05:03,712 | INFO  | OMAudit | user=null | ip=null | op=READ_KEY {volume=volume05539, bucket=bucket55533, key=uwyJS57, dataSize=0, replicationType=null, replicationFactor=null, keyLocationInfo=null} | ret=SUCCESS |  
2019-08-23 02:05:03,712 | INFO  | SCMAudit | user=jenkins1000 | ip=192.168.34.22 | op=GET_CONTAINER_WITH_PIPELINE {containerID=#2} | ret=SUCCESS |  
2019-08-23 02:05:03,713 | INFO  | OMAudit | user=null | ip=null | op=READ_KEY {volume=volume05539, bucket=bucket55533, key=MqVqU25, dataSize=0, replicationType=null, replicationFactor=null, keyLocationInfo=null} | ret=SUCCESS |  
2019-08-23 02:05:03,713 | INFO  | SCMAudit | user=jenkins1000 | ip=192.168.34.22 | op=GET_CONTAINER_WITH_PIPELINE {containerID=#2} | ret=SUCCESS |  
2019-08-23 02:05:03,713 | INFO  | OMAudit | user=null | ip=null | op=READ_KEY {volume=volume05539, bucket=bucket55533, key=GjrDg28, dataSize=0, replicationType=null, replicationFactor=null, keyLocationInfo=null} | ret=SUCCESS |  
2019-08-23 02:05:03,714 | INFO  | SCMAudit | user=jenkins1000 | ip=192.168.34.22 | op=GET_CONTAINER_WITH_PIPELINE {containerID=#3} | ret=SUCCESS |  
2019-08-23 02:05:03,714 | INFO  | OMAudit | user=null | ip=null | op=READ_KEY {volume=volume05539, bucket=bucket55533, key=yWANd5, dataSize=0, replicationType=null, replicationFactor=null, keyLocationInfo=null} | ret=SUCCESS |  
2019-08-23 02:05:03,715 | INFO  | SCMAudit | user=jenkins1000 | ip=192.168.34.22 | op=GET_CONTAINER_WITH_PIPELINE {containerID=#2} | ret=SUCCESS |  
2019-08-23 02:05:03,715 | INFO  | OMAudit | user=null | ip=null | op=READ_KEY {volume=volume05539, bucket=bucket55533, key=bkrJG40, dataSize=0, replicationType=null, replicationFactor=null, keyLocationInfo=null} | ret=SUCCESS |  
2019-08-23 02:05:03,716 | INFO  | SCMAudit | user=jenkins1000 | ip=192.168.34.22 | op=GET_CONTAINER_WITH_PIPELINE {containerID=#2} | ret=SUCCESS |  
2019-08-23 02:05:03,716 | INFO  | OMAudit | user=null | ip=null | op=READ_KEY {volume=volume05539, bucket=bucket55533, key=JDbCp64, dataSize=0, replicationType=null, replicationFactor=null, keyLocationInfo=null} | ret=SUCCESS |  
2019-08-23 02:05:03,717 | INFO  | SCMAudit | user=jenkins1000 | ip=192.168.34.22 | op=GET_CONTAINER_WITH_PIPELINE {containerID=#3} | ret=SUCCESS |  
2019-08-23 02:05:03,717 | INFO  | OMAudit | user=null | ip=null | op=READ_KEY {volume=volume05539, bucket=bucket55533, key=BaESh68, dataSize=0, replicationType=null, replicationFactor=null, keyLocationInfo=null} | ret=SUCCESS |  
2019-08-23 02:05:03,718 | INFO  | SCMAudit | user=jenkins1000 | ip=192.168.34.22 | op=GET_CONTAINER_WITH_PIPELINE {containerID=#3} | ret=SUCCESS |  
2019-08-23 02:05:03,718 | INFO  | OMAudit | user=null | ip=null | op=READ_KEY {volume=volume05539, bucket=bucket55533, key=qVZzM98, dataSize=0, replicationType=null, replicationFactor=null, keyLocationInfo=null} | ret=SUCCESS |  
2019-08-23 02:05:03,718 | INFO  | SCMAudit | user=jenkins1000 | ip=192.168.34.22 | op=GET_CONTAINER_WITH_PIPELINE {containerID=#3} | ret=SUCCESS |  
2019-08-23 02:05:03,719 | INFO  | OMAudit | user=null | ip=null | op=READ_KEY {volume=volume05539, bucket=bucket55533, key=oaToo53, dataSize=0, replicationType=null, replicationFactor=null, keyLocationInfo=null} | ret=SUCCESS |  
2019-08-23 02:05:03,719 | INFO  | SCMAudit | user=jenkins1000 | ip=192.168.34.22 | op=GET_CONTAINER_WITH_PIPELINE {containerID=#1} | ret=SUCCESS |  
2019-08-23 02:05:03,720 | INFO  | OMAudit | user=null | ip=null | op=READ_KEY {volume=volume05539, bucket=bucket55533, key=zRPcg60, dataSize=0, replicationType=null, replicationFactor=null, keyLocationInfo=null} | ret=SUCCESS |  
2019-08-23 02:05:03,720 | INFO  | SCMAudit | user=jenkins1000 | ip=192.168.34.22 | op=GET_CONTAINER_WITH_PIPELINE {containerID=#3} | ret=SUCCESS |  
2019-08-23 02:05:03,721 | INFO  | OMAudit | user=null | ip=null | op=READ_KEY {volume=volume05539, bucket=bucket55533, key=zfPOI20, dataSize=0, replicationType=null, replicationFactor=null, keyLocationInfo=null} | ret=SUCCESS |  
2019-08-23 02:05:03,721 | INFO  | SCMAudit | user=jenkins1000 | ip=192.168.34.22 | op=GET_CONTAINER_WITH_PIPELINE {containerID=#2} | ret=SUCCESS |  
2019-08-23 02:05:03,722 | INFO  | OMAudit | user=null | ip=null | op=READ_KEY {volume=volume05539, bucket=bucket55533, key=rWTbt49, dataSize=0, replicationType=null, replicationFactor=null, keyLocationInfo=null} | ret=SUCCESS |  
2019-08-23 02:05:03,722 | INFO  | SCMAudit | user=jenkins1000 | ip=192.168.34.22 | op=GET_CONTAINER_WITH_PIPELINE {containerID=#3} | ret=SUCCESS |  
2019-08-23 02:05:03,722 | INFO  | OMAudit | user=null | ip=null | op=READ_KEY {volume=volume05539, bucket=bucket55533, key=GXFJI86, dataSize=0, replicationType=null, replicationFactor=null, keyLocationInfo=null} | ret=SUCCESS |  
2019-08-23 02:05:03,723 | INFO  | SCMAudit | user=jenkins1000 | ip=192.168.34.22 | op=GET_CONTAINER_WITH_PIPELINE {containerID=#1} | ret=SUCCESS |  
2019-08-23 02:05:03,723 | INFO  | OMAudit | user=null | ip=null | op=READ_KEY {volume=volume05539, bucket=bucket55533, key=EBtdx69, dataSize=0, replicationType=null, replicationFactor=null, keyLocationInfo=null} | ret=SUCCESS |  
2019-08-23 02:05:03,724 | INFO  | SCMAudit | user=jenkins1000 | ip=192.168.34.22 | op=GET_CONTAINER_WITH_PIPELINE {containerID=#2} | ret=SUCCESS |  
2019-08-23 02:05:03,724 | INFO  | OMAudit | user=null | ip=null | op=READ_KEY {volume=volume05539, bucket=bucket55533, key=azvPc7, dataSize=0, replicationType=null, replicationFactor=null, keyLocationInfo=null} | ret=SUCCESS |  
2019-08-23 02:05:03,725 | INFO  | SCMAudit | user=jenkins1000 | ip=192.168.34.22 | op=GET_CONTAINER_WITH_PIPELINE {containerID=#3} | ret=SUCCESS |  
2019-08-23 02:05:03,725 | INFO  | OMAudit | user=null | ip=null | op=READ_KEY {volume=volume05539, bucket=bucket55533, key=KSuKT17, dataSize=0, replicationType=null, replicationFactor=null, keyLocationInfo=null} | ret=SUCCESS |  
2019-08-23 02:05:03,726 | INFO  | SCMAudit | user=jenkins1000 | ip=192.168.34.22 | op=GET_CONTAINER_WITH_PIPELINE {containerID=#2} | ret=SUCCESS |  
2019-08-23 02:05:03,726 | INFO  | OMAudit | user=null | ip=null | op=READ_KEY {volume=volume05539, bucket=bucket55533, key=hrlqa52, dataSize=0, replicationType=null, replicationFactor=null, keyLocationInfo=null} | ret=SUCCESS |  
2019-08-23 02:05:03,727 | INFO  | SCMAudit | user=jenkins1000 | ip=192.168.34.22 | op=GET_CONTAINER_WITH_PIPELINE {containerID=#2} | ret=SUCCESS |  
2019-08-23 02:05:03,727 | INFO  | OMAudit | user=null | ip=null | op=READ_KEY {volume=volume05539, bucket=bucket55533, key=vwvpu43, dataSize=0, replicationType=null, replicationFactor=null, keyLocationInfo=null} | ret=SUCCESS |  
2019-08-23 02:05:03,727 | INFO  | SCMAudit | user=jenkins1000 | ip=192.168.34.22 | op=GET_CONTAINER_WITH_PIPELINE {containerID=#1} | ret=SUCCESS |  
2019-08-23 02:05:03,728 | INFO  | OMAudit | user=null | ip=null | op=READ_KEY {volume=volume05539, bucket=bucket55533, key=lzRoD48, dataSize=0, replicationType=null, replicationFactor=null, keyLocationInfo=null} | ret=SUCCESS |  
2019-08-23 02:05:03,728 | INFO  | SCMAudit | user=jenkins1000 | ip=192.168.34.22 | op=GET_CONTAINER_WITH_PIPELINE {containerID=#3} | ret=SUCCESS |  
2019-08-23 02:05:03,729 | INFO  | OMAudit | user=null | ip=null | op=READ_KEY {volume=volume05539, bucket=bucket55533, key=oJvWB92, dataSize=0, replicationType=null, replicationFactor=null, keyLocationInfo=null} | ret=SUCCESS |  
2019-08-23 02:05:03,729 | INFO  | SCMAudit | user=jenkins1000 | ip=192.168.34.22 | op=GET_CONTAINER_WITH_PIPELINE {containerID=#3} | ret=SUCCESS |  
2019-08-23 02:05:03,730 | INFO  | OMAudit | user=null | ip=null | op=READ_KEY {volume=volume05539, bucket=bucket55533, key=oKVQO41, dataSize=0, replicationType=null, replicationFactor=null, keyLocationInfo=null} | ret=SUCCESS |  
2019-08-23 02:05:03,730 | INFO  | SCMAudit | user=jenkins1000 | ip=192.168.34.22 | op=GET_CONTAINER_WITH_PIPELINE {containerID=#2} | ret=SUCCESS |  
2019-08-23 02:05:03,731 | INFO  | OMAudit | user=null | ip=null | op=READ_KEY {volume=volume05539, bucket=bucket55533, key=LoBZt61, dataSize=0, replicationType=null, replicationFactor=null, keyLocationInfo=null} | ret=SUCCESS |  
2019-08-23 02:05:03,731 | INFO  | SCMAudit | user=jenkins1000 | ip=192.168.34.22 | op=GET_CONTAINER_WITH_PIPELINE {containerID=#3} | ret=SUCCESS |  
2019-08-23 02:05:03,732 | INFO  | OMAudit | user=null | ip=null | op=READ_KEY {volume=volume05539, bucket=bucket55533, key=HiVzO62, dataSize=0, replicationType=null, replicationFactor=null, keyLocationInfo=null} | ret=SUCCESS |  
2019-08-23 02:05:03,732 | INFO  | SCMAudit | user=jenkins1000 | ip=192.168.34.22 | op=GET_CONTAINER_WITH_PIPELINE {containerID=#3} | ret=SUCCESS |  
2019-08-23 02:05:03,733 | INFO  | OMAudit | user=null | ip=null | op=READ_KEY {volume=volume05539, bucket=bucket55533, key=ThAHS26, dataSize=0, replicationType=null, replicationFactor=null, keyLocationInfo=null} | ret=SUCCESS |  
2019-08-23 02:05:03,733 | INFO  | SCMAudit | user=jenkins1000 | ip=192.168.34.22 | op=GET_CONTAINER_WITH_PIPELINE {containerID=#2} | ret=SUCCESS |  
2019-08-23 02:05:03,733 | INFO  | OMAudit | user=null | ip=null | op=READ_KEY {volume=volume05539, bucket=bucket55533, key=qnRlD76, dataSize=0, replicationType=null, replicationFactor=null, keyLocationInfo=null} | ret=SUCCESS |  
2019-08-23 02:05:03,734 | INFO  | SCMAudit | user=jenkins1000 | ip=192.168.34.22 | op=GET_CONTAINER_WITH_PIPELINE {containerID=#3} | ret=SUCCESS |  
2019-08-23 02:05:03,735 | INFO  | OMAudit | user=null | ip=null | op=READ_KEY {volume=volume05539, bucket=bucket55533, key=UGxUd65, dataSize=0, replicationType=null, replicationFactor=null, keyLocationInfo=null} | ret=SUCCESS |  
2019-08-23 02:05:03,735 | INFO  | SCMAudit | user=jenkins1000 | ip=192.168.34.22 | op=GET_CONTAINER_WITH_PIPELINE {containerID=#2} | ret=SUCCESS |  
2019-08-23 02:05:03,736 | INFO  | OMAudit | user=null | ip=null | op=READ_KEY {volume=volume05539, bucket=bucket55533, key=SOoFT70, dataSize=0, replicationType=null, replicationFactor=null, keyLocationInfo=null} | ret=SUCCESS |  
2019-08-23 02:05:03,736 | INFO  | SCMAudit | user=jenkins1000 | ip=192.168.34.22 | op=GET_CONTAINER_WITH_PIPELINE {containerID=#2} | ret=SUCCESS |  
2019-08-23 02:05:03,736 | INFO  | OMAudit | user=null | ip=null | op=READ_KEY {volume=volume05539, bucket=bucket55533, key=stquG10, dataSize=0, replicationType=null, replicationFactor=null, keyLocationInfo=null} | ret=SUCCESS |  
2019-08-23 02:05:03,737 | INFO  | SCMAudit | user=jenkins1000 | ip=192.168.34.22 | op=GET_CONTAINER_WITH_PIPELINE {containerID=#2} | ret=SUCCESS |  
2019-08-23 02:05:03,737 | INFO  | OMAudit | user=null | ip=null | op=READ_KEY {volume=volume05539, bucket=bucket55533, key=nsnSv37, dataSize=0, replicationType=null, replicationFactor=null, keyLocationInfo=null} | ret=SUCCESS |  
2019-08-23 02:05:03,738 | INFO  | SCMAudit | user=jenkins1000 | ip=192.168.34.22 | op=GET_CONTAINER_WITH_PIPELINE {containerID=#2} | ret=SUCCESS |  
2019-08-23 02:05:03,738 | INFO  | OMAudit | user=null | ip=null | op=READ_KEY {volume=volume05539, bucket=bucket55533, key=dOYXe1, dataSize=0, replicationType=null, replicationFactor=null, keyLocationInfo=null} | ret=SUCCESS |  
2019-08-23 02:05:03,739 | INFO  | SCMAudit | user=jenkins1000 | ip=192.168.34.22 | op=GET_CONTAINER_WITH_PIPELINE {containerID=#3} | ret=SUCCESS |  
2019-08-23 02:05:03,739 | INFO  | OMAudit | user=null | ip=null | op=READ_KEY {volume=volume05539, bucket=bucket55533, key=ysdgW80, dataSize=0, replicationType=null, replicationFactor=null, keyLocationInfo=null} | ret=SUCCESS |  
2019-08-23 02:05:03,740 | INFO  | SCMAudit | user=jenkins1000 | ip=192.168.34.22 | op=GET_CONTAINER_WITH_PIPELINE {containerID=#3} | ret=SUCCESS |  
2019-08-23 02:05:03,740 | INFO  | OMAudit | user=null | ip=null | op=READ_KEY {volume=volume05539, bucket=bucket55533, key=uWBvu95, dataSize=0, replicationType=null, replicationFactor=null, keyLocationInfo=null} | ret=SUCCESS |  
2019-08-23 02:05:03,741 | INFO  | SCMAudit | user=jenkins1000 | ip=192.168.34.22 | op=GET_CONTAINER_WITH_PIPELINE {containerID=#3} | ret=SUCCESS |  
2019-08-23 02:05:03,741 | INFO  | OMAudit | user=null | ip=null | op=READ_KEY {volume=volume05539, bucket=bucket55533, key=ummDV38, dataSize=0, replicationType=null, replicationFactor=null, keyLocationInfo=null} | ret=SUCCESS |  
2019-08-23 02:05:03,742 | INFO  | SCMAudit | user=jenkins1000 | ip=192.168.34.22 | op=GET_CONTAINER_WITH_PIPELINE {containerID=#1} | ret=SUCCESS |  
2019-08-23 02:05:03,742 | INFO  | OMAudit | user=null | ip=null | op=READ_KEY {volume=volume05539, bucket=bucket55533, key=haCHx78, dataSize=0, replicationType=null, replicationFactor=null, keyLocationInfo=null} | ret=SUCCESS |  
2019-08-23 02:05:03,743 | INFO  | SCMAudit | user=jenkins1000 | ip=192.168.34.22 | op=GET_CONTAINER_WITH_PIPELINE {containerID=#3} | ret=SUCCESS |  
2019-08-23 02:05:03,743 | INFO  | OMAudit | user=null | ip=null | op=READ_KEY {volume=volume05539, bucket=bucket55533, key=ixytX89, dataSize=0, replicationType=null, replicationFactor=null, keyLocationInfo=null} | ret=SUCCESS |  
2019-08-23 02:05:03,744 | INFO  | SCMAudit | user=jenkins1000 | ip=192.168.34.22 | op=GET_CONTAINER_WITH_PIPELINE {containerID=#3} | ret=SUCCESS |  
2019-08-23 02:05:03,744 | INFO  | OMAudit | user=null | ip=null | op=READ_KEY {volume=volume05539, bucket=bucket55533, key=cxVSc56, dataSize=0, replicationType=null, replicationFactor=null, keyLocationInfo=null} | ret=SUCCESS |  
2019-08-23 02:05:03,745 | INFO  | SCMAudit | user=jenkins1000 | ip=192.168.34.22 | op=GET_CONTAINER_WITH_PIPELINE {containerID=#1} | ret=SUCCESS |  
2019-08-23 02:05:03,745 | INFO  | OMAudit | user=null | ip=null | op=READ_KEY {volume=volume05539, bucket=bucket55533, key=eegDb81, dataSize=0, replicationType=null, replicationFactor=null, keyLocationInfo=null} | ret=SUCCESS |  
2019-08-23 02:05:03,745 | INFO  | SCMAudit | user=jenkins1000 | ip=192.168.34.22 | op=GET_CONTAINER_WITH_PIPELINE {containerID=#3} | ret=SUCCESS |  
2019-08-23 02:05:03,746 | INFO  | OMAudit | user=null | ip=null | op=READ_KEY {volume=volume05539, bucket=bucket55533, key=IRTYF35, dataSize=0, replicationType=null, replicationFactor=null, keyLocationInfo=null} | ret=SUCCESS |  
2019-08-23 02:05:03,746 | INFO  | SCMAudit | user=jenkins1000 | ip=192.168.34.22 | op=GET_CONTAINER_WITH_PIPELINE {containerID=#3} | ret=SUCCESS |  
2019-08-23 02:05:03,747 | INFO  | OMAudit | user=null | ip=null | op=READ_KEY {volume=volume05539, bucket=bucket55533, key=kssYu2, dataSize=0, replicationType=null, replicationFactor=null, keyLocationInfo=null} | ret=SUCCESS |  
2019-08-23 02:05:03,747 | INFO  | SCMAudit | user=jenkins1000 | ip=192.168.34.22 | op=GET_CONTAINER_WITH_PIPELINE {containerID=#1} | ret=SUCCESS |  
2019-08-23 02:05:03,748 | INFO  | OMAudit | user=null | ip=null | op=READ_KEY {volume=volume05539, bucket=bucket55533, key=NKshD72, dataSize=0, replicationType=null, replicationFactor=null, keyLocationInfo=null} | ret=SUCCESS |  
2019-08-23 02:05:03,748 | INFO  | SCMAudit | user=jenkins1000 | ip=192.168.34.22 | op=GET_CONTAINER_WITH_PIPELINE {containerID=#1} | ret=SUCCESS |  
2019-08-23 02:05:03,749 | INFO  | OMAudit | user=null | ip=null | op=READ_KEY {volume=volume05539, bucket=bucket55533, key=WEmvN0, dataSize=0, replicationType=null, replicationFactor=null, keyLocationInfo=null} | ret=SUCCESS |  
2019-08-23 02:05:03,749 | INFO  | SCMAudit | user=jenkins1000 | ip=192.168.34.22 | op=GET_CONTAINER_WITH_PIPELINE {containerID=#1} | ret=SUCCESS |  
2019-08-23 02:05:03,750 | INFO  | OMAudit | user=null | ip=null | op=READ_KEY {volume=volume05539, bucket=bucket55533, key=ejQCB84, dataSize=0, replicationType=null, replicationFactor=null, keyLocationInfo=null} | ret=SUCCESS |  
2019-08-23 02:05:03,750 | INFO  | SCMAudit | user=jenkins1000 | ip=192.168.34.22 | op=GET_CONTAINER_WITH_PIPELINE {containerID=#3} | ret=SUCCESS |  
2019-08-23 02:05:03,750 | INFO  | OMAudit | user=null | ip=null | op=READ_KEY {volume=volume05539, bucket=bucket55533, key=jNYAm23, dataSize=0, replicationType=null, replicationFactor=null, keyLocationInfo=null} | ret=SUCCESS |  
2019-08-23 02:05:03,751 | INFO  | SCMAudit | user=jenkins1000 | ip=192.168.34.22 | op=GET_CONTAINER_WITH_PIPELINE {containerID=#2} | ret=SUCCESS |  
2019-08-23 02:05:03,751 | INFO  | OMAudit | user=null | ip=null | op=READ_KEY {volume=volume05539, bucket=bucket55533, key=LofnG16, dataSize=0, replicationType=null, replicationFactor=null, keyLocationInfo=null} | ret=SUCCESS |  
2019-08-23 02:05:03,752 | INFO  | SCMAudit | user=jenkins1000 | ip=192.168.34.22 | op=GET_CONTAINER_WITH_PIPELINE {containerID=#2} | ret=SUCCESS |  
2019-08-23 02:05:03,752 | INFO  | OMAudit | user=null | ip=null | op=READ_KEY {volume=volume05539, bucket=bucket55533, key=wVROw79, dataSize=0, replicationType=null, replicationFactor=null, keyLocationInfo=null} | ret=SUCCESS |  
2019-08-23 02:05:03,753 | INFO  | SCMAudit | user=jenkins1000 | ip=192.168.34.22 | op=GET_CONTAINER_WITH_PIPELINE {containerID=#1} | ret=SUCCESS |  
2019-08-23 02:05:03,753 | INFO  | OMAudit | user=null | ip=null | op=READ_KEY {volume=volume05539, bucket=bucket55533, key=TlsJI99, dataSize=0, replicationType=null, replicationFactor=null, keyLocationInfo=null} | ret=SUCCESS |  
2019-08-23 02:05:03,754 | INFO  | SCMAudit | user=jenkins1000 | ip=192.168.34.22 | op=GET_CONTAINER_WITH_PIPELINE {containerID=#3} | ret=SUCCESS |  
2019-08-23 02:05:03,754 | INFO  | OMAudit | user=null | ip=null | op=READ_KEY {volume=volume05539, bucket=bucket55533, key=usfjO47, dataSize=0, replicationType=null, replicationFactor=null, keyLocationInfo=null} | ret=SUCCESS |  
2019-08-23 02:05:03,754 | INFO  | SCMAudit | user=jenkins1000 | ip=192.168.34.22 | op=GET_CONTAINER_WITH_PIPELINE {containerID=#1} | ret=SUCCESS |  
2019-08-23 02:05:03,755 | INFO  | OMAudit | user=null | ip=null | op=READ_KEY {volume=volume05539, bucket=bucket55533, key=tCZtn87, dataSize=0, replicationType=null, replicationFactor=null, keyLocationInfo=null} | ret=SUCCESS |  
2019-08-23 02:05:03,755 | INFO  | SCMAudit | user=jenkins1000 | ip=192.168.34.22 | op=GET_CONTAINER_WITH_PIPELINE {containerID=#1} | ret=SUCCESS |  
2019-08-23 02:05:03,756 | INFO  | OMAudit | user=null | ip=null | op=READ_KEY {volume=volume05539, bucket=bucket55533, key=EuFpU30, dataSize=0, replicationType=null, replicationFactor=null, keyLocationInfo=null} | ret=SUCCESS |  
2019-08-23 02:05:03,756 | INFO  | SCMAudit | user=jenkins1000 | ip=192.168.34.22 | op=GET_CONTAINER_WITH_PIPELINE {containerID=#3} | ret=SUCCESS |  
2019-08-23 02:05:03,757 | INFO  | OMAudit | user=null | ip=null | op=READ_KEY {volume=volume05539, bucket=bucket55533, key=OHvHz29, dataSize=0, replicationType=null, replicationFactor=null, keyLocationInfo=null} | ret=SUCCESS |  
2019-08-23 02:05:03,757 | INFO  | SCMAudit | user=jenkins1000 | ip=192.168.34.22 | op=GET_CONTAINER_WITH_PIPELINE {containerID=#2} | ret=SUCCESS |  
2019-08-23 02:05:03,758 | INFO  | OMAudit | user=null | ip=null | op=READ_KEY {volume=volume05539, bucket=bucket55533, key=fMVXf97, dataSize=0, replicationType=null, replicationFactor=null, keyLocationInfo=null} | ret=SUCCESS |  
2019-08-23 02:05:03,758 | INFO  | SCMAudit | user=jenkins1000 | ip=192.168.34.22 | op=GET_CONTAINER_WITH_PIPELINE {containerID=#2} | ret=SUCCESS |  
2019-08-23 02:05:03,758 | INFO  | OMAudit | user=null | ip=null | op=READ_KEY {volume=volume05539, bucket=bucket55533, key=uqxon58, dataSize=0, replicationType=null, replicationFactor=null, keyLocationInfo=null} | ret=SUCCESS |  
2019-08-23 02:05:03,759 | INFO  | SCMAudit | user=jenkins1000 | ip=192.168.34.22 | op=GET_CONTAINER_WITH_PIPELINE {containerID=#3} | ret=SUCCESS |  
2019-08-23 02:05:03,759 | INFO  | OMAudit | user=null | ip=null | op=READ_KEY {volume=volume05539, bucket=bucket55533, key=spnMW11, dataSize=0, replicationType=null, replicationFactor=null, keyLocationInfo=null} | ret=SUCCESS |  
2019-08-23 02:05:03,760 | INFO  | SCMAudit | user=jenkins1000 | ip=192.168.34.22 | op=GET_CONTAINER_WITH_PIPELINE {containerID=#2} | ret=SUCCESS |  
2019-08-23 02:05:03,760 | INFO  | OMAudit | user=null | ip=null | op=READ_KEY {volume=volume05539, bucket=bucket55533, key=NsJiJ94, dataSize=0, replicationType=null, replicationFactor=null, keyLocationInfo=null} | ret=SUCCESS |  
2019-08-23 02:05:03,761 | INFO  | SCMAudit | user=jenkins1000 | ip=192.168.34.22 | op=GET_CONTAINER_WITH_PIPELINE {containerID=#1} | ret=SUCCESS |  
2019-08-23 02:05:03,761 | INFO  | OMAudit | user=null | ip=null | op=READ_KEY {volume=volume05539, bucket=bucket55533, key=DFWen33, dataSize=0, replicationType=null, replicationFactor=null, keyLocationInfo=null} | ret=SUCCESS |  
2019-08-23 02:05:03,762 | INFO  | SCMAudit | user=jenkins1000 | ip=192.168.34.22 | op=GET_CONTAINER_WITH_PIPELINE {containerID=#1} | ret=SUCCESS |  
2019-08-23 02:05:03,762 | INFO  | OMAudit | user=null | ip=null | op=READ_KEY {volume=volume05539, bucket=bucket55533, key=RwaEq15, dataSize=0, replicationType=null, replicationFactor=null, keyLocationInfo=null} | ret=SUCCESS |  
2019-08-23 02:05:03,762 | INFO  | SCMAudit | user=jenkins1000 | ip=192.168.34.22 | op=GET_CONTAINER_WITH_PIPELINE {containerID=#3} | ret=SUCCESS |  
2019-08-23 02:05:03,763 | INFO  | OMAudit | user=null | ip=null | op=READ_KEY {volume=volume05539, bucket=bucket55533, key=UsNBl50, dataSize=0, replicationType=null, replicationFactor=null, keyLocationInfo=null} | ret=SUCCESS |  
2019-08-23 02:05:03,763 | INFO  | SCMAudit | user=jenkins1000 | ip=192.168.34.22 | op=GET_CONTAINER_WITH_PIPELINE {containerID=#1} | ret=SUCCESS |  
2019-08-23 02:05:03,764 | INFO  | OMAudit | user=null | ip=null | op=READ_KEY {volume=volume05539, bucket=bucket55533, key=ySxqX9, dataSize=0, replicationType=null, replicationFactor=null, keyLocationInfo=null} | ret=SUCCESS |  
2019-08-23 02:05:03,764 | INFO  | SCMAudit | user=jenkins1000 | ip=192.168.34.22 | op=GET_CONTAINER_WITH_PIPELINE {containerID=#2} | ret=SUCCESS |  
2019-08-23 02:05:03,765 | INFO  | OMAudit | user=null | ip=null | op=READ_KEY {volume=volume05539, bucket=bucket55533, key=JKGDw19, dataSize=0, replicationType=null, replicationFactor=null, keyLocationInfo=null} | ret=SUCCESS |  
2019-08-23 02:05:03,765 | INFO  | SCMAudit | user=jenkins1000 | ip=192.168.34.22 | op=GET_CONTAINER_WITH_PIPELINE {containerID=#1} | ret=SUCCESS |  
2019-08-23 02:05:03,766 | INFO  | OMAudit | user=null | ip=null | op=READ_KEY {volume=volume05539, bucket=bucket55533, key=yLOdb12, dataSize=0, replicationType=null, replicationFactor=null, keyLocationInfo=null} | ret=SUCCESS |  
2019-08-23 02:05:03,766 | INFO  | SCMAudit | user=jenkins1000 | ip=192.168.34.22 | op=GET_CONTAINER_WITH_PIPELINE {containerID=#1} | ret=SUCCESS |  
2019-08-23 02:05:03,766 | INFO  | OMAudit | user=null | ip=null | op=READ_KEY {volume=volume05539, bucket=bucket55533, key=geOfC24, dataSize=0, replicationType=null, replicationFactor=null, keyLocationInfo=null} | ret=SUCCESS |  
2019-08-23 02:05:03,767 | INFO  | SCMAudit | user=jenkins1000 | ip=192.168.34.22 | op=GET_CONTAINER_WITH_PIPELINE {containerID=#1} | ret=SUCCESS |  
2019-08-23 02:05:03,767 | INFO  | OMAudit | user=null | ip=null | op=READ_KEY {volume=volume05539, bucket=bucket55533, key=PtqgA6, dataSize=0, replicationType=null, replicationFactor=null, keyLocationInfo=null} | ret=SUCCESS |  
2019-08-23 02:05:03,768 | INFO  | SCMAudit | user=jenkins1000 | ip=192.168.34.22 | op=GET_CONTAINER_WITH_PIPELINE {containerID=#3} | ret=SUCCESS |  
2019-08-23 02:05:03,768 | INFO  | OMAudit | user=null | ip=null | op=READ_KEY {volume=volume05539, bucket=bucket55533, key=KSdFM32, dataSize=0, replicationType=null, replicationFactor=null, keyLocationInfo=null} | ret=SUCCESS |  
2019-08-23 02:05:03,769 | INFO  | SCMAudit | user=jenkins1000 | ip=192.168.34.22 | op=GET_CONTAINER_WITH_PIPELINE {containerID=#2} | ret=SUCCESS |  
2019-08-23 02:05:03,769 | INFO  | OMAudit | user=null | ip=null | op=READ_KEY {volume=volume05539, bucket=bucket55533, key=YcJmf73, dataSize=0, replicationType=null, replicationFactor=null, keyLocationInfo=null} | ret=SUCCESS |  
2019-08-23 02:05:03,770 | INFO  | SCMAudit | user=jenkins1000 | ip=192.168.34.22 | op=GET_CONTAINER_WITH_PIPELINE {containerID=#2} | ret=SUCCESS |  
2019-08-23 02:05:03,770 | INFO  | OMAudit | user=null | ip=null | op=READ_KEY {volume=volume05539, bucket=bucket55533, key=nWeof88, dataSize=0, replicationType=null, replicationFactor=null, keyLocationInfo=null} | ret=SUCCESS |  
2019-08-23 02:05:03,770 | INFO  | SCMAudit | user=jenkins1000 | ip=192.168.34.22 | op=GET_CONTAINER_WITH_PIPELINE {containerID=#3} | ret=SUCCESS |  
2019-08-23 02:05:03,771 | INFO  | OMAudit | user=null | ip=null | op=READ_KEY {volume=volume05539, bucket=bucket55533, key=pYCSb44, dataSize=0, replicationType=null, replicationFactor=null, keyLocationInfo=null} | ret=SUCCESS |  
2019-08-23 02:05:03,771 | INFO  | SCMAudit | user=jenkins1000 | ip=192.168.34.22 | op=GET_CONTAINER_WITH_PIPELINE {containerID=#1} | ret=SUCCESS |  
2019-08-23 02:05:03,772 | INFO  | OMAudit | user=null | ip=null | op=READ_KEY {volume=volume05539, bucket=bucket55533, key=yhqeL39, dataSize=0, replicationType=null, replicationFactor=null, keyLocationInfo=null} | ret=SUCCESS |  
2019-08-23 02:05:03,772 | INFO  | SCMAudit | user=jenkins1000 | ip=192.168.34.22 | op=GET_CONTAINER_WITH_PIPELINE {containerID=#3} | ret=SUCCESS |  
2019-08-23 02:05:03,773 | INFO  | OMAudit | user=null | ip=null | op=READ_KEY {volume=volume05539, bucket=bucket55533, key=zCMkT14, dataSize=0, replicationType=null, replicationFactor=null, keyLocationInfo=null} | ret=SUCCESS |  
2019-08-23 02:05:03,773 | INFO  | SCMAudit | user=jenkins1000 | ip=192.168.34.22 | op=GET_CONTAINER_WITH_PIPELINE {containerID=#2} | ret=SUCCESS |  
2019-08-23 02:05:03,773 | INFO  | OMAudit | user=null | ip=null | op=READ_KEY {volume=volume05539, bucket=bucket55533, key=lJTzp22, dataSize=0, replicationType=null, replicationFactor=null, keyLocationInfo=null} | ret=SUCCESS |  
2019-08-23 02:05:03,774 | INFO  | SCMAudit | user=jenkins1000 | ip=192.168.34.22 | op=GET_CONTAINER_WITH_PIPELINE {containerID=#2} | ret=SUCCESS |  
2019-08-23 02:05:03,774 | INFO  | OMAudit | user=null | ip=null | op=READ_KEY {volume=volume05539, bucket=bucket55533, key=hFUNT4, dataSize=0, replicationType=null, replicationFactor=null, keyLocationInfo=null} | ret=SUCCESS |  
2019-08-23 02:05:03,775 | INFO  | SCMAudit | user=jenkins1000 | ip=192.168.34.22 | op=GET_CONTAINER_WITH_PIPELINE {containerID=#1} | ret=SUCCESS |  
2019-08-23 02:05:03,775 | INFO  | OMAudit | user=null | ip=null | op=READ_KEY {volume=volume05539, bucket=bucket55533, key=mMpfD93, dataSize=0, replicationType=null, replicationFactor=null, keyLocationInfo=null} | ret=SUCCESS |  
2019-08-23 02:05:03,776 | INFO  | SCMAudit | user=jenkins1000 | ip=192.168.34.22 | op=GET_CONTAINER_WITH_PIPELINE {containerID=#3} | ret=SUCCESS |  
2019-08-23 02:05:03,776 | INFO  | OMAudit | user=null | ip=null | op=READ_KEY {volume=volume05539, bucket=bucket55533, key=hZCyT59, dataSize=0, replicationType=null, replicationFactor=null, keyLocationInfo=null} | ret=SUCCESS |  
2019-08-23 02:05:03,777 | INFO  | SCMAudit | user=jenkins1000 | ip=192.168.34.22 | op=GET_CONTAINER_WITH_PIPELINE {containerID=#2} | ret=SUCCESS |  
2019-08-23 02:05:03,777 | INFO  | OMAudit | user=null | ip=null | op=READ_KEY {volume=volume05539, bucket=bucket55533, key=CMVEK13, dataSize=0, replicationType=null, replicationFactor=null, keyLocationInfo=null} | ret=SUCCESS |  
2019-08-23 02:05:03,778 | INFO  | SCMAudit | user=jenkins1000 | ip=192.168.34.22 | op=GET_CONTAINER_WITH_PIPELINE {containerID=#1} | ret=SUCCESS |  
2019-08-23 02:05:03,778 | INFO  | OMAudit | user=null | ip=null | op=READ_KEY {volume=volume05539, bucket=bucket55533, key=VWAEY18, dataSize=0, replicationType=null, replicationFactor=null, keyLocationInfo=null} | ret=SUCCESS |  
2019-08-23 02:05:03,779 | INFO  | SCMAudit | user=jenkins1000 | ip=192.168.34.22 | op=GET_CONTAINER_WITH_PIPELINE {containerID=#2} | ret=SUCCESS |  
2019-08-23 02:05:03,779 | INFO  | OMAudit | user=null | ip=null | op=READ_KEY {volume=volume05539, bucket=bucket55533, key=RVZWK85, dataSize=0, replicationType=null, replicationFactor=null, keyLocationInfo=null} | ret=SUCCESS |  
2019-08-23 02:05:03,781 | INFO  | OMAudit | user=null | ip=null | op=CREATE_VOLUME {admin=admin24569, owner=user18134, volume=volume16866, creationTime=1566525903781, quotaInBytes=10000} | ret=SUCCESS |  
2019-08-23 02:05:03,782 | ERROR | OMAudit | user=null | ip=null | op=CREATE_BUCKET {volume=volume16866, bucket=bucket64663, acls=[], isVersionEnabled=false, storageType=DISK, creationTime=0} | ret=FAILURE | VOLUME_NOT_FOUND org.apache.hadoop.ozone.om.exceptions.OMException: Volume doesn't exist
	at org.apache.hadoop.ozone.om.BucketManagerImpl.createBucket(BucketManagerImpl.java:130)
	at org.apache.hadoop.ozone.om.OzoneManager.createBucket(OzoneManager.java:2089) 
2019-08-23 02:05:03,785 [Thread-1095] INFO  ozone.MiniOzoneClusterImpl (MiniOzoneClusterImpl.java:shutdown(321)) - Shutting down the Mini Ozone Cluster
2019-08-23 02:05:03,785 | INFO  | SCMAudit | user=null | ip=null | op=GET_SCM_INFO null | ret=SUCCESS |  
2019-08-23 02:05:03,785 [Thread-1095] INFO  ozone.MiniOzoneClusterImpl (MiniOzoneClusterImpl.java:stop(336)) - Stopping the Mini Ozone Cluster
2019-08-23 02:05:03,785 [Thread-1095] INFO  ozone.MiniOzoneClusterImpl (MiniOzoneClusterImpl.java:stop(338)) - Stopping the OzoneManager
2019-08-23 02:05:03,785 [Thread-1095] INFO  ipc.Server (Server.java:stop(3082)) - Stopping server on 43151
2019-08-23 02:05:03,788 [Thread-1095] INFO  ratis.OzoneManagerDoubleBuffer (OzoneManagerDoubleBuffer.java:stop(248)) - Stopping OMDoubleBuffer flush thread
2019-08-23 02:05:03,789 [IPC Server Responder] INFO  ipc.Server (Server.java:run(1319)) - Stopping IPC Server Responder
2019-08-23 02:05:03,789 [IPC Server listener on 43151] INFO  ipc.Server (Server.java:run(1185)) - Stopping IPC Server listener on 43151
2019-08-23 02:05:03,790 [OMDoubleBufferFlushThread] INFO  ratis.OzoneManagerDoubleBuffer (OzoneManagerDoubleBuffer.java:flushTransactions(191)) - OMDoubleBuffer flush thread OMDoubleBufferFlushThread is interrupted and will exit. OMDoubleBufferFlushThread
2019-08-23 02:05:03,790 [Thread-1095] INFO  utils.BackgroundService (BackgroundService.java:shutdown(148)) - Shutting down service KeyDeletingService
2019-08-23 02:05:03,791 [Thread-1095] INFO  handler.ContextHandler (ContextHandler.java:doStop(910)) - Stopped o.e.j.w.WebAppContext@681113ab{/,null,UNAVAILABLE}{/ozoneManager}
2019-08-23 02:05:03,792 [Thread-1095] INFO  server.AbstractConnector (AbstractConnector.java:doStop(318)) - Stopped ServerConnector@27b11896{HTTP/1.1,[http/1.1]}{0.0.0.0:0}
2019-08-23 02:05:03,792 [Thread-1095] INFO  handler.ContextHandler (ContextHandler.java:doStop(910)) - Stopped o.e.j.s.ServletContextHandler@46fd250d{/static,file:///workdir/hadoop-ozone/integration-test/target/test-classes/webapps/static,UNAVAILABLE}
2019-08-23 02:05:03,792 [Thread-1095] INFO  handler.ContextHandler (ContextHandler.java:doStop(910)) - Stopped o.e.j.s.ServletContextHandler@1fd96dfd{/logs,file:///workdir/hadoop-ozone/integration-test/target/log,UNAVAILABLE}
2019-08-23 02:05:03,794 [Thread-1095] INFO  ozone.MiniOzoneClusterImpl (MiniOzoneClusterImpl.java:stop(344)) - Shutting the HddsDatanodes
2019-08-23 02:05:03,794 [Thread-1095] INFO  datanode.ObjectStoreHandler (ObjectStoreHandler.java:close(155)) - Closing ObjectStoreHandler.
2019-08-23 02:05:03,795 [Thread-1095] INFO  ozone.HddsDatanodeService (HddsDatanodeService.java:stop(451)) - Stopped plug-in org.apache.hadoop.ozone.web.OzoneHddsDatanodeService@7527e68e
2019-08-23 02:05:04,099 [Thread-1237] INFO  container.ReplicationManager (ReplicationManager.java:start(152)) - Starting Replication Monitor Thread.
2019-08-23 02:05:04,101 [ReplicationMonitor] INFO  container.ReplicationManager (ReplicationManager.java:run(215)) - Replication Monitor Thread took 0 milliseconds for processing 3 containers.
2019-08-23 02:05:04,545 [Datanode State Machine Thread - 0] INFO  statemachine.DatanodeStateMachine (DatanodeStateMachine.java:lambda$startDaemon$0(350)) - Ozone container server started.
2019-08-23 02:05:06,257 [Thread-1239] INFO  impl.FollowerState (FollowerState.java:run(106)) - ca5dcef0-b5a3-4f45-b527-2d4684781b8d:group-0378D4CB8FAD changes to CANDIDATE, lastRpcTime:5087, electionTimeout:5087ms
2019-08-23 02:05:06,258 [Thread-1239] INFO  impl.RoleInfo (RoleInfo.java:shutdownFollowerState(121)) - ca5dcef0-b5a3-4f45-b527-2d4684781b8d: shutdown FollowerState
2019-08-23 02:05:06,258 [Thread-1239] INFO  impl.RaftServerImpl (RaftServerImpl.java:setRole(171)) - ca5dcef0-b5a3-4f45-b527-2d4684781b8d:group-0378D4CB8FAD changes role from FOLLOWER to CANDIDATE at term 0 for changeToCandidate
2019-08-23 02:05:06,258 [Thread-1239] INFO  impl.RoleInfo (RoleInfo.java:updateAndGet(143)) - ca5dcef0-b5a3-4f45-b527-2d4684781b8d: start LeaderElection
2019-08-23 02:05:06,277 [ca5dcef0-b5a3-4f45-b527-2d4684781b8d:group-0378D4CB8FAD:LeaderElection4] INFO  impl.LeaderElection (LeaderElection.java:askForVotes(181)) - ca5dcef0-b5a3-4f45-b527-2d4684781b8d:group-0378D4CB8FAD:LeaderElection4: begin an election at term 1 for -1: [ca5dcef0-b5a3-4f45-b527-2d4684781b8d:192.168.34.22:45280], old=null
2019-08-23 02:05:06,277 [ca5dcef0-b5a3-4f45-b527-2d4684781b8d:group-0378D4CB8FAD:LeaderElection4] INFO  impl.RoleInfo (RoleInfo.java:shutdownLeaderElection(134)) - ca5dcef0-b5a3-4f45-b527-2d4684781b8d: shutdown LeaderElection
2019-08-23 02:05:06,277 [ca5dcef0-b5a3-4f45-b527-2d4684781b8d:group-0378D4CB8FAD:LeaderElection4] INFO  impl.RaftServerImpl (RaftServerImpl.java:setRole(171)) - ca5dcef0-b5a3-4f45-b527-2d4684781b8d:group-0378D4CB8FAD changes role from CANDIDATE to LEADER at term 1 for changeToLeader
2019-08-23 02:05:06,278 [ca5dcef0-b5a3-4f45-b527-2d4684781b8d:group-0378D4CB8FAD:LeaderElection4] INFO  impl.RaftServerImpl (ServerState.java:setLeader(263)) - ca5dcef0-b5a3-4f45-b527-2d4684781b8d:group-0378D4CB8FAD change Leader from null to ca5dcef0-b5a3-4f45-b527-2d4684781b8d at term 1 for becomeLeader, leader elected after 5113ms
2019-08-23 02:05:06,278 [ca5dcef0-b5a3-4f45-b527-2d4684781b8d:group-0378D4CB8FAD:LeaderElection4] INFO  server.RaftServerConfigKeys (ConfUtils.java:logGet(43)) - raft.server.staging.catchup.gap = 1000 (default)
2019-08-23 02:05:06,278 [ca5dcef0-b5a3-4f45-b527-2d4684781b8d:group-0378D4CB8FAD:LeaderElection4] INFO  server.RaftServerConfigKeys (ConfUtils.java:logGet(43)) - raft.server.rpc.sleep.time = 25ms (default)
2019-08-23 02:05:06,278 [ca5dcef0-b5a3-4f45-b527-2d4684781b8d:group-0378D4CB8FAD:LeaderElection4] INFO  server.RaftServerConfigKeys (ConfUtils.java:logGet(43)) - raft.server.write.element-limit = 4096 (default)
2019-08-23 02:05:06,279 [ca5dcef0-b5a3-4f45-b527-2d4684781b8d:group-0378D4CB8FAD:LeaderElection4] INFO  server.RaftServerConfigKeys (ConfUtils.java:logGet(43)) - raft.server.watch.timeout = 10s (default)
2019-08-23 02:05:06,279 [ca5dcef0-b5a3-4f45-b527-2d4684781b8d:group-0378D4CB8FAD:LeaderElection4] INFO  server.RaftServerConfigKeys (ConfUtils.java:logGet(43)) - raft.server.watch.timeout.denomination = 1s (default)
2019-08-23 02:05:06,279 [ca5dcef0-b5a3-4f45-b527-2d4684781b8d:group-0378D4CB8FAD:LeaderElection4] INFO  server.RaftServerConfigKeys (ConfUtils.java:logGet(43)) - raft.server.watch.element-limit = 65536 (default)
2019-08-23 02:05:06,279 [ca5dcef0-b5a3-4f45-b527-2d4684781b8d:group-0378D4CB8FAD:LeaderElection4] INFO  impl.RoleInfo (RoleInfo.java:updateAndGet(143)) - ca5dcef0-b5a3-4f45-b527-2d4684781b8d: start LeaderState
2019-08-23 02:05:06,280 [ca5dcef0-b5a3-4f45-b527-2d4684781b8d:group-0378D4CB8FAD:LeaderElection4] INFO  segmented.SegmentedRaftLogWorker (SegmentedRaftLogWorker.java:startLogSegment(380)) - ca5dcef0-b5a3-4f45-b527-2d4684781b8d-SegmentedRaftLogWorker:Storage Directory /workdir/hadoop-ozone/integration-test/target/test-dir/MiniOzoneClusterImpl-0cd4ec66-496a-4a87-b6e6-07f1b47f38fe/datanode-0/data/ratis/023ee34d-723d-48d7-9de1-0378d4cb8fad: Starting segment from index:0
2019-08-23 02:05:06,280 [ca5dcef0-b5a3-4f45-b527-2d4684781b8d:group-0378D4CB8FAD:LeaderElection4] INFO  impl.RaftServerImpl (ServerState.java:setRaftConf(361)) - ca5dcef0-b5a3-4f45-b527-2d4684781b8d:group-0378D4CB8FAD set configuration 0: [ca5dcef0-b5a3-4f45-b527-2d4684781b8d:192.168.34.22:45280], old=null at 0
2019-08-23 02:05:06,340 [ca5dcef0-b5a3-4f45-b527-2d4684781b8d-SegmentedRaftLogWorker:Storage Directory /workdir/hadoop-ozone/integration-test/target/test-dir/MiniOzoneClusterImpl-0cd4ec66-496a-4a87-b6e6-07f1b47f38fe/datanode-0/data/ratis/023ee34d-723d-48d7-9de1-0378d4cb8fad] INFO  segmented.SegmentedRaftLogWorker (SegmentedRaftLogWorker.java:execute(569)) - ca5dcef0-b5a3-4f45-b527-2d4684781b8d-SegmentedRaftLogWorker:Storage Directory /workdir/hadoop-ozone/integration-test/target/test-dir/MiniOzoneClusterImpl-0cd4ec66-496a-4a87-b6e6-07f1b47f38fe/datanode-0/data/ratis/023ee34d-723d-48d7-9de1-0378d4cb8fad: created new log segment /workdir/hadoop-ozone/integration-test/target/test-dir/MiniOzoneClusterImpl-0cd4ec66-496a-4a87-b6e6-07f1b47f38fe/datanode-0/data/ratis/023ee34d-723d-48d7-9de1-0378d4cb8fad/current/log_inprogress_0
2019-08-23 02:05:08,796 [Thread-1095] INFO  ozoneimpl.OzoneContainer (OzoneContainer.java:stop(199)) - Attempting to stop container services.
2019-08-23 02:05:08,797 [Thread-1095] INFO  impl.RaftServerProxy (RaftServerProxy.java:lambda$close$4(314)) - ca5dcef0-b5a3-4f45-b527-2d4684781b8d: close
2019-08-23 02:05:08,797 [Thread-1095] INFO  impl.RaftServerImpl (RaftServerImpl.java:lambda$shutdown$3(245)) - ca5dcef0-b5a3-4f45-b527-2d4684781b8d: shutdown group-0378D4CB8FAD
2019-08-23 02:05:08,798 [Thread-1095] INFO  util.JmxRegister (JmxRegister.java:unregister(73)) - Successfully un-registered JMX Bean with object name Ratis:service=RaftServer,group=group-0378D4CB8FAD,id=ca5dcef0-b5a3-4f45-b527-2d4684781b8d
2019-08-23 02:05:08,798 [Thread-1095] INFO  impl.RoleInfo (RoleInfo.java:shutdownLeaderState(104)) - ca5dcef0-b5a3-4f45-b527-2d4684781b8d: shutdown LeaderState
2019-08-23 02:05:08,799 [Thread-1095] INFO  impl.PendingRequests (PendingRequests.java:sendNotLeaderResponses(202)) - ca5dcef0-b5a3-4f45-b527-2d4684781b8d-PendingRequests: sendNotLeaderResponses
2019-08-23 02:05:08,799 [Thread-1095] INFO  impl.StateMachineUpdater (StateMachineUpdater.java:stopAndJoin(115)) - StateMachineUpdater:ca5dcef0-b5a3-4f45-b527-2d4684781b8d:group-0378D4CB8FAD: set stopIndex = 0
2019-08-23 02:05:08,801 [Thread-1095] INFO  impl.RaftServerImpl (ServerState.java:close(394)) - ca5dcef0-b5a3-4f45-b527-2d4684781b8d:group-0378D4CB8FAD closes. The last applied log index is 0
2019-08-23 02:05:08,802 [ca5dcef0-b5a3-4f45-b527-2d4684781b8d-SegmentedRaftLogWorker:Storage Directory /workdir/hadoop-ozone/integration-test/target/test-dir/MiniOzoneClusterImpl-0cd4ec66-496a-4a87-b6e6-07f1b47f38fe/datanode-0/data/ratis/023ee34d-723d-48d7-9de1-0378d4cb8fad] INFO  segmented.SegmentedRaftLogWorker (SegmentedRaftLogWorker.java:run(313)) - ca5dcef0-b5a3-4f45-b527-2d4684781b8d-SegmentedRaftLogWorker:Storage Directory /workdir/hadoop-ozone/integration-test/target/test-dir/MiniOzoneClusterImpl-0cd4ec66-496a-4a87-b6e6-07f1b47f38fe/datanode-0/data/ratis/023ee34d-723d-48d7-9de1-0378d4cb8fad was interrupted, exiting. There are 0 tasks remaining in the queue.
2019-08-23 02:05:08,806 [Thread-1095] INFO  segmented.SegmentedRaftLogWorker (SegmentedRaftLogWorker.java:close(228)) - ca5dcef0-b5a3-4f45-b527-2d4684781b8d-SegmentedRaftLogWorker:Storage Directory /workdir/hadoop-ozone/integration-test/target/test-dir/MiniOzoneClusterImpl-0cd4ec66-496a-4a87-b6e6-07f1b47f38fe/datanode-0/data/ratis/023ee34d-723d-48d7-9de1-0378d4cb8fad close()
2019-08-23 02:05:08,809 [Thread-1095] INFO  server.GrpcService (GrpcService.java:closeImpl(155)) - ca5dcef0-b5a3-4f45-b527-2d4684781b8d: shutdown server with port 45280 now
2019-08-23 02:05:08,812 [Thread-1095] INFO  server.GrpcService (GrpcService.java:closeImpl(163)) - ca5dcef0-b5a3-4f45-b527-2d4684781b8d: shutdown server with port 45280 successfully
2019-08-23 02:05:08,819 [Thread-1095] INFO  utils.BackgroundService (BackgroundService.java:shutdown(148)) - Shutting down service BlockDeletingService
2019-08-23 02:05:08,822 [refreshUsed-/workdir/hadoop-ozone/integration-test/target/test-dir/MiniOzoneClusterImpl-0cd4ec66-496a-4a87-b6e6-07f1b47f38fe/datanode-0/data/containers] WARN  fs.CachingGetSpaceUsed (CachingGetSpaceUsed.java:run(183)) - Thread Interrupted waiting to refresh disk information: sleep interrupted
2019-08-23 02:05:08,849 [Thread-1095] INFO  statemachine.DatanodeStateMachine (DatanodeStateMachine.java:stopDaemon(395)) - Ozone container server stopped.
2019-08-23 02:05:08,852 [Thread-1095] INFO  handler.ContextHandler (ContextHandler.java:doStop(910)) - Stopped o.e.j.w.WebAppContext@6410b43a{/,null,UNAVAILABLE}{/hddsDatanode}
2019-08-23 02:05:08,853 [Thread-1095] INFO  server.AbstractConnector (AbstractConnector.java:doStop(318)) - Stopped ServerConnector@59b1de79{HTTP/1.1,[http/1.1]}{0.0.0.0:0}
2019-08-23 02:05:08,853 [Thread-1095] INFO  handler.ContextHandler (ContextHandler.java:doStop(910)) - Stopped o.e.j.s.ServletContextHandler@423124d3{/static,jar:file:/home/user/.m2/repository/org/apache/hadoop/hadoop-hdds-container-service/0.5.0-SNAPSHOT/hadoop-hdds-container-service-0.5.0-SNAPSHOT.jar!/webapps/static,UNAVAILABLE}
2019-08-23 02:05:08,853 [Thread-1095] INFO  handler.ContextHandler (ContextHandler.java:doStop(910)) - Stopped o.e.j.s.ServletContextHandler@412af25e{/logs,file:///workdir/hadoop-ozone/integration-test/target/log,UNAVAILABLE}
2019-08-23 02:05:08,855 [Thread-1095] INFO  ozone.MiniOzoneClusterImpl (MiniOzoneClusterImpl.java:stop(353)) - Stopping the StorageContainerManager
2019-08-23 02:05:08,855 [Thread-1095] INFO  server.StorageContainerManager (StorageContainerManager.java:stop(797)) - Stopping Replication Manager Service.
2019-08-23 02:05:08,856 [Thread-1095] INFO  container.ReplicationManager (ReplicationManager.java:stop(193)) - Stopping Replication Monitor Thread.
2019-08-23 02:05:08,856 [Thread-1095] INFO  server.StorageContainerManager (StorageContainerManager.java:stop(804)) - Stopping Lease Manager of the command watchers
2019-08-23 02:05:08,856 [Thread-1095] INFO  server.StorageContainerManager (StorageContainerManager.java:stop(811)) - Stopping datanode service RPC server
2019-08-23 02:05:08,856 [Thread-1095] INFO  server.SCMDatanodeProtocolServer (SCMDatanodeProtocolServer.java:stop(367)) - Stopping the RPC server for DataNodes
2019-08-23 02:05:08,856 [Thread-1095] INFO  ipc.Server (Server.java:stop(3082)) - Stopping server on 39120
2019-08-23 02:05:08,859 [IPC Server listener on 39120] INFO  ipc.Server (Server.java:run(1185)) - Stopping IPC Server listener on 39120
2019-08-23 02:05:08,859 [IPC Server Responder] INFO  ipc.Server (Server.java:run(1319)) - Stopping IPC Server Responder
2019-08-23 02:05:08,968 [SCM Heartbeat Processing Thread - 0] WARN  node.NodeStateManager (NodeStateManager.java:scheduleNextHealthCheck(646)) - Current Thread is interrupted, shutting down HB processing thread for Node Manager.
2019-08-23 02:05:08,969 [Thread-1095] INFO  server.StorageContainerManager (StorageContainerManager.java:stop(819)) - Stopping block service RPC server
2019-08-23 02:05:08,969 [Thread-1095] INFO  server.SCMBlockProtocolServer (SCMBlockProtocolServer.java:stop(148)) - Stopping the RPC server for Block Protocol
2019-08-23 02:05:08,969 [Thread-1095] INFO  ipc.Server (Server.java:stop(3082)) - Stopping server on 38392
2019-08-23 02:05:08,971 [Thread-1095] INFO  server.StorageContainerManager (StorageContainerManager.java:stop(826)) - Stopping the StorageContainerLocationProtocol RPC server
2019-08-23 02:05:08,972 [Thread-1095] INFO  server.SCMClientProtocolServer (SCMClientProtocolServer.java:stop(159)) - Stopping the RPC server for Client Protocol
2019-08-23 02:05:08,972 [IPC Server listener on 38392] INFO  ipc.Server (Server.java:run(1185)) - Stopping IPC Server listener on 38392
2019-08-23 02:05:08,973 [Thread-1095] INFO  ipc.Server (Server.java:stop(3082)) - Stopping server on 41061
2019-08-23 02:05:08,973 [IPC Server Responder] INFO  ipc.Server (Server.java:run(1319)) - Stopping IPC Server Responder
2019-08-23 02:05:08,975 [Thread-1095] INFO  server.StorageContainerManager (StorageContainerManager.java:stop(833)) - Stopping Storage Container Manager HTTP server.
2019-08-23 02:05:08,976 [IPC Server Responder] INFO  ipc.Server (Server.java:run(1319)) - Stopping IPC Server Responder
2019-08-23 02:05:08,976 [IPC Server listener on 41061] INFO  ipc.Server (Server.java:run(1185)) - Stopping IPC Server listener on 41061
2019-08-23 02:05:08,977 [Thread-1095] INFO  handler.ContextHandler (ContextHandler.java:doStop(910)) - Stopped o.e.j.w.WebAppContext@59bd8e00{/,null,UNAVAILABLE}{/scm}
2019-08-23 02:05:08,977 [Thread-1095] INFO  server.AbstractConnector (AbstractConnector.java:doStop(318)) - Stopped ServerConnector@3fe43afd{HTTP/1.1,[http/1.1]}{0.0.0.0:0}
2019-08-23 02:05:08,978 [Thread-1095] INFO  handler.ContextHandler (ContextHandler.java:doStop(910)) - Stopped o.e.j.s.ServletContextHandler@7e2a6b2b{/static,file:///workdir/hadoop-ozone/integration-test/target/test-classes/webapps/static,UNAVAILABLE}
2019-08-23 02:05:08,978 [Thread-1095] INFO  handler.ContextHandler (ContextHandler.java:doStop(910)) - Stopped o.e.j.s.ServletContextHandler@6d3047ff{/logs,file:///workdir/hadoop-ozone/integration-test/target/log,UNAVAILABLE}
2019-08-23 02:05:08,979 [Thread-1095] INFO  server.StorageContainerManager (StorageContainerManager.java:stop(844)) - Stopping Block Manager Service.
2019-08-23 02:05:08,979 [Thread-1095] INFO  utils.BackgroundService (BackgroundService.java:shutdown(148)) - Shutting down service SCMBlockDeletingService
2019-08-23 02:05:08,979 [Thread-1095] INFO  utils.BackgroundService (BackgroundService.java:shutdown(148)) - Shutting down service SCMBlockDeletingService
2019-08-23 02:05:08,980 [Thread-1095] INFO  server.StorageContainerManager (StorageContainerManager.java:stop(866)) - Stopping SCM Event Queue.
2019-08-23 02:05:08,983 [Thread-1095] INFO  impl.MetricsSystemImpl (MetricsSystemImpl.java:stop(210)) - Stopping HddsDatanode metrics system...
2019-08-23 02:05:08,985 [Thread-1095] INFO  impl.MetricsSystemImpl (MetricsSystemImpl.java:stop(216)) - HddsDatanode metrics system stopped.
]]></system-out>
    <system-err><![CDATA[Aug 23, 2019 2:04:56 AM com.sun.jersey.server.impl.application.WebApplicationImpl _initiate
INFO: Initiating Jersey application, version 'Jersey: 1.19 02/11/2015 03:25 AM'
Aug 23, 2019 2:05:01 AM org.apache.ratis.thirdparty.io.grpc.internal.ManagedChannelOrphanWrapper$ManagedChannelReference cleanQueue
SEVERE: *~*~*~ Channel ManagedChannelImpl{logId=18, target=192.168.34.22:34553} was not shutdown properly!!! ~*~*~*
    Make sure to call shutdown()/shutdownNow() and wait until awaitTermination() returns true.
java.lang.RuntimeException: ManagedChannel allocation site
	at org.apache.ratis.thirdparty.io.grpc.internal.ManagedChannelOrphanWrapper$ManagedChannelReference.<init>(ManagedChannelOrphanWrapper.java:103)
	at org.apache.ratis.thirdparty.io.grpc.internal.ManagedChannelOrphanWrapper.<init>(ManagedChannelOrphanWrapper.java:53)
	at org.apache.ratis.thirdparty.io.grpc.internal.ManagedChannelOrphanWrapper.<init>(ManagedChannelOrphanWrapper.java:44)
	at org.apache.ratis.thirdparty.io.grpc.internal.AbstractManagedChannelImplBuilder.build(AbstractManagedChannelImplBuilder.java:411)
	at org.apache.hadoop.hdds.scm.XceiverClientGrpc.connectToDatanode(XceiverClientGrpc.java:174)
	at org.apache.hadoop.hdds.scm.XceiverClientGrpc.reconnect(XceiverClientGrpc.java:422)
	at org.apache.hadoop.hdds.scm.XceiverClientGrpc.sendCommandAsync(XceiverClientGrpc.java:371)
	at org.apache.hadoop.hdds.scm.XceiverClientGrpc.sendCommandAsync(XceiverClientGrpc.java:346)
	at org.apache.hadoop.hdds.scm.storage.ContainerProtocolCalls.writeChunkAsync(ContainerProtocolCalls.java:310)
	at org.apache.hadoop.hdds.scm.storage.BlockOutputStream.writeChunkToContainer(BlockOutputStream.java:601)
	at org.apache.hadoop.hdds.scm.storage.BlockOutputStream.writeChunk(BlockOutputStream.java:459)
	at org.apache.hadoop.hdds.scm.storage.BlockOutputStream.handleFlush(BlockOutputStream.java:470)
	at org.apache.hadoop.hdds.scm.storage.BlockOutputStream.close(BlockOutputStream.java:493)
	at org.apache.hadoop.ozone.client.io.BlockOutputStreamEntry.close(BlockOutputStreamEntry.java:143)
	at org.apache.hadoop.ozone.client.io.KeyOutputStream.handleFlushOrClose(KeyOutputStream.java:434)
	at org.apache.hadoop.ozone.client.io.KeyOutputStream.close(KeyOutputStream.java:472)
	at org.apache.hadoop.ozone.client.io.OzoneOutputStream.close(OzoneOutputStream.java:60)
	at org.apache.hadoop.ozone.TestStorageContainerManagerHelper.createKeys(TestStorageContainerManagerHelper.java:99)
	at org.apache.hadoop.ozone.om.TestScmSafeMode.testSCMSafeMode(TestScmSafeMode.java:241)
	at sun.reflect.NativeMethodAccessorImpl.invoke0(Native Method)
	at sun.reflect.NativeMethodAccessorImpl.invoke(NativeMethodAccessorImpl.java:62)
	at sun.reflect.DelegatingMethodAccessorImpl.invoke(DelegatingMethodAccessorImpl.java:43)
	at java.lang.reflect.Method.invoke(Method.java:498)
	at org.junit.runners.model.FrameworkMethod$1.runReflectiveCall(FrameworkMethod.java:47)
	at org.junit.internal.runners.model.ReflectiveCallable.run(ReflectiveCallable.java:12)
	at org.junit.runners.model.FrameworkMethod.invokeExplosively(FrameworkMethod.java:44)
	at org.junit.internal.runners.statements.InvokeMethod.evaluate(InvokeMethod.java:17)
	at org.junit.internal.runners.statements.FailOnTimeout$StatementThread.run(FailOnTimeout.java:74)

Aug 23, 2019 2:05:02 AM com.sun.jersey.server.impl.application.WebApplicationImpl _initiate
INFO: Initiating Jersey application, version 'Jersey: 1.19 02/11/2015 03:25 AM'
]]></system-err>
  </testcase>
  <testcase name="testSCMSafeModeRestrictedOp" classname="org.apache.hadoop.ozone.om.TestScmSafeMode" time="53.387"/>
</testsuite>