<?xml version="1.0" encoding="UTF-8"?>
<testsuite xmlns:xsi="http://www.w3.org/2001/XMLSchema-instance" xsi:noNamespaceSchemaLocation="https://maven.apache.org/surefire/maven-surefire-plugin/xsd/surefire-test-report.xsd" name="org.apache.hadoop.ozone.client.rpc.TestWatchForCommit" time="235.042" tests="5" errors="1" skipped="0" failures="0">
  <properties>
    <property name="awt.toolkit" value="sun.awt.X11.XToolkit"/>
    <property name="file.encoding.pkg" value="sun.io"/>
    <property name="java.specification.version" value="1.8"/>
    <property name="sun.cpu.isalist" value=""/>
    <property name="sun.jnu.encoding" value="UTF-8"/>
    <property name="java.class.path" value="/workdir/hadoop-ozone/integration-test/target/test-classes:/workdir/hadoop-ozone/integration-test/target/classes:/home/user/.m2/repository/org/apache/hadoop/hadoop-ozone-common/0.5.0-SNAPSHOT/hadoop-ozone-common-0.5.0-SNAPSHOT.jar:/home/user/.m2/repository/org/apache/commons/commons-compress/1.4.1/commons-compress-1.4.1.jar:/home/user/.m2/repository/org/tukaani/xz/1.0/xz-1.0.jar:/home/user/.m2/repository/org/apache/hadoop/hadoop-common/3.2.0/hadoop-common-3.2.0.jar:/home/user/.m2/repository/org/apache/hadoop/hadoop-hdfs/3.2.0/hadoop-hdfs-3.2.0.jar:/home/user/.m2/repository/org/apache/hadoop/hadoop-hdfs-client/3.2.0/hadoop-hdfs-client-3.2.0.jar:/home/user/.m2/repository/com/fasterxml/jackson/core/jackson-annotations/2.9.5/jackson-annotations-2.9.5.jar:/home/user/.m2/repository/org/apache/hadoop/hadoop-hdds-common/0.5.0-SNAPSHOT/hadoop-hdds-common-0.5.0-SNAPSHOT.jar:/home/user/.m2/repository/javax/annotation/javax.annotation-api/1.2/javax.annotation-api-1.2.jar:/home/user/.m2/repository/org/apache/ratis/ratis-server/0.4.0-2337318-SNAPSHOT/ratis-server-0.4.0-2337318-SNAPSHOT.jar:/home/user/.m2/repository/org/apache/ratis/ratis-thirdparty-misc/0.2.0/ratis-thirdparty-misc-0.2.0.jar:/home/user/.m2/repository/org/apache/ratis/ratis-proto/0.4.0-2337318-SNAPSHOT/ratis-proto-0.4.0-2337318-SNAPSHOT.jar:/home/user/.m2/repository/org/apache/ratis/ratis-common/0.4.0-2337318-SNAPSHOT/ratis-common-0.4.0-2337318-SNAPSHOT.jar:/home/user/.m2/repository/org/apache/ratis/ratis-client/0.4.0-2337318-SNAPSHOT/ratis-client-0.4.0-2337318-SNAPSHOT.jar:/home/user/.m2/repository/org/apache/ratis/ratis-metrics/0.4.0-2337318-SNAPSHOT/ratis-metrics-0.4.0-2337318-SNAPSHOT.jar:/home/user/.m2/repository/org/apache/ratis/ratis-netty/0.4.0-2337318-SNAPSHOT/ratis-netty-0.4.0-2337318-SNAPSHOT.jar:/home/user/.m2/repository/org/apache/ratis/ratis-grpc/0.4.0-2337318-SNAPSHOT/ratis-grpc-0.4.0-2337318-SNAPSHOT.jar:/home/user/.m2/repository/org/rocksdb/rocksdbjni/6.0.1/rocksdbjni-6.0.1.jar:/home/user/.m2/repository/org/apache/logging/log4j/log4j-api/2.11.0/log4j-api-2.11.0.jar:/home/user/.m2/repository/org/apache/logging/log4j/log4j-core/2.11.0/log4j-core-2.11.0.jar:/home/user/.m2/repository/com/lmax/disruptor/3.4.2/disruptor-3.4.2.jar:/home/user/.m2/repository/org/apache/commons/commons-pool2/2.6.0/commons-pool2-2.6.0.jar:/home/user/.m2/repository/org/bouncycastle/bcpkix-jdk15on/1.60/bcpkix-jdk15on-1.60.jar:/home/user/.m2/repository/commons-validator/commons-validator/1.6/commons-validator-1.6.jar:/home/user/.m2/repository/commons-digester/commons-digester/1.8.1/commons-digester-1.8.1.jar:/home/user/.m2/repository/io/jaegertracing/jaeger-client/0.33.1/jaeger-client-0.33.1.jar:/home/user/.m2/repository/io/jaegertracing/jaeger-thrift/0.33.1/jaeger-thrift-0.33.1.jar:/home/user/.m2/repository/org/apache/thrift/libthrift/0.11.0/libthrift-0.11.0.jar:/home/user/.m2/repository/com/squareup/okhttp3/okhttp/3.9.0/okhttp-3.9.0.jar:/home/user/.m2/repository/com/squareup/okio/okio/1.13.0/okio-1.13.0.jar:/home/user/.m2/repository/io/jaegertracing/jaeger-core/0.33.1/jaeger-core-0.33.1.jar:/home/user/.m2/repository/io/jaegertracing/jaeger-tracerresolver/0.33.1/jaeger-tracerresolver-0.33.1.jar:/home/user/.m2/repository/io/opentracing/contrib/opentracing-tracerresolver/0.1.5/opentracing-tracerresolver-0.1.5.jar:/home/user/.m2/repository/io/opentracing/opentracing-util/0.31.0/opentracing-util-0.31.0.jar:/home/user/.m2/repository/io/opentracing/opentracing-api/0.31.0/opentracing-api-0.31.0.jar:/home/user/.m2/repository/io/opentracing/opentracing-noop/0.31.0/opentracing-noop-0.31.0.jar:/home/user/.m2/repository/org/apache/hadoop/hadoop-hdds-server-framework/0.5.0-SNAPSHOT/hadoop-hdds-server-framework-0.5.0-SNAPSHOT.jar:/home/user/.m2/repository/org/apache/hadoop/hadoop-hdds-container-service/0.5.0-SNAPSHOT/hadoop-hdds-container-service-0.5.0-SNAPSHOT.jar:/home/user/.m2/repository/org/apache/hadoop/hadoop-hdds-client/0.5.0-SNAPSHOT/hadoop-hdds-client-0.5.0-SNAPSHOT.jar:/home/user/.m2/repository/org/apache/hadoop/hadoop-hdds-tools/0.5.0-SNAPSHOT/hadoop-hdds-tools-0.5.0-SNAPSHOT.jar:/home/user/.m2/repository/org/apache/hadoop/hadoop-hdds-server-scm/0.5.0-SNAPSHOT/hadoop-hdds-server-scm-0.5.0-SNAPSHOT.jar:/home/user/.m2/repository/org/apache/hadoop/hadoop-hdds-docs/0.5.0-SNAPSHOT/hadoop-hdds-docs-0.5.0-SNAPSHOT.jar:/home/user/.m2/repository/io/dropwizard/metrics/metrics-core/3.2.4/metrics-core-3.2.4.jar:/home/user/.m2/repository/org/hamcrest/hamcrest-all/1.3/hamcrest-all-1.3.jar:/home/user/.m2/repository/org/bouncycastle/bcprov-jdk15on/1.60/bcprov-jdk15on-1.60.jar:/home/user/.m2/repository/info/picocli/picocli/3.9.6/picocli-3.9.6.jar:/home/user/.m2/repository/com/google/protobuf/protobuf-java/2.5.0/protobuf-java-2.5.0.jar:/home/user/.m2/repository/com/google/guava/guava/11.0.2/guava-11.0.2.jar:/home/user/.m2/repository/org/apache/hadoop/hadoop-ozone-ozone-manager/0.5.0-SNAPSHOT/hadoop-ozone-ozone-manager-0.5.0-SNAPSHOT.jar:/home/user/.m2/repository/org/apache/hadoop/hadoop-minikdc/3.2.0/hadoop-minikdc-3.2.0.jar:/home/user/.m2/repository/commons-io/commons-io/2.5/commons-io-2.5.jar:/home/user/.m2/repository/org/apache/kerby/kerb-simplekdc/1.0.1/kerb-simplekdc-1.0.1.jar:/home/user/.m2/repository/org/apache/kerby/kerb-client/1.0.1/kerb-client-1.0.1.jar:/home/user/.m2/repository/org/apache/kerby/kerby-config/1.0.1/kerby-config-1.0.1.jar:/home/user/.m2/repository/org/apache/kerby/kerb-core/1.0.1/kerb-core-1.0.1.jar:/home/user/.m2/repository/org/apache/kerby/kerby-pkix/1.0.1/kerby-pkix-1.0.1.jar:/home/user/.m2/repository/org/apache/kerby/kerby-asn1/1.0.1/kerby-asn1-1.0.1.jar:/home/user/.m2/repository/org/apache/kerby/kerby-util/1.0.1/kerby-util-1.0.1.jar:/home/user/.m2/repository/org/apache/kerby/kerb-common/1.0.1/kerb-common-1.0.1.jar:/home/user/.m2/repository/org/apache/kerby/kerb-crypto/1.0.1/kerb-crypto-1.0.1.jar:/home/user/.m2/repository/org/apache/kerby/kerb-util/1.0.1/kerb-util-1.0.1.jar:/home/user/.m2/repository/org/apache/kerby/token-provider/1.0.1/token-provider-1.0.1.jar:/home/user/.m2/repository/org/apache/kerby/kerb-admin/1.0.1/kerb-admin-1.0.1.jar:/home/user/.m2/repository/org/apache/kerby/kerb-server/1.0.1/kerb-server-1.0.1.jar:/home/user/.m2/repository/org/apache/kerby/kerb-identity/1.0.1/kerb-identity-1.0.1.jar:/home/user/.m2/repository/org/apache/kerby/kerby-xdr/1.0.1/kerby-xdr-1.0.1.jar:/home/user/.m2/repository/org/slf4j/slf4j-log4j12/1.7.25/slf4j-log4j12-1.7.25.jar:/home/user/.m2/repository/org/apache/hadoop/hadoop-ozone-objectstore-service/0.5.0-SNAPSHOT/hadoop-ozone-objectstore-service-0.5.0-SNAPSHOT.jar:/home/user/.m2/repository/org/apache/hadoop/hadoop-ozone-s3gateway/0.5.0-SNAPSHOT/hadoop-ozone-s3gateway-0.5.0-SNAPSHOT.jar:/home/user/.m2/repository/org/jboss/weld/servlet/weld-servlet/2.4.7.Final/weld-servlet-2.4.7.Final.jar:/home/user/.m2/repository/org/glassfish/jersey/containers/jersey-container-servlet-core/2.27/jersey-container-servlet-core-2.27.jar:/home/user/.m2/repository/org/glassfish/hk2/external/javax.inject/2.5.0-b42/javax.inject-2.5.0-b42.jar:/home/user/.m2/repository/org/glassfish/jersey/core/jersey-common/2.27/jersey-common-2.27.jar:/home/user/.m2/repository/org/glassfish/hk2/osgi-resource-locator/1.0.1/osgi-resource-locator-1.0.1.jar:/home/user/.m2/repository/javax/ws/rs/javax.ws.rs-api/2.1/javax.ws.rs-api-2.1.jar:/home/user/.m2/repository/org/glassfish/jersey/ext/cdi/jersey-cdi1x/2.27/jersey-cdi1x-2.27.jar:/home/user/.m2/repository/org/glassfish/jersey/inject/jersey-hk2/2.27/jersey-hk2-2.27.jar:/home/user/.m2/repository/org/glassfish/hk2/hk2-locator/2.5.0-b42/hk2-locator-2.5.0-b42.jar:/home/user/.m2/repository/org/javassist/javassist/3.22.0-CR2/javassist-3.22.0-CR2.jar:/home/user/.m2/repository/org/glassfish/hk2/hk2-api/2.5.0/hk2-api-2.5.0.jar:/home/user/.m2/repository/org/glassfish/hk2/external/jakarta.inject/2.5.0/jakarta.inject-2.5.0.jar:/home/user/.m2/repository/org/glassfish/hk2/hk2-utils/2.5.0/hk2-utils-2.5.0.jar:/home/user/.m2/repository/jakarta/annotation/jakarta.annotation-api/1.3.4/jakarta.annotation-api-1.3.4.jar:/home/user/.m2/repository/org/glassfish/hk2/external/aopalliance-repackaged/2.5.0/aopalliance-repackaged-2.5.0.jar:/home/user/.m2/repository/com/fasterxml/jackson/dataformat/jackson-dataformat-xml/2.9.0/jackson-dataformat-xml-2.9.0.jar:/home/user/.m2/repository/com/fasterxml/jackson/core/jackson-core/2.9.5/jackson-core-2.9.5.jar:/home/user/.m2/repository/com/fasterxml/jackson/module/jackson-module-jaxb-annotations/2.9.5/jackson-module-jaxb-annotations-2.9.5.jar:/home/user/.m2/repository/javax/enterprise/cdi-api/1.2/cdi-api-1.2.jar:/home/user/.m2/repository/javax/el/javax.el-api/3.0.0/javax.el-api-3.0.0.jar:/home/user/.m2/repository/javax/interceptor/javax.interceptor-api/1.2/javax.interceptor-api-1.2.jar:/home/user/.m2/repository/javax/inject/javax.inject/1/javax.inject-1.jar:/home/user/.m2/repository/com/sun/xml/bind/jaxb-impl/2.3.0.1/jaxb-impl-2.3.0.1.jar:/home/user/.m2/repository/com/sun/xml/bind/jaxb-core/2.3.0.1/jaxb-core-2.3.0.1.jar:/home/user/.m2/repository/javax/xml/bind/jaxb-api/2.3.0/jaxb-api-2.3.0.jar:/home/user/.m2/repository/javax/activation/activation/1.1.1/activation-1.1.1.jar:/home/user/.m2/repository/org/apache/hadoop/hadoop-ozone-csi/0.5.0-SNAPSHOT/hadoop-ozone-csi-0.5.0-SNAPSHOT.jar:/home/user/.m2/repository/com/google/protobuf/protobuf-java-util/3.5.1/protobuf-java-util-3.5.1.jar:/home/user/.m2/repository/org/apache/hadoop/hadoop-hdds-config/0.5.0-SNAPSHOT/hadoop-hdds-config-0.5.0-SNAPSHOT.jar:/home/user/.m2/repository/io/grpc/grpc-netty/1.17.1/grpc-netty-1.17.1.jar:/home/user/.m2/repository/io/grpc/grpc-core/1.17.1/grpc-core-1.17.1.jar:/home/user/.m2/repository/io/grpc/grpc-context/1.17.1/grpc-context-1.17.1.jar:/home/user/.m2/repository/com/google/errorprone/error_prone_annotations/2.2.0/error_prone_annotations-2.2.0.jar:/home/user/.m2/repository/org/codehaus/mojo/animal-sniffer-annotations/1.17/animal-sniffer-annotations-1.17.jar:/home/user/.m2/repository/io/opencensus/opencensus-api/0.17.0/opencensus-api-0.17.0.jar:/home/user/.m2/repository/io/opencensus/opencensus-contrib-grpc-metrics/0.17.0/opencensus-contrib-grpc-metrics-0.17.0.jar:/home/user/.m2/repository/io/netty/netty-codec-http2/4.1.30.Final/netty-codec-http2-4.1.30.Final.jar:/home/user/.m2/repository/io/netty/netty-codec-http/4.1.30.Final/netty-codec-http-4.1.30.Final.jar:/home/user/.m2/repository/io/netty/netty-codec/4.1.30.Final/netty-codec-4.1.30.Final.jar:/home/user/.m2/repository/io/netty/netty-handler/4.1.30.Final/netty-handler-4.1.30.Final.jar:/home/user/.m2/repository/io/netty/netty-handler-proxy/4.1.30.Final/netty-handler-proxy-4.1.30.Final.jar:/home/user/.m2/repository/io/netty/netty-codec-socks/4.1.30.Final/netty-codec-socks-4.1.30.Final.jar:/home/user/.m2/repository/io/netty/netty-transport-native-epoll/4.1.30.Final/netty-transport-native-epoll-4.1.30.Final.jar:/home/user/.m2/repository/io/netty/netty-common/4.1.30.Final/netty-common-4.1.30.Final.jar:/home/user/.m2/repository/io/netty/netty-buffer/4.1.30.Final/netty-buffer-4.1.30.Final.jar:/home/user/.m2/repository/io/netty/netty-transport/4.1.30.Final/netty-transport-4.1.30.Final.jar:/home/user/.m2/repository/io/netty/netty-resolver/4.1.30.Final/netty-resolver-4.1.30.Final.jar:/home/user/.m2/repository/io/netty/netty-transport-native-unix-common/4.1.30.Final/netty-transport-native-unix-common-4.1.30.Final.jar:/home/user/.m2/repository/io/grpc/grpc-protobuf/1.17.1/grpc-protobuf-1.17.1.jar:/home/user/.m2/repository/com/google/api/grpc/proto-google-common-protos/1.0.0/proto-google-common-protos-1.0.0.jar:/home/user/.m2/repository/io/grpc/grpc-protobuf-lite/1.17.1/grpc-protobuf-lite-1.17.1.jar:/home/user/.m2/repository/io/grpc/grpc-stub/1.17.1/grpc-stub-1.17.1.jar:/home/user/.m2/repository/org/apache/hadoop/hadoop-ozone-recon/0.5.0-SNAPSHOT/hadoop-ozone-recon-0.5.0-SNAPSHOT.jar:/home/user/.m2/repository/org/apache/hadoop/hadoop-ozone-reconcodegen/0.5.0-SNAPSHOT/hadoop-ozone-reconcodegen-0.5.0-SNAPSHOT.jar:/home/user/.m2/repository/com/google/inject/extensions/guice-multibindings/4.0/guice-multibindings-4.0.jar:/home/user/.m2/repository/com/google/inject/guice/4.0/guice-4.0.jar:/home/user/.m2/repository/aopalliance/aopalliance/1.0/aopalliance-1.0.jar:/home/user/.m2/repository/com/google/inject/extensions/guice-servlet/4.0/guice-servlet-4.0.jar:/home/user/.m2/repository/org/glassfish/jersey/containers/jersey-container-servlet/2.27/jersey-container-servlet-2.27.jar:/home/user/.m2/repository/org/glassfish/hk2/guice-bridge/2.5.0/guice-bridge-2.5.0.jar:/home/user/.m2/repository/org/glassfish/jersey/core/jersey-server/2.27/jersey-server-2.27.jar:/home/user/.m2/repository/org/glassfish/jersey/core/jersey-client/2.27/jersey-client-2.27.jar:/home/user/.m2/repository/org/glassfish/jersey/media/jersey-media-jaxb/2.27/jersey-media-jaxb-2.27.jar:/home/user/.m2/repository/javax/validation/validation-api/1.1.0.Final/validation-api-1.1.0.Final.jar:/home/user/.m2/repository/org/glassfish/jersey/media/jersey-media-json-jackson/2.27/jersey-media-json-jackson-2.27.jar:/home/user/.m2/repository/org/glassfish/jersey/ext/jersey-entity-filtering/2.27/jersey-entity-filtering-2.27.jar:/home/user/.m2/repository/com/google/inject/extensions/guice-assistedinject/4.0/guice-assistedinject-4.0.jar:/home/user/.m2/repository/org/jooq/jooq/3.11.10/jooq-3.11.10.jar:/home/user/.m2/repository/org/jooq/jooq-meta/3.11.10/jooq-meta-3.11.10.jar:/home/user/.m2/repository/org/jooq/jooq-codegen/3.11.10/jooq-codegen-3.11.10.jar:/home/user/.m2/repository/com/jolbox/bonecp/0.8.0.RELEASE/bonecp-0.8.0.RELEASE.jar:/home/user/.m2/repository/org/xerial/sqlite-jdbc/3.25.2/sqlite-jdbc-3.25.2.jar:/home/user/.m2/repository/org/springframework/spring-jdbc/5.1.3.RELEASE/spring-jdbc-5.1.3.RELEASE.jar:/home/user/.m2/repository/org/springframework/spring-beans/5.1.3.RELEASE/spring-beans-5.1.3.RELEASE.jar:/home/user/.m2/repository/org/springframework/spring-core/5.1.3.RELEASE/spring-core-5.1.3.RELEASE.jar:/home/user/.m2/repository/org/springframework/spring-jcl/5.1.3.RELEASE/spring-jcl-5.1.3.RELEASE.jar:/home/user/.m2/repository/org/springframework/spring-tx/5.1.3.RELEASE/spring-tx-5.1.3.RELEASE.jar:/home/user/.m2/repository/org/apache/hadoop/hadoop-ozone-client/0.5.0-SNAPSHOT/hadoop-ozone-client-0.5.0-SNAPSHOT.jar:/home/user/.m2/repository/commons-lang/commons-lang/2.6/commons-lang-2.6.jar:/home/user/.m2/repository/org/apache/hadoop/hadoop-ozone-ozone-manager/0.5.0-SNAPSHOT/hadoop-ozone-ozone-manager-0.5.0-SNAPSHOT-tests.jar:/home/user/.m2/repository/junit/junit/4.11/junit-4.11.jar:/home/user/.m2/repository/org/hamcrest/hamcrest-core/1.3/hamcrest-core-1.3.jar:/home/user/.m2/repository/org/openjdk/jmh/jmh-core/1.19/jmh-core-1.19.jar:/home/user/.m2/repository/net/sf/jopt-simple/jopt-simple/4.6/jopt-simple-4.6.jar:/home/user/.m2/repository/org/apache/commons/commons-math3/3.1.1/commons-math3-3.1.1.jar:/home/user/.m2/repository/org/openjdk/jmh/jmh-generator-annprocess/1.19/jmh-generator-annprocess-1.19.jar:/home/user/.m2/repository/org/mockito/mockito-all/1.8.5/mockito-all-1.8.5.jar:/home/user/.m2/repository/org/apache/hadoop/hadoop-kms/3.2.0/hadoop-kms-3.2.0.jar:/home/user/.m2/repository/org/apache/hadoop/hadoop-auth/3.2.0/hadoop-auth-3.2.0.jar:/home/user/.m2/repository/com/nimbusds/nimbus-jose-jwt/4.41.1/nimbus-jose-jwt-4.41.1.jar:/home/user/.m2/repository/com/github/stephenc/jcip/jcip-annotations/1.0-1/jcip-annotations-1.0-1.jar:/home/user/.m2/repository/net/minidev/json-smart/2.3/json-smart-2.3.jar:/home/user/.m2/repository/net/minidev/accessors-smart/1.2/accessors-smart-1.2.jar:/home/user/.m2/repository/org/ow2/asm/asm/5.0.4/asm-5.0.4.jar:/home/user/.m2/repository/org/apache/curator/curator-framework/2.12.0/curator-framework-2.12.0.jar:/home/user/.m2/repository/com/sun/jersey/jersey-core/1.19/jersey-core-1.19.jar:/home/user/.m2/repository/javax/ws/rs/jsr311-api/1.1.1/jsr311-api-1.1.1.jar:/home/user/.m2/repository/com/sun/jersey/jersey-server/1.19/jersey-server-1.19.jar:/home/user/.m2/repository/javax/servlet/javax.servlet-api/3.1.0/javax.servlet-api-3.1.0.jar:/home/user/.m2/repository/org/eclipse/jetty/jetty-server/9.3.24.v20180605/jetty-server-9.3.24.v20180605.jar:/home/user/.m2/repository/org/eclipse/jetty/jetty-http/9.3.24.v20180605/jetty-http-9.3.24.v20180605.jar:/home/user/.m2/repository/org/eclipse/jetty/jetty-io/9.3.24.v20180605/jetty-io-9.3.24.v20180605.jar:/home/user/.m2/repository/org/eclipse/jetty/jetty-webapp/9.3.24.v20180605/jetty-webapp-9.3.24.v20180605.jar:/home/user/.m2/repository/org/eclipse/jetty/jetty-xml/9.3.24.v20180605/jetty-xml-9.3.24.v20180605.jar:/home/user/.m2/repository/log4j/log4j/1.2.17/log4j-1.2.17.jar:/home/user/.m2/repository/org/slf4j/slf4j-api/1.7.25/slf4j-api-1.7.25.jar:/home/user/.m2/repository/org/slf4j/jul-to-slf4j/1.7.25/jul-to-slf4j-1.7.25.jar:/home/user/.m2/repository/org/eclipse/jetty/jetty-util/9.3.24.v20180605/jetty-util-9.3.24.v20180605.jar:/home/user/.m2/repository/com/fasterxml/jackson/core/jackson-databind/2.9.5/jackson-databind-2.9.5.jar:/home/user/.m2/repository/org/apache/hadoop/hadoop-kms/3.2.0/hadoop-kms-3.2.0-tests.jar:/home/user/.m2/repository/org/apache/hadoop/hadoop-hdds-server-scm/0.5.0-SNAPSHOT/hadoop-hdds-server-scm-0.5.0-SNAPSHOT-tests.jar:/home/user/.m2/repository/org/apache/hadoop/hadoop-hdds-container-service/0.5.0-SNAPSHOT/hadoop-hdds-container-service-0.5.0-SNAPSHOT-tests.jar:/home/user/.m2/repository/org/yaml/snakeyaml/1.16/snakeyaml-1.16.jar:/home/user/.m2/repository/org/apache/hadoop/hadoop-common/3.2.0/hadoop-common-3.2.0-tests.jar:/home/user/.m2/repository/org/apache/hadoop/hadoop-annotations/3.2.0/hadoop-annotations-3.2.0.jar:/usr/lib/jvm/java-1.8-openjdk/jre/../lib/tools.jar:/home/user/.m2/repository/commons-cli/commons-cli/1.2/commons-cli-1.2.jar:/home/user/.m2/repository/org/apache/httpcomponents/httpclient/4.5.2/httpclient-4.5.2.jar:/home/user/.m2/repository/org/apache/httpcomponents/httpcore/4.4.4/httpcore-4.4.4.jar:/home/user/.m2/repository/commons-codec/commons-codec/1.11/commons-codec-1.11.jar:/home/user/.m2/repository/commons-net/commons-net/3.6/commons-net-3.6.jar:/home/user/.m2/repository/commons-collections/commons-collections/3.2.2/commons-collections-3.2.2.jar:/home/user/.m2/repository/org/eclipse/jetty/jetty-servlet/9.3.24.v20180605/jetty-servlet-9.3.24.v20180605.jar:/home/user/.m2/repository/org/eclipse/jetty/jetty-security/9.3.24.v20180605/jetty-security-9.3.24.v20180605.jar:/home/user/.m2/repository/javax/servlet/jsp/jsp-api/2.1/jsp-api-2.1.jar:/home/user/.m2/repository/com/sun/jersey/jersey-servlet/1.19/jersey-servlet-1.19.jar:/home/user/.m2/repository/com/sun/jersey/jersey-json/1.19/jersey-json-1.19.jar:/home/user/.m2/repository/org/codehaus/jettison/jettison/1.1/jettison-1.1.jar:/home/user/.m2/repository/org/codehaus/jackson/jackson-core-asl/1.9.13/jackson-core-asl-1.9.13.jar:/home/user/.m2/repository/org/codehaus/jackson/jackson-mapper-asl/1.9.13/jackson-mapper-asl-1.9.13.jar:/home/user/.m2/repository/org/codehaus/jackson/jackson-jaxrs/1.9.13/jackson-jaxrs-1.9.13.jar:/home/user/.m2/repository/org/codehaus/jackson/jackson-xc/1.9.13/jackson-xc-1.9.13.jar:/home/user/.m2/repository/commons-logging/commons-logging/1.1.3/commons-logging-1.1.3.jar:/home/user/.m2/repository/commons-beanutils/commons-beanutils/1.9.3/commons-beanutils-1.9.3.jar:/home/user/.m2/repository/org/apache/commons/commons-configuration2/2.1.1/commons-configuration2-2.1.1.jar:/home/user/.m2/repository/org/apache/commons/commons-lang3/3.7/commons-lang3-3.7.jar:/home/user/.m2/repository/org/apache/commons/commons-text/1.4/commons-text-1.4.jar:/home/user/.m2/repository/org/apache/avro/avro/1.7.7/avro-1.7.7.jar:/home/user/.m2/repository/com/thoughtworks/paranamer/paranamer/2.3/paranamer-2.3.jar:/home/user/.m2/repository/org/xerial/snappy/snappy-java/1.0.5/snappy-java-1.0.5.jar:/home/user/.m2/repository/com/google/re2j/re2j/1.1/re2j-1.1.jar:/home/user/.m2/repository/com/google/code/gson/gson/2.2.4/gson-2.2.4.jar:/home/user/.m2/repository/com/jcraft/jsch/0.1.54/jsch-0.1.54.jar:/home/user/.m2/repository/org/apache/curator/curator-client/2.12.0/curator-client-2.12.0.jar:/home/user/.m2/repository/org/apache/curator/curator-recipes/2.12.0/curator-recipes-2.12.0.jar:/home/user/.m2/repository/com/google/code/findbugs/jsr305/3.0.0/jsr305-3.0.0.jar:/home/user/.m2/repository/org/apache/htrace/htrace-core4/4.1.0-incubating/htrace-core4-4.1.0-incubating.jar:/home/user/.m2/repository/org/apache/zookeeper/zookeeper/3.4.13/zookeeper-3.4.13.jar:/home/user/.m2/repository/org/apache/yetus/audience-annotations/0.5.0/audience-annotations-0.5.0.jar:/home/user/.m2/repository/org/codehaus/woodstox/stax2-api/3.1.4/stax2-api-3.1.4.jar:/home/user/.m2/repository/com/fasterxml/woodstox/woodstox-core/5.0.3/woodstox-core-5.0.3.jar:/home/user/.m2/repository/dnsjava/dnsjava/2.1.7/dnsjava-2.1.7.jar:/home/user/.m2/repository/org/apache/hadoop/hadoop-hdfs/3.2.0/hadoop-hdfs-3.2.0-tests.jar:/home/user/.m2/repository/org/eclipse/jetty/jetty-util-ajax/9.3.24.v20180605/jetty-util-ajax-9.3.24.v20180605.jar:/home/user/.m2/repository/commons-daemon/commons-daemon/1.0.13/commons-daemon-1.0.13.jar:/home/user/.m2/repository/io/netty/netty/3.10.5.Final/netty-3.10.5.Final.jar:/home/user/.m2/repository/io/netty/netty-all/4.0.52.Final/netty-all-4.0.52.Final.jar:/home/user/.m2/repository/org/fusesource/leveldbjni/leveldbjni-all/1.8/leveldbjni-all-1.8.jar:"/>
    <property name="java.vm.vendor" value="IcedTea"/>
    <property name="sun.arch.data.model" value="64"/>
    <property name="test.build.dir" value="/workdir/hadoop-ozone/integration-test/target/test-dir"/>
    <property name="test.cache.data" value=""/>
    <property name="java.vendor.url" value="https://icedtea.classpath.org"/>
    <property name="user.timezone" value=""/>
    <property name="java.vm.specification.version" value="1.8"/>
    <property name="os.name" value="Linux"/>
    <property name="test.build.data" value="/workdir/hadoop-ozone/integration-test/target/test-dir"/>
    <property name="user.country" value="US"/>
    <property name="sun.java.launcher" value="SUN_STANDARD"/>
    <property name="sun.boot.library.path" value="/usr/lib/jvm/java-1.8-openjdk/jre/lib/amd64"/>
    <property name="sun.java.command" value="/workdir/hadoop-ozone/integration-test/target/surefire/surefirebooter481102320391160373.jar /workdir/hadoop-ozone/integration-test/target/surefire 2019-08-23T00-59-35_394-jvmRun1 surefire3959062013389036208tmp surefire_60870544867651217461tmp"/>
    <property name="test" value="!TestMiniChaosOzoneCluster"/>
    <property name="surefire.test.class.path" value="/workdir/hadoop-ozone/integration-test/target/test-classes:/workdir/hadoop-ozone/integration-test/target/classes:/home/user/.m2/repository/org/apache/hadoop/hadoop-ozone-common/0.5.0-SNAPSHOT/hadoop-ozone-common-0.5.0-SNAPSHOT.jar:/home/user/.m2/repository/org/apache/commons/commons-compress/1.4.1/commons-compress-1.4.1.jar:/home/user/.m2/repository/org/tukaani/xz/1.0/xz-1.0.jar:/home/user/.m2/repository/org/apache/hadoop/hadoop-common/3.2.0/hadoop-common-3.2.0.jar:/home/user/.m2/repository/org/apache/hadoop/hadoop-hdfs/3.2.0/hadoop-hdfs-3.2.0.jar:/home/user/.m2/repository/org/apache/hadoop/hadoop-hdfs-client/3.2.0/hadoop-hdfs-client-3.2.0.jar:/home/user/.m2/repository/com/fasterxml/jackson/core/jackson-annotations/2.9.5/jackson-annotations-2.9.5.jar:/home/user/.m2/repository/org/apache/hadoop/hadoop-hdds-common/0.5.0-SNAPSHOT/hadoop-hdds-common-0.5.0-SNAPSHOT.jar:/home/user/.m2/repository/javax/annotation/javax.annotation-api/1.2/javax.annotation-api-1.2.jar:/home/user/.m2/repository/org/apache/ratis/ratis-server/0.4.0-2337318-SNAPSHOT/ratis-server-0.4.0-2337318-SNAPSHOT.jar:/home/user/.m2/repository/org/apache/ratis/ratis-thirdparty-misc/0.2.0/ratis-thirdparty-misc-0.2.0.jar:/home/user/.m2/repository/org/apache/ratis/ratis-proto/0.4.0-2337318-SNAPSHOT/ratis-proto-0.4.0-2337318-SNAPSHOT.jar:/home/user/.m2/repository/org/apache/ratis/ratis-common/0.4.0-2337318-SNAPSHOT/ratis-common-0.4.0-2337318-SNAPSHOT.jar:/home/user/.m2/repository/org/apache/ratis/ratis-client/0.4.0-2337318-SNAPSHOT/ratis-client-0.4.0-2337318-SNAPSHOT.jar:/home/user/.m2/repository/org/apache/ratis/ratis-metrics/0.4.0-2337318-SNAPSHOT/ratis-metrics-0.4.0-2337318-SNAPSHOT.jar:/home/user/.m2/repository/org/apache/ratis/ratis-netty/0.4.0-2337318-SNAPSHOT/ratis-netty-0.4.0-2337318-SNAPSHOT.jar:/home/user/.m2/repository/org/apache/ratis/ratis-grpc/0.4.0-2337318-SNAPSHOT/ratis-grpc-0.4.0-2337318-SNAPSHOT.jar:/home/user/.m2/repository/org/rocksdb/rocksdbjni/6.0.1/rocksdbjni-6.0.1.jar:/home/user/.m2/repository/org/apache/logging/log4j/log4j-api/2.11.0/log4j-api-2.11.0.jar:/home/user/.m2/repository/org/apache/logging/log4j/log4j-core/2.11.0/log4j-core-2.11.0.jar:/home/user/.m2/repository/com/lmax/disruptor/3.4.2/disruptor-3.4.2.jar:/home/user/.m2/repository/org/apache/commons/commons-pool2/2.6.0/commons-pool2-2.6.0.jar:/home/user/.m2/repository/org/bouncycastle/bcpkix-jdk15on/1.60/bcpkix-jdk15on-1.60.jar:/home/user/.m2/repository/commons-validator/commons-validator/1.6/commons-validator-1.6.jar:/home/user/.m2/repository/commons-digester/commons-digester/1.8.1/commons-digester-1.8.1.jar:/home/user/.m2/repository/io/jaegertracing/jaeger-client/0.33.1/jaeger-client-0.33.1.jar:/home/user/.m2/repository/io/jaegertracing/jaeger-thrift/0.33.1/jaeger-thrift-0.33.1.jar:/home/user/.m2/repository/org/apache/thrift/libthrift/0.11.0/libthrift-0.11.0.jar:/home/user/.m2/repository/com/squareup/okhttp3/okhttp/3.9.0/okhttp-3.9.0.jar:/home/user/.m2/repository/com/squareup/okio/okio/1.13.0/okio-1.13.0.jar:/home/user/.m2/repository/io/jaegertracing/jaeger-core/0.33.1/jaeger-core-0.33.1.jar:/home/user/.m2/repository/io/jaegertracing/jaeger-tracerresolver/0.33.1/jaeger-tracerresolver-0.33.1.jar:/home/user/.m2/repository/io/opentracing/contrib/opentracing-tracerresolver/0.1.5/opentracing-tracerresolver-0.1.5.jar:/home/user/.m2/repository/io/opentracing/opentracing-util/0.31.0/opentracing-util-0.31.0.jar:/home/user/.m2/repository/io/opentracing/opentracing-api/0.31.0/opentracing-api-0.31.0.jar:/home/user/.m2/repository/io/opentracing/opentracing-noop/0.31.0/opentracing-noop-0.31.0.jar:/home/user/.m2/repository/org/apache/hadoop/hadoop-hdds-server-framework/0.5.0-SNAPSHOT/hadoop-hdds-server-framework-0.5.0-SNAPSHOT.jar:/home/user/.m2/repository/org/apache/hadoop/hadoop-hdds-container-service/0.5.0-SNAPSHOT/hadoop-hdds-container-service-0.5.0-SNAPSHOT.jar:/home/user/.m2/repository/org/apache/hadoop/hadoop-hdds-client/0.5.0-SNAPSHOT/hadoop-hdds-client-0.5.0-SNAPSHOT.jar:/home/user/.m2/repository/org/apache/hadoop/hadoop-hdds-tools/0.5.0-SNAPSHOT/hadoop-hdds-tools-0.5.0-SNAPSHOT.jar:/home/user/.m2/repository/org/apache/hadoop/hadoop-hdds-server-scm/0.5.0-SNAPSHOT/hadoop-hdds-server-scm-0.5.0-SNAPSHOT.jar:/home/user/.m2/repository/org/apache/hadoop/hadoop-hdds-docs/0.5.0-SNAPSHOT/hadoop-hdds-docs-0.5.0-SNAPSHOT.jar:/home/user/.m2/repository/io/dropwizard/metrics/metrics-core/3.2.4/metrics-core-3.2.4.jar:/home/user/.m2/repository/org/hamcrest/hamcrest-all/1.3/hamcrest-all-1.3.jar:/home/user/.m2/repository/org/bouncycastle/bcprov-jdk15on/1.60/bcprov-jdk15on-1.60.jar:/home/user/.m2/repository/info/picocli/picocli/3.9.6/picocli-3.9.6.jar:/home/user/.m2/repository/com/google/protobuf/protobuf-java/2.5.0/protobuf-java-2.5.0.jar:/home/user/.m2/repository/com/google/guava/guava/11.0.2/guava-11.0.2.jar:/home/user/.m2/repository/org/apache/hadoop/hadoop-ozone-ozone-manager/0.5.0-SNAPSHOT/hadoop-ozone-ozone-manager-0.5.0-SNAPSHOT.jar:/home/user/.m2/repository/org/apache/hadoop/hadoop-minikdc/3.2.0/hadoop-minikdc-3.2.0.jar:/home/user/.m2/repository/commons-io/commons-io/2.5/commons-io-2.5.jar:/home/user/.m2/repository/org/apache/kerby/kerb-simplekdc/1.0.1/kerb-simplekdc-1.0.1.jar:/home/user/.m2/repository/org/apache/kerby/kerb-client/1.0.1/kerb-client-1.0.1.jar:/home/user/.m2/repository/org/apache/kerby/kerby-config/1.0.1/kerby-config-1.0.1.jar:/home/user/.m2/repository/org/apache/kerby/kerb-core/1.0.1/kerb-core-1.0.1.jar:/home/user/.m2/repository/org/apache/kerby/kerby-pkix/1.0.1/kerby-pkix-1.0.1.jar:/home/user/.m2/repository/org/apache/kerby/kerby-asn1/1.0.1/kerby-asn1-1.0.1.jar:/home/user/.m2/repository/org/apache/kerby/kerby-util/1.0.1/kerby-util-1.0.1.jar:/home/user/.m2/repository/org/apache/kerby/kerb-common/1.0.1/kerb-common-1.0.1.jar:/home/user/.m2/repository/org/apache/kerby/kerb-crypto/1.0.1/kerb-crypto-1.0.1.jar:/home/user/.m2/repository/org/apache/kerby/kerb-util/1.0.1/kerb-util-1.0.1.jar:/home/user/.m2/repository/org/apache/kerby/token-provider/1.0.1/token-provider-1.0.1.jar:/home/user/.m2/repository/org/apache/kerby/kerb-admin/1.0.1/kerb-admin-1.0.1.jar:/home/user/.m2/repository/org/apache/kerby/kerb-server/1.0.1/kerb-server-1.0.1.jar:/home/user/.m2/repository/org/apache/kerby/kerb-identity/1.0.1/kerb-identity-1.0.1.jar:/home/user/.m2/repository/org/apache/kerby/kerby-xdr/1.0.1/kerby-xdr-1.0.1.jar:/home/user/.m2/repository/org/slf4j/slf4j-log4j12/1.7.25/slf4j-log4j12-1.7.25.jar:/home/user/.m2/repository/org/apache/hadoop/hadoop-ozone-objectstore-service/0.5.0-SNAPSHOT/hadoop-ozone-objectstore-service-0.5.0-SNAPSHOT.jar:/home/user/.m2/repository/org/apache/hadoop/hadoop-ozone-s3gateway/0.5.0-SNAPSHOT/hadoop-ozone-s3gateway-0.5.0-SNAPSHOT.jar:/home/user/.m2/repository/org/jboss/weld/servlet/weld-servlet/2.4.7.Final/weld-servlet-2.4.7.Final.jar:/home/user/.m2/repository/org/glassfish/jersey/containers/jersey-container-servlet-core/2.27/jersey-container-servlet-core-2.27.jar:/home/user/.m2/repository/org/glassfish/hk2/external/javax.inject/2.5.0-b42/javax.inject-2.5.0-b42.jar:/home/user/.m2/repository/org/glassfish/jersey/core/jersey-common/2.27/jersey-common-2.27.jar:/home/user/.m2/repository/org/glassfish/hk2/osgi-resource-locator/1.0.1/osgi-resource-locator-1.0.1.jar:/home/user/.m2/repository/javax/ws/rs/javax.ws.rs-api/2.1/javax.ws.rs-api-2.1.jar:/home/user/.m2/repository/org/glassfish/jersey/ext/cdi/jersey-cdi1x/2.27/jersey-cdi1x-2.27.jar:/home/user/.m2/repository/org/glassfish/jersey/inject/jersey-hk2/2.27/jersey-hk2-2.27.jar:/home/user/.m2/repository/org/glassfish/hk2/hk2-locator/2.5.0-b42/hk2-locator-2.5.0-b42.jar:/home/user/.m2/repository/org/javassist/javassist/3.22.0-CR2/javassist-3.22.0-CR2.jar:/home/user/.m2/repository/org/glassfish/hk2/hk2-api/2.5.0/hk2-api-2.5.0.jar:/home/user/.m2/repository/org/glassfish/hk2/external/jakarta.inject/2.5.0/jakarta.inject-2.5.0.jar:/home/user/.m2/repository/org/glassfish/hk2/hk2-utils/2.5.0/hk2-utils-2.5.0.jar:/home/user/.m2/repository/jakarta/annotation/jakarta.annotation-api/1.3.4/jakarta.annotation-api-1.3.4.jar:/home/user/.m2/repository/org/glassfish/hk2/external/aopalliance-repackaged/2.5.0/aopalliance-repackaged-2.5.0.jar:/home/user/.m2/repository/com/fasterxml/jackson/dataformat/jackson-dataformat-xml/2.9.0/jackson-dataformat-xml-2.9.0.jar:/home/user/.m2/repository/com/fasterxml/jackson/core/jackson-core/2.9.5/jackson-core-2.9.5.jar:/home/user/.m2/repository/com/fasterxml/jackson/module/jackson-module-jaxb-annotations/2.9.5/jackson-module-jaxb-annotations-2.9.5.jar:/home/user/.m2/repository/javax/enterprise/cdi-api/1.2/cdi-api-1.2.jar:/home/user/.m2/repository/javax/el/javax.el-api/3.0.0/javax.el-api-3.0.0.jar:/home/user/.m2/repository/javax/interceptor/javax.interceptor-api/1.2/javax.interceptor-api-1.2.jar:/home/user/.m2/repository/javax/inject/javax.inject/1/javax.inject-1.jar:/home/user/.m2/repository/com/sun/xml/bind/jaxb-impl/2.3.0.1/jaxb-impl-2.3.0.1.jar:/home/user/.m2/repository/com/sun/xml/bind/jaxb-core/2.3.0.1/jaxb-core-2.3.0.1.jar:/home/user/.m2/repository/javax/xml/bind/jaxb-api/2.3.0/jaxb-api-2.3.0.jar:/home/user/.m2/repository/javax/activation/activation/1.1.1/activation-1.1.1.jar:/home/user/.m2/repository/org/apache/hadoop/hadoop-ozone-csi/0.5.0-SNAPSHOT/hadoop-ozone-csi-0.5.0-SNAPSHOT.jar:/home/user/.m2/repository/com/google/protobuf/protobuf-java-util/3.5.1/protobuf-java-util-3.5.1.jar:/home/user/.m2/repository/org/apache/hadoop/hadoop-hdds-config/0.5.0-SNAPSHOT/hadoop-hdds-config-0.5.0-SNAPSHOT.jar:/home/user/.m2/repository/io/grpc/grpc-netty/1.17.1/grpc-netty-1.17.1.jar:/home/user/.m2/repository/io/grpc/grpc-core/1.17.1/grpc-core-1.17.1.jar:/home/user/.m2/repository/io/grpc/grpc-context/1.17.1/grpc-context-1.17.1.jar:/home/user/.m2/repository/com/google/errorprone/error_prone_annotations/2.2.0/error_prone_annotations-2.2.0.jar:/home/user/.m2/repository/org/codehaus/mojo/animal-sniffer-annotations/1.17/animal-sniffer-annotations-1.17.jar:/home/user/.m2/repository/io/opencensus/opencensus-api/0.17.0/opencensus-api-0.17.0.jar:/home/user/.m2/repository/io/opencensus/opencensus-contrib-grpc-metrics/0.17.0/opencensus-contrib-grpc-metrics-0.17.0.jar:/home/user/.m2/repository/io/netty/netty-codec-http2/4.1.30.Final/netty-codec-http2-4.1.30.Final.jar:/home/user/.m2/repository/io/netty/netty-codec-http/4.1.30.Final/netty-codec-http-4.1.30.Final.jar:/home/user/.m2/repository/io/netty/netty-codec/4.1.30.Final/netty-codec-4.1.30.Final.jar:/home/user/.m2/repository/io/netty/netty-handler/4.1.30.Final/netty-handler-4.1.30.Final.jar:/home/user/.m2/repository/io/netty/netty-handler-proxy/4.1.30.Final/netty-handler-proxy-4.1.30.Final.jar:/home/user/.m2/repository/io/netty/netty-codec-socks/4.1.30.Final/netty-codec-socks-4.1.30.Final.jar:/home/user/.m2/repository/io/netty/netty-transport-native-epoll/4.1.30.Final/netty-transport-native-epoll-4.1.30.Final.jar:/home/user/.m2/repository/io/netty/netty-common/4.1.30.Final/netty-common-4.1.30.Final.jar:/home/user/.m2/repository/io/netty/netty-buffer/4.1.30.Final/netty-buffer-4.1.30.Final.jar:/home/user/.m2/repository/io/netty/netty-transport/4.1.30.Final/netty-transport-4.1.30.Final.jar:/home/user/.m2/repository/io/netty/netty-resolver/4.1.30.Final/netty-resolver-4.1.30.Final.jar:/home/user/.m2/repository/io/netty/netty-transport-native-unix-common/4.1.30.Final/netty-transport-native-unix-common-4.1.30.Final.jar:/home/user/.m2/repository/io/grpc/grpc-protobuf/1.17.1/grpc-protobuf-1.17.1.jar:/home/user/.m2/repository/com/google/api/grpc/proto-google-common-protos/1.0.0/proto-google-common-protos-1.0.0.jar:/home/user/.m2/repository/io/grpc/grpc-protobuf-lite/1.17.1/grpc-protobuf-lite-1.17.1.jar:/home/user/.m2/repository/io/grpc/grpc-stub/1.17.1/grpc-stub-1.17.1.jar:/home/user/.m2/repository/org/apache/hadoop/hadoop-ozone-recon/0.5.0-SNAPSHOT/hadoop-ozone-recon-0.5.0-SNAPSHOT.jar:/home/user/.m2/repository/org/apache/hadoop/hadoop-ozone-reconcodegen/0.5.0-SNAPSHOT/hadoop-ozone-reconcodegen-0.5.0-SNAPSHOT.jar:/home/user/.m2/repository/com/google/inject/extensions/guice-multibindings/4.0/guice-multibindings-4.0.jar:/home/user/.m2/repository/com/google/inject/guice/4.0/guice-4.0.jar:/home/user/.m2/repository/aopalliance/aopalliance/1.0/aopalliance-1.0.jar:/home/user/.m2/repository/com/google/inject/extensions/guice-servlet/4.0/guice-servlet-4.0.jar:/home/user/.m2/repository/org/glassfish/jersey/containers/jersey-container-servlet/2.27/jersey-container-servlet-2.27.jar:/home/user/.m2/repository/org/glassfish/hk2/guice-bridge/2.5.0/guice-bridge-2.5.0.jar:/home/user/.m2/repository/org/glassfish/jersey/core/jersey-server/2.27/jersey-server-2.27.jar:/home/user/.m2/repository/org/glassfish/jersey/core/jersey-client/2.27/jersey-client-2.27.jar:/home/user/.m2/repository/org/glassfish/jersey/media/jersey-media-jaxb/2.27/jersey-media-jaxb-2.27.jar:/home/user/.m2/repository/javax/validation/validation-api/1.1.0.Final/validation-api-1.1.0.Final.jar:/home/user/.m2/repository/org/glassfish/jersey/media/jersey-media-json-jackson/2.27/jersey-media-json-jackson-2.27.jar:/home/user/.m2/repository/org/glassfish/jersey/ext/jersey-entity-filtering/2.27/jersey-entity-filtering-2.27.jar:/home/user/.m2/repository/com/google/inject/extensions/guice-assistedinject/4.0/guice-assistedinject-4.0.jar:/home/user/.m2/repository/org/jooq/jooq/3.11.10/jooq-3.11.10.jar:/home/user/.m2/repository/org/jooq/jooq-meta/3.11.10/jooq-meta-3.11.10.jar:/home/user/.m2/repository/org/jooq/jooq-codegen/3.11.10/jooq-codegen-3.11.10.jar:/home/user/.m2/repository/com/jolbox/bonecp/0.8.0.RELEASE/bonecp-0.8.0.RELEASE.jar:/home/user/.m2/repository/org/xerial/sqlite-jdbc/3.25.2/sqlite-jdbc-3.25.2.jar:/home/user/.m2/repository/org/springframework/spring-jdbc/5.1.3.RELEASE/spring-jdbc-5.1.3.RELEASE.jar:/home/user/.m2/repository/org/springframework/spring-beans/5.1.3.RELEASE/spring-beans-5.1.3.RELEASE.jar:/home/user/.m2/repository/org/springframework/spring-core/5.1.3.RELEASE/spring-core-5.1.3.RELEASE.jar:/home/user/.m2/repository/org/springframework/spring-jcl/5.1.3.RELEASE/spring-jcl-5.1.3.RELEASE.jar:/home/user/.m2/repository/org/springframework/spring-tx/5.1.3.RELEASE/spring-tx-5.1.3.RELEASE.jar:/home/user/.m2/repository/org/apache/hadoop/hadoop-ozone-client/0.5.0-SNAPSHOT/hadoop-ozone-client-0.5.0-SNAPSHOT.jar:/home/user/.m2/repository/commons-lang/commons-lang/2.6/commons-lang-2.6.jar:/home/user/.m2/repository/org/apache/hadoop/hadoop-ozone-ozone-manager/0.5.0-SNAPSHOT/hadoop-ozone-ozone-manager-0.5.0-SNAPSHOT-tests.jar:/home/user/.m2/repository/junit/junit/4.11/junit-4.11.jar:/home/user/.m2/repository/org/hamcrest/hamcrest-core/1.3/hamcrest-core-1.3.jar:/home/user/.m2/repository/org/openjdk/jmh/jmh-core/1.19/jmh-core-1.19.jar:/home/user/.m2/repository/net/sf/jopt-simple/jopt-simple/4.6/jopt-simple-4.6.jar:/home/user/.m2/repository/org/apache/commons/commons-math3/3.1.1/commons-math3-3.1.1.jar:/home/user/.m2/repository/org/openjdk/jmh/jmh-generator-annprocess/1.19/jmh-generator-annprocess-1.19.jar:/home/user/.m2/repository/org/mockito/mockito-all/1.8.5/mockito-all-1.8.5.jar:/home/user/.m2/repository/org/apache/hadoop/hadoop-kms/3.2.0/hadoop-kms-3.2.0.jar:/home/user/.m2/repository/org/apache/hadoop/hadoop-auth/3.2.0/hadoop-auth-3.2.0.jar:/home/user/.m2/repository/com/nimbusds/nimbus-jose-jwt/4.41.1/nimbus-jose-jwt-4.41.1.jar:/home/user/.m2/repository/com/github/stephenc/jcip/jcip-annotations/1.0-1/jcip-annotations-1.0-1.jar:/home/user/.m2/repository/net/minidev/json-smart/2.3/json-smart-2.3.jar:/home/user/.m2/repository/net/minidev/accessors-smart/1.2/accessors-smart-1.2.jar:/home/user/.m2/repository/org/ow2/asm/asm/5.0.4/asm-5.0.4.jar:/home/user/.m2/repository/org/apache/curator/curator-framework/2.12.0/curator-framework-2.12.0.jar:/home/user/.m2/repository/com/sun/jersey/jersey-core/1.19/jersey-core-1.19.jar:/home/user/.m2/repository/javax/ws/rs/jsr311-api/1.1.1/jsr311-api-1.1.1.jar:/home/user/.m2/repository/com/sun/jersey/jersey-server/1.19/jersey-server-1.19.jar:/home/user/.m2/repository/javax/servlet/javax.servlet-api/3.1.0/javax.servlet-api-3.1.0.jar:/home/user/.m2/repository/org/eclipse/jetty/jetty-server/9.3.24.v20180605/jetty-server-9.3.24.v20180605.jar:/home/user/.m2/repository/org/eclipse/jetty/jetty-http/9.3.24.v20180605/jetty-http-9.3.24.v20180605.jar:/home/user/.m2/repository/org/eclipse/jetty/jetty-io/9.3.24.v20180605/jetty-io-9.3.24.v20180605.jar:/home/user/.m2/repository/org/eclipse/jetty/jetty-webapp/9.3.24.v20180605/jetty-webapp-9.3.24.v20180605.jar:/home/user/.m2/repository/org/eclipse/jetty/jetty-xml/9.3.24.v20180605/jetty-xml-9.3.24.v20180605.jar:/home/user/.m2/repository/log4j/log4j/1.2.17/log4j-1.2.17.jar:/home/user/.m2/repository/org/slf4j/slf4j-api/1.7.25/slf4j-api-1.7.25.jar:/home/user/.m2/repository/org/slf4j/jul-to-slf4j/1.7.25/jul-to-slf4j-1.7.25.jar:/home/user/.m2/repository/org/eclipse/jetty/jetty-util/9.3.24.v20180605/jetty-util-9.3.24.v20180605.jar:/home/user/.m2/repository/com/fasterxml/jackson/core/jackson-databind/2.9.5/jackson-databind-2.9.5.jar:/home/user/.m2/repository/org/apache/hadoop/hadoop-kms/3.2.0/hadoop-kms-3.2.0-tests.jar:/home/user/.m2/repository/org/apache/hadoop/hadoop-hdds-server-scm/0.5.0-SNAPSHOT/hadoop-hdds-server-scm-0.5.0-SNAPSHOT-tests.jar:/home/user/.m2/repository/org/apache/hadoop/hadoop-hdds-container-service/0.5.0-SNAPSHOT/hadoop-hdds-container-service-0.5.0-SNAPSHOT-tests.jar:/home/user/.m2/repository/org/yaml/snakeyaml/1.16/snakeyaml-1.16.jar:/home/user/.m2/repository/org/apache/hadoop/hadoop-common/3.2.0/hadoop-common-3.2.0-tests.jar:/home/user/.m2/repository/org/apache/hadoop/hadoop-annotations/3.2.0/hadoop-annotations-3.2.0.jar:/usr/lib/jvm/java-1.8-openjdk/jre/../lib/tools.jar:/home/user/.m2/repository/commons-cli/commons-cli/1.2/commons-cli-1.2.jar:/home/user/.m2/repository/org/apache/httpcomponents/httpclient/4.5.2/httpclient-4.5.2.jar:/home/user/.m2/repository/org/apache/httpcomponents/httpcore/4.4.4/httpcore-4.4.4.jar:/home/user/.m2/repository/commons-codec/commons-codec/1.11/commons-codec-1.11.jar:/home/user/.m2/repository/commons-net/commons-net/3.6/commons-net-3.6.jar:/home/user/.m2/repository/commons-collections/commons-collections/3.2.2/commons-collections-3.2.2.jar:/home/user/.m2/repository/org/eclipse/jetty/jetty-servlet/9.3.24.v20180605/jetty-servlet-9.3.24.v20180605.jar:/home/user/.m2/repository/org/eclipse/jetty/jetty-security/9.3.24.v20180605/jetty-security-9.3.24.v20180605.jar:/home/user/.m2/repository/javax/servlet/jsp/jsp-api/2.1/jsp-api-2.1.jar:/home/user/.m2/repository/com/sun/jersey/jersey-servlet/1.19/jersey-servlet-1.19.jar:/home/user/.m2/repository/com/sun/jersey/jersey-json/1.19/jersey-json-1.19.jar:/home/user/.m2/repository/org/codehaus/jettison/jettison/1.1/jettison-1.1.jar:/home/user/.m2/repository/org/codehaus/jackson/jackson-core-asl/1.9.13/jackson-core-asl-1.9.13.jar:/home/user/.m2/repository/org/codehaus/jackson/jackson-mapper-asl/1.9.13/jackson-mapper-asl-1.9.13.jar:/home/user/.m2/repository/org/codehaus/jackson/jackson-jaxrs/1.9.13/jackson-jaxrs-1.9.13.jar:/home/user/.m2/repository/org/codehaus/jackson/jackson-xc/1.9.13/jackson-xc-1.9.13.jar:/home/user/.m2/repository/commons-logging/commons-logging/1.1.3/commons-logging-1.1.3.jar:/home/user/.m2/repository/commons-beanutils/commons-beanutils/1.9.3/commons-beanutils-1.9.3.jar:/home/user/.m2/repository/org/apache/commons/commons-configuration2/2.1.1/commons-configuration2-2.1.1.jar:/home/user/.m2/repository/org/apache/commons/commons-lang3/3.7/commons-lang3-3.7.jar:/home/user/.m2/repository/org/apache/commons/commons-text/1.4/commons-text-1.4.jar:/home/user/.m2/repository/org/apache/avro/avro/1.7.7/avro-1.7.7.jar:/home/user/.m2/repository/com/thoughtworks/paranamer/paranamer/2.3/paranamer-2.3.jar:/home/user/.m2/repository/org/xerial/snappy/snappy-java/1.0.5/snappy-java-1.0.5.jar:/home/user/.m2/repository/com/google/re2j/re2j/1.1/re2j-1.1.jar:/home/user/.m2/repository/com/google/code/gson/gson/2.2.4/gson-2.2.4.jar:/home/user/.m2/repository/com/jcraft/jsch/0.1.54/jsch-0.1.54.jar:/home/user/.m2/repository/org/apache/curator/curator-client/2.12.0/curator-client-2.12.0.jar:/home/user/.m2/repository/org/apache/curator/curator-recipes/2.12.0/curator-recipes-2.12.0.jar:/home/user/.m2/repository/com/google/code/findbugs/jsr305/3.0.0/jsr305-3.0.0.jar:/home/user/.m2/repository/org/apache/htrace/htrace-core4/4.1.0-incubating/htrace-core4-4.1.0-incubating.jar:/home/user/.m2/repository/org/apache/zookeeper/zookeeper/3.4.13/zookeeper-3.4.13.jar:/home/user/.m2/repository/org/apache/yetus/audience-annotations/0.5.0/audience-annotations-0.5.0.jar:/home/user/.m2/repository/org/codehaus/woodstox/stax2-api/3.1.4/stax2-api-3.1.4.jar:/home/user/.m2/repository/com/fasterxml/woodstox/woodstox-core/5.0.3/woodstox-core-5.0.3.jar:/home/user/.m2/repository/dnsjava/dnsjava/2.1.7/dnsjava-2.1.7.jar:/home/user/.m2/repository/org/apache/hadoop/hadoop-hdfs/3.2.0/hadoop-hdfs-3.2.0-tests.jar:/home/user/.m2/repository/org/eclipse/jetty/jetty-util-ajax/9.3.24.v20180605/jetty-util-ajax-9.3.24.v20180605.jar:/home/user/.m2/repository/commons-daemon/commons-daemon/1.0.13/commons-daemon-1.0.13.jar:/home/user/.m2/repository/io/netty/netty/3.10.5.Final/netty-3.10.5.Final.jar:/home/user/.m2/repository/io/netty/netty-all/4.0.52.Final/netty-all-4.0.52.Final.jar:/home/user/.m2/repository/org/fusesource/leveldbjni/leveldbjni-all/1.8/leveldbjni-all-1.8.jar:"/>
    <property name="sun.cpu.endian" value="little"/>
    <property name="user.home" value="/home/user"/>
    <property name="user.language" value="en"/>
    <property name="java.specification.vendor" value="Oracle Corporation"/>
    <property name="java.home" value="/usr/lib/jvm/java-1.8-openjdk/jre"/>
    <property name="java.security.krb5.conf" value="/workdir/hadoop-ozone/integration-test/target/test-classes/krb5.conf"/>
    <property name="basedir" value="/workdir/hadoop-ozone/integration-test"/>
    <property name="file.separator" value="/"/>
    <property name="line.separator" value="&#10;"/>
    <property name="java.vm.specification.vendor" value="Oracle Corporation"/>
    <property name="java.specification.name" value="Java Platform API Specification"/>
    <property name="java.awt.graphicsenv" value="sun.awt.X11GraphicsEnvironment"/>
    <property name="surefire.real.class.path" value="/workdir/hadoop-ozone/integration-test/target/surefire/surefirebooter481102320391160373.jar"/>
    <property name="hadoop.log.dir" value="/workdir/hadoop-ozone/integration-test/target/log"/>
    <property name="sun.boot.class.path" value="/usr/lib/jvm/java-1.8-openjdk/jre/lib/resources.jar:/usr/lib/jvm/java-1.8-openjdk/jre/lib/rt.jar:/usr/lib/jvm/java-1.8-openjdk/jre/lib/sunrsasign.jar:/usr/lib/jvm/java-1.8-openjdk/jre/lib/jsse.jar:/usr/lib/jvm/java-1.8-openjdk/jre/lib/jce.jar:/usr/lib/jvm/java-1.8-openjdk/jre/lib/charsets.jar:/usr/lib/jvm/java-1.8-openjdk/jre/lib/jfr.jar:/usr/lib/jvm/java-1.8-openjdk/jre/classes"/>
    <property name="sun.management.compiler" value="HotSpot 64-Bit Tiered Compilers"/>
    <property name="java.runtime.version" value="1.8.0_212-b04"/>
    <property name="java.net.preferIPv4Stack" value="true"/>
    <property name="user.name" value="jenkins1000"/>
    <property name="path.separator" value=":"/>
    <property name="java.security.egd" value="file:///dev/urandom"/>
    <property name="os.version" value="3.10.0-957.12.2.el7.x86_64"/>
    <property name="java.endorsed.dirs" value="/usr/lib/jvm/java-1.8-openjdk/jre/lib/endorsed"/>
    <property name="java.runtime.name" value="OpenJDK Runtime Environment"/>
    <property name="file.encoding" value="UTF-8"/>
    <property name="java.vm.name" value="OpenJDK 64-Bit Server VM"/>
    <property name="test.build.webapps" value=""/>
    <property name="localRepository" value="/home/user/.m2/repository"/>
    <property name="java.vendor.url.bug" value="https://icedtea.classpath.org/bugzilla"/>
    <property name="java.io.tmpdir" value="/tmp"/>
    <property name="require.test.libhadoop" value=""/>
    <property name="java.version" value="1.8.0_212"/>
    <property name="user.dir" value="/workdir/hadoop-ozone/integration-test"/>
    <property name="os.arch" value="amd64"/>
    <property name="java.vm.specification.name" value="Java Virtual Machine Specification"/>
    <property name="test.build.classes" value="/workdir/hadoop-ozone/integration-test/target/test-classes"/>
    <property name="java.awt.printerjob" value="sun.print.PSPrinterJob"/>
    <property name="sun.os.patch.level" value="unknown"/>
    <property name="hadoop.tmp.dir" value="/workdir/hadoop-ozone/integration-test/target/tmp"/>
    <property name="java.library.path" value="/usr/lib/jvm/java-1.8-openjdk/jre/lib/amd64/server:/usr/lib/jvm/java-1.8-openjdk/jre/lib/amd64:/usr/lib/jvm/java-1.8-openjdk/jre/../lib/amd64:/workdir/hadoop-ozone/integration-test/target/native/target/usr/local/lib:/workdir/hadoop-ozone/integration-test/../../hadoop-common-project/hadoop-common/target/native/target/usr/local/lib:/usr/java/packages/lib/amd64:/usr/lib64:/lib64:/lib:/usr/lib"/>
    <property name="java.vm.info" value="mixed mode"/>
    <property name="java.vendor" value="IcedTea"/>
    <property name="java.vm.version" value="25.212-b04"/>
    <property name="java.ext.dirs" value="/usr/lib/jvm/java-1.8-openjdk/jre/lib/ext:/usr/java/packages/lib/ext"/>
    <property name="sun.io.unicode.encoding" value="UnicodeLittle"/>
    <property name="java.class.version" value="52.0"/>
  </properties>
  <testcase name="testWatchForCommitWithKeyWrite" classname="org.apache.hadoop.ozone.client.rpc.TestWatchForCommit" time="59.614"/>
  <testcase name="testWatchForCommitWithSmallerTimeoutValue" classname="org.apache.hadoop.ozone.client.rpc.TestWatchForCommit" time="43.7"/>
  <testcase name="testWatchForCommitForRetryfailure" classname="org.apache.hadoop.ozone.client.rpc.TestWatchForCommit" time="71.016"/>
  <testcase name="testWatchForCommitForGroupMismatchException" classname="org.apache.hadoop.ozone.client.rpc.TestWatchForCommit" time="32.607"/>
  <testcase name="test2WayCommitForTimeoutException" classname="org.apache.hadoop.ozone.client.rpc.TestWatchForCommit" time="28.039">
    <error message="org.apache.ratis.protocol.RaftRetryFailureException: Failed RaftClientRequest:client-7F1F3FAEE039-&gt;ff93e3bf-9085-4246-8644-5e8fa9e79872@group-A6A8C3515952, cid=104, seq=2*, RW, org.apache.hadoop.hdds.scm.XceiverClientRatis$$Lambda$381/1827239708@603cd487 for 20 attempts with RetryLimited(maxAttempts=20, sleepTime=1000ms)" type="java.util.concurrent.ExecutionException">java.util.concurrent.ExecutionException: org.apache.ratis.protocol.RaftRetryFailureException: Failed RaftClientRequest:client-7F1F3FAEE039->ff93e3bf-9085-4246-8644-5e8fa9e79872@group-A6A8C3515952, cid=104, seq=2*, RW, org.apache.hadoop.hdds.scm.XceiverClientRatis$$Lambda$381/1827239708@603cd487 for 20 attempts with RetryLimited(maxAttempts=20, sleepTime=1000ms)
	at java.util.concurrent.CompletableFuture.reportGet(CompletableFuture.java:357)
	at java.util.concurrent.CompletableFuture.get(CompletableFuture.java:1895)
	at org.apache.hadoop.ozone.client.rpc.TestWatchForCommit.test2WayCommitForTimeoutException(TestWatchForCommit.java:390)
	at sun.reflect.NativeMethodAccessorImpl.invoke0(Native Method)
	at sun.reflect.NativeMethodAccessorImpl.invoke(NativeMethodAccessorImpl.java:62)
	at sun.reflect.DelegatingMethodAccessorImpl.invoke(DelegatingMethodAccessorImpl.java:43)
	at java.lang.reflect.Method.invoke(Method.java:498)
	at org.junit.runners.model.FrameworkMethod$1.runReflectiveCall(FrameworkMethod.java:47)
	at org.junit.internal.runners.model.ReflectiveCallable.run(ReflectiveCallable.java:12)
	at org.junit.runners.model.FrameworkMethod.invokeExplosively(FrameworkMethod.java:44)
	at org.junit.internal.runners.statements.InvokeMethod.evaluate(InvokeMethod.java:17)
	at org.junit.runners.ParentRunner.runLeaf(ParentRunner.java:271)
	at org.junit.runners.BlockJUnit4ClassRunner.runChild(BlockJUnit4ClassRunner.java:70)
	at org.junit.runners.BlockJUnit4ClassRunner.runChild(BlockJUnit4ClassRunner.java:50)
	at org.junit.runners.ParentRunner$3.run(ParentRunner.java:238)
	at org.junit.runners.ParentRunner$1.schedule(ParentRunner.java:63)
	at org.junit.runners.ParentRunner.runChildren(ParentRunner.java:236)
	at org.junit.runners.ParentRunner.access$000(ParentRunner.java:53)
	at org.junit.runners.ParentRunner$2.evaluate(ParentRunner.java:229)
	at org.junit.runners.ParentRunner.run(ParentRunner.java:309)
	at org.apache.maven.surefire.junit4.JUnit4Provider.execute(JUnit4Provider.java:365)
	at org.apache.maven.surefire.junit4.JUnit4Provider.executeWithRerun(JUnit4Provider.java:273)
	at org.apache.maven.surefire.junit4.JUnit4Provider.executeTestSet(JUnit4Provider.java:238)
	at org.apache.maven.surefire.junit4.JUnit4Provider.invoke(JUnit4Provider.java:159)
	at org.apache.maven.surefire.booter.ForkedBooter.invokeProviderInSameClassLoader(ForkedBooter.java:384)
	at org.apache.maven.surefire.booter.ForkedBooter.runSuitesInProcess(ForkedBooter.java:345)
	at org.apache.maven.surefire.booter.ForkedBooter.execute(ForkedBooter.java:126)
	at org.apache.maven.surefire.booter.ForkedBooter.main(ForkedBooter.java:418)
Caused by: org.apache.ratis.protocol.RaftRetryFailureException: Failed RaftClientRequest:client-7F1F3FAEE039->ff93e3bf-9085-4246-8644-5e8fa9e79872@group-A6A8C3515952, cid=104, seq=2*, RW, org.apache.hadoop.hdds.scm.XceiverClientRatis$$Lambda$381/1827239708@603cd487 for 20 attempts with RetryLimited(maxAttempts=20, sleepTime=1000ms)
	at org.apache.ratis.client.impl.RaftClientImpl.noMoreRetries(RaftClientImpl.java:272)
	at org.apache.ratis.client.impl.OrderedAsync.handleAsyncRetryFailure(OrderedAsync.java:138)
	at org.apache.ratis.client.impl.OrderedAsync.lambda$sendRequest$10(OrderedAsync.java:230)
	at java.util.concurrent.CompletableFuture.uniExceptionally(CompletableFuture.java:870)
	at java.util.concurrent.CompletableFuture$UniExceptionally.tryFire(CompletableFuture.java:852)
	at java.util.concurrent.CompletableFuture.postComplete(CompletableFuture.java:474)
	at java.util.concurrent.CompletableFuture.completeExceptionally(CompletableFuture.java:1977)
	at org.apache.ratis.grpc.client.GrpcClientProtocolClient$AsyncStreamObservers.completeReplyExceptionally(GrpcClientProtocolClient.java:330)
	at org.apache.ratis.grpc.client.GrpcClientProtocolClient$AsyncStreamObservers.access$000(GrpcClientProtocolClient.java:246)
	at org.apache.ratis.grpc.client.GrpcClientProtocolClient$AsyncStreamObservers$1.onError(GrpcClientProtocolClient.java:275)
	at org.apache.ratis.thirdparty.io.grpc.stub.ClientCalls$StreamObserverToCallListenerAdapter.onClose(ClientCalls.java:434)
	at org.apache.ratis.thirdparty.io.grpc.PartialForwardingClientCallListener.onClose(PartialForwardingClientCallListener.java:39)
	at org.apache.ratis.thirdparty.io.grpc.ForwardingClientCallListener.onClose(ForwardingClientCallListener.java:23)
	at org.apache.ratis.thirdparty.io.grpc.ForwardingClientCallListener$SimpleForwardingClientCallListener.onClose(ForwardingClientCallListener.java:40)
	at org.apache.ratis.thirdparty.io.grpc.internal.CensusStatsModule$StatsClientInterceptor$1$1.onClose(CensusStatsModule.java:678)
	at org.apache.ratis.thirdparty.io.grpc.PartialForwardingClientCallListener.onClose(PartialForwardingClientCallListener.java:39)
	at org.apache.ratis.thirdparty.io.grpc.ForwardingClientCallListener.onClose(ForwardingClientCallListener.java:23)
	at org.apache.ratis.thirdparty.io.grpc.ForwardingClientCallListener$SimpleForwardingClientCallListener.onClose(ForwardingClientCallListener.java:40)
	at org.apache.ratis.thirdparty.io.grpc.internal.CensusTracingModule$TracingClientInterceptor$1$1.onClose(CensusTracingModule.java:397)
	at org.apache.ratis.thirdparty.io.grpc.internal.ClientCallImpl.closeObserver(ClientCallImpl.java:459)
	at org.apache.ratis.thirdparty.io.grpc.internal.ClientCallImpl.access$300(ClientCallImpl.java:63)
	at org.apache.ratis.thirdparty.io.grpc.internal.ClientCallImpl$ClientStreamListenerImpl.close(ClientCallImpl.java:546)
	at org.apache.ratis.thirdparty.io.grpc.internal.ClientCallImpl$ClientStreamListenerImpl.access$600(ClientCallImpl.java:467)
	at org.apache.ratis.thirdparty.io.grpc.internal.ClientCallImpl$ClientStreamListenerImpl$1StreamClosed.runInContext(ClientCallImpl.java:584)
	at org.apache.ratis.thirdparty.io.grpc.internal.ContextRunnable.run(ContextRunnable.java:37)
	at org.apache.ratis.thirdparty.io.grpc.internal.SerializingExecutor.run(SerializingExecutor.java:123)
	at java.util.concurrent.ThreadPoolExecutor.runWorker(ThreadPoolExecutor.java:1149)
	at java.util.concurrent.ThreadPoolExecutor$Worker.run(ThreadPoolExecutor.java:624)
	at java.lang.Thread.run(Thread.java:748)
Caused by: java.io.IOException: org.apache.ratis.thirdparty.io.grpc.StatusRuntimeException: UNAVAILABLE: io exception
	at org.apache.ratis.grpc.GrpcUtil.unwrapException(GrpcUtil.java:76)
	at org.apache.ratis.grpc.GrpcUtil.unwrapIOException(GrpcUtil.java:128)
	at org.apache.ratis.grpc.client.GrpcClientProtocolClient$AsyncStreamObservers$1.onError(GrpcClientProtocolClient.java:274)
	... 19 more
Caused by: org.apache.ratis.thirdparty.io.grpc.StatusRuntimeException: UNAVAILABLE: io exception
	at org.apache.ratis.thirdparty.io.grpc.Status.asRuntimeException(Status.java:526)
	... 19 more
Caused by: org.apache.ratis.thirdparty.io.netty.channel.AbstractChannel$AnnotatedConnectException: Connection refused: /192.168.34.22:35639
	at sun.nio.ch.SocketChannelImpl.checkConnect(Native Method)
	at sun.nio.ch.SocketChannelImpl.finishConnect(SocketChannelImpl.java:717)
	at org.apache.ratis.thirdparty.io.netty.channel.socket.nio.NioSocketChannel.doFinishConnect(NioSocketChannel.java:327)
	at org.apache.ratis.thirdparty.io.netty.channel.nio.AbstractNioChannel$AbstractNioUnsafe.finishConnect(AbstractNioChannel.java:340)
	at org.apache.ratis.thirdparty.io.netty.channel.nio.NioEventLoop.processSelectedKey(NioEventLoop.java:632)
	at org.apache.ratis.thirdparty.io.netty.channel.nio.NioEventLoop.processSelectedKeysOptimized(NioEventLoop.java:579)
	at org.apache.ratis.thirdparty.io.netty.channel.nio.NioEventLoop.processSelectedKeys(NioEventLoop.java:496)
	at org.apache.ratis.thirdparty.io.netty.channel.nio.NioEventLoop.run(NioEventLoop.java:458)
	at org.apache.ratis.thirdparty.io.netty.util.concurrent.SingleThreadEventExecutor$5.run(SingleThreadEventExecutor.java:897)
	at org.apache.ratis.thirdparty.io.netty.util.concurrent.FastThreadLocalRunnable.run(FastThreadLocalRunnable.java:30)
	... 1 more
Caused by: java.net.ConnectException: Connection refused
	... 11 more
</error>
    <system-out><![CDATA[2019-08-23 01:49:28,313 [main] WARN  server.ServerUtils (ServerUtils.java:getScmDbDir(145)) - ozone.scm.db.dirs is not configured. We recommend adding this setting. Falling back to ozone.metadata.dirs instead.
2019-08-23 01:49:28,327 [main] WARN  server.ServerUtils (ServerUtils.java:getScmDbDir(145)) - ozone.scm.db.dirs is not configured. We recommend adding this setting. Falling back to ozone.metadata.dirs instead.
2019-08-23 01:49:28,328 [main] WARN  server.ServerUtils (ServerUtils.java:getScmDbDir(145)) - ozone.scm.db.dirs is not configured. We recommend adding this setting. Falling back to ozone.metadata.dirs instead.
2019-08-23 01:49:28,328 [main] INFO  db.DBStoreBuilder (DBStoreBuilder.java:addTable(110)) - using custom profile for table: deletedBlocks
2019-08-23 01:49:28,328 [main] INFO  db.DBStoreBuilder (DBStoreBuilder.java:processTables(161)) - Using default column profile:DBProfile.DISK for Table:deletedBlocks
2019-08-23 01:49:28,329 [main] INFO  db.DBStoreBuilder (DBStoreBuilder.java:addTable(110)) - using custom profile for table: validCerts
2019-08-23 01:49:28,329 [main] INFO  db.DBStoreBuilder (DBStoreBuilder.java:processTables(161)) - Using default column profile:DBProfile.DISK for Table:validCerts
2019-08-23 01:49:28,329 [main] INFO  db.DBStoreBuilder (DBStoreBuilder.java:addTable(110)) - using custom profile for table: revokedCerts
2019-08-23 01:49:28,329 [main] INFO  db.DBStoreBuilder (DBStoreBuilder.java:processTables(161)) - Using default column profile:DBProfile.DISK for Table:revokedCerts
2019-08-23 01:49:28,329 [main] INFO  db.DBStoreBuilder (DBStoreBuilder.java:addTable(110)) - using custom profile for table: default
2019-08-23 01:49:28,329 [main] INFO  db.DBStoreBuilder (DBStoreBuilder.java:processTables(167)) - Using default column profile:DBProfile.DISK for Table:default
2019-08-23 01:49:28,330 [main] INFO  db.DBStoreBuilder (DBStoreBuilder.java:getDbProfile(198)) - Using default options. DBProfile.DISK
2019-08-23 01:49:28,492 [main] INFO  net.NodeSchemaLoader (NodeSchemaLoader.java:loadSchemaFromFile(125)) - Loading file from sun.misc.CompoundEnumeration@3bfead8d
2019-08-23 01:49:28,493 [main] INFO  net.NodeSchemaLoader (NodeSchemaLoader.java:loadSchema(171)) - Loading network topology layer schema file
2019-08-23 01:49:28,499 [main] WARN  server.ServerUtils (ServerUtils.java:sanitizeUserArgs(70)) - ozone.scm.stale.node.interval value = 300000 is larger than max = 100000 based on the key value of ozone.scm.heartbeat.thread.interval, reset to the max value 100000.
2019-08-23 01:49:28,499 [main] WARN  server.ServerUtils (ServerUtils.java:sanitizeUserArgs(70)) - ozone.scm.stale.node.interval value = 300000 is larger than max = 100000 based on the key value of ozone.scm.heartbeat.thread.interval, reset to the max value 100000.
2019-08-23 01:49:28,499 [main] INFO  node.SCMNodeManager (SCMNodeManager.java:<init>(121)) - Entering startup safe mode.
2019-08-23 01:49:28,500 [main] INFO  algorithms.ContainerPlacementPolicyFactory (ContainerPlacementPolicyFactory.java:getPolicy(55)) - Create container placement policy of type org.apache.hadoop.hdds.scm.container.placement.algorithms.SCMContainerPlacementRandom
2019-08-23 01:49:28,500 [main] WARN  server.ServerUtils (ServerUtils.java:getScmDbDir(145)) - ozone.scm.db.dirs is not configured. We recommend adding this setting. Falling back to ozone.metadata.dirs instead.
2019-08-23 01:49:28,550 [main] INFO  pipeline.SCMPipelineManager (SCMPipelineManager.java:initializePipelineState(126)) - No pipeline exists in current db
2019-08-23 01:49:28,551 [main] WARN  server.ServerUtils (ServerUtils.java:getScmDbDir(145)) - ozone.scm.db.dirs is not configured. We recommend adding this setting. Falling back to ozone.metadata.dirs instead.
2019-08-23 01:49:28,588 [main] WARN  events.EventQueue (EventQueue.java:fireEvent(175)) - No event handler registered for event TypedEvent{payloadType=SafeModeStatus, name='SafeModeStatus'}
2019-08-23 01:49:28,589 [main] INFO  ipc.CallQueueManager (CallQueueManager.java:<init>(84)) - Using callQueue: class java.util.concurrent.LinkedBlockingQueue, queueCapacity: 2000, scheduler: class org.apache.hadoop.ipc.DefaultRpcScheduler, ipcBackoff: false.
2019-08-23 01:49:28,590 [Socket Reader #1 for port 35880] INFO  ipc.Server (Server.java:run(1074)) - Starting Socket Reader #1 for port 35880
2019-08-23 01:49:28,592 [main] INFO  ipc.CallQueueManager (CallQueueManager.java:<init>(84)) - Using callQueue: class java.util.concurrent.LinkedBlockingQueue, queueCapacity: 2000, scheduler: class org.apache.hadoop.ipc.DefaultRpcScheduler, ipcBackoff: false.
2019-08-23 01:49:28,593 [Socket Reader #1 for port 41837] INFO  ipc.Server (Server.java:run(1074)) - Starting Socket Reader #1 for port 41837
2019-08-23 01:49:28,595 [main] INFO  ipc.CallQueueManager (CallQueueManager.java:<init>(84)) - Using callQueue: class java.util.concurrent.LinkedBlockingQueue, queueCapacity: 2000, scheduler: class org.apache.hadoop.ipc.DefaultRpcScheduler, ipcBackoff: false.
2019-08-23 01:49:28,596 [Socket Reader #1 for port 34673] INFO  ipc.Server (Server.java:run(1074)) - Starting Socket Reader #1 for port 34673
2019-08-23 01:49:28,599 [main] INFO  hdfs.DFSUtil (DFSUtil.java:httpServerTemplateForNNAndJN(1641)) - Starting Web-server for scm at: http://0.0.0.0:0
2019-08-23 01:49:28,602 [main] INFO  server.AuthenticationFilter (AuthenticationFilter.java:constructSecretProvider(240)) - Unable to initialize FileSignerSecretProvider, falling back to use random secrets.
2019-08-23 01:49:28,603 [main] WARN  http.HttpRequestLog (HttpRequestLog.java:getRequestLog(97)) - Jetty request log can only be enabled using Log4j
2019-08-23 01:49:28,605 [main] INFO  http.HttpServer2 (HttpServer2.java:addGlobalFilter(975)) - Added global filter 'safety' (class=org.apache.hadoop.http.HttpServer2$QuotingInputFilter)
2019-08-23 01:49:28,606 [main] INFO  http.HttpServer2 (HttpServer2.java:addFilter(948)) - Added filter static_user_filter (class=org.apache.hadoop.http.lib.StaticUserWebFilter$StaticUserFilter) to context scm
2019-08-23 01:49:28,607 [main] INFO  http.HttpServer2 (HttpServer2.java:addFilter(958)) - Added filter static_user_filter (class=org.apache.hadoop.http.lib.StaticUserWebFilter$StaticUserFilter) to context static
2019-08-23 01:49:28,607 [main] INFO  http.HttpServer2 (HttpServer2.java:addFilter(958)) - Added filter static_user_filter (class=org.apache.hadoop.http.lib.StaticUserWebFilter$StaticUserFilter) to context logs
2019-08-23 01:49:28,609 [main] INFO  server.StorageContainerManager (StorageContainerManager.java:start(759)) - StorageContainerLocationProtocol RPC server is listening at /0.0.0.0:34673
2019-08-23 01:49:28,612 [main] WARN  impl.MetricsConfig (MetricsConfig.java:loadFirst(134)) - Cannot locate configuration: tried hadoop-metrics2-storagecontainermanager.properties,hadoop-metrics2.properties
2019-08-23 01:49:28,614 [main] INFO  impl.MetricsSystemImpl (MetricsSystemImpl.java:startTimer(374)) - Scheduled Metric snapshot period at 10 second(s).
2019-08-23 01:49:28,614 [main] INFO  impl.MetricsSystemImpl (MetricsSystemImpl.java:start(191)) - StorageContainerManager metrics system started
2019-08-23 01:49:28,744 [main] INFO  server.SCMClientProtocolServer (SCMClientProtocolServer.java:start(151)) - RPC server for Client  is listening at /0.0.0.0:34673
2019-08-23 01:49:28,744 [IPC Server Responder] INFO  ipc.Server (Server.java:run(1314)) - IPC Server Responder: starting
2019-08-23 01:49:28,745 [IPC Server listener on 34673] INFO  ipc.Server (Server.java:run(1153)) - IPC Server listener on 34673: starting
2019-08-23 01:49:28,749 [main] INFO  server.StorageContainerManager (StorageContainerManager.java:start(769)) - ScmBlockLocationProtocol RPC server is listening at /0.0.0.0:41837
2019-08-23 01:49:28,750 [main] INFO  server.SCMBlockProtocolServer (SCMBlockProtocolServer.java:start(140)) - RPC server for Block Protocol is listening at /0.0.0.0:41837
2019-08-23 01:49:28,750 [IPC Server Responder] INFO  ipc.Server (Server.java:run(1314)) - IPC Server Responder: starting
2019-08-23 01:49:28,750 [IPC Server listener on 41837] INFO  ipc.Server (Server.java:run(1153)) - IPC Server listener on 41837: starting
2019-08-23 01:49:28,758 [main] INFO  server.StorageContainerManager (StorageContainerManager.java:start(773)) - ScmDatanodeProtocl RPC server is listening at /0.0.0.0:35880
2019-08-23 01:49:28,758 [main] INFO  server.SCMDatanodeProtocolServer (SCMDatanodeProtocolServer.java:start(191)) - RPC server for DataNodes is listening at /0.0.0.0:35880
2019-08-23 01:49:28,758 [IPC Server Responder] INFO  ipc.Server (Server.java:run(1314)) - IPC Server Responder: starting
2019-08-23 01:49:28,759 [IPC Server listener on 35880] INFO  ipc.Server (Server.java:run(1153)) - IPC Server listener on 35880: starting
2019-08-23 01:49:28,763 [main] INFO  http.HttpServer2 (HttpServer2.java:bindListener(1191)) - Jetty bound to port 36384
2019-08-23 01:49:28,763 [main] INFO  server.Server (Server.java:doStart(351)) - jetty-9.3.24.v20180605, build timestamp: 2018-06-05T17:11:56Z, git hash: 84205aa28f11a4f31f2a3b86d1bba2cc8ab69827
2019-08-23 01:49:28,765 [main] INFO  handler.ContextHandler (ContextHandler.java:doStart(781)) - Started o.e.j.s.ServletContextHandler@73f0b216{/logs,file:///workdir/hadoop-ozone/integration-test/target/log,AVAILABLE}
2019-08-23 01:49:28,766 [main] INFO  handler.ContextHandler (ContextHandler.java:doStart(781)) - Started o.e.j.s.ServletContextHandler@1ea78c72{/static,file:///workdir/hadoop-ozone/integration-test/target/test-classes/webapps/static,AVAILABLE}
2019-08-23 01:49:28,772 [main] INFO  handler.ContextHandler (ContextHandler.java:doStart(781)) - Started o.e.j.w.WebAppContext@2898c70d{/,file:///workdir/hadoop-ozone/integration-test/target/test-classes/webapps/scm/,AVAILABLE}{/scm}
2019-08-23 01:49:28,773 [main] INFO  server.AbstractConnector (AbstractConnector.java:doStart(278)) - Started ServerConnector@ec67be1{HTTP/1.1,[http/1.1]}{0.0.0.0:36384}
2019-08-23 01:49:28,774 [main] INFO  server.Server (Server.java:doStart(419)) - Started @207793ms
2019-08-23 01:49:28,776 [main] INFO  server.BaseHttpServer (BaseHttpServer.java:updateConnectorAddress(213)) - HTTP server of SCM is listening at http://0.0.0.0:36384
2019-08-23 01:49:28,777 [main] WARN  server.ServerUtils (ServerUtils.java:getDBPath(222)) - ozone.om.db.dirs is not configured. We recommend adding this setting. Falling back to ozone.metadata.dirs instead.
2019-08-23 01:49:28,777 [org.apache.hadoop.util.JvmPauseMonitor$Monitor@347f0950] INFO  util.JvmPauseMonitor (JvmPauseMonitor.java:run(188)) - Starting JVM pause monitor
2019-08-23 01:49:28,792 [main] WARN  server.ServerUtils (ServerUtils.java:getDBPath(222)) - ozone.om.db.dirs is not configured. We recommend adding this setting. Falling back to ozone.metadata.dirs instead.
2019-08-23 01:49:28,793 [main] WARN  server.ServerUtils (ServerUtils.java:getDBPath(222)) - ozone.om.db.dirs is not configured. We recommend adding this setting. Falling back to ozone.metadata.dirs instead.
2019-08-23 01:49:28,793 [main] INFO  om.OzoneManager (OzoneManager.java:setOMNodeDetails(648)) - OM Service ID is not set. Setting it to the default ID: omServiceIdDefault
2019-08-23 01:49:28,793 [main] INFO  om.OzoneManager (OzoneManager.java:setOMNodeDetails(654)) - OM Node ID is not set. Setting it to the OmStorage's OmID: ab13aac4-e659-4194-80dd-1bf13f9f270f
2019-08-23 01:49:28,794 [main] INFO  om.OzoneManager (OzoneManager.java:loadOMHAConfigs(605)) - Found matching OM address with OMServiceId: null, OMNodeId: null, RPC Address: localhost:0 and Ratis port: 9872
2019-08-23 01:49:28,809 | INFO  | SCMAudit | user=jenkins1000 | ip=192.168.34.22 | op=GET_SCM_INFO null | ret=SUCCESS |  
2019-08-23 01:49:28,813 [main] WARN  server.ServerUtils (ServerUtils.java:getDBPath(222)) - ozone.om.db.dirs is not configured. We recommend adding this setting. Falling back to ozone.metadata.dirs instead.
2019-08-23 01:49:28,813 [main] INFO  db.DBStoreBuilder (DBStoreBuilder.java:addTable(110)) - using custom profile for table: userTable
2019-08-23 01:49:28,814 [main] INFO  db.DBStoreBuilder (DBStoreBuilder.java:processTables(161)) - Using default column profile:DBProfile.DISK for Table:userTable
2019-08-23 01:49:28,814 [main] INFO  db.DBStoreBuilder (DBStoreBuilder.java:addTable(110)) - using custom profile for table: volumeTable
2019-08-23 01:49:28,814 [main] INFO  db.DBStoreBuilder (DBStoreBuilder.java:processTables(161)) - Using default column profile:DBProfile.DISK for Table:volumeTable
2019-08-23 01:49:28,814 [main] INFO  db.DBStoreBuilder (DBStoreBuilder.java:addTable(110)) - using custom profile for table: bucketTable
2019-08-23 01:49:28,814 [main] INFO  db.DBStoreBuilder (DBStoreBuilder.java:processTables(161)) - Using default column profile:DBProfile.DISK for Table:bucketTable
2019-08-23 01:49:28,814 [main] INFO  db.DBStoreBuilder (DBStoreBuilder.java:addTable(110)) - using custom profile for table: keyTable
2019-08-23 01:49:28,815 [main] INFO  db.DBStoreBuilder (DBStoreBuilder.java:processTables(161)) - Using default column profile:DBProfile.DISK for Table:keyTable
2019-08-23 01:49:28,815 [main] INFO  db.DBStoreBuilder (DBStoreBuilder.java:addTable(110)) - using custom profile for table: deletedTable
2019-08-23 01:49:28,815 [main] INFO  db.DBStoreBuilder (DBStoreBuilder.java:processTables(161)) - Using default column profile:DBProfile.DISK for Table:deletedTable
2019-08-23 01:49:28,815 [main] INFO  db.DBStoreBuilder (DBStoreBuilder.java:addTable(110)) - using custom profile for table: openKeyTable
2019-08-23 01:49:28,815 [main] INFO  db.DBStoreBuilder (DBStoreBuilder.java:processTables(161)) - Using default column profile:DBProfile.DISK for Table:openKeyTable
2019-08-23 01:49:28,815 [main] INFO  db.DBStoreBuilder (DBStoreBuilder.java:addTable(110)) - using custom profile for table: s3Table
2019-08-23 01:49:28,816 [main] INFO  db.DBStoreBuilder (DBStoreBuilder.java:processTables(161)) - Using default column profile:DBProfile.DISK for Table:s3Table
2019-08-23 01:49:28,816 [main] INFO  db.DBStoreBuilder (DBStoreBuilder.java:addTable(110)) - using custom profile for table: multipartInfoTable
2019-08-23 01:49:28,816 [main] INFO  db.DBStoreBuilder (DBStoreBuilder.java:processTables(161)) - Using default column profile:DBProfile.DISK for Table:multipartInfoTable
2019-08-23 01:49:28,816 [main] INFO  db.DBStoreBuilder (DBStoreBuilder.java:addTable(110)) - using custom profile for table: dTokenTable
2019-08-23 01:49:28,816 [main] INFO  db.DBStoreBuilder (DBStoreBuilder.java:processTables(161)) - Using default column profile:DBProfile.DISK for Table:dTokenTable
2019-08-23 01:49:28,816 [main] INFO  db.DBStoreBuilder (DBStoreBuilder.java:addTable(110)) - using custom profile for table: s3SecretTable
2019-08-23 01:49:28,817 [main] INFO  db.DBStoreBuilder (DBStoreBuilder.java:processTables(161)) - Using default column profile:DBProfile.DISK for Table:s3SecretTable
2019-08-23 01:49:28,817 [main] INFO  db.DBStoreBuilder (DBStoreBuilder.java:addTable(110)) - using custom profile for table: prefixTable
2019-08-23 01:49:28,817 [main] INFO  db.DBStoreBuilder (DBStoreBuilder.java:processTables(161)) - Using default column profile:DBProfile.DISK for Table:prefixTable
2019-08-23 01:49:28,817 [main] INFO  db.DBStoreBuilder (DBStoreBuilder.java:addTable(110)) - using custom profile for table: default
2019-08-23 01:49:28,817 [main] INFO  db.DBStoreBuilder (DBStoreBuilder.java:processTables(167)) - Using default column profile:DBProfile.DISK for Table:default
2019-08-23 01:49:28,817 [main] INFO  db.DBStoreBuilder (DBStoreBuilder.java:getDbProfile(198)) - Using default options. DBProfile.DISK
2019-08-23 01:49:29,200 [main] INFO  ipc.CallQueueManager (CallQueueManager.java:<init>(84)) - Using callQueue: class java.util.concurrent.LinkedBlockingQueue, queueCapacity: 2000, scheduler: class org.apache.hadoop.ipc.DefaultRpcScheduler, ipcBackoff: false.
2019-08-23 01:49:29,201 [Socket Reader #1 for port 43285] INFO  ipc.Server (Server.java:run(1074)) - Starting Socket Reader #1 for port 43285
2019-08-23 01:49:29,496 [main] INFO  om.OzoneManager (OzoneManager.java:start(1259)) - OzoneManager RPC server is listening at localhost/127.0.0.1:43285
2019-08-23 01:49:29,497 [main] INFO  impl.MetricsSystemImpl (MetricsSystemImpl.java:init(158)) - OzoneManager metrics system started (again)
2019-08-23 01:49:29,497 [IPC Server Responder] INFO  ipc.Server (Server.java:run(1314)) - IPC Server Responder: starting
2019-08-23 01:49:29,498 [IPC Server listener on 43285] INFO  ipc.Server (Server.java:run(1153)) - IPC Server listener on 43285: starting
2019-08-23 01:49:29,504 [main] INFO  hdfs.DFSUtil (DFSUtil.java:httpServerTemplateForNNAndJN(1641)) - Starting Web-server for ozoneManager at: http://0.0.0.0:0
2019-08-23 01:49:29,506 [main] INFO  server.AuthenticationFilter (AuthenticationFilter.java:constructSecretProvider(240)) - Unable to initialize FileSignerSecretProvider, falling back to use random secrets.
2019-08-23 01:49:29,506 [main] WARN  http.HttpRequestLog (HttpRequestLog.java:getRequestLog(97)) - Jetty request log can only be enabled using Log4j
2019-08-23 01:49:29,508 [main] INFO  http.HttpServer2 (HttpServer2.java:addGlobalFilter(975)) - Added global filter 'safety' (class=org.apache.hadoop.http.HttpServer2$QuotingInputFilter)
2019-08-23 01:49:29,509 [main] INFO  http.HttpServer2 (HttpServer2.java:addFilter(948)) - Added filter static_user_filter (class=org.apache.hadoop.http.lib.StaticUserWebFilter$StaticUserFilter) to context ozoneManager
2019-08-23 01:49:29,509 [main] INFO  http.HttpServer2 (HttpServer2.java:addFilter(958)) - Added filter static_user_filter (class=org.apache.hadoop.http.lib.StaticUserWebFilter$StaticUserFilter) to context static
2019-08-23 01:49:29,509 [main] INFO  http.HttpServer2 (HttpServer2.java:addFilter(958)) - Added filter static_user_filter (class=org.apache.hadoop.http.lib.StaticUserWebFilter$StaticUserFilter) to context logs
2019-08-23 01:49:29,510 [main] INFO  http.HttpServer2 (HttpServer2.java:bindListener(1191)) - Jetty bound to port 43428
2019-08-23 01:49:29,510 [main] INFO  server.Server (Server.java:doStart(351)) - jetty-9.3.24.v20180605, build timestamp: 2018-06-05T17:11:56Z, git hash: 84205aa28f11a4f31f2a3b86d1bba2cc8ab69827
2019-08-23 01:49:29,512 [main] INFO  handler.ContextHandler (ContextHandler.java:doStart(781)) - Started o.e.j.s.ServletContextHandler@68ee7b3b{/logs,file:///workdir/hadoop-ozone/integration-test/target/log,AVAILABLE}
2019-08-23 01:49:29,512 [main] INFO  handler.ContextHandler (ContextHandler.java:doStart(781)) - Started o.e.j.s.ServletContextHandler@4ceb368b{/static,file:///workdir/hadoop-ozone/integration-test/target/test-classes/webapps/static,AVAILABLE}
2019-08-23 01:49:29,517 [main] INFO  handler.ContextHandler (ContextHandler.java:doStart(781)) - Started o.e.j.w.WebAppContext@299615a5{/,file:///workdir/hadoop-ozone/integration-test/target/test-classes/webapps/ozoneManager/,AVAILABLE}{/ozoneManager}
2019-08-23 01:49:29,518 [main] INFO  server.AbstractConnector (AbstractConnector.java:doStart(278)) - Started ServerConnector@3ba6707e{HTTP/1.1,[http/1.1]}{0.0.0.0:43428}
2019-08-23 01:49:29,518 [main] INFO  server.Server (Server.java:doStart(419)) - Started @208537ms
2019-08-23 01:49:29,520 [main] INFO  server.BaseHttpServer (BaseHttpServer.java:updateConnectorAddress(213)) - HTTP server of OZONEMANAGER is listening at http://0.0.0.0:43428
2019-08-23 01:49:29,536 [main] INFO  impl.MetricsSystemImpl (MetricsSystemImpl.java:init(158)) - HddsDatanode metrics system started (again)
2019-08-23 01:49:29,539 [main] INFO  ozone.HddsDatanodeService (HddsDatanodeService.java:start(184)) - HddsDatanodeService host:pr-hdds-1909-sn94l-363750510 ip:192.168.34.22
2019-08-23 01:49:29,549 [main] INFO  volume.HddsVolume (HddsVolume.java:<init>(176)) - Creating Volume: /workdir/hadoop-ozone/integration-test/target/test-dir/MiniOzoneClusterImpl-0943eb9e-b08a-41ed-9047-9abe96000917/datanode-0/data/containers/hdds of  storage type : DISK and capacity : 1482555576320
2019-08-23 01:49:29,550 [main] INFO  volume.VolumeSet (VolumeSet.java:initializeVolumeSet(170)) - Added Volume : /workdir/hadoop-ozone/integration-test/target/test-dir/MiniOzoneClusterImpl-0943eb9e-b08a-41ed-9047-9abe96000917/datanode-0/data/containers/hdds to VolumeSet
2019-08-23 01:49:29,550 [main] INFO  volume.ThrottledAsyncChecker (ThrottledAsyncChecker.java:schedule(140)) - Scheduling a check for org.apache.hadoop.ozone.container.common.volume.HddsVolume@6a08113d
2019-08-23 01:49:29,551 [main] INFO  volume.HddsVolumeChecker (HddsVolumeChecker.java:checkAllVolumes(203)) - Scheduled health check for volume org.apache.hadoop.ozone.container.common.volume.HddsVolume@6a08113d
2019-08-23 01:49:29,570 [main] INFO  impl.RaftServerProxy (ConfUtils.java:logGet(43)) - raft.rpc.type = GRPC (default)
2019-08-23 01:49:29,570 [main] INFO  grpc.GrpcFactory (GrpcFactory.java:checkPooledByteBufAllocatorUseCacheForAllThreads(45)) - PERFORMANCE WARNING: useCacheForAllThreads is true that may cause Netty to create a lot garbage objects and, as a result, trigger GC.
	It is recommended to disable useCacheForAllThreads by setting -Dorg.apache.ratis.thirdparty.io.netty.allocator.useCacheForAllThreads=false in command line.
2019-08-23 01:49:29,570 [main] INFO  grpc.GrpcConfigKeys$Server (ConfUtils.java:logGet(43)) - raft.grpc.server.port = 0 (default)
2019-08-23 01:49:29,570 [main] INFO  server.GrpcService (ConfUtils.java:logGet(43)) - raft.grpc.message.size.max = 33570816 (custom)
2019-08-23 01:49:29,571 [main] INFO  server.RaftServerConfigKeys (ConfUtils.java:logGet(43)) - raft.server.log.appender.buffer.byte-limit = 33554432 (custom)
2019-08-23 01:49:29,571 [main] INFO  server.GrpcService (ConfUtils.java:logGet(43)) - raft.grpc.flow.control.window = 1MB (=1048576) (default)
2019-08-23 01:49:29,571 [main] INFO  server.RaftServerConfigKeys (ConfUtils.java:logGet(43)) - raft.server.rpc.request.timeout = 3000ms (default)
2019-08-23 01:49:29,572 [main] INFO  server.RaftServerConfigKeys (ConfUtils.java:logGet(43)) - raft.server.storage.dir = [/workdir/hadoop-ozone/integration-test/target/test-dir/MiniOzoneClusterImpl-0943eb9e-b08a-41ed-9047-9abe96000917/datanode-0/data/ratis] (custom)
2019-08-23 01:49:29,572 [main] INFO  replication.SimpleContainerDownloader (SimpleContainerDownloader.java:<init>(72)) - Starting container downloader service to copy containers to replicate.
2019-08-23 01:49:29,573 [main] INFO  hdfs.DFSUtil (DFSUtil.java:httpServerTemplateForNNAndJN(1641)) - Starting Web-server for hddsDatanode at: http://0.0.0.0:0
2019-08-23 01:49:29,575 [main] INFO  server.AuthenticationFilter (AuthenticationFilter.java:constructSecretProvider(240)) - Unable to initialize FileSignerSecretProvider, falling back to use random secrets.
2019-08-23 01:49:29,575 [main] WARN  http.HttpRequestLog (HttpRequestLog.java:getRequestLog(97)) - Jetty request log can only be enabled using Log4j
2019-08-23 01:49:29,576 [main] INFO  http.HttpServer2 (HttpServer2.java:addGlobalFilter(975)) - Added global filter 'safety' (class=org.apache.hadoop.http.HttpServer2$QuotingInputFilter)
2019-08-23 01:49:29,577 [main] INFO  http.HttpServer2 (HttpServer2.java:addFilter(948)) - Added filter static_user_filter (class=org.apache.hadoop.http.lib.StaticUserWebFilter$StaticUserFilter) to context hddsDatanode
2019-08-23 01:49:29,577 [main] INFO  http.HttpServer2 (HttpServer2.java:addFilter(958)) - Added filter static_user_filter (class=org.apache.hadoop.http.lib.StaticUserWebFilter$StaticUserFilter) to context static
2019-08-23 01:49:29,577 [main] INFO  http.HttpServer2 (HttpServer2.java:addFilter(958)) - Added filter static_user_filter (class=org.apache.hadoop.http.lib.StaticUserWebFilter$StaticUserFilter) to context logs
2019-08-23 01:49:29,578 [main] INFO  http.HttpServer2 (HttpServer2.java:bindListener(1191)) - Jetty bound to port 41403
2019-08-23 01:49:29,578 [main] INFO  server.Server (Server.java:doStart(351)) - jetty-9.3.24.v20180605, build timestamp: 2018-06-05T17:11:56Z, git hash: 84205aa28f11a4f31f2a3b86d1bba2cc8ab69827
2019-08-23 01:49:29,579 [main] INFO  handler.ContextHandler (ContextHandler.java:doStart(781)) - Started o.e.j.s.ServletContextHandler@49d5c751{/logs,file:///workdir/hadoop-ozone/integration-test/target/log,AVAILABLE}
2019-08-23 01:49:29,580 [main] INFO  handler.ContextHandler (ContextHandler.java:doStart(781)) - Started o.e.j.s.ServletContextHandler@78b29e00{/static,jar:file:/home/user/.m2/repository/org/apache/hadoop/hadoop-hdds-container-service/0.5.0-SNAPSHOT/hadoop-hdds-container-service-0.5.0-SNAPSHOT.jar!/webapps/static,AVAILABLE}
2019-08-23 01:49:29,608 [main] INFO  handler.ContextHandler (ContextHandler.java:doStart(781)) - Started o.e.j.w.WebAppContext@33fc92d6{/,file:///tmp/jetty-0.0.0.0-41403-hddsDatanode-_-any-1315236966438057641.dir/webapp/,AVAILABLE}{/hddsDatanode}
2019-08-23 01:49:29,608 [main] INFO  server.AbstractConnector (AbstractConnector.java:doStart(278)) - Started ServerConnector@6e2e11ee{HTTP/1.1,[http/1.1]}{0.0.0.0:41403}
2019-08-23 01:49:29,610 [main] INFO  server.Server (Server.java:doStart(419)) - Started @208629ms
2019-08-23 01:49:29,611 [main] INFO  server.BaseHttpServer (BaseHttpServer.java:updateConnectorAddress(213)) - HTTP server of HDDSDATANODE is listening at http://0.0.0.0:41403
2019-08-23 01:49:29,723 | INFO  | ObjectStoreRestHttpServer | Listening HDDS REST traffic on /0.0.0.0:42910 |  
2019-08-23 01:49:29,723 [main] INFO  ozone.HddsDatanodeService (HddsDatanodeService.java:startPlugins(395)) - Started plug-in org.apache.hadoop.ozone.web.OzoneHddsDatanodeService@3c5d60db
2019-08-23 01:49:29,723 [main] INFO  impl.MetricsSystemImpl (MetricsSystemImpl.java:init(158)) - HddsDatanode metrics system started (again)
2019-08-23 01:49:29,726 [main] INFO  ozone.HddsDatanodeService (HddsDatanodeService.java:start(184)) - HddsDatanodeService host:pr-hdds-1909-sn94l-363750510 ip:192.168.34.22
2019-08-23 01:49:29,726 [org.apache.hadoop.util.JvmPauseMonitor$Monitor@37be47eb] INFO  util.JvmPauseMonitor (JvmPauseMonitor.java:run(188)) - Starting JVM pause monitor
2019-08-23 01:49:29,728 [Datanode State Machine Thread - 0] INFO  datanode.InitDatanodeState (InitDatanodeState.java:persistContainerDatanodeDetails(140)) - DatanodeDetails is persisted to /workdir/hadoop-ozone/integration-test/target/test-dir/MiniOzoneClusterImpl-0943eb9e-b08a-41ed-9047-9abe96000917/datanode-0/meta/datanode.id
2019-08-23 01:49:29,735 [main] INFO  volume.HddsVolume (HddsVolume.java:<init>(176)) - Creating Volume: /workdir/hadoop-ozone/integration-test/target/test-dir/MiniOzoneClusterImpl-0943eb9e-b08a-41ed-9047-9abe96000917/datanode-1/data/containers/hdds of  storage type : DISK and capacity : 1482555576320
2019-08-23 01:49:29,736 [main] INFO  volume.VolumeSet (VolumeSet.java:initializeVolumeSet(170)) - Added Volume : /workdir/hadoop-ozone/integration-test/target/test-dir/MiniOzoneClusterImpl-0943eb9e-b08a-41ed-9047-9abe96000917/datanode-1/data/containers/hdds to VolumeSet
2019-08-23 01:49:29,736 [main] INFO  volume.ThrottledAsyncChecker (ThrottledAsyncChecker.java:schedule(140)) - Scheduling a check for org.apache.hadoop.ozone.container.common.volume.HddsVolume@74214ac3
2019-08-23 01:49:29,736 [main] INFO  volume.HddsVolumeChecker (HddsVolumeChecker.java:checkAllVolumes(203)) - Scheduled health check for volume org.apache.hadoop.ozone.container.common.volume.HddsVolume@74214ac3
2019-08-23 01:49:29,750 [main] INFO  impl.RaftServerProxy (ConfUtils.java:logGet(43)) - raft.rpc.type = GRPC (default)
2019-08-23 01:49:29,751 [main] INFO  grpc.GrpcFactory (GrpcFactory.java:checkPooledByteBufAllocatorUseCacheForAllThreads(45)) - PERFORMANCE WARNING: useCacheForAllThreads is true that may cause Netty to create a lot garbage objects and, as a result, trigger GC.
	It is recommended to disable useCacheForAllThreads by setting -Dorg.apache.ratis.thirdparty.io.netty.allocator.useCacheForAllThreads=false in command line.
2019-08-23 01:49:29,751 [main] INFO  grpc.GrpcConfigKeys$Server (ConfUtils.java:logGet(43)) - raft.grpc.server.port = 0 (default)
2019-08-23 01:49:29,751 [main] INFO  server.GrpcService (ConfUtils.java:logGet(43)) - raft.grpc.message.size.max = 33570816 (custom)
2019-08-23 01:49:29,751 [main] INFO  server.RaftServerConfigKeys (ConfUtils.java:logGet(43)) - raft.server.log.appender.buffer.byte-limit = 33554432 (custom)
2019-08-23 01:49:29,751 [main] INFO  server.GrpcService (ConfUtils.java:logGet(43)) - raft.grpc.flow.control.window = 1MB (=1048576) (default)
2019-08-23 01:49:29,751 [main] INFO  server.RaftServerConfigKeys (ConfUtils.java:logGet(43)) - raft.server.rpc.request.timeout = 3000ms (default)
2019-08-23 01:49:29,752 [main] INFO  server.RaftServerConfigKeys (ConfUtils.java:logGet(43)) - raft.server.storage.dir = [/workdir/hadoop-ozone/integration-test/target/test-dir/MiniOzoneClusterImpl-0943eb9e-b08a-41ed-9047-9abe96000917/datanode-1/data/ratis] (custom)
2019-08-23 01:49:29,752 [main] INFO  replication.SimpleContainerDownloader (SimpleContainerDownloader.java:<init>(72)) - Starting container downloader service to copy containers to replicate.
2019-08-23 01:49:29,753 [main] INFO  hdfs.DFSUtil (DFSUtil.java:httpServerTemplateForNNAndJN(1641)) - Starting Web-server for hddsDatanode at: http://0.0.0.0:0
2019-08-23 01:49:29,755 [main] INFO  server.AuthenticationFilter (AuthenticationFilter.java:constructSecretProvider(240)) - Unable to initialize FileSignerSecretProvider, falling back to use random secrets.
2019-08-23 01:49:29,755 [main] WARN  http.HttpRequestLog (HttpRequestLog.java:getRequestLog(97)) - Jetty request log can only be enabled using Log4j
2019-08-23 01:49:29,756 [main] INFO  http.HttpServer2 (HttpServer2.java:addGlobalFilter(975)) - Added global filter 'safety' (class=org.apache.hadoop.http.HttpServer2$QuotingInputFilter)
2019-08-23 01:49:29,757 [main] INFO  http.HttpServer2 (HttpServer2.java:addFilter(948)) - Added filter static_user_filter (class=org.apache.hadoop.http.lib.StaticUserWebFilter$StaticUserFilter) to context hddsDatanode
2019-08-23 01:49:29,757 [main] INFO  http.HttpServer2 (HttpServer2.java:addFilter(958)) - Added filter static_user_filter (class=org.apache.hadoop.http.lib.StaticUserWebFilter$StaticUserFilter) to context logs
2019-08-23 01:49:29,757 [main] INFO  http.HttpServer2 (HttpServer2.java:addFilter(958)) - Added filter static_user_filter (class=org.apache.hadoop.http.lib.StaticUserWebFilter$StaticUserFilter) to context static
2019-08-23 01:49:29,758 [main] INFO  http.HttpServer2 (HttpServer2.java:bindListener(1191)) - Jetty bound to port 40300
2019-08-23 01:49:29,758 [main] INFO  server.Server (Server.java:doStart(351)) - jetty-9.3.24.v20180605, build timestamp: 2018-06-05T17:11:56Z, git hash: 84205aa28f11a4f31f2a3b86d1bba2cc8ab69827
2019-08-23 01:49:29,759 [main] INFO  handler.ContextHandler (ContextHandler.java:doStart(781)) - Started o.e.j.s.ServletContextHandler@3bb6b9ab{/logs,file:///workdir/hadoop-ozone/integration-test/target/log,AVAILABLE}
2019-08-23 01:49:29,760 [main] INFO  handler.ContextHandler (ContextHandler.java:doStart(781)) - Started o.e.j.s.ServletContextHandler@2f6f2d91{/static,jar:file:/home/user/.m2/repository/org/apache/hadoop/hadoop-hdds-container-service/0.5.0-SNAPSHOT/hadoop-hdds-container-service-0.5.0-SNAPSHOT.jar!/webapps/static,AVAILABLE}
2019-08-23 01:49:29,786 [main] INFO  handler.ContextHandler (ContextHandler.java:doStart(781)) - Started o.e.j.w.WebAppContext@106f0051{/,file:///tmp/jetty-0.0.0.0-40300-hddsDatanode-_-any-5964254771490985739.dir/webapp/,AVAILABLE}{/hddsDatanode}
2019-08-23 01:49:29,787 [main] INFO  server.AbstractConnector (AbstractConnector.java:doStart(278)) - Started ServerConnector@4fe687b5{HTTP/1.1,[http/1.1]}{0.0.0.0:40300}
2019-08-23 01:49:29,787 [main] INFO  server.Server (Server.java:doStart(419)) - Started @208806ms
2019-08-23 01:49:29,789 [main] INFO  server.BaseHttpServer (BaseHttpServer.java:updateConnectorAddress(213)) - HTTP server of HDDSDATANODE is listening at http://0.0.0.0:40300
2019-08-23 01:49:29,909 | INFO  | ObjectStoreRestHttpServer | Listening HDDS REST traffic on /0.0.0.0:39258 |  
2019-08-23 01:49:29,909 [main] INFO  ozone.HddsDatanodeService (HddsDatanodeService.java:startPlugins(395)) - Started plug-in org.apache.hadoop.ozone.web.OzoneHddsDatanodeService@3bd1c7f0
2019-08-23 01:49:29,909 [main] INFO  impl.MetricsSystemImpl (MetricsSystemImpl.java:init(158)) - HddsDatanode metrics system started (again)
2019-08-23 01:49:29,913 [org.apache.hadoop.util.JvmPauseMonitor$Monitor@39c1a177] INFO  util.JvmPauseMonitor (JvmPauseMonitor.java:run(188)) - Starting JVM pause monitor
2019-08-23 01:49:29,913 [main] INFO  ozone.HddsDatanodeService (HddsDatanodeService.java:start(184)) - HddsDatanodeService host:pr-hdds-1909-sn94l-363750510 ip:192.168.34.22
2019-08-23 01:49:29,914 [Datanode State Machine Thread - 0] INFO  datanode.InitDatanodeState (InitDatanodeState.java:persistContainerDatanodeDetails(140)) - DatanodeDetails is persisted to /workdir/hadoop-ozone/integration-test/target/test-dir/MiniOzoneClusterImpl-0943eb9e-b08a-41ed-9047-9abe96000917/datanode-1/meta/datanode.id
2019-08-23 01:49:29,923 [main] INFO  volume.HddsVolume (HddsVolume.java:<init>(176)) - Creating Volume: /workdir/hadoop-ozone/integration-test/target/test-dir/MiniOzoneClusterImpl-0943eb9e-b08a-41ed-9047-9abe96000917/datanode-2/data/containers/hdds of  storage type : DISK and capacity : 1482555576320
2019-08-23 01:49:29,923 [main] INFO  volume.VolumeSet (VolumeSet.java:initializeVolumeSet(170)) - Added Volume : /workdir/hadoop-ozone/integration-test/target/test-dir/MiniOzoneClusterImpl-0943eb9e-b08a-41ed-9047-9abe96000917/datanode-2/data/containers/hdds to VolumeSet
2019-08-23 01:49:29,923 [main] INFO  volume.ThrottledAsyncChecker (ThrottledAsyncChecker.java:schedule(140)) - Scheduling a check for org.apache.hadoop.ozone.container.common.volume.HddsVolume@d96f413
2019-08-23 01:49:29,924 [main] INFO  volume.HddsVolumeChecker (HddsVolumeChecker.java:checkAllVolumes(203)) - Scheduled health check for volume org.apache.hadoop.ozone.container.common.volume.HddsVolume@d96f413
2019-08-23 01:49:29,939 [main] INFO  impl.RaftServerProxy (ConfUtils.java:logGet(43)) - raft.rpc.type = GRPC (default)
2019-08-23 01:49:29,940 [main] INFO  grpc.GrpcFactory (GrpcFactory.java:checkPooledByteBufAllocatorUseCacheForAllThreads(45)) - PERFORMANCE WARNING: useCacheForAllThreads is true that may cause Netty to create a lot garbage objects and, as a result, trigger GC.
	It is recommended to disable useCacheForAllThreads by setting -Dorg.apache.ratis.thirdparty.io.netty.allocator.useCacheForAllThreads=false in command line.
2019-08-23 01:49:29,940 [main] INFO  grpc.GrpcConfigKeys$Server (ConfUtils.java:logGet(43)) - raft.grpc.server.port = 0 (default)
2019-08-23 01:49:29,940 [main] INFO  server.GrpcService (ConfUtils.java:logGet(43)) - raft.grpc.message.size.max = 33570816 (custom)
2019-08-23 01:49:29,940 [main] INFO  server.RaftServerConfigKeys (ConfUtils.java:logGet(43)) - raft.server.log.appender.buffer.byte-limit = 33554432 (custom)
2019-08-23 01:49:29,941 [main] INFO  server.GrpcService (ConfUtils.java:logGet(43)) - raft.grpc.flow.control.window = 1MB (=1048576) (default)
2019-08-23 01:49:29,941 [main] INFO  server.RaftServerConfigKeys (ConfUtils.java:logGet(43)) - raft.server.rpc.request.timeout = 3000ms (default)
2019-08-23 01:49:29,941 [main] INFO  server.RaftServerConfigKeys (ConfUtils.java:logGet(43)) - raft.server.storage.dir = [/workdir/hadoop-ozone/integration-test/target/test-dir/MiniOzoneClusterImpl-0943eb9e-b08a-41ed-9047-9abe96000917/datanode-2/data/ratis] (custom)
2019-08-23 01:49:29,942 [main] INFO  replication.SimpleContainerDownloader (SimpleContainerDownloader.java:<init>(72)) - Starting container downloader service to copy containers to replicate.
2019-08-23 01:49:29,943 [main] INFO  hdfs.DFSUtil (DFSUtil.java:httpServerTemplateForNNAndJN(1641)) - Starting Web-server for hddsDatanode at: http://0.0.0.0:0
2019-08-23 01:49:29,945 [main] INFO  server.AuthenticationFilter (AuthenticationFilter.java:constructSecretProvider(240)) - Unable to initialize FileSignerSecretProvider, falling back to use random secrets.
2019-08-23 01:49:29,945 [main] WARN  http.HttpRequestLog (HttpRequestLog.java:getRequestLog(97)) - Jetty request log can only be enabled using Log4j
2019-08-23 01:49:29,947 [main] INFO  http.HttpServer2 (HttpServer2.java:addGlobalFilter(975)) - Added global filter 'safety' (class=org.apache.hadoop.http.HttpServer2$QuotingInputFilter)
2019-08-23 01:49:29,947 [main] INFO  http.HttpServer2 (HttpServer2.java:addFilter(948)) - Added filter static_user_filter (class=org.apache.hadoop.http.lib.StaticUserWebFilter$StaticUserFilter) to context hddsDatanode
2019-08-23 01:49:29,947 [main] INFO  http.HttpServer2 (HttpServer2.java:addFilter(958)) - Added filter static_user_filter (class=org.apache.hadoop.http.lib.StaticUserWebFilter$StaticUserFilter) to context static
2019-08-23 01:49:29,947 [main] INFO  http.HttpServer2 (HttpServer2.java:addFilter(958)) - Added filter static_user_filter (class=org.apache.hadoop.http.lib.StaticUserWebFilter$StaticUserFilter) to context logs
2019-08-23 01:49:29,948 [main] INFO  http.HttpServer2 (HttpServer2.java:bindListener(1191)) - Jetty bound to port 42939
2019-08-23 01:49:29,948 [main] INFO  server.Server (Server.java:doStart(351)) - jetty-9.3.24.v20180605, build timestamp: 2018-06-05T17:11:56Z, git hash: 84205aa28f11a4f31f2a3b86d1bba2cc8ab69827
2019-08-23 01:49:29,950 [main] INFO  handler.ContextHandler (ContextHandler.java:doStart(781)) - Started o.e.j.s.ServletContextHandler@4a4352b4{/logs,file:///workdir/hadoop-ozone/integration-test/target/log,AVAILABLE}
2019-08-23 01:49:29,950 [main] INFO  handler.ContextHandler (ContextHandler.java:doStart(781)) - Started o.e.j.s.ServletContextHandler@d640fe6{/static,jar:file:/home/user/.m2/repository/org/apache/hadoop/hadoop-hdds-container-service/0.5.0-SNAPSHOT/hadoop-hdds-container-service-0.5.0-SNAPSHOT.jar!/webapps/static,AVAILABLE}
2019-08-23 01:49:29,977 [main] INFO  handler.ContextHandler (ContextHandler.java:doStart(781)) - Started o.e.j.w.WebAppContext@46bbcb82{/,file:///tmp/jetty-0.0.0.0-42939-hddsDatanode-_-any-1674097972139470751.dir/webapp/,AVAILABLE}{/hddsDatanode}
2019-08-23 01:49:29,978 [main] INFO  server.AbstractConnector (AbstractConnector.java:doStart(278)) - Started ServerConnector@b91e024{HTTP/1.1,[http/1.1]}{0.0.0.0:42939}
2019-08-23 01:49:29,978 [main] INFO  server.Server (Server.java:doStart(419)) - Started @208997ms
2019-08-23 01:49:29,981 [main] INFO  server.BaseHttpServer (BaseHttpServer.java:updateConnectorAddress(213)) - HTTP server of HDDSDATANODE is listening at http://0.0.0.0:42939
2019-08-23 01:49:30,090 | INFO  | ObjectStoreRestHttpServer | Listening HDDS REST traffic on /0.0.0.0:35504 |  
2019-08-23 01:49:30,090 [main] INFO  ozone.HddsDatanodeService (HddsDatanodeService.java:startPlugins(395)) - Started plug-in org.apache.hadoop.ozone.web.OzoneHddsDatanodeService@639d808a
2019-08-23 01:49:30,091 [main] INFO  impl.MetricsSystemImpl (MetricsSystemImpl.java:init(158)) - HddsDatanode metrics system started (again)
2019-08-23 01:49:30,095 [main] INFO  ozone.HddsDatanodeService (HddsDatanodeService.java:start(184)) - HddsDatanodeService host:pr-hdds-1909-sn94l-363750510 ip:192.168.34.22
2019-08-23 01:49:30,095 [org.apache.hadoop.util.JvmPauseMonitor$Monitor@4a3c3a82] INFO  util.JvmPauseMonitor (JvmPauseMonitor.java:run(188)) - Starting JVM pause monitor
2019-08-23 01:49:30,097 [Datanode State Machine Thread - 0] INFO  datanode.InitDatanodeState (InitDatanodeState.java:persistContainerDatanodeDetails(140)) - DatanodeDetails is persisted to /workdir/hadoop-ozone/integration-test/target/test-dir/MiniOzoneClusterImpl-0943eb9e-b08a-41ed-9047-9abe96000917/datanode-2/meta/datanode.id
2019-08-23 01:49:30,105 [main] INFO  volume.HddsVolume (HddsVolume.java:<init>(176)) - Creating Volume: /workdir/hadoop-ozone/integration-test/target/test-dir/MiniOzoneClusterImpl-0943eb9e-b08a-41ed-9047-9abe96000917/datanode-3/data/containers/hdds of  storage type : DISK and capacity : 1482555576320
2019-08-23 01:49:30,106 [main] INFO  volume.VolumeSet (VolumeSet.java:initializeVolumeSet(170)) - Added Volume : /workdir/hadoop-ozone/integration-test/target/test-dir/MiniOzoneClusterImpl-0943eb9e-b08a-41ed-9047-9abe96000917/datanode-3/data/containers/hdds to VolumeSet
2019-08-23 01:49:30,106 [main] INFO  volume.ThrottledAsyncChecker (ThrottledAsyncChecker.java:schedule(140)) - Scheduling a check for org.apache.hadoop.ozone.container.common.volume.HddsVolume@37227aa7
2019-08-23 01:49:30,106 [main] INFO  volume.HddsVolumeChecker (HddsVolumeChecker.java:checkAllVolumes(203)) - Scheduled health check for volume org.apache.hadoop.ozone.container.common.volume.HddsVolume@37227aa7
2019-08-23 01:49:30,121 [main] INFO  impl.RaftServerProxy (ConfUtils.java:logGet(43)) - raft.rpc.type = GRPC (default)
2019-08-23 01:49:30,122 [main] INFO  grpc.GrpcFactory (GrpcFactory.java:checkPooledByteBufAllocatorUseCacheForAllThreads(45)) - PERFORMANCE WARNING: useCacheForAllThreads is true that may cause Netty to create a lot garbage objects and, as a result, trigger GC.
	It is recommended to disable useCacheForAllThreads by setting -Dorg.apache.ratis.thirdparty.io.netty.allocator.useCacheForAllThreads=false in command line.
2019-08-23 01:49:30,122 [main] INFO  grpc.GrpcConfigKeys$Server (ConfUtils.java:logGet(43)) - raft.grpc.server.port = 0 (default)
2019-08-23 01:49:30,122 [main] INFO  server.GrpcService (ConfUtils.java:logGet(43)) - raft.grpc.message.size.max = 33570816 (custom)
2019-08-23 01:49:30,122 [main] INFO  server.RaftServerConfigKeys (ConfUtils.java:logGet(43)) - raft.server.log.appender.buffer.byte-limit = 33554432 (custom)
2019-08-23 01:49:30,122 [main] INFO  server.GrpcService (ConfUtils.java:logGet(43)) - raft.grpc.flow.control.window = 1MB (=1048576) (default)
2019-08-23 01:49:30,123 [main] INFO  server.RaftServerConfigKeys (ConfUtils.java:logGet(43)) - raft.server.rpc.request.timeout = 3000ms (default)
2019-08-23 01:49:30,123 [main] INFO  server.RaftServerConfigKeys (ConfUtils.java:logGet(43)) - raft.server.storage.dir = [/workdir/hadoop-ozone/integration-test/target/test-dir/MiniOzoneClusterImpl-0943eb9e-b08a-41ed-9047-9abe96000917/datanode-3/data/ratis] (custom)
2019-08-23 01:49:30,123 [main] INFO  replication.SimpleContainerDownloader (SimpleContainerDownloader.java:<init>(72)) - Starting container downloader service to copy containers to replicate.
2019-08-23 01:49:30,124 [main] INFO  hdfs.DFSUtil (DFSUtil.java:httpServerTemplateForNNAndJN(1641)) - Starting Web-server for hddsDatanode at: http://0.0.0.0:0
2019-08-23 01:49:30,126 [main] INFO  server.AuthenticationFilter (AuthenticationFilter.java:constructSecretProvider(240)) - Unable to initialize FileSignerSecretProvider, falling back to use random secrets.
2019-08-23 01:49:30,126 [main] WARN  http.HttpRequestLog (HttpRequestLog.java:getRequestLog(97)) - Jetty request log can only be enabled using Log4j
2019-08-23 01:49:30,127 [main] INFO  http.HttpServer2 (HttpServer2.java:addGlobalFilter(975)) - Added global filter 'safety' (class=org.apache.hadoop.http.HttpServer2$QuotingInputFilter)
2019-08-23 01:49:30,128 [main] INFO  http.HttpServer2 (HttpServer2.java:addFilter(948)) - Added filter static_user_filter (class=org.apache.hadoop.http.lib.StaticUserWebFilter$StaticUserFilter) to context hddsDatanode
2019-08-23 01:49:30,128 [main] INFO  http.HttpServer2 (HttpServer2.java:addFilter(958)) - Added filter static_user_filter (class=org.apache.hadoop.http.lib.StaticUserWebFilter$StaticUserFilter) to context logs
2019-08-23 01:49:30,128 [main] INFO  http.HttpServer2 (HttpServer2.java:addFilter(958)) - Added filter static_user_filter (class=org.apache.hadoop.http.lib.StaticUserWebFilter$StaticUserFilter) to context static
2019-08-23 01:49:30,128 [main] INFO  http.HttpServer2 (HttpServer2.java:bindListener(1191)) - Jetty bound to port 37244
2019-08-23 01:49:30,129 [main] INFO  server.Server (Server.java:doStart(351)) - jetty-9.3.24.v20180605, build timestamp: 2018-06-05T17:11:56Z, git hash: 84205aa28f11a4f31f2a3b86d1bba2cc8ab69827
2019-08-23 01:49:30,130 [main] INFO  handler.ContextHandler (ContextHandler.java:doStart(781)) - Started o.e.j.s.ServletContextHandler@42af2977{/logs,file:///workdir/hadoop-ozone/integration-test/target/log,AVAILABLE}
2019-08-23 01:49:30,130 [main] INFO  handler.ContextHandler (ContextHandler.java:doStart(781)) - Started o.e.j.s.ServletContextHandler@6cbb79c3{/static,jar:file:/home/user/.m2/repository/org/apache/hadoop/hadoop-hdds-container-service/0.5.0-SNAPSHOT/hadoop-hdds-container-service-0.5.0-SNAPSHOT.jar!/webapps/static,AVAILABLE}
2019-08-23 01:49:30,158 [main] INFO  handler.ContextHandler (ContextHandler.java:doStart(781)) - Started o.e.j.w.WebAppContext@361b2995{/,file:///tmp/jetty-0.0.0.0-37244-hddsDatanode-_-any-5681517657807191022.dir/webapp/,AVAILABLE}{/hddsDatanode}
2019-08-23 01:49:30,158 [main] INFO  server.AbstractConnector (AbstractConnector.java:doStart(278)) - Started ServerConnector@69d145f6{HTTP/1.1,[http/1.1]}{0.0.0.0:37244}
2019-08-23 01:49:30,160 [main] INFO  server.Server (Server.java:doStart(419)) - Started @209179ms
2019-08-23 01:49:30,161 [main] INFO  server.BaseHttpServer (BaseHttpServer.java:updateConnectorAddress(213)) - HTTP server of HDDSDATANODE is listening at http://0.0.0.0:37244
2019-08-23 01:49:30,272 | INFO  | ObjectStoreRestHttpServer | Listening HDDS REST traffic on /0.0.0.0:34161 |  
2019-08-23 01:49:30,272 [main] INFO  ozone.HddsDatanodeService (HddsDatanodeService.java:startPlugins(395)) - Started plug-in org.apache.hadoop.ozone.web.OzoneHddsDatanodeService@6f55aef7
2019-08-23 01:49:30,272 [main] INFO  impl.MetricsSystemImpl (MetricsSystemImpl.java:init(158)) - HddsDatanode metrics system started (again)
2019-08-23 01:49:30,276 [org.apache.hadoop.util.JvmPauseMonitor$Monitor@e2d43dc] INFO  util.JvmPauseMonitor (JvmPauseMonitor.java:run(188)) - Starting JVM pause monitor
2019-08-23 01:49:30,276 [main] INFO  ozone.HddsDatanodeService (HddsDatanodeService.java:start(184)) - HddsDatanodeService host:pr-hdds-1909-sn94l-363750510 ip:192.168.34.22
2019-08-23 01:49:30,277 [Datanode State Machine Thread - 0] INFO  datanode.InitDatanodeState (InitDatanodeState.java:persistContainerDatanodeDetails(140)) - DatanodeDetails is persisted to /workdir/hadoop-ozone/integration-test/target/test-dir/MiniOzoneClusterImpl-0943eb9e-b08a-41ed-9047-9abe96000917/datanode-3/meta/datanode.id
2019-08-23 01:49:30,285 [main] INFO  volume.HddsVolume (HddsVolume.java:<init>(176)) - Creating Volume: /workdir/hadoop-ozone/integration-test/target/test-dir/MiniOzoneClusterImpl-0943eb9e-b08a-41ed-9047-9abe96000917/datanode-4/data/containers/hdds of  storage type : DISK and capacity : 1482555576320
2019-08-23 01:49:30,285 [main] INFO  volume.VolumeSet (VolumeSet.java:initializeVolumeSet(170)) - Added Volume : /workdir/hadoop-ozone/integration-test/target/test-dir/MiniOzoneClusterImpl-0943eb9e-b08a-41ed-9047-9abe96000917/datanode-4/data/containers/hdds to VolumeSet
2019-08-23 01:49:30,285 [main] INFO  volume.ThrottledAsyncChecker (ThrottledAsyncChecker.java:schedule(140)) - Scheduling a check for org.apache.hadoop.ozone.container.common.volume.HddsVolume@66790851
2019-08-23 01:49:30,286 [main] INFO  volume.HddsVolumeChecker (HddsVolumeChecker.java:checkAllVolumes(203)) - Scheduled health check for volume org.apache.hadoop.ozone.container.common.volume.HddsVolume@66790851
2019-08-23 01:49:30,298 [main] INFO  impl.RaftServerProxy (ConfUtils.java:logGet(43)) - raft.rpc.type = GRPC (default)
2019-08-23 01:49:30,299 [main] INFO  grpc.GrpcFactory (GrpcFactory.java:checkPooledByteBufAllocatorUseCacheForAllThreads(45)) - PERFORMANCE WARNING: useCacheForAllThreads is true that may cause Netty to create a lot garbage objects and, as a result, trigger GC.
	It is recommended to disable useCacheForAllThreads by setting -Dorg.apache.ratis.thirdparty.io.netty.allocator.useCacheForAllThreads=false in command line.
2019-08-23 01:49:30,299 [main] INFO  grpc.GrpcConfigKeys$Server (ConfUtils.java:logGet(43)) - raft.grpc.server.port = 0 (default)
2019-08-23 01:49:30,299 [main] INFO  server.GrpcService (ConfUtils.java:logGet(43)) - raft.grpc.message.size.max = 33570816 (custom)
2019-08-23 01:49:30,299 [main] INFO  server.RaftServerConfigKeys (ConfUtils.java:logGet(43)) - raft.server.log.appender.buffer.byte-limit = 33554432 (custom)
2019-08-23 01:49:30,299 [main] INFO  server.GrpcService (ConfUtils.java:logGet(43)) - raft.grpc.flow.control.window = 1MB (=1048576) (default)
2019-08-23 01:49:30,300 [main] INFO  server.RaftServerConfigKeys (ConfUtils.java:logGet(43)) - raft.server.rpc.request.timeout = 3000ms (default)
2019-08-23 01:49:30,300 [main] INFO  server.RaftServerConfigKeys (ConfUtils.java:logGet(43)) - raft.server.storage.dir = [/workdir/hadoop-ozone/integration-test/target/test-dir/MiniOzoneClusterImpl-0943eb9e-b08a-41ed-9047-9abe96000917/datanode-4/data/ratis] (custom)
2019-08-23 01:49:30,300 [main] INFO  replication.SimpleContainerDownloader (SimpleContainerDownloader.java:<init>(72)) - Starting container downloader service to copy containers to replicate.
2019-08-23 01:49:30,301 [main] INFO  hdfs.DFSUtil (DFSUtil.java:httpServerTemplateForNNAndJN(1641)) - Starting Web-server for hddsDatanode at: http://0.0.0.0:0
2019-08-23 01:49:30,303 [main] INFO  server.AuthenticationFilter (AuthenticationFilter.java:constructSecretProvider(240)) - Unable to initialize FileSignerSecretProvider, falling back to use random secrets.
2019-08-23 01:49:30,303 [main] WARN  http.HttpRequestLog (HttpRequestLog.java:getRequestLog(97)) - Jetty request log can only be enabled using Log4j
2019-08-23 01:49:30,304 [main] INFO  http.HttpServer2 (HttpServer2.java:addGlobalFilter(975)) - Added global filter 'safety' (class=org.apache.hadoop.http.HttpServer2$QuotingInputFilter)
2019-08-23 01:49:30,305 [main] INFO  http.HttpServer2 (HttpServer2.java:addFilter(948)) - Added filter static_user_filter (class=org.apache.hadoop.http.lib.StaticUserWebFilter$StaticUserFilter) to context hddsDatanode
2019-08-23 01:49:30,305 [main] INFO  http.HttpServer2 (HttpServer2.java:addFilter(958)) - Added filter static_user_filter (class=org.apache.hadoop.http.lib.StaticUserWebFilter$StaticUserFilter) to context static
2019-08-23 01:49:30,305 [main] INFO  http.HttpServer2 (HttpServer2.java:addFilter(958)) - Added filter static_user_filter (class=org.apache.hadoop.http.lib.StaticUserWebFilter$StaticUserFilter) to context logs
2019-08-23 01:49:30,306 [main] INFO  http.HttpServer2 (HttpServer2.java:bindListener(1191)) - Jetty bound to port 41771
2019-08-23 01:49:30,306 [main] INFO  server.Server (Server.java:doStart(351)) - jetty-9.3.24.v20180605, build timestamp: 2018-06-05T17:11:56Z, git hash: 84205aa28f11a4f31f2a3b86d1bba2cc8ab69827
2019-08-23 01:49:30,307 [main] INFO  handler.ContextHandler (ContextHandler.java:doStart(781)) - Started o.e.j.s.ServletContextHandler@38a6ca39{/logs,file:///workdir/hadoop-ozone/integration-test/target/log,AVAILABLE}
2019-08-23 01:49:30,308 [main] INFO  handler.ContextHandler (ContextHandler.java:doStart(781)) - Started o.e.j.s.ServletContextHandler@ece7204{/static,jar:file:/home/user/.m2/repository/org/apache/hadoop/hadoop-hdds-container-service/0.5.0-SNAPSHOT/hadoop-hdds-container-service-0.5.0-SNAPSHOT.jar!/webapps/static,AVAILABLE}
2019-08-23 01:49:30,335 [main] INFO  handler.ContextHandler (ContextHandler.java:doStart(781)) - Started o.e.j.w.WebAppContext@3d268a2c{/,file:///tmp/jetty-0.0.0.0-41771-hddsDatanode-_-any-1391617314025882662.dir/webapp/,AVAILABLE}{/hddsDatanode}
2019-08-23 01:49:30,336 [main] INFO  server.AbstractConnector (AbstractConnector.java:doStart(278)) - Started ServerConnector@16ecdb6d{HTTP/1.1,[http/1.1]}{0.0.0.0:41771}
2019-08-23 01:49:30,336 [main] INFO  server.Server (Server.java:doStart(419)) - Started @209355ms
2019-08-23 01:49:30,339 [main] INFO  server.BaseHttpServer (BaseHttpServer.java:updateConnectorAddress(213)) - HTTP server of HDDSDATANODE is listening at http://0.0.0.0:41771
2019-08-23 01:49:30,434 | INFO  | ObjectStoreRestHttpServer | Listening HDDS REST traffic on /0.0.0.0:40494 |  
2019-08-23 01:49:30,434 [main] INFO  ozone.HddsDatanodeService (HddsDatanodeService.java:startPlugins(395)) - Started plug-in org.apache.hadoop.ozone.web.OzoneHddsDatanodeService@7892635c
2019-08-23 01:49:30,435 [main] INFO  impl.MetricsSystemImpl (MetricsSystemImpl.java:init(158)) - HddsDatanode metrics system started (again)
2019-08-23 01:49:30,438 [main] INFO  ozone.HddsDatanodeService (HddsDatanodeService.java:start(184)) - HddsDatanodeService host:pr-hdds-1909-sn94l-363750510 ip:192.168.34.22
2019-08-23 01:49:30,438 [org.apache.hadoop.util.JvmPauseMonitor$Monitor@2820d003] INFO  util.JvmPauseMonitor (JvmPauseMonitor.java:run(188)) - Starting JVM pause monitor
2019-08-23 01:49:30,440 [Datanode State Machine Thread - 0] INFO  datanode.InitDatanodeState (InitDatanodeState.java:persistContainerDatanodeDetails(140)) - DatanodeDetails is persisted to /workdir/hadoop-ozone/integration-test/target/test-dir/MiniOzoneClusterImpl-0943eb9e-b08a-41ed-9047-9abe96000917/datanode-4/meta/datanode.id
2019-08-23 01:49:30,448 [main] INFO  volume.HddsVolume (HddsVolume.java:<init>(176)) - Creating Volume: /workdir/hadoop-ozone/integration-test/target/test-dir/MiniOzoneClusterImpl-0943eb9e-b08a-41ed-9047-9abe96000917/datanode-5/data/containers/hdds of  storage type : DISK and capacity : 1482555576320
2019-08-23 01:49:30,449 [main] INFO  volume.VolumeSet (VolumeSet.java:initializeVolumeSet(170)) - Added Volume : /workdir/hadoop-ozone/integration-test/target/test-dir/MiniOzoneClusterImpl-0943eb9e-b08a-41ed-9047-9abe96000917/datanode-5/data/containers/hdds to VolumeSet
2019-08-23 01:49:30,449 [main] INFO  volume.ThrottledAsyncChecker (ThrottledAsyncChecker.java:schedule(140)) - Scheduling a check for org.apache.hadoop.ozone.container.common.volume.HddsVolume@4ec78008
2019-08-23 01:49:30,449 [main] INFO  volume.HddsVolumeChecker (HddsVolumeChecker.java:checkAllVolumes(203)) - Scheduled health check for volume org.apache.hadoop.ozone.container.common.volume.HddsVolume@4ec78008
2019-08-23 01:49:30,462 [main] INFO  impl.RaftServerProxy (ConfUtils.java:logGet(43)) - raft.rpc.type = GRPC (default)
2019-08-23 01:49:30,462 [main] INFO  grpc.GrpcFactory (GrpcFactory.java:checkPooledByteBufAllocatorUseCacheForAllThreads(45)) - PERFORMANCE WARNING: useCacheForAllThreads is true that may cause Netty to create a lot garbage objects and, as a result, trigger GC.
	It is recommended to disable useCacheForAllThreads by setting -Dorg.apache.ratis.thirdparty.io.netty.allocator.useCacheForAllThreads=false in command line.
2019-08-23 01:49:30,462 [main] INFO  grpc.GrpcConfigKeys$Server (ConfUtils.java:logGet(43)) - raft.grpc.server.port = 0 (default)
2019-08-23 01:49:30,462 [main] INFO  server.GrpcService (ConfUtils.java:logGet(43)) - raft.grpc.message.size.max = 33570816 (custom)
2019-08-23 01:49:30,462 [main] INFO  server.RaftServerConfigKeys (ConfUtils.java:logGet(43)) - raft.server.log.appender.buffer.byte-limit = 33554432 (custom)
2019-08-23 01:49:30,463 [main] INFO  server.GrpcService (ConfUtils.java:logGet(43)) - raft.grpc.flow.control.window = 1MB (=1048576) (default)
2019-08-23 01:49:30,463 [main] INFO  server.RaftServerConfigKeys (ConfUtils.java:logGet(43)) - raft.server.rpc.request.timeout = 3000ms (default)
2019-08-23 01:49:30,463 [main] INFO  server.RaftServerConfigKeys (ConfUtils.java:logGet(43)) - raft.server.storage.dir = [/workdir/hadoop-ozone/integration-test/target/test-dir/MiniOzoneClusterImpl-0943eb9e-b08a-41ed-9047-9abe96000917/datanode-5/data/ratis] (custom)
2019-08-23 01:49:30,463 [main] INFO  replication.SimpleContainerDownloader (SimpleContainerDownloader.java:<init>(72)) - Starting container downloader service to copy containers to replicate.
2019-08-23 01:49:30,465 [main] INFO  hdfs.DFSUtil (DFSUtil.java:httpServerTemplateForNNAndJN(1641)) - Starting Web-server for hddsDatanode at: http://0.0.0.0:0
2019-08-23 01:49:30,466 [main] INFO  server.AuthenticationFilter (AuthenticationFilter.java:constructSecretProvider(240)) - Unable to initialize FileSignerSecretProvider, falling back to use random secrets.
2019-08-23 01:49:30,466 [main] WARN  http.HttpRequestLog (HttpRequestLog.java:getRequestLog(97)) - Jetty request log can only be enabled using Log4j
2019-08-23 01:49:30,467 [main] INFO  http.HttpServer2 (HttpServer2.java:addGlobalFilter(975)) - Added global filter 'safety' (class=org.apache.hadoop.http.HttpServer2$QuotingInputFilter)
2019-08-23 01:49:30,467 [main] INFO  http.HttpServer2 (HttpServer2.java:addFilter(948)) - Added filter static_user_filter (class=org.apache.hadoop.http.lib.StaticUserWebFilter$StaticUserFilter) to context hddsDatanode
2019-08-23 01:49:30,468 [main] INFO  http.HttpServer2 (HttpServer2.java:addFilter(958)) - Added filter static_user_filter (class=org.apache.hadoop.http.lib.StaticUserWebFilter$StaticUserFilter) to context static
2019-08-23 01:49:30,468 [main] INFO  http.HttpServer2 (HttpServer2.java:addFilter(958)) - Added filter static_user_filter (class=org.apache.hadoop.http.lib.StaticUserWebFilter$StaticUserFilter) to context logs
2019-08-23 01:49:30,468 [main] INFO  http.HttpServer2 (HttpServer2.java:bindListener(1191)) - Jetty bound to port 46606
2019-08-23 01:49:30,468 [main] INFO  server.Server (Server.java:doStart(351)) - jetty-9.3.24.v20180605, build timestamp: 2018-06-05T17:11:56Z, git hash: 84205aa28f11a4f31f2a3b86d1bba2cc8ab69827
2019-08-23 01:49:30,470 [main] INFO  handler.ContextHandler (ContextHandler.java:doStart(781)) - Started o.e.j.s.ServletContextHandler@2e5dea22{/logs,file:///workdir/hadoop-ozone/integration-test/target/log,AVAILABLE}
2019-08-23 01:49:30,470 [main] INFO  handler.ContextHandler (ContextHandler.java:doStart(781)) - Started o.e.j.s.ServletContextHandler@4a59d584{/static,jar:file:/home/user/.m2/repository/org/apache/hadoop/hadoop-hdds-container-service/0.5.0-SNAPSHOT/hadoop-hdds-container-service-0.5.0-SNAPSHOT.jar!/webapps/static,AVAILABLE}
2019-08-23 01:49:30,493 [main] INFO  handler.ContextHandler (ContextHandler.java:doStart(781)) - Started o.e.j.w.WebAppContext@1150b923{/,file:///tmp/jetty-0.0.0.0-46606-hddsDatanode-_-any-5264189142441198075.dir/webapp/,AVAILABLE}{/hddsDatanode}
2019-08-23 01:49:30,494 [main] INFO  server.AbstractConnector (AbstractConnector.java:doStart(278)) - Started ServerConnector@54c2cfc9{HTTP/1.1,[http/1.1]}{0.0.0.0:46606}
2019-08-23 01:49:30,494 [main] INFO  server.Server (Server.java:doStart(419)) - Started @209513ms
2019-08-23 01:49:30,496 [main] INFO  server.BaseHttpServer (BaseHttpServer.java:updateConnectorAddress(213)) - HTTP server of HDDSDATANODE is listening at http://0.0.0.0:46606
2019-08-23 01:49:30,586 | INFO  | ObjectStoreRestHttpServer | Listening HDDS REST traffic on /0.0.0.0:40789 |  
2019-08-23 01:49:30,586 [main] INFO  ozone.HddsDatanodeService (HddsDatanodeService.java:startPlugins(395)) - Started plug-in org.apache.hadoop.ozone.web.OzoneHddsDatanodeService@7b9e7633
2019-08-23 01:49:30,586 [main] INFO  impl.MetricsSystemImpl (MetricsSystemImpl.java:init(158)) - HddsDatanode metrics system started (again)
2019-08-23 01:49:30,589 [main] INFO  ozone.HddsDatanodeService (HddsDatanodeService.java:start(184)) - HddsDatanodeService host:pr-hdds-1909-sn94l-363750510 ip:192.168.34.22
2019-08-23 01:49:30,589 [org.apache.hadoop.util.JvmPauseMonitor$Monitor@ce155b0] INFO  util.JvmPauseMonitor (JvmPauseMonitor.java:run(188)) - Starting JVM pause monitor
2019-08-23 01:49:30,591 [Datanode State Machine Thread - 0] INFO  datanode.InitDatanodeState (InitDatanodeState.java:persistContainerDatanodeDetails(140)) - DatanodeDetails is persisted to /workdir/hadoop-ozone/integration-test/target/test-dir/MiniOzoneClusterImpl-0943eb9e-b08a-41ed-9047-9abe96000917/datanode-5/meta/datanode.id
2019-08-23 01:49:30,599 [main] INFO  volume.HddsVolume (HddsVolume.java:<init>(176)) - Creating Volume: /workdir/hadoop-ozone/integration-test/target/test-dir/MiniOzoneClusterImpl-0943eb9e-b08a-41ed-9047-9abe96000917/datanode-6/data/containers/hdds of  storage type : DISK and capacity : 1482555576320
2019-08-23 01:49:30,600 [main] INFO  volume.VolumeSet (VolumeSet.java:initializeVolumeSet(170)) - Added Volume : /workdir/hadoop-ozone/integration-test/target/test-dir/MiniOzoneClusterImpl-0943eb9e-b08a-41ed-9047-9abe96000917/datanode-6/data/containers/hdds to VolumeSet
2019-08-23 01:49:30,600 [main] INFO  volume.ThrottledAsyncChecker (ThrottledAsyncChecker.java:schedule(140)) - Scheduling a check for org.apache.hadoop.ozone.container.common.volume.HddsVolume@405d123c
2019-08-23 01:49:30,600 [main] INFO  volume.HddsVolumeChecker (HddsVolumeChecker.java:checkAllVolumes(203)) - Scheduled health check for volume org.apache.hadoop.ozone.container.common.volume.HddsVolume@405d123c
2019-08-23 01:49:30,611 [main] INFO  impl.RaftServerProxy (ConfUtils.java:logGet(43)) - raft.rpc.type = GRPC (default)
2019-08-23 01:49:30,611 [main] INFO  grpc.GrpcFactory (GrpcFactory.java:checkPooledByteBufAllocatorUseCacheForAllThreads(45)) - PERFORMANCE WARNING: useCacheForAllThreads is true that may cause Netty to create a lot garbage objects and, as a result, trigger GC.
	It is recommended to disable useCacheForAllThreads by setting -Dorg.apache.ratis.thirdparty.io.netty.allocator.useCacheForAllThreads=false in command line.
2019-08-23 01:49:30,611 [main] INFO  grpc.GrpcConfigKeys$Server (ConfUtils.java:logGet(43)) - raft.grpc.server.port = 0 (default)
2019-08-23 01:49:30,611 [main] INFO  server.GrpcService (ConfUtils.java:logGet(43)) - raft.grpc.message.size.max = 33570816 (custom)
2019-08-23 01:49:30,611 [main] INFO  server.RaftServerConfigKeys (ConfUtils.java:logGet(43)) - raft.server.log.appender.buffer.byte-limit = 33554432 (custom)
2019-08-23 01:49:30,612 [main] INFO  server.GrpcService (ConfUtils.java:logGet(43)) - raft.grpc.flow.control.window = 1MB (=1048576) (default)
2019-08-23 01:49:30,612 [main] INFO  server.RaftServerConfigKeys (ConfUtils.java:logGet(43)) - raft.server.rpc.request.timeout = 3000ms (default)
2019-08-23 01:49:30,612 [main] INFO  server.RaftServerConfigKeys (ConfUtils.java:logGet(43)) - raft.server.storage.dir = [/workdir/hadoop-ozone/integration-test/target/test-dir/MiniOzoneClusterImpl-0943eb9e-b08a-41ed-9047-9abe96000917/datanode-6/data/ratis] (custom)
2019-08-23 01:49:30,612 [main] INFO  replication.SimpleContainerDownloader (SimpleContainerDownloader.java:<init>(72)) - Starting container downloader service to copy containers to replicate.
2019-08-23 01:49:30,613 [main] INFO  hdfs.DFSUtil (DFSUtil.java:httpServerTemplateForNNAndJN(1641)) - Starting Web-server for hddsDatanode at: http://0.0.0.0:0
2019-08-23 01:49:30,614 [main] INFO  server.AuthenticationFilter (AuthenticationFilter.java:constructSecretProvider(240)) - Unable to initialize FileSignerSecretProvider, falling back to use random secrets.
2019-08-23 01:49:30,615 [main] WARN  http.HttpRequestLog (HttpRequestLog.java:getRequestLog(97)) - Jetty request log can only be enabled using Log4j
2019-08-23 01:49:30,616 [main] INFO  http.HttpServer2 (HttpServer2.java:addGlobalFilter(975)) - Added global filter 'safety' (class=org.apache.hadoop.http.HttpServer2$QuotingInputFilter)
2019-08-23 01:49:30,616 [main] INFO  http.HttpServer2 (HttpServer2.java:addFilter(948)) - Added filter static_user_filter (class=org.apache.hadoop.http.lib.StaticUserWebFilter$StaticUserFilter) to context hddsDatanode
2019-08-23 01:49:30,616 [main] INFO  http.HttpServer2 (HttpServer2.java:addFilter(958)) - Added filter static_user_filter (class=org.apache.hadoop.http.lib.StaticUserWebFilter$StaticUserFilter) to context logs
2019-08-23 01:49:30,616 [main] INFO  http.HttpServer2 (HttpServer2.java:addFilter(958)) - Added filter static_user_filter (class=org.apache.hadoop.http.lib.StaticUserWebFilter$StaticUserFilter) to context static
2019-08-23 01:49:30,617 [main] INFO  http.HttpServer2 (HttpServer2.java:bindListener(1191)) - Jetty bound to port 33161
2019-08-23 01:49:30,617 [main] INFO  server.Server (Server.java:doStart(351)) - jetty-9.3.24.v20180605, build timestamp: 2018-06-05T17:11:56Z, git hash: 84205aa28f11a4f31f2a3b86d1bba2cc8ab69827
2019-08-23 01:49:30,618 [main] INFO  handler.ContextHandler (ContextHandler.java:doStart(781)) - Started o.e.j.s.ServletContextHandler@1368ed98{/logs,file:///workdir/hadoop-ozone/integration-test/target/log,AVAILABLE}
2019-08-23 01:49:30,618 [main] INFO  handler.ContextHandler (ContextHandler.java:doStart(781)) - Started o.e.j.s.ServletContextHandler@17c7cc93{/static,jar:file:/home/user/.m2/repository/org/apache/hadoop/hadoop-hdds-container-service/0.5.0-SNAPSHOT/hadoop-hdds-container-service-0.5.0-SNAPSHOT.jar!/webapps/static,AVAILABLE}
2019-08-23 01:49:30,640 [main] INFO  handler.ContextHandler (ContextHandler.java:doStart(781)) - Started o.e.j.w.WebAppContext@3c2d4274{/,file:///tmp/jetty-0.0.0.0-33161-hddsDatanode-_-any-9149381195928403155.dir/webapp/,AVAILABLE}{/hddsDatanode}
2019-08-23 01:49:30,641 [main] INFO  server.AbstractConnector (AbstractConnector.java:doStart(278)) - Started ServerConnector@18b8518b{HTTP/1.1,[http/1.1]}{0.0.0.0:33161}
2019-08-23 01:49:30,642 [main] INFO  server.Server (Server.java:doStart(419)) - Started @209661ms
2019-08-23 01:49:30,643 [main] INFO  server.BaseHttpServer (BaseHttpServer.java:updateConnectorAddress(213)) - HTTP server of HDDSDATANODE is listening at http://0.0.0.0:33161
2019-08-23 01:49:30,750 | INFO  | ObjectStoreRestHttpServer | Listening HDDS REST traffic on /0.0.0.0:44796 |  
2019-08-23 01:49:30,750 [main] INFO  ozone.HddsDatanodeService (HddsDatanodeService.java:startPlugins(395)) - Started plug-in org.apache.hadoop.ozone.web.OzoneHddsDatanodeService@343b3399
2019-08-23 01:49:30,751 [main] INFO  ozone.MiniOzoneClusterImpl (MiniOzoneClusterImpl.java:lambda$waitForClusterToBeReady$0(142)) - Waiting for cluster to be ready. Got 0 of 7 DN Heartbeats.
2019-08-23 01:49:30,752 [org.apache.hadoop.util.JvmPauseMonitor$Monitor@47018ce5] INFO  util.JvmPauseMonitor (JvmPauseMonitor.java:run(188)) - Starting JVM pause monitor
2019-08-23 01:49:30,753 [Datanode State Machine Thread - 0] INFO  datanode.InitDatanodeState (InitDatanodeState.java:persistContainerDatanodeDetails(140)) - DatanodeDetails is persisted to /workdir/hadoop-ozone/integration-test/target/test-dir/MiniOzoneClusterImpl-0943eb9e-b08a-41ed-9047-9abe96000917/datanode-6/meta/datanode.id
2019-08-23 01:49:31,733 | INFO  | SCMAudit | user=jenkins1000 | ip=192.168.34.22 | op=GET_VERSION null | ret=SUCCESS |  
2019-08-23 01:49:31,748 [Datanode State Machine Thread - 0] INFO  ozoneimpl.OzoneContainer (OzoneContainer.java:start(186)) - Attempting to start container services.
2019-08-23 01:49:31,749 [Datanode State Machine Thread - 0] INFO  ozoneimpl.OzoneContainer (OzoneContainer.java:startContainerScrub(160)) - Background container scrubber has been disabled by hdds.containerscrub.enabled
2019-08-23 01:49:31,749 [Datanode State Machine Thread - 0] INFO  ratis.XceiverServerRatis (XceiverServerRatis.java:start(404)) - Starting XceiverServerRatis 69f7d37c-3616-4e50-8382-f7d7bb9102ea at port 0
2019-08-23 01:49:31,751 [main] INFO  ozone.MiniOzoneClusterImpl (MiniOzoneClusterImpl.java:lambda$waitForClusterToBeReady$0(142)) - Waiting for cluster to be ready. Got 0 of 7 DN Heartbeats.
2019-08-23 01:49:31,756 [Datanode State Machine Thread - 0] INFO  impl.RaftServerProxy (RaftServerProxy.java:lambda$start$3(299)) - 69f7d37c-3616-4e50-8382-f7d7bb9102ea: start RPC server
2019-08-23 01:49:31,757 [Datanode State Machine Thread - 0] INFO  server.GrpcService (GrpcService.java:startImpl(149)) - 69f7d37c-3616-4e50-8382-f7d7bb9102ea: GrpcService started, listening on 0.0.0.0/0.0.0.0:44038
2019-08-23 01:49:31,757 [Datanode State Machine Thread - 0] INFO  ratis.XceiverServerRatis (XceiverServerRatis.java:start(414)) - XceiverServerRatis 69f7d37c-3616-4e50-8382-f7d7bb9102ea is started using port 44038
2019-08-23 01:49:31,764 [Datanode State Machine Thread - 0] INFO  server.XceiverServerGrpc (XceiverServerGrpc.java:start(161)) - XceiverServerGrpc 69f7d37c-3616-4e50-8382-f7d7bb9102ea is started using port 34431
2019-08-23 01:49:31,914 | INFO  | SCMAudit | user=jenkins1000 | ip=192.168.34.22 | op=GET_VERSION null | ret=SUCCESS |  
2019-08-23 01:49:31,927 [Datanode State Machine Thread - 0] INFO  ozoneimpl.OzoneContainer (OzoneContainer.java:start(186)) - Attempting to start container services.
2019-08-23 01:49:31,928 [Datanode State Machine Thread - 0] INFO  ozoneimpl.OzoneContainer (OzoneContainer.java:startContainerScrub(160)) - Background container scrubber has been disabled by hdds.containerscrub.enabled
2019-08-23 01:49:31,928 [Datanode State Machine Thread - 0] INFO  ratis.XceiverServerRatis (XceiverServerRatis.java:start(404)) - Starting XceiverServerRatis ff93e3bf-9085-4246-8644-5e8fa9e79872 at port 0
2019-08-23 01:49:31,937 [Datanode State Machine Thread - 0] INFO  impl.RaftServerProxy (RaftServerProxy.java:lambda$start$3(299)) - ff93e3bf-9085-4246-8644-5e8fa9e79872: start RPC server
2019-08-23 01:49:31,940 [Datanode State Machine Thread - 0] INFO  server.GrpcService (GrpcService.java:startImpl(149)) - ff93e3bf-9085-4246-8644-5e8fa9e79872: GrpcService started, listening on 0.0.0.0/0.0.0.0:35639
2019-08-23 01:49:31,940 [Datanode State Machine Thread - 0] INFO  ratis.XceiverServerRatis (XceiverServerRatis.java:start(414)) - XceiverServerRatis ff93e3bf-9085-4246-8644-5e8fa9e79872 is started using port 35639
2019-08-23 01:49:31,941 [Datanode State Machine Thread - 0] INFO  server.XceiverServerGrpc (XceiverServerGrpc.java:start(161)) - XceiverServerGrpc ff93e3bf-9085-4246-8644-5e8fa9e79872 is started using port 38957
2019-08-23 01:49:32,096 | INFO  | SCMAudit | user=jenkins1000 | ip=192.168.34.22 | op=GET_VERSION null | ret=SUCCESS |  
2019-08-23 01:49:32,116 [Datanode State Machine Thread - 0] INFO  ozoneimpl.OzoneContainer (OzoneContainer.java:start(186)) - Attempting to start container services.
2019-08-23 01:49:32,116 [Datanode State Machine Thread - 0] INFO  ozoneimpl.OzoneContainer (OzoneContainer.java:startContainerScrub(160)) - Background container scrubber has been disabled by hdds.containerscrub.enabled
2019-08-23 01:49:32,116 [Datanode State Machine Thread - 0] INFO  ratis.XceiverServerRatis (XceiverServerRatis.java:start(404)) - Starting XceiverServerRatis 92d27ea8-f483-4a0d-b6f3-3a914fc406ca at port 0
2019-08-23 01:49:32,123 [Datanode State Machine Thread - 0] INFO  impl.RaftServerProxy (RaftServerProxy.java:lambda$start$3(299)) - 92d27ea8-f483-4a0d-b6f3-3a914fc406ca: start RPC server
2019-08-23 01:49:32,124 [Datanode State Machine Thread - 0] INFO  server.GrpcService (GrpcService.java:startImpl(149)) - 92d27ea8-f483-4a0d-b6f3-3a914fc406ca: GrpcService started, listening on 0.0.0.0/0.0.0.0:35037
2019-08-23 01:49:32,124 [Datanode State Machine Thread - 0] INFO  ratis.XceiverServerRatis (XceiverServerRatis.java:start(414)) - XceiverServerRatis 92d27ea8-f483-4a0d-b6f3-3a914fc406ca is started using port 35037
2019-08-23 01:49:32,124 [Datanode State Machine Thread - 0] INFO  server.XceiverServerGrpc (XceiverServerGrpc.java:start(161)) - XceiverServerGrpc 92d27ea8-f483-4a0d-b6f3-3a914fc406ca is started using port 38704
2019-08-23 01:49:32,277 | INFO  | SCMAudit | user=jenkins1000 | ip=192.168.34.22 | op=GET_VERSION null | ret=SUCCESS |  
2019-08-23 01:49:32,291 [Datanode State Machine Thread - 0] INFO  ozoneimpl.OzoneContainer (OzoneContainer.java:start(186)) - Attempting to start container services.
2019-08-23 01:49:32,291 [Datanode State Machine Thread - 0] INFO  ozoneimpl.OzoneContainer (OzoneContainer.java:startContainerScrub(160)) - Background container scrubber has been disabled by hdds.containerscrub.enabled
2019-08-23 01:49:32,291 [Datanode State Machine Thread - 0] INFO  ratis.XceiverServerRatis (XceiverServerRatis.java:start(404)) - Starting XceiverServerRatis 460b0f97-1b5f-49b0-a00e-827137c6a5da at port 0
2019-08-23 01:49:32,297 [Datanode State Machine Thread - 0] INFO  impl.RaftServerProxy (RaftServerProxy.java:lambda$start$3(299)) - 460b0f97-1b5f-49b0-a00e-827137c6a5da: start RPC server
2019-08-23 01:49:32,298 [Datanode State Machine Thread - 0] INFO  server.GrpcService (GrpcService.java:startImpl(149)) - 460b0f97-1b5f-49b0-a00e-827137c6a5da: GrpcService started, listening on 0.0.0.0/0.0.0.0:33150
2019-08-23 01:49:32,298 [Datanode State Machine Thread - 0] INFO  ratis.XceiverServerRatis (XceiverServerRatis.java:start(414)) - XceiverServerRatis 460b0f97-1b5f-49b0-a00e-827137c6a5da is started using port 33150
2019-08-23 01:49:32,299 [Datanode State Machine Thread - 0] INFO  server.XceiverServerGrpc (XceiverServerGrpc.java:start(161)) - XceiverServerGrpc 460b0f97-1b5f-49b0-a00e-827137c6a5da is started using port 44491
2019-08-23 01:49:32,440 | INFO  | SCMAudit | user=jenkins1000 | ip=192.168.34.22 | op=GET_VERSION null | ret=SUCCESS |  
2019-08-23 01:49:32,467 [Datanode State Machine Thread - 0] INFO  ozoneimpl.OzoneContainer (OzoneContainer.java:start(186)) - Attempting to start container services.
2019-08-23 01:49:32,468 [Datanode State Machine Thread - 0] INFO  ozoneimpl.OzoneContainer (OzoneContainer.java:startContainerScrub(160)) - Background container scrubber has been disabled by hdds.containerscrub.enabled
2019-08-23 01:49:32,468 [Datanode State Machine Thread - 0] INFO  ratis.XceiverServerRatis (XceiverServerRatis.java:start(404)) - Starting XceiverServerRatis 33de8731-90a9-402d-b62b-44837c115f8f at port 0
2019-08-23 01:49:32,474 [Datanode State Machine Thread - 0] INFO  impl.RaftServerProxy (RaftServerProxy.java:lambda$start$3(299)) - 33de8731-90a9-402d-b62b-44837c115f8f: start RPC server
2019-08-23 01:49:32,475 [Datanode State Machine Thread - 0] INFO  server.GrpcService (GrpcService.java:startImpl(149)) - 33de8731-90a9-402d-b62b-44837c115f8f: GrpcService started, listening on 0.0.0.0/0.0.0.0:34064
2019-08-23 01:49:32,475 [Datanode State Machine Thread - 0] INFO  ratis.XceiverServerRatis (XceiverServerRatis.java:start(414)) - XceiverServerRatis 33de8731-90a9-402d-b62b-44837c115f8f is started using port 34064
2019-08-23 01:49:32,478 [Datanode State Machine Thread - 0] INFO  server.XceiverServerGrpc (XceiverServerGrpc.java:start(161)) - XceiverServerGrpc 33de8731-90a9-402d-b62b-44837c115f8f is started using port 37124
2019-08-23 01:49:32,590 | INFO  | SCMAudit | user=jenkins1000 | ip=192.168.34.22 | op=GET_VERSION null | ret=SUCCESS |  
2019-08-23 01:49:32,603 [Datanode State Machine Thread - 0] INFO  ozoneimpl.OzoneContainer (OzoneContainer.java:start(186)) - Attempting to start container services.
2019-08-23 01:49:32,603 [Datanode State Machine Thread - 0] INFO  ozoneimpl.OzoneContainer (OzoneContainer.java:startContainerScrub(160)) - Background container scrubber has been disabled by hdds.containerscrub.enabled
2019-08-23 01:49:32,603 [Datanode State Machine Thread - 0] INFO  ratis.XceiverServerRatis (XceiverServerRatis.java:start(404)) - Starting XceiverServerRatis b4a62b05-b08c-4a73-8fb1-2aa21dc66f39 at port 0
2019-08-23 01:49:32,610 [Datanode State Machine Thread - 0] INFO  impl.RaftServerProxy (RaftServerProxy.java:lambda$start$3(299)) - b4a62b05-b08c-4a73-8fb1-2aa21dc66f39: start RPC server
2019-08-23 01:49:32,610 [Datanode State Machine Thread - 0] INFO  server.GrpcService (GrpcService.java:startImpl(149)) - b4a62b05-b08c-4a73-8fb1-2aa21dc66f39: GrpcService started, listening on 0.0.0.0/0.0.0.0:34313
2019-08-23 01:49:32,611 [Datanode State Machine Thread - 0] INFO  ratis.XceiverServerRatis (XceiverServerRatis.java:start(414)) - XceiverServerRatis b4a62b05-b08c-4a73-8fb1-2aa21dc66f39 is started using port 34313
2019-08-23 01:49:32,611 [Datanode State Machine Thread - 0] INFO  server.XceiverServerGrpc (XceiverServerGrpc.java:start(161)) - XceiverServerGrpc b4a62b05-b08c-4a73-8fb1-2aa21dc66f39 is started using port 41291
2019-08-23 01:49:32,752 [main] INFO  ozone.MiniOzoneClusterImpl (MiniOzoneClusterImpl.java:lambda$waitForClusterToBeReady$0(142)) - Waiting for cluster to be ready. Got 0 of 7 DN Heartbeats.
2019-08-23 01:49:32,752 | INFO  | SCMAudit | user=jenkins1000 | ip=192.168.34.22 | op=GET_VERSION null | ret=SUCCESS |  
2019-08-23 01:49:32,766 [Datanode State Machine Thread - 0] INFO  ozoneimpl.OzoneContainer (OzoneContainer.java:start(186)) - Attempting to start container services.
2019-08-23 01:49:32,766 [Datanode State Machine Thread - 0] INFO  ozoneimpl.OzoneContainer (OzoneContainer.java:startContainerScrub(160)) - Background container scrubber has been disabled by hdds.containerscrub.enabled
2019-08-23 01:49:32,766 [Datanode State Machine Thread - 0] INFO  ratis.XceiverServerRatis (XceiverServerRatis.java:start(404)) - Starting XceiverServerRatis d439f8db-9dad-40d8-92e1-352d499497ff at port 0
2019-08-23 01:49:32,773 [Datanode State Machine Thread - 0] INFO  impl.RaftServerProxy (RaftServerProxy.java:lambda$start$3(299)) - d439f8db-9dad-40d8-92e1-352d499497ff: start RPC server
2019-08-23 01:49:32,774 [Datanode State Machine Thread - 0] INFO  server.GrpcService (GrpcService.java:startImpl(149)) - d439f8db-9dad-40d8-92e1-352d499497ff: GrpcService started, listening on 0.0.0.0/0.0.0.0:36701
2019-08-23 01:49:32,774 [Datanode State Machine Thread - 0] INFO  ratis.XceiverServerRatis (XceiverServerRatis.java:start(414)) - XceiverServerRatis d439f8db-9dad-40d8-92e1-352d499497ff is started using port 36701
2019-08-23 01:49:32,775 [Datanode State Machine Thread - 0] INFO  server.XceiverServerGrpc (XceiverServerGrpc.java:start(161)) - XceiverServerGrpc d439f8db-9dad-40d8-92e1-352d499497ff is started using port 46881
2019-08-23 01:49:33,734 [IPC Server handler 15 on 35880] INFO  net.NetworkTopology (NetworkTopologyImpl.java:add(110)) - Added a new node: /default-rack/69f7d37c-3616-4e50-8382-f7d7bb9102ea
2019-08-23 01:49:33,737 [IPC Server handler 15 on 35880] INFO  node.SCMNodeManager (SCMNodeManager.java:register(273)) - Registered Data node : 69f7d37c-3616-4e50-8382-f7d7bb9102ea{ip: 192.168.34.22, host: pr-hdds-1909-sn94l-363750510, networkLocation: /default-rack, certSerialId: null}
2019-08-23 01:49:33,737 [EventQueue-NodeRegistrationContainerReportForDataNodeSafeModeRule] INFO  safemode.SCMSafeModeManager (DataNodeSafeModeRule.java:process(71)) - SCM in safe mode. 1 DataNodes registered, 1 required.
2019-08-23 01:49:33,738 | INFO  | SCMAudit | user=jenkins1000 | ip=192.168.34.22 | op=REGISTER {datanodeDetails=69f7d37c-3616-4e50-8382-f7d7bb9102ea{ip: 192.168.34.22, host: pr-hdds-1909-sn94l-363750510, networkLocation: /default-rack, certSerialId: null}} | ret=SUCCESS |  
2019-08-23 01:49:33,740 [EventQueue-NodeRegistrationContainerReportForContainerSafeModeRule] INFO  safemode.SCMSafeModeManager (SCMSafeModeManager.java:validateSafeModeExitRules(177)) - ScmSafeModeManager, all rules are successfully validated
2019-08-23 01:49:33,740 [EventQueue-NodeRegistrationContainerReportForContainerSafeModeRule] INFO  safemode.SCMSafeModeManager (SCMSafeModeManager.java:exitSafeMode(193)) - SCM exiting safe mode.
2019-08-23 01:49:33,752 [main] INFO  ozone.MiniOzoneClusterImpl (MiniOzoneClusterImpl.java:lambda$waitForClusterToBeReady$0(142)) - Waiting for cluster to be ready. Got 1 of 7 DN Heartbeats.
2019-08-23 01:49:33,757 [grpc-default-executor-1] INFO  impl.RaftServerProxy (RaftServerProxy.java:addNew(89)) - 69f7d37c-3616-4e50-8382-f7d7bb9102ea: addNew group-B0710AA18E3E:[69f7d37c-3616-4e50-8382-f7d7bb9102ea:192.168.34.22:44038] returns group-B0710AA18E3E:java.util.concurrent.CompletableFuture@4912ef23[Not completed]
2019-08-23 01:49:33,758 [pool-411-thread-1] INFO  impl.RaftServerImpl (RaftServerImpl.java:<init>(93)) - 69f7d37c-3616-4e50-8382-f7d7bb9102ea: new RaftServerImpl for group-B0710AA18E3E:[69f7d37c-3616-4e50-8382-f7d7bb9102ea:192.168.34.22:44038] with ContainerStateMachine:uninitialized
2019-08-23 01:49:33,759 [pool-411-thread-1] INFO  server.RaftServerConfigKeys (ConfUtils.java:logGet(43)) - raft.server.rpc.timeout.min = 5s (custom)
2019-08-23 01:49:33,759 [pool-411-thread-1] INFO  server.RaftServerConfigKeys (ConfUtils.java:logGet(43)) - raft.server.rpc.timeout.max = 5200ms (custom)
2019-08-23 01:49:33,759 [pool-411-thread-1] INFO  server.RaftServerConfigKeys (ConfUtils.java:logGet(43)) - raft.server.rpcslowness.timeout = 120s (custom)
2019-08-23 01:49:33,759 [pool-411-thread-1] INFO  server.RaftServerConfigKeys (ConfUtils.java:logGet(43)) - raft.server.sleep.deviation.threshold = 300 (default)
2019-08-23 01:49:33,759 [pool-411-thread-1] INFO  server.RaftServerConfigKeys (ConfUtils.java:logGet(43)) - raft.server.log.appender.install.snapshot.enabled = false (custom)
2019-08-23 01:49:33,759 [pool-411-thread-1] INFO  impl.RaftServerImpl (ServerState.java:<init>(105)) - 69f7d37c-3616-4e50-8382-f7d7bb9102ea:group-B0710AA18E3E ConfigurationManager, init=-1: [69f7d37c-3616-4e50-8382-f7d7bb9102ea:192.168.34.22:44038], old=null, confs=<EMPTY_MAP>
2019-08-23 01:49:33,760 [pool-411-thread-1] INFO  server.RaftServerConfigKeys (ConfUtils.java:logGet(43)) - raft.server.storage.dir = [/workdir/hadoop-ozone/integration-test/target/test-dir/MiniOzoneClusterImpl-0943eb9e-b08a-41ed-9047-9abe96000917/datanode-0/data/ratis] (custom)
2019-08-23 01:49:33,760 [pool-411-thread-1] INFO  storage.RaftStorageDirectory (RaftStorageDirectory.java:analyzeStorage(246)) - The storage directory /workdir/hadoop-ozone/integration-test/target/test-dir/MiniOzoneClusterImpl-0943eb9e-b08a-41ed-9047-9abe96000917/datanode-0/data/ratis/f4f78e49-1437-4403-8acd-b0710aa18e3e does not exist. Creating ...
2019-08-23 01:49:33,785 [pool-411-thread-1] INFO  storage.RaftStorageDirectory (RaftStorageDirectory.java:tryLock(328)) - Lock on /workdir/hadoop-ozone/integration-test/target/test-dir/MiniOzoneClusterImpl-0943eb9e-b08a-41ed-9047-9abe96000917/datanode-0/data/ratis/f4f78e49-1437-4403-8acd-b0710aa18e3e/in_use.lock acquired by nodename 12666@pr-hdds-1909-sn94l-363750510
2019-08-23 01:49:33,798 [pool-411-thread-1] INFO  storage.RaftStorage (RaftStorage.java:format(72)) - Storage directory /workdir/hadoop-ozone/integration-test/target/test-dir/MiniOzoneClusterImpl-0943eb9e-b08a-41ed-9047-9abe96000917/datanode-0/data/ratis/f4f78e49-1437-4403-8acd-b0710aa18e3e has been successfully formatted.
2019-08-23 01:49:33,798 [pool-411-thread-1] INFO  ratis.ContainerStateMachine (ContainerStateMachine.java:loadSnapshot(226)) - group-B0710AA18E3E: The snapshot info is null. Setting the last applied indexto:(t:0, i:~)
2019-08-23 01:49:33,798 [pool-411-thread-1] INFO  server.RaftServerConfigKeys (ConfUtils.java:logGet(43)) - raft.server.leader.election.timeout = 120s (custom)
2019-08-23 01:49:33,799 [pool-411-thread-1] INFO  server.RaftServerConfigKeys (ConfUtils.java:logGet(43)) - raft.server.log.use.memory = false (default)
2019-08-23 01:49:33,799 [pool-411-thread-1] INFO  server.RaftServerConfigKeys (ConfUtils.java:logGet(43)) - raft.server.log.purge.gap = 1000000 (custom)
2019-08-23 01:49:33,799 [pool-411-thread-1] INFO  server.RaftServerConfigKeys (ConfUtils.java:logGet(43)) - raft.server.log.appender.buffer.byte-limit = 33554432 (custom)
2019-08-23 01:49:33,799 [pool-411-thread-1] INFO  server.RaftServerConfigKeys (ConfUtils.java:logGet(43)) - raft.server.log.segment.size.max = 1048576 (custom)
2019-08-23 01:49:33,799 [pool-411-thread-1] INFO  server.RaftServerConfigKeys (ConfUtils.java:logGet(43)) - raft.server.log.segment.cache.num.max = 2 (custom)
2019-08-23 01:49:33,799 [pool-411-thread-1] INFO  segmented.SegmentedRaftLogWorker (SegmentedRaftLogWorker.java:<init>(172)) - new 69f7d37c-3616-4e50-8382-f7d7bb9102ea-SegmentedRaftLogWorker:Storage Directory /workdir/hadoop-ozone/integration-test/target/test-dir/MiniOzoneClusterImpl-0943eb9e-b08a-41ed-9047-9abe96000917/datanode-0/data/ratis/f4f78e49-1437-4403-8acd-b0710aa18e3e for RaftStorage:Storage Directory /workdir/hadoop-ozone/integration-test/target/test-dir/MiniOzoneClusterImpl-0943eb9e-b08a-41ed-9047-9abe96000917/datanode-0/data/ratis/f4f78e49-1437-4403-8acd-b0710aa18e3e
2019-08-23 01:49:33,799 [pool-411-thread-1] INFO  server.RaftServerConfigKeys (ConfUtils.java:logGet(43)) - raft.server.log.queue.byte-limit = 2147483647 (custom)
2019-08-23 01:49:33,800 [pool-411-thread-1] INFO  server.RaftServerConfigKeys (ConfUtils.java:logGet(43)) - raft.server.log.queue.element-limit = 1024 (custom)
2019-08-23 01:49:33,800 [pool-411-thread-1] INFO  server.RaftServerConfigKeys (ConfUtils.java:logGet(43)) - raft.server.log.segment.size.max = 1048576 (custom)
2019-08-23 01:49:33,800 [pool-411-thread-1] INFO  server.RaftServerConfigKeys (ConfUtils.java:logGet(43)) - raft.server.log.preallocated.size = 16384 (custom)
2019-08-23 01:49:33,800 [pool-411-thread-1] INFO  server.RaftServerConfigKeys (ConfUtils.java:logGet(43)) - raft.server.log.write.buffer.size = 33554432 (custom)
2019-08-23 01:49:33,800 [pool-411-thread-1] INFO  server.RaftServerConfigKeys (ConfUtils.java:logGet(43)) - raft.server.log.force.sync.num = 128 (default)
2019-08-23 01:49:33,800 [pool-411-thread-1] INFO  server.RaftServerConfigKeys (ConfUtils.java:logGet(43)) - raft.server.log.statemachine.data.sync = true (default)
2019-08-23 01:49:33,800 [pool-411-thread-1] INFO  server.RaftServerConfigKeys (ConfUtils.java:logGet(43)) - raft.server.log.statemachine.data.sync.timeout = 10s (default)
2019-08-23 01:49:33,801 [pool-411-thread-1] INFO  server.RaftServerConfigKeys (ConfUtils.java:logGet(43)) - raft.server.log.statemachine.data.sync.timeout.retry = -1 (default)
2019-08-23 01:49:33,801 [pool-411-thread-1] INFO  server.RaftServerConfigKeys (ConfUtils.java:logGet(43)) - raft.server.log.statemachine.data.caching.enabled = true (custom)
2019-08-23 01:49:33,801 [pool-411-thread-1] INFO  segmented.SegmentedRaftLogWorker (SegmentedRaftLogWorker.java:lambda$new$0(132)) - 69f7d37c-3616-4e50-8382-f7d7bb9102ea-SegmentedRaftLogWorker:Storage Directory /workdir/hadoop-ozone/integration-test/target/test-dir/MiniOzoneClusterImpl-0943eb9e-b08a-41ed-9047-9abe96000917/datanode-0/data/ratis/f4f78e49-1437-4403-8acd-b0710aa18e3e: flushIndex: setUnconditionally 0 -> -1
2019-08-23 01:49:33,802 [pool-411-thread-1] INFO  server.RaftServerConfigKeys (ConfUtils.java:logGet(43)) - raft.server.snapshot.auto.trigger.enabled = true (custom)
2019-08-23 01:49:33,802 [pool-411-thread-1] INFO  server.RaftServerConfigKeys (ConfUtils.java:logGet(43)) - raft.server.snapshot.auto.trigger.threshold = 10000 (custom)
2019-08-23 01:49:33,802 [pool-411-thread-1] INFO  server.RaftServerConfigKeys (ConfUtils.java:logGet(43)) - raft.server.retrycache.expirytime = 600000ms (custom)
2019-08-23 01:49:33,802 [pool-411-thread-1] INFO  impl.RaftServerImpl (RaftServerImpl.java:start(180)) - 69f7d37c-3616-4e50-8382-f7d7bb9102ea: start group-B0710AA18E3E
2019-08-23 01:49:33,802 [pool-411-thread-1] INFO  impl.RaftServerImpl (RaftServerImpl.java:setRole(171)) - 69f7d37c-3616-4e50-8382-f7d7bb9102ea:group-B0710AA18E3E changes role from null to FOLLOWER at term 0 for startAsFollower
2019-08-23 01:49:33,802 [pool-411-thread-1] INFO  impl.RoleInfo (RoleInfo.java:updateAndGet(143)) - 69f7d37c-3616-4e50-8382-f7d7bb9102ea: start FollowerState
2019-08-23 01:49:33,803 [pool-411-thread-1] INFO  util.JmxRegister (JmxRegister.java:tryRegister(44)) - Successfully registered JMX Bean with object name Ratis:service=RaftServer,group=group-B0710AA18E3E,id=69f7d37c-3616-4e50-8382-f7d7bb9102ea
2019-08-23 01:49:33,806 [RatisPipelineUtilsThread] INFO  pipeline.PipelineStateManager (PipelineStateManager.java:addPipeline(56)) - Created pipeline Pipeline[ Id: f4f78e49-1437-4403-8acd-b0710aa18e3e, Nodes: 69f7d37c-3616-4e50-8382-f7d7bb9102ea{ip: 192.168.34.22, host: pr-hdds-1909-sn94l-363750510, networkLocation: /default-rack, certSerialId: null}, Type:RATIS, Factor:ONE, State:OPEN]
2019-08-23 01:49:33,915 [IPC Server handler 0 on 35880] INFO  net.NetworkTopology (NetworkTopologyImpl.java:add(110)) - Added a new node: /default-rack/ff93e3bf-9085-4246-8644-5e8fa9e79872
2019-08-23 01:49:33,915 [IPC Server handler 0 on 35880] INFO  node.SCMNodeManager (SCMNodeManager.java:register(273)) - Registered Data node : ff93e3bf-9085-4246-8644-5e8fa9e79872{ip: 192.168.34.22, host: pr-hdds-1909-sn94l-363750510, networkLocation: /default-rack, certSerialId: null}
2019-08-23 01:49:33,915 | INFO  | SCMAudit | user=jenkins1000 | ip=192.168.34.22 | op=REGISTER {datanodeDetails=ff93e3bf-9085-4246-8644-5e8fa9e79872{ip: 192.168.34.22, host: pr-hdds-1909-sn94l-363750510, networkLocation: /default-rack, certSerialId: null}} | ret=SUCCESS |  
2019-08-23 01:49:33,924 [grpc-default-executor-1] INFO  impl.RaftServerProxy (RaftServerProxy.java:addNew(89)) - ff93e3bf-9085-4246-8644-5e8fa9e79872: addNew group-D6D0FCF682C0:[ff93e3bf-9085-4246-8644-5e8fa9e79872:192.168.34.22:35639] returns group-D6D0FCF682C0:java.util.concurrent.CompletableFuture@3dc6f82e[Not completed]
2019-08-23 01:49:33,925 [pool-422-thread-1] INFO  impl.RaftServerImpl (RaftServerImpl.java:<init>(93)) - ff93e3bf-9085-4246-8644-5e8fa9e79872: new RaftServerImpl for group-D6D0FCF682C0:[ff93e3bf-9085-4246-8644-5e8fa9e79872:192.168.34.22:35639] with ContainerStateMachine:uninitialized
2019-08-23 01:49:33,926 [pool-422-thread-1] INFO  server.RaftServerConfigKeys (ConfUtils.java:logGet(43)) - raft.server.rpc.timeout.min = 5s (custom)
2019-08-23 01:49:33,926 [pool-422-thread-1] INFO  server.RaftServerConfigKeys (ConfUtils.java:logGet(43)) - raft.server.rpc.timeout.max = 5200ms (custom)
2019-08-23 01:49:33,926 [pool-422-thread-1] INFO  server.RaftServerConfigKeys (ConfUtils.java:logGet(43)) - raft.server.rpcslowness.timeout = 120s (custom)
2019-08-23 01:49:33,926 [pool-422-thread-1] INFO  server.RaftServerConfigKeys (ConfUtils.java:logGet(43)) - raft.server.sleep.deviation.threshold = 300 (default)
2019-08-23 01:49:33,926 [pool-422-thread-1] INFO  server.RaftServerConfigKeys (ConfUtils.java:logGet(43)) - raft.server.log.appender.install.snapshot.enabled = false (custom)
2019-08-23 01:49:33,926 [pool-422-thread-1] INFO  impl.RaftServerImpl (ServerState.java:<init>(105)) - ff93e3bf-9085-4246-8644-5e8fa9e79872:group-D6D0FCF682C0 ConfigurationManager, init=-1: [ff93e3bf-9085-4246-8644-5e8fa9e79872:192.168.34.22:35639], old=null, confs=<EMPTY_MAP>
2019-08-23 01:49:33,926 [pool-422-thread-1] INFO  server.RaftServerConfigKeys (ConfUtils.java:logGet(43)) - raft.server.storage.dir = [/workdir/hadoop-ozone/integration-test/target/test-dir/MiniOzoneClusterImpl-0943eb9e-b08a-41ed-9047-9abe96000917/datanode-1/data/ratis] (custom)
2019-08-23 01:49:33,927 [pool-422-thread-1] INFO  storage.RaftStorageDirectory (RaftStorageDirectory.java:analyzeStorage(246)) - The storage directory /workdir/hadoop-ozone/integration-test/target/test-dir/MiniOzoneClusterImpl-0943eb9e-b08a-41ed-9047-9abe96000917/datanode-1/data/ratis/f8546eb0-d84d-4afe-a2d0-d6d0fcf682c0 does not exist. Creating ...
2019-08-23 01:49:33,940 [pool-422-thread-1] INFO  storage.RaftStorageDirectory (RaftStorageDirectory.java:tryLock(328)) - Lock on /workdir/hadoop-ozone/integration-test/target/test-dir/MiniOzoneClusterImpl-0943eb9e-b08a-41ed-9047-9abe96000917/datanode-1/data/ratis/f8546eb0-d84d-4afe-a2d0-d6d0fcf682c0/in_use.lock acquired by nodename 12666@pr-hdds-1909-sn94l-363750510
2019-08-23 01:49:33,952 [pool-422-thread-1] INFO  storage.RaftStorage (RaftStorage.java:format(72)) - Storage directory /workdir/hadoop-ozone/integration-test/target/test-dir/MiniOzoneClusterImpl-0943eb9e-b08a-41ed-9047-9abe96000917/datanode-1/data/ratis/f8546eb0-d84d-4afe-a2d0-d6d0fcf682c0 has been successfully formatted.
2019-08-23 01:49:33,952 [pool-422-thread-1] INFO  ratis.ContainerStateMachine (ContainerStateMachine.java:loadSnapshot(226)) - group-D6D0FCF682C0: The snapshot info is null. Setting the last applied indexto:(t:0, i:~)
2019-08-23 01:49:33,952 [pool-422-thread-1] INFO  server.RaftServerConfigKeys (ConfUtils.java:logGet(43)) - raft.server.leader.election.timeout = 120s (custom)
2019-08-23 01:49:33,953 [pool-422-thread-1] INFO  server.RaftServerConfigKeys (ConfUtils.java:logGet(43)) - raft.server.log.use.memory = false (default)
2019-08-23 01:49:33,953 [pool-422-thread-1] INFO  server.RaftServerConfigKeys (ConfUtils.java:logGet(43)) - raft.server.log.purge.gap = 1000000 (custom)
2019-08-23 01:49:33,953 [pool-422-thread-1] INFO  server.RaftServerConfigKeys (ConfUtils.java:logGet(43)) - raft.server.log.appender.buffer.byte-limit = 33554432 (custom)
2019-08-23 01:49:33,953 [pool-422-thread-1] INFO  server.RaftServerConfigKeys (ConfUtils.java:logGet(43)) - raft.server.log.segment.size.max = 1048576 (custom)
2019-08-23 01:49:33,953 [pool-422-thread-1] INFO  server.RaftServerConfigKeys (ConfUtils.java:logGet(43)) - raft.server.log.segment.cache.num.max = 2 (custom)
2019-08-23 01:49:33,953 [pool-422-thread-1] INFO  segmented.SegmentedRaftLogWorker (SegmentedRaftLogWorker.java:<init>(172)) - new ff93e3bf-9085-4246-8644-5e8fa9e79872-SegmentedRaftLogWorker:Storage Directory /workdir/hadoop-ozone/integration-test/target/test-dir/MiniOzoneClusterImpl-0943eb9e-b08a-41ed-9047-9abe96000917/datanode-1/data/ratis/f8546eb0-d84d-4afe-a2d0-d6d0fcf682c0 for RaftStorage:Storage Directory /workdir/hadoop-ozone/integration-test/target/test-dir/MiniOzoneClusterImpl-0943eb9e-b08a-41ed-9047-9abe96000917/datanode-1/data/ratis/f8546eb0-d84d-4afe-a2d0-d6d0fcf682c0
2019-08-23 01:49:33,954 [pool-422-thread-1] INFO  server.RaftServerConfigKeys (ConfUtils.java:logGet(43)) - raft.server.log.queue.byte-limit = 2147483647 (custom)
2019-08-23 01:49:33,954 [pool-422-thread-1] INFO  server.RaftServerConfigKeys (ConfUtils.java:logGet(43)) - raft.server.log.queue.element-limit = 1024 (custom)
2019-08-23 01:49:33,954 [pool-422-thread-1] INFO  server.RaftServerConfigKeys (ConfUtils.java:logGet(43)) - raft.server.log.segment.size.max = 1048576 (custom)
2019-08-23 01:49:33,954 [pool-422-thread-1] INFO  server.RaftServerConfigKeys (ConfUtils.java:logGet(43)) - raft.server.log.preallocated.size = 16384 (custom)
2019-08-23 01:49:33,955 [pool-422-thread-1] INFO  server.RaftServerConfigKeys (ConfUtils.java:logGet(43)) - raft.server.log.write.buffer.size = 33554432 (custom)
2019-08-23 01:49:33,955 [pool-422-thread-1] INFO  server.RaftServerConfigKeys (ConfUtils.java:logGet(43)) - raft.server.log.force.sync.num = 128 (default)
2019-08-23 01:49:33,955 [pool-422-thread-1] INFO  server.RaftServerConfigKeys (ConfUtils.java:logGet(43)) - raft.server.log.statemachine.data.sync = true (default)
2019-08-23 01:49:33,955 [pool-422-thread-1] INFO  server.RaftServerConfigKeys (ConfUtils.java:logGet(43)) - raft.server.log.statemachine.data.sync.timeout = 10s (default)
2019-08-23 01:49:33,955 [pool-422-thread-1] INFO  server.RaftServerConfigKeys (ConfUtils.java:logGet(43)) - raft.server.log.statemachine.data.sync.timeout.retry = -1 (default)
2019-08-23 01:49:33,955 [pool-422-thread-1] INFO  server.RaftServerConfigKeys (ConfUtils.java:logGet(43)) - raft.server.log.statemachine.data.caching.enabled = true (custom)
2019-08-23 01:49:33,956 [pool-422-thread-1] INFO  segmented.SegmentedRaftLogWorker (SegmentedRaftLogWorker.java:lambda$new$0(132)) - ff93e3bf-9085-4246-8644-5e8fa9e79872-SegmentedRaftLogWorker:Storage Directory /workdir/hadoop-ozone/integration-test/target/test-dir/MiniOzoneClusterImpl-0943eb9e-b08a-41ed-9047-9abe96000917/datanode-1/data/ratis/f8546eb0-d84d-4afe-a2d0-d6d0fcf682c0: flushIndex: setUnconditionally 0 -> -1
2019-08-23 01:49:33,956 [pool-422-thread-1] INFO  server.RaftServerConfigKeys (ConfUtils.java:logGet(43)) - raft.server.snapshot.auto.trigger.enabled = true (custom)
2019-08-23 01:49:33,956 [pool-422-thread-1] INFO  server.RaftServerConfigKeys (ConfUtils.java:logGet(43)) - raft.server.snapshot.auto.trigger.threshold = 10000 (custom)
2019-08-23 01:49:33,956 [pool-422-thread-1] INFO  server.RaftServerConfigKeys (ConfUtils.java:logGet(43)) - raft.server.retrycache.expirytime = 600000ms (custom)
2019-08-23 01:49:33,956 [pool-422-thread-1] INFO  impl.RaftServerImpl (RaftServerImpl.java:start(180)) - ff93e3bf-9085-4246-8644-5e8fa9e79872: start group-D6D0FCF682C0
2019-08-23 01:49:33,956 [pool-422-thread-1] INFO  impl.RaftServerImpl (RaftServerImpl.java:setRole(171)) - ff93e3bf-9085-4246-8644-5e8fa9e79872:group-D6D0FCF682C0 changes role from null to FOLLOWER at term 0 for startAsFollower
2019-08-23 01:49:33,957 [pool-422-thread-1] INFO  impl.RoleInfo (RoleInfo.java:updateAndGet(143)) - ff93e3bf-9085-4246-8644-5e8fa9e79872: start FollowerState
2019-08-23 01:49:33,957 [pool-422-thread-1] INFO  util.JmxRegister (JmxRegister.java:tryRegister(44)) - Successfully registered JMX Bean with object name Ratis:service=RaftServer,group=group-D6D0FCF682C0,id=ff93e3bf-9085-4246-8644-5e8fa9e79872
2019-08-23 01:49:33,960 [RatisPipelineUtilsThread] INFO  pipeline.PipelineStateManager (PipelineStateManager.java:addPipeline(56)) - Created pipeline Pipeline[ Id: f8546eb0-d84d-4afe-a2d0-d6d0fcf682c0, Nodes: ff93e3bf-9085-4246-8644-5e8fa9e79872{ip: 192.168.34.22, host: pr-hdds-1909-sn94l-363750510, networkLocation: /default-rack, certSerialId: null}, Type:RATIS, Factor:ONE, State:OPEN]
2019-08-23 01:49:34,096 [IPC Server handler 19 on 35880] INFO  net.NetworkTopology (NetworkTopologyImpl.java:add(110)) - Added a new node: /default-rack/92d27ea8-f483-4a0d-b6f3-3a914fc406ca
2019-08-23 01:49:34,096 [IPC Server handler 19 on 35880] INFO  node.SCMNodeManager (SCMNodeManager.java:register(273)) - Registered Data node : 92d27ea8-f483-4a0d-b6f3-3a914fc406ca{ip: 192.168.34.22, host: pr-hdds-1909-sn94l-363750510, networkLocation: /default-rack, certSerialId: null}
2019-08-23 01:49:34,100 | INFO  | SCMAudit | user=jenkins1000 | ip=192.168.34.22 | op=REGISTER {datanodeDetails=92d27ea8-f483-4a0d-b6f3-3a914fc406ca{ip: 192.168.34.22, host: pr-hdds-1909-sn94l-363750510, networkLocation: /default-rack, certSerialId: null}} | ret=SUCCESS |  
2019-08-23 01:49:34,108 [grpc-default-executor-1] INFO  impl.RaftServerProxy (RaftServerProxy.java:addNew(89)) - 92d27ea8-f483-4a0d-b6f3-3a914fc406ca: addNew group-D6CF37061CF1:[92d27ea8-f483-4a0d-b6f3-3a914fc406ca:192.168.34.22:35037] returns group-D6CF37061CF1:java.util.concurrent.CompletableFuture@533d2c7b[Not completed]
2019-08-23 01:49:34,109 [pool-433-thread-1] INFO  impl.RaftServerImpl (RaftServerImpl.java:<init>(93)) - 92d27ea8-f483-4a0d-b6f3-3a914fc406ca: new RaftServerImpl for group-D6CF37061CF1:[92d27ea8-f483-4a0d-b6f3-3a914fc406ca:192.168.34.22:35037] with ContainerStateMachine:uninitialized
2019-08-23 01:49:34,109 [pool-433-thread-1] INFO  server.RaftServerConfigKeys (ConfUtils.java:logGet(43)) - raft.server.rpc.timeout.min = 5s (custom)
2019-08-23 01:49:34,109 [pool-433-thread-1] INFO  server.RaftServerConfigKeys (ConfUtils.java:logGet(43)) - raft.server.rpc.timeout.max = 5200ms (custom)
2019-08-23 01:49:34,109 [pool-433-thread-1] INFO  server.RaftServerConfigKeys (ConfUtils.java:logGet(43)) - raft.server.rpcslowness.timeout = 120s (custom)
2019-08-23 01:49:34,110 [pool-433-thread-1] INFO  server.RaftServerConfigKeys (ConfUtils.java:logGet(43)) - raft.server.sleep.deviation.threshold = 300 (default)
2019-08-23 01:49:34,110 [pool-433-thread-1] INFO  server.RaftServerConfigKeys (ConfUtils.java:logGet(43)) - raft.server.log.appender.install.snapshot.enabled = false (custom)
2019-08-23 01:49:34,110 [pool-433-thread-1] INFO  impl.RaftServerImpl (ServerState.java:<init>(105)) - 92d27ea8-f483-4a0d-b6f3-3a914fc406ca:group-D6CF37061CF1 ConfigurationManager, init=-1: [92d27ea8-f483-4a0d-b6f3-3a914fc406ca:192.168.34.22:35037], old=null, confs=<EMPTY_MAP>
2019-08-23 01:49:34,110 [pool-433-thread-1] INFO  server.RaftServerConfigKeys (ConfUtils.java:logGet(43)) - raft.server.storage.dir = [/workdir/hadoop-ozone/integration-test/target/test-dir/MiniOzoneClusterImpl-0943eb9e-b08a-41ed-9047-9abe96000917/datanode-2/data/ratis] (custom)
2019-08-23 01:49:34,110 [pool-433-thread-1] INFO  storage.RaftStorageDirectory (RaftStorageDirectory.java:analyzeStorage(246)) - The storage directory /workdir/hadoop-ozone/integration-test/target/test-dir/MiniOzoneClusterImpl-0943eb9e-b08a-41ed-9047-9abe96000917/datanode-2/data/ratis/9e41f84c-77a2-4566-9ae7-d6cf37061cf1 does not exist. Creating ...
2019-08-23 01:49:34,124 [pool-433-thread-1] INFO  storage.RaftStorageDirectory (RaftStorageDirectory.java:tryLock(328)) - Lock on /workdir/hadoop-ozone/integration-test/target/test-dir/MiniOzoneClusterImpl-0943eb9e-b08a-41ed-9047-9abe96000917/datanode-2/data/ratis/9e41f84c-77a2-4566-9ae7-d6cf37061cf1/in_use.lock acquired by nodename 12666@pr-hdds-1909-sn94l-363750510
2019-08-23 01:49:34,137 [pool-433-thread-1] INFO  storage.RaftStorage (RaftStorage.java:format(72)) - Storage directory /workdir/hadoop-ozone/integration-test/target/test-dir/MiniOzoneClusterImpl-0943eb9e-b08a-41ed-9047-9abe96000917/datanode-2/data/ratis/9e41f84c-77a2-4566-9ae7-d6cf37061cf1 has been successfully formatted.
2019-08-23 01:49:34,138 [pool-433-thread-1] INFO  ratis.ContainerStateMachine (ContainerStateMachine.java:loadSnapshot(226)) - group-D6CF37061CF1: The snapshot info is null. Setting the last applied indexto:(t:0, i:~)
2019-08-23 01:49:34,138 [pool-433-thread-1] INFO  server.RaftServerConfigKeys (ConfUtils.java:logGet(43)) - raft.server.leader.election.timeout = 120s (custom)
2019-08-23 01:49:34,138 [pool-433-thread-1] INFO  server.RaftServerConfigKeys (ConfUtils.java:logGet(43)) - raft.server.log.use.memory = false (default)
2019-08-23 01:49:34,138 [pool-433-thread-1] INFO  server.RaftServerConfigKeys (ConfUtils.java:logGet(43)) - raft.server.log.purge.gap = 1000000 (custom)
2019-08-23 01:49:34,138 [pool-433-thread-1] INFO  server.RaftServerConfigKeys (ConfUtils.java:logGet(43)) - raft.server.log.appender.buffer.byte-limit = 33554432 (custom)
2019-08-23 01:49:34,139 [pool-433-thread-1] INFO  server.RaftServerConfigKeys (ConfUtils.java:logGet(43)) - raft.server.log.segment.size.max = 1048576 (custom)
2019-08-23 01:49:34,139 [pool-433-thread-1] INFO  server.RaftServerConfigKeys (ConfUtils.java:logGet(43)) - raft.server.log.segment.cache.num.max = 2 (custom)
2019-08-23 01:49:34,139 [pool-433-thread-1] INFO  segmented.SegmentedRaftLogWorker (SegmentedRaftLogWorker.java:<init>(172)) - new 92d27ea8-f483-4a0d-b6f3-3a914fc406ca-SegmentedRaftLogWorker:Storage Directory /workdir/hadoop-ozone/integration-test/target/test-dir/MiniOzoneClusterImpl-0943eb9e-b08a-41ed-9047-9abe96000917/datanode-2/data/ratis/9e41f84c-77a2-4566-9ae7-d6cf37061cf1 for RaftStorage:Storage Directory /workdir/hadoop-ozone/integration-test/target/test-dir/MiniOzoneClusterImpl-0943eb9e-b08a-41ed-9047-9abe96000917/datanode-2/data/ratis/9e41f84c-77a2-4566-9ae7-d6cf37061cf1
2019-08-23 01:49:34,139 [pool-433-thread-1] INFO  server.RaftServerConfigKeys (ConfUtils.java:logGet(43)) - raft.server.log.queue.byte-limit = 2147483647 (custom)
2019-08-23 01:49:34,139 [pool-433-thread-1] INFO  server.RaftServerConfigKeys (ConfUtils.java:logGet(43)) - raft.server.log.queue.element-limit = 1024 (custom)
2019-08-23 01:49:34,139 [pool-433-thread-1] INFO  server.RaftServerConfigKeys (ConfUtils.java:logGet(43)) - raft.server.log.segment.size.max = 1048576 (custom)
2019-08-23 01:49:34,139 [pool-433-thread-1] INFO  server.RaftServerConfigKeys (ConfUtils.java:logGet(43)) - raft.server.log.preallocated.size = 16384 (custom)
2019-08-23 01:49:34,140 [pool-433-thread-1] INFO  server.RaftServerConfigKeys (ConfUtils.java:logGet(43)) - raft.server.log.write.buffer.size = 33554432 (custom)
2019-08-23 01:49:34,140 [pool-433-thread-1] INFO  server.RaftServerConfigKeys (ConfUtils.java:logGet(43)) - raft.server.log.force.sync.num = 128 (default)
2019-08-23 01:49:34,140 [pool-433-thread-1] INFO  server.RaftServerConfigKeys (ConfUtils.java:logGet(43)) - raft.server.log.statemachine.data.sync = true (default)
2019-08-23 01:49:34,140 [pool-433-thread-1] INFO  server.RaftServerConfigKeys (ConfUtils.java:logGet(43)) - raft.server.log.statemachine.data.sync.timeout = 10s (default)
2019-08-23 01:49:34,140 [pool-433-thread-1] INFO  server.RaftServerConfigKeys (ConfUtils.java:logGet(43)) - raft.server.log.statemachine.data.sync.timeout.retry = -1 (default)
2019-08-23 01:49:34,140 [pool-433-thread-1] INFO  server.RaftServerConfigKeys (ConfUtils.java:logGet(43)) - raft.server.log.statemachine.data.caching.enabled = true (custom)
2019-08-23 01:49:34,141 [pool-433-thread-1] INFO  segmented.SegmentedRaftLogWorker (SegmentedRaftLogWorker.java:lambda$new$0(132)) - 92d27ea8-f483-4a0d-b6f3-3a914fc406ca-SegmentedRaftLogWorker:Storage Directory /workdir/hadoop-ozone/integration-test/target/test-dir/MiniOzoneClusterImpl-0943eb9e-b08a-41ed-9047-9abe96000917/datanode-2/data/ratis/9e41f84c-77a2-4566-9ae7-d6cf37061cf1: flushIndex: setUnconditionally 0 -> -1
2019-08-23 01:49:34,141 [pool-433-thread-1] INFO  server.RaftServerConfigKeys (ConfUtils.java:logGet(43)) - raft.server.snapshot.auto.trigger.enabled = true (custom)
2019-08-23 01:49:34,141 [pool-433-thread-1] INFO  server.RaftServerConfigKeys (ConfUtils.java:logGet(43)) - raft.server.snapshot.auto.trigger.threshold = 10000 (custom)
2019-08-23 01:49:34,141 [pool-433-thread-1] INFO  server.RaftServerConfigKeys (ConfUtils.java:logGet(43)) - raft.server.retrycache.expirytime = 600000ms (custom)
2019-08-23 01:49:34,141 [pool-433-thread-1] INFO  impl.RaftServerImpl (RaftServerImpl.java:start(180)) - 92d27ea8-f483-4a0d-b6f3-3a914fc406ca: start group-D6CF37061CF1
2019-08-23 01:49:34,142 [pool-433-thread-1] INFO  impl.RaftServerImpl (RaftServerImpl.java:setRole(171)) - 92d27ea8-f483-4a0d-b6f3-3a914fc406ca:group-D6CF37061CF1 changes role from null to FOLLOWER at term 0 for startAsFollower
2019-08-23 01:49:34,142 [pool-433-thread-1] INFO  impl.RoleInfo (RoleInfo.java:updateAndGet(143)) - 92d27ea8-f483-4a0d-b6f3-3a914fc406ca: start FollowerState
2019-08-23 01:49:34,142 [pool-433-thread-1] INFO  util.JmxRegister (JmxRegister.java:tryRegister(44)) - Successfully registered JMX Bean with object name Ratis:service=RaftServer,group=group-D6CF37061CF1,id=92d27ea8-f483-4a0d-b6f3-3a914fc406ca
2019-08-23 01:49:34,145 [RatisPipelineUtilsThread] INFO  pipeline.PipelineStateManager (PipelineStateManager.java:addPipeline(56)) - Created pipeline Pipeline[ Id: 9e41f84c-77a2-4566-9ae7-d6cf37061cf1, Nodes: 92d27ea8-f483-4a0d-b6f3-3a914fc406ca{ip: 192.168.34.22, host: pr-hdds-1909-sn94l-363750510, networkLocation: /default-rack, certSerialId: null}, Type:RATIS, Factor:ONE, State:OPEN]
2019-08-23 01:49:34,156 [grpc-default-executor-7] INFO  impl.RaftServerProxy (RaftServerProxy.java:addNew(89)) - ff93e3bf-9085-4246-8644-5e8fa9e79872: addNew group-A6A8C3515952:[92d27ea8-f483-4a0d-b6f3-3a914fc406ca:192.168.34.22:35037, ff93e3bf-9085-4246-8644-5e8fa9e79872:192.168.34.22:35639, 69f7d37c-3616-4e50-8382-f7d7bb9102ea:192.168.34.22:44038] returns group-A6A8C3515952:java.util.concurrent.CompletableFuture@54b1abc8[Not completed]
2019-08-23 01:49:34,157 [grpc-default-executor-1] INFO  impl.RaftServerProxy (RaftServerProxy.java:addNew(89)) - 69f7d37c-3616-4e50-8382-f7d7bb9102ea: addNew group-A6A8C3515952:[92d27ea8-f483-4a0d-b6f3-3a914fc406ca:192.168.34.22:35037, ff93e3bf-9085-4246-8644-5e8fa9e79872:192.168.34.22:35639, 69f7d37c-3616-4e50-8382-f7d7bb9102ea:192.168.34.22:44038] returns group-A6A8C3515952:java.util.concurrent.CompletableFuture@2121b8ad[Not completed]
2019-08-23 01:49:34,156 [grpc-default-executor-4] INFO  impl.RaftServerProxy (RaftServerProxy.java:addNew(89)) - 92d27ea8-f483-4a0d-b6f3-3a914fc406ca: addNew group-A6A8C3515952:[92d27ea8-f483-4a0d-b6f3-3a914fc406ca:192.168.34.22:35037, ff93e3bf-9085-4246-8644-5e8fa9e79872:192.168.34.22:35639, 69f7d37c-3616-4e50-8382-f7d7bb9102ea:192.168.34.22:44038] returns group-A6A8C3515952:java.util.concurrent.CompletableFuture@2da4142[Not completed]
2019-08-23 01:49:34,158 [pool-433-thread-1] INFO  impl.RaftServerImpl (RaftServerImpl.java:<init>(93)) - 92d27ea8-f483-4a0d-b6f3-3a914fc406ca: new RaftServerImpl for group-A6A8C3515952:[92d27ea8-f483-4a0d-b6f3-3a914fc406ca:192.168.34.22:35037, ff93e3bf-9085-4246-8644-5e8fa9e79872:192.168.34.22:35639, 69f7d37c-3616-4e50-8382-f7d7bb9102ea:192.168.34.22:44038] with ContainerStateMachine:uninitialized
2019-08-23 01:49:34,158 [pool-433-thread-1] INFO  server.RaftServerConfigKeys (ConfUtils.java:logGet(43)) - raft.server.rpc.timeout.min = 5s (custom)
2019-08-23 01:49:34,158 [pool-433-thread-1] INFO  server.RaftServerConfigKeys (ConfUtils.java:logGet(43)) - raft.server.rpc.timeout.max = 5200ms (custom)
2019-08-23 01:49:34,158 [pool-433-thread-1] INFO  server.RaftServerConfigKeys (ConfUtils.java:logGet(43)) - raft.server.rpcslowness.timeout = 120s (custom)
2019-08-23 01:49:34,158 [pool-433-thread-1] INFO  server.RaftServerConfigKeys (ConfUtils.java:logGet(43)) - raft.server.sleep.deviation.threshold = 300 (default)
2019-08-23 01:49:34,158 [pool-433-thread-1] INFO  server.RaftServerConfigKeys (ConfUtils.java:logGet(43)) - raft.server.log.appender.install.snapshot.enabled = false (custom)
2019-08-23 01:49:34,158 [pool-422-thread-1] INFO  impl.RaftServerImpl (RaftServerImpl.java:<init>(93)) - ff93e3bf-9085-4246-8644-5e8fa9e79872: new RaftServerImpl for group-A6A8C3515952:[92d27ea8-f483-4a0d-b6f3-3a914fc406ca:192.168.34.22:35037, ff93e3bf-9085-4246-8644-5e8fa9e79872:192.168.34.22:35639, 69f7d37c-3616-4e50-8382-f7d7bb9102ea:192.168.34.22:44038] with ContainerStateMachine:uninitialized
2019-08-23 01:49:34,158 [pool-411-thread-1] INFO  impl.RaftServerImpl (RaftServerImpl.java:<init>(93)) - 69f7d37c-3616-4e50-8382-f7d7bb9102ea: new RaftServerImpl for group-A6A8C3515952:[92d27ea8-f483-4a0d-b6f3-3a914fc406ca:192.168.34.22:35037, ff93e3bf-9085-4246-8644-5e8fa9e79872:192.168.34.22:35639, 69f7d37c-3616-4e50-8382-f7d7bb9102ea:192.168.34.22:44038] with ContainerStateMachine:uninitialized
2019-08-23 01:49:34,158 [pool-433-thread-1] INFO  impl.RaftServerImpl (ServerState.java:<init>(105)) - 92d27ea8-f483-4a0d-b6f3-3a914fc406ca:group-A6A8C3515952 ConfigurationManager, init=-1: [92d27ea8-f483-4a0d-b6f3-3a914fc406ca:192.168.34.22:35037, ff93e3bf-9085-4246-8644-5e8fa9e79872:192.168.34.22:35639, 69f7d37c-3616-4e50-8382-f7d7bb9102ea:192.168.34.22:44038], old=null, confs=<EMPTY_MAP>
2019-08-23 01:49:34,158 [pool-411-thread-1] INFO  server.RaftServerConfigKeys (ConfUtils.java:logGet(43)) - raft.server.rpc.timeout.min = 5s (custom)
2019-08-23 01:49:34,158 [pool-422-thread-1] INFO  server.RaftServerConfigKeys (ConfUtils.java:logGet(43)) - raft.server.rpc.timeout.min = 5s (custom)
2019-08-23 01:49:34,159 [pool-411-thread-1] INFO  server.RaftServerConfigKeys (ConfUtils.java:logGet(43)) - raft.server.rpc.timeout.max = 5200ms (custom)
2019-08-23 01:49:34,159 [pool-433-thread-1] INFO  server.RaftServerConfigKeys (ConfUtils.java:logGet(43)) - raft.server.storage.dir = [/workdir/hadoop-ozone/integration-test/target/test-dir/MiniOzoneClusterImpl-0943eb9e-b08a-41ed-9047-9abe96000917/datanode-2/data/ratis] (custom)
2019-08-23 01:49:34,159 [pool-411-thread-1] INFO  server.RaftServerConfigKeys (ConfUtils.java:logGet(43)) - raft.server.rpcslowness.timeout = 120s (custom)
2019-08-23 01:49:34,159 [pool-422-thread-1] INFO  server.RaftServerConfigKeys (ConfUtils.java:logGet(43)) - raft.server.rpc.timeout.max = 5200ms (custom)
2019-08-23 01:49:34,159 [pool-411-thread-1] INFO  server.RaftServerConfigKeys (ConfUtils.java:logGet(43)) - raft.server.sleep.deviation.threshold = 300 (default)
2019-08-23 01:49:34,159 [pool-422-thread-1] INFO  server.RaftServerConfigKeys (ConfUtils.java:logGet(43)) - raft.server.rpcslowness.timeout = 120s (custom)
2019-08-23 01:49:34,159 [pool-433-thread-1] INFO  storage.RaftStorageDirectory (RaftStorageDirectory.java:analyzeStorage(246)) - The storage directory /workdir/hadoop-ozone/integration-test/target/test-dir/MiniOzoneClusterImpl-0943eb9e-b08a-41ed-9047-9abe96000917/datanode-2/data/ratis/c7fb60e5-cb79-44f2-9320-a6a8c3515952 does not exist. Creating ...
2019-08-23 01:49:34,159 [pool-422-thread-1] INFO  server.RaftServerConfigKeys (ConfUtils.java:logGet(43)) - raft.server.sleep.deviation.threshold = 300 (default)
2019-08-23 01:49:34,160 [pool-422-thread-1] INFO  server.RaftServerConfigKeys (ConfUtils.java:logGet(43)) - raft.server.log.appender.install.snapshot.enabled = false (custom)
2019-08-23 01:49:34,159 [pool-411-thread-1] INFO  server.RaftServerConfigKeys (ConfUtils.java:logGet(43)) - raft.server.log.appender.install.snapshot.enabled = false (custom)
2019-08-23 01:49:34,160 [pool-422-thread-1] INFO  impl.RaftServerImpl (ServerState.java:<init>(105)) - ff93e3bf-9085-4246-8644-5e8fa9e79872:group-A6A8C3515952 ConfigurationManager, init=-1: [92d27ea8-f483-4a0d-b6f3-3a914fc406ca:192.168.34.22:35037, ff93e3bf-9085-4246-8644-5e8fa9e79872:192.168.34.22:35639, 69f7d37c-3616-4e50-8382-f7d7bb9102ea:192.168.34.22:44038], old=null, confs=<EMPTY_MAP>
2019-08-23 01:49:34,160 [pool-411-thread-1] INFO  impl.RaftServerImpl (ServerState.java:<init>(105)) - 69f7d37c-3616-4e50-8382-f7d7bb9102ea:group-A6A8C3515952 ConfigurationManager, init=-1: [92d27ea8-f483-4a0d-b6f3-3a914fc406ca:192.168.34.22:35037, ff93e3bf-9085-4246-8644-5e8fa9e79872:192.168.34.22:35639, 69f7d37c-3616-4e50-8382-f7d7bb9102ea:192.168.34.22:44038], old=null, confs=<EMPTY_MAP>
2019-08-23 01:49:34,160 [pool-422-thread-1] INFO  server.RaftServerConfigKeys (ConfUtils.java:logGet(43)) - raft.server.storage.dir = [/workdir/hadoop-ozone/integration-test/target/test-dir/MiniOzoneClusterImpl-0943eb9e-b08a-41ed-9047-9abe96000917/datanode-1/data/ratis] (custom)
2019-08-23 01:49:34,160 [pool-411-thread-1] INFO  server.RaftServerConfigKeys (ConfUtils.java:logGet(43)) - raft.server.storage.dir = [/workdir/hadoop-ozone/integration-test/target/test-dir/MiniOzoneClusterImpl-0943eb9e-b08a-41ed-9047-9abe96000917/datanode-0/data/ratis] (custom)
2019-08-23 01:49:34,160 [pool-422-thread-1] INFO  storage.RaftStorageDirectory (RaftStorageDirectory.java:analyzeStorage(246)) - The storage directory /workdir/hadoop-ozone/integration-test/target/test-dir/MiniOzoneClusterImpl-0943eb9e-b08a-41ed-9047-9abe96000917/datanode-1/data/ratis/c7fb60e5-cb79-44f2-9320-a6a8c3515952 does not exist. Creating ...
2019-08-23 01:49:34,160 [pool-411-thread-1] INFO  storage.RaftStorageDirectory (RaftStorageDirectory.java:analyzeStorage(246)) - The storage directory /workdir/hadoop-ozone/integration-test/target/test-dir/MiniOzoneClusterImpl-0943eb9e-b08a-41ed-9047-9abe96000917/datanode-0/data/ratis/c7fb60e5-cb79-44f2-9320-a6a8c3515952 does not exist. Creating ...
2019-08-23 01:49:34,173 [pool-411-thread-1] INFO  storage.RaftStorageDirectory (RaftStorageDirectory.java:tryLock(328)) - Lock on /workdir/hadoop-ozone/integration-test/target/test-dir/MiniOzoneClusterImpl-0943eb9e-b08a-41ed-9047-9abe96000917/datanode-0/data/ratis/c7fb60e5-cb79-44f2-9320-a6a8c3515952/in_use.lock acquired by nodename 12666@pr-hdds-1909-sn94l-363750510
2019-08-23 01:49:34,173 [pool-422-thread-1] INFO  storage.RaftStorageDirectory (RaftStorageDirectory.java:tryLock(328)) - Lock on /workdir/hadoop-ozone/integration-test/target/test-dir/MiniOzoneClusterImpl-0943eb9e-b08a-41ed-9047-9abe96000917/datanode-1/data/ratis/c7fb60e5-cb79-44f2-9320-a6a8c3515952/in_use.lock acquired by nodename 12666@pr-hdds-1909-sn94l-363750510
2019-08-23 01:49:34,173 [pool-433-thread-1] INFO  storage.RaftStorageDirectory (RaftStorageDirectory.java:tryLock(328)) - Lock on /workdir/hadoop-ozone/integration-test/target/test-dir/MiniOzoneClusterImpl-0943eb9e-b08a-41ed-9047-9abe96000917/datanode-2/data/ratis/c7fb60e5-cb79-44f2-9320-a6a8c3515952/in_use.lock acquired by nodename 12666@pr-hdds-1909-sn94l-363750510
2019-08-23 01:49:34,186 [pool-433-thread-1] INFO  storage.RaftStorage (RaftStorage.java:format(72)) - Storage directory /workdir/hadoop-ozone/integration-test/target/test-dir/MiniOzoneClusterImpl-0943eb9e-b08a-41ed-9047-9abe96000917/datanode-2/data/ratis/c7fb60e5-cb79-44f2-9320-a6a8c3515952 has been successfully formatted.
2019-08-23 01:49:34,186 [pool-411-thread-1] INFO  storage.RaftStorage (RaftStorage.java:format(72)) - Storage directory /workdir/hadoop-ozone/integration-test/target/test-dir/MiniOzoneClusterImpl-0943eb9e-b08a-41ed-9047-9abe96000917/datanode-0/data/ratis/c7fb60e5-cb79-44f2-9320-a6a8c3515952 has been successfully formatted.
2019-08-23 01:49:34,186 [pool-422-thread-1] INFO  storage.RaftStorage (RaftStorage.java:format(72)) - Storage directory /workdir/hadoop-ozone/integration-test/target/test-dir/MiniOzoneClusterImpl-0943eb9e-b08a-41ed-9047-9abe96000917/datanode-1/data/ratis/c7fb60e5-cb79-44f2-9320-a6a8c3515952 has been successfully formatted.
2019-08-23 01:49:34,187 [pool-433-thread-1] INFO  ratis.ContainerStateMachine (ContainerStateMachine.java:loadSnapshot(226)) - group-A6A8C3515952: The snapshot info is null. Setting the last applied indexto:(t:0, i:~)
2019-08-23 01:49:34,187 [pool-422-thread-1] INFO  ratis.ContainerStateMachine (ContainerStateMachine.java:loadSnapshot(226)) - group-A6A8C3515952: The snapshot info is null. Setting the last applied indexto:(t:0, i:~)
2019-08-23 01:49:34,187 [pool-411-thread-1] INFO  ratis.ContainerStateMachine (ContainerStateMachine.java:loadSnapshot(226)) - group-A6A8C3515952: The snapshot info is null. Setting the last applied indexto:(t:0, i:~)
2019-08-23 01:49:34,187 [pool-422-thread-1] INFO  server.RaftServerConfigKeys (ConfUtils.java:logGet(43)) - raft.server.leader.election.timeout = 120s (custom)
2019-08-23 01:49:34,187 [pool-422-thread-1] INFO  server.RaftServerConfigKeys (ConfUtils.java:logGet(43)) - raft.server.log.use.memory = false (default)
2019-08-23 01:49:34,187 [pool-433-thread-1] INFO  server.RaftServerConfigKeys (ConfUtils.java:logGet(43)) - raft.server.leader.election.timeout = 120s (custom)
2019-08-23 01:49:34,188 [pool-422-thread-1] INFO  server.RaftServerConfigKeys (ConfUtils.java:logGet(43)) - raft.server.log.purge.gap = 1000000 (custom)
2019-08-23 01:49:34,187 [pool-411-thread-1] INFO  server.RaftServerConfigKeys (ConfUtils.java:logGet(43)) - raft.server.leader.election.timeout = 120s (custom)
2019-08-23 01:49:34,188 [pool-422-thread-1] INFO  server.RaftServerConfigKeys (ConfUtils.java:logGet(43)) - raft.server.log.appender.buffer.byte-limit = 33554432 (custom)
2019-08-23 01:49:34,188 [pool-433-thread-1] INFO  server.RaftServerConfigKeys (ConfUtils.java:logGet(43)) - raft.server.log.use.memory = false (default)
2019-08-23 01:49:34,188 [pool-422-thread-1] INFO  server.RaftServerConfigKeys (ConfUtils.java:logGet(43)) - raft.server.log.segment.size.max = 1048576 (custom)
2019-08-23 01:49:34,188 [pool-411-thread-1] INFO  server.RaftServerConfigKeys (ConfUtils.java:logGet(43)) - raft.server.log.use.memory = false (default)
2019-08-23 01:49:34,188 [pool-422-thread-1] INFO  server.RaftServerConfigKeys (ConfUtils.java:logGet(43)) - raft.server.log.segment.cache.num.max = 2 (custom)
2019-08-23 01:49:34,188 [pool-433-thread-1] INFO  server.RaftServerConfigKeys (ConfUtils.java:logGet(43)) - raft.server.log.purge.gap = 1000000 (custom)
2019-08-23 01:49:34,189 [pool-422-thread-1] INFO  segmented.SegmentedRaftLogWorker (SegmentedRaftLogWorker.java:<init>(172)) - new ff93e3bf-9085-4246-8644-5e8fa9e79872-SegmentedRaftLogWorker:Storage Directory /workdir/hadoop-ozone/integration-test/target/test-dir/MiniOzoneClusterImpl-0943eb9e-b08a-41ed-9047-9abe96000917/datanode-1/data/ratis/c7fb60e5-cb79-44f2-9320-a6a8c3515952 for RaftStorage:Storage Directory /workdir/hadoop-ozone/integration-test/target/test-dir/MiniOzoneClusterImpl-0943eb9e-b08a-41ed-9047-9abe96000917/datanode-1/data/ratis/c7fb60e5-cb79-44f2-9320-a6a8c3515952
2019-08-23 01:49:34,188 [pool-411-thread-1] INFO  server.RaftServerConfigKeys (ConfUtils.java:logGet(43)) - raft.server.log.purge.gap = 1000000 (custom)
2019-08-23 01:49:34,189 [pool-422-thread-1] INFO  server.RaftServerConfigKeys (ConfUtils.java:logGet(43)) - raft.server.log.queue.byte-limit = 2147483647 (custom)
2019-08-23 01:49:34,189 [pool-433-thread-1] INFO  server.RaftServerConfigKeys (ConfUtils.java:logGet(43)) - raft.server.log.appender.buffer.byte-limit = 33554432 (custom)
2019-08-23 01:49:34,189 [pool-422-thread-1] INFO  server.RaftServerConfigKeys (ConfUtils.java:logGet(43)) - raft.server.log.queue.element-limit = 1024 (custom)
2019-08-23 01:49:34,189 [pool-411-thread-1] INFO  server.RaftServerConfigKeys (ConfUtils.java:logGet(43)) - raft.server.log.appender.buffer.byte-limit = 33554432 (custom)
2019-08-23 01:49:34,190 [pool-422-thread-1] INFO  server.RaftServerConfigKeys (ConfUtils.java:logGet(43)) - raft.server.log.segment.size.max = 1048576 (custom)
2019-08-23 01:49:34,189 [pool-433-thread-1] INFO  server.RaftServerConfigKeys (ConfUtils.java:logGet(43)) - raft.server.log.segment.size.max = 1048576 (custom)
2019-08-23 01:49:34,190 [pool-422-thread-1] INFO  server.RaftServerConfigKeys (ConfUtils.java:logGet(43)) - raft.server.log.preallocated.size = 16384 (custom)
2019-08-23 01:49:34,190 [pool-411-thread-1] INFO  server.RaftServerConfigKeys (ConfUtils.java:logGet(43)) - raft.server.log.segment.size.max = 1048576 (custom)
2019-08-23 01:49:34,190 [pool-422-thread-1] INFO  server.RaftServerConfigKeys (ConfUtils.java:logGet(43)) - raft.server.log.write.buffer.size = 33554432 (custom)
2019-08-23 01:49:34,190 [pool-433-thread-1] INFO  server.RaftServerConfigKeys (ConfUtils.java:logGet(43)) - raft.server.log.segment.cache.num.max = 2 (custom)
2019-08-23 01:49:34,190 [pool-422-thread-1] INFO  server.RaftServerConfigKeys (ConfUtils.java:logGet(43)) - raft.server.log.force.sync.num = 128 (default)
2019-08-23 01:49:34,191 [pool-422-thread-1] INFO  server.RaftServerConfigKeys (ConfUtils.java:logGet(43)) - raft.server.log.statemachine.data.sync = true (default)
2019-08-23 01:49:34,190 [pool-411-thread-1] INFO  server.RaftServerConfigKeys (ConfUtils.java:logGet(43)) - raft.server.log.segment.cache.num.max = 2 (custom)
2019-08-23 01:49:34,191 [pool-422-thread-1] INFO  server.RaftServerConfigKeys (ConfUtils.java:logGet(43)) - raft.server.log.statemachine.data.sync.timeout = 10s (default)
2019-08-23 01:49:34,191 [pool-433-thread-1] INFO  segmented.SegmentedRaftLogWorker (SegmentedRaftLogWorker.java:<init>(172)) - new 92d27ea8-f483-4a0d-b6f3-3a914fc406ca-SegmentedRaftLogWorker:Storage Directory /workdir/hadoop-ozone/integration-test/target/test-dir/MiniOzoneClusterImpl-0943eb9e-b08a-41ed-9047-9abe96000917/datanode-2/data/ratis/c7fb60e5-cb79-44f2-9320-a6a8c3515952 for RaftStorage:Storage Directory /workdir/hadoop-ozone/integration-test/target/test-dir/MiniOzoneClusterImpl-0943eb9e-b08a-41ed-9047-9abe96000917/datanode-2/data/ratis/c7fb60e5-cb79-44f2-9320-a6a8c3515952
2019-08-23 01:49:34,191 [pool-422-thread-1] INFO  server.RaftServerConfigKeys (ConfUtils.java:logGet(43)) - raft.server.log.statemachine.data.sync.timeout.retry = -1 (default)
2019-08-23 01:49:34,191 [pool-411-thread-1] INFO  segmented.SegmentedRaftLogWorker (SegmentedRaftLogWorker.java:<init>(172)) - new 69f7d37c-3616-4e50-8382-f7d7bb9102ea-SegmentedRaftLogWorker:Storage Directory /workdir/hadoop-ozone/integration-test/target/test-dir/MiniOzoneClusterImpl-0943eb9e-b08a-41ed-9047-9abe96000917/datanode-0/data/ratis/c7fb60e5-cb79-44f2-9320-a6a8c3515952 for RaftStorage:Storage Directory /workdir/hadoop-ozone/integration-test/target/test-dir/MiniOzoneClusterImpl-0943eb9e-b08a-41ed-9047-9abe96000917/datanode-0/data/ratis/c7fb60e5-cb79-44f2-9320-a6a8c3515952
2019-08-23 01:49:34,191 [pool-422-thread-1] INFO  server.RaftServerConfigKeys (ConfUtils.java:logGet(43)) - raft.server.log.statemachine.data.caching.enabled = true (custom)
2019-08-23 01:49:34,191 [pool-433-thread-1] INFO  server.RaftServerConfigKeys (ConfUtils.java:logGet(43)) - raft.server.log.queue.byte-limit = 2147483647 (custom)
2019-08-23 01:49:34,192 [pool-411-thread-1] INFO  server.RaftServerConfigKeys (ConfUtils.java:logGet(43)) - raft.server.log.queue.byte-limit = 2147483647 (custom)
2019-08-23 01:49:34,192 [pool-422-thread-1] INFO  segmented.SegmentedRaftLogWorker (SegmentedRaftLogWorker.java:lambda$new$0(132)) - ff93e3bf-9085-4246-8644-5e8fa9e79872-SegmentedRaftLogWorker:Storage Directory /workdir/hadoop-ozone/integration-test/target/test-dir/MiniOzoneClusterImpl-0943eb9e-b08a-41ed-9047-9abe96000917/datanode-1/data/ratis/c7fb60e5-cb79-44f2-9320-a6a8c3515952: flushIndex: setUnconditionally 0 -> -1
2019-08-23 01:49:34,192 [pool-433-thread-1] INFO  server.RaftServerConfigKeys (ConfUtils.java:logGet(43)) - raft.server.log.queue.element-limit = 1024 (custom)
2019-08-23 01:49:34,192 [pool-411-thread-1] INFO  server.RaftServerConfigKeys (ConfUtils.java:logGet(43)) - raft.server.log.queue.element-limit = 1024 (custom)
2019-08-23 01:49:34,192 [pool-422-thread-1] INFO  server.RaftServerConfigKeys (ConfUtils.java:logGet(43)) - raft.server.snapshot.auto.trigger.enabled = true (custom)
2019-08-23 01:49:34,192 [pool-433-thread-1] INFO  server.RaftServerConfigKeys (ConfUtils.java:logGet(43)) - raft.server.log.segment.size.max = 1048576 (custom)
2019-08-23 01:49:34,193 [pool-422-thread-1] INFO  server.RaftServerConfigKeys (ConfUtils.java:logGet(43)) - raft.server.snapshot.auto.trigger.threshold = 10000 (custom)
2019-08-23 01:49:34,192 [pool-411-thread-1] INFO  server.RaftServerConfigKeys (ConfUtils.java:logGet(43)) - raft.server.log.segment.size.max = 1048576 (custom)
2019-08-23 01:49:34,193 [pool-422-thread-1] INFO  server.RaftServerConfigKeys (ConfUtils.java:logGet(43)) - raft.server.retrycache.expirytime = 600000ms (custom)
2019-08-23 01:49:34,193 [pool-433-thread-1] INFO  server.RaftServerConfigKeys (ConfUtils.java:logGet(43)) - raft.server.log.preallocated.size = 16384 (custom)
2019-08-23 01:49:34,193 [pool-411-thread-1] INFO  server.RaftServerConfigKeys (ConfUtils.java:logGet(43)) - raft.server.log.preallocated.size = 16384 (custom)
2019-08-23 01:49:34,193 [pool-422-thread-1] INFO  impl.RaftServerImpl (RaftServerImpl.java:start(180)) - ff93e3bf-9085-4246-8644-5e8fa9e79872: start group-A6A8C3515952
2019-08-23 01:49:34,193 [pool-422-thread-1] INFO  impl.RaftServerImpl (RaftServerImpl.java:setRole(171)) - ff93e3bf-9085-4246-8644-5e8fa9e79872:group-A6A8C3515952 changes role from null to FOLLOWER at term 0 for startAsFollower
2019-08-23 01:49:34,193 [pool-433-thread-1] INFO  server.RaftServerConfigKeys (ConfUtils.java:logGet(43)) - raft.server.log.write.buffer.size = 33554432 (custom)
2019-08-23 01:49:34,194 [pool-422-thread-1] INFO  impl.RoleInfo (RoleInfo.java:updateAndGet(143)) - ff93e3bf-9085-4246-8644-5e8fa9e79872: start FollowerState
2019-08-23 01:49:34,193 [pool-411-thread-1] INFO  server.RaftServerConfigKeys (ConfUtils.java:logGet(43)) - raft.server.log.write.buffer.size = 33554432 (custom)
2019-08-23 01:49:34,194 [pool-433-thread-1] INFO  server.RaftServerConfigKeys (ConfUtils.java:logGet(43)) - raft.server.log.force.sync.num = 128 (default)
2019-08-23 01:49:34,194 [pool-411-thread-1] INFO  server.RaftServerConfigKeys (ConfUtils.java:logGet(43)) - raft.server.log.force.sync.num = 128 (default)
2019-08-23 01:49:34,194 [pool-422-thread-1] INFO  util.JmxRegister (JmxRegister.java:tryRegister(44)) - Successfully registered JMX Bean with object name Ratis:service=RaftServer,group=group-A6A8C3515952,id=ff93e3bf-9085-4246-8644-5e8fa9e79872
2019-08-23 01:49:34,194 [pool-433-thread-1] INFO  server.RaftServerConfigKeys (ConfUtils.java:logGet(43)) - raft.server.log.statemachine.data.sync = true (default)
2019-08-23 01:49:34,194 [pool-411-thread-1] INFO  server.RaftServerConfigKeys (ConfUtils.java:logGet(43)) - raft.server.log.statemachine.data.sync = true (default)
2019-08-23 01:49:34,194 [pool-433-thread-1] INFO  server.RaftServerConfigKeys (ConfUtils.java:logGet(43)) - raft.server.log.statemachine.data.sync.timeout = 10s (default)
2019-08-23 01:49:34,195 [pool-411-thread-1] INFO  server.RaftServerConfigKeys (ConfUtils.java:logGet(43)) - raft.server.log.statemachine.data.sync.timeout = 10s (default)
2019-08-23 01:49:34,195 [pool-433-thread-1] INFO  server.RaftServerConfigKeys (ConfUtils.java:logGet(43)) - raft.server.log.statemachine.data.sync.timeout.retry = -1 (default)
2019-08-23 01:49:34,195 [pool-411-thread-1] INFO  server.RaftServerConfigKeys (ConfUtils.java:logGet(43)) - raft.server.log.statemachine.data.sync.timeout.retry = -1 (default)
2019-08-23 01:49:34,195 [pool-433-thread-1] INFO  server.RaftServerConfigKeys (ConfUtils.java:logGet(43)) - raft.server.log.statemachine.data.caching.enabled = true (custom)
2019-08-23 01:49:34,195 [pool-411-thread-1] INFO  server.RaftServerConfigKeys (ConfUtils.java:logGet(43)) - raft.server.log.statemachine.data.caching.enabled = true (custom)
2019-08-23 01:49:34,195 [pool-433-thread-1] INFO  segmented.SegmentedRaftLogWorker (SegmentedRaftLogWorker.java:lambda$new$0(132)) - 92d27ea8-f483-4a0d-b6f3-3a914fc406ca-SegmentedRaftLogWorker:Storage Directory /workdir/hadoop-ozone/integration-test/target/test-dir/MiniOzoneClusterImpl-0943eb9e-b08a-41ed-9047-9abe96000917/datanode-2/data/ratis/c7fb60e5-cb79-44f2-9320-a6a8c3515952: flushIndex: setUnconditionally 0 -> -1
2019-08-23 01:49:34,195 [pool-411-thread-1] INFO  segmented.SegmentedRaftLogWorker (SegmentedRaftLogWorker.java:lambda$new$0(132)) - 69f7d37c-3616-4e50-8382-f7d7bb9102ea-SegmentedRaftLogWorker:Storage Directory /workdir/hadoop-ozone/integration-test/target/test-dir/MiniOzoneClusterImpl-0943eb9e-b08a-41ed-9047-9abe96000917/datanode-0/data/ratis/c7fb60e5-cb79-44f2-9320-a6a8c3515952: flushIndex: setUnconditionally 0 -> -1
2019-08-23 01:49:34,196 [pool-433-thread-1] INFO  server.RaftServerConfigKeys (ConfUtils.java:logGet(43)) - raft.server.snapshot.auto.trigger.enabled = true (custom)
2019-08-23 01:49:34,196 [pool-433-thread-1] INFO  server.RaftServerConfigKeys (ConfUtils.java:logGet(43)) - raft.server.snapshot.auto.trigger.threshold = 10000 (custom)
2019-08-23 01:49:34,196 [pool-411-thread-1] INFO  server.RaftServerConfigKeys (ConfUtils.java:logGet(43)) - raft.server.snapshot.auto.trigger.enabled = true (custom)
2019-08-23 01:49:34,196 [pool-433-thread-1] INFO  server.RaftServerConfigKeys (ConfUtils.java:logGet(43)) - raft.server.retrycache.expirytime = 600000ms (custom)
2019-08-23 01:49:34,196 [pool-411-thread-1] INFO  server.RaftServerConfigKeys (ConfUtils.java:logGet(43)) - raft.server.snapshot.auto.trigger.threshold = 10000 (custom)
2019-08-23 01:49:34,196 [pool-433-thread-1] INFO  impl.RaftServerImpl (RaftServerImpl.java:start(180)) - 92d27ea8-f483-4a0d-b6f3-3a914fc406ca: start group-A6A8C3515952
2019-08-23 01:49:34,196 [pool-411-thread-1] INFO  server.RaftServerConfigKeys (ConfUtils.java:logGet(43)) - raft.server.retrycache.expirytime = 600000ms (custom)
2019-08-23 01:49:34,196 [pool-433-thread-1] INFO  impl.RaftServerImpl (RaftServerImpl.java:setRole(171)) - 92d27ea8-f483-4a0d-b6f3-3a914fc406ca:group-A6A8C3515952 changes role from null to FOLLOWER at term 0 for startAsFollower
2019-08-23 01:49:34,197 [pool-411-thread-1] INFO  impl.RaftServerImpl (RaftServerImpl.java:start(180)) - 69f7d37c-3616-4e50-8382-f7d7bb9102ea: start group-A6A8C3515952
2019-08-23 01:49:34,197 [pool-433-thread-1] INFO  impl.RoleInfo (RoleInfo.java:updateAndGet(143)) - 92d27ea8-f483-4a0d-b6f3-3a914fc406ca: start FollowerState
2019-08-23 01:49:34,197 [pool-411-thread-1] INFO  impl.RaftServerImpl (RaftServerImpl.java:setRole(171)) - 69f7d37c-3616-4e50-8382-f7d7bb9102ea:group-A6A8C3515952 changes role from null to FOLLOWER at term 0 for startAsFollower
2019-08-23 01:49:34,197 [pool-411-thread-1] INFO  impl.RoleInfo (RoleInfo.java:updateAndGet(143)) - 69f7d37c-3616-4e50-8382-f7d7bb9102ea: start FollowerState
2019-08-23 01:49:34,197 [pool-433-thread-1] INFO  util.JmxRegister (JmxRegister.java:tryRegister(44)) - Successfully registered JMX Bean with object name Ratis:service=RaftServer,group=group-A6A8C3515952,id=92d27ea8-f483-4a0d-b6f3-3a914fc406ca
2019-08-23 01:49:34,197 [pool-411-thread-1] INFO  util.JmxRegister (JmxRegister.java:tryRegister(44)) - Successfully registered JMX Bean with object name Ratis:service=RaftServer,group=group-A6A8C3515952,id=69f7d37c-3616-4e50-8382-f7d7bb9102ea
2019-08-23 01:49:34,199 [RatisPipelineUtilsThread] INFO  pipeline.PipelineStateManager (PipelineStateManager.java:addPipeline(56)) - Created pipeline Pipeline[ Id: c7fb60e5-cb79-44f2-9320-a6a8c3515952, Nodes: ff93e3bf-9085-4246-8644-5e8fa9e79872{ip: 192.168.34.22, host: pr-hdds-1909-sn94l-363750510, networkLocation: /default-rack, certSerialId: null}69f7d37c-3616-4e50-8382-f7d7bb9102ea{ip: 192.168.34.22, host: pr-hdds-1909-sn94l-363750510, networkLocation: /default-rack, certSerialId: null}92d27ea8-f483-4a0d-b6f3-3a914fc406ca{ip: 192.168.34.22, host: pr-hdds-1909-sn94l-363750510, networkLocation: /default-rack, certSerialId: null}, Type:RATIS, Factor:THREE, State:OPEN]
2019-08-23 01:49:34,277 [IPC Server handler 18 on 35880] INFO  net.NetworkTopology (NetworkTopologyImpl.java:add(110)) - Added a new node: /default-rack/460b0f97-1b5f-49b0-a00e-827137c6a5da
2019-08-23 01:49:34,278 [IPC Server handler 18 on 35880] INFO  node.SCMNodeManager (SCMNodeManager.java:register(273)) - Registered Data node : 460b0f97-1b5f-49b0-a00e-827137c6a5da{ip: 192.168.34.22, host: pr-hdds-1909-sn94l-363750510, networkLocation: /default-rack, certSerialId: null}
2019-08-23 01:49:34,278 | INFO  | SCMAudit | user=jenkins1000 | ip=192.168.34.22 | op=REGISTER {datanodeDetails=460b0f97-1b5f-49b0-a00e-827137c6a5da{ip: 192.168.34.22, host: pr-hdds-1909-sn94l-363750510, networkLocation: /default-rack, certSerialId: null}} | ret=SUCCESS |  
2019-08-23 01:49:34,287 [grpc-default-executor-1] INFO  impl.RaftServerProxy (RaftServerProxy.java:addNew(89)) - 460b0f97-1b5f-49b0-a00e-827137c6a5da: addNew group-CE69A8664917:[460b0f97-1b5f-49b0-a00e-827137c6a5da:192.168.34.22:33150] returns group-CE69A8664917:java.util.concurrent.CompletableFuture@8efe5a6[Not completed]
2019-08-23 01:49:34,288 [pool-444-thread-1] INFO  impl.RaftServerImpl (RaftServerImpl.java:<init>(93)) - 460b0f97-1b5f-49b0-a00e-827137c6a5da: new RaftServerImpl for group-CE69A8664917:[460b0f97-1b5f-49b0-a00e-827137c6a5da:192.168.34.22:33150] with ContainerStateMachine:uninitialized
2019-08-23 01:49:34,288 [pool-444-thread-1] INFO  server.RaftServerConfigKeys (ConfUtils.java:logGet(43)) - raft.server.rpc.timeout.min = 5s (custom)
2019-08-23 01:49:34,289 [pool-444-thread-1] INFO  server.RaftServerConfigKeys (ConfUtils.java:logGet(43)) - raft.server.rpc.timeout.max = 5200ms (custom)
2019-08-23 01:49:34,289 [pool-444-thread-1] INFO  server.RaftServerConfigKeys (ConfUtils.java:logGet(43)) - raft.server.rpcslowness.timeout = 120s (custom)
2019-08-23 01:49:34,289 [pool-444-thread-1] INFO  server.RaftServerConfigKeys (ConfUtils.java:logGet(43)) - raft.server.sleep.deviation.threshold = 300 (default)
2019-08-23 01:49:34,289 [pool-444-thread-1] INFO  server.RaftServerConfigKeys (ConfUtils.java:logGet(43)) - raft.server.log.appender.install.snapshot.enabled = false (custom)
2019-08-23 01:49:34,289 [pool-444-thread-1] INFO  impl.RaftServerImpl (ServerState.java:<init>(105)) - 460b0f97-1b5f-49b0-a00e-827137c6a5da:group-CE69A8664917 ConfigurationManager, init=-1: [460b0f97-1b5f-49b0-a00e-827137c6a5da:192.168.34.22:33150], old=null, confs=<EMPTY_MAP>
2019-08-23 01:49:34,289 [pool-444-thread-1] INFO  server.RaftServerConfigKeys (ConfUtils.java:logGet(43)) - raft.server.storage.dir = [/workdir/hadoop-ozone/integration-test/target/test-dir/MiniOzoneClusterImpl-0943eb9e-b08a-41ed-9047-9abe96000917/datanode-3/data/ratis] (custom)
2019-08-23 01:49:34,290 [pool-444-thread-1] INFO  storage.RaftStorageDirectory (RaftStorageDirectory.java:analyzeStorage(246)) - The storage directory /workdir/hadoop-ozone/integration-test/target/test-dir/MiniOzoneClusterImpl-0943eb9e-b08a-41ed-9047-9abe96000917/datanode-3/data/ratis/c14e4cfc-f9d3-4afc-b06c-ce69a8664917 does not exist. Creating ...
2019-08-23 01:49:34,303 [pool-444-thread-1] INFO  storage.RaftStorageDirectory (RaftStorageDirectory.java:tryLock(328)) - Lock on /workdir/hadoop-ozone/integration-test/target/test-dir/MiniOzoneClusterImpl-0943eb9e-b08a-41ed-9047-9abe96000917/datanode-3/data/ratis/c14e4cfc-f9d3-4afc-b06c-ce69a8664917/in_use.lock acquired by nodename 12666@pr-hdds-1909-sn94l-363750510
2019-08-23 01:49:34,324 [pool-444-thread-1] INFO  storage.RaftStorage (RaftStorage.java:format(72)) - Storage directory /workdir/hadoop-ozone/integration-test/target/test-dir/MiniOzoneClusterImpl-0943eb9e-b08a-41ed-9047-9abe96000917/datanode-3/data/ratis/c14e4cfc-f9d3-4afc-b06c-ce69a8664917 has been successfully formatted.
2019-08-23 01:49:34,324 [pool-444-thread-1] INFO  ratis.ContainerStateMachine (ContainerStateMachine.java:loadSnapshot(226)) - group-CE69A8664917: The snapshot info is null. Setting the last applied indexto:(t:0, i:~)
2019-08-23 01:49:34,324 [pool-444-thread-1] INFO  server.RaftServerConfigKeys (ConfUtils.java:logGet(43)) - raft.server.leader.election.timeout = 120s (custom)
2019-08-23 01:49:34,325 [pool-444-thread-1] INFO  server.RaftServerConfigKeys (ConfUtils.java:logGet(43)) - raft.server.log.use.memory = false (default)
2019-08-23 01:49:34,325 [pool-444-thread-1] INFO  server.RaftServerConfigKeys (ConfUtils.java:logGet(43)) - raft.server.log.purge.gap = 1000000 (custom)
2019-08-23 01:49:34,325 [pool-444-thread-1] INFO  server.RaftServerConfigKeys (ConfUtils.java:logGet(43)) - raft.server.log.appender.buffer.byte-limit = 33554432 (custom)
2019-08-23 01:49:34,325 [pool-444-thread-1] INFO  server.RaftServerConfigKeys (ConfUtils.java:logGet(43)) - raft.server.log.segment.size.max = 1048576 (custom)
2019-08-23 01:49:34,325 [pool-444-thread-1] INFO  server.RaftServerConfigKeys (ConfUtils.java:logGet(43)) - raft.server.log.segment.cache.num.max = 2 (custom)
2019-08-23 01:49:34,325 [pool-444-thread-1] INFO  segmented.SegmentedRaftLogWorker (SegmentedRaftLogWorker.java:<init>(172)) - new 460b0f97-1b5f-49b0-a00e-827137c6a5da-SegmentedRaftLogWorker:Storage Directory /workdir/hadoop-ozone/integration-test/target/test-dir/MiniOzoneClusterImpl-0943eb9e-b08a-41ed-9047-9abe96000917/datanode-3/data/ratis/c14e4cfc-f9d3-4afc-b06c-ce69a8664917 for RaftStorage:Storage Directory /workdir/hadoop-ozone/integration-test/target/test-dir/MiniOzoneClusterImpl-0943eb9e-b08a-41ed-9047-9abe96000917/datanode-3/data/ratis/c14e4cfc-f9d3-4afc-b06c-ce69a8664917
2019-08-23 01:49:34,325 [pool-444-thread-1] INFO  server.RaftServerConfigKeys (ConfUtils.java:logGet(43)) - raft.server.log.queue.byte-limit = 2147483647 (custom)
2019-08-23 01:49:34,326 [pool-444-thread-1] INFO  server.RaftServerConfigKeys (ConfUtils.java:logGet(43)) - raft.server.log.queue.element-limit = 1024 (custom)
2019-08-23 01:49:34,326 [pool-444-thread-1] INFO  server.RaftServerConfigKeys (ConfUtils.java:logGet(43)) - raft.server.log.segment.size.max = 1048576 (custom)
2019-08-23 01:49:34,326 [pool-444-thread-1] INFO  server.RaftServerConfigKeys (ConfUtils.java:logGet(43)) - raft.server.log.preallocated.size = 16384 (custom)
2019-08-23 01:49:34,326 [pool-444-thread-1] INFO  server.RaftServerConfigKeys (ConfUtils.java:logGet(43)) - raft.server.log.write.buffer.size = 33554432 (custom)
2019-08-23 01:49:34,326 [pool-444-thread-1] INFO  server.RaftServerConfigKeys (ConfUtils.java:logGet(43)) - raft.server.log.force.sync.num = 128 (default)
2019-08-23 01:49:34,326 [pool-444-thread-1] INFO  server.RaftServerConfigKeys (ConfUtils.java:logGet(43)) - raft.server.log.statemachine.data.sync = true (default)
2019-08-23 01:49:34,326 [pool-444-thread-1] INFO  server.RaftServerConfigKeys (ConfUtils.java:logGet(43)) - raft.server.log.statemachine.data.sync.timeout = 10s (default)
2019-08-23 01:49:34,326 [pool-444-thread-1] INFO  server.RaftServerConfigKeys (ConfUtils.java:logGet(43)) - raft.server.log.statemachine.data.sync.timeout.retry = -1 (default)
2019-08-23 01:49:34,327 [pool-444-thread-1] INFO  server.RaftServerConfigKeys (ConfUtils.java:logGet(43)) - raft.server.log.statemachine.data.caching.enabled = true (custom)
2019-08-23 01:49:34,327 [pool-444-thread-1] INFO  segmented.SegmentedRaftLogWorker (SegmentedRaftLogWorker.java:lambda$new$0(132)) - 460b0f97-1b5f-49b0-a00e-827137c6a5da-SegmentedRaftLogWorker:Storage Directory /workdir/hadoop-ozone/integration-test/target/test-dir/MiniOzoneClusterImpl-0943eb9e-b08a-41ed-9047-9abe96000917/datanode-3/data/ratis/c14e4cfc-f9d3-4afc-b06c-ce69a8664917: flushIndex: setUnconditionally 0 -> -1
2019-08-23 01:49:34,327 [pool-444-thread-1] INFO  server.RaftServerConfigKeys (ConfUtils.java:logGet(43)) - raft.server.snapshot.auto.trigger.enabled = true (custom)
2019-08-23 01:49:34,328 [pool-444-thread-1] INFO  server.RaftServerConfigKeys (ConfUtils.java:logGet(43)) - raft.server.snapshot.auto.trigger.threshold = 10000 (custom)
2019-08-23 01:49:34,328 [pool-444-thread-1] INFO  server.RaftServerConfigKeys (ConfUtils.java:logGet(43)) - raft.server.retrycache.expirytime = 600000ms (custom)
2019-08-23 01:49:34,328 [pool-444-thread-1] INFO  impl.RaftServerImpl (RaftServerImpl.java:start(180)) - 460b0f97-1b5f-49b0-a00e-827137c6a5da: start group-CE69A8664917
2019-08-23 01:49:34,328 [pool-444-thread-1] INFO  impl.RaftServerImpl (RaftServerImpl.java:setRole(171)) - 460b0f97-1b5f-49b0-a00e-827137c6a5da:group-CE69A8664917 changes role from null to FOLLOWER at term 0 for startAsFollower
2019-08-23 01:49:34,328 [pool-444-thread-1] INFO  impl.RoleInfo (RoleInfo.java:updateAndGet(143)) - 460b0f97-1b5f-49b0-a00e-827137c6a5da: start FollowerState
2019-08-23 01:49:34,328 [pool-444-thread-1] INFO  util.JmxRegister (JmxRegister.java:tryRegister(44)) - Successfully registered JMX Bean with object name Ratis:service=RaftServer,group=group-CE69A8664917,id=460b0f97-1b5f-49b0-a00e-827137c6a5da
2019-08-23 01:49:34,331 [RatisPipelineUtilsThread] INFO  pipeline.PipelineStateManager (PipelineStateManager.java:addPipeline(56)) - Created pipeline Pipeline[ Id: c14e4cfc-f9d3-4afc-b06c-ce69a8664917, Nodes: 460b0f97-1b5f-49b0-a00e-827137c6a5da{ip: 192.168.34.22, host: pr-hdds-1909-sn94l-363750510, networkLocation: /default-rack, certSerialId: null}, Type:RATIS, Factor:ONE, State:OPEN]
2019-08-23 01:49:34,440 [IPC Server handler 17 on 35880] INFO  net.NetworkTopology (NetworkTopologyImpl.java:add(110)) - Added a new node: /default-rack/33de8731-90a9-402d-b62b-44837c115f8f
2019-08-23 01:49:34,440 [IPC Server handler 17 on 35880] INFO  node.SCMNodeManager (SCMNodeManager.java:register(273)) - Registered Data node : 33de8731-90a9-402d-b62b-44837c115f8f{ip: 192.168.34.22, host: pr-hdds-1909-sn94l-363750510, networkLocation: /default-rack, certSerialId: null}
2019-08-23 01:49:34,440 | INFO  | SCMAudit | user=jenkins1000 | ip=192.168.34.22 | op=REGISTER {datanodeDetails=33de8731-90a9-402d-b62b-44837c115f8f{ip: 192.168.34.22, host: pr-hdds-1909-sn94l-363750510, networkLocation: /default-rack, certSerialId: null}} | ret=SUCCESS |  
2019-08-23 01:49:34,450 [grpc-default-executor-1] INFO  impl.RaftServerProxy (RaftServerProxy.java:addNew(89)) - 33de8731-90a9-402d-b62b-44837c115f8f: addNew group-2B5FD0B7B1C2:[33de8731-90a9-402d-b62b-44837c115f8f:192.168.34.22:34064] returns group-2B5FD0B7B1C2:java.util.concurrent.CompletableFuture@3b667e65[Not completed]
2019-08-23 01:49:34,451 [pool-455-thread-1] INFO  impl.RaftServerImpl (RaftServerImpl.java:<init>(93)) - 33de8731-90a9-402d-b62b-44837c115f8f: new RaftServerImpl for group-2B5FD0B7B1C2:[33de8731-90a9-402d-b62b-44837c115f8f:192.168.34.22:34064] with ContainerStateMachine:uninitialized
2019-08-23 01:49:34,451 [pool-455-thread-1] INFO  server.RaftServerConfigKeys (ConfUtils.java:logGet(43)) - raft.server.rpc.timeout.min = 5s (custom)
2019-08-23 01:49:34,451 [pool-455-thread-1] INFO  server.RaftServerConfigKeys (ConfUtils.java:logGet(43)) - raft.server.rpc.timeout.max = 5200ms (custom)
2019-08-23 01:49:34,452 [pool-455-thread-1] INFO  server.RaftServerConfigKeys (ConfUtils.java:logGet(43)) - raft.server.rpcslowness.timeout = 120s (custom)
2019-08-23 01:49:34,452 [pool-455-thread-1] INFO  server.RaftServerConfigKeys (ConfUtils.java:logGet(43)) - raft.server.sleep.deviation.threshold = 300 (default)
2019-08-23 01:49:34,452 [pool-455-thread-1] INFO  server.RaftServerConfigKeys (ConfUtils.java:logGet(43)) - raft.server.log.appender.install.snapshot.enabled = false (custom)
2019-08-23 01:49:34,452 [pool-455-thread-1] INFO  impl.RaftServerImpl (ServerState.java:<init>(105)) - 33de8731-90a9-402d-b62b-44837c115f8f:group-2B5FD0B7B1C2 ConfigurationManager, init=-1: [33de8731-90a9-402d-b62b-44837c115f8f:192.168.34.22:34064], old=null, confs=<EMPTY_MAP>
2019-08-23 01:49:34,452 [pool-455-thread-1] INFO  server.RaftServerConfigKeys (ConfUtils.java:logGet(43)) - raft.server.storage.dir = [/workdir/hadoop-ozone/integration-test/target/test-dir/MiniOzoneClusterImpl-0943eb9e-b08a-41ed-9047-9abe96000917/datanode-4/data/ratis] (custom)
2019-08-23 01:49:34,454 [pool-455-thread-1] INFO  storage.RaftStorageDirectory (RaftStorageDirectory.java:analyzeStorage(246)) - The storage directory /workdir/hadoop-ozone/integration-test/target/test-dir/MiniOzoneClusterImpl-0943eb9e-b08a-41ed-9047-9abe96000917/datanode-4/data/ratis/a70e6922-7a61-45ae-802a-2b5fd0b7b1c2 does not exist. Creating ...
2019-08-23 01:49:34,468 [pool-455-thread-1] INFO  storage.RaftStorageDirectory (RaftStorageDirectory.java:tryLock(328)) - Lock on /workdir/hadoop-ozone/integration-test/target/test-dir/MiniOzoneClusterImpl-0943eb9e-b08a-41ed-9047-9abe96000917/datanode-4/data/ratis/a70e6922-7a61-45ae-802a-2b5fd0b7b1c2/in_use.lock acquired by nodename 12666@pr-hdds-1909-sn94l-363750510
2019-08-23 01:49:34,481 [pool-455-thread-1] INFO  storage.RaftStorage (RaftStorage.java:format(72)) - Storage directory /workdir/hadoop-ozone/integration-test/target/test-dir/MiniOzoneClusterImpl-0943eb9e-b08a-41ed-9047-9abe96000917/datanode-4/data/ratis/a70e6922-7a61-45ae-802a-2b5fd0b7b1c2 has been successfully formatted.
2019-08-23 01:49:34,482 [pool-455-thread-1] INFO  ratis.ContainerStateMachine (ContainerStateMachine.java:loadSnapshot(226)) - group-2B5FD0B7B1C2: The snapshot info is null. Setting the last applied indexto:(t:0, i:~)
2019-08-23 01:49:34,482 [pool-455-thread-1] INFO  server.RaftServerConfigKeys (ConfUtils.java:logGet(43)) - raft.server.leader.election.timeout = 120s (custom)
2019-08-23 01:49:34,482 [pool-455-thread-1] INFO  server.RaftServerConfigKeys (ConfUtils.java:logGet(43)) - raft.server.log.use.memory = false (default)
2019-08-23 01:49:34,482 [pool-455-thread-1] INFO  server.RaftServerConfigKeys (ConfUtils.java:logGet(43)) - raft.server.log.purge.gap = 1000000 (custom)
2019-08-23 01:49:34,482 [pool-455-thread-1] INFO  server.RaftServerConfigKeys (ConfUtils.java:logGet(43)) - raft.server.log.appender.buffer.byte-limit = 33554432 (custom)
2019-08-23 01:49:34,482 [pool-455-thread-1] INFO  server.RaftServerConfigKeys (ConfUtils.java:logGet(43)) - raft.server.log.segment.size.max = 1048576 (custom)
2019-08-23 01:49:34,482 [pool-455-thread-1] INFO  server.RaftServerConfigKeys (ConfUtils.java:logGet(43)) - raft.server.log.segment.cache.num.max = 2 (custom)
2019-08-23 01:49:34,483 [pool-455-thread-1] INFO  segmented.SegmentedRaftLogWorker (SegmentedRaftLogWorker.java:<init>(172)) - new 33de8731-90a9-402d-b62b-44837c115f8f-SegmentedRaftLogWorker:Storage Directory /workdir/hadoop-ozone/integration-test/target/test-dir/MiniOzoneClusterImpl-0943eb9e-b08a-41ed-9047-9abe96000917/datanode-4/data/ratis/a70e6922-7a61-45ae-802a-2b5fd0b7b1c2 for RaftStorage:Storage Directory /workdir/hadoop-ozone/integration-test/target/test-dir/MiniOzoneClusterImpl-0943eb9e-b08a-41ed-9047-9abe96000917/datanode-4/data/ratis/a70e6922-7a61-45ae-802a-2b5fd0b7b1c2
2019-08-23 01:49:34,483 [pool-455-thread-1] INFO  server.RaftServerConfigKeys (ConfUtils.java:logGet(43)) - raft.server.log.queue.byte-limit = 2147483647 (custom)
2019-08-23 01:49:34,483 [pool-455-thread-1] INFO  server.RaftServerConfigKeys (ConfUtils.java:logGet(43)) - raft.server.log.queue.element-limit = 1024 (custom)
2019-08-23 01:49:34,483 [pool-455-thread-1] INFO  server.RaftServerConfigKeys (ConfUtils.java:logGet(43)) - raft.server.log.segment.size.max = 1048576 (custom)
2019-08-23 01:49:34,483 [pool-455-thread-1] INFO  server.RaftServerConfigKeys (ConfUtils.java:logGet(43)) - raft.server.log.preallocated.size = 16384 (custom)
2019-08-23 01:49:34,483 [pool-455-thread-1] INFO  server.RaftServerConfigKeys (ConfUtils.java:logGet(43)) - raft.server.log.write.buffer.size = 33554432 (custom)
2019-08-23 01:49:34,483 [pool-455-thread-1] INFO  server.RaftServerConfigKeys (ConfUtils.java:logGet(43)) - raft.server.log.force.sync.num = 128 (default)
2019-08-23 01:49:34,484 [pool-455-thread-1] INFO  server.RaftServerConfigKeys (ConfUtils.java:logGet(43)) - raft.server.log.statemachine.data.sync = true (default)
2019-08-23 01:49:34,484 [pool-455-thread-1] INFO  server.RaftServerConfigKeys (ConfUtils.java:logGet(43)) - raft.server.log.statemachine.data.sync.timeout = 10s (default)
2019-08-23 01:49:34,484 [pool-455-thread-1] INFO  server.RaftServerConfigKeys (ConfUtils.java:logGet(43)) - raft.server.log.statemachine.data.sync.timeout.retry = -1 (default)
2019-08-23 01:49:34,484 [pool-455-thread-1] INFO  server.RaftServerConfigKeys (ConfUtils.java:logGet(43)) - raft.server.log.statemachine.data.caching.enabled = true (custom)
2019-08-23 01:49:34,484 [pool-455-thread-1] INFO  segmented.SegmentedRaftLogWorker (SegmentedRaftLogWorker.java:lambda$new$0(132)) - 33de8731-90a9-402d-b62b-44837c115f8f-SegmentedRaftLogWorker:Storage Directory /workdir/hadoop-ozone/integration-test/target/test-dir/MiniOzoneClusterImpl-0943eb9e-b08a-41ed-9047-9abe96000917/datanode-4/data/ratis/a70e6922-7a61-45ae-802a-2b5fd0b7b1c2: flushIndex: setUnconditionally 0 -> -1
2019-08-23 01:49:34,485 [pool-455-thread-1] INFO  server.RaftServerConfigKeys (ConfUtils.java:logGet(43)) - raft.server.snapshot.auto.trigger.enabled = true (custom)
2019-08-23 01:49:34,485 [pool-455-thread-1] INFO  server.RaftServerConfigKeys (ConfUtils.java:logGet(43)) - raft.server.snapshot.auto.trigger.threshold = 10000 (custom)
2019-08-23 01:49:34,485 [pool-455-thread-1] INFO  server.RaftServerConfigKeys (ConfUtils.java:logGet(43)) - raft.server.retrycache.expirytime = 600000ms (custom)
2019-08-23 01:49:34,485 [pool-455-thread-1] INFO  impl.RaftServerImpl (RaftServerImpl.java:start(180)) - 33de8731-90a9-402d-b62b-44837c115f8f: start group-2B5FD0B7B1C2
2019-08-23 01:49:34,485 [pool-455-thread-1] INFO  impl.RaftServerImpl (RaftServerImpl.java:setRole(171)) - 33de8731-90a9-402d-b62b-44837c115f8f:group-2B5FD0B7B1C2 changes role from null to FOLLOWER at term 0 for startAsFollower
2019-08-23 01:49:34,485 [pool-455-thread-1] INFO  impl.RoleInfo (RoleInfo.java:updateAndGet(143)) - 33de8731-90a9-402d-b62b-44837c115f8f: start FollowerState
2019-08-23 01:49:34,486 [pool-455-thread-1] INFO  util.JmxRegister (JmxRegister.java:tryRegister(44)) - Successfully registered JMX Bean with object name Ratis:service=RaftServer,group=group-2B5FD0B7B1C2,id=33de8731-90a9-402d-b62b-44837c115f8f
2019-08-23 01:49:34,488 [RatisPipelineUtilsThread] INFO  pipeline.PipelineStateManager (PipelineStateManager.java:addPipeline(56)) - Created pipeline Pipeline[ Id: a70e6922-7a61-45ae-802a-2b5fd0b7b1c2, Nodes: 33de8731-90a9-402d-b62b-44837c115f8f{ip: 192.168.34.22, host: pr-hdds-1909-sn94l-363750510, networkLocation: /default-rack, certSerialId: null}, Type:RATIS, Factor:ONE, State:OPEN]
2019-08-23 01:49:34,590 [IPC Server handler 16 on 35880] INFO  net.NetworkTopology (NetworkTopologyImpl.java:add(110)) - Added a new node: /default-rack/b4a62b05-b08c-4a73-8fb1-2aa21dc66f39
2019-08-23 01:49:34,591 [IPC Server handler 16 on 35880] INFO  node.SCMNodeManager (SCMNodeManager.java:register(273)) - Registered Data node : b4a62b05-b08c-4a73-8fb1-2aa21dc66f39{ip: 192.168.34.22, host: pr-hdds-1909-sn94l-363750510, networkLocation: /default-rack, certSerialId: null}
2019-08-23 01:49:34,591 | INFO  | SCMAudit | user=jenkins1000 | ip=192.168.34.22 | op=REGISTER {datanodeDetails=b4a62b05-b08c-4a73-8fb1-2aa21dc66f39{ip: 192.168.34.22, host: pr-hdds-1909-sn94l-363750510, networkLocation: /default-rack, certSerialId: null}} | ret=SUCCESS |  
2019-08-23 01:49:34,598 [grpc-default-executor-1] INFO  impl.RaftServerProxy (RaftServerProxy.java:addNew(89)) - b4a62b05-b08c-4a73-8fb1-2aa21dc66f39: addNew group-C3F89421C0B9:[b4a62b05-b08c-4a73-8fb1-2aa21dc66f39:192.168.34.22:34313] returns group-C3F89421C0B9:java.util.concurrent.CompletableFuture@6d3f67a4[Not completed]
2019-08-23 01:49:34,599 [pool-466-thread-1] INFO  impl.RaftServerImpl (RaftServerImpl.java:<init>(93)) - b4a62b05-b08c-4a73-8fb1-2aa21dc66f39: new RaftServerImpl for group-C3F89421C0B9:[b4a62b05-b08c-4a73-8fb1-2aa21dc66f39:192.168.34.22:34313] with ContainerStateMachine:uninitialized
2019-08-23 01:49:34,599 [pool-466-thread-1] INFO  server.RaftServerConfigKeys (ConfUtils.java:logGet(43)) - raft.server.rpc.timeout.min = 5s (custom)
2019-08-23 01:49:34,599 [pool-466-thread-1] INFO  server.RaftServerConfigKeys (ConfUtils.java:logGet(43)) - raft.server.rpc.timeout.max = 5200ms (custom)
2019-08-23 01:49:34,599 [pool-466-thread-1] INFO  server.RaftServerConfigKeys (ConfUtils.java:logGet(43)) - raft.server.rpcslowness.timeout = 120s (custom)
2019-08-23 01:49:34,599 [pool-466-thread-1] INFO  server.RaftServerConfigKeys (ConfUtils.java:logGet(43)) - raft.server.sleep.deviation.threshold = 300 (default)
2019-08-23 01:49:34,599 [pool-466-thread-1] INFO  server.RaftServerConfigKeys (ConfUtils.java:logGet(43)) - raft.server.log.appender.install.snapshot.enabled = false (custom)
2019-08-23 01:49:34,599 [pool-466-thread-1] INFO  impl.RaftServerImpl (ServerState.java:<init>(105)) - b4a62b05-b08c-4a73-8fb1-2aa21dc66f39:group-C3F89421C0B9 ConfigurationManager, init=-1: [b4a62b05-b08c-4a73-8fb1-2aa21dc66f39:192.168.34.22:34313], old=null, confs=<EMPTY_MAP>
2019-08-23 01:49:34,599 [pool-466-thread-1] INFO  server.RaftServerConfigKeys (ConfUtils.java:logGet(43)) - raft.server.storage.dir = [/workdir/hadoop-ozone/integration-test/target/test-dir/MiniOzoneClusterImpl-0943eb9e-b08a-41ed-9047-9abe96000917/datanode-5/data/ratis] (custom)
2019-08-23 01:49:34,600 [pool-466-thread-1] INFO  storage.RaftStorageDirectory (RaftStorageDirectory.java:analyzeStorage(246)) - The storage directory /workdir/hadoop-ozone/integration-test/target/test-dir/MiniOzoneClusterImpl-0943eb9e-b08a-41ed-9047-9abe96000917/datanode-5/data/ratis/9f4f84b6-08f3-455a-af9c-c3f89421c0b9 does not exist. Creating ...
2019-08-23 01:49:34,611 [pool-466-thread-1] INFO  storage.RaftStorageDirectory (RaftStorageDirectory.java:tryLock(328)) - Lock on /workdir/hadoop-ozone/integration-test/target/test-dir/MiniOzoneClusterImpl-0943eb9e-b08a-41ed-9047-9abe96000917/datanode-5/data/ratis/9f4f84b6-08f3-455a-af9c-c3f89421c0b9/in_use.lock acquired by nodename 12666@pr-hdds-1909-sn94l-363750510
2019-08-23 01:49:34,624 [pool-466-thread-1] INFO  storage.RaftStorage (RaftStorage.java:format(72)) - Storage directory /workdir/hadoop-ozone/integration-test/target/test-dir/MiniOzoneClusterImpl-0943eb9e-b08a-41ed-9047-9abe96000917/datanode-5/data/ratis/9f4f84b6-08f3-455a-af9c-c3f89421c0b9 has been successfully formatted.
2019-08-23 01:49:34,625 [pool-466-thread-1] INFO  ratis.ContainerStateMachine (ContainerStateMachine.java:loadSnapshot(226)) - group-C3F89421C0B9: The snapshot info is null. Setting the last applied indexto:(t:0, i:~)
2019-08-23 01:49:34,625 [pool-466-thread-1] INFO  server.RaftServerConfigKeys (ConfUtils.java:logGet(43)) - raft.server.leader.election.timeout = 120s (custom)
2019-08-23 01:49:34,625 [pool-466-thread-1] INFO  server.RaftServerConfigKeys (ConfUtils.java:logGet(43)) - raft.server.log.use.memory = false (default)
2019-08-23 01:49:34,625 [pool-466-thread-1] INFO  server.RaftServerConfigKeys (ConfUtils.java:logGet(43)) - raft.server.log.purge.gap = 1000000 (custom)
2019-08-23 01:49:34,625 [pool-466-thread-1] INFO  server.RaftServerConfigKeys (ConfUtils.java:logGet(43)) - raft.server.log.appender.buffer.byte-limit = 33554432 (custom)
2019-08-23 01:49:34,625 [pool-466-thread-1] INFO  server.RaftServerConfigKeys (ConfUtils.java:logGet(43)) - raft.server.log.segment.size.max = 1048576 (custom)
2019-08-23 01:49:34,625 [pool-466-thread-1] INFO  server.RaftServerConfigKeys (ConfUtils.java:logGet(43)) - raft.server.log.segment.cache.num.max = 2 (custom)
2019-08-23 01:49:34,625 [pool-466-thread-1] INFO  segmented.SegmentedRaftLogWorker (SegmentedRaftLogWorker.java:<init>(172)) - new b4a62b05-b08c-4a73-8fb1-2aa21dc66f39-SegmentedRaftLogWorker:Storage Directory /workdir/hadoop-ozone/integration-test/target/test-dir/MiniOzoneClusterImpl-0943eb9e-b08a-41ed-9047-9abe96000917/datanode-5/data/ratis/9f4f84b6-08f3-455a-af9c-c3f89421c0b9 for RaftStorage:Storage Directory /workdir/hadoop-ozone/integration-test/target/test-dir/MiniOzoneClusterImpl-0943eb9e-b08a-41ed-9047-9abe96000917/datanode-5/data/ratis/9f4f84b6-08f3-455a-af9c-c3f89421c0b9
2019-08-23 01:49:34,625 [pool-466-thread-1] INFO  server.RaftServerConfigKeys (ConfUtils.java:logGet(43)) - raft.server.log.queue.byte-limit = 2147483647 (custom)
2019-08-23 01:49:34,625 [pool-466-thread-1] INFO  server.RaftServerConfigKeys (ConfUtils.java:logGet(43)) - raft.server.log.queue.element-limit = 1024 (custom)
2019-08-23 01:49:34,626 [pool-466-thread-1] INFO  server.RaftServerConfigKeys (ConfUtils.java:logGet(43)) - raft.server.log.segment.size.max = 1048576 (custom)
2019-08-23 01:49:34,626 [pool-466-thread-1] INFO  server.RaftServerConfigKeys (ConfUtils.java:logGet(43)) - raft.server.log.preallocated.size = 16384 (custom)
2019-08-23 01:49:34,626 [pool-466-thread-1] INFO  server.RaftServerConfigKeys (ConfUtils.java:logGet(43)) - raft.server.log.write.buffer.size = 33554432 (custom)
2019-08-23 01:49:34,626 [pool-466-thread-1] INFO  server.RaftServerConfigKeys (ConfUtils.java:logGet(43)) - raft.server.log.force.sync.num = 128 (default)
2019-08-23 01:49:34,626 [pool-466-thread-1] INFO  server.RaftServerConfigKeys (ConfUtils.java:logGet(43)) - raft.server.log.statemachine.data.sync = true (default)
2019-08-23 01:49:34,626 [pool-466-thread-1] INFO  server.RaftServerConfigKeys (ConfUtils.java:logGet(43)) - raft.server.log.statemachine.data.sync.timeout = 10s (default)
2019-08-23 01:49:34,626 [pool-466-thread-1] INFO  server.RaftServerConfigKeys (ConfUtils.java:logGet(43)) - raft.server.log.statemachine.data.sync.timeout.retry = -1 (default)
2019-08-23 01:49:34,626 [pool-466-thread-1] INFO  server.RaftServerConfigKeys (ConfUtils.java:logGet(43)) - raft.server.log.statemachine.data.caching.enabled = true (custom)
2019-08-23 01:49:34,627 [pool-466-thread-1] INFO  segmented.SegmentedRaftLogWorker (SegmentedRaftLogWorker.java:lambda$new$0(132)) - b4a62b05-b08c-4a73-8fb1-2aa21dc66f39-SegmentedRaftLogWorker:Storage Directory /workdir/hadoop-ozone/integration-test/target/test-dir/MiniOzoneClusterImpl-0943eb9e-b08a-41ed-9047-9abe96000917/datanode-5/data/ratis/9f4f84b6-08f3-455a-af9c-c3f89421c0b9: flushIndex: setUnconditionally 0 -> -1
2019-08-23 01:49:34,627 [pool-466-thread-1] INFO  server.RaftServerConfigKeys (ConfUtils.java:logGet(43)) - raft.server.snapshot.auto.trigger.enabled = true (custom)
2019-08-23 01:49:34,627 [pool-466-thread-1] INFO  server.RaftServerConfigKeys (ConfUtils.java:logGet(43)) - raft.server.snapshot.auto.trigger.threshold = 10000 (custom)
2019-08-23 01:49:34,627 [pool-466-thread-1] INFO  server.RaftServerConfigKeys (ConfUtils.java:logGet(43)) - raft.server.retrycache.expirytime = 600000ms (custom)
2019-08-23 01:49:34,627 [pool-466-thread-1] INFO  impl.RaftServerImpl (RaftServerImpl.java:start(180)) - b4a62b05-b08c-4a73-8fb1-2aa21dc66f39: start group-C3F89421C0B9
2019-08-23 01:49:34,627 [pool-466-thread-1] INFO  impl.RaftServerImpl (RaftServerImpl.java:setRole(171)) - b4a62b05-b08c-4a73-8fb1-2aa21dc66f39:group-C3F89421C0B9 changes role from null to FOLLOWER at term 0 for startAsFollower
2019-08-23 01:49:34,627 [pool-466-thread-1] INFO  impl.RoleInfo (RoleInfo.java:updateAndGet(143)) - b4a62b05-b08c-4a73-8fb1-2aa21dc66f39: start FollowerState
2019-08-23 01:49:34,628 [pool-466-thread-1] INFO  util.JmxRegister (JmxRegister.java:tryRegister(44)) - Successfully registered JMX Bean with object name Ratis:service=RaftServer,group=group-C3F89421C0B9,id=b4a62b05-b08c-4a73-8fb1-2aa21dc66f39
2019-08-23 01:49:34,630 [RatisPipelineUtilsThread] INFO  pipeline.PipelineStateManager (PipelineStateManager.java:addPipeline(56)) - Created pipeline Pipeline[ Id: 9f4f84b6-08f3-455a-af9c-c3f89421c0b9, Nodes: b4a62b05-b08c-4a73-8fb1-2aa21dc66f39{ip: 192.168.34.22, host: pr-hdds-1909-sn94l-363750510, networkLocation: /default-rack, certSerialId: null}, Type:RATIS, Factor:ONE, State:OPEN]
2019-08-23 01:49:34,648 [grpc-default-executor-4] INFO  impl.RaftServerProxy (RaftServerProxy.java:addNew(89)) - 460b0f97-1b5f-49b0-a00e-827137c6a5da: addNew group-F17F7CC0BA9E:[460b0f97-1b5f-49b0-a00e-827137c6a5da:192.168.34.22:33150, 33de8731-90a9-402d-b62b-44837c115f8f:192.168.34.22:34064, b4a62b05-b08c-4a73-8fb1-2aa21dc66f39:192.168.34.22:34313] returns group-F17F7CC0BA9E:java.util.concurrent.CompletableFuture@36eb3b22[Not completed]
2019-08-23 01:49:34,648 [grpc-default-executor-7] INFO  impl.RaftServerProxy (RaftServerProxy.java:addNew(89)) - b4a62b05-b08c-4a73-8fb1-2aa21dc66f39: addNew group-F17F7CC0BA9E:[460b0f97-1b5f-49b0-a00e-827137c6a5da:192.168.34.22:33150, 33de8731-90a9-402d-b62b-44837c115f8f:192.168.34.22:34064, b4a62b05-b08c-4a73-8fb1-2aa21dc66f39:192.168.34.22:34313] returns group-F17F7CC0BA9E:java.util.concurrent.CompletableFuture@74828107[Not completed]
2019-08-23 01:49:34,648 [grpc-default-executor-4] INFO  impl.RaftServerProxy (RaftServerProxy.java:addNew(89)) - 33de8731-90a9-402d-b62b-44837c115f8f: addNew group-F17F7CC0BA9E:[460b0f97-1b5f-49b0-a00e-827137c6a5da:192.168.34.22:33150, 33de8731-90a9-402d-b62b-44837c115f8f:192.168.34.22:34064, b4a62b05-b08c-4a73-8fb1-2aa21dc66f39:192.168.34.22:34313] returns group-F17F7CC0BA9E:java.util.concurrent.CompletableFuture@4ed3fcfe[Not completed]
2019-08-23 01:49:34,649 [pool-444-thread-1] INFO  impl.RaftServerImpl (RaftServerImpl.java:<init>(93)) - 460b0f97-1b5f-49b0-a00e-827137c6a5da: new RaftServerImpl for group-F17F7CC0BA9E:[460b0f97-1b5f-49b0-a00e-827137c6a5da:192.168.34.22:33150, 33de8731-90a9-402d-b62b-44837c115f8f:192.168.34.22:34064, b4a62b05-b08c-4a73-8fb1-2aa21dc66f39:192.168.34.22:34313] with ContainerStateMachine:uninitialized
2019-08-23 01:49:34,649 [pool-444-thread-1] INFO  server.RaftServerConfigKeys (ConfUtils.java:logGet(43)) - raft.server.rpc.timeout.min = 5s (custom)
2019-08-23 01:49:34,649 [pool-444-thread-1] INFO  server.RaftServerConfigKeys (ConfUtils.java:logGet(43)) - raft.server.rpc.timeout.max = 5200ms (custom)
2019-08-23 01:49:34,649 [pool-444-thread-1] INFO  server.RaftServerConfigKeys (ConfUtils.java:logGet(43)) - raft.server.rpcslowness.timeout = 120s (custom)
2019-08-23 01:49:34,649 [pool-455-thread-1] INFO  impl.RaftServerImpl (RaftServerImpl.java:<init>(93)) - 33de8731-90a9-402d-b62b-44837c115f8f: new RaftServerImpl for group-F17F7CC0BA9E:[460b0f97-1b5f-49b0-a00e-827137c6a5da:192.168.34.22:33150, 33de8731-90a9-402d-b62b-44837c115f8f:192.168.34.22:34064, b4a62b05-b08c-4a73-8fb1-2aa21dc66f39:192.168.34.22:34313] with ContainerStateMachine:uninitialized
2019-08-23 01:49:34,649 [pool-466-thread-1] INFO  impl.RaftServerImpl (RaftServerImpl.java:<init>(93)) - b4a62b05-b08c-4a73-8fb1-2aa21dc66f39: new RaftServerImpl for group-F17F7CC0BA9E:[460b0f97-1b5f-49b0-a00e-827137c6a5da:192.168.34.22:33150, 33de8731-90a9-402d-b62b-44837c115f8f:192.168.34.22:34064, b4a62b05-b08c-4a73-8fb1-2aa21dc66f39:192.168.34.22:34313] with ContainerStateMachine:uninitialized
2019-08-23 01:49:34,649 [pool-444-thread-1] INFO  server.RaftServerConfigKeys (ConfUtils.java:logGet(43)) - raft.server.sleep.deviation.threshold = 300 (default)
2019-08-23 01:49:34,649 [pool-466-thread-1] INFO  server.RaftServerConfigKeys (ConfUtils.java:logGet(43)) - raft.server.rpc.timeout.min = 5s (custom)
2019-08-23 01:49:34,649 [pool-455-thread-1] INFO  server.RaftServerConfigKeys (ConfUtils.java:logGet(43)) - raft.server.rpc.timeout.min = 5s (custom)
2019-08-23 01:49:34,650 [pool-466-thread-1] INFO  server.RaftServerConfigKeys (ConfUtils.java:logGet(43)) - raft.server.rpc.timeout.max = 5200ms (custom)
2019-08-23 01:49:34,650 [pool-444-thread-1] INFO  server.RaftServerConfigKeys (ConfUtils.java:logGet(43)) - raft.server.log.appender.install.snapshot.enabled = false (custom)
2019-08-23 01:49:34,650 [pool-466-thread-1] INFO  server.RaftServerConfigKeys (ConfUtils.java:logGet(43)) - raft.server.rpcslowness.timeout = 120s (custom)
2019-08-23 01:49:34,650 [pool-455-thread-1] INFO  server.RaftServerConfigKeys (ConfUtils.java:logGet(43)) - raft.server.rpc.timeout.max = 5200ms (custom)
2019-08-23 01:49:34,650 [pool-466-thread-1] INFO  server.RaftServerConfigKeys (ConfUtils.java:logGet(43)) - raft.server.sleep.deviation.threshold = 300 (default)
2019-08-23 01:49:34,650 [pool-444-thread-1] INFO  impl.RaftServerImpl (ServerState.java:<init>(105)) - 460b0f97-1b5f-49b0-a00e-827137c6a5da:group-F17F7CC0BA9E ConfigurationManager, init=-1: [460b0f97-1b5f-49b0-a00e-827137c6a5da:192.168.34.22:33150, 33de8731-90a9-402d-b62b-44837c115f8f:192.168.34.22:34064, b4a62b05-b08c-4a73-8fb1-2aa21dc66f39:192.168.34.22:34313], old=null, confs=<EMPTY_MAP>
2019-08-23 01:49:34,650 [pool-466-thread-1] INFO  server.RaftServerConfigKeys (ConfUtils.java:logGet(43)) - raft.server.log.appender.install.snapshot.enabled = false (custom)
2019-08-23 01:49:34,650 [pool-455-thread-1] INFO  server.RaftServerConfigKeys (ConfUtils.java:logGet(43)) - raft.server.rpcslowness.timeout = 120s (custom)
2019-08-23 01:49:34,650 [pool-466-thread-1] INFO  impl.RaftServerImpl (ServerState.java:<init>(105)) - b4a62b05-b08c-4a73-8fb1-2aa21dc66f39:group-F17F7CC0BA9E ConfigurationManager, init=-1: [460b0f97-1b5f-49b0-a00e-827137c6a5da:192.168.34.22:33150, 33de8731-90a9-402d-b62b-44837c115f8f:192.168.34.22:34064, b4a62b05-b08c-4a73-8fb1-2aa21dc66f39:192.168.34.22:34313], old=null, confs=<EMPTY_MAP>
2019-08-23 01:49:34,650 [pool-444-thread-1] INFO  server.RaftServerConfigKeys (ConfUtils.java:logGet(43)) - raft.server.storage.dir = [/workdir/hadoop-ozone/integration-test/target/test-dir/MiniOzoneClusterImpl-0943eb9e-b08a-41ed-9047-9abe96000917/datanode-3/data/ratis] (custom)
2019-08-23 01:49:34,651 [pool-466-thread-1] INFO  server.RaftServerConfigKeys (ConfUtils.java:logGet(43)) - raft.server.storage.dir = [/workdir/hadoop-ozone/integration-test/target/test-dir/MiniOzoneClusterImpl-0943eb9e-b08a-41ed-9047-9abe96000917/datanode-5/data/ratis] (custom)
2019-08-23 01:49:34,650 [pool-455-thread-1] INFO  server.RaftServerConfigKeys (ConfUtils.java:logGet(43)) - raft.server.sleep.deviation.threshold = 300 (default)
2019-08-23 01:49:34,651 [pool-455-thread-1] INFO  server.RaftServerConfigKeys (ConfUtils.java:logGet(43)) - raft.server.log.appender.install.snapshot.enabled = false (custom)
2019-08-23 01:49:34,651 [pool-444-thread-1] INFO  storage.RaftStorageDirectory (RaftStorageDirectory.java:analyzeStorage(246)) - The storage directory /workdir/hadoop-ozone/integration-test/target/test-dir/MiniOzoneClusterImpl-0943eb9e-b08a-41ed-9047-9abe96000917/datanode-3/data/ratis/bb12dc2f-fece-4c68-8b5f-f17f7cc0ba9e does not exist. Creating ...
2019-08-23 01:49:34,651 [pool-466-thread-1] INFO  storage.RaftStorageDirectory (RaftStorageDirectory.java:analyzeStorage(246)) - The storage directory /workdir/hadoop-ozone/integration-test/target/test-dir/MiniOzoneClusterImpl-0943eb9e-b08a-41ed-9047-9abe96000917/datanode-5/data/ratis/bb12dc2f-fece-4c68-8b5f-f17f7cc0ba9e does not exist. Creating ...
2019-08-23 01:49:34,651 [pool-455-thread-1] INFO  impl.RaftServerImpl (ServerState.java:<init>(105)) - 33de8731-90a9-402d-b62b-44837c115f8f:group-F17F7CC0BA9E ConfigurationManager, init=-1: [460b0f97-1b5f-49b0-a00e-827137c6a5da:192.168.34.22:33150, 33de8731-90a9-402d-b62b-44837c115f8f:192.168.34.22:34064, b4a62b05-b08c-4a73-8fb1-2aa21dc66f39:192.168.34.22:34313], old=null, confs=<EMPTY_MAP>
2019-08-23 01:49:34,651 [pool-455-thread-1] INFO  server.RaftServerConfigKeys (ConfUtils.java:logGet(43)) - raft.server.storage.dir = [/workdir/hadoop-ozone/integration-test/target/test-dir/MiniOzoneClusterImpl-0943eb9e-b08a-41ed-9047-9abe96000917/datanode-4/data/ratis] (custom)
2019-08-23 01:49:34,651 [pool-455-thread-1] INFO  storage.RaftStorageDirectory (RaftStorageDirectory.java:analyzeStorage(246)) - The storage directory /workdir/hadoop-ozone/integration-test/target/test-dir/MiniOzoneClusterImpl-0943eb9e-b08a-41ed-9047-9abe96000917/datanode-4/data/ratis/bb12dc2f-fece-4c68-8b5f-f17f7cc0ba9e does not exist. Creating ...
2019-08-23 01:49:34,664 [pool-444-thread-1] INFO  storage.RaftStorageDirectory (RaftStorageDirectory.java:tryLock(328)) - Lock on /workdir/hadoop-ozone/integration-test/target/test-dir/MiniOzoneClusterImpl-0943eb9e-b08a-41ed-9047-9abe96000917/datanode-3/data/ratis/bb12dc2f-fece-4c68-8b5f-f17f7cc0ba9e/in_use.lock acquired by nodename 12666@pr-hdds-1909-sn94l-363750510
2019-08-23 01:49:34,664 [pool-455-thread-1] INFO  storage.RaftStorageDirectory (RaftStorageDirectory.java:tryLock(328)) - Lock on /workdir/hadoop-ozone/integration-test/target/test-dir/MiniOzoneClusterImpl-0943eb9e-b08a-41ed-9047-9abe96000917/datanode-4/data/ratis/bb12dc2f-fece-4c68-8b5f-f17f7cc0ba9e/in_use.lock acquired by nodename 12666@pr-hdds-1909-sn94l-363750510
2019-08-23 01:49:34,664 [pool-466-thread-1] INFO  storage.RaftStorageDirectory (RaftStorageDirectory.java:tryLock(328)) - Lock on /workdir/hadoop-ozone/integration-test/target/test-dir/MiniOzoneClusterImpl-0943eb9e-b08a-41ed-9047-9abe96000917/datanode-5/data/ratis/bb12dc2f-fece-4c68-8b5f-f17f7cc0ba9e/in_use.lock acquired by nodename 12666@pr-hdds-1909-sn94l-363750510
2019-08-23 01:49:34,678 [pool-455-thread-1] INFO  storage.RaftStorage (RaftStorage.java:format(72)) - Storage directory /workdir/hadoop-ozone/integration-test/target/test-dir/MiniOzoneClusterImpl-0943eb9e-b08a-41ed-9047-9abe96000917/datanode-4/data/ratis/bb12dc2f-fece-4c68-8b5f-f17f7cc0ba9e has been successfully formatted.
2019-08-23 01:49:34,678 [pool-444-thread-1] INFO  storage.RaftStorage (RaftStorage.java:format(72)) - Storage directory /workdir/hadoop-ozone/integration-test/target/test-dir/MiniOzoneClusterImpl-0943eb9e-b08a-41ed-9047-9abe96000917/datanode-3/data/ratis/bb12dc2f-fece-4c68-8b5f-f17f7cc0ba9e has been successfully formatted.
2019-08-23 01:49:34,678 [pool-455-thread-1] INFO  ratis.ContainerStateMachine (ContainerStateMachine.java:loadSnapshot(226)) - group-F17F7CC0BA9E: The snapshot info is null. Setting the last applied indexto:(t:0, i:~)
2019-08-23 01:49:34,678 [pool-466-thread-1] INFO  storage.RaftStorage (RaftStorage.java:format(72)) - Storage directory /workdir/hadoop-ozone/integration-test/target/test-dir/MiniOzoneClusterImpl-0943eb9e-b08a-41ed-9047-9abe96000917/datanode-5/data/ratis/bb12dc2f-fece-4c68-8b5f-f17f7cc0ba9e has been successfully formatted.
2019-08-23 01:49:34,679 [pool-455-thread-1] INFO  server.RaftServerConfigKeys (ConfUtils.java:logGet(43)) - raft.server.leader.election.timeout = 120s (custom)
2019-08-23 01:49:34,679 [pool-444-thread-1] INFO  ratis.ContainerStateMachine (ContainerStateMachine.java:loadSnapshot(226)) - group-F17F7CC0BA9E: The snapshot info is null. Setting the last applied indexto:(t:0, i:~)
2019-08-23 01:49:34,679 [pool-455-thread-1] INFO  server.RaftServerConfigKeys (ConfUtils.java:logGet(43)) - raft.server.log.use.memory = false (default)
2019-08-23 01:49:34,679 [pool-466-thread-1] INFO  ratis.ContainerStateMachine (ContainerStateMachine.java:loadSnapshot(226)) - group-F17F7CC0BA9E: The snapshot info is null. Setting the last applied indexto:(t:0, i:~)
2019-08-23 01:49:34,679 [pool-455-thread-1] INFO  server.RaftServerConfigKeys (ConfUtils.java:logGet(43)) - raft.server.log.purge.gap = 1000000 (custom)
2019-08-23 01:49:34,679 [pool-444-thread-1] INFO  server.RaftServerConfigKeys (ConfUtils.java:logGet(43)) - raft.server.leader.election.timeout = 120s (custom)
2019-08-23 01:49:34,679 [pool-455-thread-1] INFO  server.RaftServerConfigKeys (ConfUtils.java:logGet(43)) - raft.server.log.appender.buffer.byte-limit = 33554432 (custom)
2019-08-23 01:49:34,679 [pool-466-thread-1] INFO  server.RaftServerConfigKeys (ConfUtils.java:logGet(43)) - raft.server.leader.election.timeout = 120s (custom)
2019-08-23 01:49:34,679 [pool-455-thread-1] INFO  server.RaftServerConfigKeys (ConfUtils.java:logGet(43)) - raft.server.log.segment.size.max = 1048576 (custom)
2019-08-23 01:49:34,679 [pool-444-thread-1] INFO  server.RaftServerConfigKeys (ConfUtils.java:logGet(43)) - raft.server.log.use.memory = false (default)
2019-08-23 01:49:34,680 [pool-455-thread-1] INFO  server.RaftServerConfigKeys (ConfUtils.java:logGet(43)) - raft.server.log.segment.cache.num.max = 2 (custom)
2019-08-23 01:49:34,679 [pool-466-thread-1] INFO  server.RaftServerConfigKeys (ConfUtils.java:logGet(43)) - raft.server.log.use.memory = false (default)
2019-08-23 01:49:34,680 [pool-455-thread-1] INFO  segmented.SegmentedRaftLogWorker (SegmentedRaftLogWorker.java:<init>(172)) - new 33de8731-90a9-402d-b62b-44837c115f8f-SegmentedRaftLogWorker:Storage Directory /workdir/hadoop-ozone/integration-test/target/test-dir/MiniOzoneClusterImpl-0943eb9e-b08a-41ed-9047-9abe96000917/datanode-4/data/ratis/bb12dc2f-fece-4c68-8b5f-f17f7cc0ba9e for RaftStorage:Storage Directory /workdir/hadoop-ozone/integration-test/target/test-dir/MiniOzoneClusterImpl-0943eb9e-b08a-41ed-9047-9abe96000917/datanode-4/data/ratis/bb12dc2f-fece-4c68-8b5f-f17f7cc0ba9e
2019-08-23 01:49:34,680 [pool-444-thread-1] INFO  server.RaftServerConfigKeys (ConfUtils.java:logGet(43)) - raft.server.log.purge.gap = 1000000 (custom)
2019-08-23 01:49:34,680 [pool-455-thread-1] INFO  server.RaftServerConfigKeys (ConfUtils.java:logGet(43)) - raft.server.log.queue.byte-limit = 2147483647 (custom)
2019-08-23 01:49:34,680 [pool-466-thread-1] INFO  server.RaftServerConfigKeys (ConfUtils.java:logGet(43)) - raft.server.log.purge.gap = 1000000 (custom)
2019-08-23 01:49:34,680 [pool-455-thread-1] INFO  server.RaftServerConfigKeys (ConfUtils.java:logGet(43)) - raft.server.log.queue.element-limit = 1024 (custom)
2019-08-23 01:49:34,680 [pool-444-thread-1] INFO  server.RaftServerConfigKeys (ConfUtils.java:logGet(43)) - raft.server.log.appender.buffer.byte-limit = 33554432 (custom)
2019-08-23 01:49:34,680 [pool-455-thread-1] INFO  server.RaftServerConfigKeys (ConfUtils.java:logGet(43)) - raft.server.log.segment.size.max = 1048576 (custom)
2019-08-23 01:49:34,680 [pool-466-thread-1] INFO  server.RaftServerConfigKeys (ConfUtils.java:logGet(43)) - raft.server.log.appender.buffer.byte-limit = 33554432 (custom)
2019-08-23 01:49:34,680 [pool-455-thread-1] INFO  server.RaftServerConfigKeys (ConfUtils.java:logGet(43)) - raft.server.log.preallocated.size = 16384 (custom)
2019-08-23 01:49:34,680 [pool-444-thread-1] INFO  server.RaftServerConfigKeys (ConfUtils.java:logGet(43)) - raft.server.log.segment.size.max = 1048576 (custom)
2019-08-23 01:49:34,681 [pool-455-thread-1] INFO  server.RaftServerConfigKeys (ConfUtils.java:logGet(43)) - raft.server.log.write.buffer.size = 33554432 (custom)
2019-08-23 01:49:34,681 [pool-466-thread-1] INFO  server.RaftServerConfigKeys (ConfUtils.java:logGet(43)) - raft.server.log.segment.size.max = 1048576 (custom)
2019-08-23 01:49:34,681 [pool-455-thread-1] INFO  server.RaftServerConfigKeys (ConfUtils.java:logGet(43)) - raft.server.log.force.sync.num = 128 (default)
2019-08-23 01:49:34,681 [pool-444-thread-1] INFO  server.RaftServerConfigKeys (ConfUtils.java:logGet(43)) - raft.server.log.segment.cache.num.max = 2 (custom)
2019-08-23 01:49:34,681 [pool-455-thread-1] INFO  server.RaftServerConfigKeys (ConfUtils.java:logGet(43)) - raft.server.log.statemachine.data.sync = true (default)
2019-08-23 01:49:34,681 [pool-466-thread-1] INFO  server.RaftServerConfigKeys (ConfUtils.java:logGet(43)) - raft.server.log.segment.cache.num.max = 2 (custom)
2019-08-23 01:49:34,681 [pool-455-thread-1] INFO  server.RaftServerConfigKeys (ConfUtils.java:logGet(43)) - raft.server.log.statemachine.data.sync.timeout = 10s (default)
2019-08-23 01:49:34,681 [pool-444-thread-1] INFO  segmented.SegmentedRaftLogWorker (SegmentedRaftLogWorker.java:<init>(172)) - new 460b0f97-1b5f-49b0-a00e-827137c6a5da-SegmentedRaftLogWorker:Storage Directory /workdir/hadoop-ozone/integration-test/target/test-dir/MiniOzoneClusterImpl-0943eb9e-b08a-41ed-9047-9abe96000917/datanode-3/data/ratis/bb12dc2f-fece-4c68-8b5f-f17f7cc0ba9e for RaftStorage:Storage Directory /workdir/hadoop-ozone/integration-test/target/test-dir/MiniOzoneClusterImpl-0943eb9e-b08a-41ed-9047-9abe96000917/datanode-3/data/ratis/bb12dc2f-fece-4c68-8b5f-f17f7cc0ba9e
2019-08-23 01:49:34,681 [pool-455-thread-1] INFO  server.RaftServerConfigKeys (ConfUtils.java:logGet(43)) - raft.server.log.statemachine.data.sync.timeout.retry = -1 (default)
2019-08-23 01:49:34,681 [pool-466-thread-1] INFO  segmented.SegmentedRaftLogWorker (SegmentedRaftLogWorker.java:<init>(172)) - new b4a62b05-b08c-4a73-8fb1-2aa21dc66f39-SegmentedRaftLogWorker:Storage Directory /workdir/hadoop-ozone/integration-test/target/test-dir/MiniOzoneClusterImpl-0943eb9e-b08a-41ed-9047-9abe96000917/datanode-5/data/ratis/bb12dc2f-fece-4c68-8b5f-f17f7cc0ba9e for RaftStorage:Storage Directory /workdir/hadoop-ozone/integration-test/target/test-dir/MiniOzoneClusterImpl-0943eb9e-b08a-41ed-9047-9abe96000917/datanode-5/data/ratis/bb12dc2f-fece-4c68-8b5f-f17f7cc0ba9e
2019-08-23 01:49:34,682 [pool-455-thread-1] INFO  server.RaftServerConfigKeys (ConfUtils.java:logGet(43)) - raft.server.log.statemachine.data.caching.enabled = true (custom)
2019-08-23 01:49:34,682 [pool-444-thread-1] INFO  server.RaftServerConfigKeys (ConfUtils.java:logGet(43)) - raft.server.log.queue.byte-limit = 2147483647 (custom)
2019-08-23 01:49:34,682 [pool-444-thread-1] INFO  server.RaftServerConfigKeys (ConfUtils.java:logGet(43)) - raft.server.log.queue.element-limit = 1024 (custom)
2019-08-23 01:49:34,682 [pool-466-thread-1] INFO  server.RaftServerConfigKeys (ConfUtils.java:logGet(43)) - raft.server.log.queue.byte-limit = 2147483647 (custom)
2019-08-23 01:49:34,682 [pool-444-thread-1] INFO  server.RaftServerConfigKeys (ConfUtils.java:logGet(43)) - raft.server.log.segment.size.max = 1048576 (custom)
2019-08-23 01:49:34,682 [pool-455-thread-1] INFO  segmented.SegmentedRaftLogWorker (SegmentedRaftLogWorker.java:lambda$new$0(132)) - 33de8731-90a9-402d-b62b-44837c115f8f-SegmentedRaftLogWorker:Storage Directory /workdir/hadoop-ozone/integration-test/target/test-dir/MiniOzoneClusterImpl-0943eb9e-b08a-41ed-9047-9abe96000917/datanode-4/data/ratis/bb12dc2f-fece-4c68-8b5f-f17f7cc0ba9e: flushIndex: setUnconditionally 0 -> -1
2019-08-23 01:49:34,682 [pool-444-thread-1] INFO  server.RaftServerConfigKeys (ConfUtils.java:logGet(43)) - raft.server.log.preallocated.size = 16384 (custom)
2019-08-23 01:49:34,682 [pool-455-thread-1] INFO  server.RaftServerConfigKeys (ConfUtils.java:logGet(43)) - raft.server.snapshot.auto.trigger.enabled = true (custom)
2019-08-23 01:49:34,682 [pool-466-thread-1] INFO  server.RaftServerConfigKeys (ConfUtils.java:logGet(43)) - raft.server.log.queue.element-limit = 1024 (custom)
2019-08-23 01:49:34,683 [pool-455-thread-1] INFO  server.RaftServerConfigKeys (ConfUtils.java:logGet(43)) - raft.server.snapshot.auto.trigger.threshold = 10000 (custom)
2019-08-23 01:49:34,682 [pool-444-thread-1] INFO  server.RaftServerConfigKeys (ConfUtils.java:logGet(43)) - raft.server.log.write.buffer.size = 33554432 (custom)
2019-08-23 01:49:34,683 [pool-455-thread-1] INFO  server.RaftServerConfigKeys (ConfUtils.java:logGet(43)) - raft.server.retrycache.expirytime = 600000ms (custom)
2019-08-23 01:49:34,683 [pool-466-thread-1] INFO  server.RaftServerConfigKeys (ConfUtils.java:logGet(43)) - raft.server.log.segment.size.max = 1048576 (custom)
2019-08-23 01:49:34,683 [pool-444-thread-1] INFO  server.RaftServerConfigKeys (ConfUtils.java:logGet(43)) - raft.server.log.force.sync.num = 128 (default)
2019-08-23 01:49:34,683 [pool-455-thread-1] INFO  impl.RaftServerImpl (RaftServerImpl.java:start(180)) - 33de8731-90a9-402d-b62b-44837c115f8f: start group-F17F7CC0BA9E
2019-08-23 01:49:34,683 [pool-466-thread-1] INFO  server.RaftServerConfigKeys (ConfUtils.java:logGet(43)) - raft.server.log.preallocated.size = 16384 (custom)
2019-08-23 01:49:34,683 [pool-455-thread-1] INFO  impl.RaftServerImpl (RaftServerImpl.java:setRole(171)) - 33de8731-90a9-402d-b62b-44837c115f8f:group-F17F7CC0BA9E changes role from null to FOLLOWER at term 0 for startAsFollower
2019-08-23 01:49:34,683 [pool-444-thread-1] INFO  server.RaftServerConfigKeys (ConfUtils.java:logGet(43)) - raft.server.log.statemachine.data.sync = true (default)
2019-08-23 01:49:34,683 [pool-455-thread-1] INFO  impl.RoleInfo (RoleInfo.java:updateAndGet(143)) - 33de8731-90a9-402d-b62b-44837c115f8f: start FollowerState
2019-08-23 01:49:34,683 [pool-466-thread-1] INFO  server.RaftServerConfigKeys (ConfUtils.java:logGet(43)) - raft.server.log.write.buffer.size = 33554432 (custom)
2019-08-23 01:49:34,684 [pool-444-thread-1] INFO  server.RaftServerConfigKeys (ConfUtils.java:logGet(43)) - raft.server.log.statemachine.data.sync.timeout = 10s (default)
2019-08-23 01:49:34,684 [pool-466-thread-1] INFO  server.RaftServerConfigKeys (ConfUtils.java:logGet(43)) - raft.server.log.force.sync.num = 128 (default)
2019-08-23 01:49:34,684 [pool-455-thread-1] INFO  util.JmxRegister (JmxRegister.java:tryRegister(44)) - Successfully registered JMX Bean with object name Ratis:service=RaftServer,group=group-F17F7CC0BA9E,id=33de8731-90a9-402d-b62b-44837c115f8f
2019-08-23 01:49:34,684 [pool-444-thread-1] INFO  server.RaftServerConfigKeys (ConfUtils.java:logGet(43)) - raft.server.log.statemachine.data.sync.timeout.retry = -1 (default)
2019-08-23 01:49:34,684 [pool-466-thread-1] INFO  server.RaftServerConfigKeys (ConfUtils.java:logGet(43)) - raft.server.log.statemachine.data.sync = true (default)
2019-08-23 01:49:34,684 [pool-444-thread-1] INFO  server.RaftServerConfigKeys (ConfUtils.java:logGet(43)) - raft.server.log.statemachine.data.caching.enabled = true (custom)
2019-08-23 01:49:34,684 [pool-466-thread-1] INFO  server.RaftServerConfigKeys (ConfUtils.java:logGet(43)) - raft.server.log.statemachine.data.sync.timeout = 10s (default)
2019-08-23 01:49:34,684 [pool-466-thread-1] INFO  server.RaftServerConfigKeys (ConfUtils.java:logGet(43)) - raft.server.log.statemachine.data.sync.timeout.retry = -1 (default)
2019-08-23 01:49:34,684 [pool-444-thread-1] INFO  segmented.SegmentedRaftLogWorker (SegmentedRaftLogWorker.java:lambda$new$0(132)) - 460b0f97-1b5f-49b0-a00e-827137c6a5da-SegmentedRaftLogWorker:Storage Directory /workdir/hadoop-ozone/integration-test/target/test-dir/MiniOzoneClusterImpl-0943eb9e-b08a-41ed-9047-9abe96000917/datanode-3/data/ratis/bb12dc2f-fece-4c68-8b5f-f17f7cc0ba9e: flushIndex: setUnconditionally 0 -> -1
2019-08-23 01:49:34,685 [pool-466-thread-1] INFO  server.RaftServerConfigKeys (ConfUtils.java:logGet(43)) - raft.server.log.statemachine.data.caching.enabled = true (custom)
2019-08-23 01:49:34,685 [pool-444-thread-1] INFO  server.RaftServerConfigKeys (ConfUtils.java:logGet(43)) - raft.server.snapshot.auto.trigger.enabled = true (custom)
2019-08-23 01:49:34,685 [pool-466-thread-1] INFO  segmented.SegmentedRaftLogWorker (SegmentedRaftLogWorker.java:lambda$new$0(132)) - b4a62b05-b08c-4a73-8fb1-2aa21dc66f39-SegmentedRaftLogWorker:Storage Directory /workdir/hadoop-ozone/integration-test/target/test-dir/MiniOzoneClusterImpl-0943eb9e-b08a-41ed-9047-9abe96000917/datanode-5/data/ratis/bb12dc2f-fece-4c68-8b5f-f17f7cc0ba9e: flushIndex: setUnconditionally 0 -> -1
2019-08-23 01:49:34,685 [pool-444-thread-1] INFO  server.RaftServerConfigKeys (ConfUtils.java:logGet(43)) - raft.server.snapshot.auto.trigger.threshold = 10000 (custom)
2019-08-23 01:49:34,685 [pool-466-thread-1] INFO  server.RaftServerConfigKeys (ConfUtils.java:logGet(43)) - raft.server.snapshot.auto.trigger.enabled = true (custom)
2019-08-23 01:49:34,685 [pool-444-thread-1] INFO  server.RaftServerConfigKeys (ConfUtils.java:logGet(43)) - raft.server.retrycache.expirytime = 600000ms (custom)
2019-08-23 01:49:34,685 [pool-466-thread-1] INFO  server.RaftServerConfigKeys (ConfUtils.java:logGet(43)) - raft.server.snapshot.auto.trigger.threshold = 10000 (custom)
2019-08-23 01:49:34,685 [pool-444-thread-1] INFO  impl.RaftServerImpl (RaftServerImpl.java:start(180)) - 460b0f97-1b5f-49b0-a00e-827137c6a5da: start group-F17F7CC0BA9E
2019-08-23 01:49:34,685 [pool-466-thread-1] INFO  server.RaftServerConfigKeys (ConfUtils.java:logGet(43)) - raft.server.retrycache.expirytime = 600000ms (custom)
2019-08-23 01:49:34,686 [pool-444-thread-1] INFO  impl.RaftServerImpl (RaftServerImpl.java:setRole(171)) - 460b0f97-1b5f-49b0-a00e-827137c6a5da:group-F17F7CC0BA9E changes role from null to FOLLOWER at term 0 for startAsFollower
2019-08-23 01:49:34,686 [pool-466-thread-1] INFO  impl.RaftServerImpl (RaftServerImpl.java:start(180)) - b4a62b05-b08c-4a73-8fb1-2aa21dc66f39: start group-F17F7CC0BA9E
2019-08-23 01:49:34,686 [pool-444-thread-1] INFO  impl.RoleInfo (RoleInfo.java:updateAndGet(143)) - 460b0f97-1b5f-49b0-a00e-827137c6a5da: start FollowerState
2019-08-23 01:49:34,686 [pool-466-thread-1] INFO  impl.RaftServerImpl (RaftServerImpl.java:setRole(171)) - b4a62b05-b08c-4a73-8fb1-2aa21dc66f39:group-F17F7CC0BA9E changes role from null to FOLLOWER at term 0 for startAsFollower
2019-08-23 01:49:34,686 [pool-466-thread-1] INFO  impl.RoleInfo (RoleInfo.java:updateAndGet(143)) - b4a62b05-b08c-4a73-8fb1-2aa21dc66f39: start FollowerState
2019-08-23 01:49:34,686 [pool-444-thread-1] INFO  util.JmxRegister (JmxRegister.java:tryRegister(44)) - Successfully registered JMX Bean with object name Ratis:service=RaftServer,group=group-F17F7CC0BA9E,id=460b0f97-1b5f-49b0-a00e-827137c6a5da
2019-08-23 01:49:34,686 [pool-466-thread-1] INFO  util.JmxRegister (JmxRegister.java:tryRegister(44)) - Successfully registered JMX Bean with object name Ratis:service=RaftServer,group=group-F17F7CC0BA9E,id=b4a62b05-b08c-4a73-8fb1-2aa21dc66f39
2019-08-23 01:49:34,688 [RatisPipelineUtilsThread] INFO  pipeline.PipelineStateManager (PipelineStateManager.java:addPipeline(56)) - Created pipeline Pipeline[ Id: bb12dc2f-fece-4c68-8b5f-f17f7cc0ba9e, Nodes: 460b0f97-1b5f-49b0-a00e-827137c6a5da{ip: 192.168.34.22, host: pr-hdds-1909-sn94l-363750510, networkLocation: /default-rack, certSerialId: null}b4a62b05-b08c-4a73-8fb1-2aa21dc66f39{ip: 192.168.34.22, host: pr-hdds-1909-sn94l-363750510, networkLocation: /default-rack, certSerialId: null}33de8731-90a9-402d-b62b-44837c115f8f{ip: 192.168.34.22, host: pr-hdds-1909-sn94l-363750510, networkLocation: /default-rack, certSerialId: null}, Type:RATIS, Factor:THREE, State:OPEN]
2019-08-23 01:49:34,752 [IPC Server handler 14 on 35880] INFO  net.NetworkTopology (NetworkTopologyImpl.java:add(110)) - Added a new node: /default-rack/d439f8db-9dad-40d8-92e1-352d499497ff
2019-08-23 01:49:34,753 [main] INFO  ozone.MiniOzoneClusterImpl (MiniOzoneClusterImpl.java:lambda$waitForClusterToBeReady$0(142)) - Cluster is ready. Got 7 of 7 DN Heartbeats.
2019-08-23 01:49:34,753 [IPC Server handler 14 on 35880] INFO  node.SCMNodeManager (SCMNodeManager.java:register(273)) - Registered Data node : d439f8db-9dad-40d8-92e1-352d499497ff{ip: 192.168.34.22, host: pr-hdds-1909-sn94l-363750510, networkLocation: /default-rack, certSerialId: null}
2019-08-23 01:49:34,756 | INFO  | SCMAudit | user=jenkins1000 | ip=192.168.34.22 | op=REGISTER {datanodeDetails=d439f8db-9dad-40d8-92e1-352d499497ff{ip: 192.168.34.22, host: pr-hdds-1909-sn94l-363750510, networkLocation: /default-rack, certSerialId: null}} | ret=SUCCESS |  
2019-08-23 01:49:34,770 [grpc-default-executor-4] INFO  impl.RaftServerProxy (RaftServerProxy.java:addNew(89)) - d439f8db-9dad-40d8-92e1-352d499497ff: addNew group-E2F43802777E:[d439f8db-9dad-40d8-92e1-352d499497ff:192.168.34.22:36701] returns group-E2F43802777E:java.util.concurrent.CompletableFuture@11052bfc[Not completed]
2019-08-23 01:49:34,774 [pool-477-thread-1] INFO  impl.RaftServerImpl (RaftServerImpl.java:<init>(93)) - d439f8db-9dad-40d8-92e1-352d499497ff: new RaftServerImpl for group-E2F43802777E:[d439f8db-9dad-40d8-92e1-352d499497ff:192.168.34.22:36701] with ContainerStateMachine:uninitialized
2019-08-23 01:49:34,782 [pool-477-thread-1] INFO  server.RaftServerConfigKeys (ConfUtils.java:logGet(43)) - raft.server.rpc.timeout.min = 5s (custom)
2019-08-23 01:49:34,782 [pool-477-thread-1] INFO  server.RaftServerConfigKeys (ConfUtils.java:logGet(43)) - raft.server.rpc.timeout.max = 5200ms (custom)
2019-08-23 01:49:34,782 [pool-477-thread-1] INFO  server.RaftServerConfigKeys (ConfUtils.java:logGet(43)) - raft.server.rpcslowness.timeout = 120s (custom)
2019-08-23 01:49:34,782 [pool-477-thread-1] INFO  server.RaftServerConfigKeys (ConfUtils.java:logGet(43)) - raft.server.sleep.deviation.threshold = 300 (default)
2019-08-23 01:49:34,782 [pool-477-thread-1] INFO  server.RaftServerConfigKeys (ConfUtils.java:logGet(43)) - raft.server.log.appender.install.snapshot.enabled = false (custom)
2019-08-23 01:49:34,782 [pool-477-thread-1] INFO  impl.RaftServerImpl (ServerState.java:<init>(105)) - d439f8db-9dad-40d8-92e1-352d499497ff:group-E2F43802777E ConfigurationManager, init=-1: [d439f8db-9dad-40d8-92e1-352d499497ff:192.168.34.22:36701], old=null, confs=<EMPTY_MAP>
2019-08-23 01:49:34,782 [pool-477-thread-1] INFO  server.RaftServerConfigKeys (ConfUtils.java:logGet(43)) - raft.server.storage.dir = [/workdir/hadoop-ozone/integration-test/target/test-dir/MiniOzoneClusterImpl-0943eb9e-b08a-41ed-9047-9abe96000917/datanode-6/data/ratis] (custom)
2019-08-23 01:49:34,783 [pool-477-thread-1] INFO  storage.RaftStorageDirectory (RaftStorageDirectory.java:analyzeStorage(246)) - The storage directory /workdir/hadoop-ozone/integration-test/target/test-dir/MiniOzoneClusterImpl-0943eb9e-b08a-41ed-9047-9abe96000917/datanode-6/data/ratis/61862bc3-ee23-4d8d-88c1-e2f43802777e does not exist. Creating ...
2019-08-23 01:49:34,787 [main] INFO  rpc.RpcClient (RpcClient.java:createVolume(293)) - Creating Volume: watchforcommithandlingtest, with jenkins1000 as owner.
2019-08-23 01:49:34,788 | INFO  | OMAudit | user=jenkins1000 | ip=127.0.0.1 | op=CREATE_VOLUME {admin=jenkins1000, owner=jenkins1000, volume=watchforcommithandlingtest, creationTime=1566524974788, quotaInBytes=1152921504606846976} | ret=SUCCESS |  
2019-08-23 01:49:34,798 | INFO  | OMAudit | user=jenkins1000 | ip=127.0.0.1 | op=READ_VOLUME {volume=watchforcommithandlingtest} | ret=SUCCESS |  
2019-08-23 01:49:34,798 [pool-477-thread-1] INFO  storage.RaftStorageDirectory (RaftStorageDirectory.java:tryLock(328)) - Lock on /workdir/hadoop-ozone/integration-test/target/test-dir/MiniOzoneClusterImpl-0943eb9e-b08a-41ed-9047-9abe96000917/datanode-6/data/ratis/61862bc3-ee23-4d8d-88c1-e2f43802777e/in_use.lock acquired by nodename 12666@pr-hdds-1909-sn94l-363750510
2019-08-23 01:49:34,799 [main] INFO  rpc.RpcClient (RpcClient.java:createBucket(432)) - Creating Bucket: watchforcommithandlingtest/watchforcommithandlingtest, with Versioning false and Storage Type set to DISK and Encryption set to false 
2019-08-23 01:49:34,803 | INFO  | OMAudit | user=jenkins1000 | ip=127.0.0.1 | op=CREATE_BUCKET {volume=watchforcommithandlingtest, bucket=watchforcommithandlingtest, acls=[user:jenkins1000:a[ACCESS], group:default:a[ACCESS]], isVersionEnabled=false, storageType=DISK, creationTime=1566524974800} | ret=SUCCESS |  
2019-08-23 01:49:34,804 [main] INFO  ozone.MiniOzoneClusterImpl (MiniOzoneClusterImpl.java:getStorageContainerLocationClient(241)) - Creating StorageContainerLocationProtocol RPC client with address /0.0.0.0:34673
2019-08-23 01:49:34,811 [pool-477-thread-1] INFO  storage.RaftStorage (RaftStorage.java:format(72)) - Storage directory /workdir/hadoop-ozone/integration-test/target/test-dir/MiniOzoneClusterImpl-0943eb9e-b08a-41ed-9047-9abe96000917/datanode-6/data/ratis/61862bc3-ee23-4d8d-88c1-e2f43802777e has been successfully formatted.
2019-08-23 01:49:34,811 [pool-477-thread-1] INFO  ratis.ContainerStateMachine (ContainerStateMachine.java:loadSnapshot(226)) - group-E2F43802777E: The snapshot info is null. Setting the last applied indexto:(t:0, i:~)
2019-08-23 01:49:34,811 [pool-477-thread-1] INFO  server.RaftServerConfigKeys (ConfUtils.java:logGet(43)) - raft.server.leader.election.timeout = 120s (custom)
2019-08-23 01:49:34,811 [pool-477-thread-1] INFO  server.RaftServerConfigKeys (ConfUtils.java:logGet(43)) - raft.server.log.use.memory = false (default)
2019-08-23 01:49:34,812 [pool-477-thread-1] INFO  server.RaftServerConfigKeys (ConfUtils.java:logGet(43)) - raft.server.log.purge.gap = 1000000 (custom)
2019-08-23 01:49:34,812 [pool-477-thread-1] INFO  server.RaftServerConfigKeys (ConfUtils.java:logGet(43)) - raft.server.log.appender.buffer.byte-limit = 33554432 (custom)
2019-08-23 01:49:34,812 [pool-477-thread-1] INFO  server.RaftServerConfigKeys (ConfUtils.java:logGet(43)) - raft.server.log.segment.size.max = 1048576 (custom)
2019-08-23 01:49:34,812 [pool-477-thread-1] INFO  server.RaftServerConfigKeys (ConfUtils.java:logGet(43)) - raft.server.log.segment.cache.num.max = 2 (custom)
2019-08-23 01:49:34,812 [pool-477-thread-1] INFO  segmented.SegmentedRaftLogWorker (SegmentedRaftLogWorker.java:<init>(172)) - new d439f8db-9dad-40d8-92e1-352d499497ff-SegmentedRaftLogWorker:Storage Directory /workdir/hadoop-ozone/integration-test/target/test-dir/MiniOzoneClusterImpl-0943eb9e-b08a-41ed-9047-9abe96000917/datanode-6/data/ratis/61862bc3-ee23-4d8d-88c1-e2f43802777e for RaftStorage:Storage Directory /workdir/hadoop-ozone/integration-test/target/test-dir/MiniOzoneClusterImpl-0943eb9e-b08a-41ed-9047-9abe96000917/datanode-6/data/ratis/61862bc3-ee23-4d8d-88c1-e2f43802777e
2019-08-23 01:49:34,812 [pool-477-thread-1] INFO  server.RaftServerConfigKeys (ConfUtils.java:logGet(43)) - raft.server.log.queue.byte-limit = 2147483647 (custom)
2019-08-23 01:49:34,812 [pool-477-thread-1] INFO  server.RaftServerConfigKeys (ConfUtils.java:logGet(43)) - raft.server.log.queue.element-limit = 1024 (custom)
2019-08-23 01:49:34,812 [pool-477-thread-1] INFO  server.RaftServerConfigKeys (ConfUtils.java:logGet(43)) - raft.server.log.segment.size.max = 1048576 (custom)
2019-08-23 01:49:34,812 [pool-477-thread-1] INFO  server.RaftServerConfigKeys (ConfUtils.java:logGet(43)) - raft.server.log.preallocated.size = 16384 (custom)
2019-08-23 01:49:34,813 [pool-477-thread-1] INFO  server.RaftServerConfigKeys (ConfUtils.java:logGet(43)) - raft.server.log.write.buffer.size = 33554432 (custom)
2019-08-23 01:49:34,813 [pool-477-thread-1] INFO  server.RaftServerConfigKeys (ConfUtils.java:logGet(43)) - raft.server.log.force.sync.num = 128 (default)
2019-08-23 01:49:34,813 [pool-477-thread-1] INFO  server.RaftServerConfigKeys (ConfUtils.java:logGet(43)) - raft.server.log.statemachine.data.sync = true (default)
2019-08-23 01:49:34,813 [pool-477-thread-1] INFO  server.RaftServerConfigKeys (ConfUtils.java:logGet(43)) - raft.server.log.statemachine.data.sync.timeout = 10s (default)
2019-08-23 01:49:34,813 [pool-477-thread-1] INFO  server.RaftServerConfigKeys (ConfUtils.java:logGet(43)) - raft.server.log.statemachine.data.sync.timeout.retry = -1 (default)
2019-08-23 01:49:34,813 [pool-477-thread-1] INFO  server.RaftServerConfigKeys (ConfUtils.java:logGet(43)) - raft.server.log.statemachine.data.caching.enabled = true (custom)
2019-08-23 01:49:34,813 [pool-477-thread-1] INFO  segmented.SegmentedRaftLogWorker (SegmentedRaftLogWorker.java:lambda$new$0(132)) - d439f8db-9dad-40d8-92e1-352d499497ff-SegmentedRaftLogWorker:Storage Directory /workdir/hadoop-ozone/integration-test/target/test-dir/MiniOzoneClusterImpl-0943eb9e-b08a-41ed-9047-9abe96000917/datanode-6/data/ratis/61862bc3-ee23-4d8d-88c1-e2f43802777e: flushIndex: setUnconditionally 0 -> -1
2019-08-23 01:49:34,814 [pool-477-thread-1] INFO  server.RaftServerConfigKeys (ConfUtils.java:logGet(43)) - raft.server.snapshot.auto.trigger.enabled = true (custom)
2019-08-23 01:49:34,814 [pool-477-thread-1] INFO  server.RaftServerConfigKeys (ConfUtils.java:logGet(43)) - raft.server.snapshot.auto.trigger.threshold = 10000 (custom)
2019-08-23 01:49:34,814 [pool-477-thread-1] INFO  server.RaftServerConfigKeys (ConfUtils.java:logGet(43)) - raft.server.retrycache.expirytime = 600000ms (custom)
2019-08-23 01:49:34,814 [pool-477-thread-1] INFO  impl.RaftServerImpl (RaftServerImpl.java:start(180)) - d439f8db-9dad-40d8-92e1-352d499497ff: start group-E2F43802777E
2019-08-23 01:49:34,814 [pool-477-thread-1] INFO  impl.RaftServerImpl (RaftServerImpl.java:setRole(171)) - d439f8db-9dad-40d8-92e1-352d499497ff:group-E2F43802777E changes role from null to FOLLOWER at term 0 for startAsFollower
2019-08-23 01:49:34,814 [pool-477-thread-1] INFO  impl.RoleInfo (RoleInfo.java:updateAndGet(143)) - d439f8db-9dad-40d8-92e1-352d499497ff: start FollowerState
2019-08-23 01:49:34,814 [pool-477-thread-1] INFO  util.JmxRegister (JmxRegister.java:tryRegister(44)) - Successfully registered JMX Bean with object name Ratis:service=RaftServer,group=group-E2F43802777E,id=d439f8db-9dad-40d8-92e1-352d499497ff
2019-08-23 01:49:34,817 [RatisPipelineUtilsThread] INFO  pipeline.PipelineStateManager (PipelineStateManager.java:addPipeline(56)) - Created pipeline Pipeline[ Id: 61862bc3-ee23-4d8d-88c1-e2f43802777e, Nodes: d439f8db-9dad-40d8-92e1-352d499497ff{ip: 192.168.34.22, host: pr-hdds-1909-sn94l-363750510, networkLocation: /default-rack, certSerialId: null}, Type:RATIS, Factor:ONE, State:OPEN]
2019-08-23 01:49:34,838 [grpc-default-executor-4] INFO  client.GrpcClientProtocolClient (GrpcClientProtocolClient.java:onNext(255)) - client-7F1F3FAEE039->ff93e3bf-9085-4246-8644-5e8fa9e79872: receive RaftClientReply:client-7F1F3FAEE039->ff93e3bf-9085-4246-8644-5e8fa9e79872@group-A6A8C3515952, cid=103, FAILED org.apache.ratis.protocol.NotLeaderException: Server ff93e3bf-9085-4246-8644-5e8fa9e79872 is not the leader (null). Request must be sent to leader., logIndex=0, commits[ff93e3bf-9085-4246-8644-5e8fa9e79872:c-1]
2019-08-23 01:49:35,730 | INFO  | SCMAudit | user=jenkins1000 | ip=192.168.34.22 | op=SEND_HEARTBEAT {datanodeUUID=69f7d37c-3616-4e50-8382-f7d7bb9102ea, command=[]} | ret=SUCCESS |  
2019-08-23 01:49:35,857 [grpc-default-executor-4] INFO  client.GrpcClientProtocolClient (GrpcClientProtocolClient.java:onNext(255)) - client-7F1F3FAEE039->92d27ea8-f483-4a0d-b6f3-3a914fc406ca: receive RaftClientReply:client-7F1F3FAEE039->92d27ea8-f483-4a0d-b6f3-3a914fc406ca@group-A6A8C3515952, cid=103, FAILED org.apache.ratis.protocol.NotLeaderException: Server 92d27ea8-f483-4a0d-b6f3-3a914fc406ca is not the leader (null). Request must be sent to leader., logIndex=0, commits[92d27ea8-f483-4a0d-b6f3-3a914fc406ca:c-1]
2019-08-23 01:49:35,915 | INFO  | SCMAudit | user=jenkins1000 | ip=192.168.34.22 | op=SEND_HEARTBEAT {datanodeUUID=ff93e3bf-9085-4246-8644-5e8fa9e79872, command=[]} | ret=SUCCESS |  
2019-08-23 01:49:36,095 | INFO  | SCMAudit | user=jenkins1000 | ip=192.168.34.22 | op=SEND_HEARTBEAT {datanodeUUID=92d27ea8-f483-4a0d-b6f3-3a914fc406ca, command=[]} | ret=SUCCESS |  
2019-08-23 01:49:36,277 | INFO  | SCMAudit | user=jenkins1000 | ip=192.168.34.22 | op=SEND_HEARTBEAT {datanodeUUID=460b0f97-1b5f-49b0-a00e-827137c6a5da, command=[]} | ret=SUCCESS |  
2019-08-23 01:49:36,440 | INFO  | SCMAudit | user=jenkins1000 | ip=192.168.34.22 | op=SEND_HEARTBEAT {datanodeUUID=33de8731-90a9-402d-b62b-44837c115f8f, command=[]} | ret=SUCCESS |  
2019-08-23 01:49:36,590 | INFO  | SCMAudit | user=jenkins1000 | ip=192.168.34.22 | op=SEND_HEARTBEAT {datanodeUUID=b4a62b05-b08c-4a73-8fb1-2aa21dc66f39, command=[]} | ret=SUCCESS |  
2019-08-23 01:49:36,729 | INFO  | SCMAudit | user=jenkins1000 | ip=192.168.34.22 | op=SEND_HEARTBEAT {datanodeUUID=69f7d37c-3616-4e50-8382-f7d7bb9102ea, command=[]} | ret=SUCCESS |  
2019-08-23 01:49:36,741 [Thread-2443] INFO  container.ReplicationManager (ReplicationManager.java:start(152)) - Starting Replication Monitor Thread.
2019-08-23 01:49:36,747 [ReplicationMonitor] INFO  container.ReplicationManager (ReplicationManager.java:run(215)) - Replication Monitor Thread took 0 milliseconds for processing 1 containers.
2019-08-23 01:49:36,753 | INFO  | SCMAudit | user=jenkins1000 | ip=192.168.34.22 | op=SEND_HEARTBEAT {datanodeUUID=d439f8db-9dad-40d8-92e1-352d499497ff, command=[]} | ret=SUCCESS |  
2019-08-23 01:49:36,869 [grpc-default-executor-4] INFO  client.GrpcClientProtocolClient (GrpcClientProtocolClient.java:onNext(255)) - client-7F1F3FAEE039->ff93e3bf-9085-4246-8644-5e8fa9e79872: receive RaftClientReply:client-7F1F3FAEE039->ff93e3bf-9085-4246-8644-5e8fa9e79872@group-A6A8C3515952, cid=103, FAILED org.apache.ratis.protocol.NotLeaderException: Server ff93e3bf-9085-4246-8644-5e8fa9e79872 is not the leader (null). Request must be sent to leader., logIndex=0, commits[ff93e3bf-9085-4246-8644-5e8fa9e79872:c-1]
2019-08-23 01:49:36,914 | INFO  | SCMAudit | user=jenkins1000 | ip=192.168.34.22 | op=SEND_HEARTBEAT {datanodeUUID=ff93e3bf-9085-4246-8644-5e8fa9e79872, command=[]} | ret=SUCCESS |  
2019-08-23 01:49:37,096 | INFO  | SCMAudit | user=jenkins1000 | ip=192.168.34.22 | op=SEND_HEARTBEAT {datanodeUUID=92d27ea8-f483-4a0d-b6f3-3a914fc406ca, command=[]} | ret=SUCCESS |  
2019-08-23 01:49:37,276 | INFO  | SCMAudit | user=jenkins1000 | ip=192.168.34.22 | op=SEND_HEARTBEAT {datanodeUUID=460b0f97-1b5f-49b0-a00e-827137c6a5da, command=[]} | ret=SUCCESS |  
2019-08-23 01:49:37,440 | INFO  | SCMAudit | user=jenkins1000 | ip=192.168.34.22 | op=SEND_HEARTBEAT {datanodeUUID=33de8731-90a9-402d-b62b-44837c115f8f, command=[]} | ret=SUCCESS |  
2019-08-23 01:49:37,591 | INFO  | SCMAudit | user=jenkins1000 | ip=192.168.34.22 | op=SEND_HEARTBEAT {datanodeUUID=b4a62b05-b08c-4a73-8fb1-2aa21dc66f39, command=[]} | ret=SUCCESS |  
2019-08-23 01:49:37,730 | INFO  | SCMAudit | user=jenkins1000 | ip=192.168.34.22 | op=SEND_HEARTBEAT {datanodeUUID=69f7d37c-3616-4e50-8382-f7d7bb9102ea, command=[]} | ret=SUCCESS |  
2019-08-23 01:49:37,752 | INFO  | SCMAudit | user=jenkins1000 | ip=192.168.34.22 | op=SEND_HEARTBEAT {datanodeUUID=d439f8db-9dad-40d8-92e1-352d499497ff, command=[]} | ret=SUCCESS |  
2019-08-23 01:49:37,886 [grpc-default-executor-7] INFO  client.GrpcClientProtocolClient (GrpcClientProtocolClient.java:onNext(255)) - client-7F1F3FAEE039->69f7d37c-3616-4e50-8382-f7d7bb9102ea: receive RaftClientReply:client-7F1F3FAEE039->69f7d37c-3616-4e50-8382-f7d7bb9102ea@group-A6A8C3515952, cid=103, FAILED org.apache.ratis.protocol.NotLeaderException: Server 69f7d37c-3616-4e50-8382-f7d7bb9102ea is not the leader (null). Request must be sent to leader., logIndex=0, commits[69f7d37c-3616-4e50-8382-f7d7bb9102ea:c-1]
2019-08-23 01:49:37,915 | INFO  | SCMAudit | user=jenkins1000 | ip=192.168.34.22 | op=SEND_HEARTBEAT {datanodeUUID=ff93e3bf-9085-4246-8644-5e8fa9e79872, command=[]} | ret=SUCCESS |  
2019-08-23 01:49:38,095 | INFO  | SCMAudit | user=jenkins1000 | ip=192.168.34.22 | op=SEND_HEARTBEAT {datanodeUUID=92d27ea8-f483-4a0d-b6f3-3a914fc406ca, command=[]} | ret=SUCCESS |  
2019-08-23 01:49:38,277 | INFO  | SCMAudit | user=jenkins1000 | ip=192.168.34.22 | op=SEND_HEARTBEAT {datanodeUUID=460b0f97-1b5f-49b0-a00e-827137c6a5da, command=[]} | ret=SUCCESS |  
2019-08-23 01:49:38,439 | INFO  | SCMAudit | user=jenkins1000 | ip=192.168.34.22 | op=SEND_HEARTBEAT {datanodeUUID=33de8731-90a9-402d-b62b-44837c115f8f, command=[]} | ret=SUCCESS |  
2019-08-23 01:49:38,590 | INFO  | SCMAudit | user=jenkins1000 | ip=192.168.34.22 | op=SEND_HEARTBEAT {datanodeUUID=b4a62b05-b08c-4a73-8fb1-2aa21dc66f39, command=[]} | ret=SUCCESS |  
2019-08-23 01:49:38,729 | INFO  | SCMAudit | user=jenkins1000 | ip=192.168.34.22 | op=SEND_HEARTBEAT {datanodeUUID=69f7d37c-3616-4e50-8382-f7d7bb9102ea, command=[]} | ret=SUCCESS |  
2019-08-23 01:49:38,753 | INFO  | SCMAudit | user=jenkins1000 | ip=192.168.34.22 | op=SEND_HEARTBEAT {datanodeUUID=d439f8db-9dad-40d8-92e1-352d499497ff, command=[]} | ret=SUCCESS |  
2019-08-23 01:49:38,897 [grpc-default-executor-4] INFO  client.GrpcClientProtocolClient (GrpcClientProtocolClient.java:onNext(255)) - client-7F1F3FAEE039->92d27ea8-f483-4a0d-b6f3-3a914fc406ca: receive RaftClientReply:client-7F1F3FAEE039->92d27ea8-f483-4a0d-b6f3-3a914fc406ca@group-A6A8C3515952, cid=103, FAILED org.apache.ratis.protocol.NotLeaderException: Server 92d27ea8-f483-4a0d-b6f3-3a914fc406ca is not the leader (null). Request must be sent to leader., logIndex=0, commits[92d27ea8-f483-4a0d-b6f3-3a914fc406ca:c-1]
2019-08-23 01:49:38,914 | INFO  | SCMAudit | user=jenkins1000 | ip=192.168.34.22 | op=SEND_HEARTBEAT {datanodeUUID=ff93e3bf-9085-4246-8644-5e8fa9e79872, command=[]} | ret=SUCCESS |  
2019-08-23 01:49:38,981 [Thread-2445] INFO  impl.FollowerState (FollowerState.java:run(106)) - 69f7d37c-3616-4e50-8382-f7d7bb9102ea:group-B0710AA18E3E changes to CANDIDATE, lastRpcTime:5178, electionTimeout:5178ms
2019-08-23 01:49:38,981 [Thread-2445] INFO  impl.RoleInfo (RoleInfo.java:shutdownFollowerState(121)) - 69f7d37c-3616-4e50-8382-f7d7bb9102ea: shutdown FollowerState
2019-08-23 01:49:38,981 [Thread-2445] INFO  impl.RaftServerImpl (RaftServerImpl.java:setRole(171)) - 69f7d37c-3616-4e50-8382-f7d7bb9102ea:group-B0710AA18E3E changes role from FOLLOWER to CANDIDATE at term 0 for changeToCandidate
2019-08-23 01:49:38,981 [Thread-2445] INFO  impl.RoleInfo (RoleInfo.java:updateAndGet(143)) - 69f7d37c-3616-4e50-8382-f7d7bb9102ea: start LeaderElection
2019-08-23 01:49:39,006 [69f7d37c-3616-4e50-8382-f7d7bb9102ea:group-B0710AA18E3E:LeaderElection81] INFO  impl.LeaderElection (LeaderElection.java:askForVotes(181)) - 69f7d37c-3616-4e50-8382-f7d7bb9102ea:group-B0710AA18E3E:LeaderElection81: begin an election at term 1 for -1: [69f7d37c-3616-4e50-8382-f7d7bb9102ea:192.168.34.22:44038], old=null
2019-08-23 01:49:39,006 [69f7d37c-3616-4e50-8382-f7d7bb9102ea:group-B0710AA18E3E:LeaderElection81] INFO  impl.RoleInfo (RoleInfo.java:shutdownLeaderElection(134)) - 69f7d37c-3616-4e50-8382-f7d7bb9102ea: shutdown LeaderElection
2019-08-23 01:49:39,006 [69f7d37c-3616-4e50-8382-f7d7bb9102ea:group-B0710AA18E3E:LeaderElection81] INFO  impl.RaftServerImpl (RaftServerImpl.java:setRole(171)) - 69f7d37c-3616-4e50-8382-f7d7bb9102ea:group-B0710AA18E3E changes role from CANDIDATE to LEADER at term 1 for changeToLeader
2019-08-23 01:49:39,006 [69f7d37c-3616-4e50-8382-f7d7bb9102ea:group-B0710AA18E3E:LeaderElection81] INFO  impl.RaftServerImpl (ServerState.java:setLeader(263)) - 69f7d37c-3616-4e50-8382-f7d7bb9102ea:group-B0710AA18E3E change Leader from null to 69f7d37c-3616-4e50-8382-f7d7bb9102ea at term 1 for becomeLeader, leader elected after 5207ms
2019-08-23 01:49:39,006 [69f7d37c-3616-4e50-8382-f7d7bb9102ea:group-B0710AA18E3E:LeaderElection81] INFO  server.RaftServerConfigKeys (ConfUtils.java:logGet(43)) - raft.server.staging.catchup.gap = 1000 (default)
2019-08-23 01:49:39,007 [69f7d37c-3616-4e50-8382-f7d7bb9102ea:group-B0710AA18E3E:LeaderElection81] INFO  server.RaftServerConfigKeys (ConfUtils.java:logGet(43)) - raft.server.rpc.sleep.time = 25ms (default)
2019-08-23 01:49:39,007 [69f7d37c-3616-4e50-8382-f7d7bb9102ea:group-B0710AA18E3E:LeaderElection81] INFO  server.RaftServerConfigKeys (ConfUtils.java:logGet(43)) - raft.server.write.element-limit = 4096 (default)
2019-08-23 01:49:39,007 [69f7d37c-3616-4e50-8382-f7d7bb9102ea:group-B0710AA18E3E:LeaderElection81] INFO  server.RaftServerConfigKeys (ConfUtils.java:logGet(43)) - raft.server.watch.timeout = 10s (default)
2019-08-23 01:49:39,007 [69f7d37c-3616-4e50-8382-f7d7bb9102ea:group-B0710AA18E3E:LeaderElection81] INFO  server.RaftServerConfigKeys (ConfUtils.java:logGet(43)) - raft.server.watch.timeout.denomination = 1s (default)
2019-08-23 01:49:39,007 [69f7d37c-3616-4e50-8382-f7d7bb9102ea:group-B0710AA18E3E:LeaderElection81] INFO  server.RaftServerConfigKeys (ConfUtils.java:logGet(43)) - raft.server.watch.element-limit = 65536 (default)
2019-08-23 01:49:39,008 [69f7d37c-3616-4e50-8382-f7d7bb9102ea:group-B0710AA18E3E:LeaderElection81] INFO  impl.RoleInfo (RoleInfo.java:updateAndGet(143)) - 69f7d37c-3616-4e50-8382-f7d7bb9102ea: start LeaderState
2019-08-23 01:49:39,008 [69f7d37c-3616-4e50-8382-f7d7bb9102ea:group-B0710AA18E3E:LeaderElection81] INFO  segmented.SegmentedRaftLogWorker (SegmentedRaftLogWorker.java:startLogSegment(380)) - 69f7d37c-3616-4e50-8382-f7d7bb9102ea-SegmentedRaftLogWorker:Storage Directory /workdir/hadoop-ozone/integration-test/target/test-dir/MiniOzoneClusterImpl-0943eb9e-b08a-41ed-9047-9abe96000917/datanode-0/data/ratis/f4f78e49-1437-4403-8acd-b0710aa18e3e: Starting segment from index:0
2019-08-23 01:49:39,009 [69f7d37c-3616-4e50-8382-f7d7bb9102ea:group-B0710AA18E3E:LeaderElection81] INFO  impl.RaftServerImpl (ServerState.java:setRaftConf(361)) - 69f7d37c-3616-4e50-8382-f7d7bb9102ea:group-B0710AA18E3E set configuration 0: [69f7d37c-3616-4e50-8382-f7d7bb9102ea:192.168.34.22:44038], old=null at 0
2019-08-23 01:49:39,062 [69f7d37c-3616-4e50-8382-f7d7bb9102ea-SegmentedRaftLogWorker:Storage Directory /workdir/hadoop-ozone/integration-test/target/test-dir/MiniOzoneClusterImpl-0943eb9e-b08a-41ed-9047-9abe96000917/datanode-0/data/ratis/f4f78e49-1437-4403-8acd-b0710aa18e3e] INFO  segmented.SegmentedRaftLogWorker (SegmentedRaftLogWorker.java:execute(569)) - 69f7d37c-3616-4e50-8382-f7d7bb9102ea-SegmentedRaftLogWorker:Storage Directory /workdir/hadoop-ozone/integration-test/target/test-dir/MiniOzoneClusterImpl-0943eb9e-b08a-41ed-9047-9abe96000917/datanode-0/data/ratis/f4f78e49-1437-4403-8acd-b0710aa18e3e: created new log segment /workdir/hadoop-ozone/integration-test/target/test-dir/MiniOzoneClusterImpl-0943eb9e-b08a-41ed-9047-9abe96000917/datanode-0/data/ratis/f4f78e49-1437-4403-8acd-b0710aa18e3e/current/log_inprogress_0
2019-08-23 01:49:39,096 | INFO  | SCMAudit | user=jenkins1000 | ip=192.168.34.22 | op=SEND_HEARTBEAT {datanodeUUID=92d27ea8-f483-4a0d-b6f3-3a914fc406ca, command=[]} | ret=SUCCESS |  
2019-08-23 01:49:39,149 [Thread-2448] INFO  impl.FollowerState (FollowerState.java:run(106)) - ff93e3bf-9085-4246-8644-5e8fa9e79872:group-D6D0FCF682C0 changes to CANDIDATE, lastRpcTime:5192, electionTimeout:5192ms
2019-08-23 01:49:39,149 [Thread-2448] INFO  impl.RoleInfo (RoleInfo.java:shutdownFollowerState(121)) - ff93e3bf-9085-4246-8644-5e8fa9e79872: shutdown FollowerState
2019-08-23 01:49:39,149 [Thread-2448] INFO  impl.RaftServerImpl (RaftServerImpl.java:setRole(171)) - ff93e3bf-9085-4246-8644-5e8fa9e79872:group-D6D0FCF682C0 changes role from FOLLOWER to CANDIDATE at term 0 for changeToCandidate
2019-08-23 01:49:39,150 [Thread-2448] INFO  impl.RoleInfo (RoleInfo.java:updateAndGet(143)) - ff93e3bf-9085-4246-8644-5e8fa9e79872: start LeaderElection
2019-08-23 01:49:39,159 [Thread-2451] INFO  impl.FollowerState (FollowerState.java:run(106)) - 92d27ea8-f483-4a0d-b6f3-3a914fc406ca:group-D6CF37061CF1 changes to CANDIDATE, lastRpcTime:5017, electionTimeout:5017ms
2019-08-23 01:49:39,159 [Thread-2451] INFO  impl.RoleInfo (RoleInfo.java:shutdownFollowerState(121)) - 92d27ea8-f483-4a0d-b6f3-3a914fc406ca: shutdown FollowerState
2019-08-23 01:49:39,159 [Thread-2451] INFO  impl.RaftServerImpl (RaftServerImpl.java:setRole(171)) - 92d27ea8-f483-4a0d-b6f3-3a914fc406ca:group-D6CF37061CF1 changes role from FOLLOWER to CANDIDATE at term 0 for changeToCandidate
2019-08-23 01:49:39,159 [Thread-2451] INFO  impl.RoleInfo (RoleInfo.java:updateAndGet(143)) - 92d27ea8-f483-4a0d-b6f3-3a914fc406ca: start LeaderElection
2019-08-23 01:49:39,170 [ff93e3bf-9085-4246-8644-5e8fa9e79872:group-D6D0FCF682C0:LeaderElection82] INFO  impl.LeaderElection (LeaderElection.java:askForVotes(181)) - ff93e3bf-9085-4246-8644-5e8fa9e79872:group-D6D0FCF682C0:LeaderElection82: begin an election at term 1 for -1: [ff93e3bf-9085-4246-8644-5e8fa9e79872:192.168.34.22:35639], old=null
2019-08-23 01:49:39,170 [92d27ea8-f483-4a0d-b6f3-3a914fc406ca:group-D6CF37061CF1:LeaderElection83] INFO  impl.LeaderElection (LeaderElection.java:askForVotes(181)) - 92d27ea8-f483-4a0d-b6f3-3a914fc406ca:group-D6CF37061CF1:LeaderElection83: begin an election at term 1 for -1: [92d27ea8-f483-4a0d-b6f3-3a914fc406ca:192.168.34.22:35037], old=null
2019-08-23 01:49:39,170 [ff93e3bf-9085-4246-8644-5e8fa9e79872:group-D6D0FCF682C0:LeaderElection82] INFO  impl.RoleInfo (RoleInfo.java:shutdownLeaderElection(134)) - ff93e3bf-9085-4246-8644-5e8fa9e79872: shutdown LeaderElection
2019-08-23 01:49:39,171 [92d27ea8-f483-4a0d-b6f3-3a914fc406ca:group-D6CF37061CF1:LeaderElection83] INFO  impl.RoleInfo (RoleInfo.java:shutdownLeaderElection(134)) - 92d27ea8-f483-4a0d-b6f3-3a914fc406ca: shutdown LeaderElection
2019-08-23 01:49:39,171 [ff93e3bf-9085-4246-8644-5e8fa9e79872:group-D6D0FCF682C0:LeaderElection82] INFO  impl.RaftServerImpl (RaftServerImpl.java:setRole(171)) - ff93e3bf-9085-4246-8644-5e8fa9e79872:group-D6D0FCF682C0 changes role from CANDIDATE to LEADER at term 1 for changeToLeader
2019-08-23 01:49:39,171 [92d27ea8-f483-4a0d-b6f3-3a914fc406ca:group-D6CF37061CF1:LeaderElection83] INFO  impl.RaftServerImpl (RaftServerImpl.java:setRole(171)) - 92d27ea8-f483-4a0d-b6f3-3a914fc406ca:group-D6CF37061CF1 changes role from CANDIDATE to LEADER at term 1 for changeToLeader
2019-08-23 01:49:39,171 [ff93e3bf-9085-4246-8644-5e8fa9e79872:group-D6D0FCF682C0:LeaderElection82] INFO  impl.RaftServerImpl (ServerState.java:setLeader(263)) - ff93e3bf-9085-4246-8644-5e8fa9e79872:group-D6D0FCF682C0 change Leader from null to ff93e3bf-9085-4246-8644-5e8fa9e79872 at term 1 for becomeLeader, leader elected after 5218ms
2019-08-23 01:49:39,171 [92d27ea8-f483-4a0d-b6f3-3a914fc406ca:group-D6CF37061CF1:LeaderElection83] INFO  impl.RaftServerImpl (ServerState.java:setLeader(263)) - 92d27ea8-f483-4a0d-b6f3-3a914fc406ca:group-D6CF37061CF1 change Leader from null to 92d27ea8-f483-4a0d-b6f3-3a914fc406ca at term 1 for becomeLeader, leader elected after 5033ms
2019-08-23 01:49:39,171 [ff93e3bf-9085-4246-8644-5e8fa9e79872:group-D6D0FCF682C0:LeaderElection82] INFO  server.RaftServerConfigKeys (ConfUtils.java:logGet(43)) - raft.server.staging.catchup.gap = 1000 (default)
2019-08-23 01:49:39,171 [92d27ea8-f483-4a0d-b6f3-3a914fc406ca:group-D6CF37061CF1:LeaderElection83] INFO  server.RaftServerConfigKeys (ConfUtils.java:logGet(43)) - raft.server.staging.catchup.gap = 1000 (default)
2019-08-23 01:49:39,172 [ff93e3bf-9085-4246-8644-5e8fa9e79872:group-D6D0FCF682C0:LeaderElection82] INFO  server.RaftServerConfigKeys (ConfUtils.java:logGet(43)) - raft.server.rpc.sleep.time = 25ms (default)
2019-08-23 01:49:39,172 [92d27ea8-f483-4a0d-b6f3-3a914fc406ca:group-D6CF37061CF1:LeaderElection83] INFO  server.RaftServerConfigKeys (ConfUtils.java:logGet(43)) - raft.server.rpc.sleep.time = 25ms (default)
2019-08-23 01:49:39,172 [ff93e3bf-9085-4246-8644-5e8fa9e79872:group-D6D0FCF682C0:LeaderElection82] INFO  server.RaftServerConfigKeys (ConfUtils.java:logGet(43)) - raft.server.write.element-limit = 4096 (default)
2019-08-23 01:49:39,172 [92d27ea8-f483-4a0d-b6f3-3a914fc406ca:group-D6CF37061CF1:LeaderElection83] INFO  server.RaftServerConfigKeys (ConfUtils.java:logGet(43)) - raft.server.write.element-limit = 4096 (default)
2019-08-23 01:49:39,172 [ff93e3bf-9085-4246-8644-5e8fa9e79872:group-D6D0FCF682C0:LeaderElection82] INFO  server.RaftServerConfigKeys (ConfUtils.java:logGet(43)) - raft.server.watch.timeout = 10s (default)
2019-08-23 01:49:39,172 [92d27ea8-f483-4a0d-b6f3-3a914fc406ca:group-D6CF37061CF1:LeaderElection83] INFO  server.RaftServerConfigKeys (ConfUtils.java:logGet(43)) - raft.server.watch.timeout = 10s (default)
2019-08-23 01:49:39,172 [ff93e3bf-9085-4246-8644-5e8fa9e79872:group-D6D0FCF682C0:LeaderElection82] INFO  server.RaftServerConfigKeys (ConfUtils.java:logGet(43)) - raft.server.watch.timeout.denomination = 1s (default)
2019-08-23 01:49:39,173 [92d27ea8-f483-4a0d-b6f3-3a914fc406ca:group-D6CF37061CF1:LeaderElection83] INFO  server.RaftServerConfigKeys (ConfUtils.java:logGet(43)) - raft.server.watch.timeout.denomination = 1s (default)
2019-08-23 01:49:39,173 [ff93e3bf-9085-4246-8644-5e8fa9e79872:group-D6D0FCF682C0:LeaderElection82] INFO  server.RaftServerConfigKeys (ConfUtils.java:logGet(43)) - raft.server.watch.element-limit = 65536 (default)
2019-08-23 01:49:39,173 [92d27ea8-f483-4a0d-b6f3-3a914fc406ca:group-D6CF37061CF1:LeaderElection83] INFO  server.RaftServerConfigKeys (ConfUtils.java:logGet(43)) - raft.server.watch.element-limit = 65536 (default)
2019-08-23 01:49:39,173 [ff93e3bf-9085-4246-8644-5e8fa9e79872:group-D6D0FCF682C0:LeaderElection82] INFO  impl.RoleInfo (RoleInfo.java:updateAndGet(143)) - ff93e3bf-9085-4246-8644-5e8fa9e79872: start LeaderState
2019-08-23 01:49:39,173 [92d27ea8-f483-4a0d-b6f3-3a914fc406ca:group-D6CF37061CF1:LeaderElection83] INFO  impl.RoleInfo (RoleInfo.java:updateAndGet(143)) - 92d27ea8-f483-4a0d-b6f3-3a914fc406ca: start LeaderState
2019-08-23 01:49:39,173 [ff93e3bf-9085-4246-8644-5e8fa9e79872:group-D6D0FCF682C0:LeaderElection82] INFO  segmented.SegmentedRaftLogWorker (SegmentedRaftLogWorker.java:startLogSegment(380)) - ff93e3bf-9085-4246-8644-5e8fa9e79872-SegmentedRaftLogWorker:Storage Directory /workdir/hadoop-ozone/integration-test/target/test-dir/MiniOzoneClusterImpl-0943eb9e-b08a-41ed-9047-9abe96000917/datanode-1/data/ratis/f8546eb0-d84d-4afe-a2d0-d6d0fcf682c0: Starting segment from index:0
2019-08-23 01:49:39,174 [92d27ea8-f483-4a0d-b6f3-3a914fc406ca:group-D6CF37061CF1:LeaderElection83] INFO  segmented.SegmentedRaftLogWorker (SegmentedRaftLogWorker.java:startLogSegment(380)) - 92d27ea8-f483-4a0d-b6f3-3a914fc406ca-SegmentedRaftLogWorker:Storage Directory /workdir/hadoop-ozone/integration-test/target/test-dir/MiniOzoneClusterImpl-0943eb9e-b08a-41ed-9047-9abe96000917/datanode-2/data/ratis/9e41f84c-77a2-4566-9ae7-d6cf37061cf1: Starting segment from index:0
2019-08-23 01:49:39,174 [ff93e3bf-9085-4246-8644-5e8fa9e79872:group-D6D0FCF682C0:LeaderElection82] INFO  impl.RaftServerImpl (ServerState.java:setRaftConf(361)) - ff93e3bf-9085-4246-8644-5e8fa9e79872:group-D6D0FCF682C0 set configuration 0: [ff93e3bf-9085-4246-8644-5e8fa9e79872:192.168.34.22:35639], old=null at 0
2019-08-23 01:49:39,174 [92d27ea8-f483-4a0d-b6f3-3a914fc406ca:group-D6CF37061CF1:LeaderElection83] INFO  impl.RaftServerImpl (ServerState.java:setRaftConf(361)) - 92d27ea8-f483-4a0d-b6f3-3a914fc406ca:group-D6CF37061CF1 set configuration 0: [92d27ea8-f483-4a0d-b6f3-3a914fc406ca:192.168.34.22:35037], old=null at 0
2019-08-23 01:49:39,228 [ff93e3bf-9085-4246-8644-5e8fa9e79872-SegmentedRaftLogWorker:Storage Directory /workdir/hadoop-ozone/integration-test/target/test-dir/MiniOzoneClusterImpl-0943eb9e-b08a-41ed-9047-9abe96000917/datanode-1/data/ratis/f8546eb0-d84d-4afe-a2d0-d6d0fcf682c0] INFO  segmented.SegmentedRaftLogWorker (SegmentedRaftLogWorker.java:execute(569)) - ff93e3bf-9085-4246-8644-5e8fa9e79872-SegmentedRaftLogWorker:Storage Directory /workdir/hadoop-ozone/integration-test/target/test-dir/MiniOzoneClusterImpl-0943eb9e-b08a-41ed-9047-9abe96000917/datanode-1/data/ratis/f8546eb0-d84d-4afe-a2d0-d6d0fcf682c0: created new log segment /workdir/hadoop-ozone/integration-test/target/test-dir/MiniOzoneClusterImpl-0943eb9e-b08a-41ed-9047-9abe96000917/datanode-1/data/ratis/f8546eb0-d84d-4afe-a2d0-d6d0fcf682c0/current/log_inprogress_0
2019-08-23 01:49:39,228 [92d27ea8-f483-4a0d-b6f3-3a914fc406ca-SegmentedRaftLogWorker:Storage Directory /workdir/hadoop-ozone/integration-test/target/test-dir/MiniOzoneClusterImpl-0943eb9e-b08a-41ed-9047-9abe96000917/datanode-2/data/ratis/9e41f84c-77a2-4566-9ae7-d6cf37061cf1] INFO  segmented.SegmentedRaftLogWorker (SegmentedRaftLogWorker.java:execute(569)) - 92d27ea8-f483-4a0d-b6f3-3a914fc406ca-SegmentedRaftLogWorker:Storage Directory /workdir/hadoop-ozone/integration-test/target/test-dir/MiniOzoneClusterImpl-0943eb9e-b08a-41ed-9047-9abe96000917/datanode-2/data/ratis/9e41f84c-77a2-4566-9ae7-d6cf37061cf1: created new log segment /workdir/hadoop-ozone/integration-test/target/test-dir/MiniOzoneClusterImpl-0943eb9e-b08a-41ed-9047-9abe96000917/datanode-2/data/ratis/9e41f84c-77a2-4566-9ae7-d6cf37061cf1/current/log_inprogress_0
2019-08-23 01:49:39,254 [Thread-2454] INFO  impl.FollowerState (FollowerState.java:run(106)) - ff93e3bf-9085-4246-8644-5e8fa9e79872:group-A6A8C3515952 changes to CANDIDATE, lastRpcTime:5060, electionTimeout:5060ms
2019-08-23 01:49:39,254 [Thread-2454] INFO  impl.RoleInfo (RoleInfo.java:shutdownFollowerState(121)) - ff93e3bf-9085-4246-8644-5e8fa9e79872: shutdown FollowerState
2019-08-23 01:49:39,254 [Thread-2454] INFO  impl.RaftServerImpl (RaftServerImpl.java:setRole(171)) - ff93e3bf-9085-4246-8644-5e8fa9e79872:group-A6A8C3515952 changes role from FOLLOWER to CANDIDATE at term 0 for changeToCandidate
2019-08-23 01:49:39,255 [Thread-2454] INFO  impl.RoleInfo (RoleInfo.java:updateAndGet(143)) - ff93e3bf-9085-4246-8644-5e8fa9e79872: start LeaderElection
2019-08-23 01:49:39,271 [ff93e3bf-9085-4246-8644-5e8fa9e79872:group-A6A8C3515952:LeaderElection84] INFO  impl.LeaderElection (LeaderElection.java:askForVotes(181)) - ff93e3bf-9085-4246-8644-5e8fa9e79872:group-A6A8C3515952:LeaderElection84: begin an election at term 1 for -1: [92d27ea8-f483-4a0d-b6f3-3a914fc406ca:192.168.34.22:35037, ff93e3bf-9085-4246-8644-5e8fa9e79872:192.168.34.22:35639, 69f7d37c-3616-4e50-8382-f7d7bb9102ea:192.168.34.22:44038], old=null
2019-08-23 01:49:39,276 [grpc-default-executor-4] INFO  impl.RaftServerImpl (RaftServerImpl.java:setRole(171)) - 92d27ea8-f483-4a0d-b6f3-3a914fc406ca:group-A6A8C3515952 changes role from FOLLOWER to FOLLOWER at term 1 for recognizeCandidate:ff93e3bf-9085-4246-8644-5e8fa9e79872
2019-08-23 01:49:39,276 [grpc-default-executor-7] INFO  impl.RaftServerImpl (RaftServerImpl.java:setRole(171)) - 69f7d37c-3616-4e50-8382-f7d7bb9102ea:group-A6A8C3515952 changes role from FOLLOWER to FOLLOWER at term 1 for recognizeCandidate:ff93e3bf-9085-4246-8644-5e8fa9e79872
2019-08-23 01:49:39,276 [grpc-default-executor-4] INFO  impl.RoleInfo (RoleInfo.java:shutdownFollowerState(121)) - 92d27ea8-f483-4a0d-b6f3-3a914fc406ca: shutdown FollowerState
2019-08-23 01:49:39,276 | INFO  | SCMAudit | user=jenkins1000 | ip=192.168.34.22 | op=SEND_HEARTBEAT {datanodeUUID=460b0f97-1b5f-49b0-a00e-827137c6a5da, command=[]} | ret=SUCCESS |  
2019-08-23 01:49:39,276 [grpc-default-executor-7] INFO  impl.RoleInfo (RoleInfo.java:shutdownFollowerState(121)) - 69f7d37c-3616-4e50-8382-f7d7bb9102ea: shutdown FollowerState
2019-08-23 01:49:39,276 [Thread-2458] INFO  impl.FollowerState (FollowerState.java:run(114)) - 92d27ea8-f483-4a0d-b6f3-3a914fc406ca: FollowerState was interrupted: java.lang.InterruptedException: sleep interrupted
2019-08-23 01:49:39,276 [grpc-default-executor-4] INFO  impl.RoleInfo (RoleInfo.java:updateAndGet(143)) - 92d27ea8-f483-4a0d-b6f3-3a914fc406ca: start FollowerState
2019-08-23 01:49:39,277 [Thread-2459] INFO  impl.FollowerState (FollowerState.java:run(114)) - 69f7d37c-3616-4e50-8382-f7d7bb9102ea: FollowerState was interrupted: java.lang.InterruptedException: sleep interrupted
2019-08-23 01:49:39,277 [grpc-default-executor-7] INFO  impl.RoleInfo (RoleInfo.java:updateAndGet(143)) - 69f7d37c-3616-4e50-8382-f7d7bb9102ea: start FollowerState
2019-08-23 01:49:39,291 [ff93e3bf-9085-4246-8644-5e8fa9e79872:group-A6A8C3515952:LeaderElection84] INFO  impl.LeaderElection (LeaderElection.java:logAndReturn(56)) - ff93e3bf-9085-4246-8644-5e8fa9e79872:group-A6A8C3515952:LeaderElection84: Election PASSED; received 1 response(s) [ff93e3bf-9085-4246-8644-5e8fa9e79872<-92d27ea8-f483-4a0d-b6f3-3a914fc406ca#0:OK-t1] and 0 exception(s); ff93e3bf-9085-4246-8644-5e8fa9e79872:t1, leader=null, voted=ff93e3bf-9085-4246-8644-5e8fa9e79872, raftlog=ff93e3bf-9085-4246-8644-5e8fa9e79872-SegmentedRaftLog:OPENED:c-1,f-1,i0, conf=-1: [92d27ea8-f483-4a0d-b6f3-3a914fc406ca:192.168.34.22:35037, ff93e3bf-9085-4246-8644-5e8fa9e79872:192.168.34.22:35639, 69f7d37c-3616-4e50-8382-f7d7bb9102ea:192.168.34.22:44038], old=null
2019-08-23 01:49:39,291 [ff93e3bf-9085-4246-8644-5e8fa9e79872:group-A6A8C3515952:LeaderElection84] INFO  impl.RoleInfo (RoleInfo.java:shutdownLeaderElection(134)) - ff93e3bf-9085-4246-8644-5e8fa9e79872: shutdown LeaderElection
2019-08-23 01:49:39,292 [ff93e3bf-9085-4246-8644-5e8fa9e79872:group-A6A8C3515952:LeaderElection84] INFO  impl.RaftServerImpl (RaftServerImpl.java:setRole(171)) - ff93e3bf-9085-4246-8644-5e8fa9e79872:group-A6A8C3515952 changes role from CANDIDATE to LEADER at term 1 for changeToLeader
2019-08-23 01:49:39,292 [ff93e3bf-9085-4246-8644-5e8fa9e79872:group-A6A8C3515952:LeaderElection84] INFO  impl.RaftServerImpl (ServerState.java:setLeader(263)) - ff93e3bf-9085-4246-8644-5e8fa9e79872:group-A6A8C3515952 change Leader from null to ff93e3bf-9085-4246-8644-5e8fa9e79872 at term 1 for becomeLeader, leader elected after 5104ms
2019-08-23 01:49:39,292 [ff93e3bf-9085-4246-8644-5e8fa9e79872:group-A6A8C3515952:LeaderElection84] INFO  server.RaftServerConfigKeys (ConfUtils.java:logGet(43)) - raft.server.staging.catchup.gap = 1000 (default)
2019-08-23 01:49:39,292 [ff93e3bf-9085-4246-8644-5e8fa9e79872:group-A6A8C3515952:LeaderElection84] INFO  server.RaftServerConfigKeys (ConfUtils.java:logGet(43)) - raft.server.rpc.sleep.time = 25ms (default)
2019-08-23 01:49:39,292 [ff93e3bf-9085-4246-8644-5e8fa9e79872:group-A6A8C3515952:LeaderElection84] INFO  server.RaftServerConfigKeys (ConfUtils.java:logGet(43)) - raft.server.write.element-limit = 4096 (default)
2019-08-23 01:49:39,292 [ff93e3bf-9085-4246-8644-5e8fa9e79872:group-A6A8C3515952:LeaderElection84] INFO  server.RaftServerConfigKeys (ConfUtils.java:logGet(43)) - raft.server.watch.timeout = 10s (default)
2019-08-23 01:49:39,292 [ff93e3bf-9085-4246-8644-5e8fa9e79872:group-A6A8C3515952:LeaderElection84] INFO  server.RaftServerConfigKeys (ConfUtils.java:logGet(43)) - raft.server.watch.timeout.denomination = 1s (default)
2019-08-23 01:49:39,293 [ff93e3bf-9085-4246-8644-5e8fa9e79872:group-A6A8C3515952:LeaderElection84] INFO  server.RaftServerConfigKeys (ConfUtils.java:logGet(43)) - raft.server.watch.element-limit = 65536 (default)
2019-08-23 01:49:39,293 [ff93e3bf-9085-4246-8644-5e8fa9e79872:group-A6A8C3515952:LeaderElection84] INFO  server.RaftServerConfigKeys (ConfUtils.java:logGet(43)) - raft.server.log.appender.snapshot.chunk.size.max = 16MB (=16777216) (default)
2019-08-23 01:49:39,293 [ff93e3bf-9085-4246-8644-5e8fa9e79872:group-A6A8C3515952:LeaderElection84] INFO  server.RaftServerConfigKeys (ConfUtils.java:logGet(43)) - raft.server.log.appender.buffer.byte-limit = 33554432 (custom)
2019-08-23 01:49:39,293 [ff93e3bf-9085-4246-8644-5e8fa9e79872:group-A6A8C3515952:LeaderElection84] INFO  server.RaftServerConfigKeys (ConfUtils.java:logGet(43)) - raft.server.log.appender.buffer.element-limit = 1 (custom)
2019-08-23 01:49:39,294 [ff93e3bf-9085-4246-8644-5e8fa9e79872:group-A6A8C3515952:LeaderElection84] INFO  grpc.GrpcConfigKeys$Server (ConfUtils.java:logGet(43)) - raft.grpc.server.leader.outstanding.appends.max = 128 (default)
2019-08-23 01:49:39,294 [ff93e3bf-9085-4246-8644-5e8fa9e79872:group-A6A8C3515952:LeaderElection84] INFO  server.RaftServerConfigKeys (ConfUtils.java:logGet(43)) - raft.server.rpc.request.timeout = 3000ms (default)
2019-08-23 01:49:39,294 [ff93e3bf-9085-4246-8644-5e8fa9e79872:group-A6A8C3515952:LeaderElection84] INFO  server.RaftServerConfigKeys (ConfUtils.java:logGet(43)) - raft.server.log.appender.install.snapshot.enabled = false (custom)
2019-08-23 01:49:39,294 [ff93e3bf-9085-4246-8644-5e8fa9e79872:group-A6A8C3515952:LeaderElection84] INFO  server.RaftServerConfigKeys (ConfUtils.java:logGet(43)) - raft.server.log.appender.snapshot.chunk.size.max = 16MB (=16777216) (default)
2019-08-23 01:49:39,294 [ff93e3bf-9085-4246-8644-5e8fa9e79872:group-A6A8C3515952:LeaderElection84] INFO  server.RaftServerConfigKeys (ConfUtils.java:logGet(43)) - raft.server.log.appender.buffer.byte-limit = 33554432 (custom)
2019-08-23 01:49:39,294 [ff93e3bf-9085-4246-8644-5e8fa9e79872:group-A6A8C3515952:LeaderElection84] INFO  server.RaftServerConfigKeys (ConfUtils.java:logGet(43)) - raft.server.log.appender.buffer.element-limit = 1 (custom)
2019-08-23 01:49:39,295 [ff93e3bf-9085-4246-8644-5e8fa9e79872:group-A6A8C3515952:LeaderElection84] INFO  grpc.GrpcConfigKeys$Server (ConfUtils.java:logGet(43)) - raft.grpc.server.leader.outstanding.appends.max = 128 (default)
2019-08-23 01:49:39,295 [ff93e3bf-9085-4246-8644-5e8fa9e79872:group-A6A8C3515952:LeaderElection84] INFO  server.RaftServerConfigKeys (ConfUtils.java:logGet(43)) - raft.server.rpc.request.timeout = 3000ms (default)
2019-08-23 01:49:39,295 [ff93e3bf-9085-4246-8644-5e8fa9e79872:group-A6A8C3515952:LeaderElection84] INFO  server.RaftServerConfigKeys (ConfUtils.java:logGet(43)) - raft.server.log.appender.install.snapshot.enabled = false (custom)
2019-08-23 01:49:39,295 [ff93e3bf-9085-4246-8644-5e8fa9e79872:group-A6A8C3515952:LeaderElection84] INFO  impl.RoleInfo (RoleInfo.java:updateAndGet(143)) - ff93e3bf-9085-4246-8644-5e8fa9e79872: start LeaderState
2019-08-23 01:49:39,296 [ff93e3bf-9085-4246-8644-5e8fa9e79872:group-A6A8C3515952:LeaderElection84] INFO  segmented.SegmentedRaftLogWorker (SegmentedRaftLogWorker.java:startLogSegment(380)) - ff93e3bf-9085-4246-8644-5e8fa9e79872-SegmentedRaftLogWorker:Storage Directory /workdir/hadoop-ozone/integration-test/target/test-dir/MiniOzoneClusterImpl-0943eb9e-b08a-41ed-9047-9abe96000917/datanode-1/data/ratis/c7fb60e5-cb79-44f2-9320-a6a8c3515952: Starting segment from index:0
2019-08-23 01:49:39,296 [ff93e3bf-9085-4246-8644-5e8fa9e79872:group-A6A8C3515952:LeaderElection84] INFO  impl.RaftServerImpl (ServerState.java:setRaftConf(361)) - ff93e3bf-9085-4246-8644-5e8fa9e79872:group-A6A8C3515952 set configuration 0: [92d27ea8-f483-4a0d-b6f3-3a914fc406ca:192.168.34.22:35037, ff93e3bf-9085-4246-8644-5e8fa9e79872:192.168.34.22:35639, 69f7d37c-3616-4e50-8382-f7d7bb9102ea:192.168.34.22:44038], old=null at 0
2019-08-23 01:49:39,357 [Thread-2463] INFO  impl.FollowerState (FollowerState.java:run(106)) - 460b0f97-1b5f-49b0-a00e-827137c6a5da:group-CE69A8664917 changes to CANDIDATE, lastRpcTime:5028, electionTimeout:5027ms
2019-08-23 01:49:39,357 [Thread-2463] INFO  impl.RoleInfo (RoleInfo.java:shutdownFollowerState(121)) - 460b0f97-1b5f-49b0-a00e-827137c6a5da: shutdown FollowerState
2019-08-23 01:49:39,357 [Thread-2463] INFO  impl.RaftServerImpl (RaftServerImpl.java:setRole(171)) - 460b0f97-1b5f-49b0-a00e-827137c6a5da:group-CE69A8664917 changes role from FOLLOWER to CANDIDATE at term 0 for changeToCandidate
2019-08-23 01:49:39,357 [Thread-2463] INFO  impl.RoleInfo (RoleInfo.java:updateAndGet(143)) - 460b0f97-1b5f-49b0-a00e-827137c6a5da: start LeaderElection
2019-08-23 01:49:39,357 [grpc-default-executor-4] INFO  impl.RaftServerImpl (ServerState.java:setLeader(263)) - 92d27ea8-f483-4a0d-b6f3-3a914fc406ca:group-A6A8C3515952 change Leader from null to ff93e3bf-9085-4246-8644-5e8fa9e79872 at term 1 for appendEntries, leader elected after 5170ms
2019-08-23 01:49:39,358 [grpc-default-executor-7] INFO  impl.RaftServerImpl (ServerState.java:setLeader(263)) - 69f7d37c-3616-4e50-8382-f7d7bb9102ea:group-A6A8C3515952 change Leader from null to ff93e3bf-9085-4246-8644-5e8fa9e79872 at term 1 for appendEntries, leader elected after 5170ms
2019-08-23 01:49:39,370 [ff93e3bf-9085-4246-8644-5e8fa9e79872-SegmentedRaftLogWorker:Storage Directory /workdir/hadoop-ozone/integration-test/target/test-dir/MiniOzoneClusterImpl-0943eb9e-b08a-41ed-9047-9abe96000917/datanode-1/data/ratis/c7fb60e5-cb79-44f2-9320-a6a8c3515952] INFO  segmented.SegmentedRaftLogWorker (SegmentedRaftLogWorker.java:execute(569)) - ff93e3bf-9085-4246-8644-5e8fa9e79872-SegmentedRaftLogWorker:Storage Directory /workdir/hadoop-ozone/integration-test/target/test-dir/MiniOzoneClusterImpl-0943eb9e-b08a-41ed-9047-9abe96000917/datanode-1/data/ratis/c7fb60e5-cb79-44f2-9320-a6a8c3515952: created new log segment /workdir/hadoop-ozone/integration-test/target/test-dir/MiniOzoneClusterImpl-0943eb9e-b08a-41ed-9047-9abe96000917/datanode-1/data/ratis/c7fb60e5-cb79-44f2-9320-a6a8c3515952/current/log_inprogress_0
2019-08-23 01:49:39,370 [460b0f97-1b5f-49b0-a00e-827137c6a5da:group-CE69A8664917:LeaderElection85] INFO  impl.LeaderElection (LeaderElection.java:askForVotes(181)) - 460b0f97-1b5f-49b0-a00e-827137c6a5da:group-CE69A8664917:LeaderElection85: begin an election at term 1 for -1: [460b0f97-1b5f-49b0-a00e-827137c6a5da:192.168.34.22:33150], old=null
2019-08-23 01:49:39,371 [460b0f97-1b5f-49b0-a00e-827137c6a5da:group-CE69A8664917:LeaderElection85] INFO  impl.RoleInfo (RoleInfo.java:shutdownLeaderElection(134)) - 460b0f97-1b5f-49b0-a00e-827137c6a5da: shutdown LeaderElection
2019-08-23 01:49:39,371 [grpc-default-executor-4] INFO  impl.RaftServerImpl (ServerState.java:setRaftConf(361)) - 69f7d37c-3616-4e50-8382-f7d7bb9102ea:group-A6A8C3515952 set configuration 0: [92d27ea8-f483-4a0d-b6f3-3a914fc406ca:192.168.34.22:35037, ff93e3bf-9085-4246-8644-5e8fa9e79872:192.168.34.22:35639, 69f7d37c-3616-4e50-8382-f7d7bb9102ea:192.168.34.22:44038], old=null at 0
2019-08-23 01:49:39,371 [460b0f97-1b5f-49b0-a00e-827137c6a5da:group-CE69A8664917:LeaderElection85] INFO  impl.RaftServerImpl (RaftServerImpl.java:setRole(171)) - 460b0f97-1b5f-49b0-a00e-827137c6a5da:group-CE69A8664917 changes role from CANDIDATE to LEADER at term 1 for changeToLeader
2019-08-23 01:49:39,371 [460b0f97-1b5f-49b0-a00e-827137c6a5da:group-CE69A8664917:LeaderElection85] INFO  impl.RaftServerImpl (ServerState.java:setLeader(263)) - 460b0f97-1b5f-49b0-a00e-827137c6a5da:group-CE69A8664917 change Leader from null to 460b0f97-1b5f-49b0-a00e-827137c6a5da at term 1 for becomeLeader, leader elected after 5046ms
2019-08-23 01:49:39,371 [grpc-default-executor-7] INFO  impl.RaftServerImpl (ServerState.java:setRaftConf(361)) - 92d27ea8-f483-4a0d-b6f3-3a914fc406ca:group-A6A8C3515952 set configuration 0: [92d27ea8-f483-4a0d-b6f3-3a914fc406ca:192.168.34.22:35037, ff93e3bf-9085-4246-8644-5e8fa9e79872:192.168.34.22:35639, 69f7d37c-3616-4e50-8382-f7d7bb9102ea:192.168.34.22:44038], old=null at 0
2019-08-23 01:49:39,371 [460b0f97-1b5f-49b0-a00e-827137c6a5da:group-CE69A8664917:LeaderElection85] INFO  server.RaftServerConfigKeys (ConfUtils.java:logGet(43)) - raft.server.staging.catchup.gap = 1000 (default)
2019-08-23 01:49:39,371 [grpc-default-executor-4] INFO  segmented.SegmentedRaftLogWorker (SegmentedRaftLogWorker.java:startLogSegment(380)) - 69f7d37c-3616-4e50-8382-f7d7bb9102ea-SegmentedRaftLogWorker:Storage Directory /workdir/hadoop-ozone/integration-test/target/test-dir/MiniOzoneClusterImpl-0943eb9e-b08a-41ed-9047-9abe96000917/datanode-0/data/ratis/c7fb60e5-cb79-44f2-9320-a6a8c3515952: Starting segment from index:0
2019-08-23 01:49:39,372 [460b0f97-1b5f-49b0-a00e-827137c6a5da:group-CE69A8664917:LeaderElection85] INFO  server.RaftServerConfigKeys (ConfUtils.java:logGet(43)) - raft.server.rpc.sleep.time = 25ms (default)
2019-08-23 01:49:39,372 [grpc-default-executor-7] INFO  segmented.SegmentedRaftLogWorker (SegmentedRaftLogWorker.java:startLogSegment(380)) - 92d27ea8-f483-4a0d-b6f3-3a914fc406ca-SegmentedRaftLogWorker:Storage Directory /workdir/hadoop-ozone/integration-test/target/test-dir/MiniOzoneClusterImpl-0943eb9e-b08a-41ed-9047-9abe96000917/datanode-2/data/ratis/c7fb60e5-cb79-44f2-9320-a6a8c3515952: Starting segment from index:0
2019-08-23 01:49:39,372 [460b0f97-1b5f-49b0-a00e-827137c6a5da:group-CE69A8664917:LeaderElection85] INFO  server.RaftServerConfigKeys (ConfUtils.java:logGet(43)) - raft.server.write.element-limit = 4096 (default)
2019-08-23 01:49:39,373 [460b0f97-1b5f-49b0-a00e-827137c6a5da:group-CE69A8664917:LeaderElection85] INFO  server.RaftServerConfigKeys (ConfUtils.java:logGet(43)) - raft.server.watch.timeout = 10s (default)
2019-08-23 01:49:39,373 [460b0f97-1b5f-49b0-a00e-827137c6a5da:group-CE69A8664917:LeaderElection85] INFO  server.RaftServerConfigKeys (ConfUtils.java:logGet(43)) - raft.server.watch.timeout.denomination = 1s (default)
2019-08-23 01:49:39,373 [460b0f97-1b5f-49b0-a00e-827137c6a5da:group-CE69A8664917:LeaderElection85] INFO  server.RaftServerConfigKeys (ConfUtils.java:logGet(43)) - raft.server.watch.element-limit = 65536 (default)
2019-08-23 01:49:39,373 [460b0f97-1b5f-49b0-a00e-827137c6a5da:group-CE69A8664917:LeaderElection85] INFO  impl.RoleInfo (RoleInfo.java:updateAndGet(143)) - 460b0f97-1b5f-49b0-a00e-827137c6a5da: start LeaderState
2019-08-23 01:49:39,373 [460b0f97-1b5f-49b0-a00e-827137c6a5da:group-CE69A8664917:LeaderElection85] INFO  segmented.SegmentedRaftLogWorker (SegmentedRaftLogWorker.java:startLogSegment(380)) - 460b0f97-1b5f-49b0-a00e-827137c6a5da-SegmentedRaftLogWorker:Storage Directory /workdir/hadoop-ozone/integration-test/target/test-dir/MiniOzoneClusterImpl-0943eb9e-b08a-41ed-9047-9abe96000917/datanode-3/data/ratis/c14e4cfc-f9d3-4afc-b06c-ce69a8664917: Starting segment from index:0
2019-08-23 01:49:39,374 [460b0f97-1b5f-49b0-a00e-827137c6a5da:group-CE69A8664917:LeaderElection85] INFO  impl.RaftServerImpl (ServerState.java:setRaftConf(361)) - 460b0f97-1b5f-49b0-a00e-827137c6a5da:group-CE69A8664917 set configuration 0: [460b0f97-1b5f-49b0-a00e-827137c6a5da:192.168.34.22:33150], old=null at 0
2019-08-23 01:49:39,426 [69f7d37c-3616-4e50-8382-f7d7bb9102ea-SegmentedRaftLogWorker:Storage Directory /workdir/hadoop-ozone/integration-test/target/test-dir/MiniOzoneClusterImpl-0943eb9e-b08a-41ed-9047-9abe96000917/datanode-0/data/ratis/c7fb60e5-cb79-44f2-9320-a6a8c3515952] INFO  segmented.SegmentedRaftLogWorker (SegmentedRaftLogWorker.java:execute(569)) - 69f7d37c-3616-4e50-8382-f7d7bb9102ea-SegmentedRaftLogWorker:Storage Directory /workdir/hadoop-ozone/integration-test/target/test-dir/MiniOzoneClusterImpl-0943eb9e-b08a-41ed-9047-9abe96000917/datanode-0/data/ratis/c7fb60e5-cb79-44f2-9320-a6a8c3515952: created new log segment /workdir/hadoop-ozone/integration-test/target/test-dir/MiniOzoneClusterImpl-0943eb9e-b08a-41ed-9047-9abe96000917/datanode-0/data/ratis/c7fb60e5-cb79-44f2-9320-a6a8c3515952/current/log_inprogress_0
2019-08-23 01:49:39,426 [92d27ea8-f483-4a0d-b6f3-3a914fc406ca-SegmentedRaftLogWorker:Storage Directory /workdir/hadoop-ozone/integration-test/target/test-dir/MiniOzoneClusterImpl-0943eb9e-b08a-41ed-9047-9abe96000917/datanode-2/data/ratis/c7fb60e5-cb79-44f2-9320-a6a8c3515952] INFO  segmented.SegmentedRaftLogWorker (SegmentedRaftLogWorker.java:execute(569)) - 92d27ea8-f483-4a0d-b6f3-3a914fc406ca-SegmentedRaftLogWorker:Storage Directory /workdir/hadoop-ozone/integration-test/target/test-dir/MiniOzoneClusterImpl-0943eb9e-b08a-41ed-9047-9abe96000917/datanode-2/data/ratis/c7fb60e5-cb79-44f2-9320-a6a8c3515952: created new log segment /workdir/hadoop-ozone/integration-test/target/test-dir/MiniOzoneClusterImpl-0943eb9e-b08a-41ed-9047-9abe96000917/datanode-2/data/ratis/c7fb60e5-cb79-44f2-9320-a6a8c3515952/current/log_inprogress_0
2019-08-23 01:49:39,426 [460b0f97-1b5f-49b0-a00e-827137c6a5da-SegmentedRaftLogWorker:Storage Directory /workdir/hadoop-ozone/integration-test/target/test-dir/MiniOzoneClusterImpl-0943eb9e-b08a-41ed-9047-9abe96000917/datanode-3/data/ratis/c14e4cfc-f9d3-4afc-b06c-ce69a8664917] INFO  segmented.SegmentedRaftLogWorker (SegmentedRaftLogWorker.java:execute(569)) - 460b0f97-1b5f-49b0-a00e-827137c6a5da-SegmentedRaftLogWorker:Storage Directory /workdir/hadoop-ozone/integration-test/target/test-dir/MiniOzoneClusterImpl-0943eb9e-b08a-41ed-9047-9abe96000917/datanode-3/data/ratis/c14e4cfc-f9d3-4afc-b06c-ce69a8664917: created new log segment /workdir/hadoop-ozone/integration-test/target/test-dir/MiniOzoneClusterImpl-0943eb9e-b08a-41ed-9047-9abe96000917/datanode-3/data/ratis/c14e4cfc-f9d3-4afc-b06c-ce69a8664917/current/log_inprogress_0
2019-08-23 01:49:39,440 | INFO  | SCMAudit | user=jenkins1000 | ip=192.168.34.22 | op=SEND_HEARTBEAT {datanodeUUID=33de8731-90a9-402d-b62b-44837c115f8f, command=[]} | ret=SUCCESS |  
2019-08-23 01:49:39,517 [Thread-2466] INFO  impl.FollowerState (FollowerState.java:run(106)) - 33de8731-90a9-402d-b62b-44837c115f8f:group-2B5FD0B7B1C2 changes to CANDIDATE, lastRpcTime:5031, electionTimeout:5031ms
2019-08-23 01:49:39,517 [Thread-2466] INFO  impl.RoleInfo (RoleInfo.java:shutdownFollowerState(121)) - 33de8731-90a9-402d-b62b-44837c115f8f: shutdown FollowerState
2019-08-23 01:49:39,517 [Thread-2466] INFO  impl.RaftServerImpl (RaftServerImpl.java:setRole(171)) - 33de8731-90a9-402d-b62b-44837c115f8f:group-2B5FD0B7B1C2 changes role from FOLLOWER to CANDIDATE at term 0 for changeToCandidate
2019-08-23 01:49:39,517 [Thread-2466] INFO  impl.RoleInfo (RoleInfo.java:updateAndGet(143)) - 33de8731-90a9-402d-b62b-44837c115f8f: start LeaderElection
2019-08-23 01:49:39,537 [33de8731-90a9-402d-b62b-44837c115f8f:group-2B5FD0B7B1C2:LeaderElection86] INFO  impl.LeaderElection (LeaderElection.java:askForVotes(181)) - 33de8731-90a9-402d-b62b-44837c115f8f:group-2B5FD0B7B1C2:LeaderElection86: begin an election at term 1 for -1: [33de8731-90a9-402d-b62b-44837c115f8f:192.168.34.22:34064], old=null
2019-08-23 01:49:39,537 [33de8731-90a9-402d-b62b-44837c115f8f:group-2B5FD0B7B1C2:LeaderElection86] INFO  impl.RoleInfo (RoleInfo.java:shutdownLeaderElection(134)) - 33de8731-90a9-402d-b62b-44837c115f8f: shutdown LeaderElection
2019-08-23 01:49:39,538 [33de8731-90a9-402d-b62b-44837c115f8f:group-2B5FD0B7B1C2:LeaderElection86] INFO  impl.RaftServerImpl (RaftServerImpl.java:setRole(171)) - 33de8731-90a9-402d-b62b-44837c115f8f:group-2B5FD0B7B1C2 changes role from CANDIDATE to LEADER at term 1 for changeToLeader
2019-08-23 01:49:39,538 [33de8731-90a9-402d-b62b-44837c115f8f:group-2B5FD0B7B1C2:LeaderElection86] INFO  impl.RaftServerImpl (ServerState.java:setLeader(263)) - 33de8731-90a9-402d-b62b-44837c115f8f:group-2B5FD0B7B1C2 change Leader from null to 33de8731-90a9-402d-b62b-44837c115f8f at term 1 for becomeLeader, leader elected after 5055ms
2019-08-23 01:49:39,538 [33de8731-90a9-402d-b62b-44837c115f8f:group-2B5FD0B7B1C2:LeaderElection86] INFO  server.RaftServerConfigKeys (ConfUtils.java:logGet(43)) - raft.server.staging.catchup.gap = 1000 (default)
2019-08-23 01:49:39,538 [33de8731-90a9-402d-b62b-44837c115f8f:group-2B5FD0B7B1C2:LeaderElection86] INFO  server.RaftServerConfigKeys (ConfUtils.java:logGet(43)) - raft.server.rpc.sleep.time = 25ms (default)
2019-08-23 01:49:39,538 [33de8731-90a9-402d-b62b-44837c115f8f:group-2B5FD0B7B1C2:LeaderElection86] INFO  server.RaftServerConfigKeys (ConfUtils.java:logGet(43)) - raft.server.write.element-limit = 4096 (default)
2019-08-23 01:49:39,538 [33de8731-90a9-402d-b62b-44837c115f8f:group-2B5FD0B7B1C2:LeaderElection86] INFO  server.RaftServerConfigKeys (ConfUtils.java:logGet(43)) - raft.server.watch.timeout = 10s (default)
2019-08-23 01:49:39,538 [33de8731-90a9-402d-b62b-44837c115f8f:group-2B5FD0B7B1C2:LeaderElection86] INFO  server.RaftServerConfigKeys (ConfUtils.java:logGet(43)) - raft.server.watch.timeout.denomination = 1s (default)
2019-08-23 01:49:39,538 [33de8731-90a9-402d-b62b-44837c115f8f:group-2B5FD0B7B1C2:LeaderElection86] INFO  server.RaftServerConfigKeys (ConfUtils.java:logGet(43)) - raft.server.watch.element-limit = 65536 (default)
2019-08-23 01:49:39,539 [33de8731-90a9-402d-b62b-44837c115f8f:group-2B5FD0B7B1C2:LeaderElection86] INFO  impl.RoleInfo (RoleInfo.java:updateAndGet(143)) - 33de8731-90a9-402d-b62b-44837c115f8f: start LeaderState
2019-08-23 01:49:39,539 [33de8731-90a9-402d-b62b-44837c115f8f:group-2B5FD0B7B1C2:LeaderElection86] INFO  segmented.SegmentedRaftLogWorker (SegmentedRaftLogWorker.java:startLogSegment(380)) - 33de8731-90a9-402d-b62b-44837c115f8f-SegmentedRaftLogWorker:Storage Directory /workdir/hadoop-ozone/integration-test/target/test-dir/MiniOzoneClusterImpl-0943eb9e-b08a-41ed-9047-9abe96000917/datanode-4/data/ratis/a70e6922-7a61-45ae-802a-2b5fd0b7b1c2: Starting segment from index:0
2019-08-23 01:49:39,539 [33de8731-90a9-402d-b62b-44837c115f8f:group-2B5FD0B7B1C2:LeaderElection86] INFO  impl.RaftServerImpl (ServerState.java:setRaftConf(361)) - 33de8731-90a9-402d-b62b-44837c115f8f:group-2B5FD0B7B1C2 set configuration 0: [33de8731-90a9-402d-b62b-44837c115f8f:192.168.34.22:34064], old=null at 0
2019-08-23 01:49:39,587 [33de8731-90a9-402d-b62b-44837c115f8f-SegmentedRaftLogWorker:Storage Directory /workdir/hadoop-ozone/integration-test/target/test-dir/MiniOzoneClusterImpl-0943eb9e-b08a-41ed-9047-9abe96000917/datanode-4/data/ratis/a70e6922-7a61-45ae-802a-2b5fd0b7b1c2] INFO  segmented.SegmentedRaftLogWorker (SegmentedRaftLogWorker.java:execute(569)) - 33de8731-90a9-402d-b62b-44837c115f8f-SegmentedRaftLogWorker:Storage Directory /workdir/hadoop-ozone/integration-test/target/test-dir/MiniOzoneClusterImpl-0943eb9e-b08a-41ed-9047-9abe96000917/datanode-4/data/ratis/a70e6922-7a61-45ae-802a-2b5fd0b7b1c2: created new log segment /workdir/hadoop-ozone/integration-test/target/test-dir/MiniOzoneClusterImpl-0943eb9e-b08a-41ed-9047-9abe96000917/datanode-4/data/ratis/a70e6922-7a61-45ae-802a-2b5fd0b7b1c2/current/log_inprogress_0
2019-08-23 01:49:39,591 | INFO  | SCMAudit | user=jenkins1000 | ip=192.168.34.22 | op=SEND_HEARTBEAT {datanodeUUID=b4a62b05-b08c-4a73-8fb1-2aa21dc66f39, command=[]} | ret=SUCCESS |  
2019-08-23 01:49:39,699 [Thread-2472] INFO  impl.FollowerState (FollowerState.java:run(106)) - 33de8731-90a9-402d-b62b-44837c115f8f:group-F17F7CC0BA9E changes to CANDIDATE, lastRpcTime:5015, electionTimeout:5015ms
2019-08-23 01:49:39,699 [Thread-2472] INFO  impl.RoleInfo (RoleInfo.java:shutdownFollowerState(121)) - 33de8731-90a9-402d-b62b-44837c115f8f: shutdown FollowerState
2019-08-23 01:49:39,699 [Thread-2472] INFO  impl.RaftServerImpl (RaftServerImpl.java:setRole(171)) - 33de8731-90a9-402d-b62b-44837c115f8f:group-F17F7CC0BA9E changes role from FOLLOWER to CANDIDATE at term 0 for changeToCandidate
2019-08-23 01:49:39,699 [Thread-2472] INFO  impl.RoleInfo (RoleInfo.java:updateAndGet(143)) - 33de8731-90a9-402d-b62b-44837c115f8f: start LeaderElection
2019-08-23 01:49:39,720 [33de8731-90a9-402d-b62b-44837c115f8f:group-F17F7CC0BA9E:LeaderElection87] INFO  impl.LeaderElection (LeaderElection.java:askForVotes(181)) - 33de8731-90a9-402d-b62b-44837c115f8f:group-F17F7CC0BA9E:LeaderElection87: begin an election at term 1 for -1: [460b0f97-1b5f-49b0-a00e-827137c6a5da:192.168.34.22:33150, 33de8731-90a9-402d-b62b-44837c115f8f:192.168.34.22:34064, b4a62b05-b08c-4a73-8fb1-2aa21dc66f39:192.168.34.22:34313], old=null
2019-08-23 01:49:39,730 [grpc-default-executor-4] INFO  impl.RaftServerImpl (RaftServerImpl.java:setRole(171)) - b4a62b05-b08c-4a73-8fb1-2aa21dc66f39:group-F17F7CC0BA9E changes role from FOLLOWER to FOLLOWER at term 1 for recognizeCandidate:33de8731-90a9-402d-b62b-44837c115f8f
2019-08-23 01:49:39,733 [grpc-default-executor-7] INFO  impl.RaftServerImpl (RaftServerImpl.java:setRole(171)) - 460b0f97-1b5f-49b0-a00e-827137c6a5da:group-F17F7CC0BA9E changes role from FOLLOWER to FOLLOWER at term 1 for recognizeCandidate:33de8731-90a9-402d-b62b-44837c115f8f
2019-08-23 01:49:39,733 [grpc-default-executor-4] INFO  impl.RoleInfo (RoleInfo.java:shutdownFollowerState(121)) - b4a62b05-b08c-4a73-8fb1-2aa21dc66f39: shutdown FollowerState
2019-08-23 01:49:39,733 [grpc-default-executor-7] INFO  impl.RoleInfo (RoleInfo.java:shutdownFollowerState(121)) - 460b0f97-1b5f-49b0-a00e-827137c6a5da: shutdown FollowerState
2019-08-23 01:49:39,734 | INFO  | SCMAudit | user=jenkins1000 | ip=192.168.34.22 | op=SEND_HEARTBEAT {datanodeUUID=69f7d37c-3616-4e50-8382-f7d7bb9102ea, command=[]} | ret=SUCCESS |  
2019-08-23 01:49:39,734 [Thread-2477] INFO  impl.FollowerState (FollowerState.java:run(114)) - b4a62b05-b08c-4a73-8fb1-2aa21dc66f39: FollowerState was interrupted: java.lang.InterruptedException: sleep interrupted
2019-08-23 01:49:39,733 [grpc-default-executor-4] INFO  impl.RoleInfo (RoleInfo.java:updateAndGet(143)) - b4a62b05-b08c-4a73-8fb1-2aa21dc66f39: start FollowerState
2019-08-23 01:49:39,734 [Thread-2476] INFO  impl.FollowerState (FollowerState.java:run(114)) - 460b0f97-1b5f-49b0-a00e-827137c6a5da: FollowerState was interrupted: java.lang.InterruptedException: sleep interrupted
2019-08-23 01:49:39,734 [grpc-default-executor-7] INFO  impl.RoleInfo (RoleInfo.java:updateAndGet(143)) - 460b0f97-1b5f-49b0-a00e-827137c6a5da: start FollowerState
2019-08-23 01:49:39,748 [33de8731-90a9-402d-b62b-44837c115f8f:group-F17F7CC0BA9E:LeaderElection87] INFO  impl.LeaderElection (LeaderElection.java:logAndReturn(56)) - 33de8731-90a9-402d-b62b-44837c115f8f:group-F17F7CC0BA9E:LeaderElection87: Election PASSED; received 1 response(s) [33de8731-90a9-402d-b62b-44837c115f8f<-460b0f97-1b5f-49b0-a00e-827137c6a5da#0:OK-t1] and 0 exception(s); 33de8731-90a9-402d-b62b-44837c115f8f:t1, leader=null, voted=33de8731-90a9-402d-b62b-44837c115f8f, raftlog=33de8731-90a9-402d-b62b-44837c115f8f-SegmentedRaftLog:OPENED:c-1,f-1,i0, conf=-1: [460b0f97-1b5f-49b0-a00e-827137c6a5da:192.168.34.22:33150, 33de8731-90a9-402d-b62b-44837c115f8f:192.168.34.22:34064, b4a62b05-b08c-4a73-8fb1-2aa21dc66f39:192.168.34.22:34313], old=null
2019-08-23 01:49:39,749 [33de8731-90a9-402d-b62b-44837c115f8f:group-F17F7CC0BA9E:LeaderElection87] INFO  impl.RoleInfo (RoleInfo.java:shutdownLeaderElection(134)) - 33de8731-90a9-402d-b62b-44837c115f8f: shutdown LeaderElection
2019-08-23 01:49:39,749 [33de8731-90a9-402d-b62b-44837c115f8f:group-F17F7CC0BA9E:LeaderElection87] INFO  impl.RaftServerImpl (RaftServerImpl.java:setRole(171)) - 33de8731-90a9-402d-b62b-44837c115f8f:group-F17F7CC0BA9E changes role from CANDIDATE to LEADER at term 1 for changeToLeader
2019-08-23 01:49:39,749 [33de8731-90a9-402d-b62b-44837c115f8f:group-F17F7CC0BA9E:LeaderElection87] INFO  impl.RaftServerImpl (ServerState.java:setLeader(263)) - 33de8731-90a9-402d-b62b-44837c115f8f:group-F17F7CC0BA9E change Leader from null to 33de8731-90a9-402d-b62b-44837c115f8f at term 1 for becomeLeader, leader elected after 5070ms
2019-08-23 01:49:39,749 [33de8731-90a9-402d-b62b-44837c115f8f:group-F17F7CC0BA9E:LeaderElection87] INFO  server.RaftServerConfigKeys (ConfUtils.java:logGet(43)) - raft.server.staging.catchup.gap = 1000 (default)
2019-08-23 01:49:39,749 [33de8731-90a9-402d-b62b-44837c115f8f:group-F17F7CC0BA9E:LeaderElection87] INFO  server.RaftServerConfigKeys (ConfUtils.java:logGet(43)) - raft.server.rpc.sleep.time = 25ms (default)
2019-08-23 01:49:39,749 [33de8731-90a9-402d-b62b-44837c115f8f:group-F17F7CC0BA9E:LeaderElection87] INFO  server.RaftServerConfigKeys (ConfUtils.java:logGet(43)) - raft.server.write.element-limit = 4096 (default)
2019-08-23 01:49:39,750 [33de8731-90a9-402d-b62b-44837c115f8f:group-F17F7CC0BA9E:LeaderElection87] INFO  server.RaftServerConfigKeys (ConfUtils.java:logGet(43)) - raft.server.watch.timeout = 10s (default)
2019-08-23 01:49:39,750 [33de8731-90a9-402d-b62b-44837c115f8f:group-F17F7CC0BA9E:LeaderElection87] INFO  server.RaftServerConfigKeys (ConfUtils.java:logGet(43)) - raft.server.watch.timeout.denomination = 1s (default)
2019-08-23 01:49:39,750 [33de8731-90a9-402d-b62b-44837c115f8f:group-F17F7CC0BA9E:LeaderElection87] INFO  server.RaftServerConfigKeys (ConfUtils.java:logGet(43)) - raft.server.watch.element-limit = 65536 (default)
2019-08-23 01:49:39,750 [33de8731-90a9-402d-b62b-44837c115f8f:group-F17F7CC0BA9E:LeaderElection87] INFO  server.RaftServerConfigKeys (ConfUtils.java:logGet(43)) - raft.server.log.appender.snapshot.chunk.size.max = 16MB (=16777216) (default)
2019-08-23 01:49:39,750 [33de8731-90a9-402d-b62b-44837c115f8f:group-F17F7CC0BA9E:LeaderElection87] INFO  server.RaftServerConfigKeys (ConfUtils.java:logGet(43)) - raft.server.log.appender.buffer.byte-limit = 33554432 (custom)
2019-08-23 01:49:39,751 [33de8731-90a9-402d-b62b-44837c115f8f:group-F17F7CC0BA9E:LeaderElection87] INFO  server.RaftServerConfigKeys (ConfUtils.java:logGet(43)) - raft.server.log.appender.buffer.element-limit = 1 (custom)
2019-08-23 01:49:39,751 [33de8731-90a9-402d-b62b-44837c115f8f:group-F17F7CC0BA9E:LeaderElection87] INFO  grpc.GrpcConfigKeys$Server (ConfUtils.java:logGet(43)) - raft.grpc.server.leader.outstanding.appends.max = 128 (default)
2019-08-23 01:49:39,751 [33de8731-90a9-402d-b62b-44837c115f8f:group-F17F7CC0BA9E:LeaderElection87] INFO  server.RaftServerConfigKeys (ConfUtils.java:logGet(43)) - raft.server.rpc.request.timeout = 3000ms (default)
2019-08-23 01:49:39,751 [33de8731-90a9-402d-b62b-44837c115f8f:group-F17F7CC0BA9E:LeaderElection87] INFO  server.RaftServerConfigKeys (ConfUtils.java:logGet(43)) - raft.server.log.appender.install.snapshot.enabled = false (custom)
2019-08-23 01:49:39,751 [33de8731-90a9-402d-b62b-44837c115f8f:group-F17F7CC0BA9E:LeaderElection87] INFO  server.RaftServerConfigKeys (ConfUtils.java:logGet(43)) - raft.server.log.appender.snapshot.chunk.size.max = 16MB (=16777216) (default)
2019-08-23 01:49:39,752 [33de8731-90a9-402d-b62b-44837c115f8f:group-F17F7CC0BA9E:LeaderElection87] INFO  server.RaftServerConfigKeys (ConfUtils.java:logGet(43)) - raft.server.log.appender.buffer.byte-limit = 33554432 (custom)
2019-08-23 01:49:39,752 [33de8731-90a9-402d-b62b-44837c115f8f:group-F17F7CC0BA9E:LeaderElection87] INFO  server.RaftServerConfigKeys (ConfUtils.java:logGet(43)) - raft.server.log.appender.buffer.element-limit = 1 (custom)
2019-08-23 01:49:39,752 [33de8731-90a9-402d-b62b-44837c115f8f:group-F17F7CC0BA9E:LeaderElection87] INFO  grpc.GrpcConfigKeys$Server (ConfUtils.java:logGet(43)) - raft.grpc.server.leader.outstanding.appends.max = 128 (default)
2019-08-23 01:49:39,752 [33de8731-90a9-402d-b62b-44837c115f8f:group-F17F7CC0BA9E:LeaderElection87] INFO  server.RaftServerConfigKeys (ConfUtils.java:logGet(43)) - raft.server.rpc.request.timeout = 3000ms (default)
2019-08-23 01:49:39,752 [33de8731-90a9-402d-b62b-44837c115f8f:group-F17F7CC0BA9E:LeaderElection87] INFO  server.RaftServerConfigKeys (ConfUtils.java:logGet(43)) - raft.server.log.appender.install.snapshot.enabled = false (custom)
2019-08-23 01:49:39,753 [33de8731-90a9-402d-b62b-44837c115f8f:group-F17F7CC0BA9E:LeaderElection87] INFO  impl.RoleInfo (RoleInfo.java:updateAndGet(143)) - 33de8731-90a9-402d-b62b-44837c115f8f: start LeaderState
2019-08-23 01:49:39,753 [33de8731-90a9-402d-b62b-44837c115f8f:group-F17F7CC0BA9E:LeaderElection87] INFO  segmented.SegmentedRaftLogWorker (SegmentedRaftLogWorker.java:startLogSegment(380)) - 33de8731-90a9-402d-b62b-44837c115f8f-SegmentedRaftLogWorker:Storage Directory /workdir/hadoop-ozone/integration-test/target/test-dir/MiniOzoneClusterImpl-0943eb9e-b08a-41ed-9047-9abe96000917/datanode-4/data/ratis/bb12dc2f-fece-4c68-8b5f-f17f7cc0ba9e: Starting segment from index:0
2019-08-23 01:49:39,753 | INFO  | SCMAudit | user=jenkins1000 | ip=192.168.34.22 | op=SEND_HEARTBEAT {datanodeUUID=d439f8db-9dad-40d8-92e1-352d499497ff, command=[]} | ret=SUCCESS |  
2019-08-23 01:49:39,754 [33de8731-90a9-402d-b62b-44837c115f8f:group-F17F7CC0BA9E:LeaderElection87] INFO  impl.RaftServerImpl (ServerState.java:setRaftConf(361)) - 33de8731-90a9-402d-b62b-44837c115f8f:group-F17F7CC0BA9E set configuration 0: [460b0f97-1b5f-49b0-a00e-827137c6a5da:192.168.34.22:33150, 33de8731-90a9-402d-b62b-44837c115f8f:192.168.34.22:34064, b4a62b05-b08c-4a73-8fb1-2aa21dc66f39:192.168.34.22:34313], old=null at 0
2019-08-23 01:49:39,791 [grpc-default-executor-4] INFO  impl.RaftServerImpl (ServerState.java:setLeader(263)) - 460b0f97-1b5f-49b0-a00e-827137c6a5da:group-F17F7CC0BA9E change Leader from null to 33de8731-90a9-402d-b62b-44837c115f8f at term 1 for appendEntries, leader elected after 5112ms
2019-08-23 01:49:39,791 [grpc-default-executor-7] INFO  impl.RaftServerImpl (ServerState.java:setLeader(263)) - b4a62b05-b08c-4a73-8fb1-2aa21dc66f39:group-F17F7CC0BA9E change Leader from null to 33de8731-90a9-402d-b62b-44837c115f8f at term 1 for appendEntries, leader elected after 5112ms
2019-08-23 01:49:39,794 [grpc-default-executor-7] INFO  impl.RaftServerImpl (ServerState.java:setRaftConf(361)) - 460b0f97-1b5f-49b0-a00e-827137c6a5da:group-F17F7CC0BA9E set configuration 0: [460b0f97-1b5f-49b0-a00e-827137c6a5da:192.168.34.22:33150, 33de8731-90a9-402d-b62b-44837c115f8f:192.168.34.22:34064, b4a62b05-b08c-4a73-8fb1-2aa21dc66f39:192.168.34.22:34313], old=null at 0
2019-08-23 01:49:39,794 [grpc-default-executor-7] INFO  segmented.SegmentedRaftLogWorker (SegmentedRaftLogWorker.java:startLogSegment(380)) - 460b0f97-1b5f-49b0-a00e-827137c6a5da-SegmentedRaftLogWorker:Storage Directory /workdir/hadoop-ozone/integration-test/target/test-dir/MiniOzoneClusterImpl-0943eb9e-b08a-41ed-9047-9abe96000917/datanode-3/data/ratis/bb12dc2f-fece-4c68-8b5f-f17f7cc0ba9e: Starting segment from index:0
2019-08-23 01:49:39,794 [grpc-default-executor-4] INFO  impl.RaftServerImpl (ServerState.java:setRaftConf(361)) - b4a62b05-b08c-4a73-8fb1-2aa21dc66f39:group-F17F7CC0BA9E set configuration 0: [460b0f97-1b5f-49b0-a00e-827137c6a5da:192.168.34.22:33150, 33de8731-90a9-402d-b62b-44837c115f8f:192.168.34.22:34064, b4a62b05-b08c-4a73-8fb1-2aa21dc66f39:192.168.34.22:34313], old=null at 0
2019-08-23 01:49:39,795 [grpc-default-executor-4] INFO  segmented.SegmentedRaftLogWorker (SegmentedRaftLogWorker.java:startLogSegment(380)) - b4a62b05-b08c-4a73-8fb1-2aa21dc66f39-SegmentedRaftLogWorker:Storage Directory /workdir/hadoop-ozone/integration-test/target/test-dir/MiniOzoneClusterImpl-0943eb9e-b08a-41ed-9047-9abe96000917/datanode-5/data/ratis/bb12dc2f-fece-4c68-8b5f-f17f7cc0ba9e: Starting segment from index:0
2019-08-23 01:49:39,811 [33de8731-90a9-402d-b62b-44837c115f8f-SegmentedRaftLogWorker:Storage Directory /workdir/hadoop-ozone/integration-test/target/test-dir/MiniOzoneClusterImpl-0943eb9e-b08a-41ed-9047-9abe96000917/datanode-4/data/ratis/bb12dc2f-fece-4c68-8b5f-f17f7cc0ba9e] INFO  segmented.SegmentedRaftLogWorker (SegmentedRaftLogWorker.java:execute(569)) - 33de8731-90a9-402d-b62b-44837c115f8f-SegmentedRaftLogWorker:Storage Directory /workdir/hadoop-ozone/integration-test/target/test-dir/MiniOzoneClusterImpl-0943eb9e-b08a-41ed-9047-9abe96000917/datanode-4/data/ratis/bb12dc2f-fece-4c68-8b5f-f17f7cc0ba9e: created new log segment /workdir/hadoop-ozone/integration-test/target/test-dir/MiniOzoneClusterImpl-0943eb9e-b08a-41ed-9047-9abe96000917/datanode-4/data/ratis/bb12dc2f-fece-4c68-8b5f-f17f7cc0ba9e/current/log_inprogress_0
2019-08-23 01:49:39,820 [Thread-2469] INFO  impl.FollowerState (FollowerState.java:run(106)) - b4a62b05-b08c-4a73-8fb1-2aa21dc66f39:group-C3F89421C0B9 changes to CANDIDATE, lastRpcTime:5192, electionTimeout:5192ms
2019-08-23 01:49:39,820 [Thread-2469] INFO  impl.RoleInfo (RoleInfo.java:shutdownFollowerState(121)) - b4a62b05-b08c-4a73-8fb1-2aa21dc66f39: shutdown FollowerState
2019-08-23 01:49:39,820 [Thread-2469] INFO  impl.RaftServerImpl (RaftServerImpl.java:setRole(171)) - b4a62b05-b08c-4a73-8fb1-2aa21dc66f39:group-C3F89421C0B9 changes role from FOLLOWER to CANDIDATE at term 0 for changeToCandidate
2019-08-23 01:49:39,820 [Thread-2469] INFO  impl.RoleInfo (RoleInfo.java:updateAndGet(143)) - b4a62b05-b08c-4a73-8fb1-2aa21dc66f39: start LeaderElection
2019-08-23 01:49:39,856 [b4a62b05-b08c-4a73-8fb1-2aa21dc66f39-SegmentedRaftLogWorker:Storage Directory /workdir/hadoop-ozone/integration-test/target/test-dir/MiniOzoneClusterImpl-0943eb9e-b08a-41ed-9047-9abe96000917/datanode-5/data/ratis/bb12dc2f-fece-4c68-8b5f-f17f7cc0ba9e] INFO  segmented.SegmentedRaftLogWorker (SegmentedRaftLogWorker.java:execute(569)) - b4a62b05-b08c-4a73-8fb1-2aa21dc66f39-SegmentedRaftLogWorker:Storage Directory /workdir/hadoop-ozone/integration-test/target/test-dir/MiniOzoneClusterImpl-0943eb9e-b08a-41ed-9047-9abe96000917/datanode-5/data/ratis/bb12dc2f-fece-4c68-8b5f-f17f7cc0ba9e: created new log segment /workdir/hadoop-ozone/integration-test/target/test-dir/MiniOzoneClusterImpl-0943eb9e-b08a-41ed-9047-9abe96000917/datanode-5/data/ratis/bb12dc2f-fece-4c68-8b5f-f17f7cc0ba9e/current/log_inprogress_0
2019-08-23 01:49:39,856 [b4a62b05-b08c-4a73-8fb1-2aa21dc66f39:group-C3F89421C0B9:LeaderElection88] INFO  impl.LeaderElection (LeaderElection.java:askForVotes(181)) - b4a62b05-b08c-4a73-8fb1-2aa21dc66f39:group-C3F89421C0B9:LeaderElection88: begin an election at term 1 for -1: [b4a62b05-b08c-4a73-8fb1-2aa21dc66f39:192.168.34.22:34313], old=null
2019-08-23 01:49:39,856 [460b0f97-1b5f-49b0-a00e-827137c6a5da-SegmentedRaftLogWorker:Storage Directory /workdir/hadoop-ozone/integration-test/target/test-dir/MiniOzoneClusterImpl-0943eb9e-b08a-41ed-9047-9abe96000917/datanode-3/data/ratis/bb12dc2f-fece-4c68-8b5f-f17f7cc0ba9e] INFO  segmented.SegmentedRaftLogWorker (SegmentedRaftLogWorker.java:execute(569)) - 460b0f97-1b5f-49b0-a00e-827137c6a5da-SegmentedRaftLogWorker:Storage Directory /workdir/hadoop-ozone/integration-test/target/test-dir/MiniOzoneClusterImpl-0943eb9e-b08a-41ed-9047-9abe96000917/datanode-3/data/ratis/bb12dc2f-fece-4c68-8b5f-f17f7cc0ba9e: created new log segment /workdir/hadoop-ozone/integration-test/target/test-dir/MiniOzoneClusterImpl-0943eb9e-b08a-41ed-9047-9abe96000917/datanode-3/data/ratis/bb12dc2f-fece-4c68-8b5f-f17f7cc0ba9e/current/log_inprogress_0
2019-08-23 01:49:39,856 [b4a62b05-b08c-4a73-8fb1-2aa21dc66f39:group-C3F89421C0B9:LeaderElection88] INFO  impl.RoleInfo (RoleInfo.java:shutdownLeaderElection(134)) - b4a62b05-b08c-4a73-8fb1-2aa21dc66f39: shutdown LeaderElection
2019-08-23 01:49:39,856 [b4a62b05-b08c-4a73-8fb1-2aa21dc66f39:group-C3F89421C0B9:LeaderElection88] INFO  impl.RaftServerImpl (RaftServerImpl.java:setRole(171)) - b4a62b05-b08c-4a73-8fb1-2aa21dc66f39:group-C3F89421C0B9 changes role from CANDIDATE to LEADER at term 1 for changeToLeader
2019-08-23 01:49:39,856 [b4a62b05-b08c-4a73-8fb1-2aa21dc66f39:group-C3F89421C0B9:LeaderElection88] INFO  impl.RaftServerImpl (ServerState.java:setLeader(263)) - b4a62b05-b08c-4a73-8fb1-2aa21dc66f39:group-C3F89421C0B9 change Leader from null to b4a62b05-b08c-4a73-8fb1-2aa21dc66f39 at term 1 for becomeLeader, leader elected after 5231ms
2019-08-23 01:49:39,856 [b4a62b05-b08c-4a73-8fb1-2aa21dc66f39:group-C3F89421C0B9:LeaderElection88] INFO  server.RaftServerConfigKeys (ConfUtils.java:logGet(43)) - raft.server.staging.catchup.gap = 1000 (default)
2019-08-23 01:49:39,857 [b4a62b05-b08c-4a73-8fb1-2aa21dc66f39:group-C3F89421C0B9:LeaderElection88] INFO  server.RaftServerConfigKeys (ConfUtils.java:logGet(43)) - raft.server.rpc.sleep.time = 25ms (default)
2019-08-23 01:49:39,857 [b4a62b05-b08c-4a73-8fb1-2aa21dc66f39:group-C3F89421C0B9:LeaderElection88] INFO  server.RaftServerConfigKeys (ConfUtils.java:logGet(43)) - raft.server.write.element-limit = 4096 (default)
2019-08-23 01:49:39,857 [b4a62b05-b08c-4a73-8fb1-2aa21dc66f39:group-C3F89421C0B9:LeaderElection88] INFO  server.RaftServerConfigKeys (ConfUtils.java:logGet(43)) - raft.server.watch.timeout = 10s (default)
2019-08-23 01:49:39,857 [b4a62b05-b08c-4a73-8fb1-2aa21dc66f39:group-C3F89421C0B9:LeaderElection88] INFO  server.RaftServerConfigKeys (ConfUtils.java:logGet(43)) - raft.server.watch.timeout.denomination = 1s (default)
2019-08-23 01:49:39,857 [b4a62b05-b08c-4a73-8fb1-2aa21dc66f39:group-C3F89421C0B9:LeaderElection88] INFO  server.RaftServerConfigKeys (ConfUtils.java:logGet(43)) - raft.server.watch.element-limit = 65536 (default)
2019-08-23 01:49:39,858 [b4a62b05-b08c-4a73-8fb1-2aa21dc66f39:group-C3F89421C0B9:LeaderElection88] INFO  impl.RoleInfo (RoleInfo.java:updateAndGet(143)) - b4a62b05-b08c-4a73-8fb1-2aa21dc66f39: start LeaderState
2019-08-23 01:49:39,858 [b4a62b05-b08c-4a73-8fb1-2aa21dc66f39:group-C3F89421C0B9:LeaderElection88] INFO  segmented.SegmentedRaftLogWorker (SegmentedRaftLogWorker.java:startLogSegment(380)) - b4a62b05-b08c-4a73-8fb1-2aa21dc66f39-SegmentedRaftLogWorker:Storage Directory /workdir/hadoop-ozone/integration-test/target/test-dir/MiniOzoneClusterImpl-0943eb9e-b08a-41ed-9047-9abe96000917/datanode-5/data/ratis/9f4f84b6-08f3-455a-af9c-c3f89421c0b9: Starting segment from index:0
2019-08-23 01:49:39,858 [b4a62b05-b08c-4a73-8fb1-2aa21dc66f39:group-C3F89421C0B9:LeaderElection88] INFO  impl.RaftServerImpl (ServerState.java:setRaftConf(361)) - b4a62b05-b08c-4a73-8fb1-2aa21dc66f39:group-C3F89421C0B9 set configuration 0: [b4a62b05-b08c-4a73-8fb1-2aa21dc66f39:192.168.34.22:34313], old=null at 0
2019-08-23 01:49:39,909 [grpc-default-executor-7] INFO  client.GrpcClientProtocolClient (GrpcClientProtocolClient.java:onNext(255)) - client-7F1F3FAEE039->69f7d37c-3616-4e50-8382-f7d7bb9102ea: receive RaftClientReply:client-7F1F3FAEE039->69f7d37c-3616-4e50-8382-f7d7bb9102ea@group-A6A8C3515952, cid=103, FAILED org.apache.ratis.protocol.NotLeaderException: Server 69f7d37c-3616-4e50-8382-f7d7bb9102ea is not the leader (ff93e3bf-9085-4246-8644-5e8fa9e79872:192.168.34.22:35639). Request must be sent to leader., logIndex=0, commits[69f7d37c-3616-4e50-8382-f7d7bb9102ea:c-1, 92d27ea8-f483-4a0d-b6f3-3a914fc406ca:c-1, ff93e3bf-9085-4246-8644-5e8fa9e79872:c-1]
2019-08-23 01:49:39,913 [b4a62b05-b08c-4a73-8fb1-2aa21dc66f39-SegmentedRaftLogWorker:Storage Directory /workdir/hadoop-ozone/integration-test/target/test-dir/MiniOzoneClusterImpl-0943eb9e-b08a-41ed-9047-9abe96000917/datanode-5/data/ratis/9f4f84b6-08f3-455a-af9c-c3f89421c0b9] INFO  segmented.SegmentedRaftLogWorker (SegmentedRaftLogWorker.java:execute(569)) - b4a62b05-b08c-4a73-8fb1-2aa21dc66f39-SegmentedRaftLogWorker:Storage Directory /workdir/hadoop-ozone/integration-test/target/test-dir/MiniOzoneClusterImpl-0943eb9e-b08a-41ed-9047-9abe96000917/datanode-5/data/ratis/9f4f84b6-08f3-455a-af9c-c3f89421c0b9: created new log segment /workdir/hadoop-ozone/integration-test/target/test-dir/MiniOzoneClusterImpl-0943eb9e-b08a-41ed-9047-9abe96000917/datanode-5/data/ratis/9f4f84b6-08f3-455a-af9c-c3f89421c0b9/current/log_inprogress_0
2019-08-23 01:49:39,915 | INFO  | SCMAudit | user=jenkins1000 | ip=192.168.34.22 | op=SEND_HEARTBEAT {datanodeUUID=ff93e3bf-9085-4246-8644-5e8fa9e79872, command=[]} | ret=SUCCESS |  
2019-08-23 01:49:39,952 [Thread-2483] INFO  impl.FollowerState (FollowerState.java:run(106)) - d439f8db-9dad-40d8-92e1-352d499497ff:group-E2F43802777E changes to CANDIDATE, lastRpcTime:5138, electionTimeout:5138ms
2019-08-23 01:49:39,953 [Thread-2483] INFO  impl.RoleInfo (RoleInfo.java:shutdownFollowerState(121)) - d439f8db-9dad-40d8-92e1-352d499497ff: shutdown FollowerState
2019-08-23 01:49:39,953 [Thread-2483] INFO  impl.RaftServerImpl (RaftServerImpl.java:setRole(171)) - d439f8db-9dad-40d8-92e1-352d499497ff:group-E2F43802777E changes role from FOLLOWER to CANDIDATE at term 0 for changeToCandidate
2019-08-23 01:49:39,953 [Thread-2483] INFO  impl.RoleInfo (RoleInfo.java:updateAndGet(143)) - d439f8db-9dad-40d8-92e1-352d499497ff: start LeaderElection
2019-08-23 01:49:39,963 [d439f8db-9dad-40d8-92e1-352d499497ff:group-E2F43802777E:LeaderElection89] INFO  impl.LeaderElection (LeaderElection.java:askForVotes(181)) - d439f8db-9dad-40d8-92e1-352d499497ff:group-E2F43802777E:LeaderElection89: begin an election at term 1 for -1: [d439f8db-9dad-40d8-92e1-352d499497ff:192.168.34.22:36701], old=null
2019-08-23 01:49:39,963 [d439f8db-9dad-40d8-92e1-352d499497ff:group-E2F43802777E:LeaderElection89] INFO  impl.RoleInfo (RoleInfo.java:shutdownLeaderElection(134)) - d439f8db-9dad-40d8-92e1-352d499497ff: shutdown LeaderElection
2019-08-23 01:49:39,963 [d439f8db-9dad-40d8-92e1-352d499497ff:group-E2F43802777E:LeaderElection89] INFO  impl.RaftServerImpl (RaftServerImpl.java:setRole(171)) - d439f8db-9dad-40d8-92e1-352d499497ff:group-E2F43802777E changes role from CANDIDATE to LEADER at term 1 for changeToLeader
2019-08-23 01:49:39,963 [d439f8db-9dad-40d8-92e1-352d499497ff:group-E2F43802777E:LeaderElection89] INFO  impl.RaftServerImpl (ServerState.java:setLeader(263)) - d439f8db-9dad-40d8-92e1-352d499497ff:group-E2F43802777E change Leader from null to d439f8db-9dad-40d8-92e1-352d499497ff at term 1 for becomeLeader, leader elected after 5151ms
2019-08-23 01:49:39,963 [d439f8db-9dad-40d8-92e1-352d499497ff:group-E2F43802777E:LeaderElection89] INFO  server.RaftServerConfigKeys (ConfUtils.java:logGet(43)) - raft.server.staging.catchup.gap = 1000 (default)
2019-08-23 01:49:39,963 [d439f8db-9dad-40d8-92e1-352d499497ff:group-E2F43802777E:LeaderElection89] INFO  server.RaftServerConfigKeys (ConfUtils.java:logGet(43)) - raft.server.rpc.sleep.time = 25ms (default)
2019-08-23 01:49:39,964 [d439f8db-9dad-40d8-92e1-352d499497ff:group-E2F43802777E:LeaderElection89] INFO  server.RaftServerConfigKeys (ConfUtils.java:logGet(43)) - raft.server.write.element-limit = 4096 (default)
2019-08-23 01:49:39,964 [d439f8db-9dad-40d8-92e1-352d499497ff:group-E2F43802777E:LeaderElection89] INFO  server.RaftServerConfigKeys (ConfUtils.java:logGet(43)) - raft.server.watch.timeout = 10s (default)
2019-08-23 01:49:39,964 [d439f8db-9dad-40d8-92e1-352d499497ff:group-E2F43802777E:LeaderElection89] INFO  server.RaftServerConfigKeys (ConfUtils.java:logGet(43)) - raft.server.watch.timeout.denomination = 1s (default)
2019-08-23 01:49:39,964 [d439f8db-9dad-40d8-92e1-352d499497ff:group-E2F43802777E:LeaderElection89] INFO  server.RaftServerConfigKeys (ConfUtils.java:logGet(43)) - raft.server.watch.element-limit = 65536 (default)
2019-08-23 01:49:39,964 [d439f8db-9dad-40d8-92e1-352d499497ff:group-E2F43802777E:LeaderElection89] INFO  impl.RoleInfo (RoleInfo.java:updateAndGet(143)) - d439f8db-9dad-40d8-92e1-352d499497ff: start LeaderState
2019-08-23 01:49:39,964 [d439f8db-9dad-40d8-92e1-352d499497ff:group-E2F43802777E:LeaderElection89] INFO  segmented.SegmentedRaftLogWorker (SegmentedRaftLogWorker.java:startLogSegment(380)) - d439f8db-9dad-40d8-92e1-352d499497ff-SegmentedRaftLogWorker:Storage Directory /workdir/hadoop-ozone/integration-test/target/test-dir/MiniOzoneClusterImpl-0943eb9e-b08a-41ed-9047-9abe96000917/datanode-6/data/ratis/61862bc3-ee23-4d8d-88c1-e2f43802777e: Starting segment from index:0
2019-08-23 01:49:39,965 [d439f8db-9dad-40d8-92e1-352d499497ff:group-E2F43802777E:LeaderElection89] INFO  impl.RaftServerImpl (ServerState.java:setRaftConf(361)) - d439f8db-9dad-40d8-92e1-352d499497ff:group-E2F43802777E set configuration 0: [d439f8db-9dad-40d8-92e1-352d499497ff:192.168.34.22:36701], old=null at 0
2019-08-23 01:49:40,012 | INFO  | DNAudit | user=null | ip=null | op=CREATE_CONTAINER {containerID=1, containerType=KeyValueContainer} | ret=SUCCESS |  
2019-08-23 01:49:40,009 [d439f8db-9dad-40d8-92e1-352d499497ff-SegmentedRaftLogWorker:Storage Directory /workdir/hadoop-ozone/integration-test/target/test-dir/MiniOzoneClusterImpl-0943eb9e-b08a-41ed-9047-9abe96000917/datanode-6/data/ratis/61862bc3-ee23-4d8d-88c1-e2f43802777e] INFO  segmented.SegmentedRaftLogWorker (SegmentedRaftLogWorker.java:execute(569)) - d439f8db-9dad-40d8-92e1-352d499497ff-SegmentedRaftLogWorker:Storage Directory /workdir/hadoop-ozone/integration-test/target/test-dir/MiniOzoneClusterImpl-0943eb9e-b08a-41ed-9047-9abe96000917/datanode-6/data/ratis/61862bc3-ee23-4d8d-88c1-e2f43802777e: created new log segment /workdir/hadoop-ozone/integration-test/target/test-dir/MiniOzoneClusterImpl-0943eb9e-b08a-41ed-9047-9abe96000917/datanode-6/data/ratis/61862bc3-ee23-4d8d-88c1-e2f43802777e/current/log_inprogress_0
2019-08-23 01:49:40,022 | INFO  | SCMAudit | user=jenkins1000 | ip=192.168.34.22 | op=SEND_HEARTBEAT {datanodeUUID=ff93e3bf-9085-4246-8644-5e8fa9e79872, command=[]} | ret=SUCCESS |  
2019-08-23 01:49:40,022 [grpc-default-executor-7] INFO  client.GrpcClientProtocolClient (GrpcClientProtocolClient.java:onNext(255)) - client-7F1F3FAEE039->ff93e3bf-9085-4246-8644-5e8fa9e79872: receive RaftClientReply:client-7F1F3FAEE039->ff93e3bf-9085-4246-8644-5e8fa9e79872@group-A6A8C3515952, cid=103, SUCCESS, logIndex=1, commits[ff93e3bf-9085-4246-8644-5e8fa9e79872:c2, 92d27ea8-f483-4a0d-b6f3-3a914fc406ca:c1, 69f7d37c-3616-4e50-8382-f7d7bb9102ea:c1]
2019-08-23 01:49:40,023 [main] INFO  datanode.ObjectStoreHandler (ObjectStoreHandler.java:close(155)) - Closing ObjectStoreHandler.
2019-08-23 01:49:40,023 [main] INFO  ozone.HddsDatanodeService (HddsDatanodeService.java:stop(451)) - Stopped plug-in org.apache.hadoop.ozone.web.OzoneHddsDatanodeService@3bd1c7f0
2019-08-23 01:49:40,055 | INFO  | DNAudit | user=null | ip=null | op=CREATE_CONTAINER {containerID=1, containerType=KeyValueContainer} | ret=SUCCESS |  
2019-08-23 01:49:40,058 | INFO  | DNAudit | user=null | ip=null | op=CREATE_CONTAINER {containerID=1, containerType=KeyValueContainer} | ret=SUCCESS |  
2019-08-23 01:49:40,058 | INFO  | SCMAudit | user=jenkins1000 | ip=192.168.34.22 | op=SEND_HEARTBEAT {datanodeUUID=69f7d37c-3616-4e50-8382-f7d7bb9102ea, command=[]} | ret=SUCCESS |  
2019-08-23 01:49:40,058 | INFO  | SCMAudit | user=jenkins1000 | ip=192.168.34.22 | op=SEND_HEARTBEAT {datanodeUUID=92d27ea8-f483-4a0d-b6f3-3a914fc406ca, command=[]} | ret=SUCCESS |  
2019-08-23 01:49:40,277 | INFO  | SCMAudit | user=jenkins1000 | ip=192.168.34.22 | op=SEND_HEARTBEAT {datanodeUUID=460b0f97-1b5f-49b0-a00e-827137c6a5da, command=[]} | ret=SUCCESS |  
2019-08-23 01:49:40,439 | INFO  | SCMAudit | user=jenkins1000 | ip=192.168.34.22 | op=SEND_HEARTBEAT {datanodeUUID=33de8731-90a9-402d-b62b-44837c115f8f, command=[]} | ret=SUCCESS |  
2019-08-23 01:49:40,590 | INFO  | SCMAudit | user=jenkins1000 | ip=192.168.34.22 | op=SEND_HEARTBEAT {datanodeUUID=b4a62b05-b08c-4a73-8fb1-2aa21dc66f39, command=[]} | ret=SUCCESS |  
2019-08-23 01:49:40,753 | INFO  | SCMAudit | user=jenkins1000 | ip=192.168.34.22 | op=SEND_HEARTBEAT {datanodeUUID=d439f8db-9dad-40d8-92e1-352d499497ff, command=[]} | ret=SUCCESS |  
2019-08-23 01:49:41,011 [Datanode State Machine Thread - 0] INFO  statemachine.DatanodeStateMachine (DatanodeStateMachine.java:lambda$startDaemon$0(350)) - Ozone container server started.
2019-08-23 01:49:41,056 | INFO  | SCMAudit | user=jenkins1000 | ip=192.168.34.22 | op=SEND_HEARTBEAT {datanodeUUID=69f7d37c-3616-4e50-8382-f7d7bb9102ea, command=[]} | ret=SUCCESS |  
2019-08-23 01:49:41,059 | INFO  | SCMAudit | user=jenkins1000 | ip=192.168.34.22 | op=SEND_HEARTBEAT {datanodeUUID=92d27ea8-f483-4a0d-b6f3-3a914fc406ca, command=[]} | ret=SUCCESS |  
2019-08-23 01:49:41,277 | INFO  | SCMAudit | user=jenkins1000 | ip=192.168.34.22 | op=SEND_HEARTBEAT {datanodeUUID=460b0f97-1b5f-49b0-a00e-827137c6a5da, command=[]} | ret=SUCCESS |  
2019-08-23 01:49:41,440 | INFO  | SCMAudit | user=jenkins1000 | ip=192.168.34.22 | op=SEND_HEARTBEAT {datanodeUUID=33de8731-90a9-402d-b62b-44837c115f8f, command=[]} | ret=SUCCESS |  
2019-08-23 01:49:41,591 | INFO  | SCMAudit | user=jenkins1000 | ip=192.168.34.22 | op=SEND_HEARTBEAT {datanodeUUID=b4a62b05-b08c-4a73-8fb1-2aa21dc66f39, command=[]} | ret=SUCCESS |  
2019-08-23 01:49:41,754 | INFO  | SCMAudit | user=jenkins1000 | ip=192.168.34.22 | op=SEND_HEARTBEAT {datanodeUUID=d439f8db-9dad-40d8-92e1-352d499497ff, command=[]} | ret=SUCCESS |  
2019-08-23 01:49:42,056 | INFO  | SCMAudit | user=jenkins1000 | ip=192.168.34.22 | op=SEND_HEARTBEAT {datanodeUUID=69f7d37c-3616-4e50-8382-f7d7bb9102ea, command=[]} | ret=SUCCESS |  
2019-08-23 01:49:42,058 | INFO  | SCMAudit | user=jenkins1000 | ip=192.168.34.22 | op=SEND_HEARTBEAT {datanodeUUID=92d27ea8-f483-4a0d-b6f3-3a914fc406ca, command=[]} | ret=SUCCESS |  
2019-08-23 01:49:42,277 | INFO  | SCMAudit | user=jenkins1000 | ip=192.168.34.22 | op=SEND_HEARTBEAT {datanodeUUID=460b0f97-1b5f-49b0-a00e-827137c6a5da, command=[]} | ret=SUCCESS |  
2019-08-23 01:49:42,440 | INFO  | SCMAudit | user=jenkins1000 | ip=192.168.34.22 | op=SEND_HEARTBEAT {datanodeUUID=33de8731-90a9-402d-b62b-44837c115f8f, command=[]} | ret=SUCCESS |  
2019-08-23 01:49:42,591 | INFO  | SCMAudit | user=jenkins1000 | ip=192.168.34.22 | op=SEND_HEARTBEAT {datanodeUUID=b4a62b05-b08c-4a73-8fb1-2aa21dc66f39, command=[]} | ret=SUCCESS |  
2019-08-23 01:49:42,754 | INFO  | SCMAudit | user=jenkins1000 | ip=192.168.34.22 | op=SEND_HEARTBEAT {datanodeUUID=d439f8db-9dad-40d8-92e1-352d499497ff, command=[]} | ret=SUCCESS |  
2019-08-23 01:49:43,055 | INFO  | SCMAudit | user=jenkins1000 | ip=192.168.34.22 | op=SEND_HEARTBEAT {datanodeUUID=69f7d37c-3616-4e50-8382-f7d7bb9102ea, command=[]} | ret=SUCCESS |  
2019-08-23 01:49:43,058 | INFO  | SCMAudit | user=jenkins1000 | ip=192.168.34.22 | op=SEND_HEARTBEAT {datanodeUUID=92d27ea8-f483-4a0d-b6f3-3a914fc406ca, command=[]} | ret=SUCCESS |  
2019-08-23 01:49:43,278 | INFO  | SCMAudit | user=jenkins1000 | ip=192.168.34.22 | op=SEND_HEARTBEAT {datanodeUUID=460b0f97-1b5f-49b0-a00e-827137c6a5da, command=[]} | ret=SUCCESS |  
2019-08-23 01:49:43,440 | INFO  | SCMAudit | user=jenkins1000 | ip=192.168.34.22 | op=SEND_HEARTBEAT {datanodeUUID=33de8731-90a9-402d-b62b-44837c115f8f, command=[]} | ret=SUCCESS |  
2019-08-23 01:49:43,591 | INFO  | SCMAudit | user=jenkins1000 | ip=192.168.34.22 | op=SEND_HEARTBEAT {datanodeUUID=b4a62b05-b08c-4a73-8fb1-2aa21dc66f39, command=[]} | ret=SUCCESS |  
2019-08-23 01:49:43,754 | INFO  | SCMAudit | user=jenkins1000 | ip=192.168.34.22 | op=SEND_HEARTBEAT {datanodeUUID=d439f8db-9dad-40d8-92e1-352d499497ff, command=[]} | ret=SUCCESS |  
2019-08-23 01:49:44,056 | INFO  | SCMAudit | user=jenkins1000 | ip=192.168.34.22 | op=SEND_HEARTBEAT {datanodeUUID=69f7d37c-3616-4e50-8382-f7d7bb9102ea, command=[]} | ret=SUCCESS |  
2019-08-23 01:49:44,058 | INFO  | SCMAudit | user=jenkins1000 | ip=192.168.34.22 | op=SEND_HEARTBEAT {datanodeUUID=92d27ea8-f483-4a0d-b6f3-3a914fc406ca, command=[]} | ret=SUCCESS |  
2019-08-23 01:49:44,278 | INFO  | SCMAudit | user=jenkins1000 | ip=192.168.34.22 | op=SEND_HEARTBEAT {datanodeUUID=460b0f97-1b5f-49b0-a00e-827137c6a5da, command=[]} | ret=SUCCESS |  
2019-08-23 01:49:44,441 | INFO  | SCMAudit | user=jenkins1000 | ip=192.168.34.22 | op=SEND_HEARTBEAT {datanodeUUID=33de8731-90a9-402d-b62b-44837c115f8f, command=[]} | ret=SUCCESS |  
2019-08-23 01:49:44,592 | INFO  | SCMAudit | user=jenkins1000 | ip=192.168.34.22 | op=SEND_HEARTBEAT {datanodeUUID=b4a62b05-b08c-4a73-8fb1-2aa21dc66f39, command=[]} | ret=SUCCESS |  
2019-08-23 01:49:44,755 | INFO  | SCMAudit | user=jenkins1000 | ip=192.168.34.22 | op=SEND_HEARTBEAT {datanodeUUID=d439f8db-9dad-40d8-92e1-352d499497ff, command=[]} | ret=SUCCESS |  
2019-08-23 01:49:45,024 [main] INFO  ozoneimpl.OzoneContainer (OzoneContainer.java:stop(199)) - Attempting to stop container services.
2019-08-23 01:49:45,024 [main] INFO  impl.RaftServerProxy (RaftServerProxy.java:lambda$close$4(314)) - ff93e3bf-9085-4246-8644-5e8fa9e79872: close
2019-08-23 01:49:45,025 [main] INFO  impl.RaftServerImpl (RaftServerImpl.java:lambda$shutdown$3(245)) - ff93e3bf-9085-4246-8644-5e8fa9e79872: shutdown group-D6D0FCF682C0
2019-08-23 01:49:45,025 [ForkJoinPool.commonPool-worker-1] INFO  impl.RaftServerImpl (RaftServerImpl.java:lambda$shutdown$3(245)) - ff93e3bf-9085-4246-8644-5e8fa9e79872: shutdown group-A6A8C3515952
2019-08-23 01:49:45,026 [main] INFO  util.JmxRegister (JmxRegister.java:unregister(73)) - Successfully un-registered JMX Bean with object name Ratis:service=RaftServer,group=group-D6D0FCF682C0,id=ff93e3bf-9085-4246-8644-5e8fa9e79872
2019-08-23 01:49:45,026 [main] INFO  impl.RoleInfo (RoleInfo.java:shutdownLeaderState(104)) - ff93e3bf-9085-4246-8644-5e8fa9e79872: shutdown LeaderState
2019-08-23 01:49:45,026 [ForkJoinPool.commonPool-worker-1] INFO  util.JmxRegister (JmxRegister.java:unregister(73)) - Successfully un-registered JMX Bean with object name Ratis:service=RaftServer,group=group-A6A8C3515952,id=ff93e3bf-9085-4246-8644-5e8fa9e79872
2019-08-23 01:49:45,026 [main] INFO  impl.PendingRequests (PendingRequests.java:sendNotLeaderResponses(202)) - ff93e3bf-9085-4246-8644-5e8fa9e79872-PendingRequests: sendNotLeaderResponses
2019-08-23 01:49:45,026 [ForkJoinPool.commonPool-worker-1] INFO  impl.RoleInfo (RoleInfo.java:shutdownLeaderState(104)) - ff93e3bf-9085-4246-8644-5e8fa9e79872: shutdown LeaderState
2019-08-23 01:49:45,027 [main] INFO  impl.StateMachineUpdater (StateMachineUpdater.java:stopAndJoin(115)) - StateMachineUpdater:ff93e3bf-9085-4246-8644-5e8fa9e79872:group-D6D0FCF682C0: set stopIndex = 0
2019-08-23 01:49:45,047 [org.apache.ratis.server.impl.LogAppender$AppenderDaemon$$Lambda$477/966455553@6007e599] WARN  server.GrpcLogAppender (GrpcLogAppender.java:mayWait(143)) - GrpcLogAppender(ff93e3bf-9085-4246-8644-5e8fa9e79872->92d27ea8-f483-4a0d-b6f3-3a914fc406ca): Wait interrupted by java.lang.InterruptedException
2019-08-23 01:49:45,047 [org.apache.ratis.server.impl.LogAppender$AppenderDaemon$$Lambda$477/966455553@250567fd] WARN  server.GrpcLogAppender (GrpcLogAppender.java:mayWait(143)) - GrpcLogAppender(ff93e3bf-9085-4246-8644-5e8fa9e79872->69f7d37c-3616-4e50-8382-f7d7bb9102ea): Wait interrupted by java.lang.InterruptedException
2019-08-23 01:49:45,047 [ForkJoinPool.commonPool-worker-1] INFO  impl.PendingRequests (PendingRequests.java:sendNotLeaderResponses(202)) - ff93e3bf-9085-4246-8644-5e8fa9e79872-PendingRequests: sendNotLeaderResponses
2019-08-23 01:49:45,047 [main] INFO  impl.RaftServerImpl (ServerState.java:close(394)) - ff93e3bf-9085-4246-8644-5e8fa9e79872:group-D6D0FCF682C0 closes. The last applied log index is 0
2019-08-23 01:49:45,064 [grpc-default-executor-4] INFO  server.GrpcServerProtocolService (GrpcServerProtocolService.java:onCompleted(104)) - 69f7d37c-3616-4e50-8382-f7d7bb9102ea: appendEntries completed
2019-08-23 01:49:45,064 [grpc-default-executor-7] INFO  server.GrpcServerProtocolService (GrpcServerProtocolService.java:onCompleted(104)) - 92d27ea8-f483-4a0d-b6f3-3a914fc406ca: appendEntries completed
2019-08-23 01:49:45,065 | INFO  | SCMAudit | user=jenkins1000 | ip=192.168.34.22 | op=SEND_HEARTBEAT {datanodeUUID=92d27ea8-f483-4a0d-b6f3-3a914fc406ca, command=[]} | ret=SUCCESS |  
2019-08-23 01:49:45,065 | INFO  | SCMAudit | user=jenkins1000 | ip=192.168.34.22 | op=SEND_HEARTBEAT {datanodeUUID=69f7d37c-3616-4e50-8382-f7d7bb9102ea, command=[]} | ret=SUCCESS |  
2019-08-23 01:49:45,064 [StateMachineUpdater:ff93e3bf-9085-4246-8644-5e8fa9e79872:group-A6A8C3515952] INFO  ratis.ContainerStateMachine (ContainerStateMachine.java:takeSnapshot(283)) - group-A6A8C3515952: Taking a snapshot at:(t:1, i:2) file /workdir/hadoop-ozone/integration-test/target/test-dir/MiniOzoneClusterImpl-0943eb9e-b08a-41ed-9047-9abe96000917/datanode-1/data/ratis/c7fb60e5-cb79-44f2-9320-a6a8c3515952/sm/snapshot.1_2
2019-08-23 01:49:45,064 [ForkJoinPool.commonPool-worker-1] INFO  impl.StateMachineUpdater (StateMachineUpdater.java:stopAndJoin(115)) - StateMachineUpdater:ff93e3bf-9085-4246-8644-5e8fa9e79872:group-A6A8C3515952: set stopIndex = 2
2019-08-23 01:49:45,065 [grpc-default-executor-4] INFO  server.GrpcLogAppender (GrpcLogAppender.java:onCompleted(292)) - ff93e3bf-9085-4246-8644-5e8fa9e79872->69f7d37c-3616-4e50-8382-f7d7bb9102ea: follower responses appendEntries COMPLETED
2019-08-23 01:49:45,064 [ff93e3bf-9085-4246-8644-5e8fa9e79872-SegmentedRaftLogWorker:Storage Directory /workdir/hadoop-ozone/integration-test/target/test-dir/MiniOzoneClusterImpl-0943eb9e-b08a-41ed-9047-9abe96000917/datanode-1/data/ratis/f8546eb0-d84d-4afe-a2d0-d6d0fcf682c0] INFO  segmented.SegmentedRaftLogWorker (SegmentedRaftLogWorker.java:run(313)) - ff93e3bf-9085-4246-8644-5e8fa9e79872-SegmentedRaftLogWorker:Storage Directory /workdir/hadoop-ozone/integration-test/target/test-dir/MiniOzoneClusterImpl-0943eb9e-b08a-41ed-9047-9abe96000917/datanode-1/data/ratis/f8546eb0-d84d-4afe-a2d0-d6d0fcf682c0 was interrupted, exiting. There are 0 tasks remaining in the queue.
2019-08-23 01:49:45,065 [grpc-default-executor-7] INFO  server.GrpcLogAppender (GrpcLogAppender.java:onCompleted(292)) - ff93e3bf-9085-4246-8644-5e8fa9e79872->92d27ea8-f483-4a0d-b6f3-3a914fc406ca: follower responses appendEntries COMPLETED
2019-08-23 01:49:45,066 [grpc-default-executor-4] INFO  impl.FollowerInfo (FollowerInfo.java:lambda$new$0(50)) - ff93e3bf-9085-4246-8644-5e8fa9e79872->69f7d37c-3616-4e50-8382-f7d7bb9102ea: nextIndex: updateUnconditionally 3 -> 2
2019-08-23 01:49:45,066 [grpc-default-executor-7] INFO  impl.FollowerInfo (FollowerInfo.java:lambda$new$0(50)) - ff93e3bf-9085-4246-8644-5e8fa9e79872->92d27ea8-f483-4a0d-b6f3-3a914fc406ca: nextIndex: updateUnconditionally 3 -> 2
2019-08-23 01:49:45,076 [main] INFO  segmented.SegmentedRaftLogWorker (SegmentedRaftLogWorker.java:close(228)) - ff93e3bf-9085-4246-8644-5e8fa9e79872-SegmentedRaftLogWorker:Storage Directory /workdir/hadoop-ozone/integration-test/target/test-dir/MiniOzoneClusterImpl-0943eb9e-b08a-41ed-9047-9abe96000917/datanode-1/data/ratis/f8546eb0-d84d-4afe-a2d0-d6d0fcf682c0 close()
2019-08-23 01:49:45,079 [StateMachineUpdater:ff93e3bf-9085-4246-8644-5e8fa9e79872:group-A6A8C3515952] INFO  ratis.ContainerStateMachine (ContainerStateMachine.java:takeSnapshot(294)) - group-A6A8C3515952: Finished taking a snapshot at:(t:1, i:2) file:/workdir/hadoop-ozone/integration-test/target/test-dir/MiniOzoneClusterImpl-0943eb9e-b08a-41ed-9047-9abe96000917/datanode-1/data/ratis/c7fb60e5-cb79-44f2-9320-a6a8c3515952/sm/snapshot.1_2 time:16
2019-08-23 01:49:45,080 [StateMachineUpdater:ff93e3bf-9085-4246-8644-5e8fa9e79872:group-A6A8C3515952] INFO  impl.StateMachineUpdater (StateMachineUpdater.java:takeSnapshot(242)) - StateMachineUpdater:ff93e3bf-9085-4246-8644-5e8fa9e79872:group-A6A8C3515952: Took a snapshot at index 2
2019-08-23 01:49:45,080 [StateMachineUpdater:ff93e3bf-9085-4246-8644-5e8fa9e79872:group-A6A8C3515952] INFO  impl.StateMachineUpdater (StateMachineUpdater.java:lambda$new$0(80)) - StateMachineUpdater:ff93e3bf-9085-4246-8644-5e8fa9e79872:group-A6A8C3515952: snapshotIndex: updateIncreasingly -1 -> 2
2019-08-23 01:49:45,080 [ForkJoinPool.commonPool-worker-1] INFO  impl.RaftServerImpl (ServerState.java:close(394)) - ff93e3bf-9085-4246-8644-5e8fa9e79872:group-A6A8C3515952 closes. The last applied log index is 2
2019-08-23 01:49:45,080 [ff93e3bf-9085-4246-8644-5e8fa9e79872-SegmentedRaftLogWorker:Storage Directory /workdir/hadoop-ozone/integration-test/target/test-dir/MiniOzoneClusterImpl-0943eb9e-b08a-41ed-9047-9abe96000917/datanode-1/data/ratis/c7fb60e5-cb79-44f2-9320-a6a8c3515952] INFO  segmented.SegmentedRaftLogWorker (SegmentedRaftLogWorker.java:run(313)) - ff93e3bf-9085-4246-8644-5e8fa9e79872-SegmentedRaftLogWorker:Storage Directory /workdir/hadoop-ozone/integration-test/target/test-dir/MiniOzoneClusterImpl-0943eb9e-b08a-41ed-9047-9abe96000917/datanode-1/data/ratis/c7fb60e5-cb79-44f2-9320-a6a8c3515952 was interrupted, exiting. There are 0 tasks remaining in the queue.
2019-08-23 01:49:45,081 [ForkJoinPool.commonPool-worker-1] INFO  segmented.SegmentedRaftLogWorker (SegmentedRaftLogWorker.java:close(228)) - ff93e3bf-9085-4246-8644-5e8fa9e79872-SegmentedRaftLogWorker:Storage Directory /workdir/hadoop-ozone/integration-test/target/test-dir/MiniOzoneClusterImpl-0943eb9e-b08a-41ed-9047-9abe96000917/datanode-1/data/ratis/c7fb60e5-cb79-44f2-9320-a6a8c3515952 close()
2019-08-23 01:49:45,083 [main] INFO  server.GrpcService (GrpcService.java:closeImpl(155)) - ff93e3bf-9085-4246-8644-5e8fa9e79872: shutdown server with port 35639 now
2019-08-23 01:49:45,085 [main] INFO  server.GrpcService (GrpcService.java:closeImpl(163)) - ff93e3bf-9085-4246-8644-5e8fa9e79872: shutdown server with port 35639 successfully
2019-08-23 01:49:45,086 [main] INFO  utils.BackgroundService (BackgroundService.java:shutdown(148)) - Shutting down service BlockDeletingService
2019-08-23 01:49:45,087 [refreshUsed-/workdir/hadoop-ozone/integration-test/target/test-dir/MiniOzoneClusterImpl-0943eb9e-b08a-41ed-9047-9abe96000917/datanode-1/data/containers] WARN  fs.CachingGetSpaceUsed (CachingGetSpaceUsed.java:run(183)) - Thread Interrupted waiting to refresh disk information: sleep interrupted
2019-08-23 01:49:45,108 [main] INFO  statemachine.DatanodeStateMachine (DatanodeStateMachine.java:stopDaemon(395)) - Ozone container server stopped.
2019-08-23 01:49:45,109 [main] INFO  handler.ContextHandler (ContextHandler.java:doStop(910)) - Stopped o.e.j.w.WebAppContext@106f0051{/,null,UNAVAILABLE}{/hddsDatanode}
2019-08-23 01:49:45,109 [main] INFO  server.AbstractConnector (AbstractConnector.java:doStop(318)) - Stopped ServerConnector@4fe687b5{HTTP/1.1,[http/1.1]}{0.0.0.0:0}
2019-08-23 01:49:45,110 [main] INFO  handler.ContextHandler (ContextHandler.java:doStop(910)) - Stopped o.e.j.s.ServletContextHandler@2f6f2d91{/static,jar:file:/home/user/.m2/repository/org/apache/hadoop/hadoop-hdds-container-service/0.5.0-SNAPSHOT/hadoop-hdds-container-service-0.5.0-SNAPSHOT.jar!/webapps/static,UNAVAILABLE}
2019-08-23 01:49:45,110 [main] INFO  handler.ContextHandler (ContextHandler.java:doStop(910)) - Stopped o.e.j.s.ServletContextHandler@3bb6b9ab{/logs,file:///workdir/hadoop-ozone/integration-test/target/log,UNAVAILABLE}
2019-08-23 01:49:45,278 | INFO  | SCMAudit | user=jenkins1000 | ip=192.168.34.22 | op=SEND_HEARTBEAT {datanodeUUID=460b0f97-1b5f-49b0-a00e-827137c6a5da, command=[]} | ret=SUCCESS |  
2019-08-23 01:49:45,441 | INFO  | SCMAudit | user=jenkins1000 | ip=192.168.34.22 | op=SEND_HEARTBEAT {datanodeUUID=33de8731-90a9-402d-b62b-44837c115f8f, command=[]} | ret=SUCCESS |  
2019-08-23 01:49:45,592 | INFO  | SCMAudit | user=jenkins1000 | ip=192.168.34.22 | op=SEND_HEARTBEAT {datanodeUUID=b4a62b05-b08c-4a73-8fb1-2aa21dc66f39, command=[]} | ret=SUCCESS |  
2019-08-23 01:49:45,754 | INFO  | SCMAudit | user=jenkins1000 | ip=192.168.34.22 | op=SEND_HEARTBEAT {datanodeUUID=d439f8db-9dad-40d8-92e1-352d499497ff, command=[]} | ret=SUCCESS |  
2019-08-23 01:49:46,064 | INFO  | SCMAudit | user=jenkins1000 | ip=192.168.34.22 | op=SEND_HEARTBEAT {datanodeUUID=69f7d37c-3616-4e50-8382-f7d7bb9102ea, command=[]} | ret=SUCCESS |  
2019-08-23 01:49:46,065 | INFO  | SCMAudit | user=jenkins1000 | ip=192.168.34.22 | op=SEND_HEARTBEAT {datanodeUUID=92d27ea8-f483-4a0d-b6f3-3a914fc406ca, command=[]} | ret=SUCCESS |  
2019-08-23 01:49:46,279 | INFO  | SCMAudit | user=jenkins1000 | ip=192.168.34.22 | op=SEND_HEARTBEAT {datanodeUUID=460b0f97-1b5f-49b0-a00e-827137c6a5da, command=[]} | ret=SUCCESS |  
2019-08-23 01:49:46,442 | INFO  | SCMAudit | user=jenkins1000 | ip=192.168.34.22 | op=SEND_HEARTBEAT {datanodeUUID=33de8731-90a9-402d-b62b-44837c115f8f, command=[]} | ret=SUCCESS |  
2019-08-23 01:49:46,592 | INFO  | SCMAudit | user=jenkins1000 | ip=192.168.34.22 | op=SEND_HEARTBEAT {datanodeUUID=b4a62b05-b08c-4a73-8fb1-2aa21dc66f39, command=[]} | ret=SUCCESS |  
2019-08-23 01:49:46,755 | INFO  | SCMAudit | user=jenkins1000 | ip=192.168.34.22 | op=SEND_HEARTBEAT {datanodeUUID=d439f8db-9dad-40d8-92e1-352d499497ff, command=[]} | ret=SUCCESS |  
2019-08-23 01:49:47,065 | INFO  | SCMAudit | user=jenkins1000 | ip=192.168.34.22 | op=SEND_HEARTBEAT {datanodeUUID=69f7d37c-3616-4e50-8382-f7d7bb9102ea, command=[]} | ret=SUCCESS |  
2019-08-23 01:49:47,065 | INFO  | SCMAudit | user=jenkins1000 | ip=192.168.34.22 | op=SEND_HEARTBEAT {datanodeUUID=92d27ea8-f483-4a0d-b6f3-3a914fc406ca, command=[]} | ret=SUCCESS |  
2019-08-23 01:49:47,126 [grpc-default-executor-1] INFO  client.GrpcClientProtocolClient (GrpcClientProtocolClient.java:onNext(255)) - client-7F1F3FAEE039->69f7d37c-3616-4e50-8382-f7d7bb9102ea: receive RaftClientReply:client-7F1F3FAEE039->69f7d37c-3616-4e50-8382-f7d7bb9102ea@group-A6A8C3515952, cid=104, FAILED org.apache.ratis.protocol.NotLeaderException: Server 69f7d37c-3616-4e50-8382-f7d7bb9102ea is not the leader (ff93e3bf-9085-4246-8644-5e8fa9e79872:192.168.34.22:35639). Request must be sent to leader., logIndex=0, commits[69f7d37c-3616-4e50-8382-f7d7bb9102ea:c2, 92d27ea8-f483-4a0d-b6f3-3a914fc406ca:c2, ff93e3bf-9085-4246-8644-5e8fa9e79872:c2]
2019-08-23 01:49:47,279 | INFO  | SCMAudit | user=jenkins1000 | ip=192.168.34.22 | op=SEND_HEARTBEAT {datanodeUUID=460b0f97-1b5f-49b0-a00e-827137c6a5da, command=[]} | ret=SUCCESS |  
2019-08-23 01:49:47,442 | INFO  | SCMAudit | user=jenkins1000 | ip=192.168.34.22 | op=SEND_HEARTBEAT {datanodeUUID=33de8731-90a9-402d-b62b-44837c115f8f, command=[]} | ret=SUCCESS |  
2019-08-23 01:49:47,593 | INFO  | SCMAudit | user=jenkins1000 | ip=192.168.34.22 | op=SEND_HEARTBEAT {datanodeUUID=b4a62b05-b08c-4a73-8fb1-2aa21dc66f39, command=[]} | ret=SUCCESS |  
2019-08-23 01:49:47,754 | INFO  | SCMAudit | user=jenkins1000 | ip=192.168.34.22 | op=SEND_HEARTBEAT {datanodeUUID=d439f8db-9dad-40d8-92e1-352d499497ff, command=[]} | ret=SUCCESS |  
2019-08-23 01:49:48,065 | INFO  | SCMAudit | user=jenkins1000 | ip=192.168.34.22 | op=SEND_HEARTBEAT {datanodeUUID=69f7d37c-3616-4e50-8382-f7d7bb9102ea, command=[]} | ret=SUCCESS |  
2019-08-23 01:49:48,065 | INFO  | SCMAudit | user=jenkins1000 | ip=192.168.34.22 | op=SEND_HEARTBEAT {datanodeUUID=92d27ea8-f483-4a0d-b6f3-3a914fc406ca, command=[]} | ret=SUCCESS |  
2019-08-23 01:49:48,142 [grpc-default-executor-7] INFO  client.GrpcClientProtocolClient (GrpcClientProtocolClient.java:onNext(255)) - client-7F1F3FAEE039->69f7d37c-3616-4e50-8382-f7d7bb9102ea: receive RaftClientReply:client-7F1F3FAEE039->69f7d37c-3616-4e50-8382-f7d7bb9102ea@group-A6A8C3515952, cid=104, FAILED org.apache.ratis.protocol.NotLeaderException: Server 69f7d37c-3616-4e50-8382-f7d7bb9102ea is not the leader (ff93e3bf-9085-4246-8644-5e8fa9e79872:192.168.34.22:35639). Request must be sent to leader., logIndex=0, commits[69f7d37c-3616-4e50-8382-f7d7bb9102ea:c2, 92d27ea8-f483-4a0d-b6f3-3a914fc406ca:c2, ff93e3bf-9085-4246-8644-5e8fa9e79872:c2]
2019-08-23 01:49:48,279 | INFO  | SCMAudit | user=jenkins1000 | ip=192.168.34.22 | op=SEND_HEARTBEAT {datanodeUUID=460b0f97-1b5f-49b0-a00e-827137c6a5da, command=[]} | ret=SUCCESS |  
2019-08-23 01:49:48,443 | INFO  | SCMAudit | user=jenkins1000 | ip=192.168.34.22 | op=SEND_HEARTBEAT {datanodeUUID=33de8731-90a9-402d-b62b-44837c115f8f, command=[]} | ret=SUCCESS |  
2019-08-23 01:49:48,593 | INFO  | SCMAudit | user=jenkins1000 | ip=192.168.34.22 | op=SEND_HEARTBEAT {datanodeUUID=b4a62b05-b08c-4a73-8fb1-2aa21dc66f39, command=[]} | ret=SUCCESS |  
2019-08-23 01:49:48,754 | INFO  | SCMAudit | user=jenkins1000 | ip=192.168.34.22 | op=SEND_HEARTBEAT {datanodeUUID=d439f8db-9dad-40d8-92e1-352d499497ff, command=[]} | ret=SUCCESS |  
2019-08-23 01:49:49,065 | INFO  | SCMAudit | user=jenkins1000 | ip=192.168.34.22 | op=SEND_HEARTBEAT {datanodeUUID=69f7d37c-3616-4e50-8382-f7d7bb9102ea, command=[]} | ret=SUCCESS |  
2019-08-23 01:49:49,066 | INFO  | SCMAudit | user=jenkins1000 | ip=192.168.34.22 | op=SEND_HEARTBEAT {datanodeUUID=92d27ea8-f483-4a0d-b6f3-3a914fc406ca, command=[]} | ret=SUCCESS |  
2019-08-23 01:49:49,160 [grpc-default-executor-1] INFO  client.GrpcClientProtocolClient (GrpcClientProtocolClient.java:onNext(255)) - client-7F1F3FAEE039->92d27ea8-f483-4a0d-b6f3-3a914fc406ca: receive RaftClientReply:client-7F1F3FAEE039->92d27ea8-f483-4a0d-b6f3-3a914fc406ca@group-A6A8C3515952, cid=104, FAILED org.apache.ratis.protocol.NotLeaderException: Server 92d27ea8-f483-4a0d-b6f3-3a914fc406ca is not the leader (ff93e3bf-9085-4246-8644-5e8fa9e79872:192.168.34.22:35639). Request must be sent to leader., logIndex=0, commits[92d27ea8-f483-4a0d-b6f3-3a914fc406ca:c2, ff93e3bf-9085-4246-8644-5e8fa9e79872:c2, 69f7d37c-3616-4e50-8382-f7d7bb9102ea:c2]
2019-08-23 01:49:49,279 | INFO  | SCMAudit | user=jenkins1000 | ip=192.168.34.22 | op=SEND_HEARTBEAT {datanodeUUID=460b0f97-1b5f-49b0-a00e-827137c6a5da, command=[]} | ret=SUCCESS |  
2019-08-23 01:49:49,443 | INFO  | SCMAudit | user=jenkins1000 | ip=192.168.34.22 | op=SEND_HEARTBEAT {datanodeUUID=33de8731-90a9-402d-b62b-44837c115f8f, command=[]} | ret=SUCCESS |  
2019-08-23 01:49:49,593 | INFO  | SCMAudit | user=jenkins1000 | ip=192.168.34.22 | op=SEND_HEARTBEAT {datanodeUUID=b4a62b05-b08c-4a73-8fb1-2aa21dc66f39, command=[]} | ret=SUCCESS |  
2019-08-23 01:49:49,755 | INFO  | SCMAudit | user=jenkins1000 | ip=192.168.34.22 | op=SEND_HEARTBEAT {datanodeUUID=d439f8db-9dad-40d8-92e1-352d499497ff, command=[]} | ret=SUCCESS |  
2019-08-23 01:49:50,065 | INFO  | SCMAudit | user=jenkins1000 | ip=192.168.34.22 | op=SEND_HEARTBEAT {datanodeUUID=92d27ea8-f483-4a0d-b6f3-3a914fc406ca, command=[]} | ret=SUCCESS |  
2019-08-23 01:49:50,065 | INFO  | SCMAudit | user=jenkins1000 | ip=192.168.34.22 | op=SEND_HEARTBEAT {datanodeUUID=69f7d37c-3616-4e50-8382-f7d7bb9102ea, command=[]} | ret=SUCCESS |  
2019-08-23 01:49:50,178 [grpc-default-executor-1] INFO  client.GrpcClientProtocolClient (GrpcClientProtocolClient.java:onNext(255)) - client-7F1F3FAEE039->92d27ea8-f483-4a0d-b6f3-3a914fc406ca: receive RaftClientReply:client-7F1F3FAEE039->92d27ea8-f483-4a0d-b6f3-3a914fc406ca@group-A6A8C3515952, cid=104, FAILED org.apache.ratis.protocol.NotLeaderException: Server 92d27ea8-f483-4a0d-b6f3-3a914fc406ca is not the leader (ff93e3bf-9085-4246-8644-5e8fa9e79872:192.168.34.22:35639). Request must be sent to leader., logIndex=0, commits[92d27ea8-f483-4a0d-b6f3-3a914fc406ca:c2, ff93e3bf-9085-4246-8644-5e8fa9e79872:c2, 69f7d37c-3616-4e50-8382-f7d7bb9102ea:c2]
2019-08-23 01:49:50,280 | INFO  | SCMAudit | user=jenkins1000 | ip=192.168.34.22 | op=SEND_HEARTBEAT {datanodeUUID=460b0f97-1b5f-49b0-a00e-827137c6a5da, command=[]} | ret=SUCCESS |  
2019-08-23 01:49:50,443 | INFO  | SCMAudit | user=jenkins1000 | ip=192.168.34.22 | op=SEND_HEARTBEAT {datanodeUUID=33de8731-90a9-402d-b62b-44837c115f8f, command=[]} | ret=SUCCESS |  
2019-08-23 01:49:50,594 | INFO  | SCMAudit | user=jenkins1000 | ip=192.168.34.22 | op=SEND_HEARTBEAT {datanodeUUID=b4a62b05-b08c-4a73-8fb1-2aa21dc66f39, command=[]} | ret=SUCCESS |  
2019-08-23 01:49:50,754 | INFO  | SCMAudit | user=jenkins1000 | ip=192.168.34.22 | op=SEND_HEARTBEAT {datanodeUUID=d439f8db-9dad-40d8-92e1-352d499497ff, command=[]} | ret=SUCCESS |  
2019-08-23 01:49:51,066 | INFO  | SCMAudit | user=jenkins1000 | ip=192.168.34.22 | op=SEND_HEARTBEAT {datanodeUUID=69f7d37c-3616-4e50-8382-f7d7bb9102ea, command=[]} | ret=SUCCESS |  
2019-08-23 01:49:51,066 | INFO  | SCMAudit | user=jenkins1000 | ip=192.168.34.22 | op=SEND_HEARTBEAT {datanodeUUID=92d27ea8-f483-4a0d-b6f3-3a914fc406ca, command=[]} | ret=SUCCESS |  
2019-08-23 01:49:51,202 [grpc-default-executor-4] INFO  client.GrpcClientProtocolClient (GrpcClientProtocolClient.java:onNext(255)) - client-7F1F3FAEE039->69f7d37c-3616-4e50-8382-f7d7bb9102ea: receive RaftClientReply:client-7F1F3FAEE039->69f7d37c-3616-4e50-8382-f7d7bb9102ea@group-A6A8C3515952, cid=104, FAILED org.apache.ratis.protocol.NotLeaderException: Server 69f7d37c-3616-4e50-8382-f7d7bb9102ea is not the leader (ff93e3bf-9085-4246-8644-5e8fa9e79872:192.168.34.22:35639). Request must be sent to leader., logIndex=0, commits[69f7d37c-3616-4e50-8382-f7d7bb9102ea:c2, 92d27ea8-f483-4a0d-b6f3-3a914fc406ca:c2, ff93e3bf-9085-4246-8644-5e8fa9e79872:c2]
2019-08-23 01:49:51,280 | INFO  | SCMAudit | user=jenkins1000 | ip=192.168.34.22 | op=SEND_HEARTBEAT {datanodeUUID=460b0f97-1b5f-49b0-a00e-827137c6a5da, command=[]} | ret=SUCCESS |  
2019-08-23 01:49:51,443 | INFO  | SCMAudit | user=jenkins1000 | ip=192.168.34.22 | op=SEND_HEARTBEAT {datanodeUUID=33de8731-90a9-402d-b62b-44837c115f8f, command=[]} | ret=SUCCESS |  
2019-08-23 01:49:51,594 | INFO  | SCMAudit | user=jenkins1000 | ip=192.168.34.22 | op=SEND_HEARTBEAT {datanodeUUID=b4a62b05-b08c-4a73-8fb1-2aa21dc66f39, command=[]} | ret=SUCCESS |  
2019-08-23 01:49:51,754 | INFO  | SCMAudit | user=jenkins1000 | ip=192.168.34.22 | op=SEND_HEARTBEAT {datanodeUUID=d439f8db-9dad-40d8-92e1-352d499497ff, command=[]} | ret=SUCCESS |  
2019-08-23 01:49:52,066 | INFO  | SCMAudit | user=jenkins1000 | ip=192.168.34.22 | op=SEND_HEARTBEAT {datanodeUUID=92d27ea8-f483-4a0d-b6f3-3a914fc406ca, command=[]} | ret=SUCCESS |  
2019-08-23 01:49:52,066 | INFO  | SCMAudit | user=jenkins1000 | ip=192.168.34.22 | op=SEND_HEARTBEAT {datanodeUUID=69f7d37c-3616-4e50-8382-f7d7bb9102ea, command=[]} | ret=SUCCESS |  
2019-08-23 01:49:52,223 [grpc-default-executor-7] INFO  client.GrpcClientProtocolClient (GrpcClientProtocolClient.java:onNext(255)) - client-7F1F3FAEE039->69f7d37c-3616-4e50-8382-f7d7bb9102ea: receive RaftClientReply:client-7F1F3FAEE039->69f7d37c-3616-4e50-8382-f7d7bb9102ea@group-A6A8C3515952, cid=104, FAILED org.apache.ratis.protocol.NotLeaderException: Server 69f7d37c-3616-4e50-8382-f7d7bb9102ea is not the leader (ff93e3bf-9085-4246-8644-5e8fa9e79872:192.168.34.22:35639). Request must be sent to leader., logIndex=0, commits[69f7d37c-3616-4e50-8382-f7d7bb9102ea:c2, 92d27ea8-f483-4a0d-b6f3-3a914fc406ca:c2, ff93e3bf-9085-4246-8644-5e8fa9e79872:c2]
2019-08-23 01:49:52,279 | INFO  | SCMAudit | user=jenkins1000 | ip=192.168.34.22 | op=SEND_HEARTBEAT {datanodeUUID=460b0f97-1b5f-49b0-a00e-827137c6a5da, command=[]} | ret=SUCCESS |  
2019-08-23 01:49:52,443 | INFO  | SCMAudit | user=jenkins1000 | ip=192.168.34.22 | op=SEND_HEARTBEAT {datanodeUUID=33de8731-90a9-402d-b62b-44837c115f8f, command=[]} | ret=SUCCESS |  
2019-08-23 01:49:52,593 | INFO  | SCMAudit | user=jenkins1000 | ip=192.168.34.22 | op=SEND_HEARTBEAT {datanodeUUID=b4a62b05-b08c-4a73-8fb1-2aa21dc66f39, command=[]} | ret=SUCCESS |  
2019-08-23 01:49:52,754 | INFO  | SCMAudit | user=jenkins1000 | ip=192.168.34.22 | op=SEND_HEARTBEAT {datanodeUUID=d439f8db-9dad-40d8-92e1-352d499497ff, command=[]} | ret=SUCCESS |  
2019-08-23 01:49:53,065 | INFO  | SCMAudit | user=jenkins1000 | ip=192.168.34.22 | op=SEND_HEARTBEAT {datanodeUUID=92d27ea8-f483-4a0d-b6f3-3a914fc406ca, command=[]} | ret=SUCCESS |  
2019-08-23 01:49:53,065 | INFO  | SCMAudit | user=jenkins1000 | ip=192.168.34.22 | op=SEND_HEARTBEAT {datanodeUUID=69f7d37c-3616-4e50-8382-f7d7bb9102ea, command=[]} | ret=SUCCESS |  
2019-08-23 01:49:53,255 [grpc-default-executor-1] INFO  client.GrpcClientProtocolClient (GrpcClientProtocolClient.java:onNext(255)) - client-7F1F3FAEE039->92d27ea8-f483-4a0d-b6f3-3a914fc406ca: receive RaftClientReply:client-7F1F3FAEE039->92d27ea8-f483-4a0d-b6f3-3a914fc406ca@group-A6A8C3515952, cid=104, FAILED org.apache.ratis.protocol.NotLeaderException: Server 92d27ea8-f483-4a0d-b6f3-3a914fc406ca is not the leader (ff93e3bf-9085-4246-8644-5e8fa9e79872:192.168.34.22:35639). Request must be sent to leader., logIndex=0, commits[92d27ea8-f483-4a0d-b6f3-3a914fc406ca:c2, ff93e3bf-9085-4246-8644-5e8fa9e79872:c2, 69f7d37c-3616-4e50-8382-f7d7bb9102ea:c2]
2019-08-23 01:49:53,280 | INFO  | SCMAudit | user=jenkins1000 | ip=192.168.34.22 | op=SEND_HEARTBEAT {datanodeUUID=460b0f97-1b5f-49b0-a00e-827137c6a5da, command=[]} | ret=SUCCESS |  
2019-08-23 01:49:53,444 | INFO  | SCMAudit | user=jenkins1000 | ip=192.168.34.22 | op=SEND_HEARTBEAT {datanodeUUID=33de8731-90a9-402d-b62b-44837c115f8f, command=[]} | ret=SUCCESS |  
2019-08-23 01:49:53,593 | INFO  | SCMAudit | user=jenkins1000 | ip=192.168.34.22 | op=SEND_HEARTBEAT {datanodeUUID=b4a62b05-b08c-4a73-8fb1-2aa21dc66f39, command=[]} | ret=SUCCESS |  
2019-08-23 01:49:53,755 | INFO  | SCMAudit | user=jenkins1000 | ip=192.168.34.22 | op=SEND_HEARTBEAT {datanodeUUID=d439f8db-9dad-40d8-92e1-352d499497ff, command=[]} | ret=SUCCESS |  
2019-08-23 01:49:54,066 | INFO  | SCMAudit | user=jenkins1000 | ip=192.168.34.22 | op=SEND_HEARTBEAT {datanodeUUID=69f7d37c-3616-4e50-8382-f7d7bb9102ea, command=[]} | ret=SUCCESS |  
2019-08-23 01:49:54,066 | INFO  | SCMAudit | user=jenkins1000 | ip=192.168.34.22 | op=SEND_HEARTBEAT {datanodeUUID=92d27ea8-f483-4a0d-b6f3-3a914fc406ca, command=[]} | ret=SUCCESS |  
2019-08-23 01:49:54,279 | INFO  | SCMAudit | user=jenkins1000 | ip=192.168.34.22 | op=SEND_HEARTBEAT {datanodeUUID=460b0f97-1b5f-49b0-a00e-827137c6a5da, command=[]} | ret=SUCCESS |  
2019-08-23 01:49:54,285 [grpc-default-executor-7] INFO  client.GrpcClientProtocolClient (GrpcClientProtocolClient.java:onNext(255)) - client-7F1F3FAEE039->69f7d37c-3616-4e50-8382-f7d7bb9102ea: receive RaftClientReply:client-7F1F3FAEE039->69f7d37c-3616-4e50-8382-f7d7bb9102ea@group-A6A8C3515952, cid=104, FAILED org.apache.ratis.protocol.NotLeaderException: Server 69f7d37c-3616-4e50-8382-f7d7bb9102ea is not the leader (ff93e3bf-9085-4246-8644-5e8fa9e79872:192.168.34.22:35639). Request must be sent to leader., logIndex=0, commits[69f7d37c-3616-4e50-8382-f7d7bb9102ea:c2, 92d27ea8-f483-4a0d-b6f3-3a914fc406ca:c2, ff93e3bf-9085-4246-8644-5e8fa9e79872:c2]
2019-08-23 01:49:54,443 | INFO  | SCMAudit | user=jenkins1000 | ip=192.168.34.22 | op=SEND_HEARTBEAT {datanodeUUID=33de8731-90a9-402d-b62b-44837c115f8f, command=[]} | ret=SUCCESS |  
2019-08-23 01:49:54,528 [Thread-2510] INFO  impl.FollowerState (FollowerState.java:run(106)) - 92d27ea8-f483-4a0d-b6f3-3a914fc406ca:group-A6A8C3515952 changes to CANDIDATE, lastRpcTime:9584, electionTimeout:5104ms
2019-08-23 01:49:54,528 [Thread-2510] INFO  impl.RoleInfo (RoleInfo.java:shutdownFollowerState(121)) - 92d27ea8-f483-4a0d-b6f3-3a914fc406ca: shutdown FollowerState
2019-08-23 01:49:54,528 [Thread-2510] INFO  impl.RaftServerImpl (RaftServerImpl.java:setRole(171)) - 92d27ea8-f483-4a0d-b6f3-3a914fc406ca:group-A6A8C3515952 changes role from FOLLOWER to CANDIDATE at term 1 for changeToCandidate
2019-08-23 01:49:54,528 [Thread-2510] INFO  impl.RoleInfo (RoleInfo.java:updateAndGet(143)) - 92d27ea8-f483-4a0d-b6f3-3a914fc406ca: start LeaderElection
2019-08-23 01:49:54,529 [92d27ea8-f483-4a0d-b6f3-3a914fc406ca:group-A6A8C3515952:LeaderElection90] INFO  impl.RaftServerImpl (ServerState.java:setLeader(263)) - 92d27ea8-f483-4a0d-b6f3-3a914fc406ca:group-A6A8C3515952 change Leader from ff93e3bf-9085-4246-8644-5e8fa9e79872 to null at term 1 for initElection
2019-08-23 01:49:54,549 [Thread-2511] INFO  impl.FollowerState (FollowerState.java:run(106)) - 69f7d37c-3616-4e50-8382-f7d7bb9102ea:group-A6A8C3515952 changes to CANDIDATE, lastRpcTime:9605, electionTimeout:5151ms
2019-08-23 01:49:54,549 [Thread-2511] INFO  impl.RoleInfo (RoleInfo.java:shutdownFollowerState(121)) - 69f7d37c-3616-4e50-8382-f7d7bb9102ea: shutdown FollowerState
2019-08-23 01:49:54,549 [Thread-2511] INFO  impl.RaftServerImpl (RaftServerImpl.java:setRole(171)) - 69f7d37c-3616-4e50-8382-f7d7bb9102ea:group-A6A8C3515952 changes role from FOLLOWER to CANDIDATE at term 1 for changeToCandidate
2019-08-23 01:49:54,549 [Thread-2511] INFO  impl.RoleInfo (RoleInfo.java:updateAndGet(143)) - 69f7d37c-3616-4e50-8382-f7d7bb9102ea: start LeaderElection
2019-08-23 01:49:54,550 [69f7d37c-3616-4e50-8382-f7d7bb9102ea:group-A6A8C3515952:LeaderElection91] INFO  impl.RaftServerImpl (ServerState.java:setLeader(263)) - 69f7d37c-3616-4e50-8382-f7d7bb9102ea:group-A6A8C3515952 change Leader from ff93e3bf-9085-4246-8644-5e8fa9e79872 to null at term 1 for initElection
2019-08-23 01:49:54,550 [92d27ea8-f483-4a0d-b6f3-3a914fc406ca:group-A6A8C3515952:LeaderElection90] INFO  impl.LeaderElection (LeaderElection.java:askForVotes(181)) - 92d27ea8-f483-4a0d-b6f3-3a914fc406ca:group-A6A8C3515952:LeaderElection90: begin an election at term 2 for 0: [92d27ea8-f483-4a0d-b6f3-3a914fc406ca:192.168.34.22:35037, ff93e3bf-9085-4246-8644-5e8fa9e79872:192.168.34.22:35639, 69f7d37c-3616-4e50-8382-f7d7bb9102ea:192.168.34.22:44038], old=null
2019-08-23 01:49:54,553 [92d27ea8-f483-4a0d-b6f3-3a914fc406ca:group-A6A8C3515952:LeaderElection90] INFO  impl.LeaderElection (LogUtils.java:infoOrTrace(149)) - 92d27ea8-f483-4a0d-b6f3-3a914fc406ca:group-A6A8C3515952:LeaderElection90 got exception when requesting votes: {}
java.util.concurrent.ExecutionException: org.apache.ratis.thirdparty.io.grpc.StatusRuntimeException: UNAVAILABLE: io exception
	at java.util.concurrent.FutureTask.report(FutureTask.java:122)
	at java.util.concurrent.FutureTask.get(FutureTask.java:192)
	at org.apache.ratis.server.impl.LeaderElection.waitForResults(LeaderElection.java:262)
	at org.apache.ratis.server.impl.LeaderElection.askForVotes(LeaderElection.java:200)
	at org.apache.ratis.server.impl.LeaderElection.run(LeaderElection.java:130)
	at java.lang.Thread.run(Thread.java:748)
Caused by: org.apache.ratis.thirdparty.io.grpc.StatusRuntimeException: UNAVAILABLE: io exception
	at org.apache.ratis.thirdparty.io.grpc.stub.ClientCalls.toStatusRuntimeException(ClientCalls.java:233)
	at org.apache.ratis.thirdparty.io.grpc.stub.ClientCalls.getUnchecked(ClientCalls.java:214)
	at org.apache.ratis.thirdparty.io.grpc.stub.ClientCalls.blockingUnaryCall(ClientCalls.java:139)
	at org.apache.ratis.proto.grpc.RaftServerProtocolServiceGrpc$RaftServerProtocolServiceBlockingStub.requestVote(RaftServerProtocolServiceGrpc.java:265)
	at org.apache.ratis.grpc.server.GrpcServerProtocolClient.requestVote(GrpcServerProtocolClient.java:83)
	at org.apache.ratis.grpc.server.GrpcService.requestVote(GrpcService.java:195)
	at org.apache.ratis.server.impl.LeaderElection.lambda$submitRequests$1(LeaderElection.java:237)
	at java.util.concurrent.FutureTask.run(FutureTask.java:266)
	at java.util.concurrent.Executors$RunnableAdapter.call(Executors.java:511)
	at java.util.concurrent.FutureTask.run(FutureTask.java:266)
	at java.util.concurrent.ThreadPoolExecutor.runWorker(ThreadPoolExecutor.java:1149)
	at java.util.concurrent.ThreadPoolExecutor$Worker.run(ThreadPoolExecutor.java:624)
	... 1 more
Caused by: org.apache.ratis.thirdparty.io.netty.channel.AbstractChannel$AnnotatedConnectException: Connection refused: /192.168.34.22:35639
	at sun.nio.ch.SocketChannelImpl.checkConnect(Native Method)
	at sun.nio.ch.SocketChannelImpl.finishConnect(SocketChannelImpl.java:717)
	at org.apache.ratis.thirdparty.io.netty.channel.socket.nio.NioSocketChannel.doFinishConnect(NioSocketChannel.java:327)
	at org.apache.ratis.thirdparty.io.netty.channel.nio.AbstractNioChannel$AbstractNioUnsafe.finishConnect(AbstractNioChannel.java:340)
	at org.apache.ratis.thirdparty.io.netty.channel.nio.NioEventLoop.processSelectedKey(NioEventLoop.java:632)
	at org.apache.ratis.thirdparty.io.netty.channel.nio.NioEventLoop.processSelectedKeysOptimized(NioEventLoop.java:579)
	at org.apache.ratis.thirdparty.io.netty.channel.nio.NioEventLoop.processSelectedKeys(NioEventLoop.java:496)
	at org.apache.ratis.thirdparty.io.netty.channel.nio.NioEventLoop.run(NioEventLoop.java:458)
	at org.apache.ratis.thirdparty.io.netty.util.concurrent.SingleThreadEventExecutor$5.run(SingleThreadEventExecutor.java:897)
	at org.apache.ratis.thirdparty.io.netty.util.concurrent.FastThreadLocalRunnable.run(FastThreadLocalRunnable.java:30)
	... 1 more
Caused by: java.net.ConnectException: Connection refused
	... 11 more
2019-08-23 01:49:54,572 [69f7d37c-3616-4e50-8382-f7d7bb9102ea:group-A6A8C3515952:LeaderElection91] INFO  impl.LeaderElection (LeaderElection.java:askForVotes(181)) - 69f7d37c-3616-4e50-8382-f7d7bb9102ea:group-A6A8C3515952:LeaderElection91: begin an election at term 2 for 0: [92d27ea8-f483-4a0d-b6f3-3a914fc406ca:192.168.34.22:35037, ff93e3bf-9085-4246-8644-5e8fa9e79872:192.168.34.22:35639, 69f7d37c-3616-4e50-8382-f7d7bb9102ea:192.168.34.22:44038], old=null
2019-08-23 01:49:54,573 [92d27ea8-f483-4a0d-b6f3-3a914fc406ca:group-A6A8C3515952:LeaderElection90] INFO  impl.LeaderElection (LeaderElection.java:logAndReturn(56)) - 92d27ea8-f483-4a0d-b6f3-3a914fc406ca:group-A6A8C3515952:LeaderElection90: Election REJECTED; received 1 response(s) [92d27ea8-f483-4a0d-b6f3-3a914fc406ca<-69f7d37c-3616-4e50-8382-f7d7bb9102ea#0:FAIL-t2] and 1 exception(s); 92d27ea8-f483-4a0d-b6f3-3a914fc406ca:t2, leader=null, voted=92d27ea8-f483-4a0d-b6f3-3a914fc406ca, raftlog=92d27ea8-f483-4a0d-b6f3-3a914fc406ca-SegmentedRaftLog:OPENED:c2,f2,i2, conf=0: [92d27ea8-f483-4a0d-b6f3-3a914fc406ca:192.168.34.22:35037, ff93e3bf-9085-4246-8644-5e8fa9e79872:192.168.34.22:35639, 69f7d37c-3616-4e50-8382-f7d7bb9102ea:192.168.34.22:44038], old=null
2019-08-23 01:49:54,573 [92d27ea8-f483-4a0d-b6f3-3a914fc406ca:group-A6A8C3515952:LeaderElection90] INFO  impl.LeaderElection (LogUtils.java:infoOrTrace(149)) -   Exception 0: {}
java.util.concurrent.ExecutionException: org.apache.ratis.thirdparty.io.grpc.StatusRuntimeException: UNAVAILABLE: io exception
	at java.util.concurrent.FutureTask.report(FutureTask.java:122)
	at java.util.concurrent.FutureTask.get(FutureTask.java:192)
	at org.apache.ratis.server.impl.LeaderElection.waitForResults(LeaderElection.java:262)
	at org.apache.ratis.server.impl.LeaderElection.askForVotes(LeaderElection.java:200)
	at org.apache.ratis.server.impl.LeaderElection.run(LeaderElection.java:130)
	at java.lang.Thread.run(Thread.java:748)
Caused by: org.apache.ratis.thirdparty.io.grpc.StatusRuntimeException: UNAVAILABLE: io exception
	at org.apache.ratis.thirdparty.io.grpc.stub.ClientCalls.toStatusRuntimeException(ClientCalls.java:233)
	at org.apache.ratis.thirdparty.io.grpc.stub.ClientCalls.getUnchecked(ClientCalls.java:214)
	at org.apache.ratis.thirdparty.io.grpc.stub.ClientCalls.blockingUnaryCall(ClientCalls.java:139)
	at org.apache.ratis.proto.grpc.RaftServerProtocolServiceGrpc$RaftServerProtocolServiceBlockingStub.requestVote(RaftServerProtocolServiceGrpc.java:265)
	at org.apache.ratis.grpc.server.GrpcServerProtocolClient.requestVote(GrpcServerProtocolClient.java:83)
	at org.apache.ratis.grpc.server.GrpcService.requestVote(GrpcService.java:195)
	at org.apache.ratis.server.impl.LeaderElection.lambda$submitRequests$1(LeaderElection.java:237)
	at java.util.concurrent.FutureTask.run(FutureTask.java:266)
	at java.util.concurrent.Executors$RunnableAdapter.call(Executors.java:511)
	at java.util.concurrent.FutureTask.run(FutureTask.java:266)
	at java.util.concurrent.ThreadPoolExecutor.runWorker(ThreadPoolExecutor.java:1149)
	at java.util.concurrent.ThreadPoolExecutor$Worker.run(ThreadPoolExecutor.java:624)
	... 1 more
Caused by: org.apache.ratis.thirdparty.io.netty.channel.AbstractChannel$AnnotatedConnectException: Connection refused: /192.168.34.22:35639
	at sun.nio.ch.SocketChannelImpl.checkConnect(Native Method)
	at sun.nio.ch.SocketChannelImpl.finishConnect(SocketChannelImpl.java:717)
	at org.apache.ratis.thirdparty.io.netty.channel.socket.nio.NioSocketChannel.doFinishConnect(NioSocketChannel.java:327)
	at org.apache.ratis.thirdparty.io.netty.channel.nio.AbstractNioChannel$AbstractNioUnsafe.finishConnect(AbstractNioChannel.java:340)
	at org.apache.ratis.thirdparty.io.netty.channel.nio.NioEventLoop.processSelectedKey(NioEventLoop.java:632)
	at org.apache.ratis.thirdparty.io.netty.channel.nio.NioEventLoop.processSelectedKeysOptimized(NioEventLoop.java:579)
	at org.apache.ratis.thirdparty.io.netty.channel.nio.NioEventLoop.processSelectedKeys(NioEventLoop.java:496)
	at org.apache.ratis.thirdparty.io.netty.channel.nio.NioEventLoop.run(NioEventLoop.java:458)
	at org.apache.ratis.thirdparty.io.netty.util.concurrent.SingleThreadEventExecutor$5.run(SingleThreadEventExecutor.java:897)
	at org.apache.ratis.thirdparty.io.netty.util.concurrent.FastThreadLocalRunnable.run(FastThreadLocalRunnable.java:30)
	... 1 more
Caused by: java.net.ConnectException: Connection refused
	... 11 more
2019-08-23 01:49:54,574 [92d27ea8-f483-4a0d-b6f3-3a914fc406ca:group-A6A8C3515952:LeaderElection90] INFO  impl.RaftServerImpl (RaftServerImpl.java:setRole(171)) - 92d27ea8-f483-4a0d-b6f3-3a914fc406ca:group-A6A8C3515952 changes role from CANDIDATE to FOLLOWER at term 2 for DISCOVERED_A_NEW_TERM
2019-08-23 01:49:54,574 [92d27ea8-f483-4a0d-b6f3-3a914fc406ca:group-A6A8C3515952:LeaderElection90] INFO  impl.RoleInfo (RoleInfo.java:shutdownLeaderElection(134)) - 92d27ea8-f483-4a0d-b6f3-3a914fc406ca: shutdown LeaderElection
2019-08-23 01:49:54,574 [69f7d37c-3616-4e50-8382-f7d7bb9102ea:group-A6A8C3515952:LeaderElection91] INFO  impl.LeaderElection (LogUtils.java:infoOrTrace(149)) - 69f7d37c-3616-4e50-8382-f7d7bb9102ea:group-A6A8C3515952:LeaderElection91 got exception when requesting votes: {}
java.util.concurrent.ExecutionException: org.apache.ratis.thirdparty.io.grpc.StatusRuntimeException: UNAVAILABLE: io exception
	at java.util.concurrent.FutureTask.report(FutureTask.java:122)
	at java.util.concurrent.FutureTask.get(FutureTask.java:192)
	at org.apache.ratis.server.impl.LeaderElection.waitForResults(LeaderElection.java:262)
	at org.apache.ratis.server.impl.LeaderElection.askForVotes(LeaderElection.java:200)
	at org.apache.ratis.server.impl.LeaderElection.run(LeaderElection.java:130)
	at java.lang.Thread.run(Thread.java:748)
Caused by: org.apache.ratis.thirdparty.io.grpc.StatusRuntimeException: UNAVAILABLE: io exception
	at org.apache.ratis.thirdparty.io.grpc.stub.ClientCalls.toStatusRuntimeException(ClientCalls.java:233)
	at org.apache.ratis.thirdparty.io.grpc.stub.ClientCalls.getUnchecked(ClientCalls.java:214)
	at org.apache.ratis.thirdparty.io.grpc.stub.ClientCalls.blockingUnaryCall(ClientCalls.java:139)
	at org.apache.ratis.proto.grpc.RaftServerProtocolServiceGrpc$RaftServerProtocolServiceBlockingStub.requestVote(RaftServerProtocolServiceGrpc.java:265)
	at org.apache.ratis.grpc.server.GrpcServerProtocolClient.requestVote(GrpcServerProtocolClient.java:83)
	at org.apache.ratis.grpc.server.GrpcService.requestVote(GrpcService.java:195)
	at org.apache.ratis.server.impl.LeaderElection.lambda$submitRequests$1(LeaderElection.java:237)
	at java.util.concurrent.FutureTask.run(FutureTask.java:266)
	at java.util.concurrent.Executors$RunnableAdapter.call(Executors.java:511)
	at java.util.concurrent.FutureTask.run(FutureTask.java:266)
	at java.util.concurrent.ThreadPoolExecutor.runWorker(ThreadPoolExecutor.java:1149)
	at java.util.concurrent.ThreadPoolExecutor$Worker.run(ThreadPoolExecutor.java:624)
	... 1 more
Caused by: org.apache.ratis.thirdparty.io.netty.channel.AbstractChannel$AnnotatedConnectException: Connection refused: /192.168.34.22:35639
	at sun.nio.ch.SocketChannelImpl.checkConnect(Native Method)
	at sun.nio.ch.SocketChannelImpl.finishConnect(SocketChannelImpl.java:717)
	at org.apache.ratis.thirdparty.io.netty.channel.socket.nio.NioSocketChannel.doFinishConnect(NioSocketChannel.java:327)
	at org.apache.ratis.thirdparty.io.netty.channel.nio.AbstractNioChannel$AbstractNioUnsafe.finishConnect(AbstractNioChannel.java:340)
	at org.apache.ratis.thirdparty.io.netty.channel.nio.NioEventLoop.processSelectedKey(NioEventLoop.java:632)
	at org.apache.ratis.thirdparty.io.netty.channel.nio.NioEventLoop.processSelectedKeysOptimized(NioEventLoop.java:579)
	at org.apache.ratis.thirdparty.io.netty.channel.nio.NioEventLoop.processSelectedKeys(NioEventLoop.java:496)
	at org.apache.ratis.thirdparty.io.netty.channel.nio.NioEventLoop.run(NioEventLoop.java:458)
	at org.apache.ratis.thirdparty.io.netty.util.concurrent.SingleThreadEventExecutor$5.run(SingleThreadEventExecutor.java:897)
	at org.apache.ratis.thirdparty.io.netty.util.concurrent.FastThreadLocalRunnable.run(FastThreadLocalRunnable.java:30)
	... 1 more
Caused by: java.net.ConnectException: Connection refused
	... 11 more
2019-08-23 01:49:54,574 [92d27ea8-f483-4a0d-b6f3-3a914fc406ca:group-A6A8C3515952:LeaderElection90] INFO  impl.RoleInfo (RoleInfo.java:updateAndGet(143)) - 92d27ea8-f483-4a0d-b6f3-3a914fc406ca: start FollowerState
2019-08-23 01:49:54,577 [69f7d37c-3616-4e50-8382-f7d7bb9102ea:group-A6A8C3515952:LeaderElection91] INFO  impl.LeaderElection (LeaderElection.java:logAndReturn(56)) - 69f7d37c-3616-4e50-8382-f7d7bb9102ea:group-A6A8C3515952:LeaderElection91: Election REJECTED; received 1 response(s) [69f7d37c-3616-4e50-8382-f7d7bb9102ea<-92d27ea8-f483-4a0d-b6f3-3a914fc406ca#0:FAIL-t2] and 1 exception(s); 69f7d37c-3616-4e50-8382-f7d7bb9102ea:t2, leader=null, voted=69f7d37c-3616-4e50-8382-f7d7bb9102ea, raftlog=69f7d37c-3616-4e50-8382-f7d7bb9102ea-SegmentedRaftLog:OPENED:c2,f2,i2, conf=0: [92d27ea8-f483-4a0d-b6f3-3a914fc406ca:192.168.34.22:35037, ff93e3bf-9085-4246-8644-5e8fa9e79872:192.168.34.22:35639, 69f7d37c-3616-4e50-8382-f7d7bb9102ea:192.168.34.22:44038], old=null
2019-08-23 01:49:54,577 [69f7d37c-3616-4e50-8382-f7d7bb9102ea:group-A6A8C3515952:LeaderElection91] INFO  impl.LeaderElection (LogUtils.java:infoOrTrace(149)) -   Exception 0: {}
java.util.concurrent.ExecutionException: org.apache.ratis.thirdparty.io.grpc.StatusRuntimeException: UNAVAILABLE: io exception
	at java.util.concurrent.FutureTask.report(FutureTask.java:122)
	at java.util.concurrent.FutureTask.get(FutureTask.java:192)
	at org.apache.ratis.server.impl.LeaderElection.waitForResults(LeaderElection.java:262)
	at org.apache.ratis.server.impl.LeaderElection.askForVotes(LeaderElection.java:200)
	at org.apache.ratis.server.impl.LeaderElection.run(LeaderElection.java:130)
	at java.lang.Thread.run(Thread.java:748)
Caused by: org.apache.ratis.thirdparty.io.grpc.StatusRuntimeException: UNAVAILABLE: io exception
	at org.apache.ratis.thirdparty.io.grpc.stub.ClientCalls.toStatusRuntimeException(ClientCalls.java:233)
	at org.apache.ratis.thirdparty.io.grpc.stub.ClientCalls.getUnchecked(ClientCalls.java:214)
	at org.apache.ratis.thirdparty.io.grpc.stub.ClientCalls.blockingUnaryCall(ClientCalls.java:139)
	at org.apache.ratis.proto.grpc.RaftServerProtocolServiceGrpc$RaftServerProtocolServiceBlockingStub.requestVote(RaftServerProtocolServiceGrpc.java:265)
	at org.apache.ratis.grpc.server.GrpcServerProtocolClient.requestVote(GrpcServerProtocolClient.java:83)
	at org.apache.ratis.grpc.server.GrpcService.requestVote(GrpcService.java:195)
	at org.apache.ratis.server.impl.LeaderElection.lambda$submitRequests$1(LeaderElection.java:237)
	at java.util.concurrent.FutureTask.run(FutureTask.java:266)
	at java.util.concurrent.Executors$RunnableAdapter.call(Executors.java:511)
	at java.util.concurrent.FutureTask.run(FutureTask.java:266)
	at java.util.concurrent.ThreadPoolExecutor.runWorker(ThreadPoolExecutor.java:1149)
	at java.util.concurrent.ThreadPoolExecutor$Worker.run(ThreadPoolExecutor.java:624)
	... 1 more
Caused by: org.apache.ratis.thirdparty.io.netty.channel.AbstractChannel$AnnotatedConnectException: Connection refused: /192.168.34.22:35639
	at sun.nio.ch.SocketChannelImpl.checkConnect(Native Method)
	at sun.nio.ch.SocketChannelImpl.finishConnect(SocketChannelImpl.java:717)
	at org.apache.ratis.thirdparty.io.netty.channel.socket.nio.NioSocketChannel.doFinishConnect(NioSocketChannel.java:327)
	at org.apache.ratis.thirdparty.io.netty.channel.nio.AbstractNioChannel$AbstractNioUnsafe.finishConnect(AbstractNioChannel.java:340)
	at org.apache.ratis.thirdparty.io.netty.channel.nio.NioEventLoop.processSelectedKey(NioEventLoop.java:632)
	at org.apache.ratis.thirdparty.io.netty.channel.nio.NioEventLoop.processSelectedKeysOptimized(NioEventLoop.java:579)
	at org.apache.ratis.thirdparty.io.netty.channel.nio.NioEventLoop.processSelectedKeys(NioEventLoop.java:496)
	at org.apache.ratis.thirdparty.io.netty.channel.nio.NioEventLoop.run(NioEventLoop.java:458)
	at org.apache.ratis.thirdparty.io.netty.util.concurrent.SingleThreadEventExecutor$5.run(SingleThreadEventExecutor.java:897)
	at org.apache.ratis.thirdparty.io.netty.util.concurrent.FastThreadLocalRunnable.run(FastThreadLocalRunnable.java:30)
	... 1 more
Caused by: java.net.ConnectException: Connection refused
	... 11 more
2019-08-23 01:49:54,578 [69f7d37c-3616-4e50-8382-f7d7bb9102ea:group-A6A8C3515952:LeaderElection91] INFO  impl.RaftServerImpl (RaftServerImpl.java:setRole(171)) - 69f7d37c-3616-4e50-8382-f7d7bb9102ea:group-A6A8C3515952 changes role from CANDIDATE to FOLLOWER at term 2 for DISCOVERED_A_NEW_TERM
2019-08-23 01:49:54,578 [69f7d37c-3616-4e50-8382-f7d7bb9102ea:group-A6A8C3515952:LeaderElection91] INFO  impl.RoleInfo (RoleInfo.java:shutdownLeaderElection(134)) - 69f7d37c-3616-4e50-8382-f7d7bb9102ea: shutdown LeaderElection
2019-08-23 01:49:54,578 [69f7d37c-3616-4e50-8382-f7d7bb9102ea:group-A6A8C3515952:LeaderElection91] INFO  impl.RoleInfo (RoleInfo.java:updateAndGet(143)) - 69f7d37c-3616-4e50-8382-f7d7bb9102ea: start FollowerState
2019-08-23 01:49:54,594 | INFO  | SCMAudit | user=jenkins1000 | ip=192.168.34.22 | op=SEND_HEARTBEAT {datanodeUUID=b4a62b05-b08c-4a73-8fb1-2aa21dc66f39, command=[]} | ret=SUCCESS |  
2019-08-23 01:49:54,755 | INFO  | SCMAudit | user=jenkins1000 | ip=192.168.34.22 | op=SEND_HEARTBEAT {datanodeUUID=d439f8db-9dad-40d8-92e1-352d499497ff, command=[]} | ret=SUCCESS |  
2019-08-23 01:49:55,066 | INFO  | SCMAudit | user=jenkins1000 | ip=192.168.34.22 | op=SEND_HEARTBEAT {datanodeUUID=92d27ea8-f483-4a0d-b6f3-3a914fc406ca, command=[]} | ret=SUCCESS |  
2019-08-23 01:49:55,066 | INFO  | SCMAudit | user=jenkins1000 | ip=192.168.34.22 | op=SEND_HEARTBEAT {datanodeUUID=69f7d37c-3616-4e50-8382-f7d7bb9102ea, command=[]} | ret=SUCCESS |  
2019-08-23 01:49:55,280 | INFO  | SCMAudit | user=jenkins1000 | ip=192.168.34.22 | op=SEND_HEARTBEAT {datanodeUUID=460b0f97-1b5f-49b0-a00e-827137c6a5da, command=[]} | ret=SUCCESS |  
2019-08-23 01:49:55,302 [grpc-default-executor-1] INFO  client.GrpcClientProtocolClient (GrpcClientProtocolClient.java:onNext(255)) - client-7F1F3FAEE039->92d27ea8-f483-4a0d-b6f3-3a914fc406ca: receive RaftClientReply:client-7F1F3FAEE039->92d27ea8-f483-4a0d-b6f3-3a914fc406ca@group-A6A8C3515952, cid=104, FAILED org.apache.ratis.protocol.NotLeaderException: Server 92d27ea8-f483-4a0d-b6f3-3a914fc406ca is not the leader (null). Request must be sent to leader., logIndex=0, commits[92d27ea8-f483-4a0d-b6f3-3a914fc406ca:c2, ff93e3bf-9085-4246-8644-5e8fa9e79872:c2, 69f7d37c-3616-4e50-8382-f7d7bb9102ea:c2]
2019-08-23 01:49:55,444 | INFO  | SCMAudit | user=jenkins1000 | ip=192.168.34.22 | op=SEND_HEARTBEAT {datanodeUUID=33de8731-90a9-402d-b62b-44837c115f8f, command=[]} | ret=SUCCESS |  
2019-08-23 01:49:55,594 | INFO  | SCMAudit | user=jenkins1000 | ip=192.168.34.22 | op=SEND_HEARTBEAT {datanodeUUID=b4a62b05-b08c-4a73-8fb1-2aa21dc66f39, command=[]} | ret=SUCCESS |  
2019-08-23 01:49:55,755 | INFO  | SCMAudit | user=jenkins1000 | ip=192.168.34.22 | op=SEND_HEARTBEAT {datanodeUUID=d439f8db-9dad-40d8-92e1-352d499497ff, command=[]} | ret=SUCCESS |  
2019-08-23 01:49:56,067 | INFO  | SCMAudit | user=jenkins1000 | ip=192.168.34.22 | op=SEND_HEARTBEAT {datanodeUUID=92d27ea8-f483-4a0d-b6f3-3a914fc406ca, command=[]} | ret=SUCCESS |  
2019-08-23 01:49:56,067 | INFO  | SCMAudit | user=jenkins1000 | ip=192.168.34.22 | op=SEND_HEARTBEAT {datanodeUUID=69f7d37c-3616-4e50-8382-f7d7bb9102ea, command=[]} | ret=SUCCESS |  
2019-08-23 01:49:56,279 | INFO  | SCMAudit | user=jenkins1000 | ip=192.168.34.22 | op=SEND_HEARTBEAT {datanodeUUID=460b0f97-1b5f-49b0-a00e-827137c6a5da, command=[]} | ret=SUCCESS |  
]]></system-out>
    <system-err><![CDATA[Aug 23, 2019 1:49:29 AM com.sun.jersey.server.impl.application.WebApplicationImpl _initiate
INFO: Initiating Jersey application, version 'Jersey: 1.19 02/11/2015 03:25 AM'
Aug 23, 2019 1:49:29 AM com.sun.jersey.server.impl.application.WebApplicationImpl _initiate
INFO: Initiating Jersey application, version 'Jersey: 1.19 02/11/2015 03:25 AM'
Aug 23, 2019 1:49:29 AM com.sun.jersey.server.impl.application.WebApplicationImpl _initiate
INFO: Initiating Jersey application, version 'Jersey: 1.19 02/11/2015 03:25 AM'
Aug 23, 2019 1:49:30 AM com.sun.jersey.server.impl.application.WebApplicationImpl _initiate
INFO: Initiating Jersey application, version 'Jersey: 1.19 02/11/2015 03:25 AM'
Aug 23, 2019 1:49:30 AM com.sun.jersey.server.impl.application.WebApplicationImpl _initiate
INFO: Initiating Jersey application, version 'Jersey: 1.19 02/11/2015 03:25 AM'
Aug 23, 2019 1:49:30 AM com.sun.jersey.server.impl.application.WebApplicationImpl _initiate
INFO: Initiating Jersey application, version 'Jersey: 1.19 02/11/2015 03:25 AM'
Aug 23, 2019 1:49:30 AM com.sun.jersey.server.impl.application.WebApplicationImpl _initiate
INFO: Initiating Jersey application, version 'Jersey: 1.19 02/11/2015 03:25 AM'
Aug 23, 2019 1:49:33 AM org.apache.ratis.thirdparty.io.grpc.internal.ManagedChannelOrphanWrapper$ManagedChannelReference cleanQueue
SEVERE: *~*~*~ Channel ManagedChannelImpl{logId=1263, target=192.168.34.22:44863} was not shutdown properly!!! ~*~*~*
    Make sure to call shutdown()/shutdownNow() and wait until awaitTermination() returns true.
java.lang.RuntimeException: ManagedChannel allocation site
	at org.apache.ratis.thirdparty.io.grpc.internal.ManagedChannelOrphanWrapper$ManagedChannelReference.<init>(ManagedChannelOrphanWrapper.java:103)
	at org.apache.ratis.thirdparty.io.grpc.internal.ManagedChannelOrphanWrapper.<init>(ManagedChannelOrphanWrapper.java:53)
	at org.apache.ratis.thirdparty.io.grpc.internal.ManagedChannelOrphanWrapper.<init>(ManagedChannelOrphanWrapper.java:44)
	at org.apache.ratis.thirdparty.io.grpc.internal.AbstractManagedChannelImplBuilder.build(AbstractManagedChannelImplBuilder.java:411)
	at org.apache.ratis.grpc.client.GrpcClientProtocolClient.<init>(GrpcClientProtocolClient.java:119)
	at org.apache.ratis.grpc.client.GrpcClientRpc.lambda$new$0(GrpcClientRpc.java:55)
	at org.apache.ratis.util.PeerProxyMap$PeerAndProxy.lambda$getProxy$0(PeerProxyMap.java:61)
	at org.apache.ratis.util.LifeCycle.startAndTransition(LifeCycle.java:202)
	at org.apache.ratis.util.PeerProxyMap$PeerAndProxy.getProxy(PeerProxyMap.java:60)
	at org.apache.ratis.util.PeerProxyMap.getProxy(PeerProxyMap.java:107)
	at org.apache.ratis.grpc.client.GrpcClientRpc.sendRequestAsync(GrpcClientRpc.java:66)
	at org.apache.ratis.client.impl.OrderedAsync.sendRequest(OrderedAsync.java:208)
	at org.apache.ratis.client.impl.OrderedAsync.sendRequestWithRetry(OrderedAsync.java:169)
	at org.apache.ratis.util.SlidingWindow$Client.sendOrDelayRequest(SlidingWindow.java:278)
	at org.apache.ratis.util.SlidingWindow$Client.retry(SlidingWindow.java:294)
	at org.apache.ratis.client.impl.OrderedAsync.lambda$scheduleWithTimeout$7(OrderedAsync.java:195)
	at org.apache.ratis.util.TimeoutScheduler.lambda$onTimeout$0(TimeoutScheduler.java:85)
	at org.apache.ratis.util.TimeoutScheduler.lambda$onTimeout$1(TimeoutScheduler.java:104)
	at org.apache.ratis.util.LogUtils.runAndLog(LogUtils.java:50)
	at org.apache.ratis.util.LogUtils$1.run(LogUtils.java:91)
	at java.util.concurrent.Executors$RunnableAdapter.call(Executors.java:511)
	at java.util.concurrent.FutureTask.run(FutureTask.java:266)
	at java.util.concurrent.ScheduledThreadPoolExecutor$ScheduledFutureTask.access$201(ScheduledThreadPoolExecutor.java:180)
	at java.util.concurrent.ScheduledThreadPoolExecutor$ScheduledFutureTask.run(ScheduledThreadPoolExecutor.java:293)
	at java.util.concurrent.ThreadPoolExecutor.runWorker(ThreadPoolExecutor.java:1149)
	at java.util.concurrent.ThreadPoolExecutor$Worker.run(ThreadPoolExecutor.java:624)
	at java.lang.Thread.run(Thread.java:748)

Aug 23, 2019 1:49:33 AM org.apache.ratis.thirdparty.io.grpc.internal.ManagedChannelOrphanWrapper$ManagedChannelReference cleanQueue
SEVERE: *~*~*~ Channel ManagedChannelImpl{logId=1072, target=192.168.34.22:44308} was not shutdown properly!!! ~*~*~*
    Make sure to call shutdown()/shutdownNow() and wait until awaitTermination() returns true.
java.lang.RuntimeException: ManagedChannel allocation site
	at org.apache.ratis.thirdparty.io.grpc.internal.ManagedChannelOrphanWrapper$ManagedChannelReference.<init>(ManagedChannelOrphanWrapper.java:103)
	at org.apache.ratis.thirdparty.io.grpc.internal.ManagedChannelOrphanWrapper.<init>(ManagedChannelOrphanWrapper.java:53)
	at org.apache.ratis.thirdparty.io.grpc.internal.ManagedChannelOrphanWrapper.<init>(ManagedChannelOrphanWrapper.java:44)
	at org.apache.ratis.thirdparty.io.grpc.internal.AbstractManagedChannelImplBuilder.build(AbstractManagedChannelImplBuilder.java:411)
	at org.apache.ratis.grpc.client.GrpcClientProtocolClient.<init>(GrpcClientProtocolClient.java:119)
	at org.apache.ratis.grpc.client.GrpcClientRpc.lambda$new$0(GrpcClientRpc.java:55)
	at org.apache.ratis.util.PeerProxyMap$PeerAndProxy.lambda$getProxy$0(PeerProxyMap.java:61)
	at org.apache.ratis.util.LifeCycle.startAndTransition(LifeCycle.java:202)
	at org.apache.ratis.util.PeerProxyMap$PeerAndProxy.getProxy(PeerProxyMap.java:60)
	at org.apache.ratis.util.PeerProxyMap.getProxy(PeerProxyMap.java:107)
	at org.apache.ratis.grpc.client.GrpcClientRpc.sendRequestAsyncUnordered(GrpcClientRpc.java:78)
	at org.apache.ratis.client.impl.UnorderedAsync.sendRequestWithRetry(UnorderedAsync.java:75)
	at org.apache.ratis.client.impl.UnorderedAsync.lambda$null$2(UnorderedAsync.java:120)
	at org.apache.ratis.util.TimeoutScheduler.lambda$onTimeout$0(TimeoutScheduler.java:85)
	at org.apache.ratis.util.TimeoutScheduler.lambda$onTimeout$1(TimeoutScheduler.java:104)
	at org.apache.ratis.util.LogUtils.runAndLog(LogUtils.java:50)
	at org.apache.ratis.util.LogUtils$1.run(LogUtils.java:91)
	at java.util.concurrent.Executors$RunnableAdapter.call(Executors.java:511)
	at java.util.concurrent.FutureTask.run(FutureTask.java:266)
	at java.util.concurrent.ScheduledThreadPoolExecutor$ScheduledFutureTask.access$201(ScheduledThreadPoolExecutor.java:180)
	at java.util.concurrent.ScheduledThreadPoolExecutor$ScheduledFutureTask.run(ScheduledThreadPoolExecutor.java:293)
	at java.util.concurrent.ThreadPoolExecutor.runWorker(ThreadPoolExecutor.java:1149)
	at java.util.concurrent.ThreadPoolExecutor$Worker.run(ThreadPoolExecutor.java:624)
	at java.lang.Thread.run(Thread.java:748)

]]></system-err>
  </testcase>
</testsuite>