<?xml version="1.0" encoding="UTF-8"?>
<testsuite xmlns:xsi="http://www.w3.org/2001/XMLSchema-instance" xsi:noNamespaceSchemaLocation="https://maven.apache.org/surefire/maven-surefire-plugin/xsd/surefire-test-report.xsd" name="org.apache.hadoop.fs.ozone.TestOzoneFileInterfaces" time="214.89" tests="12" errors="2" skipped="0" failures="0">
  <properties>
    <property name="awt.toolkit" value="sun.awt.X11.XToolkit"/>
    <property name="file.encoding.pkg" value="sun.io"/>
    <property name="java.specification.version" value="1.8"/>
    <property name="sun.cpu.isalist" value=""/>
    <property name="sun.jnu.encoding" value="UTF-8"/>
    <property name="java.class.path" value="/workdir/hadoop-ozone/ozonefs/target/test-classes:/workdir/hadoop-ozone/ozonefs/target/classes:/home/user/.m2/repository/org/apache/hadoop/hadoop-common/3.2.0/hadoop-common-3.2.0.jar:/home/user/.m2/repository/org/apache/hadoop/hadoop-annotations/3.2.0/hadoop-annotations-3.2.0.jar:/usr/lib/jvm/java-1.8-openjdk/jre/../lib/tools.jar:/home/user/.m2/repository/com/google/guava/guava/11.0.2/guava-11.0.2.jar:/home/user/.m2/repository/commons-cli/commons-cli/1.2/commons-cli-1.2.jar:/home/user/.m2/repository/org/apache/commons/commons-math3/3.1.1/commons-math3-3.1.1.jar:/home/user/.m2/repository/org/apache/httpcomponents/httpclient/4.5.2/httpclient-4.5.2.jar:/home/user/.m2/repository/org/apache/httpcomponents/httpcore/4.4.4/httpcore-4.4.4.jar:/home/user/.m2/repository/commons-codec/commons-codec/1.11/commons-codec-1.11.jar:/home/user/.m2/repository/commons-io/commons-io/2.5/commons-io-2.5.jar:/home/user/.m2/repository/commons-net/commons-net/3.6/commons-net-3.6.jar:/home/user/.m2/repository/commons-collections/commons-collections/3.2.2/commons-collections-3.2.2.jar:/home/user/.m2/repository/javax/servlet/javax.servlet-api/3.1.0/javax.servlet-api-3.1.0.jar:/home/user/.m2/repository/org/eclipse/jetty/jetty-server/9.3.24.v20180605/jetty-server-9.3.24.v20180605.jar:/home/user/.m2/repository/org/eclipse/jetty/jetty-http/9.3.24.v20180605/jetty-http-9.3.24.v20180605.jar:/home/user/.m2/repository/org/eclipse/jetty/jetty-io/9.3.24.v20180605/jetty-io-9.3.24.v20180605.jar:/home/user/.m2/repository/org/eclipse/jetty/jetty-util/9.3.24.v20180605/jetty-util-9.3.24.v20180605.jar:/home/user/.m2/repository/org/eclipse/jetty/jetty-servlet/9.3.24.v20180605/jetty-servlet-9.3.24.v20180605.jar:/home/user/.m2/repository/org/eclipse/jetty/jetty-security/9.3.24.v20180605/jetty-security-9.3.24.v20180605.jar:/home/user/.m2/repository/org/eclipse/jetty/jetty-webapp/9.3.24.v20180605/jetty-webapp-9.3.24.v20180605.jar:/home/user/.m2/repository/org/eclipse/jetty/jetty-xml/9.3.24.v20180605/jetty-xml-9.3.24.v20180605.jar:/home/user/.m2/repository/javax/servlet/jsp/jsp-api/2.1/jsp-api-2.1.jar:/home/user/.m2/repository/com/sun/jersey/jersey-core/1.19/jersey-core-1.19.jar:/home/user/.m2/repository/javax/ws/rs/jsr311-api/1.1.1/jsr311-api-1.1.1.jar:/home/user/.m2/repository/com/sun/jersey/jersey-servlet/1.19/jersey-servlet-1.19.jar:/home/user/.m2/repository/com/sun/jersey/jersey-json/1.19/jersey-json-1.19.jar:/home/user/.m2/repository/org/codehaus/jettison/jettison/1.1/jettison-1.1.jar:/home/user/.m2/repository/com/sun/xml/bind/jaxb-impl/2.3.0.1/jaxb-impl-2.3.0.1.jar:/home/user/.m2/repository/org/codehaus/jackson/jackson-core-asl/1.9.13/jackson-core-asl-1.9.13.jar:/home/user/.m2/repository/org/codehaus/jackson/jackson-mapper-asl/1.9.13/jackson-mapper-asl-1.9.13.jar:/home/user/.m2/repository/org/codehaus/jackson/jackson-jaxrs/1.9.13/jackson-jaxrs-1.9.13.jar:/home/user/.m2/repository/org/codehaus/jackson/jackson-xc/1.9.13/jackson-xc-1.9.13.jar:/home/user/.m2/repository/com/sun/jersey/jersey-server/1.19/jersey-server-1.19.jar:/home/user/.m2/repository/commons-logging/commons-logging/1.1.3/commons-logging-1.1.3.jar:/home/user/.m2/repository/log4j/log4j/1.2.17/log4j-1.2.17.jar:/home/user/.m2/repository/commons-beanutils/commons-beanutils/1.9.3/commons-beanutils-1.9.3.jar:/home/user/.m2/repository/org/apache/commons/commons-configuration2/2.1.1/commons-configuration2-2.1.1.jar:/home/user/.m2/repository/org/apache/commons/commons-lang3/3.7/commons-lang3-3.7.jar:/home/user/.m2/repository/org/apache/commons/commons-text/1.4/commons-text-1.4.jar:/home/user/.m2/repository/org/slf4j/slf4j-api/1.7.25/slf4j-api-1.7.25.jar:/home/user/.m2/repository/org/slf4j/slf4j-log4j12/1.7.25/slf4j-log4j12-1.7.25.jar:/home/user/.m2/repository/org/apache/avro/avro/1.7.7/avro-1.7.7.jar:/home/user/.m2/repository/com/thoughtworks/paranamer/paranamer/2.3/paranamer-2.3.jar:/home/user/.m2/repository/org/xerial/snappy/snappy-java/1.0.5/snappy-java-1.0.5.jar:/home/user/.m2/repository/com/google/re2j/re2j/1.1/re2j-1.1.jar:/home/user/.m2/repository/com/google/protobuf/protobuf-java/2.5.0/protobuf-java-2.5.0.jar:/home/user/.m2/repository/com/google/code/gson/gson/2.2.4/gson-2.2.4.jar:/home/user/.m2/repository/org/apache/hadoop/hadoop-auth/3.2.0/hadoop-auth-3.2.0.jar:/home/user/.m2/repository/com/nimbusds/nimbus-jose-jwt/4.41.1/nimbus-jose-jwt-4.41.1.jar:/home/user/.m2/repository/com/github/stephenc/jcip/jcip-annotations/1.0-1/jcip-annotations-1.0-1.jar:/home/user/.m2/repository/net/minidev/json-smart/2.3/json-smart-2.3.jar:/home/user/.m2/repository/net/minidev/accessors-smart/1.2/accessors-smart-1.2.jar:/home/user/.m2/repository/org/apache/curator/curator-framework/2.12.0/curator-framework-2.12.0.jar:/home/user/.m2/repository/com/jcraft/jsch/0.1.54/jsch-0.1.54.jar:/home/user/.m2/repository/org/apache/curator/curator-client/2.12.0/curator-client-2.12.0.jar:/home/user/.m2/repository/org/apache/curator/curator-recipes/2.12.0/curator-recipes-2.12.0.jar:/home/user/.m2/repository/com/google/code/findbugs/jsr305/3.0.0/jsr305-3.0.0.jar:/home/user/.m2/repository/org/apache/htrace/htrace-core4/4.1.0-incubating/htrace-core4-4.1.0-incubating.jar:/home/user/.m2/repository/org/apache/zookeeper/zookeeper/3.4.13/zookeeper-3.4.13.jar:/home/user/.m2/repository/org/apache/yetus/audience-annotations/0.5.0/audience-annotations-0.5.0.jar:/home/user/.m2/repository/org/apache/commons/commons-compress/1.4.1/commons-compress-1.4.1.jar:/home/user/.m2/repository/org/tukaani/xz/1.0/xz-1.0.jar:/home/user/.m2/repository/org/apache/kerby/kerb-simplekdc/1.0.1/kerb-simplekdc-1.0.1.jar:/home/user/.m2/repository/org/apache/kerby/kerb-client/1.0.1/kerb-client-1.0.1.jar:/home/user/.m2/repository/org/apache/kerby/kerby-config/1.0.1/kerby-config-1.0.1.jar:/home/user/.m2/repository/org/apache/kerby/kerb-core/1.0.1/kerb-core-1.0.1.jar:/home/user/.m2/repository/org/apache/kerby/kerby-pkix/1.0.1/kerby-pkix-1.0.1.jar:/home/user/.m2/repository/org/apache/kerby/kerby-asn1/1.0.1/kerby-asn1-1.0.1.jar:/home/user/.m2/repository/org/apache/kerby/kerby-util/1.0.1/kerby-util-1.0.1.jar:/home/user/.m2/repository/org/apache/kerby/kerb-common/1.0.1/kerb-common-1.0.1.jar:/home/user/.m2/repository/org/apache/kerby/kerb-crypto/1.0.1/kerb-crypto-1.0.1.jar:/home/user/.m2/repository/org/apache/kerby/kerb-util/1.0.1/kerb-util-1.0.1.jar:/home/user/.m2/repository/org/apache/kerby/token-provider/1.0.1/token-provider-1.0.1.jar:/home/user/.m2/repository/org/apache/kerby/kerb-admin/1.0.1/kerb-admin-1.0.1.jar:/home/user/.m2/repository/org/apache/kerby/kerb-server/1.0.1/kerb-server-1.0.1.jar:/home/user/.m2/repository/org/apache/kerby/kerb-identity/1.0.1/kerb-identity-1.0.1.jar:/home/user/.m2/repository/org/apache/kerby/kerby-xdr/1.0.1/kerby-xdr-1.0.1.jar:/home/user/.m2/repository/com/fasterxml/jackson/core/jackson-databind/2.9.5/jackson-databind-2.9.5.jar:/home/user/.m2/repository/com/fasterxml/jackson/core/jackson-annotations/2.9.5/jackson-annotations-2.9.5.jar:/home/user/.m2/repository/com/fasterxml/jackson/core/jackson-core/2.9.5/jackson-core-2.9.5.jar:/home/user/.m2/repository/org/codehaus/woodstox/stax2-api/3.1.4/stax2-api-3.1.4.jar:/home/user/.m2/repository/com/fasterxml/woodstox/woodstox-core/5.0.3/woodstox-core-5.0.3.jar:/home/user/.m2/repository/dnsjava/dnsjava/2.1.7/dnsjava-2.1.7.jar:/home/user/.m2/repository/org/apache/hadoop/hadoop-hdfs/3.2.0/hadoop-hdfs-3.2.0.jar:/home/user/.m2/repository/org/eclipse/jetty/jetty-util-ajax/9.3.24.v20180605/jetty-util-ajax-9.3.24.v20180605.jar:/home/user/.m2/repository/commons-daemon/commons-daemon/1.0.13/commons-daemon-1.0.13.jar:/home/user/.m2/repository/io/netty/netty/3.10.5.Final/netty-3.10.5.Final.jar:/home/user/.m2/repository/io/netty/netty-all/4.0.52.Final/netty-all-4.0.52.Final.jar:/home/user/.m2/repository/org/fusesource/leveldbjni/leveldbjni-all/1.8/leveldbjni-all-1.8.jar:/home/user/.m2/repository/org/apache/hadoop/hadoop-hdds-common/0.5.0-SNAPSHOT/hadoop-hdds-common-0.5.0-SNAPSHOT.jar:/home/user/.m2/repository/org/apache/hadoop/hadoop-hdds-config/0.5.0-SNAPSHOT/hadoop-hdds-config-0.5.0-SNAPSHOT.jar:/home/user/.m2/repository/javax/annotation/javax.annotation-api/1.2/javax.annotation-api-1.2.jar:/home/user/.m2/repository/org/apache/ratis/ratis-server/0.4.0-2337318-SNAPSHOT/ratis-server-0.4.0-2337318-SNAPSHOT.jar:/home/user/.m2/repository/org/apache/ratis/ratis-thirdparty-misc/0.2.0/ratis-thirdparty-misc-0.2.0.jar:/home/user/.m2/repository/org/apache/ratis/ratis-proto/0.4.0-2337318-SNAPSHOT/ratis-proto-0.4.0-2337318-SNAPSHOT.jar:/home/user/.m2/repository/org/apache/ratis/ratis-common/0.4.0-2337318-SNAPSHOT/ratis-common-0.4.0-2337318-SNAPSHOT.jar:/home/user/.m2/repository/org/apache/ratis/ratis-client/0.4.0-2337318-SNAPSHOT/ratis-client-0.4.0-2337318-SNAPSHOT.jar:/home/user/.m2/repository/org/apache/ratis/ratis-metrics/0.4.0-2337318-SNAPSHOT/ratis-metrics-0.4.0-2337318-SNAPSHOT.jar:/home/user/.m2/repository/org/apache/ratis/ratis-netty/0.4.0-2337318-SNAPSHOT/ratis-netty-0.4.0-2337318-SNAPSHOT.jar:/home/user/.m2/repository/org/apache/ratis/ratis-grpc/0.4.0-2337318-SNAPSHOT/ratis-grpc-0.4.0-2337318-SNAPSHOT.jar:/home/user/.m2/repository/org/rocksdb/rocksdbjni/6.0.1/rocksdbjni-6.0.1.jar:/home/user/.m2/repository/org/apache/logging/log4j/log4j-api/2.11.0/log4j-api-2.11.0.jar:/home/user/.m2/repository/org/apache/logging/log4j/log4j-core/2.11.0/log4j-core-2.11.0.jar:/home/user/.m2/repository/com/lmax/disruptor/3.4.2/disruptor-3.4.2.jar:/home/user/.m2/repository/org/apache/commons/commons-pool2/2.6.0/commons-pool2-2.6.0.jar:/home/user/.m2/repository/org/bouncycastle/bcpkix-jdk15on/1.60/bcpkix-jdk15on-1.60.jar:/home/user/.m2/repository/commons-validator/commons-validator/1.6/commons-validator-1.6.jar:/home/user/.m2/repository/commons-digester/commons-digester/1.8.1/commons-digester-1.8.1.jar:/home/user/.m2/repository/io/jaegertracing/jaeger-client/0.33.1/jaeger-client-0.33.1.jar:/home/user/.m2/repository/io/jaegertracing/jaeger-thrift/0.33.1/jaeger-thrift-0.33.1.jar:/home/user/.m2/repository/org/apache/thrift/libthrift/0.11.0/libthrift-0.11.0.jar:/home/user/.m2/repository/com/squareup/okhttp3/okhttp/3.9.0/okhttp-3.9.0.jar:/home/user/.m2/repository/com/squareup/okio/okio/1.13.0/okio-1.13.0.jar:/home/user/.m2/repository/io/jaegertracing/jaeger-core/0.33.1/jaeger-core-0.33.1.jar:/home/user/.m2/repository/io/jaegertracing/jaeger-tracerresolver/0.33.1/jaeger-tracerresolver-0.33.1.jar:/home/user/.m2/repository/io/opentracing/contrib/opentracing-tracerresolver/0.1.5/opentracing-tracerresolver-0.1.5.jar:/home/user/.m2/repository/io/opentracing/opentracing-util/0.31.0/opentracing-util-0.31.0.jar:/home/user/.m2/repository/io/opentracing/opentracing-api/0.31.0/opentracing-api-0.31.0.jar:/home/user/.m2/repository/io/opentracing/opentracing-noop/0.31.0/opentracing-noop-0.31.0.jar:/home/user/.m2/repository/org/yaml/snakeyaml/1.16/snakeyaml-1.16.jar:/home/user/.m2/repository/org/apache/hadoop/hadoop-hdfs-client/3.2.0/hadoop-hdfs-client-3.2.0.jar:/home/user/.m2/repository/info/picocli/picocli/3.9.6/picocli-3.9.6.jar:/home/user/.m2/repository/org/apache/hadoop/hadoop-hdds-server-scm/0.5.0-SNAPSHOT/hadoop-hdds-server-scm-0.5.0-SNAPSHOT.jar:/home/user/.m2/repository/org/apache/hadoop/hadoop-hdds-docs/0.5.0-SNAPSHOT/hadoop-hdds-docs-0.5.0-SNAPSHOT.jar:/home/user/.m2/repository/io/dropwizard/metrics/metrics-core/3.2.4/metrics-core-3.2.4.jar:/home/user/.m2/repository/org/hamcrest/hamcrest-all/1.3/hamcrest-all-1.3.jar:/home/user/.m2/repository/org/bouncycastle/bcprov-jdk15on/1.60/bcprov-jdk15on-1.60.jar:/home/user/.m2/repository/org/apache/hadoop/hadoop-hdds-server-framework/0.5.0-SNAPSHOT/hadoop-hdds-server-framework-0.5.0-SNAPSHOT.jar:/home/user/.m2/repository/org/apache/hadoop/hadoop-ozone-ozone-manager/0.5.0-SNAPSHOT/hadoop-ozone-ozone-manager-0.5.0-SNAPSHOT.jar:/home/user/.m2/repository/org/apache/hadoop/hadoop-hdds-container-service/0.5.0-SNAPSHOT/hadoop-hdds-container-service-0.5.0-SNAPSHOT.jar:/home/user/.m2/repository/org/apache/hadoop/hadoop-hdds-client/0.5.0-SNAPSHOT/hadoop-hdds-client-0.5.0-SNAPSHOT.jar:/home/user/.m2/repository/org/apache/hadoop/hadoop-ozone-common/0.5.0-SNAPSHOT/hadoop-ozone-common-0.5.0-SNAPSHOT.jar:/home/user/.m2/repository/org/apache/hadoop/hadoop-hdds-tools/0.5.0-SNAPSHOT/hadoop-hdds-tools-0.5.0-SNAPSHOT.jar:/home/user/.m2/repository/org/xerial/sqlite-jdbc/3.25.2/sqlite-jdbc-3.25.2.jar:/home/user/.m2/repository/org/apache/hadoop/hadoop-ozone-objectstore-service/0.5.0-SNAPSHOT/hadoop-ozone-objectstore-service-0.5.0-SNAPSHOT.jar:/home/user/.m2/repository/com/google/code/findbugs/findbugs/3.0.1/findbugs-3.0.1.jar:/home/user/.m2/repository/net/jcip/jcip-annotations/1.0/jcip-annotations-1.0.jar:/home/user/.m2/repository/com/google/code/findbugs/bcel-findbugs/6.0/bcel-findbugs-6.0.jar:/home/user/.m2/repository/com/google/code/findbugs/jFormatString/2.0.1/jFormatString-2.0.1.jar:/home/user/.m2/repository/dom4j/dom4j/1.6.1/dom4j-1.6.1.jar:/home/user/.m2/repository/xml-apis/xml-apis/1.0.b2/xml-apis-1.0.b2.jar:/home/user/.m2/repository/org/ow2/asm/asm-debug-all/5.0.2/asm-debug-all-5.0.2.jar:/home/user/.m2/repository/org/ow2/asm/asm-commons/5.0.2/asm-commons-5.0.2.jar:/home/user/.m2/repository/org/ow2/asm/asm-tree/5.0.2/asm-tree-5.0.2.jar:/home/user/.m2/repository/org/ow2/asm/asm/5.0.4/asm-5.0.4.jar:/home/user/.m2/repository/commons-lang/commons-lang/2.6/commons-lang-2.6.jar:/home/user/.m2/repository/com/apple/AppleJavaExtensions/1.4/AppleJavaExtensions-1.4.jar:/home/user/.m2/repository/jaxen/jaxen/1.1.6/jaxen-1.1.6.jar:/home/user/.m2/repository/org/apache/hadoop/hadoop-common/3.2.0/hadoop-common-3.2.0-tests.jar:/home/user/.m2/repository/org/apache/hadoop/hadoop-ozone-client/0.5.0-SNAPSHOT/hadoop-ozone-client-0.5.0-SNAPSHOT.jar:/home/user/.m2/repository/org/apache/hadoop/hadoop-hdfs/3.2.0/hadoop-hdfs-3.2.0-tests.jar:/workdir/hadoop-ozone/integration-test/target/test-classes:/home/user/.m2/repository/org/apache/hadoop/hadoop-ozone-s3gateway/0.5.0-SNAPSHOT/hadoop-ozone-s3gateway-0.5.0-SNAPSHOT.jar:/home/user/.m2/repository/org/jboss/weld/servlet/weld-servlet/2.4.7.Final/weld-servlet-2.4.7.Final.jar:/home/user/.m2/repository/org/glassfish/jersey/containers/jersey-container-servlet-core/2.27/jersey-container-servlet-core-2.27.jar:/home/user/.m2/repository/org/glassfish/hk2/external/javax.inject/2.5.0-b42/javax.inject-2.5.0-b42.jar:/home/user/.m2/repository/org/glassfish/jersey/core/jersey-common/2.27/jersey-common-2.27.jar:/home/user/.m2/repository/org/glassfish/hk2/osgi-resource-locator/1.0.1/osgi-resource-locator-1.0.1.jar:/home/user/.m2/repository/javax/ws/rs/javax.ws.rs-api/2.1/javax.ws.rs-api-2.1.jar:/home/user/.m2/repository/org/glassfish/jersey/ext/cdi/jersey-cdi1x/2.27/jersey-cdi1x-2.27.jar:/home/user/.m2/repository/org/glassfish/jersey/inject/jersey-hk2/2.27/jersey-hk2-2.27.jar:/home/user/.m2/repository/org/glassfish/hk2/hk2-locator/2.5.0-b42/hk2-locator-2.5.0-b42.jar:/home/user/.m2/repository/org/javassist/javassist/3.22.0-CR2/javassist-3.22.0-CR2.jar:/home/user/.m2/repository/org/glassfish/hk2/hk2-api/2.5.0/hk2-api-2.5.0.jar:/home/user/.m2/repository/org/glassfish/hk2/external/jakarta.inject/2.5.0/jakarta.inject-2.5.0.jar:/home/user/.m2/repository/org/glassfish/hk2/hk2-utils/2.5.0/hk2-utils-2.5.0.jar:/home/user/.m2/repository/jakarta/annotation/jakarta.annotation-api/1.3.4/jakarta.annotation-api-1.3.4.jar:/home/user/.m2/repository/org/glassfish/hk2/external/aopalliance-repackaged/2.5.0/aopalliance-repackaged-2.5.0.jar:/home/user/.m2/repository/com/fasterxml/jackson/dataformat/jackson-dataformat-xml/2.9.0/jackson-dataformat-xml-2.9.0.jar:/home/user/.m2/repository/com/fasterxml/jackson/module/jackson-module-jaxb-annotations/2.9.5/jackson-module-jaxb-annotations-2.9.5.jar:/home/user/.m2/repository/javax/enterprise/cdi-api/1.2/cdi-api-1.2.jar:/home/user/.m2/repository/javax/el/javax.el-api/3.0.0/javax.el-api-3.0.0.jar:/home/user/.m2/repository/javax/interceptor/javax.interceptor-api/1.2/javax.interceptor-api-1.2.jar:/home/user/.m2/repository/javax/inject/javax.inject/1/javax.inject-1.jar:/home/user/.m2/repository/com/sun/xml/bind/jaxb-core/2.3.0.1/jaxb-core-2.3.0.1.jar:/home/user/.m2/repository/javax/xml/bind/jaxb-api/2.3.0/jaxb-api-2.3.0.jar:/home/user/.m2/repository/javax/activation/activation/1.1.1/activation-1.1.1.jar:/home/user/.m2/repository/org/apache/hadoop/hadoop-ozone-csi/0.5.0-SNAPSHOT/hadoop-ozone-csi-0.5.0-SNAPSHOT.jar:/home/user/.m2/repository/com/google/protobuf/protobuf-java-util/3.5.1/protobuf-java-util-3.5.1.jar:/home/user/.m2/repository/io/grpc/grpc-netty/1.17.1/grpc-netty-1.17.1.jar:/home/user/.m2/repository/io/grpc/grpc-core/1.17.1/grpc-core-1.17.1.jar:/home/user/.m2/repository/io/grpc/grpc-context/1.17.1/grpc-context-1.17.1.jar:/home/user/.m2/repository/com/google/errorprone/error_prone_annotations/2.2.0/error_prone_annotations-2.2.0.jar:/home/user/.m2/repository/org/codehaus/mojo/animal-sniffer-annotations/1.17/animal-sniffer-annotations-1.17.jar:/home/user/.m2/repository/io/opencensus/opencensus-api/0.17.0/opencensus-api-0.17.0.jar:/home/user/.m2/repository/io/opencensus/opencensus-contrib-grpc-metrics/0.17.0/opencensus-contrib-grpc-metrics-0.17.0.jar:/home/user/.m2/repository/io/netty/netty-codec-http2/4.1.30.Final/netty-codec-http2-4.1.30.Final.jar:/home/user/.m2/repository/io/netty/netty-codec-http/4.1.30.Final/netty-codec-http-4.1.30.Final.jar:/home/user/.m2/repository/io/netty/netty-codec/4.1.30.Final/netty-codec-4.1.30.Final.jar:/home/user/.m2/repository/io/netty/netty-handler/4.1.30.Final/netty-handler-4.1.30.Final.jar:/home/user/.m2/repository/io/netty/netty-handler-proxy/4.1.30.Final/netty-handler-proxy-4.1.30.Final.jar:/home/user/.m2/repository/io/netty/netty-codec-socks/4.1.30.Final/netty-codec-socks-4.1.30.Final.jar:/home/user/.m2/repository/io/netty/netty-transport-native-epoll/4.1.30.Final/netty-transport-native-epoll-4.1.30.Final.jar:/home/user/.m2/repository/io/netty/netty-common/4.1.30.Final/netty-common-4.1.30.Final.jar:/home/user/.m2/repository/io/netty/netty-buffer/4.1.30.Final/netty-buffer-4.1.30.Final.jar:/home/user/.m2/repository/io/netty/netty-transport/4.1.30.Final/netty-transport-4.1.30.Final.jar:/home/user/.m2/repository/io/netty/netty-resolver/4.1.30.Final/netty-resolver-4.1.30.Final.jar:/home/user/.m2/repository/io/netty/netty-transport-native-unix-common/4.1.30.Final/netty-transport-native-unix-common-4.1.30.Final.jar:/home/user/.m2/repository/io/grpc/grpc-protobuf/1.17.1/grpc-protobuf-1.17.1.jar:/home/user/.m2/repository/com/google/api/grpc/proto-google-common-protos/1.0.0/proto-google-common-protos-1.0.0.jar:/home/user/.m2/repository/io/grpc/grpc-protobuf-lite/1.17.1/grpc-protobuf-lite-1.17.1.jar:/home/user/.m2/repository/io/grpc/grpc-stub/1.17.1/grpc-stub-1.17.1.jar:/home/user/.m2/repository/org/apache/hadoop/hadoop-ozone-recon/0.5.0-SNAPSHOT/hadoop-ozone-recon-0.5.0-SNAPSHOT.jar:/home/user/.m2/repository/org/apache/hadoop/hadoop-ozone-reconcodegen/0.5.0-SNAPSHOT/hadoop-ozone-reconcodegen-0.5.0-SNAPSHOT.jar:/home/user/.m2/repository/com/google/inject/extensions/guice-multibindings/4.0/guice-multibindings-4.0.jar:/home/user/.m2/repository/com/google/inject/guice/4.0/guice-4.0.jar:/home/user/.m2/repository/aopalliance/aopalliance/1.0/aopalliance-1.0.jar:/home/user/.m2/repository/org/glassfish/jersey/containers/jersey-container-servlet/2.27/jersey-container-servlet-2.27.jar:/home/user/.m2/repository/org/glassfish/hk2/guice-bridge/2.5.0/guice-bridge-2.5.0.jar:/home/user/.m2/repository/org/glassfish/jersey/core/jersey-server/2.27/jersey-server-2.27.jar:/home/user/.m2/repository/org/glassfish/jersey/core/jersey-client/2.27/jersey-client-2.27.jar:/home/user/.m2/repository/org/glassfish/jersey/media/jersey-media-jaxb/2.27/jersey-media-jaxb-2.27.jar:/home/user/.m2/repository/javax/validation/validation-api/1.1.0.Final/validation-api-1.1.0.Final.jar:/home/user/.m2/repository/org/glassfish/jersey/media/jersey-media-json-jackson/2.27/jersey-media-json-jackson-2.27.jar:/home/user/.m2/repository/org/glassfish/jersey/ext/jersey-entity-filtering/2.27/jersey-entity-filtering-2.27.jar:/home/user/.m2/repository/com/google/inject/extensions/guice-assistedinject/4.0/guice-assistedinject-4.0.jar:/home/user/.m2/repository/org/jooq/jooq/3.11.10/jooq-3.11.10.jar:/home/user/.m2/repository/org/jooq/jooq-meta/3.11.10/jooq-meta-3.11.10.jar:/home/user/.m2/repository/org/jooq/jooq-codegen/3.11.10/jooq-codegen-3.11.10.jar:/home/user/.m2/repository/com/jolbox/bonecp/0.8.0.RELEASE/bonecp-0.8.0.RELEASE.jar:/home/user/.m2/repository/org/springframework/spring-jdbc/5.1.3.RELEASE/spring-jdbc-5.1.3.RELEASE.jar:/home/user/.m2/repository/org/springframework/spring-beans/5.1.3.RELEASE/spring-beans-5.1.3.RELEASE.jar:/home/user/.m2/repository/org/springframework/spring-core/5.1.3.RELEASE/spring-core-5.1.3.RELEASE.jar:/home/user/.m2/repository/org/springframework/spring-jcl/5.1.3.RELEASE/spring-jcl-5.1.3.RELEASE.jar:/home/user/.m2/repository/org/springframework/spring-tx/5.1.3.RELEASE/spring-tx-5.1.3.RELEASE.jar:/home/user/.m2/repository/org/mockito/mockito-all/1.10.19/mockito-all-1.10.19.jar:/home/user/.m2/repository/junit/junit/4.11/junit-4.11.jar:/home/user/.m2/repository/org/hamcrest/hamcrest-core/1.3/hamcrest-core-1.3.jar:/home/user/.m2/repository/org/apache/hadoop/hadoop-distcp/3.2.0/hadoop-distcp-3.2.0.jar:/home/user/.m2/repository/org/apache/hadoop/hadoop-distcp/3.2.0/hadoop-distcp-3.2.0-tests.jar:/home/user/.m2/repository/org/apache/hadoop/hadoop-mapreduce-client-jobclient/3.2.0/hadoop-mapreduce-client-jobclient-3.2.0.jar:/home/user/.m2/repository/org/apache/hadoop/hadoop-mapreduce-client-common/3.2.0/hadoop-mapreduce-client-common-3.2.0.jar:/home/user/.m2/repository/org/apache/hadoop/hadoop-yarn-common/3.2.0/hadoop-yarn-common-3.2.0.jar:/home/user/.m2/repository/org/apache/hadoop/hadoop-yarn-api/3.2.0/hadoop-yarn-api-3.2.0.jar:/home/user/.m2/repository/com/sun/jersey/jersey-client/1.19/jersey-client-1.19.jar:/home/user/.m2/repository/com/sun/jersey/contribs/jersey-guice/1.19/jersey-guice-1.19.jar:/home/user/.m2/repository/com/fasterxml/jackson/jaxrs/jackson-jaxrs-json-provider/2.9.5/jackson-jaxrs-json-provider-2.9.5.jar:/home/user/.m2/repository/com/fasterxml/jackson/jaxrs/jackson-jaxrs-base/2.9.5/jackson-jaxrs-base-2.9.5.jar:/home/user/.m2/repository/org/apache/hadoop/hadoop-yarn-client/3.2.0/hadoop-yarn-client-3.2.0.jar:/home/user/.m2/repository/org/apache/hadoop/hadoop-mapreduce-client-core/3.2.0/hadoop-mapreduce-client-core-3.2.0.jar:/home/user/.m2/repository/com/google/inject/extensions/guice-servlet/4.0/guice-servlet-4.0.jar:/home/user/.m2/repository/org/powermock/powermock-module-junit4/1.6.5/powermock-module-junit4-1.6.5.jar:/home/user/.m2/repository/org/powermock/powermock-module-junit4-common/1.6.5/powermock-module-junit4-common-1.6.5.jar:/home/user/.m2/repository/org/powermock/powermock-core/1.6.5/powermock-core-1.6.5.jar:/home/user/.m2/repository/org/powermock/powermock-reflect/1.6.5/powermock-reflect-1.6.5.jar:/home/user/.m2/repository/org/powermock/powermock-api-mockito/1.6.5/powermock-api-mockito-1.6.5.jar:/home/user/.m2/repository/org/mockito/mockito-core/1.10.19/mockito-core-1.10.19.jar:/home/user/.m2/repository/org/objenesis/objenesis/1.0/objenesis-1.0.jar:/home/user/.m2/repository/org/powermock/powermock-api-mockito-common/1.6.5/powermock-api-mockito-common-1.6.5.jar:/home/user/.m2/repository/org/powermock/powermock-api-support/1.6.5/powermock-api-support-1.6.5.jar:"/>
    <property name="java.vm.vendor" value="IcedTea"/>
    <property name="sun.arch.data.model" value="64"/>
    <property name="test.build.dir" value="/workdir/hadoop-ozone/ozonefs/target/test-dir"/>
    <property name="test.cache.data" value=""/>
    <property name="java.vendor.url" value="https://icedtea.classpath.org"/>
    <property name="user.timezone" value=""/>
    <property name="java.vm.specification.version" value="1.8"/>
    <property name="os.name" value="Linux"/>
    <property name="test.build.data" value="/workdir/hadoop-ozone/ozonefs/target/test-dir"/>
    <property name="user.country" value="US"/>
    <property name="sun.java.launcher" value="SUN_STANDARD"/>
    <property name="sun.boot.library.path" value="/usr/lib/jvm/java-1.8-openjdk/jre/lib/amd64"/>
    <property name="sun.java.command" value="/workdir/hadoop-ozone/ozonefs/target/surefire/surefirebooter5959337752934529180.jar /workdir/hadoop-ozone/ozonefs/target/surefire 2019-09-19T11-05-02_939-jvmRun1 surefire7927622180166516773tmp surefire_1147536901937864564157tmp"/>
    <property name="test" value="!TestMiniChaosOzoneCluster"/>
    <property name="surefire.test.class.path" value="/workdir/hadoop-ozone/ozonefs/target/test-classes:/workdir/hadoop-ozone/ozonefs/target/classes:/home/user/.m2/repository/org/apache/hadoop/hadoop-common/3.2.0/hadoop-common-3.2.0.jar:/home/user/.m2/repository/org/apache/hadoop/hadoop-annotations/3.2.0/hadoop-annotations-3.2.0.jar:/usr/lib/jvm/java-1.8-openjdk/jre/../lib/tools.jar:/home/user/.m2/repository/com/google/guava/guava/11.0.2/guava-11.0.2.jar:/home/user/.m2/repository/commons-cli/commons-cli/1.2/commons-cli-1.2.jar:/home/user/.m2/repository/org/apache/commons/commons-math3/3.1.1/commons-math3-3.1.1.jar:/home/user/.m2/repository/org/apache/httpcomponents/httpclient/4.5.2/httpclient-4.5.2.jar:/home/user/.m2/repository/org/apache/httpcomponents/httpcore/4.4.4/httpcore-4.4.4.jar:/home/user/.m2/repository/commons-codec/commons-codec/1.11/commons-codec-1.11.jar:/home/user/.m2/repository/commons-io/commons-io/2.5/commons-io-2.5.jar:/home/user/.m2/repository/commons-net/commons-net/3.6/commons-net-3.6.jar:/home/user/.m2/repository/commons-collections/commons-collections/3.2.2/commons-collections-3.2.2.jar:/home/user/.m2/repository/javax/servlet/javax.servlet-api/3.1.0/javax.servlet-api-3.1.0.jar:/home/user/.m2/repository/org/eclipse/jetty/jetty-server/9.3.24.v20180605/jetty-server-9.3.24.v20180605.jar:/home/user/.m2/repository/org/eclipse/jetty/jetty-http/9.3.24.v20180605/jetty-http-9.3.24.v20180605.jar:/home/user/.m2/repository/org/eclipse/jetty/jetty-io/9.3.24.v20180605/jetty-io-9.3.24.v20180605.jar:/home/user/.m2/repository/org/eclipse/jetty/jetty-util/9.3.24.v20180605/jetty-util-9.3.24.v20180605.jar:/home/user/.m2/repository/org/eclipse/jetty/jetty-servlet/9.3.24.v20180605/jetty-servlet-9.3.24.v20180605.jar:/home/user/.m2/repository/org/eclipse/jetty/jetty-security/9.3.24.v20180605/jetty-security-9.3.24.v20180605.jar:/home/user/.m2/repository/org/eclipse/jetty/jetty-webapp/9.3.24.v20180605/jetty-webapp-9.3.24.v20180605.jar:/home/user/.m2/repository/org/eclipse/jetty/jetty-xml/9.3.24.v20180605/jetty-xml-9.3.24.v20180605.jar:/home/user/.m2/repository/javax/servlet/jsp/jsp-api/2.1/jsp-api-2.1.jar:/home/user/.m2/repository/com/sun/jersey/jersey-core/1.19/jersey-core-1.19.jar:/home/user/.m2/repository/javax/ws/rs/jsr311-api/1.1.1/jsr311-api-1.1.1.jar:/home/user/.m2/repository/com/sun/jersey/jersey-servlet/1.19/jersey-servlet-1.19.jar:/home/user/.m2/repository/com/sun/jersey/jersey-json/1.19/jersey-json-1.19.jar:/home/user/.m2/repository/org/codehaus/jettison/jettison/1.1/jettison-1.1.jar:/home/user/.m2/repository/com/sun/xml/bind/jaxb-impl/2.3.0.1/jaxb-impl-2.3.0.1.jar:/home/user/.m2/repository/org/codehaus/jackson/jackson-core-asl/1.9.13/jackson-core-asl-1.9.13.jar:/home/user/.m2/repository/org/codehaus/jackson/jackson-mapper-asl/1.9.13/jackson-mapper-asl-1.9.13.jar:/home/user/.m2/repository/org/codehaus/jackson/jackson-jaxrs/1.9.13/jackson-jaxrs-1.9.13.jar:/home/user/.m2/repository/org/codehaus/jackson/jackson-xc/1.9.13/jackson-xc-1.9.13.jar:/home/user/.m2/repository/com/sun/jersey/jersey-server/1.19/jersey-server-1.19.jar:/home/user/.m2/repository/commons-logging/commons-logging/1.1.3/commons-logging-1.1.3.jar:/home/user/.m2/repository/log4j/log4j/1.2.17/log4j-1.2.17.jar:/home/user/.m2/repository/commons-beanutils/commons-beanutils/1.9.3/commons-beanutils-1.9.3.jar:/home/user/.m2/repository/org/apache/commons/commons-configuration2/2.1.1/commons-configuration2-2.1.1.jar:/home/user/.m2/repository/org/apache/commons/commons-lang3/3.7/commons-lang3-3.7.jar:/home/user/.m2/repository/org/apache/commons/commons-text/1.4/commons-text-1.4.jar:/home/user/.m2/repository/org/slf4j/slf4j-api/1.7.25/slf4j-api-1.7.25.jar:/home/user/.m2/repository/org/slf4j/slf4j-log4j12/1.7.25/slf4j-log4j12-1.7.25.jar:/home/user/.m2/repository/org/apache/avro/avro/1.7.7/avro-1.7.7.jar:/home/user/.m2/repository/com/thoughtworks/paranamer/paranamer/2.3/paranamer-2.3.jar:/home/user/.m2/repository/org/xerial/snappy/snappy-java/1.0.5/snappy-java-1.0.5.jar:/home/user/.m2/repository/com/google/re2j/re2j/1.1/re2j-1.1.jar:/home/user/.m2/repository/com/google/protobuf/protobuf-java/2.5.0/protobuf-java-2.5.0.jar:/home/user/.m2/repository/com/google/code/gson/gson/2.2.4/gson-2.2.4.jar:/home/user/.m2/repository/org/apache/hadoop/hadoop-auth/3.2.0/hadoop-auth-3.2.0.jar:/home/user/.m2/repository/com/nimbusds/nimbus-jose-jwt/4.41.1/nimbus-jose-jwt-4.41.1.jar:/home/user/.m2/repository/com/github/stephenc/jcip/jcip-annotations/1.0-1/jcip-annotations-1.0-1.jar:/home/user/.m2/repository/net/minidev/json-smart/2.3/json-smart-2.3.jar:/home/user/.m2/repository/net/minidev/accessors-smart/1.2/accessors-smart-1.2.jar:/home/user/.m2/repository/org/apache/curator/curator-framework/2.12.0/curator-framework-2.12.0.jar:/home/user/.m2/repository/com/jcraft/jsch/0.1.54/jsch-0.1.54.jar:/home/user/.m2/repository/org/apache/curator/curator-client/2.12.0/curator-client-2.12.0.jar:/home/user/.m2/repository/org/apache/curator/curator-recipes/2.12.0/curator-recipes-2.12.0.jar:/home/user/.m2/repository/com/google/code/findbugs/jsr305/3.0.0/jsr305-3.0.0.jar:/home/user/.m2/repository/org/apache/htrace/htrace-core4/4.1.0-incubating/htrace-core4-4.1.0-incubating.jar:/home/user/.m2/repository/org/apache/zookeeper/zookeeper/3.4.13/zookeeper-3.4.13.jar:/home/user/.m2/repository/org/apache/yetus/audience-annotations/0.5.0/audience-annotations-0.5.0.jar:/home/user/.m2/repository/org/apache/commons/commons-compress/1.4.1/commons-compress-1.4.1.jar:/home/user/.m2/repository/org/tukaani/xz/1.0/xz-1.0.jar:/home/user/.m2/repository/org/apache/kerby/kerb-simplekdc/1.0.1/kerb-simplekdc-1.0.1.jar:/home/user/.m2/repository/org/apache/kerby/kerb-client/1.0.1/kerb-client-1.0.1.jar:/home/user/.m2/repository/org/apache/kerby/kerby-config/1.0.1/kerby-config-1.0.1.jar:/home/user/.m2/repository/org/apache/kerby/kerb-core/1.0.1/kerb-core-1.0.1.jar:/home/user/.m2/repository/org/apache/kerby/kerby-pkix/1.0.1/kerby-pkix-1.0.1.jar:/home/user/.m2/repository/org/apache/kerby/kerby-asn1/1.0.1/kerby-asn1-1.0.1.jar:/home/user/.m2/repository/org/apache/kerby/kerby-util/1.0.1/kerby-util-1.0.1.jar:/home/user/.m2/repository/org/apache/kerby/kerb-common/1.0.1/kerb-common-1.0.1.jar:/home/user/.m2/repository/org/apache/kerby/kerb-crypto/1.0.1/kerb-crypto-1.0.1.jar:/home/user/.m2/repository/org/apache/kerby/kerb-util/1.0.1/kerb-util-1.0.1.jar:/home/user/.m2/repository/org/apache/kerby/token-provider/1.0.1/token-provider-1.0.1.jar:/home/user/.m2/repository/org/apache/kerby/kerb-admin/1.0.1/kerb-admin-1.0.1.jar:/home/user/.m2/repository/org/apache/kerby/kerb-server/1.0.1/kerb-server-1.0.1.jar:/home/user/.m2/repository/org/apache/kerby/kerb-identity/1.0.1/kerb-identity-1.0.1.jar:/home/user/.m2/repository/org/apache/kerby/kerby-xdr/1.0.1/kerby-xdr-1.0.1.jar:/home/user/.m2/repository/com/fasterxml/jackson/core/jackson-databind/2.9.5/jackson-databind-2.9.5.jar:/home/user/.m2/repository/com/fasterxml/jackson/core/jackson-annotations/2.9.5/jackson-annotations-2.9.5.jar:/home/user/.m2/repository/com/fasterxml/jackson/core/jackson-core/2.9.5/jackson-core-2.9.5.jar:/home/user/.m2/repository/org/codehaus/woodstox/stax2-api/3.1.4/stax2-api-3.1.4.jar:/home/user/.m2/repository/com/fasterxml/woodstox/woodstox-core/5.0.3/woodstox-core-5.0.3.jar:/home/user/.m2/repository/dnsjava/dnsjava/2.1.7/dnsjava-2.1.7.jar:/home/user/.m2/repository/org/apache/hadoop/hadoop-hdfs/3.2.0/hadoop-hdfs-3.2.0.jar:/home/user/.m2/repository/org/eclipse/jetty/jetty-util-ajax/9.3.24.v20180605/jetty-util-ajax-9.3.24.v20180605.jar:/home/user/.m2/repository/commons-daemon/commons-daemon/1.0.13/commons-daemon-1.0.13.jar:/home/user/.m2/repository/io/netty/netty/3.10.5.Final/netty-3.10.5.Final.jar:/home/user/.m2/repository/io/netty/netty-all/4.0.52.Final/netty-all-4.0.52.Final.jar:/home/user/.m2/repository/org/fusesource/leveldbjni/leveldbjni-all/1.8/leveldbjni-all-1.8.jar:/home/user/.m2/repository/org/apache/hadoop/hadoop-hdds-common/0.5.0-SNAPSHOT/hadoop-hdds-common-0.5.0-SNAPSHOT.jar:/home/user/.m2/repository/org/apache/hadoop/hadoop-hdds-config/0.5.0-SNAPSHOT/hadoop-hdds-config-0.5.0-SNAPSHOT.jar:/home/user/.m2/repository/javax/annotation/javax.annotation-api/1.2/javax.annotation-api-1.2.jar:/home/user/.m2/repository/org/apache/ratis/ratis-server/0.4.0-2337318-SNAPSHOT/ratis-server-0.4.0-2337318-SNAPSHOT.jar:/home/user/.m2/repository/org/apache/ratis/ratis-thirdparty-misc/0.2.0/ratis-thirdparty-misc-0.2.0.jar:/home/user/.m2/repository/org/apache/ratis/ratis-proto/0.4.0-2337318-SNAPSHOT/ratis-proto-0.4.0-2337318-SNAPSHOT.jar:/home/user/.m2/repository/org/apache/ratis/ratis-common/0.4.0-2337318-SNAPSHOT/ratis-common-0.4.0-2337318-SNAPSHOT.jar:/home/user/.m2/repository/org/apache/ratis/ratis-client/0.4.0-2337318-SNAPSHOT/ratis-client-0.4.0-2337318-SNAPSHOT.jar:/home/user/.m2/repository/org/apache/ratis/ratis-metrics/0.4.0-2337318-SNAPSHOT/ratis-metrics-0.4.0-2337318-SNAPSHOT.jar:/home/user/.m2/repository/org/apache/ratis/ratis-netty/0.4.0-2337318-SNAPSHOT/ratis-netty-0.4.0-2337318-SNAPSHOT.jar:/home/user/.m2/repository/org/apache/ratis/ratis-grpc/0.4.0-2337318-SNAPSHOT/ratis-grpc-0.4.0-2337318-SNAPSHOT.jar:/home/user/.m2/repository/org/rocksdb/rocksdbjni/6.0.1/rocksdbjni-6.0.1.jar:/home/user/.m2/repository/org/apache/logging/log4j/log4j-api/2.11.0/log4j-api-2.11.0.jar:/home/user/.m2/repository/org/apache/logging/log4j/log4j-core/2.11.0/log4j-core-2.11.0.jar:/home/user/.m2/repository/com/lmax/disruptor/3.4.2/disruptor-3.4.2.jar:/home/user/.m2/repository/org/apache/commons/commons-pool2/2.6.0/commons-pool2-2.6.0.jar:/home/user/.m2/repository/org/bouncycastle/bcpkix-jdk15on/1.60/bcpkix-jdk15on-1.60.jar:/home/user/.m2/repository/commons-validator/commons-validator/1.6/commons-validator-1.6.jar:/home/user/.m2/repository/commons-digester/commons-digester/1.8.1/commons-digester-1.8.1.jar:/home/user/.m2/repository/io/jaegertracing/jaeger-client/0.33.1/jaeger-client-0.33.1.jar:/home/user/.m2/repository/io/jaegertracing/jaeger-thrift/0.33.1/jaeger-thrift-0.33.1.jar:/home/user/.m2/repository/org/apache/thrift/libthrift/0.11.0/libthrift-0.11.0.jar:/home/user/.m2/repository/com/squareup/okhttp3/okhttp/3.9.0/okhttp-3.9.0.jar:/home/user/.m2/repository/com/squareup/okio/okio/1.13.0/okio-1.13.0.jar:/home/user/.m2/repository/io/jaegertracing/jaeger-core/0.33.1/jaeger-core-0.33.1.jar:/home/user/.m2/repository/io/jaegertracing/jaeger-tracerresolver/0.33.1/jaeger-tracerresolver-0.33.1.jar:/home/user/.m2/repository/io/opentracing/contrib/opentracing-tracerresolver/0.1.5/opentracing-tracerresolver-0.1.5.jar:/home/user/.m2/repository/io/opentracing/opentracing-util/0.31.0/opentracing-util-0.31.0.jar:/home/user/.m2/repository/io/opentracing/opentracing-api/0.31.0/opentracing-api-0.31.0.jar:/home/user/.m2/repository/io/opentracing/opentracing-noop/0.31.0/opentracing-noop-0.31.0.jar:/home/user/.m2/repository/org/yaml/snakeyaml/1.16/snakeyaml-1.16.jar:/home/user/.m2/repository/org/apache/hadoop/hadoop-hdfs-client/3.2.0/hadoop-hdfs-client-3.2.0.jar:/home/user/.m2/repository/info/picocli/picocli/3.9.6/picocli-3.9.6.jar:/home/user/.m2/repository/org/apache/hadoop/hadoop-hdds-server-scm/0.5.0-SNAPSHOT/hadoop-hdds-server-scm-0.5.0-SNAPSHOT.jar:/home/user/.m2/repository/org/apache/hadoop/hadoop-hdds-docs/0.5.0-SNAPSHOT/hadoop-hdds-docs-0.5.0-SNAPSHOT.jar:/home/user/.m2/repository/io/dropwizard/metrics/metrics-core/3.2.4/metrics-core-3.2.4.jar:/home/user/.m2/repository/org/hamcrest/hamcrest-all/1.3/hamcrest-all-1.3.jar:/home/user/.m2/repository/org/bouncycastle/bcprov-jdk15on/1.60/bcprov-jdk15on-1.60.jar:/home/user/.m2/repository/org/apache/hadoop/hadoop-hdds-server-framework/0.5.0-SNAPSHOT/hadoop-hdds-server-framework-0.5.0-SNAPSHOT.jar:/home/user/.m2/repository/org/apache/hadoop/hadoop-ozone-ozone-manager/0.5.0-SNAPSHOT/hadoop-ozone-ozone-manager-0.5.0-SNAPSHOT.jar:/home/user/.m2/repository/org/apache/hadoop/hadoop-hdds-container-service/0.5.0-SNAPSHOT/hadoop-hdds-container-service-0.5.0-SNAPSHOT.jar:/home/user/.m2/repository/org/apache/hadoop/hadoop-hdds-client/0.5.0-SNAPSHOT/hadoop-hdds-client-0.5.0-SNAPSHOT.jar:/home/user/.m2/repository/org/apache/hadoop/hadoop-ozone-common/0.5.0-SNAPSHOT/hadoop-ozone-common-0.5.0-SNAPSHOT.jar:/home/user/.m2/repository/org/apache/hadoop/hadoop-hdds-tools/0.5.0-SNAPSHOT/hadoop-hdds-tools-0.5.0-SNAPSHOT.jar:/home/user/.m2/repository/org/xerial/sqlite-jdbc/3.25.2/sqlite-jdbc-3.25.2.jar:/home/user/.m2/repository/org/apache/hadoop/hadoop-ozone-objectstore-service/0.5.0-SNAPSHOT/hadoop-ozone-objectstore-service-0.5.0-SNAPSHOT.jar:/home/user/.m2/repository/com/google/code/findbugs/findbugs/3.0.1/findbugs-3.0.1.jar:/home/user/.m2/repository/net/jcip/jcip-annotations/1.0/jcip-annotations-1.0.jar:/home/user/.m2/repository/com/google/code/findbugs/bcel-findbugs/6.0/bcel-findbugs-6.0.jar:/home/user/.m2/repository/com/google/code/findbugs/jFormatString/2.0.1/jFormatString-2.0.1.jar:/home/user/.m2/repository/dom4j/dom4j/1.6.1/dom4j-1.6.1.jar:/home/user/.m2/repository/xml-apis/xml-apis/1.0.b2/xml-apis-1.0.b2.jar:/home/user/.m2/repository/org/ow2/asm/asm-debug-all/5.0.2/asm-debug-all-5.0.2.jar:/home/user/.m2/repository/org/ow2/asm/asm-commons/5.0.2/asm-commons-5.0.2.jar:/home/user/.m2/repository/org/ow2/asm/asm-tree/5.0.2/asm-tree-5.0.2.jar:/home/user/.m2/repository/org/ow2/asm/asm/5.0.4/asm-5.0.4.jar:/home/user/.m2/repository/commons-lang/commons-lang/2.6/commons-lang-2.6.jar:/home/user/.m2/repository/com/apple/AppleJavaExtensions/1.4/AppleJavaExtensions-1.4.jar:/home/user/.m2/repository/jaxen/jaxen/1.1.6/jaxen-1.1.6.jar:/home/user/.m2/repository/org/apache/hadoop/hadoop-common/3.2.0/hadoop-common-3.2.0-tests.jar:/home/user/.m2/repository/org/apache/hadoop/hadoop-ozone-client/0.5.0-SNAPSHOT/hadoop-ozone-client-0.5.0-SNAPSHOT.jar:/home/user/.m2/repository/org/apache/hadoop/hadoop-hdfs/3.2.0/hadoop-hdfs-3.2.0-tests.jar:/workdir/hadoop-ozone/integration-test/target/test-classes:/home/user/.m2/repository/org/apache/hadoop/hadoop-ozone-s3gateway/0.5.0-SNAPSHOT/hadoop-ozone-s3gateway-0.5.0-SNAPSHOT.jar:/home/user/.m2/repository/org/jboss/weld/servlet/weld-servlet/2.4.7.Final/weld-servlet-2.4.7.Final.jar:/home/user/.m2/repository/org/glassfish/jersey/containers/jersey-container-servlet-core/2.27/jersey-container-servlet-core-2.27.jar:/home/user/.m2/repository/org/glassfish/hk2/external/javax.inject/2.5.0-b42/javax.inject-2.5.0-b42.jar:/home/user/.m2/repository/org/glassfish/jersey/core/jersey-common/2.27/jersey-common-2.27.jar:/home/user/.m2/repository/org/glassfish/hk2/osgi-resource-locator/1.0.1/osgi-resource-locator-1.0.1.jar:/home/user/.m2/repository/javax/ws/rs/javax.ws.rs-api/2.1/javax.ws.rs-api-2.1.jar:/home/user/.m2/repository/org/glassfish/jersey/ext/cdi/jersey-cdi1x/2.27/jersey-cdi1x-2.27.jar:/home/user/.m2/repository/org/glassfish/jersey/inject/jersey-hk2/2.27/jersey-hk2-2.27.jar:/home/user/.m2/repository/org/glassfish/hk2/hk2-locator/2.5.0-b42/hk2-locator-2.5.0-b42.jar:/home/user/.m2/repository/org/javassist/javassist/3.22.0-CR2/javassist-3.22.0-CR2.jar:/home/user/.m2/repository/org/glassfish/hk2/hk2-api/2.5.0/hk2-api-2.5.0.jar:/home/user/.m2/repository/org/glassfish/hk2/external/jakarta.inject/2.5.0/jakarta.inject-2.5.0.jar:/home/user/.m2/repository/org/glassfish/hk2/hk2-utils/2.5.0/hk2-utils-2.5.0.jar:/home/user/.m2/repository/jakarta/annotation/jakarta.annotation-api/1.3.4/jakarta.annotation-api-1.3.4.jar:/home/user/.m2/repository/org/glassfish/hk2/external/aopalliance-repackaged/2.5.0/aopalliance-repackaged-2.5.0.jar:/home/user/.m2/repository/com/fasterxml/jackson/dataformat/jackson-dataformat-xml/2.9.0/jackson-dataformat-xml-2.9.0.jar:/home/user/.m2/repository/com/fasterxml/jackson/module/jackson-module-jaxb-annotations/2.9.5/jackson-module-jaxb-annotations-2.9.5.jar:/home/user/.m2/repository/javax/enterprise/cdi-api/1.2/cdi-api-1.2.jar:/home/user/.m2/repository/javax/el/javax.el-api/3.0.0/javax.el-api-3.0.0.jar:/home/user/.m2/repository/javax/interceptor/javax.interceptor-api/1.2/javax.interceptor-api-1.2.jar:/home/user/.m2/repository/javax/inject/javax.inject/1/javax.inject-1.jar:/home/user/.m2/repository/com/sun/xml/bind/jaxb-core/2.3.0.1/jaxb-core-2.3.0.1.jar:/home/user/.m2/repository/javax/xml/bind/jaxb-api/2.3.0/jaxb-api-2.3.0.jar:/home/user/.m2/repository/javax/activation/activation/1.1.1/activation-1.1.1.jar:/home/user/.m2/repository/org/apache/hadoop/hadoop-ozone-csi/0.5.0-SNAPSHOT/hadoop-ozone-csi-0.5.0-SNAPSHOT.jar:/home/user/.m2/repository/com/google/protobuf/protobuf-java-util/3.5.1/protobuf-java-util-3.5.1.jar:/home/user/.m2/repository/io/grpc/grpc-netty/1.17.1/grpc-netty-1.17.1.jar:/home/user/.m2/repository/io/grpc/grpc-core/1.17.1/grpc-core-1.17.1.jar:/home/user/.m2/repository/io/grpc/grpc-context/1.17.1/grpc-context-1.17.1.jar:/home/user/.m2/repository/com/google/errorprone/error_prone_annotations/2.2.0/error_prone_annotations-2.2.0.jar:/home/user/.m2/repository/org/codehaus/mojo/animal-sniffer-annotations/1.17/animal-sniffer-annotations-1.17.jar:/home/user/.m2/repository/io/opencensus/opencensus-api/0.17.0/opencensus-api-0.17.0.jar:/home/user/.m2/repository/io/opencensus/opencensus-contrib-grpc-metrics/0.17.0/opencensus-contrib-grpc-metrics-0.17.0.jar:/home/user/.m2/repository/io/netty/netty-codec-http2/4.1.30.Final/netty-codec-http2-4.1.30.Final.jar:/home/user/.m2/repository/io/netty/netty-codec-http/4.1.30.Final/netty-codec-http-4.1.30.Final.jar:/home/user/.m2/repository/io/netty/netty-codec/4.1.30.Final/netty-codec-4.1.30.Final.jar:/home/user/.m2/repository/io/netty/netty-handler/4.1.30.Final/netty-handler-4.1.30.Final.jar:/home/user/.m2/repository/io/netty/netty-handler-proxy/4.1.30.Final/netty-handler-proxy-4.1.30.Final.jar:/home/user/.m2/repository/io/netty/netty-codec-socks/4.1.30.Final/netty-codec-socks-4.1.30.Final.jar:/home/user/.m2/repository/io/netty/netty-transport-native-epoll/4.1.30.Final/netty-transport-native-epoll-4.1.30.Final.jar:/home/user/.m2/repository/io/netty/netty-common/4.1.30.Final/netty-common-4.1.30.Final.jar:/home/user/.m2/repository/io/netty/netty-buffer/4.1.30.Final/netty-buffer-4.1.30.Final.jar:/home/user/.m2/repository/io/netty/netty-transport/4.1.30.Final/netty-transport-4.1.30.Final.jar:/home/user/.m2/repository/io/netty/netty-resolver/4.1.30.Final/netty-resolver-4.1.30.Final.jar:/home/user/.m2/repository/io/netty/netty-transport-native-unix-common/4.1.30.Final/netty-transport-native-unix-common-4.1.30.Final.jar:/home/user/.m2/repository/io/grpc/grpc-protobuf/1.17.1/grpc-protobuf-1.17.1.jar:/home/user/.m2/repository/com/google/api/grpc/proto-google-common-protos/1.0.0/proto-google-common-protos-1.0.0.jar:/home/user/.m2/repository/io/grpc/grpc-protobuf-lite/1.17.1/grpc-protobuf-lite-1.17.1.jar:/home/user/.m2/repository/io/grpc/grpc-stub/1.17.1/grpc-stub-1.17.1.jar:/home/user/.m2/repository/org/apache/hadoop/hadoop-ozone-recon/0.5.0-SNAPSHOT/hadoop-ozone-recon-0.5.0-SNAPSHOT.jar:/home/user/.m2/repository/org/apache/hadoop/hadoop-ozone-reconcodegen/0.5.0-SNAPSHOT/hadoop-ozone-reconcodegen-0.5.0-SNAPSHOT.jar:/home/user/.m2/repository/com/google/inject/extensions/guice-multibindings/4.0/guice-multibindings-4.0.jar:/home/user/.m2/repository/com/google/inject/guice/4.0/guice-4.0.jar:/home/user/.m2/repository/aopalliance/aopalliance/1.0/aopalliance-1.0.jar:/home/user/.m2/repository/org/glassfish/jersey/containers/jersey-container-servlet/2.27/jersey-container-servlet-2.27.jar:/home/user/.m2/repository/org/glassfish/hk2/guice-bridge/2.5.0/guice-bridge-2.5.0.jar:/home/user/.m2/repository/org/glassfish/jersey/core/jersey-server/2.27/jersey-server-2.27.jar:/home/user/.m2/repository/org/glassfish/jersey/core/jersey-client/2.27/jersey-client-2.27.jar:/home/user/.m2/repository/org/glassfish/jersey/media/jersey-media-jaxb/2.27/jersey-media-jaxb-2.27.jar:/home/user/.m2/repository/javax/validation/validation-api/1.1.0.Final/validation-api-1.1.0.Final.jar:/home/user/.m2/repository/org/glassfish/jersey/media/jersey-media-json-jackson/2.27/jersey-media-json-jackson-2.27.jar:/home/user/.m2/repository/org/glassfish/jersey/ext/jersey-entity-filtering/2.27/jersey-entity-filtering-2.27.jar:/home/user/.m2/repository/com/google/inject/extensions/guice-assistedinject/4.0/guice-assistedinject-4.0.jar:/home/user/.m2/repository/org/jooq/jooq/3.11.10/jooq-3.11.10.jar:/home/user/.m2/repository/org/jooq/jooq-meta/3.11.10/jooq-meta-3.11.10.jar:/home/user/.m2/repository/org/jooq/jooq-codegen/3.11.10/jooq-codegen-3.11.10.jar:/home/user/.m2/repository/com/jolbox/bonecp/0.8.0.RELEASE/bonecp-0.8.0.RELEASE.jar:/home/user/.m2/repository/org/springframework/spring-jdbc/5.1.3.RELEASE/spring-jdbc-5.1.3.RELEASE.jar:/home/user/.m2/repository/org/springframework/spring-beans/5.1.3.RELEASE/spring-beans-5.1.3.RELEASE.jar:/home/user/.m2/repository/org/springframework/spring-core/5.1.3.RELEASE/spring-core-5.1.3.RELEASE.jar:/home/user/.m2/repository/org/springframework/spring-jcl/5.1.3.RELEASE/spring-jcl-5.1.3.RELEASE.jar:/home/user/.m2/repository/org/springframework/spring-tx/5.1.3.RELEASE/spring-tx-5.1.3.RELEASE.jar:/home/user/.m2/repository/org/mockito/mockito-all/1.10.19/mockito-all-1.10.19.jar:/home/user/.m2/repository/junit/junit/4.11/junit-4.11.jar:/home/user/.m2/repository/org/hamcrest/hamcrest-core/1.3/hamcrest-core-1.3.jar:/home/user/.m2/repository/org/apache/hadoop/hadoop-distcp/3.2.0/hadoop-distcp-3.2.0.jar:/home/user/.m2/repository/org/apache/hadoop/hadoop-distcp/3.2.0/hadoop-distcp-3.2.0-tests.jar:/home/user/.m2/repository/org/apache/hadoop/hadoop-mapreduce-client-jobclient/3.2.0/hadoop-mapreduce-client-jobclient-3.2.0.jar:/home/user/.m2/repository/org/apache/hadoop/hadoop-mapreduce-client-common/3.2.0/hadoop-mapreduce-client-common-3.2.0.jar:/home/user/.m2/repository/org/apache/hadoop/hadoop-yarn-common/3.2.0/hadoop-yarn-common-3.2.0.jar:/home/user/.m2/repository/org/apache/hadoop/hadoop-yarn-api/3.2.0/hadoop-yarn-api-3.2.0.jar:/home/user/.m2/repository/com/sun/jersey/jersey-client/1.19/jersey-client-1.19.jar:/home/user/.m2/repository/com/sun/jersey/contribs/jersey-guice/1.19/jersey-guice-1.19.jar:/home/user/.m2/repository/com/fasterxml/jackson/jaxrs/jackson-jaxrs-json-provider/2.9.5/jackson-jaxrs-json-provider-2.9.5.jar:/home/user/.m2/repository/com/fasterxml/jackson/jaxrs/jackson-jaxrs-base/2.9.5/jackson-jaxrs-base-2.9.5.jar:/home/user/.m2/repository/org/apache/hadoop/hadoop-yarn-client/3.2.0/hadoop-yarn-client-3.2.0.jar:/home/user/.m2/repository/org/apache/hadoop/hadoop-mapreduce-client-core/3.2.0/hadoop-mapreduce-client-core-3.2.0.jar:/home/user/.m2/repository/com/google/inject/extensions/guice-servlet/4.0/guice-servlet-4.0.jar:/home/user/.m2/repository/org/powermock/powermock-module-junit4/1.6.5/powermock-module-junit4-1.6.5.jar:/home/user/.m2/repository/org/powermock/powermock-module-junit4-common/1.6.5/powermock-module-junit4-common-1.6.5.jar:/home/user/.m2/repository/org/powermock/powermock-core/1.6.5/powermock-core-1.6.5.jar:/home/user/.m2/repository/org/powermock/powermock-reflect/1.6.5/powermock-reflect-1.6.5.jar:/home/user/.m2/repository/org/powermock/powermock-api-mockito/1.6.5/powermock-api-mockito-1.6.5.jar:/home/user/.m2/repository/org/mockito/mockito-core/1.10.19/mockito-core-1.10.19.jar:/home/user/.m2/repository/org/objenesis/objenesis/1.0/objenesis-1.0.jar:/home/user/.m2/repository/org/powermock/powermock-api-mockito-common/1.6.5/powermock-api-mockito-common-1.6.5.jar:/home/user/.m2/repository/org/powermock/powermock-api-support/1.6.5/powermock-api-support-1.6.5.jar:"/>
    <property name="sun.cpu.endian" value="little"/>
    <property name="user.home" value="/home/user"/>
    <property name="user.language" value="en"/>
    <property name="java.specification.vendor" value="Oracle Corporation"/>
    <property name="java.home" value="/usr/lib/jvm/java-1.8-openjdk/jre"/>
    <property name="java.security.krb5.conf" value="/workdir/hadoop-ozone/ozonefs/target/test-classes/krb5.conf"/>
    <property name="basedir" value="/workdir/hadoop-ozone/ozonefs"/>
    <property name="file.separator" value="/"/>
    <property name="line.separator" value="&#10;"/>
    <property name="java.vm.specification.vendor" value="Oracle Corporation"/>
    <property name="java.specification.name" value="Java Platform API Specification"/>
    <property name="java.awt.graphicsenv" value="sun.awt.X11GraphicsEnvironment"/>
    <property name="surefire.real.class.path" value="/workdir/hadoop-ozone/ozonefs/target/surefire/surefirebooter5959337752934529180.jar"/>
    <property name="hadoop.log.dir" value="/workdir/hadoop-ozone/ozonefs/target/log"/>
    <property name="sun.boot.class.path" value="/usr/lib/jvm/java-1.8-openjdk/jre/lib/resources.jar:/usr/lib/jvm/java-1.8-openjdk/jre/lib/rt.jar:/usr/lib/jvm/java-1.8-openjdk/jre/lib/sunrsasign.jar:/usr/lib/jvm/java-1.8-openjdk/jre/lib/jsse.jar:/usr/lib/jvm/java-1.8-openjdk/jre/lib/jce.jar:/usr/lib/jvm/java-1.8-openjdk/jre/lib/charsets.jar:/usr/lib/jvm/java-1.8-openjdk/jre/lib/jfr.jar:/usr/lib/jvm/java-1.8-openjdk/jre/classes"/>
    <property name="sun.management.compiler" value="HotSpot 64-Bit Tiered Compilers"/>
    <property name="java.runtime.version" value="1.8.0_212-b04"/>
    <property name="java.net.preferIPv4Stack" value="true"/>
    <property name="user.name" value="jenkins1000"/>
    <property name="path.separator" value=":"/>
    <property name="java.security.egd" value="file:///dev/urandom"/>
    <property name="os.version" value="3.10.0-957.12.2.el7.x86_64"/>
    <property name="java.endorsed.dirs" value="/usr/lib/jvm/java-1.8-openjdk/jre/lib/endorsed"/>
    <property name="java.runtime.name" value="OpenJDK Runtime Environment"/>
    <property name="file.encoding" value="UTF-8"/>
    <property name="java.vm.name" value="OpenJDK 64-Bit Server VM"/>
    <property name="test.build.webapps" value=""/>
    <property name="localRepository" value="/home/user/.m2/repository"/>
    <property name="java.vendor.url.bug" value="https://icedtea.classpath.org/bugzilla"/>
    <property name="java.io.tmpdir" value="/tmp"/>
    <property name="require.test.libhadoop" value=""/>
    <property name="java.version" value="1.8.0_212"/>
    <property name="user.dir" value="/workdir/hadoop-ozone/ozonefs"/>
    <property name="os.arch" value="amd64"/>
    <property name="java.vm.specification.name" value="Java Virtual Machine Specification"/>
    <property name="test.build.classes" value="/workdir/hadoop-ozone/ozonefs/target/test-classes"/>
    <property name="java.awt.printerjob" value="sun.print.PSPrinterJob"/>
    <property name="sun.os.patch.level" value="unknown"/>
    <property name="hadoop.tmp.dir" value="/workdir/hadoop-ozone/ozonefs/target/tmp"/>
    <property name="java.library.path" value="/usr/lib/jvm/java-1.8-openjdk/jre/lib/amd64/server:/usr/lib/jvm/java-1.8-openjdk/jre/lib/amd64:/usr/lib/jvm/java-1.8-openjdk/jre/../lib/amd64:/workdir/hadoop-ozone/ozonefs/target/native/target/usr/local/lib:/workdir/hadoop-ozone/ozonefs/../../hadoop-common-project/hadoop-common/target/native/target/usr/local/lib:/usr/java/packages/lib/amd64:/usr/lib64:/lib64:/lib:/usr/lib"/>
    <property name="java.vm.info" value="mixed mode"/>
    <property name="java.vendor" value="IcedTea"/>
    <property name="java.vm.version" value="25.212-b04"/>
    <property name="java.ext.dirs" value="/usr/lib/jvm/java-1.8-openjdk/jre/lib/ext:/usr/java/packages/lib/ext"/>
    <property name="sun.io.unicode.encoding" value="UnicodeLittle"/>
    <property name="java.class.version" value="52.0"/>
  </properties>
  <testcase name="testOzoneManagerFileSystemInterface[0]" classname="org.apache.hadoop.fs.ozone.TestOzoneFileInterfaces" time="23.367"/>
  <testcase name="testListStatus[0]" classname="org.apache.hadoop.fs.ozone.TestOzoneFileInterfaces" time="17.601"/>
  <testcase name="testDirectory[0]" classname="org.apache.hadoop.fs.ozone.TestOzoneFileInterfaces" time="17.351"/>
  <testcase name="testPathToKey[0]" classname="org.apache.hadoop.fs.ozone.TestOzoneFileInterfaces" time="17.65"/>
  <testcase name="testFileSystemInit[0]" classname="org.apache.hadoop.fs.ozone.TestOzoneFileInterfaces" time="17.406"/>
  <testcase name="testOzFsReadWrite[0]" classname="org.apache.hadoop.fs.ozone.TestOzoneFileInterfaces" time="17.625">
    <error message="Allocated 0 blocks. Requested 1 blocks" type="INTERNAL_ERROR org.apache.hadoop.ozone.om.exceptions.OMException">INTERNAL_ERROR org.apache.hadoop.ozone.om.exceptions.OMException: Allocated 0 blocks. Requested 1 blocks
	at org.apache.hadoop.ozone.om.protocolPB.OzoneManagerProtocolClientSideTranslatorPB.handleError(OzoneManagerProtocolClientSideTranslatorPB.java:725)
	at org.apache.hadoop.ozone.om.protocolPB.OzoneManagerProtocolClientSideTranslatorPB.createFile(OzoneManagerProtocolClientSideTranslatorPB.java:1474)
	at org.apache.hadoop.ozone.client.rpc.RpcClient.createFile(RpcClient.java:984)
	at org.apache.hadoop.ozone.client.OzoneBucket.createFile(OzoneBucket.java:535)
	at org.apache.hadoop.fs.ozone.BasicOzoneClientAdapterImpl.createFile(BasicOzoneClientAdapterImpl.java:181)
	at org.apache.hadoop.fs.ozone.BasicOzoneFileSystem.createOutputStream(BasicOzoneFileSystem.java:249)
	at org.apache.hadoop.fs.ozone.BasicOzoneFileSystem.create(BasicOzoneFileSystem.java:230)
	at org.apache.hadoop.fs.FileSystem.create(FileSystem.java:1118)
	at org.apache.hadoop.fs.FileSystem.create(FileSystem.java:1098)
	at org.apache.hadoop.fs.FileSystem.create(FileSystem.java:987)
	at org.apache.hadoop.fs.FileSystem.create(FileSystem.java:975)
	at org.apache.hadoop.fs.ozone.TestOzoneFileInterfaces.testOzFsReadWrite(TestOzoneFileInterfaces.java:186)
	at sun.reflect.NativeMethodAccessorImpl.invoke0(Native Method)
	at sun.reflect.NativeMethodAccessorImpl.invoke(NativeMethodAccessorImpl.java:62)
	at sun.reflect.DelegatingMethodAccessorImpl.invoke(DelegatingMethodAccessorImpl.java:43)
	at java.lang.reflect.Method.invoke(Method.java:498)
	at org.junit.runners.model.FrameworkMethod$1.runReflectiveCall(FrameworkMethod.java:47)
	at org.junit.internal.runners.model.ReflectiveCallable.run(ReflectiveCallable.java:12)
	at org.junit.runners.model.FrameworkMethod.invokeExplosively(FrameworkMethod.java:44)
	at org.junit.internal.runners.statements.InvokeMethod.evaluate(InvokeMethod.java:17)
	at org.junit.internal.runners.statements.RunBefores.evaluate(RunBefores.java:26)
	at org.junit.internal.runners.statements.RunAfters.evaluate(RunAfters.java:27)
	at org.junit.runners.ParentRunner.runLeaf(ParentRunner.java:271)
	at org.junit.runners.BlockJUnit4ClassRunner.runChild(BlockJUnit4ClassRunner.java:70)
	at org.junit.runners.BlockJUnit4ClassRunner.runChild(BlockJUnit4ClassRunner.java:50)
	at org.junit.runners.ParentRunner$3.run(ParentRunner.java:238)
	at org.junit.runners.ParentRunner$1.schedule(ParentRunner.java:63)
	at org.junit.runners.ParentRunner.runChildren(ParentRunner.java:236)
	at org.junit.runners.ParentRunner.access$000(ParentRunner.java:53)
	at org.junit.runners.ParentRunner$2.evaluate(ParentRunner.java:229)
	at org.junit.runners.ParentRunner.run(ParentRunner.java:309)
	at org.junit.runners.Suite.runChild(Suite.java:127)
	at org.junit.runners.Suite.runChild(Suite.java:26)
	at org.junit.runners.ParentRunner$3.run(ParentRunner.java:238)
	at org.junit.runners.ParentRunner$1.schedule(ParentRunner.java:63)
	at org.junit.runners.ParentRunner.runChildren(ParentRunner.java:236)
	at org.junit.runners.ParentRunner.access$000(ParentRunner.java:53)
	at org.junit.runners.ParentRunner$2.evaluate(ParentRunner.java:229)
	at org.junit.runners.ParentRunner.run(ParentRunner.java:309)
	at org.apache.maven.surefire.junit4.JUnit4Provider.execute(JUnit4Provider.java:365)
	at org.apache.maven.surefire.junit4.JUnit4Provider.executeWithRerun(JUnit4Provider.java:273)
	at org.apache.maven.surefire.junit4.JUnit4Provider.executeTestSet(JUnit4Provider.java:238)
	at org.apache.maven.surefire.junit4.JUnit4Provider.invoke(JUnit4Provider.java:159)
	at org.apache.maven.surefire.booter.ForkedBooter.invokeProviderInSameClassLoader(ForkedBooter.java:384)
	at org.apache.maven.surefire.booter.ForkedBooter.runSuitesInProcess(ForkedBooter.java:345)
	at org.apache.maven.surefire.booter.ForkedBooter.execute(ForkedBooter.java:126)
	at org.apache.maven.surefire.booter.ForkedBooter.main(ForkedBooter.java:418)
</error>
    <system-out><![CDATA[2019-09-19 16:55:49,639 [main] WARN  server.ServerUtils (ServerUtils.java:getScmDbDir(145)) - ozone.scm.db.dirs is not configured. We recommend adding this setting. Falling back to ozone.metadata.dirs instead.
2019-09-19 16:55:49,664 [main] WARN  server.ServerUtils (ServerUtils.java:getScmDbDir(145)) - ozone.scm.db.dirs is not configured. We recommend adding this setting. Falling back to ozone.metadata.dirs instead.
2019-09-19 16:55:49,665 [main] WARN  server.ServerUtils (ServerUtils.java:getScmDbDir(145)) - ozone.scm.db.dirs is not configured. We recommend adding this setting. Falling back to ozone.metadata.dirs instead.
2019-09-19 16:55:49,665 [main] INFO  db.DBStoreBuilder (DBStoreBuilder.java:addTable(110)) - using custom profile for table: deletedBlocks
2019-09-19 16:55:49,665 [main] INFO  db.DBStoreBuilder (DBStoreBuilder.java:processTables(161)) - Using default column profile:DBProfile.DISK for Table:deletedBlocks
2019-09-19 16:55:49,666 [main] INFO  db.DBStoreBuilder (DBStoreBuilder.java:addTable(110)) - using custom profile for table: validCerts
2019-09-19 16:55:49,666 [main] INFO  db.DBStoreBuilder (DBStoreBuilder.java:processTables(161)) - Using default column profile:DBProfile.DISK for Table:validCerts
2019-09-19 16:55:49,666 [main] INFO  db.DBStoreBuilder (DBStoreBuilder.java:addTable(110)) - using custom profile for table: revokedCerts
2019-09-19 16:55:49,666 [main] INFO  db.DBStoreBuilder (DBStoreBuilder.java:processTables(161)) - Using default column profile:DBProfile.DISK for Table:revokedCerts
2019-09-19 16:55:49,667 [main] INFO  db.DBStoreBuilder (DBStoreBuilder.java:addTable(110)) - using custom profile for table: default
2019-09-19 16:55:49,667 [main] INFO  db.DBStoreBuilder (DBStoreBuilder.java:processTables(167)) - Using default column profile:DBProfile.DISK for Table:default
2019-09-19 16:55:49,667 [main] INFO  db.DBStoreBuilder (DBStoreBuilder.java:getDbProfile(198)) - Using default options. DBProfile.DISK
2019-09-19 16:55:49,842 [main] INFO  net.NodeSchemaLoader (NodeSchemaLoader.java:loadSchemaFromFile(125)) - Loading file from sun.misc.CompoundEnumeration@28dd8786
2019-09-19 16:55:49,843 [main] INFO  net.NodeSchemaLoader (NodeSchemaLoader.java:loadSchema(171)) - Loading network topology layer schema file
2019-09-19 16:55:49,848 [main] WARN  server.ServerUtils (ServerUtils.java:sanitizeUserArgs(70)) - ozone.scm.stale.node.interval value = 300000 is larger than max = 100000 based on the key value of ozone.scm.heartbeat.thread.interval, reset to the max value 100000.
2019-09-19 16:55:49,848 [main] WARN  server.ServerUtils (ServerUtils.java:sanitizeUserArgs(70)) - ozone.scm.stale.node.interval value = 300000 is larger than max = 100000 based on the key value of ozone.scm.heartbeat.thread.interval, reset to the max value 100000.
2019-09-19 16:55:49,849 [main] INFO  node.SCMNodeManager (SCMNodeManager.java:<init>(121)) - Entering startup safe mode.
2019-09-19 16:55:49,850 [main] INFO  algorithms.ContainerPlacementPolicyFactory (ContainerPlacementPolicyFactory.java:getPolicy(56)) - Create container placement policy of type org.apache.hadoop.hdds.scm.container.placement.algorithms.SCMContainerPlacementRandom
2019-09-19 16:55:49,850 [main] WARN  server.ServerUtils (ServerUtils.java:getScmDbDir(145)) - ozone.scm.db.dirs is not configured. We recommend adding this setting. Falling back to ozone.metadata.dirs instead.
2019-09-19 16:55:49,911 [main] INFO  pipeline.SCMPipelineManager (SCMPipelineManager.java:initializePipelineState(126)) - No pipeline exists in current db
2019-09-19 16:55:49,911 [main] WARN  server.ServerUtils (ServerUtils.java:getScmDbDir(145)) - ozone.scm.db.dirs is not configured. We recommend adding this setting. Falling back to ozone.metadata.dirs instead.
2019-09-19 16:55:49,975 [main] WARN  events.EventQueue (EventQueue.java:fireEvent(175)) - No event handler registered for event TypedEvent{payloadType=SafeModeStatus, name='SafeModeStatus'}
2019-09-19 16:55:49,976 [main] INFO  ipc.CallQueueManager (CallQueueManager.java:<init>(84)) - Using callQueue: class java.util.concurrent.LinkedBlockingQueue, queueCapacity: 2000, scheduler: class org.apache.hadoop.ipc.DefaultRpcScheduler, ipcBackoff: false.
2019-09-19 16:55:49,977 [Socket Reader #1 for port 35481] INFO  ipc.Server (Server.java:run(1074)) - Starting Socket Reader #1 for port 35481
2019-09-19 16:55:49,979 [main] INFO  ipc.CallQueueManager (CallQueueManager.java:<init>(84)) - Using callQueue: class java.util.concurrent.LinkedBlockingQueue, queueCapacity: 2000, scheduler: class org.apache.hadoop.ipc.DefaultRpcScheduler, ipcBackoff: false.
2019-09-19 16:55:49,980 [Socket Reader #1 for port 36499] INFO  ipc.Server (Server.java:run(1074)) - Starting Socket Reader #1 for port 36499
2019-09-19 16:55:49,982 [main] INFO  ipc.CallQueueManager (CallQueueManager.java:<init>(84)) - Using callQueue: class java.util.concurrent.LinkedBlockingQueue, queueCapacity: 2000, scheduler: class org.apache.hadoop.ipc.DefaultRpcScheduler, ipcBackoff: false.
2019-09-19 16:55:49,983 [Socket Reader #1 for port 46035] INFO  ipc.Server (Server.java:run(1074)) - Starting Socket Reader #1 for port 46035
2019-09-19 16:55:49,986 [main] INFO  hdfs.DFSUtil (DFSUtil.java:httpServerTemplateForNNAndJN(1641)) - Starting Web-server for scm at: http://0.0.0.0:0
2019-09-19 16:55:49,990 [main] INFO  server.AuthenticationFilter (AuthenticationFilter.java:constructSecretProvider(240)) - Unable to initialize FileSignerSecretProvider, falling back to use random secrets.
2019-09-19 16:55:49,990 [main] WARN  http.HttpRequestLog (HttpRequestLog.java:getRequestLog(97)) - Jetty request log can only be enabled using Log4j
2019-09-19 16:55:49,993 [main] INFO  http.HttpServer2 (HttpServer2.java:addGlobalFilter(975)) - Added global filter 'safety' (class=org.apache.hadoop.http.HttpServer2$QuotingInputFilter)
2019-09-19 16:55:49,994 [main] INFO  http.HttpServer2 (HttpServer2.java:addFilter(948)) - Added filter static_user_filter (class=org.apache.hadoop.http.lib.StaticUserWebFilter$StaticUserFilter) to context scm
2019-09-19 16:55:49,995 [main] INFO  http.HttpServer2 (HttpServer2.java:addFilter(958)) - Added filter static_user_filter (class=org.apache.hadoop.http.lib.StaticUserWebFilter$StaticUserFilter) to context logs
2019-09-19 16:55:49,995 [main] INFO  http.HttpServer2 (HttpServer2.java:addFilter(958)) - Added filter static_user_filter (class=org.apache.hadoop.http.lib.StaticUserWebFilter$StaticUserFilter) to context static
2019-09-19 16:55:49,998 [main] INFO  server.StorageContainerManager (StorageContainerManager.java:start(759)) - StorageContainerLocationProtocol RPC server is listening at /0.0.0.0:46035
2019-09-19 16:55:50,001 [main] WARN  impl.MetricsConfig (MetricsConfig.java:loadFirst(134)) - Cannot locate configuration: tried hadoop-metrics2-storagecontainermanager.properties,hadoop-metrics2.properties
2019-09-19 16:55:50,002 [main] INFO  impl.MetricsSystemImpl (MetricsSystemImpl.java:startTimer(374)) - Scheduled Metric snapshot period at 10 second(s).
2019-09-19 16:55:50,002 [main] INFO  impl.MetricsSystemImpl (MetricsSystemImpl.java:start(191)) - StorageContainerManager metrics system started
2019-09-19 16:55:50,072 [main] INFO  server.SCMClientProtocolServer (SCMClientProtocolServer.java:start(151)) - RPC server for Client  is listening at /0.0.0.0:46035
2019-09-19 16:55:50,072 [IPC Server Responder] INFO  ipc.Server (Server.java:run(1314)) - IPC Server Responder: starting
2019-09-19 16:55:50,073 [IPC Server listener on 46035] INFO  ipc.Server (Server.java:run(1153)) - IPC Server listener on 46035: starting
2019-09-19 16:55:50,077 [main] INFO  server.StorageContainerManager (StorageContainerManager.java:start(769)) - ScmBlockLocationProtocol RPC server is listening at /0.0.0.0:36499
2019-09-19 16:55:50,077 [main] INFO  server.SCMBlockProtocolServer (SCMBlockProtocolServer.java:start(140)) - RPC server for Block Protocol is listening at /0.0.0.0:36499
2019-09-19 16:55:50,078 [IPC Server Responder] INFO  ipc.Server (Server.java:run(1314)) - IPC Server Responder: starting
2019-09-19 16:55:50,078 [IPC Server listener on 36499] INFO  ipc.Server (Server.java:run(1153)) - IPC Server listener on 36499: starting
2019-09-19 16:55:50,083 [main] INFO  server.StorageContainerManager (StorageContainerManager.java:start(773)) - ScmDatanodeProtocl RPC server is listening at /0.0.0.0:35481
2019-09-19 16:55:50,083 [main] INFO  server.SCMDatanodeProtocolServer (SCMDatanodeProtocolServer.java:start(191)) - RPC server for DataNodes is listening at /0.0.0.0:35481
2019-09-19 16:55:50,083 [IPC Server Responder] INFO  ipc.Server (Server.java:run(1314)) - IPC Server Responder: starting
2019-09-19 16:55:50,086 [IPC Server listener on 35481] INFO  ipc.Server (Server.java:run(1153)) - IPC Server listener on 35481: starting
2019-09-19 16:55:50,094 [main] INFO  http.HttpServer2 (HttpServer2.java:bindListener(1191)) - Jetty bound to port 46038
2019-09-19 16:55:50,094 [main] INFO  server.Server (Server.java:doStart(351)) - jetty-9.3.24.v20180605, build timestamp: 2018-06-05T17:11:56Z, git hash: 84205aa28f11a4f31f2a3b86d1bba2cc8ab69827
2019-09-19 16:55:50,097 [main] INFO  handler.ContextHandler (ContextHandler.java:doStart(781)) - Started o.e.j.s.ServletContextHandler@3b663112{/logs,file:///workdir/hadoop-ozone/ozonefs/target/log,AVAILABLE}
2019-09-19 16:55:50,098 [main] INFO  handler.ContextHandler (ContextHandler.java:doStart(781)) - Started o.e.j.s.ServletContextHandler@270ab7bc{/static,jar:file:/home/user/.m2/repository/org/apache/hadoop/hadoop-hdds-server-scm/0.5.0-SNAPSHOT/hadoop-hdds-server-scm-0.5.0-SNAPSHOT.jar!/webapps/static,AVAILABLE}
2019-09-19 16:55:50,138 [main] INFO  handler.ContextHandler (ContextHandler.java:doStart(781)) - Started o.e.j.w.WebAppContext@384b3fe7{/,file:///tmp/jetty-0.0.0.0-46038-scm-_-any-2724246573521786346.dir/webapp/,AVAILABLE}{/scm}
2019-09-19 16:55:50,139 [main] INFO  server.AbstractConnector (AbstractConnector.java:doStart(278)) - Started ServerConnector@4889fbba{HTTP/1.1,[http/1.1]}{0.0.0.0:46038}
2019-09-19 16:55:50,140 [main] INFO  server.Server (Server.java:doStart(419)) - Started @94349ms
2019-09-19 16:55:50,141 [main] INFO  server.BaseHttpServer (BaseHttpServer.java:updateConnectorAddress(213)) - HTTP server of SCM is listening at http://0.0.0.0:46038
2019-09-19 16:55:50,141 [main] WARN  server.ServerUtils (ServerUtils.java:getDBPath(222)) - ozone.om.db.dirs is not configured. We recommend adding this setting. Falling back to ozone.metadata.dirs instead.
2019-09-19 16:55:50,142 [org.apache.hadoop.util.JvmPauseMonitor$Monitor@572db5ee] INFO  util.JvmPauseMonitor (JvmPauseMonitor.java:run(188)) - Starting JVM pause monitor
2019-09-19 16:55:50,163 [main] WARN  server.ServerUtils (ServerUtils.java:getDBPath(222)) - ozone.om.db.dirs is not configured. We recommend adding this setting. Falling back to ozone.metadata.dirs instead.
2019-09-19 16:55:50,164 [main] WARN  server.ServerUtils (ServerUtils.java:getDBPath(222)) - ozone.om.db.dirs is not configured. We recommend adding this setting. Falling back to ozone.metadata.dirs instead.
2019-09-19 16:55:50,164 [main] INFO  om.OzoneManager (OzoneManager.java:setOMNodeDetails(645)) - OM Service ID is not set. Setting it to the default ID: omServiceIdDefault
2019-09-19 16:55:50,164 [main] INFO  om.OzoneManager (OzoneManager.java:setOMNodeDetails(651)) - OM Node ID is not set. Setting it to the OmStorage's OmID: 477ac1c1-8fa8-42f6-ac5c-dcfd18a5971d
2019-09-19 16:55:50,164 [main] INFO  om.OzoneManager (OzoneManager.java:loadOMHAConfigs(602)) - Found matching OM address with OMServiceId: null, OMNodeId: null, RPC Address: localhost:0 and Ratis port: 9872
2019-09-19 16:55:50,174 | INFO  | SCMAudit | user=jenkins1000 | ip=192.168.157.226 | op=GET_SCM_INFO null | ret=SUCCESS |  
2019-09-19 16:55:50,177 [main] WARN  server.ServerUtils (ServerUtils.java:getDBPath(222)) - ozone.om.db.dirs is not configured. We recommend adding this setting. Falling back to ozone.metadata.dirs instead.
2019-09-19 16:55:50,177 [main] INFO  db.DBStoreBuilder (DBStoreBuilder.java:addTable(110)) - using custom profile for table: userTable
2019-09-19 16:55:50,178 [main] INFO  db.DBStoreBuilder (DBStoreBuilder.java:processTables(161)) - Using default column profile:DBProfile.DISK for Table:userTable
2019-09-19 16:55:50,178 [main] INFO  db.DBStoreBuilder (DBStoreBuilder.java:addTable(110)) - using custom profile for table: volumeTable
2019-09-19 16:55:50,178 [main] INFO  db.DBStoreBuilder (DBStoreBuilder.java:processTables(161)) - Using default column profile:DBProfile.DISK for Table:volumeTable
2019-09-19 16:55:50,178 [main] INFO  db.DBStoreBuilder (DBStoreBuilder.java:addTable(110)) - using custom profile for table: bucketTable
2019-09-19 16:55:50,178 [main] INFO  db.DBStoreBuilder (DBStoreBuilder.java:processTables(161)) - Using default column profile:DBProfile.DISK for Table:bucketTable
2019-09-19 16:55:50,179 [main] INFO  db.DBStoreBuilder (DBStoreBuilder.java:addTable(110)) - using custom profile for table: keyTable
2019-09-19 16:55:50,179 [main] INFO  db.DBStoreBuilder (DBStoreBuilder.java:processTables(161)) - Using default column profile:DBProfile.DISK for Table:keyTable
2019-09-19 16:55:50,179 [main] INFO  db.DBStoreBuilder (DBStoreBuilder.java:addTable(110)) - using custom profile for table: deletedTable
2019-09-19 16:55:50,179 [main] INFO  db.DBStoreBuilder (DBStoreBuilder.java:processTables(161)) - Using default column profile:DBProfile.DISK for Table:deletedTable
2019-09-19 16:55:50,179 [main] INFO  db.DBStoreBuilder (DBStoreBuilder.java:addTable(110)) - using custom profile for table: openKeyTable
2019-09-19 16:55:50,180 [main] INFO  db.DBStoreBuilder (DBStoreBuilder.java:processTables(161)) - Using default column profile:DBProfile.DISK for Table:openKeyTable
2019-09-19 16:55:50,180 [main] INFO  db.DBStoreBuilder (DBStoreBuilder.java:addTable(110)) - using custom profile for table: s3Table
2019-09-19 16:55:50,180 [main] INFO  db.DBStoreBuilder (DBStoreBuilder.java:processTables(161)) - Using default column profile:DBProfile.DISK for Table:s3Table
2019-09-19 16:55:50,180 [main] INFO  db.DBStoreBuilder (DBStoreBuilder.java:addTable(110)) - using custom profile for table: multipartInfoTable
2019-09-19 16:55:50,180 [main] INFO  db.DBStoreBuilder (DBStoreBuilder.java:processTables(161)) - Using default column profile:DBProfile.DISK for Table:multipartInfoTable
2019-09-19 16:55:50,181 [main] INFO  db.DBStoreBuilder (DBStoreBuilder.java:addTable(110)) - using custom profile for table: dTokenTable
2019-09-19 16:55:50,181 [main] INFO  db.DBStoreBuilder (DBStoreBuilder.java:processTables(161)) - Using default column profile:DBProfile.DISK for Table:dTokenTable
2019-09-19 16:55:50,181 [main] INFO  db.DBStoreBuilder (DBStoreBuilder.java:addTable(110)) - using custom profile for table: s3SecretTable
2019-09-19 16:55:50,181 [main] INFO  db.DBStoreBuilder (DBStoreBuilder.java:processTables(161)) - Using default column profile:DBProfile.DISK for Table:s3SecretTable
2019-09-19 16:55:50,181 [main] INFO  db.DBStoreBuilder (DBStoreBuilder.java:addTable(110)) - using custom profile for table: prefixTable
2019-09-19 16:55:50,181 [main] INFO  db.DBStoreBuilder (DBStoreBuilder.java:processTables(161)) - Using default column profile:DBProfile.DISK for Table:prefixTable
2019-09-19 16:55:50,182 [main] INFO  db.DBStoreBuilder (DBStoreBuilder.java:addTable(110)) - using custom profile for table: default
2019-09-19 16:55:50,182 [main] INFO  db.DBStoreBuilder (DBStoreBuilder.java:processTables(167)) - Using default column profile:DBProfile.DISK for Table:default
2019-09-19 16:55:50,182 [main] INFO  db.DBStoreBuilder (DBStoreBuilder.java:getDbProfile(198)) - Using default options. DBProfile.DISK
2019-09-19 16:55:50,641 [main] INFO  ipc.CallQueueManager (CallQueueManager.java:<init>(84)) - Using callQueue: class java.util.concurrent.LinkedBlockingQueue, queueCapacity: 2000, scheduler: class org.apache.hadoop.ipc.DefaultRpcScheduler, ipcBackoff: false.
2019-09-19 16:55:50,642 [Socket Reader #1 for port 40530] INFO  ipc.Server (Server.java:run(1074)) - Starting Socket Reader #1 for port 40530
2019-09-19 16:55:50,675 [main] INFO  om.OzoneManager (OzoneManager.java:start(1256)) - OzoneManager RPC server is listening at localhost/127.0.0.1:40530
2019-09-19 16:55:50,675 [main] INFO  impl.MetricsSystemImpl (MetricsSystemImpl.java:init(158)) - OzoneManager metrics system started (again)
2019-09-19 16:55:50,677 [IPC Server Responder] INFO  ipc.Server (Server.java:run(1314)) - IPC Server Responder: starting
2019-09-19 16:55:50,677 [IPC Server listener on 40530] INFO  ipc.Server (Server.java:run(1153)) - IPC Server listener on 40530: starting
2019-09-19 16:55:50,683 [main] INFO  hdfs.DFSUtil (DFSUtil.java:httpServerTemplateForNNAndJN(1641)) - Starting Web-server for ozoneManager at: http://0.0.0.0:0
2019-09-19 16:55:50,687 [main] INFO  server.AuthenticationFilter (AuthenticationFilter.java:constructSecretProvider(240)) - Unable to initialize FileSignerSecretProvider, falling back to use random secrets.
2019-09-19 16:55:50,687 [main] WARN  http.HttpRequestLog (HttpRequestLog.java:getRequestLog(97)) - Jetty request log can only be enabled using Log4j
2019-09-19 16:55:50,690 [main] INFO  http.HttpServer2 (HttpServer2.java:addGlobalFilter(975)) - Added global filter 'safety' (class=org.apache.hadoop.http.HttpServer2$QuotingInputFilter)
2019-09-19 16:55:50,691 [main] INFO  http.HttpServer2 (HttpServer2.java:addFilter(948)) - Added filter static_user_filter (class=org.apache.hadoop.http.lib.StaticUserWebFilter$StaticUserFilter) to context ozoneManager
2019-09-19 16:55:50,691 [main] INFO  http.HttpServer2 (HttpServer2.java:addFilter(958)) - Added filter static_user_filter (class=org.apache.hadoop.http.lib.StaticUserWebFilter$StaticUserFilter) to context static
2019-09-19 16:55:50,692 [main] INFO  http.HttpServer2 (HttpServer2.java:addFilter(958)) - Added filter static_user_filter (class=org.apache.hadoop.http.lib.StaticUserWebFilter$StaticUserFilter) to context logs
2019-09-19 16:55:50,693 [main] INFO  http.HttpServer2 (HttpServer2.java:bindListener(1191)) - Jetty bound to port 42598
2019-09-19 16:55:50,693 [main] INFO  server.Server (Server.java:doStart(351)) - jetty-9.3.24.v20180605, build timestamp: 2018-06-05T17:11:56Z, git hash: 84205aa28f11a4f31f2a3b86d1bba2cc8ab69827
2019-09-19 16:55:50,696 [main] INFO  handler.ContextHandler (ContextHandler.java:doStart(781)) - Started o.e.j.s.ServletContextHandler@69ae7632{/logs,file:///workdir/hadoop-ozone/ozonefs/target/log,AVAILABLE}
2019-09-19 16:55:50,697 [main] INFO  handler.ContextHandler (ContextHandler.java:doStart(781)) - Started o.e.j.s.ServletContextHandler@65f96d58{/static,jar:file:/home/user/.m2/repository/org/apache/hadoop/hadoop-ozone-ozone-manager/0.5.0-SNAPSHOT/hadoop-ozone-ozone-manager-0.5.0-SNAPSHOT.jar!/webapps/static,AVAILABLE}
2019-09-19 16:55:50,768 [main] INFO  handler.ContextHandler (ContextHandler.java:doStart(781)) - Started o.e.j.w.WebAppContext@123426a9{/,file:///tmp/jetty-0.0.0.0-42598-ozoneManager-_-any-90983837791957980.dir/webapp/,AVAILABLE}{/ozoneManager}
2019-09-19 16:55:50,768 [main] INFO  server.AbstractConnector (AbstractConnector.java:doStart(278)) - Started ServerConnector@4353db40{HTTP/1.1,[http/1.1]}{0.0.0.0:42598}
2019-09-19 16:55:50,770 [main] INFO  server.Server (Server.java:doStart(419)) - Started @94979ms
2019-09-19 16:55:50,771 [main] INFO  server.BaseHttpServer (BaseHttpServer.java:updateConnectorAddress(213)) - HTTP server of OZONEMANAGER is listening at http://0.0.0.0:42598
2019-09-19 16:55:50,784 [main] INFO  impl.MetricsSystemImpl (MetricsSystemImpl.java:init(158)) - HddsDatanode metrics system started (again)
2019-09-19 16:55:50,786 [main] INFO  ozone.HddsDatanodeService (HddsDatanodeService.java:start(184)) - HddsDatanodeService host:pr-hdds-1569-swxfz-3172132826 ip:192.168.157.226
2019-09-19 16:55:50,796 [main] INFO  volume.HddsVolume (HddsVolume.java:<init>(176)) - Creating Volume: /workdir/hadoop-ozone/ozonefs/target/test-dir/MiniOzoneClusterImpl-65f4c353-11bb-4244-81c6-ae95f2aeb9fd/datanode-0/data/containers/hdds of  storage type : DISK and capacity : 1482555576320
2019-09-19 16:55:50,796 [main] INFO  volume.VolumeSet (VolumeSet.java:initializeVolumeSet(170)) - Added Volume : /workdir/hadoop-ozone/ozonefs/target/test-dir/MiniOzoneClusterImpl-65f4c353-11bb-4244-81c6-ae95f2aeb9fd/datanode-0/data/containers/hdds to VolumeSet
2019-09-19 16:55:50,796 [main] INFO  volume.ThrottledAsyncChecker (ThrottledAsyncChecker.java:schedule(140)) - Scheduling a check for org.apache.hadoop.ozone.container.common.volume.HddsVolume@663e1144
2019-09-19 16:55:50,797 [main] INFO  volume.HddsVolumeChecker (HddsVolumeChecker.java:checkAllVolumes(203)) - Scheduled health check for volume org.apache.hadoop.ozone.container.common.volume.HddsVolume@663e1144
2019-09-19 16:55:50,820 [main] INFO  impl.RaftServerProxy (ConfUtils.java:logGet(43)) - raft.rpc.type = GRPC (default)
2019-09-19 16:55:50,820 [main] INFO  grpc.GrpcFactory (GrpcFactory.java:checkPooledByteBufAllocatorUseCacheForAllThreads(45)) - PERFORMANCE WARNING: useCacheForAllThreads is true that may cause Netty to create a lot garbage objects and, as a result, trigger GC.
	It is recommended to disable useCacheForAllThreads by setting -Dorg.apache.ratis.thirdparty.io.netty.allocator.useCacheForAllThreads=false in command line.
2019-09-19 16:55:50,821 [main] INFO  grpc.GrpcConfigKeys$Server (ConfUtils.java:logGet(43)) - raft.grpc.server.port = 0 (default)
2019-09-19 16:55:50,821 [main] INFO  server.GrpcService (ConfUtils.java:logGet(43)) - raft.grpc.message.size.max = 33570816 (custom)
2019-09-19 16:55:50,821 [main] INFO  server.RaftServerConfigKeys (ConfUtils.java:logGet(43)) - raft.server.log.appender.buffer.byte-limit = 33554432 (custom)
2019-09-19 16:55:50,822 [main] INFO  server.GrpcService (ConfUtils.java:logGet(43)) - raft.grpc.flow.control.window = 1MB (=1048576) (default)
2019-09-19 16:55:50,822 [main] INFO  server.RaftServerConfigKeys (ConfUtils.java:logGet(43)) - raft.server.rpc.request.timeout = 3000ms (default)
2019-09-19 16:55:50,823 [main] INFO  server.RaftServerConfigKeys (ConfUtils.java:logGet(43)) - raft.server.storage.dir = [/workdir/hadoop-ozone/ozonefs/target/test-dir/MiniOzoneClusterImpl-65f4c353-11bb-4244-81c6-ae95f2aeb9fd/datanode-0/data/ratis] (custom)
2019-09-19 16:55:50,823 [main] INFO  replication.SimpleContainerDownloader (SimpleContainerDownloader.java:<init>(72)) - Starting container downloader service to copy containers to replicate.
2019-09-19 16:55:50,826 [main] INFO  hdfs.DFSUtil (DFSUtil.java:httpServerTemplateForNNAndJN(1641)) - Starting Web-server for hddsDatanode at: http://0.0.0.0:0
2019-09-19 16:55:50,828 [main] INFO  server.AuthenticationFilter (AuthenticationFilter.java:constructSecretProvider(240)) - Unable to initialize FileSignerSecretProvider, falling back to use random secrets.
2019-09-19 16:55:50,829 [main] WARN  http.HttpRequestLog (HttpRequestLog.java:getRequestLog(97)) - Jetty request log can only be enabled using Log4j
2019-09-19 16:55:50,832 [main] INFO  http.HttpServer2 (HttpServer2.java:addGlobalFilter(975)) - Added global filter 'safety' (class=org.apache.hadoop.http.HttpServer2$QuotingInputFilter)
2019-09-19 16:55:50,832 [main] INFO  http.HttpServer2 (HttpServer2.java:addFilter(948)) - Added filter static_user_filter (class=org.apache.hadoop.http.lib.StaticUserWebFilter$StaticUserFilter) to context hddsDatanode
2019-09-19 16:55:50,833 [main] INFO  http.HttpServer2 (HttpServer2.java:addFilter(958)) - Added filter static_user_filter (class=org.apache.hadoop.http.lib.StaticUserWebFilter$StaticUserFilter) to context logs
2019-09-19 16:55:50,833 [main] INFO  http.HttpServer2 (HttpServer2.java:addFilter(958)) - Added filter static_user_filter (class=org.apache.hadoop.http.lib.StaticUserWebFilter$StaticUserFilter) to context static
2019-09-19 16:55:50,834 [main] INFO  http.HttpServer2 (HttpServer2.java:bindListener(1191)) - Jetty bound to port 39949
2019-09-19 16:55:50,834 [main] INFO  server.Server (Server.java:doStart(351)) - jetty-9.3.24.v20180605, build timestamp: 2018-06-05T17:11:56Z, git hash: 84205aa28f11a4f31f2a3b86d1bba2cc8ab69827
2019-09-19 16:55:50,836 [main] INFO  handler.ContextHandler (ContextHandler.java:doStart(781)) - Started o.e.j.s.ServletContextHandler@3da30ce5{/logs,file:///workdir/hadoop-ozone/ozonefs/target/log,AVAILABLE}
2019-09-19 16:55:50,837 [main] INFO  handler.ContextHandler (ContextHandler.java:doStart(781)) - Started o.e.j.s.ServletContextHandler@7054c068{/static,jar:file:/home/user/.m2/repository/org/apache/hadoop/hadoop-hdds-container-service/0.5.0-SNAPSHOT/hadoop-hdds-container-service-0.5.0-SNAPSHOT.jar!/webapps/static,AVAILABLE}
2019-09-19 16:55:50,866 [main] INFO  handler.ContextHandler (ContextHandler.java:doStart(781)) - Started o.e.j.w.WebAppContext@7e4dddee{/,file:///tmp/jetty-0.0.0.0-39949-hddsDatanode-_-any-6109610210127453180.dir/webapp/,AVAILABLE}{/hddsDatanode}
2019-09-19 16:55:50,867 [main] INFO  server.AbstractConnector (AbstractConnector.java:doStart(278)) - Started ServerConnector@183a84f4{HTTP/1.1,[http/1.1]}{0.0.0.0:39949}
2019-09-19 16:55:50,868 [main] INFO  server.Server (Server.java:doStart(419)) - Started @95078ms
2019-09-19 16:55:50,869 [main] INFO  server.BaseHttpServer (BaseHttpServer.java:updateConnectorAddress(213)) - HTTP server of HDDSDATANODE is listening at http://0.0.0.0:39949
2019-09-19 16:55:51,007 | INFO  | ObjectStoreRestHttpServer | Listening HDDS REST traffic on /0.0.0.0:44850 |  
2019-09-19 16:55:51,007 [main] INFO  ozone.HddsDatanodeService (HddsDatanodeService.java:startPlugins(395)) - Started plug-in org.apache.hadoop.ozone.web.OzoneHddsDatanodeService@3f31892e
2019-09-19 16:55:51,008 [main] INFO  impl.MetricsSystemImpl (MetricsSystemImpl.java:init(158)) - HddsDatanode metrics system started (again)
2019-09-19 16:55:51,010 [main] INFO  ozone.HddsDatanodeService (HddsDatanodeService.java:start(184)) - HddsDatanodeService host:pr-hdds-1569-swxfz-3172132826 ip:192.168.157.226
2019-09-19 16:55:51,012 [org.apache.hadoop.util.JvmPauseMonitor$Monitor@350ff5e4] INFO  util.JvmPauseMonitor (JvmPauseMonitor.java:run(188)) - Starting JVM pause monitor
2019-09-19 16:55:51,016 [Datanode State Machine Thread - 0] INFO  datanode.InitDatanodeState (InitDatanodeState.java:persistContainerDatanodeDetails(140)) - DatanodeDetails is persisted to /workdir/hadoop-ozone/ozonefs/target/test-dir/MiniOzoneClusterImpl-65f4c353-11bb-4244-81c6-ae95f2aeb9fd/datanode-0/meta/datanode.id
2019-09-19 16:55:51,023 [main] INFO  volume.HddsVolume (HddsVolume.java:<init>(176)) - Creating Volume: /workdir/hadoop-ozone/ozonefs/target/test-dir/MiniOzoneClusterImpl-65f4c353-11bb-4244-81c6-ae95f2aeb9fd/datanode-1/data/containers/hdds of  storage type : DISK and capacity : 1482555576320
2019-09-19 16:55:51,023 [main] INFO  volume.VolumeSet (VolumeSet.java:initializeVolumeSet(170)) - Added Volume : /workdir/hadoop-ozone/ozonefs/target/test-dir/MiniOzoneClusterImpl-65f4c353-11bb-4244-81c6-ae95f2aeb9fd/datanode-1/data/containers/hdds to VolumeSet
2019-09-19 16:55:51,023 [main] INFO  volume.ThrottledAsyncChecker (ThrottledAsyncChecker.java:schedule(140)) - Scheduling a check for org.apache.hadoop.ozone.container.common.volume.HddsVolume@37c762aa
2019-09-19 16:55:51,024 [main] INFO  volume.HddsVolumeChecker (HddsVolumeChecker.java:checkAllVolumes(203)) - Scheduled health check for volume org.apache.hadoop.ozone.container.common.volume.HddsVolume@37c762aa
2019-09-19 16:55:51,043 [main] INFO  impl.RaftServerProxy (ConfUtils.java:logGet(43)) - raft.rpc.type = GRPC (default)
2019-09-19 16:55:51,043 [main] INFO  grpc.GrpcFactory (GrpcFactory.java:checkPooledByteBufAllocatorUseCacheForAllThreads(45)) - PERFORMANCE WARNING: useCacheForAllThreads is true that may cause Netty to create a lot garbage objects and, as a result, trigger GC.
	It is recommended to disable useCacheForAllThreads by setting -Dorg.apache.ratis.thirdparty.io.netty.allocator.useCacheForAllThreads=false in command line.
2019-09-19 16:55:51,043 [main] INFO  grpc.GrpcConfigKeys$Server (ConfUtils.java:logGet(43)) - raft.grpc.server.port = 0 (default)
2019-09-19 16:55:51,043 [main] INFO  server.GrpcService (ConfUtils.java:logGet(43)) - raft.grpc.message.size.max = 33570816 (custom)
2019-09-19 16:55:51,044 [main] INFO  server.RaftServerConfigKeys (ConfUtils.java:logGet(43)) - raft.server.log.appender.buffer.byte-limit = 33554432 (custom)
2019-09-19 16:55:51,044 [main] INFO  server.GrpcService (ConfUtils.java:logGet(43)) - raft.grpc.flow.control.window = 1MB (=1048576) (default)
2019-09-19 16:55:51,044 [main] INFO  server.RaftServerConfigKeys (ConfUtils.java:logGet(43)) - raft.server.rpc.request.timeout = 3000ms (default)
2019-09-19 16:55:51,044 [main] INFO  server.RaftServerConfigKeys (ConfUtils.java:logGet(43)) - raft.server.storage.dir = [/workdir/hadoop-ozone/ozonefs/target/test-dir/MiniOzoneClusterImpl-65f4c353-11bb-4244-81c6-ae95f2aeb9fd/datanode-1/data/ratis] (custom)
2019-09-19 16:55:51,045 [main] INFO  replication.SimpleContainerDownloader (SimpleContainerDownloader.java:<init>(72)) - Starting container downloader service to copy containers to replicate.
2019-09-19 16:55:51,046 [main] INFO  hdfs.DFSUtil (DFSUtil.java:httpServerTemplateForNNAndJN(1641)) - Starting Web-server for hddsDatanode at: http://0.0.0.0:0
2019-09-19 16:55:51,047 [main] INFO  server.AuthenticationFilter (AuthenticationFilter.java:constructSecretProvider(240)) - Unable to initialize FileSignerSecretProvider, falling back to use random secrets.
2019-09-19 16:55:51,048 [main] WARN  http.HttpRequestLog (HttpRequestLog.java:getRequestLog(97)) - Jetty request log can only be enabled using Log4j
2019-09-19 16:55:51,049 [main] INFO  http.HttpServer2 (HttpServer2.java:addGlobalFilter(975)) - Added global filter 'safety' (class=org.apache.hadoop.http.HttpServer2$QuotingInputFilter)
2019-09-19 16:55:51,050 [main] INFO  http.HttpServer2 (HttpServer2.java:addFilter(948)) - Added filter static_user_filter (class=org.apache.hadoop.http.lib.StaticUserWebFilter$StaticUserFilter) to context hddsDatanode
2019-09-19 16:55:51,050 [main] INFO  http.HttpServer2 (HttpServer2.java:addFilter(958)) - Added filter static_user_filter (class=org.apache.hadoop.http.lib.StaticUserWebFilter$StaticUserFilter) to context static
2019-09-19 16:55:51,050 [main] INFO  http.HttpServer2 (HttpServer2.java:addFilter(958)) - Added filter static_user_filter (class=org.apache.hadoop.http.lib.StaticUserWebFilter$StaticUserFilter) to context logs
2019-09-19 16:55:51,051 [main] INFO  http.HttpServer2 (HttpServer2.java:bindListener(1191)) - Jetty bound to port 35327
2019-09-19 16:55:51,051 [main] INFO  server.Server (Server.java:doStart(351)) - jetty-9.3.24.v20180605, build timestamp: 2018-06-05T17:11:56Z, git hash: 84205aa28f11a4f31f2a3b86d1bba2cc8ab69827
2019-09-19 16:55:51,053 [main] INFO  handler.ContextHandler (ContextHandler.java:doStart(781)) - Started o.e.j.s.ServletContextHandler@1f86f7da{/logs,file:///workdir/hadoop-ozone/ozonefs/target/log,AVAILABLE}
2019-09-19 16:55:51,054 [main] INFO  handler.ContextHandler (ContextHandler.java:doStart(781)) - Started o.e.j.s.ServletContextHandler@2c0d7099{/static,jar:file:/home/user/.m2/repository/org/apache/hadoop/hadoop-hdds-container-service/0.5.0-SNAPSHOT/hadoop-hdds-container-service-0.5.0-SNAPSHOT.jar!/webapps/static,AVAILABLE}
2019-09-19 16:55:51,081 [main] INFO  handler.ContextHandler (ContextHandler.java:doStart(781)) - Started o.e.j.w.WebAppContext@527d1fe1{/,file:///tmp/jetty-0.0.0.0-35327-hddsDatanode-_-any-3051215568623760668.dir/webapp/,AVAILABLE}{/hddsDatanode}
2019-09-19 16:55:51,081 [main] INFO  server.AbstractConnector (AbstractConnector.java:doStart(278)) - Started ServerConnector@24fb752f{HTTP/1.1,[http/1.1]}{0.0.0.0:35327}
2019-09-19 16:55:51,083 [main] INFO  server.Server (Server.java:doStart(419)) - Started @95292ms
2019-09-19 16:55:51,084 [main] INFO  server.BaseHttpServer (BaseHttpServer.java:updateConnectorAddress(213)) - HTTP server of HDDSDATANODE is listening at http://0.0.0.0:35327
2019-09-19 16:55:51,213 | INFO  | ObjectStoreRestHttpServer | Listening HDDS REST traffic on /0.0.0.0:41537 |  
2019-09-19 16:55:51,213 [main] INFO  ozone.HddsDatanodeService (HddsDatanodeService.java:startPlugins(395)) - Started plug-in org.apache.hadoop.ozone.web.OzoneHddsDatanodeService@51d2d336
2019-09-19 16:55:51,213 [main] INFO  impl.MetricsSystemImpl (MetricsSystemImpl.java:init(158)) - HddsDatanode metrics system started (again)
2019-09-19 16:55:51,216 [org.apache.hadoop.util.JvmPauseMonitor$Monitor@646bc2c1] INFO  util.JvmPauseMonitor (JvmPauseMonitor.java:run(188)) - Starting JVM pause monitor
2019-09-19 16:55:51,216 [main] INFO  ozone.HddsDatanodeService (HddsDatanodeService.java:start(184)) - HddsDatanodeService host:pr-hdds-1569-swxfz-3172132826 ip:192.168.157.226
2019-09-19 16:55:51,218 [Datanode State Machine Thread - 0] INFO  datanode.InitDatanodeState (InitDatanodeState.java:persistContainerDatanodeDetails(140)) - DatanodeDetails is persisted to /workdir/hadoop-ozone/ozonefs/target/test-dir/MiniOzoneClusterImpl-65f4c353-11bb-4244-81c6-ae95f2aeb9fd/datanode-1/meta/datanode.id
2019-09-19 16:55:51,225 [main] INFO  volume.HddsVolume (HddsVolume.java:<init>(176)) - Creating Volume: /workdir/hadoop-ozone/ozonefs/target/test-dir/MiniOzoneClusterImpl-65f4c353-11bb-4244-81c6-ae95f2aeb9fd/datanode-2/data/containers/hdds of  storage type : DISK and capacity : 1482555576320
2019-09-19 16:55:51,225 [main] INFO  volume.VolumeSet (VolumeSet.java:initializeVolumeSet(170)) - Added Volume : /workdir/hadoop-ozone/ozonefs/target/test-dir/MiniOzoneClusterImpl-65f4c353-11bb-4244-81c6-ae95f2aeb9fd/datanode-2/data/containers/hdds to VolumeSet
2019-09-19 16:55:51,225 [main] INFO  volume.ThrottledAsyncChecker (ThrottledAsyncChecker.java:schedule(140)) - Scheduling a check for org.apache.hadoop.ozone.container.common.volume.HddsVolume@49741e80
2019-09-19 16:55:51,226 [main] INFO  volume.HddsVolumeChecker (HddsVolumeChecker.java:checkAllVolumes(203)) - Scheduled health check for volume org.apache.hadoop.ozone.container.common.volume.HddsVolume@49741e80
2019-09-19 16:55:51,245 [main] INFO  impl.RaftServerProxy (ConfUtils.java:logGet(43)) - raft.rpc.type = GRPC (default)
2019-09-19 16:55:51,245 [main] INFO  grpc.GrpcFactory (GrpcFactory.java:checkPooledByteBufAllocatorUseCacheForAllThreads(45)) - PERFORMANCE WARNING: useCacheForAllThreads is true that may cause Netty to create a lot garbage objects and, as a result, trigger GC.
	It is recommended to disable useCacheForAllThreads by setting -Dorg.apache.ratis.thirdparty.io.netty.allocator.useCacheForAllThreads=false in command line.
2019-09-19 16:55:51,246 [main] INFO  grpc.GrpcConfigKeys$Server (ConfUtils.java:logGet(43)) - raft.grpc.server.port = 0 (default)
2019-09-19 16:55:51,246 [main] INFO  server.GrpcService (ConfUtils.java:logGet(43)) - raft.grpc.message.size.max = 33570816 (custom)
2019-09-19 16:55:51,246 [main] INFO  server.RaftServerConfigKeys (ConfUtils.java:logGet(43)) - raft.server.log.appender.buffer.byte-limit = 33554432 (custom)
2019-09-19 16:55:51,246 [main] INFO  server.GrpcService (ConfUtils.java:logGet(43)) - raft.grpc.flow.control.window = 1MB (=1048576) (default)
2019-09-19 16:55:51,246 [main] INFO  server.RaftServerConfigKeys (ConfUtils.java:logGet(43)) - raft.server.rpc.request.timeout = 3000ms (default)
2019-09-19 16:55:51,247 [main] INFO  server.RaftServerConfigKeys (ConfUtils.java:logGet(43)) - raft.server.storage.dir = [/workdir/hadoop-ozone/ozonefs/target/test-dir/MiniOzoneClusterImpl-65f4c353-11bb-4244-81c6-ae95f2aeb9fd/datanode-2/data/ratis] (custom)
2019-09-19 16:55:51,247 [main] INFO  replication.SimpleContainerDownloader (SimpleContainerDownloader.java:<init>(72)) - Starting container downloader service to copy containers to replicate.
2019-09-19 16:55:51,248 [main] INFO  hdfs.DFSUtil (DFSUtil.java:httpServerTemplateForNNAndJN(1641)) - Starting Web-server for hddsDatanode at: http://0.0.0.0:0
2019-09-19 16:55:51,250 [main] INFO  server.AuthenticationFilter (AuthenticationFilter.java:constructSecretProvider(240)) - Unable to initialize FileSignerSecretProvider, falling back to use random secrets.
2019-09-19 16:55:51,250 [main] WARN  http.HttpRequestLog (HttpRequestLog.java:getRequestLog(97)) - Jetty request log can only be enabled using Log4j
2019-09-19 16:55:51,252 [main] INFO  http.HttpServer2 (HttpServer2.java:addGlobalFilter(975)) - Added global filter 'safety' (class=org.apache.hadoop.http.HttpServer2$QuotingInputFilter)
2019-09-19 16:55:51,252 [main] INFO  http.HttpServer2 (HttpServer2.java:addFilter(948)) - Added filter static_user_filter (class=org.apache.hadoop.http.lib.StaticUserWebFilter$StaticUserFilter) to context hddsDatanode
2019-09-19 16:55:51,253 [main] INFO  http.HttpServer2 (HttpServer2.java:addFilter(958)) - Added filter static_user_filter (class=org.apache.hadoop.http.lib.StaticUserWebFilter$StaticUserFilter) to context static
2019-09-19 16:55:51,253 [main] INFO  http.HttpServer2 (HttpServer2.java:addFilter(958)) - Added filter static_user_filter (class=org.apache.hadoop.http.lib.StaticUserWebFilter$StaticUserFilter) to context logs
2019-09-19 16:55:51,253 [main] INFO  http.HttpServer2 (HttpServer2.java:bindListener(1191)) - Jetty bound to port 45479
2019-09-19 16:55:51,254 [main] INFO  server.Server (Server.java:doStart(351)) - jetty-9.3.24.v20180605, build timestamp: 2018-06-05T17:11:56Z, git hash: 84205aa28f11a4f31f2a3b86d1bba2cc8ab69827
2019-09-19 16:55:51,255 [main] INFO  handler.ContextHandler (ContextHandler.java:doStart(781)) - Started o.e.j.s.ServletContextHandler@67afc9b6{/logs,file:///workdir/hadoop-ozone/ozonefs/target/log,AVAILABLE}
2019-09-19 16:55:51,256 [main] INFO  handler.ContextHandler (ContextHandler.java:doStart(781)) - Started o.e.j.s.ServletContextHandler@7a79d99c{/static,jar:file:/home/user/.m2/repository/org/apache/hadoop/hadoop-hdds-container-service/0.5.0-SNAPSHOT/hadoop-hdds-container-service-0.5.0-SNAPSHOT.jar!/webapps/static,AVAILABLE}
2019-09-19 16:55:51,282 [main] INFO  handler.ContextHandler (ContextHandler.java:doStart(781)) - Started o.e.j.w.WebAppContext@47ab3688{/,file:///tmp/jetty-0.0.0.0-45479-hddsDatanode-_-any-7227115710791287490.dir/webapp/,AVAILABLE}{/hddsDatanode}
2019-09-19 16:55:51,283 [main] INFO  server.AbstractConnector (AbstractConnector.java:doStart(278)) - Started ServerConnector@47fbf95e{HTTP/1.1,[http/1.1]}{0.0.0.0:45479}
2019-09-19 16:55:51,284 [main] INFO  server.Server (Server.java:doStart(419)) - Started @95493ms
2019-09-19 16:55:51,284 [main] INFO  server.BaseHttpServer (BaseHttpServer.java:updateConnectorAddress(213)) - HTTP server of HDDSDATANODE is listening at http://0.0.0.0:45479
2019-09-19 16:55:51,408 | INFO  | ObjectStoreRestHttpServer | Listening HDDS REST traffic on /0.0.0.0:33681 |  
2019-09-19 16:55:51,408 [main] INFO  ozone.HddsDatanodeService (HddsDatanodeService.java:startPlugins(395)) - Started plug-in org.apache.hadoop.ozone.web.OzoneHddsDatanodeService@43d84df1
2019-09-19 16:55:51,409 [main] INFO  ozone.MiniOzoneClusterImpl (MiniOzoneClusterImpl.java:lambda$waitForClusterToBeReady$0(142)) - Waiting for cluster to be ready. Got 0 of 3 DN Heartbeats.
2019-09-19 16:55:51,411 [org.apache.hadoop.util.JvmPauseMonitor$Monitor@424b5e8b] INFO  util.JvmPauseMonitor (JvmPauseMonitor.java:run(188)) - Starting JVM pause monitor
2019-09-19 16:55:51,413 [Datanode State Machine Thread - 0] INFO  datanode.InitDatanodeState (InitDatanodeState.java:persistContainerDatanodeDetails(140)) - DatanodeDetails is persisted to /workdir/hadoop-ozone/ozonefs/target/test-dir/MiniOzoneClusterImpl-65f4c353-11bb-4244-81c6-ae95f2aeb9fd/datanode-2/meta/datanode.id
2019-09-19 16:55:52,409 [main] INFO  ozone.MiniOzoneClusterImpl (MiniOzoneClusterImpl.java:lambda$waitForClusterToBeReady$0(142)) - Waiting for cluster to be ready. Got 0 of 3 DN Heartbeats.
2019-09-19 16:55:53,018 | INFO  | SCMAudit | user=jenkins1000 | ip=192.168.157.226 | op=GET_VERSION null | ret=SUCCESS |  
2019-09-19 16:55:53,034 [Datanode State Machine Thread - 0] INFO  ozoneimpl.OzoneContainer (OzoneContainer.java:start(186)) - Attempting to start container services.
2019-09-19 16:55:53,035 [Datanode State Machine Thread - 0] INFO  ozoneimpl.OzoneContainer (OzoneContainer.java:startContainerScrub(160)) - Background container scrubber has been disabled by hdds.containerscrub.enabled
2019-09-19 16:55:53,035 [Datanode State Machine Thread - 0] INFO  ratis.XceiverServerRatis (XceiverServerRatis.java:start(404)) - Starting XceiverServerRatis 699d69fc-f19c-45be-ba24-43c39d7e4d34 at port 0
2019-09-19 16:55:53,045 [Datanode State Machine Thread - 0] INFO  impl.RaftServerProxy (RaftServerProxy.java:lambda$start$3(299)) - 699d69fc-f19c-45be-ba24-43c39d7e4d34: start RPC server
2019-09-19 16:55:53,048 [Datanode State Machine Thread - 0] INFO  server.GrpcService (GrpcService.java:startImpl(149)) - 699d69fc-f19c-45be-ba24-43c39d7e4d34: GrpcService started, listening on 0.0.0.0/0.0.0.0:41018
2019-09-19 16:55:53,048 [Datanode State Machine Thread - 0] INFO  ratis.XceiverServerRatis (XceiverServerRatis.java:start(414)) - XceiverServerRatis 699d69fc-f19c-45be-ba24-43c39d7e4d34 is started using port 41018
2019-09-19 16:55:53,049 [Datanode State Machine Thread - 0] INFO  server.XceiverServerGrpc (XceiverServerGrpc.java:start(163)) - XceiverServerGrpc 699d69fc-f19c-45be-ba24-43c39d7e4d34 is started using port 39172
2019-09-19 16:55:53,217 | INFO  | SCMAudit | user=jenkins1000 | ip=192.168.157.226 | op=GET_VERSION null | ret=SUCCESS |  
2019-09-19 16:55:53,240 [Datanode State Machine Thread - 0] INFO  ozoneimpl.OzoneContainer (OzoneContainer.java:start(186)) - Attempting to start container services.
2019-09-19 16:55:53,240 [Datanode State Machine Thread - 0] INFO  ozoneimpl.OzoneContainer (OzoneContainer.java:startContainerScrub(160)) - Background container scrubber has been disabled by hdds.containerscrub.enabled
2019-09-19 16:55:53,240 [Datanode State Machine Thread - 0] INFO  ratis.XceiverServerRatis (XceiverServerRatis.java:start(404)) - Starting XceiverServerRatis ba0f7ce0-9099-4aca-b97a-21c3d5e7bc75 at port 0
2019-09-19 16:55:53,252 [Datanode State Machine Thread - 0] INFO  impl.RaftServerProxy (RaftServerProxy.java:lambda$start$3(299)) - ba0f7ce0-9099-4aca-b97a-21c3d5e7bc75: start RPC server
2019-09-19 16:55:53,254 [Datanode State Machine Thread - 0] INFO  server.GrpcService (GrpcService.java:startImpl(149)) - ba0f7ce0-9099-4aca-b97a-21c3d5e7bc75: GrpcService started, listening on 0.0.0.0/0.0.0.0:36543
2019-09-19 16:55:53,254 [Datanode State Machine Thread - 0] INFO  ratis.XceiverServerRatis (XceiverServerRatis.java:start(414)) - XceiverServerRatis ba0f7ce0-9099-4aca-b97a-21c3d5e7bc75 is started using port 36543
2019-09-19 16:55:53,257 [Datanode State Machine Thread - 0] INFO  server.XceiverServerGrpc (XceiverServerGrpc.java:start(163)) - XceiverServerGrpc ba0f7ce0-9099-4aca-b97a-21c3d5e7bc75 is started using port 38474
2019-09-19 16:55:53,410 [main] INFO  ozone.MiniOzoneClusterImpl (MiniOzoneClusterImpl.java:lambda$waitForClusterToBeReady$0(142)) - Waiting for cluster to be ready. Got 0 of 3 DN Heartbeats.
2019-09-19 16:55:53,412 | INFO  | SCMAudit | user=jenkins1000 | ip=192.168.157.226 | op=GET_VERSION null | ret=SUCCESS |  
2019-09-19 16:55:53,438 [Datanode State Machine Thread - 0] INFO  ozoneimpl.OzoneContainer (OzoneContainer.java:start(186)) - Attempting to start container services.
2019-09-19 16:55:53,438 [Datanode State Machine Thread - 0] INFO  ozoneimpl.OzoneContainer (OzoneContainer.java:startContainerScrub(160)) - Background container scrubber has been disabled by hdds.containerscrub.enabled
2019-09-19 16:55:53,438 [Datanode State Machine Thread - 0] INFO  ratis.XceiverServerRatis (XceiverServerRatis.java:start(404)) - Starting XceiverServerRatis 1e7690c8-db9a-4ad6-a3a5-5d50f051c03b at port 0
2019-09-19 16:55:53,448 [Datanode State Machine Thread - 0] INFO  impl.RaftServerProxy (RaftServerProxy.java:lambda$start$3(299)) - 1e7690c8-db9a-4ad6-a3a5-5d50f051c03b: start RPC server
2019-09-19 16:55:53,451 [Datanode State Machine Thread - 0] INFO  server.GrpcService (GrpcService.java:startImpl(149)) - 1e7690c8-db9a-4ad6-a3a5-5d50f051c03b: GrpcService started, listening on 0.0.0.0/0.0.0.0:40664
2019-09-19 16:55:53,451 [Datanode State Machine Thread - 0] INFO  ratis.XceiverServerRatis (XceiverServerRatis.java:start(414)) - XceiverServerRatis 1e7690c8-db9a-4ad6-a3a5-5d50f051c03b is started using port 40664
2019-09-19 16:55:53,451 [Datanode State Machine Thread - 0] INFO  server.XceiverServerGrpc (XceiverServerGrpc.java:start(163)) - XceiverServerGrpc 1e7690c8-db9a-4ad6-a3a5-5d50f051c03b is started using port 46709
2019-09-19 16:55:54,410 [main] INFO  ozone.MiniOzoneClusterImpl (MiniOzoneClusterImpl.java:lambda$waitForClusterToBeReady$0(142)) - Waiting for cluster to be ready. Got 0 of 3 DN Heartbeats.
2019-09-19 16:55:55,018 [IPC Server handler 2 on 35481] INFO  net.NetworkTopology (NetworkTopologyImpl.java:add(110)) - Added a new node: /default-rack/699d69fc-f19c-45be-ba24-43c39d7e4d34
2019-09-19 16:55:55,020 [IPC Server handler 2 on 35481] INFO  node.SCMNodeManager (SCMNodeManager.java:register(273)) - Registered Data node : 699d69fc-f19c-45be-ba24-43c39d7e4d34{ip: 192.168.157.226, host: pr-hdds-1569-swxfz-3172132826, networkLocation: /default-rack, certSerialId: null}
2019-09-19 16:55:55,021 [EventQueue-NodeRegistrationContainerReportForDataNodeSafeModeRule] INFO  safemode.SCMSafeModeManager (DataNodeSafeModeRule.java:process(71)) - SCM in safe mode. 1 DataNodes registered, 1 required.
2019-09-19 16:55:55,023 [EventQueue-NodeRegistrationContainerReportForDataNodeSafeModeRule] INFO  safemode.SCMSafeModeManager (SCMSafeModeManager.java:validateSafeModeExitRules(177)) - ScmSafeModeManager, all rules are successfully validated
2019-09-19 16:55:55,023 [EventQueue-NodeRegistrationContainerReportForDataNodeSafeModeRule] INFO  safemode.SCMSafeModeManager (SCMSafeModeManager.java:exitSafeMode(193)) - SCM exiting safe mode.
2019-09-19 16:55:55,023 | INFO  | SCMAudit | user=jenkins1000 | ip=192.168.157.226 | op=REGISTER {datanodeDetails=699d69fc-f19c-45be-ba24-43c39d7e4d34{ip: 192.168.157.226, host: pr-hdds-1569-swxfz-3172132826, networkLocation: /default-rack, certSerialId: null}} | ret=SUCCESS |  
2019-09-19 16:55:55,038 [grpc-default-executor-0] INFO  impl.RaftServerProxy (RaftServerProxy.java:addNew(89)) - 699d69fc-f19c-45be-ba24-43c39d7e4d34: addNew group-93F5E8E6C730:[699d69fc-f19c-45be-ba24-43c39d7e4d34:192.168.157.226:41018] returns group-93F5E8E6C730:java.util.concurrent.CompletableFuture@7e3a3703[Not completed]
2019-09-19 16:55:55,040 [pool-292-thread-1] INFO  impl.RaftServerImpl (RaftServerImpl.java:<init>(93)) - 699d69fc-f19c-45be-ba24-43c39d7e4d34: new RaftServerImpl for group-93F5E8E6C730:[699d69fc-f19c-45be-ba24-43c39d7e4d34:192.168.157.226:41018] with ContainerStateMachine:uninitialized
2019-09-19 16:55:55,040 [pool-292-thread-1] INFO  server.RaftServerConfigKeys (ConfUtils.java:logGet(43)) - raft.server.rpc.timeout.min = 5s (custom)
2019-09-19 16:55:55,040 [pool-292-thread-1] INFO  server.RaftServerConfigKeys (ConfUtils.java:logGet(43)) - raft.server.rpc.timeout.max = 5200ms (custom)
2019-09-19 16:55:55,040 [pool-292-thread-1] INFO  server.RaftServerConfigKeys (ConfUtils.java:logGet(43)) - raft.server.rpcslowness.timeout = 120s (custom)
2019-09-19 16:55:55,040 [pool-292-thread-1] INFO  server.RaftServerConfigKeys (ConfUtils.java:logGet(43)) - raft.server.sleep.deviation.threshold = 300 (default)
2019-09-19 16:55:55,041 [pool-292-thread-1] INFO  server.RaftServerConfigKeys (ConfUtils.java:logGet(43)) - raft.server.log.appender.install.snapshot.enabled = false (custom)
2019-09-19 16:55:55,041 [pool-292-thread-1] INFO  impl.RaftServerImpl (ServerState.java:<init>(105)) - 699d69fc-f19c-45be-ba24-43c39d7e4d34:group-93F5E8E6C730 ConfigurationManager, init=-1: [699d69fc-f19c-45be-ba24-43c39d7e4d34:192.168.157.226:41018], old=null, confs=<EMPTY_MAP>
2019-09-19 16:55:55,041 [pool-292-thread-1] INFO  server.RaftServerConfigKeys (ConfUtils.java:logGet(43)) - raft.server.storage.dir = [/workdir/hadoop-ozone/ozonefs/target/test-dir/MiniOzoneClusterImpl-65f4c353-11bb-4244-81c6-ae95f2aeb9fd/datanode-0/data/ratis] (custom)
2019-09-19 16:55:55,042 [pool-292-thread-1] INFO  storage.RaftStorageDirectory (RaftStorageDirectory.java:analyzeStorage(246)) - The storage directory /workdir/hadoop-ozone/ozonefs/target/test-dir/MiniOzoneClusterImpl-65f4c353-11bb-4244-81c6-ae95f2aeb9fd/datanode-0/data/ratis/3ab29665-d5be-4158-b6ea-93f5e8e6c730 does not exist. Creating ...
2019-09-19 16:55:55,055 [pool-292-thread-1] INFO  storage.RaftStorageDirectory (RaftStorageDirectory.java:tryLock(328)) - Lock on /workdir/hadoop-ozone/ozonefs/target/test-dir/MiniOzoneClusterImpl-65f4c353-11bb-4244-81c6-ae95f2aeb9fd/datanode-0/data/ratis/3ab29665-d5be-4158-b6ea-93f5e8e6c730/in_use.lock acquired by nodename 14771@pr-hdds-1569-swxfz-3172132826
2019-09-19 16:55:55,068 [pool-292-thread-1] INFO  storage.RaftStorage (RaftStorage.java:format(72)) - Storage directory /workdir/hadoop-ozone/ozonefs/target/test-dir/MiniOzoneClusterImpl-65f4c353-11bb-4244-81c6-ae95f2aeb9fd/datanode-0/data/ratis/3ab29665-d5be-4158-b6ea-93f5e8e6c730 has been successfully formatted.
2019-09-19 16:55:55,069 [pool-292-thread-1] INFO  ratis.ContainerStateMachine (ContainerStateMachine.java:loadSnapshot(226)) - group-93F5E8E6C730: The snapshot info is null. Setting the last applied indexto:(t:0, i:~)
2019-09-19 16:55:55,069 [pool-292-thread-1] INFO  server.RaftServerConfigKeys (ConfUtils.java:logGet(43)) - raft.server.leader.election.timeout = 120s (custom)
2019-09-19 16:55:55,070 [pool-292-thread-1] INFO  server.RaftServerConfigKeys (ConfUtils.java:logGet(43)) - raft.server.log.use.memory = false (default)
2019-09-19 16:55:55,070 [pool-292-thread-1] INFO  server.RaftServerConfigKeys (ConfUtils.java:logGet(43)) - raft.server.log.purge.gap = 1000000 (custom)
2019-09-19 16:55:55,070 [pool-292-thread-1] INFO  server.RaftServerConfigKeys (ConfUtils.java:logGet(43)) - raft.server.log.appender.buffer.byte-limit = 33554432 (custom)
2019-09-19 16:55:55,070 [pool-292-thread-1] INFO  server.RaftServerConfigKeys (ConfUtils.java:logGet(43)) - raft.server.log.segment.size.max = 1048576 (custom)
2019-09-19 16:55:55,071 [pool-292-thread-1] INFO  server.RaftServerConfigKeys (ConfUtils.java:logGet(43)) - raft.server.log.segment.cache.num.max = 2 (custom)
2019-09-19 16:55:55,071 [pool-292-thread-1] INFO  segmented.SegmentedRaftLogWorker (SegmentedRaftLogWorker.java:<init>(172)) - new 699d69fc-f19c-45be-ba24-43c39d7e4d34-SegmentedRaftLogWorker:Storage Directory /workdir/hadoop-ozone/ozonefs/target/test-dir/MiniOzoneClusterImpl-65f4c353-11bb-4244-81c6-ae95f2aeb9fd/datanode-0/data/ratis/3ab29665-d5be-4158-b6ea-93f5e8e6c730 for RaftStorage:Storage Directory /workdir/hadoop-ozone/ozonefs/target/test-dir/MiniOzoneClusterImpl-65f4c353-11bb-4244-81c6-ae95f2aeb9fd/datanode-0/data/ratis/3ab29665-d5be-4158-b6ea-93f5e8e6c730
2019-09-19 16:55:55,071 [pool-292-thread-1] INFO  server.RaftServerConfigKeys (ConfUtils.java:logGet(43)) - raft.server.log.queue.byte-limit = 2147483647 (custom)
2019-09-19 16:55:55,072 [pool-292-thread-1] INFO  server.RaftServerConfigKeys (ConfUtils.java:logGet(43)) - raft.server.log.queue.element-limit = 1024 (custom)
2019-09-19 16:55:55,072 [pool-292-thread-1] INFO  server.RaftServerConfigKeys (ConfUtils.java:logGet(43)) - raft.server.log.segment.size.max = 1048576 (custom)
2019-09-19 16:55:55,073 [pool-292-thread-1] INFO  server.RaftServerConfigKeys (ConfUtils.java:logGet(43)) - raft.server.log.preallocated.size = 16384 (custom)
2019-09-19 16:55:55,073 [pool-292-thread-1] INFO  server.RaftServerConfigKeys (ConfUtils.java:logGet(43)) - raft.server.log.write.buffer.size = 33554432 (custom)
2019-09-19 16:55:55,073 [pool-292-thread-1] INFO  server.RaftServerConfigKeys (ConfUtils.java:logGet(43)) - raft.server.log.force.sync.num = 128 (default)
2019-09-19 16:55:55,073 [pool-292-thread-1] INFO  server.RaftServerConfigKeys (ConfUtils.java:logGet(43)) - raft.server.log.statemachine.data.sync = true (default)
2019-09-19 16:55:55,073 [pool-292-thread-1] INFO  server.RaftServerConfigKeys (ConfUtils.java:logGet(43)) - raft.server.log.statemachine.data.sync.timeout = 10s (default)
2019-09-19 16:55:55,073 [pool-292-thread-1] INFO  server.RaftServerConfigKeys (ConfUtils.java:logGet(43)) - raft.server.log.statemachine.data.sync.timeout.retry = -1 (default)
2019-09-19 16:55:55,074 [pool-292-thread-1] INFO  server.RaftServerConfigKeys (ConfUtils.java:logGet(43)) - raft.server.log.statemachine.data.caching.enabled = true (custom)
2019-09-19 16:55:55,074 [pool-292-thread-1] INFO  segmented.SegmentedRaftLogWorker (SegmentedRaftLogWorker.java:lambda$new$0(132)) - 699d69fc-f19c-45be-ba24-43c39d7e4d34-SegmentedRaftLogWorker:Storage Directory /workdir/hadoop-ozone/ozonefs/target/test-dir/MiniOzoneClusterImpl-65f4c353-11bb-4244-81c6-ae95f2aeb9fd/datanode-0/data/ratis/3ab29665-d5be-4158-b6ea-93f5e8e6c730: flushIndex: setUnconditionally 0 -> -1
2019-09-19 16:55:55,075 [pool-292-thread-1] INFO  server.RaftServerConfigKeys (ConfUtils.java:logGet(43)) - raft.server.snapshot.auto.trigger.enabled = true (custom)
2019-09-19 16:55:55,075 [pool-292-thread-1] INFO  server.RaftServerConfigKeys (ConfUtils.java:logGet(43)) - raft.server.snapshot.auto.trigger.threshold = 10000 (custom)
2019-09-19 16:55:55,075 [pool-292-thread-1] INFO  server.RaftServerConfigKeys (ConfUtils.java:logGet(43)) - raft.server.retrycache.expirytime = 600000ms (custom)
2019-09-19 16:55:55,075 [pool-292-thread-1] INFO  impl.RaftServerImpl (RaftServerImpl.java:start(180)) - 699d69fc-f19c-45be-ba24-43c39d7e4d34: start group-93F5E8E6C730
2019-09-19 16:55:55,076 [pool-292-thread-1] INFO  impl.RaftServerImpl (RaftServerImpl.java:setRole(171)) - 699d69fc-f19c-45be-ba24-43c39d7e4d34:group-93F5E8E6C730 changes role from null to FOLLOWER at term 0 for startAsFollower
2019-09-19 16:55:55,076 [pool-292-thread-1] INFO  impl.RoleInfo (RoleInfo.java:updateAndGet(143)) - 699d69fc-f19c-45be-ba24-43c39d7e4d34: start FollowerState
2019-09-19 16:55:55,076 [pool-292-thread-1] INFO  util.JmxRegister (JmxRegister.java:tryRegister(44)) - Successfully registered JMX Bean with object name Ratis:service=RaftServer,group=group-93F5E8E6C730,id=699d69fc-f19c-45be-ba24-43c39d7e4d34
2019-09-19 16:55:55,081 [RatisPipelineUtilsThread] INFO  pipeline.PipelineStateManager (PipelineStateManager.java:addPipeline(56)) - Created pipeline Pipeline[ Id: 3ab29665-d5be-4158-b6ea-93f5e8e6c730, Nodes: 699d69fc-f19c-45be-ba24-43c39d7e4d34{ip: 192.168.157.226, host: pr-hdds-1569-swxfz-3172132826, networkLocation: /default-rack, certSerialId: null}, Type:RATIS, Factor:ONE, State:OPEN]
2019-09-19 16:55:55,087 [grpc-default-executor-0] INFO  impl.RaftServerProxy (RaftServerProxy.java:addNew(89)) - 699d69fc-f19c-45be-ba24-43c39d7e4d34: addNew group-1AF18C2F95F8:[699d69fc-f19c-45be-ba24-43c39d7e4d34:192.168.157.226:41018] returns group-1AF18C2F95F8:java.util.concurrent.CompletableFuture@4f8e8c08[Not completed]
2019-09-19 16:55:55,087 [pool-292-thread-1] INFO  impl.RaftServerImpl (RaftServerImpl.java:<init>(93)) - 699d69fc-f19c-45be-ba24-43c39d7e4d34: new RaftServerImpl for group-1AF18C2F95F8:[699d69fc-f19c-45be-ba24-43c39d7e4d34:192.168.157.226:41018] with ContainerStateMachine:uninitialized
2019-09-19 16:55:55,088 [pool-292-thread-1] INFO  server.RaftServerConfigKeys (ConfUtils.java:logGet(43)) - raft.server.rpc.timeout.min = 5s (custom)
2019-09-19 16:55:55,088 [pool-292-thread-1] INFO  server.RaftServerConfigKeys (ConfUtils.java:logGet(43)) - raft.server.rpc.timeout.max = 5200ms (custom)
2019-09-19 16:55:55,088 [pool-292-thread-1] INFO  server.RaftServerConfigKeys (ConfUtils.java:logGet(43)) - raft.server.rpcslowness.timeout = 120s (custom)
2019-09-19 16:55:55,088 [pool-292-thread-1] INFO  server.RaftServerConfigKeys (ConfUtils.java:logGet(43)) - raft.server.sleep.deviation.threshold = 300 (default)
2019-09-19 16:55:55,088 [pool-292-thread-1] INFO  server.RaftServerConfigKeys (ConfUtils.java:logGet(43)) - raft.server.log.appender.install.snapshot.enabled = false (custom)
2019-09-19 16:55:55,088 [pool-292-thread-1] INFO  impl.RaftServerImpl (ServerState.java:<init>(105)) - 699d69fc-f19c-45be-ba24-43c39d7e4d34:group-1AF18C2F95F8 ConfigurationManager, init=-1: [699d69fc-f19c-45be-ba24-43c39d7e4d34:192.168.157.226:41018], old=null, confs=<EMPTY_MAP>
2019-09-19 16:55:55,088 [pool-292-thread-1] INFO  server.RaftServerConfigKeys (ConfUtils.java:logGet(43)) - raft.server.storage.dir = [/workdir/hadoop-ozone/ozonefs/target/test-dir/MiniOzoneClusterImpl-65f4c353-11bb-4244-81c6-ae95f2aeb9fd/datanode-0/data/ratis] (custom)
2019-09-19 16:55:55,089 [pool-292-thread-1] INFO  storage.RaftStorageDirectory (RaftStorageDirectory.java:analyzeStorage(246)) - The storage directory /workdir/hadoop-ozone/ozonefs/target/test-dir/MiniOzoneClusterImpl-65f4c353-11bb-4244-81c6-ae95f2aeb9fd/datanode-0/data/ratis/a53aa019-13b4-4ee3-bea7-1af18c2f95f8 does not exist. Creating ...
2019-09-19 16:55:55,103 [pool-292-thread-1] INFO  storage.RaftStorageDirectory (RaftStorageDirectory.java:tryLock(328)) - Lock on /workdir/hadoop-ozone/ozonefs/target/test-dir/MiniOzoneClusterImpl-65f4c353-11bb-4244-81c6-ae95f2aeb9fd/datanode-0/data/ratis/a53aa019-13b4-4ee3-bea7-1af18c2f95f8/in_use.lock acquired by nodename 14771@pr-hdds-1569-swxfz-3172132826
2019-09-19 16:55:55,116 [pool-292-thread-1] INFO  storage.RaftStorage (RaftStorage.java:format(72)) - Storage directory /workdir/hadoop-ozone/ozonefs/target/test-dir/MiniOzoneClusterImpl-65f4c353-11bb-4244-81c6-ae95f2aeb9fd/datanode-0/data/ratis/a53aa019-13b4-4ee3-bea7-1af18c2f95f8 has been successfully formatted.
2019-09-19 16:55:55,117 [pool-292-thread-1] INFO  ratis.ContainerStateMachine (ContainerStateMachine.java:loadSnapshot(226)) - group-1AF18C2F95F8: The snapshot info is null. Setting the last applied indexto:(t:0, i:~)
2019-09-19 16:55:55,117 [pool-292-thread-1] INFO  server.RaftServerConfigKeys (ConfUtils.java:logGet(43)) - raft.server.leader.election.timeout = 120s (custom)
2019-09-19 16:55:55,117 [pool-292-thread-1] INFO  server.RaftServerConfigKeys (ConfUtils.java:logGet(43)) - raft.server.log.use.memory = false (default)
2019-09-19 16:55:55,117 [pool-292-thread-1] INFO  server.RaftServerConfigKeys (ConfUtils.java:logGet(43)) - raft.server.log.purge.gap = 1000000 (custom)
2019-09-19 16:55:55,117 [pool-292-thread-1] INFO  server.RaftServerConfigKeys (ConfUtils.java:logGet(43)) - raft.server.log.appender.buffer.byte-limit = 33554432 (custom)
2019-09-19 16:55:55,117 [pool-292-thread-1] INFO  server.RaftServerConfigKeys (ConfUtils.java:logGet(43)) - raft.server.log.segment.size.max = 1048576 (custom)
2019-09-19 16:55:55,117 [pool-292-thread-1] INFO  server.RaftServerConfigKeys (ConfUtils.java:logGet(43)) - raft.server.log.segment.cache.num.max = 2 (custom)
2019-09-19 16:55:55,118 [pool-292-thread-1] INFO  segmented.SegmentedRaftLogWorker (SegmentedRaftLogWorker.java:<init>(172)) - new 699d69fc-f19c-45be-ba24-43c39d7e4d34-SegmentedRaftLogWorker:Storage Directory /workdir/hadoop-ozone/ozonefs/target/test-dir/MiniOzoneClusterImpl-65f4c353-11bb-4244-81c6-ae95f2aeb9fd/datanode-0/data/ratis/a53aa019-13b4-4ee3-bea7-1af18c2f95f8 for RaftStorage:Storage Directory /workdir/hadoop-ozone/ozonefs/target/test-dir/MiniOzoneClusterImpl-65f4c353-11bb-4244-81c6-ae95f2aeb9fd/datanode-0/data/ratis/a53aa019-13b4-4ee3-bea7-1af18c2f95f8
2019-09-19 16:55:55,118 [pool-292-thread-1] INFO  server.RaftServerConfigKeys (ConfUtils.java:logGet(43)) - raft.server.log.queue.byte-limit = 2147483647 (custom)
2019-09-19 16:55:55,118 [pool-292-thread-1] INFO  server.RaftServerConfigKeys (ConfUtils.java:logGet(43)) - raft.server.log.queue.element-limit = 1024 (custom)
2019-09-19 16:55:55,118 [pool-292-thread-1] INFO  server.RaftServerConfigKeys (ConfUtils.java:logGet(43)) - raft.server.log.segment.size.max = 1048576 (custom)
2019-09-19 16:55:55,118 [pool-292-thread-1] INFO  server.RaftServerConfigKeys (ConfUtils.java:logGet(43)) - raft.server.log.preallocated.size = 16384 (custom)
2019-09-19 16:55:55,118 [pool-292-thread-1] INFO  server.RaftServerConfigKeys (ConfUtils.java:logGet(43)) - raft.server.log.write.buffer.size = 33554432 (custom)
2019-09-19 16:55:55,118 [pool-292-thread-1] INFO  server.RaftServerConfigKeys (ConfUtils.java:logGet(43)) - raft.server.log.force.sync.num = 128 (default)
2019-09-19 16:55:55,118 [pool-292-thread-1] INFO  server.RaftServerConfigKeys (ConfUtils.java:logGet(43)) - raft.server.log.statemachine.data.sync = true (default)
2019-09-19 16:55:55,119 [pool-292-thread-1] INFO  server.RaftServerConfigKeys (ConfUtils.java:logGet(43)) - raft.server.log.statemachine.data.sync.timeout = 10s (default)
2019-09-19 16:55:55,119 [pool-292-thread-1] INFO  server.RaftServerConfigKeys (ConfUtils.java:logGet(43)) - raft.server.log.statemachine.data.sync.timeout.retry = -1 (default)
2019-09-19 16:55:55,119 [pool-292-thread-1] INFO  server.RaftServerConfigKeys (ConfUtils.java:logGet(43)) - raft.server.log.statemachine.data.caching.enabled = true (custom)
2019-09-19 16:55:55,119 [pool-292-thread-1] INFO  segmented.SegmentedRaftLogWorker (SegmentedRaftLogWorker.java:lambda$new$0(132)) - 699d69fc-f19c-45be-ba24-43c39d7e4d34-SegmentedRaftLogWorker:Storage Directory /workdir/hadoop-ozone/ozonefs/target/test-dir/MiniOzoneClusterImpl-65f4c353-11bb-4244-81c6-ae95f2aeb9fd/datanode-0/data/ratis/a53aa019-13b4-4ee3-bea7-1af18c2f95f8: flushIndex: setUnconditionally 0 -> -1
2019-09-19 16:55:55,120 [pool-292-thread-1] INFO  server.RaftServerConfigKeys (ConfUtils.java:logGet(43)) - raft.server.snapshot.auto.trigger.enabled = true (custom)
2019-09-19 16:55:55,120 [pool-292-thread-1] INFO  server.RaftServerConfigKeys (ConfUtils.java:logGet(43)) - raft.server.snapshot.auto.trigger.threshold = 10000 (custom)
2019-09-19 16:55:55,120 [pool-292-thread-1] INFO  server.RaftServerConfigKeys (ConfUtils.java:logGet(43)) - raft.server.retrycache.expirytime = 600000ms (custom)
2019-09-19 16:55:55,120 [pool-292-thread-1] INFO  impl.RaftServerImpl (RaftServerImpl.java:start(180)) - 699d69fc-f19c-45be-ba24-43c39d7e4d34: start group-1AF18C2F95F8
2019-09-19 16:55:55,120 [pool-292-thread-1] INFO  impl.RaftServerImpl (RaftServerImpl.java:setRole(171)) - 699d69fc-f19c-45be-ba24-43c39d7e4d34:group-1AF18C2F95F8 changes role from null to FOLLOWER at term 0 for startAsFollower
2019-09-19 16:55:55,120 [pool-292-thread-1] INFO  impl.RoleInfo (RoleInfo.java:updateAndGet(143)) - 699d69fc-f19c-45be-ba24-43c39d7e4d34: start FollowerState
2019-09-19 16:55:55,121 [pool-292-thread-1] INFO  util.JmxRegister (JmxRegister.java:tryRegister(44)) - Successfully registered JMX Bean with object name Ratis:service=RaftServer,group=group-1AF18C2F95F8,id=699d69fc-f19c-45be-ba24-43c39d7e4d34
2019-09-19 16:55:55,124 [RatisPipelineUtilsThread] INFO  pipeline.PipelineStateManager (PipelineStateManager.java:addPipeline(56)) - Created pipeline Pipeline[ Id: a53aa019-13b4-4ee3-bea7-1af18c2f95f8, Nodes: 699d69fc-f19c-45be-ba24-43c39d7e4d34{ip: 192.168.157.226, host: pr-hdds-1569-swxfz-3172132826, networkLocation: /default-rack, certSerialId: null}, Type:RATIS, Factor:ONE, State:OPEN]
2019-09-19 16:55:55,129 [grpc-default-executor-0] INFO  impl.RaftServerProxy (RaftServerProxy.java:addNew(89)) - 699d69fc-f19c-45be-ba24-43c39d7e4d34: addNew group-69CC92F6DA6E:[699d69fc-f19c-45be-ba24-43c39d7e4d34:192.168.157.226:41018] returns group-69CC92F6DA6E:java.util.concurrent.CompletableFuture@1e15c84c[Not completed]
2019-09-19 16:55:55,130 [pool-292-thread-1] INFO  impl.RaftServerImpl (RaftServerImpl.java:<init>(93)) - 699d69fc-f19c-45be-ba24-43c39d7e4d34: new RaftServerImpl for group-69CC92F6DA6E:[699d69fc-f19c-45be-ba24-43c39d7e4d34:192.168.157.226:41018] with ContainerStateMachine:uninitialized
2019-09-19 16:55:55,130 [pool-292-thread-1] INFO  server.RaftServerConfigKeys (ConfUtils.java:logGet(43)) - raft.server.rpc.timeout.min = 5s (custom)
2019-09-19 16:55:55,131 [pool-292-thread-1] INFO  server.RaftServerConfigKeys (ConfUtils.java:logGet(43)) - raft.server.rpc.timeout.max = 5200ms (custom)
2019-09-19 16:55:55,131 [pool-292-thread-1] INFO  server.RaftServerConfigKeys (ConfUtils.java:logGet(43)) - raft.server.rpcslowness.timeout = 120s (custom)
2019-09-19 16:55:55,131 [pool-292-thread-1] INFO  server.RaftServerConfigKeys (ConfUtils.java:logGet(43)) - raft.server.sleep.deviation.threshold = 300 (default)
2019-09-19 16:55:55,131 [pool-292-thread-1] INFO  server.RaftServerConfigKeys (ConfUtils.java:logGet(43)) - raft.server.log.appender.install.snapshot.enabled = false (custom)
2019-09-19 16:55:55,131 [pool-292-thread-1] INFO  impl.RaftServerImpl (ServerState.java:<init>(105)) - 699d69fc-f19c-45be-ba24-43c39d7e4d34:group-69CC92F6DA6E ConfigurationManager, init=-1: [699d69fc-f19c-45be-ba24-43c39d7e4d34:192.168.157.226:41018], old=null, confs=<EMPTY_MAP>
2019-09-19 16:55:55,131 [pool-292-thread-1] INFO  server.RaftServerConfigKeys (ConfUtils.java:logGet(43)) - raft.server.storage.dir = [/workdir/hadoop-ozone/ozonefs/target/test-dir/MiniOzoneClusterImpl-65f4c353-11bb-4244-81c6-ae95f2aeb9fd/datanode-0/data/ratis] (custom)
2019-09-19 16:55:55,132 [pool-292-thread-1] INFO  storage.RaftStorageDirectory (RaftStorageDirectory.java:analyzeStorage(246)) - The storage directory /workdir/hadoop-ozone/ozonefs/target/test-dir/MiniOzoneClusterImpl-65f4c353-11bb-4244-81c6-ae95f2aeb9fd/datanode-0/data/ratis/bb599e28-7b2b-493d-9a30-69cc92f6da6e does not exist. Creating ...
2019-09-19 16:55:55,144 [pool-292-thread-1] INFO  storage.RaftStorageDirectory (RaftStorageDirectory.java:tryLock(328)) - Lock on /workdir/hadoop-ozone/ozonefs/target/test-dir/MiniOzoneClusterImpl-65f4c353-11bb-4244-81c6-ae95f2aeb9fd/datanode-0/data/ratis/bb599e28-7b2b-493d-9a30-69cc92f6da6e/in_use.lock acquired by nodename 14771@pr-hdds-1569-swxfz-3172132826
2019-09-19 16:55:55,147 [pool-292-thread-1] INFO  storage.RaftStorage (RaftStorage.java:format(72)) - Storage directory /workdir/hadoop-ozone/ozonefs/target/test-dir/MiniOzoneClusterImpl-65f4c353-11bb-4244-81c6-ae95f2aeb9fd/datanode-0/data/ratis/bb599e28-7b2b-493d-9a30-69cc92f6da6e has been successfully formatted.
2019-09-19 16:55:55,147 [pool-292-thread-1] INFO  ratis.ContainerStateMachine (ContainerStateMachine.java:loadSnapshot(226)) - group-69CC92F6DA6E: The snapshot info is null. Setting the last applied indexto:(t:0, i:~)
2019-09-19 16:55:55,148 [pool-292-thread-1] INFO  server.RaftServerConfigKeys (ConfUtils.java:logGet(43)) - raft.server.leader.election.timeout = 120s (custom)
2019-09-19 16:55:55,148 [pool-292-thread-1] INFO  server.RaftServerConfigKeys (ConfUtils.java:logGet(43)) - raft.server.log.use.memory = false (default)
2019-09-19 16:55:55,148 [pool-292-thread-1] INFO  server.RaftServerConfigKeys (ConfUtils.java:logGet(43)) - raft.server.log.purge.gap = 1000000 (custom)
2019-09-19 16:55:55,148 [pool-292-thread-1] INFO  server.RaftServerConfigKeys (ConfUtils.java:logGet(43)) - raft.server.log.appender.buffer.byte-limit = 33554432 (custom)
2019-09-19 16:55:55,148 [pool-292-thread-1] INFO  server.RaftServerConfigKeys (ConfUtils.java:logGet(43)) - raft.server.log.segment.size.max = 1048576 (custom)
2019-09-19 16:55:55,148 [pool-292-thread-1] INFO  server.RaftServerConfigKeys (ConfUtils.java:logGet(43)) - raft.server.log.segment.cache.num.max = 2 (custom)
2019-09-19 16:55:55,148 [pool-292-thread-1] INFO  segmented.SegmentedRaftLogWorker (SegmentedRaftLogWorker.java:<init>(172)) - new 699d69fc-f19c-45be-ba24-43c39d7e4d34-SegmentedRaftLogWorker:Storage Directory /workdir/hadoop-ozone/ozonefs/target/test-dir/MiniOzoneClusterImpl-65f4c353-11bb-4244-81c6-ae95f2aeb9fd/datanode-0/data/ratis/bb599e28-7b2b-493d-9a30-69cc92f6da6e for RaftStorage:Storage Directory /workdir/hadoop-ozone/ozonefs/target/test-dir/MiniOzoneClusterImpl-65f4c353-11bb-4244-81c6-ae95f2aeb9fd/datanode-0/data/ratis/bb599e28-7b2b-493d-9a30-69cc92f6da6e
2019-09-19 16:55:55,148 [pool-292-thread-1] INFO  server.RaftServerConfigKeys (ConfUtils.java:logGet(43)) - raft.server.log.queue.byte-limit = 2147483647 (custom)
2019-09-19 16:55:55,148 [pool-292-thread-1] INFO  server.RaftServerConfigKeys (ConfUtils.java:logGet(43)) - raft.server.log.queue.element-limit = 1024 (custom)
2019-09-19 16:55:55,149 [pool-292-thread-1] INFO  server.RaftServerConfigKeys (ConfUtils.java:logGet(43)) - raft.server.log.segment.size.max = 1048576 (custom)
2019-09-19 16:55:55,149 [pool-292-thread-1] INFO  server.RaftServerConfigKeys (ConfUtils.java:logGet(43)) - raft.server.log.preallocated.size = 16384 (custom)
2019-09-19 16:55:55,149 [pool-292-thread-1] INFO  server.RaftServerConfigKeys (ConfUtils.java:logGet(43)) - raft.server.log.write.buffer.size = 33554432 (custom)
2019-09-19 16:55:55,149 [pool-292-thread-1] INFO  server.RaftServerConfigKeys (ConfUtils.java:logGet(43)) - raft.server.log.force.sync.num = 128 (default)
2019-09-19 16:55:55,149 [pool-292-thread-1] INFO  server.RaftServerConfigKeys (ConfUtils.java:logGet(43)) - raft.server.log.statemachine.data.sync = true (default)
2019-09-19 16:55:55,149 [pool-292-thread-1] INFO  server.RaftServerConfigKeys (ConfUtils.java:logGet(43)) - raft.server.log.statemachine.data.sync.timeout = 10s (default)
2019-09-19 16:55:55,149 [pool-292-thread-1] INFO  server.RaftServerConfigKeys (ConfUtils.java:logGet(43)) - raft.server.log.statemachine.data.sync.timeout.retry = -1 (default)
2019-09-19 16:55:55,149 [pool-292-thread-1] INFO  server.RaftServerConfigKeys (ConfUtils.java:logGet(43)) - raft.server.log.statemachine.data.caching.enabled = true (custom)
2019-09-19 16:55:55,150 [pool-292-thread-1] INFO  segmented.SegmentedRaftLogWorker (SegmentedRaftLogWorker.java:lambda$new$0(132)) - 699d69fc-f19c-45be-ba24-43c39d7e4d34-SegmentedRaftLogWorker:Storage Directory /workdir/hadoop-ozone/ozonefs/target/test-dir/MiniOzoneClusterImpl-65f4c353-11bb-4244-81c6-ae95f2aeb9fd/datanode-0/data/ratis/bb599e28-7b2b-493d-9a30-69cc92f6da6e: flushIndex: setUnconditionally 0 -> -1
2019-09-19 16:55:55,150 [pool-292-thread-1] INFO  server.RaftServerConfigKeys (ConfUtils.java:logGet(43)) - raft.server.snapshot.auto.trigger.enabled = true (custom)
2019-09-19 16:55:55,150 [pool-292-thread-1] INFO  server.RaftServerConfigKeys (ConfUtils.java:logGet(43)) - raft.server.snapshot.auto.trigger.threshold = 10000 (custom)
2019-09-19 16:55:55,150 [pool-292-thread-1] INFO  server.RaftServerConfigKeys (ConfUtils.java:logGet(43)) - raft.server.retrycache.expirytime = 600000ms (custom)
2019-09-19 16:55:55,150 [pool-292-thread-1] INFO  impl.RaftServerImpl (RaftServerImpl.java:start(180)) - 699d69fc-f19c-45be-ba24-43c39d7e4d34: start group-69CC92F6DA6E
2019-09-19 16:55:55,150 [pool-292-thread-1] INFO  impl.RaftServerImpl (RaftServerImpl.java:setRole(171)) - 699d69fc-f19c-45be-ba24-43c39d7e4d34:group-69CC92F6DA6E changes role from null to FOLLOWER at term 0 for startAsFollower
2019-09-19 16:55:55,151 [pool-292-thread-1] INFO  impl.RoleInfo (RoleInfo.java:updateAndGet(143)) - 699d69fc-f19c-45be-ba24-43c39d7e4d34: start FollowerState
2019-09-19 16:55:55,151 [pool-292-thread-1] INFO  util.JmxRegister (JmxRegister.java:tryRegister(44)) - Successfully registered JMX Bean with object name Ratis:service=RaftServer,group=group-69CC92F6DA6E,id=699d69fc-f19c-45be-ba24-43c39d7e4d34
2019-09-19 16:55:55,154 [RatisPipelineUtilsThread] INFO  pipeline.PipelineStateManager (PipelineStateManager.java:addPipeline(56)) - Created pipeline Pipeline[ Id: bb599e28-7b2b-493d-9a30-69cc92f6da6e, Nodes: 699d69fc-f19c-45be-ba24-43c39d7e4d34{ip: 192.168.157.226, host: pr-hdds-1569-swxfz-3172132826, networkLocation: /default-rack, certSerialId: null}, Type:RATIS, Factor:ONE, State:OPEN]
2019-09-19 16:55:55,158 [grpc-default-executor-0] INFO  impl.RaftServerProxy (RaftServerProxy.java:addNew(89)) - 699d69fc-f19c-45be-ba24-43c39d7e4d34: addNew group-5A628DB9F318:[699d69fc-f19c-45be-ba24-43c39d7e4d34:192.168.157.226:41018] returns group-5A628DB9F318:java.util.concurrent.CompletableFuture@58ec2ad2[Not completed]
2019-09-19 16:55:55,159 [pool-292-thread-1] INFO  impl.RaftServerImpl (RaftServerImpl.java:<init>(93)) - 699d69fc-f19c-45be-ba24-43c39d7e4d34: new RaftServerImpl for group-5A628DB9F318:[699d69fc-f19c-45be-ba24-43c39d7e4d34:192.168.157.226:41018] with ContainerStateMachine:uninitialized
2019-09-19 16:55:55,159 [pool-292-thread-1] INFO  server.RaftServerConfigKeys (ConfUtils.java:logGet(43)) - raft.server.rpc.timeout.min = 5s (custom)
2019-09-19 16:55:55,159 [pool-292-thread-1] INFO  server.RaftServerConfigKeys (ConfUtils.java:logGet(43)) - raft.server.rpc.timeout.max = 5200ms (custom)
2019-09-19 16:55:55,159 [pool-292-thread-1] INFO  server.RaftServerConfigKeys (ConfUtils.java:logGet(43)) - raft.server.rpcslowness.timeout = 120s (custom)
2019-09-19 16:55:55,159 [pool-292-thread-1] INFO  server.RaftServerConfigKeys (ConfUtils.java:logGet(43)) - raft.server.sleep.deviation.threshold = 300 (default)
2019-09-19 16:55:55,160 [pool-292-thread-1] INFO  server.RaftServerConfigKeys (ConfUtils.java:logGet(43)) - raft.server.log.appender.install.snapshot.enabled = false (custom)
2019-09-19 16:55:55,160 [pool-292-thread-1] INFO  impl.RaftServerImpl (ServerState.java:<init>(105)) - 699d69fc-f19c-45be-ba24-43c39d7e4d34:group-5A628DB9F318 ConfigurationManager, init=-1: [699d69fc-f19c-45be-ba24-43c39d7e4d34:192.168.157.226:41018], old=null, confs=<EMPTY_MAP>
2019-09-19 16:55:55,160 [pool-292-thread-1] INFO  server.RaftServerConfigKeys (ConfUtils.java:logGet(43)) - raft.server.storage.dir = [/workdir/hadoop-ozone/ozonefs/target/test-dir/MiniOzoneClusterImpl-65f4c353-11bb-4244-81c6-ae95f2aeb9fd/datanode-0/data/ratis] (custom)
2019-09-19 16:55:55,160 [pool-292-thread-1] INFO  storage.RaftStorageDirectory (RaftStorageDirectory.java:analyzeStorage(246)) - The storage directory /workdir/hadoop-ozone/ozonefs/target/test-dir/MiniOzoneClusterImpl-65f4c353-11bb-4244-81c6-ae95f2aeb9fd/datanode-0/data/ratis/5010766f-1736-46ec-949c-5a628db9f318 does not exist. Creating ...
2019-09-19 16:55:55,163 [pool-292-thread-1] INFO  storage.RaftStorageDirectory (RaftStorageDirectory.java:tryLock(328)) - Lock on /workdir/hadoop-ozone/ozonefs/target/test-dir/MiniOzoneClusterImpl-65f4c353-11bb-4244-81c6-ae95f2aeb9fd/datanode-0/data/ratis/5010766f-1736-46ec-949c-5a628db9f318/in_use.lock acquired by nodename 14771@pr-hdds-1569-swxfz-3172132826
2019-09-19 16:55:55,167 [pool-292-thread-1] INFO  storage.RaftStorage (RaftStorage.java:format(72)) - Storage directory /workdir/hadoop-ozone/ozonefs/target/test-dir/MiniOzoneClusterImpl-65f4c353-11bb-4244-81c6-ae95f2aeb9fd/datanode-0/data/ratis/5010766f-1736-46ec-949c-5a628db9f318 has been successfully formatted.
2019-09-19 16:55:55,167 [pool-292-thread-1] INFO  ratis.ContainerStateMachine (ContainerStateMachine.java:loadSnapshot(226)) - group-5A628DB9F318: The snapshot info is null. Setting the last applied indexto:(t:0, i:~)
2019-09-19 16:55:55,167 [pool-292-thread-1] INFO  server.RaftServerConfigKeys (ConfUtils.java:logGet(43)) - raft.server.leader.election.timeout = 120s (custom)
2019-09-19 16:55:55,167 [pool-292-thread-1] INFO  server.RaftServerConfigKeys (ConfUtils.java:logGet(43)) - raft.server.log.use.memory = false (default)
2019-09-19 16:55:55,167 [pool-292-thread-1] INFO  server.RaftServerConfigKeys (ConfUtils.java:logGet(43)) - raft.server.log.purge.gap = 1000000 (custom)
2019-09-19 16:55:55,167 [pool-292-thread-1] INFO  server.RaftServerConfigKeys (ConfUtils.java:logGet(43)) - raft.server.log.appender.buffer.byte-limit = 33554432 (custom)
2019-09-19 16:55:55,168 [pool-292-thread-1] INFO  server.RaftServerConfigKeys (ConfUtils.java:logGet(43)) - raft.server.log.segment.size.max = 1048576 (custom)
2019-09-19 16:55:55,168 [pool-292-thread-1] INFO  server.RaftServerConfigKeys (ConfUtils.java:logGet(43)) - raft.server.log.segment.cache.num.max = 2 (custom)
2019-09-19 16:55:55,168 [pool-292-thread-1] INFO  segmented.SegmentedRaftLogWorker (SegmentedRaftLogWorker.java:<init>(172)) - new 699d69fc-f19c-45be-ba24-43c39d7e4d34-SegmentedRaftLogWorker:Storage Directory /workdir/hadoop-ozone/ozonefs/target/test-dir/MiniOzoneClusterImpl-65f4c353-11bb-4244-81c6-ae95f2aeb9fd/datanode-0/data/ratis/5010766f-1736-46ec-949c-5a628db9f318 for RaftStorage:Storage Directory /workdir/hadoop-ozone/ozonefs/target/test-dir/MiniOzoneClusterImpl-65f4c353-11bb-4244-81c6-ae95f2aeb9fd/datanode-0/data/ratis/5010766f-1736-46ec-949c-5a628db9f318
2019-09-19 16:55:55,168 [pool-292-thread-1] INFO  server.RaftServerConfigKeys (ConfUtils.java:logGet(43)) - raft.server.log.queue.byte-limit = 2147483647 (custom)
2019-09-19 16:55:55,168 [pool-292-thread-1] INFO  server.RaftServerConfigKeys (ConfUtils.java:logGet(43)) - raft.server.log.queue.element-limit = 1024 (custom)
2019-09-19 16:55:55,168 [pool-292-thread-1] INFO  server.RaftServerConfigKeys (ConfUtils.java:logGet(43)) - raft.server.log.segment.size.max = 1048576 (custom)
2019-09-19 16:55:55,168 [pool-292-thread-1] INFO  server.RaftServerConfigKeys (ConfUtils.java:logGet(43)) - raft.server.log.preallocated.size = 16384 (custom)
2019-09-19 16:55:55,169 [pool-292-thread-1] INFO  server.RaftServerConfigKeys (ConfUtils.java:logGet(43)) - raft.server.log.write.buffer.size = 33554432 (custom)
2019-09-19 16:55:55,169 [pool-292-thread-1] INFO  server.RaftServerConfigKeys (ConfUtils.java:logGet(43)) - raft.server.log.force.sync.num = 128 (default)
2019-09-19 16:55:55,169 [pool-292-thread-1] INFO  server.RaftServerConfigKeys (ConfUtils.java:logGet(43)) - raft.server.log.statemachine.data.sync = true (default)
2019-09-19 16:55:55,169 [pool-292-thread-1] INFO  server.RaftServerConfigKeys (ConfUtils.java:logGet(43)) - raft.server.log.statemachine.data.sync.timeout = 10s (default)
2019-09-19 16:55:55,169 [pool-292-thread-1] INFO  server.RaftServerConfigKeys (ConfUtils.java:logGet(43)) - raft.server.log.statemachine.data.sync.timeout.retry = -1 (default)
2019-09-19 16:55:55,169 [pool-292-thread-1] INFO  server.RaftServerConfigKeys (ConfUtils.java:logGet(43)) - raft.server.log.statemachine.data.caching.enabled = true (custom)
2019-09-19 16:55:55,169 [pool-292-thread-1] INFO  segmented.SegmentedRaftLogWorker (SegmentedRaftLogWorker.java:lambda$new$0(132)) - 699d69fc-f19c-45be-ba24-43c39d7e4d34-SegmentedRaftLogWorker:Storage Directory /workdir/hadoop-ozone/ozonefs/target/test-dir/MiniOzoneClusterImpl-65f4c353-11bb-4244-81c6-ae95f2aeb9fd/datanode-0/data/ratis/5010766f-1736-46ec-949c-5a628db9f318: flushIndex: setUnconditionally 0 -> -1
2019-09-19 16:55:55,170 [pool-292-thread-1] INFO  server.RaftServerConfigKeys (ConfUtils.java:logGet(43)) - raft.server.snapshot.auto.trigger.enabled = true (custom)
2019-09-19 16:55:55,170 [pool-292-thread-1] INFO  server.RaftServerConfigKeys (ConfUtils.java:logGet(43)) - raft.server.snapshot.auto.trigger.threshold = 10000 (custom)
2019-09-19 16:55:55,170 [pool-292-thread-1] INFO  server.RaftServerConfigKeys (ConfUtils.java:logGet(43)) - raft.server.retrycache.expirytime = 600000ms (custom)
2019-09-19 16:55:55,170 [pool-292-thread-1] INFO  impl.RaftServerImpl (RaftServerImpl.java:start(180)) - 699d69fc-f19c-45be-ba24-43c39d7e4d34: start group-5A628DB9F318
2019-09-19 16:55:55,170 [pool-292-thread-1] INFO  impl.RaftServerImpl (RaftServerImpl.java:setRole(171)) - 699d69fc-f19c-45be-ba24-43c39d7e4d34:group-5A628DB9F318 changes role from null to FOLLOWER at term 0 for startAsFollower
2019-09-19 16:55:55,170 [pool-292-thread-1] INFO  impl.RoleInfo (RoleInfo.java:updateAndGet(143)) - 699d69fc-f19c-45be-ba24-43c39d7e4d34: start FollowerState
2019-09-19 16:55:55,171 [pool-292-thread-1] INFO  util.JmxRegister (JmxRegister.java:tryRegister(44)) - Successfully registered JMX Bean with object name Ratis:service=RaftServer,group=group-5A628DB9F318,id=699d69fc-f19c-45be-ba24-43c39d7e4d34
2019-09-19 16:55:55,173 [RatisPipelineUtilsThread] INFO  pipeline.PipelineStateManager (PipelineStateManager.java:addPipeline(56)) - Created pipeline Pipeline[ Id: 5010766f-1736-46ec-949c-5a628db9f318, Nodes: 699d69fc-f19c-45be-ba24-43c39d7e4d34{ip: 192.168.157.226, host: pr-hdds-1569-swxfz-3172132826, networkLocation: /default-rack, certSerialId: null}, Type:RATIS, Factor:ONE, State:OPEN]
2019-09-19 16:55:55,177 [grpc-default-executor-0] INFO  impl.RaftServerProxy (RaftServerProxy.java:addNew(89)) - 699d69fc-f19c-45be-ba24-43c39d7e4d34: addNew group-B9F44897703B:[699d69fc-f19c-45be-ba24-43c39d7e4d34:192.168.157.226:41018] returns group-B9F44897703B:java.util.concurrent.CompletableFuture@1a5bb2f0[Not completed]
2019-09-19 16:55:55,178 [pool-292-thread-1] INFO  impl.RaftServerImpl (RaftServerImpl.java:<init>(93)) - 699d69fc-f19c-45be-ba24-43c39d7e4d34: new RaftServerImpl for group-B9F44897703B:[699d69fc-f19c-45be-ba24-43c39d7e4d34:192.168.157.226:41018] with ContainerStateMachine:uninitialized
2019-09-19 16:55:55,179 [pool-292-thread-1] INFO  server.RaftServerConfigKeys (ConfUtils.java:logGet(43)) - raft.server.rpc.timeout.min = 5s (custom)
2019-09-19 16:55:55,179 [pool-292-thread-1] INFO  server.RaftServerConfigKeys (ConfUtils.java:logGet(43)) - raft.server.rpc.timeout.max = 5200ms (custom)
2019-09-19 16:55:55,179 [pool-292-thread-1] INFO  server.RaftServerConfigKeys (ConfUtils.java:logGet(43)) - raft.server.rpcslowness.timeout = 120s (custom)
2019-09-19 16:55:55,179 [pool-292-thread-1] INFO  server.RaftServerConfigKeys (ConfUtils.java:logGet(43)) - raft.server.sleep.deviation.threshold = 300 (default)
2019-09-19 16:55:55,179 [pool-292-thread-1] INFO  server.RaftServerConfigKeys (ConfUtils.java:logGet(43)) - raft.server.log.appender.install.snapshot.enabled = false (custom)
2019-09-19 16:55:55,179 [pool-292-thread-1] INFO  impl.RaftServerImpl (ServerState.java:<init>(105)) - 699d69fc-f19c-45be-ba24-43c39d7e4d34:group-B9F44897703B ConfigurationManager, init=-1: [699d69fc-f19c-45be-ba24-43c39d7e4d34:192.168.157.226:41018], old=null, confs=<EMPTY_MAP>
2019-09-19 16:55:55,179 [pool-292-thread-1] INFO  server.RaftServerConfigKeys (ConfUtils.java:logGet(43)) - raft.server.storage.dir = [/workdir/hadoop-ozone/ozonefs/target/test-dir/MiniOzoneClusterImpl-65f4c353-11bb-4244-81c6-ae95f2aeb9fd/datanode-0/data/ratis] (custom)
2019-09-19 16:55:55,180 [pool-292-thread-1] INFO  storage.RaftStorageDirectory (RaftStorageDirectory.java:analyzeStorage(246)) - The storage directory /workdir/hadoop-ozone/ozonefs/target/test-dir/MiniOzoneClusterImpl-65f4c353-11bb-4244-81c6-ae95f2aeb9fd/datanode-0/data/ratis/48c1929f-b9ba-4f5e-af2c-b9f44897703b does not exist. Creating ...
2019-09-19 16:55:55,183 [pool-292-thread-1] INFO  storage.RaftStorageDirectory (RaftStorageDirectory.java:tryLock(328)) - Lock on /workdir/hadoop-ozone/ozonefs/target/test-dir/MiniOzoneClusterImpl-65f4c353-11bb-4244-81c6-ae95f2aeb9fd/datanode-0/data/ratis/48c1929f-b9ba-4f5e-af2c-b9f44897703b/in_use.lock acquired by nodename 14771@pr-hdds-1569-swxfz-3172132826
2019-09-19 16:55:55,188 [pool-292-thread-1] INFO  storage.RaftStorage (RaftStorage.java:format(72)) - Storage directory /workdir/hadoop-ozone/ozonefs/target/test-dir/MiniOzoneClusterImpl-65f4c353-11bb-4244-81c6-ae95f2aeb9fd/datanode-0/data/ratis/48c1929f-b9ba-4f5e-af2c-b9f44897703b has been successfully formatted.
2019-09-19 16:55:55,188 [pool-292-thread-1] INFO  ratis.ContainerStateMachine (ContainerStateMachine.java:loadSnapshot(226)) - group-B9F44897703B: The snapshot info is null. Setting the last applied indexto:(t:0, i:~)
2019-09-19 16:55:55,188 [pool-292-thread-1] INFO  server.RaftServerConfigKeys (ConfUtils.java:logGet(43)) - raft.server.leader.election.timeout = 120s (custom)
2019-09-19 16:55:55,188 [pool-292-thread-1] INFO  server.RaftServerConfigKeys (ConfUtils.java:logGet(43)) - raft.server.log.use.memory = false (default)
2019-09-19 16:55:55,188 [pool-292-thread-1] INFO  server.RaftServerConfigKeys (ConfUtils.java:logGet(43)) - raft.server.log.purge.gap = 1000000 (custom)
2019-09-19 16:55:55,189 [pool-292-thread-1] INFO  server.RaftServerConfigKeys (ConfUtils.java:logGet(43)) - raft.server.log.appender.buffer.byte-limit = 33554432 (custom)
2019-09-19 16:55:55,189 [pool-292-thread-1] INFO  server.RaftServerConfigKeys (ConfUtils.java:logGet(43)) - raft.server.log.segment.size.max = 1048576 (custom)
2019-09-19 16:55:55,189 [pool-292-thread-1] INFO  server.RaftServerConfigKeys (ConfUtils.java:logGet(43)) - raft.server.log.segment.cache.num.max = 2 (custom)
2019-09-19 16:55:55,189 [pool-292-thread-1] INFO  segmented.SegmentedRaftLogWorker (SegmentedRaftLogWorker.java:<init>(172)) - new 699d69fc-f19c-45be-ba24-43c39d7e4d34-SegmentedRaftLogWorker:Storage Directory /workdir/hadoop-ozone/ozonefs/target/test-dir/MiniOzoneClusterImpl-65f4c353-11bb-4244-81c6-ae95f2aeb9fd/datanode-0/data/ratis/48c1929f-b9ba-4f5e-af2c-b9f44897703b for RaftStorage:Storage Directory /workdir/hadoop-ozone/ozonefs/target/test-dir/MiniOzoneClusterImpl-65f4c353-11bb-4244-81c6-ae95f2aeb9fd/datanode-0/data/ratis/48c1929f-b9ba-4f5e-af2c-b9f44897703b
2019-09-19 16:55:55,189 [pool-292-thread-1] INFO  server.RaftServerConfigKeys (ConfUtils.java:logGet(43)) - raft.server.log.queue.byte-limit = 2147483647 (custom)
2019-09-19 16:55:55,189 [pool-292-thread-1] INFO  server.RaftServerConfigKeys (ConfUtils.java:logGet(43)) - raft.server.log.queue.element-limit = 1024 (custom)
2019-09-19 16:55:55,189 [pool-292-thread-1] INFO  server.RaftServerConfigKeys (ConfUtils.java:logGet(43)) - raft.server.log.segment.size.max = 1048576 (custom)
2019-09-19 16:55:55,189 [pool-292-thread-1] INFO  server.RaftServerConfigKeys (ConfUtils.java:logGet(43)) - raft.server.log.preallocated.size = 16384 (custom)
2019-09-19 16:55:55,190 [pool-292-thread-1] INFO  server.RaftServerConfigKeys (ConfUtils.java:logGet(43)) - raft.server.log.write.buffer.size = 33554432 (custom)
2019-09-19 16:55:55,190 [pool-292-thread-1] INFO  server.RaftServerConfigKeys (ConfUtils.java:logGet(43)) - raft.server.log.force.sync.num = 128 (default)
2019-09-19 16:55:55,190 [pool-292-thread-1] INFO  server.RaftServerConfigKeys (ConfUtils.java:logGet(43)) - raft.server.log.statemachine.data.sync = true (default)
2019-09-19 16:55:55,190 [pool-292-thread-1] INFO  server.RaftServerConfigKeys (ConfUtils.java:logGet(43)) - raft.server.log.statemachine.data.sync.timeout = 10s (default)
2019-09-19 16:55:55,190 [pool-292-thread-1] INFO  server.RaftServerConfigKeys (ConfUtils.java:logGet(43)) - raft.server.log.statemachine.data.sync.timeout.retry = -1 (default)
2019-09-19 16:55:55,190 [pool-292-thread-1] INFO  server.RaftServerConfigKeys (ConfUtils.java:logGet(43)) - raft.server.log.statemachine.data.caching.enabled = true (custom)
2019-09-19 16:55:55,191 [pool-292-thread-1] INFO  segmented.SegmentedRaftLogWorker (SegmentedRaftLogWorker.java:lambda$new$0(132)) - 699d69fc-f19c-45be-ba24-43c39d7e4d34-SegmentedRaftLogWorker:Storage Directory /workdir/hadoop-ozone/ozonefs/target/test-dir/MiniOzoneClusterImpl-65f4c353-11bb-4244-81c6-ae95f2aeb9fd/datanode-0/data/ratis/48c1929f-b9ba-4f5e-af2c-b9f44897703b: flushIndex: setUnconditionally 0 -> -1
2019-09-19 16:55:55,191 [pool-292-thread-1] INFO  server.RaftServerConfigKeys (ConfUtils.java:logGet(43)) - raft.server.snapshot.auto.trigger.enabled = true (custom)
2019-09-19 16:55:55,191 [pool-292-thread-1] INFO  server.RaftServerConfigKeys (ConfUtils.java:logGet(43)) - raft.server.snapshot.auto.trigger.threshold = 10000 (custom)
2019-09-19 16:55:55,191 [pool-292-thread-1] INFO  server.RaftServerConfigKeys (ConfUtils.java:logGet(43)) - raft.server.retrycache.expirytime = 600000ms (custom)
2019-09-19 16:55:55,191 [pool-292-thread-1] INFO  impl.RaftServerImpl (RaftServerImpl.java:start(180)) - 699d69fc-f19c-45be-ba24-43c39d7e4d34: start group-B9F44897703B
2019-09-19 16:55:55,191 [pool-292-thread-1] INFO  impl.RaftServerImpl (RaftServerImpl.java:setRole(171)) - 699d69fc-f19c-45be-ba24-43c39d7e4d34:group-B9F44897703B changes role from null to FOLLOWER at term 0 for startAsFollower
2019-09-19 16:55:55,192 [pool-292-thread-1] INFO  impl.RoleInfo (RoleInfo.java:updateAndGet(143)) - 699d69fc-f19c-45be-ba24-43c39d7e4d34: start FollowerState
2019-09-19 16:55:55,192 [pool-292-thread-1] INFO  util.JmxRegister (JmxRegister.java:tryRegister(44)) - Successfully registered JMX Bean with object name Ratis:service=RaftServer,group=group-B9F44897703B,id=699d69fc-f19c-45be-ba24-43c39d7e4d34
2019-09-19 16:55:55,194 [RatisPipelineUtilsThread] INFO  pipeline.PipelineStateManager (PipelineStateManager.java:addPipeline(56)) - Created pipeline Pipeline[ Id: 48c1929f-b9ba-4f5e-af2c-b9f44897703b, Nodes: 699d69fc-f19c-45be-ba24-43c39d7e4d34{ip: 192.168.157.226, host: pr-hdds-1569-swxfz-3172132826, networkLocation: /default-rack, certSerialId: null}, Type:RATIS, Factor:ONE, State:OPEN]
2019-09-19 16:55:55,199 [grpc-default-executor-0] INFO  impl.RaftServerProxy (RaftServerProxy.java:addNew(89)) - 699d69fc-f19c-45be-ba24-43c39d7e4d34: addNew group-A3B53365613B:[699d69fc-f19c-45be-ba24-43c39d7e4d34:192.168.157.226:41018] returns group-A3B53365613B:java.util.concurrent.CompletableFuture@8e9b103[Not completed]
2019-09-19 16:55:55,199 [pool-292-thread-1] INFO  impl.RaftServerImpl (RaftServerImpl.java:<init>(93)) - 699d69fc-f19c-45be-ba24-43c39d7e4d34: new RaftServerImpl for group-A3B53365613B:[699d69fc-f19c-45be-ba24-43c39d7e4d34:192.168.157.226:41018] with ContainerStateMachine:uninitialized
2019-09-19 16:55:55,199 [pool-292-thread-1] INFO  server.RaftServerConfigKeys (ConfUtils.java:logGet(43)) - raft.server.rpc.timeout.min = 5s (custom)
2019-09-19 16:55:55,200 [pool-292-thread-1] INFO  server.RaftServerConfigKeys (ConfUtils.java:logGet(43)) - raft.server.rpc.timeout.max = 5200ms (custom)
2019-09-19 16:55:55,200 [pool-292-thread-1] INFO  server.RaftServerConfigKeys (ConfUtils.java:logGet(43)) - raft.server.rpcslowness.timeout = 120s (custom)
2019-09-19 16:55:55,200 [pool-292-thread-1] INFO  server.RaftServerConfigKeys (ConfUtils.java:logGet(43)) - raft.server.sleep.deviation.threshold = 300 (default)
2019-09-19 16:55:55,200 [pool-292-thread-1] INFO  server.RaftServerConfigKeys (ConfUtils.java:logGet(43)) - raft.server.log.appender.install.snapshot.enabled = false (custom)
2019-09-19 16:55:55,200 [pool-292-thread-1] INFO  impl.RaftServerImpl (ServerState.java:<init>(105)) - 699d69fc-f19c-45be-ba24-43c39d7e4d34:group-A3B53365613B ConfigurationManager, init=-1: [699d69fc-f19c-45be-ba24-43c39d7e4d34:192.168.157.226:41018], old=null, confs=<EMPTY_MAP>
2019-09-19 16:55:55,200 [pool-292-thread-1] INFO  server.RaftServerConfigKeys (ConfUtils.java:logGet(43)) - raft.server.storage.dir = [/workdir/hadoop-ozone/ozonefs/target/test-dir/MiniOzoneClusterImpl-65f4c353-11bb-4244-81c6-ae95f2aeb9fd/datanode-0/data/ratis] (custom)
2019-09-19 16:55:55,201 [pool-292-thread-1] INFO  storage.RaftStorageDirectory (RaftStorageDirectory.java:analyzeStorage(246)) - The storage directory /workdir/hadoop-ozone/ozonefs/target/test-dir/MiniOzoneClusterImpl-65f4c353-11bb-4244-81c6-ae95f2aeb9fd/datanode-0/data/ratis/b7f24777-2f40-4eec-9e11-a3b53365613b does not exist. Creating ...
2019-09-19 16:55:55,204 [pool-292-thread-1] INFO  storage.RaftStorageDirectory (RaftStorageDirectory.java:tryLock(328)) - Lock on /workdir/hadoop-ozone/ozonefs/target/test-dir/MiniOzoneClusterImpl-65f4c353-11bb-4244-81c6-ae95f2aeb9fd/datanode-0/data/ratis/b7f24777-2f40-4eec-9e11-a3b53365613b/in_use.lock acquired by nodename 14771@pr-hdds-1569-swxfz-3172132826
2019-09-19 16:55:55,207 [pool-292-thread-1] INFO  storage.RaftStorage (RaftStorage.java:format(72)) - Storage directory /workdir/hadoop-ozone/ozonefs/target/test-dir/MiniOzoneClusterImpl-65f4c353-11bb-4244-81c6-ae95f2aeb9fd/datanode-0/data/ratis/b7f24777-2f40-4eec-9e11-a3b53365613b has been successfully formatted.
2019-09-19 16:55:55,207 [pool-292-thread-1] INFO  ratis.ContainerStateMachine (ContainerStateMachine.java:loadSnapshot(226)) - group-A3B53365613B: The snapshot info is null. Setting the last applied indexto:(t:0, i:~)
2019-09-19 16:55:55,208 [pool-292-thread-1] INFO  server.RaftServerConfigKeys (ConfUtils.java:logGet(43)) - raft.server.leader.election.timeout = 120s (custom)
2019-09-19 16:55:55,208 [pool-292-thread-1] INFO  server.RaftServerConfigKeys (ConfUtils.java:logGet(43)) - raft.server.log.use.memory = false (default)
2019-09-19 16:55:55,208 [pool-292-thread-1] INFO  server.RaftServerConfigKeys (ConfUtils.java:logGet(43)) - raft.server.log.purge.gap = 1000000 (custom)
2019-09-19 16:55:55,208 [pool-292-thread-1] INFO  server.RaftServerConfigKeys (ConfUtils.java:logGet(43)) - raft.server.log.appender.buffer.byte-limit = 33554432 (custom)
2019-09-19 16:55:55,208 [pool-292-thread-1] INFO  server.RaftServerConfigKeys (ConfUtils.java:logGet(43)) - raft.server.log.segment.size.max = 1048576 (custom)
2019-09-19 16:55:55,208 [pool-292-thread-1] INFO  server.RaftServerConfigKeys (ConfUtils.java:logGet(43)) - raft.server.log.segment.cache.num.max = 2 (custom)
2019-09-19 16:55:55,208 [pool-292-thread-1] INFO  segmented.SegmentedRaftLogWorker (SegmentedRaftLogWorker.java:<init>(172)) - new 699d69fc-f19c-45be-ba24-43c39d7e4d34-SegmentedRaftLogWorker:Storage Directory /workdir/hadoop-ozone/ozonefs/target/test-dir/MiniOzoneClusterImpl-65f4c353-11bb-4244-81c6-ae95f2aeb9fd/datanode-0/data/ratis/b7f24777-2f40-4eec-9e11-a3b53365613b for RaftStorage:Storage Directory /workdir/hadoop-ozone/ozonefs/target/test-dir/MiniOzoneClusterImpl-65f4c353-11bb-4244-81c6-ae95f2aeb9fd/datanode-0/data/ratis/b7f24777-2f40-4eec-9e11-a3b53365613b
2019-09-19 16:55:55,208 [pool-292-thread-1] INFO  server.RaftServerConfigKeys (ConfUtils.java:logGet(43)) - raft.server.log.queue.byte-limit = 2147483647 (custom)
2019-09-19 16:55:55,209 [pool-292-thread-1] INFO  server.RaftServerConfigKeys (ConfUtils.java:logGet(43)) - raft.server.log.queue.element-limit = 1024 (custom)
2019-09-19 16:55:55,209 [pool-292-thread-1] INFO  server.RaftServerConfigKeys (ConfUtils.java:logGet(43)) - raft.server.log.segment.size.max = 1048576 (custom)
2019-09-19 16:55:55,209 [pool-292-thread-1] INFO  server.RaftServerConfigKeys (ConfUtils.java:logGet(43)) - raft.server.log.preallocated.size = 16384 (custom)
2019-09-19 16:55:55,209 [pool-292-thread-1] INFO  server.RaftServerConfigKeys (ConfUtils.java:logGet(43)) - raft.server.log.write.buffer.size = 33554432 (custom)
2019-09-19 16:55:55,209 [pool-292-thread-1] INFO  server.RaftServerConfigKeys (ConfUtils.java:logGet(43)) - raft.server.log.force.sync.num = 128 (default)
2019-09-19 16:55:55,209 [pool-292-thread-1] INFO  server.RaftServerConfigKeys (ConfUtils.java:logGet(43)) - raft.server.log.statemachine.data.sync = true (default)
2019-09-19 16:55:55,209 [pool-292-thread-1] INFO  server.RaftServerConfigKeys (ConfUtils.java:logGet(43)) - raft.server.log.statemachine.data.sync.timeout = 10s (default)
2019-09-19 16:55:55,209 [pool-292-thread-1] INFO  server.RaftServerConfigKeys (ConfUtils.java:logGet(43)) - raft.server.log.statemachine.data.sync.timeout.retry = -1 (default)
2019-09-19 16:55:55,210 [pool-292-thread-1] INFO  server.RaftServerConfigKeys (ConfUtils.java:logGet(43)) - raft.server.log.statemachine.data.caching.enabled = true (custom)
2019-09-19 16:55:55,210 [pool-292-thread-1] INFO  segmented.SegmentedRaftLogWorker (SegmentedRaftLogWorker.java:lambda$new$0(132)) - 699d69fc-f19c-45be-ba24-43c39d7e4d34-SegmentedRaftLogWorker:Storage Directory /workdir/hadoop-ozone/ozonefs/target/test-dir/MiniOzoneClusterImpl-65f4c353-11bb-4244-81c6-ae95f2aeb9fd/datanode-0/data/ratis/b7f24777-2f40-4eec-9e11-a3b53365613b: flushIndex: setUnconditionally 0 -> -1
2019-09-19 16:55:55,210 [pool-292-thread-1] INFO  server.RaftServerConfigKeys (ConfUtils.java:logGet(43)) - raft.server.snapshot.auto.trigger.enabled = true (custom)
2019-09-19 16:55:55,210 [pool-292-thread-1] INFO  server.RaftServerConfigKeys (ConfUtils.java:logGet(43)) - raft.server.snapshot.auto.trigger.threshold = 10000 (custom)
2019-09-19 16:55:55,210 [pool-292-thread-1] INFO  server.RaftServerConfigKeys (ConfUtils.java:logGet(43)) - raft.server.retrycache.expirytime = 600000ms (custom)
2019-09-19 16:55:55,211 [pool-292-thread-1] INFO  impl.RaftServerImpl (RaftServerImpl.java:start(180)) - 699d69fc-f19c-45be-ba24-43c39d7e4d34: start group-A3B53365613B
2019-09-19 16:55:55,211 [pool-292-thread-1] INFO  impl.RaftServerImpl (RaftServerImpl.java:setRole(171)) - 699d69fc-f19c-45be-ba24-43c39d7e4d34:group-A3B53365613B changes role from null to FOLLOWER at term 0 for startAsFollower
2019-09-19 16:55:55,211 [pool-292-thread-1] INFO  impl.RoleInfo (RoleInfo.java:updateAndGet(143)) - 699d69fc-f19c-45be-ba24-43c39d7e4d34: start FollowerState
2019-09-19 16:55:55,211 [pool-292-thread-1] INFO  util.JmxRegister (JmxRegister.java:tryRegister(44)) - Successfully registered JMX Bean with object name Ratis:service=RaftServer,group=group-A3B53365613B,id=699d69fc-f19c-45be-ba24-43c39d7e4d34
2019-09-19 16:55:55,213 [RatisPipelineUtilsThread] INFO  pipeline.PipelineStateManager (PipelineStateManager.java:addPipeline(56)) - Created pipeline Pipeline[ Id: b7f24777-2f40-4eec-9e11-a3b53365613b, Nodes: 699d69fc-f19c-45be-ba24-43c39d7e4d34{ip: 192.168.157.226, host: pr-hdds-1569-swxfz-3172132826, networkLocation: /default-rack, certSerialId: null}, Type:RATIS, Factor:ONE, State:OPEN]
2019-09-19 16:55:55,213 [RatisPipelineUtilsThread] ERROR pipeline.PipelinePlacementPolicy (PipelinePlacementPolicy.java:meetCriteria(91)) - Pipeline Placement: Doesn't meet the criteria to be viable node. Heaviness: 6
2019-09-19 16:55:55,214 [RatisPipelineUtilsThread] ERROR pipeline.PipelinePlacementPolicy (PipelinePlacementPolicy.java:filterViableNodes(146)) - Unable to find enough nodes that meet the criteria that cannot engage in more than 5 pipelines. Nodes required: 1 Found: 0, healthy nodes count inNodeManager: 1.
2019-09-19 16:55:55,214 [RatisPipelineUtilsThread] ERROR pipeline.SCMPipelineManager (SCMPipelineManager.java:createPipeline(161)) - Pipeline creation failed due to exception: Unable to find enough nodes that meet the criteria that cannot engage in more than 5 pipelines. Nodes required: 1 Found: 0, healthy nodes count inNodeManager: 1.
2019-09-19 16:55:55,214 [RatisPipelineUtilsThread] ERROR pipeline.PipelinePlacementPolicy (PipelinePlacementPolicy.java:filterViableNodes(129)) - Not enough healthy nodes to allocate pipeline. 3  datanodes required. Found 1
2019-09-19 16:55:55,214 [RatisPipelineUtilsThread] ERROR pipeline.SCMPipelineManager (SCMPipelineManager.java:createPipeline(161)) - Pipeline creation failed due to exception: Not enough healthy nodes to allocate pipeline. 3  datanodes required. Found 1
2019-09-19 16:55:55,214 [RatisPipelineUtilsThread] ERROR pipeline.PipelinePlacementPolicy (PipelinePlacementPolicy.java:meetCriteria(91)) - Pipeline Placement: Doesn't meet the criteria to be viable node. Heaviness: 6
2019-09-19 16:55:55,214 [RatisPipelineUtilsThread] ERROR pipeline.PipelinePlacementPolicy (PipelinePlacementPolicy.java:filterViableNodes(146)) - Unable to find enough nodes that meet the criteria that cannot engage in more than 5 pipelines. Nodes required: 1 Found: 0, healthy nodes count inNodeManager: 1.
2019-09-19 16:55:55,214 [RatisPipelineUtilsThread] ERROR pipeline.SCMPipelineManager (SCMPipelineManager.java:createPipeline(161)) - Pipeline creation failed due to exception: Unable to find enough nodes that meet the criteria that cannot engage in more than 5 pipelines. Nodes required: 1 Found: 0, healthy nodes count inNodeManager: 1.
2019-09-19 16:55:55,214 [RatisPipelineUtilsThread] ERROR pipeline.PipelinePlacementPolicy (PipelinePlacementPolicy.java:filterViableNodes(129)) - Not enough healthy nodes to allocate pipeline. 3  datanodes required. Found 1
2019-09-19 16:55:55,215 [RatisPipelineUtilsThread] ERROR pipeline.SCMPipelineManager (SCMPipelineManager.java:createPipeline(161)) - Pipeline creation failed due to exception: Not enough healthy nodes to allocate pipeline. 3  datanodes required. Found 1
2019-09-19 16:55:55,217 [IPC Server handler 0 on 35481] INFO  net.NetworkTopology (NetworkTopologyImpl.java:add(110)) - Added a new node: /default-rack/ba0f7ce0-9099-4aca-b97a-21c3d5e7bc75
2019-09-19 16:55:55,218 [RatisPipelineUtilsThread] ERROR pipeline.PipelinePlacementPolicy (PipelinePlacementPolicy.java:meetCriteria(91)) - Pipeline Placement: Doesn't meet the criteria to be viable node. Heaviness: 6
2019-09-19 16:55:55,218 [IPC Server handler 0 on 35481] INFO  node.SCMNodeManager (SCMNodeManager.java:register(273)) - Registered Data node : ba0f7ce0-9099-4aca-b97a-21c3d5e7bc75{ip: 192.168.157.226, host: pr-hdds-1569-swxfz-3172132826, networkLocation: /default-rack, certSerialId: null}
2019-09-19 16:55:55,218 | INFO  | SCMAudit | user=jenkins1000 | ip=192.168.157.226 | op=REGISTER {datanodeDetails=ba0f7ce0-9099-4aca-b97a-21c3d5e7bc75{ip: 192.168.157.226, host: pr-hdds-1569-swxfz-3172132826, networkLocation: /default-rack, certSerialId: null}} | ret=SUCCESS |  
2019-09-19 16:55:55,225 [grpc-default-executor-0] INFO  impl.RaftServerProxy (RaftServerProxy.java:addNew(89)) - ba0f7ce0-9099-4aca-b97a-21c3d5e7bc75: addNew group-97EA7AEA26AE:[ba0f7ce0-9099-4aca-b97a-21c3d5e7bc75:192.168.157.226:36543] returns group-97EA7AEA26AE:java.util.concurrent.CompletableFuture@63602f7f[Not completed]
2019-09-19 16:55:55,226 [pool-303-thread-1] INFO  impl.RaftServerImpl (RaftServerImpl.java:<init>(93)) - ba0f7ce0-9099-4aca-b97a-21c3d5e7bc75: new RaftServerImpl for group-97EA7AEA26AE:[ba0f7ce0-9099-4aca-b97a-21c3d5e7bc75:192.168.157.226:36543] with ContainerStateMachine:uninitialized
2019-09-19 16:55:55,226 [pool-303-thread-1] INFO  server.RaftServerConfigKeys (ConfUtils.java:logGet(43)) - raft.server.rpc.timeout.min = 5s (custom)
2019-09-19 16:55:55,226 [pool-303-thread-1] INFO  server.RaftServerConfigKeys (ConfUtils.java:logGet(43)) - raft.server.rpc.timeout.max = 5200ms (custom)
2019-09-19 16:55:55,227 [pool-303-thread-1] INFO  server.RaftServerConfigKeys (ConfUtils.java:logGet(43)) - raft.server.rpcslowness.timeout = 120s (custom)
2019-09-19 16:55:55,227 [pool-303-thread-1] INFO  server.RaftServerConfigKeys (ConfUtils.java:logGet(43)) - raft.server.sleep.deviation.threshold = 300 (default)
2019-09-19 16:55:55,227 [pool-303-thread-1] INFO  server.RaftServerConfigKeys (ConfUtils.java:logGet(43)) - raft.server.log.appender.install.snapshot.enabled = false (custom)
2019-09-19 16:55:55,227 [pool-303-thread-1] INFO  impl.RaftServerImpl (ServerState.java:<init>(105)) - ba0f7ce0-9099-4aca-b97a-21c3d5e7bc75:group-97EA7AEA26AE ConfigurationManager, init=-1: [ba0f7ce0-9099-4aca-b97a-21c3d5e7bc75:192.168.157.226:36543], old=null, confs=<EMPTY_MAP>
2019-09-19 16:55:55,227 [pool-303-thread-1] INFO  server.RaftServerConfigKeys (ConfUtils.java:logGet(43)) - raft.server.storage.dir = [/workdir/hadoop-ozone/ozonefs/target/test-dir/MiniOzoneClusterImpl-65f4c353-11bb-4244-81c6-ae95f2aeb9fd/datanode-1/data/ratis] (custom)
2019-09-19 16:55:55,228 [pool-303-thread-1] INFO  storage.RaftStorageDirectory (RaftStorageDirectory.java:analyzeStorage(246)) - The storage directory /workdir/hadoop-ozone/ozonefs/target/test-dir/MiniOzoneClusterImpl-65f4c353-11bb-4244-81c6-ae95f2aeb9fd/datanode-1/data/ratis/3a8394fd-dc5c-475b-828a-97ea7aea26ae does not exist. Creating ...
2019-09-19 16:55:55,231 [pool-303-thread-1] INFO  storage.RaftStorageDirectory (RaftStorageDirectory.java:tryLock(328)) - Lock on /workdir/hadoop-ozone/ozonefs/target/test-dir/MiniOzoneClusterImpl-65f4c353-11bb-4244-81c6-ae95f2aeb9fd/datanode-1/data/ratis/3a8394fd-dc5c-475b-828a-97ea7aea26ae/in_use.lock acquired by nodename 14771@pr-hdds-1569-swxfz-3172132826
2019-09-19 16:55:55,235 [pool-303-thread-1] INFO  storage.RaftStorage (RaftStorage.java:format(72)) - Storage directory /workdir/hadoop-ozone/ozonefs/target/test-dir/MiniOzoneClusterImpl-65f4c353-11bb-4244-81c6-ae95f2aeb9fd/datanode-1/data/ratis/3a8394fd-dc5c-475b-828a-97ea7aea26ae has been successfully formatted.
2019-09-19 16:55:55,235 [pool-303-thread-1] INFO  ratis.ContainerStateMachine (ContainerStateMachine.java:loadSnapshot(226)) - group-97EA7AEA26AE: The snapshot info is null. Setting the last applied indexto:(t:0, i:~)
2019-09-19 16:55:55,235 [pool-303-thread-1] INFO  server.RaftServerConfigKeys (ConfUtils.java:logGet(43)) - raft.server.leader.election.timeout = 120s (custom)
2019-09-19 16:55:55,235 [pool-303-thread-1] INFO  server.RaftServerConfigKeys (ConfUtils.java:logGet(43)) - raft.server.log.use.memory = false (default)
2019-09-19 16:55:55,236 [pool-303-thread-1] INFO  server.RaftServerConfigKeys (ConfUtils.java:logGet(43)) - raft.server.log.purge.gap = 1000000 (custom)
2019-09-19 16:55:55,236 [pool-303-thread-1] INFO  server.RaftServerConfigKeys (ConfUtils.java:logGet(43)) - raft.server.log.appender.buffer.byte-limit = 33554432 (custom)
2019-09-19 16:55:55,236 [pool-303-thread-1] INFO  server.RaftServerConfigKeys (ConfUtils.java:logGet(43)) - raft.server.log.segment.size.max = 1048576 (custom)
2019-09-19 16:55:55,236 [pool-303-thread-1] INFO  server.RaftServerConfigKeys (ConfUtils.java:logGet(43)) - raft.server.log.segment.cache.num.max = 2 (custom)
2019-09-19 16:55:55,236 [pool-303-thread-1] INFO  segmented.SegmentedRaftLogWorker (SegmentedRaftLogWorker.java:<init>(172)) - new ba0f7ce0-9099-4aca-b97a-21c3d5e7bc75-SegmentedRaftLogWorker:Storage Directory /workdir/hadoop-ozone/ozonefs/target/test-dir/MiniOzoneClusterImpl-65f4c353-11bb-4244-81c6-ae95f2aeb9fd/datanode-1/data/ratis/3a8394fd-dc5c-475b-828a-97ea7aea26ae for RaftStorage:Storage Directory /workdir/hadoop-ozone/ozonefs/target/test-dir/MiniOzoneClusterImpl-65f4c353-11bb-4244-81c6-ae95f2aeb9fd/datanode-1/data/ratis/3a8394fd-dc5c-475b-828a-97ea7aea26ae
2019-09-19 16:55:55,236 [pool-303-thread-1] INFO  server.RaftServerConfigKeys (ConfUtils.java:logGet(43)) - raft.server.log.queue.byte-limit = 2147483647 (custom)
2019-09-19 16:55:55,237 [pool-303-thread-1] INFO  server.RaftServerConfigKeys (ConfUtils.java:logGet(43)) - raft.server.log.queue.element-limit = 1024 (custom)
2019-09-19 16:55:55,237 [pool-303-thread-1] INFO  server.RaftServerConfigKeys (ConfUtils.java:logGet(43)) - raft.server.log.segment.size.max = 1048576 (custom)
2019-09-19 16:55:55,237 [pool-303-thread-1] INFO  server.RaftServerConfigKeys (ConfUtils.java:logGet(43)) - raft.server.log.preallocated.size = 16384 (custom)
2019-09-19 16:55:55,237 [pool-303-thread-1] INFO  server.RaftServerConfigKeys (ConfUtils.java:logGet(43)) - raft.server.log.write.buffer.size = 33554432 (custom)
2019-09-19 16:55:55,237 [pool-303-thread-1] INFO  server.RaftServerConfigKeys (ConfUtils.java:logGet(43)) - raft.server.log.force.sync.num = 128 (default)
2019-09-19 16:55:55,237 [pool-303-thread-1] INFO  server.RaftServerConfigKeys (ConfUtils.java:logGet(43)) - raft.server.log.statemachine.data.sync = true (default)
2019-09-19 16:55:55,238 [pool-303-thread-1] INFO  server.RaftServerConfigKeys (ConfUtils.java:logGet(43)) - raft.server.log.statemachine.data.sync.timeout = 10s (default)
2019-09-19 16:55:55,238 [pool-303-thread-1] INFO  server.RaftServerConfigKeys (ConfUtils.java:logGet(43)) - raft.server.log.statemachine.data.sync.timeout.retry = -1 (default)
2019-09-19 16:55:55,238 [pool-303-thread-1] INFO  server.RaftServerConfigKeys (ConfUtils.java:logGet(43)) - raft.server.log.statemachine.data.caching.enabled = true (custom)
2019-09-19 16:55:55,238 [pool-303-thread-1] INFO  segmented.SegmentedRaftLogWorker (SegmentedRaftLogWorker.java:lambda$new$0(132)) - ba0f7ce0-9099-4aca-b97a-21c3d5e7bc75-SegmentedRaftLogWorker:Storage Directory /workdir/hadoop-ozone/ozonefs/target/test-dir/MiniOzoneClusterImpl-65f4c353-11bb-4244-81c6-ae95f2aeb9fd/datanode-1/data/ratis/3a8394fd-dc5c-475b-828a-97ea7aea26ae: flushIndex: setUnconditionally 0 -> -1
2019-09-19 16:55:55,239 [pool-303-thread-1] INFO  server.RaftServerConfigKeys (ConfUtils.java:logGet(43)) - raft.server.snapshot.auto.trigger.enabled = true (custom)
2019-09-19 16:55:55,239 [pool-303-thread-1] INFO  server.RaftServerConfigKeys (ConfUtils.java:logGet(43)) - raft.server.snapshot.auto.trigger.threshold = 10000 (custom)
2019-09-19 16:55:55,239 [pool-303-thread-1] INFO  server.RaftServerConfigKeys (ConfUtils.java:logGet(43)) - raft.server.retrycache.expirytime = 600000ms (custom)
2019-09-19 16:55:55,239 [pool-303-thread-1] INFO  impl.RaftServerImpl (RaftServerImpl.java:start(180)) - ba0f7ce0-9099-4aca-b97a-21c3d5e7bc75: start group-97EA7AEA26AE
2019-09-19 16:55:55,239 [pool-303-thread-1] INFO  impl.RaftServerImpl (RaftServerImpl.java:setRole(171)) - ba0f7ce0-9099-4aca-b97a-21c3d5e7bc75:group-97EA7AEA26AE changes role from null to FOLLOWER at term 0 for startAsFollower
2019-09-19 16:55:55,240 [pool-303-thread-1] INFO  impl.RoleInfo (RoleInfo.java:updateAndGet(143)) - ba0f7ce0-9099-4aca-b97a-21c3d5e7bc75: start FollowerState
2019-09-19 16:55:55,240 [pool-303-thread-1] INFO  util.JmxRegister (JmxRegister.java:tryRegister(44)) - Successfully registered JMX Bean with object name Ratis:service=RaftServer,group=group-97EA7AEA26AE,id=ba0f7ce0-9099-4aca-b97a-21c3d5e7bc75
2019-09-19 16:55:55,242 [RatisPipelineUtilsThread] INFO  pipeline.PipelineStateManager (PipelineStateManager.java:addPipeline(56)) - Created pipeline Pipeline[ Id: 3a8394fd-dc5c-475b-828a-97ea7aea26ae, Nodes: ba0f7ce0-9099-4aca-b97a-21c3d5e7bc75{ip: 192.168.157.226, host: pr-hdds-1569-swxfz-3172132826, networkLocation: /default-rack, certSerialId: null}, Type:RATIS, Factor:ONE, State:OPEN]
2019-09-19 16:55:55,243 [RatisPipelineUtilsThread] ERROR pipeline.PipelinePlacementPolicy (PipelinePlacementPolicy.java:meetCriteria(91)) - Pipeline Placement: Doesn't meet the criteria to be viable node. Heaviness: 6
2019-09-19 16:55:55,247 [grpc-default-executor-0] INFO  impl.RaftServerProxy (RaftServerProxy.java:addNew(89)) - ba0f7ce0-9099-4aca-b97a-21c3d5e7bc75: addNew group-1A2F3C9BC749:[ba0f7ce0-9099-4aca-b97a-21c3d5e7bc75:192.168.157.226:36543] returns group-1A2F3C9BC749:java.util.concurrent.CompletableFuture@1e53b60a[Not completed]
2019-09-19 16:55:55,248 [pool-303-thread-1] INFO  impl.RaftServerImpl (RaftServerImpl.java:<init>(93)) - ba0f7ce0-9099-4aca-b97a-21c3d5e7bc75: new RaftServerImpl for group-1A2F3C9BC749:[ba0f7ce0-9099-4aca-b97a-21c3d5e7bc75:192.168.157.226:36543] with ContainerStateMachine:uninitialized
2019-09-19 16:55:55,248 [pool-303-thread-1] INFO  server.RaftServerConfigKeys (ConfUtils.java:logGet(43)) - raft.server.rpc.timeout.min = 5s (custom)
2019-09-19 16:55:55,248 [pool-303-thread-1] INFO  server.RaftServerConfigKeys (ConfUtils.java:logGet(43)) - raft.server.rpc.timeout.max = 5200ms (custom)
2019-09-19 16:55:55,248 [pool-303-thread-1] INFO  server.RaftServerConfigKeys (ConfUtils.java:logGet(43)) - raft.server.rpcslowness.timeout = 120s (custom)
2019-09-19 16:55:55,248 [pool-303-thread-1] INFO  server.RaftServerConfigKeys (ConfUtils.java:logGet(43)) - raft.server.sleep.deviation.threshold = 300 (default)
2019-09-19 16:55:55,248 [pool-303-thread-1] INFO  server.RaftServerConfigKeys (ConfUtils.java:logGet(43)) - raft.server.log.appender.install.snapshot.enabled = false (custom)
2019-09-19 16:55:55,249 [pool-303-thread-1] INFO  impl.RaftServerImpl (ServerState.java:<init>(105)) - ba0f7ce0-9099-4aca-b97a-21c3d5e7bc75:group-1A2F3C9BC749 ConfigurationManager, init=-1: [ba0f7ce0-9099-4aca-b97a-21c3d5e7bc75:192.168.157.226:36543], old=null, confs=<EMPTY_MAP>
2019-09-19 16:55:55,249 [pool-303-thread-1] INFO  server.RaftServerConfigKeys (ConfUtils.java:logGet(43)) - raft.server.storage.dir = [/workdir/hadoop-ozone/ozonefs/target/test-dir/MiniOzoneClusterImpl-65f4c353-11bb-4244-81c6-ae95f2aeb9fd/datanode-1/data/ratis] (custom)
2019-09-19 16:55:55,249 [pool-303-thread-1] INFO  storage.RaftStorageDirectory (RaftStorageDirectory.java:analyzeStorage(246)) - The storage directory /workdir/hadoop-ozone/ozonefs/target/test-dir/MiniOzoneClusterImpl-65f4c353-11bb-4244-81c6-ae95f2aeb9fd/datanode-1/data/ratis/9e6ca57a-8ffa-4aee-bd32-1a2f3c9bc749 does not exist. Creating ...
2019-09-19 16:55:55,252 [pool-303-thread-1] INFO  storage.RaftStorageDirectory (RaftStorageDirectory.java:tryLock(328)) - Lock on /workdir/hadoop-ozone/ozonefs/target/test-dir/MiniOzoneClusterImpl-65f4c353-11bb-4244-81c6-ae95f2aeb9fd/datanode-1/data/ratis/9e6ca57a-8ffa-4aee-bd32-1a2f3c9bc749/in_use.lock acquired by nodename 14771@pr-hdds-1569-swxfz-3172132826
2019-09-19 16:55:55,258 [pool-303-thread-1] INFO  storage.RaftStorage (RaftStorage.java:format(72)) - Storage directory /workdir/hadoop-ozone/ozonefs/target/test-dir/MiniOzoneClusterImpl-65f4c353-11bb-4244-81c6-ae95f2aeb9fd/datanode-1/data/ratis/9e6ca57a-8ffa-4aee-bd32-1a2f3c9bc749 has been successfully formatted.
2019-09-19 16:55:55,258 [pool-303-thread-1] INFO  ratis.ContainerStateMachine (ContainerStateMachine.java:loadSnapshot(226)) - group-1A2F3C9BC749: The snapshot info is null. Setting the last applied indexto:(t:0, i:~)
2019-09-19 16:55:55,258 [pool-303-thread-1] INFO  server.RaftServerConfigKeys (ConfUtils.java:logGet(43)) - raft.server.leader.election.timeout = 120s (custom)
2019-09-19 16:55:55,259 [pool-303-thread-1] INFO  server.RaftServerConfigKeys (ConfUtils.java:logGet(43)) - raft.server.log.use.memory = false (default)
2019-09-19 16:55:55,259 [pool-303-thread-1] INFO  server.RaftServerConfigKeys (ConfUtils.java:logGet(43)) - raft.server.log.purge.gap = 1000000 (custom)
2019-09-19 16:55:55,259 [pool-303-thread-1] INFO  server.RaftServerConfigKeys (ConfUtils.java:logGet(43)) - raft.server.log.appender.buffer.byte-limit = 33554432 (custom)
2019-09-19 16:55:55,259 [pool-303-thread-1] INFO  server.RaftServerConfigKeys (ConfUtils.java:logGet(43)) - raft.server.log.segment.size.max = 1048576 (custom)
2019-09-19 16:55:55,259 [pool-303-thread-1] INFO  server.RaftServerConfigKeys (ConfUtils.java:logGet(43)) - raft.server.log.segment.cache.num.max = 2 (custom)
2019-09-19 16:55:55,259 [pool-303-thread-1] INFO  segmented.SegmentedRaftLogWorker (SegmentedRaftLogWorker.java:<init>(172)) - new ba0f7ce0-9099-4aca-b97a-21c3d5e7bc75-SegmentedRaftLogWorker:Storage Directory /workdir/hadoop-ozone/ozonefs/target/test-dir/MiniOzoneClusterImpl-65f4c353-11bb-4244-81c6-ae95f2aeb9fd/datanode-1/data/ratis/9e6ca57a-8ffa-4aee-bd32-1a2f3c9bc749 for RaftStorage:Storage Directory /workdir/hadoop-ozone/ozonefs/target/test-dir/MiniOzoneClusterImpl-65f4c353-11bb-4244-81c6-ae95f2aeb9fd/datanode-1/data/ratis/9e6ca57a-8ffa-4aee-bd32-1a2f3c9bc749
2019-09-19 16:55:55,260 [pool-303-thread-1] INFO  server.RaftServerConfigKeys (ConfUtils.java:logGet(43)) - raft.server.log.queue.byte-limit = 2147483647 (custom)
2019-09-19 16:55:55,260 [pool-303-thread-1] INFO  server.RaftServerConfigKeys (ConfUtils.java:logGet(43)) - raft.server.log.queue.element-limit = 1024 (custom)
2019-09-19 16:55:55,260 [pool-303-thread-1] INFO  server.RaftServerConfigKeys (ConfUtils.java:logGet(43)) - raft.server.log.segment.size.max = 1048576 (custom)
2019-09-19 16:55:55,260 [pool-303-thread-1] INFO  server.RaftServerConfigKeys (ConfUtils.java:logGet(43)) - raft.server.log.preallocated.size = 16384 (custom)
2019-09-19 16:55:55,260 [pool-303-thread-1] INFO  server.RaftServerConfigKeys (ConfUtils.java:logGet(43)) - raft.server.log.write.buffer.size = 33554432 (custom)
2019-09-19 16:55:55,260 [pool-303-thread-1] INFO  server.RaftServerConfigKeys (ConfUtils.java:logGet(43)) - raft.server.log.force.sync.num = 128 (default)
2019-09-19 16:55:55,260 [pool-303-thread-1] INFO  server.RaftServerConfigKeys (ConfUtils.java:logGet(43)) - raft.server.log.statemachine.data.sync = true (default)
2019-09-19 16:55:55,261 [pool-303-thread-1] INFO  server.RaftServerConfigKeys (ConfUtils.java:logGet(43)) - raft.server.log.statemachine.data.sync.timeout = 10s (default)
2019-09-19 16:55:55,261 [pool-303-thread-1] INFO  server.RaftServerConfigKeys (ConfUtils.java:logGet(43)) - raft.server.log.statemachine.data.sync.timeout.retry = -1 (default)
2019-09-19 16:55:55,261 [pool-303-thread-1] INFO  server.RaftServerConfigKeys (ConfUtils.java:logGet(43)) - raft.server.log.statemachine.data.caching.enabled = true (custom)
2019-09-19 16:55:55,261 [pool-303-thread-1] INFO  segmented.SegmentedRaftLogWorker (SegmentedRaftLogWorker.java:lambda$new$0(132)) - ba0f7ce0-9099-4aca-b97a-21c3d5e7bc75-SegmentedRaftLogWorker:Storage Directory /workdir/hadoop-ozone/ozonefs/target/test-dir/MiniOzoneClusterImpl-65f4c353-11bb-4244-81c6-ae95f2aeb9fd/datanode-1/data/ratis/9e6ca57a-8ffa-4aee-bd32-1a2f3c9bc749: flushIndex: setUnconditionally 0 -> -1
2019-09-19 16:55:55,262 [pool-303-thread-1] INFO  server.RaftServerConfigKeys (ConfUtils.java:logGet(43)) - raft.server.snapshot.auto.trigger.enabled = true (custom)
2019-09-19 16:55:55,262 [pool-303-thread-1] INFO  server.RaftServerConfigKeys (ConfUtils.java:logGet(43)) - raft.server.snapshot.auto.trigger.threshold = 10000 (custom)
2019-09-19 16:55:55,262 [pool-303-thread-1] INFO  server.RaftServerConfigKeys (ConfUtils.java:logGet(43)) - raft.server.retrycache.expirytime = 600000ms (custom)
2019-09-19 16:55:55,262 [pool-303-thread-1] INFO  impl.RaftServerImpl (RaftServerImpl.java:start(180)) - ba0f7ce0-9099-4aca-b97a-21c3d5e7bc75: start group-1A2F3C9BC749
2019-09-19 16:55:55,262 [pool-303-thread-1] INFO  impl.RaftServerImpl (RaftServerImpl.java:setRole(171)) - ba0f7ce0-9099-4aca-b97a-21c3d5e7bc75:group-1A2F3C9BC749 changes role from null to FOLLOWER at term 0 for startAsFollower
2019-09-19 16:55:55,262 [pool-303-thread-1] INFO  impl.RoleInfo (RoleInfo.java:updateAndGet(143)) - ba0f7ce0-9099-4aca-b97a-21c3d5e7bc75: start FollowerState
2019-09-19 16:55:55,263 [pool-303-thread-1] INFO  util.JmxRegister (JmxRegister.java:tryRegister(44)) - Successfully registered JMX Bean with object name Ratis:service=RaftServer,group=group-1A2F3C9BC749,id=ba0f7ce0-9099-4aca-b97a-21c3d5e7bc75
2019-09-19 16:55:55,265 [RatisPipelineUtilsThread] INFO  pipeline.PipelineStateManager (PipelineStateManager.java:addPipeline(56)) - Created pipeline Pipeline[ Id: 9e6ca57a-8ffa-4aee-bd32-1a2f3c9bc749, Nodes: ba0f7ce0-9099-4aca-b97a-21c3d5e7bc75{ip: 192.168.157.226, host: pr-hdds-1569-swxfz-3172132826, networkLocation: /default-rack, certSerialId: null}, Type:RATIS, Factor:ONE, State:OPEN]
2019-09-19 16:55:55,265 [RatisPipelineUtilsThread] ERROR pipeline.PipelinePlacementPolicy (PipelinePlacementPolicy.java:meetCriteria(91)) - Pipeline Placement: Doesn't meet the criteria to be viable node. Heaviness: 6
2019-09-19 16:55:55,270 [grpc-default-executor-0] INFO  impl.RaftServerProxy (RaftServerProxy.java:addNew(89)) - ba0f7ce0-9099-4aca-b97a-21c3d5e7bc75: addNew group-5B59646A4CC7:[ba0f7ce0-9099-4aca-b97a-21c3d5e7bc75:192.168.157.226:36543] returns group-5B59646A4CC7:java.util.concurrent.CompletableFuture@5c98b438[Not completed]
2019-09-19 16:55:55,271 [pool-303-thread-1] INFO  impl.RaftServerImpl (RaftServerImpl.java:<init>(93)) - ba0f7ce0-9099-4aca-b97a-21c3d5e7bc75: new RaftServerImpl for group-5B59646A4CC7:[ba0f7ce0-9099-4aca-b97a-21c3d5e7bc75:192.168.157.226:36543] with ContainerStateMachine:uninitialized
2019-09-19 16:55:55,271 [pool-303-thread-1] INFO  server.RaftServerConfigKeys (ConfUtils.java:logGet(43)) - raft.server.rpc.timeout.min = 5s (custom)
2019-09-19 16:55:55,271 [pool-303-thread-1] INFO  server.RaftServerConfigKeys (ConfUtils.java:logGet(43)) - raft.server.rpc.timeout.max = 5200ms (custom)
2019-09-19 16:55:55,272 [pool-303-thread-1] INFO  server.RaftServerConfigKeys (ConfUtils.java:logGet(43)) - raft.server.rpcslowness.timeout = 120s (custom)
2019-09-19 16:55:55,272 [pool-303-thread-1] INFO  server.RaftServerConfigKeys (ConfUtils.java:logGet(43)) - raft.server.sleep.deviation.threshold = 300 (default)
2019-09-19 16:55:55,272 [pool-303-thread-1] INFO  server.RaftServerConfigKeys (ConfUtils.java:logGet(43)) - raft.server.log.appender.install.snapshot.enabled = false (custom)
2019-09-19 16:55:55,272 [pool-303-thread-1] INFO  impl.RaftServerImpl (ServerState.java:<init>(105)) - ba0f7ce0-9099-4aca-b97a-21c3d5e7bc75:group-5B59646A4CC7 ConfigurationManager, init=-1: [ba0f7ce0-9099-4aca-b97a-21c3d5e7bc75:192.168.157.226:36543], old=null, confs=<EMPTY_MAP>
2019-09-19 16:55:55,272 [pool-303-thread-1] INFO  server.RaftServerConfigKeys (ConfUtils.java:logGet(43)) - raft.server.storage.dir = [/workdir/hadoop-ozone/ozonefs/target/test-dir/MiniOzoneClusterImpl-65f4c353-11bb-4244-81c6-ae95f2aeb9fd/datanode-1/data/ratis] (custom)
2019-09-19 16:55:55,273 [pool-303-thread-1] INFO  storage.RaftStorageDirectory (RaftStorageDirectory.java:analyzeStorage(246)) - The storage directory /workdir/hadoop-ozone/ozonefs/target/test-dir/MiniOzoneClusterImpl-65f4c353-11bb-4244-81c6-ae95f2aeb9fd/datanode-1/data/ratis/185be717-4315-4a69-aebc-5b59646a4cc7 does not exist. Creating ...
2019-09-19 16:55:55,275 [pool-303-thread-1] INFO  storage.RaftStorageDirectory (RaftStorageDirectory.java:tryLock(328)) - Lock on /workdir/hadoop-ozone/ozonefs/target/test-dir/MiniOzoneClusterImpl-65f4c353-11bb-4244-81c6-ae95f2aeb9fd/datanode-1/data/ratis/185be717-4315-4a69-aebc-5b59646a4cc7/in_use.lock acquired by nodename 14771@pr-hdds-1569-swxfz-3172132826
2019-09-19 16:55:55,279 [pool-303-thread-1] INFO  storage.RaftStorage (RaftStorage.java:format(72)) - Storage directory /workdir/hadoop-ozone/ozonefs/target/test-dir/MiniOzoneClusterImpl-65f4c353-11bb-4244-81c6-ae95f2aeb9fd/datanode-1/data/ratis/185be717-4315-4a69-aebc-5b59646a4cc7 has been successfully formatted.
2019-09-19 16:55:55,279 [pool-303-thread-1] INFO  ratis.ContainerStateMachine (ContainerStateMachine.java:loadSnapshot(226)) - group-5B59646A4CC7: The snapshot info is null. Setting the last applied indexto:(t:0, i:~)
2019-09-19 16:55:55,279 [pool-303-thread-1] INFO  server.RaftServerConfigKeys (ConfUtils.java:logGet(43)) - raft.server.leader.election.timeout = 120s (custom)
2019-09-19 16:55:55,280 [pool-303-thread-1] INFO  server.RaftServerConfigKeys (ConfUtils.java:logGet(43)) - raft.server.log.use.memory = false (default)
2019-09-19 16:55:55,280 [pool-303-thread-1] INFO  server.RaftServerConfigKeys (ConfUtils.java:logGet(43)) - raft.server.log.purge.gap = 1000000 (custom)
2019-09-19 16:55:55,280 [pool-303-thread-1] INFO  server.RaftServerConfigKeys (ConfUtils.java:logGet(43)) - raft.server.log.appender.buffer.byte-limit = 33554432 (custom)
2019-09-19 16:55:55,280 [pool-303-thread-1] INFO  server.RaftServerConfigKeys (ConfUtils.java:logGet(43)) - raft.server.log.segment.size.max = 1048576 (custom)
2019-09-19 16:55:55,280 [pool-303-thread-1] INFO  server.RaftServerConfigKeys (ConfUtils.java:logGet(43)) - raft.server.log.segment.cache.num.max = 2 (custom)
2019-09-19 16:55:55,280 [pool-303-thread-1] INFO  segmented.SegmentedRaftLogWorker (SegmentedRaftLogWorker.java:<init>(172)) - new ba0f7ce0-9099-4aca-b97a-21c3d5e7bc75-SegmentedRaftLogWorker:Storage Directory /workdir/hadoop-ozone/ozonefs/target/test-dir/MiniOzoneClusterImpl-65f4c353-11bb-4244-81c6-ae95f2aeb9fd/datanode-1/data/ratis/185be717-4315-4a69-aebc-5b59646a4cc7 for RaftStorage:Storage Directory /workdir/hadoop-ozone/ozonefs/target/test-dir/MiniOzoneClusterImpl-65f4c353-11bb-4244-81c6-ae95f2aeb9fd/datanode-1/data/ratis/185be717-4315-4a69-aebc-5b59646a4cc7
2019-09-19 16:55:55,280 [pool-303-thread-1] INFO  server.RaftServerConfigKeys (ConfUtils.java:logGet(43)) - raft.server.log.queue.byte-limit = 2147483647 (custom)
2019-09-19 16:55:55,281 [pool-303-thread-1] INFO  server.RaftServerConfigKeys (ConfUtils.java:logGet(43)) - raft.server.log.queue.element-limit = 1024 (custom)
2019-09-19 16:55:55,281 [pool-303-thread-1] INFO  server.RaftServerConfigKeys (ConfUtils.java:logGet(43)) - raft.server.log.segment.size.max = 1048576 (custom)
2019-09-19 16:55:55,281 [pool-303-thread-1] INFO  server.RaftServerConfigKeys (ConfUtils.java:logGet(43)) - raft.server.log.preallocated.size = 16384 (custom)
2019-09-19 16:55:55,281 [pool-303-thread-1] INFO  server.RaftServerConfigKeys (ConfUtils.java:logGet(43)) - raft.server.log.write.buffer.size = 33554432 (custom)
2019-09-19 16:55:55,281 [pool-303-thread-1] INFO  server.RaftServerConfigKeys (ConfUtils.java:logGet(43)) - raft.server.log.force.sync.num = 128 (default)
2019-09-19 16:55:55,281 [pool-303-thread-1] INFO  server.RaftServerConfigKeys (ConfUtils.java:logGet(43)) - raft.server.log.statemachine.data.sync = true (default)
2019-09-19 16:55:55,281 [pool-303-thread-1] INFO  server.RaftServerConfigKeys (ConfUtils.java:logGet(43)) - raft.server.log.statemachine.data.sync.timeout = 10s (default)
2019-09-19 16:55:55,282 [pool-303-thread-1] INFO  server.RaftServerConfigKeys (ConfUtils.java:logGet(43)) - raft.server.log.statemachine.data.sync.timeout.retry = -1 (default)
2019-09-19 16:55:55,282 [pool-303-thread-1] INFO  server.RaftServerConfigKeys (ConfUtils.java:logGet(43)) - raft.server.log.statemachine.data.caching.enabled = true (custom)
2019-09-19 16:55:55,282 [pool-303-thread-1] INFO  segmented.SegmentedRaftLogWorker (SegmentedRaftLogWorker.java:lambda$new$0(132)) - ba0f7ce0-9099-4aca-b97a-21c3d5e7bc75-SegmentedRaftLogWorker:Storage Directory /workdir/hadoop-ozone/ozonefs/target/test-dir/MiniOzoneClusterImpl-65f4c353-11bb-4244-81c6-ae95f2aeb9fd/datanode-1/data/ratis/185be717-4315-4a69-aebc-5b59646a4cc7: flushIndex: setUnconditionally 0 -> -1
2019-09-19 16:55:55,284 [pool-303-thread-1] INFO  server.RaftServerConfigKeys (ConfUtils.java:logGet(43)) - raft.server.snapshot.auto.trigger.enabled = true (custom)
2019-09-19 16:55:55,284 [pool-303-thread-1] INFO  server.RaftServerConfigKeys (ConfUtils.java:logGet(43)) - raft.server.snapshot.auto.trigger.threshold = 10000 (custom)
2019-09-19 16:55:55,284 [pool-303-thread-1] INFO  server.RaftServerConfigKeys (ConfUtils.java:logGet(43)) - raft.server.retrycache.expirytime = 600000ms (custom)
2019-09-19 16:55:55,285 [pool-303-thread-1] INFO  impl.RaftServerImpl (RaftServerImpl.java:start(180)) - ba0f7ce0-9099-4aca-b97a-21c3d5e7bc75: start group-5B59646A4CC7
2019-09-19 16:55:55,285 [pool-303-thread-1] INFO  impl.RaftServerImpl (RaftServerImpl.java:setRole(171)) - ba0f7ce0-9099-4aca-b97a-21c3d5e7bc75:group-5B59646A4CC7 changes role from null to FOLLOWER at term 0 for startAsFollower
2019-09-19 16:55:55,285 [pool-303-thread-1] INFO  impl.RoleInfo (RoleInfo.java:updateAndGet(143)) - ba0f7ce0-9099-4aca-b97a-21c3d5e7bc75: start FollowerState
2019-09-19 16:55:55,285 [pool-303-thread-1] INFO  util.JmxRegister (JmxRegister.java:tryRegister(44)) - Successfully registered JMX Bean with object name Ratis:service=RaftServer,group=group-5B59646A4CC7,id=ba0f7ce0-9099-4aca-b97a-21c3d5e7bc75
2019-09-19 16:55:55,289 [RatisPipelineUtilsThread] INFO  pipeline.PipelineStateManager (PipelineStateManager.java:addPipeline(56)) - Created pipeline Pipeline[ Id: 185be717-4315-4a69-aebc-5b59646a4cc7, Nodes: ba0f7ce0-9099-4aca-b97a-21c3d5e7bc75{ip: 192.168.157.226, host: pr-hdds-1569-swxfz-3172132826, networkLocation: /default-rack, certSerialId: null}, Type:RATIS, Factor:ONE, State:OPEN]
2019-09-19 16:55:55,290 [RatisPipelineUtilsThread] ERROR pipeline.PipelinePlacementPolicy (PipelinePlacementPolicy.java:meetCriteria(91)) - Pipeline Placement: Doesn't meet the criteria to be viable node. Heaviness: 6
2019-09-19 16:55:55,295 [grpc-default-executor-0] INFO  impl.RaftServerProxy (RaftServerProxy.java:addNew(89)) - ba0f7ce0-9099-4aca-b97a-21c3d5e7bc75: addNew group-8B1D76F22324:[ba0f7ce0-9099-4aca-b97a-21c3d5e7bc75:192.168.157.226:36543] returns group-8B1D76F22324:java.util.concurrent.CompletableFuture@5ee08b6d[Not completed]
2019-09-19 16:55:55,296 [pool-303-thread-1] INFO  impl.RaftServerImpl (RaftServerImpl.java:<init>(93)) - ba0f7ce0-9099-4aca-b97a-21c3d5e7bc75: new RaftServerImpl for group-8B1D76F22324:[ba0f7ce0-9099-4aca-b97a-21c3d5e7bc75:192.168.157.226:36543] with ContainerStateMachine:uninitialized
2019-09-19 16:55:55,297 [pool-303-thread-1] INFO  server.RaftServerConfigKeys (ConfUtils.java:logGet(43)) - raft.server.rpc.timeout.min = 5s (custom)
2019-09-19 16:55:55,297 [pool-303-thread-1] INFO  server.RaftServerConfigKeys (ConfUtils.java:logGet(43)) - raft.server.rpc.timeout.max = 5200ms (custom)
2019-09-19 16:55:55,297 [pool-303-thread-1] INFO  server.RaftServerConfigKeys (ConfUtils.java:logGet(43)) - raft.server.rpcslowness.timeout = 120s (custom)
2019-09-19 16:55:55,297 [pool-303-thread-1] INFO  server.RaftServerConfigKeys (ConfUtils.java:logGet(43)) - raft.server.sleep.deviation.threshold = 300 (default)
2019-09-19 16:55:55,297 [pool-303-thread-1] INFO  server.RaftServerConfigKeys (ConfUtils.java:logGet(43)) - raft.server.log.appender.install.snapshot.enabled = false (custom)
2019-09-19 16:55:55,297 [pool-303-thread-1] INFO  impl.RaftServerImpl (ServerState.java:<init>(105)) - ba0f7ce0-9099-4aca-b97a-21c3d5e7bc75:group-8B1D76F22324 ConfigurationManager, init=-1: [ba0f7ce0-9099-4aca-b97a-21c3d5e7bc75:192.168.157.226:36543], old=null, confs=<EMPTY_MAP>
2019-09-19 16:55:55,297 [pool-303-thread-1] INFO  server.RaftServerConfigKeys (ConfUtils.java:logGet(43)) - raft.server.storage.dir = [/workdir/hadoop-ozone/ozonefs/target/test-dir/MiniOzoneClusterImpl-65f4c353-11bb-4244-81c6-ae95f2aeb9fd/datanode-1/data/ratis] (custom)
2019-09-19 16:55:55,298 [pool-303-thread-1] INFO  storage.RaftStorageDirectory (RaftStorageDirectory.java:analyzeStorage(246)) - The storage directory /workdir/hadoop-ozone/ozonefs/target/test-dir/MiniOzoneClusterImpl-65f4c353-11bb-4244-81c6-ae95f2aeb9fd/datanode-1/data/ratis/0b6eeab3-fae8-4f3f-ba7a-8b1d76f22324 does not exist. Creating ...
2019-09-19 16:55:55,301 [pool-303-thread-1] INFO  storage.RaftStorageDirectory (RaftStorageDirectory.java:tryLock(328)) - Lock on /workdir/hadoop-ozone/ozonefs/target/test-dir/MiniOzoneClusterImpl-65f4c353-11bb-4244-81c6-ae95f2aeb9fd/datanode-1/data/ratis/0b6eeab3-fae8-4f3f-ba7a-8b1d76f22324/in_use.lock acquired by nodename 14771@pr-hdds-1569-swxfz-3172132826
2019-09-19 16:55:55,305 [pool-303-thread-1] INFO  storage.RaftStorage (RaftStorage.java:format(72)) - Storage directory /workdir/hadoop-ozone/ozonefs/target/test-dir/MiniOzoneClusterImpl-65f4c353-11bb-4244-81c6-ae95f2aeb9fd/datanode-1/data/ratis/0b6eeab3-fae8-4f3f-ba7a-8b1d76f22324 has been successfully formatted.
2019-09-19 16:55:55,305 [pool-303-thread-1] INFO  ratis.ContainerStateMachine (ContainerStateMachine.java:loadSnapshot(226)) - group-8B1D76F22324: The snapshot info is null. Setting the last applied indexto:(t:0, i:~)
2019-09-19 16:55:55,305 [pool-303-thread-1] INFO  server.RaftServerConfigKeys (ConfUtils.java:logGet(43)) - raft.server.leader.election.timeout = 120s (custom)
2019-09-19 16:55:55,305 [pool-303-thread-1] INFO  server.RaftServerConfigKeys (ConfUtils.java:logGet(43)) - raft.server.log.use.memory = false (default)
2019-09-19 16:55:55,306 [pool-303-thread-1] INFO  server.RaftServerConfigKeys (ConfUtils.java:logGet(43)) - raft.server.log.purge.gap = 1000000 (custom)
2019-09-19 16:55:55,306 [pool-303-thread-1] INFO  server.RaftServerConfigKeys (ConfUtils.java:logGet(43)) - raft.server.log.appender.buffer.byte-limit = 33554432 (custom)
2019-09-19 16:55:55,306 [pool-303-thread-1] INFO  server.RaftServerConfigKeys (ConfUtils.java:logGet(43)) - raft.server.log.segment.size.max = 1048576 (custom)
2019-09-19 16:55:55,306 [pool-303-thread-1] INFO  server.RaftServerConfigKeys (ConfUtils.java:logGet(43)) - raft.server.log.segment.cache.num.max = 2 (custom)
2019-09-19 16:55:55,306 [pool-303-thread-1] INFO  segmented.SegmentedRaftLogWorker (SegmentedRaftLogWorker.java:<init>(172)) - new ba0f7ce0-9099-4aca-b97a-21c3d5e7bc75-SegmentedRaftLogWorker:Storage Directory /workdir/hadoop-ozone/ozonefs/target/test-dir/MiniOzoneClusterImpl-65f4c353-11bb-4244-81c6-ae95f2aeb9fd/datanode-1/data/ratis/0b6eeab3-fae8-4f3f-ba7a-8b1d76f22324 for RaftStorage:Storage Directory /workdir/hadoop-ozone/ozonefs/target/test-dir/MiniOzoneClusterImpl-65f4c353-11bb-4244-81c6-ae95f2aeb9fd/datanode-1/data/ratis/0b6eeab3-fae8-4f3f-ba7a-8b1d76f22324
2019-09-19 16:55:55,306 [pool-303-thread-1] INFO  server.RaftServerConfigKeys (ConfUtils.java:logGet(43)) - raft.server.log.queue.byte-limit = 2147483647 (custom)
2019-09-19 16:55:55,306 [pool-303-thread-1] INFO  server.RaftServerConfigKeys (ConfUtils.java:logGet(43)) - raft.server.log.queue.element-limit = 1024 (custom)
2019-09-19 16:55:55,306 [pool-303-thread-1] INFO  server.RaftServerConfigKeys (ConfUtils.java:logGet(43)) - raft.server.log.segment.size.max = 1048576 (custom)
2019-09-19 16:55:55,307 [pool-303-thread-1] INFO  server.RaftServerConfigKeys (ConfUtils.java:logGet(43)) - raft.server.log.preallocated.size = 16384 (custom)
2019-09-19 16:55:55,307 [pool-303-thread-1] INFO  server.RaftServerConfigKeys (ConfUtils.java:logGet(43)) - raft.server.log.write.buffer.size = 33554432 (custom)
2019-09-19 16:55:55,307 [pool-303-thread-1] INFO  server.RaftServerConfigKeys (ConfUtils.java:logGet(43)) - raft.server.log.force.sync.num = 128 (default)
2019-09-19 16:55:55,307 [pool-303-thread-1] INFO  server.RaftServerConfigKeys (ConfUtils.java:logGet(43)) - raft.server.log.statemachine.data.sync = true (default)
2019-09-19 16:55:55,307 [pool-303-thread-1] INFO  server.RaftServerConfigKeys (ConfUtils.java:logGet(43)) - raft.server.log.statemachine.data.sync.timeout = 10s (default)
2019-09-19 16:55:55,307 [pool-303-thread-1] INFO  server.RaftServerConfigKeys (ConfUtils.java:logGet(43)) - raft.server.log.statemachine.data.sync.timeout.retry = -1 (default)
2019-09-19 16:55:55,307 [pool-303-thread-1] INFO  server.RaftServerConfigKeys (ConfUtils.java:logGet(43)) - raft.server.log.statemachine.data.caching.enabled = true (custom)
2019-09-19 16:55:55,308 [pool-303-thread-1] INFO  segmented.SegmentedRaftLogWorker (SegmentedRaftLogWorker.java:lambda$new$0(132)) - ba0f7ce0-9099-4aca-b97a-21c3d5e7bc75-SegmentedRaftLogWorker:Storage Directory /workdir/hadoop-ozone/ozonefs/target/test-dir/MiniOzoneClusterImpl-65f4c353-11bb-4244-81c6-ae95f2aeb9fd/datanode-1/data/ratis/0b6eeab3-fae8-4f3f-ba7a-8b1d76f22324: flushIndex: setUnconditionally 0 -> -1
2019-09-19 16:55:55,308 [pool-303-thread-1] INFO  server.RaftServerConfigKeys (ConfUtils.java:logGet(43)) - raft.server.snapshot.auto.trigger.enabled = true (custom)
2019-09-19 16:55:55,308 [pool-303-thread-1] INFO  server.RaftServerConfigKeys (ConfUtils.java:logGet(43)) - raft.server.snapshot.auto.trigger.threshold = 10000 (custom)
2019-09-19 16:55:55,308 [pool-303-thread-1] INFO  server.RaftServerConfigKeys (ConfUtils.java:logGet(43)) - raft.server.retrycache.expirytime = 600000ms (custom)
2019-09-19 16:55:55,308 [pool-303-thread-1] INFO  impl.RaftServerImpl (RaftServerImpl.java:start(180)) - ba0f7ce0-9099-4aca-b97a-21c3d5e7bc75: start group-8B1D76F22324
2019-09-19 16:55:55,308 [pool-303-thread-1] INFO  impl.RaftServerImpl (RaftServerImpl.java:setRole(171)) - ba0f7ce0-9099-4aca-b97a-21c3d5e7bc75:group-8B1D76F22324 changes role from null to FOLLOWER at term 0 for startAsFollower
2019-09-19 16:55:55,309 [pool-303-thread-1] INFO  impl.RoleInfo (RoleInfo.java:updateAndGet(143)) - ba0f7ce0-9099-4aca-b97a-21c3d5e7bc75: start FollowerState
2019-09-19 16:55:55,309 [pool-303-thread-1] INFO  util.JmxRegister (JmxRegister.java:tryRegister(44)) - Successfully registered JMX Bean with object name Ratis:service=RaftServer,group=group-8B1D76F22324,id=ba0f7ce0-9099-4aca-b97a-21c3d5e7bc75
2019-09-19 16:55:55,312 [RatisPipelineUtilsThread] INFO  pipeline.PipelineStateManager (PipelineStateManager.java:addPipeline(56)) - Created pipeline Pipeline[ Id: 0b6eeab3-fae8-4f3f-ba7a-8b1d76f22324, Nodes: ba0f7ce0-9099-4aca-b97a-21c3d5e7bc75{ip: 192.168.157.226, host: pr-hdds-1569-swxfz-3172132826, networkLocation: /default-rack, certSerialId: null}, Type:RATIS, Factor:ONE, State:OPEN]
2019-09-19 16:55:55,312 [RatisPipelineUtilsThread] ERROR pipeline.PipelinePlacementPolicy (PipelinePlacementPolicy.java:meetCriteria(91)) - Pipeline Placement: Doesn't meet the criteria to be viable node. Heaviness: 6
2019-09-19 16:55:55,316 [grpc-default-executor-0] INFO  impl.RaftServerProxy (RaftServerProxy.java:addNew(89)) - ba0f7ce0-9099-4aca-b97a-21c3d5e7bc75: addNew group-6E872F882069:[ba0f7ce0-9099-4aca-b97a-21c3d5e7bc75:192.168.157.226:36543] returns group-6E872F882069:java.util.concurrent.CompletableFuture@726ec4d7[Not completed]
2019-09-19 16:55:55,317 [pool-303-thread-1] INFO  impl.RaftServerImpl (RaftServerImpl.java:<init>(93)) - ba0f7ce0-9099-4aca-b97a-21c3d5e7bc75: new RaftServerImpl for group-6E872F882069:[ba0f7ce0-9099-4aca-b97a-21c3d5e7bc75:192.168.157.226:36543] with ContainerStateMachine:uninitialized
2019-09-19 16:55:55,317 [pool-303-thread-1] INFO  server.RaftServerConfigKeys (ConfUtils.java:logGet(43)) - raft.server.rpc.timeout.min = 5s (custom)
2019-09-19 16:55:55,317 [pool-303-thread-1] INFO  server.RaftServerConfigKeys (ConfUtils.java:logGet(43)) - raft.server.rpc.timeout.max = 5200ms (custom)
2019-09-19 16:55:55,318 [pool-303-thread-1] INFO  server.RaftServerConfigKeys (ConfUtils.java:logGet(43)) - raft.server.rpcslowness.timeout = 120s (custom)
2019-09-19 16:55:55,318 [pool-303-thread-1] INFO  server.RaftServerConfigKeys (ConfUtils.java:logGet(43)) - raft.server.sleep.deviation.threshold = 300 (default)
2019-09-19 16:55:55,318 [pool-303-thread-1] INFO  server.RaftServerConfigKeys (ConfUtils.java:logGet(43)) - raft.server.log.appender.install.snapshot.enabled = false (custom)
2019-09-19 16:55:55,318 [pool-303-thread-1] INFO  impl.RaftServerImpl (ServerState.java:<init>(105)) - ba0f7ce0-9099-4aca-b97a-21c3d5e7bc75:group-6E872F882069 ConfigurationManager, init=-1: [ba0f7ce0-9099-4aca-b97a-21c3d5e7bc75:192.168.157.226:36543], old=null, confs=<EMPTY_MAP>
2019-09-19 16:55:55,318 [pool-303-thread-1] INFO  server.RaftServerConfigKeys (ConfUtils.java:logGet(43)) - raft.server.storage.dir = [/workdir/hadoop-ozone/ozonefs/target/test-dir/MiniOzoneClusterImpl-65f4c353-11bb-4244-81c6-ae95f2aeb9fd/datanode-1/data/ratis] (custom)
2019-09-19 16:55:55,318 [pool-303-thread-1] INFO  storage.RaftStorageDirectory (RaftStorageDirectory.java:analyzeStorage(246)) - The storage directory /workdir/hadoop-ozone/ozonefs/target/test-dir/MiniOzoneClusterImpl-65f4c353-11bb-4244-81c6-ae95f2aeb9fd/datanode-1/data/ratis/9c2946ae-8050-4731-bc3c-6e872f882069 does not exist. Creating ...
2019-09-19 16:55:55,324 [pool-303-thread-1] INFO  storage.RaftStorageDirectory (RaftStorageDirectory.java:tryLock(328)) - Lock on /workdir/hadoop-ozone/ozonefs/target/test-dir/MiniOzoneClusterImpl-65f4c353-11bb-4244-81c6-ae95f2aeb9fd/datanode-1/data/ratis/9c2946ae-8050-4731-bc3c-6e872f882069/in_use.lock acquired by nodename 14771@pr-hdds-1569-swxfz-3172132826
2019-09-19 16:55:55,343 [pool-303-thread-1] INFO  storage.RaftStorage (RaftStorage.java:format(72)) - Storage directory /workdir/hadoop-ozone/ozonefs/target/test-dir/MiniOzoneClusterImpl-65f4c353-11bb-4244-81c6-ae95f2aeb9fd/datanode-1/data/ratis/9c2946ae-8050-4731-bc3c-6e872f882069 has been successfully formatted.
2019-09-19 16:55:55,344 [pool-303-thread-1] INFO  ratis.ContainerStateMachine (ContainerStateMachine.java:loadSnapshot(226)) - group-6E872F882069: The snapshot info is null. Setting the last applied indexto:(t:0, i:~)
2019-09-19 16:55:55,344 [pool-303-thread-1] INFO  server.RaftServerConfigKeys (ConfUtils.java:logGet(43)) - raft.server.leader.election.timeout = 120s (custom)
2019-09-19 16:55:55,344 [pool-303-thread-1] INFO  server.RaftServerConfigKeys (ConfUtils.java:logGet(43)) - raft.server.log.use.memory = false (default)
2019-09-19 16:55:55,344 [pool-303-thread-1] INFO  server.RaftServerConfigKeys (ConfUtils.java:logGet(43)) - raft.server.log.purge.gap = 1000000 (custom)
2019-09-19 16:55:55,344 [pool-303-thread-1] INFO  server.RaftServerConfigKeys (ConfUtils.java:logGet(43)) - raft.server.log.appender.buffer.byte-limit = 33554432 (custom)
2019-09-19 16:55:55,344 [pool-303-thread-1] INFO  server.RaftServerConfigKeys (ConfUtils.java:logGet(43)) - raft.server.log.segment.size.max = 1048576 (custom)
2019-09-19 16:55:55,344 [pool-303-thread-1] INFO  server.RaftServerConfigKeys (ConfUtils.java:logGet(43)) - raft.server.log.segment.cache.num.max = 2 (custom)
2019-09-19 16:55:55,344 [pool-303-thread-1] INFO  segmented.SegmentedRaftLogWorker (SegmentedRaftLogWorker.java:<init>(172)) - new ba0f7ce0-9099-4aca-b97a-21c3d5e7bc75-SegmentedRaftLogWorker:Storage Directory /workdir/hadoop-ozone/ozonefs/target/test-dir/MiniOzoneClusterImpl-65f4c353-11bb-4244-81c6-ae95f2aeb9fd/datanode-1/data/ratis/9c2946ae-8050-4731-bc3c-6e872f882069 for RaftStorage:Storage Directory /workdir/hadoop-ozone/ozonefs/target/test-dir/MiniOzoneClusterImpl-65f4c353-11bb-4244-81c6-ae95f2aeb9fd/datanode-1/data/ratis/9c2946ae-8050-4731-bc3c-6e872f882069
2019-09-19 16:55:55,345 [pool-303-thread-1] INFO  server.RaftServerConfigKeys (ConfUtils.java:logGet(43)) - raft.server.log.queue.byte-limit = 2147483647 (custom)
2019-09-19 16:55:55,345 [pool-303-thread-1] INFO  server.RaftServerConfigKeys (ConfUtils.java:logGet(43)) - raft.server.log.queue.element-limit = 1024 (custom)
2019-09-19 16:55:55,345 [pool-303-thread-1] INFO  server.RaftServerConfigKeys (ConfUtils.java:logGet(43)) - raft.server.log.segment.size.max = 1048576 (custom)
2019-09-19 16:55:55,345 [pool-303-thread-1] INFO  server.RaftServerConfigKeys (ConfUtils.java:logGet(43)) - raft.server.log.preallocated.size = 16384 (custom)
2019-09-19 16:55:55,345 [pool-303-thread-1] INFO  server.RaftServerConfigKeys (ConfUtils.java:logGet(43)) - raft.server.log.write.buffer.size = 33554432 (custom)
2019-09-19 16:55:55,345 [pool-303-thread-1] INFO  server.RaftServerConfigKeys (ConfUtils.java:logGet(43)) - raft.server.log.force.sync.num = 128 (default)
2019-09-19 16:55:55,345 [pool-303-thread-1] INFO  server.RaftServerConfigKeys (ConfUtils.java:logGet(43)) - raft.server.log.statemachine.data.sync = true (default)
2019-09-19 16:55:55,345 [pool-303-thread-1] INFO  server.RaftServerConfigKeys (ConfUtils.java:logGet(43)) - raft.server.log.statemachine.data.sync.timeout = 10s (default)
2019-09-19 16:55:55,345 [pool-303-thread-1] INFO  server.RaftServerConfigKeys (ConfUtils.java:logGet(43)) - raft.server.log.statemachine.data.sync.timeout.retry = -1 (default)
2019-09-19 16:55:55,346 [pool-303-thread-1] INFO  server.RaftServerConfigKeys (ConfUtils.java:logGet(43)) - raft.server.log.statemachine.data.caching.enabled = true (custom)
2019-09-19 16:55:55,346 [pool-303-thread-1] INFO  segmented.SegmentedRaftLogWorker (SegmentedRaftLogWorker.java:lambda$new$0(132)) - ba0f7ce0-9099-4aca-b97a-21c3d5e7bc75-SegmentedRaftLogWorker:Storage Directory /workdir/hadoop-ozone/ozonefs/target/test-dir/MiniOzoneClusterImpl-65f4c353-11bb-4244-81c6-ae95f2aeb9fd/datanode-1/data/ratis/9c2946ae-8050-4731-bc3c-6e872f882069: flushIndex: setUnconditionally 0 -> -1
2019-09-19 16:55:55,346 [pool-303-thread-1] INFO  server.RaftServerConfigKeys (ConfUtils.java:logGet(43)) - raft.server.snapshot.auto.trigger.enabled = true (custom)
2019-09-19 16:55:55,346 [pool-303-thread-1] INFO  server.RaftServerConfigKeys (ConfUtils.java:logGet(43)) - raft.server.snapshot.auto.trigger.threshold = 10000 (custom)
2019-09-19 16:55:55,346 [pool-303-thread-1] INFO  server.RaftServerConfigKeys (ConfUtils.java:logGet(43)) - raft.server.retrycache.expirytime = 600000ms (custom)
2019-09-19 16:55:55,346 [pool-303-thread-1] INFO  impl.RaftServerImpl (RaftServerImpl.java:start(180)) - ba0f7ce0-9099-4aca-b97a-21c3d5e7bc75: start group-6E872F882069
2019-09-19 16:55:55,347 [pool-303-thread-1] INFO  impl.RaftServerImpl (RaftServerImpl.java:setRole(171)) - ba0f7ce0-9099-4aca-b97a-21c3d5e7bc75:group-6E872F882069 changes role from null to FOLLOWER at term 0 for startAsFollower
2019-09-19 16:55:55,347 [pool-303-thread-1] INFO  impl.RoleInfo (RoleInfo.java:updateAndGet(143)) - ba0f7ce0-9099-4aca-b97a-21c3d5e7bc75: start FollowerState
2019-09-19 16:55:55,347 [pool-303-thread-1] INFO  util.JmxRegister (JmxRegister.java:tryRegister(44)) - Successfully registered JMX Bean with object name Ratis:service=RaftServer,group=group-6E872F882069,id=ba0f7ce0-9099-4aca-b97a-21c3d5e7bc75
2019-09-19 16:55:55,349 [RatisPipelineUtilsThread] INFO  pipeline.PipelineStateManager (PipelineStateManager.java:addPipeline(56)) - Created pipeline Pipeline[ Id: 9c2946ae-8050-4731-bc3c-6e872f882069, Nodes: ba0f7ce0-9099-4aca-b97a-21c3d5e7bc75{ip: 192.168.157.226, host: pr-hdds-1569-swxfz-3172132826, networkLocation: /default-rack, certSerialId: null}, Type:RATIS, Factor:ONE, State:OPEN]
2019-09-19 16:55:55,350 [RatisPipelineUtilsThread] ERROR pipeline.PipelinePlacementPolicy (PipelinePlacementPolicy.java:meetCriteria(91)) - Pipeline Placement: Doesn't meet the criteria to be viable node. Heaviness: 6
2019-09-19 16:55:55,354 [grpc-default-executor-0] INFO  impl.RaftServerProxy (RaftServerProxy.java:addNew(89)) - ba0f7ce0-9099-4aca-b97a-21c3d5e7bc75: addNew group-EB90CF884F5D:[ba0f7ce0-9099-4aca-b97a-21c3d5e7bc75:192.168.157.226:36543] returns group-EB90CF884F5D:java.util.concurrent.CompletableFuture@71ff335b[Not completed]
2019-09-19 16:55:55,355 [pool-303-thread-1] INFO  impl.RaftServerImpl (RaftServerImpl.java:<init>(93)) - ba0f7ce0-9099-4aca-b97a-21c3d5e7bc75: new RaftServerImpl for group-EB90CF884F5D:[ba0f7ce0-9099-4aca-b97a-21c3d5e7bc75:192.168.157.226:36543] with ContainerStateMachine:uninitialized
2019-09-19 16:55:55,355 [pool-303-thread-1] INFO  server.RaftServerConfigKeys (ConfUtils.java:logGet(43)) - raft.server.rpc.timeout.min = 5s (custom)
2019-09-19 16:55:55,355 [pool-303-thread-1] INFO  server.RaftServerConfigKeys (ConfUtils.java:logGet(43)) - raft.server.rpc.timeout.max = 5200ms (custom)
2019-09-19 16:55:55,355 [pool-303-thread-1] INFO  server.RaftServerConfigKeys (ConfUtils.java:logGet(43)) - raft.server.rpcslowness.timeout = 120s (custom)
2019-09-19 16:55:55,355 [pool-303-thread-1] INFO  server.RaftServerConfigKeys (ConfUtils.java:logGet(43)) - raft.server.sleep.deviation.threshold = 300 (default)
2019-09-19 16:55:55,355 [pool-303-thread-1] INFO  server.RaftServerConfigKeys (ConfUtils.java:logGet(43)) - raft.server.log.appender.install.snapshot.enabled = false (custom)
2019-09-19 16:55:55,356 [pool-303-thread-1] INFO  impl.RaftServerImpl (ServerState.java:<init>(105)) - ba0f7ce0-9099-4aca-b97a-21c3d5e7bc75:group-EB90CF884F5D ConfigurationManager, init=-1: [ba0f7ce0-9099-4aca-b97a-21c3d5e7bc75:192.168.157.226:36543], old=null, confs=<EMPTY_MAP>
2019-09-19 16:55:55,356 [pool-303-thread-1] INFO  server.RaftServerConfigKeys (ConfUtils.java:logGet(43)) - raft.server.storage.dir = [/workdir/hadoop-ozone/ozonefs/target/test-dir/MiniOzoneClusterImpl-65f4c353-11bb-4244-81c6-ae95f2aeb9fd/datanode-1/data/ratis] (custom)
2019-09-19 16:55:55,356 [pool-303-thread-1] INFO  storage.RaftStorageDirectory (RaftStorageDirectory.java:analyzeStorage(246)) - The storage directory /workdir/hadoop-ozone/ozonefs/target/test-dir/MiniOzoneClusterImpl-65f4c353-11bb-4244-81c6-ae95f2aeb9fd/datanode-1/data/ratis/363ec449-2070-46d0-9586-eb90cf884f5d does not exist. Creating ...
2019-09-19 16:55:55,368 [pool-303-thread-1] INFO  storage.RaftStorageDirectory (RaftStorageDirectory.java:tryLock(328)) - Lock on /workdir/hadoop-ozone/ozonefs/target/test-dir/MiniOzoneClusterImpl-65f4c353-11bb-4244-81c6-ae95f2aeb9fd/datanode-1/data/ratis/363ec449-2070-46d0-9586-eb90cf884f5d/in_use.lock acquired by nodename 14771@pr-hdds-1569-swxfz-3172132826
2019-09-19 16:55:55,381 [pool-303-thread-1] INFO  storage.RaftStorage (RaftStorage.java:format(72)) - Storage directory /workdir/hadoop-ozone/ozonefs/target/test-dir/MiniOzoneClusterImpl-65f4c353-11bb-4244-81c6-ae95f2aeb9fd/datanode-1/data/ratis/363ec449-2070-46d0-9586-eb90cf884f5d has been successfully formatted.
2019-09-19 16:55:55,381 [pool-303-thread-1] INFO  ratis.ContainerStateMachine (ContainerStateMachine.java:loadSnapshot(226)) - group-EB90CF884F5D: The snapshot info is null. Setting the last applied indexto:(t:0, i:~)
2019-09-19 16:55:55,381 [pool-303-thread-1] INFO  server.RaftServerConfigKeys (ConfUtils.java:logGet(43)) - raft.server.leader.election.timeout = 120s (custom)
2019-09-19 16:55:55,381 [pool-303-thread-1] INFO  server.RaftServerConfigKeys (ConfUtils.java:logGet(43)) - raft.server.log.use.memory = false (default)
2019-09-19 16:55:55,382 [pool-303-thread-1] INFO  server.RaftServerConfigKeys (ConfUtils.java:logGet(43)) - raft.server.log.purge.gap = 1000000 (custom)
2019-09-19 16:55:55,382 [pool-303-thread-1] INFO  server.RaftServerConfigKeys (ConfUtils.java:logGet(43)) - raft.server.log.appender.buffer.byte-limit = 33554432 (custom)
2019-09-19 16:55:55,382 [pool-303-thread-1] INFO  server.RaftServerConfigKeys (ConfUtils.java:logGet(43)) - raft.server.log.segment.size.max = 1048576 (custom)
2019-09-19 16:55:55,382 [pool-303-thread-1] INFO  server.RaftServerConfigKeys (ConfUtils.java:logGet(43)) - raft.server.log.segment.cache.num.max = 2 (custom)
2019-09-19 16:55:55,382 [pool-303-thread-1] INFO  segmented.SegmentedRaftLogWorker (SegmentedRaftLogWorker.java:<init>(172)) - new ba0f7ce0-9099-4aca-b97a-21c3d5e7bc75-SegmentedRaftLogWorker:Storage Directory /workdir/hadoop-ozone/ozonefs/target/test-dir/MiniOzoneClusterImpl-65f4c353-11bb-4244-81c6-ae95f2aeb9fd/datanode-1/data/ratis/363ec449-2070-46d0-9586-eb90cf884f5d for RaftStorage:Storage Directory /workdir/hadoop-ozone/ozonefs/target/test-dir/MiniOzoneClusterImpl-65f4c353-11bb-4244-81c6-ae95f2aeb9fd/datanode-1/data/ratis/363ec449-2070-46d0-9586-eb90cf884f5d
2019-09-19 16:55:55,382 [pool-303-thread-1] INFO  server.RaftServerConfigKeys (ConfUtils.java:logGet(43)) - raft.server.log.queue.byte-limit = 2147483647 (custom)
2019-09-19 16:55:55,382 [pool-303-thread-1] INFO  server.RaftServerConfigKeys (ConfUtils.java:logGet(43)) - raft.server.log.queue.element-limit = 1024 (custom)
2019-09-19 16:55:55,382 [pool-303-thread-1] INFO  server.RaftServerConfigKeys (ConfUtils.java:logGet(43)) - raft.server.log.segment.size.max = 1048576 (custom)
2019-09-19 16:55:55,382 [pool-303-thread-1] INFO  server.RaftServerConfigKeys (ConfUtils.java:logGet(43)) - raft.server.log.preallocated.size = 16384 (custom)
2019-09-19 16:55:55,382 [pool-303-thread-1] INFO  server.RaftServerConfigKeys (ConfUtils.java:logGet(43)) - raft.server.log.write.buffer.size = 33554432 (custom)
2019-09-19 16:55:55,383 [pool-303-thread-1] INFO  server.RaftServerConfigKeys (ConfUtils.java:logGet(43)) - raft.server.log.force.sync.num = 128 (default)
2019-09-19 16:55:55,383 [pool-303-thread-1] INFO  server.RaftServerConfigKeys (ConfUtils.java:logGet(43)) - raft.server.log.statemachine.data.sync = true (default)
2019-09-19 16:55:55,383 [pool-303-thread-1] INFO  server.RaftServerConfigKeys (ConfUtils.java:logGet(43)) - raft.server.log.statemachine.data.sync.timeout = 10s (default)
2019-09-19 16:55:55,383 [pool-303-thread-1] INFO  server.RaftServerConfigKeys (ConfUtils.java:logGet(43)) - raft.server.log.statemachine.data.sync.timeout.retry = -1 (default)
2019-09-19 16:55:55,383 [pool-303-thread-1] INFO  server.RaftServerConfigKeys (ConfUtils.java:logGet(43)) - raft.server.log.statemachine.data.caching.enabled = true (custom)
2019-09-19 16:55:55,383 [pool-303-thread-1] INFO  segmented.SegmentedRaftLogWorker (SegmentedRaftLogWorker.java:lambda$new$0(132)) - ba0f7ce0-9099-4aca-b97a-21c3d5e7bc75-SegmentedRaftLogWorker:Storage Directory /workdir/hadoop-ozone/ozonefs/target/test-dir/MiniOzoneClusterImpl-65f4c353-11bb-4244-81c6-ae95f2aeb9fd/datanode-1/data/ratis/363ec449-2070-46d0-9586-eb90cf884f5d: flushIndex: setUnconditionally 0 -> -1
2019-09-19 16:55:55,383 [pool-303-thread-1] INFO  server.RaftServerConfigKeys (ConfUtils.java:logGet(43)) - raft.server.snapshot.auto.trigger.enabled = true (custom)
2019-09-19 16:55:55,384 [pool-303-thread-1] INFO  server.RaftServerConfigKeys (ConfUtils.java:logGet(43)) - raft.server.snapshot.auto.trigger.threshold = 10000 (custom)
2019-09-19 16:55:55,384 [pool-303-thread-1] INFO  server.RaftServerConfigKeys (ConfUtils.java:logGet(43)) - raft.server.retrycache.expirytime = 600000ms (custom)
2019-09-19 16:55:55,384 [pool-303-thread-1] INFO  impl.RaftServerImpl (RaftServerImpl.java:start(180)) - ba0f7ce0-9099-4aca-b97a-21c3d5e7bc75: start group-EB90CF884F5D
2019-09-19 16:55:55,384 [pool-303-thread-1] INFO  impl.RaftServerImpl (RaftServerImpl.java:setRole(171)) - ba0f7ce0-9099-4aca-b97a-21c3d5e7bc75:group-EB90CF884F5D changes role from null to FOLLOWER at term 0 for startAsFollower
2019-09-19 16:55:55,384 [pool-303-thread-1] INFO  impl.RoleInfo (RoleInfo.java:updateAndGet(143)) - ba0f7ce0-9099-4aca-b97a-21c3d5e7bc75: start FollowerState
2019-09-19 16:55:55,384 [pool-303-thread-1] INFO  util.JmxRegister (JmxRegister.java:tryRegister(44)) - Successfully registered JMX Bean with object name Ratis:service=RaftServer,group=group-EB90CF884F5D,id=ba0f7ce0-9099-4aca-b97a-21c3d5e7bc75
2019-09-19 16:55:55,387 [RatisPipelineUtilsThread] INFO  pipeline.PipelineStateManager (PipelineStateManager.java:addPipeline(56)) - Created pipeline Pipeline[ Id: 363ec449-2070-46d0-9586-eb90cf884f5d, Nodes: ba0f7ce0-9099-4aca-b97a-21c3d5e7bc75{ip: 192.168.157.226, host: pr-hdds-1569-swxfz-3172132826, networkLocation: /default-rack, certSerialId: null}, Type:RATIS, Factor:ONE, State:OPEN]
2019-09-19 16:55:55,387 [RatisPipelineUtilsThread] ERROR pipeline.PipelinePlacementPolicy (PipelinePlacementPolicy.java:meetCriteria(91)) - Pipeline Placement: Doesn't meet the criteria to be viable node. Heaviness: 6
2019-09-19 16:55:55,387 [RatisPipelineUtilsThread] ERROR pipeline.PipelinePlacementPolicy (PipelinePlacementPolicy.java:meetCriteria(91)) - Pipeline Placement: Doesn't meet the criteria to be viable node. Heaviness: 6
2019-09-19 16:55:55,387 [RatisPipelineUtilsThread] ERROR pipeline.PipelinePlacementPolicy (PipelinePlacementPolicy.java:filterViableNodes(146)) - Unable to find enough nodes that meet the criteria that cannot engage in more than 5 pipelines. Nodes required: 1 Found: 0, healthy nodes count inNodeManager: 2.
2019-09-19 16:55:55,387 [RatisPipelineUtilsThread] ERROR pipeline.SCMPipelineManager (SCMPipelineManager.java:createPipeline(161)) - Pipeline creation failed due to exception: Unable to find enough nodes that meet the criteria that cannot engage in more than 5 pipelines. Nodes required: 1 Found: 0, healthy nodes count inNodeManager: 2.
2019-09-19 16:55:55,388 [RatisPipelineUtilsThread] ERROR pipeline.PipelinePlacementPolicy (PipelinePlacementPolicy.java:filterViableNodes(129)) - Not enough healthy nodes to allocate pipeline. 3  datanodes required. Found 2
2019-09-19 16:55:55,388 [RatisPipelineUtilsThread] ERROR pipeline.SCMPipelineManager (SCMPipelineManager.java:createPipeline(161)) - Pipeline creation failed due to exception: Not enough healthy nodes to allocate pipeline. 3  datanodes required. Found 2
2019-09-19 16:55:55,411 [main] INFO  ozone.MiniOzoneClusterImpl (MiniOzoneClusterImpl.java:lambda$waitForClusterToBeReady$0(142)) - Waiting for cluster to be ready. Got 2 of 3 DN Heartbeats.
2019-09-19 16:55:55,413 [IPC Server handler 1 on 35481] INFO  net.NetworkTopology (NetworkTopologyImpl.java:add(110)) - Added a new node: /default-rack/1e7690c8-db9a-4ad6-a3a5-5d50f051c03b
2019-09-19 16:55:55,413 [RatisPipelineUtilsThread] ERROR pipeline.PipelinePlacementPolicy (PipelinePlacementPolicy.java:meetCriteria(91)) - Pipeline Placement: Doesn't meet the criteria to be viable node. Heaviness: 6
2019-09-19 16:55:55,413 [IPC Server handler 1 on 35481] INFO  node.SCMNodeManager (SCMNodeManager.java:register(273)) - Registered Data node : 1e7690c8-db9a-4ad6-a3a5-5d50f051c03b{ip: 192.168.157.226, host: pr-hdds-1569-swxfz-3172132826, networkLocation: /default-rack, certSerialId: null}
2019-09-19 16:55:55,414 [RatisPipelineUtilsThread] ERROR pipeline.PipelinePlacementPolicy (PipelinePlacementPolicy.java:meetCriteria(91)) - Pipeline Placement: Doesn't meet the criteria to be viable node. Heaviness: 6
2019-09-19 16:55:55,414 | INFO  | SCMAudit | user=jenkins1000 | ip=192.168.157.226 | op=REGISTER {datanodeDetails=1e7690c8-db9a-4ad6-a3a5-5d50f051c03b{ip: 192.168.157.226, host: pr-hdds-1569-swxfz-3172132826, networkLocation: /default-rack, certSerialId: null}} | ret=SUCCESS |  
2019-09-19 16:55:55,426 [grpc-default-executor-0] INFO  impl.RaftServerProxy (RaftServerProxy.java:addNew(89)) - 1e7690c8-db9a-4ad6-a3a5-5d50f051c03b: addNew group-C70C8ABD82E1:[1e7690c8-db9a-4ad6-a3a5-5d50f051c03b:192.168.157.226:40664] returns group-C70C8ABD82E1:java.util.concurrent.CompletableFuture@327641d8[Not completed]
2019-09-19 16:55:55,428 [pool-314-thread-1] INFO  impl.RaftServerImpl (RaftServerImpl.java:<init>(93)) - 1e7690c8-db9a-4ad6-a3a5-5d50f051c03b: new RaftServerImpl for group-C70C8ABD82E1:[1e7690c8-db9a-4ad6-a3a5-5d50f051c03b:192.168.157.226:40664] with ContainerStateMachine:uninitialized
2019-09-19 16:55:55,428 [pool-314-thread-1] INFO  server.RaftServerConfigKeys (ConfUtils.java:logGet(43)) - raft.server.rpc.timeout.min = 5s (custom)
2019-09-19 16:55:55,428 [pool-314-thread-1] INFO  server.RaftServerConfigKeys (ConfUtils.java:logGet(43)) - raft.server.rpc.timeout.max = 5200ms (custom)
2019-09-19 16:55:55,429 [pool-314-thread-1] INFO  server.RaftServerConfigKeys (ConfUtils.java:logGet(43)) - raft.server.rpcslowness.timeout = 120s (custom)
2019-09-19 16:55:55,429 [pool-314-thread-1] INFO  server.RaftServerConfigKeys (ConfUtils.java:logGet(43)) - raft.server.sleep.deviation.threshold = 300 (default)
2019-09-19 16:55:55,429 [pool-314-thread-1] INFO  server.RaftServerConfigKeys (ConfUtils.java:logGet(43)) - raft.server.log.appender.install.snapshot.enabled = false (custom)
2019-09-19 16:55:55,429 [pool-314-thread-1] INFO  impl.RaftServerImpl (ServerState.java:<init>(105)) - 1e7690c8-db9a-4ad6-a3a5-5d50f051c03b:group-C70C8ABD82E1 ConfigurationManager, init=-1: [1e7690c8-db9a-4ad6-a3a5-5d50f051c03b:192.168.157.226:40664], old=null, confs=<EMPTY_MAP>
2019-09-19 16:55:55,429 [pool-314-thread-1] INFO  server.RaftServerConfigKeys (ConfUtils.java:logGet(43)) - raft.server.storage.dir = [/workdir/hadoop-ozone/ozonefs/target/test-dir/MiniOzoneClusterImpl-65f4c353-11bb-4244-81c6-ae95f2aeb9fd/datanode-2/data/ratis] (custom)
2019-09-19 16:55:55,430 [pool-314-thread-1] INFO  storage.RaftStorageDirectory (RaftStorageDirectory.java:analyzeStorage(246)) - The storage directory /workdir/hadoop-ozone/ozonefs/target/test-dir/MiniOzoneClusterImpl-65f4c353-11bb-4244-81c6-ae95f2aeb9fd/datanode-2/data/ratis/b39d1f02-ffeb-459e-9ad2-c70c8abd82e1 does not exist. Creating ...
2019-09-19 16:55:55,443 [pool-314-thread-1] INFO  storage.RaftStorageDirectory (RaftStorageDirectory.java:tryLock(328)) - Lock on /workdir/hadoop-ozone/ozonefs/target/test-dir/MiniOzoneClusterImpl-65f4c353-11bb-4244-81c6-ae95f2aeb9fd/datanode-2/data/ratis/b39d1f02-ffeb-459e-9ad2-c70c8abd82e1/in_use.lock acquired by nodename 14771@pr-hdds-1569-swxfz-3172132826
2019-09-19 16:55:55,456 [pool-314-thread-1] INFO  storage.RaftStorage (RaftStorage.java:format(72)) - Storage directory /workdir/hadoop-ozone/ozonefs/target/test-dir/MiniOzoneClusterImpl-65f4c353-11bb-4244-81c6-ae95f2aeb9fd/datanode-2/data/ratis/b39d1f02-ffeb-459e-9ad2-c70c8abd82e1 has been successfully formatted.
2019-09-19 16:55:55,457 [pool-314-thread-1] INFO  ratis.ContainerStateMachine (ContainerStateMachine.java:loadSnapshot(226)) - group-C70C8ABD82E1: The snapshot info is null. Setting the last applied indexto:(t:0, i:~)
2019-09-19 16:55:55,457 [pool-314-thread-1] INFO  server.RaftServerConfigKeys (ConfUtils.java:logGet(43)) - raft.server.leader.election.timeout = 120s (custom)
2019-09-19 16:55:55,457 [pool-314-thread-1] INFO  server.RaftServerConfigKeys (ConfUtils.java:logGet(43)) - raft.server.log.use.memory = false (default)
2019-09-19 16:55:55,457 [pool-314-thread-1] INFO  server.RaftServerConfigKeys (ConfUtils.java:logGet(43)) - raft.server.log.purge.gap = 1000000 (custom)
2019-09-19 16:55:55,457 [pool-314-thread-1] INFO  server.RaftServerConfigKeys (ConfUtils.java:logGet(43)) - raft.server.log.appender.buffer.byte-limit = 33554432 (custom)
2019-09-19 16:55:55,458 [pool-314-thread-1] INFO  server.RaftServerConfigKeys (ConfUtils.java:logGet(43)) - raft.server.log.segment.size.max = 1048576 (custom)
2019-09-19 16:55:55,458 [pool-314-thread-1] INFO  server.RaftServerConfigKeys (ConfUtils.java:logGet(43)) - raft.server.log.segment.cache.num.max = 2 (custom)
2019-09-19 16:55:55,458 [pool-314-thread-1] INFO  segmented.SegmentedRaftLogWorker (SegmentedRaftLogWorker.java:<init>(172)) - new 1e7690c8-db9a-4ad6-a3a5-5d50f051c03b-SegmentedRaftLogWorker:Storage Directory /workdir/hadoop-ozone/ozonefs/target/test-dir/MiniOzoneClusterImpl-65f4c353-11bb-4244-81c6-ae95f2aeb9fd/datanode-2/data/ratis/b39d1f02-ffeb-459e-9ad2-c70c8abd82e1 for RaftStorage:Storage Directory /workdir/hadoop-ozone/ozonefs/target/test-dir/MiniOzoneClusterImpl-65f4c353-11bb-4244-81c6-ae95f2aeb9fd/datanode-2/data/ratis/b39d1f02-ffeb-459e-9ad2-c70c8abd82e1
2019-09-19 16:55:55,458 [pool-314-thread-1] INFO  server.RaftServerConfigKeys (ConfUtils.java:logGet(43)) - raft.server.log.queue.byte-limit = 2147483647 (custom)
2019-09-19 16:55:55,458 [pool-314-thread-1] INFO  server.RaftServerConfigKeys (ConfUtils.java:logGet(43)) - raft.server.log.queue.element-limit = 1024 (custom)
2019-09-19 16:55:55,459 [pool-314-thread-1] INFO  server.RaftServerConfigKeys (ConfUtils.java:logGet(43)) - raft.server.log.segment.size.max = 1048576 (custom)
2019-09-19 16:55:55,459 [pool-314-thread-1] INFO  server.RaftServerConfigKeys (ConfUtils.java:logGet(43)) - raft.server.log.preallocated.size = 16384 (custom)
2019-09-19 16:55:55,459 [pool-314-thread-1] INFO  server.RaftServerConfigKeys (ConfUtils.java:logGet(43)) - raft.server.log.write.buffer.size = 33554432 (custom)
2019-09-19 16:55:55,459 [pool-314-thread-1] INFO  server.RaftServerConfigKeys (ConfUtils.java:logGet(43)) - raft.server.log.force.sync.num = 128 (default)
2019-09-19 16:55:55,459 [pool-314-thread-1] INFO  server.RaftServerConfigKeys (ConfUtils.java:logGet(43)) - raft.server.log.statemachine.data.sync = true (default)
2019-09-19 16:55:55,460 [pool-314-thread-1] INFO  server.RaftServerConfigKeys (ConfUtils.java:logGet(43)) - raft.server.log.statemachine.data.sync.timeout = 10s (default)
2019-09-19 16:55:55,460 [pool-314-thread-1] INFO  server.RaftServerConfigKeys (ConfUtils.java:logGet(43)) - raft.server.log.statemachine.data.sync.timeout.retry = -1 (default)
2019-09-19 16:55:55,460 [pool-314-thread-1] INFO  server.RaftServerConfigKeys (ConfUtils.java:logGet(43)) - raft.server.log.statemachine.data.caching.enabled = true (custom)
2019-09-19 16:55:55,461 [pool-314-thread-1] INFO  segmented.SegmentedRaftLogWorker (SegmentedRaftLogWorker.java:lambda$new$0(132)) - 1e7690c8-db9a-4ad6-a3a5-5d50f051c03b-SegmentedRaftLogWorker:Storage Directory /workdir/hadoop-ozone/ozonefs/target/test-dir/MiniOzoneClusterImpl-65f4c353-11bb-4244-81c6-ae95f2aeb9fd/datanode-2/data/ratis/b39d1f02-ffeb-459e-9ad2-c70c8abd82e1: flushIndex: setUnconditionally 0 -> -1
2019-09-19 16:55:55,461 [pool-314-thread-1] INFO  server.RaftServerConfigKeys (ConfUtils.java:logGet(43)) - raft.server.snapshot.auto.trigger.enabled = true (custom)
2019-09-19 16:55:55,461 [pool-314-thread-1] INFO  server.RaftServerConfigKeys (ConfUtils.java:logGet(43)) - raft.server.snapshot.auto.trigger.threshold = 10000 (custom)
2019-09-19 16:55:55,461 [pool-314-thread-1] INFO  server.RaftServerConfigKeys (ConfUtils.java:logGet(43)) - raft.server.retrycache.expirytime = 600000ms (custom)
2019-09-19 16:55:55,461 [pool-314-thread-1] INFO  impl.RaftServerImpl (RaftServerImpl.java:start(180)) - 1e7690c8-db9a-4ad6-a3a5-5d50f051c03b: start group-C70C8ABD82E1
2019-09-19 16:55:55,462 [pool-314-thread-1] INFO  impl.RaftServerImpl (RaftServerImpl.java:setRole(171)) - 1e7690c8-db9a-4ad6-a3a5-5d50f051c03b:group-C70C8ABD82E1 changes role from null to FOLLOWER at term 0 for startAsFollower
2019-09-19 16:55:55,462 [pool-314-thread-1] INFO  impl.RoleInfo (RoleInfo.java:updateAndGet(143)) - 1e7690c8-db9a-4ad6-a3a5-5d50f051c03b: start FollowerState
2019-09-19 16:55:55,462 [pool-314-thread-1] INFO  util.JmxRegister (JmxRegister.java:tryRegister(44)) - Successfully registered JMX Bean with object name Ratis:service=RaftServer,group=group-C70C8ABD82E1,id=1e7690c8-db9a-4ad6-a3a5-5d50f051c03b
2019-09-19 16:55:55,465 [RatisPipelineUtilsThread] INFO  pipeline.PipelineStateManager (PipelineStateManager.java:addPipeline(56)) - Created pipeline Pipeline[ Id: b39d1f02-ffeb-459e-9ad2-c70c8abd82e1, Nodes: 1e7690c8-db9a-4ad6-a3a5-5d50f051c03b{ip: 192.168.157.226, host: pr-hdds-1569-swxfz-3172132826, networkLocation: /default-rack, certSerialId: null}, Type:RATIS, Factor:ONE, State:OPEN]
2019-09-19 16:55:55,466 [RatisPipelineUtilsThread] ERROR pipeline.PipelinePlacementPolicy (PipelinePlacementPolicy.java:meetCriteria(91)) - Pipeline Placement: Doesn't meet the criteria to be viable node. Heaviness: 6
2019-09-19 16:55:55,466 [RatisPipelineUtilsThread] ERROR pipeline.PipelinePlacementPolicy (PipelinePlacementPolicy.java:meetCriteria(91)) - Pipeline Placement: Doesn't meet the criteria to be viable node. Heaviness: 6
2019-09-19 16:55:55,471 [grpc-default-executor-0] INFO  impl.RaftServerProxy (RaftServerProxy.java:addNew(89)) - 1e7690c8-db9a-4ad6-a3a5-5d50f051c03b: addNew group-4E672DD554F8:[1e7690c8-db9a-4ad6-a3a5-5d50f051c03b:192.168.157.226:40664] returns group-4E672DD554F8:java.util.concurrent.CompletableFuture@1a3217b7[Not completed]
2019-09-19 16:55:55,473 [pool-314-thread-1] INFO  impl.RaftServerImpl (RaftServerImpl.java:<init>(93)) - 1e7690c8-db9a-4ad6-a3a5-5d50f051c03b: new RaftServerImpl for group-4E672DD554F8:[1e7690c8-db9a-4ad6-a3a5-5d50f051c03b:192.168.157.226:40664] with ContainerStateMachine:uninitialized
2019-09-19 16:55:55,473 [pool-314-thread-1] INFO  server.RaftServerConfigKeys (ConfUtils.java:logGet(43)) - raft.server.rpc.timeout.min = 5s (custom)
2019-09-19 16:55:55,474 [pool-314-thread-1] INFO  server.RaftServerConfigKeys (ConfUtils.java:logGet(43)) - raft.server.rpc.timeout.max = 5200ms (custom)
2019-09-19 16:55:55,474 [pool-314-thread-1] INFO  server.RaftServerConfigKeys (ConfUtils.java:logGet(43)) - raft.server.rpcslowness.timeout = 120s (custom)
2019-09-19 16:55:55,474 [pool-314-thread-1] INFO  server.RaftServerConfigKeys (ConfUtils.java:logGet(43)) - raft.server.sleep.deviation.threshold = 300 (default)
2019-09-19 16:55:55,474 [pool-314-thread-1] INFO  server.RaftServerConfigKeys (ConfUtils.java:logGet(43)) - raft.server.log.appender.install.snapshot.enabled = false (custom)
2019-09-19 16:55:55,474 [pool-314-thread-1] INFO  impl.RaftServerImpl (ServerState.java:<init>(105)) - 1e7690c8-db9a-4ad6-a3a5-5d50f051c03b:group-4E672DD554F8 ConfigurationManager, init=-1: [1e7690c8-db9a-4ad6-a3a5-5d50f051c03b:192.168.157.226:40664], old=null, confs=<EMPTY_MAP>
2019-09-19 16:55:55,474 [pool-314-thread-1] INFO  server.RaftServerConfigKeys (ConfUtils.java:logGet(43)) - raft.server.storage.dir = [/workdir/hadoop-ozone/ozonefs/target/test-dir/MiniOzoneClusterImpl-65f4c353-11bb-4244-81c6-ae95f2aeb9fd/datanode-2/data/ratis] (custom)
2019-09-19 16:55:55,475 [pool-314-thread-1] INFO  storage.RaftStorageDirectory (RaftStorageDirectory.java:analyzeStorage(246)) - The storage directory /workdir/hadoop-ozone/ozonefs/target/test-dir/MiniOzoneClusterImpl-65f4c353-11bb-4244-81c6-ae95f2aeb9fd/datanode-2/data/ratis/88b1a703-d96c-485a-8f40-4e672dd554f8 does not exist. Creating ...
2019-09-19 16:55:55,488 [pool-314-thread-1] INFO  storage.RaftStorageDirectory (RaftStorageDirectory.java:tryLock(328)) - Lock on /workdir/hadoop-ozone/ozonefs/target/test-dir/MiniOzoneClusterImpl-65f4c353-11bb-4244-81c6-ae95f2aeb9fd/datanode-2/data/ratis/88b1a703-d96c-485a-8f40-4e672dd554f8/in_use.lock acquired by nodename 14771@pr-hdds-1569-swxfz-3172132826
2019-09-19 16:55:55,501 [pool-314-thread-1] INFO  storage.RaftStorage (RaftStorage.java:format(72)) - Storage directory /workdir/hadoop-ozone/ozonefs/target/test-dir/MiniOzoneClusterImpl-65f4c353-11bb-4244-81c6-ae95f2aeb9fd/datanode-2/data/ratis/88b1a703-d96c-485a-8f40-4e672dd554f8 has been successfully formatted.
2019-09-19 16:55:55,501 [pool-314-thread-1] INFO  ratis.ContainerStateMachine (ContainerStateMachine.java:loadSnapshot(226)) - group-4E672DD554F8: The snapshot info is null. Setting the last applied indexto:(t:0, i:~)
2019-09-19 16:55:55,501 [pool-314-thread-1] INFO  server.RaftServerConfigKeys (ConfUtils.java:logGet(43)) - raft.server.leader.election.timeout = 120s (custom)
2019-09-19 16:55:55,501 [pool-314-thread-1] INFO  server.RaftServerConfigKeys (ConfUtils.java:logGet(43)) - raft.server.log.use.memory = false (default)
2019-09-19 16:55:55,502 [pool-314-thread-1] INFO  server.RaftServerConfigKeys (ConfUtils.java:logGet(43)) - raft.server.log.purge.gap = 1000000 (custom)
2019-09-19 16:55:55,502 [pool-314-thread-1] INFO  server.RaftServerConfigKeys (ConfUtils.java:logGet(43)) - raft.server.log.appender.buffer.byte-limit = 33554432 (custom)
2019-09-19 16:55:55,502 [pool-314-thread-1] INFO  server.RaftServerConfigKeys (ConfUtils.java:logGet(43)) - raft.server.log.segment.size.max = 1048576 (custom)
2019-09-19 16:55:55,502 [pool-314-thread-1] INFO  server.RaftServerConfigKeys (ConfUtils.java:logGet(43)) - raft.server.log.segment.cache.num.max = 2 (custom)
2019-09-19 16:55:55,502 [pool-314-thread-1] INFO  segmented.SegmentedRaftLogWorker (SegmentedRaftLogWorker.java:<init>(172)) - new 1e7690c8-db9a-4ad6-a3a5-5d50f051c03b-SegmentedRaftLogWorker:Storage Directory /workdir/hadoop-ozone/ozonefs/target/test-dir/MiniOzoneClusterImpl-65f4c353-11bb-4244-81c6-ae95f2aeb9fd/datanode-2/data/ratis/88b1a703-d96c-485a-8f40-4e672dd554f8 for RaftStorage:Storage Directory /workdir/hadoop-ozone/ozonefs/target/test-dir/MiniOzoneClusterImpl-65f4c353-11bb-4244-81c6-ae95f2aeb9fd/datanode-2/data/ratis/88b1a703-d96c-485a-8f40-4e672dd554f8
2019-09-19 16:55:55,502 [pool-314-thread-1] INFO  server.RaftServerConfigKeys (ConfUtils.java:logGet(43)) - raft.server.log.queue.byte-limit = 2147483647 (custom)
2019-09-19 16:55:55,503 [pool-314-thread-1] INFO  server.RaftServerConfigKeys (ConfUtils.java:logGet(43)) - raft.server.log.queue.element-limit = 1024 (custom)
2019-09-19 16:55:55,503 [pool-314-thread-1] INFO  server.RaftServerConfigKeys (ConfUtils.java:logGet(43)) - raft.server.log.segment.size.max = 1048576 (custom)
2019-09-19 16:55:55,503 [pool-314-thread-1] INFO  server.RaftServerConfigKeys (ConfUtils.java:logGet(43)) - raft.server.log.preallocated.size = 16384 (custom)
2019-09-19 16:55:55,503 [pool-314-thread-1] INFO  server.RaftServerConfigKeys (ConfUtils.java:logGet(43)) - raft.server.log.write.buffer.size = 33554432 (custom)
2019-09-19 16:55:55,503 [pool-314-thread-1] INFO  server.RaftServerConfigKeys (ConfUtils.java:logGet(43)) - raft.server.log.force.sync.num = 128 (default)
2019-09-19 16:55:55,503 [pool-314-thread-1] INFO  server.RaftServerConfigKeys (ConfUtils.java:logGet(43)) - raft.server.log.statemachine.data.sync = true (default)
2019-09-19 16:55:55,503 [pool-314-thread-1] INFO  server.RaftServerConfigKeys (ConfUtils.java:logGet(43)) - raft.server.log.statemachine.data.sync.timeout = 10s (default)
2019-09-19 16:55:55,504 [pool-314-thread-1] INFO  server.RaftServerConfigKeys (ConfUtils.java:logGet(43)) - raft.server.log.statemachine.data.sync.timeout.retry = -1 (default)
2019-09-19 16:55:55,504 [pool-314-thread-1] INFO  server.RaftServerConfigKeys (ConfUtils.java:logGet(43)) - raft.server.log.statemachine.data.caching.enabled = true (custom)
2019-09-19 16:55:55,504 [pool-314-thread-1] INFO  segmented.SegmentedRaftLogWorker (SegmentedRaftLogWorker.java:lambda$new$0(132)) - 1e7690c8-db9a-4ad6-a3a5-5d50f051c03b-SegmentedRaftLogWorker:Storage Directory /workdir/hadoop-ozone/ozonefs/target/test-dir/MiniOzoneClusterImpl-65f4c353-11bb-4244-81c6-ae95f2aeb9fd/datanode-2/data/ratis/88b1a703-d96c-485a-8f40-4e672dd554f8: flushIndex: setUnconditionally 0 -> -1
2019-09-19 16:55:55,504 [pool-314-thread-1] INFO  server.RaftServerConfigKeys (ConfUtils.java:logGet(43)) - raft.server.snapshot.auto.trigger.enabled = true (custom)
2019-09-19 16:55:55,505 [pool-314-thread-1] INFO  server.RaftServerConfigKeys (ConfUtils.java:logGet(43)) - raft.server.snapshot.auto.trigger.threshold = 10000 (custom)
2019-09-19 16:55:55,505 [pool-314-thread-1] INFO  server.RaftServerConfigKeys (ConfUtils.java:logGet(43)) - raft.server.retrycache.expirytime = 600000ms (custom)
2019-09-19 16:55:55,505 [pool-314-thread-1] INFO  impl.RaftServerImpl (RaftServerImpl.java:start(180)) - 1e7690c8-db9a-4ad6-a3a5-5d50f051c03b: start group-4E672DD554F8
2019-09-19 16:55:55,505 [pool-314-thread-1] INFO  impl.RaftServerImpl (RaftServerImpl.java:setRole(171)) - 1e7690c8-db9a-4ad6-a3a5-5d50f051c03b:group-4E672DD554F8 changes role from null to FOLLOWER at term 0 for startAsFollower
2019-09-19 16:55:55,505 [pool-314-thread-1] INFO  impl.RoleInfo (RoleInfo.java:updateAndGet(143)) - 1e7690c8-db9a-4ad6-a3a5-5d50f051c03b: start FollowerState
2019-09-19 16:55:55,506 [pool-314-thread-1] INFO  util.JmxRegister (JmxRegister.java:tryRegister(44)) - Successfully registered JMX Bean with object name Ratis:service=RaftServer,group=group-4E672DD554F8,id=1e7690c8-db9a-4ad6-a3a5-5d50f051c03b
2019-09-19 16:55:55,509 [RatisPipelineUtilsThread] INFO  pipeline.PipelineStateManager (PipelineStateManager.java:addPipeline(56)) - Created pipeline Pipeline[ Id: 88b1a703-d96c-485a-8f40-4e672dd554f8, Nodes: 1e7690c8-db9a-4ad6-a3a5-5d50f051c03b{ip: 192.168.157.226, host: pr-hdds-1569-swxfz-3172132826, networkLocation: /default-rack, certSerialId: null}, Type:RATIS, Factor:ONE, State:OPEN]
2019-09-19 16:55:55,509 [RatisPipelineUtilsThread] ERROR pipeline.PipelinePlacementPolicy (PipelinePlacementPolicy.java:meetCriteria(91)) - Pipeline Placement: Doesn't meet the criteria to be viable node. Heaviness: 6
2019-09-19 16:55:55,509 [RatisPipelineUtilsThread] ERROR pipeline.PipelinePlacementPolicy (PipelinePlacementPolicy.java:meetCriteria(91)) - Pipeline Placement: Doesn't meet the criteria to be viable node. Heaviness: 6
2019-09-19 16:55:55,515 [grpc-default-executor-0] INFO  impl.RaftServerProxy (RaftServerProxy.java:addNew(89)) - 1e7690c8-db9a-4ad6-a3a5-5d50f051c03b: addNew group-A23722BB2F2E:[1e7690c8-db9a-4ad6-a3a5-5d50f051c03b:192.168.157.226:40664] returns group-A23722BB2F2E:java.util.concurrent.CompletableFuture@5f81d186[Not completed]
2019-09-19 16:55:55,516 [pool-314-thread-1] INFO  impl.RaftServerImpl (RaftServerImpl.java:<init>(93)) - 1e7690c8-db9a-4ad6-a3a5-5d50f051c03b: new RaftServerImpl for group-A23722BB2F2E:[1e7690c8-db9a-4ad6-a3a5-5d50f051c03b:192.168.157.226:40664] with ContainerStateMachine:uninitialized
2019-09-19 16:55:55,516 [pool-314-thread-1] INFO  server.RaftServerConfigKeys (ConfUtils.java:logGet(43)) - raft.server.rpc.timeout.min = 5s (custom)
2019-09-19 16:55:55,516 [pool-314-thread-1] INFO  server.RaftServerConfigKeys (ConfUtils.java:logGet(43)) - raft.server.rpc.timeout.max = 5200ms (custom)
2019-09-19 16:55:55,516 [pool-314-thread-1] INFO  server.RaftServerConfigKeys (ConfUtils.java:logGet(43)) - raft.server.rpcslowness.timeout = 120s (custom)
2019-09-19 16:55:55,516 [pool-314-thread-1] INFO  server.RaftServerConfigKeys (ConfUtils.java:logGet(43)) - raft.server.sleep.deviation.threshold = 300 (default)
2019-09-19 16:55:55,516 [pool-314-thread-1] INFO  server.RaftServerConfigKeys (ConfUtils.java:logGet(43)) - raft.server.log.appender.install.snapshot.enabled = false (custom)
2019-09-19 16:55:55,517 [pool-314-thread-1] INFO  impl.RaftServerImpl (ServerState.java:<init>(105)) - 1e7690c8-db9a-4ad6-a3a5-5d50f051c03b:group-A23722BB2F2E ConfigurationManager, init=-1: [1e7690c8-db9a-4ad6-a3a5-5d50f051c03b:192.168.157.226:40664], old=null, confs=<EMPTY_MAP>
2019-09-19 16:55:55,517 [pool-314-thread-1] INFO  server.RaftServerConfigKeys (ConfUtils.java:logGet(43)) - raft.server.storage.dir = [/workdir/hadoop-ozone/ozonefs/target/test-dir/MiniOzoneClusterImpl-65f4c353-11bb-4244-81c6-ae95f2aeb9fd/datanode-2/data/ratis] (custom)
2019-09-19 16:55:55,517 [pool-314-thread-1] INFO  storage.RaftStorageDirectory (RaftStorageDirectory.java:analyzeStorage(246)) - The storage directory /workdir/hadoop-ozone/ozonefs/target/test-dir/MiniOzoneClusterImpl-65f4c353-11bb-4244-81c6-ae95f2aeb9fd/datanode-2/data/ratis/0707acc2-2dfe-4b26-8890-a23722bb2f2e does not exist. Creating ...
2019-09-19 16:55:55,530 [pool-314-thread-1] INFO  storage.RaftStorageDirectory (RaftStorageDirectory.java:tryLock(328)) - Lock on /workdir/hadoop-ozone/ozonefs/target/test-dir/MiniOzoneClusterImpl-65f4c353-11bb-4244-81c6-ae95f2aeb9fd/datanode-2/data/ratis/0707acc2-2dfe-4b26-8890-a23722bb2f2e/in_use.lock acquired by nodename 14771@pr-hdds-1569-swxfz-3172132826
2019-09-19 16:55:55,543 [pool-314-thread-1] INFO  storage.RaftStorage (RaftStorage.java:format(72)) - Storage directory /workdir/hadoop-ozone/ozonefs/target/test-dir/MiniOzoneClusterImpl-65f4c353-11bb-4244-81c6-ae95f2aeb9fd/datanode-2/data/ratis/0707acc2-2dfe-4b26-8890-a23722bb2f2e has been successfully formatted.
2019-09-19 16:55:55,543 [pool-314-thread-1] INFO  ratis.ContainerStateMachine (ContainerStateMachine.java:loadSnapshot(226)) - group-A23722BB2F2E: The snapshot info is null. Setting the last applied indexto:(t:0, i:~)
2019-09-19 16:55:55,543 [pool-314-thread-1] INFO  server.RaftServerConfigKeys (ConfUtils.java:logGet(43)) - raft.server.leader.election.timeout = 120s (custom)
2019-09-19 16:55:55,543 [pool-314-thread-1] INFO  server.RaftServerConfigKeys (ConfUtils.java:logGet(43)) - raft.server.log.use.memory = false (default)
2019-09-19 16:55:55,543 [pool-314-thread-1] INFO  server.RaftServerConfigKeys (ConfUtils.java:logGet(43)) - raft.server.log.purge.gap = 1000000 (custom)
2019-09-19 16:55:55,544 [pool-314-thread-1] INFO  server.RaftServerConfigKeys (ConfUtils.java:logGet(43)) - raft.server.log.appender.buffer.byte-limit = 33554432 (custom)
2019-09-19 16:55:55,544 [pool-314-thread-1] INFO  server.RaftServerConfigKeys (ConfUtils.java:logGet(43)) - raft.server.log.segment.size.max = 1048576 (custom)
2019-09-19 16:55:55,544 [pool-314-thread-1] INFO  server.RaftServerConfigKeys (ConfUtils.java:logGet(43)) - raft.server.log.segment.cache.num.max = 2 (custom)
2019-09-19 16:55:55,544 [pool-314-thread-1] INFO  segmented.SegmentedRaftLogWorker (SegmentedRaftLogWorker.java:<init>(172)) - new 1e7690c8-db9a-4ad6-a3a5-5d50f051c03b-SegmentedRaftLogWorker:Storage Directory /workdir/hadoop-ozone/ozonefs/target/test-dir/MiniOzoneClusterImpl-65f4c353-11bb-4244-81c6-ae95f2aeb9fd/datanode-2/data/ratis/0707acc2-2dfe-4b26-8890-a23722bb2f2e for RaftStorage:Storage Directory /workdir/hadoop-ozone/ozonefs/target/test-dir/MiniOzoneClusterImpl-65f4c353-11bb-4244-81c6-ae95f2aeb9fd/datanode-2/data/ratis/0707acc2-2dfe-4b26-8890-a23722bb2f2e
2019-09-19 16:55:55,544 [pool-314-thread-1] INFO  server.RaftServerConfigKeys (ConfUtils.java:logGet(43)) - raft.server.log.queue.byte-limit = 2147483647 (custom)
2019-09-19 16:55:55,544 [pool-314-thread-1] INFO  server.RaftServerConfigKeys (ConfUtils.java:logGet(43)) - raft.server.log.queue.element-limit = 1024 (custom)
2019-09-19 16:55:55,544 [pool-314-thread-1] INFO  server.RaftServerConfigKeys (ConfUtils.java:logGet(43)) - raft.server.log.segment.size.max = 1048576 (custom)
2019-09-19 16:55:55,544 [pool-314-thread-1] INFO  server.RaftServerConfigKeys (ConfUtils.java:logGet(43)) - raft.server.log.preallocated.size = 16384 (custom)
2019-09-19 16:55:55,545 [pool-314-thread-1] INFO  server.RaftServerConfigKeys (ConfUtils.java:logGet(43)) - raft.server.log.write.buffer.size = 33554432 (custom)
2019-09-19 16:55:55,545 [pool-314-thread-1] INFO  server.RaftServerConfigKeys (ConfUtils.java:logGet(43)) - raft.server.log.force.sync.num = 128 (default)
2019-09-19 16:55:55,545 [pool-314-thread-1] INFO  server.RaftServerConfigKeys (ConfUtils.java:logGet(43)) - raft.server.log.statemachine.data.sync = true (default)
2019-09-19 16:55:55,545 [pool-314-thread-1] INFO  server.RaftServerConfigKeys (ConfUtils.java:logGet(43)) - raft.server.log.statemachine.data.sync.timeout = 10s (default)
2019-09-19 16:55:55,545 [pool-314-thread-1] INFO  server.RaftServerConfigKeys (ConfUtils.java:logGet(43)) - raft.server.log.statemachine.data.sync.timeout.retry = -1 (default)
2019-09-19 16:55:55,545 [pool-314-thread-1] INFO  server.RaftServerConfigKeys (ConfUtils.java:logGet(43)) - raft.server.log.statemachine.data.caching.enabled = true (custom)
2019-09-19 16:55:55,546 [pool-314-thread-1] INFO  segmented.SegmentedRaftLogWorker (SegmentedRaftLogWorker.java:lambda$new$0(132)) - 1e7690c8-db9a-4ad6-a3a5-5d50f051c03b-SegmentedRaftLogWorker:Storage Directory /workdir/hadoop-ozone/ozonefs/target/test-dir/MiniOzoneClusterImpl-65f4c353-11bb-4244-81c6-ae95f2aeb9fd/datanode-2/data/ratis/0707acc2-2dfe-4b26-8890-a23722bb2f2e: flushIndex: setUnconditionally 0 -> -1
2019-09-19 16:55:55,546 [pool-314-thread-1] INFO  server.RaftServerConfigKeys (ConfUtils.java:logGet(43)) - raft.server.snapshot.auto.trigger.enabled = true (custom)
2019-09-19 16:55:55,546 [pool-314-thread-1] INFO  server.RaftServerConfigKeys (ConfUtils.java:logGet(43)) - raft.server.snapshot.auto.trigger.threshold = 10000 (custom)
2019-09-19 16:55:55,546 [pool-314-thread-1] INFO  server.RaftServerConfigKeys (ConfUtils.java:logGet(43)) - raft.server.retrycache.expirytime = 600000ms (custom)
2019-09-19 16:55:55,546 [pool-314-thread-1] INFO  impl.RaftServerImpl (RaftServerImpl.java:start(180)) - 1e7690c8-db9a-4ad6-a3a5-5d50f051c03b: start group-A23722BB2F2E
2019-09-19 16:55:55,546 [pool-314-thread-1] INFO  impl.RaftServerImpl (RaftServerImpl.java:setRole(171)) - 1e7690c8-db9a-4ad6-a3a5-5d50f051c03b:group-A23722BB2F2E changes role from null to FOLLOWER at term 0 for startAsFollower
2019-09-19 16:55:55,547 [pool-314-thread-1] INFO  impl.RoleInfo (RoleInfo.java:updateAndGet(143)) - 1e7690c8-db9a-4ad6-a3a5-5d50f051c03b: start FollowerState
2019-09-19 16:55:55,547 [pool-314-thread-1] INFO  util.JmxRegister (JmxRegister.java:tryRegister(44)) - Successfully registered JMX Bean with object name Ratis:service=RaftServer,group=group-A23722BB2F2E,id=1e7690c8-db9a-4ad6-a3a5-5d50f051c03b
2019-09-19 16:55:55,549 [RatisPipelineUtilsThread] INFO  pipeline.PipelineStateManager (PipelineStateManager.java:addPipeline(56)) - Created pipeline Pipeline[ Id: 0707acc2-2dfe-4b26-8890-a23722bb2f2e, Nodes: 1e7690c8-db9a-4ad6-a3a5-5d50f051c03b{ip: 192.168.157.226, host: pr-hdds-1569-swxfz-3172132826, networkLocation: /default-rack, certSerialId: null}, Type:RATIS, Factor:ONE, State:OPEN]
2019-09-19 16:55:55,549 [RatisPipelineUtilsThread] ERROR pipeline.PipelinePlacementPolicy (PipelinePlacementPolicy.java:meetCriteria(91)) - Pipeline Placement: Doesn't meet the criteria to be viable node. Heaviness: 6
2019-09-19 16:55:55,550 [RatisPipelineUtilsThread] ERROR pipeline.PipelinePlacementPolicy (PipelinePlacementPolicy.java:meetCriteria(91)) - Pipeline Placement: Doesn't meet the criteria to be viable node. Heaviness: 6
2019-09-19 16:55:55,555 [grpc-default-executor-0] INFO  impl.RaftServerProxy (RaftServerProxy.java:addNew(89)) - 1e7690c8-db9a-4ad6-a3a5-5d50f051c03b: addNew group-429D3FB94CA3:[1e7690c8-db9a-4ad6-a3a5-5d50f051c03b:192.168.157.226:40664] returns group-429D3FB94CA3:java.util.concurrent.CompletableFuture@31b2c6c7[Not completed]
2019-09-19 16:55:55,556 [pool-314-thread-1] INFO  impl.RaftServerImpl (RaftServerImpl.java:<init>(93)) - 1e7690c8-db9a-4ad6-a3a5-5d50f051c03b: new RaftServerImpl for group-429D3FB94CA3:[1e7690c8-db9a-4ad6-a3a5-5d50f051c03b:192.168.157.226:40664] with ContainerStateMachine:uninitialized
2019-09-19 16:55:55,556 [pool-314-thread-1] INFO  server.RaftServerConfigKeys (ConfUtils.java:logGet(43)) - raft.server.rpc.timeout.min = 5s (custom)
2019-09-19 16:55:55,556 [pool-314-thread-1] INFO  server.RaftServerConfigKeys (ConfUtils.java:logGet(43)) - raft.server.rpc.timeout.max = 5200ms (custom)
2019-09-19 16:55:55,556 [pool-314-thread-1] INFO  server.RaftServerConfigKeys (ConfUtils.java:logGet(43)) - raft.server.rpcslowness.timeout = 120s (custom)
2019-09-19 16:55:55,556 [pool-314-thread-1] INFO  server.RaftServerConfigKeys (ConfUtils.java:logGet(43)) - raft.server.sleep.deviation.threshold = 300 (default)
2019-09-19 16:55:55,556 [pool-314-thread-1] INFO  server.RaftServerConfigKeys (ConfUtils.java:logGet(43)) - raft.server.log.appender.install.snapshot.enabled = false (custom)
2019-09-19 16:55:55,556 [pool-314-thread-1] INFO  impl.RaftServerImpl (ServerState.java:<init>(105)) - 1e7690c8-db9a-4ad6-a3a5-5d50f051c03b:group-429D3FB94CA3 ConfigurationManager, init=-1: [1e7690c8-db9a-4ad6-a3a5-5d50f051c03b:192.168.157.226:40664], old=null, confs=<EMPTY_MAP>
2019-09-19 16:55:55,556 [pool-314-thread-1] INFO  server.RaftServerConfigKeys (ConfUtils.java:logGet(43)) - raft.server.storage.dir = [/workdir/hadoop-ozone/ozonefs/target/test-dir/MiniOzoneClusterImpl-65f4c353-11bb-4244-81c6-ae95f2aeb9fd/datanode-2/data/ratis] (custom)
2019-09-19 16:55:55,557 [pool-314-thread-1] INFO  storage.RaftStorageDirectory (RaftStorageDirectory.java:analyzeStorage(246)) - The storage directory /workdir/hadoop-ozone/ozonefs/target/test-dir/MiniOzoneClusterImpl-65f4c353-11bb-4244-81c6-ae95f2aeb9fd/datanode-2/data/ratis/1a4a4b08-3bea-49ea-8682-429d3fb94ca3 does not exist. Creating ...
2019-09-19 16:55:55,569 [pool-314-thread-1] INFO  storage.RaftStorageDirectory (RaftStorageDirectory.java:tryLock(328)) - Lock on /workdir/hadoop-ozone/ozonefs/target/test-dir/MiniOzoneClusterImpl-65f4c353-11bb-4244-81c6-ae95f2aeb9fd/datanode-2/data/ratis/1a4a4b08-3bea-49ea-8682-429d3fb94ca3/in_use.lock acquired by nodename 14771@pr-hdds-1569-swxfz-3172132826
2019-09-19 16:55:55,593 [pool-314-thread-1] INFO  storage.RaftStorage (RaftStorage.java:format(72)) - Storage directory /workdir/hadoop-ozone/ozonefs/target/test-dir/MiniOzoneClusterImpl-65f4c353-11bb-4244-81c6-ae95f2aeb9fd/datanode-2/data/ratis/1a4a4b08-3bea-49ea-8682-429d3fb94ca3 has been successfully formatted.
2019-09-19 16:55:55,594 [pool-314-thread-1] INFO  ratis.ContainerStateMachine (ContainerStateMachine.java:loadSnapshot(226)) - group-429D3FB94CA3: The snapshot info is null. Setting the last applied indexto:(t:0, i:~)
2019-09-19 16:55:55,594 [pool-314-thread-1] INFO  server.RaftServerConfigKeys (ConfUtils.java:logGet(43)) - raft.server.leader.election.timeout = 120s (custom)
2019-09-19 16:55:55,595 [pool-314-thread-1] INFO  server.RaftServerConfigKeys (ConfUtils.java:logGet(43)) - raft.server.log.use.memory = false (default)
2019-09-19 16:55:55,595 [pool-314-thread-1] INFO  server.RaftServerConfigKeys (ConfUtils.java:logGet(43)) - raft.server.log.purge.gap = 1000000 (custom)
2019-09-19 16:55:55,595 [pool-314-thread-1] INFO  server.RaftServerConfigKeys (ConfUtils.java:logGet(43)) - raft.server.log.appender.buffer.byte-limit = 33554432 (custom)
2019-09-19 16:55:55,595 [pool-314-thread-1] INFO  server.RaftServerConfigKeys (ConfUtils.java:logGet(43)) - raft.server.log.segment.size.max = 1048576 (custom)
2019-09-19 16:55:55,595 [pool-314-thread-1] INFO  server.RaftServerConfigKeys (ConfUtils.java:logGet(43)) - raft.server.log.segment.cache.num.max = 2 (custom)
2019-09-19 16:55:55,595 [pool-314-thread-1] INFO  segmented.SegmentedRaftLogWorker (SegmentedRaftLogWorker.java:<init>(172)) - new 1e7690c8-db9a-4ad6-a3a5-5d50f051c03b-SegmentedRaftLogWorker:Storage Directory /workdir/hadoop-ozone/ozonefs/target/test-dir/MiniOzoneClusterImpl-65f4c353-11bb-4244-81c6-ae95f2aeb9fd/datanode-2/data/ratis/1a4a4b08-3bea-49ea-8682-429d3fb94ca3 for RaftStorage:Storage Directory /workdir/hadoop-ozone/ozonefs/target/test-dir/MiniOzoneClusterImpl-65f4c353-11bb-4244-81c6-ae95f2aeb9fd/datanode-2/data/ratis/1a4a4b08-3bea-49ea-8682-429d3fb94ca3
2019-09-19 16:55:55,596 [pool-314-thread-1] INFO  server.RaftServerConfigKeys (ConfUtils.java:logGet(43)) - raft.server.log.queue.byte-limit = 2147483647 (custom)
2019-09-19 16:55:55,596 [pool-314-thread-1] INFO  server.RaftServerConfigKeys (ConfUtils.java:logGet(43)) - raft.server.log.queue.element-limit = 1024 (custom)
2019-09-19 16:55:55,596 [pool-314-thread-1] INFO  server.RaftServerConfigKeys (ConfUtils.java:logGet(43)) - raft.server.log.segment.size.max = 1048576 (custom)
2019-09-19 16:55:55,596 [pool-314-thread-1] INFO  server.RaftServerConfigKeys (ConfUtils.java:logGet(43)) - raft.server.log.preallocated.size = 16384 (custom)
2019-09-19 16:55:55,596 [pool-314-thread-1] INFO  server.RaftServerConfigKeys (ConfUtils.java:logGet(43)) - raft.server.log.write.buffer.size = 33554432 (custom)
2019-09-19 16:55:55,596 [pool-314-thread-1] INFO  server.RaftServerConfigKeys (ConfUtils.java:logGet(43)) - raft.server.log.force.sync.num = 128 (default)
2019-09-19 16:55:55,596 [pool-314-thread-1] INFO  server.RaftServerConfigKeys (ConfUtils.java:logGet(43)) - raft.server.log.statemachine.data.sync = true (default)
2019-09-19 16:55:55,596 [pool-314-thread-1] INFO  server.RaftServerConfigKeys (ConfUtils.java:logGet(43)) - raft.server.log.statemachine.data.sync.timeout = 10s (default)
2019-09-19 16:55:55,597 [pool-314-thread-1] INFO  server.RaftServerConfigKeys (ConfUtils.java:logGet(43)) - raft.server.log.statemachine.data.sync.timeout.retry = -1 (default)
2019-09-19 16:55:55,597 [pool-314-thread-1] INFO  server.RaftServerConfigKeys (ConfUtils.java:logGet(43)) - raft.server.log.statemachine.data.caching.enabled = true (custom)
2019-09-19 16:55:55,597 [pool-314-thread-1] INFO  segmented.SegmentedRaftLogWorker (SegmentedRaftLogWorker.java:lambda$new$0(132)) - 1e7690c8-db9a-4ad6-a3a5-5d50f051c03b-SegmentedRaftLogWorker:Storage Directory /workdir/hadoop-ozone/ozonefs/target/test-dir/MiniOzoneClusterImpl-65f4c353-11bb-4244-81c6-ae95f2aeb9fd/datanode-2/data/ratis/1a4a4b08-3bea-49ea-8682-429d3fb94ca3: flushIndex: setUnconditionally 0 -> -1
2019-09-19 16:55:55,598 [pool-314-thread-1] INFO  server.RaftServerConfigKeys (ConfUtils.java:logGet(43)) - raft.server.snapshot.auto.trigger.enabled = true (custom)
2019-09-19 16:55:55,598 [pool-314-thread-1] INFO  server.RaftServerConfigKeys (ConfUtils.java:logGet(43)) - raft.server.snapshot.auto.trigger.threshold = 10000 (custom)
2019-09-19 16:55:55,598 [pool-314-thread-1] INFO  server.RaftServerConfigKeys (ConfUtils.java:logGet(43)) - raft.server.retrycache.expirytime = 600000ms (custom)
2019-09-19 16:55:55,598 [pool-314-thread-1] INFO  impl.RaftServerImpl (RaftServerImpl.java:start(180)) - 1e7690c8-db9a-4ad6-a3a5-5d50f051c03b: start group-429D3FB94CA3
2019-09-19 16:55:55,598 [pool-314-thread-1] INFO  impl.RaftServerImpl (RaftServerImpl.java:setRole(171)) - 1e7690c8-db9a-4ad6-a3a5-5d50f051c03b:group-429D3FB94CA3 changes role from null to FOLLOWER at term 0 for startAsFollower
2019-09-19 16:55:55,599 [pool-314-thread-1] INFO  impl.RoleInfo (RoleInfo.java:updateAndGet(143)) - 1e7690c8-db9a-4ad6-a3a5-5d50f051c03b: start FollowerState
2019-09-19 16:55:55,599 [pool-314-thread-1] INFO  util.JmxRegister (JmxRegister.java:tryRegister(44)) - Successfully registered JMX Bean with object name Ratis:service=RaftServer,group=group-429D3FB94CA3,id=1e7690c8-db9a-4ad6-a3a5-5d50f051c03b
2019-09-19 16:55:55,604 [RatisPipelineUtilsThread] INFO  pipeline.PipelineStateManager (PipelineStateManager.java:addPipeline(56)) - Created pipeline Pipeline[ Id: 1a4a4b08-3bea-49ea-8682-429d3fb94ca3, Nodes: 1e7690c8-db9a-4ad6-a3a5-5d50f051c03b{ip: 192.168.157.226, host: pr-hdds-1569-swxfz-3172132826, networkLocation: /default-rack, certSerialId: null}, Type:RATIS, Factor:ONE, State:OPEN]
2019-09-19 16:55:55,605 [RatisPipelineUtilsThread] ERROR pipeline.PipelinePlacementPolicy (PipelinePlacementPolicy.java:meetCriteria(91)) - Pipeline Placement: Doesn't meet the criteria to be viable node. Heaviness: 6
2019-09-19 16:55:55,605 [RatisPipelineUtilsThread] ERROR pipeline.PipelinePlacementPolicy (PipelinePlacementPolicy.java:meetCriteria(91)) - Pipeline Placement: Doesn't meet the criteria to be viable node. Heaviness: 6
2019-09-19 16:55:55,612 [grpc-default-executor-0] INFO  impl.RaftServerProxy (RaftServerProxy.java:addNew(89)) - 1e7690c8-db9a-4ad6-a3a5-5d50f051c03b: addNew group-4A9ADB06D86E:[1e7690c8-db9a-4ad6-a3a5-5d50f051c03b:192.168.157.226:40664] returns group-4A9ADB06D86E:java.util.concurrent.CompletableFuture@76187b7d[Not completed]
2019-09-19 16:55:55,614 [pool-314-thread-1] INFO  impl.RaftServerImpl (RaftServerImpl.java:<init>(93)) - 1e7690c8-db9a-4ad6-a3a5-5d50f051c03b: new RaftServerImpl for group-4A9ADB06D86E:[1e7690c8-db9a-4ad6-a3a5-5d50f051c03b:192.168.157.226:40664] with ContainerStateMachine:uninitialized
2019-09-19 16:55:55,614 [pool-314-thread-1] INFO  server.RaftServerConfigKeys (ConfUtils.java:logGet(43)) - raft.server.rpc.timeout.min = 5s (custom)
2019-09-19 16:55:55,614 [pool-314-thread-1] INFO  server.RaftServerConfigKeys (ConfUtils.java:logGet(43)) - raft.server.rpc.timeout.max = 5200ms (custom)
2019-09-19 16:55:55,614 [pool-314-thread-1] INFO  server.RaftServerConfigKeys (ConfUtils.java:logGet(43)) - raft.server.rpcslowness.timeout = 120s (custom)
2019-09-19 16:55:55,614 [pool-314-thread-1] INFO  server.RaftServerConfigKeys (ConfUtils.java:logGet(43)) - raft.server.sleep.deviation.threshold = 300 (default)
2019-09-19 16:55:55,614 [pool-314-thread-1] INFO  server.RaftServerConfigKeys (ConfUtils.java:logGet(43)) - raft.server.log.appender.install.snapshot.enabled = false (custom)
2019-09-19 16:55:55,614 [pool-314-thread-1] INFO  impl.RaftServerImpl (ServerState.java:<init>(105)) - 1e7690c8-db9a-4ad6-a3a5-5d50f051c03b:group-4A9ADB06D86E ConfigurationManager, init=-1: [1e7690c8-db9a-4ad6-a3a5-5d50f051c03b:192.168.157.226:40664], old=null, confs=<EMPTY_MAP>
2019-09-19 16:55:55,615 [pool-314-thread-1] INFO  server.RaftServerConfigKeys (ConfUtils.java:logGet(43)) - raft.server.storage.dir = [/workdir/hadoop-ozone/ozonefs/target/test-dir/MiniOzoneClusterImpl-65f4c353-11bb-4244-81c6-ae95f2aeb9fd/datanode-2/data/ratis] (custom)
2019-09-19 16:55:55,615 [pool-314-thread-1] INFO  storage.RaftStorageDirectory (RaftStorageDirectory.java:analyzeStorage(246)) - The storage directory /workdir/hadoop-ozone/ozonefs/target/test-dir/MiniOzoneClusterImpl-65f4c353-11bb-4244-81c6-ae95f2aeb9fd/datanode-2/data/ratis/155aa24b-a8bd-4ba2-9d98-4a9adb06d86e does not exist. Creating ...
2019-09-19 16:55:55,640 [pool-314-thread-1] INFO  storage.RaftStorageDirectory (RaftStorageDirectory.java:tryLock(328)) - Lock on /workdir/hadoop-ozone/ozonefs/target/test-dir/MiniOzoneClusterImpl-65f4c353-11bb-4244-81c6-ae95f2aeb9fd/datanode-2/data/ratis/155aa24b-a8bd-4ba2-9d98-4a9adb06d86e/in_use.lock acquired by nodename 14771@pr-hdds-1569-swxfz-3172132826
2019-09-19 16:55:55,666 [pool-314-thread-1] INFO  storage.RaftStorage (RaftStorage.java:format(72)) - Storage directory /workdir/hadoop-ozone/ozonefs/target/test-dir/MiniOzoneClusterImpl-65f4c353-11bb-4244-81c6-ae95f2aeb9fd/datanode-2/data/ratis/155aa24b-a8bd-4ba2-9d98-4a9adb06d86e has been successfully formatted.
2019-09-19 16:55:55,666 [pool-314-thread-1] INFO  ratis.ContainerStateMachine (ContainerStateMachine.java:loadSnapshot(226)) - group-4A9ADB06D86E: The snapshot info is null. Setting the last applied indexto:(t:0, i:~)
2019-09-19 16:55:55,666 [pool-314-thread-1] INFO  server.RaftServerConfigKeys (ConfUtils.java:logGet(43)) - raft.server.leader.election.timeout = 120s (custom)
2019-09-19 16:55:55,666 [pool-314-thread-1] INFO  server.RaftServerConfigKeys (ConfUtils.java:logGet(43)) - raft.server.log.use.memory = false (default)
2019-09-19 16:55:55,666 [pool-314-thread-1] INFO  server.RaftServerConfigKeys (ConfUtils.java:logGet(43)) - raft.server.log.purge.gap = 1000000 (custom)
2019-09-19 16:55:55,667 [pool-314-thread-1] INFO  server.RaftServerConfigKeys (ConfUtils.java:logGet(43)) - raft.server.log.appender.buffer.byte-limit = 33554432 (custom)
2019-09-19 16:55:55,667 [pool-314-thread-1] INFO  server.RaftServerConfigKeys (ConfUtils.java:logGet(43)) - raft.server.log.segment.size.max = 1048576 (custom)
2019-09-19 16:55:55,667 [pool-314-thread-1] INFO  server.RaftServerConfigKeys (ConfUtils.java:logGet(43)) - raft.server.log.segment.cache.num.max = 2 (custom)
2019-09-19 16:55:55,667 [pool-314-thread-1] INFO  segmented.SegmentedRaftLogWorker (SegmentedRaftLogWorker.java:<init>(172)) - new 1e7690c8-db9a-4ad6-a3a5-5d50f051c03b-SegmentedRaftLogWorker:Storage Directory /workdir/hadoop-ozone/ozonefs/target/test-dir/MiniOzoneClusterImpl-65f4c353-11bb-4244-81c6-ae95f2aeb9fd/datanode-2/data/ratis/155aa24b-a8bd-4ba2-9d98-4a9adb06d86e for RaftStorage:Storage Directory /workdir/hadoop-ozone/ozonefs/target/test-dir/MiniOzoneClusterImpl-65f4c353-11bb-4244-81c6-ae95f2aeb9fd/datanode-2/data/ratis/155aa24b-a8bd-4ba2-9d98-4a9adb06d86e
2019-09-19 16:55:55,667 [pool-314-thread-1] INFO  server.RaftServerConfigKeys (ConfUtils.java:logGet(43)) - raft.server.log.queue.byte-limit = 2147483647 (custom)
2019-09-19 16:55:55,667 [pool-314-thread-1] INFO  server.RaftServerConfigKeys (ConfUtils.java:logGet(43)) - raft.server.log.queue.element-limit = 1024 (custom)
2019-09-19 16:55:55,668 [pool-314-thread-1] INFO  server.RaftServerConfigKeys (ConfUtils.java:logGet(43)) - raft.server.log.segment.size.max = 1048576 (custom)
2019-09-19 16:55:55,668 [pool-314-thread-1] INFO  server.RaftServerConfigKeys (ConfUtils.java:logGet(43)) - raft.server.log.preallocated.size = 16384 (custom)
2019-09-19 16:55:55,668 [pool-314-thread-1] INFO  server.RaftServerConfigKeys (ConfUtils.java:logGet(43)) - raft.server.log.write.buffer.size = 33554432 (custom)
2019-09-19 16:55:55,668 [pool-314-thread-1] INFO  server.RaftServerConfigKeys (ConfUtils.java:logGet(43)) - raft.server.log.force.sync.num = 128 (default)
2019-09-19 16:55:55,668 [pool-314-thread-1] INFO  server.RaftServerConfigKeys (ConfUtils.java:logGet(43)) - raft.server.log.statemachine.data.sync = true (default)
2019-09-19 16:55:55,668 [pool-314-thread-1] INFO  server.RaftServerConfigKeys (ConfUtils.java:logGet(43)) - raft.server.log.statemachine.data.sync.timeout = 10s (default)
2019-09-19 16:55:55,669 [pool-314-thread-1] INFO  server.RaftServerConfigKeys (ConfUtils.java:logGet(43)) - raft.server.log.statemachine.data.sync.timeout.retry = -1 (default)
2019-09-19 16:55:55,669 [pool-314-thread-1] INFO  server.RaftServerConfigKeys (ConfUtils.java:logGet(43)) - raft.server.log.statemachine.data.caching.enabled = true (custom)
2019-09-19 16:55:55,669 [pool-314-thread-1] INFO  segmented.SegmentedRaftLogWorker (SegmentedRaftLogWorker.java:lambda$new$0(132)) - 1e7690c8-db9a-4ad6-a3a5-5d50f051c03b-SegmentedRaftLogWorker:Storage Directory /workdir/hadoop-ozone/ozonefs/target/test-dir/MiniOzoneClusterImpl-65f4c353-11bb-4244-81c6-ae95f2aeb9fd/datanode-2/data/ratis/155aa24b-a8bd-4ba2-9d98-4a9adb06d86e: flushIndex: setUnconditionally 0 -> -1
2019-09-19 16:55:55,669 [pool-314-thread-1] INFO  server.RaftServerConfigKeys (ConfUtils.java:logGet(43)) - raft.server.snapshot.auto.trigger.enabled = true (custom)
2019-09-19 16:55:55,670 [pool-314-thread-1] INFO  server.RaftServerConfigKeys (ConfUtils.java:logGet(43)) - raft.server.snapshot.auto.trigger.threshold = 10000 (custom)
2019-09-19 16:55:55,670 [pool-314-thread-1] INFO  server.RaftServerConfigKeys (ConfUtils.java:logGet(43)) - raft.server.retrycache.expirytime = 600000ms (custom)
2019-09-19 16:55:55,670 [pool-314-thread-1] INFO  impl.RaftServerImpl (RaftServerImpl.java:start(180)) - 1e7690c8-db9a-4ad6-a3a5-5d50f051c03b: start group-4A9ADB06D86E
2019-09-19 16:55:55,670 [pool-314-thread-1] INFO  impl.RaftServerImpl (RaftServerImpl.java:setRole(171)) - 1e7690c8-db9a-4ad6-a3a5-5d50f051c03b:group-4A9ADB06D86E changes role from null to FOLLOWER at term 0 for startAsFollower
2019-09-19 16:55:55,670 [pool-314-thread-1] INFO  impl.RoleInfo (RoleInfo.java:updateAndGet(143)) - 1e7690c8-db9a-4ad6-a3a5-5d50f051c03b: start FollowerState
2019-09-19 16:55:55,671 [pool-314-thread-1] INFO  util.JmxRegister (JmxRegister.java:tryRegister(44)) - Successfully registered JMX Bean with object name Ratis:service=RaftServer,group=group-4A9ADB06D86E,id=1e7690c8-db9a-4ad6-a3a5-5d50f051c03b
2019-09-19 16:55:55,674 [RatisPipelineUtilsThread] INFO  pipeline.PipelineStateManager (PipelineStateManager.java:addPipeline(56)) - Created pipeline Pipeline[ Id: 155aa24b-a8bd-4ba2-9d98-4a9adb06d86e, Nodes: 1e7690c8-db9a-4ad6-a3a5-5d50f051c03b{ip: 192.168.157.226, host: pr-hdds-1569-swxfz-3172132826, networkLocation: /default-rack, certSerialId: null}, Type:RATIS, Factor:ONE, State:OPEN]
2019-09-19 16:55:55,675 [RatisPipelineUtilsThread] ERROR pipeline.PipelinePlacementPolicy (PipelinePlacementPolicy.java:meetCriteria(91)) - Pipeline Placement: Doesn't meet the criteria to be viable node. Heaviness: 6
2019-09-19 16:55:55,675 [RatisPipelineUtilsThread] ERROR pipeline.PipelinePlacementPolicy (PipelinePlacementPolicy.java:meetCriteria(91)) - Pipeline Placement: Doesn't meet the criteria to be viable node. Heaviness: 6
2019-09-19 16:55:55,682 [grpc-default-executor-0] INFO  impl.RaftServerProxy (RaftServerProxy.java:addNew(89)) - 1e7690c8-db9a-4ad6-a3a5-5d50f051c03b: addNew group-339DEAB4A19A:[1e7690c8-db9a-4ad6-a3a5-5d50f051c03b:192.168.157.226:40664] returns group-339DEAB4A19A:java.util.concurrent.CompletableFuture@55058253[Not completed]
2019-09-19 16:55:55,683 [pool-314-thread-1] INFO  impl.RaftServerImpl (RaftServerImpl.java:<init>(93)) - 1e7690c8-db9a-4ad6-a3a5-5d50f051c03b: new RaftServerImpl for group-339DEAB4A19A:[1e7690c8-db9a-4ad6-a3a5-5d50f051c03b:192.168.157.226:40664] with ContainerStateMachine:uninitialized
2019-09-19 16:55:55,683 [pool-314-thread-1] INFO  server.RaftServerConfigKeys (ConfUtils.java:logGet(43)) - raft.server.rpc.timeout.min = 5s (custom)
2019-09-19 16:55:55,683 [pool-314-thread-1] INFO  server.RaftServerConfigKeys (ConfUtils.java:logGet(43)) - raft.server.rpc.timeout.max = 5200ms (custom)
2019-09-19 16:55:55,683 [pool-314-thread-1] INFO  server.RaftServerConfigKeys (ConfUtils.java:logGet(43)) - raft.server.rpcslowness.timeout = 120s (custom)
2019-09-19 16:55:55,683 [pool-314-thread-1] INFO  server.RaftServerConfigKeys (ConfUtils.java:logGet(43)) - raft.server.sleep.deviation.threshold = 300 (default)
2019-09-19 16:55:55,683 [pool-314-thread-1] INFO  server.RaftServerConfigKeys (ConfUtils.java:logGet(43)) - raft.server.log.appender.install.snapshot.enabled = false (custom)
2019-09-19 16:55:55,684 [pool-314-thread-1] INFO  impl.RaftServerImpl (ServerState.java:<init>(105)) - 1e7690c8-db9a-4ad6-a3a5-5d50f051c03b:group-339DEAB4A19A ConfigurationManager, init=-1: [1e7690c8-db9a-4ad6-a3a5-5d50f051c03b:192.168.157.226:40664], old=null, confs=<EMPTY_MAP>
2019-09-19 16:55:55,684 [pool-314-thread-1] INFO  server.RaftServerConfigKeys (ConfUtils.java:logGet(43)) - raft.server.storage.dir = [/workdir/hadoop-ozone/ozonefs/target/test-dir/MiniOzoneClusterImpl-65f4c353-11bb-4244-81c6-ae95f2aeb9fd/datanode-2/data/ratis] (custom)
2019-09-19 16:55:55,684 [pool-314-thread-1] INFO  storage.RaftStorageDirectory (RaftStorageDirectory.java:analyzeStorage(246)) - The storage directory /workdir/hadoop-ozone/ozonefs/target/test-dir/MiniOzoneClusterImpl-65f4c353-11bb-4244-81c6-ae95f2aeb9fd/datanode-2/data/ratis/4d010790-7e9c-49cf-b915-339deab4a19a does not exist. Creating ...
2019-09-19 16:55:55,697 [pool-314-thread-1] INFO  storage.RaftStorageDirectory (RaftStorageDirectory.java:tryLock(328)) - Lock on /workdir/hadoop-ozone/ozonefs/target/test-dir/MiniOzoneClusterImpl-65f4c353-11bb-4244-81c6-ae95f2aeb9fd/datanode-2/data/ratis/4d010790-7e9c-49cf-b915-339deab4a19a/in_use.lock acquired by nodename 14771@pr-hdds-1569-swxfz-3172132826
2019-09-19 16:55:55,709 [pool-314-thread-1] INFO  storage.RaftStorage (RaftStorage.java:format(72)) - Storage directory /workdir/hadoop-ozone/ozonefs/target/test-dir/MiniOzoneClusterImpl-65f4c353-11bb-4244-81c6-ae95f2aeb9fd/datanode-2/data/ratis/4d010790-7e9c-49cf-b915-339deab4a19a has been successfully formatted.
2019-09-19 16:55:55,710 [pool-314-thread-1] INFO  ratis.ContainerStateMachine (ContainerStateMachine.java:loadSnapshot(226)) - group-339DEAB4A19A: The snapshot info is null. Setting the last applied indexto:(t:0, i:~)
2019-09-19 16:55:55,710 [pool-314-thread-1] INFO  server.RaftServerConfigKeys (ConfUtils.java:logGet(43)) - raft.server.leader.election.timeout = 120s (custom)
2019-09-19 16:55:55,710 [pool-314-thread-1] INFO  server.RaftServerConfigKeys (ConfUtils.java:logGet(43)) - raft.server.log.use.memory = false (default)
2019-09-19 16:55:55,710 [pool-314-thread-1] INFO  server.RaftServerConfigKeys (ConfUtils.java:logGet(43)) - raft.server.log.purge.gap = 1000000 (custom)
2019-09-19 16:55:55,710 [pool-314-thread-1] INFO  server.RaftServerConfigKeys (ConfUtils.java:logGet(43)) - raft.server.log.appender.buffer.byte-limit = 33554432 (custom)
2019-09-19 16:55:55,710 [pool-314-thread-1] INFO  server.RaftServerConfigKeys (ConfUtils.java:logGet(43)) - raft.server.log.segment.size.max = 1048576 (custom)
2019-09-19 16:55:55,710 [pool-314-thread-1] INFO  server.RaftServerConfigKeys (ConfUtils.java:logGet(43)) - raft.server.log.segment.cache.num.max = 2 (custom)
2019-09-19 16:55:55,711 [pool-314-thread-1] INFO  segmented.SegmentedRaftLogWorker (SegmentedRaftLogWorker.java:<init>(172)) - new 1e7690c8-db9a-4ad6-a3a5-5d50f051c03b-SegmentedRaftLogWorker:Storage Directory /workdir/hadoop-ozone/ozonefs/target/test-dir/MiniOzoneClusterImpl-65f4c353-11bb-4244-81c6-ae95f2aeb9fd/datanode-2/data/ratis/4d010790-7e9c-49cf-b915-339deab4a19a for RaftStorage:Storage Directory /workdir/hadoop-ozone/ozonefs/target/test-dir/MiniOzoneClusterImpl-65f4c353-11bb-4244-81c6-ae95f2aeb9fd/datanode-2/data/ratis/4d010790-7e9c-49cf-b915-339deab4a19a
2019-09-19 16:55:55,711 [pool-314-thread-1] INFO  server.RaftServerConfigKeys (ConfUtils.java:logGet(43)) - raft.server.log.queue.byte-limit = 2147483647 (custom)
2019-09-19 16:55:55,711 [pool-314-thread-1] INFO  server.RaftServerConfigKeys (ConfUtils.java:logGet(43)) - raft.server.log.queue.element-limit = 1024 (custom)
2019-09-19 16:55:55,711 [pool-314-thread-1] INFO  server.RaftServerConfigKeys (ConfUtils.java:logGet(43)) - raft.server.log.segment.size.max = 1048576 (custom)
2019-09-19 16:55:55,711 [pool-314-thread-1] INFO  server.RaftServerConfigKeys (ConfUtils.java:logGet(43)) - raft.server.log.preallocated.size = 16384 (custom)
2019-09-19 16:55:55,711 [pool-314-thread-1] INFO  server.RaftServerConfigKeys (ConfUtils.java:logGet(43)) - raft.server.log.write.buffer.size = 33554432 (custom)
2019-09-19 16:55:55,711 [pool-314-thread-1] INFO  server.RaftServerConfigKeys (ConfUtils.java:logGet(43)) - raft.server.log.force.sync.num = 128 (default)
2019-09-19 16:55:55,711 [pool-314-thread-1] INFO  server.RaftServerConfigKeys (ConfUtils.java:logGet(43)) - raft.server.log.statemachine.data.sync = true (default)
2019-09-19 16:55:55,712 [pool-314-thread-1] INFO  server.RaftServerConfigKeys (ConfUtils.java:logGet(43)) - raft.server.log.statemachine.data.sync.timeout = 10s (default)
2019-09-19 16:55:55,712 [pool-314-thread-1] INFO  server.RaftServerConfigKeys (ConfUtils.java:logGet(43)) - raft.server.log.statemachine.data.sync.timeout.retry = -1 (default)
2019-09-19 16:55:55,712 [pool-314-thread-1] INFO  server.RaftServerConfigKeys (ConfUtils.java:logGet(43)) - raft.server.log.statemachine.data.caching.enabled = true (custom)
2019-09-19 16:55:55,712 [pool-314-thread-1] INFO  segmented.SegmentedRaftLogWorker (SegmentedRaftLogWorker.java:lambda$new$0(132)) - 1e7690c8-db9a-4ad6-a3a5-5d50f051c03b-SegmentedRaftLogWorker:Storage Directory /workdir/hadoop-ozone/ozonefs/target/test-dir/MiniOzoneClusterImpl-65f4c353-11bb-4244-81c6-ae95f2aeb9fd/datanode-2/data/ratis/4d010790-7e9c-49cf-b915-339deab4a19a: flushIndex: setUnconditionally 0 -> -1
2019-09-19 16:55:55,712 [pool-314-thread-1] INFO  server.RaftServerConfigKeys (ConfUtils.java:logGet(43)) - raft.server.snapshot.auto.trigger.enabled = true (custom)
2019-09-19 16:55:55,713 [pool-314-thread-1] INFO  server.RaftServerConfigKeys (ConfUtils.java:logGet(43)) - raft.server.snapshot.auto.trigger.threshold = 10000 (custom)
2019-09-19 16:55:55,713 [pool-314-thread-1] INFO  server.RaftServerConfigKeys (ConfUtils.java:logGet(43)) - raft.server.retrycache.expirytime = 600000ms (custom)
2019-09-19 16:55:55,713 [pool-314-thread-1] INFO  impl.RaftServerImpl (RaftServerImpl.java:start(180)) - 1e7690c8-db9a-4ad6-a3a5-5d50f051c03b: start group-339DEAB4A19A
2019-09-19 16:55:55,713 [pool-314-thread-1] INFO  impl.RaftServerImpl (RaftServerImpl.java:setRole(171)) - 1e7690c8-db9a-4ad6-a3a5-5d50f051c03b:group-339DEAB4A19A changes role from null to FOLLOWER at term 0 for startAsFollower
2019-09-19 16:55:55,713 [pool-314-thread-1] INFO  impl.RoleInfo (RoleInfo.java:updateAndGet(143)) - 1e7690c8-db9a-4ad6-a3a5-5d50f051c03b: start FollowerState
2019-09-19 16:55:55,713 [pool-314-thread-1] INFO  util.JmxRegister (JmxRegister.java:tryRegister(44)) - Successfully registered JMX Bean with object name Ratis:service=RaftServer,group=group-339DEAB4A19A,id=1e7690c8-db9a-4ad6-a3a5-5d50f051c03b
2019-09-19 16:55:55,716 [RatisPipelineUtilsThread] INFO  pipeline.PipelineStateManager (PipelineStateManager.java:addPipeline(56)) - Created pipeline Pipeline[ Id: 4d010790-7e9c-49cf-b915-339deab4a19a, Nodes: 1e7690c8-db9a-4ad6-a3a5-5d50f051c03b{ip: 192.168.157.226, host: pr-hdds-1569-swxfz-3172132826, networkLocation: /default-rack, certSerialId: null}, Type:RATIS, Factor:ONE, State:OPEN]
2019-09-19 16:55:55,716 [RatisPipelineUtilsThread] ERROR pipeline.PipelinePlacementPolicy (PipelinePlacementPolicy.java:meetCriteria(91)) - Pipeline Placement: Doesn't meet the criteria to be viable node. Heaviness: 6
2019-09-19 16:55:55,717 [RatisPipelineUtilsThread] ERROR pipeline.PipelinePlacementPolicy (PipelinePlacementPolicy.java:meetCriteria(91)) - Pipeline Placement: Doesn't meet the criteria to be viable node. Heaviness: 6
2019-09-19 16:55:55,717 [RatisPipelineUtilsThread] ERROR pipeline.PipelinePlacementPolicy (PipelinePlacementPolicy.java:meetCriteria(91)) - Pipeline Placement: Doesn't meet the criteria to be viable node. Heaviness: 6
2019-09-19 16:55:55,717 [RatisPipelineUtilsThread] ERROR pipeline.PipelinePlacementPolicy (PipelinePlacementPolicy.java:filterViableNodes(146)) - Unable to find enough nodes that meet the criteria that cannot engage in more than 5 pipelines. Nodes required: 1 Found: 0, healthy nodes count inNodeManager: 3.
2019-09-19 16:55:55,717 [RatisPipelineUtilsThread] ERROR pipeline.SCMPipelineManager (SCMPipelineManager.java:createPipeline(161)) - Pipeline creation failed due to exception: Unable to find enough nodes that meet the criteria that cannot engage in more than 5 pipelines. Nodes required: 1 Found: 0, healthy nodes count inNodeManager: 3.
2019-09-19 16:55:55,717 [RatisPipelineUtilsThread] ERROR pipeline.PipelinePlacementPolicy (PipelinePlacementPolicy.java:meetCriteria(91)) - Pipeline Placement: Doesn't meet the criteria to be viable node. Heaviness: 6
2019-09-19 16:55:55,717 [RatisPipelineUtilsThread] ERROR pipeline.PipelinePlacementPolicy (PipelinePlacementPolicy.java:meetCriteria(91)) - Pipeline Placement: Doesn't meet the criteria to be viable node. Heaviness: 6
2019-09-19 16:55:55,717 [RatisPipelineUtilsThread] ERROR pipeline.PipelinePlacementPolicy (PipelinePlacementPolicy.java:meetCriteria(91)) - Pipeline Placement: Doesn't meet the criteria to be viable node. Heaviness: 6
2019-09-19 16:55:55,718 [RatisPipelineUtilsThread] ERROR pipeline.PipelinePlacementPolicy (PipelinePlacementPolicy.java:filterViableNodes(146)) - Unable to find enough nodes that meet the criteria that cannot engage in more than 5 pipelines. Nodes required: 3 Found: 0, healthy nodes count inNodeManager: 3.
2019-09-19 16:55:55,718 [RatisPipelineUtilsThread] ERROR pipeline.SCMPipelineManager (SCMPipelineManager.java:createPipeline(161)) - Pipeline creation failed due to exception: Unable to find enough nodes that meet the criteria that cannot engage in more than 5 pipelines. Nodes required: 3 Found: 0, healthy nodes count inNodeManager: 3.
2019-09-19 16:55:56,411 [main] INFO  ozone.MiniOzoneClusterImpl (MiniOzoneClusterImpl.java:lambda$waitForClusterToBeReady$0(142)) - Cluster is ready. Got 3 of 3 DN Heartbeats.
2019-09-19 16:55:56,574 | INFO  | OMAudit | user=jenkins1000 | ip=127.0.0.1 | op=CREATE_VOLUME {admin=admin10245, owner=user34907, volume=volume54456, creationTime=1568912156572, quotaInBytes=1152921504606846976} | ret=SUCCESS |  
2019-09-19 16:55:56,584 | INFO  | OMAudit | user=jenkins1000 | ip=127.0.0.1 | op=CREATE_BUCKET {volume=volume54456, bucket=bucket79534, acls=[], isVersionEnabled=false, storageType=DISK, creationTime=0} | ret=SUCCESS |  
2019-09-19 16:55:56,607 | INFO  | OMAudit | user=jenkins1000 | ip=127.0.0.1 | op=READ_VOLUME {volume=volume54456} | ret=SUCCESS |  
2019-09-19 16:55:56,609 | INFO  | OMAudit | user=jenkins1000 | ip=127.0.0.1 | op=READ_BUCKET {volume=volume54456, bucket=bucket79534} | ret=SUCCESS |  
2019-09-19 16:55:56,649 [IPC Server handler 1 on 36499] ERROR pipeline.PipelinePlacementPolicy (PipelinePlacementPolicy.java:meetCriteria(91)) - Pipeline Placement: Doesn't meet the criteria to be viable node. Heaviness: 6
2019-09-19 16:55:56,649 [IPC Server handler 1 on 36499] ERROR pipeline.PipelinePlacementPolicy (PipelinePlacementPolicy.java:meetCriteria(91)) - Pipeline Placement: Doesn't meet the criteria to be viable node. Heaviness: 6
2019-09-19 16:55:56,650 [IPC Server handler 1 on 36499] ERROR pipeline.PipelinePlacementPolicy (PipelinePlacementPolicy.java:meetCriteria(91)) - Pipeline Placement: Doesn't meet the criteria to be viable node. Heaviness: 6
2019-09-19 16:55:56,650 [IPC Server handler 1 on 36499] ERROR pipeline.PipelinePlacementPolicy (PipelinePlacementPolicy.java:filterViableNodes(146)) - Unable to find enough nodes that meet the criteria that cannot engage in more than 5 pipelines. Nodes required: 3 Found: 0, healthy nodes count inNodeManager: 3.
2019-09-19 16:55:56,650 [IPC Server handler 1 on 36499] ERROR pipeline.SCMPipelineManager (SCMPipelineManager.java:createPipeline(161)) - Pipeline creation failed due to exception: Unable to find enough nodes that meet the criteria that cannot engage in more than 5 pipelines. Nodes required: 3 Found: 0, healthy nodes count inNodeManager: 3.
2019-09-19 16:55:56,651 [IPC Server handler 1 on 36499] WARN  block.BlockManagerImpl (BlockManagerImpl.java:allocateBlock(192)) - Pipeline creation failed for type:RATIS factor:THREE. Retrying get pipelines call once.
org.apache.hadoop.hdds.scm.exceptions.SCMException: Unable to find enough nodes that meet the criteria that cannot engage in more than 5 pipelines. Nodes required: 3 Found: 0, healthy nodes count inNodeManager: 3.
	at org.apache.hadoop.hdds.scm.pipeline.PipelinePlacementPolicy.filterViableNodes(PipelinePlacementPolicy.java:147)
	at org.apache.hadoop.hdds.scm.pipeline.PipelinePlacementPolicy.chooseDatanodes(PipelinePlacementPolicy.java:170)
	at org.apache.hadoop.hdds.scm.pipeline.RatisPipelineProvider.create(RatisPipelineProvider.java:92)
	at org.apache.hadoop.hdds.scm.pipeline.PipelineFactory.create(PipelineFactory.java:57)
	at org.apache.hadoop.hdds.scm.pipeline.SCMPipelineManager.createPipeline(SCMPipelineManager.java:149)
	at org.apache.hadoop.hdds.scm.block.BlockManagerImpl.allocateBlock(BlockManagerImpl.java:190)
	at org.apache.hadoop.hdds.scm.server.SCMBlockProtocolServer.allocateBlock(SCMBlockProtocolServer.java:175)
	at org.apache.hadoop.ozone.protocolPB.ScmBlockLocationProtocolServerSideTranslatorPB.allocateScmBlock(ScmBlockLocationProtocolServerSideTranslatorPB.java:153)
	at org.apache.hadoop.ozone.protocolPB.ScmBlockLocationProtocolServerSideTranslatorPB.send(ScmBlockLocationProtocolServerSideTranslatorPB.java:112)
	at org.apache.hadoop.hdds.protocol.proto.ScmBlockLocationProtocolProtos$ScmBlockLocationProtocolService$2.callBlockingMethod(ScmBlockLocationProtocolProtos.java:13157)
	at org.apache.hadoop.ipc.ProtobufRpcEngine$Server$ProtoBufRpcInvoker.call(ProtobufRpcEngine.java:524)
	at org.apache.hadoop.ipc.RPC$Server.call(RPC.java:1025)
	at org.apache.hadoop.ipc.Server$RpcCall.run(Server.java:876)
	at org.apache.hadoop.ipc.Server$RpcCall.run(Server.java:822)
	at java.security.AccessController.doPrivileged(Native Method)
	at javax.security.auth.Subject.doAs(Subject.java:422)
	at org.apache.hadoop.security.UserGroupInformation.doAs(UserGroupInformation.java:1730)
	at org.apache.hadoop.ipc.Server$Handler.run(Server.java:2682)
2019-09-19 16:55:56,653 [IPC Server handler 1 on 36499] INFO  block.BlockManagerImpl (BlockManagerImpl.java:allocateBlock(198)) - Could not find available pipeline of type:RATIS and factor:THREE even after retrying
2019-09-19 16:55:56,654 [IPC Server handler 1 on 36499] ERROR block.BlockManagerImpl (BlockManagerImpl.java:allocateBlock(222)) - Unable to allocate a block for the size: 4194304, type: RATIS, factor: THREE
2019-09-19 16:55:56,654 | INFO  | SCMAudit | user=jenkins1000 | ip=192.168.157.226 | op=ALLOCATE_BLOCK {owner=477ac1c1-8fa8-42f6-ac5c-dcfd18a5971d, size=4194304, type=RATIS, factor=THREE} | ret=SUCCESS |  
2019-09-19 16:55:56,661 | ERROR | OMAudit | user=jenkins1000 | ip=127.0.0.1 | op=CREATE_FILE {volume=volume54456, bucket=bucket79534, key=kXssU, dataSize=0, replicationType=RATIS, replicationFactor=THREE, keyLocationInfo=null} | ret=FAILURE | org.apache.hadoop.hdds.scm.exceptions.SCMException: Allocated 0 blocks. Requested 1 blocks
	at org.apache.hadoop.hdds.scm.protocolPB.ScmBlockLocationProtocolClientSideTranslatorPB.handleError(ScmBlockLocationProtocolClientSideTranslatorPB.java:118)
	at org.apache.hadoop.hdds.scm.protocolPB.ScmBlockLocationProtocolClientSideTranslatorPB.allocateBlock(ScmBlockLocationProtocolClientSideTranslatorPB.java:156) 
2019-09-19 16:55:56,662 [main] INFO  ozone.MiniOzoneClusterImpl (MiniOzoneClusterImpl.java:shutdown(321)) - Shutting down the Mini Ozone Cluster
2019-09-19 16:55:56,663 | INFO  | SCMAudit | user=null | ip=null | op=GET_SCM_INFO null | ret=SUCCESS |  
2019-09-19 16:55:56,663 [main] INFO  ozone.MiniOzoneClusterImpl (MiniOzoneClusterImpl.java:stop(336)) - Stopping the Mini Ozone Cluster
2019-09-19 16:55:56,663 [main] INFO  ozone.MiniOzoneClusterImpl (MiniOzoneClusterImpl.java:stop(338)) - Stopping the OzoneManager
2019-09-19 16:55:56,663 [main] INFO  ipc.Server (Server.java:stop(3082)) - Stopping server on 40530
2019-09-19 16:55:56,668 [main] INFO  ratis.OzoneManagerDoubleBuffer (OzoneManagerDoubleBuffer.java:stop(248)) - Stopping OMDoubleBuffer flush thread
2019-09-19 16:55:56,668 [IPC Server listener on 40530] INFO  ipc.Server (Server.java:run(1185)) - Stopping IPC Server listener on 40530
2019-09-19 16:55:56,668 [IPC Server Responder] INFO  ipc.Server (Server.java:run(1319)) - Stopping IPC Server Responder
2019-09-19 16:55:56,671 [OMDoubleBufferFlushThread] INFO  ratis.OzoneManagerDoubleBuffer (OzoneManagerDoubleBuffer.java:flushTransactions(191)) - OMDoubleBuffer flush thread OMDoubleBufferFlushThread is interrupted and will exit. OMDoubleBufferFlushThread
2019-09-19 16:55:56,672 [main] INFO  utils.BackgroundService (BackgroundService.java:shutdown(148)) - Shutting down service KeyDeletingService
2019-09-19 16:55:56,675 [main] INFO  handler.ContextHandler (ContextHandler.java:doStop(910)) - Stopped o.e.j.w.WebAppContext@123426a9{/,null,UNAVAILABLE}{/ozoneManager}
2019-09-19 16:55:56,676 [main] INFO  server.AbstractConnector (AbstractConnector.java:doStop(318)) - Stopped ServerConnector@4353db40{HTTP/1.1,[http/1.1]}{0.0.0.0:0}
2019-09-19 16:55:56,676 [main] INFO  handler.ContextHandler (ContextHandler.java:doStop(910)) - Stopped o.e.j.s.ServletContextHandler@65f96d58{/static,jar:file:/home/user/.m2/repository/org/apache/hadoop/hadoop-ozone-ozone-manager/0.5.0-SNAPSHOT/hadoop-ozone-ozone-manager-0.5.0-SNAPSHOT.jar!/webapps/static,UNAVAILABLE}
2019-09-19 16:55:56,677 [main] INFO  handler.ContextHandler (ContextHandler.java:doStop(910)) - Stopped o.e.j.s.ServletContextHandler@69ae7632{/logs,file:///workdir/hadoop-ozone/ozonefs/target/log,UNAVAILABLE}
2019-09-19 16:55:56,680 [main] INFO  ozone.MiniOzoneClusterImpl (MiniOzoneClusterImpl.java:stop(344)) - Shutting the HddsDatanodes
2019-09-19 16:55:56,680 [main] INFO  datanode.ObjectStoreHandler (ObjectStoreHandler.java:close(155)) - Closing ObjectStoreHandler.
2019-09-19 16:55:56,680 [ForkJoinPool.commonPool-worker-0] INFO  datanode.ObjectStoreHandler (ObjectStoreHandler.java:close(155)) - Closing ObjectStoreHandler.
2019-09-19 16:55:56,681 [main] INFO  ozone.HddsDatanodeService (HddsDatanodeService.java:stop(451)) - Stopped plug-in org.apache.hadoop.ozone.web.OzoneHddsDatanodeService@51d2d336
2019-09-19 16:55:56,681 [ForkJoinPool.commonPool-worker-0] INFO  ozone.HddsDatanodeService (HddsDatanodeService.java:stop(451)) - Stopped plug-in org.apache.hadoop.ozone.web.OzoneHddsDatanodeService@3f31892e
2019-09-19 16:55:57,012 [Datanode State Machine Thread - 0] INFO  statemachine.DatanodeStateMachine (DatanodeStateMachine.java:lambda$startDaemon$0(350)) - Ozone container server started.
2019-09-19 16:55:57,215 [Datanode State Machine Thread - 0] INFO  statemachine.DatanodeStateMachine (DatanodeStateMachine.java:lambda$startDaemon$0(350)) - Ozone container server started.
2019-09-19 16:55:57,413 | INFO  | SCMAudit | user=jenkins1000 | ip=192.168.157.226 | op=SEND_HEARTBEAT {datanodeUUID=1e7690c8-db9a-4ad6-a3a5-5d50f051c03b, command=[]} | ret=SUCCESS |  
2019-09-19 16:55:58,025 [Thread-1501] INFO  container.ReplicationManager (ReplicationManager.java:start(151)) - Starting Replication Monitor Thread.
2019-09-19 16:55:58,028 [ReplicationMonitor] INFO  container.ReplicationManager (ReplicationManager.java:run(214)) - Replication Monitor Thread took 0 milliseconds for processing 0 containers.
2019-09-19 16:55:58,414 | INFO  | SCMAudit | user=jenkins1000 | ip=192.168.157.226 | op=SEND_HEARTBEAT {datanodeUUID=1e7690c8-db9a-4ad6-a3a5-5d50f051c03b, command=[]} | ret=SUCCESS |  
2019-09-19 16:55:59,413 | INFO  | SCMAudit | user=jenkins1000 | ip=192.168.157.226 | op=SEND_HEARTBEAT {datanodeUUID=1e7690c8-db9a-4ad6-a3a5-5d50f051c03b, command=[]} | ret=SUCCESS |  
2019-09-19 16:56:00,128 [Thread-1503] INFO  impl.FollowerState (FollowerState.java:run(106)) - 699d69fc-f19c-45be-ba24-43c39d7e4d34:group-93F5E8E6C730 changes to CANDIDATE, lastRpcTime:5052, electionTimeout:5052ms
2019-09-19 16:56:00,129 [Thread-1503] INFO  impl.RoleInfo (RoleInfo.java:shutdownFollowerState(121)) - 699d69fc-f19c-45be-ba24-43c39d7e4d34: shutdown FollowerState
2019-09-19 16:56:00,129 [Thread-1503] INFO  impl.RaftServerImpl (RaftServerImpl.java:setRole(171)) - 699d69fc-f19c-45be-ba24-43c39d7e4d34:group-93F5E8E6C730 changes role from FOLLOWER to CANDIDATE at term 0 for changeToCandidate
2019-09-19 16:56:00,129 [Thread-1503] INFO  impl.RoleInfo (RoleInfo.java:updateAndGet(143)) - 699d69fc-f19c-45be-ba24-43c39d7e4d34: start LeaderElection
2019-09-19 16:56:00,158 [699d69fc-f19c-45be-ba24-43c39d7e4d34:group-93F5E8E6C730:LeaderElection90] INFO  impl.LeaderElection (LeaderElection.java:askForVotes(181)) - 699d69fc-f19c-45be-ba24-43c39d7e4d34:group-93F5E8E6C730:LeaderElection90: begin an election at term 1 for -1: [699d69fc-f19c-45be-ba24-43c39d7e4d34:192.168.157.226:41018], old=null
2019-09-19 16:56:00,158 [699d69fc-f19c-45be-ba24-43c39d7e4d34:group-93F5E8E6C730:LeaderElection90] INFO  impl.RoleInfo (RoleInfo.java:shutdownLeaderElection(134)) - 699d69fc-f19c-45be-ba24-43c39d7e4d34: shutdown LeaderElection
2019-09-19 16:56:00,158 [699d69fc-f19c-45be-ba24-43c39d7e4d34:group-93F5E8E6C730:LeaderElection90] INFO  impl.RaftServerImpl (RaftServerImpl.java:setRole(171)) - 699d69fc-f19c-45be-ba24-43c39d7e4d34:group-93F5E8E6C730 changes role from CANDIDATE to LEADER at term 1 for changeToLeader
2019-09-19 16:56:00,158 [699d69fc-f19c-45be-ba24-43c39d7e4d34:group-93F5E8E6C730:LeaderElection90] INFO  impl.RaftServerImpl (ServerState.java:setLeader(263)) - 699d69fc-f19c-45be-ba24-43c39d7e4d34:group-93F5E8E6C730 change Leader from null to 699d69fc-f19c-45be-ba24-43c39d7e4d34 at term 1 for becomeLeader, leader elected after 5089ms
2019-09-19 16:56:00,159 [699d69fc-f19c-45be-ba24-43c39d7e4d34:group-93F5E8E6C730:LeaderElection90] INFO  server.RaftServerConfigKeys (ConfUtils.java:logGet(43)) - raft.server.staging.catchup.gap = 1000 (default)
2019-09-19 16:56:00,159 [699d69fc-f19c-45be-ba24-43c39d7e4d34:group-93F5E8E6C730:LeaderElection90] INFO  server.RaftServerConfigKeys (ConfUtils.java:logGet(43)) - raft.server.rpc.sleep.time = 25ms (default)
2019-09-19 16:56:00,159 [699d69fc-f19c-45be-ba24-43c39d7e4d34:group-93F5E8E6C730:LeaderElection90] INFO  server.RaftServerConfigKeys (ConfUtils.java:logGet(43)) - raft.server.write.element-limit = 4096 (default)
2019-09-19 16:56:00,159 [Thread-1509] INFO  impl.FollowerState (FollowerState.java:run(106)) - 699d69fc-f19c-45be-ba24-43c39d7e4d34:group-69CC92F6DA6E changes to CANDIDATE, lastRpcTime:5008, electionTimeout:5008ms
2019-09-19 16:56:00,159 [699d69fc-f19c-45be-ba24-43c39d7e4d34:group-93F5E8E6C730:LeaderElection90] INFO  server.RaftServerConfigKeys (ConfUtils.java:logGet(43)) - raft.server.watch.timeout = 10s (default)
2019-09-19 16:56:00,159 [Thread-1509] INFO  impl.RoleInfo (RoleInfo.java:shutdownFollowerState(121)) - 699d69fc-f19c-45be-ba24-43c39d7e4d34: shutdown FollowerState
2019-09-19 16:56:00,160 [699d69fc-f19c-45be-ba24-43c39d7e4d34:group-93F5E8E6C730:LeaderElection90] INFO  server.RaftServerConfigKeys (ConfUtils.java:logGet(43)) - raft.server.watch.timeout.denomination = 1s (default)
2019-09-19 16:56:00,160 [Thread-1509] INFO  impl.RaftServerImpl (RaftServerImpl.java:setRole(171)) - 699d69fc-f19c-45be-ba24-43c39d7e4d34:group-69CC92F6DA6E changes role from FOLLOWER to CANDIDATE at term 0 for changeToCandidate
2019-09-19 16:56:00,160 [699d69fc-f19c-45be-ba24-43c39d7e4d34:group-93F5E8E6C730:LeaderElection90] INFO  server.RaftServerConfigKeys (ConfUtils.java:logGet(43)) - raft.server.watch.element-limit = 65536 (default)
2019-09-19 16:56:00,160 [Thread-1509] INFO  impl.RoleInfo (RoleInfo.java:updateAndGet(143)) - 699d69fc-f19c-45be-ba24-43c39d7e4d34: start LeaderElection
2019-09-19 16:56:00,160 [699d69fc-f19c-45be-ba24-43c39d7e4d34:group-93F5E8E6C730:LeaderElection90] INFO  impl.RoleInfo (RoleInfo.java:updateAndGet(143)) - 699d69fc-f19c-45be-ba24-43c39d7e4d34: start LeaderState
2019-09-19 16:56:00,163 [699d69fc-f19c-45be-ba24-43c39d7e4d34:group-93F5E8E6C730:LeaderElection90] INFO  segmented.SegmentedRaftLogWorker (SegmentedRaftLogWorker.java:startLogSegment(380)) - 699d69fc-f19c-45be-ba24-43c39d7e4d34-SegmentedRaftLogWorker:Storage Directory /workdir/hadoop-ozone/ozonefs/target/test-dir/MiniOzoneClusterImpl-65f4c353-11bb-4244-81c6-ae95f2aeb9fd/datanode-0/data/ratis/3ab29665-d5be-4158-b6ea-93f5e8e6c730: Starting segment from index:0
2019-09-19 16:56:00,164 [699d69fc-f19c-45be-ba24-43c39d7e4d34:group-93F5E8E6C730:LeaderElection90] INFO  impl.RaftServerImpl (ServerState.java:setRaftConf(361)) - 699d69fc-f19c-45be-ba24-43c39d7e4d34:group-93F5E8E6C730 set configuration 0: [699d69fc-f19c-45be-ba24-43c39d7e4d34:192.168.157.226:41018], old=null at 0
2019-09-19 16:56:00,176 [699d69fc-f19c-45be-ba24-43c39d7e4d34:group-69CC92F6DA6E:LeaderElection91] INFO  impl.LeaderElection (LeaderElection.java:askForVotes(181)) - 699d69fc-f19c-45be-ba24-43c39d7e4d34:group-69CC92F6DA6E:LeaderElection91: begin an election at term 1 for -1: [699d69fc-f19c-45be-ba24-43c39d7e4d34:192.168.157.226:41018], old=null
2019-09-19 16:56:00,176 [699d69fc-f19c-45be-ba24-43c39d7e4d34:group-69CC92F6DA6E:LeaderElection91] INFO  impl.RoleInfo (RoleInfo.java:shutdownLeaderElection(134)) - 699d69fc-f19c-45be-ba24-43c39d7e4d34: shutdown LeaderElection
2019-09-19 16:56:00,176 [699d69fc-f19c-45be-ba24-43c39d7e4d34:group-69CC92F6DA6E:LeaderElection91] INFO  impl.RaftServerImpl (RaftServerImpl.java:setRole(171)) - 699d69fc-f19c-45be-ba24-43c39d7e4d34:group-69CC92F6DA6E changes role from CANDIDATE to LEADER at term 1 for changeToLeader
2019-09-19 16:56:00,176 [699d69fc-f19c-45be-ba24-43c39d7e4d34:group-69CC92F6DA6E:LeaderElection91] INFO  impl.RaftServerImpl (ServerState.java:setLeader(263)) - 699d69fc-f19c-45be-ba24-43c39d7e4d34:group-69CC92F6DA6E change Leader from null to 699d69fc-f19c-45be-ba24-43c39d7e4d34 at term 1 for becomeLeader, leader elected after 5028ms
2019-09-19 16:56:00,176 [699d69fc-f19c-45be-ba24-43c39d7e4d34:group-69CC92F6DA6E:LeaderElection91] INFO  server.RaftServerConfigKeys (ConfUtils.java:logGet(43)) - raft.server.staging.catchup.gap = 1000 (default)
2019-09-19 16:56:00,177 [699d69fc-f19c-45be-ba24-43c39d7e4d34:group-69CC92F6DA6E:LeaderElection91] INFO  server.RaftServerConfigKeys (ConfUtils.java:logGet(43)) - raft.server.rpc.sleep.time = 25ms (default)
2019-09-19 16:56:00,177 [699d69fc-f19c-45be-ba24-43c39d7e4d34:group-69CC92F6DA6E:LeaderElection91] INFO  server.RaftServerConfigKeys (ConfUtils.java:logGet(43)) - raft.server.write.element-limit = 4096 (default)
2019-09-19 16:56:00,177 [699d69fc-f19c-45be-ba24-43c39d7e4d34:group-69CC92F6DA6E:LeaderElection91] INFO  server.RaftServerConfigKeys (ConfUtils.java:logGet(43)) - raft.server.watch.timeout = 10s (default)
2019-09-19 16:56:00,177 [699d69fc-f19c-45be-ba24-43c39d7e4d34:group-69CC92F6DA6E:LeaderElection91] INFO  server.RaftServerConfigKeys (ConfUtils.java:logGet(43)) - raft.server.watch.timeout.denomination = 1s (default)
2019-09-19 16:56:00,177 [699d69fc-f19c-45be-ba24-43c39d7e4d34:group-69CC92F6DA6E:LeaderElection91] INFO  server.RaftServerConfigKeys (ConfUtils.java:logGet(43)) - raft.server.watch.element-limit = 65536 (default)
2019-09-19 16:56:00,178 [699d69fc-f19c-45be-ba24-43c39d7e4d34:group-69CC92F6DA6E:LeaderElection91] INFO  impl.RoleInfo (RoleInfo.java:updateAndGet(143)) - 699d69fc-f19c-45be-ba24-43c39d7e4d34: start LeaderState
2019-09-19 16:56:00,178 [699d69fc-f19c-45be-ba24-43c39d7e4d34:group-69CC92F6DA6E:LeaderElection91] INFO  segmented.SegmentedRaftLogWorker (SegmentedRaftLogWorker.java:startLogSegment(380)) - 699d69fc-f19c-45be-ba24-43c39d7e4d34-SegmentedRaftLogWorker:Storage Directory /workdir/hadoop-ozone/ozonefs/target/test-dir/MiniOzoneClusterImpl-65f4c353-11bb-4244-81c6-ae95f2aeb9fd/datanode-0/data/ratis/bb599e28-7b2b-493d-9a30-69cc92f6da6e: Starting segment from index:0
2019-09-19 16:56:00,178 [699d69fc-f19c-45be-ba24-43c39d7e4d34:group-69CC92F6DA6E:LeaderElection91] INFO  impl.RaftServerImpl (ServerState.java:setRaftConf(361)) - 699d69fc-f19c-45be-ba24-43c39d7e4d34:group-69CC92F6DA6E set configuration 0: [699d69fc-f19c-45be-ba24-43c39d7e4d34:192.168.157.226:41018], old=null at 0
2019-09-19 16:56:00,214 [699d69fc-f19c-45be-ba24-43c39d7e4d34-SegmentedRaftLogWorker:Storage Directory /workdir/hadoop-ozone/ozonefs/target/test-dir/MiniOzoneClusterImpl-65f4c353-11bb-4244-81c6-ae95f2aeb9fd/datanode-0/data/ratis/3ab29665-d5be-4158-b6ea-93f5e8e6c730] INFO  segmented.SegmentedRaftLogWorker (SegmentedRaftLogWorker.java:execute(569)) - 699d69fc-f19c-45be-ba24-43c39d7e4d34-SegmentedRaftLogWorker:Storage Directory /workdir/hadoop-ozone/ozonefs/target/test-dir/MiniOzoneClusterImpl-65f4c353-11bb-4244-81c6-ae95f2aeb9fd/datanode-0/data/ratis/3ab29665-d5be-4158-b6ea-93f5e8e6c730: created new log segment /workdir/hadoop-ozone/ozonefs/target/test-dir/MiniOzoneClusterImpl-65f4c353-11bb-4244-81c6-ae95f2aeb9fd/datanode-0/data/ratis/3ab29665-d5be-4158-b6ea-93f5e8e6c730/current/log_inprogress_0
2019-09-19 16:56:00,218 [Thread-1506] INFO  impl.FollowerState (FollowerState.java:run(106)) - 699d69fc-f19c-45be-ba24-43c39d7e4d34:group-1AF18C2F95F8 changes to CANDIDATE, lastRpcTime:5097, electionTimeout:5097ms
2019-09-19 16:56:00,218 [Thread-1506] INFO  impl.RoleInfo (RoleInfo.java:shutdownFollowerState(121)) - 699d69fc-f19c-45be-ba24-43c39d7e4d34: shutdown FollowerState
2019-09-19 16:56:00,218 [Thread-1506] INFO  impl.RaftServerImpl (RaftServerImpl.java:setRole(171)) - 699d69fc-f19c-45be-ba24-43c39d7e4d34:group-1AF18C2F95F8 changes role from FOLLOWER to CANDIDATE at term 0 for changeToCandidate
2019-09-19 16:56:00,218 [Thread-1506] INFO  impl.RoleInfo (RoleInfo.java:updateAndGet(143)) - 699d69fc-f19c-45be-ba24-43c39d7e4d34: start LeaderElection
2019-09-19 16:56:00,240 [699d69fc-f19c-45be-ba24-43c39d7e4d34-SegmentedRaftLogWorker:Storage Directory /workdir/hadoop-ozone/ozonefs/target/test-dir/MiniOzoneClusterImpl-65f4c353-11bb-4244-81c6-ae95f2aeb9fd/datanode-0/data/ratis/bb599e28-7b2b-493d-9a30-69cc92f6da6e] INFO  segmented.SegmentedRaftLogWorker (SegmentedRaftLogWorker.java:execute(569)) - 699d69fc-f19c-45be-ba24-43c39d7e4d34-SegmentedRaftLogWorker:Storage Directory /workdir/hadoop-ozone/ozonefs/target/test-dir/MiniOzoneClusterImpl-65f4c353-11bb-4244-81c6-ae95f2aeb9fd/datanode-0/data/ratis/bb599e28-7b2b-493d-9a30-69cc92f6da6e: created new log segment /workdir/hadoop-ozone/ozonefs/target/test-dir/MiniOzoneClusterImpl-65f4c353-11bb-4244-81c6-ae95f2aeb9fd/datanode-0/data/ratis/bb599e28-7b2b-493d-9a30-69cc92f6da6e/current/log_inprogress_0
2019-09-19 16:56:00,240 [699d69fc-f19c-45be-ba24-43c39d7e4d34:group-1AF18C2F95F8:LeaderElection92] INFO  impl.LeaderElection (LeaderElection.java:askForVotes(181)) - 699d69fc-f19c-45be-ba24-43c39d7e4d34:group-1AF18C2F95F8:LeaderElection92: begin an election at term 1 for -1: [699d69fc-f19c-45be-ba24-43c39d7e4d34:192.168.157.226:41018], old=null
2019-09-19 16:56:00,240 [699d69fc-f19c-45be-ba24-43c39d7e4d34:group-1AF18C2F95F8:LeaderElection92] INFO  impl.RoleInfo (RoleInfo.java:shutdownLeaderElection(134)) - 699d69fc-f19c-45be-ba24-43c39d7e4d34: shutdown LeaderElection
2019-09-19 16:56:00,240 [699d69fc-f19c-45be-ba24-43c39d7e4d34:group-1AF18C2F95F8:LeaderElection92] INFO  impl.RaftServerImpl (RaftServerImpl.java:setRole(171)) - 699d69fc-f19c-45be-ba24-43c39d7e4d34:group-1AF18C2F95F8 changes role from CANDIDATE to LEADER at term 1 for changeToLeader
2019-09-19 16:56:00,240 [699d69fc-f19c-45be-ba24-43c39d7e4d34:group-1AF18C2F95F8:LeaderElection92] INFO  impl.RaftServerImpl (ServerState.java:setLeader(263)) - 699d69fc-f19c-45be-ba24-43c39d7e4d34:group-1AF18C2F95F8 change Leader from null to 699d69fc-f19c-45be-ba24-43c39d7e4d34 at term 1 for becomeLeader, leader elected after 5123ms
2019-09-19 16:56:00,240 [699d69fc-f19c-45be-ba24-43c39d7e4d34:group-1AF18C2F95F8:LeaderElection92] INFO  server.RaftServerConfigKeys (ConfUtils.java:logGet(43)) - raft.server.staging.catchup.gap = 1000 (default)
2019-09-19 16:56:00,241 [699d69fc-f19c-45be-ba24-43c39d7e4d34:group-1AF18C2F95F8:LeaderElection92] INFO  server.RaftServerConfigKeys (ConfUtils.java:logGet(43)) - raft.server.rpc.sleep.time = 25ms (default)
2019-09-19 16:56:00,241 [699d69fc-f19c-45be-ba24-43c39d7e4d34:group-1AF18C2F95F8:LeaderElection92] INFO  server.RaftServerConfigKeys (ConfUtils.java:logGet(43)) - raft.server.write.element-limit = 4096 (default)
2019-09-19 16:56:00,241 [699d69fc-f19c-45be-ba24-43c39d7e4d34:group-1AF18C2F95F8:LeaderElection92] INFO  server.RaftServerConfigKeys (ConfUtils.java:logGet(43)) - raft.server.watch.timeout = 10s (default)
2019-09-19 16:56:00,241 [699d69fc-f19c-45be-ba24-43c39d7e4d34:group-1AF18C2F95F8:LeaderElection92] INFO  server.RaftServerConfigKeys (ConfUtils.java:logGet(43)) - raft.server.watch.timeout.denomination = 1s (default)
2019-09-19 16:56:00,241 [699d69fc-f19c-45be-ba24-43c39d7e4d34:group-1AF18C2F95F8:LeaderElection92] INFO  server.RaftServerConfigKeys (ConfUtils.java:logGet(43)) - raft.server.watch.element-limit = 65536 (default)
2019-09-19 16:56:00,242 [699d69fc-f19c-45be-ba24-43c39d7e4d34:group-1AF18C2F95F8:LeaderElection92] INFO  impl.RoleInfo (RoleInfo.java:updateAndGet(143)) - 699d69fc-f19c-45be-ba24-43c39d7e4d34: start LeaderState
2019-09-19 16:56:00,242 [699d69fc-f19c-45be-ba24-43c39d7e4d34:group-1AF18C2F95F8:LeaderElection92] INFO  segmented.SegmentedRaftLogWorker (SegmentedRaftLogWorker.java:startLogSegment(380)) - 699d69fc-f19c-45be-ba24-43c39d7e4d34-SegmentedRaftLogWorker:Storage Directory /workdir/hadoop-ozone/ozonefs/target/test-dir/MiniOzoneClusterImpl-65f4c353-11bb-4244-81c6-ae95f2aeb9fd/datanode-0/data/ratis/a53aa019-13b4-4ee3-bea7-1af18c2f95f8: Starting segment from index:0
2019-09-19 16:56:00,242 [699d69fc-f19c-45be-ba24-43c39d7e4d34:group-1AF18C2F95F8:LeaderElection92] INFO  impl.RaftServerImpl (ServerState.java:setRaftConf(361)) - 699d69fc-f19c-45be-ba24-43c39d7e4d34:group-1AF18C2F95F8 set configuration 0: [699d69fc-f19c-45be-ba24-43c39d7e4d34:192.168.157.226:41018], old=null at 0
2019-09-19 16:56:00,261 [Thread-1521] INFO  impl.FollowerState (FollowerState.java:run(106)) - ba0f7ce0-9099-4aca-b97a-21c3d5e7bc75:group-97EA7AEA26AE changes to CANDIDATE, lastRpcTime:5021, electionTimeout:5021ms
2019-09-19 16:56:00,261 [Thread-1521] INFO  impl.RoleInfo (RoleInfo.java:shutdownFollowerState(121)) - ba0f7ce0-9099-4aca-b97a-21c3d5e7bc75: shutdown FollowerState
2019-09-19 16:56:00,261 [Thread-1521] INFO  impl.RaftServerImpl (RaftServerImpl.java:setRole(171)) - ba0f7ce0-9099-4aca-b97a-21c3d5e7bc75:group-97EA7AEA26AE changes role from FOLLOWER to CANDIDATE at term 0 for changeToCandidate
2019-09-19 16:56:00,262 [Thread-1521] INFO  impl.RoleInfo (RoleInfo.java:updateAndGet(143)) - ba0f7ce0-9099-4aca-b97a-21c3d5e7bc75: start LeaderElection
2019-09-19 16:56:00,278 [Thread-1512] INFO  impl.FollowerState (FollowerState.java:run(106)) - 699d69fc-f19c-45be-ba24-43c39d7e4d34:group-5A628DB9F318 changes to CANDIDATE, lastRpcTime:5107, electionTimeout:5095ms
2019-09-19 16:56:00,278 [Thread-1512] INFO  impl.RoleInfo (RoleInfo.java:shutdownFollowerState(121)) - 699d69fc-f19c-45be-ba24-43c39d7e4d34: shutdown FollowerState
2019-09-19 16:56:00,278 [Thread-1512] INFO  impl.RaftServerImpl (RaftServerImpl.java:setRole(171)) - 699d69fc-f19c-45be-ba24-43c39d7e4d34:group-5A628DB9F318 changes role from FOLLOWER to CANDIDATE at term 0 for changeToCandidate
2019-09-19 16:56:00,279 [Thread-1512] INFO  impl.RoleInfo (RoleInfo.java:updateAndGet(143)) - 699d69fc-f19c-45be-ba24-43c39d7e4d34: start LeaderElection
2019-09-19 16:56:00,284 [699d69fc-f19c-45be-ba24-43c39d7e4d34-SegmentedRaftLogWorker:Storage Directory /workdir/hadoop-ozone/ozonefs/target/test-dir/MiniOzoneClusterImpl-65f4c353-11bb-4244-81c6-ae95f2aeb9fd/datanode-0/data/ratis/a53aa019-13b4-4ee3-bea7-1af18c2f95f8] INFO  segmented.SegmentedRaftLogWorker (SegmentedRaftLogWorker.java:execute(569)) - 699d69fc-f19c-45be-ba24-43c39d7e4d34-SegmentedRaftLogWorker:Storage Directory /workdir/hadoop-ozone/ozonefs/target/test-dir/MiniOzoneClusterImpl-65f4c353-11bb-4244-81c6-ae95f2aeb9fd/datanode-0/data/ratis/a53aa019-13b4-4ee3-bea7-1af18c2f95f8: created new log segment /workdir/hadoop-ozone/ozonefs/target/test-dir/MiniOzoneClusterImpl-65f4c353-11bb-4244-81c6-ae95f2aeb9fd/datanode-0/data/ratis/a53aa019-13b4-4ee3-bea7-1af18c2f95f8/current/log_inprogress_0
2019-09-19 16:56:00,288 [Thread-1515] INFO  impl.FollowerState (FollowerState.java:run(106)) - 699d69fc-f19c-45be-ba24-43c39d7e4d34:group-B9F44897703B changes to CANDIDATE, lastRpcTime:5096, electionTimeout:5096ms
2019-09-19 16:56:00,288 [Thread-1515] INFO  impl.RoleInfo (RoleInfo.java:shutdownFollowerState(121)) - 699d69fc-f19c-45be-ba24-43c39d7e4d34: shutdown FollowerState
2019-09-19 16:56:00,288 [Thread-1515] INFO  impl.RaftServerImpl (RaftServerImpl.java:setRole(171)) - 699d69fc-f19c-45be-ba24-43c39d7e4d34:group-B9F44897703B changes role from FOLLOWER to CANDIDATE at term 0 for changeToCandidate
2019-09-19 16:56:00,289 [Thread-1515] INFO  impl.RoleInfo (RoleInfo.java:updateAndGet(143)) - 699d69fc-f19c-45be-ba24-43c39d7e4d34: start LeaderElection
2019-09-19 16:56:00,290 [ba0f7ce0-9099-4aca-b97a-21c3d5e7bc75:group-97EA7AEA26AE:LeaderElection93] INFO  impl.LeaderElection (LeaderElection.java:askForVotes(181)) - ba0f7ce0-9099-4aca-b97a-21c3d5e7bc75:group-97EA7AEA26AE:LeaderElection93: begin an election at term 1 for -1: [ba0f7ce0-9099-4aca-b97a-21c3d5e7bc75:192.168.157.226:36543], old=null
2019-09-19 16:56:00,290 [699d69fc-f19c-45be-ba24-43c39d7e4d34:group-5A628DB9F318:LeaderElection94] INFO  impl.LeaderElection (LeaderElection.java:askForVotes(181)) - 699d69fc-f19c-45be-ba24-43c39d7e4d34:group-5A628DB9F318:LeaderElection94: begin an election at term 1 for -1: [699d69fc-f19c-45be-ba24-43c39d7e4d34:192.168.157.226:41018], old=null
2019-09-19 16:56:00,290 [ba0f7ce0-9099-4aca-b97a-21c3d5e7bc75:group-97EA7AEA26AE:LeaderElection93] INFO  impl.RoleInfo (RoleInfo.java:shutdownLeaderElection(134)) - ba0f7ce0-9099-4aca-b97a-21c3d5e7bc75: shutdown LeaderElection
2019-09-19 16:56:00,291 [699d69fc-f19c-45be-ba24-43c39d7e4d34:group-5A628DB9F318:LeaderElection94] INFO  impl.RoleInfo (RoleInfo.java:shutdownLeaderElection(134)) - 699d69fc-f19c-45be-ba24-43c39d7e4d34: shutdown LeaderElection
2019-09-19 16:56:00,291 [ba0f7ce0-9099-4aca-b97a-21c3d5e7bc75:group-97EA7AEA26AE:LeaderElection93] INFO  impl.RaftServerImpl (RaftServerImpl.java:setRole(171)) - ba0f7ce0-9099-4aca-b97a-21c3d5e7bc75:group-97EA7AEA26AE changes role from CANDIDATE to LEADER at term 1 for changeToLeader
2019-09-19 16:56:00,291 [699d69fc-f19c-45be-ba24-43c39d7e4d34:group-5A628DB9F318:LeaderElection94] INFO  impl.RaftServerImpl (RaftServerImpl.java:setRole(171)) - 699d69fc-f19c-45be-ba24-43c39d7e4d34:group-5A628DB9F318 changes role from CANDIDATE to LEADER at term 1 for changeToLeader
2019-09-19 16:56:00,291 [ba0f7ce0-9099-4aca-b97a-21c3d5e7bc75:group-97EA7AEA26AE:LeaderElection93] INFO  impl.RaftServerImpl (ServerState.java:setLeader(263)) - ba0f7ce0-9099-4aca-b97a-21c3d5e7bc75:group-97EA7AEA26AE change Leader from null to ba0f7ce0-9099-4aca-b97a-21c3d5e7bc75 at term 1 for becomeLeader, leader elected after 5055ms
2019-09-19 16:56:00,291 [699d69fc-f19c-45be-ba24-43c39d7e4d34:group-5A628DB9F318:LeaderElection94] INFO  impl.RaftServerImpl (ServerState.java:setLeader(263)) - 699d69fc-f19c-45be-ba24-43c39d7e4d34:group-5A628DB9F318 change Leader from null to 699d69fc-f19c-45be-ba24-43c39d7e4d34 at term 1 for becomeLeader, leader elected after 5124ms
2019-09-19 16:56:00,291 [ba0f7ce0-9099-4aca-b97a-21c3d5e7bc75:group-97EA7AEA26AE:LeaderElection93] INFO  server.RaftServerConfigKeys (ConfUtils.java:logGet(43)) - raft.server.staging.catchup.gap = 1000 (default)
2019-09-19 16:56:00,291 [699d69fc-f19c-45be-ba24-43c39d7e4d34:group-5A628DB9F318:LeaderElection94] INFO  server.RaftServerConfigKeys (ConfUtils.java:logGet(43)) - raft.server.staging.catchup.gap = 1000 (default)
2019-09-19 16:56:00,291 [ba0f7ce0-9099-4aca-b97a-21c3d5e7bc75:group-97EA7AEA26AE:LeaderElection93] INFO  server.RaftServerConfigKeys (ConfUtils.java:logGet(43)) - raft.server.rpc.sleep.time = 25ms (default)
2019-09-19 16:56:00,292 [699d69fc-f19c-45be-ba24-43c39d7e4d34:group-5A628DB9F318:LeaderElection94] INFO  server.RaftServerConfigKeys (ConfUtils.java:logGet(43)) - raft.server.rpc.sleep.time = 25ms (default)
2019-09-19 16:56:00,292 [ba0f7ce0-9099-4aca-b97a-21c3d5e7bc75:group-97EA7AEA26AE:LeaderElection93] INFO  server.RaftServerConfigKeys (ConfUtils.java:logGet(43)) - raft.server.write.element-limit = 4096 (default)
2019-09-19 16:56:00,292 [699d69fc-f19c-45be-ba24-43c39d7e4d34:group-5A628DB9F318:LeaderElection94] INFO  server.RaftServerConfigKeys (ConfUtils.java:logGet(43)) - raft.server.write.element-limit = 4096 (default)
2019-09-19 16:56:00,292 [ba0f7ce0-9099-4aca-b97a-21c3d5e7bc75:group-97EA7AEA26AE:LeaderElection93] INFO  server.RaftServerConfigKeys (ConfUtils.java:logGet(43)) - raft.server.watch.timeout = 10s (default)
2019-09-19 16:56:00,292 [699d69fc-f19c-45be-ba24-43c39d7e4d34:group-5A628DB9F318:LeaderElection94] INFO  server.RaftServerConfigKeys (ConfUtils.java:logGet(43)) - raft.server.watch.timeout = 10s (default)
2019-09-19 16:56:00,292 [ba0f7ce0-9099-4aca-b97a-21c3d5e7bc75:group-97EA7AEA26AE:LeaderElection93] INFO  server.RaftServerConfigKeys (ConfUtils.java:logGet(43)) - raft.server.watch.timeout.denomination = 1s (default)
2019-09-19 16:56:00,292 [699d69fc-f19c-45be-ba24-43c39d7e4d34:group-5A628DB9F318:LeaderElection94] INFO  server.RaftServerConfigKeys (ConfUtils.java:logGet(43)) - raft.server.watch.timeout.denomination = 1s (default)
2019-09-19 16:56:00,293 [ba0f7ce0-9099-4aca-b97a-21c3d5e7bc75:group-97EA7AEA26AE:LeaderElection93] INFO  server.RaftServerConfigKeys (ConfUtils.java:logGet(43)) - raft.server.watch.element-limit = 65536 (default)
2019-09-19 16:56:00,293 [699d69fc-f19c-45be-ba24-43c39d7e4d34:group-5A628DB9F318:LeaderElection94] INFO  server.RaftServerConfigKeys (ConfUtils.java:logGet(43)) - raft.server.watch.element-limit = 65536 (default)
2019-09-19 16:56:00,293 [ba0f7ce0-9099-4aca-b97a-21c3d5e7bc75:group-97EA7AEA26AE:LeaderElection93] INFO  impl.RoleInfo (RoleInfo.java:updateAndGet(143)) - ba0f7ce0-9099-4aca-b97a-21c3d5e7bc75: start LeaderState
2019-09-19 16:56:00,293 [699d69fc-f19c-45be-ba24-43c39d7e4d34:group-5A628DB9F318:LeaderElection94] INFO  impl.RoleInfo (RoleInfo.java:updateAndGet(143)) - 699d69fc-f19c-45be-ba24-43c39d7e4d34: start LeaderState
2019-09-19 16:56:00,293 [ba0f7ce0-9099-4aca-b97a-21c3d5e7bc75:group-97EA7AEA26AE:LeaderElection93] INFO  segmented.SegmentedRaftLogWorker (SegmentedRaftLogWorker.java:startLogSegment(380)) - ba0f7ce0-9099-4aca-b97a-21c3d5e7bc75-SegmentedRaftLogWorker:Storage Directory /workdir/hadoop-ozone/ozonefs/target/test-dir/MiniOzoneClusterImpl-65f4c353-11bb-4244-81c6-ae95f2aeb9fd/datanode-1/data/ratis/3a8394fd-dc5c-475b-828a-97ea7aea26ae: Starting segment from index:0
2019-09-19 16:56:00,293 [699d69fc-f19c-45be-ba24-43c39d7e4d34:group-5A628DB9F318:LeaderElection94] INFO  segmented.SegmentedRaftLogWorker (SegmentedRaftLogWorker.java:startLogSegment(380)) - 699d69fc-f19c-45be-ba24-43c39d7e4d34-SegmentedRaftLogWorker:Storage Directory /workdir/hadoop-ozone/ozonefs/target/test-dir/MiniOzoneClusterImpl-65f4c353-11bb-4244-81c6-ae95f2aeb9fd/datanode-0/data/ratis/5010766f-1736-46ec-949c-5a628db9f318: Starting segment from index:0
2019-09-19 16:56:00,294 [ba0f7ce0-9099-4aca-b97a-21c3d5e7bc75:group-97EA7AEA26AE:LeaderElection93] INFO  impl.RaftServerImpl (ServerState.java:setRaftConf(361)) - ba0f7ce0-9099-4aca-b97a-21c3d5e7bc75:group-97EA7AEA26AE set configuration 0: [ba0f7ce0-9099-4aca-b97a-21c3d5e7bc75:192.168.157.226:36543], old=null at 0
2019-09-19 16:56:00,294 [699d69fc-f19c-45be-ba24-43c39d7e4d34:group-5A628DB9F318:LeaderElection94] INFO  impl.RaftServerImpl (ServerState.java:setRaftConf(361)) - 699d69fc-f19c-45be-ba24-43c39d7e4d34:group-5A628DB9F318 set configuration 0: [699d69fc-f19c-45be-ba24-43c39d7e4d34:192.168.157.226:41018], old=null at 0
2019-09-19 16:56:00,295 [699d69fc-f19c-45be-ba24-43c39d7e4d34:group-B9F44897703B:LeaderElection95] INFO  impl.LeaderElection (LeaderElection.java:askForVotes(181)) - 699d69fc-f19c-45be-ba24-43c39d7e4d34:group-B9F44897703B:LeaderElection95: begin an election at term 1 for -1: [699d69fc-f19c-45be-ba24-43c39d7e4d34:192.168.157.226:41018], old=null
2019-09-19 16:56:00,295 [699d69fc-f19c-45be-ba24-43c39d7e4d34:group-B9F44897703B:LeaderElection95] INFO  impl.RoleInfo (RoleInfo.java:shutdownLeaderElection(134)) - 699d69fc-f19c-45be-ba24-43c39d7e4d34: shutdown LeaderElection
2019-09-19 16:56:00,296 [699d69fc-f19c-45be-ba24-43c39d7e4d34:group-B9F44897703B:LeaderElection95] INFO  impl.RaftServerImpl (RaftServerImpl.java:setRole(171)) - 699d69fc-f19c-45be-ba24-43c39d7e4d34:group-B9F44897703B changes role from CANDIDATE to LEADER at term 1 for changeToLeader
2019-09-19 16:56:00,296 [699d69fc-f19c-45be-ba24-43c39d7e4d34:group-B9F44897703B:LeaderElection95] INFO  impl.RaftServerImpl (ServerState.java:setLeader(263)) - 699d69fc-f19c-45be-ba24-43c39d7e4d34:group-B9F44897703B change Leader from null to 699d69fc-f19c-45be-ba24-43c39d7e4d34 at term 1 for becomeLeader, leader elected after 5107ms
2019-09-19 16:56:00,296 [699d69fc-f19c-45be-ba24-43c39d7e4d34:group-B9F44897703B:LeaderElection95] INFO  server.RaftServerConfigKeys (ConfUtils.java:logGet(43)) - raft.server.staging.catchup.gap = 1000 (default)
2019-09-19 16:56:00,296 [699d69fc-f19c-45be-ba24-43c39d7e4d34:group-B9F44897703B:LeaderElection95] INFO  server.RaftServerConfigKeys (ConfUtils.java:logGet(43)) - raft.server.rpc.sleep.time = 25ms (default)
2019-09-19 16:56:00,296 [699d69fc-f19c-45be-ba24-43c39d7e4d34:group-B9F44897703B:LeaderElection95] INFO  server.RaftServerConfigKeys (ConfUtils.java:logGet(43)) - raft.server.write.element-limit = 4096 (default)
2019-09-19 16:56:00,296 [699d69fc-f19c-45be-ba24-43c39d7e4d34:group-B9F44897703B:LeaderElection95] INFO  server.RaftServerConfigKeys (ConfUtils.java:logGet(43)) - raft.server.watch.timeout = 10s (default)
2019-09-19 16:56:00,296 [699d69fc-f19c-45be-ba24-43c39d7e4d34:group-B9F44897703B:LeaderElection95] INFO  server.RaftServerConfigKeys (ConfUtils.java:logGet(43)) - raft.server.watch.timeout.denomination = 1s (default)
2019-09-19 16:56:00,297 [699d69fc-f19c-45be-ba24-43c39d7e4d34:group-B9F44897703B:LeaderElection95] INFO  server.RaftServerConfigKeys (ConfUtils.java:logGet(43)) - raft.server.watch.element-limit = 65536 (default)
2019-09-19 16:56:00,297 [699d69fc-f19c-45be-ba24-43c39d7e4d34:group-B9F44897703B:LeaderElection95] INFO  impl.RoleInfo (RoleInfo.java:updateAndGet(143)) - 699d69fc-f19c-45be-ba24-43c39d7e4d34: start LeaderState
2019-09-19 16:56:00,297 [699d69fc-f19c-45be-ba24-43c39d7e4d34:group-B9F44897703B:LeaderElection95] INFO  segmented.SegmentedRaftLogWorker (SegmentedRaftLogWorker.java:startLogSegment(380)) - 699d69fc-f19c-45be-ba24-43c39d7e4d34-SegmentedRaftLogWorker:Storage Directory /workdir/hadoop-ozone/ozonefs/target/test-dir/MiniOzoneClusterImpl-65f4c353-11bb-4244-81c6-ae95f2aeb9fd/datanode-0/data/ratis/48c1929f-b9ba-4f5e-af2c-b9f44897703b: Starting segment from index:0
2019-09-19 16:56:00,297 [699d69fc-f19c-45be-ba24-43c39d7e4d34:group-B9F44897703B:LeaderElection95] INFO  impl.RaftServerImpl (ServerState.java:setRaftConf(361)) - 699d69fc-f19c-45be-ba24-43c39d7e4d34:group-B9F44897703B set configuration 0: [699d69fc-f19c-45be-ba24-43c39d7e4d34:192.168.157.226:41018], old=null at 0
2019-09-19 16:56:00,299 [Thread-1527] INFO  impl.FollowerState (FollowerState.java:run(106)) - ba0f7ce0-9099-4aca-b97a-21c3d5e7bc75:group-5B59646A4CC7 changes to CANDIDATE, lastRpcTime:5013, electionTimeout:5013ms
2019-09-19 16:56:00,299 [Thread-1527] INFO  impl.RoleInfo (RoleInfo.java:shutdownFollowerState(121)) - ba0f7ce0-9099-4aca-b97a-21c3d5e7bc75: shutdown FollowerState
2019-09-19 16:56:00,299 [Thread-1527] INFO  impl.RaftServerImpl (RaftServerImpl.java:setRole(171)) - ba0f7ce0-9099-4aca-b97a-21c3d5e7bc75:group-5B59646A4CC7 changes role from FOLLOWER to CANDIDATE at term 0 for changeToCandidate
2019-09-19 16:56:00,299 [Thread-1527] INFO  impl.RoleInfo (RoleInfo.java:updateAndGet(143)) - ba0f7ce0-9099-4aca-b97a-21c3d5e7bc75: start LeaderElection
2019-09-19 16:56:00,338 [699d69fc-f19c-45be-ba24-43c39d7e4d34-SegmentedRaftLogWorker:Storage Directory /workdir/hadoop-ozone/ozonefs/target/test-dir/MiniOzoneClusterImpl-65f4c353-11bb-4244-81c6-ae95f2aeb9fd/datanode-0/data/ratis/5010766f-1736-46ec-949c-5a628db9f318] INFO  segmented.SegmentedRaftLogWorker (SegmentedRaftLogWorker.java:execute(569)) - 699d69fc-f19c-45be-ba24-43c39d7e4d34-SegmentedRaftLogWorker:Storage Directory /workdir/hadoop-ozone/ozonefs/target/test-dir/MiniOzoneClusterImpl-65f4c353-11bb-4244-81c6-ae95f2aeb9fd/datanode-0/data/ratis/5010766f-1736-46ec-949c-5a628db9f318: created new log segment /workdir/hadoop-ozone/ozonefs/target/test-dir/MiniOzoneClusterImpl-65f4c353-11bb-4244-81c6-ae95f2aeb9fd/datanode-0/data/ratis/5010766f-1736-46ec-949c-5a628db9f318/current/log_inprogress_0
2019-09-19 16:56:00,338 [ba0f7ce0-9099-4aca-b97a-21c3d5e7bc75:group-5B59646A4CC7:LeaderElection96] INFO  impl.LeaderElection (LeaderElection.java:askForVotes(181)) - ba0f7ce0-9099-4aca-b97a-21c3d5e7bc75:group-5B59646A4CC7:LeaderElection96: begin an election at term 1 for -1: [ba0f7ce0-9099-4aca-b97a-21c3d5e7bc75:192.168.157.226:36543], old=null
2019-09-19 16:56:00,338 [ba0f7ce0-9099-4aca-b97a-21c3d5e7bc75-SegmentedRaftLogWorker:Storage Directory /workdir/hadoop-ozone/ozonefs/target/test-dir/MiniOzoneClusterImpl-65f4c353-11bb-4244-81c6-ae95f2aeb9fd/datanode-1/data/ratis/3a8394fd-dc5c-475b-828a-97ea7aea26ae] INFO  segmented.SegmentedRaftLogWorker (SegmentedRaftLogWorker.java:execute(569)) - ba0f7ce0-9099-4aca-b97a-21c3d5e7bc75-SegmentedRaftLogWorker:Storage Directory /workdir/hadoop-ozone/ozonefs/target/test-dir/MiniOzoneClusterImpl-65f4c353-11bb-4244-81c6-ae95f2aeb9fd/datanode-1/data/ratis/3a8394fd-dc5c-475b-828a-97ea7aea26ae: created new log segment /workdir/hadoop-ozone/ozonefs/target/test-dir/MiniOzoneClusterImpl-65f4c353-11bb-4244-81c6-ae95f2aeb9fd/datanode-1/data/ratis/3a8394fd-dc5c-475b-828a-97ea7aea26ae/current/log_inprogress_0
2019-09-19 16:56:00,338 [699d69fc-f19c-45be-ba24-43c39d7e4d34-SegmentedRaftLogWorker:Storage Directory /workdir/hadoop-ozone/ozonefs/target/test-dir/MiniOzoneClusterImpl-65f4c353-11bb-4244-81c6-ae95f2aeb9fd/datanode-0/data/ratis/48c1929f-b9ba-4f5e-af2c-b9f44897703b] INFO  segmented.SegmentedRaftLogWorker (SegmentedRaftLogWorker.java:execute(569)) - 699d69fc-f19c-45be-ba24-43c39d7e4d34-SegmentedRaftLogWorker:Storage Directory /workdir/hadoop-ozone/ozonefs/target/test-dir/MiniOzoneClusterImpl-65f4c353-11bb-4244-81c6-ae95f2aeb9fd/datanode-0/data/ratis/48c1929f-b9ba-4f5e-af2c-b9f44897703b: created new log segment /workdir/hadoop-ozone/ozonefs/target/test-dir/MiniOzoneClusterImpl-65f4c353-11bb-4244-81c6-ae95f2aeb9fd/datanode-0/data/ratis/48c1929f-b9ba-4f5e-af2c-b9f44897703b/current/log_inprogress_0
2019-09-19 16:56:00,339 [ba0f7ce0-9099-4aca-b97a-21c3d5e7bc75:group-5B59646A4CC7:LeaderElection96] INFO  impl.RoleInfo (RoleInfo.java:shutdownLeaderElection(134)) - ba0f7ce0-9099-4aca-b97a-21c3d5e7bc75: shutdown LeaderElection
2019-09-19 16:56:00,339 [ba0f7ce0-9099-4aca-b97a-21c3d5e7bc75:group-5B59646A4CC7:LeaderElection96] INFO  impl.RaftServerImpl (RaftServerImpl.java:setRole(171)) - ba0f7ce0-9099-4aca-b97a-21c3d5e7bc75:group-5B59646A4CC7 changes role from CANDIDATE to LEADER at term 1 for changeToLeader
2019-09-19 16:56:00,339 [ba0f7ce0-9099-4aca-b97a-21c3d5e7bc75:group-5B59646A4CC7:LeaderElection96] INFO  impl.RaftServerImpl (ServerState.java:setLeader(263)) - ba0f7ce0-9099-4aca-b97a-21c3d5e7bc75:group-5B59646A4CC7 change Leader from null to ba0f7ce0-9099-4aca-b97a-21c3d5e7bc75 at term 1 for becomeLeader, leader elected after 5059ms
2019-09-19 16:56:00,339 [ba0f7ce0-9099-4aca-b97a-21c3d5e7bc75:group-5B59646A4CC7:LeaderElection96] INFO  server.RaftServerConfigKeys (ConfUtils.java:logGet(43)) - raft.server.staging.catchup.gap = 1000 (default)
2019-09-19 16:56:00,339 [ba0f7ce0-9099-4aca-b97a-21c3d5e7bc75:group-5B59646A4CC7:LeaderElection96] INFO  server.RaftServerConfigKeys (ConfUtils.java:logGet(43)) - raft.server.rpc.sleep.time = 25ms (default)
2019-09-19 16:56:00,340 [ba0f7ce0-9099-4aca-b97a-21c3d5e7bc75:group-5B59646A4CC7:LeaderElection96] INFO  server.RaftServerConfigKeys (ConfUtils.java:logGet(43)) - raft.server.write.element-limit = 4096 (default)
2019-09-19 16:56:00,340 [ba0f7ce0-9099-4aca-b97a-21c3d5e7bc75:group-5B59646A4CC7:LeaderElection96] INFO  server.RaftServerConfigKeys (ConfUtils.java:logGet(43)) - raft.server.watch.timeout = 10s (default)
2019-09-19 16:56:00,340 [ba0f7ce0-9099-4aca-b97a-21c3d5e7bc75:group-5B59646A4CC7:LeaderElection96] INFO  server.RaftServerConfigKeys (ConfUtils.java:logGet(43)) - raft.server.watch.timeout.denomination = 1s (default)
2019-09-19 16:56:00,340 [ba0f7ce0-9099-4aca-b97a-21c3d5e7bc75:group-5B59646A4CC7:LeaderElection96] INFO  server.RaftServerConfigKeys (ConfUtils.java:logGet(43)) - raft.server.watch.element-limit = 65536 (default)
2019-09-19 16:56:00,340 [ba0f7ce0-9099-4aca-b97a-21c3d5e7bc75:group-5B59646A4CC7:LeaderElection96] INFO  impl.RoleInfo (RoleInfo.java:updateAndGet(143)) - ba0f7ce0-9099-4aca-b97a-21c3d5e7bc75: start LeaderState
2019-09-19 16:56:00,340 [ba0f7ce0-9099-4aca-b97a-21c3d5e7bc75:group-5B59646A4CC7:LeaderElection96] INFO  segmented.SegmentedRaftLogWorker (SegmentedRaftLogWorker.java:startLogSegment(380)) - ba0f7ce0-9099-4aca-b97a-21c3d5e7bc75-SegmentedRaftLogWorker:Storage Directory /workdir/hadoop-ozone/ozonefs/target/test-dir/MiniOzoneClusterImpl-65f4c353-11bb-4244-81c6-ae95f2aeb9fd/datanode-1/data/ratis/185be717-4315-4a69-aebc-5b59646a4cc7: Starting segment from index:0
2019-09-19 16:56:00,341 [ba0f7ce0-9099-4aca-b97a-21c3d5e7bc75:group-5B59646A4CC7:LeaderElection96] INFO  impl.RaftServerImpl (ServerState.java:setRaftConf(361)) - ba0f7ce0-9099-4aca-b97a-21c3d5e7bc75:group-5B59646A4CC7 set configuration 0: [ba0f7ce0-9099-4aca-b97a-21c3d5e7bc75:192.168.157.226:36543], old=null at 0
2019-09-19 16:56:00,362 [Thread-1524] INFO  impl.FollowerState (FollowerState.java:run(106)) - ba0f7ce0-9099-4aca-b97a-21c3d5e7bc75:group-1A2F3C9BC749 changes to CANDIDATE, lastRpcTime:5099, electionTimeout:5099ms
2019-09-19 16:56:00,362 [Thread-1524] INFO  impl.RoleInfo (RoleInfo.java:shutdownFollowerState(121)) - ba0f7ce0-9099-4aca-b97a-21c3d5e7bc75: shutdown FollowerState
2019-09-19 16:56:00,362 [Thread-1524] INFO  impl.RaftServerImpl (RaftServerImpl.java:setRole(171)) - ba0f7ce0-9099-4aca-b97a-21c3d5e7bc75:group-1A2F3C9BC749 changes role from FOLLOWER to CANDIDATE at term 0 for changeToCandidate
2019-09-19 16:56:00,362 [Thread-1524] INFO  impl.RoleInfo (RoleInfo.java:updateAndGet(143)) - ba0f7ce0-9099-4aca-b97a-21c3d5e7bc75: start LeaderElection
2019-09-19 16:56:00,381 [ba0f7ce0-9099-4aca-b97a-21c3d5e7bc75-SegmentedRaftLogWorker:Storage Directory /workdir/hadoop-ozone/ozonefs/target/test-dir/MiniOzoneClusterImpl-65f4c353-11bb-4244-81c6-ae95f2aeb9fd/datanode-1/data/ratis/185be717-4315-4a69-aebc-5b59646a4cc7] INFO  segmented.SegmentedRaftLogWorker (SegmentedRaftLogWorker.java:execute(569)) - ba0f7ce0-9099-4aca-b97a-21c3d5e7bc75-SegmentedRaftLogWorker:Storage Directory /workdir/hadoop-ozone/ozonefs/target/test-dir/MiniOzoneClusterImpl-65f4c353-11bb-4244-81c6-ae95f2aeb9fd/datanode-1/data/ratis/185be717-4315-4a69-aebc-5b59646a4cc7: created new log segment /workdir/hadoop-ozone/ozonefs/target/test-dir/MiniOzoneClusterImpl-65f4c353-11bb-4244-81c6-ae95f2aeb9fd/datanode-1/data/ratis/185be717-4315-4a69-aebc-5b59646a4cc7/current/log_inprogress_0
2019-09-19 16:56:00,381 [ba0f7ce0-9099-4aca-b97a-21c3d5e7bc75:group-1A2F3C9BC749:LeaderElection97] INFO  impl.LeaderElection (LeaderElection.java:askForVotes(181)) - ba0f7ce0-9099-4aca-b97a-21c3d5e7bc75:group-1A2F3C9BC749:LeaderElection97: begin an election at term 1 for -1: [ba0f7ce0-9099-4aca-b97a-21c3d5e7bc75:192.168.157.226:36543], old=null
2019-09-19 16:56:00,382 [ba0f7ce0-9099-4aca-b97a-21c3d5e7bc75:group-1A2F3C9BC749:LeaderElection97] INFO  impl.RoleInfo (RoleInfo.java:shutdownLeaderElection(134)) - ba0f7ce0-9099-4aca-b97a-21c3d5e7bc75: shutdown LeaderElection
2019-09-19 16:56:00,382 [ba0f7ce0-9099-4aca-b97a-21c3d5e7bc75:group-1A2F3C9BC749:LeaderElection97] INFO  impl.RaftServerImpl (RaftServerImpl.java:setRole(171)) - ba0f7ce0-9099-4aca-b97a-21c3d5e7bc75:group-1A2F3C9BC749 changes role from CANDIDATE to LEADER at term 1 for changeToLeader
2019-09-19 16:56:00,382 [ba0f7ce0-9099-4aca-b97a-21c3d5e7bc75:group-1A2F3C9BC749:LeaderElection97] INFO  impl.RaftServerImpl (ServerState.java:setLeader(263)) - ba0f7ce0-9099-4aca-b97a-21c3d5e7bc75:group-1A2F3C9BC749 change Leader from null to ba0f7ce0-9099-4aca-b97a-21c3d5e7bc75 at term 1 for becomeLeader, leader elected after 5123ms
2019-09-19 16:56:00,382 [ba0f7ce0-9099-4aca-b97a-21c3d5e7bc75:group-1A2F3C9BC749:LeaderElection97] INFO  server.RaftServerConfigKeys (ConfUtils.java:logGet(43)) - raft.server.staging.catchup.gap = 1000 (default)
2019-09-19 16:56:00,382 [ba0f7ce0-9099-4aca-b97a-21c3d5e7bc75:group-1A2F3C9BC749:LeaderElection97] INFO  server.RaftServerConfigKeys (ConfUtils.java:logGet(43)) - raft.server.rpc.sleep.time = 25ms (default)
2019-09-19 16:56:00,383 [ba0f7ce0-9099-4aca-b97a-21c3d5e7bc75:group-1A2F3C9BC749:LeaderElection97] INFO  server.RaftServerConfigKeys (ConfUtils.java:logGet(43)) - raft.server.write.element-limit = 4096 (default)
2019-09-19 16:56:00,383 [ba0f7ce0-9099-4aca-b97a-21c3d5e7bc75:group-1A2F3C9BC749:LeaderElection97] INFO  server.RaftServerConfigKeys (ConfUtils.java:logGet(43)) - raft.server.watch.timeout = 10s (default)
2019-09-19 16:56:00,383 [ba0f7ce0-9099-4aca-b97a-21c3d5e7bc75:group-1A2F3C9BC749:LeaderElection97] INFO  server.RaftServerConfigKeys (ConfUtils.java:logGet(43)) - raft.server.watch.timeout.denomination = 1s (default)
2019-09-19 16:56:00,383 [ba0f7ce0-9099-4aca-b97a-21c3d5e7bc75:group-1A2F3C9BC749:LeaderElection97] INFO  server.RaftServerConfigKeys (ConfUtils.java:logGet(43)) - raft.server.watch.element-limit = 65536 (default)
2019-09-19 16:56:00,384 [ba0f7ce0-9099-4aca-b97a-21c3d5e7bc75:group-1A2F3C9BC749:LeaderElection97] INFO  impl.RoleInfo (RoleInfo.java:updateAndGet(143)) - ba0f7ce0-9099-4aca-b97a-21c3d5e7bc75: start LeaderState
2019-09-19 16:56:00,384 [ba0f7ce0-9099-4aca-b97a-21c3d5e7bc75:group-1A2F3C9BC749:LeaderElection97] INFO  segmented.SegmentedRaftLogWorker (SegmentedRaftLogWorker.java:startLogSegment(380)) - ba0f7ce0-9099-4aca-b97a-21c3d5e7bc75-SegmentedRaftLogWorker:Storage Directory /workdir/hadoop-ozone/ozonefs/target/test-dir/MiniOzoneClusterImpl-65f4c353-11bb-4244-81c6-ae95f2aeb9fd/datanode-1/data/ratis/9e6ca57a-8ffa-4aee-bd32-1a2f3c9bc749: Starting segment from index:0
2019-09-19 16:56:00,385 [ba0f7ce0-9099-4aca-b97a-21c3d5e7bc75:group-1A2F3C9BC749:LeaderElection97] INFO  impl.RaftServerImpl (ServerState.java:setRaftConf(361)) - ba0f7ce0-9099-4aca-b97a-21c3d5e7bc75:group-1A2F3C9BC749 set configuration 0: [ba0f7ce0-9099-4aca-b97a-21c3d5e7bc75:192.168.157.226:36543], old=null at 0
2019-09-19 16:56:00,392 [Thread-1518] INFO  impl.FollowerState (FollowerState.java:run(106)) - 699d69fc-f19c-45be-ba24-43c39d7e4d34:group-A3B53365613B changes to CANDIDATE, lastRpcTime:5181, electionTimeout:5181ms
2019-09-19 16:56:00,392 [Thread-1518] INFO  impl.RoleInfo (RoleInfo.java:shutdownFollowerState(121)) - 699d69fc-f19c-45be-ba24-43c39d7e4d34: shutdown FollowerState
2019-09-19 16:56:00,393 [Thread-1518] INFO  impl.RaftServerImpl (RaftServerImpl.java:setRole(171)) - 699d69fc-f19c-45be-ba24-43c39d7e4d34:group-A3B53365613B changes role from FOLLOWER to CANDIDATE at term 0 for changeToCandidate
2019-09-19 16:56:00,393 [Thread-1518] INFO  impl.RoleInfo (RoleInfo.java:updateAndGet(143)) - 699d69fc-f19c-45be-ba24-43c39d7e4d34: start LeaderElection
2019-09-19 16:56:00,427 [Thread-1533] INFO  impl.FollowerState (FollowerState.java:run(106)) - ba0f7ce0-9099-4aca-b97a-21c3d5e7bc75:group-6E872F882069 changes to CANDIDATE, lastRpcTime:5080, electionTimeout:5066ms
2019-09-19 16:56:00,428 [Thread-1533] INFO  impl.RoleInfo (RoleInfo.java:shutdownFollowerState(121)) - ba0f7ce0-9099-4aca-b97a-21c3d5e7bc75: shutdown FollowerState
2019-09-19 16:56:00,428 [Thread-1533] INFO  impl.RaftServerImpl (RaftServerImpl.java:setRole(171)) - ba0f7ce0-9099-4aca-b97a-21c3d5e7bc75:group-6E872F882069 changes role from FOLLOWER to CANDIDATE at term 0 for changeToCandidate
2019-09-19 16:56:00,428 [Thread-1533] INFO  impl.RoleInfo (RoleInfo.java:updateAndGet(143)) - ba0f7ce0-9099-4aca-b97a-21c3d5e7bc75: start LeaderElection
2019-09-19 16:56:00,430 | INFO  | SCMAudit | user=jenkins1000 | ip=192.168.157.226 | op=SEND_HEARTBEAT {datanodeUUID=1e7690c8-db9a-4ad6-a3a5-5d50f051c03b, command=[]} | ret=SUCCESS |  
2019-09-19 16:56:00,440 [ba0f7ce0-9099-4aca-b97a-21c3d5e7bc75-SegmentedRaftLogWorker:Storage Directory /workdir/hadoop-ozone/ozonefs/target/test-dir/MiniOzoneClusterImpl-65f4c353-11bb-4244-81c6-ae95f2aeb9fd/datanode-1/data/ratis/9e6ca57a-8ffa-4aee-bd32-1a2f3c9bc749] INFO  segmented.SegmentedRaftLogWorker (SegmentedRaftLogWorker.java:execute(569)) - ba0f7ce0-9099-4aca-b97a-21c3d5e7bc75-SegmentedRaftLogWorker:Storage Directory /workdir/hadoop-ozone/ozonefs/target/test-dir/MiniOzoneClusterImpl-65f4c353-11bb-4244-81c6-ae95f2aeb9fd/datanode-1/data/ratis/9e6ca57a-8ffa-4aee-bd32-1a2f3c9bc749: created new log segment /workdir/hadoop-ozone/ozonefs/target/test-dir/MiniOzoneClusterImpl-65f4c353-11bb-4244-81c6-ae95f2aeb9fd/datanode-1/data/ratis/9e6ca57a-8ffa-4aee-bd32-1a2f3c9bc749/current/log_inprogress_0
2019-09-19 16:56:00,440 [ba0f7ce0-9099-4aca-b97a-21c3d5e7bc75:group-6E872F882069:LeaderElection99] INFO  impl.LeaderElection (LeaderElection.java:askForVotes(181)) - ba0f7ce0-9099-4aca-b97a-21c3d5e7bc75:group-6E872F882069:LeaderElection99: begin an election at term 1 for -1: [ba0f7ce0-9099-4aca-b97a-21c3d5e7bc75:192.168.157.226:36543], old=null
2019-09-19 16:56:00,440 [699d69fc-f19c-45be-ba24-43c39d7e4d34:group-A3B53365613B:LeaderElection98] INFO  impl.LeaderElection (LeaderElection.java:askForVotes(181)) - 699d69fc-f19c-45be-ba24-43c39d7e4d34:group-A3B53365613B:LeaderElection98: begin an election at term 1 for -1: [699d69fc-f19c-45be-ba24-43c39d7e4d34:192.168.157.226:41018], old=null
2019-09-19 16:56:00,440 [ba0f7ce0-9099-4aca-b97a-21c3d5e7bc75:group-6E872F882069:LeaderElection99] INFO  impl.RoleInfo (RoleInfo.java:shutdownLeaderElection(134)) - ba0f7ce0-9099-4aca-b97a-21c3d5e7bc75: shutdown LeaderElection
2019-09-19 16:56:00,441 [699d69fc-f19c-45be-ba24-43c39d7e4d34:group-A3B53365613B:LeaderElection98] INFO  impl.RoleInfo (RoleInfo.java:shutdownLeaderElection(134)) - 699d69fc-f19c-45be-ba24-43c39d7e4d34: shutdown LeaderElection
2019-09-19 16:56:00,441 [ba0f7ce0-9099-4aca-b97a-21c3d5e7bc75:group-6E872F882069:LeaderElection99] INFO  impl.RaftServerImpl (RaftServerImpl.java:setRole(171)) - ba0f7ce0-9099-4aca-b97a-21c3d5e7bc75:group-6E872F882069 changes role from CANDIDATE to LEADER at term 1 for changeToLeader
2019-09-19 16:56:00,441 [699d69fc-f19c-45be-ba24-43c39d7e4d34:group-A3B53365613B:LeaderElection98] INFO  impl.RaftServerImpl (RaftServerImpl.java:setRole(171)) - 699d69fc-f19c-45be-ba24-43c39d7e4d34:group-A3B53365613B changes role from CANDIDATE to LEADER at term 1 for changeToLeader
2019-09-19 16:56:00,441 [ba0f7ce0-9099-4aca-b97a-21c3d5e7bc75:group-6E872F882069:LeaderElection99] INFO  impl.RaftServerImpl (ServerState.java:setLeader(263)) - ba0f7ce0-9099-4aca-b97a-21c3d5e7bc75:group-6E872F882069 change Leader from null to ba0f7ce0-9099-4aca-b97a-21c3d5e7bc75 at term 1 for becomeLeader, leader elected after 5097ms
2019-09-19 16:56:00,441 [699d69fc-f19c-45be-ba24-43c39d7e4d34:group-A3B53365613B:LeaderElection98] INFO  impl.RaftServerImpl (ServerState.java:setLeader(263)) - 699d69fc-f19c-45be-ba24-43c39d7e4d34:group-A3B53365613B change Leader from null to 699d69fc-f19c-45be-ba24-43c39d7e4d34 at term 1 for becomeLeader, leader elected after 5233ms
2019-09-19 16:56:00,441 [ba0f7ce0-9099-4aca-b97a-21c3d5e7bc75:group-6E872F882069:LeaderElection99] INFO  server.RaftServerConfigKeys (ConfUtils.java:logGet(43)) - raft.server.staging.catchup.gap = 1000 (default)
2019-09-19 16:56:00,441 [699d69fc-f19c-45be-ba24-43c39d7e4d34:group-A3B53365613B:LeaderElection98] INFO  server.RaftServerConfigKeys (ConfUtils.java:logGet(43)) - raft.server.staging.catchup.gap = 1000 (default)
2019-09-19 16:56:00,441 [ba0f7ce0-9099-4aca-b97a-21c3d5e7bc75:group-6E872F882069:LeaderElection99] INFO  server.RaftServerConfigKeys (ConfUtils.java:logGet(43)) - raft.server.rpc.sleep.time = 25ms (default)
2019-09-19 16:56:00,441 [699d69fc-f19c-45be-ba24-43c39d7e4d34:group-A3B53365613B:LeaderElection98] INFO  server.RaftServerConfigKeys (ConfUtils.java:logGet(43)) - raft.server.rpc.sleep.time = 25ms (default)
2019-09-19 16:56:00,442 [ba0f7ce0-9099-4aca-b97a-21c3d5e7bc75:group-6E872F882069:LeaderElection99] INFO  server.RaftServerConfigKeys (ConfUtils.java:logGet(43)) - raft.server.write.element-limit = 4096 (default)
2019-09-19 16:56:00,442 [699d69fc-f19c-45be-ba24-43c39d7e4d34:group-A3B53365613B:LeaderElection98] INFO  server.RaftServerConfigKeys (ConfUtils.java:logGet(43)) - raft.server.write.element-limit = 4096 (default)
2019-09-19 16:56:00,442 [ba0f7ce0-9099-4aca-b97a-21c3d5e7bc75:group-6E872F882069:LeaderElection99] INFO  server.RaftServerConfigKeys (ConfUtils.java:logGet(43)) - raft.server.watch.timeout = 10s (default)
2019-09-19 16:56:00,442 [699d69fc-f19c-45be-ba24-43c39d7e4d34:group-A3B53365613B:LeaderElection98] INFO  server.RaftServerConfigKeys (ConfUtils.java:logGet(43)) - raft.server.watch.timeout = 10s (default)
2019-09-19 16:56:00,442 [ba0f7ce0-9099-4aca-b97a-21c3d5e7bc75:group-6E872F882069:LeaderElection99] INFO  server.RaftServerConfigKeys (ConfUtils.java:logGet(43)) - raft.server.watch.timeout.denomination = 1s (default)
2019-09-19 16:56:00,442 [699d69fc-f19c-45be-ba24-43c39d7e4d34:group-A3B53365613B:LeaderElection98] INFO  server.RaftServerConfigKeys (ConfUtils.java:logGet(43)) - raft.server.watch.timeout.denomination = 1s (default)
2019-09-19 16:56:00,442 [ba0f7ce0-9099-4aca-b97a-21c3d5e7bc75:group-6E872F882069:LeaderElection99] INFO  server.RaftServerConfigKeys (ConfUtils.java:logGet(43)) - raft.server.watch.element-limit = 65536 (default)
2019-09-19 16:56:00,443 [699d69fc-f19c-45be-ba24-43c39d7e4d34:group-A3B53365613B:LeaderElection98] INFO  server.RaftServerConfigKeys (ConfUtils.java:logGet(43)) - raft.server.watch.element-limit = 65536 (default)
2019-09-19 16:56:00,443 [ba0f7ce0-9099-4aca-b97a-21c3d5e7bc75:group-6E872F882069:LeaderElection99] INFO  impl.RoleInfo (RoleInfo.java:updateAndGet(143)) - ba0f7ce0-9099-4aca-b97a-21c3d5e7bc75: start LeaderState
2019-09-19 16:56:00,443 [699d69fc-f19c-45be-ba24-43c39d7e4d34:group-A3B53365613B:LeaderElection98] INFO  impl.RoleInfo (RoleInfo.java:updateAndGet(143)) - 699d69fc-f19c-45be-ba24-43c39d7e4d34: start LeaderState
2019-09-19 16:56:00,443 [ba0f7ce0-9099-4aca-b97a-21c3d5e7bc75:group-6E872F882069:LeaderElection99] INFO  segmented.SegmentedRaftLogWorker (SegmentedRaftLogWorker.java:startLogSegment(380)) - ba0f7ce0-9099-4aca-b97a-21c3d5e7bc75-SegmentedRaftLogWorker:Storage Directory /workdir/hadoop-ozone/ozonefs/target/test-dir/MiniOzoneClusterImpl-65f4c353-11bb-4244-81c6-ae95f2aeb9fd/datanode-1/data/ratis/9c2946ae-8050-4731-bc3c-6e872f882069: Starting segment from index:0
2019-09-19 16:56:00,443 [699d69fc-f19c-45be-ba24-43c39d7e4d34:group-A3B53365613B:LeaderElection98] INFO  segmented.SegmentedRaftLogWorker (SegmentedRaftLogWorker.java:startLogSegment(380)) - 699d69fc-f19c-45be-ba24-43c39d7e4d34-SegmentedRaftLogWorker:Storage Directory /workdir/hadoop-ozone/ozonefs/target/test-dir/MiniOzoneClusterImpl-65f4c353-11bb-4244-81c6-ae95f2aeb9fd/datanode-0/data/ratis/b7f24777-2f40-4eec-9e11-a3b53365613b: Starting segment from index:0
2019-09-19 16:56:00,444 [ba0f7ce0-9099-4aca-b97a-21c3d5e7bc75:group-6E872F882069:LeaderElection99] INFO  impl.RaftServerImpl (ServerState.java:setRaftConf(361)) - ba0f7ce0-9099-4aca-b97a-21c3d5e7bc75:group-6E872F882069 set configuration 0: [ba0f7ce0-9099-4aca-b97a-21c3d5e7bc75:192.168.157.226:36543], old=null at 0
2019-09-19 16:56:00,444 [699d69fc-f19c-45be-ba24-43c39d7e4d34:group-A3B53365613B:LeaderElection98] INFO  impl.RaftServerImpl (ServerState.java:setRaftConf(361)) - 699d69fc-f19c-45be-ba24-43c39d7e4d34:group-A3B53365613B set configuration 0: [699d69fc-f19c-45be-ba24-43c39d7e4d34:192.168.157.226:41018], old=null at 0
2019-09-19 16:56:00,472 [Thread-1530] INFO  impl.FollowerState (FollowerState.java:run(106)) - ba0f7ce0-9099-4aca-b97a-21c3d5e7bc75:group-8B1D76F22324 changes to CANDIDATE, lastRpcTime:5163, electionTimeout:5163ms
2019-09-19 16:56:00,472 [Thread-1530] INFO  impl.RoleInfo (RoleInfo.java:shutdownFollowerState(121)) - ba0f7ce0-9099-4aca-b97a-21c3d5e7bc75: shutdown FollowerState
2019-09-19 16:56:00,472 [Thread-1530] INFO  impl.RaftServerImpl (RaftServerImpl.java:setRole(171)) - ba0f7ce0-9099-4aca-b97a-21c3d5e7bc75:group-8B1D76F22324 changes role from FOLLOWER to CANDIDATE at term 0 for changeToCandidate
2019-09-19 16:56:00,472 [Thread-1530] INFO  impl.RoleInfo (RoleInfo.java:updateAndGet(143)) - ba0f7ce0-9099-4aca-b97a-21c3d5e7bc75: start LeaderElection
2019-09-19 16:56:00,483 [ba0f7ce0-9099-4aca-b97a-21c3d5e7bc75-SegmentedRaftLogWorker:Storage Directory /workdir/hadoop-ozone/ozonefs/target/test-dir/MiniOzoneClusterImpl-65f4c353-11bb-4244-81c6-ae95f2aeb9fd/datanode-1/data/ratis/9c2946ae-8050-4731-bc3c-6e872f882069] INFO  segmented.SegmentedRaftLogWorker (SegmentedRaftLogWorker.java:execute(569)) - ba0f7ce0-9099-4aca-b97a-21c3d5e7bc75-SegmentedRaftLogWorker:Storage Directory /workdir/hadoop-ozone/ozonefs/target/test-dir/MiniOzoneClusterImpl-65f4c353-11bb-4244-81c6-ae95f2aeb9fd/datanode-1/data/ratis/9c2946ae-8050-4731-bc3c-6e872f882069: created new log segment /workdir/hadoop-ozone/ozonefs/target/test-dir/MiniOzoneClusterImpl-65f4c353-11bb-4244-81c6-ae95f2aeb9fd/datanode-1/data/ratis/9c2946ae-8050-4731-bc3c-6e872f882069/current/log_inprogress_0
2019-09-19 16:56:00,484 [ba0f7ce0-9099-4aca-b97a-21c3d5e7bc75:group-8B1D76F22324:LeaderElection100] INFO  impl.LeaderElection (LeaderElection.java:askForVotes(181)) - ba0f7ce0-9099-4aca-b97a-21c3d5e7bc75:group-8B1D76F22324:LeaderElection100: begin an election at term 1 for -1: [ba0f7ce0-9099-4aca-b97a-21c3d5e7bc75:192.168.157.226:36543], old=null
2019-09-19 16:56:00,483 [699d69fc-f19c-45be-ba24-43c39d7e4d34-SegmentedRaftLogWorker:Storage Directory /workdir/hadoop-ozone/ozonefs/target/test-dir/MiniOzoneClusterImpl-65f4c353-11bb-4244-81c6-ae95f2aeb9fd/datanode-0/data/ratis/b7f24777-2f40-4eec-9e11-a3b53365613b] INFO  segmented.SegmentedRaftLogWorker (SegmentedRaftLogWorker.java:execute(569)) - 699d69fc-f19c-45be-ba24-43c39d7e4d34-SegmentedRaftLogWorker:Storage Directory /workdir/hadoop-ozone/ozonefs/target/test-dir/MiniOzoneClusterImpl-65f4c353-11bb-4244-81c6-ae95f2aeb9fd/datanode-0/data/ratis/b7f24777-2f40-4eec-9e11-a3b53365613b: created new log segment /workdir/hadoop-ozone/ozonefs/target/test-dir/MiniOzoneClusterImpl-65f4c353-11bb-4244-81c6-ae95f2aeb9fd/datanode-0/data/ratis/b7f24777-2f40-4eec-9e11-a3b53365613b/current/log_inprogress_0
2019-09-19 16:56:00,484 [ba0f7ce0-9099-4aca-b97a-21c3d5e7bc75:group-8B1D76F22324:LeaderElection100] INFO  impl.RoleInfo (RoleInfo.java:shutdownLeaderElection(134)) - ba0f7ce0-9099-4aca-b97a-21c3d5e7bc75: shutdown LeaderElection
2019-09-19 16:56:00,484 [ba0f7ce0-9099-4aca-b97a-21c3d5e7bc75:group-8B1D76F22324:LeaderElection100] INFO  impl.RaftServerImpl (RaftServerImpl.java:setRole(171)) - ba0f7ce0-9099-4aca-b97a-21c3d5e7bc75:group-8B1D76F22324 changes role from CANDIDATE to LEADER at term 1 for changeToLeader
2019-09-19 16:56:00,484 [ba0f7ce0-9099-4aca-b97a-21c3d5e7bc75:group-8B1D76F22324:LeaderElection100] INFO  impl.RaftServerImpl (ServerState.java:setLeader(263)) - ba0f7ce0-9099-4aca-b97a-21c3d5e7bc75:group-8B1D76F22324 change Leader from null to ba0f7ce0-9099-4aca-b97a-21c3d5e7bc75 at term 1 for becomeLeader, leader elected after 5178ms
2019-09-19 16:56:00,484 [ba0f7ce0-9099-4aca-b97a-21c3d5e7bc75:group-8B1D76F22324:LeaderElection100] INFO  server.RaftServerConfigKeys (ConfUtils.java:logGet(43)) - raft.server.staging.catchup.gap = 1000 (default)
2019-09-19 16:56:00,484 [ba0f7ce0-9099-4aca-b97a-21c3d5e7bc75:group-8B1D76F22324:LeaderElection100] INFO  server.RaftServerConfigKeys (ConfUtils.java:logGet(43)) - raft.server.rpc.sleep.time = 25ms (default)
2019-09-19 16:56:00,484 [ba0f7ce0-9099-4aca-b97a-21c3d5e7bc75:group-8B1D76F22324:LeaderElection100] INFO  server.RaftServerConfigKeys (ConfUtils.java:logGet(43)) - raft.server.write.element-limit = 4096 (default)
2019-09-19 16:56:00,485 [ba0f7ce0-9099-4aca-b97a-21c3d5e7bc75:group-8B1D76F22324:LeaderElection100] INFO  server.RaftServerConfigKeys (ConfUtils.java:logGet(43)) - raft.server.watch.timeout = 10s (default)
2019-09-19 16:56:00,485 [ba0f7ce0-9099-4aca-b97a-21c3d5e7bc75:group-8B1D76F22324:LeaderElection100] INFO  server.RaftServerConfigKeys (ConfUtils.java:logGet(43)) - raft.server.watch.timeout.denomination = 1s (default)
2019-09-19 16:56:00,485 [ba0f7ce0-9099-4aca-b97a-21c3d5e7bc75:group-8B1D76F22324:LeaderElection100] INFO  server.RaftServerConfigKeys (ConfUtils.java:logGet(43)) - raft.server.watch.element-limit = 65536 (default)
2019-09-19 16:56:00,485 [ba0f7ce0-9099-4aca-b97a-21c3d5e7bc75:group-8B1D76F22324:LeaderElection100] INFO  impl.RoleInfo (RoleInfo.java:updateAndGet(143)) - ba0f7ce0-9099-4aca-b97a-21c3d5e7bc75: start LeaderState
2019-09-19 16:56:00,485 [ba0f7ce0-9099-4aca-b97a-21c3d5e7bc75:group-8B1D76F22324:LeaderElection100] INFO  segmented.SegmentedRaftLogWorker (SegmentedRaftLogWorker.java:startLogSegment(380)) - ba0f7ce0-9099-4aca-b97a-21c3d5e7bc75-SegmentedRaftLogWorker:Storage Directory /workdir/hadoop-ozone/ozonefs/target/test-dir/MiniOzoneClusterImpl-65f4c353-11bb-4244-81c6-ae95f2aeb9fd/datanode-1/data/ratis/0b6eeab3-fae8-4f3f-ba7a-8b1d76f22324: Starting segment from index:0
2019-09-19 16:56:00,486 [ba0f7ce0-9099-4aca-b97a-21c3d5e7bc75:group-8B1D76F22324:LeaderElection100] INFO  impl.RaftServerImpl (ServerState.java:setRaftConf(361)) - ba0f7ce0-9099-4aca-b97a-21c3d5e7bc75:group-8B1D76F22324 set configuration 0: [ba0f7ce0-9099-4aca-b97a-21c3d5e7bc75:192.168.157.226:36543], old=null at 0
2019-09-19 16:56:00,518 [Thread-1536] INFO  impl.FollowerState (FollowerState.java:run(106)) - ba0f7ce0-9099-4aca-b97a-21c3d5e7bc75:group-EB90CF884F5D changes to CANDIDATE, lastRpcTime:5134, electionTimeout:5134ms
2019-09-19 16:56:00,519 [Thread-1536] INFO  impl.RoleInfo (RoleInfo.java:shutdownFollowerState(121)) - ba0f7ce0-9099-4aca-b97a-21c3d5e7bc75: shutdown FollowerState
2019-09-19 16:56:00,519 [Thread-1536] INFO  impl.RaftServerImpl (RaftServerImpl.java:setRole(171)) - ba0f7ce0-9099-4aca-b97a-21c3d5e7bc75:group-EB90CF884F5D changes role from FOLLOWER to CANDIDATE at term 0 for changeToCandidate
2019-09-19 16:56:00,519 [Thread-1536] INFO  impl.RoleInfo (RoleInfo.java:updateAndGet(143)) - ba0f7ce0-9099-4aca-b97a-21c3d5e7bc75: start LeaderElection
2019-09-19 16:56:00,550 [ba0f7ce0-9099-4aca-b97a-21c3d5e7bc75-SegmentedRaftLogWorker:Storage Directory /workdir/hadoop-ozone/ozonefs/target/test-dir/MiniOzoneClusterImpl-65f4c353-11bb-4244-81c6-ae95f2aeb9fd/datanode-1/data/ratis/0b6eeab3-fae8-4f3f-ba7a-8b1d76f22324] INFO  segmented.SegmentedRaftLogWorker (SegmentedRaftLogWorker.java:execute(569)) - ba0f7ce0-9099-4aca-b97a-21c3d5e7bc75-SegmentedRaftLogWorker:Storage Directory /workdir/hadoop-ozone/ozonefs/target/test-dir/MiniOzoneClusterImpl-65f4c353-11bb-4244-81c6-ae95f2aeb9fd/datanode-1/data/ratis/0b6eeab3-fae8-4f3f-ba7a-8b1d76f22324: created new log segment /workdir/hadoop-ozone/ozonefs/target/test-dir/MiniOzoneClusterImpl-65f4c353-11bb-4244-81c6-ae95f2aeb9fd/datanode-1/data/ratis/0b6eeab3-fae8-4f3f-ba7a-8b1d76f22324/current/log_inprogress_0
2019-09-19 16:56:00,550 [ba0f7ce0-9099-4aca-b97a-21c3d5e7bc75:group-EB90CF884F5D:LeaderElection101] INFO  impl.LeaderElection (LeaderElection.java:askForVotes(181)) - ba0f7ce0-9099-4aca-b97a-21c3d5e7bc75:group-EB90CF884F5D:LeaderElection101: begin an election at term 1 for -1: [ba0f7ce0-9099-4aca-b97a-21c3d5e7bc75:192.168.157.226:36543], old=null
2019-09-19 16:56:00,550 [ba0f7ce0-9099-4aca-b97a-21c3d5e7bc75:group-EB90CF884F5D:LeaderElection101] INFO  impl.RoleInfo (RoleInfo.java:shutdownLeaderElection(134)) - ba0f7ce0-9099-4aca-b97a-21c3d5e7bc75: shutdown LeaderElection
2019-09-19 16:56:00,551 [ba0f7ce0-9099-4aca-b97a-21c3d5e7bc75:group-EB90CF884F5D:LeaderElection101] INFO  impl.RaftServerImpl (RaftServerImpl.java:setRole(171)) - ba0f7ce0-9099-4aca-b97a-21c3d5e7bc75:group-EB90CF884F5D changes role from CANDIDATE to LEADER at term 1 for changeToLeader
2019-09-19 16:56:00,551 [ba0f7ce0-9099-4aca-b97a-21c3d5e7bc75:group-EB90CF884F5D:LeaderElection101] INFO  impl.RaftServerImpl (ServerState.java:setLeader(263)) - ba0f7ce0-9099-4aca-b97a-21c3d5e7bc75:group-EB90CF884F5D change Leader from null to ba0f7ce0-9099-4aca-b97a-21c3d5e7bc75 at term 1 for becomeLeader, leader elected after 5169ms
2019-09-19 16:56:00,551 [ba0f7ce0-9099-4aca-b97a-21c3d5e7bc75:group-EB90CF884F5D:LeaderElection101] INFO  server.RaftServerConfigKeys (ConfUtils.java:logGet(43)) - raft.server.staging.catchup.gap = 1000 (default)
2019-09-19 16:56:00,551 [ba0f7ce0-9099-4aca-b97a-21c3d5e7bc75:group-EB90CF884F5D:LeaderElection101] INFO  server.RaftServerConfigKeys (ConfUtils.java:logGet(43)) - raft.server.rpc.sleep.time = 25ms (default)
2019-09-19 16:56:00,551 [ba0f7ce0-9099-4aca-b97a-21c3d5e7bc75:group-EB90CF884F5D:LeaderElection101] INFO  server.RaftServerConfigKeys (ConfUtils.java:logGet(43)) - raft.server.write.element-limit = 4096 (default)
2019-09-19 16:56:00,551 [ba0f7ce0-9099-4aca-b97a-21c3d5e7bc75:group-EB90CF884F5D:LeaderElection101] INFO  server.RaftServerConfigKeys (ConfUtils.java:logGet(43)) - raft.server.watch.timeout = 10s (default)
2019-09-19 16:56:00,551 [ba0f7ce0-9099-4aca-b97a-21c3d5e7bc75:group-EB90CF884F5D:LeaderElection101] INFO  server.RaftServerConfigKeys (ConfUtils.java:logGet(43)) - raft.server.watch.timeout.denomination = 1s (default)
2019-09-19 16:56:00,551 [ba0f7ce0-9099-4aca-b97a-21c3d5e7bc75:group-EB90CF884F5D:LeaderElection101] INFO  server.RaftServerConfigKeys (ConfUtils.java:logGet(43)) - raft.server.watch.element-limit = 65536 (default)
2019-09-19 16:56:00,552 [ba0f7ce0-9099-4aca-b97a-21c3d5e7bc75:group-EB90CF884F5D:LeaderElection101] INFO  impl.RoleInfo (RoleInfo.java:updateAndGet(143)) - ba0f7ce0-9099-4aca-b97a-21c3d5e7bc75: start LeaderState
2019-09-19 16:56:00,552 [ba0f7ce0-9099-4aca-b97a-21c3d5e7bc75:group-EB90CF884F5D:LeaderElection101] INFO  segmented.SegmentedRaftLogWorker (SegmentedRaftLogWorker.java:startLogSegment(380)) - ba0f7ce0-9099-4aca-b97a-21c3d5e7bc75-SegmentedRaftLogWorker:Storage Directory /workdir/hadoop-ozone/ozonefs/target/test-dir/MiniOzoneClusterImpl-65f4c353-11bb-4244-81c6-ae95f2aeb9fd/datanode-1/data/ratis/363ec449-2070-46d0-9586-eb90cf884f5d: Starting segment from index:0
2019-09-19 16:56:00,552 [ba0f7ce0-9099-4aca-b97a-21c3d5e7bc75:group-EB90CF884F5D:LeaderElection101] INFO  impl.RaftServerImpl (ServerState.java:setRaftConf(361)) - ba0f7ce0-9099-4aca-b97a-21c3d5e7bc75:group-EB90CF884F5D set configuration 0: [ba0f7ce0-9099-4aca-b97a-21c3d5e7bc75:192.168.157.226:36543], old=null at 0
2019-09-19 16:56:00,604 [ba0f7ce0-9099-4aca-b97a-21c3d5e7bc75-SegmentedRaftLogWorker:Storage Directory /workdir/hadoop-ozone/ozonefs/target/test-dir/MiniOzoneClusterImpl-65f4c353-11bb-4244-81c6-ae95f2aeb9fd/datanode-1/data/ratis/363ec449-2070-46d0-9586-eb90cf884f5d] INFO  segmented.SegmentedRaftLogWorker (SegmentedRaftLogWorker.java:execute(569)) - ba0f7ce0-9099-4aca-b97a-21c3d5e7bc75-SegmentedRaftLogWorker:Storage Directory /workdir/hadoop-ozone/ozonefs/target/test-dir/MiniOzoneClusterImpl-65f4c353-11bb-4244-81c6-ae95f2aeb9fd/datanode-1/data/ratis/363ec449-2070-46d0-9586-eb90cf884f5d: created new log segment /workdir/hadoop-ozone/ozonefs/target/test-dir/MiniOzoneClusterImpl-65f4c353-11bb-4244-81c6-ae95f2aeb9fd/datanode-1/data/ratis/363ec449-2070-46d0-9586-eb90cf884f5d/current/log_inprogress_0
2019-09-19 16:56:00,662 [Thread-1539] INFO  impl.FollowerState (FollowerState.java:run(106)) - 1e7690c8-db9a-4ad6-a3a5-5d50f051c03b:group-C70C8ABD82E1 changes to CANDIDATE, lastRpcTime:5200, electionTimeout:5200ms
2019-09-19 16:56:00,662 [Thread-1539] INFO  impl.RoleInfo (RoleInfo.java:shutdownFollowerState(121)) - 1e7690c8-db9a-4ad6-a3a5-5d50f051c03b: shutdown FollowerState
2019-09-19 16:56:00,663 [Thread-1539] INFO  impl.RaftServerImpl (RaftServerImpl.java:setRole(171)) - 1e7690c8-db9a-4ad6-a3a5-5d50f051c03b:group-C70C8ABD82E1 changes role from FOLLOWER to CANDIDATE at term 0 for changeToCandidate
2019-09-19 16:56:00,663 [Thread-1539] INFO  impl.RoleInfo (RoleInfo.java:updateAndGet(143)) - 1e7690c8-db9a-4ad6-a3a5-5d50f051c03b: start LeaderElection
2019-09-19 16:56:00,666 [Thread-1542] INFO  impl.FollowerState (FollowerState.java:run(106)) - 1e7690c8-db9a-4ad6-a3a5-5d50f051c03b:group-4E672DD554F8 changes to CANDIDATE, lastRpcTime:5160, electionTimeout:5160ms
2019-09-19 16:56:00,666 [Thread-1542] INFO  impl.RoleInfo (RoleInfo.java:shutdownFollowerState(121)) - 1e7690c8-db9a-4ad6-a3a5-5d50f051c03b: shutdown FollowerState
2019-09-19 16:56:00,666 [Thread-1542] INFO  impl.RaftServerImpl (RaftServerImpl.java:setRole(171)) - 1e7690c8-db9a-4ad6-a3a5-5d50f051c03b:group-4E672DD554F8 changes role from FOLLOWER to CANDIDATE at term 0 for changeToCandidate
2019-09-19 16:56:00,666 [Thread-1542] INFO  impl.RoleInfo (RoleInfo.java:updateAndGet(143)) - 1e7690c8-db9a-4ad6-a3a5-5d50f051c03b: start LeaderElection
2019-09-19 16:56:00,690 [1e7690c8-db9a-4ad6-a3a5-5d50f051c03b:group-4E672DD554F8:LeaderElection103] INFO  impl.LeaderElection (LeaderElection.java:askForVotes(181)) - 1e7690c8-db9a-4ad6-a3a5-5d50f051c03b:group-4E672DD554F8:LeaderElection103: begin an election at term 1 for -1: [1e7690c8-db9a-4ad6-a3a5-5d50f051c03b:192.168.157.226:40664], old=null
2019-09-19 16:56:00,690 [1e7690c8-db9a-4ad6-a3a5-5d50f051c03b:group-C70C8ABD82E1:LeaderElection102] INFO  impl.LeaderElection (LeaderElection.java:askForVotes(181)) - 1e7690c8-db9a-4ad6-a3a5-5d50f051c03b:group-C70C8ABD82E1:LeaderElection102: begin an election at term 1 for -1: [1e7690c8-db9a-4ad6-a3a5-5d50f051c03b:192.168.157.226:40664], old=null
2019-09-19 16:56:00,690 [1e7690c8-db9a-4ad6-a3a5-5d50f051c03b:group-4E672DD554F8:LeaderElection103] INFO  impl.RoleInfo (RoleInfo.java:shutdownLeaderElection(134)) - 1e7690c8-db9a-4ad6-a3a5-5d50f051c03b: shutdown LeaderElection
2019-09-19 16:56:00,690 [1e7690c8-db9a-4ad6-a3a5-5d50f051c03b:group-C70C8ABD82E1:LeaderElection102] INFO  impl.RoleInfo (RoleInfo.java:shutdownLeaderElection(134)) - 1e7690c8-db9a-4ad6-a3a5-5d50f051c03b: shutdown LeaderElection
2019-09-19 16:56:00,690 [1e7690c8-db9a-4ad6-a3a5-5d50f051c03b:group-4E672DD554F8:LeaderElection103] INFO  impl.RaftServerImpl (RaftServerImpl.java:setRole(171)) - 1e7690c8-db9a-4ad6-a3a5-5d50f051c03b:group-4E672DD554F8 changes role from CANDIDATE to LEADER at term 1 for changeToLeader
2019-09-19 16:56:00,690 [1e7690c8-db9a-4ad6-a3a5-5d50f051c03b:group-C70C8ABD82E1:LeaderElection102] INFO  impl.RaftServerImpl (RaftServerImpl.java:setRole(171)) - 1e7690c8-db9a-4ad6-a3a5-5d50f051c03b:group-C70C8ABD82E1 changes role from CANDIDATE to LEADER at term 1 for changeToLeader
2019-09-19 16:56:00,690 [1e7690c8-db9a-4ad6-a3a5-5d50f051c03b:group-4E672DD554F8:LeaderElection103] INFO  impl.RaftServerImpl (ServerState.java:setLeader(263)) - 1e7690c8-db9a-4ad6-a3a5-5d50f051c03b:group-4E672DD554F8 change Leader from null to 1e7690c8-db9a-4ad6-a3a5-5d50f051c03b at term 1 for becomeLeader, leader elected after 5189ms
2019-09-19 16:56:00,691 [1e7690c8-db9a-4ad6-a3a5-5d50f051c03b:group-C70C8ABD82E1:LeaderElection102] INFO  impl.RaftServerImpl (ServerState.java:setLeader(263)) - 1e7690c8-db9a-4ad6-a3a5-5d50f051c03b:group-C70C8ABD82E1 change Leader from null to 1e7690c8-db9a-4ad6-a3a5-5d50f051c03b at term 1 for becomeLeader, leader elected after 5233ms
2019-09-19 16:56:00,691 [1e7690c8-db9a-4ad6-a3a5-5d50f051c03b:group-4E672DD554F8:LeaderElection103] INFO  server.RaftServerConfigKeys (ConfUtils.java:logGet(43)) - raft.server.staging.catchup.gap = 1000 (default)
2019-09-19 16:56:00,691 [1e7690c8-db9a-4ad6-a3a5-5d50f051c03b:group-C70C8ABD82E1:LeaderElection102] INFO  server.RaftServerConfigKeys (ConfUtils.java:logGet(43)) - raft.server.staging.catchup.gap = 1000 (default)
2019-09-19 16:56:00,691 [1e7690c8-db9a-4ad6-a3a5-5d50f051c03b:group-4E672DD554F8:LeaderElection103] INFO  server.RaftServerConfigKeys (ConfUtils.java:logGet(43)) - raft.server.rpc.sleep.time = 25ms (default)
2019-09-19 16:56:00,691 [1e7690c8-db9a-4ad6-a3a5-5d50f051c03b:group-C70C8ABD82E1:LeaderElection102] INFO  server.RaftServerConfigKeys (ConfUtils.java:logGet(43)) - raft.server.rpc.sleep.time = 25ms (default)
2019-09-19 16:56:00,691 [1e7690c8-db9a-4ad6-a3a5-5d50f051c03b:group-4E672DD554F8:LeaderElection103] INFO  server.RaftServerConfigKeys (ConfUtils.java:logGet(43)) - raft.server.write.element-limit = 4096 (default)
2019-09-19 16:56:00,692 [1e7690c8-db9a-4ad6-a3a5-5d50f051c03b:group-C70C8ABD82E1:LeaderElection102] INFO  server.RaftServerConfigKeys (ConfUtils.java:logGet(43)) - raft.server.write.element-limit = 4096 (default)
2019-09-19 16:56:00,692 [1e7690c8-db9a-4ad6-a3a5-5d50f051c03b:group-4E672DD554F8:LeaderElection103] INFO  server.RaftServerConfigKeys (ConfUtils.java:logGet(43)) - raft.server.watch.timeout = 10s (default)
2019-09-19 16:56:00,692 [1e7690c8-db9a-4ad6-a3a5-5d50f051c03b:group-C70C8ABD82E1:LeaderElection102] INFO  server.RaftServerConfigKeys (ConfUtils.java:logGet(43)) - raft.server.watch.timeout = 10s (default)
2019-09-19 16:56:00,692 [1e7690c8-db9a-4ad6-a3a5-5d50f051c03b:group-4E672DD554F8:LeaderElection103] INFO  server.RaftServerConfigKeys (ConfUtils.java:logGet(43)) - raft.server.watch.timeout.denomination = 1s (default)
2019-09-19 16:56:00,692 [1e7690c8-db9a-4ad6-a3a5-5d50f051c03b:group-C70C8ABD82E1:LeaderElection102] INFO  server.RaftServerConfigKeys (ConfUtils.java:logGet(43)) - raft.server.watch.timeout.denomination = 1s (default)
2019-09-19 16:56:00,692 [1e7690c8-db9a-4ad6-a3a5-5d50f051c03b:group-4E672DD554F8:LeaderElection103] INFO  server.RaftServerConfigKeys (ConfUtils.java:logGet(43)) - raft.server.watch.element-limit = 65536 (default)
2019-09-19 16:56:00,693 [1e7690c8-db9a-4ad6-a3a5-5d50f051c03b:group-C70C8ABD82E1:LeaderElection102] INFO  server.RaftServerConfigKeys (ConfUtils.java:logGet(43)) - raft.server.watch.element-limit = 65536 (default)
2019-09-19 16:56:00,693 [1e7690c8-db9a-4ad6-a3a5-5d50f051c03b:group-4E672DD554F8:LeaderElection103] INFO  impl.RoleInfo (RoleInfo.java:updateAndGet(143)) - 1e7690c8-db9a-4ad6-a3a5-5d50f051c03b: start LeaderState
2019-09-19 16:56:00,693 [1e7690c8-db9a-4ad6-a3a5-5d50f051c03b:group-C70C8ABD82E1:LeaderElection102] INFO  impl.RoleInfo (RoleInfo.java:updateAndGet(143)) - 1e7690c8-db9a-4ad6-a3a5-5d50f051c03b: start LeaderState
2019-09-19 16:56:00,693 [1e7690c8-db9a-4ad6-a3a5-5d50f051c03b:group-4E672DD554F8:LeaderElection103] INFO  segmented.SegmentedRaftLogWorker (SegmentedRaftLogWorker.java:startLogSegment(380)) - 1e7690c8-db9a-4ad6-a3a5-5d50f051c03b-SegmentedRaftLogWorker:Storage Directory /workdir/hadoop-ozone/ozonefs/target/test-dir/MiniOzoneClusterImpl-65f4c353-11bb-4244-81c6-ae95f2aeb9fd/datanode-2/data/ratis/88b1a703-d96c-485a-8f40-4e672dd554f8: Starting segment from index:0
2019-09-19 16:56:00,693 [1e7690c8-db9a-4ad6-a3a5-5d50f051c03b:group-C70C8ABD82E1:LeaderElection102] INFO  segmented.SegmentedRaftLogWorker (SegmentedRaftLogWorker.java:startLogSegment(380)) - 1e7690c8-db9a-4ad6-a3a5-5d50f051c03b-SegmentedRaftLogWorker:Storage Directory /workdir/hadoop-ozone/ozonefs/target/test-dir/MiniOzoneClusterImpl-65f4c353-11bb-4244-81c6-ae95f2aeb9fd/datanode-2/data/ratis/b39d1f02-ffeb-459e-9ad2-c70c8abd82e1: Starting segment from index:0
2019-09-19 16:56:00,694 [1e7690c8-db9a-4ad6-a3a5-5d50f051c03b:group-4E672DD554F8:LeaderElection103] INFO  impl.RaftServerImpl (ServerState.java:setRaftConf(361)) - 1e7690c8-db9a-4ad6-a3a5-5d50f051c03b:group-4E672DD554F8 set configuration 0: [1e7690c8-db9a-4ad6-a3a5-5d50f051c03b:192.168.157.226:40664], old=null at 0
2019-09-19 16:56:00,694 [1e7690c8-db9a-4ad6-a3a5-5d50f051c03b:group-C70C8ABD82E1:LeaderElection102] INFO  impl.RaftServerImpl (ServerState.java:setRaftConf(361)) - 1e7690c8-db9a-4ad6-a3a5-5d50f051c03b:group-C70C8ABD82E1 set configuration 0: [1e7690c8-db9a-4ad6-a3a5-5d50f051c03b:192.168.157.226:40664], old=null at 0
2019-09-19 16:56:00,744 [Thread-1545] INFO  impl.FollowerState (FollowerState.java:run(106)) - 1e7690c8-db9a-4ad6-a3a5-5d50f051c03b:group-A23722BB2F2E changes to CANDIDATE, lastRpcTime:5197, electionTimeout:5197ms
2019-09-19 16:56:00,744 [1e7690c8-db9a-4ad6-a3a5-5d50f051c03b-SegmentedRaftLogWorker:Storage Directory /workdir/hadoop-ozone/ozonefs/target/test-dir/MiniOzoneClusterImpl-65f4c353-11bb-4244-81c6-ae95f2aeb9fd/datanode-2/data/ratis/88b1a703-d96c-485a-8f40-4e672dd554f8] INFO  segmented.SegmentedRaftLogWorker (SegmentedRaftLogWorker.java:execute(569)) - 1e7690c8-db9a-4ad6-a3a5-5d50f051c03b-SegmentedRaftLogWorker:Storage Directory /workdir/hadoop-ozone/ozonefs/target/test-dir/MiniOzoneClusterImpl-65f4c353-11bb-4244-81c6-ae95f2aeb9fd/datanode-2/data/ratis/88b1a703-d96c-485a-8f40-4e672dd554f8: created new log segment /workdir/hadoop-ozone/ozonefs/target/test-dir/MiniOzoneClusterImpl-65f4c353-11bb-4244-81c6-ae95f2aeb9fd/datanode-2/data/ratis/88b1a703-d96c-485a-8f40-4e672dd554f8/current/log_inprogress_0
2019-09-19 16:56:00,744 [1e7690c8-db9a-4ad6-a3a5-5d50f051c03b-SegmentedRaftLogWorker:Storage Directory /workdir/hadoop-ozone/ozonefs/target/test-dir/MiniOzoneClusterImpl-65f4c353-11bb-4244-81c6-ae95f2aeb9fd/datanode-2/data/ratis/b39d1f02-ffeb-459e-9ad2-c70c8abd82e1] INFO  segmented.SegmentedRaftLogWorker (SegmentedRaftLogWorker.java:execute(569)) - 1e7690c8-db9a-4ad6-a3a5-5d50f051c03b-SegmentedRaftLogWorker:Storage Directory /workdir/hadoop-ozone/ozonefs/target/test-dir/MiniOzoneClusterImpl-65f4c353-11bb-4244-81c6-ae95f2aeb9fd/datanode-2/data/ratis/b39d1f02-ffeb-459e-9ad2-c70c8abd82e1: created new log segment /workdir/hadoop-ozone/ozonefs/target/test-dir/MiniOzoneClusterImpl-65f4c353-11bb-4244-81c6-ae95f2aeb9fd/datanode-2/data/ratis/b39d1f02-ffeb-459e-9ad2-c70c8abd82e1/current/log_inprogress_0
2019-09-19 16:56:00,744 [Thread-1545] INFO  impl.RoleInfo (RoleInfo.java:shutdownFollowerState(121)) - 1e7690c8-db9a-4ad6-a3a5-5d50f051c03b: shutdown FollowerState
2019-09-19 16:56:00,745 [Thread-1545] INFO  impl.RaftServerImpl (RaftServerImpl.java:setRole(171)) - 1e7690c8-db9a-4ad6-a3a5-5d50f051c03b:group-A23722BB2F2E changes role from FOLLOWER to CANDIDATE at term 0 for changeToCandidate
2019-09-19 16:56:00,745 [Thread-1545] INFO  impl.RoleInfo (RoleInfo.java:updateAndGet(143)) - 1e7690c8-db9a-4ad6-a3a5-5d50f051c03b: start LeaderElection
2019-09-19 16:56:00,753 [Thread-1554] INFO  impl.FollowerState (FollowerState.java:run(106)) - 1e7690c8-db9a-4ad6-a3a5-5d50f051c03b:group-339DEAB4A19A changes to CANDIDATE, lastRpcTime:5039, electionTimeout:5039ms
2019-09-19 16:56:00,753 [Thread-1554] INFO  impl.RoleInfo (RoleInfo.java:shutdownFollowerState(121)) - 1e7690c8-db9a-4ad6-a3a5-5d50f051c03b: shutdown FollowerState
2019-09-19 16:56:00,753 [Thread-1554] INFO  impl.RaftServerImpl (RaftServerImpl.java:setRole(171)) - 1e7690c8-db9a-4ad6-a3a5-5d50f051c03b:group-339DEAB4A19A changes role from FOLLOWER to CANDIDATE at term 0 for changeToCandidate
2019-09-19 16:56:00,753 [Thread-1554] INFO  impl.RoleInfo (RoleInfo.java:updateAndGet(143)) - 1e7690c8-db9a-4ad6-a3a5-5d50f051c03b: start LeaderElection
2019-09-19 16:56:00,769 [1e7690c8-db9a-4ad6-a3a5-5d50f051c03b:group-339DEAB4A19A:LeaderElection105] INFO  impl.LeaderElection (LeaderElection.java:askForVotes(181)) - 1e7690c8-db9a-4ad6-a3a5-5d50f051c03b:group-339DEAB4A19A:LeaderElection105: begin an election at term 1 for -1: [1e7690c8-db9a-4ad6-a3a5-5d50f051c03b:192.168.157.226:40664], old=null
2019-09-19 16:56:00,769 [1e7690c8-db9a-4ad6-a3a5-5d50f051c03b:group-A23722BB2F2E:LeaderElection104] INFO  impl.LeaderElection (LeaderElection.java:askForVotes(181)) - 1e7690c8-db9a-4ad6-a3a5-5d50f051c03b:group-A23722BB2F2E:LeaderElection104: begin an election at term 1 for -1: [1e7690c8-db9a-4ad6-a3a5-5d50f051c03b:192.168.157.226:40664], old=null
2019-09-19 16:56:00,769 [1e7690c8-db9a-4ad6-a3a5-5d50f051c03b:group-339DEAB4A19A:LeaderElection105] INFO  impl.RoleInfo (RoleInfo.java:shutdownLeaderElection(134)) - 1e7690c8-db9a-4ad6-a3a5-5d50f051c03b: shutdown LeaderElection
2019-09-19 16:56:00,769 [1e7690c8-db9a-4ad6-a3a5-5d50f051c03b:group-A23722BB2F2E:LeaderElection104] INFO  impl.RoleInfo (RoleInfo.java:shutdownLeaderElection(134)) - 1e7690c8-db9a-4ad6-a3a5-5d50f051c03b: shutdown LeaderElection
2019-09-19 16:56:00,769 [1e7690c8-db9a-4ad6-a3a5-5d50f051c03b:group-339DEAB4A19A:LeaderElection105] INFO  impl.RaftServerImpl (RaftServerImpl.java:setRole(171)) - 1e7690c8-db9a-4ad6-a3a5-5d50f051c03b:group-339DEAB4A19A changes role from CANDIDATE to LEADER at term 1 for changeToLeader
2019-09-19 16:56:00,769 [1e7690c8-db9a-4ad6-a3a5-5d50f051c03b:group-A23722BB2F2E:LeaderElection104] INFO  impl.RaftServerImpl (RaftServerImpl.java:setRole(171)) - 1e7690c8-db9a-4ad6-a3a5-5d50f051c03b:group-A23722BB2F2E changes role from CANDIDATE to LEADER at term 1 for changeToLeader
2019-09-19 16:56:00,770 [1e7690c8-db9a-4ad6-a3a5-5d50f051c03b:group-339DEAB4A19A:LeaderElection105] INFO  impl.RaftServerImpl (ServerState.java:setLeader(263)) - 1e7690c8-db9a-4ad6-a3a5-5d50f051c03b:group-339DEAB4A19A change Leader from null to 1e7690c8-db9a-4ad6-a3a5-5d50f051c03b at term 1 for becomeLeader, leader elected after 5059ms
2019-09-19 16:56:00,770 [1e7690c8-db9a-4ad6-a3a5-5d50f051c03b:group-A23722BB2F2E:LeaderElection104] INFO  impl.RaftServerImpl (ServerState.java:setLeader(263)) - 1e7690c8-db9a-4ad6-a3a5-5d50f051c03b:group-A23722BB2F2E change Leader from null to 1e7690c8-db9a-4ad6-a3a5-5d50f051c03b at term 1 for becomeLeader, leader elected after 5226ms
2019-09-19 16:56:00,770 [1e7690c8-db9a-4ad6-a3a5-5d50f051c03b:group-339DEAB4A19A:LeaderElection105] INFO  server.RaftServerConfigKeys (ConfUtils.java:logGet(43)) - raft.server.staging.catchup.gap = 1000 (default)
2019-09-19 16:56:00,770 [1e7690c8-db9a-4ad6-a3a5-5d50f051c03b:group-A23722BB2F2E:LeaderElection104] INFO  server.RaftServerConfigKeys (ConfUtils.java:logGet(43)) - raft.server.staging.catchup.gap = 1000 (default)
2019-09-19 16:56:00,770 [1e7690c8-db9a-4ad6-a3a5-5d50f051c03b:group-339DEAB4A19A:LeaderElection105] INFO  server.RaftServerConfigKeys (ConfUtils.java:logGet(43)) - raft.server.rpc.sleep.time = 25ms (default)
2019-09-19 16:56:00,770 [1e7690c8-db9a-4ad6-a3a5-5d50f051c03b:group-A23722BB2F2E:LeaderElection104] INFO  server.RaftServerConfigKeys (ConfUtils.java:logGet(43)) - raft.server.rpc.sleep.time = 25ms (default)
2019-09-19 16:56:00,771 [1e7690c8-db9a-4ad6-a3a5-5d50f051c03b:group-339DEAB4A19A:LeaderElection105] INFO  server.RaftServerConfigKeys (ConfUtils.java:logGet(43)) - raft.server.write.element-limit = 4096 (default)
2019-09-19 16:56:00,771 [1e7690c8-db9a-4ad6-a3a5-5d50f051c03b:group-A23722BB2F2E:LeaderElection104] INFO  server.RaftServerConfigKeys (ConfUtils.java:logGet(43)) - raft.server.write.element-limit = 4096 (default)
2019-09-19 16:56:00,771 [1e7690c8-db9a-4ad6-a3a5-5d50f051c03b:group-339DEAB4A19A:LeaderElection105] INFO  server.RaftServerConfigKeys (ConfUtils.java:logGet(43)) - raft.server.watch.timeout = 10s (default)
2019-09-19 16:56:00,771 [1e7690c8-db9a-4ad6-a3a5-5d50f051c03b:group-A23722BB2F2E:LeaderElection104] INFO  server.RaftServerConfigKeys (ConfUtils.java:logGet(43)) - raft.server.watch.timeout = 10s (default)
2019-09-19 16:56:00,771 [1e7690c8-db9a-4ad6-a3a5-5d50f051c03b:group-339DEAB4A19A:LeaderElection105] INFO  server.RaftServerConfigKeys (ConfUtils.java:logGet(43)) - raft.server.watch.timeout.denomination = 1s (default)
2019-09-19 16:56:00,771 [1e7690c8-db9a-4ad6-a3a5-5d50f051c03b:group-A23722BB2F2E:LeaderElection104] INFO  server.RaftServerConfigKeys (ConfUtils.java:logGet(43)) - raft.server.watch.timeout.denomination = 1s (default)
2019-09-19 16:56:00,772 [1e7690c8-db9a-4ad6-a3a5-5d50f051c03b:group-339DEAB4A19A:LeaderElection105] INFO  server.RaftServerConfigKeys (ConfUtils.java:logGet(43)) - raft.server.watch.element-limit = 65536 (default)
2019-09-19 16:56:00,772 [1e7690c8-db9a-4ad6-a3a5-5d50f051c03b:group-A23722BB2F2E:LeaderElection104] INFO  server.RaftServerConfigKeys (ConfUtils.java:logGet(43)) - raft.server.watch.element-limit = 65536 (default)
2019-09-19 16:56:00,772 [1e7690c8-db9a-4ad6-a3a5-5d50f051c03b:group-339DEAB4A19A:LeaderElection105] INFO  impl.RoleInfo (RoleInfo.java:updateAndGet(143)) - 1e7690c8-db9a-4ad6-a3a5-5d50f051c03b: start LeaderState
2019-09-19 16:56:00,772 [1e7690c8-db9a-4ad6-a3a5-5d50f051c03b:group-A23722BB2F2E:LeaderElection104] INFO  impl.RoleInfo (RoleInfo.java:updateAndGet(143)) - 1e7690c8-db9a-4ad6-a3a5-5d50f051c03b: start LeaderState
2019-09-19 16:56:00,772 [1e7690c8-db9a-4ad6-a3a5-5d50f051c03b:group-339DEAB4A19A:LeaderElection105] INFO  segmented.SegmentedRaftLogWorker (SegmentedRaftLogWorker.java:startLogSegment(380)) - 1e7690c8-db9a-4ad6-a3a5-5d50f051c03b-SegmentedRaftLogWorker:Storage Directory /workdir/hadoop-ozone/ozonefs/target/test-dir/MiniOzoneClusterImpl-65f4c353-11bb-4244-81c6-ae95f2aeb9fd/datanode-2/data/ratis/4d010790-7e9c-49cf-b915-339deab4a19a: Starting segment from index:0
2019-09-19 16:56:00,773 [1e7690c8-db9a-4ad6-a3a5-5d50f051c03b:group-A23722BB2F2E:LeaderElection104] INFO  segmented.SegmentedRaftLogWorker (SegmentedRaftLogWorker.java:startLogSegment(380)) - 1e7690c8-db9a-4ad6-a3a5-5d50f051c03b-SegmentedRaftLogWorker:Storage Directory /workdir/hadoop-ozone/ozonefs/target/test-dir/MiniOzoneClusterImpl-65f4c353-11bb-4244-81c6-ae95f2aeb9fd/datanode-2/data/ratis/0707acc2-2dfe-4b26-8890-a23722bb2f2e: Starting segment from index:0
2019-09-19 16:56:00,773 [1e7690c8-db9a-4ad6-a3a5-5d50f051c03b:group-339DEAB4A19A:LeaderElection105] INFO  impl.RaftServerImpl (ServerState.java:setRaftConf(361)) - 1e7690c8-db9a-4ad6-a3a5-5d50f051c03b:group-339DEAB4A19A set configuration 0: [1e7690c8-db9a-4ad6-a3a5-5d50f051c03b:192.168.157.226:40664], old=null at 0
2019-09-19 16:56:00,774 [1e7690c8-db9a-4ad6-a3a5-5d50f051c03b:group-A23722BB2F2E:LeaderElection104] INFO  impl.RaftServerImpl (ServerState.java:setRaftConf(361)) - 1e7690c8-db9a-4ad6-a3a5-5d50f051c03b:group-A23722BB2F2E set configuration 0: [1e7690c8-db9a-4ad6-a3a5-5d50f051c03b:192.168.157.226:40664], old=null at 0
2019-09-19 16:56:00,796 [Thread-1548] INFO  impl.FollowerState (FollowerState.java:run(106)) - 1e7690c8-db9a-4ad6-a3a5-5d50f051c03b:group-429D3FB94CA3 changes to CANDIDATE, lastRpcTime:5197, electionTimeout:5197ms
2019-09-19 16:56:00,796 [Thread-1548] INFO  impl.RoleInfo (RoleInfo.java:shutdownFollowerState(121)) - 1e7690c8-db9a-4ad6-a3a5-5d50f051c03b: shutdown FollowerState
2019-09-19 16:56:00,796 [Thread-1548] INFO  impl.RaftServerImpl (RaftServerImpl.java:setRole(171)) - 1e7690c8-db9a-4ad6-a3a5-5d50f051c03b:group-429D3FB94CA3 changes role from FOLLOWER to CANDIDATE at term 0 for changeToCandidate
2019-09-19 16:56:00,797 [Thread-1548] INFO  impl.RoleInfo (RoleInfo.java:updateAndGet(143)) - 1e7690c8-db9a-4ad6-a3a5-5d50f051c03b: start LeaderElection
2019-09-19 16:56:00,824 [1e7690c8-db9a-4ad6-a3a5-5d50f051c03b-SegmentedRaftLogWorker:Storage Directory /workdir/hadoop-ozone/ozonefs/target/test-dir/MiniOzoneClusterImpl-65f4c353-11bb-4244-81c6-ae95f2aeb9fd/datanode-2/data/ratis/0707acc2-2dfe-4b26-8890-a23722bb2f2e] INFO  segmented.SegmentedRaftLogWorker (SegmentedRaftLogWorker.java:execute(569)) - 1e7690c8-db9a-4ad6-a3a5-5d50f051c03b-SegmentedRaftLogWorker:Storage Directory /workdir/hadoop-ozone/ozonefs/target/test-dir/MiniOzoneClusterImpl-65f4c353-11bb-4244-81c6-ae95f2aeb9fd/datanode-2/data/ratis/0707acc2-2dfe-4b26-8890-a23722bb2f2e: created new log segment /workdir/hadoop-ozone/ozonefs/target/test-dir/MiniOzoneClusterImpl-65f4c353-11bb-4244-81c6-ae95f2aeb9fd/datanode-2/data/ratis/0707acc2-2dfe-4b26-8890-a23722bb2f2e/current/log_inprogress_0
2019-09-19 16:56:00,825 [1e7690c8-db9a-4ad6-a3a5-5d50f051c03b:group-429D3FB94CA3:LeaderElection106] INFO  impl.LeaderElection (LeaderElection.java:askForVotes(181)) - 1e7690c8-db9a-4ad6-a3a5-5d50f051c03b:group-429D3FB94CA3:LeaderElection106: begin an election at term 1 for -1: [1e7690c8-db9a-4ad6-a3a5-5d50f051c03b:192.168.157.226:40664], old=null
2019-09-19 16:56:00,824 [1e7690c8-db9a-4ad6-a3a5-5d50f051c03b-SegmentedRaftLogWorker:Storage Directory /workdir/hadoop-ozone/ozonefs/target/test-dir/MiniOzoneClusterImpl-65f4c353-11bb-4244-81c6-ae95f2aeb9fd/datanode-2/data/ratis/4d010790-7e9c-49cf-b915-339deab4a19a] INFO  segmented.SegmentedRaftLogWorker (SegmentedRaftLogWorker.java:execute(569)) - 1e7690c8-db9a-4ad6-a3a5-5d50f051c03b-SegmentedRaftLogWorker:Storage Directory /workdir/hadoop-ozone/ozonefs/target/test-dir/MiniOzoneClusterImpl-65f4c353-11bb-4244-81c6-ae95f2aeb9fd/datanode-2/data/ratis/4d010790-7e9c-49cf-b915-339deab4a19a: created new log segment /workdir/hadoop-ozone/ozonefs/target/test-dir/MiniOzoneClusterImpl-65f4c353-11bb-4244-81c6-ae95f2aeb9fd/datanode-2/data/ratis/4d010790-7e9c-49cf-b915-339deab4a19a/current/log_inprogress_0
2019-09-19 16:56:00,825 [1e7690c8-db9a-4ad6-a3a5-5d50f051c03b:group-429D3FB94CA3:LeaderElection106] INFO  impl.RoleInfo (RoleInfo.java:shutdownLeaderElection(134)) - 1e7690c8-db9a-4ad6-a3a5-5d50f051c03b: shutdown LeaderElection
2019-09-19 16:56:00,825 [1e7690c8-db9a-4ad6-a3a5-5d50f051c03b:group-429D3FB94CA3:LeaderElection106] INFO  impl.RaftServerImpl (RaftServerImpl.java:setRole(171)) - 1e7690c8-db9a-4ad6-a3a5-5d50f051c03b:group-429D3FB94CA3 changes role from CANDIDATE to LEADER at term 1 for changeToLeader
2019-09-19 16:56:00,825 [1e7690c8-db9a-4ad6-a3a5-5d50f051c03b:group-429D3FB94CA3:LeaderElection106] INFO  impl.RaftServerImpl (ServerState.java:setLeader(263)) - 1e7690c8-db9a-4ad6-a3a5-5d50f051c03b:group-429D3FB94CA3 change Leader from null to 1e7690c8-db9a-4ad6-a3a5-5d50f051c03b at term 1 for becomeLeader, leader elected after 5231ms
2019-09-19 16:56:00,825 [1e7690c8-db9a-4ad6-a3a5-5d50f051c03b:group-429D3FB94CA3:LeaderElection106] INFO  server.RaftServerConfigKeys (ConfUtils.java:logGet(43)) - raft.server.staging.catchup.gap = 1000 (default)
2019-09-19 16:56:00,826 [1e7690c8-db9a-4ad6-a3a5-5d50f051c03b:group-429D3FB94CA3:LeaderElection106] INFO  server.RaftServerConfigKeys (ConfUtils.java:logGet(43)) - raft.server.rpc.sleep.time = 25ms (default)
2019-09-19 16:56:00,826 [1e7690c8-db9a-4ad6-a3a5-5d50f051c03b:group-429D3FB94CA3:LeaderElection106] INFO  server.RaftServerConfigKeys (ConfUtils.java:logGet(43)) - raft.server.write.element-limit = 4096 (default)
2019-09-19 16:56:00,826 [1e7690c8-db9a-4ad6-a3a5-5d50f051c03b:group-429D3FB94CA3:LeaderElection106] INFO  server.RaftServerConfigKeys (ConfUtils.java:logGet(43)) - raft.server.watch.timeout = 10s (default)
2019-09-19 16:56:00,826 [1e7690c8-db9a-4ad6-a3a5-5d50f051c03b:group-429D3FB94CA3:LeaderElection106] INFO  server.RaftServerConfigKeys (ConfUtils.java:logGet(43)) - raft.server.watch.timeout.denomination = 1s (default)
2019-09-19 16:56:00,826 [1e7690c8-db9a-4ad6-a3a5-5d50f051c03b:group-429D3FB94CA3:LeaderElection106] INFO  server.RaftServerConfigKeys (ConfUtils.java:logGet(43)) - raft.server.watch.element-limit = 65536 (default)
2019-09-19 16:56:00,827 [1e7690c8-db9a-4ad6-a3a5-5d50f051c03b:group-429D3FB94CA3:LeaderElection106] INFO  impl.RoleInfo (RoleInfo.java:updateAndGet(143)) - 1e7690c8-db9a-4ad6-a3a5-5d50f051c03b: start LeaderState
2019-09-19 16:56:00,827 [1e7690c8-db9a-4ad6-a3a5-5d50f051c03b:group-429D3FB94CA3:LeaderElection106] INFO  segmented.SegmentedRaftLogWorker (SegmentedRaftLogWorker.java:startLogSegment(380)) - 1e7690c8-db9a-4ad6-a3a5-5d50f051c03b-SegmentedRaftLogWorker:Storage Directory /workdir/hadoop-ozone/ozonefs/target/test-dir/MiniOzoneClusterImpl-65f4c353-11bb-4244-81c6-ae95f2aeb9fd/datanode-2/data/ratis/1a4a4b08-3bea-49ea-8682-429d3fb94ca3: Starting segment from index:0
2019-09-19 16:56:00,827 [1e7690c8-db9a-4ad6-a3a5-5d50f051c03b:group-429D3FB94CA3:LeaderElection106] INFO  impl.RaftServerImpl (ServerState.java:setRaftConf(361)) - 1e7690c8-db9a-4ad6-a3a5-5d50f051c03b:group-429D3FB94CA3 set configuration 0: [1e7690c8-db9a-4ad6-a3a5-5d50f051c03b:192.168.157.226:40664], old=null at 0
2019-09-19 16:56:00,828 [Thread-1551] INFO  impl.FollowerState (FollowerState.java:run(106)) - 1e7690c8-db9a-4ad6-a3a5-5d50f051c03b:group-4A9ADB06D86E changes to CANDIDATE, lastRpcTime:5157, electionTimeout:5157ms
2019-09-19 16:56:00,828 [Thread-1551] INFO  impl.RoleInfo (RoleInfo.java:shutdownFollowerState(121)) - 1e7690c8-db9a-4ad6-a3a5-5d50f051c03b: shutdown FollowerState
2019-09-19 16:56:00,828 [Thread-1551] INFO  impl.RaftServerImpl (RaftServerImpl.java:setRole(171)) - 1e7690c8-db9a-4ad6-a3a5-5d50f051c03b:group-4A9ADB06D86E changes role from FOLLOWER to CANDIDATE at term 0 for changeToCandidate
2019-09-19 16:56:00,828 [Thread-1551] INFO  impl.RoleInfo (RoleInfo.java:updateAndGet(143)) - 1e7690c8-db9a-4ad6-a3a5-5d50f051c03b: start LeaderElection
2019-09-19 16:56:00,872 [1e7690c8-db9a-4ad6-a3a5-5d50f051c03b-SegmentedRaftLogWorker:Storage Directory /workdir/hadoop-ozone/ozonefs/target/test-dir/MiniOzoneClusterImpl-65f4c353-11bb-4244-81c6-ae95f2aeb9fd/datanode-2/data/ratis/1a4a4b08-3bea-49ea-8682-429d3fb94ca3] INFO  segmented.SegmentedRaftLogWorker (SegmentedRaftLogWorker.java:execute(569)) - 1e7690c8-db9a-4ad6-a3a5-5d50f051c03b-SegmentedRaftLogWorker:Storage Directory /workdir/hadoop-ozone/ozonefs/target/test-dir/MiniOzoneClusterImpl-65f4c353-11bb-4244-81c6-ae95f2aeb9fd/datanode-2/data/ratis/1a4a4b08-3bea-49ea-8682-429d3fb94ca3: created new log segment /workdir/hadoop-ozone/ozonefs/target/test-dir/MiniOzoneClusterImpl-65f4c353-11bb-4244-81c6-ae95f2aeb9fd/datanode-2/data/ratis/1a4a4b08-3bea-49ea-8682-429d3fb94ca3/current/log_inprogress_0
2019-09-19 16:56:00,872 [1e7690c8-db9a-4ad6-a3a5-5d50f051c03b:group-4A9ADB06D86E:LeaderElection107] INFO  impl.LeaderElection (LeaderElection.java:askForVotes(181)) - 1e7690c8-db9a-4ad6-a3a5-5d50f051c03b:group-4A9ADB06D86E:LeaderElection107: begin an election at term 1 for -1: [1e7690c8-db9a-4ad6-a3a5-5d50f051c03b:192.168.157.226:40664], old=null
2019-09-19 16:56:00,872 [1e7690c8-db9a-4ad6-a3a5-5d50f051c03b:group-4A9ADB06D86E:LeaderElection107] INFO  impl.RoleInfo (RoleInfo.java:shutdownLeaderElection(134)) - 1e7690c8-db9a-4ad6-a3a5-5d50f051c03b: shutdown LeaderElection
2019-09-19 16:56:00,872 [1e7690c8-db9a-4ad6-a3a5-5d50f051c03b:group-4A9ADB06D86E:LeaderElection107] INFO  impl.RaftServerImpl (RaftServerImpl.java:setRole(171)) - 1e7690c8-db9a-4ad6-a3a5-5d50f051c03b:group-4A9ADB06D86E changes role from CANDIDATE to LEADER at term 1 for changeToLeader
2019-09-19 16:56:00,872 [1e7690c8-db9a-4ad6-a3a5-5d50f051c03b:group-4A9ADB06D86E:LeaderElection107] INFO  impl.RaftServerImpl (ServerState.java:setLeader(263)) - 1e7690c8-db9a-4ad6-a3a5-5d50f051c03b:group-4A9ADB06D86E change Leader from null to 1e7690c8-db9a-4ad6-a3a5-5d50f051c03b at term 1 for becomeLeader, leader elected after 5206ms
2019-09-19 16:56:00,873 [1e7690c8-db9a-4ad6-a3a5-5d50f051c03b:group-4A9ADB06D86E:LeaderElection107] INFO  server.RaftServerConfigKeys (ConfUtils.java:logGet(43)) - raft.server.staging.catchup.gap = 1000 (default)
2019-09-19 16:56:00,873 [1e7690c8-db9a-4ad6-a3a5-5d50f051c03b:group-4A9ADB06D86E:LeaderElection107] INFO  server.RaftServerConfigKeys (ConfUtils.java:logGet(43)) - raft.server.rpc.sleep.time = 25ms (default)
2019-09-19 16:56:00,873 [1e7690c8-db9a-4ad6-a3a5-5d50f051c03b:group-4A9ADB06D86E:LeaderElection107] INFO  server.RaftServerConfigKeys (ConfUtils.java:logGet(43)) - raft.server.write.element-limit = 4096 (default)
2019-09-19 16:56:00,873 [1e7690c8-db9a-4ad6-a3a5-5d50f051c03b:group-4A9ADB06D86E:LeaderElection107] INFO  server.RaftServerConfigKeys (ConfUtils.java:logGet(43)) - raft.server.watch.timeout = 10s (default)
2019-09-19 16:56:00,873 [1e7690c8-db9a-4ad6-a3a5-5d50f051c03b:group-4A9ADB06D86E:LeaderElection107] INFO  server.RaftServerConfigKeys (ConfUtils.java:logGet(43)) - raft.server.watch.timeout.denomination = 1s (default)
2019-09-19 16:56:00,873 [1e7690c8-db9a-4ad6-a3a5-5d50f051c03b:group-4A9ADB06D86E:LeaderElection107] INFO  server.RaftServerConfigKeys (ConfUtils.java:logGet(43)) - raft.server.watch.element-limit = 65536 (default)
2019-09-19 16:56:00,873 [1e7690c8-db9a-4ad6-a3a5-5d50f051c03b:group-4A9ADB06D86E:LeaderElection107] INFO  impl.RoleInfo (RoleInfo.java:updateAndGet(143)) - 1e7690c8-db9a-4ad6-a3a5-5d50f051c03b: start LeaderState
2019-09-19 16:56:00,874 [1e7690c8-db9a-4ad6-a3a5-5d50f051c03b:group-4A9ADB06D86E:LeaderElection107] INFO  segmented.SegmentedRaftLogWorker (SegmentedRaftLogWorker.java:startLogSegment(380)) - 1e7690c8-db9a-4ad6-a3a5-5d50f051c03b-SegmentedRaftLogWorker:Storage Directory /workdir/hadoop-ozone/ozonefs/target/test-dir/MiniOzoneClusterImpl-65f4c353-11bb-4244-81c6-ae95f2aeb9fd/datanode-2/data/ratis/155aa24b-a8bd-4ba2-9d98-4a9adb06d86e: Starting segment from index:0
2019-09-19 16:56:00,874 [1e7690c8-db9a-4ad6-a3a5-5d50f051c03b:group-4A9ADB06D86E:LeaderElection107] INFO  impl.RaftServerImpl (ServerState.java:setRaftConf(361)) - 1e7690c8-db9a-4ad6-a3a5-5d50f051c03b:group-4A9ADB06D86E set configuration 0: [1e7690c8-db9a-4ad6-a3a5-5d50f051c03b:192.168.157.226:40664], old=null at 0
2019-09-19 16:56:00,923 [1e7690c8-db9a-4ad6-a3a5-5d50f051c03b-SegmentedRaftLogWorker:Storage Directory /workdir/hadoop-ozone/ozonefs/target/test-dir/MiniOzoneClusterImpl-65f4c353-11bb-4244-81c6-ae95f2aeb9fd/datanode-2/data/ratis/155aa24b-a8bd-4ba2-9d98-4a9adb06d86e] INFO  segmented.SegmentedRaftLogWorker (SegmentedRaftLogWorker.java:execute(569)) - 1e7690c8-db9a-4ad6-a3a5-5d50f051c03b-SegmentedRaftLogWorker:Storage Directory /workdir/hadoop-ozone/ozonefs/target/test-dir/MiniOzoneClusterImpl-65f4c353-11bb-4244-81c6-ae95f2aeb9fd/datanode-2/data/ratis/155aa24b-a8bd-4ba2-9d98-4a9adb06d86e: created new log segment /workdir/hadoop-ozone/ozonefs/target/test-dir/MiniOzoneClusterImpl-65f4c353-11bb-4244-81c6-ae95f2aeb9fd/datanode-2/data/ratis/155aa24b-a8bd-4ba2-9d98-4a9adb06d86e/current/log_inprogress_0
2019-09-19 16:56:01,430 | INFO  | SCMAudit | user=jenkins1000 | ip=192.168.157.226 | op=SEND_HEARTBEAT {datanodeUUID=1e7690c8-db9a-4ad6-a3a5-5d50f051c03b, command=[]} | ret=SUCCESS |  
2019-09-19 16:56:01,683 [main] INFO  ozoneimpl.OzoneContainer (OzoneContainer.java:stop(199)) - Attempting to stop container services.
2019-09-19 16:56:01,683 [ForkJoinPool.commonPool-worker-0] INFO  ozoneimpl.OzoneContainer (OzoneContainer.java:stop(199)) - Attempting to stop container services.
2019-09-19 16:56:01,684 [main] INFO  impl.RaftServerProxy (RaftServerProxy.java:lambda$close$4(314)) - ba0f7ce0-9099-4aca-b97a-21c3d5e7bc75: close
2019-09-19 16:56:01,685 [ForkJoinPool.commonPool-worker-0] INFO  impl.RaftServerProxy (RaftServerProxy.java:lambda$close$4(314)) - 699d69fc-f19c-45be-ba24-43c39d7e4d34: close
2019-09-19 16:56:01,685 [main] INFO  impl.RaftServerImpl (RaftServerImpl.java:lambda$shutdown$3(245)) - ba0f7ce0-9099-4aca-b97a-21c3d5e7bc75: shutdown group-EB90CF884F5D
2019-09-19 16:56:01,685 [ForkJoinPool.commonPool-worker-0] INFO  impl.RaftServerImpl (RaftServerImpl.java:lambda$shutdown$3(245)) - 699d69fc-f19c-45be-ba24-43c39d7e4d34: shutdown group-1AF18C2F95F8
2019-09-19 16:56:01,686 [main] INFO  util.JmxRegister (JmxRegister.java:unregister(73)) - Successfully un-registered JMX Bean with object name Ratis:service=RaftServer,group=group-EB90CF884F5D,id=ba0f7ce0-9099-4aca-b97a-21c3d5e7bc75
2019-09-19 16:56:01,686 [ForkJoinPool.commonPool-worker-0] INFO  util.JmxRegister (JmxRegister.java:unregister(73)) - Successfully un-registered JMX Bean with object name Ratis:service=RaftServer,group=group-1AF18C2F95F8,id=699d69fc-f19c-45be-ba24-43c39d7e4d34
2019-09-19 16:56:01,686 [main] INFO  impl.RoleInfo (RoleInfo.java:shutdownLeaderState(104)) - ba0f7ce0-9099-4aca-b97a-21c3d5e7bc75: shutdown LeaderState
2019-09-19 16:56:01,687 [ForkJoinPool.commonPool-worker-0] INFO  impl.RoleInfo (RoleInfo.java:shutdownLeaderState(104)) - 699d69fc-f19c-45be-ba24-43c39d7e4d34: shutdown LeaderState
2019-09-19 16:56:01,687 [main] INFO  impl.PendingRequests (PendingRequests.java:sendNotLeaderResponses(202)) - ba0f7ce0-9099-4aca-b97a-21c3d5e7bc75-PendingRequests: sendNotLeaderResponses
2019-09-19 16:56:01,688 [ForkJoinPool.commonPool-worker-0] INFO  impl.PendingRequests (PendingRequests.java:sendNotLeaderResponses(202)) - 699d69fc-f19c-45be-ba24-43c39d7e4d34-PendingRequests: sendNotLeaderResponses
2019-09-19 16:56:01,688 [main] INFO  impl.StateMachineUpdater (StateMachineUpdater.java:stopAndJoin(115)) - StateMachineUpdater:ba0f7ce0-9099-4aca-b97a-21c3d5e7bc75:group-EB90CF884F5D: set stopIndex = 0
2019-09-19 16:56:01,689 [main] INFO  impl.RaftServerImpl (ServerState.java:close(394)) - ba0f7ce0-9099-4aca-b97a-21c3d5e7bc75:group-EB90CF884F5D closes. The last applied log index is 0
2019-09-19 16:56:01,688 [ForkJoinPool.commonPool-worker-0] INFO  impl.StateMachineUpdater (StateMachineUpdater.java:stopAndJoin(115)) - StateMachineUpdater:699d69fc-f19c-45be-ba24-43c39d7e4d34:group-1AF18C2F95F8: set stopIndex = 0
2019-09-19 16:56:01,689 [ba0f7ce0-9099-4aca-b97a-21c3d5e7bc75-SegmentedRaftLogWorker:Storage Directory /workdir/hadoop-ozone/ozonefs/target/test-dir/MiniOzoneClusterImpl-65f4c353-11bb-4244-81c6-ae95f2aeb9fd/datanode-1/data/ratis/363ec449-2070-46d0-9586-eb90cf884f5d] INFO  segmented.SegmentedRaftLogWorker (SegmentedRaftLogWorker.java:run(313)) - ba0f7ce0-9099-4aca-b97a-21c3d5e7bc75-SegmentedRaftLogWorker:Storage Directory /workdir/hadoop-ozone/ozonefs/target/test-dir/MiniOzoneClusterImpl-65f4c353-11bb-4244-81c6-ae95f2aeb9fd/datanode-1/data/ratis/363ec449-2070-46d0-9586-eb90cf884f5d was interrupted, exiting. There are 0 tasks remaining in the queue.
2019-09-19 16:56:01,690 [ForkJoinPool.commonPool-worker-0] INFO  impl.RaftServerImpl (ServerState.java:close(394)) - 699d69fc-f19c-45be-ba24-43c39d7e4d34:group-1AF18C2F95F8 closes. The last applied log index is 0
2019-09-19 16:56:01,690 [main] INFO  segmented.SegmentedRaftLogWorker (SegmentedRaftLogWorker.java:close(228)) - ba0f7ce0-9099-4aca-b97a-21c3d5e7bc75-SegmentedRaftLogWorker:Storage Directory /workdir/hadoop-ozone/ozonefs/target/test-dir/MiniOzoneClusterImpl-65f4c353-11bb-4244-81c6-ae95f2aeb9fd/datanode-1/data/ratis/363ec449-2070-46d0-9586-eb90cf884f5d close()
2019-09-19 16:56:01,690 [699d69fc-f19c-45be-ba24-43c39d7e4d34-SegmentedRaftLogWorker:Storage Directory /workdir/hadoop-ozone/ozonefs/target/test-dir/MiniOzoneClusterImpl-65f4c353-11bb-4244-81c6-ae95f2aeb9fd/datanode-0/data/ratis/a53aa019-13b4-4ee3-bea7-1af18c2f95f8] INFO  segmented.SegmentedRaftLogWorker (SegmentedRaftLogWorker.java:run(313)) - 699d69fc-f19c-45be-ba24-43c39d7e4d34-SegmentedRaftLogWorker:Storage Directory /workdir/hadoop-ozone/ozonefs/target/test-dir/MiniOzoneClusterImpl-65f4c353-11bb-4244-81c6-ae95f2aeb9fd/datanode-0/data/ratis/a53aa019-13b4-4ee3-bea7-1af18c2f95f8 was interrupted, exiting. There are 0 tasks remaining in the queue.
2019-09-19 16:56:01,693 [main] INFO  impl.RaftServerImpl (RaftServerImpl.java:lambda$shutdown$3(245)) - ba0f7ce0-9099-4aca-b97a-21c3d5e7bc75: shutdown group-5B59646A4CC7
2019-09-19 16:56:01,693 [ForkJoinPool.commonPool-worker-0] INFO  segmented.SegmentedRaftLogWorker (SegmentedRaftLogWorker.java:close(228)) - 699d69fc-f19c-45be-ba24-43c39d7e4d34-SegmentedRaftLogWorker:Storage Directory /workdir/hadoop-ozone/ozonefs/target/test-dir/MiniOzoneClusterImpl-65f4c353-11bb-4244-81c6-ae95f2aeb9fd/datanode-0/data/ratis/a53aa019-13b4-4ee3-bea7-1af18c2f95f8 close()
2019-09-19 16:56:01,694 [main] INFO  util.JmxRegister (JmxRegister.java:unregister(73)) - Successfully un-registered JMX Bean with object name Ratis:service=RaftServer,group=group-5B59646A4CC7,id=ba0f7ce0-9099-4aca-b97a-21c3d5e7bc75
2019-09-19 16:56:01,696 [main] INFO  impl.RoleInfo (RoleInfo.java:shutdownLeaderState(104)) - ba0f7ce0-9099-4aca-b97a-21c3d5e7bc75: shutdown LeaderState
2019-09-19 16:56:01,695 [ForkJoinPool.commonPool-worker-0] INFO  impl.RaftServerImpl (RaftServerImpl.java:lambda$shutdown$3(245)) - 699d69fc-f19c-45be-ba24-43c39d7e4d34: shutdown group-69CC92F6DA6E
2019-09-19 16:56:01,696 [main] INFO  impl.PendingRequests (PendingRequests.java:sendNotLeaderResponses(202)) - ba0f7ce0-9099-4aca-b97a-21c3d5e7bc75-PendingRequests: sendNotLeaderResponses
2019-09-19 16:56:01,697 [ForkJoinPool.commonPool-worker-0] INFO  util.JmxRegister (JmxRegister.java:unregister(73)) - Successfully un-registered JMX Bean with object name Ratis:service=RaftServer,group=group-69CC92F6DA6E,id=699d69fc-f19c-45be-ba24-43c39d7e4d34
2019-09-19 16:56:01,697 [main] INFO  impl.StateMachineUpdater (StateMachineUpdater.java:stopAndJoin(115)) - StateMachineUpdater:ba0f7ce0-9099-4aca-b97a-21c3d5e7bc75:group-5B59646A4CC7: set stopIndex = 0
2019-09-19 16:56:01,697 [ForkJoinPool.commonPool-worker-0] INFO  impl.RoleInfo (RoleInfo.java:shutdownLeaderState(104)) - 699d69fc-f19c-45be-ba24-43c39d7e4d34: shutdown LeaderState
2019-09-19 16:56:01,698 [main] INFO  impl.RaftServerImpl (ServerState.java:close(394)) - ba0f7ce0-9099-4aca-b97a-21c3d5e7bc75:group-5B59646A4CC7 closes. The last applied log index is 0
2019-09-19 16:56:01,698 [ForkJoinPool.commonPool-worker-0] INFO  impl.PendingRequests (PendingRequests.java:sendNotLeaderResponses(202)) - 699d69fc-f19c-45be-ba24-43c39d7e4d34-PendingRequests: sendNotLeaderResponses
2019-09-19 16:56:01,699 [ba0f7ce0-9099-4aca-b97a-21c3d5e7bc75-SegmentedRaftLogWorker:Storage Directory /workdir/hadoop-ozone/ozonefs/target/test-dir/MiniOzoneClusterImpl-65f4c353-11bb-4244-81c6-ae95f2aeb9fd/datanode-1/data/ratis/185be717-4315-4a69-aebc-5b59646a4cc7] INFO  segmented.SegmentedRaftLogWorker (SegmentedRaftLogWorker.java:run(313)) - ba0f7ce0-9099-4aca-b97a-21c3d5e7bc75-SegmentedRaftLogWorker:Storage Directory /workdir/hadoop-ozone/ozonefs/target/test-dir/MiniOzoneClusterImpl-65f4c353-11bb-4244-81c6-ae95f2aeb9fd/datanode-1/data/ratis/185be717-4315-4a69-aebc-5b59646a4cc7 was interrupted, exiting. There are 0 tasks remaining in the queue.
2019-09-19 16:56:01,699 [ForkJoinPool.commonPool-worker-0] INFO  impl.StateMachineUpdater (StateMachineUpdater.java:stopAndJoin(115)) - StateMachineUpdater:699d69fc-f19c-45be-ba24-43c39d7e4d34:group-69CC92F6DA6E: set stopIndex = 0
2019-09-19 16:56:01,699 [main] INFO  segmented.SegmentedRaftLogWorker (SegmentedRaftLogWorker.java:close(228)) - ba0f7ce0-9099-4aca-b97a-21c3d5e7bc75-SegmentedRaftLogWorker:Storage Directory /workdir/hadoop-ozone/ozonefs/target/test-dir/MiniOzoneClusterImpl-65f4c353-11bb-4244-81c6-ae95f2aeb9fd/datanode-1/data/ratis/185be717-4315-4a69-aebc-5b59646a4cc7 close()
2019-09-19 16:56:01,699 [ForkJoinPool.commonPool-worker-0] INFO  impl.RaftServerImpl (ServerState.java:close(394)) - 699d69fc-f19c-45be-ba24-43c39d7e4d34:group-69CC92F6DA6E closes. The last applied log index is 0
2019-09-19 16:56:01,701 [main] INFO  impl.RaftServerImpl (RaftServerImpl.java:lambda$shutdown$3(245)) - ba0f7ce0-9099-4aca-b97a-21c3d5e7bc75: shutdown group-8B1D76F22324
2019-09-19 16:56:01,702 [699d69fc-f19c-45be-ba24-43c39d7e4d34-SegmentedRaftLogWorker:Storage Directory /workdir/hadoop-ozone/ozonefs/target/test-dir/MiniOzoneClusterImpl-65f4c353-11bb-4244-81c6-ae95f2aeb9fd/datanode-0/data/ratis/bb599e28-7b2b-493d-9a30-69cc92f6da6e] INFO  segmented.SegmentedRaftLogWorker (SegmentedRaftLogWorker.java:run(313)) - 699d69fc-f19c-45be-ba24-43c39d7e4d34-SegmentedRaftLogWorker:Storage Directory /workdir/hadoop-ozone/ozonefs/target/test-dir/MiniOzoneClusterImpl-65f4c353-11bb-4244-81c6-ae95f2aeb9fd/datanode-0/data/ratis/bb599e28-7b2b-493d-9a30-69cc92f6da6e was interrupted, exiting. There are 0 tasks remaining in the queue.
2019-09-19 16:56:01,702 [main] INFO  util.JmxRegister (JmxRegister.java:unregister(73)) - Successfully un-registered JMX Bean with object name Ratis:service=RaftServer,group=group-8B1D76F22324,id=ba0f7ce0-9099-4aca-b97a-21c3d5e7bc75
2019-09-19 16:56:01,702 [ForkJoinPool.commonPool-worker-0] INFO  segmented.SegmentedRaftLogWorker (SegmentedRaftLogWorker.java:close(228)) - 699d69fc-f19c-45be-ba24-43c39d7e4d34-SegmentedRaftLogWorker:Storage Directory /workdir/hadoop-ozone/ozonefs/target/test-dir/MiniOzoneClusterImpl-65f4c353-11bb-4244-81c6-ae95f2aeb9fd/datanode-0/data/ratis/bb599e28-7b2b-493d-9a30-69cc92f6da6e close()
2019-09-19 16:56:01,703 [main] INFO  impl.RoleInfo (RoleInfo.java:shutdownLeaderState(104)) - ba0f7ce0-9099-4aca-b97a-21c3d5e7bc75: shutdown LeaderState
2019-09-19 16:56:01,705 [ForkJoinPool.commonPool-worker-0] INFO  impl.RaftServerImpl (RaftServerImpl.java:lambda$shutdown$3(245)) - 699d69fc-f19c-45be-ba24-43c39d7e4d34: shutdown group-A3B53365613B
2019-09-19 16:56:01,705 [main] INFO  impl.PendingRequests (PendingRequests.java:sendNotLeaderResponses(202)) - ba0f7ce0-9099-4aca-b97a-21c3d5e7bc75-PendingRequests: sendNotLeaderResponses
2019-09-19 16:56:01,705 [ForkJoinPool.commonPool-worker-0] INFO  util.JmxRegister (JmxRegister.java:unregister(73)) - Successfully un-registered JMX Bean with object name Ratis:service=RaftServer,group=group-A3B53365613B,id=699d69fc-f19c-45be-ba24-43c39d7e4d34
2019-09-19 16:56:01,706 [main] INFO  impl.StateMachineUpdater (StateMachineUpdater.java:stopAndJoin(115)) - StateMachineUpdater:ba0f7ce0-9099-4aca-b97a-21c3d5e7bc75:group-8B1D76F22324: set stopIndex = 0
2019-09-19 16:56:01,706 [ForkJoinPool.commonPool-worker-0] INFO  impl.RoleInfo (RoleInfo.java:shutdownLeaderState(104)) - 699d69fc-f19c-45be-ba24-43c39d7e4d34: shutdown LeaderState
2019-09-19 16:56:01,707 [main] INFO  impl.RaftServerImpl (ServerState.java:close(394)) - ba0f7ce0-9099-4aca-b97a-21c3d5e7bc75:group-8B1D76F22324 closes. The last applied log index is 0
2019-09-19 16:56:01,707 [ForkJoinPool.commonPool-worker-0] INFO  impl.PendingRequests (PendingRequests.java:sendNotLeaderResponses(202)) - 699d69fc-f19c-45be-ba24-43c39d7e4d34-PendingRequests: sendNotLeaderResponses
2019-09-19 16:56:01,708 [ba0f7ce0-9099-4aca-b97a-21c3d5e7bc75-SegmentedRaftLogWorker:Storage Directory /workdir/hadoop-ozone/ozonefs/target/test-dir/MiniOzoneClusterImpl-65f4c353-11bb-4244-81c6-ae95f2aeb9fd/datanode-1/data/ratis/0b6eeab3-fae8-4f3f-ba7a-8b1d76f22324] INFO  segmented.SegmentedRaftLogWorker (SegmentedRaftLogWorker.java:run(313)) - ba0f7ce0-9099-4aca-b97a-21c3d5e7bc75-SegmentedRaftLogWorker:Storage Directory /workdir/hadoop-ozone/ozonefs/target/test-dir/MiniOzoneClusterImpl-65f4c353-11bb-4244-81c6-ae95f2aeb9fd/datanode-1/data/ratis/0b6eeab3-fae8-4f3f-ba7a-8b1d76f22324 was interrupted, exiting. There are 0 tasks remaining in the queue.
2019-09-19 16:56:01,708 [ForkJoinPool.commonPool-worker-0] INFO  impl.StateMachineUpdater (StateMachineUpdater.java:stopAndJoin(115)) - StateMachineUpdater:699d69fc-f19c-45be-ba24-43c39d7e4d34:group-A3B53365613B: set stopIndex = 0
2019-09-19 16:56:01,708 [main] INFO  segmented.SegmentedRaftLogWorker (SegmentedRaftLogWorker.java:close(228)) - ba0f7ce0-9099-4aca-b97a-21c3d5e7bc75-SegmentedRaftLogWorker:Storage Directory /workdir/hadoop-ozone/ozonefs/target/test-dir/MiniOzoneClusterImpl-65f4c353-11bb-4244-81c6-ae95f2aeb9fd/datanode-1/data/ratis/0b6eeab3-fae8-4f3f-ba7a-8b1d76f22324 close()
2019-09-19 16:56:01,708 [ForkJoinPool.commonPool-worker-0] INFO  impl.RaftServerImpl (ServerState.java:close(394)) - 699d69fc-f19c-45be-ba24-43c39d7e4d34:group-A3B53365613B closes. The last applied log index is 0
2019-09-19 16:56:01,710 [main] INFO  impl.RaftServerImpl (RaftServerImpl.java:lambda$shutdown$3(245)) - ba0f7ce0-9099-4aca-b97a-21c3d5e7bc75: shutdown group-6E872F882069
2019-09-19 16:56:01,710 [699d69fc-f19c-45be-ba24-43c39d7e4d34-SegmentedRaftLogWorker:Storage Directory /workdir/hadoop-ozone/ozonefs/target/test-dir/MiniOzoneClusterImpl-65f4c353-11bb-4244-81c6-ae95f2aeb9fd/datanode-0/data/ratis/b7f24777-2f40-4eec-9e11-a3b53365613b] INFO  segmented.SegmentedRaftLogWorker (SegmentedRaftLogWorker.java:run(313)) - 699d69fc-f19c-45be-ba24-43c39d7e4d34-SegmentedRaftLogWorker:Storage Directory /workdir/hadoop-ozone/ozonefs/target/test-dir/MiniOzoneClusterImpl-65f4c353-11bb-4244-81c6-ae95f2aeb9fd/datanode-0/data/ratis/b7f24777-2f40-4eec-9e11-a3b53365613b was interrupted, exiting. There are 0 tasks remaining in the queue.
2019-09-19 16:56:01,711 [main] INFO  util.JmxRegister (JmxRegister.java:unregister(73)) - Successfully un-registered JMX Bean with object name Ratis:service=RaftServer,group=group-6E872F882069,id=ba0f7ce0-9099-4aca-b97a-21c3d5e7bc75
2019-09-19 16:56:01,711 [ForkJoinPool.commonPool-worker-0] INFO  segmented.SegmentedRaftLogWorker (SegmentedRaftLogWorker.java:close(228)) - 699d69fc-f19c-45be-ba24-43c39d7e4d34-SegmentedRaftLogWorker:Storage Directory /workdir/hadoop-ozone/ozonefs/target/test-dir/MiniOzoneClusterImpl-65f4c353-11bb-4244-81c6-ae95f2aeb9fd/datanode-0/data/ratis/b7f24777-2f40-4eec-9e11-a3b53365613b close()
2019-09-19 16:56:01,711 [main] INFO  impl.RoleInfo (RoleInfo.java:shutdownLeaderState(104)) - ba0f7ce0-9099-4aca-b97a-21c3d5e7bc75: shutdown LeaderState
2019-09-19 16:56:01,713 [ForkJoinPool.commonPool-worker-0] INFO  impl.RaftServerImpl (RaftServerImpl.java:lambda$shutdown$3(245)) - 699d69fc-f19c-45be-ba24-43c39d7e4d34: shutdown group-93F5E8E6C730
2019-09-19 16:56:01,714 [main] INFO  impl.PendingRequests (PendingRequests.java:sendNotLeaderResponses(202)) - ba0f7ce0-9099-4aca-b97a-21c3d5e7bc75-PendingRequests: sendNotLeaderResponses
2019-09-19 16:56:01,714 [ForkJoinPool.commonPool-worker-0] INFO  util.JmxRegister (JmxRegister.java:unregister(73)) - Successfully un-registered JMX Bean with object name Ratis:service=RaftServer,group=group-93F5E8E6C730,id=699d69fc-f19c-45be-ba24-43c39d7e4d34
2019-09-19 16:56:01,714 [main] INFO  impl.StateMachineUpdater (StateMachineUpdater.java:stopAndJoin(115)) - StateMachineUpdater:ba0f7ce0-9099-4aca-b97a-21c3d5e7bc75:group-6E872F882069: set stopIndex = 0
2019-09-19 16:56:01,715 [ForkJoinPool.commonPool-worker-0] INFO  impl.RoleInfo (RoleInfo.java:shutdownLeaderState(104)) - 699d69fc-f19c-45be-ba24-43c39d7e4d34: shutdown LeaderState
2019-09-19 16:56:01,715 [main] INFO  impl.RaftServerImpl (ServerState.java:close(394)) - ba0f7ce0-9099-4aca-b97a-21c3d5e7bc75:group-6E872F882069 closes. The last applied log index is 0
2019-09-19 16:56:01,716 [ForkJoinPool.commonPool-worker-0] INFO  impl.PendingRequests (PendingRequests.java:sendNotLeaderResponses(202)) - 699d69fc-f19c-45be-ba24-43c39d7e4d34-PendingRequests: sendNotLeaderResponses
2019-09-19 16:56:01,716 [ba0f7ce0-9099-4aca-b97a-21c3d5e7bc75-SegmentedRaftLogWorker:Storage Directory /workdir/hadoop-ozone/ozonefs/target/test-dir/MiniOzoneClusterImpl-65f4c353-11bb-4244-81c6-ae95f2aeb9fd/datanode-1/data/ratis/9c2946ae-8050-4731-bc3c-6e872f882069] INFO  segmented.SegmentedRaftLogWorker (SegmentedRaftLogWorker.java:run(313)) - ba0f7ce0-9099-4aca-b97a-21c3d5e7bc75-SegmentedRaftLogWorker:Storage Directory /workdir/hadoop-ozone/ozonefs/target/test-dir/MiniOzoneClusterImpl-65f4c353-11bb-4244-81c6-ae95f2aeb9fd/datanode-1/data/ratis/9c2946ae-8050-4731-bc3c-6e872f882069 was interrupted, exiting. There are 0 tasks remaining in the queue.
2019-09-19 16:56:01,718 [ForkJoinPool.commonPool-worker-0] INFO  impl.StateMachineUpdater (StateMachineUpdater.java:stopAndJoin(115)) - StateMachineUpdater:699d69fc-f19c-45be-ba24-43c39d7e4d34:group-93F5E8E6C730: set stopIndex = 0
2019-09-19 16:56:01,718 [main] INFO  segmented.SegmentedRaftLogWorker (SegmentedRaftLogWorker.java:close(228)) - ba0f7ce0-9099-4aca-b97a-21c3d5e7bc75-SegmentedRaftLogWorker:Storage Directory /workdir/hadoop-ozone/ozonefs/target/test-dir/MiniOzoneClusterImpl-65f4c353-11bb-4244-81c6-ae95f2aeb9fd/datanode-1/data/ratis/9c2946ae-8050-4731-bc3c-6e872f882069 close()
2019-09-19 16:56:01,718 [ForkJoinPool.commonPool-worker-0] INFO  impl.RaftServerImpl (ServerState.java:close(394)) - 699d69fc-f19c-45be-ba24-43c39d7e4d34:group-93F5E8E6C730 closes. The last applied log index is 0
2019-09-19 16:56:01,720 [main] INFO  impl.RaftServerImpl (RaftServerImpl.java:lambda$shutdown$3(245)) - ba0f7ce0-9099-4aca-b97a-21c3d5e7bc75: shutdown group-97EA7AEA26AE
2019-09-19 16:56:01,720 [699d69fc-f19c-45be-ba24-43c39d7e4d34-SegmentedRaftLogWorker:Storage Directory /workdir/hadoop-ozone/ozonefs/target/test-dir/MiniOzoneClusterImpl-65f4c353-11bb-4244-81c6-ae95f2aeb9fd/datanode-0/data/ratis/3ab29665-d5be-4158-b6ea-93f5e8e6c730] INFO  segmented.SegmentedRaftLogWorker (SegmentedRaftLogWorker.java:run(313)) - 699d69fc-f19c-45be-ba24-43c39d7e4d34-SegmentedRaftLogWorker:Storage Directory /workdir/hadoop-ozone/ozonefs/target/test-dir/MiniOzoneClusterImpl-65f4c353-11bb-4244-81c6-ae95f2aeb9fd/datanode-0/data/ratis/3ab29665-d5be-4158-b6ea-93f5e8e6c730 was interrupted, exiting. There are 0 tasks remaining in the queue.
2019-09-19 16:56:01,721 [main] INFO  util.JmxRegister (JmxRegister.java:unregister(73)) - Successfully un-registered JMX Bean with object name Ratis:service=RaftServer,group=group-97EA7AEA26AE,id=ba0f7ce0-9099-4aca-b97a-21c3d5e7bc75
2019-09-19 16:56:01,721 [ForkJoinPool.commonPool-worker-0] INFO  segmented.SegmentedRaftLogWorker (SegmentedRaftLogWorker.java:close(228)) - 699d69fc-f19c-45be-ba24-43c39d7e4d34-SegmentedRaftLogWorker:Storage Directory /workdir/hadoop-ozone/ozonefs/target/test-dir/MiniOzoneClusterImpl-65f4c353-11bb-4244-81c6-ae95f2aeb9fd/datanode-0/data/ratis/3ab29665-d5be-4158-b6ea-93f5e8e6c730 close()
2019-09-19 16:56:01,721 [main] INFO  impl.RoleInfo (RoleInfo.java:shutdownLeaderState(104)) - ba0f7ce0-9099-4aca-b97a-21c3d5e7bc75: shutdown LeaderState
2019-09-19 16:56:01,723 [ForkJoinPool.commonPool-worker-0] INFO  impl.RaftServerImpl (RaftServerImpl.java:lambda$shutdown$3(245)) - 699d69fc-f19c-45be-ba24-43c39d7e4d34: shutdown group-5A628DB9F318
2019-09-19 16:56:01,723 [main] INFO  impl.PendingRequests (PendingRequests.java:sendNotLeaderResponses(202)) - ba0f7ce0-9099-4aca-b97a-21c3d5e7bc75-PendingRequests: sendNotLeaderResponses
2019-09-19 16:56:01,724 [ForkJoinPool.commonPool-worker-0] INFO  util.JmxRegister (JmxRegister.java:unregister(73)) - Successfully un-registered JMX Bean with object name Ratis:service=RaftServer,group=group-5A628DB9F318,id=699d69fc-f19c-45be-ba24-43c39d7e4d34
2019-09-19 16:56:01,724 [main] INFO  impl.StateMachineUpdater (StateMachineUpdater.java:stopAndJoin(115)) - StateMachineUpdater:ba0f7ce0-9099-4aca-b97a-21c3d5e7bc75:group-97EA7AEA26AE: set stopIndex = 0
2019-09-19 16:56:01,725 [main] INFO  impl.RaftServerImpl (ServerState.java:close(394)) - ba0f7ce0-9099-4aca-b97a-21c3d5e7bc75:group-97EA7AEA26AE closes. The last applied log index is 0
2019-09-19 16:56:01,724 [ForkJoinPool.commonPool-worker-0] INFO  impl.RoleInfo (RoleInfo.java:shutdownLeaderState(104)) - 699d69fc-f19c-45be-ba24-43c39d7e4d34: shutdown LeaderState
2019-09-19 16:56:01,725 [ba0f7ce0-9099-4aca-b97a-21c3d5e7bc75-SegmentedRaftLogWorker:Storage Directory /workdir/hadoop-ozone/ozonefs/target/test-dir/MiniOzoneClusterImpl-65f4c353-11bb-4244-81c6-ae95f2aeb9fd/datanode-1/data/ratis/3a8394fd-dc5c-475b-828a-97ea7aea26ae] INFO  segmented.SegmentedRaftLogWorker (SegmentedRaftLogWorker.java:run(313)) - ba0f7ce0-9099-4aca-b97a-21c3d5e7bc75-SegmentedRaftLogWorker:Storage Directory /workdir/hadoop-ozone/ozonefs/target/test-dir/MiniOzoneClusterImpl-65f4c353-11bb-4244-81c6-ae95f2aeb9fd/datanode-1/data/ratis/3a8394fd-dc5c-475b-828a-97ea7aea26ae was interrupted, exiting. There are 0 tasks remaining in the queue.
2019-09-19 16:56:01,726 [ForkJoinPool.commonPool-worker-0] INFO  impl.PendingRequests (PendingRequests.java:sendNotLeaderResponses(202)) - 699d69fc-f19c-45be-ba24-43c39d7e4d34-PendingRequests: sendNotLeaderResponses
2019-09-19 16:56:01,726 [main] INFO  segmented.SegmentedRaftLogWorker (SegmentedRaftLogWorker.java:close(228)) - ba0f7ce0-9099-4aca-b97a-21c3d5e7bc75-SegmentedRaftLogWorker:Storage Directory /workdir/hadoop-ozone/ozonefs/target/test-dir/MiniOzoneClusterImpl-65f4c353-11bb-4244-81c6-ae95f2aeb9fd/datanode-1/data/ratis/3a8394fd-dc5c-475b-828a-97ea7aea26ae close()
2019-09-19 16:56:01,726 [ForkJoinPool.commonPool-worker-0] INFO  impl.StateMachineUpdater (StateMachineUpdater.java:stopAndJoin(115)) - StateMachineUpdater:699d69fc-f19c-45be-ba24-43c39d7e4d34:group-5A628DB9F318: set stopIndex = 0
2019-09-19 16:56:01,728 [main] INFO  impl.RaftServerImpl (RaftServerImpl.java:lambda$shutdown$3(245)) - ba0f7ce0-9099-4aca-b97a-21c3d5e7bc75: shutdown group-1A2F3C9BC749
2019-09-19 16:56:01,728 [ForkJoinPool.commonPool-worker-0] INFO  impl.RaftServerImpl (ServerState.java:close(394)) - 699d69fc-f19c-45be-ba24-43c39d7e4d34:group-5A628DB9F318 closes. The last applied log index is 0
2019-09-19 16:56:01,729 [main] INFO  util.JmxRegister (JmxRegister.java:unregister(73)) - Successfully un-registered JMX Bean with object name Ratis:service=RaftServer,group=group-1A2F3C9BC749,id=ba0f7ce0-9099-4aca-b97a-21c3d5e7bc75
2019-09-19 16:56:01,729 [699d69fc-f19c-45be-ba24-43c39d7e4d34-SegmentedRaftLogWorker:Storage Directory /workdir/hadoop-ozone/ozonefs/target/test-dir/MiniOzoneClusterImpl-65f4c353-11bb-4244-81c6-ae95f2aeb9fd/datanode-0/data/ratis/5010766f-1736-46ec-949c-5a628db9f318] INFO  segmented.SegmentedRaftLogWorker (SegmentedRaftLogWorker.java:run(313)) - 699d69fc-f19c-45be-ba24-43c39d7e4d34-SegmentedRaftLogWorker:Storage Directory /workdir/hadoop-ozone/ozonefs/target/test-dir/MiniOzoneClusterImpl-65f4c353-11bb-4244-81c6-ae95f2aeb9fd/datanode-0/data/ratis/5010766f-1736-46ec-949c-5a628db9f318 was interrupted, exiting. There are 0 tasks remaining in the queue.
2019-09-19 16:56:01,729 [main] INFO  impl.RoleInfo (RoleInfo.java:shutdownLeaderState(104)) - ba0f7ce0-9099-4aca-b97a-21c3d5e7bc75: shutdown LeaderState
2019-09-19 16:56:01,730 [ForkJoinPool.commonPool-worker-0] INFO  segmented.SegmentedRaftLogWorker (SegmentedRaftLogWorker.java:close(228)) - 699d69fc-f19c-45be-ba24-43c39d7e4d34-SegmentedRaftLogWorker:Storage Directory /workdir/hadoop-ozone/ozonefs/target/test-dir/MiniOzoneClusterImpl-65f4c353-11bb-4244-81c6-ae95f2aeb9fd/datanode-0/data/ratis/5010766f-1736-46ec-949c-5a628db9f318 close()
2019-09-19 16:56:01,730 [main] INFO  impl.PendingRequests (PendingRequests.java:sendNotLeaderResponses(202)) - ba0f7ce0-9099-4aca-b97a-21c3d5e7bc75-PendingRequests: sendNotLeaderResponses
2019-09-19 16:56:01,732 [ForkJoinPool.commonPool-worker-0] INFO  impl.RaftServerImpl (RaftServerImpl.java:lambda$shutdown$3(245)) - 699d69fc-f19c-45be-ba24-43c39d7e4d34: shutdown group-B9F44897703B
2019-09-19 16:56:01,732 [main] INFO  impl.StateMachineUpdater (StateMachineUpdater.java:stopAndJoin(115)) - StateMachineUpdater:ba0f7ce0-9099-4aca-b97a-21c3d5e7bc75:group-1A2F3C9BC749: set stopIndex = 0
2019-09-19 16:56:01,733 [main] INFO  impl.RaftServerImpl (ServerState.java:close(394)) - ba0f7ce0-9099-4aca-b97a-21c3d5e7bc75:group-1A2F3C9BC749 closes. The last applied log index is 0
2019-09-19 16:56:01,732 [ForkJoinPool.commonPool-worker-0] INFO  util.JmxRegister (JmxRegister.java:unregister(73)) - Successfully un-registered JMX Bean with object name Ratis:service=RaftServer,group=group-B9F44897703B,id=699d69fc-f19c-45be-ba24-43c39d7e4d34
2019-09-19 16:56:01,733 [ba0f7ce0-9099-4aca-b97a-21c3d5e7bc75-SegmentedRaftLogWorker:Storage Directory /workdir/hadoop-ozone/ozonefs/target/test-dir/MiniOzoneClusterImpl-65f4c353-11bb-4244-81c6-ae95f2aeb9fd/datanode-1/data/ratis/9e6ca57a-8ffa-4aee-bd32-1a2f3c9bc749] INFO  segmented.SegmentedRaftLogWorker (SegmentedRaftLogWorker.java:run(313)) - ba0f7ce0-9099-4aca-b97a-21c3d5e7bc75-SegmentedRaftLogWorker:Storage Directory /workdir/hadoop-ozone/ozonefs/target/test-dir/MiniOzoneClusterImpl-65f4c353-11bb-4244-81c6-ae95f2aeb9fd/datanode-1/data/ratis/9e6ca57a-8ffa-4aee-bd32-1a2f3c9bc749 was interrupted, exiting. There are 0 tasks remaining in the queue.
2019-09-19 16:56:01,733 [ForkJoinPool.commonPool-worker-0] INFO  impl.RoleInfo (RoleInfo.java:shutdownLeaderState(104)) - 699d69fc-f19c-45be-ba24-43c39d7e4d34: shutdown LeaderState
2019-09-19 16:56:01,734 [main] INFO  segmented.SegmentedRaftLogWorker (SegmentedRaftLogWorker.java:close(228)) - ba0f7ce0-9099-4aca-b97a-21c3d5e7bc75-SegmentedRaftLogWorker:Storage Directory /workdir/hadoop-ozone/ozonefs/target/test-dir/MiniOzoneClusterImpl-65f4c353-11bb-4244-81c6-ae95f2aeb9fd/datanode-1/data/ratis/9e6ca57a-8ffa-4aee-bd32-1a2f3c9bc749 close()
2019-09-19 16:56:01,734 [ForkJoinPool.commonPool-worker-0] INFO  impl.PendingRequests (PendingRequests.java:sendNotLeaderResponses(202)) - 699d69fc-f19c-45be-ba24-43c39d7e4d34-PendingRequests: sendNotLeaderResponses
2019-09-19 16:56:01,736 [main] INFO  server.GrpcService (GrpcService.java:closeImpl(155)) - ba0f7ce0-9099-4aca-b97a-21c3d5e7bc75: shutdown server with port 36543 now
2019-09-19 16:56:01,736 [ForkJoinPool.commonPool-worker-0] INFO  impl.StateMachineUpdater (StateMachineUpdater.java:stopAndJoin(115)) - StateMachineUpdater:699d69fc-f19c-45be-ba24-43c39d7e4d34:group-B9F44897703B: set stopIndex = 0
2019-09-19 16:56:01,738 [ForkJoinPool.commonPool-worker-0] INFO  impl.RaftServerImpl (ServerState.java:close(394)) - 699d69fc-f19c-45be-ba24-43c39d7e4d34:group-B9F44897703B closes. The last applied log index is 0
2019-09-19 16:56:01,738 [main] INFO  server.GrpcService (GrpcService.java:closeImpl(163)) - ba0f7ce0-9099-4aca-b97a-21c3d5e7bc75: shutdown server with port 36543 successfully
2019-09-19 16:56:01,738 [699d69fc-f19c-45be-ba24-43c39d7e4d34-SegmentedRaftLogWorker:Storage Directory /workdir/hadoop-ozone/ozonefs/target/test-dir/MiniOzoneClusterImpl-65f4c353-11bb-4244-81c6-ae95f2aeb9fd/datanode-0/data/ratis/48c1929f-b9ba-4f5e-af2c-b9f44897703b] INFO  segmented.SegmentedRaftLogWorker (SegmentedRaftLogWorker.java:run(313)) - 699d69fc-f19c-45be-ba24-43c39d7e4d34-SegmentedRaftLogWorker:Storage Directory /workdir/hadoop-ozone/ozonefs/target/test-dir/MiniOzoneClusterImpl-65f4c353-11bb-4244-81c6-ae95f2aeb9fd/datanode-0/data/ratis/48c1929f-b9ba-4f5e-af2c-b9f44897703b was interrupted, exiting. There are 0 tasks remaining in the queue.
2019-09-19 16:56:01,739 [ForkJoinPool.commonPool-worker-0] INFO  segmented.SegmentedRaftLogWorker (SegmentedRaftLogWorker.java:close(228)) - 699d69fc-f19c-45be-ba24-43c39d7e4d34-SegmentedRaftLogWorker:Storage Directory /workdir/hadoop-ozone/ozonefs/target/test-dir/MiniOzoneClusterImpl-65f4c353-11bb-4244-81c6-ae95f2aeb9fd/datanode-0/data/ratis/48c1929f-b9ba-4f5e-af2c-b9f44897703b close()
2019-09-19 16:56:01,741 [ForkJoinPool.commonPool-worker-0] INFO  server.GrpcService (GrpcService.java:closeImpl(155)) - 699d69fc-f19c-45be-ba24-43c39d7e4d34: shutdown server with port 41018 now
2019-09-19 16:56:01,741 [main] INFO  utils.BackgroundService (BackgroundService.java:shutdown(148)) - Shutting down service BlockDeletingService
2019-09-19 16:56:01,742 [ForkJoinPool.commonPool-worker-0] INFO  server.GrpcService (GrpcService.java:closeImpl(163)) - 699d69fc-f19c-45be-ba24-43c39d7e4d34: shutdown server with port 41018 successfully
2019-09-19 16:56:01,744 [refreshUsed-/workdir/hadoop-ozone/ozonefs/target/test-dir/MiniOzoneClusterImpl-65f4c353-11bb-4244-81c6-ae95f2aeb9fd/datanode-1/data/containers] WARN  fs.CachingGetSpaceUsed (CachingGetSpaceUsed.java:run(183)) - Thread Interrupted waiting to refresh disk information: sleep interrupted
2019-09-19 16:56:01,745 [ForkJoinPool.commonPool-worker-0] INFO  utils.BackgroundService (BackgroundService.java:shutdown(148)) - Shutting down service BlockDeletingService
2019-09-19 16:56:01,751 [refreshUsed-/workdir/hadoop-ozone/ozonefs/target/test-dir/MiniOzoneClusterImpl-65f4c353-11bb-4244-81c6-ae95f2aeb9fd/datanode-0/data/containers] WARN  fs.CachingGetSpaceUsed (CachingGetSpaceUsed.java:run(183)) - Thread Interrupted waiting to refresh disk information: sleep interrupted
2019-09-19 16:56:02,071 [main] INFO  statemachine.DatanodeStateMachine (DatanodeStateMachine.java:stopDaemon(395)) - Ozone container server stopped.
2019-09-19 16:56:02,072 [main] INFO  handler.ContextHandler (ContextHandler.java:doStop(910)) - Stopped o.e.j.w.WebAppContext@527d1fe1{/,null,UNAVAILABLE}{/hddsDatanode}
2019-09-19 16:56:02,075 [ForkJoinPool.commonPool-worker-0] INFO  statemachine.DatanodeStateMachine (DatanodeStateMachine.java:stopDaemon(395)) - Ozone container server stopped.
2019-09-19 16:56:02,078 [main] INFO  server.AbstractConnector (AbstractConnector.java:doStop(318)) - Stopped ServerConnector@24fb752f{HTTP/1.1,[http/1.1]}{0.0.0.0:0}
2019-09-19 16:56:02,079 [ForkJoinPool.commonPool-worker-0] INFO  handler.ContextHandler (ContextHandler.java:doStop(910)) - Stopped o.e.j.w.WebAppContext@7e4dddee{/,null,UNAVAILABLE}{/hddsDatanode}
2019-09-19 16:56:02,079 [main] INFO  handler.ContextHandler (ContextHandler.java:doStop(910)) - Stopped o.e.j.s.ServletContextHandler@2c0d7099{/static,jar:file:/home/user/.m2/repository/org/apache/hadoop/hadoop-hdds-container-service/0.5.0-SNAPSHOT/hadoop-hdds-container-service-0.5.0-SNAPSHOT.jar!/webapps/static,UNAVAILABLE}
2019-09-19 16:56:02,080 [ForkJoinPool.commonPool-worker-0] INFO  server.AbstractConnector (AbstractConnector.java:doStop(318)) - Stopped ServerConnector@183a84f4{HTTP/1.1,[http/1.1]}{0.0.0.0:0}
2019-09-19 16:56:02,080 [main] INFO  handler.ContextHandler (ContextHandler.java:doStop(910)) - Stopped o.e.j.s.ServletContextHandler@1f86f7da{/logs,file:///workdir/hadoop-ozone/ozonefs/target/log,UNAVAILABLE}
2019-09-19 16:56:02,083 [ForkJoinPool.commonPool-worker-0] INFO  handler.ContextHandler (ContextHandler.java:doStop(910)) - Stopped o.e.j.s.ServletContextHandler@7054c068{/static,jar:file:/home/user/.m2/repository/org/apache/hadoop/hadoop-hdds-container-service/0.5.0-SNAPSHOT/hadoop-hdds-container-service-0.5.0-SNAPSHOT.jar!/webapps/static,UNAVAILABLE}
2019-09-19 16:56:02,084 [ForkJoinPool.commonPool-worker-0] INFO  handler.ContextHandler (ContextHandler.java:doStop(910)) - Stopped o.e.j.s.ServletContextHandler@3da30ce5{/logs,file:///workdir/hadoop-ozone/ozonefs/target/log,UNAVAILABLE}
2019-09-19 16:56:02,084 [main] INFO  datanode.ObjectStoreHandler (ObjectStoreHandler.java:close(155)) - Closing ObjectStoreHandler.
2019-09-19 16:56:02,085 [main] INFO  ozone.HddsDatanodeService (HddsDatanodeService.java:stop(451)) - Stopped plug-in org.apache.hadoop.ozone.web.OzoneHddsDatanodeService@43d84df1
2019-09-19 16:56:02,429 [Datanode State Machine Thread - 0] INFO  statemachine.DatanodeStateMachine (DatanodeStateMachine.java:lambda$startDaemon$0(350)) - Ozone container server started.
2019-09-19 16:56:07,087 [main] INFO  ozoneimpl.OzoneContainer (OzoneContainer.java:stop(199)) - Attempting to stop container services.
2019-09-19 16:56:07,088 [main] INFO  impl.RaftServerProxy (RaftServerProxy.java:lambda$close$4(314)) - 1e7690c8-db9a-4ad6-a3a5-5d50f051c03b: close
2019-09-19 16:56:07,088 [main] INFO  impl.RaftServerImpl (RaftServerImpl.java:lambda$shutdown$3(245)) - 1e7690c8-db9a-4ad6-a3a5-5d50f051c03b: shutdown group-4A9ADB06D86E
2019-09-19 16:56:07,089 [ForkJoinPool.commonPool-worker-1] INFO  impl.RaftServerImpl (RaftServerImpl.java:lambda$shutdown$3(245)) - 1e7690c8-db9a-4ad6-a3a5-5d50f051c03b: shutdown group-C70C8ABD82E1
2019-09-19 16:56:07,089 [main] INFO  util.JmxRegister (JmxRegister.java:unregister(73)) - Successfully un-registered JMX Bean with object name Ratis:service=RaftServer,group=group-4A9ADB06D86E,id=1e7690c8-db9a-4ad6-a3a5-5d50f051c03b
2019-09-19 16:56:07,089 [ForkJoinPool.commonPool-worker-1] INFO  util.JmxRegister (JmxRegister.java:unregister(73)) - Successfully un-registered JMX Bean with object name Ratis:service=RaftServer,group=group-C70C8ABD82E1,id=1e7690c8-db9a-4ad6-a3a5-5d50f051c03b
2019-09-19 16:56:07,089 [main] INFO  impl.RoleInfo (RoleInfo.java:shutdownLeaderState(104)) - 1e7690c8-db9a-4ad6-a3a5-5d50f051c03b: shutdown LeaderState
2019-09-19 16:56:07,089 [ForkJoinPool.commonPool-worker-1] INFO  impl.RoleInfo (RoleInfo.java:shutdownLeaderState(104)) - 1e7690c8-db9a-4ad6-a3a5-5d50f051c03b: shutdown LeaderState
2019-09-19 16:56:07,090 [main] INFO  impl.PendingRequests (PendingRequests.java:sendNotLeaderResponses(202)) - 1e7690c8-db9a-4ad6-a3a5-5d50f051c03b-PendingRequests: sendNotLeaderResponses
2019-09-19 16:56:07,090 [ForkJoinPool.commonPool-worker-1] INFO  impl.PendingRequests (PendingRequests.java:sendNotLeaderResponses(202)) - 1e7690c8-db9a-4ad6-a3a5-5d50f051c03b-PendingRequests: sendNotLeaderResponses
2019-09-19 16:56:07,090 [main] INFO  impl.StateMachineUpdater (StateMachineUpdater.java:stopAndJoin(115)) - StateMachineUpdater:1e7690c8-db9a-4ad6-a3a5-5d50f051c03b:group-4A9ADB06D86E: set stopIndex = 0
2019-09-19 16:56:07,090 [ForkJoinPool.commonPool-worker-1] INFO  impl.StateMachineUpdater (StateMachineUpdater.java:stopAndJoin(115)) - StateMachineUpdater:1e7690c8-db9a-4ad6-a3a5-5d50f051c03b:group-C70C8ABD82E1: set stopIndex = 0
2019-09-19 16:56:07,091 [main] INFO  impl.RaftServerImpl (ServerState.java:close(394)) - 1e7690c8-db9a-4ad6-a3a5-5d50f051c03b:group-4A9ADB06D86E closes. The last applied log index is 0
2019-09-19 16:56:07,091 [ForkJoinPool.commonPool-worker-1] INFO  impl.RaftServerImpl (ServerState.java:close(394)) - 1e7690c8-db9a-4ad6-a3a5-5d50f051c03b:group-C70C8ABD82E1 closes. The last applied log index is 0
2019-09-19 16:56:07,092 [1e7690c8-db9a-4ad6-a3a5-5d50f051c03b-SegmentedRaftLogWorker:Storage Directory /workdir/hadoop-ozone/ozonefs/target/test-dir/MiniOzoneClusterImpl-65f4c353-11bb-4244-81c6-ae95f2aeb9fd/datanode-2/data/ratis/155aa24b-a8bd-4ba2-9d98-4a9adb06d86e] INFO  segmented.SegmentedRaftLogWorker (SegmentedRaftLogWorker.java:run(313)) - 1e7690c8-db9a-4ad6-a3a5-5d50f051c03b-SegmentedRaftLogWorker:Storage Directory /workdir/hadoop-ozone/ozonefs/target/test-dir/MiniOzoneClusterImpl-65f4c353-11bb-4244-81c6-ae95f2aeb9fd/datanode-2/data/ratis/155aa24b-a8bd-4ba2-9d98-4a9adb06d86e was interrupted, exiting. There are 0 tasks remaining in the queue.
2019-09-19 16:56:07,092 [1e7690c8-db9a-4ad6-a3a5-5d50f051c03b-SegmentedRaftLogWorker:Storage Directory /workdir/hadoop-ozone/ozonefs/target/test-dir/MiniOzoneClusterImpl-65f4c353-11bb-4244-81c6-ae95f2aeb9fd/datanode-2/data/ratis/b39d1f02-ffeb-459e-9ad2-c70c8abd82e1] INFO  segmented.SegmentedRaftLogWorker (SegmentedRaftLogWorker.java:run(313)) - 1e7690c8-db9a-4ad6-a3a5-5d50f051c03b-SegmentedRaftLogWorker:Storage Directory /workdir/hadoop-ozone/ozonefs/target/test-dir/MiniOzoneClusterImpl-65f4c353-11bb-4244-81c6-ae95f2aeb9fd/datanode-2/data/ratis/b39d1f02-ffeb-459e-9ad2-c70c8abd82e1 was interrupted, exiting. There are 0 tasks remaining in the queue.
2019-09-19 16:56:07,092 [main] INFO  segmented.SegmentedRaftLogWorker (SegmentedRaftLogWorker.java:close(228)) - 1e7690c8-db9a-4ad6-a3a5-5d50f051c03b-SegmentedRaftLogWorker:Storage Directory /workdir/hadoop-ozone/ozonefs/target/test-dir/MiniOzoneClusterImpl-65f4c353-11bb-4244-81c6-ae95f2aeb9fd/datanode-2/data/ratis/155aa24b-a8bd-4ba2-9d98-4a9adb06d86e close()
2019-09-19 16:56:07,092 [ForkJoinPool.commonPool-worker-1] INFO  segmented.SegmentedRaftLogWorker (SegmentedRaftLogWorker.java:close(228)) - 1e7690c8-db9a-4ad6-a3a5-5d50f051c03b-SegmentedRaftLogWorker:Storage Directory /workdir/hadoop-ozone/ozonefs/target/test-dir/MiniOzoneClusterImpl-65f4c353-11bb-4244-81c6-ae95f2aeb9fd/datanode-2/data/ratis/b39d1f02-ffeb-459e-9ad2-c70c8abd82e1 close()
2019-09-19 16:56:07,094 [main] INFO  impl.RaftServerImpl (RaftServerImpl.java:lambda$shutdown$3(245)) - 1e7690c8-db9a-4ad6-a3a5-5d50f051c03b: shutdown group-339DEAB4A19A
2019-09-19 16:56:07,096 [ForkJoinPool.commonPool-worker-1] INFO  impl.RaftServerImpl (RaftServerImpl.java:lambda$shutdown$3(245)) - 1e7690c8-db9a-4ad6-a3a5-5d50f051c03b: shutdown group-4E672DD554F8
2019-09-19 16:56:07,096 [main] INFO  util.JmxRegister (JmxRegister.java:unregister(73)) - Successfully un-registered JMX Bean with object name Ratis:service=RaftServer,group=group-339DEAB4A19A,id=1e7690c8-db9a-4ad6-a3a5-5d50f051c03b
2019-09-19 16:56:07,097 [ForkJoinPool.commonPool-worker-1] INFO  util.JmxRegister (JmxRegister.java:unregister(73)) - Successfully un-registered JMX Bean with object name Ratis:service=RaftServer,group=group-4E672DD554F8,id=1e7690c8-db9a-4ad6-a3a5-5d50f051c03b
2019-09-19 16:56:07,097 [main] INFO  impl.RoleInfo (RoleInfo.java:shutdownLeaderState(104)) - 1e7690c8-db9a-4ad6-a3a5-5d50f051c03b: shutdown LeaderState
2019-09-19 16:56:07,097 [ForkJoinPool.commonPool-worker-1] INFO  impl.RoleInfo (RoleInfo.java:shutdownLeaderState(104)) - 1e7690c8-db9a-4ad6-a3a5-5d50f051c03b: shutdown LeaderState
2019-09-19 16:56:07,098 [main] INFO  impl.PendingRequests (PendingRequests.java:sendNotLeaderResponses(202)) - 1e7690c8-db9a-4ad6-a3a5-5d50f051c03b-PendingRequests: sendNotLeaderResponses
2019-09-19 16:56:07,098 [ForkJoinPool.commonPool-worker-1] INFO  impl.PendingRequests (PendingRequests.java:sendNotLeaderResponses(202)) - 1e7690c8-db9a-4ad6-a3a5-5d50f051c03b-PendingRequests: sendNotLeaderResponses
2019-09-19 16:56:07,098 [main] INFO  impl.StateMachineUpdater (StateMachineUpdater.java:stopAndJoin(115)) - StateMachineUpdater:1e7690c8-db9a-4ad6-a3a5-5d50f051c03b:group-339DEAB4A19A: set stopIndex = 0
2019-09-19 16:56:07,098 [ForkJoinPool.commonPool-worker-1] INFO  impl.StateMachineUpdater (StateMachineUpdater.java:stopAndJoin(115)) - StateMachineUpdater:1e7690c8-db9a-4ad6-a3a5-5d50f051c03b:group-4E672DD554F8: set stopIndex = 0
2019-09-19 16:56:07,099 [main] INFO  impl.RaftServerImpl (ServerState.java:close(394)) - 1e7690c8-db9a-4ad6-a3a5-5d50f051c03b:group-339DEAB4A19A closes. The last applied log index is 0
2019-09-19 16:56:07,099 [ForkJoinPool.commonPool-worker-1] INFO  impl.RaftServerImpl (ServerState.java:close(394)) - 1e7690c8-db9a-4ad6-a3a5-5d50f051c03b:group-4E672DD554F8 closes. The last applied log index is 0
2019-09-19 16:56:07,100 [1e7690c8-db9a-4ad6-a3a5-5d50f051c03b-SegmentedRaftLogWorker:Storage Directory /workdir/hadoop-ozone/ozonefs/target/test-dir/MiniOzoneClusterImpl-65f4c353-11bb-4244-81c6-ae95f2aeb9fd/datanode-2/data/ratis/4d010790-7e9c-49cf-b915-339deab4a19a] INFO  segmented.SegmentedRaftLogWorker (SegmentedRaftLogWorker.java:run(313)) - 1e7690c8-db9a-4ad6-a3a5-5d50f051c03b-SegmentedRaftLogWorker:Storage Directory /workdir/hadoop-ozone/ozonefs/target/test-dir/MiniOzoneClusterImpl-65f4c353-11bb-4244-81c6-ae95f2aeb9fd/datanode-2/data/ratis/4d010790-7e9c-49cf-b915-339deab4a19a was interrupted, exiting. There are 0 tasks remaining in the queue.
2019-09-19 16:56:07,100 [1e7690c8-db9a-4ad6-a3a5-5d50f051c03b-SegmentedRaftLogWorker:Storage Directory /workdir/hadoop-ozone/ozonefs/target/test-dir/MiniOzoneClusterImpl-65f4c353-11bb-4244-81c6-ae95f2aeb9fd/datanode-2/data/ratis/88b1a703-d96c-485a-8f40-4e672dd554f8] INFO  segmented.SegmentedRaftLogWorker (SegmentedRaftLogWorker.java:run(313)) - 1e7690c8-db9a-4ad6-a3a5-5d50f051c03b-SegmentedRaftLogWorker:Storage Directory /workdir/hadoop-ozone/ozonefs/target/test-dir/MiniOzoneClusterImpl-65f4c353-11bb-4244-81c6-ae95f2aeb9fd/datanode-2/data/ratis/88b1a703-d96c-485a-8f40-4e672dd554f8 was interrupted, exiting. There are 0 tasks remaining in the queue.
2019-09-19 16:56:07,100 [main] INFO  segmented.SegmentedRaftLogWorker (SegmentedRaftLogWorker.java:close(228)) - 1e7690c8-db9a-4ad6-a3a5-5d50f051c03b-SegmentedRaftLogWorker:Storage Directory /workdir/hadoop-ozone/ozonefs/target/test-dir/MiniOzoneClusterImpl-65f4c353-11bb-4244-81c6-ae95f2aeb9fd/datanode-2/data/ratis/4d010790-7e9c-49cf-b915-339deab4a19a close()
2019-09-19 16:56:07,100 [ForkJoinPool.commonPool-worker-1] INFO  segmented.SegmentedRaftLogWorker (SegmentedRaftLogWorker.java:close(228)) - 1e7690c8-db9a-4ad6-a3a5-5d50f051c03b-SegmentedRaftLogWorker:Storage Directory /workdir/hadoop-ozone/ozonefs/target/test-dir/MiniOzoneClusterImpl-65f4c353-11bb-4244-81c6-ae95f2aeb9fd/datanode-2/data/ratis/88b1a703-d96c-485a-8f40-4e672dd554f8 close()
2019-09-19 16:56:07,101 [main] INFO  impl.RaftServerImpl (RaftServerImpl.java:lambda$shutdown$3(245)) - 1e7690c8-db9a-4ad6-a3a5-5d50f051c03b: shutdown group-429D3FB94CA3
2019-09-19 16:56:07,103 [ForkJoinPool.commonPool-worker-1] INFO  impl.RaftServerImpl (RaftServerImpl.java:lambda$shutdown$3(245)) - 1e7690c8-db9a-4ad6-a3a5-5d50f051c03b: shutdown group-A23722BB2F2E
2019-09-19 16:56:07,103 [main] INFO  util.JmxRegister (JmxRegister.java:unregister(73)) - Successfully un-registered JMX Bean with object name Ratis:service=RaftServer,group=group-429D3FB94CA3,id=1e7690c8-db9a-4ad6-a3a5-5d50f051c03b
2019-09-19 16:56:07,103 [ForkJoinPool.commonPool-worker-1] INFO  util.JmxRegister (JmxRegister.java:unregister(73)) - Successfully un-registered JMX Bean with object name Ratis:service=RaftServer,group=group-A23722BB2F2E,id=1e7690c8-db9a-4ad6-a3a5-5d50f051c03b
2019-09-19 16:56:07,103 [main] INFO  impl.RoleInfo (RoleInfo.java:shutdownLeaderState(104)) - 1e7690c8-db9a-4ad6-a3a5-5d50f051c03b: shutdown LeaderState
2019-09-19 16:56:07,104 [ForkJoinPool.commonPool-worker-1] INFO  impl.RoleInfo (RoleInfo.java:shutdownLeaderState(104)) - 1e7690c8-db9a-4ad6-a3a5-5d50f051c03b: shutdown LeaderState
2019-09-19 16:56:07,104 [main] INFO  impl.PendingRequests (PendingRequests.java:sendNotLeaderResponses(202)) - 1e7690c8-db9a-4ad6-a3a5-5d50f051c03b-PendingRequests: sendNotLeaderResponses
2019-09-19 16:56:07,104 [ForkJoinPool.commonPool-worker-1] INFO  impl.PendingRequests (PendingRequests.java:sendNotLeaderResponses(202)) - 1e7690c8-db9a-4ad6-a3a5-5d50f051c03b-PendingRequests: sendNotLeaderResponses
2019-09-19 16:56:07,104 [main] INFO  impl.StateMachineUpdater (StateMachineUpdater.java:stopAndJoin(115)) - StateMachineUpdater:1e7690c8-db9a-4ad6-a3a5-5d50f051c03b:group-429D3FB94CA3: set stopIndex = 0
2019-09-19 16:56:07,105 [ForkJoinPool.commonPool-worker-1] INFO  impl.StateMachineUpdater (StateMachineUpdater.java:stopAndJoin(115)) - StateMachineUpdater:1e7690c8-db9a-4ad6-a3a5-5d50f051c03b:group-A23722BB2F2E: set stopIndex = 0
2019-09-19 16:56:07,105 [main] INFO  impl.RaftServerImpl (ServerState.java:close(394)) - 1e7690c8-db9a-4ad6-a3a5-5d50f051c03b:group-429D3FB94CA3 closes. The last applied log index is 0
2019-09-19 16:56:07,105 [ForkJoinPool.commonPool-worker-1] INFO  impl.RaftServerImpl (ServerState.java:close(394)) - 1e7690c8-db9a-4ad6-a3a5-5d50f051c03b:group-A23722BB2F2E closes. The last applied log index is 0
2019-09-19 16:56:07,105 [1e7690c8-db9a-4ad6-a3a5-5d50f051c03b-SegmentedRaftLogWorker:Storage Directory /workdir/hadoop-ozone/ozonefs/target/test-dir/MiniOzoneClusterImpl-65f4c353-11bb-4244-81c6-ae95f2aeb9fd/datanode-2/data/ratis/1a4a4b08-3bea-49ea-8682-429d3fb94ca3] INFO  segmented.SegmentedRaftLogWorker (SegmentedRaftLogWorker.java:run(313)) - 1e7690c8-db9a-4ad6-a3a5-5d50f051c03b-SegmentedRaftLogWorker:Storage Directory /workdir/hadoop-ozone/ozonefs/target/test-dir/MiniOzoneClusterImpl-65f4c353-11bb-4244-81c6-ae95f2aeb9fd/datanode-2/data/ratis/1a4a4b08-3bea-49ea-8682-429d3fb94ca3 was interrupted, exiting. There are 0 tasks remaining in the queue.
2019-09-19 16:56:07,106 [1e7690c8-db9a-4ad6-a3a5-5d50f051c03b-SegmentedRaftLogWorker:Storage Directory /workdir/hadoop-ozone/ozonefs/target/test-dir/MiniOzoneClusterImpl-65f4c353-11bb-4244-81c6-ae95f2aeb9fd/datanode-2/data/ratis/0707acc2-2dfe-4b26-8890-a23722bb2f2e] INFO  segmented.SegmentedRaftLogWorker (SegmentedRaftLogWorker.java:run(313)) - 1e7690c8-db9a-4ad6-a3a5-5d50f051c03b-SegmentedRaftLogWorker:Storage Directory /workdir/hadoop-ozone/ozonefs/target/test-dir/MiniOzoneClusterImpl-65f4c353-11bb-4244-81c6-ae95f2aeb9fd/datanode-2/data/ratis/0707acc2-2dfe-4b26-8890-a23722bb2f2e was interrupted, exiting. There are 0 tasks remaining in the queue.
2019-09-19 16:56:07,106 [main] INFO  segmented.SegmentedRaftLogWorker (SegmentedRaftLogWorker.java:close(228)) - 1e7690c8-db9a-4ad6-a3a5-5d50f051c03b-SegmentedRaftLogWorker:Storage Directory /workdir/hadoop-ozone/ozonefs/target/test-dir/MiniOzoneClusterImpl-65f4c353-11bb-4244-81c6-ae95f2aeb9fd/datanode-2/data/ratis/1a4a4b08-3bea-49ea-8682-429d3fb94ca3 close()
2019-09-19 16:56:07,106 [ForkJoinPool.commonPool-worker-1] INFO  segmented.SegmentedRaftLogWorker (SegmentedRaftLogWorker.java:close(228)) - 1e7690c8-db9a-4ad6-a3a5-5d50f051c03b-SegmentedRaftLogWorker:Storage Directory /workdir/hadoop-ozone/ozonefs/target/test-dir/MiniOzoneClusterImpl-65f4c353-11bb-4244-81c6-ae95f2aeb9fd/datanode-2/data/ratis/0707acc2-2dfe-4b26-8890-a23722bb2f2e close()
2019-09-19 16:56:07,108 [main] INFO  server.GrpcService (GrpcService.java:closeImpl(155)) - 1e7690c8-db9a-4ad6-a3a5-5d50f051c03b: shutdown server with port 40664 now
2019-09-19 16:56:07,109 [main] INFO  server.GrpcService (GrpcService.java:closeImpl(163)) - 1e7690c8-db9a-4ad6-a3a5-5d50f051c03b: shutdown server with port 40664 successfully
2019-09-19 16:56:07,116 [main] INFO  utils.BackgroundService (BackgroundService.java:shutdown(148)) - Shutting down service BlockDeletingService
2019-09-19 16:56:07,117 [refreshUsed-/workdir/hadoop-ozone/ozonefs/target/test-dir/MiniOzoneClusterImpl-65f4c353-11bb-4244-81c6-ae95f2aeb9fd/datanode-2/data/containers] WARN  fs.CachingGetSpaceUsed (CachingGetSpaceUsed.java:run(183)) - Thread Interrupted waiting to refresh disk information: sleep interrupted
2019-09-19 16:56:07,136 [main] INFO  statemachine.DatanodeStateMachine (DatanodeStateMachine.java:stopDaemon(395)) - Ozone container server stopped.
2019-09-19 16:56:07,137 [main] INFO  handler.ContextHandler (ContextHandler.java:doStop(910)) - Stopped o.e.j.w.WebAppContext@47ab3688{/,null,UNAVAILABLE}{/hddsDatanode}
2019-09-19 16:56:07,138 [main] INFO  server.AbstractConnector (AbstractConnector.java:doStop(318)) - Stopped ServerConnector@47fbf95e{HTTP/1.1,[http/1.1]}{0.0.0.0:0}
2019-09-19 16:56:07,138 [main] INFO  handler.ContextHandler (ContextHandler.java:doStop(910)) - Stopped o.e.j.s.ServletContextHandler@7a79d99c{/static,jar:file:/home/user/.m2/repository/org/apache/hadoop/hadoop-hdds-container-service/0.5.0-SNAPSHOT/hadoop-hdds-container-service-0.5.0-SNAPSHOT.jar!/webapps/static,UNAVAILABLE}
2019-09-19 16:56:07,139 [main] INFO  handler.ContextHandler (ContextHandler.java:doStop(910)) - Stopped o.e.j.s.ServletContextHandler@67afc9b6{/logs,file:///workdir/hadoop-ozone/ozonefs/target/log,UNAVAILABLE}
2019-09-19 16:56:07,140 [main] INFO  ozone.MiniOzoneClusterImpl (MiniOzoneClusterImpl.java:stop(353)) - Stopping the StorageContainerManager
2019-09-19 16:56:07,140 [main] INFO  server.StorageContainerManager (StorageContainerManager.java:stop(797)) - Stopping Replication Manager Service.
2019-09-19 16:56:07,140 [main] INFO  container.ReplicationManager (ReplicationManager.java:stop(192)) - Stopping Replication Monitor Thread.
2019-09-19 16:56:07,140 [main] INFO  server.StorageContainerManager (StorageContainerManager.java:stop(804)) - Stopping Lease Manager of the command watchers
2019-09-19 16:56:07,140 [main] INFO  server.StorageContainerManager (StorageContainerManager.java:stop(811)) - Stopping datanode service RPC server
2019-09-19 16:56:07,140 [main] INFO  server.SCMDatanodeProtocolServer (SCMDatanodeProtocolServer.java:stop(367)) - Stopping the RPC server for DataNodes
2019-09-19 16:56:07,141 [main] INFO  ipc.Server (Server.java:stop(3082)) - Stopping server on 35481
2019-09-19 16:56:07,143 [IPC Server listener on 35481] INFO  ipc.Server (Server.java:run(1185)) - Stopping IPC Server listener on 35481
2019-09-19 16:56:07,144 [IPC Server Responder] INFO  ipc.Server (Server.java:run(1319)) - Stopping IPC Server Responder
2019-09-19 16:56:07,192 [SCM Heartbeat Processing Thread - 0] WARN  node.NodeStateManager (NodeStateManager.java:scheduleNextHealthCheck(655)) - Current Thread is interrupted, shutting down HB processing thread for Node Manager.
2019-09-19 16:56:07,192 [main] INFO  server.StorageContainerManager (StorageContainerManager.java:stop(819)) - Stopping block service RPC server
2019-09-19 16:56:07,193 [main] INFO  server.SCMBlockProtocolServer (SCMBlockProtocolServer.java:stop(148)) - Stopping the RPC server for Block Protocol
2019-09-19 16:56:07,193 [main] INFO  ipc.Server (Server.java:stop(3082)) - Stopping server on 36499
2019-09-19 16:56:07,197 [main] INFO  server.StorageContainerManager (StorageContainerManager.java:stop(826)) - Stopping the StorageContainerLocationProtocol RPC server
2019-09-19 16:56:07,198 [main] INFO  server.SCMClientProtocolServer (SCMClientProtocolServer.java:stop(159)) - Stopping the RPC server for Client Protocol
2019-09-19 16:56:07,198 [main] INFO  ipc.Server (Server.java:stop(3082)) - Stopping server on 46035
2019-09-19 16:56:07,198 [IPC Server listener on 36499] INFO  ipc.Server (Server.java:run(1185)) - Stopping IPC Server listener on 36499
2019-09-19 16:56:07,198 [IPC Server Responder] INFO  ipc.Server (Server.java:run(1319)) - Stopping IPC Server Responder
2019-09-19 16:56:07,200 [IPC Server listener on 46035] INFO  ipc.Server (Server.java:run(1185)) - Stopping IPC Server listener on 46035
2019-09-19 16:56:07,201 [main] INFO  server.StorageContainerManager (StorageContainerManager.java:stop(833)) - Stopping Storage Container Manager HTTP server.
2019-09-19 16:56:07,202 [IPC Server Responder] INFO  ipc.Server (Server.java:run(1319)) - Stopping IPC Server Responder
2019-09-19 16:56:07,203 [main] INFO  handler.ContextHandler (ContextHandler.java:doStop(910)) - Stopped o.e.j.w.WebAppContext@384b3fe7{/,null,UNAVAILABLE}{/scm}
2019-09-19 16:56:07,203 [main] INFO  server.AbstractConnector (AbstractConnector.java:doStop(318)) - Stopped ServerConnector@4889fbba{HTTP/1.1,[http/1.1]}{0.0.0.0:0}
2019-09-19 16:56:07,204 [main] INFO  handler.ContextHandler (ContextHandler.java:doStop(910)) - Stopped o.e.j.s.ServletContextHandler@270ab7bc{/static,jar:file:/home/user/.m2/repository/org/apache/hadoop/hadoop-hdds-server-scm/0.5.0-SNAPSHOT/hadoop-hdds-server-scm-0.5.0-SNAPSHOT.jar!/webapps/static,UNAVAILABLE}
2019-09-19 16:56:07,204 [main] INFO  handler.ContextHandler (ContextHandler.java:doStop(910)) - Stopped o.e.j.s.ServletContextHandler@3b663112{/logs,file:///workdir/hadoop-ozone/ozonefs/target/log,UNAVAILABLE}
2019-09-19 16:56:07,205 [main] INFO  server.StorageContainerManager (StorageContainerManager.java:stop(844)) - Stopping Block Manager Service.
2019-09-19 16:56:07,205 [main] INFO  utils.BackgroundService (BackgroundService.java:shutdown(148)) - Shutting down service SCMBlockDeletingService
2019-09-19 16:56:07,205 [main] INFO  utils.BackgroundService (BackgroundService.java:shutdown(148)) - Shutting down service SCMBlockDeletingService
2019-09-19 16:56:07,206 [main] INFO  server.StorageContainerManager (StorageContainerManager.java:stop(866)) - Stopping SCM Event Queue.
2019-09-19 16:56:07,209 [main] INFO  impl.MetricsSystemImpl (MetricsSystemImpl.java:stop(210)) - Stopping HddsDatanode metrics system...
2019-09-19 16:56:07,218 [main] INFO  impl.MetricsSystemImpl (MetricsSystemImpl.java:stop(216)) - HddsDatanode metrics system stopped.
]]></system-out>
    <system-err><![CDATA[Sep 19, 2019 4:55:50 PM com.sun.jersey.server.impl.application.WebApplicationImpl _initiate
INFO: Initiating Jersey application, version 'Jersey: 1.19 02/11/2015 03:25 AM'
Sep 19, 2019 4:55:51 PM com.sun.jersey.server.impl.application.WebApplicationImpl _initiate
INFO: Initiating Jersey application, version 'Jersey: 1.19 02/11/2015 03:25 AM'
Sep 19, 2019 4:55:51 PM com.sun.jersey.server.impl.application.WebApplicationImpl _initiate
INFO: Initiating Jersey application, version 'Jersey: 1.19 02/11/2015 03:25 AM'
Sep 19, 2019 4:55:56 PM com.sun.jersey.server.impl.application.WebApplicationImpl _initiate
INFO: Initiating Jersey application, version 'Jersey: 1.19 02/11/2015 03:25 AM'
]]></system-err>
  </testcase>
  <testcase name="testOzoneManagerFileSystemInterface[1]" classname="org.apache.hadoop.fs.ozone.TestOzoneFileInterfaces" time="17.182"/>
  <testcase name="testListStatus[1]" classname="org.apache.hadoop.fs.ozone.TestOzoneFileInterfaces" time="17.765"/>
  <testcase name="testDirectory[1]" classname="org.apache.hadoop.fs.ozone.TestOzoneFileInterfaces" time="17.318"/>
  <testcase name="testPathToKey[1]" classname="org.apache.hadoop.fs.ozone.TestOzoneFileInterfaces" time="17.403"/>
  <testcase name="testFileSystemInit[1]" classname="org.apache.hadoop.fs.ozone.TestOzoneFileInterfaces" time="16.895"/>
  <testcase name="testOzFsReadWrite[1]" classname="org.apache.hadoop.fs.ozone.TestOzoneFileInterfaces" time="17.228">
    <error message="Allocated 0 blocks. Requested 1 blocks" type="INTERNAL_ERROR org.apache.hadoop.ozone.om.exceptions.OMException">INTERNAL_ERROR org.apache.hadoop.ozone.om.exceptions.OMException: Allocated 0 blocks. Requested 1 blocks
	at org.apache.hadoop.ozone.om.protocolPB.OzoneManagerProtocolClientSideTranslatorPB.handleError(OzoneManagerProtocolClientSideTranslatorPB.java:725)
	at org.apache.hadoop.ozone.om.protocolPB.OzoneManagerProtocolClientSideTranslatorPB.createFile(OzoneManagerProtocolClientSideTranslatorPB.java:1474)
	at org.apache.hadoop.ozone.client.rpc.RpcClient.createFile(RpcClient.java:984)
	at org.apache.hadoop.ozone.client.OzoneBucket.createFile(OzoneBucket.java:535)
	at org.apache.hadoop.fs.ozone.BasicOzoneClientAdapterImpl.createFile(BasicOzoneClientAdapterImpl.java:181)
	at org.apache.hadoop.fs.ozone.BasicOzoneFileSystem.createOutputStream(BasicOzoneFileSystem.java:249)
	at org.apache.hadoop.fs.ozone.BasicOzoneFileSystem.create(BasicOzoneFileSystem.java:230)
	at org.apache.hadoop.fs.FileSystem.create(FileSystem.java:1118)
	at org.apache.hadoop.fs.FileSystem.create(FileSystem.java:1098)
	at org.apache.hadoop.fs.FileSystem.create(FileSystem.java:987)
	at org.apache.hadoop.fs.FileSystem.create(FileSystem.java:975)
	at org.apache.hadoop.fs.ozone.TestOzoneFileInterfaces.testOzFsReadWrite(TestOzoneFileInterfaces.java:186)
	at sun.reflect.NativeMethodAccessorImpl.invoke0(Native Method)
	at sun.reflect.NativeMethodAccessorImpl.invoke(NativeMethodAccessorImpl.java:62)
	at sun.reflect.DelegatingMethodAccessorImpl.invoke(DelegatingMethodAccessorImpl.java:43)
	at java.lang.reflect.Method.invoke(Method.java:498)
	at org.junit.runners.model.FrameworkMethod$1.runReflectiveCall(FrameworkMethod.java:47)
	at org.junit.internal.runners.model.ReflectiveCallable.run(ReflectiveCallable.java:12)
	at org.junit.runners.model.FrameworkMethod.invokeExplosively(FrameworkMethod.java:44)
	at org.junit.internal.runners.statements.InvokeMethod.evaluate(InvokeMethod.java:17)
	at org.junit.internal.runners.statements.RunBefores.evaluate(RunBefores.java:26)
	at org.junit.internal.runners.statements.RunAfters.evaluate(RunAfters.java:27)
	at org.junit.runners.ParentRunner.runLeaf(ParentRunner.java:271)
	at org.junit.runners.BlockJUnit4ClassRunner.runChild(BlockJUnit4ClassRunner.java:70)
	at org.junit.runners.BlockJUnit4ClassRunner.runChild(BlockJUnit4ClassRunner.java:50)
	at org.junit.runners.ParentRunner$3.run(ParentRunner.java:238)
	at org.junit.runners.ParentRunner$1.schedule(ParentRunner.java:63)
	at org.junit.runners.ParentRunner.runChildren(ParentRunner.java:236)
	at org.junit.runners.ParentRunner.access$000(ParentRunner.java:53)
	at org.junit.runners.ParentRunner$2.evaluate(ParentRunner.java:229)
	at org.junit.runners.ParentRunner.run(ParentRunner.java:309)
	at org.junit.runners.Suite.runChild(Suite.java:127)
	at org.junit.runners.Suite.runChild(Suite.java:26)
	at org.junit.runners.ParentRunner$3.run(ParentRunner.java:238)
	at org.junit.runners.ParentRunner$1.schedule(ParentRunner.java:63)
	at org.junit.runners.ParentRunner.runChildren(ParentRunner.java:236)
	at org.junit.runners.ParentRunner.access$000(ParentRunner.java:53)
	at org.junit.runners.ParentRunner$2.evaluate(ParentRunner.java:229)
	at org.junit.runners.ParentRunner.run(ParentRunner.java:309)
	at org.apache.maven.surefire.junit4.JUnit4Provider.execute(JUnit4Provider.java:365)
	at org.apache.maven.surefire.junit4.JUnit4Provider.executeWithRerun(JUnit4Provider.java:273)
	at org.apache.maven.surefire.junit4.JUnit4Provider.executeTestSet(JUnit4Provider.java:238)
	at org.apache.maven.surefire.junit4.JUnit4Provider.invoke(JUnit4Provider.java:159)
	at org.apache.maven.surefire.booter.ForkedBooter.invokeProviderInSameClassLoader(ForkedBooter.java:384)
	at org.apache.maven.surefire.booter.ForkedBooter.runSuitesInProcess(ForkedBooter.java:345)
	at org.apache.maven.surefire.booter.ForkedBooter.execute(ForkedBooter.java:126)
	at org.apache.maven.surefire.booter.ForkedBooter.main(ForkedBooter.java:418)
</error>
    <system-out><![CDATA[2019-09-19 16:57:33,828 [main] WARN  server.ServerUtils (ServerUtils.java:getScmDbDir(145)) - ozone.scm.db.dirs is not configured. We recommend adding this setting. Falling back to ozone.metadata.dirs instead.
2019-09-19 16:57:33,842 [main] WARN  server.ServerUtils (ServerUtils.java:getScmDbDir(145)) - ozone.scm.db.dirs is not configured. We recommend adding this setting. Falling back to ozone.metadata.dirs instead.
2019-09-19 16:57:33,843 [main] WARN  server.ServerUtils (ServerUtils.java:getScmDbDir(145)) - ozone.scm.db.dirs is not configured. We recommend adding this setting. Falling back to ozone.metadata.dirs instead.
2019-09-19 16:57:33,843 [main] INFO  db.DBStoreBuilder (DBStoreBuilder.java:addTable(110)) - using custom profile for table: deletedBlocks
2019-09-19 16:57:33,844 [main] INFO  db.DBStoreBuilder (DBStoreBuilder.java:processTables(161)) - Using default column profile:DBProfile.DISK for Table:deletedBlocks
2019-09-19 16:57:33,844 [main] INFO  db.DBStoreBuilder (DBStoreBuilder.java:addTable(110)) - using custom profile for table: validCerts
2019-09-19 16:57:33,844 [main] INFO  db.DBStoreBuilder (DBStoreBuilder.java:processTables(161)) - Using default column profile:DBProfile.DISK for Table:validCerts
2019-09-19 16:57:33,844 [main] INFO  db.DBStoreBuilder (DBStoreBuilder.java:addTable(110)) - using custom profile for table: revokedCerts
2019-09-19 16:57:33,845 [main] INFO  db.DBStoreBuilder (DBStoreBuilder.java:processTables(161)) - Using default column profile:DBProfile.DISK for Table:revokedCerts
2019-09-19 16:57:33,845 [main] INFO  db.DBStoreBuilder (DBStoreBuilder.java:addTable(110)) - using custom profile for table: default
2019-09-19 16:57:33,845 [main] INFO  db.DBStoreBuilder (DBStoreBuilder.java:processTables(167)) - Using default column profile:DBProfile.DISK for Table:default
2019-09-19 16:57:33,845 [main] INFO  db.DBStoreBuilder (DBStoreBuilder.java:getDbProfile(198)) - Using default options. DBProfile.DISK
2019-09-19 16:57:34,015 [main] INFO  net.NodeSchemaLoader (NodeSchemaLoader.java:loadSchemaFromFile(125)) - Loading file from sun.misc.CompoundEnumeration@46135aba
2019-09-19 16:57:34,016 [main] INFO  net.NodeSchemaLoader (NodeSchemaLoader.java:loadSchema(171)) - Loading network topology layer schema file
2019-09-19 16:57:34,021 [main] WARN  server.ServerUtils (ServerUtils.java:sanitizeUserArgs(70)) - ozone.scm.stale.node.interval value = 300000 is larger than max = 100000 based on the key value of ozone.scm.heartbeat.thread.interval, reset to the max value 100000.
2019-09-19 16:57:34,021 [main] WARN  server.ServerUtils (ServerUtils.java:sanitizeUserArgs(70)) - ozone.scm.stale.node.interval value = 300000 is larger than max = 100000 based on the key value of ozone.scm.heartbeat.thread.interval, reset to the max value 100000.
2019-09-19 16:57:34,022 [main] INFO  node.SCMNodeManager (SCMNodeManager.java:<init>(121)) - Entering startup safe mode.
2019-09-19 16:57:34,023 [main] INFO  algorithms.ContainerPlacementPolicyFactory (ContainerPlacementPolicyFactory.java:getPolicy(56)) - Create container placement policy of type org.apache.hadoop.hdds.scm.container.placement.algorithms.SCMContainerPlacementRandom
2019-09-19 16:57:34,023 [main] WARN  server.ServerUtils (ServerUtils.java:getScmDbDir(145)) - ozone.scm.db.dirs is not configured. We recommend adding this setting. Falling back to ozone.metadata.dirs instead.
2019-09-19 16:57:34,047 [main] INFO  pipeline.SCMPipelineManager (SCMPipelineManager.java:initializePipelineState(126)) - No pipeline exists in current db
2019-09-19 16:57:34,047 [main] WARN  server.ServerUtils (ServerUtils.java:getScmDbDir(145)) - ozone.scm.db.dirs is not configured. We recommend adding this setting. Falling back to ozone.metadata.dirs instead.
2019-09-19 16:57:34,075 [main] WARN  events.EventQueue (EventQueue.java:fireEvent(175)) - No event handler registered for event TypedEvent{payloadType=SafeModeStatus, name='SafeModeStatus'}
2019-09-19 16:57:34,076 [main] INFO  ipc.CallQueueManager (CallQueueManager.java:<init>(84)) - Using callQueue: class java.util.concurrent.LinkedBlockingQueue, queueCapacity: 2000, scheduler: class org.apache.hadoop.ipc.DefaultRpcScheduler, ipcBackoff: false.
2019-09-19 16:57:34,080 [Socket Reader #1 for port 35706] INFO  ipc.Server (Server.java:run(1074)) - Starting Socket Reader #1 for port 35706
2019-09-19 16:57:34,080 [main] INFO  ipc.CallQueueManager (CallQueueManager.java:<init>(84)) - Using callQueue: class java.util.concurrent.LinkedBlockingQueue, queueCapacity: 2000, scheduler: class org.apache.hadoop.ipc.DefaultRpcScheduler, ipcBackoff: false.
2019-09-19 16:57:34,082 [Socket Reader #1 for port 33967] INFO  ipc.Server (Server.java:run(1074)) - Starting Socket Reader #1 for port 33967
2019-09-19 16:57:34,084 [main] INFO  ipc.CallQueueManager (CallQueueManager.java:<init>(84)) - Using callQueue: class java.util.concurrent.LinkedBlockingQueue, queueCapacity: 2000, scheduler: class org.apache.hadoop.ipc.DefaultRpcScheduler, ipcBackoff: false.
2019-09-19 16:57:34,085 [Socket Reader #1 for port 32829] INFO  ipc.Server (Server.java:run(1074)) - Starting Socket Reader #1 for port 32829
2019-09-19 16:57:34,087 [main] INFO  hdfs.DFSUtil (DFSUtil.java:httpServerTemplateForNNAndJN(1641)) - Starting Web-server for scm at: http://0.0.0.0:0
2019-09-19 16:57:34,090 [main] INFO  server.AuthenticationFilter (AuthenticationFilter.java:constructSecretProvider(240)) - Unable to initialize FileSignerSecretProvider, falling back to use random secrets.
2019-09-19 16:57:34,091 [main] WARN  http.HttpRequestLog (HttpRequestLog.java:getRequestLog(97)) - Jetty request log can only be enabled using Log4j
2019-09-19 16:57:34,093 [main] INFO  http.HttpServer2 (HttpServer2.java:addGlobalFilter(975)) - Added global filter 'safety' (class=org.apache.hadoop.http.HttpServer2$QuotingInputFilter)
2019-09-19 16:57:34,094 [main] INFO  http.HttpServer2 (HttpServer2.java:addFilter(948)) - Added filter static_user_filter (class=org.apache.hadoop.http.lib.StaticUserWebFilter$StaticUserFilter) to context scm
2019-09-19 16:57:34,094 [main] INFO  http.HttpServer2 (HttpServer2.java:addFilter(958)) - Added filter static_user_filter (class=org.apache.hadoop.http.lib.StaticUserWebFilter$StaticUserFilter) to context logs
2019-09-19 16:57:34,094 [main] INFO  http.HttpServer2 (HttpServer2.java:addFilter(958)) - Added filter static_user_filter (class=org.apache.hadoop.http.lib.StaticUserWebFilter$StaticUserFilter) to context static
2019-09-19 16:57:34,096 [main] INFO  server.StorageContainerManager (StorageContainerManager.java:start(759)) - StorageContainerLocationProtocol RPC server is listening at /0.0.0.0:32829
2019-09-19 16:57:34,099 [main] WARN  impl.MetricsConfig (MetricsConfig.java:loadFirst(134)) - Cannot locate configuration: tried hadoop-metrics2-storagecontainermanager.properties,hadoop-metrics2.properties
2019-09-19 16:57:34,100 [main] INFO  impl.MetricsSystemImpl (MetricsSystemImpl.java:startTimer(374)) - Scheduled Metric snapshot period at 10 second(s).
2019-09-19 16:57:34,100 [main] INFO  impl.MetricsSystemImpl (MetricsSystemImpl.java:start(191)) - StorageContainerManager metrics system started
2019-09-19 16:57:34,186 [main] INFO  server.SCMClientProtocolServer (SCMClientProtocolServer.java:start(151)) - RPC server for Client  is listening at /0.0.0.0:32829
2019-09-19 16:57:34,187 [IPC Server Responder] INFO  ipc.Server (Server.java:run(1314)) - IPC Server Responder: starting
2019-09-19 16:57:34,187 [IPC Server listener on 32829] INFO  ipc.Server (Server.java:run(1153)) - IPC Server listener on 32829: starting
2019-09-19 16:57:34,191 [main] INFO  server.StorageContainerManager (StorageContainerManager.java:start(769)) - ScmBlockLocationProtocol RPC server is listening at /0.0.0.0:33967
2019-09-19 16:57:34,191 [main] INFO  server.SCMBlockProtocolServer (SCMBlockProtocolServer.java:start(140)) - RPC server for Block Protocol is listening at /0.0.0.0:33967
2019-09-19 16:57:34,192 [IPC Server listener on 33967] INFO  ipc.Server (Server.java:run(1153)) - IPC Server listener on 33967: starting
2019-09-19 16:57:34,192 [IPC Server Responder] INFO  ipc.Server (Server.java:run(1314)) - IPC Server Responder: starting
2019-09-19 16:57:34,196 [main] INFO  server.StorageContainerManager (StorageContainerManager.java:start(773)) - ScmDatanodeProtocl RPC server is listening at /0.0.0.0:35706
2019-09-19 16:57:34,196 [main] INFO  server.SCMDatanodeProtocolServer (SCMDatanodeProtocolServer.java:start(191)) - RPC server for DataNodes is listening at /0.0.0.0:35706
2019-09-19 16:57:34,197 [IPC Server Responder] INFO  ipc.Server (Server.java:run(1314)) - IPC Server Responder: starting
2019-09-19 16:57:34,197 [IPC Server listener on 35706] INFO  ipc.Server (Server.java:run(1153)) - IPC Server listener on 35706: starting
2019-09-19 16:57:34,201 [main] INFO  http.HttpServer2 (HttpServer2.java:bindListener(1191)) - Jetty bound to port 33757
2019-09-19 16:57:34,201 [main] INFO  server.Server (Server.java:doStart(351)) - jetty-9.3.24.v20180605, build timestamp: 2018-06-05T17:11:56Z, git hash: 84205aa28f11a4f31f2a3b86d1bba2cc8ab69827
2019-09-19 16:57:34,203 [main] INFO  handler.ContextHandler (ContextHandler.java:doStart(781)) - Started o.e.j.s.ServletContextHandler@2c73a332{/logs,file:///workdir/hadoop-ozone/ozonefs/target/log,AVAILABLE}
2019-09-19 16:57:34,204 [main] INFO  handler.ContextHandler (ContextHandler.java:doStart(781)) - Started o.e.j.s.ServletContextHandler@3a24306e{/static,jar:file:/home/user/.m2/repository/org/apache/hadoop/hadoop-hdds-server-scm/0.5.0-SNAPSHOT/hadoop-hdds-server-scm-0.5.0-SNAPSHOT.jar!/webapps/static,AVAILABLE}
2019-09-19 16:57:34,251 [main] INFO  handler.ContextHandler (ContextHandler.java:doStart(781)) - Started o.e.j.w.WebAppContext@7158a28c{/,file:///tmp/jetty-0.0.0.0-33757-scm-_-any-1157974465461421654.dir/webapp/,AVAILABLE}{/scm}
2019-09-19 16:57:34,251 [main] INFO  server.AbstractConnector (AbstractConnector.java:doStart(278)) - Started ServerConnector@413fe58f{HTTP/1.1,[http/1.1]}{0.0.0.0:33757}
2019-09-19 16:57:34,251 [main] INFO  server.Server (Server.java:doStart(419)) - Started @198461ms
2019-09-19 16:57:34,253 [main] INFO  server.BaseHttpServer (BaseHttpServer.java:updateConnectorAddress(213)) - HTTP server of SCM is listening at http://0.0.0.0:33757
2019-09-19 16:57:34,253 [main] WARN  server.ServerUtils (ServerUtils.java:getDBPath(222)) - ozone.om.db.dirs is not configured. We recommend adding this setting. Falling back to ozone.metadata.dirs instead.
2019-09-19 16:57:34,254 [org.apache.hadoop.util.JvmPauseMonitor$Monitor@1254e9a7] INFO  util.JvmPauseMonitor (JvmPauseMonitor.java:run(188)) - Starting JVM pause monitor
2019-09-19 16:57:34,279 [main] WARN  server.ServerUtils (ServerUtils.java:getDBPath(222)) - ozone.om.db.dirs is not configured. We recommend adding this setting. Falling back to ozone.metadata.dirs instead.
2019-09-19 16:57:34,279 [main] WARN  server.ServerUtils (ServerUtils.java:getDBPath(222)) - ozone.om.db.dirs is not configured. We recommend adding this setting. Falling back to ozone.metadata.dirs instead.
2019-09-19 16:57:34,280 [main] INFO  om.OzoneManager (OzoneManager.java:setOMNodeDetails(645)) - OM Service ID is not set. Setting it to the default ID: omServiceIdDefault
2019-09-19 16:57:34,280 [main] INFO  om.OzoneManager (OzoneManager.java:setOMNodeDetails(651)) - OM Node ID is not set. Setting it to the OmStorage's OmID: a116340d-265d-4f39-93da-e642c4892a54
2019-09-19 16:57:34,280 [main] INFO  om.OzoneManager (OzoneManager.java:loadOMHAConfigs(602)) - Found matching OM address with OMServiceId: null, OMNodeId: null, RPC Address: localhost:0 and Ratis port: 9872
2019-09-19 16:57:34,284 | INFO  | SCMAudit | user=jenkins1000 | ip=192.168.157.226 | op=GET_SCM_INFO null | ret=SUCCESS |  
2019-09-19 16:57:34,287 [main] WARN  server.ServerUtils (ServerUtils.java:getDBPath(222)) - ozone.om.db.dirs is not configured. We recommend adding this setting. Falling back to ozone.metadata.dirs instead.
2019-09-19 16:57:34,287 [main] INFO  db.DBStoreBuilder (DBStoreBuilder.java:addTable(110)) - using custom profile for table: userTable
2019-09-19 16:57:34,287 [main] INFO  db.DBStoreBuilder (DBStoreBuilder.java:processTables(161)) - Using default column profile:DBProfile.DISK for Table:userTable
2019-09-19 16:57:34,287 [main] INFO  db.DBStoreBuilder (DBStoreBuilder.java:addTable(110)) - using custom profile for table: volumeTable
2019-09-19 16:57:34,288 [main] INFO  db.DBStoreBuilder (DBStoreBuilder.java:processTables(161)) - Using default column profile:DBProfile.DISK for Table:volumeTable
2019-09-19 16:57:34,288 [main] INFO  db.DBStoreBuilder (DBStoreBuilder.java:addTable(110)) - using custom profile for table: bucketTable
2019-09-19 16:57:34,288 [main] INFO  db.DBStoreBuilder (DBStoreBuilder.java:processTables(161)) - Using default column profile:DBProfile.DISK for Table:bucketTable
2019-09-19 16:57:34,288 [main] INFO  db.DBStoreBuilder (DBStoreBuilder.java:addTable(110)) - using custom profile for table: keyTable
2019-09-19 16:57:34,288 [main] INFO  db.DBStoreBuilder (DBStoreBuilder.java:processTables(161)) - Using default column profile:DBProfile.DISK for Table:keyTable
2019-09-19 16:57:34,288 [main] INFO  db.DBStoreBuilder (DBStoreBuilder.java:addTable(110)) - using custom profile for table: deletedTable
2019-09-19 16:57:34,289 [main] INFO  db.DBStoreBuilder (DBStoreBuilder.java:processTables(161)) - Using default column profile:DBProfile.DISK for Table:deletedTable
2019-09-19 16:57:34,289 [main] INFO  db.DBStoreBuilder (DBStoreBuilder.java:addTable(110)) - using custom profile for table: openKeyTable
2019-09-19 16:57:34,289 [main] INFO  db.DBStoreBuilder (DBStoreBuilder.java:processTables(161)) - Using default column profile:DBProfile.DISK for Table:openKeyTable
2019-09-19 16:57:34,289 [main] INFO  db.DBStoreBuilder (DBStoreBuilder.java:addTable(110)) - using custom profile for table: s3Table
2019-09-19 16:57:34,289 [main] INFO  db.DBStoreBuilder (DBStoreBuilder.java:processTables(161)) - Using default column profile:DBProfile.DISK for Table:s3Table
2019-09-19 16:57:34,289 [main] INFO  db.DBStoreBuilder (DBStoreBuilder.java:addTable(110)) - using custom profile for table: multipartInfoTable
2019-09-19 16:57:34,290 [main] INFO  db.DBStoreBuilder (DBStoreBuilder.java:processTables(161)) - Using default column profile:DBProfile.DISK for Table:multipartInfoTable
2019-09-19 16:57:34,290 [main] INFO  db.DBStoreBuilder (DBStoreBuilder.java:addTable(110)) - using custom profile for table: dTokenTable
2019-09-19 16:57:34,290 [main] INFO  db.DBStoreBuilder (DBStoreBuilder.java:processTables(161)) - Using default column profile:DBProfile.DISK for Table:dTokenTable
2019-09-19 16:57:34,290 [main] INFO  db.DBStoreBuilder (DBStoreBuilder.java:addTable(110)) - using custom profile for table: s3SecretTable
2019-09-19 16:57:34,290 [main] INFO  db.DBStoreBuilder (DBStoreBuilder.java:processTables(161)) - Using default column profile:DBProfile.DISK for Table:s3SecretTable
2019-09-19 16:57:34,290 [main] INFO  db.DBStoreBuilder (DBStoreBuilder.java:addTable(110)) - using custom profile for table: prefixTable
2019-09-19 16:57:34,291 [main] INFO  db.DBStoreBuilder (DBStoreBuilder.java:processTables(161)) - Using default column profile:DBProfile.DISK for Table:prefixTable
2019-09-19 16:57:34,291 [main] INFO  db.DBStoreBuilder (DBStoreBuilder.java:addTable(110)) - using custom profile for table: default
2019-09-19 16:57:34,291 [main] INFO  db.DBStoreBuilder (DBStoreBuilder.java:processTables(167)) - Using default column profile:DBProfile.DISK for Table:default
2019-09-19 16:57:34,291 [main] INFO  db.DBStoreBuilder (DBStoreBuilder.java:getDbProfile(198)) - Using default options. DBProfile.DISK
2019-09-19 16:57:34,736 [main] INFO  ipc.CallQueueManager (CallQueueManager.java:<init>(84)) - Using callQueue: class java.util.concurrent.LinkedBlockingQueue, queueCapacity: 2000, scheduler: class org.apache.hadoop.ipc.DefaultRpcScheduler, ipcBackoff: false.
2019-09-19 16:57:34,737 [Socket Reader #1 for port 43828] INFO  ipc.Server (Server.java:run(1074)) - Starting Socket Reader #1 for port 43828
2019-09-19 16:57:34,760 [main] INFO  om.OzoneManager (OzoneManager.java:start(1256)) - OzoneManager RPC server is listening at localhost/127.0.0.1:43828
2019-09-19 16:57:34,760 [main] INFO  impl.MetricsSystemImpl (MetricsSystemImpl.java:init(158)) - OzoneManager metrics system started (again)
2019-09-19 16:57:34,761 [IPC Server Responder] INFO  ipc.Server (Server.java:run(1314)) - IPC Server Responder: starting
2019-09-19 16:57:34,761 [IPC Server listener on 43828] INFO  ipc.Server (Server.java:run(1153)) - IPC Server listener on 43828: starting
2019-09-19 16:57:34,771 [main] INFO  hdfs.DFSUtil (DFSUtil.java:httpServerTemplateForNNAndJN(1641)) - Starting Web-server for ozoneManager at: http://0.0.0.0:0
2019-09-19 16:57:34,773 [main] INFO  server.AuthenticationFilter (AuthenticationFilter.java:constructSecretProvider(240)) - Unable to initialize FileSignerSecretProvider, falling back to use random secrets.
2019-09-19 16:57:34,773 [main] WARN  http.HttpRequestLog (HttpRequestLog.java:getRequestLog(97)) - Jetty request log can only be enabled using Log4j
2019-09-19 16:57:34,776 [main] INFO  http.HttpServer2 (HttpServer2.java:addGlobalFilter(975)) - Added global filter 'safety' (class=org.apache.hadoop.http.HttpServer2$QuotingInputFilter)
2019-09-19 16:57:34,777 [main] INFO  http.HttpServer2 (HttpServer2.java:addFilter(948)) - Added filter static_user_filter (class=org.apache.hadoop.http.lib.StaticUserWebFilter$StaticUserFilter) to context ozoneManager
2019-09-19 16:57:34,777 [main] INFO  http.HttpServer2 (HttpServer2.java:addFilter(958)) - Added filter static_user_filter (class=org.apache.hadoop.http.lib.StaticUserWebFilter$StaticUserFilter) to context static
2019-09-19 16:57:34,777 [main] INFO  http.HttpServer2 (HttpServer2.java:addFilter(958)) - Added filter static_user_filter (class=org.apache.hadoop.http.lib.StaticUserWebFilter$StaticUserFilter) to context logs
2019-09-19 16:57:34,778 [main] INFO  http.HttpServer2 (HttpServer2.java:bindListener(1191)) - Jetty bound to port 42195
2019-09-19 16:57:34,778 [main] INFO  server.Server (Server.java:doStart(351)) - jetty-9.3.24.v20180605, build timestamp: 2018-06-05T17:11:56Z, git hash: 84205aa28f11a4f31f2a3b86d1bba2cc8ab69827
2019-09-19 16:57:34,780 [main] INFO  handler.ContextHandler (ContextHandler.java:doStart(781)) - Started o.e.j.s.ServletContextHandler@3118a{/logs,file:///workdir/hadoop-ozone/ozonefs/target/log,AVAILABLE}
2019-09-19 16:57:34,781 [main] INFO  handler.ContextHandler (ContextHandler.java:doStart(781)) - Started o.e.j.s.ServletContextHandler@1228a579{/static,jar:file:/home/user/.m2/repository/org/apache/hadoop/hadoop-ozone-ozone-manager/0.5.0-SNAPSHOT/hadoop-ozone-ozone-manager-0.5.0-SNAPSHOT.jar!/webapps/static,AVAILABLE}
2019-09-19 16:57:34,846 [main] INFO  handler.ContextHandler (ContextHandler.java:doStart(781)) - Started o.e.j.w.WebAppContext@1fb66050{/,file:///tmp/jetty-0.0.0.0-42195-ozoneManager-_-any-2885785523820909220.dir/webapp/,AVAILABLE}{/ozoneManager}
2019-09-19 16:57:34,846 [main] INFO  server.AbstractConnector (AbstractConnector.java:doStart(278)) - Started ServerConnector@65f68e96{HTTP/1.1,[http/1.1]}{0.0.0.0:42195}
2019-09-19 16:57:34,847 [main] INFO  server.Server (Server.java:doStart(419)) - Started @199056ms
2019-09-19 16:57:34,849 [main] INFO  server.BaseHttpServer (BaseHttpServer.java:updateConnectorAddress(213)) - HTTP server of OZONEMANAGER is listening at http://0.0.0.0:42195
2019-09-19 16:57:34,860 [main] INFO  impl.MetricsSystemImpl (MetricsSystemImpl.java:init(158)) - HddsDatanode metrics system started (again)
2019-09-19 16:57:34,863 [main] INFO  ozone.HddsDatanodeService (HddsDatanodeService.java:start(184)) - HddsDatanodeService host:pr-hdds-1569-swxfz-3172132826 ip:192.168.157.226
2019-09-19 16:57:34,875 [main] INFO  volume.HddsVolume (HddsVolume.java:<init>(176)) - Creating Volume: /workdir/hadoop-ozone/ozonefs/target/test-dir/MiniOzoneClusterImpl-3d3a7b5e-b8a0-4c61-bcb4-dda3d52dd67e/datanode-0/data/containers/hdds of  storage type : DISK and capacity : 1482555576320
2019-09-19 16:57:34,875 [main] INFO  volume.VolumeSet (VolumeSet.java:initializeVolumeSet(170)) - Added Volume : /workdir/hadoop-ozone/ozonefs/target/test-dir/MiniOzoneClusterImpl-3d3a7b5e-b8a0-4c61-bcb4-dda3d52dd67e/datanode-0/data/containers/hdds to VolumeSet
2019-09-19 16:57:34,876 [main] INFO  volume.ThrottledAsyncChecker (ThrottledAsyncChecker.java:schedule(140)) - Scheduling a check for org.apache.hadoop.ozone.container.common.volume.HddsVolume@54b45cfe
2019-09-19 16:57:34,879 [main] INFO  volume.HddsVolumeChecker (HddsVolumeChecker.java:checkAllVolumes(203)) - Scheduled health check for volume org.apache.hadoop.ozone.container.common.volume.HddsVolume@54b45cfe
2019-09-19 16:57:34,905 [main] INFO  impl.RaftServerProxy (ConfUtils.java:logGet(43)) - raft.rpc.type = GRPC (default)
2019-09-19 16:57:34,906 [main] INFO  grpc.GrpcFactory (GrpcFactory.java:checkPooledByteBufAllocatorUseCacheForAllThreads(45)) - PERFORMANCE WARNING: useCacheForAllThreads is true that may cause Netty to create a lot garbage objects and, as a result, trigger GC.
	It is recommended to disable useCacheForAllThreads by setting -Dorg.apache.ratis.thirdparty.io.netty.allocator.useCacheForAllThreads=false in command line.
2019-09-19 16:57:34,906 [main] INFO  grpc.GrpcConfigKeys$Server (ConfUtils.java:logGet(43)) - raft.grpc.server.port = 0 (default)
2019-09-19 16:57:34,906 [main] INFO  server.GrpcService (ConfUtils.java:logGet(43)) - raft.grpc.message.size.max = 33570816 (custom)
2019-09-19 16:57:34,906 [main] INFO  server.RaftServerConfigKeys (ConfUtils.java:logGet(43)) - raft.server.log.appender.buffer.byte-limit = 33554432 (custom)
2019-09-19 16:57:34,907 [main] INFO  server.GrpcService (ConfUtils.java:logGet(43)) - raft.grpc.flow.control.window = 1MB (=1048576) (default)
2019-09-19 16:57:34,907 [main] INFO  server.RaftServerConfigKeys (ConfUtils.java:logGet(43)) - raft.server.rpc.request.timeout = 3000ms (default)
2019-09-19 16:57:34,908 [main] INFO  server.RaftServerConfigKeys (ConfUtils.java:logGet(43)) - raft.server.storage.dir = [/workdir/hadoop-ozone/ozonefs/target/test-dir/MiniOzoneClusterImpl-3d3a7b5e-b8a0-4c61-bcb4-dda3d52dd67e/datanode-0/data/ratis] (custom)
2019-09-19 16:57:34,908 [main] INFO  replication.SimpleContainerDownloader (SimpleContainerDownloader.java:<init>(72)) - Starting container downloader service to copy containers to replicate.
2019-09-19 16:57:34,909 [main] INFO  hdfs.DFSUtil (DFSUtil.java:httpServerTemplateForNNAndJN(1641)) - Starting Web-server for hddsDatanode at: http://0.0.0.0:0
2019-09-19 16:57:34,911 [main] INFO  server.AuthenticationFilter (AuthenticationFilter.java:constructSecretProvider(240)) - Unable to initialize FileSignerSecretProvider, falling back to use random secrets.
2019-09-19 16:57:34,911 [main] WARN  http.HttpRequestLog (HttpRequestLog.java:getRequestLog(97)) - Jetty request log can only be enabled using Log4j
2019-09-19 16:57:34,913 [main] INFO  http.HttpServer2 (HttpServer2.java:addGlobalFilter(975)) - Added global filter 'safety' (class=org.apache.hadoop.http.HttpServer2$QuotingInputFilter)
2019-09-19 16:57:34,914 [main] INFO  http.HttpServer2 (HttpServer2.java:addFilter(948)) - Added filter static_user_filter (class=org.apache.hadoop.http.lib.StaticUserWebFilter$StaticUserFilter) to context hddsDatanode
2019-09-19 16:57:34,914 [main] INFO  http.HttpServer2 (HttpServer2.java:addFilter(958)) - Added filter static_user_filter (class=org.apache.hadoop.http.lib.StaticUserWebFilter$StaticUserFilter) to context static
2019-09-19 16:57:34,914 [main] INFO  http.HttpServer2 (HttpServer2.java:addFilter(958)) - Added filter static_user_filter (class=org.apache.hadoop.http.lib.StaticUserWebFilter$StaticUserFilter) to context logs
2019-09-19 16:57:34,915 [main] INFO  http.HttpServer2 (HttpServer2.java:bindListener(1191)) - Jetty bound to port 44190
2019-09-19 16:57:34,915 [main] INFO  server.Server (Server.java:doStart(351)) - jetty-9.3.24.v20180605, build timestamp: 2018-06-05T17:11:56Z, git hash: 84205aa28f11a4f31f2a3b86d1bba2cc8ab69827
2019-09-19 16:57:34,917 [main] INFO  handler.ContextHandler (ContextHandler.java:doStart(781)) - Started o.e.j.s.ServletContextHandler@7c8c2d03{/logs,file:///workdir/hadoop-ozone/ozonefs/target/log,AVAILABLE}
2019-09-19 16:57:34,917 [main] INFO  handler.ContextHandler (ContextHandler.java:doStart(781)) - Started o.e.j.s.ServletContextHandler@1e27ed87{/static,jar:file:/home/user/.m2/repository/org/apache/hadoop/hadoop-hdds-container-service/0.5.0-SNAPSHOT/hadoop-hdds-container-service-0.5.0-SNAPSHOT.jar!/webapps/static,AVAILABLE}
2019-09-19 16:57:34,950 [main] INFO  handler.ContextHandler (ContextHandler.java:doStart(781)) - Started o.e.j.w.WebAppContext@61906bb1{/,file:///tmp/jetty-0.0.0.0-44190-hddsDatanode-_-any-5866860902075695534.dir/webapp/,AVAILABLE}{/hddsDatanode}
2019-09-19 16:57:34,950 [main] INFO  server.AbstractConnector (AbstractConnector.java:doStart(278)) - Started ServerConnector@46672a62{HTTP/1.1,[http/1.1]}{0.0.0.0:44190}
2019-09-19 16:57:34,951 [main] INFO  server.Server (Server.java:doStart(419)) - Started @199160ms
2019-09-19 16:57:34,952 [main] INFO  server.BaseHttpServer (BaseHttpServer.java:updateConnectorAddress(213)) - HTTP server of HDDSDATANODE is listening at http://0.0.0.0:44190
2019-09-19 16:57:35,076 | INFO  | ObjectStoreRestHttpServer | Listening HDDS REST traffic on /0.0.0.0:33229 |  
2019-09-19 16:57:35,076 [main] INFO  ozone.HddsDatanodeService (HddsDatanodeService.java:startPlugins(395)) - Started plug-in org.apache.hadoop.ozone.web.OzoneHddsDatanodeService@140e2d82
2019-09-19 16:57:35,076 [main] INFO  impl.MetricsSystemImpl (MetricsSystemImpl.java:init(158)) - HddsDatanode metrics system started (again)
2019-09-19 16:57:35,079 [main] INFO  ozone.HddsDatanodeService (HddsDatanodeService.java:start(184)) - HddsDatanodeService host:pr-hdds-1569-swxfz-3172132826 ip:192.168.157.226
2019-09-19 16:57:35,079 [org.apache.hadoop.util.JvmPauseMonitor$Monitor@280a96c7] INFO  util.JvmPauseMonitor (JvmPauseMonitor.java:run(188)) - Starting JVM pause monitor
2019-09-19 16:57:35,081 [Datanode State Machine Thread - 0] INFO  datanode.InitDatanodeState (InitDatanodeState.java:persistContainerDatanodeDetails(140)) - DatanodeDetails is persisted to /workdir/hadoop-ozone/ozonefs/target/test-dir/MiniOzoneClusterImpl-3d3a7b5e-b8a0-4c61-bcb4-dda3d52dd67e/datanode-0/meta/datanode.id
2019-09-19 16:57:35,090 [main] INFO  volume.HddsVolume (HddsVolume.java:<init>(176)) - Creating Volume: /workdir/hadoop-ozone/ozonefs/target/test-dir/MiniOzoneClusterImpl-3d3a7b5e-b8a0-4c61-bcb4-dda3d52dd67e/datanode-1/data/containers/hdds of  storage type : DISK and capacity : 1482555576320
2019-09-19 16:57:35,091 [main] INFO  volume.VolumeSet (VolumeSet.java:initializeVolumeSet(170)) - Added Volume : /workdir/hadoop-ozone/ozonefs/target/test-dir/MiniOzoneClusterImpl-3d3a7b5e-b8a0-4c61-bcb4-dda3d52dd67e/datanode-1/data/containers/hdds to VolumeSet
2019-09-19 16:57:35,091 [main] INFO  volume.ThrottledAsyncChecker (ThrottledAsyncChecker.java:schedule(140)) - Scheduling a check for org.apache.hadoop.ozone.container.common.volume.HddsVolume@39f1e9fc
2019-09-19 16:57:35,091 [main] INFO  volume.HddsVolumeChecker (HddsVolumeChecker.java:checkAllVolumes(203)) - Scheduled health check for volume org.apache.hadoop.ozone.container.common.volume.HddsVolume@39f1e9fc
2019-09-19 16:57:35,109 [main] INFO  impl.RaftServerProxy (ConfUtils.java:logGet(43)) - raft.rpc.type = GRPC (default)
2019-09-19 16:57:35,109 [main] INFO  grpc.GrpcFactory (GrpcFactory.java:checkPooledByteBufAllocatorUseCacheForAllThreads(45)) - PERFORMANCE WARNING: useCacheForAllThreads is true that may cause Netty to create a lot garbage objects and, as a result, trigger GC.
	It is recommended to disable useCacheForAllThreads by setting -Dorg.apache.ratis.thirdparty.io.netty.allocator.useCacheForAllThreads=false in command line.
2019-09-19 16:57:35,109 [main] INFO  grpc.GrpcConfigKeys$Server (ConfUtils.java:logGet(43)) - raft.grpc.server.port = 0 (default)
2019-09-19 16:57:35,109 [main] INFO  server.GrpcService (ConfUtils.java:logGet(43)) - raft.grpc.message.size.max = 33570816 (custom)
2019-09-19 16:57:35,110 [main] INFO  server.RaftServerConfigKeys (ConfUtils.java:logGet(43)) - raft.server.log.appender.buffer.byte-limit = 33554432 (custom)
2019-09-19 16:57:35,110 [main] INFO  server.GrpcService (ConfUtils.java:logGet(43)) - raft.grpc.flow.control.window = 1MB (=1048576) (default)
2019-09-19 16:57:35,110 [main] INFO  server.RaftServerConfigKeys (ConfUtils.java:logGet(43)) - raft.server.rpc.request.timeout = 3000ms (default)
2019-09-19 16:57:35,110 [main] INFO  server.RaftServerConfigKeys (ConfUtils.java:logGet(43)) - raft.server.storage.dir = [/workdir/hadoop-ozone/ozonefs/target/test-dir/MiniOzoneClusterImpl-3d3a7b5e-b8a0-4c61-bcb4-dda3d52dd67e/datanode-1/data/ratis] (custom)
2019-09-19 16:57:35,111 [main] INFO  replication.SimpleContainerDownloader (SimpleContainerDownloader.java:<init>(72)) - Starting container downloader service to copy containers to replicate.
2019-09-19 16:57:35,112 [main] INFO  hdfs.DFSUtil (DFSUtil.java:httpServerTemplateForNNAndJN(1641)) - Starting Web-server for hddsDatanode at: http://0.0.0.0:0
2019-09-19 16:57:35,113 [main] INFO  server.AuthenticationFilter (AuthenticationFilter.java:constructSecretProvider(240)) - Unable to initialize FileSignerSecretProvider, falling back to use random secrets.
2019-09-19 16:57:35,113 [main] WARN  http.HttpRequestLog (HttpRequestLog.java:getRequestLog(97)) - Jetty request log can only be enabled using Log4j
2019-09-19 16:57:35,115 [main] INFO  http.HttpServer2 (HttpServer2.java:addGlobalFilter(975)) - Added global filter 'safety' (class=org.apache.hadoop.http.HttpServer2$QuotingInputFilter)
2019-09-19 16:57:35,118 [main] INFO  http.HttpServer2 (HttpServer2.java:addFilter(948)) - Added filter static_user_filter (class=org.apache.hadoop.http.lib.StaticUserWebFilter$StaticUserFilter) to context hddsDatanode
2019-09-19 16:57:35,118 [main] INFO  http.HttpServer2 (HttpServer2.java:addFilter(958)) - Added filter static_user_filter (class=org.apache.hadoop.http.lib.StaticUserWebFilter$StaticUserFilter) to context logs
2019-09-19 16:57:35,118 [main] INFO  http.HttpServer2 (HttpServer2.java:addFilter(958)) - Added filter static_user_filter (class=org.apache.hadoop.http.lib.StaticUserWebFilter$StaticUserFilter) to context static
2019-09-19 16:57:35,119 [main] INFO  http.HttpServer2 (HttpServer2.java:bindListener(1191)) - Jetty bound to port 43700
2019-09-19 16:57:35,119 [main] INFO  server.Server (Server.java:doStart(351)) - jetty-9.3.24.v20180605, build timestamp: 2018-06-05T17:11:56Z, git hash: 84205aa28f11a4f31f2a3b86d1bba2cc8ab69827
2019-09-19 16:57:35,121 [main] INFO  handler.ContextHandler (ContextHandler.java:doStart(781)) - Started o.e.j.s.ServletContextHandler@29514616{/logs,file:///workdir/hadoop-ozone/ozonefs/target/log,AVAILABLE}
2019-09-19 16:57:35,121 [main] INFO  handler.ContextHandler (ContextHandler.java:doStart(781)) - Started o.e.j.s.ServletContextHandler@76fece79{/static,jar:file:/home/user/.m2/repository/org/apache/hadoop/hadoop-hdds-container-service/0.5.0-SNAPSHOT/hadoop-hdds-container-service-0.5.0-SNAPSHOT.jar!/webapps/static,AVAILABLE}
2019-09-19 16:57:35,148 [main] INFO  handler.ContextHandler (ContextHandler.java:doStart(781)) - Started o.e.j.w.WebAppContext@1f79536b{/,file:///tmp/jetty-0.0.0.0-43700-hddsDatanode-_-any-30600401307787001.dir/webapp/,AVAILABLE}{/hddsDatanode}
2019-09-19 16:57:35,148 [main] INFO  server.AbstractConnector (AbstractConnector.java:doStart(278)) - Started ServerConnector@6068e9d9{HTTP/1.1,[http/1.1]}{0.0.0.0:43700}
2019-09-19 16:57:35,149 [main] INFO  server.Server (Server.java:doStart(419)) - Started @199358ms
2019-09-19 16:57:35,150 [main] INFO  server.BaseHttpServer (BaseHttpServer.java:updateConnectorAddress(213)) - HTTP server of HDDSDATANODE is listening at http://0.0.0.0:43700
2019-09-19 16:57:35,275 | INFO  | ObjectStoreRestHttpServer | Listening HDDS REST traffic on /0.0.0.0:43100 |  
2019-09-19 16:57:35,275 [main] INFO  ozone.HddsDatanodeService (HddsDatanodeService.java:startPlugins(395)) - Started plug-in org.apache.hadoop.ozone.web.OzoneHddsDatanodeService@664c0019
2019-09-19 16:57:35,275 [main] INFO  impl.MetricsSystemImpl (MetricsSystemImpl.java:init(158)) - HddsDatanode metrics system started (again)
2019-09-19 16:57:35,278 [main] INFO  ozone.HddsDatanodeService (HddsDatanodeService.java:start(184)) - HddsDatanodeService host:pr-hdds-1569-swxfz-3172132826 ip:192.168.157.226
2019-09-19 16:57:35,278 [org.apache.hadoop.util.JvmPauseMonitor$Monitor@b856c90] INFO  util.JvmPauseMonitor (JvmPauseMonitor.java:run(188)) - Starting JVM pause monitor
2019-09-19 16:57:35,280 [Datanode State Machine Thread - 0] INFO  datanode.InitDatanodeState (InitDatanodeState.java:persistContainerDatanodeDetails(140)) - DatanodeDetails is persisted to /workdir/hadoop-ozone/ozonefs/target/test-dir/MiniOzoneClusterImpl-3d3a7b5e-b8a0-4c61-bcb4-dda3d52dd67e/datanode-1/meta/datanode.id
2019-09-19 16:57:35,289 [main] INFO  volume.HddsVolume (HddsVolume.java:<init>(176)) - Creating Volume: /workdir/hadoop-ozone/ozonefs/target/test-dir/MiniOzoneClusterImpl-3d3a7b5e-b8a0-4c61-bcb4-dda3d52dd67e/datanode-2/data/containers/hdds of  storage type : DISK and capacity : 1482555576320
2019-09-19 16:57:35,289 [main] INFO  volume.VolumeSet (VolumeSet.java:initializeVolumeSet(170)) - Added Volume : /workdir/hadoop-ozone/ozonefs/target/test-dir/MiniOzoneClusterImpl-3d3a7b5e-b8a0-4c61-bcb4-dda3d52dd67e/datanode-2/data/containers/hdds to VolumeSet
2019-09-19 16:57:35,289 [main] INFO  volume.ThrottledAsyncChecker (ThrottledAsyncChecker.java:schedule(140)) - Scheduling a check for org.apache.hadoop.ozone.container.common.volume.HddsVolume@62c4ad40
2019-09-19 16:57:35,290 [main] INFO  volume.HddsVolumeChecker (HddsVolumeChecker.java:checkAllVolumes(203)) - Scheduled health check for volume org.apache.hadoop.ozone.container.common.volume.HddsVolume@62c4ad40
2019-09-19 16:57:35,307 [main] INFO  impl.RaftServerProxy (ConfUtils.java:logGet(43)) - raft.rpc.type = GRPC (default)
2019-09-19 16:57:35,308 [main] INFO  grpc.GrpcFactory (GrpcFactory.java:checkPooledByteBufAllocatorUseCacheForAllThreads(45)) - PERFORMANCE WARNING: useCacheForAllThreads is true that may cause Netty to create a lot garbage objects and, as a result, trigger GC.
	It is recommended to disable useCacheForAllThreads by setting -Dorg.apache.ratis.thirdparty.io.netty.allocator.useCacheForAllThreads=false in command line.
2019-09-19 16:57:35,308 [main] INFO  grpc.GrpcConfigKeys$Server (ConfUtils.java:logGet(43)) - raft.grpc.server.port = 0 (default)
2019-09-19 16:57:35,308 [main] INFO  server.GrpcService (ConfUtils.java:logGet(43)) - raft.grpc.message.size.max = 33570816 (custom)
2019-09-19 16:57:35,308 [main] INFO  server.RaftServerConfigKeys (ConfUtils.java:logGet(43)) - raft.server.log.appender.buffer.byte-limit = 33554432 (custom)
2019-09-19 16:57:35,308 [main] INFO  server.GrpcService (ConfUtils.java:logGet(43)) - raft.grpc.flow.control.window = 1MB (=1048576) (default)
2019-09-19 16:57:35,308 [main] INFO  server.RaftServerConfigKeys (ConfUtils.java:logGet(43)) - raft.server.rpc.request.timeout = 3000ms (default)
2019-09-19 16:57:35,309 [main] INFO  server.RaftServerConfigKeys (ConfUtils.java:logGet(43)) - raft.server.storage.dir = [/workdir/hadoop-ozone/ozonefs/target/test-dir/MiniOzoneClusterImpl-3d3a7b5e-b8a0-4c61-bcb4-dda3d52dd67e/datanode-2/data/ratis] (custom)
2019-09-19 16:57:35,309 [main] INFO  replication.SimpleContainerDownloader (SimpleContainerDownloader.java:<init>(72)) - Starting container downloader service to copy containers to replicate.
2019-09-19 16:57:35,310 [main] INFO  hdfs.DFSUtil (DFSUtil.java:httpServerTemplateForNNAndJN(1641)) - Starting Web-server for hddsDatanode at: http://0.0.0.0:0
2019-09-19 16:57:35,311 [main] INFO  server.AuthenticationFilter (AuthenticationFilter.java:constructSecretProvider(240)) - Unable to initialize FileSignerSecretProvider, falling back to use random secrets.
2019-09-19 16:57:35,312 [main] WARN  http.HttpRequestLog (HttpRequestLog.java:getRequestLog(97)) - Jetty request log can only be enabled using Log4j
2019-09-19 16:57:35,313 [main] INFO  http.HttpServer2 (HttpServer2.java:addGlobalFilter(975)) - Added global filter 'safety' (class=org.apache.hadoop.http.HttpServer2$QuotingInputFilter)
2019-09-19 16:57:35,314 [main] INFO  http.HttpServer2 (HttpServer2.java:addFilter(948)) - Added filter static_user_filter (class=org.apache.hadoop.http.lib.StaticUserWebFilter$StaticUserFilter) to context hddsDatanode
2019-09-19 16:57:35,314 [main] INFO  http.HttpServer2 (HttpServer2.java:addFilter(958)) - Added filter static_user_filter (class=org.apache.hadoop.http.lib.StaticUserWebFilter$StaticUserFilter) to context static
2019-09-19 16:57:35,314 [main] INFO  http.HttpServer2 (HttpServer2.java:addFilter(958)) - Added filter static_user_filter (class=org.apache.hadoop.http.lib.StaticUserWebFilter$StaticUserFilter) to context logs
2019-09-19 16:57:35,314 [main] INFO  http.HttpServer2 (HttpServer2.java:bindListener(1191)) - Jetty bound to port 32773
2019-09-19 16:57:35,315 [main] INFO  server.Server (Server.java:doStart(351)) - jetty-9.3.24.v20180605, build timestamp: 2018-06-05T17:11:56Z, git hash: 84205aa28f11a4f31f2a3b86d1bba2cc8ab69827
2019-09-19 16:57:35,316 [main] INFO  handler.ContextHandler (ContextHandler.java:doStart(781)) - Started o.e.j.s.ServletContextHandler@3341ba8e{/logs,file:///workdir/hadoop-ozone/ozonefs/target/log,AVAILABLE}
2019-09-19 16:57:35,316 [main] INFO  handler.ContextHandler (ContextHandler.java:doStart(781)) - Started o.e.j.s.ServletContextHandler@4295b0b8{/static,jar:file:/home/user/.m2/repository/org/apache/hadoop/hadoop-hdds-container-service/0.5.0-SNAPSHOT/hadoop-hdds-container-service-0.5.0-SNAPSHOT.jar!/webapps/static,AVAILABLE}
2019-09-19 16:57:35,342 [main] INFO  handler.ContextHandler (ContextHandler.java:doStart(781)) - Started o.e.j.w.WebAppContext@3edd135d{/,file:///tmp/jetty-0.0.0.0-32773-hddsDatanode-_-any-6143446161838862456.dir/webapp/,AVAILABLE}{/hddsDatanode}
2019-09-19 16:57:35,343 [main] INFO  server.AbstractConnector (AbstractConnector.java:doStart(278)) - Started ServerConnector@3770dd80{HTTP/1.1,[http/1.1]}{0.0.0.0:32773}
2019-09-19 16:57:35,343 [main] INFO  server.Server (Server.java:doStart(419)) - Started @199552ms
2019-09-19 16:57:35,344 [main] INFO  server.BaseHttpServer (BaseHttpServer.java:updateConnectorAddress(213)) - HTTP server of HDDSDATANODE is listening at http://0.0.0.0:32773
2019-09-19 16:57:35,484 | INFO  | ObjectStoreRestHttpServer | Listening HDDS REST traffic on /0.0.0.0:36013 |  
2019-09-19 16:57:35,484 [main] INFO  ozone.HddsDatanodeService (HddsDatanodeService.java:startPlugins(395)) - Started plug-in org.apache.hadoop.ozone.web.OzoneHddsDatanodeService@7680cb52
2019-09-19 16:57:35,485 [main] INFO  ozone.MiniOzoneClusterImpl (MiniOzoneClusterImpl.java:lambda$waitForClusterToBeReady$0(142)) - Waiting for cluster to be ready. Got 0 of 3 DN Heartbeats.
2019-09-19 16:57:35,487 [org.apache.hadoop.util.JvmPauseMonitor$Monitor@35c7b297] INFO  util.JvmPauseMonitor (JvmPauseMonitor.java:run(188)) - Starting JVM pause monitor
2019-09-19 16:57:35,489 [Datanode State Machine Thread - 0] INFO  datanode.InitDatanodeState (InitDatanodeState.java:persistContainerDatanodeDetails(140)) - DatanodeDetails is persisted to /workdir/hadoop-ozone/ozonefs/target/test-dir/MiniOzoneClusterImpl-3d3a7b5e-b8a0-4c61-bcb4-dda3d52dd67e/datanode-2/meta/datanode.id
2019-09-19 16:57:36,485 [main] INFO  ozone.MiniOzoneClusterImpl (MiniOzoneClusterImpl.java:lambda$waitForClusterToBeReady$0(142)) - Waiting for cluster to be ready. Got 0 of 3 DN Heartbeats.
2019-09-19 16:57:37,085 | INFO  | SCMAudit | user=jenkins1000 | ip=192.168.157.226 | op=GET_VERSION null | ret=SUCCESS |  
2019-09-19 16:57:37,100 [Datanode State Machine Thread - 0] INFO  ozoneimpl.OzoneContainer (OzoneContainer.java:start(186)) - Attempting to start container services.
2019-09-19 16:57:37,100 [Datanode State Machine Thread - 0] INFO  ozoneimpl.OzoneContainer (OzoneContainer.java:startContainerScrub(160)) - Background container scrubber has been disabled by hdds.containerscrub.enabled
2019-09-19 16:57:37,100 [Datanode State Machine Thread - 0] INFO  ratis.XceiverServerRatis (XceiverServerRatis.java:start(404)) - Starting XceiverServerRatis 838bbf9f-7aeb-447a-af5f-488443b4a0c5 at port 0
2019-09-19 16:57:37,110 [Datanode State Machine Thread - 0] INFO  impl.RaftServerProxy (RaftServerProxy.java:lambda$start$3(299)) - 838bbf9f-7aeb-447a-af5f-488443b4a0c5: start RPC server
2019-09-19 16:57:37,113 [Datanode State Machine Thread - 0] INFO  server.GrpcService (GrpcService.java:startImpl(149)) - 838bbf9f-7aeb-447a-af5f-488443b4a0c5: GrpcService started, listening on 0.0.0.0/0.0.0.0:41146
2019-09-19 16:57:37,114 [Datanode State Machine Thread - 0] INFO  ratis.XceiverServerRatis (XceiverServerRatis.java:start(414)) - XceiverServerRatis 838bbf9f-7aeb-447a-af5f-488443b4a0c5 is started using port 41146
2019-09-19 16:57:37,120 [Datanode State Machine Thread - 0] INFO  server.XceiverServerGrpc (XceiverServerGrpc.java:start(163)) - XceiverServerGrpc 838bbf9f-7aeb-447a-af5f-488443b4a0c5 is started using port 35459
2019-09-19 16:57:37,280 | INFO  | SCMAudit | user=jenkins1000 | ip=192.168.157.226 | op=GET_VERSION null | ret=SUCCESS |  
2019-09-19 16:57:37,296 [Datanode State Machine Thread - 0] INFO  ozoneimpl.OzoneContainer (OzoneContainer.java:start(186)) - Attempting to start container services.
2019-09-19 16:57:37,296 [Datanode State Machine Thread - 0] INFO  ozoneimpl.OzoneContainer (OzoneContainer.java:startContainerScrub(160)) - Background container scrubber has been disabled by hdds.containerscrub.enabled
2019-09-19 16:57:37,296 [Datanode State Machine Thread - 0] INFO  ratis.XceiverServerRatis (XceiverServerRatis.java:start(404)) - Starting XceiverServerRatis ad522d99-c864-49ec-a4dd-d702ee7a24ab at port 0
2019-09-19 16:57:37,307 [Datanode State Machine Thread - 0] INFO  impl.RaftServerProxy (RaftServerProxy.java:lambda$start$3(299)) - ad522d99-c864-49ec-a4dd-d702ee7a24ab: start RPC server
2019-09-19 16:57:37,310 [Datanode State Machine Thread - 0] INFO  server.GrpcService (GrpcService.java:startImpl(149)) - ad522d99-c864-49ec-a4dd-d702ee7a24ab: GrpcService started, listening on 0.0.0.0/0.0.0.0:39664
2019-09-19 16:57:37,310 [Datanode State Machine Thread - 0] INFO  ratis.XceiverServerRatis (XceiverServerRatis.java:start(414)) - XceiverServerRatis ad522d99-c864-49ec-a4dd-d702ee7a24ab is started using port 39664
2019-09-19 16:57:37,311 [Datanode State Machine Thread - 0] INFO  server.XceiverServerGrpc (XceiverServerGrpc.java:start(163)) - XceiverServerGrpc ad522d99-c864-49ec-a4dd-d702ee7a24ab is started using port 41368
2019-09-19 16:57:37,486 [main] INFO  ozone.MiniOzoneClusterImpl (MiniOzoneClusterImpl.java:lambda$waitForClusterToBeReady$0(142)) - Waiting for cluster to be ready. Got 0 of 3 DN Heartbeats.
2019-09-19 16:57:37,488 | INFO  | SCMAudit | user=jenkins1000 | ip=192.168.157.226 | op=GET_VERSION null | ret=SUCCESS |  
2019-09-19 16:57:37,512 [Datanode State Machine Thread - 0] INFO  ozoneimpl.OzoneContainer (OzoneContainer.java:start(186)) - Attempting to start container services.
2019-09-19 16:57:37,512 [Datanode State Machine Thread - 0] INFO  ozoneimpl.OzoneContainer (OzoneContainer.java:startContainerScrub(160)) - Background container scrubber has been disabled by hdds.containerscrub.enabled
2019-09-19 16:57:37,512 [Datanode State Machine Thread - 0] INFO  ratis.XceiverServerRatis (XceiverServerRatis.java:start(404)) - Starting XceiverServerRatis 6272d7ea-0722-46cc-8a09-c153bdaa0261 at port 0
2019-09-19 16:57:37,522 [Datanode State Machine Thread - 0] INFO  impl.RaftServerProxy (RaftServerProxy.java:lambda$start$3(299)) - 6272d7ea-0722-46cc-8a09-c153bdaa0261: start RPC server
2019-09-19 16:57:37,523 [Datanode State Machine Thread - 0] INFO  server.GrpcService (GrpcService.java:startImpl(149)) - 6272d7ea-0722-46cc-8a09-c153bdaa0261: GrpcService started, listening on 0.0.0.0/0.0.0.0:44160
2019-09-19 16:57:37,523 [Datanode State Machine Thread - 0] INFO  ratis.XceiverServerRatis (XceiverServerRatis.java:start(414)) - XceiverServerRatis 6272d7ea-0722-46cc-8a09-c153bdaa0261 is started using port 44160
2019-09-19 16:57:37,523 [Datanode State Machine Thread - 0] INFO  server.XceiverServerGrpc (XceiverServerGrpc.java:start(163)) - XceiverServerGrpc 6272d7ea-0722-46cc-8a09-c153bdaa0261 is started using port 33939
2019-09-19 16:57:38,486 [main] INFO  ozone.MiniOzoneClusterImpl (MiniOzoneClusterImpl.java:lambda$waitForClusterToBeReady$0(142)) - Waiting for cluster to be ready. Got 0 of 3 DN Heartbeats.
2019-09-19 16:57:39,083 [IPC Server handler 2 on 35706] INFO  net.NetworkTopology (NetworkTopologyImpl.java:add(110)) - Added a new node: /default-rack/838bbf9f-7aeb-447a-af5f-488443b4a0c5
2019-09-19 16:57:39,085 [IPC Server handler 2 on 35706] INFO  node.SCMNodeManager (SCMNodeManager.java:register(273)) - Registered Data node : 838bbf9f-7aeb-447a-af5f-488443b4a0c5{ip: 192.168.157.226, host: pr-hdds-1569-swxfz-3172132826, networkLocation: /default-rack, certSerialId: null}
2019-09-19 16:57:39,086 [EventQueue-NodeRegistrationContainerReportForDataNodeSafeModeRule] INFO  safemode.SCMSafeModeManager (DataNodeSafeModeRule.java:process(71)) - SCM in safe mode. 1 DataNodes registered, 1 required.
2019-09-19 16:57:39,087 | INFO  | SCMAudit | user=jenkins1000 | ip=192.168.157.226 | op=REGISTER {datanodeDetails=838bbf9f-7aeb-447a-af5f-488443b4a0c5{ip: 192.168.157.226, host: pr-hdds-1569-swxfz-3172132826, networkLocation: /default-rack, certSerialId: null}} | ret=SUCCESS |  
2019-09-19 16:57:39,088 [EventQueue-NodeRegistrationContainerReportForDataNodeSafeModeRule] INFO  safemode.SCMSafeModeManager (SCMSafeModeManager.java:validateSafeModeExitRules(177)) - ScmSafeModeManager, all rules are successfully validated
2019-09-19 16:57:39,088 [EventQueue-NodeRegistrationContainerReportForDataNodeSafeModeRule] INFO  safemode.SCMSafeModeManager (SCMSafeModeManager.java:exitSafeMode(193)) - SCM exiting safe mode.
2019-09-19 16:57:39,100 [grpc-default-executor-0] INFO  impl.RaftServerProxy (RaftServerProxy.java:addNew(89)) - 838bbf9f-7aeb-447a-af5f-488443b4a0c5: addNew group-F040DB0E698F:[838bbf9f-7aeb-447a-af5f-488443b4a0c5:192.168.157.226:41146] returns group-F040DB0E698F:java.util.concurrent.CompletableFuture@346336cd[Not completed]
2019-09-19 16:57:39,101 [pool-610-thread-1] INFO  impl.RaftServerImpl (RaftServerImpl.java:<init>(93)) - 838bbf9f-7aeb-447a-af5f-488443b4a0c5: new RaftServerImpl for group-F040DB0E698F:[838bbf9f-7aeb-447a-af5f-488443b4a0c5:192.168.157.226:41146] with ContainerStateMachine:uninitialized
2019-09-19 16:57:39,102 [pool-610-thread-1] INFO  server.RaftServerConfigKeys (ConfUtils.java:logGet(43)) - raft.server.rpc.timeout.min = 5s (custom)
2019-09-19 16:57:39,102 [pool-610-thread-1] INFO  server.RaftServerConfigKeys (ConfUtils.java:logGet(43)) - raft.server.rpc.timeout.max = 5200ms (custom)
2019-09-19 16:57:39,102 [pool-610-thread-1] INFO  server.RaftServerConfigKeys (ConfUtils.java:logGet(43)) - raft.server.rpcslowness.timeout = 120s (custom)
2019-09-19 16:57:39,102 [pool-610-thread-1] INFO  server.RaftServerConfigKeys (ConfUtils.java:logGet(43)) - raft.server.sleep.deviation.threshold = 300 (default)
2019-09-19 16:57:39,102 [pool-610-thread-1] INFO  server.RaftServerConfigKeys (ConfUtils.java:logGet(43)) - raft.server.log.appender.install.snapshot.enabled = false (custom)
2019-09-19 16:57:39,102 [pool-610-thread-1] INFO  impl.RaftServerImpl (ServerState.java:<init>(105)) - 838bbf9f-7aeb-447a-af5f-488443b4a0c5:group-F040DB0E698F ConfigurationManager, init=-1: [838bbf9f-7aeb-447a-af5f-488443b4a0c5:192.168.157.226:41146], old=null, confs=<EMPTY_MAP>
2019-09-19 16:57:39,102 [pool-610-thread-1] INFO  server.RaftServerConfigKeys (ConfUtils.java:logGet(43)) - raft.server.storage.dir = [/workdir/hadoop-ozone/ozonefs/target/test-dir/MiniOzoneClusterImpl-3d3a7b5e-b8a0-4c61-bcb4-dda3d52dd67e/datanode-0/data/ratis] (custom)
2019-09-19 16:57:39,103 [pool-610-thread-1] INFO  storage.RaftStorageDirectory (RaftStorageDirectory.java:analyzeStorage(246)) - The storage directory /workdir/hadoop-ozone/ozonefs/target/test-dir/MiniOzoneClusterImpl-3d3a7b5e-b8a0-4c61-bcb4-dda3d52dd67e/datanode-0/data/ratis/ad8cb578-af53-43d6-bde6-f040db0e698f does not exist. Creating ...
2019-09-19 16:57:39,128 [pool-610-thread-1] INFO  storage.RaftStorageDirectory (RaftStorageDirectory.java:tryLock(328)) - Lock on /workdir/hadoop-ozone/ozonefs/target/test-dir/MiniOzoneClusterImpl-3d3a7b5e-b8a0-4c61-bcb4-dda3d52dd67e/datanode-0/data/ratis/ad8cb578-af53-43d6-bde6-f040db0e698f/in_use.lock acquired by nodename 14771@pr-hdds-1569-swxfz-3172132826
2019-09-19 16:57:39,154 [pool-610-thread-1] INFO  storage.RaftStorage (RaftStorage.java:format(72)) - Storage directory /workdir/hadoop-ozone/ozonefs/target/test-dir/MiniOzoneClusterImpl-3d3a7b5e-b8a0-4c61-bcb4-dda3d52dd67e/datanode-0/data/ratis/ad8cb578-af53-43d6-bde6-f040db0e698f has been successfully formatted.
2019-09-19 16:57:39,154 [pool-610-thread-1] INFO  ratis.ContainerStateMachine (ContainerStateMachine.java:loadSnapshot(226)) - group-F040DB0E698F: The snapshot info is null. Setting the last applied indexto:(t:0, i:~)
2019-09-19 16:57:39,154 [pool-610-thread-1] INFO  server.RaftServerConfigKeys (ConfUtils.java:logGet(43)) - raft.server.leader.election.timeout = 120s (custom)
2019-09-19 16:57:39,154 [pool-610-thread-1] INFO  server.RaftServerConfigKeys (ConfUtils.java:logGet(43)) - raft.server.log.use.memory = false (default)
2019-09-19 16:57:39,155 [pool-610-thread-1] INFO  server.RaftServerConfigKeys (ConfUtils.java:logGet(43)) - raft.server.log.purge.gap = 1000000 (custom)
2019-09-19 16:57:39,155 [pool-610-thread-1] INFO  server.RaftServerConfigKeys (ConfUtils.java:logGet(43)) - raft.server.log.appender.buffer.byte-limit = 33554432 (custom)
2019-09-19 16:57:39,155 [pool-610-thread-1] INFO  server.RaftServerConfigKeys (ConfUtils.java:logGet(43)) - raft.server.log.segment.size.max = 1048576 (custom)
2019-09-19 16:57:39,155 [pool-610-thread-1] INFO  server.RaftServerConfigKeys (ConfUtils.java:logGet(43)) - raft.server.log.segment.cache.num.max = 2 (custom)
2019-09-19 16:57:39,155 [pool-610-thread-1] INFO  segmented.SegmentedRaftLogWorker (SegmentedRaftLogWorker.java:<init>(172)) - new 838bbf9f-7aeb-447a-af5f-488443b4a0c5-SegmentedRaftLogWorker:Storage Directory /workdir/hadoop-ozone/ozonefs/target/test-dir/MiniOzoneClusterImpl-3d3a7b5e-b8a0-4c61-bcb4-dda3d52dd67e/datanode-0/data/ratis/ad8cb578-af53-43d6-bde6-f040db0e698f for RaftStorage:Storage Directory /workdir/hadoop-ozone/ozonefs/target/test-dir/MiniOzoneClusterImpl-3d3a7b5e-b8a0-4c61-bcb4-dda3d52dd67e/datanode-0/data/ratis/ad8cb578-af53-43d6-bde6-f040db0e698f
2019-09-19 16:57:39,155 [pool-610-thread-1] INFO  server.RaftServerConfigKeys (ConfUtils.java:logGet(43)) - raft.server.log.queue.byte-limit = 2147483647 (custom)
2019-09-19 16:57:39,156 [pool-610-thread-1] INFO  server.RaftServerConfigKeys (ConfUtils.java:logGet(43)) - raft.server.log.queue.element-limit = 1024 (custom)
2019-09-19 16:57:39,156 [pool-610-thread-1] INFO  server.RaftServerConfigKeys (ConfUtils.java:logGet(43)) - raft.server.log.segment.size.max = 1048576 (custom)
2019-09-19 16:57:39,156 [pool-610-thread-1] INFO  server.RaftServerConfigKeys (ConfUtils.java:logGet(43)) - raft.server.log.preallocated.size = 16384 (custom)
2019-09-19 16:57:39,156 [pool-610-thread-1] INFO  server.RaftServerConfigKeys (ConfUtils.java:logGet(43)) - raft.server.log.write.buffer.size = 33554432 (custom)
2019-09-19 16:57:39,156 [pool-610-thread-1] INFO  server.RaftServerConfigKeys (ConfUtils.java:logGet(43)) - raft.server.log.force.sync.num = 128 (default)
2019-09-19 16:57:39,156 [pool-610-thread-1] INFO  server.RaftServerConfigKeys (ConfUtils.java:logGet(43)) - raft.server.log.statemachine.data.sync = true (default)
2019-09-19 16:57:39,157 [pool-610-thread-1] INFO  server.RaftServerConfigKeys (ConfUtils.java:logGet(43)) - raft.server.log.statemachine.data.sync.timeout = 10s (default)
2019-09-19 16:57:39,157 [pool-610-thread-1] INFO  server.RaftServerConfigKeys (ConfUtils.java:logGet(43)) - raft.server.log.statemachine.data.sync.timeout.retry = -1 (default)
2019-09-19 16:57:39,157 [pool-610-thread-1] INFO  server.RaftServerConfigKeys (ConfUtils.java:logGet(43)) - raft.server.log.statemachine.data.caching.enabled = true (custom)
2019-09-19 16:57:39,157 [pool-610-thread-1] INFO  segmented.SegmentedRaftLogWorker (SegmentedRaftLogWorker.java:lambda$new$0(132)) - 838bbf9f-7aeb-447a-af5f-488443b4a0c5-SegmentedRaftLogWorker:Storage Directory /workdir/hadoop-ozone/ozonefs/target/test-dir/MiniOzoneClusterImpl-3d3a7b5e-b8a0-4c61-bcb4-dda3d52dd67e/datanode-0/data/ratis/ad8cb578-af53-43d6-bde6-f040db0e698f: flushIndex: setUnconditionally 0 -> -1
2019-09-19 16:57:39,158 [pool-610-thread-1] INFO  server.RaftServerConfigKeys (ConfUtils.java:logGet(43)) - raft.server.snapshot.auto.trigger.enabled = true (custom)
2019-09-19 16:57:39,158 [pool-610-thread-1] INFO  server.RaftServerConfigKeys (ConfUtils.java:logGet(43)) - raft.server.snapshot.auto.trigger.threshold = 10000 (custom)
2019-09-19 16:57:39,158 [pool-610-thread-1] INFO  server.RaftServerConfigKeys (ConfUtils.java:logGet(43)) - raft.server.retrycache.expirytime = 600000ms (custom)
2019-09-19 16:57:39,158 [pool-610-thread-1] INFO  impl.RaftServerImpl (RaftServerImpl.java:start(180)) - 838bbf9f-7aeb-447a-af5f-488443b4a0c5: start group-F040DB0E698F
2019-09-19 16:57:39,159 [pool-610-thread-1] INFO  impl.RaftServerImpl (RaftServerImpl.java:setRole(171)) - 838bbf9f-7aeb-447a-af5f-488443b4a0c5:group-F040DB0E698F changes role from null to FOLLOWER at term 0 for startAsFollower
2019-09-19 16:57:39,159 [pool-610-thread-1] INFO  impl.RoleInfo (RoleInfo.java:updateAndGet(143)) - 838bbf9f-7aeb-447a-af5f-488443b4a0c5: start FollowerState
2019-09-19 16:57:39,159 [pool-610-thread-1] INFO  util.JmxRegister (JmxRegister.java:tryRegister(44)) - Successfully registered JMX Bean with object name Ratis:service=RaftServer,group=group-F040DB0E698F,id=838bbf9f-7aeb-447a-af5f-488443b4a0c5
2019-09-19 16:57:39,163 [RatisPipelineUtilsThread] INFO  pipeline.PipelineStateManager (PipelineStateManager.java:addPipeline(56)) - Created pipeline Pipeline[ Id: ad8cb578-af53-43d6-bde6-f040db0e698f, Nodes: 838bbf9f-7aeb-447a-af5f-488443b4a0c5{ip: 192.168.157.226, host: pr-hdds-1569-swxfz-3172132826, networkLocation: /default-rack, certSerialId: null}, Type:RATIS, Factor:ONE, State:OPEN]
2019-09-19 16:57:39,170 [grpc-default-executor-0] INFO  impl.RaftServerProxy (RaftServerProxy.java:addNew(89)) - 838bbf9f-7aeb-447a-af5f-488443b4a0c5: addNew group-1F0F9F66E88D:[838bbf9f-7aeb-447a-af5f-488443b4a0c5:192.168.157.226:41146] returns group-1F0F9F66E88D:java.util.concurrent.CompletableFuture@59d868f[Not completed]
2019-09-19 16:57:39,171 [pool-610-thread-1] INFO  impl.RaftServerImpl (RaftServerImpl.java:<init>(93)) - 838bbf9f-7aeb-447a-af5f-488443b4a0c5: new RaftServerImpl for group-1F0F9F66E88D:[838bbf9f-7aeb-447a-af5f-488443b4a0c5:192.168.157.226:41146] with ContainerStateMachine:uninitialized
2019-09-19 16:57:39,171 [pool-610-thread-1] INFO  server.RaftServerConfigKeys (ConfUtils.java:logGet(43)) - raft.server.rpc.timeout.min = 5s (custom)
2019-09-19 16:57:39,171 [pool-610-thread-1] INFO  server.RaftServerConfigKeys (ConfUtils.java:logGet(43)) - raft.server.rpc.timeout.max = 5200ms (custom)
2019-09-19 16:57:39,171 [pool-610-thread-1] INFO  server.RaftServerConfigKeys (ConfUtils.java:logGet(43)) - raft.server.rpcslowness.timeout = 120s (custom)
2019-09-19 16:57:39,171 [pool-610-thread-1] INFO  server.RaftServerConfigKeys (ConfUtils.java:logGet(43)) - raft.server.sleep.deviation.threshold = 300 (default)
2019-09-19 16:57:39,171 [pool-610-thread-1] INFO  server.RaftServerConfigKeys (ConfUtils.java:logGet(43)) - raft.server.log.appender.install.snapshot.enabled = false (custom)
2019-09-19 16:57:39,172 [pool-610-thread-1] INFO  impl.RaftServerImpl (ServerState.java:<init>(105)) - 838bbf9f-7aeb-447a-af5f-488443b4a0c5:group-1F0F9F66E88D ConfigurationManager, init=-1: [838bbf9f-7aeb-447a-af5f-488443b4a0c5:192.168.157.226:41146], old=null, confs=<EMPTY_MAP>
2019-09-19 16:57:39,172 [pool-610-thread-1] INFO  server.RaftServerConfigKeys (ConfUtils.java:logGet(43)) - raft.server.storage.dir = [/workdir/hadoop-ozone/ozonefs/target/test-dir/MiniOzoneClusterImpl-3d3a7b5e-b8a0-4c61-bcb4-dda3d52dd67e/datanode-0/data/ratis] (custom)
2019-09-19 16:57:39,172 [pool-610-thread-1] INFO  storage.RaftStorageDirectory (RaftStorageDirectory.java:analyzeStorage(246)) - The storage directory /workdir/hadoop-ozone/ozonefs/target/test-dir/MiniOzoneClusterImpl-3d3a7b5e-b8a0-4c61-bcb4-dda3d52dd67e/datanode-0/data/ratis/c06cda0c-86f9-43d3-8eaf-1f0f9f66e88d does not exist. Creating ...
2019-09-19 16:57:39,187 [pool-610-thread-1] INFO  storage.RaftStorageDirectory (RaftStorageDirectory.java:tryLock(328)) - Lock on /workdir/hadoop-ozone/ozonefs/target/test-dir/MiniOzoneClusterImpl-3d3a7b5e-b8a0-4c61-bcb4-dda3d52dd67e/datanode-0/data/ratis/c06cda0c-86f9-43d3-8eaf-1f0f9f66e88d/in_use.lock acquired by nodename 14771@pr-hdds-1569-swxfz-3172132826
2019-09-19 16:57:39,200 [pool-610-thread-1] INFO  storage.RaftStorage (RaftStorage.java:format(72)) - Storage directory /workdir/hadoop-ozone/ozonefs/target/test-dir/MiniOzoneClusterImpl-3d3a7b5e-b8a0-4c61-bcb4-dda3d52dd67e/datanode-0/data/ratis/c06cda0c-86f9-43d3-8eaf-1f0f9f66e88d has been successfully formatted.
2019-09-19 16:57:39,200 [pool-610-thread-1] INFO  ratis.ContainerStateMachine (ContainerStateMachine.java:loadSnapshot(226)) - group-1F0F9F66E88D: The snapshot info is null. Setting the last applied indexto:(t:0, i:~)
2019-09-19 16:57:39,200 [pool-610-thread-1] INFO  server.RaftServerConfigKeys (ConfUtils.java:logGet(43)) - raft.server.leader.election.timeout = 120s (custom)
2019-09-19 16:57:39,200 [pool-610-thread-1] INFO  server.RaftServerConfigKeys (ConfUtils.java:logGet(43)) - raft.server.log.use.memory = false (default)
2019-09-19 16:57:39,201 [pool-610-thread-1] INFO  server.RaftServerConfigKeys (ConfUtils.java:logGet(43)) - raft.server.log.purge.gap = 1000000 (custom)
2019-09-19 16:57:39,201 [pool-610-thread-1] INFO  server.RaftServerConfigKeys (ConfUtils.java:logGet(43)) - raft.server.log.appender.buffer.byte-limit = 33554432 (custom)
2019-09-19 16:57:39,201 [pool-610-thread-1] INFO  server.RaftServerConfigKeys (ConfUtils.java:logGet(43)) - raft.server.log.segment.size.max = 1048576 (custom)
2019-09-19 16:57:39,201 [pool-610-thread-1] INFO  server.RaftServerConfigKeys (ConfUtils.java:logGet(43)) - raft.server.log.segment.cache.num.max = 2 (custom)
2019-09-19 16:57:39,201 [pool-610-thread-1] INFO  segmented.SegmentedRaftLogWorker (SegmentedRaftLogWorker.java:<init>(172)) - new 838bbf9f-7aeb-447a-af5f-488443b4a0c5-SegmentedRaftLogWorker:Storage Directory /workdir/hadoop-ozone/ozonefs/target/test-dir/MiniOzoneClusterImpl-3d3a7b5e-b8a0-4c61-bcb4-dda3d52dd67e/datanode-0/data/ratis/c06cda0c-86f9-43d3-8eaf-1f0f9f66e88d for RaftStorage:Storage Directory /workdir/hadoop-ozone/ozonefs/target/test-dir/MiniOzoneClusterImpl-3d3a7b5e-b8a0-4c61-bcb4-dda3d52dd67e/datanode-0/data/ratis/c06cda0c-86f9-43d3-8eaf-1f0f9f66e88d
2019-09-19 16:57:39,201 [pool-610-thread-1] INFO  server.RaftServerConfigKeys (ConfUtils.java:logGet(43)) - raft.server.log.queue.byte-limit = 2147483647 (custom)
2019-09-19 16:57:39,202 [pool-610-thread-1] INFO  server.RaftServerConfigKeys (ConfUtils.java:logGet(43)) - raft.server.log.queue.element-limit = 1024 (custom)
2019-09-19 16:57:39,202 [pool-610-thread-1] INFO  server.RaftServerConfigKeys (ConfUtils.java:logGet(43)) - raft.server.log.segment.size.max = 1048576 (custom)
2019-09-19 16:57:39,202 [pool-610-thread-1] INFO  server.RaftServerConfigKeys (ConfUtils.java:logGet(43)) - raft.server.log.preallocated.size = 16384 (custom)
2019-09-19 16:57:39,202 [pool-610-thread-1] INFO  server.RaftServerConfigKeys (ConfUtils.java:logGet(43)) - raft.server.log.write.buffer.size = 33554432 (custom)
2019-09-19 16:57:39,202 [pool-610-thread-1] INFO  server.RaftServerConfigKeys (ConfUtils.java:logGet(43)) - raft.server.log.force.sync.num = 128 (default)
2019-09-19 16:57:39,202 [pool-610-thread-1] INFO  server.RaftServerConfigKeys (ConfUtils.java:logGet(43)) - raft.server.log.statemachine.data.sync = true (default)
2019-09-19 16:57:39,203 [pool-610-thread-1] INFO  server.RaftServerConfigKeys (ConfUtils.java:logGet(43)) - raft.server.log.statemachine.data.sync.timeout = 10s (default)
2019-09-19 16:57:39,203 [pool-610-thread-1] INFO  server.RaftServerConfigKeys (ConfUtils.java:logGet(43)) - raft.server.log.statemachine.data.sync.timeout.retry = -1 (default)
2019-09-19 16:57:39,203 [pool-610-thread-1] INFO  server.RaftServerConfigKeys (ConfUtils.java:logGet(43)) - raft.server.log.statemachine.data.caching.enabled = true (custom)
2019-09-19 16:57:39,203 [pool-610-thread-1] INFO  segmented.SegmentedRaftLogWorker (SegmentedRaftLogWorker.java:lambda$new$0(132)) - 838bbf9f-7aeb-447a-af5f-488443b4a0c5-SegmentedRaftLogWorker:Storage Directory /workdir/hadoop-ozone/ozonefs/target/test-dir/MiniOzoneClusterImpl-3d3a7b5e-b8a0-4c61-bcb4-dda3d52dd67e/datanode-0/data/ratis/c06cda0c-86f9-43d3-8eaf-1f0f9f66e88d: flushIndex: setUnconditionally 0 -> -1
2019-09-19 16:57:39,204 [pool-610-thread-1] INFO  server.RaftServerConfigKeys (ConfUtils.java:logGet(43)) - raft.server.snapshot.auto.trigger.enabled = true (custom)
2019-09-19 16:57:39,204 [pool-610-thread-1] INFO  server.RaftServerConfigKeys (ConfUtils.java:logGet(43)) - raft.server.snapshot.auto.trigger.threshold = 10000 (custom)
2019-09-19 16:57:39,204 [pool-610-thread-1] INFO  server.RaftServerConfigKeys (ConfUtils.java:logGet(43)) - raft.server.retrycache.expirytime = 600000ms (custom)
2019-09-19 16:57:39,204 [pool-610-thread-1] INFO  impl.RaftServerImpl (RaftServerImpl.java:start(180)) - 838bbf9f-7aeb-447a-af5f-488443b4a0c5: start group-1F0F9F66E88D
2019-09-19 16:57:39,204 [pool-610-thread-1] INFO  impl.RaftServerImpl (RaftServerImpl.java:setRole(171)) - 838bbf9f-7aeb-447a-af5f-488443b4a0c5:group-1F0F9F66E88D changes role from null to FOLLOWER at term 0 for startAsFollower
2019-09-19 16:57:39,205 [pool-610-thread-1] INFO  impl.RoleInfo (RoleInfo.java:updateAndGet(143)) - 838bbf9f-7aeb-447a-af5f-488443b4a0c5: start FollowerState
2019-09-19 16:57:39,205 [pool-610-thread-1] INFO  util.JmxRegister (JmxRegister.java:tryRegister(44)) - Successfully registered JMX Bean with object name Ratis:service=RaftServer,group=group-1F0F9F66E88D,id=838bbf9f-7aeb-447a-af5f-488443b4a0c5
2019-09-19 16:57:39,208 [RatisPipelineUtilsThread] INFO  pipeline.PipelineStateManager (PipelineStateManager.java:addPipeline(56)) - Created pipeline Pipeline[ Id: c06cda0c-86f9-43d3-8eaf-1f0f9f66e88d, Nodes: 838bbf9f-7aeb-447a-af5f-488443b4a0c5{ip: 192.168.157.226, host: pr-hdds-1569-swxfz-3172132826, networkLocation: /default-rack, certSerialId: null}, Type:RATIS, Factor:ONE, State:OPEN]
2019-09-19 16:57:39,212 [grpc-default-executor-0] INFO  impl.RaftServerProxy (RaftServerProxy.java:addNew(89)) - 838bbf9f-7aeb-447a-af5f-488443b4a0c5: addNew group-7B166E0233A1:[838bbf9f-7aeb-447a-af5f-488443b4a0c5:192.168.157.226:41146] returns group-7B166E0233A1:java.util.concurrent.CompletableFuture@544cc982[Not completed]
2019-09-19 16:57:39,214 [pool-610-thread-1] INFO  impl.RaftServerImpl (RaftServerImpl.java:<init>(93)) - 838bbf9f-7aeb-447a-af5f-488443b4a0c5: new RaftServerImpl for group-7B166E0233A1:[838bbf9f-7aeb-447a-af5f-488443b4a0c5:192.168.157.226:41146] with ContainerStateMachine:uninitialized
2019-09-19 16:57:39,214 [pool-610-thread-1] INFO  server.RaftServerConfigKeys (ConfUtils.java:logGet(43)) - raft.server.rpc.timeout.min = 5s (custom)
2019-09-19 16:57:39,214 [pool-610-thread-1] INFO  server.RaftServerConfigKeys (ConfUtils.java:logGet(43)) - raft.server.rpc.timeout.max = 5200ms (custom)
2019-09-19 16:57:39,214 [pool-610-thread-1] INFO  server.RaftServerConfigKeys (ConfUtils.java:logGet(43)) - raft.server.rpcslowness.timeout = 120s (custom)
2019-09-19 16:57:39,214 [pool-610-thread-1] INFO  server.RaftServerConfigKeys (ConfUtils.java:logGet(43)) - raft.server.sleep.deviation.threshold = 300 (default)
2019-09-19 16:57:39,214 [pool-610-thread-1] INFO  server.RaftServerConfigKeys (ConfUtils.java:logGet(43)) - raft.server.log.appender.install.snapshot.enabled = false (custom)
2019-09-19 16:57:39,214 [pool-610-thread-1] INFO  impl.RaftServerImpl (ServerState.java:<init>(105)) - 838bbf9f-7aeb-447a-af5f-488443b4a0c5:group-7B166E0233A1 ConfigurationManager, init=-1: [838bbf9f-7aeb-447a-af5f-488443b4a0c5:192.168.157.226:41146], old=null, confs=<EMPTY_MAP>
2019-09-19 16:57:39,215 [pool-610-thread-1] INFO  server.RaftServerConfigKeys (ConfUtils.java:logGet(43)) - raft.server.storage.dir = [/workdir/hadoop-ozone/ozonefs/target/test-dir/MiniOzoneClusterImpl-3d3a7b5e-b8a0-4c61-bcb4-dda3d52dd67e/datanode-0/data/ratis] (custom)
2019-09-19 16:57:39,215 [pool-610-thread-1] INFO  storage.RaftStorageDirectory (RaftStorageDirectory.java:analyzeStorage(246)) - The storage directory /workdir/hadoop-ozone/ozonefs/target/test-dir/MiniOzoneClusterImpl-3d3a7b5e-b8a0-4c61-bcb4-dda3d52dd67e/datanode-0/data/ratis/a4114247-9373-418e-80ab-7b166e0233a1 does not exist. Creating ...
2019-09-19 16:57:39,240 [pool-610-thread-1] INFO  storage.RaftStorageDirectory (RaftStorageDirectory.java:tryLock(328)) - Lock on /workdir/hadoop-ozone/ozonefs/target/test-dir/MiniOzoneClusterImpl-3d3a7b5e-b8a0-4c61-bcb4-dda3d52dd67e/datanode-0/data/ratis/a4114247-9373-418e-80ab-7b166e0233a1/in_use.lock acquired by nodename 14771@pr-hdds-1569-swxfz-3172132826
2019-09-19 16:57:39,253 [pool-610-thread-1] INFO  storage.RaftStorage (RaftStorage.java:format(72)) - Storage directory /workdir/hadoop-ozone/ozonefs/target/test-dir/MiniOzoneClusterImpl-3d3a7b5e-b8a0-4c61-bcb4-dda3d52dd67e/datanode-0/data/ratis/a4114247-9373-418e-80ab-7b166e0233a1 has been successfully formatted.
2019-09-19 16:57:39,253 [pool-610-thread-1] INFO  ratis.ContainerStateMachine (ContainerStateMachine.java:loadSnapshot(226)) - group-7B166E0233A1: The snapshot info is null. Setting the last applied indexto:(t:0, i:~)
2019-09-19 16:57:39,254 [pool-610-thread-1] INFO  server.RaftServerConfigKeys (ConfUtils.java:logGet(43)) - raft.server.leader.election.timeout = 120s (custom)
2019-09-19 16:57:39,254 [pool-610-thread-1] INFO  server.RaftServerConfigKeys (ConfUtils.java:logGet(43)) - raft.server.log.use.memory = false (default)
2019-09-19 16:57:39,254 [pool-610-thread-1] INFO  server.RaftServerConfigKeys (ConfUtils.java:logGet(43)) - raft.server.log.purge.gap = 1000000 (custom)
2019-09-19 16:57:39,254 [pool-610-thread-1] INFO  server.RaftServerConfigKeys (ConfUtils.java:logGet(43)) - raft.server.log.appender.buffer.byte-limit = 33554432 (custom)
2019-09-19 16:57:39,254 [pool-610-thread-1] INFO  server.RaftServerConfigKeys (ConfUtils.java:logGet(43)) - raft.server.log.segment.size.max = 1048576 (custom)
2019-09-19 16:57:39,254 [pool-610-thread-1] INFO  server.RaftServerConfigKeys (ConfUtils.java:logGet(43)) - raft.server.log.segment.cache.num.max = 2 (custom)
2019-09-19 16:57:39,254 [pool-610-thread-1] INFO  segmented.SegmentedRaftLogWorker (SegmentedRaftLogWorker.java:<init>(172)) - new 838bbf9f-7aeb-447a-af5f-488443b4a0c5-SegmentedRaftLogWorker:Storage Directory /workdir/hadoop-ozone/ozonefs/target/test-dir/MiniOzoneClusterImpl-3d3a7b5e-b8a0-4c61-bcb4-dda3d52dd67e/datanode-0/data/ratis/a4114247-9373-418e-80ab-7b166e0233a1 for RaftStorage:Storage Directory /workdir/hadoop-ozone/ozonefs/target/test-dir/MiniOzoneClusterImpl-3d3a7b5e-b8a0-4c61-bcb4-dda3d52dd67e/datanode-0/data/ratis/a4114247-9373-418e-80ab-7b166e0233a1
2019-09-19 16:57:39,255 [pool-610-thread-1] INFO  server.RaftServerConfigKeys (ConfUtils.java:logGet(43)) - raft.server.log.queue.byte-limit = 2147483647 (custom)
2019-09-19 16:57:39,255 [pool-610-thread-1] INFO  server.RaftServerConfigKeys (ConfUtils.java:logGet(43)) - raft.server.log.queue.element-limit = 1024 (custom)
2019-09-19 16:57:39,255 [pool-610-thread-1] INFO  server.RaftServerConfigKeys (ConfUtils.java:logGet(43)) - raft.server.log.segment.size.max = 1048576 (custom)
2019-09-19 16:57:39,255 [pool-610-thread-1] INFO  server.RaftServerConfigKeys (ConfUtils.java:logGet(43)) - raft.server.log.preallocated.size = 16384 (custom)
2019-09-19 16:57:39,255 [pool-610-thread-1] INFO  server.RaftServerConfigKeys (ConfUtils.java:logGet(43)) - raft.server.log.write.buffer.size = 33554432 (custom)
2019-09-19 16:57:39,255 [pool-610-thread-1] INFO  server.RaftServerConfigKeys (ConfUtils.java:logGet(43)) - raft.server.log.force.sync.num = 128 (default)
2019-09-19 16:57:39,255 [pool-610-thread-1] INFO  server.RaftServerConfigKeys (ConfUtils.java:logGet(43)) - raft.server.log.statemachine.data.sync = true (default)
2019-09-19 16:57:39,256 [pool-610-thread-1] INFO  server.RaftServerConfigKeys (ConfUtils.java:logGet(43)) - raft.server.log.statemachine.data.sync.timeout = 10s (default)
2019-09-19 16:57:39,256 [pool-610-thread-1] INFO  server.RaftServerConfigKeys (ConfUtils.java:logGet(43)) - raft.server.log.statemachine.data.sync.timeout.retry = -1 (default)
2019-09-19 16:57:39,256 [pool-610-thread-1] INFO  server.RaftServerConfigKeys (ConfUtils.java:logGet(43)) - raft.server.log.statemachine.data.caching.enabled = true (custom)
2019-09-19 16:57:39,256 [pool-610-thread-1] INFO  segmented.SegmentedRaftLogWorker (SegmentedRaftLogWorker.java:lambda$new$0(132)) - 838bbf9f-7aeb-447a-af5f-488443b4a0c5-SegmentedRaftLogWorker:Storage Directory /workdir/hadoop-ozone/ozonefs/target/test-dir/MiniOzoneClusterImpl-3d3a7b5e-b8a0-4c61-bcb4-dda3d52dd67e/datanode-0/data/ratis/a4114247-9373-418e-80ab-7b166e0233a1: flushIndex: setUnconditionally 0 -> -1
2019-09-19 16:57:39,257 [pool-610-thread-1] INFO  server.RaftServerConfigKeys (ConfUtils.java:logGet(43)) - raft.server.snapshot.auto.trigger.enabled = true (custom)
2019-09-19 16:57:39,257 [pool-610-thread-1] INFO  server.RaftServerConfigKeys (ConfUtils.java:logGet(43)) - raft.server.snapshot.auto.trigger.threshold = 10000 (custom)
2019-09-19 16:57:39,257 [pool-610-thread-1] INFO  server.RaftServerConfigKeys (ConfUtils.java:logGet(43)) - raft.server.retrycache.expirytime = 600000ms (custom)
2019-09-19 16:57:39,257 [pool-610-thread-1] INFO  impl.RaftServerImpl (RaftServerImpl.java:start(180)) - 838bbf9f-7aeb-447a-af5f-488443b4a0c5: start group-7B166E0233A1
2019-09-19 16:57:39,257 [pool-610-thread-1] INFO  impl.RaftServerImpl (RaftServerImpl.java:setRole(171)) - 838bbf9f-7aeb-447a-af5f-488443b4a0c5:group-7B166E0233A1 changes role from null to FOLLOWER at term 0 for startAsFollower
2019-09-19 16:57:39,257 [pool-610-thread-1] INFO  impl.RoleInfo (RoleInfo.java:updateAndGet(143)) - 838bbf9f-7aeb-447a-af5f-488443b4a0c5: start FollowerState
2019-09-19 16:57:39,258 [pool-610-thread-1] INFO  util.JmxRegister (JmxRegister.java:tryRegister(44)) - Successfully registered JMX Bean with object name Ratis:service=RaftServer,group=group-7B166E0233A1,id=838bbf9f-7aeb-447a-af5f-488443b4a0c5
2019-09-19 16:57:39,261 [RatisPipelineUtilsThread] INFO  pipeline.PipelineStateManager (PipelineStateManager.java:addPipeline(56)) - Created pipeline Pipeline[ Id: a4114247-9373-418e-80ab-7b166e0233a1, Nodes: 838bbf9f-7aeb-447a-af5f-488443b4a0c5{ip: 192.168.157.226, host: pr-hdds-1569-swxfz-3172132826, networkLocation: /default-rack, certSerialId: null}, Type:RATIS, Factor:ONE, State:OPEN]
2019-09-19 16:57:39,267 [grpc-default-executor-0] INFO  impl.RaftServerProxy (RaftServerProxy.java:addNew(89)) - 838bbf9f-7aeb-447a-af5f-488443b4a0c5: addNew group-F80F86E86D40:[838bbf9f-7aeb-447a-af5f-488443b4a0c5:192.168.157.226:41146] returns group-F80F86E86D40:java.util.concurrent.CompletableFuture@39b61b8e[Not completed]
2019-09-19 16:57:39,268 [pool-610-thread-1] INFO  impl.RaftServerImpl (RaftServerImpl.java:<init>(93)) - 838bbf9f-7aeb-447a-af5f-488443b4a0c5: new RaftServerImpl for group-F80F86E86D40:[838bbf9f-7aeb-447a-af5f-488443b4a0c5:192.168.157.226:41146] with ContainerStateMachine:uninitialized
2019-09-19 16:57:39,268 [pool-610-thread-1] INFO  server.RaftServerConfigKeys (ConfUtils.java:logGet(43)) - raft.server.rpc.timeout.min = 5s (custom)
2019-09-19 16:57:39,268 [pool-610-thread-1] INFO  server.RaftServerConfigKeys (ConfUtils.java:logGet(43)) - raft.server.rpc.timeout.max = 5200ms (custom)
2019-09-19 16:57:39,268 [pool-610-thread-1] INFO  server.RaftServerConfigKeys (ConfUtils.java:logGet(43)) - raft.server.rpcslowness.timeout = 120s (custom)
2019-09-19 16:57:39,268 [pool-610-thread-1] INFO  server.RaftServerConfigKeys (ConfUtils.java:logGet(43)) - raft.server.sleep.deviation.threshold = 300 (default)
2019-09-19 16:57:39,268 [pool-610-thread-1] INFO  server.RaftServerConfigKeys (ConfUtils.java:logGet(43)) - raft.server.log.appender.install.snapshot.enabled = false (custom)
2019-09-19 16:57:39,268 [pool-610-thread-1] INFO  impl.RaftServerImpl (ServerState.java:<init>(105)) - 838bbf9f-7aeb-447a-af5f-488443b4a0c5:group-F80F86E86D40 ConfigurationManager, init=-1: [838bbf9f-7aeb-447a-af5f-488443b4a0c5:192.168.157.226:41146], old=null, confs=<EMPTY_MAP>
2019-09-19 16:57:39,269 [pool-610-thread-1] INFO  server.RaftServerConfigKeys (ConfUtils.java:logGet(43)) - raft.server.storage.dir = [/workdir/hadoop-ozone/ozonefs/target/test-dir/MiniOzoneClusterImpl-3d3a7b5e-b8a0-4c61-bcb4-dda3d52dd67e/datanode-0/data/ratis] (custom)
2019-09-19 16:57:39,269 [pool-610-thread-1] INFO  storage.RaftStorageDirectory (RaftStorageDirectory.java:analyzeStorage(246)) - The storage directory /workdir/hadoop-ozone/ozonefs/target/test-dir/MiniOzoneClusterImpl-3d3a7b5e-b8a0-4c61-bcb4-dda3d52dd67e/datanode-0/data/ratis/fc8dce7a-5189-488e-a2e7-f80f86e86d40 does not exist. Creating ...
2019-09-19 16:57:39,280 [IPC Server handler 0 on 35706] INFO  net.NetworkTopology (NetworkTopologyImpl.java:add(110)) - Added a new node: /default-rack/ad522d99-c864-49ec-a4dd-d702ee7a24ab
2019-09-19 16:57:39,280 [IPC Server handler 0 on 35706] INFO  node.SCMNodeManager (SCMNodeManager.java:register(273)) - Registered Data node : ad522d99-c864-49ec-a4dd-d702ee7a24ab{ip: 192.168.157.226, host: pr-hdds-1569-swxfz-3172132826, networkLocation: /default-rack, certSerialId: null}
2019-09-19 16:57:39,281 | INFO  | SCMAudit | user=jenkins1000 | ip=192.168.157.226 | op=REGISTER {datanodeDetails=ad522d99-c864-49ec-a4dd-d702ee7a24ab{ip: 192.168.157.226, host: pr-hdds-1569-swxfz-3172132826, networkLocation: /default-rack, certSerialId: null}} | ret=SUCCESS |  
2019-09-19 16:57:39,281 [pool-610-thread-1] INFO  storage.RaftStorageDirectory (RaftStorageDirectory.java:tryLock(328)) - Lock on /workdir/hadoop-ozone/ozonefs/target/test-dir/MiniOzoneClusterImpl-3d3a7b5e-b8a0-4c61-bcb4-dda3d52dd67e/datanode-0/data/ratis/fc8dce7a-5189-488e-a2e7-f80f86e86d40/in_use.lock acquired by nodename 14771@pr-hdds-1569-swxfz-3172132826
2019-09-19 16:57:39,294 [pool-610-thread-1] INFO  storage.RaftStorage (RaftStorage.java:format(72)) - Storage directory /workdir/hadoop-ozone/ozonefs/target/test-dir/MiniOzoneClusterImpl-3d3a7b5e-b8a0-4c61-bcb4-dda3d52dd67e/datanode-0/data/ratis/fc8dce7a-5189-488e-a2e7-f80f86e86d40 has been successfully formatted.
2019-09-19 16:57:39,295 [pool-610-thread-1] INFO  ratis.ContainerStateMachine (ContainerStateMachine.java:loadSnapshot(226)) - group-F80F86E86D40: The snapshot info is null. Setting the last applied indexto:(t:0, i:~)
2019-09-19 16:57:39,295 [pool-610-thread-1] INFO  server.RaftServerConfigKeys (ConfUtils.java:logGet(43)) - raft.server.leader.election.timeout = 120s (custom)
2019-09-19 16:57:39,295 [pool-610-thread-1] INFO  server.RaftServerConfigKeys (ConfUtils.java:logGet(43)) - raft.server.log.use.memory = false (default)
2019-09-19 16:57:39,295 [pool-610-thread-1] INFO  server.RaftServerConfigKeys (ConfUtils.java:logGet(43)) - raft.server.log.purge.gap = 1000000 (custom)
2019-09-19 16:57:39,295 [pool-610-thread-1] INFO  server.RaftServerConfigKeys (ConfUtils.java:logGet(43)) - raft.server.log.appender.buffer.byte-limit = 33554432 (custom)
2019-09-19 16:57:39,295 [pool-610-thread-1] INFO  server.RaftServerConfigKeys (ConfUtils.java:logGet(43)) - raft.server.log.segment.size.max = 1048576 (custom)
2019-09-19 16:57:39,295 [pool-610-thread-1] INFO  server.RaftServerConfigKeys (ConfUtils.java:logGet(43)) - raft.server.log.segment.cache.num.max = 2 (custom)
2019-09-19 16:57:39,296 [pool-610-thread-1] INFO  segmented.SegmentedRaftLogWorker (SegmentedRaftLogWorker.java:<init>(172)) - new 838bbf9f-7aeb-447a-af5f-488443b4a0c5-SegmentedRaftLogWorker:Storage Directory /workdir/hadoop-ozone/ozonefs/target/test-dir/MiniOzoneClusterImpl-3d3a7b5e-b8a0-4c61-bcb4-dda3d52dd67e/datanode-0/data/ratis/fc8dce7a-5189-488e-a2e7-f80f86e86d40 for RaftStorage:Storage Directory /workdir/hadoop-ozone/ozonefs/target/test-dir/MiniOzoneClusterImpl-3d3a7b5e-b8a0-4c61-bcb4-dda3d52dd67e/datanode-0/data/ratis/fc8dce7a-5189-488e-a2e7-f80f86e86d40
2019-09-19 16:57:39,296 [pool-610-thread-1] INFO  server.RaftServerConfigKeys (ConfUtils.java:logGet(43)) - raft.server.log.queue.byte-limit = 2147483647 (custom)
2019-09-19 16:57:39,296 [pool-610-thread-1] INFO  server.RaftServerConfigKeys (ConfUtils.java:logGet(43)) - raft.server.log.queue.element-limit = 1024 (custom)
2019-09-19 16:57:39,296 [pool-610-thread-1] INFO  server.RaftServerConfigKeys (ConfUtils.java:logGet(43)) - raft.server.log.segment.size.max = 1048576 (custom)
2019-09-19 16:57:39,296 [pool-610-thread-1] INFO  server.RaftServerConfigKeys (ConfUtils.java:logGet(43)) - raft.server.log.preallocated.size = 16384 (custom)
2019-09-19 16:57:39,296 [pool-610-thread-1] INFO  server.RaftServerConfigKeys (ConfUtils.java:logGet(43)) - raft.server.log.write.buffer.size = 33554432 (custom)
2019-09-19 16:57:39,296 [pool-610-thread-1] INFO  server.RaftServerConfigKeys (ConfUtils.java:logGet(43)) - raft.server.log.force.sync.num = 128 (default)
2019-09-19 16:57:39,296 [pool-610-thread-1] INFO  server.RaftServerConfigKeys (ConfUtils.java:logGet(43)) - raft.server.log.statemachine.data.sync = true (default)
2019-09-19 16:57:39,297 [pool-610-thread-1] INFO  server.RaftServerConfigKeys (ConfUtils.java:logGet(43)) - raft.server.log.statemachine.data.sync.timeout = 10s (default)
2019-09-19 16:57:39,297 [pool-610-thread-1] INFO  server.RaftServerConfigKeys (ConfUtils.java:logGet(43)) - raft.server.log.statemachine.data.sync.timeout.retry = -1 (default)
2019-09-19 16:57:39,297 [pool-610-thread-1] INFO  server.RaftServerConfigKeys (ConfUtils.java:logGet(43)) - raft.server.log.statemachine.data.caching.enabled = true (custom)
2019-09-19 16:57:39,297 [pool-610-thread-1] INFO  segmented.SegmentedRaftLogWorker (SegmentedRaftLogWorker.java:lambda$new$0(132)) - 838bbf9f-7aeb-447a-af5f-488443b4a0c5-SegmentedRaftLogWorker:Storage Directory /workdir/hadoop-ozone/ozonefs/target/test-dir/MiniOzoneClusterImpl-3d3a7b5e-b8a0-4c61-bcb4-dda3d52dd67e/datanode-0/data/ratis/fc8dce7a-5189-488e-a2e7-f80f86e86d40: flushIndex: setUnconditionally 0 -> -1
2019-09-19 16:57:39,297 [pool-610-thread-1] INFO  server.RaftServerConfigKeys (ConfUtils.java:logGet(43)) - raft.server.snapshot.auto.trigger.enabled = true (custom)
2019-09-19 16:57:39,298 [pool-610-thread-1] INFO  server.RaftServerConfigKeys (ConfUtils.java:logGet(43)) - raft.server.snapshot.auto.trigger.threshold = 10000 (custom)
2019-09-19 16:57:39,298 [pool-610-thread-1] INFO  server.RaftServerConfigKeys (ConfUtils.java:logGet(43)) - raft.server.retrycache.expirytime = 600000ms (custom)
2019-09-19 16:57:39,298 [pool-610-thread-1] INFO  impl.RaftServerImpl (RaftServerImpl.java:start(180)) - 838bbf9f-7aeb-447a-af5f-488443b4a0c5: start group-F80F86E86D40
2019-09-19 16:57:39,298 [pool-610-thread-1] INFO  impl.RaftServerImpl (RaftServerImpl.java:setRole(171)) - 838bbf9f-7aeb-447a-af5f-488443b4a0c5:group-F80F86E86D40 changes role from null to FOLLOWER at term 0 for startAsFollower
2019-09-19 16:57:39,298 [pool-610-thread-1] INFO  impl.RoleInfo (RoleInfo.java:updateAndGet(143)) - 838bbf9f-7aeb-447a-af5f-488443b4a0c5: start FollowerState
2019-09-19 16:57:39,298 [pool-610-thread-1] INFO  util.JmxRegister (JmxRegister.java:tryRegister(44)) - Successfully registered JMX Bean with object name Ratis:service=RaftServer,group=group-F80F86E86D40,id=838bbf9f-7aeb-447a-af5f-488443b4a0c5
2019-09-19 16:57:39,301 [RatisPipelineUtilsThread] INFO  pipeline.PipelineStateManager (PipelineStateManager.java:addPipeline(56)) - Created pipeline Pipeline[ Id: fc8dce7a-5189-488e-a2e7-f80f86e86d40, Nodes: 838bbf9f-7aeb-447a-af5f-488443b4a0c5{ip: 192.168.157.226, host: pr-hdds-1569-swxfz-3172132826, networkLocation: /default-rack, certSerialId: null}, Type:RATIS, Factor:ONE, State:OPEN]
2019-09-19 16:57:39,306 [grpc-default-executor-0] INFO  impl.RaftServerProxy (RaftServerProxy.java:addNew(89)) - 838bbf9f-7aeb-447a-af5f-488443b4a0c5: addNew group-FFB452498E77:[838bbf9f-7aeb-447a-af5f-488443b4a0c5:192.168.157.226:41146] returns group-FFB452498E77:java.util.concurrent.CompletableFuture@5002f177[Not completed]
2019-09-19 16:57:39,307 [pool-610-thread-1] INFO  impl.RaftServerImpl (RaftServerImpl.java:<init>(93)) - 838bbf9f-7aeb-447a-af5f-488443b4a0c5: new RaftServerImpl for group-FFB452498E77:[838bbf9f-7aeb-447a-af5f-488443b4a0c5:192.168.157.226:41146] with ContainerStateMachine:uninitialized
2019-09-19 16:57:39,307 [pool-610-thread-1] INFO  server.RaftServerConfigKeys (ConfUtils.java:logGet(43)) - raft.server.rpc.timeout.min = 5s (custom)
2019-09-19 16:57:39,307 [pool-610-thread-1] INFO  server.RaftServerConfigKeys (ConfUtils.java:logGet(43)) - raft.server.rpc.timeout.max = 5200ms (custom)
2019-09-19 16:57:39,307 [pool-610-thread-1] INFO  server.RaftServerConfigKeys (ConfUtils.java:logGet(43)) - raft.server.rpcslowness.timeout = 120s (custom)
2019-09-19 16:57:39,307 [pool-610-thread-1] INFO  server.RaftServerConfigKeys (ConfUtils.java:logGet(43)) - raft.server.sleep.deviation.threshold = 300 (default)
2019-09-19 16:57:39,307 [pool-610-thread-1] INFO  server.RaftServerConfigKeys (ConfUtils.java:logGet(43)) - raft.server.log.appender.install.snapshot.enabled = false (custom)
2019-09-19 16:57:39,307 [pool-610-thread-1] INFO  impl.RaftServerImpl (ServerState.java:<init>(105)) - 838bbf9f-7aeb-447a-af5f-488443b4a0c5:group-FFB452498E77 ConfigurationManager, init=-1: [838bbf9f-7aeb-447a-af5f-488443b4a0c5:192.168.157.226:41146], old=null, confs=<EMPTY_MAP>
2019-09-19 16:57:39,308 [pool-610-thread-1] INFO  server.RaftServerConfigKeys (ConfUtils.java:logGet(43)) - raft.server.storage.dir = [/workdir/hadoop-ozone/ozonefs/target/test-dir/MiniOzoneClusterImpl-3d3a7b5e-b8a0-4c61-bcb4-dda3d52dd67e/datanode-0/data/ratis] (custom)
2019-09-19 16:57:39,308 [pool-610-thread-1] INFO  storage.RaftStorageDirectory (RaftStorageDirectory.java:analyzeStorage(246)) - The storage directory /workdir/hadoop-ozone/ozonefs/target/test-dir/MiniOzoneClusterImpl-3d3a7b5e-b8a0-4c61-bcb4-dda3d52dd67e/datanode-0/data/ratis/4008324c-f874-40fa-ba8d-ffb452498e77 does not exist. Creating ...
2019-09-19 16:57:39,311 [pool-610-thread-1] INFO  storage.RaftStorageDirectory (RaftStorageDirectory.java:tryLock(328)) - Lock on /workdir/hadoop-ozone/ozonefs/target/test-dir/MiniOzoneClusterImpl-3d3a7b5e-b8a0-4c61-bcb4-dda3d52dd67e/datanode-0/data/ratis/4008324c-f874-40fa-ba8d-ffb452498e77/in_use.lock acquired by nodename 14771@pr-hdds-1569-swxfz-3172132826
2019-09-19 16:57:39,314 [pool-610-thread-1] INFO  storage.RaftStorage (RaftStorage.java:format(72)) - Storage directory /workdir/hadoop-ozone/ozonefs/target/test-dir/MiniOzoneClusterImpl-3d3a7b5e-b8a0-4c61-bcb4-dda3d52dd67e/datanode-0/data/ratis/4008324c-f874-40fa-ba8d-ffb452498e77 has been successfully formatted.
2019-09-19 16:57:39,315 [pool-610-thread-1] INFO  ratis.ContainerStateMachine (ContainerStateMachine.java:loadSnapshot(226)) - group-FFB452498E77: The snapshot info is null. Setting the last applied indexto:(t:0, i:~)
2019-09-19 16:57:39,315 [pool-610-thread-1] INFO  server.RaftServerConfigKeys (ConfUtils.java:logGet(43)) - raft.server.leader.election.timeout = 120s (custom)
2019-09-19 16:57:39,315 [pool-610-thread-1] INFO  server.RaftServerConfigKeys (ConfUtils.java:logGet(43)) - raft.server.log.use.memory = false (default)
2019-09-19 16:57:39,315 [pool-610-thread-1] INFO  server.RaftServerConfigKeys (ConfUtils.java:logGet(43)) - raft.server.log.purge.gap = 1000000 (custom)
2019-09-19 16:57:39,315 [pool-610-thread-1] INFO  server.RaftServerConfigKeys (ConfUtils.java:logGet(43)) - raft.server.log.appender.buffer.byte-limit = 33554432 (custom)
2019-09-19 16:57:39,315 [pool-610-thread-1] INFO  server.RaftServerConfigKeys (ConfUtils.java:logGet(43)) - raft.server.log.segment.size.max = 1048576 (custom)
2019-09-19 16:57:39,315 [pool-610-thread-1] INFO  server.RaftServerConfigKeys (ConfUtils.java:logGet(43)) - raft.server.log.segment.cache.num.max = 2 (custom)
2019-09-19 16:57:39,316 [pool-610-thread-1] INFO  segmented.SegmentedRaftLogWorker (SegmentedRaftLogWorker.java:<init>(172)) - new 838bbf9f-7aeb-447a-af5f-488443b4a0c5-SegmentedRaftLogWorker:Storage Directory /workdir/hadoop-ozone/ozonefs/target/test-dir/MiniOzoneClusterImpl-3d3a7b5e-b8a0-4c61-bcb4-dda3d52dd67e/datanode-0/data/ratis/4008324c-f874-40fa-ba8d-ffb452498e77 for RaftStorage:Storage Directory /workdir/hadoop-ozone/ozonefs/target/test-dir/MiniOzoneClusterImpl-3d3a7b5e-b8a0-4c61-bcb4-dda3d52dd67e/datanode-0/data/ratis/4008324c-f874-40fa-ba8d-ffb452498e77
2019-09-19 16:57:39,316 [pool-610-thread-1] INFO  server.RaftServerConfigKeys (ConfUtils.java:logGet(43)) - raft.server.log.queue.byte-limit = 2147483647 (custom)
2019-09-19 16:57:39,316 [pool-610-thread-1] INFO  server.RaftServerConfigKeys (ConfUtils.java:logGet(43)) - raft.server.log.queue.element-limit = 1024 (custom)
2019-09-19 16:57:39,316 [pool-610-thread-1] INFO  server.RaftServerConfigKeys (ConfUtils.java:logGet(43)) - raft.server.log.segment.size.max = 1048576 (custom)
2019-09-19 16:57:39,316 [pool-610-thread-1] INFO  server.RaftServerConfigKeys (ConfUtils.java:logGet(43)) - raft.server.log.preallocated.size = 16384 (custom)
2019-09-19 16:57:39,316 [pool-610-thread-1] INFO  server.RaftServerConfigKeys (ConfUtils.java:logGet(43)) - raft.server.log.write.buffer.size = 33554432 (custom)
2019-09-19 16:57:39,316 [pool-610-thread-1] INFO  server.RaftServerConfigKeys (ConfUtils.java:logGet(43)) - raft.server.log.force.sync.num = 128 (default)
2019-09-19 16:57:39,316 [pool-610-thread-1] INFO  server.RaftServerConfigKeys (ConfUtils.java:logGet(43)) - raft.server.log.statemachine.data.sync = true (default)
2019-09-19 16:57:39,317 [pool-610-thread-1] INFO  server.RaftServerConfigKeys (ConfUtils.java:logGet(43)) - raft.server.log.statemachine.data.sync.timeout = 10s (default)
2019-09-19 16:57:39,317 [pool-610-thread-1] INFO  server.RaftServerConfigKeys (ConfUtils.java:logGet(43)) - raft.server.log.statemachine.data.sync.timeout.retry = -1 (default)
2019-09-19 16:57:39,317 [pool-610-thread-1] INFO  server.RaftServerConfigKeys (ConfUtils.java:logGet(43)) - raft.server.log.statemachine.data.caching.enabled = true (custom)
2019-09-19 16:57:39,317 [pool-610-thread-1] INFO  segmented.SegmentedRaftLogWorker (SegmentedRaftLogWorker.java:lambda$new$0(132)) - 838bbf9f-7aeb-447a-af5f-488443b4a0c5-SegmentedRaftLogWorker:Storage Directory /workdir/hadoop-ozone/ozonefs/target/test-dir/MiniOzoneClusterImpl-3d3a7b5e-b8a0-4c61-bcb4-dda3d52dd67e/datanode-0/data/ratis/4008324c-f874-40fa-ba8d-ffb452498e77: flushIndex: setUnconditionally 0 -> -1
2019-09-19 16:57:39,317 [pool-610-thread-1] INFO  server.RaftServerConfigKeys (ConfUtils.java:logGet(43)) - raft.server.snapshot.auto.trigger.enabled = true (custom)
2019-09-19 16:57:39,318 [pool-610-thread-1] INFO  server.RaftServerConfigKeys (ConfUtils.java:logGet(43)) - raft.server.snapshot.auto.trigger.threshold = 10000 (custom)
2019-09-19 16:57:39,318 [pool-610-thread-1] INFO  server.RaftServerConfigKeys (ConfUtils.java:logGet(43)) - raft.server.retrycache.expirytime = 600000ms (custom)
2019-09-19 16:57:39,318 [pool-610-thread-1] INFO  impl.RaftServerImpl (RaftServerImpl.java:start(180)) - 838bbf9f-7aeb-447a-af5f-488443b4a0c5: start group-FFB452498E77
2019-09-19 16:57:39,318 [pool-610-thread-1] INFO  impl.RaftServerImpl (RaftServerImpl.java:setRole(171)) - 838bbf9f-7aeb-447a-af5f-488443b4a0c5:group-FFB452498E77 changes role from null to FOLLOWER at term 0 for startAsFollower
2019-09-19 16:57:39,318 [pool-610-thread-1] INFO  impl.RoleInfo (RoleInfo.java:updateAndGet(143)) - 838bbf9f-7aeb-447a-af5f-488443b4a0c5: start FollowerState
2019-09-19 16:57:39,318 [pool-610-thread-1] INFO  util.JmxRegister (JmxRegister.java:tryRegister(44)) - Successfully registered JMX Bean with object name Ratis:service=RaftServer,group=group-FFB452498E77,id=838bbf9f-7aeb-447a-af5f-488443b4a0c5
2019-09-19 16:57:39,321 [RatisPipelineUtilsThread] INFO  pipeline.PipelineStateManager (PipelineStateManager.java:addPipeline(56)) - Created pipeline Pipeline[ Id: 4008324c-f874-40fa-ba8d-ffb452498e77, Nodes: 838bbf9f-7aeb-447a-af5f-488443b4a0c5{ip: 192.168.157.226, host: pr-hdds-1569-swxfz-3172132826, networkLocation: /default-rack, certSerialId: null}, Type:RATIS, Factor:ONE, State:OPEN]
2019-09-19 16:57:39,325 [grpc-default-executor-0] INFO  impl.RaftServerProxy (RaftServerProxy.java:addNew(89)) - 838bbf9f-7aeb-447a-af5f-488443b4a0c5: addNew group-C0E02E9662E6:[838bbf9f-7aeb-447a-af5f-488443b4a0c5:192.168.157.226:41146] returns group-C0E02E9662E6:java.util.concurrent.CompletableFuture@3b426379[Not completed]
2019-09-19 16:57:39,326 [pool-610-thread-1] INFO  impl.RaftServerImpl (RaftServerImpl.java:<init>(93)) - 838bbf9f-7aeb-447a-af5f-488443b4a0c5: new RaftServerImpl for group-C0E02E9662E6:[838bbf9f-7aeb-447a-af5f-488443b4a0c5:192.168.157.226:41146] with ContainerStateMachine:uninitialized
2019-09-19 16:57:39,326 [pool-610-thread-1] INFO  server.RaftServerConfigKeys (ConfUtils.java:logGet(43)) - raft.server.rpc.timeout.min = 5s (custom)
2019-09-19 16:57:39,326 [pool-610-thread-1] INFO  server.RaftServerConfigKeys (ConfUtils.java:logGet(43)) - raft.server.rpc.timeout.max = 5200ms (custom)
2019-09-19 16:57:39,326 [pool-610-thread-1] INFO  server.RaftServerConfigKeys (ConfUtils.java:logGet(43)) - raft.server.rpcslowness.timeout = 120s (custom)
2019-09-19 16:57:39,326 [pool-610-thread-1] INFO  server.RaftServerConfigKeys (ConfUtils.java:logGet(43)) - raft.server.sleep.deviation.threshold = 300 (default)
2019-09-19 16:57:39,326 [pool-610-thread-1] INFO  server.RaftServerConfigKeys (ConfUtils.java:logGet(43)) - raft.server.log.appender.install.snapshot.enabled = false (custom)
2019-09-19 16:57:39,326 [pool-610-thread-1] INFO  impl.RaftServerImpl (ServerState.java:<init>(105)) - 838bbf9f-7aeb-447a-af5f-488443b4a0c5:group-C0E02E9662E6 ConfigurationManager, init=-1: [838bbf9f-7aeb-447a-af5f-488443b4a0c5:192.168.157.226:41146], old=null, confs=<EMPTY_MAP>
2019-09-19 16:57:39,327 [pool-610-thread-1] INFO  server.RaftServerConfigKeys (ConfUtils.java:logGet(43)) - raft.server.storage.dir = [/workdir/hadoop-ozone/ozonefs/target/test-dir/MiniOzoneClusterImpl-3d3a7b5e-b8a0-4c61-bcb4-dda3d52dd67e/datanode-0/data/ratis] (custom)
2019-09-19 16:57:39,327 [pool-610-thread-1] INFO  storage.RaftStorageDirectory (RaftStorageDirectory.java:analyzeStorage(246)) - The storage directory /workdir/hadoop-ozone/ozonefs/target/test-dir/MiniOzoneClusterImpl-3d3a7b5e-b8a0-4c61-bcb4-dda3d52dd67e/datanode-0/data/ratis/290ce345-1dca-4eaf-b1ee-c0e02e9662e6 does not exist. Creating ...
2019-09-19 16:57:39,330 [pool-610-thread-1] INFO  storage.RaftStorageDirectory (RaftStorageDirectory.java:tryLock(328)) - Lock on /workdir/hadoop-ozone/ozonefs/target/test-dir/MiniOzoneClusterImpl-3d3a7b5e-b8a0-4c61-bcb4-dda3d52dd67e/datanode-0/data/ratis/290ce345-1dca-4eaf-b1ee-c0e02e9662e6/in_use.lock acquired by nodename 14771@pr-hdds-1569-swxfz-3172132826
2019-09-19 16:57:39,333 [pool-610-thread-1] INFO  storage.RaftStorage (RaftStorage.java:format(72)) - Storage directory /workdir/hadoop-ozone/ozonefs/target/test-dir/MiniOzoneClusterImpl-3d3a7b5e-b8a0-4c61-bcb4-dda3d52dd67e/datanode-0/data/ratis/290ce345-1dca-4eaf-b1ee-c0e02e9662e6 has been successfully formatted.
2019-09-19 16:57:39,334 [pool-610-thread-1] INFO  ratis.ContainerStateMachine (ContainerStateMachine.java:loadSnapshot(226)) - group-C0E02E9662E6: The snapshot info is null. Setting the last applied indexto:(t:0, i:~)
2019-09-19 16:57:39,334 [pool-610-thread-1] INFO  server.RaftServerConfigKeys (ConfUtils.java:logGet(43)) - raft.server.leader.election.timeout = 120s (custom)
2019-09-19 16:57:39,334 [pool-610-thread-1] INFO  server.RaftServerConfigKeys (ConfUtils.java:logGet(43)) - raft.server.log.use.memory = false (default)
2019-09-19 16:57:39,334 [pool-610-thread-1] INFO  server.RaftServerConfigKeys (ConfUtils.java:logGet(43)) - raft.server.log.purge.gap = 1000000 (custom)
2019-09-19 16:57:39,334 [pool-610-thread-1] INFO  server.RaftServerConfigKeys (ConfUtils.java:logGet(43)) - raft.server.log.appender.buffer.byte-limit = 33554432 (custom)
2019-09-19 16:57:39,334 [pool-610-thread-1] INFO  server.RaftServerConfigKeys (ConfUtils.java:logGet(43)) - raft.server.log.segment.size.max = 1048576 (custom)
2019-09-19 16:57:39,334 [pool-610-thread-1] INFO  server.RaftServerConfigKeys (ConfUtils.java:logGet(43)) - raft.server.log.segment.cache.num.max = 2 (custom)
2019-09-19 16:57:39,334 [pool-610-thread-1] INFO  segmented.SegmentedRaftLogWorker (SegmentedRaftLogWorker.java:<init>(172)) - new 838bbf9f-7aeb-447a-af5f-488443b4a0c5-SegmentedRaftLogWorker:Storage Directory /workdir/hadoop-ozone/ozonefs/target/test-dir/MiniOzoneClusterImpl-3d3a7b5e-b8a0-4c61-bcb4-dda3d52dd67e/datanode-0/data/ratis/290ce345-1dca-4eaf-b1ee-c0e02e9662e6 for RaftStorage:Storage Directory /workdir/hadoop-ozone/ozonefs/target/test-dir/MiniOzoneClusterImpl-3d3a7b5e-b8a0-4c61-bcb4-dda3d52dd67e/datanode-0/data/ratis/290ce345-1dca-4eaf-b1ee-c0e02e9662e6
2019-09-19 16:57:39,335 [pool-610-thread-1] INFO  server.RaftServerConfigKeys (ConfUtils.java:logGet(43)) - raft.server.log.queue.byte-limit = 2147483647 (custom)
2019-09-19 16:57:39,335 [pool-610-thread-1] INFO  server.RaftServerConfigKeys (ConfUtils.java:logGet(43)) - raft.server.log.queue.element-limit = 1024 (custom)
2019-09-19 16:57:39,335 [pool-610-thread-1] INFO  server.RaftServerConfigKeys (ConfUtils.java:logGet(43)) - raft.server.log.segment.size.max = 1048576 (custom)
2019-09-19 16:57:39,335 [pool-610-thread-1] INFO  server.RaftServerConfigKeys (ConfUtils.java:logGet(43)) - raft.server.log.preallocated.size = 16384 (custom)
2019-09-19 16:57:39,335 [pool-610-thread-1] INFO  server.RaftServerConfigKeys (ConfUtils.java:logGet(43)) - raft.server.log.write.buffer.size = 33554432 (custom)
2019-09-19 16:57:39,335 [pool-610-thread-1] INFO  server.RaftServerConfigKeys (ConfUtils.java:logGet(43)) - raft.server.log.force.sync.num = 128 (default)
2019-09-19 16:57:39,335 [pool-610-thread-1] INFO  server.RaftServerConfigKeys (ConfUtils.java:logGet(43)) - raft.server.log.statemachine.data.sync = true (default)
2019-09-19 16:57:39,335 [pool-610-thread-1] INFO  server.RaftServerConfigKeys (ConfUtils.java:logGet(43)) - raft.server.log.statemachine.data.sync.timeout = 10s (default)
2019-09-19 16:57:39,336 [pool-610-thread-1] INFO  server.RaftServerConfigKeys (ConfUtils.java:logGet(43)) - raft.server.log.statemachine.data.sync.timeout.retry = -1 (default)
2019-09-19 16:57:39,336 [pool-610-thread-1] INFO  server.RaftServerConfigKeys (ConfUtils.java:logGet(43)) - raft.server.log.statemachine.data.caching.enabled = true (custom)
2019-09-19 16:57:39,336 [pool-610-thread-1] INFO  segmented.SegmentedRaftLogWorker (SegmentedRaftLogWorker.java:lambda$new$0(132)) - 838bbf9f-7aeb-447a-af5f-488443b4a0c5-SegmentedRaftLogWorker:Storage Directory /workdir/hadoop-ozone/ozonefs/target/test-dir/MiniOzoneClusterImpl-3d3a7b5e-b8a0-4c61-bcb4-dda3d52dd67e/datanode-0/data/ratis/290ce345-1dca-4eaf-b1ee-c0e02e9662e6: flushIndex: setUnconditionally 0 -> -1
2019-09-19 16:57:39,336 [pool-610-thread-1] INFO  server.RaftServerConfigKeys (ConfUtils.java:logGet(43)) - raft.server.snapshot.auto.trigger.enabled = true (custom)
2019-09-19 16:57:39,336 [pool-610-thread-1] INFO  server.RaftServerConfigKeys (ConfUtils.java:logGet(43)) - raft.server.snapshot.auto.trigger.threshold = 10000 (custom)
2019-09-19 16:57:39,336 [pool-610-thread-1] INFO  server.RaftServerConfigKeys (ConfUtils.java:logGet(43)) - raft.server.retrycache.expirytime = 600000ms (custom)
2019-09-19 16:57:39,337 [pool-610-thread-1] INFO  impl.RaftServerImpl (RaftServerImpl.java:start(180)) - 838bbf9f-7aeb-447a-af5f-488443b4a0c5: start group-C0E02E9662E6
2019-09-19 16:57:39,337 [pool-610-thread-1] INFO  impl.RaftServerImpl (RaftServerImpl.java:setRole(171)) - 838bbf9f-7aeb-447a-af5f-488443b4a0c5:group-C0E02E9662E6 changes role from null to FOLLOWER at term 0 for startAsFollower
2019-09-19 16:57:39,337 [pool-610-thread-1] INFO  impl.RoleInfo (RoleInfo.java:updateAndGet(143)) - 838bbf9f-7aeb-447a-af5f-488443b4a0c5: start FollowerState
2019-09-19 16:57:39,337 [pool-610-thread-1] INFO  util.JmxRegister (JmxRegister.java:tryRegister(44)) - Successfully registered JMX Bean with object name Ratis:service=RaftServer,group=group-C0E02E9662E6,id=838bbf9f-7aeb-447a-af5f-488443b4a0c5
2019-09-19 16:57:39,340 [RatisPipelineUtilsThread] INFO  pipeline.PipelineStateManager (PipelineStateManager.java:addPipeline(56)) - Created pipeline Pipeline[ Id: 290ce345-1dca-4eaf-b1ee-c0e02e9662e6, Nodes: 838bbf9f-7aeb-447a-af5f-488443b4a0c5{ip: 192.168.157.226, host: pr-hdds-1569-swxfz-3172132826, networkLocation: /default-rack, certSerialId: null}, Type:RATIS, Factor:ONE, State:OPEN]
2019-09-19 16:57:39,340 [RatisPipelineUtilsThread] ERROR pipeline.PipelinePlacementPolicy (PipelinePlacementPolicy.java:meetCriteria(91)) - Pipeline Placement: Doesn't meet the criteria to be viable node. Heaviness: 6
2019-09-19 16:57:39,347 [grpc-default-executor-0] INFO  impl.RaftServerProxy (RaftServerProxy.java:addNew(89)) - ad522d99-c864-49ec-a4dd-d702ee7a24ab: addNew group-120D486E53A1:[ad522d99-c864-49ec-a4dd-d702ee7a24ab:192.168.157.226:39664] returns group-120D486E53A1:java.util.concurrent.CompletableFuture@26c2e8b4[Not completed]
2019-09-19 16:57:39,348 [pool-621-thread-1] INFO  impl.RaftServerImpl (RaftServerImpl.java:<init>(93)) - ad522d99-c864-49ec-a4dd-d702ee7a24ab: new RaftServerImpl for group-120D486E53A1:[ad522d99-c864-49ec-a4dd-d702ee7a24ab:192.168.157.226:39664] with ContainerStateMachine:uninitialized
2019-09-19 16:57:39,349 [pool-621-thread-1] INFO  server.RaftServerConfigKeys (ConfUtils.java:logGet(43)) - raft.server.rpc.timeout.min = 5s (custom)
2019-09-19 16:57:39,349 [pool-621-thread-1] INFO  server.RaftServerConfigKeys (ConfUtils.java:logGet(43)) - raft.server.rpc.timeout.max = 5200ms (custom)
2019-09-19 16:57:39,349 [pool-621-thread-1] INFO  server.RaftServerConfigKeys (ConfUtils.java:logGet(43)) - raft.server.rpcslowness.timeout = 120s (custom)
2019-09-19 16:57:39,349 [pool-621-thread-1] INFO  server.RaftServerConfigKeys (ConfUtils.java:logGet(43)) - raft.server.sleep.deviation.threshold = 300 (default)
2019-09-19 16:57:39,349 [pool-621-thread-1] INFO  server.RaftServerConfigKeys (ConfUtils.java:logGet(43)) - raft.server.log.appender.install.snapshot.enabled = false (custom)
2019-09-19 16:57:39,349 [pool-621-thread-1] INFO  impl.RaftServerImpl (ServerState.java:<init>(105)) - ad522d99-c864-49ec-a4dd-d702ee7a24ab:group-120D486E53A1 ConfigurationManager, init=-1: [ad522d99-c864-49ec-a4dd-d702ee7a24ab:192.168.157.226:39664], old=null, confs=<EMPTY_MAP>
2019-09-19 16:57:39,350 [pool-621-thread-1] INFO  server.RaftServerConfigKeys (ConfUtils.java:logGet(43)) - raft.server.storage.dir = [/workdir/hadoop-ozone/ozonefs/target/test-dir/MiniOzoneClusterImpl-3d3a7b5e-b8a0-4c61-bcb4-dda3d52dd67e/datanode-1/data/ratis] (custom)
2019-09-19 16:57:39,350 [pool-621-thread-1] INFO  storage.RaftStorageDirectory (RaftStorageDirectory.java:analyzeStorage(246)) - The storage directory /workdir/hadoop-ozone/ozonefs/target/test-dir/MiniOzoneClusterImpl-3d3a7b5e-b8a0-4c61-bcb4-dda3d52dd67e/datanode-1/data/ratis/9371a2d9-a33f-4dc2-afb1-120d486e53a1 does not exist. Creating ...
2019-09-19 16:57:39,354 [pool-621-thread-1] INFO  storage.RaftStorageDirectory (RaftStorageDirectory.java:tryLock(328)) - Lock on /workdir/hadoop-ozone/ozonefs/target/test-dir/MiniOzoneClusterImpl-3d3a7b5e-b8a0-4c61-bcb4-dda3d52dd67e/datanode-1/data/ratis/9371a2d9-a33f-4dc2-afb1-120d486e53a1/in_use.lock acquired by nodename 14771@pr-hdds-1569-swxfz-3172132826
2019-09-19 16:57:39,357 [pool-621-thread-1] INFO  storage.RaftStorage (RaftStorage.java:format(72)) - Storage directory /workdir/hadoop-ozone/ozonefs/target/test-dir/MiniOzoneClusterImpl-3d3a7b5e-b8a0-4c61-bcb4-dda3d52dd67e/datanode-1/data/ratis/9371a2d9-a33f-4dc2-afb1-120d486e53a1 has been successfully formatted.
2019-09-19 16:57:39,357 [pool-621-thread-1] INFO  ratis.ContainerStateMachine (ContainerStateMachine.java:loadSnapshot(226)) - group-120D486E53A1: The snapshot info is null. Setting the last applied indexto:(t:0, i:~)
2019-09-19 16:57:39,358 [pool-621-thread-1] INFO  server.RaftServerConfigKeys (ConfUtils.java:logGet(43)) - raft.server.leader.election.timeout = 120s (custom)
2019-09-19 16:57:39,358 [pool-621-thread-1] INFO  server.RaftServerConfigKeys (ConfUtils.java:logGet(43)) - raft.server.log.use.memory = false (default)
2019-09-19 16:57:39,358 [pool-621-thread-1] INFO  server.RaftServerConfigKeys (ConfUtils.java:logGet(43)) - raft.server.log.purge.gap = 1000000 (custom)
2019-09-19 16:57:39,358 [pool-621-thread-1] INFO  server.RaftServerConfigKeys (ConfUtils.java:logGet(43)) - raft.server.log.appender.buffer.byte-limit = 33554432 (custom)
2019-09-19 16:57:39,358 [pool-621-thread-1] INFO  server.RaftServerConfigKeys (ConfUtils.java:logGet(43)) - raft.server.log.segment.size.max = 1048576 (custom)
2019-09-19 16:57:39,358 [pool-621-thread-1] INFO  server.RaftServerConfigKeys (ConfUtils.java:logGet(43)) - raft.server.log.segment.cache.num.max = 2 (custom)
2019-09-19 16:57:39,359 [pool-621-thread-1] INFO  segmented.SegmentedRaftLogWorker (SegmentedRaftLogWorker.java:<init>(172)) - new ad522d99-c864-49ec-a4dd-d702ee7a24ab-SegmentedRaftLogWorker:Storage Directory /workdir/hadoop-ozone/ozonefs/target/test-dir/MiniOzoneClusterImpl-3d3a7b5e-b8a0-4c61-bcb4-dda3d52dd67e/datanode-1/data/ratis/9371a2d9-a33f-4dc2-afb1-120d486e53a1 for RaftStorage:Storage Directory /workdir/hadoop-ozone/ozonefs/target/test-dir/MiniOzoneClusterImpl-3d3a7b5e-b8a0-4c61-bcb4-dda3d52dd67e/datanode-1/data/ratis/9371a2d9-a33f-4dc2-afb1-120d486e53a1
2019-09-19 16:57:39,359 [pool-621-thread-1] INFO  server.RaftServerConfigKeys (ConfUtils.java:logGet(43)) - raft.server.log.queue.byte-limit = 2147483647 (custom)
2019-09-19 16:57:39,359 [pool-621-thread-1] INFO  server.RaftServerConfigKeys (ConfUtils.java:logGet(43)) - raft.server.log.queue.element-limit = 1024 (custom)
2019-09-19 16:57:39,359 [pool-621-thread-1] INFO  server.RaftServerConfigKeys (ConfUtils.java:logGet(43)) - raft.server.log.segment.size.max = 1048576 (custom)
2019-09-19 16:57:39,359 [pool-621-thread-1] INFO  server.RaftServerConfigKeys (ConfUtils.java:logGet(43)) - raft.server.log.preallocated.size = 16384 (custom)
2019-09-19 16:57:39,360 [pool-621-thread-1] INFO  server.RaftServerConfigKeys (ConfUtils.java:logGet(43)) - raft.server.log.write.buffer.size = 33554432 (custom)
2019-09-19 16:57:39,360 [pool-621-thread-1] INFO  server.RaftServerConfigKeys (ConfUtils.java:logGet(43)) - raft.server.log.force.sync.num = 128 (default)
2019-09-19 16:57:39,360 [pool-621-thread-1] INFO  server.RaftServerConfigKeys (ConfUtils.java:logGet(43)) - raft.server.log.statemachine.data.sync = true (default)
2019-09-19 16:57:39,360 [pool-621-thread-1] INFO  server.RaftServerConfigKeys (ConfUtils.java:logGet(43)) - raft.server.log.statemachine.data.sync.timeout = 10s (default)
2019-09-19 16:57:39,360 [pool-621-thread-1] INFO  server.RaftServerConfigKeys (ConfUtils.java:logGet(43)) - raft.server.log.statemachine.data.sync.timeout.retry = -1 (default)
2019-09-19 16:57:39,360 [pool-621-thread-1] INFO  server.RaftServerConfigKeys (ConfUtils.java:logGet(43)) - raft.server.log.statemachine.data.caching.enabled = true (custom)
2019-09-19 16:57:39,361 [pool-621-thread-1] INFO  segmented.SegmentedRaftLogWorker (SegmentedRaftLogWorker.java:lambda$new$0(132)) - ad522d99-c864-49ec-a4dd-d702ee7a24ab-SegmentedRaftLogWorker:Storage Directory /workdir/hadoop-ozone/ozonefs/target/test-dir/MiniOzoneClusterImpl-3d3a7b5e-b8a0-4c61-bcb4-dda3d52dd67e/datanode-1/data/ratis/9371a2d9-a33f-4dc2-afb1-120d486e53a1: flushIndex: setUnconditionally 0 -> -1
2019-09-19 16:57:39,361 [pool-621-thread-1] INFO  server.RaftServerConfigKeys (ConfUtils.java:logGet(43)) - raft.server.snapshot.auto.trigger.enabled = true (custom)
2019-09-19 16:57:39,361 [pool-621-thread-1] INFO  server.RaftServerConfigKeys (ConfUtils.java:logGet(43)) - raft.server.snapshot.auto.trigger.threshold = 10000 (custom)
2019-09-19 16:57:39,362 [pool-621-thread-1] INFO  server.RaftServerConfigKeys (ConfUtils.java:logGet(43)) - raft.server.retrycache.expirytime = 600000ms (custom)
2019-09-19 16:57:39,362 [pool-621-thread-1] INFO  impl.RaftServerImpl (RaftServerImpl.java:start(180)) - ad522d99-c864-49ec-a4dd-d702ee7a24ab: start group-120D486E53A1
2019-09-19 16:57:39,362 [pool-621-thread-1] INFO  impl.RaftServerImpl (RaftServerImpl.java:setRole(171)) - ad522d99-c864-49ec-a4dd-d702ee7a24ab:group-120D486E53A1 changes role from null to FOLLOWER at term 0 for startAsFollower
2019-09-19 16:57:39,362 [pool-621-thread-1] INFO  impl.RoleInfo (RoleInfo.java:updateAndGet(143)) - ad522d99-c864-49ec-a4dd-d702ee7a24ab: start FollowerState
2019-09-19 16:57:39,362 [pool-621-thread-1] INFO  util.JmxRegister (JmxRegister.java:tryRegister(44)) - Successfully registered JMX Bean with object name Ratis:service=RaftServer,group=group-120D486E53A1,id=ad522d99-c864-49ec-a4dd-d702ee7a24ab
2019-09-19 16:57:39,365 [RatisPipelineUtilsThread] INFO  pipeline.PipelineStateManager (PipelineStateManager.java:addPipeline(56)) - Created pipeline Pipeline[ Id: 9371a2d9-a33f-4dc2-afb1-120d486e53a1, Nodes: ad522d99-c864-49ec-a4dd-d702ee7a24ab{ip: 192.168.157.226, host: pr-hdds-1569-swxfz-3172132826, networkLocation: /default-rack, certSerialId: null}, Type:RATIS, Factor:ONE, State:OPEN]
2019-09-19 16:57:39,365 [RatisPipelineUtilsThread] ERROR pipeline.PipelinePlacementPolicy (PipelinePlacementPolicy.java:meetCriteria(91)) - Pipeline Placement: Doesn't meet the criteria to be viable node. Heaviness: 6
2019-09-19 16:57:39,369 [grpc-default-executor-0] INFO  impl.RaftServerProxy (RaftServerProxy.java:addNew(89)) - ad522d99-c864-49ec-a4dd-d702ee7a24ab: addNew group-E59A33EEB47F:[ad522d99-c864-49ec-a4dd-d702ee7a24ab:192.168.157.226:39664] returns group-E59A33EEB47F:java.util.concurrent.CompletableFuture@42555e1c[Not completed]
2019-09-19 16:57:39,370 [pool-621-thread-1] INFO  impl.RaftServerImpl (RaftServerImpl.java:<init>(93)) - ad522d99-c864-49ec-a4dd-d702ee7a24ab: new RaftServerImpl for group-E59A33EEB47F:[ad522d99-c864-49ec-a4dd-d702ee7a24ab:192.168.157.226:39664] with ContainerStateMachine:uninitialized
2019-09-19 16:57:39,370 [pool-621-thread-1] INFO  server.RaftServerConfigKeys (ConfUtils.java:logGet(43)) - raft.server.rpc.timeout.min = 5s (custom)
2019-09-19 16:57:39,370 [pool-621-thread-1] INFO  server.RaftServerConfigKeys (ConfUtils.java:logGet(43)) - raft.server.rpc.timeout.max = 5200ms (custom)
2019-09-19 16:57:39,370 [pool-621-thread-1] INFO  server.RaftServerConfigKeys (ConfUtils.java:logGet(43)) - raft.server.rpcslowness.timeout = 120s (custom)
2019-09-19 16:57:39,371 [pool-621-thread-1] INFO  server.RaftServerConfigKeys (ConfUtils.java:logGet(43)) - raft.server.sleep.deviation.threshold = 300 (default)
2019-09-19 16:57:39,371 [pool-621-thread-1] INFO  server.RaftServerConfigKeys (ConfUtils.java:logGet(43)) - raft.server.log.appender.install.snapshot.enabled = false (custom)
2019-09-19 16:57:39,371 [pool-621-thread-1] INFO  impl.RaftServerImpl (ServerState.java:<init>(105)) - ad522d99-c864-49ec-a4dd-d702ee7a24ab:group-E59A33EEB47F ConfigurationManager, init=-1: [ad522d99-c864-49ec-a4dd-d702ee7a24ab:192.168.157.226:39664], old=null, confs=<EMPTY_MAP>
2019-09-19 16:57:39,371 [pool-621-thread-1] INFO  server.RaftServerConfigKeys (ConfUtils.java:logGet(43)) - raft.server.storage.dir = [/workdir/hadoop-ozone/ozonefs/target/test-dir/MiniOzoneClusterImpl-3d3a7b5e-b8a0-4c61-bcb4-dda3d52dd67e/datanode-1/data/ratis] (custom)
2019-09-19 16:57:39,371 [pool-621-thread-1] INFO  storage.RaftStorageDirectory (RaftStorageDirectory.java:analyzeStorage(246)) - The storage directory /workdir/hadoop-ozone/ozonefs/target/test-dir/MiniOzoneClusterImpl-3d3a7b5e-b8a0-4c61-bcb4-dda3d52dd67e/datanode-1/data/ratis/a751c8e7-a371-43c4-9f82-e59a33eeb47f does not exist. Creating ...
2019-09-19 16:57:39,375 [pool-621-thread-1] INFO  storage.RaftStorageDirectory (RaftStorageDirectory.java:tryLock(328)) - Lock on /workdir/hadoop-ozone/ozonefs/target/test-dir/MiniOzoneClusterImpl-3d3a7b5e-b8a0-4c61-bcb4-dda3d52dd67e/datanode-1/data/ratis/a751c8e7-a371-43c4-9f82-e59a33eeb47f/in_use.lock acquired by nodename 14771@pr-hdds-1569-swxfz-3172132826
2019-09-19 16:57:39,395 [pool-621-thread-1] INFO  storage.RaftStorage (RaftStorage.java:format(72)) - Storage directory /workdir/hadoop-ozone/ozonefs/target/test-dir/MiniOzoneClusterImpl-3d3a7b5e-b8a0-4c61-bcb4-dda3d52dd67e/datanode-1/data/ratis/a751c8e7-a371-43c4-9f82-e59a33eeb47f has been successfully formatted.
2019-09-19 16:57:39,395 [pool-621-thread-1] INFO  ratis.ContainerStateMachine (ContainerStateMachine.java:loadSnapshot(226)) - group-E59A33EEB47F: The snapshot info is null. Setting the last applied indexto:(t:0, i:~)
2019-09-19 16:57:39,395 [pool-621-thread-1] INFO  server.RaftServerConfigKeys (ConfUtils.java:logGet(43)) - raft.server.leader.election.timeout = 120s (custom)
2019-09-19 16:57:39,395 [pool-621-thread-1] INFO  server.RaftServerConfigKeys (ConfUtils.java:logGet(43)) - raft.server.log.use.memory = false (default)
2019-09-19 16:57:39,395 [pool-621-thread-1] INFO  server.RaftServerConfigKeys (ConfUtils.java:logGet(43)) - raft.server.log.purge.gap = 1000000 (custom)
2019-09-19 16:57:39,395 [pool-621-thread-1] INFO  server.RaftServerConfigKeys (ConfUtils.java:logGet(43)) - raft.server.log.appender.buffer.byte-limit = 33554432 (custom)
2019-09-19 16:57:39,396 [pool-621-thread-1] INFO  server.RaftServerConfigKeys (ConfUtils.java:logGet(43)) - raft.server.log.segment.size.max = 1048576 (custom)
2019-09-19 16:57:39,396 [pool-621-thread-1] INFO  server.RaftServerConfigKeys (ConfUtils.java:logGet(43)) - raft.server.log.segment.cache.num.max = 2 (custom)
2019-09-19 16:57:39,396 [pool-621-thread-1] INFO  segmented.SegmentedRaftLogWorker (SegmentedRaftLogWorker.java:<init>(172)) - new ad522d99-c864-49ec-a4dd-d702ee7a24ab-SegmentedRaftLogWorker:Storage Directory /workdir/hadoop-ozone/ozonefs/target/test-dir/MiniOzoneClusterImpl-3d3a7b5e-b8a0-4c61-bcb4-dda3d52dd67e/datanode-1/data/ratis/a751c8e7-a371-43c4-9f82-e59a33eeb47f for RaftStorage:Storage Directory /workdir/hadoop-ozone/ozonefs/target/test-dir/MiniOzoneClusterImpl-3d3a7b5e-b8a0-4c61-bcb4-dda3d52dd67e/datanode-1/data/ratis/a751c8e7-a371-43c4-9f82-e59a33eeb47f
2019-09-19 16:57:39,396 [pool-621-thread-1] INFO  server.RaftServerConfigKeys (ConfUtils.java:logGet(43)) - raft.server.log.queue.byte-limit = 2147483647 (custom)
2019-09-19 16:57:39,396 [pool-621-thread-1] INFO  server.RaftServerConfigKeys (ConfUtils.java:logGet(43)) - raft.server.log.queue.element-limit = 1024 (custom)
2019-09-19 16:57:39,396 [pool-621-thread-1] INFO  server.RaftServerConfigKeys (ConfUtils.java:logGet(43)) - raft.server.log.segment.size.max = 1048576 (custom)
2019-09-19 16:57:39,396 [pool-621-thread-1] INFO  server.RaftServerConfigKeys (ConfUtils.java:logGet(43)) - raft.server.log.preallocated.size = 16384 (custom)
2019-09-19 16:57:39,397 [pool-621-thread-1] INFO  server.RaftServerConfigKeys (ConfUtils.java:logGet(43)) - raft.server.log.write.buffer.size = 33554432 (custom)
2019-09-19 16:57:39,397 [pool-621-thread-1] INFO  server.RaftServerConfigKeys (ConfUtils.java:logGet(43)) - raft.server.log.force.sync.num = 128 (default)
2019-09-19 16:57:39,397 [pool-621-thread-1] INFO  server.RaftServerConfigKeys (ConfUtils.java:logGet(43)) - raft.server.log.statemachine.data.sync = true (default)
2019-09-19 16:57:39,397 [pool-621-thread-1] INFO  server.RaftServerConfigKeys (ConfUtils.java:logGet(43)) - raft.server.log.statemachine.data.sync.timeout = 10s (default)
2019-09-19 16:57:39,397 [pool-621-thread-1] INFO  server.RaftServerConfigKeys (ConfUtils.java:logGet(43)) - raft.server.log.statemachine.data.sync.timeout.retry = -1 (default)
2019-09-19 16:57:39,397 [pool-621-thread-1] INFO  server.RaftServerConfigKeys (ConfUtils.java:logGet(43)) - raft.server.log.statemachine.data.caching.enabled = true (custom)
2019-09-19 16:57:39,397 [pool-621-thread-1] INFO  segmented.SegmentedRaftLogWorker (SegmentedRaftLogWorker.java:lambda$new$0(132)) - ad522d99-c864-49ec-a4dd-d702ee7a24ab-SegmentedRaftLogWorker:Storage Directory /workdir/hadoop-ozone/ozonefs/target/test-dir/MiniOzoneClusterImpl-3d3a7b5e-b8a0-4c61-bcb4-dda3d52dd67e/datanode-1/data/ratis/a751c8e7-a371-43c4-9f82-e59a33eeb47f: flushIndex: setUnconditionally 0 -> -1
2019-09-19 16:57:39,398 [pool-621-thread-1] INFO  server.RaftServerConfigKeys (ConfUtils.java:logGet(43)) - raft.server.snapshot.auto.trigger.enabled = true (custom)
2019-09-19 16:57:39,398 [pool-621-thread-1] INFO  server.RaftServerConfigKeys (ConfUtils.java:logGet(43)) - raft.server.snapshot.auto.trigger.threshold = 10000 (custom)
2019-09-19 16:57:39,398 [pool-621-thread-1] INFO  server.RaftServerConfigKeys (ConfUtils.java:logGet(43)) - raft.server.retrycache.expirytime = 600000ms (custom)
2019-09-19 16:57:39,398 [pool-621-thread-1] INFO  impl.RaftServerImpl (RaftServerImpl.java:start(180)) - ad522d99-c864-49ec-a4dd-d702ee7a24ab: start group-E59A33EEB47F
2019-09-19 16:57:39,398 [pool-621-thread-1] INFO  impl.RaftServerImpl (RaftServerImpl.java:setRole(171)) - ad522d99-c864-49ec-a4dd-d702ee7a24ab:group-E59A33EEB47F changes role from null to FOLLOWER at term 0 for startAsFollower
2019-09-19 16:57:39,398 [pool-621-thread-1] INFO  impl.RoleInfo (RoleInfo.java:updateAndGet(143)) - ad522d99-c864-49ec-a4dd-d702ee7a24ab: start FollowerState
2019-09-19 16:57:39,399 [pool-621-thread-1] INFO  util.JmxRegister (JmxRegister.java:tryRegister(44)) - Successfully registered JMX Bean with object name Ratis:service=RaftServer,group=group-E59A33EEB47F,id=ad522d99-c864-49ec-a4dd-d702ee7a24ab
2019-09-19 16:57:39,401 [RatisPipelineUtilsThread] INFO  pipeline.PipelineStateManager (PipelineStateManager.java:addPipeline(56)) - Created pipeline Pipeline[ Id: a751c8e7-a371-43c4-9f82-e59a33eeb47f, Nodes: ad522d99-c864-49ec-a4dd-d702ee7a24ab{ip: 192.168.157.226, host: pr-hdds-1569-swxfz-3172132826, networkLocation: /default-rack, certSerialId: null}, Type:RATIS, Factor:ONE, State:OPEN]
2019-09-19 16:57:39,402 [RatisPipelineUtilsThread] ERROR pipeline.PipelinePlacementPolicy (PipelinePlacementPolicy.java:meetCriteria(91)) - Pipeline Placement: Doesn't meet the criteria to be viable node. Heaviness: 6
2019-09-19 16:57:39,406 [grpc-default-executor-0] INFO  impl.RaftServerProxy (RaftServerProxy.java:addNew(89)) - ad522d99-c864-49ec-a4dd-d702ee7a24ab: addNew group-ACAC472A0E5C:[ad522d99-c864-49ec-a4dd-d702ee7a24ab:192.168.157.226:39664] returns group-ACAC472A0E5C:java.util.concurrent.CompletableFuture@e23439f[Not completed]
2019-09-19 16:57:39,407 [pool-621-thread-1] INFO  impl.RaftServerImpl (RaftServerImpl.java:<init>(93)) - ad522d99-c864-49ec-a4dd-d702ee7a24ab: new RaftServerImpl for group-ACAC472A0E5C:[ad522d99-c864-49ec-a4dd-d702ee7a24ab:192.168.157.226:39664] with ContainerStateMachine:uninitialized
2019-09-19 16:57:39,407 [pool-621-thread-1] INFO  server.RaftServerConfigKeys (ConfUtils.java:logGet(43)) - raft.server.rpc.timeout.min = 5s (custom)
2019-09-19 16:57:39,407 [pool-621-thread-1] INFO  server.RaftServerConfigKeys (ConfUtils.java:logGet(43)) - raft.server.rpc.timeout.max = 5200ms (custom)
2019-09-19 16:57:39,407 [pool-621-thread-1] INFO  server.RaftServerConfigKeys (ConfUtils.java:logGet(43)) - raft.server.rpcslowness.timeout = 120s (custom)
2019-09-19 16:57:39,407 [pool-621-thread-1] INFO  server.RaftServerConfigKeys (ConfUtils.java:logGet(43)) - raft.server.sleep.deviation.threshold = 300 (default)
2019-09-19 16:57:39,407 [pool-621-thread-1] INFO  server.RaftServerConfigKeys (ConfUtils.java:logGet(43)) - raft.server.log.appender.install.snapshot.enabled = false (custom)
2019-09-19 16:57:39,407 [pool-621-thread-1] INFO  impl.RaftServerImpl (ServerState.java:<init>(105)) - ad522d99-c864-49ec-a4dd-d702ee7a24ab:group-ACAC472A0E5C ConfigurationManager, init=-1: [ad522d99-c864-49ec-a4dd-d702ee7a24ab:192.168.157.226:39664], old=null, confs=<EMPTY_MAP>
2019-09-19 16:57:39,407 [pool-621-thread-1] INFO  server.RaftServerConfigKeys (ConfUtils.java:logGet(43)) - raft.server.storage.dir = [/workdir/hadoop-ozone/ozonefs/target/test-dir/MiniOzoneClusterImpl-3d3a7b5e-b8a0-4c61-bcb4-dda3d52dd67e/datanode-1/data/ratis] (custom)
2019-09-19 16:57:39,408 [pool-621-thread-1] INFO  storage.RaftStorageDirectory (RaftStorageDirectory.java:analyzeStorage(246)) - The storage directory /workdir/hadoop-ozone/ozonefs/target/test-dir/MiniOzoneClusterImpl-3d3a7b5e-b8a0-4c61-bcb4-dda3d52dd67e/datanode-1/data/ratis/5dd4dd83-1586-4e5c-b148-acac472a0e5c does not exist. Creating ...
2019-09-19 16:57:39,420 [pool-621-thread-1] INFO  storage.RaftStorageDirectory (RaftStorageDirectory.java:tryLock(328)) - Lock on /workdir/hadoop-ozone/ozonefs/target/test-dir/MiniOzoneClusterImpl-3d3a7b5e-b8a0-4c61-bcb4-dda3d52dd67e/datanode-1/data/ratis/5dd4dd83-1586-4e5c-b148-acac472a0e5c/in_use.lock acquired by nodename 14771@pr-hdds-1569-swxfz-3172132826
2019-09-19 16:57:39,433 [pool-621-thread-1] INFO  storage.RaftStorage (RaftStorage.java:format(72)) - Storage directory /workdir/hadoop-ozone/ozonefs/target/test-dir/MiniOzoneClusterImpl-3d3a7b5e-b8a0-4c61-bcb4-dda3d52dd67e/datanode-1/data/ratis/5dd4dd83-1586-4e5c-b148-acac472a0e5c has been successfully formatted.
2019-09-19 16:57:39,433 [pool-621-thread-1] INFO  ratis.ContainerStateMachine (ContainerStateMachine.java:loadSnapshot(226)) - group-ACAC472A0E5C: The snapshot info is null. Setting the last applied indexto:(t:0, i:~)
2019-09-19 16:57:39,433 [pool-621-thread-1] INFO  server.RaftServerConfigKeys (ConfUtils.java:logGet(43)) - raft.server.leader.election.timeout = 120s (custom)
2019-09-19 16:57:39,434 [pool-621-thread-1] INFO  server.RaftServerConfigKeys (ConfUtils.java:logGet(43)) - raft.server.log.use.memory = false (default)
2019-09-19 16:57:39,434 [pool-621-thread-1] INFO  server.RaftServerConfigKeys (ConfUtils.java:logGet(43)) - raft.server.log.purge.gap = 1000000 (custom)
2019-09-19 16:57:39,434 [pool-621-thread-1] INFO  server.RaftServerConfigKeys (ConfUtils.java:logGet(43)) - raft.server.log.appender.buffer.byte-limit = 33554432 (custom)
2019-09-19 16:57:39,434 [pool-621-thread-1] INFO  server.RaftServerConfigKeys (ConfUtils.java:logGet(43)) - raft.server.log.segment.size.max = 1048576 (custom)
2019-09-19 16:57:39,434 [pool-621-thread-1] INFO  server.RaftServerConfigKeys (ConfUtils.java:logGet(43)) - raft.server.log.segment.cache.num.max = 2 (custom)
2019-09-19 16:57:39,434 [pool-621-thread-1] INFO  segmented.SegmentedRaftLogWorker (SegmentedRaftLogWorker.java:<init>(172)) - new ad522d99-c864-49ec-a4dd-d702ee7a24ab-SegmentedRaftLogWorker:Storage Directory /workdir/hadoop-ozone/ozonefs/target/test-dir/MiniOzoneClusterImpl-3d3a7b5e-b8a0-4c61-bcb4-dda3d52dd67e/datanode-1/data/ratis/5dd4dd83-1586-4e5c-b148-acac472a0e5c for RaftStorage:Storage Directory /workdir/hadoop-ozone/ozonefs/target/test-dir/MiniOzoneClusterImpl-3d3a7b5e-b8a0-4c61-bcb4-dda3d52dd67e/datanode-1/data/ratis/5dd4dd83-1586-4e5c-b148-acac472a0e5c
2019-09-19 16:57:39,434 [pool-621-thread-1] INFO  server.RaftServerConfigKeys (ConfUtils.java:logGet(43)) - raft.server.log.queue.byte-limit = 2147483647 (custom)
2019-09-19 16:57:39,435 [pool-621-thread-1] INFO  server.RaftServerConfigKeys (ConfUtils.java:logGet(43)) - raft.server.log.queue.element-limit = 1024 (custom)
2019-09-19 16:57:39,435 [pool-621-thread-1] INFO  server.RaftServerConfigKeys (ConfUtils.java:logGet(43)) - raft.server.log.segment.size.max = 1048576 (custom)
2019-09-19 16:57:39,435 [pool-621-thread-1] INFO  server.RaftServerConfigKeys (ConfUtils.java:logGet(43)) - raft.server.log.preallocated.size = 16384 (custom)
2019-09-19 16:57:39,435 [pool-621-thread-1] INFO  server.RaftServerConfigKeys (ConfUtils.java:logGet(43)) - raft.server.log.write.buffer.size = 33554432 (custom)
2019-09-19 16:57:39,435 [pool-621-thread-1] INFO  server.RaftServerConfigKeys (ConfUtils.java:logGet(43)) - raft.server.log.force.sync.num = 128 (default)
2019-09-19 16:57:39,435 [pool-621-thread-1] INFO  server.RaftServerConfigKeys (ConfUtils.java:logGet(43)) - raft.server.log.statemachine.data.sync = true (default)
2019-09-19 16:57:39,435 [pool-621-thread-1] INFO  server.RaftServerConfigKeys (ConfUtils.java:logGet(43)) - raft.server.log.statemachine.data.sync.timeout = 10s (default)
2019-09-19 16:57:39,436 [pool-621-thread-1] INFO  server.RaftServerConfigKeys (ConfUtils.java:logGet(43)) - raft.server.log.statemachine.data.sync.timeout.retry = -1 (default)
2019-09-19 16:57:39,436 [pool-621-thread-1] INFO  server.RaftServerConfigKeys (ConfUtils.java:logGet(43)) - raft.server.log.statemachine.data.caching.enabled = true (custom)
2019-09-19 16:57:39,436 [pool-621-thread-1] INFO  segmented.SegmentedRaftLogWorker (SegmentedRaftLogWorker.java:lambda$new$0(132)) - ad522d99-c864-49ec-a4dd-d702ee7a24ab-SegmentedRaftLogWorker:Storage Directory /workdir/hadoop-ozone/ozonefs/target/test-dir/MiniOzoneClusterImpl-3d3a7b5e-b8a0-4c61-bcb4-dda3d52dd67e/datanode-1/data/ratis/5dd4dd83-1586-4e5c-b148-acac472a0e5c: flushIndex: setUnconditionally 0 -> -1
2019-09-19 16:57:39,436 [pool-621-thread-1] INFO  server.RaftServerConfigKeys (ConfUtils.java:logGet(43)) - raft.server.snapshot.auto.trigger.enabled = true (custom)
2019-09-19 16:57:39,437 [pool-621-thread-1] INFO  server.RaftServerConfigKeys (ConfUtils.java:logGet(43)) - raft.server.snapshot.auto.trigger.threshold = 10000 (custom)
2019-09-19 16:57:39,437 [pool-621-thread-1] INFO  server.RaftServerConfigKeys (ConfUtils.java:logGet(43)) - raft.server.retrycache.expirytime = 600000ms (custom)
2019-09-19 16:57:39,437 [pool-621-thread-1] INFO  impl.RaftServerImpl (RaftServerImpl.java:start(180)) - ad522d99-c864-49ec-a4dd-d702ee7a24ab: start group-ACAC472A0E5C
2019-09-19 16:57:39,437 [pool-621-thread-1] INFO  impl.RaftServerImpl (RaftServerImpl.java:setRole(171)) - ad522d99-c864-49ec-a4dd-d702ee7a24ab:group-ACAC472A0E5C changes role from null to FOLLOWER at term 0 for startAsFollower
2019-09-19 16:57:39,437 [pool-621-thread-1] INFO  impl.RoleInfo (RoleInfo.java:updateAndGet(143)) - ad522d99-c864-49ec-a4dd-d702ee7a24ab: start FollowerState
2019-09-19 16:57:39,437 [pool-621-thread-1] INFO  util.JmxRegister (JmxRegister.java:tryRegister(44)) - Successfully registered JMX Bean with object name Ratis:service=RaftServer,group=group-ACAC472A0E5C,id=ad522d99-c864-49ec-a4dd-d702ee7a24ab
2019-09-19 16:57:39,440 [RatisPipelineUtilsThread] INFO  pipeline.PipelineStateManager (PipelineStateManager.java:addPipeline(56)) - Created pipeline Pipeline[ Id: 5dd4dd83-1586-4e5c-b148-acac472a0e5c, Nodes: ad522d99-c864-49ec-a4dd-d702ee7a24ab{ip: 192.168.157.226, host: pr-hdds-1569-swxfz-3172132826, networkLocation: /default-rack, certSerialId: null}, Type:RATIS, Factor:ONE, State:OPEN]
2019-09-19 16:57:39,440 [RatisPipelineUtilsThread] ERROR pipeline.PipelinePlacementPolicy (PipelinePlacementPolicy.java:meetCriteria(91)) - Pipeline Placement: Doesn't meet the criteria to be viable node. Heaviness: 6
2019-09-19 16:57:39,445 [grpc-default-executor-0] INFO  impl.RaftServerProxy (RaftServerProxy.java:addNew(89)) - ad522d99-c864-49ec-a4dd-d702ee7a24ab: addNew group-2B2BF6D2ED8B:[ad522d99-c864-49ec-a4dd-d702ee7a24ab:192.168.157.226:39664] returns group-2B2BF6D2ED8B:java.util.concurrent.CompletableFuture@70be62a7[Not completed]
2019-09-19 16:57:39,446 [pool-621-thread-1] INFO  impl.RaftServerImpl (RaftServerImpl.java:<init>(93)) - ad522d99-c864-49ec-a4dd-d702ee7a24ab: new RaftServerImpl for group-2B2BF6D2ED8B:[ad522d99-c864-49ec-a4dd-d702ee7a24ab:192.168.157.226:39664] with ContainerStateMachine:uninitialized
2019-09-19 16:57:39,446 [pool-621-thread-1] INFO  server.RaftServerConfigKeys (ConfUtils.java:logGet(43)) - raft.server.rpc.timeout.min = 5s (custom)
2019-09-19 16:57:39,446 [pool-621-thread-1] INFO  server.RaftServerConfigKeys (ConfUtils.java:logGet(43)) - raft.server.rpc.timeout.max = 5200ms (custom)
2019-09-19 16:57:39,447 [pool-621-thread-1] INFO  server.RaftServerConfigKeys (ConfUtils.java:logGet(43)) - raft.server.rpcslowness.timeout = 120s (custom)
2019-09-19 16:57:39,447 [pool-621-thread-1] INFO  server.RaftServerConfigKeys (ConfUtils.java:logGet(43)) - raft.server.sleep.deviation.threshold = 300 (default)
2019-09-19 16:57:39,447 [pool-621-thread-1] INFO  server.RaftServerConfigKeys (ConfUtils.java:logGet(43)) - raft.server.log.appender.install.snapshot.enabled = false (custom)
2019-09-19 16:57:39,447 [pool-621-thread-1] INFO  impl.RaftServerImpl (ServerState.java:<init>(105)) - ad522d99-c864-49ec-a4dd-d702ee7a24ab:group-2B2BF6D2ED8B ConfigurationManager, init=-1: [ad522d99-c864-49ec-a4dd-d702ee7a24ab:192.168.157.226:39664], old=null, confs=<EMPTY_MAP>
2019-09-19 16:57:39,447 [pool-621-thread-1] INFO  server.RaftServerConfigKeys (ConfUtils.java:logGet(43)) - raft.server.storage.dir = [/workdir/hadoop-ozone/ozonefs/target/test-dir/MiniOzoneClusterImpl-3d3a7b5e-b8a0-4c61-bcb4-dda3d52dd67e/datanode-1/data/ratis] (custom)
2019-09-19 16:57:39,448 [pool-621-thread-1] INFO  storage.RaftStorageDirectory (RaftStorageDirectory.java:analyzeStorage(246)) - The storage directory /workdir/hadoop-ozone/ozonefs/target/test-dir/MiniOzoneClusterImpl-3d3a7b5e-b8a0-4c61-bcb4-dda3d52dd67e/datanode-1/data/ratis/86c1de3b-1b90-42be-b1f2-2b2bf6d2ed8b does not exist. Creating ...
2019-09-19 16:57:39,460 [pool-621-thread-1] INFO  storage.RaftStorageDirectory (RaftStorageDirectory.java:tryLock(328)) - Lock on /workdir/hadoop-ozone/ozonefs/target/test-dir/MiniOzoneClusterImpl-3d3a7b5e-b8a0-4c61-bcb4-dda3d52dd67e/datanode-1/data/ratis/86c1de3b-1b90-42be-b1f2-2b2bf6d2ed8b/in_use.lock acquired by nodename 14771@pr-hdds-1569-swxfz-3172132826
2019-09-19 16:57:39,473 [pool-621-thread-1] INFO  storage.RaftStorage (RaftStorage.java:format(72)) - Storage directory /workdir/hadoop-ozone/ozonefs/target/test-dir/MiniOzoneClusterImpl-3d3a7b5e-b8a0-4c61-bcb4-dda3d52dd67e/datanode-1/data/ratis/86c1de3b-1b90-42be-b1f2-2b2bf6d2ed8b has been successfully formatted.
2019-09-19 16:57:39,474 [pool-621-thread-1] INFO  ratis.ContainerStateMachine (ContainerStateMachine.java:loadSnapshot(226)) - group-2B2BF6D2ED8B: The snapshot info is null. Setting the last applied indexto:(t:0, i:~)
2019-09-19 16:57:39,474 [pool-621-thread-1] INFO  server.RaftServerConfigKeys (ConfUtils.java:logGet(43)) - raft.server.leader.election.timeout = 120s (custom)
2019-09-19 16:57:39,474 [pool-621-thread-1] INFO  server.RaftServerConfigKeys (ConfUtils.java:logGet(43)) - raft.server.log.use.memory = false (default)
2019-09-19 16:57:39,474 [pool-621-thread-1] INFO  server.RaftServerConfigKeys (ConfUtils.java:logGet(43)) - raft.server.log.purge.gap = 1000000 (custom)
2019-09-19 16:57:39,474 [pool-621-thread-1] INFO  server.RaftServerConfigKeys (ConfUtils.java:logGet(43)) - raft.server.log.appender.buffer.byte-limit = 33554432 (custom)
2019-09-19 16:57:39,475 [pool-621-thread-1] INFO  server.RaftServerConfigKeys (ConfUtils.java:logGet(43)) - raft.server.log.segment.size.max = 1048576 (custom)
2019-09-19 16:57:39,475 [pool-621-thread-1] INFO  server.RaftServerConfigKeys (ConfUtils.java:logGet(43)) - raft.server.log.segment.cache.num.max = 2 (custom)
2019-09-19 16:57:39,475 [pool-621-thread-1] INFO  segmented.SegmentedRaftLogWorker (SegmentedRaftLogWorker.java:<init>(172)) - new ad522d99-c864-49ec-a4dd-d702ee7a24ab-SegmentedRaftLogWorker:Storage Directory /workdir/hadoop-ozone/ozonefs/target/test-dir/MiniOzoneClusterImpl-3d3a7b5e-b8a0-4c61-bcb4-dda3d52dd67e/datanode-1/data/ratis/86c1de3b-1b90-42be-b1f2-2b2bf6d2ed8b for RaftStorage:Storage Directory /workdir/hadoop-ozone/ozonefs/target/test-dir/MiniOzoneClusterImpl-3d3a7b5e-b8a0-4c61-bcb4-dda3d52dd67e/datanode-1/data/ratis/86c1de3b-1b90-42be-b1f2-2b2bf6d2ed8b
2019-09-19 16:57:39,475 [pool-621-thread-1] INFO  server.RaftServerConfigKeys (ConfUtils.java:logGet(43)) - raft.server.log.queue.byte-limit = 2147483647 (custom)
2019-09-19 16:57:39,475 [pool-621-thread-1] INFO  server.RaftServerConfigKeys (ConfUtils.java:logGet(43)) - raft.server.log.queue.element-limit = 1024 (custom)
2019-09-19 16:57:39,475 [pool-621-thread-1] INFO  server.RaftServerConfigKeys (ConfUtils.java:logGet(43)) - raft.server.log.segment.size.max = 1048576 (custom)
2019-09-19 16:57:39,475 [pool-621-thread-1] INFO  server.RaftServerConfigKeys (ConfUtils.java:logGet(43)) - raft.server.log.preallocated.size = 16384 (custom)
2019-09-19 16:57:39,476 [pool-621-thread-1] INFO  server.RaftServerConfigKeys (ConfUtils.java:logGet(43)) - raft.server.log.write.buffer.size = 33554432 (custom)
2019-09-19 16:57:39,476 [pool-621-thread-1] INFO  server.RaftServerConfigKeys (ConfUtils.java:logGet(43)) - raft.server.log.force.sync.num = 128 (default)
2019-09-19 16:57:39,476 [pool-621-thread-1] INFO  server.RaftServerConfigKeys (ConfUtils.java:logGet(43)) - raft.server.log.statemachine.data.sync = true (default)
2019-09-19 16:57:39,476 [pool-621-thread-1] INFO  server.RaftServerConfigKeys (ConfUtils.java:logGet(43)) - raft.server.log.statemachine.data.sync.timeout = 10s (default)
2019-09-19 16:57:39,476 [pool-621-thread-1] INFO  server.RaftServerConfigKeys (ConfUtils.java:logGet(43)) - raft.server.log.statemachine.data.sync.timeout.retry = -1 (default)
2019-09-19 16:57:39,476 [pool-621-thread-1] INFO  server.RaftServerConfigKeys (ConfUtils.java:logGet(43)) - raft.server.log.statemachine.data.caching.enabled = true (custom)
2019-09-19 16:57:39,477 [pool-621-thread-1] INFO  segmented.SegmentedRaftLogWorker (SegmentedRaftLogWorker.java:lambda$new$0(132)) - ad522d99-c864-49ec-a4dd-d702ee7a24ab-SegmentedRaftLogWorker:Storage Directory /workdir/hadoop-ozone/ozonefs/target/test-dir/MiniOzoneClusterImpl-3d3a7b5e-b8a0-4c61-bcb4-dda3d52dd67e/datanode-1/data/ratis/86c1de3b-1b90-42be-b1f2-2b2bf6d2ed8b: flushIndex: setUnconditionally 0 -> -1
2019-09-19 16:57:39,478 [pool-621-thread-1] INFO  server.RaftServerConfigKeys (ConfUtils.java:logGet(43)) - raft.server.snapshot.auto.trigger.enabled = true (custom)
2019-09-19 16:57:39,478 [pool-621-thread-1] INFO  server.RaftServerConfigKeys (ConfUtils.java:logGet(43)) - raft.server.snapshot.auto.trigger.threshold = 10000 (custom)
2019-09-19 16:57:39,478 [pool-621-thread-1] INFO  server.RaftServerConfigKeys (ConfUtils.java:logGet(43)) - raft.server.retrycache.expirytime = 600000ms (custom)
2019-09-19 16:57:39,479 [pool-621-thread-1] INFO  impl.RaftServerImpl (RaftServerImpl.java:start(180)) - ad522d99-c864-49ec-a4dd-d702ee7a24ab: start group-2B2BF6D2ED8B
2019-09-19 16:57:39,479 [pool-621-thread-1] INFO  impl.RaftServerImpl (RaftServerImpl.java:setRole(171)) - ad522d99-c864-49ec-a4dd-d702ee7a24ab:group-2B2BF6D2ED8B changes role from null to FOLLOWER at term 0 for startAsFollower
2019-09-19 16:57:39,479 [pool-621-thread-1] INFO  impl.RoleInfo (RoleInfo.java:updateAndGet(143)) - ad522d99-c864-49ec-a4dd-d702ee7a24ab: start FollowerState
2019-09-19 16:57:39,479 [pool-621-thread-1] INFO  util.JmxRegister (JmxRegister.java:tryRegister(44)) - Successfully registered JMX Bean with object name Ratis:service=RaftServer,group=group-2B2BF6D2ED8B,id=ad522d99-c864-49ec-a4dd-d702ee7a24ab
2019-09-19 16:57:39,482 [RatisPipelineUtilsThread] INFO  pipeline.PipelineStateManager (PipelineStateManager.java:addPipeline(56)) - Created pipeline Pipeline[ Id: 86c1de3b-1b90-42be-b1f2-2b2bf6d2ed8b, Nodes: ad522d99-c864-49ec-a4dd-d702ee7a24ab{ip: 192.168.157.226, host: pr-hdds-1569-swxfz-3172132826, networkLocation: /default-rack, certSerialId: null}, Type:RATIS, Factor:ONE, State:OPEN]
2019-09-19 16:57:39,482 [RatisPipelineUtilsThread] ERROR pipeline.PipelinePlacementPolicy (PipelinePlacementPolicy.java:meetCriteria(91)) - Pipeline Placement: Doesn't meet the criteria to be viable node. Heaviness: 6
2019-09-19 16:57:39,487 [main] INFO  ozone.MiniOzoneClusterImpl (MiniOzoneClusterImpl.java:lambda$waitForClusterToBeReady$0(142)) - Waiting for cluster to be ready. Got 2 of 3 DN Heartbeats.
2019-09-19 16:57:39,487 [grpc-default-executor-0] INFO  impl.RaftServerProxy (RaftServerProxy.java:addNew(89)) - ad522d99-c864-49ec-a4dd-d702ee7a24ab: addNew group-C9D63C920E20:[ad522d99-c864-49ec-a4dd-d702ee7a24ab:192.168.157.226:39664] returns group-C9D63C920E20:java.util.concurrent.CompletableFuture@77cf3efa[Not completed]
2019-09-19 16:57:39,488 [pool-621-thread-1] INFO  impl.RaftServerImpl (RaftServerImpl.java:<init>(93)) - ad522d99-c864-49ec-a4dd-d702ee7a24ab: new RaftServerImpl for group-C9D63C920E20:[ad522d99-c864-49ec-a4dd-d702ee7a24ab:192.168.157.226:39664] with ContainerStateMachine:uninitialized
2019-09-19 16:57:39,488 [pool-621-thread-1] INFO  server.RaftServerConfigKeys (ConfUtils.java:logGet(43)) - raft.server.rpc.timeout.min = 5s (custom)
2019-09-19 16:57:39,488 [pool-621-thread-1] INFO  server.RaftServerConfigKeys (ConfUtils.java:logGet(43)) - raft.server.rpc.timeout.max = 5200ms (custom)
2019-09-19 16:57:39,489 [pool-621-thread-1] INFO  server.RaftServerConfigKeys (ConfUtils.java:logGet(43)) - raft.server.rpcslowness.timeout = 120s (custom)
2019-09-19 16:57:39,489 [pool-621-thread-1] INFO  server.RaftServerConfigKeys (ConfUtils.java:logGet(43)) - raft.server.sleep.deviation.threshold = 300 (default)
2019-09-19 16:57:39,489 [pool-621-thread-1] INFO  server.RaftServerConfigKeys (ConfUtils.java:logGet(43)) - raft.server.log.appender.install.snapshot.enabled = false (custom)
2019-09-19 16:57:39,489 [pool-621-thread-1] INFO  impl.RaftServerImpl (ServerState.java:<init>(105)) - ad522d99-c864-49ec-a4dd-d702ee7a24ab:group-C9D63C920E20 ConfigurationManager, init=-1: [ad522d99-c864-49ec-a4dd-d702ee7a24ab:192.168.157.226:39664], old=null, confs=<EMPTY_MAP>
2019-09-19 16:57:39,489 [IPC Server handler 1 on 35706] INFO  net.NetworkTopology (NetworkTopologyImpl.java:add(110)) - Added a new node: /default-rack/6272d7ea-0722-46cc-8a09-c153bdaa0261
2019-09-19 16:57:39,489 [pool-621-thread-1] INFO  server.RaftServerConfigKeys (ConfUtils.java:logGet(43)) - raft.server.storage.dir = [/workdir/hadoop-ozone/ozonefs/target/test-dir/MiniOzoneClusterImpl-3d3a7b5e-b8a0-4c61-bcb4-dda3d52dd67e/datanode-1/data/ratis] (custom)
2019-09-19 16:57:39,489 [IPC Server handler 1 on 35706] INFO  node.SCMNodeManager (SCMNodeManager.java:register(273)) - Registered Data node : 6272d7ea-0722-46cc-8a09-c153bdaa0261{ip: 192.168.157.226, host: pr-hdds-1569-swxfz-3172132826, networkLocation: /default-rack, certSerialId: null}
2019-09-19 16:57:39,490 | INFO  | SCMAudit | user=jenkins1000 | ip=192.168.157.226 | op=REGISTER {datanodeDetails=6272d7ea-0722-46cc-8a09-c153bdaa0261{ip: 192.168.157.226, host: pr-hdds-1569-swxfz-3172132826, networkLocation: /default-rack, certSerialId: null}} | ret=SUCCESS |  
2019-09-19 16:57:39,490 [pool-621-thread-1] INFO  storage.RaftStorageDirectory (RaftStorageDirectory.java:analyzeStorage(246)) - The storage directory /workdir/hadoop-ozone/ozonefs/target/test-dir/MiniOzoneClusterImpl-3d3a7b5e-b8a0-4c61-bcb4-dda3d52dd67e/datanode-1/data/ratis/e8a53c1c-35ff-454d-8fb5-c9d63c920e20 does not exist. Creating ...
2019-09-19 16:57:39,504 [pool-621-thread-1] INFO  storage.RaftStorageDirectory (RaftStorageDirectory.java:tryLock(328)) - Lock on /workdir/hadoop-ozone/ozonefs/target/test-dir/MiniOzoneClusterImpl-3d3a7b5e-b8a0-4c61-bcb4-dda3d52dd67e/datanode-1/data/ratis/e8a53c1c-35ff-454d-8fb5-c9d63c920e20/in_use.lock acquired by nodename 14771@pr-hdds-1569-swxfz-3172132826
2019-09-19 16:57:39,517 [pool-621-thread-1] INFO  storage.RaftStorage (RaftStorage.java:format(72)) - Storage directory /workdir/hadoop-ozone/ozonefs/target/test-dir/MiniOzoneClusterImpl-3d3a7b5e-b8a0-4c61-bcb4-dda3d52dd67e/datanode-1/data/ratis/e8a53c1c-35ff-454d-8fb5-c9d63c920e20 has been successfully formatted.
2019-09-19 16:57:39,517 [pool-621-thread-1] INFO  ratis.ContainerStateMachine (ContainerStateMachine.java:loadSnapshot(226)) - group-C9D63C920E20: The snapshot info is null. Setting the last applied indexto:(t:0, i:~)
2019-09-19 16:57:39,518 [pool-621-thread-1] INFO  server.RaftServerConfigKeys (ConfUtils.java:logGet(43)) - raft.server.leader.election.timeout = 120s (custom)
2019-09-19 16:57:39,518 [pool-621-thread-1] INFO  server.RaftServerConfigKeys (ConfUtils.java:logGet(43)) - raft.server.log.use.memory = false (default)
2019-09-19 16:57:39,518 [pool-621-thread-1] INFO  server.RaftServerConfigKeys (ConfUtils.java:logGet(43)) - raft.server.log.purge.gap = 1000000 (custom)
2019-09-19 16:57:39,518 [pool-621-thread-1] INFO  server.RaftServerConfigKeys (ConfUtils.java:logGet(43)) - raft.server.log.appender.buffer.byte-limit = 33554432 (custom)
2019-09-19 16:57:39,518 [pool-621-thread-1] INFO  server.RaftServerConfigKeys (ConfUtils.java:logGet(43)) - raft.server.log.segment.size.max = 1048576 (custom)
2019-09-19 16:57:39,518 [pool-621-thread-1] INFO  server.RaftServerConfigKeys (ConfUtils.java:logGet(43)) - raft.server.log.segment.cache.num.max = 2 (custom)
2019-09-19 16:57:39,519 [pool-621-thread-1] INFO  segmented.SegmentedRaftLogWorker (SegmentedRaftLogWorker.java:<init>(172)) - new ad522d99-c864-49ec-a4dd-d702ee7a24ab-SegmentedRaftLogWorker:Storage Directory /workdir/hadoop-ozone/ozonefs/target/test-dir/MiniOzoneClusterImpl-3d3a7b5e-b8a0-4c61-bcb4-dda3d52dd67e/datanode-1/data/ratis/e8a53c1c-35ff-454d-8fb5-c9d63c920e20 for RaftStorage:Storage Directory /workdir/hadoop-ozone/ozonefs/target/test-dir/MiniOzoneClusterImpl-3d3a7b5e-b8a0-4c61-bcb4-dda3d52dd67e/datanode-1/data/ratis/e8a53c1c-35ff-454d-8fb5-c9d63c920e20
2019-09-19 16:57:39,519 [pool-621-thread-1] INFO  server.RaftServerConfigKeys (ConfUtils.java:logGet(43)) - raft.server.log.queue.byte-limit = 2147483647 (custom)
2019-09-19 16:57:39,519 [pool-621-thread-1] INFO  server.RaftServerConfigKeys (ConfUtils.java:logGet(43)) - raft.server.log.queue.element-limit = 1024 (custom)
2019-09-19 16:57:39,519 [pool-621-thread-1] INFO  server.RaftServerConfigKeys (ConfUtils.java:logGet(43)) - raft.server.log.segment.size.max = 1048576 (custom)
2019-09-19 16:57:39,519 [pool-621-thread-1] INFO  server.RaftServerConfigKeys (ConfUtils.java:logGet(43)) - raft.server.log.preallocated.size = 16384 (custom)
2019-09-19 16:57:39,520 [pool-621-thread-1] INFO  server.RaftServerConfigKeys (ConfUtils.java:logGet(43)) - raft.server.log.write.buffer.size = 33554432 (custom)
2019-09-19 16:57:39,520 [pool-621-thread-1] INFO  server.RaftServerConfigKeys (ConfUtils.java:logGet(43)) - raft.server.log.force.sync.num = 128 (default)
2019-09-19 16:57:39,520 [pool-621-thread-1] INFO  server.RaftServerConfigKeys (ConfUtils.java:logGet(43)) - raft.server.log.statemachine.data.sync = true (default)
2019-09-19 16:57:39,520 [pool-621-thread-1] INFO  server.RaftServerConfigKeys (ConfUtils.java:logGet(43)) - raft.server.log.statemachine.data.sync.timeout = 10s (default)
2019-09-19 16:57:39,520 [pool-621-thread-1] INFO  server.RaftServerConfigKeys (ConfUtils.java:logGet(43)) - raft.server.log.statemachine.data.sync.timeout.retry = -1 (default)
2019-09-19 16:57:39,520 [pool-621-thread-1] INFO  server.RaftServerConfigKeys (ConfUtils.java:logGet(43)) - raft.server.log.statemachine.data.caching.enabled = true (custom)
2019-09-19 16:57:39,521 [pool-621-thread-1] INFO  segmented.SegmentedRaftLogWorker (SegmentedRaftLogWorker.java:lambda$new$0(132)) - ad522d99-c864-49ec-a4dd-d702ee7a24ab-SegmentedRaftLogWorker:Storage Directory /workdir/hadoop-ozone/ozonefs/target/test-dir/MiniOzoneClusterImpl-3d3a7b5e-b8a0-4c61-bcb4-dda3d52dd67e/datanode-1/data/ratis/e8a53c1c-35ff-454d-8fb5-c9d63c920e20: flushIndex: setUnconditionally 0 -> -1
2019-09-19 16:57:39,521 [pool-621-thread-1] INFO  server.RaftServerConfigKeys (ConfUtils.java:logGet(43)) - raft.server.snapshot.auto.trigger.enabled = true (custom)
2019-09-19 16:57:39,521 [pool-621-thread-1] INFO  server.RaftServerConfigKeys (ConfUtils.java:logGet(43)) - raft.server.snapshot.auto.trigger.threshold = 10000 (custom)
2019-09-19 16:57:39,522 [pool-621-thread-1] INFO  server.RaftServerConfigKeys (ConfUtils.java:logGet(43)) - raft.server.retrycache.expirytime = 600000ms (custom)
2019-09-19 16:57:39,522 [pool-621-thread-1] INFO  impl.RaftServerImpl (RaftServerImpl.java:start(180)) - ad522d99-c864-49ec-a4dd-d702ee7a24ab: start group-C9D63C920E20
2019-09-19 16:57:39,522 [pool-621-thread-1] INFO  impl.RaftServerImpl (RaftServerImpl.java:setRole(171)) - ad522d99-c864-49ec-a4dd-d702ee7a24ab:group-C9D63C920E20 changes role from null to FOLLOWER at term 0 for startAsFollower
2019-09-19 16:57:39,522 [pool-621-thread-1] INFO  impl.RoleInfo (RoleInfo.java:updateAndGet(143)) - ad522d99-c864-49ec-a4dd-d702ee7a24ab: start FollowerState
2019-09-19 16:57:39,523 [pool-621-thread-1] INFO  util.JmxRegister (JmxRegister.java:tryRegister(44)) - Successfully registered JMX Bean with object name Ratis:service=RaftServer,group=group-C9D63C920E20,id=ad522d99-c864-49ec-a4dd-d702ee7a24ab
2019-09-19 16:57:39,525 [RatisPipelineUtilsThread] INFO  pipeline.PipelineStateManager (PipelineStateManager.java:addPipeline(56)) - Created pipeline Pipeline[ Id: e8a53c1c-35ff-454d-8fb5-c9d63c920e20, Nodes: ad522d99-c864-49ec-a4dd-d702ee7a24ab{ip: 192.168.157.226, host: pr-hdds-1569-swxfz-3172132826, networkLocation: /default-rack, certSerialId: null}, Type:RATIS, Factor:ONE, State:OPEN]
2019-09-19 16:57:39,525 [RatisPipelineUtilsThread] ERROR pipeline.PipelinePlacementPolicy (PipelinePlacementPolicy.java:meetCriteria(91)) - Pipeline Placement: Doesn't meet the criteria to be viable node. Heaviness: 6
2019-09-19 16:57:39,530 [grpc-default-executor-0] INFO  impl.RaftServerProxy (RaftServerProxy.java:addNew(89)) - ad522d99-c864-49ec-a4dd-d702ee7a24ab: addNew group-77F063D2ABC3:[ad522d99-c864-49ec-a4dd-d702ee7a24ab:192.168.157.226:39664] returns group-77F063D2ABC3:java.util.concurrent.CompletableFuture@7747deda[Not completed]
2019-09-19 16:57:39,531 [pool-621-thread-1] INFO  impl.RaftServerImpl (RaftServerImpl.java:<init>(93)) - ad522d99-c864-49ec-a4dd-d702ee7a24ab: new RaftServerImpl for group-77F063D2ABC3:[ad522d99-c864-49ec-a4dd-d702ee7a24ab:192.168.157.226:39664] with ContainerStateMachine:uninitialized
2019-09-19 16:57:39,531 [pool-621-thread-1] INFO  server.RaftServerConfigKeys (ConfUtils.java:logGet(43)) - raft.server.rpc.timeout.min = 5s (custom)
2019-09-19 16:57:39,531 [pool-621-thread-1] INFO  server.RaftServerConfigKeys (ConfUtils.java:logGet(43)) - raft.server.rpc.timeout.max = 5200ms (custom)
2019-09-19 16:57:39,532 [pool-621-thread-1] INFO  server.RaftServerConfigKeys (ConfUtils.java:logGet(43)) - raft.server.rpcslowness.timeout = 120s (custom)
2019-09-19 16:57:39,532 [pool-621-thread-1] INFO  server.RaftServerConfigKeys (ConfUtils.java:logGet(43)) - raft.server.sleep.deviation.threshold = 300 (default)
2019-09-19 16:57:39,532 [pool-621-thread-1] INFO  server.RaftServerConfigKeys (ConfUtils.java:logGet(43)) - raft.server.log.appender.install.snapshot.enabled = false (custom)
2019-09-19 16:57:39,532 [pool-621-thread-1] INFO  impl.RaftServerImpl (ServerState.java:<init>(105)) - ad522d99-c864-49ec-a4dd-d702ee7a24ab:group-77F063D2ABC3 ConfigurationManager, init=-1: [ad522d99-c864-49ec-a4dd-d702ee7a24ab:192.168.157.226:39664], old=null, confs=<EMPTY_MAP>
2019-09-19 16:57:39,532 [pool-621-thread-1] INFO  server.RaftServerConfigKeys (ConfUtils.java:logGet(43)) - raft.server.storage.dir = [/workdir/hadoop-ozone/ozonefs/target/test-dir/MiniOzoneClusterImpl-3d3a7b5e-b8a0-4c61-bcb4-dda3d52dd67e/datanode-1/data/ratis] (custom)
2019-09-19 16:57:39,532 [pool-621-thread-1] INFO  storage.RaftStorageDirectory (RaftStorageDirectory.java:analyzeStorage(246)) - The storage directory /workdir/hadoop-ozone/ozonefs/target/test-dir/MiniOzoneClusterImpl-3d3a7b5e-b8a0-4c61-bcb4-dda3d52dd67e/datanode-1/data/ratis/e14bc023-2f63-4613-a312-77f063d2abc3 does not exist. Creating ...
2019-09-19 16:57:39,545 [pool-621-thread-1] INFO  storage.RaftStorageDirectory (RaftStorageDirectory.java:tryLock(328)) - Lock on /workdir/hadoop-ozone/ozonefs/target/test-dir/MiniOzoneClusterImpl-3d3a7b5e-b8a0-4c61-bcb4-dda3d52dd67e/datanode-1/data/ratis/e14bc023-2f63-4613-a312-77f063d2abc3/in_use.lock acquired by nodename 14771@pr-hdds-1569-swxfz-3172132826
2019-09-19 16:57:39,558 [pool-621-thread-1] INFO  storage.RaftStorage (RaftStorage.java:format(72)) - Storage directory /workdir/hadoop-ozone/ozonefs/target/test-dir/MiniOzoneClusterImpl-3d3a7b5e-b8a0-4c61-bcb4-dda3d52dd67e/datanode-1/data/ratis/e14bc023-2f63-4613-a312-77f063d2abc3 has been successfully formatted.
2019-09-19 16:57:39,558 [pool-621-thread-1] INFO  ratis.ContainerStateMachine (ContainerStateMachine.java:loadSnapshot(226)) - group-77F063D2ABC3: The snapshot info is null. Setting the last applied indexto:(t:0, i:~)
2019-09-19 16:57:39,558 [pool-621-thread-1] INFO  server.RaftServerConfigKeys (ConfUtils.java:logGet(43)) - raft.server.leader.election.timeout = 120s (custom)
2019-09-19 16:57:39,558 [pool-621-thread-1] INFO  server.RaftServerConfigKeys (ConfUtils.java:logGet(43)) - raft.server.log.use.memory = false (default)
2019-09-19 16:57:39,558 [pool-621-thread-1] INFO  server.RaftServerConfigKeys (ConfUtils.java:logGet(43)) - raft.server.log.purge.gap = 1000000 (custom)
2019-09-19 16:57:39,558 [pool-621-thread-1] INFO  server.RaftServerConfigKeys (ConfUtils.java:logGet(43)) - raft.server.log.appender.buffer.byte-limit = 33554432 (custom)
2019-09-19 16:57:39,558 [pool-621-thread-1] INFO  server.RaftServerConfigKeys (ConfUtils.java:logGet(43)) - raft.server.log.segment.size.max = 1048576 (custom)
2019-09-19 16:57:39,558 [pool-621-thread-1] INFO  server.RaftServerConfigKeys (ConfUtils.java:logGet(43)) - raft.server.log.segment.cache.num.max = 2 (custom)
2019-09-19 16:57:39,559 [pool-621-thread-1] INFO  segmented.SegmentedRaftLogWorker (SegmentedRaftLogWorker.java:<init>(172)) - new ad522d99-c864-49ec-a4dd-d702ee7a24ab-SegmentedRaftLogWorker:Storage Directory /workdir/hadoop-ozone/ozonefs/target/test-dir/MiniOzoneClusterImpl-3d3a7b5e-b8a0-4c61-bcb4-dda3d52dd67e/datanode-1/data/ratis/e14bc023-2f63-4613-a312-77f063d2abc3 for RaftStorage:Storage Directory /workdir/hadoop-ozone/ozonefs/target/test-dir/MiniOzoneClusterImpl-3d3a7b5e-b8a0-4c61-bcb4-dda3d52dd67e/datanode-1/data/ratis/e14bc023-2f63-4613-a312-77f063d2abc3
2019-09-19 16:57:39,559 [pool-621-thread-1] INFO  server.RaftServerConfigKeys (ConfUtils.java:logGet(43)) - raft.server.log.queue.byte-limit = 2147483647 (custom)
2019-09-19 16:57:39,559 [pool-621-thread-1] INFO  server.RaftServerConfigKeys (ConfUtils.java:logGet(43)) - raft.server.log.queue.element-limit = 1024 (custom)
2019-09-19 16:57:39,559 [pool-621-thread-1] INFO  server.RaftServerConfigKeys (ConfUtils.java:logGet(43)) - raft.server.log.segment.size.max = 1048576 (custom)
2019-09-19 16:57:39,559 [pool-621-thread-1] INFO  server.RaftServerConfigKeys (ConfUtils.java:logGet(43)) - raft.server.log.preallocated.size = 16384 (custom)
2019-09-19 16:57:39,559 [pool-621-thread-1] INFO  server.RaftServerConfigKeys (ConfUtils.java:logGet(43)) - raft.server.log.write.buffer.size = 33554432 (custom)
2019-09-19 16:57:39,559 [pool-621-thread-1] INFO  server.RaftServerConfigKeys (ConfUtils.java:logGet(43)) - raft.server.log.force.sync.num = 128 (default)
2019-09-19 16:57:39,559 [pool-621-thread-1] INFO  server.RaftServerConfigKeys (ConfUtils.java:logGet(43)) - raft.server.log.statemachine.data.sync = true (default)
2019-09-19 16:57:39,559 [pool-621-thread-1] INFO  server.RaftServerConfigKeys (ConfUtils.java:logGet(43)) - raft.server.log.statemachine.data.sync.timeout = 10s (default)
2019-09-19 16:57:39,559 [pool-621-thread-1] INFO  server.RaftServerConfigKeys (ConfUtils.java:logGet(43)) - raft.server.log.statemachine.data.sync.timeout.retry = -1 (default)
2019-09-19 16:57:39,560 [pool-621-thread-1] INFO  server.RaftServerConfigKeys (ConfUtils.java:logGet(43)) - raft.server.log.statemachine.data.caching.enabled = true (custom)
2019-09-19 16:57:39,560 [pool-621-thread-1] INFO  segmented.SegmentedRaftLogWorker (SegmentedRaftLogWorker.java:lambda$new$0(132)) - ad522d99-c864-49ec-a4dd-d702ee7a24ab-SegmentedRaftLogWorker:Storage Directory /workdir/hadoop-ozone/ozonefs/target/test-dir/MiniOzoneClusterImpl-3d3a7b5e-b8a0-4c61-bcb4-dda3d52dd67e/datanode-1/data/ratis/e14bc023-2f63-4613-a312-77f063d2abc3: flushIndex: setUnconditionally 0 -> -1
2019-09-19 16:57:39,560 [pool-621-thread-1] INFO  server.RaftServerConfigKeys (ConfUtils.java:logGet(43)) - raft.server.snapshot.auto.trigger.enabled = true (custom)
2019-09-19 16:57:39,560 [pool-621-thread-1] INFO  server.RaftServerConfigKeys (ConfUtils.java:logGet(43)) - raft.server.snapshot.auto.trigger.threshold = 10000 (custom)
2019-09-19 16:57:39,560 [pool-621-thread-1] INFO  server.RaftServerConfigKeys (ConfUtils.java:logGet(43)) - raft.server.retrycache.expirytime = 600000ms (custom)
2019-09-19 16:57:39,560 [pool-621-thread-1] INFO  impl.RaftServerImpl (RaftServerImpl.java:start(180)) - ad522d99-c864-49ec-a4dd-d702ee7a24ab: start group-77F063D2ABC3
2019-09-19 16:57:39,560 [pool-621-thread-1] INFO  impl.RaftServerImpl (RaftServerImpl.java:setRole(171)) - ad522d99-c864-49ec-a4dd-d702ee7a24ab:group-77F063D2ABC3 changes role from null to FOLLOWER at term 0 for startAsFollower
2019-09-19 16:57:39,561 [pool-621-thread-1] INFO  impl.RoleInfo (RoleInfo.java:updateAndGet(143)) - ad522d99-c864-49ec-a4dd-d702ee7a24ab: start FollowerState
2019-09-19 16:57:39,561 [pool-621-thread-1] INFO  util.JmxRegister (JmxRegister.java:tryRegister(44)) - Successfully registered JMX Bean with object name Ratis:service=RaftServer,group=group-77F063D2ABC3,id=ad522d99-c864-49ec-a4dd-d702ee7a24ab
2019-09-19 16:57:39,563 [RatisPipelineUtilsThread] INFO  pipeline.PipelineStateManager (PipelineStateManager.java:addPipeline(56)) - Created pipeline Pipeline[ Id: e14bc023-2f63-4613-a312-77f063d2abc3, Nodes: ad522d99-c864-49ec-a4dd-d702ee7a24ab{ip: 192.168.157.226, host: pr-hdds-1569-swxfz-3172132826, networkLocation: /default-rack, certSerialId: null}, Type:RATIS, Factor:ONE, State:OPEN]
2019-09-19 16:57:39,563 [RatisPipelineUtilsThread] ERROR pipeline.PipelinePlacementPolicy (PipelinePlacementPolicy.java:meetCriteria(91)) - Pipeline Placement: Doesn't meet the criteria to be viable node. Heaviness: 6
2019-09-19 16:57:39,564 [RatisPipelineUtilsThread] ERROR pipeline.PipelinePlacementPolicy (PipelinePlacementPolicy.java:meetCriteria(91)) - Pipeline Placement: Doesn't meet the criteria to be viable node. Heaviness: 6
2019-09-19 16:57:39,571 [grpc-default-executor-0] INFO  impl.RaftServerProxy (RaftServerProxy.java:addNew(89)) - 6272d7ea-0722-46cc-8a09-c153bdaa0261: addNew group-933EF40E6AAB:[6272d7ea-0722-46cc-8a09-c153bdaa0261:192.168.157.226:44160] returns group-933EF40E6AAB:java.util.concurrent.CompletableFuture@328963bf[Not completed]
2019-09-19 16:57:39,572 [pool-632-thread-1] INFO  impl.RaftServerImpl (RaftServerImpl.java:<init>(93)) - 6272d7ea-0722-46cc-8a09-c153bdaa0261: new RaftServerImpl for group-933EF40E6AAB:[6272d7ea-0722-46cc-8a09-c153bdaa0261:192.168.157.226:44160] with ContainerStateMachine:uninitialized
2019-09-19 16:57:39,572 [pool-632-thread-1] INFO  server.RaftServerConfigKeys (ConfUtils.java:logGet(43)) - raft.server.rpc.timeout.min = 5s (custom)
2019-09-19 16:57:39,572 [pool-632-thread-1] INFO  server.RaftServerConfigKeys (ConfUtils.java:logGet(43)) - raft.server.rpc.timeout.max = 5200ms (custom)
2019-09-19 16:57:39,572 [pool-632-thread-1] INFO  server.RaftServerConfigKeys (ConfUtils.java:logGet(43)) - raft.server.rpcslowness.timeout = 120s (custom)
2019-09-19 16:57:39,572 [pool-632-thread-1] INFO  server.RaftServerConfigKeys (ConfUtils.java:logGet(43)) - raft.server.sleep.deviation.threshold = 300 (default)
2019-09-19 16:57:39,572 [pool-632-thread-1] INFO  server.RaftServerConfigKeys (ConfUtils.java:logGet(43)) - raft.server.log.appender.install.snapshot.enabled = false (custom)
2019-09-19 16:57:39,572 [pool-632-thread-1] INFO  impl.RaftServerImpl (ServerState.java:<init>(105)) - 6272d7ea-0722-46cc-8a09-c153bdaa0261:group-933EF40E6AAB ConfigurationManager, init=-1: [6272d7ea-0722-46cc-8a09-c153bdaa0261:192.168.157.226:44160], old=null, confs=<EMPTY_MAP>
2019-09-19 16:57:39,572 [pool-632-thread-1] INFO  server.RaftServerConfigKeys (ConfUtils.java:logGet(43)) - raft.server.storage.dir = [/workdir/hadoop-ozone/ozonefs/target/test-dir/MiniOzoneClusterImpl-3d3a7b5e-b8a0-4c61-bcb4-dda3d52dd67e/datanode-2/data/ratis] (custom)
2019-09-19 16:57:39,573 [pool-632-thread-1] INFO  storage.RaftStorageDirectory (RaftStorageDirectory.java:analyzeStorage(246)) - The storage directory /workdir/hadoop-ozone/ozonefs/target/test-dir/MiniOzoneClusterImpl-3d3a7b5e-b8a0-4c61-bcb4-dda3d52dd67e/datanode-2/data/ratis/c3e57fb8-8f12-4aa5-954c-933ef40e6aab does not exist. Creating ...
2019-09-19 16:57:39,585 [pool-632-thread-1] INFO  storage.RaftStorageDirectory (RaftStorageDirectory.java:tryLock(328)) - Lock on /workdir/hadoop-ozone/ozonefs/target/test-dir/MiniOzoneClusterImpl-3d3a7b5e-b8a0-4c61-bcb4-dda3d52dd67e/datanode-2/data/ratis/c3e57fb8-8f12-4aa5-954c-933ef40e6aab/in_use.lock acquired by nodename 14771@pr-hdds-1569-swxfz-3172132826
2019-09-19 16:57:39,597 [pool-632-thread-1] INFO  storage.RaftStorage (RaftStorage.java:format(72)) - Storage directory /workdir/hadoop-ozone/ozonefs/target/test-dir/MiniOzoneClusterImpl-3d3a7b5e-b8a0-4c61-bcb4-dda3d52dd67e/datanode-2/data/ratis/c3e57fb8-8f12-4aa5-954c-933ef40e6aab has been successfully formatted.
2019-09-19 16:57:39,598 [pool-632-thread-1] INFO  ratis.ContainerStateMachine (ContainerStateMachine.java:loadSnapshot(226)) - group-933EF40E6AAB: The snapshot info is null. Setting the last applied indexto:(t:0, i:~)
2019-09-19 16:57:39,598 [pool-632-thread-1] INFO  server.RaftServerConfigKeys (ConfUtils.java:logGet(43)) - raft.server.leader.election.timeout = 120s (custom)
2019-09-19 16:57:39,598 [pool-632-thread-1] INFO  server.RaftServerConfigKeys (ConfUtils.java:logGet(43)) - raft.server.log.use.memory = false (default)
2019-09-19 16:57:39,598 [pool-632-thread-1] INFO  server.RaftServerConfigKeys (ConfUtils.java:logGet(43)) - raft.server.log.purge.gap = 1000000 (custom)
2019-09-19 16:57:39,598 [pool-632-thread-1] INFO  server.RaftServerConfigKeys (ConfUtils.java:logGet(43)) - raft.server.log.appender.buffer.byte-limit = 33554432 (custom)
2019-09-19 16:57:39,598 [pool-632-thread-1] INFO  server.RaftServerConfigKeys (ConfUtils.java:logGet(43)) - raft.server.log.segment.size.max = 1048576 (custom)
2019-09-19 16:57:39,598 [pool-632-thread-1] INFO  server.RaftServerConfigKeys (ConfUtils.java:logGet(43)) - raft.server.log.segment.cache.num.max = 2 (custom)
2019-09-19 16:57:39,598 [pool-632-thread-1] INFO  segmented.SegmentedRaftLogWorker (SegmentedRaftLogWorker.java:<init>(172)) - new 6272d7ea-0722-46cc-8a09-c153bdaa0261-SegmentedRaftLogWorker:Storage Directory /workdir/hadoop-ozone/ozonefs/target/test-dir/MiniOzoneClusterImpl-3d3a7b5e-b8a0-4c61-bcb4-dda3d52dd67e/datanode-2/data/ratis/c3e57fb8-8f12-4aa5-954c-933ef40e6aab for RaftStorage:Storage Directory /workdir/hadoop-ozone/ozonefs/target/test-dir/MiniOzoneClusterImpl-3d3a7b5e-b8a0-4c61-bcb4-dda3d52dd67e/datanode-2/data/ratis/c3e57fb8-8f12-4aa5-954c-933ef40e6aab
2019-09-19 16:57:39,599 [pool-632-thread-1] INFO  server.RaftServerConfigKeys (ConfUtils.java:logGet(43)) - raft.server.log.queue.byte-limit = 2147483647 (custom)
2019-09-19 16:57:39,599 [pool-632-thread-1] INFO  server.RaftServerConfigKeys (ConfUtils.java:logGet(43)) - raft.server.log.queue.element-limit = 1024 (custom)
2019-09-19 16:57:39,599 [pool-632-thread-1] INFO  server.RaftServerConfigKeys (ConfUtils.java:logGet(43)) - raft.server.log.segment.size.max = 1048576 (custom)
2019-09-19 16:57:39,599 [pool-632-thread-1] INFO  server.RaftServerConfigKeys (ConfUtils.java:logGet(43)) - raft.server.log.preallocated.size = 16384 (custom)
2019-09-19 16:57:39,599 [pool-632-thread-1] INFO  server.RaftServerConfigKeys (ConfUtils.java:logGet(43)) - raft.server.log.write.buffer.size = 33554432 (custom)
2019-09-19 16:57:39,599 [pool-632-thread-1] INFO  server.RaftServerConfigKeys (ConfUtils.java:logGet(43)) - raft.server.log.force.sync.num = 128 (default)
2019-09-19 16:57:39,599 [pool-632-thread-1] INFO  server.RaftServerConfigKeys (ConfUtils.java:logGet(43)) - raft.server.log.statemachine.data.sync = true (default)
2019-09-19 16:57:39,599 [pool-632-thread-1] INFO  server.RaftServerConfigKeys (ConfUtils.java:logGet(43)) - raft.server.log.statemachine.data.sync.timeout = 10s (default)
2019-09-19 16:57:39,599 [pool-632-thread-1] INFO  server.RaftServerConfigKeys (ConfUtils.java:logGet(43)) - raft.server.log.statemachine.data.sync.timeout.retry = -1 (default)
2019-09-19 16:57:39,600 [pool-632-thread-1] INFO  server.RaftServerConfigKeys (ConfUtils.java:logGet(43)) - raft.server.log.statemachine.data.caching.enabled = true (custom)
2019-09-19 16:57:39,600 [pool-632-thread-1] INFO  segmented.SegmentedRaftLogWorker (SegmentedRaftLogWorker.java:lambda$new$0(132)) - 6272d7ea-0722-46cc-8a09-c153bdaa0261-SegmentedRaftLogWorker:Storage Directory /workdir/hadoop-ozone/ozonefs/target/test-dir/MiniOzoneClusterImpl-3d3a7b5e-b8a0-4c61-bcb4-dda3d52dd67e/datanode-2/data/ratis/c3e57fb8-8f12-4aa5-954c-933ef40e6aab: flushIndex: setUnconditionally 0 -> -1
2019-09-19 16:57:39,600 [pool-632-thread-1] INFO  server.RaftServerConfigKeys (ConfUtils.java:logGet(43)) - raft.server.snapshot.auto.trigger.enabled = true (custom)
2019-09-19 16:57:39,600 [pool-632-thread-1] INFO  server.RaftServerConfigKeys (ConfUtils.java:logGet(43)) - raft.server.snapshot.auto.trigger.threshold = 10000 (custom)
2019-09-19 16:57:39,600 [pool-632-thread-1] INFO  server.RaftServerConfigKeys (ConfUtils.java:logGet(43)) - raft.server.retrycache.expirytime = 600000ms (custom)
2019-09-19 16:57:39,601 [pool-632-thread-1] INFO  impl.RaftServerImpl (RaftServerImpl.java:start(180)) - 6272d7ea-0722-46cc-8a09-c153bdaa0261: start group-933EF40E6AAB
2019-09-19 16:57:39,601 [pool-632-thread-1] INFO  impl.RaftServerImpl (RaftServerImpl.java:setRole(171)) - 6272d7ea-0722-46cc-8a09-c153bdaa0261:group-933EF40E6AAB changes role from null to FOLLOWER at term 0 for startAsFollower
2019-09-19 16:57:39,601 [pool-632-thread-1] INFO  impl.RoleInfo (RoleInfo.java:updateAndGet(143)) - 6272d7ea-0722-46cc-8a09-c153bdaa0261: start FollowerState
2019-09-19 16:57:39,601 [pool-632-thread-1] INFO  util.JmxRegister (JmxRegister.java:tryRegister(44)) - Successfully registered JMX Bean with object name Ratis:service=RaftServer,group=group-933EF40E6AAB,id=6272d7ea-0722-46cc-8a09-c153bdaa0261
2019-09-19 16:57:39,604 [RatisPipelineUtilsThread] INFO  pipeline.PipelineStateManager (PipelineStateManager.java:addPipeline(56)) - Created pipeline Pipeline[ Id: c3e57fb8-8f12-4aa5-954c-933ef40e6aab, Nodes: 6272d7ea-0722-46cc-8a09-c153bdaa0261{ip: 192.168.157.226, host: pr-hdds-1569-swxfz-3172132826, networkLocation: /default-rack, certSerialId: null}, Type:RATIS, Factor:ONE, State:OPEN]
2019-09-19 16:57:39,604 [RatisPipelineUtilsThread] ERROR pipeline.PipelinePlacementPolicy (PipelinePlacementPolicy.java:meetCriteria(91)) - Pipeline Placement: Doesn't meet the criteria to be viable node. Heaviness: 6
2019-09-19 16:57:39,605 [RatisPipelineUtilsThread] ERROR pipeline.PipelinePlacementPolicy (PipelinePlacementPolicy.java:meetCriteria(91)) - Pipeline Placement: Doesn't meet the criteria to be viable node. Heaviness: 6
2019-09-19 16:57:39,609 [grpc-default-executor-0] INFO  impl.RaftServerProxy (RaftServerProxy.java:addNew(89)) - 6272d7ea-0722-46cc-8a09-c153bdaa0261: addNew group-CF7626344435:[6272d7ea-0722-46cc-8a09-c153bdaa0261:192.168.157.226:44160] returns group-CF7626344435:java.util.concurrent.CompletableFuture@4fa83fe5[Not completed]
2019-09-19 16:57:39,610 [pool-632-thread-1] INFO  impl.RaftServerImpl (RaftServerImpl.java:<init>(93)) - 6272d7ea-0722-46cc-8a09-c153bdaa0261: new RaftServerImpl for group-CF7626344435:[6272d7ea-0722-46cc-8a09-c153bdaa0261:192.168.157.226:44160] with ContainerStateMachine:uninitialized
2019-09-19 16:57:39,610 [pool-632-thread-1] INFO  server.RaftServerConfigKeys (ConfUtils.java:logGet(43)) - raft.server.rpc.timeout.min = 5s (custom)
2019-09-19 16:57:39,610 [pool-632-thread-1] INFO  server.RaftServerConfigKeys (ConfUtils.java:logGet(43)) - raft.server.rpc.timeout.max = 5200ms (custom)
2019-09-19 16:57:39,611 [pool-632-thread-1] INFO  server.RaftServerConfigKeys (ConfUtils.java:logGet(43)) - raft.server.rpcslowness.timeout = 120s (custom)
2019-09-19 16:57:39,611 [pool-632-thread-1] INFO  server.RaftServerConfigKeys (ConfUtils.java:logGet(43)) - raft.server.sleep.deviation.threshold = 300 (default)
2019-09-19 16:57:39,611 [pool-632-thread-1] INFO  server.RaftServerConfigKeys (ConfUtils.java:logGet(43)) - raft.server.log.appender.install.snapshot.enabled = false (custom)
2019-09-19 16:57:39,611 [pool-632-thread-1] INFO  impl.RaftServerImpl (ServerState.java:<init>(105)) - 6272d7ea-0722-46cc-8a09-c153bdaa0261:group-CF7626344435 ConfigurationManager, init=-1: [6272d7ea-0722-46cc-8a09-c153bdaa0261:192.168.157.226:44160], old=null, confs=<EMPTY_MAP>
2019-09-19 16:57:39,611 [pool-632-thread-1] INFO  server.RaftServerConfigKeys (ConfUtils.java:logGet(43)) - raft.server.storage.dir = [/workdir/hadoop-ozone/ozonefs/target/test-dir/MiniOzoneClusterImpl-3d3a7b5e-b8a0-4c61-bcb4-dda3d52dd67e/datanode-2/data/ratis] (custom)
2019-09-19 16:57:39,612 [pool-632-thread-1] INFO  storage.RaftStorageDirectory (RaftStorageDirectory.java:analyzeStorage(246)) - The storage directory /workdir/hadoop-ozone/ozonefs/target/test-dir/MiniOzoneClusterImpl-3d3a7b5e-b8a0-4c61-bcb4-dda3d52dd67e/datanode-2/data/ratis/504daa11-e484-471b-a65b-cf7626344435 does not exist. Creating ...
2019-09-19 16:57:39,616 [pool-632-thread-1] INFO  storage.RaftStorageDirectory (RaftStorageDirectory.java:tryLock(328)) - Lock on /workdir/hadoop-ozone/ozonefs/target/test-dir/MiniOzoneClusterImpl-3d3a7b5e-b8a0-4c61-bcb4-dda3d52dd67e/datanode-2/data/ratis/504daa11-e484-471b-a65b-cf7626344435/in_use.lock acquired by nodename 14771@pr-hdds-1569-swxfz-3172132826
2019-09-19 16:57:39,619 [pool-632-thread-1] INFO  storage.RaftStorage (RaftStorage.java:format(72)) - Storage directory /workdir/hadoop-ozone/ozonefs/target/test-dir/MiniOzoneClusterImpl-3d3a7b5e-b8a0-4c61-bcb4-dda3d52dd67e/datanode-2/data/ratis/504daa11-e484-471b-a65b-cf7626344435 has been successfully formatted.
2019-09-19 16:57:39,620 [pool-632-thread-1] INFO  ratis.ContainerStateMachine (ContainerStateMachine.java:loadSnapshot(226)) - group-CF7626344435: The snapshot info is null. Setting the last applied indexto:(t:0, i:~)
2019-09-19 16:57:39,620 [pool-632-thread-1] INFO  server.RaftServerConfigKeys (ConfUtils.java:logGet(43)) - raft.server.leader.election.timeout = 120s (custom)
2019-09-19 16:57:39,620 [pool-632-thread-1] INFO  server.RaftServerConfigKeys (ConfUtils.java:logGet(43)) - raft.server.log.use.memory = false (default)
2019-09-19 16:57:39,620 [pool-632-thread-1] INFO  server.RaftServerConfigKeys (ConfUtils.java:logGet(43)) - raft.server.log.purge.gap = 1000000 (custom)
2019-09-19 16:57:39,620 [pool-632-thread-1] INFO  server.RaftServerConfigKeys (ConfUtils.java:logGet(43)) - raft.server.log.appender.buffer.byte-limit = 33554432 (custom)
2019-09-19 16:57:39,620 [pool-632-thread-1] INFO  server.RaftServerConfigKeys (ConfUtils.java:logGet(43)) - raft.server.log.segment.size.max = 1048576 (custom)
2019-09-19 16:57:39,621 [pool-632-thread-1] INFO  server.RaftServerConfigKeys (ConfUtils.java:logGet(43)) - raft.server.log.segment.cache.num.max = 2 (custom)
2019-09-19 16:57:39,621 [pool-632-thread-1] INFO  segmented.SegmentedRaftLogWorker (SegmentedRaftLogWorker.java:<init>(172)) - new 6272d7ea-0722-46cc-8a09-c153bdaa0261-SegmentedRaftLogWorker:Storage Directory /workdir/hadoop-ozone/ozonefs/target/test-dir/MiniOzoneClusterImpl-3d3a7b5e-b8a0-4c61-bcb4-dda3d52dd67e/datanode-2/data/ratis/504daa11-e484-471b-a65b-cf7626344435 for RaftStorage:Storage Directory /workdir/hadoop-ozone/ozonefs/target/test-dir/MiniOzoneClusterImpl-3d3a7b5e-b8a0-4c61-bcb4-dda3d52dd67e/datanode-2/data/ratis/504daa11-e484-471b-a65b-cf7626344435
2019-09-19 16:57:39,621 [pool-632-thread-1] INFO  server.RaftServerConfigKeys (ConfUtils.java:logGet(43)) - raft.server.log.queue.byte-limit = 2147483647 (custom)
2019-09-19 16:57:39,621 [pool-632-thread-1] INFO  server.RaftServerConfigKeys (ConfUtils.java:logGet(43)) - raft.server.log.queue.element-limit = 1024 (custom)
2019-09-19 16:57:39,621 [pool-632-thread-1] INFO  server.RaftServerConfigKeys (ConfUtils.java:logGet(43)) - raft.server.log.segment.size.max = 1048576 (custom)
2019-09-19 16:57:39,621 [pool-632-thread-1] INFO  server.RaftServerConfigKeys (ConfUtils.java:logGet(43)) - raft.server.log.preallocated.size = 16384 (custom)
2019-09-19 16:57:39,621 [pool-632-thread-1] INFO  server.RaftServerConfigKeys (ConfUtils.java:logGet(43)) - raft.server.log.write.buffer.size = 33554432 (custom)
2019-09-19 16:57:39,621 [pool-632-thread-1] INFO  server.RaftServerConfigKeys (ConfUtils.java:logGet(43)) - raft.server.log.force.sync.num = 128 (default)
2019-09-19 16:57:39,622 [pool-632-thread-1] INFO  server.RaftServerConfigKeys (ConfUtils.java:logGet(43)) - raft.server.log.statemachine.data.sync = true (default)
2019-09-19 16:57:39,622 [pool-632-thread-1] INFO  server.RaftServerConfigKeys (ConfUtils.java:logGet(43)) - raft.server.log.statemachine.data.sync.timeout = 10s (default)
2019-09-19 16:57:39,622 [pool-632-thread-1] INFO  server.RaftServerConfigKeys (ConfUtils.java:logGet(43)) - raft.server.log.statemachine.data.sync.timeout.retry = -1 (default)
2019-09-19 16:57:39,622 [pool-632-thread-1] INFO  server.RaftServerConfigKeys (ConfUtils.java:logGet(43)) - raft.server.log.statemachine.data.caching.enabled = true (custom)
2019-09-19 16:57:39,622 [pool-632-thread-1] INFO  segmented.SegmentedRaftLogWorker (SegmentedRaftLogWorker.java:lambda$new$0(132)) - 6272d7ea-0722-46cc-8a09-c153bdaa0261-SegmentedRaftLogWorker:Storage Directory /workdir/hadoop-ozone/ozonefs/target/test-dir/MiniOzoneClusterImpl-3d3a7b5e-b8a0-4c61-bcb4-dda3d52dd67e/datanode-2/data/ratis/504daa11-e484-471b-a65b-cf7626344435: flushIndex: setUnconditionally 0 -> -1
2019-09-19 16:57:39,623 [pool-632-thread-1] INFO  server.RaftServerConfigKeys (ConfUtils.java:logGet(43)) - raft.server.snapshot.auto.trigger.enabled = true (custom)
2019-09-19 16:57:39,623 [pool-632-thread-1] INFO  server.RaftServerConfigKeys (ConfUtils.java:logGet(43)) - raft.server.snapshot.auto.trigger.threshold = 10000 (custom)
2019-09-19 16:57:39,623 [pool-632-thread-1] INFO  server.RaftServerConfigKeys (ConfUtils.java:logGet(43)) - raft.server.retrycache.expirytime = 600000ms (custom)
2019-09-19 16:57:39,623 [pool-632-thread-1] INFO  impl.RaftServerImpl (RaftServerImpl.java:start(180)) - 6272d7ea-0722-46cc-8a09-c153bdaa0261: start group-CF7626344435
2019-09-19 16:57:39,623 [pool-632-thread-1] INFO  impl.RaftServerImpl (RaftServerImpl.java:setRole(171)) - 6272d7ea-0722-46cc-8a09-c153bdaa0261:group-CF7626344435 changes role from null to FOLLOWER at term 0 for startAsFollower
2019-09-19 16:57:39,623 [pool-632-thread-1] INFO  impl.RoleInfo (RoleInfo.java:updateAndGet(143)) - 6272d7ea-0722-46cc-8a09-c153bdaa0261: start FollowerState
2019-09-19 16:57:39,624 [pool-632-thread-1] INFO  util.JmxRegister (JmxRegister.java:tryRegister(44)) - Successfully registered JMX Bean with object name Ratis:service=RaftServer,group=group-CF7626344435,id=6272d7ea-0722-46cc-8a09-c153bdaa0261
2019-09-19 16:57:39,626 [RatisPipelineUtilsThread] INFO  pipeline.PipelineStateManager (PipelineStateManager.java:addPipeline(56)) - Created pipeline Pipeline[ Id: 504daa11-e484-471b-a65b-cf7626344435, Nodes: 6272d7ea-0722-46cc-8a09-c153bdaa0261{ip: 192.168.157.226, host: pr-hdds-1569-swxfz-3172132826, networkLocation: /default-rack, certSerialId: null}, Type:RATIS, Factor:ONE, State:OPEN]
2019-09-19 16:57:39,627 [RatisPipelineUtilsThread] ERROR pipeline.PipelinePlacementPolicy (PipelinePlacementPolicy.java:meetCriteria(91)) - Pipeline Placement: Doesn't meet the criteria to be viable node. Heaviness: 6
2019-09-19 16:57:39,627 [RatisPipelineUtilsThread] ERROR pipeline.PipelinePlacementPolicy (PipelinePlacementPolicy.java:meetCriteria(91)) - Pipeline Placement: Doesn't meet the criteria to be viable node. Heaviness: 6
2019-09-19 16:57:39,631 [grpc-default-executor-0] INFO  impl.RaftServerProxy (RaftServerProxy.java:addNew(89)) - 6272d7ea-0722-46cc-8a09-c153bdaa0261: addNew group-8D63C2688A60:[6272d7ea-0722-46cc-8a09-c153bdaa0261:192.168.157.226:44160] returns group-8D63C2688A60:java.util.concurrent.CompletableFuture@3a13dc64[Not completed]
2019-09-19 16:57:39,633 [pool-632-thread-1] INFO  impl.RaftServerImpl (RaftServerImpl.java:<init>(93)) - 6272d7ea-0722-46cc-8a09-c153bdaa0261: new RaftServerImpl for group-8D63C2688A60:[6272d7ea-0722-46cc-8a09-c153bdaa0261:192.168.157.226:44160] with ContainerStateMachine:uninitialized
2019-09-19 16:57:39,633 [pool-632-thread-1] INFO  server.RaftServerConfigKeys (ConfUtils.java:logGet(43)) - raft.server.rpc.timeout.min = 5s (custom)
2019-09-19 16:57:39,633 [pool-632-thread-1] INFO  server.RaftServerConfigKeys (ConfUtils.java:logGet(43)) - raft.server.rpc.timeout.max = 5200ms (custom)
2019-09-19 16:57:39,633 [pool-632-thread-1] INFO  server.RaftServerConfigKeys (ConfUtils.java:logGet(43)) - raft.server.rpcslowness.timeout = 120s (custom)
2019-09-19 16:57:39,633 [pool-632-thread-1] INFO  server.RaftServerConfigKeys (ConfUtils.java:logGet(43)) - raft.server.sleep.deviation.threshold = 300 (default)
2019-09-19 16:57:39,633 [pool-632-thread-1] INFO  server.RaftServerConfigKeys (ConfUtils.java:logGet(43)) - raft.server.log.appender.install.snapshot.enabled = false (custom)
2019-09-19 16:57:39,634 [pool-632-thread-1] INFO  impl.RaftServerImpl (ServerState.java:<init>(105)) - 6272d7ea-0722-46cc-8a09-c153bdaa0261:group-8D63C2688A60 ConfigurationManager, init=-1: [6272d7ea-0722-46cc-8a09-c153bdaa0261:192.168.157.226:44160], old=null, confs=<EMPTY_MAP>
2019-09-19 16:57:39,634 [pool-632-thread-1] INFO  server.RaftServerConfigKeys (ConfUtils.java:logGet(43)) - raft.server.storage.dir = [/workdir/hadoop-ozone/ozonefs/target/test-dir/MiniOzoneClusterImpl-3d3a7b5e-b8a0-4c61-bcb4-dda3d52dd67e/datanode-2/data/ratis] (custom)
2019-09-19 16:57:39,634 [pool-632-thread-1] INFO  storage.RaftStorageDirectory (RaftStorageDirectory.java:analyzeStorage(246)) - The storage directory /workdir/hadoop-ozone/ozonefs/target/test-dir/MiniOzoneClusterImpl-3d3a7b5e-b8a0-4c61-bcb4-dda3d52dd67e/datanode-2/data/ratis/d45cec34-016f-4e24-8328-8d63c2688a60 does not exist. Creating ...
2019-09-19 16:57:39,638 [pool-632-thread-1] INFO  storage.RaftStorageDirectory (RaftStorageDirectory.java:tryLock(328)) - Lock on /workdir/hadoop-ozone/ozonefs/target/test-dir/MiniOzoneClusterImpl-3d3a7b5e-b8a0-4c61-bcb4-dda3d52dd67e/datanode-2/data/ratis/d45cec34-016f-4e24-8328-8d63c2688a60/in_use.lock acquired by nodename 14771@pr-hdds-1569-swxfz-3172132826
2019-09-19 16:57:39,656 [pool-632-thread-1] INFO  storage.RaftStorage (RaftStorage.java:format(72)) - Storage directory /workdir/hadoop-ozone/ozonefs/target/test-dir/MiniOzoneClusterImpl-3d3a7b5e-b8a0-4c61-bcb4-dda3d52dd67e/datanode-2/data/ratis/d45cec34-016f-4e24-8328-8d63c2688a60 has been successfully formatted.
2019-09-19 16:57:39,657 [pool-632-thread-1] INFO  ratis.ContainerStateMachine (ContainerStateMachine.java:loadSnapshot(226)) - group-8D63C2688A60: The snapshot info is null. Setting the last applied indexto:(t:0, i:~)
2019-09-19 16:57:39,657 [pool-632-thread-1] INFO  server.RaftServerConfigKeys (ConfUtils.java:logGet(43)) - raft.server.leader.election.timeout = 120s (custom)
2019-09-19 16:57:39,657 [pool-632-thread-1] INFO  server.RaftServerConfigKeys (ConfUtils.java:logGet(43)) - raft.server.log.use.memory = false (default)
2019-09-19 16:57:39,657 [pool-632-thread-1] INFO  server.RaftServerConfigKeys (ConfUtils.java:logGet(43)) - raft.server.log.purge.gap = 1000000 (custom)
2019-09-19 16:57:39,657 [pool-632-thread-1] INFO  server.RaftServerConfigKeys (ConfUtils.java:logGet(43)) - raft.server.log.appender.buffer.byte-limit = 33554432 (custom)
2019-09-19 16:57:39,657 [pool-632-thread-1] INFO  server.RaftServerConfigKeys (ConfUtils.java:logGet(43)) - raft.server.log.segment.size.max = 1048576 (custom)
2019-09-19 16:57:39,657 [pool-632-thread-1] INFO  server.RaftServerConfigKeys (ConfUtils.java:logGet(43)) - raft.server.log.segment.cache.num.max = 2 (custom)
2019-09-19 16:57:39,657 [pool-632-thread-1] INFO  segmented.SegmentedRaftLogWorker (SegmentedRaftLogWorker.java:<init>(172)) - new 6272d7ea-0722-46cc-8a09-c153bdaa0261-SegmentedRaftLogWorker:Storage Directory /workdir/hadoop-ozone/ozonefs/target/test-dir/MiniOzoneClusterImpl-3d3a7b5e-b8a0-4c61-bcb4-dda3d52dd67e/datanode-2/data/ratis/d45cec34-016f-4e24-8328-8d63c2688a60 for RaftStorage:Storage Directory /workdir/hadoop-ozone/ozonefs/target/test-dir/MiniOzoneClusterImpl-3d3a7b5e-b8a0-4c61-bcb4-dda3d52dd67e/datanode-2/data/ratis/d45cec34-016f-4e24-8328-8d63c2688a60
2019-09-19 16:57:39,658 [pool-632-thread-1] INFO  server.RaftServerConfigKeys (ConfUtils.java:logGet(43)) - raft.server.log.queue.byte-limit = 2147483647 (custom)
2019-09-19 16:57:39,658 [pool-632-thread-1] INFO  server.RaftServerConfigKeys (ConfUtils.java:logGet(43)) - raft.server.log.queue.element-limit = 1024 (custom)
2019-09-19 16:57:39,658 [pool-632-thread-1] INFO  server.RaftServerConfigKeys (ConfUtils.java:logGet(43)) - raft.server.log.segment.size.max = 1048576 (custom)
2019-09-19 16:57:39,658 [pool-632-thread-1] INFO  server.RaftServerConfigKeys (ConfUtils.java:logGet(43)) - raft.server.log.preallocated.size = 16384 (custom)
2019-09-19 16:57:39,658 [pool-632-thread-1] INFO  server.RaftServerConfigKeys (ConfUtils.java:logGet(43)) - raft.server.log.write.buffer.size = 33554432 (custom)
2019-09-19 16:57:39,658 [pool-632-thread-1] INFO  server.RaftServerConfigKeys (ConfUtils.java:logGet(43)) - raft.server.log.force.sync.num = 128 (default)
2019-09-19 16:57:39,658 [pool-632-thread-1] INFO  server.RaftServerConfigKeys (ConfUtils.java:logGet(43)) - raft.server.log.statemachine.data.sync = true (default)
2019-09-19 16:57:39,658 [pool-632-thread-1] INFO  server.RaftServerConfigKeys (ConfUtils.java:logGet(43)) - raft.server.log.statemachine.data.sync.timeout = 10s (default)
2019-09-19 16:57:39,658 [pool-632-thread-1] INFO  server.RaftServerConfigKeys (ConfUtils.java:logGet(43)) - raft.server.log.statemachine.data.sync.timeout.retry = -1 (default)
2019-09-19 16:57:39,658 [pool-632-thread-1] INFO  server.RaftServerConfigKeys (ConfUtils.java:logGet(43)) - raft.server.log.statemachine.data.caching.enabled = true (custom)
2019-09-19 16:57:39,659 [pool-632-thread-1] INFO  segmented.SegmentedRaftLogWorker (SegmentedRaftLogWorker.java:lambda$new$0(132)) - 6272d7ea-0722-46cc-8a09-c153bdaa0261-SegmentedRaftLogWorker:Storage Directory /workdir/hadoop-ozone/ozonefs/target/test-dir/MiniOzoneClusterImpl-3d3a7b5e-b8a0-4c61-bcb4-dda3d52dd67e/datanode-2/data/ratis/d45cec34-016f-4e24-8328-8d63c2688a60: flushIndex: setUnconditionally 0 -> -1
2019-09-19 16:57:39,659 [pool-632-thread-1] INFO  server.RaftServerConfigKeys (ConfUtils.java:logGet(43)) - raft.server.snapshot.auto.trigger.enabled = true (custom)
2019-09-19 16:57:39,659 [pool-632-thread-1] INFO  server.RaftServerConfigKeys (ConfUtils.java:logGet(43)) - raft.server.snapshot.auto.trigger.threshold = 10000 (custom)
2019-09-19 16:57:39,659 [pool-632-thread-1] INFO  server.RaftServerConfigKeys (ConfUtils.java:logGet(43)) - raft.server.retrycache.expirytime = 600000ms (custom)
2019-09-19 16:57:39,659 [pool-632-thread-1] INFO  impl.RaftServerImpl (RaftServerImpl.java:start(180)) - 6272d7ea-0722-46cc-8a09-c153bdaa0261: start group-8D63C2688A60
2019-09-19 16:57:39,659 [pool-632-thread-1] INFO  impl.RaftServerImpl (RaftServerImpl.java:setRole(171)) - 6272d7ea-0722-46cc-8a09-c153bdaa0261:group-8D63C2688A60 changes role from null to FOLLOWER at term 0 for startAsFollower
2019-09-19 16:57:39,659 [pool-632-thread-1] INFO  impl.RoleInfo (RoleInfo.java:updateAndGet(143)) - 6272d7ea-0722-46cc-8a09-c153bdaa0261: start FollowerState
2019-09-19 16:57:39,660 [pool-632-thread-1] INFO  util.JmxRegister (JmxRegister.java:tryRegister(44)) - Successfully registered JMX Bean with object name Ratis:service=RaftServer,group=group-8D63C2688A60,id=6272d7ea-0722-46cc-8a09-c153bdaa0261
2019-09-19 16:57:39,662 [RatisPipelineUtilsThread] INFO  pipeline.PipelineStateManager (PipelineStateManager.java:addPipeline(56)) - Created pipeline Pipeline[ Id: d45cec34-016f-4e24-8328-8d63c2688a60, Nodes: 6272d7ea-0722-46cc-8a09-c153bdaa0261{ip: 192.168.157.226, host: pr-hdds-1569-swxfz-3172132826, networkLocation: /default-rack, certSerialId: null}, Type:RATIS, Factor:ONE, State:OPEN]
2019-09-19 16:57:39,662 [RatisPipelineUtilsThread] ERROR pipeline.PipelinePlacementPolicy (PipelinePlacementPolicy.java:meetCriteria(91)) - Pipeline Placement: Doesn't meet the criteria to be viable node. Heaviness: 6
2019-09-19 16:57:39,663 [RatisPipelineUtilsThread] ERROR pipeline.PipelinePlacementPolicy (PipelinePlacementPolicy.java:meetCriteria(91)) - Pipeline Placement: Doesn't meet the criteria to be viable node. Heaviness: 6
2019-09-19 16:57:39,670 [grpc-default-executor-0] INFO  impl.RaftServerProxy (RaftServerProxy.java:addNew(89)) - 6272d7ea-0722-46cc-8a09-c153bdaa0261: addNew group-1D4D8138684B:[6272d7ea-0722-46cc-8a09-c153bdaa0261:192.168.157.226:44160] returns group-1D4D8138684B:java.util.concurrent.CompletableFuture@411fb80c[Not completed]
2019-09-19 16:57:39,671 [pool-632-thread-1] INFO  impl.RaftServerImpl (RaftServerImpl.java:<init>(93)) - 6272d7ea-0722-46cc-8a09-c153bdaa0261: new RaftServerImpl for group-1D4D8138684B:[6272d7ea-0722-46cc-8a09-c153bdaa0261:192.168.157.226:44160] with ContainerStateMachine:uninitialized
2019-09-19 16:57:39,671 [pool-632-thread-1] INFO  server.RaftServerConfigKeys (ConfUtils.java:logGet(43)) - raft.server.rpc.timeout.min = 5s (custom)
2019-09-19 16:57:39,671 [pool-632-thread-1] INFO  server.RaftServerConfigKeys (ConfUtils.java:logGet(43)) - raft.server.rpc.timeout.max = 5200ms (custom)
2019-09-19 16:57:39,671 [pool-632-thread-1] INFO  server.RaftServerConfigKeys (ConfUtils.java:logGet(43)) - raft.server.rpcslowness.timeout = 120s (custom)
2019-09-19 16:57:39,671 [pool-632-thread-1] INFO  server.RaftServerConfigKeys (ConfUtils.java:logGet(43)) - raft.server.sleep.deviation.threshold = 300 (default)
2019-09-19 16:57:39,671 [pool-632-thread-1] INFO  server.RaftServerConfigKeys (ConfUtils.java:logGet(43)) - raft.server.log.appender.install.snapshot.enabled = false (custom)
2019-09-19 16:57:39,671 [pool-632-thread-1] INFO  impl.RaftServerImpl (ServerState.java:<init>(105)) - 6272d7ea-0722-46cc-8a09-c153bdaa0261:group-1D4D8138684B ConfigurationManager, init=-1: [6272d7ea-0722-46cc-8a09-c153bdaa0261:192.168.157.226:44160], old=null, confs=<EMPTY_MAP>
2019-09-19 16:57:39,672 [pool-632-thread-1] INFO  server.RaftServerConfigKeys (ConfUtils.java:logGet(43)) - raft.server.storage.dir = [/workdir/hadoop-ozone/ozonefs/target/test-dir/MiniOzoneClusterImpl-3d3a7b5e-b8a0-4c61-bcb4-dda3d52dd67e/datanode-2/data/ratis] (custom)
2019-09-19 16:57:39,672 [pool-632-thread-1] INFO  storage.RaftStorageDirectory (RaftStorageDirectory.java:analyzeStorage(246)) - The storage directory /workdir/hadoop-ozone/ozonefs/target/test-dir/MiniOzoneClusterImpl-3d3a7b5e-b8a0-4c61-bcb4-dda3d52dd67e/datanode-2/data/ratis/bbdbda98-de52-4835-a83f-1d4d8138684b does not exist. Creating ...
2019-09-19 16:57:39,685 [pool-632-thread-1] INFO  storage.RaftStorageDirectory (RaftStorageDirectory.java:tryLock(328)) - Lock on /workdir/hadoop-ozone/ozonefs/target/test-dir/MiniOzoneClusterImpl-3d3a7b5e-b8a0-4c61-bcb4-dda3d52dd67e/datanode-2/data/ratis/bbdbda98-de52-4835-a83f-1d4d8138684b/in_use.lock acquired by nodename 14771@pr-hdds-1569-swxfz-3172132826
2019-09-19 16:57:39,699 [pool-632-thread-1] INFO  storage.RaftStorage (RaftStorage.java:format(72)) - Storage directory /workdir/hadoop-ozone/ozonefs/target/test-dir/MiniOzoneClusterImpl-3d3a7b5e-b8a0-4c61-bcb4-dda3d52dd67e/datanode-2/data/ratis/bbdbda98-de52-4835-a83f-1d4d8138684b has been successfully formatted.
2019-09-19 16:57:39,699 [pool-632-thread-1] INFO  ratis.ContainerStateMachine (ContainerStateMachine.java:loadSnapshot(226)) - group-1D4D8138684B: The snapshot info is null. Setting the last applied indexto:(t:0, i:~)
2019-09-19 16:57:39,700 [pool-632-thread-1] INFO  server.RaftServerConfigKeys (ConfUtils.java:logGet(43)) - raft.server.leader.election.timeout = 120s (custom)
2019-09-19 16:57:39,700 [pool-632-thread-1] INFO  server.RaftServerConfigKeys (ConfUtils.java:logGet(43)) - raft.server.log.use.memory = false (default)
2019-09-19 16:57:39,700 [pool-632-thread-1] INFO  server.RaftServerConfigKeys (ConfUtils.java:logGet(43)) - raft.server.log.purge.gap = 1000000 (custom)
2019-09-19 16:57:39,700 [pool-632-thread-1] INFO  server.RaftServerConfigKeys (ConfUtils.java:logGet(43)) - raft.server.log.appender.buffer.byte-limit = 33554432 (custom)
2019-09-19 16:57:39,700 [pool-632-thread-1] INFO  server.RaftServerConfigKeys (ConfUtils.java:logGet(43)) - raft.server.log.segment.size.max = 1048576 (custom)
2019-09-19 16:57:39,701 [pool-632-thread-1] INFO  server.RaftServerConfigKeys (ConfUtils.java:logGet(43)) - raft.server.log.segment.cache.num.max = 2 (custom)
2019-09-19 16:57:39,701 [pool-632-thread-1] INFO  segmented.SegmentedRaftLogWorker (SegmentedRaftLogWorker.java:<init>(172)) - new 6272d7ea-0722-46cc-8a09-c153bdaa0261-SegmentedRaftLogWorker:Storage Directory /workdir/hadoop-ozone/ozonefs/target/test-dir/MiniOzoneClusterImpl-3d3a7b5e-b8a0-4c61-bcb4-dda3d52dd67e/datanode-2/data/ratis/bbdbda98-de52-4835-a83f-1d4d8138684b for RaftStorage:Storage Directory /workdir/hadoop-ozone/ozonefs/target/test-dir/MiniOzoneClusterImpl-3d3a7b5e-b8a0-4c61-bcb4-dda3d52dd67e/datanode-2/data/ratis/bbdbda98-de52-4835-a83f-1d4d8138684b
2019-09-19 16:57:39,701 [pool-632-thread-1] INFO  server.RaftServerConfigKeys (ConfUtils.java:logGet(43)) - raft.server.log.queue.byte-limit = 2147483647 (custom)
2019-09-19 16:57:39,701 [pool-632-thread-1] INFO  server.RaftServerConfigKeys (ConfUtils.java:logGet(43)) - raft.server.log.queue.element-limit = 1024 (custom)
2019-09-19 16:57:39,701 [pool-632-thread-1] INFO  server.RaftServerConfigKeys (ConfUtils.java:logGet(43)) - raft.server.log.segment.size.max = 1048576 (custom)
2019-09-19 16:57:39,702 [pool-632-thread-1] INFO  server.RaftServerConfigKeys (ConfUtils.java:logGet(43)) - raft.server.log.preallocated.size = 16384 (custom)
2019-09-19 16:57:39,702 [pool-632-thread-1] INFO  server.RaftServerConfigKeys (ConfUtils.java:logGet(43)) - raft.server.log.write.buffer.size = 33554432 (custom)
2019-09-19 16:57:39,702 [pool-632-thread-1] INFO  server.RaftServerConfigKeys (ConfUtils.java:logGet(43)) - raft.server.log.force.sync.num = 128 (default)
2019-09-19 16:57:39,702 [pool-632-thread-1] INFO  server.RaftServerConfigKeys (ConfUtils.java:logGet(43)) - raft.server.log.statemachine.data.sync = true (default)
2019-09-19 16:57:39,702 [pool-632-thread-1] INFO  server.RaftServerConfigKeys (ConfUtils.java:logGet(43)) - raft.server.log.statemachine.data.sync.timeout = 10s (default)
2019-09-19 16:57:39,702 [pool-632-thread-1] INFO  server.RaftServerConfigKeys (ConfUtils.java:logGet(43)) - raft.server.log.statemachine.data.sync.timeout.retry = -1 (default)
2019-09-19 16:57:39,702 [pool-632-thread-1] INFO  server.RaftServerConfigKeys (ConfUtils.java:logGet(43)) - raft.server.log.statemachine.data.caching.enabled = true (custom)
2019-09-19 16:57:39,703 [pool-632-thread-1] INFO  segmented.SegmentedRaftLogWorker (SegmentedRaftLogWorker.java:lambda$new$0(132)) - 6272d7ea-0722-46cc-8a09-c153bdaa0261-SegmentedRaftLogWorker:Storage Directory /workdir/hadoop-ozone/ozonefs/target/test-dir/MiniOzoneClusterImpl-3d3a7b5e-b8a0-4c61-bcb4-dda3d52dd67e/datanode-2/data/ratis/bbdbda98-de52-4835-a83f-1d4d8138684b: flushIndex: setUnconditionally 0 -> -1
2019-09-19 16:57:39,703 [pool-632-thread-1] INFO  server.RaftServerConfigKeys (ConfUtils.java:logGet(43)) - raft.server.snapshot.auto.trigger.enabled = true (custom)
2019-09-19 16:57:39,703 [pool-632-thread-1] INFO  server.RaftServerConfigKeys (ConfUtils.java:logGet(43)) - raft.server.snapshot.auto.trigger.threshold = 10000 (custom)
2019-09-19 16:57:39,703 [pool-632-thread-1] INFO  server.RaftServerConfigKeys (ConfUtils.java:logGet(43)) - raft.server.retrycache.expirytime = 600000ms (custom)
2019-09-19 16:57:39,704 [pool-632-thread-1] INFO  impl.RaftServerImpl (RaftServerImpl.java:start(180)) - 6272d7ea-0722-46cc-8a09-c153bdaa0261: start group-1D4D8138684B
2019-09-19 16:57:39,704 [pool-632-thread-1] INFO  impl.RaftServerImpl (RaftServerImpl.java:setRole(171)) - 6272d7ea-0722-46cc-8a09-c153bdaa0261:group-1D4D8138684B changes role from null to FOLLOWER at term 0 for startAsFollower
2019-09-19 16:57:39,704 [pool-632-thread-1] INFO  impl.RoleInfo (RoleInfo.java:updateAndGet(143)) - 6272d7ea-0722-46cc-8a09-c153bdaa0261: start FollowerState
2019-09-19 16:57:39,704 [pool-632-thread-1] INFO  util.JmxRegister (JmxRegister.java:tryRegister(44)) - Successfully registered JMX Bean with object name Ratis:service=RaftServer,group=group-1D4D8138684B,id=6272d7ea-0722-46cc-8a09-c153bdaa0261
2019-09-19 16:57:39,707 [RatisPipelineUtilsThread] INFO  pipeline.PipelineStateManager (PipelineStateManager.java:addPipeline(56)) - Created pipeline Pipeline[ Id: bbdbda98-de52-4835-a83f-1d4d8138684b, Nodes: 6272d7ea-0722-46cc-8a09-c153bdaa0261{ip: 192.168.157.226, host: pr-hdds-1569-swxfz-3172132826, networkLocation: /default-rack, certSerialId: null}, Type:RATIS, Factor:ONE, State:OPEN]
2019-09-19 16:57:39,708 [RatisPipelineUtilsThread] ERROR pipeline.PipelinePlacementPolicy (PipelinePlacementPolicy.java:meetCriteria(91)) - Pipeline Placement: Doesn't meet the criteria to be viable node. Heaviness: 6
2019-09-19 16:57:39,708 [RatisPipelineUtilsThread] ERROR pipeline.PipelinePlacementPolicy (PipelinePlacementPolicy.java:meetCriteria(91)) - Pipeline Placement: Doesn't meet the criteria to be viable node. Heaviness: 6
2019-09-19 16:57:39,713 [grpc-default-executor-0] INFO  impl.RaftServerProxy (RaftServerProxy.java:addNew(89)) - 6272d7ea-0722-46cc-8a09-c153bdaa0261: addNew group-E512B349D6CF:[6272d7ea-0722-46cc-8a09-c153bdaa0261:192.168.157.226:44160] returns group-E512B349D6CF:java.util.concurrent.CompletableFuture@50d9a63a[Not completed]
2019-09-19 16:57:39,713 [pool-632-thread-1] INFO  impl.RaftServerImpl (RaftServerImpl.java:<init>(93)) - 6272d7ea-0722-46cc-8a09-c153bdaa0261: new RaftServerImpl for group-E512B349D6CF:[6272d7ea-0722-46cc-8a09-c153bdaa0261:192.168.157.226:44160] with ContainerStateMachine:uninitialized
2019-09-19 16:57:39,713 [pool-632-thread-1] INFO  server.RaftServerConfigKeys (ConfUtils.java:logGet(43)) - raft.server.rpc.timeout.min = 5s (custom)
2019-09-19 16:57:39,713 [pool-632-thread-1] INFO  server.RaftServerConfigKeys (ConfUtils.java:logGet(43)) - raft.server.rpc.timeout.max = 5200ms (custom)
2019-09-19 16:57:39,714 [pool-632-thread-1] INFO  server.RaftServerConfigKeys (ConfUtils.java:logGet(43)) - raft.server.rpcslowness.timeout = 120s (custom)
2019-09-19 16:57:39,714 [pool-632-thread-1] INFO  server.RaftServerConfigKeys (ConfUtils.java:logGet(43)) - raft.server.sleep.deviation.threshold = 300 (default)
2019-09-19 16:57:39,714 [pool-632-thread-1] INFO  server.RaftServerConfigKeys (ConfUtils.java:logGet(43)) - raft.server.log.appender.install.snapshot.enabled = false (custom)
2019-09-19 16:57:39,714 [pool-632-thread-1] INFO  impl.RaftServerImpl (ServerState.java:<init>(105)) - 6272d7ea-0722-46cc-8a09-c153bdaa0261:group-E512B349D6CF ConfigurationManager, init=-1: [6272d7ea-0722-46cc-8a09-c153bdaa0261:192.168.157.226:44160], old=null, confs=<EMPTY_MAP>
2019-09-19 16:57:39,714 [pool-632-thread-1] INFO  server.RaftServerConfigKeys (ConfUtils.java:logGet(43)) - raft.server.storage.dir = [/workdir/hadoop-ozone/ozonefs/target/test-dir/MiniOzoneClusterImpl-3d3a7b5e-b8a0-4c61-bcb4-dda3d52dd67e/datanode-2/data/ratis] (custom)
2019-09-19 16:57:39,714 [pool-632-thread-1] INFO  storage.RaftStorageDirectory (RaftStorageDirectory.java:analyzeStorage(246)) - The storage directory /workdir/hadoop-ozone/ozonefs/target/test-dir/MiniOzoneClusterImpl-3d3a7b5e-b8a0-4c61-bcb4-dda3d52dd67e/datanode-2/data/ratis/449abf4f-36cc-42e5-b8a8-e512b349d6cf does not exist. Creating ...
2019-09-19 16:57:39,727 [pool-632-thread-1] INFO  storage.RaftStorageDirectory (RaftStorageDirectory.java:tryLock(328)) - Lock on /workdir/hadoop-ozone/ozonefs/target/test-dir/MiniOzoneClusterImpl-3d3a7b5e-b8a0-4c61-bcb4-dda3d52dd67e/datanode-2/data/ratis/449abf4f-36cc-42e5-b8a8-e512b349d6cf/in_use.lock acquired by nodename 14771@pr-hdds-1569-swxfz-3172132826
2019-09-19 16:57:39,740 [pool-632-thread-1] INFO  storage.RaftStorage (RaftStorage.java:format(72)) - Storage directory /workdir/hadoop-ozone/ozonefs/target/test-dir/MiniOzoneClusterImpl-3d3a7b5e-b8a0-4c61-bcb4-dda3d52dd67e/datanode-2/data/ratis/449abf4f-36cc-42e5-b8a8-e512b349d6cf has been successfully formatted.
2019-09-19 16:57:39,740 [pool-632-thread-1] INFO  ratis.ContainerStateMachine (ContainerStateMachine.java:loadSnapshot(226)) - group-E512B349D6CF: The snapshot info is null. Setting the last applied indexto:(t:0, i:~)
2019-09-19 16:57:39,740 [pool-632-thread-1] INFO  server.RaftServerConfigKeys (ConfUtils.java:logGet(43)) - raft.server.leader.election.timeout = 120s (custom)
2019-09-19 16:57:39,740 [pool-632-thread-1] INFO  server.RaftServerConfigKeys (ConfUtils.java:logGet(43)) - raft.server.log.use.memory = false (default)
2019-09-19 16:57:39,741 [pool-632-thread-1] INFO  server.RaftServerConfigKeys (ConfUtils.java:logGet(43)) - raft.server.log.purge.gap = 1000000 (custom)
2019-09-19 16:57:39,741 [pool-632-thread-1] INFO  server.RaftServerConfigKeys (ConfUtils.java:logGet(43)) - raft.server.log.appender.buffer.byte-limit = 33554432 (custom)
2019-09-19 16:57:39,741 [pool-632-thread-1] INFO  server.RaftServerConfigKeys (ConfUtils.java:logGet(43)) - raft.server.log.segment.size.max = 1048576 (custom)
2019-09-19 16:57:39,741 [pool-632-thread-1] INFO  server.RaftServerConfigKeys (ConfUtils.java:logGet(43)) - raft.server.log.segment.cache.num.max = 2 (custom)
2019-09-19 16:57:39,741 [pool-632-thread-1] INFO  segmented.SegmentedRaftLogWorker (SegmentedRaftLogWorker.java:<init>(172)) - new 6272d7ea-0722-46cc-8a09-c153bdaa0261-SegmentedRaftLogWorker:Storage Directory /workdir/hadoop-ozone/ozonefs/target/test-dir/MiniOzoneClusterImpl-3d3a7b5e-b8a0-4c61-bcb4-dda3d52dd67e/datanode-2/data/ratis/449abf4f-36cc-42e5-b8a8-e512b349d6cf for RaftStorage:Storage Directory /workdir/hadoop-ozone/ozonefs/target/test-dir/MiniOzoneClusterImpl-3d3a7b5e-b8a0-4c61-bcb4-dda3d52dd67e/datanode-2/data/ratis/449abf4f-36cc-42e5-b8a8-e512b349d6cf
2019-09-19 16:57:39,741 [pool-632-thread-1] INFO  server.RaftServerConfigKeys (ConfUtils.java:logGet(43)) - raft.server.log.queue.byte-limit = 2147483647 (custom)
2019-09-19 16:57:39,741 [pool-632-thread-1] INFO  server.RaftServerConfigKeys (ConfUtils.java:logGet(43)) - raft.server.log.queue.element-limit = 1024 (custom)
2019-09-19 16:57:39,742 [pool-632-thread-1] INFO  server.RaftServerConfigKeys (ConfUtils.java:logGet(43)) - raft.server.log.segment.size.max = 1048576 (custom)
2019-09-19 16:57:39,742 [pool-632-thread-1] INFO  server.RaftServerConfigKeys (ConfUtils.java:logGet(43)) - raft.server.log.preallocated.size = 16384 (custom)
2019-09-19 16:57:39,742 [pool-632-thread-1] INFO  server.RaftServerConfigKeys (ConfUtils.java:logGet(43)) - raft.server.log.write.buffer.size = 33554432 (custom)
2019-09-19 16:57:39,742 [pool-632-thread-1] INFO  server.RaftServerConfigKeys (ConfUtils.java:logGet(43)) - raft.server.log.force.sync.num = 128 (default)
2019-09-19 16:57:39,742 [pool-632-thread-1] INFO  server.RaftServerConfigKeys (ConfUtils.java:logGet(43)) - raft.server.log.statemachine.data.sync = true (default)
2019-09-19 16:57:39,742 [pool-632-thread-1] INFO  server.RaftServerConfigKeys (ConfUtils.java:logGet(43)) - raft.server.log.statemachine.data.sync.timeout = 10s (default)
2019-09-19 16:57:39,742 [pool-632-thread-1] INFO  server.RaftServerConfigKeys (ConfUtils.java:logGet(43)) - raft.server.log.statemachine.data.sync.timeout.retry = -1 (default)
2019-09-19 16:57:39,742 [pool-632-thread-1] INFO  server.RaftServerConfigKeys (ConfUtils.java:logGet(43)) - raft.server.log.statemachine.data.caching.enabled = true (custom)
2019-09-19 16:57:39,743 [pool-632-thread-1] INFO  segmented.SegmentedRaftLogWorker (SegmentedRaftLogWorker.java:lambda$new$0(132)) - 6272d7ea-0722-46cc-8a09-c153bdaa0261-SegmentedRaftLogWorker:Storage Directory /workdir/hadoop-ozone/ozonefs/target/test-dir/MiniOzoneClusterImpl-3d3a7b5e-b8a0-4c61-bcb4-dda3d52dd67e/datanode-2/data/ratis/449abf4f-36cc-42e5-b8a8-e512b349d6cf: flushIndex: setUnconditionally 0 -> -1
2019-09-19 16:57:39,743 [pool-632-thread-1] INFO  server.RaftServerConfigKeys (ConfUtils.java:logGet(43)) - raft.server.snapshot.auto.trigger.enabled = true (custom)
2019-09-19 16:57:39,743 [pool-632-thread-1] INFO  server.RaftServerConfigKeys (ConfUtils.java:logGet(43)) - raft.server.snapshot.auto.trigger.threshold = 10000 (custom)
2019-09-19 16:57:39,743 [pool-632-thread-1] INFO  server.RaftServerConfigKeys (ConfUtils.java:logGet(43)) - raft.server.retrycache.expirytime = 600000ms (custom)
2019-09-19 16:57:39,743 [pool-632-thread-1] INFO  impl.RaftServerImpl (RaftServerImpl.java:start(180)) - 6272d7ea-0722-46cc-8a09-c153bdaa0261: start group-E512B349D6CF
2019-09-19 16:57:39,744 [pool-632-thread-1] INFO  impl.RaftServerImpl (RaftServerImpl.java:setRole(171)) - 6272d7ea-0722-46cc-8a09-c153bdaa0261:group-E512B349D6CF changes role from null to FOLLOWER at term 0 for startAsFollower
2019-09-19 16:57:39,744 [pool-632-thread-1] INFO  impl.RoleInfo (RoleInfo.java:updateAndGet(143)) - 6272d7ea-0722-46cc-8a09-c153bdaa0261: start FollowerState
2019-09-19 16:57:39,744 [pool-632-thread-1] INFO  util.JmxRegister (JmxRegister.java:tryRegister(44)) - Successfully registered JMX Bean with object name Ratis:service=RaftServer,group=group-E512B349D6CF,id=6272d7ea-0722-46cc-8a09-c153bdaa0261
2019-09-19 16:57:39,747 [RatisPipelineUtilsThread] INFO  pipeline.PipelineStateManager (PipelineStateManager.java:addPipeline(56)) - Created pipeline Pipeline[ Id: 449abf4f-36cc-42e5-b8a8-e512b349d6cf, Nodes: 6272d7ea-0722-46cc-8a09-c153bdaa0261{ip: 192.168.157.226, host: pr-hdds-1569-swxfz-3172132826, networkLocation: /default-rack, certSerialId: null}, Type:RATIS, Factor:ONE, State:OPEN]
2019-09-19 16:57:39,747 [RatisPipelineUtilsThread] ERROR pipeline.PipelinePlacementPolicy (PipelinePlacementPolicy.java:meetCriteria(91)) - Pipeline Placement: Doesn't meet the criteria to be viable node. Heaviness: 6
2019-09-19 16:57:39,747 [RatisPipelineUtilsThread] ERROR pipeline.PipelinePlacementPolicy (PipelinePlacementPolicy.java:meetCriteria(91)) - Pipeline Placement: Doesn't meet the criteria to be viable node. Heaviness: 6
2019-09-19 16:57:39,751 [grpc-default-executor-0] INFO  impl.RaftServerProxy (RaftServerProxy.java:addNew(89)) - 6272d7ea-0722-46cc-8a09-c153bdaa0261: addNew group-D3F0F4AB903D:[6272d7ea-0722-46cc-8a09-c153bdaa0261:192.168.157.226:44160] returns group-D3F0F4AB903D:java.util.concurrent.CompletableFuture@140c21af[Not completed]
2019-09-19 16:57:39,752 [pool-632-thread-1] INFO  impl.RaftServerImpl (RaftServerImpl.java:<init>(93)) - 6272d7ea-0722-46cc-8a09-c153bdaa0261: new RaftServerImpl for group-D3F0F4AB903D:[6272d7ea-0722-46cc-8a09-c153bdaa0261:192.168.157.226:44160] with ContainerStateMachine:uninitialized
2019-09-19 16:57:39,752 [pool-632-thread-1] INFO  server.RaftServerConfigKeys (ConfUtils.java:logGet(43)) - raft.server.rpc.timeout.min = 5s (custom)
2019-09-19 16:57:39,752 [pool-632-thread-1] INFO  server.RaftServerConfigKeys (ConfUtils.java:logGet(43)) - raft.server.rpc.timeout.max = 5200ms (custom)
2019-09-19 16:57:39,752 [pool-632-thread-1] INFO  server.RaftServerConfigKeys (ConfUtils.java:logGet(43)) - raft.server.rpcslowness.timeout = 120s (custom)
2019-09-19 16:57:39,752 [pool-632-thread-1] INFO  server.RaftServerConfigKeys (ConfUtils.java:logGet(43)) - raft.server.sleep.deviation.threshold = 300 (default)
2019-09-19 16:57:39,752 [pool-632-thread-1] INFO  server.RaftServerConfigKeys (ConfUtils.java:logGet(43)) - raft.server.log.appender.install.snapshot.enabled = false (custom)
2019-09-19 16:57:39,753 [pool-632-thread-1] INFO  impl.RaftServerImpl (ServerState.java:<init>(105)) - 6272d7ea-0722-46cc-8a09-c153bdaa0261:group-D3F0F4AB903D ConfigurationManager, init=-1: [6272d7ea-0722-46cc-8a09-c153bdaa0261:192.168.157.226:44160], old=null, confs=<EMPTY_MAP>
2019-09-19 16:57:39,753 [pool-632-thread-1] INFO  server.RaftServerConfigKeys (ConfUtils.java:logGet(43)) - raft.server.storage.dir = [/workdir/hadoop-ozone/ozonefs/target/test-dir/MiniOzoneClusterImpl-3d3a7b5e-b8a0-4c61-bcb4-dda3d52dd67e/datanode-2/data/ratis] (custom)
2019-09-19 16:57:39,753 [pool-632-thread-1] INFO  storage.RaftStorageDirectory (RaftStorageDirectory.java:analyzeStorage(246)) - The storage directory /workdir/hadoop-ozone/ozonefs/target/test-dir/MiniOzoneClusterImpl-3d3a7b5e-b8a0-4c61-bcb4-dda3d52dd67e/datanode-2/data/ratis/7e2aa038-d51f-4ac7-ab38-d3f0f4ab903d does not exist. Creating ...
2019-09-19 16:57:39,765 [pool-632-thread-1] INFO  storage.RaftStorageDirectory (RaftStorageDirectory.java:tryLock(328)) - Lock on /workdir/hadoop-ozone/ozonefs/target/test-dir/MiniOzoneClusterImpl-3d3a7b5e-b8a0-4c61-bcb4-dda3d52dd67e/datanode-2/data/ratis/7e2aa038-d51f-4ac7-ab38-d3f0f4ab903d/in_use.lock acquired by nodename 14771@pr-hdds-1569-swxfz-3172132826
2019-09-19 16:57:39,778 [pool-632-thread-1] INFO  storage.RaftStorage (RaftStorage.java:format(72)) - Storage directory /workdir/hadoop-ozone/ozonefs/target/test-dir/MiniOzoneClusterImpl-3d3a7b5e-b8a0-4c61-bcb4-dda3d52dd67e/datanode-2/data/ratis/7e2aa038-d51f-4ac7-ab38-d3f0f4ab903d has been successfully formatted.
2019-09-19 16:57:39,779 [pool-632-thread-1] INFO  ratis.ContainerStateMachine (ContainerStateMachine.java:loadSnapshot(226)) - group-D3F0F4AB903D: The snapshot info is null. Setting the last applied indexto:(t:0, i:~)
2019-09-19 16:57:39,779 [pool-632-thread-1] INFO  server.RaftServerConfigKeys (ConfUtils.java:logGet(43)) - raft.server.leader.election.timeout = 120s (custom)
2019-09-19 16:57:39,779 [pool-632-thread-1] INFO  server.RaftServerConfigKeys (ConfUtils.java:logGet(43)) - raft.server.log.use.memory = false (default)
2019-09-19 16:57:39,779 [pool-632-thread-1] INFO  server.RaftServerConfigKeys (ConfUtils.java:logGet(43)) - raft.server.log.purge.gap = 1000000 (custom)
2019-09-19 16:57:39,779 [pool-632-thread-1] INFO  server.RaftServerConfigKeys (ConfUtils.java:logGet(43)) - raft.server.log.appender.buffer.byte-limit = 33554432 (custom)
2019-09-19 16:57:39,779 [pool-632-thread-1] INFO  server.RaftServerConfigKeys (ConfUtils.java:logGet(43)) - raft.server.log.segment.size.max = 1048576 (custom)
2019-09-19 16:57:39,779 [pool-632-thread-1] INFO  server.RaftServerConfigKeys (ConfUtils.java:logGet(43)) - raft.server.log.segment.cache.num.max = 2 (custom)
2019-09-19 16:57:39,779 [pool-632-thread-1] INFO  segmented.SegmentedRaftLogWorker (SegmentedRaftLogWorker.java:<init>(172)) - new 6272d7ea-0722-46cc-8a09-c153bdaa0261-SegmentedRaftLogWorker:Storage Directory /workdir/hadoop-ozone/ozonefs/target/test-dir/MiniOzoneClusterImpl-3d3a7b5e-b8a0-4c61-bcb4-dda3d52dd67e/datanode-2/data/ratis/7e2aa038-d51f-4ac7-ab38-d3f0f4ab903d for RaftStorage:Storage Directory /workdir/hadoop-ozone/ozonefs/target/test-dir/MiniOzoneClusterImpl-3d3a7b5e-b8a0-4c61-bcb4-dda3d52dd67e/datanode-2/data/ratis/7e2aa038-d51f-4ac7-ab38-d3f0f4ab903d
2019-09-19 16:57:39,780 [pool-632-thread-1] INFO  server.RaftServerConfigKeys (ConfUtils.java:logGet(43)) - raft.server.log.queue.byte-limit = 2147483647 (custom)
2019-09-19 16:57:39,780 [pool-632-thread-1] INFO  server.RaftServerConfigKeys (ConfUtils.java:logGet(43)) - raft.server.log.queue.element-limit = 1024 (custom)
2019-09-19 16:57:39,780 [pool-632-thread-1] INFO  server.RaftServerConfigKeys (ConfUtils.java:logGet(43)) - raft.server.log.segment.size.max = 1048576 (custom)
2019-09-19 16:57:39,780 [pool-632-thread-1] INFO  server.RaftServerConfigKeys (ConfUtils.java:logGet(43)) - raft.server.log.preallocated.size = 16384 (custom)
2019-09-19 16:57:39,780 [pool-632-thread-1] INFO  server.RaftServerConfigKeys (ConfUtils.java:logGet(43)) - raft.server.log.write.buffer.size = 33554432 (custom)
2019-09-19 16:57:39,780 [pool-632-thread-1] INFO  server.RaftServerConfigKeys (ConfUtils.java:logGet(43)) - raft.server.log.force.sync.num = 128 (default)
2019-09-19 16:57:39,780 [pool-632-thread-1] INFO  server.RaftServerConfigKeys (ConfUtils.java:logGet(43)) - raft.server.log.statemachine.data.sync = true (default)
2019-09-19 16:57:39,780 [pool-632-thread-1] INFO  server.RaftServerConfigKeys (ConfUtils.java:logGet(43)) - raft.server.log.statemachine.data.sync.timeout = 10s (default)
2019-09-19 16:57:39,780 [pool-632-thread-1] INFO  server.RaftServerConfigKeys (ConfUtils.java:logGet(43)) - raft.server.log.statemachine.data.sync.timeout.retry = -1 (default)
2019-09-19 16:57:39,780 [pool-632-thread-1] INFO  server.RaftServerConfigKeys (ConfUtils.java:logGet(43)) - raft.server.log.statemachine.data.caching.enabled = true (custom)
2019-09-19 16:57:39,781 [pool-632-thread-1] INFO  segmented.SegmentedRaftLogWorker (SegmentedRaftLogWorker.java:lambda$new$0(132)) - 6272d7ea-0722-46cc-8a09-c153bdaa0261-SegmentedRaftLogWorker:Storage Directory /workdir/hadoop-ozone/ozonefs/target/test-dir/MiniOzoneClusterImpl-3d3a7b5e-b8a0-4c61-bcb4-dda3d52dd67e/datanode-2/data/ratis/7e2aa038-d51f-4ac7-ab38-d3f0f4ab903d: flushIndex: setUnconditionally 0 -> -1
2019-09-19 16:57:39,781 [pool-632-thread-1] INFO  server.RaftServerConfigKeys (ConfUtils.java:logGet(43)) - raft.server.snapshot.auto.trigger.enabled = true (custom)
2019-09-19 16:57:39,781 [pool-632-thread-1] INFO  server.RaftServerConfigKeys (ConfUtils.java:logGet(43)) - raft.server.snapshot.auto.trigger.threshold = 10000 (custom)
2019-09-19 16:57:39,781 [pool-632-thread-1] INFO  server.RaftServerConfigKeys (ConfUtils.java:logGet(43)) - raft.server.retrycache.expirytime = 600000ms (custom)
2019-09-19 16:57:39,781 [pool-632-thread-1] INFO  impl.RaftServerImpl (RaftServerImpl.java:start(180)) - 6272d7ea-0722-46cc-8a09-c153bdaa0261: start group-D3F0F4AB903D
2019-09-19 16:57:39,781 [pool-632-thread-1] INFO  impl.RaftServerImpl (RaftServerImpl.java:setRole(171)) - 6272d7ea-0722-46cc-8a09-c153bdaa0261:group-D3F0F4AB903D changes role from null to FOLLOWER at term 0 for startAsFollower
2019-09-19 16:57:39,782 [pool-632-thread-1] INFO  impl.RoleInfo (RoleInfo.java:updateAndGet(143)) - 6272d7ea-0722-46cc-8a09-c153bdaa0261: start FollowerState
2019-09-19 16:57:39,782 [pool-632-thread-1] INFO  util.JmxRegister (JmxRegister.java:tryRegister(44)) - Successfully registered JMX Bean with object name Ratis:service=RaftServer,group=group-D3F0F4AB903D,id=6272d7ea-0722-46cc-8a09-c153bdaa0261
2019-09-19 16:57:39,785 [RatisPipelineUtilsThread] INFO  pipeline.PipelineStateManager (PipelineStateManager.java:addPipeline(56)) - Created pipeline Pipeline[ Id: 7e2aa038-d51f-4ac7-ab38-d3f0f4ab903d, Nodes: 6272d7ea-0722-46cc-8a09-c153bdaa0261{ip: 192.168.157.226, host: pr-hdds-1569-swxfz-3172132826, networkLocation: /default-rack, certSerialId: null}, Type:RATIS, Factor:ONE, State:OPEN]
2019-09-19 16:57:39,785 [RatisPipelineUtilsThread] ERROR pipeline.PipelinePlacementPolicy (PipelinePlacementPolicy.java:meetCriteria(91)) - Pipeline Placement: Doesn't meet the criteria to be viable node. Heaviness: 6
2019-09-19 16:57:39,785 [RatisPipelineUtilsThread] ERROR pipeline.PipelinePlacementPolicy (PipelinePlacementPolicy.java:meetCriteria(91)) - Pipeline Placement: Doesn't meet the criteria to be viable node. Heaviness: 6
2019-09-19 16:57:39,785 [RatisPipelineUtilsThread] ERROR pipeline.PipelinePlacementPolicy (PipelinePlacementPolicy.java:meetCriteria(91)) - Pipeline Placement: Doesn't meet the criteria to be viable node. Heaviness: 6
2019-09-19 16:57:39,785 [RatisPipelineUtilsThread] ERROR pipeline.PipelinePlacementPolicy (PipelinePlacementPolicy.java:filterViableNodes(146)) - Unable to find enough nodes that meet the criteria that cannot engage in more than 5 pipelines. Nodes required: 1 Found: 0, healthy nodes count inNodeManager: 3.
2019-09-19 16:57:39,785 [RatisPipelineUtilsThread] ERROR pipeline.SCMPipelineManager (SCMPipelineManager.java:createPipeline(161)) - Pipeline creation failed due to exception: Unable to find enough nodes that meet the criteria that cannot engage in more than 5 pipelines. Nodes required: 1 Found: 0, healthy nodes count inNodeManager: 3.
2019-09-19 16:57:39,785 [RatisPipelineUtilsThread] ERROR pipeline.PipelinePlacementPolicy (PipelinePlacementPolicy.java:meetCriteria(91)) - Pipeline Placement: Doesn't meet the criteria to be viable node. Heaviness: 6
2019-09-19 16:57:39,786 [RatisPipelineUtilsThread] ERROR pipeline.PipelinePlacementPolicy (PipelinePlacementPolicy.java:meetCriteria(91)) - Pipeline Placement: Doesn't meet the criteria to be viable node. Heaviness: 6
2019-09-19 16:57:39,786 [RatisPipelineUtilsThread] ERROR pipeline.PipelinePlacementPolicy (PipelinePlacementPolicy.java:meetCriteria(91)) - Pipeline Placement: Doesn't meet the criteria to be viable node. Heaviness: 6
2019-09-19 16:57:39,786 [RatisPipelineUtilsThread] ERROR pipeline.PipelinePlacementPolicy (PipelinePlacementPolicy.java:filterViableNodes(146)) - Unable to find enough nodes that meet the criteria that cannot engage in more than 5 pipelines. Nodes required: 3 Found: 0, healthy nodes count inNodeManager: 3.
2019-09-19 16:57:39,786 [RatisPipelineUtilsThread] ERROR pipeline.SCMPipelineManager (SCMPipelineManager.java:createPipeline(161)) - Pipeline creation failed due to exception: Unable to find enough nodes that meet the criteria that cannot engage in more than 5 pipelines. Nodes required: 3 Found: 0, healthy nodes count inNodeManager: 3.
2019-09-19 16:57:39,786 [RatisPipelineUtilsThread] ERROR pipeline.PipelinePlacementPolicy (PipelinePlacementPolicy.java:meetCriteria(91)) - Pipeline Placement: Doesn't meet the criteria to be viable node. Heaviness: 6
2019-09-19 16:57:39,786 [RatisPipelineUtilsThread] ERROR pipeline.PipelinePlacementPolicy (PipelinePlacementPolicy.java:meetCriteria(91)) - Pipeline Placement: Doesn't meet the criteria to be viable node. Heaviness: 6
2019-09-19 16:57:39,786 [RatisPipelineUtilsThread] ERROR pipeline.PipelinePlacementPolicy (PipelinePlacementPolicy.java:meetCriteria(91)) - Pipeline Placement: Doesn't meet the criteria to be viable node. Heaviness: 6
2019-09-19 16:57:39,786 [RatisPipelineUtilsThread] ERROR pipeline.PipelinePlacementPolicy (PipelinePlacementPolicy.java:filterViableNodes(146)) - Unable to find enough nodes that meet the criteria that cannot engage in more than 5 pipelines. Nodes required: 1 Found: 0, healthy nodes count inNodeManager: 3.
2019-09-19 16:57:39,786 [RatisPipelineUtilsThread] ERROR pipeline.SCMPipelineManager (SCMPipelineManager.java:createPipeline(161)) - Pipeline creation failed due to exception: Unable to find enough nodes that meet the criteria that cannot engage in more than 5 pipelines. Nodes required: 1 Found: 0, healthy nodes count inNodeManager: 3.
2019-09-19 16:57:39,787 [RatisPipelineUtilsThread] ERROR pipeline.PipelinePlacementPolicy (PipelinePlacementPolicy.java:meetCriteria(91)) - Pipeline Placement: Doesn't meet the criteria to be viable node. Heaviness: 6
2019-09-19 16:57:39,787 [RatisPipelineUtilsThread] ERROR pipeline.PipelinePlacementPolicy (PipelinePlacementPolicy.java:meetCriteria(91)) - Pipeline Placement: Doesn't meet the criteria to be viable node. Heaviness: 6
2019-09-19 16:57:39,787 [RatisPipelineUtilsThread] ERROR pipeline.PipelinePlacementPolicy (PipelinePlacementPolicy.java:meetCriteria(91)) - Pipeline Placement: Doesn't meet the criteria to be viable node. Heaviness: 6
2019-09-19 16:57:39,787 [RatisPipelineUtilsThread] ERROR pipeline.PipelinePlacementPolicy (PipelinePlacementPolicy.java:filterViableNodes(146)) - Unable to find enough nodes that meet the criteria that cannot engage in more than 5 pipelines. Nodes required: 3 Found: 0, healthy nodes count inNodeManager: 3.
2019-09-19 16:57:39,787 [RatisPipelineUtilsThread] ERROR pipeline.SCMPipelineManager (SCMPipelineManager.java:createPipeline(161)) - Pipeline creation failed due to exception: Unable to find enough nodes that meet the criteria that cannot engage in more than 5 pipelines. Nodes required: 3 Found: 0, healthy nodes count inNodeManager: 3.
2019-09-19 16:57:40,487 [main] INFO  ozone.MiniOzoneClusterImpl (MiniOzoneClusterImpl.java:lambda$waitForClusterToBeReady$0(142)) - Cluster is ready. Got 3 of 3 DN Heartbeats.
2019-09-19 16:57:40,646 | INFO  | OMAudit | user=jenkins1000 | ip=127.0.0.1 | op=CREATE_VOLUME {admin=admin69698, owner=user00956, volume=volume51822, creationTime=1568912260645, quotaInBytes=1152921504606846976} | ret=SUCCESS |  
2019-09-19 16:57:40,656 | INFO  | OMAudit | user=jenkins1000 | ip=127.0.0.1 | op=CREATE_BUCKET {volume=volume51822, bucket=bucket60037, acls=[], isVersionEnabled=false, storageType=DISK, creationTime=0} | ret=SUCCESS |  
2019-09-19 16:57:40,693 | INFO  | OMAudit | user=jenkins1000 | ip=127.0.0.1 | op=READ_VOLUME {volume=volume51822} | ret=SUCCESS |  
2019-09-19 16:57:40,695 | INFO  | OMAudit | user=jenkins1000 | ip=127.0.0.1 | op=READ_BUCKET {volume=volume51822, bucket=bucket60037} | ret=SUCCESS |  
2019-09-19 16:57:40,729 [IPC Server handler 1 on 33967] ERROR pipeline.PipelinePlacementPolicy (PipelinePlacementPolicy.java:meetCriteria(91)) - Pipeline Placement: Doesn't meet the criteria to be viable node. Heaviness: 6
2019-09-19 16:57:40,729 [IPC Server handler 1 on 33967] ERROR pipeline.PipelinePlacementPolicy (PipelinePlacementPolicy.java:meetCriteria(91)) - Pipeline Placement: Doesn't meet the criteria to be viable node. Heaviness: 6
2019-09-19 16:57:40,729 [IPC Server handler 1 on 33967] ERROR pipeline.PipelinePlacementPolicy (PipelinePlacementPolicy.java:meetCriteria(91)) - Pipeline Placement: Doesn't meet the criteria to be viable node. Heaviness: 6
2019-09-19 16:57:40,730 [IPC Server handler 1 on 33967] ERROR pipeline.PipelinePlacementPolicy (PipelinePlacementPolicy.java:filterViableNodes(146)) - Unable to find enough nodes that meet the criteria that cannot engage in more than 5 pipelines. Nodes required: 3 Found: 0, healthy nodes count inNodeManager: 3.
2019-09-19 16:57:40,730 [IPC Server handler 1 on 33967] ERROR pipeline.SCMPipelineManager (SCMPipelineManager.java:createPipeline(161)) - Pipeline creation failed due to exception: Unable to find enough nodes that meet the criteria that cannot engage in more than 5 pipelines. Nodes required: 3 Found: 0, healthy nodes count inNodeManager: 3.
2019-09-19 16:57:40,730 [IPC Server handler 1 on 33967] WARN  block.BlockManagerImpl (BlockManagerImpl.java:allocateBlock(192)) - Pipeline creation failed for type:RATIS factor:THREE. Retrying get pipelines call once.
org.apache.hadoop.hdds.scm.exceptions.SCMException: Unable to find enough nodes that meet the criteria that cannot engage in more than 5 pipelines. Nodes required: 3 Found: 0, healthy nodes count inNodeManager: 3.
	at org.apache.hadoop.hdds.scm.pipeline.PipelinePlacementPolicy.filterViableNodes(PipelinePlacementPolicy.java:147)
	at org.apache.hadoop.hdds.scm.pipeline.PipelinePlacementPolicy.chooseDatanodes(PipelinePlacementPolicy.java:170)
	at org.apache.hadoop.hdds.scm.pipeline.RatisPipelineProvider.create(RatisPipelineProvider.java:92)
	at org.apache.hadoop.hdds.scm.pipeline.PipelineFactory.create(PipelineFactory.java:57)
	at org.apache.hadoop.hdds.scm.pipeline.SCMPipelineManager.createPipeline(SCMPipelineManager.java:149)
	at org.apache.hadoop.hdds.scm.block.BlockManagerImpl.allocateBlock(BlockManagerImpl.java:190)
	at org.apache.hadoop.hdds.scm.server.SCMBlockProtocolServer.allocateBlock(SCMBlockProtocolServer.java:175)
	at org.apache.hadoop.ozone.protocolPB.ScmBlockLocationProtocolServerSideTranslatorPB.allocateScmBlock(ScmBlockLocationProtocolServerSideTranslatorPB.java:153)
	at org.apache.hadoop.ozone.protocolPB.ScmBlockLocationProtocolServerSideTranslatorPB.send(ScmBlockLocationProtocolServerSideTranslatorPB.java:112)
	at org.apache.hadoop.hdds.protocol.proto.ScmBlockLocationProtocolProtos$ScmBlockLocationProtocolService$2.callBlockingMethod(ScmBlockLocationProtocolProtos.java:13157)
	at org.apache.hadoop.ipc.ProtobufRpcEngine$Server$ProtoBufRpcInvoker.call(ProtobufRpcEngine.java:524)
	at org.apache.hadoop.ipc.RPC$Server.call(RPC.java:1025)
	at org.apache.hadoop.ipc.Server$RpcCall.run(Server.java:876)
	at org.apache.hadoop.ipc.Server$RpcCall.run(Server.java:822)
	at java.security.AccessController.doPrivileged(Native Method)
	at javax.security.auth.Subject.doAs(Subject.java:422)
	at org.apache.hadoop.security.UserGroupInformation.doAs(UserGroupInformation.java:1730)
	at org.apache.hadoop.ipc.Server$Handler.run(Server.java:2682)
2019-09-19 16:57:40,730 [IPC Server handler 1 on 33967] INFO  block.BlockManagerImpl (BlockManagerImpl.java:allocateBlock(198)) - Could not find available pipeline of type:RATIS and factor:THREE even after retrying
2019-09-19 16:57:40,730 [IPC Server handler 1 on 33967] ERROR block.BlockManagerImpl (BlockManagerImpl.java:allocateBlock(222)) - Unable to allocate a block for the size: 4194304, type: RATIS, factor: THREE
2019-09-19 16:57:40,731 | INFO  | SCMAudit | user=jenkins1000 | ip=192.168.157.226 | op=ALLOCATE_BLOCK {owner=a116340d-265d-4f39-93da-e642c4892a54, size=4194304, type=RATIS, factor=THREE} | ret=SUCCESS |  
2019-09-19 16:57:40,732 | ERROR | OMAudit | user=jenkins1000 | ip=127.0.0.1 | op=CREATE_FILE {volume=volume51822, bucket=bucket60037, key=DD5Gp, dataSize=0, replicationType=RATIS, replicationFactor=THREE, keyLocationInfo=null} | ret=FAILURE | org.apache.hadoop.hdds.scm.exceptions.SCMException: Allocated 0 blocks. Requested 1 blocks
	at org.apache.hadoop.hdds.scm.protocolPB.ScmBlockLocationProtocolClientSideTranslatorPB.handleError(ScmBlockLocationProtocolClientSideTranslatorPB.java:118)
	at org.apache.hadoop.hdds.scm.protocolPB.ScmBlockLocationProtocolClientSideTranslatorPB.allocateBlock(ScmBlockLocationProtocolClientSideTranslatorPB.java:156) 
2019-09-19 16:57:40,734 [main] INFO  ozone.MiniOzoneClusterImpl (MiniOzoneClusterImpl.java:shutdown(321)) - Shutting down the Mini Ozone Cluster
2019-09-19 16:57:40,735 | INFO  | SCMAudit | user=null | ip=null | op=GET_SCM_INFO null | ret=SUCCESS |  
2019-09-19 16:57:40,735 [main] INFO  ozone.MiniOzoneClusterImpl (MiniOzoneClusterImpl.java:stop(336)) - Stopping the Mini Ozone Cluster
2019-09-19 16:57:40,735 [main] INFO  ozone.MiniOzoneClusterImpl (MiniOzoneClusterImpl.java:stop(338)) - Stopping the OzoneManager
2019-09-19 16:57:40,735 [main] INFO  ipc.Server (Server.java:stop(3082)) - Stopping server on 43828
2019-09-19 16:57:40,737 [IPC Server listener on 43828] INFO  ipc.Server (Server.java:run(1185)) - Stopping IPC Server listener on 43828
2019-09-19 16:57:40,743 [main] INFO  ratis.OzoneManagerDoubleBuffer (OzoneManagerDoubleBuffer.java:stop(248)) - Stopping OMDoubleBuffer flush thread
2019-09-19 16:57:40,744 [IPC Server Responder] INFO  ipc.Server (Server.java:run(1319)) - Stopping IPC Server Responder
2019-09-19 16:57:40,745 [OMDoubleBufferFlushThread] INFO  ratis.OzoneManagerDoubleBuffer (OzoneManagerDoubleBuffer.java:flushTransactions(191)) - OMDoubleBuffer flush thread OMDoubleBufferFlushThread is interrupted and will exit. OMDoubleBufferFlushThread
2019-09-19 16:57:40,746 [main] INFO  utils.BackgroundService (BackgroundService.java:shutdown(148)) - Shutting down service KeyDeletingService
2019-09-19 16:57:40,747 [main] INFO  handler.ContextHandler (ContextHandler.java:doStop(910)) - Stopped o.e.j.w.WebAppContext@1fb66050{/,null,UNAVAILABLE}{/ozoneManager}
2019-09-19 16:57:40,748 [main] INFO  server.AbstractConnector (AbstractConnector.java:doStop(318)) - Stopped ServerConnector@65f68e96{HTTP/1.1,[http/1.1]}{0.0.0.0:0}
2019-09-19 16:57:40,749 [main] INFO  handler.ContextHandler (ContextHandler.java:doStop(910)) - Stopped o.e.j.s.ServletContextHandler@1228a579{/static,jar:file:/home/user/.m2/repository/org/apache/hadoop/hadoop-ozone-ozone-manager/0.5.0-SNAPSHOT/hadoop-ozone-ozone-manager-0.5.0-SNAPSHOT.jar!/webapps/static,UNAVAILABLE}
2019-09-19 16:57:40,749 [main] INFO  handler.ContextHandler (ContextHandler.java:doStop(910)) - Stopped o.e.j.s.ServletContextHandler@3118a{/logs,file:///workdir/hadoop-ozone/ozonefs/target/log,UNAVAILABLE}
2019-09-19 16:57:40,752 [main] INFO  ozone.MiniOzoneClusterImpl (MiniOzoneClusterImpl.java:stop(344)) - Shutting the HddsDatanodes
2019-09-19 16:57:40,753 [main] INFO  datanode.ObjectStoreHandler (ObjectStoreHandler.java:close(155)) - Closing ObjectStoreHandler.
2019-09-19 16:57:40,753 [ForkJoinPool.commonPool-worker-1] INFO  datanode.ObjectStoreHandler (ObjectStoreHandler.java:close(155)) - Closing ObjectStoreHandler.
2019-09-19 16:57:40,753 [main] INFO  ozone.HddsDatanodeService (HddsDatanodeService.java:stop(451)) - Stopped plug-in org.apache.hadoop.ozone.web.OzoneHddsDatanodeService@664c0019
2019-09-19 16:57:40,753 [ForkJoinPool.commonPool-worker-1] INFO  ozone.HddsDatanodeService (HddsDatanodeService.java:stop(451)) - Stopped plug-in org.apache.hadoop.ozone.web.OzoneHddsDatanodeService@140e2d82
2019-09-19 16:57:41,078 [Datanode State Machine Thread - 0] INFO  statemachine.DatanodeStateMachine (DatanodeStateMachine.java:lambda$startDaemon$0(350)) - Ozone container server started.
2019-09-19 16:57:41,278 [Datanode State Machine Thread - 0] INFO  statemachine.DatanodeStateMachine (DatanodeStateMachine.java:lambda$startDaemon$0(350)) - Ozone container server started.
2019-09-19 16:57:41,490 | INFO  | SCMAudit | user=jenkins1000 | ip=192.168.157.226 | op=SEND_HEARTBEAT {datanodeUUID=6272d7ea-0722-46cc-8a09-c153bdaa0261, command=[]} | ret=SUCCESS |  
2019-09-19 16:57:42,089 [Thread-3091] INFO  container.ReplicationManager (ReplicationManager.java:start(151)) - Starting Replication Monitor Thread.
2019-09-19 16:57:42,093 [ReplicationMonitor] INFO  container.ReplicationManager (ReplicationManager.java:run(214)) - Replication Monitor Thread took 0 milliseconds for processing 0 containers.
2019-09-19 16:57:42,489 | INFO  | SCMAudit | user=jenkins1000 | ip=192.168.157.226 | op=SEND_HEARTBEAT {datanodeUUID=6272d7ea-0722-46cc-8a09-c153bdaa0261, command=[]} | ret=SUCCESS |  
2019-09-19 16:57:43,489 | INFO  | SCMAudit | user=jenkins1000 | ip=192.168.157.226 | op=SEND_HEARTBEAT {datanodeUUID=6272d7ea-0722-46cc-8a09-c153bdaa0261, command=[]} | ret=SUCCESS |  
2019-09-19 16:57:44,235 [Thread-3096] INFO  impl.FollowerState (FollowerState.java:run(106)) - 838bbf9f-7aeb-447a-af5f-488443b4a0c5:group-1F0F9F66E88D changes to CANDIDATE, lastRpcTime:5030, electionTimeout:5030ms
2019-09-19 16:57:44,235 [Thread-3096] INFO  impl.RoleInfo (RoleInfo.java:shutdownFollowerState(121)) - 838bbf9f-7aeb-447a-af5f-488443b4a0c5: shutdown FollowerState
2019-09-19 16:57:44,236 [Thread-3096] INFO  impl.RaftServerImpl (RaftServerImpl.java:setRole(171)) - 838bbf9f-7aeb-447a-af5f-488443b4a0c5:group-1F0F9F66E88D changes role from FOLLOWER to CANDIDATE at term 0 for changeToCandidate
2019-09-19 16:57:44,236 [Thread-3096] INFO  impl.RoleInfo (RoleInfo.java:updateAndGet(143)) - 838bbf9f-7aeb-447a-af5f-488443b4a0c5: start LeaderElection
2019-09-19 16:57:44,253 [838bbf9f-7aeb-447a-af5f-488443b4a0c5:group-1F0F9F66E88D:LeaderElection198] INFO  impl.LeaderElection (LeaderElection.java:askForVotes(181)) - 838bbf9f-7aeb-447a-af5f-488443b4a0c5:group-1F0F9F66E88D:LeaderElection198: begin an election at term 1 for -1: [838bbf9f-7aeb-447a-af5f-488443b4a0c5:192.168.157.226:41146], old=null
2019-09-19 16:57:44,253 [838bbf9f-7aeb-447a-af5f-488443b4a0c5:group-1F0F9F66E88D:LeaderElection198] INFO  impl.RoleInfo (RoleInfo.java:shutdownLeaderElection(134)) - 838bbf9f-7aeb-447a-af5f-488443b4a0c5: shutdown LeaderElection
2019-09-19 16:57:44,253 [838bbf9f-7aeb-447a-af5f-488443b4a0c5:group-1F0F9F66E88D:LeaderElection198] INFO  impl.RaftServerImpl (RaftServerImpl.java:setRole(171)) - 838bbf9f-7aeb-447a-af5f-488443b4a0c5:group-1F0F9F66E88D changes role from CANDIDATE to LEADER at term 1 for changeToLeader
2019-09-19 16:57:44,253 [838bbf9f-7aeb-447a-af5f-488443b4a0c5:group-1F0F9F66E88D:LeaderElection198] INFO  impl.RaftServerImpl (ServerState.java:setLeader(263)) - 838bbf9f-7aeb-447a-af5f-488443b4a0c5:group-1F0F9F66E88D change Leader from null to 838bbf9f-7aeb-447a-af5f-488443b4a0c5 at term 1 for becomeLeader, leader elected after 5053ms
2019-09-19 16:57:44,254 [838bbf9f-7aeb-447a-af5f-488443b4a0c5:group-1F0F9F66E88D:LeaderElection198] INFO  server.RaftServerConfigKeys (ConfUtils.java:logGet(43)) - raft.server.staging.catchup.gap = 1000 (default)
2019-09-19 16:57:44,254 [838bbf9f-7aeb-447a-af5f-488443b4a0c5:group-1F0F9F66E88D:LeaderElection198] INFO  server.RaftServerConfigKeys (ConfUtils.java:logGet(43)) - raft.server.rpc.sleep.time = 25ms (default)
2019-09-19 16:57:44,254 [838bbf9f-7aeb-447a-af5f-488443b4a0c5:group-1F0F9F66E88D:LeaderElection198] INFO  server.RaftServerConfigKeys (ConfUtils.java:logGet(43)) - raft.server.write.element-limit = 4096 (default)
2019-09-19 16:57:44,254 [838bbf9f-7aeb-447a-af5f-488443b4a0c5:group-1F0F9F66E88D:LeaderElection198] INFO  server.RaftServerConfigKeys (ConfUtils.java:logGet(43)) - raft.server.watch.timeout = 10s (default)
2019-09-19 16:57:44,254 [838bbf9f-7aeb-447a-af5f-488443b4a0c5:group-1F0F9F66E88D:LeaderElection198] INFO  server.RaftServerConfigKeys (ConfUtils.java:logGet(43)) - raft.server.watch.timeout.denomination = 1s (default)
2019-09-19 16:57:44,255 [838bbf9f-7aeb-447a-af5f-488443b4a0c5:group-1F0F9F66E88D:LeaderElection198] INFO  server.RaftServerConfigKeys (ConfUtils.java:logGet(43)) - raft.server.watch.element-limit = 65536 (default)
2019-09-19 16:57:44,255 [838bbf9f-7aeb-447a-af5f-488443b4a0c5:group-1F0F9F66E88D:LeaderElection198] INFO  impl.RoleInfo (RoleInfo.java:updateAndGet(143)) - 838bbf9f-7aeb-447a-af5f-488443b4a0c5: start LeaderState
2019-09-19 16:57:44,255 [838bbf9f-7aeb-447a-af5f-488443b4a0c5:group-1F0F9F66E88D:LeaderElection198] INFO  segmented.SegmentedRaftLogWorker (SegmentedRaftLogWorker.java:startLogSegment(380)) - 838bbf9f-7aeb-447a-af5f-488443b4a0c5-SegmentedRaftLogWorker:Storage Directory /workdir/hadoop-ozone/ozonefs/target/test-dir/MiniOzoneClusterImpl-3d3a7b5e-b8a0-4c61-bcb4-dda3d52dd67e/datanode-0/data/ratis/c06cda0c-86f9-43d3-8eaf-1f0f9f66e88d: Starting segment from index:0
2019-09-19 16:57:44,256 [838bbf9f-7aeb-447a-af5f-488443b4a0c5:group-1F0F9F66E88D:LeaderElection198] INFO  impl.RaftServerImpl (ServerState.java:setRaftConf(361)) - 838bbf9f-7aeb-447a-af5f-488443b4a0c5:group-1F0F9F66E88D set configuration 0: [838bbf9f-7aeb-447a-af5f-488443b4a0c5:192.168.157.226:41146], old=null at 0
2019-09-19 16:57:44,279 [Thread-3093] INFO  impl.FollowerState (FollowerState.java:run(106)) - 838bbf9f-7aeb-447a-af5f-488443b4a0c5:group-F040DB0E698F changes to CANDIDATE, lastRpcTime:5120, electionTimeout:5120ms
2019-09-19 16:57:44,280 [Thread-3093] INFO  impl.RoleInfo (RoleInfo.java:shutdownFollowerState(121)) - 838bbf9f-7aeb-447a-af5f-488443b4a0c5: shutdown FollowerState
2019-09-19 16:57:44,280 [Thread-3093] INFO  impl.RaftServerImpl (RaftServerImpl.java:setRole(171)) - 838bbf9f-7aeb-447a-af5f-488443b4a0c5:group-F040DB0E698F changes role from FOLLOWER to CANDIDATE at term 0 for changeToCandidate
2019-09-19 16:57:44,280 [Thread-3093] INFO  impl.RoleInfo (RoleInfo.java:updateAndGet(143)) - 838bbf9f-7aeb-447a-af5f-488443b4a0c5: start LeaderElection
2019-09-19 16:57:44,321 [838bbf9f-7aeb-447a-af5f-488443b4a0c5-SegmentedRaftLogWorker:Storage Directory /workdir/hadoop-ozone/ozonefs/target/test-dir/MiniOzoneClusterImpl-3d3a7b5e-b8a0-4c61-bcb4-dda3d52dd67e/datanode-0/data/ratis/c06cda0c-86f9-43d3-8eaf-1f0f9f66e88d] INFO  segmented.SegmentedRaftLogWorker (SegmentedRaftLogWorker.java:execute(569)) - 838bbf9f-7aeb-447a-af5f-488443b4a0c5-SegmentedRaftLogWorker:Storage Directory /workdir/hadoop-ozone/ozonefs/target/test-dir/MiniOzoneClusterImpl-3d3a7b5e-b8a0-4c61-bcb4-dda3d52dd67e/datanode-0/data/ratis/c06cda0c-86f9-43d3-8eaf-1f0f9f66e88d: created new log segment /workdir/hadoop-ozone/ozonefs/target/test-dir/MiniOzoneClusterImpl-3d3a7b5e-b8a0-4c61-bcb4-dda3d52dd67e/datanode-0/data/ratis/c06cda0c-86f9-43d3-8eaf-1f0f9f66e88d/current/log_inprogress_0
2019-09-19 16:57:44,321 [838bbf9f-7aeb-447a-af5f-488443b4a0c5:group-F040DB0E698F:LeaderElection199] INFO  impl.LeaderElection (LeaderElection.java:askForVotes(181)) - 838bbf9f-7aeb-447a-af5f-488443b4a0c5:group-F040DB0E698F:LeaderElection199: begin an election at term 1 for -1: [838bbf9f-7aeb-447a-af5f-488443b4a0c5:192.168.157.226:41146], old=null
2019-09-19 16:57:44,321 [838bbf9f-7aeb-447a-af5f-488443b4a0c5:group-F040DB0E698F:LeaderElection199] INFO  impl.RoleInfo (RoleInfo.java:shutdownLeaderElection(134)) - 838bbf9f-7aeb-447a-af5f-488443b4a0c5: shutdown LeaderElection
2019-09-19 16:57:44,321 [838bbf9f-7aeb-447a-af5f-488443b4a0c5:group-F040DB0E698F:LeaderElection199] INFO  impl.RaftServerImpl (RaftServerImpl.java:setRole(171)) - 838bbf9f-7aeb-447a-af5f-488443b4a0c5:group-F040DB0E698F changes role from CANDIDATE to LEADER at term 1 for changeToLeader
2019-09-19 16:57:44,322 [838bbf9f-7aeb-447a-af5f-488443b4a0c5:group-F040DB0E698F:LeaderElection199] INFO  impl.RaftServerImpl (ServerState.java:setLeader(263)) - 838bbf9f-7aeb-447a-af5f-488443b4a0c5:group-F040DB0E698F change Leader from null to 838bbf9f-7aeb-447a-af5f-488443b4a0c5 at term 1 for becomeLeader, leader elected after 5167ms
2019-09-19 16:57:44,322 [838bbf9f-7aeb-447a-af5f-488443b4a0c5:group-F040DB0E698F:LeaderElection199] INFO  server.RaftServerConfigKeys (ConfUtils.java:logGet(43)) - raft.server.staging.catchup.gap = 1000 (default)
2019-09-19 16:57:44,322 [838bbf9f-7aeb-447a-af5f-488443b4a0c5:group-F040DB0E698F:LeaderElection199] INFO  server.RaftServerConfigKeys (ConfUtils.java:logGet(43)) - raft.server.rpc.sleep.time = 25ms (default)
2019-09-19 16:57:44,322 [838bbf9f-7aeb-447a-af5f-488443b4a0c5:group-F040DB0E698F:LeaderElection199] INFO  server.RaftServerConfigKeys (ConfUtils.java:logGet(43)) - raft.server.write.element-limit = 4096 (default)
2019-09-19 16:57:44,322 [838bbf9f-7aeb-447a-af5f-488443b4a0c5:group-F040DB0E698F:LeaderElection199] INFO  server.RaftServerConfigKeys (ConfUtils.java:logGet(43)) - raft.server.watch.timeout = 10s (default)
2019-09-19 16:57:44,322 [838bbf9f-7aeb-447a-af5f-488443b4a0c5:group-F040DB0E698F:LeaderElection199] INFO  server.RaftServerConfigKeys (ConfUtils.java:logGet(43)) - raft.server.watch.timeout.denomination = 1s (default)
2019-09-19 16:57:44,323 [838bbf9f-7aeb-447a-af5f-488443b4a0c5:group-F040DB0E698F:LeaderElection199] INFO  server.RaftServerConfigKeys (ConfUtils.java:logGet(43)) - raft.server.watch.element-limit = 65536 (default)
2019-09-19 16:57:44,323 [838bbf9f-7aeb-447a-af5f-488443b4a0c5:group-F040DB0E698F:LeaderElection199] INFO  impl.RoleInfo (RoleInfo.java:updateAndGet(143)) - 838bbf9f-7aeb-447a-af5f-488443b4a0c5: start LeaderState
2019-09-19 16:57:44,323 [838bbf9f-7aeb-447a-af5f-488443b4a0c5:group-F040DB0E698F:LeaderElection199] INFO  segmented.SegmentedRaftLogWorker (SegmentedRaftLogWorker.java:startLogSegment(380)) - 838bbf9f-7aeb-447a-af5f-488443b4a0c5-SegmentedRaftLogWorker:Storage Directory /workdir/hadoop-ozone/ozonefs/target/test-dir/MiniOzoneClusterImpl-3d3a7b5e-b8a0-4c61-bcb4-dda3d52dd67e/datanode-0/data/ratis/ad8cb578-af53-43d6-bde6-f040db0e698f: Starting segment from index:0
2019-09-19 16:57:44,324 [838bbf9f-7aeb-447a-af5f-488443b4a0c5:group-F040DB0E698F:LeaderElection199] INFO  impl.RaftServerImpl (ServerState.java:setRaftConf(361)) - 838bbf9f-7aeb-447a-af5f-488443b4a0c5:group-F040DB0E698F set configuration 0: [838bbf9f-7aeb-447a-af5f-488443b4a0c5:192.168.157.226:41146], old=null at 0
2019-09-19 16:57:44,324 [Thread-3099] INFO  impl.FollowerState (FollowerState.java:run(106)) - 838bbf9f-7aeb-447a-af5f-488443b4a0c5:group-7B166E0233A1 changes to CANDIDATE, lastRpcTime:5066, electionTimeout:5066ms
2019-09-19 16:57:44,324 [Thread-3099] INFO  impl.RoleInfo (RoleInfo.java:shutdownFollowerState(121)) - 838bbf9f-7aeb-447a-af5f-488443b4a0c5: shutdown FollowerState
2019-09-19 16:57:44,324 [Thread-3099] INFO  impl.RaftServerImpl (RaftServerImpl.java:setRole(171)) - 838bbf9f-7aeb-447a-af5f-488443b4a0c5:group-7B166E0233A1 changes role from FOLLOWER to CANDIDATE at term 0 for changeToCandidate
2019-09-19 16:57:44,325 [Thread-3099] INFO  impl.RoleInfo (RoleInfo.java:updateAndGet(143)) - 838bbf9f-7aeb-447a-af5f-488443b4a0c5: start LeaderElection
2019-09-19 16:57:44,369 [Thread-3105] INFO  impl.FollowerState (FollowerState.java:run(106)) - 838bbf9f-7aeb-447a-af5f-488443b4a0c5:group-FFB452498E77 changes to CANDIDATE, lastRpcTime:5050, electionTimeout:5050ms
2019-09-19 16:57:44,369 [Thread-3105] INFO  impl.RoleInfo (RoleInfo.java:shutdownFollowerState(121)) - 838bbf9f-7aeb-447a-af5f-488443b4a0c5: shutdown FollowerState
2019-09-19 16:57:44,369 [Thread-3105] INFO  impl.RaftServerImpl (RaftServerImpl.java:setRole(171)) - 838bbf9f-7aeb-447a-af5f-488443b4a0c5:group-FFB452498E77 changes role from FOLLOWER to CANDIDATE at term 0 for changeToCandidate
2019-09-19 16:57:44,369 [Thread-3105] INFO  impl.RoleInfo (RoleInfo.java:updateAndGet(143)) - 838bbf9f-7aeb-447a-af5f-488443b4a0c5: start LeaderElection
2019-09-19 16:57:44,377 [838bbf9f-7aeb-447a-af5f-488443b4a0c5-SegmentedRaftLogWorker:Storage Directory /workdir/hadoop-ozone/ozonefs/target/test-dir/MiniOzoneClusterImpl-3d3a7b5e-b8a0-4c61-bcb4-dda3d52dd67e/datanode-0/data/ratis/ad8cb578-af53-43d6-bde6-f040db0e698f] INFO  segmented.SegmentedRaftLogWorker (SegmentedRaftLogWorker.java:execute(569)) - 838bbf9f-7aeb-447a-af5f-488443b4a0c5-SegmentedRaftLogWorker:Storage Directory /workdir/hadoop-ozone/ozonefs/target/test-dir/MiniOzoneClusterImpl-3d3a7b5e-b8a0-4c61-bcb4-dda3d52dd67e/datanode-0/data/ratis/ad8cb578-af53-43d6-bde6-f040db0e698f: created new log segment /workdir/hadoop-ozone/ozonefs/target/test-dir/MiniOzoneClusterImpl-3d3a7b5e-b8a0-4c61-bcb4-dda3d52dd67e/datanode-0/data/ratis/ad8cb578-af53-43d6-bde6-f040db0e698f/current/log_inprogress_0
2019-09-19 16:57:44,377 [838bbf9f-7aeb-447a-af5f-488443b4a0c5:group-7B166E0233A1:LeaderElection200] INFO  impl.LeaderElection (LeaderElection.java:askForVotes(181)) - 838bbf9f-7aeb-447a-af5f-488443b4a0c5:group-7B166E0233A1:LeaderElection200: begin an election at term 1 for -1: [838bbf9f-7aeb-447a-af5f-488443b4a0c5:192.168.157.226:41146], old=null
2019-09-19 16:57:44,377 [838bbf9f-7aeb-447a-af5f-488443b4a0c5:group-FFB452498E77:LeaderElection201] INFO  impl.LeaderElection (LeaderElection.java:askForVotes(181)) - 838bbf9f-7aeb-447a-af5f-488443b4a0c5:group-FFB452498E77:LeaderElection201: begin an election at term 1 for -1: [838bbf9f-7aeb-447a-af5f-488443b4a0c5:192.168.157.226:41146], old=null
2019-09-19 16:57:44,377 [838bbf9f-7aeb-447a-af5f-488443b4a0c5:group-7B166E0233A1:LeaderElection200] INFO  impl.RoleInfo (RoleInfo.java:shutdownLeaderElection(134)) - 838bbf9f-7aeb-447a-af5f-488443b4a0c5: shutdown LeaderElection
2019-09-19 16:57:44,377 [838bbf9f-7aeb-447a-af5f-488443b4a0c5:group-FFB452498E77:LeaderElection201] INFO  impl.RoleInfo (RoleInfo.java:shutdownLeaderElection(134)) - 838bbf9f-7aeb-447a-af5f-488443b4a0c5: shutdown LeaderElection
2019-09-19 16:57:44,377 [838bbf9f-7aeb-447a-af5f-488443b4a0c5:group-7B166E0233A1:LeaderElection200] INFO  impl.RaftServerImpl (RaftServerImpl.java:setRole(171)) - 838bbf9f-7aeb-447a-af5f-488443b4a0c5:group-7B166E0233A1 changes role from CANDIDATE to LEADER at term 1 for changeToLeader
2019-09-19 16:57:44,377 [838bbf9f-7aeb-447a-af5f-488443b4a0c5:group-FFB452498E77:LeaderElection201] INFO  impl.RaftServerImpl (RaftServerImpl.java:setRole(171)) - 838bbf9f-7aeb-447a-af5f-488443b4a0c5:group-FFB452498E77 changes role from CANDIDATE to LEADER at term 1 for changeToLeader
2019-09-19 16:57:44,377 [838bbf9f-7aeb-447a-af5f-488443b4a0c5:group-7B166E0233A1:LeaderElection200] INFO  impl.RaftServerImpl (ServerState.java:setLeader(263)) - 838bbf9f-7aeb-447a-af5f-488443b4a0c5:group-7B166E0233A1 change Leader from null to 838bbf9f-7aeb-447a-af5f-488443b4a0c5 at term 1 for becomeLeader, leader elected after 5123ms
2019-09-19 16:57:44,378 [838bbf9f-7aeb-447a-af5f-488443b4a0c5:group-FFB452498E77:LeaderElection201] INFO  impl.RaftServerImpl (ServerState.java:setLeader(263)) - 838bbf9f-7aeb-447a-af5f-488443b4a0c5:group-FFB452498E77 change Leader from null to 838bbf9f-7aeb-447a-af5f-488443b4a0c5 at term 1 for becomeLeader, leader elected after 5062ms
2019-09-19 16:57:44,378 [838bbf9f-7aeb-447a-af5f-488443b4a0c5:group-7B166E0233A1:LeaderElection200] INFO  server.RaftServerConfigKeys (ConfUtils.java:logGet(43)) - raft.server.staging.catchup.gap = 1000 (default)
2019-09-19 16:57:44,378 [838bbf9f-7aeb-447a-af5f-488443b4a0c5:group-FFB452498E77:LeaderElection201] INFO  server.RaftServerConfigKeys (ConfUtils.java:logGet(43)) - raft.server.staging.catchup.gap = 1000 (default)
2019-09-19 16:57:44,378 [838bbf9f-7aeb-447a-af5f-488443b4a0c5:group-7B166E0233A1:LeaderElection200] INFO  server.RaftServerConfigKeys (ConfUtils.java:logGet(43)) - raft.server.rpc.sleep.time = 25ms (default)
2019-09-19 16:57:44,378 [838bbf9f-7aeb-447a-af5f-488443b4a0c5:group-FFB452498E77:LeaderElection201] INFO  server.RaftServerConfigKeys (ConfUtils.java:logGet(43)) - raft.server.rpc.sleep.time = 25ms (default)
2019-09-19 16:57:44,378 [838bbf9f-7aeb-447a-af5f-488443b4a0c5:group-7B166E0233A1:LeaderElection200] INFO  server.RaftServerConfigKeys (ConfUtils.java:logGet(43)) - raft.server.write.element-limit = 4096 (default)
2019-09-19 16:57:44,379 [838bbf9f-7aeb-447a-af5f-488443b4a0c5:group-FFB452498E77:LeaderElection201] INFO  server.RaftServerConfigKeys (ConfUtils.java:logGet(43)) - raft.server.write.element-limit = 4096 (default)
2019-09-19 16:57:44,379 [838bbf9f-7aeb-447a-af5f-488443b4a0c5:group-7B166E0233A1:LeaderElection200] INFO  server.RaftServerConfigKeys (ConfUtils.java:logGet(43)) - raft.server.watch.timeout = 10s (default)
2019-09-19 16:57:44,379 [838bbf9f-7aeb-447a-af5f-488443b4a0c5:group-FFB452498E77:LeaderElection201] INFO  server.RaftServerConfigKeys (ConfUtils.java:logGet(43)) - raft.server.watch.timeout = 10s (default)
2019-09-19 16:57:44,379 [838bbf9f-7aeb-447a-af5f-488443b4a0c5:group-7B166E0233A1:LeaderElection200] INFO  server.RaftServerConfigKeys (ConfUtils.java:logGet(43)) - raft.server.watch.timeout.denomination = 1s (default)
2019-09-19 16:57:44,379 [838bbf9f-7aeb-447a-af5f-488443b4a0c5:group-FFB452498E77:LeaderElection201] INFO  server.RaftServerConfigKeys (ConfUtils.java:logGet(43)) - raft.server.watch.timeout.denomination = 1s (default)
2019-09-19 16:57:44,379 [838bbf9f-7aeb-447a-af5f-488443b4a0c5:group-7B166E0233A1:LeaderElection200] INFO  server.RaftServerConfigKeys (ConfUtils.java:logGet(43)) - raft.server.watch.element-limit = 65536 (default)
2019-09-19 16:57:44,380 [838bbf9f-7aeb-447a-af5f-488443b4a0c5:group-FFB452498E77:LeaderElection201] INFO  server.RaftServerConfigKeys (ConfUtils.java:logGet(43)) - raft.server.watch.element-limit = 65536 (default)
2019-09-19 16:57:44,380 [838bbf9f-7aeb-447a-af5f-488443b4a0c5:group-7B166E0233A1:LeaderElection200] INFO  impl.RoleInfo (RoleInfo.java:updateAndGet(143)) - 838bbf9f-7aeb-447a-af5f-488443b4a0c5: start LeaderState
2019-09-19 16:57:44,380 [838bbf9f-7aeb-447a-af5f-488443b4a0c5:group-FFB452498E77:LeaderElection201] INFO  impl.RoleInfo (RoleInfo.java:updateAndGet(143)) - 838bbf9f-7aeb-447a-af5f-488443b4a0c5: start LeaderState
2019-09-19 16:57:44,380 [838bbf9f-7aeb-447a-af5f-488443b4a0c5:group-7B166E0233A1:LeaderElection200] INFO  segmented.SegmentedRaftLogWorker (SegmentedRaftLogWorker.java:startLogSegment(380)) - 838bbf9f-7aeb-447a-af5f-488443b4a0c5-SegmentedRaftLogWorker:Storage Directory /workdir/hadoop-ozone/ozonefs/target/test-dir/MiniOzoneClusterImpl-3d3a7b5e-b8a0-4c61-bcb4-dda3d52dd67e/datanode-0/data/ratis/a4114247-9373-418e-80ab-7b166e0233a1: Starting segment from index:0
2019-09-19 16:57:44,380 [838bbf9f-7aeb-447a-af5f-488443b4a0c5:group-FFB452498E77:LeaderElection201] INFO  segmented.SegmentedRaftLogWorker (SegmentedRaftLogWorker.java:startLogSegment(380)) - 838bbf9f-7aeb-447a-af5f-488443b4a0c5-SegmentedRaftLogWorker:Storage Directory /workdir/hadoop-ozone/ozonefs/target/test-dir/MiniOzoneClusterImpl-3d3a7b5e-b8a0-4c61-bcb4-dda3d52dd67e/datanode-0/data/ratis/4008324c-f874-40fa-ba8d-ffb452498e77: Starting segment from index:0
2019-09-19 16:57:44,381 [838bbf9f-7aeb-447a-af5f-488443b4a0c5:group-7B166E0233A1:LeaderElection200] INFO  impl.RaftServerImpl (ServerState.java:setRaftConf(361)) - 838bbf9f-7aeb-447a-af5f-488443b4a0c5:group-7B166E0233A1 set configuration 0: [838bbf9f-7aeb-447a-af5f-488443b4a0c5:192.168.157.226:41146], old=null at 0
2019-09-19 16:57:44,381 [838bbf9f-7aeb-447a-af5f-488443b4a0c5:group-FFB452498E77:LeaderElection201] INFO  impl.RaftServerImpl (ServerState.java:setRaftConf(361)) - 838bbf9f-7aeb-447a-af5f-488443b4a0c5:group-FFB452498E77 set configuration 0: [838bbf9f-7aeb-447a-af5f-488443b4a0c5:192.168.157.226:41146], old=null at 0
2019-09-19 16:57:44,388 [Thread-3108] INFO  impl.FollowerState (FollowerState.java:run(106)) - 838bbf9f-7aeb-447a-af5f-488443b4a0c5:group-C0E02E9662E6 changes to CANDIDATE, lastRpcTime:5051, electionTimeout:5051ms
2019-09-19 16:57:44,388 [Thread-3108] INFO  impl.RoleInfo (RoleInfo.java:shutdownFollowerState(121)) - 838bbf9f-7aeb-447a-af5f-488443b4a0c5: shutdown FollowerState
2019-09-19 16:57:44,389 [Thread-3108] INFO  impl.RaftServerImpl (RaftServerImpl.java:setRole(171)) - 838bbf9f-7aeb-447a-af5f-488443b4a0c5:group-C0E02E9662E6 changes role from FOLLOWER to CANDIDATE at term 0 for changeToCandidate
2019-09-19 16:57:44,389 [Thread-3108] INFO  impl.RoleInfo (RoleInfo.java:updateAndGet(143)) - 838bbf9f-7aeb-447a-af5f-488443b4a0c5: start LeaderElection
2019-09-19 16:57:44,443 [838bbf9f-7aeb-447a-af5f-488443b4a0c5-SegmentedRaftLogWorker:Storage Directory /workdir/hadoop-ozone/ozonefs/target/test-dir/MiniOzoneClusterImpl-3d3a7b5e-b8a0-4c61-bcb4-dda3d52dd67e/datanode-0/data/ratis/a4114247-9373-418e-80ab-7b166e0233a1] INFO  segmented.SegmentedRaftLogWorker (SegmentedRaftLogWorker.java:execute(569)) - 838bbf9f-7aeb-447a-af5f-488443b4a0c5-SegmentedRaftLogWorker:Storage Directory /workdir/hadoop-ozone/ozonefs/target/test-dir/MiniOzoneClusterImpl-3d3a7b5e-b8a0-4c61-bcb4-dda3d52dd67e/datanode-0/data/ratis/a4114247-9373-418e-80ab-7b166e0233a1: created new log segment /workdir/hadoop-ozone/ozonefs/target/test-dir/MiniOzoneClusterImpl-3d3a7b5e-b8a0-4c61-bcb4-dda3d52dd67e/datanode-0/data/ratis/a4114247-9373-418e-80ab-7b166e0233a1/current/log_inprogress_0
2019-09-19 16:57:44,443 [838bbf9f-7aeb-447a-af5f-488443b4a0c5:group-C0E02E9662E6:LeaderElection202] INFO  impl.LeaderElection (LeaderElection.java:askForVotes(181)) - 838bbf9f-7aeb-447a-af5f-488443b4a0c5:group-C0E02E9662E6:LeaderElection202: begin an election at term 1 for -1: [838bbf9f-7aeb-447a-af5f-488443b4a0c5:192.168.157.226:41146], old=null
2019-09-19 16:57:44,443 [838bbf9f-7aeb-447a-af5f-488443b4a0c5-SegmentedRaftLogWorker:Storage Directory /workdir/hadoop-ozone/ozonefs/target/test-dir/MiniOzoneClusterImpl-3d3a7b5e-b8a0-4c61-bcb4-dda3d52dd67e/datanode-0/data/ratis/4008324c-f874-40fa-ba8d-ffb452498e77] INFO  segmented.SegmentedRaftLogWorker (SegmentedRaftLogWorker.java:execute(569)) - 838bbf9f-7aeb-447a-af5f-488443b4a0c5-SegmentedRaftLogWorker:Storage Directory /workdir/hadoop-ozone/ozonefs/target/test-dir/MiniOzoneClusterImpl-3d3a7b5e-b8a0-4c61-bcb4-dda3d52dd67e/datanode-0/data/ratis/4008324c-f874-40fa-ba8d-ffb452498e77: created new log segment /workdir/hadoop-ozone/ozonefs/target/test-dir/MiniOzoneClusterImpl-3d3a7b5e-b8a0-4c61-bcb4-dda3d52dd67e/datanode-0/data/ratis/4008324c-f874-40fa-ba8d-ffb452498e77/current/log_inprogress_0
2019-09-19 16:57:44,443 [838bbf9f-7aeb-447a-af5f-488443b4a0c5:group-C0E02E9662E6:LeaderElection202] INFO  impl.RoleInfo (RoleInfo.java:shutdownLeaderElection(134)) - 838bbf9f-7aeb-447a-af5f-488443b4a0c5: shutdown LeaderElection
2019-09-19 16:57:44,443 [838bbf9f-7aeb-447a-af5f-488443b4a0c5:group-C0E02E9662E6:LeaderElection202] INFO  impl.RaftServerImpl (RaftServerImpl.java:setRole(171)) - 838bbf9f-7aeb-447a-af5f-488443b4a0c5:group-C0E02E9662E6 changes role from CANDIDATE to LEADER at term 1 for changeToLeader
2019-09-19 16:57:44,443 [838bbf9f-7aeb-447a-af5f-488443b4a0c5:group-C0E02E9662E6:LeaderElection202] INFO  impl.RaftServerImpl (ServerState.java:setLeader(263)) - 838bbf9f-7aeb-447a-af5f-488443b4a0c5:group-C0E02E9662E6 change Leader from null to 838bbf9f-7aeb-447a-af5f-488443b4a0c5 at term 1 for becomeLeader, leader elected after 5109ms
2019-09-19 16:57:44,443 [838bbf9f-7aeb-447a-af5f-488443b4a0c5:group-C0E02E9662E6:LeaderElection202] INFO  server.RaftServerConfigKeys (ConfUtils.java:logGet(43)) - raft.server.staging.catchup.gap = 1000 (default)
2019-09-19 16:57:44,444 [838bbf9f-7aeb-447a-af5f-488443b4a0c5:group-C0E02E9662E6:LeaderElection202] INFO  server.RaftServerConfigKeys (ConfUtils.java:logGet(43)) - raft.server.rpc.sleep.time = 25ms (default)
2019-09-19 16:57:44,444 [838bbf9f-7aeb-447a-af5f-488443b4a0c5:group-C0E02E9662E6:LeaderElection202] INFO  server.RaftServerConfigKeys (ConfUtils.java:logGet(43)) - raft.server.write.element-limit = 4096 (default)
2019-09-19 16:57:44,444 [838bbf9f-7aeb-447a-af5f-488443b4a0c5:group-C0E02E9662E6:LeaderElection202] INFO  server.RaftServerConfigKeys (ConfUtils.java:logGet(43)) - raft.server.watch.timeout = 10s (default)
2019-09-19 16:57:44,444 [838bbf9f-7aeb-447a-af5f-488443b4a0c5:group-C0E02E9662E6:LeaderElection202] INFO  server.RaftServerConfigKeys (ConfUtils.java:logGet(43)) - raft.server.watch.timeout.denomination = 1s (default)
2019-09-19 16:57:44,444 [838bbf9f-7aeb-447a-af5f-488443b4a0c5:group-C0E02E9662E6:LeaderElection202] INFO  server.RaftServerConfigKeys (ConfUtils.java:logGet(43)) - raft.server.watch.element-limit = 65536 (default)
2019-09-19 16:57:44,444 [838bbf9f-7aeb-447a-af5f-488443b4a0c5:group-C0E02E9662E6:LeaderElection202] INFO  impl.RoleInfo (RoleInfo.java:updateAndGet(143)) - 838bbf9f-7aeb-447a-af5f-488443b4a0c5: start LeaderState
2019-09-19 16:57:44,445 [838bbf9f-7aeb-447a-af5f-488443b4a0c5:group-C0E02E9662E6:LeaderElection202] INFO  segmented.SegmentedRaftLogWorker (SegmentedRaftLogWorker.java:startLogSegment(380)) - 838bbf9f-7aeb-447a-af5f-488443b4a0c5-SegmentedRaftLogWorker:Storage Directory /workdir/hadoop-ozone/ozonefs/target/test-dir/MiniOzoneClusterImpl-3d3a7b5e-b8a0-4c61-bcb4-dda3d52dd67e/datanode-0/data/ratis/290ce345-1dca-4eaf-b1ee-c0e02e9662e6: Starting segment from index:0
2019-09-19 16:57:44,445 [838bbf9f-7aeb-447a-af5f-488443b4a0c5:group-C0E02E9662E6:LeaderElection202] INFO  impl.RaftServerImpl (ServerState.java:setRaftConf(361)) - 838bbf9f-7aeb-447a-af5f-488443b4a0c5:group-C0E02E9662E6 set configuration 0: [838bbf9f-7aeb-447a-af5f-488443b4a0c5:192.168.157.226:41146], old=null at 0
2019-09-19 16:57:44,488 [Thread-3102] INFO  impl.FollowerState (FollowerState.java:run(106)) - 838bbf9f-7aeb-447a-af5f-488443b4a0c5:group-F80F86E86D40 changes to CANDIDATE, lastRpcTime:5189, electionTimeout:5189ms
2019-09-19 16:57:44,488 [Thread-3102] INFO  impl.RoleInfo (RoleInfo.java:shutdownFollowerState(121)) - 838bbf9f-7aeb-447a-af5f-488443b4a0c5: shutdown FollowerState
2019-09-19 16:57:44,488 [Thread-3102] INFO  impl.RaftServerImpl (RaftServerImpl.java:setRole(171)) - 838bbf9f-7aeb-447a-af5f-488443b4a0c5:group-F80F86E86D40 changes role from FOLLOWER to CANDIDATE at term 0 for changeToCandidate
2019-09-19 16:57:44,488 [Thread-3102] INFO  impl.RoleInfo (RoleInfo.java:updateAndGet(143)) - 838bbf9f-7aeb-447a-af5f-488443b4a0c5: start LeaderElection
2019-09-19 16:57:44,491 [838bbf9f-7aeb-447a-af5f-488443b4a0c5-SegmentedRaftLogWorker:Storage Directory /workdir/hadoop-ozone/ozonefs/target/test-dir/MiniOzoneClusterImpl-3d3a7b5e-b8a0-4c61-bcb4-dda3d52dd67e/datanode-0/data/ratis/290ce345-1dca-4eaf-b1ee-c0e02e9662e6] INFO  segmented.SegmentedRaftLogWorker (SegmentedRaftLogWorker.java:execute(569)) - 838bbf9f-7aeb-447a-af5f-488443b4a0c5-SegmentedRaftLogWorker:Storage Directory /workdir/hadoop-ozone/ozonefs/target/test-dir/MiniOzoneClusterImpl-3d3a7b5e-b8a0-4c61-bcb4-dda3d52dd67e/datanode-0/data/ratis/290ce345-1dca-4eaf-b1ee-c0e02e9662e6: created new log segment /workdir/hadoop-ozone/ozonefs/target/test-dir/MiniOzoneClusterImpl-3d3a7b5e-b8a0-4c61-bcb4-dda3d52dd67e/datanode-0/data/ratis/290ce345-1dca-4eaf-b1ee-c0e02e9662e6/current/log_inprogress_0
2019-09-19 16:57:44,491 | INFO  | SCMAudit | user=jenkins1000 | ip=192.168.157.226 | op=SEND_HEARTBEAT {datanodeUUID=6272d7ea-0722-46cc-8a09-c153bdaa0261, command=[]} | ret=SUCCESS |  
2019-09-19 16:57:44,495 [Thread-3114] INFO  impl.FollowerState (FollowerState.java:run(106)) - ad522d99-c864-49ec-a4dd-d702ee7a24ab:group-E59A33EEB47F changes to CANDIDATE, lastRpcTime:5096, electionTimeout:5096ms
2019-09-19 16:57:44,495 [Thread-3114] INFO  impl.RoleInfo (RoleInfo.java:shutdownFollowerState(121)) - ad522d99-c864-49ec-a4dd-d702ee7a24ab: shutdown FollowerState
2019-09-19 16:57:44,495 [Thread-3114] INFO  impl.RaftServerImpl (RaftServerImpl.java:setRole(171)) - ad522d99-c864-49ec-a4dd-d702ee7a24ab:group-E59A33EEB47F changes role from FOLLOWER to CANDIDATE at term 0 for changeToCandidate
2019-09-19 16:57:44,495 [Thread-3114] INFO  impl.RoleInfo (RoleInfo.java:updateAndGet(143)) - ad522d99-c864-49ec-a4dd-d702ee7a24ab: start LeaderElection
2019-09-19 16:57:44,507 [ad522d99-c864-49ec-a4dd-d702ee7a24ab:group-E59A33EEB47F:LeaderElection204] INFO  impl.LeaderElection (LeaderElection.java:askForVotes(181)) - ad522d99-c864-49ec-a4dd-d702ee7a24ab:group-E59A33EEB47F:LeaderElection204: begin an election at term 1 for -1: [ad522d99-c864-49ec-a4dd-d702ee7a24ab:192.168.157.226:39664], old=null
2019-09-19 16:57:44,507 [838bbf9f-7aeb-447a-af5f-488443b4a0c5:group-F80F86E86D40:LeaderElection203] INFO  impl.LeaderElection (LeaderElection.java:askForVotes(181)) - 838bbf9f-7aeb-447a-af5f-488443b4a0c5:group-F80F86E86D40:LeaderElection203: begin an election at term 1 for -1: [838bbf9f-7aeb-447a-af5f-488443b4a0c5:192.168.157.226:41146], old=null
2019-09-19 16:57:44,507 [ad522d99-c864-49ec-a4dd-d702ee7a24ab:group-E59A33EEB47F:LeaderElection204] INFO  impl.RoleInfo (RoleInfo.java:shutdownLeaderElection(134)) - ad522d99-c864-49ec-a4dd-d702ee7a24ab: shutdown LeaderElection
2019-09-19 16:57:44,507 [838bbf9f-7aeb-447a-af5f-488443b4a0c5:group-F80F86E86D40:LeaderElection203] INFO  impl.RoleInfo (RoleInfo.java:shutdownLeaderElection(134)) - 838bbf9f-7aeb-447a-af5f-488443b4a0c5: shutdown LeaderElection
2019-09-19 16:57:44,507 [ad522d99-c864-49ec-a4dd-d702ee7a24ab:group-E59A33EEB47F:LeaderElection204] INFO  impl.RaftServerImpl (RaftServerImpl.java:setRole(171)) - ad522d99-c864-49ec-a4dd-d702ee7a24ab:group-E59A33EEB47F changes role from CANDIDATE to LEADER at term 1 for changeToLeader
2019-09-19 16:57:44,507 [838bbf9f-7aeb-447a-af5f-488443b4a0c5:group-F80F86E86D40:LeaderElection203] INFO  impl.RaftServerImpl (RaftServerImpl.java:setRole(171)) - 838bbf9f-7aeb-447a-af5f-488443b4a0c5:group-F80F86E86D40 changes role from CANDIDATE to LEADER at term 1 for changeToLeader
2019-09-19 16:57:44,507 [ad522d99-c864-49ec-a4dd-d702ee7a24ab:group-E59A33EEB47F:LeaderElection204] INFO  impl.RaftServerImpl (ServerState.java:setLeader(263)) - ad522d99-c864-49ec-a4dd-d702ee7a24ab:group-E59A33EEB47F change Leader from null to ad522d99-c864-49ec-a4dd-d702ee7a24ab at term 1 for becomeLeader, leader elected after 5112ms
2019-09-19 16:57:44,507 [838bbf9f-7aeb-447a-af5f-488443b4a0c5:group-F80F86E86D40:LeaderElection203] INFO  impl.RaftServerImpl (ServerState.java:setLeader(263)) - 838bbf9f-7aeb-447a-af5f-488443b4a0c5:group-F80F86E86D40 change Leader from null to 838bbf9f-7aeb-447a-af5f-488443b4a0c5 at term 1 for becomeLeader, leader elected after 5212ms
2019-09-19 16:57:44,508 [ad522d99-c864-49ec-a4dd-d702ee7a24ab:group-E59A33EEB47F:LeaderElection204] INFO  server.RaftServerConfigKeys (ConfUtils.java:logGet(43)) - raft.server.staging.catchup.gap = 1000 (default)
2019-09-19 16:57:44,508 [838bbf9f-7aeb-447a-af5f-488443b4a0c5:group-F80F86E86D40:LeaderElection203] INFO  server.RaftServerConfigKeys (ConfUtils.java:logGet(43)) - raft.server.staging.catchup.gap = 1000 (default)
2019-09-19 16:57:44,508 [ad522d99-c864-49ec-a4dd-d702ee7a24ab:group-E59A33EEB47F:LeaderElection204] INFO  server.RaftServerConfigKeys (ConfUtils.java:logGet(43)) - raft.server.rpc.sleep.time = 25ms (default)
2019-09-19 16:57:44,508 [838bbf9f-7aeb-447a-af5f-488443b4a0c5:group-F80F86E86D40:LeaderElection203] INFO  server.RaftServerConfigKeys (ConfUtils.java:logGet(43)) - raft.server.rpc.sleep.time = 25ms (default)
2019-09-19 16:57:44,508 [ad522d99-c864-49ec-a4dd-d702ee7a24ab:group-E59A33EEB47F:LeaderElection204] INFO  server.RaftServerConfigKeys (ConfUtils.java:logGet(43)) - raft.server.write.element-limit = 4096 (default)
2019-09-19 16:57:44,508 [838bbf9f-7aeb-447a-af5f-488443b4a0c5:group-F80F86E86D40:LeaderElection203] INFO  server.RaftServerConfigKeys (ConfUtils.java:logGet(43)) - raft.server.write.element-limit = 4096 (default)
2019-09-19 16:57:44,508 [ad522d99-c864-49ec-a4dd-d702ee7a24ab:group-E59A33EEB47F:LeaderElection204] INFO  server.RaftServerConfigKeys (ConfUtils.java:logGet(43)) - raft.server.watch.timeout = 10s (default)
2019-09-19 16:57:44,508 [838bbf9f-7aeb-447a-af5f-488443b4a0c5:group-F80F86E86D40:LeaderElection203] INFO  server.RaftServerConfigKeys (ConfUtils.java:logGet(43)) - raft.server.watch.timeout = 10s (default)
2019-09-19 16:57:44,508 [ad522d99-c864-49ec-a4dd-d702ee7a24ab:group-E59A33EEB47F:LeaderElection204] INFO  server.RaftServerConfigKeys (ConfUtils.java:logGet(43)) - raft.server.watch.timeout.denomination = 1s (default)
2019-09-19 16:57:44,509 [838bbf9f-7aeb-447a-af5f-488443b4a0c5:group-F80F86E86D40:LeaderElection203] INFO  server.RaftServerConfigKeys (ConfUtils.java:logGet(43)) - raft.server.watch.timeout.denomination = 1s (default)
2019-09-19 16:57:44,509 [ad522d99-c864-49ec-a4dd-d702ee7a24ab:group-E59A33EEB47F:LeaderElection204] INFO  server.RaftServerConfigKeys (ConfUtils.java:logGet(43)) - raft.server.watch.element-limit = 65536 (default)
2019-09-19 16:57:44,509 [838bbf9f-7aeb-447a-af5f-488443b4a0c5:group-F80F86E86D40:LeaderElection203] INFO  server.RaftServerConfigKeys (ConfUtils.java:logGet(43)) - raft.server.watch.element-limit = 65536 (default)
2019-09-19 16:57:44,509 [ad522d99-c864-49ec-a4dd-d702ee7a24ab:group-E59A33EEB47F:LeaderElection204] INFO  impl.RoleInfo (RoleInfo.java:updateAndGet(143)) - ad522d99-c864-49ec-a4dd-d702ee7a24ab: start LeaderState
2019-09-19 16:57:44,509 [838bbf9f-7aeb-447a-af5f-488443b4a0c5:group-F80F86E86D40:LeaderElection203] INFO  impl.RoleInfo (RoleInfo.java:updateAndGet(143)) - 838bbf9f-7aeb-447a-af5f-488443b4a0c5: start LeaderState
2019-09-19 16:57:44,509 [ad522d99-c864-49ec-a4dd-d702ee7a24ab:group-E59A33EEB47F:LeaderElection204] INFO  segmented.SegmentedRaftLogWorker (SegmentedRaftLogWorker.java:startLogSegment(380)) - ad522d99-c864-49ec-a4dd-d702ee7a24ab-SegmentedRaftLogWorker:Storage Directory /workdir/hadoop-ozone/ozonefs/target/test-dir/MiniOzoneClusterImpl-3d3a7b5e-b8a0-4c61-bcb4-dda3d52dd67e/datanode-1/data/ratis/a751c8e7-a371-43c4-9f82-e59a33eeb47f: Starting segment from index:0
2019-09-19 16:57:44,509 [838bbf9f-7aeb-447a-af5f-488443b4a0c5:group-F80F86E86D40:LeaderElection203] INFO  segmented.SegmentedRaftLogWorker (SegmentedRaftLogWorker.java:startLogSegment(380)) - 838bbf9f-7aeb-447a-af5f-488443b4a0c5-SegmentedRaftLogWorker:Storage Directory /workdir/hadoop-ozone/ozonefs/target/test-dir/MiniOzoneClusterImpl-3d3a7b5e-b8a0-4c61-bcb4-dda3d52dd67e/datanode-0/data/ratis/fc8dce7a-5189-488e-a2e7-f80f86e86d40: Starting segment from index:0
2019-09-19 16:57:44,510 [ad522d99-c864-49ec-a4dd-d702ee7a24ab:group-E59A33EEB47F:LeaderElection204] INFO  impl.RaftServerImpl (ServerState.java:setRaftConf(361)) - ad522d99-c864-49ec-a4dd-d702ee7a24ab:group-E59A33EEB47F set configuration 0: [ad522d99-c864-49ec-a4dd-d702ee7a24ab:192.168.157.226:39664], old=null at 0
2019-09-19 16:57:44,510 [838bbf9f-7aeb-447a-af5f-488443b4a0c5:group-F80F86E86D40:LeaderElection203] INFO  impl.RaftServerImpl (ServerState.java:setRaftConf(361)) - 838bbf9f-7aeb-447a-af5f-488443b4a0c5:group-F80F86E86D40 set configuration 0: [838bbf9f-7aeb-447a-af5f-488443b4a0c5:192.168.157.226:41146], old=null at 0
2019-09-19 16:57:44,548 [Thread-3111] INFO  impl.FollowerState (FollowerState.java:run(106)) - ad522d99-c864-49ec-a4dd-d702ee7a24ab:group-120D486E53A1 changes to CANDIDATE, lastRpcTime:5186, electionTimeout:5186ms
2019-09-19 16:57:44,549 [Thread-3111] INFO  impl.RoleInfo (RoleInfo.java:shutdownFollowerState(121)) - ad522d99-c864-49ec-a4dd-d702ee7a24ab: shutdown FollowerState
2019-09-19 16:57:44,549 [Thread-3111] INFO  impl.RaftServerImpl (RaftServerImpl.java:setRole(171)) - ad522d99-c864-49ec-a4dd-d702ee7a24ab:group-120D486E53A1 changes role from FOLLOWER to CANDIDATE at term 0 for changeToCandidate
2019-09-19 16:57:44,549 [Thread-3111] INFO  impl.RoleInfo (RoleInfo.java:updateAndGet(143)) - ad522d99-c864-49ec-a4dd-d702ee7a24ab: start LeaderElection
2019-09-19 16:57:44,555 [ad522d99-c864-49ec-a4dd-d702ee7a24ab-SegmentedRaftLogWorker:Storage Directory /workdir/hadoop-ozone/ozonefs/target/test-dir/MiniOzoneClusterImpl-3d3a7b5e-b8a0-4c61-bcb4-dda3d52dd67e/datanode-1/data/ratis/a751c8e7-a371-43c4-9f82-e59a33eeb47f] INFO  segmented.SegmentedRaftLogWorker (SegmentedRaftLogWorker.java:execute(569)) - ad522d99-c864-49ec-a4dd-d702ee7a24ab-SegmentedRaftLogWorker:Storage Directory /workdir/hadoop-ozone/ozonefs/target/test-dir/MiniOzoneClusterImpl-3d3a7b5e-b8a0-4c61-bcb4-dda3d52dd67e/datanode-1/data/ratis/a751c8e7-a371-43c4-9f82-e59a33eeb47f: created new log segment /workdir/hadoop-ozone/ozonefs/target/test-dir/MiniOzoneClusterImpl-3d3a7b5e-b8a0-4c61-bcb4-dda3d52dd67e/datanode-1/data/ratis/a751c8e7-a371-43c4-9f82-e59a33eeb47f/current/log_inprogress_0
2019-09-19 16:57:44,555 [ad522d99-c864-49ec-a4dd-d702ee7a24ab:group-120D486E53A1:LeaderElection205] INFO  impl.LeaderElection (LeaderElection.java:askForVotes(181)) - ad522d99-c864-49ec-a4dd-d702ee7a24ab:group-120D486E53A1:LeaderElection205: begin an election at term 1 for -1: [ad522d99-c864-49ec-a4dd-d702ee7a24ab:192.168.157.226:39664], old=null
2019-09-19 16:57:44,555 [838bbf9f-7aeb-447a-af5f-488443b4a0c5-SegmentedRaftLogWorker:Storage Directory /workdir/hadoop-ozone/ozonefs/target/test-dir/MiniOzoneClusterImpl-3d3a7b5e-b8a0-4c61-bcb4-dda3d52dd67e/datanode-0/data/ratis/fc8dce7a-5189-488e-a2e7-f80f86e86d40] INFO  segmented.SegmentedRaftLogWorker (SegmentedRaftLogWorker.java:execute(569)) - 838bbf9f-7aeb-447a-af5f-488443b4a0c5-SegmentedRaftLogWorker:Storage Directory /workdir/hadoop-ozone/ozonefs/target/test-dir/MiniOzoneClusterImpl-3d3a7b5e-b8a0-4c61-bcb4-dda3d52dd67e/datanode-0/data/ratis/fc8dce7a-5189-488e-a2e7-f80f86e86d40: created new log segment /workdir/hadoop-ozone/ozonefs/target/test-dir/MiniOzoneClusterImpl-3d3a7b5e-b8a0-4c61-bcb4-dda3d52dd67e/datanode-0/data/ratis/fc8dce7a-5189-488e-a2e7-f80f86e86d40/current/log_inprogress_0
2019-09-19 16:57:44,555 [ad522d99-c864-49ec-a4dd-d702ee7a24ab:group-120D486E53A1:LeaderElection205] INFO  impl.RoleInfo (RoleInfo.java:shutdownLeaderElection(134)) - ad522d99-c864-49ec-a4dd-d702ee7a24ab: shutdown LeaderElection
2019-09-19 16:57:44,555 [ad522d99-c864-49ec-a4dd-d702ee7a24ab:group-120D486E53A1:LeaderElection205] INFO  impl.RaftServerImpl (RaftServerImpl.java:setRole(171)) - ad522d99-c864-49ec-a4dd-d702ee7a24ab:group-120D486E53A1 changes role from CANDIDATE to LEADER at term 1 for changeToLeader
2019-09-19 16:57:44,555 [ad522d99-c864-49ec-a4dd-d702ee7a24ab:group-120D486E53A1:LeaderElection205] INFO  impl.RaftServerImpl (ServerState.java:setLeader(263)) - ad522d99-c864-49ec-a4dd-d702ee7a24ab:group-120D486E53A1 change Leader from null to ad522d99-c864-49ec-a4dd-d702ee7a24ab at term 1 for becomeLeader, leader elected after 5197ms
2019-09-19 16:57:44,556 [ad522d99-c864-49ec-a4dd-d702ee7a24ab:group-120D486E53A1:LeaderElection205] INFO  server.RaftServerConfigKeys (ConfUtils.java:logGet(43)) - raft.server.staging.catchup.gap = 1000 (default)
2019-09-19 16:57:44,556 [ad522d99-c864-49ec-a4dd-d702ee7a24ab:group-120D486E53A1:LeaderElection205] INFO  server.RaftServerConfigKeys (ConfUtils.java:logGet(43)) - raft.server.rpc.sleep.time = 25ms (default)
2019-09-19 16:57:44,556 [ad522d99-c864-49ec-a4dd-d702ee7a24ab:group-120D486E53A1:LeaderElection205] INFO  server.RaftServerConfigKeys (ConfUtils.java:logGet(43)) - raft.server.write.element-limit = 4096 (default)
2019-09-19 16:57:44,556 [ad522d99-c864-49ec-a4dd-d702ee7a24ab:group-120D486E53A1:LeaderElection205] INFO  server.RaftServerConfigKeys (ConfUtils.java:logGet(43)) - raft.server.watch.timeout = 10s (default)
2019-09-19 16:57:44,556 [ad522d99-c864-49ec-a4dd-d702ee7a24ab:group-120D486E53A1:LeaderElection205] INFO  server.RaftServerConfigKeys (ConfUtils.java:logGet(43)) - raft.server.watch.timeout.denomination = 1s (default)
2019-09-19 16:57:44,556 [ad522d99-c864-49ec-a4dd-d702ee7a24ab:group-120D486E53A1:LeaderElection205] INFO  server.RaftServerConfigKeys (ConfUtils.java:logGet(43)) - raft.server.watch.element-limit = 65536 (default)
2019-09-19 16:57:44,557 [ad522d99-c864-49ec-a4dd-d702ee7a24ab:group-120D486E53A1:LeaderElection205] INFO  impl.RoleInfo (RoleInfo.java:updateAndGet(143)) - ad522d99-c864-49ec-a4dd-d702ee7a24ab: start LeaderState
2019-09-19 16:57:44,557 [ad522d99-c864-49ec-a4dd-d702ee7a24ab:group-120D486E53A1:LeaderElection205] INFO  segmented.SegmentedRaftLogWorker (SegmentedRaftLogWorker.java:startLogSegment(380)) - ad522d99-c864-49ec-a4dd-d702ee7a24ab-SegmentedRaftLogWorker:Storage Directory /workdir/hadoop-ozone/ozonefs/target/test-dir/MiniOzoneClusterImpl-3d3a7b5e-b8a0-4c61-bcb4-dda3d52dd67e/datanode-1/data/ratis/9371a2d9-a33f-4dc2-afb1-120d486e53a1: Starting segment from index:0
2019-09-19 16:57:44,557 [ad522d99-c864-49ec-a4dd-d702ee7a24ab:group-120D486E53A1:LeaderElection205] INFO  impl.RaftServerImpl (ServerState.java:setRaftConf(361)) - ad522d99-c864-49ec-a4dd-d702ee7a24ab:group-120D486E53A1 set configuration 0: [ad522d99-c864-49ec-a4dd-d702ee7a24ab:192.168.157.226:39664], old=null at 0
2019-09-19 16:57:44,570 [Thread-3120] INFO  impl.FollowerState (FollowerState.java:run(106)) - ad522d99-c864-49ec-a4dd-d702ee7a24ab:group-2B2BF6D2ED8B changes to CANDIDATE, lastRpcTime:5090, electionTimeout:5090ms
2019-09-19 16:57:44,570 [Thread-3120] INFO  impl.RoleInfo (RoleInfo.java:shutdownFollowerState(121)) - ad522d99-c864-49ec-a4dd-d702ee7a24ab: shutdown FollowerState
2019-09-19 16:57:44,570 [Thread-3120] INFO  impl.RaftServerImpl (RaftServerImpl.java:setRole(171)) - ad522d99-c864-49ec-a4dd-d702ee7a24ab:group-2B2BF6D2ED8B changes role from FOLLOWER to CANDIDATE at term 0 for changeToCandidate
2019-09-19 16:57:44,570 [Thread-3120] INFO  impl.RoleInfo (RoleInfo.java:updateAndGet(143)) - ad522d99-c864-49ec-a4dd-d702ee7a24ab: start LeaderElection
2019-09-19 16:57:44,594 [Thread-3126] INFO  impl.FollowerState (FollowerState.java:run(106)) - ad522d99-c864-49ec-a4dd-d702ee7a24ab:group-77F063D2ABC3 changes to CANDIDATE, lastRpcTime:5033, electionTimeout:5030ms
2019-09-19 16:57:44,594 [Thread-3117] INFO  impl.FollowerState (FollowerState.java:run(106)) - ad522d99-c864-49ec-a4dd-d702ee7a24ab:group-ACAC472A0E5C changes to CANDIDATE, lastRpcTime:5157, electionTimeout:5134ms
2019-09-19 16:57:44,594 [Thread-3126] INFO  impl.RoleInfo (RoleInfo.java:shutdownFollowerState(121)) - ad522d99-c864-49ec-a4dd-d702ee7a24ab: shutdown FollowerState
2019-09-19 16:57:44,594 [Thread-3117] INFO  impl.RoleInfo (RoleInfo.java:shutdownFollowerState(121)) - ad522d99-c864-49ec-a4dd-d702ee7a24ab: shutdown FollowerState
2019-09-19 16:57:44,595 [Thread-3126] INFO  impl.RaftServerImpl (RaftServerImpl.java:setRole(171)) - ad522d99-c864-49ec-a4dd-d702ee7a24ab:group-77F063D2ABC3 changes role from FOLLOWER to CANDIDATE at term 0 for changeToCandidate
2019-09-19 16:57:44,595 [Thread-3117] INFO  impl.RaftServerImpl (RaftServerImpl.java:setRole(171)) - ad522d99-c864-49ec-a4dd-d702ee7a24ab:group-ACAC472A0E5C changes role from FOLLOWER to CANDIDATE at term 0 for changeToCandidate
2019-09-19 16:57:44,595 [Thread-3126] INFO  impl.RoleInfo (RoleInfo.java:updateAndGet(143)) - ad522d99-c864-49ec-a4dd-d702ee7a24ab: start LeaderElection
2019-09-19 16:57:44,595 [Thread-3117] INFO  impl.RoleInfo (RoleInfo.java:updateAndGet(143)) - ad522d99-c864-49ec-a4dd-d702ee7a24ab: start LeaderElection
2019-09-19 16:57:44,607 [ad522d99-c864-49ec-a4dd-d702ee7a24ab-SegmentedRaftLogWorker:Storage Directory /workdir/hadoop-ozone/ozonefs/target/test-dir/MiniOzoneClusterImpl-3d3a7b5e-b8a0-4c61-bcb4-dda3d52dd67e/datanode-1/data/ratis/9371a2d9-a33f-4dc2-afb1-120d486e53a1] INFO  segmented.SegmentedRaftLogWorker (SegmentedRaftLogWorker.java:execute(569)) - ad522d99-c864-49ec-a4dd-d702ee7a24ab-SegmentedRaftLogWorker:Storage Directory /workdir/hadoop-ozone/ozonefs/target/test-dir/MiniOzoneClusterImpl-3d3a7b5e-b8a0-4c61-bcb4-dda3d52dd67e/datanode-1/data/ratis/9371a2d9-a33f-4dc2-afb1-120d486e53a1: created new log segment /workdir/hadoop-ozone/ozonefs/target/test-dir/MiniOzoneClusterImpl-3d3a7b5e-b8a0-4c61-bcb4-dda3d52dd67e/datanode-1/data/ratis/9371a2d9-a33f-4dc2-afb1-120d486e53a1/current/log_inprogress_0
2019-09-19 16:57:44,607 [ad522d99-c864-49ec-a4dd-d702ee7a24ab:group-ACAC472A0E5C:LeaderElection208] INFO  impl.LeaderElection (LeaderElection.java:askForVotes(181)) - ad522d99-c864-49ec-a4dd-d702ee7a24ab:group-ACAC472A0E5C:LeaderElection208: begin an election at term 1 for -1: [ad522d99-c864-49ec-a4dd-d702ee7a24ab:192.168.157.226:39664], old=null
2019-09-19 16:57:44,607 [ad522d99-c864-49ec-a4dd-d702ee7a24ab:group-77F063D2ABC3:LeaderElection207] INFO  impl.LeaderElection (LeaderElection.java:askForVotes(181)) - ad522d99-c864-49ec-a4dd-d702ee7a24ab:group-77F063D2ABC3:LeaderElection207: begin an election at term 1 for -1: [ad522d99-c864-49ec-a4dd-d702ee7a24ab:192.168.157.226:39664], old=null
2019-09-19 16:57:44,607 [ad522d99-c864-49ec-a4dd-d702ee7a24ab:group-2B2BF6D2ED8B:LeaderElection206] INFO  impl.LeaderElection (LeaderElection.java:askForVotes(181)) - ad522d99-c864-49ec-a4dd-d702ee7a24ab:group-2B2BF6D2ED8B:LeaderElection206: begin an election at term 1 for -1: [ad522d99-c864-49ec-a4dd-d702ee7a24ab:192.168.157.226:39664], old=null
2019-09-19 16:57:44,608 [ad522d99-c864-49ec-a4dd-d702ee7a24ab:group-77F063D2ABC3:LeaderElection207] INFO  impl.RoleInfo (RoleInfo.java:shutdownLeaderElection(134)) - ad522d99-c864-49ec-a4dd-d702ee7a24ab: shutdown LeaderElection
2019-09-19 16:57:44,608 [ad522d99-c864-49ec-a4dd-d702ee7a24ab:group-ACAC472A0E5C:LeaderElection208] INFO  impl.RoleInfo (RoleInfo.java:shutdownLeaderElection(134)) - ad522d99-c864-49ec-a4dd-d702ee7a24ab: shutdown LeaderElection
2019-09-19 16:57:44,608 [ad522d99-c864-49ec-a4dd-d702ee7a24ab:group-77F063D2ABC3:LeaderElection207] INFO  impl.RaftServerImpl (RaftServerImpl.java:setRole(171)) - ad522d99-c864-49ec-a4dd-d702ee7a24ab:group-77F063D2ABC3 changes role from CANDIDATE to LEADER at term 1 for changeToLeader
2019-09-19 16:57:44,608 [ad522d99-c864-49ec-a4dd-d702ee7a24ab:group-77F063D2ABC3:LeaderElection207] INFO  impl.RaftServerImpl (ServerState.java:setLeader(263)) - ad522d99-c864-49ec-a4dd-d702ee7a24ab:group-77F063D2ABC3 change Leader from null to ad522d99-c864-49ec-a4dd-d702ee7a24ab at term 1 for becomeLeader, leader elected after 5050ms
2019-09-19 16:57:44,608 [ad522d99-c864-49ec-a4dd-d702ee7a24ab:group-2B2BF6D2ED8B:LeaderElection206] INFO  impl.RoleInfo (RoleInfo.java:shutdownLeaderElection(134)) - ad522d99-c864-49ec-a4dd-d702ee7a24ab: shutdown LeaderElection
2019-09-19 16:57:44,608 [ad522d99-c864-49ec-a4dd-d702ee7a24ab:group-77F063D2ABC3:LeaderElection207] INFO  server.RaftServerConfigKeys (ConfUtils.java:logGet(43)) - raft.server.staging.catchup.gap = 1000 (default)
2019-09-19 16:57:44,609 [ad522d99-c864-49ec-a4dd-d702ee7a24ab:group-77F063D2ABC3:LeaderElection207] INFO  server.RaftServerConfigKeys (ConfUtils.java:logGet(43)) - raft.server.rpc.sleep.time = 25ms (default)
2019-09-19 16:57:44,608 [ad522d99-c864-49ec-a4dd-d702ee7a24ab:group-ACAC472A0E5C:LeaderElection208] INFO  impl.RaftServerImpl (RaftServerImpl.java:setRole(171)) - ad522d99-c864-49ec-a4dd-d702ee7a24ab:group-ACAC472A0E5C changes role from CANDIDATE to LEADER at term 1 for changeToLeader
2019-09-19 16:57:44,609 [ad522d99-c864-49ec-a4dd-d702ee7a24ab:group-77F063D2ABC3:LeaderElection207] INFO  server.RaftServerConfigKeys (ConfUtils.java:logGet(43)) - raft.server.write.element-limit = 4096 (default)
2019-09-19 16:57:44,608 [ad522d99-c864-49ec-a4dd-d702ee7a24ab:group-2B2BF6D2ED8B:LeaderElection206] INFO  impl.RaftServerImpl (RaftServerImpl.java:setRole(171)) - ad522d99-c864-49ec-a4dd-d702ee7a24ab:group-2B2BF6D2ED8B changes role from CANDIDATE to LEADER at term 1 for changeToLeader
2019-09-19 16:57:44,609 [ad522d99-c864-49ec-a4dd-d702ee7a24ab:group-77F063D2ABC3:LeaderElection207] INFO  server.RaftServerConfigKeys (ConfUtils.java:logGet(43)) - raft.server.watch.timeout = 10s (default)
2019-09-19 16:57:44,609 [ad522d99-c864-49ec-a4dd-d702ee7a24ab:group-77F063D2ABC3:LeaderElection207] INFO  server.RaftServerConfigKeys (ConfUtils.java:logGet(43)) - raft.server.watch.timeout.denomination = 1s (default)
2019-09-19 16:57:44,609 [ad522d99-c864-49ec-a4dd-d702ee7a24ab:group-ACAC472A0E5C:LeaderElection208] INFO  impl.RaftServerImpl (ServerState.java:setLeader(263)) - ad522d99-c864-49ec-a4dd-d702ee7a24ab:group-ACAC472A0E5C change Leader from null to ad522d99-c864-49ec-a4dd-d702ee7a24ab at term 1 for becomeLeader, leader elected after 5175ms
2019-09-19 16:57:44,609 [ad522d99-c864-49ec-a4dd-d702ee7a24ab:group-77F063D2ABC3:LeaderElection207] INFO  server.RaftServerConfigKeys (ConfUtils.java:logGet(43)) - raft.server.watch.element-limit = 65536 (default)
2019-09-19 16:57:44,609 [ad522d99-c864-49ec-a4dd-d702ee7a24ab:group-2B2BF6D2ED8B:LeaderElection206] INFO  impl.RaftServerImpl (ServerState.java:setLeader(263)) - ad522d99-c864-49ec-a4dd-d702ee7a24ab:group-2B2BF6D2ED8B change Leader from null to ad522d99-c864-49ec-a4dd-d702ee7a24ab at term 1 for becomeLeader, leader elected after 5135ms
2019-09-19 16:57:44,610 [ad522d99-c864-49ec-a4dd-d702ee7a24ab:group-77F063D2ABC3:LeaderElection207] INFO  impl.RoleInfo (RoleInfo.java:updateAndGet(143)) - ad522d99-c864-49ec-a4dd-d702ee7a24ab: start LeaderState
2019-09-19 16:57:44,609 [ad522d99-c864-49ec-a4dd-d702ee7a24ab:group-ACAC472A0E5C:LeaderElection208] INFO  server.RaftServerConfigKeys (ConfUtils.java:logGet(43)) - raft.server.staging.catchup.gap = 1000 (default)
2019-09-19 16:57:44,610 [ad522d99-c864-49ec-a4dd-d702ee7a24ab:group-77F063D2ABC3:LeaderElection207] INFO  segmented.SegmentedRaftLogWorker (SegmentedRaftLogWorker.java:startLogSegment(380)) - ad522d99-c864-49ec-a4dd-d702ee7a24ab-SegmentedRaftLogWorker:Storage Directory /workdir/hadoop-ozone/ozonefs/target/test-dir/MiniOzoneClusterImpl-3d3a7b5e-b8a0-4c61-bcb4-dda3d52dd67e/datanode-1/data/ratis/e14bc023-2f63-4613-a312-77f063d2abc3: Starting segment from index:0
2019-09-19 16:57:44,610 [Thread-3123] INFO  impl.FollowerState (FollowerState.java:run(106)) - ad522d99-c864-49ec-a4dd-d702ee7a24ab:group-C9D63C920E20 changes to CANDIDATE, lastRpcTime:5087, electionTimeout:5087ms
2019-09-19 16:57:44,610 [Thread-3123] INFO  impl.RoleInfo (RoleInfo.java:shutdownFollowerState(121)) - ad522d99-c864-49ec-a4dd-d702ee7a24ab: shutdown FollowerState
2019-09-19 16:57:44,610 [ad522d99-c864-49ec-a4dd-d702ee7a24ab:group-2B2BF6D2ED8B:LeaderElection206] INFO  server.RaftServerConfigKeys (ConfUtils.java:logGet(43)) - raft.server.staging.catchup.gap = 1000 (default)
2019-09-19 16:57:44,610 [Thread-3123] INFO  impl.RaftServerImpl (RaftServerImpl.java:setRole(171)) - ad522d99-c864-49ec-a4dd-d702ee7a24ab:group-C9D63C920E20 changes role from FOLLOWER to CANDIDATE at term 0 for changeToCandidate
2019-09-19 16:57:44,610 [ad522d99-c864-49ec-a4dd-d702ee7a24ab:group-77F063D2ABC3:LeaderElection207] INFO  impl.RaftServerImpl (ServerState.java:setRaftConf(361)) - ad522d99-c864-49ec-a4dd-d702ee7a24ab:group-77F063D2ABC3 set configuration 0: [ad522d99-c864-49ec-a4dd-d702ee7a24ab:192.168.157.226:39664], old=null at 0
2019-09-19 16:57:44,610 [ad522d99-c864-49ec-a4dd-d702ee7a24ab:group-ACAC472A0E5C:LeaderElection208] INFO  server.RaftServerConfigKeys (ConfUtils.java:logGet(43)) - raft.server.rpc.sleep.time = 25ms (default)
2019-09-19 16:57:44,611 [Thread-3123] INFO  impl.RoleInfo (RoleInfo.java:updateAndGet(143)) - ad522d99-c864-49ec-a4dd-d702ee7a24ab: start LeaderElection
2019-09-19 16:57:44,611 [ad522d99-c864-49ec-a4dd-d702ee7a24ab:group-2B2BF6D2ED8B:LeaderElection206] INFO  server.RaftServerConfigKeys (ConfUtils.java:logGet(43)) - raft.server.rpc.sleep.time = 25ms (default)
2019-09-19 16:57:44,611 [ad522d99-c864-49ec-a4dd-d702ee7a24ab:group-ACAC472A0E5C:LeaderElection208] INFO  server.RaftServerConfigKeys (ConfUtils.java:logGet(43)) - raft.server.write.element-limit = 4096 (default)
2019-09-19 16:57:44,611 [ad522d99-c864-49ec-a4dd-d702ee7a24ab:group-2B2BF6D2ED8B:LeaderElection206] INFO  server.RaftServerConfigKeys (ConfUtils.java:logGet(43)) - raft.server.write.element-limit = 4096 (default)
2019-09-19 16:57:44,638 [ad522d99-c864-49ec-a4dd-d702ee7a24ab:group-ACAC472A0E5C:LeaderElection208] INFO  server.RaftServerConfigKeys (ConfUtils.java:logGet(43)) - raft.server.watch.timeout = 10s (default)
2019-09-19 16:57:44,638 [ad522d99-c864-49ec-a4dd-d702ee7a24ab:group-2B2BF6D2ED8B:LeaderElection206] INFO  server.RaftServerConfigKeys (ConfUtils.java:logGet(43)) - raft.server.watch.timeout = 10s (default)
2019-09-19 16:57:44,638 [ad522d99-c864-49ec-a4dd-d702ee7a24ab:group-ACAC472A0E5C:LeaderElection208] INFO  server.RaftServerConfigKeys (ConfUtils.java:logGet(43)) - raft.server.watch.timeout.denomination = 1s (default)
2019-09-19 16:57:44,638 [ad522d99-c864-49ec-a4dd-d702ee7a24ab:group-2B2BF6D2ED8B:LeaderElection206] INFO  server.RaftServerConfigKeys (ConfUtils.java:logGet(43)) - raft.server.watch.timeout.denomination = 1s (default)
2019-09-19 16:57:44,639 [ad522d99-c864-49ec-a4dd-d702ee7a24ab:group-ACAC472A0E5C:LeaderElection208] INFO  server.RaftServerConfigKeys (ConfUtils.java:logGet(43)) - raft.server.watch.element-limit = 65536 (default)
2019-09-19 16:57:44,639 [ad522d99-c864-49ec-a4dd-d702ee7a24ab:group-2B2BF6D2ED8B:LeaderElection206] INFO  server.RaftServerConfigKeys (ConfUtils.java:logGet(43)) - raft.server.watch.element-limit = 65536 (default)
2019-09-19 16:57:44,639 [ad522d99-c864-49ec-a4dd-d702ee7a24ab:group-ACAC472A0E5C:LeaderElection208] INFO  impl.RoleInfo (RoleInfo.java:updateAndGet(143)) - ad522d99-c864-49ec-a4dd-d702ee7a24ab: start LeaderState
2019-09-19 16:57:44,639 [ad522d99-c864-49ec-a4dd-d702ee7a24ab:group-2B2BF6D2ED8B:LeaderElection206] INFO  impl.RoleInfo (RoleInfo.java:updateAndGet(143)) - ad522d99-c864-49ec-a4dd-d702ee7a24ab: start LeaderState
2019-09-19 16:57:44,639 [ad522d99-c864-49ec-a4dd-d702ee7a24ab:group-ACAC472A0E5C:LeaderElection208] INFO  segmented.SegmentedRaftLogWorker (SegmentedRaftLogWorker.java:startLogSegment(380)) - ad522d99-c864-49ec-a4dd-d702ee7a24ab-SegmentedRaftLogWorker:Storage Directory /workdir/hadoop-ozone/ozonefs/target/test-dir/MiniOzoneClusterImpl-3d3a7b5e-b8a0-4c61-bcb4-dda3d52dd67e/datanode-1/data/ratis/5dd4dd83-1586-4e5c-b148-acac472a0e5c: Starting segment from index:0
2019-09-19 16:57:44,639 [ad522d99-c864-49ec-a4dd-d702ee7a24ab:group-2B2BF6D2ED8B:LeaderElection206] INFO  segmented.SegmentedRaftLogWorker (SegmentedRaftLogWorker.java:startLogSegment(380)) - ad522d99-c864-49ec-a4dd-d702ee7a24ab-SegmentedRaftLogWorker:Storage Directory /workdir/hadoop-ozone/ozonefs/target/test-dir/MiniOzoneClusterImpl-3d3a7b5e-b8a0-4c61-bcb4-dda3d52dd67e/datanode-1/data/ratis/86c1de3b-1b90-42be-b1f2-2b2bf6d2ed8b: Starting segment from index:0
2019-09-19 16:57:44,640 [ad522d99-c864-49ec-a4dd-d702ee7a24ab:group-ACAC472A0E5C:LeaderElection208] INFO  impl.RaftServerImpl (ServerState.java:setRaftConf(361)) - ad522d99-c864-49ec-a4dd-d702ee7a24ab:group-ACAC472A0E5C set configuration 0: [ad522d99-c864-49ec-a4dd-d702ee7a24ab:192.168.157.226:39664], old=null at 0
2019-09-19 16:57:44,640 [ad522d99-c864-49ec-a4dd-d702ee7a24ab:group-2B2BF6D2ED8B:LeaderElection206] INFO  impl.RaftServerImpl (ServerState.java:setRaftConf(361)) - ad522d99-c864-49ec-a4dd-d702ee7a24ab:group-2B2BF6D2ED8B set configuration 0: [ad522d99-c864-49ec-a4dd-d702ee7a24ab:192.168.157.226:39664], old=null at 0
2019-09-19 16:57:44,662 [ad522d99-c864-49ec-a4dd-d702ee7a24ab-SegmentedRaftLogWorker:Storage Directory /workdir/hadoop-ozone/ozonefs/target/test-dir/MiniOzoneClusterImpl-3d3a7b5e-b8a0-4c61-bcb4-dda3d52dd67e/datanode-1/data/ratis/e14bc023-2f63-4613-a312-77f063d2abc3] INFO  segmented.SegmentedRaftLogWorker (SegmentedRaftLogWorker.java:execute(569)) - ad522d99-c864-49ec-a4dd-d702ee7a24ab-SegmentedRaftLogWorker:Storage Directory /workdir/hadoop-ozone/ozonefs/target/test-dir/MiniOzoneClusterImpl-3d3a7b5e-b8a0-4c61-bcb4-dda3d52dd67e/datanode-1/data/ratis/e14bc023-2f63-4613-a312-77f063d2abc3: created new log segment /workdir/hadoop-ozone/ozonefs/target/test-dir/MiniOzoneClusterImpl-3d3a7b5e-b8a0-4c61-bcb4-dda3d52dd67e/datanode-1/data/ratis/e14bc023-2f63-4613-a312-77f063d2abc3/current/log_inprogress_0
2019-09-19 16:57:44,663 [ad522d99-c864-49ec-a4dd-d702ee7a24ab:group-C9D63C920E20:LeaderElection209] INFO  impl.LeaderElection (LeaderElection.java:askForVotes(181)) - ad522d99-c864-49ec-a4dd-d702ee7a24ab:group-C9D63C920E20:LeaderElection209: begin an election at term 1 for -1: [ad522d99-c864-49ec-a4dd-d702ee7a24ab:192.168.157.226:39664], old=null
2019-09-19 16:57:44,663 [ad522d99-c864-49ec-a4dd-d702ee7a24ab:group-C9D63C920E20:LeaderElection209] INFO  impl.RoleInfo (RoleInfo.java:shutdownLeaderElection(134)) - ad522d99-c864-49ec-a4dd-d702ee7a24ab: shutdown LeaderElection
2019-09-19 16:57:44,663 [ad522d99-c864-49ec-a4dd-d702ee7a24ab:group-C9D63C920E20:LeaderElection209] INFO  impl.RaftServerImpl (RaftServerImpl.java:setRole(171)) - ad522d99-c864-49ec-a4dd-d702ee7a24ab:group-C9D63C920E20 changes role from CANDIDATE to LEADER at term 1 for changeToLeader
2019-09-19 16:57:44,663 [ad522d99-c864-49ec-a4dd-d702ee7a24ab:group-C9D63C920E20:LeaderElection209] INFO  impl.RaftServerImpl (ServerState.java:setLeader(263)) - ad522d99-c864-49ec-a4dd-d702ee7a24ab:group-C9D63C920E20 change Leader from null to ad522d99-c864-49ec-a4dd-d702ee7a24ab at term 1 for becomeLeader, leader elected after 5145ms
2019-09-19 16:57:44,663 [ad522d99-c864-49ec-a4dd-d702ee7a24ab:group-C9D63C920E20:LeaderElection209] INFO  server.RaftServerConfigKeys (ConfUtils.java:logGet(43)) - raft.server.staging.catchup.gap = 1000 (default)
2019-09-19 16:57:44,664 [ad522d99-c864-49ec-a4dd-d702ee7a24ab:group-C9D63C920E20:LeaderElection209] INFO  server.RaftServerConfigKeys (ConfUtils.java:logGet(43)) - raft.server.rpc.sleep.time = 25ms (default)
2019-09-19 16:57:44,664 [ad522d99-c864-49ec-a4dd-d702ee7a24ab:group-C9D63C920E20:LeaderElection209] INFO  server.RaftServerConfigKeys (ConfUtils.java:logGet(43)) - raft.server.write.element-limit = 4096 (default)
2019-09-19 16:57:44,664 [ad522d99-c864-49ec-a4dd-d702ee7a24ab:group-C9D63C920E20:LeaderElection209] INFO  server.RaftServerConfigKeys (ConfUtils.java:logGet(43)) - raft.server.watch.timeout = 10s (default)
2019-09-19 16:57:44,664 [ad522d99-c864-49ec-a4dd-d702ee7a24ab:group-C9D63C920E20:LeaderElection209] INFO  server.RaftServerConfigKeys (ConfUtils.java:logGet(43)) - raft.server.watch.timeout.denomination = 1s (default)
2019-09-19 16:57:44,664 [ad522d99-c864-49ec-a4dd-d702ee7a24ab:group-C9D63C920E20:LeaderElection209] INFO  server.RaftServerConfigKeys (ConfUtils.java:logGet(43)) - raft.server.watch.element-limit = 65536 (default)
2019-09-19 16:57:44,664 [ad522d99-c864-49ec-a4dd-d702ee7a24ab:group-C9D63C920E20:LeaderElection209] INFO  impl.RoleInfo (RoleInfo.java:updateAndGet(143)) - ad522d99-c864-49ec-a4dd-d702ee7a24ab: start LeaderState
2019-09-19 16:57:44,665 [ad522d99-c864-49ec-a4dd-d702ee7a24ab:group-C9D63C920E20:LeaderElection209] INFO  segmented.SegmentedRaftLogWorker (SegmentedRaftLogWorker.java:startLogSegment(380)) - ad522d99-c864-49ec-a4dd-d702ee7a24ab-SegmentedRaftLogWorker:Storage Directory /workdir/hadoop-ozone/ozonefs/target/test-dir/MiniOzoneClusterImpl-3d3a7b5e-b8a0-4c61-bcb4-dda3d52dd67e/datanode-1/data/ratis/e8a53c1c-35ff-454d-8fb5-c9d63c920e20: Starting segment from index:0
2019-09-19 16:57:44,665 [ad522d99-c864-49ec-a4dd-d702ee7a24ab:group-C9D63C920E20:LeaderElection209] INFO  impl.RaftServerImpl (ServerState.java:setRaftConf(361)) - ad522d99-c864-49ec-a4dd-d702ee7a24ab:group-C9D63C920E20 set configuration 0: [ad522d99-c864-49ec-a4dd-d702ee7a24ab:192.168.157.226:39664], old=null at 0
2019-09-19 16:57:44,689 [ad522d99-c864-49ec-a4dd-d702ee7a24ab-SegmentedRaftLogWorker:Storage Directory /workdir/hadoop-ozone/ozonefs/target/test-dir/MiniOzoneClusterImpl-3d3a7b5e-b8a0-4c61-bcb4-dda3d52dd67e/datanode-1/data/ratis/86c1de3b-1b90-42be-b1f2-2b2bf6d2ed8b] INFO  segmented.SegmentedRaftLogWorker (SegmentedRaftLogWorker.java:execute(569)) - ad522d99-c864-49ec-a4dd-d702ee7a24ab-SegmentedRaftLogWorker:Storage Directory /workdir/hadoop-ozone/ozonefs/target/test-dir/MiniOzoneClusterImpl-3d3a7b5e-b8a0-4c61-bcb4-dda3d52dd67e/datanode-1/data/ratis/86c1de3b-1b90-42be-b1f2-2b2bf6d2ed8b: created new log segment /workdir/hadoop-ozone/ozonefs/target/test-dir/MiniOzoneClusterImpl-3d3a7b5e-b8a0-4c61-bcb4-dda3d52dd67e/datanode-1/data/ratis/86c1de3b-1b90-42be-b1f2-2b2bf6d2ed8b/current/log_inprogress_0
2019-09-19 16:57:44,690 [ad522d99-c864-49ec-a4dd-d702ee7a24ab-SegmentedRaftLogWorker:Storage Directory /workdir/hadoop-ozone/ozonefs/target/test-dir/MiniOzoneClusterImpl-3d3a7b5e-b8a0-4c61-bcb4-dda3d52dd67e/datanode-1/data/ratis/5dd4dd83-1586-4e5c-b148-acac472a0e5c] INFO  segmented.SegmentedRaftLogWorker (SegmentedRaftLogWorker.java:execute(569)) - ad522d99-c864-49ec-a4dd-d702ee7a24ab-SegmentedRaftLogWorker:Storage Directory /workdir/hadoop-ozone/ozonefs/target/test-dir/MiniOzoneClusterImpl-3d3a7b5e-b8a0-4c61-bcb4-dda3d52dd67e/datanode-1/data/ratis/5dd4dd83-1586-4e5c-b148-acac472a0e5c: created new log segment /workdir/hadoop-ozone/ozonefs/target/test-dir/MiniOzoneClusterImpl-3d3a7b5e-b8a0-4c61-bcb4-dda3d52dd67e/datanode-1/data/ratis/5dd4dd83-1586-4e5c-b148-acac472a0e5c/current/log_inprogress_0
2019-09-19 16:57:44,708 [ad522d99-c864-49ec-a4dd-d702ee7a24ab-SegmentedRaftLogWorker:Storage Directory /workdir/hadoop-ozone/ozonefs/target/test-dir/MiniOzoneClusterImpl-3d3a7b5e-b8a0-4c61-bcb4-dda3d52dd67e/datanode-1/data/ratis/e8a53c1c-35ff-454d-8fb5-c9d63c920e20] INFO  segmented.SegmentedRaftLogWorker (SegmentedRaftLogWorker.java:execute(569)) - ad522d99-c864-49ec-a4dd-d702ee7a24ab-SegmentedRaftLogWorker:Storage Directory /workdir/hadoop-ozone/ozonefs/target/test-dir/MiniOzoneClusterImpl-3d3a7b5e-b8a0-4c61-bcb4-dda3d52dd67e/datanode-1/data/ratis/e8a53c1c-35ff-454d-8fb5-c9d63c920e20: created new log segment /workdir/hadoop-ozone/ozonefs/target/test-dir/MiniOzoneClusterImpl-3d3a7b5e-b8a0-4c61-bcb4-dda3d52dd67e/datanode-1/data/ratis/e8a53c1c-35ff-454d-8fb5-c9d63c920e20/current/log_inprogress_0
2019-09-19 16:57:44,739 [Thread-3135] INFO  impl.FollowerState (FollowerState.java:run(106)) - 6272d7ea-0722-46cc-8a09-c153bdaa0261:group-8D63C2688A60 changes to CANDIDATE, lastRpcTime:5079, electionTimeout:5079ms
2019-09-19 16:57:44,739 [Thread-3135] INFO  impl.RoleInfo (RoleInfo.java:shutdownFollowerState(121)) - 6272d7ea-0722-46cc-8a09-c153bdaa0261: shutdown FollowerState
2019-09-19 16:57:44,739 [Thread-3135] INFO  impl.RaftServerImpl (RaftServerImpl.java:setRole(171)) - 6272d7ea-0722-46cc-8a09-c153bdaa0261:group-8D63C2688A60 changes role from FOLLOWER to CANDIDATE at term 0 for changeToCandidate
2019-09-19 16:57:44,739 [Thread-3135] INFO  impl.RoleInfo (RoleInfo.java:updateAndGet(143)) - 6272d7ea-0722-46cc-8a09-c153bdaa0261: start LeaderElection
2019-09-19 16:57:44,755 [6272d7ea-0722-46cc-8a09-c153bdaa0261:group-8D63C2688A60:LeaderElection210] INFO  impl.LeaderElection (LeaderElection.java:askForVotes(181)) - 6272d7ea-0722-46cc-8a09-c153bdaa0261:group-8D63C2688A60:LeaderElection210: begin an election at term 1 for -1: [6272d7ea-0722-46cc-8a09-c153bdaa0261:192.168.157.226:44160], old=null
2019-09-19 16:57:44,755 [6272d7ea-0722-46cc-8a09-c153bdaa0261:group-8D63C2688A60:LeaderElection210] INFO  impl.RoleInfo (RoleInfo.java:shutdownLeaderElection(134)) - 6272d7ea-0722-46cc-8a09-c153bdaa0261: shutdown LeaderElection
2019-09-19 16:57:44,755 [6272d7ea-0722-46cc-8a09-c153bdaa0261:group-8D63C2688A60:LeaderElection210] INFO  impl.RaftServerImpl (RaftServerImpl.java:setRole(171)) - 6272d7ea-0722-46cc-8a09-c153bdaa0261:group-8D63C2688A60 changes role from CANDIDATE to LEADER at term 1 for changeToLeader
2019-09-19 16:57:44,755 [6272d7ea-0722-46cc-8a09-c153bdaa0261:group-8D63C2688A60:LeaderElection210] INFO  impl.RaftServerImpl (ServerState.java:setLeader(263)) - 6272d7ea-0722-46cc-8a09-c153bdaa0261:group-8D63C2688A60 change Leader from null to 6272d7ea-0722-46cc-8a09-c153bdaa0261 at term 1 for becomeLeader, leader elected after 5098ms
2019-09-19 16:57:44,756 [6272d7ea-0722-46cc-8a09-c153bdaa0261:group-8D63C2688A60:LeaderElection210] INFO  server.RaftServerConfigKeys (ConfUtils.java:logGet(43)) - raft.server.staging.catchup.gap = 1000 (default)
2019-09-19 16:57:44,756 [6272d7ea-0722-46cc-8a09-c153bdaa0261:group-8D63C2688A60:LeaderElection210] INFO  server.RaftServerConfigKeys (ConfUtils.java:logGet(43)) - raft.server.rpc.sleep.time = 25ms (default)
2019-09-19 16:57:44,756 [6272d7ea-0722-46cc-8a09-c153bdaa0261:group-8D63C2688A60:LeaderElection210] INFO  server.RaftServerConfigKeys (ConfUtils.java:logGet(43)) - raft.server.write.element-limit = 4096 (default)
2019-09-19 16:57:44,756 [6272d7ea-0722-46cc-8a09-c153bdaa0261:group-8D63C2688A60:LeaderElection210] INFO  server.RaftServerConfigKeys (ConfUtils.java:logGet(43)) - raft.server.watch.timeout = 10s (default)
2019-09-19 16:57:44,756 [6272d7ea-0722-46cc-8a09-c153bdaa0261:group-8D63C2688A60:LeaderElection210] INFO  server.RaftServerConfigKeys (ConfUtils.java:logGet(43)) - raft.server.watch.timeout.denomination = 1s (default)
2019-09-19 16:57:44,756 [6272d7ea-0722-46cc-8a09-c153bdaa0261:group-8D63C2688A60:LeaderElection210] INFO  server.RaftServerConfigKeys (ConfUtils.java:logGet(43)) - raft.server.watch.element-limit = 65536 (default)
2019-09-19 16:57:44,757 [6272d7ea-0722-46cc-8a09-c153bdaa0261:group-8D63C2688A60:LeaderElection210] INFO  impl.RoleInfo (RoleInfo.java:updateAndGet(143)) - 6272d7ea-0722-46cc-8a09-c153bdaa0261: start LeaderState
2019-09-19 16:57:44,757 [6272d7ea-0722-46cc-8a09-c153bdaa0261:group-8D63C2688A60:LeaderElection210] INFO  segmented.SegmentedRaftLogWorker (SegmentedRaftLogWorker.java:startLogSegment(380)) - 6272d7ea-0722-46cc-8a09-c153bdaa0261-SegmentedRaftLogWorker:Storage Directory /workdir/hadoop-ozone/ozonefs/target/test-dir/MiniOzoneClusterImpl-3d3a7b5e-b8a0-4c61-bcb4-dda3d52dd67e/datanode-2/data/ratis/d45cec34-016f-4e24-8328-8d63c2688a60: Starting segment from index:0
2019-09-19 16:57:44,758 [6272d7ea-0722-46cc-8a09-c153bdaa0261:group-8D63C2688A60:LeaderElection210] INFO  impl.RaftServerImpl (ServerState.java:setRaftConf(361)) - 6272d7ea-0722-46cc-8a09-c153bdaa0261:group-8D63C2688A60 set configuration 0: [6272d7ea-0722-46cc-8a09-c153bdaa0261:192.168.157.226:44160], old=null at 0
2019-09-19 16:57:44,776 [Thread-3129] INFO  impl.FollowerState (FollowerState.java:run(106)) - 6272d7ea-0722-46cc-8a09-c153bdaa0261:group-933EF40E6AAB changes to CANDIDATE, lastRpcTime:5175, electionTimeout:5175ms
2019-09-19 16:57:44,776 [Thread-3129] INFO  impl.RoleInfo (RoleInfo.java:shutdownFollowerState(121)) - 6272d7ea-0722-46cc-8a09-c153bdaa0261: shutdown FollowerState
2019-09-19 16:57:44,776 [Thread-3129] INFO  impl.RaftServerImpl (RaftServerImpl.java:setRole(171)) - 6272d7ea-0722-46cc-8a09-c153bdaa0261:group-933EF40E6AAB changes role from FOLLOWER to CANDIDATE at term 0 for changeToCandidate
2019-09-19 16:57:44,777 [Thread-3129] INFO  impl.RoleInfo (RoleInfo.java:updateAndGet(143)) - 6272d7ea-0722-46cc-8a09-c153bdaa0261: start LeaderElection
2019-09-19 16:57:44,799 [Thread-3144] INFO  impl.FollowerState (FollowerState.java:run(106)) - 6272d7ea-0722-46cc-8a09-c153bdaa0261:group-D3F0F4AB903D changes to CANDIDATE, lastRpcTime:5017, electionTimeout:5017ms
2019-09-19 16:57:44,799 [Thread-3138] INFO  impl.FollowerState (FollowerState.java:run(106)) - 6272d7ea-0722-46cc-8a09-c153bdaa0261:group-1D4D8138684B changes to CANDIDATE, lastRpcTime:5095, electionTimeout:5080ms
2019-09-19 16:57:44,799 [Thread-3144] INFO  impl.RoleInfo (RoleInfo.java:shutdownFollowerState(121)) - 6272d7ea-0722-46cc-8a09-c153bdaa0261: shutdown FollowerState
2019-09-19 16:57:44,799 [Thread-3138] INFO  impl.RoleInfo (RoleInfo.java:shutdownFollowerState(121)) - 6272d7ea-0722-46cc-8a09-c153bdaa0261: shutdown FollowerState
2019-09-19 16:57:44,800 [Thread-3144] INFO  impl.RaftServerImpl (RaftServerImpl.java:setRole(171)) - 6272d7ea-0722-46cc-8a09-c153bdaa0261:group-D3F0F4AB903D changes role from FOLLOWER to CANDIDATE at term 0 for changeToCandidate
2019-09-19 16:57:44,800 [Thread-3138] INFO  impl.RaftServerImpl (RaftServerImpl.java:setRole(171)) - 6272d7ea-0722-46cc-8a09-c153bdaa0261:group-1D4D8138684B changes role from FOLLOWER to CANDIDATE at term 0 for changeToCandidate
2019-09-19 16:57:44,800 [Thread-3144] INFO  impl.RoleInfo (RoleInfo.java:updateAndGet(143)) - 6272d7ea-0722-46cc-8a09-c153bdaa0261: start LeaderElection
2019-09-19 16:57:44,800 [Thread-3138] INFO  impl.RoleInfo (RoleInfo.java:updateAndGet(143)) - 6272d7ea-0722-46cc-8a09-c153bdaa0261: start LeaderElection
2019-09-19 16:57:44,811 [Thread-3132] INFO  impl.FollowerState (FollowerState.java:run(106)) - 6272d7ea-0722-46cc-8a09-c153bdaa0261:group-CF7626344435 changes to CANDIDATE, lastRpcTime:5187, electionTimeout:5187ms
2019-09-19 16:57:44,811 [Thread-3132] INFO  impl.RoleInfo (RoleInfo.java:shutdownFollowerState(121)) - 6272d7ea-0722-46cc-8a09-c153bdaa0261: shutdown FollowerState
2019-09-19 16:57:44,811 [Thread-3132] INFO  impl.RaftServerImpl (RaftServerImpl.java:setRole(171)) - 6272d7ea-0722-46cc-8a09-c153bdaa0261:group-CF7626344435 changes role from FOLLOWER to CANDIDATE at term 0 for changeToCandidate
2019-09-19 16:57:44,811 [Thread-3132] INFO  impl.RoleInfo (RoleInfo.java:updateAndGet(143)) - 6272d7ea-0722-46cc-8a09-c153bdaa0261: start LeaderElection
2019-09-19 16:57:44,813 [6272d7ea-0722-46cc-8a09-c153bdaa0261-SegmentedRaftLogWorker:Storage Directory /workdir/hadoop-ozone/ozonefs/target/test-dir/MiniOzoneClusterImpl-3d3a7b5e-b8a0-4c61-bcb4-dda3d52dd67e/datanode-2/data/ratis/d45cec34-016f-4e24-8328-8d63c2688a60] INFO  segmented.SegmentedRaftLogWorker (SegmentedRaftLogWorker.java:execute(569)) - 6272d7ea-0722-46cc-8a09-c153bdaa0261-SegmentedRaftLogWorker:Storage Directory /workdir/hadoop-ozone/ozonefs/target/test-dir/MiniOzoneClusterImpl-3d3a7b5e-b8a0-4c61-bcb4-dda3d52dd67e/datanode-2/data/ratis/d45cec34-016f-4e24-8328-8d63c2688a60: created new log segment /workdir/hadoop-ozone/ozonefs/target/test-dir/MiniOzoneClusterImpl-3d3a7b5e-b8a0-4c61-bcb4-dda3d52dd67e/datanode-2/data/ratis/d45cec34-016f-4e24-8328-8d63c2688a60/current/log_inprogress_0
2019-09-19 16:57:44,813 [6272d7ea-0722-46cc-8a09-c153bdaa0261:group-1D4D8138684B:LeaderElection213] INFO  impl.LeaderElection (LeaderElection.java:askForVotes(181)) - 6272d7ea-0722-46cc-8a09-c153bdaa0261:group-1D4D8138684B:LeaderElection213: begin an election at term 1 for -1: [6272d7ea-0722-46cc-8a09-c153bdaa0261:192.168.157.226:44160], old=null
2019-09-19 16:57:44,813 [6272d7ea-0722-46cc-8a09-c153bdaa0261:group-933EF40E6AAB:LeaderElection211] INFO  impl.LeaderElection (LeaderElection.java:askForVotes(181)) - 6272d7ea-0722-46cc-8a09-c153bdaa0261:group-933EF40E6AAB:LeaderElection211: begin an election at term 1 for -1: [6272d7ea-0722-46cc-8a09-c153bdaa0261:192.168.157.226:44160], old=null
2019-09-19 16:57:44,813 [6272d7ea-0722-46cc-8a09-c153bdaa0261:group-1D4D8138684B:LeaderElection213] INFO  impl.RoleInfo (RoleInfo.java:shutdownLeaderElection(134)) - 6272d7ea-0722-46cc-8a09-c153bdaa0261: shutdown LeaderElection
2019-09-19 16:57:44,813 [6272d7ea-0722-46cc-8a09-c153bdaa0261:group-D3F0F4AB903D:LeaderElection212] INFO  impl.LeaderElection (LeaderElection.java:askForVotes(181)) - 6272d7ea-0722-46cc-8a09-c153bdaa0261:group-D3F0F4AB903D:LeaderElection212: begin an election at term 1 for -1: [6272d7ea-0722-46cc-8a09-c153bdaa0261:192.168.157.226:44160], old=null
2019-09-19 16:57:44,814 [6272d7ea-0722-46cc-8a09-c153bdaa0261:group-1D4D8138684B:LeaderElection213] INFO  impl.RaftServerImpl (RaftServerImpl.java:setRole(171)) - 6272d7ea-0722-46cc-8a09-c153bdaa0261:group-1D4D8138684B changes role from CANDIDATE to LEADER at term 1 for changeToLeader
2019-09-19 16:57:44,814 [6272d7ea-0722-46cc-8a09-c153bdaa0261:group-1D4D8138684B:LeaderElection213] INFO  impl.RaftServerImpl (ServerState.java:setLeader(263)) - 6272d7ea-0722-46cc-8a09-c153bdaa0261:group-1D4D8138684B change Leader from null to 6272d7ea-0722-46cc-8a09-c153bdaa0261 at term 1 for becomeLeader, leader elected after 5114ms
2019-09-19 16:57:44,814 [6272d7ea-0722-46cc-8a09-c153bdaa0261:group-933EF40E6AAB:LeaderElection211] INFO  impl.RoleInfo (RoleInfo.java:shutdownLeaderElection(134)) - 6272d7ea-0722-46cc-8a09-c153bdaa0261: shutdown LeaderElection
2019-09-19 16:57:44,814 [6272d7ea-0722-46cc-8a09-c153bdaa0261:group-1D4D8138684B:LeaderElection213] INFO  server.RaftServerConfigKeys (ConfUtils.java:logGet(43)) - raft.server.staging.catchup.gap = 1000 (default)
2019-09-19 16:57:44,814 [6272d7ea-0722-46cc-8a09-c153bdaa0261:group-D3F0F4AB903D:LeaderElection212] INFO  impl.RoleInfo (RoleInfo.java:shutdownLeaderElection(134)) - 6272d7ea-0722-46cc-8a09-c153bdaa0261: shutdown LeaderElection
2019-09-19 16:57:44,814 [6272d7ea-0722-46cc-8a09-c153bdaa0261:group-1D4D8138684B:LeaderElection213] INFO  server.RaftServerConfigKeys (ConfUtils.java:logGet(43)) - raft.server.rpc.sleep.time = 25ms (default)
2019-09-19 16:57:44,814 [6272d7ea-0722-46cc-8a09-c153bdaa0261:group-933EF40E6AAB:LeaderElection211] INFO  impl.RaftServerImpl (RaftServerImpl.java:setRole(171)) - 6272d7ea-0722-46cc-8a09-c153bdaa0261:group-933EF40E6AAB changes role from CANDIDATE to LEADER at term 1 for changeToLeader
2019-09-19 16:57:44,815 [6272d7ea-0722-46cc-8a09-c153bdaa0261:group-1D4D8138684B:LeaderElection213] INFO  server.RaftServerConfigKeys (ConfUtils.java:logGet(43)) - raft.server.write.element-limit = 4096 (default)
2019-09-19 16:57:44,814 [6272d7ea-0722-46cc-8a09-c153bdaa0261:group-D3F0F4AB903D:LeaderElection212] INFO  impl.RaftServerImpl (RaftServerImpl.java:setRole(171)) - 6272d7ea-0722-46cc-8a09-c153bdaa0261:group-D3F0F4AB903D changes role from CANDIDATE to LEADER at term 1 for changeToLeader
2019-09-19 16:57:44,815 [6272d7ea-0722-46cc-8a09-c153bdaa0261:group-1D4D8138684B:LeaderElection213] INFO  server.RaftServerConfigKeys (ConfUtils.java:logGet(43)) - raft.server.watch.timeout = 10s (default)
2019-09-19 16:57:44,815 [6272d7ea-0722-46cc-8a09-c153bdaa0261:group-933EF40E6AAB:LeaderElection211] INFO  impl.RaftServerImpl (ServerState.java:setLeader(263)) - 6272d7ea-0722-46cc-8a09-c153bdaa0261:group-933EF40E6AAB change Leader from null to 6272d7ea-0722-46cc-8a09-c153bdaa0261 at term 1 for becomeLeader, leader elected after 5217ms
2019-09-19 16:57:44,815 [6272d7ea-0722-46cc-8a09-c153bdaa0261:group-1D4D8138684B:LeaderElection213] INFO  server.RaftServerConfigKeys (ConfUtils.java:logGet(43)) - raft.server.watch.timeout.denomination = 1s (default)
2019-09-19 16:57:44,815 [6272d7ea-0722-46cc-8a09-c153bdaa0261:group-D3F0F4AB903D:LeaderElection212] INFO  impl.RaftServerImpl (ServerState.java:setLeader(263)) - 6272d7ea-0722-46cc-8a09-c153bdaa0261:group-D3F0F4AB903D change Leader from null to 6272d7ea-0722-46cc-8a09-c153bdaa0261 at term 1 for becomeLeader, leader elected after 5036ms
2019-09-19 16:57:44,816 [6272d7ea-0722-46cc-8a09-c153bdaa0261:group-1D4D8138684B:LeaderElection213] INFO  server.RaftServerConfigKeys (ConfUtils.java:logGet(43)) - raft.server.watch.element-limit = 65536 (default)
2019-09-19 16:57:44,816 [6272d7ea-0722-46cc-8a09-c153bdaa0261:group-933EF40E6AAB:LeaderElection211] INFO  server.RaftServerConfigKeys (ConfUtils.java:logGet(43)) - raft.server.staging.catchup.gap = 1000 (default)
2019-09-19 16:57:44,816 [6272d7ea-0722-46cc-8a09-c153bdaa0261:group-1D4D8138684B:LeaderElection213] INFO  impl.RoleInfo (RoleInfo.java:updateAndGet(143)) - 6272d7ea-0722-46cc-8a09-c153bdaa0261: start LeaderState
2019-09-19 16:57:44,816 [6272d7ea-0722-46cc-8a09-c153bdaa0261:group-D3F0F4AB903D:LeaderElection212] INFO  server.RaftServerConfigKeys (ConfUtils.java:logGet(43)) - raft.server.staging.catchup.gap = 1000 (default)
2019-09-19 16:57:44,816 [6272d7ea-0722-46cc-8a09-c153bdaa0261:group-D3F0F4AB903D:LeaderElection212] INFO  server.RaftServerConfigKeys (ConfUtils.java:logGet(43)) - raft.server.rpc.sleep.time = 25ms (default)
2019-09-19 16:57:44,816 [6272d7ea-0722-46cc-8a09-c153bdaa0261:group-933EF40E6AAB:LeaderElection211] INFO  server.RaftServerConfigKeys (ConfUtils.java:logGet(43)) - raft.server.rpc.sleep.time = 25ms (default)
2019-09-19 16:57:44,817 [6272d7ea-0722-46cc-8a09-c153bdaa0261:group-D3F0F4AB903D:LeaderElection212] INFO  server.RaftServerConfigKeys (ConfUtils.java:logGet(43)) - raft.server.write.element-limit = 4096 (default)
2019-09-19 16:57:44,816 [6272d7ea-0722-46cc-8a09-c153bdaa0261:group-1D4D8138684B:LeaderElection213] INFO  segmented.SegmentedRaftLogWorker (SegmentedRaftLogWorker.java:startLogSegment(380)) - 6272d7ea-0722-46cc-8a09-c153bdaa0261-SegmentedRaftLogWorker:Storage Directory /workdir/hadoop-ozone/ozonefs/target/test-dir/MiniOzoneClusterImpl-3d3a7b5e-b8a0-4c61-bcb4-dda3d52dd67e/datanode-2/data/ratis/bbdbda98-de52-4835-a83f-1d4d8138684b: Starting segment from index:0
2019-09-19 16:57:44,817 [6272d7ea-0722-46cc-8a09-c153bdaa0261:group-D3F0F4AB903D:LeaderElection212] INFO  server.RaftServerConfigKeys (ConfUtils.java:logGet(43)) - raft.server.watch.timeout = 10s (default)
2019-09-19 16:57:44,817 [6272d7ea-0722-46cc-8a09-c153bdaa0261:group-933EF40E6AAB:LeaderElection211] INFO  server.RaftServerConfigKeys (ConfUtils.java:logGet(43)) - raft.server.write.element-limit = 4096 (default)
2019-09-19 16:57:44,817 [6272d7ea-0722-46cc-8a09-c153bdaa0261:group-D3F0F4AB903D:LeaderElection212] INFO  server.RaftServerConfigKeys (ConfUtils.java:logGet(43)) - raft.server.watch.timeout.denomination = 1s (default)
2019-09-19 16:57:44,818 [6272d7ea-0722-46cc-8a09-c153bdaa0261:group-1D4D8138684B:LeaderElection213] INFO  impl.RaftServerImpl (ServerState.java:setRaftConf(361)) - 6272d7ea-0722-46cc-8a09-c153bdaa0261:group-1D4D8138684B set configuration 0: [6272d7ea-0722-46cc-8a09-c153bdaa0261:192.168.157.226:44160], old=null at 0
2019-09-19 16:57:44,818 [6272d7ea-0722-46cc-8a09-c153bdaa0261:group-933EF40E6AAB:LeaderElection211] INFO  server.RaftServerConfigKeys (ConfUtils.java:logGet(43)) - raft.server.watch.timeout = 10s (default)
2019-09-19 16:57:44,818 [6272d7ea-0722-46cc-8a09-c153bdaa0261:group-D3F0F4AB903D:LeaderElection212] INFO  server.RaftServerConfigKeys (ConfUtils.java:logGet(43)) - raft.server.watch.element-limit = 65536 (default)
2019-09-19 16:57:44,818 [6272d7ea-0722-46cc-8a09-c153bdaa0261:group-933EF40E6AAB:LeaderElection211] INFO  server.RaftServerConfigKeys (ConfUtils.java:logGet(43)) - raft.server.watch.timeout.denomination = 1s (default)
2019-09-19 16:57:44,818 [6272d7ea-0722-46cc-8a09-c153bdaa0261:group-D3F0F4AB903D:LeaderElection212] INFO  impl.RoleInfo (RoleInfo.java:updateAndGet(143)) - 6272d7ea-0722-46cc-8a09-c153bdaa0261: start LeaderState
2019-09-19 16:57:44,818 [6272d7ea-0722-46cc-8a09-c153bdaa0261:group-933EF40E6AAB:LeaderElection211] INFO  server.RaftServerConfigKeys (ConfUtils.java:logGet(43)) - raft.server.watch.element-limit = 65536 (default)
2019-09-19 16:57:44,819 [6272d7ea-0722-46cc-8a09-c153bdaa0261:group-D3F0F4AB903D:LeaderElection212] INFO  segmented.SegmentedRaftLogWorker (SegmentedRaftLogWorker.java:startLogSegment(380)) - 6272d7ea-0722-46cc-8a09-c153bdaa0261-SegmentedRaftLogWorker:Storage Directory /workdir/hadoop-ozone/ozonefs/target/test-dir/MiniOzoneClusterImpl-3d3a7b5e-b8a0-4c61-bcb4-dda3d52dd67e/datanode-2/data/ratis/7e2aa038-d51f-4ac7-ab38-d3f0f4ab903d: Starting segment from index:0
2019-09-19 16:57:44,819 [6272d7ea-0722-46cc-8a09-c153bdaa0261:group-933EF40E6AAB:LeaderElection211] INFO  impl.RoleInfo (RoleInfo.java:updateAndGet(143)) - 6272d7ea-0722-46cc-8a09-c153bdaa0261: start LeaderState
2019-09-19 16:57:44,819 [6272d7ea-0722-46cc-8a09-c153bdaa0261:group-933EF40E6AAB:LeaderElection211] INFO  segmented.SegmentedRaftLogWorker (SegmentedRaftLogWorker.java:startLogSegment(380)) - 6272d7ea-0722-46cc-8a09-c153bdaa0261-SegmentedRaftLogWorker:Storage Directory /workdir/hadoop-ozone/ozonefs/target/test-dir/MiniOzoneClusterImpl-3d3a7b5e-b8a0-4c61-bcb4-dda3d52dd67e/datanode-2/data/ratis/c3e57fb8-8f12-4aa5-954c-933ef40e6aab: Starting segment from index:0
2019-09-19 16:57:44,819 [6272d7ea-0722-46cc-8a09-c153bdaa0261:group-D3F0F4AB903D:LeaderElection212] INFO  impl.RaftServerImpl (ServerState.java:setRaftConf(361)) - 6272d7ea-0722-46cc-8a09-c153bdaa0261:group-D3F0F4AB903D set configuration 0: [6272d7ea-0722-46cc-8a09-c153bdaa0261:192.168.157.226:44160], old=null at 0
2019-09-19 16:57:44,820 [6272d7ea-0722-46cc-8a09-c153bdaa0261:group-933EF40E6AAB:LeaderElection211] INFO  impl.RaftServerImpl (ServerState.java:setRaftConf(361)) - 6272d7ea-0722-46cc-8a09-c153bdaa0261:group-933EF40E6AAB set configuration 0: [6272d7ea-0722-46cc-8a09-c153bdaa0261:192.168.157.226:44160], old=null at 0
2019-09-19 16:57:44,820 [Thread-3141] INFO  impl.FollowerState (FollowerState.java:run(106)) - 6272d7ea-0722-46cc-8a09-c153bdaa0261:group-E512B349D6CF changes to CANDIDATE, lastRpcTime:5076, electionTimeout:5076ms
2019-09-19 16:57:44,820 [Thread-3141] INFO  impl.RoleInfo (RoleInfo.java:shutdownFollowerState(121)) - 6272d7ea-0722-46cc-8a09-c153bdaa0261: shutdown FollowerState
2019-09-19 16:57:44,820 [Thread-3141] INFO  impl.RaftServerImpl (RaftServerImpl.java:setRole(171)) - 6272d7ea-0722-46cc-8a09-c153bdaa0261:group-E512B349D6CF changes role from FOLLOWER to CANDIDATE at term 0 for changeToCandidate
2019-09-19 16:57:44,821 [Thread-3141] INFO  impl.RoleInfo (RoleInfo.java:updateAndGet(143)) - 6272d7ea-0722-46cc-8a09-c153bdaa0261: start LeaderElection
2019-09-19 16:57:44,861 [6272d7ea-0722-46cc-8a09-c153bdaa0261:group-CF7626344435:LeaderElection214] INFO  impl.LeaderElection (LeaderElection.java:askForVotes(181)) - 6272d7ea-0722-46cc-8a09-c153bdaa0261:group-CF7626344435:LeaderElection214: begin an election at term 1 for -1: [6272d7ea-0722-46cc-8a09-c153bdaa0261:192.168.157.226:44160], old=null
2019-09-19 16:57:44,862 [6272d7ea-0722-46cc-8a09-c153bdaa0261:group-CF7626344435:LeaderElection214] INFO  impl.RoleInfo (RoleInfo.java:shutdownLeaderElection(134)) - 6272d7ea-0722-46cc-8a09-c153bdaa0261: shutdown LeaderElection
2019-09-19 16:57:44,862 [6272d7ea-0722-46cc-8a09-c153bdaa0261:group-CF7626344435:LeaderElection214] INFO  impl.RaftServerImpl (RaftServerImpl.java:setRole(171)) - 6272d7ea-0722-46cc-8a09-c153bdaa0261:group-CF7626344435 changes role from CANDIDATE to LEADER at term 1 for changeToLeader
2019-09-19 16:57:44,862 [6272d7ea-0722-46cc-8a09-c153bdaa0261:group-CF7626344435:LeaderElection214] INFO  impl.RaftServerImpl (ServerState.java:setLeader(263)) - 6272d7ea-0722-46cc-8a09-c153bdaa0261:group-CF7626344435 change Leader from null to 6272d7ea-0722-46cc-8a09-c153bdaa0261 at term 1 for becomeLeader, leader elected after 5242ms
2019-09-19 16:57:44,862 [6272d7ea-0722-46cc-8a09-c153bdaa0261:group-CF7626344435:LeaderElection214] INFO  server.RaftServerConfigKeys (ConfUtils.java:logGet(43)) - raft.server.staging.catchup.gap = 1000 (default)
2019-09-19 16:57:44,862 [6272d7ea-0722-46cc-8a09-c153bdaa0261:group-CF7626344435:LeaderElection214] INFO  server.RaftServerConfigKeys (ConfUtils.java:logGet(43)) - raft.server.rpc.sleep.time = 25ms (default)
2019-09-19 16:57:44,862 [6272d7ea-0722-46cc-8a09-c153bdaa0261:group-CF7626344435:LeaderElection214] INFO  server.RaftServerConfigKeys (ConfUtils.java:logGet(43)) - raft.server.write.element-limit = 4096 (default)
2019-09-19 16:57:44,863 [6272d7ea-0722-46cc-8a09-c153bdaa0261:group-CF7626344435:LeaderElection214] INFO  server.RaftServerConfigKeys (ConfUtils.java:logGet(43)) - raft.server.watch.timeout = 10s (default)
2019-09-19 16:57:44,863 [6272d7ea-0722-46cc-8a09-c153bdaa0261:group-CF7626344435:LeaderElection214] INFO  server.RaftServerConfigKeys (ConfUtils.java:logGet(43)) - raft.server.watch.timeout.denomination = 1s (default)
2019-09-19 16:57:44,863 [6272d7ea-0722-46cc-8a09-c153bdaa0261:group-CF7626344435:LeaderElection214] INFO  server.RaftServerConfigKeys (ConfUtils.java:logGet(43)) - raft.server.watch.element-limit = 65536 (default)
2019-09-19 16:57:44,863 [6272d7ea-0722-46cc-8a09-c153bdaa0261:group-CF7626344435:LeaderElection214] INFO  impl.RoleInfo (RoleInfo.java:updateAndGet(143)) - 6272d7ea-0722-46cc-8a09-c153bdaa0261: start LeaderState
2019-09-19 16:57:44,863 [6272d7ea-0722-46cc-8a09-c153bdaa0261:group-CF7626344435:LeaderElection214] INFO  segmented.SegmentedRaftLogWorker (SegmentedRaftLogWorker.java:startLogSegment(380)) - 6272d7ea-0722-46cc-8a09-c153bdaa0261-SegmentedRaftLogWorker:Storage Directory /workdir/hadoop-ozone/ozonefs/target/test-dir/MiniOzoneClusterImpl-3d3a7b5e-b8a0-4c61-bcb4-dda3d52dd67e/datanode-2/data/ratis/504daa11-e484-471b-a65b-cf7626344435: Starting segment from index:0
2019-09-19 16:57:44,864 [6272d7ea-0722-46cc-8a09-c153bdaa0261:group-CF7626344435:LeaderElection214] INFO  impl.RaftServerImpl (ServerState.java:setRaftConf(361)) - 6272d7ea-0722-46cc-8a09-c153bdaa0261:group-CF7626344435 set configuration 0: [6272d7ea-0722-46cc-8a09-c153bdaa0261:192.168.157.226:44160], old=null at 0
2019-09-19 16:57:44,886 [6272d7ea-0722-46cc-8a09-c153bdaa0261-SegmentedRaftLogWorker:Storage Directory /workdir/hadoop-ozone/ozonefs/target/test-dir/MiniOzoneClusterImpl-3d3a7b5e-b8a0-4c61-bcb4-dda3d52dd67e/datanode-2/data/ratis/7e2aa038-d51f-4ac7-ab38-d3f0f4ab903d] INFO  segmented.SegmentedRaftLogWorker (SegmentedRaftLogWorker.java:execute(569)) - 6272d7ea-0722-46cc-8a09-c153bdaa0261-SegmentedRaftLogWorker:Storage Directory /workdir/hadoop-ozone/ozonefs/target/test-dir/MiniOzoneClusterImpl-3d3a7b5e-b8a0-4c61-bcb4-dda3d52dd67e/datanode-2/data/ratis/7e2aa038-d51f-4ac7-ab38-d3f0f4ab903d: created new log segment /workdir/hadoop-ozone/ozonefs/target/test-dir/MiniOzoneClusterImpl-3d3a7b5e-b8a0-4c61-bcb4-dda3d52dd67e/datanode-2/data/ratis/7e2aa038-d51f-4ac7-ab38-d3f0f4ab903d/current/log_inprogress_0
2019-09-19 16:57:44,886 [6272d7ea-0722-46cc-8a09-c153bdaa0261-SegmentedRaftLogWorker:Storage Directory /workdir/hadoop-ozone/ozonefs/target/test-dir/MiniOzoneClusterImpl-3d3a7b5e-b8a0-4c61-bcb4-dda3d52dd67e/datanode-2/data/ratis/c3e57fb8-8f12-4aa5-954c-933ef40e6aab] INFO  segmented.SegmentedRaftLogWorker (SegmentedRaftLogWorker.java:execute(569)) - 6272d7ea-0722-46cc-8a09-c153bdaa0261-SegmentedRaftLogWorker:Storage Directory /workdir/hadoop-ozone/ozonefs/target/test-dir/MiniOzoneClusterImpl-3d3a7b5e-b8a0-4c61-bcb4-dda3d52dd67e/datanode-2/data/ratis/c3e57fb8-8f12-4aa5-954c-933ef40e6aab: created new log segment /workdir/hadoop-ozone/ozonefs/target/test-dir/MiniOzoneClusterImpl-3d3a7b5e-b8a0-4c61-bcb4-dda3d52dd67e/datanode-2/data/ratis/c3e57fb8-8f12-4aa5-954c-933ef40e6aab/current/log_inprogress_0
2019-09-19 16:57:44,886 [6272d7ea-0722-46cc-8a09-c153bdaa0261:group-E512B349D6CF:LeaderElection215] INFO  impl.LeaderElection (LeaderElection.java:askForVotes(181)) - 6272d7ea-0722-46cc-8a09-c153bdaa0261:group-E512B349D6CF:LeaderElection215: begin an election at term 1 for -1: [6272d7ea-0722-46cc-8a09-c153bdaa0261:192.168.157.226:44160], old=null
2019-09-19 16:57:44,886 [6272d7ea-0722-46cc-8a09-c153bdaa0261-SegmentedRaftLogWorker:Storage Directory /workdir/hadoop-ozone/ozonefs/target/test-dir/MiniOzoneClusterImpl-3d3a7b5e-b8a0-4c61-bcb4-dda3d52dd67e/datanode-2/data/ratis/bbdbda98-de52-4835-a83f-1d4d8138684b] INFO  segmented.SegmentedRaftLogWorker (SegmentedRaftLogWorker.java:execute(569)) - 6272d7ea-0722-46cc-8a09-c153bdaa0261-SegmentedRaftLogWorker:Storage Directory /workdir/hadoop-ozone/ozonefs/target/test-dir/MiniOzoneClusterImpl-3d3a7b5e-b8a0-4c61-bcb4-dda3d52dd67e/datanode-2/data/ratis/bbdbda98-de52-4835-a83f-1d4d8138684b: created new log segment /workdir/hadoop-ozone/ozonefs/target/test-dir/MiniOzoneClusterImpl-3d3a7b5e-b8a0-4c61-bcb4-dda3d52dd67e/datanode-2/data/ratis/bbdbda98-de52-4835-a83f-1d4d8138684b/current/log_inprogress_0
2019-09-19 16:57:44,887 [6272d7ea-0722-46cc-8a09-c153bdaa0261:group-E512B349D6CF:LeaderElection215] INFO  impl.RoleInfo (RoleInfo.java:shutdownLeaderElection(134)) - 6272d7ea-0722-46cc-8a09-c153bdaa0261: shutdown LeaderElection
2019-09-19 16:57:44,887 [6272d7ea-0722-46cc-8a09-c153bdaa0261:group-E512B349D6CF:LeaderElection215] INFO  impl.RaftServerImpl (RaftServerImpl.java:setRole(171)) - 6272d7ea-0722-46cc-8a09-c153bdaa0261:group-E512B349D6CF changes role from CANDIDATE to LEADER at term 1 for changeToLeader
2019-09-19 16:57:44,887 [6272d7ea-0722-46cc-8a09-c153bdaa0261:group-E512B349D6CF:LeaderElection215] INFO  impl.RaftServerImpl (ServerState.java:setLeader(263)) - 6272d7ea-0722-46cc-8a09-c153bdaa0261:group-E512B349D6CF change Leader from null to 6272d7ea-0722-46cc-8a09-c153bdaa0261 at term 1 for becomeLeader, leader elected after 5146ms
2019-09-19 16:57:44,887 [6272d7ea-0722-46cc-8a09-c153bdaa0261:group-E512B349D6CF:LeaderElection215] INFO  server.RaftServerConfigKeys (ConfUtils.java:logGet(43)) - raft.server.staging.catchup.gap = 1000 (default)
2019-09-19 16:57:44,888 [6272d7ea-0722-46cc-8a09-c153bdaa0261:group-E512B349D6CF:LeaderElection215] INFO  server.RaftServerConfigKeys (ConfUtils.java:logGet(43)) - raft.server.rpc.sleep.time = 25ms (default)
2019-09-19 16:57:44,888 [6272d7ea-0722-46cc-8a09-c153bdaa0261:group-E512B349D6CF:LeaderElection215] INFO  server.RaftServerConfigKeys (ConfUtils.java:logGet(43)) - raft.server.write.element-limit = 4096 (default)
2019-09-19 16:57:44,888 [6272d7ea-0722-46cc-8a09-c153bdaa0261:group-E512B349D6CF:LeaderElection215] INFO  server.RaftServerConfigKeys (ConfUtils.java:logGet(43)) - raft.server.watch.timeout = 10s (default)
2019-09-19 16:57:44,888 [6272d7ea-0722-46cc-8a09-c153bdaa0261:group-E512B349D6CF:LeaderElection215] INFO  server.RaftServerConfigKeys (ConfUtils.java:logGet(43)) - raft.server.watch.timeout.denomination = 1s (default)
2019-09-19 16:57:44,888 [6272d7ea-0722-46cc-8a09-c153bdaa0261:group-E512B349D6CF:LeaderElection215] INFO  server.RaftServerConfigKeys (ConfUtils.java:logGet(43)) - raft.server.watch.element-limit = 65536 (default)
2019-09-19 16:57:44,888 [6272d7ea-0722-46cc-8a09-c153bdaa0261:group-E512B349D6CF:LeaderElection215] INFO  impl.RoleInfo (RoleInfo.java:updateAndGet(143)) - 6272d7ea-0722-46cc-8a09-c153bdaa0261: start LeaderState
2019-09-19 16:57:44,889 [6272d7ea-0722-46cc-8a09-c153bdaa0261:group-E512B349D6CF:LeaderElection215] INFO  segmented.SegmentedRaftLogWorker (SegmentedRaftLogWorker.java:startLogSegment(380)) - 6272d7ea-0722-46cc-8a09-c153bdaa0261-SegmentedRaftLogWorker:Storage Directory /workdir/hadoop-ozone/ozonefs/target/test-dir/MiniOzoneClusterImpl-3d3a7b5e-b8a0-4c61-bcb4-dda3d52dd67e/datanode-2/data/ratis/449abf4f-36cc-42e5-b8a8-e512b349d6cf: Starting segment from index:0
2019-09-19 16:57:44,889 [6272d7ea-0722-46cc-8a09-c153bdaa0261:group-E512B349D6CF:LeaderElection215] INFO  impl.RaftServerImpl (ServerState.java:setRaftConf(361)) - 6272d7ea-0722-46cc-8a09-c153bdaa0261:group-E512B349D6CF set configuration 0: [6272d7ea-0722-46cc-8a09-c153bdaa0261:192.168.157.226:44160], old=null at 0
2019-09-19 16:57:44,923 [6272d7ea-0722-46cc-8a09-c153bdaa0261-SegmentedRaftLogWorker:Storage Directory /workdir/hadoop-ozone/ozonefs/target/test-dir/MiniOzoneClusterImpl-3d3a7b5e-b8a0-4c61-bcb4-dda3d52dd67e/datanode-2/data/ratis/504daa11-e484-471b-a65b-cf7626344435] INFO  segmented.SegmentedRaftLogWorker (SegmentedRaftLogWorker.java:execute(569)) - 6272d7ea-0722-46cc-8a09-c153bdaa0261-SegmentedRaftLogWorker:Storage Directory /workdir/hadoop-ozone/ozonefs/target/test-dir/MiniOzoneClusterImpl-3d3a7b5e-b8a0-4c61-bcb4-dda3d52dd67e/datanode-2/data/ratis/504daa11-e484-471b-a65b-cf7626344435: created new log segment /workdir/hadoop-ozone/ozonefs/target/test-dir/MiniOzoneClusterImpl-3d3a7b5e-b8a0-4c61-bcb4-dda3d52dd67e/datanode-2/data/ratis/504daa11-e484-471b-a65b-cf7626344435/current/log_inprogress_0
2019-09-19 16:57:44,928 [6272d7ea-0722-46cc-8a09-c153bdaa0261-SegmentedRaftLogWorker:Storage Directory /workdir/hadoop-ozone/ozonefs/target/test-dir/MiniOzoneClusterImpl-3d3a7b5e-b8a0-4c61-bcb4-dda3d52dd67e/datanode-2/data/ratis/449abf4f-36cc-42e5-b8a8-e512b349d6cf] INFO  segmented.SegmentedRaftLogWorker (SegmentedRaftLogWorker.java:execute(569)) - 6272d7ea-0722-46cc-8a09-c153bdaa0261-SegmentedRaftLogWorker:Storage Directory /workdir/hadoop-ozone/ozonefs/target/test-dir/MiniOzoneClusterImpl-3d3a7b5e-b8a0-4c61-bcb4-dda3d52dd67e/datanode-2/data/ratis/449abf4f-36cc-42e5-b8a8-e512b349d6cf: created new log segment /workdir/hadoop-ozone/ozonefs/target/test-dir/MiniOzoneClusterImpl-3d3a7b5e-b8a0-4c61-bcb4-dda3d52dd67e/datanode-2/data/ratis/449abf4f-36cc-42e5-b8a8-e512b349d6cf/current/log_inprogress_0
2019-09-19 16:57:45,490 | INFO  | SCMAudit | user=jenkins1000 | ip=192.168.157.226 | op=SEND_HEARTBEAT {datanodeUUID=6272d7ea-0722-46cc-8a09-c153bdaa0261, command=[]} | ret=SUCCESS |  
2019-09-19 16:57:45,754 [main] INFO  ozoneimpl.OzoneContainer (OzoneContainer.java:stop(199)) - Attempting to stop container services.
2019-09-19 16:57:45,754 [ForkJoinPool.commonPool-worker-1] INFO  ozoneimpl.OzoneContainer (OzoneContainer.java:stop(199)) - Attempting to stop container services.
2019-09-19 16:57:45,755 [main] INFO  impl.RaftServerProxy (RaftServerProxy.java:lambda$close$4(314)) - ad522d99-c864-49ec-a4dd-d702ee7a24ab: close
2019-09-19 16:57:45,755 [ForkJoinPool.commonPool-worker-1] INFO  impl.RaftServerProxy (RaftServerProxy.java:lambda$close$4(314)) - 838bbf9f-7aeb-447a-af5f-488443b4a0c5: close
2019-09-19 16:57:45,756 [main] INFO  impl.RaftServerImpl (RaftServerImpl.java:lambda$shutdown$3(245)) - ad522d99-c864-49ec-a4dd-d702ee7a24ab: shutdown group-2B2BF6D2ED8B
2019-09-19 16:57:45,756 [ForkJoinPool.commonPool-worker-1] INFO  impl.RaftServerImpl (RaftServerImpl.java:lambda$shutdown$3(245)) - 838bbf9f-7aeb-447a-af5f-488443b4a0c5: shutdown group-7B166E0233A1
2019-09-19 16:57:45,756 [main] INFO  util.JmxRegister (JmxRegister.java:unregister(73)) - Successfully un-registered JMX Bean with object name Ratis:service=RaftServer,group=group-2B2BF6D2ED8B,id=ad522d99-c864-49ec-a4dd-d702ee7a24ab
2019-09-19 16:57:45,756 [ForkJoinPool.commonPool-worker-1] INFO  util.JmxRegister (JmxRegister.java:unregister(73)) - Successfully un-registered JMX Bean with object name Ratis:service=RaftServer,group=group-7B166E0233A1,id=838bbf9f-7aeb-447a-af5f-488443b4a0c5
2019-09-19 16:57:45,757 [main] INFO  impl.RoleInfo (RoleInfo.java:shutdownLeaderState(104)) - ad522d99-c864-49ec-a4dd-d702ee7a24ab: shutdown LeaderState
2019-09-19 16:57:45,757 [ForkJoinPool.commonPool-worker-1] INFO  impl.RoleInfo (RoleInfo.java:shutdownLeaderState(104)) - 838bbf9f-7aeb-447a-af5f-488443b4a0c5: shutdown LeaderState
2019-09-19 16:57:45,757 [main] INFO  impl.PendingRequests (PendingRequests.java:sendNotLeaderResponses(202)) - ad522d99-c864-49ec-a4dd-d702ee7a24ab-PendingRequests: sendNotLeaderResponses
2019-09-19 16:57:45,758 [ForkJoinPool.commonPool-worker-1] INFO  impl.PendingRequests (PendingRequests.java:sendNotLeaderResponses(202)) - 838bbf9f-7aeb-447a-af5f-488443b4a0c5-PendingRequests: sendNotLeaderResponses
2019-09-19 16:57:45,758 [main] INFO  impl.StateMachineUpdater (StateMachineUpdater.java:stopAndJoin(115)) - StateMachineUpdater:ad522d99-c864-49ec-a4dd-d702ee7a24ab:group-2B2BF6D2ED8B: set stopIndex = 0
2019-09-19 16:57:45,759 [main] INFO  impl.RaftServerImpl (ServerState.java:close(394)) - ad522d99-c864-49ec-a4dd-d702ee7a24ab:group-2B2BF6D2ED8B closes. The last applied log index is 0
2019-09-19 16:57:45,759 [ForkJoinPool.commonPool-worker-1] INFO  impl.StateMachineUpdater (StateMachineUpdater.java:stopAndJoin(115)) - StateMachineUpdater:838bbf9f-7aeb-447a-af5f-488443b4a0c5:group-7B166E0233A1: set stopIndex = 0
2019-09-19 16:57:45,759 [ad522d99-c864-49ec-a4dd-d702ee7a24ab-SegmentedRaftLogWorker:Storage Directory /workdir/hadoop-ozone/ozonefs/target/test-dir/MiniOzoneClusterImpl-3d3a7b5e-b8a0-4c61-bcb4-dda3d52dd67e/datanode-1/data/ratis/86c1de3b-1b90-42be-b1f2-2b2bf6d2ed8b] INFO  segmented.SegmentedRaftLogWorker (SegmentedRaftLogWorker.java:run(313)) - ad522d99-c864-49ec-a4dd-d702ee7a24ab-SegmentedRaftLogWorker:Storage Directory /workdir/hadoop-ozone/ozonefs/target/test-dir/MiniOzoneClusterImpl-3d3a7b5e-b8a0-4c61-bcb4-dda3d52dd67e/datanode-1/data/ratis/86c1de3b-1b90-42be-b1f2-2b2bf6d2ed8b was interrupted, exiting. There are 0 tasks remaining in the queue.
2019-09-19 16:57:45,760 [ForkJoinPool.commonPool-worker-1] INFO  impl.RaftServerImpl (ServerState.java:close(394)) - 838bbf9f-7aeb-447a-af5f-488443b4a0c5:group-7B166E0233A1 closes. The last applied log index is 0
2019-09-19 16:57:45,760 [main] INFO  segmented.SegmentedRaftLogWorker (SegmentedRaftLogWorker.java:close(228)) - ad522d99-c864-49ec-a4dd-d702ee7a24ab-SegmentedRaftLogWorker:Storage Directory /workdir/hadoop-ozone/ozonefs/target/test-dir/MiniOzoneClusterImpl-3d3a7b5e-b8a0-4c61-bcb4-dda3d52dd67e/datanode-1/data/ratis/86c1de3b-1b90-42be-b1f2-2b2bf6d2ed8b close()
2019-09-19 16:57:45,761 [838bbf9f-7aeb-447a-af5f-488443b4a0c5-SegmentedRaftLogWorker:Storage Directory /workdir/hadoop-ozone/ozonefs/target/test-dir/MiniOzoneClusterImpl-3d3a7b5e-b8a0-4c61-bcb4-dda3d52dd67e/datanode-0/data/ratis/a4114247-9373-418e-80ab-7b166e0233a1] INFO  segmented.SegmentedRaftLogWorker (SegmentedRaftLogWorker.java:run(313)) - 838bbf9f-7aeb-447a-af5f-488443b4a0c5-SegmentedRaftLogWorker:Storage Directory /workdir/hadoop-ozone/ozonefs/target/test-dir/MiniOzoneClusterImpl-3d3a7b5e-b8a0-4c61-bcb4-dda3d52dd67e/datanode-0/data/ratis/a4114247-9373-418e-80ab-7b166e0233a1 was interrupted, exiting. There are 0 tasks remaining in the queue.
2019-09-19 16:57:45,763 [main] INFO  impl.RaftServerImpl (RaftServerImpl.java:lambda$shutdown$3(245)) - ad522d99-c864-49ec-a4dd-d702ee7a24ab: shutdown group-120D486E53A1
2019-09-19 16:57:45,763 [ForkJoinPool.commonPool-worker-1] INFO  segmented.SegmentedRaftLogWorker (SegmentedRaftLogWorker.java:close(228)) - 838bbf9f-7aeb-447a-af5f-488443b4a0c5-SegmentedRaftLogWorker:Storage Directory /workdir/hadoop-ozone/ozonefs/target/test-dir/MiniOzoneClusterImpl-3d3a7b5e-b8a0-4c61-bcb4-dda3d52dd67e/datanode-0/data/ratis/a4114247-9373-418e-80ab-7b166e0233a1 close()
2019-09-19 16:57:45,764 [main] INFO  util.JmxRegister (JmxRegister.java:unregister(73)) - Successfully un-registered JMX Bean with object name Ratis:service=RaftServer,group=group-120D486E53A1,id=ad522d99-c864-49ec-a4dd-d702ee7a24ab
2019-09-19 16:57:45,766 [main] INFO  impl.RoleInfo (RoleInfo.java:shutdownLeaderState(104)) - ad522d99-c864-49ec-a4dd-d702ee7a24ab: shutdown LeaderState
2019-09-19 16:57:45,766 [ForkJoinPool.commonPool-worker-1] INFO  impl.RaftServerImpl (RaftServerImpl.java:lambda$shutdown$3(245)) - 838bbf9f-7aeb-447a-af5f-488443b4a0c5: shutdown group-F040DB0E698F
2019-09-19 16:57:45,766 [main] INFO  impl.PendingRequests (PendingRequests.java:sendNotLeaderResponses(202)) - ad522d99-c864-49ec-a4dd-d702ee7a24ab-PendingRequests: sendNotLeaderResponses
2019-09-19 16:57:45,767 [ForkJoinPool.commonPool-worker-1] INFO  util.JmxRegister (JmxRegister.java:unregister(73)) - Successfully un-registered JMX Bean with object name Ratis:service=RaftServer,group=group-F040DB0E698F,id=838bbf9f-7aeb-447a-af5f-488443b4a0c5
2019-09-19 16:57:45,767 [main] INFO  impl.StateMachineUpdater (StateMachineUpdater.java:stopAndJoin(115)) - StateMachineUpdater:ad522d99-c864-49ec-a4dd-d702ee7a24ab:group-120D486E53A1: set stopIndex = 0
2019-09-19 16:57:45,768 [main] INFO  impl.RaftServerImpl (ServerState.java:close(394)) - ad522d99-c864-49ec-a4dd-d702ee7a24ab:group-120D486E53A1 closes. The last applied log index is 0
2019-09-19 16:57:45,768 [ForkJoinPool.commonPool-worker-1] INFO  impl.RoleInfo (RoleInfo.java:shutdownLeaderState(104)) - 838bbf9f-7aeb-447a-af5f-488443b4a0c5: shutdown LeaderState
2019-09-19 16:57:45,769 [ad522d99-c864-49ec-a4dd-d702ee7a24ab-SegmentedRaftLogWorker:Storage Directory /workdir/hadoop-ozone/ozonefs/target/test-dir/MiniOzoneClusterImpl-3d3a7b5e-b8a0-4c61-bcb4-dda3d52dd67e/datanode-1/data/ratis/9371a2d9-a33f-4dc2-afb1-120d486e53a1] INFO  segmented.SegmentedRaftLogWorker (SegmentedRaftLogWorker.java:run(313)) - ad522d99-c864-49ec-a4dd-d702ee7a24ab-SegmentedRaftLogWorker:Storage Directory /workdir/hadoop-ozone/ozonefs/target/test-dir/MiniOzoneClusterImpl-3d3a7b5e-b8a0-4c61-bcb4-dda3d52dd67e/datanode-1/data/ratis/9371a2d9-a33f-4dc2-afb1-120d486e53a1 was interrupted, exiting. There are 0 tasks remaining in the queue.
2019-09-19 16:57:45,769 [ForkJoinPool.commonPool-worker-1] INFO  impl.PendingRequests (PendingRequests.java:sendNotLeaderResponses(202)) - 838bbf9f-7aeb-447a-af5f-488443b4a0c5-PendingRequests: sendNotLeaderResponses
2019-09-19 16:57:45,769 [main] INFO  segmented.SegmentedRaftLogWorker (SegmentedRaftLogWorker.java:close(228)) - ad522d99-c864-49ec-a4dd-d702ee7a24ab-SegmentedRaftLogWorker:Storage Directory /workdir/hadoop-ozone/ozonefs/target/test-dir/MiniOzoneClusterImpl-3d3a7b5e-b8a0-4c61-bcb4-dda3d52dd67e/datanode-1/data/ratis/9371a2d9-a33f-4dc2-afb1-120d486e53a1 close()
2019-09-19 16:57:45,770 [ForkJoinPool.commonPool-worker-1] INFO  impl.StateMachineUpdater (StateMachineUpdater.java:stopAndJoin(115)) - StateMachineUpdater:838bbf9f-7aeb-447a-af5f-488443b4a0c5:group-F040DB0E698F: set stopIndex = 0
2019-09-19 16:57:45,772 [main] INFO  impl.RaftServerImpl (RaftServerImpl.java:lambda$shutdown$3(245)) - ad522d99-c864-49ec-a4dd-d702ee7a24ab: shutdown group-E59A33EEB47F
2019-09-19 16:57:45,772 [ForkJoinPool.commonPool-worker-1] INFO  impl.RaftServerImpl (ServerState.java:close(394)) - 838bbf9f-7aeb-447a-af5f-488443b4a0c5:group-F040DB0E698F closes. The last applied log index is 0
2019-09-19 16:57:45,773 [main] INFO  util.JmxRegister (JmxRegister.java:unregister(73)) - Successfully un-registered JMX Bean with object name Ratis:service=RaftServer,group=group-E59A33EEB47F,id=ad522d99-c864-49ec-a4dd-d702ee7a24ab
2019-09-19 16:57:45,773 [838bbf9f-7aeb-447a-af5f-488443b4a0c5-SegmentedRaftLogWorker:Storage Directory /workdir/hadoop-ozone/ozonefs/target/test-dir/MiniOzoneClusterImpl-3d3a7b5e-b8a0-4c61-bcb4-dda3d52dd67e/datanode-0/data/ratis/ad8cb578-af53-43d6-bde6-f040db0e698f] INFO  segmented.SegmentedRaftLogWorker (SegmentedRaftLogWorker.java:run(313)) - 838bbf9f-7aeb-447a-af5f-488443b4a0c5-SegmentedRaftLogWorker:Storage Directory /workdir/hadoop-ozone/ozonefs/target/test-dir/MiniOzoneClusterImpl-3d3a7b5e-b8a0-4c61-bcb4-dda3d52dd67e/datanode-0/data/ratis/ad8cb578-af53-43d6-bde6-f040db0e698f was interrupted, exiting. There are 0 tasks remaining in the queue.
2019-09-19 16:57:45,773 [main] INFO  impl.RoleInfo (RoleInfo.java:shutdownLeaderState(104)) - ad522d99-c864-49ec-a4dd-d702ee7a24ab: shutdown LeaderState
2019-09-19 16:57:45,774 [ForkJoinPool.commonPool-worker-1] INFO  segmented.SegmentedRaftLogWorker (SegmentedRaftLogWorker.java:close(228)) - 838bbf9f-7aeb-447a-af5f-488443b4a0c5-SegmentedRaftLogWorker:Storage Directory /workdir/hadoop-ozone/ozonefs/target/test-dir/MiniOzoneClusterImpl-3d3a7b5e-b8a0-4c61-bcb4-dda3d52dd67e/datanode-0/data/ratis/ad8cb578-af53-43d6-bde6-f040db0e698f close()
2019-09-19 16:57:45,774 [main] INFO  impl.PendingRequests (PendingRequests.java:sendNotLeaderResponses(202)) - ad522d99-c864-49ec-a4dd-d702ee7a24ab-PendingRequests: sendNotLeaderResponses
2019-09-19 16:57:45,776 [ForkJoinPool.commonPool-worker-1] INFO  impl.RaftServerImpl (RaftServerImpl.java:lambda$shutdown$3(245)) - 838bbf9f-7aeb-447a-af5f-488443b4a0c5: shutdown group-F80F86E86D40
2019-09-19 16:57:45,776 [main] INFO  impl.StateMachineUpdater (StateMachineUpdater.java:stopAndJoin(115)) - StateMachineUpdater:ad522d99-c864-49ec-a4dd-d702ee7a24ab:group-E59A33EEB47F: set stopIndex = 0
2019-09-19 16:57:45,777 [main] INFO  impl.RaftServerImpl (ServerState.java:close(394)) - ad522d99-c864-49ec-a4dd-d702ee7a24ab:group-E59A33EEB47F closes. The last applied log index is 0
2019-09-19 16:57:45,777 [ForkJoinPool.commonPool-worker-1] INFO  util.JmxRegister (JmxRegister.java:unregister(73)) - Successfully un-registered JMX Bean with object name Ratis:service=RaftServer,group=group-F80F86E86D40,id=838bbf9f-7aeb-447a-af5f-488443b4a0c5
2019-09-19 16:57:45,778 [ForkJoinPool.commonPool-worker-1] INFO  impl.RoleInfo (RoleInfo.java:shutdownLeaderState(104)) - 838bbf9f-7aeb-447a-af5f-488443b4a0c5: shutdown LeaderState
2019-09-19 16:57:45,778 [ad522d99-c864-49ec-a4dd-d702ee7a24ab-SegmentedRaftLogWorker:Storage Directory /workdir/hadoop-ozone/ozonefs/target/test-dir/MiniOzoneClusterImpl-3d3a7b5e-b8a0-4c61-bcb4-dda3d52dd67e/datanode-1/data/ratis/a751c8e7-a371-43c4-9f82-e59a33eeb47f] INFO  segmented.SegmentedRaftLogWorker (SegmentedRaftLogWorker.java:run(313)) - ad522d99-c864-49ec-a4dd-d702ee7a24ab-SegmentedRaftLogWorker:Storage Directory /workdir/hadoop-ozone/ozonefs/target/test-dir/MiniOzoneClusterImpl-3d3a7b5e-b8a0-4c61-bcb4-dda3d52dd67e/datanode-1/data/ratis/a751c8e7-a371-43c4-9f82-e59a33eeb47f was interrupted, exiting. There are 0 tasks remaining in the queue.
2019-09-19 16:57:45,779 [ForkJoinPool.commonPool-worker-1] INFO  impl.PendingRequests (PendingRequests.java:sendNotLeaderResponses(202)) - 838bbf9f-7aeb-447a-af5f-488443b4a0c5-PendingRequests: sendNotLeaderResponses
2019-09-19 16:57:45,779 [main] INFO  segmented.SegmentedRaftLogWorker (SegmentedRaftLogWorker.java:close(228)) - ad522d99-c864-49ec-a4dd-d702ee7a24ab-SegmentedRaftLogWorker:Storage Directory /workdir/hadoop-ozone/ozonefs/target/test-dir/MiniOzoneClusterImpl-3d3a7b5e-b8a0-4c61-bcb4-dda3d52dd67e/datanode-1/data/ratis/a751c8e7-a371-43c4-9f82-e59a33eeb47f close()
2019-09-19 16:57:45,779 [ForkJoinPool.commonPool-worker-1] INFO  impl.StateMachineUpdater (StateMachineUpdater.java:stopAndJoin(115)) - StateMachineUpdater:838bbf9f-7aeb-447a-af5f-488443b4a0c5:group-F80F86E86D40: set stopIndex = 0
2019-09-19 16:57:45,781 [main] INFO  impl.RaftServerImpl (RaftServerImpl.java:lambda$shutdown$3(245)) - ad522d99-c864-49ec-a4dd-d702ee7a24ab: shutdown group-C9D63C920E20
2019-09-19 16:57:45,781 [ForkJoinPool.commonPool-worker-1] INFO  impl.RaftServerImpl (ServerState.java:close(394)) - 838bbf9f-7aeb-447a-af5f-488443b4a0c5:group-F80F86E86D40 closes. The last applied log index is 0
2019-09-19 16:57:45,782 [main] INFO  util.JmxRegister (JmxRegister.java:unregister(73)) - Successfully un-registered JMX Bean with object name Ratis:service=RaftServer,group=group-C9D63C920E20,id=ad522d99-c864-49ec-a4dd-d702ee7a24ab
2019-09-19 16:57:45,783 [main] INFO  impl.RoleInfo (RoleInfo.java:shutdownLeaderState(104)) - ad522d99-c864-49ec-a4dd-d702ee7a24ab: shutdown LeaderState
2019-09-19 16:57:45,782 [838bbf9f-7aeb-447a-af5f-488443b4a0c5-SegmentedRaftLogWorker:Storage Directory /workdir/hadoop-ozone/ozonefs/target/test-dir/MiniOzoneClusterImpl-3d3a7b5e-b8a0-4c61-bcb4-dda3d52dd67e/datanode-0/data/ratis/fc8dce7a-5189-488e-a2e7-f80f86e86d40] INFO  segmented.SegmentedRaftLogWorker (SegmentedRaftLogWorker.java:run(313)) - 838bbf9f-7aeb-447a-af5f-488443b4a0c5-SegmentedRaftLogWorker:Storage Directory /workdir/hadoop-ozone/ozonefs/target/test-dir/MiniOzoneClusterImpl-3d3a7b5e-b8a0-4c61-bcb4-dda3d52dd67e/datanode-0/data/ratis/fc8dce7a-5189-488e-a2e7-f80f86e86d40 was interrupted, exiting. There are 0 tasks remaining in the queue.
2019-09-19 16:57:45,783 [main] INFO  impl.PendingRequests (PendingRequests.java:sendNotLeaderResponses(202)) - ad522d99-c864-49ec-a4dd-d702ee7a24ab-PendingRequests: sendNotLeaderResponses
2019-09-19 16:57:45,783 [ForkJoinPool.commonPool-worker-1] INFO  segmented.SegmentedRaftLogWorker (SegmentedRaftLogWorker.java:close(228)) - 838bbf9f-7aeb-447a-af5f-488443b4a0c5-SegmentedRaftLogWorker:Storage Directory /workdir/hadoop-ozone/ozonefs/target/test-dir/MiniOzoneClusterImpl-3d3a7b5e-b8a0-4c61-bcb4-dda3d52dd67e/datanode-0/data/ratis/fc8dce7a-5189-488e-a2e7-f80f86e86d40 close()
2019-09-19 16:57:45,784 [main] INFO  impl.StateMachineUpdater (StateMachineUpdater.java:stopAndJoin(115)) - StateMachineUpdater:ad522d99-c864-49ec-a4dd-d702ee7a24ab:group-C9D63C920E20: set stopIndex = 0
2019-09-19 16:57:45,785 [ForkJoinPool.commonPool-worker-1] INFO  impl.RaftServerImpl (RaftServerImpl.java:lambda$shutdown$3(245)) - 838bbf9f-7aeb-447a-af5f-488443b4a0c5: shutdown group-1F0F9F66E88D
2019-09-19 16:57:45,787 [main] INFO  impl.RaftServerImpl (ServerState.java:close(394)) - ad522d99-c864-49ec-a4dd-d702ee7a24ab:group-C9D63C920E20 closes. The last applied log index is 0
2019-09-19 16:57:45,787 [ForkJoinPool.commonPool-worker-1] INFO  util.JmxRegister (JmxRegister.java:unregister(73)) - Successfully un-registered JMX Bean with object name Ratis:service=RaftServer,group=group-1F0F9F66E88D,id=838bbf9f-7aeb-447a-af5f-488443b4a0c5
2019-09-19 16:57:45,788 [ForkJoinPool.commonPool-worker-1] INFO  impl.RoleInfo (RoleInfo.java:shutdownLeaderState(104)) - 838bbf9f-7aeb-447a-af5f-488443b4a0c5: shutdown LeaderState
2019-09-19 16:57:45,788 [ad522d99-c864-49ec-a4dd-d702ee7a24ab-SegmentedRaftLogWorker:Storage Directory /workdir/hadoop-ozone/ozonefs/target/test-dir/MiniOzoneClusterImpl-3d3a7b5e-b8a0-4c61-bcb4-dda3d52dd67e/datanode-1/data/ratis/e8a53c1c-35ff-454d-8fb5-c9d63c920e20] INFO  segmented.SegmentedRaftLogWorker (SegmentedRaftLogWorker.java:run(313)) - ad522d99-c864-49ec-a4dd-d702ee7a24ab-SegmentedRaftLogWorker:Storage Directory /workdir/hadoop-ozone/ozonefs/target/test-dir/MiniOzoneClusterImpl-3d3a7b5e-b8a0-4c61-bcb4-dda3d52dd67e/datanode-1/data/ratis/e8a53c1c-35ff-454d-8fb5-c9d63c920e20 was interrupted, exiting. There are 0 tasks remaining in the queue.
2019-09-19 16:57:45,789 [ForkJoinPool.commonPool-worker-1] INFO  impl.PendingRequests (PendingRequests.java:sendNotLeaderResponses(202)) - 838bbf9f-7aeb-447a-af5f-488443b4a0c5-PendingRequests: sendNotLeaderResponses
2019-09-19 16:57:45,789 [main] INFO  segmented.SegmentedRaftLogWorker (SegmentedRaftLogWorker.java:close(228)) - ad522d99-c864-49ec-a4dd-d702ee7a24ab-SegmentedRaftLogWorker:Storage Directory /workdir/hadoop-ozone/ozonefs/target/test-dir/MiniOzoneClusterImpl-3d3a7b5e-b8a0-4c61-bcb4-dda3d52dd67e/datanode-1/data/ratis/e8a53c1c-35ff-454d-8fb5-c9d63c920e20 close()
2019-09-19 16:57:45,789 [ForkJoinPool.commonPool-worker-1] INFO  impl.StateMachineUpdater (StateMachineUpdater.java:stopAndJoin(115)) - StateMachineUpdater:838bbf9f-7aeb-447a-af5f-488443b4a0c5:group-1F0F9F66E88D: set stopIndex = 0
2019-09-19 16:57:45,791 [ForkJoinPool.commonPool-worker-1] INFO  impl.RaftServerImpl (ServerState.java:close(394)) - 838bbf9f-7aeb-447a-af5f-488443b4a0c5:group-1F0F9F66E88D closes. The last applied log index is 0
2019-09-19 16:57:45,791 [main] INFO  impl.RaftServerImpl (RaftServerImpl.java:lambda$shutdown$3(245)) - ad522d99-c864-49ec-a4dd-d702ee7a24ab: shutdown group-77F063D2ABC3
2019-09-19 16:57:45,792 [838bbf9f-7aeb-447a-af5f-488443b4a0c5-SegmentedRaftLogWorker:Storage Directory /workdir/hadoop-ozone/ozonefs/target/test-dir/MiniOzoneClusterImpl-3d3a7b5e-b8a0-4c61-bcb4-dda3d52dd67e/datanode-0/data/ratis/c06cda0c-86f9-43d3-8eaf-1f0f9f66e88d] INFO  segmented.SegmentedRaftLogWorker (SegmentedRaftLogWorker.java:run(313)) - 838bbf9f-7aeb-447a-af5f-488443b4a0c5-SegmentedRaftLogWorker:Storage Directory /workdir/hadoop-ozone/ozonefs/target/test-dir/MiniOzoneClusterImpl-3d3a7b5e-b8a0-4c61-bcb4-dda3d52dd67e/datanode-0/data/ratis/c06cda0c-86f9-43d3-8eaf-1f0f9f66e88d was interrupted, exiting. There are 0 tasks remaining in the queue.
2019-09-19 16:57:45,792 [main] INFO  util.JmxRegister (JmxRegister.java:unregister(73)) - Successfully un-registered JMX Bean with object name Ratis:service=RaftServer,group=group-77F063D2ABC3,id=ad522d99-c864-49ec-a4dd-d702ee7a24ab
2019-09-19 16:57:45,793 [main] INFO  impl.RoleInfo (RoleInfo.java:shutdownLeaderState(104)) - ad522d99-c864-49ec-a4dd-d702ee7a24ab: shutdown LeaderState
2019-09-19 16:57:45,793 [ForkJoinPool.commonPool-worker-1] INFO  segmented.SegmentedRaftLogWorker (SegmentedRaftLogWorker.java:close(228)) - 838bbf9f-7aeb-447a-af5f-488443b4a0c5-SegmentedRaftLogWorker:Storage Directory /workdir/hadoop-ozone/ozonefs/target/test-dir/MiniOzoneClusterImpl-3d3a7b5e-b8a0-4c61-bcb4-dda3d52dd67e/datanode-0/data/ratis/c06cda0c-86f9-43d3-8eaf-1f0f9f66e88d close()
2019-09-19 16:57:45,793 [main] INFO  impl.PendingRequests (PendingRequests.java:sendNotLeaderResponses(202)) - ad522d99-c864-49ec-a4dd-d702ee7a24ab-PendingRequests: sendNotLeaderResponses
2019-09-19 16:57:45,795 [ForkJoinPool.commonPool-worker-1] INFO  impl.RaftServerImpl (RaftServerImpl.java:lambda$shutdown$3(245)) - 838bbf9f-7aeb-447a-af5f-488443b4a0c5: shutdown group-C0E02E9662E6
2019-09-19 16:57:45,795 [main] INFO  impl.StateMachineUpdater (StateMachineUpdater.java:stopAndJoin(115)) - StateMachineUpdater:ad522d99-c864-49ec-a4dd-d702ee7a24ab:group-77F063D2ABC3: set stopIndex = 0
2019-09-19 16:57:45,796 [ForkJoinPool.commonPool-worker-1] INFO  util.JmxRegister (JmxRegister.java:unregister(73)) - Successfully un-registered JMX Bean with object name Ratis:service=RaftServer,group=group-C0E02E9662E6,id=838bbf9f-7aeb-447a-af5f-488443b4a0c5
2019-09-19 16:57:45,796 [main] INFO  impl.RaftServerImpl (ServerState.java:close(394)) - ad522d99-c864-49ec-a4dd-d702ee7a24ab:group-77F063D2ABC3 closes. The last applied log index is 0
2019-09-19 16:57:45,797 [ForkJoinPool.commonPool-worker-1] INFO  impl.RoleInfo (RoleInfo.java:shutdownLeaderState(104)) - 838bbf9f-7aeb-447a-af5f-488443b4a0c5: shutdown LeaderState
2019-09-19 16:57:45,797 [ad522d99-c864-49ec-a4dd-d702ee7a24ab-SegmentedRaftLogWorker:Storage Directory /workdir/hadoop-ozone/ozonefs/target/test-dir/MiniOzoneClusterImpl-3d3a7b5e-b8a0-4c61-bcb4-dda3d52dd67e/datanode-1/data/ratis/e14bc023-2f63-4613-a312-77f063d2abc3] INFO  segmented.SegmentedRaftLogWorker (SegmentedRaftLogWorker.java:run(313)) - ad522d99-c864-49ec-a4dd-d702ee7a24ab-SegmentedRaftLogWorker:Storage Directory /workdir/hadoop-ozone/ozonefs/target/test-dir/MiniOzoneClusterImpl-3d3a7b5e-b8a0-4c61-bcb4-dda3d52dd67e/datanode-1/data/ratis/e14bc023-2f63-4613-a312-77f063d2abc3 was interrupted, exiting. There are 0 tasks remaining in the queue.
2019-09-19 16:57:45,797 [ForkJoinPool.commonPool-worker-1] INFO  impl.PendingRequests (PendingRequests.java:sendNotLeaderResponses(202)) - 838bbf9f-7aeb-447a-af5f-488443b4a0c5-PendingRequests: sendNotLeaderResponses
2019-09-19 16:57:45,798 [main] INFO  segmented.SegmentedRaftLogWorker (SegmentedRaftLogWorker.java:close(228)) - ad522d99-c864-49ec-a4dd-d702ee7a24ab-SegmentedRaftLogWorker:Storage Directory /workdir/hadoop-ozone/ozonefs/target/test-dir/MiniOzoneClusterImpl-3d3a7b5e-b8a0-4c61-bcb4-dda3d52dd67e/datanode-1/data/ratis/e14bc023-2f63-4613-a312-77f063d2abc3 close()
2019-09-19 16:57:45,798 [ForkJoinPool.commonPool-worker-1] INFO  impl.StateMachineUpdater (StateMachineUpdater.java:stopAndJoin(115)) - StateMachineUpdater:838bbf9f-7aeb-447a-af5f-488443b4a0c5:group-C0E02E9662E6: set stopIndex = 0
2019-09-19 16:57:45,800 [ForkJoinPool.commonPool-worker-1] INFO  impl.RaftServerImpl (ServerState.java:close(394)) - 838bbf9f-7aeb-447a-af5f-488443b4a0c5:group-C0E02E9662E6 closes. The last applied log index is 0
2019-09-19 16:57:45,800 [main] INFO  impl.RaftServerImpl (RaftServerImpl.java:lambda$shutdown$3(245)) - ad522d99-c864-49ec-a4dd-d702ee7a24ab: shutdown group-ACAC472A0E5C
2019-09-19 16:57:45,800 [838bbf9f-7aeb-447a-af5f-488443b4a0c5-SegmentedRaftLogWorker:Storage Directory /workdir/hadoop-ozone/ozonefs/target/test-dir/MiniOzoneClusterImpl-3d3a7b5e-b8a0-4c61-bcb4-dda3d52dd67e/datanode-0/data/ratis/290ce345-1dca-4eaf-b1ee-c0e02e9662e6] INFO  segmented.SegmentedRaftLogWorker (SegmentedRaftLogWorker.java:run(313)) - 838bbf9f-7aeb-447a-af5f-488443b4a0c5-SegmentedRaftLogWorker:Storage Directory /workdir/hadoop-ozone/ozonefs/target/test-dir/MiniOzoneClusterImpl-3d3a7b5e-b8a0-4c61-bcb4-dda3d52dd67e/datanode-0/data/ratis/290ce345-1dca-4eaf-b1ee-c0e02e9662e6 was interrupted, exiting. There are 0 tasks remaining in the queue.
2019-09-19 16:57:45,801 [main] INFO  util.JmxRegister (JmxRegister.java:unregister(73)) - Successfully un-registered JMX Bean with object name Ratis:service=RaftServer,group=group-ACAC472A0E5C,id=ad522d99-c864-49ec-a4dd-d702ee7a24ab
2019-09-19 16:57:45,801 [main] INFO  impl.RoleInfo (RoleInfo.java:shutdownLeaderState(104)) - ad522d99-c864-49ec-a4dd-d702ee7a24ab: shutdown LeaderState
2019-09-19 16:57:45,801 [ForkJoinPool.commonPool-worker-1] INFO  segmented.SegmentedRaftLogWorker (SegmentedRaftLogWorker.java:close(228)) - 838bbf9f-7aeb-447a-af5f-488443b4a0c5-SegmentedRaftLogWorker:Storage Directory /workdir/hadoop-ozone/ozonefs/target/test-dir/MiniOzoneClusterImpl-3d3a7b5e-b8a0-4c61-bcb4-dda3d52dd67e/datanode-0/data/ratis/290ce345-1dca-4eaf-b1ee-c0e02e9662e6 close()
2019-09-19 16:57:45,802 [main] INFO  impl.PendingRequests (PendingRequests.java:sendNotLeaderResponses(202)) - ad522d99-c864-49ec-a4dd-d702ee7a24ab-PendingRequests: sendNotLeaderResponses
2019-09-19 16:57:45,803 [ForkJoinPool.commonPool-worker-1] INFO  impl.RaftServerImpl (RaftServerImpl.java:lambda$shutdown$3(245)) - 838bbf9f-7aeb-447a-af5f-488443b4a0c5: shutdown group-FFB452498E77
2019-09-19 16:57:45,804 [main] INFO  impl.StateMachineUpdater (StateMachineUpdater.java:stopAndJoin(115)) - StateMachineUpdater:ad522d99-c864-49ec-a4dd-d702ee7a24ab:group-ACAC472A0E5C: set stopIndex = 0
2019-09-19 16:57:45,804 [main] INFO  impl.RaftServerImpl (ServerState.java:close(394)) - ad522d99-c864-49ec-a4dd-d702ee7a24ab:group-ACAC472A0E5C closes. The last applied log index is 0
2019-09-19 16:57:45,804 [ForkJoinPool.commonPool-worker-1] INFO  util.JmxRegister (JmxRegister.java:unregister(73)) - Successfully un-registered JMX Bean with object name Ratis:service=RaftServer,group=group-FFB452498E77,id=838bbf9f-7aeb-447a-af5f-488443b4a0c5
2019-09-19 16:57:45,805 [ad522d99-c864-49ec-a4dd-d702ee7a24ab-SegmentedRaftLogWorker:Storage Directory /workdir/hadoop-ozone/ozonefs/target/test-dir/MiniOzoneClusterImpl-3d3a7b5e-b8a0-4c61-bcb4-dda3d52dd67e/datanode-1/data/ratis/5dd4dd83-1586-4e5c-b148-acac472a0e5c] INFO  segmented.SegmentedRaftLogWorker (SegmentedRaftLogWorker.java:run(313)) - ad522d99-c864-49ec-a4dd-d702ee7a24ab-SegmentedRaftLogWorker:Storage Directory /workdir/hadoop-ozone/ozonefs/target/test-dir/MiniOzoneClusterImpl-3d3a7b5e-b8a0-4c61-bcb4-dda3d52dd67e/datanode-1/data/ratis/5dd4dd83-1586-4e5c-b148-acac472a0e5c was interrupted, exiting. There are 0 tasks remaining in the queue.
2019-09-19 16:57:45,805 [ForkJoinPool.commonPool-worker-1] INFO  impl.RoleInfo (RoleInfo.java:shutdownLeaderState(104)) - 838bbf9f-7aeb-447a-af5f-488443b4a0c5: shutdown LeaderState
2019-09-19 16:57:45,805 [main] INFO  segmented.SegmentedRaftLogWorker (SegmentedRaftLogWorker.java:close(228)) - ad522d99-c864-49ec-a4dd-d702ee7a24ab-SegmentedRaftLogWorker:Storage Directory /workdir/hadoop-ozone/ozonefs/target/test-dir/MiniOzoneClusterImpl-3d3a7b5e-b8a0-4c61-bcb4-dda3d52dd67e/datanode-1/data/ratis/5dd4dd83-1586-4e5c-b148-acac472a0e5c close()
2019-09-19 16:57:45,806 [ForkJoinPool.commonPool-worker-1] INFO  impl.PendingRequests (PendingRequests.java:sendNotLeaderResponses(202)) - 838bbf9f-7aeb-447a-af5f-488443b4a0c5-PendingRequests: sendNotLeaderResponses
2019-09-19 16:57:45,807 [main] INFO  server.GrpcService (GrpcService.java:closeImpl(155)) - ad522d99-c864-49ec-a4dd-d702ee7a24ab: shutdown server with port 39664 now
2019-09-19 16:57:45,808 [ForkJoinPool.commonPool-worker-1] INFO  impl.StateMachineUpdater (StateMachineUpdater.java:stopAndJoin(115)) - StateMachineUpdater:838bbf9f-7aeb-447a-af5f-488443b4a0c5:group-FFB452498E77: set stopIndex = 0
2019-09-19 16:57:45,809 [main] INFO  server.GrpcService (GrpcService.java:closeImpl(163)) - ad522d99-c864-49ec-a4dd-d702ee7a24ab: shutdown server with port 39664 successfully
2019-09-19 16:57:45,809 [ForkJoinPool.commonPool-worker-1] INFO  impl.RaftServerImpl (ServerState.java:close(394)) - 838bbf9f-7aeb-447a-af5f-488443b4a0c5:group-FFB452498E77 closes. The last applied log index is 0
2019-09-19 16:57:45,810 [838bbf9f-7aeb-447a-af5f-488443b4a0c5-SegmentedRaftLogWorker:Storage Directory /workdir/hadoop-ozone/ozonefs/target/test-dir/MiniOzoneClusterImpl-3d3a7b5e-b8a0-4c61-bcb4-dda3d52dd67e/datanode-0/data/ratis/4008324c-f874-40fa-ba8d-ffb452498e77] INFO  segmented.SegmentedRaftLogWorker (SegmentedRaftLogWorker.java:run(313)) - 838bbf9f-7aeb-447a-af5f-488443b4a0c5-SegmentedRaftLogWorker:Storage Directory /workdir/hadoop-ozone/ozonefs/target/test-dir/MiniOzoneClusterImpl-3d3a7b5e-b8a0-4c61-bcb4-dda3d52dd67e/datanode-0/data/ratis/4008324c-f874-40fa-ba8d-ffb452498e77 was interrupted, exiting. There are 0 tasks remaining in the queue.
2019-09-19 16:57:45,810 [main] INFO  utils.BackgroundService (BackgroundService.java:shutdown(148)) - Shutting down service BlockDeletingService
2019-09-19 16:57:45,811 [ForkJoinPool.commonPool-worker-1] INFO  segmented.SegmentedRaftLogWorker (SegmentedRaftLogWorker.java:close(228)) - 838bbf9f-7aeb-447a-af5f-488443b4a0c5-SegmentedRaftLogWorker:Storage Directory /workdir/hadoop-ozone/ozonefs/target/test-dir/MiniOzoneClusterImpl-3d3a7b5e-b8a0-4c61-bcb4-dda3d52dd67e/datanode-0/data/ratis/4008324c-f874-40fa-ba8d-ffb452498e77 close()
2019-09-19 16:57:45,813 [ForkJoinPool.commonPool-worker-1] INFO  server.GrpcService (GrpcService.java:closeImpl(155)) - 838bbf9f-7aeb-447a-af5f-488443b4a0c5: shutdown server with port 41146 now
2019-09-19 16:57:45,815 [ForkJoinPool.commonPool-worker-1] INFO  server.GrpcService (GrpcService.java:closeImpl(163)) - 838bbf9f-7aeb-447a-af5f-488443b4a0c5: shutdown server with port 41146 successfully
2019-09-19 16:57:45,815 [refreshUsed-/workdir/hadoop-ozone/ozonefs/target/test-dir/MiniOzoneClusterImpl-3d3a7b5e-b8a0-4c61-bcb4-dda3d52dd67e/datanode-1/data/containers] WARN  fs.CachingGetSpaceUsed (CachingGetSpaceUsed.java:run(183)) - Thread Interrupted waiting to refresh disk information: sleep interrupted
2019-09-19 16:57:45,820 [ForkJoinPool.commonPool-worker-1] INFO  utils.BackgroundService (BackgroundService.java:shutdown(148)) - Shutting down service BlockDeletingService
2019-09-19 16:57:45,823 [refreshUsed-/workdir/hadoop-ozone/ozonefs/target/test-dir/MiniOzoneClusterImpl-3d3a7b5e-b8a0-4c61-bcb4-dda3d52dd67e/datanode-0/data/containers] WARN  fs.CachingGetSpaceUsed (CachingGetSpaceUsed.java:run(183)) - Thread Interrupted waiting to refresh disk information: sleep interrupted
2019-09-19 16:57:45,846 [main] INFO  statemachine.DatanodeStateMachine (DatanodeStateMachine.java:stopDaemon(395)) - Ozone container server stopped.
2019-09-19 16:57:45,847 [main] INFO  handler.ContextHandler (ContextHandler.java:doStop(910)) - Stopped o.e.j.w.WebAppContext@1f79536b{/,null,UNAVAILABLE}{/hddsDatanode}
2019-09-19 16:57:45,848 [main] INFO  server.AbstractConnector (AbstractConnector.java:doStop(318)) - Stopped ServerConnector@6068e9d9{HTTP/1.1,[http/1.1]}{0.0.0.0:0}
2019-09-19 16:57:45,848 [main] INFO  handler.ContextHandler (ContextHandler.java:doStop(910)) - Stopped o.e.j.s.ServletContextHandler@76fece79{/static,jar:file:/home/user/.m2/repository/org/apache/hadoop/hadoop-hdds-container-service/0.5.0-SNAPSHOT/hadoop-hdds-container-service-0.5.0-SNAPSHOT.jar!/webapps/static,UNAVAILABLE}
2019-09-19 16:57:45,850 [main] INFO  handler.ContextHandler (ContextHandler.java:doStop(910)) - Stopped o.e.j.s.ServletContextHandler@29514616{/logs,file:///workdir/hadoop-ozone/ozonefs/target/log,UNAVAILABLE}
2019-09-19 16:57:45,851 [ForkJoinPool.commonPool-worker-1] INFO  statemachine.DatanodeStateMachine (DatanodeStateMachine.java:stopDaemon(395)) - Ozone container server stopped.
2019-09-19 16:57:45,854 [main] INFO  datanode.ObjectStoreHandler (ObjectStoreHandler.java:close(155)) - Closing ObjectStoreHandler.
2019-09-19 16:57:45,856 [ForkJoinPool.commonPool-worker-1] INFO  handler.ContextHandler (ContextHandler.java:doStop(910)) - Stopped o.e.j.w.WebAppContext@61906bb1{/,null,UNAVAILABLE}{/hddsDatanode}
2019-09-19 16:57:45,856 [main] INFO  ozone.HddsDatanodeService (HddsDatanodeService.java:stop(451)) - Stopped plug-in org.apache.hadoop.ozone.web.OzoneHddsDatanodeService@7680cb52
2019-09-19 16:57:45,857 [ForkJoinPool.commonPool-worker-1] INFO  server.AbstractConnector (AbstractConnector.java:doStop(318)) - Stopped ServerConnector@46672a62{HTTP/1.1,[http/1.1]}{0.0.0.0:0}
2019-09-19 16:57:45,858 [ForkJoinPool.commonPool-worker-1] INFO  handler.ContextHandler (ContextHandler.java:doStop(910)) - Stopped o.e.j.s.ServletContextHandler@1e27ed87{/static,jar:file:/home/user/.m2/repository/org/apache/hadoop/hadoop-hdds-container-service/0.5.0-SNAPSHOT/hadoop-hdds-container-service-0.5.0-SNAPSHOT.jar!/webapps/static,UNAVAILABLE}
2019-09-19 16:57:45,859 [ForkJoinPool.commonPool-worker-1] INFO  handler.ContextHandler (ContextHandler.java:doStop(910)) - Stopped o.e.j.s.ServletContextHandler@7c8c2d03{/logs,file:///workdir/hadoop-ozone/ozonefs/target/log,UNAVAILABLE}
2019-09-19 16:57:46,487 [Datanode State Machine Thread - 0] INFO  statemachine.DatanodeStateMachine (DatanodeStateMachine.java:lambda$startDaemon$0(350)) - Ozone container server started.
2019-09-19 16:57:50,857 [main] INFO  ozoneimpl.OzoneContainer (OzoneContainer.java:stop(199)) - Attempting to stop container services.
2019-09-19 16:57:50,858 [main] INFO  impl.RaftServerProxy (RaftServerProxy.java:lambda$close$4(314)) - 6272d7ea-0722-46cc-8a09-c153bdaa0261: close
2019-09-19 16:57:50,858 [main] INFO  impl.RaftServerImpl (RaftServerImpl.java:lambda$shutdown$3(245)) - 6272d7ea-0722-46cc-8a09-c153bdaa0261: shutdown group-D3F0F4AB903D
2019-09-19 16:57:50,859 [ForkJoinPool.commonPool-worker-0] INFO  impl.RaftServerImpl (RaftServerImpl.java:lambda$shutdown$3(245)) - 6272d7ea-0722-46cc-8a09-c153bdaa0261: shutdown group-933EF40E6AAB
2019-09-19 16:57:50,859 [main] INFO  util.JmxRegister (JmxRegister.java:unregister(73)) - Successfully un-registered JMX Bean with object name Ratis:service=RaftServer,group=group-D3F0F4AB903D,id=6272d7ea-0722-46cc-8a09-c153bdaa0261
2019-09-19 16:57:50,859 [ForkJoinPool.commonPool-worker-0] INFO  util.JmxRegister (JmxRegister.java:unregister(73)) - Successfully un-registered JMX Bean with object name Ratis:service=RaftServer,group=group-933EF40E6AAB,id=6272d7ea-0722-46cc-8a09-c153bdaa0261
2019-09-19 16:57:50,860 [main] INFO  impl.RoleInfo (RoleInfo.java:shutdownLeaderState(104)) - 6272d7ea-0722-46cc-8a09-c153bdaa0261: shutdown LeaderState
2019-09-19 16:57:50,860 [ForkJoinPool.commonPool-worker-0] INFO  impl.RoleInfo (RoleInfo.java:shutdownLeaderState(104)) - 6272d7ea-0722-46cc-8a09-c153bdaa0261: shutdown LeaderState
2019-09-19 16:57:50,860 [main] INFO  impl.PendingRequests (PendingRequests.java:sendNotLeaderResponses(202)) - 6272d7ea-0722-46cc-8a09-c153bdaa0261-PendingRequests: sendNotLeaderResponses
2019-09-19 16:57:50,861 [ForkJoinPool.commonPool-worker-0] INFO  impl.PendingRequests (PendingRequests.java:sendNotLeaderResponses(202)) - 6272d7ea-0722-46cc-8a09-c153bdaa0261-PendingRequests: sendNotLeaderResponses
2019-09-19 16:57:50,861 [main] INFO  impl.StateMachineUpdater (StateMachineUpdater.java:stopAndJoin(115)) - StateMachineUpdater:6272d7ea-0722-46cc-8a09-c153bdaa0261:group-D3F0F4AB903D: set stopIndex = 0
2019-09-19 16:57:50,862 [main] INFO  impl.RaftServerImpl (ServerState.java:close(394)) - 6272d7ea-0722-46cc-8a09-c153bdaa0261:group-D3F0F4AB903D closes. The last applied log index is 0
2019-09-19 16:57:50,861 [ForkJoinPool.commonPool-worker-0] INFO  impl.StateMachineUpdater (StateMachineUpdater.java:stopAndJoin(115)) - StateMachineUpdater:6272d7ea-0722-46cc-8a09-c153bdaa0261:group-933EF40E6AAB: set stopIndex = 0
2019-09-19 16:57:50,862 [6272d7ea-0722-46cc-8a09-c153bdaa0261-SegmentedRaftLogWorker:Storage Directory /workdir/hadoop-ozone/ozonefs/target/test-dir/MiniOzoneClusterImpl-3d3a7b5e-b8a0-4c61-bcb4-dda3d52dd67e/datanode-2/data/ratis/7e2aa038-d51f-4ac7-ab38-d3f0f4ab903d] INFO  segmented.SegmentedRaftLogWorker (SegmentedRaftLogWorker.java:run(313)) - 6272d7ea-0722-46cc-8a09-c153bdaa0261-SegmentedRaftLogWorker:Storage Directory /workdir/hadoop-ozone/ozonefs/target/test-dir/MiniOzoneClusterImpl-3d3a7b5e-b8a0-4c61-bcb4-dda3d52dd67e/datanode-2/data/ratis/7e2aa038-d51f-4ac7-ab38-d3f0f4ab903d was interrupted, exiting. There are 0 tasks remaining in the queue.
2019-09-19 16:57:50,862 [ForkJoinPool.commonPool-worker-0] INFO  impl.RaftServerImpl (ServerState.java:close(394)) - 6272d7ea-0722-46cc-8a09-c153bdaa0261:group-933EF40E6AAB closes. The last applied log index is 0
2019-09-19 16:57:50,863 [main] INFO  segmented.SegmentedRaftLogWorker (SegmentedRaftLogWorker.java:close(228)) - 6272d7ea-0722-46cc-8a09-c153bdaa0261-SegmentedRaftLogWorker:Storage Directory /workdir/hadoop-ozone/ozonefs/target/test-dir/MiniOzoneClusterImpl-3d3a7b5e-b8a0-4c61-bcb4-dda3d52dd67e/datanode-2/data/ratis/7e2aa038-d51f-4ac7-ab38-d3f0f4ab903d close()
2019-09-19 16:57:50,863 [6272d7ea-0722-46cc-8a09-c153bdaa0261-SegmentedRaftLogWorker:Storage Directory /workdir/hadoop-ozone/ozonefs/target/test-dir/MiniOzoneClusterImpl-3d3a7b5e-b8a0-4c61-bcb4-dda3d52dd67e/datanode-2/data/ratis/c3e57fb8-8f12-4aa5-954c-933ef40e6aab] INFO  segmented.SegmentedRaftLogWorker (SegmentedRaftLogWorker.java:run(313)) - 6272d7ea-0722-46cc-8a09-c153bdaa0261-SegmentedRaftLogWorker:Storage Directory /workdir/hadoop-ozone/ozonefs/target/test-dir/MiniOzoneClusterImpl-3d3a7b5e-b8a0-4c61-bcb4-dda3d52dd67e/datanode-2/data/ratis/c3e57fb8-8f12-4aa5-954c-933ef40e6aab was interrupted, exiting. There are 0 tasks remaining in the queue.
2019-09-19 16:57:50,865 [main] INFO  impl.RaftServerImpl (RaftServerImpl.java:lambda$shutdown$3(245)) - 6272d7ea-0722-46cc-8a09-c153bdaa0261: shutdown group-1D4D8138684B
2019-09-19 16:57:50,865 [ForkJoinPool.commonPool-worker-0] INFO  segmented.SegmentedRaftLogWorker (SegmentedRaftLogWorker.java:close(228)) - 6272d7ea-0722-46cc-8a09-c153bdaa0261-SegmentedRaftLogWorker:Storage Directory /workdir/hadoop-ozone/ozonefs/target/test-dir/MiniOzoneClusterImpl-3d3a7b5e-b8a0-4c61-bcb4-dda3d52dd67e/datanode-2/data/ratis/c3e57fb8-8f12-4aa5-954c-933ef40e6aab close()
2019-09-19 16:57:50,865 [main] INFO  util.JmxRegister (JmxRegister.java:unregister(73)) - Successfully un-registered JMX Bean with object name Ratis:service=RaftServer,group=group-1D4D8138684B,id=6272d7ea-0722-46cc-8a09-c153bdaa0261
2019-09-19 16:57:50,867 [ForkJoinPool.commonPool-worker-0] INFO  impl.RaftServerImpl (RaftServerImpl.java:lambda$shutdown$3(245)) - 6272d7ea-0722-46cc-8a09-c153bdaa0261: shutdown group-CF7626344435
2019-09-19 16:57:50,867 [main] INFO  impl.RoleInfo (RoleInfo.java:shutdownLeaderState(104)) - 6272d7ea-0722-46cc-8a09-c153bdaa0261: shutdown LeaderState
2019-09-19 16:57:50,867 [ForkJoinPool.commonPool-worker-0] INFO  util.JmxRegister (JmxRegister.java:unregister(73)) - Successfully un-registered JMX Bean with object name Ratis:service=RaftServer,group=group-CF7626344435,id=6272d7ea-0722-46cc-8a09-c153bdaa0261
2019-09-19 16:57:50,868 [main] INFO  impl.PendingRequests (PendingRequests.java:sendNotLeaderResponses(202)) - 6272d7ea-0722-46cc-8a09-c153bdaa0261-PendingRequests: sendNotLeaderResponses
2019-09-19 16:57:50,868 [ForkJoinPool.commonPool-worker-0] INFO  impl.RoleInfo (RoleInfo.java:shutdownLeaderState(104)) - 6272d7ea-0722-46cc-8a09-c153bdaa0261: shutdown LeaderState
2019-09-19 16:57:50,868 [main] INFO  impl.StateMachineUpdater (StateMachineUpdater.java:stopAndJoin(115)) - StateMachineUpdater:6272d7ea-0722-46cc-8a09-c153bdaa0261:group-1D4D8138684B: set stopIndex = 0
2019-09-19 16:57:50,868 [ForkJoinPool.commonPool-worker-0] INFO  impl.PendingRequests (PendingRequests.java:sendNotLeaderResponses(202)) - 6272d7ea-0722-46cc-8a09-c153bdaa0261-PendingRequests: sendNotLeaderResponses
2019-09-19 16:57:50,869 [main] INFO  impl.RaftServerImpl (ServerState.java:close(394)) - 6272d7ea-0722-46cc-8a09-c153bdaa0261:group-1D4D8138684B closes. The last applied log index is 0
2019-09-19 16:57:50,869 [ForkJoinPool.commonPool-worker-0] INFO  impl.StateMachineUpdater (StateMachineUpdater.java:stopAndJoin(115)) - StateMachineUpdater:6272d7ea-0722-46cc-8a09-c153bdaa0261:group-CF7626344435: set stopIndex = 0
2019-09-19 16:57:50,870 [ForkJoinPool.commonPool-worker-0] INFO  impl.RaftServerImpl (ServerState.java:close(394)) - 6272d7ea-0722-46cc-8a09-c153bdaa0261:group-CF7626344435 closes. The last applied log index is 0
2019-09-19 16:57:50,870 [6272d7ea-0722-46cc-8a09-c153bdaa0261-SegmentedRaftLogWorker:Storage Directory /workdir/hadoop-ozone/ozonefs/target/test-dir/MiniOzoneClusterImpl-3d3a7b5e-b8a0-4c61-bcb4-dda3d52dd67e/datanode-2/data/ratis/bbdbda98-de52-4835-a83f-1d4d8138684b] INFO  segmented.SegmentedRaftLogWorker (SegmentedRaftLogWorker.java:run(313)) - 6272d7ea-0722-46cc-8a09-c153bdaa0261-SegmentedRaftLogWorker:Storage Directory /workdir/hadoop-ozone/ozonefs/target/test-dir/MiniOzoneClusterImpl-3d3a7b5e-b8a0-4c61-bcb4-dda3d52dd67e/datanode-2/data/ratis/bbdbda98-de52-4835-a83f-1d4d8138684b was interrupted, exiting. There are 0 tasks remaining in the queue.
2019-09-19 16:57:50,870 [6272d7ea-0722-46cc-8a09-c153bdaa0261-SegmentedRaftLogWorker:Storage Directory /workdir/hadoop-ozone/ozonefs/target/test-dir/MiniOzoneClusterImpl-3d3a7b5e-b8a0-4c61-bcb4-dda3d52dd67e/datanode-2/data/ratis/504daa11-e484-471b-a65b-cf7626344435] INFO  segmented.SegmentedRaftLogWorker (SegmentedRaftLogWorker.java:run(313)) - 6272d7ea-0722-46cc-8a09-c153bdaa0261-SegmentedRaftLogWorker:Storage Directory /workdir/hadoop-ozone/ozonefs/target/test-dir/MiniOzoneClusterImpl-3d3a7b5e-b8a0-4c61-bcb4-dda3d52dd67e/datanode-2/data/ratis/504daa11-e484-471b-a65b-cf7626344435 was interrupted, exiting. There are 0 tasks remaining in the queue.
2019-09-19 16:57:50,870 [main] INFO  segmented.SegmentedRaftLogWorker (SegmentedRaftLogWorker.java:close(228)) - 6272d7ea-0722-46cc-8a09-c153bdaa0261-SegmentedRaftLogWorker:Storage Directory /workdir/hadoop-ozone/ozonefs/target/test-dir/MiniOzoneClusterImpl-3d3a7b5e-b8a0-4c61-bcb4-dda3d52dd67e/datanode-2/data/ratis/bbdbda98-de52-4835-a83f-1d4d8138684b close()
2019-09-19 16:57:50,870 [ForkJoinPool.commonPool-worker-0] INFO  segmented.SegmentedRaftLogWorker (SegmentedRaftLogWorker.java:close(228)) - 6272d7ea-0722-46cc-8a09-c153bdaa0261-SegmentedRaftLogWorker:Storage Directory /workdir/hadoop-ozone/ozonefs/target/test-dir/MiniOzoneClusterImpl-3d3a7b5e-b8a0-4c61-bcb4-dda3d52dd67e/datanode-2/data/ratis/504daa11-e484-471b-a65b-cf7626344435 close()
2019-09-19 16:57:50,872 [main] INFO  impl.RaftServerImpl (RaftServerImpl.java:lambda$shutdown$3(245)) - 6272d7ea-0722-46cc-8a09-c153bdaa0261: shutdown group-8D63C2688A60
2019-09-19 16:57:50,875 [main] INFO  util.JmxRegister (JmxRegister.java:unregister(73)) - Successfully un-registered JMX Bean with object name Ratis:service=RaftServer,group=group-8D63C2688A60,id=6272d7ea-0722-46cc-8a09-c153bdaa0261
2019-09-19 16:57:50,876 [main] INFO  impl.RoleInfo (RoleInfo.java:shutdownLeaderState(104)) - 6272d7ea-0722-46cc-8a09-c153bdaa0261: shutdown LeaderState
2019-09-19 16:57:50,877 [main] INFO  impl.PendingRequests (PendingRequests.java:sendNotLeaderResponses(202)) - 6272d7ea-0722-46cc-8a09-c153bdaa0261-PendingRequests: sendNotLeaderResponses
2019-09-19 16:57:50,878 [main] INFO  impl.StateMachineUpdater (StateMachineUpdater.java:stopAndJoin(115)) - StateMachineUpdater:6272d7ea-0722-46cc-8a09-c153bdaa0261:group-8D63C2688A60: set stopIndex = 0
2019-09-19 16:57:50,878 [main] INFO  impl.RaftServerImpl (ServerState.java:close(394)) - 6272d7ea-0722-46cc-8a09-c153bdaa0261:group-8D63C2688A60 closes. The last applied log index is 0
2019-09-19 16:57:50,879 [6272d7ea-0722-46cc-8a09-c153bdaa0261-SegmentedRaftLogWorker:Storage Directory /workdir/hadoop-ozone/ozonefs/target/test-dir/MiniOzoneClusterImpl-3d3a7b5e-b8a0-4c61-bcb4-dda3d52dd67e/datanode-2/data/ratis/d45cec34-016f-4e24-8328-8d63c2688a60] INFO  segmented.SegmentedRaftLogWorker (SegmentedRaftLogWorker.java:run(313)) - 6272d7ea-0722-46cc-8a09-c153bdaa0261-SegmentedRaftLogWorker:Storage Directory /workdir/hadoop-ozone/ozonefs/target/test-dir/MiniOzoneClusterImpl-3d3a7b5e-b8a0-4c61-bcb4-dda3d52dd67e/datanode-2/data/ratis/d45cec34-016f-4e24-8328-8d63c2688a60 was interrupted, exiting. There are 0 tasks remaining in the queue.
2019-09-19 16:57:50,879 [main] INFO  segmented.SegmentedRaftLogWorker (SegmentedRaftLogWorker.java:close(228)) - 6272d7ea-0722-46cc-8a09-c153bdaa0261-SegmentedRaftLogWorker:Storage Directory /workdir/hadoop-ozone/ozonefs/target/test-dir/MiniOzoneClusterImpl-3d3a7b5e-b8a0-4c61-bcb4-dda3d52dd67e/datanode-2/data/ratis/d45cec34-016f-4e24-8328-8d63c2688a60 close()
2019-09-19 16:57:50,881 [main] INFO  impl.RaftServerImpl (RaftServerImpl.java:lambda$shutdown$3(245)) - 6272d7ea-0722-46cc-8a09-c153bdaa0261: shutdown group-E512B349D6CF
2019-09-19 16:57:50,881 [main] INFO  util.JmxRegister (JmxRegister.java:unregister(73)) - Successfully un-registered JMX Bean with object name Ratis:service=RaftServer,group=group-E512B349D6CF,id=6272d7ea-0722-46cc-8a09-c153bdaa0261
2019-09-19 16:57:50,882 [main] INFO  impl.RoleInfo (RoleInfo.java:shutdownLeaderState(104)) - 6272d7ea-0722-46cc-8a09-c153bdaa0261: shutdown LeaderState
2019-09-19 16:57:50,882 [main] INFO  impl.PendingRequests (PendingRequests.java:sendNotLeaderResponses(202)) - 6272d7ea-0722-46cc-8a09-c153bdaa0261-PendingRequests: sendNotLeaderResponses
2019-09-19 16:57:50,883 [main] INFO  impl.StateMachineUpdater (StateMachineUpdater.java:stopAndJoin(115)) - StateMachineUpdater:6272d7ea-0722-46cc-8a09-c153bdaa0261:group-E512B349D6CF: set stopIndex = 0
2019-09-19 16:57:50,883 [main] INFO  impl.RaftServerImpl (ServerState.java:close(394)) - 6272d7ea-0722-46cc-8a09-c153bdaa0261:group-E512B349D6CF closes. The last applied log index is 0
2019-09-19 16:57:50,884 [6272d7ea-0722-46cc-8a09-c153bdaa0261-SegmentedRaftLogWorker:Storage Directory /workdir/hadoop-ozone/ozonefs/target/test-dir/MiniOzoneClusterImpl-3d3a7b5e-b8a0-4c61-bcb4-dda3d52dd67e/datanode-2/data/ratis/449abf4f-36cc-42e5-b8a8-e512b349d6cf] INFO  segmented.SegmentedRaftLogWorker (SegmentedRaftLogWorker.java:run(313)) - 6272d7ea-0722-46cc-8a09-c153bdaa0261-SegmentedRaftLogWorker:Storage Directory /workdir/hadoop-ozone/ozonefs/target/test-dir/MiniOzoneClusterImpl-3d3a7b5e-b8a0-4c61-bcb4-dda3d52dd67e/datanode-2/data/ratis/449abf4f-36cc-42e5-b8a8-e512b349d6cf was interrupted, exiting. There are 0 tasks remaining in the queue.
2019-09-19 16:57:50,884 [main] INFO  segmented.SegmentedRaftLogWorker (SegmentedRaftLogWorker.java:close(228)) - 6272d7ea-0722-46cc-8a09-c153bdaa0261-SegmentedRaftLogWorker:Storage Directory /workdir/hadoop-ozone/ozonefs/target/test-dir/MiniOzoneClusterImpl-3d3a7b5e-b8a0-4c61-bcb4-dda3d52dd67e/datanode-2/data/ratis/449abf4f-36cc-42e5-b8a8-e512b349d6cf close()
2019-09-19 16:57:50,886 [main] INFO  server.GrpcService (GrpcService.java:closeImpl(155)) - 6272d7ea-0722-46cc-8a09-c153bdaa0261: shutdown server with port 44160 now
2019-09-19 16:57:50,888 [main] INFO  server.GrpcService (GrpcService.java:closeImpl(163)) - 6272d7ea-0722-46cc-8a09-c153bdaa0261: shutdown server with port 44160 successfully
2019-09-19 16:57:50,892 [main] INFO  utils.BackgroundService (BackgroundService.java:shutdown(148)) - Shutting down service BlockDeletingService
2019-09-19 16:57:50,895 [refreshUsed-/workdir/hadoop-ozone/ozonefs/target/test-dir/MiniOzoneClusterImpl-3d3a7b5e-b8a0-4c61-bcb4-dda3d52dd67e/datanode-2/data/containers] WARN  fs.CachingGetSpaceUsed (CachingGetSpaceUsed.java:run(183)) - Thread Interrupted waiting to refresh disk information: sleep interrupted
2019-09-19 16:57:50,921 [main] INFO  statemachine.DatanodeStateMachine (DatanodeStateMachine.java:stopDaemon(395)) - Ozone container server stopped.
2019-09-19 16:57:50,923 [main] INFO  handler.ContextHandler (ContextHandler.java:doStop(910)) - Stopped o.e.j.w.WebAppContext@3edd135d{/,null,UNAVAILABLE}{/hddsDatanode}
2019-09-19 16:57:50,925 [main] INFO  server.AbstractConnector (AbstractConnector.java:doStop(318)) - Stopped ServerConnector@3770dd80{HTTP/1.1,[http/1.1]}{0.0.0.0:0}
2019-09-19 16:57:50,925 [main] INFO  handler.ContextHandler (ContextHandler.java:doStop(910)) - Stopped o.e.j.s.ServletContextHandler@4295b0b8{/static,jar:file:/home/user/.m2/repository/org/apache/hadoop/hadoop-hdds-container-service/0.5.0-SNAPSHOT/hadoop-hdds-container-service-0.5.0-SNAPSHOT.jar!/webapps/static,UNAVAILABLE}
2019-09-19 16:57:50,925 [main] INFO  handler.ContextHandler (ContextHandler.java:doStop(910)) - Stopped o.e.j.s.ServletContextHandler@3341ba8e{/logs,file:///workdir/hadoop-ozone/ozonefs/target/log,UNAVAILABLE}
2019-09-19 16:57:50,927 [main] INFO  ozone.MiniOzoneClusterImpl (MiniOzoneClusterImpl.java:stop(353)) - Stopping the StorageContainerManager
2019-09-19 16:57:50,927 [main] INFO  server.StorageContainerManager (StorageContainerManager.java:stop(797)) - Stopping Replication Manager Service.
2019-09-19 16:57:50,927 [main] INFO  container.ReplicationManager (ReplicationManager.java:stop(192)) - Stopping Replication Monitor Thread.
2019-09-19 16:57:50,927 [main] INFO  server.StorageContainerManager (StorageContainerManager.java:stop(804)) - Stopping Lease Manager of the command watchers
2019-09-19 16:57:50,927 [main] INFO  server.StorageContainerManager (StorageContainerManager.java:stop(811)) - Stopping datanode service RPC server
2019-09-19 16:57:50,928 [main] INFO  server.SCMDatanodeProtocolServer (SCMDatanodeProtocolServer.java:stop(367)) - Stopping the RPC server for DataNodes
2019-09-19 16:57:50,928 [main] INFO  ipc.Server (Server.java:stop(3082)) - Stopping server on 35706
2019-09-19 16:57:50,930 [IPC Server listener on 35706] INFO  ipc.Server (Server.java:run(1185)) - Stopping IPC Server listener on 35706
2019-09-19 16:57:50,931 [IPC Server Responder] INFO  ipc.Server (Server.java:run(1319)) - Stopping IPC Server Responder
2019-09-19 16:57:50,973 [SCM Heartbeat Processing Thread - 0] WARN  node.NodeStateManager (NodeStateManager.java:scheduleNextHealthCheck(655)) - Current Thread is interrupted, shutting down HB processing thread for Node Manager.
2019-09-19 16:57:50,973 [main] INFO  server.StorageContainerManager (StorageContainerManager.java:stop(819)) - Stopping block service RPC server
2019-09-19 16:57:50,974 [main] INFO  server.SCMBlockProtocolServer (SCMBlockProtocolServer.java:stop(148)) - Stopping the RPC server for Block Protocol
2019-09-19 16:57:50,974 [main] INFO  ipc.Server (Server.java:stop(3082)) - Stopping server on 33967
2019-09-19 16:57:50,976 [main] INFO  server.StorageContainerManager (StorageContainerManager.java:stop(826)) - Stopping the StorageContainerLocationProtocol RPC server
2019-09-19 16:57:50,977 [IPC Server listener on 33967] INFO  ipc.Server (Server.java:run(1185)) - Stopping IPC Server listener on 33967
2019-09-19 16:57:50,977 [IPC Server Responder] INFO  ipc.Server (Server.java:run(1319)) - Stopping IPC Server Responder
2019-09-19 16:57:50,977 [main] INFO  server.SCMClientProtocolServer (SCMClientProtocolServer.java:stop(159)) - Stopping the RPC server for Client Protocol
2019-09-19 16:57:50,978 [main] INFO  ipc.Server (Server.java:stop(3082)) - Stopping server on 32829
2019-09-19 16:57:50,980 [IPC Server listener on 32829] INFO  ipc.Server (Server.java:run(1185)) - Stopping IPC Server listener on 32829
2019-09-19 16:57:50,980 [main] INFO  server.StorageContainerManager (StorageContainerManager.java:stop(833)) - Stopping Storage Container Manager HTTP server.
2019-09-19 16:57:50,981 [IPC Server Responder] INFO  ipc.Server (Server.java:run(1319)) - Stopping IPC Server Responder
2019-09-19 16:57:50,983 [main] INFO  handler.ContextHandler (ContextHandler.java:doStop(910)) - Stopped o.e.j.w.WebAppContext@7158a28c{/,null,UNAVAILABLE}{/scm}
2019-09-19 16:57:50,984 [main] INFO  server.AbstractConnector (AbstractConnector.java:doStop(318)) - Stopped ServerConnector@413fe58f{HTTP/1.1,[http/1.1]}{0.0.0.0:0}
2019-09-19 16:57:50,984 [main] INFO  handler.ContextHandler (ContextHandler.java:doStop(910)) - Stopped o.e.j.s.ServletContextHandler@3a24306e{/static,jar:file:/home/user/.m2/repository/org/apache/hadoop/hadoop-hdds-server-scm/0.5.0-SNAPSHOT/hadoop-hdds-server-scm-0.5.0-SNAPSHOT.jar!/webapps/static,UNAVAILABLE}
2019-09-19 16:57:50,984 [main] INFO  handler.ContextHandler (ContextHandler.java:doStop(910)) - Stopped o.e.j.s.ServletContextHandler@2c73a332{/logs,file:///workdir/hadoop-ozone/ozonefs/target/log,UNAVAILABLE}
2019-09-19 16:57:50,986 [main] INFO  server.StorageContainerManager (StorageContainerManager.java:stop(844)) - Stopping Block Manager Service.
2019-09-19 16:57:50,986 [main] INFO  utils.BackgroundService (BackgroundService.java:shutdown(148)) - Shutting down service SCMBlockDeletingService
2019-09-19 16:57:50,986 [main] INFO  utils.BackgroundService (BackgroundService.java:shutdown(148)) - Shutting down service SCMBlockDeletingService
2019-09-19 16:57:50,987 [main] INFO  server.StorageContainerManager (StorageContainerManager.java:stop(866)) - Stopping SCM Event Queue.
2019-09-19 16:57:50,994 [main] INFO  impl.MetricsSystemImpl (MetricsSystemImpl.java:stop(210)) - Stopping HddsDatanode metrics system...
2019-09-19 16:57:51,013 [main] INFO  impl.MetricsSystemImpl (MetricsSystemImpl.java:stop(216)) - HddsDatanode metrics system stopped.
]]></system-out>
    <system-err><![CDATA[Sep 19, 2019 4:57:34 PM com.sun.jersey.server.impl.application.WebApplicationImpl _initiate
INFO: Initiating Jersey application, version 'Jersey: 1.19 02/11/2015 03:25 AM'
Sep 19, 2019 4:57:35 PM com.sun.jersey.server.impl.application.WebApplicationImpl _initiate
INFO: Initiating Jersey application, version 'Jersey: 1.19 02/11/2015 03:25 AM'
Sep 19, 2019 4:57:35 PM com.sun.jersey.server.impl.application.WebApplicationImpl _initiate
INFO: Initiating Jersey application, version 'Jersey: 1.19 02/11/2015 03:25 AM'
Sep 19, 2019 4:57:40 PM com.sun.jersey.server.impl.application.WebApplicationImpl _initiate
INFO: Initiating Jersey application, version 'Jersey: 1.19 02/11/2015 03:25 AM'
]]></system-err>
  </testcase>
</testsuite>