<?xml version="1.0" encoding="UTF-8"?>
<testsuite xmlns:xsi="http://www.w3.org/2001/XMLSchema-instance" xsi:noNamespaceSchemaLocation="https://maven.apache.org/surefire/maven-surefire-plugin/xsd/surefire-test-report.xsd" name="org.apache.hadoop.fs.ozone.TestOzoneFileSystem" time="134.649" tests="7" errors="4" skipped="0" failures="0">
  <properties>
    <property name="awt.toolkit" value="sun.awt.X11.XToolkit"/>
    <property name="file.encoding.pkg" value="sun.io"/>
    <property name="java.specification.version" value="1.8"/>
    <property name="sun.cpu.isalist" value=""/>
    <property name="sun.jnu.encoding" value="UTF-8"/>
    <property name="java.class.path" value="/workdir/hadoop-ozone/ozonefs/target/test-classes:/workdir/hadoop-ozone/ozonefs/target/classes:/home/user/.m2/repository/org/apache/hadoop/hadoop-common/3.2.0/hadoop-common-3.2.0.jar:/home/user/.m2/repository/org/apache/hadoop/hadoop-annotations/3.2.0/hadoop-annotations-3.2.0.jar:/usr/lib/jvm/java-1.8-openjdk/jre/../lib/tools.jar:/home/user/.m2/repository/com/google/guava/guava/11.0.2/guava-11.0.2.jar:/home/user/.m2/repository/commons-cli/commons-cli/1.2/commons-cli-1.2.jar:/home/user/.m2/repository/org/apache/commons/commons-math3/3.1.1/commons-math3-3.1.1.jar:/home/user/.m2/repository/org/apache/httpcomponents/httpclient/4.5.2/httpclient-4.5.2.jar:/home/user/.m2/repository/org/apache/httpcomponents/httpcore/4.4.4/httpcore-4.4.4.jar:/home/user/.m2/repository/commons-codec/commons-codec/1.11/commons-codec-1.11.jar:/home/user/.m2/repository/commons-io/commons-io/2.5/commons-io-2.5.jar:/home/user/.m2/repository/commons-net/commons-net/3.6/commons-net-3.6.jar:/home/user/.m2/repository/commons-collections/commons-collections/3.2.2/commons-collections-3.2.2.jar:/home/user/.m2/repository/javax/servlet/javax.servlet-api/3.1.0/javax.servlet-api-3.1.0.jar:/home/user/.m2/repository/org/eclipse/jetty/jetty-server/9.3.24.v20180605/jetty-server-9.3.24.v20180605.jar:/home/user/.m2/repository/org/eclipse/jetty/jetty-http/9.3.24.v20180605/jetty-http-9.3.24.v20180605.jar:/home/user/.m2/repository/org/eclipse/jetty/jetty-io/9.3.24.v20180605/jetty-io-9.3.24.v20180605.jar:/home/user/.m2/repository/org/eclipse/jetty/jetty-util/9.3.24.v20180605/jetty-util-9.3.24.v20180605.jar:/home/user/.m2/repository/org/eclipse/jetty/jetty-servlet/9.3.24.v20180605/jetty-servlet-9.3.24.v20180605.jar:/home/user/.m2/repository/org/eclipse/jetty/jetty-security/9.3.24.v20180605/jetty-security-9.3.24.v20180605.jar:/home/user/.m2/repository/org/eclipse/jetty/jetty-webapp/9.3.24.v20180605/jetty-webapp-9.3.24.v20180605.jar:/home/user/.m2/repository/org/eclipse/jetty/jetty-xml/9.3.24.v20180605/jetty-xml-9.3.24.v20180605.jar:/home/user/.m2/repository/javax/servlet/jsp/jsp-api/2.1/jsp-api-2.1.jar:/home/user/.m2/repository/com/sun/jersey/jersey-core/1.19/jersey-core-1.19.jar:/home/user/.m2/repository/javax/ws/rs/jsr311-api/1.1.1/jsr311-api-1.1.1.jar:/home/user/.m2/repository/com/sun/jersey/jersey-servlet/1.19/jersey-servlet-1.19.jar:/home/user/.m2/repository/com/sun/jersey/jersey-json/1.19/jersey-json-1.19.jar:/home/user/.m2/repository/org/codehaus/jettison/jettison/1.1/jettison-1.1.jar:/home/user/.m2/repository/com/sun/xml/bind/jaxb-impl/2.3.0.1/jaxb-impl-2.3.0.1.jar:/home/user/.m2/repository/org/codehaus/jackson/jackson-core-asl/1.9.13/jackson-core-asl-1.9.13.jar:/home/user/.m2/repository/org/codehaus/jackson/jackson-mapper-asl/1.9.13/jackson-mapper-asl-1.9.13.jar:/home/user/.m2/repository/org/codehaus/jackson/jackson-jaxrs/1.9.13/jackson-jaxrs-1.9.13.jar:/home/user/.m2/repository/org/codehaus/jackson/jackson-xc/1.9.13/jackson-xc-1.9.13.jar:/home/user/.m2/repository/com/sun/jersey/jersey-server/1.19/jersey-server-1.19.jar:/home/user/.m2/repository/commons-logging/commons-logging/1.1.3/commons-logging-1.1.3.jar:/home/user/.m2/repository/log4j/log4j/1.2.17/log4j-1.2.17.jar:/home/user/.m2/repository/commons-beanutils/commons-beanutils/1.9.3/commons-beanutils-1.9.3.jar:/home/user/.m2/repository/org/apache/commons/commons-configuration2/2.1.1/commons-configuration2-2.1.1.jar:/home/user/.m2/repository/org/apache/commons/commons-lang3/3.7/commons-lang3-3.7.jar:/home/user/.m2/repository/org/apache/commons/commons-text/1.4/commons-text-1.4.jar:/home/user/.m2/repository/org/slf4j/slf4j-api/1.7.25/slf4j-api-1.7.25.jar:/home/user/.m2/repository/org/slf4j/slf4j-log4j12/1.7.25/slf4j-log4j12-1.7.25.jar:/home/user/.m2/repository/org/apache/avro/avro/1.7.7/avro-1.7.7.jar:/home/user/.m2/repository/com/thoughtworks/paranamer/paranamer/2.3/paranamer-2.3.jar:/home/user/.m2/repository/org/xerial/snappy/snappy-java/1.0.5/snappy-java-1.0.5.jar:/home/user/.m2/repository/com/google/re2j/re2j/1.1/re2j-1.1.jar:/home/user/.m2/repository/com/google/protobuf/protobuf-java/2.5.0/protobuf-java-2.5.0.jar:/home/user/.m2/repository/com/google/code/gson/gson/2.2.4/gson-2.2.4.jar:/home/user/.m2/repository/org/apache/hadoop/hadoop-auth/3.2.0/hadoop-auth-3.2.0.jar:/home/user/.m2/repository/com/nimbusds/nimbus-jose-jwt/4.41.1/nimbus-jose-jwt-4.41.1.jar:/home/user/.m2/repository/com/github/stephenc/jcip/jcip-annotations/1.0-1/jcip-annotations-1.0-1.jar:/home/user/.m2/repository/net/minidev/json-smart/2.3/json-smart-2.3.jar:/home/user/.m2/repository/net/minidev/accessors-smart/1.2/accessors-smart-1.2.jar:/home/user/.m2/repository/org/apache/curator/curator-framework/2.12.0/curator-framework-2.12.0.jar:/home/user/.m2/repository/com/jcraft/jsch/0.1.54/jsch-0.1.54.jar:/home/user/.m2/repository/org/apache/curator/curator-client/2.12.0/curator-client-2.12.0.jar:/home/user/.m2/repository/org/apache/curator/curator-recipes/2.12.0/curator-recipes-2.12.0.jar:/home/user/.m2/repository/com/google/code/findbugs/jsr305/3.0.0/jsr305-3.0.0.jar:/home/user/.m2/repository/org/apache/htrace/htrace-core4/4.1.0-incubating/htrace-core4-4.1.0-incubating.jar:/home/user/.m2/repository/org/apache/zookeeper/zookeeper/3.4.13/zookeeper-3.4.13.jar:/home/user/.m2/repository/org/apache/yetus/audience-annotations/0.5.0/audience-annotations-0.5.0.jar:/home/user/.m2/repository/org/apache/commons/commons-compress/1.4.1/commons-compress-1.4.1.jar:/home/user/.m2/repository/org/tukaani/xz/1.0/xz-1.0.jar:/home/user/.m2/repository/org/apache/kerby/kerb-simplekdc/1.0.1/kerb-simplekdc-1.0.1.jar:/home/user/.m2/repository/org/apache/kerby/kerb-client/1.0.1/kerb-client-1.0.1.jar:/home/user/.m2/repository/org/apache/kerby/kerby-config/1.0.1/kerby-config-1.0.1.jar:/home/user/.m2/repository/org/apache/kerby/kerb-core/1.0.1/kerb-core-1.0.1.jar:/home/user/.m2/repository/org/apache/kerby/kerby-pkix/1.0.1/kerby-pkix-1.0.1.jar:/home/user/.m2/repository/org/apache/kerby/kerby-asn1/1.0.1/kerby-asn1-1.0.1.jar:/home/user/.m2/repository/org/apache/kerby/kerby-util/1.0.1/kerby-util-1.0.1.jar:/home/user/.m2/repository/org/apache/kerby/kerb-common/1.0.1/kerb-common-1.0.1.jar:/home/user/.m2/repository/org/apache/kerby/kerb-crypto/1.0.1/kerb-crypto-1.0.1.jar:/home/user/.m2/repository/org/apache/kerby/kerb-util/1.0.1/kerb-util-1.0.1.jar:/home/user/.m2/repository/org/apache/kerby/token-provider/1.0.1/token-provider-1.0.1.jar:/home/user/.m2/repository/org/apache/kerby/kerb-admin/1.0.1/kerb-admin-1.0.1.jar:/home/user/.m2/repository/org/apache/kerby/kerb-server/1.0.1/kerb-server-1.0.1.jar:/home/user/.m2/repository/org/apache/kerby/kerb-identity/1.0.1/kerb-identity-1.0.1.jar:/home/user/.m2/repository/org/apache/kerby/kerby-xdr/1.0.1/kerby-xdr-1.0.1.jar:/home/user/.m2/repository/com/fasterxml/jackson/core/jackson-databind/2.9.5/jackson-databind-2.9.5.jar:/home/user/.m2/repository/com/fasterxml/jackson/core/jackson-annotations/2.9.5/jackson-annotations-2.9.5.jar:/home/user/.m2/repository/com/fasterxml/jackson/core/jackson-core/2.9.5/jackson-core-2.9.5.jar:/home/user/.m2/repository/org/codehaus/woodstox/stax2-api/3.1.4/stax2-api-3.1.4.jar:/home/user/.m2/repository/com/fasterxml/woodstox/woodstox-core/5.0.3/woodstox-core-5.0.3.jar:/home/user/.m2/repository/dnsjava/dnsjava/2.1.7/dnsjava-2.1.7.jar:/home/user/.m2/repository/org/apache/hadoop/hadoop-hdfs/3.2.0/hadoop-hdfs-3.2.0.jar:/home/user/.m2/repository/org/eclipse/jetty/jetty-util-ajax/9.3.24.v20180605/jetty-util-ajax-9.3.24.v20180605.jar:/home/user/.m2/repository/commons-daemon/commons-daemon/1.0.13/commons-daemon-1.0.13.jar:/home/user/.m2/repository/io/netty/netty/3.10.5.Final/netty-3.10.5.Final.jar:/home/user/.m2/repository/io/netty/netty-all/4.0.52.Final/netty-all-4.0.52.Final.jar:/home/user/.m2/repository/org/fusesource/leveldbjni/leveldbjni-all/1.8/leveldbjni-all-1.8.jar:/home/user/.m2/repository/org/apache/hadoop/hadoop-hdds-common/0.5.0-SNAPSHOT/hadoop-hdds-common-0.5.0-SNAPSHOT.jar:/home/user/.m2/repository/org/apache/hadoop/hadoop-hdds-config/0.5.0-SNAPSHOT/hadoop-hdds-config-0.5.0-SNAPSHOT.jar:/home/user/.m2/repository/javax/annotation/javax.annotation-api/1.2/javax.annotation-api-1.2.jar:/home/user/.m2/repository/org/apache/ratis/ratis-server/0.4.0-2337318-SNAPSHOT/ratis-server-0.4.0-2337318-SNAPSHOT.jar:/home/user/.m2/repository/org/apache/ratis/ratis-thirdparty-misc/0.2.0/ratis-thirdparty-misc-0.2.0.jar:/home/user/.m2/repository/org/apache/ratis/ratis-proto/0.4.0-2337318-SNAPSHOT/ratis-proto-0.4.0-2337318-SNAPSHOT.jar:/home/user/.m2/repository/org/apache/ratis/ratis-common/0.4.0-2337318-SNAPSHOT/ratis-common-0.4.0-2337318-SNAPSHOT.jar:/home/user/.m2/repository/org/apache/ratis/ratis-client/0.4.0-2337318-SNAPSHOT/ratis-client-0.4.0-2337318-SNAPSHOT.jar:/home/user/.m2/repository/org/apache/ratis/ratis-metrics/0.4.0-2337318-SNAPSHOT/ratis-metrics-0.4.0-2337318-SNAPSHOT.jar:/home/user/.m2/repository/org/apache/ratis/ratis-netty/0.4.0-2337318-SNAPSHOT/ratis-netty-0.4.0-2337318-SNAPSHOT.jar:/home/user/.m2/repository/org/apache/ratis/ratis-grpc/0.4.0-2337318-SNAPSHOT/ratis-grpc-0.4.0-2337318-SNAPSHOT.jar:/home/user/.m2/repository/org/rocksdb/rocksdbjni/6.0.1/rocksdbjni-6.0.1.jar:/home/user/.m2/repository/org/apache/logging/log4j/log4j-api/2.11.0/log4j-api-2.11.0.jar:/home/user/.m2/repository/org/apache/logging/log4j/log4j-core/2.11.0/log4j-core-2.11.0.jar:/home/user/.m2/repository/com/lmax/disruptor/3.4.2/disruptor-3.4.2.jar:/home/user/.m2/repository/org/apache/commons/commons-pool2/2.6.0/commons-pool2-2.6.0.jar:/home/user/.m2/repository/org/bouncycastle/bcpkix-jdk15on/1.60/bcpkix-jdk15on-1.60.jar:/home/user/.m2/repository/commons-validator/commons-validator/1.6/commons-validator-1.6.jar:/home/user/.m2/repository/commons-digester/commons-digester/1.8.1/commons-digester-1.8.1.jar:/home/user/.m2/repository/io/jaegertracing/jaeger-client/0.33.1/jaeger-client-0.33.1.jar:/home/user/.m2/repository/io/jaegertracing/jaeger-thrift/0.33.1/jaeger-thrift-0.33.1.jar:/home/user/.m2/repository/org/apache/thrift/libthrift/0.11.0/libthrift-0.11.0.jar:/home/user/.m2/repository/com/squareup/okhttp3/okhttp/3.9.0/okhttp-3.9.0.jar:/home/user/.m2/repository/com/squareup/okio/okio/1.13.0/okio-1.13.0.jar:/home/user/.m2/repository/io/jaegertracing/jaeger-core/0.33.1/jaeger-core-0.33.1.jar:/home/user/.m2/repository/io/jaegertracing/jaeger-tracerresolver/0.33.1/jaeger-tracerresolver-0.33.1.jar:/home/user/.m2/repository/io/opentracing/contrib/opentracing-tracerresolver/0.1.5/opentracing-tracerresolver-0.1.5.jar:/home/user/.m2/repository/io/opentracing/opentracing-util/0.31.0/opentracing-util-0.31.0.jar:/home/user/.m2/repository/io/opentracing/opentracing-api/0.31.0/opentracing-api-0.31.0.jar:/home/user/.m2/repository/io/opentracing/opentracing-noop/0.31.0/opentracing-noop-0.31.0.jar:/home/user/.m2/repository/org/yaml/snakeyaml/1.16/snakeyaml-1.16.jar:/home/user/.m2/repository/org/apache/hadoop/hadoop-hdfs-client/3.2.0/hadoop-hdfs-client-3.2.0.jar:/home/user/.m2/repository/info/picocli/picocli/3.9.6/picocli-3.9.6.jar:/home/user/.m2/repository/org/apache/hadoop/hadoop-hdds-server-scm/0.5.0-SNAPSHOT/hadoop-hdds-server-scm-0.5.0-SNAPSHOT.jar:/home/user/.m2/repository/org/apache/hadoop/hadoop-hdds-docs/0.5.0-SNAPSHOT/hadoop-hdds-docs-0.5.0-SNAPSHOT.jar:/home/user/.m2/repository/io/dropwizard/metrics/metrics-core/3.2.4/metrics-core-3.2.4.jar:/home/user/.m2/repository/org/hamcrest/hamcrest-all/1.3/hamcrest-all-1.3.jar:/home/user/.m2/repository/org/bouncycastle/bcprov-jdk15on/1.60/bcprov-jdk15on-1.60.jar:/home/user/.m2/repository/org/apache/hadoop/hadoop-hdds-server-framework/0.5.0-SNAPSHOT/hadoop-hdds-server-framework-0.5.0-SNAPSHOT.jar:/home/user/.m2/repository/org/apache/hadoop/hadoop-ozone-ozone-manager/0.5.0-SNAPSHOT/hadoop-ozone-ozone-manager-0.5.0-SNAPSHOT.jar:/home/user/.m2/repository/org/apache/hadoop/hadoop-hdds-container-service/0.5.0-SNAPSHOT/hadoop-hdds-container-service-0.5.0-SNAPSHOT.jar:/home/user/.m2/repository/org/apache/hadoop/hadoop-hdds-client/0.5.0-SNAPSHOT/hadoop-hdds-client-0.5.0-SNAPSHOT.jar:/home/user/.m2/repository/org/apache/hadoop/hadoop-ozone-common/0.5.0-SNAPSHOT/hadoop-ozone-common-0.5.0-SNAPSHOT.jar:/home/user/.m2/repository/org/apache/hadoop/hadoop-hdds-tools/0.5.0-SNAPSHOT/hadoop-hdds-tools-0.5.0-SNAPSHOT.jar:/home/user/.m2/repository/org/xerial/sqlite-jdbc/3.25.2/sqlite-jdbc-3.25.2.jar:/home/user/.m2/repository/org/apache/hadoop/hadoop-ozone-objectstore-service/0.5.0-SNAPSHOT/hadoop-ozone-objectstore-service-0.5.0-SNAPSHOT.jar:/home/user/.m2/repository/com/google/code/findbugs/findbugs/3.0.1/findbugs-3.0.1.jar:/home/user/.m2/repository/net/jcip/jcip-annotations/1.0/jcip-annotations-1.0.jar:/home/user/.m2/repository/com/google/code/findbugs/bcel-findbugs/6.0/bcel-findbugs-6.0.jar:/home/user/.m2/repository/com/google/code/findbugs/jFormatString/2.0.1/jFormatString-2.0.1.jar:/home/user/.m2/repository/dom4j/dom4j/1.6.1/dom4j-1.6.1.jar:/home/user/.m2/repository/xml-apis/xml-apis/1.0.b2/xml-apis-1.0.b2.jar:/home/user/.m2/repository/org/ow2/asm/asm-debug-all/5.0.2/asm-debug-all-5.0.2.jar:/home/user/.m2/repository/org/ow2/asm/asm-commons/5.0.2/asm-commons-5.0.2.jar:/home/user/.m2/repository/org/ow2/asm/asm-tree/5.0.2/asm-tree-5.0.2.jar:/home/user/.m2/repository/org/ow2/asm/asm/5.0.4/asm-5.0.4.jar:/home/user/.m2/repository/commons-lang/commons-lang/2.6/commons-lang-2.6.jar:/home/user/.m2/repository/com/apple/AppleJavaExtensions/1.4/AppleJavaExtensions-1.4.jar:/home/user/.m2/repository/jaxen/jaxen/1.1.6/jaxen-1.1.6.jar:/home/user/.m2/repository/org/apache/hadoop/hadoop-common/3.2.0/hadoop-common-3.2.0-tests.jar:/home/user/.m2/repository/org/apache/hadoop/hadoop-ozone-client/0.5.0-SNAPSHOT/hadoop-ozone-client-0.5.0-SNAPSHOT.jar:/home/user/.m2/repository/org/apache/hadoop/hadoop-hdfs/3.2.0/hadoop-hdfs-3.2.0-tests.jar:/workdir/hadoop-ozone/integration-test/target/test-classes:/home/user/.m2/repository/org/apache/hadoop/hadoop-ozone-s3gateway/0.5.0-SNAPSHOT/hadoop-ozone-s3gateway-0.5.0-SNAPSHOT.jar:/home/user/.m2/repository/org/jboss/weld/servlet/weld-servlet/2.4.7.Final/weld-servlet-2.4.7.Final.jar:/home/user/.m2/repository/org/glassfish/jersey/containers/jersey-container-servlet-core/2.27/jersey-container-servlet-core-2.27.jar:/home/user/.m2/repository/org/glassfish/hk2/external/javax.inject/2.5.0-b42/javax.inject-2.5.0-b42.jar:/home/user/.m2/repository/org/glassfish/jersey/core/jersey-common/2.27/jersey-common-2.27.jar:/home/user/.m2/repository/org/glassfish/hk2/osgi-resource-locator/1.0.1/osgi-resource-locator-1.0.1.jar:/home/user/.m2/repository/javax/ws/rs/javax.ws.rs-api/2.1/javax.ws.rs-api-2.1.jar:/home/user/.m2/repository/org/glassfish/jersey/ext/cdi/jersey-cdi1x/2.27/jersey-cdi1x-2.27.jar:/home/user/.m2/repository/org/glassfish/jersey/inject/jersey-hk2/2.27/jersey-hk2-2.27.jar:/home/user/.m2/repository/org/glassfish/hk2/hk2-locator/2.5.0-b42/hk2-locator-2.5.0-b42.jar:/home/user/.m2/repository/org/javassist/javassist/3.22.0-CR2/javassist-3.22.0-CR2.jar:/home/user/.m2/repository/org/glassfish/hk2/hk2-api/2.5.0/hk2-api-2.5.0.jar:/home/user/.m2/repository/org/glassfish/hk2/external/jakarta.inject/2.5.0/jakarta.inject-2.5.0.jar:/home/user/.m2/repository/org/glassfish/hk2/hk2-utils/2.5.0/hk2-utils-2.5.0.jar:/home/user/.m2/repository/jakarta/annotation/jakarta.annotation-api/1.3.4/jakarta.annotation-api-1.3.4.jar:/home/user/.m2/repository/org/glassfish/hk2/external/aopalliance-repackaged/2.5.0/aopalliance-repackaged-2.5.0.jar:/home/user/.m2/repository/com/fasterxml/jackson/dataformat/jackson-dataformat-xml/2.9.0/jackson-dataformat-xml-2.9.0.jar:/home/user/.m2/repository/com/fasterxml/jackson/module/jackson-module-jaxb-annotations/2.9.5/jackson-module-jaxb-annotations-2.9.5.jar:/home/user/.m2/repository/javax/enterprise/cdi-api/1.2/cdi-api-1.2.jar:/home/user/.m2/repository/javax/el/javax.el-api/3.0.0/javax.el-api-3.0.0.jar:/home/user/.m2/repository/javax/interceptor/javax.interceptor-api/1.2/javax.interceptor-api-1.2.jar:/home/user/.m2/repository/javax/inject/javax.inject/1/javax.inject-1.jar:/home/user/.m2/repository/com/sun/xml/bind/jaxb-core/2.3.0.1/jaxb-core-2.3.0.1.jar:/home/user/.m2/repository/javax/xml/bind/jaxb-api/2.3.0/jaxb-api-2.3.0.jar:/home/user/.m2/repository/javax/activation/activation/1.1.1/activation-1.1.1.jar:/home/user/.m2/repository/org/apache/hadoop/hadoop-ozone-csi/0.5.0-SNAPSHOT/hadoop-ozone-csi-0.5.0-SNAPSHOT.jar:/home/user/.m2/repository/com/google/protobuf/protobuf-java-util/3.5.1/protobuf-java-util-3.5.1.jar:/home/user/.m2/repository/io/grpc/grpc-netty/1.17.1/grpc-netty-1.17.1.jar:/home/user/.m2/repository/io/grpc/grpc-core/1.17.1/grpc-core-1.17.1.jar:/home/user/.m2/repository/io/grpc/grpc-context/1.17.1/grpc-context-1.17.1.jar:/home/user/.m2/repository/com/google/errorprone/error_prone_annotations/2.2.0/error_prone_annotations-2.2.0.jar:/home/user/.m2/repository/org/codehaus/mojo/animal-sniffer-annotations/1.17/animal-sniffer-annotations-1.17.jar:/home/user/.m2/repository/io/opencensus/opencensus-api/0.17.0/opencensus-api-0.17.0.jar:/home/user/.m2/repository/io/opencensus/opencensus-contrib-grpc-metrics/0.17.0/opencensus-contrib-grpc-metrics-0.17.0.jar:/home/user/.m2/repository/io/netty/netty-codec-http2/4.1.30.Final/netty-codec-http2-4.1.30.Final.jar:/home/user/.m2/repository/io/netty/netty-codec-http/4.1.30.Final/netty-codec-http-4.1.30.Final.jar:/home/user/.m2/repository/io/netty/netty-codec/4.1.30.Final/netty-codec-4.1.30.Final.jar:/home/user/.m2/repository/io/netty/netty-handler/4.1.30.Final/netty-handler-4.1.30.Final.jar:/home/user/.m2/repository/io/netty/netty-handler-proxy/4.1.30.Final/netty-handler-proxy-4.1.30.Final.jar:/home/user/.m2/repository/io/netty/netty-codec-socks/4.1.30.Final/netty-codec-socks-4.1.30.Final.jar:/home/user/.m2/repository/io/netty/netty-transport-native-epoll/4.1.30.Final/netty-transport-native-epoll-4.1.30.Final.jar:/home/user/.m2/repository/io/netty/netty-common/4.1.30.Final/netty-common-4.1.30.Final.jar:/home/user/.m2/repository/io/netty/netty-buffer/4.1.30.Final/netty-buffer-4.1.30.Final.jar:/home/user/.m2/repository/io/netty/netty-transport/4.1.30.Final/netty-transport-4.1.30.Final.jar:/home/user/.m2/repository/io/netty/netty-resolver/4.1.30.Final/netty-resolver-4.1.30.Final.jar:/home/user/.m2/repository/io/netty/netty-transport-native-unix-common/4.1.30.Final/netty-transport-native-unix-common-4.1.30.Final.jar:/home/user/.m2/repository/io/grpc/grpc-protobuf/1.17.1/grpc-protobuf-1.17.1.jar:/home/user/.m2/repository/com/google/api/grpc/proto-google-common-protos/1.0.0/proto-google-common-protos-1.0.0.jar:/home/user/.m2/repository/io/grpc/grpc-protobuf-lite/1.17.1/grpc-protobuf-lite-1.17.1.jar:/home/user/.m2/repository/io/grpc/grpc-stub/1.17.1/grpc-stub-1.17.1.jar:/home/user/.m2/repository/org/apache/hadoop/hadoop-ozone-recon/0.5.0-SNAPSHOT/hadoop-ozone-recon-0.5.0-SNAPSHOT.jar:/home/user/.m2/repository/org/apache/hadoop/hadoop-ozone-reconcodegen/0.5.0-SNAPSHOT/hadoop-ozone-reconcodegen-0.5.0-SNAPSHOT.jar:/home/user/.m2/repository/com/google/inject/extensions/guice-multibindings/4.0/guice-multibindings-4.0.jar:/home/user/.m2/repository/com/google/inject/guice/4.0/guice-4.0.jar:/home/user/.m2/repository/aopalliance/aopalliance/1.0/aopalliance-1.0.jar:/home/user/.m2/repository/org/glassfish/jersey/containers/jersey-container-servlet/2.27/jersey-container-servlet-2.27.jar:/home/user/.m2/repository/org/glassfish/hk2/guice-bridge/2.5.0/guice-bridge-2.5.0.jar:/home/user/.m2/repository/org/glassfish/jersey/core/jersey-server/2.27/jersey-server-2.27.jar:/home/user/.m2/repository/org/glassfish/jersey/core/jersey-client/2.27/jersey-client-2.27.jar:/home/user/.m2/repository/org/glassfish/jersey/media/jersey-media-jaxb/2.27/jersey-media-jaxb-2.27.jar:/home/user/.m2/repository/javax/validation/validation-api/1.1.0.Final/validation-api-1.1.0.Final.jar:/home/user/.m2/repository/org/glassfish/jersey/media/jersey-media-json-jackson/2.27/jersey-media-json-jackson-2.27.jar:/home/user/.m2/repository/org/glassfish/jersey/ext/jersey-entity-filtering/2.27/jersey-entity-filtering-2.27.jar:/home/user/.m2/repository/com/google/inject/extensions/guice-assistedinject/4.0/guice-assistedinject-4.0.jar:/home/user/.m2/repository/org/jooq/jooq/3.11.10/jooq-3.11.10.jar:/home/user/.m2/repository/org/jooq/jooq-meta/3.11.10/jooq-meta-3.11.10.jar:/home/user/.m2/repository/org/jooq/jooq-codegen/3.11.10/jooq-codegen-3.11.10.jar:/home/user/.m2/repository/com/jolbox/bonecp/0.8.0.RELEASE/bonecp-0.8.0.RELEASE.jar:/home/user/.m2/repository/org/springframework/spring-jdbc/5.1.3.RELEASE/spring-jdbc-5.1.3.RELEASE.jar:/home/user/.m2/repository/org/springframework/spring-beans/5.1.3.RELEASE/spring-beans-5.1.3.RELEASE.jar:/home/user/.m2/repository/org/springframework/spring-core/5.1.3.RELEASE/spring-core-5.1.3.RELEASE.jar:/home/user/.m2/repository/org/springframework/spring-jcl/5.1.3.RELEASE/spring-jcl-5.1.3.RELEASE.jar:/home/user/.m2/repository/org/springframework/spring-tx/5.1.3.RELEASE/spring-tx-5.1.3.RELEASE.jar:/home/user/.m2/repository/org/mockito/mockito-all/1.10.19/mockito-all-1.10.19.jar:/home/user/.m2/repository/junit/junit/4.11/junit-4.11.jar:/home/user/.m2/repository/org/hamcrest/hamcrest-core/1.3/hamcrest-core-1.3.jar:/home/user/.m2/repository/org/apache/hadoop/hadoop-distcp/3.2.0/hadoop-distcp-3.2.0.jar:/home/user/.m2/repository/org/apache/hadoop/hadoop-distcp/3.2.0/hadoop-distcp-3.2.0-tests.jar:/home/user/.m2/repository/org/apache/hadoop/hadoop-mapreduce-client-jobclient/3.2.0/hadoop-mapreduce-client-jobclient-3.2.0.jar:/home/user/.m2/repository/org/apache/hadoop/hadoop-mapreduce-client-common/3.2.0/hadoop-mapreduce-client-common-3.2.0.jar:/home/user/.m2/repository/org/apache/hadoop/hadoop-yarn-common/3.2.0/hadoop-yarn-common-3.2.0.jar:/home/user/.m2/repository/org/apache/hadoop/hadoop-yarn-api/3.2.0/hadoop-yarn-api-3.2.0.jar:/home/user/.m2/repository/com/sun/jersey/jersey-client/1.19/jersey-client-1.19.jar:/home/user/.m2/repository/com/sun/jersey/contribs/jersey-guice/1.19/jersey-guice-1.19.jar:/home/user/.m2/repository/com/fasterxml/jackson/jaxrs/jackson-jaxrs-json-provider/2.9.5/jackson-jaxrs-json-provider-2.9.5.jar:/home/user/.m2/repository/com/fasterxml/jackson/jaxrs/jackson-jaxrs-base/2.9.5/jackson-jaxrs-base-2.9.5.jar:/home/user/.m2/repository/org/apache/hadoop/hadoop-yarn-client/3.2.0/hadoop-yarn-client-3.2.0.jar:/home/user/.m2/repository/org/apache/hadoop/hadoop-mapreduce-client-core/3.2.0/hadoop-mapreduce-client-core-3.2.0.jar:/home/user/.m2/repository/com/google/inject/extensions/guice-servlet/4.0/guice-servlet-4.0.jar:/home/user/.m2/repository/org/powermock/powermock-module-junit4/1.6.5/powermock-module-junit4-1.6.5.jar:/home/user/.m2/repository/org/powermock/powermock-module-junit4-common/1.6.5/powermock-module-junit4-common-1.6.5.jar:/home/user/.m2/repository/org/powermock/powermock-core/1.6.5/powermock-core-1.6.5.jar:/home/user/.m2/repository/org/powermock/powermock-reflect/1.6.5/powermock-reflect-1.6.5.jar:/home/user/.m2/repository/org/powermock/powermock-api-mockito/1.6.5/powermock-api-mockito-1.6.5.jar:/home/user/.m2/repository/org/mockito/mockito-core/1.10.19/mockito-core-1.10.19.jar:/home/user/.m2/repository/org/objenesis/objenesis/1.0/objenesis-1.0.jar:/home/user/.m2/repository/org/powermock/powermock-api-mockito-common/1.6.5/powermock-api-mockito-common-1.6.5.jar:/home/user/.m2/repository/org/powermock/powermock-api-support/1.6.5/powermock-api-support-1.6.5.jar:"/>
    <property name="java.vm.vendor" value="IcedTea"/>
    <property name="sun.arch.data.model" value="64"/>
    <property name="test.build.dir" value="/workdir/hadoop-ozone/ozonefs/target/test-dir"/>
    <property name="test.cache.data" value=""/>
    <property name="java.vendor.url" value="https://icedtea.classpath.org"/>
    <property name="user.timezone" value=""/>
    <property name="java.vm.specification.version" value="1.8"/>
    <property name="os.name" value="Linux"/>
    <property name="test.build.data" value="/workdir/hadoop-ozone/ozonefs/target/test-dir"/>
    <property name="user.country" value="US"/>
    <property name="sun.java.launcher" value="SUN_STANDARD"/>
    <property name="sun.boot.library.path" value="/usr/lib/jvm/java-1.8-openjdk/jre/lib/amd64"/>
    <property name="sun.java.command" value="/workdir/hadoop-ozone/ozonefs/target/surefire/surefirebooter207418425137947196.jar /workdir/hadoop-ozone/ozonefs/target/surefire 2019-09-19T11-05-02_939-jvmRun1 surefire7355796517491900428tmp surefire_1028989959967559272188tmp"/>
    <property name="test" value="!TestMiniChaosOzoneCluster"/>
    <property name="surefire.test.class.path" value="/workdir/hadoop-ozone/ozonefs/target/test-classes:/workdir/hadoop-ozone/ozonefs/target/classes:/home/user/.m2/repository/org/apache/hadoop/hadoop-common/3.2.0/hadoop-common-3.2.0.jar:/home/user/.m2/repository/org/apache/hadoop/hadoop-annotations/3.2.0/hadoop-annotations-3.2.0.jar:/usr/lib/jvm/java-1.8-openjdk/jre/../lib/tools.jar:/home/user/.m2/repository/com/google/guava/guava/11.0.2/guava-11.0.2.jar:/home/user/.m2/repository/commons-cli/commons-cli/1.2/commons-cli-1.2.jar:/home/user/.m2/repository/org/apache/commons/commons-math3/3.1.1/commons-math3-3.1.1.jar:/home/user/.m2/repository/org/apache/httpcomponents/httpclient/4.5.2/httpclient-4.5.2.jar:/home/user/.m2/repository/org/apache/httpcomponents/httpcore/4.4.4/httpcore-4.4.4.jar:/home/user/.m2/repository/commons-codec/commons-codec/1.11/commons-codec-1.11.jar:/home/user/.m2/repository/commons-io/commons-io/2.5/commons-io-2.5.jar:/home/user/.m2/repository/commons-net/commons-net/3.6/commons-net-3.6.jar:/home/user/.m2/repository/commons-collections/commons-collections/3.2.2/commons-collections-3.2.2.jar:/home/user/.m2/repository/javax/servlet/javax.servlet-api/3.1.0/javax.servlet-api-3.1.0.jar:/home/user/.m2/repository/org/eclipse/jetty/jetty-server/9.3.24.v20180605/jetty-server-9.3.24.v20180605.jar:/home/user/.m2/repository/org/eclipse/jetty/jetty-http/9.3.24.v20180605/jetty-http-9.3.24.v20180605.jar:/home/user/.m2/repository/org/eclipse/jetty/jetty-io/9.3.24.v20180605/jetty-io-9.3.24.v20180605.jar:/home/user/.m2/repository/org/eclipse/jetty/jetty-util/9.3.24.v20180605/jetty-util-9.3.24.v20180605.jar:/home/user/.m2/repository/org/eclipse/jetty/jetty-servlet/9.3.24.v20180605/jetty-servlet-9.3.24.v20180605.jar:/home/user/.m2/repository/org/eclipse/jetty/jetty-security/9.3.24.v20180605/jetty-security-9.3.24.v20180605.jar:/home/user/.m2/repository/org/eclipse/jetty/jetty-webapp/9.3.24.v20180605/jetty-webapp-9.3.24.v20180605.jar:/home/user/.m2/repository/org/eclipse/jetty/jetty-xml/9.3.24.v20180605/jetty-xml-9.3.24.v20180605.jar:/home/user/.m2/repository/javax/servlet/jsp/jsp-api/2.1/jsp-api-2.1.jar:/home/user/.m2/repository/com/sun/jersey/jersey-core/1.19/jersey-core-1.19.jar:/home/user/.m2/repository/javax/ws/rs/jsr311-api/1.1.1/jsr311-api-1.1.1.jar:/home/user/.m2/repository/com/sun/jersey/jersey-servlet/1.19/jersey-servlet-1.19.jar:/home/user/.m2/repository/com/sun/jersey/jersey-json/1.19/jersey-json-1.19.jar:/home/user/.m2/repository/org/codehaus/jettison/jettison/1.1/jettison-1.1.jar:/home/user/.m2/repository/com/sun/xml/bind/jaxb-impl/2.3.0.1/jaxb-impl-2.3.0.1.jar:/home/user/.m2/repository/org/codehaus/jackson/jackson-core-asl/1.9.13/jackson-core-asl-1.9.13.jar:/home/user/.m2/repository/org/codehaus/jackson/jackson-mapper-asl/1.9.13/jackson-mapper-asl-1.9.13.jar:/home/user/.m2/repository/org/codehaus/jackson/jackson-jaxrs/1.9.13/jackson-jaxrs-1.9.13.jar:/home/user/.m2/repository/org/codehaus/jackson/jackson-xc/1.9.13/jackson-xc-1.9.13.jar:/home/user/.m2/repository/com/sun/jersey/jersey-server/1.19/jersey-server-1.19.jar:/home/user/.m2/repository/commons-logging/commons-logging/1.1.3/commons-logging-1.1.3.jar:/home/user/.m2/repository/log4j/log4j/1.2.17/log4j-1.2.17.jar:/home/user/.m2/repository/commons-beanutils/commons-beanutils/1.9.3/commons-beanutils-1.9.3.jar:/home/user/.m2/repository/org/apache/commons/commons-configuration2/2.1.1/commons-configuration2-2.1.1.jar:/home/user/.m2/repository/org/apache/commons/commons-lang3/3.7/commons-lang3-3.7.jar:/home/user/.m2/repository/org/apache/commons/commons-text/1.4/commons-text-1.4.jar:/home/user/.m2/repository/org/slf4j/slf4j-api/1.7.25/slf4j-api-1.7.25.jar:/home/user/.m2/repository/org/slf4j/slf4j-log4j12/1.7.25/slf4j-log4j12-1.7.25.jar:/home/user/.m2/repository/org/apache/avro/avro/1.7.7/avro-1.7.7.jar:/home/user/.m2/repository/com/thoughtworks/paranamer/paranamer/2.3/paranamer-2.3.jar:/home/user/.m2/repository/org/xerial/snappy/snappy-java/1.0.5/snappy-java-1.0.5.jar:/home/user/.m2/repository/com/google/re2j/re2j/1.1/re2j-1.1.jar:/home/user/.m2/repository/com/google/protobuf/protobuf-java/2.5.0/protobuf-java-2.5.0.jar:/home/user/.m2/repository/com/google/code/gson/gson/2.2.4/gson-2.2.4.jar:/home/user/.m2/repository/org/apache/hadoop/hadoop-auth/3.2.0/hadoop-auth-3.2.0.jar:/home/user/.m2/repository/com/nimbusds/nimbus-jose-jwt/4.41.1/nimbus-jose-jwt-4.41.1.jar:/home/user/.m2/repository/com/github/stephenc/jcip/jcip-annotations/1.0-1/jcip-annotations-1.0-1.jar:/home/user/.m2/repository/net/minidev/json-smart/2.3/json-smart-2.3.jar:/home/user/.m2/repository/net/minidev/accessors-smart/1.2/accessors-smart-1.2.jar:/home/user/.m2/repository/org/apache/curator/curator-framework/2.12.0/curator-framework-2.12.0.jar:/home/user/.m2/repository/com/jcraft/jsch/0.1.54/jsch-0.1.54.jar:/home/user/.m2/repository/org/apache/curator/curator-client/2.12.0/curator-client-2.12.0.jar:/home/user/.m2/repository/org/apache/curator/curator-recipes/2.12.0/curator-recipes-2.12.0.jar:/home/user/.m2/repository/com/google/code/findbugs/jsr305/3.0.0/jsr305-3.0.0.jar:/home/user/.m2/repository/org/apache/htrace/htrace-core4/4.1.0-incubating/htrace-core4-4.1.0-incubating.jar:/home/user/.m2/repository/org/apache/zookeeper/zookeeper/3.4.13/zookeeper-3.4.13.jar:/home/user/.m2/repository/org/apache/yetus/audience-annotations/0.5.0/audience-annotations-0.5.0.jar:/home/user/.m2/repository/org/apache/commons/commons-compress/1.4.1/commons-compress-1.4.1.jar:/home/user/.m2/repository/org/tukaani/xz/1.0/xz-1.0.jar:/home/user/.m2/repository/org/apache/kerby/kerb-simplekdc/1.0.1/kerb-simplekdc-1.0.1.jar:/home/user/.m2/repository/org/apache/kerby/kerb-client/1.0.1/kerb-client-1.0.1.jar:/home/user/.m2/repository/org/apache/kerby/kerby-config/1.0.1/kerby-config-1.0.1.jar:/home/user/.m2/repository/org/apache/kerby/kerb-core/1.0.1/kerb-core-1.0.1.jar:/home/user/.m2/repository/org/apache/kerby/kerby-pkix/1.0.1/kerby-pkix-1.0.1.jar:/home/user/.m2/repository/org/apache/kerby/kerby-asn1/1.0.1/kerby-asn1-1.0.1.jar:/home/user/.m2/repository/org/apache/kerby/kerby-util/1.0.1/kerby-util-1.0.1.jar:/home/user/.m2/repository/org/apache/kerby/kerb-common/1.0.1/kerb-common-1.0.1.jar:/home/user/.m2/repository/org/apache/kerby/kerb-crypto/1.0.1/kerb-crypto-1.0.1.jar:/home/user/.m2/repository/org/apache/kerby/kerb-util/1.0.1/kerb-util-1.0.1.jar:/home/user/.m2/repository/org/apache/kerby/token-provider/1.0.1/token-provider-1.0.1.jar:/home/user/.m2/repository/org/apache/kerby/kerb-admin/1.0.1/kerb-admin-1.0.1.jar:/home/user/.m2/repository/org/apache/kerby/kerb-server/1.0.1/kerb-server-1.0.1.jar:/home/user/.m2/repository/org/apache/kerby/kerb-identity/1.0.1/kerb-identity-1.0.1.jar:/home/user/.m2/repository/org/apache/kerby/kerby-xdr/1.0.1/kerby-xdr-1.0.1.jar:/home/user/.m2/repository/com/fasterxml/jackson/core/jackson-databind/2.9.5/jackson-databind-2.9.5.jar:/home/user/.m2/repository/com/fasterxml/jackson/core/jackson-annotations/2.9.5/jackson-annotations-2.9.5.jar:/home/user/.m2/repository/com/fasterxml/jackson/core/jackson-core/2.9.5/jackson-core-2.9.5.jar:/home/user/.m2/repository/org/codehaus/woodstox/stax2-api/3.1.4/stax2-api-3.1.4.jar:/home/user/.m2/repository/com/fasterxml/woodstox/woodstox-core/5.0.3/woodstox-core-5.0.3.jar:/home/user/.m2/repository/dnsjava/dnsjava/2.1.7/dnsjava-2.1.7.jar:/home/user/.m2/repository/org/apache/hadoop/hadoop-hdfs/3.2.0/hadoop-hdfs-3.2.0.jar:/home/user/.m2/repository/org/eclipse/jetty/jetty-util-ajax/9.3.24.v20180605/jetty-util-ajax-9.3.24.v20180605.jar:/home/user/.m2/repository/commons-daemon/commons-daemon/1.0.13/commons-daemon-1.0.13.jar:/home/user/.m2/repository/io/netty/netty/3.10.5.Final/netty-3.10.5.Final.jar:/home/user/.m2/repository/io/netty/netty-all/4.0.52.Final/netty-all-4.0.52.Final.jar:/home/user/.m2/repository/org/fusesource/leveldbjni/leveldbjni-all/1.8/leveldbjni-all-1.8.jar:/home/user/.m2/repository/org/apache/hadoop/hadoop-hdds-common/0.5.0-SNAPSHOT/hadoop-hdds-common-0.5.0-SNAPSHOT.jar:/home/user/.m2/repository/org/apache/hadoop/hadoop-hdds-config/0.5.0-SNAPSHOT/hadoop-hdds-config-0.5.0-SNAPSHOT.jar:/home/user/.m2/repository/javax/annotation/javax.annotation-api/1.2/javax.annotation-api-1.2.jar:/home/user/.m2/repository/org/apache/ratis/ratis-server/0.4.0-2337318-SNAPSHOT/ratis-server-0.4.0-2337318-SNAPSHOT.jar:/home/user/.m2/repository/org/apache/ratis/ratis-thirdparty-misc/0.2.0/ratis-thirdparty-misc-0.2.0.jar:/home/user/.m2/repository/org/apache/ratis/ratis-proto/0.4.0-2337318-SNAPSHOT/ratis-proto-0.4.0-2337318-SNAPSHOT.jar:/home/user/.m2/repository/org/apache/ratis/ratis-common/0.4.0-2337318-SNAPSHOT/ratis-common-0.4.0-2337318-SNAPSHOT.jar:/home/user/.m2/repository/org/apache/ratis/ratis-client/0.4.0-2337318-SNAPSHOT/ratis-client-0.4.0-2337318-SNAPSHOT.jar:/home/user/.m2/repository/org/apache/ratis/ratis-metrics/0.4.0-2337318-SNAPSHOT/ratis-metrics-0.4.0-2337318-SNAPSHOT.jar:/home/user/.m2/repository/org/apache/ratis/ratis-netty/0.4.0-2337318-SNAPSHOT/ratis-netty-0.4.0-2337318-SNAPSHOT.jar:/home/user/.m2/repository/org/apache/ratis/ratis-grpc/0.4.0-2337318-SNAPSHOT/ratis-grpc-0.4.0-2337318-SNAPSHOT.jar:/home/user/.m2/repository/org/rocksdb/rocksdbjni/6.0.1/rocksdbjni-6.0.1.jar:/home/user/.m2/repository/org/apache/logging/log4j/log4j-api/2.11.0/log4j-api-2.11.0.jar:/home/user/.m2/repository/org/apache/logging/log4j/log4j-core/2.11.0/log4j-core-2.11.0.jar:/home/user/.m2/repository/com/lmax/disruptor/3.4.2/disruptor-3.4.2.jar:/home/user/.m2/repository/org/apache/commons/commons-pool2/2.6.0/commons-pool2-2.6.0.jar:/home/user/.m2/repository/org/bouncycastle/bcpkix-jdk15on/1.60/bcpkix-jdk15on-1.60.jar:/home/user/.m2/repository/commons-validator/commons-validator/1.6/commons-validator-1.6.jar:/home/user/.m2/repository/commons-digester/commons-digester/1.8.1/commons-digester-1.8.1.jar:/home/user/.m2/repository/io/jaegertracing/jaeger-client/0.33.1/jaeger-client-0.33.1.jar:/home/user/.m2/repository/io/jaegertracing/jaeger-thrift/0.33.1/jaeger-thrift-0.33.1.jar:/home/user/.m2/repository/org/apache/thrift/libthrift/0.11.0/libthrift-0.11.0.jar:/home/user/.m2/repository/com/squareup/okhttp3/okhttp/3.9.0/okhttp-3.9.0.jar:/home/user/.m2/repository/com/squareup/okio/okio/1.13.0/okio-1.13.0.jar:/home/user/.m2/repository/io/jaegertracing/jaeger-core/0.33.1/jaeger-core-0.33.1.jar:/home/user/.m2/repository/io/jaegertracing/jaeger-tracerresolver/0.33.1/jaeger-tracerresolver-0.33.1.jar:/home/user/.m2/repository/io/opentracing/contrib/opentracing-tracerresolver/0.1.5/opentracing-tracerresolver-0.1.5.jar:/home/user/.m2/repository/io/opentracing/opentracing-util/0.31.0/opentracing-util-0.31.0.jar:/home/user/.m2/repository/io/opentracing/opentracing-api/0.31.0/opentracing-api-0.31.0.jar:/home/user/.m2/repository/io/opentracing/opentracing-noop/0.31.0/opentracing-noop-0.31.0.jar:/home/user/.m2/repository/org/yaml/snakeyaml/1.16/snakeyaml-1.16.jar:/home/user/.m2/repository/org/apache/hadoop/hadoop-hdfs-client/3.2.0/hadoop-hdfs-client-3.2.0.jar:/home/user/.m2/repository/info/picocli/picocli/3.9.6/picocli-3.9.6.jar:/home/user/.m2/repository/org/apache/hadoop/hadoop-hdds-server-scm/0.5.0-SNAPSHOT/hadoop-hdds-server-scm-0.5.0-SNAPSHOT.jar:/home/user/.m2/repository/org/apache/hadoop/hadoop-hdds-docs/0.5.0-SNAPSHOT/hadoop-hdds-docs-0.5.0-SNAPSHOT.jar:/home/user/.m2/repository/io/dropwizard/metrics/metrics-core/3.2.4/metrics-core-3.2.4.jar:/home/user/.m2/repository/org/hamcrest/hamcrest-all/1.3/hamcrest-all-1.3.jar:/home/user/.m2/repository/org/bouncycastle/bcprov-jdk15on/1.60/bcprov-jdk15on-1.60.jar:/home/user/.m2/repository/org/apache/hadoop/hadoop-hdds-server-framework/0.5.0-SNAPSHOT/hadoop-hdds-server-framework-0.5.0-SNAPSHOT.jar:/home/user/.m2/repository/org/apache/hadoop/hadoop-ozone-ozone-manager/0.5.0-SNAPSHOT/hadoop-ozone-ozone-manager-0.5.0-SNAPSHOT.jar:/home/user/.m2/repository/org/apache/hadoop/hadoop-hdds-container-service/0.5.0-SNAPSHOT/hadoop-hdds-container-service-0.5.0-SNAPSHOT.jar:/home/user/.m2/repository/org/apache/hadoop/hadoop-hdds-client/0.5.0-SNAPSHOT/hadoop-hdds-client-0.5.0-SNAPSHOT.jar:/home/user/.m2/repository/org/apache/hadoop/hadoop-ozone-common/0.5.0-SNAPSHOT/hadoop-ozone-common-0.5.0-SNAPSHOT.jar:/home/user/.m2/repository/org/apache/hadoop/hadoop-hdds-tools/0.5.0-SNAPSHOT/hadoop-hdds-tools-0.5.0-SNAPSHOT.jar:/home/user/.m2/repository/org/xerial/sqlite-jdbc/3.25.2/sqlite-jdbc-3.25.2.jar:/home/user/.m2/repository/org/apache/hadoop/hadoop-ozone-objectstore-service/0.5.0-SNAPSHOT/hadoop-ozone-objectstore-service-0.5.0-SNAPSHOT.jar:/home/user/.m2/repository/com/google/code/findbugs/findbugs/3.0.1/findbugs-3.0.1.jar:/home/user/.m2/repository/net/jcip/jcip-annotations/1.0/jcip-annotations-1.0.jar:/home/user/.m2/repository/com/google/code/findbugs/bcel-findbugs/6.0/bcel-findbugs-6.0.jar:/home/user/.m2/repository/com/google/code/findbugs/jFormatString/2.0.1/jFormatString-2.0.1.jar:/home/user/.m2/repository/dom4j/dom4j/1.6.1/dom4j-1.6.1.jar:/home/user/.m2/repository/xml-apis/xml-apis/1.0.b2/xml-apis-1.0.b2.jar:/home/user/.m2/repository/org/ow2/asm/asm-debug-all/5.0.2/asm-debug-all-5.0.2.jar:/home/user/.m2/repository/org/ow2/asm/asm-commons/5.0.2/asm-commons-5.0.2.jar:/home/user/.m2/repository/org/ow2/asm/asm-tree/5.0.2/asm-tree-5.0.2.jar:/home/user/.m2/repository/org/ow2/asm/asm/5.0.4/asm-5.0.4.jar:/home/user/.m2/repository/commons-lang/commons-lang/2.6/commons-lang-2.6.jar:/home/user/.m2/repository/com/apple/AppleJavaExtensions/1.4/AppleJavaExtensions-1.4.jar:/home/user/.m2/repository/jaxen/jaxen/1.1.6/jaxen-1.1.6.jar:/home/user/.m2/repository/org/apache/hadoop/hadoop-common/3.2.0/hadoop-common-3.2.0-tests.jar:/home/user/.m2/repository/org/apache/hadoop/hadoop-ozone-client/0.5.0-SNAPSHOT/hadoop-ozone-client-0.5.0-SNAPSHOT.jar:/home/user/.m2/repository/org/apache/hadoop/hadoop-hdfs/3.2.0/hadoop-hdfs-3.2.0-tests.jar:/workdir/hadoop-ozone/integration-test/target/test-classes:/home/user/.m2/repository/org/apache/hadoop/hadoop-ozone-s3gateway/0.5.0-SNAPSHOT/hadoop-ozone-s3gateway-0.5.0-SNAPSHOT.jar:/home/user/.m2/repository/org/jboss/weld/servlet/weld-servlet/2.4.7.Final/weld-servlet-2.4.7.Final.jar:/home/user/.m2/repository/org/glassfish/jersey/containers/jersey-container-servlet-core/2.27/jersey-container-servlet-core-2.27.jar:/home/user/.m2/repository/org/glassfish/hk2/external/javax.inject/2.5.0-b42/javax.inject-2.5.0-b42.jar:/home/user/.m2/repository/org/glassfish/jersey/core/jersey-common/2.27/jersey-common-2.27.jar:/home/user/.m2/repository/org/glassfish/hk2/osgi-resource-locator/1.0.1/osgi-resource-locator-1.0.1.jar:/home/user/.m2/repository/javax/ws/rs/javax.ws.rs-api/2.1/javax.ws.rs-api-2.1.jar:/home/user/.m2/repository/org/glassfish/jersey/ext/cdi/jersey-cdi1x/2.27/jersey-cdi1x-2.27.jar:/home/user/.m2/repository/org/glassfish/jersey/inject/jersey-hk2/2.27/jersey-hk2-2.27.jar:/home/user/.m2/repository/org/glassfish/hk2/hk2-locator/2.5.0-b42/hk2-locator-2.5.0-b42.jar:/home/user/.m2/repository/org/javassist/javassist/3.22.0-CR2/javassist-3.22.0-CR2.jar:/home/user/.m2/repository/org/glassfish/hk2/hk2-api/2.5.0/hk2-api-2.5.0.jar:/home/user/.m2/repository/org/glassfish/hk2/external/jakarta.inject/2.5.0/jakarta.inject-2.5.0.jar:/home/user/.m2/repository/org/glassfish/hk2/hk2-utils/2.5.0/hk2-utils-2.5.0.jar:/home/user/.m2/repository/jakarta/annotation/jakarta.annotation-api/1.3.4/jakarta.annotation-api-1.3.4.jar:/home/user/.m2/repository/org/glassfish/hk2/external/aopalliance-repackaged/2.5.0/aopalliance-repackaged-2.5.0.jar:/home/user/.m2/repository/com/fasterxml/jackson/dataformat/jackson-dataformat-xml/2.9.0/jackson-dataformat-xml-2.9.0.jar:/home/user/.m2/repository/com/fasterxml/jackson/module/jackson-module-jaxb-annotations/2.9.5/jackson-module-jaxb-annotations-2.9.5.jar:/home/user/.m2/repository/javax/enterprise/cdi-api/1.2/cdi-api-1.2.jar:/home/user/.m2/repository/javax/el/javax.el-api/3.0.0/javax.el-api-3.0.0.jar:/home/user/.m2/repository/javax/interceptor/javax.interceptor-api/1.2/javax.interceptor-api-1.2.jar:/home/user/.m2/repository/javax/inject/javax.inject/1/javax.inject-1.jar:/home/user/.m2/repository/com/sun/xml/bind/jaxb-core/2.3.0.1/jaxb-core-2.3.0.1.jar:/home/user/.m2/repository/javax/xml/bind/jaxb-api/2.3.0/jaxb-api-2.3.0.jar:/home/user/.m2/repository/javax/activation/activation/1.1.1/activation-1.1.1.jar:/home/user/.m2/repository/org/apache/hadoop/hadoop-ozone-csi/0.5.0-SNAPSHOT/hadoop-ozone-csi-0.5.0-SNAPSHOT.jar:/home/user/.m2/repository/com/google/protobuf/protobuf-java-util/3.5.1/protobuf-java-util-3.5.1.jar:/home/user/.m2/repository/io/grpc/grpc-netty/1.17.1/grpc-netty-1.17.1.jar:/home/user/.m2/repository/io/grpc/grpc-core/1.17.1/grpc-core-1.17.1.jar:/home/user/.m2/repository/io/grpc/grpc-context/1.17.1/grpc-context-1.17.1.jar:/home/user/.m2/repository/com/google/errorprone/error_prone_annotations/2.2.0/error_prone_annotations-2.2.0.jar:/home/user/.m2/repository/org/codehaus/mojo/animal-sniffer-annotations/1.17/animal-sniffer-annotations-1.17.jar:/home/user/.m2/repository/io/opencensus/opencensus-api/0.17.0/opencensus-api-0.17.0.jar:/home/user/.m2/repository/io/opencensus/opencensus-contrib-grpc-metrics/0.17.0/opencensus-contrib-grpc-metrics-0.17.0.jar:/home/user/.m2/repository/io/netty/netty-codec-http2/4.1.30.Final/netty-codec-http2-4.1.30.Final.jar:/home/user/.m2/repository/io/netty/netty-codec-http/4.1.30.Final/netty-codec-http-4.1.30.Final.jar:/home/user/.m2/repository/io/netty/netty-codec/4.1.30.Final/netty-codec-4.1.30.Final.jar:/home/user/.m2/repository/io/netty/netty-handler/4.1.30.Final/netty-handler-4.1.30.Final.jar:/home/user/.m2/repository/io/netty/netty-handler-proxy/4.1.30.Final/netty-handler-proxy-4.1.30.Final.jar:/home/user/.m2/repository/io/netty/netty-codec-socks/4.1.30.Final/netty-codec-socks-4.1.30.Final.jar:/home/user/.m2/repository/io/netty/netty-transport-native-epoll/4.1.30.Final/netty-transport-native-epoll-4.1.30.Final.jar:/home/user/.m2/repository/io/netty/netty-common/4.1.30.Final/netty-common-4.1.30.Final.jar:/home/user/.m2/repository/io/netty/netty-buffer/4.1.30.Final/netty-buffer-4.1.30.Final.jar:/home/user/.m2/repository/io/netty/netty-transport/4.1.30.Final/netty-transport-4.1.30.Final.jar:/home/user/.m2/repository/io/netty/netty-resolver/4.1.30.Final/netty-resolver-4.1.30.Final.jar:/home/user/.m2/repository/io/netty/netty-transport-native-unix-common/4.1.30.Final/netty-transport-native-unix-common-4.1.30.Final.jar:/home/user/.m2/repository/io/grpc/grpc-protobuf/1.17.1/grpc-protobuf-1.17.1.jar:/home/user/.m2/repository/com/google/api/grpc/proto-google-common-protos/1.0.0/proto-google-common-protos-1.0.0.jar:/home/user/.m2/repository/io/grpc/grpc-protobuf-lite/1.17.1/grpc-protobuf-lite-1.17.1.jar:/home/user/.m2/repository/io/grpc/grpc-stub/1.17.1/grpc-stub-1.17.1.jar:/home/user/.m2/repository/org/apache/hadoop/hadoop-ozone-recon/0.5.0-SNAPSHOT/hadoop-ozone-recon-0.5.0-SNAPSHOT.jar:/home/user/.m2/repository/org/apache/hadoop/hadoop-ozone-reconcodegen/0.5.0-SNAPSHOT/hadoop-ozone-reconcodegen-0.5.0-SNAPSHOT.jar:/home/user/.m2/repository/com/google/inject/extensions/guice-multibindings/4.0/guice-multibindings-4.0.jar:/home/user/.m2/repository/com/google/inject/guice/4.0/guice-4.0.jar:/home/user/.m2/repository/aopalliance/aopalliance/1.0/aopalliance-1.0.jar:/home/user/.m2/repository/org/glassfish/jersey/containers/jersey-container-servlet/2.27/jersey-container-servlet-2.27.jar:/home/user/.m2/repository/org/glassfish/hk2/guice-bridge/2.5.0/guice-bridge-2.5.0.jar:/home/user/.m2/repository/org/glassfish/jersey/core/jersey-server/2.27/jersey-server-2.27.jar:/home/user/.m2/repository/org/glassfish/jersey/core/jersey-client/2.27/jersey-client-2.27.jar:/home/user/.m2/repository/org/glassfish/jersey/media/jersey-media-jaxb/2.27/jersey-media-jaxb-2.27.jar:/home/user/.m2/repository/javax/validation/validation-api/1.1.0.Final/validation-api-1.1.0.Final.jar:/home/user/.m2/repository/org/glassfish/jersey/media/jersey-media-json-jackson/2.27/jersey-media-json-jackson-2.27.jar:/home/user/.m2/repository/org/glassfish/jersey/ext/jersey-entity-filtering/2.27/jersey-entity-filtering-2.27.jar:/home/user/.m2/repository/com/google/inject/extensions/guice-assistedinject/4.0/guice-assistedinject-4.0.jar:/home/user/.m2/repository/org/jooq/jooq/3.11.10/jooq-3.11.10.jar:/home/user/.m2/repository/org/jooq/jooq-meta/3.11.10/jooq-meta-3.11.10.jar:/home/user/.m2/repository/org/jooq/jooq-codegen/3.11.10/jooq-codegen-3.11.10.jar:/home/user/.m2/repository/com/jolbox/bonecp/0.8.0.RELEASE/bonecp-0.8.0.RELEASE.jar:/home/user/.m2/repository/org/springframework/spring-jdbc/5.1.3.RELEASE/spring-jdbc-5.1.3.RELEASE.jar:/home/user/.m2/repository/org/springframework/spring-beans/5.1.3.RELEASE/spring-beans-5.1.3.RELEASE.jar:/home/user/.m2/repository/org/springframework/spring-core/5.1.3.RELEASE/spring-core-5.1.3.RELEASE.jar:/home/user/.m2/repository/org/springframework/spring-jcl/5.1.3.RELEASE/spring-jcl-5.1.3.RELEASE.jar:/home/user/.m2/repository/org/springframework/spring-tx/5.1.3.RELEASE/spring-tx-5.1.3.RELEASE.jar:/home/user/.m2/repository/org/mockito/mockito-all/1.10.19/mockito-all-1.10.19.jar:/home/user/.m2/repository/junit/junit/4.11/junit-4.11.jar:/home/user/.m2/repository/org/hamcrest/hamcrest-core/1.3/hamcrest-core-1.3.jar:/home/user/.m2/repository/org/apache/hadoop/hadoop-distcp/3.2.0/hadoop-distcp-3.2.0.jar:/home/user/.m2/repository/org/apache/hadoop/hadoop-distcp/3.2.0/hadoop-distcp-3.2.0-tests.jar:/home/user/.m2/repository/org/apache/hadoop/hadoop-mapreduce-client-jobclient/3.2.0/hadoop-mapreduce-client-jobclient-3.2.0.jar:/home/user/.m2/repository/org/apache/hadoop/hadoop-mapreduce-client-common/3.2.0/hadoop-mapreduce-client-common-3.2.0.jar:/home/user/.m2/repository/org/apache/hadoop/hadoop-yarn-common/3.2.0/hadoop-yarn-common-3.2.0.jar:/home/user/.m2/repository/org/apache/hadoop/hadoop-yarn-api/3.2.0/hadoop-yarn-api-3.2.0.jar:/home/user/.m2/repository/com/sun/jersey/jersey-client/1.19/jersey-client-1.19.jar:/home/user/.m2/repository/com/sun/jersey/contribs/jersey-guice/1.19/jersey-guice-1.19.jar:/home/user/.m2/repository/com/fasterxml/jackson/jaxrs/jackson-jaxrs-json-provider/2.9.5/jackson-jaxrs-json-provider-2.9.5.jar:/home/user/.m2/repository/com/fasterxml/jackson/jaxrs/jackson-jaxrs-base/2.9.5/jackson-jaxrs-base-2.9.5.jar:/home/user/.m2/repository/org/apache/hadoop/hadoop-yarn-client/3.2.0/hadoop-yarn-client-3.2.0.jar:/home/user/.m2/repository/org/apache/hadoop/hadoop-mapreduce-client-core/3.2.0/hadoop-mapreduce-client-core-3.2.0.jar:/home/user/.m2/repository/com/google/inject/extensions/guice-servlet/4.0/guice-servlet-4.0.jar:/home/user/.m2/repository/org/powermock/powermock-module-junit4/1.6.5/powermock-module-junit4-1.6.5.jar:/home/user/.m2/repository/org/powermock/powermock-module-junit4-common/1.6.5/powermock-module-junit4-common-1.6.5.jar:/home/user/.m2/repository/org/powermock/powermock-core/1.6.5/powermock-core-1.6.5.jar:/home/user/.m2/repository/org/powermock/powermock-reflect/1.6.5/powermock-reflect-1.6.5.jar:/home/user/.m2/repository/org/powermock/powermock-api-mockito/1.6.5/powermock-api-mockito-1.6.5.jar:/home/user/.m2/repository/org/mockito/mockito-core/1.10.19/mockito-core-1.10.19.jar:/home/user/.m2/repository/org/objenesis/objenesis/1.0/objenesis-1.0.jar:/home/user/.m2/repository/org/powermock/powermock-api-mockito-common/1.6.5/powermock-api-mockito-common-1.6.5.jar:/home/user/.m2/repository/org/powermock/powermock-api-support/1.6.5/powermock-api-support-1.6.5.jar:"/>
    <property name="sun.cpu.endian" value="little"/>
    <property name="user.home" value="/home/user"/>
    <property name="user.language" value="en"/>
    <property name="java.specification.vendor" value="Oracle Corporation"/>
    <property name="java.home" value="/usr/lib/jvm/java-1.8-openjdk/jre"/>
    <property name="java.security.krb5.conf" value="/workdir/hadoop-ozone/ozonefs/target/test-classes/krb5.conf"/>
    <property name="basedir" value="/workdir/hadoop-ozone/ozonefs"/>
    <property name="file.separator" value="/"/>
    <property name="line.separator" value="&#10;"/>
    <property name="java.vm.specification.vendor" value="Oracle Corporation"/>
    <property name="java.specification.name" value="Java Platform API Specification"/>
    <property name="java.awt.graphicsenv" value="sun.awt.X11GraphicsEnvironment"/>
    <property name="surefire.real.class.path" value="/workdir/hadoop-ozone/ozonefs/target/surefire/surefirebooter207418425137947196.jar"/>
    <property name="hadoop.log.dir" value="/workdir/hadoop-ozone/ozonefs/target/log"/>
    <property name="sun.boot.class.path" value="/usr/lib/jvm/java-1.8-openjdk/jre/lib/resources.jar:/usr/lib/jvm/java-1.8-openjdk/jre/lib/rt.jar:/usr/lib/jvm/java-1.8-openjdk/jre/lib/sunrsasign.jar:/usr/lib/jvm/java-1.8-openjdk/jre/lib/jsse.jar:/usr/lib/jvm/java-1.8-openjdk/jre/lib/jce.jar:/usr/lib/jvm/java-1.8-openjdk/jre/lib/charsets.jar:/usr/lib/jvm/java-1.8-openjdk/jre/lib/jfr.jar:/usr/lib/jvm/java-1.8-openjdk/jre/classes"/>
    <property name="sun.management.compiler" value="HotSpot 64-Bit Tiered Compilers"/>
    <property name="java.runtime.version" value="1.8.0_212-b04"/>
    <property name="java.net.preferIPv4Stack" value="true"/>
    <property name="user.name" value="jenkins1000"/>
    <property name="path.separator" value=":"/>
    <property name="java.security.egd" value="file:///dev/urandom"/>
    <property name="os.version" value="3.10.0-957.12.2.el7.x86_64"/>
    <property name="java.endorsed.dirs" value="/usr/lib/jvm/java-1.8-openjdk/jre/lib/endorsed"/>
    <property name="java.runtime.name" value="OpenJDK Runtime Environment"/>
    <property name="file.encoding" value="UTF-8"/>
    <property name="java.vm.name" value="OpenJDK 64-Bit Server VM"/>
    <property name="test.build.webapps" value=""/>
    <property name="localRepository" value="/home/user/.m2/repository"/>
    <property name="java.vendor.url.bug" value="https://icedtea.classpath.org/bugzilla"/>
    <property name="java.io.tmpdir" value="/tmp"/>
    <property name="require.test.libhadoop" value=""/>
    <property name="java.version" value="1.8.0_212"/>
    <property name="user.dir" value="/workdir/hadoop-ozone/ozonefs"/>
    <property name="os.arch" value="amd64"/>
    <property name="java.vm.specification.name" value="Java Virtual Machine Specification"/>
    <property name="test.build.classes" value="/workdir/hadoop-ozone/ozonefs/target/test-classes"/>
    <property name="java.awt.printerjob" value="sun.print.PSPrinterJob"/>
    <property name="sun.os.patch.level" value="unknown"/>
    <property name="hadoop.tmp.dir" value="/workdir/hadoop-ozone/ozonefs/target/tmp"/>
    <property name="java.library.path" value="/usr/lib/jvm/java-1.8-openjdk/jre/lib/amd64/server:/usr/lib/jvm/java-1.8-openjdk/jre/lib/amd64:/usr/lib/jvm/java-1.8-openjdk/jre/../lib/amd64:/workdir/hadoop-ozone/ozonefs/target/native/target/usr/local/lib:/workdir/hadoop-ozone/ozonefs/../../hadoop-common-project/hadoop-common/target/native/target/usr/local/lib:/usr/java/packages/lib/amd64:/usr/lib64:/lib64:/lib:/usr/lib"/>
    <property name="java.vm.info" value="mixed mode"/>
    <property name="java.vendor" value="IcedTea"/>
    <property name="java.vm.version" value="25.212-b04"/>
    <property name="java.ext.dirs" value="/usr/lib/jvm/java-1.8-openjdk/jre/lib/ext:/usr/java/packages/lib/ext"/>
    <property name="sun.io.unicode.encoding" value="UnicodeLittle"/>
    <property name="java.class.version" value="52.0"/>
  </properties>
  <testcase name="testOzoneFsServiceLoader" classname="org.apache.hadoop.fs.ozone.TestOzoneFileSystem" time="23.54"/>
  <testcase name="testListStatusOnRoot" classname="org.apache.hadoop.fs.ozone.TestOzoneFileSystem" time="17.904"/>
  <testcase name="testListStatusOnSubDirs" classname="org.apache.hadoop.fs.ozone.TestOzoneFileSystem" time="17.276">
    <error message="Allocated 0 blocks. Requested 1 blocks" type="INTERNAL_ERROR org.apache.hadoop.ozone.om.exceptions.OMException">INTERNAL_ERROR org.apache.hadoop.ozone.om.exceptions.OMException: Allocated 0 blocks. Requested 1 blocks
	at org.apache.hadoop.ozone.om.protocolPB.OzoneManagerProtocolClientSideTranslatorPB.handleError(OzoneManagerProtocolClientSideTranslatorPB.java:725)
	at org.apache.hadoop.ozone.om.protocolPB.OzoneManagerProtocolClientSideTranslatorPB.createFile(OzoneManagerProtocolClientSideTranslatorPB.java:1474)
	at org.apache.hadoop.ozone.client.rpc.RpcClient.createFile(RpcClient.java:984)
	at org.apache.hadoop.ozone.client.OzoneBucket.createFile(OzoneBucket.java:535)
	at org.apache.hadoop.fs.ozone.BasicOzoneClientAdapterImpl.createFile(BasicOzoneClientAdapterImpl.java:181)
	at org.apache.hadoop.fs.ozone.BasicOzoneFileSystem.createOutputStream(BasicOzoneFileSystem.java:249)
	at org.apache.hadoop.fs.ozone.BasicOzoneFileSystem.create(BasicOzoneFileSystem.java:230)
	at org.apache.hadoop.fs.FileSystem.create(FileSystem.java:1118)
	at org.apache.hadoop.fs.FileSystem.create(FileSystem.java:1098)
	at org.apache.hadoop.fs.FileSystem.create(FileSystem.java:987)
	at org.apache.hadoop.fs.contract.ContractTestUtils.createFile(ContractTestUtils.java:633)
	at org.apache.hadoop.fs.contract.ContractTestUtils.touch(ContractTestUtils.java:669)
	at org.apache.hadoop.fs.ozone.TestOzoneFileSystem.testListStatusOnSubDirs(TestOzoneFileSystem.java:271)
	at sun.reflect.NativeMethodAccessorImpl.invoke0(Native Method)
	at sun.reflect.NativeMethodAccessorImpl.invoke(NativeMethodAccessorImpl.java:62)
	at sun.reflect.DelegatingMethodAccessorImpl.invoke(DelegatingMethodAccessorImpl.java:43)
	at java.lang.reflect.Method.invoke(Method.java:498)
	at org.junit.runners.model.FrameworkMethod$1.runReflectiveCall(FrameworkMethod.java:47)
	at org.junit.internal.runners.model.ReflectiveCallable.run(ReflectiveCallable.java:12)
	at org.junit.runners.model.FrameworkMethod.invokeExplosively(FrameworkMethod.java:44)
	at org.junit.internal.runners.statements.InvokeMethod.evaluate(InvokeMethod.java:17)
	at org.junit.internal.runners.statements.RunBefores.evaluate(RunBefores.java:26)
	at org.junit.internal.runners.statements.RunAfters.evaluate(RunAfters.java:27)
	at org.junit.internal.runners.statements.FailOnTimeout$StatementThread.run(FailOnTimeout.java:74)
</error>
    <system-out><![CDATA[2019-09-19 16:46:25,328 [Thread-530] WARN  server.ServerUtils (ServerUtils.java:getScmDbDir(145)) - ozone.scm.db.dirs is not configured. We recommend adding this setting. Falling back to ozone.metadata.dirs instead.
2019-09-19 16:46:25,354 [Thread-530] WARN  server.ServerUtils (ServerUtils.java:getScmDbDir(145)) - ozone.scm.db.dirs is not configured. We recommend adding this setting. Falling back to ozone.metadata.dirs instead.
2019-09-19 16:46:25,355 [Thread-530] WARN  server.ServerUtils (ServerUtils.java:getScmDbDir(145)) - ozone.scm.db.dirs is not configured. We recommend adding this setting. Falling back to ozone.metadata.dirs instead.
2019-09-19 16:46:25,355 [Thread-530] INFO  db.DBStoreBuilder (DBStoreBuilder.java:addTable(110)) - using custom profile for table: deletedBlocks
2019-09-19 16:46:25,355 [Thread-530] INFO  db.DBStoreBuilder (DBStoreBuilder.java:processTables(161)) - Using default column profile:DBProfile.DISK for Table:deletedBlocks
2019-09-19 16:46:25,356 [Thread-530] INFO  db.DBStoreBuilder (DBStoreBuilder.java:addTable(110)) - using custom profile for table: validCerts
2019-09-19 16:46:25,356 [Thread-530] INFO  db.DBStoreBuilder (DBStoreBuilder.java:processTables(161)) - Using default column profile:DBProfile.DISK for Table:validCerts
2019-09-19 16:46:25,356 [Thread-530] INFO  db.DBStoreBuilder (DBStoreBuilder.java:addTable(110)) - using custom profile for table: revokedCerts
2019-09-19 16:46:25,356 [Thread-530] INFO  db.DBStoreBuilder (DBStoreBuilder.java:processTables(161)) - Using default column profile:DBProfile.DISK for Table:revokedCerts
2019-09-19 16:46:25,357 [Thread-530] INFO  db.DBStoreBuilder (DBStoreBuilder.java:addTable(110)) - using custom profile for table: default
2019-09-19 16:46:25,357 [Thread-530] INFO  db.DBStoreBuilder (DBStoreBuilder.java:processTables(167)) - Using default column profile:DBProfile.DISK for Table:default
2019-09-19 16:46:25,357 [Thread-530] INFO  db.DBStoreBuilder (DBStoreBuilder.java:getDbProfile(198)) - Using default options. DBProfile.DISK
2019-09-19 16:46:25,552 [Thread-530] INFO  net.NodeSchemaLoader (NodeSchemaLoader.java:loadSchemaFromFile(125)) - Loading file from sun.misc.CompoundEnumeration@660129c0
2019-09-19 16:46:25,552 [Thread-530] INFO  net.NodeSchemaLoader (NodeSchemaLoader.java:loadSchema(171)) - Loading network topology layer schema file
2019-09-19 16:46:25,558 [Thread-530] WARN  server.ServerUtils (ServerUtils.java:sanitizeUserArgs(70)) - ozone.scm.stale.node.interval value = 300000 is larger than max = 100000 based on the key value of ozone.scm.heartbeat.thread.interval, reset to the max value 100000.
2019-09-19 16:46:25,558 [Thread-530] WARN  server.ServerUtils (ServerUtils.java:sanitizeUserArgs(70)) - ozone.scm.stale.node.interval value = 300000 is larger than max = 100000 based on the key value of ozone.scm.heartbeat.thread.interval, reset to the max value 100000.
2019-09-19 16:46:25,559 [Thread-530] INFO  node.SCMNodeManager (SCMNodeManager.java:<init>(121)) - Entering startup safe mode.
2019-09-19 16:46:25,560 [Thread-530] INFO  algorithms.ContainerPlacementPolicyFactory (ContainerPlacementPolicyFactory.java:getPolicy(56)) - Create container placement policy of type org.apache.hadoop.hdds.scm.container.placement.algorithms.SCMContainerPlacementRandom
2019-09-19 16:46:25,560 [Thread-530] WARN  server.ServerUtils (ServerUtils.java:getScmDbDir(145)) - ozone.scm.db.dirs is not configured. We recommend adding this setting. Falling back to ozone.metadata.dirs instead.
2019-09-19 16:46:25,618 [Thread-530] INFO  pipeline.SCMPipelineManager (SCMPipelineManager.java:initializePipelineState(126)) - No pipeline exists in current db
2019-09-19 16:46:25,618 [Thread-530] WARN  server.ServerUtils (ServerUtils.java:getScmDbDir(145)) - ozone.scm.db.dirs is not configured. We recommend adding this setting. Falling back to ozone.metadata.dirs instead.
2019-09-19 16:46:25,686 [Thread-530] WARN  events.EventQueue (EventQueue.java:fireEvent(175)) - No event handler registered for event TypedEvent{payloadType=SafeModeStatus, name='SafeModeStatus'}
2019-09-19 16:46:25,687 [Thread-530] INFO  ipc.CallQueueManager (CallQueueManager.java:<init>(84)) - Using callQueue: class java.util.concurrent.LinkedBlockingQueue, queueCapacity: 2000, scheduler: class org.apache.hadoop.ipc.DefaultRpcScheduler, ipcBackoff: false.
2019-09-19 16:46:25,688 [Socket Reader #1 for port 35058] INFO  ipc.Server (Server.java:run(1074)) - Starting Socket Reader #1 for port 35058
2019-09-19 16:46:25,690 [Thread-530] INFO  ipc.CallQueueManager (CallQueueManager.java:<init>(84)) - Using callQueue: class java.util.concurrent.LinkedBlockingQueue, queueCapacity: 2000, scheduler: class org.apache.hadoop.ipc.DefaultRpcScheduler, ipcBackoff: false.
2019-09-19 16:46:25,692 [Socket Reader #1 for port 36008] INFO  ipc.Server (Server.java:run(1074)) - Starting Socket Reader #1 for port 36008
2019-09-19 16:46:25,693 [Thread-530] INFO  ipc.CallQueueManager (CallQueueManager.java:<init>(84)) - Using callQueue: class java.util.concurrent.LinkedBlockingQueue, queueCapacity: 2000, scheduler: class org.apache.hadoop.ipc.DefaultRpcScheduler, ipcBackoff: false.
2019-09-19 16:46:25,694 [Socket Reader #1 for port 43584] INFO  ipc.Server (Server.java:run(1074)) - Starting Socket Reader #1 for port 43584
2019-09-19 16:46:25,698 [Thread-530] INFO  hdfs.DFSUtil (DFSUtil.java:httpServerTemplateForNNAndJN(1641)) - Starting Web-server for scm at: http://0.0.0.0:0
2019-09-19 16:46:25,701 [Thread-530] INFO  server.AuthenticationFilter (AuthenticationFilter.java:constructSecretProvider(240)) - Unable to initialize FileSignerSecretProvider, falling back to use random secrets.
2019-09-19 16:46:25,702 [Thread-530] WARN  http.HttpRequestLog (HttpRequestLog.java:getRequestLog(97)) - Jetty request log can only be enabled using Log4j
2019-09-19 16:46:25,705 [Thread-530] INFO  http.HttpServer2 (HttpServer2.java:addGlobalFilter(975)) - Added global filter 'safety' (class=org.apache.hadoop.http.HttpServer2$QuotingInputFilter)
2019-09-19 16:46:25,706 [Thread-530] INFO  http.HttpServer2 (HttpServer2.java:addFilter(948)) - Added filter static_user_filter (class=org.apache.hadoop.http.lib.StaticUserWebFilter$StaticUserFilter) to context scm
2019-09-19 16:46:25,707 [Thread-530] INFO  http.HttpServer2 (HttpServer2.java:addFilter(958)) - Added filter static_user_filter (class=org.apache.hadoop.http.lib.StaticUserWebFilter$StaticUserFilter) to context logs
2019-09-19 16:46:25,707 [Thread-530] INFO  http.HttpServer2 (HttpServer2.java:addFilter(958)) - Added filter static_user_filter (class=org.apache.hadoop.http.lib.StaticUserWebFilter$StaticUserFilter) to context static
2019-09-19 16:46:25,710 [Thread-530] INFO  server.StorageContainerManager (StorageContainerManager.java:start(759)) - StorageContainerLocationProtocol RPC server is listening at /0.0.0.0:43584
2019-09-19 16:46:25,712 [Thread-530] WARN  impl.MetricsConfig (MetricsConfig.java:loadFirst(134)) - Cannot locate configuration: tried hadoop-metrics2-storagecontainermanager.properties,hadoop-metrics2.properties
2019-09-19 16:46:25,714 [Thread-530] INFO  impl.MetricsSystemImpl (MetricsSystemImpl.java:startTimer(374)) - Scheduled Metric snapshot period at 10 second(s).
2019-09-19 16:46:25,714 [Thread-530] INFO  impl.MetricsSystemImpl (MetricsSystemImpl.java:start(191)) - StorageContainerManager metrics system started
2019-09-19 16:46:25,776 [Thread-530] INFO  server.SCMClientProtocolServer (SCMClientProtocolServer.java:start(151)) - RPC server for Client  is listening at /0.0.0.0:43584
2019-09-19 16:46:25,777 [IPC Server Responder] INFO  ipc.Server (Server.java:run(1314)) - IPC Server Responder: starting
2019-09-19 16:46:25,777 [IPC Server listener on 43584] INFO  ipc.Server (Server.java:run(1153)) - IPC Server listener on 43584: starting
2019-09-19 16:46:25,781 [Thread-530] INFO  server.StorageContainerManager (StorageContainerManager.java:start(769)) - ScmBlockLocationProtocol RPC server is listening at /0.0.0.0:36008
2019-09-19 16:46:25,781 [Thread-530] INFO  server.SCMBlockProtocolServer (SCMBlockProtocolServer.java:start(140)) - RPC server for Block Protocol is listening at /0.0.0.0:36008
2019-09-19 16:46:25,781 [IPC Server Responder] INFO  ipc.Server (Server.java:run(1314)) - IPC Server Responder: starting
2019-09-19 16:46:25,781 [IPC Server listener on 36008] INFO  ipc.Server (Server.java:run(1153)) - IPC Server listener on 36008: starting
2019-09-19 16:46:25,785 [Thread-530] INFO  server.StorageContainerManager (StorageContainerManager.java:start(773)) - ScmDatanodeProtocl RPC server is listening at /0.0.0.0:35058
2019-09-19 16:46:25,785 [Thread-530] INFO  server.SCMDatanodeProtocolServer (SCMDatanodeProtocolServer.java:start(191)) - RPC server for DataNodes is listening at /0.0.0.0:35058
2019-09-19 16:46:25,786 [IPC Server Responder] INFO  ipc.Server (Server.java:run(1314)) - IPC Server Responder: starting
2019-09-19 16:46:25,787 [IPC Server listener on 35058] INFO  ipc.Server (Server.java:run(1153)) - IPC Server listener on 35058: starting
2019-09-19 16:46:25,791 [Thread-530] INFO  http.HttpServer2 (HttpServer2.java:bindListener(1191)) - Jetty bound to port 44882
2019-09-19 16:46:25,791 [Thread-530] INFO  server.Server (Server.java:doStart(351)) - jetty-9.3.24.v20180605, build timestamp: 2018-06-05T17:11:56Z, git hash: 84205aa28f11a4f31f2a3b86d1bba2cc8ab69827
2019-09-19 16:46:25,793 [Thread-530] INFO  handler.ContextHandler (ContextHandler.java:doStart(781)) - Started o.e.j.s.ServletContextHandler@38182d79{/logs,file:///workdir/hadoop-ozone/ozonefs/target/log,AVAILABLE}
2019-09-19 16:46:25,794 [Thread-530] INFO  handler.ContextHandler (ContextHandler.java:doStart(781)) - Started o.e.j.s.ServletContextHandler@7b27bbdd{/static,jar:file:/home/user/.m2/repository/org/apache/hadoop/hadoop-hdds-server-scm/0.5.0-SNAPSHOT/hadoop-hdds-server-scm-0.5.0-SNAPSHOT.jar!/webapps/static,AVAILABLE}
2019-09-19 16:46:25,837 [Thread-530] INFO  handler.ContextHandler (ContextHandler.java:doStart(781)) - Started o.e.j.w.WebAppContext@7d5ed05f{/,file:///tmp/jetty-0.0.0.0-44882-scm-_-any-1736444154837705121.dir/webapp/,AVAILABLE}{/scm}
2019-09-19 16:46:25,837 [Thread-530] INFO  server.AbstractConnector (AbstractConnector.java:doStart(278)) - Started ServerConnector@12d16525{HTTP/1.1,[http/1.1]}{0.0.0.0:44882}
2019-09-19 16:46:25,838 [Thread-530] INFO  server.Server (Server.java:doStart(419)) - Started @42445ms
2019-09-19 16:46:25,838 [Thread-530] INFO  server.BaseHttpServer (BaseHttpServer.java:updateConnectorAddress(213)) - HTTP server of SCM is listening at http://0.0.0.0:44882
2019-09-19 16:46:25,839 [Thread-530] WARN  server.ServerUtils (ServerUtils.java:getDBPath(222)) - ozone.om.db.dirs is not configured. We recommend adding this setting. Falling back to ozone.metadata.dirs instead.
2019-09-19 16:46:25,840 [org.apache.hadoop.util.JvmPauseMonitor$Monitor@165bdcd3] INFO  util.JvmPauseMonitor (JvmPauseMonitor.java:run(188)) - Starting JVM pause monitor
2019-09-19 16:46:25,853 [Thread-530] WARN  server.ServerUtils (ServerUtils.java:getDBPath(222)) - ozone.om.db.dirs is not configured. We recommend adding this setting. Falling back to ozone.metadata.dirs instead.
2019-09-19 16:46:25,853 [Thread-530] WARN  server.ServerUtils (ServerUtils.java:getDBPath(222)) - ozone.om.db.dirs is not configured. We recommend adding this setting. Falling back to ozone.metadata.dirs instead.
2019-09-19 16:46:25,853 [Thread-530] INFO  om.OzoneManager (OzoneManager.java:setOMNodeDetails(645)) - OM Service ID is not set. Setting it to the default ID: omServiceIdDefault
2019-09-19 16:46:25,853 [Thread-530] INFO  om.OzoneManager (OzoneManager.java:setOMNodeDetails(651)) - OM Node ID is not set. Setting it to the OmStorage's OmID: 74be9b28-c65f-4b60-93b7-bb51e356d009
2019-09-19 16:46:25,854 [Thread-530] INFO  om.OzoneManager (OzoneManager.java:loadOMHAConfigs(602)) - Found matching OM address with OMServiceId: null, OMNodeId: null, RPC Address: localhost:0 and Ratis port: 9872
2019-09-19 16:46:25,858 | INFO  | SCMAudit | user=jenkins1000 | ip=192.168.157.226 | op=GET_SCM_INFO null | ret=SUCCESS |  
2019-09-19 16:46:25,860 [Thread-530] WARN  server.ServerUtils (ServerUtils.java:getDBPath(222)) - ozone.om.db.dirs is not configured. We recommend adding this setting. Falling back to ozone.metadata.dirs instead.
2019-09-19 16:46:25,861 [Thread-530] INFO  db.DBStoreBuilder (DBStoreBuilder.java:addTable(110)) - using custom profile for table: userTable
2019-09-19 16:46:25,861 [Thread-530] INFO  db.DBStoreBuilder (DBStoreBuilder.java:processTables(161)) - Using default column profile:DBProfile.DISK for Table:userTable
2019-09-19 16:46:25,861 [Thread-530] INFO  db.DBStoreBuilder (DBStoreBuilder.java:addTable(110)) - using custom profile for table: volumeTable
2019-09-19 16:46:25,861 [Thread-530] INFO  db.DBStoreBuilder (DBStoreBuilder.java:processTables(161)) - Using default column profile:DBProfile.DISK for Table:volumeTable
2019-09-19 16:46:25,861 [Thread-530] INFO  db.DBStoreBuilder (DBStoreBuilder.java:addTable(110)) - using custom profile for table: bucketTable
2019-09-19 16:46:25,861 [Thread-530] INFO  db.DBStoreBuilder (DBStoreBuilder.java:processTables(161)) - Using default column profile:DBProfile.DISK for Table:bucketTable
2019-09-19 16:46:25,861 [Thread-530] INFO  db.DBStoreBuilder (DBStoreBuilder.java:addTable(110)) - using custom profile for table: keyTable
2019-09-19 16:46:25,862 [Thread-530] INFO  db.DBStoreBuilder (DBStoreBuilder.java:processTables(161)) - Using default column profile:DBProfile.DISK for Table:keyTable
2019-09-19 16:46:25,862 [Thread-530] INFO  db.DBStoreBuilder (DBStoreBuilder.java:addTable(110)) - using custom profile for table: deletedTable
2019-09-19 16:46:25,862 [Thread-530] INFO  db.DBStoreBuilder (DBStoreBuilder.java:processTables(161)) - Using default column profile:DBProfile.DISK for Table:deletedTable
2019-09-19 16:46:25,862 [Thread-530] INFO  db.DBStoreBuilder (DBStoreBuilder.java:addTable(110)) - using custom profile for table: openKeyTable
2019-09-19 16:46:25,862 [Thread-530] INFO  db.DBStoreBuilder (DBStoreBuilder.java:processTables(161)) - Using default column profile:DBProfile.DISK for Table:openKeyTable
2019-09-19 16:46:25,862 [Thread-530] INFO  db.DBStoreBuilder (DBStoreBuilder.java:addTable(110)) - using custom profile for table: s3Table
2019-09-19 16:46:25,862 [Thread-530] INFO  db.DBStoreBuilder (DBStoreBuilder.java:processTables(161)) - Using default column profile:DBProfile.DISK for Table:s3Table
2019-09-19 16:46:25,863 [Thread-530] INFO  db.DBStoreBuilder (DBStoreBuilder.java:addTable(110)) - using custom profile for table: multipartInfoTable
2019-09-19 16:46:25,863 [Thread-530] INFO  db.DBStoreBuilder (DBStoreBuilder.java:processTables(161)) - Using default column profile:DBProfile.DISK for Table:multipartInfoTable
2019-09-19 16:46:25,863 [Thread-530] INFO  db.DBStoreBuilder (DBStoreBuilder.java:addTable(110)) - using custom profile for table: dTokenTable
2019-09-19 16:46:25,863 [Thread-530] INFO  db.DBStoreBuilder (DBStoreBuilder.java:processTables(161)) - Using default column profile:DBProfile.DISK for Table:dTokenTable
2019-09-19 16:46:25,863 [Thread-530] INFO  db.DBStoreBuilder (DBStoreBuilder.java:addTable(110)) - using custom profile for table: s3SecretTable
2019-09-19 16:46:25,863 [Thread-530] INFO  db.DBStoreBuilder (DBStoreBuilder.java:processTables(161)) - Using default column profile:DBProfile.DISK for Table:s3SecretTable
2019-09-19 16:46:25,864 [Thread-530] INFO  db.DBStoreBuilder (DBStoreBuilder.java:addTable(110)) - using custom profile for table: prefixTable
2019-09-19 16:46:25,865 [Thread-530] INFO  db.DBStoreBuilder (DBStoreBuilder.java:processTables(161)) - Using default column profile:DBProfile.DISK for Table:prefixTable
2019-09-19 16:46:25,867 [Thread-530] INFO  db.DBStoreBuilder (DBStoreBuilder.java:addTable(110)) - using custom profile for table: default
2019-09-19 16:46:25,867 [Thread-530] INFO  db.DBStoreBuilder (DBStoreBuilder.java:processTables(167)) - Using default column profile:DBProfile.DISK for Table:default
2019-09-19 16:46:25,868 [Thread-530] INFO  db.DBStoreBuilder (DBStoreBuilder.java:getDbProfile(198)) - Using default options. DBProfile.DISK
2019-09-19 16:46:26,308 [Thread-530] INFO  ipc.CallQueueManager (CallQueueManager.java:<init>(84)) - Using callQueue: class java.util.concurrent.LinkedBlockingQueue, queueCapacity: 2000, scheduler: class org.apache.hadoop.ipc.DefaultRpcScheduler, ipcBackoff: false.
2019-09-19 16:46:26,309 [Socket Reader #1 for port 37308] INFO  ipc.Server (Server.java:run(1074)) - Starting Socket Reader #1 for port 37308
2019-09-19 16:46:26,337 [Thread-530] INFO  om.OzoneManager (OzoneManager.java:start(1256)) - OzoneManager RPC server is listening at localhost/127.0.0.1:37308
2019-09-19 16:46:26,337 [Thread-530] INFO  impl.MetricsSystemImpl (MetricsSystemImpl.java:init(158)) - OzoneManager metrics system started (again)
2019-09-19 16:46:26,338 [IPC Server Responder] INFO  ipc.Server (Server.java:run(1314)) - IPC Server Responder: starting
2019-09-19 16:46:26,338 [IPC Server listener on 37308] INFO  ipc.Server (Server.java:run(1153)) - IPC Server listener on 37308: starting
2019-09-19 16:46:26,344 [Thread-530] INFO  hdfs.DFSUtil (DFSUtil.java:httpServerTemplateForNNAndJN(1641)) - Starting Web-server for ozoneManager at: http://0.0.0.0:0
2019-09-19 16:46:26,346 [Thread-530] INFO  server.AuthenticationFilter (AuthenticationFilter.java:constructSecretProvider(240)) - Unable to initialize FileSignerSecretProvider, falling back to use random secrets.
2019-09-19 16:46:26,346 [Thread-530] WARN  http.HttpRequestLog (HttpRequestLog.java:getRequestLog(97)) - Jetty request log can only be enabled using Log4j
2019-09-19 16:46:26,349 [Thread-530] INFO  http.HttpServer2 (HttpServer2.java:addGlobalFilter(975)) - Added global filter 'safety' (class=org.apache.hadoop.http.HttpServer2$QuotingInputFilter)
2019-09-19 16:46:26,349 [Thread-530] INFO  http.HttpServer2 (HttpServer2.java:addFilter(948)) - Added filter static_user_filter (class=org.apache.hadoop.http.lib.StaticUserWebFilter$StaticUserFilter) to context ozoneManager
2019-09-19 16:46:26,350 [Thread-530] INFO  http.HttpServer2 (HttpServer2.java:addFilter(958)) - Added filter static_user_filter (class=org.apache.hadoop.http.lib.StaticUserWebFilter$StaticUserFilter) to context logs
2019-09-19 16:46:26,350 [Thread-530] INFO  http.HttpServer2 (HttpServer2.java:addFilter(958)) - Added filter static_user_filter (class=org.apache.hadoop.http.lib.StaticUserWebFilter$StaticUserFilter) to context static
2019-09-19 16:46:26,351 [Thread-530] INFO  http.HttpServer2 (HttpServer2.java:bindListener(1191)) - Jetty bound to port 44056
2019-09-19 16:46:26,351 [Thread-530] INFO  server.Server (Server.java:doStart(351)) - jetty-9.3.24.v20180605, build timestamp: 2018-06-05T17:11:56Z, git hash: 84205aa28f11a4f31f2a3b86d1bba2cc8ab69827
2019-09-19 16:46:26,353 [Thread-530] INFO  handler.ContextHandler (ContextHandler.java:doStart(781)) - Started o.e.j.s.ServletContextHandler@15972fa3{/logs,file:///workdir/hadoop-ozone/ozonefs/target/log,AVAILABLE}
2019-09-19 16:46:26,353 [Thread-530] INFO  handler.ContextHandler (ContextHandler.java:doStart(781)) - Started o.e.j.s.ServletContextHandler@c8802bd{/static,jar:file:/home/user/.m2/repository/org/apache/hadoop/hadoop-ozone-ozone-manager/0.5.0-SNAPSHOT/hadoop-ozone-ozone-manager-0.5.0-SNAPSHOT.jar!/webapps/static,AVAILABLE}
2019-09-19 16:46:26,400 [Thread-530] INFO  handler.ContextHandler (ContextHandler.java:doStart(781)) - Started o.e.j.w.WebAppContext@170da9b8{/,file:///tmp/jetty-0.0.0.0-44056-ozoneManager-_-any-4740321899989129777.dir/webapp/,AVAILABLE}{/ozoneManager}
2019-09-19 16:46:26,401 [Thread-530] INFO  server.AbstractConnector (AbstractConnector.java:doStart(278)) - Started ServerConnector@6407c2c{HTTP/1.1,[http/1.1]}{0.0.0.0:44056}
2019-09-19 16:46:26,401 [Thread-530] INFO  server.Server (Server.java:doStart(419)) - Started @43008ms
2019-09-19 16:46:26,402 [Thread-530] INFO  server.BaseHttpServer (BaseHttpServer.java:updateConnectorAddress(213)) - HTTP server of OZONEMANAGER is listening at http://0.0.0.0:44056
2019-09-19 16:46:26,409 [Thread-530] INFO  impl.MetricsSystemImpl (MetricsSystemImpl.java:init(158)) - HddsDatanode metrics system started (again)
2019-09-19 16:46:26,411 [Thread-530] INFO  ozone.HddsDatanodeService (HddsDatanodeService.java:start(184)) - HddsDatanodeService host:pr-hdds-1569-swxfz-3172132826 ip:192.168.157.226
2019-09-19 16:46:26,418 [Thread-530] INFO  volume.HddsVolume (HddsVolume.java:<init>(176)) - Creating Volume: /workdir/hadoop-ozone/ozonefs/target/test-dir/MiniOzoneClusterImpl-d833ad47-c484-47cf-8e4a-958017684ee6/datanode-0/data/containers/hdds of  storage type : DISK and capacity : 1482555576320
2019-09-19 16:46:26,419 [Thread-530] INFO  volume.VolumeSet (VolumeSet.java:initializeVolumeSet(170)) - Added Volume : /workdir/hadoop-ozone/ozonefs/target/test-dir/MiniOzoneClusterImpl-d833ad47-c484-47cf-8e4a-958017684ee6/datanode-0/data/containers/hdds to VolumeSet
2019-09-19 16:46:26,420 [Thread-530] INFO  volume.ThrottledAsyncChecker (ThrottledAsyncChecker.java:schedule(140)) - Scheduling a check for org.apache.hadoop.ozone.container.common.volume.HddsVolume@69af5126
2019-09-19 16:46:26,421 [Thread-530] INFO  volume.HddsVolumeChecker (HddsVolumeChecker.java:checkAllVolumes(203)) - Scheduled health check for volume org.apache.hadoop.ozone.container.common.volume.HddsVolume@69af5126
2019-09-19 16:46:26,440 [Thread-530] INFO  impl.RaftServerProxy (ConfUtils.java:logGet(43)) - raft.rpc.type = GRPC (default)
2019-09-19 16:46:26,440 [Thread-530] INFO  grpc.GrpcFactory (GrpcFactory.java:checkPooledByteBufAllocatorUseCacheForAllThreads(45)) - PERFORMANCE WARNING: useCacheForAllThreads is true that may cause Netty to create a lot garbage objects and, as a result, trigger GC.
	It is recommended to disable useCacheForAllThreads by setting -Dorg.apache.ratis.thirdparty.io.netty.allocator.useCacheForAllThreads=false in command line.
2019-09-19 16:46:26,441 [Thread-530] INFO  grpc.GrpcConfigKeys$Server (ConfUtils.java:logGet(43)) - raft.grpc.server.port = 0 (default)
2019-09-19 16:46:26,442 [Thread-530] INFO  server.GrpcService (ConfUtils.java:logGet(43)) - raft.grpc.message.size.max = 33570816 (custom)
2019-09-19 16:46:26,442 [Thread-530] INFO  server.RaftServerConfigKeys (ConfUtils.java:logGet(43)) - raft.server.log.appender.buffer.byte-limit = 33554432 (custom)
2019-09-19 16:46:26,442 [Thread-530] INFO  server.GrpcService (ConfUtils.java:logGet(43)) - raft.grpc.flow.control.window = 1MB (=1048576) (default)
2019-09-19 16:46:26,442 [Thread-530] INFO  server.RaftServerConfigKeys (ConfUtils.java:logGet(43)) - raft.server.rpc.request.timeout = 3000ms (default)
2019-09-19 16:46:26,443 [Thread-530] INFO  server.RaftServerConfigKeys (ConfUtils.java:logGet(43)) - raft.server.storage.dir = [/workdir/hadoop-ozone/ozonefs/target/test-dir/MiniOzoneClusterImpl-d833ad47-c484-47cf-8e4a-958017684ee6/datanode-0/data/ratis] (custom)
2019-09-19 16:46:26,443 [Thread-530] INFO  replication.SimpleContainerDownloader (SimpleContainerDownloader.java:<init>(72)) - Starting container downloader service to copy containers to replicate.
2019-09-19 16:46:26,445 [Thread-530] INFO  hdfs.DFSUtil (DFSUtil.java:httpServerTemplateForNNAndJN(1641)) - Starting Web-server for hddsDatanode at: http://0.0.0.0:0
2019-09-19 16:46:26,447 [Thread-530] INFO  server.AuthenticationFilter (AuthenticationFilter.java:constructSecretProvider(240)) - Unable to initialize FileSignerSecretProvider, falling back to use random secrets.
2019-09-19 16:46:26,447 [Thread-530] WARN  http.HttpRequestLog (HttpRequestLog.java:getRequestLog(97)) - Jetty request log can only be enabled using Log4j
2019-09-19 16:46:26,449 [Thread-530] INFO  http.HttpServer2 (HttpServer2.java:addGlobalFilter(975)) - Added global filter 'safety' (class=org.apache.hadoop.http.HttpServer2$QuotingInputFilter)
2019-09-19 16:46:26,449 [Thread-530] INFO  http.HttpServer2 (HttpServer2.java:addFilter(948)) - Added filter static_user_filter (class=org.apache.hadoop.http.lib.StaticUserWebFilter$StaticUserFilter) to context hddsDatanode
2019-09-19 16:46:26,449 [Thread-530] INFO  http.HttpServer2 (HttpServer2.java:addFilter(958)) - Added filter static_user_filter (class=org.apache.hadoop.http.lib.StaticUserWebFilter$StaticUserFilter) to context logs
2019-09-19 16:46:26,450 [Thread-530] INFO  http.HttpServer2 (HttpServer2.java:addFilter(958)) - Added filter static_user_filter (class=org.apache.hadoop.http.lib.StaticUserWebFilter$StaticUserFilter) to context static
2019-09-19 16:46:26,450 [Thread-530] INFO  http.HttpServer2 (HttpServer2.java:bindListener(1191)) - Jetty bound to port 36491
2019-09-19 16:46:26,450 [Thread-530] INFO  server.Server (Server.java:doStart(351)) - jetty-9.3.24.v20180605, build timestamp: 2018-06-05T17:11:56Z, git hash: 84205aa28f11a4f31f2a3b86d1bba2cc8ab69827
2019-09-19 16:46:26,452 [Thread-530] INFO  handler.ContextHandler (ContextHandler.java:doStart(781)) - Started o.e.j.s.ServletContextHandler@5e3bedb3{/logs,file:///workdir/hadoop-ozone/ozonefs/target/log,AVAILABLE}
2019-09-19 16:46:26,453 [Thread-530] INFO  handler.ContextHandler (ContextHandler.java:doStart(781)) - Started o.e.j.s.ServletContextHandler@5b42505b{/static,jar:file:/home/user/.m2/repository/org/apache/hadoop/hadoop-hdds-container-service/0.5.0-SNAPSHOT/hadoop-hdds-container-service-0.5.0-SNAPSHOT.jar!/webapps/static,AVAILABLE}
2019-09-19 16:46:26,479 [Thread-530] INFO  handler.ContextHandler (ContextHandler.java:doStart(781)) - Started o.e.j.w.WebAppContext@779fb023{/,file:///tmp/jetty-0.0.0.0-36491-hddsDatanode-_-any-6918661891819129766.dir/webapp/,AVAILABLE}{/hddsDatanode}
2019-09-19 16:46:26,480 [Thread-530] INFO  server.AbstractConnector (AbstractConnector.java:doStart(278)) - Started ServerConnector@31111707{HTTP/1.1,[http/1.1]}{0.0.0.0:36491}
2019-09-19 16:46:26,480 [Thread-530] INFO  server.Server (Server.java:doStart(419)) - Started @43088ms
2019-09-19 16:46:26,481 [Thread-530] INFO  server.BaseHttpServer (BaseHttpServer.java:updateConnectorAddress(213)) - HTTP server of HDDSDATANODE is listening at http://0.0.0.0:36491
2019-09-19 16:46:26,606 | INFO  | ObjectStoreRestHttpServer | Listening HDDS REST traffic on /0.0.0.0:41800 |  
2019-09-19 16:46:26,607 [Thread-530] INFO  ozone.HddsDatanodeService (HddsDatanodeService.java:startPlugins(395)) - Started plug-in org.apache.hadoop.ozone.web.OzoneHddsDatanodeService@66a0edb7
2019-09-19 16:46:26,607 [Thread-530] INFO  impl.MetricsSystemImpl (MetricsSystemImpl.java:init(158)) - HddsDatanode metrics system started (again)
2019-09-19 16:46:26,610 [org.apache.hadoop.util.JvmPauseMonitor$Monitor@67057e28] INFO  util.JvmPauseMonitor (JvmPauseMonitor.java:run(188)) - Starting JVM pause monitor
2019-09-19 16:46:26,610 [Thread-530] INFO  ozone.HddsDatanodeService (HddsDatanodeService.java:start(184)) - HddsDatanodeService host:pr-hdds-1569-swxfz-3172132826 ip:192.168.157.226
2019-09-19 16:46:26,615 [Datanode State Machine Thread - 0] INFO  datanode.InitDatanodeState (InitDatanodeState.java:persistContainerDatanodeDetails(140)) - DatanodeDetails is persisted to /workdir/hadoop-ozone/ozonefs/target/test-dir/MiniOzoneClusterImpl-d833ad47-c484-47cf-8e4a-958017684ee6/datanode-0/meta/datanode.id
2019-09-19 16:46:26,619 [Thread-530] INFO  volume.HddsVolume (HddsVolume.java:<init>(176)) - Creating Volume: /workdir/hadoop-ozone/ozonefs/target/test-dir/MiniOzoneClusterImpl-d833ad47-c484-47cf-8e4a-958017684ee6/datanode-1/data/containers/hdds of  storage type : DISK and capacity : 1482555576320
2019-09-19 16:46:26,619 [Thread-530] INFO  volume.VolumeSet (VolumeSet.java:initializeVolumeSet(170)) - Added Volume : /workdir/hadoop-ozone/ozonefs/target/test-dir/MiniOzoneClusterImpl-d833ad47-c484-47cf-8e4a-958017684ee6/datanode-1/data/containers/hdds to VolumeSet
2019-09-19 16:46:26,619 [Thread-530] INFO  volume.ThrottledAsyncChecker (ThrottledAsyncChecker.java:schedule(140)) - Scheduling a check for org.apache.hadoop.ozone.container.common.volume.HddsVolume@161f9be5
2019-09-19 16:46:26,620 [Thread-530] INFO  volume.HddsVolumeChecker (HddsVolumeChecker.java:checkAllVolumes(203)) - Scheduled health check for volume org.apache.hadoop.ozone.container.common.volume.HddsVolume@161f9be5
2019-09-19 16:46:26,640 [Thread-530] INFO  impl.RaftServerProxy (ConfUtils.java:logGet(43)) - raft.rpc.type = GRPC (default)
2019-09-19 16:46:26,640 [Thread-530] INFO  grpc.GrpcFactory (GrpcFactory.java:checkPooledByteBufAllocatorUseCacheForAllThreads(45)) - PERFORMANCE WARNING: useCacheForAllThreads is true that may cause Netty to create a lot garbage objects and, as a result, trigger GC.
	It is recommended to disable useCacheForAllThreads by setting -Dorg.apache.ratis.thirdparty.io.netty.allocator.useCacheForAllThreads=false in command line.
2019-09-19 16:46:26,640 [Thread-530] INFO  grpc.GrpcConfigKeys$Server (ConfUtils.java:logGet(43)) - raft.grpc.server.port = 0 (default)
2019-09-19 16:46:26,640 [Thread-530] INFO  server.GrpcService (ConfUtils.java:logGet(43)) - raft.grpc.message.size.max = 33570816 (custom)
2019-09-19 16:46:26,641 [Thread-530] INFO  server.RaftServerConfigKeys (ConfUtils.java:logGet(43)) - raft.server.log.appender.buffer.byte-limit = 33554432 (custom)
2019-09-19 16:46:26,641 [Thread-530] INFO  server.GrpcService (ConfUtils.java:logGet(43)) - raft.grpc.flow.control.window = 1MB (=1048576) (default)
2019-09-19 16:46:26,641 [Thread-530] INFO  server.RaftServerConfigKeys (ConfUtils.java:logGet(43)) - raft.server.rpc.request.timeout = 3000ms (default)
2019-09-19 16:46:26,641 [Thread-530] INFO  server.RaftServerConfigKeys (ConfUtils.java:logGet(43)) - raft.server.storage.dir = [/workdir/hadoop-ozone/ozonefs/target/test-dir/MiniOzoneClusterImpl-d833ad47-c484-47cf-8e4a-958017684ee6/datanode-1/data/ratis] (custom)
2019-09-19 16:46:26,642 [Thread-530] INFO  replication.SimpleContainerDownloader (SimpleContainerDownloader.java:<init>(72)) - Starting container downloader service to copy containers to replicate.
2019-09-19 16:46:26,643 [Thread-530] INFO  hdfs.DFSUtil (DFSUtil.java:httpServerTemplateForNNAndJN(1641)) - Starting Web-server for hddsDatanode at: http://0.0.0.0:0
2019-09-19 16:46:26,645 [Thread-530] INFO  server.AuthenticationFilter (AuthenticationFilter.java:constructSecretProvider(240)) - Unable to initialize FileSignerSecretProvider, falling back to use random secrets.
2019-09-19 16:46:26,645 [Thread-530] WARN  http.HttpRequestLog (HttpRequestLog.java:getRequestLog(97)) - Jetty request log can only be enabled using Log4j
2019-09-19 16:46:26,647 [Thread-530] INFO  http.HttpServer2 (HttpServer2.java:addGlobalFilter(975)) - Added global filter 'safety' (class=org.apache.hadoop.http.HttpServer2$QuotingInputFilter)
2019-09-19 16:46:26,647 [Thread-530] INFO  http.HttpServer2 (HttpServer2.java:addFilter(948)) - Added filter static_user_filter (class=org.apache.hadoop.http.lib.StaticUserWebFilter$StaticUserFilter) to context hddsDatanode
2019-09-19 16:46:26,647 [Thread-530] INFO  http.HttpServer2 (HttpServer2.java:addFilter(958)) - Added filter static_user_filter (class=org.apache.hadoop.http.lib.StaticUserWebFilter$StaticUserFilter) to context static
2019-09-19 16:46:26,648 [Thread-530] INFO  http.HttpServer2 (HttpServer2.java:addFilter(958)) - Added filter static_user_filter (class=org.apache.hadoop.http.lib.StaticUserWebFilter$StaticUserFilter) to context logs
2019-09-19 16:46:26,648 [Thread-530] INFO  http.HttpServer2 (HttpServer2.java:bindListener(1191)) - Jetty bound to port 36472
2019-09-19 16:46:26,648 [Thread-530] INFO  server.Server (Server.java:doStart(351)) - jetty-9.3.24.v20180605, build timestamp: 2018-06-05T17:11:56Z, git hash: 84205aa28f11a4f31f2a3b86d1bba2cc8ab69827
2019-09-19 16:46:26,650 [Thread-530] INFO  handler.ContextHandler (ContextHandler.java:doStart(781)) - Started o.e.j.s.ServletContextHandler@16a4edae{/logs,file:///workdir/hadoop-ozone/ozonefs/target/log,AVAILABLE}
2019-09-19 16:46:26,651 [Thread-530] INFO  handler.ContextHandler (ContextHandler.java:doStart(781)) - Started o.e.j.s.ServletContextHandler@485ccd44{/static,jar:file:/home/user/.m2/repository/org/apache/hadoop/hadoop-hdds-container-service/0.5.0-SNAPSHOT/hadoop-hdds-container-service-0.5.0-SNAPSHOT.jar!/webapps/static,AVAILABLE}
2019-09-19 16:46:26,677 [Thread-530] INFO  handler.ContextHandler (ContextHandler.java:doStart(781)) - Started o.e.j.w.WebAppContext@2178ccd{/,file:///tmp/jetty-0.0.0.0-36472-hddsDatanode-_-any-7296557105341291709.dir/webapp/,AVAILABLE}{/hddsDatanode}
2019-09-19 16:46:26,678 [Thread-530] INFO  server.AbstractConnector (AbstractConnector.java:doStart(278)) - Started ServerConnector@116b7724{HTTP/1.1,[http/1.1]}{0.0.0.0:36472}
2019-09-19 16:46:26,679 [Thread-530] INFO  server.Server (Server.java:doStart(419)) - Started @43286ms
2019-09-19 16:46:26,680 [Thread-530] INFO  server.BaseHttpServer (BaseHttpServer.java:updateConnectorAddress(213)) - HTTP server of HDDSDATANODE is listening at http://0.0.0.0:36472
2019-09-19 16:46:26,837 | INFO  | ObjectStoreRestHttpServer | Listening HDDS REST traffic on /0.0.0.0:42912 |  
2019-09-19 16:46:26,837 [Thread-530] INFO  ozone.HddsDatanodeService (HddsDatanodeService.java:startPlugins(395)) - Started plug-in org.apache.hadoop.ozone.web.OzoneHddsDatanodeService@798d1b3e
2019-09-19 16:46:26,838 [Thread-530] INFO  impl.MetricsSystemImpl (MetricsSystemImpl.java:init(158)) - HddsDatanode metrics system started (again)
2019-09-19 16:46:26,844 [org.apache.hadoop.util.JvmPauseMonitor$Monitor@654f8b38] INFO  util.JvmPauseMonitor (JvmPauseMonitor.java:run(188)) - Starting JVM pause monitor
2019-09-19 16:46:26,844 [Thread-530] INFO  ozone.HddsDatanodeService (HddsDatanodeService.java:start(184)) - HddsDatanodeService host:pr-hdds-1569-swxfz-3172132826 ip:192.168.157.226
2019-09-19 16:46:26,847 [Datanode State Machine Thread - 0] INFO  datanode.InitDatanodeState (InitDatanodeState.java:persistContainerDatanodeDetails(140)) - DatanodeDetails is persisted to /workdir/hadoop-ozone/ozonefs/target/test-dir/MiniOzoneClusterImpl-d833ad47-c484-47cf-8e4a-958017684ee6/datanode-1/meta/datanode.id
2019-09-19 16:46:26,853 [Thread-530] INFO  volume.HddsVolume (HddsVolume.java:<init>(176)) - Creating Volume: /workdir/hadoop-ozone/ozonefs/target/test-dir/MiniOzoneClusterImpl-d833ad47-c484-47cf-8e4a-958017684ee6/datanode-2/data/containers/hdds of  storage type : DISK and capacity : 1482555576320
2019-09-19 16:46:26,853 [Thread-530] INFO  volume.VolumeSet (VolumeSet.java:initializeVolumeSet(170)) - Added Volume : /workdir/hadoop-ozone/ozonefs/target/test-dir/MiniOzoneClusterImpl-d833ad47-c484-47cf-8e4a-958017684ee6/datanode-2/data/containers/hdds to VolumeSet
2019-09-19 16:46:26,854 [Thread-530] INFO  volume.ThrottledAsyncChecker (ThrottledAsyncChecker.java:schedule(140)) - Scheduling a check for org.apache.hadoop.ozone.container.common.volume.HddsVolume@538710d4
2019-09-19 16:46:26,854 [Thread-530] INFO  volume.HddsVolumeChecker (HddsVolumeChecker.java:checkAllVolumes(203)) - Scheduled health check for volume org.apache.hadoop.ozone.container.common.volume.HddsVolume@538710d4
2019-09-19 16:46:26,883 [Thread-530] INFO  impl.RaftServerProxy (ConfUtils.java:logGet(43)) - raft.rpc.type = GRPC (default)
2019-09-19 16:46:26,884 [Thread-530] INFO  grpc.GrpcFactory (GrpcFactory.java:checkPooledByteBufAllocatorUseCacheForAllThreads(45)) - PERFORMANCE WARNING: useCacheForAllThreads is true that may cause Netty to create a lot garbage objects and, as a result, trigger GC.
	It is recommended to disable useCacheForAllThreads by setting -Dorg.apache.ratis.thirdparty.io.netty.allocator.useCacheForAllThreads=false in command line.
2019-09-19 16:46:26,884 [Thread-530] INFO  grpc.GrpcConfigKeys$Server (ConfUtils.java:logGet(43)) - raft.grpc.server.port = 0 (default)
2019-09-19 16:46:26,884 [Thread-530] INFO  server.GrpcService (ConfUtils.java:logGet(43)) - raft.grpc.message.size.max = 33570816 (custom)
2019-09-19 16:46:26,884 [Thread-530] INFO  server.RaftServerConfigKeys (ConfUtils.java:logGet(43)) - raft.server.log.appender.buffer.byte-limit = 33554432 (custom)
2019-09-19 16:46:26,885 [Thread-530] INFO  server.GrpcService (ConfUtils.java:logGet(43)) - raft.grpc.flow.control.window = 1MB (=1048576) (default)
2019-09-19 16:46:26,885 [Thread-530] INFO  server.RaftServerConfigKeys (ConfUtils.java:logGet(43)) - raft.server.rpc.request.timeout = 3000ms (default)
2019-09-19 16:46:26,885 [Thread-530] INFO  server.RaftServerConfigKeys (ConfUtils.java:logGet(43)) - raft.server.storage.dir = [/workdir/hadoop-ozone/ozonefs/target/test-dir/MiniOzoneClusterImpl-d833ad47-c484-47cf-8e4a-958017684ee6/datanode-2/data/ratis] (custom)
2019-09-19 16:46:26,886 [Thread-530] INFO  replication.SimpleContainerDownloader (SimpleContainerDownloader.java:<init>(72)) - Starting container downloader service to copy containers to replicate.
2019-09-19 16:46:26,887 [Thread-530] INFO  hdfs.DFSUtil (DFSUtil.java:httpServerTemplateForNNAndJN(1641)) - Starting Web-server for hddsDatanode at: http://0.0.0.0:0
2019-09-19 16:46:26,890 [Thread-530] INFO  server.AuthenticationFilter (AuthenticationFilter.java:constructSecretProvider(240)) - Unable to initialize FileSignerSecretProvider, falling back to use random secrets.
2019-09-19 16:46:26,890 [Thread-530] WARN  http.HttpRequestLog (HttpRequestLog.java:getRequestLog(97)) - Jetty request log can only be enabled using Log4j
2019-09-19 16:46:26,892 [Thread-530] INFO  http.HttpServer2 (HttpServer2.java:addGlobalFilter(975)) - Added global filter 'safety' (class=org.apache.hadoop.http.HttpServer2$QuotingInputFilter)
2019-09-19 16:46:26,893 [Thread-530] INFO  http.HttpServer2 (HttpServer2.java:addFilter(948)) - Added filter static_user_filter (class=org.apache.hadoop.http.lib.StaticUserWebFilter$StaticUserFilter) to context hddsDatanode
2019-09-19 16:46:26,893 [Thread-530] INFO  http.HttpServer2 (HttpServer2.java:addFilter(958)) - Added filter static_user_filter (class=org.apache.hadoop.http.lib.StaticUserWebFilter$StaticUserFilter) to context static
2019-09-19 16:46:26,893 [Thread-530] INFO  http.HttpServer2 (HttpServer2.java:addFilter(958)) - Added filter static_user_filter (class=org.apache.hadoop.http.lib.StaticUserWebFilter$StaticUserFilter) to context logs
2019-09-19 16:46:26,894 [Thread-530] INFO  http.HttpServer2 (HttpServer2.java:bindListener(1191)) - Jetty bound to port 35686
2019-09-19 16:46:26,894 [Thread-530] INFO  server.Server (Server.java:doStart(351)) - jetty-9.3.24.v20180605, build timestamp: 2018-06-05T17:11:56Z, git hash: 84205aa28f11a4f31f2a3b86d1bba2cc8ab69827
2019-09-19 16:46:26,897 [Thread-530] INFO  handler.ContextHandler (ContextHandler.java:doStart(781)) - Started o.e.j.s.ServletContextHandler@3a6b1ce7{/logs,file:///workdir/hadoop-ozone/ozonefs/target/log,AVAILABLE}
2019-09-19 16:46:26,897 [Thread-530] INFO  handler.ContextHandler (ContextHandler.java:doStart(781)) - Started o.e.j.s.ServletContextHandler@743ee52d{/static,jar:file:/home/user/.m2/repository/org/apache/hadoop/hadoop-hdds-container-service/0.5.0-SNAPSHOT/hadoop-hdds-container-service-0.5.0-SNAPSHOT.jar!/webapps/static,AVAILABLE}
2019-09-19 16:46:26,929 [Thread-530] INFO  handler.ContextHandler (ContextHandler.java:doStart(781)) - Started o.e.j.w.WebAppContext@2f1c2390{/,file:///tmp/jetty-0.0.0.0-35686-hddsDatanode-_-any-8736270779187560085.dir/webapp/,AVAILABLE}{/hddsDatanode}
2019-09-19 16:46:26,929 [Thread-530] INFO  server.AbstractConnector (AbstractConnector.java:doStart(278)) - Started ServerConnector@50c3cc18{HTTP/1.1,[http/1.1]}{0.0.0.0:35686}
2019-09-19 16:46:26,931 [Thread-530] INFO  server.Server (Server.java:doStart(419)) - Started @43538ms
2019-09-19 16:46:26,932 [Thread-530] INFO  server.BaseHttpServer (BaseHttpServer.java:updateConnectorAddress(213)) - HTTP server of HDDSDATANODE is listening at http://0.0.0.0:35686
2019-09-19 16:46:27,038 | INFO  | ObjectStoreRestHttpServer | Listening HDDS REST traffic on /0.0.0.0:36055 |  
2019-09-19 16:46:27,038 [Thread-530] INFO  ozone.HddsDatanodeService (HddsDatanodeService.java:startPlugins(395)) - Started plug-in org.apache.hadoop.ozone.web.OzoneHddsDatanodeService@6fe7cf27
2019-09-19 16:46:27,038 [Thread-530] INFO  ozone.MiniOzoneClusterImpl (MiniOzoneClusterImpl.java:lambda$waitForClusterToBeReady$0(142)) - Waiting for cluster to be ready. Got 0 of 3 DN Heartbeats.
2019-09-19 16:46:27,040 [org.apache.hadoop.util.JvmPauseMonitor$Monitor@355c1587] INFO  util.JvmPauseMonitor (JvmPauseMonitor.java:run(188)) - Starting JVM pause monitor
2019-09-19 16:46:27,042 [Datanode State Machine Thread - 0] INFO  datanode.InitDatanodeState (InitDatanodeState.java:persistContainerDatanodeDetails(140)) - DatanodeDetails is persisted to /workdir/hadoop-ozone/ozonefs/target/test-dir/MiniOzoneClusterImpl-d833ad47-c484-47cf-8e4a-958017684ee6/datanode-2/meta/datanode.id
2019-09-19 16:46:28,038 [Thread-530] INFO  ozone.MiniOzoneClusterImpl (MiniOzoneClusterImpl.java:lambda$waitForClusterToBeReady$0(142)) - Waiting for cluster to be ready. Got 0 of 3 DN Heartbeats.
2019-09-19 16:46:28,615 | INFO  | SCMAudit | user=jenkins1000 | ip=192.168.157.226 | op=GET_VERSION null | ret=SUCCESS |  
2019-09-19 16:46:28,631 [Datanode State Machine Thread - 0] INFO  ozoneimpl.OzoneContainer (OzoneContainer.java:start(186)) - Attempting to start container services.
2019-09-19 16:46:28,631 [Datanode State Machine Thread - 0] INFO  ozoneimpl.OzoneContainer (OzoneContainer.java:startContainerScrub(160)) - Background container scrubber has been disabled by hdds.containerscrub.enabled
2019-09-19 16:46:28,631 [Datanode State Machine Thread - 0] INFO  ratis.XceiverServerRatis (XceiverServerRatis.java:start(404)) - Starting XceiverServerRatis d91c2dc2-8109-44cd-8898-9a48e601c7ea at port 0
2019-09-19 16:46:28,638 [Datanode State Machine Thread - 0] INFO  impl.RaftServerProxy (RaftServerProxy.java:lambda$start$3(299)) - d91c2dc2-8109-44cd-8898-9a48e601c7ea: start RPC server
2019-09-19 16:46:28,640 [Datanode State Machine Thread - 0] INFO  server.GrpcService (GrpcService.java:startImpl(149)) - d91c2dc2-8109-44cd-8898-9a48e601c7ea: GrpcService started, listening on 0.0.0.0/0.0.0.0:44439
2019-09-19 16:46:28,640 [Datanode State Machine Thread - 0] INFO  ratis.XceiverServerRatis (XceiverServerRatis.java:start(414)) - XceiverServerRatis d91c2dc2-8109-44cd-8898-9a48e601c7ea is started using port 44439
2019-09-19 16:46:28,642 [Datanode State Machine Thread - 0] INFO  server.XceiverServerGrpc (XceiverServerGrpc.java:start(163)) - XceiverServerGrpc d91c2dc2-8109-44cd-8898-9a48e601c7ea is started using port 41927
2019-09-19 16:46:28,845 | INFO  | SCMAudit | user=jenkins1000 | ip=192.168.157.226 | op=GET_VERSION null | ret=SUCCESS |  
2019-09-19 16:46:28,867 [Datanode State Machine Thread - 0] INFO  ozoneimpl.OzoneContainer (OzoneContainer.java:start(186)) - Attempting to start container services.
2019-09-19 16:46:28,867 [Datanode State Machine Thread - 0] INFO  ozoneimpl.OzoneContainer (OzoneContainer.java:startContainerScrub(160)) - Background container scrubber has been disabled by hdds.containerscrub.enabled
2019-09-19 16:46:28,867 [Datanode State Machine Thread - 0] INFO  ratis.XceiverServerRatis (XceiverServerRatis.java:start(404)) - Starting XceiverServerRatis 964d8c59-381b-467e-aacd-b99a6c520c67 at port 0
2019-09-19 16:46:28,874 [Datanode State Machine Thread - 0] INFO  impl.RaftServerProxy (RaftServerProxy.java:lambda$start$3(299)) - 964d8c59-381b-467e-aacd-b99a6c520c67: start RPC server
2019-09-19 16:46:28,879 [Datanode State Machine Thread - 0] INFO  server.GrpcService (GrpcService.java:startImpl(149)) - 964d8c59-381b-467e-aacd-b99a6c520c67: GrpcService started, listening on 0.0.0.0/0.0.0.0:32835
2019-09-19 16:46:28,880 [Datanode State Machine Thread - 0] INFO  ratis.XceiverServerRatis (XceiverServerRatis.java:start(414)) - XceiverServerRatis 964d8c59-381b-467e-aacd-b99a6c520c67 is started using port 32835
2019-09-19 16:46:28,882 [Datanode State Machine Thread - 0] INFO  server.XceiverServerGrpc (XceiverServerGrpc.java:start(163)) - XceiverServerGrpc 964d8c59-381b-467e-aacd-b99a6c520c67 is started using port 35758
2019-09-19 16:46:29,039 [Thread-530] INFO  ozone.MiniOzoneClusterImpl (MiniOzoneClusterImpl.java:lambda$waitForClusterToBeReady$0(142)) - Waiting for cluster to be ready. Got 0 of 3 DN Heartbeats.
2019-09-19 16:46:29,041 | INFO  | SCMAudit | user=jenkins1000 | ip=192.168.157.226 | op=GET_VERSION null | ret=SUCCESS |  
2019-09-19 16:46:29,058 [Datanode State Machine Thread - 0] INFO  ozoneimpl.OzoneContainer (OzoneContainer.java:start(186)) - Attempting to start container services.
2019-09-19 16:46:29,058 [Datanode State Machine Thread - 0] INFO  ozoneimpl.OzoneContainer (OzoneContainer.java:startContainerScrub(160)) - Background container scrubber has been disabled by hdds.containerscrub.enabled
2019-09-19 16:46:29,058 [Datanode State Machine Thread - 0] INFO  ratis.XceiverServerRatis (XceiverServerRatis.java:start(404)) - Starting XceiverServerRatis 5a43fd14-5c4d-4177-84d0-63947bd71be7 at port 0
2019-09-19 16:46:29,065 [Datanode State Machine Thread - 0] INFO  impl.RaftServerProxy (RaftServerProxy.java:lambda$start$3(299)) - 5a43fd14-5c4d-4177-84d0-63947bd71be7: start RPC server
2019-09-19 16:46:29,066 [Datanode State Machine Thread - 0] INFO  server.GrpcService (GrpcService.java:startImpl(149)) - 5a43fd14-5c4d-4177-84d0-63947bd71be7: GrpcService started, listening on 0.0.0.0/0.0.0.0:36535
2019-09-19 16:46:29,066 [Datanode State Machine Thread - 0] INFO  ratis.XceiverServerRatis (XceiverServerRatis.java:start(414)) - XceiverServerRatis 5a43fd14-5c4d-4177-84d0-63947bd71be7 is started using port 36535
2019-09-19 16:46:29,067 [Datanode State Machine Thread - 0] INFO  server.XceiverServerGrpc (XceiverServerGrpc.java:start(163)) - XceiverServerGrpc 5a43fd14-5c4d-4177-84d0-63947bd71be7 is started using port 39337
2019-09-19 16:46:30,039 [Thread-530] INFO  ozone.MiniOzoneClusterImpl (MiniOzoneClusterImpl.java:lambda$waitForClusterToBeReady$0(142)) - Waiting for cluster to be ready. Got 0 of 3 DN Heartbeats.
2019-09-19 16:46:30,616 [IPC Server handler 3 on 35058] INFO  net.NetworkTopology (NetworkTopologyImpl.java:add(110)) - Added a new node: /default-rack/d91c2dc2-8109-44cd-8898-9a48e601c7ea
2019-09-19 16:46:30,618 [IPC Server handler 3 on 35058] INFO  node.SCMNodeManager (SCMNodeManager.java:register(273)) - Registered Data node : d91c2dc2-8109-44cd-8898-9a48e601c7ea{ip: 192.168.157.226, host: pr-hdds-1569-swxfz-3172132826, networkLocation: /default-rack, certSerialId: null}
2019-09-19 16:46:30,619 [EventQueue-NodeRegistrationContainerReportForDataNodeSafeModeRule] INFO  safemode.SCMSafeModeManager (DataNodeSafeModeRule.java:process(71)) - SCM in safe mode. 1 DataNodes registered, 1 required.
2019-09-19 16:46:30,621 [EventQueue-NodeRegistrationContainerReportForDataNodeSafeModeRule] INFO  safemode.SCMSafeModeManager (SCMSafeModeManager.java:validateSafeModeExitRules(177)) - ScmSafeModeManager, all rules are successfully validated
2019-09-19 16:46:30,621 [EventQueue-NodeRegistrationContainerReportForDataNodeSafeModeRule] INFO  safemode.SCMSafeModeManager (SCMSafeModeManager.java:exitSafeMode(193)) - SCM exiting safe mode.
2019-09-19 16:46:30,621 | INFO  | SCMAudit | user=jenkins1000 | ip=192.168.157.226 | op=REGISTER {datanodeDetails=d91c2dc2-8109-44cd-8898-9a48e601c7ea{ip: 192.168.157.226, host: pr-hdds-1569-swxfz-3172132826, networkLocation: /default-rack, certSerialId: null}} | ret=SUCCESS |  
2019-09-19 16:46:30,644 [grpc-default-executor-0] INFO  impl.RaftServerProxy (RaftServerProxy.java:addNew(89)) - d91c2dc2-8109-44cd-8898-9a48e601c7ea: addNew group-0ACC0A4C8BB4:[d91c2dc2-8109-44cd-8898-9a48e601c7ea:192.168.157.226:44439] returns group-0ACC0A4C8BB4:java.util.concurrent.CompletableFuture@1aa506a[Not completed]
2019-09-19 16:46:30,646 [pool-133-thread-1] INFO  impl.RaftServerImpl (RaftServerImpl.java:<init>(93)) - d91c2dc2-8109-44cd-8898-9a48e601c7ea: new RaftServerImpl for group-0ACC0A4C8BB4:[d91c2dc2-8109-44cd-8898-9a48e601c7ea:192.168.157.226:44439] with ContainerStateMachine:uninitialized
2019-09-19 16:46:30,646 [pool-133-thread-1] INFO  server.RaftServerConfigKeys (ConfUtils.java:logGet(43)) - raft.server.rpc.timeout.min = 5s (custom)
2019-09-19 16:46:30,646 [pool-133-thread-1] INFO  server.RaftServerConfigKeys (ConfUtils.java:logGet(43)) - raft.server.rpc.timeout.max = 5200ms (custom)
2019-09-19 16:46:30,646 [pool-133-thread-1] INFO  server.RaftServerConfigKeys (ConfUtils.java:logGet(43)) - raft.server.rpcslowness.timeout = 120s (custom)
2019-09-19 16:46:30,647 [pool-133-thread-1] INFO  server.RaftServerConfigKeys (ConfUtils.java:logGet(43)) - raft.server.sleep.deviation.threshold = 300 (default)
2019-09-19 16:46:30,647 [pool-133-thread-1] INFO  server.RaftServerConfigKeys (ConfUtils.java:logGet(43)) - raft.server.log.appender.install.snapshot.enabled = false (custom)
2019-09-19 16:46:30,647 [pool-133-thread-1] INFO  impl.RaftServerImpl (ServerState.java:<init>(105)) - d91c2dc2-8109-44cd-8898-9a48e601c7ea:group-0ACC0A4C8BB4 ConfigurationManager, init=-1: [d91c2dc2-8109-44cd-8898-9a48e601c7ea:192.168.157.226:44439], old=null, confs=<EMPTY_MAP>
2019-09-19 16:46:30,647 [pool-133-thread-1] INFO  server.RaftServerConfigKeys (ConfUtils.java:logGet(43)) - raft.server.storage.dir = [/workdir/hadoop-ozone/ozonefs/target/test-dir/MiniOzoneClusterImpl-d833ad47-c484-47cf-8e4a-958017684ee6/datanode-0/data/ratis] (custom)
2019-09-19 16:46:30,649 [pool-133-thread-1] INFO  storage.RaftStorageDirectory (RaftStorageDirectory.java:analyzeStorage(246)) - The storage directory /workdir/hadoop-ozone/ozonefs/target/test-dir/MiniOzoneClusterImpl-d833ad47-c484-47cf-8e4a-958017684ee6/datanode-0/data/ratis/0a394f36-78c8-41ac-9a30-0acc0a4c8bb4 does not exist. Creating ...
2019-09-19 16:46:30,662 [pool-133-thread-1] INFO  storage.RaftStorageDirectory (RaftStorageDirectory.java:tryLock(328)) - Lock on /workdir/hadoop-ozone/ozonefs/target/test-dir/MiniOzoneClusterImpl-d833ad47-c484-47cf-8e4a-958017684ee6/datanode-0/data/ratis/0a394f36-78c8-41ac-9a30-0acc0a4c8bb4/in_use.lock acquired by nodename 32682@pr-hdds-1569-swxfz-3172132826
2019-09-19 16:46:30,666 [pool-133-thread-1] INFO  storage.RaftStorage (RaftStorage.java:format(72)) - Storage directory /workdir/hadoop-ozone/ozonefs/target/test-dir/MiniOzoneClusterImpl-d833ad47-c484-47cf-8e4a-958017684ee6/datanode-0/data/ratis/0a394f36-78c8-41ac-9a30-0acc0a4c8bb4 has been successfully formatted.
2019-09-19 16:46:30,666 [pool-133-thread-1] INFO  ratis.ContainerStateMachine (ContainerStateMachine.java:loadSnapshot(226)) - group-0ACC0A4C8BB4: The snapshot info is null. Setting the last applied indexto:(t:0, i:~)
2019-09-19 16:46:30,666 [pool-133-thread-1] INFO  server.RaftServerConfigKeys (ConfUtils.java:logGet(43)) - raft.server.leader.election.timeout = 120s (custom)
2019-09-19 16:46:30,666 [pool-133-thread-1] INFO  server.RaftServerConfigKeys (ConfUtils.java:logGet(43)) - raft.server.log.use.memory = false (default)
2019-09-19 16:46:30,667 [pool-133-thread-1] INFO  server.RaftServerConfigKeys (ConfUtils.java:logGet(43)) - raft.server.log.purge.gap = 1000000 (custom)
2019-09-19 16:46:30,667 [pool-133-thread-1] INFO  server.RaftServerConfigKeys (ConfUtils.java:logGet(43)) - raft.server.log.appender.buffer.byte-limit = 33554432 (custom)
2019-09-19 16:46:30,667 [pool-133-thread-1] INFO  server.RaftServerConfigKeys (ConfUtils.java:logGet(43)) - raft.server.log.segment.size.max = 1048576 (custom)
2019-09-19 16:46:30,667 [pool-133-thread-1] INFO  server.RaftServerConfigKeys (ConfUtils.java:logGet(43)) - raft.server.log.segment.cache.num.max = 2 (custom)
2019-09-19 16:46:30,667 [pool-133-thread-1] INFO  segmented.SegmentedRaftLogWorker (SegmentedRaftLogWorker.java:<init>(172)) - new d91c2dc2-8109-44cd-8898-9a48e601c7ea-SegmentedRaftLogWorker:Storage Directory /workdir/hadoop-ozone/ozonefs/target/test-dir/MiniOzoneClusterImpl-d833ad47-c484-47cf-8e4a-958017684ee6/datanode-0/data/ratis/0a394f36-78c8-41ac-9a30-0acc0a4c8bb4 for RaftStorage:Storage Directory /workdir/hadoop-ozone/ozonefs/target/test-dir/MiniOzoneClusterImpl-d833ad47-c484-47cf-8e4a-958017684ee6/datanode-0/data/ratis/0a394f36-78c8-41ac-9a30-0acc0a4c8bb4
2019-09-19 16:46:30,668 [pool-133-thread-1] INFO  server.RaftServerConfigKeys (ConfUtils.java:logGet(43)) - raft.server.log.queue.byte-limit = 2147483647 (custom)
2019-09-19 16:46:30,668 [pool-133-thread-1] INFO  server.RaftServerConfigKeys (ConfUtils.java:logGet(43)) - raft.server.log.queue.element-limit = 1024 (custom)
2019-09-19 16:46:30,668 [pool-133-thread-1] INFO  server.RaftServerConfigKeys (ConfUtils.java:logGet(43)) - raft.server.log.segment.size.max = 1048576 (custom)
2019-09-19 16:46:30,668 [pool-133-thread-1] INFO  server.RaftServerConfigKeys (ConfUtils.java:logGet(43)) - raft.server.log.preallocated.size = 16384 (custom)
2019-09-19 16:46:30,669 [pool-133-thread-1] INFO  server.RaftServerConfigKeys (ConfUtils.java:logGet(43)) - raft.server.log.write.buffer.size = 33554432 (custom)
2019-09-19 16:46:30,669 [pool-133-thread-1] INFO  server.RaftServerConfigKeys (ConfUtils.java:logGet(43)) - raft.server.log.force.sync.num = 128 (default)
2019-09-19 16:46:30,669 [pool-133-thread-1] INFO  server.RaftServerConfigKeys (ConfUtils.java:logGet(43)) - raft.server.log.statemachine.data.sync = true (default)
2019-09-19 16:46:30,669 [pool-133-thread-1] INFO  server.RaftServerConfigKeys (ConfUtils.java:logGet(43)) - raft.server.log.statemachine.data.sync.timeout = 10s (default)
2019-09-19 16:46:30,669 [pool-133-thread-1] INFO  server.RaftServerConfigKeys (ConfUtils.java:logGet(43)) - raft.server.log.statemachine.data.sync.timeout.retry = -1 (default)
2019-09-19 16:46:30,670 [pool-133-thread-1] INFO  server.RaftServerConfigKeys (ConfUtils.java:logGet(43)) - raft.server.log.statemachine.data.caching.enabled = true (custom)
2019-09-19 16:46:30,670 [pool-133-thread-1] INFO  segmented.SegmentedRaftLogWorker (SegmentedRaftLogWorker.java:lambda$new$0(132)) - d91c2dc2-8109-44cd-8898-9a48e601c7ea-SegmentedRaftLogWorker:Storage Directory /workdir/hadoop-ozone/ozonefs/target/test-dir/MiniOzoneClusterImpl-d833ad47-c484-47cf-8e4a-958017684ee6/datanode-0/data/ratis/0a394f36-78c8-41ac-9a30-0acc0a4c8bb4: flushIndex: setUnconditionally 0 -> -1
2019-09-19 16:46:30,670 [pool-133-thread-1] INFO  server.RaftServerConfigKeys (ConfUtils.java:logGet(43)) - raft.server.snapshot.auto.trigger.enabled = true (custom)
2019-09-19 16:46:30,671 [pool-133-thread-1] INFO  server.RaftServerConfigKeys (ConfUtils.java:logGet(43)) - raft.server.snapshot.auto.trigger.threshold = 10000 (custom)
2019-09-19 16:46:30,671 [pool-133-thread-1] INFO  server.RaftServerConfigKeys (ConfUtils.java:logGet(43)) - raft.server.retrycache.expirytime = 600000ms (custom)
2019-09-19 16:46:30,671 [pool-133-thread-1] INFO  impl.RaftServerImpl (RaftServerImpl.java:start(180)) - d91c2dc2-8109-44cd-8898-9a48e601c7ea: start group-0ACC0A4C8BB4
2019-09-19 16:46:30,671 [pool-133-thread-1] INFO  impl.RaftServerImpl (RaftServerImpl.java:setRole(171)) - d91c2dc2-8109-44cd-8898-9a48e601c7ea:group-0ACC0A4C8BB4 changes role from null to FOLLOWER at term 0 for startAsFollower
2019-09-19 16:46:30,672 [pool-133-thread-1] INFO  impl.RoleInfo (RoleInfo.java:updateAndGet(143)) - d91c2dc2-8109-44cd-8898-9a48e601c7ea: start FollowerState
2019-09-19 16:46:30,673 [pool-133-thread-1] INFO  util.JmxRegister (JmxRegister.java:tryRegister(44)) - Successfully registered JMX Bean with object name Ratis:service=RaftServer,group=group-0ACC0A4C8BB4,id=d91c2dc2-8109-44cd-8898-9a48e601c7ea
2019-09-19 16:46:30,701 [RatisPipelineUtilsThread] INFO  pipeline.PipelineStateManager (PipelineStateManager.java:addPipeline(56)) - Created pipeline Pipeline[ Id: 0a394f36-78c8-41ac-9a30-0acc0a4c8bb4, Nodes: d91c2dc2-8109-44cd-8898-9a48e601c7ea{ip: 192.168.157.226, host: pr-hdds-1569-swxfz-3172132826, networkLocation: /default-rack, certSerialId: null}, Type:RATIS, Factor:ONE, State:OPEN]
2019-09-19 16:46:30,711 [grpc-default-executor-0] INFO  impl.RaftServerProxy (RaftServerProxy.java:addNew(89)) - d91c2dc2-8109-44cd-8898-9a48e601c7ea: addNew group-71EB4EE11979:[d91c2dc2-8109-44cd-8898-9a48e601c7ea:192.168.157.226:44439] returns group-71EB4EE11979:java.util.concurrent.CompletableFuture@30e19499[Not completed]
2019-09-19 16:46:30,712 [pool-133-thread-1] INFO  impl.RaftServerImpl (RaftServerImpl.java:<init>(93)) - d91c2dc2-8109-44cd-8898-9a48e601c7ea: new RaftServerImpl for group-71EB4EE11979:[d91c2dc2-8109-44cd-8898-9a48e601c7ea:192.168.157.226:44439] with ContainerStateMachine:uninitialized
2019-09-19 16:46:30,713 [pool-133-thread-1] INFO  server.RaftServerConfigKeys (ConfUtils.java:logGet(43)) - raft.server.rpc.timeout.min = 5s (custom)
2019-09-19 16:46:30,713 [pool-133-thread-1] INFO  server.RaftServerConfigKeys (ConfUtils.java:logGet(43)) - raft.server.rpc.timeout.max = 5200ms (custom)
2019-09-19 16:46:30,713 [pool-133-thread-1] INFO  server.RaftServerConfigKeys (ConfUtils.java:logGet(43)) - raft.server.rpcslowness.timeout = 120s (custom)
2019-09-19 16:46:30,713 [pool-133-thread-1] INFO  server.RaftServerConfigKeys (ConfUtils.java:logGet(43)) - raft.server.sleep.deviation.threshold = 300 (default)
2019-09-19 16:46:30,713 [pool-133-thread-1] INFO  server.RaftServerConfigKeys (ConfUtils.java:logGet(43)) - raft.server.log.appender.install.snapshot.enabled = false (custom)
2019-09-19 16:46:30,713 [pool-133-thread-1] INFO  impl.RaftServerImpl (ServerState.java:<init>(105)) - d91c2dc2-8109-44cd-8898-9a48e601c7ea:group-71EB4EE11979 ConfigurationManager, init=-1: [d91c2dc2-8109-44cd-8898-9a48e601c7ea:192.168.157.226:44439], old=null, confs=<EMPTY_MAP>
2019-09-19 16:46:30,714 [pool-133-thread-1] INFO  server.RaftServerConfigKeys (ConfUtils.java:logGet(43)) - raft.server.storage.dir = [/workdir/hadoop-ozone/ozonefs/target/test-dir/MiniOzoneClusterImpl-d833ad47-c484-47cf-8e4a-958017684ee6/datanode-0/data/ratis] (custom)
2019-09-19 16:46:30,714 [pool-133-thread-1] INFO  storage.RaftStorageDirectory (RaftStorageDirectory.java:analyzeStorage(246)) - The storage directory /workdir/hadoop-ozone/ozonefs/target/test-dir/MiniOzoneClusterImpl-d833ad47-c484-47cf-8e4a-958017684ee6/datanode-0/data/ratis/7f446f1e-6957-4c45-a5c7-71eb4ee11979 does not exist. Creating ...
2019-09-19 16:46:30,727 [pool-133-thread-1] INFO  storage.RaftStorageDirectory (RaftStorageDirectory.java:tryLock(328)) - Lock on /workdir/hadoop-ozone/ozonefs/target/test-dir/MiniOzoneClusterImpl-d833ad47-c484-47cf-8e4a-958017684ee6/datanode-0/data/ratis/7f446f1e-6957-4c45-a5c7-71eb4ee11979/in_use.lock acquired by nodename 32682@pr-hdds-1569-swxfz-3172132826
2019-09-19 16:46:30,740 [pool-133-thread-1] INFO  storage.RaftStorage (RaftStorage.java:format(72)) - Storage directory /workdir/hadoop-ozone/ozonefs/target/test-dir/MiniOzoneClusterImpl-d833ad47-c484-47cf-8e4a-958017684ee6/datanode-0/data/ratis/7f446f1e-6957-4c45-a5c7-71eb4ee11979 has been successfully formatted.
2019-09-19 16:46:30,740 [pool-133-thread-1] INFO  ratis.ContainerStateMachine (ContainerStateMachine.java:loadSnapshot(226)) - group-71EB4EE11979: The snapshot info is null. Setting the last applied indexto:(t:0, i:~)
2019-09-19 16:46:30,741 [pool-133-thread-1] INFO  server.RaftServerConfigKeys (ConfUtils.java:logGet(43)) - raft.server.leader.election.timeout = 120s (custom)
2019-09-19 16:46:30,741 [pool-133-thread-1] INFO  server.RaftServerConfigKeys (ConfUtils.java:logGet(43)) - raft.server.log.use.memory = false (default)
2019-09-19 16:46:30,741 [pool-133-thread-1] INFO  server.RaftServerConfigKeys (ConfUtils.java:logGet(43)) - raft.server.log.purge.gap = 1000000 (custom)
2019-09-19 16:46:30,741 [pool-133-thread-1] INFO  server.RaftServerConfigKeys (ConfUtils.java:logGet(43)) - raft.server.log.appender.buffer.byte-limit = 33554432 (custom)
2019-09-19 16:46:30,741 [pool-133-thread-1] INFO  server.RaftServerConfigKeys (ConfUtils.java:logGet(43)) - raft.server.log.segment.size.max = 1048576 (custom)
2019-09-19 16:46:30,741 [pool-133-thread-1] INFO  server.RaftServerConfigKeys (ConfUtils.java:logGet(43)) - raft.server.log.segment.cache.num.max = 2 (custom)
2019-09-19 16:46:30,742 [pool-133-thread-1] INFO  segmented.SegmentedRaftLogWorker (SegmentedRaftLogWorker.java:<init>(172)) - new d91c2dc2-8109-44cd-8898-9a48e601c7ea-SegmentedRaftLogWorker:Storage Directory /workdir/hadoop-ozone/ozonefs/target/test-dir/MiniOzoneClusterImpl-d833ad47-c484-47cf-8e4a-958017684ee6/datanode-0/data/ratis/7f446f1e-6957-4c45-a5c7-71eb4ee11979 for RaftStorage:Storage Directory /workdir/hadoop-ozone/ozonefs/target/test-dir/MiniOzoneClusterImpl-d833ad47-c484-47cf-8e4a-958017684ee6/datanode-0/data/ratis/7f446f1e-6957-4c45-a5c7-71eb4ee11979
2019-09-19 16:46:30,742 [pool-133-thread-1] INFO  server.RaftServerConfigKeys (ConfUtils.java:logGet(43)) - raft.server.log.queue.byte-limit = 2147483647 (custom)
2019-09-19 16:46:30,742 [pool-133-thread-1] INFO  server.RaftServerConfigKeys (ConfUtils.java:logGet(43)) - raft.server.log.queue.element-limit = 1024 (custom)
2019-09-19 16:46:30,742 [pool-133-thread-1] INFO  server.RaftServerConfigKeys (ConfUtils.java:logGet(43)) - raft.server.log.segment.size.max = 1048576 (custom)
2019-09-19 16:46:30,742 [pool-133-thread-1] INFO  server.RaftServerConfigKeys (ConfUtils.java:logGet(43)) - raft.server.log.preallocated.size = 16384 (custom)
2019-09-19 16:46:30,742 [pool-133-thread-1] INFO  server.RaftServerConfigKeys (ConfUtils.java:logGet(43)) - raft.server.log.write.buffer.size = 33554432 (custom)
2019-09-19 16:46:30,743 [pool-133-thread-1] INFO  server.RaftServerConfigKeys (ConfUtils.java:logGet(43)) - raft.server.log.force.sync.num = 128 (default)
2019-09-19 16:46:30,743 [pool-133-thread-1] INFO  server.RaftServerConfigKeys (ConfUtils.java:logGet(43)) - raft.server.log.statemachine.data.sync = true (default)
2019-09-19 16:46:30,743 [pool-133-thread-1] INFO  server.RaftServerConfigKeys (ConfUtils.java:logGet(43)) - raft.server.log.statemachine.data.sync.timeout = 10s (default)
2019-09-19 16:46:30,743 [pool-133-thread-1] INFO  server.RaftServerConfigKeys (ConfUtils.java:logGet(43)) - raft.server.log.statemachine.data.sync.timeout.retry = -1 (default)
2019-09-19 16:46:30,743 [pool-133-thread-1] INFO  server.RaftServerConfigKeys (ConfUtils.java:logGet(43)) - raft.server.log.statemachine.data.caching.enabled = true (custom)
2019-09-19 16:46:30,744 [pool-133-thread-1] INFO  segmented.SegmentedRaftLogWorker (SegmentedRaftLogWorker.java:lambda$new$0(132)) - d91c2dc2-8109-44cd-8898-9a48e601c7ea-SegmentedRaftLogWorker:Storage Directory /workdir/hadoop-ozone/ozonefs/target/test-dir/MiniOzoneClusterImpl-d833ad47-c484-47cf-8e4a-958017684ee6/datanode-0/data/ratis/7f446f1e-6957-4c45-a5c7-71eb4ee11979: flushIndex: setUnconditionally 0 -> -1
2019-09-19 16:46:30,744 [pool-133-thread-1] INFO  server.RaftServerConfigKeys (ConfUtils.java:logGet(43)) - raft.server.snapshot.auto.trigger.enabled = true (custom)
2019-09-19 16:46:30,744 [pool-133-thread-1] INFO  server.RaftServerConfigKeys (ConfUtils.java:logGet(43)) - raft.server.snapshot.auto.trigger.threshold = 10000 (custom)
2019-09-19 16:46:30,745 [pool-133-thread-1] INFO  server.RaftServerConfigKeys (ConfUtils.java:logGet(43)) - raft.server.retrycache.expirytime = 600000ms (custom)
2019-09-19 16:46:30,745 [pool-133-thread-1] INFO  impl.RaftServerImpl (RaftServerImpl.java:start(180)) - d91c2dc2-8109-44cd-8898-9a48e601c7ea: start group-71EB4EE11979
2019-09-19 16:46:30,745 [pool-133-thread-1] INFO  impl.RaftServerImpl (RaftServerImpl.java:setRole(171)) - d91c2dc2-8109-44cd-8898-9a48e601c7ea:group-71EB4EE11979 changes role from null to FOLLOWER at term 0 for startAsFollower
2019-09-19 16:46:30,745 [pool-133-thread-1] INFO  impl.RoleInfo (RoleInfo.java:updateAndGet(143)) - d91c2dc2-8109-44cd-8898-9a48e601c7ea: start FollowerState
2019-09-19 16:46:30,746 [pool-133-thread-1] INFO  util.JmxRegister (JmxRegister.java:tryRegister(44)) - Successfully registered JMX Bean with object name Ratis:service=RaftServer,group=group-71EB4EE11979,id=d91c2dc2-8109-44cd-8898-9a48e601c7ea
2019-09-19 16:46:30,750 [RatisPipelineUtilsThread] INFO  pipeline.PipelineStateManager (PipelineStateManager.java:addPipeline(56)) - Created pipeline Pipeline[ Id: 7f446f1e-6957-4c45-a5c7-71eb4ee11979, Nodes: d91c2dc2-8109-44cd-8898-9a48e601c7ea{ip: 192.168.157.226, host: pr-hdds-1569-swxfz-3172132826, networkLocation: /default-rack, certSerialId: null}, Type:RATIS, Factor:ONE, State:OPEN]
2019-09-19 16:46:30,765 [grpc-default-executor-0] INFO  impl.RaftServerProxy (RaftServerProxy.java:addNew(89)) - d91c2dc2-8109-44cd-8898-9a48e601c7ea: addNew group-E6580A834ECC:[d91c2dc2-8109-44cd-8898-9a48e601c7ea:192.168.157.226:44439] returns group-E6580A834ECC:java.util.concurrent.CompletableFuture@6185af25[Not completed]
2019-09-19 16:46:30,766 [pool-133-thread-1] INFO  impl.RaftServerImpl (RaftServerImpl.java:<init>(93)) - d91c2dc2-8109-44cd-8898-9a48e601c7ea: new RaftServerImpl for group-E6580A834ECC:[d91c2dc2-8109-44cd-8898-9a48e601c7ea:192.168.157.226:44439] with ContainerStateMachine:uninitialized
2019-09-19 16:46:30,766 [pool-133-thread-1] INFO  server.RaftServerConfigKeys (ConfUtils.java:logGet(43)) - raft.server.rpc.timeout.min = 5s (custom)
2019-09-19 16:46:30,766 [pool-133-thread-1] INFO  server.RaftServerConfigKeys (ConfUtils.java:logGet(43)) - raft.server.rpc.timeout.max = 5200ms (custom)
2019-09-19 16:46:30,767 [pool-133-thread-1] INFO  server.RaftServerConfigKeys (ConfUtils.java:logGet(43)) - raft.server.rpcslowness.timeout = 120s (custom)
2019-09-19 16:46:30,767 [pool-133-thread-1] INFO  server.RaftServerConfigKeys (ConfUtils.java:logGet(43)) - raft.server.sleep.deviation.threshold = 300 (default)
2019-09-19 16:46:30,767 [pool-133-thread-1] INFO  server.RaftServerConfigKeys (ConfUtils.java:logGet(43)) - raft.server.log.appender.install.snapshot.enabled = false (custom)
2019-09-19 16:46:30,767 [pool-133-thread-1] INFO  impl.RaftServerImpl (ServerState.java:<init>(105)) - d91c2dc2-8109-44cd-8898-9a48e601c7ea:group-E6580A834ECC ConfigurationManager, init=-1: [d91c2dc2-8109-44cd-8898-9a48e601c7ea:192.168.157.226:44439], old=null, confs=<EMPTY_MAP>
2019-09-19 16:46:30,767 [pool-133-thread-1] INFO  server.RaftServerConfigKeys (ConfUtils.java:logGet(43)) - raft.server.storage.dir = [/workdir/hadoop-ozone/ozonefs/target/test-dir/MiniOzoneClusterImpl-d833ad47-c484-47cf-8e4a-958017684ee6/datanode-0/data/ratis] (custom)
2019-09-19 16:46:30,768 [pool-133-thread-1] INFO  storage.RaftStorageDirectory (RaftStorageDirectory.java:analyzeStorage(246)) - The storage directory /workdir/hadoop-ozone/ozonefs/target/test-dir/MiniOzoneClusterImpl-d833ad47-c484-47cf-8e4a-958017684ee6/datanode-0/data/ratis/88fb0406-6ed5-4381-afa9-e6580a834ecc does not exist. Creating ...
2019-09-19 16:46:30,780 [pool-133-thread-1] INFO  storage.RaftStorageDirectory (RaftStorageDirectory.java:tryLock(328)) - Lock on /workdir/hadoop-ozone/ozonefs/target/test-dir/MiniOzoneClusterImpl-d833ad47-c484-47cf-8e4a-958017684ee6/datanode-0/data/ratis/88fb0406-6ed5-4381-afa9-e6580a834ecc/in_use.lock acquired by nodename 32682@pr-hdds-1569-swxfz-3172132826
2019-09-19 16:46:30,793 [pool-133-thread-1] INFO  storage.RaftStorage (RaftStorage.java:format(72)) - Storage directory /workdir/hadoop-ozone/ozonefs/target/test-dir/MiniOzoneClusterImpl-d833ad47-c484-47cf-8e4a-958017684ee6/datanode-0/data/ratis/88fb0406-6ed5-4381-afa9-e6580a834ecc has been successfully formatted.
2019-09-19 16:46:30,793 [pool-133-thread-1] INFO  ratis.ContainerStateMachine (ContainerStateMachine.java:loadSnapshot(226)) - group-E6580A834ECC: The snapshot info is null. Setting the last applied indexto:(t:0, i:~)
2019-09-19 16:46:30,794 [pool-133-thread-1] INFO  server.RaftServerConfigKeys (ConfUtils.java:logGet(43)) - raft.server.leader.election.timeout = 120s (custom)
2019-09-19 16:46:30,794 [pool-133-thread-1] INFO  server.RaftServerConfigKeys (ConfUtils.java:logGet(43)) - raft.server.log.use.memory = false (default)
2019-09-19 16:46:30,794 [pool-133-thread-1] INFO  server.RaftServerConfigKeys (ConfUtils.java:logGet(43)) - raft.server.log.purge.gap = 1000000 (custom)
2019-09-19 16:46:30,794 [pool-133-thread-1] INFO  server.RaftServerConfigKeys (ConfUtils.java:logGet(43)) - raft.server.log.appender.buffer.byte-limit = 33554432 (custom)
2019-09-19 16:46:30,794 [pool-133-thread-1] INFO  server.RaftServerConfigKeys (ConfUtils.java:logGet(43)) - raft.server.log.segment.size.max = 1048576 (custom)
2019-09-19 16:46:30,794 [pool-133-thread-1] INFO  server.RaftServerConfigKeys (ConfUtils.java:logGet(43)) - raft.server.log.segment.cache.num.max = 2 (custom)
2019-09-19 16:46:30,794 [pool-133-thread-1] INFO  segmented.SegmentedRaftLogWorker (SegmentedRaftLogWorker.java:<init>(172)) - new d91c2dc2-8109-44cd-8898-9a48e601c7ea-SegmentedRaftLogWorker:Storage Directory /workdir/hadoop-ozone/ozonefs/target/test-dir/MiniOzoneClusterImpl-d833ad47-c484-47cf-8e4a-958017684ee6/datanode-0/data/ratis/88fb0406-6ed5-4381-afa9-e6580a834ecc for RaftStorage:Storage Directory /workdir/hadoop-ozone/ozonefs/target/test-dir/MiniOzoneClusterImpl-d833ad47-c484-47cf-8e4a-958017684ee6/datanode-0/data/ratis/88fb0406-6ed5-4381-afa9-e6580a834ecc
2019-09-19 16:46:30,795 [pool-133-thread-1] INFO  server.RaftServerConfigKeys (ConfUtils.java:logGet(43)) - raft.server.log.queue.byte-limit = 2147483647 (custom)
2019-09-19 16:46:30,795 [pool-133-thread-1] INFO  server.RaftServerConfigKeys (ConfUtils.java:logGet(43)) - raft.server.log.queue.element-limit = 1024 (custom)
2019-09-19 16:46:30,795 [pool-133-thread-1] INFO  server.RaftServerConfigKeys (ConfUtils.java:logGet(43)) - raft.server.log.segment.size.max = 1048576 (custom)
2019-09-19 16:46:30,795 [pool-133-thread-1] INFO  server.RaftServerConfigKeys (ConfUtils.java:logGet(43)) - raft.server.log.preallocated.size = 16384 (custom)
2019-09-19 16:46:30,795 [pool-133-thread-1] INFO  server.RaftServerConfigKeys (ConfUtils.java:logGet(43)) - raft.server.log.write.buffer.size = 33554432 (custom)
2019-09-19 16:46:30,795 [pool-133-thread-1] INFO  server.RaftServerConfigKeys (ConfUtils.java:logGet(43)) - raft.server.log.force.sync.num = 128 (default)
2019-09-19 16:46:30,796 [pool-133-thread-1] INFO  server.RaftServerConfigKeys (ConfUtils.java:logGet(43)) - raft.server.log.statemachine.data.sync = true (default)
2019-09-19 16:46:30,796 [pool-133-thread-1] INFO  server.RaftServerConfigKeys (ConfUtils.java:logGet(43)) - raft.server.log.statemachine.data.sync.timeout = 10s (default)
2019-09-19 16:46:30,796 [pool-133-thread-1] INFO  server.RaftServerConfigKeys (ConfUtils.java:logGet(43)) - raft.server.log.statemachine.data.sync.timeout.retry = -1 (default)
2019-09-19 16:46:30,796 [pool-133-thread-1] INFO  server.RaftServerConfigKeys (ConfUtils.java:logGet(43)) - raft.server.log.statemachine.data.caching.enabled = true (custom)
2019-09-19 16:46:30,796 [pool-133-thread-1] INFO  segmented.SegmentedRaftLogWorker (SegmentedRaftLogWorker.java:lambda$new$0(132)) - d91c2dc2-8109-44cd-8898-9a48e601c7ea-SegmentedRaftLogWorker:Storage Directory /workdir/hadoop-ozone/ozonefs/target/test-dir/MiniOzoneClusterImpl-d833ad47-c484-47cf-8e4a-958017684ee6/datanode-0/data/ratis/88fb0406-6ed5-4381-afa9-e6580a834ecc: flushIndex: setUnconditionally 0 -> -1
2019-09-19 16:46:30,797 [pool-133-thread-1] INFO  server.RaftServerConfigKeys (ConfUtils.java:logGet(43)) - raft.server.snapshot.auto.trigger.enabled = true (custom)
2019-09-19 16:46:30,797 [pool-133-thread-1] INFO  server.RaftServerConfigKeys (ConfUtils.java:logGet(43)) - raft.server.snapshot.auto.trigger.threshold = 10000 (custom)
2019-09-19 16:46:30,797 [pool-133-thread-1] INFO  server.RaftServerConfigKeys (ConfUtils.java:logGet(43)) - raft.server.retrycache.expirytime = 600000ms (custom)
2019-09-19 16:46:30,797 [pool-133-thread-1] INFO  impl.RaftServerImpl (RaftServerImpl.java:start(180)) - d91c2dc2-8109-44cd-8898-9a48e601c7ea: start group-E6580A834ECC
2019-09-19 16:46:30,798 [pool-133-thread-1] INFO  impl.RaftServerImpl (RaftServerImpl.java:setRole(171)) - d91c2dc2-8109-44cd-8898-9a48e601c7ea:group-E6580A834ECC changes role from null to FOLLOWER at term 0 for startAsFollower
2019-09-19 16:46:30,798 [pool-133-thread-1] INFO  impl.RoleInfo (RoleInfo.java:updateAndGet(143)) - d91c2dc2-8109-44cd-8898-9a48e601c7ea: start FollowerState
2019-09-19 16:46:30,798 [pool-133-thread-1] INFO  util.JmxRegister (JmxRegister.java:tryRegister(44)) - Successfully registered JMX Bean with object name Ratis:service=RaftServer,group=group-E6580A834ECC,id=d91c2dc2-8109-44cd-8898-9a48e601c7ea
2019-09-19 16:46:30,803 [RatisPipelineUtilsThread] INFO  pipeline.PipelineStateManager (PipelineStateManager.java:addPipeline(56)) - Created pipeline Pipeline[ Id: 88fb0406-6ed5-4381-afa9-e6580a834ecc, Nodes: d91c2dc2-8109-44cd-8898-9a48e601c7ea{ip: 192.168.157.226, host: pr-hdds-1569-swxfz-3172132826, networkLocation: /default-rack, certSerialId: null}, Type:RATIS, Factor:ONE, State:OPEN]
2019-09-19 16:46:30,818 [grpc-default-executor-0] INFO  impl.RaftServerProxy (RaftServerProxy.java:addNew(89)) - d91c2dc2-8109-44cd-8898-9a48e601c7ea: addNew group-31AC628E5232:[d91c2dc2-8109-44cd-8898-9a48e601c7ea:192.168.157.226:44439] returns group-31AC628E5232:java.util.concurrent.CompletableFuture@67ca2f65[Not completed]
2019-09-19 16:46:30,820 [pool-133-thread-1] INFO  impl.RaftServerImpl (RaftServerImpl.java:<init>(93)) - d91c2dc2-8109-44cd-8898-9a48e601c7ea: new RaftServerImpl for group-31AC628E5232:[d91c2dc2-8109-44cd-8898-9a48e601c7ea:192.168.157.226:44439] with ContainerStateMachine:uninitialized
2019-09-19 16:46:30,820 [pool-133-thread-1] INFO  server.RaftServerConfigKeys (ConfUtils.java:logGet(43)) - raft.server.rpc.timeout.min = 5s (custom)
2019-09-19 16:46:30,820 [pool-133-thread-1] INFO  server.RaftServerConfigKeys (ConfUtils.java:logGet(43)) - raft.server.rpc.timeout.max = 5200ms (custom)
2019-09-19 16:46:30,820 [pool-133-thread-1] INFO  server.RaftServerConfigKeys (ConfUtils.java:logGet(43)) - raft.server.rpcslowness.timeout = 120s (custom)
2019-09-19 16:46:30,820 [pool-133-thread-1] INFO  server.RaftServerConfigKeys (ConfUtils.java:logGet(43)) - raft.server.sleep.deviation.threshold = 300 (default)
2019-09-19 16:46:30,820 [pool-133-thread-1] INFO  server.RaftServerConfigKeys (ConfUtils.java:logGet(43)) - raft.server.log.appender.install.snapshot.enabled = false (custom)
2019-09-19 16:46:30,821 [pool-133-thread-1] INFO  impl.RaftServerImpl (ServerState.java:<init>(105)) - d91c2dc2-8109-44cd-8898-9a48e601c7ea:group-31AC628E5232 ConfigurationManager, init=-1: [d91c2dc2-8109-44cd-8898-9a48e601c7ea:192.168.157.226:44439], old=null, confs=<EMPTY_MAP>
2019-09-19 16:46:30,821 [pool-133-thread-1] INFO  server.RaftServerConfigKeys (ConfUtils.java:logGet(43)) - raft.server.storage.dir = [/workdir/hadoop-ozone/ozonefs/target/test-dir/MiniOzoneClusterImpl-d833ad47-c484-47cf-8e4a-958017684ee6/datanode-0/data/ratis] (custom)
2019-09-19 16:46:30,821 [pool-133-thread-1] INFO  storage.RaftStorageDirectory (RaftStorageDirectory.java:analyzeStorage(246)) - The storage directory /workdir/hadoop-ozone/ozonefs/target/test-dir/MiniOzoneClusterImpl-d833ad47-c484-47cf-8e4a-958017684ee6/datanode-0/data/ratis/a14fb16f-a246-4843-8753-31ac628e5232 does not exist. Creating ...
2019-09-19 16:46:30,834 [pool-133-thread-1] INFO  storage.RaftStorageDirectory (RaftStorageDirectory.java:tryLock(328)) - Lock on /workdir/hadoop-ozone/ozonefs/target/test-dir/MiniOzoneClusterImpl-d833ad47-c484-47cf-8e4a-958017684ee6/datanode-0/data/ratis/a14fb16f-a246-4843-8753-31ac628e5232/in_use.lock acquired by nodename 32682@pr-hdds-1569-swxfz-3172132826
2019-09-19 16:46:30,845 [IPC Server handler 0 on 35058] INFO  net.NetworkTopology (NetworkTopologyImpl.java:add(110)) - Added a new node: /default-rack/964d8c59-381b-467e-aacd-b99a6c520c67
2019-09-19 16:46:30,846 [IPC Server handler 0 on 35058] INFO  node.SCMNodeManager (SCMNodeManager.java:register(273)) - Registered Data node : 964d8c59-381b-467e-aacd-b99a6c520c67{ip: 192.168.157.226, host: pr-hdds-1569-swxfz-3172132826, networkLocation: /default-rack, certSerialId: null}
2019-09-19 16:46:30,846 | INFO  | SCMAudit | user=jenkins1000 | ip=192.168.157.226 | op=REGISTER {datanodeDetails=964d8c59-381b-467e-aacd-b99a6c520c67{ip: 192.168.157.226, host: pr-hdds-1569-swxfz-3172132826, networkLocation: /default-rack, certSerialId: null}} | ret=SUCCESS |  
2019-09-19 16:46:30,847 [pool-133-thread-1] INFO  storage.RaftStorage (RaftStorage.java:format(72)) - Storage directory /workdir/hadoop-ozone/ozonefs/target/test-dir/MiniOzoneClusterImpl-d833ad47-c484-47cf-8e4a-958017684ee6/datanode-0/data/ratis/a14fb16f-a246-4843-8753-31ac628e5232 has been successfully formatted.
2019-09-19 16:46:30,847 [pool-133-thread-1] INFO  ratis.ContainerStateMachine (ContainerStateMachine.java:loadSnapshot(226)) - group-31AC628E5232: The snapshot info is null. Setting the last applied indexto:(t:0, i:~)
2019-09-19 16:46:30,847 [pool-133-thread-1] INFO  server.RaftServerConfigKeys (ConfUtils.java:logGet(43)) - raft.server.leader.election.timeout = 120s (custom)
2019-09-19 16:46:30,847 [pool-133-thread-1] INFO  server.RaftServerConfigKeys (ConfUtils.java:logGet(43)) - raft.server.log.use.memory = false (default)
2019-09-19 16:46:30,848 [pool-133-thread-1] INFO  server.RaftServerConfigKeys (ConfUtils.java:logGet(43)) - raft.server.log.purge.gap = 1000000 (custom)
2019-09-19 16:46:30,848 [pool-133-thread-1] INFO  server.RaftServerConfigKeys (ConfUtils.java:logGet(43)) - raft.server.log.appender.buffer.byte-limit = 33554432 (custom)
2019-09-19 16:46:30,848 [pool-133-thread-1] INFO  server.RaftServerConfigKeys (ConfUtils.java:logGet(43)) - raft.server.log.segment.size.max = 1048576 (custom)
2019-09-19 16:46:30,848 [pool-133-thread-1] INFO  server.RaftServerConfigKeys (ConfUtils.java:logGet(43)) - raft.server.log.segment.cache.num.max = 2 (custom)
2019-09-19 16:46:30,848 [pool-133-thread-1] INFO  segmented.SegmentedRaftLogWorker (SegmentedRaftLogWorker.java:<init>(172)) - new d91c2dc2-8109-44cd-8898-9a48e601c7ea-SegmentedRaftLogWorker:Storage Directory /workdir/hadoop-ozone/ozonefs/target/test-dir/MiniOzoneClusterImpl-d833ad47-c484-47cf-8e4a-958017684ee6/datanode-0/data/ratis/a14fb16f-a246-4843-8753-31ac628e5232 for RaftStorage:Storage Directory /workdir/hadoop-ozone/ozonefs/target/test-dir/MiniOzoneClusterImpl-d833ad47-c484-47cf-8e4a-958017684ee6/datanode-0/data/ratis/a14fb16f-a246-4843-8753-31ac628e5232
2019-09-19 16:46:30,848 [pool-133-thread-1] INFO  server.RaftServerConfigKeys (ConfUtils.java:logGet(43)) - raft.server.log.queue.byte-limit = 2147483647 (custom)
2019-09-19 16:46:30,849 [pool-133-thread-1] INFO  server.RaftServerConfigKeys (ConfUtils.java:logGet(43)) - raft.server.log.queue.element-limit = 1024 (custom)
2019-09-19 16:46:30,849 [pool-133-thread-1] INFO  server.RaftServerConfigKeys (ConfUtils.java:logGet(43)) - raft.server.log.segment.size.max = 1048576 (custom)
2019-09-19 16:46:30,849 [pool-133-thread-1] INFO  server.RaftServerConfigKeys (ConfUtils.java:logGet(43)) - raft.server.log.preallocated.size = 16384 (custom)
2019-09-19 16:46:30,849 [pool-133-thread-1] INFO  server.RaftServerConfigKeys (ConfUtils.java:logGet(43)) - raft.server.log.write.buffer.size = 33554432 (custom)
2019-09-19 16:46:30,849 [pool-133-thread-1] INFO  server.RaftServerConfigKeys (ConfUtils.java:logGet(43)) - raft.server.log.force.sync.num = 128 (default)
2019-09-19 16:46:30,849 [pool-133-thread-1] INFO  server.RaftServerConfigKeys (ConfUtils.java:logGet(43)) - raft.server.log.statemachine.data.sync = true (default)
2019-09-19 16:46:30,850 [pool-133-thread-1] INFO  server.RaftServerConfigKeys (ConfUtils.java:logGet(43)) - raft.server.log.statemachine.data.sync.timeout = 10s (default)
2019-09-19 16:46:30,850 [pool-133-thread-1] INFO  server.RaftServerConfigKeys (ConfUtils.java:logGet(43)) - raft.server.log.statemachine.data.sync.timeout.retry = -1 (default)
2019-09-19 16:46:30,850 [pool-133-thread-1] INFO  server.RaftServerConfigKeys (ConfUtils.java:logGet(43)) - raft.server.log.statemachine.data.caching.enabled = true (custom)
2019-09-19 16:46:30,850 [pool-133-thread-1] INFO  segmented.SegmentedRaftLogWorker (SegmentedRaftLogWorker.java:lambda$new$0(132)) - d91c2dc2-8109-44cd-8898-9a48e601c7ea-SegmentedRaftLogWorker:Storage Directory /workdir/hadoop-ozone/ozonefs/target/test-dir/MiniOzoneClusterImpl-d833ad47-c484-47cf-8e4a-958017684ee6/datanode-0/data/ratis/a14fb16f-a246-4843-8753-31ac628e5232: flushIndex: setUnconditionally 0 -> -1
2019-09-19 16:46:30,851 [pool-133-thread-1] INFO  server.RaftServerConfigKeys (ConfUtils.java:logGet(43)) - raft.server.snapshot.auto.trigger.enabled = true (custom)
2019-09-19 16:46:30,851 [pool-133-thread-1] INFO  server.RaftServerConfigKeys (ConfUtils.java:logGet(43)) - raft.server.snapshot.auto.trigger.threshold = 10000 (custom)
2019-09-19 16:46:30,851 [pool-133-thread-1] INFO  server.RaftServerConfigKeys (ConfUtils.java:logGet(43)) - raft.server.retrycache.expirytime = 600000ms (custom)
2019-09-19 16:46:30,851 [pool-133-thread-1] INFO  impl.RaftServerImpl (RaftServerImpl.java:start(180)) - d91c2dc2-8109-44cd-8898-9a48e601c7ea: start group-31AC628E5232
2019-09-19 16:46:30,851 [pool-133-thread-1] INFO  impl.RaftServerImpl (RaftServerImpl.java:setRole(171)) - d91c2dc2-8109-44cd-8898-9a48e601c7ea:group-31AC628E5232 changes role from null to FOLLOWER at term 0 for startAsFollower
2019-09-19 16:46:30,852 [pool-133-thread-1] INFO  impl.RoleInfo (RoleInfo.java:updateAndGet(143)) - d91c2dc2-8109-44cd-8898-9a48e601c7ea: start FollowerState
2019-09-19 16:46:30,856 [pool-133-thread-1] INFO  util.JmxRegister (JmxRegister.java:tryRegister(44)) - Successfully registered JMX Bean with object name Ratis:service=RaftServer,group=group-31AC628E5232,id=d91c2dc2-8109-44cd-8898-9a48e601c7ea
2019-09-19 16:46:30,867 [RatisPipelineUtilsThread] INFO  pipeline.PipelineStateManager (PipelineStateManager.java:addPipeline(56)) - Created pipeline Pipeline[ Id: a14fb16f-a246-4843-8753-31ac628e5232, Nodes: d91c2dc2-8109-44cd-8898-9a48e601c7ea{ip: 192.168.157.226, host: pr-hdds-1569-swxfz-3172132826, networkLocation: /default-rack, certSerialId: null}, Type:RATIS, Factor:ONE, State:OPEN]
2019-09-19 16:46:30,873 [grpc-default-executor-0] INFO  impl.RaftServerProxy (RaftServerProxy.java:addNew(89)) - d91c2dc2-8109-44cd-8898-9a48e601c7ea: addNew group-9A7CE0ECDECA:[d91c2dc2-8109-44cd-8898-9a48e601c7ea:192.168.157.226:44439] returns group-9A7CE0ECDECA:java.util.concurrent.CompletableFuture@65cb3201[Not completed]
2019-09-19 16:46:30,874 [pool-133-thread-1] INFO  impl.RaftServerImpl (RaftServerImpl.java:<init>(93)) - d91c2dc2-8109-44cd-8898-9a48e601c7ea: new RaftServerImpl for group-9A7CE0ECDECA:[d91c2dc2-8109-44cd-8898-9a48e601c7ea:192.168.157.226:44439] with ContainerStateMachine:uninitialized
2019-09-19 16:46:30,874 [pool-133-thread-1] INFO  server.RaftServerConfigKeys (ConfUtils.java:logGet(43)) - raft.server.rpc.timeout.min = 5s (custom)
2019-09-19 16:46:30,874 [pool-133-thread-1] INFO  server.RaftServerConfigKeys (ConfUtils.java:logGet(43)) - raft.server.rpc.timeout.max = 5200ms (custom)
2019-09-19 16:46:30,875 [pool-133-thread-1] INFO  server.RaftServerConfigKeys (ConfUtils.java:logGet(43)) - raft.server.rpcslowness.timeout = 120s (custom)
2019-09-19 16:46:30,875 [pool-133-thread-1] INFO  server.RaftServerConfigKeys (ConfUtils.java:logGet(43)) - raft.server.sleep.deviation.threshold = 300 (default)
2019-09-19 16:46:30,875 [pool-133-thread-1] INFO  server.RaftServerConfigKeys (ConfUtils.java:logGet(43)) - raft.server.log.appender.install.snapshot.enabled = false (custom)
2019-09-19 16:46:30,875 [pool-133-thread-1] INFO  impl.RaftServerImpl (ServerState.java:<init>(105)) - d91c2dc2-8109-44cd-8898-9a48e601c7ea:group-9A7CE0ECDECA ConfigurationManager, init=-1: [d91c2dc2-8109-44cd-8898-9a48e601c7ea:192.168.157.226:44439], old=null, confs=<EMPTY_MAP>
2019-09-19 16:46:30,875 [pool-133-thread-1] INFO  server.RaftServerConfigKeys (ConfUtils.java:logGet(43)) - raft.server.storage.dir = [/workdir/hadoop-ozone/ozonefs/target/test-dir/MiniOzoneClusterImpl-d833ad47-c484-47cf-8e4a-958017684ee6/datanode-0/data/ratis] (custom)
2019-09-19 16:46:30,875 [pool-133-thread-1] INFO  storage.RaftStorageDirectory (RaftStorageDirectory.java:analyzeStorage(246)) - The storage directory /workdir/hadoop-ozone/ozonefs/target/test-dir/MiniOzoneClusterImpl-d833ad47-c484-47cf-8e4a-958017684ee6/datanode-0/data/ratis/bda15921-daad-4c68-97aa-9a7ce0ecdeca does not exist. Creating ...
2019-09-19 16:46:30,888 [pool-133-thread-1] INFO  storage.RaftStorageDirectory (RaftStorageDirectory.java:tryLock(328)) - Lock on /workdir/hadoop-ozone/ozonefs/target/test-dir/MiniOzoneClusterImpl-d833ad47-c484-47cf-8e4a-958017684ee6/datanode-0/data/ratis/bda15921-daad-4c68-97aa-9a7ce0ecdeca/in_use.lock acquired by nodename 32682@pr-hdds-1569-swxfz-3172132826
2019-09-19 16:46:30,901 [pool-133-thread-1] INFO  storage.RaftStorage (RaftStorage.java:format(72)) - Storage directory /workdir/hadoop-ozone/ozonefs/target/test-dir/MiniOzoneClusterImpl-d833ad47-c484-47cf-8e4a-958017684ee6/datanode-0/data/ratis/bda15921-daad-4c68-97aa-9a7ce0ecdeca has been successfully formatted.
2019-09-19 16:46:30,901 [pool-133-thread-1] INFO  ratis.ContainerStateMachine (ContainerStateMachine.java:loadSnapshot(226)) - group-9A7CE0ECDECA: The snapshot info is null. Setting the last applied indexto:(t:0, i:~)
2019-09-19 16:46:30,902 [pool-133-thread-1] INFO  server.RaftServerConfigKeys (ConfUtils.java:logGet(43)) - raft.server.leader.election.timeout = 120s (custom)
2019-09-19 16:46:30,902 [pool-133-thread-1] INFO  server.RaftServerConfigKeys (ConfUtils.java:logGet(43)) - raft.server.log.use.memory = false (default)
2019-09-19 16:46:30,902 [pool-133-thread-1] INFO  server.RaftServerConfigKeys (ConfUtils.java:logGet(43)) - raft.server.log.purge.gap = 1000000 (custom)
2019-09-19 16:46:30,902 [pool-133-thread-1] INFO  server.RaftServerConfigKeys (ConfUtils.java:logGet(43)) - raft.server.log.appender.buffer.byte-limit = 33554432 (custom)
2019-09-19 16:46:30,902 [pool-133-thread-1] INFO  server.RaftServerConfigKeys (ConfUtils.java:logGet(43)) - raft.server.log.segment.size.max = 1048576 (custom)
2019-09-19 16:46:30,902 [pool-133-thread-1] INFO  server.RaftServerConfigKeys (ConfUtils.java:logGet(43)) - raft.server.log.segment.cache.num.max = 2 (custom)
2019-09-19 16:46:30,903 [pool-133-thread-1] INFO  segmented.SegmentedRaftLogWorker (SegmentedRaftLogWorker.java:<init>(172)) - new d91c2dc2-8109-44cd-8898-9a48e601c7ea-SegmentedRaftLogWorker:Storage Directory /workdir/hadoop-ozone/ozonefs/target/test-dir/MiniOzoneClusterImpl-d833ad47-c484-47cf-8e4a-958017684ee6/datanode-0/data/ratis/bda15921-daad-4c68-97aa-9a7ce0ecdeca for RaftStorage:Storage Directory /workdir/hadoop-ozone/ozonefs/target/test-dir/MiniOzoneClusterImpl-d833ad47-c484-47cf-8e4a-958017684ee6/datanode-0/data/ratis/bda15921-daad-4c68-97aa-9a7ce0ecdeca
2019-09-19 16:46:30,903 [pool-133-thread-1] INFO  server.RaftServerConfigKeys (ConfUtils.java:logGet(43)) - raft.server.log.queue.byte-limit = 2147483647 (custom)
2019-09-19 16:46:30,903 [pool-133-thread-1] INFO  server.RaftServerConfigKeys (ConfUtils.java:logGet(43)) - raft.server.log.queue.element-limit = 1024 (custom)
2019-09-19 16:46:30,903 [pool-133-thread-1] INFO  server.RaftServerConfigKeys (ConfUtils.java:logGet(43)) - raft.server.log.segment.size.max = 1048576 (custom)
2019-09-19 16:46:30,903 [pool-133-thread-1] INFO  server.RaftServerConfigKeys (ConfUtils.java:logGet(43)) - raft.server.log.preallocated.size = 16384 (custom)
2019-09-19 16:46:30,903 [pool-133-thread-1] INFO  server.RaftServerConfigKeys (ConfUtils.java:logGet(43)) - raft.server.log.write.buffer.size = 33554432 (custom)
2019-09-19 16:46:30,904 [pool-133-thread-1] INFO  server.RaftServerConfigKeys (ConfUtils.java:logGet(43)) - raft.server.log.force.sync.num = 128 (default)
2019-09-19 16:46:30,904 [pool-133-thread-1] INFO  server.RaftServerConfigKeys (ConfUtils.java:logGet(43)) - raft.server.log.statemachine.data.sync = true (default)
2019-09-19 16:46:30,904 [pool-133-thread-1] INFO  server.RaftServerConfigKeys (ConfUtils.java:logGet(43)) - raft.server.log.statemachine.data.sync.timeout = 10s (default)
2019-09-19 16:46:30,904 [pool-133-thread-1] INFO  server.RaftServerConfigKeys (ConfUtils.java:logGet(43)) - raft.server.log.statemachine.data.sync.timeout.retry = -1 (default)
2019-09-19 16:46:30,904 [pool-133-thread-1] INFO  server.RaftServerConfigKeys (ConfUtils.java:logGet(43)) - raft.server.log.statemachine.data.caching.enabled = true (custom)
2019-09-19 16:46:30,905 [pool-133-thread-1] INFO  segmented.SegmentedRaftLogWorker (SegmentedRaftLogWorker.java:lambda$new$0(132)) - d91c2dc2-8109-44cd-8898-9a48e601c7ea-SegmentedRaftLogWorker:Storage Directory /workdir/hadoop-ozone/ozonefs/target/test-dir/MiniOzoneClusterImpl-d833ad47-c484-47cf-8e4a-958017684ee6/datanode-0/data/ratis/bda15921-daad-4c68-97aa-9a7ce0ecdeca: flushIndex: setUnconditionally 0 -> -1
2019-09-19 16:46:30,905 [pool-133-thread-1] INFO  server.RaftServerConfigKeys (ConfUtils.java:logGet(43)) - raft.server.snapshot.auto.trigger.enabled = true (custom)
2019-09-19 16:46:30,905 [pool-133-thread-1] INFO  server.RaftServerConfigKeys (ConfUtils.java:logGet(43)) - raft.server.snapshot.auto.trigger.threshold = 10000 (custom)
2019-09-19 16:46:30,905 [pool-133-thread-1] INFO  server.RaftServerConfigKeys (ConfUtils.java:logGet(43)) - raft.server.retrycache.expirytime = 600000ms (custom)
2019-09-19 16:46:30,906 [pool-133-thread-1] INFO  impl.RaftServerImpl (RaftServerImpl.java:start(180)) - d91c2dc2-8109-44cd-8898-9a48e601c7ea: start group-9A7CE0ECDECA
2019-09-19 16:46:30,906 [pool-133-thread-1] INFO  impl.RaftServerImpl (RaftServerImpl.java:setRole(171)) - d91c2dc2-8109-44cd-8898-9a48e601c7ea:group-9A7CE0ECDECA changes role from null to FOLLOWER at term 0 for startAsFollower
2019-09-19 16:46:30,906 [pool-133-thread-1] INFO  impl.RoleInfo (RoleInfo.java:updateAndGet(143)) - d91c2dc2-8109-44cd-8898-9a48e601c7ea: start FollowerState
2019-09-19 16:46:30,906 [pool-133-thread-1] INFO  util.JmxRegister (JmxRegister.java:tryRegister(44)) - Successfully registered JMX Bean with object name Ratis:service=RaftServer,group=group-9A7CE0ECDECA,id=d91c2dc2-8109-44cd-8898-9a48e601c7ea
2019-09-19 16:46:30,910 [RatisPipelineUtilsThread] INFO  pipeline.PipelineStateManager (PipelineStateManager.java:addPipeline(56)) - Created pipeline Pipeline[ Id: bda15921-daad-4c68-97aa-9a7ce0ecdeca, Nodes: d91c2dc2-8109-44cd-8898-9a48e601c7ea{ip: 192.168.157.226, host: pr-hdds-1569-swxfz-3172132826, networkLocation: /default-rack, certSerialId: null}, Type:RATIS, Factor:ONE, State:OPEN]
2019-09-19 16:46:30,916 [grpc-default-executor-0] INFO  impl.RaftServerProxy (RaftServerProxy.java:addNew(89)) - d91c2dc2-8109-44cd-8898-9a48e601c7ea: addNew group-F156483E08D2:[d91c2dc2-8109-44cd-8898-9a48e601c7ea:192.168.157.226:44439] returns group-F156483E08D2:java.util.concurrent.CompletableFuture@11d34ceb[Not completed]
2019-09-19 16:46:30,918 [pool-133-thread-1] INFO  impl.RaftServerImpl (RaftServerImpl.java:<init>(93)) - d91c2dc2-8109-44cd-8898-9a48e601c7ea: new RaftServerImpl for group-F156483E08D2:[d91c2dc2-8109-44cd-8898-9a48e601c7ea:192.168.157.226:44439] with ContainerStateMachine:uninitialized
2019-09-19 16:46:30,918 [pool-133-thread-1] INFO  server.RaftServerConfigKeys (ConfUtils.java:logGet(43)) - raft.server.rpc.timeout.min = 5s (custom)
2019-09-19 16:46:30,918 [pool-133-thread-1] INFO  server.RaftServerConfigKeys (ConfUtils.java:logGet(43)) - raft.server.rpc.timeout.max = 5200ms (custom)
2019-09-19 16:46:30,918 [pool-133-thread-1] INFO  server.RaftServerConfigKeys (ConfUtils.java:logGet(43)) - raft.server.rpcslowness.timeout = 120s (custom)
2019-09-19 16:46:30,918 [pool-133-thread-1] INFO  server.RaftServerConfigKeys (ConfUtils.java:logGet(43)) - raft.server.sleep.deviation.threshold = 300 (default)
2019-09-19 16:46:30,918 [pool-133-thread-1] INFO  server.RaftServerConfigKeys (ConfUtils.java:logGet(43)) - raft.server.log.appender.install.snapshot.enabled = false (custom)
2019-09-19 16:46:30,918 [pool-133-thread-1] INFO  impl.RaftServerImpl (ServerState.java:<init>(105)) - d91c2dc2-8109-44cd-8898-9a48e601c7ea:group-F156483E08D2 ConfigurationManager, init=-1: [d91c2dc2-8109-44cd-8898-9a48e601c7ea:192.168.157.226:44439], old=null, confs=<EMPTY_MAP>
2019-09-19 16:46:30,919 [pool-133-thread-1] INFO  server.RaftServerConfigKeys (ConfUtils.java:logGet(43)) - raft.server.storage.dir = [/workdir/hadoop-ozone/ozonefs/target/test-dir/MiniOzoneClusterImpl-d833ad47-c484-47cf-8e4a-958017684ee6/datanode-0/data/ratis] (custom)
2019-09-19 16:46:30,919 [pool-133-thread-1] INFO  storage.RaftStorageDirectory (RaftStorageDirectory.java:analyzeStorage(246)) - The storage directory /workdir/hadoop-ozone/ozonefs/target/test-dir/MiniOzoneClusterImpl-d833ad47-c484-47cf-8e4a-958017684ee6/datanode-0/data/ratis/027f1536-72ca-43a4-ab0a-f156483e08d2 does not exist. Creating ...
2019-09-19 16:46:30,931 [pool-133-thread-1] INFO  storage.RaftStorageDirectory (RaftStorageDirectory.java:tryLock(328)) - Lock on /workdir/hadoop-ozone/ozonefs/target/test-dir/MiniOzoneClusterImpl-d833ad47-c484-47cf-8e4a-958017684ee6/datanode-0/data/ratis/027f1536-72ca-43a4-ab0a-f156483e08d2/in_use.lock acquired by nodename 32682@pr-hdds-1569-swxfz-3172132826
2019-09-19 16:46:30,944 [pool-133-thread-1] INFO  storage.RaftStorage (RaftStorage.java:format(72)) - Storage directory /workdir/hadoop-ozone/ozonefs/target/test-dir/MiniOzoneClusterImpl-d833ad47-c484-47cf-8e4a-958017684ee6/datanode-0/data/ratis/027f1536-72ca-43a4-ab0a-f156483e08d2 has been successfully formatted.
2019-09-19 16:46:30,944 [pool-133-thread-1] INFO  ratis.ContainerStateMachine (ContainerStateMachine.java:loadSnapshot(226)) - group-F156483E08D2: The snapshot info is null. Setting the last applied indexto:(t:0, i:~)
2019-09-19 16:46:30,944 [pool-133-thread-1] INFO  server.RaftServerConfigKeys (ConfUtils.java:logGet(43)) - raft.server.leader.election.timeout = 120s (custom)
2019-09-19 16:46:30,944 [pool-133-thread-1] INFO  server.RaftServerConfigKeys (ConfUtils.java:logGet(43)) - raft.server.log.use.memory = false (default)
2019-09-19 16:46:30,944 [pool-133-thread-1] INFO  server.RaftServerConfigKeys (ConfUtils.java:logGet(43)) - raft.server.log.purge.gap = 1000000 (custom)
2019-09-19 16:46:30,945 [pool-133-thread-1] INFO  server.RaftServerConfigKeys (ConfUtils.java:logGet(43)) - raft.server.log.appender.buffer.byte-limit = 33554432 (custom)
2019-09-19 16:46:30,945 [pool-133-thread-1] INFO  server.RaftServerConfigKeys (ConfUtils.java:logGet(43)) - raft.server.log.segment.size.max = 1048576 (custom)
2019-09-19 16:46:30,945 [pool-133-thread-1] INFO  server.RaftServerConfigKeys (ConfUtils.java:logGet(43)) - raft.server.log.segment.cache.num.max = 2 (custom)
2019-09-19 16:46:30,945 [pool-133-thread-1] INFO  segmented.SegmentedRaftLogWorker (SegmentedRaftLogWorker.java:<init>(172)) - new d91c2dc2-8109-44cd-8898-9a48e601c7ea-SegmentedRaftLogWorker:Storage Directory /workdir/hadoop-ozone/ozonefs/target/test-dir/MiniOzoneClusterImpl-d833ad47-c484-47cf-8e4a-958017684ee6/datanode-0/data/ratis/027f1536-72ca-43a4-ab0a-f156483e08d2 for RaftStorage:Storage Directory /workdir/hadoop-ozone/ozonefs/target/test-dir/MiniOzoneClusterImpl-d833ad47-c484-47cf-8e4a-958017684ee6/datanode-0/data/ratis/027f1536-72ca-43a4-ab0a-f156483e08d2
2019-09-19 16:46:30,945 [pool-133-thread-1] INFO  server.RaftServerConfigKeys (ConfUtils.java:logGet(43)) - raft.server.log.queue.byte-limit = 2147483647 (custom)
2019-09-19 16:46:30,945 [pool-133-thread-1] INFO  server.RaftServerConfigKeys (ConfUtils.java:logGet(43)) - raft.server.log.queue.element-limit = 1024 (custom)
2019-09-19 16:46:30,945 [pool-133-thread-1] INFO  server.RaftServerConfigKeys (ConfUtils.java:logGet(43)) - raft.server.log.segment.size.max = 1048576 (custom)
2019-09-19 16:46:30,946 [pool-133-thread-1] INFO  server.RaftServerConfigKeys (ConfUtils.java:logGet(43)) - raft.server.log.preallocated.size = 16384 (custom)
2019-09-19 16:46:30,946 [pool-133-thread-1] INFO  server.RaftServerConfigKeys (ConfUtils.java:logGet(43)) - raft.server.log.write.buffer.size = 33554432 (custom)
2019-09-19 16:46:30,946 [pool-133-thread-1] INFO  server.RaftServerConfigKeys (ConfUtils.java:logGet(43)) - raft.server.log.force.sync.num = 128 (default)
2019-09-19 16:46:30,946 [pool-133-thread-1] INFO  server.RaftServerConfigKeys (ConfUtils.java:logGet(43)) - raft.server.log.statemachine.data.sync = true (default)
2019-09-19 16:46:30,946 [pool-133-thread-1] INFO  server.RaftServerConfigKeys (ConfUtils.java:logGet(43)) - raft.server.log.statemachine.data.sync.timeout = 10s (default)
2019-09-19 16:46:30,946 [pool-133-thread-1] INFO  server.RaftServerConfigKeys (ConfUtils.java:logGet(43)) - raft.server.log.statemachine.data.sync.timeout.retry = -1 (default)
2019-09-19 16:46:30,946 [pool-133-thread-1] INFO  server.RaftServerConfigKeys (ConfUtils.java:logGet(43)) - raft.server.log.statemachine.data.caching.enabled = true (custom)
2019-09-19 16:46:30,947 [pool-133-thread-1] INFO  segmented.SegmentedRaftLogWorker (SegmentedRaftLogWorker.java:lambda$new$0(132)) - d91c2dc2-8109-44cd-8898-9a48e601c7ea-SegmentedRaftLogWorker:Storage Directory /workdir/hadoop-ozone/ozonefs/target/test-dir/MiniOzoneClusterImpl-d833ad47-c484-47cf-8e4a-958017684ee6/datanode-0/data/ratis/027f1536-72ca-43a4-ab0a-f156483e08d2: flushIndex: setUnconditionally 0 -> -1
2019-09-19 16:46:30,947 [pool-133-thread-1] INFO  server.RaftServerConfigKeys (ConfUtils.java:logGet(43)) - raft.server.snapshot.auto.trigger.enabled = true (custom)
2019-09-19 16:46:30,947 [pool-133-thread-1] INFO  server.RaftServerConfigKeys (ConfUtils.java:logGet(43)) - raft.server.snapshot.auto.trigger.threshold = 10000 (custom)
2019-09-19 16:46:30,947 [pool-133-thread-1] INFO  server.RaftServerConfigKeys (ConfUtils.java:logGet(43)) - raft.server.retrycache.expirytime = 600000ms (custom)
2019-09-19 16:46:30,947 [pool-133-thread-1] INFO  impl.RaftServerImpl (RaftServerImpl.java:start(180)) - d91c2dc2-8109-44cd-8898-9a48e601c7ea: start group-F156483E08D2
2019-09-19 16:46:30,948 [pool-133-thread-1] INFO  impl.RaftServerImpl (RaftServerImpl.java:setRole(171)) - d91c2dc2-8109-44cd-8898-9a48e601c7ea:group-F156483E08D2 changes role from null to FOLLOWER at term 0 for startAsFollower
2019-09-19 16:46:30,948 [pool-133-thread-1] INFO  impl.RoleInfo (RoleInfo.java:updateAndGet(143)) - d91c2dc2-8109-44cd-8898-9a48e601c7ea: start FollowerState
2019-09-19 16:46:30,948 [pool-133-thread-1] INFO  util.JmxRegister (JmxRegister.java:tryRegister(44)) - Successfully registered JMX Bean with object name Ratis:service=RaftServer,group=group-F156483E08D2,id=d91c2dc2-8109-44cd-8898-9a48e601c7ea
2019-09-19 16:46:30,951 [RatisPipelineUtilsThread] INFO  pipeline.PipelineStateManager (PipelineStateManager.java:addPipeline(56)) - Created pipeline Pipeline[ Id: 027f1536-72ca-43a4-ab0a-f156483e08d2, Nodes: d91c2dc2-8109-44cd-8898-9a48e601c7ea{ip: 192.168.157.226, host: pr-hdds-1569-swxfz-3172132826, networkLocation: /default-rack, certSerialId: null}, Type:RATIS, Factor:ONE, State:OPEN]
2019-09-19 16:46:30,951 [RatisPipelineUtilsThread] ERROR pipeline.PipelinePlacementPolicy (PipelinePlacementPolicy.java:meetCriteria(91)) - Pipeline Placement: Doesn't meet the criteria to be viable node. Heaviness: 6
2019-09-19 16:46:30,960 [grpc-default-executor-0] INFO  impl.RaftServerProxy (RaftServerProxy.java:addNew(89)) - 964d8c59-381b-467e-aacd-b99a6c520c67: addNew group-B1CB96C7EA83:[964d8c59-381b-467e-aacd-b99a6c520c67:192.168.157.226:32835] returns group-B1CB96C7EA83:java.util.concurrent.CompletableFuture@5e7f5a43[Not completed]
2019-09-19 16:46:30,961 [pool-144-thread-1] INFO  impl.RaftServerImpl (RaftServerImpl.java:<init>(93)) - 964d8c59-381b-467e-aacd-b99a6c520c67: new RaftServerImpl for group-B1CB96C7EA83:[964d8c59-381b-467e-aacd-b99a6c520c67:192.168.157.226:32835] with ContainerStateMachine:uninitialized
2019-09-19 16:46:30,961 [pool-144-thread-1] INFO  server.RaftServerConfigKeys (ConfUtils.java:logGet(43)) - raft.server.rpc.timeout.min = 5s (custom)
2019-09-19 16:46:30,961 [pool-144-thread-1] INFO  server.RaftServerConfigKeys (ConfUtils.java:logGet(43)) - raft.server.rpc.timeout.max = 5200ms (custom)
2019-09-19 16:46:30,961 [pool-144-thread-1] INFO  server.RaftServerConfigKeys (ConfUtils.java:logGet(43)) - raft.server.rpcslowness.timeout = 120s (custom)
2019-09-19 16:46:30,962 [pool-144-thread-1] INFO  server.RaftServerConfigKeys (ConfUtils.java:logGet(43)) - raft.server.sleep.deviation.threshold = 300 (default)
2019-09-19 16:46:30,962 [pool-144-thread-1] INFO  server.RaftServerConfigKeys (ConfUtils.java:logGet(43)) - raft.server.log.appender.install.snapshot.enabled = false (custom)
2019-09-19 16:46:30,962 [pool-144-thread-1] INFO  impl.RaftServerImpl (ServerState.java:<init>(105)) - 964d8c59-381b-467e-aacd-b99a6c520c67:group-B1CB96C7EA83 ConfigurationManager, init=-1: [964d8c59-381b-467e-aacd-b99a6c520c67:192.168.157.226:32835], old=null, confs=<EMPTY_MAP>
2019-09-19 16:46:30,962 [pool-144-thread-1] INFO  server.RaftServerConfigKeys (ConfUtils.java:logGet(43)) - raft.server.storage.dir = [/workdir/hadoop-ozone/ozonefs/target/test-dir/MiniOzoneClusterImpl-d833ad47-c484-47cf-8e4a-958017684ee6/datanode-1/data/ratis] (custom)
2019-09-19 16:46:30,962 [pool-144-thread-1] INFO  storage.RaftStorageDirectory (RaftStorageDirectory.java:analyzeStorage(246)) - The storage directory /workdir/hadoop-ozone/ozonefs/target/test-dir/MiniOzoneClusterImpl-d833ad47-c484-47cf-8e4a-958017684ee6/datanode-1/data/ratis/e384bb25-70b9-4b1e-97cd-b1cb96c7ea83 does not exist. Creating ...
2019-09-19 16:46:30,989 [pool-144-thread-1] INFO  storage.RaftStorageDirectory (RaftStorageDirectory.java:tryLock(328)) - Lock on /workdir/hadoop-ozone/ozonefs/target/test-dir/MiniOzoneClusterImpl-d833ad47-c484-47cf-8e4a-958017684ee6/datanode-1/data/ratis/e384bb25-70b9-4b1e-97cd-b1cb96c7ea83/in_use.lock acquired by nodename 32682@pr-hdds-1569-swxfz-3172132826
2019-09-19 16:46:31,003 [pool-144-thread-1] INFO  storage.RaftStorage (RaftStorage.java:format(72)) - Storage directory /workdir/hadoop-ozone/ozonefs/target/test-dir/MiniOzoneClusterImpl-d833ad47-c484-47cf-8e4a-958017684ee6/datanode-1/data/ratis/e384bb25-70b9-4b1e-97cd-b1cb96c7ea83 has been successfully formatted.
2019-09-19 16:46:31,003 [pool-144-thread-1] INFO  ratis.ContainerStateMachine (ContainerStateMachine.java:loadSnapshot(226)) - group-B1CB96C7EA83: The snapshot info is null. Setting the last applied indexto:(t:0, i:~)
2019-09-19 16:46:31,003 [pool-144-thread-1] INFO  server.RaftServerConfigKeys (ConfUtils.java:logGet(43)) - raft.server.leader.election.timeout = 120s (custom)
2019-09-19 16:46:31,004 [pool-144-thread-1] INFO  server.RaftServerConfigKeys (ConfUtils.java:logGet(43)) - raft.server.log.use.memory = false (default)
2019-09-19 16:46:31,004 [pool-144-thread-1] INFO  server.RaftServerConfigKeys (ConfUtils.java:logGet(43)) - raft.server.log.purge.gap = 1000000 (custom)
2019-09-19 16:46:31,004 [pool-144-thread-1] INFO  server.RaftServerConfigKeys (ConfUtils.java:logGet(43)) - raft.server.log.appender.buffer.byte-limit = 33554432 (custom)
2019-09-19 16:46:31,004 [pool-144-thread-1] INFO  server.RaftServerConfigKeys (ConfUtils.java:logGet(43)) - raft.server.log.segment.size.max = 1048576 (custom)
2019-09-19 16:46:31,004 [pool-144-thread-1] INFO  server.RaftServerConfigKeys (ConfUtils.java:logGet(43)) - raft.server.log.segment.cache.num.max = 2 (custom)
2019-09-19 16:46:31,005 [pool-144-thread-1] INFO  segmented.SegmentedRaftLogWorker (SegmentedRaftLogWorker.java:<init>(172)) - new 964d8c59-381b-467e-aacd-b99a6c520c67-SegmentedRaftLogWorker:Storage Directory /workdir/hadoop-ozone/ozonefs/target/test-dir/MiniOzoneClusterImpl-d833ad47-c484-47cf-8e4a-958017684ee6/datanode-1/data/ratis/e384bb25-70b9-4b1e-97cd-b1cb96c7ea83 for RaftStorage:Storage Directory /workdir/hadoop-ozone/ozonefs/target/test-dir/MiniOzoneClusterImpl-d833ad47-c484-47cf-8e4a-958017684ee6/datanode-1/data/ratis/e384bb25-70b9-4b1e-97cd-b1cb96c7ea83
2019-09-19 16:46:31,005 [pool-144-thread-1] INFO  server.RaftServerConfigKeys (ConfUtils.java:logGet(43)) - raft.server.log.queue.byte-limit = 2147483647 (custom)
2019-09-19 16:46:31,005 [pool-144-thread-1] INFO  server.RaftServerConfigKeys (ConfUtils.java:logGet(43)) - raft.server.log.queue.element-limit = 1024 (custom)
2019-09-19 16:46:31,005 [pool-144-thread-1] INFO  server.RaftServerConfigKeys (ConfUtils.java:logGet(43)) - raft.server.log.segment.size.max = 1048576 (custom)
2019-09-19 16:46:31,006 [pool-144-thread-1] INFO  server.RaftServerConfigKeys (ConfUtils.java:logGet(43)) - raft.server.log.preallocated.size = 16384 (custom)
2019-09-19 16:46:31,006 [pool-144-thread-1] INFO  server.RaftServerConfigKeys (ConfUtils.java:logGet(43)) - raft.server.log.write.buffer.size = 33554432 (custom)
2019-09-19 16:46:31,006 [pool-144-thread-1] INFO  server.RaftServerConfigKeys (ConfUtils.java:logGet(43)) - raft.server.log.force.sync.num = 128 (default)
2019-09-19 16:46:31,006 [pool-144-thread-1] INFO  server.RaftServerConfigKeys (ConfUtils.java:logGet(43)) - raft.server.log.statemachine.data.sync = true (default)
2019-09-19 16:46:31,006 [pool-144-thread-1] INFO  server.RaftServerConfigKeys (ConfUtils.java:logGet(43)) - raft.server.log.statemachine.data.sync.timeout = 10s (default)
2019-09-19 16:46:31,006 [pool-144-thread-1] INFO  server.RaftServerConfigKeys (ConfUtils.java:logGet(43)) - raft.server.log.statemachine.data.sync.timeout.retry = -1 (default)
2019-09-19 16:46:31,007 [pool-144-thread-1] INFO  server.RaftServerConfigKeys (ConfUtils.java:logGet(43)) - raft.server.log.statemachine.data.caching.enabled = true (custom)
2019-09-19 16:46:31,007 [pool-144-thread-1] INFO  segmented.SegmentedRaftLogWorker (SegmentedRaftLogWorker.java:lambda$new$0(132)) - 964d8c59-381b-467e-aacd-b99a6c520c67-SegmentedRaftLogWorker:Storage Directory /workdir/hadoop-ozone/ozonefs/target/test-dir/MiniOzoneClusterImpl-d833ad47-c484-47cf-8e4a-958017684ee6/datanode-1/data/ratis/e384bb25-70b9-4b1e-97cd-b1cb96c7ea83: flushIndex: setUnconditionally 0 -> -1
2019-09-19 16:46:31,008 [pool-144-thread-1] INFO  server.RaftServerConfigKeys (ConfUtils.java:logGet(43)) - raft.server.snapshot.auto.trigger.enabled = true (custom)
2019-09-19 16:46:31,008 [pool-144-thread-1] INFO  server.RaftServerConfigKeys (ConfUtils.java:logGet(43)) - raft.server.snapshot.auto.trigger.threshold = 10000 (custom)
2019-09-19 16:46:31,008 [pool-144-thread-1] INFO  server.RaftServerConfigKeys (ConfUtils.java:logGet(43)) - raft.server.retrycache.expirytime = 600000ms (custom)
2019-09-19 16:46:31,009 [pool-144-thread-1] INFO  impl.RaftServerImpl (RaftServerImpl.java:start(180)) - 964d8c59-381b-467e-aacd-b99a6c520c67: start group-B1CB96C7EA83
2019-09-19 16:46:31,009 [pool-144-thread-1] INFO  impl.RaftServerImpl (RaftServerImpl.java:setRole(171)) - 964d8c59-381b-467e-aacd-b99a6c520c67:group-B1CB96C7EA83 changes role from null to FOLLOWER at term 0 for startAsFollower
2019-09-19 16:46:31,009 [pool-144-thread-1] INFO  impl.RoleInfo (RoleInfo.java:updateAndGet(143)) - 964d8c59-381b-467e-aacd-b99a6c520c67: start FollowerState
2019-09-19 16:46:31,010 [pool-144-thread-1] INFO  util.JmxRegister (JmxRegister.java:tryRegister(44)) - Successfully registered JMX Bean with object name Ratis:service=RaftServer,group=group-B1CB96C7EA83,id=964d8c59-381b-467e-aacd-b99a6c520c67
2019-09-19 16:46:31,014 [RatisPipelineUtilsThread] INFO  pipeline.PipelineStateManager (PipelineStateManager.java:addPipeline(56)) - Created pipeline Pipeline[ Id: e384bb25-70b9-4b1e-97cd-b1cb96c7ea83, Nodes: 964d8c59-381b-467e-aacd-b99a6c520c67{ip: 192.168.157.226, host: pr-hdds-1569-swxfz-3172132826, networkLocation: /default-rack, certSerialId: null}, Type:RATIS, Factor:ONE, State:OPEN]
2019-09-19 16:46:31,014 [RatisPipelineUtilsThread] ERROR pipeline.PipelinePlacementPolicy (PipelinePlacementPolicy.java:meetCriteria(91)) - Pipeline Placement: Doesn't meet the criteria to be viable node. Heaviness: 6
2019-09-19 16:46:31,021 [grpc-default-executor-0] INFO  impl.RaftServerProxy (RaftServerProxy.java:addNew(89)) - 964d8c59-381b-467e-aacd-b99a6c520c67: addNew group-79239889EA20:[964d8c59-381b-467e-aacd-b99a6c520c67:192.168.157.226:32835] returns group-79239889EA20:java.util.concurrent.CompletableFuture@480d5e4f[Not completed]
2019-09-19 16:46:31,022 [pool-144-thread-1] INFO  impl.RaftServerImpl (RaftServerImpl.java:<init>(93)) - 964d8c59-381b-467e-aacd-b99a6c520c67: new RaftServerImpl for group-79239889EA20:[964d8c59-381b-467e-aacd-b99a6c520c67:192.168.157.226:32835] with ContainerStateMachine:uninitialized
2019-09-19 16:46:31,022 [pool-144-thread-1] INFO  server.RaftServerConfigKeys (ConfUtils.java:logGet(43)) - raft.server.rpc.timeout.min = 5s (custom)
2019-09-19 16:46:31,023 [pool-144-thread-1] INFO  server.RaftServerConfigKeys (ConfUtils.java:logGet(43)) - raft.server.rpc.timeout.max = 5200ms (custom)
2019-09-19 16:46:31,023 [pool-144-thread-1] INFO  server.RaftServerConfigKeys (ConfUtils.java:logGet(43)) - raft.server.rpcslowness.timeout = 120s (custom)
2019-09-19 16:46:31,023 [pool-144-thread-1] INFO  server.RaftServerConfigKeys (ConfUtils.java:logGet(43)) - raft.server.sleep.deviation.threshold = 300 (default)
2019-09-19 16:46:31,023 [pool-144-thread-1] INFO  server.RaftServerConfigKeys (ConfUtils.java:logGet(43)) - raft.server.log.appender.install.snapshot.enabled = false (custom)
2019-09-19 16:46:31,023 [pool-144-thread-1] INFO  impl.RaftServerImpl (ServerState.java:<init>(105)) - 964d8c59-381b-467e-aacd-b99a6c520c67:group-79239889EA20 ConfigurationManager, init=-1: [964d8c59-381b-467e-aacd-b99a6c520c67:192.168.157.226:32835], old=null, confs=<EMPTY_MAP>
2019-09-19 16:46:31,023 [pool-144-thread-1] INFO  server.RaftServerConfigKeys (ConfUtils.java:logGet(43)) - raft.server.storage.dir = [/workdir/hadoop-ozone/ozonefs/target/test-dir/MiniOzoneClusterImpl-d833ad47-c484-47cf-8e4a-958017684ee6/datanode-1/data/ratis] (custom)
2019-09-19 16:46:31,024 [pool-144-thread-1] INFO  storage.RaftStorageDirectory (RaftStorageDirectory.java:analyzeStorage(246)) - The storage directory /workdir/hadoop-ozone/ozonefs/target/test-dir/MiniOzoneClusterImpl-d833ad47-c484-47cf-8e4a-958017684ee6/datanode-1/data/ratis/950fa110-9fe5-4aaa-a82a-79239889ea20 does not exist. Creating ...
2019-09-19 16:46:31,037 [pool-144-thread-1] INFO  storage.RaftStorageDirectory (RaftStorageDirectory.java:tryLock(328)) - Lock on /workdir/hadoop-ozone/ozonefs/target/test-dir/MiniOzoneClusterImpl-d833ad47-c484-47cf-8e4a-958017684ee6/datanode-1/data/ratis/950fa110-9fe5-4aaa-a82a-79239889ea20/in_use.lock acquired by nodename 32682@pr-hdds-1569-swxfz-3172132826
2019-09-19 16:46:31,040 [Thread-530] INFO  ozone.MiniOzoneClusterImpl (MiniOzoneClusterImpl.java:lambda$waitForClusterToBeReady$0(142)) - Waiting for cluster to be ready. Got 2 of 3 DN Heartbeats.
2019-09-19 16:46:31,041 [IPC Server handler 1 on 35058] INFO  net.NetworkTopology (NetworkTopologyImpl.java:add(110)) - Added a new node: /default-rack/5a43fd14-5c4d-4177-84d0-63947bd71be7
2019-09-19 16:46:31,041 [IPC Server handler 1 on 35058] INFO  node.SCMNodeManager (SCMNodeManager.java:register(273)) - Registered Data node : 5a43fd14-5c4d-4177-84d0-63947bd71be7{ip: 192.168.157.226, host: pr-hdds-1569-swxfz-3172132826, networkLocation: /default-rack, certSerialId: null}
2019-09-19 16:46:31,042 | INFO  | SCMAudit | user=jenkins1000 | ip=192.168.157.226 | op=REGISTER {datanodeDetails=5a43fd14-5c4d-4177-84d0-63947bd71be7{ip: 192.168.157.226, host: pr-hdds-1569-swxfz-3172132826, networkLocation: /default-rack, certSerialId: null}} | ret=SUCCESS |  
2019-09-19 16:46:31,049 [pool-144-thread-1] INFO  storage.RaftStorage (RaftStorage.java:format(72)) - Storage directory /workdir/hadoop-ozone/ozonefs/target/test-dir/MiniOzoneClusterImpl-d833ad47-c484-47cf-8e4a-958017684ee6/datanode-1/data/ratis/950fa110-9fe5-4aaa-a82a-79239889ea20 has been successfully formatted.
2019-09-19 16:46:31,050 [pool-144-thread-1] INFO  ratis.ContainerStateMachine (ContainerStateMachine.java:loadSnapshot(226)) - group-79239889EA20: The snapshot info is null. Setting the last applied indexto:(t:0, i:~)
2019-09-19 16:46:31,050 [pool-144-thread-1] INFO  server.RaftServerConfigKeys (ConfUtils.java:logGet(43)) - raft.server.leader.election.timeout = 120s (custom)
2019-09-19 16:46:31,050 [pool-144-thread-1] INFO  server.RaftServerConfigKeys (ConfUtils.java:logGet(43)) - raft.server.log.use.memory = false (default)
2019-09-19 16:46:31,050 [pool-144-thread-1] INFO  server.RaftServerConfigKeys (ConfUtils.java:logGet(43)) - raft.server.log.purge.gap = 1000000 (custom)
2019-09-19 16:46:31,050 [pool-144-thread-1] INFO  server.RaftServerConfigKeys (ConfUtils.java:logGet(43)) - raft.server.log.appender.buffer.byte-limit = 33554432 (custom)
2019-09-19 16:46:31,050 [pool-144-thread-1] INFO  server.RaftServerConfigKeys (ConfUtils.java:logGet(43)) - raft.server.log.segment.size.max = 1048576 (custom)
2019-09-19 16:46:31,050 [pool-144-thread-1] INFO  server.RaftServerConfigKeys (ConfUtils.java:logGet(43)) - raft.server.log.segment.cache.num.max = 2 (custom)
2019-09-19 16:46:31,051 [pool-144-thread-1] INFO  segmented.SegmentedRaftLogWorker (SegmentedRaftLogWorker.java:<init>(172)) - new 964d8c59-381b-467e-aacd-b99a6c520c67-SegmentedRaftLogWorker:Storage Directory /workdir/hadoop-ozone/ozonefs/target/test-dir/MiniOzoneClusterImpl-d833ad47-c484-47cf-8e4a-958017684ee6/datanode-1/data/ratis/950fa110-9fe5-4aaa-a82a-79239889ea20 for RaftStorage:Storage Directory /workdir/hadoop-ozone/ozonefs/target/test-dir/MiniOzoneClusterImpl-d833ad47-c484-47cf-8e4a-958017684ee6/datanode-1/data/ratis/950fa110-9fe5-4aaa-a82a-79239889ea20
2019-09-19 16:46:31,051 [pool-144-thread-1] INFO  server.RaftServerConfigKeys (ConfUtils.java:logGet(43)) - raft.server.log.queue.byte-limit = 2147483647 (custom)
2019-09-19 16:46:31,051 [pool-144-thread-1] INFO  server.RaftServerConfigKeys (ConfUtils.java:logGet(43)) - raft.server.log.queue.element-limit = 1024 (custom)
2019-09-19 16:46:31,051 [pool-144-thread-1] INFO  server.RaftServerConfigKeys (ConfUtils.java:logGet(43)) - raft.server.log.segment.size.max = 1048576 (custom)
2019-09-19 16:46:31,051 [pool-144-thread-1] INFO  server.RaftServerConfigKeys (ConfUtils.java:logGet(43)) - raft.server.log.preallocated.size = 16384 (custom)
2019-09-19 16:46:31,051 [pool-144-thread-1] INFO  server.RaftServerConfigKeys (ConfUtils.java:logGet(43)) - raft.server.log.write.buffer.size = 33554432 (custom)
2019-09-19 16:46:31,051 [pool-144-thread-1] INFO  server.RaftServerConfigKeys (ConfUtils.java:logGet(43)) - raft.server.log.force.sync.num = 128 (default)
2019-09-19 16:46:31,052 [pool-144-thread-1] INFO  server.RaftServerConfigKeys (ConfUtils.java:logGet(43)) - raft.server.log.statemachine.data.sync = true (default)
2019-09-19 16:46:31,052 [pool-144-thread-1] INFO  server.RaftServerConfigKeys (ConfUtils.java:logGet(43)) - raft.server.log.statemachine.data.sync.timeout = 10s (default)
2019-09-19 16:46:31,052 [pool-144-thread-1] INFO  server.RaftServerConfigKeys (ConfUtils.java:logGet(43)) - raft.server.log.statemachine.data.sync.timeout.retry = -1 (default)
2019-09-19 16:46:31,052 [pool-144-thread-1] INFO  server.RaftServerConfigKeys (ConfUtils.java:logGet(43)) - raft.server.log.statemachine.data.caching.enabled = true (custom)
2019-09-19 16:46:31,052 [pool-144-thread-1] INFO  segmented.SegmentedRaftLogWorker (SegmentedRaftLogWorker.java:lambda$new$0(132)) - 964d8c59-381b-467e-aacd-b99a6c520c67-SegmentedRaftLogWorker:Storage Directory /workdir/hadoop-ozone/ozonefs/target/test-dir/MiniOzoneClusterImpl-d833ad47-c484-47cf-8e4a-958017684ee6/datanode-1/data/ratis/950fa110-9fe5-4aaa-a82a-79239889ea20: flushIndex: setUnconditionally 0 -> -1
2019-09-19 16:46:31,053 [pool-144-thread-1] INFO  server.RaftServerConfigKeys (ConfUtils.java:logGet(43)) - raft.server.snapshot.auto.trigger.enabled = true (custom)
2019-09-19 16:46:31,053 [pool-144-thread-1] INFO  server.RaftServerConfigKeys (ConfUtils.java:logGet(43)) - raft.server.snapshot.auto.trigger.threshold = 10000 (custom)
2019-09-19 16:46:31,053 [pool-144-thread-1] INFO  server.RaftServerConfigKeys (ConfUtils.java:logGet(43)) - raft.server.retrycache.expirytime = 600000ms (custom)
2019-09-19 16:46:31,053 [pool-144-thread-1] INFO  impl.RaftServerImpl (RaftServerImpl.java:start(180)) - 964d8c59-381b-467e-aacd-b99a6c520c67: start group-79239889EA20
2019-09-19 16:46:31,053 [pool-144-thread-1] INFO  impl.RaftServerImpl (RaftServerImpl.java:setRole(171)) - 964d8c59-381b-467e-aacd-b99a6c520c67:group-79239889EA20 changes role from null to FOLLOWER at term 0 for startAsFollower
2019-09-19 16:46:31,054 [pool-144-thread-1] INFO  impl.RoleInfo (RoleInfo.java:updateAndGet(143)) - 964d8c59-381b-467e-aacd-b99a6c520c67: start FollowerState
2019-09-19 16:46:31,054 [pool-144-thread-1] INFO  util.JmxRegister (JmxRegister.java:tryRegister(44)) - Successfully registered JMX Bean with object name Ratis:service=RaftServer,group=group-79239889EA20,id=964d8c59-381b-467e-aacd-b99a6c520c67
2019-09-19 16:46:31,057 [RatisPipelineUtilsThread] INFO  pipeline.PipelineStateManager (PipelineStateManager.java:addPipeline(56)) - Created pipeline Pipeline[ Id: 950fa110-9fe5-4aaa-a82a-79239889ea20, Nodes: 964d8c59-381b-467e-aacd-b99a6c520c67{ip: 192.168.157.226, host: pr-hdds-1569-swxfz-3172132826, networkLocation: /default-rack, certSerialId: null}, Type:RATIS, Factor:ONE, State:OPEN]
2019-09-19 16:46:31,058 [RatisPipelineUtilsThread] ERROR pipeline.PipelinePlacementPolicy (PipelinePlacementPolicy.java:meetCriteria(91)) - Pipeline Placement: Doesn't meet the criteria to be viable node. Heaviness: 6
2019-09-19 16:46:31,064 [grpc-default-executor-0] INFO  impl.RaftServerProxy (RaftServerProxy.java:addNew(89)) - 964d8c59-381b-467e-aacd-b99a6c520c67: addNew group-EE647F5C0BFE:[964d8c59-381b-467e-aacd-b99a6c520c67:192.168.157.226:32835] returns group-EE647F5C0BFE:java.util.concurrent.CompletableFuture@764216f3[Not completed]
2019-09-19 16:46:31,065 [pool-144-thread-1] INFO  impl.RaftServerImpl (RaftServerImpl.java:<init>(93)) - 964d8c59-381b-467e-aacd-b99a6c520c67: new RaftServerImpl for group-EE647F5C0BFE:[964d8c59-381b-467e-aacd-b99a6c520c67:192.168.157.226:32835] with ContainerStateMachine:uninitialized
2019-09-19 16:46:31,066 [pool-144-thread-1] INFO  server.RaftServerConfigKeys (ConfUtils.java:logGet(43)) - raft.server.rpc.timeout.min = 5s (custom)
2019-09-19 16:46:31,066 [pool-144-thread-1] INFO  server.RaftServerConfigKeys (ConfUtils.java:logGet(43)) - raft.server.rpc.timeout.max = 5200ms (custom)
2019-09-19 16:46:31,066 [pool-144-thread-1] INFO  server.RaftServerConfigKeys (ConfUtils.java:logGet(43)) - raft.server.rpcslowness.timeout = 120s (custom)
2019-09-19 16:46:31,066 [pool-144-thread-1] INFO  server.RaftServerConfigKeys (ConfUtils.java:logGet(43)) - raft.server.sleep.deviation.threshold = 300 (default)
2019-09-19 16:46:31,066 [pool-144-thread-1] INFO  server.RaftServerConfigKeys (ConfUtils.java:logGet(43)) - raft.server.log.appender.install.snapshot.enabled = false (custom)
2019-09-19 16:46:31,066 [pool-144-thread-1] INFO  impl.RaftServerImpl (ServerState.java:<init>(105)) - 964d8c59-381b-467e-aacd-b99a6c520c67:group-EE647F5C0BFE ConfigurationManager, init=-1: [964d8c59-381b-467e-aacd-b99a6c520c67:192.168.157.226:32835], old=null, confs=<EMPTY_MAP>
2019-09-19 16:46:31,067 [pool-144-thread-1] INFO  server.RaftServerConfigKeys (ConfUtils.java:logGet(43)) - raft.server.storage.dir = [/workdir/hadoop-ozone/ozonefs/target/test-dir/MiniOzoneClusterImpl-d833ad47-c484-47cf-8e4a-958017684ee6/datanode-1/data/ratis] (custom)
2019-09-19 16:46:31,067 [pool-144-thread-1] INFO  storage.RaftStorageDirectory (RaftStorageDirectory.java:analyzeStorage(246)) - The storage directory /workdir/hadoop-ozone/ozonefs/target/test-dir/MiniOzoneClusterImpl-d833ad47-c484-47cf-8e4a-958017684ee6/datanode-1/data/ratis/ebe86981-f7f6-4560-bec0-ee647f5c0bfe does not exist. Creating ...
2019-09-19 16:46:31,079 [pool-144-thread-1] INFO  storage.RaftStorageDirectory (RaftStorageDirectory.java:tryLock(328)) - Lock on /workdir/hadoop-ozone/ozonefs/target/test-dir/MiniOzoneClusterImpl-d833ad47-c484-47cf-8e4a-958017684ee6/datanode-1/data/ratis/ebe86981-f7f6-4560-bec0-ee647f5c0bfe/in_use.lock acquired by nodename 32682@pr-hdds-1569-swxfz-3172132826
2019-09-19 16:46:31,092 [pool-144-thread-1] INFO  storage.RaftStorage (RaftStorage.java:format(72)) - Storage directory /workdir/hadoop-ozone/ozonefs/target/test-dir/MiniOzoneClusterImpl-d833ad47-c484-47cf-8e4a-958017684ee6/datanode-1/data/ratis/ebe86981-f7f6-4560-bec0-ee647f5c0bfe has been successfully formatted.
2019-09-19 16:46:31,093 [pool-144-thread-1] INFO  ratis.ContainerStateMachine (ContainerStateMachine.java:loadSnapshot(226)) - group-EE647F5C0BFE: The snapshot info is null. Setting the last applied indexto:(t:0, i:~)
2019-09-19 16:46:31,093 [pool-144-thread-1] INFO  server.RaftServerConfigKeys (ConfUtils.java:logGet(43)) - raft.server.leader.election.timeout = 120s (custom)
2019-09-19 16:46:31,093 [pool-144-thread-1] INFO  server.RaftServerConfigKeys (ConfUtils.java:logGet(43)) - raft.server.log.use.memory = false (default)
2019-09-19 16:46:31,093 [pool-144-thread-1] INFO  server.RaftServerConfigKeys (ConfUtils.java:logGet(43)) - raft.server.log.purge.gap = 1000000 (custom)
2019-09-19 16:46:31,094 [pool-144-thread-1] INFO  server.RaftServerConfigKeys (ConfUtils.java:logGet(43)) - raft.server.log.appender.buffer.byte-limit = 33554432 (custom)
2019-09-19 16:46:31,094 [pool-144-thread-1] INFO  server.RaftServerConfigKeys (ConfUtils.java:logGet(43)) - raft.server.log.segment.size.max = 1048576 (custom)
2019-09-19 16:46:31,094 [pool-144-thread-1] INFO  server.RaftServerConfigKeys (ConfUtils.java:logGet(43)) - raft.server.log.segment.cache.num.max = 2 (custom)
2019-09-19 16:46:31,094 [pool-144-thread-1] INFO  segmented.SegmentedRaftLogWorker (SegmentedRaftLogWorker.java:<init>(172)) - new 964d8c59-381b-467e-aacd-b99a6c520c67-SegmentedRaftLogWorker:Storage Directory /workdir/hadoop-ozone/ozonefs/target/test-dir/MiniOzoneClusterImpl-d833ad47-c484-47cf-8e4a-958017684ee6/datanode-1/data/ratis/ebe86981-f7f6-4560-bec0-ee647f5c0bfe for RaftStorage:Storage Directory /workdir/hadoop-ozone/ozonefs/target/test-dir/MiniOzoneClusterImpl-d833ad47-c484-47cf-8e4a-958017684ee6/datanode-1/data/ratis/ebe86981-f7f6-4560-bec0-ee647f5c0bfe
2019-09-19 16:46:31,094 [pool-144-thread-1] INFO  server.RaftServerConfigKeys (ConfUtils.java:logGet(43)) - raft.server.log.queue.byte-limit = 2147483647 (custom)
2019-09-19 16:46:31,094 [pool-144-thread-1] INFO  server.RaftServerConfigKeys (ConfUtils.java:logGet(43)) - raft.server.log.queue.element-limit = 1024 (custom)
2019-09-19 16:46:31,095 [pool-144-thread-1] INFO  server.RaftServerConfigKeys (ConfUtils.java:logGet(43)) - raft.server.log.segment.size.max = 1048576 (custom)
2019-09-19 16:46:31,095 [pool-144-thread-1] INFO  server.RaftServerConfigKeys (ConfUtils.java:logGet(43)) - raft.server.log.preallocated.size = 16384 (custom)
2019-09-19 16:46:31,095 [pool-144-thread-1] INFO  server.RaftServerConfigKeys (ConfUtils.java:logGet(43)) - raft.server.log.write.buffer.size = 33554432 (custom)
2019-09-19 16:46:31,095 [pool-144-thread-1] INFO  server.RaftServerConfigKeys (ConfUtils.java:logGet(43)) - raft.server.log.force.sync.num = 128 (default)
2019-09-19 16:46:31,095 [pool-144-thread-1] INFO  server.RaftServerConfigKeys (ConfUtils.java:logGet(43)) - raft.server.log.statemachine.data.sync = true (default)
2019-09-19 16:46:31,095 [pool-144-thread-1] INFO  server.RaftServerConfigKeys (ConfUtils.java:logGet(43)) - raft.server.log.statemachine.data.sync.timeout = 10s (default)
2019-09-19 16:46:31,095 [pool-144-thread-1] INFO  server.RaftServerConfigKeys (ConfUtils.java:logGet(43)) - raft.server.log.statemachine.data.sync.timeout.retry = -1 (default)
2019-09-19 16:46:31,096 [pool-144-thread-1] INFO  server.RaftServerConfigKeys (ConfUtils.java:logGet(43)) - raft.server.log.statemachine.data.caching.enabled = true (custom)
2019-09-19 16:46:31,096 [pool-144-thread-1] INFO  segmented.SegmentedRaftLogWorker (SegmentedRaftLogWorker.java:lambda$new$0(132)) - 964d8c59-381b-467e-aacd-b99a6c520c67-SegmentedRaftLogWorker:Storage Directory /workdir/hadoop-ozone/ozonefs/target/test-dir/MiniOzoneClusterImpl-d833ad47-c484-47cf-8e4a-958017684ee6/datanode-1/data/ratis/ebe86981-f7f6-4560-bec0-ee647f5c0bfe: flushIndex: setUnconditionally 0 -> -1
2019-09-19 16:46:31,096 [pool-144-thread-1] INFO  server.RaftServerConfigKeys (ConfUtils.java:logGet(43)) - raft.server.snapshot.auto.trigger.enabled = true (custom)
2019-09-19 16:46:31,096 [pool-144-thread-1] INFO  server.RaftServerConfigKeys (ConfUtils.java:logGet(43)) - raft.server.snapshot.auto.trigger.threshold = 10000 (custom)
2019-09-19 16:46:31,097 [pool-144-thread-1] INFO  server.RaftServerConfigKeys (ConfUtils.java:logGet(43)) - raft.server.retrycache.expirytime = 600000ms (custom)
2019-09-19 16:46:31,097 [pool-144-thread-1] INFO  impl.RaftServerImpl (RaftServerImpl.java:start(180)) - 964d8c59-381b-467e-aacd-b99a6c520c67: start group-EE647F5C0BFE
2019-09-19 16:46:31,097 [pool-144-thread-1] INFO  impl.RaftServerImpl (RaftServerImpl.java:setRole(171)) - 964d8c59-381b-467e-aacd-b99a6c520c67:group-EE647F5C0BFE changes role from null to FOLLOWER at term 0 for startAsFollower
2019-09-19 16:46:31,097 [pool-144-thread-1] INFO  impl.RoleInfo (RoleInfo.java:updateAndGet(143)) - 964d8c59-381b-467e-aacd-b99a6c520c67: start FollowerState
2019-09-19 16:46:31,098 [pool-144-thread-1] INFO  util.JmxRegister (JmxRegister.java:tryRegister(44)) - Successfully registered JMX Bean with object name Ratis:service=RaftServer,group=group-EE647F5C0BFE,id=964d8c59-381b-467e-aacd-b99a6c520c67
2019-09-19 16:46:31,101 [RatisPipelineUtilsThread] INFO  pipeline.PipelineStateManager (PipelineStateManager.java:addPipeline(56)) - Created pipeline Pipeline[ Id: ebe86981-f7f6-4560-bec0-ee647f5c0bfe, Nodes: 964d8c59-381b-467e-aacd-b99a6c520c67{ip: 192.168.157.226, host: pr-hdds-1569-swxfz-3172132826, networkLocation: /default-rack, certSerialId: null}, Type:RATIS, Factor:ONE, State:OPEN]
2019-09-19 16:46:31,101 [RatisPipelineUtilsThread] ERROR pipeline.PipelinePlacementPolicy (PipelinePlacementPolicy.java:meetCriteria(91)) - Pipeline Placement: Doesn't meet the criteria to be viable node. Heaviness: 6
2019-09-19 16:46:31,109 [grpc-default-executor-0] INFO  impl.RaftServerProxy (RaftServerProxy.java:addNew(89)) - 5a43fd14-5c4d-4177-84d0-63947bd71be7: addNew group-F61F989567B9:[5a43fd14-5c4d-4177-84d0-63947bd71be7:192.168.157.226:36535] returns group-F61F989567B9:java.util.concurrent.CompletableFuture@b5d0a93[Not completed]
2019-09-19 16:46:31,110 [pool-155-thread-1] INFO  impl.RaftServerImpl (RaftServerImpl.java:<init>(93)) - 5a43fd14-5c4d-4177-84d0-63947bd71be7: new RaftServerImpl for group-F61F989567B9:[5a43fd14-5c4d-4177-84d0-63947bd71be7:192.168.157.226:36535] with ContainerStateMachine:uninitialized
2019-09-19 16:46:31,110 [pool-155-thread-1] INFO  server.RaftServerConfigKeys (ConfUtils.java:logGet(43)) - raft.server.rpc.timeout.min = 5s (custom)
2019-09-19 16:46:31,111 [pool-155-thread-1] INFO  server.RaftServerConfigKeys (ConfUtils.java:logGet(43)) - raft.server.rpc.timeout.max = 5200ms (custom)
2019-09-19 16:46:31,111 [pool-155-thread-1] INFO  server.RaftServerConfigKeys (ConfUtils.java:logGet(43)) - raft.server.rpcslowness.timeout = 120s (custom)
2019-09-19 16:46:31,111 [pool-155-thread-1] INFO  server.RaftServerConfigKeys (ConfUtils.java:logGet(43)) - raft.server.sleep.deviation.threshold = 300 (default)
2019-09-19 16:46:31,111 [pool-155-thread-1] INFO  server.RaftServerConfigKeys (ConfUtils.java:logGet(43)) - raft.server.log.appender.install.snapshot.enabled = false (custom)
2019-09-19 16:46:31,111 [pool-155-thread-1] INFO  impl.RaftServerImpl (ServerState.java:<init>(105)) - 5a43fd14-5c4d-4177-84d0-63947bd71be7:group-F61F989567B9 ConfigurationManager, init=-1: [5a43fd14-5c4d-4177-84d0-63947bd71be7:192.168.157.226:36535], old=null, confs=<EMPTY_MAP>
2019-09-19 16:46:31,111 [pool-155-thread-1] INFO  server.RaftServerConfigKeys (ConfUtils.java:logGet(43)) - raft.server.storage.dir = [/workdir/hadoop-ozone/ozonefs/target/test-dir/MiniOzoneClusterImpl-d833ad47-c484-47cf-8e4a-958017684ee6/datanode-2/data/ratis] (custom)
2019-09-19 16:46:31,112 [pool-155-thread-1] INFO  storage.RaftStorageDirectory (RaftStorageDirectory.java:analyzeStorage(246)) - The storage directory /workdir/hadoop-ozone/ozonefs/target/test-dir/MiniOzoneClusterImpl-d833ad47-c484-47cf-8e4a-958017684ee6/datanode-2/data/ratis/d7cfadab-fffd-4db5-b878-f61f989567b9 does not exist. Creating ...
2019-09-19 16:46:31,124 [pool-155-thread-1] INFO  storage.RaftStorageDirectory (RaftStorageDirectory.java:tryLock(328)) - Lock on /workdir/hadoop-ozone/ozonefs/target/test-dir/MiniOzoneClusterImpl-d833ad47-c484-47cf-8e4a-958017684ee6/datanode-2/data/ratis/d7cfadab-fffd-4db5-b878-f61f989567b9/in_use.lock acquired by nodename 32682@pr-hdds-1569-swxfz-3172132826
2019-09-19 16:46:31,136 [pool-155-thread-1] INFO  storage.RaftStorage (RaftStorage.java:format(72)) - Storage directory /workdir/hadoop-ozone/ozonefs/target/test-dir/MiniOzoneClusterImpl-d833ad47-c484-47cf-8e4a-958017684ee6/datanode-2/data/ratis/d7cfadab-fffd-4db5-b878-f61f989567b9 has been successfully formatted.
2019-09-19 16:46:31,136 [pool-155-thread-1] INFO  ratis.ContainerStateMachine (ContainerStateMachine.java:loadSnapshot(226)) - group-F61F989567B9: The snapshot info is null. Setting the last applied indexto:(t:0, i:~)
2019-09-19 16:46:31,137 [pool-155-thread-1] INFO  server.RaftServerConfigKeys (ConfUtils.java:logGet(43)) - raft.server.leader.election.timeout = 120s (custom)
2019-09-19 16:46:31,137 [pool-155-thread-1] INFO  server.RaftServerConfigKeys (ConfUtils.java:logGet(43)) - raft.server.log.use.memory = false (default)
2019-09-19 16:46:31,137 [pool-155-thread-1] INFO  server.RaftServerConfigKeys (ConfUtils.java:logGet(43)) - raft.server.log.purge.gap = 1000000 (custom)
2019-09-19 16:46:31,137 [pool-155-thread-1] INFO  server.RaftServerConfigKeys (ConfUtils.java:logGet(43)) - raft.server.log.appender.buffer.byte-limit = 33554432 (custom)
2019-09-19 16:46:31,137 [pool-155-thread-1] INFO  server.RaftServerConfigKeys (ConfUtils.java:logGet(43)) - raft.server.log.segment.size.max = 1048576 (custom)
2019-09-19 16:46:31,137 [pool-155-thread-1] INFO  server.RaftServerConfigKeys (ConfUtils.java:logGet(43)) - raft.server.log.segment.cache.num.max = 2 (custom)
2019-09-19 16:46:31,137 [pool-155-thread-1] INFO  segmented.SegmentedRaftLogWorker (SegmentedRaftLogWorker.java:<init>(172)) - new 5a43fd14-5c4d-4177-84d0-63947bd71be7-SegmentedRaftLogWorker:Storage Directory /workdir/hadoop-ozone/ozonefs/target/test-dir/MiniOzoneClusterImpl-d833ad47-c484-47cf-8e4a-958017684ee6/datanode-2/data/ratis/d7cfadab-fffd-4db5-b878-f61f989567b9 for RaftStorage:Storage Directory /workdir/hadoop-ozone/ozonefs/target/test-dir/MiniOzoneClusterImpl-d833ad47-c484-47cf-8e4a-958017684ee6/datanode-2/data/ratis/d7cfadab-fffd-4db5-b878-f61f989567b9
2019-09-19 16:46:31,138 [pool-155-thread-1] INFO  server.RaftServerConfigKeys (ConfUtils.java:logGet(43)) - raft.server.log.queue.byte-limit = 2147483647 (custom)
2019-09-19 16:46:31,138 [pool-155-thread-1] INFO  server.RaftServerConfigKeys (ConfUtils.java:logGet(43)) - raft.server.log.queue.element-limit = 1024 (custom)
2019-09-19 16:46:31,138 [pool-155-thread-1] INFO  server.RaftServerConfigKeys (ConfUtils.java:logGet(43)) - raft.server.log.segment.size.max = 1048576 (custom)
2019-09-19 16:46:31,138 [pool-155-thread-1] INFO  server.RaftServerConfigKeys (ConfUtils.java:logGet(43)) - raft.server.log.preallocated.size = 16384 (custom)
2019-09-19 16:46:31,138 [pool-155-thread-1] INFO  server.RaftServerConfigKeys (ConfUtils.java:logGet(43)) - raft.server.log.write.buffer.size = 33554432 (custom)
2019-09-19 16:46:31,138 [pool-155-thread-1] INFO  server.RaftServerConfigKeys (ConfUtils.java:logGet(43)) - raft.server.log.force.sync.num = 128 (default)
2019-09-19 16:46:31,138 [pool-155-thread-1] INFO  server.RaftServerConfigKeys (ConfUtils.java:logGet(43)) - raft.server.log.statemachine.data.sync = true (default)
2019-09-19 16:46:31,139 [pool-155-thread-1] INFO  server.RaftServerConfigKeys (ConfUtils.java:logGet(43)) - raft.server.log.statemachine.data.sync.timeout = 10s (default)
2019-09-19 16:46:31,139 [pool-155-thread-1] INFO  server.RaftServerConfigKeys (ConfUtils.java:logGet(43)) - raft.server.log.statemachine.data.sync.timeout.retry = -1 (default)
2019-09-19 16:46:31,139 [pool-155-thread-1] INFO  server.RaftServerConfigKeys (ConfUtils.java:logGet(43)) - raft.server.log.statemachine.data.caching.enabled = true (custom)
2019-09-19 16:46:31,139 [pool-155-thread-1] INFO  segmented.SegmentedRaftLogWorker (SegmentedRaftLogWorker.java:lambda$new$0(132)) - 5a43fd14-5c4d-4177-84d0-63947bd71be7-SegmentedRaftLogWorker:Storage Directory /workdir/hadoop-ozone/ozonefs/target/test-dir/MiniOzoneClusterImpl-d833ad47-c484-47cf-8e4a-958017684ee6/datanode-2/data/ratis/d7cfadab-fffd-4db5-b878-f61f989567b9: flushIndex: setUnconditionally 0 -> -1
2019-09-19 16:46:31,139 [pool-155-thread-1] INFO  server.RaftServerConfigKeys (ConfUtils.java:logGet(43)) - raft.server.snapshot.auto.trigger.enabled = true (custom)
2019-09-19 16:46:31,140 [pool-155-thread-1] INFO  server.RaftServerConfigKeys (ConfUtils.java:logGet(43)) - raft.server.snapshot.auto.trigger.threshold = 10000 (custom)
2019-09-19 16:46:31,140 [pool-155-thread-1] INFO  server.RaftServerConfigKeys (ConfUtils.java:logGet(43)) - raft.server.retrycache.expirytime = 600000ms (custom)
2019-09-19 16:46:31,140 [pool-155-thread-1] INFO  impl.RaftServerImpl (RaftServerImpl.java:start(180)) - 5a43fd14-5c4d-4177-84d0-63947bd71be7: start group-F61F989567B9
2019-09-19 16:46:31,140 [pool-155-thread-1] INFO  impl.RaftServerImpl (RaftServerImpl.java:setRole(171)) - 5a43fd14-5c4d-4177-84d0-63947bd71be7:group-F61F989567B9 changes role from null to FOLLOWER at term 0 for startAsFollower
2019-09-19 16:46:31,140 [pool-155-thread-1] INFO  impl.RoleInfo (RoleInfo.java:updateAndGet(143)) - 5a43fd14-5c4d-4177-84d0-63947bd71be7: start FollowerState
2019-09-19 16:46:31,141 [pool-155-thread-1] INFO  util.JmxRegister (JmxRegister.java:tryRegister(44)) - Successfully registered JMX Bean with object name Ratis:service=RaftServer,group=group-F61F989567B9,id=5a43fd14-5c4d-4177-84d0-63947bd71be7
2019-09-19 16:46:31,143 [RatisPipelineUtilsThread] INFO  pipeline.PipelineStateManager (PipelineStateManager.java:addPipeline(56)) - Created pipeline Pipeline[ Id: d7cfadab-fffd-4db5-b878-f61f989567b9, Nodes: 5a43fd14-5c4d-4177-84d0-63947bd71be7{ip: 192.168.157.226, host: pr-hdds-1569-swxfz-3172132826, networkLocation: /default-rack, certSerialId: null}, Type:RATIS, Factor:ONE, State:OPEN]
2019-09-19 16:46:31,143 [RatisPipelineUtilsThread] ERROR pipeline.PipelinePlacementPolicy (PipelinePlacementPolicy.java:meetCriteria(91)) - Pipeline Placement: Doesn't meet the criteria to be viable node. Heaviness: 6
2019-09-19 16:46:31,150 [grpc-default-executor-0] INFO  impl.RaftServerProxy (RaftServerProxy.java:addNew(89)) - 5a43fd14-5c4d-4177-84d0-63947bd71be7: addNew group-96A7D2E95C50:[5a43fd14-5c4d-4177-84d0-63947bd71be7:192.168.157.226:36535] returns group-96A7D2E95C50:java.util.concurrent.CompletableFuture@143d45af[Not completed]
2019-09-19 16:46:31,151 [pool-155-thread-1] INFO  impl.RaftServerImpl (RaftServerImpl.java:<init>(93)) - 5a43fd14-5c4d-4177-84d0-63947bd71be7: new RaftServerImpl for group-96A7D2E95C50:[5a43fd14-5c4d-4177-84d0-63947bd71be7:192.168.157.226:36535] with ContainerStateMachine:uninitialized
2019-09-19 16:46:31,151 [pool-155-thread-1] INFO  server.RaftServerConfigKeys (ConfUtils.java:logGet(43)) - raft.server.rpc.timeout.min = 5s (custom)
2019-09-19 16:46:31,151 [pool-155-thread-1] INFO  server.RaftServerConfigKeys (ConfUtils.java:logGet(43)) - raft.server.rpc.timeout.max = 5200ms (custom)
2019-09-19 16:46:31,151 [pool-155-thread-1] INFO  server.RaftServerConfigKeys (ConfUtils.java:logGet(43)) - raft.server.rpcslowness.timeout = 120s (custom)
2019-09-19 16:46:31,151 [pool-155-thread-1] INFO  server.RaftServerConfigKeys (ConfUtils.java:logGet(43)) - raft.server.sleep.deviation.threshold = 300 (default)
2019-09-19 16:46:31,151 [pool-155-thread-1] INFO  server.RaftServerConfigKeys (ConfUtils.java:logGet(43)) - raft.server.log.appender.install.snapshot.enabled = false (custom)
2019-09-19 16:46:31,152 [pool-155-thread-1] INFO  impl.RaftServerImpl (ServerState.java:<init>(105)) - 5a43fd14-5c4d-4177-84d0-63947bd71be7:group-96A7D2E95C50 ConfigurationManager, init=-1: [5a43fd14-5c4d-4177-84d0-63947bd71be7:192.168.157.226:36535], old=null, confs=<EMPTY_MAP>
2019-09-19 16:46:31,152 [pool-155-thread-1] INFO  server.RaftServerConfigKeys (ConfUtils.java:logGet(43)) - raft.server.storage.dir = [/workdir/hadoop-ozone/ozonefs/target/test-dir/MiniOzoneClusterImpl-d833ad47-c484-47cf-8e4a-958017684ee6/datanode-2/data/ratis] (custom)
2019-09-19 16:46:31,152 [pool-155-thread-1] INFO  storage.RaftStorageDirectory (RaftStorageDirectory.java:analyzeStorage(246)) - The storage directory /workdir/hadoop-ozone/ozonefs/target/test-dir/MiniOzoneClusterImpl-d833ad47-c484-47cf-8e4a-958017684ee6/datanode-2/data/ratis/075a50ed-6b99-42d9-9919-96a7d2e95c50 does not exist. Creating ...
2019-09-19 16:46:31,164 [pool-155-thread-1] INFO  storage.RaftStorageDirectory (RaftStorageDirectory.java:tryLock(328)) - Lock on /workdir/hadoop-ozone/ozonefs/target/test-dir/MiniOzoneClusterImpl-d833ad47-c484-47cf-8e4a-958017684ee6/datanode-2/data/ratis/075a50ed-6b99-42d9-9919-96a7d2e95c50/in_use.lock acquired by nodename 32682@pr-hdds-1569-swxfz-3172132826
2019-09-19 16:46:31,177 [pool-155-thread-1] INFO  storage.RaftStorage (RaftStorage.java:format(72)) - Storage directory /workdir/hadoop-ozone/ozonefs/target/test-dir/MiniOzoneClusterImpl-d833ad47-c484-47cf-8e4a-958017684ee6/datanode-2/data/ratis/075a50ed-6b99-42d9-9919-96a7d2e95c50 has been successfully formatted.
2019-09-19 16:46:31,177 [pool-155-thread-1] INFO  ratis.ContainerStateMachine (ContainerStateMachine.java:loadSnapshot(226)) - group-96A7D2E95C50: The snapshot info is null. Setting the last applied indexto:(t:0, i:~)
2019-09-19 16:46:31,177 [pool-155-thread-1] INFO  server.RaftServerConfigKeys (ConfUtils.java:logGet(43)) - raft.server.leader.election.timeout = 120s (custom)
2019-09-19 16:46:31,178 [pool-155-thread-1] INFO  server.RaftServerConfigKeys (ConfUtils.java:logGet(43)) - raft.server.log.use.memory = false (default)
2019-09-19 16:46:31,178 [pool-155-thread-1] INFO  server.RaftServerConfigKeys (ConfUtils.java:logGet(43)) - raft.server.log.purge.gap = 1000000 (custom)
2019-09-19 16:46:31,178 [pool-155-thread-1] INFO  server.RaftServerConfigKeys (ConfUtils.java:logGet(43)) - raft.server.log.appender.buffer.byte-limit = 33554432 (custom)
2019-09-19 16:46:31,178 [pool-155-thread-1] INFO  server.RaftServerConfigKeys (ConfUtils.java:logGet(43)) - raft.server.log.segment.size.max = 1048576 (custom)
2019-09-19 16:46:31,178 [pool-155-thread-1] INFO  server.RaftServerConfigKeys (ConfUtils.java:logGet(43)) - raft.server.log.segment.cache.num.max = 2 (custom)
2019-09-19 16:46:31,178 [pool-155-thread-1] INFO  segmented.SegmentedRaftLogWorker (SegmentedRaftLogWorker.java:<init>(172)) - new 5a43fd14-5c4d-4177-84d0-63947bd71be7-SegmentedRaftLogWorker:Storage Directory /workdir/hadoop-ozone/ozonefs/target/test-dir/MiniOzoneClusterImpl-d833ad47-c484-47cf-8e4a-958017684ee6/datanode-2/data/ratis/075a50ed-6b99-42d9-9919-96a7d2e95c50 for RaftStorage:Storage Directory /workdir/hadoop-ozone/ozonefs/target/test-dir/MiniOzoneClusterImpl-d833ad47-c484-47cf-8e4a-958017684ee6/datanode-2/data/ratis/075a50ed-6b99-42d9-9919-96a7d2e95c50
2019-09-19 16:46:31,178 [pool-155-thread-1] INFO  server.RaftServerConfigKeys (ConfUtils.java:logGet(43)) - raft.server.log.queue.byte-limit = 2147483647 (custom)
2019-09-19 16:46:31,178 [pool-155-thread-1] INFO  server.RaftServerConfigKeys (ConfUtils.java:logGet(43)) - raft.server.log.queue.element-limit = 1024 (custom)
2019-09-19 16:46:31,179 [pool-155-thread-1] INFO  server.RaftServerConfigKeys (ConfUtils.java:logGet(43)) - raft.server.log.segment.size.max = 1048576 (custom)
2019-09-19 16:46:31,179 [pool-155-thread-1] INFO  server.RaftServerConfigKeys (ConfUtils.java:logGet(43)) - raft.server.log.preallocated.size = 16384 (custom)
2019-09-19 16:46:31,179 [pool-155-thread-1] INFO  server.RaftServerConfigKeys (ConfUtils.java:logGet(43)) - raft.server.log.write.buffer.size = 33554432 (custom)
2019-09-19 16:46:31,179 [pool-155-thread-1] INFO  server.RaftServerConfigKeys (ConfUtils.java:logGet(43)) - raft.server.log.force.sync.num = 128 (default)
2019-09-19 16:46:31,179 [pool-155-thread-1] INFO  server.RaftServerConfigKeys (ConfUtils.java:logGet(43)) - raft.server.log.statemachine.data.sync = true (default)
2019-09-19 16:46:31,179 [pool-155-thread-1] INFO  server.RaftServerConfigKeys (ConfUtils.java:logGet(43)) - raft.server.log.statemachine.data.sync.timeout = 10s (default)
2019-09-19 16:46:31,179 [pool-155-thread-1] INFO  server.RaftServerConfigKeys (ConfUtils.java:logGet(43)) - raft.server.log.statemachine.data.sync.timeout.retry = -1 (default)
2019-09-19 16:46:31,180 [pool-155-thread-1] INFO  server.RaftServerConfigKeys (ConfUtils.java:logGet(43)) - raft.server.log.statemachine.data.caching.enabled = true (custom)
2019-09-19 16:46:31,180 [pool-155-thread-1] INFO  segmented.SegmentedRaftLogWorker (SegmentedRaftLogWorker.java:lambda$new$0(132)) - 5a43fd14-5c4d-4177-84d0-63947bd71be7-SegmentedRaftLogWorker:Storage Directory /workdir/hadoop-ozone/ozonefs/target/test-dir/MiniOzoneClusterImpl-d833ad47-c484-47cf-8e4a-958017684ee6/datanode-2/data/ratis/075a50ed-6b99-42d9-9919-96a7d2e95c50: flushIndex: setUnconditionally 0 -> -1
2019-09-19 16:46:31,180 [pool-155-thread-1] INFO  server.RaftServerConfigKeys (ConfUtils.java:logGet(43)) - raft.server.snapshot.auto.trigger.enabled = true (custom)
2019-09-19 16:46:31,180 [pool-155-thread-1] INFO  server.RaftServerConfigKeys (ConfUtils.java:logGet(43)) - raft.server.snapshot.auto.trigger.threshold = 10000 (custom)
2019-09-19 16:46:31,180 [pool-155-thread-1] INFO  server.RaftServerConfigKeys (ConfUtils.java:logGet(43)) - raft.server.retrycache.expirytime = 600000ms (custom)
2019-09-19 16:46:31,181 [pool-155-thread-1] INFO  impl.RaftServerImpl (RaftServerImpl.java:start(180)) - 5a43fd14-5c4d-4177-84d0-63947bd71be7: start group-96A7D2E95C50
2019-09-19 16:46:31,181 [pool-155-thread-1] INFO  impl.RaftServerImpl (RaftServerImpl.java:setRole(171)) - 5a43fd14-5c4d-4177-84d0-63947bd71be7:group-96A7D2E95C50 changes role from null to FOLLOWER at term 0 for startAsFollower
2019-09-19 16:46:31,181 [pool-155-thread-1] INFO  impl.RoleInfo (RoleInfo.java:updateAndGet(143)) - 5a43fd14-5c4d-4177-84d0-63947bd71be7: start FollowerState
2019-09-19 16:46:31,181 [pool-155-thread-1] INFO  util.JmxRegister (JmxRegister.java:tryRegister(44)) - Successfully registered JMX Bean with object name Ratis:service=RaftServer,group=group-96A7D2E95C50,id=5a43fd14-5c4d-4177-84d0-63947bd71be7
2019-09-19 16:46:31,184 [RatisPipelineUtilsThread] INFO  pipeline.PipelineStateManager (PipelineStateManager.java:addPipeline(56)) - Created pipeline Pipeline[ Id: 075a50ed-6b99-42d9-9919-96a7d2e95c50, Nodes: 5a43fd14-5c4d-4177-84d0-63947bd71be7{ip: 192.168.157.226, host: pr-hdds-1569-swxfz-3172132826, networkLocation: /default-rack, certSerialId: null}, Type:RATIS, Factor:ONE, State:OPEN]
2019-09-19 16:46:31,184 [RatisPipelineUtilsThread] ERROR pipeline.PipelinePlacementPolicy (PipelinePlacementPolicy.java:meetCriteria(91)) - Pipeline Placement: Doesn't meet the criteria to be viable node. Heaviness: 6
2019-09-19 16:46:31,190 [grpc-default-executor-0] INFO  impl.RaftServerProxy (RaftServerProxy.java:addNew(89)) - 964d8c59-381b-467e-aacd-b99a6c520c67: addNew group-23B0837F1F20:[964d8c59-381b-467e-aacd-b99a6c520c67:192.168.157.226:32835] returns group-23B0837F1F20:java.util.concurrent.CompletableFuture@425a9fb3[Not completed]
2019-09-19 16:46:31,191 [pool-144-thread-1] INFO  impl.RaftServerImpl (RaftServerImpl.java:<init>(93)) - 964d8c59-381b-467e-aacd-b99a6c520c67: new RaftServerImpl for group-23B0837F1F20:[964d8c59-381b-467e-aacd-b99a6c520c67:192.168.157.226:32835] with ContainerStateMachine:uninitialized
2019-09-19 16:46:31,191 [pool-144-thread-1] INFO  server.RaftServerConfigKeys (ConfUtils.java:logGet(43)) - raft.server.rpc.timeout.min = 5s (custom)
2019-09-19 16:46:31,191 [pool-144-thread-1] INFO  server.RaftServerConfigKeys (ConfUtils.java:logGet(43)) - raft.server.rpc.timeout.max = 5200ms (custom)
2019-09-19 16:46:31,191 [pool-144-thread-1] INFO  server.RaftServerConfigKeys (ConfUtils.java:logGet(43)) - raft.server.rpcslowness.timeout = 120s (custom)
2019-09-19 16:46:31,191 [pool-144-thread-1] INFO  server.RaftServerConfigKeys (ConfUtils.java:logGet(43)) - raft.server.sleep.deviation.threshold = 300 (default)
2019-09-19 16:46:31,192 [pool-144-thread-1] INFO  server.RaftServerConfigKeys (ConfUtils.java:logGet(43)) - raft.server.log.appender.install.snapshot.enabled = false (custom)
2019-09-19 16:46:31,192 [pool-144-thread-1] INFO  impl.RaftServerImpl (ServerState.java:<init>(105)) - 964d8c59-381b-467e-aacd-b99a6c520c67:group-23B0837F1F20 ConfigurationManager, init=-1: [964d8c59-381b-467e-aacd-b99a6c520c67:192.168.157.226:32835], old=null, confs=<EMPTY_MAP>
2019-09-19 16:46:31,192 [pool-144-thread-1] INFO  server.RaftServerConfigKeys (ConfUtils.java:logGet(43)) - raft.server.storage.dir = [/workdir/hadoop-ozone/ozonefs/target/test-dir/MiniOzoneClusterImpl-d833ad47-c484-47cf-8e4a-958017684ee6/datanode-1/data/ratis] (custom)
2019-09-19 16:46:31,192 [pool-144-thread-1] INFO  storage.RaftStorageDirectory (RaftStorageDirectory.java:analyzeStorage(246)) - The storage directory /workdir/hadoop-ozone/ozonefs/target/test-dir/MiniOzoneClusterImpl-d833ad47-c484-47cf-8e4a-958017684ee6/datanode-1/data/ratis/8cac1a37-8c46-4c8d-9bbc-23b0837f1f20 does not exist. Creating ...
2019-09-19 16:46:31,205 [pool-144-thread-1] INFO  storage.RaftStorageDirectory (RaftStorageDirectory.java:tryLock(328)) - Lock on /workdir/hadoop-ozone/ozonefs/target/test-dir/MiniOzoneClusterImpl-d833ad47-c484-47cf-8e4a-958017684ee6/datanode-1/data/ratis/8cac1a37-8c46-4c8d-9bbc-23b0837f1f20/in_use.lock acquired by nodename 32682@pr-hdds-1569-swxfz-3172132826
2019-09-19 16:46:31,208 [pool-144-thread-1] INFO  storage.RaftStorage (RaftStorage.java:format(72)) - Storage directory /workdir/hadoop-ozone/ozonefs/target/test-dir/MiniOzoneClusterImpl-d833ad47-c484-47cf-8e4a-958017684ee6/datanode-1/data/ratis/8cac1a37-8c46-4c8d-9bbc-23b0837f1f20 has been successfully formatted.
2019-09-19 16:46:31,208 [pool-144-thread-1] INFO  ratis.ContainerStateMachine (ContainerStateMachine.java:loadSnapshot(226)) - group-23B0837F1F20: The snapshot info is null. Setting the last applied indexto:(t:0, i:~)
2019-09-19 16:46:31,208 [pool-144-thread-1] INFO  server.RaftServerConfigKeys (ConfUtils.java:logGet(43)) - raft.server.leader.election.timeout = 120s (custom)
2019-09-19 16:46:31,209 [pool-144-thread-1] INFO  server.RaftServerConfigKeys (ConfUtils.java:logGet(43)) - raft.server.log.use.memory = false (default)
2019-09-19 16:46:31,209 [pool-144-thread-1] INFO  server.RaftServerConfigKeys (ConfUtils.java:logGet(43)) - raft.server.log.purge.gap = 1000000 (custom)
2019-09-19 16:46:31,209 [pool-144-thread-1] INFO  server.RaftServerConfigKeys (ConfUtils.java:logGet(43)) - raft.server.log.appender.buffer.byte-limit = 33554432 (custom)
2019-09-19 16:46:31,209 [pool-144-thread-1] INFO  server.RaftServerConfigKeys (ConfUtils.java:logGet(43)) - raft.server.log.segment.size.max = 1048576 (custom)
2019-09-19 16:46:31,209 [pool-144-thread-1] INFO  server.RaftServerConfigKeys (ConfUtils.java:logGet(43)) - raft.server.log.segment.cache.num.max = 2 (custom)
2019-09-19 16:46:31,209 [pool-144-thread-1] INFO  segmented.SegmentedRaftLogWorker (SegmentedRaftLogWorker.java:<init>(172)) - new 964d8c59-381b-467e-aacd-b99a6c520c67-SegmentedRaftLogWorker:Storage Directory /workdir/hadoop-ozone/ozonefs/target/test-dir/MiniOzoneClusterImpl-d833ad47-c484-47cf-8e4a-958017684ee6/datanode-1/data/ratis/8cac1a37-8c46-4c8d-9bbc-23b0837f1f20 for RaftStorage:Storage Directory /workdir/hadoop-ozone/ozonefs/target/test-dir/MiniOzoneClusterImpl-d833ad47-c484-47cf-8e4a-958017684ee6/datanode-1/data/ratis/8cac1a37-8c46-4c8d-9bbc-23b0837f1f20
2019-09-19 16:46:31,209 [pool-144-thread-1] INFO  server.RaftServerConfigKeys (ConfUtils.java:logGet(43)) - raft.server.log.queue.byte-limit = 2147483647 (custom)
2019-09-19 16:46:31,209 [pool-144-thread-1] INFO  server.RaftServerConfigKeys (ConfUtils.java:logGet(43)) - raft.server.log.queue.element-limit = 1024 (custom)
2019-09-19 16:46:31,210 [pool-144-thread-1] INFO  server.RaftServerConfigKeys (ConfUtils.java:logGet(43)) - raft.server.log.segment.size.max = 1048576 (custom)
2019-09-19 16:46:31,210 [pool-144-thread-1] INFO  server.RaftServerConfigKeys (ConfUtils.java:logGet(43)) - raft.server.log.preallocated.size = 16384 (custom)
2019-09-19 16:46:31,210 [pool-144-thread-1] INFO  server.RaftServerConfigKeys (ConfUtils.java:logGet(43)) - raft.server.log.write.buffer.size = 33554432 (custom)
2019-09-19 16:46:31,210 [pool-144-thread-1] INFO  server.RaftServerConfigKeys (ConfUtils.java:logGet(43)) - raft.server.log.force.sync.num = 128 (default)
2019-09-19 16:46:31,210 [pool-144-thread-1] INFO  server.RaftServerConfigKeys (ConfUtils.java:logGet(43)) - raft.server.log.statemachine.data.sync = true (default)
2019-09-19 16:46:31,210 [pool-144-thread-1] INFO  server.RaftServerConfigKeys (ConfUtils.java:logGet(43)) - raft.server.log.statemachine.data.sync.timeout = 10s (default)
2019-09-19 16:46:31,210 [pool-144-thread-1] INFO  server.RaftServerConfigKeys (ConfUtils.java:logGet(43)) - raft.server.log.statemachine.data.sync.timeout.retry = -1 (default)
2019-09-19 16:46:31,211 [pool-144-thread-1] INFO  server.RaftServerConfigKeys (ConfUtils.java:logGet(43)) - raft.server.log.statemachine.data.caching.enabled = true (custom)
2019-09-19 16:46:31,211 [pool-144-thread-1] INFO  segmented.SegmentedRaftLogWorker (SegmentedRaftLogWorker.java:lambda$new$0(132)) - 964d8c59-381b-467e-aacd-b99a6c520c67-SegmentedRaftLogWorker:Storage Directory /workdir/hadoop-ozone/ozonefs/target/test-dir/MiniOzoneClusterImpl-d833ad47-c484-47cf-8e4a-958017684ee6/datanode-1/data/ratis/8cac1a37-8c46-4c8d-9bbc-23b0837f1f20: flushIndex: setUnconditionally 0 -> -1
2019-09-19 16:46:31,211 [pool-144-thread-1] INFO  server.RaftServerConfigKeys (ConfUtils.java:logGet(43)) - raft.server.snapshot.auto.trigger.enabled = true (custom)
2019-09-19 16:46:31,211 [pool-144-thread-1] INFO  server.RaftServerConfigKeys (ConfUtils.java:logGet(43)) - raft.server.snapshot.auto.trigger.threshold = 10000 (custom)
2019-09-19 16:46:31,212 [pool-144-thread-1] INFO  server.RaftServerConfigKeys (ConfUtils.java:logGet(43)) - raft.server.retrycache.expirytime = 600000ms (custom)
2019-09-19 16:46:31,212 [pool-144-thread-1] INFO  impl.RaftServerImpl (RaftServerImpl.java:start(180)) - 964d8c59-381b-467e-aacd-b99a6c520c67: start group-23B0837F1F20
2019-09-19 16:46:31,212 [pool-144-thread-1] INFO  impl.RaftServerImpl (RaftServerImpl.java:setRole(171)) - 964d8c59-381b-467e-aacd-b99a6c520c67:group-23B0837F1F20 changes role from null to FOLLOWER at term 0 for startAsFollower
2019-09-19 16:46:31,212 [pool-144-thread-1] INFO  impl.RoleInfo (RoleInfo.java:updateAndGet(143)) - 964d8c59-381b-467e-aacd-b99a6c520c67: start FollowerState
2019-09-19 16:46:31,212 [pool-144-thread-1] INFO  util.JmxRegister (JmxRegister.java:tryRegister(44)) - Successfully registered JMX Bean with object name Ratis:service=RaftServer,group=group-23B0837F1F20,id=964d8c59-381b-467e-aacd-b99a6c520c67
2019-09-19 16:46:31,215 [RatisPipelineUtilsThread] INFO  pipeline.PipelineStateManager (PipelineStateManager.java:addPipeline(56)) - Created pipeline Pipeline[ Id: 8cac1a37-8c46-4c8d-9bbc-23b0837f1f20, Nodes: 964d8c59-381b-467e-aacd-b99a6c520c67{ip: 192.168.157.226, host: pr-hdds-1569-swxfz-3172132826, networkLocation: /default-rack, certSerialId: null}, Type:RATIS, Factor:ONE, State:OPEN]
2019-09-19 16:46:31,215 [RatisPipelineUtilsThread] ERROR pipeline.PipelinePlacementPolicy (PipelinePlacementPolicy.java:meetCriteria(91)) - Pipeline Placement: Doesn't meet the criteria to be viable node. Heaviness: 6
2019-09-19 16:46:31,221 [grpc-default-executor-0] INFO  impl.RaftServerProxy (RaftServerProxy.java:addNew(89)) - 5a43fd14-5c4d-4177-84d0-63947bd71be7: addNew group-9C13B71559DC:[5a43fd14-5c4d-4177-84d0-63947bd71be7:192.168.157.226:36535] returns group-9C13B71559DC:java.util.concurrent.CompletableFuture@22e0a336[Not completed]
2019-09-19 16:46:31,222 [pool-155-thread-1] INFO  impl.RaftServerImpl (RaftServerImpl.java:<init>(93)) - 5a43fd14-5c4d-4177-84d0-63947bd71be7: new RaftServerImpl for group-9C13B71559DC:[5a43fd14-5c4d-4177-84d0-63947bd71be7:192.168.157.226:36535] with ContainerStateMachine:uninitialized
2019-09-19 16:46:31,222 [pool-155-thread-1] INFO  server.RaftServerConfigKeys (ConfUtils.java:logGet(43)) - raft.server.rpc.timeout.min = 5s (custom)
2019-09-19 16:46:31,222 [pool-155-thread-1] INFO  server.RaftServerConfigKeys (ConfUtils.java:logGet(43)) - raft.server.rpc.timeout.max = 5200ms (custom)
2019-09-19 16:46:31,222 [pool-155-thread-1] INFO  server.RaftServerConfigKeys (ConfUtils.java:logGet(43)) - raft.server.rpcslowness.timeout = 120s (custom)
2019-09-19 16:46:31,223 [pool-155-thread-1] INFO  server.RaftServerConfigKeys (ConfUtils.java:logGet(43)) - raft.server.sleep.deviation.threshold = 300 (default)
2019-09-19 16:46:31,223 [pool-155-thread-1] INFO  server.RaftServerConfigKeys (ConfUtils.java:logGet(43)) - raft.server.log.appender.install.snapshot.enabled = false (custom)
2019-09-19 16:46:31,223 [pool-155-thread-1] INFO  impl.RaftServerImpl (ServerState.java:<init>(105)) - 5a43fd14-5c4d-4177-84d0-63947bd71be7:group-9C13B71559DC ConfigurationManager, init=-1: [5a43fd14-5c4d-4177-84d0-63947bd71be7:192.168.157.226:36535], old=null, confs=<EMPTY_MAP>
2019-09-19 16:46:31,223 [pool-155-thread-1] INFO  server.RaftServerConfigKeys (ConfUtils.java:logGet(43)) - raft.server.storage.dir = [/workdir/hadoop-ozone/ozonefs/target/test-dir/MiniOzoneClusterImpl-d833ad47-c484-47cf-8e4a-958017684ee6/datanode-2/data/ratis] (custom)
2019-09-19 16:46:31,223 [pool-155-thread-1] INFO  storage.RaftStorageDirectory (RaftStorageDirectory.java:analyzeStorage(246)) - The storage directory /workdir/hadoop-ozone/ozonefs/target/test-dir/MiniOzoneClusterImpl-d833ad47-c484-47cf-8e4a-958017684ee6/datanode-2/data/ratis/0feb0b0b-55f8-4e85-8f35-9c13b71559dc does not exist. Creating ...
2019-09-19 16:46:31,226 [pool-155-thread-1] INFO  storage.RaftStorageDirectory (RaftStorageDirectory.java:tryLock(328)) - Lock on /workdir/hadoop-ozone/ozonefs/target/test-dir/MiniOzoneClusterImpl-d833ad47-c484-47cf-8e4a-958017684ee6/datanode-2/data/ratis/0feb0b0b-55f8-4e85-8f35-9c13b71559dc/in_use.lock acquired by nodename 32682@pr-hdds-1569-swxfz-3172132826
2019-09-19 16:46:31,230 [pool-155-thread-1] INFO  storage.RaftStorage (RaftStorage.java:format(72)) - Storage directory /workdir/hadoop-ozone/ozonefs/target/test-dir/MiniOzoneClusterImpl-d833ad47-c484-47cf-8e4a-958017684ee6/datanode-2/data/ratis/0feb0b0b-55f8-4e85-8f35-9c13b71559dc has been successfully formatted.
2019-09-19 16:46:31,230 [pool-155-thread-1] INFO  ratis.ContainerStateMachine (ContainerStateMachine.java:loadSnapshot(226)) - group-9C13B71559DC: The snapshot info is null. Setting the last applied indexto:(t:0, i:~)
2019-09-19 16:46:31,230 [pool-155-thread-1] INFO  server.RaftServerConfigKeys (ConfUtils.java:logGet(43)) - raft.server.leader.election.timeout = 120s (custom)
2019-09-19 16:46:31,231 [pool-155-thread-1] INFO  server.RaftServerConfigKeys (ConfUtils.java:logGet(43)) - raft.server.log.use.memory = false (default)
2019-09-19 16:46:31,231 [pool-155-thread-1] INFO  server.RaftServerConfigKeys (ConfUtils.java:logGet(43)) - raft.server.log.purge.gap = 1000000 (custom)
2019-09-19 16:46:31,231 [pool-155-thread-1] INFO  server.RaftServerConfigKeys (ConfUtils.java:logGet(43)) - raft.server.log.appender.buffer.byte-limit = 33554432 (custom)
2019-09-19 16:46:31,231 [pool-155-thread-1] INFO  server.RaftServerConfigKeys (ConfUtils.java:logGet(43)) - raft.server.log.segment.size.max = 1048576 (custom)
2019-09-19 16:46:31,231 [pool-155-thread-1] INFO  server.RaftServerConfigKeys (ConfUtils.java:logGet(43)) - raft.server.log.segment.cache.num.max = 2 (custom)
2019-09-19 16:46:31,231 [pool-155-thread-1] INFO  segmented.SegmentedRaftLogWorker (SegmentedRaftLogWorker.java:<init>(172)) - new 5a43fd14-5c4d-4177-84d0-63947bd71be7-SegmentedRaftLogWorker:Storage Directory /workdir/hadoop-ozone/ozonefs/target/test-dir/MiniOzoneClusterImpl-d833ad47-c484-47cf-8e4a-958017684ee6/datanode-2/data/ratis/0feb0b0b-55f8-4e85-8f35-9c13b71559dc for RaftStorage:Storage Directory /workdir/hadoop-ozone/ozonefs/target/test-dir/MiniOzoneClusterImpl-d833ad47-c484-47cf-8e4a-958017684ee6/datanode-2/data/ratis/0feb0b0b-55f8-4e85-8f35-9c13b71559dc
2019-09-19 16:46:31,231 [pool-155-thread-1] INFO  server.RaftServerConfigKeys (ConfUtils.java:logGet(43)) - raft.server.log.queue.byte-limit = 2147483647 (custom)
2019-09-19 16:46:31,232 [pool-155-thread-1] INFO  server.RaftServerConfigKeys (ConfUtils.java:logGet(43)) - raft.server.log.queue.element-limit = 1024 (custom)
2019-09-19 16:46:31,232 [pool-155-thread-1] INFO  server.RaftServerConfigKeys (ConfUtils.java:logGet(43)) - raft.server.log.segment.size.max = 1048576 (custom)
2019-09-19 16:46:31,232 [pool-155-thread-1] INFO  server.RaftServerConfigKeys (ConfUtils.java:logGet(43)) - raft.server.log.preallocated.size = 16384 (custom)
2019-09-19 16:46:31,232 [pool-155-thread-1] INFO  server.RaftServerConfigKeys (ConfUtils.java:logGet(43)) - raft.server.log.write.buffer.size = 33554432 (custom)
2019-09-19 16:46:31,232 [pool-155-thread-1] INFO  server.RaftServerConfigKeys (ConfUtils.java:logGet(43)) - raft.server.log.force.sync.num = 128 (default)
2019-09-19 16:46:31,232 [pool-155-thread-1] INFO  server.RaftServerConfigKeys (ConfUtils.java:logGet(43)) - raft.server.log.statemachine.data.sync = true (default)
2019-09-19 16:46:31,232 [pool-155-thread-1] INFO  server.RaftServerConfigKeys (ConfUtils.java:logGet(43)) - raft.server.log.statemachine.data.sync.timeout = 10s (default)
2019-09-19 16:46:31,233 [pool-155-thread-1] INFO  server.RaftServerConfigKeys (ConfUtils.java:logGet(43)) - raft.server.log.statemachine.data.sync.timeout.retry = -1 (default)
2019-09-19 16:46:31,233 [pool-155-thread-1] INFO  server.RaftServerConfigKeys (ConfUtils.java:logGet(43)) - raft.server.log.statemachine.data.caching.enabled = true (custom)
2019-09-19 16:46:31,233 [pool-155-thread-1] INFO  segmented.SegmentedRaftLogWorker (SegmentedRaftLogWorker.java:lambda$new$0(132)) - 5a43fd14-5c4d-4177-84d0-63947bd71be7-SegmentedRaftLogWorker:Storage Directory /workdir/hadoop-ozone/ozonefs/target/test-dir/MiniOzoneClusterImpl-d833ad47-c484-47cf-8e4a-958017684ee6/datanode-2/data/ratis/0feb0b0b-55f8-4e85-8f35-9c13b71559dc: flushIndex: setUnconditionally 0 -> -1
2019-09-19 16:46:31,233 [pool-155-thread-1] INFO  server.RaftServerConfigKeys (ConfUtils.java:logGet(43)) - raft.server.snapshot.auto.trigger.enabled = true (custom)
2019-09-19 16:46:31,234 [pool-155-thread-1] INFO  server.RaftServerConfigKeys (ConfUtils.java:logGet(43)) - raft.server.snapshot.auto.trigger.threshold = 10000 (custom)
2019-09-19 16:46:31,234 [pool-155-thread-1] INFO  server.RaftServerConfigKeys (ConfUtils.java:logGet(43)) - raft.server.retrycache.expirytime = 600000ms (custom)
2019-09-19 16:46:31,234 [pool-155-thread-1] INFO  impl.RaftServerImpl (RaftServerImpl.java:start(180)) - 5a43fd14-5c4d-4177-84d0-63947bd71be7: start group-9C13B71559DC
2019-09-19 16:46:31,234 [pool-155-thread-1] INFO  impl.RaftServerImpl (RaftServerImpl.java:setRole(171)) - 5a43fd14-5c4d-4177-84d0-63947bd71be7:group-9C13B71559DC changes role from null to FOLLOWER at term 0 for startAsFollower
2019-09-19 16:46:31,234 [pool-155-thread-1] INFO  impl.RoleInfo (RoleInfo.java:updateAndGet(143)) - 5a43fd14-5c4d-4177-84d0-63947bd71be7: start FollowerState
2019-09-19 16:46:31,234 [pool-155-thread-1] INFO  util.JmxRegister (JmxRegister.java:tryRegister(44)) - Successfully registered JMX Bean with object name Ratis:service=RaftServer,group=group-9C13B71559DC,id=5a43fd14-5c4d-4177-84d0-63947bd71be7
2019-09-19 16:46:31,237 [RatisPipelineUtilsThread] INFO  pipeline.PipelineStateManager (PipelineStateManager.java:addPipeline(56)) - Created pipeline Pipeline[ Id: 0feb0b0b-55f8-4e85-8f35-9c13b71559dc, Nodes: 5a43fd14-5c4d-4177-84d0-63947bd71be7{ip: 192.168.157.226, host: pr-hdds-1569-swxfz-3172132826, networkLocation: /default-rack, certSerialId: null}, Type:RATIS, Factor:ONE, State:OPEN]
2019-09-19 16:46:31,237 [RatisPipelineUtilsThread] ERROR pipeline.PipelinePlacementPolicy (PipelinePlacementPolicy.java:meetCriteria(91)) - Pipeline Placement: Doesn't meet the criteria to be viable node. Heaviness: 6
2019-09-19 16:46:31,242 [grpc-default-executor-0] INFO  impl.RaftServerProxy (RaftServerProxy.java:addNew(89)) - 5a43fd14-5c4d-4177-84d0-63947bd71be7: addNew group-61E402FD8545:[5a43fd14-5c4d-4177-84d0-63947bd71be7:192.168.157.226:36535] returns group-61E402FD8545:java.util.concurrent.CompletableFuture@15c40314[Not completed]
2019-09-19 16:46:31,243 [pool-155-thread-1] INFO  impl.RaftServerImpl (RaftServerImpl.java:<init>(93)) - 5a43fd14-5c4d-4177-84d0-63947bd71be7: new RaftServerImpl for group-61E402FD8545:[5a43fd14-5c4d-4177-84d0-63947bd71be7:192.168.157.226:36535] with ContainerStateMachine:uninitialized
2019-09-19 16:46:31,244 [pool-155-thread-1] INFO  server.RaftServerConfigKeys (ConfUtils.java:logGet(43)) - raft.server.rpc.timeout.min = 5s (custom)
2019-09-19 16:46:31,244 [pool-155-thread-1] INFO  server.RaftServerConfigKeys (ConfUtils.java:logGet(43)) - raft.server.rpc.timeout.max = 5200ms (custom)
2019-09-19 16:46:31,244 [pool-155-thread-1] INFO  server.RaftServerConfigKeys (ConfUtils.java:logGet(43)) - raft.server.rpcslowness.timeout = 120s (custom)
2019-09-19 16:46:31,244 [pool-155-thread-1] INFO  server.RaftServerConfigKeys (ConfUtils.java:logGet(43)) - raft.server.sleep.deviation.threshold = 300 (default)
2019-09-19 16:46:31,244 [pool-155-thread-1] INFO  server.RaftServerConfigKeys (ConfUtils.java:logGet(43)) - raft.server.log.appender.install.snapshot.enabled = false (custom)
2019-09-19 16:46:31,244 [pool-155-thread-1] INFO  impl.RaftServerImpl (ServerState.java:<init>(105)) - 5a43fd14-5c4d-4177-84d0-63947bd71be7:group-61E402FD8545 ConfigurationManager, init=-1: [5a43fd14-5c4d-4177-84d0-63947bd71be7:192.168.157.226:36535], old=null, confs=<EMPTY_MAP>
2019-09-19 16:46:31,244 [pool-155-thread-1] INFO  server.RaftServerConfigKeys (ConfUtils.java:logGet(43)) - raft.server.storage.dir = [/workdir/hadoop-ozone/ozonefs/target/test-dir/MiniOzoneClusterImpl-d833ad47-c484-47cf-8e4a-958017684ee6/datanode-2/data/ratis] (custom)
2019-09-19 16:46:31,245 [pool-155-thread-1] INFO  storage.RaftStorageDirectory (RaftStorageDirectory.java:analyzeStorage(246)) - The storage directory /workdir/hadoop-ozone/ozonefs/target/test-dir/MiniOzoneClusterImpl-d833ad47-c484-47cf-8e4a-958017684ee6/datanode-2/data/ratis/54969b86-f921-4426-8697-61e402fd8545 does not exist. Creating ...
2019-09-19 16:46:31,249 [pool-155-thread-1] INFO  storage.RaftStorageDirectory (RaftStorageDirectory.java:tryLock(328)) - Lock on /workdir/hadoop-ozone/ozonefs/target/test-dir/MiniOzoneClusterImpl-d833ad47-c484-47cf-8e4a-958017684ee6/datanode-2/data/ratis/54969b86-f921-4426-8697-61e402fd8545/in_use.lock acquired by nodename 32682@pr-hdds-1569-swxfz-3172132826
2019-09-19 16:46:31,287 [pool-155-thread-1] INFO  storage.RaftStorage (RaftStorage.java:format(72)) - Storage directory /workdir/hadoop-ozone/ozonefs/target/test-dir/MiniOzoneClusterImpl-d833ad47-c484-47cf-8e4a-958017684ee6/datanode-2/data/ratis/54969b86-f921-4426-8697-61e402fd8545 has been successfully formatted.
2019-09-19 16:46:31,287 [pool-155-thread-1] INFO  ratis.ContainerStateMachine (ContainerStateMachine.java:loadSnapshot(226)) - group-61E402FD8545: The snapshot info is null. Setting the last applied indexto:(t:0, i:~)
2019-09-19 16:46:31,287 [pool-155-thread-1] INFO  server.RaftServerConfigKeys (ConfUtils.java:logGet(43)) - raft.server.leader.election.timeout = 120s (custom)
2019-09-19 16:46:31,287 [pool-155-thread-1] INFO  server.RaftServerConfigKeys (ConfUtils.java:logGet(43)) - raft.server.log.use.memory = false (default)
2019-09-19 16:46:31,287 [pool-155-thread-1] INFO  server.RaftServerConfigKeys (ConfUtils.java:logGet(43)) - raft.server.log.purge.gap = 1000000 (custom)
2019-09-19 16:46:31,288 [pool-155-thread-1] INFO  server.RaftServerConfigKeys (ConfUtils.java:logGet(43)) - raft.server.log.appender.buffer.byte-limit = 33554432 (custom)
2019-09-19 16:46:31,288 [pool-155-thread-1] INFO  server.RaftServerConfigKeys (ConfUtils.java:logGet(43)) - raft.server.log.segment.size.max = 1048576 (custom)
2019-09-19 16:46:31,288 [pool-155-thread-1] INFO  server.RaftServerConfigKeys (ConfUtils.java:logGet(43)) - raft.server.log.segment.cache.num.max = 2 (custom)
2019-09-19 16:46:31,288 [pool-155-thread-1] INFO  segmented.SegmentedRaftLogWorker (SegmentedRaftLogWorker.java:<init>(172)) - new 5a43fd14-5c4d-4177-84d0-63947bd71be7-SegmentedRaftLogWorker:Storage Directory /workdir/hadoop-ozone/ozonefs/target/test-dir/MiniOzoneClusterImpl-d833ad47-c484-47cf-8e4a-958017684ee6/datanode-2/data/ratis/54969b86-f921-4426-8697-61e402fd8545 for RaftStorage:Storage Directory /workdir/hadoop-ozone/ozonefs/target/test-dir/MiniOzoneClusterImpl-d833ad47-c484-47cf-8e4a-958017684ee6/datanode-2/data/ratis/54969b86-f921-4426-8697-61e402fd8545
2019-09-19 16:46:31,288 [pool-155-thread-1] INFO  server.RaftServerConfigKeys (ConfUtils.java:logGet(43)) - raft.server.log.queue.byte-limit = 2147483647 (custom)
2019-09-19 16:46:31,288 [pool-155-thread-1] INFO  server.RaftServerConfigKeys (ConfUtils.java:logGet(43)) - raft.server.log.queue.element-limit = 1024 (custom)
2019-09-19 16:46:31,288 [pool-155-thread-1] INFO  server.RaftServerConfigKeys (ConfUtils.java:logGet(43)) - raft.server.log.segment.size.max = 1048576 (custom)
2019-09-19 16:46:31,289 [pool-155-thread-1] INFO  server.RaftServerConfigKeys (ConfUtils.java:logGet(43)) - raft.server.log.preallocated.size = 16384 (custom)
2019-09-19 16:46:31,289 [pool-155-thread-1] INFO  server.RaftServerConfigKeys (ConfUtils.java:logGet(43)) - raft.server.log.write.buffer.size = 33554432 (custom)
2019-09-19 16:46:31,289 [pool-155-thread-1] INFO  server.RaftServerConfigKeys (ConfUtils.java:logGet(43)) - raft.server.log.force.sync.num = 128 (default)
2019-09-19 16:46:31,289 [pool-155-thread-1] INFO  server.RaftServerConfigKeys (ConfUtils.java:logGet(43)) - raft.server.log.statemachine.data.sync = true (default)
2019-09-19 16:46:31,289 [pool-155-thread-1] INFO  server.RaftServerConfigKeys (ConfUtils.java:logGet(43)) - raft.server.log.statemachine.data.sync.timeout = 10s (default)
2019-09-19 16:46:31,289 [pool-155-thread-1] INFO  server.RaftServerConfigKeys (ConfUtils.java:logGet(43)) - raft.server.log.statemachine.data.sync.timeout.retry = -1 (default)
2019-09-19 16:46:31,289 [pool-155-thread-1] INFO  server.RaftServerConfigKeys (ConfUtils.java:logGet(43)) - raft.server.log.statemachine.data.caching.enabled = true (custom)
2019-09-19 16:46:31,290 [pool-155-thread-1] INFO  segmented.SegmentedRaftLogWorker (SegmentedRaftLogWorker.java:lambda$new$0(132)) - 5a43fd14-5c4d-4177-84d0-63947bd71be7-SegmentedRaftLogWorker:Storage Directory /workdir/hadoop-ozone/ozonefs/target/test-dir/MiniOzoneClusterImpl-d833ad47-c484-47cf-8e4a-958017684ee6/datanode-2/data/ratis/54969b86-f921-4426-8697-61e402fd8545: flushIndex: setUnconditionally 0 -> -1
2019-09-19 16:46:31,290 [pool-155-thread-1] INFO  server.RaftServerConfigKeys (ConfUtils.java:logGet(43)) - raft.server.snapshot.auto.trigger.enabled = true (custom)
2019-09-19 16:46:31,290 [pool-155-thread-1] INFO  server.RaftServerConfigKeys (ConfUtils.java:logGet(43)) - raft.server.snapshot.auto.trigger.threshold = 10000 (custom)
2019-09-19 16:46:31,290 [pool-155-thread-1] INFO  server.RaftServerConfigKeys (ConfUtils.java:logGet(43)) - raft.server.retrycache.expirytime = 600000ms (custom)
2019-09-19 16:46:31,291 [pool-155-thread-1] INFO  impl.RaftServerImpl (RaftServerImpl.java:start(180)) - 5a43fd14-5c4d-4177-84d0-63947bd71be7: start group-61E402FD8545
2019-09-19 16:46:31,291 [pool-155-thread-1] INFO  impl.RaftServerImpl (RaftServerImpl.java:setRole(171)) - 5a43fd14-5c4d-4177-84d0-63947bd71be7:group-61E402FD8545 changes role from null to FOLLOWER at term 0 for startAsFollower
2019-09-19 16:46:31,291 [pool-155-thread-1] INFO  impl.RoleInfo (RoleInfo.java:updateAndGet(143)) - 5a43fd14-5c4d-4177-84d0-63947bd71be7: start FollowerState
2019-09-19 16:46:31,291 [pool-155-thread-1] INFO  util.JmxRegister (JmxRegister.java:tryRegister(44)) - Successfully registered JMX Bean with object name Ratis:service=RaftServer,group=group-61E402FD8545,id=5a43fd14-5c4d-4177-84d0-63947bd71be7
2019-09-19 16:46:31,294 [RatisPipelineUtilsThread] INFO  pipeline.PipelineStateManager (PipelineStateManager.java:addPipeline(56)) - Created pipeline Pipeline[ Id: 54969b86-f921-4426-8697-61e402fd8545, Nodes: 5a43fd14-5c4d-4177-84d0-63947bd71be7{ip: 192.168.157.226, host: pr-hdds-1569-swxfz-3172132826, networkLocation: /default-rack, certSerialId: null}, Type:RATIS, Factor:ONE, State:OPEN]
2019-09-19 16:46:31,295 [RatisPipelineUtilsThread] ERROR pipeline.PipelinePlacementPolicy (PipelinePlacementPolicy.java:meetCriteria(91)) - Pipeline Placement: Doesn't meet the criteria to be viable node. Heaviness: 6
2019-09-19 16:46:31,300 [grpc-default-executor-0] INFO  impl.RaftServerProxy (RaftServerProxy.java:addNew(89)) - 964d8c59-381b-467e-aacd-b99a6c520c67: addNew group-D49C5531F311:[964d8c59-381b-467e-aacd-b99a6c520c67:192.168.157.226:32835] returns group-D49C5531F311:java.util.concurrent.CompletableFuture@1a9566b8[Not completed]
2019-09-19 16:46:31,301 [pool-144-thread-1] INFO  impl.RaftServerImpl (RaftServerImpl.java:<init>(93)) - 964d8c59-381b-467e-aacd-b99a6c520c67: new RaftServerImpl for group-D49C5531F311:[964d8c59-381b-467e-aacd-b99a6c520c67:192.168.157.226:32835] with ContainerStateMachine:uninitialized
2019-09-19 16:46:31,302 [pool-144-thread-1] INFO  server.RaftServerConfigKeys (ConfUtils.java:logGet(43)) - raft.server.rpc.timeout.min = 5s (custom)
2019-09-19 16:46:31,302 [pool-144-thread-1] INFO  server.RaftServerConfigKeys (ConfUtils.java:logGet(43)) - raft.server.rpc.timeout.max = 5200ms (custom)
2019-09-19 16:46:31,302 [pool-144-thread-1] INFO  server.RaftServerConfigKeys (ConfUtils.java:logGet(43)) - raft.server.rpcslowness.timeout = 120s (custom)
2019-09-19 16:46:31,302 [pool-144-thread-1] INFO  server.RaftServerConfigKeys (ConfUtils.java:logGet(43)) - raft.server.sleep.deviation.threshold = 300 (default)
2019-09-19 16:46:31,302 [pool-144-thread-1] INFO  server.RaftServerConfigKeys (ConfUtils.java:logGet(43)) - raft.server.log.appender.install.snapshot.enabled = false (custom)
2019-09-19 16:46:31,302 [pool-144-thread-1] INFO  impl.RaftServerImpl (ServerState.java:<init>(105)) - 964d8c59-381b-467e-aacd-b99a6c520c67:group-D49C5531F311 ConfigurationManager, init=-1: [964d8c59-381b-467e-aacd-b99a6c520c67:192.168.157.226:32835], old=null, confs=<EMPTY_MAP>
2019-09-19 16:46:31,302 [pool-144-thread-1] INFO  server.RaftServerConfigKeys (ConfUtils.java:logGet(43)) - raft.server.storage.dir = [/workdir/hadoop-ozone/ozonefs/target/test-dir/MiniOzoneClusterImpl-d833ad47-c484-47cf-8e4a-958017684ee6/datanode-1/data/ratis] (custom)
2019-09-19 16:46:31,303 [pool-144-thread-1] INFO  storage.RaftStorageDirectory (RaftStorageDirectory.java:analyzeStorage(246)) - The storage directory /workdir/hadoop-ozone/ozonefs/target/test-dir/MiniOzoneClusterImpl-d833ad47-c484-47cf-8e4a-958017684ee6/datanode-1/data/ratis/d30d2e73-23a9-419d-be59-d49c5531f311 does not exist. Creating ...
2019-09-19 16:46:31,324 [pool-144-thread-1] INFO  storage.RaftStorageDirectory (RaftStorageDirectory.java:tryLock(328)) - Lock on /workdir/hadoop-ozone/ozonefs/target/test-dir/MiniOzoneClusterImpl-d833ad47-c484-47cf-8e4a-958017684ee6/datanode-1/data/ratis/d30d2e73-23a9-419d-be59-d49c5531f311/in_use.lock acquired by nodename 32682@pr-hdds-1569-swxfz-3172132826
2019-09-19 16:46:31,337 [pool-144-thread-1] INFO  storage.RaftStorage (RaftStorage.java:format(72)) - Storage directory /workdir/hadoop-ozone/ozonefs/target/test-dir/MiniOzoneClusterImpl-d833ad47-c484-47cf-8e4a-958017684ee6/datanode-1/data/ratis/d30d2e73-23a9-419d-be59-d49c5531f311 has been successfully formatted.
2019-09-19 16:46:31,337 [pool-144-thread-1] INFO  ratis.ContainerStateMachine (ContainerStateMachine.java:loadSnapshot(226)) - group-D49C5531F311: The snapshot info is null. Setting the last applied indexto:(t:0, i:~)
2019-09-19 16:46:31,337 [pool-144-thread-1] INFO  server.RaftServerConfigKeys (ConfUtils.java:logGet(43)) - raft.server.leader.election.timeout = 120s (custom)
2019-09-19 16:46:31,338 [pool-144-thread-1] INFO  server.RaftServerConfigKeys (ConfUtils.java:logGet(43)) - raft.server.log.use.memory = false (default)
2019-09-19 16:46:31,338 [pool-144-thread-1] INFO  server.RaftServerConfigKeys (ConfUtils.java:logGet(43)) - raft.server.log.purge.gap = 1000000 (custom)
2019-09-19 16:46:31,338 [pool-144-thread-1] INFO  server.RaftServerConfigKeys (ConfUtils.java:logGet(43)) - raft.server.log.appender.buffer.byte-limit = 33554432 (custom)
2019-09-19 16:46:31,338 [pool-144-thread-1] INFO  server.RaftServerConfigKeys (ConfUtils.java:logGet(43)) - raft.server.log.segment.size.max = 1048576 (custom)
2019-09-19 16:46:31,338 [pool-144-thread-1] INFO  server.RaftServerConfigKeys (ConfUtils.java:logGet(43)) - raft.server.log.segment.cache.num.max = 2 (custom)
2019-09-19 16:46:31,339 [pool-144-thread-1] INFO  segmented.SegmentedRaftLogWorker (SegmentedRaftLogWorker.java:<init>(172)) - new 964d8c59-381b-467e-aacd-b99a6c520c67-SegmentedRaftLogWorker:Storage Directory /workdir/hadoop-ozone/ozonefs/target/test-dir/MiniOzoneClusterImpl-d833ad47-c484-47cf-8e4a-958017684ee6/datanode-1/data/ratis/d30d2e73-23a9-419d-be59-d49c5531f311 for RaftStorage:Storage Directory /workdir/hadoop-ozone/ozonefs/target/test-dir/MiniOzoneClusterImpl-d833ad47-c484-47cf-8e4a-958017684ee6/datanode-1/data/ratis/d30d2e73-23a9-419d-be59-d49c5531f311
2019-09-19 16:46:31,339 [pool-144-thread-1] INFO  server.RaftServerConfigKeys (ConfUtils.java:logGet(43)) - raft.server.log.queue.byte-limit = 2147483647 (custom)
2019-09-19 16:46:31,339 [pool-144-thread-1] INFO  server.RaftServerConfigKeys (ConfUtils.java:logGet(43)) - raft.server.log.queue.element-limit = 1024 (custom)
2019-09-19 16:46:31,339 [pool-144-thread-1] INFO  server.RaftServerConfigKeys (ConfUtils.java:logGet(43)) - raft.server.log.segment.size.max = 1048576 (custom)
2019-09-19 16:46:31,339 [pool-144-thread-1] INFO  server.RaftServerConfigKeys (ConfUtils.java:logGet(43)) - raft.server.log.preallocated.size = 16384 (custom)
2019-09-19 16:46:31,339 [pool-144-thread-1] INFO  server.RaftServerConfigKeys (ConfUtils.java:logGet(43)) - raft.server.log.write.buffer.size = 33554432 (custom)
2019-09-19 16:46:31,340 [pool-144-thread-1] INFO  server.RaftServerConfigKeys (ConfUtils.java:logGet(43)) - raft.server.log.force.sync.num = 128 (default)
2019-09-19 16:46:31,340 [pool-144-thread-1] INFO  server.RaftServerConfigKeys (ConfUtils.java:logGet(43)) - raft.server.log.statemachine.data.sync = true (default)
2019-09-19 16:46:31,340 [pool-144-thread-1] INFO  server.RaftServerConfigKeys (ConfUtils.java:logGet(43)) - raft.server.log.statemachine.data.sync.timeout = 10s (default)
2019-09-19 16:46:31,340 [pool-144-thread-1] INFO  server.RaftServerConfigKeys (ConfUtils.java:logGet(43)) - raft.server.log.statemachine.data.sync.timeout.retry = -1 (default)
2019-09-19 16:46:31,340 [pool-144-thread-1] INFO  server.RaftServerConfigKeys (ConfUtils.java:logGet(43)) - raft.server.log.statemachine.data.caching.enabled = true (custom)
2019-09-19 16:46:31,341 [pool-144-thread-1] INFO  segmented.SegmentedRaftLogWorker (SegmentedRaftLogWorker.java:lambda$new$0(132)) - 964d8c59-381b-467e-aacd-b99a6c520c67-SegmentedRaftLogWorker:Storage Directory /workdir/hadoop-ozone/ozonefs/target/test-dir/MiniOzoneClusterImpl-d833ad47-c484-47cf-8e4a-958017684ee6/datanode-1/data/ratis/d30d2e73-23a9-419d-be59-d49c5531f311: flushIndex: setUnconditionally 0 -> -1
2019-09-19 16:46:31,341 [pool-144-thread-1] INFO  server.RaftServerConfigKeys (ConfUtils.java:logGet(43)) - raft.server.snapshot.auto.trigger.enabled = true (custom)
2019-09-19 16:46:31,341 [pool-144-thread-1] INFO  server.RaftServerConfigKeys (ConfUtils.java:logGet(43)) - raft.server.snapshot.auto.trigger.threshold = 10000 (custom)
2019-09-19 16:46:31,342 [pool-144-thread-1] INFO  server.RaftServerConfigKeys (ConfUtils.java:logGet(43)) - raft.server.retrycache.expirytime = 600000ms (custom)
2019-09-19 16:46:31,342 [pool-144-thread-1] INFO  impl.RaftServerImpl (RaftServerImpl.java:start(180)) - 964d8c59-381b-467e-aacd-b99a6c520c67: start group-D49C5531F311
2019-09-19 16:46:31,342 [pool-144-thread-1] INFO  impl.RaftServerImpl (RaftServerImpl.java:setRole(171)) - 964d8c59-381b-467e-aacd-b99a6c520c67:group-D49C5531F311 changes role from null to FOLLOWER at term 0 for startAsFollower
2019-09-19 16:46:31,342 [pool-144-thread-1] INFO  impl.RoleInfo (RoleInfo.java:updateAndGet(143)) - 964d8c59-381b-467e-aacd-b99a6c520c67: start FollowerState
2019-09-19 16:46:31,343 [pool-144-thread-1] INFO  util.JmxRegister (JmxRegister.java:tryRegister(44)) - Successfully registered JMX Bean with object name Ratis:service=RaftServer,group=group-D49C5531F311,id=964d8c59-381b-467e-aacd-b99a6c520c67
2019-09-19 16:46:31,346 [RatisPipelineUtilsThread] INFO  pipeline.PipelineStateManager (PipelineStateManager.java:addPipeline(56)) - Created pipeline Pipeline[ Id: d30d2e73-23a9-419d-be59-d49c5531f311, Nodes: 964d8c59-381b-467e-aacd-b99a6c520c67{ip: 192.168.157.226, host: pr-hdds-1569-swxfz-3172132826, networkLocation: /default-rack, certSerialId: null}, Type:RATIS, Factor:ONE, State:OPEN]
2019-09-19 16:46:31,346 [RatisPipelineUtilsThread] ERROR pipeline.PipelinePlacementPolicy (PipelinePlacementPolicy.java:meetCriteria(91)) - Pipeline Placement: Doesn't meet the criteria to be viable node. Heaviness: 6
2019-09-19 16:46:31,353 [grpc-default-executor-0] INFO  impl.RaftServerProxy (RaftServerProxy.java:addNew(89)) - 5a43fd14-5c4d-4177-84d0-63947bd71be7: addNew group-137C543C1FD9:[5a43fd14-5c4d-4177-84d0-63947bd71be7:192.168.157.226:36535] returns group-137C543C1FD9:java.util.concurrent.CompletableFuture@139345a[Not completed]
2019-09-19 16:46:31,354 [pool-155-thread-1] INFO  impl.RaftServerImpl (RaftServerImpl.java:<init>(93)) - 5a43fd14-5c4d-4177-84d0-63947bd71be7: new RaftServerImpl for group-137C543C1FD9:[5a43fd14-5c4d-4177-84d0-63947bd71be7:192.168.157.226:36535] with ContainerStateMachine:uninitialized
2019-09-19 16:46:31,354 [pool-155-thread-1] INFO  server.RaftServerConfigKeys (ConfUtils.java:logGet(43)) - raft.server.rpc.timeout.min = 5s (custom)
2019-09-19 16:46:31,354 [pool-155-thread-1] INFO  server.RaftServerConfigKeys (ConfUtils.java:logGet(43)) - raft.server.rpc.timeout.max = 5200ms (custom)
2019-09-19 16:46:31,354 [pool-155-thread-1] INFO  server.RaftServerConfigKeys (ConfUtils.java:logGet(43)) - raft.server.rpcslowness.timeout = 120s (custom)
2019-09-19 16:46:31,354 [pool-155-thread-1] INFO  server.RaftServerConfigKeys (ConfUtils.java:logGet(43)) - raft.server.sleep.deviation.threshold = 300 (default)
2019-09-19 16:46:31,355 [pool-155-thread-1] INFO  server.RaftServerConfigKeys (ConfUtils.java:logGet(43)) - raft.server.log.appender.install.snapshot.enabled = false (custom)
2019-09-19 16:46:31,355 [pool-155-thread-1] INFO  impl.RaftServerImpl (ServerState.java:<init>(105)) - 5a43fd14-5c4d-4177-84d0-63947bd71be7:group-137C543C1FD9 ConfigurationManager, init=-1: [5a43fd14-5c4d-4177-84d0-63947bd71be7:192.168.157.226:36535], old=null, confs=<EMPTY_MAP>
2019-09-19 16:46:31,355 [pool-155-thread-1] INFO  server.RaftServerConfigKeys (ConfUtils.java:logGet(43)) - raft.server.storage.dir = [/workdir/hadoop-ozone/ozonefs/target/test-dir/MiniOzoneClusterImpl-d833ad47-c484-47cf-8e4a-958017684ee6/datanode-2/data/ratis] (custom)
2019-09-19 16:46:31,355 [pool-155-thread-1] INFO  storage.RaftStorageDirectory (RaftStorageDirectory.java:analyzeStorage(246)) - The storage directory /workdir/hadoop-ozone/ozonefs/target/test-dir/MiniOzoneClusterImpl-d833ad47-c484-47cf-8e4a-958017684ee6/datanode-2/data/ratis/c6bc36d9-838d-4518-80d4-137c543c1fd9 does not exist. Creating ...
2019-09-19 16:46:31,381 [pool-155-thread-1] INFO  storage.RaftStorageDirectory (RaftStorageDirectory.java:tryLock(328)) - Lock on /workdir/hadoop-ozone/ozonefs/target/test-dir/MiniOzoneClusterImpl-d833ad47-c484-47cf-8e4a-958017684ee6/datanode-2/data/ratis/c6bc36d9-838d-4518-80d4-137c543c1fd9/in_use.lock acquired by nodename 32682@pr-hdds-1569-swxfz-3172132826
2019-09-19 16:46:31,394 [pool-155-thread-1] INFO  storage.RaftStorage (RaftStorage.java:format(72)) - Storage directory /workdir/hadoop-ozone/ozonefs/target/test-dir/MiniOzoneClusterImpl-d833ad47-c484-47cf-8e4a-958017684ee6/datanode-2/data/ratis/c6bc36d9-838d-4518-80d4-137c543c1fd9 has been successfully formatted.
2019-09-19 16:46:31,394 [pool-155-thread-1] INFO  ratis.ContainerStateMachine (ContainerStateMachine.java:loadSnapshot(226)) - group-137C543C1FD9: The snapshot info is null. Setting the last applied indexto:(t:0, i:~)
2019-09-19 16:46:31,394 [pool-155-thread-1] INFO  server.RaftServerConfigKeys (ConfUtils.java:logGet(43)) - raft.server.leader.election.timeout = 120s (custom)
2019-09-19 16:46:31,394 [pool-155-thread-1] INFO  server.RaftServerConfigKeys (ConfUtils.java:logGet(43)) - raft.server.log.use.memory = false (default)
2019-09-19 16:46:31,395 [pool-155-thread-1] INFO  server.RaftServerConfigKeys (ConfUtils.java:logGet(43)) - raft.server.log.purge.gap = 1000000 (custom)
2019-09-19 16:46:31,395 [pool-155-thread-1] INFO  server.RaftServerConfigKeys (ConfUtils.java:logGet(43)) - raft.server.log.appender.buffer.byte-limit = 33554432 (custom)
2019-09-19 16:46:31,395 [pool-155-thread-1] INFO  server.RaftServerConfigKeys (ConfUtils.java:logGet(43)) - raft.server.log.segment.size.max = 1048576 (custom)
2019-09-19 16:46:31,395 [pool-155-thread-1] INFO  server.RaftServerConfigKeys (ConfUtils.java:logGet(43)) - raft.server.log.segment.cache.num.max = 2 (custom)
2019-09-19 16:46:31,395 [pool-155-thread-1] INFO  segmented.SegmentedRaftLogWorker (SegmentedRaftLogWorker.java:<init>(172)) - new 5a43fd14-5c4d-4177-84d0-63947bd71be7-SegmentedRaftLogWorker:Storage Directory /workdir/hadoop-ozone/ozonefs/target/test-dir/MiniOzoneClusterImpl-d833ad47-c484-47cf-8e4a-958017684ee6/datanode-2/data/ratis/c6bc36d9-838d-4518-80d4-137c543c1fd9 for RaftStorage:Storage Directory /workdir/hadoop-ozone/ozonefs/target/test-dir/MiniOzoneClusterImpl-d833ad47-c484-47cf-8e4a-958017684ee6/datanode-2/data/ratis/c6bc36d9-838d-4518-80d4-137c543c1fd9
2019-09-19 16:46:31,395 [pool-155-thread-1] INFO  server.RaftServerConfigKeys (ConfUtils.java:logGet(43)) - raft.server.log.queue.byte-limit = 2147483647 (custom)
2019-09-19 16:46:31,396 [pool-155-thread-1] INFO  server.RaftServerConfigKeys (ConfUtils.java:logGet(43)) - raft.server.log.queue.element-limit = 1024 (custom)
2019-09-19 16:46:31,396 [pool-155-thread-1] INFO  server.RaftServerConfigKeys (ConfUtils.java:logGet(43)) - raft.server.log.segment.size.max = 1048576 (custom)
2019-09-19 16:46:31,396 [pool-155-thread-1] INFO  server.RaftServerConfigKeys (ConfUtils.java:logGet(43)) - raft.server.log.preallocated.size = 16384 (custom)
2019-09-19 16:46:31,396 [pool-155-thread-1] INFO  server.RaftServerConfigKeys (ConfUtils.java:logGet(43)) - raft.server.log.write.buffer.size = 33554432 (custom)
2019-09-19 16:46:31,396 [pool-155-thread-1] INFO  server.RaftServerConfigKeys (ConfUtils.java:logGet(43)) - raft.server.log.force.sync.num = 128 (default)
2019-09-19 16:46:31,396 [pool-155-thread-1] INFO  server.RaftServerConfigKeys (ConfUtils.java:logGet(43)) - raft.server.log.statemachine.data.sync = true (default)
2019-09-19 16:46:31,397 [pool-155-thread-1] INFO  server.RaftServerConfigKeys (ConfUtils.java:logGet(43)) - raft.server.log.statemachine.data.sync.timeout = 10s (default)
2019-09-19 16:46:31,397 [pool-155-thread-1] INFO  server.RaftServerConfigKeys (ConfUtils.java:logGet(43)) - raft.server.log.statemachine.data.sync.timeout.retry = -1 (default)
2019-09-19 16:46:31,397 [pool-155-thread-1] INFO  server.RaftServerConfigKeys (ConfUtils.java:logGet(43)) - raft.server.log.statemachine.data.caching.enabled = true (custom)
2019-09-19 16:46:31,397 [pool-155-thread-1] INFO  segmented.SegmentedRaftLogWorker (SegmentedRaftLogWorker.java:lambda$new$0(132)) - 5a43fd14-5c4d-4177-84d0-63947bd71be7-SegmentedRaftLogWorker:Storage Directory /workdir/hadoop-ozone/ozonefs/target/test-dir/MiniOzoneClusterImpl-d833ad47-c484-47cf-8e4a-958017684ee6/datanode-2/data/ratis/c6bc36d9-838d-4518-80d4-137c543c1fd9: flushIndex: setUnconditionally 0 -> -1
2019-09-19 16:46:31,398 [pool-155-thread-1] INFO  server.RaftServerConfigKeys (ConfUtils.java:logGet(43)) - raft.server.snapshot.auto.trigger.enabled = true (custom)
2019-09-19 16:46:31,398 [pool-155-thread-1] INFO  server.RaftServerConfigKeys (ConfUtils.java:logGet(43)) - raft.server.snapshot.auto.trigger.threshold = 10000 (custom)
2019-09-19 16:46:31,398 [pool-155-thread-1] INFO  server.RaftServerConfigKeys (ConfUtils.java:logGet(43)) - raft.server.retrycache.expirytime = 600000ms (custom)
2019-09-19 16:46:31,398 [pool-155-thread-1] INFO  impl.RaftServerImpl (RaftServerImpl.java:start(180)) - 5a43fd14-5c4d-4177-84d0-63947bd71be7: start group-137C543C1FD9
2019-09-19 16:46:31,398 [pool-155-thread-1] INFO  impl.RaftServerImpl (RaftServerImpl.java:setRole(171)) - 5a43fd14-5c4d-4177-84d0-63947bd71be7:group-137C543C1FD9 changes role from null to FOLLOWER at term 0 for startAsFollower
2019-09-19 16:46:31,399 [pool-155-thread-1] INFO  impl.RoleInfo (RoleInfo.java:updateAndGet(143)) - 5a43fd14-5c4d-4177-84d0-63947bd71be7: start FollowerState
2019-09-19 16:46:31,399 [pool-155-thread-1] INFO  util.JmxRegister (JmxRegister.java:tryRegister(44)) - Successfully registered JMX Bean with object name Ratis:service=RaftServer,group=group-137C543C1FD9,id=5a43fd14-5c4d-4177-84d0-63947bd71be7
2019-09-19 16:46:31,402 [RatisPipelineUtilsThread] INFO  pipeline.PipelineStateManager (PipelineStateManager.java:addPipeline(56)) - Created pipeline Pipeline[ Id: c6bc36d9-838d-4518-80d4-137c543c1fd9, Nodes: 5a43fd14-5c4d-4177-84d0-63947bd71be7{ip: 192.168.157.226, host: pr-hdds-1569-swxfz-3172132826, networkLocation: /default-rack, certSerialId: null}, Type:RATIS, Factor:ONE, State:OPEN]
2019-09-19 16:46:31,403 [RatisPipelineUtilsThread] ERROR pipeline.PipelinePlacementPolicy (PipelinePlacementPolicy.java:meetCriteria(91)) - Pipeline Placement: Doesn't meet the criteria to be viable node. Heaviness: 6
2019-09-19 16:46:31,408 [grpc-default-executor-0] INFO  impl.RaftServerProxy (RaftServerProxy.java:addNew(89)) - 964d8c59-381b-467e-aacd-b99a6c520c67: addNew group-875F4EF2713F:[964d8c59-381b-467e-aacd-b99a6c520c67:192.168.157.226:32835] returns group-875F4EF2713F:java.util.concurrent.CompletableFuture@515b07f5[Not completed]
2019-09-19 16:46:31,410 [pool-144-thread-1] INFO  impl.RaftServerImpl (RaftServerImpl.java:<init>(93)) - 964d8c59-381b-467e-aacd-b99a6c520c67: new RaftServerImpl for group-875F4EF2713F:[964d8c59-381b-467e-aacd-b99a6c520c67:192.168.157.226:32835] with ContainerStateMachine:uninitialized
2019-09-19 16:46:31,410 [pool-144-thread-1] INFO  server.RaftServerConfigKeys (ConfUtils.java:logGet(43)) - raft.server.rpc.timeout.min = 5s (custom)
2019-09-19 16:46:31,410 [pool-144-thread-1] INFO  server.RaftServerConfigKeys (ConfUtils.java:logGet(43)) - raft.server.rpc.timeout.max = 5200ms (custom)
2019-09-19 16:46:31,410 [pool-144-thread-1] INFO  server.RaftServerConfigKeys (ConfUtils.java:logGet(43)) - raft.server.rpcslowness.timeout = 120s (custom)
2019-09-19 16:46:31,411 [pool-144-thread-1] INFO  server.RaftServerConfigKeys (ConfUtils.java:logGet(43)) - raft.server.sleep.deviation.threshold = 300 (default)
2019-09-19 16:46:31,411 [pool-144-thread-1] INFO  server.RaftServerConfigKeys (ConfUtils.java:logGet(43)) - raft.server.log.appender.install.snapshot.enabled = false (custom)
2019-09-19 16:46:31,411 [pool-144-thread-1] INFO  impl.RaftServerImpl (ServerState.java:<init>(105)) - 964d8c59-381b-467e-aacd-b99a6c520c67:group-875F4EF2713F ConfigurationManager, init=-1: [964d8c59-381b-467e-aacd-b99a6c520c67:192.168.157.226:32835], old=null, confs=<EMPTY_MAP>
2019-09-19 16:46:31,411 [pool-144-thread-1] INFO  server.RaftServerConfigKeys (ConfUtils.java:logGet(43)) - raft.server.storage.dir = [/workdir/hadoop-ozone/ozonefs/target/test-dir/MiniOzoneClusterImpl-d833ad47-c484-47cf-8e4a-958017684ee6/datanode-1/data/ratis] (custom)
2019-09-19 16:46:31,412 [pool-144-thread-1] INFO  storage.RaftStorageDirectory (RaftStorageDirectory.java:analyzeStorage(246)) - The storage directory /workdir/hadoop-ozone/ozonefs/target/test-dir/MiniOzoneClusterImpl-d833ad47-c484-47cf-8e4a-958017684ee6/datanode-1/data/ratis/26a67e3c-1fec-4f36-b583-875f4ef2713f does not exist. Creating ...
2019-09-19 16:46:31,426 [pool-144-thread-1] INFO  storage.RaftStorageDirectory (RaftStorageDirectory.java:tryLock(328)) - Lock on /workdir/hadoop-ozone/ozonefs/target/test-dir/MiniOzoneClusterImpl-d833ad47-c484-47cf-8e4a-958017684ee6/datanode-1/data/ratis/26a67e3c-1fec-4f36-b583-875f4ef2713f/in_use.lock acquired by nodename 32682@pr-hdds-1569-swxfz-3172132826
2019-09-19 16:46:31,438 [pool-144-thread-1] INFO  storage.RaftStorage (RaftStorage.java:format(72)) - Storage directory /workdir/hadoop-ozone/ozonefs/target/test-dir/MiniOzoneClusterImpl-d833ad47-c484-47cf-8e4a-958017684ee6/datanode-1/data/ratis/26a67e3c-1fec-4f36-b583-875f4ef2713f has been successfully formatted.
2019-09-19 16:46:31,439 [pool-144-thread-1] INFO  ratis.ContainerStateMachine (ContainerStateMachine.java:loadSnapshot(226)) - group-875F4EF2713F: The snapshot info is null. Setting the last applied indexto:(t:0, i:~)
2019-09-19 16:46:31,439 [pool-144-thread-1] INFO  server.RaftServerConfigKeys (ConfUtils.java:logGet(43)) - raft.server.leader.election.timeout = 120s (custom)
2019-09-19 16:46:31,439 [pool-144-thread-1] INFO  server.RaftServerConfigKeys (ConfUtils.java:logGet(43)) - raft.server.log.use.memory = false (default)
2019-09-19 16:46:31,439 [pool-144-thread-1] INFO  server.RaftServerConfigKeys (ConfUtils.java:logGet(43)) - raft.server.log.purge.gap = 1000000 (custom)
2019-09-19 16:46:31,440 [pool-144-thread-1] INFO  server.RaftServerConfigKeys (ConfUtils.java:logGet(43)) - raft.server.log.appender.buffer.byte-limit = 33554432 (custom)
2019-09-19 16:46:31,440 [pool-144-thread-1] INFO  server.RaftServerConfigKeys (ConfUtils.java:logGet(43)) - raft.server.log.segment.size.max = 1048576 (custom)
2019-09-19 16:46:31,440 [pool-144-thread-1] INFO  server.RaftServerConfigKeys (ConfUtils.java:logGet(43)) - raft.server.log.segment.cache.num.max = 2 (custom)
2019-09-19 16:46:31,440 [pool-144-thread-1] INFO  segmented.SegmentedRaftLogWorker (SegmentedRaftLogWorker.java:<init>(172)) - new 964d8c59-381b-467e-aacd-b99a6c520c67-SegmentedRaftLogWorker:Storage Directory /workdir/hadoop-ozone/ozonefs/target/test-dir/MiniOzoneClusterImpl-d833ad47-c484-47cf-8e4a-958017684ee6/datanode-1/data/ratis/26a67e3c-1fec-4f36-b583-875f4ef2713f for RaftStorage:Storage Directory /workdir/hadoop-ozone/ozonefs/target/test-dir/MiniOzoneClusterImpl-d833ad47-c484-47cf-8e4a-958017684ee6/datanode-1/data/ratis/26a67e3c-1fec-4f36-b583-875f4ef2713f
2019-09-19 16:46:31,440 [pool-144-thread-1] INFO  server.RaftServerConfigKeys (ConfUtils.java:logGet(43)) - raft.server.log.queue.byte-limit = 2147483647 (custom)
2019-09-19 16:46:31,441 [pool-144-thread-1] INFO  server.RaftServerConfigKeys (ConfUtils.java:logGet(43)) - raft.server.log.queue.element-limit = 1024 (custom)
2019-09-19 16:46:31,441 [pool-144-thread-1] INFO  server.RaftServerConfigKeys (ConfUtils.java:logGet(43)) - raft.server.log.segment.size.max = 1048576 (custom)
2019-09-19 16:46:31,441 [pool-144-thread-1] INFO  server.RaftServerConfigKeys (ConfUtils.java:logGet(43)) - raft.server.log.preallocated.size = 16384 (custom)
2019-09-19 16:46:31,441 [pool-144-thread-1] INFO  server.RaftServerConfigKeys (ConfUtils.java:logGet(43)) - raft.server.log.write.buffer.size = 33554432 (custom)
2019-09-19 16:46:31,441 [pool-144-thread-1] INFO  server.RaftServerConfigKeys (ConfUtils.java:logGet(43)) - raft.server.log.force.sync.num = 128 (default)
2019-09-19 16:46:31,441 [pool-144-thread-1] INFO  server.RaftServerConfigKeys (ConfUtils.java:logGet(43)) - raft.server.log.statemachine.data.sync = true (default)
2019-09-19 16:46:31,442 [pool-144-thread-1] INFO  server.RaftServerConfigKeys (ConfUtils.java:logGet(43)) - raft.server.log.statemachine.data.sync.timeout = 10s (default)
2019-09-19 16:46:31,442 [pool-144-thread-1] INFO  server.RaftServerConfigKeys (ConfUtils.java:logGet(43)) - raft.server.log.statemachine.data.sync.timeout.retry = -1 (default)
2019-09-19 16:46:31,442 [pool-144-thread-1] INFO  server.RaftServerConfigKeys (ConfUtils.java:logGet(43)) - raft.server.log.statemachine.data.caching.enabled = true (custom)
2019-09-19 16:46:31,442 [pool-144-thread-1] INFO  segmented.SegmentedRaftLogWorker (SegmentedRaftLogWorker.java:lambda$new$0(132)) - 964d8c59-381b-467e-aacd-b99a6c520c67-SegmentedRaftLogWorker:Storage Directory /workdir/hadoop-ozone/ozonefs/target/test-dir/MiniOzoneClusterImpl-d833ad47-c484-47cf-8e4a-958017684ee6/datanode-1/data/ratis/26a67e3c-1fec-4f36-b583-875f4ef2713f: flushIndex: setUnconditionally 0 -> -1
2019-09-19 16:46:31,443 [pool-144-thread-1] INFO  server.RaftServerConfigKeys (ConfUtils.java:logGet(43)) - raft.server.snapshot.auto.trigger.enabled = true (custom)
2019-09-19 16:46:31,443 [pool-144-thread-1] INFO  server.RaftServerConfigKeys (ConfUtils.java:logGet(43)) - raft.server.snapshot.auto.trigger.threshold = 10000 (custom)
2019-09-19 16:46:31,443 [pool-144-thread-1] INFO  server.RaftServerConfigKeys (ConfUtils.java:logGet(43)) - raft.server.retrycache.expirytime = 600000ms (custom)
2019-09-19 16:46:31,443 [pool-144-thread-1] INFO  impl.RaftServerImpl (RaftServerImpl.java:start(180)) - 964d8c59-381b-467e-aacd-b99a6c520c67: start group-875F4EF2713F
2019-09-19 16:46:31,443 [pool-144-thread-1] INFO  impl.RaftServerImpl (RaftServerImpl.java:setRole(171)) - 964d8c59-381b-467e-aacd-b99a6c520c67:group-875F4EF2713F changes role from null to FOLLOWER at term 0 for startAsFollower
2019-09-19 16:46:31,444 [pool-144-thread-1] INFO  impl.RoleInfo (RoleInfo.java:updateAndGet(143)) - 964d8c59-381b-467e-aacd-b99a6c520c67: start FollowerState
2019-09-19 16:46:31,444 [pool-144-thread-1] INFO  util.JmxRegister (JmxRegister.java:tryRegister(44)) - Successfully registered JMX Bean with object name Ratis:service=RaftServer,group=group-875F4EF2713F,id=964d8c59-381b-467e-aacd-b99a6c520c67
2019-09-19 16:46:31,447 [RatisPipelineUtilsThread] INFO  pipeline.PipelineStateManager (PipelineStateManager.java:addPipeline(56)) - Created pipeline Pipeline[ Id: 26a67e3c-1fec-4f36-b583-875f4ef2713f, Nodes: 964d8c59-381b-467e-aacd-b99a6c520c67{ip: 192.168.157.226, host: pr-hdds-1569-swxfz-3172132826, networkLocation: /default-rack, certSerialId: null}, Type:RATIS, Factor:ONE, State:OPEN]
2019-09-19 16:46:31,448 [RatisPipelineUtilsThread] ERROR pipeline.PipelinePlacementPolicy (PipelinePlacementPolicy.java:meetCriteria(91)) - Pipeline Placement: Doesn't meet the criteria to be viable node. Heaviness: 6
2019-09-19 16:46:31,448 [RatisPipelineUtilsThread] ERROR pipeline.PipelinePlacementPolicy (PipelinePlacementPolicy.java:meetCriteria(91)) - Pipeline Placement: Doesn't meet the criteria to be viable node. Heaviness: 6
2019-09-19 16:46:31,454 [grpc-default-executor-0] INFO  impl.RaftServerProxy (RaftServerProxy.java:addNew(89)) - 5a43fd14-5c4d-4177-84d0-63947bd71be7: addNew group-EB898A4B108C:[5a43fd14-5c4d-4177-84d0-63947bd71be7:192.168.157.226:36535] returns group-EB898A4B108C:java.util.concurrent.CompletableFuture@2f85a018[Not completed]
2019-09-19 16:46:31,455 [pool-155-thread-1] INFO  impl.RaftServerImpl (RaftServerImpl.java:<init>(93)) - 5a43fd14-5c4d-4177-84d0-63947bd71be7: new RaftServerImpl for group-EB898A4B108C:[5a43fd14-5c4d-4177-84d0-63947bd71be7:192.168.157.226:36535] with ContainerStateMachine:uninitialized
2019-09-19 16:46:31,456 [pool-155-thread-1] INFO  server.RaftServerConfigKeys (ConfUtils.java:logGet(43)) - raft.server.rpc.timeout.min = 5s (custom)
2019-09-19 16:46:31,456 [pool-155-thread-1] INFO  server.RaftServerConfigKeys (ConfUtils.java:logGet(43)) - raft.server.rpc.timeout.max = 5200ms (custom)
2019-09-19 16:46:31,456 [pool-155-thread-1] INFO  server.RaftServerConfigKeys (ConfUtils.java:logGet(43)) - raft.server.rpcslowness.timeout = 120s (custom)
2019-09-19 16:46:31,456 [pool-155-thread-1] INFO  server.RaftServerConfigKeys (ConfUtils.java:logGet(43)) - raft.server.sleep.deviation.threshold = 300 (default)
2019-09-19 16:46:31,456 [pool-155-thread-1] INFO  server.RaftServerConfigKeys (ConfUtils.java:logGet(43)) - raft.server.log.appender.install.snapshot.enabled = false (custom)
2019-09-19 16:46:31,457 [pool-155-thread-1] INFO  impl.RaftServerImpl (ServerState.java:<init>(105)) - 5a43fd14-5c4d-4177-84d0-63947bd71be7:group-EB898A4B108C ConfigurationManager, init=-1: [5a43fd14-5c4d-4177-84d0-63947bd71be7:192.168.157.226:36535], old=null, confs=<EMPTY_MAP>
2019-09-19 16:46:31,457 [pool-155-thread-1] INFO  server.RaftServerConfigKeys (ConfUtils.java:logGet(43)) - raft.server.storage.dir = [/workdir/hadoop-ozone/ozonefs/target/test-dir/MiniOzoneClusterImpl-d833ad47-c484-47cf-8e4a-958017684ee6/datanode-2/data/ratis] (custom)
2019-09-19 16:46:31,457 [pool-155-thread-1] INFO  storage.RaftStorageDirectory (RaftStorageDirectory.java:analyzeStorage(246)) - The storage directory /workdir/hadoop-ozone/ozonefs/target/test-dir/MiniOzoneClusterImpl-d833ad47-c484-47cf-8e4a-958017684ee6/datanode-2/data/ratis/e1cd7323-d830-47bf-97b1-eb898a4b108c does not exist. Creating ...
2019-09-19 16:46:31,470 [pool-155-thread-1] INFO  storage.RaftStorageDirectory (RaftStorageDirectory.java:tryLock(328)) - Lock on /workdir/hadoop-ozone/ozonefs/target/test-dir/MiniOzoneClusterImpl-d833ad47-c484-47cf-8e4a-958017684ee6/datanode-2/data/ratis/e1cd7323-d830-47bf-97b1-eb898a4b108c/in_use.lock acquired by nodename 32682@pr-hdds-1569-swxfz-3172132826
2019-09-19 16:46:31,483 [pool-155-thread-1] INFO  storage.RaftStorage (RaftStorage.java:format(72)) - Storage directory /workdir/hadoop-ozone/ozonefs/target/test-dir/MiniOzoneClusterImpl-d833ad47-c484-47cf-8e4a-958017684ee6/datanode-2/data/ratis/e1cd7323-d830-47bf-97b1-eb898a4b108c has been successfully formatted.
2019-09-19 16:46:31,483 [pool-155-thread-1] INFO  ratis.ContainerStateMachine (ContainerStateMachine.java:loadSnapshot(226)) - group-EB898A4B108C: The snapshot info is null. Setting the last applied indexto:(t:0, i:~)
2019-09-19 16:46:31,483 [pool-155-thread-1] INFO  server.RaftServerConfigKeys (ConfUtils.java:logGet(43)) - raft.server.leader.election.timeout = 120s (custom)
2019-09-19 16:46:31,483 [pool-155-thread-1] INFO  server.RaftServerConfigKeys (ConfUtils.java:logGet(43)) - raft.server.log.use.memory = false (default)
2019-09-19 16:46:31,483 [pool-155-thread-1] INFO  server.RaftServerConfigKeys (ConfUtils.java:logGet(43)) - raft.server.log.purge.gap = 1000000 (custom)
2019-09-19 16:46:31,484 [pool-155-thread-1] INFO  server.RaftServerConfigKeys (ConfUtils.java:logGet(43)) - raft.server.log.appender.buffer.byte-limit = 33554432 (custom)
2019-09-19 16:46:31,484 [pool-155-thread-1] INFO  server.RaftServerConfigKeys (ConfUtils.java:logGet(43)) - raft.server.log.segment.size.max = 1048576 (custom)
2019-09-19 16:46:31,484 [pool-155-thread-1] INFO  server.RaftServerConfigKeys (ConfUtils.java:logGet(43)) - raft.server.log.segment.cache.num.max = 2 (custom)
2019-09-19 16:46:31,484 [pool-155-thread-1] INFO  segmented.SegmentedRaftLogWorker (SegmentedRaftLogWorker.java:<init>(172)) - new 5a43fd14-5c4d-4177-84d0-63947bd71be7-SegmentedRaftLogWorker:Storage Directory /workdir/hadoop-ozone/ozonefs/target/test-dir/MiniOzoneClusterImpl-d833ad47-c484-47cf-8e4a-958017684ee6/datanode-2/data/ratis/e1cd7323-d830-47bf-97b1-eb898a4b108c for RaftStorage:Storage Directory /workdir/hadoop-ozone/ozonefs/target/test-dir/MiniOzoneClusterImpl-d833ad47-c484-47cf-8e4a-958017684ee6/datanode-2/data/ratis/e1cd7323-d830-47bf-97b1-eb898a4b108c
2019-09-19 16:46:31,484 [pool-155-thread-1] INFO  server.RaftServerConfigKeys (ConfUtils.java:logGet(43)) - raft.server.log.queue.byte-limit = 2147483647 (custom)
2019-09-19 16:46:31,484 [pool-155-thread-1] INFO  server.RaftServerConfigKeys (ConfUtils.java:logGet(43)) - raft.server.log.queue.element-limit = 1024 (custom)
2019-09-19 16:46:31,484 [pool-155-thread-1] INFO  server.RaftServerConfigKeys (ConfUtils.java:logGet(43)) - raft.server.log.segment.size.max = 1048576 (custom)
2019-09-19 16:46:31,485 [pool-155-thread-1] INFO  server.RaftServerConfigKeys (ConfUtils.java:logGet(43)) - raft.server.log.preallocated.size = 16384 (custom)
2019-09-19 16:46:31,485 [pool-155-thread-1] INFO  server.RaftServerConfigKeys (ConfUtils.java:logGet(43)) - raft.server.log.write.buffer.size = 33554432 (custom)
2019-09-19 16:46:31,485 [pool-155-thread-1] INFO  server.RaftServerConfigKeys (ConfUtils.java:logGet(43)) - raft.server.log.force.sync.num = 128 (default)
2019-09-19 16:46:31,485 [pool-155-thread-1] INFO  server.RaftServerConfigKeys (ConfUtils.java:logGet(43)) - raft.server.log.statemachine.data.sync = true (default)
2019-09-19 16:46:31,485 [pool-155-thread-1] INFO  server.RaftServerConfigKeys (ConfUtils.java:logGet(43)) - raft.server.log.statemachine.data.sync.timeout = 10s (default)
2019-09-19 16:46:31,485 [pool-155-thread-1] INFO  server.RaftServerConfigKeys (ConfUtils.java:logGet(43)) - raft.server.log.statemachine.data.sync.timeout.retry = -1 (default)
2019-09-19 16:46:31,485 [pool-155-thread-1] INFO  server.RaftServerConfigKeys (ConfUtils.java:logGet(43)) - raft.server.log.statemachine.data.caching.enabled = true (custom)
2019-09-19 16:46:31,486 [pool-155-thread-1] INFO  segmented.SegmentedRaftLogWorker (SegmentedRaftLogWorker.java:lambda$new$0(132)) - 5a43fd14-5c4d-4177-84d0-63947bd71be7-SegmentedRaftLogWorker:Storage Directory /workdir/hadoop-ozone/ozonefs/target/test-dir/MiniOzoneClusterImpl-d833ad47-c484-47cf-8e4a-958017684ee6/datanode-2/data/ratis/e1cd7323-d830-47bf-97b1-eb898a4b108c: flushIndex: setUnconditionally 0 -> -1
2019-09-19 16:46:31,486 [pool-155-thread-1] INFO  server.RaftServerConfigKeys (ConfUtils.java:logGet(43)) - raft.server.snapshot.auto.trigger.enabled = true (custom)
2019-09-19 16:46:31,486 [pool-155-thread-1] INFO  server.RaftServerConfigKeys (ConfUtils.java:logGet(43)) - raft.server.snapshot.auto.trigger.threshold = 10000 (custom)
2019-09-19 16:46:31,486 [pool-155-thread-1] INFO  server.RaftServerConfigKeys (ConfUtils.java:logGet(43)) - raft.server.retrycache.expirytime = 600000ms (custom)
2019-09-19 16:46:31,487 [pool-155-thread-1] INFO  impl.RaftServerImpl (RaftServerImpl.java:start(180)) - 5a43fd14-5c4d-4177-84d0-63947bd71be7: start group-EB898A4B108C
2019-09-19 16:46:31,487 [pool-155-thread-1] INFO  impl.RaftServerImpl (RaftServerImpl.java:setRole(171)) - 5a43fd14-5c4d-4177-84d0-63947bd71be7:group-EB898A4B108C changes role from null to FOLLOWER at term 0 for startAsFollower
2019-09-19 16:46:31,487 [pool-155-thread-1] INFO  impl.RoleInfo (RoleInfo.java:updateAndGet(143)) - 5a43fd14-5c4d-4177-84d0-63947bd71be7: start FollowerState
2019-09-19 16:46:31,487 [pool-155-thread-1] INFO  util.JmxRegister (JmxRegister.java:tryRegister(44)) - Successfully registered JMX Bean with object name Ratis:service=RaftServer,group=group-EB898A4B108C,id=5a43fd14-5c4d-4177-84d0-63947bd71be7
2019-09-19 16:46:31,490 [RatisPipelineUtilsThread] INFO  pipeline.PipelineStateManager (PipelineStateManager.java:addPipeline(56)) - Created pipeline Pipeline[ Id: e1cd7323-d830-47bf-97b1-eb898a4b108c, Nodes: 5a43fd14-5c4d-4177-84d0-63947bd71be7{ip: 192.168.157.226, host: pr-hdds-1569-swxfz-3172132826, networkLocation: /default-rack, certSerialId: null}, Type:RATIS, Factor:ONE, State:OPEN]
2019-09-19 16:46:31,490 [RatisPipelineUtilsThread] ERROR pipeline.PipelinePlacementPolicy (PipelinePlacementPolicy.java:meetCriteria(91)) - Pipeline Placement: Doesn't meet the criteria to be viable node. Heaviness: 6
2019-09-19 16:46:31,491 [RatisPipelineUtilsThread] ERROR pipeline.PipelinePlacementPolicy (PipelinePlacementPolicy.java:meetCriteria(91)) - Pipeline Placement: Doesn't meet the criteria to be viable node. Heaviness: 6
2019-09-19 16:46:31,491 [RatisPipelineUtilsThread] ERROR pipeline.PipelinePlacementPolicy (PipelinePlacementPolicy.java:meetCriteria(91)) - Pipeline Placement: Doesn't meet the criteria to be viable node. Heaviness: 6
2019-09-19 16:46:31,491 [RatisPipelineUtilsThread] ERROR pipeline.PipelinePlacementPolicy (PipelinePlacementPolicy.java:filterViableNodes(146)) - Unable to find enough nodes that meet the criteria that cannot engage in more than 5 pipelines. Nodes required: 1 Found: 0, healthy nodes count inNodeManager: 3.
2019-09-19 16:46:31,491 [RatisPipelineUtilsThread] ERROR pipeline.SCMPipelineManager (SCMPipelineManager.java:createPipeline(161)) - Pipeline creation failed due to exception: Unable to find enough nodes that meet the criteria that cannot engage in more than 5 pipelines. Nodes required: 1 Found: 0, healthy nodes count inNodeManager: 3.
2019-09-19 16:46:31,491 [RatisPipelineUtilsThread] ERROR pipeline.PipelinePlacementPolicy (PipelinePlacementPolicy.java:meetCriteria(91)) - Pipeline Placement: Doesn't meet the criteria to be viable node. Heaviness: 6
2019-09-19 16:46:31,492 [RatisPipelineUtilsThread] ERROR pipeline.PipelinePlacementPolicy (PipelinePlacementPolicy.java:meetCriteria(91)) - Pipeline Placement: Doesn't meet the criteria to be viable node. Heaviness: 6
2019-09-19 16:46:31,492 [RatisPipelineUtilsThread] ERROR pipeline.PipelinePlacementPolicy (PipelinePlacementPolicy.java:meetCriteria(91)) - Pipeline Placement: Doesn't meet the criteria to be viable node. Heaviness: 6
2019-09-19 16:46:31,492 [RatisPipelineUtilsThread] ERROR pipeline.PipelinePlacementPolicy (PipelinePlacementPolicy.java:filterViableNodes(146)) - Unable to find enough nodes that meet the criteria that cannot engage in more than 5 pipelines. Nodes required: 3 Found: 0, healthy nodes count inNodeManager: 3.
2019-09-19 16:46:31,492 [RatisPipelineUtilsThread] ERROR pipeline.SCMPipelineManager (SCMPipelineManager.java:createPipeline(161)) - Pipeline creation failed due to exception: Unable to find enough nodes that meet the criteria that cannot engage in more than 5 pipelines. Nodes required: 3 Found: 0, healthy nodes count inNodeManager: 3.
2019-09-19 16:46:31,492 [RatisPipelineUtilsThread] ERROR pipeline.PipelinePlacementPolicy (PipelinePlacementPolicy.java:meetCriteria(91)) - Pipeline Placement: Doesn't meet the criteria to be viable node. Heaviness: 6
2019-09-19 16:46:31,493 [RatisPipelineUtilsThread] ERROR pipeline.PipelinePlacementPolicy (PipelinePlacementPolicy.java:meetCriteria(91)) - Pipeline Placement: Doesn't meet the criteria to be viable node. Heaviness: 6
2019-09-19 16:46:31,493 [RatisPipelineUtilsThread] ERROR pipeline.PipelinePlacementPolicy (PipelinePlacementPolicy.java:meetCriteria(91)) - Pipeline Placement: Doesn't meet the criteria to be viable node. Heaviness: 6
2019-09-19 16:46:31,493 [RatisPipelineUtilsThread] ERROR pipeline.PipelinePlacementPolicy (PipelinePlacementPolicy.java:filterViableNodes(146)) - Unable to find enough nodes that meet the criteria that cannot engage in more than 5 pipelines. Nodes required: 1 Found: 0, healthy nodes count inNodeManager: 3.
2019-09-19 16:46:31,493 [RatisPipelineUtilsThread] ERROR pipeline.SCMPipelineManager (SCMPipelineManager.java:createPipeline(161)) - Pipeline creation failed due to exception: Unable to find enough nodes that meet the criteria that cannot engage in more than 5 pipelines. Nodes required: 1 Found: 0, healthy nodes count inNodeManager: 3.
2019-09-19 16:46:31,493 [RatisPipelineUtilsThread] ERROR pipeline.PipelinePlacementPolicy (PipelinePlacementPolicy.java:meetCriteria(91)) - Pipeline Placement: Doesn't meet the criteria to be viable node. Heaviness: 6
2019-09-19 16:46:31,494 [RatisPipelineUtilsThread] ERROR pipeline.PipelinePlacementPolicy (PipelinePlacementPolicy.java:meetCriteria(91)) - Pipeline Placement: Doesn't meet the criteria to be viable node. Heaviness: 6
2019-09-19 16:46:31,494 [RatisPipelineUtilsThread] ERROR pipeline.PipelinePlacementPolicy (PipelinePlacementPolicy.java:meetCriteria(91)) - Pipeline Placement: Doesn't meet the criteria to be viable node. Heaviness: 6
2019-09-19 16:46:31,494 [RatisPipelineUtilsThread] ERROR pipeline.PipelinePlacementPolicy (PipelinePlacementPolicy.java:filterViableNodes(146)) - Unable to find enough nodes that meet the criteria that cannot engage in more than 5 pipelines. Nodes required: 3 Found: 0, healthy nodes count inNodeManager: 3.
2019-09-19 16:46:31,494 [RatisPipelineUtilsThread] ERROR pipeline.SCMPipelineManager (SCMPipelineManager.java:createPipeline(161)) - Pipeline creation failed due to exception: Unable to find enough nodes that meet the criteria that cannot engage in more than 5 pipelines. Nodes required: 3 Found: 0, healthy nodes count inNodeManager: 3.
2019-09-19 16:46:32,040 [Thread-530] INFO  ozone.MiniOzoneClusterImpl (MiniOzoneClusterImpl.java:lambda$waitForClusterToBeReady$0(142)) - Cluster is ready. Got 3 of 3 DN Heartbeats.
2019-09-19 16:46:32,193 | INFO  | OMAudit | user=jenkins1000 | ip=127.0.0.1 | op=CREATE_VOLUME {admin=admin86884, owner=user10428, volume=volume42686, creationTime=1568911592192, quotaInBytes=1152921504606846976} | ret=SUCCESS |  
2019-09-19 16:46:32,202 | INFO  | OMAudit | user=jenkins1000 | ip=127.0.0.1 | op=CREATE_BUCKET {volume=volume42686, bucket=bucket04881, acls=[], isVersionEnabled=false, storageType=DISK, creationTime=0} | ret=SUCCESS |  
2019-09-19 16:46:32,223 | INFO  | OMAudit | user=jenkins1000 | ip=127.0.0.1 | op=READ_VOLUME {volume=volume42686} | ret=SUCCESS |  
2019-09-19 16:46:32,224 | INFO  | OMAudit | user=jenkins1000 | ip=127.0.0.1 | op=READ_BUCKET {volume=volume42686, bucket=bucket04881} | ret=SUCCESS |  
2019-09-19 16:46:32,244 | INFO  | OMAudit | user=jenkins1000 | ip=127.0.0.1 | op=CREATE_DIRECTORY {volume=volume42686, bucket=bucket04881, key=dir1/dir11/dir111, dataSize=0, replicationType=null, replicationFactor=null, keyLocationInfo=null} | ret=SUCCESS |  
2019-09-19 16:46:32,247 | INFO  | OMAudit | user=jenkins1000 | ip=127.0.0.1 | op=CREATE_DIRECTORY {volume=volume42686, bucket=bucket04881, key=dir1/dir12, dataSize=0, replicationType=null, replicationFactor=null, keyLocationInfo=null} | ret=SUCCESS |  
2019-09-19 16:46:32,277 [IPC Server handler 1 on 36008] ERROR pipeline.PipelinePlacementPolicy (PipelinePlacementPolicy.java:meetCriteria(91)) - Pipeline Placement: Doesn't meet the criteria to be viable node. Heaviness: 6
2019-09-19 16:46:32,278 [IPC Server handler 1 on 36008] ERROR pipeline.PipelinePlacementPolicy (PipelinePlacementPolicy.java:meetCriteria(91)) - Pipeline Placement: Doesn't meet the criteria to be viable node. Heaviness: 6
2019-09-19 16:46:32,278 [IPC Server handler 1 on 36008] ERROR pipeline.PipelinePlacementPolicy (PipelinePlacementPolicy.java:meetCriteria(91)) - Pipeline Placement: Doesn't meet the criteria to be viable node. Heaviness: 6
2019-09-19 16:46:32,278 [IPC Server handler 1 on 36008] ERROR pipeline.PipelinePlacementPolicy (PipelinePlacementPolicy.java:filterViableNodes(146)) - Unable to find enough nodes that meet the criteria that cannot engage in more than 5 pipelines. Nodes required: 3 Found: 0, healthy nodes count inNodeManager: 3.
2019-09-19 16:46:32,278 [IPC Server handler 1 on 36008] ERROR pipeline.SCMPipelineManager (SCMPipelineManager.java:createPipeline(161)) - Pipeline creation failed due to exception: Unable to find enough nodes that meet the criteria that cannot engage in more than 5 pipelines. Nodes required: 3 Found: 0, healthy nodes count inNodeManager: 3.
2019-09-19 16:46:32,279 [IPC Server handler 1 on 36008] WARN  block.BlockManagerImpl (BlockManagerImpl.java:allocateBlock(192)) - Pipeline creation failed for type:RATIS factor:THREE. Retrying get pipelines call once.
org.apache.hadoop.hdds.scm.exceptions.SCMException: Unable to find enough nodes that meet the criteria that cannot engage in more than 5 pipelines. Nodes required: 3 Found: 0, healthy nodes count inNodeManager: 3.
	at org.apache.hadoop.hdds.scm.pipeline.PipelinePlacementPolicy.filterViableNodes(PipelinePlacementPolicy.java:147)
	at org.apache.hadoop.hdds.scm.pipeline.PipelinePlacementPolicy.chooseDatanodes(PipelinePlacementPolicy.java:170)
	at org.apache.hadoop.hdds.scm.pipeline.RatisPipelineProvider.create(RatisPipelineProvider.java:92)
	at org.apache.hadoop.hdds.scm.pipeline.PipelineFactory.create(PipelineFactory.java:57)
	at org.apache.hadoop.hdds.scm.pipeline.SCMPipelineManager.createPipeline(SCMPipelineManager.java:149)
	at org.apache.hadoop.hdds.scm.block.BlockManagerImpl.allocateBlock(BlockManagerImpl.java:190)
	at org.apache.hadoop.hdds.scm.server.SCMBlockProtocolServer.allocateBlock(SCMBlockProtocolServer.java:175)
	at org.apache.hadoop.ozone.protocolPB.ScmBlockLocationProtocolServerSideTranslatorPB.allocateScmBlock(ScmBlockLocationProtocolServerSideTranslatorPB.java:153)
	at org.apache.hadoop.ozone.protocolPB.ScmBlockLocationProtocolServerSideTranslatorPB.send(ScmBlockLocationProtocolServerSideTranslatorPB.java:112)
	at org.apache.hadoop.hdds.protocol.proto.ScmBlockLocationProtocolProtos$ScmBlockLocationProtocolService$2.callBlockingMethod(ScmBlockLocationProtocolProtos.java:13157)
	at org.apache.hadoop.ipc.ProtobufRpcEngine$Server$ProtoBufRpcInvoker.call(ProtobufRpcEngine.java:524)
	at org.apache.hadoop.ipc.RPC$Server.call(RPC.java:1025)
	at org.apache.hadoop.ipc.Server$RpcCall.run(Server.java:876)
	at org.apache.hadoop.ipc.Server$RpcCall.run(Server.java:822)
	at java.security.AccessController.doPrivileged(Native Method)
	at javax.security.auth.Subject.doAs(Subject.java:422)
	at org.apache.hadoop.security.UserGroupInformation.doAs(UserGroupInformation.java:1730)
	at org.apache.hadoop.ipc.Server$Handler.run(Server.java:2682)
2019-09-19 16:46:32,279 [IPC Server handler 1 on 36008] INFO  block.BlockManagerImpl (BlockManagerImpl.java:allocateBlock(198)) - Could not find available pipeline of type:RATIS and factor:THREE even after retrying
2019-09-19 16:46:32,280 [IPC Server handler 1 on 36008] ERROR block.BlockManagerImpl (BlockManagerImpl.java:allocateBlock(222)) - Unable to allocate a block for the size: 4194304, type: RATIS, factor: THREE
2019-09-19 16:46:32,280 | INFO  | SCMAudit | user=jenkins1000 | ip=192.168.157.226 | op=ALLOCATE_BLOCK {owner=74be9b28-c65f-4b60-93b7-bb51e356d009, size=4194304, type=RATIS, factor=THREE} | ret=SUCCESS |  
2019-09-19 16:46:32,287 | ERROR | OMAudit | user=jenkins1000 | ip=127.0.0.1 | op=CREATE_FILE {volume=volume42686, bucket=bucket04881, key=dir1/dir12/file121, dataSize=0, replicationType=RATIS, replicationFactor=THREE, keyLocationInfo=null} | ret=FAILURE | org.apache.hadoop.hdds.scm.exceptions.SCMException: Allocated 0 blocks. Requested 1 blocks
	at org.apache.hadoop.hdds.scm.protocolPB.ScmBlockLocationProtocolClientSideTranslatorPB.handleError(ScmBlockLocationProtocolClientSideTranslatorPB.java:118)
	at org.apache.hadoop.hdds.scm.protocolPB.ScmBlockLocationProtocolClientSideTranslatorPB.allocateBlock(ScmBlockLocationProtocolClientSideTranslatorPB.java:156) 
2019-09-19 16:46:32,290 [Thread-530] INFO  ozone.MiniOzoneClusterImpl (MiniOzoneClusterImpl.java:shutdown(321)) - Shutting down the Mini Ozone Cluster
2019-09-19 16:46:32,290 | INFO  | SCMAudit | user=null | ip=null | op=GET_SCM_INFO null | ret=SUCCESS |  
2019-09-19 16:46:32,290 [Thread-530] INFO  ozone.MiniOzoneClusterImpl (MiniOzoneClusterImpl.java:stop(336)) - Stopping the Mini Ozone Cluster
2019-09-19 16:46:32,290 [Thread-530] INFO  ozone.MiniOzoneClusterImpl (MiniOzoneClusterImpl.java:stop(338)) - Stopping the OzoneManager
2019-09-19 16:46:32,290 [Thread-530] INFO  ipc.Server (Server.java:stop(3082)) - Stopping server on 37308
2019-09-19 16:46:32,294 [IPC Server listener on 37308] INFO  ipc.Server (Server.java:run(1185)) - Stopping IPC Server listener on 37308
2019-09-19 16:46:32,294 [IPC Server Responder] INFO  ipc.Server (Server.java:run(1319)) - Stopping IPC Server Responder
2019-09-19 16:46:32,294 [Thread-530] INFO  ratis.OzoneManagerDoubleBuffer (OzoneManagerDoubleBuffer.java:stop(248)) - Stopping OMDoubleBuffer flush thread
2019-09-19 16:46:32,298 [OMDoubleBufferFlushThread] INFO  ratis.OzoneManagerDoubleBuffer (OzoneManagerDoubleBuffer.java:flushTransactions(191)) - OMDoubleBuffer flush thread OMDoubleBufferFlushThread is interrupted and will exit. OMDoubleBufferFlushThread
2019-09-19 16:46:32,298 [Thread-530] INFO  utils.BackgroundService (BackgroundService.java:shutdown(148)) - Shutting down service KeyDeletingService
2019-09-19 16:46:32,300 [Thread-530] INFO  handler.ContextHandler (ContextHandler.java:doStop(910)) - Stopped o.e.j.w.WebAppContext@170da9b8{/,null,UNAVAILABLE}{/ozoneManager}
2019-09-19 16:46:32,301 [Thread-530] INFO  server.AbstractConnector (AbstractConnector.java:doStop(318)) - Stopped ServerConnector@6407c2c{HTTP/1.1,[http/1.1]}{0.0.0.0:0}
2019-09-19 16:46:32,302 [Thread-530] INFO  handler.ContextHandler (ContextHandler.java:doStop(910)) - Stopped o.e.j.s.ServletContextHandler@c8802bd{/static,jar:file:/home/user/.m2/repository/org/apache/hadoop/hadoop-ozone-ozone-manager/0.5.0-SNAPSHOT/hadoop-ozone-ozone-manager-0.5.0-SNAPSHOT.jar!/webapps/static,UNAVAILABLE}
2019-09-19 16:46:32,302 [Thread-530] INFO  handler.ContextHandler (ContextHandler.java:doStop(910)) - Stopped o.e.j.s.ServletContextHandler@15972fa3{/logs,file:///workdir/hadoop-ozone/ozonefs/target/log,UNAVAILABLE}
2019-09-19 16:46:32,304 [Thread-530] INFO  ozone.MiniOzoneClusterImpl (MiniOzoneClusterImpl.java:stop(344)) - Shutting the HddsDatanodes
2019-09-19 16:46:32,305 [Thread-530] INFO  datanode.ObjectStoreHandler (ObjectStoreHandler.java:close(155)) - Closing ObjectStoreHandler.
2019-09-19 16:46:32,305 [ForkJoinPool.commonPool-worker-0] INFO  datanode.ObjectStoreHandler (ObjectStoreHandler.java:close(155)) - Closing ObjectStoreHandler.
2019-09-19 16:46:32,306 [Thread-530] INFO  ozone.HddsDatanodeService (HddsDatanodeService.java:stop(451)) - Stopped plug-in org.apache.hadoop.ozone.web.OzoneHddsDatanodeService@798d1b3e
2019-09-19 16:46:32,306 [ForkJoinPool.commonPool-worker-0] INFO  ozone.HddsDatanodeService (HddsDatanodeService.java:stop(451)) - Stopped plug-in org.apache.hadoop.ozone.web.OzoneHddsDatanodeService@66a0edb7
2019-09-19 16:46:32,611 [Datanode State Machine Thread - 0] INFO  statemachine.DatanodeStateMachine (DatanodeStateMachine.java:lambda$startDaemon$0(350)) - Ozone container server started.
2019-09-19 16:46:32,843 [Datanode State Machine Thread - 0] INFO  statemachine.DatanodeStateMachine (DatanodeStateMachine.java:lambda$startDaemon$0(350)) - Ozone container server started.
2019-09-19 16:46:33,042 | INFO  | SCMAudit | user=jenkins1000 | ip=192.168.157.226 | op=SEND_HEARTBEAT {datanodeUUID=5a43fd14-5c4d-4177-84d0-63947bd71be7, command=[]} | ret=SUCCESS |  
2019-09-19 16:46:33,622 [Thread-702] INFO  container.ReplicationManager (ReplicationManager.java:start(151)) - Starting Replication Monitor Thread.
2019-09-19 16:46:33,625 [ReplicationMonitor] INFO  container.ReplicationManager (ReplicationManager.java:run(214)) - Replication Monitor Thread took 0 milliseconds for processing 0 containers.
2019-09-19 16:46:34,043 | INFO  | SCMAudit | user=jenkins1000 | ip=192.168.157.226 | op=SEND_HEARTBEAT {datanodeUUID=5a43fd14-5c4d-4177-84d0-63947bd71be7, command=[]} | ret=SUCCESS |  
2019-09-19 16:46:35,043 | INFO  | SCMAudit | user=jenkins1000 | ip=192.168.157.226 | op=SEND_HEARTBEAT {datanodeUUID=5a43fd14-5c4d-4177-84d0-63947bd71be7, command=[]} | ret=SUCCESS |  
2019-09-19 16:46:35,735 [Thread-704] INFO  impl.FollowerState (FollowerState.java:run(106)) - d91c2dc2-8109-44cd-8898-9a48e601c7ea:group-0ACC0A4C8BB4 changes to CANDIDATE, lastRpcTime:5063, electionTimeout:5063ms
2019-09-19 16:46:35,736 [Thread-704] INFO  impl.RoleInfo (RoleInfo.java:shutdownFollowerState(121)) - d91c2dc2-8109-44cd-8898-9a48e601c7ea: shutdown FollowerState
2019-09-19 16:46:35,736 [Thread-704] INFO  impl.RaftServerImpl (RaftServerImpl.java:setRole(171)) - d91c2dc2-8109-44cd-8898-9a48e601c7ea:group-0ACC0A4C8BB4 changes role from FOLLOWER to CANDIDATE at term 0 for changeToCandidate
2019-09-19 16:46:35,736 [Thread-704] INFO  impl.RoleInfo (RoleInfo.java:updateAndGet(143)) - d91c2dc2-8109-44cd-8898-9a48e601c7ea: start LeaderElection
2019-09-19 16:46:35,755 [d91c2dc2-8109-44cd-8898-9a48e601c7ea:group-0ACC0A4C8BB4:LeaderElection32] INFO  impl.LeaderElection (LeaderElection.java:askForVotes(181)) - d91c2dc2-8109-44cd-8898-9a48e601c7ea:group-0ACC0A4C8BB4:LeaderElection32: begin an election at term 1 for -1: [d91c2dc2-8109-44cd-8898-9a48e601c7ea:192.168.157.226:44439], old=null
2019-09-19 16:46:35,756 [d91c2dc2-8109-44cd-8898-9a48e601c7ea:group-0ACC0A4C8BB4:LeaderElection32] INFO  impl.RoleInfo (RoleInfo.java:shutdownLeaderElection(134)) - d91c2dc2-8109-44cd-8898-9a48e601c7ea: shutdown LeaderElection
2019-09-19 16:46:35,756 [d91c2dc2-8109-44cd-8898-9a48e601c7ea:group-0ACC0A4C8BB4:LeaderElection32] INFO  impl.RaftServerImpl (RaftServerImpl.java:setRole(171)) - d91c2dc2-8109-44cd-8898-9a48e601c7ea:group-0ACC0A4C8BB4 changes role from CANDIDATE to LEADER at term 1 for changeToLeader
2019-09-19 16:46:35,756 [d91c2dc2-8109-44cd-8898-9a48e601c7ea:group-0ACC0A4C8BB4:LeaderElection32] INFO  impl.RaftServerImpl (ServerState.java:setLeader(263)) - d91c2dc2-8109-44cd-8898-9a48e601c7ea:group-0ACC0A4C8BB4 change Leader from null to d91c2dc2-8109-44cd-8898-9a48e601c7ea at term 1 for becomeLeader, leader elected after 5089ms
2019-09-19 16:46:35,756 [d91c2dc2-8109-44cd-8898-9a48e601c7ea:group-0ACC0A4C8BB4:LeaderElection32] INFO  server.RaftServerConfigKeys (ConfUtils.java:logGet(43)) - raft.server.staging.catchup.gap = 1000 (default)
2019-09-19 16:46:35,757 [d91c2dc2-8109-44cd-8898-9a48e601c7ea:group-0ACC0A4C8BB4:LeaderElection32] INFO  server.RaftServerConfigKeys (ConfUtils.java:logGet(43)) - raft.server.rpc.sleep.time = 25ms (default)
2019-09-19 16:46:35,757 [d91c2dc2-8109-44cd-8898-9a48e601c7ea:group-0ACC0A4C8BB4:LeaderElection32] INFO  server.RaftServerConfigKeys (ConfUtils.java:logGet(43)) - raft.server.write.element-limit = 4096 (default)
2019-09-19 16:46:35,757 [d91c2dc2-8109-44cd-8898-9a48e601c7ea:group-0ACC0A4C8BB4:LeaderElection32] INFO  server.RaftServerConfigKeys (ConfUtils.java:logGet(43)) - raft.server.watch.timeout = 10s (default)
2019-09-19 16:46:35,757 [d91c2dc2-8109-44cd-8898-9a48e601c7ea:group-0ACC0A4C8BB4:LeaderElection32] INFO  server.RaftServerConfigKeys (ConfUtils.java:logGet(43)) - raft.server.watch.timeout.denomination = 1s (default)
2019-09-19 16:46:35,758 [d91c2dc2-8109-44cd-8898-9a48e601c7ea:group-0ACC0A4C8BB4:LeaderElection32] INFO  server.RaftServerConfigKeys (ConfUtils.java:logGet(43)) - raft.server.watch.element-limit = 65536 (default)
2019-09-19 16:46:35,758 [d91c2dc2-8109-44cd-8898-9a48e601c7ea:group-0ACC0A4C8BB4:LeaderElection32] INFO  impl.RoleInfo (RoleInfo.java:updateAndGet(143)) - d91c2dc2-8109-44cd-8898-9a48e601c7ea: start LeaderState
2019-09-19 16:46:35,758 [d91c2dc2-8109-44cd-8898-9a48e601c7ea:group-0ACC0A4C8BB4:LeaderElection32] INFO  segmented.SegmentedRaftLogWorker (SegmentedRaftLogWorker.java:startLogSegment(380)) - d91c2dc2-8109-44cd-8898-9a48e601c7ea-SegmentedRaftLogWorker:Storage Directory /workdir/hadoop-ozone/ozonefs/target/test-dir/MiniOzoneClusterImpl-d833ad47-c484-47cf-8e4a-958017684ee6/datanode-0/data/ratis/0a394f36-78c8-41ac-9a30-0acc0a4c8bb4: Starting segment from index:0
2019-09-19 16:46:35,759 [d91c2dc2-8109-44cd-8898-9a48e601c7ea:group-0ACC0A4C8BB4:LeaderElection32] INFO  impl.RaftServerImpl (ServerState.java:setRaftConf(361)) - d91c2dc2-8109-44cd-8898-9a48e601c7ea:group-0ACC0A4C8BB4 set configuration 0: [d91c2dc2-8109-44cd-8898-9a48e601c7ea:192.168.157.226:44439], old=null at 0
2019-09-19 16:46:35,816 [d91c2dc2-8109-44cd-8898-9a48e601c7ea-SegmentedRaftLogWorker:Storage Directory /workdir/hadoop-ozone/ozonefs/target/test-dir/MiniOzoneClusterImpl-d833ad47-c484-47cf-8e4a-958017684ee6/datanode-0/data/ratis/0a394f36-78c8-41ac-9a30-0acc0a4c8bb4] INFO  segmented.SegmentedRaftLogWorker (SegmentedRaftLogWorker.java:execute(569)) - d91c2dc2-8109-44cd-8898-9a48e601c7ea-SegmentedRaftLogWorker:Storage Directory /workdir/hadoop-ozone/ozonefs/target/test-dir/MiniOzoneClusterImpl-d833ad47-c484-47cf-8e4a-958017684ee6/datanode-0/data/ratis/0a394f36-78c8-41ac-9a30-0acc0a4c8bb4: created new log segment /workdir/hadoop-ozone/ozonefs/target/test-dir/MiniOzoneClusterImpl-d833ad47-c484-47cf-8e4a-958017684ee6/datanode-0/data/ratis/0a394f36-78c8-41ac-9a30-0acc0a4c8bb4/current/log_inprogress_0
2019-09-19 16:46:35,913 [Thread-710] INFO  impl.FollowerState (FollowerState.java:run(106)) - d91c2dc2-8109-44cd-8898-9a48e601c7ea:group-E6580A834ECC changes to CANDIDATE, lastRpcTime:5115, electionTimeout:5115ms
2019-09-19 16:46:35,913 [Thread-710] INFO  impl.RoleInfo (RoleInfo.java:shutdownFollowerState(121)) - d91c2dc2-8109-44cd-8898-9a48e601c7ea: shutdown FollowerState
2019-09-19 16:46:35,914 [Thread-710] INFO  impl.RaftServerImpl (RaftServerImpl.java:setRole(171)) - d91c2dc2-8109-44cd-8898-9a48e601c7ea:group-E6580A834ECC changes role from FOLLOWER to CANDIDATE at term 0 for changeToCandidate
2019-09-19 16:46:35,914 [Thread-710] INFO  impl.RoleInfo (RoleInfo.java:updateAndGet(143)) - d91c2dc2-8109-44cd-8898-9a48e601c7ea: start LeaderElection
2019-09-19 16:46:35,920 [Thread-713] INFO  impl.FollowerState (FollowerState.java:run(106)) - d91c2dc2-8109-44cd-8898-9a48e601c7ea:group-31AC628E5232 changes to CANDIDATE, lastRpcTime:5068, electionTimeout:5068ms
2019-09-19 16:46:35,920 [Thread-713] INFO  impl.RoleInfo (RoleInfo.java:shutdownFollowerState(121)) - d91c2dc2-8109-44cd-8898-9a48e601c7ea: shutdown FollowerState
2019-09-19 16:46:35,920 [Thread-713] INFO  impl.RaftServerImpl (RaftServerImpl.java:setRole(171)) - d91c2dc2-8109-44cd-8898-9a48e601c7ea:group-31AC628E5232 changes role from FOLLOWER to CANDIDATE at term 0 for changeToCandidate
2019-09-19 16:46:35,921 [Thread-713] INFO  impl.RoleInfo (RoleInfo.java:updateAndGet(143)) - d91c2dc2-8109-44cd-8898-9a48e601c7ea: start LeaderElection
2019-09-19 16:46:35,933 [d91c2dc2-8109-44cd-8898-9a48e601c7ea:group-31AC628E5232:LeaderElection34] INFO  impl.LeaderElection (LeaderElection.java:askForVotes(181)) - d91c2dc2-8109-44cd-8898-9a48e601c7ea:group-31AC628E5232:LeaderElection34: begin an election at term 1 for -1: [d91c2dc2-8109-44cd-8898-9a48e601c7ea:192.168.157.226:44439], old=null
2019-09-19 16:46:35,933 [d91c2dc2-8109-44cd-8898-9a48e601c7ea:group-E6580A834ECC:LeaderElection33] INFO  impl.LeaderElection (LeaderElection.java:askForVotes(181)) - d91c2dc2-8109-44cd-8898-9a48e601c7ea:group-E6580A834ECC:LeaderElection33: begin an election at term 1 for -1: [d91c2dc2-8109-44cd-8898-9a48e601c7ea:192.168.157.226:44439], old=null
2019-09-19 16:46:35,933 [d91c2dc2-8109-44cd-8898-9a48e601c7ea:group-31AC628E5232:LeaderElection34] INFO  impl.RoleInfo (RoleInfo.java:shutdownLeaderElection(134)) - d91c2dc2-8109-44cd-8898-9a48e601c7ea: shutdown LeaderElection
2019-09-19 16:46:35,934 [d91c2dc2-8109-44cd-8898-9a48e601c7ea:group-E6580A834ECC:LeaderElection33] INFO  impl.RoleInfo (RoleInfo.java:shutdownLeaderElection(134)) - d91c2dc2-8109-44cd-8898-9a48e601c7ea: shutdown LeaderElection
2019-09-19 16:46:35,934 [d91c2dc2-8109-44cd-8898-9a48e601c7ea:group-31AC628E5232:LeaderElection34] INFO  impl.RaftServerImpl (RaftServerImpl.java:setRole(171)) - d91c2dc2-8109-44cd-8898-9a48e601c7ea:group-31AC628E5232 changes role from CANDIDATE to LEADER at term 1 for changeToLeader
2019-09-19 16:46:35,934 [d91c2dc2-8109-44cd-8898-9a48e601c7ea:group-E6580A834ECC:LeaderElection33] INFO  impl.RaftServerImpl (RaftServerImpl.java:setRole(171)) - d91c2dc2-8109-44cd-8898-9a48e601c7ea:group-E6580A834ECC changes role from CANDIDATE to LEADER at term 1 for changeToLeader
2019-09-19 16:46:35,934 [d91c2dc2-8109-44cd-8898-9a48e601c7ea:group-31AC628E5232:LeaderElection34] INFO  impl.RaftServerImpl (ServerState.java:setLeader(263)) - d91c2dc2-8109-44cd-8898-9a48e601c7ea:group-31AC628E5232 change Leader from null to d91c2dc2-8109-44cd-8898-9a48e601c7ea at term 1 for becomeLeader, leader elected after 5086ms
2019-09-19 16:46:35,934 [d91c2dc2-8109-44cd-8898-9a48e601c7ea:group-E6580A834ECC:LeaderElection33] INFO  impl.RaftServerImpl (ServerState.java:setLeader(263)) - d91c2dc2-8109-44cd-8898-9a48e601c7ea:group-E6580A834ECC change Leader from null to d91c2dc2-8109-44cd-8898-9a48e601c7ea at term 1 for becomeLeader, leader elected after 5140ms
2019-09-19 16:46:35,934 [d91c2dc2-8109-44cd-8898-9a48e601c7ea:group-31AC628E5232:LeaderElection34] INFO  server.RaftServerConfigKeys (ConfUtils.java:logGet(43)) - raft.server.staging.catchup.gap = 1000 (default)
2019-09-19 16:46:35,935 [d91c2dc2-8109-44cd-8898-9a48e601c7ea:group-E6580A834ECC:LeaderElection33] INFO  server.RaftServerConfigKeys (ConfUtils.java:logGet(43)) - raft.server.staging.catchup.gap = 1000 (default)
2019-09-19 16:46:35,935 [d91c2dc2-8109-44cd-8898-9a48e601c7ea:group-31AC628E5232:LeaderElection34] INFO  server.RaftServerConfigKeys (ConfUtils.java:logGet(43)) - raft.server.rpc.sleep.time = 25ms (default)
2019-09-19 16:46:35,935 [d91c2dc2-8109-44cd-8898-9a48e601c7ea:group-E6580A834ECC:LeaderElection33] INFO  server.RaftServerConfigKeys (ConfUtils.java:logGet(43)) - raft.server.rpc.sleep.time = 25ms (default)
2019-09-19 16:46:35,935 [d91c2dc2-8109-44cd-8898-9a48e601c7ea:group-31AC628E5232:LeaderElection34] INFO  server.RaftServerConfigKeys (ConfUtils.java:logGet(43)) - raft.server.write.element-limit = 4096 (default)
2019-09-19 16:46:35,935 [d91c2dc2-8109-44cd-8898-9a48e601c7ea:group-E6580A834ECC:LeaderElection33] INFO  server.RaftServerConfigKeys (ConfUtils.java:logGet(43)) - raft.server.write.element-limit = 4096 (default)
2019-09-19 16:46:35,935 [d91c2dc2-8109-44cd-8898-9a48e601c7ea:group-31AC628E5232:LeaderElection34] INFO  server.RaftServerConfigKeys (ConfUtils.java:logGet(43)) - raft.server.watch.timeout = 10s (default)
2019-09-19 16:46:35,936 [d91c2dc2-8109-44cd-8898-9a48e601c7ea:group-E6580A834ECC:LeaderElection33] INFO  server.RaftServerConfigKeys (ConfUtils.java:logGet(43)) - raft.server.watch.timeout = 10s (default)
2019-09-19 16:46:35,936 [d91c2dc2-8109-44cd-8898-9a48e601c7ea:group-31AC628E5232:LeaderElection34] INFO  server.RaftServerConfigKeys (ConfUtils.java:logGet(43)) - raft.server.watch.timeout.denomination = 1s (default)
2019-09-19 16:46:35,936 [d91c2dc2-8109-44cd-8898-9a48e601c7ea:group-E6580A834ECC:LeaderElection33] INFO  server.RaftServerConfigKeys (ConfUtils.java:logGet(43)) - raft.server.watch.timeout.denomination = 1s (default)
2019-09-19 16:46:35,936 [d91c2dc2-8109-44cd-8898-9a48e601c7ea:group-31AC628E5232:LeaderElection34] INFO  server.RaftServerConfigKeys (ConfUtils.java:logGet(43)) - raft.server.watch.element-limit = 65536 (default)
2019-09-19 16:46:35,936 [d91c2dc2-8109-44cd-8898-9a48e601c7ea:group-E6580A834ECC:LeaderElection33] INFO  server.RaftServerConfigKeys (ConfUtils.java:logGet(43)) - raft.server.watch.element-limit = 65536 (default)
2019-09-19 16:46:35,937 [d91c2dc2-8109-44cd-8898-9a48e601c7ea:group-31AC628E5232:LeaderElection34] INFO  impl.RoleInfo (RoleInfo.java:updateAndGet(143)) - d91c2dc2-8109-44cd-8898-9a48e601c7ea: start LeaderState
2019-09-19 16:46:35,937 [Thread-707] INFO  impl.FollowerState (FollowerState.java:run(106)) - d91c2dc2-8109-44cd-8898-9a48e601c7ea:group-71EB4EE11979 changes to CANDIDATE, lastRpcTime:5191, electionTimeout:5191ms
2019-09-19 16:46:35,937 [d91c2dc2-8109-44cd-8898-9a48e601c7ea:group-31AC628E5232:LeaderElection34] INFO  segmented.SegmentedRaftLogWorker (SegmentedRaftLogWorker.java:startLogSegment(380)) - d91c2dc2-8109-44cd-8898-9a48e601c7ea-SegmentedRaftLogWorker:Storage Directory /workdir/hadoop-ozone/ozonefs/target/test-dir/MiniOzoneClusterImpl-d833ad47-c484-47cf-8e4a-958017684ee6/datanode-0/data/ratis/a14fb16f-a246-4843-8753-31ac628e5232: Starting segment from index:0
2019-09-19 16:46:35,937 [d91c2dc2-8109-44cd-8898-9a48e601c7ea:group-E6580A834ECC:LeaderElection33] INFO  impl.RoleInfo (RoleInfo.java:updateAndGet(143)) - d91c2dc2-8109-44cd-8898-9a48e601c7ea: start LeaderState
2019-09-19 16:46:35,937 [Thread-707] INFO  impl.RoleInfo (RoleInfo.java:shutdownFollowerState(121)) - d91c2dc2-8109-44cd-8898-9a48e601c7ea: shutdown FollowerState
2019-09-19 16:46:35,938 [Thread-707] INFO  impl.RaftServerImpl (RaftServerImpl.java:setRole(171)) - d91c2dc2-8109-44cd-8898-9a48e601c7ea:group-71EB4EE11979 changes role from FOLLOWER to CANDIDATE at term 0 for changeToCandidate
2019-09-19 16:46:35,938 [d91c2dc2-8109-44cd-8898-9a48e601c7ea:group-E6580A834ECC:LeaderElection33] INFO  segmented.SegmentedRaftLogWorker (SegmentedRaftLogWorker.java:startLogSegment(380)) - d91c2dc2-8109-44cd-8898-9a48e601c7ea-SegmentedRaftLogWorker:Storage Directory /workdir/hadoop-ozone/ozonefs/target/test-dir/MiniOzoneClusterImpl-d833ad47-c484-47cf-8e4a-958017684ee6/datanode-0/data/ratis/88fb0406-6ed5-4381-afa9-e6580a834ecc: Starting segment from index:0
2019-09-19 16:46:35,938 [Thread-707] INFO  impl.RoleInfo (RoleInfo.java:updateAndGet(143)) - d91c2dc2-8109-44cd-8898-9a48e601c7ea: start LeaderElection
2019-09-19 16:46:35,938 [d91c2dc2-8109-44cd-8898-9a48e601c7ea:group-31AC628E5232:LeaderElection34] INFO  impl.RaftServerImpl (ServerState.java:setRaftConf(361)) - d91c2dc2-8109-44cd-8898-9a48e601c7ea:group-31AC628E5232 set configuration 0: [d91c2dc2-8109-44cd-8898-9a48e601c7ea:192.168.157.226:44439], old=null at 0
2019-09-19 16:46:35,981 [Thread-716] INFO  impl.FollowerState (FollowerState.java:run(106)) - d91c2dc2-8109-44cd-8898-9a48e601c7ea:group-9A7CE0ECDECA changes to CANDIDATE, lastRpcTime:5075, electionTimeout:5071ms
2019-09-19 16:46:35,982 [Thread-716] INFO  impl.RoleInfo (RoleInfo.java:shutdownFollowerState(121)) - d91c2dc2-8109-44cd-8898-9a48e601c7ea: shutdown FollowerState
2019-09-19 16:46:35,982 [d91c2dc2-8109-44cd-8898-9a48e601c7ea:group-E6580A834ECC:LeaderElection33] INFO  impl.RaftServerImpl (ServerState.java:setRaftConf(361)) - d91c2dc2-8109-44cd-8898-9a48e601c7ea:group-E6580A834ECC set configuration 0: [d91c2dc2-8109-44cd-8898-9a48e601c7ea:192.168.157.226:44439], old=null at 0
2019-09-19 16:46:35,982 [Thread-716] INFO  impl.RaftServerImpl (RaftServerImpl.java:setRole(171)) - d91c2dc2-8109-44cd-8898-9a48e601c7ea:group-9A7CE0ECDECA changes role from FOLLOWER to CANDIDATE at term 0 for changeToCandidate
2019-09-19 16:46:35,983 [Thread-716] INFO  impl.RoleInfo (RoleInfo.java:updateAndGet(143)) - d91c2dc2-8109-44cd-8898-9a48e601c7ea: start LeaderElection
2019-09-19 16:46:35,995 [d91c2dc2-8109-44cd-8898-9a48e601c7ea-SegmentedRaftLogWorker:Storage Directory /workdir/hadoop-ozone/ozonefs/target/test-dir/MiniOzoneClusterImpl-d833ad47-c484-47cf-8e4a-958017684ee6/datanode-0/data/ratis/88fb0406-6ed5-4381-afa9-e6580a834ecc] INFO  segmented.SegmentedRaftLogWorker (SegmentedRaftLogWorker.java:execute(569)) - d91c2dc2-8109-44cd-8898-9a48e601c7ea-SegmentedRaftLogWorker:Storage Directory /workdir/hadoop-ozone/ozonefs/target/test-dir/MiniOzoneClusterImpl-d833ad47-c484-47cf-8e4a-958017684ee6/datanode-0/data/ratis/88fb0406-6ed5-4381-afa9-e6580a834ecc: created new log segment /workdir/hadoop-ozone/ozonefs/target/test-dir/MiniOzoneClusterImpl-d833ad47-c484-47cf-8e4a-958017684ee6/datanode-0/data/ratis/88fb0406-6ed5-4381-afa9-e6580a834ecc/current/log_inprogress_0
2019-09-19 16:46:35,995 [d91c2dc2-8109-44cd-8898-9a48e601c7ea-SegmentedRaftLogWorker:Storage Directory /workdir/hadoop-ozone/ozonefs/target/test-dir/MiniOzoneClusterImpl-d833ad47-c484-47cf-8e4a-958017684ee6/datanode-0/data/ratis/a14fb16f-a246-4843-8753-31ac628e5232] INFO  segmented.SegmentedRaftLogWorker (SegmentedRaftLogWorker.java:execute(569)) - d91c2dc2-8109-44cd-8898-9a48e601c7ea-SegmentedRaftLogWorker:Storage Directory /workdir/hadoop-ozone/ozonefs/target/test-dir/MiniOzoneClusterImpl-d833ad47-c484-47cf-8e4a-958017684ee6/datanode-0/data/ratis/a14fb16f-a246-4843-8753-31ac628e5232: created new log segment /workdir/hadoop-ozone/ozonefs/target/test-dir/MiniOzoneClusterImpl-d833ad47-c484-47cf-8e4a-958017684ee6/datanode-0/data/ratis/a14fb16f-a246-4843-8753-31ac628e5232/current/log_inprogress_0
2019-09-19 16:46:35,995 [d91c2dc2-8109-44cd-8898-9a48e601c7ea:group-71EB4EE11979:LeaderElection35] INFO  impl.LeaderElection (LeaderElection.java:askForVotes(181)) - d91c2dc2-8109-44cd-8898-9a48e601c7ea:group-71EB4EE11979:LeaderElection35: begin an election at term 1 for -1: [d91c2dc2-8109-44cd-8898-9a48e601c7ea:192.168.157.226:44439], old=null
2019-09-19 16:46:35,995 [d91c2dc2-8109-44cd-8898-9a48e601c7ea:group-9A7CE0ECDECA:LeaderElection36] INFO  impl.LeaderElection (LeaderElection.java:askForVotes(181)) - d91c2dc2-8109-44cd-8898-9a48e601c7ea:group-9A7CE0ECDECA:LeaderElection36: begin an election at term 1 for -1: [d91c2dc2-8109-44cd-8898-9a48e601c7ea:192.168.157.226:44439], old=null
2019-09-19 16:46:35,995 [d91c2dc2-8109-44cd-8898-9a48e601c7ea:group-71EB4EE11979:LeaderElection35] INFO  impl.RoleInfo (RoleInfo.java:shutdownLeaderElection(134)) - d91c2dc2-8109-44cd-8898-9a48e601c7ea: shutdown LeaderElection
2019-09-19 16:46:35,996 [d91c2dc2-8109-44cd-8898-9a48e601c7ea:group-9A7CE0ECDECA:LeaderElection36] INFO  impl.RoleInfo (RoleInfo.java:shutdownLeaderElection(134)) - d91c2dc2-8109-44cd-8898-9a48e601c7ea: shutdown LeaderElection
2019-09-19 16:46:35,996 [d91c2dc2-8109-44cd-8898-9a48e601c7ea:group-71EB4EE11979:LeaderElection35] INFO  impl.RaftServerImpl (RaftServerImpl.java:setRole(171)) - d91c2dc2-8109-44cd-8898-9a48e601c7ea:group-71EB4EE11979 changes role from CANDIDATE to LEADER at term 1 for changeToLeader
2019-09-19 16:46:35,996 [d91c2dc2-8109-44cd-8898-9a48e601c7ea:group-9A7CE0ECDECA:LeaderElection36] INFO  impl.RaftServerImpl (RaftServerImpl.java:setRole(171)) - d91c2dc2-8109-44cd-8898-9a48e601c7ea:group-9A7CE0ECDECA changes role from CANDIDATE to LEADER at term 1 for changeToLeader
2019-09-19 16:46:35,996 [d91c2dc2-8109-44cd-8898-9a48e601c7ea:group-71EB4EE11979:LeaderElection35] INFO  impl.RaftServerImpl (ServerState.java:setLeader(263)) - d91c2dc2-8109-44cd-8898-9a48e601c7ea:group-71EB4EE11979 change Leader from null to d91c2dc2-8109-44cd-8898-9a48e601c7ea at term 1 for becomeLeader, leader elected after 5255ms
2019-09-19 16:46:35,996 [d91c2dc2-8109-44cd-8898-9a48e601c7ea:group-9A7CE0ECDECA:LeaderElection36] INFO  impl.RaftServerImpl (ServerState.java:setLeader(263)) - d91c2dc2-8109-44cd-8898-9a48e601c7ea:group-9A7CE0ECDECA change Leader from null to d91c2dc2-8109-44cd-8898-9a48e601c7ea at term 1 for becomeLeader, leader elected after 5094ms
2019-09-19 16:46:35,996 [d91c2dc2-8109-44cd-8898-9a48e601c7ea:group-71EB4EE11979:LeaderElection35] INFO  server.RaftServerConfigKeys (ConfUtils.java:logGet(43)) - raft.server.staging.catchup.gap = 1000 (default)
2019-09-19 16:46:35,996 [d91c2dc2-8109-44cd-8898-9a48e601c7ea:group-9A7CE0ECDECA:LeaderElection36] INFO  server.RaftServerConfigKeys (ConfUtils.java:logGet(43)) - raft.server.staging.catchup.gap = 1000 (default)
2019-09-19 16:46:35,997 [d91c2dc2-8109-44cd-8898-9a48e601c7ea:group-71EB4EE11979:LeaderElection35] INFO  server.RaftServerConfigKeys (ConfUtils.java:logGet(43)) - raft.server.rpc.sleep.time = 25ms (default)
2019-09-19 16:46:35,997 [d91c2dc2-8109-44cd-8898-9a48e601c7ea:group-9A7CE0ECDECA:LeaderElection36] INFO  server.RaftServerConfigKeys (ConfUtils.java:logGet(43)) - raft.server.rpc.sleep.time = 25ms (default)
2019-09-19 16:46:35,997 [d91c2dc2-8109-44cd-8898-9a48e601c7ea:group-71EB4EE11979:LeaderElection35] INFO  server.RaftServerConfigKeys (ConfUtils.java:logGet(43)) - raft.server.write.element-limit = 4096 (default)
2019-09-19 16:46:35,997 [d91c2dc2-8109-44cd-8898-9a48e601c7ea:group-9A7CE0ECDECA:LeaderElection36] INFO  server.RaftServerConfigKeys (ConfUtils.java:logGet(43)) - raft.server.write.element-limit = 4096 (default)
2019-09-19 16:46:35,997 [d91c2dc2-8109-44cd-8898-9a48e601c7ea:group-71EB4EE11979:LeaderElection35] INFO  server.RaftServerConfigKeys (ConfUtils.java:logGet(43)) - raft.server.watch.timeout = 10s (default)
2019-09-19 16:46:35,997 [d91c2dc2-8109-44cd-8898-9a48e601c7ea:group-9A7CE0ECDECA:LeaderElection36] INFO  server.RaftServerConfigKeys (ConfUtils.java:logGet(43)) - raft.server.watch.timeout = 10s (default)
2019-09-19 16:46:35,998 [d91c2dc2-8109-44cd-8898-9a48e601c7ea:group-71EB4EE11979:LeaderElection35] INFO  server.RaftServerConfigKeys (ConfUtils.java:logGet(43)) - raft.server.watch.timeout.denomination = 1s (default)
2019-09-19 16:46:35,998 [d91c2dc2-8109-44cd-8898-9a48e601c7ea:group-9A7CE0ECDECA:LeaderElection36] INFO  server.RaftServerConfigKeys (ConfUtils.java:logGet(43)) - raft.server.watch.timeout.denomination = 1s (default)
2019-09-19 16:46:35,998 [d91c2dc2-8109-44cd-8898-9a48e601c7ea:group-71EB4EE11979:LeaderElection35] INFO  server.RaftServerConfigKeys (ConfUtils.java:logGet(43)) - raft.server.watch.element-limit = 65536 (default)
2019-09-19 16:46:35,998 [d91c2dc2-8109-44cd-8898-9a48e601c7ea:group-9A7CE0ECDECA:LeaderElection36] INFO  server.RaftServerConfigKeys (ConfUtils.java:logGet(43)) - raft.server.watch.element-limit = 65536 (default)
2019-09-19 16:46:35,998 [d91c2dc2-8109-44cd-8898-9a48e601c7ea:group-71EB4EE11979:LeaderElection35] INFO  impl.RoleInfo (RoleInfo.java:updateAndGet(143)) - d91c2dc2-8109-44cd-8898-9a48e601c7ea: start LeaderState
2019-09-19 16:46:35,999 [d91c2dc2-8109-44cd-8898-9a48e601c7ea:group-9A7CE0ECDECA:LeaderElection36] INFO  impl.RoleInfo (RoleInfo.java:updateAndGet(143)) - d91c2dc2-8109-44cd-8898-9a48e601c7ea: start LeaderState
2019-09-19 16:46:35,999 [d91c2dc2-8109-44cd-8898-9a48e601c7ea:group-71EB4EE11979:LeaderElection35] INFO  segmented.SegmentedRaftLogWorker (SegmentedRaftLogWorker.java:startLogSegment(380)) - d91c2dc2-8109-44cd-8898-9a48e601c7ea-SegmentedRaftLogWorker:Storage Directory /workdir/hadoop-ozone/ozonefs/target/test-dir/MiniOzoneClusterImpl-d833ad47-c484-47cf-8e4a-958017684ee6/datanode-0/data/ratis/7f446f1e-6957-4c45-a5c7-71eb4ee11979: Starting segment from index:0
2019-09-19 16:46:35,999 [d91c2dc2-8109-44cd-8898-9a48e601c7ea:group-9A7CE0ECDECA:LeaderElection36] INFO  segmented.SegmentedRaftLogWorker (SegmentedRaftLogWorker.java:startLogSegment(380)) - d91c2dc2-8109-44cd-8898-9a48e601c7ea-SegmentedRaftLogWorker:Storage Directory /workdir/hadoop-ozone/ozonefs/target/test-dir/MiniOzoneClusterImpl-d833ad47-c484-47cf-8e4a-958017684ee6/datanode-0/data/ratis/bda15921-daad-4c68-97aa-9a7ce0ecdeca: Starting segment from index:0
2019-09-19 16:46:35,999 [d91c2dc2-8109-44cd-8898-9a48e601c7ea:group-71EB4EE11979:LeaderElection35] INFO  impl.RaftServerImpl (ServerState.java:setRaftConf(361)) - d91c2dc2-8109-44cd-8898-9a48e601c7ea:group-71EB4EE11979 set configuration 0: [d91c2dc2-8109-44cd-8898-9a48e601c7ea:192.168.157.226:44439], old=null at 0
2019-09-19 16:46:36,000 [d91c2dc2-8109-44cd-8898-9a48e601c7ea:group-9A7CE0ECDECA:LeaderElection36] INFO  impl.RaftServerImpl (ServerState.java:setRaftConf(361)) - d91c2dc2-8109-44cd-8898-9a48e601c7ea:group-9A7CE0ECDECA set configuration 0: [d91c2dc2-8109-44cd-8898-9a48e601c7ea:192.168.157.226:44439], old=null at 0
2019-09-19 16:46:36,042 | INFO  | SCMAudit | user=jenkins1000 | ip=192.168.157.226 | op=SEND_HEARTBEAT {datanodeUUID=5a43fd14-5c4d-4177-84d0-63947bd71be7, command=[]} | ret=SUCCESS |  
2019-09-19 16:46:36,053 [d91c2dc2-8109-44cd-8898-9a48e601c7ea-SegmentedRaftLogWorker:Storage Directory /workdir/hadoop-ozone/ozonefs/target/test-dir/MiniOzoneClusterImpl-d833ad47-c484-47cf-8e4a-958017684ee6/datanode-0/data/ratis/7f446f1e-6957-4c45-a5c7-71eb4ee11979] INFO  segmented.SegmentedRaftLogWorker (SegmentedRaftLogWorker.java:execute(569)) - d91c2dc2-8109-44cd-8898-9a48e601c7ea-SegmentedRaftLogWorker:Storage Directory /workdir/hadoop-ozone/ozonefs/target/test-dir/MiniOzoneClusterImpl-d833ad47-c484-47cf-8e4a-958017684ee6/datanode-0/data/ratis/7f446f1e-6957-4c45-a5c7-71eb4ee11979: created new log segment /workdir/hadoop-ozone/ozonefs/target/test-dir/MiniOzoneClusterImpl-d833ad47-c484-47cf-8e4a-958017684ee6/datanode-0/data/ratis/7f446f1e-6957-4c45-a5c7-71eb4ee11979/current/log_inprogress_0
2019-09-19 16:46:36,053 [d91c2dc2-8109-44cd-8898-9a48e601c7ea-SegmentedRaftLogWorker:Storage Directory /workdir/hadoop-ozone/ozonefs/target/test-dir/MiniOzoneClusterImpl-d833ad47-c484-47cf-8e4a-958017684ee6/datanode-0/data/ratis/bda15921-daad-4c68-97aa-9a7ce0ecdeca] INFO  segmented.SegmentedRaftLogWorker (SegmentedRaftLogWorker.java:execute(569)) - d91c2dc2-8109-44cd-8898-9a48e601c7ea-SegmentedRaftLogWorker:Storage Directory /workdir/hadoop-ozone/ozonefs/target/test-dir/MiniOzoneClusterImpl-d833ad47-c484-47cf-8e4a-958017684ee6/datanode-0/data/ratis/bda15921-daad-4c68-97aa-9a7ce0ecdeca: created new log segment /workdir/hadoop-ozone/ozonefs/target/test-dir/MiniOzoneClusterImpl-d833ad47-c484-47cf-8e4a-958017684ee6/datanode-0/data/ratis/bda15921-daad-4c68-97aa-9a7ce0ecdeca/current/log_inprogress_0
2019-09-19 16:46:36,113 [Thread-725] INFO  impl.FollowerState (FollowerState.java:run(106)) - 964d8c59-381b-467e-aacd-b99a6c520c67:group-79239889EA20 changes to CANDIDATE, lastRpcTime:5059, electionTimeout:5059ms
2019-09-19 16:46:36,113 [Thread-719] INFO  impl.FollowerState (FollowerState.java:run(106)) - d91c2dc2-8109-44cd-8898-9a48e601c7ea:group-F156483E08D2 changes to CANDIDATE, lastRpcTime:5165, electionTimeout:5165ms
2019-09-19 16:46:36,113 [Thread-725] INFO  impl.RoleInfo (RoleInfo.java:shutdownFollowerState(121)) - 964d8c59-381b-467e-aacd-b99a6c520c67: shutdown FollowerState
2019-09-19 16:46:36,114 [Thread-719] INFO  impl.RoleInfo (RoleInfo.java:shutdownFollowerState(121)) - d91c2dc2-8109-44cd-8898-9a48e601c7ea: shutdown FollowerState
2019-09-19 16:46:36,114 [Thread-725] INFO  impl.RaftServerImpl (RaftServerImpl.java:setRole(171)) - 964d8c59-381b-467e-aacd-b99a6c520c67:group-79239889EA20 changes role from FOLLOWER to CANDIDATE at term 0 for changeToCandidate
2019-09-19 16:46:36,114 [Thread-719] INFO  impl.RaftServerImpl (RaftServerImpl.java:setRole(171)) - d91c2dc2-8109-44cd-8898-9a48e601c7ea:group-F156483E08D2 changes role from FOLLOWER to CANDIDATE at term 0 for changeToCandidate
2019-09-19 16:46:36,114 [Thread-725] INFO  impl.RoleInfo (RoleInfo.java:updateAndGet(143)) - 964d8c59-381b-467e-aacd-b99a6c520c67: start LeaderElection
2019-09-19 16:46:36,114 [Thread-719] INFO  impl.RoleInfo (RoleInfo.java:updateAndGet(143)) - d91c2dc2-8109-44cd-8898-9a48e601c7ea: start LeaderElection
2019-09-19 16:46:36,131 [Thread-722] INFO  impl.FollowerState (FollowerState.java:run(106)) - 964d8c59-381b-467e-aacd-b99a6c520c67:group-B1CB96C7EA83 changes to CANDIDATE, lastRpcTime:5121, electionTimeout:5121ms
2019-09-19 16:46:36,131 [Thread-722] INFO  impl.RoleInfo (RoleInfo.java:shutdownFollowerState(121)) - 964d8c59-381b-467e-aacd-b99a6c520c67: shutdown FollowerState
2019-09-19 16:46:36,131 [Thread-722] INFO  impl.RaftServerImpl (RaftServerImpl.java:setRole(171)) - 964d8c59-381b-467e-aacd-b99a6c520c67:group-B1CB96C7EA83 changes role from FOLLOWER to CANDIDATE at term 0 for changeToCandidate
2019-09-19 16:46:36,131 [Thread-722] INFO  impl.RoleInfo (RoleInfo.java:updateAndGet(143)) - 964d8c59-381b-467e-aacd-b99a6c520c67: start LeaderElection
2019-09-19 16:46:36,147 [964d8c59-381b-467e-aacd-b99a6c520c67:group-79239889EA20:LeaderElection37] INFO  impl.LeaderElection (LeaderElection.java:askForVotes(181)) - 964d8c59-381b-467e-aacd-b99a6c520c67:group-79239889EA20:LeaderElection37: begin an election at term 1 for -1: [964d8c59-381b-467e-aacd-b99a6c520c67:192.168.157.226:32835], old=null
2019-09-19 16:46:36,147 [d91c2dc2-8109-44cd-8898-9a48e601c7ea:group-F156483E08D2:LeaderElection38] INFO  impl.LeaderElection (LeaderElection.java:askForVotes(181)) - d91c2dc2-8109-44cd-8898-9a48e601c7ea:group-F156483E08D2:LeaderElection38: begin an election at term 1 for -1: [d91c2dc2-8109-44cd-8898-9a48e601c7ea:192.168.157.226:44439], old=null
2019-09-19 16:46:36,147 [964d8c59-381b-467e-aacd-b99a6c520c67:group-79239889EA20:LeaderElection37] INFO  impl.RoleInfo (RoleInfo.java:shutdownLeaderElection(134)) - 964d8c59-381b-467e-aacd-b99a6c520c67: shutdown LeaderElection
2019-09-19 16:46:36,147 [d91c2dc2-8109-44cd-8898-9a48e601c7ea:group-F156483E08D2:LeaderElection38] INFO  impl.RoleInfo (RoleInfo.java:shutdownLeaderElection(134)) - d91c2dc2-8109-44cd-8898-9a48e601c7ea: shutdown LeaderElection
2019-09-19 16:46:36,147 [964d8c59-381b-467e-aacd-b99a6c520c67:group-79239889EA20:LeaderElection37] INFO  impl.RaftServerImpl (RaftServerImpl.java:setRole(171)) - 964d8c59-381b-467e-aacd-b99a6c520c67:group-79239889EA20 changes role from CANDIDATE to LEADER at term 1 for changeToLeader
2019-09-19 16:46:36,147 [d91c2dc2-8109-44cd-8898-9a48e601c7ea:group-F156483E08D2:LeaderElection38] INFO  impl.RaftServerImpl (RaftServerImpl.java:setRole(171)) - d91c2dc2-8109-44cd-8898-9a48e601c7ea:group-F156483E08D2 changes role from CANDIDATE to LEADER at term 1 for changeToLeader
2019-09-19 16:46:36,148 [964d8c59-381b-467e-aacd-b99a6c520c67:group-79239889EA20:LeaderElection37] INFO  impl.RaftServerImpl (ServerState.java:setLeader(263)) - 964d8c59-381b-467e-aacd-b99a6c520c67:group-79239889EA20 change Leader from null to 964d8c59-381b-467e-aacd-b99a6c520c67 at term 1 for becomeLeader, leader elected after 5097ms
2019-09-19 16:46:36,148 [d91c2dc2-8109-44cd-8898-9a48e601c7ea:group-F156483E08D2:LeaderElection38] INFO  impl.RaftServerImpl (ServerState.java:setLeader(263)) - d91c2dc2-8109-44cd-8898-9a48e601c7ea:group-F156483E08D2 change Leader from null to d91c2dc2-8109-44cd-8898-9a48e601c7ea at term 1 for becomeLeader, leader elected after 5203ms
2019-09-19 16:46:36,148 [964d8c59-381b-467e-aacd-b99a6c520c67:group-79239889EA20:LeaderElection37] INFO  server.RaftServerConfigKeys (ConfUtils.java:logGet(43)) - raft.server.staging.catchup.gap = 1000 (default)
2019-09-19 16:46:36,148 [d91c2dc2-8109-44cd-8898-9a48e601c7ea:group-F156483E08D2:LeaderElection38] INFO  server.RaftServerConfigKeys (ConfUtils.java:logGet(43)) - raft.server.staging.catchup.gap = 1000 (default)
2019-09-19 16:46:36,148 [964d8c59-381b-467e-aacd-b99a6c520c67:group-79239889EA20:LeaderElection37] INFO  server.RaftServerConfigKeys (ConfUtils.java:logGet(43)) - raft.server.rpc.sleep.time = 25ms (default)
2019-09-19 16:46:36,148 [d91c2dc2-8109-44cd-8898-9a48e601c7ea:group-F156483E08D2:LeaderElection38] INFO  server.RaftServerConfigKeys (ConfUtils.java:logGet(43)) - raft.server.rpc.sleep.time = 25ms (default)
2019-09-19 16:46:36,149 [964d8c59-381b-467e-aacd-b99a6c520c67:group-79239889EA20:LeaderElection37] INFO  server.RaftServerConfigKeys (ConfUtils.java:logGet(43)) - raft.server.write.element-limit = 4096 (default)
2019-09-19 16:46:36,149 [d91c2dc2-8109-44cd-8898-9a48e601c7ea:group-F156483E08D2:LeaderElection38] INFO  server.RaftServerConfigKeys (ConfUtils.java:logGet(43)) - raft.server.write.element-limit = 4096 (default)
2019-09-19 16:46:36,149 [964d8c59-381b-467e-aacd-b99a6c520c67:group-B1CB96C7EA83:LeaderElection39] INFO  impl.LeaderElection (LeaderElection.java:askForVotes(181)) - 964d8c59-381b-467e-aacd-b99a6c520c67:group-B1CB96C7EA83:LeaderElection39: begin an election at term 1 for -1: [964d8c59-381b-467e-aacd-b99a6c520c67:192.168.157.226:32835], old=null
2019-09-19 16:46:36,149 [964d8c59-381b-467e-aacd-b99a6c520c67:group-79239889EA20:LeaderElection37] INFO  server.RaftServerConfigKeys (ConfUtils.java:logGet(43)) - raft.server.watch.timeout = 10s (default)
2019-09-19 16:46:36,149 [964d8c59-381b-467e-aacd-b99a6c520c67:group-B1CB96C7EA83:LeaderElection39] INFO  impl.RoleInfo (RoleInfo.java:shutdownLeaderElection(134)) - 964d8c59-381b-467e-aacd-b99a6c520c67: shutdown LeaderElection
2019-09-19 16:46:36,149 [d91c2dc2-8109-44cd-8898-9a48e601c7ea:group-F156483E08D2:LeaderElection38] INFO  server.RaftServerConfigKeys (ConfUtils.java:logGet(43)) - raft.server.watch.timeout = 10s (default)
2019-09-19 16:46:36,149 [964d8c59-381b-467e-aacd-b99a6c520c67:group-B1CB96C7EA83:LeaderElection39] INFO  impl.RaftServerImpl (RaftServerImpl.java:setRole(171)) - 964d8c59-381b-467e-aacd-b99a6c520c67:group-B1CB96C7EA83 changes role from CANDIDATE to LEADER at term 1 for changeToLeader
2019-09-19 16:46:36,149 [964d8c59-381b-467e-aacd-b99a6c520c67:group-79239889EA20:LeaderElection37] INFO  server.RaftServerConfigKeys (ConfUtils.java:logGet(43)) - raft.server.watch.timeout.denomination = 1s (default)
2019-09-19 16:46:36,150 [964d8c59-381b-467e-aacd-b99a6c520c67:group-B1CB96C7EA83:LeaderElection39] INFO  impl.RaftServerImpl (ServerState.java:setLeader(263)) - 964d8c59-381b-467e-aacd-b99a6c520c67:group-B1CB96C7EA83 change Leader from null to 964d8c59-381b-467e-aacd-b99a6c520c67 at term 1 for becomeLeader, leader elected after 5146ms
2019-09-19 16:46:36,150 [d91c2dc2-8109-44cd-8898-9a48e601c7ea:group-F156483E08D2:LeaderElection38] INFO  server.RaftServerConfigKeys (ConfUtils.java:logGet(43)) - raft.server.watch.timeout.denomination = 1s (default)
2019-09-19 16:46:36,150 [964d8c59-381b-467e-aacd-b99a6c520c67:group-B1CB96C7EA83:LeaderElection39] INFO  server.RaftServerConfigKeys (ConfUtils.java:logGet(43)) - raft.server.staging.catchup.gap = 1000 (default)
2019-09-19 16:46:36,150 [964d8c59-381b-467e-aacd-b99a6c520c67:group-79239889EA20:LeaderElection37] INFO  server.RaftServerConfigKeys (ConfUtils.java:logGet(43)) - raft.server.watch.element-limit = 65536 (default)
2019-09-19 16:46:36,151 [964d8c59-381b-467e-aacd-b99a6c520c67:group-B1CB96C7EA83:LeaderElection39] INFO  server.RaftServerConfigKeys (ConfUtils.java:logGet(43)) - raft.server.rpc.sleep.time = 25ms (default)
2019-09-19 16:46:36,151 [964d8c59-381b-467e-aacd-b99a6c520c67:group-79239889EA20:LeaderElection37] INFO  impl.RoleInfo (RoleInfo.java:updateAndGet(143)) - 964d8c59-381b-467e-aacd-b99a6c520c67: start LeaderState
2019-09-19 16:46:36,150 [d91c2dc2-8109-44cd-8898-9a48e601c7ea:group-F156483E08D2:LeaderElection38] INFO  server.RaftServerConfigKeys (ConfUtils.java:logGet(43)) - raft.server.watch.element-limit = 65536 (default)
2019-09-19 16:46:36,151 [964d8c59-381b-467e-aacd-b99a6c520c67:group-79239889EA20:LeaderElection37] INFO  segmented.SegmentedRaftLogWorker (SegmentedRaftLogWorker.java:startLogSegment(380)) - 964d8c59-381b-467e-aacd-b99a6c520c67-SegmentedRaftLogWorker:Storage Directory /workdir/hadoop-ozone/ozonefs/target/test-dir/MiniOzoneClusterImpl-d833ad47-c484-47cf-8e4a-958017684ee6/datanode-1/data/ratis/950fa110-9fe5-4aaa-a82a-79239889ea20: Starting segment from index:0
2019-09-19 16:46:36,151 [d91c2dc2-8109-44cd-8898-9a48e601c7ea:group-F156483E08D2:LeaderElection38] INFO  impl.RoleInfo (RoleInfo.java:updateAndGet(143)) - d91c2dc2-8109-44cd-8898-9a48e601c7ea: start LeaderState
2019-09-19 16:46:36,151 [964d8c59-381b-467e-aacd-b99a6c520c67:group-B1CB96C7EA83:LeaderElection39] INFO  server.RaftServerConfigKeys (ConfUtils.java:logGet(43)) - raft.server.write.element-limit = 4096 (default)
2019-09-19 16:46:36,152 [d91c2dc2-8109-44cd-8898-9a48e601c7ea:group-F156483E08D2:LeaderElection38] INFO  segmented.SegmentedRaftLogWorker (SegmentedRaftLogWorker.java:startLogSegment(380)) - d91c2dc2-8109-44cd-8898-9a48e601c7ea-SegmentedRaftLogWorker:Storage Directory /workdir/hadoop-ozone/ozonefs/target/test-dir/MiniOzoneClusterImpl-d833ad47-c484-47cf-8e4a-958017684ee6/datanode-0/data/ratis/027f1536-72ca-43a4-ab0a-f156483e08d2: Starting segment from index:0
2019-09-19 16:46:36,152 [964d8c59-381b-467e-aacd-b99a6c520c67:group-79239889EA20:LeaderElection37] INFO  impl.RaftServerImpl (ServerState.java:setRaftConf(361)) - 964d8c59-381b-467e-aacd-b99a6c520c67:group-79239889EA20 set configuration 0: [964d8c59-381b-467e-aacd-b99a6c520c67:192.168.157.226:32835], old=null at 0
2019-09-19 16:46:36,152 [964d8c59-381b-467e-aacd-b99a6c520c67:group-B1CB96C7EA83:LeaderElection39] INFO  server.RaftServerConfigKeys (ConfUtils.java:logGet(43)) - raft.server.watch.timeout = 10s (default)
2019-09-19 16:46:36,152 [964d8c59-381b-467e-aacd-b99a6c520c67:group-B1CB96C7EA83:LeaderElection39] INFO  server.RaftServerConfigKeys (ConfUtils.java:logGet(43)) - raft.server.watch.timeout.denomination = 1s (default)
2019-09-19 16:46:36,152 [d91c2dc2-8109-44cd-8898-9a48e601c7ea:group-F156483E08D2:LeaderElection38] INFO  impl.RaftServerImpl (ServerState.java:setRaftConf(361)) - d91c2dc2-8109-44cd-8898-9a48e601c7ea:group-F156483E08D2 set configuration 0: [d91c2dc2-8109-44cd-8898-9a48e601c7ea:192.168.157.226:44439], old=null at 0
2019-09-19 16:46:36,153 [964d8c59-381b-467e-aacd-b99a6c520c67:group-B1CB96C7EA83:LeaderElection39] INFO  server.RaftServerConfigKeys (ConfUtils.java:logGet(43)) - raft.server.watch.element-limit = 65536 (default)
2019-09-19 16:46:36,153 [964d8c59-381b-467e-aacd-b99a6c520c67:group-B1CB96C7EA83:LeaderElection39] INFO  impl.RoleInfo (RoleInfo.java:updateAndGet(143)) - 964d8c59-381b-467e-aacd-b99a6c520c67: start LeaderState
2019-09-19 16:46:36,153 [964d8c59-381b-467e-aacd-b99a6c520c67:group-B1CB96C7EA83:LeaderElection39] INFO  segmented.SegmentedRaftLogWorker (SegmentedRaftLogWorker.java:startLogSegment(380)) - 964d8c59-381b-467e-aacd-b99a6c520c67-SegmentedRaftLogWorker:Storage Directory /workdir/hadoop-ozone/ozonefs/target/test-dir/MiniOzoneClusterImpl-d833ad47-c484-47cf-8e4a-958017684ee6/datanode-1/data/ratis/e384bb25-70b9-4b1e-97cd-b1cb96c7ea83: Starting segment from index:0
2019-09-19 16:46:36,154 [964d8c59-381b-467e-aacd-b99a6c520c67:group-B1CB96C7EA83:LeaderElection39] INFO  impl.RaftServerImpl (ServerState.java:setRaftConf(361)) - 964d8c59-381b-467e-aacd-b99a6c520c67:group-B1CB96C7EA83 set configuration 0: [964d8c59-381b-467e-aacd-b99a6c520c67:192.168.157.226:32835], old=null at 0
2019-09-19 16:46:36,194 [Thread-731] INFO  impl.FollowerState (FollowerState.java:run(106)) - 5a43fd14-5c4d-4177-84d0-63947bd71be7:group-F61F989567B9 changes to CANDIDATE, lastRpcTime:5053, electionTimeout:5053ms
2019-09-19 16:46:36,194 [Thread-731] INFO  impl.RoleInfo (RoleInfo.java:shutdownFollowerState(121)) - 5a43fd14-5c4d-4177-84d0-63947bd71be7: shutdown FollowerState
2019-09-19 16:46:36,194 [Thread-731] INFO  impl.RaftServerImpl (RaftServerImpl.java:setRole(171)) - 5a43fd14-5c4d-4177-84d0-63947bd71be7:group-F61F989567B9 changes role from FOLLOWER to CANDIDATE at term 0 for changeToCandidate
2019-09-19 16:46:36,194 [Thread-731] INFO  impl.RoleInfo (RoleInfo.java:updateAndGet(143)) - 5a43fd14-5c4d-4177-84d0-63947bd71be7: start LeaderElection
2019-09-19 16:46:36,200 [Thread-734] INFO  impl.FollowerState (FollowerState.java:run(106)) - 5a43fd14-5c4d-4177-84d0-63947bd71be7:group-96A7D2E95C50 changes to CANDIDATE, lastRpcTime:5019, electionTimeout:5019ms
2019-09-19 16:46:36,200 [Thread-734] INFO  impl.RoleInfo (RoleInfo.java:shutdownFollowerState(121)) - 5a43fd14-5c4d-4177-84d0-63947bd71be7: shutdown FollowerState
2019-09-19 16:46:36,200 [Thread-734] INFO  impl.RaftServerImpl (RaftServerImpl.java:setRole(171)) - 5a43fd14-5c4d-4177-84d0-63947bd71be7:group-96A7D2E95C50 changes role from FOLLOWER to CANDIDATE at term 0 for changeToCandidate
2019-09-19 16:46:36,201 [Thread-734] INFO  impl.RoleInfo (RoleInfo.java:updateAndGet(143)) - 5a43fd14-5c4d-4177-84d0-63947bd71be7: start LeaderElection
2019-09-19 16:46:36,206 [d91c2dc2-8109-44cd-8898-9a48e601c7ea-SegmentedRaftLogWorker:Storage Directory /workdir/hadoop-ozone/ozonefs/target/test-dir/MiniOzoneClusterImpl-d833ad47-c484-47cf-8e4a-958017684ee6/datanode-0/data/ratis/027f1536-72ca-43a4-ab0a-f156483e08d2] INFO  segmented.SegmentedRaftLogWorker (SegmentedRaftLogWorker.java:execute(569)) - d91c2dc2-8109-44cd-8898-9a48e601c7ea-SegmentedRaftLogWorker:Storage Directory /workdir/hadoop-ozone/ozonefs/target/test-dir/MiniOzoneClusterImpl-d833ad47-c484-47cf-8e4a-958017684ee6/datanode-0/data/ratis/027f1536-72ca-43a4-ab0a-f156483e08d2: created new log segment /workdir/hadoop-ozone/ozonefs/target/test-dir/MiniOzoneClusterImpl-d833ad47-c484-47cf-8e4a-958017684ee6/datanode-0/data/ratis/027f1536-72ca-43a4-ab0a-f156483e08d2/current/log_inprogress_0
2019-09-19 16:46:36,206 [964d8c59-381b-467e-aacd-b99a6c520c67-SegmentedRaftLogWorker:Storage Directory /workdir/hadoop-ozone/ozonefs/target/test-dir/MiniOzoneClusterImpl-d833ad47-c484-47cf-8e4a-958017684ee6/datanode-1/data/ratis/e384bb25-70b9-4b1e-97cd-b1cb96c7ea83] INFO  segmented.SegmentedRaftLogWorker (SegmentedRaftLogWorker.java:execute(569)) - 964d8c59-381b-467e-aacd-b99a6c520c67-SegmentedRaftLogWorker:Storage Directory /workdir/hadoop-ozone/ozonefs/target/test-dir/MiniOzoneClusterImpl-d833ad47-c484-47cf-8e4a-958017684ee6/datanode-1/data/ratis/e384bb25-70b9-4b1e-97cd-b1cb96c7ea83: created new log segment /workdir/hadoop-ozone/ozonefs/target/test-dir/MiniOzoneClusterImpl-d833ad47-c484-47cf-8e4a-958017684ee6/datanode-1/data/ratis/e384bb25-70b9-4b1e-97cd-b1cb96c7ea83/current/log_inprogress_0
2019-09-19 16:46:36,207 [5a43fd14-5c4d-4177-84d0-63947bd71be7:group-F61F989567B9:LeaderElection40] INFO  impl.LeaderElection (LeaderElection.java:askForVotes(181)) - 5a43fd14-5c4d-4177-84d0-63947bd71be7:group-F61F989567B9:LeaderElection40: begin an election at term 1 for -1: [5a43fd14-5c4d-4177-84d0-63947bd71be7:192.168.157.226:36535], old=null
2019-09-19 16:46:36,207 [5a43fd14-5c4d-4177-84d0-63947bd71be7:group-96A7D2E95C50:LeaderElection41] INFO  impl.LeaderElection (LeaderElection.java:askForVotes(181)) - 5a43fd14-5c4d-4177-84d0-63947bd71be7:group-96A7D2E95C50:LeaderElection41: begin an election at term 1 for -1: [5a43fd14-5c4d-4177-84d0-63947bd71be7:192.168.157.226:36535], old=null
2019-09-19 16:46:36,206 [964d8c59-381b-467e-aacd-b99a6c520c67-SegmentedRaftLogWorker:Storage Directory /workdir/hadoop-ozone/ozonefs/target/test-dir/MiniOzoneClusterImpl-d833ad47-c484-47cf-8e4a-958017684ee6/datanode-1/data/ratis/950fa110-9fe5-4aaa-a82a-79239889ea20] INFO  segmented.SegmentedRaftLogWorker (SegmentedRaftLogWorker.java:execute(569)) - 964d8c59-381b-467e-aacd-b99a6c520c67-SegmentedRaftLogWorker:Storage Directory /workdir/hadoop-ozone/ozonefs/target/test-dir/MiniOzoneClusterImpl-d833ad47-c484-47cf-8e4a-958017684ee6/datanode-1/data/ratis/950fa110-9fe5-4aaa-a82a-79239889ea20: created new log segment /workdir/hadoop-ozone/ozonefs/target/test-dir/MiniOzoneClusterImpl-d833ad47-c484-47cf-8e4a-958017684ee6/datanode-1/data/ratis/950fa110-9fe5-4aaa-a82a-79239889ea20/current/log_inprogress_0
2019-09-19 16:46:36,207 [5a43fd14-5c4d-4177-84d0-63947bd71be7:group-96A7D2E95C50:LeaderElection41] INFO  impl.RoleInfo (RoleInfo.java:shutdownLeaderElection(134)) - 5a43fd14-5c4d-4177-84d0-63947bd71be7: shutdown LeaderElection
2019-09-19 16:46:36,207 [5a43fd14-5c4d-4177-84d0-63947bd71be7:group-F61F989567B9:LeaderElection40] INFO  impl.RoleInfo (RoleInfo.java:shutdownLeaderElection(134)) - 5a43fd14-5c4d-4177-84d0-63947bd71be7: shutdown LeaderElection
2019-09-19 16:46:36,207 [5a43fd14-5c4d-4177-84d0-63947bd71be7:group-96A7D2E95C50:LeaderElection41] INFO  impl.RaftServerImpl (RaftServerImpl.java:setRole(171)) - 5a43fd14-5c4d-4177-84d0-63947bd71be7:group-96A7D2E95C50 changes role from CANDIDATE to LEADER at term 1 for changeToLeader
2019-09-19 16:46:36,208 [5a43fd14-5c4d-4177-84d0-63947bd71be7:group-F61F989567B9:LeaderElection40] INFO  impl.RaftServerImpl (RaftServerImpl.java:setRole(171)) - 5a43fd14-5c4d-4177-84d0-63947bd71be7:group-F61F989567B9 changes role from CANDIDATE to LEADER at term 1 for changeToLeader
2019-09-19 16:46:36,208 [5a43fd14-5c4d-4177-84d0-63947bd71be7:group-96A7D2E95C50:LeaderElection41] INFO  impl.RaftServerImpl (ServerState.java:setLeader(263)) - 5a43fd14-5c4d-4177-84d0-63947bd71be7:group-96A7D2E95C50 change Leader from null to 5a43fd14-5c4d-4177-84d0-63947bd71be7 at term 1 for becomeLeader, leader elected after 5030ms
2019-09-19 16:46:36,208 [5a43fd14-5c4d-4177-84d0-63947bd71be7:group-F61F989567B9:LeaderElection40] INFO  impl.RaftServerImpl (ServerState.java:setLeader(263)) - 5a43fd14-5c4d-4177-84d0-63947bd71be7:group-F61F989567B9 change Leader from null to 5a43fd14-5c4d-4177-84d0-63947bd71be7 at term 1 for becomeLeader, leader elected after 5071ms
2019-09-19 16:46:36,208 [5a43fd14-5c4d-4177-84d0-63947bd71be7:group-96A7D2E95C50:LeaderElection41] INFO  server.RaftServerConfigKeys (ConfUtils.java:logGet(43)) - raft.server.staging.catchup.gap = 1000 (default)
2019-09-19 16:46:36,208 [5a43fd14-5c4d-4177-84d0-63947bd71be7:group-F61F989567B9:LeaderElection40] INFO  server.RaftServerConfigKeys (ConfUtils.java:logGet(43)) - raft.server.staging.catchup.gap = 1000 (default)
2019-09-19 16:46:36,208 [5a43fd14-5c4d-4177-84d0-63947bd71be7:group-96A7D2E95C50:LeaderElection41] INFO  server.RaftServerConfigKeys (ConfUtils.java:logGet(43)) - raft.server.rpc.sleep.time = 25ms (default)
2019-09-19 16:46:36,208 [5a43fd14-5c4d-4177-84d0-63947bd71be7:group-F61F989567B9:LeaderElection40] INFO  server.RaftServerConfigKeys (ConfUtils.java:logGet(43)) - raft.server.rpc.sleep.time = 25ms (default)
2019-09-19 16:46:36,209 [5a43fd14-5c4d-4177-84d0-63947bd71be7:group-96A7D2E95C50:LeaderElection41] INFO  server.RaftServerConfigKeys (ConfUtils.java:logGet(43)) - raft.server.write.element-limit = 4096 (default)
2019-09-19 16:46:36,209 [5a43fd14-5c4d-4177-84d0-63947bd71be7:group-F61F989567B9:LeaderElection40] INFO  server.RaftServerConfigKeys (ConfUtils.java:logGet(43)) - raft.server.write.element-limit = 4096 (default)
2019-09-19 16:46:36,209 [5a43fd14-5c4d-4177-84d0-63947bd71be7:group-96A7D2E95C50:LeaderElection41] INFO  server.RaftServerConfigKeys (ConfUtils.java:logGet(43)) - raft.server.watch.timeout = 10s (default)
2019-09-19 16:46:36,209 [5a43fd14-5c4d-4177-84d0-63947bd71be7:group-F61F989567B9:LeaderElection40] INFO  server.RaftServerConfigKeys (ConfUtils.java:logGet(43)) - raft.server.watch.timeout = 10s (default)
2019-09-19 16:46:36,209 [5a43fd14-5c4d-4177-84d0-63947bd71be7:group-96A7D2E95C50:LeaderElection41] INFO  server.RaftServerConfigKeys (ConfUtils.java:logGet(43)) - raft.server.watch.timeout.denomination = 1s (default)
2019-09-19 16:46:36,210 [5a43fd14-5c4d-4177-84d0-63947bd71be7:group-96A7D2E95C50:LeaderElection41] INFO  server.RaftServerConfigKeys (ConfUtils.java:logGet(43)) - raft.server.watch.element-limit = 65536 (default)
2019-09-19 16:46:36,209 [5a43fd14-5c4d-4177-84d0-63947bd71be7:group-F61F989567B9:LeaderElection40] INFO  server.RaftServerConfigKeys (ConfUtils.java:logGet(43)) - raft.server.watch.timeout.denomination = 1s (default)
2019-09-19 16:46:36,210 [5a43fd14-5c4d-4177-84d0-63947bd71be7:group-96A7D2E95C50:LeaderElection41] INFO  impl.RoleInfo (RoleInfo.java:updateAndGet(143)) - 5a43fd14-5c4d-4177-84d0-63947bd71be7: start LeaderState
2019-09-19 16:46:36,210 [5a43fd14-5c4d-4177-84d0-63947bd71be7:group-F61F989567B9:LeaderElection40] INFO  server.RaftServerConfigKeys (ConfUtils.java:logGet(43)) - raft.server.watch.element-limit = 65536 (default)
2019-09-19 16:46:36,210 [5a43fd14-5c4d-4177-84d0-63947bd71be7:group-96A7D2E95C50:LeaderElection41] INFO  segmented.SegmentedRaftLogWorker (SegmentedRaftLogWorker.java:startLogSegment(380)) - 5a43fd14-5c4d-4177-84d0-63947bd71be7-SegmentedRaftLogWorker:Storage Directory /workdir/hadoop-ozone/ozonefs/target/test-dir/MiniOzoneClusterImpl-d833ad47-c484-47cf-8e4a-958017684ee6/datanode-2/data/ratis/075a50ed-6b99-42d9-9919-96a7d2e95c50: Starting segment from index:0
2019-09-19 16:46:36,210 [5a43fd14-5c4d-4177-84d0-63947bd71be7:group-F61F989567B9:LeaderElection40] INFO  impl.RoleInfo (RoleInfo.java:updateAndGet(143)) - 5a43fd14-5c4d-4177-84d0-63947bd71be7: start LeaderState
2019-09-19 16:46:36,211 [5a43fd14-5c4d-4177-84d0-63947bd71be7:group-F61F989567B9:LeaderElection40] INFO  segmented.SegmentedRaftLogWorker (SegmentedRaftLogWorker.java:startLogSegment(380)) - 5a43fd14-5c4d-4177-84d0-63947bd71be7-SegmentedRaftLogWorker:Storage Directory /workdir/hadoop-ozone/ozonefs/target/test-dir/MiniOzoneClusterImpl-d833ad47-c484-47cf-8e4a-958017684ee6/datanode-2/data/ratis/d7cfadab-fffd-4db5-b878-f61f989567b9: Starting segment from index:0
2019-09-19 16:46:36,211 [5a43fd14-5c4d-4177-84d0-63947bd71be7:group-96A7D2E95C50:LeaderElection41] INFO  impl.RaftServerImpl (ServerState.java:setRaftConf(361)) - 5a43fd14-5c4d-4177-84d0-63947bd71be7:group-96A7D2E95C50 set configuration 0: [5a43fd14-5c4d-4177-84d0-63947bd71be7:192.168.157.226:36535], old=null at 0
2019-09-19 16:46:36,211 [5a43fd14-5c4d-4177-84d0-63947bd71be7:group-F61F989567B9:LeaderElection40] INFO  impl.RaftServerImpl (ServerState.java:setRaftConf(361)) - 5a43fd14-5c4d-4177-84d0-63947bd71be7:group-F61F989567B9 set configuration 0: [5a43fd14-5c4d-4177-84d0-63947bd71be7:192.168.157.226:36535], old=null at 0
2019-09-19 16:46:36,259 [5a43fd14-5c4d-4177-84d0-63947bd71be7-SegmentedRaftLogWorker:Storage Directory /workdir/hadoop-ozone/ozonefs/target/test-dir/MiniOzoneClusterImpl-d833ad47-c484-47cf-8e4a-958017684ee6/datanode-2/data/ratis/d7cfadab-fffd-4db5-b878-f61f989567b9] INFO  segmented.SegmentedRaftLogWorker (SegmentedRaftLogWorker.java:execute(569)) - 5a43fd14-5c4d-4177-84d0-63947bd71be7-SegmentedRaftLogWorker:Storage Directory /workdir/hadoop-ozone/ozonefs/target/test-dir/MiniOzoneClusterImpl-d833ad47-c484-47cf-8e4a-958017684ee6/datanode-2/data/ratis/d7cfadab-fffd-4db5-b878-f61f989567b9: created new log segment /workdir/hadoop-ozone/ozonefs/target/test-dir/MiniOzoneClusterImpl-d833ad47-c484-47cf-8e4a-958017684ee6/datanode-2/data/ratis/d7cfadab-fffd-4db5-b878-f61f989567b9/current/log_inprogress_0
2019-09-19 16:46:36,260 [5a43fd14-5c4d-4177-84d0-63947bd71be7-SegmentedRaftLogWorker:Storage Directory /workdir/hadoop-ozone/ozonefs/target/test-dir/MiniOzoneClusterImpl-d833ad47-c484-47cf-8e4a-958017684ee6/datanode-2/data/ratis/075a50ed-6b99-42d9-9919-96a7d2e95c50] INFO  segmented.SegmentedRaftLogWorker (SegmentedRaftLogWorker.java:execute(569)) - 5a43fd14-5c4d-4177-84d0-63947bd71be7-SegmentedRaftLogWorker:Storage Directory /workdir/hadoop-ozone/ozonefs/target/test-dir/MiniOzoneClusterImpl-d833ad47-c484-47cf-8e4a-958017684ee6/datanode-2/data/ratis/075a50ed-6b99-42d9-9919-96a7d2e95c50: created new log segment /workdir/hadoop-ozone/ozonefs/target/test-dir/MiniOzoneClusterImpl-d833ad47-c484-47cf-8e4a-958017684ee6/datanode-2/data/ratis/075a50ed-6b99-42d9-9919-96a7d2e95c50/current/log_inprogress_0
2019-09-19 16:46:36,270 [Thread-728] INFO  impl.FollowerState (FollowerState.java:run(106)) - 964d8c59-381b-467e-aacd-b99a6c520c67:group-EE647F5C0BFE changes to CANDIDATE, lastRpcTime:5172, electionTimeout:5172ms
2019-09-19 16:46:36,270 [Thread-728] INFO  impl.RoleInfo (RoleInfo.java:shutdownFollowerState(121)) - 964d8c59-381b-467e-aacd-b99a6c520c67: shutdown FollowerState
2019-09-19 16:46:36,270 [Thread-728] INFO  impl.RaftServerImpl (RaftServerImpl.java:setRole(171)) - 964d8c59-381b-467e-aacd-b99a6c520c67:group-EE647F5C0BFE changes role from FOLLOWER to CANDIDATE at term 0 for changeToCandidate
2019-09-19 16:46:36,270 [Thread-728] INFO  impl.RoleInfo (RoleInfo.java:updateAndGet(143)) - 964d8c59-381b-467e-aacd-b99a6c520c67: start LeaderElection
2019-09-19 16:46:36,282 [Thread-737] INFO  impl.FollowerState (FollowerState.java:run(106)) - 964d8c59-381b-467e-aacd-b99a6c520c67:group-23B0837F1F20 changes to CANDIDATE, lastRpcTime:5070, electionTimeout:5070ms
2019-09-19 16:46:36,283 [Thread-737] INFO  impl.RoleInfo (RoleInfo.java:shutdownFollowerState(121)) - 964d8c59-381b-467e-aacd-b99a6c520c67: shutdown FollowerState
2019-09-19 16:46:36,283 [Thread-737] INFO  impl.RaftServerImpl (RaftServerImpl.java:setRole(171)) - 964d8c59-381b-467e-aacd-b99a6c520c67:group-23B0837F1F20 changes role from FOLLOWER to CANDIDATE at term 0 for changeToCandidate
2019-09-19 16:46:36,283 [Thread-737] INFO  impl.RoleInfo (RoleInfo.java:updateAndGet(143)) - 964d8c59-381b-467e-aacd-b99a6c520c67: start LeaderElection
2019-09-19 16:46:36,292 [964d8c59-381b-467e-aacd-b99a6c520c67:group-EE647F5C0BFE:LeaderElection42] INFO  impl.LeaderElection (LeaderElection.java:askForVotes(181)) - 964d8c59-381b-467e-aacd-b99a6c520c67:group-EE647F5C0BFE:LeaderElection42: begin an election at term 1 for -1: [964d8c59-381b-467e-aacd-b99a6c520c67:192.168.157.226:32835], old=null
2019-09-19 16:46:36,292 [964d8c59-381b-467e-aacd-b99a6c520c67:group-23B0837F1F20:LeaderElection43] INFO  impl.LeaderElection (LeaderElection.java:askForVotes(181)) - 964d8c59-381b-467e-aacd-b99a6c520c67:group-23B0837F1F20:LeaderElection43: begin an election at term 1 for -1: [964d8c59-381b-467e-aacd-b99a6c520c67:192.168.157.226:32835], old=null
2019-09-19 16:46:36,292 [964d8c59-381b-467e-aacd-b99a6c520c67:group-EE647F5C0BFE:LeaderElection42] INFO  impl.RoleInfo (RoleInfo.java:shutdownLeaderElection(134)) - 964d8c59-381b-467e-aacd-b99a6c520c67: shutdown LeaderElection
2019-09-19 16:46:36,292 [964d8c59-381b-467e-aacd-b99a6c520c67:group-23B0837F1F20:LeaderElection43] INFO  impl.RoleInfo (RoleInfo.java:shutdownLeaderElection(134)) - 964d8c59-381b-467e-aacd-b99a6c520c67: shutdown LeaderElection
2019-09-19 16:46:36,292 [964d8c59-381b-467e-aacd-b99a6c520c67:group-EE647F5C0BFE:LeaderElection42] INFO  impl.RaftServerImpl (RaftServerImpl.java:setRole(171)) - 964d8c59-381b-467e-aacd-b99a6c520c67:group-EE647F5C0BFE changes role from CANDIDATE to LEADER at term 1 for changeToLeader
2019-09-19 16:46:36,292 [964d8c59-381b-467e-aacd-b99a6c520c67:group-23B0837F1F20:LeaderElection43] INFO  impl.RaftServerImpl (RaftServerImpl.java:setRole(171)) - 964d8c59-381b-467e-aacd-b99a6c520c67:group-23B0837F1F20 changes role from CANDIDATE to LEADER at term 1 for changeToLeader
2019-09-19 16:46:36,293 [964d8c59-381b-467e-aacd-b99a6c520c67:group-EE647F5C0BFE:LeaderElection42] INFO  impl.RaftServerImpl (ServerState.java:setLeader(263)) - 964d8c59-381b-467e-aacd-b99a6c520c67:group-EE647F5C0BFE change Leader from null to 964d8c59-381b-467e-aacd-b99a6c520c67 at term 1 for becomeLeader, leader elected after 5199ms
2019-09-19 16:46:36,293 [964d8c59-381b-467e-aacd-b99a6c520c67:group-23B0837F1F20:LeaderElection43] INFO  impl.RaftServerImpl (ServerState.java:setLeader(263)) - 964d8c59-381b-467e-aacd-b99a6c520c67:group-23B0837F1F20 change Leader from null to 964d8c59-381b-467e-aacd-b99a6c520c67 at term 1 for becomeLeader, leader elected after 5084ms
2019-09-19 16:46:36,293 [964d8c59-381b-467e-aacd-b99a6c520c67:group-EE647F5C0BFE:LeaderElection42] INFO  server.RaftServerConfigKeys (ConfUtils.java:logGet(43)) - raft.server.staging.catchup.gap = 1000 (default)
2019-09-19 16:46:36,293 [964d8c59-381b-467e-aacd-b99a6c520c67:group-23B0837F1F20:LeaderElection43] INFO  server.RaftServerConfigKeys (ConfUtils.java:logGet(43)) - raft.server.staging.catchup.gap = 1000 (default)
2019-09-19 16:46:36,293 [964d8c59-381b-467e-aacd-b99a6c520c67:group-EE647F5C0BFE:LeaderElection42] INFO  server.RaftServerConfigKeys (ConfUtils.java:logGet(43)) - raft.server.rpc.sleep.time = 25ms (default)
2019-09-19 16:46:36,293 [964d8c59-381b-467e-aacd-b99a6c520c67:group-23B0837F1F20:LeaderElection43] INFO  server.RaftServerConfigKeys (ConfUtils.java:logGet(43)) - raft.server.rpc.sleep.time = 25ms (default)
2019-09-19 16:46:36,293 [964d8c59-381b-467e-aacd-b99a6c520c67:group-EE647F5C0BFE:LeaderElection42] INFO  server.RaftServerConfigKeys (ConfUtils.java:logGet(43)) - raft.server.write.element-limit = 4096 (default)
2019-09-19 16:46:36,294 [964d8c59-381b-467e-aacd-b99a6c520c67:group-23B0837F1F20:LeaderElection43] INFO  server.RaftServerConfigKeys (ConfUtils.java:logGet(43)) - raft.server.write.element-limit = 4096 (default)
2019-09-19 16:46:36,294 [964d8c59-381b-467e-aacd-b99a6c520c67:group-EE647F5C0BFE:LeaderElection42] INFO  server.RaftServerConfigKeys (ConfUtils.java:logGet(43)) - raft.server.watch.timeout = 10s (default)
2019-09-19 16:46:36,294 [964d8c59-381b-467e-aacd-b99a6c520c67:group-23B0837F1F20:LeaderElection43] INFO  server.RaftServerConfigKeys (ConfUtils.java:logGet(43)) - raft.server.watch.timeout = 10s (default)
2019-09-19 16:46:36,294 [964d8c59-381b-467e-aacd-b99a6c520c67:group-EE647F5C0BFE:LeaderElection42] INFO  server.RaftServerConfigKeys (ConfUtils.java:logGet(43)) - raft.server.watch.timeout.denomination = 1s (default)
2019-09-19 16:46:36,294 [964d8c59-381b-467e-aacd-b99a6c520c67:group-23B0837F1F20:LeaderElection43] INFO  server.RaftServerConfigKeys (ConfUtils.java:logGet(43)) - raft.server.watch.timeout.denomination = 1s (default)
2019-09-19 16:46:36,294 [964d8c59-381b-467e-aacd-b99a6c520c67:group-EE647F5C0BFE:LeaderElection42] INFO  server.RaftServerConfigKeys (ConfUtils.java:logGet(43)) - raft.server.watch.element-limit = 65536 (default)
2019-09-19 16:46:36,294 [964d8c59-381b-467e-aacd-b99a6c520c67:group-23B0837F1F20:LeaderElection43] INFO  server.RaftServerConfigKeys (ConfUtils.java:logGet(43)) - raft.server.watch.element-limit = 65536 (default)
2019-09-19 16:46:36,295 [964d8c59-381b-467e-aacd-b99a6c520c67:group-EE647F5C0BFE:LeaderElection42] INFO  impl.RoleInfo (RoleInfo.java:updateAndGet(143)) - 964d8c59-381b-467e-aacd-b99a6c520c67: start LeaderState
2019-09-19 16:46:36,295 [964d8c59-381b-467e-aacd-b99a6c520c67:group-23B0837F1F20:LeaderElection43] INFO  impl.RoleInfo (RoleInfo.java:updateAndGet(143)) - 964d8c59-381b-467e-aacd-b99a6c520c67: start LeaderState
2019-09-19 16:46:36,295 [964d8c59-381b-467e-aacd-b99a6c520c67:group-EE647F5C0BFE:LeaderElection42] INFO  segmented.SegmentedRaftLogWorker (SegmentedRaftLogWorker.java:startLogSegment(380)) - 964d8c59-381b-467e-aacd-b99a6c520c67-SegmentedRaftLogWorker:Storage Directory /workdir/hadoop-ozone/ozonefs/target/test-dir/MiniOzoneClusterImpl-d833ad47-c484-47cf-8e4a-958017684ee6/datanode-1/data/ratis/ebe86981-f7f6-4560-bec0-ee647f5c0bfe: Starting segment from index:0
2019-09-19 16:46:36,295 [964d8c59-381b-467e-aacd-b99a6c520c67:group-23B0837F1F20:LeaderElection43] INFO  segmented.SegmentedRaftLogWorker (SegmentedRaftLogWorker.java:startLogSegment(380)) - 964d8c59-381b-467e-aacd-b99a6c520c67-SegmentedRaftLogWorker:Storage Directory /workdir/hadoop-ozone/ozonefs/target/test-dir/MiniOzoneClusterImpl-d833ad47-c484-47cf-8e4a-958017684ee6/datanode-1/data/ratis/8cac1a37-8c46-4c8d-9bbc-23b0837f1f20: Starting segment from index:0
2019-09-19 16:46:36,296 [964d8c59-381b-467e-aacd-b99a6c520c67:group-EE647F5C0BFE:LeaderElection42] INFO  impl.RaftServerImpl (ServerState.java:setRaftConf(361)) - 964d8c59-381b-467e-aacd-b99a6c520c67:group-EE647F5C0BFE set configuration 0: [964d8c59-381b-467e-aacd-b99a6c520c67:192.168.157.226:32835], old=null at 0
2019-09-19 16:46:36,296 [964d8c59-381b-467e-aacd-b99a6c520c67:group-23B0837F1F20:LeaderElection43] INFO  impl.RaftServerImpl (ServerState.java:setRaftConf(361)) - 964d8c59-381b-467e-aacd-b99a6c520c67:group-23B0837F1F20 set configuration 0: [964d8c59-381b-467e-aacd-b99a6c520c67:192.168.157.226:32835], old=null at 0
2019-09-19 16:46:36,314 [Thread-740] INFO  impl.FollowerState (FollowerState.java:run(106)) - 5a43fd14-5c4d-4177-84d0-63947bd71be7:group-9C13B71559DC changes to CANDIDATE, lastRpcTime:5079, electionTimeout:5079ms
2019-09-19 16:46:36,314 [Thread-740] INFO  impl.RoleInfo (RoleInfo.java:shutdownFollowerState(121)) - 5a43fd14-5c4d-4177-84d0-63947bd71be7: shutdown FollowerState
2019-09-19 16:46:36,314 [Thread-740] INFO  impl.RaftServerImpl (RaftServerImpl.java:setRole(171)) - 5a43fd14-5c4d-4177-84d0-63947bd71be7:group-9C13B71559DC changes role from FOLLOWER to CANDIDATE at term 0 for changeToCandidate
2019-09-19 16:46:36,314 [Thread-740] INFO  impl.RoleInfo (RoleInfo.java:updateAndGet(143)) - 5a43fd14-5c4d-4177-84d0-63947bd71be7: start LeaderElection
2019-09-19 16:46:36,363 [964d8c59-381b-467e-aacd-b99a6c520c67-SegmentedRaftLogWorker:Storage Directory /workdir/hadoop-ozone/ozonefs/target/test-dir/MiniOzoneClusterImpl-d833ad47-c484-47cf-8e4a-958017684ee6/datanode-1/data/ratis/ebe86981-f7f6-4560-bec0-ee647f5c0bfe] INFO  segmented.SegmentedRaftLogWorker (SegmentedRaftLogWorker.java:execute(569)) - 964d8c59-381b-467e-aacd-b99a6c520c67-SegmentedRaftLogWorker:Storage Directory /workdir/hadoop-ozone/ozonefs/target/test-dir/MiniOzoneClusterImpl-d833ad47-c484-47cf-8e4a-958017684ee6/datanode-1/data/ratis/ebe86981-f7f6-4560-bec0-ee647f5c0bfe: created new log segment /workdir/hadoop-ozone/ozonefs/target/test-dir/MiniOzoneClusterImpl-d833ad47-c484-47cf-8e4a-958017684ee6/datanode-1/data/ratis/ebe86981-f7f6-4560-bec0-ee647f5c0bfe/current/log_inprogress_0
2019-09-19 16:46:36,363 [5a43fd14-5c4d-4177-84d0-63947bd71be7:group-9C13B71559DC:LeaderElection44] INFO  impl.LeaderElection (LeaderElection.java:askForVotes(181)) - 5a43fd14-5c4d-4177-84d0-63947bd71be7:group-9C13B71559DC:LeaderElection44: begin an election at term 1 for -1: [5a43fd14-5c4d-4177-84d0-63947bd71be7:192.168.157.226:36535], old=null
2019-09-19 16:46:36,363 [964d8c59-381b-467e-aacd-b99a6c520c67-SegmentedRaftLogWorker:Storage Directory /workdir/hadoop-ozone/ozonefs/target/test-dir/MiniOzoneClusterImpl-d833ad47-c484-47cf-8e4a-958017684ee6/datanode-1/data/ratis/8cac1a37-8c46-4c8d-9bbc-23b0837f1f20] INFO  segmented.SegmentedRaftLogWorker (SegmentedRaftLogWorker.java:execute(569)) - 964d8c59-381b-467e-aacd-b99a6c520c67-SegmentedRaftLogWorker:Storage Directory /workdir/hadoop-ozone/ozonefs/target/test-dir/MiniOzoneClusterImpl-d833ad47-c484-47cf-8e4a-958017684ee6/datanode-1/data/ratis/8cac1a37-8c46-4c8d-9bbc-23b0837f1f20: created new log segment /workdir/hadoop-ozone/ozonefs/target/test-dir/MiniOzoneClusterImpl-d833ad47-c484-47cf-8e4a-958017684ee6/datanode-1/data/ratis/8cac1a37-8c46-4c8d-9bbc-23b0837f1f20/current/log_inprogress_0
2019-09-19 16:46:36,363 [5a43fd14-5c4d-4177-84d0-63947bd71be7:group-9C13B71559DC:LeaderElection44] INFO  impl.RoleInfo (RoleInfo.java:shutdownLeaderElection(134)) - 5a43fd14-5c4d-4177-84d0-63947bd71be7: shutdown LeaderElection
2019-09-19 16:46:36,364 [5a43fd14-5c4d-4177-84d0-63947bd71be7:group-9C13B71559DC:LeaderElection44] INFO  impl.RaftServerImpl (RaftServerImpl.java:setRole(171)) - 5a43fd14-5c4d-4177-84d0-63947bd71be7:group-9C13B71559DC changes role from CANDIDATE to LEADER at term 1 for changeToLeader
2019-09-19 16:46:36,364 [5a43fd14-5c4d-4177-84d0-63947bd71be7:group-9C13B71559DC:LeaderElection44] INFO  impl.RaftServerImpl (ServerState.java:setLeader(263)) - 5a43fd14-5c4d-4177-84d0-63947bd71be7:group-9C13B71559DC change Leader from null to 5a43fd14-5c4d-4177-84d0-63947bd71be7 at term 1 for becomeLeader, leader elected after 5133ms
2019-09-19 16:46:36,364 [5a43fd14-5c4d-4177-84d0-63947bd71be7:group-9C13B71559DC:LeaderElection44] INFO  server.RaftServerConfigKeys (ConfUtils.java:logGet(43)) - raft.server.staging.catchup.gap = 1000 (default)
2019-09-19 16:46:36,364 [5a43fd14-5c4d-4177-84d0-63947bd71be7:group-9C13B71559DC:LeaderElection44] INFO  server.RaftServerConfigKeys (ConfUtils.java:logGet(43)) - raft.server.rpc.sleep.time = 25ms (default)
2019-09-19 16:46:36,365 [5a43fd14-5c4d-4177-84d0-63947bd71be7:group-9C13B71559DC:LeaderElection44] INFO  server.RaftServerConfigKeys (ConfUtils.java:logGet(43)) - raft.server.write.element-limit = 4096 (default)
2019-09-19 16:46:36,365 [5a43fd14-5c4d-4177-84d0-63947bd71be7:group-9C13B71559DC:LeaderElection44] INFO  server.RaftServerConfigKeys (ConfUtils.java:logGet(43)) - raft.server.watch.timeout = 10s (default)
2019-09-19 16:46:36,365 [5a43fd14-5c4d-4177-84d0-63947bd71be7:group-9C13B71559DC:LeaderElection44] INFO  server.RaftServerConfigKeys (ConfUtils.java:logGet(43)) - raft.server.watch.timeout.denomination = 1s (default)
2019-09-19 16:46:36,365 [5a43fd14-5c4d-4177-84d0-63947bd71be7:group-9C13B71559DC:LeaderElection44] INFO  server.RaftServerConfigKeys (ConfUtils.java:logGet(43)) - raft.server.watch.element-limit = 65536 (default)
2019-09-19 16:46:36,365 [5a43fd14-5c4d-4177-84d0-63947bd71be7:group-9C13B71559DC:LeaderElection44] INFO  impl.RoleInfo (RoleInfo.java:updateAndGet(143)) - 5a43fd14-5c4d-4177-84d0-63947bd71be7: start LeaderState
2019-09-19 16:46:36,365 [5a43fd14-5c4d-4177-84d0-63947bd71be7:group-9C13B71559DC:LeaderElection44] INFO  segmented.SegmentedRaftLogWorker (SegmentedRaftLogWorker.java:startLogSegment(380)) - 5a43fd14-5c4d-4177-84d0-63947bd71be7-SegmentedRaftLogWorker:Storage Directory /workdir/hadoop-ozone/ozonefs/target/test-dir/MiniOzoneClusterImpl-d833ad47-c484-47cf-8e4a-958017684ee6/datanode-2/data/ratis/0feb0b0b-55f8-4e85-8f35-9c13b71559dc: Starting segment from index:0
2019-09-19 16:46:36,366 [5a43fd14-5c4d-4177-84d0-63947bd71be7:group-9C13B71559DC:LeaderElection44] INFO  impl.RaftServerImpl (ServerState.java:setRaftConf(361)) - 5a43fd14-5c4d-4177-84d0-63947bd71be7:group-9C13B71559DC set configuration 0: [5a43fd14-5c4d-4177-84d0-63947bd71be7:192.168.157.226:36535], old=null at 0
2019-09-19 16:46:36,386 [Thread-746] INFO  impl.FollowerState (FollowerState.java:run(106)) - 964d8c59-381b-467e-aacd-b99a6c520c67:group-D49C5531F311 changes to CANDIDATE, lastRpcTime:5043, electionTimeout:5043ms
2019-09-19 16:46:36,386 [Thread-746] INFO  impl.RoleInfo (RoleInfo.java:shutdownFollowerState(121)) - 964d8c59-381b-467e-aacd-b99a6c520c67: shutdown FollowerState
2019-09-19 16:46:36,386 [Thread-746] INFO  impl.RaftServerImpl (RaftServerImpl.java:setRole(171)) - 964d8c59-381b-467e-aacd-b99a6c520c67:group-D49C5531F311 changes role from FOLLOWER to CANDIDATE at term 0 for changeToCandidate
2019-09-19 16:46:36,386 [Thread-746] INFO  impl.RoleInfo (RoleInfo.java:updateAndGet(143)) - 964d8c59-381b-467e-aacd-b99a6c520c67: start LeaderElection
2019-09-19 16:46:36,418 [Thread-749] INFO  impl.FollowerState (FollowerState.java:run(106)) - 5a43fd14-5c4d-4177-84d0-63947bd71be7:group-137C543C1FD9 changes to CANDIDATE, lastRpcTime:5019, electionTimeout:5019ms
2019-09-19 16:46:36,418 [Thread-749] INFO  impl.RoleInfo (RoleInfo.java:shutdownFollowerState(121)) - 5a43fd14-5c4d-4177-84d0-63947bd71be7: shutdown FollowerState
2019-09-19 16:46:36,418 [Thread-749] INFO  impl.RaftServerImpl (RaftServerImpl.java:setRole(171)) - 5a43fd14-5c4d-4177-84d0-63947bd71be7:group-137C543C1FD9 changes role from FOLLOWER to CANDIDATE at term 0 for changeToCandidate
2019-09-19 16:46:36,418 [Thread-749] INFO  impl.RoleInfo (RoleInfo.java:updateAndGet(143)) - 5a43fd14-5c4d-4177-84d0-63947bd71be7: start LeaderElection
2019-09-19 16:46:36,420 [5a43fd14-5c4d-4177-84d0-63947bd71be7-SegmentedRaftLogWorker:Storage Directory /workdir/hadoop-ozone/ozonefs/target/test-dir/MiniOzoneClusterImpl-d833ad47-c484-47cf-8e4a-958017684ee6/datanode-2/data/ratis/0feb0b0b-55f8-4e85-8f35-9c13b71559dc] INFO  segmented.SegmentedRaftLogWorker (SegmentedRaftLogWorker.java:execute(569)) - 5a43fd14-5c4d-4177-84d0-63947bd71be7-SegmentedRaftLogWorker:Storage Directory /workdir/hadoop-ozone/ozonefs/target/test-dir/MiniOzoneClusterImpl-d833ad47-c484-47cf-8e4a-958017684ee6/datanode-2/data/ratis/0feb0b0b-55f8-4e85-8f35-9c13b71559dc: created new log segment /workdir/hadoop-ozone/ozonefs/target/test-dir/MiniOzoneClusterImpl-d833ad47-c484-47cf-8e4a-958017684ee6/datanode-2/data/ratis/0feb0b0b-55f8-4e85-8f35-9c13b71559dc/current/log_inprogress_0
2019-09-19 16:46:36,420 [964d8c59-381b-467e-aacd-b99a6c520c67:group-D49C5531F311:LeaderElection45] INFO  impl.LeaderElection (LeaderElection.java:askForVotes(181)) - 964d8c59-381b-467e-aacd-b99a6c520c67:group-D49C5531F311:LeaderElection45: begin an election at term 1 for -1: [964d8c59-381b-467e-aacd-b99a6c520c67:192.168.157.226:32835], old=null
2019-09-19 16:46:36,420 [964d8c59-381b-467e-aacd-b99a6c520c67:group-D49C5531F311:LeaderElection45] INFO  impl.RoleInfo (RoleInfo.java:shutdownLeaderElection(134)) - 964d8c59-381b-467e-aacd-b99a6c520c67: shutdown LeaderElection
2019-09-19 16:46:36,421 [964d8c59-381b-467e-aacd-b99a6c520c67:group-D49C5531F311:LeaderElection45] INFO  impl.RaftServerImpl (RaftServerImpl.java:setRole(171)) - 964d8c59-381b-467e-aacd-b99a6c520c67:group-D49C5531F311 changes role from CANDIDATE to LEADER at term 1 for changeToLeader
2019-09-19 16:46:36,421 [964d8c59-381b-467e-aacd-b99a6c520c67:group-D49C5531F311:LeaderElection45] INFO  impl.RaftServerImpl (ServerState.java:setLeader(263)) - 964d8c59-381b-467e-aacd-b99a6c520c67:group-D49C5531F311 change Leader from null to 964d8c59-381b-467e-aacd-b99a6c520c67 at term 1 for becomeLeader, leader elected after 5083ms
2019-09-19 16:46:36,421 [964d8c59-381b-467e-aacd-b99a6c520c67:group-D49C5531F311:LeaderElection45] INFO  server.RaftServerConfigKeys (ConfUtils.java:logGet(43)) - raft.server.staging.catchup.gap = 1000 (default)
2019-09-19 16:46:36,421 [964d8c59-381b-467e-aacd-b99a6c520c67:group-D49C5531F311:LeaderElection45] INFO  server.RaftServerConfigKeys (ConfUtils.java:logGet(43)) - raft.server.rpc.sleep.time = 25ms (default)
2019-09-19 16:46:36,421 [964d8c59-381b-467e-aacd-b99a6c520c67:group-D49C5531F311:LeaderElection45] INFO  server.RaftServerConfigKeys (ConfUtils.java:logGet(43)) - raft.server.write.element-limit = 4096 (default)
2019-09-19 16:46:36,421 [964d8c59-381b-467e-aacd-b99a6c520c67:group-D49C5531F311:LeaderElection45] INFO  server.RaftServerConfigKeys (ConfUtils.java:logGet(43)) - raft.server.watch.timeout = 10s (default)
2019-09-19 16:46:36,422 [964d8c59-381b-467e-aacd-b99a6c520c67:group-D49C5531F311:LeaderElection45] INFO  server.RaftServerConfigKeys (ConfUtils.java:logGet(43)) - raft.server.watch.timeout.denomination = 1s (default)
2019-09-19 16:46:36,422 [964d8c59-381b-467e-aacd-b99a6c520c67:group-D49C5531F311:LeaderElection45] INFO  server.RaftServerConfigKeys (ConfUtils.java:logGet(43)) - raft.server.watch.element-limit = 65536 (default)
2019-09-19 16:46:36,422 [964d8c59-381b-467e-aacd-b99a6c520c67:group-D49C5531F311:LeaderElection45] INFO  impl.RoleInfo (RoleInfo.java:updateAndGet(143)) - 964d8c59-381b-467e-aacd-b99a6c520c67: start LeaderState
2019-09-19 16:46:36,422 [964d8c59-381b-467e-aacd-b99a6c520c67:group-D49C5531F311:LeaderElection45] INFO  segmented.SegmentedRaftLogWorker (SegmentedRaftLogWorker.java:startLogSegment(380)) - 964d8c59-381b-467e-aacd-b99a6c520c67-SegmentedRaftLogWorker:Storage Directory /workdir/hadoop-ozone/ozonefs/target/test-dir/MiniOzoneClusterImpl-d833ad47-c484-47cf-8e4a-958017684ee6/datanode-1/data/ratis/d30d2e73-23a9-419d-be59-d49c5531f311: Starting segment from index:0
2019-09-19 16:46:36,423 [964d8c59-381b-467e-aacd-b99a6c520c67:group-D49C5531F311:LeaderElection45] INFO  impl.RaftServerImpl (ServerState.java:setRaftConf(361)) - 964d8c59-381b-467e-aacd-b99a6c520c67:group-D49C5531F311 set configuration 0: [964d8c59-381b-467e-aacd-b99a6c520c67:192.168.157.226:32835], old=null at 0
2019-09-19 16:46:36,433 [5a43fd14-5c4d-4177-84d0-63947bd71be7:group-137C543C1FD9:LeaderElection46] INFO  impl.LeaderElection (LeaderElection.java:askForVotes(181)) - 5a43fd14-5c4d-4177-84d0-63947bd71be7:group-137C543C1FD9:LeaderElection46: begin an election at term 1 for -1: [5a43fd14-5c4d-4177-84d0-63947bd71be7:192.168.157.226:36535], old=null
2019-09-19 16:46:36,434 [5a43fd14-5c4d-4177-84d0-63947bd71be7:group-137C543C1FD9:LeaderElection46] INFO  impl.RoleInfo (RoleInfo.java:shutdownLeaderElection(134)) - 5a43fd14-5c4d-4177-84d0-63947bd71be7: shutdown LeaderElection
2019-09-19 16:46:36,434 [5a43fd14-5c4d-4177-84d0-63947bd71be7:group-137C543C1FD9:LeaderElection46] INFO  impl.RaftServerImpl (RaftServerImpl.java:setRole(171)) - 5a43fd14-5c4d-4177-84d0-63947bd71be7:group-137C543C1FD9 changes role from CANDIDATE to LEADER at term 1 for changeToLeader
2019-09-19 16:46:36,434 [5a43fd14-5c4d-4177-84d0-63947bd71be7:group-137C543C1FD9:LeaderElection46] INFO  impl.RaftServerImpl (ServerState.java:setLeader(263)) - 5a43fd14-5c4d-4177-84d0-63947bd71be7:group-137C543C1FD9 change Leader from null to 5a43fd14-5c4d-4177-84d0-63947bd71be7 at term 1 for becomeLeader, leader elected after 5039ms
2019-09-19 16:46:36,434 [5a43fd14-5c4d-4177-84d0-63947bd71be7:group-137C543C1FD9:LeaderElection46] INFO  server.RaftServerConfigKeys (ConfUtils.java:logGet(43)) - raft.server.staging.catchup.gap = 1000 (default)
2019-09-19 16:46:36,434 [5a43fd14-5c4d-4177-84d0-63947bd71be7:group-137C543C1FD9:LeaderElection46] INFO  server.RaftServerConfigKeys (ConfUtils.java:logGet(43)) - raft.server.rpc.sleep.time = 25ms (default)
2019-09-19 16:46:36,434 [5a43fd14-5c4d-4177-84d0-63947bd71be7:group-137C543C1FD9:LeaderElection46] INFO  server.RaftServerConfigKeys (ConfUtils.java:logGet(43)) - raft.server.write.element-limit = 4096 (default)
2019-09-19 16:46:36,434 [5a43fd14-5c4d-4177-84d0-63947bd71be7:group-137C543C1FD9:LeaderElection46] INFO  server.RaftServerConfigKeys (ConfUtils.java:logGet(43)) - raft.server.watch.timeout = 10s (default)
2019-09-19 16:46:36,435 [5a43fd14-5c4d-4177-84d0-63947bd71be7:group-137C543C1FD9:LeaderElection46] INFO  server.RaftServerConfigKeys (ConfUtils.java:logGet(43)) - raft.server.watch.timeout.denomination = 1s (default)
2019-09-19 16:46:36,435 [5a43fd14-5c4d-4177-84d0-63947bd71be7:group-137C543C1FD9:LeaderElection46] INFO  server.RaftServerConfigKeys (ConfUtils.java:logGet(43)) - raft.server.watch.element-limit = 65536 (default)
2019-09-19 16:46:36,435 [5a43fd14-5c4d-4177-84d0-63947bd71be7:group-137C543C1FD9:LeaderElection46] INFO  impl.RoleInfo (RoleInfo.java:updateAndGet(143)) - 5a43fd14-5c4d-4177-84d0-63947bd71be7: start LeaderState
2019-09-19 16:46:36,435 [5a43fd14-5c4d-4177-84d0-63947bd71be7:group-137C543C1FD9:LeaderElection46] INFO  segmented.SegmentedRaftLogWorker (SegmentedRaftLogWorker.java:startLogSegment(380)) - 5a43fd14-5c4d-4177-84d0-63947bd71be7-SegmentedRaftLogWorker:Storage Directory /workdir/hadoop-ozone/ozonefs/target/test-dir/MiniOzoneClusterImpl-d833ad47-c484-47cf-8e4a-958017684ee6/datanode-2/data/ratis/c6bc36d9-838d-4518-80d4-137c543c1fd9: Starting segment from index:0
2019-09-19 16:46:36,436 [5a43fd14-5c4d-4177-84d0-63947bd71be7:group-137C543C1FD9:LeaderElection46] INFO  impl.RaftServerImpl (ServerState.java:setRaftConf(361)) - 5a43fd14-5c4d-4177-84d0-63947bd71be7:group-137C543C1FD9 set configuration 0: [5a43fd14-5c4d-4177-84d0-63947bd71be7:192.168.157.226:36535], old=null at 0
2019-09-19 16:46:36,437 [Thread-743] INFO  impl.FollowerState (FollowerState.java:run(106)) - 5a43fd14-5c4d-4177-84d0-63947bd71be7:group-61E402FD8545 changes to CANDIDATE, lastRpcTime:5145, electionTimeout:5145ms
2019-09-19 16:46:36,437 [Thread-743] INFO  impl.RoleInfo (RoleInfo.java:shutdownFollowerState(121)) - 5a43fd14-5c4d-4177-84d0-63947bd71be7: shutdown FollowerState
2019-09-19 16:46:36,437 [Thread-743] INFO  impl.RaftServerImpl (RaftServerImpl.java:setRole(171)) - 5a43fd14-5c4d-4177-84d0-63947bd71be7:group-61E402FD8545 changes role from FOLLOWER to CANDIDATE at term 0 for changeToCandidate
2019-09-19 16:46:36,437 [Thread-743] INFO  impl.RoleInfo (RoleInfo.java:updateAndGet(143)) - 5a43fd14-5c4d-4177-84d0-63947bd71be7: start LeaderElection
2019-09-19 16:46:36,490 [5a43fd14-5c4d-4177-84d0-63947bd71be7-SegmentedRaftLogWorker:Storage Directory /workdir/hadoop-ozone/ozonefs/target/test-dir/MiniOzoneClusterImpl-d833ad47-c484-47cf-8e4a-958017684ee6/datanode-2/data/ratis/c6bc36d9-838d-4518-80d4-137c543c1fd9] INFO  segmented.SegmentedRaftLogWorker (SegmentedRaftLogWorker.java:execute(569)) - 5a43fd14-5c4d-4177-84d0-63947bd71be7-SegmentedRaftLogWorker:Storage Directory /workdir/hadoop-ozone/ozonefs/target/test-dir/MiniOzoneClusterImpl-d833ad47-c484-47cf-8e4a-958017684ee6/datanode-2/data/ratis/c6bc36d9-838d-4518-80d4-137c543c1fd9: created new log segment /workdir/hadoop-ozone/ozonefs/target/test-dir/MiniOzoneClusterImpl-d833ad47-c484-47cf-8e4a-958017684ee6/datanode-2/data/ratis/c6bc36d9-838d-4518-80d4-137c543c1fd9/current/log_inprogress_0
2019-09-19 16:46:36,490 [5a43fd14-5c4d-4177-84d0-63947bd71be7:group-61E402FD8545:LeaderElection47] INFO  impl.LeaderElection (LeaderElection.java:askForVotes(181)) - 5a43fd14-5c4d-4177-84d0-63947bd71be7:group-61E402FD8545:LeaderElection47: begin an election at term 1 for -1: [5a43fd14-5c4d-4177-84d0-63947bd71be7:192.168.157.226:36535], old=null
2019-09-19 16:46:36,490 [964d8c59-381b-467e-aacd-b99a6c520c67-SegmentedRaftLogWorker:Storage Directory /workdir/hadoop-ozone/ozonefs/target/test-dir/MiniOzoneClusterImpl-d833ad47-c484-47cf-8e4a-958017684ee6/datanode-1/data/ratis/d30d2e73-23a9-419d-be59-d49c5531f311] INFO  segmented.SegmentedRaftLogWorker (SegmentedRaftLogWorker.java:execute(569)) - 964d8c59-381b-467e-aacd-b99a6c520c67-SegmentedRaftLogWorker:Storage Directory /workdir/hadoop-ozone/ozonefs/target/test-dir/MiniOzoneClusterImpl-d833ad47-c484-47cf-8e4a-958017684ee6/datanode-1/data/ratis/d30d2e73-23a9-419d-be59-d49c5531f311: created new log segment /workdir/hadoop-ozone/ozonefs/target/test-dir/MiniOzoneClusterImpl-d833ad47-c484-47cf-8e4a-958017684ee6/datanode-1/data/ratis/d30d2e73-23a9-419d-be59-d49c5531f311/current/log_inprogress_0
2019-09-19 16:46:36,490 [5a43fd14-5c4d-4177-84d0-63947bd71be7:group-61E402FD8545:LeaderElection47] INFO  impl.RoleInfo (RoleInfo.java:shutdownLeaderElection(134)) - 5a43fd14-5c4d-4177-84d0-63947bd71be7: shutdown LeaderElection
2019-09-19 16:46:36,490 [5a43fd14-5c4d-4177-84d0-63947bd71be7:group-61E402FD8545:LeaderElection47] INFO  impl.RaftServerImpl (RaftServerImpl.java:setRole(171)) - 5a43fd14-5c4d-4177-84d0-63947bd71be7:group-61E402FD8545 changes role from CANDIDATE to LEADER at term 1 for changeToLeader
2019-09-19 16:46:36,490 [5a43fd14-5c4d-4177-84d0-63947bd71be7:group-61E402FD8545:LeaderElection47] INFO  impl.RaftServerImpl (ServerState.java:setLeader(263)) - 5a43fd14-5c4d-4177-84d0-63947bd71be7:group-61E402FD8545 change Leader from null to 5a43fd14-5c4d-4177-84d0-63947bd71be7 at term 1 for becomeLeader, leader elected after 5203ms
2019-09-19 16:46:36,491 [5a43fd14-5c4d-4177-84d0-63947bd71be7:group-61E402FD8545:LeaderElection47] INFO  server.RaftServerConfigKeys (ConfUtils.java:logGet(43)) - raft.server.staging.catchup.gap = 1000 (default)
2019-09-19 16:46:36,491 [5a43fd14-5c4d-4177-84d0-63947bd71be7:group-61E402FD8545:LeaderElection47] INFO  server.RaftServerConfigKeys (ConfUtils.java:logGet(43)) - raft.server.rpc.sleep.time = 25ms (default)
2019-09-19 16:46:36,491 [5a43fd14-5c4d-4177-84d0-63947bd71be7:group-61E402FD8545:LeaderElection47] INFO  server.RaftServerConfigKeys (ConfUtils.java:logGet(43)) - raft.server.write.element-limit = 4096 (default)
2019-09-19 16:46:36,491 [5a43fd14-5c4d-4177-84d0-63947bd71be7:group-61E402FD8545:LeaderElection47] INFO  server.RaftServerConfigKeys (ConfUtils.java:logGet(43)) - raft.server.watch.timeout = 10s (default)
2019-09-19 16:46:36,491 [5a43fd14-5c4d-4177-84d0-63947bd71be7:group-61E402FD8545:LeaderElection47] INFO  server.RaftServerConfigKeys (ConfUtils.java:logGet(43)) - raft.server.watch.timeout.denomination = 1s (default)
2019-09-19 16:46:36,491 [5a43fd14-5c4d-4177-84d0-63947bd71be7:group-61E402FD8545:LeaderElection47] INFO  server.RaftServerConfigKeys (ConfUtils.java:logGet(43)) - raft.server.watch.element-limit = 65536 (default)
2019-09-19 16:46:36,492 [5a43fd14-5c4d-4177-84d0-63947bd71be7:group-61E402FD8545:LeaderElection47] INFO  impl.RoleInfo (RoleInfo.java:updateAndGet(143)) - 5a43fd14-5c4d-4177-84d0-63947bd71be7: start LeaderState
2019-09-19 16:46:36,492 [5a43fd14-5c4d-4177-84d0-63947bd71be7:group-61E402FD8545:LeaderElection47] INFO  segmented.SegmentedRaftLogWorker (SegmentedRaftLogWorker.java:startLogSegment(380)) - 5a43fd14-5c4d-4177-84d0-63947bd71be7-SegmentedRaftLogWorker:Storage Directory /workdir/hadoop-ozone/ozonefs/target/test-dir/MiniOzoneClusterImpl-d833ad47-c484-47cf-8e4a-958017684ee6/datanode-2/data/ratis/54969b86-f921-4426-8697-61e402fd8545: Starting segment from index:0
2019-09-19 16:46:36,493 [5a43fd14-5c4d-4177-84d0-63947bd71be7:group-61E402FD8545:LeaderElection47] INFO  impl.RaftServerImpl (ServerState.java:setRaftConf(361)) - 5a43fd14-5c4d-4177-84d0-63947bd71be7:group-61E402FD8545 set configuration 0: [5a43fd14-5c4d-4177-84d0-63947bd71be7:192.168.157.226:36535], old=null at 0
2019-09-19 16:46:36,535 [Thread-752] INFO  impl.FollowerState (FollowerState.java:run(106)) - 964d8c59-381b-467e-aacd-b99a6c520c67:group-875F4EF2713F changes to CANDIDATE, lastRpcTime:5091, electionTimeout:5091ms
2019-09-19 16:46:36,536 [Thread-752] INFO  impl.RoleInfo (RoleInfo.java:shutdownFollowerState(121)) - 964d8c59-381b-467e-aacd-b99a6c520c67: shutdown FollowerState
2019-09-19 16:46:36,536 [Thread-752] INFO  impl.RaftServerImpl (RaftServerImpl.java:setRole(171)) - 964d8c59-381b-467e-aacd-b99a6c520c67:group-875F4EF2713F changes role from FOLLOWER to CANDIDATE at term 0 for changeToCandidate
2019-09-19 16:46:36,536 [Thread-752] INFO  impl.RoleInfo (RoleInfo.java:updateAndGet(143)) - 964d8c59-381b-467e-aacd-b99a6c520c67: start LeaderElection
2019-09-19 16:46:36,548 [5a43fd14-5c4d-4177-84d0-63947bd71be7-SegmentedRaftLogWorker:Storage Directory /workdir/hadoop-ozone/ozonefs/target/test-dir/MiniOzoneClusterImpl-d833ad47-c484-47cf-8e4a-958017684ee6/datanode-2/data/ratis/54969b86-f921-4426-8697-61e402fd8545] INFO  segmented.SegmentedRaftLogWorker (SegmentedRaftLogWorker.java:execute(569)) - 5a43fd14-5c4d-4177-84d0-63947bd71be7-SegmentedRaftLogWorker:Storage Directory /workdir/hadoop-ozone/ozonefs/target/test-dir/MiniOzoneClusterImpl-d833ad47-c484-47cf-8e4a-958017684ee6/datanode-2/data/ratis/54969b86-f921-4426-8697-61e402fd8545: created new log segment /workdir/hadoop-ozone/ozonefs/target/test-dir/MiniOzoneClusterImpl-d833ad47-c484-47cf-8e4a-958017684ee6/datanode-2/data/ratis/54969b86-f921-4426-8697-61e402fd8545/current/log_inprogress_0
2019-09-19 16:46:36,548 [964d8c59-381b-467e-aacd-b99a6c520c67:group-875F4EF2713F:LeaderElection48] INFO  impl.LeaderElection (LeaderElection.java:askForVotes(181)) - 964d8c59-381b-467e-aacd-b99a6c520c67:group-875F4EF2713F:LeaderElection48: begin an election at term 1 for -1: [964d8c59-381b-467e-aacd-b99a6c520c67:192.168.157.226:32835], old=null
2019-09-19 16:46:36,548 [964d8c59-381b-467e-aacd-b99a6c520c67:group-875F4EF2713F:LeaderElection48] INFO  impl.RoleInfo (RoleInfo.java:shutdownLeaderElection(134)) - 964d8c59-381b-467e-aacd-b99a6c520c67: shutdown LeaderElection
2019-09-19 16:46:36,548 [964d8c59-381b-467e-aacd-b99a6c520c67:group-875F4EF2713F:LeaderElection48] INFO  impl.RaftServerImpl (RaftServerImpl.java:setRole(171)) - 964d8c59-381b-467e-aacd-b99a6c520c67:group-875F4EF2713F changes role from CANDIDATE to LEADER at term 1 for changeToLeader
2019-09-19 16:46:36,548 [964d8c59-381b-467e-aacd-b99a6c520c67:group-875F4EF2713F:LeaderElection48] INFO  impl.RaftServerImpl (ServerState.java:setLeader(263)) - 964d8c59-381b-467e-aacd-b99a6c520c67:group-875F4EF2713F change Leader from null to 964d8c59-381b-467e-aacd-b99a6c520c67 at term 1 for becomeLeader, leader elected after 5109ms
2019-09-19 16:46:36,549 [964d8c59-381b-467e-aacd-b99a6c520c67:group-875F4EF2713F:LeaderElection48] INFO  server.RaftServerConfigKeys (ConfUtils.java:logGet(43)) - raft.server.staging.catchup.gap = 1000 (default)
2019-09-19 16:46:36,549 [964d8c59-381b-467e-aacd-b99a6c520c67:group-875F4EF2713F:LeaderElection48] INFO  server.RaftServerConfigKeys (ConfUtils.java:logGet(43)) - raft.server.rpc.sleep.time = 25ms (default)
2019-09-19 16:46:36,549 [964d8c59-381b-467e-aacd-b99a6c520c67:group-875F4EF2713F:LeaderElection48] INFO  server.RaftServerConfigKeys (ConfUtils.java:logGet(43)) - raft.server.write.element-limit = 4096 (default)
2019-09-19 16:46:36,549 [964d8c59-381b-467e-aacd-b99a6c520c67:group-875F4EF2713F:LeaderElection48] INFO  server.RaftServerConfigKeys (ConfUtils.java:logGet(43)) - raft.server.watch.timeout = 10s (default)
2019-09-19 16:46:36,549 [964d8c59-381b-467e-aacd-b99a6c520c67:group-875F4EF2713F:LeaderElection48] INFO  server.RaftServerConfigKeys (ConfUtils.java:logGet(43)) - raft.server.watch.timeout.denomination = 1s (default)
2019-09-19 16:46:36,549 [964d8c59-381b-467e-aacd-b99a6c520c67:group-875F4EF2713F:LeaderElection48] INFO  server.RaftServerConfigKeys (ConfUtils.java:logGet(43)) - raft.server.watch.element-limit = 65536 (default)
2019-09-19 16:46:36,550 [964d8c59-381b-467e-aacd-b99a6c520c67:group-875F4EF2713F:LeaderElection48] INFO  impl.RoleInfo (RoleInfo.java:updateAndGet(143)) - 964d8c59-381b-467e-aacd-b99a6c520c67: start LeaderState
2019-09-19 16:46:36,550 [964d8c59-381b-467e-aacd-b99a6c520c67:group-875F4EF2713F:LeaderElection48] INFO  segmented.SegmentedRaftLogWorker (SegmentedRaftLogWorker.java:startLogSegment(380)) - 964d8c59-381b-467e-aacd-b99a6c520c67-SegmentedRaftLogWorker:Storage Directory /workdir/hadoop-ozone/ozonefs/target/test-dir/MiniOzoneClusterImpl-d833ad47-c484-47cf-8e4a-958017684ee6/datanode-1/data/ratis/26a67e3c-1fec-4f36-b583-875f4ef2713f: Starting segment from index:0
2019-09-19 16:46:36,550 [964d8c59-381b-467e-aacd-b99a6c520c67:group-875F4EF2713F:LeaderElection48] INFO  impl.RaftServerImpl (ServerState.java:setRaftConf(361)) - 964d8c59-381b-467e-aacd-b99a6c520c67:group-875F4EF2713F set configuration 0: [964d8c59-381b-467e-aacd-b99a6c520c67:192.168.157.226:32835], old=null at 0
2019-09-19 16:46:36,575 [Thread-755] INFO  impl.FollowerState (FollowerState.java:run(106)) - 5a43fd14-5c4d-4177-84d0-63947bd71be7:group-EB898A4B108C changes to CANDIDATE, lastRpcTime:5087, electionTimeout:5087ms
2019-09-19 16:46:36,575 [Thread-755] INFO  impl.RoleInfo (RoleInfo.java:shutdownFollowerState(121)) - 5a43fd14-5c4d-4177-84d0-63947bd71be7: shutdown FollowerState
2019-09-19 16:46:36,575 [Thread-755] INFO  impl.RaftServerImpl (RaftServerImpl.java:setRole(171)) - 5a43fd14-5c4d-4177-84d0-63947bd71be7:group-EB898A4B108C changes role from FOLLOWER to CANDIDATE at term 0 for changeToCandidate
2019-09-19 16:46:36,575 [Thread-755] INFO  impl.RoleInfo (RoleInfo.java:updateAndGet(143)) - 5a43fd14-5c4d-4177-84d0-63947bd71be7: start LeaderElection
2019-09-19 16:46:36,606 [964d8c59-381b-467e-aacd-b99a6c520c67-SegmentedRaftLogWorker:Storage Directory /workdir/hadoop-ozone/ozonefs/target/test-dir/MiniOzoneClusterImpl-d833ad47-c484-47cf-8e4a-958017684ee6/datanode-1/data/ratis/26a67e3c-1fec-4f36-b583-875f4ef2713f] INFO  segmented.SegmentedRaftLogWorker (SegmentedRaftLogWorker.java:execute(569)) - 964d8c59-381b-467e-aacd-b99a6c520c67-SegmentedRaftLogWorker:Storage Directory /workdir/hadoop-ozone/ozonefs/target/test-dir/MiniOzoneClusterImpl-d833ad47-c484-47cf-8e4a-958017684ee6/datanode-1/data/ratis/26a67e3c-1fec-4f36-b583-875f4ef2713f: created new log segment /workdir/hadoop-ozone/ozonefs/target/test-dir/MiniOzoneClusterImpl-d833ad47-c484-47cf-8e4a-958017684ee6/datanode-1/data/ratis/26a67e3c-1fec-4f36-b583-875f4ef2713f/current/log_inprogress_0
2019-09-19 16:46:36,606 [5a43fd14-5c4d-4177-84d0-63947bd71be7:group-EB898A4B108C:LeaderElection49] INFO  impl.LeaderElection (LeaderElection.java:askForVotes(181)) - 5a43fd14-5c4d-4177-84d0-63947bd71be7:group-EB898A4B108C:LeaderElection49: begin an election at term 1 for -1: [5a43fd14-5c4d-4177-84d0-63947bd71be7:192.168.157.226:36535], old=null
2019-09-19 16:46:36,606 [5a43fd14-5c4d-4177-84d0-63947bd71be7:group-EB898A4B108C:LeaderElection49] INFO  impl.RoleInfo (RoleInfo.java:shutdownLeaderElection(134)) - 5a43fd14-5c4d-4177-84d0-63947bd71be7: shutdown LeaderElection
2019-09-19 16:46:36,606 [5a43fd14-5c4d-4177-84d0-63947bd71be7:group-EB898A4B108C:LeaderElection49] INFO  impl.RaftServerImpl (RaftServerImpl.java:setRole(171)) - 5a43fd14-5c4d-4177-84d0-63947bd71be7:group-EB898A4B108C changes role from CANDIDATE to LEADER at term 1 for changeToLeader
2019-09-19 16:46:36,607 [5a43fd14-5c4d-4177-84d0-63947bd71be7:group-EB898A4B108C:LeaderElection49] INFO  impl.RaftServerImpl (ServerState.java:setLeader(263)) - 5a43fd14-5c4d-4177-84d0-63947bd71be7:group-EB898A4B108C change Leader from null to 5a43fd14-5c4d-4177-84d0-63947bd71be7 at term 1 for becomeLeader, leader elected after 5123ms
2019-09-19 16:46:36,607 [5a43fd14-5c4d-4177-84d0-63947bd71be7:group-EB898A4B108C:LeaderElection49] INFO  server.RaftServerConfigKeys (ConfUtils.java:logGet(43)) - raft.server.staging.catchup.gap = 1000 (default)
2019-09-19 16:46:36,607 [5a43fd14-5c4d-4177-84d0-63947bd71be7:group-EB898A4B108C:LeaderElection49] INFO  server.RaftServerConfigKeys (ConfUtils.java:logGet(43)) - raft.server.rpc.sleep.time = 25ms (default)
2019-09-19 16:46:36,607 [5a43fd14-5c4d-4177-84d0-63947bd71be7:group-EB898A4B108C:LeaderElection49] INFO  server.RaftServerConfigKeys (ConfUtils.java:logGet(43)) - raft.server.write.element-limit = 4096 (default)
2019-09-19 16:46:36,607 [5a43fd14-5c4d-4177-84d0-63947bd71be7:group-EB898A4B108C:LeaderElection49] INFO  server.RaftServerConfigKeys (ConfUtils.java:logGet(43)) - raft.server.watch.timeout = 10s (default)
2019-09-19 16:46:36,607 [5a43fd14-5c4d-4177-84d0-63947bd71be7:group-EB898A4B108C:LeaderElection49] INFO  server.RaftServerConfigKeys (ConfUtils.java:logGet(43)) - raft.server.watch.timeout.denomination = 1s (default)
2019-09-19 16:46:36,608 [5a43fd14-5c4d-4177-84d0-63947bd71be7:group-EB898A4B108C:LeaderElection49] INFO  server.RaftServerConfigKeys (ConfUtils.java:logGet(43)) - raft.server.watch.element-limit = 65536 (default)
2019-09-19 16:46:36,608 [5a43fd14-5c4d-4177-84d0-63947bd71be7:group-EB898A4B108C:LeaderElection49] INFO  impl.RoleInfo (RoleInfo.java:updateAndGet(143)) - 5a43fd14-5c4d-4177-84d0-63947bd71be7: start LeaderState
2019-09-19 16:46:36,608 [5a43fd14-5c4d-4177-84d0-63947bd71be7:group-EB898A4B108C:LeaderElection49] INFO  segmented.SegmentedRaftLogWorker (SegmentedRaftLogWorker.java:startLogSegment(380)) - 5a43fd14-5c4d-4177-84d0-63947bd71be7-SegmentedRaftLogWorker:Storage Directory /workdir/hadoop-ozone/ozonefs/target/test-dir/MiniOzoneClusterImpl-d833ad47-c484-47cf-8e4a-958017684ee6/datanode-2/data/ratis/e1cd7323-d830-47bf-97b1-eb898a4b108c: Starting segment from index:0
2019-09-19 16:46:36,609 [5a43fd14-5c4d-4177-84d0-63947bd71be7:group-EB898A4B108C:LeaderElection49] INFO  impl.RaftServerImpl (ServerState.java:setRaftConf(361)) - 5a43fd14-5c4d-4177-84d0-63947bd71be7:group-EB898A4B108C set configuration 0: [5a43fd14-5c4d-4177-84d0-63947bd71be7:192.168.157.226:36535], old=null at 0
2019-09-19 16:46:36,668 [5a43fd14-5c4d-4177-84d0-63947bd71be7-SegmentedRaftLogWorker:Storage Directory /workdir/hadoop-ozone/ozonefs/target/test-dir/MiniOzoneClusterImpl-d833ad47-c484-47cf-8e4a-958017684ee6/datanode-2/data/ratis/e1cd7323-d830-47bf-97b1-eb898a4b108c] INFO  segmented.SegmentedRaftLogWorker (SegmentedRaftLogWorker.java:execute(569)) - 5a43fd14-5c4d-4177-84d0-63947bd71be7-SegmentedRaftLogWorker:Storage Directory /workdir/hadoop-ozone/ozonefs/target/test-dir/MiniOzoneClusterImpl-d833ad47-c484-47cf-8e4a-958017684ee6/datanode-2/data/ratis/e1cd7323-d830-47bf-97b1-eb898a4b108c: created new log segment /workdir/hadoop-ozone/ozonefs/target/test-dir/MiniOzoneClusterImpl-d833ad47-c484-47cf-8e4a-958017684ee6/datanode-2/data/ratis/e1cd7323-d830-47bf-97b1-eb898a4b108c/current/log_inprogress_0
2019-09-19 16:46:37,042 | INFO  | SCMAudit | user=jenkins1000 | ip=192.168.157.226 | op=SEND_HEARTBEAT {datanodeUUID=5a43fd14-5c4d-4177-84d0-63947bd71be7, command=[]} | ret=SUCCESS |  
2019-09-19 16:46:37,307 [ForkJoinPool.commonPool-worker-0] INFO  ozoneimpl.OzoneContainer (OzoneContainer.java:stop(199)) - Attempting to stop container services.
2019-09-19 16:46:37,312 [Thread-530] INFO  ozoneimpl.OzoneContainer (OzoneContainer.java:stop(199)) - Attempting to stop container services.
2019-09-19 16:46:37,313 [ForkJoinPool.commonPool-worker-0] INFO  impl.RaftServerProxy (RaftServerProxy.java:lambda$close$4(314)) - d91c2dc2-8109-44cd-8898-9a48e601c7ea: close
2019-09-19 16:46:37,313 [Thread-530] INFO  impl.RaftServerProxy (RaftServerProxy.java:lambda$close$4(314)) - 964d8c59-381b-467e-aacd-b99a6c520c67: close
2019-09-19 16:46:37,314 [ForkJoinPool.commonPool-worker-0] INFO  impl.RaftServerImpl (RaftServerImpl.java:lambda$shutdown$3(245)) - d91c2dc2-8109-44cd-8898-9a48e601c7ea: shutdown group-9A7CE0ECDECA
2019-09-19 16:46:37,314 [Thread-530] INFO  impl.RaftServerImpl (RaftServerImpl.java:lambda$shutdown$3(245)) - 964d8c59-381b-467e-aacd-b99a6c520c67: shutdown group-B1CB96C7EA83
2019-09-19 16:46:37,314 [ForkJoinPool.commonPool-worker-0] INFO  util.JmxRegister (JmxRegister.java:unregister(73)) - Successfully un-registered JMX Bean with object name Ratis:service=RaftServer,group=group-9A7CE0ECDECA,id=d91c2dc2-8109-44cd-8898-9a48e601c7ea
2019-09-19 16:46:37,315 [Thread-530] INFO  util.JmxRegister (JmxRegister.java:unregister(73)) - Successfully un-registered JMX Bean with object name Ratis:service=RaftServer,group=group-B1CB96C7EA83,id=964d8c59-381b-467e-aacd-b99a6c520c67
2019-09-19 16:46:37,315 [Thread-530] INFO  impl.RoleInfo (RoleInfo.java:shutdownLeaderState(104)) - 964d8c59-381b-467e-aacd-b99a6c520c67: shutdown LeaderState
2019-09-19 16:46:37,315 [ForkJoinPool.commonPool-worker-0] INFO  impl.RoleInfo (RoleInfo.java:shutdownLeaderState(104)) - d91c2dc2-8109-44cd-8898-9a48e601c7ea: shutdown LeaderState
2019-09-19 16:46:37,316 [Thread-530] INFO  impl.PendingRequests (PendingRequests.java:sendNotLeaderResponses(202)) - 964d8c59-381b-467e-aacd-b99a6c520c67-PendingRequests: sendNotLeaderResponses
2019-09-19 16:46:37,316 [ForkJoinPool.commonPool-worker-0] INFO  impl.PendingRequests (PendingRequests.java:sendNotLeaderResponses(202)) - d91c2dc2-8109-44cd-8898-9a48e601c7ea-PendingRequests: sendNotLeaderResponses
2019-09-19 16:46:37,317 [Thread-530] INFO  impl.StateMachineUpdater (StateMachineUpdater.java:stopAndJoin(115)) - StateMachineUpdater:964d8c59-381b-467e-aacd-b99a6c520c67:group-B1CB96C7EA83: set stopIndex = 0
2019-09-19 16:46:37,317 [ForkJoinPool.commonPool-worker-0] INFO  impl.StateMachineUpdater (StateMachineUpdater.java:stopAndJoin(115)) - StateMachineUpdater:d91c2dc2-8109-44cd-8898-9a48e601c7ea:group-9A7CE0ECDECA: set stopIndex = 0
2019-09-19 16:46:37,317 [Thread-530] INFO  impl.RaftServerImpl (ServerState.java:close(394)) - 964d8c59-381b-467e-aacd-b99a6c520c67:group-B1CB96C7EA83 closes. The last applied log index is 0
2019-09-19 16:46:37,318 [ForkJoinPool.commonPool-worker-0] INFO  impl.RaftServerImpl (ServerState.java:close(394)) - d91c2dc2-8109-44cd-8898-9a48e601c7ea:group-9A7CE0ECDECA closes. The last applied log index is 0
2019-09-19 16:46:37,318 [964d8c59-381b-467e-aacd-b99a6c520c67-SegmentedRaftLogWorker:Storage Directory /workdir/hadoop-ozone/ozonefs/target/test-dir/MiniOzoneClusterImpl-d833ad47-c484-47cf-8e4a-958017684ee6/datanode-1/data/ratis/e384bb25-70b9-4b1e-97cd-b1cb96c7ea83] INFO  segmented.SegmentedRaftLogWorker (SegmentedRaftLogWorker.java:run(313)) - 964d8c59-381b-467e-aacd-b99a6c520c67-SegmentedRaftLogWorker:Storage Directory /workdir/hadoop-ozone/ozonefs/target/test-dir/MiniOzoneClusterImpl-d833ad47-c484-47cf-8e4a-958017684ee6/datanode-1/data/ratis/e384bb25-70b9-4b1e-97cd-b1cb96c7ea83 was interrupted, exiting. There are 0 tasks remaining in the queue.
2019-09-19 16:46:37,319 [d91c2dc2-8109-44cd-8898-9a48e601c7ea-SegmentedRaftLogWorker:Storage Directory /workdir/hadoop-ozone/ozonefs/target/test-dir/MiniOzoneClusterImpl-d833ad47-c484-47cf-8e4a-958017684ee6/datanode-0/data/ratis/bda15921-daad-4c68-97aa-9a7ce0ecdeca] INFO  segmented.SegmentedRaftLogWorker (SegmentedRaftLogWorker.java:run(313)) - d91c2dc2-8109-44cd-8898-9a48e601c7ea-SegmentedRaftLogWorker:Storage Directory /workdir/hadoop-ozone/ozonefs/target/test-dir/MiniOzoneClusterImpl-d833ad47-c484-47cf-8e4a-958017684ee6/datanode-0/data/ratis/bda15921-daad-4c68-97aa-9a7ce0ecdeca was interrupted, exiting. There are 0 tasks remaining in the queue.
2019-09-19 16:46:37,319 [Thread-530] INFO  segmented.SegmentedRaftLogWorker (SegmentedRaftLogWorker.java:close(228)) - 964d8c59-381b-467e-aacd-b99a6c520c67-SegmentedRaftLogWorker:Storage Directory /workdir/hadoop-ozone/ozonefs/target/test-dir/MiniOzoneClusterImpl-d833ad47-c484-47cf-8e4a-958017684ee6/datanode-1/data/ratis/e384bb25-70b9-4b1e-97cd-b1cb96c7ea83 close()
2019-09-19 16:46:37,319 [ForkJoinPool.commonPool-worker-0] INFO  segmented.SegmentedRaftLogWorker (SegmentedRaftLogWorker.java:close(228)) - d91c2dc2-8109-44cd-8898-9a48e601c7ea-SegmentedRaftLogWorker:Storage Directory /workdir/hadoop-ozone/ozonefs/target/test-dir/MiniOzoneClusterImpl-d833ad47-c484-47cf-8e4a-958017684ee6/datanode-0/data/ratis/bda15921-daad-4c68-97aa-9a7ce0ecdeca close()
2019-09-19 16:46:37,321 [Thread-530] INFO  impl.RaftServerImpl (RaftServerImpl.java:lambda$shutdown$3(245)) - 964d8c59-381b-467e-aacd-b99a6c520c67: shutdown group-79239889EA20
2019-09-19 16:46:37,322 [ForkJoinPool.commonPool-worker-0] INFO  impl.RaftServerImpl (RaftServerImpl.java:lambda$shutdown$3(245)) - d91c2dc2-8109-44cd-8898-9a48e601c7ea: shutdown group-31AC628E5232
2019-09-19 16:46:37,323 [Thread-530] INFO  util.JmxRegister (JmxRegister.java:unregister(73)) - Successfully un-registered JMX Bean with object name Ratis:service=RaftServer,group=group-79239889EA20,id=964d8c59-381b-467e-aacd-b99a6c520c67
2019-09-19 16:46:37,323 [ForkJoinPool.commonPool-worker-0] INFO  util.JmxRegister (JmxRegister.java:unregister(73)) - Successfully un-registered JMX Bean with object name Ratis:service=RaftServer,group=group-31AC628E5232,id=d91c2dc2-8109-44cd-8898-9a48e601c7ea
2019-09-19 16:46:37,323 [Thread-530] INFO  impl.RoleInfo (RoleInfo.java:shutdownLeaderState(104)) - 964d8c59-381b-467e-aacd-b99a6c520c67: shutdown LeaderState
2019-09-19 16:46:37,324 [ForkJoinPool.commonPool-worker-0] INFO  impl.RoleInfo (RoleInfo.java:shutdownLeaderState(104)) - d91c2dc2-8109-44cd-8898-9a48e601c7ea: shutdown LeaderState
2019-09-19 16:46:37,324 [Thread-530] INFO  impl.PendingRequests (PendingRequests.java:sendNotLeaderResponses(202)) - 964d8c59-381b-467e-aacd-b99a6c520c67-PendingRequests: sendNotLeaderResponses
2019-09-19 16:46:37,324 [ForkJoinPool.commonPool-worker-0] INFO  impl.PendingRequests (PendingRequests.java:sendNotLeaderResponses(202)) - d91c2dc2-8109-44cd-8898-9a48e601c7ea-PendingRequests: sendNotLeaderResponses
2019-09-19 16:46:37,325 [Thread-530] INFO  impl.StateMachineUpdater (StateMachineUpdater.java:stopAndJoin(115)) - StateMachineUpdater:964d8c59-381b-467e-aacd-b99a6c520c67:group-79239889EA20: set stopIndex = 0
2019-09-19 16:46:37,325 [ForkJoinPool.commonPool-worker-0] INFO  impl.StateMachineUpdater (StateMachineUpdater.java:stopAndJoin(115)) - StateMachineUpdater:d91c2dc2-8109-44cd-8898-9a48e601c7ea:group-31AC628E5232: set stopIndex = 0
2019-09-19 16:46:37,326 [Thread-530] INFO  impl.RaftServerImpl (ServerState.java:close(394)) - 964d8c59-381b-467e-aacd-b99a6c520c67:group-79239889EA20 closes. The last applied log index is 0
2019-09-19 16:46:37,326 [ForkJoinPool.commonPool-worker-0] INFO  impl.RaftServerImpl (ServerState.java:close(394)) - d91c2dc2-8109-44cd-8898-9a48e601c7ea:group-31AC628E5232 closes. The last applied log index is 0
2019-09-19 16:46:37,326 [964d8c59-381b-467e-aacd-b99a6c520c67-SegmentedRaftLogWorker:Storage Directory /workdir/hadoop-ozone/ozonefs/target/test-dir/MiniOzoneClusterImpl-d833ad47-c484-47cf-8e4a-958017684ee6/datanode-1/data/ratis/950fa110-9fe5-4aaa-a82a-79239889ea20] INFO  segmented.SegmentedRaftLogWorker (SegmentedRaftLogWorker.java:run(313)) - 964d8c59-381b-467e-aacd-b99a6c520c67-SegmentedRaftLogWorker:Storage Directory /workdir/hadoop-ozone/ozonefs/target/test-dir/MiniOzoneClusterImpl-d833ad47-c484-47cf-8e4a-958017684ee6/datanode-1/data/ratis/950fa110-9fe5-4aaa-a82a-79239889ea20 was interrupted, exiting. There are 0 tasks remaining in the queue.
2019-09-19 16:46:37,327 [d91c2dc2-8109-44cd-8898-9a48e601c7ea-SegmentedRaftLogWorker:Storage Directory /workdir/hadoop-ozone/ozonefs/target/test-dir/MiniOzoneClusterImpl-d833ad47-c484-47cf-8e4a-958017684ee6/datanode-0/data/ratis/a14fb16f-a246-4843-8753-31ac628e5232] INFO  segmented.SegmentedRaftLogWorker (SegmentedRaftLogWorker.java:run(313)) - d91c2dc2-8109-44cd-8898-9a48e601c7ea-SegmentedRaftLogWorker:Storage Directory /workdir/hadoop-ozone/ozonefs/target/test-dir/MiniOzoneClusterImpl-d833ad47-c484-47cf-8e4a-958017684ee6/datanode-0/data/ratis/a14fb16f-a246-4843-8753-31ac628e5232 was interrupted, exiting. There are 0 tasks remaining in the queue.
2019-09-19 16:46:37,327 [Thread-530] INFO  segmented.SegmentedRaftLogWorker (SegmentedRaftLogWorker.java:close(228)) - 964d8c59-381b-467e-aacd-b99a6c520c67-SegmentedRaftLogWorker:Storage Directory /workdir/hadoop-ozone/ozonefs/target/test-dir/MiniOzoneClusterImpl-d833ad47-c484-47cf-8e4a-958017684ee6/datanode-1/data/ratis/950fa110-9fe5-4aaa-a82a-79239889ea20 close()
2019-09-19 16:46:37,327 [ForkJoinPool.commonPool-worker-0] INFO  segmented.SegmentedRaftLogWorker (SegmentedRaftLogWorker.java:close(228)) - d91c2dc2-8109-44cd-8898-9a48e601c7ea-SegmentedRaftLogWorker:Storage Directory /workdir/hadoop-ozone/ozonefs/target/test-dir/MiniOzoneClusterImpl-d833ad47-c484-47cf-8e4a-958017684ee6/datanode-0/data/ratis/a14fb16f-a246-4843-8753-31ac628e5232 close()
2019-09-19 16:46:37,328 [Thread-530] INFO  impl.RaftServerImpl (RaftServerImpl.java:lambda$shutdown$3(245)) - 964d8c59-381b-467e-aacd-b99a6c520c67: shutdown group-875F4EF2713F
2019-09-19 16:46:37,329 [ForkJoinPool.commonPool-worker-0] INFO  impl.RaftServerImpl (RaftServerImpl.java:lambda$shutdown$3(245)) - d91c2dc2-8109-44cd-8898-9a48e601c7ea: shutdown group-E6580A834ECC
2019-09-19 16:46:37,330 [Thread-530] INFO  util.JmxRegister (JmxRegister.java:unregister(73)) - Successfully un-registered JMX Bean with object name Ratis:service=RaftServer,group=group-875F4EF2713F,id=964d8c59-381b-467e-aacd-b99a6c520c67
2019-09-19 16:46:37,330 [ForkJoinPool.commonPool-worker-0] INFO  util.JmxRegister (JmxRegister.java:unregister(73)) - Successfully un-registered JMX Bean with object name Ratis:service=RaftServer,group=group-E6580A834ECC,id=d91c2dc2-8109-44cd-8898-9a48e601c7ea
2019-09-19 16:46:37,330 [Thread-530] INFO  impl.RoleInfo (RoleInfo.java:shutdownLeaderState(104)) - 964d8c59-381b-467e-aacd-b99a6c520c67: shutdown LeaderState
2019-09-19 16:46:37,331 [ForkJoinPool.commonPool-worker-0] INFO  impl.RoleInfo (RoleInfo.java:shutdownLeaderState(104)) - d91c2dc2-8109-44cd-8898-9a48e601c7ea: shutdown LeaderState
2019-09-19 16:46:37,331 [Thread-530] INFO  impl.PendingRequests (PendingRequests.java:sendNotLeaderResponses(202)) - 964d8c59-381b-467e-aacd-b99a6c520c67-PendingRequests: sendNotLeaderResponses
2019-09-19 16:46:37,332 [ForkJoinPool.commonPool-worker-0] INFO  impl.PendingRequests (PendingRequests.java:sendNotLeaderResponses(202)) - d91c2dc2-8109-44cd-8898-9a48e601c7ea-PendingRequests: sendNotLeaderResponses
2019-09-19 16:46:37,332 [Thread-530] INFO  impl.StateMachineUpdater (StateMachineUpdater.java:stopAndJoin(115)) - StateMachineUpdater:964d8c59-381b-467e-aacd-b99a6c520c67:group-875F4EF2713F: set stopIndex = 0
2019-09-19 16:46:37,332 [ForkJoinPool.commonPool-worker-0] INFO  impl.StateMachineUpdater (StateMachineUpdater.java:stopAndJoin(115)) - StateMachineUpdater:d91c2dc2-8109-44cd-8898-9a48e601c7ea:group-E6580A834ECC: set stopIndex = 0
2019-09-19 16:46:37,333 [ForkJoinPool.commonPool-worker-0] INFO  impl.RaftServerImpl (ServerState.java:close(394)) - d91c2dc2-8109-44cd-8898-9a48e601c7ea:group-E6580A834ECC closes. The last applied log index is 0
2019-09-19 16:46:37,333 [Thread-530] INFO  impl.RaftServerImpl (ServerState.java:close(394)) - 964d8c59-381b-467e-aacd-b99a6c520c67:group-875F4EF2713F closes. The last applied log index is 0
2019-09-19 16:46:37,334 [d91c2dc2-8109-44cd-8898-9a48e601c7ea-SegmentedRaftLogWorker:Storage Directory /workdir/hadoop-ozone/ozonefs/target/test-dir/MiniOzoneClusterImpl-d833ad47-c484-47cf-8e4a-958017684ee6/datanode-0/data/ratis/88fb0406-6ed5-4381-afa9-e6580a834ecc] INFO  segmented.SegmentedRaftLogWorker (SegmentedRaftLogWorker.java:run(313)) - d91c2dc2-8109-44cd-8898-9a48e601c7ea-SegmentedRaftLogWorker:Storage Directory /workdir/hadoop-ozone/ozonefs/target/test-dir/MiniOzoneClusterImpl-d833ad47-c484-47cf-8e4a-958017684ee6/datanode-0/data/ratis/88fb0406-6ed5-4381-afa9-e6580a834ecc was interrupted, exiting. There are 0 tasks remaining in the queue.
2019-09-19 16:46:37,334 [ForkJoinPool.commonPool-worker-0] INFO  segmented.SegmentedRaftLogWorker (SegmentedRaftLogWorker.java:close(228)) - d91c2dc2-8109-44cd-8898-9a48e601c7ea-SegmentedRaftLogWorker:Storage Directory /workdir/hadoop-ozone/ozonefs/target/test-dir/MiniOzoneClusterImpl-d833ad47-c484-47cf-8e4a-958017684ee6/datanode-0/data/ratis/88fb0406-6ed5-4381-afa9-e6580a834ecc close()
2019-09-19 16:46:37,334 [964d8c59-381b-467e-aacd-b99a6c520c67-SegmentedRaftLogWorker:Storage Directory /workdir/hadoop-ozone/ozonefs/target/test-dir/MiniOzoneClusterImpl-d833ad47-c484-47cf-8e4a-958017684ee6/datanode-1/data/ratis/26a67e3c-1fec-4f36-b583-875f4ef2713f] INFO  segmented.SegmentedRaftLogWorker (SegmentedRaftLogWorker.java:run(313)) - 964d8c59-381b-467e-aacd-b99a6c520c67-SegmentedRaftLogWorker:Storage Directory /workdir/hadoop-ozone/ozonefs/target/test-dir/MiniOzoneClusterImpl-d833ad47-c484-47cf-8e4a-958017684ee6/datanode-1/data/ratis/26a67e3c-1fec-4f36-b583-875f4ef2713f was interrupted, exiting. There are 0 tasks remaining in the queue.
2019-09-19 16:46:37,336 [ForkJoinPool.commonPool-worker-0] INFO  impl.RaftServerImpl (RaftServerImpl.java:lambda$shutdown$3(245)) - d91c2dc2-8109-44cd-8898-9a48e601c7ea: shutdown group-F156483E08D2
2019-09-19 16:46:37,336 [Thread-530] INFO  segmented.SegmentedRaftLogWorker (SegmentedRaftLogWorker.java:close(228)) - 964d8c59-381b-467e-aacd-b99a6c520c67-SegmentedRaftLogWorker:Storage Directory /workdir/hadoop-ozone/ozonefs/target/test-dir/MiniOzoneClusterImpl-d833ad47-c484-47cf-8e4a-958017684ee6/datanode-1/data/ratis/26a67e3c-1fec-4f36-b583-875f4ef2713f close()
2019-09-19 16:46:37,336 [ForkJoinPool.commonPool-worker-0] INFO  util.JmxRegister (JmxRegister.java:unregister(73)) - Successfully un-registered JMX Bean with object name Ratis:service=RaftServer,group=group-F156483E08D2,id=d91c2dc2-8109-44cd-8898-9a48e601c7ea
2019-09-19 16:46:37,337 [Thread-530] INFO  impl.RaftServerImpl (RaftServerImpl.java:lambda$shutdown$3(245)) - 964d8c59-381b-467e-aacd-b99a6c520c67: shutdown group-23B0837F1F20
2019-09-19 16:46:37,338 [ForkJoinPool.commonPool-worker-0] INFO  impl.RoleInfo (RoleInfo.java:shutdownLeaderState(104)) - d91c2dc2-8109-44cd-8898-9a48e601c7ea: shutdown LeaderState
2019-09-19 16:46:37,338 [Thread-530] INFO  util.JmxRegister (JmxRegister.java:unregister(73)) - Successfully un-registered JMX Bean with object name Ratis:service=RaftServer,group=group-23B0837F1F20,id=964d8c59-381b-467e-aacd-b99a6c520c67
2019-09-19 16:46:37,338 [ForkJoinPool.commonPool-worker-0] INFO  impl.PendingRequests (PendingRequests.java:sendNotLeaderResponses(202)) - d91c2dc2-8109-44cd-8898-9a48e601c7ea-PendingRequests: sendNotLeaderResponses
2019-09-19 16:46:37,338 [Thread-530] INFO  impl.RoleInfo (RoleInfo.java:shutdownLeaderState(104)) - 964d8c59-381b-467e-aacd-b99a6c520c67: shutdown LeaderState
2019-09-19 16:46:37,339 [ForkJoinPool.commonPool-worker-0] INFO  impl.StateMachineUpdater (StateMachineUpdater.java:stopAndJoin(115)) - StateMachineUpdater:d91c2dc2-8109-44cd-8898-9a48e601c7ea:group-F156483E08D2: set stopIndex = 0
2019-09-19 16:46:37,339 [Thread-530] INFO  impl.PendingRequests (PendingRequests.java:sendNotLeaderResponses(202)) - 964d8c59-381b-467e-aacd-b99a6c520c67-PendingRequests: sendNotLeaderResponses
2019-09-19 16:46:37,339 [ForkJoinPool.commonPool-worker-0] INFO  impl.RaftServerImpl (ServerState.java:close(394)) - d91c2dc2-8109-44cd-8898-9a48e601c7ea:group-F156483E08D2 closes. The last applied log index is 0
2019-09-19 16:46:37,340 [Thread-530] INFO  impl.StateMachineUpdater (StateMachineUpdater.java:stopAndJoin(115)) - StateMachineUpdater:964d8c59-381b-467e-aacd-b99a6c520c67:group-23B0837F1F20: set stopIndex = 0
2019-09-19 16:46:37,340 [d91c2dc2-8109-44cd-8898-9a48e601c7ea-SegmentedRaftLogWorker:Storage Directory /workdir/hadoop-ozone/ozonefs/target/test-dir/MiniOzoneClusterImpl-d833ad47-c484-47cf-8e4a-958017684ee6/datanode-0/data/ratis/027f1536-72ca-43a4-ab0a-f156483e08d2] INFO  segmented.SegmentedRaftLogWorker (SegmentedRaftLogWorker.java:run(313)) - d91c2dc2-8109-44cd-8898-9a48e601c7ea-SegmentedRaftLogWorker:Storage Directory /workdir/hadoop-ozone/ozonefs/target/test-dir/MiniOzoneClusterImpl-d833ad47-c484-47cf-8e4a-958017684ee6/datanode-0/data/ratis/027f1536-72ca-43a4-ab0a-f156483e08d2 was interrupted, exiting. There are 0 tasks remaining in the queue.
2019-09-19 16:46:37,340 [Thread-530] INFO  impl.RaftServerImpl (ServerState.java:close(394)) - 964d8c59-381b-467e-aacd-b99a6c520c67:group-23B0837F1F20 closes. The last applied log index is 0
2019-09-19 16:46:37,341 [ForkJoinPool.commonPool-worker-0] INFO  segmented.SegmentedRaftLogWorker (SegmentedRaftLogWorker.java:close(228)) - d91c2dc2-8109-44cd-8898-9a48e601c7ea-SegmentedRaftLogWorker:Storage Directory /workdir/hadoop-ozone/ozonefs/target/test-dir/MiniOzoneClusterImpl-d833ad47-c484-47cf-8e4a-958017684ee6/datanode-0/data/ratis/027f1536-72ca-43a4-ab0a-f156483e08d2 close()
2019-09-19 16:46:37,341 [964d8c59-381b-467e-aacd-b99a6c520c67-SegmentedRaftLogWorker:Storage Directory /workdir/hadoop-ozone/ozonefs/target/test-dir/MiniOzoneClusterImpl-d833ad47-c484-47cf-8e4a-958017684ee6/datanode-1/data/ratis/8cac1a37-8c46-4c8d-9bbc-23b0837f1f20] INFO  segmented.SegmentedRaftLogWorker (SegmentedRaftLogWorker.java:run(313)) - 964d8c59-381b-467e-aacd-b99a6c520c67-SegmentedRaftLogWorker:Storage Directory /workdir/hadoop-ozone/ozonefs/target/test-dir/MiniOzoneClusterImpl-d833ad47-c484-47cf-8e4a-958017684ee6/datanode-1/data/ratis/8cac1a37-8c46-4c8d-9bbc-23b0837f1f20 was interrupted, exiting. There are 0 tasks remaining in the queue.
2019-09-19 16:46:37,343 [ForkJoinPool.commonPool-worker-0] INFO  impl.RaftServerImpl (RaftServerImpl.java:lambda$shutdown$3(245)) - d91c2dc2-8109-44cd-8898-9a48e601c7ea: shutdown group-71EB4EE11979
2019-09-19 16:46:37,343 [Thread-530] INFO  segmented.SegmentedRaftLogWorker (SegmentedRaftLogWorker.java:close(228)) - 964d8c59-381b-467e-aacd-b99a6c520c67-SegmentedRaftLogWorker:Storage Directory /workdir/hadoop-ozone/ozonefs/target/test-dir/MiniOzoneClusterImpl-d833ad47-c484-47cf-8e4a-958017684ee6/datanode-1/data/ratis/8cac1a37-8c46-4c8d-9bbc-23b0837f1f20 close()
2019-09-19 16:46:37,343 [ForkJoinPool.commonPool-worker-0] INFO  util.JmxRegister (JmxRegister.java:unregister(73)) - Successfully un-registered JMX Bean with object name Ratis:service=RaftServer,group=group-71EB4EE11979,id=d91c2dc2-8109-44cd-8898-9a48e601c7ea
2019-09-19 16:46:37,344 [Thread-530] INFO  impl.RaftServerImpl (RaftServerImpl.java:lambda$shutdown$3(245)) - 964d8c59-381b-467e-aacd-b99a6c520c67: shutdown group-EE647F5C0BFE
2019-09-19 16:46:37,344 [ForkJoinPool.commonPool-worker-0] INFO  impl.RoleInfo (RoleInfo.java:shutdownLeaderState(104)) - d91c2dc2-8109-44cd-8898-9a48e601c7ea: shutdown LeaderState
2019-09-19 16:46:37,345 [Thread-530] INFO  util.JmxRegister (JmxRegister.java:unregister(73)) - Successfully un-registered JMX Bean with object name Ratis:service=RaftServer,group=group-EE647F5C0BFE,id=964d8c59-381b-467e-aacd-b99a6c520c67
2019-09-19 16:46:37,345 [ForkJoinPool.commonPool-worker-0] INFO  impl.PendingRequests (PendingRequests.java:sendNotLeaderResponses(202)) - d91c2dc2-8109-44cd-8898-9a48e601c7ea-PendingRequests: sendNotLeaderResponses
2019-09-19 16:46:37,345 [Thread-530] INFO  impl.RoleInfo (RoleInfo.java:shutdownLeaderState(104)) - 964d8c59-381b-467e-aacd-b99a6c520c67: shutdown LeaderState
2019-09-19 16:46:37,346 [ForkJoinPool.commonPool-worker-0] INFO  impl.StateMachineUpdater (StateMachineUpdater.java:stopAndJoin(115)) - StateMachineUpdater:d91c2dc2-8109-44cd-8898-9a48e601c7ea:group-71EB4EE11979: set stopIndex = 0
2019-09-19 16:46:37,346 [Thread-530] INFO  impl.PendingRequests (PendingRequests.java:sendNotLeaderResponses(202)) - 964d8c59-381b-467e-aacd-b99a6c520c67-PendingRequests: sendNotLeaderResponses
2019-09-19 16:46:37,346 [ForkJoinPool.commonPool-worker-0] INFO  impl.RaftServerImpl (ServerState.java:close(394)) - d91c2dc2-8109-44cd-8898-9a48e601c7ea:group-71EB4EE11979 closes. The last applied log index is 0
2019-09-19 16:46:37,346 [Thread-530] INFO  impl.StateMachineUpdater (StateMachineUpdater.java:stopAndJoin(115)) - StateMachineUpdater:964d8c59-381b-467e-aacd-b99a6c520c67:group-EE647F5C0BFE: set stopIndex = 0
2019-09-19 16:46:37,347 [Thread-530] INFO  impl.RaftServerImpl (ServerState.java:close(394)) - 964d8c59-381b-467e-aacd-b99a6c520c67:group-EE647F5C0BFE closes. The last applied log index is 0
2019-09-19 16:46:37,347 [d91c2dc2-8109-44cd-8898-9a48e601c7ea-SegmentedRaftLogWorker:Storage Directory /workdir/hadoop-ozone/ozonefs/target/test-dir/MiniOzoneClusterImpl-d833ad47-c484-47cf-8e4a-958017684ee6/datanode-0/data/ratis/7f446f1e-6957-4c45-a5c7-71eb4ee11979] INFO  segmented.SegmentedRaftLogWorker (SegmentedRaftLogWorker.java:run(313)) - d91c2dc2-8109-44cd-8898-9a48e601c7ea-SegmentedRaftLogWorker:Storage Directory /workdir/hadoop-ozone/ozonefs/target/test-dir/MiniOzoneClusterImpl-d833ad47-c484-47cf-8e4a-958017684ee6/datanode-0/data/ratis/7f446f1e-6957-4c45-a5c7-71eb4ee11979 was interrupted, exiting. There are 0 tasks remaining in the queue.
2019-09-19 16:46:37,348 [964d8c59-381b-467e-aacd-b99a6c520c67-SegmentedRaftLogWorker:Storage Directory /workdir/hadoop-ozone/ozonefs/target/test-dir/MiniOzoneClusterImpl-d833ad47-c484-47cf-8e4a-958017684ee6/datanode-1/data/ratis/ebe86981-f7f6-4560-bec0-ee647f5c0bfe] INFO  segmented.SegmentedRaftLogWorker (SegmentedRaftLogWorker.java:run(313)) - 964d8c59-381b-467e-aacd-b99a6c520c67-SegmentedRaftLogWorker:Storage Directory /workdir/hadoop-ozone/ozonefs/target/test-dir/MiniOzoneClusterImpl-d833ad47-c484-47cf-8e4a-958017684ee6/datanode-1/data/ratis/ebe86981-f7f6-4560-bec0-ee647f5c0bfe was interrupted, exiting. There are 0 tasks remaining in the queue.
2019-09-19 16:46:37,348 [ForkJoinPool.commonPool-worker-0] INFO  segmented.SegmentedRaftLogWorker (SegmentedRaftLogWorker.java:close(228)) - d91c2dc2-8109-44cd-8898-9a48e601c7ea-SegmentedRaftLogWorker:Storage Directory /workdir/hadoop-ozone/ozonefs/target/test-dir/MiniOzoneClusterImpl-d833ad47-c484-47cf-8e4a-958017684ee6/datanode-0/data/ratis/7f446f1e-6957-4c45-a5c7-71eb4ee11979 close()
2019-09-19 16:46:37,348 [Thread-530] INFO  segmented.SegmentedRaftLogWorker (SegmentedRaftLogWorker.java:close(228)) - 964d8c59-381b-467e-aacd-b99a6c520c67-SegmentedRaftLogWorker:Storage Directory /workdir/hadoop-ozone/ozonefs/target/test-dir/MiniOzoneClusterImpl-d833ad47-c484-47cf-8e4a-958017684ee6/datanode-1/data/ratis/ebe86981-f7f6-4560-bec0-ee647f5c0bfe close()
2019-09-19 16:46:37,349 [ForkJoinPool.commonPool-worker-0] INFO  impl.RaftServerImpl (RaftServerImpl.java:lambda$shutdown$3(245)) - d91c2dc2-8109-44cd-8898-9a48e601c7ea: shutdown group-0ACC0A4C8BB4
2019-09-19 16:46:37,350 [Thread-530] INFO  impl.RaftServerImpl (RaftServerImpl.java:lambda$shutdown$3(245)) - 964d8c59-381b-467e-aacd-b99a6c520c67: shutdown group-D49C5531F311
2019-09-19 16:46:37,351 [ForkJoinPool.commonPool-worker-0] INFO  util.JmxRegister (JmxRegister.java:unregister(73)) - Successfully un-registered JMX Bean with object name Ratis:service=RaftServer,group=group-0ACC0A4C8BB4,id=d91c2dc2-8109-44cd-8898-9a48e601c7ea
2019-09-19 16:46:37,351 [Thread-530] INFO  util.JmxRegister (JmxRegister.java:unregister(73)) - Successfully un-registered JMX Bean with object name Ratis:service=RaftServer,group=group-D49C5531F311,id=964d8c59-381b-467e-aacd-b99a6c520c67
2019-09-19 16:46:37,351 [ForkJoinPool.commonPool-worker-0] INFO  impl.RoleInfo (RoleInfo.java:shutdownLeaderState(104)) - d91c2dc2-8109-44cd-8898-9a48e601c7ea: shutdown LeaderState
2019-09-19 16:46:37,351 [Thread-530] INFO  impl.RoleInfo (RoleInfo.java:shutdownLeaderState(104)) - 964d8c59-381b-467e-aacd-b99a6c520c67: shutdown LeaderState
2019-09-19 16:46:37,352 [ForkJoinPool.commonPool-worker-0] INFO  impl.PendingRequests (PendingRequests.java:sendNotLeaderResponses(202)) - d91c2dc2-8109-44cd-8898-9a48e601c7ea-PendingRequests: sendNotLeaderResponses
2019-09-19 16:46:37,352 [Thread-530] INFO  impl.PendingRequests (PendingRequests.java:sendNotLeaderResponses(202)) - 964d8c59-381b-467e-aacd-b99a6c520c67-PendingRequests: sendNotLeaderResponses
2019-09-19 16:46:37,352 [ForkJoinPool.commonPool-worker-0] INFO  impl.StateMachineUpdater (StateMachineUpdater.java:stopAndJoin(115)) - StateMachineUpdater:d91c2dc2-8109-44cd-8898-9a48e601c7ea:group-0ACC0A4C8BB4: set stopIndex = 0
2019-09-19 16:46:37,353 [Thread-530] INFO  impl.StateMachineUpdater (StateMachineUpdater.java:stopAndJoin(115)) - StateMachineUpdater:964d8c59-381b-467e-aacd-b99a6c520c67:group-D49C5531F311: set stopIndex = 0
2019-09-19 16:46:37,353 [ForkJoinPool.commonPool-worker-0] INFO  impl.RaftServerImpl (ServerState.java:close(394)) - d91c2dc2-8109-44cd-8898-9a48e601c7ea:group-0ACC0A4C8BB4 closes. The last applied log index is 0
2019-09-19 16:46:37,353 [Thread-530] INFO  impl.RaftServerImpl (ServerState.java:close(394)) - 964d8c59-381b-467e-aacd-b99a6c520c67:group-D49C5531F311 closes. The last applied log index is 0
2019-09-19 16:46:37,354 [d91c2dc2-8109-44cd-8898-9a48e601c7ea-SegmentedRaftLogWorker:Storage Directory /workdir/hadoop-ozone/ozonefs/target/test-dir/MiniOzoneClusterImpl-d833ad47-c484-47cf-8e4a-958017684ee6/datanode-0/data/ratis/0a394f36-78c8-41ac-9a30-0acc0a4c8bb4] INFO  segmented.SegmentedRaftLogWorker (SegmentedRaftLogWorker.java:run(313)) - d91c2dc2-8109-44cd-8898-9a48e601c7ea-SegmentedRaftLogWorker:Storage Directory /workdir/hadoop-ozone/ozonefs/target/test-dir/MiniOzoneClusterImpl-d833ad47-c484-47cf-8e4a-958017684ee6/datanode-0/data/ratis/0a394f36-78c8-41ac-9a30-0acc0a4c8bb4 was interrupted, exiting. There are 0 tasks remaining in the queue.
2019-09-19 16:46:37,354 [964d8c59-381b-467e-aacd-b99a6c520c67-SegmentedRaftLogWorker:Storage Directory /workdir/hadoop-ozone/ozonefs/target/test-dir/MiniOzoneClusterImpl-d833ad47-c484-47cf-8e4a-958017684ee6/datanode-1/data/ratis/d30d2e73-23a9-419d-be59-d49c5531f311] INFO  segmented.SegmentedRaftLogWorker (SegmentedRaftLogWorker.java:run(313)) - 964d8c59-381b-467e-aacd-b99a6c520c67-SegmentedRaftLogWorker:Storage Directory /workdir/hadoop-ozone/ozonefs/target/test-dir/MiniOzoneClusterImpl-d833ad47-c484-47cf-8e4a-958017684ee6/datanode-1/data/ratis/d30d2e73-23a9-419d-be59-d49c5531f311 was interrupted, exiting. There are 0 tasks remaining in the queue.
2019-09-19 16:46:37,354 [ForkJoinPool.commonPool-worker-0] INFO  segmented.SegmentedRaftLogWorker (SegmentedRaftLogWorker.java:close(228)) - d91c2dc2-8109-44cd-8898-9a48e601c7ea-SegmentedRaftLogWorker:Storage Directory /workdir/hadoop-ozone/ozonefs/target/test-dir/MiniOzoneClusterImpl-d833ad47-c484-47cf-8e4a-958017684ee6/datanode-0/data/ratis/0a394f36-78c8-41ac-9a30-0acc0a4c8bb4 close()
2019-09-19 16:46:37,354 [Thread-530] INFO  segmented.SegmentedRaftLogWorker (SegmentedRaftLogWorker.java:close(228)) - 964d8c59-381b-467e-aacd-b99a6c520c67-SegmentedRaftLogWorker:Storage Directory /workdir/hadoop-ozone/ozonefs/target/test-dir/MiniOzoneClusterImpl-d833ad47-c484-47cf-8e4a-958017684ee6/datanode-1/data/ratis/d30d2e73-23a9-419d-be59-d49c5531f311 close()
2019-09-19 16:46:37,355 [ForkJoinPool.commonPool-worker-0] INFO  server.GrpcService (GrpcService.java:closeImpl(155)) - d91c2dc2-8109-44cd-8898-9a48e601c7ea: shutdown server with port 44439 now
2019-09-19 16:46:37,356 [Thread-530] INFO  server.GrpcService (GrpcService.java:closeImpl(155)) - 964d8c59-381b-467e-aacd-b99a6c520c67: shutdown server with port 32835 now
2019-09-19 16:46:37,357 [ForkJoinPool.commonPool-worker-0] INFO  server.GrpcService (GrpcService.java:closeImpl(163)) - d91c2dc2-8109-44cd-8898-9a48e601c7ea: shutdown server with port 44439 successfully
2019-09-19 16:46:37,359 [Thread-530] INFO  server.GrpcService (GrpcService.java:closeImpl(163)) - 964d8c59-381b-467e-aacd-b99a6c520c67: shutdown server with port 32835 successfully
2019-09-19 16:46:37,360 [ForkJoinPool.commonPool-worker-0] INFO  utils.BackgroundService (BackgroundService.java:shutdown(148)) - Shutting down service BlockDeletingService
2019-09-19 16:46:37,361 [Thread-530] INFO  utils.BackgroundService (BackgroundService.java:shutdown(148)) - Shutting down service BlockDeletingService
2019-09-19 16:46:37,362 [refreshUsed-/workdir/hadoop-ozone/ozonefs/target/test-dir/MiniOzoneClusterImpl-d833ad47-c484-47cf-8e4a-958017684ee6/datanode-0/data/containers] WARN  fs.CachingGetSpaceUsed (CachingGetSpaceUsed.java:run(183)) - Thread Interrupted waiting to refresh disk information: sleep interrupted
2019-09-19 16:46:37,363 [refreshUsed-/workdir/hadoop-ozone/ozonefs/target/test-dir/MiniOzoneClusterImpl-d833ad47-c484-47cf-8e4a-958017684ee6/datanode-1/data/containers] WARN  fs.CachingGetSpaceUsed (CachingGetSpaceUsed.java:run(183)) - Thread Interrupted waiting to refresh disk information: sleep interrupted
2019-09-19 16:46:37,394 [Thread-530] INFO  statemachine.DatanodeStateMachine (DatanodeStateMachine.java:stopDaemon(395)) - Ozone container server stopped.
2019-09-19 16:46:37,395 [Thread-530] INFO  handler.ContextHandler (ContextHandler.java:doStop(910)) - Stopped o.e.j.w.WebAppContext@2178ccd{/,null,UNAVAILABLE}{/hddsDatanode}
2019-09-19 16:46:37,395 [Thread-530] INFO  server.AbstractConnector (AbstractConnector.java:doStop(318)) - Stopped ServerConnector@116b7724{HTTP/1.1,[http/1.1]}{0.0.0.0:0}
2019-09-19 16:46:37,396 [Thread-530] INFO  handler.ContextHandler (ContextHandler.java:doStop(910)) - Stopped o.e.j.s.ServletContextHandler@485ccd44{/static,jar:file:/home/user/.m2/repository/org/apache/hadoop/hadoop-hdds-container-service/0.5.0-SNAPSHOT/hadoop-hdds-container-service-0.5.0-SNAPSHOT.jar!/webapps/static,UNAVAILABLE}
2019-09-19 16:46:37,396 [Thread-530] INFO  handler.ContextHandler (ContextHandler.java:doStop(910)) - Stopped o.e.j.s.ServletContextHandler@16a4edae{/logs,file:///workdir/hadoop-ozone/ozonefs/target/log,UNAVAILABLE}
2019-09-19 16:46:37,397 [Thread-530] INFO  datanode.ObjectStoreHandler (ObjectStoreHandler.java:close(155)) - Closing ObjectStoreHandler.
2019-09-19 16:46:37,398 [Thread-530] INFO  ozone.HddsDatanodeService (HddsDatanodeService.java:stop(451)) - Stopped plug-in org.apache.hadoop.ozone.web.OzoneHddsDatanodeService@6fe7cf27
2019-09-19 16:46:37,404 [ForkJoinPool.commonPool-worker-0] INFO  statemachine.DatanodeStateMachine (DatanodeStateMachine.java:stopDaemon(395)) - Ozone container server stopped.
2019-09-19 16:46:37,406 [ForkJoinPool.commonPool-worker-0] INFO  handler.ContextHandler (ContextHandler.java:doStop(910)) - Stopped o.e.j.w.WebAppContext@779fb023{/,null,UNAVAILABLE}{/hddsDatanode}
2019-09-19 16:46:37,407 [ForkJoinPool.commonPool-worker-0] INFO  server.AbstractConnector (AbstractConnector.java:doStop(318)) - Stopped ServerConnector@31111707{HTTP/1.1,[http/1.1]}{0.0.0.0:0}
2019-09-19 16:46:37,408 [ForkJoinPool.commonPool-worker-0] INFO  handler.ContextHandler (ContextHandler.java:doStop(910)) - Stopped o.e.j.s.ServletContextHandler@5b42505b{/static,jar:file:/home/user/.m2/repository/org/apache/hadoop/hadoop-hdds-container-service/0.5.0-SNAPSHOT/hadoop-hdds-container-service-0.5.0-SNAPSHOT.jar!/webapps/static,UNAVAILABLE}
2019-09-19 16:46:37,409 [ForkJoinPool.commonPool-worker-0] INFO  handler.ContextHandler (ContextHandler.java:doStop(910)) - Stopped o.e.j.s.ServletContextHandler@5e3bedb3{/logs,file:///workdir/hadoop-ozone/ozonefs/target/log,UNAVAILABLE}
2019-09-19 16:46:38,041 [Datanode State Machine Thread - 0] INFO  statemachine.DatanodeStateMachine (DatanodeStateMachine.java:lambda$startDaemon$0(350)) - Ozone container server started.
2019-09-19 16:46:42,399 [Thread-530] INFO  ozoneimpl.OzoneContainer (OzoneContainer.java:stop(199)) - Attempting to stop container services.
2019-09-19 16:46:42,400 [Thread-530] INFO  impl.RaftServerProxy (RaftServerProxy.java:lambda$close$4(314)) - 5a43fd14-5c4d-4177-84d0-63947bd71be7: close
2019-09-19 16:46:42,400 [Thread-530] INFO  impl.RaftServerImpl (RaftServerImpl.java:lambda$shutdown$3(245)) - 5a43fd14-5c4d-4177-84d0-63947bd71be7: shutdown group-F61F989567B9
2019-09-19 16:46:42,401 [ForkJoinPool.commonPool-worker-1] INFO  impl.RaftServerImpl (RaftServerImpl.java:lambda$shutdown$3(245)) - 5a43fd14-5c4d-4177-84d0-63947bd71be7: shutdown group-61E402FD8545
2019-09-19 16:46:42,401 [Thread-530] INFO  util.JmxRegister (JmxRegister.java:unregister(73)) - Successfully un-registered JMX Bean with object name Ratis:service=RaftServer,group=group-F61F989567B9,id=5a43fd14-5c4d-4177-84d0-63947bd71be7
2019-09-19 16:46:42,401 [ForkJoinPool.commonPool-worker-1] INFO  util.JmxRegister (JmxRegister.java:unregister(73)) - Successfully un-registered JMX Bean with object name Ratis:service=RaftServer,group=group-61E402FD8545,id=5a43fd14-5c4d-4177-84d0-63947bd71be7
2019-09-19 16:46:42,402 [Thread-530] INFO  impl.RoleInfo (RoleInfo.java:shutdownLeaderState(104)) - 5a43fd14-5c4d-4177-84d0-63947bd71be7: shutdown LeaderState
2019-09-19 16:46:42,402 [ForkJoinPool.commonPool-worker-1] INFO  impl.RoleInfo (RoleInfo.java:shutdownLeaderState(104)) - 5a43fd14-5c4d-4177-84d0-63947bd71be7: shutdown LeaderState
2019-09-19 16:46:42,402 [Thread-530] INFO  impl.PendingRequests (PendingRequests.java:sendNotLeaderResponses(202)) - 5a43fd14-5c4d-4177-84d0-63947bd71be7-PendingRequests: sendNotLeaderResponses
2019-09-19 16:46:42,402 [ForkJoinPool.commonPool-worker-1] INFO  impl.PendingRequests (PendingRequests.java:sendNotLeaderResponses(202)) - 5a43fd14-5c4d-4177-84d0-63947bd71be7-PendingRequests: sendNotLeaderResponses
2019-09-19 16:46:42,403 [Thread-530] INFO  impl.StateMachineUpdater (StateMachineUpdater.java:stopAndJoin(115)) - StateMachineUpdater:5a43fd14-5c4d-4177-84d0-63947bd71be7:group-F61F989567B9: set stopIndex = 0
2019-09-19 16:46:42,403 [ForkJoinPool.commonPool-worker-1] INFO  impl.StateMachineUpdater (StateMachineUpdater.java:stopAndJoin(115)) - StateMachineUpdater:5a43fd14-5c4d-4177-84d0-63947bd71be7:group-61E402FD8545: set stopIndex = 0
2019-09-19 16:46:42,403 [Thread-530] INFO  impl.RaftServerImpl (ServerState.java:close(394)) - 5a43fd14-5c4d-4177-84d0-63947bd71be7:group-F61F989567B9 closes. The last applied log index is 0
2019-09-19 16:46:42,404 [ForkJoinPool.commonPool-worker-1] INFO  impl.RaftServerImpl (ServerState.java:close(394)) - 5a43fd14-5c4d-4177-84d0-63947bd71be7:group-61E402FD8545 closes. The last applied log index is 0
2019-09-19 16:46:42,404 [5a43fd14-5c4d-4177-84d0-63947bd71be7-SegmentedRaftLogWorker:Storage Directory /workdir/hadoop-ozone/ozonefs/target/test-dir/MiniOzoneClusterImpl-d833ad47-c484-47cf-8e4a-958017684ee6/datanode-2/data/ratis/d7cfadab-fffd-4db5-b878-f61f989567b9] INFO  segmented.SegmentedRaftLogWorker (SegmentedRaftLogWorker.java:run(313)) - 5a43fd14-5c4d-4177-84d0-63947bd71be7-SegmentedRaftLogWorker:Storage Directory /workdir/hadoop-ozone/ozonefs/target/test-dir/MiniOzoneClusterImpl-d833ad47-c484-47cf-8e4a-958017684ee6/datanode-2/data/ratis/d7cfadab-fffd-4db5-b878-f61f989567b9 was interrupted, exiting. There are 0 tasks remaining in the queue.
2019-09-19 16:46:42,404 [5a43fd14-5c4d-4177-84d0-63947bd71be7-SegmentedRaftLogWorker:Storage Directory /workdir/hadoop-ozone/ozonefs/target/test-dir/MiniOzoneClusterImpl-d833ad47-c484-47cf-8e4a-958017684ee6/datanode-2/data/ratis/54969b86-f921-4426-8697-61e402fd8545] INFO  segmented.SegmentedRaftLogWorker (SegmentedRaftLogWorker.java:run(313)) - 5a43fd14-5c4d-4177-84d0-63947bd71be7-SegmentedRaftLogWorker:Storage Directory /workdir/hadoop-ozone/ozonefs/target/test-dir/MiniOzoneClusterImpl-d833ad47-c484-47cf-8e4a-958017684ee6/datanode-2/data/ratis/54969b86-f921-4426-8697-61e402fd8545 was interrupted, exiting. There are 0 tasks remaining in the queue.
2019-09-19 16:46:42,405 [Thread-530] INFO  segmented.SegmentedRaftLogWorker (SegmentedRaftLogWorker.java:close(228)) - 5a43fd14-5c4d-4177-84d0-63947bd71be7-SegmentedRaftLogWorker:Storage Directory /workdir/hadoop-ozone/ozonefs/target/test-dir/MiniOzoneClusterImpl-d833ad47-c484-47cf-8e4a-958017684ee6/datanode-2/data/ratis/d7cfadab-fffd-4db5-b878-f61f989567b9 close()
2019-09-19 16:46:42,405 [ForkJoinPool.commonPool-worker-1] INFO  segmented.SegmentedRaftLogWorker (SegmentedRaftLogWorker.java:close(228)) - 5a43fd14-5c4d-4177-84d0-63947bd71be7-SegmentedRaftLogWorker:Storage Directory /workdir/hadoop-ozone/ozonefs/target/test-dir/MiniOzoneClusterImpl-d833ad47-c484-47cf-8e4a-958017684ee6/datanode-2/data/ratis/54969b86-f921-4426-8697-61e402fd8545 close()
2019-09-19 16:46:42,407 [Thread-530] INFO  impl.RaftServerImpl (RaftServerImpl.java:lambda$shutdown$3(245)) - 5a43fd14-5c4d-4177-84d0-63947bd71be7: shutdown group-96A7D2E95C50
2019-09-19 16:46:42,408 [ForkJoinPool.commonPool-worker-1] INFO  impl.RaftServerImpl (RaftServerImpl.java:lambda$shutdown$3(245)) - 5a43fd14-5c4d-4177-84d0-63947bd71be7: shutdown group-137C543C1FD9
2019-09-19 16:46:42,408 [Thread-530] INFO  util.JmxRegister (JmxRegister.java:unregister(73)) - Successfully un-registered JMX Bean with object name Ratis:service=RaftServer,group=group-96A7D2E95C50,id=5a43fd14-5c4d-4177-84d0-63947bd71be7
2019-09-19 16:46:42,408 [ForkJoinPool.commonPool-worker-1] INFO  util.JmxRegister (JmxRegister.java:unregister(73)) - Successfully un-registered JMX Bean with object name Ratis:service=RaftServer,group=group-137C543C1FD9,id=5a43fd14-5c4d-4177-84d0-63947bd71be7
2019-09-19 16:46:42,409 [Thread-530] INFO  impl.RoleInfo (RoleInfo.java:shutdownLeaderState(104)) - 5a43fd14-5c4d-4177-84d0-63947bd71be7: shutdown LeaderState
2019-09-19 16:46:42,409 [ForkJoinPool.commonPool-worker-1] INFO  impl.RoleInfo (RoleInfo.java:shutdownLeaderState(104)) - 5a43fd14-5c4d-4177-84d0-63947bd71be7: shutdown LeaderState
2019-09-19 16:46:42,409 [Thread-530] INFO  impl.PendingRequests (PendingRequests.java:sendNotLeaderResponses(202)) - 5a43fd14-5c4d-4177-84d0-63947bd71be7-PendingRequests: sendNotLeaderResponses
2019-09-19 16:46:42,409 [ForkJoinPool.commonPool-worker-1] INFO  impl.PendingRequests (PendingRequests.java:sendNotLeaderResponses(202)) - 5a43fd14-5c4d-4177-84d0-63947bd71be7-PendingRequests: sendNotLeaderResponses
2019-09-19 16:46:42,410 [Thread-530] INFO  impl.StateMachineUpdater (StateMachineUpdater.java:stopAndJoin(115)) - StateMachineUpdater:5a43fd14-5c4d-4177-84d0-63947bd71be7:group-96A7D2E95C50: set stopIndex = 0
2019-09-19 16:46:42,410 [ForkJoinPool.commonPool-worker-1] INFO  impl.StateMachineUpdater (StateMachineUpdater.java:stopAndJoin(115)) - StateMachineUpdater:5a43fd14-5c4d-4177-84d0-63947bd71be7:group-137C543C1FD9: set stopIndex = 0
2019-09-19 16:46:42,410 [Thread-530] INFO  impl.RaftServerImpl (ServerState.java:close(394)) - 5a43fd14-5c4d-4177-84d0-63947bd71be7:group-96A7D2E95C50 closes. The last applied log index is 0
2019-09-19 16:46:42,411 [ForkJoinPool.commonPool-worker-1] INFO  impl.RaftServerImpl (ServerState.java:close(394)) - 5a43fd14-5c4d-4177-84d0-63947bd71be7:group-137C543C1FD9 closes. The last applied log index is 0
2019-09-19 16:46:42,411 [5a43fd14-5c4d-4177-84d0-63947bd71be7-SegmentedRaftLogWorker:Storage Directory /workdir/hadoop-ozone/ozonefs/target/test-dir/MiniOzoneClusterImpl-d833ad47-c484-47cf-8e4a-958017684ee6/datanode-2/data/ratis/075a50ed-6b99-42d9-9919-96a7d2e95c50] INFO  segmented.SegmentedRaftLogWorker (SegmentedRaftLogWorker.java:run(313)) - 5a43fd14-5c4d-4177-84d0-63947bd71be7-SegmentedRaftLogWorker:Storage Directory /workdir/hadoop-ozone/ozonefs/target/test-dir/MiniOzoneClusterImpl-d833ad47-c484-47cf-8e4a-958017684ee6/datanode-2/data/ratis/075a50ed-6b99-42d9-9919-96a7d2e95c50 was interrupted, exiting. There are 0 tasks remaining in the queue.
2019-09-19 16:46:42,411 [5a43fd14-5c4d-4177-84d0-63947bd71be7-SegmentedRaftLogWorker:Storage Directory /workdir/hadoop-ozone/ozonefs/target/test-dir/MiniOzoneClusterImpl-d833ad47-c484-47cf-8e4a-958017684ee6/datanode-2/data/ratis/c6bc36d9-838d-4518-80d4-137c543c1fd9] INFO  segmented.SegmentedRaftLogWorker (SegmentedRaftLogWorker.java:run(313)) - 5a43fd14-5c4d-4177-84d0-63947bd71be7-SegmentedRaftLogWorker:Storage Directory /workdir/hadoop-ozone/ozonefs/target/test-dir/MiniOzoneClusterImpl-d833ad47-c484-47cf-8e4a-958017684ee6/datanode-2/data/ratis/c6bc36d9-838d-4518-80d4-137c543c1fd9 was interrupted, exiting. There are 0 tasks remaining in the queue.
2019-09-19 16:46:42,412 [Thread-530] INFO  segmented.SegmentedRaftLogWorker (SegmentedRaftLogWorker.java:close(228)) - 5a43fd14-5c4d-4177-84d0-63947bd71be7-SegmentedRaftLogWorker:Storage Directory /workdir/hadoop-ozone/ozonefs/target/test-dir/MiniOzoneClusterImpl-d833ad47-c484-47cf-8e4a-958017684ee6/datanode-2/data/ratis/075a50ed-6b99-42d9-9919-96a7d2e95c50 close()
2019-09-19 16:46:42,412 [ForkJoinPool.commonPool-worker-1] INFO  segmented.SegmentedRaftLogWorker (SegmentedRaftLogWorker.java:close(228)) - 5a43fd14-5c4d-4177-84d0-63947bd71be7-SegmentedRaftLogWorker:Storage Directory /workdir/hadoop-ozone/ozonefs/target/test-dir/MiniOzoneClusterImpl-d833ad47-c484-47cf-8e4a-958017684ee6/datanode-2/data/ratis/c6bc36d9-838d-4518-80d4-137c543c1fd9 close()
2019-09-19 16:46:42,413 [Thread-530] INFO  impl.RaftServerImpl (RaftServerImpl.java:lambda$shutdown$3(245)) - 5a43fd14-5c4d-4177-84d0-63947bd71be7: shutdown group-9C13B71559DC
2019-09-19 16:46:42,414 [ForkJoinPool.commonPool-worker-1] INFO  impl.RaftServerImpl (RaftServerImpl.java:lambda$shutdown$3(245)) - 5a43fd14-5c4d-4177-84d0-63947bd71be7: shutdown group-EB898A4B108C
2019-09-19 16:46:42,414 [Thread-530] INFO  util.JmxRegister (JmxRegister.java:unregister(73)) - Successfully un-registered JMX Bean with object name Ratis:service=RaftServer,group=group-9C13B71559DC,id=5a43fd14-5c4d-4177-84d0-63947bd71be7
2019-09-19 16:46:42,414 [ForkJoinPool.commonPool-worker-1] INFO  util.JmxRegister (JmxRegister.java:unregister(73)) - Successfully un-registered JMX Bean with object name Ratis:service=RaftServer,group=group-EB898A4B108C,id=5a43fd14-5c4d-4177-84d0-63947bd71be7
2019-09-19 16:46:42,415 [Thread-530] INFO  impl.RoleInfo (RoleInfo.java:shutdownLeaderState(104)) - 5a43fd14-5c4d-4177-84d0-63947bd71be7: shutdown LeaderState
2019-09-19 16:46:42,415 [ForkJoinPool.commonPool-worker-1] INFO  impl.RoleInfo (RoleInfo.java:shutdownLeaderState(104)) - 5a43fd14-5c4d-4177-84d0-63947bd71be7: shutdown LeaderState
2019-09-19 16:46:42,415 [Thread-530] INFO  impl.PendingRequests (PendingRequests.java:sendNotLeaderResponses(202)) - 5a43fd14-5c4d-4177-84d0-63947bd71be7-PendingRequests: sendNotLeaderResponses
2019-09-19 16:46:42,415 [ForkJoinPool.commonPool-worker-1] INFO  impl.PendingRequests (PendingRequests.java:sendNotLeaderResponses(202)) - 5a43fd14-5c4d-4177-84d0-63947bd71be7-PendingRequests: sendNotLeaderResponses
2019-09-19 16:46:42,416 [Thread-530] INFO  impl.StateMachineUpdater (StateMachineUpdater.java:stopAndJoin(115)) - StateMachineUpdater:5a43fd14-5c4d-4177-84d0-63947bd71be7:group-9C13B71559DC: set stopIndex = 0
2019-09-19 16:46:42,416 [ForkJoinPool.commonPool-worker-1] INFO  impl.StateMachineUpdater (StateMachineUpdater.java:stopAndJoin(115)) - StateMachineUpdater:5a43fd14-5c4d-4177-84d0-63947bd71be7:group-EB898A4B108C: set stopIndex = 0
2019-09-19 16:46:42,416 [Thread-530] INFO  impl.RaftServerImpl (ServerState.java:close(394)) - 5a43fd14-5c4d-4177-84d0-63947bd71be7:group-9C13B71559DC closes. The last applied log index is 0
2019-09-19 16:46:42,417 [ForkJoinPool.commonPool-worker-1] INFO  impl.RaftServerImpl (ServerState.java:close(394)) - 5a43fd14-5c4d-4177-84d0-63947bd71be7:group-EB898A4B108C closes. The last applied log index is 0
2019-09-19 16:46:42,417 [5a43fd14-5c4d-4177-84d0-63947bd71be7-SegmentedRaftLogWorker:Storage Directory /workdir/hadoop-ozone/ozonefs/target/test-dir/MiniOzoneClusterImpl-d833ad47-c484-47cf-8e4a-958017684ee6/datanode-2/data/ratis/0feb0b0b-55f8-4e85-8f35-9c13b71559dc] INFO  segmented.SegmentedRaftLogWorker (SegmentedRaftLogWorker.java:run(313)) - 5a43fd14-5c4d-4177-84d0-63947bd71be7-SegmentedRaftLogWorker:Storage Directory /workdir/hadoop-ozone/ozonefs/target/test-dir/MiniOzoneClusterImpl-d833ad47-c484-47cf-8e4a-958017684ee6/datanode-2/data/ratis/0feb0b0b-55f8-4e85-8f35-9c13b71559dc was interrupted, exiting. There are 0 tasks remaining in the queue.
2019-09-19 16:46:42,417 [5a43fd14-5c4d-4177-84d0-63947bd71be7-SegmentedRaftLogWorker:Storage Directory /workdir/hadoop-ozone/ozonefs/target/test-dir/MiniOzoneClusterImpl-d833ad47-c484-47cf-8e4a-958017684ee6/datanode-2/data/ratis/e1cd7323-d830-47bf-97b1-eb898a4b108c] INFO  segmented.SegmentedRaftLogWorker (SegmentedRaftLogWorker.java:run(313)) - 5a43fd14-5c4d-4177-84d0-63947bd71be7-SegmentedRaftLogWorker:Storage Directory /workdir/hadoop-ozone/ozonefs/target/test-dir/MiniOzoneClusterImpl-d833ad47-c484-47cf-8e4a-958017684ee6/datanode-2/data/ratis/e1cd7323-d830-47bf-97b1-eb898a4b108c was interrupted, exiting. There are 0 tasks remaining in the queue.
2019-09-19 16:46:42,418 [Thread-530] INFO  segmented.SegmentedRaftLogWorker (SegmentedRaftLogWorker.java:close(228)) - 5a43fd14-5c4d-4177-84d0-63947bd71be7-SegmentedRaftLogWorker:Storage Directory /workdir/hadoop-ozone/ozonefs/target/test-dir/MiniOzoneClusterImpl-d833ad47-c484-47cf-8e4a-958017684ee6/datanode-2/data/ratis/0feb0b0b-55f8-4e85-8f35-9c13b71559dc close()
2019-09-19 16:46:42,418 [ForkJoinPool.commonPool-worker-1] INFO  segmented.SegmentedRaftLogWorker (SegmentedRaftLogWorker.java:close(228)) - 5a43fd14-5c4d-4177-84d0-63947bd71be7-SegmentedRaftLogWorker:Storage Directory /workdir/hadoop-ozone/ozonefs/target/test-dir/MiniOzoneClusterImpl-d833ad47-c484-47cf-8e4a-958017684ee6/datanode-2/data/ratis/e1cd7323-d830-47bf-97b1-eb898a4b108c close()
2019-09-19 16:46:42,420 [Thread-530] INFO  server.GrpcService (GrpcService.java:closeImpl(155)) - 5a43fd14-5c4d-4177-84d0-63947bd71be7: shutdown server with port 36535 now
2019-09-19 16:46:42,422 [Thread-530] INFO  server.GrpcService (GrpcService.java:closeImpl(163)) - 5a43fd14-5c4d-4177-84d0-63947bd71be7: shutdown server with port 36535 successfully
2019-09-19 16:46:42,424 [Thread-530] INFO  utils.BackgroundService (BackgroundService.java:shutdown(148)) - Shutting down service BlockDeletingService
2019-09-19 16:46:42,426 [refreshUsed-/workdir/hadoop-ozone/ozonefs/target/test-dir/MiniOzoneClusterImpl-d833ad47-c484-47cf-8e4a-958017684ee6/datanode-2/data/containers] WARN  fs.CachingGetSpaceUsed (CachingGetSpaceUsed.java:run(183)) - Thread Interrupted waiting to refresh disk information: sleep interrupted
2019-09-19 16:46:42,460 [Thread-530] INFO  statemachine.DatanodeStateMachine (DatanodeStateMachine.java:stopDaemon(395)) - Ozone container server stopped.
2019-09-19 16:46:42,461 [Thread-530] INFO  handler.ContextHandler (ContextHandler.java:doStop(910)) - Stopped o.e.j.w.WebAppContext@2f1c2390{/,null,UNAVAILABLE}{/hddsDatanode}
2019-09-19 16:46:42,462 [Thread-530] INFO  server.AbstractConnector (AbstractConnector.java:doStop(318)) - Stopped ServerConnector@50c3cc18{HTTP/1.1,[http/1.1]}{0.0.0.0:0}
2019-09-19 16:46:42,462 [Thread-530] INFO  handler.ContextHandler (ContextHandler.java:doStop(910)) - Stopped o.e.j.s.ServletContextHandler@743ee52d{/static,jar:file:/home/user/.m2/repository/org/apache/hadoop/hadoop-hdds-container-service/0.5.0-SNAPSHOT/hadoop-hdds-container-service-0.5.0-SNAPSHOT.jar!/webapps/static,UNAVAILABLE}
2019-09-19 16:46:42,463 [Thread-530] INFO  handler.ContextHandler (ContextHandler.java:doStop(910)) - Stopped o.e.j.s.ServletContextHandler@3a6b1ce7{/logs,file:///workdir/hadoop-ozone/ozonefs/target/log,UNAVAILABLE}
2019-09-19 16:46:42,464 [Thread-530] INFO  ozone.MiniOzoneClusterImpl (MiniOzoneClusterImpl.java:stop(353)) - Stopping the StorageContainerManager
2019-09-19 16:46:42,464 [Thread-530] INFO  server.StorageContainerManager (StorageContainerManager.java:stop(797)) - Stopping Replication Manager Service.
2019-09-19 16:46:42,464 [Thread-530] INFO  container.ReplicationManager (ReplicationManager.java:stop(192)) - Stopping Replication Monitor Thread.
2019-09-19 16:46:42,465 [Thread-530] INFO  server.StorageContainerManager (StorageContainerManager.java:stop(804)) - Stopping Lease Manager of the command watchers
2019-09-19 16:46:42,465 [Thread-530] INFO  server.StorageContainerManager (StorageContainerManager.java:stop(811)) - Stopping datanode service RPC server
2019-09-19 16:46:42,465 [Thread-530] INFO  server.SCMDatanodeProtocolServer (SCMDatanodeProtocolServer.java:stop(367)) - Stopping the RPC server for DataNodes
2019-09-19 16:46:42,465 [Thread-530] INFO  ipc.Server (Server.java:stop(3082)) - Stopping server on 35058
2019-09-19 16:46:42,466 [IPC Server listener on 35058] INFO  ipc.Server (Server.java:run(1185)) - Stopping IPC Server listener on 35058
2019-09-19 16:46:42,468 [IPC Server Responder] INFO  ipc.Server (Server.java:run(1319)) - Stopping IPC Server Responder
2019-09-19 16:46:42,501 [SCM Heartbeat Processing Thread - 0] WARN  node.NodeStateManager (NodeStateManager.java:scheduleNextHealthCheck(655)) - Current Thread is interrupted, shutting down HB processing thread for Node Manager.
2019-09-19 16:46:42,502 [Thread-530] INFO  server.StorageContainerManager (StorageContainerManager.java:stop(819)) - Stopping block service RPC server
2019-09-19 16:46:42,502 [Thread-530] INFO  server.SCMBlockProtocolServer (SCMBlockProtocolServer.java:stop(148)) - Stopping the RPC server for Block Protocol
2019-09-19 16:46:42,502 [Thread-530] INFO  ipc.Server (Server.java:stop(3082)) - Stopping server on 36008
2019-09-19 16:46:42,504 [IPC Server listener on 36008] INFO  ipc.Server (Server.java:run(1185)) - Stopping IPC Server listener on 36008
2019-09-19 16:46:42,504 [Thread-530] INFO  server.StorageContainerManager (StorageContainerManager.java:stop(826)) - Stopping the StorageContainerLocationProtocol RPC server
2019-09-19 16:46:42,505 [Thread-530] INFO  server.SCMClientProtocolServer (SCMClientProtocolServer.java:stop(159)) - Stopping the RPC server for Client Protocol
2019-09-19 16:46:42,505 [Thread-530] INFO  ipc.Server (Server.java:stop(3082)) - Stopping server on 43584
2019-09-19 16:46:42,504 [IPC Server Responder] INFO  ipc.Server (Server.java:run(1319)) - Stopping IPC Server Responder
2019-09-19 16:46:42,507 [IPC Server listener on 43584] INFO  ipc.Server (Server.java:run(1185)) - Stopping IPC Server listener on 43584
2019-09-19 16:46:42,508 [Thread-530] INFO  server.StorageContainerManager (StorageContainerManager.java:stop(833)) - Stopping Storage Container Manager HTTP server.
2019-09-19 16:46:42,508 [IPC Server Responder] INFO  ipc.Server (Server.java:run(1319)) - Stopping IPC Server Responder
2019-09-19 16:46:42,510 [Thread-530] INFO  handler.ContextHandler (ContextHandler.java:doStop(910)) - Stopped o.e.j.w.WebAppContext@7d5ed05f{/,null,UNAVAILABLE}{/scm}
2019-09-19 16:46:42,511 [Thread-530] INFO  server.AbstractConnector (AbstractConnector.java:doStop(318)) - Stopped ServerConnector@12d16525{HTTP/1.1,[http/1.1]}{0.0.0.0:0}
2019-09-19 16:46:42,511 [Thread-530] INFO  handler.ContextHandler (ContextHandler.java:doStop(910)) - Stopped o.e.j.s.ServletContextHandler@7b27bbdd{/static,jar:file:/home/user/.m2/repository/org/apache/hadoop/hadoop-hdds-server-scm/0.5.0-SNAPSHOT/hadoop-hdds-server-scm-0.5.0-SNAPSHOT.jar!/webapps/static,UNAVAILABLE}
2019-09-19 16:46:42,512 [Thread-530] INFO  handler.ContextHandler (ContextHandler.java:doStop(910)) - Stopped o.e.j.s.ServletContextHandler@38182d79{/logs,file:///workdir/hadoop-ozone/ozonefs/target/log,UNAVAILABLE}
2019-09-19 16:46:42,513 [Thread-530] INFO  server.StorageContainerManager (StorageContainerManager.java:stop(844)) - Stopping Block Manager Service.
2019-09-19 16:46:42,513 [Thread-530] INFO  utils.BackgroundService (BackgroundService.java:shutdown(148)) - Shutting down service SCMBlockDeletingService
2019-09-19 16:46:42,514 [Thread-530] INFO  utils.BackgroundService (BackgroundService.java:shutdown(148)) - Shutting down service SCMBlockDeletingService
2019-09-19 16:46:42,514 [Thread-530] INFO  server.StorageContainerManager (StorageContainerManager.java:stop(866)) - Stopping SCM Event Queue.
2019-09-19 16:46:42,518 [Thread-530] INFO  impl.MetricsSystemImpl (MetricsSystemImpl.java:stop(210)) - Stopping HddsDatanode metrics system...
2019-09-19 16:46:42,532 [Thread-530] INFO  impl.MetricsSystemImpl (MetricsSystemImpl.java:stop(216)) - HddsDatanode metrics system stopped.
]]></system-out>
    <system-err><![CDATA[Sep 19, 2019 4:46:26 PM com.sun.jersey.server.impl.application.WebApplicationImpl _initiate
INFO: Initiating Jersey application, version 'Jersey: 1.19 02/11/2015 03:25 AM'
Sep 19, 2019 4:46:26 PM com.sun.jersey.server.impl.application.WebApplicationImpl _initiate
INFO: Initiating Jersey application, version 'Jersey: 1.19 02/11/2015 03:25 AM'
Sep 19, 2019 4:46:26 PM com.sun.jersey.server.impl.application.WebApplicationImpl _initiate
INFO: Initiating Jersey application, version 'Jersey: 1.19 02/11/2015 03:25 AM'
Sep 19, 2019 4:46:32 PM com.sun.jersey.server.impl.application.WebApplicationImpl _initiate
INFO: Initiating Jersey application, version 'Jersey: 1.19 02/11/2015 03:25 AM'
]]></system-err>
  </testcase>
  <testcase name="testListStatus" classname="org.apache.hadoop.fs.ozone.TestOzoneFileSystem" time="17.772">
    <error message="Allocated 0 blocks. Requested 1 blocks" type="INTERNAL_ERROR org.apache.hadoop.ozone.om.exceptions.OMException">INTERNAL_ERROR org.apache.hadoop.ozone.om.exceptions.OMException: Allocated 0 blocks. Requested 1 blocks
	at org.apache.hadoop.ozone.om.protocolPB.OzoneManagerProtocolClientSideTranslatorPB.handleError(OzoneManagerProtocolClientSideTranslatorPB.java:725)
	at org.apache.hadoop.ozone.om.protocolPB.OzoneManagerProtocolClientSideTranslatorPB.createFile(OzoneManagerProtocolClientSideTranslatorPB.java:1474)
	at org.apache.hadoop.ozone.client.rpc.RpcClient.createFile(RpcClient.java:984)
	at org.apache.hadoop.ozone.client.OzoneBucket.createFile(OzoneBucket.java:535)
	at org.apache.hadoop.fs.ozone.BasicOzoneClientAdapterImpl.createFile(BasicOzoneClientAdapterImpl.java:181)
	at org.apache.hadoop.fs.ozone.BasicOzoneFileSystem.createOutputStream(BasicOzoneFileSystem.java:249)
	at org.apache.hadoop.fs.ozone.BasicOzoneFileSystem.create(BasicOzoneFileSystem.java:230)
	at org.apache.hadoop.fs.FileSystem.create(FileSystem.java:1118)
	at org.apache.hadoop.fs.FileSystem.create(FileSystem.java:1098)
	at org.apache.hadoop.fs.FileSystem.create(FileSystem.java:987)
	at org.apache.hadoop.fs.contract.ContractTestUtils.createFile(ContractTestUtils.java:633)
	at org.apache.hadoop.fs.contract.ContractTestUtils.touch(ContractTestUtils.java:669)
	at org.apache.hadoop.fs.ozone.TestOzoneFileSystem.testListStatus(TestOzoneFileSystem.java:179)
	at sun.reflect.NativeMethodAccessorImpl.invoke0(Native Method)
	at sun.reflect.NativeMethodAccessorImpl.invoke(NativeMethodAccessorImpl.java:62)
	at sun.reflect.DelegatingMethodAccessorImpl.invoke(DelegatingMethodAccessorImpl.java:43)
	at java.lang.reflect.Method.invoke(Method.java:498)
	at org.junit.runners.model.FrameworkMethod$1.runReflectiveCall(FrameworkMethod.java:47)
	at org.junit.internal.runners.model.ReflectiveCallable.run(ReflectiveCallable.java:12)
	at org.junit.runners.model.FrameworkMethod.invokeExplosively(FrameworkMethod.java:44)
	at org.junit.internal.runners.statements.InvokeMethod.evaluate(InvokeMethod.java:17)
	at org.junit.internal.runners.statements.RunBefores.evaluate(RunBefores.java:26)
	at org.junit.internal.runners.statements.RunAfters.evaluate(RunAfters.java:27)
	at org.junit.internal.runners.statements.FailOnTimeout$StatementThread.run(FailOnTimeout.java:74)
</error>
    <system-out><![CDATA[2019-09-19 16:46:42,608 [Thread-796] WARN  server.ServerUtils (ServerUtils.java:getScmDbDir(145)) - ozone.scm.db.dirs is not configured. We recommend adding this setting. Falling back to ozone.metadata.dirs instead.
2019-09-19 16:46:42,636 [Thread-796] WARN  server.ServerUtils (ServerUtils.java:getScmDbDir(145)) - ozone.scm.db.dirs is not configured. We recommend adding this setting. Falling back to ozone.metadata.dirs instead.
2019-09-19 16:46:42,637 [Thread-796] WARN  server.ServerUtils (ServerUtils.java:getScmDbDir(145)) - ozone.scm.db.dirs is not configured. We recommend adding this setting. Falling back to ozone.metadata.dirs instead.
2019-09-19 16:46:42,638 [Thread-796] INFO  db.DBStoreBuilder (DBStoreBuilder.java:addTable(110)) - using custom profile for table: deletedBlocks
2019-09-19 16:46:42,638 [Thread-796] INFO  db.DBStoreBuilder (DBStoreBuilder.java:processTables(161)) - Using default column profile:DBProfile.DISK for Table:deletedBlocks
2019-09-19 16:46:42,639 [Thread-796] INFO  db.DBStoreBuilder (DBStoreBuilder.java:addTable(110)) - using custom profile for table: validCerts
2019-09-19 16:46:42,639 [Thread-796] INFO  db.DBStoreBuilder (DBStoreBuilder.java:processTables(161)) - Using default column profile:DBProfile.DISK for Table:validCerts
2019-09-19 16:46:42,640 [Thread-796] INFO  db.DBStoreBuilder (DBStoreBuilder.java:addTable(110)) - using custom profile for table: revokedCerts
2019-09-19 16:46:42,640 [Thread-796] INFO  db.DBStoreBuilder (DBStoreBuilder.java:processTables(161)) - Using default column profile:DBProfile.DISK for Table:revokedCerts
2019-09-19 16:46:42,640 [Thread-796] INFO  db.DBStoreBuilder (DBStoreBuilder.java:addTable(110)) - using custom profile for table: default
2019-09-19 16:46:42,641 [Thread-796] INFO  db.DBStoreBuilder (DBStoreBuilder.java:processTables(167)) - Using default column profile:DBProfile.DISK for Table:default
2019-09-19 16:46:42,641 [Thread-796] INFO  db.DBStoreBuilder (DBStoreBuilder.java:getDbProfile(198)) - Using default options. DBProfile.DISK
2019-09-19 16:46:42,921 [Thread-796] INFO  net.NodeSchemaLoader (NodeSchemaLoader.java:loadSchemaFromFile(125)) - Loading file from sun.misc.CompoundEnumeration@3934fa93
2019-09-19 16:46:42,921 [Thread-796] INFO  net.NodeSchemaLoader (NodeSchemaLoader.java:loadSchema(171)) - Loading network topology layer schema file
2019-09-19 16:46:42,928 [Thread-796] WARN  server.ServerUtils (ServerUtils.java:sanitizeUserArgs(70)) - ozone.scm.stale.node.interval value = 300000 is larger than max = 100000 based on the key value of ozone.scm.heartbeat.thread.interval, reset to the max value 100000.
2019-09-19 16:46:42,929 [Thread-796] WARN  server.ServerUtils (ServerUtils.java:sanitizeUserArgs(70)) - ozone.scm.stale.node.interval value = 300000 is larger than max = 100000 based on the key value of ozone.scm.heartbeat.thread.interval, reset to the max value 100000.
2019-09-19 16:46:42,929 [Thread-796] INFO  node.SCMNodeManager (SCMNodeManager.java:<init>(121)) - Entering startup safe mode.
2019-09-19 16:46:42,930 [Thread-796] INFO  algorithms.ContainerPlacementPolicyFactory (ContainerPlacementPolicyFactory.java:getPolicy(56)) - Create container placement policy of type org.apache.hadoop.hdds.scm.container.placement.algorithms.SCMContainerPlacementRandom
2019-09-19 16:46:42,931 [Thread-796] WARN  server.ServerUtils (ServerUtils.java:getScmDbDir(145)) - ozone.scm.db.dirs is not configured. We recommend adding this setting. Falling back to ozone.metadata.dirs instead.
2019-09-19 16:46:43,042 [Thread-796] INFO  pipeline.SCMPipelineManager (SCMPipelineManager.java:initializePipelineState(126)) - No pipeline exists in current db
2019-09-19 16:46:43,042 [Thread-796] WARN  server.ServerUtils (ServerUtils.java:getScmDbDir(145)) - ozone.scm.db.dirs is not configured. We recommend adding this setting. Falling back to ozone.metadata.dirs instead.
2019-09-19 16:46:43,138 [Thread-796] WARN  events.EventQueue (EventQueue.java:fireEvent(175)) - No event handler registered for event TypedEvent{payloadType=SafeModeStatus, name='SafeModeStatus'}
2019-09-19 16:46:43,139 [Thread-796] INFO  ipc.CallQueueManager (CallQueueManager.java:<init>(84)) - Using callQueue: class java.util.concurrent.LinkedBlockingQueue, queueCapacity: 2000, scheduler: class org.apache.hadoop.ipc.DefaultRpcScheduler, ipcBackoff: false.
2019-09-19 16:46:43,140 [Socket Reader #1 for port 41375] INFO  ipc.Server (Server.java:run(1074)) - Starting Socket Reader #1 for port 41375
2019-09-19 16:46:43,143 [Thread-796] INFO  ipc.CallQueueManager (CallQueueManager.java:<init>(84)) - Using callQueue: class java.util.concurrent.LinkedBlockingQueue, queueCapacity: 2000, scheduler: class org.apache.hadoop.ipc.DefaultRpcScheduler, ipcBackoff: false.
2019-09-19 16:46:43,144 [Socket Reader #1 for port 39220] INFO  ipc.Server (Server.java:run(1074)) - Starting Socket Reader #1 for port 39220
2019-09-19 16:46:43,145 [Thread-796] INFO  ipc.CallQueueManager (CallQueueManager.java:<init>(84)) - Using callQueue: class java.util.concurrent.LinkedBlockingQueue, queueCapacity: 2000, scheduler: class org.apache.hadoop.ipc.DefaultRpcScheduler, ipcBackoff: false.
2019-09-19 16:46:43,146 [Socket Reader #1 for port 41223] INFO  ipc.Server (Server.java:run(1074)) - Starting Socket Reader #1 for port 41223
2019-09-19 16:46:43,149 [Thread-796] INFO  hdfs.DFSUtil (DFSUtil.java:httpServerTemplateForNNAndJN(1641)) - Starting Web-server for scm at: http://0.0.0.0:0
2019-09-19 16:46:43,153 [Thread-796] INFO  server.AuthenticationFilter (AuthenticationFilter.java:constructSecretProvider(240)) - Unable to initialize FileSignerSecretProvider, falling back to use random secrets.
2019-09-19 16:46:43,154 [Thread-796] WARN  http.HttpRequestLog (HttpRequestLog.java:getRequestLog(97)) - Jetty request log can only be enabled using Log4j
2019-09-19 16:46:43,156 [Thread-796] INFO  http.HttpServer2 (HttpServer2.java:addGlobalFilter(975)) - Added global filter 'safety' (class=org.apache.hadoop.http.HttpServer2$QuotingInputFilter)
2019-09-19 16:46:43,157 [Thread-796] INFO  http.HttpServer2 (HttpServer2.java:addFilter(948)) - Added filter static_user_filter (class=org.apache.hadoop.http.lib.StaticUserWebFilter$StaticUserFilter) to context scm
2019-09-19 16:46:43,157 [Thread-796] INFO  http.HttpServer2 (HttpServer2.java:addFilter(958)) - Added filter static_user_filter (class=org.apache.hadoop.http.lib.StaticUserWebFilter$StaticUserFilter) to context static
2019-09-19 16:46:43,157 [Thread-796] INFO  http.HttpServer2 (HttpServer2.java:addFilter(958)) - Added filter static_user_filter (class=org.apache.hadoop.http.lib.StaticUserWebFilter$StaticUserFilter) to context logs
2019-09-19 16:46:43,159 [Thread-796] INFO  server.StorageContainerManager (StorageContainerManager.java:start(759)) - StorageContainerLocationProtocol RPC server is listening at /0.0.0.0:41223
2019-09-19 16:46:43,162 [Thread-796] WARN  impl.MetricsConfig (MetricsConfig.java:loadFirst(134)) - Cannot locate configuration: tried hadoop-metrics2-storagecontainermanager.properties,hadoop-metrics2.properties
2019-09-19 16:46:43,164 [Thread-796] INFO  impl.MetricsSystemImpl (MetricsSystemImpl.java:startTimer(374)) - Scheduled Metric snapshot period at 10 second(s).
2019-09-19 16:46:43,164 [Thread-796] INFO  impl.MetricsSystemImpl (MetricsSystemImpl.java:start(191)) - StorageContainerManager metrics system started
2019-09-19 16:46:43,212 [Thread-796] INFO  server.SCMClientProtocolServer (SCMClientProtocolServer.java:start(151)) - RPC server for Client  is listening at /0.0.0.0:41223
2019-09-19 16:46:43,212 [IPC Server Responder] INFO  ipc.Server (Server.java:run(1314)) - IPC Server Responder: starting
2019-09-19 16:46:43,212 [IPC Server listener on 41223] INFO  ipc.Server (Server.java:run(1153)) - IPC Server listener on 41223: starting
2019-09-19 16:46:43,216 [Thread-796] INFO  server.StorageContainerManager (StorageContainerManager.java:start(769)) - ScmBlockLocationProtocol RPC server is listening at /0.0.0.0:39220
2019-09-19 16:46:43,216 [Thread-796] INFO  server.SCMBlockProtocolServer (SCMBlockProtocolServer.java:start(140)) - RPC server for Block Protocol is listening at /0.0.0.0:39220
2019-09-19 16:46:43,217 [IPC Server Responder] INFO  ipc.Server (Server.java:run(1314)) - IPC Server Responder: starting
2019-09-19 16:46:43,218 [IPC Server listener on 39220] INFO  ipc.Server (Server.java:run(1153)) - IPC Server listener on 39220: starting
2019-09-19 16:46:43,221 [Thread-796] INFO  server.StorageContainerManager (StorageContainerManager.java:start(773)) - ScmDatanodeProtocl RPC server is listening at /0.0.0.0:41375
2019-09-19 16:46:43,221 [Thread-796] INFO  server.SCMDatanodeProtocolServer (SCMDatanodeProtocolServer.java:start(191)) - RPC server for DataNodes is listening at /0.0.0.0:41375
2019-09-19 16:46:43,221 [IPC Server Responder] INFO  ipc.Server (Server.java:run(1314)) - IPC Server Responder: starting
2019-09-19 16:46:43,221 [IPC Server listener on 41375] INFO  ipc.Server (Server.java:run(1153)) - IPC Server listener on 41375: starting
2019-09-19 16:46:43,225 [Thread-796] INFO  http.HttpServer2 (HttpServer2.java:bindListener(1191)) - Jetty bound to port 40213
2019-09-19 16:46:43,225 [Thread-796] INFO  server.Server (Server.java:doStart(351)) - jetty-9.3.24.v20180605, build timestamp: 2018-06-05T17:11:56Z, git hash: 84205aa28f11a4f31f2a3b86d1bba2cc8ab69827
2019-09-19 16:46:43,227 [Thread-796] INFO  handler.ContextHandler (ContextHandler.java:doStart(781)) - Started o.e.j.s.ServletContextHandler@4f638d2b{/logs,file:///workdir/hadoop-ozone/ozonefs/target/log,AVAILABLE}
2019-09-19 16:46:43,228 [Thread-796] INFO  handler.ContextHandler (ContextHandler.java:doStart(781)) - Started o.e.j.s.ServletContextHandler@7ff52432{/static,jar:file:/home/user/.m2/repository/org/apache/hadoop/hadoop-hdds-server-scm/0.5.0-SNAPSHOT/hadoop-hdds-server-scm-0.5.0-SNAPSHOT.jar!/webapps/static,AVAILABLE}
2019-09-19 16:46:43,269 [Thread-796] INFO  handler.ContextHandler (ContextHandler.java:doStart(781)) - Started o.e.j.w.WebAppContext@f94b3e6{/,file:///tmp/jetty-0.0.0.0-40213-scm-_-any-6290326493580360690.dir/webapp/,AVAILABLE}{/scm}
2019-09-19 16:46:43,269 [Thread-796] INFO  server.AbstractConnector (AbstractConnector.java:doStart(278)) - Started ServerConnector@58ff8d7a{HTTP/1.1,[http/1.1]}{0.0.0.0:40213}
2019-09-19 16:46:43,270 [Thread-796] INFO  server.Server (Server.java:doStart(419)) - Started @59877ms
2019-09-19 16:46:43,271 [Thread-796] INFO  server.BaseHttpServer (BaseHttpServer.java:updateConnectorAddress(213)) - HTTP server of SCM is listening at http://0.0.0.0:40213
2019-09-19 16:46:43,271 [Thread-796] WARN  server.ServerUtils (ServerUtils.java:getDBPath(222)) - ozone.om.db.dirs is not configured. We recommend adding this setting. Falling back to ozone.metadata.dirs instead.
2019-09-19 16:46:43,272 [org.apache.hadoop.util.JvmPauseMonitor$Monitor@35857b07] INFO  util.JvmPauseMonitor (JvmPauseMonitor.java:run(188)) - Starting JVM pause monitor
2019-09-19 16:46:43,285 [Thread-796] WARN  server.ServerUtils (ServerUtils.java:getDBPath(222)) - ozone.om.db.dirs is not configured. We recommend adding this setting. Falling back to ozone.metadata.dirs instead.
2019-09-19 16:46:43,286 [Thread-796] WARN  server.ServerUtils (ServerUtils.java:getDBPath(222)) - ozone.om.db.dirs is not configured. We recommend adding this setting. Falling back to ozone.metadata.dirs instead.
2019-09-19 16:46:43,286 [Thread-796] INFO  om.OzoneManager (OzoneManager.java:setOMNodeDetails(645)) - OM Service ID is not set. Setting it to the default ID: omServiceIdDefault
2019-09-19 16:46:43,286 [Thread-796] INFO  om.OzoneManager (OzoneManager.java:setOMNodeDetails(651)) - OM Node ID is not set. Setting it to the OmStorage's OmID: e656c31c-4cbf-4037-960c-d36a88c5b4aa
2019-09-19 16:46:43,286 [Thread-796] INFO  om.OzoneManager (OzoneManager.java:loadOMHAConfigs(602)) - Found matching OM address with OMServiceId: null, OMNodeId: null, RPC Address: localhost:0 and Ratis port: 9872
2019-09-19 16:46:43,291 | INFO  | SCMAudit | user=jenkins1000 | ip=192.168.157.226 | op=GET_SCM_INFO null | ret=SUCCESS |  
2019-09-19 16:46:43,293 [Thread-796] WARN  server.ServerUtils (ServerUtils.java:getDBPath(222)) - ozone.om.db.dirs is not configured. We recommend adding this setting. Falling back to ozone.metadata.dirs instead.
2019-09-19 16:46:43,293 [Thread-796] INFO  db.DBStoreBuilder (DBStoreBuilder.java:addTable(110)) - using custom profile for table: userTable
2019-09-19 16:46:43,293 [Thread-796] INFO  db.DBStoreBuilder (DBStoreBuilder.java:processTables(161)) - Using default column profile:DBProfile.DISK for Table:userTable
2019-09-19 16:46:43,293 [Thread-796] INFO  db.DBStoreBuilder (DBStoreBuilder.java:addTable(110)) - using custom profile for table: volumeTable
2019-09-19 16:46:43,293 [Thread-796] INFO  db.DBStoreBuilder (DBStoreBuilder.java:processTables(161)) - Using default column profile:DBProfile.DISK for Table:volumeTable
2019-09-19 16:46:43,294 [Thread-796] INFO  db.DBStoreBuilder (DBStoreBuilder.java:addTable(110)) - using custom profile for table: bucketTable
2019-09-19 16:46:43,294 [Thread-796] INFO  db.DBStoreBuilder (DBStoreBuilder.java:processTables(161)) - Using default column profile:DBProfile.DISK for Table:bucketTable
2019-09-19 16:46:43,294 [Thread-796] INFO  db.DBStoreBuilder (DBStoreBuilder.java:addTable(110)) - using custom profile for table: keyTable
2019-09-19 16:46:43,294 [Thread-796] INFO  db.DBStoreBuilder (DBStoreBuilder.java:processTables(161)) - Using default column profile:DBProfile.DISK for Table:keyTable
2019-09-19 16:46:43,294 [Thread-796] INFO  db.DBStoreBuilder (DBStoreBuilder.java:addTable(110)) - using custom profile for table: deletedTable
2019-09-19 16:46:43,294 [Thread-796] INFO  db.DBStoreBuilder (DBStoreBuilder.java:processTables(161)) - Using default column profile:DBProfile.DISK for Table:deletedTable
2019-09-19 16:46:43,294 [Thread-796] INFO  db.DBStoreBuilder (DBStoreBuilder.java:addTable(110)) - using custom profile for table: openKeyTable
2019-09-19 16:46:43,295 [Thread-796] INFO  db.DBStoreBuilder (DBStoreBuilder.java:processTables(161)) - Using default column profile:DBProfile.DISK for Table:openKeyTable
2019-09-19 16:46:43,295 [Thread-796] INFO  db.DBStoreBuilder (DBStoreBuilder.java:addTable(110)) - using custom profile for table: s3Table
2019-09-19 16:46:43,295 [Thread-796] INFO  db.DBStoreBuilder (DBStoreBuilder.java:processTables(161)) - Using default column profile:DBProfile.DISK for Table:s3Table
2019-09-19 16:46:43,295 [Thread-796] INFO  db.DBStoreBuilder (DBStoreBuilder.java:addTable(110)) - using custom profile for table: multipartInfoTable
2019-09-19 16:46:43,295 [Thread-796] INFO  db.DBStoreBuilder (DBStoreBuilder.java:processTables(161)) - Using default column profile:DBProfile.DISK for Table:multipartInfoTable
2019-09-19 16:46:43,295 [Thread-796] INFO  db.DBStoreBuilder (DBStoreBuilder.java:addTable(110)) - using custom profile for table: dTokenTable
2019-09-19 16:46:43,295 [Thread-796] INFO  db.DBStoreBuilder (DBStoreBuilder.java:processTables(161)) - Using default column profile:DBProfile.DISK for Table:dTokenTable
2019-09-19 16:46:43,296 [Thread-796] INFO  db.DBStoreBuilder (DBStoreBuilder.java:addTable(110)) - using custom profile for table: s3SecretTable
2019-09-19 16:46:43,296 [Thread-796] INFO  db.DBStoreBuilder (DBStoreBuilder.java:processTables(161)) - Using default column profile:DBProfile.DISK for Table:s3SecretTable
2019-09-19 16:46:43,296 [Thread-796] INFO  db.DBStoreBuilder (DBStoreBuilder.java:addTable(110)) - using custom profile for table: prefixTable
2019-09-19 16:46:43,296 [Thread-796] INFO  db.DBStoreBuilder (DBStoreBuilder.java:processTables(161)) - Using default column profile:DBProfile.DISK for Table:prefixTable
2019-09-19 16:46:43,296 [Thread-796] INFO  db.DBStoreBuilder (DBStoreBuilder.java:addTable(110)) - using custom profile for table: default
2019-09-19 16:46:43,296 [Thread-796] INFO  db.DBStoreBuilder (DBStoreBuilder.java:processTables(167)) - Using default column profile:DBProfile.DISK for Table:default
2019-09-19 16:46:43,296 [Thread-796] INFO  db.DBStoreBuilder (DBStoreBuilder.java:getDbProfile(198)) - Using default options. DBProfile.DISK
2019-09-19 16:46:43,869 [Thread-796] INFO  ipc.CallQueueManager (CallQueueManager.java:<init>(84)) - Using callQueue: class java.util.concurrent.LinkedBlockingQueue, queueCapacity: 2000, scheduler: class org.apache.hadoop.ipc.DefaultRpcScheduler, ipcBackoff: false.
2019-09-19 16:46:43,870 [Socket Reader #1 for port 34634] INFO  ipc.Server (Server.java:run(1074)) - Starting Socket Reader #1 for port 34634
2019-09-19 16:46:43,895 [Thread-796] INFO  om.OzoneManager (OzoneManager.java:start(1256)) - OzoneManager RPC server is listening at localhost/127.0.0.1:34634
2019-09-19 16:46:43,895 [Thread-796] INFO  impl.MetricsSystemImpl (MetricsSystemImpl.java:init(158)) - OzoneManager metrics system started (again)
2019-09-19 16:46:43,896 [IPC Server Responder] INFO  ipc.Server (Server.java:run(1314)) - IPC Server Responder: starting
2019-09-19 16:46:43,896 [IPC Server listener on 34634] INFO  ipc.Server (Server.java:run(1153)) - IPC Server listener on 34634: starting
2019-09-19 16:46:43,901 [Thread-796] INFO  hdfs.DFSUtil (DFSUtil.java:httpServerTemplateForNNAndJN(1641)) - Starting Web-server for ozoneManager at: http://0.0.0.0:0
2019-09-19 16:46:43,905 [Thread-796] INFO  server.AuthenticationFilter (AuthenticationFilter.java:constructSecretProvider(240)) - Unable to initialize FileSignerSecretProvider, falling back to use random secrets.
2019-09-19 16:46:43,905 [Thread-796] WARN  http.HttpRequestLog (HttpRequestLog.java:getRequestLog(97)) - Jetty request log can only be enabled using Log4j
2019-09-19 16:46:43,908 [Thread-796] INFO  http.HttpServer2 (HttpServer2.java:addGlobalFilter(975)) - Added global filter 'safety' (class=org.apache.hadoop.http.HttpServer2$QuotingInputFilter)
2019-09-19 16:46:43,910 [Thread-796] INFO  http.HttpServer2 (HttpServer2.java:addFilter(948)) - Added filter static_user_filter (class=org.apache.hadoop.http.lib.StaticUserWebFilter$StaticUserFilter) to context ozoneManager
2019-09-19 16:46:43,910 [Thread-796] INFO  http.HttpServer2 (HttpServer2.java:addFilter(958)) - Added filter static_user_filter (class=org.apache.hadoop.http.lib.StaticUserWebFilter$StaticUserFilter) to context static
2019-09-19 16:46:43,910 [Thread-796] INFO  http.HttpServer2 (HttpServer2.java:addFilter(958)) - Added filter static_user_filter (class=org.apache.hadoop.http.lib.StaticUserWebFilter$StaticUserFilter) to context logs
2019-09-19 16:46:43,911 [Thread-796] INFO  http.HttpServer2 (HttpServer2.java:bindListener(1191)) - Jetty bound to port 46790
2019-09-19 16:46:43,911 [Thread-796] INFO  server.Server (Server.java:doStart(351)) - jetty-9.3.24.v20180605, build timestamp: 2018-06-05T17:11:56Z, git hash: 84205aa28f11a4f31f2a3b86d1bba2cc8ab69827
2019-09-19 16:46:43,914 [Thread-796] INFO  handler.ContextHandler (ContextHandler.java:doStart(781)) - Started o.e.j.s.ServletContextHandler@164d93e7{/logs,file:///workdir/hadoop-ozone/ozonefs/target/log,AVAILABLE}
2019-09-19 16:46:43,915 [Thread-796] INFO  handler.ContextHandler (ContextHandler.java:doStart(781)) - Started o.e.j.s.ServletContextHandler@1db39306{/static,jar:file:/home/user/.m2/repository/org/apache/hadoop/hadoop-ozone-ozone-manager/0.5.0-SNAPSHOT/hadoop-ozone-ozone-manager-0.5.0-SNAPSHOT.jar!/webapps/static,AVAILABLE}
2019-09-19 16:46:43,979 [Thread-796] INFO  handler.ContextHandler (ContextHandler.java:doStart(781)) - Started o.e.j.w.WebAppContext@6742d851{/,file:///tmp/jetty-0.0.0.0-46790-ozoneManager-_-any-2388513137376757617.dir/webapp/,AVAILABLE}{/ozoneManager}
2019-09-19 16:46:43,979 [Thread-796] INFO  server.AbstractConnector (AbstractConnector.java:doStart(278)) - Started ServerConnector@26964aea{HTTP/1.1,[http/1.1]}{0.0.0.0:46790}
2019-09-19 16:46:43,980 [Thread-796] INFO  server.Server (Server.java:doStart(419)) - Started @60587ms
2019-09-19 16:46:43,981 [Thread-796] INFO  server.BaseHttpServer (BaseHttpServer.java:updateConnectorAddress(213)) - HTTP server of OZONEMANAGER is listening at http://0.0.0.0:46790
2019-09-19 16:46:43,989 [Thread-796] INFO  impl.MetricsSystemImpl (MetricsSystemImpl.java:init(158)) - HddsDatanode metrics system started (again)
2019-09-19 16:46:43,991 [Thread-796] INFO  ozone.HddsDatanodeService (HddsDatanodeService.java:start(184)) - HddsDatanodeService host:pr-hdds-1569-swxfz-3172132826 ip:192.168.157.226
2019-09-19 16:46:43,999 [Thread-796] INFO  volume.HddsVolume (HddsVolume.java:<init>(176)) - Creating Volume: /workdir/hadoop-ozone/ozonefs/target/test-dir/MiniOzoneClusterImpl-421e31d2-c7a4-426c-8bcc-062c99b824ca/datanode-0/data/containers/hdds of  storage type : DISK and capacity : 1482555576320
2019-09-19 16:46:43,999 [Thread-796] INFO  volume.VolumeSet (VolumeSet.java:initializeVolumeSet(170)) - Added Volume : /workdir/hadoop-ozone/ozonefs/target/test-dir/MiniOzoneClusterImpl-421e31d2-c7a4-426c-8bcc-062c99b824ca/datanode-0/data/containers/hdds to VolumeSet
2019-09-19 16:46:44,000 [Thread-796] INFO  volume.ThrottledAsyncChecker (ThrottledAsyncChecker.java:schedule(140)) - Scheduling a check for org.apache.hadoop.ozone.container.common.volume.HddsVolume@2ea8f19a
2019-09-19 16:46:44,000 [Thread-796] INFO  volume.HddsVolumeChecker (HddsVolumeChecker.java:checkAllVolumes(203)) - Scheduled health check for volume org.apache.hadoop.ozone.container.common.volume.HddsVolume@2ea8f19a
2019-09-19 16:46:44,027 [Thread-796] INFO  impl.RaftServerProxy (ConfUtils.java:logGet(43)) - raft.rpc.type = GRPC (default)
2019-09-19 16:46:44,027 [Thread-796] INFO  grpc.GrpcFactory (GrpcFactory.java:checkPooledByteBufAllocatorUseCacheForAllThreads(45)) - PERFORMANCE WARNING: useCacheForAllThreads is true that may cause Netty to create a lot garbage objects and, as a result, trigger GC.
	It is recommended to disable useCacheForAllThreads by setting -Dorg.apache.ratis.thirdparty.io.netty.allocator.useCacheForAllThreads=false in command line.
2019-09-19 16:46:44,027 [Thread-796] INFO  grpc.GrpcConfigKeys$Server (ConfUtils.java:logGet(43)) - raft.grpc.server.port = 0 (default)
2019-09-19 16:46:44,027 [Thread-796] INFO  server.GrpcService (ConfUtils.java:logGet(43)) - raft.grpc.message.size.max = 33570816 (custom)
2019-09-19 16:46:44,028 [Thread-796] INFO  server.RaftServerConfigKeys (ConfUtils.java:logGet(43)) - raft.server.log.appender.buffer.byte-limit = 33554432 (custom)
2019-09-19 16:46:44,028 [Thread-796] INFO  server.GrpcService (ConfUtils.java:logGet(43)) - raft.grpc.flow.control.window = 1MB (=1048576) (default)
2019-09-19 16:46:44,028 [Thread-796] INFO  server.RaftServerConfigKeys (ConfUtils.java:logGet(43)) - raft.server.rpc.request.timeout = 3000ms (default)
2019-09-19 16:46:44,029 [Thread-796] INFO  server.RaftServerConfigKeys (ConfUtils.java:logGet(43)) - raft.server.storage.dir = [/workdir/hadoop-ozone/ozonefs/target/test-dir/MiniOzoneClusterImpl-421e31d2-c7a4-426c-8bcc-062c99b824ca/datanode-0/data/ratis] (custom)
2019-09-19 16:46:44,029 [Thread-796] INFO  replication.SimpleContainerDownloader (SimpleContainerDownloader.java:<init>(72)) - Starting container downloader service to copy containers to replicate.
2019-09-19 16:46:44,030 [Thread-796] INFO  hdfs.DFSUtil (DFSUtil.java:httpServerTemplateForNNAndJN(1641)) - Starting Web-server for hddsDatanode at: http://0.0.0.0:0
2019-09-19 16:46:44,032 [Thread-796] INFO  server.AuthenticationFilter (AuthenticationFilter.java:constructSecretProvider(240)) - Unable to initialize FileSignerSecretProvider, falling back to use random secrets.
2019-09-19 16:46:44,032 [Thread-796] WARN  http.HttpRequestLog (HttpRequestLog.java:getRequestLog(97)) - Jetty request log can only be enabled using Log4j
2019-09-19 16:46:44,034 [Thread-796] INFO  http.HttpServer2 (HttpServer2.java:addGlobalFilter(975)) - Added global filter 'safety' (class=org.apache.hadoop.http.HttpServer2$QuotingInputFilter)
2019-09-19 16:46:44,034 [Thread-796] INFO  http.HttpServer2 (HttpServer2.java:addFilter(948)) - Added filter static_user_filter (class=org.apache.hadoop.http.lib.StaticUserWebFilter$StaticUserFilter) to context hddsDatanode
2019-09-19 16:46:44,035 [Thread-796] INFO  http.HttpServer2 (HttpServer2.java:addFilter(958)) - Added filter static_user_filter (class=org.apache.hadoop.http.lib.StaticUserWebFilter$StaticUserFilter) to context static
2019-09-19 16:46:44,035 [Thread-796] INFO  http.HttpServer2 (HttpServer2.java:addFilter(958)) - Added filter static_user_filter (class=org.apache.hadoop.http.lib.StaticUserWebFilter$StaticUserFilter) to context logs
2019-09-19 16:46:44,035 [Thread-796] INFO  http.HttpServer2 (HttpServer2.java:bindListener(1191)) - Jetty bound to port 38795
2019-09-19 16:46:44,035 [Thread-796] INFO  server.Server (Server.java:doStart(351)) - jetty-9.3.24.v20180605, build timestamp: 2018-06-05T17:11:56Z, git hash: 84205aa28f11a4f31f2a3b86d1bba2cc8ab69827
2019-09-19 16:46:44,037 [Thread-796] INFO  handler.ContextHandler (ContextHandler.java:doStart(781)) - Started o.e.j.s.ServletContextHandler@1e6f39d3{/logs,file:///workdir/hadoop-ozone/ozonefs/target/log,AVAILABLE}
2019-09-19 16:46:44,038 [Thread-796] INFO  handler.ContextHandler (ContextHandler.java:doStart(781)) - Started o.e.j.s.ServletContextHandler@1c530c50{/static,jar:file:/home/user/.m2/repository/org/apache/hadoop/hadoop-hdds-container-service/0.5.0-SNAPSHOT/hadoop-hdds-container-service-0.5.0-SNAPSHOT.jar!/webapps/static,AVAILABLE}
2019-09-19 16:46:44,065 [Thread-796] INFO  handler.ContextHandler (ContextHandler.java:doStart(781)) - Started o.e.j.w.WebAppContext@1d59f76f{/,file:///tmp/jetty-0.0.0.0-38795-hddsDatanode-_-any-8353004429407146299.dir/webapp/,AVAILABLE}{/hddsDatanode}
2019-09-19 16:46:44,065 [Thread-796] INFO  server.AbstractConnector (AbstractConnector.java:doStart(278)) - Started ServerConnector@b411bbe{HTTP/1.1,[http/1.1]}{0.0.0.0:38795}
2019-09-19 16:46:44,066 [Thread-796] INFO  server.Server (Server.java:doStart(419)) - Started @60673ms
2019-09-19 16:46:44,067 [Thread-796] INFO  server.BaseHttpServer (BaseHttpServer.java:updateConnectorAddress(213)) - HTTP server of HDDSDATANODE is listening at http://0.0.0.0:38795
2019-09-19 16:46:44,189 | INFO  | ObjectStoreRestHttpServer | Listening HDDS REST traffic on /0.0.0.0:36804 |  
2019-09-19 16:46:44,189 [Thread-796] INFO  ozone.HddsDatanodeService (HddsDatanodeService.java:startPlugins(395)) - Started plug-in org.apache.hadoop.ozone.web.OzoneHddsDatanodeService@225a5934
2019-09-19 16:46:44,189 [Thread-796] INFO  impl.MetricsSystemImpl (MetricsSystemImpl.java:init(158)) - HddsDatanode metrics system started (again)
2019-09-19 16:46:44,191 [Thread-796] INFO  ozone.HddsDatanodeService (HddsDatanodeService.java:start(184)) - HddsDatanodeService host:pr-hdds-1569-swxfz-3172132826 ip:192.168.157.226
2019-09-19 16:46:44,192 [org.apache.hadoop.util.JvmPauseMonitor$Monitor@4e97c242] INFO  util.JvmPauseMonitor (JvmPauseMonitor.java:run(188)) - Starting JVM pause monitor
2019-09-19 16:46:44,195 [Datanode State Machine Thread - 0] INFO  datanode.InitDatanodeState (InitDatanodeState.java:persistContainerDatanodeDetails(140)) - DatanodeDetails is persisted to /workdir/hadoop-ozone/ozonefs/target/test-dir/MiniOzoneClusterImpl-421e31d2-c7a4-426c-8bcc-062c99b824ca/datanode-0/meta/datanode.id
2019-09-19 16:46:44,199 [Thread-796] INFO  volume.HddsVolume (HddsVolume.java:<init>(176)) - Creating Volume: /workdir/hadoop-ozone/ozonefs/target/test-dir/MiniOzoneClusterImpl-421e31d2-c7a4-426c-8bcc-062c99b824ca/datanode-1/data/containers/hdds of  storage type : DISK and capacity : 1482555576320
2019-09-19 16:46:44,199 [Thread-796] INFO  volume.VolumeSet (VolumeSet.java:initializeVolumeSet(170)) - Added Volume : /workdir/hadoop-ozone/ozonefs/target/test-dir/MiniOzoneClusterImpl-421e31d2-c7a4-426c-8bcc-062c99b824ca/datanode-1/data/containers/hdds to VolumeSet
2019-09-19 16:46:44,199 [Thread-796] INFO  volume.ThrottledAsyncChecker (ThrottledAsyncChecker.java:schedule(140)) - Scheduling a check for org.apache.hadoop.ozone.container.common.volume.HddsVolume@6a462cb4
2019-09-19 16:46:44,200 [Thread-796] INFO  volume.HddsVolumeChecker (HddsVolumeChecker.java:checkAllVolumes(203)) - Scheduled health check for volume org.apache.hadoop.ozone.container.common.volume.HddsVolume@6a462cb4
2019-09-19 16:46:44,219 [Thread-796] INFO  impl.RaftServerProxy (ConfUtils.java:logGet(43)) - raft.rpc.type = GRPC (default)
2019-09-19 16:46:44,219 [Thread-796] INFO  grpc.GrpcFactory (GrpcFactory.java:checkPooledByteBufAllocatorUseCacheForAllThreads(45)) - PERFORMANCE WARNING: useCacheForAllThreads is true that may cause Netty to create a lot garbage objects and, as a result, trigger GC.
	It is recommended to disable useCacheForAllThreads by setting -Dorg.apache.ratis.thirdparty.io.netty.allocator.useCacheForAllThreads=false in command line.
2019-09-19 16:46:44,220 [Thread-796] INFO  grpc.GrpcConfigKeys$Server (ConfUtils.java:logGet(43)) - raft.grpc.server.port = 0 (default)
2019-09-19 16:46:44,220 [Thread-796] INFO  server.GrpcService (ConfUtils.java:logGet(43)) - raft.grpc.message.size.max = 33570816 (custom)
2019-09-19 16:46:44,220 [Thread-796] INFO  server.RaftServerConfigKeys (ConfUtils.java:logGet(43)) - raft.server.log.appender.buffer.byte-limit = 33554432 (custom)
2019-09-19 16:46:44,220 [Thread-796] INFO  server.GrpcService (ConfUtils.java:logGet(43)) - raft.grpc.flow.control.window = 1MB (=1048576) (default)
2019-09-19 16:46:44,220 [Thread-796] INFO  server.RaftServerConfigKeys (ConfUtils.java:logGet(43)) - raft.server.rpc.request.timeout = 3000ms (default)
2019-09-19 16:46:44,221 [Thread-796] INFO  server.RaftServerConfigKeys (ConfUtils.java:logGet(43)) - raft.server.storage.dir = [/workdir/hadoop-ozone/ozonefs/target/test-dir/MiniOzoneClusterImpl-421e31d2-c7a4-426c-8bcc-062c99b824ca/datanode-1/data/ratis] (custom)
2019-09-19 16:46:44,221 [Thread-796] INFO  replication.SimpleContainerDownloader (SimpleContainerDownloader.java:<init>(72)) - Starting container downloader service to copy containers to replicate.
2019-09-19 16:46:44,222 [Thread-796] INFO  hdfs.DFSUtil (DFSUtil.java:httpServerTemplateForNNAndJN(1641)) - Starting Web-server for hddsDatanode at: http://0.0.0.0:0
2019-09-19 16:46:44,224 [Thread-796] INFO  server.AuthenticationFilter (AuthenticationFilter.java:constructSecretProvider(240)) - Unable to initialize FileSignerSecretProvider, falling back to use random secrets.
2019-09-19 16:46:44,224 [Thread-796] WARN  http.HttpRequestLog (HttpRequestLog.java:getRequestLog(97)) - Jetty request log can only be enabled using Log4j
2019-09-19 16:46:44,227 [Thread-796] INFO  http.HttpServer2 (HttpServer2.java:addGlobalFilter(975)) - Added global filter 'safety' (class=org.apache.hadoop.http.HttpServer2$QuotingInputFilter)
2019-09-19 16:46:44,228 [Thread-796] INFO  http.HttpServer2 (HttpServer2.java:addFilter(948)) - Added filter static_user_filter (class=org.apache.hadoop.http.lib.StaticUserWebFilter$StaticUserFilter) to context hddsDatanode
2019-09-19 16:46:44,229 [Thread-796] INFO  http.HttpServer2 (HttpServer2.java:addFilter(958)) - Added filter static_user_filter (class=org.apache.hadoop.http.lib.StaticUserWebFilter$StaticUserFilter) to context static
2019-09-19 16:46:44,229 [Thread-796] INFO  http.HttpServer2 (HttpServer2.java:addFilter(958)) - Added filter static_user_filter (class=org.apache.hadoop.http.lib.StaticUserWebFilter$StaticUserFilter) to context logs
2019-09-19 16:46:44,230 [Thread-796] INFO  http.HttpServer2 (HttpServer2.java:bindListener(1191)) - Jetty bound to port 42580
2019-09-19 16:46:44,230 [Thread-796] INFO  server.Server (Server.java:doStart(351)) - jetty-9.3.24.v20180605, build timestamp: 2018-06-05T17:11:56Z, git hash: 84205aa28f11a4f31f2a3b86d1bba2cc8ab69827
2019-09-19 16:46:44,232 [Thread-796] INFO  handler.ContextHandler (ContextHandler.java:doStart(781)) - Started o.e.j.s.ServletContextHandler@e30ac87{/logs,file:///workdir/hadoop-ozone/ozonefs/target/log,AVAILABLE}
2019-09-19 16:46:44,233 [Thread-796] INFO  handler.ContextHandler (ContextHandler.java:doStart(781)) - Started o.e.j.s.ServletContextHandler@49548687{/static,jar:file:/home/user/.m2/repository/org/apache/hadoop/hadoop-hdds-container-service/0.5.0-SNAPSHOT/hadoop-hdds-container-service-0.5.0-SNAPSHOT.jar!/webapps/static,AVAILABLE}
2019-09-19 16:46:44,272 [Thread-796] INFO  handler.ContextHandler (ContextHandler.java:doStart(781)) - Started o.e.j.w.WebAppContext@25663810{/,file:///tmp/jetty-0.0.0.0-42580-hddsDatanode-_-any-1750864705310661009.dir/webapp/,AVAILABLE}{/hddsDatanode}
2019-09-19 16:46:44,272 [Thread-796] INFO  server.AbstractConnector (AbstractConnector.java:doStart(278)) - Started ServerConnector@50fcbcb4{HTTP/1.1,[http/1.1]}{0.0.0.0:42580}
2019-09-19 16:46:44,273 [Thread-796] INFO  server.Server (Server.java:doStart(419)) - Started @60880ms
2019-09-19 16:46:44,274 [Thread-796] INFO  server.BaseHttpServer (BaseHttpServer.java:updateConnectorAddress(213)) - HTTP server of HDDSDATANODE is listening at http://0.0.0.0:42580
2019-09-19 16:46:44,426 | INFO  | ObjectStoreRestHttpServer | Listening HDDS REST traffic on /0.0.0.0:34704 |  
2019-09-19 16:46:44,426 [Thread-796] INFO  ozone.HddsDatanodeService (HddsDatanodeService.java:startPlugins(395)) - Started plug-in org.apache.hadoop.ozone.web.OzoneHddsDatanodeService@2834559f
2019-09-19 16:46:44,427 [Thread-796] INFO  impl.MetricsSystemImpl (MetricsSystemImpl.java:init(158)) - HddsDatanode metrics system started (again)
2019-09-19 16:46:44,429 [org.apache.hadoop.util.JvmPauseMonitor$Monitor@560b8bed] INFO  util.JvmPauseMonitor (JvmPauseMonitor.java:run(188)) - Starting JVM pause monitor
2019-09-19 16:46:44,430 [Thread-796] INFO  ozone.HddsDatanodeService (HddsDatanodeService.java:start(184)) - HddsDatanodeService host:pr-hdds-1569-swxfz-3172132826 ip:192.168.157.226
2019-09-19 16:46:44,432 [Datanode State Machine Thread - 0] INFO  datanode.InitDatanodeState (InitDatanodeState.java:persistContainerDatanodeDetails(140)) - DatanodeDetails is persisted to /workdir/hadoop-ozone/ozonefs/target/test-dir/MiniOzoneClusterImpl-421e31d2-c7a4-426c-8bcc-062c99b824ca/datanode-1/meta/datanode.id
2019-09-19 16:46:44,439 [Thread-796] INFO  volume.HddsVolume (HddsVolume.java:<init>(176)) - Creating Volume: /workdir/hadoop-ozone/ozonefs/target/test-dir/MiniOzoneClusterImpl-421e31d2-c7a4-426c-8bcc-062c99b824ca/datanode-2/data/containers/hdds of  storage type : DISK and capacity : 1482555576320
2019-09-19 16:46:44,439 [Thread-796] INFO  volume.VolumeSet (VolumeSet.java:initializeVolumeSet(170)) - Added Volume : /workdir/hadoop-ozone/ozonefs/target/test-dir/MiniOzoneClusterImpl-421e31d2-c7a4-426c-8bcc-062c99b824ca/datanode-2/data/containers/hdds to VolumeSet
2019-09-19 16:46:44,440 [Thread-796] INFO  volume.ThrottledAsyncChecker (ThrottledAsyncChecker.java:schedule(140)) - Scheduling a check for org.apache.hadoop.ozone.container.common.volume.HddsVolume@10971c73
2019-09-19 16:46:44,440 [Thread-796] INFO  volume.HddsVolumeChecker (HddsVolumeChecker.java:checkAllVolumes(203)) - Scheduled health check for volume org.apache.hadoop.ozone.container.common.volume.HddsVolume@10971c73
2019-09-19 16:46:44,470 [Thread-796] INFO  impl.RaftServerProxy (ConfUtils.java:logGet(43)) - raft.rpc.type = GRPC (default)
2019-09-19 16:46:44,470 [Thread-796] INFO  grpc.GrpcFactory (GrpcFactory.java:checkPooledByteBufAllocatorUseCacheForAllThreads(45)) - PERFORMANCE WARNING: useCacheForAllThreads is true that may cause Netty to create a lot garbage objects and, as a result, trigger GC.
	It is recommended to disable useCacheForAllThreads by setting -Dorg.apache.ratis.thirdparty.io.netty.allocator.useCacheForAllThreads=false in command line.
2019-09-19 16:46:44,470 [Thread-796] INFO  grpc.GrpcConfigKeys$Server (ConfUtils.java:logGet(43)) - raft.grpc.server.port = 0 (default)
2019-09-19 16:46:44,470 [Thread-796] INFO  server.GrpcService (ConfUtils.java:logGet(43)) - raft.grpc.message.size.max = 33570816 (custom)
2019-09-19 16:46:44,470 [Thread-796] INFO  server.RaftServerConfigKeys (ConfUtils.java:logGet(43)) - raft.server.log.appender.buffer.byte-limit = 33554432 (custom)
2019-09-19 16:46:44,471 [Thread-796] INFO  server.GrpcService (ConfUtils.java:logGet(43)) - raft.grpc.flow.control.window = 1MB (=1048576) (default)
2019-09-19 16:46:44,471 [Thread-796] INFO  server.RaftServerConfigKeys (ConfUtils.java:logGet(43)) - raft.server.rpc.request.timeout = 3000ms (default)
2019-09-19 16:46:44,472 [Thread-796] INFO  server.RaftServerConfigKeys (ConfUtils.java:logGet(43)) - raft.server.storage.dir = [/workdir/hadoop-ozone/ozonefs/target/test-dir/MiniOzoneClusterImpl-421e31d2-c7a4-426c-8bcc-062c99b824ca/datanode-2/data/ratis] (custom)
2019-09-19 16:46:44,472 [Thread-796] INFO  replication.SimpleContainerDownloader (SimpleContainerDownloader.java:<init>(72)) - Starting container downloader service to copy containers to replicate.
2019-09-19 16:46:44,474 [Thread-796] INFO  hdfs.DFSUtil (DFSUtil.java:httpServerTemplateForNNAndJN(1641)) - Starting Web-server for hddsDatanode at: http://0.0.0.0:0
2019-09-19 16:46:44,479 [Thread-796] INFO  server.AuthenticationFilter (AuthenticationFilter.java:constructSecretProvider(240)) - Unable to initialize FileSignerSecretProvider, falling back to use random secrets.
2019-09-19 16:46:44,480 [Thread-796] WARN  http.HttpRequestLog (HttpRequestLog.java:getRequestLog(97)) - Jetty request log can only be enabled using Log4j
2019-09-19 16:46:44,483 [Thread-796] INFO  http.HttpServer2 (HttpServer2.java:addGlobalFilter(975)) - Added global filter 'safety' (class=org.apache.hadoop.http.HttpServer2$QuotingInputFilter)
2019-09-19 16:46:44,484 [Thread-796] INFO  http.HttpServer2 (HttpServer2.java:addFilter(948)) - Added filter static_user_filter (class=org.apache.hadoop.http.lib.StaticUserWebFilter$StaticUserFilter) to context hddsDatanode
2019-09-19 16:46:44,484 [Thread-796] INFO  http.HttpServer2 (HttpServer2.java:addFilter(958)) - Added filter static_user_filter (class=org.apache.hadoop.http.lib.StaticUserWebFilter$StaticUserFilter) to context static
2019-09-19 16:46:44,484 [Thread-796] INFO  http.HttpServer2 (HttpServer2.java:addFilter(958)) - Added filter static_user_filter (class=org.apache.hadoop.http.lib.StaticUserWebFilter$StaticUserFilter) to context logs
2019-09-19 16:46:44,485 [Thread-796] INFO  http.HttpServer2 (HttpServer2.java:bindListener(1191)) - Jetty bound to port 38475
2019-09-19 16:46:44,485 [Thread-796] INFO  server.Server (Server.java:doStart(351)) - jetty-9.3.24.v20180605, build timestamp: 2018-06-05T17:11:56Z, git hash: 84205aa28f11a4f31f2a3b86d1bba2cc8ab69827
2019-09-19 16:46:44,488 [Thread-796] INFO  handler.ContextHandler (ContextHandler.java:doStart(781)) - Started o.e.j.s.ServletContextHandler@7baf55bb{/logs,file:///workdir/hadoop-ozone/ozonefs/target/log,AVAILABLE}
2019-09-19 16:46:44,489 [Thread-796] INFO  handler.ContextHandler (ContextHandler.java:doStart(781)) - Started o.e.j.s.ServletContextHandler@632b2028{/static,jar:file:/home/user/.m2/repository/org/apache/hadoop/hadoop-hdds-container-service/0.5.0-SNAPSHOT/hadoop-hdds-container-service-0.5.0-SNAPSHOT.jar!/webapps/static,AVAILABLE}
2019-09-19 16:46:44,530 [Thread-796] INFO  handler.ContextHandler (ContextHandler.java:doStart(781)) - Started o.e.j.w.WebAppContext@391d6e87{/,file:///tmp/jetty-0.0.0.0-38475-hddsDatanode-_-any-3019080071767293116.dir/webapp/,AVAILABLE}{/hddsDatanode}
2019-09-19 16:46:44,531 [Thread-796] INFO  server.AbstractConnector (AbstractConnector.java:doStart(278)) - Started ServerConnector@d8e2a95{HTTP/1.1,[http/1.1]}{0.0.0.0:38475}
2019-09-19 16:46:44,534 [Thread-796] INFO  server.Server (Server.java:doStart(419)) - Started @61141ms
2019-09-19 16:46:44,535 [Thread-796] INFO  server.BaseHttpServer (BaseHttpServer.java:updateConnectorAddress(213)) - HTTP server of HDDSDATANODE is listening at http://0.0.0.0:38475
2019-09-19 16:46:44,724 | INFO  | ObjectStoreRestHttpServer | Listening HDDS REST traffic on /0.0.0.0:33334 |  
2019-09-19 16:46:44,725 [Thread-796] INFO  ozone.HddsDatanodeService (HddsDatanodeService.java:startPlugins(395)) - Started plug-in org.apache.hadoop.ozone.web.OzoneHddsDatanodeService@224301af
2019-09-19 16:46:44,726 [Thread-796] INFO  ozone.MiniOzoneClusterImpl (MiniOzoneClusterImpl.java:lambda$waitForClusterToBeReady$0(142)) - Waiting for cluster to be ready. Got 0 of 3 DN Heartbeats.
2019-09-19 16:46:44,728 [org.apache.hadoop.util.JvmPauseMonitor$Monitor@2045ee11] INFO  util.JvmPauseMonitor (JvmPauseMonitor.java:run(188)) - Starting JVM pause monitor
2019-09-19 16:46:44,732 [Datanode State Machine Thread - 0] INFO  datanode.InitDatanodeState (InitDatanodeState.java:persistContainerDatanodeDetails(140)) - DatanodeDetails is persisted to /workdir/hadoop-ozone/ozonefs/target/test-dir/MiniOzoneClusterImpl-421e31d2-c7a4-426c-8bcc-062c99b824ca/datanode-2/meta/datanode.id
2019-09-19 16:46:45,726 [Thread-796] INFO  ozone.MiniOzoneClusterImpl (MiniOzoneClusterImpl.java:lambda$waitForClusterToBeReady$0(142)) - Waiting for cluster to be ready. Got 0 of 3 DN Heartbeats.
2019-09-19 16:46:46,199 | INFO  | SCMAudit | user=jenkins1000 | ip=192.168.157.226 | op=GET_VERSION null | ret=SUCCESS |  
2019-09-19 16:46:46,216 [Datanode State Machine Thread - 0] INFO  ozoneimpl.OzoneContainer (OzoneContainer.java:start(186)) - Attempting to start container services.
2019-09-19 16:46:46,216 [Datanode State Machine Thread - 0] INFO  ozoneimpl.OzoneContainer (OzoneContainer.java:startContainerScrub(160)) - Background container scrubber has been disabled by hdds.containerscrub.enabled
2019-09-19 16:46:46,216 [Datanode State Machine Thread - 0] INFO  ratis.XceiverServerRatis (XceiverServerRatis.java:start(404)) - Starting XceiverServerRatis 9c00c300-40f8-490d-beaf-1a01717c10f2 at port 0
2019-09-19 16:46:46,225 [Datanode State Machine Thread - 0] INFO  impl.RaftServerProxy (RaftServerProxy.java:lambda$start$3(299)) - 9c00c300-40f8-490d-beaf-1a01717c10f2: start RPC server
2019-09-19 16:46:46,230 [Datanode State Machine Thread - 0] INFO  server.GrpcService (GrpcService.java:startImpl(149)) - 9c00c300-40f8-490d-beaf-1a01717c10f2: GrpcService started, listening on 0.0.0.0/0.0.0.0:43915
2019-09-19 16:46:46,230 [Datanode State Machine Thread - 0] INFO  ratis.XceiverServerRatis (XceiverServerRatis.java:start(414)) - XceiverServerRatis 9c00c300-40f8-490d-beaf-1a01717c10f2 is started using port 43915
2019-09-19 16:46:46,235 [Datanode State Machine Thread - 0] INFO  server.XceiverServerGrpc (XceiverServerGrpc.java:start(163)) - XceiverServerGrpc 9c00c300-40f8-490d-beaf-1a01717c10f2 is started using port 40520
2019-09-19 16:46:46,431 | INFO  | SCMAudit | user=jenkins1000 | ip=192.168.157.226 | op=GET_VERSION null | ret=SUCCESS |  
2019-09-19 16:46:46,444 [Datanode State Machine Thread - 0] INFO  ozoneimpl.OzoneContainer (OzoneContainer.java:start(186)) - Attempting to start container services.
2019-09-19 16:46:46,444 [Datanode State Machine Thread - 0] INFO  ozoneimpl.OzoneContainer (OzoneContainer.java:startContainerScrub(160)) - Background container scrubber has been disabled by hdds.containerscrub.enabled
2019-09-19 16:46:46,444 [Datanode State Machine Thread - 0] INFO  ratis.XceiverServerRatis (XceiverServerRatis.java:start(404)) - Starting XceiverServerRatis 52cf8ebe-89cc-44af-9917-209b2cc1a86f at port 0
2019-09-19 16:46:46,451 [Datanode State Machine Thread - 0] INFO  impl.RaftServerProxy (RaftServerProxy.java:lambda$start$3(299)) - 52cf8ebe-89cc-44af-9917-209b2cc1a86f: start RPC server
2019-09-19 16:46:46,452 [Datanode State Machine Thread - 0] INFO  server.GrpcService (GrpcService.java:startImpl(149)) - 52cf8ebe-89cc-44af-9917-209b2cc1a86f: GrpcService started, listening on 0.0.0.0/0.0.0.0:45097
2019-09-19 16:46:46,452 [Datanode State Machine Thread - 0] INFO  ratis.XceiverServerRatis (XceiverServerRatis.java:start(414)) - XceiverServerRatis 52cf8ebe-89cc-44af-9917-209b2cc1a86f is started using port 45097
2019-09-19 16:46:46,453 [Datanode State Machine Thread - 0] INFO  server.XceiverServerGrpc (XceiverServerGrpc.java:start(163)) - XceiverServerGrpc 52cf8ebe-89cc-44af-9917-209b2cc1a86f is started using port 35021
2019-09-19 16:46:46,727 [Thread-796] INFO  ozone.MiniOzoneClusterImpl (MiniOzoneClusterImpl.java:lambda$waitForClusterToBeReady$0(142)) - Waiting for cluster to be ready. Got 0 of 3 DN Heartbeats.
2019-09-19 16:46:46,729 | INFO  | SCMAudit | user=jenkins1000 | ip=192.168.157.226 | op=GET_VERSION null | ret=SUCCESS |  
2019-09-19 16:46:46,760 [Datanode State Machine Thread - 0] INFO  ozoneimpl.OzoneContainer (OzoneContainer.java:start(186)) - Attempting to start container services.
2019-09-19 16:46:46,760 [Datanode State Machine Thread - 0] INFO  ozoneimpl.OzoneContainer (OzoneContainer.java:startContainerScrub(160)) - Background container scrubber has been disabled by hdds.containerscrub.enabled
2019-09-19 16:46:46,760 [Datanode State Machine Thread - 0] INFO  ratis.XceiverServerRatis (XceiverServerRatis.java:start(404)) - Starting XceiverServerRatis 7d52edcb-3f9e-4ee4-a19c-9fe49afe3f0d at port 0
2019-09-19 16:46:46,768 [Datanode State Machine Thread - 0] INFO  impl.RaftServerProxy (RaftServerProxy.java:lambda$start$3(299)) - 7d52edcb-3f9e-4ee4-a19c-9fe49afe3f0d: start RPC server
2019-09-19 16:46:46,769 [Datanode State Machine Thread - 0] INFO  server.GrpcService (GrpcService.java:startImpl(149)) - 7d52edcb-3f9e-4ee4-a19c-9fe49afe3f0d: GrpcService started, listening on 0.0.0.0/0.0.0.0:35489
2019-09-19 16:46:46,769 [Datanode State Machine Thread - 0] INFO  ratis.XceiverServerRatis (XceiverServerRatis.java:start(414)) - XceiverServerRatis 7d52edcb-3f9e-4ee4-a19c-9fe49afe3f0d is started using port 35489
2019-09-19 16:46:46,769 [Datanode State Machine Thread - 0] INFO  server.XceiverServerGrpc (XceiverServerGrpc.java:start(163)) - XceiverServerGrpc 7d52edcb-3f9e-4ee4-a19c-9fe49afe3f0d is started using port 36235
2019-09-19 16:46:47,727 [Thread-796] INFO  ozone.MiniOzoneClusterImpl (MiniOzoneClusterImpl.java:lambda$waitForClusterToBeReady$0(142)) - Waiting for cluster to be ready. Got 0 of 3 DN Heartbeats.
2019-09-19 16:46:48,197 [IPC Server handler 2 on 41375] INFO  net.NetworkTopology (NetworkTopologyImpl.java:add(110)) - Added a new node: /default-rack/9c00c300-40f8-490d-beaf-1a01717c10f2
2019-09-19 16:46:48,199 [IPC Server handler 2 on 41375] INFO  node.SCMNodeManager (SCMNodeManager.java:register(273)) - Registered Data node : 9c00c300-40f8-490d-beaf-1a01717c10f2{ip: 192.168.157.226, host: pr-hdds-1569-swxfz-3172132826, networkLocation: /default-rack, certSerialId: null}
2019-09-19 16:46:48,200 [EventQueue-NodeRegistrationContainerReportForDataNodeSafeModeRule] INFO  safemode.SCMSafeModeManager (DataNodeSafeModeRule.java:process(71)) - SCM in safe mode. 1 DataNodes registered, 1 required.
2019-09-19 16:46:48,201 | INFO  | SCMAudit | user=jenkins1000 | ip=192.168.157.226 | op=REGISTER {datanodeDetails=9c00c300-40f8-490d-beaf-1a01717c10f2{ip: 192.168.157.226, host: pr-hdds-1569-swxfz-3172132826, networkLocation: /default-rack, certSerialId: null}} | ret=SUCCESS |  
2019-09-19 16:46:48,202 [EventQueue-NodeRegistrationContainerReportForDataNodeSafeModeRule] INFO  safemode.SCMSafeModeManager (SCMSafeModeManager.java:validateSafeModeExitRules(177)) - ScmSafeModeManager, all rules are successfully validated
2019-09-19 16:46:48,202 [EventQueue-NodeRegistrationContainerReportForDataNodeSafeModeRule] INFO  safemode.SCMSafeModeManager (SCMSafeModeManager.java:exitSafeMode(193)) - SCM exiting safe mode.
2019-09-19 16:46:48,219 [grpc-default-executor-0] INFO  impl.RaftServerProxy (RaftServerProxy.java:addNew(89)) - 9c00c300-40f8-490d-beaf-1a01717c10f2: addNew group-3B1AE2AC88E7:[9c00c300-40f8-490d-beaf-1a01717c10f2:192.168.157.226:43915] returns group-3B1AE2AC88E7:java.util.concurrent.CompletableFuture@1d71fbb7[Not completed]
2019-09-19 16:46:48,221 [pool-186-thread-1] INFO  impl.RaftServerImpl (RaftServerImpl.java:<init>(93)) - 9c00c300-40f8-490d-beaf-1a01717c10f2: new RaftServerImpl for group-3B1AE2AC88E7:[9c00c300-40f8-490d-beaf-1a01717c10f2:192.168.157.226:43915] with ContainerStateMachine:uninitialized
2019-09-19 16:46:48,221 [pool-186-thread-1] INFO  server.RaftServerConfigKeys (ConfUtils.java:logGet(43)) - raft.server.rpc.timeout.min = 5s (custom)
2019-09-19 16:46:48,221 [pool-186-thread-1] INFO  server.RaftServerConfigKeys (ConfUtils.java:logGet(43)) - raft.server.rpc.timeout.max = 5200ms (custom)
2019-09-19 16:46:48,222 [pool-186-thread-1] INFO  server.RaftServerConfigKeys (ConfUtils.java:logGet(43)) - raft.server.rpcslowness.timeout = 120s (custom)
2019-09-19 16:46:48,222 [pool-186-thread-1] INFO  server.RaftServerConfigKeys (ConfUtils.java:logGet(43)) - raft.server.sleep.deviation.threshold = 300 (default)
2019-09-19 16:46:48,222 [pool-186-thread-1] INFO  server.RaftServerConfigKeys (ConfUtils.java:logGet(43)) - raft.server.log.appender.install.snapshot.enabled = false (custom)
2019-09-19 16:46:48,222 [pool-186-thread-1] INFO  impl.RaftServerImpl (ServerState.java:<init>(105)) - 9c00c300-40f8-490d-beaf-1a01717c10f2:group-3B1AE2AC88E7 ConfigurationManager, init=-1: [9c00c300-40f8-490d-beaf-1a01717c10f2:192.168.157.226:43915], old=null, confs=<EMPTY_MAP>
2019-09-19 16:46:48,222 [pool-186-thread-1] INFO  server.RaftServerConfigKeys (ConfUtils.java:logGet(43)) - raft.server.storage.dir = [/workdir/hadoop-ozone/ozonefs/target/test-dir/MiniOzoneClusterImpl-421e31d2-c7a4-426c-8bcc-062c99b824ca/datanode-0/data/ratis] (custom)
2019-09-19 16:46:48,223 [pool-186-thread-1] INFO  storage.RaftStorageDirectory (RaftStorageDirectory.java:analyzeStorage(246)) - The storage directory /workdir/hadoop-ozone/ozonefs/target/test-dir/MiniOzoneClusterImpl-421e31d2-c7a4-426c-8bcc-062c99b824ca/datanode-0/data/ratis/7b285e4d-0f72-4dc3-803c-3b1ae2ac88e7 does not exist. Creating ...
2019-09-19 16:46:48,244 [pool-186-thread-1] INFO  storage.RaftStorageDirectory (RaftStorageDirectory.java:tryLock(328)) - Lock on /workdir/hadoop-ozone/ozonefs/target/test-dir/MiniOzoneClusterImpl-421e31d2-c7a4-426c-8bcc-062c99b824ca/datanode-0/data/ratis/7b285e4d-0f72-4dc3-803c-3b1ae2ac88e7/in_use.lock acquired by nodename 32682@pr-hdds-1569-swxfz-3172132826
2019-09-19 16:46:48,258 [pool-186-thread-1] INFO  storage.RaftStorage (RaftStorage.java:format(72)) - Storage directory /workdir/hadoop-ozone/ozonefs/target/test-dir/MiniOzoneClusterImpl-421e31d2-c7a4-426c-8bcc-062c99b824ca/datanode-0/data/ratis/7b285e4d-0f72-4dc3-803c-3b1ae2ac88e7 has been successfully formatted.
2019-09-19 16:46:48,258 [pool-186-thread-1] INFO  ratis.ContainerStateMachine (ContainerStateMachine.java:loadSnapshot(226)) - group-3B1AE2AC88E7: The snapshot info is null. Setting the last applied indexto:(t:0, i:~)
2019-09-19 16:46:48,258 [pool-186-thread-1] INFO  server.RaftServerConfigKeys (ConfUtils.java:logGet(43)) - raft.server.leader.election.timeout = 120s (custom)
2019-09-19 16:46:48,258 [pool-186-thread-1] INFO  server.RaftServerConfigKeys (ConfUtils.java:logGet(43)) - raft.server.log.use.memory = false (default)
2019-09-19 16:46:48,258 [pool-186-thread-1] INFO  server.RaftServerConfigKeys (ConfUtils.java:logGet(43)) - raft.server.log.purge.gap = 1000000 (custom)
2019-09-19 16:46:48,259 [pool-186-thread-1] INFO  server.RaftServerConfigKeys (ConfUtils.java:logGet(43)) - raft.server.log.appender.buffer.byte-limit = 33554432 (custom)
2019-09-19 16:46:48,259 [pool-186-thread-1] INFO  server.RaftServerConfigKeys (ConfUtils.java:logGet(43)) - raft.server.log.segment.size.max = 1048576 (custom)
2019-09-19 16:46:48,259 [pool-186-thread-1] INFO  server.RaftServerConfigKeys (ConfUtils.java:logGet(43)) - raft.server.log.segment.cache.num.max = 2 (custom)
2019-09-19 16:46:48,259 [pool-186-thread-1] INFO  segmented.SegmentedRaftLogWorker (SegmentedRaftLogWorker.java:<init>(172)) - new 9c00c300-40f8-490d-beaf-1a01717c10f2-SegmentedRaftLogWorker:Storage Directory /workdir/hadoop-ozone/ozonefs/target/test-dir/MiniOzoneClusterImpl-421e31d2-c7a4-426c-8bcc-062c99b824ca/datanode-0/data/ratis/7b285e4d-0f72-4dc3-803c-3b1ae2ac88e7 for RaftStorage:Storage Directory /workdir/hadoop-ozone/ozonefs/target/test-dir/MiniOzoneClusterImpl-421e31d2-c7a4-426c-8bcc-062c99b824ca/datanode-0/data/ratis/7b285e4d-0f72-4dc3-803c-3b1ae2ac88e7
2019-09-19 16:46:48,259 [pool-186-thread-1] INFO  server.RaftServerConfigKeys (ConfUtils.java:logGet(43)) - raft.server.log.queue.byte-limit = 2147483647 (custom)
2019-09-19 16:46:48,260 [pool-186-thread-1] INFO  server.RaftServerConfigKeys (ConfUtils.java:logGet(43)) - raft.server.log.queue.element-limit = 1024 (custom)
2019-09-19 16:46:48,260 [pool-186-thread-1] INFO  server.RaftServerConfigKeys (ConfUtils.java:logGet(43)) - raft.server.log.segment.size.max = 1048576 (custom)
2019-09-19 16:46:48,260 [pool-186-thread-1] INFO  server.RaftServerConfigKeys (ConfUtils.java:logGet(43)) - raft.server.log.preallocated.size = 16384 (custom)
2019-09-19 16:46:48,260 [pool-186-thread-1] INFO  server.RaftServerConfigKeys (ConfUtils.java:logGet(43)) - raft.server.log.write.buffer.size = 33554432 (custom)
2019-09-19 16:46:48,261 [pool-186-thread-1] INFO  server.RaftServerConfigKeys (ConfUtils.java:logGet(43)) - raft.server.log.force.sync.num = 128 (default)
2019-09-19 16:46:48,261 [pool-186-thread-1] INFO  server.RaftServerConfigKeys (ConfUtils.java:logGet(43)) - raft.server.log.statemachine.data.sync = true (default)
2019-09-19 16:46:48,261 [pool-186-thread-1] INFO  server.RaftServerConfigKeys (ConfUtils.java:logGet(43)) - raft.server.log.statemachine.data.sync.timeout = 10s (default)
2019-09-19 16:46:48,261 [pool-186-thread-1] INFO  server.RaftServerConfigKeys (ConfUtils.java:logGet(43)) - raft.server.log.statemachine.data.sync.timeout.retry = -1 (default)
2019-09-19 16:46:48,261 [pool-186-thread-1] INFO  server.RaftServerConfigKeys (ConfUtils.java:logGet(43)) - raft.server.log.statemachine.data.caching.enabled = true (custom)
2019-09-19 16:46:48,262 [pool-186-thread-1] INFO  segmented.SegmentedRaftLogWorker (SegmentedRaftLogWorker.java:lambda$new$0(132)) - 9c00c300-40f8-490d-beaf-1a01717c10f2-SegmentedRaftLogWorker:Storage Directory /workdir/hadoop-ozone/ozonefs/target/test-dir/MiniOzoneClusterImpl-421e31d2-c7a4-426c-8bcc-062c99b824ca/datanode-0/data/ratis/7b285e4d-0f72-4dc3-803c-3b1ae2ac88e7: flushIndex: setUnconditionally 0 -> -1
2019-09-19 16:46:48,262 [pool-186-thread-1] INFO  server.RaftServerConfigKeys (ConfUtils.java:logGet(43)) - raft.server.snapshot.auto.trigger.enabled = true (custom)
2019-09-19 16:46:48,262 [pool-186-thread-1] INFO  server.RaftServerConfigKeys (ConfUtils.java:logGet(43)) - raft.server.snapshot.auto.trigger.threshold = 10000 (custom)
2019-09-19 16:46:48,263 [pool-186-thread-1] INFO  server.RaftServerConfigKeys (ConfUtils.java:logGet(43)) - raft.server.retrycache.expirytime = 600000ms (custom)
2019-09-19 16:46:48,263 [pool-186-thread-1] INFO  impl.RaftServerImpl (RaftServerImpl.java:start(180)) - 9c00c300-40f8-490d-beaf-1a01717c10f2: start group-3B1AE2AC88E7
2019-09-19 16:46:48,263 [pool-186-thread-1] INFO  impl.RaftServerImpl (RaftServerImpl.java:setRole(171)) - 9c00c300-40f8-490d-beaf-1a01717c10f2:group-3B1AE2AC88E7 changes role from null to FOLLOWER at term 0 for startAsFollower
2019-09-19 16:46:48,263 [pool-186-thread-1] INFO  impl.RoleInfo (RoleInfo.java:updateAndGet(143)) - 9c00c300-40f8-490d-beaf-1a01717c10f2: start FollowerState
2019-09-19 16:46:48,264 [pool-186-thread-1] INFO  util.JmxRegister (JmxRegister.java:tryRegister(44)) - Successfully registered JMX Bean with object name Ratis:service=RaftServer,group=group-3B1AE2AC88E7,id=9c00c300-40f8-490d-beaf-1a01717c10f2
2019-09-19 16:46:48,268 [RatisPipelineUtilsThread] INFO  pipeline.PipelineStateManager (PipelineStateManager.java:addPipeline(56)) - Created pipeline Pipeline[ Id: 7b285e4d-0f72-4dc3-803c-3b1ae2ac88e7, Nodes: 9c00c300-40f8-490d-beaf-1a01717c10f2{ip: 192.168.157.226, host: pr-hdds-1569-swxfz-3172132826, networkLocation: /default-rack, certSerialId: null}, Type:RATIS, Factor:ONE, State:OPEN]
2019-09-19 16:46:48,274 [grpc-default-executor-0] INFO  impl.RaftServerProxy (RaftServerProxy.java:addNew(89)) - 9c00c300-40f8-490d-beaf-1a01717c10f2: addNew group-D968CF3C9939:[9c00c300-40f8-490d-beaf-1a01717c10f2:192.168.157.226:43915] returns group-D968CF3C9939:java.util.concurrent.CompletableFuture@2ca6603f[Not completed]
2019-09-19 16:46:48,276 [pool-186-thread-1] INFO  impl.RaftServerImpl (RaftServerImpl.java:<init>(93)) - 9c00c300-40f8-490d-beaf-1a01717c10f2: new RaftServerImpl for group-D968CF3C9939:[9c00c300-40f8-490d-beaf-1a01717c10f2:192.168.157.226:43915] with ContainerStateMachine:uninitialized
2019-09-19 16:46:48,276 [pool-186-thread-1] INFO  server.RaftServerConfigKeys (ConfUtils.java:logGet(43)) - raft.server.rpc.timeout.min = 5s (custom)
2019-09-19 16:46:48,276 [pool-186-thread-1] INFO  server.RaftServerConfigKeys (ConfUtils.java:logGet(43)) - raft.server.rpc.timeout.max = 5200ms (custom)
2019-09-19 16:46:48,276 [pool-186-thread-1] INFO  server.RaftServerConfigKeys (ConfUtils.java:logGet(43)) - raft.server.rpcslowness.timeout = 120s (custom)
2019-09-19 16:46:48,276 [pool-186-thread-1] INFO  server.RaftServerConfigKeys (ConfUtils.java:logGet(43)) - raft.server.sleep.deviation.threshold = 300 (default)
2019-09-19 16:46:48,276 [pool-186-thread-1] INFO  server.RaftServerConfigKeys (ConfUtils.java:logGet(43)) - raft.server.log.appender.install.snapshot.enabled = false (custom)
2019-09-19 16:46:48,277 [pool-186-thread-1] INFO  impl.RaftServerImpl (ServerState.java:<init>(105)) - 9c00c300-40f8-490d-beaf-1a01717c10f2:group-D968CF3C9939 ConfigurationManager, init=-1: [9c00c300-40f8-490d-beaf-1a01717c10f2:192.168.157.226:43915], old=null, confs=<EMPTY_MAP>
2019-09-19 16:46:48,277 [pool-186-thread-1] INFO  server.RaftServerConfigKeys (ConfUtils.java:logGet(43)) - raft.server.storage.dir = [/workdir/hadoop-ozone/ozonefs/target/test-dir/MiniOzoneClusterImpl-421e31d2-c7a4-426c-8bcc-062c99b824ca/datanode-0/data/ratis] (custom)
2019-09-19 16:46:48,277 [pool-186-thread-1] INFO  storage.RaftStorageDirectory (RaftStorageDirectory.java:analyzeStorage(246)) - The storage directory /workdir/hadoop-ozone/ozonefs/target/test-dir/MiniOzoneClusterImpl-421e31d2-c7a4-426c-8bcc-062c99b824ca/datanode-0/data/ratis/f5c802d4-54f2-4045-bdea-d968cf3c9939 does not exist. Creating ...
2019-09-19 16:46:48,290 [pool-186-thread-1] INFO  storage.RaftStorageDirectory (RaftStorageDirectory.java:tryLock(328)) - Lock on /workdir/hadoop-ozone/ozonefs/target/test-dir/MiniOzoneClusterImpl-421e31d2-c7a4-426c-8bcc-062c99b824ca/datanode-0/data/ratis/f5c802d4-54f2-4045-bdea-d968cf3c9939/in_use.lock acquired by nodename 32682@pr-hdds-1569-swxfz-3172132826
2019-09-19 16:46:48,303 [pool-186-thread-1] INFO  storage.RaftStorage (RaftStorage.java:format(72)) - Storage directory /workdir/hadoop-ozone/ozonefs/target/test-dir/MiniOzoneClusterImpl-421e31d2-c7a4-426c-8bcc-062c99b824ca/datanode-0/data/ratis/f5c802d4-54f2-4045-bdea-d968cf3c9939 has been successfully formatted.
2019-09-19 16:46:48,303 [pool-186-thread-1] INFO  ratis.ContainerStateMachine (ContainerStateMachine.java:loadSnapshot(226)) - group-D968CF3C9939: The snapshot info is null. Setting the last applied indexto:(t:0, i:~)
2019-09-19 16:46:48,303 [pool-186-thread-1] INFO  server.RaftServerConfigKeys (ConfUtils.java:logGet(43)) - raft.server.leader.election.timeout = 120s (custom)
2019-09-19 16:46:48,303 [pool-186-thread-1] INFO  server.RaftServerConfigKeys (ConfUtils.java:logGet(43)) - raft.server.log.use.memory = false (default)
2019-09-19 16:46:48,303 [pool-186-thread-1] INFO  server.RaftServerConfigKeys (ConfUtils.java:logGet(43)) - raft.server.log.purge.gap = 1000000 (custom)
2019-09-19 16:46:48,303 [pool-186-thread-1] INFO  server.RaftServerConfigKeys (ConfUtils.java:logGet(43)) - raft.server.log.appender.buffer.byte-limit = 33554432 (custom)
2019-09-19 16:46:48,304 [pool-186-thread-1] INFO  server.RaftServerConfigKeys (ConfUtils.java:logGet(43)) - raft.server.log.segment.size.max = 1048576 (custom)
2019-09-19 16:46:48,304 [pool-186-thread-1] INFO  server.RaftServerConfigKeys (ConfUtils.java:logGet(43)) - raft.server.log.segment.cache.num.max = 2 (custom)
2019-09-19 16:46:48,304 [pool-186-thread-1] INFO  segmented.SegmentedRaftLogWorker (SegmentedRaftLogWorker.java:<init>(172)) - new 9c00c300-40f8-490d-beaf-1a01717c10f2-SegmentedRaftLogWorker:Storage Directory /workdir/hadoop-ozone/ozonefs/target/test-dir/MiniOzoneClusterImpl-421e31d2-c7a4-426c-8bcc-062c99b824ca/datanode-0/data/ratis/f5c802d4-54f2-4045-bdea-d968cf3c9939 for RaftStorage:Storage Directory /workdir/hadoop-ozone/ozonefs/target/test-dir/MiniOzoneClusterImpl-421e31d2-c7a4-426c-8bcc-062c99b824ca/datanode-0/data/ratis/f5c802d4-54f2-4045-bdea-d968cf3c9939
2019-09-19 16:46:48,304 [pool-186-thread-1] INFO  server.RaftServerConfigKeys (ConfUtils.java:logGet(43)) - raft.server.log.queue.byte-limit = 2147483647 (custom)
2019-09-19 16:46:48,304 [pool-186-thread-1] INFO  server.RaftServerConfigKeys (ConfUtils.java:logGet(43)) - raft.server.log.queue.element-limit = 1024 (custom)
2019-09-19 16:46:48,304 [pool-186-thread-1] INFO  server.RaftServerConfigKeys (ConfUtils.java:logGet(43)) - raft.server.log.segment.size.max = 1048576 (custom)
2019-09-19 16:46:48,304 [pool-186-thread-1] INFO  server.RaftServerConfigKeys (ConfUtils.java:logGet(43)) - raft.server.log.preallocated.size = 16384 (custom)
2019-09-19 16:46:48,305 [pool-186-thread-1] INFO  server.RaftServerConfigKeys (ConfUtils.java:logGet(43)) - raft.server.log.write.buffer.size = 33554432 (custom)
2019-09-19 16:46:48,305 [pool-186-thread-1] INFO  server.RaftServerConfigKeys (ConfUtils.java:logGet(43)) - raft.server.log.force.sync.num = 128 (default)
2019-09-19 16:46:48,305 [pool-186-thread-1] INFO  server.RaftServerConfigKeys (ConfUtils.java:logGet(43)) - raft.server.log.statemachine.data.sync = true (default)
2019-09-19 16:46:48,305 [pool-186-thread-1] INFO  server.RaftServerConfigKeys (ConfUtils.java:logGet(43)) - raft.server.log.statemachine.data.sync.timeout = 10s (default)
2019-09-19 16:46:48,305 [pool-186-thread-1] INFO  server.RaftServerConfigKeys (ConfUtils.java:logGet(43)) - raft.server.log.statemachine.data.sync.timeout.retry = -1 (default)
2019-09-19 16:46:48,305 [pool-186-thread-1] INFO  server.RaftServerConfigKeys (ConfUtils.java:logGet(43)) - raft.server.log.statemachine.data.caching.enabled = true (custom)
2019-09-19 16:46:48,306 [pool-186-thread-1] INFO  segmented.SegmentedRaftLogWorker (SegmentedRaftLogWorker.java:lambda$new$0(132)) - 9c00c300-40f8-490d-beaf-1a01717c10f2-SegmentedRaftLogWorker:Storage Directory /workdir/hadoop-ozone/ozonefs/target/test-dir/MiniOzoneClusterImpl-421e31d2-c7a4-426c-8bcc-062c99b824ca/datanode-0/data/ratis/f5c802d4-54f2-4045-bdea-d968cf3c9939: flushIndex: setUnconditionally 0 -> -1
2019-09-19 16:46:48,306 [pool-186-thread-1] INFO  server.RaftServerConfigKeys (ConfUtils.java:logGet(43)) - raft.server.snapshot.auto.trigger.enabled = true (custom)
2019-09-19 16:46:48,306 [pool-186-thread-1] INFO  server.RaftServerConfigKeys (ConfUtils.java:logGet(43)) - raft.server.snapshot.auto.trigger.threshold = 10000 (custom)
2019-09-19 16:46:48,306 [pool-186-thread-1] INFO  server.RaftServerConfigKeys (ConfUtils.java:logGet(43)) - raft.server.retrycache.expirytime = 600000ms (custom)
2019-09-19 16:46:48,306 [pool-186-thread-1] INFO  impl.RaftServerImpl (RaftServerImpl.java:start(180)) - 9c00c300-40f8-490d-beaf-1a01717c10f2: start group-D968CF3C9939
2019-09-19 16:46:48,306 [pool-186-thread-1] INFO  impl.RaftServerImpl (RaftServerImpl.java:setRole(171)) - 9c00c300-40f8-490d-beaf-1a01717c10f2:group-D968CF3C9939 changes role from null to FOLLOWER at term 0 for startAsFollower
2019-09-19 16:46:48,307 [pool-186-thread-1] INFO  impl.RoleInfo (RoleInfo.java:updateAndGet(143)) - 9c00c300-40f8-490d-beaf-1a01717c10f2: start FollowerState
2019-09-19 16:46:48,307 [pool-186-thread-1] INFO  util.JmxRegister (JmxRegister.java:tryRegister(44)) - Successfully registered JMX Bean with object name Ratis:service=RaftServer,group=group-D968CF3C9939,id=9c00c300-40f8-490d-beaf-1a01717c10f2
2019-09-19 16:46:48,311 [RatisPipelineUtilsThread] INFO  pipeline.PipelineStateManager (PipelineStateManager.java:addPipeline(56)) - Created pipeline Pipeline[ Id: f5c802d4-54f2-4045-bdea-d968cf3c9939, Nodes: 9c00c300-40f8-490d-beaf-1a01717c10f2{ip: 192.168.157.226, host: pr-hdds-1569-swxfz-3172132826, networkLocation: /default-rack, certSerialId: null}, Type:RATIS, Factor:ONE, State:OPEN]
2019-09-19 16:46:48,317 [grpc-default-executor-0] INFO  impl.RaftServerProxy (RaftServerProxy.java:addNew(89)) - 9c00c300-40f8-490d-beaf-1a01717c10f2: addNew group-5C0F9F7F0FDF:[9c00c300-40f8-490d-beaf-1a01717c10f2:192.168.157.226:43915] returns group-5C0F9F7F0FDF:java.util.concurrent.CompletableFuture@7d5e04f8[Not completed]
2019-09-19 16:46:48,318 [pool-186-thread-1] INFO  impl.RaftServerImpl (RaftServerImpl.java:<init>(93)) - 9c00c300-40f8-490d-beaf-1a01717c10f2: new RaftServerImpl for group-5C0F9F7F0FDF:[9c00c300-40f8-490d-beaf-1a01717c10f2:192.168.157.226:43915] with ContainerStateMachine:uninitialized
2019-09-19 16:46:48,318 [pool-186-thread-1] INFO  server.RaftServerConfigKeys (ConfUtils.java:logGet(43)) - raft.server.rpc.timeout.min = 5s (custom)
2019-09-19 16:46:48,318 [pool-186-thread-1] INFO  server.RaftServerConfigKeys (ConfUtils.java:logGet(43)) - raft.server.rpc.timeout.max = 5200ms (custom)
2019-09-19 16:46:48,318 [pool-186-thread-1] INFO  server.RaftServerConfigKeys (ConfUtils.java:logGet(43)) - raft.server.rpcslowness.timeout = 120s (custom)
2019-09-19 16:46:48,319 [pool-186-thread-1] INFO  server.RaftServerConfigKeys (ConfUtils.java:logGet(43)) - raft.server.sleep.deviation.threshold = 300 (default)
2019-09-19 16:46:48,319 [pool-186-thread-1] INFO  server.RaftServerConfigKeys (ConfUtils.java:logGet(43)) - raft.server.log.appender.install.snapshot.enabled = false (custom)
2019-09-19 16:46:48,319 [pool-186-thread-1] INFO  impl.RaftServerImpl (ServerState.java:<init>(105)) - 9c00c300-40f8-490d-beaf-1a01717c10f2:group-5C0F9F7F0FDF ConfigurationManager, init=-1: [9c00c300-40f8-490d-beaf-1a01717c10f2:192.168.157.226:43915], old=null, confs=<EMPTY_MAP>
2019-09-19 16:46:48,319 [pool-186-thread-1] INFO  server.RaftServerConfigKeys (ConfUtils.java:logGet(43)) - raft.server.storage.dir = [/workdir/hadoop-ozone/ozonefs/target/test-dir/MiniOzoneClusterImpl-421e31d2-c7a4-426c-8bcc-062c99b824ca/datanode-0/data/ratis] (custom)
2019-09-19 16:46:48,319 [pool-186-thread-1] INFO  storage.RaftStorageDirectory (RaftStorageDirectory.java:analyzeStorage(246)) - The storage directory /workdir/hadoop-ozone/ozonefs/target/test-dir/MiniOzoneClusterImpl-421e31d2-c7a4-426c-8bcc-062c99b824ca/datanode-0/data/ratis/341f0dd6-200e-4642-9de6-5c0f9f7f0fdf does not exist. Creating ...
2019-09-19 16:46:48,332 [pool-186-thread-1] INFO  storage.RaftStorageDirectory (RaftStorageDirectory.java:tryLock(328)) - Lock on /workdir/hadoop-ozone/ozonefs/target/test-dir/MiniOzoneClusterImpl-421e31d2-c7a4-426c-8bcc-062c99b824ca/datanode-0/data/ratis/341f0dd6-200e-4642-9de6-5c0f9f7f0fdf/in_use.lock acquired by nodename 32682@pr-hdds-1569-swxfz-3172132826
2019-09-19 16:46:48,344 [pool-186-thread-1] INFO  storage.RaftStorage (RaftStorage.java:format(72)) - Storage directory /workdir/hadoop-ozone/ozonefs/target/test-dir/MiniOzoneClusterImpl-421e31d2-c7a4-426c-8bcc-062c99b824ca/datanode-0/data/ratis/341f0dd6-200e-4642-9de6-5c0f9f7f0fdf has been successfully formatted.
2019-09-19 16:46:48,344 [pool-186-thread-1] INFO  ratis.ContainerStateMachine (ContainerStateMachine.java:loadSnapshot(226)) - group-5C0F9F7F0FDF: The snapshot info is null. Setting the last applied indexto:(t:0, i:~)
2019-09-19 16:46:48,344 [pool-186-thread-1] INFO  server.RaftServerConfigKeys (ConfUtils.java:logGet(43)) - raft.server.leader.election.timeout = 120s (custom)
2019-09-19 16:46:48,345 [pool-186-thread-1] INFO  server.RaftServerConfigKeys (ConfUtils.java:logGet(43)) - raft.server.log.use.memory = false (default)
2019-09-19 16:46:48,345 [pool-186-thread-1] INFO  server.RaftServerConfigKeys (ConfUtils.java:logGet(43)) - raft.server.log.purge.gap = 1000000 (custom)
2019-09-19 16:46:48,345 [pool-186-thread-1] INFO  server.RaftServerConfigKeys (ConfUtils.java:logGet(43)) - raft.server.log.appender.buffer.byte-limit = 33554432 (custom)
2019-09-19 16:46:48,345 [pool-186-thread-1] INFO  server.RaftServerConfigKeys (ConfUtils.java:logGet(43)) - raft.server.log.segment.size.max = 1048576 (custom)
2019-09-19 16:46:48,345 [pool-186-thread-1] INFO  server.RaftServerConfigKeys (ConfUtils.java:logGet(43)) - raft.server.log.segment.cache.num.max = 2 (custom)
2019-09-19 16:46:48,345 [pool-186-thread-1] INFO  segmented.SegmentedRaftLogWorker (SegmentedRaftLogWorker.java:<init>(172)) - new 9c00c300-40f8-490d-beaf-1a01717c10f2-SegmentedRaftLogWorker:Storage Directory /workdir/hadoop-ozone/ozonefs/target/test-dir/MiniOzoneClusterImpl-421e31d2-c7a4-426c-8bcc-062c99b824ca/datanode-0/data/ratis/341f0dd6-200e-4642-9de6-5c0f9f7f0fdf for RaftStorage:Storage Directory /workdir/hadoop-ozone/ozonefs/target/test-dir/MiniOzoneClusterImpl-421e31d2-c7a4-426c-8bcc-062c99b824ca/datanode-0/data/ratis/341f0dd6-200e-4642-9de6-5c0f9f7f0fdf
2019-09-19 16:46:48,345 [pool-186-thread-1] INFO  server.RaftServerConfigKeys (ConfUtils.java:logGet(43)) - raft.server.log.queue.byte-limit = 2147483647 (custom)
2019-09-19 16:46:48,345 [pool-186-thread-1] INFO  server.RaftServerConfigKeys (ConfUtils.java:logGet(43)) - raft.server.log.queue.element-limit = 1024 (custom)
2019-09-19 16:46:48,346 [pool-186-thread-1] INFO  server.RaftServerConfigKeys (ConfUtils.java:logGet(43)) - raft.server.log.segment.size.max = 1048576 (custom)
2019-09-19 16:46:48,346 [pool-186-thread-1] INFO  server.RaftServerConfigKeys (ConfUtils.java:logGet(43)) - raft.server.log.preallocated.size = 16384 (custom)
2019-09-19 16:46:48,346 [pool-186-thread-1] INFO  server.RaftServerConfigKeys (ConfUtils.java:logGet(43)) - raft.server.log.write.buffer.size = 33554432 (custom)
2019-09-19 16:46:48,346 [pool-186-thread-1] INFO  server.RaftServerConfigKeys (ConfUtils.java:logGet(43)) - raft.server.log.force.sync.num = 128 (default)
2019-09-19 16:46:48,346 [pool-186-thread-1] INFO  server.RaftServerConfigKeys (ConfUtils.java:logGet(43)) - raft.server.log.statemachine.data.sync = true (default)
2019-09-19 16:46:48,346 [pool-186-thread-1] INFO  server.RaftServerConfigKeys (ConfUtils.java:logGet(43)) - raft.server.log.statemachine.data.sync.timeout = 10s (default)
2019-09-19 16:46:48,346 [pool-186-thread-1] INFO  server.RaftServerConfigKeys (ConfUtils.java:logGet(43)) - raft.server.log.statemachine.data.sync.timeout.retry = -1 (default)
2019-09-19 16:46:48,346 [pool-186-thread-1] INFO  server.RaftServerConfigKeys (ConfUtils.java:logGet(43)) - raft.server.log.statemachine.data.caching.enabled = true (custom)
2019-09-19 16:46:48,347 [pool-186-thread-1] INFO  segmented.SegmentedRaftLogWorker (SegmentedRaftLogWorker.java:lambda$new$0(132)) - 9c00c300-40f8-490d-beaf-1a01717c10f2-SegmentedRaftLogWorker:Storage Directory /workdir/hadoop-ozone/ozonefs/target/test-dir/MiniOzoneClusterImpl-421e31d2-c7a4-426c-8bcc-062c99b824ca/datanode-0/data/ratis/341f0dd6-200e-4642-9de6-5c0f9f7f0fdf: flushIndex: setUnconditionally 0 -> -1
2019-09-19 16:46:48,347 [pool-186-thread-1] INFO  server.RaftServerConfigKeys (ConfUtils.java:logGet(43)) - raft.server.snapshot.auto.trigger.enabled = true (custom)
2019-09-19 16:46:48,347 [pool-186-thread-1] INFO  server.RaftServerConfigKeys (ConfUtils.java:logGet(43)) - raft.server.snapshot.auto.trigger.threshold = 10000 (custom)
2019-09-19 16:46:48,347 [pool-186-thread-1] INFO  server.RaftServerConfigKeys (ConfUtils.java:logGet(43)) - raft.server.retrycache.expirytime = 600000ms (custom)
2019-09-19 16:46:48,347 [pool-186-thread-1] INFO  impl.RaftServerImpl (RaftServerImpl.java:start(180)) - 9c00c300-40f8-490d-beaf-1a01717c10f2: start group-5C0F9F7F0FDF
2019-09-19 16:46:48,348 [pool-186-thread-1] INFO  impl.RaftServerImpl (RaftServerImpl.java:setRole(171)) - 9c00c300-40f8-490d-beaf-1a01717c10f2:group-5C0F9F7F0FDF changes role from null to FOLLOWER at term 0 for startAsFollower
2019-09-19 16:46:48,348 [pool-186-thread-1] INFO  impl.RoleInfo (RoleInfo.java:updateAndGet(143)) - 9c00c300-40f8-490d-beaf-1a01717c10f2: start FollowerState
2019-09-19 16:46:48,348 [pool-186-thread-1] INFO  util.JmxRegister (JmxRegister.java:tryRegister(44)) - Successfully registered JMX Bean with object name Ratis:service=RaftServer,group=group-5C0F9F7F0FDF,id=9c00c300-40f8-490d-beaf-1a01717c10f2
2019-09-19 16:46:48,352 [RatisPipelineUtilsThread] INFO  pipeline.PipelineStateManager (PipelineStateManager.java:addPipeline(56)) - Created pipeline Pipeline[ Id: 341f0dd6-200e-4642-9de6-5c0f9f7f0fdf, Nodes: 9c00c300-40f8-490d-beaf-1a01717c10f2{ip: 192.168.157.226, host: pr-hdds-1569-swxfz-3172132826, networkLocation: /default-rack, certSerialId: null}, Type:RATIS, Factor:ONE, State:OPEN]
2019-09-19 16:46:48,358 [grpc-default-executor-0] INFO  impl.RaftServerProxy (RaftServerProxy.java:addNew(89)) - 9c00c300-40f8-490d-beaf-1a01717c10f2: addNew group-EA855D3A9D2A:[9c00c300-40f8-490d-beaf-1a01717c10f2:192.168.157.226:43915] returns group-EA855D3A9D2A:java.util.concurrent.CompletableFuture@1c5b1cba[Not completed]
2019-09-19 16:46:48,359 [pool-186-thread-1] INFO  impl.RaftServerImpl (RaftServerImpl.java:<init>(93)) - 9c00c300-40f8-490d-beaf-1a01717c10f2: new RaftServerImpl for group-EA855D3A9D2A:[9c00c300-40f8-490d-beaf-1a01717c10f2:192.168.157.226:43915] with ContainerStateMachine:uninitialized
2019-09-19 16:46:48,359 [pool-186-thread-1] INFO  server.RaftServerConfigKeys (ConfUtils.java:logGet(43)) - raft.server.rpc.timeout.min = 5s (custom)
2019-09-19 16:46:48,359 [pool-186-thread-1] INFO  server.RaftServerConfigKeys (ConfUtils.java:logGet(43)) - raft.server.rpc.timeout.max = 5200ms (custom)
2019-09-19 16:46:48,359 [pool-186-thread-1] INFO  server.RaftServerConfigKeys (ConfUtils.java:logGet(43)) - raft.server.rpcslowness.timeout = 120s (custom)
2019-09-19 16:46:48,359 [pool-186-thread-1] INFO  server.RaftServerConfigKeys (ConfUtils.java:logGet(43)) - raft.server.sleep.deviation.threshold = 300 (default)
2019-09-19 16:46:48,360 [pool-186-thread-1] INFO  server.RaftServerConfigKeys (ConfUtils.java:logGet(43)) - raft.server.log.appender.install.snapshot.enabled = false (custom)
2019-09-19 16:46:48,360 [pool-186-thread-1] INFO  impl.RaftServerImpl (ServerState.java:<init>(105)) - 9c00c300-40f8-490d-beaf-1a01717c10f2:group-EA855D3A9D2A ConfigurationManager, init=-1: [9c00c300-40f8-490d-beaf-1a01717c10f2:192.168.157.226:43915], old=null, confs=<EMPTY_MAP>
2019-09-19 16:46:48,360 [pool-186-thread-1] INFO  server.RaftServerConfigKeys (ConfUtils.java:logGet(43)) - raft.server.storage.dir = [/workdir/hadoop-ozone/ozonefs/target/test-dir/MiniOzoneClusterImpl-421e31d2-c7a4-426c-8bcc-062c99b824ca/datanode-0/data/ratis] (custom)
2019-09-19 16:46:48,360 [pool-186-thread-1] INFO  storage.RaftStorageDirectory (RaftStorageDirectory.java:analyzeStorage(246)) - The storage directory /workdir/hadoop-ozone/ozonefs/target/test-dir/MiniOzoneClusterImpl-421e31d2-c7a4-426c-8bcc-062c99b824ca/datanode-0/data/ratis/9a0dd510-2125-4294-b289-ea855d3a9d2a does not exist. Creating ...
2019-09-19 16:46:48,374 [pool-186-thread-1] INFO  storage.RaftStorageDirectory (RaftStorageDirectory.java:tryLock(328)) - Lock on /workdir/hadoop-ozone/ozonefs/target/test-dir/MiniOzoneClusterImpl-421e31d2-c7a4-426c-8bcc-062c99b824ca/datanode-0/data/ratis/9a0dd510-2125-4294-b289-ea855d3a9d2a/in_use.lock acquired by nodename 32682@pr-hdds-1569-swxfz-3172132826
2019-09-19 16:46:48,387 [pool-186-thread-1] INFO  storage.RaftStorage (RaftStorage.java:format(72)) - Storage directory /workdir/hadoop-ozone/ozonefs/target/test-dir/MiniOzoneClusterImpl-421e31d2-c7a4-426c-8bcc-062c99b824ca/datanode-0/data/ratis/9a0dd510-2125-4294-b289-ea855d3a9d2a has been successfully formatted.
2019-09-19 16:46:48,387 [pool-186-thread-1] INFO  ratis.ContainerStateMachine (ContainerStateMachine.java:loadSnapshot(226)) - group-EA855D3A9D2A: The snapshot info is null. Setting the last applied indexto:(t:0, i:~)
2019-09-19 16:46:48,387 [pool-186-thread-1] INFO  server.RaftServerConfigKeys (ConfUtils.java:logGet(43)) - raft.server.leader.election.timeout = 120s (custom)
2019-09-19 16:46:48,387 [pool-186-thread-1] INFO  server.RaftServerConfigKeys (ConfUtils.java:logGet(43)) - raft.server.log.use.memory = false (default)
2019-09-19 16:46:48,387 [pool-186-thread-1] INFO  server.RaftServerConfigKeys (ConfUtils.java:logGet(43)) - raft.server.log.purge.gap = 1000000 (custom)
2019-09-19 16:46:48,388 [pool-186-thread-1] INFO  server.RaftServerConfigKeys (ConfUtils.java:logGet(43)) - raft.server.log.appender.buffer.byte-limit = 33554432 (custom)
2019-09-19 16:46:48,388 [pool-186-thread-1] INFO  server.RaftServerConfigKeys (ConfUtils.java:logGet(43)) - raft.server.log.segment.size.max = 1048576 (custom)
2019-09-19 16:46:48,388 [pool-186-thread-1] INFO  server.RaftServerConfigKeys (ConfUtils.java:logGet(43)) - raft.server.log.segment.cache.num.max = 2 (custom)
2019-09-19 16:46:48,388 [pool-186-thread-1] INFO  segmented.SegmentedRaftLogWorker (SegmentedRaftLogWorker.java:<init>(172)) - new 9c00c300-40f8-490d-beaf-1a01717c10f2-SegmentedRaftLogWorker:Storage Directory /workdir/hadoop-ozone/ozonefs/target/test-dir/MiniOzoneClusterImpl-421e31d2-c7a4-426c-8bcc-062c99b824ca/datanode-0/data/ratis/9a0dd510-2125-4294-b289-ea855d3a9d2a for RaftStorage:Storage Directory /workdir/hadoop-ozone/ozonefs/target/test-dir/MiniOzoneClusterImpl-421e31d2-c7a4-426c-8bcc-062c99b824ca/datanode-0/data/ratis/9a0dd510-2125-4294-b289-ea855d3a9d2a
2019-09-19 16:46:48,388 [pool-186-thread-1] INFO  server.RaftServerConfigKeys (ConfUtils.java:logGet(43)) - raft.server.log.queue.byte-limit = 2147483647 (custom)
2019-09-19 16:46:48,388 [pool-186-thread-1] INFO  server.RaftServerConfigKeys (ConfUtils.java:logGet(43)) - raft.server.log.queue.element-limit = 1024 (custom)
2019-09-19 16:46:48,389 [pool-186-thread-1] INFO  server.RaftServerConfigKeys (ConfUtils.java:logGet(43)) - raft.server.log.segment.size.max = 1048576 (custom)
2019-09-19 16:46:48,389 [pool-186-thread-1] INFO  server.RaftServerConfigKeys (ConfUtils.java:logGet(43)) - raft.server.log.preallocated.size = 16384 (custom)
2019-09-19 16:46:48,389 [pool-186-thread-1] INFO  server.RaftServerConfigKeys (ConfUtils.java:logGet(43)) - raft.server.log.write.buffer.size = 33554432 (custom)
2019-09-19 16:46:48,389 [pool-186-thread-1] INFO  server.RaftServerConfigKeys (ConfUtils.java:logGet(43)) - raft.server.log.force.sync.num = 128 (default)
2019-09-19 16:46:48,389 [pool-186-thread-1] INFO  server.RaftServerConfigKeys (ConfUtils.java:logGet(43)) - raft.server.log.statemachine.data.sync = true (default)
2019-09-19 16:46:48,389 [pool-186-thread-1] INFO  server.RaftServerConfigKeys (ConfUtils.java:logGet(43)) - raft.server.log.statemachine.data.sync.timeout = 10s (default)
2019-09-19 16:46:48,389 [pool-186-thread-1] INFO  server.RaftServerConfigKeys (ConfUtils.java:logGet(43)) - raft.server.log.statemachine.data.sync.timeout.retry = -1 (default)
2019-09-19 16:46:48,390 [pool-186-thread-1] INFO  server.RaftServerConfigKeys (ConfUtils.java:logGet(43)) - raft.server.log.statemachine.data.caching.enabled = true (custom)
2019-09-19 16:46:48,390 [pool-186-thread-1] INFO  segmented.SegmentedRaftLogWorker (SegmentedRaftLogWorker.java:lambda$new$0(132)) - 9c00c300-40f8-490d-beaf-1a01717c10f2-SegmentedRaftLogWorker:Storage Directory /workdir/hadoop-ozone/ozonefs/target/test-dir/MiniOzoneClusterImpl-421e31d2-c7a4-426c-8bcc-062c99b824ca/datanode-0/data/ratis/9a0dd510-2125-4294-b289-ea855d3a9d2a: flushIndex: setUnconditionally 0 -> -1
2019-09-19 16:46:48,390 [pool-186-thread-1] INFO  server.RaftServerConfigKeys (ConfUtils.java:logGet(43)) - raft.server.snapshot.auto.trigger.enabled = true (custom)
2019-09-19 16:46:48,390 [pool-186-thread-1] INFO  server.RaftServerConfigKeys (ConfUtils.java:logGet(43)) - raft.server.snapshot.auto.trigger.threshold = 10000 (custom)
2019-09-19 16:46:48,391 [pool-186-thread-1] INFO  server.RaftServerConfigKeys (ConfUtils.java:logGet(43)) - raft.server.retrycache.expirytime = 600000ms (custom)
2019-09-19 16:46:48,391 [pool-186-thread-1] INFO  impl.RaftServerImpl (RaftServerImpl.java:start(180)) - 9c00c300-40f8-490d-beaf-1a01717c10f2: start group-EA855D3A9D2A
2019-09-19 16:46:48,391 [pool-186-thread-1] INFO  impl.RaftServerImpl (RaftServerImpl.java:setRole(171)) - 9c00c300-40f8-490d-beaf-1a01717c10f2:group-EA855D3A9D2A changes role from null to FOLLOWER at term 0 for startAsFollower
2019-09-19 16:46:48,391 [pool-186-thread-1] INFO  impl.RoleInfo (RoleInfo.java:updateAndGet(143)) - 9c00c300-40f8-490d-beaf-1a01717c10f2: start FollowerState
2019-09-19 16:46:48,391 [pool-186-thread-1] INFO  util.JmxRegister (JmxRegister.java:tryRegister(44)) - Successfully registered JMX Bean with object name Ratis:service=RaftServer,group=group-EA855D3A9D2A,id=9c00c300-40f8-490d-beaf-1a01717c10f2
2019-09-19 16:46:48,395 [RatisPipelineUtilsThread] INFO  pipeline.PipelineStateManager (PipelineStateManager.java:addPipeline(56)) - Created pipeline Pipeline[ Id: 9a0dd510-2125-4294-b289-ea855d3a9d2a, Nodes: 9c00c300-40f8-490d-beaf-1a01717c10f2{ip: 192.168.157.226, host: pr-hdds-1569-swxfz-3172132826, networkLocation: /default-rack, certSerialId: null}, Type:RATIS, Factor:ONE, State:OPEN]
2019-09-19 16:46:48,400 [grpc-default-executor-0] INFO  impl.RaftServerProxy (RaftServerProxy.java:addNew(89)) - 9c00c300-40f8-490d-beaf-1a01717c10f2: addNew group-0D747789B511:[9c00c300-40f8-490d-beaf-1a01717c10f2:192.168.157.226:43915] returns group-0D747789B511:java.util.concurrent.CompletableFuture@79101d07[Not completed]
2019-09-19 16:46:48,402 [pool-186-thread-1] INFO  impl.RaftServerImpl (RaftServerImpl.java:<init>(93)) - 9c00c300-40f8-490d-beaf-1a01717c10f2: new RaftServerImpl for group-0D747789B511:[9c00c300-40f8-490d-beaf-1a01717c10f2:192.168.157.226:43915] with ContainerStateMachine:uninitialized
2019-09-19 16:46:48,402 [pool-186-thread-1] INFO  server.RaftServerConfigKeys (ConfUtils.java:logGet(43)) - raft.server.rpc.timeout.min = 5s (custom)
2019-09-19 16:46:48,402 [pool-186-thread-1] INFO  server.RaftServerConfigKeys (ConfUtils.java:logGet(43)) - raft.server.rpc.timeout.max = 5200ms (custom)
2019-09-19 16:46:48,402 [pool-186-thread-1] INFO  server.RaftServerConfigKeys (ConfUtils.java:logGet(43)) - raft.server.rpcslowness.timeout = 120s (custom)
2019-09-19 16:46:48,402 [pool-186-thread-1] INFO  server.RaftServerConfigKeys (ConfUtils.java:logGet(43)) - raft.server.sleep.deviation.threshold = 300 (default)
2019-09-19 16:46:48,402 [pool-186-thread-1] INFO  server.RaftServerConfigKeys (ConfUtils.java:logGet(43)) - raft.server.log.appender.install.snapshot.enabled = false (custom)
2019-09-19 16:46:48,403 [pool-186-thread-1] INFO  impl.RaftServerImpl (ServerState.java:<init>(105)) - 9c00c300-40f8-490d-beaf-1a01717c10f2:group-0D747789B511 ConfigurationManager, init=-1: [9c00c300-40f8-490d-beaf-1a01717c10f2:192.168.157.226:43915], old=null, confs=<EMPTY_MAP>
2019-09-19 16:46:48,403 [pool-186-thread-1] INFO  server.RaftServerConfigKeys (ConfUtils.java:logGet(43)) - raft.server.storage.dir = [/workdir/hadoop-ozone/ozonefs/target/test-dir/MiniOzoneClusterImpl-421e31d2-c7a4-426c-8bcc-062c99b824ca/datanode-0/data/ratis] (custom)
2019-09-19 16:46:48,403 [pool-186-thread-1] INFO  storage.RaftStorageDirectory (RaftStorageDirectory.java:analyzeStorage(246)) - The storage directory /workdir/hadoop-ozone/ozonefs/target/test-dir/MiniOzoneClusterImpl-421e31d2-c7a4-426c-8bcc-062c99b824ca/datanode-0/data/ratis/bf71d322-e7e3-4210-bf65-0d747789b511 does not exist. Creating ...
2019-09-19 16:46:48,415 [pool-186-thread-1] INFO  storage.RaftStorageDirectory (RaftStorageDirectory.java:tryLock(328)) - Lock on /workdir/hadoop-ozone/ozonefs/target/test-dir/MiniOzoneClusterImpl-421e31d2-c7a4-426c-8bcc-062c99b824ca/datanode-0/data/ratis/bf71d322-e7e3-4210-bf65-0d747789b511/in_use.lock acquired by nodename 32682@pr-hdds-1569-swxfz-3172132826
2019-09-19 16:46:48,429 [pool-186-thread-1] INFO  storage.RaftStorage (RaftStorage.java:format(72)) - Storage directory /workdir/hadoop-ozone/ozonefs/target/test-dir/MiniOzoneClusterImpl-421e31d2-c7a4-426c-8bcc-062c99b824ca/datanode-0/data/ratis/bf71d322-e7e3-4210-bf65-0d747789b511 has been successfully formatted.
2019-09-19 16:46:48,430 [pool-186-thread-1] INFO  ratis.ContainerStateMachine (ContainerStateMachine.java:loadSnapshot(226)) - group-0D747789B511: The snapshot info is null. Setting the last applied indexto:(t:0, i:~)
2019-09-19 16:46:48,431 [pool-186-thread-1] INFO  server.RaftServerConfigKeys (ConfUtils.java:logGet(43)) - raft.server.leader.election.timeout = 120s (custom)
2019-09-19 16:46:48,431 [pool-186-thread-1] INFO  server.RaftServerConfigKeys (ConfUtils.java:logGet(43)) - raft.server.log.use.memory = false (default)
2019-09-19 16:46:48,431 [pool-186-thread-1] INFO  server.RaftServerConfigKeys (ConfUtils.java:logGet(43)) - raft.server.log.purge.gap = 1000000 (custom)
2019-09-19 16:46:48,431 [pool-186-thread-1] INFO  server.RaftServerConfigKeys (ConfUtils.java:logGet(43)) - raft.server.log.appender.buffer.byte-limit = 33554432 (custom)
2019-09-19 16:46:48,432 [pool-186-thread-1] INFO  server.RaftServerConfigKeys (ConfUtils.java:logGet(43)) - raft.server.log.segment.size.max = 1048576 (custom)
2019-09-19 16:46:48,432 [pool-186-thread-1] INFO  server.RaftServerConfigKeys (ConfUtils.java:logGet(43)) - raft.server.log.segment.cache.num.max = 2 (custom)
2019-09-19 16:46:48,432 [pool-186-thread-1] INFO  segmented.SegmentedRaftLogWorker (SegmentedRaftLogWorker.java:<init>(172)) - new 9c00c300-40f8-490d-beaf-1a01717c10f2-SegmentedRaftLogWorker:Storage Directory /workdir/hadoop-ozone/ozonefs/target/test-dir/MiniOzoneClusterImpl-421e31d2-c7a4-426c-8bcc-062c99b824ca/datanode-0/data/ratis/bf71d322-e7e3-4210-bf65-0d747789b511 for RaftStorage:Storage Directory /workdir/hadoop-ozone/ozonefs/target/test-dir/MiniOzoneClusterImpl-421e31d2-c7a4-426c-8bcc-062c99b824ca/datanode-0/data/ratis/bf71d322-e7e3-4210-bf65-0d747789b511
2019-09-19 16:46:48,432 [pool-186-thread-1] INFO  server.RaftServerConfigKeys (ConfUtils.java:logGet(43)) - raft.server.log.queue.byte-limit = 2147483647 (custom)
2019-09-19 16:46:48,432 [pool-186-thread-1] INFO  server.RaftServerConfigKeys (ConfUtils.java:logGet(43)) - raft.server.log.queue.element-limit = 1024 (custom)
2019-09-19 16:46:48,433 [pool-186-thread-1] INFO  server.RaftServerConfigKeys (ConfUtils.java:logGet(43)) - raft.server.log.segment.size.max = 1048576 (custom)
2019-09-19 16:46:48,433 [pool-186-thread-1] INFO  server.RaftServerConfigKeys (ConfUtils.java:logGet(43)) - raft.server.log.preallocated.size = 16384 (custom)
2019-09-19 16:46:48,433 [IPC Server handler 0 on 41375] INFO  net.NetworkTopology (NetworkTopologyImpl.java:add(110)) - Added a new node: /default-rack/52cf8ebe-89cc-44af-9917-209b2cc1a86f
2019-09-19 16:46:48,433 [pool-186-thread-1] INFO  server.RaftServerConfigKeys (ConfUtils.java:logGet(43)) - raft.server.log.write.buffer.size = 33554432 (custom)
2019-09-19 16:46:48,433 [IPC Server handler 0 on 41375] INFO  node.SCMNodeManager (SCMNodeManager.java:register(273)) - Registered Data node : 52cf8ebe-89cc-44af-9917-209b2cc1a86f{ip: 192.168.157.226, host: pr-hdds-1569-swxfz-3172132826, networkLocation: /default-rack, certSerialId: null}
2019-09-19 16:46:48,433 [pool-186-thread-1] INFO  server.RaftServerConfigKeys (ConfUtils.java:logGet(43)) - raft.server.log.force.sync.num = 128 (default)
2019-09-19 16:46:48,434 [pool-186-thread-1] INFO  server.RaftServerConfigKeys (ConfUtils.java:logGet(43)) - raft.server.log.statemachine.data.sync = true (default)
2019-09-19 16:46:48,434 | INFO  | SCMAudit | user=jenkins1000 | ip=192.168.157.226 | op=REGISTER {datanodeDetails=52cf8ebe-89cc-44af-9917-209b2cc1a86f{ip: 192.168.157.226, host: pr-hdds-1569-swxfz-3172132826, networkLocation: /default-rack, certSerialId: null}} | ret=SUCCESS |  
2019-09-19 16:46:48,434 [pool-186-thread-1] INFO  server.RaftServerConfigKeys (ConfUtils.java:logGet(43)) - raft.server.log.statemachine.data.sync.timeout = 10s (default)
2019-09-19 16:46:48,434 [pool-186-thread-1] INFO  server.RaftServerConfigKeys (ConfUtils.java:logGet(43)) - raft.server.log.statemachine.data.sync.timeout.retry = -1 (default)
2019-09-19 16:46:48,434 [pool-186-thread-1] INFO  server.RaftServerConfigKeys (ConfUtils.java:logGet(43)) - raft.server.log.statemachine.data.caching.enabled = true (custom)
2019-09-19 16:46:48,435 [pool-186-thread-1] INFO  segmented.SegmentedRaftLogWorker (SegmentedRaftLogWorker.java:lambda$new$0(132)) - 9c00c300-40f8-490d-beaf-1a01717c10f2-SegmentedRaftLogWorker:Storage Directory /workdir/hadoop-ozone/ozonefs/target/test-dir/MiniOzoneClusterImpl-421e31d2-c7a4-426c-8bcc-062c99b824ca/datanode-0/data/ratis/bf71d322-e7e3-4210-bf65-0d747789b511: flushIndex: setUnconditionally 0 -> -1
2019-09-19 16:46:48,436 [pool-186-thread-1] INFO  server.RaftServerConfigKeys (ConfUtils.java:logGet(43)) - raft.server.snapshot.auto.trigger.enabled = true (custom)
2019-09-19 16:46:48,436 [pool-186-thread-1] INFO  server.RaftServerConfigKeys (ConfUtils.java:logGet(43)) - raft.server.snapshot.auto.trigger.threshold = 10000 (custom)
2019-09-19 16:46:48,436 [pool-186-thread-1] INFO  server.RaftServerConfigKeys (ConfUtils.java:logGet(43)) - raft.server.retrycache.expirytime = 600000ms (custom)
2019-09-19 16:46:48,436 [pool-186-thread-1] INFO  impl.RaftServerImpl (RaftServerImpl.java:start(180)) - 9c00c300-40f8-490d-beaf-1a01717c10f2: start group-0D747789B511
2019-09-19 16:46:48,436 [pool-186-thread-1] INFO  impl.RaftServerImpl (RaftServerImpl.java:setRole(171)) - 9c00c300-40f8-490d-beaf-1a01717c10f2:group-0D747789B511 changes role from null to FOLLOWER at term 0 for startAsFollower
2019-09-19 16:46:48,437 [pool-186-thread-1] INFO  impl.RoleInfo (RoleInfo.java:updateAndGet(143)) - 9c00c300-40f8-490d-beaf-1a01717c10f2: start FollowerState
2019-09-19 16:46:48,437 [pool-186-thread-1] INFO  util.JmxRegister (JmxRegister.java:tryRegister(44)) - Successfully registered JMX Bean with object name Ratis:service=RaftServer,group=group-0D747789B511,id=9c00c300-40f8-490d-beaf-1a01717c10f2
2019-09-19 16:46:48,442 [RatisPipelineUtilsThread] INFO  pipeline.PipelineStateManager (PipelineStateManager.java:addPipeline(56)) - Created pipeline Pipeline[ Id: bf71d322-e7e3-4210-bf65-0d747789b511, Nodes: 9c00c300-40f8-490d-beaf-1a01717c10f2{ip: 192.168.157.226, host: pr-hdds-1569-swxfz-3172132826, networkLocation: /default-rack, certSerialId: null}, Type:RATIS, Factor:ONE, State:OPEN]
2019-09-19 16:46:48,448 [grpc-default-executor-0] INFO  impl.RaftServerProxy (RaftServerProxy.java:addNew(89)) - 9c00c300-40f8-490d-beaf-1a01717c10f2: addNew group-60380947F8AC:[9c00c300-40f8-490d-beaf-1a01717c10f2:192.168.157.226:43915] returns group-60380947F8AC:java.util.concurrent.CompletableFuture@2788bf67[Not completed]
2019-09-19 16:46:48,450 [pool-186-thread-1] INFO  impl.RaftServerImpl (RaftServerImpl.java:<init>(93)) - 9c00c300-40f8-490d-beaf-1a01717c10f2: new RaftServerImpl for group-60380947F8AC:[9c00c300-40f8-490d-beaf-1a01717c10f2:192.168.157.226:43915] with ContainerStateMachine:uninitialized
2019-09-19 16:46:48,450 [pool-186-thread-1] INFO  server.RaftServerConfigKeys (ConfUtils.java:logGet(43)) - raft.server.rpc.timeout.min = 5s (custom)
2019-09-19 16:46:48,450 [pool-186-thread-1] INFO  server.RaftServerConfigKeys (ConfUtils.java:logGet(43)) - raft.server.rpc.timeout.max = 5200ms (custom)
2019-09-19 16:46:48,450 [pool-186-thread-1] INFO  server.RaftServerConfigKeys (ConfUtils.java:logGet(43)) - raft.server.rpcslowness.timeout = 120s (custom)
2019-09-19 16:46:48,451 [pool-186-thread-1] INFO  server.RaftServerConfigKeys (ConfUtils.java:logGet(43)) - raft.server.sleep.deviation.threshold = 300 (default)
2019-09-19 16:46:48,451 [pool-186-thread-1] INFO  server.RaftServerConfigKeys (ConfUtils.java:logGet(43)) - raft.server.log.appender.install.snapshot.enabled = false (custom)
2019-09-19 16:46:48,451 [pool-186-thread-1] INFO  impl.RaftServerImpl (ServerState.java:<init>(105)) - 9c00c300-40f8-490d-beaf-1a01717c10f2:group-60380947F8AC ConfigurationManager, init=-1: [9c00c300-40f8-490d-beaf-1a01717c10f2:192.168.157.226:43915], old=null, confs=<EMPTY_MAP>
2019-09-19 16:46:48,451 [pool-186-thread-1] INFO  server.RaftServerConfigKeys (ConfUtils.java:logGet(43)) - raft.server.storage.dir = [/workdir/hadoop-ozone/ozonefs/target/test-dir/MiniOzoneClusterImpl-421e31d2-c7a4-426c-8bcc-062c99b824ca/datanode-0/data/ratis] (custom)
2019-09-19 16:46:48,452 [pool-186-thread-1] INFO  storage.RaftStorageDirectory (RaftStorageDirectory.java:analyzeStorage(246)) - The storage directory /workdir/hadoop-ozone/ozonefs/target/test-dir/MiniOzoneClusterImpl-421e31d2-c7a4-426c-8bcc-062c99b824ca/datanode-0/data/ratis/51966776-a029-4a43-8717-60380947f8ac does not exist. Creating ...
2019-09-19 16:46:48,464 [pool-186-thread-1] INFO  storage.RaftStorageDirectory (RaftStorageDirectory.java:tryLock(328)) - Lock on /workdir/hadoop-ozone/ozonefs/target/test-dir/MiniOzoneClusterImpl-421e31d2-c7a4-426c-8bcc-062c99b824ca/datanode-0/data/ratis/51966776-a029-4a43-8717-60380947f8ac/in_use.lock acquired by nodename 32682@pr-hdds-1569-swxfz-3172132826
2019-09-19 16:46:48,468 [pool-186-thread-1] INFO  storage.RaftStorage (RaftStorage.java:format(72)) - Storage directory /workdir/hadoop-ozone/ozonefs/target/test-dir/MiniOzoneClusterImpl-421e31d2-c7a4-426c-8bcc-062c99b824ca/datanode-0/data/ratis/51966776-a029-4a43-8717-60380947f8ac has been successfully formatted.
2019-09-19 16:46:48,468 [pool-186-thread-1] INFO  ratis.ContainerStateMachine (ContainerStateMachine.java:loadSnapshot(226)) - group-60380947F8AC: The snapshot info is null. Setting the last applied indexto:(t:0, i:~)
2019-09-19 16:46:48,468 [pool-186-thread-1] INFO  server.RaftServerConfigKeys (ConfUtils.java:logGet(43)) - raft.server.leader.election.timeout = 120s (custom)
2019-09-19 16:46:48,469 [pool-186-thread-1] INFO  server.RaftServerConfigKeys (ConfUtils.java:logGet(43)) - raft.server.log.use.memory = false (default)
2019-09-19 16:46:48,469 [pool-186-thread-1] INFO  server.RaftServerConfigKeys (ConfUtils.java:logGet(43)) - raft.server.log.purge.gap = 1000000 (custom)
2019-09-19 16:46:48,469 [pool-186-thread-1] INFO  server.RaftServerConfigKeys (ConfUtils.java:logGet(43)) - raft.server.log.appender.buffer.byte-limit = 33554432 (custom)
2019-09-19 16:46:48,469 [pool-186-thread-1] INFO  server.RaftServerConfigKeys (ConfUtils.java:logGet(43)) - raft.server.log.segment.size.max = 1048576 (custom)
2019-09-19 16:46:48,469 [pool-186-thread-1] INFO  server.RaftServerConfigKeys (ConfUtils.java:logGet(43)) - raft.server.log.segment.cache.num.max = 2 (custom)
2019-09-19 16:46:48,469 [pool-186-thread-1] INFO  segmented.SegmentedRaftLogWorker (SegmentedRaftLogWorker.java:<init>(172)) - new 9c00c300-40f8-490d-beaf-1a01717c10f2-SegmentedRaftLogWorker:Storage Directory /workdir/hadoop-ozone/ozonefs/target/test-dir/MiniOzoneClusterImpl-421e31d2-c7a4-426c-8bcc-062c99b824ca/datanode-0/data/ratis/51966776-a029-4a43-8717-60380947f8ac for RaftStorage:Storage Directory /workdir/hadoop-ozone/ozonefs/target/test-dir/MiniOzoneClusterImpl-421e31d2-c7a4-426c-8bcc-062c99b824ca/datanode-0/data/ratis/51966776-a029-4a43-8717-60380947f8ac
2019-09-19 16:46:48,469 [pool-186-thread-1] INFO  server.RaftServerConfigKeys (ConfUtils.java:logGet(43)) - raft.server.log.queue.byte-limit = 2147483647 (custom)
2019-09-19 16:46:48,469 [pool-186-thread-1] INFO  server.RaftServerConfigKeys (ConfUtils.java:logGet(43)) - raft.server.log.queue.element-limit = 1024 (custom)
2019-09-19 16:46:48,469 [pool-186-thread-1] INFO  server.RaftServerConfigKeys (ConfUtils.java:logGet(43)) - raft.server.log.segment.size.max = 1048576 (custom)
2019-09-19 16:46:48,470 [pool-186-thread-1] INFO  server.RaftServerConfigKeys (ConfUtils.java:logGet(43)) - raft.server.log.preallocated.size = 16384 (custom)
2019-09-19 16:46:48,470 [pool-186-thread-1] INFO  server.RaftServerConfigKeys (ConfUtils.java:logGet(43)) - raft.server.log.write.buffer.size = 33554432 (custom)
2019-09-19 16:46:48,470 [pool-186-thread-1] INFO  server.RaftServerConfigKeys (ConfUtils.java:logGet(43)) - raft.server.log.force.sync.num = 128 (default)
2019-09-19 16:46:48,470 [pool-186-thread-1] INFO  server.RaftServerConfigKeys (ConfUtils.java:logGet(43)) - raft.server.log.statemachine.data.sync = true (default)
2019-09-19 16:46:48,470 [pool-186-thread-1] INFO  server.RaftServerConfigKeys (ConfUtils.java:logGet(43)) - raft.server.log.statemachine.data.sync.timeout = 10s (default)
2019-09-19 16:46:48,470 [pool-186-thread-1] INFO  server.RaftServerConfigKeys (ConfUtils.java:logGet(43)) - raft.server.log.statemachine.data.sync.timeout.retry = -1 (default)
2019-09-19 16:46:48,470 [pool-186-thread-1] INFO  server.RaftServerConfigKeys (ConfUtils.java:logGet(43)) - raft.server.log.statemachine.data.caching.enabled = true (custom)
2019-09-19 16:46:48,470 [pool-186-thread-1] INFO  segmented.SegmentedRaftLogWorker (SegmentedRaftLogWorker.java:lambda$new$0(132)) - 9c00c300-40f8-490d-beaf-1a01717c10f2-SegmentedRaftLogWorker:Storage Directory /workdir/hadoop-ozone/ozonefs/target/test-dir/MiniOzoneClusterImpl-421e31d2-c7a4-426c-8bcc-062c99b824ca/datanode-0/data/ratis/51966776-a029-4a43-8717-60380947f8ac: flushIndex: setUnconditionally 0 -> -1
2019-09-19 16:46:48,471 [pool-186-thread-1] INFO  server.RaftServerConfigKeys (ConfUtils.java:logGet(43)) - raft.server.snapshot.auto.trigger.enabled = true (custom)
2019-09-19 16:46:48,471 [pool-186-thread-1] INFO  server.RaftServerConfigKeys (ConfUtils.java:logGet(43)) - raft.server.snapshot.auto.trigger.threshold = 10000 (custom)
2019-09-19 16:46:48,471 [pool-186-thread-1] INFO  server.RaftServerConfigKeys (ConfUtils.java:logGet(43)) - raft.server.retrycache.expirytime = 600000ms (custom)
2019-09-19 16:46:48,471 [pool-186-thread-1] INFO  impl.RaftServerImpl (RaftServerImpl.java:start(180)) - 9c00c300-40f8-490d-beaf-1a01717c10f2: start group-60380947F8AC
2019-09-19 16:46:48,471 [pool-186-thread-1] INFO  impl.RaftServerImpl (RaftServerImpl.java:setRole(171)) - 9c00c300-40f8-490d-beaf-1a01717c10f2:group-60380947F8AC changes role from null to FOLLOWER at term 0 for startAsFollower
2019-09-19 16:46:48,471 [pool-186-thread-1] INFO  impl.RoleInfo (RoleInfo.java:updateAndGet(143)) - 9c00c300-40f8-490d-beaf-1a01717c10f2: start FollowerState
2019-09-19 16:46:48,472 [pool-186-thread-1] INFO  util.JmxRegister (JmxRegister.java:tryRegister(44)) - Successfully registered JMX Bean with object name Ratis:service=RaftServer,group=group-60380947F8AC,id=9c00c300-40f8-490d-beaf-1a01717c10f2
2019-09-19 16:46:48,475 [RatisPipelineUtilsThread] INFO  pipeline.PipelineStateManager (PipelineStateManager.java:addPipeline(56)) - Created pipeline Pipeline[ Id: 51966776-a029-4a43-8717-60380947f8ac, Nodes: 9c00c300-40f8-490d-beaf-1a01717c10f2{ip: 192.168.157.226, host: pr-hdds-1569-swxfz-3172132826, networkLocation: /default-rack, certSerialId: null}, Type:RATIS, Factor:ONE, State:OPEN]
2019-09-19 16:46:48,475 [RatisPipelineUtilsThread] ERROR pipeline.PipelinePlacementPolicy (PipelinePlacementPolicy.java:meetCriteria(91)) - Pipeline Placement: Doesn't meet the criteria to be viable node. Heaviness: 6
2019-09-19 16:46:48,484 [grpc-default-executor-0] INFO  impl.RaftServerProxy (RaftServerProxy.java:addNew(89)) - 52cf8ebe-89cc-44af-9917-209b2cc1a86f: addNew group-670EA586C510:[52cf8ebe-89cc-44af-9917-209b2cc1a86f:192.168.157.226:45097] returns group-670EA586C510:java.util.concurrent.CompletableFuture@7ac5be73[Not completed]
2019-09-19 16:46:48,485 [pool-197-thread-1] INFO  impl.RaftServerImpl (RaftServerImpl.java:<init>(93)) - 52cf8ebe-89cc-44af-9917-209b2cc1a86f: new RaftServerImpl for group-670EA586C510:[52cf8ebe-89cc-44af-9917-209b2cc1a86f:192.168.157.226:45097] with ContainerStateMachine:uninitialized
2019-09-19 16:46:48,485 [pool-197-thread-1] INFO  server.RaftServerConfigKeys (ConfUtils.java:logGet(43)) - raft.server.rpc.timeout.min = 5s (custom)
2019-09-19 16:46:48,485 [pool-197-thread-1] INFO  server.RaftServerConfigKeys (ConfUtils.java:logGet(43)) - raft.server.rpc.timeout.max = 5200ms (custom)
2019-09-19 16:46:48,485 [pool-197-thread-1] INFO  server.RaftServerConfigKeys (ConfUtils.java:logGet(43)) - raft.server.rpcslowness.timeout = 120s (custom)
2019-09-19 16:46:48,485 [pool-197-thread-1] INFO  server.RaftServerConfigKeys (ConfUtils.java:logGet(43)) - raft.server.sleep.deviation.threshold = 300 (default)
2019-09-19 16:46:48,485 [pool-197-thread-1] INFO  server.RaftServerConfigKeys (ConfUtils.java:logGet(43)) - raft.server.log.appender.install.snapshot.enabled = false (custom)
2019-09-19 16:46:48,485 [pool-197-thread-1] INFO  impl.RaftServerImpl (ServerState.java:<init>(105)) - 52cf8ebe-89cc-44af-9917-209b2cc1a86f:group-670EA586C510 ConfigurationManager, init=-1: [52cf8ebe-89cc-44af-9917-209b2cc1a86f:192.168.157.226:45097], old=null, confs=<EMPTY_MAP>
2019-09-19 16:46:48,486 [pool-197-thread-1] INFO  server.RaftServerConfigKeys (ConfUtils.java:logGet(43)) - raft.server.storage.dir = [/workdir/hadoop-ozone/ozonefs/target/test-dir/MiniOzoneClusterImpl-421e31d2-c7a4-426c-8bcc-062c99b824ca/datanode-1/data/ratis] (custom)
2019-09-19 16:46:48,486 [pool-197-thread-1] INFO  storage.RaftStorageDirectory (RaftStorageDirectory.java:analyzeStorage(246)) - The storage directory /workdir/hadoop-ozone/ozonefs/target/test-dir/MiniOzoneClusterImpl-421e31d2-c7a4-426c-8bcc-062c99b824ca/datanode-1/data/ratis/5e050a35-121f-468e-a4ba-670ea586c510 does not exist. Creating ...
2019-09-19 16:46:48,489 [pool-197-thread-1] INFO  storage.RaftStorageDirectory (RaftStorageDirectory.java:tryLock(328)) - Lock on /workdir/hadoop-ozone/ozonefs/target/test-dir/MiniOzoneClusterImpl-421e31d2-c7a4-426c-8bcc-062c99b824ca/datanode-1/data/ratis/5e050a35-121f-468e-a4ba-670ea586c510/in_use.lock acquired by nodename 32682@pr-hdds-1569-swxfz-3172132826
2019-09-19 16:46:48,493 [pool-197-thread-1] INFO  storage.RaftStorage (RaftStorage.java:format(72)) - Storage directory /workdir/hadoop-ozone/ozonefs/target/test-dir/MiniOzoneClusterImpl-421e31d2-c7a4-426c-8bcc-062c99b824ca/datanode-1/data/ratis/5e050a35-121f-468e-a4ba-670ea586c510 has been successfully formatted.
2019-09-19 16:46:48,493 [pool-197-thread-1] INFO  ratis.ContainerStateMachine (ContainerStateMachine.java:loadSnapshot(226)) - group-670EA586C510: The snapshot info is null. Setting the last applied indexto:(t:0, i:~)
2019-09-19 16:46:48,493 [pool-197-thread-1] INFO  server.RaftServerConfigKeys (ConfUtils.java:logGet(43)) - raft.server.leader.election.timeout = 120s (custom)
2019-09-19 16:46:48,493 [pool-197-thread-1] INFO  server.RaftServerConfigKeys (ConfUtils.java:logGet(43)) - raft.server.log.use.memory = false (default)
2019-09-19 16:46:48,493 [pool-197-thread-1] INFO  server.RaftServerConfigKeys (ConfUtils.java:logGet(43)) - raft.server.log.purge.gap = 1000000 (custom)
2019-09-19 16:46:48,493 [pool-197-thread-1] INFO  server.RaftServerConfigKeys (ConfUtils.java:logGet(43)) - raft.server.log.appender.buffer.byte-limit = 33554432 (custom)
2019-09-19 16:46:48,493 [pool-197-thread-1] INFO  server.RaftServerConfigKeys (ConfUtils.java:logGet(43)) - raft.server.log.segment.size.max = 1048576 (custom)
2019-09-19 16:46:48,494 [pool-197-thread-1] INFO  server.RaftServerConfigKeys (ConfUtils.java:logGet(43)) - raft.server.log.segment.cache.num.max = 2 (custom)
2019-09-19 16:46:48,494 [pool-197-thread-1] INFO  segmented.SegmentedRaftLogWorker (SegmentedRaftLogWorker.java:<init>(172)) - new 52cf8ebe-89cc-44af-9917-209b2cc1a86f-SegmentedRaftLogWorker:Storage Directory /workdir/hadoop-ozone/ozonefs/target/test-dir/MiniOzoneClusterImpl-421e31d2-c7a4-426c-8bcc-062c99b824ca/datanode-1/data/ratis/5e050a35-121f-468e-a4ba-670ea586c510 for RaftStorage:Storage Directory /workdir/hadoop-ozone/ozonefs/target/test-dir/MiniOzoneClusterImpl-421e31d2-c7a4-426c-8bcc-062c99b824ca/datanode-1/data/ratis/5e050a35-121f-468e-a4ba-670ea586c510
2019-09-19 16:46:48,494 [pool-197-thread-1] INFO  server.RaftServerConfigKeys (ConfUtils.java:logGet(43)) - raft.server.log.queue.byte-limit = 2147483647 (custom)
2019-09-19 16:46:48,494 [pool-197-thread-1] INFO  server.RaftServerConfigKeys (ConfUtils.java:logGet(43)) - raft.server.log.queue.element-limit = 1024 (custom)
2019-09-19 16:46:48,494 [pool-197-thread-1] INFO  server.RaftServerConfigKeys (ConfUtils.java:logGet(43)) - raft.server.log.segment.size.max = 1048576 (custom)
2019-09-19 16:46:48,494 [pool-197-thread-1] INFO  server.RaftServerConfigKeys (ConfUtils.java:logGet(43)) - raft.server.log.preallocated.size = 16384 (custom)
2019-09-19 16:46:48,494 [pool-197-thread-1] INFO  server.RaftServerConfigKeys (ConfUtils.java:logGet(43)) - raft.server.log.write.buffer.size = 33554432 (custom)
2019-09-19 16:46:48,495 [pool-197-thread-1] INFO  server.RaftServerConfigKeys (ConfUtils.java:logGet(43)) - raft.server.log.force.sync.num = 128 (default)
2019-09-19 16:46:48,495 [pool-197-thread-1] INFO  server.RaftServerConfigKeys (ConfUtils.java:logGet(43)) - raft.server.log.statemachine.data.sync = true (default)
2019-09-19 16:46:48,495 [pool-197-thread-1] INFO  server.RaftServerConfigKeys (ConfUtils.java:logGet(43)) - raft.server.log.statemachine.data.sync.timeout = 10s (default)
2019-09-19 16:46:48,495 [pool-197-thread-1] INFO  server.RaftServerConfigKeys (ConfUtils.java:logGet(43)) - raft.server.log.statemachine.data.sync.timeout.retry = -1 (default)
2019-09-19 16:46:48,495 [pool-197-thread-1] INFO  server.RaftServerConfigKeys (ConfUtils.java:logGet(43)) - raft.server.log.statemachine.data.caching.enabled = true (custom)
2019-09-19 16:46:48,495 [pool-197-thread-1] INFO  segmented.SegmentedRaftLogWorker (SegmentedRaftLogWorker.java:lambda$new$0(132)) - 52cf8ebe-89cc-44af-9917-209b2cc1a86f-SegmentedRaftLogWorker:Storage Directory /workdir/hadoop-ozone/ozonefs/target/test-dir/MiniOzoneClusterImpl-421e31d2-c7a4-426c-8bcc-062c99b824ca/datanode-1/data/ratis/5e050a35-121f-468e-a4ba-670ea586c510: flushIndex: setUnconditionally 0 -> -1
2019-09-19 16:46:48,496 [pool-197-thread-1] INFO  server.RaftServerConfigKeys (ConfUtils.java:logGet(43)) - raft.server.snapshot.auto.trigger.enabled = true (custom)
2019-09-19 16:46:48,496 [pool-197-thread-1] INFO  server.RaftServerConfigKeys (ConfUtils.java:logGet(43)) - raft.server.snapshot.auto.trigger.threshold = 10000 (custom)
2019-09-19 16:46:48,496 [pool-197-thread-1] INFO  server.RaftServerConfigKeys (ConfUtils.java:logGet(43)) - raft.server.retrycache.expirytime = 600000ms (custom)
2019-09-19 16:46:48,496 [pool-197-thread-1] INFO  impl.RaftServerImpl (RaftServerImpl.java:start(180)) - 52cf8ebe-89cc-44af-9917-209b2cc1a86f: start group-670EA586C510
2019-09-19 16:46:48,496 [pool-197-thread-1] INFO  impl.RaftServerImpl (RaftServerImpl.java:setRole(171)) - 52cf8ebe-89cc-44af-9917-209b2cc1a86f:group-670EA586C510 changes role from null to FOLLOWER at term 0 for startAsFollower
2019-09-19 16:46:48,496 [pool-197-thread-1] INFO  impl.RoleInfo (RoleInfo.java:updateAndGet(143)) - 52cf8ebe-89cc-44af-9917-209b2cc1a86f: start FollowerState
2019-09-19 16:46:48,497 [pool-197-thread-1] INFO  util.JmxRegister (JmxRegister.java:tryRegister(44)) - Successfully registered JMX Bean with object name Ratis:service=RaftServer,group=group-670EA586C510,id=52cf8ebe-89cc-44af-9917-209b2cc1a86f
2019-09-19 16:46:48,499 [RatisPipelineUtilsThread] INFO  pipeline.PipelineStateManager (PipelineStateManager.java:addPipeline(56)) - Created pipeline Pipeline[ Id: 5e050a35-121f-468e-a4ba-670ea586c510, Nodes: 52cf8ebe-89cc-44af-9917-209b2cc1a86f{ip: 192.168.157.226, host: pr-hdds-1569-swxfz-3172132826, networkLocation: /default-rack, certSerialId: null}, Type:RATIS, Factor:ONE, State:OPEN]
2019-09-19 16:46:48,499 [RatisPipelineUtilsThread] ERROR pipeline.PipelinePlacementPolicy (PipelinePlacementPolicy.java:meetCriteria(91)) - Pipeline Placement: Doesn't meet the criteria to be viable node. Heaviness: 6
2019-09-19 16:46:48,504 [grpc-default-executor-0] INFO  impl.RaftServerProxy (RaftServerProxy.java:addNew(89)) - 52cf8ebe-89cc-44af-9917-209b2cc1a86f: addNew group-3FCBF9F2E5A3:[52cf8ebe-89cc-44af-9917-209b2cc1a86f:192.168.157.226:45097] returns group-3FCBF9F2E5A3:java.util.concurrent.CompletableFuture@2b4a6ff2[Not completed]
2019-09-19 16:46:48,505 [pool-197-thread-1] INFO  impl.RaftServerImpl (RaftServerImpl.java:<init>(93)) - 52cf8ebe-89cc-44af-9917-209b2cc1a86f: new RaftServerImpl for group-3FCBF9F2E5A3:[52cf8ebe-89cc-44af-9917-209b2cc1a86f:192.168.157.226:45097] with ContainerStateMachine:uninitialized
2019-09-19 16:46:48,505 [pool-197-thread-1] INFO  server.RaftServerConfigKeys (ConfUtils.java:logGet(43)) - raft.server.rpc.timeout.min = 5s (custom)
2019-09-19 16:46:48,505 [pool-197-thread-1] INFO  server.RaftServerConfigKeys (ConfUtils.java:logGet(43)) - raft.server.rpc.timeout.max = 5200ms (custom)
2019-09-19 16:46:48,505 [pool-197-thread-1] INFO  server.RaftServerConfigKeys (ConfUtils.java:logGet(43)) - raft.server.rpcslowness.timeout = 120s (custom)
2019-09-19 16:46:48,505 [pool-197-thread-1] INFO  server.RaftServerConfigKeys (ConfUtils.java:logGet(43)) - raft.server.sleep.deviation.threshold = 300 (default)
2019-09-19 16:46:48,505 [pool-197-thread-1] INFO  server.RaftServerConfigKeys (ConfUtils.java:logGet(43)) - raft.server.log.appender.install.snapshot.enabled = false (custom)
2019-09-19 16:46:48,505 [pool-197-thread-1] INFO  impl.RaftServerImpl (ServerState.java:<init>(105)) - 52cf8ebe-89cc-44af-9917-209b2cc1a86f:group-3FCBF9F2E5A3 ConfigurationManager, init=-1: [52cf8ebe-89cc-44af-9917-209b2cc1a86f:192.168.157.226:45097], old=null, confs=<EMPTY_MAP>
2019-09-19 16:46:48,505 [pool-197-thread-1] INFO  server.RaftServerConfigKeys (ConfUtils.java:logGet(43)) - raft.server.storage.dir = [/workdir/hadoop-ozone/ozonefs/target/test-dir/MiniOzoneClusterImpl-421e31d2-c7a4-426c-8bcc-062c99b824ca/datanode-1/data/ratis] (custom)
2019-09-19 16:46:48,506 [pool-197-thread-1] INFO  storage.RaftStorageDirectory (RaftStorageDirectory.java:analyzeStorage(246)) - The storage directory /workdir/hadoop-ozone/ozonefs/target/test-dir/MiniOzoneClusterImpl-421e31d2-c7a4-426c-8bcc-062c99b824ca/datanode-1/data/ratis/880e0e1d-5cde-40ec-9390-3fcbf9f2e5a3 does not exist. Creating ...
2019-09-19 16:46:48,519 [pool-197-thread-1] INFO  storage.RaftStorageDirectory (RaftStorageDirectory.java:tryLock(328)) - Lock on /workdir/hadoop-ozone/ozonefs/target/test-dir/MiniOzoneClusterImpl-421e31d2-c7a4-426c-8bcc-062c99b824ca/datanode-1/data/ratis/880e0e1d-5cde-40ec-9390-3fcbf9f2e5a3/in_use.lock acquired by nodename 32682@pr-hdds-1569-swxfz-3172132826
2019-09-19 16:46:48,531 [pool-197-thread-1] INFO  storage.RaftStorage (RaftStorage.java:format(72)) - Storage directory /workdir/hadoop-ozone/ozonefs/target/test-dir/MiniOzoneClusterImpl-421e31d2-c7a4-426c-8bcc-062c99b824ca/datanode-1/data/ratis/880e0e1d-5cde-40ec-9390-3fcbf9f2e5a3 has been successfully formatted.
2019-09-19 16:46:48,532 [pool-197-thread-1] INFO  ratis.ContainerStateMachine (ContainerStateMachine.java:loadSnapshot(226)) - group-3FCBF9F2E5A3: The snapshot info is null. Setting the last applied indexto:(t:0, i:~)
2019-09-19 16:46:48,532 [pool-197-thread-1] INFO  server.RaftServerConfigKeys (ConfUtils.java:logGet(43)) - raft.server.leader.election.timeout = 120s (custom)
2019-09-19 16:46:48,532 [pool-197-thread-1] INFO  server.RaftServerConfigKeys (ConfUtils.java:logGet(43)) - raft.server.log.use.memory = false (default)
2019-09-19 16:46:48,532 [pool-197-thread-1] INFO  server.RaftServerConfigKeys (ConfUtils.java:logGet(43)) - raft.server.log.purge.gap = 1000000 (custom)
2019-09-19 16:46:48,532 [pool-197-thread-1] INFO  server.RaftServerConfigKeys (ConfUtils.java:logGet(43)) - raft.server.log.appender.buffer.byte-limit = 33554432 (custom)
2019-09-19 16:46:48,532 [pool-197-thread-1] INFO  server.RaftServerConfigKeys (ConfUtils.java:logGet(43)) - raft.server.log.segment.size.max = 1048576 (custom)
2019-09-19 16:46:48,532 [pool-197-thread-1] INFO  server.RaftServerConfigKeys (ConfUtils.java:logGet(43)) - raft.server.log.segment.cache.num.max = 2 (custom)
2019-09-19 16:46:48,533 [pool-197-thread-1] INFO  segmented.SegmentedRaftLogWorker (SegmentedRaftLogWorker.java:<init>(172)) - new 52cf8ebe-89cc-44af-9917-209b2cc1a86f-SegmentedRaftLogWorker:Storage Directory /workdir/hadoop-ozone/ozonefs/target/test-dir/MiniOzoneClusterImpl-421e31d2-c7a4-426c-8bcc-062c99b824ca/datanode-1/data/ratis/880e0e1d-5cde-40ec-9390-3fcbf9f2e5a3 for RaftStorage:Storage Directory /workdir/hadoop-ozone/ozonefs/target/test-dir/MiniOzoneClusterImpl-421e31d2-c7a4-426c-8bcc-062c99b824ca/datanode-1/data/ratis/880e0e1d-5cde-40ec-9390-3fcbf9f2e5a3
2019-09-19 16:46:48,533 [pool-197-thread-1] INFO  server.RaftServerConfigKeys (ConfUtils.java:logGet(43)) - raft.server.log.queue.byte-limit = 2147483647 (custom)
2019-09-19 16:46:48,533 [pool-197-thread-1] INFO  server.RaftServerConfigKeys (ConfUtils.java:logGet(43)) - raft.server.log.queue.element-limit = 1024 (custom)
2019-09-19 16:46:48,533 [pool-197-thread-1] INFO  server.RaftServerConfigKeys (ConfUtils.java:logGet(43)) - raft.server.log.segment.size.max = 1048576 (custom)
2019-09-19 16:46:48,533 [pool-197-thread-1] INFO  server.RaftServerConfigKeys (ConfUtils.java:logGet(43)) - raft.server.log.preallocated.size = 16384 (custom)
2019-09-19 16:46:48,533 [pool-197-thread-1] INFO  server.RaftServerConfigKeys (ConfUtils.java:logGet(43)) - raft.server.log.write.buffer.size = 33554432 (custom)
2019-09-19 16:46:48,533 [pool-197-thread-1] INFO  server.RaftServerConfigKeys (ConfUtils.java:logGet(43)) - raft.server.log.force.sync.num = 128 (default)
2019-09-19 16:46:48,533 [pool-197-thread-1] INFO  server.RaftServerConfigKeys (ConfUtils.java:logGet(43)) - raft.server.log.statemachine.data.sync = true (default)
2019-09-19 16:46:48,533 [pool-197-thread-1] INFO  server.RaftServerConfigKeys (ConfUtils.java:logGet(43)) - raft.server.log.statemachine.data.sync.timeout = 10s (default)
2019-09-19 16:46:48,534 [pool-197-thread-1] INFO  server.RaftServerConfigKeys (ConfUtils.java:logGet(43)) - raft.server.log.statemachine.data.sync.timeout.retry = -1 (default)
2019-09-19 16:46:48,534 [pool-197-thread-1] INFO  server.RaftServerConfigKeys (ConfUtils.java:logGet(43)) - raft.server.log.statemachine.data.caching.enabled = true (custom)
2019-09-19 16:46:48,534 [pool-197-thread-1] INFO  segmented.SegmentedRaftLogWorker (SegmentedRaftLogWorker.java:lambda$new$0(132)) - 52cf8ebe-89cc-44af-9917-209b2cc1a86f-SegmentedRaftLogWorker:Storage Directory /workdir/hadoop-ozone/ozonefs/target/test-dir/MiniOzoneClusterImpl-421e31d2-c7a4-426c-8bcc-062c99b824ca/datanode-1/data/ratis/880e0e1d-5cde-40ec-9390-3fcbf9f2e5a3: flushIndex: setUnconditionally 0 -> -1
2019-09-19 16:46:48,534 [pool-197-thread-1] INFO  server.RaftServerConfigKeys (ConfUtils.java:logGet(43)) - raft.server.snapshot.auto.trigger.enabled = true (custom)
2019-09-19 16:46:48,534 [pool-197-thread-1] INFO  server.RaftServerConfigKeys (ConfUtils.java:logGet(43)) - raft.server.snapshot.auto.trigger.threshold = 10000 (custom)
2019-09-19 16:46:48,535 [pool-197-thread-1] INFO  server.RaftServerConfigKeys (ConfUtils.java:logGet(43)) - raft.server.retrycache.expirytime = 600000ms (custom)
2019-09-19 16:46:48,535 [pool-197-thread-1] INFO  impl.RaftServerImpl (RaftServerImpl.java:start(180)) - 52cf8ebe-89cc-44af-9917-209b2cc1a86f: start group-3FCBF9F2E5A3
2019-09-19 16:46:48,535 [pool-197-thread-1] INFO  impl.RaftServerImpl (RaftServerImpl.java:setRole(171)) - 52cf8ebe-89cc-44af-9917-209b2cc1a86f:group-3FCBF9F2E5A3 changes role from null to FOLLOWER at term 0 for startAsFollower
2019-09-19 16:46:48,535 [pool-197-thread-1] INFO  impl.RoleInfo (RoleInfo.java:updateAndGet(143)) - 52cf8ebe-89cc-44af-9917-209b2cc1a86f: start FollowerState
2019-09-19 16:46:48,535 [pool-197-thread-1] INFO  util.JmxRegister (JmxRegister.java:tryRegister(44)) - Successfully registered JMX Bean with object name Ratis:service=RaftServer,group=group-3FCBF9F2E5A3,id=52cf8ebe-89cc-44af-9917-209b2cc1a86f
2019-09-19 16:46:48,538 [RatisPipelineUtilsThread] INFO  pipeline.PipelineStateManager (PipelineStateManager.java:addPipeline(56)) - Created pipeline Pipeline[ Id: 880e0e1d-5cde-40ec-9390-3fcbf9f2e5a3, Nodes: 52cf8ebe-89cc-44af-9917-209b2cc1a86f{ip: 192.168.157.226, host: pr-hdds-1569-swxfz-3172132826, networkLocation: /default-rack, certSerialId: null}, Type:RATIS, Factor:ONE, State:OPEN]
2019-09-19 16:46:48,538 [RatisPipelineUtilsThread] ERROR pipeline.PipelinePlacementPolicy (PipelinePlacementPolicy.java:meetCriteria(91)) - Pipeline Placement: Doesn't meet the criteria to be viable node. Heaviness: 6
2019-09-19 16:46:48,544 [grpc-default-executor-0] INFO  impl.RaftServerProxy (RaftServerProxy.java:addNew(89)) - 52cf8ebe-89cc-44af-9917-209b2cc1a86f: addNew group-F0077DB75E5F:[52cf8ebe-89cc-44af-9917-209b2cc1a86f:192.168.157.226:45097] returns group-F0077DB75E5F:java.util.concurrent.CompletableFuture@38dccb7a[Not completed]
2019-09-19 16:46:48,544 [pool-197-thread-1] INFO  impl.RaftServerImpl (RaftServerImpl.java:<init>(93)) - 52cf8ebe-89cc-44af-9917-209b2cc1a86f: new RaftServerImpl for group-F0077DB75E5F:[52cf8ebe-89cc-44af-9917-209b2cc1a86f:192.168.157.226:45097] with ContainerStateMachine:uninitialized
2019-09-19 16:46:48,545 [pool-197-thread-1] INFO  server.RaftServerConfigKeys (ConfUtils.java:logGet(43)) - raft.server.rpc.timeout.min = 5s (custom)
2019-09-19 16:46:48,545 [pool-197-thread-1] INFO  server.RaftServerConfigKeys (ConfUtils.java:logGet(43)) - raft.server.rpc.timeout.max = 5200ms (custom)
2019-09-19 16:46:48,545 [pool-197-thread-1] INFO  server.RaftServerConfigKeys (ConfUtils.java:logGet(43)) - raft.server.rpcslowness.timeout = 120s (custom)
2019-09-19 16:46:48,545 [pool-197-thread-1] INFO  server.RaftServerConfigKeys (ConfUtils.java:logGet(43)) - raft.server.sleep.deviation.threshold = 300 (default)
2019-09-19 16:46:48,545 [pool-197-thread-1] INFO  server.RaftServerConfigKeys (ConfUtils.java:logGet(43)) - raft.server.log.appender.install.snapshot.enabled = false (custom)
2019-09-19 16:46:48,545 [pool-197-thread-1] INFO  impl.RaftServerImpl (ServerState.java:<init>(105)) - 52cf8ebe-89cc-44af-9917-209b2cc1a86f:group-F0077DB75E5F ConfigurationManager, init=-1: [52cf8ebe-89cc-44af-9917-209b2cc1a86f:192.168.157.226:45097], old=null, confs=<EMPTY_MAP>
2019-09-19 16:46:48,545 [pool-197-thread-1] INFO  server.RaftServerConfigKeys (ConfUtils.java:logGet(43)) - raft.server.storage.dir = [/workdir/hadoop-ozone/ozonefs/target/test-dir/MiniOzoneClusterImpl-421e31d2-c7a4-426c-8bcc-062c99b824ca/datanode-1/data/ratis] (custom)
2019-09-19 16:46:48,546 [pool-197-thread-1] INFO  storage.RaftStorageDirectory (RaftStorageDirectory.java:analyzeStorage(246)) - The storage directory /workdir/hadoop-ozone/ozonefs/target/test-dir/MiniOzoneClusterImpl-421e31d2-c7a4-426c-8bcc-062c99b824ca/datanode-1/data/ratis/1af7e94c-197c-418a-89da-f0077db75e5f does not exist. Creating ...
2019-09-19 16:46:48,558 [pool-197-thread-1] INFO  storage.RaftStorageDirectory (RaftStorageDirectory.java:tryLock(328)) - Lock on /workdir/hadoop-ozone/ozonefs/target/test-dir/MiniOzoneClusterImpl-421e31d2-c7a4-426c-8bcc-062c99b824ca/datanode-1/data/ratis/1af7e94c-197c-418a-89da-f0077db75e5f/in_use.lock acquired by nodename 32682@pr-hdds-1569-swxfz-3172132826
2019-09-19 16:46:48,580 [pool-197-thread-1] INFO  storage.RaftStorage (RaftStorage.java:format(72)) - Storage directory /workdir/hadoop-ozone/ozonefs/target/test-dir/MiniOzoneClusterImpl-421e31d2-c7a4-426c-8bcc-062c99b824ca/datanode-1/data/ratis/1af7e94c-197c-418a-89da-f0077db75e5f has been successfully formatted.
2019-09-19 16:46:48,580 [pool-197-thread-1] INFO  ratis.ContainerStateMachine (ContainerStateMachine.java:loadSnapshot(226)) - group-F0077DB75E5F: The snapshot info is null. Setting the last applied indexto:(t:0, i:~)
2019-09-19 16:46:48,580 [pool-197-thread-1] INFO  server.RaftServerConfigKeys (ConfUtils.java:logGet(43)) - raft.server.leader.election.timeout = 120s (custom)
2019-09-19 16:46:48,580 [pool-197-thread-1] INFO  server.RaftServerConfigKeys (ConfUtils.java:logGet(43)) - raft.server.log.use.memory = false (default)
2019-09-19 16:46:48,580 [pool-197-thread-1] INFO  server.RaftServerConfigKeys (ConfUtils.java:logGet(43)) - raft.server.log.purge.gap = 1000000 (custom)
2019-09-19 16:46:48,581 [pool-197-thread-1] INFO  server.RaftServerConfigKeys (ConfUtils.java:logGet(43)) - raft.server.log.appender.buffer.byte-limit = 33554432 (custom)
2019-09-19 16:46:48,581 [pool-197-thread-1] INFO  server.RaftServerConfigKeys (ConfUtils.java:logGet(43)) - raft.server.log.segment.size.max = 1048576 (custom)
2019-09-19 16:46:48,581 [pool-197-thread-1] INFO  server.RaftServerConfigKeys (ConfUtils.java:logGet(43)) - raft.server.log.segment.cache.num.max = 2 (custom)
2019-09-19 16:46:48,581 [pool-197-thread-1] INFO  segmented.SegmentedRaftLogWorker (SegmentedRaftLogWorker.java:<init>(172)) - new 52cf8ebe-89cc-44af-9917-209b2cc1a86f-SegmentedRaftLogWorker:Storage Directory /workdir/hadoop-ozone/ozonefs/target/test-dir/MiniOzoneClusterImpl-421e31d2-c7a4-426c-8bcc-062c99b824ca/datanode-1/data/ratis/1af7e94c-197c-418a-89da-f0077db75e5f for RaftStorage:Storage Directory /workdir/hadoop-ozone/ozonefs/target/test-dir/MiniOzoneClusterImpl-421e31d2-c7a4-426c-8bcc-062c99b824ca/datanode-1/data/ratis/1af7e94c-197c-418a-89da-f0077db75e5f
2019-09-19 16:46:48,581 [pool-197-thread-1] INFO  server.RaftServerConfigKeys (ConfUtils.java:logGet(43)) - raft.server.log.queue.byte-limit = 2147483647 (custom)
2019-09-19 16:46:48,581 [pool-197-thread-1] INFO  server.RaftServerConfigKeys (ConfUtils.java:logGet(43)) - raft.server.log.queue.element-limit = 1024 (custom)
2019-09-19 16:46:48,582 [pool-197-thread-1] INFO  server.RaftServerConfigKeys (ConfUtils.java:logGet(43)) - raft.server.log.segment.size.max = 1048576 (custom)
2019-09-19 16:46:48,582 [pool-197-thread-1] INFO  server.RaftServerConfigKeys (ConfUtils.java:logGet(43)) - raft.server.log.preallocated.size = 16384 (custom)
2019-09-19 16:46:48,582 [pool-197-thread-1] INFO  server.RaftServerConfigKeys (ConfUtils.java:logGet(43)) - raft.server.log.write.buffer.size = 33554432 (custom)
2019-09-19 16:46:48,582 [pool-197-thread-1] INFO  server.RaftServerConfigKeys (ConfUtils.java:logGet(43)) - raft.server.log.force.sync.num = 128 (default)
2019-09-19 16:46:48,582 [pool-197-thread-1] INFO  server.RaftServerConfigKeys (ConfUtils.java:logGet(43)) - raft.server.log.statemachine.data.sync = true (default)
2019-09-19 16:46:48,582 [pool-197-thread-1] INFO  server.RaftServerConfigKeys (ConfUtils.java:logGet(43)) - raft.server.log.statemachine.data.sync.timeout = 10s (default)
2019-09-19 16:46:48,582 [pool-197-thread-1] INFO  server.RaftServerConfigKeys (ConfUtils.java:logGet(43)) - raft.server.log.statemachine.data.sync.timeout.retry = -1 (default)
2019-09-19 16:46:48,583 [pool-197-thread-1] INFO  server.RaftServerConfigKeys (ConfUtils.java:logGet(43)) - raft.server.log.statemachine.data.caching.enabled = true (custom)
2019-09-19 16:46:48,583 [pool-197-thread-1] INFO  segmented.SegmentedRaftLogWorker (SegmentedRaftLogWorker.java:lambda$new$0(132)) - 52cf8ebe-89cc-44af-9917-209b2cc1a86f-SegmentedRaftLogWorker:Storage Directory /workdir/hadoop-ozone/ozonefs/target/test-dir/MiniOzoneClusterImpl-421e31d2-c7a4-426c-8bcc-062c99b824ca/datanode-1/data/ratis/1af7e94c-197c-418a-89da-f0077db75e5f: flushIndex: setUnconditionally 0 -> -1
2019-09-19 16:46:48,583 [pool-197-thread-1] INFO  server.RaftServerConfigKeys (ConfUtils.java:logGet(43)) - raft.server.snapshot.auto.trigger.enabled = true (custom)
2019-09-19 16:46:48,583 [pool-197-thread-1] INFO  server.RaftServerConfigKeys (ConfUtils.java:logGet(43)) - raft.server.snapshot.auto.trigger.threshold = 10000 (custom)
2019-09-19 16:46:48,584 [pool-197-thread-1] INFO  server.RaftServerConfigKeys (ConfUtils.java:logGet(43)) - raft.server.retrycache.expirytime = 600000ms (custom)
2019-09-19 16:46:48,584 [pool-197-thread-1] INFO  impl.RaftServerImpl (RaftServerImpl.java:start(180)) - 52cf8ebe-89cc-44af-9917-209b2cc1a86f: start group-F0077DB75E5F
2019-09-19 16:46:48,584 [pool-197-thread-1] INFO  impl.RaftServerImpl (RaftServerImpl.java:setRole(171)) - 52cf8ebe-89cc-44af-9917-209b2cc1a86f:group-F0077DB75E5F changes role from null to FOLLOWER at term 0 for startAsFollower
2019-09-19 16:46:48,584 [pool-197-thread-1] INFO  impl.RoleInfo (RoleInfo.java:updateAndGet(143)) - 52cf8ebe-89cc-44af-9917-209b2cc1a86f: start FollowerState
2019-09-19 16:46:48,585 [pool-197-thread-1] INFO  util.JmxRegister (JmxRegister.java:tryRegister(44)) - Successfully registered JMX Bean with object name Ratis:service=RaftServer,group=group-F0077DB75E5F,id=52cf8ebe-89cc-44af-9917-209b2cc1a86f
2019-09-19 16:46:48,588 [RatisPipelineUtilsThread] INFO  pipeline.PipelineStateManager (PipelineStateManager.java:addPipeline(56)) - Created pipeline Pipeline[ Id: 1af7e94c-197c-418a-89da-f0077db75e5f, Nodes: 52cf8ebe-89cc-44af-9917-209b2cc1a86f{ip: 192.168.157.226, host: pr-hdds-1569-swxfz-3172132826, networkLocation: /default-rack, certSerialId: null}, Type:RATIS, Factor:ONE, State:OPEN]
2019-09-19 16:46:48,588 [RatisPipelineUtilsThread] ERROR pipeline.PipelinePlacementPolicy (PipelinePlacementPolicy.java:meetCriteria(91)) - Pipeline Placement: Doesn't meet the criteria to be viable node. Heaviness: 6
2019-09-19 16:46:48,595 [grpc-default-executor-0] INFO  impl.RaftServerProxy (RaftServerProxy.java:addNew(89)) - 52cf8ebe-89cc-44af-9917-209b2cc1a86f: addNew group-729DF76D68BB:[52cf8ebe-89cc-44af-9917-209b2cc1a86f:192.168.157.226:45097] returns group-729DF76D68BB:java.util.concurrent.CompletableFuture@7ad1f1e9[Not completed]
2019-09-19 16:46:48,596 [pool-197-thread-1] INFO  impl.RaftServerImpl (RaftServerImpl.java:<init>(93)) - 52cf8ebe-89cc-44af-9917-209b2cc1a86f: new RaftServerImpl for group-729DF76D68BB:[52cf8ebe-89cc-44af-9917-209b2cc1a86f:192.168.157.226:45097] with ContainerStateMachine:uninitialized
2019-09-19 16:46:48,596 [pool-197-thread-1] INFO  server.RaftServerConfigKeys (ConfUtils.java:logGet(43)) - raft.server.rpc.timeout.min = 5s (custom)
2019-09-19 16:46:48,597 [pool-197-thread-1] INFO  server.RaftServerConfigKeys (ConfUtils.java:logGet(43)) - raft.server.rpc.timeout.max = 5200ms (custom)
2019-09-19 16:46:48,597 [pool-197-thread-1] INFO  server.RaftServerConfigKeys (ConfUtils.java:logGet(43)) - raft.server.rpcslowness.timeout = 120s (custom)
2019-09-19 16:46:48,597 [pool-197-thread-1] INFO  server.RaftServerConfigKeys (ConfUtils.java:logGet(43)) - raft.server.sleep.deviation.threshold = 300 (default)
2019-09-19 16:46:48,597 [pool-197-thread-1] INFO  server.RaftServerConfigKeys (ConfUtils.java:logGet(43)) - raft.server.log.appender.install.snapshot.enabled = false (custom)
2019-09-19 16:46:48,598 [pool-197-thread-1] INFO  impl.RaftServerImpl (ServerState.java:<init>(105)) - 52cf8ebe-89cc-44af-9917-209b2cc1a86f:group-729DF76D68BB ConfigurationManager, init=-1: [52cf8ebe-89cc-44af-9917-209b2cc1a86f:192.168.157.226:45097], old=null, confs=<EMPTY_MAP>
2019-09-19 16:46:48,598 [pool-197-thread-1] INFO  server.RaftServerConfigKeys (ConfUtils.java:logGet(43)) - raft.server.storage.dir = [/workdir/hadoop-ozone/ozonefs/target/test-dir/MiniOzoneClusterImpl-421e31d2-c7a4-426c-8bcc-062c99b824ca/datanode-1/data/ratis] (custom)
2019-09-19 16:46:48,598 [pool-197-thread-1] INFO  storage.RaftStorageDirectory (RaftStorageDirectory.java:analyzeStorage(246)) - The storage directory /workdir/hadoop-ozone/ozonefs/target/test-dir/MiniOzoneClusterImpl-421e31d2-c7a4-426c-8bcc-062c99b824ca/datanode-1/data/ratis/9028357b-0163-4527-9d58-729df76d68bb does not exist. Creating ...
2019-09-19 16:46:48,612 [pool-197-thread-1] INFO  storage.RaftStorageDirectory (RaftStorageDirectory.java:tryLock(328)) - Lock on /workdir/hadoop-ozone/ozonefs/target/test-dir/MiniOzoneClusterImpl-421e31d2-c7a4-426c-8bcc-062c99b824ca/datanode-1/data/ratis/9028357b-0163-4527-9d58-729df76d68bb/in_use.lock acquired by nodename 32682@pr-hdds-1569-swxfz-3172132826
2019-09-19 16:46:48,625 [pool-197-thread-1] INFO  storage.RaftStorage (RaftStorage.java:format(72)) - Storage directory /workdir/hadoop-ozone/ozonefs/target/test-dir/MiniOzoneClusterImpl-421e31d2-c7a4-426c-8bcc-062c99b824ca/datanode-1/data/ratis/9028357b-0163-4527-9d58-729df76d68bb has been successfully formatted.
2019-09-19 16:46:48,625 [pool-197-thread-1] INFO  ratis.ContainerStateMachine (ContainerStateMachine.java:loadSnapshot(226)) - group-729DF76D68BB: The snapshot info is null. Setting the last applied indexto:(t:0, i:~)
2019-09-19 16:46:48,625 [pool-197-thread-1] INFO  server.RaftServerConfigKeys (ConfUtils.java:logGet(43)) - raft.server.leader.election.timeout = 120s (custom)
2019-09-19 16:46:48,625 [pool-197-thread-1] INFO  server.RaftServerConfigKeys (ConfUtils.java:logGet(43)) - raft.server.log.use.memory = false (default)
2019-09-19 16:46:48,626 [pool-197-thread-1] INFO  server.RaftServerConfigKeys (ConfUtils.java:logGet(43)) - raft.server.log.purge.gap = 1000000 (custom)
2019-09-19 16:46:48,626 [pool-197-thread-1] INFO  server.RaftServerConfigKeys (ConfUtils.java:logGet(43)) - raft.server.log.appender.buffer.byte-limit = 33554432 (custom)
2019-09-19 16:46:48,626 [pool-197-thread-1] INFO  server.RaftServerConfigKeys (ConfUtils.java:logGet(43)) - raft.server.log.segment.size.max = 1048576 (custom)
2019-09-19 16:46:48,626 [pool-197-thread-1] INFO  server.RaftServerConfigKeys (ConfUtils.java:logGet(43)) - raft.server.log.segment.cache.num.max = 2 (custom)
2019-09-19 16:46:48,626 [pool-197-thread-1] INFO  segmented.SegmentedRaftLogWorker (SegmentedRaftLogWorker.java:<init>(172)) - new 52cf8ebe-89cc-44af-9917-209b2cc1a86f-SegmentedRaftLogWorker:Storage Directory /workdir/hadoop-ozone/ozonefs/target/test-dir/MiniOzoneClusterImpl-421e31d2-c7a4-426c-8bcc-062c99b824ca/datanode-1/data/ratis/9028357b-0163-4527-9d58-729df76d68bb for RaftStorage:Storage Directory /workdir/hadoop-ozone/ozonefs/target/test-dir/MiniOzoneClusterImpl-421e31d2-c7a4-426c-8bcc-062c99b824ca/datanode-1/data/ratis/9028357b-0163-4527-9d58-729df76d68bb
2019-09-19 16:46:48,626 [pool-197-thread-1] INFO  server.RaftServerConfigKeys (ConfUtils.java:logGet(43)) - raft.server.log.queue.byte-limit = 2147483647 (custom)
2019-09-19 16:46:48,627 [pool-197-thread-1] INFO  server.RaftServerConfigKeys (ConfUtils.java:logGet(43)) - raft.server.log.queue.element-limit = 1024 (custom)
2019-09-19 16:46:48,627 [pool-197-thread-1] INFO  server.RaftServerConfigKeys (ConfUtils.java:logGet(43)) - raft.server.log.segment.size.max = 1048576 (custom)
2019-09-19 16:46:48,627 [pool-197-thread-1] INFO  server.RaftServerConfigKeys (ConfUtils.java:logGet(43)) - raft.server.log.preallocated.size = 16384 (custom)
2019-09-19 16:46:48,627 [pool-197-thread-1] INFO  server.RaftServerConfigKeys (ConfUtils.java:logGet(43)) - raft.server.log.write.buffer.size = 33554432 (custom)
2019-09-19 16:46:48,627 [pool-197-thread-1] INFO  server.RaftServerConfigKeys (ConfUtils.java:logGet(43)) - raft.server.log.force.sync.num = 128 (default)
2019-09-19 16:46:48,627 [pool-197-thread-1] INFO  server.RaftServerConfigKeys (ConfUtils.java:logGet(43)) - raft.server.log.statemachine.data.sync = true (default)
2019-09-19 16:46:48,628 [pool-197-thread-1] INFO  server.RaftServerConfigKeys (ConfUtils.java:logGet(43)) - raft.server.log.statemachine.data.sync.timeout = 10s (default)
2019-09-19 16:46:48,628 [pool-197-thread-1] INFO  server.RaftServerConfigKeys (ConfUtils.java:logGet(43)) - raft.server.log.statemachine.data.sync.timeout.retry = -1 (default)
2019-09-19 16:46:48,628 [pool-197-thread-1] INFO  server.RaftServerConfigKeys (ConfUtils.java:logGet(43)) - raft.server.log.statemachine.data.caching.enabled = true (custom)
2019-09-19 16:46:48,628 [pool-197-thread-1] INFO  segmented.SegmentedRaftLogWorker (SegmentedRaftLogWorker.java:lambda$new$0(132)) - 52cf8ebe-89cc-44af-9917-209b2cc1a86f-SegmentedRaftLogWorker:Storage Directory /workdir/hadoop-ozone/ozonefs/target/test-dir/MiniOzoneClusterImpl-421e31d2-c7a4-426c-8bcc-062c99b824ca/datanode-1/data/ratis/9028357b-0163-4527-9d58-729df76d68bb: flushIndex: setUnconditionally 0 -> -1
2019-09-19 16:46:48,629 [pool-197-thread-1] INFO  server.RaftServerConfigKeys (ConfUtils.java:logGet(43)) - raft.server.snapshot.auto.trigger.enabled = true (custom)
2019-09-19 16:46:48,629 [pool-197-thread-1] INFO  server.RaftServerConfigKeys (ConfUtils.java:logGet(43)) - raft.server.snapshot.auto.trigger.threshold = 10000 (custom)
2019-09-19 16:46:48,629 [pool-197-thread-1] INFO  server.RaftServerConfigKeys (ConfUtils.java:logGet(43)) - raft.server.retrycache.expirytime = 600000ms (custom)
2019-09-19 16:46:48,629 [pool-197-thread-1] INFO  impl.RaftServerImpl (RaftServerImpl.java:start(180)) - 52cf8ebe-89cc-44af-9917-209b2cc1a86f: start group-729DF76D68BB
2019-09-19 16:46:48,629 [pool-197-thread-1] INFO  impl.RaftServerImpl (RaftServerImpl.java:setRole(171)) - 52cf8ebe-89cc-44af-9917-209b2cc1a86f:group-729DF76D68BB changes role from null to FOLLOWER at term 0 for startAsFollower
2019-09-19 16:46:48,629 [pool-197-thread-1] INFO  impl.RoleInfo (RoleInfo.java:updateAndGet(143)) - 52cf8ebe-89cc-44af-9917-209b2cc1a86f: start FollowerState
2019-09-19 16:46:48,630 [pool-197-thread-1] INFO  util.JmxRegister (JmxRegister.java:tryRegister(44)) - Successfully registered JMX Bean with object name Ratis:service=RaftServer,group=group-729DF76D68BB,id=52cf8ebe-89cc-44af-9917-209b2cc1a86f
2019-09-19 16:46:48,634 [RatisPipelineUtilsThread] INFO  pipeline.PipelineStateManager (PipelineStateManager.java:addPipeline(56)) - Created pipeline Pipeline[ Id: 9028357b-0163-4527-9d58-729df76d68bb, Nodes: 52cf8ebe-89cc-44af-9917-209b2cc1a86f{ip: 192.168.157.226, host: pr-hdds-1569-swxfz-3172132826, networkLocation: /default-rack, certSerialId: null}, Type:RATIS, Factor:ONE, State:OPEN]
2019-09-19 16:46:48,634 [RatisPipelineUtilsThread] ERROR pipeline.PipelinePlacementPolicy (PipelinePlacementPolicy.java:meetCriteria(91)) - Pipeline Placement: Doesn't meet the criteria to be viable node. Heaviness: 6
2019-09-19 16:46:48,640 [grpc-default-executor-0] INFO  impl.RaftServerProxy (RaftServerProxy.java:addNew(89)) - 52cf8ebe-89cc-44af-9917-209b2cc1a86f: addNew group-128A6F74A432:[52cf8ebe-89cc-44af-9917-209b2cc1a86f:192.168.157.226:45097] returns group-128A6F74A432:java.util.concurrent.CompletableFuture@25026077[Not completed]
2019-09-19 16:46:48,641 [pool-197-thread-1] INFO  impl.RaftServerImpl (RaftServerImpl.java:<init>(93)) - 52cf8ebe-89cc-44af-9917-209b2cc1a86f: new RaftServerImpl for group-128A6F74A432:[52cf8ebe-89cc-44af-9917-209b2cc1a86f:192.168.157.226:45097] with ContainerStateMachine:uninitialized
2019-09-19 16:46:48,642 [pool-197-thread-1] INFO  server.RaftServerConfigKeys (ConfUtils.java:logGet(43)) - raft.server.rpc.timeout.min = 5s (custom)
2019-09-19 16:46:48,642 [pool-197-thread-1] INFO  server.RaftServerConfigKeys (ConfUtils.java:logGet(43)) - raft.server.rpc.timeout.max = 5200ms (custom)
2019-09-19 16:46:48,642 [pool-197-thread-1] INFO  server.RaftServerConfigKeys (ConfUtils.java:logGet(43)) - raft.server.rpcslowness.timeout = 120s (custom)
2019-09-19 16:46:48,642 [pool-197-thread-1] INFO  server.RaftServerConfigKeys (ConfUtils.java:logGet(43)) - raft.server.sleep.deviation.threshold = 300 (default)
2019-09-19 16:46:48,642 [pool-197-thread-1] INFO  server.RaftServerConfigKeys (ConfUtils.java:logGet(43)) - raft.server.log.appender.install.snapshot.enabled = false (custom)
2019-09-19 16:46:48,642 [pool-197-thread-1] INFO  impl.RaftServerImpl (ServerState.java:<init>(105)) - 52cf8ebe-89cc-44af-9917-209b2cc1a86f:group-128A6F74A432 ConfigurationManager, init=-1: [52cf8ebe-89cc-44af-9917-209b2cc1a86f:192.168.157.226:45097], old=null, confs=<EMPTY_MAP>
2019-09-19 16:46:48,643 [pool-197-thread-1] INFO  server.RaftServerConfigKeys (ConfUtils.java:logGet(43)) - raft.server.storage.dir = [/workdir/hadoop-ozone/ozonefs/target/test-dir/MiniOzoneClusterImpl-421e31d2-c7a4-426c-8bcc-062c99b824ca/datanode-1/data/ratis] (custom)
2019-09-19 16:46:48,643 [pool-197-thread-1] INFO  storage.RaftStorageDirectory (RaftStorageDirectory.java:analyzeStorage(246)) - The storage directory /workdir/hadoop-ozone/ozonefs/target/test-dir/MiniOzoneClusterImpl-421e31d2-c7a4-426c-8bcc-062c99b824ca/datanode-1/data/ratis/198ad971-953e-4a3d-a196-128a6f74a432 does not exist. Creating ...
2019-09-19 16:46:48,655 [pool-197-thread-1] INFO  storage.RaftStorageDirectory (RaftStorageDirectory.java:tryLock(328)) - Lock on /workdir/hadoop-ozone/ozonefs/target/test-dir/MiniOzoneClusterImpl-421e31d2-c7a4-426c-8bcc-062c99b824ca/datanode-1/data/ratis/198ad971-953e-4a3d-a196-128a6f74a432/in_use.lock acquired by nodename 32682@pr-hdds-1569-swxfz-3172132826
2019-09-19 16:46:48,669 [pool-197-thread-1] INFO  storage.RaftStorage (RaftStorage.java:format(72)) - Storage directory /workdir/hadoop-ozone/ozonefs/target/test-dir/MiniOzoneClusterImpl-421e31d2-c7a4-426c-8bcc-062c99b824ca/datanode-1/data/ratis/198ad971-953e-4a3d-a196-128a6f74a432 has been successfully formatted.
2019-09-19 16:46:48,669 [pool-197-thread-1] INFO  ratis.ContainerStateMachine (ContainerStateMachine.java:loadSnapshot(226)) - group-128A6F74A432: The snapshot info is null. Setting the last applied indexto:(t:0, i:~)
2019-09-19 16:46:48,669 [pool-197-thread-1] INFO  server.RaftServerConfigKeys (ConfUtils.java:logGet(43)) - raft.server.leader.election.timeout = 120s (custom)
2019-09-19 16:46:48,669 [pool-197-thread-1] INFO  server.RaftServerConfigKeys (ConfUtils.java:logGet(43)) - raft.server.log.use.memory = false (default)
2019-09-19 16:46:48,669 [pool-197-thread-1] INFO  server.RaftServerConfigKeys (ConfUtils.java:logGet(43)) - raft.server.log.purge.gap = 1000000 (custom)
2019-09-19 16:46:48,670 [pool-197-thread-1] INFO  server.RaftServerConfigKeys (ConfUtils.java:logGet(43)) - raft.server.log.appender.buffer.byte-limit = 33554432 (custom)
2019-09-19 16:46:48,670 [pool-197-thread-1] INFO  server.RaftServerConfigKeys (ConfUtils.java:logGet(43)) - raft.server.log.segment.size.max = 1048576 (custom)
2019-09-19 16:46:48,670 [pool-197-thread-1] INFO  server.RaftServerConfigKeys (ConfUtils.java:logGet(43)) - raft.server.log.segment.cache.num.max = 2 (custom)
2019-09-19 16:46:48,670 [pool-197-thread-1] INFO  segmented.SegmentedRaftLogWorker (SegmentedRaftLogWorker.java:<init>(172)) - new 52cf8ebe-89cc-44af-9917-209b2cc1a86f-SegmentedRaftLogWorker:Storage Directory /workdir/hadoop-ozone/ozonefs/target/test-dir/MiniOzoneClusterImpl-421e31d2-c7a4-426c-8bcc-062c99b824ca/datanode-1/data/ratis/198ad971-953e-4a3d-a196-128a6f74a432 for RaftStorage:Storage Directory /workdir/hadoop-ozone/ozonefs/target/test-dir/MiniOzoneClusterImpl-421e31d2-c7a4-426c-8bcc-062c99b824ca/datanode-1/data/ratis/198ad971-953e-4a3d-a196-128a6f74a432
2019-09-19 16:46:48,670 [pool-197-thread-1] INFO  server.RaftServerConfigKeys (ConfUtils.java:logGet(43)) - raft.server.log.queue.byte-limit = 2147483647 (custom)
2019-09-19 16:46:48,670 [pool-197-thread-1] INFO  server.RaftServerConfigKeys (ConfUtils.java:logGet(43)) - raft.server.log.queue.element-limit = 1024 (custom)
2019-09-19 16:46:48,671 [pool-197-thread-1] INFO  server.RaftServerConfigKeys (ConfUtils.java:logGet(43)) - raft.server.log.segment.size.max = 1048576 (custom)
2019-09-19 16:46:48,671 [pool-197-thread-1] INFO  server.RaftServerConfigKeys (ConfUtils.java:logGet(43)) - raft.server.log.preallocated.size = 16384 (custom)
2019-09-19 16:46:48,671 [pool-197-thread-1] INFO  server.RaftServerConfigKeys (ConfUtils.java:logGet(43)) - raft.server.log.write.buffer.size = 33554432 (custom)
2019-09-19 16:46:48,671 [pool-197-thread-1] INFO  server.RaftServerConfigKeys (ConfUtils.java:logGet(43)) - raft.server.log.force.sync.num = 128 (default)
2019-09-19 16:46:48,671 [pool-197-thread-1] INFO  server.RaftServerConfigKeys (ConfUtils.java:logGet(43)) - raft.server.log.statemachine.data.sync = true (default)
2019-09-19 16:46:48,671 [pool-197-thread-1] INFO  server.RaftServerConfigKeys (ConfUtils.java:logGet(43)) - raft.server.log.statemachine.data.sync.timeout = 10s (default)
2019-09-19 16:46:48,672 [pool-197-thread-1] INFO  server.RaftServerConfigKeys (ConfUtils.java:logGet(43)) - raft.server.log.statemachine.data.sync.timeout.retry = -1 (default)
2019-09-19 16:46:48,672 [pool-197-thread-1] INFO  server.RaftServerConfigKeys (ConfUtils.java:logGet(43)) - raft.server.log.statemachine.data.caching.enabled = true (custom)
2019-09-19 16:46:48,672 [pool-197-thread-1] INFO  segmented.SegmentedRaftLogWorker (SegmentedRaftLogWorker.java:lambda$new$0(132)) - 52cf8ebe-89cc-44af-9917-209b2cc1a86f-SegmentedRaftLogWorker:Storage Directory /workdir/hadoop-ozone/ozonefs/target/test-dir/MiniOzoneClusterImpl-421e31d2-c7a4-426c-8bcc-062c99b824ca/datanode-1/data/ratis/198ad971-953e-4a3d-a196-128a6f74a432: flushIndex: setUnconditionally 0 -> -1
2019-09-19 16:46:48,673 [pool-197-thread-1] INFO  server.RaftServerConfigKeys (ConfUtils.java:logGet(43)) - raft.server.snapshot.auto.trigger.enabled = true (custom)
2019-09-19 16:46:48,673 [pool-197-thread-1] INFO  server.RaftServerConfigKeys (ConfUtils.java:logGet(43)) - raft.server.snapshot.auto.trigger.threshold = 10000 (custom)
2019-09-19 16:46:48,673 [pool-197-thread-1] INFO  server.RaftServerConfigKeys (ConfUtils.java:logGet(43)) - raft.server.retrycache.expirytime = 600000ms (custom)
2019-09-19 16:46:48,673 [pool-197-thread-1] INFO  impl.RaftServerImpl (RaftServerImpl.java:start(180)) - 52cf8ebe-89cc-44af-9917-209b2cc1a86f: start group-128A6F74A432
2019-09-19 16:46:48,673 [pool-197-thread-1] INFO  impl.RaftServerImpl (RaftServerImpl.java:setRole(171)) - 52cf8ebe-89cc-44af-9917-209b2cc1a86f:group-128A6F74A432 changes role from null to FOLLOWER at term 0 for startAsFollower
2019-09-19 16:46:48,674 [pool-197-thread-1] INFO  impl.RoleInfo (RoleInfo.java:updateAndGet(143)) - 52cf8ebe-89cc-44af-9917-209b2cc1a86f: start FollowerState
2019-09-19 16:46:48,674 [pool-197-thread-1] INFO  util.JmxRegister (JmxRegister.java:tryRegister(44)) - Successfully registered JMX Bean with object name Ratis:service=RaftServer,group=group-128A6F74A432,id=52cf8ebe-89cc-44af-9917-209b2cc1a86f
2019-09-19 16:46:48,677 [RatisPipelineUtilsThread] INFO  pipeline.PipelineStateManager (PipelineStateManager.java:addPipeline(56)) - Created pipeline Pipeline[ Id: 198ad971-953e-4a3d-a196-128a6f74a432, Nodes: 52cf8ebe-89cc-44af-9917-209b2cc1a86f{ip: 192.168.157.226, host: pr-hdds-1569-swxfz-3172132826, networkLocation: /default-rack, certSerialId: null}, Type:RATIS, Factor:ONE, State:OPEN]
2019-09-19 16:46:48,677 [RatisPipelineUtilsThread] ERROR pipeline.PipelinePlacementPolicy (PipelinePlacementPolicy.java:meetCriteria(91)) - Pipeline Placement: Doesn't meet the criteria to be viable node. Heaviness: 6
2019-09-19 16:46:48,682 [grpc-default-executor-0] INFO  impl.RaftServerProxy (RaftServerProxy.java:addNew(89)) - 52cf8ebe-89cc-44af-9917-209b2cc1a86f: addNew group-97780C9A75DF:[52cf8ebe-89cc-44af-9917-209b2cc1a86f:192.168.157.226:45097] returns group-97780C9A75DF:java.util.concurrent.CompletableFuture@338bd977[Not completed]
2019-09-19 16:46:48,684 [pool-197-thread-1] INFO  impl.RaftServerImpl (RaftServerImpl.java:<init>(93)) - 52cf8ebe-89cc-44af-9917-209b2cc1a86f: new RaftServerImpl for group-97780C9A75DF:[52cf8ebe-89cc-44af-9917-209b2cc1a86f:192.168.157.226:45097] with ContainerStateMachine:uninitialized
2019-09-19 16:46:48,684 [pool-197-thread-1] INFO  server.RaftServerConfigKeys (ConfUtils.java:logGet(43)) - raft.server.rpc.timeout.min = 5s (custom)
2019-09-19 16:46:48,684 [pool-197-thread-1] INFO  server.RaftServerConfigKeys (ConfUtils.java:logGet(43)) - raft.server.rpc.timeout.max = 5200ms (custom)
2019-09-19 16:46:48,684 [pool-197-thread-1] INFO  server.RaftServerConfigKeys (ConfUtils.java:logGet(43)) - raft.server.rpcslowness.timeout = 120s (custom)
2019-09-19 16:46:48,684 [pool-197-thread-1] INFO  server.RaftServerConfigKeys (ConfUtils.java:logGet(43)) - raft.server.sleep.deviation.threshold = 300 (default)
2019-09-19 16:46:48,685 [pool-197-thread-1] INFO  server.RaftServerConfigKeys (ConfUtils.java:logGet(43)) - raft.server.log.appender.install.snapshot.enabled = false (custom)
2019-09-19 16:46:48,685 [pool-197-thread-1] INFO  impl.RaftServerImpl (ServerState.java:<init>(105)) - 52cf8ebe-89cc-44af-9917-209b2cc1a86f:group-97780C9A75DF ConfigurationManager, init=-1: [52cf8ebe-89cc-44af-9917-209b2cc1a86f:192.168.157.226:45097], old=null, confs=<EMPTY_MAP>
2019-09-19 16:46:48,685 [pool-197-thread-1] INFO  server.RaftServerConfigKeys (ConfUtils.java:logGet(43)) - raft.server.storage.dir = [/workdir/hadoop-ozone/ozonefs/target/test-dir/MiniOzoneClusterImpl-421e31d2-c7a4-426c-8bcc-062c99b824ca/datanode-1/data/ratis] (custom)
2019-09-19 16:46:48,685 [pool-197-thread-1] INFO  storage.RaftStorageDirectory (RaftStorageDirectory.java:analyzeStorage(246)) - The storage directory /workdir/hadoop-ozone/ozonefs/target/test-dir/MiniOzoneClusterImpl-421e31d2-c7a4-426c-8bcc-062c99b824ca/datanode-1/data/ratis/9e09465b-ad0a-4121-9ca8-97780c9a75df does not exist. Creating ...
2019-09-19 16:46:48,698 [pool-197-thread-1] INFO  storage.RaftStorageDirectory (RaftStorageDirectory.java:tryLock(328)) - Lock on /workdir/hadoop-ozone/ozonefs/target/test-dir/MiniOzoneClusterImpl-421e31d2-c7a4-426c-8bcc-062c99b824ca/datanode-1/data/ratis/9e09465b-ad0a-4121-9ca8-97780c9a75df/in_use.lock acquired by nodename 32682@pr-hdds-1569-swxfz-3172132826
2019-09-19 16:46:48,711 [pool-197-thread-1] INFO  storage.RaftStorage (RaftStorage.java:format(72)) - Storage directory /workdir/hadoop-ozone/ozonefs/target/test-dir/MiniOzoneClusterImpl-421e31d2-c7a4-426c-8bcc-062c99b824ca/datanode-1/data/ratis/9e09465b-ad0a-4121-9ca8-97780c9a75df has been successfully formatted.
2019-09-19 16:46:48,711 [pool-197-thread-1] INFO  ratis.ContainerStateMachine (ContainerStateMachine.java:loadSnapshot(226)) - group-97780C9A75DF: The snapshot info is null. Setting the last applied indexto:(t:0, i:~)
2019-09-19 16:46:48,711 [pool-197-thread-1] INFO  server.RaftServerConfigKeys (ConfUtils.java:logGet(43)) - raft.server.leader.election.timeout = 120s (custom)
2019-09-19 16:46:48,711 [pool-197-thread-1] INFO  server.RaftServerConfigKeys (ConfUtils.java:logGet(43)) - raft.server.log.use.memory = false (default)
2019-09-19 16:46:48,712 [pool-197-thread-1] INFO  server.RaftServerConfigKeys (ConfUtils.java:logGet(43)) - raft.server.log.purge.gap = 1000000 (custom)
2019-09-19 16:46:48,712 [pool-197-thread-1] INFO  server.RaftServerConfigKeys (ConfUtils.java:logGet(43)) - raft.server.log.appender.buffer.byte-limit = 33554432 (custom)
2019-09-19 16:46:48,712 [pool-197-thread-1] INFO  server.RaftServerConfigKeys (ConfUtils.java:logGet(43)) - raft.server.log.segment.size.max = 1048576 (custom)
2019-09-19 16:46:48,712 [pool-197-thread-1] INFO  server.RaftServerConfigKeys (ConfUtils.java:logGet(43)) - raft.server.log.segment.cache.num.max = 2 (custom)
2019-09-19 16:46:48,712 [pool-197-thread-1] INFO  segmented.SegmentedRaftLogWorker (SegmentedRaftLogWorker.java:<init>(172)) - new 52cf8ebe-89cc-44af-9917-209b2cc1a86f-SegmentedRaftLogWorker:Storage Directory /workdir/hadoop-ozone/ozonefs/target/test-dir/MiniOzoneClusterImpl-421e31d2-c7a4-426c-8bcc-062c99b824ca/datanode-1/data/ratis/9e09465b-ad0a-4121-9ca8-97780c9a75df for RaftStorage:Storage Directory /workdir/hadoop-ozone/ozonefs/target/test-dir/MiniOzoneClusterImpl-421e31d2-c7a4-426c-8bcc-062c99b824ca/datanode-1/data/ratis/9e09465b-ad0a-4121-9ca8-97780c9a75df
2019-09-19 16:46:48,712 [pool-197-thread-1] INFO  server.RaftServerConfigKeys (ConfUtils.java:logGet(43)) - raft.server.log.queue.byte-limit = 2147483647 (custom)
2019-09-19 16:46:48,713 [pool-197-thread-1] INFO  server.RaftServerConfigKeys (ConfUtils.java:logGet(43)) - raft.server.log.queue.element-limit = 1024 (custom)
2019-09-19 16:46:48,713 [pool-197-thread-1] INFO  server.RaftServerConfigKeys (ConfUtils.java:logGet(43)) - raft.server.log.segment.size.max = 1048576 (custom)
2019-09-19 16:46:48,713 [pool-197-thread-1] INFO  server.RaftServerConfigKeys (ConfUtils.java:logGet(43)) - raft.server.log.preallocated.size = 16384 (custom)
2019-09-19 16:46:48,713 [pool-197-thread-1] INFO  server.RaftServerConfigKeys (ConfUtils.java:logGet(43)) - raft.server.log.write.buffer.size = 33554432 (custom)
2019-09-19 16:46:48,713 [pool-197-thread-1] INFO  server.RaftServerConfigKeys (ConfUtils.java:logGet(43)) - raft.server.log.force.sync.num = 128 (default)
2019-09-19 16:46:48,713 [pool-197-thread-1] INFO  server.RaftServerConfigKeys (ConfUtils.java:logGet(43)) - raft.server.log.statemachine.data.sync = true (default)
2019-09-19 16:46:48,714 [pool-197-thread-1] INFO  server.RaftServerConfigKeys (ConfUtils.java:logGet(43)) - raft.server.log.statemachine.data.sync.timeout = 10s (default)
2019-09-19 16:46:48,714 [pool-197-thread-1] INFO  server.RaftServerConfigKeys (ConfUtils.java:logGet(43)) - raft.server.log.statemachine.data.sync.timeout.retry = -1 (default)
2019-09-19 16:46:48,714 [pool-197-thread-1] INFO  server.RaftServerConfigKeys (ConfUtils.java:logGet(43)) - raft.server.log.statemachine.data.caching.enabled = true (custom)
2019-09-19 16:46:48,714 [pool-197-thread-1] INFO  segmented.SegmentedRaftLogWorker (SegmentedRaftLogWorker.java:lambda$new$0(132)) - 52cf8ebe-89cc-44af-9917-209b2cc1a86f-SegmentedRaftLogWorker:Storage Directory /workdir/hadoop-ozone/ozonefs/target/test-dir/MiniOzoneClusterImpl-421e31d2-c7a4-426c-8bcc-062c99b824ca/datanode-1/data/ratis/9e09465b-ad0a-4121-9ca8-97780c9a75df: flushIndex: setUnconditionally 0 -> -1
2019-09-19 16:46:48,715 [pool-197-thread-1] INFO  server.RaftServerConfigKeys (ConfUtils.java:logGet(43)) - raft.server.snapshot.auto.trigger.enabled = true (custom)
2019-09-19 16:46:48,715 [pool-197-thread-1] INFO  server.RaftServerConfigKeys (ConfUtils.java:logGet(43)) - raft.server.snapshot.auto.trigger.threshold = 10000 (custom)
2019-09-19 16:46:48,715 [pool-197-thread-1] INFO  server.RaftServerConfigKeys (ConfUtils.java:logGet(43)) - raft.server.retrycache.expirytime = 600000ms (custom)
2019-09-19 16:46:48,715 [pool-197-thread-1] INFO  impl.RaftServerImpl (RaftServerImpl.java:start(180)) - 52cf8ebe-89cc-44af-9917-209b2cc1a86f: start group-97780C9A75DF
2019-09-19 16:46:48,715 [pool-197-thread-1] INFO  impl.RaftServerImpl (RaftServerImpl.java:setRole(171)) - 52cf8ebe-89cc-44af-9917-209b2cc1a86f:group-97780C9A75DF changes role from null to FOLLOWER at term 0 for startAsFollower
2019-09-19 16:46:48,716 [pool-197-thread-1] INFO  impl.RoleInfo (RoleInfo.java:updateAndGet(143)) - 52cf8ebe-89cc-44af-9917-209b2cc1a86f: start FollowerState
2019-09-19 16:46:48,716 [pool-197-thread-1] INFO  util.JmxRegister (JmxRegister.java:tryRegister(44)) - Successfully registered JMX Bean with object name Ratis:service=RaftServer,group=group-97780C9A75DF,id=52cf8ebe-89cc-44af-9917-209b2cc1a86f
2019-09-19 16:46:48,719 [RatisPipelineUtilsThread] INFO  pipeline.PipelineStateManager (PipelineStateManager.java:addPipeline(56)) - Created pipeline Pipeline[ Id: 9e09465b-ad0a-4121-9ca8-97780c9a75df, Nodes: 52cf8ebe-89cc-44af-9917-209b2cc1a86f{ip: 192.168.157.226, host: pr-hdds-1569-swxfz-3172132826, networkLocation: /default-rack, certSerialId: null}, Type:RATIS, Factor:ONE, State:OPEN]
2019-09-19 16:46:48,719 [RatisPipelineUtilsThread] ERROR pipeline.PipelinePlacementPolicy (PipelinePlacementPolicy.java:meetCriteria(91)) - Pipeline Placement: Doesn't meet the criteria to be viable node. Heaviness: 6
2019-09-19 16:46:48,719 [RatisPipelineUtilsThread] ERROR pipeline.PipelinePlacementPolicy (PipelinePlacementPolicy.java:meetCriteria(91)) - Pipeline Placement: Doesn't meet the criteria to be viable node. Heaviness: 6
2019-09-19 16:46:48,719 [RatisPipelineUtilsThread] ERROR pipeline.PipelinePlacementPolicy (PipelinePlacementPolicy.java:filterViableNodes(146)) - Unable to find enough nodes that meet the criteria that cannot engage in more than 5 pipelines. Nodes required: 1 Found: 0, healthy nodes count inNodeManager: 2.
2019-09-19 16:46:48,720 [RatisPipelineUtilsThread] ERROR pipeline.SCMPipelineManager (SCMPipelineManager.java:createPipeline(161)) - Pipeline creation failed due to exception: Unable to find enough nodes that meet the criteria that cannot engage in more than 5 pipelines. Nodes required: 1 Found: 0, healthy nodes count inNodeManager: 2.
2019-09-19 16:46:48,720 [RatisPipelineUtilsThread] ERROR pipeline.PipelinePlacementPolicy (PipelinePlacementPolicy.java:filterViableNodes(129)) - Not enough healthy nodes to allocate pipeline. 3  datanodes required. Found 2
2019-09-19 16:46:48,720 [RatisPipelineUtilsThread] ERROR pipeline.SCMPipelineManager (SCMPipelineManager.java:createPipeline(161)) - Pipeline creation failed due to exception: Not enough healthy nodes to allocate pipeline. 3  datanodes required. Found 2
2019-09-19 16:46:48,720 [RatisPipelineUtilsThread] ERROR pipeline.PipelinePlacementPolicy (PipelinePlacementPolicy.java:meetCriteria(91)) - Pipeline Placement: Doesn't meet the criteria to be viable node. Heaviness: 6
2019-09-19 16:46:48,720 [RatisPipelineUtilsThread] ERROR pipeline.PipelinePlacementPolicy (PipelinePlacementPolicy.java:meetCriteria(91)) - Pipeline Placement: Doesn't meet the criteria to be viable node. Heaviness: 6
2019-09-19 16:46:48,721 [RatisPipelineUtilsThread] ERROR pipeline.PipelinePlacementPolicy (PipelinePlacementPolicy.java:filterViableNodes(146)) - Unable to find enough nodes that meet the criteria that cannot engage in more than 5 pipelines. Nodes required: 1 Found: 0, healthy nodes count inNodeManager: 2.
2019-09-19 16:46:48,721 [RatisPipelineUtilsThread] ERROR pipeline.SCMPipelineManager (SCMPipelineManager.java:createPipeline(161)) - Pipeline creation failed due to exception: Unable to find enough nodes that meet the criteria that cannot engage in more than 5 pipelines. Nodes required: 1 Found: 0, healthy nodes count inNodeManager: 2.
2019-09-19 16:46:48,721 [RatisPipelineUtilsThread] ERROR pipeline.PipelinePlacementPolicy (PipelinePlacementPolicy.java:filterViableNodes(129)) - Not enough healthy nodes to allocate pipeline. 3  datanodes required. Found 2
2019-09-19 16:46:48,721 [RatisPipelineUtilsThread] ERROR pipeline.SCMPipelineManager (SCMPipelineManager.java:createPipeline(161)) - Pipeline creation failed due to exception: Not enough healthy nodes to allocate pipeline. 3  datanodes required. Found 2
2019-09-19 16:46:48,728 [Thread-796] INFO  ozone.MiniOzoneClusterImpl (MiniOzoneClusterImpl.java:lambda$waitForClusterToBeReady$0(142)) - Waiting for cluster to be ready. Got 2 of 3 DN Heartbeats.
2019-09-19 16:46:48,730 [IPC Server handler 1 on 41375] INFO  net.NetworkTopology (NetworkTopologyImpl.java:add(110)) - Added a new node: /default-rack/7d52edcb-3f9e-4ee4-a19c-9fe49afe3f0d
2019-09-19 16:46:48,730 [RatisPipelineUtilsThread] ERROR pipeline.PipelinePlacementPolicy (PipelinePlacementPolicy.java:meetCriteria(91)) - Pipeline Placement: Doesn't meet the criteria to be viable node. Heaviness: 6
2019-09-19 16:46:48,730 [RatisPipelineUtilsThread] ERROR pipeline.PipelinePlacementPolicy (PipelinePlacementPolicy.java:meetCriteria(91)) - Pipeline Placement: Doesn't meet the criteria to be viable node. Heaviness: 6
2019-09-19 16:46:48,730 [IPC Server handler 1 on 41375] INFO  node.SCMNodeManager (SCMNodeManager.java:register(273)) - Registered Data node : 7d52edcb-3f9e-4ee4-a19c-9fe49afe3f0d{ip: 192.168.157.226, host: pr-hdds-1569-swxfz-3172132826, networkLocation: /default-rack, certSerialId: null}
2019-09-19 16:46:48,730 | INFO  | SCMAudit | user=jenkins1000 | ip=192.168.157.226 | op=REGISTER {datanodeDetails=7d52edcb-3f9e-4ee4-a19c-9fe49afe3f0d{ip: 192.168.157.226, host: pr-hdds-1569-swxfz-3172132826, networkLocation: /default-rack, certSerialId: null}} | ret=SUCCESS |  
2019-09-19 16:46:48,738 [grpc-default-executor-0] INFO  impl.RaftServerProxy (RaftServerProxy.java:addNew(89)) - 7d52edcb-3f9e-4ee4-a19c-9fe49afe3f0d: addNew group-E53771C97071:[7d52edcb-3f9e-4ee4-a19c-9fe49afe3f0d:192.168.157.226:35489] returns group-E53771C97071:java.util.concurrent.CompletableFuture@6608f254[Not completed]
2019-09-19 16:46:48,739 [pool-208-thread-1] INFO  impl.RaftServerImpl (RaftServerImpl.java:<init>(93)) - 7d52edcb-3f9e-4ee4-a19c-9fe49afe3f0d: new RaftServerImpl for group-E53771C97071:[7d52edcb-3f9e-4ee4-a19c-9fe49afe3f0d:192.168.157.226:35489] with ContainerStateMachine:uninitialized
2019-09-19 16:46:48,739 [pool-208-thread-1] INFO  server.RaftServerConfigKeys (ConfUtils.java:logGet(43)) - raft.server.rpc.timeout.min = 5s (custom)
2019-09-19 16:46:48,739 [pool-208-thread-1] INFO  server.RaftServerConfigKeys (ConfUtils.java:logGet(43)) - raft.server.rpc.timeout.max = 5200ms (custom)
2019-09-19 16:46:48,740 [pool-208-thread-1] INFO  server.RaftServerConfigKeys (ConfUtils.java:logGet(43)) - raft.server.rpcslowness.timeout = 120s (custom)
2019-09-19 16:46:48,740 [pool-208-thread-1] INFO  server.RaftServerConfigKeys (ConfUtils.java:logGet(43)) - raft.server.sleep.deviation.threshold = 300 (default)
2019-09-19 16:46:48,740 [pool-208-thread-1] INFO  server.RaftServerConfigKeys (ConfUtils.java:logGet(43)) - raft.server.log.appender.install.snapshot.enabled = false (custom)
2019-09-19 16:46:48,740 [pool-208-thread-1] INFO  impl.RaftServerImpl (ServerState.java:<init>(105)) - 7d52edcb-3f9e-4ee4-a19c-9fe49afe3f0d:group-E53771C97071 ConfigurationManager, init=-1: [7d52edcb-3f9e-4ee4-a19c-9fe49afe3f0d:192.168.157.226:35489], old=null, confs=<EMPTY_MAP>
2019-09-19 16:46:48,740 [pool-208-thread-1] INFO  server.RaftServerConfigKeys (ConfUtils.java:logGet(43)) - raft.server.storage.dir = [/workdir/hadoop-ozone/ozonefs/target/test-dir/MiniOzoneClusterImpl-421e31d2-c7a4-426c-8bcc-062c99b824ca/datanode-2/data/ratis] (custom)
2019-09-19 16:46:48,741 [pool-208-thread-1] INFO  storage.RaftStorageDirectory (RaftStorageDirectory.java:analyzeStorage(246)) - The storage directory /workdir/hadoop-ozone/ozonefs/target/test-dir/MiniOzoneClusterImpl-421e31d2-c7a4-426c-8bcc-062c99b824ca/datanode-2/data/ratis/fab03fc6-e0c2-48aa-b4d7-e53771c97071 does not exist. Creating ...
2019-09-19 16:46:48,753 [pool-208-thread-1] INFO  storage.RaftStorageDirectory (RaftStorageDirectory.java:tryLock(328)) - Lock on /workdir/hadoop-ozone/ozonefs/target/test-dir/MiniOzoneClusterImpl-421e31d2-c7a4-426c-8bcc-062c99b824ca/datanode-2/data/ratis/fab03fc6-e0c2-48aa-b4d7-e53771c97071/in_use.lock acquired by nodename 32682@pr-hdds-1569-swxfz-3172132826
2019-09-19 16:46:48,779 [pool-208-thread-1] INFO  storage.RaftStorage (RaftStorage.java:format(72)) - Storage directory /workdir/hadoop-ozone/ozonefs/target/test-dir/MiniOzoneClusterImpl-421e31d2-c7a4-426c-8bcc-062c99b824ca/datanode-2/data/ratis/fab03fc6-e0c2-48aa-b4d7-e53771c97071 has been successfully formatted.
2019-09-19 16:46:48,779 [pool-208-thread-1] INFO  ratis.ContainerStateMachine (ContainerStateMachine.java:loadSnapshot(226)) - group-E53771C97071: The snapshot info is null. Setting the last applied indexto:(t:0, i:~)
2019-09-19 16:46:48,780 [pool-208-thread-1] INFO  server.RaftServerConfigKeys (ConfUtils.java:logGet(43)) - raft.server.leader.election.timeout = 120s (custom)
2019-09-19 16:46:48,780 [pool-208-thread-1] INFO  server.RaftServerConfigKeys (ConfUtils.java:logGet(43)) - raft.server.log.use.memory = false (default)
2019-09-19 16:46:48,780 [pool-208-thread-1] INFO  server.RaftServerConfigKeys (ConfUtils.java:logGet(43)) - raft.server.log.purge.gap = 1000000 (custom)
2019-09-19 16:46:48,780 [pool-208-thread-1] INFO  server.RaftServerConfigKeys (ConfUtils.java:logGet(43)) - raft.server.log.appender.buffer.byte-limit = 33554432 (custom)
2019-09-19 16:46:48,780 [pool-208-thread-1] INFO  server.RaftServerConfigKeys (ConfUtils.java:logGet(43)) - raft.server.log.segment.size.max = 1048576 (custom)
2019-09-19 16:46:48,780 [pool-208-thread-1] INFO  server.RaftServerConfigKeys (ConfUtils.java:logGet(43)) - raft.server.log.segment.cache.num.max = 2 (custom)
2019-09-19 16:46:48,781 [pool-208-thread-1] INFO  segmented.SegmentedRaftLogWorker (SegmentedRaftLogWorker.java:<init>(172)) - new 7d52edcb-3f9e-4ee4-a19c-9fe49afe3f0d-SegmentedRaftLogWorker:Storage Directory /workdir/hadoop-ozone/ozonefs/target/test-dir/MiniOzoneClusterImpl-421e31d2-c7a4-426c-8bcc-062c99b824ca/datanode-2/data/ratis/fab03fc6-e0c2-48aa-b4d7-e53771c97071 for RaftStorage:Storage Directory /workdir/hadoop-ozone/ozonefs/target/test-dir/MiniOzoneClusterImpl-421e31d2-c7a4-426c-8bcc-062c99b824ca/datanode-2/data/ratis/fab03fc6-e0c2-48aa-b4d7-e53771c97071
2019-09-19 16:46:48,781 [pool-208-thread-1] INFO  server.RaftServerConfigKeys (ConfUtils.java:logGet(43)) - raft.server.log.queue.byte-limit = 2147483647 (custom)
2019-09-19 16:46:48,781 [pool-208-thread-1] INFO  server.RaftServerConfigKeys (ConfUtils.java:logGet(43)) - raft.server.log.queue.element-limit = 1024 (custom)
2019-09-19 16:46:48,781 [pool-208-thread-1] INFO  server.RaftServerConfigKeys (ConfUtils.java:logGet(43)) - raft.server.log.segment.size.max = 1048576 (custom)
2019-09-19 16:46:48,782 [pool-208-thread-1] INFO  server.RaftServerConfigKeys (ConfUtils.java:logGet(43)) - raft.server.log.preallocated.size = 16384 (custom)
2019-09-19 16:46:48,782 [pool-208-thread-1] INFO  server.RaftServerConfigKeys (ConfUtils.java:logGet(43)) - raft.server.log.write.buffer.size = 33554432 (custom)
2019-09-19 16:46:48,782 [pool-208-thread-1] INFO  server.RaftServerConfigKeys (ConfUtils.java:logGet(43)) - raft.server.log.force.sync.num = 128 (default)
2019-09-19 16:46:48,782 [pool-208-thread-1] INFO  server.RaftServerConfigKeys (ConfUtils.java:logGet(43)) - raft.server.log.statemachine.data.sync = true (default)
2019-09-19 16:46:48,782 [pool-208-thread-1] INFO  server.RaftServerConfigKeys (ConfUtils.java:logGet(43)) - raft.server.log.statemachine.data.sync.timeout = 10s (default)
2019-09-19 16:46:48,783 [pool-208-thread-1] INFO  server.RaftServerConfigKeys (ConfUtils.java:logGet(43)) - raft.server.log.statemachine.data.sync.timeout.retry = -1 (default)
2019-09-19 16:46:48,783 [pool-208-thread-1] INFO  server.RaftServerConfigKeys (ConfUtils.java:logGet(43)) - raft.server.log.statemachine.data.caching.enabled = true (custom)
2019-09-19 16:46:48,783 [pool-208-thread-1] INFO  segmented.SegmentedRaftLogWorker (SegmentedRaftLogWorker.java:lambda$new$0(132)) - 7d52edcb-3f9e-4ee4-a19c-9fe49afe3f0d-SegmentedRaftLogWorker:Storage Directory /workdir/hadoop-ozone/ozonefs/target/test-dir/MiniOzoneClusterImpl-421e31d2-c7a4-426c-8bcc-062c99b824ca/datanode-2/data/ratis/fab03fc6-e0c2-48aa-b4d7-e53771c97071: flushIndex: setUnconditionally 0 -> -1
2019-09-19 16:46:48,784 [pool-208-thread-1] INFO  server.RaftServerConfigKeys (ConfUtils.java:logGet(43)) - raft.server.snapshot.auto.trigger.enabled = true (custom)
2019-09-19 16:46:48,784 [pool-208-thread-1] INFO  server.RaftServerConfigKeys (ConfUtils.java:logGet(43)) - raft.server.snapshot.auto.trigger.threshold = 10000 (custom)
2019-09-19 16:46:48,784 [pool-208-thread-1] INFO  server.RaftServerConfigKeys (ConfUtils.java:logGet(43)) - raft.server.retrycache.expirytime = 600000ms (custom)
2019-09-19 16:46:48,784 [pool-208-thread-1] INFO  impl.RaftServerImpl (RaftServerImpl.java:start(180)) - 7d52edcb-3f9e-4ee4-a19c-9fe49afe3f0d: start group-E53771C97071
2019-09-19 16:46:48,784 [pool-208-thread-1] INFO  impl.RaftServerImpl (RaftServerImpl.java:setRole(171)) - 7d52edcb-3f9e-4ee4-a19c-9fe49afe3f0d:group-E53771C97071 changes role from null to FOLLOWER at term 0 for startAsFollower
2019-09-19 16:46:48,785 [pool-208-thread-1] INFO  impl.RoleInfo (RoleInfo.java:updateAndGet(143)) - 7d52edcb-3f9e-4ee4-a19c-9fe49afe3f0d: start FollowerState
2019-09-19 16:46:48,785 [pool-208-thread-1] INFO  util.JmxRegister (JmxRegister.java:tryRegister(44)) - Successfully registered JMX Bean with object name Ratis:service=RaftServer,group=group-E53771C97071,id=7d52edcb-3f9e-4ee4-a19c-9fe49afe3f0d
2019-09-19 16:46:48,789 [RatisPipelineUtilsThread] INFO  pipeline.PipelineStateManager (PipelineStateManager.java:addPipeline(56)) - Created pipeline Pipeline[ Id: fab03fc6-e0c2-48aa-b4d7-e53771c97071, Nodes: 7d52edcb-3f9e-4ee4-a19c-9fe49afe3f0d{ip: 192.168.157.226, host: pr-hdds-1569-swxfz-3172132826, networkLocation: /default-rack, certSerialId: null}, Type:RATIS, Factor:ONE, State:OPEN]
2019-09-19 16:46:48,789 [RatisPipelineUtilsThread] ERROR pipeline.PipelinePlacementPolicy (PipelinePlacementPolicy.java:meetCriteria(91)) - Pipeline Placement: Doesn't meet the criteria to be viable node. Heaviness: 6
2019-09-19 16:46:48,789 [RatisPipelineUtilsThread] ERROR pipeline.PipelinePlacementPolicy (PipelinePlacementPolicy.java:meetCriteria(91)) - Pipeline Placement: Doesn't meet the criteria to be viable node. Heaviness: 6
2019-09-19 16:46:48,795 [grpc-default-executor-0] INFO  impl.RaftServerProxy (RaftServerProxy.java:addNew(89)) - 7d52edcb-3f9e-4ee4-a19c-9fe49afe3f0d: addNew group-C0D9DCAF0704:[7d52edcb-3f9e-4ee4-a19c-9fe49afe3f0d:192.168.157.226:35489] returns group-C0D9DCAF0704:java.util.concurrent.CompletableFuture@64869683[Not completed]
2019-09-19 16:46:48,797 [pool-208-thread-1] INFO  impl.RaftServerImpl (RaftServerImpl.java:<init>(93)) - 7d52edcb-3f9e-4ee4-a19c-9fe49afe3f0d: new RaftServerImpl for group-C0D9DCAF0704:[7d52edcb-3f9e-4ee4-a19c-9fe49afe3f0d:192.168.157.226:35489] with ContainerStateMachine:uninitialized
2019-09-19 16:46:48,797 [pool-208-thread-1] INFO  server.RaftServerConfigKeys (ConfUtils.java:logGet(43)) - raft.server.rpc.timeout.min = 5s (custom)
2019-09-19 16:46:48,798 [pool-208-thread-1] INFO  server.RaftServerConfigKeys (ConfUtils.java:logGet(43)) - raft.server.rpc.timeout.max = 5200ms (custom)
2019-09-19 16:46:48,798 [pool-208-thread-1] INFO  server.RaftServerConfigKeys (ConfUtils.java:logGet(43)) - raft.server.rpcslowness.timeout = 120s (custom)
2019-09-19 16:46:48,798 [pool-208-thread-1] INFO  server.RaftServerConfigKeys (ConfUtils.java:logGet(43)) - raft.server.sleep.deviation.threshold = 300 (default)
2019-09-19 16:46:48,798 [pool-208-thread-1] INFO  server.RaftServerConfigKeys (ConfUtils.java:logGet(43)) - raft.server.log.appender.install.snapshot.enabled = false (custom)
2019-09-19 16:46:48,798 [pool-208-thread-1] INFO  impl.RaftServerImpl (ServerState.java:<init>(105)) - 7d52edcb-3f9e-4ee4-a19c-9fe49afe3f0d:group-C0D9DCAF0704 ConfigurationManager, init=-1: [7d52edcb-3f9e-4ee4-a19c-9fe49afe3f0d:192.168.157.226:35489], old=null, confs=<EMPTY_MAP>
2019-09-19 16:46:48,798 [pool-208-thread-1] INFO  server.RaftServerConfigKeys (ConfUtils.java:logGet(43)) - raft.server.storage.dir = [/workdir/hadoop-ozone/ozonefs/target/test-dir/MiniOzoneClusterImpl-421e31d2-c7a4-426c-8bcc-062c99b824ca/datanode-2/data/ratis] (custom)
2019-09-19 16:46:48,799 [pool-208-thread-1] INFO  storage.RaftStorageDirectory (RaftStorageDirectory.java:analyzeStorage(246)) - The storage directory /workdir/hadoop-ozone/ozonefs/target/test-dir/MiniOzoneClusterImpl-421e31d2-c7a4-426c-8bcc-062c99b824ca/datanode-2/data/ratis/3f641af9-9602-4c4d-834f-c0d9dcaf0704 does not exist. Creating ...
2019-09-19 16:46:48,811 [pool-208-thread-1] INFO  storage.RaftStorageDirectory (RaftStorageDirectory.java:tryLock(328)) - Lock on /workdir/hadoop-ozone/ozonefs/target/test-dir/MiniOzoneClusterImpl-421e31d2-c7a4-426c-8bcc-062c99b824ca/datanode-2/data/ratis/3f641af9-9602-4c4d-834f-c0d9dcaf0704/in_use.lock acquired by nodename 32682@pr-hdds-1569-swxfz-3172132826
2019-09-19 16:46:48,824 [pool-208-thread-1] INFO  storage.RaftStorage (RaftStorage.java:format(72)) - Storage directory /workdir/hadoop-ozone/ozonefs/target/test-dir/MiniOzoneClusterImpl-421e31d2-c7a4-426c-8bcc-062c99b824ca/datanode-2/data/ratis/3f641af9-9602-4c4d-834f-c0d9dcaf0704 has been successfully formatted.
2019-09-19 16:46:48,824 [pool-208-thread-1] INFO  ratis.ContainerStateMachine (ContainerStateMachine.java:loadSnapshot(226)) - group-C0D9DCAF0704: The snapshot info is null. Setting the last applied indexto:(t:0, i:~)
2019-09-19 16:46:48,824 [pool-208-thread-1] INFO  server.RaftServerConfigKeys (ConfUtils.java:logGet(43)) - raft.server.leader.election.timeout = 120s (custom)
2019-09-19 16:46:48,825 [pool-208-thread-1] INFO  server.RaftServerConfigKeys (ConfUtils.java:logGet(43)) - raft.server.log.use.memory = false (default)
2019-09-19 16:46:48,825 [pool-208-thread-1] INFO  server.RaftServerConfigKeys (ConfUtils.java:logGet(43)) - raft.server.log.purge.gap = 1000000 (custom)
2019-09-19 16:46:48,825 [pool-208-thread-1] INFO  server.RaftServerConfigKeys (ConfUtils.java:logGet(43)) - raft.server.log.appender.buffer.byte-limit = 33554432 (custom)
2019-09-19 16:46:48,825 [pool-208-thread-1] INFO  server.RaftServerConfigKeys (ConfUtils.java:logGet(43)) - raft.server.log.segment.size.max = 1048576 (custom)
2019-09-19 16:46:48,825 [pool-208-thread-1] INFO  server.RaftServerConfigKeys (ConfUtils.java:logGet(43)) - raft.server.log.segment.cache.num.max = 2 (custom)
2019-09-19 16:46:48,825 [pool-208-thread-1] INFO  segmented.SegmentedRaftLogWorker (SegmentedRaftLogWorker.java:<init>(172)) - new 7d52edcb-3f9e-4ee4-a19c-9fe49afe3f0d-SegmentedRaftLogWorker:Storage Directory /workdir/hadoop-ozone/ozonefs/target/test-dir/MiniOzoneClusterImpl-421e31d2-c7a4-426c-8bcc-062c99b824ca/datanode-2/data/ratis/3f641af9-9602-4c4d-834f-c0d9dcaf0704 for RaftStorage:Storage Directory /workdir/hadoop-ozone/ozonefs/target/test-dir/MiniOzoneClusterImpl-421e31d2-c7a4-426c-8bcc-062c99b824ca/datanode-2/data/ratis/3f641af9-9602-4c4d-834f-c0d9dcaf0704
2019-09-19 16:46:48,825 [pool-208-thread-1] INFO  server.RaftServerConfigKeys (ConfUtils.java:logGet(43)) - raft.server.log.queue.byte-limit = 2147483647 (custom)
2019-09-19 16:46:48,826 [pool-208-thread-1] INFO  server.RaftServerConfigKeys (ConfUtils.java:logGet(43)) - raft.server.log.queue.element-limit = 1024 (custom)
2019-09-19 16:46:48,826 [pool-208-thread-1] INFO  server.RaftServerConfigKeys (ConfUtils.java:logGet(43)) - raft.server.log.segment.size.max = 1048576 (custom)
2019-09-19 16:46:48,826 [pool-208-thread-1] INFO  server.RaftServerConfigKeys (ConfUtils.java:logGet(43)) - raft.server.log.preallocated.size = 16384 (custom)
2019-09-19 16:46:48,826 [pool-208-thread-1] INFO  server.RaftServerConfigKeys (ConfUtils.java:logGet(43)) - raft.server.log.write.buffer.size = 33554432 (custom)
2019-09-19 16:46:48,826 [pool-208-thread-1] INFO  server.RaftServerConfigKeys (ConfUtils.java:logGet(43)) - raft.server.log.force.sync.num = 128 (default)
2019-09-19 16:46:48,826 [pool-208-thread-1] INFO  server.RaftServerConfigKeys (ConfUtils.java:logGet(43)) - raft.server.log.statemachine.data.sync = true (default)
2019-09-19 16:46:48,826 [pool-208-thread-1] INFO  server.RaftServerConfigKeys (ConfUtils.java:logGet(43)) - raft.server.log.statemachine.data.sync.timeout = 10s (default)
2019-09-19 16:46:48,826 [pool-208-thread-1] INFO  server.RaftServerConfigKeys (ConfUtils.java:logGet(43)) - raft.server.log.statemachine.data.sync.timeout.retry = -1 (default)
2019-09-19 16:46:48,827 [pool-208-thread-1] INFO  server.RaftServerConfigKeys (ConfUtils.java:logGet(43)) - raft.server.log.statemachine.data.caching.enabled = true (custom)
2019-09-19 16:46:48,827 [pool-208-thread-1] INFO  segmented.SegmentedRaftLogWorker (SegmentedRaftLogWorker.java:lambda$new$0(132)) - 7d52edcb-3f9e-4ee4-a19c-9fe49afe3f0d-SegmentedRaftLogWorker:Storage Directory /workdir/hadoop-ozone/ozonefs/target/test-dir/MiniOzoneClusterImpl-421e31d2-c7a4-426c-8bcc-062c99b824ca/datanode-2/data/ratis/3f641af9-9602-4c4d-834f-c0d9dcaf0704: flushIndex: setUnconditionally 0 -> -1
2019-09-19 16:46:48,827 [pool-208-thread-1] INFO  server.RaftServerConfigKeys (ConfUtils.java:logGet(43)) - raft.server.snapshot.auto.trigger.enabled = true (custom)
2019-09-19 16:46:48,827 [pool-208-thread-1] INFO  server.RaftServerConfigKeys (ConfUtils.java:logGet(43)) - raft.server.snapshot.auto.trigger.threshold = 10000 (custom)
2019-09-19 16:46:48,827 [pool-208-thread-1] INFO  server.RaftServerConfigKeys (ConfUtils.java:logGet(43)) - raft.server.retrycache.expirytime = 600000ms (custom)
2019-09-19 16:46:48,828 [pool-208-thread-1] INFO  impl.RaftServerImpl (RaftServerImpl.java:start(180)) - 7d52edcb-3f9e-4ee4-a19c-9fe49afe3f0d: start group-C0D9DCAF0704
2019-09-19 16:46:48,828 [pool-208-thread-1] INFO  impl.RaftServerImpl (RaftServerImpl.java:setRole(171)) - 7d52edcb-3f9e-4ee4-a19c-9fe49afe3f0d:group-C0D9DCAF0704 changes role from null to FOLLOWER at term 0 for startAsFollower
2019-09-19 16:46:48,828 [pool-208-thread-1] INFO  impl.RoleInfo (RoleInfo.java:updateAndGet(143)) - 7d52edcb-3f9e-4ee4-a19c-9fe49afe3f0d: start FollowerState
2019-09-19 16:46:48,828 [pool-208-thread-1] INFO  util.JmxRegister (JmxRegister.java:tryRegister(44)) - Successfully registered JMX Bean with object name Ratis:service=RaftServer,group=group-C0D9DCAF0704,id=7d52edcb-3f9e-4ee4-a19c-9fe49afe3f0d
2019-09-19 16:46:48,831 [RatisPipelineUtilsThread] INFO  pipeline.PipelineStateManager (PipelineStateManager.java:addPipeline(56)) - Created pipeline Pipeline[ Id: 3f641af9-9602-4c4d-834f-c0d9dcaf0704, Nodes: 7d52edcb-3f9e-4ee4-a19c-9fe49afe3f0d{ip: 192.168.157.226, host: pr-hdds-1569-swxfz-3172132826, networkLocation: /default-rack, certSerialId: null}, Type:RATIS, Factor:ONE, State:OPEN]
2019-09-19 16:46:48,831 [RatisPipelineUtilsThread] ERROR pipeline.PipelinePlacementPolicy (PipelinePlacementPolicy.java:meetCriteria(91)) - Pipeline Placement: Doesn't meet the criteria to be viable node. Heaviness: 6
2019-09-19 16:46:48,832 [RatisPipelineUtilsThread] ERROR pipeline.PipelinePlacementPolicy (PipelinePlacementPolicy.java:meetCriteria(91)) - Pipeline Placement: Doesn't meet the criteria to be viable node. Heaviness: 6
2019-09-19 16:46:48,837 [grpc-default-executor-0] INFO  impl.RaftServerProxy (RaftServerProxy.java:addNew(89)) - 7d52edcb-3f9e-4ee4-a19c-9fe49afe3f0d: addNew group-FF2ADE55C24C:[7d52edcb-3f9e-4ee4-a19c-9fe49afe3f0d:192.168.157.226:35489] returns group-FF2ADE55C24C:java.util.concurrent.CompletableFuture@227b2c00[Not completed]
2019-09-19 16:46:48,838 [pool-208-thread-1] INFO  impl.RaftServerImpl (RaftServerImpl.java:<init>(93)) - 7d52edcb-3f9e-4ee4-a19c-9fe49afe3f0d: new RaftServerImpl for group-FF2ADE55C24C:[7d52edcb-3f9e-4ee4-a19c-9fe49afe3f0d:192.168.157.226:35489] with ContainerStateMachine:uninitialized
2019-09-19 16:46:48,838 [pool-208-thread-1] INFO  server.RaftServerConfigKeys (ConfUtils.java:logGet(43)) - raft.server.rpc.timeout.min = 5s (custom)
2019-09-19 16:46:48,838 [pool-208-thread-1] INFO  server.RaftServerConfigKeys (ConfUtils.java:logGet(43)) - raft.server.rpc.timeout.max = 5200ms (custom)
2019-09-19 16:46:48,838 [pool-208-thread-1] INFO  server.RaftServerConfigKeys (ConfUtils.java:logGet(43)) - raft.server.rpcslowness.timeout = 120s (custom)
2019-09-19 16:46:48,838 [pool-208-thread-1] INFO  server.RaftServerConfigKeys (ConfUtils.java:logGet(43)) - raft.server.sleep.deviation.threshold = 300 (default)
2019-09-19 16:46:48,838 [pool-208-thread-1] INFO  server.RaftServerConfigKeys (ConfUtils.java:logGet(43)) - raft.server.log.appender.install.snapshot.enabled = false (custom)
2019-09-19 16:46:48,839 [pool-208-thread-1] INFO  impl.RaftServerImpl (ServerState.java:<init>(105)) - 7d52edcb-3f9e-4ee4-a19c-9fe49afe3f0d:group-FF2ADE55C24C ConfigurationManager, init=-1: [7d52edcb-3f9e-4ee4-a19c-9fe49afe3f0d:192.168.157.226:35489], old=null, confs=<EMPTY_MAP>
2019-09-19 16:46:48,839 [pool-208-thread-1] INFO  server.RaftServerConfigKeys (ConfUtils.java:logGet(43)) - raft.server.storage.dir = [/workdir/hadoop-ozone/ozonefs/target/test-dir/MiniOzoneClusterImpl-421e31d2-c7a4-426c-8bcc-062c99b824ca/datanode-2/data/ratis] (custom)
2019-09-19 16:46:48,839 [pool-208-thread-1] INFO  storage.RaftStorageDirectory (RaftStorageDirectory.java:analyzeStorage(246)) - The storage directory /workdir/hadoop-ozone/ozonefs/target/test-dir/MiniOzoneClusterImpl-421e31d2-c7a4-426c-8bcc-062c99b824ca/datanode-2/data/ratis/72a68ef9-8e86-4eae-844b-ff2ade55c24c does not exist. Creating ...
2019-09-19 16:46:48,853 [pool-208-thread-1] INFO  storage.RaftStorageDirectory (RaftStorageDirectory.java:tryLock(328)) - Lock on /workdir/hadoop-ozone/ozonefs/target/test-dir/MiniOzoneClusterImpl-421e31d2-c7a4-426c-8bcc-062c99b824ca/datanode-2/data/ratis/72a68ef9-8e86-4eae-844b-ff2ade55c24c/in_use.lock acquired by nodename 32682@pr-hdds-1569-swxfz-3172132826
2019-09-19 16:46:48,865 [pool-208-thread-1] INFO  storage.RaftStorage (RaftStorage.java:format(72)) - Storage directory /workdir/hadoop-ozone/ozonefs/target/test-dir/MiniOzoneClusterImpl-421e31d2-c7a4-426c-8bcc-062c99b824ca/datanode-2/data/ratis/72a68ef9-8e86-4eae-844b-ff2ade55c24c has been successfully formatted.
2019-09-19 16:46:48,866 [pool-208-thread-1] INFO  ratis.ContainerStateMachine (ContainerStateMachine.java:loadSnapshot(226)) - group-FF2ADE55C24C: The snapshot info is null. Setting the last applied indexto:(t:0, i:~)
2019-09-19 16:46:48,866 [pool-208-thread-1] INFO  server.RaftServerConfigKeys (ConfUtils.java:logGet(43)) - raft.server.leader.election.timeout = 120s (custom)
2019-09-19 16:46:48,866 [pool-208-thread-1] INFO  server.RaftServerConfigKeys (ConfUtils.java:logGet(43)) - raft.server.log.use.memory = false (default)
2019-09-19 16:46:48,866 [pool-208-thread-1] INFO  server.RaftServerConfigKeys (ConfUtils.java:logGet(43)) - raft.server.log.purge.gap = 1000000 (custom)
2019-09-19 16:46:48,866 [pool-208-thread-1] INFO  server.RaftServerConfigKeys (ConfUtils.java:logGet(43)) - raft.server.log.appender.buffer.byte-limit = 33554432 (custom)
2019-09-19 16:46:48,866 [pool-208-thread-1] INFO  server.RaftServerConfigKeys (ConfUtils.java:logGet(43)) - raft.server.log.segment.size.max = 1048576 (custom)
2019-09-19 16:46:48,866 [pool-208-thread-1] INFO  server.RaftServerConfigKeys (ConfUtils.java:logGet(43)) - raft.server.log.segment.cache.num.max = 2 (custom)
2019-09-19 16:46:48,866 [pool-208-thread-1] INFO  segmented.SegmentedRaftLogWorker (SegmentedRaftLogWorker.java:<init>(172)) - new 7d52edcb-3f9e-4ee4-a19c-9fe49afe3f0d-SegmentedRaftLogWorker:Storage Directory /workdir/hadoop-ozone/ozonefs/target/test-dir/MiniOzoneClusterImpl-421e31d2-c7a4-426c-8bcc-062c99b824ca/datanode-2/data/ratis/72a68ef9-8e86-4eae-844b-ff2ade55c24c for RaftStorage:Storage Directory /workdir/hadoop-ozone/ozonefs/target/test-dir/MiniOzoneClusterImpl-421e31d2-c7a4-426c-8bcc-062c99b824ca/datanode-2/data/ratis/72a68ef9-8e86-4eae-844b-ff2ade55c24c
2019-09-19 16:46:48,867 [pool-208-thread-1] INFO  server.RaftServerConfigKeys (ConfUtils.java:logGet(43)) - raft.server.log.queue.byte-limit = 2147483647 (custom)
2019-09-19 16:46:48,867 [pool-208-thread-1] INFO  server.RaftServerConfigKeys (ConfUtils.java:logGet(43)) - raft.server.log.queue.element-limit = 1024 (custom)
2019-09-19 16:46:48,867 [pool-208-thread-1] INFO  server.RaftServerConfigKeys (ConfUtils.java:logGet(43)) - raft.server.log.segment.size.max = 1048576 (custom)
2019-09-19 16:46:48,867 [pool-208-thread-1] INFO  server.RaftServerConfigKeys (ConfUtils.java:logGet(43)) - raft.server.log.preallocated.size = 16384 (custom)
2019-09-19 16:46:48,867 [pool-208-thread-1] INFO  server.RaftServerConfigKeys (ConfUtils.java:logGet(43)) - raft.server.log.write.buffer.size = 33554432 (custom)
2019-09-19 16:46:48,867 [pool-208-thread-1] INFO  server.RaftServerConfigKeys (ConfUtils.java:logGet(43)) - raft.server.log.force.sync.num = 128 (default)
2019-09-19 16:46:48,867 [pool-208-thread-1] INFO  server.RaftServerConfigKeys (ConfUtils.java:logGet(43)) - raft.server.log.statemachine.data.sync = true (default)
2019-09-19 16:46:48,867 [pool-208-thread-1] INFO  server.RaftServerConfigKeys (ConfUtils.java:logGet(43)) - raft.server.log.statemachine.data.sync.timeout = 10s (default)
2019-09-19 16:46:48,867 [pool-208-thread-1] INFO  server.RaftServerConfigKeys (ConfUtils.java:logGet(43)) - raft.server.log.statemachine.data.sync.timeout.retry = -1 (default)
2019-09-19 16:46:48,868 [pool-208-thread-1] INFO  server.RaftServerConfigKeys (ConfUtils.java:logGet(43)) - raft.server.log.statemachine.data.caching.enabled = true (custom)
2019-09-19 16:46:48,868 [pool-208-thread-1] INFO  segmented.SegmentedRaftLogWorker (SegmentedRaftLogWorker.java:lambda$new$0(132)) - 7d52edcb-3f9e-4ee4-a19c-9fe49afe3f0d-SegmentedRaftLogWorker:Storage Directory /workdir/hadoop-ozone/ozonefs/target/test-dir/MiniOzoneClusterImpl-421e31d2-c7a4-426c-8bcc-062c99b824ca/datanode-2/data/ratis/72a68ef9-8e86-4eae-844b-ff2ade55c24c: flushIndex: setUnconditionally 0 -> -1
2019-09-19 16:46:48,868 [pool-208-thread-1] INFO  server.RaftServerConfigKeys (ConfUtils.java:logGet(43)) - raft.server.snapshot.auto.trigger.enabled = true (custom)
2019-09-19 16:46:48,868 [pool-208-thread-1] INFO  server.RaftServerConfigKeys (ConfUtils.java:logGet(43)) - raft.server.snapshot.auto.trigger.threshold = 10000 (custom)
2019-09-19 16:46:48,868 [pool-208-thread-1] INFO  server.RaftServerConfigKeys (ConfUtils.java:logGet(43)) - raft.server.retrycache.expirytime = 600000ms (custom)
2019-09-19 16:46:48,868 [pool-208-thread-1] INFO  impl.RaftServerImpl (RaftServerImpl.java:start(180)) - 7d52edcb-3f9e-4ee4-a19c-9fe49afe3f0d: start group-FF2ADE55C24C
2019-09-19 16:46:48,868 [pool-208-thread-1] INFO  impl.RaftServerImpl (RaftServerImpl.java:setRole(171)) - 7d52edcb-3f9e-4ee4-a19c-9fe49afe3f0d:group-FF2ADE55C24C changes role from null to FOLLOWER at term 0 for startAsFollower
2019-09-19 16:46:48,869 [pool-208-thread-1] INFO  impl.RoleInfo (RoleInfo.java:updateAndGet(143)) - 7d52edcb-3f9e-4ee4-a19c-9fe49afe3f0d: start FollowerState
2019-09-19 16:46:48,869 [pool-208-thread-1] INFO  util.JmxRegister (JmxRegister.java:tryRegister(44)) - Successfully registered JMX Bean with object name Ratis:service=RaftServer,group=group-FF2ADE55C24C,id=7d52edcb-3f9e-4ee4-a19c-9fe49afe3f0d
2019-09-19 16:46:48,871 [RatisPipelineUtilsThread] INFO  pipeline.PipelineStateManager (PipelineStateManager.java:addPipeline(56)) - Created pipeline Pipeline[ Id: 72a68ef9-8e86-4eae-844b-ff2ade55c24c, Nodes: 7d52edcb-3f9e-4ee4-a19c-9fe49afe3f0d{ip: 192.168.157.226, host: pr-hdds-1569-swxfz-3172132826, networkLocation: /default-rack, certSerialId: null}, Type:RATIS, Factor:ONE, State:OPEN]
2019-09-19 16:46:48,872 [RatisPipelineUtilsThread] ERROR pipeline.PipelinePlacementPolicy (PipelinePlacementPolicy.java:meetCriteria(91)) - Pipeline Placement: Doesn't meet the criteria to be viable node. Heaviness: 6
2019-09-19 16:46:48,872 [RatisPipelineUtilsThread] ERROR pipeline.PipelinePlacementPolicy (PipelinePlacementPolicy.java:meetCriteria(91)) - Pipeline Placement: Doesn't meet the criteria to be viable node. Heaviness: 6
2019-09-19 16:46:48,877 [grpc-default-executor-0] INFO  impl.RaftServerProxy (RaftServerProxy.java:addNew(89)) - 7d52edcb-3f9e-4ee4-a19c-9fe49afe3f0d: addNew group-E11BF697CB40:[7d52edcb-3f9e-4ee4-a19c-9fe49afe3f0d:192.168.157.226:35489] returns group-E11BF697CB40:java.util.concurrent.CompletableFuture@57651af6[Not completed]
2019-09-19 16:46:48,878 [pool-208-thread-1] INFO  impl.RaftServerImpl (RaftServerImpl.java:<init>(93)) - 7d52edcb-3f9e-4ee4-a19c-9fe49afe3f0d: new RaftServerImpl for group-E11BF697CB40:[7d52edcb-3f9e-4ee4-a19c-9fe49afe3f0d:192.168.157.226:35489] with ContainerStateMachine:uninitialized
2019-09-19 16:46:48,878 [pool-208-thread-1] INFO  server.RaftServerConfigKeys (ConfUtils.java:logGet(43)) - raft.server.rpc.timeout.min = 5s (custom)
2019-09-19 16:46:48,878 [pool-208-thread-1] INFO  server.RaftServerConfigKeys (ConfUtils.java:logGet(43)) - raft.server.rpc.timeout.max = 5200ms (custom)
2019-09-19 16:46:48,878 [pool-208-thread-1] INFO  server.RaftServerConfigKeys (ConfUtils.java:logGet(43)) - raft.server.rpcslowness.timeout = 120s (custom)
2019-09-19 16:46:48,878 [pool-208-thread-1] INFO  server.RaftServerConfigKeys (ConfUtils.java:logGet(43)) - raft.server.sleep.deviation.threshold = 300 (default)
2019-09-19 16:46:48,878 [pool-208-thread-1] INFO  server.RaftServerConfigKeys (ConfUtils.java:logGet(43)) - raft.server.log.appender.install.snapshot.enabled = false (custom)
2019-09-19 16:46:48,879 [pool-208-thread-1] INFO  impl.RaftServerImpl (ServerState.java:<init>(105)) - 7d52edcb-3f9e-4ee4-a19c-9fe49afe3f0d:group-E11BF697CB40 ConfigurationManager, init=-1: [7d52edcb-3f9e-4ee4-a19c-9fe49afe3f0d:192.168.157.226:35489], old=null, confs=<EMPTY_MAP>
2019-09-19 16:46:48,879 [pool-208-thread-1] INFO  server.RaftServerConfigKeys (ConfUtils.java:logGet(43)) - raft.server.storage.dir = [/workdir/hadoop-ozone/ozonefs/target/test-dir/MiniOzoneClusterImpl-421e31d2-c7a4-426c-8bcc-062c99b824ca/datanode-2/data/ratis] (custom)
2019-09-19 16:46:48,879 [pool-208-thread-1] INFO  storage.RaftStorageDirectory (RaftStorageDirectory.java:analyzeStorage(246)) - The storage directory /workdir/hadoop-ozone/ozonefs/target/test-dir/MiniOzoneClusterImpl-421e31d2-c7a4-426c-8bcc-062c99b824ca/datanode-2/data/ratis/02994bce-557c-4060-aeba-e11bf697cb40 does not exist. Creating ...
2019-09-19 16:46:48,891 [pool-208-thread-1] INFO  storage.RaftStorageDirectory (RaftStorageDirectory.java:tryLock(328)) - Lock on /workdir/hadoop-ozone/ozonefs/target/test-dir/MiniOzoneClusterImpl-421e31d2-c7a4-426c-8bcc-062c99b824ca/datanode-2/data/ratis/02994bce-557c-4060-aeba-e11bf697cb40/in_use.lock acquired by nodename 32682@pr-hdds-1569-swxfz-3172132826
2019-09-19 16:46:48,903 [pool-208-thread-1] INFO  storage.RaftStorage (RaftStorage.java:format(72)) - Storage directory /workdir/hadoop-ozone/ozonefs/target/test-dir/MiniOzoneClusterImpl-421e31d2-c7a4-426c-8bcc-062c99b824ca/datanode-2/data/ratis/02994bce-557c-4060-aeba-e11bf697cb40 has been successfully formatted.
2019-09-19 16:46:48,903 [pool-208-thread-1] INFO  ratis.ContainerStateMachine (ContainerStateMachine.java:loadSnapshot(226)) - group-E11BF697CB40: The snapshot info is null. Setting the last applied indexto:(t:0, i:~)
2019-09-19 16:46:48,903 [pool-208-thread-1] INFO  server.RaftServerConfigKeys (ConfUtils.java:logGet(43)) - raft.server.leader.election.timeout = 120s (custom)
2019-09-19 16:46:48,903 [pool-208-thread-1] INFO  server.RaftServerConfigKeys (ConfUtils.java:logGet(43)) - raft.server.log.use.memory = false (default)
2019-09-19 16:46:48,904 [pool-208-thread-1] INFO  server.RaftServerConfigKeys (ConfUtils.java:logGet(43)) - raft.server.log.purge.gap = 1000000 (custom)
2019-09-19 16:46:48,904 [pool-208-thread-1] INFO  server.RaftServerConfigKeys (ConfUtils.java:logGet(43)) - raft.server.log.appender.buffer.byte-limit = 33554432 (custom)
2019-09-19 16:46:48,904 [pool-208-thread-1] INFO  server.RaftServerConfigKeys (ConfUtils.java:logGet(43)) - raft.server.log.segment.size.max = 1048576 (custom)
2019-09-19 16:46:48,904 [pool-208-thread-1] INFO  server.RaftServerConfigKeys (ConfUtils.java:logGet(43)) - raft.server.log.segment.cache.num.max = 2 (custom)
2019-09-19 16:46:48,904 [pool-208-thread-1] INFO  segmented.SegmentedRaftLogWorker (SegmentedRaftLogWorker.java:<init>(172)) - new 7d52edcb-3f9e-4ee4-a19c-9fe49afe3f0d-SegmentedRaftLogWorker:Storage Directory /workdir/hadoop-ozone/ozonefs/target/test-dir/MiniOzoneClusterImpl-421e31d2-c7a4-426c-8bcc-062c99b824ca/datanode-2/data/ratis/02994bce-557c-4060-aeba-e11bf697cb40 for RaftStorage:Storage Directory /workdir/hadoop-ozone/ozonefs/target/test-dir/MiniOzoneClusterImpl-421e31d2-c7a4-426c-8bcc-062c99b824ca/datanode-2/data/ratis/02994bce-557c-4060-aeba-e11bf697cb40
2019-09-19 16:46:48,904 [pool-208-thread-1] INFO  server.RaftServerConfigKeys (ConfUtils.java:logGet(43)) - raft.server.log.queue.byte-limit = 2147483647 (custom)
2019-09-19 16:46:48,904 [pool-208-thread-1] INFO  server.RaftServerConfigKeys (ConfUtils.java:logGet(43)) - raft.server.log.queue.element-limit = 1024 (custom)
2019-09-19 16:46:48,904 [pool-208-thread-1] INFO  server.RaftServerConfigKeys (ConfUtils.java:logGet(43)) - raft.server.log.segment.size.max = 1048576 (custom)
2019-09-19 16:46:48,904 [pool-208-thread-1] INFO  server.RaftServerConfigKeys (ConfUtils.java:logGet(43)) - raft.server.log.preallocated.size = 16384 (custom)
2019-09-19 16:46:48,904 [pool-208-thread-1] INFO  server.RaftServerConfigKeys (ConfUtils.java:logGet(43)) - raft.server.log.write.buffer.size = 33554432 (custom)
2019-09-19 16:46:48,904 [pool-208-thread-1] INFO  server.RaftServerConfigKeys (ConfUtils.java:logGet(43)) - raft.server.log.force.sync.num = 128 (default)
2019-09-19 16:46:48,905 [pool-208-thread-1] INFO  server.RaftServerConfigKeys (ConfUtils.java:logGet(43)) - raft.server.log.statemachine.data.sync = true (default)
2019-09-19 16:46:48,905 [pool-208-thread-1] INFO  server.RaftServerConfigKeys (ConfUtils.java:logGet(43)) - raft.server.log.statemachine.data.sync.timeout = 10s (default)
2019-09-19 16:46:48,905 [pool-208-thread-1] INFO  server.RaftServerConfigKeys (ConfUtils.java:logGet(43)) - raft.server.log.statemachine.data.sync.timeout.retry = -1 (default)
2019-09-19 16:46:48,905 [pool-208-thread-1] INFO  server.RaftServerConfigKeys (ConfUtils.java:logGet(43)) - raft.server.log.statemachine.data.caching.enabled = true (custom)
2019-09-19 16:46:48,905 [pool-208-thread-1] INFO  segmented.SegmentedRaftLogWorker (SegmentedRaftLogWorker.java:lambda$new$0(132)) - 7d52edcb-3f9e-4ee4-a19c-9fe49afe3f0d-SegmentedRaftLogWorker:Storage Directory /workdir/hadoop-ozone/ozonefs/target/test-dir/MiniOzoneClusterImpl-421e31d2-c7a4-426c-8bcc-062c99b824ca/datanode-2/data/ratis/02994bce-557c-4060-aeba-e11bf697cb40: flushIndex: setUnconditionally 0 -> -1
2019-09-19 16:46:48,905 [pool-208-thread-1] INFO  server.RaftServerConfigKeys (ConfUtils.java:logGet(43)) - raft.server.snapshot.auto.trigger.enabled = true (custom)
2019-09-19 16:46:48,905 [pool-208-thread-1] INFO  server.RaftServerConfigKeys (ConfUtils.java:logGet(43)) - raft.server.snapshot.auto.trigger.threshold = 10000 (custom)
2019-09-19 16:46:48,906 [pool-208-thread-1] INFO  server.RaftServerConfigKeys (ConfUtils.java:logGet(43)) - raft.server.retrycache.expirytime = 600000ms (custom)
2019-09-19 16:46:48,906 [pool-208-thread-1] INFO  impl.RaftServerImpl (RaftServerImpl.java:start(180)) - 7d52edcb-3f9e-4ee4-a19c-9fe49afe3f0d: start group-E11BF697CB40
2019-09-19 16:46:48,906 [pool-208-thread-1] INFO  impl.RaftServerImpl (RaftServerImpl.java:setRole(171)) - 7d52edcb-3f9e-4ee4-a19c-9fe49afe3f0d:group-E11BF697CB40 changes role from null to FOLLOWER at term 0 for startAsFollower
2019-09-19 16:46:48,906 [pool-208-thread-1] INFO  impl.RoleInfo (RoleInfo.java:updateAndGet(143)) - 7d52edcb-3f9e-4ee4-a19c-9fe49afe3f0d: start FollowerState
2019-09-19 16:46:48,906 [pool-208-thread-1] INFO  util.JmxRegister (JmxRegister.java:tryRegister(44)) - Successfully registered JMX Bean with object name Ratis:service=RaftServer,group=group-E11BF697CB40,id=7d52edcb-3f9e-4ee4-a19c-9fe49afe3f0d
2019-09-19 16:46:48,909 [RatisPipelineUtilsThread] INFO  pipeline.PipelineStateManager (PipelineStateManager.java:addPipeline(56)) - Created pipeline Pipeline[ Id: 02994bce-557c-4060-aeba-e11bf697cb40, Nodes: 7d52edcb-3f9e-4ee4-a19c-9fe49afe3f0d{ip: 192.168.157.226, host: pr-hdds-1569-swxfz-3172132826, networkLocation: /default-rack, certSerialId: null}, Type:RATIS, Factor:ONE, State:OPEN]
2019-09-19 16:46:48,909 [RatisPipelineUtilsThread] ERROR pipeline.PipelinePlacementPolicy (PipelinePlacementPolicy.java:meetCriteria(91)) - Pipeline Placement: Doesn't meet the criteria to be viable node. Heaviness: 6
2019-09-19 16:46:48,909 [RatisPipelineUtilsThread] ERROR pipeline.PipelinePlacementPolicy (PipelinePlacementPolicy.java:meetCriteria(91)) - Pipeline Placement: Doesn't meet the criteria to be viable node. Heaviness: 6
2019-09-19 16:46:48,914 [grpc-default-executor-0] INFO  impl.RaftServerProxy (RaftServerProxy.java:addNew(89)) - 7d52edcb-3f9e-4ee4-a19c-9fe49afe3f0d: addNew group-F8ED327C2C5C:[7d52edcb-3f9e-4ee4-a19c-9fe49afe3f0d:192.168.157.226:35489] returns group-F8ED327C2C5C:java.util.concurrent.CompletableFuture@28e25a3c[Not completed]
2019-09-19 16:46:48,915 [pool-208-thread-1] INFO  impl.RaftServerImpl (RaftServerImpl.java:<init>(93)) - 7d52edcb-3f9e-4ee4-a19c-9fe49afe3f0d: new RaftServerImpl for group-F8ED327C2C5C:[7d52edcb-3f9e-4ee4-a19c-9fe49afe3f0d:192.168.157.226:35489] with ContainerStateMachine:uninitialized
2019-09-19 16:46:48,915 [pool-208-thread-1] INFO  server.RaftServerConfigKeys (ConfUtils.java:logGet(43)) - raft.server.rpc.timeout.min = 5s (custom)
2019-09-19 16:46:48,915 [pool-208-thread-1] INFO  server.RaftServerConfigKeys (ConfUtils.java:logGet(43)) - raft.server.rpc.timeout.max = 5200ms (custom)
2019-09-19 16:46:48,915 [pool-208-thread-1] INFO  server.RaftServerConfigKeys (ConfUtils.java:logGet(43)) - raft.server.rpcslowness.timeout = 120s (custom)
2019-09-19 16:46:48,915 [pool-208-thread-1] INFO  server.RaftServerConfigKeys (ConfUtils.java:logGet(43)) - raft.server.sleep.deviation.threshold = 300 (default)
2019-09-19 16:46:48,916 [pool-208-thread-1] INFO  server.RaftServerConfigKeys (ConfUtils.java:logGet(43)) - raft.server.log.appender.install.snapshot.enabled = false (custom)
2019-09-19 16:46:48,916 [pool-208-thread-1] INFO  impl.RaftServerImpl (ServerState.java:<init>(105)) - 7d52edcb-3f9e-4ee4-a19c-9fe49afe3f0d:group-F8ED327C2C5C ConfigurationManager, init=-1: [7d52edcb-3f9e-4ee4-a19c-9fe49afe3f0d:192.168.157.226:35489], old=null, confs=<EMPTY_MAP>
2019-09-19 16:46:48,916 [pool-208-thread-1] INFO  server.RaftServerConfigKeys (ConfUtils.java:logGet(43)) - raft.server.storage.dir = [/workdir/hadoop-ozone/ozonefs/target/test-dir/MiniOzoneClusterImpl-421e31d2-c7a4-426c-8bcc-062c99b824ca/datanode-2/data/ratis] (custom)
2019-09-19 16:46:48,916 [pool-208-thread-1] INFO  storage.RaftStorageDirectory (RaftStorageDirectory.java:analyzeStorage(246)) - The storage directory /workdir/hadoop-ozone/ozonefs/target/test-dir/MiniOzoneClusterImpl-421e31d2-c7a4-426c-8bcc-062c99b824ca/datanode-2/data/ratis/1c54ad2f-7f0a-4f8a-a425-f8ed327c2c5c does not exist. Creating ...
2019-09-19 16:46:48,928 [pool-208-thread-1] INFO  storage.RaftStorageDirectory (RaftStorageDirectory.java:tryLock(328)) - Lock on /workdir/hadoop-ozone/ozonefs/target/test-dir/MiniOzoneClusterImpl-421e31d2-c7a4-426c-8bcc-062c99b824ca/datanode-2/data/ratis/1c54ad2f-7f0a-4f8a-a425-f8ed327c2c5c/in_use.lock acquired by nodename 32682@pr-hdds-1569-swxfz-3172132826
2019-09-19 16:46:48,941 [pool-208-thread-1] INFO  storage.RaftStorage (RaftStorage.java:format(72)) - Storage directory /workdir/hadoop-ozone/ozonefs/target/test-dir/MiniOzoneClusterImpl-421e31d2-c7a4-426c-8bcc-062c99b824ca/datanode-2/data/ratis/1c54ad2f-7f0a-4f8a-a425-f8ed327c2c5c has been successfully formatted.
2019-09-19 16:46:48,941 [pool-208-thread-1] INFO  ratis.ContainerStateMachine (ContainerStateMachine.java:loadSnapshot(226)) - group-F8ED327C2C5C: The snapshot info is null. Setting the last applied indexto:(t:0, i:~)
2019-09-19 16:46:48,941 [pool-208-thread-1] INFO  server.RaftServerConfigKeys (ConfUtils.java:logGet(43)) - raft.server.leader.election.timeout = 120s (custom)
2019-09-19 16:46:48,941 [pool-208-thread-1] INFO  server.RaftServerConfigKeys (ConfUtils.java:logGet(43)) - raft.server.log.use.memory = false (default)
2019-09-19 16:46:48,941 [pool-208-thread-1] INFO  server.RaftServerConfigKeys (ConfUtils.java:logGet(43)) - raft.server.log.purge.gap = 1000000 (custom)
2019-09-19 16:46:48,941 [pool-208-thread-1] INFO  server.RaftServerConfigKeys (ConfUtils.java:logGet(43)) - raft.server.log.appender.buffer.byte-limit = 33554432 (custom)
2019-09-19 16:46:48,942 [pool-208-thread-1] INFO  server.RaftServerConfigKeys (ConfUtils.java:logGet(43)) - raft.server.log.segment.size.max = 1048576 (custom)
2019-09-19 16:46:48,942 [pool-208-thread-1] INFO  server.RaftServerConfigKeys (ConfUtils.java:logGet(43)) - raft.server.log.segment.cache.num.max = 2 (custom)
2019-09-19 16:46:48,942 [pool-208-thread-1] INFO  segmented.SegmentedRaftLogWorker (SegmentedRaftLogWorker.java:<init>(172)) - new 7d52edcb-3f9e-4ee4-a19c-9fe49afe3f0d-SegmentedRaftLogWorker:Storage Directory /workdir/hadoop-ozone/ozonefs/target/test-dir/MiniOzoneClusterImpl-421e31d2-c7a4-426c-8bcc-062c99b824ca/datanode-2/data/ratis/1c54ad2f-7f0a-4f8a-a425-f8ed327c2c5c for RaftStorage:Storage Directory /workdir/hadoop-ozone/ozonefs/target/test-dir/MiniOzoneClusterImpl-421e31d2-c7a4-426c-8bcc-062c99b824ca/datanode-2/data/ratis/1c54ad2f-7f0a-4f8a-a425-f8ed327c2c5c
2019-09-19 16:46:48,942 [pool-208-thread-1] INFO  server.RaftServerConfigKeys (ConfUtils.java:logGet(43)) - raft.server.log.queue.byte-limit = 2147483647 (custom)
2019-09-19 16:46:48,942 [pool-208-thread-1] INFO  server.RaftServerConfigKeys (ConfUtils.java:logGet(43)) - raft.server.log.queue.element-limit = 1024 (custom)
2019-09-19 16:46:48,942 [pool-208-thread-1] INFO  server.RaftServerConfigKeys (ConfUtils.java:logGet(43)) - raft.server.log.segment.size.max = 1048576 (custom)
2019-09-19 16:46:48,942 [pool-208-thread-1] INFO  server.RaftServerConfigKeys (ConfUtils.java:logGet(43)) - raft.server.log.preallocated.size = 16384 (custom)
2019-09-19 16:46:48,942 [pool-208-thread-1] INFO  server.RaftServerConfigKeys (ConfUtils.java:logGet(43)) - raft.server.log.write.buffer.size = 33554432 (custom)
2019-09-19 16:46:48,942 [pool-208-thread-1] INFO  server.RaftServerConfigKeys (ConfUtils.java:logGet(43)) - raft.server.log.force.sync.num = 128 (default)
2019-09-19 16:46:48,942 [pool-208-thread-1] INFO  server.RaftServerConfigKeys (ConfUtils.java:logGet(43)) - raft.server.log.statemachine.data.sync = true (default)
2019-09-19 16:46:48,943 [pool-208-thread-1] INFO  server.RaftServerConfigKeys (ConfUtils.java:logGet(43)) - raft.server.log.statemachine.data.sync.timeout = 10s (default)
2019-09-19 16:46:48,943 [pool-208-thread-1] INFO  server.RaftServerConfigKeys (ConfUtils.java:logGet(43)) - raft.server.log.statemachine.data.sync.timeout.retry = -1 (default)
2019-09-19 16:46:48,943 [pool-208-thread-1] INFO  server.RaftServerConfigKeys (ConfUtils.java:logGet(43)) - raft.server.log.statemachine.data.caching.enabled = true (custom)
2019-09-19 16:46:48,943 [pool-208-thread-1] INFO  segmented.SegmentedRaftLogWorker (SegmentedRaftLogWorker.java:lambda$new$0(132)) - 7d52edcb-3f9e-4ee4-a19c-9fe49afe3f0d-SegmentedRaftLogWorker:Storage Directory /workdir/hadoop-ozone/ozonefs/target/test-dir/MiniOzoneClusterImpl-421e31d2-c7a4-426c-8bcc-062c99b824ca/datanode-2/data/ratis/1c54ad2f-7f0a-4f8a-a425-f8ed327c2c5c: flushIndex: setUnconditionally 0 -> -1
2019-09-19 16:46:48,943 [pool-208-thread-1] INFO  server.RaftServerConfigKeys (ConfUtils.java:logGet(43)) - raft.server.snapshot.auto.trigger.enabled = true (custom)
2019-09-19 16:46:48,943 [pool-208-thread-1] INFO  server.RaftServerConfigKeys (ConfUtils.java:logGet(43)) - raft.server.snapshot.auto.trigger.threshold = 10000 (custom)
2019-09-19 16:46:48,943 [pool-208-thread-1] INFO  server.RaftServerConfigKeys (ConfUtils.java:logGet(43)) - raft.server.retrycache.expirytime = 600000ms (custom)
2019-09-19 16:46:48,944 [pool-208-thread-1] INFO  impl.RaftServerImpl (RaftServerImpl.java:start(180)) - 7d52edcb-3f9e-4ee4-a19c-9fe49afe3f0d: start group-F8ED327C2C5C
2019-09-19 16:46:48,944 [pool-208-thread-1] INFO  impl.RaftServerImpl (RaftServerImpl.java:setRole(171)) - 7d52edcb-3f9e-4ee4-a19c-9fe49afe3f0d:group-F8ED327C2C5C changes role from null to FOLLOWER at term 0 for startAsFollower
2019-09-19 16:46:48,944 [pool-208-thread-1] INFO  impl.RoleInfo (RoleInfo.java:updateAndGet(143)) - 7d52edcb-3f9e-4ee4-a19c-9fe49afe3f0d: start FollowerState
2019-09-19 16:46:48,944 [pool-208-thread-1] INFO  util.JmxRegister (JmxRegister.java:tryRegister(44)) - Successfully registered JMX Bean with object name Ratis:service=RaftServer,group=group-F8ED327C2C5C,id=7d52edcb-3f9e-4ee4-a19c-9fe49afe3f0d
2019-09-19 16:46:48,947 [RatisPipelineUtilsThread] INFO  pipeline.PipelineStateManager (PipelineStateManager.java:addPipeline(56)) - Created pipeline Pipeline[ Id: 1c54ad2f-7f0a-4f8a-a425-f8ed327c2c5c, Nodes: 7d52edcb-3f9e-4ee4-a19c-9fe49afe3f0d{ip: 192.168.157.226, host: pr-hdds-1569-swxfz-3172132826, networkLocation: /default-rack, certSerialId: null}, Type:RATIS, Factor:ONE, State:OPEN]
2019-09-19 16:46:48,947 [RatisPipelineUtilsThread] ERROR pipeline.PipelinePlacementPolicy (PipelinePlacementPolicy.java:meetCriteria(91)) - Pipeline Placement: Doesn't meet the criteria to be viable node. Heaviness: 6
2019-09-19 16:46:48,947 [RatisPipelineUtilsThread] ERROR pipeline.PipelinePlacementPolicy (PipelinePlacementPolicy.java:meetCriteria(91)) - Pipeline Placement: Doesn't meet the criteria to be viable node. Heaviness: 6
2019-09-19 16:46:48,953 [grpc-default-executor-0] INFO  impl.RaftServerProxy (RaftServerProxy.java:addNew(89)) - 7d52edcb-3f9e-4ee4-a19c-9fe49afe3f0d: addNew group-971BCDB23F85:[7d52edcb-3f9e-4ee4-a19c-9fe49afe3f0d:192.168.157.226:35489] returns group-971BCDB23F85:java.util.concurrent.CompletableFuture@6d220cc4[Not completed]
2019-09-19 16:46:48,953 [pool-208-thread-1] INFO  impl.RaftServerImpl (RaftServerImpl.java:<init>(93)) - 7d52edcb-3f9e-4ee4-a19c-9fe49afe3f0d: new RaftServerImpl for group-971BCDB23F85:[7d52edcb-3f9e-4ee4-a19c-9fe49afe3f0d:192.168.157.226:35489] with ContainerStateMachine:uninitialized
2019-09-19 16:46:48,953 [pool-208-thread-1] INFO  server.RaftServerConfigKeys (ConfUtils.java:logGet(43)) - raft.server.rpc.timeout.min = 5s (custom)
2019-09-19 16:46:48,953 [pool-208-thread-1] INFO  server.RaftServerConfigKeys (ConfUtils.java:logGet(43)) - raft.server.rpc.timeout.max = 5200ms (custom)
2019-09-19 16:46:48,954 [pool-208-thread-1] INFO  server.RaftServerConfigKeys (ConfUtils.java:logGet(43)) - raft.server.rpcslowness.timeout = 120s (custom)
2019-09-19 16:46:48,954 [pool-208-thread-1] INFO  server.RaftServerConfigKeys (ConfUtils.java:logGet(43)) - raft.server.sleep.deviation.threshold = 300 (default)
2019-09-19 16:46:48,954 [pool-208-thread-1] INFO  server.RaftServerConfigKeys (ConfUtils.java:logGet(43)) - raft.server.log.appender.install.snapshot.enabled = false (custom)
2019-09-19 16:46:48,954 [pool-208-thread-1] INFO  impl.RaftServerImpl (ServerState.java:<init>(105)) - 7d52edcb-3f9e-4ee4-a19c-9fe49afe3f0d:group-971BCDB23F85 ConfigurationManager, init=-1: [7d52edcb-3f9e-4ee4-a19c-9fe49afe3f0d:192.168.157.226:35489], old=null, confs=<EMPTY_MAP>
2019-09-19 16:46:48,954 [pool-208-thread-1] INFO  server.RaftServerConfigKeys (ConfUtils.java:logGet(43)) - raft.server.storage.dir = [/workdir/hadoop-ozone/ozonefs/target/test-dir/MiniOzoneClusterImpl-421e31d2-c7a4-426c-8bcc-062c99b824ca/datanode-2/data/ratis] (custom)
2019-09-19 16:46:48,954 [pool-208-thread-1] INFO  storage.RaftStorageDirectory (RaftStorageDirectory.java:analyzeStorage(246)) - The storage directory /workdir/hadoop-ozone/ozonefs/target/test-dir/MiniOzoneClusterImpl-421e31d2-c7a4-426c-8bcc-062c99b824ca/datanode-2/data/ratis/2a33ec1e-6b13-477e-9cab-971bcdb23f85 does not exist. Creating ...
2019-09-19 16:46:48,966 [pool-208-thread-1] INFO  storage.RaftStorageDirectory (RaftStorageDirectory.java:tryLock(328)) - Lock on /workdir/hadoop-ozone/ozonefs/target/test-dir/MiniOzoneClusterImpl-421e31d2-c7a4-426c-8bcc-062c99b824ca/datanode-2/data/ratis/2a33ec1e-6b13-477e-9cab-971bcdb23f85/in_use.lock acquired by nodename 32682@pr-hdds-1569-swxfz-3172132826
2019-09-19 16:46:48,969 [pool-208-thread-1] INFO  storage.RaftStorage (RaftStorage.java:format(72)) - Storage directory /workdir/hadoop-ozone/ozonefs/target/test-dir/MiniOzoneClusterImpl-421e31d2-c7a4-426c-8bcc-062c99b824ca/datanode-2/data/ratis/2a33ec1e-6b13-477e-9cab-971bcdb23f85 has been successfully formatted.
2019-09-19 16:46:48,970 [pool-208-thread-1] INFO  ratis.ContainerStateMachine (ContainerStateMachine.java:loadSnapshot(226)) - group-971BCDB23F85: The snapshot info is null. Setting the last applied indexto:(t:0, i:~)
2019-09-19 16:46:48,970 [pool-208-thread-1] INFO  server.RaftServerConfigKeys (ConfUtils.java:logGet(43)) - raft.server.leader.election.timeout = 120s (custom)
2019-09-19 16:46:48,970 [pool-208-thread-1] INFO  server.RaftServerConfigKeys (ConfUtils.java:logGet(43)) - raft.server.log.use.memory = false (default)
2019-09-19 16:46:48,970 [pool-208-thread-1] INFO  server.RaftServerConfigKeys (ConfUtils.java:logGet(43)) - raft.server.log.purge.gap = 1000000 (custom)
2019-09-19 16:46:48,970 [pool-208-thread-1] INFO  server.RaftServerConfigKeys (ConfUtils.java:logGet(43)) - raft.server.log.appender.buffer.byte-limit = 33554432 (custom)
2019-09-19 16:46:48,970 [pool-208-thread-1] INFO  server.RaftServerConfigKeys (ConfUtils.java:logGet(43)) - raft.server.log.segment.size.max = 1048576 (custom)
2019-09-19 16:46:48,970 [pool-208-thread-1] INFO  server.RaftServerConfigKeys (ConfUtils.java:logGet(43)) - raft.server.log.segment.cache.num.max = 2 (custom)
2019-09-19 16:46:48,970 [pool-208-thread-1] INFO  segmented.SegmentedRaftLogWorker (SegmentedRaftLogWorker.java:<init>(172)) - new 7d52edcb-3f9e-4ee4-a19c-9fe49afe3f0d-SegmentedRaftLogWorker:Storage Directory /workdir/hadoop-ozone/ozonefs/target/test-dir/MiniOzoneClusterImpl-421e31d2-c7a4-426c-8bcc-062c99b824ca/datanode-2/data/ratis/2a33ec1e-6b13-477e-9cab-971bcdb23f85 for RaftStorage:Storage Directory /workdir/hadoop-ozone/ozonefs/target/test-dir/MiniOzoneClusterImpl-421e31d2-c7a4-426c-8bcc-062c99b824ca/datanode-2/data/ratis/2a33ec1e-6b13-477e-9cab-971bcdb23f85
2019-09-19 16:46:48,970 [pool-208-thread-1] INFO  server.RaftServerConfigKeys (ConfUtils.java:logGet(43)) - raft.server.log.queue.byte-limit = 2147483647 (custom)
2019-09-19 16:46:48,971 [pool-208-thread-1] INFO  server.RaftServerConfigKeys (ConfUtils.java:logGet(43)) - raft.server.log.queue.element-limit = 1024 (custom)
2019-09-19 16:46:48,971 [pool-208-thread-1] INFO  server.RaftServerConfigKeys (ConfUtils.java:logGet(43)) - raft.server.log.segment.size.max = 1048576 (custom)
2019-09-19 16:46:48,971 [pool-208-thread-1] INFO  server.RaftServerConfigKeys (ConfUtils.java:logGet(43)) - raft.server.log.preallocated.size = 16384 (custom)
2019-09-19 16:46:48,971 [pool-208-thread-1] INFO  server.RaftServerConfigKeys (ConfUtils.java:logGet(43)) - raft.server.log.write.buffer.size = 33554432 (custom)
2019-09-19 16:46:48,971 [pool-208-thread-1] INFO  server.RaftServerConfigKeys (ConfUtils.java:logGet(43)) - raft.server.log.force.sync.num = 128 (default)
2019-09-19 16:46:48,971 [pool-208-thread-1] INFO  server.RaftServerConfigKeys (ConfUtils.java:logGet(43)) - raft.server.log.statemachine.data.sync = true (default)
2019-09-19 16:46:48,971 [pool-208-thread-1] INFO  server.RaftServerConfigKeys (ConfUtils.java:logGet(43)) - raft.server.log.statemachine.data.sync.timeout = 10s (default)
2019-09-19 16:46:48,971 [pool-208-thread-1] INFO  server.RaftServerConfigKeys (ConfUtils.java:logGet(43)) - raft.server.log.statemachine.data.sync.timeout.retry = -1 (default)
2019-09-19 16:46:48,971 [pool-208-thread-1] INFO  server.RaftServerConfigKeys (ConfUtils.java:logGet(43)) - raft.server.log.statemachine.data.caching.enabled = true (custom)
2019-09-19 16:46:48,971 [pool-208-thread-1] INFO  segmented.SegmentedRaftLogWorker (SegmentedRaftLogWorker.java:lambda$new$0(132)) - 7d52edcb-3f9e-4ee4-a19c-9fe49afe3f0d-SegmentedRaftLogWorker:Storage Directory /workdir/hadoop-ozone/ozonefs/target/test-dir/MiniOzoneClusterImpl-421e31d2-c7a4-426c-8bcc-062c99b824ca/datanode-2/data/ratis/2a33ec1e-6b13-477e-9cab-971bcdb23f85: flushIndex: setUnconditionally 0 -> -1
2019-09-19 16:46:48,972 [pool-208-thread-1] INFO  server.RaftServerConfigKeys (ConfUtils.java:logGet(43)) - raft.server.snapshot.auto.trigger.enabled = true (custom)
2019-09-19 16:46:48,972 [pool-208-thread-1] INFO  server.RaftServerConfigKeys (ConfUtils.java:logGet(43)) - raft.server.snapshot.auto.trigger.threshold = 10000 (custom)
2019-09-19 16:46:48,972 [pool-208-thread-1] INFO  server.RaftServerConfigKeys (ConfUtils.java:logGet(43)) - raft.server.retrycache.expirytime = 600000ms (custom)
2019-09-19 16:46:48,972 [pool-208-thread-1] INFO  impl.RaftServerImpl (RaftServerImpl.java:start(180)) - 7d52edcb-3f9e-4ee4-a19c-9fe49afe3f0d: start group-971BCDB23F85
2019-09-19 16:46:48,972 [pool-208-thread-1] INFO  impl.RaftServerImpl (RaftServerImpl.java:setRole(171)) - 7d52edcb-3f9e-4ee4-a19c-9fe49afe3f0d:group-971BCDB23F85 changes role from null to FOLLOWER at term 0 for startAsFollower
2019-09-19 16:46:48,972 [pool-208-thread-1] INFO  impl.RoleInfo (RoleInfo.java:updateAndGet(143)) - 7d52edcb-3f9e-4ee4-a19c-9fe49afe3f0d: start FollowerState
2019-09-19 16:46:48,972 [pool-208-thread-1] INFO  util.JmxRegister (JmxRegister.java:tryRegister(44)) - Successfully registered JMX Bean with object name Ratis:service=RaftServer,group=group-971BCDB23F85,id=7d52edcb-3f9e-4ee4-a19c-9fe49afe3f0d
2019-09-19 16:46:48,975 [RatisPipelineUtilsThread] INFO  pipeline.PipelineStateManager (PipelineStateManager.java:addPipeline(56)) - Created pipeline Pipeline[ Id: 2a33ec1e-6b13-477e-9cab-971bcdb23f85, Nodes: 7d52edcb-3f9e-4ee4-a19c-9fe49afe3f0d{ip: 192.168.157.226, host: pr-hdds-1569-swxfz-3172132826, networkLocation: /default-rack, certSerialId: null}, Type:RATIS, Factor:ONE, State:OPEN]
2019-09-19 16:46:48,975 [RatisPipelineUtilsThread] ERROR pipeline.PipelinePlacementPolicy (PipelinePlacementPolicy.java:meetCriteria(91)) - Pipeline Placement: Doesn't meet the criteria to be viable node. Heaviness: 6
2019-09-19 16:46:48,976 [RatisPipelineUtilsThread] ERROR pipeline.PipelinePlacementPolicy (PipelinePlacementPolicy.java:meetCriteria(91)) - Pipeline Placement: Doesn't meet the criteria to be viable node. Heaviness: 6
2019-09-19 16:46:48,976 [RatisPipelineUtilsThread] ERROR pipeline.PipelinePlacementPolicy (PipelinePlacementPolicy.java:meetCriteria(91)) - Pipeline Placement: Doesn't meet the criteria to be viable node. Heaviness: 6
2019-09-19 16:46:48,976 [RatisPipelineUtilsThread] ERROR pipeline.PipelinePlacementPolicy (PipelinePlacementPolicy.java:filterViableNodes(146)) - Unable to find enough nodes that meet the criteria that cannot engage in more than 5 pipelines. Nodes required: 1 Found: 0, healthy nodes count inNodeManager: 3.
2019-09-19 16:46:48,976 [RatisPipelineUtilsThread] ERROR pipeline.SCMPipelineManager (SCMPipelineManager.java:createPipeline(161)) - Pipeline creation failed due to exception: Unable to find enough nodes that meet the criteria that cannot engage in more than 5 pipelines. Nodes required: 1 Found: 0, healthy nodes count inNodeManager: 3.
2019-09-19 16:46:48,976 [RatisPipelineUtilsThread] ERROR pipeline.PipelinePlacementPolicy (PipelinePlacementPolicy.java:meetCriteria(91)) - Pipeline Placement: Doesn't meet the criteria to be viable node. Heaviness: 6
2019-09-19 16:46:48,977 [RatisPipelineUtilsThread] ERROR pipeline.PipelinePlacementPolicy (PipelinePlacementPolicy.java:meetCriteria(91)) - Pipeline Placement: Doesn't meet the criteria to be viable node. Heaviness: 6
2019-09-19 16:46:48,977 [RatisPipelineUtilsThread] ERROR pipeline.PipelinePlacementPolicy (PipelinePlacementPolicy.java:meetCriteria(91)) - Pipeline Placement: Doesn't meet the criteria to be viable node. Heaviness: 6
2019-09-19 16:46:48,977 [RatisPipelineUtilsThread] ERROR pipeline.PipelinePlacementPolicy (PipelinePlacementPolicy.java:filterViableNodes(146)) - Unable to find enough nodes that meet the criteria that cannot engage in more than 5 pipelines. Nodes required: 3 Found: 0, healthy nodes count inNodeManager: 3.
2019-09-19 16:46:48,977 [RatisPipelineUtilsThread] ERROR pipeline.SCMPipelineManager (SCMPipelineManager.java:createPipeline(161)) - Pipeline creation failed due to exception: Unable to find enough nodes that meet the criteria that cannot engage in more than 5 pipelines. Nodes required: 3 Found: 0, healthy nodes count inNodeManager: 3.
2019-09-19 16:46:49,728 [Thread-796] INFO  ozone.MiniOzoneClusterImpl (MiniOzoneClusterImpl.java:lambda$waitForClusterToBeReady$0(142)) - Cluster is ready. Got 3 of 3 DN Heartbeats.
2019-09-19 16:46:49,949 | INFO  | OMAudit | user=jenkins1000 | ip=127.0.0.1 | op=CREATE_VOLUME {admin=admin67400, owner=user96962, volume=volume40591, creationTime=1568911609948, quotaInBytes=1152921504606846976} | ret=SUCCESS |  
2019-09-19 16:46:49,958 | INFO  | OMAudit | user=jenkins1000 | ip=127.0.0.1 | op=CREATE_BUCKET {volume=volume40591, bucket=bucket16729, acls=[], isVersionEnabled=false, storageType=DISK, creationTime=0} | ret=SUCCESS |  
2019-09-19 16:46:49,979 | INFO  | OMAudit | user=jenkins1000 | ip=127.0.0.1 | op=READ_VOLUME {volume=volume40591} | ret=SUCCESS |  
2019-09-19 16:46:49,981 | INFO  | OMAudit | user=jenkins1000 | ip=127.0.0.1 | op=READ_BUCKET {volume=volume40591, bucket=bucket16729} | ret=SUCCESS |  
2019-09-19 16:46:50,012 [IPC Server handler 2 on 39220] ERROR pipeline.PipelinePlacementPolicy (PipelinePlacementPolicy.java:meetCriteria(91)) - Pipeline Placement: Doesn't meet the criteria to be viable node. Heaviness: 6
2019-09-19 16:46:50,012 [IPC Server handler 2 on 39220] ERROR pipeline.PipelinePlacementPolicy (PipelinePlacementPolicy.java:meetCriteria(91)) - Pipeline Placement: Doesn't meet the criteria to be viable node. Heaviness: 6
2019-09-19 16:46:50,012 [IPC Server handler 2 on 39220] ERROR pipeline.PipelinePlacementPolicy (PipelinePlacementPolicy.java:meetCriteria(91)) - Pipeline Placement: Doesn't meet the criteria to be viable node. Heaviness: 6
2019-09-19 16:46:50,012 [IPC Server handler 2 on 39220] ERROR pipeline.PipelinePlacementPolicy (PipelinePlacementPolicy.java:filterViableNodes(146)) - Unable to find enough nodes that meet the criteria that cannot engage in more than 5 pipelines. Nodes required: 3 Found: 0, healthy nodes count inNodeManager: 3.
2019-09-19 16:46:50,012 [IPC Server handler 2 on 39220] ERROR pipeline.SCMPipelineManager (SCMPipelineManager.java:createPipeline(161)) - Pipeline creation failed due to exception: Unable to find enough nodes that meet the criteria that cannot engage in more than 5 pipelines. Nodes required: 3 Found: 0, healthy nodes count inNodeManager: 3.
2019-09-19 16:46:50,013 [IPC Server handler 2 on 39220] WARN  block.BlockManagerImpl (BlockManagerImpl.java:allocateBlock(192)) - Pipeline creation failed for type:RATIS factor:THREE. Retrying get pipelines call once.
org.apache.hadoop.hdds.scm.exceptions.SCMException: Unable to find enough nodes that meet the criteria that cannot engage in more than 5 pipelines. Nodes required: 3 Found: 0, healthy nodes count inNodeManager: 3.
	at org.apache.hadoop.hdds.scm.pipeline.PipelinePlacementPolicy.filterViableNodes(PipelinePlacementPolicy.java:147)
	at org.apache.hadoop.hdds.scm.pipeline.PipelinePlacementPolicy.chooseDatanodes(PipelinePlacementPolicy.java:170)
	at org.apache.hadoop.hdds.scm.pipeline.RatisPipelineProvider.create(RatisPipelineProvider.java:92)
	at org.apache.hadoop.hdds.scm.pipeline.PipelineFactory.create(PipelineFactory.java:57)
	at org.apache.hadoop.hdds.scm.pipeline.SCMPipelineManager.createPipeline(SCMPipelineManager.java:149)
	at org.apache.hadoop.hdds.scm.block.BlockManagerImpl.allocateBlock(BlockManagerImpl.java:190)
	at org.apache.hadoop.hdds.scm.server.SCMBlockProtocolServer.allocateBlock(SCMBlockProtocolServer.java:175)
	at org.apache.hadoop.ozone.protocolPB.ScmBlockLocationProtocolServerSideTranslatorPB.allocateScmBlock(ScmBlockLocationProtocolServerSideTranslatorPB.java:153)
	at org.apache.hadoop.ozone.protocolPB.ScmBlockLocationProtocolServerSideTranslatorPB.send(ScmBlockLocationProtocolServerSideTranslatorPB.java:112)
	at org.apache.hadoop.hdds.protocol.proto.ScmBlockLocationProtocolProtos$ScmBlockLocationProtocolService$2.callBlockingMethod(ScmBlockLocationProtocolProtos.java:13157)
	at org.apache.hadoop.ipc.ProtobufRpcEngine$Server$ProtoBufRpcInvoker.call(ProtobufRpcEngine.java:524)
	at org.apache.hadoop.ipc.RPC$Server.call(RPC.java:1025)
	at org.apache.hadoop.ipc.Server$RpcCall.run(Server.java:876)
	at org.apache.hadoop.ipc.Server$RpcCall.run(Server.java:822)
	at java.security.AccessController.doPrivileged(Native Method)
	at javax.security.auth.Subject.doAs(Subject.java:422)
	at org.apache.hadoop.security.UserGroupInformation.doAs(UserGroupInformation.java:1730)
	at org.apache.hadoop.ipc.Server$Handler.run(Server.java:2682)
2019-09-19 16:46:50,013 [IPC Server handler 2 on 39220] INFO  block.BlockManagerImpl (BlockManagerImpl.java:allocateBlock(198)) - Could not find available pipeline of type:RATIS and factor:THREE even after retrying
2019-09-19 16:46:50,013 [IPC Server handler 2 on 39220] ERROR block.BlockManagerImpl (BlockManagerImpl.java:allocateBlock(222)) - Unable to allocate a block for the size: 4194304, type: RATIS, factor: THREE
2019-09-19 16:46:50,013 | INFO  | SCMAudit | user=jenkins1000 | ip=192.168.157.226 | op=ALLOCATE_BLOCK {owner=e656c31c-4cbf-4037-960c-d36a88c5b4aa, size=4194304, type=RATIS, factor=THREE} | ret=SUCCESS |  
2019-09-19 16:46:50,014 | ERROR | OMAudit | user=jenkins1000 | ip=127.0.0.1 | op=CREATE_FILE {volume=volume40591, bucket=bucket16729, key=testListStatus/key1, dataSize=0, replicationType=RATIS, replicationFactor=THREE, keyLocationInfo=null} | ret=FAILURE | org.apache.hadoop.hdds.scm.exceptions.SCMException: Allocated 0 blocks. Requested 1 blocks
	at org.apache.hadoop.hdds.scm.protocolPB.ScmBlockLocationProtocolClientSideTranslatorPB.handleError(ScmBlockLocationProtocolClientSideTranslatorPB.java:118)
	at org.apache.hadoop.hdds.scm.protocolPB.ScmBlockLocationProtocolClientSideTranslatorPB.allocateBlock(ScmBlockLocationProtocolClientSideTranslatorPB.java:156) 
2019-09-19 16:46:50,016 [Thread-796] INFO  ozone.MiniOzoneClusterImpl (MiniOzoneClusterImpl.java:shutdown(321)) - Shutting down the Mini Ozone Cluster
2019-09-19 16:46:50,016 | INFO  | SCMAudit | user=null | ip=null | op=GET_SCM_INFO null | ret=SUCCESS |  
2019-09-19 16:46:50,016 [Thread-796] INFO  ozone.MiniOzoneClusterImpl (MiniOzoneClusterImpl.java:stop(336)) - Stopping the Mini Ozone Cluster
2019-09-19 16:46:50,017 [Thread-796] INFO  ozone.MiniOzoneClusterImpl (MiniOzoneClusterImpl.java:stop(338)) - Stopping the OzoneManager
2019-09-19 16:46:50,017 [Thread-796] INFO  ipc.Server (Server.java:stop(3082)) - Stopping server on 34634
2019-09-19 16:46:50,020 [IPC Server listener on 34634] INFO  ipc.Server (Server.java:run(1185)) - Stopping IPC Server listener on 34634
2019-09-19 16:46:50,021 [Thread-796] INFO  ratis.OzoneManagerDoubleBuffer (OzoneManagerDoubleBuffer.java:stop(248)) - Stopping OMDoubleBuffer flush thread
2019-09-19 16:46:50,021 [IPC Server Responder] INFO  ipc.Server (Server.java:run(1319)) - Stopping IPC Server Responder
2019-09-19 16:46:50,023 [OMDoubleBufferFlushThread] INFO  ratis.OzoneManagerDoubleBuffer (OzoneManagerDoubleBuffer.java:flushTransactions(191)) - OMDoubleBuffer flush thread OMDoubleBufferFlushThread is interrupted and will exit. OMDoubleBufferFlushThread
2019-09-19 16:46:50,023 [Thread-796] INFO  utils.BackgroundService (BackgroundService.java:shutdown(148)) - Shutting down service KeyDeletingService
2019-09-19 16:46:50,025 [Thread-796] INFO  handler.ContextHandler (ContextHandler.java:doStop(910)) - Stopped o.e.j.w.WebAppContext@6742d851{/,null,UNAVAILABLE}{/ozoneManager}
2019-09-19 16:46:50,026 [Thread-796] INFO  server.AbstractConnector (AbstractConnector.java:doStop(318)) - Stopped ServerConnector@26964aea{HTTP/1.1,[http/1.1]}{0.0.0.0:0}
2019-09-19 16:46:50,027 [Thread-796] INFO  handler.ContextHandler (ContextHandler.java:doStop(910)) - Stopped o.e.j.s.ServletContextHandler@1db39306{/static,jar:file:/home/user/.m2/repository/org/apache/hadoop/hadoop-ozone-ozone-manager/0.5.0-SNAPSHOT/hadoop-ozone-ozone-manager-0.5.0-SNAPSHOT.jar!/webapps/static,UNAVAILABLE}
2019-09-19 16:46:50,027 [Thread-796] INFO  handler.ContextHandler (ContextHandler.java:doStop(910)) - Stopped o.e.j.s.ServletContextHandler@164d93e7{/logs,file:///workdir/hadoop-ozone/ozonefs/target/log,UNAVAILABLE}
2019-09-19 16:46:50,030 [Thread-796] INFO  ozone.MiniOzoneClusterImpl (MiniOzoneClusterImpl.java:stop(344)) - Shutting the HddsDatanodes
2019-09-19 16:46:50,030 [Thread-796] INFO  datanode.ObjectStoreHandler (ObjectStoreHandler.java:close(155)) - Closing ObjectStoreHandler.
2019-09-19 16:46:50,030 [ForkJoinPool.commonPool-worker-0] INFO  datanode.ObjectStoreHandler (ObjectStoreHandler.java:close(155)) - Closing ObjectStoreHandler.
2019-09-19 16:46:50,030 [Thread-796] INFO  ozone.HddsDatanodeService (HddsDatanodeService.java:stop(451)) - Stopped plug-in org.apache.hadoop.ozone.web.OzoneHddsDatanodeService@2834559f
2019-09-19 16:46:50,031 [ForkJoinPool.commonPool-worker-0] INFO  ozone.HddsDatanodeService (HddsDatanodeService.java:stop(451)) - Stopped plug-in org.apache.hadoop.ozone.web.OzoneHddsDatanodeService@225a5934
2019-09-19 16:46:50,193 [Datanode State Machine Thread - 0] INFO  statemachine.DatanodeStateMachine (DatanodeStateMachine.java:lambda$startDaemon$0(350)) - Ozone container server started.
2019-09-19 16:46:50,429 [Datanode State Machine Thread - 0] INFO  statemachine.DatanodeStateMachine (DatanodeStateMachine.java:lambda$startDaemon$0(350)) - Ozone container server started.
2019-09-19 16:46:50,729 | INFO  | SCMAudit | user=jenkins1000 | ip=192.168.157.226 | op=SEND_HEARTBEAT {datanodeUUID=7d52edcb-3f9e-4ee4-a19c-9fe49afe3f0d, command=[]} | ret=SUCCESS |  
2019-09-19 16:46:51,205 [Thread-968] INFO  container.ReplicationManager (ReplicationManager.java:start(151)) - Starting Replication Monitor Thread.
2019-09-19 16:46:51,208 [ReplicationMonitor] INFO  container.ReplicationManager (ReplicationManager.java:run(214)) - Replication Monitor Thread took 0 milliseconds for processing 0 containers.
2019-09-19 16:46:51,730 | INFO  | SCMAudit | user=jenkins1000 | ip=192.168.157.226 | op=SEND_HEARTBEAT {datanodeUUID=7d52edcb-3f9e-4ee4-a19c-9fe49afe3f0d, command=[]} | ret=SUCCESS |  
2019-09-19 16:46:52,729 | INFO  | SCMAudit | user=jenkins1000 | ip=192.168.157.226 | op=SEND_HEARTBEAT {datanodeUUID=7d52edcb-3f9e-4ee4-a19c-9fe49afe3f0d, command=[]} | ret=SUCCESS |  
2019-09-19 16:46:53,409 [Thread-973] INFO  impl.FollowerState (FollowerState.java:run(106)) - 9c00c300-40f8-490d-beaf-1a01717c10f2:group-D968CF3C9939 changes to CANDIDATE, lastRpcTime:5102, electionTimeout:5102ms
2019-09-19 16:46:53,410 [Thread-973] INFO  impl.RoleInfo (RoleInfo.java:shutdownFollowerState(121)) - 9c00c300-40f8-490d-beaf-1a01717c10f2: shutdown FollowerState
2019-09-19 16:46:53,410 [Thread-973] INFO  impl.RaftServerImpl (RaftServerImpl.java:setRole(171)) - 9c00c300-40f8-490d-beaf-1a01717c10f2:group-D968CF3C9939 changes role from FOLLOWER to CANDIDATE at term 0 for changeToCandidate
2019-09-19 16:46:53,410 [Thread-973] INFO  impl.RoleInfo (RoleInfo.java:updateAndGet(143)) - 9c00c300-40f8-490d-beaf-1a01717c10f2: start LeaderElection
2019-09-19 16:46:53,410 [Thread-970] INFO  impl.FollowerState (FollowerState.java:run(106)) - 9c00c300-40f8-490d-beaf-1a01717c10f2:group-3B1AE2AC88E7 changes to CANDIDATE, lastRpcTime:5146, electionTimeout:5146ms
2019-09-19 16:46:53,410 [Thread-970] INFO  impl.RoleInfo (RoleInfo.java:shutdownFollowerState(121)) - 9c00c300-40f8-490d-beaf-1a01717c10f2: shutdown FollowerState
2019-09-19 16:46:53,413 [Thread-970] INFO  impl.RaftServerImpl (RaftServerImpl.java:setRole(171)) - 9c00c300-40f8-490d-beaf-1a01717c10f2:group-3B1AE2AC88E7 changes role from FOLLOWER to CANDIDATE at term 0 for changeToCandidate
2019-09-19 16:46:53,413 [Thread-970] INFO  impl.RoleInfo (RoleInfo.java:updateAndGet(143)) - 9c00c300-40f8-490d-beaf-1a01717c10f2: start LeaderElection
2019-09-19 16:46:53,415 [Thread-976] INFO  impl.FollowerState (FollowerState.java:run(106)) - 9c00c300-40f8-490d-beaf-1a01717c10f2:group-5C0F9F7F0FDF changes to CANDIDATE, lastRpcTime:5067, electionTimeout:5066ms
2019-09-19 16:46:53,415 [Thread-976] INFO  impl.RoleInfo (RoleInfo.java:shutdownFollowerState(121)) - 9c00c300-40f8-490d-beaf-1a01717c10f2: shutdown FollowerState
2019-09-19 16:46:53,415 [Thread-976] INFO  impl.RaftServerImpl (RaftServerImpl.java:setRole(171)) - 9c00c300-40f8-490d-beaf-1a01717c10f2:group-5C0F9F7F0FDF changes role from FOLLOWER to CANDIDATE at term 0 for changeToCandidate
2019-09-19 16:46:53,415 [Thread-976] INFO  impl.RoleInfo (RoleInfo.java:updateAndGet(143)) - 9c00c300-40f8-490d-beaf-1a01717c10f2: start LeaderElection
2019-09-19 16:46:53,441 [9c00c300-40f8-490d-beaf-1a01717c10f2:group-5C0F9F7F0FDF:LeaderElection52] INFO  impl.LeaderElection (LeaderElection.java:askForVotes(181)) - 9c00c300-40f8-490d-beaf-1a01717c10f2:group-5C0F9F7F0FDF:LeaderElection52: begin an election at term 1 for -1: [9c00c300-40f8-490d-beaf-1a01717c10f2:192.168.157.226:43915], old=null
2019-09-19 16:46:53,441 [9c00c300-40f8-490d-beaf-1a01717c10f2:group-3B1AE2AC88E7:LeaderElection51] INFO  impl.LeaderElection (LeaderElection.java:askForVotes(181)) - 9c00c300-40f8-490d-beaf-1a01717c10f2:group-3B1AE2AC88E7:LeaderElection51: begin an election at term 1 for -1: [9c00c300-40f8-490d-beaf-1a01717c10f2:192.168.157.226:43915], old=null
2019-09-19 16:46:53,441 [9c00c300-40f8-490d-beaf-1a01717c10f2:group-5C0F9F7F0FDF:LeaderElection52] INFO  impl.RoleInfo (RoleInfo.java:shutdownLeaderElection(134)) - 9c00c300-40f8-490d-beaf-1a01717c10f2: shutdown LeaderElection
2019-09-19 16:46:53,441 [9c00c300-40f8-490d-beaf-1a01717c10f2:group-D968CF3C9939:LeaderElection50] INFO  impl.LeaderElection (LeaderElection.java:askForVotes(181)) - 9c00c300-40f8-490d-beaf-1a01717c10f2:group-D968CF3C9939:LeaderElection50: begin an election at term 1 for -1: [9c00c300-40f8-490d-beaf-1a01717c10f2:192.168.157.226:43915], old=null
2019-09-19 16:46:53,441 [9c00c300-40f8-490d-beaf-1a01717c10f2:group-5C0F9F7F0FDF:LeaderElection52] INFO  impl.RaftServerImpl (RaftServerImpl.java:setRole(171)) - 9c00c300-40f8-490d-beaf-1a01717c10f2:group-5C0F9F7F0FDF changes role from CANDIDATE to LEADER at term 1 for changeToLeader
2019-09-19 16:46:53,441 [9c00c300-40f8-490d-beaf-1a01717c10f2:group-3B1AE2AC88E7:LeaderElection51] INFO  impl.RoleInfo (RoleInfo.java:shutdownLeaderElection(134)) - 9c00c300-40f8-490d-beaf-1a01717c10f2: shutdown LeaderElection
2019-09-19 16:46:53,441 [9c00c300-40f8-490d-beaf-1a01717c10f2:group-5C0F9F7F0FDF:LeaderElection52] INFO  impl.RaftServerImpl (ServerState.java:setLeader(263)) - 9c00c300-40f8-490d-beaf-1a01717c10f2:group-5C0F9F7F0FDF change Leader from null to 9c00c300-40f8-490d-beaf-1a01717c10f2 at term 1 for becomeLeader, leader elected after 5096ms
2019-09-19 16:46:53,441 [9c00c300-40f8-490d-beaf-1a01717c10f2:group-D968CF3C9939:LeaderElection50] INFO  impl.RoleInfo (RoleInfo.java:shutdownLeaderElection(134)) - 9c00c300-40f8-490d-beaf-1a01717c10f2: shutdown LeaderElection
2019-09-19 16:46:53,442 [9c00c300-40f8-490d-beaf-1a01717c10f2:group-5C0F9F7F0FDF:LeaderElection52] INFO  server.RaftServerConfigKeys (ConfUtils.java:logGet(43)) - raft.server.staging.catchup.gap = 1000 (default)
2019-09-19 16:46:53,441 [9c00c300-40f8-490d-beaf-1a01717c10f2:group-3B1AE2AC88E7:LeaderElection51] INFO  impl.RaftServerImpl (RaftServerImpl.java:setRole(171)) - 9c00c300-40f8-490d-beaf-1a01717c10f2:group-3B1AE2AC88E7 changes role from CANDIDATE to LEADER at term 1 for changeToLeader
2019-09-19 16:46:53,442 [9c00c300-40f8-490d-beaf-1a01717c10f2:group-5C0F9F7F0FDF:LeaderElection52] INFO  server.RaftServerConfigKeys (ConfUtils.java:logGet(43)) - raft.server.rpc.sleep.time = 25ms (default)
2019-09-19 16:46:53,442 [9c00c300-40f8-490d-beaf-1a01717c10f2:group-D968CF3C9939:LeaderElection50] INFO  impl.RaftServerImpl (RaftServerImpl.java:setRole(171)) - 9c00c300-40f8-490d-beaf-1a01717c10f2:group-D968CF3C9939 changes role from CANDIDATE to LEADER at term 1 for changeToLeader
2019-09-19 16:46:53,442 [9c00c300-40f8-490d-beaf-1a01717c10f2:group-5C0F9F7F0FDF:LeaderElection52] INFO  server.RaftServerConfigKeys (ConfUtils.java:logGet(43)) - raft.server.write.element-limit = 4096 (default)
2019-09-19 16:46:53,442 [9c00c300-40f8-490d-beaf-1a01717c10f2:group-3B1AE2AC88E7:LeaderElection51] INFO  impl.RaftServerImpl (ServerState.java:setLeader(263)) - 9c00c300-40f8-490d-beaf-1a01717c10f2:group-3B1AE2AC88E7 change Leader from null to 9c00c300-40f8-490d-beaf-1a01717c10f2 at term 1 for becomeLeader, leader elected after 5184ms
2019-09-19 16:46:53,443 [9c00c300-40f8-490d-beaf-1a01717c10f2:group-5C0F9F7F0FDF:LeaderElection52] INFO  server.RaftServerConfigKeys (ConfUtils.java:logGet(43)) - raft.server.watch.timeout = 10s (default)
2019-09-19 16:46:53,443 [9c00c300-40f8-490d-beaf-1a01717c10f2:group-3B1AE2AC88E7:LeaderElection51] INFO  server.RaftServerConfigKeys (ConfUtils.java:logGet(43)) - raft.server.staging.catchup.gap = 1000 (default)
2019-09-19 16:46:53,442 [9c00c300-40f8-490d-beaf-1a01717c10f2:group-D968CF3C9939:LeaderElection50] INFO  impl.RaftServerImpl (ServerState.java:setLeader(263)) - 9c00c300-40f8-490d-beaf-1a01717c10f2:group-D968CF3C9939 change Leader from null to 9c00c300-40f8-490d-beaf-1a01717c10f2 at term 1 for becomeLeader, leader elected after 5139ms
2019-09-19 16:46:53,443 [9c00c300-40f8-490d-beaf-1a01717c10f2:group-3B1AE2AC88E7:LeaderElection51] INFO  server.RaftServerConfigKeys (ConfUtils.java:logGet(43)) - raft.server.rpc.sleep.time = 25ms (default)
2019-09-19 16:46:53,443 [9c00c300-40f8-490d-beaf-1a01717c10f2:group-5C0F9F7F0FDF:LeaderElection52] INFO  server.RaftServerConfigKeys (ConfUtils.java:logGet(43)) - raft.server.watch.timeout.denomination = 1s (default)
2019-09-19 16:46:53,443 [9c00c300-40f8-490d-beaf-1a01717c10f2:group-3B1AE2AC88E7:LeaderElection51] INFO  server.RaftServerConfigKeys (ConfUtils.java:logGet(43)) - raft.server.write.element-limit = 4096 (default)
2019-09-19 16:46:53,443 [9c00c300-40f8-490d-beaf-1a01717c10f2:group-D968CF3C9939:LeaderElection50] INFO  server.RaftServerConfigKeys (ConfUtils.java:logGet(43)) - raft.server.staging.catchup.gap = 1000 (default)
2019-09-19 16:46:53,444 [9c00c300-40f8-490d-beaf-1a01717c10f2:group-3B1AE2AC88E7:LeaderElection51] INFO  server.RaftServerConfigKeys (ConfUtils.java:logGet(43)) - raft.server.watch.timeout = 10s (default)
2019-09-19 16:46:53,444 [9c00c300-40f8-490d-beaf-1a01717c10f2:group-5C0F9F7F0FDF:LeaderElection52] INFO  server.RaftServerConfigKeys (ConfUtils.java:logGet(43)) - raft.server.watch.element-limit = 65536 (default)
2019-09-19 16:46:53,444 [9c00c300-40f8-490d-beaf-1a01717c10f2:group-3B1AE2AC88E7:LeaderElection51] INFO  server.RaftServerConfigKeys (ConfUtils.java:logGet(43)) - raft.server.watch.timeout.denomination = 1s (default)
2019-09-19 16:46:53,444 [9c00c300-40f8-490d-beaf-1a01717c10f2:group-D968CF3C9939:LeaderElection50] INFO  server.RaftServerConfigKeys (ConfUtils.java:logGet(43)) - raft.server.rpc.sleep.time = 25ms (default)
2019-09-19 16:46:53,444 [9c00c300-40f8-490d-beaf-1a01717c10f2:group-5C0F9F7F0FDF:LeaderElection52] INFO  impl.RoleInfo (RoleInfo.java:updateAndGet(143)) - 9c00c300-40f8-490d-beaf-1a01717c10f2: start LeaderState
2019-09-19 16:46:53,444 [9c00c300-40f8-490d-beaf-1a01717c10f2:group-3B1AE2AC88E7:LeaderElection51] INFO  server.RaftServerConfigKeys (ConfUtils.java:logGet(43)) - raft.server.watch.element-limit = 65536 (default)
2019-09-19 16:46:53,445 [9c00c300-40f8-490d-beaf-1a01717c10f2:group-D968CF3C9939:LeaderElection50] INFO  server.RaftServerConfigKeys (ConfUtils.java:logGet(43)) - raft.server.write.element-limit = 4096 (default)
2019-09-19 16:46:53,445 [9c00c300-40f8-490d-beaf-1a01717c10f2:group-3B1AE2AC88E7:LeaderElection51] INFO  impl.RoleInfo (RoleInfo.java:updateAndGet(143)) - 9c00c300-40f8-490d-beaf-1a01717c10f2: start LeaderState
2019-09-19 16:46:53,445 [9c00c300-40f8-490d-beaf-1a01717c10f2:group-5C0F9F7F0FDF:LeaderElection52] INFO  segmented.SegmentedRaftLogWorker (SegmentedRaftLogWorker.java:startLogSegment(380)) - 9c00c300-40f8-490d-beaf-1a01717c10f2-SegmentedRaftLogWorker:Storage Directory /workdir/hadoop-ozone/ozonefs/target/test-dir/MiniOzoneClusterImpl-421e31d2-c7a4-426c-8bcc-062c99b824ca/datanode-0/data/ratis/341f0dd6-200e-4642-9de6-5c0f9f7f0fdf: Starting segment from index:0
2019-09-19 16:46:53,445 [9c00c300-40f8-490d-beaf-1a01717c10f2:group-3B1AE2AC88E7:LeaderElection51] INFO  segmented.SegmentedRaftLogWorker (SegmentedRaftLogWorker.java:startLogSegment(380)) - 9c00c300-40f8-490d-beaf-1a01717c10f2-SegmentedRaftLogWorker:Storage Directory /workdir/hadoop-ozone/ozonefs/target/test-dir/MiniOzoneClusterImpl-421e31d2-c7a4-426c-8bcc-062c99b824ca/datanode-0/data/ratis/7b285e4d-0f72-4dc3-803c-3b1ae2ac88e7: Starting segment from index:0
2019-09-19 16:46:53,445 [9c00c300-40f8-490d-beaf-1a01717c10f2:group-D968CF3C9939:LeaderElection50] INFO  server.RaftServerConfigKeys (ConfUtils.java:logGet(43)) - raft.server.watch.timeout = 10s (default)
2019-09-19 16:46:53,446 [9c00c300-40f8-490d-beaf-1a01717c10f2:group-D968CF3C9939:LeaderElection50] INFO  server.RaftServerConfigKeys (ConfUtils.java:logGet(43)) - raft.server.watch.timeout.denomination = 1s (default)
2019-09-19 16:46:53,446 [9c00c300-40f8-490d-beaf-1a01717c10f2:group-3B1AE2AC88E7:LeaderElection51] INFO  impl.RaftServerImpl (ServerState.java:setRaftConf(361)) - 9c00c300-40f8-490d-beaf-1a01717c10f2:group-3B1AE2AC88E7 set configuration 0: [9c00c300-40f8-490d-beaf-1a01717c10f2:192.168.157.226:43915], old=null at 0
2019-09-19 16:46:53,446 [9c00c300-40f8-490d-beaf-1a01717c10f2:group-5C0F9F7F0FDF:LeaderElection52] INFO  impl.RaftServerImpl (ServerState.java:setRaftConf(361)) - 9c00c300-40f8-490d-beaf-1a01717c10f2:group-5C0F9F7F0FDF set configuration 0: [9c00c300-40f8-490d-beaf-1a01717c10f2:192.168.157.226:43915], old=null at 0
2019-09-19 16:46:53,446 [9c00c300-40f8-490d-beaf-1a01717c10f2:group-D968CF3C9939:LeaderElection50] INFO  server.RaftServerConfigKeys (ConfUtils.java:logGet(43)) - raft.server.watch.element-limit = 65536 (default)
2019-09-19 16:46:53,447 [9c00c300-40f8-490d-beaf-1a01717c10f2:group-D968CF3C9939:LeaderElection50] INFO  impl.RoleInfo (RoleInfo.java:updateAndGet(143)) - 9c00c300-40f8-490d-beaf-1a01717c10f2: start LeaderState
2019-09-19 16:46:53,447 [9c00c300-40f8-490d-beaf-1a01717c10f2:group-D968CF3C9939:LeaderElection50] INFO  segmented.SegmentedRaftLogWorker (SegmentedRaftLogWorker.java:startLogSegment(380)) - 9c00c300-40f8-490d-beaf-1a01717c10f2-SegmentedRaftLogWorker:Storage Directory /workdir/hadoop-ozone/ozonefs/target/test-dir/MiniOzoneClusterImpl-421e31d2-c7a4-426c-8bcc-062c99b824ca/datanode-0/data/ratis/f5c802d4-54f2-4045-bdea-d968cf3c9939: Starting segment from index:0
2019-09-19 16:46:53,448 [9c00c300-40f8-490d-beaf-1a01717c10f2:group-D968CF3C9939:LeaderElection50] INFO  impl.RaftServerImpl (ServerState.java:setRaftConf(361)) - 9c00c300-40f8-490d-beaf-1a01717c10f2:group-D968CF3C9939 set configuration 0: [9c00c300-40f8-490d-beaf-1a01717c10f2:192.168.157.226:43915], old=null at 0
2019-09-19 16:46:53,496 [9c00c300-40f8-490d-beaf-1a01717c10f2-SegmentedRaftLogWorker:Storage Directory /workdir/hadoop-ozone/ozonefs/target/test-dir/MiniOzoneClusterImpl-421e31d2-c7a4-426c-8bcc-062c99b824ca/datanode-0/data/ratis/f5c802d4-54f2-4045-bdea-d968cf3c9939] INFO  segmented.SegmentedRaftLogWorker (SegmentedRaftLogWorker.java:execute(569)) - 9c00c300-40f8-490d-beaf-1a01717c10f2-SegmentedRaftLogWorker:Storage Directory /workdir/hadoop-ozone/ozonefs/target/test-dir/MiniOzoneClusterImpl-421e31d2-c7a4-426c-8bcc-062c99b824ca/datanode-0/data/ratis/f5c802d4-54f2-4045-bdea-d968cf3c9939: created new log segment /workdir/hadoop-ozone/ozonefs/target/test-dir/MiniOzoneClusterImpl-421e31d2-c7a4-426c-8bcc-062c99b824ca/datanode-0/data/ratis/f5c802d4-54f2-4045-bdea-d968cf3c9939/current/log_inprogress_0
2019-09-19 16:46:53,496 [9c00c300-40f8-490d-beaf-1a01717c10f2-SegmentedRaftLogWorker:Storage Directory /workdir/hadoop-ozone/ozonefs/target/test-dir/MiniOzoneClusterImpl-421e31d2-c7a4-426c-8bcc-062c99b824ca/datanode-0/data/ratis/7b285e4d-0f72-4dc3-803c-3b1ae2ac88e7] INFO  segmented.SegmentedRaftLogWorker (SegmentedRaftLogWorker.java:execute(569)) - 9c00c300-40f8-490d-beaf-1a01717c10f2-SegmentedRaftLogWorker:Storage Directory /workdir/hadoop-ozone/ozonefs/target/test-dir/MiniOzoneClusterImpl-421e31d2-c7a4-426c-8bcc-062c99b824ca/datanode-0/data/ratis/7b285e4d-0f72-4dc3-803c-3b1ae2ac88e7: created new log segment /workdir/hadoop-ozone/ozonefs/target/test-dir/MiniOzoneClusterImpl-421e31d2-c7a4-426c-8bcc-062c99b824ca/datanode-0/data/ratis/7b285e4d-0f72-4dc3-803c-3b1ae2ac88e7/current/log_inprogress_0
2019-09-19 16:46:53,496 [9c00c300-40f8-490d-beaf-1a01717c10f2-SegmentedRaftLogWorker:Storage Directory /workdir/hadoop-ozone/ozonefs/target/test-dir/MiniOzoneClusterImpl-421e31d2-c7a4-426c-8bcc-062c99b824ca/datanode-0/data/ratis/341f0dd6-200e-4642-9de6-5c0f9f7f0fdf] INFO  segmented.SegmentedRaftLogWorker (SegmentedRaftLogWorker.java:execute(569)) - 9c00c300-40f8-490d-beaf-1a01717c10f2-SegmentedRaftLogWorker:Storage Directory /workdir/hadoop-ozone/ozonefs/target/test-dir/MiniOzoneClusterImpl-421e31d2-c7a4-426c-8bcc-062c99b824ca/datanode-0/data/ratis/341f0dd6-200e-4642-9de6-5c0f9f7f0fdf: created new log segment /workdir/hadoop-ozone/ozonefs/target/test-dir/MiniOzoneClusterImpl-421e31d2-c7a4-426c-8bcc-062c99b824ca/datanode-0/data/ratis/341f0dd6-200e-4642-9de6-5c0f9f7f0fdf/current/log_inprogress_0
2019-09-19 16:46:53,552 [Thread-979] INFO  impl.FollowerState (FollowerState.java:run(106)) - 9c00c300-40f8-490d-beaf-1a01717c10f2:group-EA855D3A9D2A changes to CANDIDATE, lastRpcTime:5160, electionTimeout:5160ms
2019-09-19 16:46:53,552 [Thread-979] INFO  impl.RoleInfo (RoleInfo.java:shutdownFollowerState(121)) - 9c00c300-40f8-490d-beaf-1a01717c10f2: shutdown FollowerState
2019-09-19 16:46:53,552 [Thread-979] INFO  impl.RaftServerImpl (RaftServerImpl.java:setRole(171)) - 9c00c300-40f8-490d-beaf-1a01717c10f2:group-EA855D3A9D2A changes role from FOLLOWER to CANDIDATE at term 0 for changeToCandidate
2019-09-19 16:46:53,552 [Thread-979] INFO  impl.RoleInfo (RoleInfo.java:updateAndGet(143)) - 9c00c300-40f8-490d-beaf-1a01717c10f2: start LeaderElection
2019-09-19 16:46:53,568 [9c00c300-40f8-490d-beaf-1a01717c10f2:group-EA855D3A9D2A:LeaderElection53] INFO  impl.LeaderElection (LeaderElection.java:askForVotes(181)) - 9c00c300-40f8-490d-beaf-1a01717c10f2:group-EA855D3A9D2A:LeaderElection53: begin an election at term 1 for -1: [9c00c300-40f8-490d-beaf-1a01717c10f2:192.168.157.226:43915], old=null
2019-09-19 16:46:53,568 [9c00c300-40f8-490d-beaf-1a01717c10f2:group-EA855D3A9D2A:LeaderElection53] INFO  impl.RoleInfo (RoleInfo.java:shutdownLeaderElection(134)) - 9c00c300-40f8-490d-beaf-1a01717c10f2: shutdown LeaderElection
2019-09-19 16:46:53,568 [9c00c300-40f8-490d-beaf-1a01717c10f2:group-EA855D3A9D2A:LeaderElection53] INFO  impl.RaftServerImpl (RaftServerImpl.java:setRole(171)) - 9c00c300-40f8-490d-beaf-1a01717c10f2:group-EA855D3A9D2A changes role from CANDIDATE to LEADER at term 1 for changeToLeader
2019-09-19 16:46:53,568 [9c00c300-40f8-490d-beaf-1a01717c10f2:group-EA855D3A9D2A:LeaderElection53] INFO  impl.RaftServerImpl (ServerState.java:setLeader(263)) - 9c00c300-40f8-490d-beaf-1a01717c10f2:group-EA855D3A9D2A change Leader from null to 9c00c300-40f8-490d-beaf-1a01717c10f2 at term 1 for becomeLeader, leader elected after 5181ms
2019-09-19 16:46:53,568 [9c00c300-40f8-490d-beaf-1a01717c10f2:group-EA855D3A9D2A:LeaderElection53] INFO  server.RaftServerConfigKeys (ConfUtils.java:logGet(43)) - raft.server.staging.catchup.gap = 1000 (default)
2019-09-19 16:46:53,568 [9c00c300-40f8-490d-beaf-1a01717c10f2:group-EA855D3A9D2A:LeaderElection53] INFO  server.RaftServerConfigKeys (ConfUtils.java:logGet(43)) - raft.server.rpc.sleep.time = 25ms (default)
2019-09-19 16:46:53,569 [9c00c300-40f8-490d-beaf-1a01717c10f2:group-EA855D3A9D2A:LeaderElection53] INFO  server.RaftServerConfigKeys (ConfUtils.java:logGet(43)) - raft.server.write.element-limit = 4096 (default)
2019-09-19 16:46:53,569 [9c00c300-40f8-490d-beaf-1a01717c10f2:group-EA855D3A9D2A:LeaderElection53] INFO  server.RaftServerConfigKeys (ConfUtils.java:logGet(43)) - raft.server.watch.timeout = 10s (default)
2019-09-19 16:46:53,569 [9c00c300-40f8-490d-beaf-1a01717c10f2:group-EA855D3A9D2A:LeaderElection53] INFO  server.RaftServerConfigKeys (ConfUtils.java:logGet(43)) - raft.server.watch.timeout.denomination = 1s (default)
2019-09-19 16:46:53,569 [9c00c300-40f8-490d-beaf-1a01717c10f2:group-EA855D3A9D2A:LeaderElection53] INFO  server.RaftServerConfigKeys (ConfUtils.java:logGet(43)) - raft.server.watch.element-limit = 65536 (default)
2019-09-19 16:46:53,569 [9c00c300-40f8-490d-beaf-1a01717c10f2:group-EA855D3A9D2A:LeaderElection53] INFO  impl.RoleInfo (RoleInfo.java:updateAndGet(143)) - 9c00c300-40f8-490d-beaf-1a01717c10f2: start LeaderState
2019-09-19 16:46:53,570 [9c00c300-40f8-490d-beaf-1a01717c10f2:group-EA855D3A9D2A:LeaderElection53] INFO  segmented.SegmentedRaftLogWorker (SegmentedRaftLogWorker.java:startLogSegment(380)) - 9c00c300-40f8-490d-beaf-1a01717c10f2-SegmentedRaftLogWorker:Storage Directory /workdir/hadoop-ozone/ozonefs/target/test-dir/MiniOzoneClusterImpl-421e31d2-c7a4-426c-8bcc-062c99b824ca/datanode-0/data/ratis/9a0dd510-2125-4294-b289-ea855d3a9d2a: Starting segment from index:0
2019-09-19 16:46:53,570 [9c00c300-40f8-490d-beaf-1a01717c10f2:group-EA855D3A9D2A:LeaderElection53] INFO  impl.RaftServerImpl (ServerState.java:setRaftConf(361)) - 9c00c300-40f8-490d-beaf-1a01717c10f2:group-EA855D3A9D2A set configuration 0: [9c00c300-40f8-490d-beaf-1a01717c10f2:192.168.157.226:43915], old=null at 0
2019-09-19 16:46:53,584 [Thread-985] INFO  impl.FollowerState (FollowerState.java:run(106)) - 9c00c300-40f8-490d-beaf-1a01717c10f2:group-60380947F8AC changes to CANDIDATE, lastRpcTime:5112, electionTimeout:5112ms
2019-09-19 16:46:53,584 [Thread-985] INFO  impl.RoleInfo (RoleInfo.java:shutdownFollowerState(121)) - 9c00c300-40f8-490d-beaf-1a01717c10f2: shutdown FollowerState
2019-09-19 16:46:53,584 [Thread-985] INFO  impl.RaftServerImpl (RaftServerImpl.java:setRole(171)) - 9c00c300-40f8-490d-beaf-1a01717c10f2:group-60380947F8AC changes role from FOLLOWER to CANDIDATE at term 0 for changeToCandidate
2019-09-19 16:46:53,584 [Thread-985] INFO  impl.RoleInfo (RoleInfo.java:updateAndGet(143)) - 9c00c300-40f8-490d-beaf-1a01717c10f2: start LeaderElection
2019-09-19 16:46:53,605 [Thread-994] INFO  impl.FollowerState (FollowerState.java:run(106)) - 52cf8ebe-89cc-44af-9917-209b2cc1a86f:group-F0077DB75E5F changes to CANDIDATE, lastRpcTime:5020, electionTimeout:5014ms
2019-09-19 16:46:53,605 [Thread-991] INFO  impl.FollowerState (FollowerState.java:run(106)) - 52cf8ebe-89cc-44af-9917-209b2cc1a86f:group-3FCBF9F2E5A3 changes to CANDIDATE, lastRpcTime:5069, electionTimeout:5053ms
2019-09-19 16:46:53,605 [Thread-994] INFO  impl.RoleInfo (RoleInfo.java:shutdownFollowerState(121)) - 52cf8ebe-89cc-44af-9917-209b2cc1a86f: shutdown FollowerState
2019-09-19 16:46:53,605 [Thread-991] INFO  impl.RoleInfo (RoleInfo.java:shutdownFollowerState(121)) - 52cf8ebe-89cc-44af-9917-209b2cc1a86f: shutdown FollowerState
2019-09-19 16:46:53,605 [Thread-994] INFO  impl.RaftServerImpl (RaftServerImpl.java:setRole(171)) - 52cf8ebe-89cc-44af-9917-209b2cc1a86f:group-F0077DB75E5F changes role from FOLLOWER to CANDIDATE at term 0 for changeToCandidate
2019-09-19 16:46:53,606 [Thread-991] INFO  impl.RaftServerImpl (RaftServerImpl.java:setRole(171)) - 52cf8ebe-89cc-44af-9917-209b2cc1a86f:group-3FCBF9F2E5A3 changes role from FOLLOWER to CANDIDATE at term 0 for changeToCandidate
2019-09-19 16:46:53,606 [Thread-994] INFO  impl.RoleInfo (RoleInfo.java:updateAndGet(143)) - 52cf8ebe-89cc-44af-9917-209b2cc1a86f: start LeaderElection
2019-09-19 16:46:53,606 [Thread-991] INFO  impl.RoleInfo (RoleInfo.java:updateAndGet(143)) - 52cf8ebe-89cc-44af-9917-209b2cc1a86f: start LeaderElection
2019-09-19 16:46:53,618 [9c00c300-40f8-490d-beaf-1a01717c10f2-SegmentedRaftLogWorker:Storage Directory /workdir/hadoop-ozone/ozonefs/target/test-dir/MiniOzoneClusterImpl-421e31d2-c7a4-426c-8bcc-062c99b824ca/datanode-0/data/ratis/9a0dd510-2125-4294-b289-ea855d3a9d2a] INFO  segmented.SegmentedRaftLogWorker (SegmentedRaftLogWorker.java:execute(569)) - 9c00c300-40f8-490d-beaf-1a01717c10f2-SegmentedRaftLogWorker:Storage Directory /workdir/hadoop-ozone/ozonefs/target/test-dir/MiniOzoneClusterImpl-421e31d2-c7a4-426c-8bcc-062c99b824ca/datanode-0/data/ratis/9a0dd510-2125-4294-b289-ea855d3a9d2a: created new log segment /workdir/hadoop-ozone/ozonefs/target/test-dir/MiniOzoneClusterImpl-421e31d2-c7a4-426c-8bcc-062c99b824ca/datanode-0/data/ratis/9a0dd510-2125-4294-b289-ea855d3a9d2a/current/log_inprogress_0
2019-09-19 16:46:53,618 [9c00c300-40f8-490d-beaf-1a01717c10f2:group-60380947F8AC:LeaderElection54] INFO  impl.LeaderElection (LeaderElection.java:askForVotes(181)) - 9c00c300-40f8-490d-beaf-1a01717c10f2:group-60380947F8AC:LeaderElection54: begin an election at term 1 for -1: [9c00c300-40f8-490d-beaf-1a01717c10f2:192.168.157.226:43915], old=null
2019-09-19 16:46:53,618 [52cf8ebe-89cc-44af-9917-209b2cc1a86f:group-3FCBF9F2E5A3:LeaderElection56] INFO  impl.LeaderElection (LeaderElection.java:askForVotes(181)) - 52cf8ebe-89cc-44af-9917-209b2cc1a86f:group-3FCBF9F2E5A3:LeaderElection56: begin an election at term 1 for -1: [52cf8ebe-89cc-44af-9917-209b2cc1a86f:192.168.157.226:45097], old=null
2019-09-19 16:46:53,618 [52cf8ebe-89cc-44af-9917-209b2cc1a86f:group-F0077DB75E5F:LeaderElection55] INFO  impl.LeaderElection (LeaderElection.java:askForVotes(181)) - 52cf8ebe-89cc-44af-9917-209b2cc1a86f:group-F0077DB75E5F:LeaderElection55: begin an election at term 1 for -1: [52cf8ebe-89cc-44af-9917-209b2cc1a86f:192.168.157.226:45097], old=null
2019-09-19 16:46:53,619 [52cf8ebe-89cc-44af-9917-209b2cc1a86f:group-3FCBF9F2E5A3:LeaderElection56] INFO  impl.RoleInfo (RoleInfo.java:shutdownLeaderElection(134)) - 52cf8ebe-89cc-44af-9917-209b2cc1a86f: shutdown LeaderElection
2019-09-19 16:46:53,619 [52cf8ebe-89cc-44af-9917-209b2cc1a86f:group-3FCBF9F2E5A3:LeaderElection56] INFO  impl.RaftServerImpl (RaftServerImpl.java:setRole(171)) - 52cf8ebe-89cc-44af-9917-209b2cc1a86f:group-3FCBF9F2E5A3 changes role from CANDIDATE to LEADER at term 1 for changeToLeader
2019-09-19 16:46:53,619 [9c00c300-40f8-490d-beaf-1a01717c10f2:group-60380947F8AC:LeaderElection54] INFO  impl.RoleInfo (RoleInfo.java:shutdownLeaderElection(134)) - 9c00c300-40f8-490d-beaf-1a01717c10f2: shutdown LeaderElection
2019-09-19 16:46:53,619 [52cf8ebe-89cc-44af-9917-209b2cc1a86f:group-3FCBF9F2E5A3:LeaderElection56] INFO  impl.RaftServerImpl (ServerState.java:setLeader(263)) - 52cf8ebe-89cc-44af-9917-209b2cc1a86f:group-3FCBF9F2E5A3 change Leader from null to 52cf8ebe-89cc-44af-9917-209b2cc1a86f at term 1 for becomeLeader, leader elected after 5087ms
2019-09-19 16:46:53,619 [52cf8ebe-89cc-44af-9917-209b2cc1a86f:group-F0077DB75E5F:LeaderElection55] INFO  impl.RoleInfo (RoleInfo.java:shutdownLeaderElection(134)) - 52cf8ebe-89cc-44af-9917-209b2cc1a86f: shutdown LeaderElection
2019-09-19 16:46:53,620 [52cf8ebe-89cc-44af-9917-209b2cc1a86f:group-3FCBF9F2E5A3:LeaderElection56] INFO  server.RaftServerConfigKeys (ConfUtils.java:logGet(43)) - raft.server.staging.catchup.gap = 1000 (default)
2019-09-19 16:46:53,620 [9c00c300-40f8-490d-beaf-1a01717c10f2:group-60380947F8AC:LeaderElection54] INFO  impl.RaftServerImpl (RaftServerImpl.java:setRole(171)) - 9c00c300-40f8-490d-beaf-1a01717c10f2:group-60380947F8AC changes role from CANDIDATE to LEADER at term 1 for changeToLeader
2019-09-19 16:46:53,620 [52cf8ebe-89cc-44af-9917-209b2cc1a86f:group-3FCBF9F2E5A3:LeaderElection56] INFO  server.RaftServerConfigKeys (ConfUtils.java:logGet(43)) - raft.server.rpc.sleep.time = 25ms (default)
2019-09-19 16:46:53,620 [52cf8ebe-89cc-44af-9917-209b2cc1a86f:group-F0077DB75E5F:LeaderElection55] INFO  impl.RaftServerImpl (RaftServerImpl.java:setRole(171)) - 52cf8ebe-89cc-44af-9917-209b2cc1a86f:group-F0077DB75E5F changes role from CANDIDATE to LEADER at term 1 for changeToLeader
2019-09-19 16:46:53,620 [52cf8ebe-89cc-44af-9917-209b2cc1a86f:group-3FCBF9F2E5A3:LeaderElection56] INFO  server.RaftServerConfigKeys (ConfUtils.java:logGet(43)) - raft.server.write.element-limit = 4096 (default)
2019-09-19 16:46:53,620 [9c00c300-40f8-490d-beaf-1a01717c10f2:group-60380947F8AC:LeaderElection54] INFO  impl.RaftServerImpl (ServerState.java:setLeader(263)) - 9c00c300-40f8-490d-beaf-1a01717c10f2:group-60380947F8AC change Leader from null to 9c00c300-40f8-490d-beaf-1a01717c10f2 at term 1 for becomeLeader, leader elected after 5151ms
2019-09-19 16:46:53,621 [52cf8ebe-89cc-44af-9917-209b2cc1a86f:group-3FCBF9F2E5A3:LeaderElection56] INFO  server.RaftServerConfigKeys (ConfUtils.java:logGet(43)) - raft.server.watch.timeout = 10s (default)
2019-09-19 16:46:53,620 [52cf8ebe-89cc-44af-9917-209b2cc1a86f:group-F0077DB75E5F:LeaderElection55] INFO  impl.RaftServerImpl (ServerState.java:setLeader(263)) - 52cf8ebe-89cc-44af-9917-209b2cc1a86f:group-F0077DB75E5F change Leader from null to 52cf8ebe-89cc-44af-9917-209b2cc1a86f at term 1 for becomeLeader, leader elected after 5040ms
2019-09-19 16:46:53,621 [9c00c300-40f8-490d-beaf-1a01717c10f2:group-60380947F8AC:LeaderElection54] INFO  server.RaftServerConfigKeys (ConfUtils.java:logGet(43)) - raft.server.staging.catchup.gap = 1000 (default)
2019-09-19 16:46:53,621 [52cf8ebe-89cc-44af-9917-209b2cc1a86f:group-3FCBF9F2E5A3:LeaderElection56] INFO  server.RaftServerConfigKeys (ConfUtils.java:logGet(43)) - raft.server.watch.timeout.denomination = 1s (default)
2019-09-19 16:46:53,621 [9c00c300-40f8-490d-beaf-1a01717c10f2:group-60380947F8AC:LeaderElection54] INFO  server.RaftServerConfigKeys (ConfUtils.java:logGet(43)) - raft.server.rpc.sleep.time = 25ms (default)
2019-09-19 16:46:53,621 [52cf8ebe-89cc-44af-9917-209b2cc1a86f:group-F0077DB75E5F:LeaderElection55] INFO  server.RaftServerConfigKeys (ConfUtils.java:logGet(43)) - raft.server.staging.catchup.gap = 1000 (default)
2019-09-19 16:46:53,622 [9c00c300-40f8-490d-beaf-1a01717c10f2:group-60380947F8AC:LeaderElection54] INFO  server.RaftServerConfigKeys (ConfUtils.java:logGet(43)) - raft.server.write.element-limit = 4096 (default)
2019-09-19 16:46:53,622 [52cf8ebe-89cc-44af-9917-209b2cc1a86f:group-3FCBF9F2E5A3:LeaderElection56] INFO  server.RaftServerConfigKeys (ConfUtils.java:logGet(43)) - raft.server.watch.element-limit = 65536 (default)
2019-09-19 16:46:53,622 [9c00c300-40f8-490d-beaf-1a01717c10f2:group-60380947F8AC:LeaderElection54] INFO  server.RaftServerConfigKeys (ConfUtils.java:logGet(43)) - raft.server.watch.timeout = 10s (default)
2019-09-19 16:46:53,622 [9c00c300-40f8-490d-beaf-1a01717c10f2:group-60380947F8AC:LeaderElection54] INFO  server.RaftServerConfigKeys (ConfUtils.java:logGet(43)) - raft.server.watch.timeout.denomination = 1s (default)
2019-09-19 16:46:53,622 [52cf8ebe-89cc-44af-9917-209b2cc1a86f:group-F0077DB75E5F:LeaderElection55] INFO  server.RaftServerConfigKeys (ConfUtils.java:logGet(43)) - raft.server.rpc.sleep.time = 25ms (default)
2019-09-19 16:46:53,623 [9c00c300-40f8-490d-beaf-1a01717c10f2:group-60380947F8AC:LeaderElection54] INFO  server.RaftServerConfigKeys (ConfUtils.java:logGet(43)) - raft.server.watch.element-limit = 65536 (default)
2019-09-19 16:46:53,622 [52cf8ebe-89cc-44af-9917-209b2cc1a86f:group-3FCBF9F2E5A3:LeaderElection56] INFO  impl.RoleInfo (RoleInfo.java:updateAndGet(143)) - 52cf8ebe-89cc-44af-9917-209b2cc1a86f: start LeaderState
2019-09-19 16:46:53,623 [52cf8ebe-89cc-44af-9917-209b2cc1a86f:group-F0077DB75E5F:LeaderElection55] INFO  server.RaftServerConfigKeys (ConfUtils.java:logGet(43)) - raft.server.write.element-limit = 4096 (default)
2019-09-19 16:46:53,623 [52cf8ebe-89cc-44af-9917-209b2cc1a86f:group-3FCBF9F2E5A3:LeaderElection56] INFO  segmented.SegmentedRaftLogWorker (SegmentedRaftLogWorker.java:startLogSegment(380)) - 52cf8ebe-89cc-44af-9917-209b2cc1a86f-SegmentedRaftLogWorker:Storage Directory /workdir/hadoop-ozone/ozonefs/target/test-dir/MiniOzoneClusterImpl-421e31d2-c7a4-426c-8bcc-062c99b824ca/datanode-1/data/ratis/880e0e1d-5cde-40ec-9390-3fcbf9f2e5a3: Starting segment from index:0
2019-09-19 16:46:53,623 [Thread-982] INFO  impl.FollowerState (FollowerState.java:run(106)) - 9c00c300-40f8-490d-beaf-1a01717c10f2:group-0D747789B511 changes to CANDIDATE, lastRpcTime:5186, electionTimeout:5186ms
2019-09-19 16:46:53,624 [Thread-982] INFO  impl.RoleInfo (RoleInfo.java:shutdownFollowerState(121)) - 9c00c300-40f8-490d-beaf-1a01717c10f2: shutdown FollowerState
2019-09-19 16:46:53,623 [9c00c300-40f8-490d-beaf-1a01717c10f2:group-60380947F8AC:LeaderElection54] INFO  impl.RoleInfo (RoleInfo.java:updateAndGet(143)) - 9c00c300-40f8-490d-beaf-1a01717c10f2: start LeaderState
2019-09-19 16:46:53,624 [Thread-982] INFO  impl.RaftServerImpl (RaftServerImpl.java:setRole(171)) - 9c00c300-40f8-490d-beaf-1a01717c10f2:group-0D747789B511 changes role from FOLLOWER to CANDIDATE at term 0 for changeToCandidate
2019-09-19 16:46:53,623 [52cf8ebe-89cc-44af-9917-209b2cc1a86f:group-F0077DB75E5F:LeaderElection55] INFO  server.RaftServerConfigKeys (ConfUtils.java:logGet(43)) - raft.server.watch.timeout = 10s (default)
2019-09-19 16:46:53,624 [9c00c300-40f8-490d-beaf-1a01717c10f2:group-60380947F8AC:LeaderElection54] INFO  segmented.SegmentedRaftLogWorker (SegmentedRaftLogWorker.java:startLogSegment(380)) - 9c00c300-40f8-490d-beaf-1a01717c10f2-SegmentedRaftLogWorker:Storage Directory /workdir/hadoop-ozone/ozonefs/target/test-dir/MiniOzoneClusterImpl-421e31d2-c7a4-426c-8bcc-062c99b824ca/datanode-0/data/ratis/51966776-a029-4a43-8717-60380947f8ac: Starting segment from index:0
2019-09-19 16:46:53,624 [Thread-982] INFO  impl.RoleInfo (RoleInfo.java:updateAndGet(143)) - 9c00c300-40f8-490d-beaf-1a01717c10f2: start LeaderElection
2019-09-19 16:46:53,624 [52cf8ebe-89cc-44af-9917-209b2cc1a86f:group-3FCBF9F2E5A3:LeaderElection56] INFO  impl.RaftServerImpl (ServerState.java:setRaftConf(361)) - 52cf8ebe-89cc-44af-9917-209b2cc1a86f:group-3FCBF9F2E5A3 set configuration 0: [52cf8ebe-89cc-44af-9917-209b2cc1a86f:192.168.157.226:45097], old=null at 0
2019-09-19 16:46:53,624 [52cf8ebe-89cc-44af-9917-209b2cc1a86f:group-F0077DB75E5F:LeaderElection55] INFO  server.RaftServerConfigKeys (ConfUtils.java:logGet(43)) - raft.server.watch.timeout.denomination = 1s (default)
2019-09-19 16:46:53,625 [52cf8ebe-89cc-44af-9917-209b2cc1a86f:group-F0077DB75E5F:LeaderElection55] INFO  server.RaftServerConfigKeys (ConfUtils.java:logGet(43)) - raft.server.watch.element-limit = 65536 (default)
2019-09-19 16:46:53,668 [9c00c300-40f8-490d-beaf-1a01717c10f2:group-60380947F8AC:LeaderElection54] INFO  impl.RaftServerImpl (ServerState.java:setRaftConf(361)) - 9c00c300-40f8-490d-beaf-1a01717c10f2:group-60380947F8AC set configuration 0: [9c00c300-40f8-490d-beaf-1a01717c10f2:192.168.157.226:43915], old=null at 0
2019-09-19 16:46:53,667 [Thread-988] INFO  impl.FollowerState (FollowerState.java:run(106)) - 52cf8ebe-89cc-44af-9917-209b2cc1a86f:group-670EA586C510 changes to CANDIDATE, lastRpcTime:5170, electionTimeout:5155ms
2019-09-19 16:46:53,668 [52cf8ebe-89cc-44af-9917-209b2cc1a86f:group-F0077DB75E5F:LeaderElection55] INFO  impl.RoleInfo (RoleInfo.java:updateAndGet(143)) - 52cf8ebe-89cc-44af-9917-209b2cc1a86f: start LeaderState
2019-09-19 16:46:53,668 [Thread-988] INFO  impl.RoleInfo (RoleInfo.java:shutdownFollowerState(121)) - 52cf8ebe-89cc-44af-9917-209b2cc1a86f: shutdown FollowerState
2019-09-19 16:46:53,669 [Thread-988] INFO  impl.RaftServerImpl (RaftServerImpl.java:setRole(171)) - 52cf8ebe-89cc-44af-9917-209b2cc1a86f:group-670EA586C510 changes role from FOLLOWER to CANDIDATE at term 0 for changeToCandidate
2019-09-19 16:46:53,669 [52cf8ebe-89cc-44af-9917-209b2cc1a86f:group-F0077DB75E5F:LeaderElection55] INFO  segmented.SegmentedRaftLogWorker (SegmentedRaftLogWorker.java:startLogSegment(380)) - 52cf8ebe-89cc-44af-9917-209b2cc1a86f-SegmentedRaftLogWorker:Storage Directory /workdir/hadoop-ozone/ozonefs/target/test-dir/MiniOzoneClusterImpl-421e31d2-c7a4-426c-8bcc-062c99b824ca/datanode-1/data/ratis/1af7e94c-197c-418a-89da-f0077db75e5f: Starting segment from index:0
2019-09-19 16:46:53,669 [Thread-988] INFO  impl.RoleInfo (RoleInfo.java:updateAndGet(143)) - 52cf8ebe-89cc-44af-9917-209b2cc1a86f: start LeaderElection
2019-09-19 16:46:53,669 [52cf8ebe-89cc-44af-9917-209b2cc1a86f:group-F0077DB75E5F:LeaderElection55] INFO  impl.RaftServerImpl (ServerState.java:setRaftConf(361)) - 52cf8ebe-89cc-44af-9917-209b2cc1a86f:group-F0077DB75E5F set configuration 0: [52cf8ebe-89cc-44af-9917-209b2cc1a86f:192.168.157.226:45097], old=null at 0
2019-09-19 16:46:53,712 [9c00c300-40f8-490d-beaf-1a01717c10f2:group-0D747789B511:LeaderElection57] INFO  impl.LeaderElection (LeaderElection.java:askForVotes(181)) - 9c00c300-40f8-490d-beaf-1a01717c10f2:group-0D747789B511:LeaderElection57: begin an election at term 1 for -1: [9c00c300-40f8-490d-beaf-1a01717c10f2:192.168.157.226:43915], old=null
2019-09-19 16:46:53,712 [52cf8ebe-89cc-44af-9917-209b2cc1a86f-SegmentedRaftLogWorker:Storage Directory /workdir/hadoop-ozone/ozonefs/target/test-dir/MiniOzoneClusterImpl-421e31d2-c7a4-426c-8bcc-062c99b824ca/datanode-1/data/ratis/880e0e1d-5cde-40ec-9390-3fcbf9f2e5a3] INFO  segmented.SegmentedRaftLogWorker (SegmentedRaftLogWorker.java:execute(569)) - 52cf8ebe-89cc-44af-9917-209b2cc1a86f-SegmentedRaftLogWorker:Storage Directory /workdir/hadoop-ozone/ozonefs/target/test-dir/MiniOzoneClusterImpl-421e31d2-c7a4-426c-8bcc-062c99b824ca/datanode-1/data/ratis/880e0e1d-5cde-40ec-9390-3fcbf9f2e5a3: created new log segment /workdir/hadoop-ozone/ozonefs/target/test-dir/MiniOzoneClusterImpl-421e31d2-c7a4-426c-8bcc-062c99b824ca/datanode-1/data/ratis/880e0e1d-5cde-40ec-9390-3fcbf9f2e5a3/current/log_inprogress_0
2019-09-19 16:46:53,712 [9c00c300-40f8-490d-beaf-1a01717c10f2-SegmentedRaftLogWorker:Storage Directory /workdir/hadoop-ozone/ozonefs/target/test-dir/MiniOzoneClusterImpl-421e31d2-c7a4-426c-8bcc-062c99b824ca/datanode-0/data/ratis/51966776-a029-4a43-8717-60380947f8ac] INFO  segmented.SegmentedRaftLogWorker (SegmentedRaftLogWorker.java:execute(569)) - 9c00c300-40f8-490d-beaf-1a01717c10f2-SegmentedRaftLogWorker:Storage Directory /workdir/hadoop-ozone/ozonefs/target/test-dir/MiniOzoneClusterImpl-421e31d2-c7a4-426c-8bcc-062c99b824ca/datanode-0/data/ratis/51966776-a029-4a43-8717-60380947f8ac: created new log segment /workdir/hadoop-ozone/ozonefs/target/test-dir/MiniOzoneClusterImpl-421e31d2-c7a4-426c-8bcc-062c99b824ca/datanode-0/data/ratis/51966776-a029-4a43-8717-60380947f8ac/current/log_inprogress_0
2019-09-19 16:46:53,712 [9c00c300-40f8-490d-beaf-1a01717c10f2:group-0D747789B511:LeaderElection57] INFO  impl.RoleInfo (RoleInfo.java:shutdownLeaderElection(134)) - 9c00c300-40f8-490d-beaf-1a01717c10f2: shutdown LeaderElection
2019-09-19 16:46:53,713 [9c00c300-40f8-490d-beaf-1a01717c10f2:group-0D747789B511:LeaderElection57] INFO  impl.RaftServerImpl (RaftServerImpl.java:setRole(171)) - 9c00c300-40f8-490d-beaf-1a01717c10f2:group-0D747789B511 changes role from CANDIDATE to LEADER at term 1 for changeToLeader
2019-09-19 16:46:53,713 [9c00c300-40f8-490d-beaf-1a01717c10f2:group-0D747789B511:LeaderElection57] INFO  impl.RaftServerImpl (ServerState.java:setLeader(263)) - 9c00c300-40f8-490d-beaf-1a01717c10f2:group-0D747789B511 change Leader from null to 9c00c300-40f8-490d-beaf-1a01717c10f2 at term 1 for becomeLeader, leader elected after 5282ms
2019-09-19 16:46:53,713 [9c00c300-40f8-490d-beaf-1a01717c10f2:group-0D747789B511:LeaderElection57] INFO  server.RaftServerConfigKeys (ConfUtils.java:logGet(43)) - raft.server.staging.catchup.gap = 1000 (default)
2019-09-19 16:46:53,713 [9c00c300-40f8-490d-beaf-1a01717c10f2:group-0D747789B511:LeaderElection57] INFO  server.RaftServerConfigKeys (ConfUtils.java:logGet(43)) - raft.server.rpc.sleep.time = 25ms (default)
2019-09-19 16:46:53,714 [9c00c300-40f8-490d-beaf-1a01717c10f2:group-0D747789B511:LeaderElection57] INFO  server.RaftServerConfigKeys (ConfUtils.java:logGet(43)) - raft.server.write.element-limit = 4096 (default)
2019-09-19 16:46:53,714 [9c00c300-40f8-490d-beaf-1a01717c10f2:group-0D747789B511:LeaderElection57] INFO  server.RaftServerConfigKeys (ConfUtils.java:logGet(43)) - raft.server.watch.timeout = 10s (default)
2019-09-19 16:46:53,714 [9c00c300-40f8-490d-beaf-1a01717c10f2:group-0D747789B511:LeaderElection57] INFO  server.RaftServerConfigKeys (ConfUtils.java:logGet(43)) - raft.server.watch.timeout.denomination = 1s (default)
2019-09-19 16:46:53,714 [9c00c300-40f8-490d-beaf-1a01717c10f2:group-0D747789B511:LeaderElection57] INFO  server.RaftServerConfigKeys (ConfUtils.java:logGet(43)) - raft.server.watch.element-limit = 65536 (default)
2019-09-19 16:46:53,714 [9c00c300-40f8-490d-beaf-1a01717c10f2:group-0D747789B511:LeaderElection57] INFO  impl.RoleInfo (RoleInfo.java:updateAndGet(143)) - 9c00c300-40f8-490d-beaf-1a01717c10f2: start LeaderState
2019-09-19 16:46:53,715 [9c00c300-40f8-490d-beaf-1a01717c10f2:group-0D747789B511:LeaderElection57] INFO  segmented.SegmentedRaftLogWorker (SegmentedRaftLogWorker.java:startLogSegment(380)) - 9c00c300-40f8-490d-beaf-1a01717c10f2-SegmentedRaftLogWorker:Storage Directory /workdir/hadoop-ozone/ozonefs/target/test-dir/MiniOzoneClusterImpl-421e31d2-c7a4-426c-8bcc-062c99b824ca/datanode-0/data/ratis/bf71d322-e7e3-4210-bf65-0d747789b511: Starting segment from index:0
2019-09-19 16:46:53,715 [9c00c300-40f8-490d-beaf-1a01717c10f2:group-0D747789B511:LeaderElection57] INFO  impl.RaftServerImpl (ServerState.java:setRaftConf(361)) - 9c00c300-40f8-490d-beaf-1a01717c10f2:group-0D747789B511 set configuration 0: [9c00c300-40f8-490d-beaf-1a01717c10f2:192.168.157.226:43915], old=null at 0
2019-09-19 16:46:53,727 [52cf8ebe-89cc-44af-9917-209b2cc1a86f-SegmentedRaftLogWorker:Storage Directory /workdir/hadoop-ozone/ozonefs/target/test-dir/MiniOzoneClusterImpl-421e31d2-c7a4-426c-8bcc-062c99b824ca/datanode-1/data/ratis/1af7e94c-197c-418a-89da-f0077db75e5f] INFO  segmented.SegmentedRaftLogWorker (SegmentedRaftLogWorker.java:execute(569)) - 52cf8ebe-89cc-44af-9917-209b2cc1a86f-SegmentedRaftLogWorker:Storage Directory /workdir/hadoop-ozone/ozonefs/target/test-dir/MiniOzoneClusterImpl-421e31d2-c7a4-426c-8bcc-062c99b824ca/datanode-1/data/ratis/1af7e94c-197c-418a-89da-f0077db75e5f: created new log segment /workdir/hadoop-ozone/ozonefs/target/test-dir/MiniOzoneClusterImpl-421e31d2-c7a4-426c-8bcc-062c99b824ca/datanode-1/data/ratis/1af7e94c-197c-418a-89da-f0077db75e5f/current/log_inprogress_0
2019-09-19 16:46:53,727 [52cf8ebe-89cc-44af-9917-209b2cc1a86f:group-670EA586C510:LeaderElection58] INFO  impl.LeaderElection (LeaderElection.java:askForVotes(181)) - 52cf8ebe-89cc-44af-9917-209b2cc1a86f:group-670EA586C510:LeaderElection58: begin an election at term 1 for -1: [52cf8ebe-89cc-44af-9917-209b2cc1a86f:192.168.157.226:45097], old=null
2019-09-19 16:46:53,727 [52cf8ebe-89cc-44af-9917-209b2cc1a86f:group-670EA586C510:LeaderElection58] INFO  impl.RoleInfo (RoleInfo.java:shutdownLeaderElection(134)) - 52cf8ebe-89cc-44af-9917-209b2cc1a86f: shutdown LeaderElection
2019-09-19 16:46:53,727 [52cf8ebe-89cc-44af-9917-209b2cc1a86f:group-670EA586C510:LeaderElection58] INFO  impl.RaftServerImpl (RaftServerImpl.java:setRole(171)) - 52cf8ebe-89cc-44af-9917-209b2cc1a86f:group-670EA586C510 changes role from CANDIDATE to LEADER at term 1 for changeToLeader
2019-09-19 16:46:53,728 [52cf8ebe-89cc-44af-9917-209b2cc1a86f:group-670EA586C510:LeaderElection58] INFO  impl.RaftServerImpl (ServerState.java:setLeader(263)) - 52cf8ebe-89cc-44af-9917-209b2cc1a86f:group-670EA586C510 change Leader from null to 52cf8ebe-89cc-44af-9917-209b2cc1a86f at term 1 for becomeLeader, leader elected after 5234ms
2019-09-19 16:46:53,728 [52cf8ebe-89cc-44af-9917-209b2cc1a86f:group-670EA586C510:LeaderElection58] INFO  server.RaftServerConfigKeys (ConfUtils.java:logGet(43)) - raft.server.staging.catchup.gap = 1000 (default)
2019-09-19 16:46:53,728 [52cf8ebe-89cc-44af-9917-209b2cc1a86f:group-670EA586C510:LeaderElection58] INFO  server.RaftServerConfigKeys (ConfUtils.java:logGet(43)) - raft.server.rpc.sleep.time = 25ms (default)
2019-09-19 16:46:53,728 [52cf8ebe-89cc-44af-9917-209b2cc1a86f:group-670EA586C510:LeaderElection58] INFO  server.RaftServerConfigKeys (ConfUtils.java:logGet(43)) - raft.server.write.element-limit = 4096 (default)
2019-09-19 16:46:53,729 [52cf8ebe-89cc-44af-9917-209b2cc1a86f:group-670EA586C510:LeaderElection58] INFO  server.RaftServerConfigKeys (ConfUtils.java:logGet(43)) - raft.server.watch.timeout = 10s (default)
2019-09-19 16:46:53,729 [52cf8ebe-89cc-44af-9917-209b2cc1a86f:group-670EA586C510:LeaderElection58] INFO  server.RaftServerConfigKeys (ConfUtils.java:logGet(43)) - raft.server.watch.timeout.denomination = 1s (default)
2019-09-19 16:46:53,729 [52cf8ebe-89cc-44af-9917-209b2cc1a86f:group-670EA586C510:LeaderElection58] INFO  server.RaftServerConfigKeys (ConfUtils.java:logGet(43)) - raft.server.watch.element-limit = 65536 (default)
2019-09-19 16:46:53,729 | INFO  | SCMAudit | user=jenkins1000 | ip=192.168.157.226 | op=SEND_HEARTBEAT {datanodeUUID=7d52edcb-3f9e-4ee4-a19c-9fe49afe3f0d, command=[]} | ret=SUCCESS |  
2019-09-19 16:46:53,729 [52cf8ebe-89cc-44af-9917-209b2cc1a86f:group-670EA586C510:LeaderElection58] INFO  impl.RoleInfo (RoleInfo.java:updateAndGet(143)) - 52cf8ebe-89cc-44af-9917-209b2cc1a86f: start LeaderState
2019-09-19 16:46:53,730 [52cf8ebe-89cc-44af-9917-209b2cc1a86f:group-670EA586C510:LeaderElection58] INFO  segmented.SegmentedRaftLogWorker (SegmentedRaftLogWorker.java:startLogSegment(380)) - 52cf8ebe-89cc-44af-9917-209b2cc1a86f-SegmentedRaftLogWorker:Storage Directory /workdir/hadoop-ozone/ozonefs/target/test-dir/MiniOzoneClusterImpl-421e31d2-c7a4-426c-8bcc-062c99b824ca/datanode-1/data/ratis/5e050a35-121f-468e-a4ba-670ea586c510: Starting segment from index:0
2019-09-19 16:46:53,731 [52cf8ebe-89cc-44af-9917-209b2cc1a86f:group-670EA586C510:LeaderElection58] INFO  impl.RaftServerImpl (ServerState.java:setRaftConf(361)) - 52cf8ebe-89cc-44af-9917-209b2cc1a86f:group-670EA586C510 set configuration 0: [52cf8ebe-89cc-44af-9917-209b2cc1a86f:192.168.157.226:45097], old=null at 0
2019-09-19 16:46:53,766 [9c00c300-40f8-490d-beaf-1a01717c10f2-SegmentedRaftLogWorker:Storage Directory /workdir/hadoop-ozone/ozonefs/target/test-dir/MiniOzoneClusterImpl-421e31d2-c7a4-426c-8bcc-062c99b824ca/datanode-0/data/ratis/bf71d322-e7e3-4210-bf65-0d747789b511] INFO  segmented.SegmentedRaftLogWorker (SegmentedRaftLogWorker.java:execute(569)) - 9c00c300-40f8-490d-beaf-1a01717c10f2-SegmentedRaftLogWorker:Storage Directory /workdir/hadoop-ozone/ozonefs/target/test-dir/MiniOzoneClusterImpl-421e31d2-c7a4-426c-8bcc-062c99b824ca/datanode-0/data/ratis/bf71d322-e7e3-4210-bf65-0d747789b511: created new log segment /workdir/hadoop-ozone/ozonefs/target/test-dir/MiniOzoneClusterImpl-421e31d2-c7a4-426c-8bcc-062c99b824ca/datanode-0/data/ratis/bf71d322-e7e3-4210-bf65-0d747789b511/current/log_inprogress_0
2019-09-19 16:46:53,777 [Thread-1000] INFO  impl.FollowerState (FollowerState.java:run(106)) - 52cf8ebe-89cc-44af-9917-209b2cc1a86f:group-128A6F74A432 changes to CANDIDATE, lastRpcTime:5103, electionTimeout:5103ms
2019-09-19 16:46:53,777 [Thread-1000] INFO  impl.RoleInfo (RoleInfo.java:shutdownFollowerState(121)) - 52cf8ebe-89cc-44af-9917-209b2cc1a86f: shutdown FollowerState
2019-09-19 16:46:53,777 [Thread-1000] INFO  impl.RaftServerImpl (RaftServerImpl.java:setRole(171)) - 52cf8ebe-89cc-44af-9917-209b2cc1a86f:group-128A6F74A432 changes role from FOLLOWER to CANDIDATE at term 0 for changeToCandidate
2019-09-19 16:46:53,778 [Thread-1000] INFO  impl.RoleInfo (RoleInfo.java:updateAndGet(143)) - 52cf8ebe-89cc-44af-9917-209b2cc1a86f: start LeaderElection
2019-09-19 16:46:53,779 [52cf8ebe-89cc-44af-9917-209b2cc1a86f-SegmentedRaftLogWorker:Storage Directory /workdir/hadoop-ozone/ozonefs/target/test-dir/MiniOzoneClusterImpl-421e31d2-c7a4-426c-8bcc-062c99b824ca/datanode-1/data/ratis/5e050a35-121f-468e-a4ba-670ea586c510] INFO  segmented.SegmentedRaftLogWorker (SegmentedRaftLogWorker.java:execute(569)) - 52cf8ebe-89cc-44af-9917-209b2cc1a86f-SegmentedRaftLogWorker:Storage Directory /workdir/hadoop-ozone/ozonefs/target/test-dir/MiniOzoneClusterImpl-421e31d2-c7a4-426c-8bcc-062c99b824ca/datanode-1/data/ratis/5e050a35-121f-468e-a4ba-670ea586c510: created new log segment /workdir/hadoop-ozone/ozonefs/target/test-dir/MiniOzoneClusterImpl-421e31d2-c7a4-426c-8bcc-062c99b824ca/datanode-1/data/ratis/5e050a35-121f-468e-a4ba-670ea586c510/current/log_inprogress_0
2019-09-19 16:46:53,793 [52cf8ebe-89cc-44af-9917-209b2cc1a86f:group-128A6F74A432:LeaderElection59] INFO  impl.LeaderElection (LeaderElection.java:askForVotes(181)) - 52cf8ebe-89cc-44af-9917-209b2cc1a86f:group-128A6F74A432:LeaderElection59: begin an election at term 1 for -1: [52cf8ebe-89cc-44af-9917-209b2cc1a86f:192.168.157.226:45097], old=null
2019-09-19 16:46:53,793 [52cf8ebe-89cc-44af-9917-209b2cc1a86f:group-128A6F74A432:LeaderElection59] INFO  impl.RoleInfo (RoleInfo.java:shutdownLeaderElection(134)) - 52cf8ebe-89cc-44af-9917-209b2cc1a86f: shutdown LeaderElection
2019-09-19 16:46:53,793 [52cf8ebe-89cc-44af-9917-209b2cc1a86f:group-128A6F74A432:LeaderElection59] INFO  impl.RaftServerImpl (RaftServerImpl.java:setRole(171)) - 52cf8ebe-89cc-44af-9917-209b2cc1a86f:group-128A6F74A432 changes role from CANDIDATE to LEADER at term 1 for changeToLeader
2019-09-19 16:46:53,793 [52cf8ebe-89cc-44af-9917-209b2cc1a86f:group-128A6F74A432:LeaderElection59] INFO  impl.RaftServerImpl (ServerState.java:setLeader(263)) - 52cf8ebe-89cc-44af-9917-209b2cc1a86f:group-128A6F74A432 change Leader from null to 52cf8ebe-89cc-44af-9917-209b2cc1a86f at term 1 for becomeLeader, leader elected after 5124ms
2019-09-19 16:46:53,793 [52cf8ebe-89cc-44af-9917-209b2cc1a86f:group-128A6F74A432:LeaderElection59] INFO  server.RaftServerConfigKeys (ConfUtils.java:logGet(43)) - raft.server.staging.catchup.gap = 1000 (default)
2019-09-19 16:46:53,794 [52cf8ebe-89cc-44af-9917-209b2cc1a86f:group-128A6F74A432:LeaderElection59] INFO  server.RaftServerConfigKeys (ConfUtils.java:logGet(43)) - raft.server.rpc.sleep.time = 25ms (default)
2019-09-19 16:46:53,794 [52cf8ebe-89cc-44af-9917-209b2cc1a86f:group-128A6F74A432:LeaderElection59] INFO  server.RaftServerConfigKeys (ConfUtils.java:logGet(43)) - raft.server.write.element-limit = 4096 (default)
2019-09-19 16:46:53,794 [52cf8ebe-89cc-44af-9917-209b2cc1a86f:group-128A6F74A432:LeaderElection59] INFO  server.RaftServerConfigKeys (ConfUtils.java:logGet(43)) - raft.server.watch.timeout = 10s (default)
2019-09-19 16:46:53,794 [52cf8ebe-89cc-44af-9917-209b2cc1a86f:group-128A6F74A432:LeaderElection59] INFO  server.RaftServerConfigKeys (ConfUtils.java:logGet(43)) - raft.server.watch.timeout.denomination = 1s (default)
2019-09-19 16:46:53,794 [52cf8ebe-89cc-44af-9917-209b2cc1a86f:group-128A6F74A432:LeaderElection59] INFO  server.RaftServerConfigKeys (ConfUtils.java:logGet(43)) - raft.server.watch.element-limit = 65536 (default)
2019-09-19 16:46:53,794 [52cf8ebe-89cc-44af-9917-209b2cc1a86f:group-128A6F74A432:LeaderElection59] INFO  impl.RoleInfo (RoleInfo.java:updateAndGet(143)) - 52cf8ebe-89cc-44af-9917-209b2cc1a86f: start LeaderState
2019-09-19 16:46:53,795 [52cf8ebe-89cc-44af-9917-209b2cc1a86f:group-128A6F74A432:LeaderElection59] INFO  segmented.SegmentedRaftLogWorker (SegmentedRaftLogWorker.java:startLogSegment(380)) - 52cf8ebe-89cc-44af-9917-209b2cc1a86f-SegmentedRaftLogWorker:Storage Directory /workdir/hadoop-ozone/ozonefs/target/test-dir/MiniOzoneClusterImpl-421e31d2-c7a4-426c-8bcc-062c99b824ca/datanode-1/data/ratis/198ad971-953e-4a3d-a196-128a6f74a432: Starting segment from index:0
2019-09-19 16:46:53,795 [52cf8ebe-89cc-44af-9917-209b2cc1a86f:group-128A6F74A432:LeaderElection59] INFO  impl.RaftServerImpl (ServerState.java:setRaftConf(361)) - 52cf8ebe-89cc-44af-9917-209b2cc1a86f:group-128A6F74A432 set configuration 0: [52cf8ebe-89cc-44af-9917-209b2cc1a86f:192.168.157.226:45097], old=null at 0
2019-09-19 16:46:53,808 [Thread-997] INFO  impl.FollowerState (FollowerState.java:run(106)) - 52cf8ebe-89cc-44af-9917-209b2cc1a86f:group-729DF76D68BB changes to CANDIDATE, lastRpcTime:5178, electionTimeout:5178ms
2019-09-19 16:46:53,808 [Thread-997] INFO  impl.RoleInfo (RoleInfo.java:shutdownFollowerState(121)) - 52cf8ebe-89cc-44af-9917-209b2cc1a86f: shutdown FollowerState
2019-09-19 16:46:53,808 [Thread-997] INFO  impl.RaftServerImpl (RaftServerImpl.java:setRole(171)) - 52cf8ebe-89cc-44af-9917-209b2cc1a86f:group-729DF76D68BB changes role from FOLLOWER to CANDIDATE at term 0 for changeToCandidate
2019-09-19 16:46:53,808 [Thread-997] INFO  impl.RoleInfo (RoleInfo.java:updateAndGet(143)) - 52cf8ebe-89cc-44af-9917-209b2cc1a86f: start LeaderElection
2019-09-19 16:46:53,835 [Thread-1003] INFO  impl.FollowerState (FollowerState.java:run(106)) - 52cf8ebe-89cc-44af-9917-209b2cc1a86f:group-97780C9A75DF changes to CANDIDATE, lastRpcTime:5119, electionTimeout:5111ms
2019-09-19 16:46:53,835 [Thread-1003] INFO  impl.RoleInfo (RoleInfo.java:shutdownFollowerState(121)) - 52cf8ebe-89cc-44af-9917-209b2cc1a86f: shutdown FollowerState
2019-09-19 16:46:53,836 [Thread-1003] INFO  impl.RaftServerImpl (RaftServerImpl.java:setRole(171)) - 52cf8ebe-89cc-44af-9917-209b2cc1a86f:group-97780C9A75DF changes role from FOLLOWER to CANDIDATE at term 0 for changeToCandidate
2019-09-19 16:46:53,836 [Thread-1003] INFO  impl.RoleInfo (RoleInfo.java:updateAndGet(143)) - 52cf8ebe-89cc-44af-9917-209b2cc1a86f: start LeaderElection
2019-09-19 16:46:53,848 [52cf8ebe-89cc-44af-9917-209b2cc1a86f-SegmentedRaftLogWorker:Storage Directory /workdir/hadoop-ozone/ozonefs/target/test-dir/MiniOzoneClusterImpl-421e31d2-c7a4-426c-8bcc-062c99b824ca/datanode-1/data/ratis/198ad971-953e-4a3d-a196-128a6f74a432] INFO  segmented.SegmentedRaftLogWorker (SegmentedRaftLogWorker.java:execute(569)) - 52cf8ebe-89cc-44af-9917-209b2cc1a86f-SegmentedRaftLogWorker:Storage Directory /workdir/hadoop-ozone/ozonefs/target/test-dir/MiniOzoneClusterImpl-421e31d2-c7a4-426c-8bcc-062c99b824ca/datanode-1/data/ratis/198ad971-953e-4a3d-a196-128a6f74a432: created new log segment /workdir/hadoop-ozone/ozonefs/target/test-dir/MiniOzoneClusterImpl-421e31d2-c7a4-426c-8bcc-062c99b824ca/datanode-1/data/ratis/198ad971-953e-4a3d-a196-128a6f74a432/current/log_inprogress_0
2019-09-19 16:46:53,848 [52cf8ebe-89cc-44af-9917-209b2cc1a86f:group-729DF76D68BB:LeaderElection60] INFO  impl.LeaderElection (LeaderElection.java:askForVotes(181)) - 52cf8ebe-89cc-44af-9917-209b2cc1a86f:group-729DF76D68BB:LeaderElection60: begin an election at term 1 for -1: [52cf8ebe-89cc-44af-9917-209b2cc1a86f:192.168.157.226:45097], old=null
2019-09-19 16:46:53,848 [52cf8ebe-89cc-44af-9917-209b2cc1a86f:group-97780C9A75DF:LeaderElection61] INFO  impl.LeaderElection (LeaderElection.java:askForVotes(181)) - 52cf8ebe-89cc-44af-9917-209b2cc1a86f:group-97780C9A75DF:LeaderElection61: begin an election at term 1 for -1: [52cf8ebe-89cc-44af-9917-209b2cc1a86f:192.168.157.226:45097], old=null
2019-09-19 16:46:53,849 [52cf8ebe-89cc-44af-9917-209b2cc1a86f:group-729DF76D68BB:LeaderElection60] INFO  impl.RoleInfo (RoleInfo.java:shutdownLeaderElection(134)) - 52cf8ebe-89cc-44af-9917-209b2cc1a86f: shutdown LeaderElection
2019-09-19 16:46:53,849 [52cf8ebe-89cc-44af-9917-209b2cc1a86f:group-97780C9A75DF:LeaderElection61] INFO  impl.RoleInfo (RoleInfo.java:shutdownLeaderElection(134)) - 52cf8ebe-89cc-44af-9917-209b2cc1a86f: shutdown LeaderElection
2019-09-19 16:46:53,849 [52cf8ebe-89cc-44af-9917-209b2cc1a86f:group-729DF76D68BB:LeaderElection60] INFO  impl.RaftServerImpl (RaftServerImpl.java:setRole(171)) - 52cf8ebe-89cc-44af-9917-209b2cc1a86f:group-729DF76D68BB changes role from CANDIDATE to LEADER at term 1 for changeToLeader
2019-09-19 16:46:53,849 [52cf8ebe-89cc-44af-9917-209b2cc1a86f:group-97780C9A75DF:LeaderElection61] INFO  impl.RaftServerImpl (RaftServerImpl.java:setRole(171)) - 52cf8ebe-89cc-44af-9917-209b2cc1a86f:group-97780C9A75DF changes role from CANDIDATE to LEADER at term 1 for changeToLeader
2019-09-19 16:46:53,849 [52cf8ebe-89cc-44af-9917-209b2cc1a86f:group-729DF76D68BB:LeaderElection60] INFO  impl.RaftServerImpl (ServerState.java:setLeader(263)) - 52cf8ebe-89cc-44af-9917-209b2cc1a86f:group-729DF76D68BB change Leader from null to 52cf8ebe-89cc-44af-9917-209b2cc1a86f at term 1 for becomeLeader, leader elected after 5223ms
2019-09-19 16:46:53,849 [52cf8ebe-89cc-44af-9917-209b2cc1a86f:group-97780C9A75DF:LeaderElection61] INFO  impl.RaftServerImpl (ServerState.java:setLeader(263)) - 52cf8ebe-89cc-44af-9917-209b2cc1a86f:group-97780C9A75DF change Leader from null to 52cf8ebe-89cc-44af-9917-209b2cc1a86f at term 1 for becomeLeader, leader elected after 5138ms
2019-09-19 16:46:53,850 [52cf8ebe-89cc-44af-9917-209b2cc1a86f:group-729DF76D68BB:LeaderElection60] INFO  server.RaftServerConfigKeys (ConfUtils.java:logGet(43)) - raft.server.staging.catchup.gap = 1000 (default)
2019-09-19 16:46:53,850 [52cf8ebe-89cc-44af-9917-209b2cc1a86f:group-97780C9A75DF:LeaderElection61] INFO  server.RaftServerConfigKeys (ConfUtils.java:logGet(43)) - raft.server.staging.catchup.gap = 1000 (default)
2019-09-19 16:46:53,850 [52cf8ebe-89cc-44af-9917-209b2cc1a86f:group-729DF76D68BB:LeaderElection60] INFO  server.RaftServerConfigKeys (ConfUtils.java:logGet(43)) - raft.server.rpc.sleep.time = 25ms (default)
2019-09-19 16:46:53,850 [52cf8ebe-89cc-44af-9917-209b2cc1a86f:group-97780C9A75DF:LeaderElection61] INFO  server.RaftServerConfigKeys (ConfUtils.java:logGet(43)) - raft.server.rpc.sleep.time = 25ms (default)
2019-09-19 16:46:53,850 [52cf8ebe-89cc-44af-9917-209b2cc1a86f:group-729DF76D68BB:LeaderElection60] INFO  server.RaftServerConfigKeys (ConfUtils.java:logGet(43)) - raft.server.write.element-limit = 4096 (default)
2019-09-19 16:46:53,850 [52cf8ebe-89cc-44af-9917-209b2cc1a86f:group-97780C9A75DF:LeaderElection61] INFO  server.RaftServerConfigKeys (ConfUtils.java:logGet(43)) - raft.server.write.element-limit = 4096 (default)
2019-09-19 16:46:53,850 [52cf8ebe-89cc-44af-9917-209b2cc1a86f:group-729DF76D68BB:LeaderElection60] INFO  server.RaftServerConfigKeys (ConfUtils.java:logGet(43)) - raft.server.watch.timeout = 10s (default)
2019-09-19 16:46:53,851 [52cf8ebe-89cc-44af-9917-209b2cc1a86f:group-97780C9A75DF:LeaderElection61] INFO  server.RaftServerConfigKeys (ConfUtils.java:logGet(43)) - raft.server.watch.timeout = 10s (default)
2019-09-19 16:46:53,851 [52cf8ebe-89cc-44af-9917-209b2cc1a86f:group-729DF76D68BB:LeaderElection60] INFO  server.RaftServerConfigKeys (ConfUtils.java:logGet(43)) - raft.server.watch.timeout.denomination = 1s (default)
2019-09-19 16:46:53,851 [52cf8ebe-89cc-44af-9917-209b2cc1a86f:group-97780C9A75DF:LeaderElection61] INFO  server.RaftServerConfigKeys (ConfUtils.java:logGet(43)) - raft.server.watch.timeout.denomination = 1s (default)
2019-09-19 16:46:53,851 [52cf8ebe-89cc-44af-9917-209b2cc1a86f:group-729DF76D68BB:LeaderElection60] INFO  server.RaftServerConfigKeys (ConfUtils.java:logGet(43)) - raft.server.watch.element-limit = 65536 (default)
2019-09-19 16:46:53,851 [52cf8ebe-89cc-44af-9917-209b2cc1a86f:group-97780C9A75DF:LeaderElection61] INFO  server.RaftServerConfigKeys (ConfUtils.java:logGet(43)) - raft.server.watch.element-limit = 65536 (default)
2019-09-19 16:46:53,851 [52cf8ebe-89cc-44af-9917-209b2cc1a86f:group-729DF76D68BB:LeaderElection60] INFO  impl.RoleInfo (RoleInfo.java:updateAndGet(143)) - 52cf8ebe-89cc-44af-9917-209b2cc1a86f: start LeaderState
2019-09-19 16:46:53,851 [52cf8ebe-89cc-44af-9917-209b2cc1a86f:group-97780C9A75DF:LeaderElection61] INFO  impl.RoleInfo (RoleInfo.java:updateAndGet(143)) - 52cf8ebe-89cc-44af-9917-209b2cc1a86f: start LeaderState
2019-09-19 16:46:53,852 [52cf8ebe-89cc-44af-9917-209b2cc1a86f:group-729DF76D68BB:LeaderElection60] INFO  segmented.SegmentedRaftLogWorker (SegmentedRaftLogWorker.java:startLogSegment(380)) - 52cf8ebe-89cc-44af-9917-209b2cc1a86f-SegmentedRaftLogWorker:Storage Directory /workdir/hadoop-ozone/ozonefs/target/test-dir/MiniOzoneClusterImpl-421e31d2-c7a4-426c-8bcc-062c99b824ca/datanode-1/data/ratis/9028357b-0163-4527-9d58-729df76d68bb: Starting segment from index:0
2019-09-19 16:46:53,852 [52cf8ebe-89cc-44af-9917-209b2cc1a86f:group-97780C9A75DF:LeaderElection61] INFO  segmented.SegmentedRaftLogWorker (SegmentedRaftLogWorker.java:startLogSegment(380)) - 52cf8ebe-89cc-44af-9917-209b2cc1a86f-SegmentedRaftLogWorker:Storage Directory /workdir/hadoop-ozone/ozonefs/target/test-dir/MiniOzoneClusterImpl-421e31d2-c7a4-426c-8bcc-062c99b824ca/datanode-1/data/ratis/9e09465b-ad0a-4121-9ca8-97780c9a75df: Starting segment from index:0
2019-09-19 16:46:53,852 [52cf8ebe-89cc-44af-9917-209b2cc1a86f:group-729DF76D68BB:LeaderElection60] INFO  impl.RaftServerImpl (ServerState.java:setRaftConf(361)) - 52cf8ebe-89cc-44af-9917-209b2cc1a86f:group-729DF76D68BB set configuration 0: [52cf8ebe-89cc-44af-9917-209b2cc1a86f:192.168.157.226:45097], old=null at 0
2019-09-19 16:46:53,852 [52cf8ebe-89cc-44af-9917-209b2cc1a86f:group-97780C9A75DF:LeaderElection61] INFO  impl.RaftServerImpl (ServerState.java:setRaftConf(361)) - 52cf8ebe-89cc-44af-9917-209b2cc1a86f:group-97780C9A75DF set configuration 0: [52cf8ebe-89cc-44af-9917-209b2cc1a86f:192.168.157.226:45097], old=null at 0
2019-09-19 16:46:53,894 [Thread-1009] INFO  impl.FollowerState (FollowerState.java:run(106)) - 7d52edcb-3f9e-4ee4-a19c-9fe49afe3f0d:group-C0D9DCAF0704 changes to CANDIDATE, lastRpcTime:5066, electionTimeout:5066ms
2019-09-19 16:46:53,895 [Thread-1009] INFO  impl.RoleInfo (RoleInfo.java:shutdownFollowerState(121)) - 7d52edcb-3f9e-4ee4-a19c-9fe49afe3f0d: shutdown FollowerState
2019-09-19 16:46:53,895 [Thread-1009] INFO  impl.RaftServerImpl (RaftServerImpl.java:setRole(171)) - 7d52edcb-3f9e-4ee4-a19c-9fe49afe3f0d:group-C0D9DCAF0704 changes role from FOLLOWER to CANDIDATE at term 0 for changeToCandidate
2019-09-19 16:46:53,895 [Thread-1009] INFO  impl.RoleInfo (RoleInfo.java:updateAndGet(143)) - 7d52edcb-3f9e-4ee4-a19c-9fe49afe3f0d: start LeaderElection
2019-09-19 16:46:53,918 [52cf8ebe-89cc-44af-9917-209b2cc1a86f-SegmentedRaftLogWorker:Storage Directory /workdir/hadoop-ozone/ozonefs/target/test-dir/MiniOzoneClusterImpl-421e31d2-c7a4-426c-8bcc-062c99b824ca/datanode-1/data/ratis/9e09465b-ad0a-4121-9ca8-97780c9a75df] INFO  segmented.SegmentedRaftLogWorker (SegmentedRaftLogWorker.java:execute(569)) - 52cf8ebe-89cc-44af-9917-209b2cc1a86f-SegmentedRaftLogWorker:Storage Directory /workdir/hadoop-ozone/ozonefs/target/test-dir/MiniOzoneClusterImpl-421e31d2-c7a4-426c-8bcc-062c99b824ca/datanode-1/data/ratis/9e09465b-ad0a-4121-9ca8-97780c9a75df: created new log segment /workdir/hadoop-ozone/ozonefs/target/test-dir/MiniOzoneClusterImpl-421e31d2-c7a4-426c-8bcc-062c99b824ca/datanode-1/data/ratis/9e09465b-ad0a-4121-9ca8-97780c9a75df/current/log_inprogress_0
2019-09-19 16:46:53,918 [7d52edcb-3f9e-4ee4-a19c-9fe49afe3f0d:group-C0D9DCAF0704:LeaderElection62] INFO  impl.LeaderElection (LeaderElection.java:askForVotes(181)) - 7d52edcb-3f9e-4ee4-a19c-9fe49afe3f0d:group-C0D9DCAF0704:LeaderElection62: begin an election at term 1 for -1: [7d52edcb-3f9e-4ee4-a19c-9fe49afe3f0d:192.168.157.226:35489], old=null
2019-09-19 16:46:53,918 [52cf8ebe-89cc-44af-9917-209b2cc1a86f-SegmentedRaftLogWorker:Storage Directory /workdir/hadoop-ozone/ozonefs/target/test-dir/MiniOzoneClusterImpl-421e31d2-c7a4-426c-8bcc-062c99b824ca/datanode-1/data/ratis/9028357b-0163-4527-9d58-729df76d68bb] INFO  segmented.SegmentedRaftLogWorker (SegmentedRaftLogWorker.java:execute(569)) - 52cf8ebe-89cc-44af-9917-209b2cc1a86f-SegmentedRaftLogWorker:Storage Directory /workdir/hadoop-ozone/ozonefs/target/test-dir/MiniOzoneClusterImpl-421e31d2-c7a4-426c-8bcc-062c99b824ca/datanode-1/data/ratis/9028357b-0163-4527-9d58-729df76d68bb: created new log segment /workdir/hadoop-ozone/ozonefs/target/test-dir/MiniOzoneClusterImpl-421e31d2-c7a4-426c-8bcc-062c99b824ca/datanode-1/data/ratis/9028357b-0163-4527-9d58-729df76d68bb/current/log_inprogress_0
2019-09-19 16:46:53,918 [7d52edcb-3f9e-4ee4-a19c-9fe49afe3f0d:group-C0D9DCAF0704:LeaderElection62] INFO  impl.RoleInfo (RoleInfo.java:shutdownLeaderElection(134)) - 7d52edcb-3f9e-4ee4-a19c-9fe49afe3f0d: shutdown LeaderElection
2019-09-19 16:46:53,919 [7d52edcb-3f9e-4ee4-a19c-9fe49afe3f0d:group-C0D9DCAF0704:LeaderElection62] INFO  impl.RaftServerImpl (RaftServerImpl.java:setRole(171)) - 7d52edcb-3f9e-4ee4-a19c-9fe49afe3f0d:group-C0D9DCAF0704 changes role from CANDIDATE to LEADER at term 1 for changeToLeader
2019-09-19 16:46:53,919 [7d52edcb-3f9e-4ee4-a19c-9fe49afe3f0d:group-C0D9DCAF0704:LeaderElection62] INFO  impl.RaftServerImpl (ServerState.java:setLeader(263)) - 7d52edcb-3f9e-4ee4-a19c-9fe49afe3f0d:group-C0D9DCAF0704 change Leader from null to 7d52edcb-3f9e-4ee4-a19c-9fe49afe3f0d at term 1 for becomeLeader, leader elected after 5094ms
2019-09-19 16:46:53,919 [7d52edcb-3f9e-4ee4-a19c-9fe49afe3f0d:group-C0D9DCAF0704:LeaderElection62] INFO  server.RaftServerConfigKeys (ConfUtils.java:logGet(43)) - raft.server.staging.catchup.gap = 1000 (default)
2019-09-19 16:46:53,919 [7d52edcb-3f9e-4ee4-a19c-9fe49afe3f0d:group-C0D9DCAF0704:LeaderElection62] INFO  server.RaftServerConfigKeys (ConfUtils.java:logGet(43)) - raft.server.rpc.sleep.time = 25ms (default)
2019-09-19 16:46:53,920 [7d52edcb-3f9e-4ee4-a19c-9fe49afe3f0d:group-C0D9DCAF0704:LeaderElection62] INFO  server.RaftServerConfigKeys (ConfUtils.java:logGet(43)) - raft.server.write.element-limit = 4096 (default)
2019-09-19 16:46:53,920 [7d52edcb-3f9e-4ee4-a19c-9fe49afe3f0d:group-C0D9DCAF0704:LeaderElection62] INFO  server.RaftServerConfigKeys (ConfUtils.java:logGet(43)) - raft.server.watch.timeout = 10s (default)
2019-09-19 16:46:53,920 [7d52edcb-3f9e-4ee4-a19c-9fe49afe3f0d:group-C0D9DCAF0704:LeaderElection62] INFO  server.RaftServerConfigKeys (ConfUtils.java:logGet(43)) - raft.server.watch.timeout.denomination = 1s (default)
2019-09-19 16:46:53,920 [7d52edcb-3f9e-4ee4-a19c-9fe49afe3f0d:group-C0D9DCAF0704:LeaderElection62] INFO  server.RaftServerConfigKeys (ConfUtils.java:logGet(43)) - raft.server.watch.element-limit = 65536 (default)
2019-09-19 16:46:53,920 [7d52edcb-3f9e-4ee4-a19c-9fe49afe3f0d:group-C0D9DCAF0704:LeaderElection62] INFO  impl.RoleInfo (RoleInfo.java:updateAndGet(143)) - 7d52edcb-3f9e-4ee4-a19c-9fe49afe3f0d: start LeaderState
2019-09-19 16:46:53,921 [7d52edcb-3f9e-4ee4-a19c-9fe49afe3f0d:group-C0D9DCAF0704:LeaderElection62] INFO  segmented.SegmentedRaftLogWorker (SegmentedRaftLogWorker.java:startLogSegment(380)) - 7d52edcb-3f9e-4ee4-a19c-9fe49afe3f0d-SegmentedRaftLogWorker:Storage Directory /workdir/hadoop-ozone/ozonefs/target/test-dir/MiniOzoneClusterImpl-421e31d2-c7a4-426c-8bcc-062c99b824ca/datanode-2/data/ratis/3f641af9-9602-4c4d-834f-c0d9dcaf0704: Starting segment from index:0
2019-09-19 16:46:53,921 [7d52edcb-3f9e-4ee4-a19c-9fe49afe3f0d:group-C0D9DCAF0704:LeaderElection62] INFO  impl.RaftServerImpl (ServerState.java:setRaftConf(361)) - 7d52edcb-3f9e-4ee4-a19c-9fe49afe3f0d:group-C0D9DCAF0704 set configuration 0: [7d52edcb-3f9e-4ee4-a19c-9fe49afe3f0d:192.168.157.226:35489], old=null at 0
2019-09-19 16:46:53,925 [Thread-1006] INFO  impl.FollowerState (FollowerState.java:run(106)) - 7d52edcb-3f9e-4ee4-a19c-9fe49afe3f0d:group-E53771C97071 changes to CANDIDATE, lastRpcTime:5140, electionTimeout:5140ms
2019-09-19 16:46:53,925 [Thread-1006] INFO  impl.RoleInfo (RoleInfo.java:shutdownFollowerState(121)) - 7d52edcb-3f9e-4ee4-a19c-9fe49afe3f0d: shutdown FollowerState
2019-09-19 16:46:53,926 [Thread-1006] INFO  impl.RaftServerImpl (RaftServerImpl.java:setRole(171)) - 7d52edcb-3f9e-4ee4-a19c-9fe49afe3f0d:group-E53771C97071 changes role from FOLLOWER to CANDIDATE at term 0 for changeToCandidate
2019-09-19 16:46:53,926 [Thread-1006] INFO  impl.RoleInfo (RoleInfo.java:updateAndGet(143)) - 7d52edcb-3f9e-4ee4-a19c-9fe49afe3f0d: start LeaderElection
2019-09-19 16:46:53,963 [Thread-1012] INFO  impl.FollowerState (FollowerState.java:run(106)) - 7d52edcb-3f9e-4ee4-a19c-9fe49afe3f0d:group-FF2ADE55C24C changes to CANDIDATE, lastRpcTime:5094, electionTimeout:5092ms
2019-09-19 16:46:53,964 [Thread-1012] INFO  impl.RoleInfo (RoleInfo.java:shutdownFollowerState(121)) - 7d52edcb-3f9e-4ee4-a19c-9fe49afe3f0d: shutdown FollowerState
2019-09-19 16:46:53,964 [Thread-1012] INFO  impl.RaftServerImpl (RaftServerImpl.java:setRole(171)) - 7d52edcb-3f9e-4ee4-a19c-9fe49afe3f0d:group-FF2ADE55C24C changes role from FOLLOWER to CANDIDATE at term 0 for changeToCandidate
2019-09-19 16:46:53,964 [Thread-1012] INFO  impl.RoleInfo (RoleInfo.java:updateAndGet(143)) - 7d52edcb-3f9e-4ee4-a19c-9fe49afe3f0d: start LeaderElection
2019-09-19 16:46:53,978 [7d52edcb-3f9e-4ee4-a19c-9fe49afe3f0d-SegmentedRaftLogWorker:Storage Directory /workdir/hadoop-ozone/ozonefs/target/test-dir/MiniOzoneClusterImpl-421e31d2-c7a4-426c-8bcc-062c99b824ca/datanode-2/data/ratis/3f641af9-9602-4c4d-834f-c0d9dcaf0704] INFO  segmented.SegmentedRaftLogWorker (SegmentedRaftLogWorker.java:execute(569)) - 7d52edcb-3f9e-4ee4-a19c-9fe49afe3f0d-SegmentedRaftLogWorker:Storage Directory /workdir/hadoop-ozone/ozonefs/target/test-dir/MiniOzoneClusterImpl-421e31d2-c7a4-426c-8bcc-062c99b824ca/datanode-2/data/ratis/3f641af9-9602-4c4d-834f-c0d9dcaf0704: created new log segment /workdir/hadoop-ozone/ozonefs/target/test-dir/MiniOzoneClusterImpl-421e31d2-c7a4-426c-8bcc-062c99b824ca/datanode-2/data/ratis/3f641af9-9602-4c4d-834f-c0d9dcaf0704/current/log_inprogress_0
2019-09-19 16:46:53,979 [7d52edcb-3f9e-4ee4-a19c-9fe49afe3f0d:group-E53771C97071:LeaderElection63] INFO  impl.LeaderElection (LeaderElection.java:askForVotes(181)) - 7d52edcb-3f9e-4ee4-a19c-9fe49afe3f0d:group-E53771C97071:LeaderElection63: begin an election at term 1 for -1: [7d52edcb-3f9e-4ee4-a19c-9fe49afe3f0d:192.168.157.226:35489], old=null
2019-09-19 16:46:53,979 [7d52edcb-3f9e-4ee4-a19c-9fe49afe3f0d:group-FF2ADE55C24C:LeaderElection64] INFO  impl.LeaderElection (LeaderElection.java:askForVotes(181)) - 7d52edcb-3f9e-4ee4-a19c-9fe49afe3f0d:group-FF2ADE55C24C:LeaderElection64: begin an election at term 1 for -1: [7d52edcb-3f9e-4ee4-a19c-9fe49afe3f0d:192.168.157.226:35489], old=null
2019-09-19 16:46:53,979 [7d52edcb-3f9e-4ee4-a19c-9fe49afe3f0d:group-E53771C97071:LeaderElection63] INFO  impl.RoleInfo (RoleInfo.java:shutdownLeaderElection(134)) - 7d52edcb-3f9e-4ee4-a19c-9fe49afe3f0d: shutdown LeaderElection
2019-09-19 16:46:53,979 [7d52edcb-3f9e-4ee4-a19c-9fe49afe3f0d:group-FF2ADE55C24C:LeaderElection64] INFO  impl.RoleInfo (RoleInfo.java:shutdownLeaderElection(134)) - 7d52edcb-3f9e-4ee4-a19c-9fe49afe3f0d: shutdown LeaderElection
2019-09-19 16:46:53,979 [7d52edcb-3f9e-4ee4-a19c-9fe49afe3f0d:group-E53771C97071:LeaderElection63] INFO  impl.RaftServerImpl (RaftServerImpl.java:setRole(171)) - 7d52edcb-3f9e-4ee4-a19c-9fe49afe3f0d:group-E53771C97071 changes role from CANDIDATE to LEADER at term 1 for changeToLeader
2019-09-19 16:46:53,979 [7d52edcb-3f9e-4ee4-a19c-9fe49afe3f0d:group-FF2ADE55C24C:LeaderElection64] INFO  impl.RaftServerImpl (RaftServerImpl.java:setRole(171)) - 7d52edcb-3f9e-4ee4-a19c-9fe49afe3f0d:group-FF2ADE55C24C changes role from CANDIDATE to LEADER at term 1 for changeToLeader
2019-09-19 16:46:53,979 [7d52edcb-3f9e-4ee4-a19c-9fe49afe3f0d:group-E53771C97071:LeaderElection63] INFO  impl.RaftServerImpl (ServerState.java:setLeader(263)) - 7d52edcb-3f9e-4ee4-a19c-9fe49afe3f0d:group-E53771C97071 change Leader from null to 7d52edcb-3f9e-4ee4-a19c-9fe49afe3f0d at term 1 for becomeLeader, leader elected after 5199ms
2019-09-19 16:46:53,980 [7d52edcb-3f9e-4ee4-a19c-9fe49afe3f0d:group-FF2ADE55C24C:LeaderElection64] INFO  impl.RaftServerImpl (ServerState.java:setLeader(263)) - 7d52edcb-3f9e-4ee4-a19c-9fe49afe3f0d:group-FF2ADE55C24C change Leader from null to 7d52edcb-3f9e-4ee4-a19c-9fe49afe3f0d at term 1 for becomeLeader, leader elected after 5113ms
2019-09-19 16:46:53,980 [7d52edcb-3f9e-4ee4-a19c-9fe49afe3f0d:group-E53771C97071:LeaderElection63] INFO  server.RaftServerConfigKeys (ConfUtils.java:logGet(43)) - raft.server.staging.catchup.gap = 1000 (default)
2019-09-19 16:46:53,980 [7d52edcb-3f9e-4ee4-a19c-9fe49afe3f0d:group-FF2ADE55C24C:LeaderElection64] INFO  server.RaftServerConfigKeys (ConfUtils.java:logGet(43)) - raft.server.staging.catchup.gap = 1000 (default)
2019-09-19 16:46:53,980 [7d52edcb-3f9e-4ee4-a19c-9fe49afe3f0d:group-E53771C97071:LeaderElection63] INFO  server.RaftServerConfigKeys (ConfUtils.java:logGet(43)) - raft.server.rpc.sleep.time = 25ms (default)
2019-09-19 16:46:53,980 [7d52edcb-3f9e-4ee4-a19c-9fe49afe3f0d:group-FF2ADE55C24C:LeaderElection64] INFO  server.RaftServerConfigKeys (ConfUtils.java:logGet(43)) - raft.server.rpc.sleep.time = 25ms (default)
2019-09-19 16:46:53,980 [7d52edcb-3f9e-4ee4-a19c-9fe49afe3f0d:group-E53771C97071:LeaderElection63] INFO  server.RaftServerConfigKeys (ConfUtils.java:logGet(43)) - raft.server.write.element-limit = 4096 (default)
2019-09-19 16:46:53,981 [7d52edcb-3f9e-4ee4-a19c-9fe49afe3f0d:group-FF2ADE55C24C:LeaderElection64] INFO  server.RaftServerConfigKeys (ConfUtils.java:logGet(43)) - raft.server.write.element-limit = 4096 (default)
2019-09-19 16:46:53,981 [7d52edcb-3f9e-4ee4-a19c-9fe49afe3f0d:group-E53771C97071:LeaderElection63] INFO  server.RaftServerConfigKeys (ConfUtils.java:logGet(43)) - raft.server.watch.timeout = 10s (default)
2019-09-19 16:46:53,981 [7d52edcb-3f9e-4ee4-a19c-9fe49afe3f0d:group-FF2ADE55C24C:LeaderElection64] INFO  server.RaftServerConfigKeys (ConfUtils.java:logGet(43)) - raft.server.watch.timeout = 10s (default)
2019-09-19 16:46:53,981 [7d52edcb-3f9e-4ee4-a19c-9fe49afe3f0d:group-E53771C97071:LeaderElection63] INFO  server.RaftServerConfigKeys (ConfUtils.java:logGet(43)) - raft.server.watch.timeout.denomination = 1s (default)
2019-09-19 16:46:53,981 [7d52edcb-3f9e-4ee4-a19c-9fe49afe3f0d:group-FF2ADE55C24C:LeaderElection64] INFO  server.RaftServerConfigKeys (ConfUtils.java:logGet(43)) - raft.server.watch.timeout.denomination = 1s (default)
2019-09-19 16:46:53,981 [7d52edcb-3f9e-4ee4-a19c-9fe49afe3f0d:group-E53771C97071:LeaderElection63] INFO  server.RaftServerConfigKeys (ConfUtils.java:logGet(43)) - raft.server.watch.element-limit = 65536 (default)
2019-09-19 16:46:53,982 [7d52edcb-3f9e-4ee4-a19c-9fe49afe3f0d:group-FF2ADE55C24C:LeaderElection64] INFO  server.RaftServerConfigKeys (ConfUtils.java:logGet(43)) - raft.server.watch.element-limit = 65536 (default)
2019-09-19 16:46:53,982 [7d52edcb-3f9e-4ee4-a19c-9fe49afe3f0d:group-E53771C97071:LeaderElection63] INFO  impl.RoleInfo (RoleInfo.java:updateAndGet(143)) - 7d52edcb-3f9e-4ee4-a19c-9fe49afe3f0d: start LeaderState
2019-09-19 16:46:53,982 [7d52edcb-3f9e-4ee4-a19c-9fe49afe3f0d:group-FF2ADE55C24C:LeaderElection64] INFO  impl.RoleInfo (RoleInfo.java:updateAndGet(143)) - 7d52edcb-3f9e-4ee4-a19c-9fe49afe3f0d: start LeaderState
2019-09-19 16:46:53,982 [7d52edcb-3f9e-4ee4-a19c-9fe49afe3f0d:group-E53771C97071:LeaderElection63] INFO  segmented.SegmentedRaftLogWorker (SegmentedRaftLogWorker.java:startLogSegment(380)) - 7d52edcb-3f9e-4ee4-a19c-9fe49afe3f0d-SegmentedRaftLogWorker:Storage Directory /workdir/hadoop-ozone/ozonefs/target/test-dir/MiniOzoneClusterImpl-421e31d2-c7a4-426c-8bcc-062c99b824ca/datanode-2/data/ratis/fab03fc6-e0c2-48aa-b4d7-e53771c97071: Starting segment from index:0
2019-09-19 16:46:53,982 [7d52edcb-3f9e-4ee4-a19c-9fe49afe3f0d:group-FF2ADE55C24C:LeaderElection64] INFO  segmented.SegmentedRaftLogWorker (SegmentedRaftLogWorker.java:startLogSegment(380)) - 7d52edcb-3f9e-4ee4-a19c-9fe49afe3f0d-SegmentedRaftLogWorker:Storage Directory /workdir/hadoop-ozone/ozonefs/target/test-dir/MiniOzoneClusterImpl-421e31d2-c7a4-426c-8bcc-062c99b824ca/datanode-2/data/ratis/72a68ef9-8e86-4eae-844b-ff2ade55c24c: Starting segment from index:0
2019-09-19 16:46:53,983 [7d52edcb-3f9e-4ee4-a19c-9fe49afe3f0d:group-E53771C97071:LeaderElection63] INFO  impl.RaftServerImpl (ServerState.java:setRaftConf(361)) - 7d52edcb-3f9e-4ee4-a19c-9fe49afe3f0d:group-E53771C97071 set configuration 0: [7d52edcb-3f9e-4ee4-a19c-9fe49afe3f0d:192.168.157.226:35489], old=null at 0
2019-09-19 16:46:53,983 [7d52edcb-3f9e-4ee4-a19c-9fe49afe3f0d:group-FF2ADE55C24C:LeaderElection64] INFO  impl.RaftServerImpl (ServerState.java:setRaftConf(361)) - 7d52edcb-3f9e-4ee4-a19c-9fe49afe3f0d:group-FF2ADE55C24C set configuration 0: [7d52edcb-3f9e-4ee4-a19c-9fe49afe3f0d:192.168.157.226:35489], old=null at 0
2019-09-19 16:46:54,010 [Thread-1015] INFO  impl.FollowerState (FollowerState.java:run(106)) - 7d52edcb-3f9e-4ee4-a19c-9fe49afe3f0d:group-E11BF697CB40 changes to CANDIDATE, lastRpcTime:5104, electionTimeout:5104ms
2019-09-19 16:46:54,011 [Thread-1015] INFO  impl.RoleInfo (RoleInfo.java:shutdownFollowerState(121)) - 7d52edcb-3f9e-4ee4-a19c-9fe49afe3f0d: shutdown FollowerState
2019-09-19 16:46:54,011 [Thread-1015] INFO  impl.RaftServerImpl (RaftServerImpl.java:setRole(171)) - 7d52edcb-3f9e-4ee4-a19c-9fe49afe3f0d:group-E11BF697CB40 changes role from FOLLOWER to CANDIDATE at term 0 for changeToCandidate
2019-09-19 16:46:54,011 [Thread-1015] INFO  impl.RoleInfo (RoleInfo.java:updateAndGet(143)) - 7d52edcb-3f9e-4ee4-a19c-9fe49afe3f0d: start LeaderElection
2019-09-19 16:46:54,038 [7d52edcb-3f9e-4ee4-a19c-9fe49afe3f0d-SegmentedRaftLogWorker:Storage Directory /workdir/hadoop-ozone/ozonefs/target/test-dir/MiniOzoneClusterImpl-421e31d2-c7a4-426c-8bcc-062c99b824ca/datanode-2/data/ratis/72a68ef9-8e86-4eae-844b-ff2ade55c24c] INFO  segmented.SegmentedRaftLogWorker (SegmentedRaftLogWorker.java:execute(569)) - 7d52edcb-3f9e-4ee4-a19c-9fe49afe3f0d-SegmentedRaftLogWorker:Storage Directory /workdir/hadoop-ozone/ozonefs/target/test-dir/MiniOzoneClusterImpl-421e31d2-c7a4-426c-8bcc-062c99b824ca/datanode-2/data/ratis/72a68ef9-8e86-4eae-844b-ff2ade55c24c: created new log segment /workdir/hadoop-ozone/ozonefs/target/test-dir/MiniOzoneClusterImpl-421e31d2-c7a4-426c-8bcc-062c99b824ca/datanode-2/data/ratis/72a68ef9-8e86-4eae-844b-ff2ade55c24c/current/log_inprogress_0
2019-09-19 16:46:54,038 [7d52edcb-3f9e-4ee4-a19c-9fe49afe3f0d:group-E11BF697CB40:LeaderElection65] INFO  impl.LeaderElection (LeaderElection.java:askForVotes(181)) - 7d52edcb-3f9e-4ee4-a19c-9fe49afe3f0d:group-E11BF697CB40:LeaderElection65: begin an election at term 1 for -1: [7d52edcb-3f9e-4ee4-a19c-9fe49afe3f0d:192.168.157.226:35489], old=null
2019-09-19 16:46:54,038 [7d52edcb-3f9e-4ee4-a19c-9fe49afe3f0d-SegmentedRaftLogWorker:Storage Directory /workdir/hadoop-ozone/ozonefs/target/test-dir/MiniOzoneClusterImpl-421e31d2-c7a4-426c-8bcc-062c99b824ca/datanode-2/data/ratis/fab03fc6-e0c2-48aa-b4d7-e53771c97071] INFO  segmented.SegmentedRaftLogWorker (SegmentedRaftLogWorker.java:execute(569)) - 7d52edcb-3f9e-4ee4-a19c-9fe49afe3f0d-SegmentedRaftLogWorker:Storage Directory /workdir/hadoop-ozone/ozonefs/target/test-dir/MiniOzoneClusterImpl-421e31d2-c7a4-426c-8bcc-062c99b824ca/datanode-2/data/ratis/fab03fc6-e0c2-48aa-b4d7-e53771c97071: created new log segment /workdir/hadoop-ozone/ozonefs/target/test-dir/MiniOzoneClusterImpl-421e31d2-c7a4-426c-8bcc-062c99b824ca/datanode-2/data/ratis/fab03fc6-e0c2-48aa-b4d7-e53771c97071/current/log_inprogress_0
2019-09-19 16:46:54,039 [7d52edcb-3f9e-4ee4-a19c-9fe49afe3f0d:group-E11BF697CB40:LeaderElection65] INFO  impl.RoleInfo (RoleInfo.java:shutdownLeaderElection(134)) - 7d52edcb-3f9e-4ee4-a19c-9fe49afe3f0d: shutdown LeaderElection
2019-09-19 16:46:54,039 [7d52edcb-3f9e-4ee4-a19c-9fe49afe3f0d:group-E11BF697CB40:LeaderElection65] INFO  impl.RaftServerImpl (RaftServerImpl.java:setRole(171)) - 7d52edcb-3f9e-4ee4-a19c-9fe49afe3f0d:group-E11BF697CB40 changes role from CANDIDATE to LEADER at term 1 for changeToLeader
2019-09-19 16:46:54,039 [7d52edcb-3f9e-4ee4-a19c-9fe49afe3f0d:group-E11BF697CB40:LeaderElection65] INFO  impl.RaftServerImpl (ServerState.java:setLeader(263)) - 7d52edcb-3f9e-4ee4-a19c-9fe49afe3f0d:group-E11BF697CB40 change Leader from null to 7d52edcb-3f9e-4ee4-a19c-9fe49afe3f0d at term 1 for becomeLeader, leader elected after 5135ms
2019-09-19 16:46:54,039 [7d52edcb-3f9e-4ee4-a19c-9fe49afe3f0d:group-E11BF697CB40:LeaderElection65] INFO  server.RaftServerConfigKeys (ConfUtils.java:logGet(43)) - raft.server.staging.catchup.gap = 1000 (default)
2019-09-19 16:46:54,040 [7d52edcb-3f9e-4ee4-a19c-9fe49afe3f0d:group-E11BF697CB40:LeaderElection65] INFO  server.RaftServerConfigKeys (ConfUtils.java:logGet(43)) - raft.server.rpc.sleep.time = 25ms (default)
2019-09-19 16:46:54,040 [7d52edcb-3f9e-4ee4-a19c-9fe49afe3f0d:group-E11BF697CB40:LeaderElection65] INFO  server.RaftServerConfigKeys (ConfUtils.java:logGet(43)) - raft.server.write.element-limit = 4096 (default)
2019-09-19 16:46:54,040 [7d52edcb-3f9e-4ee4-a19c-9fe49afe3f0d:group-E11BF697CB40:LeaderElection65] INFO  server.RaftServerConfigKeys (ConfUtils.java:logGet(43)) - raft.server.watch.timeout = 10s (default)
2019-09-19 16:46:54,040 [7d52edcb-3f9e-4ee4-a19c-9fe49afe3f0d:group-E11BF697CB40:LeaderElection65] INFO  server.RaftServerConfigKeys (ConfUtils.java:logGet(43)) - raft.server.watch.timeout.denomination = 1s (default)
2019-09-19 16:46:54,040 [7d52edcb-3f9e-4ee4-a19c-9fe49afe3f0d:group-E11BF697CB40:LeaderElection65] INFO  server.RaftServerConfigKeys (ConfUtils.java:logGet(43)) - raft.server.watch.element-limit = 65536 (default)
2019-09-19 16:46:54,041 [7d52edcb-3f9e-4ee4-a19c-9fe49afe3f0d:group-E11BF697CB40:LeaderElection65] INFO  impl.RoleInfo (RoleInfo.java:updateAndGet(143)) - 7d52edcb-3f9e-4ee4-a19c-9fe49afe3f0d: start LeaderState
2019-09-19 16:46:54,041 [7d52edcb-3f9e-4ee4-a19c-9fe49afe3f0d:group-E11BF697CB40:LeaderElection65] INFO  segmented.SegmentedRaftLogWorker (SegmentedRaftLogWorker.java:startLogSegment(380)) - 7d52edcb-3f9e-4ee4-a19c-9fe49afe3f0d-SegmentedRaftLogWorker:Storage Directory /workdir/hadoop-ozone/ozonefs/target/test-dir/MiniOzoneClusterImpl-421e31d2-c7a4-426c-8bcc-062c99b824ca/datanode-2/data/ratis/02994bce-557c-4060-aeba-e11bf697cb40: Starting segment from index:0
2019-09-19 16:46:54,041 [Thread-1018] INFO  impl.FollowerState (FollowerState.java:run(106)) - 7d52edcb-3f9e-4ee4-a19c-9fe49afe3f0d:group-F8ED327C2C5C changes to CANDIDATE, lastRpcTime:5097, electionTimeout:5097ms
2019-09-19 16:46:54,041 [Thread-1018] INFO  impl.RoleInfo (RoleInfo.java:shutdownFollowerState(121)) - 7d52edcb-3f9e-4ee4-a19c-9fe49afe3f0d: shutdown FollowerState
2019-09-19 16:46:54,041 [7d52edcb-3f9e-4ee4-a19c-9fe49afe3f0d:group-E11BF697CB40:LeaderElection65] INFO  impl.RaftServerImpl (ServerState.java:setRaftConf(361)) - 7d52edcb-3f9e-4ee4-a19c-9fe49afe3f0d:group-E11BF697CB40 set configuration 0: [7d52edcb-3f9e-4ee4-a19c-9fe49afe3f0d:192.168.157.226:35489], old=null at 0
2019-09-19 16:46:54,042 [Thread-1018] INFO  impl.RaftServerImpl (RaftServerImpl.java:setRole(171)) - 7d52edcb-3f9e-4ee4-a19c-9fe49afe3f0d:group-F8ED327C2C5C changes role from FOLLOWER to CANDIDATE at term 0 for changeToCandidate
2019-09-19 16:46:54,042 [Thread-1018] INFO  impl.RoleInfo (RoleInfo.java:updateAndGet(143)) - 7d52edcb-3f9e-4ee4-a19c-9fe49afe3f0d: start LeaderElection
2019-09-19 16:46:54,091 [7d52edcb-3f9e-4ee4-a19c-9fe49afe3f0d-SegmentedRaftLogWorker:Storage Directory /workdir/hadoop-ozone/ozonefs/target/test-dir/MiniOzoneClusterImpl-421e31d2-c7a4-426c-8bcc-062c99b824ca/datanode-2/data/ratis/02994bce-557c-4060-aeba-e11bf697cb40] INFO  segmented.SegmentedRaftLogWorker (SegmentedRaftLogWorker.java:execute(569)) - 7d52edcb-3f9e-4ee4-a19c-9fe49afe3f0d-SegmentedRaftLogWorker:Storage Directory /workdir/hadoop-ozone/ozonefs/target/test-dir/MiniOzoneClusterImpl-421e31d2-c7a4-426c-8bcc-062c99b824ca/datanode-2/data/ratis/02994bce-557c-4060-aeba-e11bf697cb40: created new log segment /workdir/hadoop-ozone/ozonefs/target/test-dir/MiniOzoneClusterImpl-421e31d2-c7a4-426c-8bcc-062c99b824ca/datanode-2/data/ratis/02994bce-557c-4060-aeba-e11bf697cb40/current/log_inprogress_0
2019-09-19 16:46:54,092 [7d52edcb-3f9e-4ee4-a19c-9fe49afe3f0d:group-F8ED327C2C5C:LeaderElection66] INFO  impl.LeaderElection (LeaderElection.java:askForVotes(181)) - 7d52edcb-3f9e-4ee4-a19c-9fe49afe3f0d:group-F8ED327C2C5C:LeaderElection66: begin an election at term 1 for -1: [7d52edcb-3f9e-4ee4-a19c-9fe49afe3f0d:192.168.157.226:35489], old=null
2019-09-19 16:46:54,092 [7d52edcb-3f9e-4ee4-a19c-9fe49afe3f0d:group-F8ED327C2C5C:LeaderElection66] INFO  impl.RoleInfo (RoleInfo.java:shutdownLeaderElection(134)) - 7d52edcb-3f9e-4ee4-a19c-9fe49afe3f0d: shutdown LeaderElection
2019-09-19 16:46:54,092 [7d52edcb-3f9e-4ee4-a19c-9fe49afe3f0d:group-F8ED327C2C5C:LeaderElection66] INFO  impl.RaftServerImpl (RaftServerImpl.java:setRole(171)) - 7d52edcb-3f9e-4ee4-a19c-9fe49afe3f0d:group-F8ED327C2C5C changes role from CANDIDATE to LEADER at term 1 for changeToLeader
2019-09-19 16:46:54,092 [7d52edcb-3f9e-4ee4-a19c-9fe49afe3f0d:group-F8ED327C2C5C:LeaderElection66] INFO  impl.RaftServerImpl (ServerState.java:setLeader(263)) - 7d52edcb-3f9e-4ee4-a19c-9fe49afe3f0d:group-F8ED327C2C5C change Leader from null to 7d52edcb-3f9e-4ee4-a19c-9fe49afe3f0d at term 1 for becomeLeader, leader elected after 5150ms
2019-09-19 16:46:54,092 [7d52edcb-3f9e-4ee4-a19c-9fe49afe3f0d:group-F8ED327C2C5C:LeaderElection66] INFO  server.RaftServerConfigKeys (ConfUtils.java:logGet(43)) - raft.server.staging.catchup.gap = 1000 (default)
2019-09-19 16:46:54,093 [7d52edcb-3f9e-4ee4-a19c-9fe49afe3f0d:group-F8ED327C2C5C:LeaderElection66] INFO  server.RaftServerConfigKeys (ConfUtils.java:logGet(43)) - raft.server.rpc.sleep.time = 25ms (default)
2019-09-19 16:46:54,093 [7d52edcb-3f9e-4ee4-a19c-9fe49afe3f0d:group-F8ED327C2C5C:LeaderElection66] INFO  server.RaftServerConfigKeys (ConfUtils.java:logGet(43)) - raft.server.write.element-limit = 4096 (default)
2019-09-19 16:46:54,093 [7d52edcb-3f9e-4ee4-a19c-9fe49afe3f0d:group-F8ED327C2C5C:LeaderElection66] INFO  server.RaftServerConfigKeys (ConfUtils.java:logGet(43)) - raft.server.watch.timeout = 10s (default)
2019-09-19 16:46:54,093 [7d52edcb-3f9e-4ee4-a19c-9fe49afe3f0d:group-F8ED327C2C5C:LeaderElection66] INFO  server.RaftServerConfigKeys (ConfUtils.java:logGet(43)) - raft.server.watch.timeout.denomination = 1s (default)
2019-09-19 16:46:54,093 [7d52edcb-3f9e-4ee4-a19c-9fe49afe3f0d:group-F8ED327C2C5C:LeaderElection66] INFO  server.RaftServerConfigKeys (ConfUtils.java:logGet(43)) - raft.server.watch.element-limit = 65536 (default)
2019-09-19 16:46:54,094 [7d52edcb-3f9e-4ee4-a19c-9fe49afe3f0d:group-F8ED327C2C5C:LeaderElection66] INFO  impl.RoleInfo (RoleInfo.java:updateAndGet(143)) - 7d52edcb-3f9e-4ee4-a19c-9fe49afe3f0d: start LeaderState
2019-09-19 16:46:54,094 [7d52edcb-3f9e-4ee4-a19c-9fe49afe3f0d:group-F8ED327C2C5C:LeaderElection66] INFO  segmented.SegmentedRaftLogWorker (SegmentedRaftLogWorker.java:startLogSegment(380)) - 7d52edcb-3f9e-4ee4-a19c-9fe49afe3f0d-SegmentedRaftLogWorker:Storage Directory /workdir/hadoop-ozone/ozonefs/target/test-dir/MiniOzoneClusterImpl-421e31d2-c7a4-426c-8bcc-062c99b824ca/datanode-2/data/ratis/1c54ad2f-7f0a-4f8a-a425-f8ed327c2c5c: Starting segment from index:0
2019-09-19 16:46:54,095 [7d52edcb-3f9e-4ee4-a19c-9fe49afe3f0d:group-F8ED327C2C5C:LeaderElection66] INFO  impl.RaftServerImpl (ServerState.java:setRaftConf(361)) - 7d52edcb-3f9e-4ee4-a19c-9fe49afe3f0d:group-F8ED327C2C5C set configuration 0: [7d52edcb-3f9e-4ee4-a19c-9fe49afe3f0d:192.168.157.226:35489], old=null at 0
2019-09-19 16:46:54,147 [7d52edcb-3f9e-4ee4-a19c-9fe49afe3f0d-SegmentedRaftLogWorker:Storage Directory /workdir/hadoop-ozone/ozonefs/target/test-dir/MiniOzoneClusterImpl-421e31d2-c7a4-426c-8bcc-062c99b824ca/datanode-2/data/ratis/1c54ad2f-7f0a-4f8a-a425-f8ed327c2c5c] INFO  segmented.SegmentedRaftLogWorker (SegmentedRaftLogWorker.java:execute(569)) - 7d52edcb-3f9e-4ee4-a19c-9fe49afe3f0d-SegmentedRaftLogWorker:Storage Directory /workdir/hadoop-ozone/ozonefs/target/test-dir/MiniOzoneClusterImpl-421e31d2-c7a4-426c-8bcc-062c99b824ca/datanode-2/data/ratis/1c54ad2f-7f0a-4f8a-a425-f8ed327c2c5c: created new log segment /workdir/hadoop-ozone/ozonefs/target/test-dir/MiniOzoneClusterImpl-421e31d2-c7a4-426c-8bcc-062c99b824ca/datanode-2/data/ratis/1c54ad2f-7f0a-4f8a-a425-f8ed327c2c5c/current/log_inprogress_0
2019-09-19 16:46:54,161 [Thread-1021] INFO  impl.FollowerState (FollowerState.java:run(106)) - 7d52edcb-3f9e-4ee4-a19c-9fe49afe3f0d:group-971BCDB23F85 changes to CANDIDATE, lastRpcTime:5188, electionTimeout:5188ms
2019-09-19 16:46:54,161 [Thread-1021] INFO  impl.RoleInfo (RoleInfo.java:shutdownFollowerState(121)) - 7d52edcb-3f9e-4ee4-a19c-9fe49afe3f0d: shutdown FollowerState
2019-09-19 16:46:54,161 [Thread-1021] INFO  impl.RaftServerImpl (RaftServerImpl.java:setRole(171)) - 7d52edcb-3f9e-4ee4-a19c-9fe49afe3f0d:group-971BCDB23F85 changes role from FOLLOWER to CANDIDATE at term 0 for changeToCandidate
2019-09-19 16:46:54,161 [Thread-1021] INFO  impl.RoleInfo (RoleInfo.java:updateAndGet(143)) - 7d52edcb-3f9e-4ee4-a19c-9fe49afe3f0d: start LeaderElection
2019-09-19 16:46:54,176 [7d52edcb-3f9e-4ee4-a19c-9fe49afe3f0d:group-971BCDB23F85:LeaderElection67] INFO  impl.LeaderElection (LeaderElection.java:askForVotes(181)) - 7d52edcb-3f9e-4ee4-a19c-9fe49afe3f0d:group-971BCDB23F85:LeaderElection67: begin an election at term 1 for -1: [7d52edcb-3f9e-4ee4-a19c-9fe49afe3f0d:192.168.157.226:35489], old=null
2019-09-19 16:46:54,176 [7d52edcb-3f9e-4ee4-a19c-9fe49afe3f0d:group-971BCDB23F85:LeaderElection67] INFO  impl.RoleInfo (RoleInfo.java:shutdownLeaderElection(134)) - 7d52edcb-3f9e-4ee4-a19c-9fe49afe3f0d: shutdown LeaderElection
2019-09-19 16:46:54,176 [7d52edcb-3f9e-4ee4-a19c-9fe49afe3f0d:group-971BCDB23F85:LeaderElection67] INFO  impl.RaftServerImpl (RaftServerImpl.java:setRole(171)) - 7d52edcb-3f9e-4ee4-a19c-9fe49afe3f0d:group-971BCDB23F85 changes role from CANDIDATE to LEADER at term 1 for changeToLeader
2019-09-19 16:46:54,176 [7d52edcb-3f9e-4ee4-a19c-9fe49afe3f0d:group-971BCDB23F85:LeaderElection67] INFO  impl.RaftServerImpl (ServerState.java:setLeader(263)) - 7d52edcb-3f9e-4ee4-a19c-9fe49afe3f0d:group-971BCDB23F85 change Leader from null to 7d52edcb-3f9e-4ee4-a19c-9fe49afe3f0d at term 1 for becomeLeader, leader elected after 5206ms
2019-09-19 16:46:54,176 [7d52edcb-3f9e-4ee4-a19c-9fe49afe3f0d:group-971BCDB23F85:LeaderElection67] INFO  server.RaftServerConfigKeys (ConfUtils.java:logGet(43)) - raft.server.staging.catchup.gap = 1000 (default)
2019-09-19 16:46:54,177 [7d52edcb-3f9e-4ee4-a19c-9fe49afe3f0d:group-971BCDB23F85:LeaderElection67] INFO  server.RaftServerConfigKeys (ConfUtils.java:logGet(43)) - raft.server.rpc.sleep.time = 25ms (default)
2019-09-19 16:46:54,177 [7d52edcb-3f9e-4ee4-a19c-9fe49afe3f0d:group-971BCDB23F85:LeaderElection67] INFO  server.RaftServerConfigKeys (ConfUtils.java:logGet(43)) - raft.server.write.element-limit = 4096 (default)
2019-09-19 16:46:54,177 [7d52edcb-3f9e-4ee4-a19c-9fe49afe3f0d:group-971BCDB23F85:LeaderElection67] INFO  server.RaftServerConfigKeys (ConfUtils.java:logGet(43)) - raft.server.watch.timeout = 10s (default)
2019-09-19 16:46:54,177 [7d52edcb-3f9e-4ee4-a19c-9fe49afe3f0d:group-971BCDB23F85:LeaderElection67] INFO  server.RaftServerConfigKeys (ConfUtils.java:logGet(43)) - raft.server.watch.timeout.denomination = 1s (default)
2019-09-19 16:46:54,177 [7d52edcb-3f9e-4ee4-a19c-9fe49afe3f0d:group-971BCDB23F85:LeaderElection67] INFO  server.RaftServerConfigKeys (ConfUtils.java:logGet(43)) - raft.server.watch.element-limit = 65536 (default)
2019-09-19 16:46:54,177 [7d52edcb-3f9e-4ee4-a19c-9fe49afe3f0d:group-971BCDB23F85:LeaderElection67] INFO  impl.RoleInfo (RoleInfo.java:updateAndGet(143)) - 7d52edcb-3f9e-4ee4-a19c-9fe49afe3f0d: start LeaderState
2019-09-19 16:46:54,178 [7d52edcb-3f9e-4ee4-a19c-9fe49afe3f0d:group-971BCDB23F85:LeaderElection67] INFO  segmented.SegmentedRaftLogWorker (SegmentedRaftLogWorker.java:startLogSegment(380)) - 7d52edcb-3f9e-4ee4-a19c-9fe49afe3f0d-SegmentedRaftLogWorker:Storage Directory /workdir/hadoop-ozone/ozonefs/target/test-dir/MiniOzoneClusterImpl-421e31d2-c7a4-426c-8bcc-062c99b824ca/datanode-2/data/ratis/2a33ec1e-6b13-477e-9cab-971bcdb23f85: Starting segment from index:0
2019-09-19 16:46:54,178 [7d52edcb-3f9e-4ee4-a19c-9fe49afe3f0d:group-971BCDB23F85:LeaderElection67] INFO  impl.RaftServerImpl (ServerState.java:setRaftConf(361)) - 7d52edcb-3f9e-4ee4-a19c-9fe49afe3f0d:group-971BCDB23F85 set configuration 0: [7d52edcb-3f9e-4ee4-a19c-9fe49afe3f0d:192.168.157.226:35489], old=null at 0
2019-09-19 16:46:54,243 [7d52edcb-3f9e-4ee4-a19c-9fe49afe3f0d-SegmentedRaftLogWorker:Storage Directory /workdir/hadoop-ozone/ozonefs/target/test-dir/MiniOzoneClusterImpl-421e31d2-c7a4-426c-8bcc-062c99b824ca/datanode-2/data/ratis/2a33ec1e-6b13-477e-9cab-971bcdb23f85] INFO  segmented.SegmentedRaftLogWorker (SegmentedRaftLogWorker.java:execute(569)) - 7d52edcb-3f9e-4ee4-a19c-9fe49afe3f0d-SegmentedRaftLogWorker:Storage Directory /workdir/hadoop-ozone/ozonefs/target/test-dir/MiniOzoneClusterImpl-421e31d2-c7a4-426c-8bcc-062c99b824ca/datanode-2/data/ratis/2a33ec1e-6b13-477e-9cab-971bcdb23f85: created new log segment /workdir/hadoop-ozone/ozonefs/target/test-dir/MiniOzoneClusterImpl-421e31d2-c7a4-426c-8bcc-062c99b824ca/datanode-2/data/ratis/2a33ec1e-6b13-477e-9cab-971bcdb23f85/current/log_inprogress_0
2019-09-19 16:46:54,729 | INFO  | SCMAudit | user=jenkins1000 | ip=192.168.157.226 | op=SEND_HEARTBEAT {datanodeUUID=7d52edcb-3f9e-4ee4-a19c-9fe49afe3f0d, command=[]} | ret=SUCCESS |  
2019-09-19 16:46:55,031 [ForkJoinPool.commonPool-worker-0] INFO  ozoneimpl.OzoneContainer (OzoneContainer.java:stop(199)) - Attempting to stop container services.
2019-09-19 16:46:55,031 [Thread-796] INFO  ozoneimpl.OzoneContainer (OzoneContainer.java:stop(199)) - Attempting to stop container services.
2019-09-19 16:46:55,032 [ForkJoinPool.commonPool-worker-0] INFO  impl.RaftServerProxy (RaftServerProxy.java:lambda$close$4(314)) - 9c00c300-40f8-490d-beaf-1a01717c10f2: close
2019-09-19 16:46:55,032 [Thread-796] INFO  impl.RaftServerProxy (RaftServerProxy.java:lambda$close$4(314)) - 52cf8ebe-89cc-44af-9917-209b2cc1a86f: close
2019-09-19 16:46:55,032 [ForkJoinPool.commonPool-worker-0] INFO  impl.RaftServerImpl (RaftServerImpl.java:lambda$shutdown$3(245)) - 9c00c300-40f8-490d-beaf-1a01717c10f2: shutdown group-EA855D3A9D2A
2019-09-19 16:46:55,033 [Thread-796] INFO  impl.RaftServerImpl (RaftServerImpl.java:lambda$shutdown$3(245)) - 52cf8ebe-89cc-44af-9917-209b2cc1a86f: shutdown group-729DF76D68BB
2019-09-19 16:46:55,033 [ForkJoinPool.commonPool-worker-0] INFO  util.JmxRegister (JmxRegister.java:unregister(73)) - Successfully un-registered JMX Bean with object name Ratis:service=RaftServer,group=group-EA855D3A9D2A,id=9c00c300-40f8-490d-beaf-1a01717c10f2
2019-09-19 16:46:55,033 [Thread-796] INFO  util.JmxRegister (JmxRegister.java:unregister(73)) - Successfully un-registered JMX Bean with object name Ratis:service=RaftServer,group=group-729DF76D68BB,id=52cf8ebe-89cc-44af-9917-209b2cc1a86f
2019-09-19 16:46:55,033 [ForkJoinPool.commonPool-worker-0] INFO  impl.RoleInfo (RoleInfo.java:shutdownLeaderState(104)) - 9c00c300-40f8-490d-beaf-1a01717c10f2: shutdown LeaderState
2019-09-19 16:46:55,034 [Thread-796] INFO  impl.RoleInfo (RoleInfo.java:shutdownLeaderState(104)) - 52cf8ebe-89cc-44af-9917-209b2cc1a86f: shutdown LeaderState
2019-09-19 16:46:55,034 [ForkJoinPool.commonPool-worker-0] INFO  impl.PendingRequests (PendingRequests.java:sendNotLeaderResponses(202)) - 9c00c300-40f8-490d-beaf-1a01717c10f2-PendingRequests: sendNotLeaderResponses
2019-09-19 16:46:55,034 [Thread-796] INFO  impl.PendingRequests (PendingRequests.java:sendNotLeaderResponses(202)) - 52cf8ebe-89cc-44af-9917-209b2cc1a86f-PendingRequests: sendNotLeaderResponses
2019-09-19 16:46:55,035 [ForkJoinPool.commonPool-worker-0] INFO  impl.StateMachineUpdater (StateMachineUpdater.java:stopAndJoin(115)) - StateMachineUpdater:9c00c300-40f8-490d-beaf-1a01717c10f2:group-EA855D3A9D2A: set stopIndex = 0
2019-09-19 16:46:55,035 [Thread-796] INFO  impl.StateMachineUpdater (StateMachineUpdater.java:stopAndJoin(115)) - StateMachineUpdater:52cf8ebe-89cc-44af-9917-209b2cc1a86f:group-729DF76D68BB: set stopIndex = 0
2019-09-19 16:46:55,035 [ForkJoinPool.commonPool-worker-0] INFO  impl.RaftServerImpl (ServerState.java:close(394)) - 9c00c300-40f8-490d-beaf-1a01717c10f2:group-EA855D3A9D2A closes. The last applied log index is 0
2019-09-19 16:46:55,036 [Thread-796] INFO  impl.RaftServerImpl (ServerState.java:close(394)) - 52cf8ebe-89cc-44af-9917-209b2cc1a86f:group-729DF76D68BB closes. The last applied log index is 0
2019-09-19 16:46:55,036 [9c00c300-40f8-490d-beaf-1a01717c10f2-SegmentedRaftLogWorker:Storage Directory /workdir/hadoop-ozone/ozonefs/target/test-dir/MiniOzoneClusterImpl-421e31d2-c7a4-426c-8bcc-062c99b824ca/datanode-0/data/ratis/9a0dd510-2125-4294-b289-ea855d3a9d2a] INFO  segmented.SegmentedRaftLogWorker (SegmentedRaftLogWorker.java:run(313)) - 9c00c300-40f8-490d-beaf-1a01717c10f2-SegmentedRaftLogWorker:Storage Directory /workdir/hadoop-ozone/ozonefs/target/test-dir/MiniOzoneClusterImpl-421e31d2-c7a4-426c-8bcc-062c99b824ca/datanode-0/data/ratis/9a0dd510-2125-4294-b289-ea855d3a9d2a was interrupted, exiting. There are 0 tasks remaining in the queue.
2019-09-19 16:46:55,036 [52cf8ebe-89cc-44af-9917-209b2cc1a86f-SegmentedRaftLogWorker:Storage Directory /workdir/hadoop-ozone/ozonefs/target/test-dir/MiniOzoneClusterImpl-421e31d2-c7a4-426c-8bcc-062c99b824ca/datanode-1/data/ratis/9028357b-0163-4527-9d58-729df76d68bb] INFO  segmented.SegmentedRaftLogWorker (SegmentedRaftLogWorker.java:run(313)) - 52cf8ebe-89cc-44af-9917-209b2cc1a86f-SegmentedRaftLogWorker:Storage Directory /workdir/hadoop-ozone/ozonefs/target/test-dir/MiniOzoneClusterImpl-421e31d2-c7a4-426c-8bcc-062c99b824ca/datanode-1/data/ratis/9028357b-0163-4527-9d58-729df76d68bb was interrupted, exiting. There are 0 tasks remaining in the queue.
2019-09-19 16:46:55,037 [ForkJoinPool.commonPool-worker-0] INFO  segmented.SegmentedRaftLogWorker (SegmentedRaftLogWorker.java:close(228)) - 9c00c300-40f8-490d-beaf-1a01717c10f2-SegmentedRaftLogWorker:Storage Directory /workdir/hadoop-ozone/ozonefs/target/test-dir/MiniOzoneClusterImpl-421e31d2-c7a4-426c-8bcc-062c99b824ca/datanode-0/data/ratis/9a0dd510-2125-4294-b289-ea855d3a9d2a close()
2019-09-19 16:46:55,037 [Thread-796] INFO  segmented.SegmentedRaftLogWorker (SegmentedRaftLogWorker.java:close(228)) - 52cf8ebe-89cc-44af-9917-209b2cc1a86f-SegmentedRaftLogWorker:Storage Directory /workdir/hadoop-ozone/ozonefs/target/test-dir/MiniOzoneClusterImpl-421e31d2-c7a4-426c-8bcc-062c99b824ca/datanode-1/data/ratis/9028357b-0163-4527-9d58-729df76d68bb close()
2019-09-19 16:46:55,039 [ForkJoinPool.commonPool-worker-0] INFO  impl.RaftServerImpl (RaftServerImpl.java:lambda$shutdown$3(245)) - 9c00c300-40f8-490d-beaf-1a01717c10f2: shutdown group-3B1AE2AC88E7
2019-09-19 16:46:55,040 [Thread-796] INFO  impl.RaftServerImpl (RaftServerImpl.java:lambda$shutdown$3(245)) - 52cf8ebe-89cc-44af-9917-209b2cc1a86f: shutdown group-128A6F74A432
2019-09-19 16:46:55,041 [ForkJoinPool.commonPool-worker-0] INFO  util.JmxRegister (JmxRegister.java:unregister(73)) - Successfully un-registered JMX Bean with object name Ratis:service=RaftServer,group=group-3B1AE2AC88E7,id=9c00c300-40f8-490d-beaf-1a01717c10f2
2019-09-19 16:46:55,041 [Thread-796] INFO  util.JmxRegister (JmxRegister.java:unregister(73)) - Successfully un-registered JMX Bean with object name Ratis:service=RaftServer,group=group-128A6F74A432,id=52cf8ebe-89cc-44af-9917-209b2cc1a86f
2019-09-19 16:46:55,041 [ForkJoinPool.commonPool-worker-0] INFO  impl.RoleInfo (RoleInfo.java:shutdownLeaderState(104)) - 9c00c300-40f8-490d-beaf-1a01717c10f2: shutdown LeaderState
2019-09-19 16:46:55,041 [Thread-796] INFO  impl.RoleInfo (RoleInfo.java:shutdownLeaderState(104)) - 52cf8ebe-89cc-44af-9917-209b2cc1a86f: shutdown LeaderState
2019-09-19 16:46:55,041 [ForkJoinPool.commonPool-worker-0] INFO  impl.PendingRequests (PendingRequests.java:sendNotLeaderResponses(202)) - 9c00c300-40f8-490d-beaf-1a01717c10f2-PendingRequests: sendNotLeaderResponses
2019-09-19 16:46:55,042 [Thread-796] INFO  impl.PendingRequests (PendingRequests.java:sendNotLeaderResponses(202)) - 52cf8ebe-89cc-44af-9917-209b2cc1a86f-PendingRequests: sendNotLeaderResponses
2019-09-19 16:46:55,042 [ForkJoinPool.commonPool-worker-0] INFO  impl.StateMachineUpdater (StateMachineUpdater.java:stopAndJoin(115)) - StateMachineUpdater:9c00c300-40f8-490d-beaf-1a01717c10f2:group-3B1AE2AC88E7: set stopIndex = 0
2019-09-19 16:46:55,042 [Thread-796] INFO  impl.StateMachineUpdater (StateMachineUpdater.java:stopAndJoin(115)) - StateMachineUpdater:52cf8ebe-89cc-44af-9917-209b2cc1a86f:group-128A6F74A432: set stopIndex = 0
2019-09-19 16:46:55,042 [ForkJoinPool.commonPool-worker-0] INFO  impl.RaftServerImpl (ServerState.java:close(394)) - 9c00c300-40f8-490d-beaf-1a01717c10f2:group-3B1AE2AC88E7 closes. The last applied log index is 0
2019-09-19 16:46:55,043 [Thread-796] INFO  impl.RaftServerImpl (ServerState.java:close(394)) - 52cf8ebe-89cc-44af-9917-209b2cc1a86f:group-128A6F74A432 closes. The last applied log index is 0
2019-09-19 16:46:55,043 [9c00c300-40f8-490d-beaf-1a01717c10f2-SegmentedRaftLogWorker:Storage Directory /workdir/hadoop-ozone/ozonefs/target/test-dir/MiniOzoneClusterImpl-421e31d2-c7a4-426c-8bcc-062c99b824ca/datanode-0/data/ratis/7b285e4d-0f72-4dc3-803c-3b1ae2ac88e7] INFO  segmented.SegmentedRaftLogWorker (SegmentedRaftLogWorker.java:run(313)) - 9c00c300-40f8-490d-beaf-1a01717c10f2-SegmentedRaftLogWorker:Storage Directory /workdir/hadoop-ozone/ozonefs/target/test-dir/MiniOzoneClusterImpl-421e31d2-c7a4-426c-8bcc-062c99b824ca/datanode-0/data/ratis/7b285e4d-0f72-4dc3-803c-3b1ae2ac88e7 was interrupted, exiting. There are 0 tasks remaining in the queue.
2019-09-19 16:46:55,043 [52cf8ebe-89cc-44af-9917-209b2cc1a86f-SegmentedRaftLogWorker:Storage Directory /workdir/hadoop-ozone/ozonefs/target/test-dir/MiniOzoneClusterImpl-421e31d2-c7a4-426c-8bcc-062c99b824ca/datanode-1/data/ratis/198ad971-953e-4a3d-a196-128a6f74a432] INFO  segmented.SegmentedRaftLogWorker (SegmentedRaftLogWorker.java:run(313)) - 52cf8ebe-89cc-44af-9917-209b2cc1a86f-SegmentedRaftLogWorker:Storage Directory /workdir/hadoop-ozone/ozonefs/target/test-dir/MiniOzoneClusterImpl-421e31d2-c7a4-426c-8bcc-062c99b824ca/datanode-1/data/ratis/198ad971-953e-4a3d-a196-128a6f74a432 was interrupted, exiting. There are 0 tasks remaining in the queue.
2019-09-19 16:46:55,043 [ForkJoinPool.commonPool-worker-0] INFO  segmented.SegmentedRaftLogWorker (SegmentedRaftLogWorker.java:close(228)) - 9c00c300-40f8-490d-beaf-1a01717c10f2-SegmentedRaftLogWorker:Storage Directory /workdir/hadoop-ozone/ozonefs/target/test-dir/MiniOzoneClusterImpl-421e31d2-c7a4-426c-8bcc-062c99b824ca/datanode-0/data/ratis/7b285e4d-0f72-4dc3-803c-3b1ae2ac88e7 close()
2019-09-19 16:46:55,044 [Thread-796] INFO  segmented.SegmentedRaftLogWorker (SegmentedRaftLogWorker.java:close(228)) - 52cf8ebe-89cc-44af-9917-209b2cc1a86f-SegmentedRaftLogWorker:Storage Directory /workdir/hadoop-ozone/ozonefs/target/test-dir/MiniOzoneClusterImpl-421e31d2-c7a4-426c-8bcc-062c99b824ca/datanode-1/data/ratis/198ad971-953e-4a3d-a196-128a6f74a432 close()
2019-09-19 16:46:55,045 [ForkJoinPool.commonPool-worker-0] INFO  impl.RaftServerImpl (RaftServerImpl.java:lambda$shutdown$3(245)) - 9c00c300-40f8-490d-beaf-1a01717c10f2: shutdown group-0D747789B511
2019-09-19 16:46:55,046 [Thread-796] INFO  impl.RaftServerImpl (RaftServerImpl.java:lambda$shutdown$3(245)) - 52cf8ebe-89cc-44af-9917-209b2cc1a86f: shutdown group-670EA586C510
2019-09-19 16:46:55,046 [ForkJoinPool.commonPool-worker-0] INFO  util.JmxRegister (JmxRegister.java:unregister(73)) - Successfully un-registered JMX Bean with object name Ratis:service=RaftServer,group=group-0D747789B511,id=9c00c300-40f8-490d-beaf-1a01717c10f2
2019-09-19 16:46:55,047 [Thread-796] INFO  util.JmxRegister (JmxRegister.java:unregister(73)) - Successfully un-registered JMX Bean with object name Ratis:service=RaftServer,group=group-670EA586C510,id=52cf8ebe-89cc-44af-9917-209b2cc1a86f
2019-09-19 16:46:55,047 [ForkJoinPool.commonPool-worker-0] INFO  impl.RoleInfo (RoleInfo.java:shutdownLeaderState(104)) - 9c00c300-40f8-490d-beaf-1a01717c10f2: shutdown LeaderState
2019-09-19 16:46:55,047 [Thread-796] INFO  impl.RoleInfo (RoleInfo.java:shutdownLeaderState(104)) - 52cf8ebe-89cc-44af-9917-209b2cc1a86f: shutdown LeaderState
2019-09-19 16:46:55,048 [ForkJoinPool.commonPool-worker-0] INFO  impl.PendingRequests (PendingRequests.java:sendNotLeaderResponses(202)) - 9c00c300-40f8-490d-beaf-1a01717c10f2-PendingRequests: sendNotLeaderResponses
2019-09-19 16:46:55,048 [Thread-796] INFO  impl.PendingRequests (PendingRequests.java:sendNotLeaderResponses(202)) - 52cf8ebe-89cc-44af-9917-209b2cc1a86f-PendingRequests: sendNotLeaderResponses
2019-09-19 16:46:55,048 [ForkJoinPool.commonPool-worker-0] INFO  impl.StateMachineUpdater (StateMachineUpdater.java:stopAndJoin(115)) - StateMachineUpdater:9c00c300-40f8-490d-beaf-1a01717c10f2:group-0D747789B511: set stopIndex = 0
2019-09-19 16:46:55,049 [Thread-796] INFO  impl.StateMachineUpdater (StateMachineUpdater.java:stopAndJoin(115)) - StateMachineUpdater:52cf8ebe-89cc-44af-9917-209b2cc1a86f:group-670EA586C510: set stopIndex = 0
2019-09-19 16:46:55,050 [Thread-796] INFO  impl.RaftServerImpl (ServerState.java:close(394)) - 52cf8ebe-89cc-44af-9917-209b2cc1a86f:group-670EA586C510 closes. The last applied log index is 0
2019-09-19 16:46:55,049 [ForkJoinPool.commonPool-worker-0] INFO  impl.RaftServerImpl (ServerState.java:close(394)) - 9c00c300-40f8-490d-beaf-1a01717c10f2:group-0D747789B511 closes. The last applied log index is 0
2019-09-19 16:46:55,050 [52cf8ebe-89cc-44af-9917-209b2cc1a86f-SegmentedRaftLogWorker:Storage Directory /workdir/hadoop-ozone/ozonefs/target/test-dir/MiniOzoneClusterImpl-421e31d2-c7a4-426c-8bcc-062c99b824ca/datanode-1/data/ratis/5e050a35-121f-468e-a4ba-670ea586c510] INFO  segmented.SegmentedRaftLogWorker (SegmentedRaftLogWorker.java:run(313)) - 52cf8ebe-89cc-44af-9917-209b2cc1a86f-SegmentedRaftLogWorker:Storage Directory /workdir/hadoop-ozone/ozonefs/target/test-dir/MiniOzoneClusterImpl-421e31d2-c7a4-426c-8bcc-062c99b824ca/datanode-1/data/ratis/5e050a35-121f-468e-a4ba-670ea586c510 was interrupted, exiting. There are 0 tasks remaining in the queue.
2019-09-19 16:46:55,051 [9c00c300-40f8-490d-beaf-1a01717c10f2-SegmentedRaftLogWorker:Storage Directory /workdir/hadoop-ozone/ozonefs/target/test-dir/MiniOzoneClusterImpl-421e31d2-c7a4-426c-8bcc-062c99b824ca/datanode-0/data/ratis/bf71d322-e7e3-4210-bf65-0d747789b511] INFO  segmented.SegmentedRaftLogWorker (SegmentedRaftLogWorker.java:run(313)) - 9c00c300-40f8-490d-beaf-1a01717c10f2-SegmentedRaftLogWorker:Storage Directory /workdir/hadoop-ozone/ozonefs/target/test-dir/MiniOzoneClusterImpl-421e31d2-c7a4-426c-8bcc-062c99b824ca/datanode-0/data/ratis/bf71d322-e7e3-4210-bf65-0d747789b511 was interrupted, exiting. There are 0 tasks remaining in the queue.
2019-09-19 16:46:55,051 [Thread-796] INFO  segmented.SegmentedRaftLogWorker (SegmentedRaftLogWorker.java:close(228)) - 52cf8ebe-89cc-44af-9917-209b2cc1a86f-SegmentedRaftLogWorker:Storage Directory /workdir/hadoop-ozone/ozonefs/target/test-dir/MiniOzoneClusterImpl-421e31d2-c7a4-426c-8bcc-062c99b824ca/datanode-1/data/ratis/5e050a35-121f-468e-a4ba-670ea586c510 close()
2019-09-19 16:46:55,051 [ForkJoinPool.commonPool-worker-0] INFO  segmented.SegmentedRaftLogWorker (SegmentedRaftLogWorker.java:close(228)) - 9c00c300-40f8-490d-beaf-1a01717c10f2-SegmentedRaftLogWorker:Storage Directory /workdir/hadoop-ozone/ozonefs/target/test-dir/MiniOzoneClusterImpl-421e31d2-c7a4-426c-8bcc-062c99b824ca/datanode-0/data/ratis/bf71d322-e7e3-4210-bf65-0d747789b511 close()
2019-09-19 16:46:55,053 [Thread-796] INFO  impl.RaftServerImpl (RaftServerImpl.java:lambda$shutdown$3(245)) - 52cf8ebe-89cc-44af-9917-209b2cc1a86f: shutdown group-F0077DB75E5F
2019-09-19 16:46:55,055 [ForkJoinPool.commonPool-worker-0] INFO  impl.RaftServerImpl (RaftServerImpl.java:lambda$shutdown$3(245)) - 9c00c300-40f8-490d-beaf-1a01717c10f2: shutdown group-D968CF3C9939
2019-09-19 16:46:55,056 [Thread-796] INFO  util.JmxRegister (JmxRegister.java:unregister(73)) - Successfully un-registered JMX Bean with object name Ratis:service=RaftServer,group=group-F0077DB75E5F,id=52cf8ebe-89cc-44af-9917-209b2cc1a86f
2019-09-19 16:46:55,056 [ForkJoinPool.commonPool-worker-0] INFO  util.JmxRegister (JmxRegister.java:unregister(73)) - Successfully un-registered JMX Bean with object name Ratis:service=RaftServer,group=group-D968CF3C9939,id=9c00c300-40f8-490d-beaf-1a01717c10f2
2019-09-19 16:46:55,057 [ForkJoinPool.commonPool-worker-0] INFO  impl.RoleInfo (RoleInfo.java:shutdownLeaderState(104)) - 9c00c300-40f8-490d-beaf-1a01717c10f2: shutdown LeaderState
2019-09-19 16:46:55,057 [Thread-796] INFO  impl.RoleInfo (RoleInfo.java:shutdownLeaderState(104)) - 52cf8ebe-89cc-44af-9917-209b2cc1a86f: shutdown LeaderState
2019-09-19 16:46:55,057 [ForkJoinPool.commonPool-worker-0] INFO  impl.PendingRequests (PendingRequests.java:sendNotLeaderResponses(202)) - 9c00c300-40f8-490d-beaf-1a01717c10f2-PendingRequests: sendNotLeaderResponses
2019-09-19 16:46:55,058 [Thread-796] INFO  impl.PendingRequests (PendingRequests.java:sendNotLeaderResponses(202)) - 52cf8ebe-89cc-44af-9917-209b2cc1a86f-PendingRequests: sendNotLeaderResponses
2019-09-19 16:46:55,058 [ForkJoinPool.commonPool-worker-0] INFO  impl.StateMachineUpdater (StateMachineUpdater.java:stopAndJoin(115)) - StateMachineUpdater:9c00c300-40f8-490d-beaf-1a01717c10f2:group-D968CF3C9939: set stopIndex = 0
2019-09-19 16:46:55,059 [ForkJoinPool.commonPool-worker-0] INFO  impl.RaftServerImpl (ServerState.java:close(394)) - 9c00c300-40f8-490d-beaf-1a01717c10f2:group-D968CF3C9939 closes. The last applied log index is 0
2019-09-19 16:46:55,059 [Thread-796] INFO  impl.StateMachineUpdater (StateMachineUpdater.java:stopAndJoin(115)) - StateMachineUpdater:52cf8ebe-89cc-44af-9917-209b2cc1a86f:group-F0077DB75E5F: set stopIndex = 0
2019-09-19 16:46:55,059 [9c00c300-40f8-490d-beaf-1a01717c10f2-SegmentedRaftLogWorker:Storage Directory /workdir/hadoop-ozone/ozonefs/target/test-dir/MiniOzoneClusterImpl-421e31d2-c7a4-426c-8bcc-062c99b824ca/datanode-0/data/ratis/f5c802d4-54f2-4045-bdea-d968cf3c9939] INFO  segmented.SegmentedRaftLogWorker (SegmentedRaftLogWorker.java:run(313)) - 9c00c300-40f8-490d-beaf-1a01717c10f2-SegmentedRaftLogWorker:Storage Directory /workdir/hadoop-ozone/ozonefs/target/test-dir/MiniOzoneClusterImpl-421e31d2-c7a4-426c-8bcc-062c99b824ca/datanode-0/data/ratis/f5c802d4-54f2-4045-bdea-d968cf3c9939 was interrupted, exiting. There are 0 tasks remaining in the queue.
2019-09-19 16:46:55,060 [Thread-796] INFO  impl.RaftServerImpl (ServerState.java:close(394)) - 52cf8ebe-89cc-44af-9917-209b2cc1a86f:group-F0077DB75E5F closes. The last applied log index is 0
2019-09-19 16:46:55,060 [ForkJoinPool.commonPool-worker-0] INFO  segmented.SegmentedRaftLogWorker (SegmentedRaftLogWorker.java:close(228)) - 9c00c300-40f8-490d-beaf-1a01717c10f2-SegmentedRaftLogWorker:Storage Directory /workdir/hadoop-ozone/ozonefs/target/test-dir/MiniOzoneClusterImpl-421e31d2-c7a4-426c-8bcc-062c99b824ca/datanode-0/data/ratis/f5c802d4-54f2-4045-bdea-d968cf3c9939 close()
2019-09-19 16:46:55,061 [52cf8ebe-89cc-44af-9917-209b2cc1a86f-SegmentedRaftLogWorker:Storage Directory /workdir/hadoop-ozone/ozonefs/target/test-dir/MiniOzoneClusterImpl-421e31d2-c7a4-426c-8bcc-062c99b824ca/datanode-1/data/ratis/1af7e94c-197c-418a-89da-f0077db75e5f] INFO  segmented.SegmentedRaftLogWorker (SegmentedRaftLogWorker.java:run(313)) - 52cf8ebe-89cc-44af-9917-209b2cc1a86f-SegmentedRaftLogWorker:Storage Directory /workdir/hadoop-ozone/ozonefs/target/test-dir/MiniOzoneClusterImpl-421e31d2-c7a4-426c-8bcc-062c99b824ca/datanode-1/data/ratis/1af7e94c-197c-418a-89da-f0077db75e5f was interrupted, exiting. There are 0 tasks remaining in the queue.
2019-09-19 16:46:55,063 [ForkJoinPool.commonPool-worker-0] INFO  impl.RaftServerImpl (RaftServerImpl.java:lambda$shutdown$3(245)) - 9c00c300-40f8-490d-beaf-1a01717c10f2: shutdown group-5C0F9F7F0FDF
2019-09-19 16:46:55,063 [Thread-796] INFO  segmented.SegmentedRaftLogWorker (SegmentedRaftLogWorker.java:close(228)) - 52cf8ebe-89cc-44af-9917-209b2cc1a86f-SegmentedRaftLogWorker:Storage Directory /workdir/hadoop-ozone/ozonefs/target/test-dir/MiniOzoneClusterImpl-421e31d2-c7a4-426c-8bcc-062c99b824ca/datanode-1/data/ratis/1af7e94c-197c-418a-89da-f0077db75e5f close()
2019-09-19 16:46:55,063 [ForkJoinPool.commonPool-worker-0] INFO  util.JmxRegister (JmxRegister.java:unregister(73)) - Successfully un-registered JMX Bean with object name Ratis:service=RaftServer,group=group-5C0F9F7F0FDF,id=9c00c300-40f8-490d-beaf-1a01717c10f2
2019-09-19 16:46:55,065 [Thread-796] INFO  impl.RaftServerImpl (RaftServerImpl.java:lambda$shutdown$3(245)) - 52cf8ebe-89cc-44af-9917-209b2cc1a86f: shutdown group-3FCBF9F2E5A3
2019-09-19 16:46:55,066 [ForkJoinPool.commonPool-worker-0] INFO  impl.RoleInfo (RoleInfo.java:shutdownLeaderState(104)) - 9c00c300-40f8-490d-beaf-1a01717c10f2: shutdown LeaderState
2019-09-19 16:46:55,066 [Thread-796] INFO  util.JmxRegister (JmxRegister.java:unregister(73)) - Successfully un-registered JMX Bean with object name Ratis:service=RaftServer,group=group-3FCBF9F2E5A3,id=52cf8ebe-89cc-44af-9917-209b2cc1a86f
2019-09-19 16:46:55,067 [Thread-796] INFO  impl.RoleInfo (RoleInfo.java:shutdownLeaderState(104)) - 52cf8ebe-89cc-44af-9917-209b2cc1a86f: shutdown LeaderState
2019-09-19 16:46:55,067 [Thread-796] INFO  impl.PendingRequests (PendingRequests.java:sendNotLeaderResponses(202)) - 52cf8ebe-89cc-44af-9917-209b2cc1a86f-PendingRequests: sendNotLeaderResponses
2019-09-19 16:46:55,067 [ForkJoinPool.commonPool-worker-0] INFO  impl.PendingRequests (PendingRequests.java:sendNotLeaderResponses(202)) - 9c00c300-40f8-490d-beaf-1a01717c10f2-PendingRequests: sendNotLeaderResponses
2019-09-19 16:46:55,068 [Thread-796] INFO  impl.StateMachineUpdater (StateMachineUpdater.java:stopAndJoin(115)) - StateMachineUpdater:52cf8ebe-89cc-44af-9917-209b2cc1a86f:group-3FCBF9F2E5A3: set stopIndex = 0
2019-09-19 16:46:55,068 [ForkJoinPool.commonPool-worker-0] INFO  impl.StateMachineUpdater (StateMachineUpdater.java:stopAndJoin(115)) - StateMachineUpdater:9c00c300-40f8-490d-beaf-1a01717c10f2:group-5C0F9F7F0FDF: set stopIndex = 0
2019-09-19 16:46:55,068 [Thread-796] INFO  impl.RaftServerImpl (ServerState.java:close(394)) - 52cf8ebe-89cc-44af-9917-209b2cc1a86f:group-3FCBF9F2E5A3 closes. The last applied log index is 0
2019-09-19 16:46:55,069 [ForkJoinPool.commonPool-worker-0] INFO  impl.RaftServerImpl (ServerState.java:close(394)) - 9c00c300-40f8-490d-beaf-1a01717c10f2:group-5C0F9F7F0FDF closes. The last applied log index is 0
2019-09-19 16:46:55,069 [52cf8ebe-89cc-44af-9917-209b2cc1a86f-SegmentedRaftLogWorker:Storage Directory /workdir/hadoop-ozone/ozonefs/target/test-dir/MiniOzoneClusterImpl-421e31d2-c7a4-426c-8bcc-062c99b824ca/datanode-1/data/ratis/880e0e1d-5cde-40ec-9390-3fcbf9f2e5a3] INFO  segmented.SegmentedRaftLogWorker (SegmentedRaftLogWorker.java:run(313)) - 52cf8ebe-89cc-44af-9917-209b2cc1a86f-SegmentedRaftLogWorker:Storage Directory /workdir/hadoop-ozone/ozonefs/target/test-dir/MiniOzoneClusterImpl-421e31d2-c7a4-426c-8bcc-062c99b824ca/datanode-1/data/ratis/880e0e1d-5cde-40ec-9390-3fcbf9f2e5a3 was interrupted, exiting. There are 0 tasks remaining in the queue.
2019-09-19 16:46:55,070 [9c00c300-40f8-490d-beaf-1a01717c10f2-SegmentedRaftLogWorker:Storage Directory /workdir/hadoop-ozone/ozonefs/target/test-dir/MiniOzoneClusterImpl-421e31d2-c7a4-426c-8bcc-062c99b824ca/datanode-0/data/ratis/341f0dd6-200e-4642-9de6-5c0f9f7f0fdf] INFO  segmented.SegmentedRaftLogWorker (SegmentedRaftLogWorker.java:run(313)) - 9c00c300-40f8-490d-beaf-1a01717c10f2-SegmentedRaftLogWorker:Storage Directory /workdir/hadoop-ozone/ozonefs/target/test-dir/MiniOzoneClusterImpl-421e31d2-c7a4-426c-8bcc-062c99b824ca/datanode-0/data/ratis/341f0dd6-200e-4642-9de6-5c0f9f7f0fdf was interrupted, exiting. There are 0 tasks remaining in the queue.
2019-09-19 16:46:55,070 [Thread-796] INFO  segmented.SegmentedRaftLogWorker (SegmentedRaftLogWorker.java:close(228)) - 52cf8ebe-89cc-44af-9917-209b2cc1a86f-SegmentedRaftLogWorker:Storage Directory /workdir/hadoop-ozone/ozonefs/target/test-dir/MiniOzoneClusterImpl-421e31d2-c7a4-426c-8bcc-062c99b824ca/datanode-1/data/ratis/880e0e1d-5cde-40ec-9390-3fcbf9f2e5a3 close()
2019-09-19 16:46:55,070 [ForkJoinPool.commonPool-worker-0] INFO  segmented.SegmentedRaftLogWorker (SegmentedRaftLogWorker.java:close(228)) - 9c00c300-40f8-490d-beaf-1a01717c10f2-SegmentedRaftLogWorker:Storage Directory /workdir/hadoop-ozone/ozonefs/target/test-dir/MiniOzoneClusterImpl-421e31d2-c7a4-426c-8bcc-062c99b824ca/datanode-0/data/ratis/341f0dd6-200e-4642-9de6-5c0f9f7f0fdf close()
2019-09-19 16:46:55,072 [Thread-796] INFO  impl.RaftServerImpl (RaftServerImpl.java:lambda$shutdown$3(245)) - 52cf8ebe-89cc-44af-9917-209b2cc1a86f: shutdown group-97780C9A75DF
2019-09-19 16:46:55,073 [ForkJoinPool.commonPool-worker-0] INFO  impl.RaftServerImpl (RaftServerImpl.java:lambda$shutdown$3(245)) - 9c00c300-40f8-490d-beaf-1a01717c10f2: shutdown group-60380947F8AC
2019-09-19 16:46:55,073 [Thread-796] INFO  util.JmxRegister (JmxRegister.java:unregister(73)) - Successfully un-registered JMX Bean with object name Ratis:service=RaftServer,group=group-97780C9A75DF,id=52cf8ebe-89cc-44af-9917-209b2cc1a86f
2019-09-19 16:46:55,074 [Thread-796] INFO  impl.RoleInfo (RoleInfo.java:shutdownLeaderState(104)) - 52cf8ebe-89cc-44af-9917-209b2cc1a86f: shutdown LeaderState
2019-09-19 16:46:55,073 [ForkJoinPool.commonPool-worker-0] INFO  util.JmxRegister (JmxRegister.java:unregister(73)) - Successfully un-registered JMX Bean with object name Ratis:service=RaftServer,group=group-60380947F8AC,id=9c00c300-40f8-490d-beaf-1a01717c10f2
2019-09-19 16:46:55,074 [Thread-796] INFO  impl.PendingRequests (PendingRequests.java:sendNotLeaderResponses(202)) - 52cf8ebe-89cc-44af-9917-209b2cc1a86f-PendingRequests: sendNotLeaderResponses
2019-09-19 16:46:55,074 [ForkJoinPool.commonPool-worker-0] INFO  impl.RoleInfo (RoleInfo.java:shutdownLeaderState(104)) - 9c00c300-40f8-490d-beaf-1a01717c10f2: shutdown LeaderState
2019-09-19 16:46:55,074 [Thread-796] INFO  impl.StateMachineUpdater (StateMachineUpdater.java:stopAndJoin(115)) - StateMachineUpdater:52cf8ebe-89cc-44af-9917-209b2cc1a86f:group-97780C9A75DF: set stopIndex = 0
2019-09-19 16:46:55,075 [ForkJoinPool.commonPool-worker-0] INFO  impl.PendingRequests (PendingRequests.java:sendNotLeaderResponses(202)) - 9c00c300-40f8-490d-beaf-1a01717c10f2-PendingRequests: sendNotLeaderResponses
2019-09-19 16:46:55,075 [Thread-796] INFO  impl.RaftServerImpl (ServerState.java:close(394)) - 52cf8ebe-89cc-44af-9917-209b2cc1a86f:group-97780C9A75DF closes. The last applied log index is 0
2019-09-19 16:46:55,075 [ForkJoinPool.commonPool-worker-0] INFO  impl.StateMachineUpdater (StateMachineUpdater.java:stopAndJoin(115)) - StateMachineUpdater:9c00c300-40f8-490d-beaf-1a01717c10f2:group-60380947F8AC: set stopIndex = 0
2019-09-19 16:46:55,076 [52cf8ebe-89cc-44af-9917-209b2cc1a86f-SegmentedRaftLogWorker:Storage Directory /workdir/hadoop-ozone/ozonefs/target/test-dir/MiniOzoneClusterImpl-421e31d2-c7a4-426c-8bcc-062c99b824ca/datanode-1/data/ratis/9e09465b-ad0a-4121-9ca8-97780c9a75df] INFO  segmented.SegmentedRaftLogWorker (SegmentedRaftLogWorker.java:run(313)) - 52cf8ebe-89cc-44af-9917-209b2cc1a86f-SegmentedRaftLogWorker:Storage Directory /workdir/hadoop-ozone/ozonefs/target/test-dir/MiniOzoneClusterImpl-421e31d2-c7a4-426c-8bcc-062c99b824ca/datanode-1/data/ratis/9e09465b-ad0a-4121-9ca8-97780c9a75df was interrupted, exiting. There are 0 tasks remaining in the queue.
2019-09-19 16:46:55,076 [ForkJoinPool.commonPool-worker-0] INFO  impl.RaftServerImpl (ServerState.java:close(394)) - 9c00c300-40f8-490d-beaf-1a01717c10f2:group-60380947F8AC closes. The last applied log index is 0
2019-09-19 16:46:55,076 [Thread-796] INFO  segmented.SegmentedRaftLogWorker (SegmentedRaftLogWorker.java:close(228)) - 52cf8ebe-89cc-44af-9917-209b2cc1a86f-SegmentedRaftLogWorker:Storage Directory /workdir/hadoop-ozone/ozonefs/target/test-dir/MiniOzoneClusterImpl-421e31d2-c7a4-426c-8bcc-062c99b824ca/datanode-1/data/ratis/9e09465b-ad0a-4121-9ca8-97780c9a75df close()
2019-09-19 16:46:55,076 [9c00c300-40f8-490d-beaf-1a01717c10f2-SegmentedRaftLogWorker:Storage Directory /workdir/hadoop-ozone/ozonefs/target/test-dir/MiniOzoneClusterImpl-421e31d2-c7a4-426c-8bcc-062c99b824ca/datanode-0/data/ratis/51966776-a029-4a43-8717-60380947f8ac] INFO  segmented.SegmentedRaftLogWorker (SegmentedRaftLogWorker.java:run(313)) - 9c00c300-40f8-490d-beaf-1a01717c10f2-SegmentedRaftLogWorker:Storage Directory /workdir/hadoop-ozone/ozonefs/target/test-dir/MiniOzoneClusterImpl-421e31d2-c7a4-426c-8bcc-062c99b824ca/datanode-0/data/ratis/51966776-a029-4a43-8717-60380947f8ac was interrupted, exiting. There are 0 tasks remaining in the queue.
2019-09-19 16:46:55,078 [Thread-796] INFO  server.GrpcService (GrpcService.java:closeImpl(155)) - 52cf8ebe-89cc-44af-9917-209b2cc1a86f: shutdown server with port 45097 now
2019-09-19 16:46:55,078 [ForkJoinPool.commonPool-worker-0] INFO  segmented.SegmentedRaftLogWorker (SegmentedRaftLogWorker.java:close(228)) - 9c00c300-40f8-490d-beaf-1a01717c10f2-SegmentedRaftLogWorker:Storage Directory /workdir/hadoop-ozone/ozonefs/target/test-dir/MiniOzoneClusterImpl-421e31d2-c7a4-426c-8bcc-062c99b824ca/datanode-0/data/ratis/51966776-a029-4a43-8717-60380947f8ac close()
2019-09-19 16:46:55,079 [ForkJoinPool.commonPool-worker-0] INFO  server.GrpcService (GrpcService.java:closeImpl(155)) - 9c00c300-40f8-490d-beaf-1a01717c10f2: shutdown server with port 43915 now
2019-09-19 16:46:55,080 [Thread-796] INFO  server.GrpcService (GrpcService.java:closeImpl(163)) - 52cf8ebe-89cc-44af-9917-209b2cc1a86f: shutdown server with port 45097 successfully
2019-09-19 16:46:55,081 [ForkJoinPool.commonPool-worker-0] INFO  server.GrpcService (GrpcService.java:closeImpl(163)) - 9c00c300-40f8-490d-beaf-1a01717c10f2: shutdown server with port 43915 successfully
2019-09-19 16:46:55,082 [Thread-796] INFO  utils.BackgroundService (BackgroundService.java:shutdown(148)) - Shutting down service BlockDeletingService
2019-09-19 16:46:55,083 [ForkJoinPool.commonPool-worker-0] INFO  utils.BackgroundService (BackgroundService.java:shutdown(148)) - Shutting down service BlockDeletingService
2019-09-19 16:46:55,085 [refreshUsed-/workdir/hadoop-ozone/ozonefs/target/test-dir/MiniOzoneClusterImpl-421e31d2-c7a4-426c-8bcc-062c99b824ca/datanode-0/data/containers] WARN  fs.CachingGetSpaceUsed (CachingGetSpaceUsed.java:run(183)) - Thread Interrupted waiting to refresh disk information: sleep interrupted
2019-09-19 16:46:55,089 [refreshUsed-/workdir/hadoop-ozone/ozonefs/target/test-dir/MiniOzoneClusterImpl-421e31d2-c7a4-426c-8bcc-062c99b824ca/datanode-1/data/containers] WARN  fs.CachingGetSpaceUsed (CachingGetSpaceUsed.java:run(183)) - Thread Interrupted waiting to refresh disk information: sleep interrupted
2019-09-19 16:46:55,108 [ForkJoinPool.commonPool-worker-0] INFO  statemachine.DatanodeStateMachine (DatanodeStateMachine.java:stopDaemon(395)) - Ozone container server stopped.
2019-09-19 16:46:55,112 [ForkJoinPool.commonPool-worker-0] INFO  handler.ContextHandler (ContextHandler.java:doStop(910)) - Stopped o.e.j.w.WebAppContext@1d59f76f{/,null,UNAVAILABLE}{/hddsDatanode}
2019-09-19 16:46:55,112 [ForkJoinPool.commonPool-worker-0] INFO  server.AbstractConnector (AbstractConnector.java:doStop(318)) - Stopped ServerConnector@b411bbe{HTTP/1.1,[http/1.1]}{0.0.0.0:0}
2019-09-19 16:46:55,113 [ForkJoinPool.commonPool-worker-0] INFO  handler.ContextHandler (ContextHandler.java:doStop(910)) - Stopped o.e.j.s.ServletContextHandler@1c530c50{/static,jar:file:/home/user/.m2/repository/org/apache/hadoop/hadoop-hdds-container-service/0.5.0-SNAPSHOT/hadoop-hdds-container-service-0.5.0-SNAPSHOT.jar!/webapps/static,UNAVAILABLE}
2019-09-19 16:46:55,114 [ForkJoinPool.commonPool-worker-0] INFO  handler.ContextHandler (ContextHandler.java:doStop(910)) - Stopped o.e.j.s.ServletContextHandler@1e6f39d3{/logs,file:///workdir/hadoop-ozone/ozonefs/target/log,UNAVAILABLE}
2019-09-19 16:46:55,115 [ForkJoinPool.commonPool-worker-0] INFO  datanode.ObjectStoreHandler (ObjectStoreHandler.java:close(155)) - Closing ObjectStoreHandler.
2019-09-19 16:46:55,117 [Thread-796] INFO  statemachine.DatanodeStateMachine (DatanodeStateMachine.java:stopDaemon(395)) - Ozone container server stopped.
2019-09-19 16:46:55,117 [ForkJoinPool.commonPool-worker-0] INFO  ozone.HddsDatanodeService (HddsDatanodeService.java:stop(451)) - Stopped plug-in org.apache.hadoop.ozone.web.OzoneHddsDatanodeService@224301af
2019-09-19 16:46:55,118 [Thread-796] INFO  handler.ContextHandler (ContextHandler.java:doStop(910)) - Stopped o.e.j.w.WebAppContext@25663810{/,null,UNAVAILABLE}{/hddsDatanode}
2019-09-19 16:46:55,119 [Thread-796] INFO  server.AbstractConnector (AbstractConnector.java:doStop(318)) - Stopped ServerConnector@50fcbcb4{HTTP/1.1,[http/1.1]}{0.0.0.0:0}
2019-09-19 16:46:55,119 [Thread-796] INFO  handler.ContextHandler (ContextHandler.java:doStop(910)) - Stopped o.e.j.s.ServletContextHandler@49548687{/static,jar:file:/home/user/.m2/repository/org/apache/hadoop/hadoop-hdds-container-service/0.5.0-SNAPSHOT/hadoop-hdds-container-service-0.5.0-SNAPSHOT.jar!/webapps/static,UNAVAILABLE}
2019-09-19 16:46:55,119 [Thread-796] INFO  handler.ContextHandler (ContextHandler.java:doStop(910)) - Stopped o.e.j.s.ServletContextHandler@e30ac87{/logs,file:///workdir/hadoop-ozone/ozonefs/target/log,UNAVAILABLE}
2019-09-19 16:46:55,728 [Datanode State Machine Thread - 0] INFO  statemachine.DatanodeStateMachine (DatanodeStateMachine.java:lambda$startDaemon$0(350)) - Ozone container server started.
2019-09-19 16:47:00,118 [ForkJoinPool.commonPool-worker-0] INFO  ozoneimpl.OzoneContainer (OzoneContainer.java:stop(199)) - Attempting to stop container services.
2019-09-19 16:47:00,119 [ForkJoinPool.commonPool-worker-0] INFO  impl.RaftServerProxy (RaftServerProxy.java:lambda$close$4(314)) - 7d52edcb-3f9e-4ee4-a19c-9fe49afe3f0d: close
2019-09-19 16:47:00,119 [ForkJoinPool.commonPool-worker-0] INFO  impl.RaftServerImpl (RaftServerImpl.java:lambda$shutdown$3(245)) - 7d52edcb-3f9e-4ee4-a19c-9fe49afe3f0d: shutdown group-E53771C97071
2019-09-19 16:47:00,120 [ForkJoinPool.commonPool-worker-0] INFO  util.JmxRegister (JmxRegister.java:unregister(73)) - Successfully un-registered JMX Bean with object name Ratis:service=RaftServer,group=group-E53771C97071,id=7d52edcb-3f9e-4ee4-a19c-9fe49afe3f0d
2019-09-19 16:47:00,120 [ForkJoinPool.commonPool-worker-0] INFO  impl.RoleInfo (RoleInfo.java:shutdownLeaderState(104)) - 7d52edcb-3f9e-4ee4-a19c-9fe49afe3f0d: shutdown LeaderState
2019-09-19 16:47:00,120 [ForkJoinPool.commonPool-worker-0] INFO  impl.PendingRequests (PendingRequests.java:sendNotLeaderResponses(202)) - 7d52edcb-3f9e-4ee4-a19c-9fe49afe3f0d-PendingRequests: sendNotLeaderResponses
2019-09-19 16:47:00,121 [ForkJoinPool.commonPool-worker-0] INFO  impl.StateMachineUpdater (StateMachineUpdater.java:stopAndJoin(115)) - StateMachineUpdater:7d52edcb-3f9e-4ee4-a19c-9fe49afe3f0d:group-E53771C97071: set stopIndex = 0
2019-09-19 16:47:00,121 [ForkJoinPool.commonPool-worker-0] INFO  impl.RaftServerImpl (ServerState.java:close(394)) - 7d52edcb-3f9e-4ee4-a19c-9fe49afe3f0d:group-E53771C97071 closes. The last applied log index is 0
2019-09-19 16:47:00,122 [7d52edcb-3f9e-4ee4-a19c-9fe49afe3f0d-SegmentedRaftLogWorker:Storage Directory /workdir/hadoop-ozone/ozonefs/target/test-dir/MiniOzoneClusterImpl-421e31d2-c7a4-426c-8bcc-062c99b824ca/datanode-2/data/ratis/fab03fc6-e0c2-48aa-b4d7-e53771c97071] INFO  segmented.SegmentedRaftLogWorker (SegmentedRaftLogWorker.java:run(313)) - 7d52edcb-3f9e-4ee4-a19c-9fe49afe3f0d-SegmentedRaftLogWorker:Storage Directory /workdir/hadoop-ozone/ozonefs/target/test-dir/MiniOzoneClusterImpl-421e31d2-c7a4-426c-8bcc-062c99b824ca/datanode-2/data/ratis/fab03fc6-e0c2-48aa-b4d7-e53771c97071 was interrupted, exiting. There are 0 tasks remaining in the queue.
2019-09-19 16:47:00,122 [ForkJoinPool.commonPool-worker-0] INFO  segmented.SegmentedRaftLogWorker (SegmentedRaftLogWorker.java:close(228)) - 7d52edcb-3f9e-4ee4-a19c-9fe49afe3f0d-SegmentedRaftLogWorker:Storage Directory /workdir/hadoop-ozone/ozonefs/target/test-dir/MiniOzoneClusterImpl-421e31d2-c7a4-426c-8bcc-062c99b824ca/datanode-2/data/ratis/fab03fc6-e0c2-48aa-b4d7-e53771c97071 close()
2019-09-19 16:47:00,124 [ForkJoinPool.commonPool-worker-0] INFO  impl.RaftServerImpl (RaftServerImpl.java:lambda$shutdown$3(245)) - 7d52edcb-3f9e-4ee4-a19c-9fe49afe3f0d: shutdown group-971BCDB23F85
2019-09-19 16:47:00,124 [ForkJoinPool.commonPool-worker-0] INFO  util.JmxRegister (JmxRegister.java:unregister(73)) - Successfully un-registered JMX Bean with object name Ratis:service=RaftServer,group=group-971BCDB23F85,id=7d52edcb-3f9e-4ee4-a19c-9fe49afe3f0d
2019-09-19 16:47:00,125 [ForkJoinPool.commonPool-worker-0] INFO  impl.RoleInfo (RoleInfo.java:shutdownLeaderState(104)) - 7d52edcb-3f9e-4ee4-a19c-9fe49afe3f0d: shutdown LeaderState
2019-09-19 16:47:00,125 [ForkJoinPool.commonPool-worker-0] INFO  impl.PendingRequests (PendingRequests.java:sendNotLeaderResponses(202)) - 7d52edcb-3f9e-4ee4-a19c-9fe49afe3f0d-PendingRequests: sendNotLeaderResponses
2019-09-19 16:47:00,125 [ForkJoinPool.commonPool-worker-0] INFO  impl.StateMachineUpdater (StateMachineUpdater.java:stopAndJoin(115)) - StateMachineUpdater:7d52edcb-3f9e-4ee4-a19c-9fe49afe3f0d:group-971BCDB23F85: set stopIndex = 0
2019-09-19 16:47:00,126 [ForkJoinPool.commonPool-worker-0] INFO  impl.RaftServerImpl (ServerState.java:close(394)) - 7d52edcb-3f9e-4ee4-a19c-9fe49afe3f0d:group-971BCDB23F85 closes. The last applied log index is 0
2019-09-19 16:47:00,126 [7d52edcb-3f9e-4ee4-a19c-9fe49afe3f0d-SegmentedRaftLogWorker:Storage Directory /workdir/hadoop-ozone/ozonefs/target/test-dir/MiniOzoneClusterImpl-421e31d2-c7a4-426c-8bcc-062c99b824ca/datanode-2/data/ratis/2a33ec1e-6b13-477e-9cab-971bcdb23f85] INFO  segmented.SegmentedRaftLogWorker (SegmentedRaftLogWorker.java:run(313)) - 7d52edcb-3f9e-4ee4-a19c-9fe49afe3f0d-SegmentedRaftLogWorker:Storage Directory /workdir/hadoop-ozone/ozonefs/target/test-dir/MiniOzoneClusterImpl-421e31d2-c7a4-426c-8bcc-062c99b824ca/datanode-2/data/ratis/2a33ec1e-6b13-477e-9cab-971bcdb23f85 was interrupted, exiting. There are 0 tasks remaining in the queue.
2019-09-19 16:47:00,126 [ForkJoinPool.commonPool-worker-0] INFO  segmented.SegmentedRaftLogWorker (SegmentedRaftLogWorker.java:close(228)) - 7d52edcb-3f9e-4ee4-a19c-9fe49afe3f0d-SegmentedRaftLogWorker:Storage Directory /workdir/hadoop-ozone/ozonefs/target/test-dir/MiniOzoneClusterImpl-421e31d2-c7a4-426c-8bcc-062c99b824ca/datanode-2/data/ratis/2a33ec1e-6b13-477e-9cab-971bcdb23f85 close()
2019-09-19 16:47:00,128 [ForkJoinPool.commonPool-worker-0] INFO  impl.RaftServerImpl (RaftServerImpl.java:lambda$shutdown$3(245)) - 7d52edcb-3f9e-4ee4-a19c-9fe49afe3f0d: shutdown group-F8ED327C2C5C
2019-09-19 16:47:00,128 [ForkJoinPool.commonPool-worker-0] INFO  util.JmxRegister (JmxRegister.java:unregister(73)) - Successfully un-registered JMX Bean with object name Ratis:service=RaftServer,group=group-F8ED327C2C5C,id=7d52edcb-3f9e-4ee4-a19c-9fe49afe3f0d
2019-09-19 16:47:00,128 [ForkJoinPool.commonPool-worker-0] INFO  impl.RoleInfo (RoleInfo.java:shutdownLeaderState(104)) - 7d52edcb-3f9e-4ee4-a19c-9fe49afe3f0d: shutdown LeaderState
2019-09-19 16:47:00,129 [ForkJoinPool.commonPool-worker-0] INFO  impl.PendingRequests (PendingRequests.java:sendNotLeaderResponses(202)) - 7d52edcb-3f9e-4ee4-a19c-9fe49afe3f0d-PendingRequests: sendNotLeaderResponses
2019-09-19 16:47:00,129 [ForkJoinPool.commonPool-worker-0] INFO  impl.StateMachineUpdater (StateMachineUpdater.java:stopAndJoin(115)) - StateMachineUpdater:7d52edcb-3f9e-4ee4-a19c-9fe49afe3f0d:group-F8ED327C2C5C: set stopIndex = 0
2019-09-19 16:47:00,129 [ForkJoinPool.commonPool-worker-0] INFO  impl.RaftServerImpl (ServerState.java:close(394)) - 7d52edcb-3f9e-4ee4-a19c-9fe49afe3f0d:group-F8ED327C2C5C closes. The last applied log index is 0
2019-09-19 16:47:00,130 [7d52edcb-3f9e-4ee4-a19c-9fe49afe3f0d-SegmentedRaftLogWorker:Storage Directory /workdir/hadoop-ozone/ozonefs/target/test-dir/MiniOzoneClusterImpl-421e31d2-c7a4-426c-8bcc-062c99b824ca/datanode-2/data/ratis/1c54ad2f-7f0a-4f8a-a425-f8ed327c2c5c] INFO  segmented.SegmentedRaftLogWorker (SegmentedRaftLogWorker.java:run(313)) - 7d52edcb-3f9e-4ee4-a19c-9fe49afe3f0d-SegmentedRaftLogWorker:Storage Directory /workdir/hadoop-ozone/ozonefs/target/test-dir/MiniOzoneClusterImpl-421e31d2-c7a4-426c-8bcc-062c99b824ca/datanode-2/data/ratis/1c54ad2f-7f0a-4f8a-a425-f8ed327c2c5c was interrupted, exiting. There are 0 tasks remaining in the queue.
2019-09-19 16:47:00,130 [ForkJoinPool.commonPool-worker-0] INFO  segmented.SegmentedRaftLogWorker (SegmentedRaftLogWorker.java:close(228)) - 7d52edcb-3f9e-4ee4-a19c-9fe49afe3f0d-SegmentedRaftLogWorker:Storage Directory /workdir/hadoop-ozone/ozonefs/target/test-dir/MiniOzoneClusterImpl-421e31d2-c7a4-426c-8bcc-062c99b824ca/datanode-2/data/ratis/1c54ad2f-7f0a-4f8a-a425-f8ed327c2c5c close()
2019-09-19 16:47:00,131 [ForkJoinPool.commonPool-worker-0] INFO  impl.RaftServerImpl (RaftServerImpl.java:lambda$shutdown$3(245)) - 7d52edcb-3f9e-4ee4-a19c-9fe49afe3f0d: shutdown group-E11BF697CB40
2019-09-19 16:47:00,131 [ForkJoinPool.commonPool-worker-0] INFO  util.JmxRegister (JmxRegister.java:unregister(73)) - Successfully un-registered JMX Bean with object name Ratis:service=RaftServer,group=group-E11BF697CB40,id=7d52edcb-3f9e-4ee4-a19c-9fe49afe3f0d
2019-09-19 16:47:00,132 [ForkJoinPool.commonPool-worker-0] INFO  impl.RoleInfo (RoleInfo.java:shutdownLeaderState(104)) - 7d52edcb-3f9e-4ee4-a19c-9fe49afe3f0d: shutdown LeaderState
2019-09-19 16:47:00,132 [ForkJoinPool.commonPool-worker-0] INFO  impl.PendingRequests (PendingRequests.java:sendNotLeaderResponses(202)) - 7d52edcb-3f9e-4ee4-a19c-9fe49afe3f0d-PendingRequests: sendNotLeaderResponses
2019-09-19 16:47:00,132 [ForkJoinPool.commonPool-worker-0] INFO  impl.StateMachineUpdater (StateMachineUpdater.java:stopAndJoin(115)) - StateMachineUpdater:7d52edcb-3f9e-4ee4-a19c-9fe49afe3f0d:group-E11BF697CB40: set stopIndex = 0
2019-09-19 16:47:00,133 [ForkJoinPool.commonPool-worker-0] INFO  impl.RaftServerImpl (ServerState.java:close(394)) - 7d52edcb-3f9e-4ee4-a19c-9fe49afe3f0d:group-E11BF697CB40 closes. The last applied log index is 0
2019-09-19 16:47:00,133 [7d52edcb-3f9e-4ee4-a19c-9fe49afe3f0d-SegmentedRaftLogWorker:Storage Directory /workdir/hadoop-ozone/ozonefs/target/test-dir/MiniOzoneClusterImpl-421e31d2-c7a4-426c-8bcc-062c99b824ca/datanode-2/data/ratis/02994bce-557c-4060-aeba-e11bf697cb40] INFO  segmented.SegmentedRaftLogWorker (SegmentedRaftLogWorker.java:run(313)) - 7d52edcb-3f9e-4ee4-a19c-9fe49afe3f0d-SegmentedRaftLogWorker:Storage Directory /workdir/hadoop-ozone/ozonefs/target/test-dir/MiniOzoneClusterImpl-421e31d2-c7a4-426c-8bcc-062c99b824ca/datanode-2/data/ratis/02994bce-557c-4060-aeba-e11bf697cb40 was interrupted, exiting. There are 0 tasks remaining in the queue.
2019-09-19 16:47:00,133 [ForkJoinPool.commonPool-worker-0] INFO  segmented.SegmentedRaftLogWorker (SegmentedRaftLogWorker.java:close(228)) - 7d52edcb-3f9e-4ee4-a19c-9fe49afe3f0d-SegmentedRaftLogWorker:Storage Directory /workdir/hadoop-ozone/ozonefs/target/test-dir/MiniOzoneClusterImpl-421e31d2-c7a4-426c-8bcc-062c99b824ca/datanode-2/data/ratis/02994bce-557c-4060-aeba-e11bf697cb40 close()
2019-09-19 16:47:00,135 [ForkJoinPool.commonPool-worker-0] INFO  impl.RaftServerImpl (RaftServerImpl.java:lambda$shutdown$3(245)) - 7d52edcb-3f9e-4ee4-a19c-9fe49afe3f0d: shutdown group-C0D9DCAF0704
2019-09-19 16:47:00,135 [ForkJoinPool.commonPool-worker-0] INFO  util.JmxRegister (JmxRegister.java:unregister(73)) - Successfully un-registered JMX Bean with object name Ratis:service=RaftServer,group=group-C0D9DCAF0704,id=7d52edcb-3f9e-4ee4-a19c-9fe49afe3f0d
2019-09-19 16:47:00,135 [ForkJoinPool.commonPool-worker-0] INFO  impl.RoleInfo (RoleInfo.java:shutdownLeaderState(104)) - 7d52edcb-3f9e-4ee4-a19c-9fe49afe3f0d: shutdown LeaderState
2019-09-19 16:47:00,136 [ForkJoinPool.commonPool-worker-0] INFO  impl.PendingRequests (PendingRequests.java:sendNotLeaderResponses(202)) - 7d52edcb-3f9e-4ee4-a19c-9fe49afe3f0d-PendingRequests: sendNotLeaderResponses
2019-09-19 16:47:00,136 [ForkJoinPool.commonPool-worker-0] INFO  impl.StateMachineUpdater (StateMachineUpdater.java:stopAndJoin(115)) - StateMachineUpdater:7d52edcb-3f9e-4ee4-a19c-9fe49afe3f0d:group-C0D9DCAF0704: set stopIndex = 0
2019-09-19 16:47:00,136 [ForkJoinPool.commonPool-worker-0] INFO  impl.RaftServerImpl (ServerState.java:close(394)) - 7d52edcb-3f9e-4ee4-a19c-9fe49afe3f0d:group-C0D9DCAF0704 closes. The last applied log index is 0
2019-09-19 16:47:00,137 [7d52edcb-3f9e-4ee4-a19c-9fe49afe3f0d-SegmentedRaftLogWorker:Storage Directory /workdir/hadoop-ozone/ozonefs/target/test-dir/MiniOzoneClusterImpl-421e31d2-c7a4-426c-8bcc-062c99b824ca/datanode-2/data/ratis/3f641af9-9602-4c4d-834f-c0d9dcaf0704] INFO  segmented.SegmentedRaftLogWorker (SegmentedRaftLogWorker.java:run(313)) - 7d52edcb-3f9e-4ee4-a19c-9fe49afe3f0d-SegmentedRaftLogWorker:Storage Directory /workdir/hadoop-ozone/ozonefs/target/test-dir/MiniOzoneClusterImpl-421e31d2-c7a4-426c-8bcc-062c99b824ca/datanode-2/data/ratis/3f641af9-9602-4c4d-834f-c0d9dcaf0704 was interrupted, exiting. There are 0 tasks remaining in the queue.
2019-09-19 16:47:00,137 [ForkJoinPool.commonPool-worker-0] INFO  segmented.SegmentedRaftLogWorker (SegmentedRaftLogWorker.java:close(228)) - 7d52edcb-3f9e-4ee4-a19c-9fe49afe3f0d-SegmentedRaftLogWorker:Storage Directory /workdir/hadoop-ozone/ozonefs/target/test-dir/MiniOzoneClusterImpl-421e31d2-c7a4-426c-8bcc-062c99b824ca/datanode-2/data/ratis/3f641af9-9602-4c4d-834f-c0d9dcaf0704 close()
2019-09-19 16:47:00,138 [ForkJoinPool.commonPool-worker-0] INFO  impl.RaftServerImpl (RaftServerImpl.java:lambda$shutdown$3(245)) - 7d52edcb-3f9e-4ee4-a19c-9fe49afe3f0d: shutdown group-FF2ADE55C24C
2019-09-19 16:47:00,138 [ForkJoinPool.commonPool-worker-0] INFO  util.JmxRegister (JmxRegister.java:unregister(73)) - Successfully un-registered JMX Bean with object name Ratis:service=RaftServer,group=group-FF2ADE55C24C,id=7d52edcb-3f9e-4ee4-a19c-9fe49afe3f0d
2019-09-19 16:47:00,139 [ForkJoinPool.commonPool-worker-0] INFO  impl.RoleInfo (RoleInfo.java:shutdownLeaderState(104)) - 7d52edcb-3f9e-4ee4-a19c-9fe49afe3f0d: shutdown LeaderState
2019-09-19 16:47:00,139 [ForkJoinPool.commonPool-worker-0] INFO  impl.PendingRequests (PendingRequests.java:sendNotLeaderResponses(202)) - 7d52edcb-3f9e-4ee4-a19c-9fe49afe3f0d-PendingRequests: sendNotLeaderResponses
2019-09-19 16:47:00,139 [ForkJoinPool.commonPool-worker-0] INFO  impl.StateMachineUpdater (StateMachineUpdater.java:stopAndJoin(115)) - StateMachineUpdater:7d52edcb-3f9e-4ee4-a19c-9fe49afe3f0d:group-FF2ADE55C24C: set stopIndex = 0
2019-09-19 16:47:00,140 [ForkJoinPool.commonPool-worker-0] INFO  impl.RaftServerImpl (ServerState.java:close(394)) - 7d52edcb-3f9e-4ee4-a19c-9fe49afe3f0d:group-FF2ADE55C24C closes. The last applied log index is 0
2019-09-19 16:47:00,140 [7d52edcb-3f9e-4ee4-a19c-9fe49afe3f0d-SegmentedRaftLogWorker:Storage Directory /workdir/hadoop-ozone/ozonefs/target/test-dir/MiniOzoneClusterImpl-421e31d2-c7a4-426c-8bcc-062c99b824ca/datanode-2/data/ratis/72a68ef9-8e86-4eae-844b-ff2ade55c24c] INFO  segmented.SegmentedRaftLogWorker (SegmentedRaftLogWorker.java:run(313)) - 7d52edcb-3f9e-4ee4-a19c-9fe49afe3f0d-SegmentedRaftLogWorker:Storage Directory /workdir/hadoop-ozone/ozonefs/target/test-dir/MiniOzoneClusterImpl-421e31d2-c7a4-426c-8bcc-062c99b824ca/datanode-2/data/ratis/72a68ef9-8e86-4eae-844b-ff2ade55c24c was interrupted, exiting. There are 0 tasks remaining in the queue.
2019-09-19 16:47:00,140 [ForkJoinPool.commonPool-worker-0] INFO  segmented.SegmentedRaftLogWorker (SegmentedRaftLogWorker.java:close(228)) - 7d52edcb-3f9e-4ee4-a19c-9fe49afe3f0d-SegmentedRaftLogWorker:Storage Directory /workdir/hadoop-ozone/ozonefs/target/test-dir/MiniOzoneClusterImpl-421e31d2-c7a4-426c-8bcc-062c99b824ca/datanode-2/data/ratis/72a68ef9-8e86-4eae-844b-ff2ade55c24c close()
2019-09-19 16:47:00,142 [ForkJoinPool.commonPool-worker-0] INFO  server.GrpcService (GrpcService.java:closeImpl(155)) - 7d52edcb-3f9e-4ee4-a19c-9fe49afe3f0d: shutdown server with port 35489 now
2019-09-19 16:47:00,143 [ForkJoinPool.commonPool-worker-0] INFO  server.GrpcService (GrpcService.java:closeImpl(163)) - 7d52edcb-3f9e-4ee4-a19c-9fe49afe3f0d: shutdown server with port 35489 successfully
2019-09-19 16:47:00,150 [ForkJoinPool.commonPool-worker-0] INFO  utils.BackgroundService (BackgroundService.java:shutdown(148)) - Shutting down service BlockDeletingService
2019-09-19 16:47:00,152 [refreshUsed-/workdir/hadoop-ozone/ozonefs/target/test-dir/MiniOzoneClusterImpl-421e31d2-c7a4-426c-8bcc-062c99b824ca/datanode-2/data/containers] WARN  fs.CachingGetSpaceUsed (CachingGetSpaceUsed.java:run(183)) - Thread Interrupted waiting to refresh disk information: sleep interrupted
2019-09-19 16:47:00,179 [ForkJoinPool.commonPool-worker-0] INFO  statemachine.DatanodeStateMachine (DatanodeStateMachine.java:stopDaemon(395)) - Ozone container server stopped.
2019-09-19 16:47:00,182 [ForkJoinPool.commonPool-worker-0] INFO  handler.ContextHandler (ContextHandler.java:doStop(910)) - Stopped o.e.j.w.WebAppContext@391d6e87{/,null,UNAVAILABLE}{/hddsDatanode}
2019-09-19 16:47:00,182 [ForkJoinPool.commonPool-worker-0] INFO  server.AbstractConnector (AbstractConnector.java:doStop(318)) - Stopped ServerConnector@d8e2a95{HTTP/1.1,[http/1.1]}{0.0.0.0:0}
2019-09-19 16:47:00,183 [ForkJoinPool.commonPool-worker-0] INFO  handler.ContextHandler (ContextHandler.java:doStop(910)) - Stopped o.e.j.s.ServletContextHandler@632b2028{/static,jar:file:/home/user/.m2/repository/org/apache/hadoop/hadoop-hdds-container-service/0.5.0-SNAPSHOT/hadoop-hdds-container-service-0.5.0-SNAPSHOT.jar!/webapps/static,UNAVAILABLE}
2019-09-19 16:47:00,184 [ForkJoinPool.commonPool-worker-0] INFO  handler.ContextHandler (ContextHandler.java:doStop(910)) - Stopped o.e.j.s.ServletContextHandler@7baf55bb{/logs,file:///workdir/hadoop-ozone/ozonefs/target/log,UNAVAILABLE}
2019-09-19 16:47:00,185 [Thread-796] INFO  ozone.MiniOzoneClusterImpl (MiniOzoneClusterImpl.java:stop(353)) - Stopping the StorageContainerManager
2019-09-19 16:47:00,185 [Thread-796] INFO  server.StorageContainerManager (StorageContainerManager.java:stop(797)) - Stopping Replication Manager Service.
2019-09-19 16:47:00,186 [Thread-796] INFO  container.ReplicationManager (ReplicationManager.java:stop(192)) - Stopping Replication Monitor Thread.
2019-09-19 16:47:00,186 [Thread-796] INFO  server.StorageContainerManager (StorageContainerManager.java:stop(804)) - Stopping Lease Manager of the command watchers
2019-09-19 16:47:00,186 [Thread-796] INFO  server.StorageContainerManager (StorageContainerManager.java:stop(811)) - Stopping datanode service RPC server
2019-09-19 16:47:00,186 [Thread-796] INFO  server.SCMDatanodeProtocolServer (SCMDatanodeProtocolServer.java:stop(367)) - Stopping the RPC server for DataNodes
2019-09-19 16:47:00,186 [Thread-796] INFO  ipc.Server (Server.java:stop(3082)) - Stopping server on 41375
2019-09-19 16:47:00,188 [IPC Server listener on 41375] INFO  ipc.Server (Server.java:run(1185)) - Stopping IPC Server listener on 41375
2019-09-19 16:47:00,189 [IPC Server Responder] INFO  ipc.Server (Server.java:run(1319)) - Stopping IPC Server Responder
2019-09-19 16:47:00,288 [SCM Heartbeat Processing Thread - 0] WARN  node.NodeStateManager (NodeStateManager.java:scheduleNextHealthCheck(655)) - Current Thread is interrupted, shutting down HB processing thread for Node Manager.
2019-09-19 16:47:00,289 [Thread-796] INFO  server.StorageContainerManager (StorageContainerManager.java:stop(819)) - Stopping block service RPC server
2019-09-19 16:47:00,289 [Thread-796] INFO  server.SCMBlockProtocolServer (SCMBlockProtocolServer.java:stop(148)) - Stopping the RPC server for Block Protocol
2019-09-19 16:47:00,289 [Thread-796] INFO  ipc.Server (Server.java:stop(3082)) - Stopping server on 39220
2019-09-19 16:47:00,291 [Thread-796] INFO  server.StorageContainerManager (StorageContainerManager.java:stop(826)) - Stopping the StorageContainerLocationProtocol RPC server
2019-09-19 16:47:00,291 [Thread-796] INFO  server.SCMClientProtocolServer (SCMClientProtocolServer.java:stop(159)) - Stopping the RPC server for Client Protocol
2019-09-19 16:47:00,291 [Thread-796] INFO  ipc.Server (Server.java:stop(3082)) - Stopping server on 41223
2019-09-19 16:47:00,291 [IPC Server Responder] INFO  ipc.Server (Server.java:run(1319)) - Stopping IPC Server Responder
2019-09-19 16:47:00,292 [IPC Server listener on 39220] INFO  ipc.Server (Server.java:run(1185)) - Stopping IPC Server listener on 39220
2019-09-19 16:47:00,293 [Thread-796] INFO  server.StorageContainerManager (StorageContainerManager.java:stop(833)) - Stopping Storage Container Manager HTTP server.
2019-09-19 16:47:00,293 [IPC Server listener on 41223] INFO  ipc.Server (Server.java:run(1185)) - Stopping IPC Server listener on 41223
2019-09-19 16:47:00,295 [IPC Server Responder] INFO  ipc.Server (Server.java:run(1319)) - Stopping IPC Server Responder
2019-09-19 16:47:00,298 [Thread-796] INFO  handler.ContextHandler (ContextHandler.java:doStop(910)) - Stopped o.e.j.w.WebAppContext@f94b3e6{/,null,UNAVAILABLE}{/scm}
2019-09-19 16:47:00,300 [Thread-796] INFO  server.AbstractConnector (AbstractConnector.java:doStop(318)) - Stopped ServerConnector@58ff8d7a{HTTP/1.1,[http/1.1]}{0.0.0.0:0}
2019-09-19 16:47:00,300 [Thread-796] INFO  handler.ContextHandler (ContextHandler.java:doStop(910)) - Stopped o.e.j.s.ServletContextHandler@7ff52432{/static,jar:file:/home/user/.m2/repository/org/apache/hadoop/hadoop-hdds-server-scm/0.5.0-SNAPSHOT/hadoop-hdds-server-scm-0.5.0-SNAPSHOT.jar!/webapps/static,UNAVAILABLE}
2019-09-19 16:47:00,300 [Thread-796] INFO  handler.ContextHandler (ContextHandler.java:doStop(910)) - Stopped o.e.j.s.ServletContextHandler@4f638d2b{/logs,file:///workdir/hadoop-ozone/ozonefs/target/log,UNAVAILABLE}
2019-09-19 16:47:00,302 [Thread-796] INFO  server.StorageContainerManager (StorageContainerManager.java:stop(844)) - Stopping Block Manager Service.
2019-09-19 16:47:00,302 [Thread-796] INFO  utils.BackgroundService (BackgroundService.java:shutdown(148)) - Shutting down service SCMBlockDeletingService
2019-09-19 16:47:00,303 [Thread-796] INFO  utils.BackgroundService (BackgroundService.java:shutdown(148)) - Shutting down service SCMBlockDeletingService
2019-09-19 16:47:00,303 [Thread-796] INFO  server.StorageContainerManager (StorageContainerManager.java:stop(866)) - Stopping SCM Event Queue.
2019-09-19 16:47:00,307 [Thread-796] INFO  impl.MetricsSystemImpl (MetricsSystemImpl.java:stop(210)) - Stopping HddsDatanode metrics system...
2019-09-19 16:47:00,321 [Thread-796] INFO  impl.MetricsSystemImpl (MetricsSystemImpl.java:stop(216)) - HddsDatanode metrics system stopped.
]]></system-out>
    <system-err><![CDATA[Sep 19, 2019 4:46:44 PM com.sun.jersey.server.impl.application.WebApplicationImpl _initiate
INFO: Initiating Jersey application, version 'Jersey: 1.19 02/11/2015 03:25 AM'
Sep 19, 2019 4:46:44 PM com.sun.jersey.server.impl.application.WebApplicationImpl _initiate
INFO: Initiating Jersey application, version 'Jersey: 1.19 02/11/2015 03:25 AM'
Sep 19, 2019 4:46:44 PM com.sun.jersey.server.impl.application.WebApplicationImpl _initiate
INFO: Initiating Jersey application, version 'Jersey: 1.19 02/11/2015 03:25 AM'
Sep 19, 2019 4:46:49 PM com.sun.jersey.server.impl.application.WebApplicationImpl _initiate
INFO: Initiating Jersey application, version 'Jersey: 1.19 02/11/2015 03:25 AM'
]]></system-err>
  </testcase>
  <testcase name="testCreateDoesNotAddParentDirKeys" classname="org.apache.hadoop.fs.ozone.TestOzoneFileSystem" time="17.583">
    <error message="Allocated 0 blocks. Requested 1 blocks" type="INTERNAL_ERROR org.apache.hadoop.ozone.om.exceptions.OMException">INTERNAL_ERROR org.apache.hadoop.ozone.om.exceptions.OMException: Allocated 0 blocks. Requested 1 blocks
	at org.apache.hadoop.ozone.om.protocolPB.OzoneManagerProtocolClientSideTranslatorPB.handleError(OzoneManagerProtocolClientSideTranslatorPB.java:725)
	at org.apache.hadoop.ozone.om.protocolPB.OzoneManagerProtocolClientSideTranslatorPB.createFile(OzoneManagerProtocolClientSideTranslatorPB.java:1474)
	at org.apache.hadoop.ozone.client.rpc.RpcClient.createFile(RpcClient.java:984)
	at org.apache.hadoop.ozone.client.OzoneBucket.createFile(OzoneBucket.java:535)
	at org.apache.hadoop.fs.ozone.BasicOzoneClientAdapterImpl.createFile(BasicOzoneClientAdapterImpl.java:181)
	at org.apache.hadoop.fs.ozone.BasicOzoneFileSystem.createOutputStream(BasicOzoneFileSystem.java:249)
	at org.apache.hadoop.fs.ozone.BasicOzoneFileSystem.create(BasicOzoneFileSystem.java:230)
	at org.apache.hadoop.fs.FileSystem.create(FileSystem.java:1118)
	at org.apache.hadoop.fs.FileSystem.create(FileSystem.java:1098)
	at org.apache.hadoop.fs.FileSystem.create(FileSystem.java:987)
	at org.apache.hadoop.fs.contract.ContractTestUtils.createFile(ContractTestUtils.java:633)
	at org.apache.hadoop.fs.contract.ContractTestUtils.touch(ContractTestUtils.java:669)
	at org.apache.hadoop.fs.ozone.TestOzoneFileSystem.testCreateDoesNotAddParentDirKeys(TestOzoneFileSystem.java:130)
	at sun.reflect.NativeMethodAccessorImpl.invoke0(Native Method)
	at sun.reflect.NativeMethodAccessorImpl.invoke(NativeMethodAccessorImpl.java:62)
	at sun.reflect.DelegatingMethodAccessorImpl.invoke(DelegatingMethodAccessorImpl.java:43)
	at java.lang.reflect.Method.invoke(Method.java:498)
	at org.junit.runners.model.FrameworkMethod$1.runReflectiveCall(FrameworkMethod.java:47)
	at org.junit.internal.runners.model.ReflectiveCallable.run(ReflectiveCallable.java:12)
	at org.junit.runners.model.FrameworkMethod.invokeExplosively(FrameworkMethod.java:44)
	at org.junit.internal.runners.statements.InvokeMethod.evaluate(InvokeMethod.java:17)
	at org.junit.internal.runners.statements.RunBefores.evaluate(RunBefores.java:26)
	at org.junit.internal.runners.statements.RunAfters.evaluate(RunAfters.java:27)
	at org.junit.internal.runners.statements.FailOnTimeout$StatementThread.run(FailOnTimeout.java:74)
</error>
    <system-out><![CDATA[2019-09-19 16:47:00,375 [Thread-1062] WARN  server.ServerUtils (ServerUtils.java:getScmDbDir(145)) - ozone.scm.db.dirs is not configured. We recommend adding this setting. Falling back to ozone.metadata.dirs instead.
2019-09-19 16:47:00,399 [Thread-1062] WARN  server.ServerUtils (ServerUtils.java:getScmDbDir(145)) - ozone.scm.db.dirs is not configured. We recommend adding this setting. Falling back to ozone.metadata.dirs instead.
2019-09-19 16:47:00,399 [Thread-1062] WARN  server.ServerUtils (ServerUtils.java:getScmDbDir(145)) - ozone.scm.db.dirs is not configured. We recommend adding this setting. Falling back to ozone.metadata.dirs instead.
2019-09-19 16:47:00,400 [Thread-1062] INFO  db.DBStoreBuilder (DBStoreBuilder.java:addTable(110)) - using custom profile for table: deletedBlocks
2019-09-19 16:47:00,400 [Thread-1062] INFO  db.DBStoreBuilder (DBStoreBuilder.java:processTables(161)) - Using default column profile:DBProfile.DISK for Table:deletedBlocks
2019-09-19 16:47:00,400 [Thread-1062] INFO  db.DBStoreBuilder (DBStoreBuilder.java:addTable(110)) - using custom profile for table: validCerts
2019-09-19 16:47:00,401 [Thread-1062] INFO  db.DBStoreBuilder (DBStoreBuilder.java:processTables(161)) - Using default column profile:DBProfile.DISK for Table:validCerts
2019-09-19 16:47:00,401 [Thread-1062] INFO  db.DBStoreBuilder (DBStoreBuilder.java:addTable(110)) - using custom profile for table: revokedCerts
2019-09-19 16:47:00,401 [Thread-1062] INFO  db.DBStoreBuilder (DBStoreBuilder.java:processTables(161)) - Using default column profile:DBProfile.DISK for Table:revokedCerts
2019-09-19 16:47:00,401 [Thread-1062] INFO  db.DBStoreBuilder (DBStoreBuilder.java:addTable(110)) - using custom profile for table: default
2019-09-19 16:47:00,402 [Thread-1062] INFO  db.DBStoreBuilder (DBStoreBuilder.java:processTables(167)) - Using default column profile:DBProfile.DISK for Table:default
2019-09-19 16:47:00,402 [Thread-1062] INFO  db.DBStoreBuilder (DBStoreBuilder.java:getDbProfile(198)) - Using default options. DBProfile.DISK
2019-09-19 16:47:00,606 [Thread-1062] INFO  net.NodeSchemaLoader (NodeSchemaLoader.java:loadSchemaFromFile(125)) - Loading file from sun.misc.CompoundEnumeration@4e6903eb
2019-09-19 16:47:00,606 [Thread-1062] INFO  net.NodeSchemaLoader (NodeSchemaLoader.java:loadSchema(171)) - Loading network topology layer schema file
2019-09-19 16:47:00,612 [Thread-1062] WARN  server.ServerUtils (ServerUtils.java:sanitizeUserArgs(70)) - ozone.scm.stale.node.interval value = 300000 is larger than max = 100000 based on the key value of ozone.scm.heartbeat.thread.interval, reset to the max value 100000.
2019-09-19 16:47:00,612 [Thread-1062] WARN  server.ServerUtils (ServerUtils.java:sanitizeUserArgs(70)) - ozone.scm.stale.node.interval value = 300000 is larger than max = 100000 based on the key value of ozone.scm.heartbeat.thread.interval, reset to the max value 100000.
2019-09-19 16:47:00,613 [Thread-1062] INFO  node.SCMNodeManager (SCMNodeManager.java:<init>(121)) - Entering startup safe mode.
2019-09-19 16:47:00,613 [Thread-1062] INFO  algorithms.ContainerPlacementPolicyFactory (ContainerPlacementPolicyFactory.java:getPolicy(56)) - Create container placement policy of type org.apache.hadoop.hdds.scm.container.placement.algorithms.SCMContainerPlacementRandom
2019-09-19 16:47:00,614 [Thread-1062] WARN  server.ServerUtils (ServerUtils.java:getScmDbDir(145)) - ozone.scm.db.dirs is not configured. We recommend adding this setting. Falling back to ozone.metadata.dirs instead.
2019-09-19 16:47:00,664 [Thread-1062] INFO  pipeline.SCMPipelineManager (SCMPipelineManager.java:initializePipelineState(126)) - No pipeline exists in current db
2019-09-19 16:47:00,664 [Thread-1062] WARN  server.ServerUtils (ServerUtils.java:getScmDbDir(145)) - ozone.scm.db.dirs is not configured. We recommend adding this setting. Falling back to ozone.metadata.dirs instead.
2019-09-19 16:47:00,703 [Thread-1062] WARN  events.EventQueue (EventQueue.java:fireEvent(175)) - No event handler registered for event TypedEvent{payloadType=SafeModeStatus, name='SafeModeStatus'}
2019-09-19 16:47:00,704 [Thread-1062] INFO  ipc.CallQueueManager (CallQueueManager.java:<init>(84)) - Using callQueue: class java.util.concurrent.LinkedBlockingQueue, queueCapacity: 2000, scheduler: class org.apache.hadoop.ipc.DefaultRpcScheduler, ipcBackoff: false.
2019-09-19 16:47:00,705 [Socket Reader #1 for port 39918] INFO  ipc.Server (Server.java:run(1074)) - Starting Socket Reader #1 for port 39918
2019-09-19 16:47:00,708 [Thread-1062] INFO  ipc.CallQueueManager (CallQueueManager.java:<init>(84)) - Using callQueue: class java.util.concurrent.LinkedBlockingQueue, queueCapacity: 2000, scheduler: class org.apache.hadoop.ipc.DefaultRpcScheduler, ipcBackoff: false.
2019-09-19 16:47:00,709 [Socket Reader #1 for port 42824] INFO  ipc.Server (Server.java:run(1074)) - Starting Socket Reader #1 for port 42824
2019-09-19 16:47:00,711 [Thread-1062] INFO  ipc.CallQueueManager (CallQueueManager.java:<init>(84)) - Using callQueue: class java.util.concurrent.LinkedBlockingQueue, queueCapacity: 2000, scheduler: class org.apache.hadoop.ipc.DefaultRpcScheduler, ipcBackoff: false.
2019-09-19 16:47:00,711 [Socket Reader #1 for port 41425] INFO  ipc.Server (Server.java:run(1074)) - Starting Socket Reader #1 for port 41425
2019-09-19 16:47:00,716 [Thread-1062] INFO  hdfs.DFSUtil (DFSUtil.java:httpServerTemplateForNNAndJN(1641)) - Starting Web-server for scm at: http://0.0.0.0:0
2019-09-19 16:47:00,720 [Thread-1062] INFO  server.AuthenticationFilter (AuthenticationFilter.java:constructSecretProvider(240)) - Unable to initialize FileSignerSecretProvider, falling back to use random secrets.
2019-09-19 16:47:00,721 [Thread-1062] WARN  http.HttpRequestLog (HttpRequestLog.java:getRequestLog(97)) - Jetty request log can only be enabled using Log4j
2019-09-19 16:47:00,724 [Thread-1062] INFO  http.HttpServer2 (HttpServer2.java:addGlobalFilter(975)) - Added global filter 'safety' (class=org.apache.hadoop.http.HttpServer2$QuotingInputFilter)
2019-09-19 16:47:00,725 [Thread-1062] INFO  http.HttpServer2 (HttpServer2.java:addFilter(948)) - Added filter static_user_filter (class=org.apache.hadoop.http.lib.StaticUserWebFilter$StaticUserFilter) to context scm
2019-09-19 16:47:00,726 [Thread-1062] INFO  http.HttpServer2 (HttpServer2.java:addFilter(958)) - Added filter static_user_filter (class=org.apache.hadoop.http.lib.StaticUserWebFilter$StaticUserFilter) to context static
2019-09-19 16:47:00,726 [Thread-1062] INFO  http.HttpServer2 (HttpServer2.java:addFilter(958)) - Added filter static_user_filter (class=org.apache.hadoop.http.lib.StaticUserWebFilter$StaticUserFilter) to context logs
2019-09-19 16:47:00,729 [Thread-1062] INFO  server.StorageContainerManager (StorageContainerManager.java:start(759)) - StorageContainerLocationProtocol RPC server is listening at /0.0.0.0:41425
2019-09-19 16:47:00,732 [Thread-1062] WARN  impl.MetricsConfig (MetricsConfig.java:loadFirst(134)) - Cannot locate configuration: tried hadoop-metrics2-storagecontainermanager.properties,hadoop-metrics2.properties
2019-09-19 16:47:00,734 [Thread-1062] INFO  impl.MetricsSystemImpl (MetricsSystemImpl.java:startTimer(374)) - Scheduled Metric snapshot period at 10 second(s).
2019-09-19 16:47:00,734 [Thread-1062] INFO  impl.MetricsSystemImpl (MetricsSystemImpl.java:start(191)) - StorageContainerManager metrics system started
2019-09-19 16:47:01,086 [Thread-1062] INFO  server.SCMClientProtocolServer (SCMClientProtocolServer.java:start(151)) - RPC server for Client  is listening at /0.0.0.0:41425
2019-09-19 16:47:01,087 [IPC Server Responder] INFO  ipc.Server (Server.java:run(1314)) - IPC Server Responder: starting
2019-09-19 16:47:01,087 [IPC Server listener on 41425] INFO  ipc.Server (Server.java:run(1153)) - IPC Server listener on 41425: starting
2019-09-19 16:47:01,091 [Thread-1062] INFO  server.StorageContainerManager (StorageContainerManager.java:start(769)) - ScmBlockLocationProtocol RPC server is listening at /0.0.0.0:42824
2019-09-19 16:47:01,091 [Thread-1062] INFO  server.SCMBlockProtocolServer (SCMBlockProtocolServer.java:start(140)) - RPC server for Block Protocol is listening at /0.0.0.0:42824
2019-09-19 16:47:01,092 [IPC Server Responder] INFO  ipc.Server (Server.java:run(1314)) - IPC Server Responder: starting
2019-09-19 16:47:01,092 [IPC Server listener on 42824] INFO  ipc.Server (Server.java:run(1153)) - IPC Server listener on 42824: starting
2019-09-19 16:47:01,096 [Thread-1062] INFO  server.StorageContainerManager (StorageContainerManager.java:start(773)) - ScmDatanodeProtocl RPC server is listening at /0.0.0.0:39918
2019-09-19 16:47:01,096 [Thread-1062] INFO  server.SCMDatanodeProtocolServer (SCMDatanodeProtocolServer.java:start(191)) - RPC server for DataNodes is listening at /0.0.0.0:39918
2019-09-19 16:47:01,097 [IPC Server Responder] INFO  ipc.Server (Server.java:run(1314)) - IPC Server Responder: starting
2019-09-19 16:47:01,097 [IPC Server listener on 39918] INFO  ipc.Server (Server.java:run(1153)) - IPC Server listener on 39918: starting
2019-09-19 16:47:01,101 [Thread-1062] INFO  http.HttpServer2 (HttpServer2.java:bindListener(1191)) - Jetty bound to port 32994
2019-09-19 16:47:01,101 [Thread-1062] INFO  server.Server (Server.java:doStart(351)) - jetty-9.3.24.v20180605, build timestamp: 2018-06-05T17:11:56Z, git hash: 84205aa28f11a4f31f2a3b86d1bba2cc8ab69827
2019-09-19 16:47:01,103 [Thread-1062] INFO  handler.ContextHandler (ContextHandler.java:doStart(781)) - Started o.e.j.s.ServletContextHandler@313f5f14{/logs,file:///workdir/hadoop-ozone/ozonefs/target/log,AVAILABLE}
2019-09-19 16:47:01,104 [Thread-1062] INFO  handler.ContextHandler (ContextHandler.java:doStart(781)) - Started o.e.j.s.ServletContextHandler@7336e6d2{/static,jar:file:/home/user/.m2/repository/org/apache/hadoop/hadoop-hdds-server-scm/0.5.0-SNAPSHOT/hadoop-hdds-server-scm-0.5.0-SNAPSHOT.jar!/webapps/static,AVAILABLE}
2019-09-19 16:47:01,159 [Thread-1062] INFO  handler.ContextHandler (ContextHandler.java:doStart(781)) - Started o.e.j.w.WebAppContext@529628a8{/,file:///tmp/jetty-0.0.0.0-32994-scm-_-any-240818732212976583.dir/webapp/,AVAILABLE}{/scm}
2019-09-19 16:47:01,160 [Thread-1062] INFO  server.AbstractConnector (AbstractConnector.java:doStart(278)) - Started ServerConnector@444bc976{HTTP/1.1,[http/1.1]}{0.0.0.0:32994}
2019-09-19 16:47:01,162 [Thread-1062] INFO  server.Server (Server.java:doStart(419)) - Started @77769ms
2019-09-19 16:47:01,163 [Thread-1062] INFO  server.BaseHttpServer (BaseHttpServer.java:updateConnectorAddress(213)) - HTTP server of SCM is listening at http://0.0.0.0:32994
2019-09-19 16:47:01,163 [Thread-1062] WARN  server.ServerUtils (ServerUtils.java:getDBPath(222)) - ozone.om.db.dirs is not configured. We recommend adding this setting. Falling back to ozone.metadata.dirs instead.
2019-09-19 16:47:01,165 [org.apache.hadoop.util.JvmPauseMonitor$Monitor@547e6ca8] INFO  util.JvmPauseMonitor (JvmPauseMonitor.java:run(188)) - Starting JVM pause monitor
2019-09-19 16:47:01,179 [Thread-1062] WARN  server.ServerUtils (ServerUtils.java:getDBPath(222)) - ozone.om.db.dirs is not configured. We recommend adding this setting. Falling back to ozone.metadata.dirs instead.
2019-09-19 16:47:01,179 [Thread-1062] WARN  server.ServerUtils (ServerUtils.java:getDBPath(222)) - ozone.om.db.dirs is not configured. We recommend adding this setting. Falling back to ozone.metadata.dirs instead.
2019-09-19 16:47:01,179 [Thread-1062] INFO  om.OzoneManager (OzoneManager.java:setOMNodeDetails(645)) - OM Service ID is not set. Setting it to the default ID: omServiceIdDefault
2019-09-19 16:47:01,179 [Thread-1062] INFO  om.OzoneManager (OzoneManager.java:setOMNodeDetails(651)) - OM Node ID is not set. Setting it to the OmStorage's OmID: 9e2f9537-ae2e-46c1-ac41-d9b08c277e03
2019-09-19 16:47:01,179 [Thread-1062] INFO  om.OzoneManager (OzoneManager.java:loadOMHAConfigs(602)) - Found matching OM address with OMServiceId: null, OMNodeId: null, RPC Address: localhost:0 and Ratis port: 9872
2019-09-19 16:47:01,184 | INFO  | SCMAudit | user=jenkins1000 | ip=192.168.157.226 | op=GET_SCM_INFO null | ret=SUCCESS |  
2019-09-19 16:47:01,186 [Thread-1062] WARN  server.ServerUtils (ServerUtils.java:getDBPath(222)) - ozone.om.db.dirs is not configured. We recommend adding this setting. Falling back to ozone.metadata.dirs instead.
2019-09-19 16:47:01,186 [Thread-1062] INFO  db.DBStoreBuilder (DBStoreBuilder.java:addTable(110)) - using custom profile for table: userTable
2019-09-19 16:47:01,186 [Thread-1062] INFO  db.DBStoreBuilder (DBStoreBuilder.java:processTables(161)) - Using default column profile:DBProfile.DISK for Table:userTable
2019-09-19 16:47:01,186 [Thread-1062] INFO  db.DBStoreBuilder (DBStoreBuilder.java:addTable(110)) - using custom profile for table: volumeTable
2019-09-19 16:47:01,186 [Thread-1062] INFO  db.DBStoreBuilder (DBStoreBuilder.java:processTables(161)) - Using default column profile:DBProfile.DISK for Table:volumeTable
2019-09-19 16:47:01,187 [Thread-1062] INFO  db.DBStoreBuilder (DBStoreBuilder.java:addTable(110)) - using custom profile for table: bucketTable
2019-09-19 16:47:01,187 [Thread-1062] INFO  db.DBStoreBuilder (DBStoreBuilder.java:processTables(161)) - Using default column profile:DBProfile.DISK for Table:bucketTable
2019-09-19 16:47:01,187 [Thread-1062] INFO  db.DBStoreBuilder (DBStoreBuilder.java:addTable(110)) - using custom profile for table: keyTable
2019-09-19 16:47:01,187 [Thread-1062] INFO  db.DBStoreBuilder (DBStoreBuilder.java:processTables(161)) - Using default column profile:DBProfile.DISK for Table:keyTable
2019-09-19 16:47:01,187 [Thread-1062] INFO  db.DBStoreBuilder (DBStoreBuilder.java:addTable(110)) - using custom profile for table: deletedTable
2019-09-19 16:47:01,187 [Thread-1062] INFO  db.DBStoreBuilder (DBStoreBuilder.java:processTables(161)) - Using default column profile:DBProfile.DISK for Table:deletedTable
2019-09-19 16:47:01,187 [Thread-1062] INFO  db.DBStoreBuilder (DBStoreBuilder.java:addTable(110)) - using custom profile for table: openKeyTable
2019-09-19 16:47:01,187 [Thread-1062] INFO  db.DBStoreBuilder (DBStoreBuilder.java:processTables(161)) - Using default column profile:DBProfile.DISK for Table:openKeyTable
2019-09-19 16:47:01,188 [Thread-1062] INFO  db.DBStoreBuilder (DBStoreBuilder.java:addTable(110)) - using custom profile for table: s3Table
2019-09-19 16:47:01,188 [Thread-1062] INFO  db.DBStoreBuilder (DBStoreBuilder.java:processTables(161)) - Using default column profile:DBProfile.DISK for Table:s3Table
2019-09-19 16:47:01,188 [Thread-1062] INFO  db.DBStoreBuilder (DBStoreBuilder.java:addTable(110)) - using custom profile for table: multipartInfoTable
2019-09-19 16:47:01,188 [Thread-1062] INFO  db.DBStoreBuilder (DBStoreBuilder.java:processTables(161)) - Using default column profile:DBProfile.DISK for Table:multipartInfoTable
2019-09-19 16:47:01,188 [Thread-1062] INFO  db.DBStoreBuilder (DBStoreBuilder.java:addTable(110)) - using custom profile for table: dTokenTable
2019-09-19 16:47:01,188 [Thread-1062] INFO  db.DBStoreBuilder (DBStoreBuilder.java:processTables(161)) - Using default column profile:DBProfile.DISK for Table:dTokenTable
2019-09-19 16:47:01,188 [Thread-1062] INFO  db.DBStoreBuilder (DBStoreBuilder.java:addTable(110)) - using custom profile for table: s3SecretTable
2019-09-19 16:47:01,189 [Thread-1062] INFO  db.DBStoreBuilder (DBStoreBuilder.java:processTables(161)) - Using default column profile:DBProfile.DISK for Table:s3SecretTable
2019-09-19 16:47:01,189 [Thread-1062] INFO  db.DBStoreBuilder (DBStoreBuilder.java:addTable(110)) - using custom profile for table: prefixTable
2019-09-19 16:47:01,189 [Thread-1062] INFO  db.DBStoreBuilder (DBStoreBuilder.java:processTables(161)) - Using default column profile:DBProfile.DISK for Table:prefixTable
2019-09-19 16:47:01,189 [Thread-1062] INFO  db.DBStoreBuilder (DBStoreBuilder.java:addTable(110)) - using custom profile for table: default
2019-09-19 16:47:01,189 [Thread-1062] INFO  db.DBStoreBuilder (DBStoreBuilder.java:processTables(167)) - Using default column profile:DBProfile.DISK for Table:default
2019-09-19 16:47:01,189 [Thread-1062] INFO  db.DBStoreBuilder (DBStoreBuilder.java:getDbProfile(198)) - Using default options. DBProfile.DISK
2019-09-19 16:47:01,775 [Thread-1062] INFO  ipc.CallQueueManager (CallQueueManager.java:<init>(84)) - Using callQueue: class java.util.concurrent.LinkedBlockingQueue, queueCapacity: 2000, scheduler: class org.apache.hadoop.ipc.DefaultRpcScheduler, ipcBackoff: false.
2019-09-19 16:47:01,776 [Socket Reader #1 for port 43536] INFO  ipc.Server (Server.java:run(1074)) - Starting Socket Reader #1 for port 43536
2019-09-19 16:47:01,806 [Thread-1062] INFO  om.OzoneManager (OzoneManager.java:start(1256)) - OzoneManager RPC server is listening at localhost/127.0.0.1:43536
2019-09-19 16:47:01,806 [Thread-1062] INFO  impl.MetricsSystemImpl (MetricsSystemImpl.java:init(158)) - OzoneManager metrics system started (again)
2019-09-19 16:47:01,807 [IPC Server Responder] INFO  ipc.Server (Server.java:run(1314)) - IPC Server Responder: starting
2019-09-19 16:47:01,807 [IPC Server listener on 43536] INFO  ipc.Server (Server.java:run(1153)) - IPC Server listener on 43536: starting
2019-09-19 16:47:01,813 [Thread-1062] INFO  hdfs.DFSUtil (DFSUtil.java:httpServerTemplateForNNAndJN(1641)) - Starting Web-server for ozoneManager at: http://0.0.0.0:0
2019-09-19 16:47:01,815 [Thread-1062] INFO  server.AuthenticationFilter (AuthenticationFilter.java:constructSecretProvider(240)) - Unable to initialize FileSignerSecretProvider, falling back to use random secrets.
2019-09-19 16:47:01,816 [Thread-1062] WARN  http.HttpRequestLog (HttpRequestLog.java:getRequestLog(97)) - Jetty request log can only be enabled using Log4j
2019-09-19 16:47:01,818 [Thread-1062] INFO  http.HttpServer2 (HttpServer2.java:addGlobalFilter(975)) - Added global filter 'safety' (class=org.apache.hadoop.http.HttpServer2$QuotingInputFilter)
2019-09-19 16:47:01,819 [Thread-1062] INFO  http.HttpServer2 (HttpServer2.java:addFilter(948)) - Added filter static_user_filter (class=org.apache.hadoop.http.lib.StaticUserWebFilter$StaticUserFilter) to context ozoneManager
2019-09-19 16:47:01,819 [Thread-1062] INFO  http.HttpServer2 (HttpServer2.java:addFilter(958)) - Added filter static_user_filter (class=org.apache.hadoop.http.lib.StaticUserWebFilter$StaticUserFilter) to context static
2019-09-19 16:47:01,819 [Thread-1062] INFO  http.HttpServer2 (HttpServer2.java:addFilter(958)) - Added filter static_user_filter (class=org.apache.hadoop.http.lib.StaticUserWebFilter$StaticUserFilter) to context logs
2019-09-19 16:47:01,820 [Thread-1062] INFO  http.HttpServer2 (HttpServer2.java:bindListener(1191)) - Jetty bound to port 42835
2019-09-19 16:47:01,820 [Thread-1062] INFO  server.Server (Server.java:doStart(351)) - jetty-9.3.24.v20180605, build timestamp: 2018-06-05T17:11:56Z, git hash: 84205aa28f11a4f31f2a3b86d1bba2cc8ab69827
2019-09-19 16:47:01,823 [Thread-1062] INFO  handler.ContextHandler (ContextHandler.java:doStart(781)) - Started o.e.j.s.ServletContextHandler@259599de{/logs,file:///workdir/hadoop-ozone/ozonefs/target/log,AVAILABLE}
2019-09-19 16:47:01,823 [Thread-1062] INFO  handler.ContextHandler (ContextHandler.java:doStart(781)) - Started o.e.j.s.ServletContextHandler@5144f6f1{/static,jar:file:/home/user/.m2/repository/org/apache/hadoop/hadoop-ozone-ozone-manager/0.5.0-SNAPSHOT/hadoop-ozone-ozone-manager-0.5.0-SNAPSHOT.jar!/webapps/static,AVAILABLE}
2019-09-19 16:47:01,876 [Thread-1062] INFO  handler.ContextHandler (ContextHandler.java:doStart(781)) - Started o.e.j.w.WebAppContext@7f5597fb{/,file:///tmp/jetty-0.0.0.0-42835-ozoneManager-_-any-970569021624670769.dir/webapp/,AVAILABLE}{/ozoneManager}
2019-09-19 16:47:01,876 [Thread-1062] INFO  server.AbstractConnector (AbstractConnector.java:doStart(278)) - Started ServerConnector@3be75e35{HTTP/1.1,[http/1.1]}{0.0.0.0:42835}
2019-09-19 16:47:01,877 [Thread-1062] INFO  server.Server (Server.java:doStart(419)) - Started @78484ms
2019-09-19 16:47:01,878 [Thread-1062] INFO  server.BaseHttpServer (BaseHttpServer.java:updateConnectorAddress(213)) - HTTP server of OZONEMANAGER is listening at http://0.0.0.0:42835
2019-09-19 16:47:01,886 [Thread-1062] INFO  impl.MetricsSystemImpl (MetricsSystemImpl.java:init(158)) - HddsDatanode metrics system started (again)
2019-09-19 16:47:01,887 [Thread-1062] INFO  ozone.HddsDatanodeService (HddsDatanodeService.java:start(184)) - HddsDatanodeService host:pr-hdds-1569-swxfz-3172132826 ip:192.168.157.226
2019-09-19 16:47:01,896 [Thread-1062] INFO  volume.HddsVolume (HddsVolume.java:<init>(176)) - Creating Volume: /workdir/hadoop-ozone/ozonefs/target/test-dir/MiniOzoneClusterImpl-fcaa30ee-2967-4065-be48-824e4576b1bf/datanode-0/data/containers/hdds of  storage type : DISK and capacity : 1482555576320
2019-09-19 16:47:01,896 [Thread-1062] INFO  volume.VolumeSet (VolumeSet.java:initializeVolumeSet(170)) - Added Volume : /workdir/hadoop-ozone/ozonefs/target/test-dir/MiniOzoneClusterImpl-fcaa30ee-2967-4065-be48-824e4576b1bf/datanode-0/data/containers/hdds to VolumeSet
2019-09-19 16:47:01,896 [Thread-1062] INFO  volume.ThrottledAsyncChecker (ThrottledAsyncChecker.java:schedule(140)) - Scheduling a check for org.apache.hadoop.ozone.container.common.volume.HddsVolume@8da9c63
2019-09-19 16:47:01,897 [Thread-1062] INFO  volume.HddsVolumeChecker (HddsVolumeChecker.java:checkAllVolumes(203)) - Scheduled health check for volume org.apache.hadoop.ozone.container.common.volume.HddsVolume@8da9c63
2019-09-19 16:47:01,918 [Thread-1062] INFO  impl.RaftServerProxy (ConfUtils.java:logGet(43)) - raft.rpc.type = GRPC (default)
2019-09-19 16:47:01,918 [Thread-1062] INFO  grpc.GrpcFactory (GrpcFactory.java:checkPooledByteBufAllocatorUseCacheForAllThreads(45)) - PERFORMANCE WARNING: useCacheForAllThreads is true that may cause Netty to create a lot garbage objects and, as a result, trigger GC.
	It is recommended to disable useCacheForAllThreads by setting -Dorg.apache.ratis.thirdparty.io.netty.allocator.useCacheForAllThreads=false in command line.
2019-09-19 16:47:01,918 [Thread-1062] INFO  grpc.GrpcConfigKeys$Server (ConfUtils.java:logGet(43)) - raft.grpc.server.port = 0 (default)
2019-09-19 16:47:01,918 [Thread-1062] INFO  server.GrpcService (ConfUtils.java:logGet(43)) - raft.grpc.message.size.max = 33570816 (custom)
2019-09-19 16:47:01,918 [Thread-1062] INFO  server.RaftServerConfigKeys (ConfUtils.java:logGet(43)) - raft.server.log.appender.buffer.byte-limit = 33554432 (custom)
2019-09-19 16:47:01,919 [Thread-1062] INFO  server.GrpcService (ConfUtils.java:logGet(43)) - raft.grpc.flow.control.window = 1MB (=1048576) (default)
2019-09-19 16:47:01,919 [Thread-1062] INFO  server.RaftServerConfigKeys (ConfUtils.java:logGet(43)) - raft.server.rpc.request.timeout = 3000ms (default)
2019-09-19 16:47:01,919 [Thread-1062] INFO  server.RaftServerConfigKeys (ConfUtils.java:logGet(43)) - raft.server.storage.dir = [/workdir/hadoop-ozone/ozonefs/target/test-dir/MiniOzoneClusterImpl-fcaa30ee-2967-4065-be48-824e4576b1bf/datanode-0/data/ratis] (custom)
2019-09-19 16:47:01,920 [Thread-1062] INFO  replication.SimpleContainerDownloader (SimpleContainerDownloader.java:<init>(72)) - Starting container downloader service to copy containers to replicate.
2019-09-19 16:47:01,920 [Thread-1062] INFO  hdfs.DFSUtil (DFSUtil.java:httpServerTemplateForNNAndJN(1641)) - Starting Web-server for hddsDatanode at: http://0.0.0.0:0
2019-09-19 16:47:01,922 [Thread-1062] INFO  server.AuthenticationFilter (AuthenticationFilter.java:constructSecretProvider(240)) - Unable to initialize FileSignerSecretProvider, falling back to use random secrets.
2019-09-19 16:47:01,922 [Thread-1062] WARN  http.HttpRequestLog (HttpRequestLog.java:getRequestLog(97)) - Jetty request log can only be enabled using Log4j
2019-09-19 16:47:01,924 [Thread-1062] INFO  http.HttpServer2 (HttpServer2.java:addGlobalFilter(975)) - Added global filter 'safety' (class=org.apache.hadoop.http.HttpServer2$QuotingInputFilter)
2019-09-19 16:47:01,924 [Thread-1062] INFO  http.HttpServer2 (HttpServer2.java:addFilter(948)) - Added filter static_user_filter (class=org.apache.hadoop.http.lib.StaticUserWebFilter$StaticUserFilter) to context hddsDatanode
2019-09-19 16:47:01,924 [Thread-1062] INFO  http.HttpServer2 (HttpServer2.java:addFilter(958)) - Added filter static_user_filter (class=org.apache.hadoop.http.lib.StaticUserWebFilter$StaticUserFilter) to context static
2019-09-19 16:47:01,924 [Thread-1062] INFO  http.HttpServer2 (HttpServer2.java:addFilter(958)) - Added filter static_user_filter (class=org.apache.hadoop.http.lib.StaticUserWebFilter$StaticUserFilter) to context logs
2019-09-19 16:47:01,925 [Thread-1062] INFO  http.HttpServer2 (HttpServer2.java:bindListener(1191)) - Jetty bound to port 46714
2019-09-19 16:47:01,925 [Thread-1062] INFO  server.Server (Server.java:doStart(351)) - jetty-9.3.24.v20180605, build timestamp: 2018-06-05T17:11:56Z, git hash: 84205aa28f11a4f31f2a3b86d1bba2cc8ab69827
2019-09-19 16:47:01,927 [Thread-1062] INFO  handler.ContextHandler (ContextHandler.java:doStart(781)) - Started o.e.j.s.ServletContextHandler@4bdded86{/logs,file:///workdir/hadoop-ozone/ozonefs/target/log,AVAILABLE}
2019-09-19 16:47:01,927 [Thread-1062] INFO  handler.ContextHandler (ContextHandler.java:doStart(781)) - Started o.e.j.s.ServletContextHandler@686d93fd{/static,jar:file:/home/user/.m2/repository/org/apache/hadoop/hadoop-hdds-container-service/0.5.0-SNAPSHOT/hadoop-hdds-container-service-0.5.0-SNAPSHOT.jar!/webapps/static,AVAILABLE}
2019-09-19 16:47:01,954 [Thread-1062] INFO  handler.ContextHandler (ContextHandler.java:doStart(781)) - Started o.e.j.w.WebAppContext@af30cdf{/,file:///tmp/jetty-0.0.0.0-46714-hddsDatanode-_-any-3770188484254687783.dir/webapp/,AVAILABLE}{/hddsDatanode}
2019-09-19 16:47:01,954 [Thread-1062] INFO  server.AbstractConnector (AbstractConnector.java:doStart(278)) - Started ServerConnector@61494d39{HTTP/1.1,[http/1.1]}{0.0.0.0:46714}
2019-09-19 16:47:01,955 [Thread-1062] INFO  server.Server (Server.java:doStart(419)) - Started @78561ms
2019-09-19 16:47:01,955 [Thread-1062] INFO  server.BaseHttpServer (BaseHttpServer.java:updateConnectorAddress(213)) - HTTP server of HDDSDATANODE is listening at http://0.0.0.0:46714
2019-09-19 16:47:02,071 | INFO  | ObjectStoreRestHttpServer | Listening HDDS REST traffic on /0.0.0.0:35513 |  
2019-09-19 16:47:02,071 [Thread-1062] INFO  ozone.HddsDatanodeService (HddsDatanodeService.java:startPlugins(395)) - Started plug-in org.apache.hadoop.ozone.web.OzoneHddsDatanodeService@14406e4a
2019-09-19 16:47:02,071 [Thread-1062] INFO  impl.MetricsSystemImpl (MetricsSystemImpl.java:init(158)) - HddsDatanode metrics system started (again)
2019-09-19 16:47:02,074 [Thread-1062] INFO  ozone.HddsDatanodeService (HddsDatanodeService.java:start(184)) - HddsDatanodeService host:pr-hdds-1569-swxfz-3172132826 ip:192.168.157.226
2019-09-19 16:47:02,074 [org.apache.hadoop.util.JvmPauseMonitor$Monitor@6d8aae17] INFO  util.JvmPauseMonitor (JvmPauseMonitor.java:run(188)) - Starting JVM pause monitor
2019-09-19 16:47:02,076 [Datanode State Machine Thread - 0] INFO  datanode.InitDatanodeState (InitDatanodeState.java:persistContainerDatanodeDetails(140)) - DatanodeDetails is persisted to /workdir/hadoop-ozone/ozonefs/target/test-dir/MiniOzoneClusterImpl-fcaa30ee-2967-4065-be48-824e4576b1bf/datanode-0/meta/datanode.id
2019-09-19 16:47:02,083 [Thread-1062] INFO  volume.HddsVolume (HddsVolume.java:<init>(176)) - Creating Volume: /workdir/hadoop-ozone/ozonefs/target/test-dir/MiniOzoneClusterImpl-fcaa30ee-2967-4065-be48-824e4576b1bf/datanode-1/data/containers/hdds of  storage type : DISK and capacity : 1482555576320
2019-09-19 16:47:02,083 [Thread-1062] INFO  volume.VolumeSet (VolumeSet.java:initializeVolumeSet(170)) - Added Volume : /workdir/hadoop-ozone/ozonefs/target/test-dir/MiniOzoneClusterImpl-fcaa30ee-2967-4065-be48-824e4576b1bf/datanode-1/data/containers/hdds to VolumeSet
2019-09-19 16:47:02,083 [Thread-1062] INFO  volume.ThrottledAsyncChecker (ThrottledAsyncChecker.java:schedule(140)) - Scheduling a check for org.apache.hadoop.ozone.container.common.volume.HddsVolume@64473cac
2019-09-19 16:47:02,083 [Thread-1062] INFO  volume.HddsVolumeChecker (HddsVolumeChecker.java:checkAllVolumes(203)) - Scheduled health check for volume org.apache.hadoop.ozone.container.common.volume.HddsVolume@64473cac
2019-09-19 16:47:02,103 [Thread-1062] INFO  impl.RaftServerProxy (ConfUtils.java:logGet(43)) - raft.rpc.type = GRPC (default)
2019-09-19 16:47:02,104 [Thread-1062] INFO  grpc.GrpcFactory (GrpcFactory.java:checkPooledByteBufAllocatorUseCacheForAllThreads(45)) - PERFORMANCE WARNING: useCacheForAllThreads is true that may cause Netty to create a lot garbage objects and, as a result, trigger GC.
	It is recommended to disable useCacheForAllThreads by setting -Dorg.apache.ratis.thirdparty.io.netty.allocator.useCacheForAllThreads=false in command line.
2019-09-19 16:47:02,104 [Thread-1062] INFO  grpc.GrpcConfigKeys$Server (ConfUtils.java:logGet(43)) - raft.grpc.server.port = 0 (default)
2019-09-19 16:47:02,104 [Thread-1062] INFO  server.GrpcService (ConfUtils.java:logGet(43)) - raft.grpc.message.size.max = 33570816 (custom)
2019-09-19 16:47:02,104 [Thread-1062] INFO  server.RaftServerConfigKeys (ConfUtils.java:logGet(43)) - raft.server.log.appender.buffer.byte-limit = 33554432 (custom)
2019-09-19 16:47:02,104 [Thread-1062] INFO  server.GrpcService (ConfUtils.java:logGet(43)) - raft.grpc.flow.control.window = 1MB (=1048576) (default)
2019-09-19 16:47:02,104 [Thread-1062] INFO  server.RaftServerConfigKeys (ConfUtils.java:logGet(43)) - raft.server.rpc.request.timeout = 3000ms (default)
2019-09-19 16:47:02,105 [Thread-1062] INFO  server.RaftServerConfigKeys (ConfUtils.java:logGet(43)) - raft.server.storage.dir = [/workdir/hadoop-ozone/ozonefs/target/test-dir/MiniOzoneClusterImpl-fcaa30ee-2967-4065-be48-824e4576b1bf/datanode-1/data/ratis] (custom)
2019-09-19 16:47:02,105 [Thread-1062] INFO  replication.SimpleContainerDownloader (SimpleContainerDownloader.java:<init>(72)) - Starting container downloader service to copy containers to replicate.
2019-09-19 16:47:02,106 [Thread-1062] INFO  hdfs.DFSUtil (DFSUtil.java:httpServerTemplateForNNAndJN(1641)) - Starting Web-server for hddsDatanode at: http://0.0.0.0:0
2019-09-19 16:47:02,108 [Thread-1062] INFO  server.AuthenticationFilter (AuthenticationFilter.java:constructSecretProvider(240)) - Unable to initialize FileSignerSecretProvider, falling back to use random secrets.
2019-09-19 16:47:02,108 [Thread-1062] WARN  http.HttpRequestLog (HttpRequestLog.java:getRequestLog(97)) - Jetty request log can only be enabled using Log4j
2019-09-19 16:47:02,110 [Thread-1062] INFO  http.HttpServer2 (HttpServer2.java:addGlobalFilter(975)) - Added global filter 'safety' (class=org.apache.hadoop.http.HttpServer2$QuotingInputFilter)
2019-09-19 16:47:02,110 [Thread-1062] INFO  http.HttpServer2 (HttpServer2.java:addFilter(948)) - Added filter static_user_filter (class=org.apache.hadoop.http.lib.StaticUserWebFilter$StaticUserFilter) to context hddsDatanode
2019-09-19 16:47:02,110 [Thread-1062] INFO  http.HttpServer2 (HttpServer2.java:addFilter(958)) - Added filter static_user_filter (class=org.apache.hadoop.http.lib.StaticUserWebFilter$StaticUserFilter) to context static
2019-09-19 16:47:02,110 [Thread-1062] INFO  http.HttpServer2 (HttpServer2.java:addFilter(958)) - Added filter static_user_filter (class=org.apache.hadoop.http.lib.StaticUserWebFilter$StaticUserFilter) to context logs
2019-09-19 16:47:02,111 [Thread-1062] INFO  http.HttpServer2 (HttpServer2.java:bindListener(1191)) - Jetty bound to port 39111
2019-09-19 16:47:02,111 [Thread-1062] INFO  server.Server (Server.java:doStart(351)) - jetty-9.3.24.v20180605, build timestamp: 2018-06-05T17:11:56Z, git hash: 84205aa28f11a4f31f2a3b86d1bba2cc8ab69827
2019-09-19 16:47:02,113 [Thread-1062] INFO  handler.ContextHandler (ContextHandler.java:doStart(781)) - Started o.e.j.s.ServletContextHandler@2ad41d99{/logs,file:///workdir/hadoop-ozone/ozonefs/target/log,AVAILABLE}
2019-09-19 16:47:02,113 [Thread-1062] INFO  handler.ContextHandler (ContextHandler.java:doStart(781)) - Started o.e.j.s.ServletContextHandler@68343630{/static,jar:file:/home/user/.m2/repository/org/apache/hadoop/hadoop-hdds-container-service/0.5.0-SNAPSHOT/hadoop-hdds-container-service-0.5.0-SNAPSHOT.jar!/webapps/static,AVAILABLE}
2019-09-19 16:47:02,139 [Thread-1062] INFO  handler.ContextHandler (ContextHandler.java:doStart(781)) - Started o.e.j.w.WebAppContext@7e7b7694{/,file:///tmp/jetty-0.0.0.0-39111-hddsDatanode-_-any-3431873287102584806.dir/webapp/,AVAILABLE}{/hddsDatanode}
2019-09-19 16:47:02,140 [Thread-1062] INFO  server.AbstractConnector (AbstractConnector.java:doStart(278)) - Started ServerConnector@7bd4e550{HTTP/1.1,[http/1.1]}{0.0.0.0:39111}
2019-09-19 16:47:02,141 [Thread-1062] INFO  server.Server (Server.java:doStart(419)) - Started @78748ms
2019-09-19 16:47:02,141 [Thread-1062] INFO  server.BaseHttpServer (BaseHttpServer.java:updateConnectorAddress(213)) - HTTP server of HDDSDATANODE is listening at http://0.0.0.0:39111
2019-09-19 16:47:02,258 | INFO  | ObjectStoreRestHttpServer | Listening HDDS REST traffic on /0.0.0.0:40839 |  
2019-09-19 16:47:02,258 [Thread-1062] INFO  ozone.HddsDatanodeService (HddsDatanodeService.java:startPlugins(395)) - Started plug-in org.apache.hadoop.ozone.web.OzoneHddsDatanodeService@2c5d28e9
2019-09-19 16:47:02,259 [Thread-1062] INFO  impl.MetricsSystemImpl (MetricsSystemImpl.java:init(158)) - HddsDatanode metrics system started (again)
2019-09-19 16:47:02,261 [org.apache.hadoop.util.JvmPauseMonitor$Monitor@1f7e2292] INFO  util.JvmPauseMonitor (JvmPauseMonitor.java:run(188)) - Starting JVM pause monitor
2019-09-19 16:47:02,261 [Thread-1062] INFO  ozone.HddsDatanodeService (HddsDatanodeService.java:start(184)) - HddsDatanodeService host:pr-hdds-1569-swxfz-3172132826 ip:192.168.157.226
2019-09-19 16:47:02,264 [Datanode State Machine Thread - 0] INFO  datanode.InitDatanodeState (InitDatanodeState.java:persistContainerDatanodeDetails(140)) - DatanodeDetails is persisted to /workdir/hadoop-ozone/ozonefs/target/test-dir/MiniOzoneClusterImpl-fcaa30ee-2967-4065-be48-824e4576b1bf/datanode-1/meta/datanode.id
2019-09-19 16:47:02,271 [Thread-1062] INFO  volume.HddsVolume (HddsVolume.java:<init>(176)) - Creating Volume: /workdir/hadoop-ozone/ozonefs/target/test-dir/MiniOzoneClusterImpl-fcaa30ee-2967-4065-be48-824e4576b1bf/datanode-2/data/containers/hdds of  storage type : DISK and capacity : 1482555576320
2019-09-19 16:47:02,271 [Thread-1062] INFO  volume.VolumeSet (VolumeSet.java:initializeVolumeSet(170)) - Added Volume : /workdir/hadoop-ozone/ozonefs/target/test-dir/MiniOzoneClusterImpl-fcaa30ee-2967-4065-be48-824e4576b1bf/datanode-2/data/containers/hdds to VolumeSet
2019-09-19 16:47:02,271 [Thread-1062] INFO  volume.ThrottledAsyncChecker (ThrottledAsyncChecker.java:schedule(140)) - Scheduling a check for org.apache.hadoop.ozone.container.common.volume.HddsVolume@18fe6729
2019-09-19 16:47:02,271 [Thread-1062] INFO  volume.HddsVolumeChecker (HddsVolumeChecker.java:checkAllVolumes(203)) - Scheduled health check for volume org.apache.hadoop.ozone.container.common.volume.HddsVolume@18fe6729
2019-09-19 16:47:02,292 [Thread-1062] INFO  impl.RaftServerProxy (ConfUtils.java:logGet(43)) - raft.rpc.type = GRPC (default)
2019-09-19 16:47:02,292 [Thread-1062] INFO  grpc.GrpcFactory (GrpcFactory.java:checkPooledByteBufAllocatorUseCacheForAllThreads(45)) - PERFORMANCE WARNING: useCacheForAllThreads is true that may cause Netty to create a lot garbage objects and, as a result, trigger GC.
	It is recommended to disable useCacheForAllThreads by setting -Dorg.apache.ratis.thirdparty.io.netty.allocator.useCacheForAllThreads=false in command line.
2019-09-19 16:47:02,292 [Thread-1062] INFO  grpc.GrpcConfigKeys$Server (ConfUtils.java:logGet(43)) - raft.grpc.server.port = 0 (default)
2019-09-19 16:47:02,292 [Thread-1062] INFO  server.GrpcService (ConfUtils.java:logGet(43)) - raft.grpc.message.size.max = 33570816 (custom)
2019-09-19 16:47:02,293 [Thread-1062] INFO  server.RaftServerConfigKeys (ConfUtils.java:logGet(43)) - raft.server.log.appender.buffer.byte-limit = 33554432 (custom)
2019-09-19 16:47:02,293 [Thread-1062] INFO  server.GrpcService (ConfUtils.java:logGet(43)) - raft.grpc.flow.control.window = 1MB (=1048576) (default)
2019-09-19 16:47:02,293 [Thread-1062] INFO  server.RaftServerConfigKeys (ConfUtils.java:logGet(43)) - raft.server.rpc.request.timeout = 3000ms (default)
2019-09-19 16:47:02,293 [Thread-1062] INFO  server.RaftServerConfigKeys (ConfUtils.java:logGet(43)) - raft.server.storage.dir = [/workdir/hadoop-ozone/ozonefs/target/test-dir/MiniOzoneClusterImpl-fcaa30ee-2967-4065-be48-824e4576b1bf/datanode-2/data/ratis] (custom)
2019-09-19 16:47:02,294 [Thread-1062] INFO  replication.SimpleContainerDownloader (SimpleContainerDownloader.java:<init>(72)) - Starting container downloader service to copy containers to replicate.
2019-09-19 16:47:02,295 [Thread-1062] INFO  hdfs.DFSUtil (DFSUtil.java:httpServerTemplateForNNAndJN(1641)) - Starting Web-server for hddsDatanode at: http://0.0.0.0:0
2019-09-19 16:47:02,296 [Thread-1062] INFO  server.AuthenticationFilter (AuthenticationFilter.java:constructSecretProvider(240)) - Unable to initialize FileSignerSecretProvider, falling back to use random secrets.
2019-09-19 16:47:02,297 [Thread-1062] WARN  http.HttpRequestLog (HttpRequestLog.java:getRequestLog(97)) - Jetty request log can only be enabled using Log4j
2019-09-19 16:47:02,298 [Thread-1062] INFO  http.HttpServer2 (HttpServer2.java:addGlobalFilter(975)) - Added global filter 'safety' (class=org.apache.hadoop.http.HttpServer2$QuotingInputFilter)
2019-09-19 16:47:02,299 [Thread-1062] INFO  http.HttpServer2 (HttpServer2.java:addFilter(948)) - Added filter static_user_filter (class=org.apache.hadoop.http.lib.StaticUserWebFilter$StaticUserFilter) to context hddsDatanode
2019-09-19 16:47:02,299 [Thread-1062] INFO  http.HttpServer2 (HttpServer2.java:addFilter(958)) - Added filter static_user_filter (class=org.apache.hadoop.http.lib.StaticUserWebFilter$StaticUserFilter) to context logs
2019-09-19 16:47:02,299 [Thread-1062] INFO  http.HttpServer2 (HttpServer2.java:addFilter(958)) - Added filter static_user_filter (class=org.apache.hadoop.http.lib.StaticUserWebFilter$StaticUserFilter) to context static
2019-09-19 16:47:02,300 [Thread-1062] INFO  http.HttpServer2 (HttpServer2.java:bindListener(1191)) - Jetty bound to port 41901
2019-09-19 16:47:02,300 [Thread-1062] INFO  server.Server (Server.java:doStart(351)) - jetty-9.3.24.v20180605, build timestamp: 2018-06-05T17:11:56Z, git hash: 84205aa28f11a4f31f2a3b86d1bba2cc8ab69827
2019-09-19 16:47:02,301 [Thread-1062] INFO  handler.ContextHandler (ContextHandler.java:doStart(781)) - Started o.e.j.s.ServletContextHandler@462ebb0c{/logs,file:///workdir/hadoop-ozone/ozonefs/target/log,AVAILABLE}
2019-09-19 16:47:02,302 [Thread-1062] INFO  handler.ContextHandler (ContextHandler.java:doStart(781)) - Started o.e.j.s.ServletContextHandler@301c9069{/static,jar:file:/home/user/.m2/repository/org/apache/hadoop/hadoop-hdds-container-service/0.5.0-SNAPSHOT/hadoop-hdds-container-service-0.5.0-SNAPSHOT.jar!/webapps/static,AVAILABLE}
2019-09-19 16:47:02,328 [Thread-1062] INFO  handler.ContextHandler (ContextHandler.java:doStart(781)) - Started o.e.j.w.WebAppContext@54f1ff13{/,file:///tmp/jetty-0.0.0.0-41901-hddsDatanode-_-any-2587137234297826011.dir/webapp/,AVAILABLE}{/hddsDatanode}
2019-09-19 16:47:02,329 [Thread-1062] INFO  server.AbstractConnector (AbstractConnector.java:doStart(278)) - Started ServerConnector@53b23b26{HTTP/1.1,[http/1.1]}{0.0.0.0:41901}
2019-09-19 16:47:02,330 [Thread-1062] INFO  server.Server (Server.java:doStart(419)) - Started @78937ms
2019-09-19 16:47:02,330 [Thread-1062] INFO  server.BaseHttpServer (BaseHttpServer.java:updateConnectorAddress(213)) - HTTP server of HDDSDATANODE is listening at http://0.0.0.0:41901
2019-09-19 16:47:02,447 | INFO  | ObjectStoreRestHttpServer | Listening HDDS REST traffic on /0.0.0.0:35572 |  
2019-09-19 16:47:02,447 [Thread-1062] INFO  ozone.HddsDatanodeService (HddsDatanodeService.java:startPlugins(395)) - Started plug-in org.apache.hadoop.ozone.web.OzoneHddsDatanodeService@21ce6134
2019-09-19 16:47:02,447 [Thread-1062] INFO  ozone.MiniOzoneClusterImpl (MiniOzoneClusterImpl.java:lambda$waitForClusterToBeReady$0(142)) - Waiting for cluster to be ready. Got 0 of 3 DN Heartbeats.
2019-09-19 16:47:02,448 [org.apache.hadoop.util.JvmPauseMonitor$Monitor@1d93b327] INFO  util.JvmPauseMonitor (JvmPauseMonitor.java:run(188)) - Starting JVM pause monitor
2019-09-19 16:47:02,451 [Datanode State Machine Thread - 0] INFO  datanode.InitDatanodeState (InitDatanodeState.java:persistContainerDatanodeDetails(140)) - DatanodeDetails is persisted to /workdir/hadoop-ozone/ozonefs/target/test-dir/MiniOzoneClusterImpl-fcaa30ee-2967-4065-be48-824e4576b1bf/datanode-2/meta/datanode.id
2019-09-19 16:47:03,448 [Thread-1062] INFO  ozone.MiniOzoneClusterImpl (MiniOzoneClusterImpl.java:lambda$waitForClusterToBeReady$0(142)) - Waiting for cluster to be ready. Got 0 of 3 DN Heartbeats.
2019-09-19 16:47:04,078 | INFO  | SCMAudit | user=jenkins1000 | ip=192.168.157.226 | op=GET_VERSION null | ret=SUCCESS |  
2019-09-19 16:47:04,094 [Datanode State Machine Thread - 0] INFO  ozoneimpl.OzoneContainer (OzoneContainer.java:start(186)) - Attempting to start container services.
2019-09-19 16:47:04,094 [Datanode State Machine Thread - 0] INFO  ozoneimpl.OzoneContainer (OzoneContainer.java:startContainerScrub(160)) - Background container scrubber has been disabled by hdds.containerscrub.enabled
2019-09-19 16:47:04,094 [Datanode State Machine Thread - 0] INFO  ratis.XceiverServerRatis (XceiverServerRatis.java:start(404)) - Starting XceiverServerRatis 1e2f6a91-9c74-4dc9-a67c-8a4903c0b606 at port 0
2019-09-19 16:47:04,101 [Datanode State Machine Thread - 0] INFO  impl.RaftServerProxy (RaftServerProxy.java:lambda$start$3(299)) - 1e2f6a91-9c74-4dc9-a67c-8a4903c0b606: start RPC server
2019-09-19 16:47:04,104 [Datanode State Machine Thread - 0] INFO  server.GrpcService (GrpcService.java:startImpl(149)) - 1e2f6a91-9c74-4dc9-a67c-8a4903c0b606: GrpcService started, listening on 0.0.0.0/0.0.0.0:45939
2019-09-19 16:47:04,104 [Datanode State Machine Thread - 0] INFO  ratis.XceiverServerRatis (XceiverServerRatis.java:start(414)) - XceiverServerRatis 1e2f6a91-9c74-4dc9-a67c-8a4903c0b606 is started using port 45939
2019-09-19 16:47:04,106 [Datanode State Machine Thread - 0] INFO  server.XceiverServerGrpc (XceiverServerGrpc.java:start(163)) - XceiverServerGrpc 1e2f6a91-9c74-4dc9-a67c-8a4903c0b606 is started using port 45910
2019-09-19 16:47:04,262 | INFO  | SCMAudit | user=jenkins1000 | ip=192.168.157.226 | op=GET_VERSION null | ret=SUCCESS |  
2019-09-19 16:47:04,276 [Datanode State Machine Thread - 0] INFO  ozoneimpl.OzoneContainer (OzoneContainer.java:start(186)) - Attempting to start container services.
2019-09-19 16:47:04,276 [Datanode State Machine Thread - 0] INFO  ozoneimpl.OzoneContainer (OzoneContainer.java:startContainerScrub(160)) - Background container scrubber has been disabled by hdds.containerscrub.enabled
2019-09-19 16:47:04,276 [Datanode State Machine Thread - 0] INFO  ratis.XceiverServerRatis (XceiverServerRatis.java:start(404)) - Starting XceiverServerRatis 90807a67-81c1-4bdc-9300-b9ddb9d662c8 at port 0
2019-09-19 16:47:04,282 [Datanode State Machine Thread - 0] INFO  impl.RaftServerProxy (RaftServerProxy.java:lambda$start$3(299)) - 90807a67-81c1-4bdc-9300-b9ddb9d662c8: start RPC server
2019-09-19 16:47:04,283 [Datanode State Machine Thread - 0] INFO  server.GrpcService (GrpcService.java:startImpl(149)) - 90807a67-81c1-4bdc-9300-b9ddb9d662c8: GrpcService started, listening on 0.0.0.0/0.0.0.0:46825
2019-09-19 16:47:04,283 [Datanode State Machine Thread - 0] INFO  ratis.XceiverServerRatis (XceiverServerRatis.java:start(414)) - XceiverServerRatis 90807a67-81c1-4bdc-9300-b9ddb9d662c8 is started using port 46825
2019-09-19 16:47:04,286 [Datanode State Machine Thread - 0] INFO  server.XceiverServerGrpc (XceiverServerGrpc.java:start(163)) - XceiverServerGrpc 90807a67-81c1-4bdc-9300-b9ddb9d662c8 is started using port 41534
2019-09-19 16:47:04,448 [Thread-1062] INFO  ozone.MiniOzoneClusterImpl (MiniOzoneClusterImpl.java:lambda$waitForClusterToBeReady$0(142)) - Waiting for cluster to be ready. Got 0 of 3 DN Heartbeats.
2019-09-19 16:47:04,450 | INFO  | SCMAudit | user=jenkins1000 | ip=192.168.157.226 | op=GET_VERSION null | ret=SUCCESS |  
2019-09-19 16:47:04,465 [Datanode State Machine Thread - 0] INFO  ozoneimpl.OzoneContainer (OzoneContainer.java:start(186)) - Attempting to start container services.
2019-09-19 16:47:04,465 [Datanode State Machine Thread - 0] INFO  ozoneimpl.OzoneContainer (OzoneContainer.java:startContainerScrub(160)) - Background container scrubber has been disabled by hdds.containerscrub.enabled
2019-09-19 16:47:04,466 [Datanode State Machine Thread - 0] INFO  ratis.XceiverServerRatis (XceiverServerRatis.java:start(404)) - Starting XceiverServerRatis 26a699e2-9f6c-4368-8bb8-6bca25baed85 at port 0
2019-09-19 16:47:04,472 [Datanode State Machine Thread - 0] INFO  impl.RaftServerProxy (RaftServerProxy.java:lambda$start$3(299)) - 26a699e2-9f6c-4368-8bb8-6bca25baed85: start RPC server
2019-09-19 16:47:04,473 [Datanode State Machine Thread - 0] INFO  server.GrpcService (GrpcService.java:startImpl(149)) - 26a699e2-9f6c-4368-8bb8-6bca25baed85: GrpcService started, listening on 0.0.0.0/0.0.0.0:42864
2019-09-19 16:47:04,473 [Datanode State Machine Thread - 0] INFO  ratis.XceiverServerRatis (XceiverServerRatis.java:start(414)) - XceiverServerRatis 26a699e2-9f6c-4368-8bb8-6bca25baed85 is started using port 42864
2019-09-19 16:47:04,474 [Datanode State Machine Thread - 0] INFO  server.XceiverServerGrpc (XceiverServerGrpc.java:start(163)) - XceiverServerGrpc 26a699e2-9f6c-4368-8bb8-6bca25baed85 is started using port 39372
2019-09-19 16:47:05,449 [Thread-1062] INFO  ozone.MiniOzoneClusterImpl (MiniOzoneClusterImpl.java:lambda$waitForClusterToBeReady$0(142)) - Waiting for cluster to be ready. Got 0 of 3 DN Heartbeats.
2019-09-19 16:47:06,078 [IPC Server handler 3 on 39918] INFO  net.NetworkTopology (NetworkTopologyImpl.java:add(110)) - Added a new node: /default-rack/1e2f6a91-9c74-4dc9-a67c-8a4903c0b606
2019-09-19 16:47:06,080 [IPC Server handler 3 on 39918] INFO  node.SCMNodeManager (SCMNodeManager.java:register(273)) - Registered Data node : 1e2f6a91-9c74-4dc9-a67c-8a4903c0b606{ip: 192.168.157.226, host: pr-hdds-1569-swxfz-3172132826, networkLocation: /default-rack, certSerialId: null}
2019-09-19 16:47:06,081 [EventQueue-NodeRegistrationContainerReportForDataNodeSafeModeRule] INFO  safemode.SCMSafeModeManager (DataNodeSafeModeRule.java:process(71)) - SCM in safe mode. 1 DataNodes registered, 1 required.
2019-09-19 16:47:06,081 | INFO  | SCMAudit | user=jenkins1000 | ip=192.168.157.226 | op=REGISTER {datanodeDetails=1e2f6a91-9c74-4dc9-a67c-8a4903c0b606{ip: 192.168.157.226, host: pr-hdds-1569-swxfz-3172132826, networkLocation: /default-rack, certSerialId: null}} | ret=SUCCESS |  
2019-09-19 16:47:06,083 [EventQueue-NodeRegistrationContainerReportForContainerSafeModeRule] INFO  safemode.SCMSafeModeManager (SCMSafeModeManager.java:validateSafeModeExitRules(177)) - ScmSafeModeManager, all rules are successfully validated
2019-09-19 16:47:06,083 [EventQueue-NodeRegistrationContainerReportForContainerSafeModeRule] INFO  safemode.SCMSafeModeManager (SCMSafeModeManager.java:exitSafeMode(193)) - SCM exiting safe mode.
2019-09-19 16:47:06,094 [grpc-default-executor-0] INFO  impl.RaftServerProxy (RaftServerProxy.java:addNew(89)) - 1e2f6a91-9c74-4dc9-a67c-8a4903c0b606: addNew group-B3D2E73F83A2:[1e2f6a91-9c74-4dc9-a67c-8a4903c0b606:192.168.157.226:45939] returns group-B3D2E73F83A2:java.util.concurrent.CompletableFuture@278ab41d[Not completed]
2019-09-19 16:47:06,095 [pool-239-thread-1] INFO  impl.RaftServerImpl (RaftServerImpl.java:<init>(93)) - 1e2f6a91-9c74-4dc9-a67c-8a4903c0b606: new RaftServerImpl for group-B3D2E73F83A2:[1e2f6a91-9c74-4dc9-a67c-8a4903c0b606:192.168.157.226:45939] with ContainerStateMachine:uninitialized
2019-09-19 16:47:06,095 [pool-239-thread-1] INFO  server.RaftServerConfigKeys (ConfUtils.java:logGet(43)) - raft.server.rpc.timeout.min = 5s (custom)
2019-09-19 16:47:06,096 [pool-239-thread-1] INFO  server.RaftServerConfigKeys (ConfUtils.java:logGet(43)) - raft.server.rpc.timeout.max = 5200ms (custom)
2019-09-19 16:47:06,096 [pool-239-thread-1] INFO  server.RaftServerConfigKeys (ConfUtils.java:logGet(43)) - raft.server.rpcslowness.timeout = 120s (custom)
2019-09-19 16:47:06,096 [pool-239-thread-1] INFO  server.RaftServerConfigKeys (ConfUtils.java:logGet(43)) - raft.server.sleep.deviation.threshold = 300 (default)
2019-09-19 16:47:06,096 [pool-239-thread-1] INFO  server.RaftServerConfigKeys (ConfUtils.java:logGet(43)) - raft.server.log.appender.install.snapshot.enabled = false (custom)
2019-09-19 16:47:06,096 [pool-239-thread-1] INFO  impl.RaftServerImpl (ServerState.java:<init>(105)) - 1e2f6a91-9c74-4dc9-a67c-8a4903c0b606:group-B3D2E73F83A2 ConfigurationManager, init=-1: [1e2f6a91-9c74-4dc9-a67c-8a4903c0b606:192.168.157.226:45939], old=null, confs=<EMPTY_MAP>
2019-09-19 16:47:06,096 [pool-239-thread-1] INFO  server.RaftServerConfigKeys (ConfUtils.java:logGet(43)) - raft.server.storage.dir = [/workdir/hadoop-ozone/ozonefs/target/test-dir/MiniOzoneClusterImpl-fcaa30ee-2967-4065-be48-824e4576b1bf/datanode-0/data/ratis] (custom)
2019-09-19 16:47:06,097 [pool-239-thread-1] INFO  storage.RaftStorageDirectory (RaftStorageDirectory.java:analyzeStorage(246)) - The storage directory /workdir/hadoop-ozone/ozonefs/target/test-dir/MiniOzoneClusterImpl-fcaa30ee-2967-4065-be48-824e4576b1bf/datanode-0/data/ratis/a797f05f-3c83-4a13-9c43-b3d2e73f83a2 does not exist. Creating ...
2019-09-19 16:47:06,110 [pool-239-thread-1] INFO  storage.RaftStorageDirectory (RaftStorageDirectory.java:tryLock(328)) - Lock on /workdir/hadoop-ozone/ozonefs/target/test-dir/MiniOzoneClusterImpl-fcaa30ee-2967-4065-be48-824e4576b1bf/datanode-0/data/ratis/a797f05f-3c83-4a13-9c43-b3d2e73f83a2/in_use.lock acquired by nodename 32682@pr-hdds-1569-swxfz-3172132826
2019-09-19 16:47:06,131 [pool-239-thread-1] INFO  storage.RaftStorage (RaftStorage.java:format(72)) - Storage directory /workdir/hadoop-ozone/ozonefs/target/test-dir/MiniOzoneClusterImpl-fcaa30ee-2967-4065-be48-824e4576b1bf/datanode-0/data/ratis/a797f05f-3c83-4a13-9c43-b3d2e73f83a2 has been successfully formatted.
2019-09-19 16:47:06,132 [pool-239-thread-1] INFO  ratis.ContainerStateMachine (ContainerStateMachine.java:loadSnapshot(226)) - group-B3D2E73F83A2: The snapshot info is null. Setting the last applied indexto:(t:0, i:~)
2019-09-19 16:47:06,132 [pool-239-thread-1] INFO  server.RaftServerConfigKeys (ConfUtils.java:logGet(43)) - raft.server.leader.election.timeout = 120s (custom)
2019-09-19 16:47:06,132 [pool-239-thread-1] INFO  server.RaftServerConfigKeys (ConfUtils.java:logGet(43)) - raft.server.log.use.memory = false (default)
2019-09-19 16:47:06,132 [pool-239-thread-1] INFO  server.RaftServerConfigKeys (ConfUtils.java:logGet(43)) - raft.server.log.purge.gap = 1000000 (custom)
2019-09-19 16:47:06,132 [pool-239-thread-1] INFO  server.RaftServerConfigKeys (ConfUtils.java:logGet(43)) - raft.server.log.appender.buffer.byte-limit = 33554432 (custom)
2019-09-19 16:47:06,132 [pool-239-thread-1] INFO  server.RaftServerConfigKeys (ConfUtils.java:logGet(43)) - raft.server.log.segment.size.max = 1048576 (custom)
2019-09-19 16:47:06,132 [pool-239-thread-1] INFO  server.RaftServerConfigKeys (ConfUtils.java:logGet(43)) - raft.server.log.segment.cache.num.max = 2 (custom)
2019-09-19 16:47:06,133 [pool-239-thread-1] INFO  segmented.SegmentedRaftLogWorker (SegmentedRaftLogWorker.java:<init>(172)) - new 1e2f6a91-9c74-4dc9-a67c-8a4903c0b606-SegmentedRaftLogWorker:Storage Directory /workdir/hadoop-ozone/ozonefs/target/test-dir/MiniOzoneClusterImpl-fcaa30ee-2967-4065-be48-824e4576b1bf/datanode-0/data/ratis/a797f05f-3c83-4a13-9c43-b3d2e73f83a2 for RaftStorage:Storage Directory /workdir/hadoop-ozone/ozonefs/target/test-dir/MiniOzoneClusterImpl-fcaa30ee-2967-4065-be48-824e4576b1bf/datanode-0/data/ratis/a797f05f-3c83-4a13-9c43-b3d2e73f83a2
2019-09-19 16:47:06,133 [pool-239-thread-1] INFO  server.RaftServerConfigKeys (ConfUtils.java:logGet(43)) - raft.server.log.queue.byte-limit = 2147483647 (custom)
2019-09-19 16:47:06,133 [pool-239-thread-1] INFO  server.RaftServerConfigKeys (ConfUtils.java:logGet(43)) - raft.server.log.queue.element-limit = 1024 (custom)
2019-09-19 16:47:06,133 [pool-239-thread-1] INFO  server.RaftServerConfigKeys (ConfUtils.java:logGet(43)) - raft.server.log.segment.size.max = 1048576 (custom)
2019-09-19 16:47:06,133 [pool-239-thread-1] INFO  server.RaftServerConfigKeys (ConfUtils.java:logGet(43)) - raft.server.log.preallocated.size = 16384 (custom)
2019-09-19 16:47:06,133 [pool-239-thread-1] INFO  server.RaftServerConfigKeys (ConfUtils.java:logGet(43)) - raft.server.log.write.buffer.size = 33554432 (custom)
2019-09-19 16:47:06,134 [pool-239-thread-1] INFO  server.RaftServerConfigKeys (ConfUtils.java:logGet(43)) - raft.server.log.force.sync.num = 128 (default)
2019-09-19 16:47:06,134 [pool-239-thread-1] INFO  server.RaftServerConfigKeys (ConfUtils.java:logGet(43)) - raft.server.log.statemachine.data.sync = true (default)
2019-09-19 16:47:06,134 [pool-239-thread-1] INFO  server.RaftServerConfigKeys (ConfUtils.java:logGet(43)) - raft.server.log.statemachine.data.sync.timeout = 10s (default)
2019-09-19 16:47:06,134 [pool-239-thread-1] INFO  server.RaftServerConfigKeys (ConfUtils.java:logGet(43)) - raft.server.log.statemachine.data.sync.timeout.retry = -1 (default)
2019-09-19 16:47:06,134 [pool-239-thread-1] INFO  server.RaftServerConfigKeys (ConfUtils.java:logGet(43)) - raft.server.log.statemachine.data.caching.enabled = true (custom)
2019-09-19 16:47:06,135 [pool-239-thread-1] INFO  segmented.SegmentedRaftLogWorker (SegmentedRaftLogWorker.java:lambda$new$0(132)) - 1e2f6a91-9c74-4dc9-a67c-8a4903c0b606-SegmentedRaftLogWorker:Storage Directory /workdir/hadoop-ozone/ozonefs/target/test-dir/MiniOzoneClusterImpl-fcaa30ee-2967-4065-be48-824e4576b1bf/datanode-0/data/ratis/a797f05f-3c83-4a13-9c43-b3d2e73f83a2: flushIndex: setUnconditionally 0 -> -1
2019-09-19 16:47:06,135 [pool-239-thread-1] INFO  server.RaftServerConfigKeys (ConfUtils.java:logGet(43)) - raft.server.snapshot.auto.trigger.enabled = true (custom)
2019-09-19 16:47:06,135 [pool-239-thread-1] INFO  server.RaftServerConfigKeys (ConfUtils.java:logGet(43)) - raft.server.snapshot.auto.trigger.threshold = 10000 (custom)
2019-09-19 16:47:06,135 [pool-239-thread-1] INFO  server.RaftServerConfigKeys (ConfUtils.java:logGet(43)) - raft.server.retrycache.expirytime = 600000ms (custom)
2019-09-19 16:47:06,135 [pool-239-thread-1] INFO  impl.RaftServerImpl (RaftServerImpl.java:start(180)) - 1e2f6a91-9c74-4dc9-a67c-8a4903c0b606: start group-B3D2E73F83A2
2019-09-19 16:47:06,135 [pool-239-thread-1] INFO  impl.RaftServerImpl (RaftServerImpl.java:setRole(171)) - 1e2f6a91-9c74-4dc9-a67c-8a4903c0b606:group-B3D2E73F83A2 changes role from null to FOLLOWER at term 0 for startAsFollower
2019-09-19 16:47:06,136 [pool-239-thread-1] INFO  impl.RoleInfo (RoleInfo.java:updateAndGet(143)) - 1e2f6a91-9c74-4dc9-a67c-8a4903c0b606: start FollowerState
2019-09-19 16:47:06,137 [pool-239-thread-1] INFO  util.JmxRegister (JmxRegister.java:tryRegister(44)) - Successfully registered JMX Bean with object name Ratis:service=RaftServer,group=group-B3D2E73F83A2,id=1e2f6a91-9c74-4dc9-a67c-8a4903c0b606
2019-09-19 16:47:06,140 [RatisPipelineUtilsThread] INFO  pipeline.PipelineStateManager (PipelineStateManager.java:addPipeline(56)) - Created pipeline Pipeline[ Id: a797f05f-3c83-4a13-9c43-b3d2e73f83a2, Nodes: 1e2f6a91-9c74-4dc9-a67c-8a4903c0b606{ip: 192.168.157.226, host: pr-hdds-1569-swxfz-3172132826, networkLocation: /default-rack, certSerialId: null}, Type:RATIS, Factor:ONE, State:OPEN]
2019-09-19 16:47:06,147 [grpc-default-executor-0] INFO  impl.RaftServerProxy (RaftServerProxy.java:addNew(89)) - 1e2f6a91-9c74-4dc9-a67c-8a4903c0b606: addNew group-C451F71E7F1D:[1e2f6a91-9c74-4dc9-a67c-8a4903c0b606:192.168.157.226:45939] returns group-C451F71E7F1D:java.util.concurrent.CompletableFuture@1667f63e[Not completed]
2019-09-19 16:47:06,148 [pool-239-thread-1] INFO  impl.RaftServerImpl (RaftServerImpl.java:<init>(93)) - 1e2f6a91-9c74-4dc9-a67c-8a4903c0b606: new RaftServerImpl for group-C451F71E7F1D:[1e2f6a91-9c74-4dc9-a67c-8a4903c0b606:192.168.157.226:45939] with ContainerStateMachine:uninitialized
2019-09-19 16:47:06,148 [pool-239-thread-1] INFO  server.RaftServerConfigKeys (ConfUtils.java:logGet(43)) - raft.server.rpc.timeout.min = 5s (custom)
2019-09-19 16:47:06,148 [pool-239-thread-1] INFO  server.RaftServerConfigKeys (ConfUtils.java:logGet(43)) - raft.server.rpc.timeout.max = 5200ms (custom)
2019-09-19 16:47:06,148 [pool-239-thread-1] INFO  server.RaftServerConfigKeys (ConfUtils.java:logGet(43)) - raft.server.rpcslowness.timeout = 120s (custom)
2019-09-19 16:47:06,148 [pool-239-thread-1] INFO  server.RaftServerConfigKeys (ConfUtils.java:logGet(43)) - raft.server.sleep.deviation.threshold = 300 (default)
2019-09-19 16:47:06,148 [pool-239-thread-1] INFO  server.RaftServerConfigKeys (ConfUtils.java:logGet(43)) - raft.server.log.appender.install.snapshot.enabled = false (custom)
2019-09-19 16:47:06,149 [pool-239-thread-1] INFO  impl.RaftServerImpl (ServerState.java:<init>(105)) - 1e2f6a91-9c74-4dc9-a67c-8a4903c0b606:group-C451F71E7F1D ConfigurationManager, init=-1: [1e2f6a91-9c74-4dc9-a67c-8a4903c0b606:192.168.157.226:45939], old=null, confs=<EMPTY_MAP>
2019-09-19 16:47:06,149 [pool-239-thread-1] INFO  server.RaftServerConfigKeys (ConfUtils.java:logGet(43)) - raft.server.storage.dir = [/workdir/hadoop-ozone/ozonefs/target/test-dir/MiniOzoneClusterImpl-fcaa30ee-2967-4065-be48-824e4576b1bf/datanode-0/data/ratis] (custom)
2019-09-19 16:47:06,149 [pool-239-thread-1] INFO  storage.RaftStorageDirectory (RaftStorageDirectory.java:analyzeStorage(246)) - The storage directory /workdir/hadoop-ozone/ozonefs/target/test-dir/MiniOzoneClusterImpl-fcaa30ee-2967-4065-be48-824e4576b1bf/datanode-0/data/ratis/68aaf1c5-71b1-4062-ac5c-c451f71e7f1d does not exist. Creating ...
2019-09-19 16:47:06,162 [pool-239-thread-1] INFO  storage.RaftStorageDirectory (RaftStorageDirectory.java:tryLock(328)) - Lock on /workdir/hadoop-ozone/ozonefs/target/test-dir/MiniOzoneClusterImpl-fcaa30ee-2967-4065-be48-824e4576b1bf/datanode-0/data/ratis/68aaf1c5-71b1-4062-ac5c-c451f71e7f1d/in_use.lock acquired by nodename 32682@pr-hdds-1569-swxfz-3172132826
2019-09-19 16:47:06,174 [pool-239-thread-1] INFO  storage.RaftStorage (RaftStorage.java:format(72)) - Storage directory /workdir/hadoop-ozone/ozonefs/target/test-dir/MiniOzoneClusterImpl-fcaa30ee-2967-4065-be48-824e4576b1bf/datanode-0/data/ratis/68aaf1c5-71b1-4062-ac5c-c451f71e7f1d has been successfully formatted.
2019-09-19 16:47:06,174 [pool-239-thread-1] INFO  ratis.ContainerStateMachine (ContainerStateMachine.java:loadSnapshot(226)) - group-C451F71E7F1D: The snapshot info is null. Setting the last applied indexto:(t:0, i:~)
2019-09-19 16:47:06,174 [pool-239-thread-1] INFO  server.RaftServerConfigKeys (ConfUtils.java:logGet(43)) - raft.server.leader.election.timeout = 120s (custom)
2019-09-19 16:47:06,175 [pool-239-thread-1] INFO  server.RaftServerConfigKeys (ConfUtils.java:logGet(43)) - raft.server.log.use.memory = false (default)
2019-09-19 16:47:06,175 [pool-239-thread-1] INFO  server.RaftServerConfigKeys (ConfUtils.java:logGet(43)) - raft.server.log.purge.gap = 1000000 (custom)
2019-09-19 16:47:06,175 [pool-239-thread-1] INFO  server.RaftServerConfigKeys (ConfUtils.java:logGet(43)) - raft.server.log.appender.buffer.byte-limit = 33554432 (custom)
2019-09-19 16:47:06,175 [pool-239-thread-1] INFO  server.RaftServerConfigKeys (ConfUtils.java:logGet(43)) - raft.server.log.segment.size.max = 1048576 (custom)
2019-09-19 16:47:06,175 [pool-239-thread-1] INFO  server.RaftServerConfigKeys (ConfUtils.java:logGet(43)) - raft.server.log.segment.cache.num.max = 2 (custom)
2019-09-19 16:47:06,175 [pool-239-thread-1] INFO  segmented.SegmentedRaftLogWorker (SegmentedRaftLogWorker.java:<init>(172)) - new 1e2f6a91-9c74-4dc9-a67c-8a4903c0b606-SegmentedRaftLogWorker:Storage Directory /workdir/hadoop-ozone/ozonefs/target/test-dir/MiniOzoneClusterImpl-fcaa30ee-2967-4065-be48-824e4576b1bf/datanode-0/data/ratis/68aaf1c5-71b1-4062-ac5c-c451f71e7f1d for RaftStorage:Storage Directory /workdir/hadoop-ozone/ozonefs/target/test-dir/MiniOzoneClusterImpl-fcaa30ee-2967-4065-be48-824e4576b1bf/datanode-0/data/ratis/68aaf1c5-71b1-4062-ac5c-c451f71e7f1d
2019-09-19 16:47:06,175 [pool-239-thread-1] INFO  server.RaftServerConfigKeys (ConfUtils.java:logGet(43)) - raft.server.log.queue.byte-limit = 2147483647 (custom)
2019-09-19 16:47:06,175 [pool-239-thread-1] INFO  server.RaftServerConfigKeys (ConfUtils.java:logGet(43)) - raft.server.log.queue.element-limit = 1024 (custom)
2019-09-19 16:47:06,175 [pool-239-thread-1] INFO  server.RaftServerConfigKeys (ConfUtils.java:logGet(43)) - raft.server.log.segment.size.max = 1048576 (custom)
2019-09-19 16:47:06,176 [pool-239-thread-1] INFO  server.RaftServerConfigKeys (ConfUtils.java:logGet(43)) - raft.server.log.preallocated.size = 16384 (custom)
2019-09-19 16:47:06,176 [pool-239-thread-1] INFO  server.RaftServerConfigKeys (ConfUtils.java:logGet(43)) - raft.server.log.write.buffer.size = 33554432 (custom)
2019-09-19 16:47:06,176 [pool-239-thread-1] INFO  server.RaftServerConfigKeys (ConfUtils.java:logGet(43)) - raft.server.log.force.sync.num = 128 (default)
2019-09-19 16:47:06,176 [pool-239-thread-1] INFO  server.RaftServerConfigKeys (ConfUtils.java:logGet(43)) - raft.server.log.statemachine.data.sync = true (default)
2019-09-19 16:47:06,176 [pool-239-thread-1] INFO  server.RaftServerConfigKeys (ConfUtils.java:logGet(43)) - raft.server.log.statemachine.data.sync.timeout = 10s (default)
2019-09-19 16:47:06,176 [pool-239-thread-1] INFO  server.RaftServerConfigKeys (ConfUtils.java:logGet(43)) - raft.server.log.statemachine.data.sync.timeout.retry = -1 (default)
2019-09-19 16:47:06,176 [pool-239-thread-1] INFO  server.RaftServerConfigKeys (ConfUtils.java:logGet(43)) - raft.server.log.statemachine.data.caching.enabled = true (custom)
2019-09-19 16:47:06,176 [pool-239-thread-1] INFO  segmented.SegmentedRaftLogWorker (SegmentedRaftLogWorker.java:lambda$new$0(132)) - 1e2f6a91-9c74-4dc9-a67c-8a4903c0b606-SegmentedRaftLogWorker:Storage Directory /workdir/hadoop-ozone/ozonefs/target/test-dir/MiniOzoneClusterImpl-fcaa30ee-2967-4065-be48-824e4576b1bf/datanode-0/data/ratis/68aaf1c5-71b1-4062-ac5c-c451f71e7f1d: flushIndex: setUnconditionally 0 -> -1
2019-09-19 16:47:06,177 [pool-239-thread-1] INFO  server.RaftServerConfigKeys (ConfUtils.java:logGet(43)) - raft.server.snapshot.auto.trigger.enabled = true (custom)
2019-09-19 16:47:06,177 [pool-239-thread-1] INFO  server.RaftServerConfigKeys (ConfUtils.java:logGet(43)) - raft.server.snapshot.auto.trigger.threshold = 10000 (custom)
2019-09-19 16:47:06,177 [pool-239-thread-1] INFO  server.RaftServerConfigKeys (ConfUtils.java:logGet(43)) - raft.server.retrycache.expirytime = 600000ms (custom)
2019-09-19 16:47:06,177 [pool-239-thread-1] INFO  impl.RaftServerImpl (RaftServerImpl.java:start(180)) - 1e2f6a91-9c74-4dc9-a67c-8a4903c0b606: start group-C451F71E7F1D
2019-09-19 16:47:06,177 [pool-239-thread-1] INFO  impl.RaftServerImpl (RaftServerImpl.java:setRole(171)) - 1e2f6a91-9c74-4dc9-a67c-8a4903c0b606:group-C451F71E7F1D changes role from null to FOLLOWER at term 0 for startAsFollower
2019-09-19 16:47:06,177 [pool-239-thread-1] INFO  impl.RoleInfo (RoleInfo.java:updateAndGet(143)) - 1e2f6a91-9c74-4dc9-a67c-8a4903c0b606: start FollowerState
2019-09-19 16:47:06,178 [pool-239-thread-1] INFO  util.JmxRegister (JmxRegister.java:tryRegister(44)) - Successfully registered JMX Bean with object name Ratis:service=RaftServer,group=group-C451F71E7F1D,id=1e2f6a91-9c74-4dc9-a67c-8a4903c0b606
2019-09-19 16:47:06,180 [RatisPipelineUtilsThread] INFO  pipeline.PipelineStateManager (PipelineStateManager.java:addPipeline(56)) - Created pipeline Pipeline[ Id: 68aaf1c5-71b1-4062-ac5c-c451f71e7f1d, Nodes: 1e2f6a91-9c74-4dc9-a67c-8a4903c0b606{ip: 192.168.157.226, host: pr-hdds-1569-swxfz-3172132826, networkLocation: /default-rack, certSerialId: null}, Type:RATIS, Factor:ONE, State:OPEN]
2019-09-19 16:47:06,186 [grpc-default-executor-0] INFO  impl.RaftServerProxy (RaftServerProxy.java:addNew(89)) - 1e2f6a91-9c74-4dc9-a67c-8a4903c0b606: addNew group-51ECB5F97C0D:[1e2f6a91-9c74-4dc9-a67c-8a4903c0b606:192.168.157.226:45939] returns group-51ECB5F97C0D:java.util.concurrent.CompletableFuture@47a54b52[Not completed]
2019-09-19 16:47:06,187 [pool-239-thread-1] INFO  impl.RaftServerImpl (RaftServerImpl.java:<init>(93)) - 1e2f6a91-9c74-4dc9-a67c-8a4903c0b606: new RaftServerImpl for group-51ECB5F97C0D:[1e2f6a91-9c74-4dc9-a67c-8a4903c0b606:192.168.157.226:45939] with ContainerStateMachine:uninitialized
2019-09-19 16:47:06,187 [pool-239-thread-1] INFO  server.RaftServerConfigKeys (ConfUtils.java:logGet(43)) - raft.server.rpc.timeout.min = 5s (custom)
2019-09-19 16:47:06,187 [pool-239-thread-1] INFO  server.RaftServerConfigKeys (ConfUtils.java:logGet(43)) - raft.server.rpc.timeout.max = 5200ms (custom)
2019-09-19 16:47:06,187 [pool-239-thread-1] INFO  server.RaftServerConfigKeys (ConfUtils.java:logGet(43)) - raft.server.rpcslowness.timeout = 120s (custom)
2019-09-19 16:47:06,187 [pool-239-thread-1] INFO  server.RaftServerConfigKeys (ConfUtils.java:logGet(43)) - raft.server.sleep.deviation.threshold = 300 (default)
2019-09-19 16:47:06,187 [pool-239-thread-1] INFO  server.RaftServerConfigKeys (ConfUtils.java:logGet(43)) - raft.server.log.appender.install.snapshot.enabled = false (custom)
2019-09-19 16:47:06,187 [pool-239-thread-1] INFO  impl.RaftServerImpl (ServerState.java:<init>(105)) - 1e2f6a91-9c74-4dc9-a67c-8a4903c0b606:group-51ECB5F97C0D ConfigurationManager, init=-1: [1e2f6a91-9c74-4dc9-a67c-8a4903c0b606:192.168.157.226:45939], old=null, confs=<EMPTY_MAP>
2019-09-19 16:47:06,187 [pool-239-thread-1] INFO  server.RaftServerConfigKeys (ConfUtils.java:logGet(43)) - raft.server.storage.dir = [/workdir/hadoop-ozone/ozonefs/target/test-dir/MiniOzoneClusterImpl-fcaa30ee-2967-4065-be48-824e4576b1bf/datanode-0/data/ratis] (custom)
2019-09-19 16:47:06,188 [pool-239-thread-1] INFO  storage.RaftStorageDirectory (RaftStorageDirectory.java:analyzeStorage(246)) - The storage directory /workdir/hadoop-ozone/ozonefs/target/test-dir/MiniOzoneClusterImpl-fcaa30ee-2967-4065-be48-824e4576b1bf/datanode-0/data/ratis/28940566-b4cc-4648-b441-51ecb5f97c0d does not exist. Creating ...
2019-09-19 16:47:06,200 [pool-239-thread-1] INFO  storage.RaftStorageDirectory (RaftStorageDirectory.java:tryLock(328)) - Lock on /workdir/hadoop-ozone/ozonefs/target/test-dir/MiniOzoneClusterImpl-fcaa30ee-2967-4065-be48-824e4576b1bf/datanode-0/data/ratis/28940566-b4cc-4648-b441-51ecb5f97c0d/in_use.lock acquired by nodename 32682@pr-hdds-1569-swxfz-3172132826
2019-09-19 16:47:06,213 [pool-239-thread-1] INFO  storage.RaftStorage (RaftStorage.java:format(72)) - Storage directory /workdir/hadoop-ozone/ozonefs/target/test-dir/MiniOzoneClusterImpl-fcaa30ee-2967-4065-be48-824e4576b1bf/datanode-0/data/ratis/28940566-b4cc-4648-b441-51ecb5f97c0d has been successfully formatted.
2019-09-19 16:47:06,214 [pool-239-thread-1] INFO  ratis.ContainerStateMachine (ContainerStateMachine.java:loadSnapshot(226)) - group-51ECB5F97C0D: The snapshot info is null. Setting the last applied indexto:(t:0, i:~)
2019-09-19 16:47:06,214 [pool-239-thread-1] INFO  server.RaftServerConfigKeys (ConfUtils.java:logGet(43)) - raft.server.leader.election.timeout = 120s (custom)
2019-09-19 16:47:06,214 [pool-239-thread-1] INFO  server.RaftServerConfigKeys (ConfUtils.java:logGet(43)) - raft.server.log.use.memory = false (default)
2019-09-19 16:47:06,214 [pool-239-thread-1] INFO  server.RaftServerConfigKeys (ConfUtils.java:logGet(43)) - raft.server.log.purge.gap = 1000000 (custom)
2019-09-19 16:47:06,214 [pool-239-thread-1] INFO  server.RaftServerConfigKeys (ConfUtils.java:logGet(43)) - raft.server.log.appender.buffer.byte-limit = 33554432 (custom)
2019-09-19 16:47:06,214 [pool-239-thread-1] INFO  server.RaftServerConfigKeys (ConfUtils.java:logGet(43)) - raft.server.log.segment.size.max = 1048576 (custom)
2019-09-19 16:47:06,214 [pool-239-thread-1] INFO  server.RaftServerConfigKeys (ConfUtils.java:logGet(43)) - raft.server.log.segment.cache.num.max = 2 (custom)
2019-09-19 16:47:06,214 [pool-239-thread-1] INFO  segmented.SegmentedRaftLogWorker (SegmentedRaftLogWorker.java:<init>(172)) - new 1e2f6a91-9c74-4dc9-a67c-8a4903c0b606-SegmentedRaftLogWorker:Storage Directory /workdir/hadoop-ozone/ozonefs/target/test-dir/MiniOzoneClusterImpl-fcaa30ee-2967-4065-be48-824e4576b1bf/datanode-0/data/ratis/28940566-b4cc-4648-b441-51ecb5f97c0d for RaftStorage:Storage Directory /workdir/hadoop-ozone/ozonefs/target/test-dir/MiniOzoneClusterImpl-fcaa30ee-2967-4065-be48-824e4576b1bf/datanode-0/data/ratis/28940566-b4cc-4648-b441-51ecb5f97c0d
2019-09-19 16:47:06,214 [pool-239-thread-1] INFO  server.RaftServerConfigKeys (ConfUtils.java:logGet(43)) - raft.server.log.queue.byte-limit = 2147483647 (custom)
2019-09-19 16:47:06,215 [pool-239-thread-1] INFO  server.RaftServerConfigKeys (ConfUtils.java:logGet(43)) - raft.server.log.queue.element-limit = 1024 (custom)
2019-09-19 16:47:06,215 [pool-239-thread-1] INFO  server.RaftServerConfigKeys (ConfUtils.java:logGet(43)) - raft.server.log.segment.size.max = 1048576 (custom)
2019-09-19 16:47:06,215 [pool-239-thread-1] INFO  server.RaftServerConfigKeys (ConfUtils.java:logGet(43)) - raft.server.log.preallocated.size = 16384 (custom)
2019-09-19 16:47:06,215 [pool-239-thread-1] INFO  server.RaftServerConfigKeys (ConfUtils.java:logGet(43)) - raft.server.log.write.buffer.size = 33554432 (custom)
2019-09-19 16:47:06,215 [pool-239-thread-1] INFO  server.RaftServerConfigKeys (ConfUtils.java:logGet(43)) - raft.server.log.force.sync.num = 128 (default)
2019-09-19 16:47:06,215 [pool-239-thread-1] INFO  server.RaftServerConfigKeys (ConfUtils.java:logGet(43)) - raft.server.log.statemachine.data.sync = true (default)
2019-09-19 16:47:06,215 [pool-239-thread-1] INFO  server.RaftServerConfigKeys (ConfUtils.java:logGet(43)) - raft.server.log.statemachine.data.sync.timeout = 10s (default)
2019-09-19 16:47:06,215 [pool-239-thread-1] INFO  server.RaftServerConfigKeys (ConfUtils.java:logGet(43)) - raft.server.log.statemachine.data.sync.timeout.retry = -1 (default)
2019-09-19 16:47:06,215 [pool-239-thread-1] INFO  server.RaftServerConfigKeys (ConfUtils.java:logGet(43)) - raft.server.log.statemachine.data.caching.enabled = true (custom)
2019-09-19 16:47:06,216 [pool-239-thread-1] INFO  segmented.SegmentedRaftLogWorker (SegmentedRaftLogWorker.java:lambda$new$0(132)) - 1e2f6a91-9c74-4dc9-a67c-8a4903c0b606-SegmentedRaftLogWorker:Storage Directory /workdir/hadoop-ozone/ozonefs/target/test-dir/MiniOzoneClusterImpl-fcaa30ee-2967-4065-be48-824e4576b1bf/datanode-0/data/ratis/28940566-b4cc-4648-b441-51ecb5f97c0d: flushIndex: setUnconditionally 0 -> -1
2019-09-19 16:47:06,216 [pool-239-thread-1] INFO  server.RaftServerConfigKeys (ConfUtils.java:logGet(43)) - raft.server.snapshot.auto.trigger.enabled = true (custom)
2019-09-19 16:47:06,216 [pool-239-thread-1] INFO  server.RaftServerConfigKeys (ConfUtils.java:logGet(43)) - raft.server.snapshot.auto.trigger.threshold = 10000 (custom)
2019-09-19 16:47:06,216 [pool-239-thread-1] INFO  server.RaftServerConfigKeys (ConfUtils.java:logGet(43)) - raft.server.retrycache.expirytime = 600000ms (custom)
2019-09-19 16:47:06,216 [pool-239-thread-1] INFO  impl.RaftServerImpl (RaftServerImpl.java:start(180)) - 1e2f6a91-9c74-4dc9-a67c-8a4903c0b606: start group-51ECB5F97C0D
2019-09-19 16:47:06,216 [pool-239-thread-1] INFO  impl.RaftServerImpl (RaftServerImpl.java:setRole(171)) - 1e2f6a91-9c74-4dc9-a67c-8a4903c0b606:group-51ECB5F97C0D changes role from null to FOLLOWER at term 0 for startAsFollower
2019-09-19 16:47:06,216 [pool-239-thread-1] INFO  impl.RoleInfo (RoleInfo.java:updateAndGet(143)) - 1e2f6a91-9c74-4dc9-a67c-8a4903c0b606: start FollowerState
2019-09-19 16:47:06,217 [pool-239-thread-1] INFO  util.JmxRegister (JmxRegister.java:tryRegister(44)) - Successfully registered JMX Bean with object name Ratis:service=RaftServer,group=group-51ECB5F97C0D,id=1e2f6a91-9c74-4dc9-a67c-8a4903c0b606
2019-09-19 16:47:06,219 [RatisPipelineUtilsThread] INFO  pipeline.PipelineStateManager (PipelineStateManager.java:addPipeline(56)) - Created pipeline Pipeline[ Id: 28940566-b4cc-4648-b441-51ecb5f97c0d, Nodes: 1e2f6a91-9c74-4dc9-a67c-8a4903c0b606{ip: 192.168.157.226, host: pr-hdds-1569-swxfz-3172132826, networkLocation: /default-rack, certSerialId: null}, Type:RATIS, Factor:ONE, State:OPEN]
2019-09-19 16:47:06,224 [grpc-default-executor-0] INFO  impl.RaftServerProxy (RaftServerProxy.java:addNew(89)) - 1e2f6a91-9c74-4dc9-a67c-8a4903c0b606: addNew group-A891B034C021:[1e2f6a91-9c74-4dc9-a67c-8a4903c0b606:192.168.157.226:45939] returns group-A891B034C021:java.util.concurrent.CompletableFuture@7205b427[Not completed]
2019-09-19 16:47:06,225 [pool-239-thread-1] INFO  impl.RaftServerImpl (RaftServerImpl.java:<init>(93)) - 1e2f6a91-9c74-4dc9-a67c-8a4903c0b606: new RaftServerImpl for group-A891B034C021:[1e2f6a91-9c74-4dc9-a67c-8a4903c0b606:192.168.157.226:45939] with ContainerStateMachine:uninitialized
2019-09-19 16:47:06,225 [pool-239-thread-1] INFO  server.RaftServerConfigKeys (ConfUtils.java:logGet(43)) - raft.server.rpc.timeout.min = 5s (custom)
2019-09-19 16:47:06,225 [pool-239-thread-1] INFO  server.RaftServerConfigKeys (ConfUtils.java:logGet(43)) - raft.server.rpc.timeout.max = 5200ms (custom)
2019-09-19 16:47:06,225 [pool-239-thread-1] INFO  server.RaftServerConfigKeys (ConfUtils.java:logGet(43)) - raft.server.rpcslowness.timeout = 120s (custom)
2019-09-19 16:47:06,225 [pool-239-thread-1] INFO  server.RaftServerConfigKeys (ConfUtils.java:logGet(43)) - raft.server.sleep.deviation.threshold = 300 (default)
2019-09-19 16:47:06,225 [pool-239-thread-1] INFO  server.RaftServerConfigKeys (ConfUtils.java:logGet(43)) - raft.server.log.appender.install.snapshot.enabled = false (custom)
2019-09-19 16:47:06,226 [pool-239-thread-1] INFO  impl.RaftServerImpl (ServerState.java:<init>(105)) - 1e2f6a91-9c74-4dc9-a67c-8a4903c0b606:group-A891B034C021 ConfigurationManager, init=-1: [1e2f6a91-9c74-4dc9-a67c-8a4903c0b606:192.168.157.226:45939], old=null, confs=<EMPTY_MAP>
2019-09-19 16:47:06,226 [pool-239-thread-1] INFO  server.RaftServerConfigKeys (ConfUtils.java:logGet(43)) - raft.server.storage.dir = [/workdir/hadoop-ozone/ozonefs/target/test-dir/MiniOzoneClusterImpl-fcaa30ee-2967-4065-be48-824e4576b1bf/datanode-0/data/ratis] (custom)
2019-09-19 16:47:06,226 [pool-239-thread-1] INFO  storage.RaftStorageDirectory (RaftStorageDirectory.java:analyzeStorage(246)) - The storage directory /workdir/hadoop-ozone/ozonefs/target/test-dir/MiniOzoneClusterImpl-fcaa30ee-2967-4065-be48-824e4576b1bf/datanode-0/data/ratis/50453309-357a-4dd5-bca2-a891b034c021 does not exist. Creating ...
2019-09-19 16:47:06,238 [pool-239-thread-1] INFO  storage.RaftStorageDirectory (RaftStorageDirectory.java:tryLock(328)) - Lock on /workdir/hadoop-ozone/ozonefs/target/test-dir/MiniOzoneClusterImpl-fcaa30ee-2967-4065-be48-824e4576b1bf/datanode-0/data/ratis/50453309-357a-4dd5-bca2-a891b034c021/in_use.lock acquired by nodename 32682@pr-hdds-1569-swxfz-3172132826
2019-09-19 16:47:06,250 [pool-239-thread-1] INFO  storage.RaftStorage (RaftStorage.java:format(72)) - Storage directory /workdir/hadoop-ozone/ozonefs/target/test-dir/MiniOzoneClusterImpl-fcaa30ee-2967-4065-be48-824e4576b1bf/datanode-0/data/ratis/50453309-357a-4dd5-bca2-a891b034c021 has been successfully formatted.
2019-09-19 16:47:06,251 [pool-239-thread-1] INFO  ratis.ContainerStateMachine (ContainerStateMachine.java:loadSnapshot(226)) - group-A891B034C021: The snapshot info is null. Setting the last applied indexto:(t:0, i:~)
2019-09-19 16:47:06,251 [pool-239-thread-1] INFO  server.RaftServerConfigKeys (ConfUtils.java:logGet(43)) - raft.server.leader.election.timeout = 120s (custom)
2019-09-19 16:47:06,251 [pool-239-thread-1] INFO  server.RaftServerConfigKeys (ConfUtils.java:logGet(43)) - raft.server.log.use.memory = false (default)
2019-09-19 16:47:06,251 [pool-239-thread-1] INFO  server.RaftServerConfigKeys (ConfUtils.java:logGet(43)) - raft.server.log.purge.gap = 1000000 (custom)
2019-09-19 16:47:06,251 [pool-239-thread-1] INFO  server.RaftServerConfigKeys (ConfUtils.java:logGet(43)) - raft.server.log.appender.buffer.byte-limit = 33554432 (custom)
2019-09-19 16:47:06,252 [pool-239-thread-1] INFO  server.RaftServerConfigKeys (ConfUtils.java:logGet(43)) - raft.server.log.segment.size.max = 1048576 (custom)
2019-09-19 16:47:06,252 [pool-239-thread-1] INFO  server.RaftServerConfigKeys (ConfUtils.java:logGet(43)) - raft.server.log.segment.cache.num.max = 2 (custom)
2019-09-19 16:47:06,252 [pool-239-thread-1] INFO  segmented.SegmentedRaftLogWorker (SegmentedRaftLogWorker.java:<init>(172)) - new 1e2f6a91-9c74-4dc9-a67c-8a4903c0b606-SegmentedRaftLogWorker:Storage Directory /workdir/hadoop-ozone/ozonefs/target/test-dir/MiniOzoneClusterImpl-fcaa30ee-2967-4065-be48-824e4576b1bf/datanode-0/data/ratis/50453309-357a-4dd5-bca2-a891b034c021 for RaftStorage:Storage Directory /workdir/hadoop-ozone/ozonefs/target/test-dir/MiniOzoneClusterImpl-fcaa30ee-2967-4065-be48-824e4576b1bf/datanode-0/data/ratis/50453309-357a-4dd5-bca2-a891b034c021
2019-09-19 16:47:06,252 [pool-239-thread-1] INFO  server.RaftServerConfigKeys (ConfUtils.java:logGet(43)) - raft.server.log.queue.byte-limit = 2147483647 (custom)
2019-09-19 16:47:06,252 [pool-239-thread-1] INFO  server.RaftServerConfigKeys (ConfUtils.java:logGet(43)) - raft.server.log.queue.element-limit = 1024 (custom)
2019-09-19 16:47:06,252 [pool-239-thread-1] INFO  server.RaftServerConfigKeys (ConfUtils.java:logGet(43)) - raft.server.log.segment.size.max = 1048576 (custom)
2019-09-19 16:47:06,252 [pool-239-thread-1] INFO  server.RaftServerConfigKeys (ConfUtils.java:logGet(43)) - raft.server.log.preallocated.size = 16384 (custom)
2019-09-19 16:47:06,253 [pool-239-thread-1] INFO  server.RaftServerConfigKeys (ConfUtils.java:logGet(43)) - raft.server.log.write.buffer.size = 33554432 (custom)
2019-09-19 16:47:06,253 [pool-239-thread-1] INFO  server.RaftServerConfigKeys (ConfUtils.java:logGet(43)) - raft.server.log.force.sync.num = 128 (default)
2019-09-19 16:47:06,253 [pool-239-thread-1] INFO  server.RaftServerConfigKeys (ConfUtils.java:logGet(43)) - raft.server.log.statemachine.data.sync = true (default)
2019-09-19 16:47:06,253 [pool-239-thread-1] INFO  server.RaftServerConfigKeys (ConfUtils.java:logGet(43)) - raft.server.log.statemachine.data.sync.timeout = 10s (default)
2019-09-19 16:47:06,253 [pool-239-thread-1] INFO  server.RaftServerConfigKeys (ConfUtils.java:logGet(43)) - raft.server.log.statemachine.data.sync.timeout.retry = -1 (default)
2019-09-19 16:47:06,253 [pool-239-thread-1] INFO  server.RaftServerConfigKeys (ConfUtils.java:logGet(43)) - raft.server.log.statemachine.data.caching.enabled = true (custom)
2019-09-19 16:47:06,254 [pool-239-thread-1] INFO  segmented.SegmentedRaftLogWorker (SegmentedRaftLogWorker.java:lambda$new$0(132)) - 1e2f6a91-9c74-4dc9-a67c-8a4903c0b606-SegmentedRaftLogWorker:Storage Directory /workdir/hadoop-ozone/ozonefs/target/test-dir/MiniOzoneClusterImpl-fcaa30ee-2967-4065-be48-824e4576b1bf/datanode-0/data/ratis/50453309-357a-4dd5-bca2-a891b034c021: flushIndex: setUnconditionally 0 -> -1
2019-09-19 16:47:06,254 [pool-239-thread-1] INFO  server.RaftServerConfigKeys (ConfUtils.java:logGet(43)) - raft.server.snapshot.auto.trigger.enabled = true (custom)
2019-09-19 16:47:06,254 [pool-239-thread-1] INFO  server.RaftServerConfigKeys (ConfUtils.java:logGet(43)) - raft.server.snapshot.auto.trigger.threshold = 10000 (custom)
2019-09-19 16:47:06,254 [pool-239-thread-1] INFO  server.RaftServerConfigKeys (ConfUtils.java:logGet(43)) - raft.server.retrycache.expirytime = 600000ms (custom)
2019-09-19 16:47:06,254 [pool-239-thread-1] INFO  impl.RaftServerImpl (RaftServerImpl.java:start(180)) - 1e2f6a91-9c74-4dc9-a67c-8a4903c0b606: start group-A891B034C021
2019-09-19 16:47:06,255 [pool-239-thread-1] INFO  impl.RaftServerImpl (RaftServerImpl.java:setRole(171)) - 1e2f6a91-9c74-4dc9-a67c-8a4903c0b606:group-A891B034C021 changes role from null to FOLLOWER at term 0 for startAsFollower
2019-09-19 16:47:06,255 [pool-239-thread-1] INFO  impl.RoleInfo (RoleInfo.java:updateAndGet(143)) - 1e2f6a91-9c74-4dc9-a67c-8a4903c0b606: start FollowerState
2019-09-19 16:47:06,255 [pool-239-thread-1] INFO  util.JmxRegister (JmxRegister.java:tryRegister(44)) - Successfully registered JMX Bean with object name Ratis:service=RaftServer,group=group-A891B034C021,id=1e2f6a91-9c74-4dc9-a67c-8a4903c0b606
2019-09-19 16:47:06,258 [RatisPipelineUtilsThread] INFO  pipeline.PipelineStateManager (PipelineStateManager.java:addPipeline(56)) - Created pipeline Pipeline[ Id: 50453309-357a-4dd5-bca2-a891b034c021, Nodes: 1e2f6a91-9c74-4dc9-a67c-8a4903c0b606{ip: 192.168.157.226, host: pr-hdds-1569-swxfz-3172132826, networkLocation: /default-rack, certSerialId: null}, Type:RATIS, Factor:ONE, State:OPEN]
2019-09-19 16:47:06,263 [IPC Server handler 0 on 39918] INFO  net.NetworkTopology (NetworkTopologyImpl.java:add(110)) - Added a new node: /default-rack/90807a67-81c1-4bdc-9300-b9ddb9d662c8
2019-09-19 16:47:06,263 [IPC Server handler 0 on 39918] INFO  node.SCMNodeManager (SCMNodeManager.java:register(273)) - Registered Data node : 90807a67-81c1-4bdc-9300-b9ddb9d662c8{ip: 192.168.157.226, host: pr-hdds-1569-swxfz-3172132826, networkLocation: /default-rack, certSerialId: null}
2019-09-19 16:47:06,264 | INFO  | SCMAudit | user=jenkins1000 | ip=192.168.157.226 | op=REGISTER {datanodeDetails=90807a67-81c1-4bdc-9300-b9ddb9d662c8{ip: 192.168.157.226, host: pr-hdds-1569-swxfz-3172132826, networkLocation: /default-rack, certSerialId: null}} | ret=SUCCESS |  
2019-09-19 16:47:06,264 [grpc-default-executor-0] INFO  impl.RaftServerProxy (RaftServerProxy.java:addNew(89)) - 1e2f6a91-9c74-4dc9-a67c-8a4903c0b606: addNew group-5C4DB54BD8EF:[1e2f6a91-9c74-4dc9-a67c-8a4903c0b606:192.168.157.226:45939] returns group-5C4DB54BD8EF:java.util.concurrent.CompletableFuture@43eb7056[Not completed]
2019-09-19 16:47:06,265 [pool-239-thread-1] INFO  impl.RaftServerImpl (RaftServerImpl.java:<init>(93)) - 1e2f6a91-9c74-4dc9-a67c-8a4903c0b606: new RaftServerImpl for group-5C4DB54BD8EF:[1e2f6a91-9c74-4dc9-a67c-8a4903c0b606:192.168.157.226:45939] with ContainerStateMachine:uninitialized
2019-09-19 16:47:06,265 [pool-239-thread-1] INFO  server.RaftServerConfigKeys (ConfUtils.java:logGet(43)) - raft.server.rpc.timeout.min = 5s (custom)
2019-09-19 16:47:06,265 [pool-239-thread-1] INFO  server.RaftServerConfigKeys (ConfUtils.java:logGet(43)) - raft.server.rpc.timeout.max = 5200ms (custom)
2019-09-19 16:47:06,265 [pool-239-thread-1] INFO  server.RaftServerConfigKeys (ConfUtils.java:logGet(43)) - raft.server.rpcslowness.timeout = 120s (custom)
2019-09-19 16:47:06,265 [pool-239-thread-1] INFO  server.RaftServerConfigKeys (ConfUtils.java:logGet(43)) - raft.server.sleep.deviation.threshold = 300 (default)
2019-09-19 16:47:06,265 [pool-239-thread-1] INFO  server.RaftServerConfigKeys (ConfUtils.java:logGet(43)) - raft.server.log.appender.install.snapshot.enabled = false (custom)
2019-09-19 16:47:06,265 [pool-239-thread-1] INFO  impl.RaftServerImpl (ServerState.java:<init>(105)) - 1e2f6a91-9c74-4dc9-a67c-8a4903c0b606:group-5C4DB54BD8EF ConfigurationManager, init=-1: [1e2f6a91-9c74-4dc9-a67c-8a4903c0b606:192.168.157.226:45939], old=null, confs=<EMPTY_MAP>
2019-09-19 16:47:06,265 [pool-239-thread-1] INFO  server.RaftServerConfigKeys (ConfUtils.java:logGet(43)) - raft.server.storage.dir = [/workdir/hadoop-ozone/ozonefs/target/test-dir/MiniOzoneClusterImpl-fcaa30ee-2967-4065-be48-824e4576b1bf/datanode-0/data/ratis] (custom)
2019-09-19 16:47:06,266 [pool-239-thread-1] INFO  storage.RaftStorageDirectory (RaftStorageDirectory.java:analyzeStorage(246)) - The storage directory /workdir/hadoop-ozone/ozonefs/target/test-dir/MiniOzoneClusterImpl-fcaa30ee-2967-4065-be48-824e4576b1bf/datanode-0/data/ratis/fad3ba11-8a60-46dd-9acf-5c4db54bd8ef does not exist. Creating ...
2019-09-19 16:47:06,278 [pool-239-thread-1] INFO  storage.RaftStorageDirectory (RaftStorageDirectory.java:tryLock(328)) - Lock on /workdir/hadoop-ozone/ozonefs/target/test-dir/MiniOzoneClusterImpl-fcaa30ee-2967-4065-be48-824e4576b1bf/datanode-0/data/ratis/fad3ba11-8a60-46dd-9acf-5c4db54bd8ef/in_use.lock acquired by nodename 32682@pr-hdds-1569-swxfz-3172132826
2019-09-19 16:47:06,290 [pool-239-thread-1] INFO  storage.RaftStorage (RaftStorage.java:format(72)) - Storage directory /workdir/hadoop-ozone/ozonefs/target/test-dir/MiniOzoneClusterImpl-fcaa30ee-2967-4065-be48-824e4576b1bf/datanode-0/data/ratis/fad3ba11-8a60-46dd-9acf-5c4db54bd8ef has been successfully formatted.
2019-09-19 16:47:06,291 [pool-239-thread-1] INFO  ratis.ContainerStateMachine (ContainerStateMachine.java:loadSnapshot(226)) - group-5C4DB54BD8EF: The snapshot info is null. Setting the last applied indexto:(t:0, i:~)
2019-09-19 16:47:06,291 [pool-239-thread-1] INFO  server.RaftServerConfigKeys (ConfUtils.java:logGet(43)) - raft.server.leader.election.timeout = 120s (custom)
2019-09-19 16:47:06,291 [pool-239-thread-1] INFO  server.RaftServerConfigKeys (ConfUtils.java:logGet(43)) - raft.server.log.use.memory = false (default)
2019-09-19 16:47:06,291 [pool-239-thread-1] INFO  server.RaftServerConfigKeys (ConfUtils.java:logGet(43)) - raft.server.log.purge.gap = 1000000 (custom)
2019-09-19 16:47:06,291 [pool-239-thread-1] INFO  server.RaftServerConfigKeys (ConfUtils.java:logGet(43)) - raft.server.log.appender.buffer.byte-limit = 33554432 (custom)
2019-09-19 16:47:06,291 [pool-239-thread-1] INFO  server.RaftServerConfigKeys (ConfUtils.java:logGet(43)) - raft.server.log.segment.size.max = 1048576 (custom)
2019-09-19 16:47:06,291 [pool-239-thread-1] INFO  server.RaftServerConfigKeys (ConfUtils.java:logGet(43)) - raft.server.log.segment.cache.num.max = 2 (custom)
2019-09-19 16:47:06,291 [pool-239-thread-1] INFO  segmented.SegmentedRaftLogWorker (SegmentedRaftLogWorker.java:<init>(172)) - new 1e2f6a91-9c74-4dc9-a67c-8a4903c0b606-SegmentedRaftLogWorker:Storage Directory /workdir/hadoop-ozone/ozonefs/target/test-dir/MiniOzoneClusterImpl-fcaa30ee-2967-4065-be48-824e4576b1bf/datanode-0/data/ratis/fad3ba11-8a60-46dd-9acf-5c4db54bd8ef for RaftStorage:Storage Directory /workdir/hadoop-ozone/ozonefs/target/test-dir/MiniOzoneClusterImpl-fcaa30ee-2967-4065-be48-824e4576b1bf/datanode-0/data/ratis/fad3ba11-8a60-46dd-9acf-5c4db54bd8ef
2019-09-19 16:47:06,292 [pool-239-thread-1] INFO  server.RaftServerConfigKeys (ConfUtils.java:logGet(43)) - raft.server.log.queue.byte-limit = 2147483647 (custom)
2019-09-19 16:47:06,292 [pool-239-thread-1] INFO  server.RaftServerConfigKeys (ConfUtils.java:logGet(43)) - raft.server.log.queue.element-limit = 1024 (custom)
2019-09-19 16:47:06,292 [pool-239-thread-1] INFO  server.RaftServerConfigKeys (ConfUtils.java:logGet(43)) - raft.server.log.segment.size.max = 1048576 (custom)
2019-09-19 16:47:06,292 [pool-239-thread-1] INFO  server.RaftServerConfigKeys (ConfUtils.java:logGet(43)) - raft.server.log.preallocated.size = 16384 (custom)
2019-09-19 16:47:06,292 [pool-239-thread-1] INFO  server.RaftServerConfigKeys (ConfUtils.java:logGet(43)) - raft.server.log.write.buffer.size = 33554432 (custom)
2019-09-19 16:47:06,292 [pool-239-thread-1] INFO  server.RaftServerConfigKeys (ConfUtils.java:logGet(43)) - raft.server.log.force.sync.num = 128 (default)
2019-09-19 16:47:06,292 [pool-239-thread-1] INFO  server.RaftServerConfigKeys (ConfUtils.java:logGet(43)) - raft.server.log.statemachine.data.sync = true (default)
2019-09-19 16:47:06,292 [pool-239-thread-1] INFO  server.RaftServerConfigKeys (ConfUtils.java:logGet(43)) - raft.server.log.statemachine.data.sync.timeout = 10s (default)
2019-09-19 16:47:06,292 [pool-239-thread-1] INFO  server.RaftServerConfigKeys (ConfUtils.java:logGet(43)) - raft.server.log.statemachine.data.sync.timeout.retry = -1 (default)
2019-09-19 16:47:06,293 [pool-239-thread-1] INFO  server.RaftServerConfigKeys (ConfUtils.java:logGet(43)) - raft.server.log.statemachine.data.caching.enabled = true (custom)
2019-09-19 16:47:06,293 [pool-239-thread-1] INFO  segmented.SegmentedRaftLogWorker (SegmentedRaftLogWorker.java:lambda$new$0(132)) - 1e2f6a91-9c74-4dc9-a67c-8a4903c0b606-SegmentedRaftLogWorker:Storage Directory /workdir/hadoop-ozone/ozonefs/target/test-dir/MiniOzoneClusterImpl-fcaa30ee-2967-4065-be48-824e4576b1bf/datanode-0/data/ratis/fad3ba11-8a60-46dd-9acf-5c4db54bd8ef: flushIndex: setUnconditionally 0 -> -1
2019-09-19 16:47:06,293 [pool-239-thread-1] INFO  server.RaftServerConfigKeys (ConfUtils.java:logGet(43)) - raft.server.snapshot.auto.trigger.enabled = true (custom)
2019-09-19 16:47:06,293 [pool-239-thread-1] INFO  server.RaftServerConfigKeys (ConfUtils.java:logGet(43)) - raft.server.snapshot.auto.trigger.threshold = 10000 (custom)
2019-09-19 16:47:06,293 [pool-239-thread-1] INFO  server.RaftServerConfigKeys (ConfUtils.java:logGet(43)) - raft.server.retrycache.expirytime = 600000ms (custom)
2019-09-19 16:47:06,293 [pool-239-thread-1] INFO  impl.RaftServerImpl (RaftServerImpl.java:start(180)) - 1e2f6a91-9c74-4dc9-a67c-8a4903c0b606: start group-5C4DB54BD8EF
2019-09-19 16:47:06,293 [pool-239-thread-1] INFO  impl.RaftServerImpl (RaftServerImpl.java:setRole(171)) - 1e2f6a91-9c74-4dc9-a67c-8a4903c0b606:group-5C4DB54BD8EF changes role from null to FOLLOWER at term 0 for startAsFollower
2019-09-19 16:47:06,294 [pool-239-thread-1] INFO  impl.RoleInfo (RoleInfo.java:updateAndGet(143)) - 1e2f6a91-9c74-4dc9-a67c-8a4903c0b606: start FollowerState
2019-09-19 16:47:06,294 [pool-239-thread-1] INFO  util.JmxRegister (JmxRegister.java:tryRegister(44)) - Successfully registered JMX Bean with object name Ratis:service=RaftServer,group=group-5C4DB54BD8EF,id=1e2f6a91-9c74-4dc9-a67c-8a4903c0b606
2019-09-19 16:47:06,297 [RatisPipelineUtilsThread] INFO  pipeline.PipelineStateManager (PipelineStateManager.java:addPipeline(56)) - Created pipeline Pipeline[ Id: fad3ba11-8a60-46dd-9acf-5c4db54bd8ef, Nodes: 1e2f6a91-9c74-4dc9-a67c-8a4903c0b606{ip: 192.168.157.226, host: pr-hdds-1569-swxfz-3172132826, networkLocation: /default-rack, certSerialId: null}, Type:RATIS, Factor:ONE, State:OPEN]
2019-09-19 16:47:06,305 [grpc-default-executor-0] INFO  impl.RaftServerProxy (RaftServerProxy.java:addNew(89)) - 90807a67-81c1-4bdc-9300-b9ddb9d662c8: addNew group-42CDF234EBB5:[90807a67-81c1-4bdc-9300-b9ddb9d662c8:192.168.157.226:46825] returns group-42CDF234EBB5:java.util.concurrent.CompletableFuture@708c95a1[Not completed]
2019-09-19 16:47:06,307 [pool-250-thread-1] INFO  impl.RaftServerImpl (RaftServerImpl.java:<init>(93)) - 90807a67-81c1-4bdc-9300-b9ddb9d662c8: new RaftServerImpl for group-42CDF234EBB5:[90807a67-81c1-4bdc-9300-b9ddb9d662c8:192.168.157.226:46825] with ContainerStateMachine:uninitialized
2019-09-19 16:47:06,307 [pool-250-thread-1] INFO  server.RaftServerConfigKeys (ConfUtils.java:logGet(43)) - raft.server.rpc.timeout.min = 5s (custom)
2019-09-19 16:47:06,308 [pool-250-thread-1] INFO  server.RaftServerConfigKeys (ConfUtils.java:logGet(43)) - raft.server.rpc.timeout.max = 5200ms (custom)
2019-09-19 16:47:06,308 [pool-250-thread-1] INFO  server.RaftServerConfigKeys (ConfUtils.java:logGet(43)) - raft.server.rpcslowness.timeout = 120s (custom)
2019-09-19 16:47:06,308 [pool-250-thread-1] INFO  server.RaftServerConfigKeys (ConfUtils.java:logGet(43)) - raft.server.sleep.deviation.threshold = 300 (default)
2019-09-19 16:47:06,308 [pool-250-thread-1] INFO  server.RaftServerConfigKeys (ConfUtils.java:logGet(43)) - raft.server.log.appender.install.snapshot.enabled = false (custom)
2019-09-19 16:47:06,308 [pool-250-thread-1] INFO  impl.RaftServerImpl (ServerState.java:<init>(105)) - 90807a67-81c1-4bdc-9300-b9ddb9d662c8:group-42CDF234EBB5 ConfigurationManager, init=-1: [90807a67-81c1-4bdc-9300-b9ddb9d662c8:192.168.157.226:46825], old=null, confs=<EMPTY_MAP>
2019-09-19 16:47:06,309 [pool-250-thread-1] INFO  server.RaftServerConfigKeys (ConfUtils.java:logGet(43)) - raft.server.storage.dir = [/workdir/hadoop-ozone/ozonefs/target/test-dir/MiniOzoneClusterImpl-fcaa30ee-2967-4065-be48-824e4576b1bf/datanode-1/data/ratis] (custom)
2019-09-19 16:47:06,309 [pool-250-thread-1] INFO  storage.RaftStorageDirectory (RaftStorageDirectory.java:analyzeStorage(246)) - The storage directory /workdir/hadoop-ozone/ozonefs/target/test-dir/MiniOzoneClusterImpl-fcaa30ee-2967-4065-be48-824e4576b1bf/datanode-1/data/ratis/b6ae5504-365a-4129-bc6c-42cdf234ebb5 does not exist. Creating ...
2019-09-19 16:47:06,322 [pool-250-thread-1] INFO  storage.RaftStorageDirectory (RaftStorageDirectory.java:tryLock(328)) - Lock on /workdir/hadoop-ozone/ozonefs/target/test-dir/MiniOzoneClusterImpl-fcaa30ee-2967-4065-be48-824e4576b1bf/datanode-1/data/ratis/b6ae5504-365a-4129-bc6c-42cdf234ebb5/in_use.lock acquired by nodename 32682@pr-hdds-1569-swxfz-3172132826
2019-09-19 16:47:06,325 [pool-250-thread-1] INFO  storage.RaftStorage (RaftStorage.java:format(72)) - Storage directory /workdir/hadoop-ozone/ozonefs/target/test-dir/MiniOzoneClusterImpl-fcaa30ee-2967-4065-be48-824e4576b1bf/datanode-1/data/ratis/b6ae5504-365a-4129-bc6c-42cdf234ebb5 has been successfully formatted.
2019-09-19 16:47:06,326 [pool-250-thread-1] INFO  ratis.ContainerStateMachine (ContainerStateMachine.java:loadSnapshot(226)) - group-42CDF234EBB5: The snapshot info is null. Setting the last applied indexto:(t:0, i:~)
2019-09-19 16:47:06,326 [pool-250-thread-1] INFO  server.RaftServerConfigKeys (ConfUtils.java:logGet(43)) - raft.server.leader.election.timeout = 120s (custom)
2019-09-19 16:47:06,326 [pool-250-thread-1] INFO  server.RaftServerConfigKeys (ConfUtils.java:logGet(43)) - raft.server.log.use.memory = false (default)
2019-09-19 16:47:06,326 [pool-250-thread-1] INFO  server.RaftServerConfigKeys (ConfUtils.java:logGet(43)) - raft.server.log.purge.gap = 1000000 (custom)
2019-09-19 16:47:06,326 [pool-250-thread-1] INFO  server.RaftServerConfigKeys (ConfUtils.java:logGet(43)) - raft.server.log.appender.buffer.byte-limit = 33554432 (custom)
2019-09-19 16:47:06,327 [pool-250-thread-1] INFO  server.RaftServerConfigKeys (ConfUtils.java:logGet(43)) - raft.server.log.segment.size.max = 1048576 (custom)
2019-09-19 16:47:06,327 [pool-250-thread-1] INFO  server.RaftServerConfigKeys (ConfUtils.java:logGet(43)) - raft.server.log.segment.cache.num.max = 2 (custom)
2019-09-19 16:47:06,327 [pool-250-thread-1] INFO  segmented.SegmentedRaftLogWorker (SegmentedRaftLogWorker.java:<init>(172)) - new 90807a67-81c1-4bdc-9300-b9ddb9d662c8-SegmentedRaftLogWorker:Storage Directory /workdir/hadoop-ozone/ozonefs/target/test-dir/MiniOzoneClusterImpl-fcaa30ee-2967-4065-be48-824e4576b1bf/datanode-1/data/ratis/b6ae5504-365a-4129-bc6c-42cdf234ebb5 for RaftStorage:Storage Directory /workdir/hadoop-ozone/ozonefs/target/test-dir/MiniOzoneClusterImpl-fcaa30ee-2967-4065-be48-824e4576b1bf/datanode-1/data/ratis/b6ae5504-365a-4129-bc6c-42cdf234ebb5
2019-09-19 16:47:06,327 [pool-250-thread-1] INFO  server.RaftServerConfigKeys (ConfUtils.java:logGet(43)) - raft.server.log.queue.byte-limit = 2147483647 (custom)
2019-09-19 16:47:06,327 [pool-250-thread-1] INFO  server.RaftServerConfigKeys (ConfUtils.java:logGet(43)) - raft.server.log.queue.element-limit = 1024 (custom)
2019-09-19 16:47:06,328 [pool-250-thread-1] INFO  server.RaftServerConfigKeys (ConfUtils.java:logGet(43)) - raft.server.log.segment.size.max = 1048576 (custom)
2019-09-19 16:47:06,328 [pool-250-thread-1] INFO  server.RaftServerConfigKeys (ConfUtils.java:logGet(43)) - raft.server.log.preallocated.size = 16384 (custom)
2019-09-19 16:47:06,328 [pool-250-thread-1] INFO  server.RaftServerConfigKeys (ConfUtils.java:logGet(43)) - raft.server.log.write.buffer.size = 33554432 (custom)
2019-09-19 16:47:06,328 [pool-250-thread-1] INFO  server.RaftServerConfigKeys (ConfUtils.java:logGet(43)) - raft.server.log.force.sync.num = 128 (default)
2019-09-19 16:47:06,328 [pool-250-thread-1] INFO  server.RaftServerConfigKeys (ConfUtils.java:logGet(43)) - raft.server.log.statemachine.data.sync = true (default)
2019-09-19 16:47:06,328 [pool-250-thread-1] INFO  server.RaftServerConfigKeys (ConfUtils.java:logGet(43)) - raft.server.log.statemachine.data.sync.timeout = 10s (default)
2019-09-19 16:47:06,328 [pool-250-thread-1] INFO  server.RaftServerConfigKeys (ConfUtils.java:logGet(43)) - raft.server.log.statemachine.data.sync.timeout.retry = -1 (default)
2019-09-19 16:47:06,329 [pool-250-thread-1] INFO  server.RaftServerConfigKeys (ConfUtils.java:logGet(43)) - raft.server.log.statemachine.data.caching.enabled = true (custom)
2019-09-19 16:47:06,329 [pool-250-thread-1] INFO  segmented.SegmentedRaftLogWorker (SegmentedRaftLogWorker.java:lambda$new$0(132)) - 90807a67-81c1-4bdc-9300-b9ddb9d662c8-SegmentedRaftLogWorker:Storage Directory /workdir/hadoop-ozone/ozonefs/target/test-dir/MiniOzoneClusterImpl-fcaa30ee-2967-4065-be48-824e4576b1bf/datanode-1/data/ratis/b6ae5504-365a-4129-bc6c-42cdf234ebb5: flushIndex: setUnconditionally 0 -> -1
2019-09-19 16:47:06,330 [pool-250-thread-1] INFO  server.RaftServerConfigKeys (ConfUtils.java:logGet(43)) - raft.server.snapshot.auto.trigger.enabled = true (custom)
2019-09-19 16:47:06,330 [pool-250-thread-1] INFO  server.RaftServerConfigKeys (ConfUtils.java:logGet(43)) - raft.server.snapshot.auto.trigger.threshold = 10000 (custom)
2019-09-19 16:47:06,330 [pool-250-thread-1] INFO  server.RaftServerConfigKeys (ConfUtils.java:logGet(43)) - raft.server.retrycache.expirytime = 600000ms (custom)
2019-09-19 16:47:06,330 [pool-250-thread-1] INFO  impl.RaftServerImpl (RaftServerImpl.java:start(180)) - 90807a67-81c1-4bdc-9300-b9ddb9d662c8: start group-42CDF234EBB5
2019-09-19 16:47:06,330 [pool-250-thread-1] INFO  impl.RaftServerImpl (RaftServerImpl.java:setRole(171)) - 90807a67-81c1-4bdc-9300-b9ddb9d662c8:group-42CDF234EBB5 changes role from null to FOLLOWER at term 0 for startAsFollower
2019-09-19 16:47:06,330 [pool-250-thread-1] INFO  impl.RoleInfo (RoleInfo.java:updateAndGet(143)) - 90807a67-81c1-4bdc-9300-b9ddb9d662c8: start FollowerState
2019-09-19 16:47:06,331 [pool-250-thread-1] INFO  util.JmxRegister (JmxRegister.java:tryRegister(44)) - Successfully registered JMX Bean with object name Ratis:service=RaftServer,group=group-42CDF234EBB5,id=90807a67-81c1-4bdc-9300-b9ddb9d662c8
2019-09-19 16:47:06,334 [RatisPipelineUtilsThread] INFO  pipeline.PipelineStateManager (PipelineStateManager.java:addPipeline(56)) - Created pipeline Pipeline[ Id: b6ae5504-365a-4129-bc6c-42cdf234ebb5, Nodes: 90807a67-81c1-4bdc-9300-b9ddb9d662c8{ip: 192.168.157.226, host: pr-hdds-1569-swxfz-3172132826, networkLocation: /default-rack, certSerialId: null}, Type:RATIS, Factor:ONE, State:OPEN]
2019-09-19 16:47:06,340 [grpc-default-executor-0] INFO  impl.RaftServerProxy (RaftServerProxy.java:addNew(89)) - 1e2f6a91-9c74-4dc9-a67c-8a4903c0b606: addNew group-6711056DE131:[1e2f6a91-9c74-4dc9-a67c-8a4903c0b606:192.168.157.226:45939] returns group-6711056DE131:java.util.concurrent.CompletableFuture@33f5caab[Not completed]
2019-09-19 16:47:06,340 [pool-239-thread-1] INFO  impl.RaftServerImpl (RaftServerImpl.java:<init>(93)) - 1e2f6a91-9c74-4dc9-a67c-8a4903c0b606: new RaftServerImpl for group-6711056DE131:[1e2f6a91-9c74-4dc9-a67c-8a4903c0b606:192.168.157.226:45939] with ContainerStateMachine:uninitialized
2019-09-19 16:47:06,341 [pool-239-thread-1] INFO  server.RaftServerConfigKeys (ConfUtils.java:logGet(43)) - raft.server.rpc.timeout.min = 5s (custom)
2019-09-19 16:47:06,341 [pool-239-thread-1] INFO  server.RaftServerConfigKeys (ConfUtils.java:logGet(43)) - raft.server.rpc.timeout.max = 5200ms (custom)
2019-09-19 16:47:06,341 [pool-239-thread-1] INFO  server.RaftServerConfigKeys (ConfUtils.java:logGet(43)) - raft.server.rpcslowness.timeout = 120s (custom)
2019-09-19 16:47:06,341 [pool-239-thread-1] INFO  server.RaftServerConfigKeys (ConfUtils.java:logGet(43)) - raft.server.sleep.deviation.threshold = 300 (default)
2019-09-19 16:47:06,341 [pool-239-thread-1] INFO  server.RaftServerConfigKeys (ConfUtils.java:logGet(43)) - raft.server.log.appender.install.snapshot.enabled = false (custom)
2019-09-19 16:47:06,341 [pool-239-thread-1] INFO  impl.RaftServerImpl (ServerState.java:<init>(105)) - 1e2f6a91-9c74-4dc9-a67c-8a4903c0b606:group-6711056DE131 ConfigurationManager, init=-1: [1e2f6a91-9c74-4dc9-a67c-8a4903c0b606:192.168.157.226:45939], old=null, confs=<EMPTY_MAP>
2019-09-19 16:47:06,342 [pool-239-thread-1] INFO  server.RaftServerConfigKeys (ConfUtils.java:logGet(43)) - raft.server.storage.dir = [/workdir/hadoop-ozone/ozonefs/target/test-dir/MiniOzoneClusterImpl-fcaa30ee-2967-4065-be48-824e4576b1bf/datanode-0/data/ratis] (custom)
2019-09-19 16:47:06,342 [pool-239-thread-1] INFO  storage.RaftStorageDirectory (RaftStorageDirectory.java:analyzeStorage(246)) - The storage directory /workdir/hadoop-ozone/ozonefs/target/test-dir/MiniOzoneClusterImpl-fcaa30ee-2967-4065-be48-824e4576b1bf/datanode-0/data/ratis/89132f7c-1a22-4843-9bab-6711056de131 does not exist. Creating ...
2019-09-19 16:47:06,345 [pool-239-thread-1] INFO  storage.RaftStorageDirectory (RaftStorageDirectory.java:tryLock(328)) - Lock on /workdir/hadoop-ozone/ozonefs/target/test-dir/MiniOzoneClusterImpl-fcaa30ee-2967-4065-be48-824e4576b1bf/datanode-0/data/ratis/89132f7c-1a22-4843-9bab-6711056de131/in_use.lock acquired by nodename 32682@pr-hdds-1569-swxfz-3172132826
2019-09-19 16:47:06,349 [pool-239-thread-1] INFO  storage.RaftStorage (RaftStorage.java:format(72)) - Storage directory /workdir/hadoop-ozone/ozonefs/target/test-dir/MiniOzoneClusterImpl-fcaa30ee-2967-4065-be48-824e4576b1bf/datanode-0/data/ratis/89132f7c-1a22-4843-9bab-6711056de131 has been successfully formatted.
2019-09-19 16:47:06,349 [pool-239-thread-1] INFO  ratis.ContainerStateMachine (ContainerStateMachine.java:loadSnapshot(226)) - group-6711056DE131: The snapshot info is null. Setting the last applied indexto:(t:0, i:~)
2019-09-19 16:47:06,349 [pool-239-thread-1] INFO  server.RaftServerConfigKeys (ConfUtils.java:logGet(43)) - raft.server.leader.election.timeout = 120s (custom)
2019-09-19 16:47:06,349 [pool-239-thread-1] INFO  server.RaftServerConfigKeys (ConfUtils.java:logGet(43)) - raft.server.log.use.memory = false (default)
2019-09-19 16:47:06,350 [pool-239-thread-1] INFO  server.RaftServerConfigKeys (ConfUtils.java:logGet(43)) - raft.server.log.purge.gap = 1000000 (custom)
2019-09-19 16:47:06,350 [pool-239-thread-1] INFO  server.RaftServerConfigKeys (ConfUtils.java:logGet(43)) - raft.server.log.appender.buffer.byte-limit = 33554432 (custom)
2019-09-19 16:47:06,350 [pool-239-thread-1] INFO  server.RaftServerConfigKeys (ConfUtils.java:logGet(43)) - raft.server.log.segment.size.max = 1048576 (custom)
2019-09-19 16:47:06,350 [pool-239-thread-1] INFO  server.RaftServerConfigKeys (ConfUtils.java:logGet(43)) - raft.server.log.segment.cache.num.max = 2 (custom)
2019-09-19 16:47:06,350 [pool-239-thread-1] INFO  segmented.SegmentedRaftLogWorker (SegmentedRaftLogWorker.java:<init>(172)) - new 1e2f6a91-9c74-4dc9-a67c-8a4903c0b606-SegmentedRaftLogWorker:Storage Directory /workdir/hadoop-ozone/ozonefs/target/test-dir/MiniOzoneClusterImpl-fcaa30ee-2967-4065-be48-824e4576b1bf/datanode-0/data/ratis/89132f7c-1a22-4843-9bab-6711056de131 for RaftStorage:Storage Directory /workdir/hadoop-ozone/ozonefs/target/test-dir/MiniOzoneClusterImpl-fcaa30ee-2967-4065-be48-824e4576b1bf/datanode-0/data/ratis/89132f7c-1a22-4843-9bab-6711056de131
2019-09-19 16:47:06,350 [pool-239-thread-1] INFO  server.RaftServerConfigKeys (ConfUtils.java:logGet(43)) - raft.server.log.queue.byte-limit = 2147483647 (custom)
2019-09-19 16:47:06,351 [pool-239-thread-1] INFO  server.RaftServerConfigKeys (ConfUtils.java:logGet(43)) - raft.server.log.queue.element-limit = 1024 (custom)
2019-09-19 16:47:06,351 [pool-239-thread-1] INFO  server.RaftServerConfigKeys (ConfUtils.java:logGet(43)) - raft.server.log.segment.size.max = 1048576 (custom)
2019-09-19 16:47:06,351 [pool-239-thread-1] INFO  server.RaftServerConfigKeys (ConfUtils.java:logGet(43)) - raft.server.log.preallocated.size = 16384 (custom)
2019-09-19 16:47:06,351 [pool-239-thread-1] INFO  server.RaftServerConfigKeys (ConfUtils.java:logGet(43)) - raft.server.log.write.buffer.size = 33554432 (custom)
2019-09-19 16:47:06,351 [pool-239-thread-1] INFO  server.RaftServerConfigKeys (ConfUtils.java:logGet(43)) - raft.server.log.force.sync.num = 128 (default)
2019-09-19 16:47:06,351 [pool-239-thread-1] INFO  server.RaftServerConfigKeys (ConfUtils.java:logGet(43)) - raft.server.log.statemachine.data.sync = true (default)
2019-09-19 16:47:06,351 [pool-239-thread-1] INFO  server.RaftServerConfigKeys (ConfUtils.java:logGet(43)) - raft.server.log.statemachine.data.sync.timeout = 10s (default)
2019-09-19 16:47:06,352 [pool-239-thread-1] INFO  server.RaftServerConfigKeys (ConfUtils.java:logGet(43)) - raft.server.log.statemachine.data.sync.timeout.retry = -1 (default)
2019-09-19 16:47:06,352 [pool-239-thread-1] INFO  server.RaftServerConfigKeys (ConfUtils.java:logGet(43)) - raft.server.log.statemachine.data.caching.enabled = true (custom)
2019-09-19 16:47:06,352 [pool-239-thread-1] INFO  segmented.SegmentedRaftLogWorker (SegmentedRaftLogWorker.java:lambda$new$0(132)) - 1e2f6a91-9c74-4dc9-a67c-8a4903c0b606-SegmentedRaftLogWorker:Storage Directory /workdir/hadoop-ozone/ozonefs/target/test-dir/MiniOzoneClusterImpl-fcaa30ee-2967-4065-be48-824e4576b1bf/datanode-0/data/ratis/89132f7c-1a22-4843-9bab-6711056de131: flushIndex: setUnconditionally 0 -> -1
2019-09-19 16:47:06,352 [pool-239-thread-1] INFO  server.RaftServerConfigKeys (ConfUtils.java:logGet(43)) - raft.server.snapshot.auto.trigger.enabled = true (custom)
2019-09-19 16:47:06,353 [pool-239-thread-1] INFO  server.RaftServerConfigKeys (ConfUtils.java:logGet(43)) - raft.server.snapshot.auto.trigger.threshold = 10000 (custom)
2019-09-19 16:47:06,353 [pool-239-thread-1] INFO  server.RaftServerConfigKeys (ConfUtils.java:logGet(43)) - raft.server.retrycache.expirytime = 600000ms (custom)
2019-09-19 16:47:06,353 [pool-239-thread-1] INFO  impl.RaftServerImpl (RaftServerImpl.java:start(180)) - 1e2f6a91-9c74-4dc9-a67c-8a4903c0b606: start group-6711056DE131
2019-09-19 16:47:06,353 [pool-239-thread-1] INFO  impl.RaftServerImpl (RaftServerImpl.java:setRole(171)) - 1e2f6a91-9c74-4dc9-a67c-8a4903c0b606:group-6711056DE131 changes role from null to FOLLOWER at term 0 for startAsFollower
2019-09-19 16:47:06,353 [pool-239-thread-1] INFO  impl.RoleInfo (RoleInfo.java:updateAndGet(143)) - 1e2f6a91-9c74-4dc9-a67c-8a4903c0b606: start FollowerState
2019-09-19 16:47:06,354 [pool-239-thread-1] INFO  util.JmxRegister (JmxRegister.java:tryRegister(44)) - Successfully registered JMX Bean with object name Ratis:service=RaftServer,group=group-6711056DE131,id=1e2f6a91-9c74-4dc9-a67c-8a4903c0b606
2019-09-19 16:47:06,356 [RatisPipelineUtilsThread] INFO  pipeline.PipelineStateManager (PipelineStateManager.java:addPipeline(56)) - Created pipeline Pipeline[ Id: 89132f7c-1a22-4843-9bab-6711056de131, Nodes: 1e2f6a91-9c74-4dc9-a67c-8a4903c0b606{ip: 192.168.157.226, host: pr-hdds-1569-swxfz-3172132826, networkLocation: /default-rack, certSerialId: null}, Type:RATIS, Factor:ONE, State:OPEN]
2019-09-19 16:47:06,357 [RatisPipelineUtilsThread] ERROR pipeline.PipelinePlacementPolicy (PipelinePlacementPolicy.java:meetCriteria(91)) - Pipeline Placement: Doesn't meet the criteria to be viable node. Heaviness: 6
2019-09-19 16:47:06,362 [grpc-default-executor-0] INFO  impl.RaftServerProxy (RaftServerProxy.java:addNew(89)) - 90807a67-81c1-4bdc-9300-b9ddb9d662c8: addNew group-68D965F9FCB2:[90807a67-81c1-4bdc-9300-b9ddb9d662c8:192.168.157.226:46825] returns group-68D965F9FCB2:java.util.concurrent.CompletableFuture@7abbf4e4[Not completed]
2019-09-19 16:47:06,363 [pool-250-thread-1] INFO  impl.RaftServerImpl (RaftServerImpl.java:<init>(93)) - 90807a67-81c1-4bdc-9300-b9ddb9d662c8: new RaftServerImpl for group-68D965F9FCB2:[90807a67-81c1-4bdc-9300-b9ddb9d662c8:192.168.157.226:46825] with ContainerStateMachine:uninitialized
2019-09-19 16:47:06,363 [pool-250-thread-1] INFO  server.RaftServerConfigKeys (ConfUtils.java:logGet(43)) - raft.server.rpc.timeout.min = 5s (custom)
2019-09-19 16:47:06,363 [pool-250-thread-1] INFO  server.RaftServerConfigKeys (ConfUtils.java:logGet(43)) - raft.server.rpc.timeout.max = 5200ms (custom)
2019-09-19 16:47:06,363 [pool-250-thread-1] INFO  server.RaftServerConfigKeys (ConfUtils.java:logGet(43)) - raft.server.rpcslowness.timeout = 120s (custom)
2019-09-19 16:47:06,363 [pool-250-thread-1] INFO  server.RaftServerConfigKeys (ConfUtils.java:logGet(43)) - raft.server.sleep.deviation.threshold = 300 (default)
2019-09-19 16:47:06,364 [pool-250-thread-1] INFO  server.RaftServerConfigKeys (ConfUtils.java:logGet(43)) - raft.server.log.appender.install.snapshot.enabled = false (custom)
2019-09-19 16:47:06,364 [pool-250-thread-1] INFO  impl.RaftServerImpl (ServerState.java:<init>(105)) - 90807a67-81c1-4bdc-9300-b9ddb9d662c8:group-68D965F9FCB2 ConfigurationManager, init=-1: [90807a67-81c1-4bdc-9300-b9ddb9d662c8:192.168.157.226:46825], old=null, confs=<EMPTY_MAP>
2019-09-19 16:47:06,364 [pool-250-thread-1] INFO  server.RaftServerConfigKeys (ConfUtils.java:logGet(43)) - raft.server.storage.dir = [/workdir/hadoop-ozone/ozonefs/target/test-dir/MiniOzoneClusterImpl-fcaa30ee-2967-4065-be48-824e4576b1bf/datanode-1/data/ratis] (custom)
2019-09-19 16:47:06,364 [pool-250-thread-1] INFO  storage.RaftStorageDirectory (RaftStorageDirectory.java:analyzeStorage(246)) - The storage directory /workdir/hadoop-ozone/ozonefs/target/test-dir/MiniOzoneClusterImpl-fcaa30ee-2967-4065-be48-824e4576b1bf/datanode-1/data/ratis/fb8df488-6acb-4071-89bf-68d965f9fcb2 does not exist. Creating ...
2019-09-19 16:47:06,368 [pool-250-thread-1] INFO  storage.RaftStorageDirectory (RaftStorageDirectory.java:tryLock(328)) - Lock on /workdir/hadoop-ozone/ozonefs/target/test-dir/MiniOzoneClusterImpl-fcaa30ee-2967-4065-be48-824e4576b1bf/datanode-1/data/ratis/fb8df488-6acb-4071-89bf-68d965f9fcb2/in_use.lock acquired by nodename 32682@pr-hdds-1569-swxfz-3172132826
2019-09-19 16:47:06,387 [pool-250-thread-1] INFO  storage.RaftStorage (RaftStorage.java:format(72)) - Storage directory /workdir/hadoop-ozone/ozonefs/target/test-dir/MiniOzoneClusterImpl-fcaa30ee-2967-4065-be48-824e4576b1bf/datanode-1/data/ratis/fb8df488-6acb-4071-89bf-68d965f9fcb2 has been successfully formatted.
2019-09-19 16:47:06,387 [pool-250-thread-1] INFO  ratis.ContainerStateMachine (ContainerStateMachine.java:loadSnapshot(226)) - group-68D965F9FCB2: The snapshot info is null. Setting the last applied indexto:(t:0, i:~)
2019-09-19 16:47:06,388 [pool-250-thread-1] INFO  server.RaftServerConfigKeys (ConfUtils.java:logGet(43)) - raft.server.leader.election.timeout = 120s (custom)
2019-09-19 16:47:06,388 [pool-250-thread-1] INFO  server.RaftServerConfigKeys (ConfUtils.java:logGet(43)) - raft.server.log.use.memory = false (default)
2019-09-19 16:47:06,388 [pool-250-thread-1] INFO  server.RaftServerConfigKeys (ConfUtils.java:logGet(43)) - raft.server.log.purge.gap = 1000000 (custom)
2019-09-19 16:47:06,388 [pool-250-thread-1] INFO  server.RaftServerConfigKeys (ConfUtils.java:logGet(43)) - raft.server.log.appender.buffer.byte-limit = 33554432 (custom)
2019-09-19 16:47:06,388 [pool-250-thread-1] INFO  server.RaftServerConfigKeys (ConfUtils.java:logGet(43)) - raft.server.log.segment.size.max = 1048576 (custom)
2019-09-19 16:47:06,388 [pool-250-thread-1] INFO  server.RaftServerConfigKeys (ConfUtils.java:logGet(43)) - raft.server.log.segment.cache.num.max = 2 (custom)
2019-09-19 16:47:06,389 [pool-250-thread-1] INFO  segmented.SegmentedRaftLogWorker (SegmentedRaftLogWorker.java:<init>(172)) - new 90807a67-81c1-4bdc-9300-b9ddb9d662c8-SegmentedRaftLogWorker:Storage Directory /workdir/hadoop-ozone/ozonefs/target/test-dir/MiniOzoneClusterImpl-fcaa30ee-2967-4065-be48-824e4576b1bf/datanode-1/data/ratis/fb8df488-6acb-4071-89bf-68d965f9fcb2 for RaftStorage:Storage Directory /workdir/hadoop-ozone/ozonefs/target/test-dir/MiniOzoneClusterImpl-fcaa30ee-2967-4065-be48-824e4576b1bf/datanode-1/data/ratis/fb8df488-6acb-4071-89bf-68d965f9fcb2
2019-09-19 16:47:06,389 [pool-250-thread-1] INFO  server.RaftServerConfigKeys (ConfUtils.java:logGet(43)) - raft.server.log.queue.byte-limit = 2147483647 (custom)
2019-09-19 16:47:06,389 [pool-250-thread-1] INFO  server.RaftServerConfigKeys (ConfUtils.java:logGet(43)) - raft.server.log.queue.element-limit = 1024 (custom)
2019-09-19 16:47:06,389 [pool-250-thread-1] INFO  server.RaftServerConfigKeys (ConfUtils.java:logGet(43)) - raft.server.log.segment.size.max = 1048576 (custom)
2019-09-19 16:47:06,389 [pool-250-thread-1] INFO  server.RaftServerConfigKeys (ConfUtils.java:logGet(43)) - raft.server.log.preallocated.size = 16384 (custom)
2019-09-19 16:47:06,389 [pool-250-thread-1] INFO  server.RaftServerConfigKeys (ConfUtils.java:logGet(43)) - raft.server.log.write.buffer.size = 33554432 (custom)
2019-09-19 16:47:06,390 [pool-250-thread-1] INFO  server.RaftServerConfigKeys (ConfUtils.java:logGet(43)) - raft.server.log.force.sync.num = 128 (default)
2019-09-19 16:47:06,390 [pool-250-thread-1] INFO  server.RaftServerConfigKeys (ConfUtils.java:logGet(43)) - raft.server.log.statemachine.data.sync = true (default)
2019-09-19 16:47:06,390 [pool-250-thread-1] INFO  server.RaftServerConfigKeys (ConfUtils.java:logGet(43)) - raft.server.log.statemachine.data.sync.timeout = 10s (default)
2019-09-19 16:47:06,390 [pool-250-thread-1] INFO  server.RaftServerConfigKeys (ConfUtils.java:logGet(43)) - raft.server.log.statemachine.data.sync.timeout.retry = -1 (default)
2019-09-19 16:47:06,390 [pool-250-thread-1] INFO  server.RaftServerConfigKeys (ConfUtils.java:logGet(43)) - raft.server.log.statemachine.data.caching.enabled = true (custom)
2019-09-19 16:47:06,391 [pool-250-thread-1] INFO  segmented.SegmentedRaftLogWorker (SegmentedRaftLogWorker.java:lambda$new$0(132)) - 90807a67-81c1-4bdc-9300-b9ddb9d662c8-SegmentedRaftLogWorker:Storage Directory /workdir/hadoop-ozone/ozonefs/target/test-dir/MiniOzoneClusterImpl-fcaa30ee-2967-4065-be48-824e4576b1bf/datanode-1/data/ratis/fb8df488-6acb-4071-89bf-68d965f9fcb2: flushIndex: setUnconditionally 0 -> -1
2019-09-19 16:47:06,391 [pool-250-thread-1] INFO  server.RaftServerConfigKeys (ConfUtils.java:logGet(43)) - raft.server.snapshot.auto.trigger.enabled = true (custom)
2019-09-19 16:47:06,391 [pool-250-thread-1] INFO  server.RaftServerConfigKeys (ConfUtils.java:logGet(43)) - raft.server.snapshot.auto.trigger.threshold = 10000 (custom)
2019-09-19 16:47:06,391 [pool-250-thread-1] INFO  server.RaftServerConfigKeys (ConfUtils.java:logGet(43)) - raft.server.retrycache.expirytime = 600000ms (custom)
2019-09-19 16:47:06,392 [pool-250-thread-1] INFO  impl.RaftServerImpl (RaftServerImpl.java:start(180)) - 90807a67-81c1-4bdc-9300-b9ddb9d662c8: start group-68D965F9FCB2
2019-09-19 16:47:06,392 [pool-250-thread-1] INFO  impl.RaftServerImpl (RaftServerImpl.java:setRole(171)) - 90807a67-81c1-4bdc-9300-b9ddb9d662c8:group-68D965F9FCB2 changes role from null to FOLLOWER at term 0 for startAsFollower
2019-09-19 16:47:06,392 [pool-250-thread-1] INFO  impl.RoleInfo (RoleInfo.java:updateAndGet(143)) - 90807a67-81c1-4bdc-9300-b9ddb9d662c8: start FollowerState
2019-09-19 16:47:06,392 [pool-250-thread-1] INFO  util.JmxRegister (JmxRegister.java:tryRegister(44)) - Successfully registered JMX Bean with object name Ratis:service=RaftServer,group=group-68D965F9FCB2,id=90807a67-81c1-4bdc-9300-b9ddb9d662c8
2019-09-19 16:47:06,395 [RatisPipelineUtilsThread] INFO  pipeline.PipelineStateManager (PipelineStateManager.java:addPipeline(56)) - Created pipeline Pipeline[ Id: fb8df488-6acb-4071-89bf-68d965f9fcb2, Nodes: 90807a67-81c1-4bdc-9300-b9ddb9d662c8{ip: 192.168.157.226, host: pr-hdds-1569-swxfz-3172132826, networkLocation: /default-rack, certSerialId: null}, Type:RATIS, Factor:ONE, State:OPEN]
2019-09-19 16:47:06,396 [RatisPipelineUtilsThread] ERROR pipeline.PipelinePlacementPolicy (PipelinePlacementPolicy.java:meetCriteria(91)) - Pipeline Placement: Doesn't meet the criteria to be viable node. Heaviness: 6
2019-09-19 16:47:06,401 [grpc-default-executor-0] INFO  impl.RaftServerProxy (RaftServerProxy.java:addNew(89)) - 90807a67-81c1-4bdc-9300-b9ddb9d662c8: addNew group-AF81D515D86E:[90807a67-81c1-4bdc-9300-b9ddb9d662c8:192.168.157.226:46825] returns group-AF81D515D86E:java.util.concurrent.CompletableFuture@666b28c4[Not completed]
2019-09-19 16:47:06,402 [pool-250-thread-1] INFO  impl.RaftServerImpl (RaftServerImpl.java:<init>(93)) - 90807a67-81c1-4bdc-9300-b9ddb9d662c8: new RaftServerImpl for group-AF81D515D86E:[90807a67-81c1-4bdc-9300-b9ddb9d662c8:192.168.157.226:46825] with ContainerStateMachine:uninitialized
2019-09-19 16:47:06,402 [pool-250-thread-1] INFO  server.RaftServerConfigKeys (ConfUtils.java:logGet(43)) - raft.server.rpc.timeout.min = 5s (custom)
2019-09-19 16:47:06,403 [pool-250-thread-1] INFO  server.RaftServerConfigKeys (ConfUtils.java:logGet(43)) - raft.server.rpc.timeout.max = 5200ms (custom)
2019-09-19 16:47:06,403 [pool-250-thread-1] INFO  server.RaftServerConfigKeys (ConfUtils.java:logGet(43)) - raft.server.rpcslowness.timeout = 120s (custom)
2019-09-19 16:47:06,403 [pool-250-thread-1] INFO  server.RaftServerConfigKeys (ConfUtils.java:logGet(43)) - raft.server.sleep.deviation.threshold = 300 (default)
2019-09-19 16:47:06,403 [pool-250-thread-1] INFO  server.RaftServerConfigKeys (ConfUtils.java:logGet(43)) - raft.server.log.appender.install.snapshot.enabled = false (custom)
2019-09-19 16:47:06,403 [pool-250-thread-1] INFO  impl.RaftServerImpl (ServerState.java:<init>(105)) - 90807a67-81c1-4bdc-9300-b9ddb9d662c8:group-AF81D515D86E ConfigurationManager, init=-1: [90807a67-81c1-4bdc-9300-b9ddb9d662c8:192.168.157.226:46825], old=null, confs=<EMPTY_MAP>
2019-09-19 16:47:06,403 [pool-250-thread-1] INFO  server.RaftServerConfigKeys (ConfUtils.java:logGet(43)) - raft.server.storage.dir = [/workdir/hadoop-ozone/ozonefs/target/test-dir/MiniOzoneClusterImpl-fcaa30ee-2967-4065-be48-824e4576b1bf/datanode-1/data/ratis] (custom)
2019-09-19 16:47:06,404 [pool-250-thread-1] INFO  storage.RaftStorageDirectory (RaftStorageDirectory.java:analyzeStorage(246)) - The storage directory /workdir/hadoop-ozone/ozonefs/target/test-dir/MiniOzoneClusterImpl-fcaa30ee-2967-4065-be48-824e4576b1bf/datanode-1/data/ratis/71cacc58-da63-435b-87c9-af81d515d86e does not exist. Creating ...
2019-09-19 16:47:06,416 [pool-250-thread-1] INFO  storage.RaftStorageDirectory (RaftStorageDirectory.java:tryLock(328)) - Lock on /workdir/hadoop-ozone/ozonefs/target/test-dir/MiniOzoneClusterImpl-fcaa30ee-2967-4065-be48-824e4576b1bf/datanode-1/data/ratis/71cacc58-da63-435b-87c9-af81d515d86e/in_use.lock acquired by nodename 32682@pr-hdds-1569-swxfz-3172132826
2019-09-19 16:47:06,429 [pool-250-thread-1] INFO  storage.RaftStorage (RaftStorage.java:format(72)) - Storage directory /workdir/hadoop-ozone/ozonefs/target/test-dir/MiniOzoneClusterImpl-fcaa30ee-2967-4065-be48-824e4576b1bf/datanode-1/data/ratis/71cacc58-da63-435b-87c9-af81d515d86e has been successfully formatted.
2019-09-19 16:47:06,429 [pool-250-thread-1] INFO  ratis.ContainerStateMachine (ContainerStateMachine.java:loadSnapshot(226)) - group-AF81D515D86E: The snapshot info is null. Setting the last applied indexto:(t:0, i:~)
2019-09-19 16:47:06,429 [pool-250-thread-1] INFO  server.RaftServerConfigKeys (ConfUtils.java:logGet(43)) - raft.server.leader.election.timeout = 120s (custom)
2019-09-19 16:47:06,430 [pool-250-thread-1] INFO  server.RaftServerConfigKeys (ConfUtils.java:logGet(43)) - raft.server.log.use.memory = false (default)
2019-09-19 16:47:06,430 [pool-250-thread-1] INFO  server.RaftServerConfigKeys (ConfUtils.java:logGet(43)) - raft.server.log.purge.gap = 1000000 (custom)
2019-09-19 16:47:06,430 [pool-250-thread-1] INFO  server.RaftServerConfigKeys (ConfUtils.java:logGet(43)) - raft.server.log.appender.buffer.byte-limit = 33554432 (custom)
2019-09-19 16:47:06,430 [pool-250-thread-1] INFO  server.RaftServerConfigKeys (ConfUtils.java:logGet(43)) - raft.server.log.segment.size.max = 1048576 (custom)
2019-09-19 16:47:06,430 [pool-250-thread-1] INFO  server.RaftServerConfigKeys (ConfUtils.java:logGet(43)) - raft.server.log.segment.cache.num.max = 2 (custom)
2019-09-19 16:47:06,430 [pool-250-thread-1] INFO  segmented.SegmentedRaftLogWorker (SegmentedRaftLogWorker.java:<init>(172)) - new 90807a67-81c1-4bdc-9300-b9ddb9d662c8-SegmentedRaftLogWorker:Storage Directory /workdir/hadoop-ozone/ozonefs/target/test-dir/MiniOzoneClusterImpl-fcaa30ee-2967-4065-be48-824e4576b1bf/datanode-1/data/ratis/71cacc58-da63-435b-87c9-af81d515d86e for RaftStorage:Storage Directory /workdir/hadoop-ozone/ozonefs/target/test-dir/MiniOzoneClusterImpl-fcaa30ee-2967-4065-be48-824e4576b1bf/datanode-1/data/ratis/71cacc58-da63-435b-87c9-af81d515d86e
2019-09-19 16:47:06,430 [pool-250-thread-1] INFO  server.RaftServerConfigKeys (ConfUtils.java:logGet(43)) - raft.server.log.queue.byte-limit = 2147483647 (custom)
2019-09-19 16:47:06,431 [pool-250-thread-1] INFO  server.RaftServerConfigKeys (ConfUtils.java:logGet(43)) - raft.server.log.queue.element-limit = 1024 (custom)
2019-09-19 16:47:06,431 [pool-250-thread-1] INFO  server.RaftServerConfigKeys (ConfUtils.java:logGet(43)) - raft.server.log.segment.size.max = 1048576 (custom)
2019-09-19 16:47:06,431 [pool-250-thread-1] INFO  server.RaftServerConfigKeys (ConfUtils.java:logGet(43)) - raft.server.log.preallocated.size = 16384 (custom)
2019-09-19 16:47:06,431 [pool-250-thread-1] INFO  server.RaftServerConfigKeys (ConfUtils.java:logGet(43)) - raft.server.log.write.buffer.size = 33554432 (custom)
2019-09-19 16:47:06,431 [pool-250-thread-1] INFO  server.RaftServerConfigKeys (ConfUtils.java:logGet(43)) - raft.server.log.force.sync.num = 128 (default)
2019-09-19 16:47:06,431 [pool-250-thread-1] INFO  server.RaftServerConfigKeys (ConfUtils.java:logGet(43)) - raft.server.log.statemachine.data.sync = true (default)
2019-09-19 16:47:06,431 [pool-250-thread-1] INFO  server.RaftServerConfigKeys (ConfUtils.java:logGet(43)) - raft.server.log.statemachine.data.sync.timeout = 10s (default)
2019-09-19 16:47:06,432 [pool-250-thread-1] INFO  server.RaftServerConfigKeys (ConfUtils.java:logGet(43)) - raft.server.log.statemachine.data.sync.timeout.retry = -1 (default)
2019-09-19 16:47:06,432 [pool-250-thread-1] INFO  server.RaftServerConfigKeys (ConfUtils.java:logGet(43)) - raft.server.log.statemachine.data.caching.enabled = true (custom)
2019-09-19 16:47:06,432 [pool-250-thread-1] INFO  segmented.SegmentedRaftLogWorker (SegmentedRaftLogWorker.java:lambda$new$0(132)) - 90807a67-81c1-4bdc-9300-b9ddb9d662c8-SegmentedRaftLogWorker:Storage Directory /workdir/hadoop-ozone/ozonefs/target/test-dir/MiniOzoneClusterImpl-fcaa30ee-2967-4065-be48-824e4576b1bf/datanode-1/data/ratis/71cacc58-da63-435b-87c9-af81d515d86e: flushIndex: setUnconditionally 0 -> -1
2019-09-19 16:47:06,432 [pool-250-thread-1] INFO  server.RaftServerConfigKeys (ConfUtils.java:logGet(43)) - raft.server.snapshot.auto.trigger.enabled = true (custom)
2019-09-19 16:47:06,432 [pool-250-thread-1] INFO  server.RaftServerConfigKeys (ConfUtils.java:logGet(43)) - raft.server.snapshot.auto.trigger.threshold = 10000 (custom)
2019-09-19 16:47:06,433 [pool-250-thread-1] INFO  server.RaftServerConfigKeys (ConfUtils.java:logGet(43)) - raft.server.retrycache.expirytime = 600000ms (custom)
2019-09-19 16:47:06,433 [pool-250-thread-1] INFO  impl.RaftServerImpl (RaftServerImpl.java:start(180)) - 90807a67-81c1-4bdc-9300-b9ddb9d662c8: start group-AF81D515D86E
2019-09-19 16:47:06,433 [pool-250-thread-1] INFO  impl.RaftServerImpl (RaftServerImpl.java:setRole(171)) - 90807a67-81c1-4bdc-9300-b9ddb9d662c8:group-AF81D515D86E changes role from null to FOLLOWER at term 0 for startAsFollower
2019-09-19 16:47:06,433 [pool-250-thread-1] INFO  impl.RoleInfo (RoleInfo.java:updateAndGet(143)) - 90807a67-81c1-4bdc-9300-b9ddb9d662c8: start FollowerState
2019-09-19 16:47:06,433 [pool-250-thread-1] INFO  util.JmxRegister (JmxRegister.java:tryRegister(44)) - Successfully registered JMX Bean with object name Ratis:service=RaftServer,group=group-AF81D515D86E,id=90807a67-81c1-4bdc-9300-b9ddb9d662c8
2019-09-19 16:47:06,436 [RatisPipelineUtilsThread] INFO  pipeline.PipelineStateManager (PipelineStateManager.java:addPipeline(56)) - Created pipeline Pipeline[ Id: 71cacc58-da63-435b-87c9-af81d515d86e, Nodes: 90807a67-81c1-4bdc-9300-b9ddb9d662c8{ip: 192.168.157.226, host: pr-hdds-1569-swxfz-3172132826, networkLocation: /default-rack, certSerialId: null}, Type:RATIS, Factor:ONE, State:OPEN]
2019-09-19 16:47:06,436 [RatisPipelineUtilsThread] ERROR pipeline.PipelinePlacementPolicy (PipelinePlacementPolicy.java:meetCriteria(91)) - Pipeline Placement: Doesn't meet the criteria to be viable node. Heaviness: 6
2019-09-19 16:47:06,441 [grpc-default-executor-0] INFO  impl.RaftServerProxy (RaftServerProxy.java:addNew(89)) - 90807a67-81c1-4bdc-9300-b9ddb9d662c8: addNew group-878065D338A8:[90807a67-81c1-4bdc-9300-b9ddb9d662c8:192.168.157.226:46825] returns group-878065D338A8:java.util.concurrent.CompletableFuture@5fe8c877[Not completed]
2019-09-19 16:47:06,442 [pool-250-thread-1] INFO  impl.RaftServerImpl (RaftServerImpl.java:<init>(93)) - 90807a67-81c1-4bdc-9300-b9ddb9d662c8: new RaftServerImpl for group-878065D338A8:[90807a67-81c1-4bdc-9300-b9ddb9d662c8:192.168.157.226:46825] with ContainerStateMachine:uninitialized
2019-09-19 16:47:06,443 [pool-250-thread-1] INFO  server.RaftServerConfigKeys (ConfUtils.java:logGet(43)) - raft.server.rpc.timeout.min = 5s (custom)
2019-09-19 16:47:06,443 [pool-250-thread-1] INFO  server.RaftServerConfigKeys (ConfUtils.java:logGet(43)) - raft.server.rpc.timeout.max = 5200ms (custom)
2019-09-19 16:47:06,443 [pool-250-thread-1] INFO  server.RaftServerConfigKeys (ConfUtils.java:logGet(43)) - raft.server.rpcslowness.timeout = 120s (custom)
2019-09-19 16:47:06,443 [pool-250-thread-1] INFO  server.RaftServerConfigKeys (ConfUtils.java:logGet(43)) - raft.server.sleep.deviation.threshold = 300 (default)
2019-09-19 16:47:06,443 [pool-250-thread-1] INFO  server.RaftServerConfigKeys (ConfUtils.java:logGet(43)) - raft.server.log.appender.install.snapshot.enabled = false (custom)
2019-09-19 16:47:06,443 [pool-250-thread-1] INFO  impl.RaftServerImpl (ServerState.java:<init>(105)) - 90807a67-81c1-4bdc-9300-b9ddb9d662c8:group-878065D338A8 ConfigurationManager, init=-1: [90807a67-81c1-4bdc-9300-b9ddb9d662c8:192.168.157.226:46825], old=null, confs=<EMPTY_MAP>
2019-09-19 16:47:06,443 [pool-250-thread-1] INFO  server.RaftServerConfigKeys (ConfUtils.java:logGet(43)) - raft.server.storage.dir = [/workdir/hadoop-ozone/ozonefs/target/test-dir/MiniOzoneClusterImpl-fcaa30ee-2967-4065-be48-824e4576b1bf/datanode-1/data/ratis] (custom)
2019-09-19 16:47:06,444 [pool-250-thread-1] INFO  storage.RaftStorageDirectory (RaftStorageDirectory.java:analyzeStorage(246)) - The storage directory /workdir/hadoop-ozone/ozonefs/target/test-dir/MiniOzoneClusterImpl-fcaa30ee-2967-4065-be48-824e4576b1bf/datanode-1/data/ratis/41fb6e9a-99ab-44d2-a22e-878065d338a8 does not exist. Creating ...
2019-09-19 16:47:06,449 [Thread-1062] INFO  ozone.MiniOzoneClusterImpl (MiniOzoneClusterImpl.java:lambda$waitForClusterToBeReady$0(142)) - Waiting for cluster to be ready. Got 2 of 3 DN Heartbeats.
2019-09-19 16:47:06,451 [IPC Server handler 1 on 39918] INFO  net.NetworkTopology (NetworkTopologyImpl.java:add(110)) - Added a new node: /default-rack/26a699e2-9f6c-4368-8bb8-6bca25baed85
2019-09-19 16:47:06,451 [IPC Server handler 1 on 39918] INFO  node.SCMNodeManager (SCMNodeManager.java:register(273)) - Registered Data node : 26a699e2-9f6c-4368-8bb8-6bca25baed85{ip: 192.168.157.226, host: pr-hdds-1569-swxfz-3172132826, networkLocation: /default-rack, certSerialId: null}
2019-09-19 16:47:06,451 | INFO  | SCMAudit | user=jenkins1000 | ip=192.168.157.226 | op=REGISTER {datanodeDetails=26a699e2-9f6c-4368-8bb8-6bca25baed85{ip: 192.168.157.226, host: pr-hdds-1569-swxfz-3172132826, networkLocation: /default-rack, certSerialId: null}} | ret=SUCCESS |  
2019-09-19 16:47:06,456 [pool-250-thread-1] INFO  storage.RaftStorageDirectory (RaftStorageDirectory.java:tryLock(328)) - Lock on /workdir/hadoop-ozone/ozonefs/target/test-dir/MiniOzoneClusterImpl-fcaa30ee-2967-4065-be48-824e4576b1bf/datanode-1/data/ratis/41fb6e9a-99ab-44d2-a22e-878065d338a8/in_use.lock acquired by nodename 32682@pr-hdds-1569-swxfz-3172132826
2019-09-19 16:47:06,469 [pool-250-thread-1] INFO  storage.RaftStorage (RaftStorage.java:format(72)) - Storage directory /workdir/hadoop-ozone/ozonefs/target/test-dir/MiniOzoneClusterImpl-fcaa30ee-2967-4065-be48-824e4576b1bf/datanode-1/data/ratis/41fb6e9a-99ab-44d2-a22e-878065d338a8 has been successfully formatted.
2019-09-19 16:47:06,469 [pool-250-thread-1] INFO  ratis.ContainerStateMachine (ContainerStateMachine.java:loadSnapshot(226)) - group-878065D338A8: The snapshot info is null. Setting the last applied indexto:(t:0, i:~)
2019-09-19 16:47:06,469 [pool-250-thread-1] INFO  server.RaftServerConfigKeys (ConfUtils.java:logGet(43)) - raft.server.leader.election.timeout = 120s (custom)
2019-09-19 16:47:06,469 [pool-250-thread-1] INFO  server.RaftServerConfigKeys (ConfUtils.java:logGet(43)) - raft.server.log.use.memory = false (default)
2019-09-19 16:47:06,470 [pool-250-thread-1] INFO  server.RaftServerConfigKeys (ConfUtils.java:logGet(43)) - raft.server.log.purge.gap = 1000000 (custom)
2019-09-19 16:47:06,470 [pool-250-thread-1] INFO  server.RaftServerConfigKeys (ConfUtils.java:logGet(43)) - raft.server.log.appender.buffer.byte-limit = 33554432 (custom)
2019-09-19 16:47:06,470 [pool-250-thread-1] INFO  server.RaftServerConfigKeys (ConfUtils.java:logGet(43)) - raft.server.log.segment.size.max = 1048576 (custom)
2019-09-19 16:47:06,470 [pool-250-thread-1] INFO  server.RaftServerConfigKeys (ConfUtils.java:logGet(43)) - raft.server.log.segment.cache.num.max = 2 (custom)
2019-09-19 16:47:06,470 [pool-250-thread-1] INFO  segmented.SegmentedRaftLogWorker (SegmentedRaftLogWorker.java:<init>(172)) - new 90807a67-81c1-4bdc-9300-b9ddb9d662c8-SegmentedRaftLogWorker:Storage Directory /workdir/hadoop-ozone/ozonefs/target/test-dir/MiniOzoneClusterImpl-fcaa30ee-2967-4065-be48-824e4576b1bf/datanode-1/data/ratis/41fb6e9a-99ab-44d2-a22e-878065d338a8 for RaftStorage:Storage Directory /workdir/hadoop-ozone/ozonefs/target/test-dir/MiniOzoneClusterImpl-fcaa30ee-2967-4065-be48-824e4576b1bf/datanode-1/data/ratis/41fb6e9a-99ab-44d2-a22e-878065d338a8
2019-09-19 16:47:06,470 [pool-250-thread-1] INFO  server.RaftServerConfigKeys (ConfUtils.java:logGet(43)) - raft.server.log.queue.byte-limit = 2147483647 (custom)
2019-09-19 16:47:06,470 [pool-250-thread-1] INFO  server.RaftServerConfigKeys (ConfUtils.java:logGet(43)) - raft.server.log.queue.element-limit = 1024 (custom)
2019-09-19 16:47:06,471 [pool-250-thread-1] INFO  server.RaftServerConfigKeys (ConfUtils.java:logGet(43)) - raft.server.log.segment.size.max = 1048576 (custom)
2019-09-19 16:47:06,471 [pool-250-thread-1] INFO  server.RaftServerConfigKeys (ConfUtils.java:logGet(43)) - raft.server.log.preallocated.size = 16384 (custom)
2019-09-19 16:47:06,471 [pool-250-thread-1] INFO  server.RaftServerConfigKeys (ConfUtils.java:logGet(43)) - raft.server.log.write.buffer.size = 33554432 (custom)
2019-09-19 16:47:06,471 [pool-250-thread-1] INFO  server.RaftServerConfigKeys (ConfUtils.java:logGet(43)) - raft.server.log.force.sync.num = 128 (default)
2019-09-19 16:47:06,471 [pool-250-thread-1] INFO  server.RaftServerConfigKeys (ConfUtils.java:logGet(43)) - raft.server.log.statemachine.data.sync = true (default)
2019-09-19 16:47:06,471 [pool-250-thread-1] INFO  server.RaftServerConfigKeys (ConfUtils.java:logGet(43)) - raft.server.log.statemachine.data.sync.timeout = 10s (default)
2019-09-19 16:47:06,471 [pool-250-thread-1] INFO  server.RaftServerConfigKeys (ConfUtils.java:logGet(43)) - raft.server.log.statemachine.data.sync.timeout.retry = -1 (default)
2019-09-19 16:47:06,472 [pool-250-thread-1] INFO  server.RaftServerConfigKeys (ConfUtils.java:logGet(43)) - raft.server.log.statemachine.data.caching.enabled = true (custom)
2019-09-19 16:47:06,472 [pool-250-thread-1] INFO  segmented.SegmentedRaftLogWorker (SegmentedRaftLogWorker.java:lambda$new$0(132)) - 90807a67-81c1-4bdc-9300-b9ddb9d662c8-SegmentedRaftLogWorker:Storage Directory /workdir/hadoop-ozone/ozonefs/target/test-dir/MiniOzoneClusterImpl-fcaa30ee-2967-4065-be48-824e4576b1bf/datanode-1/data/ratis/41fb6e9a-99ab-44d2-a22e-878065d338a8: flushIndex: setUnconditionally 0 -> -1
2019-09-19 16:47:06,472 [pool-250-thread-1] INFO  server.RaftServerConfigKeys (ConfUtils.java:logGet(43)) - raft.server.snapshot.auto.trigger.enabled = true (custom)
2019-09-19 16:47:06,472 [pool-250-thread-1] INFO  server.RaftServerConfigKeys (ConfUtils.java:logGet(43)) - raft.server.snapshot.auto.trigger.threshold = 10000 (custom)
2019-09-19 16:47:06,472 [pool-250-thread-1] INFO  server.RaftServerConfigKeys (ConfUtils.java:logGet(43)) - raft.server.retrycache.expirytime = 600000ms (custom)
2019-09-19 16:47:06,473 [pool-250-thread-1] INFO  impl.RaftServerImpl (RaftServerImpl.java:start(180)) - 90807a67-81c1-4bdc-9300-b9ddb9d662c8: start group-878065D338A8
2019-09-19 16:47:06,473 [pool-250-thread-1] INFO  impl.RaftServerImpl (RaftServerImpl.java:setRole(171)) - 90807a67-81c1-4bdc-9300-b9ddb9d662c8:group-878065D338A8 changes role from null to FOLLOWER at term 0 for startAsFollower
2019-09-19 16:47:06,473 [pool-250-thread-1] INFO  impl.RoleInfo (RoleInfo.java:updateAndGet(143)) - 90807a67-81c1-4bdc-9300-b9ddb9d662c8: start FollowerState
2019-09-19 16:47:06,473 [pool-250-thread-1] INFO  util.JmxRegister (JmxRegister.java:tryRegister(44)) - Successfully registered JMX Bean with object name Ratis:service=RaftServer,group=group-878065D338A8,id=90807a67-81c1-4bdc-9300-b9ddb9d662c8
2019-09-19 16:47:06,476 [RatisPipelineUtilsThread] INFO  pipeline.PipelineStateManager (PipelineStateManager.java:addPipeline(56)) - Created pipeline Pipeline[ Id: 41fb6e9a-99ab-44d2-a22e-878065d338a8, Nodes: 90807a67-81c1-4bdc-9300-b9ddb9d662c8{ip: 192.168.157.226, host: pr-hdds-1569-swxfz-3172132826, networkLocation: /default-rack, certSerialId: null}, Type:RATIS, Factor:ONE, State:OPEN]
2019-09-19 16:47:06,477 [RatisPipelineUtilsThread] ERROR pipeline.PipelinePlacementPolicy (PipelinePlacementPolicy.java:meetCriteria(91)) - Pipeline Placement: Doesn't meet the criteria to be viable node. Heaviness: 6
2019-09-19 16:47:06,482 [grpc-default-executor-0] INFO  impl.RaftServerProxy (RaftServerProxy.java:addNew(89)) - 90807a67-81c1-4bdc-9300-b9ddb9d662c8: addNew group-DEF91B1EE60D:[90807a67-81c1-4bdc-9300-b9ddb9d662c8:192.168.157.226:46825] returns group-DEF91B1EE60D:java.util.concurrent.CompletableFuture@2bcb23f7[Not completed]
2019-09-19 16:47:06,483 [pool-250-thread-1] INFO  impl.RaftServerImpl (RaftServerImpl.java:<init>(93)) - 90807a67-81c1-4bdc-9300-b9ddb9d662c8: new RaftServerImpl for group-DEF91B1EE60D:[90807a67-81c1-4bdc-9300-b9ddb9d662c8:192.168.157.226:46825] with ContainerStateMachine:uninitialized
2019-09-19 16:47:06,483 [pool-250-thread-1] INFO  server.RaftServerConfigKeys (ConfUtils.java:logGet(43)) - raft.server.rpc.timeout.min = 5s (custom)
2019-09-19 16:47:06,484 [pool-250-thread-1] INFO  server.RaftServerConfigKeys (ConfUtils.java:logGet(43)) - raft.server.rpc.timeout.max = 5200ms (custom)
2019-09-19 16:47:06,484 [pool-250-thread-1] INFO  server.RaftServerConfigKeys (ConfUtils.java:logGet(43)) - raft.server.rpcslowness.timeout = 120s (custom)
2019-09-19 16:47:06,484 [pool-250-thread-1] INFO  server.RaftServerConfigKeys (ConfUtils.java:logGet(43)) - raft.server.sleep.deviation.threshold = 300 (default)
2019-09-19 16:47:06,484 [pool-250-thread-1] INFO  server.RaftServerConfigKeys (ConfUtils.java:logGet(43)) - raft.server.log.appender.install.snapshot.enabled = false (custom)
2019-09-19 16:47:06,484 [pool-250-thread-1] INFO  impl.RaftServerImpl (ServerState.java:<init>(105)) - 90807a67-81c1-4bdc-9300-b9ddb9d662c8:group-DEF91B1EE60D ConfigurationManager, init=-1: [90807a67-81c1-4bdc-9300-b9ddb9d662c8:192.168.157.226:46825], old=null, confs=<EMPTY_MAP>
2019-09-19 16:47:06,484 [pool-250-thread-1] INFO  server.RaftServerConfigKeys (ConfUtils.java:logGet(43)) - raft.server.storage.dir = [/workdir/hadoop-ozone/ozonefs/target/test-dir/MiniOzoneClusterImpl-fcaa30ee-2967-4065-be48-824e4576b1bf/datanode-1/data/ratis] (custom)
2019-09-19 16:47:06,485 [pool-250-thread-1] INFO  storage.RaftStorageDirectory (RaftStorageDirectory.java:analyzeStorage(246)) - The storage directory /workdir/hadoop-ozone/ozonefs/target/test-dir/MiniOzoneClusterImpl-fcaa30ee-2967-4065-be48-824e4576b1bf/datanode-1/data/ratis/a8361a5f-89a4-4b80-8d89-def91b1ee60d does not exist. Creating ...
2019-09-19 16:47:06,497 [pool-250-thread-1] INFO  storage.RaftStorageDirectory (RaftStorageDirectory.java:tryLock(328)) - Lock on /workdir/hadoop-ozone/ozonefs/target/test-dir/MiniOzoneClusterImpl-fcaa30ee-2967-4065-be48-824e4576b1bf/datanode-1/data/ratis/a8361a5f-89a4-4b80-8d89-def91b1ee60d/in_use.lock acquired by nodename 32682@pr-hdds-1569-swxfz-3172132826
2019-09-19 16:47:06,510 [pool-250-thread-1] INFO  storage.RaftStorage (RaftStorage.java:format(72)) - Storage directory /workdir/hadoop-ozone/ozonefs/target/test-dir/MiniOzoneClusterImpl-fcaa30ee-2967-4065-be48-824e4576b1bf/datanode-1/data/ratis/a8361a5f-89a4-4b80-8d89-def91b1ee60d has been successfully formatted.
2019-09-19 16:47:06,510 [pool-250-thread-1] INFO  ratis.ContainerStateMachine (ContainerStateMachine.java:loadSnapshot(226)) - group-DEF91B1EE60D: The snapshot info is null. Setting the last applied indexto:(t:0, i:~)
2019-09-19 16:47:06,510 [pool-250-thread-1] INFO  server.RaftServerConfigKeys (ConfUtils.java:logGet(43)) - raft.server.leader.election.timeout = 120s (custom)
2019-09-19 16:47:06,510 [pool-250-thread-1] INFO  server.RaftServerConfigKeys (ConfUtils.java:logGet(43)) - raft.server.log.use.memory = false (default)
2019-09-19 16:47:06,510 [pool-250-thread-1] INFO  server.RaftServerConfigKeys (ConfUtils.java:logGet(43)) - raft.server.log.purge.gap = 1000000 (custom)
2019-09-19 16:47:06,511 [pool-250-thread-1] INFO  server.RaftServerConfigKeys (ConfUtils.java:logGet(43)) - raft.server.log.appender.buffer.byte-limit = 33554432 (custom)
2019-09-19 16:47:06,511 [pool-250-thread-1] INFO  server.RaftServerConfigKeys (ConfUtils.java:logGet(43)) - raft.server.log.segment.size.max = 1048576 (custom)
2019-09-19 16:47:06,511 [pool-250-thread-1] INFO  server.RaftServerConfigKeys (ConfUtils.java:logGet(43)) - raft.server.log.segment.cache.num.max = 2 (custom)
2019-09-19 16:47:06,511 [pool-250-thread-1] INFO  segmented.SegmentedRaftLogWorker (SegmentedRaftLogWorker.java:<init>(172)) - new 90807a67-81c1-4bdc-9300-b9ddb9d662c8-SegmentedRaftLogWorker:Storage Directory /workdir/hadoop-ozone/ozonefs/target/test-dir/MiniOzoneClusterImpl-fcaa30ee-2967-4065-be48-824e4576b1bf/datanode-1/data/ratis/a8361a5f-89a4-4b80-8d89-def91b1ee60d for RaftStorage:Storage Directory /workdir/hadoop-ozone/ozonefs/target/test-dir/MiniOzoneClusterImpl-fcaa30ee-2967-4065-be48-824e4576b1bf/datanode-1/data/ratis/a8361a5f-89a4-4b80-8d89-def91b1ee60d
2019-09-19 16:47:06,511 [pool-250-thread-1] INFO  server.RaftServerConfigKeys (ConfUtils.java:logGet(43)) - raft.server.log.queue.byte-limit = 2147483647 (custom)
2019-09-19 16:47:06,511 [pool-250-thread-1] INFO  server.RaftServerConfigKeys (ConfUtils.java:logGet(43)) - raft.server.log.queue.element-limit = 1024 (custom)
2019-09-19 16:47:06,511 [pool-250-thread-1] INFO  server.RaftServerConfigKeys (ConfUtils.java:logGet(43)) - raft.server.log.segment.size.max = 1048576 (custom)
2019-09-19 16:47:06,511 [pool-250-thread-1] INFO  server.RaftServerConfigKeys (ConfUtils.java:logGet(43)) - raft.server.log.preallocated.size = 16384 (custom)
2019-09-19 16:47:06,512 [pool-250-thread-1] INFO  server.RaftServerConfigKeys (ConfUtils.java:logGet(43)) - raft.server.log.write.buffer.size = 33554432 (custom)
2019-09-19 16:47:06,512 [pool-250-thread-1] INFO  server.RaftServerConfigKeys (ConfUtils.java:logGet(43)) - raft.server.log.force.sync.num = 128 (default)
2019-09-19 16:47:06,512 [pool-250-thread-1] INFO  server.RaftServerConfigKeys (ConfUtils.java:logGet(43)) - raft.server.log.statemachine.data.sync = true (default)
2019-09-19 16:47:06,512 [pool-250-thread-1] INFO  server.RaftServerConfigKeys (ConfUtils.java:logGet(43)) - raft.server.log.statemachine.data.sync.timeout = 10s (default)
2019-09-19 16:47:06,512 [pool-250-thread-1] INFO  server.RaftServerConfigKeys (ConfUtils.java:logGet(43)) - raft.server.log.statemachine.data.sync.timeout.retry = -1 (default)
2019-09-19 16:47:06,512 [pool-250-thread-1] INFO  server.RaftServerConfigKeys (ConfUtils.java:logGet(43)) - raft.server.log.statemachine.data.caching.enabled = true (custom)
2019-09-19 16:47:06,513 [pool-250-thread-1] INFO  segmented.SegmentedRaftLogWorker (SegmentedRaftLogWorker.java:lambda$new$0(132)) - 90807a67-81c1-4bdc-9300-b9ddb9d662c8-SegmentedRaftLogWorker:Storage Directory /workdir/hadoop-ozone/ozonefs/target/test-dir/MiniOzoneClusterImpl-fcaa30ee-2967-4065-be48-824e4576b1bf/datanode-1/data/ratis/a8361a5f-89a4-4b80-8d89-def91b1ee60d: flushIndex: setUnconditionally 0 -> -1
2019-09-19 16:47:06,513 [pool-250-thread-1] INFO  server.RaftServerConfigKeys (ConfUtils.java:logGet(43)) - raft.server.snapshot.auto.trigger.enabled = true (custom)
2019-09-19 16:47:06,513 [pool-250-thread-1] INFO  server.RaftServerConfigKeys (ConfUtils.java:logGet(43)) - raft.server.snapshot.auto.trigger.threshold = 10000 (custom)
2019-09-19 16:47:06,513 [pool-250-thread-1] INFO  server.RaftServerConfigKeys (ConfUtils.java:logGet(43)) - raft.server.retrycache.expirytime = 600000ms (custom)
2019-09-19 16:47:06,513 [pool-250-thread-1] INFO  impl.RaftServerImpl (RaftServerImpl.java:start(180)) - 90807a67-81c1-4bdc-9300-b9ddb9d662c8: start group-DEF91B1EE60D
2019-09-19 16:47:06,513 [pool-250-thread-1] INFO  impl.RaftServerImpl (RaftServerImpl.java:setRole(171)) - 90807a67-81c1-4bdc-9300-b9ddb9d662c8:group-DEF91B1EE60D changes role from null to FOLLOWER at term 0 for startAsFollower
2019-09-19 16:47:06,514 [pool-250-thread-1] INFO  impl.RoleInfo (RoleInfo.java:updateAndGet(143)) - 90807a67-81c1-4bdc-9300-b9ddb9d662c8: start FollowerState
2019-09-19 16:47:06,514 [pool-250-thread-1] INFO  util.JmxRegister (JmxRegister.java:tryRegister(44)) - Successfully registered JMX Bean with object name Ratis:service=RaftServer,group=group-DEF91B1EE60D,id=90807a67-81c1-4bdc-9300-b9ddb9d662c8
2019-09-19 16:47:06,517 [RatisPipelineUtilsThread] INFO  pipeline.PipelineStateManager (PipelineStateManager.java:addPipeline(56)) - Created pipeline Pipeline[ Id: a8361a5f-89a4-4b80-8d89-def91b1ee60d, Nodes: 90807a67-81c1-4bdc-9300-b9ddb9d662c8{ip: 192.168.157.226, host: pr-hdds-1569-swxfz-3172132826, networkLocation: /default-rack, certSerialId: null}, Type:RATIS, Factor:ONE, State:OPEN]
2019-09-19 16:47:06,517 [RatisPipelineUtilsThread] ERROR pipeline.PipelinePlacementPolicy (PipelinePlacementPolicy.java:meetCriteria(91)) - Pipeline Placement: Doesn't meet the criteria to be viable node. Heaviness: 6
2019-09-19 16:47:06,522 [grpc-default-executor-0] INFO  impl.RaftServerProxy (RaftServerProxy.java:addNew(89)) - 90807a67-81c1-4bdc-9300-b9ddb9d662c8: addNew group-C2D5FDED4DBE:[90807a67-81c1-4bdc-9300-b9ddb9d662c8:192.168.157.226:46825] returns group-C2D5FDED4DBE:java.util.concurrent.CompletableFuture@40a22851[Not completed]
2019-09-19 16:47:06,523 [pool-250-thread-1] INFO  impl.RaftServerImpl (RaftServerImpl.java:<init>(93)) - 90807a67-81c1-4bdc-9300-b9ddb9d662c8: new RaftServerImpl for group-C2D5FDED4DBE:[90807a67-81c1-4bdc-9300-b9ddb9d662c8:192.168.157.226:46825] with ContainerStateMachine:uninitialized
2019-09-19 16:47:06,523 [pool-250-thread-1] INFO  server.RaftServerConfigKeys (ConfUtils.java:logGet(43)) - raft.server.rpc.timeout.min = 5s (custom)
2019-09-19 16:47:06,523 [pool-250-thread-1] INFO  server.RaftServerConfigKeys (ConfUtils.java:logGet(43)) - raft.server.rpc.timeout.max = 5200ms (custom)
2019-09-19 16:47:06,523 [pool-250-thread-1] INFO  server.RaftServerConfigKeys (ConfUtils.java:logGet(43)) - raft.server.rpcslowness.timeout = 120s (custom)
2019-09-19 16:47:06,523 [pool-250-thread-1] INFO  server.RaftServerConfigKeys (ConfUtils.java:logGet(43)) - raft.server.sleep.deviation.threshold = 300 (default)
2019-09-19 16:47:06,523 [pool-250-thread-1] INFO  server.RaftServerConfigKeys (ConfUtils.java:logGet(43)) - raft.server.log.appender.install.snapshot.enabled = false (custom)
2019-09-19 16:47:06,524 [pool-250-thread-1] INFO  impl.RaftServerImpl (ServerState.java:<init>(105)) - 90807a67-81c1-4bdc-9300-b9ddb9d662c8:group-C2D5FDED4DBE ConfigurationManager, init=-1: [90807a67-81c1-4bdc-9300-b9ddb9d662c8:192.168.157.226:46825], old=null, confs=<EMPTY_MAP>
2019-09-19 16:47:06,524 [pool-250-thread-1] INFO  server.RaftServerConfigKeys (ConfUtils.java:logGet(43)) - raft.server.storage.dir = [/workdir/hadoop-ozone/ozonefs/target/test-dir/MiniOzoneClusterImpl-fcaa30ee-2967-4065-be48-824e4576b1bf/datanode-1/data/ratis] (custom)
2019-09-19 16:47:06,524 [pool-250-thread-1] INFO  storage.RaftStorageDirectory (RaftStorageDirectory.java:analyzeStorage(246)) - The storage directory /workdir/hadoop-ozone/ozonefs/target/test-dir/MiniOzoneClusterImpl-fcaa30ee-2967-4065-be48-824e4576b1bf/datanode-1/data/ratis/4d34fa9e-1351-456b-b941-c2d5fded4dbe does not exist. Creating ...
2019-09-19 16:47:06,536 [pool-250-thread-1] INFO  storage.RaftStorageDirectory (RaftStorageDirectory.java:tryLock(328)) - Lock on /workdir/hadoop-ozone/ozonefs/target/test-dir/MiniOzoneClusterImpl-fcaa30ee-2967-4065-be48-824e4576b1bf/datanode-1/data/ratis/4d34fa9e-1351-456b-b941-c2d5fded4dbe/in_use.lock acquired by nodename 32682@pr-hdds-1569-swxfz-3172132826
2019-09-19 16:47:06,549 [pool-250-thread-1] INFO  storage.RaftStorage (RaftStorage.java:format(72)) - Storage directory /workdir/hadoop-ozone/ozonefs/target/test-dir/MiniOzoneClusterImpl-fcaa30ee-2967-4065-be48-824e4576b1bf/datanode-1/data/ratis/4d34fa9e-1351-456b-b941-c2d5fded4dbe has been successfully formatted.
2019-09-19 16:47:06,550 [pool-250-thread-1] INFO  ratis.ContainerStateMachine (ContainerStateMachine.java:loadSnapshot(226)) - group-C2D5FDED4DBE: The snapshot info is null. Setting the last applied indexto:(t:0, i:~)
2019-09-19 16:47:06,550 [pool-250-thread-1] INFO  server.RaftServerConfigKeys (ConfUtils.java:logGet(43)) - raft.server.leader.election.timeout = 120s (custom)
2019-09-19 16:47:06,550 [pool-250-thread-1] INFO  server.RaftServerConfigKeys (ConfUtils.java:logGet(43)) - raft.server.log.use.memory = false (default)
2019-09-19 16:47:06,550 [pool-250-thread-1] INFO  server.RaftServerConfigKeys (ConfUtils.java:logGet(43)) - raft.server.log.purge.gap = 1000000 (custom)
2019-09-19 16:47:06,550 [pool-250-thread-1] INFO  server.RaftServerConfigKeys (ConfUtils.java:logGet(43)) - raft.server.log.appender.buffer.byte-limit = 33554432 (custom)
2019-09-19 16:47:06,550 [pool-250-thread-1] INFO  server.RaftServerConfigKeys (ConfUtils.java:logGet(43)) - raft.server.log.segment.size.max = 1048576 (custom)
2019-09-19 16:47:06,551 [pool-250-thread-1] INFO  server.RaftServerConfigKeys (ConfUtils.java:logGet(43)) - raft.server.log.segment.cache.num.max = 2 (custom)
2019-09-19 16:47:06,551 [pool-250-thread-1] INFO  segmented.SegmentedRaftLogWorker (SegmentedRaftLogWorker.java:<init>(172)) - new 90807a67-81c1-4bdc-9300-b9ddb9d662c8-SegmentedRaftLogWorker:Storage Directory /workdir/hadoop-ozone/ozonefs/target/test-dir/MiniOzoneClusterImpl-fcaa30ee-2967-4065-be48-824e4576b1bf/datanode-1/data/ratis/4d34fa9e-1351-456b-b941-c2d5fded4dbe for RaftStorage:Storage Directory /workdir/hadoop-ozone/ozonefs/target/test-dir/MiniOzoneClusterImpl-fcaa30ee-2967-4065-be48-824e4576b1bf/datanode-1/data/ratis/4d34fa9e-1351-456b-b941-c2d5fded4dbe
2019-09-19 16:47:06,551 [pool-250-thread-1] INFO  server.RaftServerConfigKeys (ConfUtils.java:logGet(43)) - raft.server.log.queue.byte-limit = 2147483647 (custom)
2019-09-19 16:47:06,551 [pool-250-thread-1] INFO  server.RaftServerConfigKeys (ConfUtils.java:logGet(43)) - raft.server.log.queue.element-limit = 1024 (custom)
2019-09-19 16:47:06,551 [pool-250-thread-1] INFO  server.RaftServerConfigKeys (ConfUtils.java:logGet(43)) - raft.server.log.segment.size.max = 1048576 (custom)
2019-09-19 16:47:06,551 [pool-250-thread-1] INFO  server.RaftServerConfigKeys (ConfUtils.java:logGet(43)) - raft.server.log.preallocated.size = 16384 (custom)
2019-09-19 16:47:06,551 [pool-250-thread-1] INFO  server.RaftServerConfigKeys (ConfUtils.java:logGet(43)) - raft.server.log.write.buffer.size = 33554432 (custom)
2019-09-19 16:47:06,552 [pool-250-thread-1] INFO  server.RaftServerConfigKeys (ConfUtils.java:logGet(43)) - raft.server.log.force.sync.num = 128 (default)
2019-09-19 16:47:06,552 [pool-250-thread-1] INFO  server.RaftServerConfigKeys (ConfUtils.java:logGet(43)) - raft.server.log.statemachine.data.sync = true (default)
2019-09-19 16:47:06,552 [pool-250-thread-1] INFO  server.RaftServerConfigKeys (ConfUtils.java:logGet(43)) - raft.server.log.statemachine.data.sync.timeout = 10s (default)
2019-09-19 16:47:06,552 [pool-250-thread-1] INFO  server.RaftServerConfigKeys (ConfUtils.java:logGet(43)) - raft.server.log.statemachine.data.sync.timeout.retry = -1 (default)
2019-09-19 16:47:06,552 [pool-250-thread-1] INFO  server.RaftServerConfigKeys (ConfUtils.java:logGet(43)) - raft.server.log.statemachine.data.caching.enabled = true (custom)
2019-09-19 16:47:06,553 [pool-250-thread-1] INFO  segmented.SegmentedRaftLogWorker (SegmentedRaftLogWorker.java:lambda$new$0(132)) - 90807a67-81c1-4bdc-9300-b9ddb9d662c8-SegmentedRaftLogWorker:Storage Directory /workdir/hadoop-ozone/ozonefs/target/test-dir/MiniOzoneClusterImpl-fcaa30ee-2967-4065-be48-824e4576b1bf/datanode-1/data/ratis/4d34fa9e-1351-456b-b941-c2d5fded4dbe: flushIndex: setUnconditionally 0 -> -1
2019-09-19 16:47:06,553 [pool-250-thread-1] INFO  server.RaftServerConfigKeys (ConfUtils.java:logGet(43)) - raft.server.snapshot.auto.trigger.enabled = true (custom)
2019-09-19 16:47:06,553 [pool-250-thread-1] INFO  server.RaftServerConfigKeys (ConfUtils.java:logGet(43)) - raft.server.snapshot.auto.trigger.threshold = 10000 (custom)
2019-09-19 16:47:06,553 [pool-250-thread-1] INFO  server.RaftServerConfigKeys (ConfUtils.java:logGet(43)) - raft.server.retrycache.expirytime = 600000ms (custom)
2019-09-19 16:47:06,553 [pool-250-thread-1] INFO  impl.RaftServerImpl (RaftServerImpl.java:start(180)) - 90807a67-81c1-4bdc-9300-b9ddb9d662c8: start group-C2D5FDED4DBE
2019-09-19 16:47:06,553 [pool-250-thread-1] INFO  impl.RaftServerImpl (RaftServerImpl.java:setRole(171)) - 90807a67-81c1-4bdc-9300-b9ddb9d662c8:group-C2D5FDED4DBE changes role from null to FOLLOWER at term 0 for startAsFollower
2019-09-19 16:47:06,554 [pool-250-thread-1] INFO  impl.RoleInfo (RoleInfo.java:updateAndGet(143)) - 90807a67-81c1-4bdc-9300-b9ddb9d662c8: start FollowerState
2019-09-19 16:47:06,554 [pool-250-thread-1] INFO  util.JmxRegister (JmxRegister.java:tryRegister(44)) - Successfully registered JMX Bean with object name Ratis:service=RaftServer,group=group-C2D5FDED4DBE,id=90807a67-81c1-4bdc-9300-b9ddb9d662c8
2019-09-19 16:47:06,557 [RatisPipelineUtilsThread] INFO  pipeline.PipelineStateManager (PipelineStateManager.java:addPipeline(56)) - Created pipeline Pipeline[ Id: 4d34fa9e-1351-456b-b941-c2d5fded4dbe, Nodes: 90807a67-81c1-4bdc-9300-b9ddb9d662c8{ip: 192.168.157.226, host: pr-hdds-1569-swxfz-3172132826, networkLocation: /default-rack, certSerialId: null}, Type:RATIS, Factor:ONE, State:OPEN]
2019-09-19 16:47:06,557 [RatisPipelineUtilsThread] ERROR pipeline.PipelinePlacementPolicy (PipelinePlacementPolicy.java:meetCriteria(91)) - Pipeline Placement: Doesn't meet the criteria to be viable node. Heaviness: 6
2019-09-19 16:47:06,557 [RatisPipelineUtilsThread] ERROR pipeline.PipelinePlacementPolicy (PipelinePlacementPolicy.java:meetCriteria(91)) - Pipeline Placement: Doesn't meet the criteria to be viable node. Heaviness: 6
2019-09-19 16:47:06,565 [grpc-default-executor-0] INFO  impl.RaftServerProxy (RaftServerProxy.java:addNew(89)) - 26a699e2-9f6c-4368-8bb8-6bca25baed85: addNew group-B0786EF4FB8C:[26a699e2-9f6c-4368-8bb8-6bca25baed85:192.168.157.226:42864] returns group-B0786EF4FB8C:java.util.concurrent.CompletableFuture@30290275[Not completed]
2019-09-19 16:47:06,566 [pool-261-thread-1] INFO  impl.RaftServerImpl (RaftServerImpl.java:<init>(93)) - 26a699e2-9f6c-4368-8bb8-6bca25baed85: new RaftServerImpl for group-B0786EF4FB8C:[26a699e2-9f6c-4368-8bb8-6bca25baed85:192.168.157.226:42864] with ContainerStateMachine:uninitialized
2019-09-19 16:47:06,566 [pool-261-thread-1] INFO  server.RaftServerConfigKeys (ConfUtils.java:logGet(43)) - raft.server.rpc.timeout.min = 5s (custom)
2019-09-19 16:47:06,566 [pool-261-thread-1] INFO  server.RaftServerConfigKeys (ConfUtils.java:logGet(43)) - raft.server.rpc.timeout.max = 5200ms (custom)
2019-09-19 16:47:06,566 [pool-261-thread-1] INFO  server.RaftServerConfigKeys (ConfUtils.java:logGet(43)) - raft.server.rpcslowness.timeout = 120s (custom)
2019-09-19 16:47:06,566 [pool-261-thread-1] INFO  server.RaftServerConfigKeys (ConfUtils.java:logGet(43)) - raft.server.sleep.deviation.threshold = 300 (default)
2019-09-19 16:47:06,566 [pool-261-thread-1] INFO  server.RaftServerConfigKeys (ConfUtils.java:logGet(43)) - raft.server.log.appender.install.snapshot.enabled = false (custom)
2019-09-19 16:47:06,567 [pool-261-thread-1] INFO  impl.RaftServerImpl (ServerState.java:<init>(105)) - 26a699e2-9f6c-4368-8bb8-6bca25baed85:group-B0786EF4FB8C ConfigurationManager, init=-1: [26a699e2-9f6c-4368-8bb8-6bca25baed85:192.168.157.226:42864], old=null, confs=<EMPTY_MAP>
2019-09-19 16:47:06,567 [pool-261-thread-1] INFO  server.RaftServerConfigKeys (ConfUtils.java:logGet(43)) - raft.server.storage.dir = [/workdir/hadoop-ozone/ozonefs/target/test-dir/MiniOzoneClusterImpl-fcaa30ee-2967-4065-be48-824e4576b1bf/datanode-2/data/ratis] (custom)
2019-09-19 16:47:06,567 [pool-261-thread-1] INFO  storage.RaftStorageDirectory (RaftStorageDirectory.java:analyzeStorage(246)) - The storage directory /workdir/hadoop-ozone/ozonefs/target/test-dir/MiniOzoneClusterImpl-fcaa30ee-2967-4065-be48-824e4576b1bf/datanode-2/data/ratis/c84e701f-7bbf-47da-b495-b0786ef4fb8c does not exist. Creating ...
2019-09-19 16:47:06,571 [pool-261-thread-1] INFO  storage.RaftStorageDirectory (RaftStorageDirectory.java:tryLock(328)) - Lock on /workdir/hadoop-ozone/ozonefs/target/test-dir/MiniOzoneClusterImpl-fcaa30ee-2967-4065-be48-824e4576b1bf/datanode-2/data/ratis/c84e701f-7bbf-47da-b495-b0786ef4fb8c/in_use.lock acquired by nodename 32682@pr-hdds-1569-swxfz-3172132826
2019-09-19 16:47:06,575 [pool-261-thread-1] INFO  storage.RaftStorage (RaftStorage.java:format(72)) - Storage directory /workdir/hadoop-ozone/ozonefs/target/test-dir/MiniOzoneClusterImpl-fcaa30ee-2967-4065-be48-824e4576b1bf/datanode-2/data/ratis/c84e701f-7bbf-47da-b495-b0786ef4fb8c has been successfully formatted.
2019-09-19 16:47:06,575 [pool-261-thread-1] INFO  ratis.ContainerStateMachine (ContainerStateMachine.java:loadSnapshot(226)) - group-B0786EF4FB8C: The snapshot info is null. Setting the last applied indexto:(t:0, i:~)
2019-09-19 16:47:06,575 [pool-261-thread-1] INFO  server.RaftServerConfigKeys (ConfUtils.java:logGet(43)) - raft.server.leader.election.timeout = 120s (custom)
2019-09-19 16:47:06,576 [pool-261-thread-1] INFO  server.RaftServerConfigKeys (ConfUtils.java:logGet(43)) - raft.server.log.use.memory = false (default)
2019-09-19 16:47:06,576 [pool-261-thread-1] INFO  server.RaftServerConfigKeys (ConfUtils.java:logGet(43)) - raft.server.log.purge.gap = 1000000 (custom)
2019-09-19 16:47:06,576 [pool-261-thread-1] INFO  server.RaftServerConfigKeys (ConfUtils.java:logGet(43)) - raft.server.log.appender.buffer.byte-limit = 33554432 (custom)
2019-09-19 16:47:06,576 [pool-261-thread-1] INFO  server.RaftServerConfigKeys (ConfUtils.java:logGet(43)) - raft.server.log.segment.size.max = 1048576 (custom)
2019-09-19 16:47:06,576 [pool-261-thread-1] INFO  server.RaftServerConfigKeys (ConfUtils.java:logGet(43)) - raft.server.log.segment.cache.num.max = 2 (custom)
2019-09-19 16:47:06,576 [pool-261-thread-1] INFO  segmented.SegmentedRaftLogWorker (SegmentedRaftLogWorker.java:<init>(172)) - new 26a699e2-9f6c-4368-8bb8-6bca25baed85-SegmentedRaftLogWorker:Storage Directory /workdir/hadoop-ozone/ozonefs/target/test-dir/MiniOzoneClusterImpl-fcaa30ee-2967-4065-be48-824e4576b1bf/datanode-2/data/ratis/c84e701f-7bbf-47da-b495-b0786ef4fb8c for RaftStorage:Storage Directory /workdir/hadoop-ozone/ozonefs/target/test-dir/MiniOzoneClusterImpl-fcaa30ee-2967-4065-be48-824e4576b1bf/datanode-2/data/ratis/c84e701f-7bbf-47da-b495-b0786ef4fb8c
2019-09-19 16:47:06,576 [pool-261-thread-1] INFO  server.RaftServerConfigKeys (ConfUtils.java:logGet(43)) - raft.server.log.queue.byte-limit = 2147483647 (custom)
2019-09-19 16:47:06,577 [pool-261-thread-1] INFO  server.RaftServerConfigKeys (ConfUtils.java:logGet(43)) - raft.server.log.queue.element-limit = 1024 (custom)
2019-09-19 16:47:06,577 [pool-261-thread-1] INFO  server.RaftServerConfigKeys (ConfUtils.java:logGet(43)) - raft.server.log.segment.size.max = 1048576 (custom)
2019-09-19 16:47:06,577 [pool-261-thread-1] INFO  server.RaftServerConfigKeys (ConfUtils.java:logGet(43)) - raft.server.log.preallocated.size = 16384 (custom)
2019-09-19 16:47:06,577 [pool-261-thread-1] INFO  server.RaftServerConfigKeys (ConfUtils.java:logGet(43)) - raft.server.log.write.buffer.size = 33554432 (custom)
2019-09-19 16:47:06,577 [pool-261-thread-1] INFO  server.RaftServerConfigKeys (ConfUtils.java:logGet(43)) - raft.server.log.force.sync.num = 128 (default)
2019-09-19 16:47:06,577 [pool-261-thread-1] INFO  server.RaftServerConfigKeys (ConfUtils.java:logGet(43)) - raft.server.log.statemachine.data.sync = true (default)
2019-09-19 16:47:06,578 [pool-261-thread-1] INFO  server.RaftServerConfigKeys (ConfUtils.java:logGet(43)) - raft.server.log.statemachine.data.sync.timeout = 10s (default)
2019-09-19 16:47:06,578 [pool-261-thread-1] INFO  server.RaftServerConfigKeys (ConfUtils.java:logGet(43)) - raft.server.log.statemachine.data.sync.timeout.retry = -1 (default)
2019-09-19 16:47:06,578 [pool-261-thread-1] INFO  server.RaftServerConfigKeys (ConfUtils.java:logGet(43)) - raft.server.log.statemachine.data.caching.enabled = true (custom)
2019-09-19 16:47:06,578 [pool-261-thread-1] INFO  segmented.SegmentedRaftLogWorker (SegmentedRaftLogWorker.java:lambda$new$0(132)) - 26a699e2-9f6c-4368-8bb8-6bca25baed85-SegmentedRaftLogWorker:Storage Directory /workdir/hadoop-ozone/ozonefs/target/test-dir/MiniOzoneClusterImpl-fcaa30ee-2967-4065-be48-824e4576b1bf/datanode-2/data/ratis/c84e701f-7bbf-47da-b495-b0786ef4fb8c: flushIndex: setUnconditionally 0 -> -1
2019-09-19 16:47:06,579 [pool-261-thread-1] INFO  server.RaftServerConfigKeys (ConfUtils.java:logGet(43)) - raft.server.snapshot.auto.trigger.enabled = true (custom)
2019-09-19 16:47:06,579 [pool-261-thread-1] INFO  server.RaftServerConfigKeys (ConfUtils.java:logGet(43)) - raft.server.snapshot.auto.trigger.threshold = 10000 (custom)
2019-09-19 16:47:06,579 [pool-261-thread-1] INFO  server.RaftServerConfigKeys (ConfUtils.java:logGet(43)) - raft.server.retrycache.expirytime = 600000ms (custom)
2019-09-19 16:47:06,579 [pool-261-thread-1] INFO  impl.RaftServerImpl (RaftServerImpl.java:start(180)) - 26a699e2-9f6c-4368-8bb8-6bca25baed85: start group-B0786EF4FB8C
2019-09-19 16:47:06,579 [pool-261-thread-1] INFO  impl.RaftServerImpl (RaftServerImpl.java:setRole(171)) - 26a699e2-9f6c-4368-8bb8-6bca25baed85:group-B0786EF4FB8C changes role from null to FOLLOWER at term 0 for startAsFollower
2019-09-19 16:47:06,579 [pool-261-thread-1] INFO  impl.RoleInfo (RoleInfo.java:updateAndGet(143)) - 26a699e2-9f6c-4368-8bb8-6bca25baed85: start FollowerState
2019-09-19 16:47:06,580 [pool-261-thread-1] INFO  util.JmxRegister (JmxRegister.java:tryRegister(44)) - Successfully registered JMX Bean with object name Ratis:service=RaftServer,group=group-B0786EF4FB8C,id=26a699e2-9f6c-4368-8bb8-6bca25baed85
2019-09-19 16:47:06,582 [RatisPipelineUtilsThread] INFO  pipeline.PipelineStateManager (PipelineStateManager.java:addPipeline(56)) - Created pipeline Pipeline[ Id: c84e701f-7bbf-47da-b495-b0786ef4fb8c, Nodes: 26a699e2-9f6c-4368-8bb8-6bca25baed85{ip: 192.168.157.226, host: pr-hdds-1569-swxfz-3172132826, networkLocation: /default-rack, certSerialId: null}, Type:RATIS, Factor:ONE, State:OPEN]
2019-09-19 16:47:06,583 [RatisPipelineUtilsThread] ERROR pipeline.PipelinePlacementPolicy (PipelinePlacementPolicy.java:meetCriteria(91)) - Pipeline Placement: Doesn't meet the criteria to be viable node. Heaviness: 6
2019-09-19 16:47:06,583 [RatisPipelineUtilsThread] ERROR pipeline.PipelinePlacementPolicy (PipelinePlacementPolicy.java:meetCriteria(91)) - Pipeline Placement: Doesn't meet the criteria to be viable node. Heaviness: 6
2019-09-19 16:47:06,588 [grpc-default-executor-0] INFO  impl.RaftServerProxy (RaftServerProxy.java:addNew(89)) - 26a699e2-9f6c-4368-8bb8-6bca25baed85: addNew group-32575B7A9555:[26a699e2-9f6c-4368-8bb8-6bca25baed85:192.168.157.226:42864] returns group-32575B7A9555:java.util.concurrent.CompletableFuture@6f534d83[Not completed]
2019-09-19 16:47:06,589 [pool-261-thread-1] INFO  impl.RaftServerImpl (RaftServerImpl.java:<init>(93)) - 26a699e2-9f6c-4368-8bb8-6bca25baed85: new RaftServerImpl for group-32575B7A9555:[26a699e2-9f6c-4368-8bb8-6bca25baed85:192.168.157.226:42864] with ContainerStateMachine:uninitialized
2019-09-19 16:47:06,590 [pool-261-thread-1] INFO  server.RaftServerConfigKeys (ConfUtils.java:logGet(43)) - raft.server.rpc.timeout.min = 5s (custom)
2019-09-19 16:47:06,590 [pool-261-thread-1] INFO  server.RaftServerConfigKeys (ConfUtils.java:logGet(43)) - raft.server.rpc.timeout.max = 5200ms (custom)
2019-09-19 16:47:06,590 [pool-261-thread-1] INFO  server.RaftServerConfigKeys (ConfUtils.java:logGet(43)) - raft.server.rpcslowness.timeout = 120s (custom)
2019-09-19 16:47:06,590 [pool-261-thread-1] INFO  server.RaftServerConfigKeys (ConfUtils.java:logGet(43)) - raft.server.sleep.deviation.threshold = 300 (default)
2019-09-19 16:47:06,590 [pool-261-thread-1] INFO  server.RaftServerConfigKeys (ConfUtils.java:logGet(43)) - raft.server.log.appender.install.snapshot.enabled = false (custom)
2019-09-19 16:47:06,590 [pool-261-thread-1] INFO  impl.RaftServerImpl (ServerState.java:<init>(105)) - 26a699e2-9f6c-4368-8bb8-6bca25baed85:group-32575B7A9555 ConfigurationManager, init=-1: [26a699e2-9f6c-4368-8bb8-6bca25baed85:192.168.157.226:42864], old=null, confs=<EMPTY_MAP>
2019-09-19 16:47:06,590 [pool-261-thread-1] INFO  server.RaftServerConfigKeys (ConfUtils.java:logGet(43)) - raft.server.storage.dir = [/workdir/hadoop-ozone/ozonefs/target/test-dir/MiniOzoneClusterImpl-fcaa30ee-2967-4065-be48-824e4576b1bf/datanode-2/data/ratis] (custom)
2019-09-19 16:47:06,591 [pool-261-thread-1] INFO  storage.RaftStorageDirectory (RaftStorageDirectory.java:analyzeStorage(246)) - The storage directory /workdir/hadoop-ozone/ozonefs/target/test-dir/MiniOzoneClusterImpl-fcaa30ee-2967-4065-be48-824e4576b1bf/datanode-2/data/ratis/5af2a0b0-d4ca-4ef8-9b3a-32575b7a9555 does not exist. Creating ...
2019-09-19 16:47:06,594 [pool-261-thread-1] INFO  storage.RaftStorageDirectory (RaftStorageDirectory.java:tryLock(328)) - Lock on /workdir/hadoop-ozone/ozonefs/target/test-dir/MiniOzoneClusterImpl-fcaa30ee-2967-4065-be48-824e4576b1bf/datanode-2/data/ratis/5af2a0b0-d4ca-4ef8-9b3a-32575b7a9555/in_use.lock acquired by nodename 32682@pr-hdds-1569-swxfz-3172132826
2019-09-19 16:47:06,598 [pool-261-thread-1] INFO  storage.RaftStorage (RaftStorage.java:format(72)) - Storage directory /workdir/hadoop-ozone/ozonefs/target/test-dir/MiniOzoneClusterImpl-fcaa30ee-2967-4065-be48-824e4576b1bf/datanode-2/data/ratis/5af2a0b0-d4ca-4ef8-9b3a-32575b7a9555 has been successfully formatted.
2019-09-19 16:47:06,598 [pool-261-thread-1] INFO  ratis.ContainerStateMachine (ContainerStateMachine.java:loadSnapshot(226)) - group-32575B7A9555: The snapshot info is null. Setting the last applied indexto:(t:0, i:~)
2019-09-19 16:47:06,598 [pool-261-thread-1] INFO  server.RaftServerConfigKeys (ConfUtils.java:logGet(43)) - raft.server.leader.election.timeout = 120s (custom)
2019-09-19 16:47:06,599 [pool-261-thread-1] INFO  server.RaftServerConfigKeys (ConfUtils.java:logGet(43)) - raft.server.log.use.memory = false (default)
2019-09-19 16:47:06,599 [pool-261-thread-1] INFO  server.RaftServerConfigKeys (ConfUtils.java:logGet(43)) - raft.server.log.purge.gap = 1000000 (custom)
2019-09-19 16:47:06,599 [pool-261-thread-1] INFO  server.RaftServerConfigKeys (ConfUtils.java:logGet(43)) - raft.server.log.appender.buffer.byte-limit = 33554432 (custom)
2019-09-19 16:47:06,599 [pool-261-thread-1] INFO  server.RaftServerConfigKeys (ConfUtils.java:logGet(43)) - raft.server.log.segment.size.max = 1048576 (custom)
2019-09-19 16:47:06,599 [pool-261-thread-1] INFO  server.RaftServerConfigKeys (ConfUtils.java:logGet(43)) - raft.server.log.segment.cache.num.max = 2 (custom)
2019-09-19 16:47:06,599 [pool-261-thread-1] INFO  segmented.SegmentedRaftLogWorker (SegmentedRaftLogWorker.java:<init>(172)) - new 26a699e2-9f6c-4368-8bb8-6bca25baed85-SegmentedRaftLogWorker:Storage Directory /workdir/hadoop-ozone/ozonefs/target/test-dir/MiniOzoneClusterImpl-fcaa30ee-2967-4065-be48-824e4576b1bf/datanode-2/data/ratis/5af2a0b0-d4ca-4ef8-9b3a-32575b7a9555 for RaftStorage:Storage Directory /workdir/hadoop-ozone/ozonefs/target/test-dir/MiniOzoneClusterImpl-fcaa30ee-2967-4065-be48-824e4576b1bf/datanode-2/data/ratis/5af2a0b0-d4ca-4ef8-9b3a-32575b7a9555
2019-09-19 16:47:06,599 [pool-261-thread-1] INFO  server.RaftServerConfigKeys (ConfUtils.java:logGet(43)) - raft.server.log.queue.byte-limit = 2147483647 (custom)
2019-09-19 16:47:06,600 [pool-261-thread-1] INFO  server.RaftServerConfigKeys (ConfUtils.java:logGet(43)) - raft.server.log.queue.element-limit = 1024 (custom)
2019-09-19 16:47:06,600 [pool-261-thread-1] INFO  server.RaftServerConfigKeys (ConfUtils.java:logGet(43)) - raft.server.log.segment.size.max = 1048576 (custom)
2019-09-19 16:47:06,600 [pool-261-thread-1] INFO  server.RaftServerConfigKeys (ConfUtils.java:logGet(43)) - raft.server.log.preallocated.size = 16384 (custom)
2019-09-19 16:47:06,600 [pool-261-thread-1] INFO  server.RaftServerConfigKeys (ConfUtils.java:logGet(43)) - raft.server.log.write.buffer.size = 33554432 (custom)
2019-09-19 16:47:06,600 [pool-261-thread-1] INFO  server.RaftServerConfigKeys (ConfUtils.java:logGet(43)) - raft.server.log.force.sync.num = 128 (default)
2019-09-19 16:47:06,600 [pool-261-thread-1] INFO  server.RaftServerConfigKeys (ConfUtils.java:logGet(43)) - raft.server.log.statemachine.data.sync = true (default)
2019-09-19 16:47:06,601 [pool-261-thread-1] INFO  server.RaftServerConfigKeys (ConfUtils.java:logGet(43)) - raft.server.log.statemachine.data.sync.timeout = 10s (default)
2019-09-19 16:47:06,601 [pool-261-thread-1] INFO  server.RaftServerConfigKeys (ConfUtils.java:logGet(43)) - raft.server.log.statemachine.data.sync.timeout.retry = -1 (default)
2019-09-19 16:47:06,601 [pool-261-thread-1] INFO  server.RaftServerConfigKeys (ConfUtils.java:logGet(43)) - raft.server.log.statemachine.data.caching.enabled = true (custom)
2019-09-19 16:47:06,601 [pool-261-thread-1] INFO  segmented.SegmentedRaftLogWorker (SegmentedRaftLogWorker.java:lambda$new$0(132)) - 26a699e2-9f6c-4368-8bb8-6bca25baed85-SegmentedRaftLogWorker:Storage Directory /workdir/hadoop-ozone/ozonefs/target/test-dir/MiniOzoneClusterImpl-fcaa30ee-2967-4065-be48-824e4576b1bf/datanode-2/data/ratis/5af2a0b0-d4ca-4ef8-9b3a-32575b7a9555: flushIndex: setUnconditionally 0 -> -1
2019-09-19 16:47:06,602 [pool-261-thread-1] INFO  server.RaftServerConfigKeys (ConfUtils.java:logGet(43)) - raft.server.snapshot.auto.trigger.enabled = true (custom)
2019-09-19 16:47:06,602 [pool-261-thread-1] INFO  server.RaftServerConfigKeys (ConfUtils.java:logGet(43)) - raft.server.snapshot.auto.trigger.threshold = 10000 (custom)
2019-09-19 16:47:06,602 [pool-261-thread-1] INFO  server.RaftServerConfigKeys (ConfUtils.java:logGet(43)) - raft.server.retrycache.expirytime = 600000ms (custom)
2019-09-19 16:47:06,602 [pool-261-thread-1] INFO  impl.RaftServerImpl (RaftServerImpl.java:start(180)) - 26a699e2-9f6c-4368-8bb8-6bca25baed85: start group-32575B7A9555
2019-09-19 16:47:06,602 [pool-261-thread-1] INFO  impl.RaftServerImpl (RaftServerImpl.java:setRole(171)) - 26a699e2-9f6c-4368-8bb8-6bca25baed85:group-32575B7A9555 changes role from null to FOLLOWER at term 0 for startAsFollower
2019-09-19 16:47:06,602 [pool-261-thread-1] INFO  impl.RoleInfo (RoleInfo.java:updateAndGet(143)) - 26a699e2-9f6c-4368-8bb8-6bca25baed85: start FollowerState
2019-09-19 16:47:06,603 [pool-261-thread-1] INFO  util.JmxRegister (JmxRegister.java:tryRegister(44)) - Successfully registered JMX Bean with object name Ratis:service=RaftServer,group=group-32575B7A9555,id=26a699e2-9f6c-4368-8bb8-6bca25baed85
2019-09-19 16:47:06,606 [RatisPipelineUtilsThread] INFO  pipeline.PipelineStateManager (PipelineStateManager.java:addPipeline(56)) - Created pipeline Pipeline[ Id: 5af2a0b0-d4ca-4ef8-9b3a-32575b7a9555, Nodes: 26a699e2-9f6c-4368-8bb8-6bca25baed85{ip: 192.168.157.226, host: pr-hdds-1569-swxfz-3172132826, networkLocation: /default-rack, certSerialId: null}, Type:RATIS, Factor:ONE, State:OPEN]
2019-09-19 16:47:06,606 [RatisPipelineUtilsThread] ERROR pipeline.PipelinePlacementPolicy (PipelinePlacementPolicy.java:meetCriteria(91)) - Pipeline Placement: Doesn't meet the criteria to be viable node. Heaviness: 6
2019-09-19 16:47:06,606 [RatisPipelineUtilsThread] ERROR pipeline.PipelinePlacementPolicy (PipelinePlacementPolicy.java:meetCriteria(91)) - Pipeline Placement: Doesn't meet the criteria to be viable node. Heaviness: 6
2019-09-19 16:47:06,611 [grpc-default-executor-0] INFO  impl.RaftServerProxy (RaftServerProxy.java:addNew(89)) - 26a699e2-9f6c-4368-8bb8-6bca25baed85: addNew group-93C6970D86FC:[26a699e2-9f6c-4368-8bb8-6bca25baed85:192.168.157.226:42864] returns group-93C6970D86FC:java.util.concurrent.CompletableFuture@59db2cf4[Not completed]
2019-09-19 16:47:06,612 [pool-261-thread-1] INFO  impl.RaftServerImpl (RaftServerImpl.java:<init>(93)) - 26a699e2-9f6c-4368-8bb8-6bca25baed85: new RaftServerImpl for group-93C6970D86FC:[26a699e2-9f6c-4368-8bb8-6bca25baed85:192.168.157.226:42864] with ContainerStateMachine:uninitialized
2019-09-19 16:47:06,612 [pool-261-thread-1] INFO  server.RaftServerConfigKeys (ConfUtils.java:logGet(43)) - raft.server.rpc.timeout.min = 5s (custom)
2019-09-19 16:47:06,612 [pool-261-thread-1] INFO  server.RaftServerConfigKeys (ConfUtils.java:logGet(43)) - raft.server.rpc.timeout.max = 5200ms (custom)
2019-09-19 16:47:06,612 [pool-261-thread-1] INFO  server.RaftServerConfigKeys (ConfUtils.java:logGet(43)) - raft.server.rpcslowness.timeout = 120s (custom)
2019-09-19 16:47:06,612 [pool-261-thread-1] INFO  server.RaftServerConfigKeys (ConfUtils.java:logGet(43)) - raft.server.sleep.deviation.threshold = 300 (default)
2019-09-19 16:47:06,612 [pool-261-thread-1] INFO  server.RaftServerConfigKeys (ConfUtils.java:logGet(43)) - raft.server.log.appender.install.snapshot.enabled = false (custom)
2019-09-19 16:47:06,613 [pool-261-thread-1] INFO  impl.RaftServerImpl (ServerState.java:<init>(105)) - 26a699e2-9f6c-4368-8bb8-6bca25baed85:group-93C6970D86FC ConfigurationManager, init=-1: [26a699e2-9f6c-4368-8bb8-6bca25baed85:192.168.157.226:42864], old=null, confs=<EMPTY_MAP>
2019-09-19 16:47:06,613 [pool-261-thread-1] INFO  server.RaftServerConfigKeys (ConfUtils.java:logGet(43)) - raft.server.storage.dir = [/workdir/hadoop-ozone/ozonefs/target/test-dir/MiniOzoneClusterImpl-fcaa30ee-2967-4065-be48-824e4576b1bf/datanode-2/data/ratis] (custom)
2019-09-19 16:47:06,613 [pool-261-thread-1] INFO  storage.RaftStorageDirectory (RaftStorageDirectory.java:analyzeStorage(246)) - The storage directory /workdir/hadoop-ozone/ozonefs/target/test-dir/MiniOzoneClusterImpl-fcaa30ee-2967-4065-be48-824e4576b1bf/datanode-2/data/ratis/84d529d4-cb58-4e76-b926-93c6970d86fc does not exist. Creating ...
2019-09-19 16:47:06,616 [pool-261-thread-1] INFO  storage.RaftStorageDirectory (RaftStorageDirectory.java:tryLock(328)) - Lock on /workdir/hadoop-ozone/ozonefs/target/test-dir/MiniOzoneClusterImpl-fcaa30ee-2967-4065-be48-824e4576b1bf/datanode-2/data/ratis/84d529d4-cb58-4e76-b926-93c6970d86fc/in_use.lock acquired by nodename 32682@pr-hdds-1569-swxfz-3172132826
2019-09-19 16:47:06,645 [pool-261-thread-1] INFO  storage.RaftStorage (RaftStorage.java:format(72)) - Storage directory /workdir/hadoop-ozone/ozonefs/target/test-dir/MiniOzoneClusterImpl-fcaa30ee-2967-4065-be48-824e4576b1bf/datanode-2/data/ratis/84d529d4-cb58-4e76-b926-93c6970d86fc has been successfully formatted.
2019-09-19 16:47:06,645 [pool-261-thread-1] INFO  ratis.ContainerStateMachine (ContainerStateMachine.java:loadSnapshot(226)) - group-93C6970D86FC: The snapshot info is null. Setting the last applied indexto:(t:0, i:~)
2019-09-19 16:47:06,646 [pool-261-thread-1] INFO  server.RaftServerConfigKeys (ConfUtils.java:logGet(43)) - raft.server.leader.election.timeout = 120s (custom)
2019-09-19 16:47:06,646 [pool-261-thread-1] INFO  server.RaftServerConfigKeys (ConfUtils.java:logGet(43)) - raft.server.log.use.memory = false (default)
2019-09-19 16:47:06,646 [pool-261-thread-1] INFO  server.RaftServerConfigKeys (ConfUtils.java:logGet(43)) - raft.server.log.purge.gap = 1000000 (custom)
2019-09-19 16:47:06,646 [pool-261-thread-1] INFO  server.RaftServerConfigKeys (ConfUtils.java:logGet(43)) - raft.server.log.appender.buffer.byte-limit = 33554432 (custom)
2019-09-19 16:47:06,646 [pool-261-thread-1] INFO  server.RaftServerConfigKeys (ConfUtils.java:logGet(43)) - raft.server.log.segment.size.max = 1048576 (custom)
2019-09-19 16:47:06,646 [pool-261-thread-1] INFO  server.RaftServerConfigKeys (ConfUtils.java:logGet(43)) - raft.server.log.segment.cache.num.max = 2 (custom)
2019-09-19 16:47:06,646 [pool-261-thread-1] INFO  segmented.SegmentedRaftLogWorker (SegmentedRaftLogWorker.java:<init>(172)) - new 26a699e2-9f6c-4368-8bb8-6bca25baed85-SegmentedRaftLogWorker:Storage Directory /workdir/hadoop-ozone/ozonefs/target/test-dir/MiniOzoneClusterImpl-fcaa30ee-2967-4065-be48-824e4576b1bf/datanode-2/data/ratis/84d529d4-cb58-4e76-b926-93c6970d86fc for RaftStorage:Storage Directory /workdir/hadoop-ozone/ozonefs/target/test-dir/MiniOzoneClusterImpl-fcaa30ee-2967-4065-be48-824e4576b1bf/datanode-2/data/ratis/84d529d4-cb58-4e76-b926-93c6970d86fc
2019-09-19 16:47:06,647 [pool-261-thread-1] INFO  server.RaftServerConfigKeys (ConfUtils.java:logGet(43)) - raft.server.log.queue.byte-limit = 2147483647 (custom)
2019-09-19 16:47:06,647 [pool-261-thread-1] INFO  server.RaftServerConfigKeys (ConfUtils.java:logGet(43)) - raft.server.log.queue.element-limit = 1024 (custom)
2019-09-19 16:47:06,647 [pool-261-thread-1] INFO  server.RaftServerConfigKeys (ConfUtils.java:logGet(43)) - raft.server.log.segment.size.max = 1048576 (custom)
2019-09-19 16:47:06,647 [pool-261-thread-1] INFO  server.RaftServerConfigKeys (ConfUtils.java:logGet(43)) - raft.server.log.preallocated.size = 16384 (custom)
2019-09-19 16:47:06,647 [pool-261-thread-1] INFO  server.RaftServerConfigKeys (ConfUtils.java:logGet(43)) - raft.server.log.write.buffer.size = 33554432 (custom)
2019-09-19 16:47:06,647 [pool-261-thread-1] INFO  server.RaftServerConfigKeys (ConfUtils.java:logGet(43)) - raft.server.log.force.sync.num = 128 (default)
2019-09-19 16:47:06,648 [pool-261-thread-1] INFO  server.RaftServerConfigKeys (ConfUtils.java:logGet(43)) - raft.server.log.statemachine.data.sync = true (default)
2019-09-19 16:47:06,648 [pool-261-thread-1] INFO  server.RaftServerConfigKeys (ConfUtils.java:logGet(43)) - raft.server.log.statemachine.data.sync.timeout = 10s (default)
2019-09-19 16:47:06,648 [pool-261-thread-1] INFO  server.RaftServerConfigKeys (ConfUtils.java:logGet(43)) - raft.server.log.statemachine.data.sync.timeout.retry = -1 (default)
2019-09-19 16:47:06,648 [pool-261-thread-1] INFO  server.RaftServerConfigKeys (ConfUtils.java:logGet(43)) - raft.server.log.statemachine.data.caching.enabled = true (custom)
2019-09-19 16:47:06,648 [pool-261-thread-1] INFO  segmented.SegmentedRaftLogWorker (SegmentedRaftLogWorker.java:lambda$new$0(132)) - 26a699e2-9f6c-4368-8bb8-6bca25baed85-SegmentedRaftLogWorker:Storage Directory /workdir/hadoop-ozone/ozonefs/target/test-dir/MiniOzoneClusterImpl-fcaa30ee-2967-4065-be48-824e4576b1bf/datanode-2/data/ratis/84d529d4-cb58-4e76-b926-93c6970d86fc: flushIndex: setUnconditionally 0 -> -1
2019-09-19 16:47:06,649 [pool-261-thread-1] INFO  server.RaftServerConfigKeys (ConfUtils.java:logGet(43)) - raft.server.snapshot.auto.trigger.enabled = true (custom)
2019-09-19 16:47:06,649 [pool-261-thread-1] INFO  server.RaftServerConfigKeys (ConfUtils.java:logGet(43)) - raft.server.snapshot.auto.trigger.threshold = 10000 (custom)
2019-09-19 16:47:06,649 [pool-261-thread-1] INFO  server.RaftServerConfigKeys (ConfUtils.java:logGet(43)) - raft.server.retrycache.expirytime = 600000ms (custom)
2019-09-19 16:47:06,649 [pool-261-thread-1] INFO  impl.RaftServerImpl (RaftServerImpl.java:start(180)) - 26a699e2-9f6c-4368-8bb8-6bca25baed85: start group-93C6970D86FC
2019-09-19 16:47:06,649 [pool-261-thread-1] INFO  impl.RaftServerImpl (RaftServerImpl.java:setRole(171)) - 26a699e2-9f6c-4368-8bb8-6bca25baed85:group-93C6970D86FC changes role from null to FOLLOWER at term 0 for startAsFollower
2019-09-19 16:47:06,649 [pool-261-thread-1] INFO  impl.RoleInfo (RoleInfo.java:updateAndGet(143)) - 26a699e2-9f6c-4368-8bb8-6bca25baed85: start FollowerState
2019-09-19 16:47:06,650 [pool-261-thread-1] INFO  util.JmxRegister (JmxRegister.java:tryRegister(44)) - Successfully registered JMX Bean with object name Ratis:service=RaftServer,group=group-93C6970D86FC,id=26a699e2-9f6c-4368-8bb8-6bca25baed85
2019-09-19 16:47:06,653 [RatisPipelineUtilsThread] INFO  pipeline.PipelineStateManager (PipelineStateManager.java:addPipeline(56)) - Created pipeline Pipeline[ Id: 84d529d4-cb58-4e76-b926-93c6970d86fc, Nodes: 26a699e2-9f6c-4368-8bb8-6bca25baed85{ip: 192.168.157.226, host: pr-hdds-1569-swxfz-3172132826, networkLocation: /default-rack, certSerialId: null}, Type:RATIS, Factor:ONE, State:OPEN]
2019-09-19 16:47:06,653 [RatisPipelineUtilsThread] ERROR pipeline.PipelinePlacementPolicy (PipelinePlacementPolicy.java:meetCriteria(91)) - Pipeline Placement: Doesn't meet the criteria to be viable node. Heaviness: 6
2019-09-19 16:47:06,653 [RatisPipelineUtilsThread] ERROR pipeline.PipelinePlacementPolicy (PipelinePlacementPolicy.java:meetCriteria(91)) - Pipeline Placement: Doesn't meet the criteria to be viable node. Heaviness: 6
2019-09-19 16:47:06,658 [grpc-default-executor-0] INFO  impl.RaftServerProxy (RaftServerProxy.java:addNew(89)) - 26a699e2-9f6c-4368-8bb8-6bca25baed85: addNew group-10E7AFE7E343:[26a699e2-9f6c-4368-8bb8-6bca25baed85:192.168.157.226:42864] returns group-10E7AFE7E343:java.util.concurrent.CompletableFuture@f8e229c[Not completed]
2019-09-19 16:47:06,659 [pool-261-thread-1] INFO  impl.RaftServerImpl (RaftServerImpl.java:<init>(93)) - 26a699e2-9f6c-4368-8bb8-6bca25baed85: new RaftServerImpl for group-10E7AFE7E343:[26a699e2-9f6c-4368-8bb8-6bca25baed85:192.168.157.226:42864] with ContainerStateMachine:uninitialized
2019-09-19 16:47:06,659 [pool-261-thread-1] INFO  server.RaftServerConfigKeys (ConfUtils.java:logGet(43)) - raft.server.rpc.timeout.min = 5s (custom)
2019-09-19 16:47:06,660 [pool-261-thread-1] INFO  server.RaftServerConfigKeys (ConfUtils.java:logGet(43)) - raft.server.rpc.timeout.max = 5200ms (custom)
2019-09-19 16:47:06,660 [pool-261-thread-1] INFO  server.RaftServerConfigKeys (ConfUtils.java:logGet(43)) - raft.server.rpcslowness.timeout = 120s (custom)
2019-09-19 16:47:06,660 [pool-261-thread-1] INFO  server.RaftServerConfigKeys (ConfUtils.java:logGet(43)) - raft.server.sleep.deviation.threshold = 300 (default)
2019-09-19 16:47:06,660 [pool-261-thread-1] INFO  server.RaftServerConfigKeys (ConfUtils.java:logGet(43)) - raft.server.log.appender.install.snapshot.enabled = false (custom)
2019-09-19 16:47:06,660 [pool-261-thread-1] INFO  impl.RaftServerImpl (ServerState.java:<init>(105)) - 26a699e2-9f6c-4368-8bb8-6bca25baed85:group-10E7AFE7E343 ConfigurationManager, init=-1: [26a699e2-9f6c-4368-8bb8-6bca25baed85:192.168.157.226:42864], old=null, confs=<EMPTY_MAP>
2019-09-19 16:47:06,660 [pool-261-thread-1] INFO  server.RaftServerConfigKeys (ConfUtils.java:logGet(43)) - raft.server.storage.dir = [/workdir/hadoop-ozone/ozonefs/target/test-dir/MiniOzoneClusterImpl-fcaa30ee-2967-4065-be48-824e4576b1bf/datanode-2/data/ratis] (custom)
2019-09-19 16:47:06,661 [pool-261-thread-1] INFO  storage.RaftStorageDirectory (RaftStorageDirectory.java:analyzeStorage(246)) - The storage directory /workdir/hadoop-ozone/ozonefs/target/test-dir/MiniOzoneClusterImpl-fcaa30ee-2967-4065-be48-824e4576b1bf/datanode-2/data/ratis/a0196db8-880f-439b-9d09-10e7afe7e343 does not exist. Creating ...
2019-09-19 16:47:06,686 [pool-261-thread-1] INFO  storage.RaftStorageDirectory (RaftStorageDirectory.java:tryLock(328)) - Lock on /workdir/hadoop-ozone/ozonefs/target/test-dir/MiniOzoneClusterImpl-fcaa30ee-2967-4065-be48-824e4576b1bf/datanode-2/data/ratis/a0196db8-880f-439b-9d09-10e7afe7e343/in_use.lock acquired by nodename 32682@pr-hdds-1569-swxfz-3172132826
2019-09-19 16:47:06,699 [pool-261-thread-1] INFO  storage.RaftStorage (RaftStorage.java:format(72)) - Storage directory /workdir/hadoop-ozone/ozonefs/target/test-dir/MiniOzoneClusterImpl-fcaa30ee-2967-4065-be48-824e4576b1bf/datanode-2/data/ratis/a0196db8-880f-439b-9d09-10e7afe7e343 has been successfully formatted.
2019-09-19 16:47:06,699 [pool-261-thread-1] INFO  ratis.ContainerStateMachine (ContainerStateMachine.java:loadSnapshot(226)) - group-10E7AFE7E343: The snapshot info is null. Setting the last applied indexto:(t:0, i:~)
2019-09-19 16:47:06,699 [pool-261-thread-1] INFO  server.RaftServerConfigKeys (ConfUtils.java:logGet(43)) - raft.server.leader.election.timeout = 120s (custom)
2019-09-19 16:47:06,699 [pool-261-thread-1] INFO  server.RaftServerConfigKeys (ConfUtils.java:logGet(43)) - raft.server.log.use.memory = false (default)
2019-09-19 16:47:06,699 [pool-261-thread-1] INFO  server.RaftServerConfigKeys (ConfUtils.java:logGet(43)) - raft.server.log.purge.gap = 1000000 (custom)
2019-09-19 16:47:06,699 [pool-261-thread-1] INFO  server.RaftServerConfigKeys (ConfUtils.java:logGet(43)) - raft.server.log.appender.buffer.byte-limit = 33554432 (custom)
2019-09-19 16:47:06,700 [pool-261-thread-1] INFO  server.RaftServerConfigKeys (ConfUtils.java:logGet(43)) - raft.server.log.segment.size.max = 1048576 (custom)
2019-09-19 16:47:06,700 [pool-261-thread-1] INFO  server.RaftServerConfigKeys (ConfUtils.java:logGet(43)) - raft.server.log.segment.cache.num.max = 2 (custom)
2019-09-19 16:47:06,700 [pool-261-thread-1] INFO  segmented.SegmentedRaftLogWorker (SegmentedRaftLogWorker.java:<init>(172)) - new 26a699e2-9f6c-4368-8bb8-6bca25baed85-SegmentedRaftLogWorker:Storage Directory /workdir/hadoop-ozone/ozonefs/target/test-dir/MiniOzoneClusterImpl-fcaa30ee-2967-4065-be48-824e4576b1bf/datanode-2/data/ratis/a0196db8-880f-439b-9d09-10e7afe7e343 for RaftStorage:Storage Directory /workdir/hadoop-ozone/ozonefs/target/test-dir/MiniOzoneClusterImpl-fcaa30ee-2967-4065-be48-824e4576b1bf/datanode-2/data/ratis/a0196db8-880f-439b-9d09-10e7afe7e343
2019-09-19 16:47:06,700 [pool-261-thread-1] INFO  server.RaftServerConfigKeys (ConfUtils.java:logGet(43)) - raft.server.log.queue.byte-limit = 2147483647 (custom)
2019-09-19 16:47:06,700 [pool-261-thread-1] INFO  server.RaftServerConfigKeys (ConfUtils.java:logGet(43)) - raft.server.log.queue.element-limit = 1024 (custom)
2019-09-19 16:47:06,700 [pool-261-thread-1] INFO  server.RaftServerConfigKeys (ConfUtils.java:logGet(43)) - raft.server.log.segment.size.max = 1048576 (custom)
2019-09-19 16:47:06,700 [pool-261-thread-1] INFO  server.RaftServerConfigKeys (ConfUtils.java:logGet(43)) - raft.server.log.preallocated.size = 16384 (custom)
2019-09-19 16:47:06,700 [pool-261-thread-1] INFO  server.RaftServerConfigKeys (ConfUtils.java:logGet(43)) - raft.server.log.write.buffer.size = 33554432 (custom)
2019-09-19 16:47:06,701 [pool-261-thread-1] INFO  server.RaftServerConfigKeys (ConfUtils.java:logGet(43)) - raft.server.log.force.sync.num = 128 (default)
2019-09-19 16:47:06,701 [pool-261-thread-1] INFO  server.RaftServerConfigKeys (ConfUtils.java:logGet(43)) - raft.server.log.statemachine.data.sync = true (default)
2019-09-19 16:47:06,701 [pool-261-thread-1] INFO  server.RaftServerConfigKeys (ConfUtils.java:logGet(43)) - raft.server.log.statemachine.data.sync.timeout = 10s (default)
2019-09-19 16:47:06,701 [pool-261-thread-1] INFO  server.RaftServerConfigKeys (ConfUtils.java:logGet(43)) - raft.server.log.statemachine.data.sync.timeout.retry = -1 (default)
2019-09-19 16:47:06,701 [pool-261-thread-1] INFO  server.RaftServerConfigKeys (ConfUtils.java:logGet(43)) - raft.server.log.statemachine.data.caching.enabled = true (custom)
2019-09-19 16:47:06,701 [pool-261-thread-1] INFO  segmented.SegmentedRaftLogWorker (SegmentedRaftLogWorker.java:lambda$new$0(132)) - 26a699e2-9f6c-4368-8bb8-6bca25baed85-SegmentedRaftLogWorker:Storage Directory /workdir/hadoop-ozone/ozonefs/target/test-dir/MiniOzoneClusterImpl-fcaa30ee-2967-4065-be48-824e4576b1bf/datanode-2/data/ratis/a0196db8-880f-439b-9d09-10e7afe7e343: flushIndex: setUnconditionally 0 -> -1
2019-09-19 16:47:06,702 [pool-261-thread-1] INFO  server.RaftServerConfigKeys (ConfUtils.java:logGet(43)) - raft.server.snapshot.auto.trigger.enabled = true (custom)
2019-09-19 16:47:06,702 [pool-261-thread-1] INFO  server.RaftServerConfigKeys (ConfUtils.java:logGet(43)) - raft.server.snapshot.auto.trigger.threshold = 10000 (custom)
2019-09-19 16:47:06,702 [pool-261-thread-1] INFO  server.RaftServerConfigKeys (ConfUtils.java:logGet(43)) - raft.server.retrycache.expirytime = 600000ms (custom)
2019-09-19 16:47:06,702 [pool-261-thread-1] INFO  impl.RaftServerImpl (RaftServerImpl.java:start(180)) - 26a699e2-9f6c-4368-8bb8-6bca25baed85: start group-10E7AFE7E343
2019-09-19 16:47:06,702 [pool-261-thread-1] INFO  impl.RaftServerImpl (RaftServerImpl.java:setRole(171)) - 26a699e2-9f6c-4368-8bb8-6bca25baed85:group-10E7AFE7E343 changes role from null to FOLLOWER at term 0 for startAsFollower
2019-09-19 16:47:06,702 [pool-261-thread-1] INFO  impl.RoleInfo (RoleInfo.java:updateAndGet(143)) - 26a699e2-9f6c-4368-8bb8-6bca25baed85: start FollowerState
2019-09-19 16:47:06,703 [pool-261-thread-1] INFO  util.JmxRegister (JmxRegister.java:tryRegister(44)) - Successfully registered JMX Bean with object name Ratis:service=RaftServer,group=group-10E7AFE7E343,id=26a699e2-9f6c-4368-8bb8-6bca25baed85
2019-09-19 16:47:06,705 [RatisPipelineUtilsThread] INFO  pipeline.PipelineStateManager (PipelineStateManager.java:addPipeline(56)) - Created pipeline Pipeline[ Id: a0196db8-880f-439b-9d09-10e7afe7e343, Nodes: 26a699e2-9f6c-4368-8bb8-6bca25baed85{ip: 192.168.157.226, host: pr-hdds-1569-swxfz-3172132826, networkLocation: /default-rack, certSerialId: null}, Type:RATIS, Factor:ONE, State:OPEN]
2019-09-19 16:47:06,706 [RatisPipelineUtilsThread] ERROR pipeline.PipelinePlacementPolicy (PipelinePlacementPolicy.java:meetCriteria(91)) - Pipeline Placement: Doesn't meet the criteria to be viable node. Heaviness: 6
2019-09-19 16:47:06,706 [RatisPipelineUtilsThread] ERROR pipeline.PipelinePlacementPolicy (PipelinePlacementPolicy.java:meetCriteria(91)) - Pipeline Placement: Doesn't meet the criteria to be viable node. Heaviness: 6
2019-09-19 16:47:06,711 [grpc-default-executor-0] INFO  impl.RaftServerProxy (RaftServerProxy.java:addNew(89)) - 26a699e2-9f6c-4368-8bb8-6bca25baed85: addNew group-DE62524D4D6E:[26a699e2-9f6c-4368-8bb8-6bca25baed85:192.168.157.226:42864] returns group-DE62524D4D6E:java.util.concurrent.CompletableFuture@63072e92[Not completed]
2019-09-19 16:47:06,712 [pool-261-thread-1] INFO  impl.RaftServerImpl (RaftServerImpl.java:<init>(93)) - 26a699e2-9f6c-4368-8bb8-6bca25baed85: new RaftServerImpl for group-DE62524D4D6E:[26a699e2-9f6c-4368-8bb8-6bca25baed85:192.168.157.226:42864] with ContainerStateMachine:uninitialized
2019-09-19 16:47:06,712 [pool-261-thread-1] INFO  server.RaftServerConfigKeys (ConfUtils.java:logGet(43)) - raft.server.rpc.timeout.min = 5s (custom)
2019-09-19 16:47:06,712 [pool-261-thread-1] INFO  server.RaftServerConfigKeys (ConfUtils.java:logGet(43)) - raft.server.rpc.timeout.max = 5200ms (custom)
2019-09-19 16:47:06,712 [pool-261-thread-1] INFO  server.RaftServerConfigKeys (ConfUtils.java:logGet(43)) - raft.server.rpcslowness.timeout = 120s (custom)
2019-09-19 16:47:06,712 [pool-261-thread-1] INFO  server.RaftServerConfigKeys (ConfUtils.java:logGet(43)) - raft.server.sleep.deviation.threshold = 300 (default)
2019-09-19 16:47:06,713 [pool-261-thread-1] INFO  server.RaftServerConfigKeys (ConfUtils.java:logGet(43)) - raft.server.log.appender.install.snapshot.enabled = false (custom)
2019-09-19 16:47:06,713 [pool-261-thread-1] INFO  impl.RaftServerImpl (ServerState.java:<init>(105)) - 26a699e2-9f6c-4368-8bb8-6bca25baed85:group-DE62524D4D6E ConfigurationManager, init=-1: [26a699e2-9f6c-4368-8bb8-6bca25baed85:192.168.157.226:42864], old=null, confs=<EMPTY_MAP>
2019-09-19 16:47:06,713 [pool-261-thread-1] INFO  server.RaftServerConfigKeys (ConfUtils.java:logGet(43)) - raft.server.storage.dir = [/workdir/hadoop-ozone/ozonefs/target/test-dir/MiniOzoneClusterImpl-fcaa30ee-2967-4065-be48-824e4576b1bf/datanode-2/data/ratis] (custom)
2019-09-19 16:47:06,713 [pool-261-thread-1] INFO  storage.RaftStorageDirectory (RaftStorageDirectory.java:analyzeStorage(246)) - The storage directory /workdir/hadoop-ozone/ozonefs/target/test-dir/MiniOzoneClusterImpl-fcaa30ee-2967-4065-be48-824e4576b1bf/datanode-2/data/ratis/81252bf9-3db1-444a-bbee-de62524d4d6e does not exist. Creating ...
2019-09-19 16:47:06,725 [pool-261-thread-1] INFO  storage.RaftStorageDirectory (RaftStorageDirectory.java:tryLock(328)) - Lock on /workdir/hadoop-ozone/ozonefs/target/test-dir/MiniOzoneClusterImpl-fcaa30ee-2967-4065-be48-824e4576b1bf/datanode-2/data/ratis/81252bf9-3db1-444a-bbee-de62524d4d6e/in_use.lock acquired by nodename 32682@pr-hdds-1569-swxfz-3172132826
2019-09-19 16:47:06,738 [pool-261-thread-1] INFO  storage.RaftStorage (RaftStorage.java:format(72)) - Storage directory /workdir/hadoop-ozone/ozonefs/target/test-dir/MiniOzoneClusterImpl-fcaa30ee-2967-4065-be48-824e4576b1bf/datanode-2/data/ratis/81252bf9-3db1-444a-bbee-de62524d4d6e has been successfully formatted.
2019-09-19 16:47:06,738 [pool-261-thread-1] INFO  ratis.ContainerStateMachine (ContainerStateMachine.java:loadSnapshot(226)) - group-DE62524D4D6E: The snapshot info is null. Setting the last applied indexto:(t:0, i:~)
2019-09-19 16:47:06,738 [pool-261-thread-1] INFO  server.RaftServerConfigKeys (ConfUtils.java:logGet(43)) - raft.server.leader.election.timeout = 120s (custom)
2019-09-19 16:47:06,739 [pool-261-thread-1] INFO  server.RaftServerConfigKeys (ConfUtils.java:logGet(43)) - raft.server.log.use.memory = false (default)
2019-09-19 16:47:06,739 [pool-261-thread-1] INFO  server.RaftServerConfigKeys (ConfUtils.java:logGet(43)) - raft.server.log.purge.gap = 1000000 (custom)
2019-09-19 16:47:06,739 [pool-261-thread-1] INFO  server.RaftServerConfigKeys (ConfUtils.java:logGet(43)) - raft.server.log.appender.buffer.byte-limit = 33554432 (custom)
2019-09-19 16:47:06,739 [pool-261-thread-1] INFO  server.RaftServerConfigKeys (ConfUtils.java:logGet(43)) - raft.server.log.segment.size.max = 1048576 (custom)
2019-09-19 16:47:06,739 [pool-261-thread-1] INFO  server.RaftServerConfigKeys (ConfUtils.java:logGet(43)) - raft.server.log.segment.cache.num.max = 2 (custom)
2019-09-19 16:47:06,739 [pool-261-thread-1] INFO  segmented.SegmentedRaftLogWorker (SegmentedRaftLogWorker.java:<init>(172)) - new 26a699e2-9f6c-4368-8bb8-6bca25baed85-SegmentedRaftLogWorker:Storage Directory /workdir/hadoop-ozone/ozonefs/target/test-dir/MiniOzoneClusterImpl-fcaa30ee-2967-4065-be48-824e4576b1bf/datanode-2/data/ratis/81252bf9-3db1-444a-bbee-de62524d4d6e for RaftStorage:Storage Directory /workdir/hadoop-ozone/ozonefs/target/test-dir/MiniOzoneClusterImpl-fcaa30ee-2967-4065-be48-824e4576b1bf/datanode-2/data/ratis/81252bf9-3db1-444a-bbee-de62524d4d6e
2019-09-19 16:47:06,740 [pool-261-thread-1] INFO  server.RaftServerConfigKeys (ConfUtils.java:logGet(43)) - raft.server.log.queue.byte-limit = 2147483647 (custom)
2019-09-19 16:47:06,740 [pool-261-thread-1] INFO  server.RaftServerConfigKeys (ConfUtils.java:logGet(43)) - raft.server.log.queue.element-limit = 1024 (custom)
2019-09-19 16:47:06,740 [pool-261-thread-1] INFO  server.RaftServerConfigKeys (ConfUtils.java:logGet(43)) - raft.server.log.segment.size.max = 1048576 (custom)
2019-09-19 16:47:06,740 [pool-261-thread-1] INFO  server.RaftServerConfigKeys (ConfUtils.java:logGet(43)) - raft.server.log.preallocated.size = 16384 (custom)
2019-09-19 16:47:06,740 [pool-261-thread-1] INFO  server.RaftServerConfigKeys (ConfUtils.java:logGet(43)) - raft.server.log.write.buffer.size = 33554432 (custom)
2019-09-19 16:47:06,740 [pool-261-thread-1] INFO  server.RaftServerConfigKeys (ConfUtils.java:logGet(43)) - raft.server.log.force.sync.num = 128 (default)
2019-09-19 16:47:06,741 [pool-261-thread-1] INFO  server.RaftServerConfigKeys (ConfUtils.java:logGet(43)) - raft.server.log.statemachine.data.sync = true (default)
2019-09-19 16:47:06,741 [pool-261-thread-1] INFO  server.RaftServerConfigKeys (ConfUtils.java:logGet(43)) - raft.server.log.statemachine.data.sync.timeout = 10s (default)
2019-09-19 16:47:06,741 [pool-261-thread-1] INFO  server.RaftServerConfigKeys (ConfUtils.java:logGet(43)) - raft.server.log.statemachine.data.sync.timeout.retry = -1 (default)
2019-09-19 16:47:06,741 [pool-261-thread-1] INFO  server.RaftServerConfigKeys (ConfUtils.java:logGet(43)) - raft.server.log.statemachine.data.caching.enabled = true (custom)
2019-09-19 16:47:06,741 [pool-261-thread-1] INFO  segmented.SegmentedRaftLogWorker (SegmentedRaftLogWorker.java:lambda$new$0(132)) - 26a699e2-9f6c-4368-8bb8-6bca25baed85-SegmentedRaftLogWorker:Storage Directory /workdir/hadoop-ozone/ozonefs/target/test-dir/MiniOzoneClusterImpl-fcaa30ee-2967-4065-be48-824e4576b1bf/datanode-2/data/ratis/81252bf9-3db1-444a-bbee-de62524d4d6e: flushIndex: setUnconditionally 0 -> -1
2019-09-19 16:47:06,742 [pool-261-thread-1] INFO  server.RaftServerConfigKeys (ConfUtils.java:logGet(43)) - raft.server.snapshot.auto.trigger.enabled = true (custom)
2019-09-19 16:47:06,742 [pool-261-thread-1] INFO  server.RaftServerConfigKeys (ConfUtils.java:logGet(43)) - raft.server.snapshot.auto.trigger.threshold = 10000 (custom)
2019-09-19 16:47:06,742 [pool-261-thread-1] INFO  server.RaftServerConfigKeys (ConfUtils.java:logGet(43)) - raft.server.retrycache.expirytime = 600000ms (custom)
2019-09-19 16:47:06,742 [pool-261-thread-1] INFO  impl.RaftServerImpl (RaftServerImpl.java:start(180)) - 26a699e2-9f6c-4368-8bb8-6bca25baed85: start group-DE62524D4D6E
2019-09-19 16:47:06,742 [pool-261-thread-1] INFO  impl.RaftServerImpl (RaftServerImpl.java:setRole(171)) - 26a699e2-9f6c-4368-8bb8-6bca25baed85:group-DE62524D4D6E changes role from null to FOLLOWER at term 0 for startAsFollower
2019-09-19 16:47:06,743 [pool-261-thread-1] INFO  impl.RoleInfo (RoleInfo.java:updateAndGet(143)) - 26a699e2-9f6c-4368-8bb8-6bca25baed85: start FollowerState
2019-09-19 16:47:06,743 [pool-261-thread-1] INFO  util.JmxRegister (JmxRegister.java:tryRegister(44)) - Successfully registered JMX Bean with object name Ratis:service=RaftServer,group=group-DE62524D4D6E,id=26a699e2-9f6c-4368-8bb8-6bca25baed85
2019-09-19 16:47:06,746 [RatisPipelineUtilsThread] INFO  pipeline.PipelineStateManager (PipelineStateManager.java:addPipeline(56)) - Created pipeline Pipeline[ Id: 81252bf9-3db1-444a-bbee-de62524d4d6e, Nodes: 26a699e2-9f6c-4368-8bb8-6bca25baed85{ip: 192.168.157.226, host: pr-hdds-1569-swxfz-3172132826, networkLocation: /default-rack, certSerialId: null}, Type:RATIS, Factor:ONE, State:OPEN]
2019-09-19 16:47:06,746 [RatisPipelineUtilsThread] ERROR pipeline.PipelinePlacementPolicy (PipelinePlacementPolicy.java:meetCriteria(91)) - Pipeline Placement: Doesn't meet the criteria to be viable node. Heaviness: 6
2019-09-19 16:47:06,746 [RatisPipelineUtilsThread] ERROR pipeline.PipelinePlacementPolicy (PipelinePlacementPolicy.java:meetCriteria(91)) - Pipeline Placement: Doesn't meet the criteria to be viable node. Heaviness: 6
2019-09-19 16:47:06,751 [grpc-default-executor-0] INFO  impl.RaftServerProxy (RaftServerProxy.java:addNew(89)) - 26a699e2-9f6c-4368-8bb8-6bca25baed85: addNew group-22008E4D7031:[26a699e2-9f6c-4368-8bb8-6bca25baed85:192.168.157.226:42864] returns group-22008E4D7031:java.util.concurrent.CompletableFuture@45c7d60d[Not completed]
2019-09-19 16:47:06,753 [pool-261-thread-1] INFO  impl.RaftServerImpl (RaftServerImpl.java:<init>(93)) - 26a699e2-9f6c-4368-8bb8-6bca25baed85: new RaftServerImpl for group-22008E4D7031:[26a699e2-9f6c-4368-8bb8-6bca25baed85:192.168.157.226:42864] with ContainerStateMachine:uninitialized
2019-09-19 16:47:06,754 [pool-261-thread-1] INFO  server.RaftServerConfigKeys (ConfUtils.java:logGet(43)) - raft.server.rpc.timeout.min = 5s (custom)
2019-09-19 16:47:06,754 [pool-261-thread-1] INFO  server.RaftServerConfigKeys (ConfUtils.java:logGet(43)) - raft.server.rpc.timeout.max = 5200ms (custom)
2019-09-19 16:47:06,754 [pool-261-thread-1] INFO  server.RaftServerConfigKeys (ConfUtils.java:logGet(43)) - raft.server.rpcslowness.timeout = 120s (custom)
2019-09-19 16:47:06,754 [pool-261-thread-1] INFO  server.RaftServerConfigKeys (ConfUtils.java:logGet(43)) - raft.server.sleep.deviation.threshold = 300 (default)
2019-09-19 16:47:06,754 [pool-261-thread-1] INFO  server.RaftServerConfigKeys (ConfUtils.java:logGet(43)) - raft.server.log.appender.install.snapshot.enabled = false (custom)
2019-09-19 16:47:06,754 [pool-261-thread-1] INFO  impl.RaftServerImpl (ServerState.java:<init>(105)) - 26a699e2-9f6c-4368-8bb8-6bca25baed85:group-22008E4D7031 ConfigurationManager, init=-1: [26a699e2-9f6c-4368-8bb8-6bca25baed85:192.168.157.226:42864], old=null, confs=<EMPTY_MAP>
2019-09-19 16:47:06,755 [pool-261-thread-1] INFO  server.RaftServerConfigKeys (ConfUtils.java:logGet(43)) - raft.server.storage.dir = [/workdir/hadoop-ozone/ozonefs/target/test-dir/MiniOzoneClusterImpl-fcaa30ee-2967-4065-be48-824e4576b1bf/datanode-2/data/ratis] (custom)
2019-09-19 16:47:06,755 [pool-261-thread-1] INFO  storage.RaftStorageDirectory (RaftStorageDirectory.java:analyzeStorage(246)) - The storage directory /workdir/hadoop-ozone/ozonefs/target/test-dir/MiniOzoneClusterImpl-fcaa30ee-2967-4065-be48-824e4576b1bf/datanode-2/data/ratis/ed4117ac-4ce8-4794-98bb-22008e4d7031 does not exist. Creating ...
2019-09-19 16:47:06,768 [pool-261-thread-1] INFO  storage.RaftStorageDirectory (RaftStorageDirectory.java:tryLock(328)) - Lock on /workdir/hadoop-ozone/ozonefs/target/test-dir/MiniOzoneClusterImpl-fcaa30ee-2967-4065-be48-824e4576b1bf/datanode-2/data/ratis/ed4117ac-4ce8-4794-98bb-22008e4d7031/in_use.lock acquired by nodename 32682@pr-hdds-1569-swxfz-3172132826
2019-09-19 16:47:06,781 [pool-261-thread-1] INFO  storage.RaftStorage (RaftStorage.java:format(72)) - Storage directory /workdir/hadoop-ozone/ozonefs/target/test-dir/MiniOzoneClusterImpl-fcaa30ee-2967-4065-be48-824e4576b1bf/datanode-2/data/ratis/ed4117ac-4ce8-4794-98bb-22008e4d7031 has been successfully formatted.
2019-09-19 16:47:06,781 [pool-261-thread-1] INFO  ratis.ContainerStateMachine (ContainerStateMachine.java:loadSnapshot(226)) - group-22008E4D7031: The snapshot info is null. Setting the last applied indexto:(t:0, i:~)
2019-09-19 16:47:06,781 [pool-261-thread-1] INFO  server.RaftServerConfigKeys (ConfUtils.java:logGet(43)) - raft.server.leader.election.timeout = 120s (custom)
2019-09-19 16:47:06,781 [pool-261-thread-1] INFO  server.RaftServerConfigKeys (ConfUtils.java:logGet(43)) - raft.server.log.use.memory = false (default)
2019-09-19 16:47:06,781 [pool-261-thread-1] INFO  server.RaftServerConfigKeys (ConfUtils.java:logGet(43)) - raft.server.log.purge.gap = 1000000 (custom)
2019-09-19 16:47:06,782 [pool-261-thread-1] INFO  server.RaftServerConfigKeys (ConfUtils.java:logGet(43)) - raft.server.log.appender.buffer.byte-limit = 33554432 (custom)
2019-09-19 16:47:06,782 [pool-261-thread-1] INFO  server.RaftServerConfigKeys (ConfUtils.java:logGet(43)) - raft.server.log.segment.size.max = 1048576 (custom)
2019-09-19 16:47:06,782 [pool-261-thread-1] INFO  server.RaftServerConfigKeys (ConfUtils.java:logGet(43)) - raft.server.log.segment.cache.num.max = 2 (custom)
2019-09-19 16:47:06,782 [pool-261-thread-1] INFO  segmented.SegmentedRaftLogWorker (SegmentedRaftLogWorker.java:<init>(172)) - new 26a699e2-9f6c-4368-8bb8-6bca25baed85-SegmentedRaftLogWorker:Storage Directory /workdir/hadoop-ozone/ozonefs/target/test-dir/MiniOzoneClusterImpl-fcaa30ee-2967-4065-be48-824e4576b1bf/datanode-2/data/ratis/ed4117ac-4ce8-4794-98bb-22008e4d7031 for RaftStorage:Storage Directory /workdir/hadoop-ozone/ozonefs/target/test-dir/MiniOzoneClusterImpl-fcaa30ee-2967-4065-be48-824e4576b1bf/datanode-2/data/ratis/ed4117ac-4ce8-4794-98bb-22008e4d7031
2019-09-19 16:47:06,782 [pool-261-thread-1] INFO  server.RaftServerConfigKeys (ConfUtils.java:logGet(43)) - raft.server.log.queue.byte-limit = 2147483647 (custom)
2019-09-19 16:47:06,782 [pool-261-thread-1] INFO  server.RaftServerConfigKeys (ConfUtils.java:logGet(43)) - raft.server.log.queue.element-limit = 1024 (custom)
2019-09-19 16:47:06,782 [pool-261-thread-1] INFO  server.RaftServerConfigKeys (ConfUtils.java:logGet(43)) - raft.server.log.segment.size.max = 1048576 (custom)
2019-09-19 16:47:06,783 [pool-261-thread-1] INFO  server.RaftServerConfigKeys (ConfUtils.java:logGet(43)) - raft.server.log.preallocated.size = 16384 (custom)
2019-09-19 16:47:06,783 [pool-261-thread-1] INFO  server.RaftServerConfigKeys (ConfUtils.java:logGet(43)) - raft.server.log.write.buffer.size = 33554432 (custom)
2019-09-19 16:47:06,783 [pool-261-thread-1] INFO  server.RaftServerConfigKeys (ConfUtils.java:logGet(43)) - raft.server.log.force.sync.num = 128 (default)
2019-09-19 16:47:06,783 [pool-261-thread-1] INFO  server.RaftServerConfigKeys (ConfUtils.java:logGet(43)) - raft.server.log.statemachine.data.sync = true (default)
2019-09-19 16:47:06,783 [pool-261-thread-1] INFO  server.RaftServerConfigKeys (ConfUtils.java:logGet(43)) - raft.server.log.statemachine.data.sync.timeout = 10s (default)
2019-09-19 16:47:06,783 [pool-261-thread-1] INFO  server.RaftServerConfigKeys (ConfUtils.java:logGet(43)) - raft.server.log.statemachine.data.sync.timeout.retry = -1 (default)
2019-09-19 16:47:06,783 [pool-261-thread-1] INFO  server.RaftServerConfigKeys (ConfUtils.java:logGet(43)) - raft.server.log.statemachine.data.caching.enabled = true (custom)
2019-09-19 16:47:06,784 [pool-261-thread-1] INFO  segmented.SegmentedRaftLogWorker (SegmentedRaftLogWorker.java:lambda$new$0(132)) - 26a699e2-9f6c-4368-8bb8-6bca25baed85-SegmentedRaftLogWorker:Storage Directory /workdir/hadoop-ozone/ozonefs/target/test-dir/MiniOzoneClusterImpl-fcaa30ee-2967-4065-be48-824e4576b1bf/datanode-2/data/ratis/ed4117ac-4ce8-4794-98bb-22008e4d7031: flushIndex: setUnconditionally 0 -> -1
2019-09-19 16:47:06,784 [pool-261-thread-1] INFO  server.RaftServerConfigKeys (ConfUtils.java:logGet(43)) - raft.server.snapshot.auto.trigger.enabled = true (custom)
2019-09-19 16:47:06,784 [pool-261-thread-1] INFO  server.RaftServerConfigKeys (ConfUtils.java:logGet(43)) - raft.server.snapshot.auto.trigger.threshold = 10000 (custom)
2019-09-19 16:47:06,784 [pool-261-thread-1] INFO  server.RaftServerConfigKeys (ConfUtils.java:logGet(43)) - raft.server.retrycache.expirytime = 600000ms (custom)
2019-09-19 16:47:06,785 [pool-261-thread-1] INFO  impl.RaftServerImpl (RaftServerImpl.java:start(180)) - 26a699e2-9f6c-4368-8bb8-6bca25baed85: start group-22008E4D7031
2019-09-19 16:47:06,785 [pool-261-thread-1] INFO  impl.RaftServerImpl (RaftServerImpl.java:setRole(171)) - 26a699e2-9f6c-4368-8bb8-6bca25baed85:group-22008E4D7031 changes role from null to FOLLOWER at term 0 for startAsFollower
2019-09-19 16:47:06,785 [pool-261-thread-1] INFO  impl.RoleInfo (RoleInfo.java:updateAndGet(143)) - 26a699e2-9f6c-4368-8bb8-6bca25baed85: start FollowerState
2019-09-19 16:47:06,785 [pool-261-thread-1] INFO  util.JmxRegister (JmxRegister.java:tryRegister(44)) - Successfully registered JMX Bean with object name Ratis:service=RaftServer,group=group-22008E4D7031,id=26a699e2-9f6c-4368-8bb8-6bca25baed85
2019-09-19 16:47:06,788 [RatisPipelineUtilsThread] INFO  pipeline.PipelineStateManager (PipelineStateManager.java:addPipeline(56)) - Created pipeline Pipeline[ Id: ed4117ac-4ce8-4794-98bb-22008e4d7031, Nodes: 26a699e2-9f6c-4368-8bb8-6bca25baed85{ip: 192.168.157.226, host: pr-hdds-1569-swxfz-3172132826, networkLocation: /default-rack, certSerialId: null}, Type:RATIS, Factor:ONE, State:OPEN]
2019-09-19 16:47:06,788 [RatisPipelineUtilsThread] ERROR pipeline.PipelinePlacementPolicy (PipelinePlacementPolicy.java:meetCriteria(91)) - Pipeline Placement: Doesn't meet the criteria to be viable node. Heaviness: 6
2019-09-19 16:47:06,788 [RatisPipelineUtilsThread] ERROR pipeline.PipelinePlacementPolicy (PipelinePlacementPolicy.java:meetCriteria(91)) - Pipeline Placement: Doesn't meet the criteria to be viable node. Heaviness: 6
2019-09-19 16:47:06,788 [RatisPipelineUtilsThread] ERROR pipeline.PipelinePlacementPolicy (PipelinePlacementPolicy.java:meetCriteria(91)) - Pipeline Placement: Doesn't meet the criteria to be viable node. Heaviness: 6
2019-09-19 16:47:06,789 [RatisPipelineUtilsThread] ERROR pipeline.PipelinePlacementPolicy (PipelinePlacementPolicy.java:filterViableNodes(146)) - Unable to find enough nodes that meet the criteria that cannot engage in more than 5 pipelines. Nodes required: 1 Found: 0, healthy nodes count inNodeManager: 3.
2019-09-19 16:47:06,789 [RatisPipelineUtilsThread] ERROR pipeline.SCMPipelineManager (SCMPipelineManager.java:createPipeline(161)) - Pipeline creation failed due to exception: Unable to find enough nodes that meet the criteria that cannot engage in more than 5 pipelines. Nodes required: 1 Found: 0, healthy nodes count inNodeManager: 3.
2019-09-19 16:47:06,789 [RatisPipelineUtilsThread] ERROR pipeline.PipelinePlacementPolicy (PipelinePlacementPolicy.java:meetCriteria(91)) - Pipeline Placement: Doesn't meet the criteria to be viable node. Heaviness: 6
2019-09-19 16:47:06,789 [RatisPipelineUtilsThread] ERROR pipeline.PipelinePlacementPolicy (PipelinePlacementPolicy.java:meetCriteria(91)) - Pipeline Placement: Doesn't meet the criteria to be viable node. Heaviness: 6
2019-09-19 16:47:06,789 [RatisPipelineUtilsThread] ERROR pipeline.PipelinePlacementPolicy (PipelinePlacementPolicy.java:meetCriteria(91)) - Pipeline Placement: Doesn't meet the criteria to be viable node. Heaviness: 6
2019-09-19 16:47:06,789 [RatisPipelineUtilsThread] ERROR pipeline.PipelinePlacementPolicy (PipelinePlacementPolicy.java:filterViableNodes(146)) - Unable to find enough nodes that meet the criteria that cannot engage in more than 5 pipelines. Nodes required: 3 Found: 0, healthy nodes count inNodeManager: 3.
2019-09-19 16:47:06,790 [RatisPipelineUtilsThread] ERROR pipeline.SCMPipelineManager (SCMPipelineManager.java:createPipeline(161)) - Pipeline creation failed due to exception: Unable to find enough nodes that meet the criteria that cannot engage in more than 5 pipelines. Nodes required: 3 Found: 0, healthy nodes count inNodeManager: 3.
2019-09-19 16:47:06,790 [RatisPipelineUtilsThread] ERROR pipeline.PipelinePlacementPolicy (PipelinePlacementPolicy.java:meetCriteria(91)) - Pipeline Placement: Doesn't meet the criteria to be viable node. Heaviness: 6
2019-09-19 16:47:06,790 [RatisPipelineUtilsThread] ERROR pipeline.PipelinePlacementPolicy (PipelinePlacementPolicy.java:meetCriteria(91)) - Pipeline Placement: Doesn't meet the criteria to be viable node. Heaviness: 6
2019-09-19 16:47:06,790 [RatisPipelineUtilsThread] ERROR pipeline.PipelinePlacementPolicy (PipelinePlacementPolicy.java:meetCriteria(91)) - Pipeline Placement: Doesn't meet the criteria to be viable node. Heaviness: 6
2019-09-19 16:47:06,790 [RatisPipelineUtilsThread] ERROR pipeline.PipelinePlacementPolicy (PipelinePlacementPolicy.java:filterViableNodes(146)) - Unable to find enough nodes that meet the criteria that cannot engage in more than 5 pipelines. Nodes required: 1 Found: 0, healthy nodes count inNodeManager: 3.
2019-09-19 16:47:06,791 [RatisPipelineUtilsThread] ERROR pipeline.SCMPipelineManager (SCMPipelineManager.java:createPipeline(161)) - Pipeline creation failed due to exception: Unable to find enough nodes that meet the criteria that cannot engage in more than 5 pipelines. Nodes required: 1 Found: 0, healthy nodes count inNodeManager: 3.
2019-09-19 16:47:06,791 [RatisPipelineUtilsThread] ERROR pipeline.PipelinePlacementPolicy (PipelinePlacementPolicy.java:meetCriteria(91)) - Pipeline Placement: Doesn't meet the criteria to be viable node. Heaviness: 6
2019-09-19 16:47:06,791 [RatisPipelineUtilsThread] ERROR pipeline.PipelinePlacementPolicy (PipelinePlacementPolicy.java:meetCriteria(91)) - Pipeline Placement: Doesn't meet the criteria to be viable node. Heaviness: 6
2019-09-19 16:47:06,791 [RatisPipelineUtilsThread] ERROR pipeline.PipelinePlacementPolicy (PipelinePlacementPolicy.java:meetCriteria(91)) - Pipeline Placement: Doesn't meet the criteria to be viable node. Heaviness: 6
2019-09-19 16:47:06,791 [RatisPipelineUtilsThread] ERROR pipeline.PipelinePlacementPolicy (PipelinePlacementPolicy.java:filterViableNodes(146)) - Unable to find enough nodes that meet the criteria that cannot engage in more than 5 pipelines. Nodes required: 3 Found: 0, healthy nodes count inNodeManager: 3.
2019-09-19 16:47:06,792 [RatisPipelineUtilsThread] ERROR pipeline.SCMPipelineManager (SCMPipelineManager.java:createPipeline(161)) - Pipeline creation failed due to exception: Unable to find enough nodes that meet the criteria that cannot engage in more than 5 pipelines. Nodes required: 3 Found: 0, healthy nodes count inNodeManager: 3.
2019-09-19 16:47:07,450 [Thread-1062] INFO  ozone.MiniOzoneClusterImpl (MiniOzoneClusterImpl.java:lambda$waitForClusterToBeReady$0(142)) - Cluster is ready. Got 3 of 3 DN Heartbeats.
2019-09-19 16:47:07,600 | INFO  | OMAudit | user=jenkins1000 | ip=127.0.0.1 | op=CREATE_VOLUME {admin=admin13115, owner=user44328, volume=volume19411, creationTime=1568911627600, quotaInBytes=1152921504606846976} | ret=SUCCESS |  
2019-09-19 16:47:07,616 | INFO  | OMAudit | user=jenkins1000 | ip=127.0.0.1 | op=CREATE_BUCKET {volume=volume19411, bucket=bucket51943, acls=[], isVersionEnabled=false, storageType=DISK, creationTime=0} | ret=SUCCESS |  
2019-09-19 16:47:07,638 | INFO  | OMAudit | user=jenkins1000 | ip=127.0.0.1 | op=READ_VOLUME {volume=volume19411} | ret=SUCCESS |  
2019-09-19 16:47:07,640 | INFO  | OMAudit | user=jenkins1000 | ip=127.0.0.1 | op=READ_BUCKET {volume=volume19411, bucket=bucket51943} | ret=SUCCESS |  
2019-09-19 16:47:07,669 [IPC Server handler 1 on 42824] ERROR pipeline.PipelinePlacementPolicy (PipelinePlacementPolicy.java:meetCriteria(91)) - Pipeline Placement: Doesn't meet the criteria to be viable node. Heaviness: 6
2019-09-19 16:47:07,670 [IPC Server handler 1 on 42824] ERROR pipeline.PipelinePlacementPolicy (PipelinePlacementPolicy.java:meetCriteria(91)) - Pipeline Placement: Doesn't meet the criteria to be viable node. Heaviness: 6
2019-09-19 16:47:07,670 [IPC Server handler 1 on 42824] ERROR pipeline.PipelinePlacementPolicy (PipelinePlacementPolicy.java:meetCriteria(91)) - Pipeline Placement: Doesn't meet the criteria to be viable node. Heaviness: 6
2019-09-19 16:47:07,670 [IPC Server handler 1 on 42824] ERROR pipeline.PipelinePlacementPolicy (PipelinePlacementPolicy.java:filterViableNodes(146)) - Unable to find enough nodes that meet the criteria that cannot engage in more than 5 pipelines. Nodes required: 3 Found: 0, healthy nodes count inNodeManager: 3.
2019-09-19 16:47:07,671 [IPC Server handler 1 on 42824] ERROR pipeline.SCMPipelineManager (SCMPipelineManager.java:createPipeline(161)) - Pipeline creation failed due to exception: Unable to find enough nodes that meet the criteria that cannot engage in more than 5 pipelines. Nodes required: 3 Found: 0, healthy nodes count inNodeManager: 3.
2019-09-19 16:47:07,671 [IPC Server handler 1 on 42824] WARN  block.BlockManagerImpl (BlockManagerImpl.java:allocateBlock(192)) - Pipeline creation failed for type:RATIS factor:THREE. Retrying get pipelines call once.
org.apache.hadoop.hdds.scm.exceptions.SCMException: Unable to find enough nodes that meet the criteria that cannot engage in more than 5 pipelines. Nodes required: 3 Found: 0, healthy nodes count inNodeManager: 3.
	at org.apache.hadoop.hdds.scm.pipeline.PipelinePlacementPolicy.filterViableNodes(PipelinePlacementPolicy.java:147)
	at org.apache.hadoop.hdds.scm.pipeline.PipelinePlacementPolicy.chooseDatanodes(PipelinePlacementPolicy.java:170)
	at org.apache.hadoop.hdds.scm.pipeline.RatisPipelineProvider.create(RatisPipelineProvider.java:92)
	at org.apache.hadoop.hdds.scm.pipeline.PipelineFactory.create(PipelineFactory.java:57)
	at org.apache.hadoop.hdds.scm.pipeline.SCMPipelineManager.createPipeline(SCMPipelineManager.java:149)
	at org.apache.hadoop.hdds.scm.block.BlockManagerImpl.allocateBlock(BlockManagerImpl.java:190)
	at org.apache.hadoop.hdds.scm.server.SCMBlockProtocolServer.allocateBlock(SCMBlockProtocolServer.java:175)
	at org.apache.hadoop.ozone.protocolPB.ScmBlockLocationProtocolServerSideTranslatorPB.allocateScmBlock(ScmBlockLocationProtocolServerSideTranslatorPB.java:153)
	at org.apache.hadoop.ozone.protocolPB.ScmBlockLocationProtocolServerSideTranslatorPB.send(ScmBlockLocationProtocolServerSideTranslatorPB.java:112)
	at org.apache.hadoop.hdds.protocol.proto.ScmBlockLocationProtocolProtos$ScmBlockLocationProtocolService$2.callBlockingMethod(ScmBlockLocationProtocolProtos.java:13157)
	at org.apache.hadoop.ipc.ProtobufRpcEngine$Server$ProtoBufRpcInvoker.call(ProtobufRpcEngine.java:524)
	at org.apache.hadoop.ipc.RPC$Server.call(RPC.java:1025)
	at org.apache.hadoop.ipc.Server$RpcCall.run(Server.java:876)
	at org.apache.hadoop.ipc.Server$RpcCall.run(Server.java:822)
	at java.security.AccessController.doPrivileged(Native Method)
	at javax.security.auth.Subject.doAs(Subject.java:422)
	at org.apache.hadoop.security.UserGroupInformation.doAs(UserGroupInformation.java:1730)
	at org.apache.hadoop.ipc.Server$Handler.run(Server.java:2682)
2019-09-19 16:47:07,672 [IPC Server handler 1 on 42824] INFO  block.BlockManagerImpl (BlockManagerImpl.java:allocateBlock(198)) - Could not find available pipeline of type:RATIS and factor:THREE even after retrying
2019-09-19 16:47:07,672 [IPC Server handler 1 on 42824] ERROR block.BlockManagerImpl (BlockManagerImpl.java:allocateBlock(222)) - Unable to allocate a block for the size: 4194304, type: RATIS, factor: THREE
2019-09-19 16:47:07,672 | INFO  | SCMAudit | user=jenkins1000 | ip=192.168.157.226 | op=ALLOCATE_BLOCK {owner=9e2f9537-ae2e-46c1-ac41-d9b08c277e03, size=4194304, type=RATIS, factor=THREE} | ret=SUCCESS |  
2019-09-19 16:47:07,675 | ERROR | OMAudit | user=jenkins1000 | ip=127.0.0.1 | op=CREATE_FILE {volume=volume19411, bucket=bucket51943, key=testCreateDoesNotAddParentDirKeys/parent/child, dataSize=0, replicationType=RATIS, replicationFactor=THREE, keyLocationInfo=null} | ret=FAILURE | org.apache.hadoop.hdds.scm.exceptions.SCMException: Allocated 0 blocks. Requested 1 blocks
	at org.apache.hadoop.hdds.scm.protocolPB.ScmBlockLocationProtocolClientSideTranslatorPB.handleError(ScmBlockLocationProtocolClientSideTranslatorPB.java:118)
	at org.apache.hadoop.hdds.scm.protocolPB.ScmBlockLocationProtocolClientSideTranslatorPB.allocateBlock(ScmBlockLocationProtocolClientSideTranslatorPB.java:156) 
2019-09-19 16:47:07,678 [Thread-1062] INFO  ozone.MiniOzoneClusterImpl (MiniOzoneClusterImpl.java:shutdown(321)) - Shutting down the Mini Ozone Cluster
2019-09-19 16:47:07,678 | INFO  | SCMAudit | user=null | ip=null | op=GET_SCM_INFO null | ret=SUCCESS |  
2019-09-19 16:47:07,678 [Thread-1062] INFO  ozone.MiniOzoneClusterImpl (MiniOzoneClusterImpl.java:stop(336)) - Stopping the Mini Ozone Cluster
2019-09-19 16:47:07,678 [Thread-1062] INFO  ozone.MiniOzoneClusterImpl (MiniOzoneClusterImpl.java:stop(338)) - Stopping the OzoneManager
2019-09-19 16:47:07,678 [Thread-1062] INFO  ipc.Server (Server.java:stop(3082)) - Stopping server on 43536
2019-09-19 16:47:07,682 [IPC Server listener on 43536] INFO  ipc.Server (Server.java:run(1185)) - Stopping IPC Server listener on 43536
2019-09-19 16:47:07,682 [Thread-1062] INFO  ratis.OzoneManagerDoubleBuffer (OzoneManagerDoubleBuffer.java:stop(248)) - Stopping OMDoubleBuffer flush thread
2019-09-19 16:47:07,683 [IPC Server Responder] INFO  ipc.Server (Server.java:run(1319)) - Stopping IPC Server Responder
2019-09-19 16:47:07,690 [OMDoubleBufferFlushThread] INFO  ratis.OzoneManagerDoubleBuffer (OzoneManagerDoubleBuffer.java:flushTransactions(191)) - OMDoubleBuffer flush thread OMDoubleBufferFlushThread is interrupted and will exit. OMDoubleBufferFlushThread
2019-09-19 16:47:07,690 [Thread-1062] INFO  utils.BackgroundService (BackgroundService.java:shutdown(148)) - Shutting down service KeyDeletingService
2019-09-19 16:47:07,692 [Thread-1062] INFO  handler.ContextHandler (ContextHandler.java:doStop(910)) - Stopped o.e.j.w.WebAppContext@7f5597fb{/,null,UNAVAILABLE}{/ozoneManager}
2019-09-19 16:47:07,693 [Thread-1062] INFO  server.AbstractConnector (AbstractConnector.java:doStop(318)) - Stopped ServerConnector@3be75e35{HTTP/1.1,[http/1.1]}{0.0.0.0:0}
2019-09-19 16:47:07,693 [Thread-1062] INFO  handler.ContextHandler (ContextHandler.java:doStop(910)) - Stopped o.e.j.s.ServletContextHandler@5144f6f1{/static,jar:file:/home/user/.m2/repository/org/apache/hadoop/hadoop-ozone-ozone-manager/0.5.0-SNAPSHOT/hadoop-ozone-ozone-manager-0.5.0-SNAPSHOT.jar!/webapps/static,UNAVAILABLE}
2019-09-19 16:47:07,693 [Thread-1062] INFO  handler.ContextHandler (ContextHandler.java:doStop(910)) - Stopped o.e.j.s.ServletContextHandler@259599de{/logs,file:///workdir/hadoop-ozone/ozonefs/target/log,UNAVAILABLE}
2019-09-19 16:47:07,695 [Thread-1062] INFO  ozone.MiniOzoneClusterImpl (MiniOzoneClusterImpl.java:stop(344)) - Shutting the HddsDatanodes
2019-09-19 16:47:07,696 [Thread-1062] INFO  datanode.ObjectStoreHandler (ObjectStoreHandler.java:close(155)) - Closing ObjectStoreHandler.
2019-09-19 16:47:07,696 [ForkJoinPool.commonPool-worker-1] INFO  datanode.ObjectStoreHandler (ObjectStoreHandler.java:close(155)) - Closing ObjectStoreHandler.
2019-09-19 16:47:07,696 [Thread-1062] INFO  ozone.HddsDatanodeService (HddsDatanodeService.java:stop(451)) - Stopped plug-in org.apache.hadoop.ozone.web.OzoneHddsDatanodeService@2c5d28e9
2019-09-19 16:47:07,697 [ForkJoinPool.commonPool-worker-1] INFO  ozone.HddsDatanodeService (HddsDatanodeService.java:stop(451)) - Stopped plug-in org.apache.hadoop.ozone.web.OzoneHddsDatanodeService@14406e4a
2019-09-19 16:47:08,074 [Datanode State Machine Thread - 0] INFO  statemachine.DatanodeStateMachine (DatanodeStateMachine.java:lambda$startDaemon$0(350)) - Ozone container server started.
2019-09-19 16:47:08,261 [Datanode State Machine Thread - 0] INFO  statemachine.DatanodeStateMachine (DatanodeStateMachine.java:lambda$startDaemon$0(350)) - Ozone container server started.
2019-09-19 16:47:08,451 | INFO  | SCMAudit | user=jenkins1000 | ip=192.168.157.226 | op=SEND_HEARTBEAT {datanodeUUID=26a699e2-9f6c-4368-8bb8-6bca25baed85, command=[]} | ret=SUCCESS |  
2019-09-19 16:47:09,084 [Thread-1234] INFO  container.ReplicationManager (ReplicationManager.java:start(151)) - Starting Replication Monitor Thread.
2019-09-19 16:47:09,091 [ReplicationMonitor] INFO  container.ReplicationManager (ReplicationManager.java:run(214)) - Replication Monitor Thread took 0 milliseconds for processing 0 containers.
2019-09-19 16:47:09,451 | INFO  | SCMAudit | user=jenkins1000 | ip=192.168.157.226 | op=SEND_HEARTBEAT {datanodeUUID=26a699e2-9f6c-4368-8bb8-6bca25baed85, command=[]} | ret=SUCCESS |  
2019-09-19 16:47:10,452 | INFO  | SCMAudit | user=jenkins1000 | ip=192.168.157.226 | op=SEND_HEARTBEAT {datanodeUUID=26a699e2-9f6c-4368-8bb8-6bca25baed85, command=[]} | ret=SUCCESS |  
2019-09-19 16:47:11,270 [Thread-1239] INFO  impl.FollowerState (FollowerState.java:run(106)) - 1e2f6a91-9c74-4dc9-a67c-8a4903c0b606:group-C451F71E7F1D changes to CANDIDATE, lastRpcTime:5092, electionTimeout:5092ms
2019-09-19 16:47:11,270 [Thread-1239] INFO  impl.RoleInfo (RoleInfo.java:shutdownFollowerState(121)) - 1e2f6a91-9c74-4dc9-a67c-8a4903c0b606: shutdown FollowerState
2019-09-19 16:47:11,270 [Thread-1239] INFO  impl.RaftServerImpl (RaftServerImpl.java:setRole(171)) - 1e2f6a91-9c74-4dc9-a67c-8a4903c0b606:group-C451F71E7F1D changes role from FOLLOWER to CANDIDATE at term 0 for changeToCandidate
2019-09-19 16:47:11,271 [Thread-1239] INFO  impl.RoleInfo (RoleInfo.java:updateAndGet(143)) - 1e2f6a91-9c74-4dc9-a67c-8a4903c0b606: start LeaderElection
2019-09-19 16:47:11,287 [1e2f6a91-9c74-4dc9-a67c-8a4903c0b606:group-C451F71E7F1D:LeaderElection68] INFO  impl.LeaderElection (LeaderElection.java:askForVotes(181)) - 1e2f6a91-9c74-4dc9-a67c-8a4903c0b606:group-C451F71E7F1D:LeaderElection68: begin an election at term 1 for -1: [1e2f6a91-9c74-4dc9-a67c-8a4903c0b606:192.168.157.226:45939], old=null
2019-09-19 16:47:11,288 [1e2f6a91-9c74-4dc9-a67c-8a4903c0b606:group-C451F71E7F1D:LeaderElection68] INFO  impl.RoleInfo (RoleInfo.java:shutdownLeaderElection(134)) - 1e2f6a91-9c74-4dc9-a67c-8a4903c0b606: shutdown LeaderElection
2019-09-19 16:47:11,288 [1e2f6a91-9c74-4dc9-a67c-8a4903c0b606:group-C451F71E7F1D:LeaderElection68] INFO  impl.RaftServerImpl (RaftServerImpl.java:setRole(171)) - 1e2f6a91-9c74-4dc9-a67c-8a4903c0b606:group-C451F71E7F1D changes role from CANDIDATE to LEADER at term 1 for changeToLeader
2019-09-19 16:47:11,288 [1e2f6a91-9c74-4dc9-a67c-8a4903c0b606:group-C451F71E7F1D:LeaderElection68] INFO  impl.RaftServerImpl (ServerState.java:setLeader(263)) - 1e2f6a91-9c74-4dc9-a67c-8a4903c0b606:group-C451F71E7F1D change Leader from null to 1e2f6a91-9c74-4dc9-a67c-8a4903c0b606 at term 1 for becomeLeader, leader elected after 5113ms
2019-09-19 16:47:11,288 [1e2f6a91-9c74-4dc9-a67c-8a4903c0b606:group-C451F71E7F1D:LeaderElection68] INFO  server.RaftServerConfigKeys (ConfUtils.java:logGet(43)) - raft.server.staging.catchup.gap = 1000 (default)
2019-09-19 16:47:11,288 [1e2f6a91-9c74-4dc9-a67c-8a4903c0b606:group-C451F71E7F1D:LeaderElection68] INFO  server.RaftServerConfigKeys (ConfUtils.java:logGet(43)) - raft.server.rpc.sleep.time = 25ms (default)
2019-09-19 16:47:11,288 [1e2f6a91-9c74-4dc9-a67c-8a4903c0b606:group-C451F71E7F1D:LeaderElection68] INFO  server.RaftServerConfigKeys (ConfUtils.java:logGet(43)) - raft.server.write.element-limit = 4096 (default)
2019-09-19 16:47:11,289 [1e2f6a91-9c74-4dc9-a67c-8a4903c0b606:group-C451F71E7F1D:LeaderElection68] INFO  server.RaftServerConfigKeys (ConfUtils.java:logGet(43)) - raft.server.watch.timeout = 10s (default)
2019-09-19 16:47:11,289 [1e2f6a91-9c74-4dc9-a67c-8a4903c0b606:group-C451F71E7F1D:LeaderElection68] INFO  server.RaftServerConfigKeys (ConfUtils.java:logGet(43)) - raft.server.watch.timeout.denomination = 1s (default)
2019-09-19 16:47:11,289 [1e2f6a91-9c74-4dc9-a67c-8a4903c0b606:group-C451F71E7F1D:LeaderElection68] INFO  server.RaftServerConfigKeys (ConfUtils.java:logGet(43)) - raft.server.watch.element-limit = 65536 (default)
2019-09-19 16:47:11,289 [1e2f6a91-9c74-4dc9-a67c-8a4903c0b606:group-C451F71E7F1D:LeaderElection68] INFO  impl.RoleInfo (RoleInfo.java:updateAndGet(143)) - 1e2f6a91-9c74-4dc9-a67c-8a4903c0b606: start LeaderState
2019-09-19 16:47:11,289 [1e2f6a91-9c74-4dc9-a67c-8a4903c0b606:group-C451F71E7F1D:LeaderElection68] INFO  segmented.SegmentedRaftLogWorker (SegmentedRaftLogWorker.java:startLogSegment(380)) - 1e2f6a91-9c74-4dc9-a67c-8a4903c0b606-SegmentedRaftLogWorker:Storage Directory /workdir/hadoop-ozone/ozonefs/target/test-dir/MiniOzoneClusterImpl-fcaa30ee-2967-4065-be48-824e4576b1bf/datanode-0/data/ratis/68aaf1c5-71b1-4062-ac5c-c451f71e7f1d: Starting segment from index:0
2019-09-19 16:47:11,290 [1e2f6a91-9c74-4dc9-a67c-8a4903c0b606:group-C451F71E7F1D:LeaderElection68] INFO  impl.RaftServerImpl (ServerState.java:setRaftConf(361)) - 1e2f6a91-9c74-4dc9-a67c-8a4903c0b606:group-C451F71E7F1D set configuration 0: [1e2f6a91-9c74-4dc9-a67c-8a4903c0b606:192.168.157.226:45939], old=null at 0
2019-09-19 16:47:11,319 [Thread-1245] INFO  impl.FollowerState (FollowerState.java:run(106)) - 1e2f6a91-9c74-4dc9-a67c-8a4903c0b606:group-A891B034C021 changes to CANDIDATE, lastRpcTime:5064, electionTimeout:5064ms
2019-09-19 16:47:11,319 [Thread-1245] INFO  impl.RoleInfo (RoleInfo.java:shutdownFollowerState(121)) - 1e2f6a91-9c74-4dc9-a67c-8a4903c0b606: shutdown FollowerState
2019-09-19 16:47:11,319 [Thread-1245] INFO  impl.RaftServerImpl (RaftServerImpl.java:setRole(171)) - 1e2f6a91-9c74-4dc9-a67c-8a4903c0b606:group-A891B034C021 changes role from FOLLOWER to CANDIDATE at term 0 for changeToCandidate
2019-09-19 16:47:11,320 [Thread-1245] INFO  impl.RoleInfo (RoleInfo.java:updateAndGet(143)) - 1e2f6a91-9c74-4dc9-a67c-8a4903c0b606: start LeaderElection
2019-09-19 16:47:11,334 [Thread-1236] INFO  impl.FollowerState (FollowerState.java:run(106)) - 1e2f6a91-9c74-4dc9-a67c-8a4903c0b606:group-B3D2E73F83A2 changes to CANDIDATE, lastRpcTime:5197, electionTimeout:5194ms
2019-09-19 16:47:11,334 [Thread-1236] INFO  impl.RoleInfo (RoleInfo.java:shutdownFollowerState(121)) - 1e2f6a91-9c74-4dc9-a67c-8a4903c0b606: shutdown FollowerState
2019-09-19 16:47:11,334 [Thread-1236] INFO  impl.RaftServerImpl (RaftServerImpl.java:setRole(171)) - 1e2f6a91-9c74-4dc9-a67c-8a4903c0b606:group-B3D2E73F83A2 changes role from FOLLOWER to CANDIDATE at term 0 for changeToCandidate
2019-09-19 16:47:11,334 [Thread-1236] INFO  impl.RoleInfo (RoleInfo.java:updateAndGet(143)) - 1e2f6a91-9c74-4dc9-a67c-8a4903c0b606: start LeaderElection
2019-09-19 16:47:11,347 [1e2f6a91-9c74-4dc9-a67c-8a4903c0b606-SegmentedRaftLogWorker:Storage Directory /workdir/hadoop-ozone/ozonefs/target/test-dir/MiniOzoneClusterImpl-fcaa30ee-2967-4065-be48-824e4576b1bf/datanode-0/data/ratis/68aaf1c5-71b1-4062-ac5c-c451f71e7f1d] INFO  segmented.SegmentedRaftLogWorker (SegmentedRaftLogWorker.java:execute(569)) - 1e2f6a91-9c74-4dc9-a67c-8a4903c0b606-SegmentedRaftLogWorker:Storage Directory /workdir/hadoop-ozone/ozonefs/target/test-dir/MiniOzoneClusterImpl-fcaa30ee-2967-4065-be48-824e4576b1bf/datanode-0/data/ratis/68aaf1c5-71b1-4062-ac5c-c451f71e7f1d: created new log segment /workdir/hadoop-ozone/ozonefs/target/test-dir/MiniOzoneClusterImpl-fcaa30ee-2967-4065-be48-824e4576b1bf/datanode-0/data/ratis/68aaf1c5-71b1-4062-ac5c-c451f71e7f1d/current/log_inprogress_0
2019-09-19 16:47:11,347 [1e2f6a91-9c74-4dc9-a67c-8a4903c0b606:group-A891B034C021:LeaderElection69] INFO  impl.LeaderElection (LeaderElection.java:askForVotes(181)) - 1e2f6a91-9c74-4dc9-a67c-8a4903c0b606:group-A891B034C021:LeaderElection69: begin an election at term 1 for -1: [1e2f6a91-9c74-4dc9-a67c-8a4903c0b606:192.168.157.226:45939], old=null
2019-09-19 16:47:11,347 [1e2f6a91-9c74-4dc9-a67c-8a4903c0b606:group-B3D2E73F83A2:LeaderElection70] INFO  impl.LeaderElection (LeaderElection.java:askForVotes(181)) - 1e2f6a91-9c74-4dc9-a67c-8a4903c0b606:group-B3D2E73F83A2:LeaderElection70: begin an election at term 1 for -1: [1e2f6a91-9c74-4dc9-a67c-8a4903c0b606:192.168.157.226:45939], old=null
2019-09-19 16:47:11,347 [1e2f6a91-9c74-4dc9-a67c-8a4903c0b606:group-A891B034C021:LeaderElection69] INFO  impl.RoleInfo (RoleInfo.java:shutdownLeaderElection(134)) - 1e2f6a91-9c74-4dc9-a67c-8a4903c0b606: shutdown LeaderElection
2019-09-19 16:47:11,347 [1e2f6a91-9c74-4dc9-a67c-8a4903c0b606:group-B3D2E73F83A2:LeaderElection70] INFO  impl.RoleInfo (RoleInfo.java:shutdownLeaderElection(134)) - 1e2f6a91-9c74-4dc9-a67c-8a4903c0b606: shutdown LeaderElection
2019-09-19 16:47:11,347 [1e2f6a91-9c74-4dc9-a67c-8a4903c0b606:group-A891B034C021:LeaderElection69] INFO  impl.RaftServerImpl (RaftServerImpl.java:setRole(171)) - 1e2f6a91-9c74-4dc9-a67c-8a4903c0b606:group-A891B034C021 changes role from CANDIDATE to LEADER at term 1 for changeToLeader
2019-09-19 16:47:11,347 [1e2f6a91-9c74-4dc9-a67c-8a4903c0b606:group-B3D2E73F83A2:LeaderElection70] INFO  impl.RaftServerImpl (RaftServerImpl.java:setRole(171)) - 1e2f6a91-9c74-4dc9-a67c-8a4903c0b606:group-B3D2E73F83A2 changes role from CANDIDATE to LEADER at term 1 for changeToLeader
2019-09-19 16:47:11,347 [1e2f6a91-9c74-4dc9-a67c-8a4903c0b606:group-A891B034C021:LeaderElection69] INFO  impl.RaftServerImpl (ServerState.java:setLeader(263)) - 1e2f6a91-9c74-4dc9-a67c-8a4903c0b606:group-A891B034C021 change Leader from null to 1e2f6a91-9c74-4dc9-a67c-8a4903c0b606 at term 1 for becomeLeader, leader elected after 5096ms
2019-09-19 16:47:11,347 [1e2f6a91-9c74-4dc9-a67c-8a4903c0b606:group-B3D2E73F83A2:LeaderElection70] INFO  impl.RaftServerImpl (ServerState.java:setLeader(263)) - 1e2f6a91-9c74-4dc9-a67c-8a4903c0b606:group-B3D2E73F83A2 change Leader from null to 1e2f6a91-9c74-4dc9-a67c-8a4903c0b606 at term 1 for becomeLeader, leader elected after 5215ms
2019-09-19 16:47:11,348 [1e2f6a91-9c74-4dc9-a67c-8a4903c0b606:group-A891B034C021:LeaderElection69] INFO  server.RaftServerConfigKeys (ConfUtils.java:logGet(43)) - raft.server.staging.catchup.gap = 1000 (default)
2019-09-19 16:47:11,348 [1e2f6a91-9c74-4dc9-a67c-8a4903c0b606:group-B3D2E73F83A2:LeaderElection70] INFO  server.RaftServerConfigKeys (ConfUtils.java:logGet(43)) - raft.server.staging.catchup.gap = 1000 (default)
2019-09-19 16:47:11,348 [1e2f6a91-9c74-4dc9-a67c-8a4903c0b606:group-A891B034C021:LeaderElection69] INFO  server.RaftServerConfigKeys (ConfUtils.java:logGet(43)) - raft.server.rpc.sleep.time = 25ms (default)
2019-09-19 16:47:11,348 [1e2f6a91-9c74-4dc9-a67c-8a4903c0b606:group-B3D2E73F83A2:LeaderElection70] INFO  server.RaftServerConfigKeys (ConfUtils.java:logGet(43)) - raft.server.rpc.sleep.time = 25ms (default)
2019-09-19 16:47:11,348 [1e2f6a91-9c74-4dc9-a67c-8a4903c0b606:group-A891B034C021:LeaderElection69] INFO  server.RaftServerConfigKeys (ConfUtils.java:logGet(43)) - raft.server.write.element-limit = 4096 (default)
2019-09-19 16:47:11,348 [1e2f6a91-9c74-4dc9-a67c-8a4903c0b606:group-B3D2E73F83A2:LeaderElection70] INFO  server.RaftServerConfigKeys (ConfUtils.java:logGet(43)) - raft.server.write.element-limit = 4096 (default)
2019-09-19 16:47:11,348 [1e2f6a91-9c74-4dc9-a67c-8a4903c0b606:group-A891B034C021:LeaderElection69] INFO  server.RaftServerConfigKeys (ConfUtils.java:logGet(43)) - raft.server.watch.timeout = 10s (default)
2019-09-19 16:47:11,348 [1e2f6a91-9c74-4dc9-a67c-8a4903c0b606:group-B3D2E73F83A2:LeaderElection70] INFO  server.RaftServerConfigKeys (ConfUtils.java:logGet(43)) - raft.server.watch.timeout = 10s (default)
2019-09-19 16:47:11,348 [1e2f6a91-9c74-4dc9-a67c-8a4903c0b606:group-A891B034C021:LeaderElection69] INFO  server.RaftServerConfigKeys (ConfUtils.java:logGet(43)) - raft.server.watch.timeout.denomination = 1s (default)
2019-09-19 16:47:11,349 [1e2f6a91-9c74-4dc9-a67c-8a4903c0b606:group-B3D2E73F83A2:LeaderElection70] INFO  server.RaftServerConfigKeys (ConfUtils.java:logGet(43)) - raft.server.watch.timeout.denomination = 1s (default)
2019-09-19 16:47:11,349 [1e2f6a91-9c74-4dc9-a67c-8a4903c0b606:group-A891B034C021:LeaderElection69] INFO  server.RaftServerConfigKeys (ConfUtils.java:logGet(43)) - raft.server.watch.element-limit = 65536 (default)
2019-09-19 16:47:11,349 [1e2f6a91-9c74-4dc9-a67c-8a4903c0b606:group-B3D2E73F83A2:LeaderElection70] INFO  server.RaftServerConfigKeys (ConfUtils.java:logGet(43)) - raft.server.watch.element-limit = 65536 (default)
2019-09-19 16:47:11,349 [1e2f6a91-9c74-4dc9-a67c-8a4903c0b606:group-A891B034C021:LeaderElection69] INFO  impl.RoleInfo (RoleInfo.java:updateAndGet(143)) - 1e2f6a91-9c74-4dc9-a67c-8a4903c0b606: start LeaderState
2019-09-19 16:47:11,349 [1e2f6a91-9c74-4dc9-a67c-8a4903c0b606:group-B3D2E73F83A2:LeaderElection70] INFO  impl.RoleInfo (RoleInfo.java:updateAndGet(143)) - 1e2f6a91-9c74-4dc9-a67c-8a4903c0b606: start LeaderState
2019-09-19 16:47:11,349 [1e2f6a91-9c74-4dc9-a67c-8a4903c0b606:group-A891B034C021:LeaderElection69] INFO  segmented.SegmentedRaftLogWorker (SegmentedRaftLogWorker.java:startLogSegment(380)) - 1e2f6a91-9c74-4dc9-a67c-8a4903c0b606-SegmentedRaftLogWorker:Storage Directory /workdir/hadoop-ozone/ozonefs/target/test-dir/MiniOzoneClusterImpl-fcaa30ee-2967-4065-be48-824e4576b1bf/datanode-0/data/ratis/50453309-357a-4dd5-bca2-a891b034c021: Starting segment from index:0
2019-09-19 16:47:11,349 [1e2f6a91-9c74-4dc9-a67c-8a4903c0b606:group-B3D2E73F83A2:LeaderElection70] INFO  segmented.SegmentedRaftLogWorker (SegmentedRaftLogWorker.java:startLogSegment(380)) - 1e2f6a91-9c74-4dc9-a67c-8a4903c0b606-SegmentedRaftLogWorker:Storage Directory /workdir/hadoop-ozone/ozonefs/target/test-dir/MiniOzoneClusterImpl-fcaa30ee-2967-4065-be48-824e4576b1bf/datanode-0/data/ratis/a797f05f-3c83-4a13-9c43-b3d2e73f83a2: Starting segment from index:0
2019-09-19 16:47:11,350 [1e2f6a91-9c74-4dc9-a67c-8a4903c0b606:group-A891B034C021:LeaderElection69] INFO  impl.RaftServerImpl (ServerState.java:setRaftConf(361)) - 1e2f6a91-9c74-4dc9-a67c-8a4903c0b606:group-A891B034C021 set configuration 0: [1e2f6a91-9c74-4dc9-a67c-8a4903c0b606:192.168.157.226:45939], old=null at 0
2019-09-19 16:47:11,350 [1e2f6a91-9c74-4dc9-a67c-8a4903c0b606:group-B3D2E73F83A2:LeaderElection70] INFO  impl.RaftServerImpl (ServerState.java:setRaftConf(361)) - 1e2f6a91-9c74-4dc9-a67c-8a4903c0b606:group-B3D2E73F83A2 set configuration 0: [1e2f6a91-9c74-4dc9-a67c-8a4903c0b606:192.168.157.226:45939], old=null at 0
2019-09-19 16:47:11,399 [Thread-1242] INFO  impl.FollowerState (FollowerState.java:run(106)) - 1e2f6a91-9c74-4dc9-a67c-8a4903c0b606:group-51ECB5F97C0D changes to CANDIDATE, lastRpcTime:5182, electionTimeout:5182ms
2019-09-19 16:47:11,399 [Thread-1242] INFO  impl.RoleInfo (RoleInfo.java:shutdownFollowerState(121)) - 1e2f6a91-9c74-4dc9-a67c-8a4903c0b606: shutdown FollowerState
2019-09-19 16:47:11,399 [Thread-1242] INFO  impl.RaftServerImpl (RaftServerImpl.java:setRole(171)) - 1e2f6a91-9c74-4dc9-a67c-8a4903c0b606:group-51ECB5F97C0D changes role from FOLLOWER to CANDIDATE at term 0 for changeToCandidate
2019-09-19 16:47:11,399 [Thread-1242] INFO  impl.RoleInfo (RoleInfo.java:updateAndGet(143)) - 1e2f6a91-9c74-4dc9-a67c-8a4903c0b606: start LeaderElection
2019-09-19 16:47:11,402 [1e2f6a91-9c74-4dc9-a67c-8a4903c0b606-SegmentedRaftLogWorker:Storage Directory /workdir/hadoop-ozone/ozonefs/target/test-dir/MiniOzoneClusterImpl-fcaa30ee-2967-4065-be48-824e4576b1bf/datanode-0/data/ratis/50453309-357a-4dd5-bca2-a891b034c021] INFO  segmented.SegmentedRaftLogWorker (SegmentedRaftLogWorker.java:execute(569)) - 1e2f6a91-9c74-4dc9-a67c-8a4903c0b606-SegmentedRaftLogWorker:Storage Directory /workdir/hadoop-ozone/ozonefs/target/test-dir/MiniOzoneClusterImpl-fcaa30ee-2967-4065-be48-824e4576b1bf/datanode-0/data/ratis/50453309-357a-4dd5-bca2-a891b034c021: created new log segment /workdir/hadoop-ozone/ozonefs/target/test-dir/MiniOzoneClusterImpl-fcaa30ee-2967-4065-be48-824e4576b1bf/datanode-0/data/ratis/50453309-357a-4dd5-bca2-a891b034c021/current/log_inprogress_0
2019-09-19 16:47:11,402 [1e2f6a91-9c74-4dc9-a67c-8a4903c0b606-SegmentedRaftLogWorker:Storage Directory /workdir/hadoop-ozone/ozonefs/target/test-dir/MiniOzoneClusterImpl-fcaa30ee-2967-4065-be48-824e4576b1bf/datanode-0/data/ratis/a797f05f-3c83-4a13-9c43-b3d2e73f83a2] INFO  segmented.SegmentedRaftLogWorker (SegmentedRaftLogWorker.java:execute(569)) - 1e2f6a91-9c74-4dc9-a67c-8a4903c0b606-SegmentedRaftLogWorker:Storage Directory /workdir/hadoop-ozone/ozonefs/target/test-dir/MiniOzoneClusterImpl-fcaa30ee-2967-4065-be48-824e4576b1bf/datanode-0/data/ratis/a797f05f-3c83-4a13-9c43-b3d2e73f83a2: created new log segment /workdir/hadoop-ozone/ozonefs/target/test-dir/MiniOzoneClusterImpl-fcaa30ee-2967-4065-be48-824e4576b1bf/datanode-0/data/ratis/a797f05f-3c83-4a13-9c43-b3d2e73f83a2/current/log_inprogress_0
2019-09-19 16:47:11,416 [1e2f6a91-9c74-4dc9-a67c-8a4903c0b606:group-51ECB5F97C0D:LeaderElection71] INFO  impl.LeaderElection (LeaderElection.java:askForVotes(181)) - 1e2f6a91-9c74-4dc9-a67c-8a4903c0b606:group-51ECB5F97C0D:LeaderElection71: begin an election at term 1 for -1: [1e2f6a91-9c74-4dc9-a67c-8a4903c0b606:192.168.157.226:45939], old=null
2019-09-19 16:47:11,416 [1e2f6a91-9c74-4dc9-a67c-8a4903c0b606:group-51ECB5F97C0D:LeaderElection71] INFO  impl.RoleInfo (RoleInfo.java:shutdownLeaderElection(134)) - 1e2f6a91-9c74-4dc9-a67c-8a4903c0b606: shutdown LeaderElection
2019-09-19 16:47:11,417 [1e2f6a91-9c74-4dc9-a67c-8a4903c0b606:group-51ECB5F97C0D:LeaderElection71] INFO  impl.RaftServerImpl (RaftServerImpl.java:setRole(171)) - 1e2f6a91-9c74-4dc9-a67c-8a4903c0b606:group-51ECB5F97C0D changes role from CANDIDATE to LEADER at term 1 for changeToLeader
2019-09-19 16:47:11,417 [1e2f6a91-9c74-4dc9-a67c-8a4903c0b606:group-51ECB5F97C0D:LeaderElection71] INFO  impl.RaftServerImpl (ServerState.java:setLeader(263)) - 1e2f6a91-9c74-4dc9-a67c-8a4903c0b606:group-51ECB5F97C0D change Leader from null to 1e2f6a91-9c74-4dc9-a67c-8a4903c0b606 at term 1 for becomeLeader, leader elected after 5203ms
2019-09-19 16:47:11,417 [1e2f6a91-9c74-4dc9-a67c-8a4903c0b606:group-51ECB5F97C0D:LeaderElection71] INFO  server.RaftServerConfigKeys (ConfUtils.java:logGet(43)) - raft.server.staging.catchup.gap = 1000 (default)
2019-09-19 16:47:11,417 [1e2f6a91-9c74-4dc9-a67c-8a4903c0b606:group-51ECB5F97C0D:LeaderElection71] INFO  server.RaftServerConfigKeys (ConfUtils.java:logGet(43)) - raft.server.rpc.sleep.time = 25ms (default)
2019-09-19 16:47:11,417 [1e2f6a91-9c74-4dc9-a67c-8a4903c0b606:group-51ECB5F97C0D:LeaderElection71] INFO  server.RaftServerConfigKeys (ConfUtils.java:logGet(43)) - raft.server.write.element-limit = 4096 (default)
2019-09-19 16:47:11,418 [1e2f6a91-9c74-4dc9-a67c-8a4903c0b606:group-51ECB5F97C0D:LeaderElection71] INFO  server.RaftServerConfigKeys (ConfUtils.java:logGet(43)) - raft.server.watch.timeout = 10s (default)
2019-09-19 16:47:11,418 [1e2f6a91-9c74-4dc9-a67c-8a4903c0b606:group-51ECB5F97C0D:LeaderElection71] INFO  server.RaftServerConfigKeys (ConfUtils.java:logGet(43)) - raft.server.watch.timeout.denomination = 1s (default)
2019-09-19 16:47:11,418 [1e2f6a91-9c74-4dc9-a67c-8a4903c0b606:group-51ECB5F97C0D:LeaderElection71] INFO  server.RaftServerConfigKeys (ConfUtils.java:logGet(43)) - raft.server.watch.element-limit = 65536 (default)
2019-09-19 16:47:11,418 [1e2f6a91-9c74-4dc9-a67c-8a4903c0b606:group-51ECB5F97C0D:LeaderElection71] INFO  impl.RoleInfo (RoleInfo.java:updateAndGet(143)) - 1e2f6a91-9c74-4dc9-a67c-8a4903c0b606: start LeaderState
2019-09-19 16:47:11,418 [1e2f6a91-9c74-4dc9-a67c-8a4903c0b606:group-51ECB5F97C0D:LeaderElection71] INFO  segmented.SegmentedRaftLogWorker (SegmentedRaftLogWorker.java:startLogSegment(380)) - 1e2f6a91-9c74-4dc9-a67c-8a4903c0b606-SegmentedRaftLogWorker:Storage Directory /workdir/hadoop-ozone/ozonefs/target/test-dir/MiniOzoneClusterImpl-fcaa30ee-2967-4065-be48-824e4576b1bf/datanode-0/data/ratis/28940566-b4cc-4648-b441-51ecb5f97c0d: Starting segment from index:0
2019-09-19 16:47:11,419 [1e2f6a91-9c74-4dc9-a67c-8a4903c0b606:group-51ECB5F97C0D:LeaderElection71] INFO  impl.RaftServerImpl (ServerState.java:setRaftConf(361)) - 1e2f6a91-9c74-4dc9-a67c-8a4903c0b606:group-51ECB5F97C0D set configuration 0: [1e2f6a91-9c74-4dc9-a67c-8a4903c0b606:192.168.157.226:45939], old=null at 0
2019-09-19 16:47:11,426 [Thread-1251] INFO  impl.FollowerState (FollowerState.java:run(106)) - 90807a67-81c1-4bdc-9300-b9ddb9d662c8:group-42CDF234EBB5 changes to CANDIDATE, lastRpcTime:5095, electionTimeout:5095ms
2019-09-19 16:47:11,426 [Thread-1251] INFO  impl.RoleInfo (RoleInfo.java:shutdownFollowerState(121)) - 90807a67-81c1-4bdc-9300-b9ddb9d662c8: shutdown FollowerState
2019-09-19 16:47:11,426 [Thread-1251] INFO  impl.RaftServerImpl (RaftServerImpl.java:setRole(171)) - 90807a67-81c1-4bdc-9300-b9ddb9d662c8:group-42CDF234EBB5 changes role from FOLLOWER to CANDIDATE at term 0 for changeToCandidate
2019-09-19 16:47:11,426 [Thread-1251] INFO  impl.RoleInfo (RoleInfo.java:updateAndGet(143)) - 90807a67-81c1-4bdc-9300-b9ddb9d662c8: start LeaderElection
2019-09-19 16:47:11,429 [Thread-1248] INFO  impl.FollowerState (FollowerState.java:run(106)) - 1e2f6a91-9c74-4dc9-a67c-8a4903c0b606:group-5C4DB54BD8EF changes to CANDIDATE, lastRpcTime:5135, electionTimeout:5135ms
2019-09-19 16:47:11,429 [Thread-1248] INFO  impl.RoleInfo (RoleInfo.java:shutdownFollowerState(121)) - 1e2f6a91-9c74-4dc9-a67c-8a4903c0b606: shutdown FollowerState
2019-09-19 16:47:11,429 [Thread-1248] INFO  impl.RaftServerImpl (RaftServerImpl.java:setRole(171)) - 1e2f6a91-9c74-4dc9-a67c-8a4903c0b606:group-5C4DB54BD8EF changes role from FOLLOWER to CANDIDATE at term 0 for changeToCandidate
2019-09-19 16:47:11,429 [Thread-1248] INFO  impl.RoleInfo (RoleInfo.java:updateAndGet(143)) - 1e2f6a91-9c74-4dc9-a67c-8a4903c0b606: start LeaderElection
2019-09-19 16:47:11,440 [90807a67-81c1-4bdc-9300-b9ddb9d662c8:group-42CDF234EBB5:LeaderElection72] INFO  impl.LeaderElection (LeaderElection.java:askForVotes(181)) - 90807a67-81c1-4bdc-9300-b9ddb9d662c8:group-42CDF234EBB5:LeaderElection72: begin an election at term 1 for -1: [90807a67-81c1-4bdc-9300-b9ddb9d662c8:192.168.157.226:46825], old=null
2019-09-19 16:47:11,440 [1e2f6a91-9c74-4dc9-a67c-8a4903c0b606:group-5C4DB54BD8EF:LeaderElection73] INFO  impl.LeaderElection (LeaderElection.java:askForVotes(181)) - 1e2f6a91-9c74-4dc9-a67c-8a4903c0b606:group-5C4DB54BD8EF:LeaderElection73: begin an election at term 1 for -1: [1e2f6a91-9c74-4dc9-a67c-8a4903c0b606:192.168.157.226:45939], old=null
2019-09-19 16:47:11,440 [90807a67-81c1-4bdc-9300-b9ddb9d662c8:group-42CDF234EBB5:LeaderElection72] INFO  impl.RoleInfo (RoleInfo.java:shutdownLeaderElection(134)) - 90807a67-81c1-4bdc-9300-b9ddb9d662c8: shutdown LeaderElection
2019-09-19 16:47:11,441 [1e2f6a91-9c74-4dc9-a67c-8a4903c0b606:group-5C4DB54BD8EF:LeaderElection73] INFO  impl.RoleInfo (RoleInfo.java:shutdownLeaderElection(134)) - 1e2f6a91-9c74-4dc9-a67c-8a4903c0b606: shutdown LeaderElection
2019-09-19 16:47:11,441 [90807a67-81c1-4bdc-9300-b9ddb9d662c8:group-42CDF234EBB5:LeaderElection72] INFO  impl.RaftServerImpl (RaftServerImpl.java:setRole(171)) - 90807a67-81c1-4bdc-9300-b9ddb9d662c8:group-42CDF234EBB5 changes role from CANDIDATE to LEADER at term 1 for changeToLeader
2019-09-19 16:47:11,441 [1e2f6a91-9c74-4dc9-a67c-8a4903c0b606:group-5C4DB54BD8EF:LeaderElection73] INFO  impl.RaftServerImpl (RaftServerImpl.java:setRole(171)) - 1e2f6a91-9c74-4dc9-a67c-8a4903c0b606:group-5C4DB54BD8EF changes role from CANDIDATE to LEADER at term 1 for changeToLeader
2019-09-19 16:47:11,441 [90807a67-81c1-4bdc-9300-b9ddb9d662c8:group-42CDF234EBB5:LeaderElection72] INFO  impl.RaftServerImpl (ServerState.java:setLeader(263)) - 90807a67-81c1-4bdc-9300-b9ddb9d662c8:group-42CDF234EBB5 change Leader from null to 90807a67-81c1-4bdc-9300-b9ddb9d662c8 at term 1 for becomeLeader, leader elected after 5114ms
2019-09-19 16:47:11,441 [1e2f6a91-9c74-4dc9-a67c-8a4903c0b606:group-5C4DB54BD8EF:LeaderElection73] INFO  impl.RaftServerImpl (ServerState.java:setLeader(263)) - 1e2f6a91-9c74-4dc9-a67c-8a4903c0b606:group-5C4DB54BD8EF change Leader from null to 1e2f6a91-9c74-4dc9-a67c-8a4903c0b606 at term 1 for becomeLeader, leader elected after 5150ms
2019-09-19 16:47:11,441 [90807a67-81c1-4bdc-9300-b9ddb9d662c8:group-42CDF234EBB5:LeaderElection72] INFO  server.RaftServerConfigKeys (ConfUtils.java:logGet(43)) - raft.server.staging.catchup.gap = 1000 (default)
2019-09-19 16:47:11,441 [1e2f6a91-9c74-4dc9-a67c-8a4903c0b606:group-5C4DB54BD8EF:LeaderElection73] INFO  server.RaftServerConfigKeys (ConfUtils.java:logGet(43)) - raft.server.staging.catchup.gap = 1000 (default)
2019-09-19 16:47:11,441 [90807a67-81c1-4bdc-9300-b9ddb9d662c8:group-42CDF234EBB5:LeaderElection72] INFO  server.RaftServerConfigKeys (ConfUtils.java:logGet(43)) - raft.server.rpc.sleep.time = 25ms (default)
2019-09-19 16:47:11,441 [1e2f6a91-9c74-4dc9-a67c-8a4903c0b606:group-5C4DB54BD8EF:LeaderElection73] INFO  server.RaftServerConfigKeys (ConfUtils.java:logGet(43)) - raft.server.rpc.sleep.time = 25ms (default)
2019-09-19 16:47:11,441 [90807a67-81c1-4bdc-9300-b9ddb9d662c8:group-42CDF234EBB5:LeaderElection72] INFO  server.RaftServerConfigKeys (ConfUtils.java:logGet(43)) - raft.server.write.element-limit = 4096 (default)
2019-09-19 16:47:11,442 [1e2f6a91-9c74-4dc9-a67c-8a4903c0b606:group-5C4DB54BD8EF:LeaderElection73] INFO  server.RaftServerConfigKeys (ConfUtils.java:logGet(43)) - raft.server.write.element-limit = 4096 (default)
2019-09-19 16:47:11,442 [90807a67-81c1-4bdc-9300-b9ddb9d662c8:group-42CDF234EBB5:LeaderElection72] INFO  server.RaftServerConfigKeys (ConfUtils.java:logGet(43)) - raft.server.watch.timeout = 10s (default)
2019-09-19 16:47:11,442 [1e2f6a91-9c74-4dc9-a67c-8a4903c0b606:group-5C4DB54BD8EF:LeaderElection73] INFO  server.RaftServerConfigKeys (ConfUtils.java:logGet(43)) - raft.server.watch.timeout = 10s (default)
2019-09-19 16:47:11,442 [90807a67-81c1-4bdc-9300-b9ddb9d662c8:group-42CDF234EBB5:LeaderElection72] INFO  server.RaftServerConfigKeys (ConfUtils.java:logGet(43)) - raft.server.watch.timeout.denomination = 1s (default)
2019-09-19 16:47:11,442 [1e2f6a91-9c74-4dc9-a67c-8a4903c0b606:group-5C4DB54BD8EF:LeaderElection73] INFO  server.RaftServerConfigKeys (ConfUtils.java:logGet(43)) - raft.server.watch.timeout.denomination = 1s (default)
2019-09-19 16:47:11,442 [90807a67-81c1-4bdc-9300-b9ddb9d662c8:group-42CDF234EBB5:LeaderElection72] INFO  server.RaftServerConfigKeys (ConfUtils.java:logGet(43)) - raft.server.watch.element-limit = 65536 (default)
2019-09-19 16:47:11,442 [1e2f6a91-9c74-4dc9-a67c-8a4903c0b606:group-5C4DB54BD8EF:LeaderElection73] INFO  server.RaftServerConfigKeys (ConfUtils.java:logGet(43)) - raft.server.watch.element-limit = 65536 (default)
2019-09-19 16:47:11,442 [90807a67-81c1-4bdc-9300-b9ddb9d662c8:group-42CDF234EBB5:LeaderElection72] INFO  impl.RoleInfo (RoleInfo.java:updateAndGet(143)) - 90807a67-81c1-4bdc-9300-b9ddb9d662c8: start LeaderState
2019-09-19 16:47:11,442 [1e2f6a91-9c74-4dc9-a67c-8a4903c0b606:group-5C4DB54BD8EF:LeaderElection73] INFO  impl.RoleInfo (RoleInfo.java:updateAndGet(143)) - 1e2f6a91-9c74-4dc9-a67c-8a4903c0b606: start LeaderState
2019-09-19 16:47:11,443 [90807a67-81c1-4bdc-9300-b9ddb9d662c8:group-42CDF234EBB5:LeaderElection72] INFO  segmented.SegmentedRaftLogWorker (SegmentedRaftLogWorker.java:startLogSegment(380)) - 90807a67-81c1-4bdc-9300-b9ddb9d662c8-SegmentedRaftLogWorker:Storage Directory /workdir/hadoop-ozone/ozonefs/target/test-dir/MiniOzoneClusterImpl-fcaa30ee-2967-4065-be48-824e4576b1bf/datanode-1/data/ratis/b6ae5504-365a-4129-bc6c-42cdf234ebb5: Starting segment from index:0
2019-09-19 16:47:11,443 [1e2f6a91-9c74-4dc9-a67c-8a4903c0b606:group-5C4DB54BD8EF:LeaderElection73] INFO  segmented.SegmentedRaftLogWorker (SegmentedRaftLogWorker.java:startLogSegment(380)) - 1e2f6a91-9c74-4dc9-a67c-8a4903c0b606-SegmentedRaftLogWorker:Storage Directory /workdir/hadoop-ozone/ozonefs/target/test-dir/MiniOzoneClusterImpl-fcaa30ee-2967-4065-be48-824e4576b1bf/datanode-0/data/ratis/fad3ba11-8a60-46dd-9acf-5c4db54bd8ef: Starting segment from index:0
2019-09-19 16:47:11,443 [90807a67-81c1-4bdc-9300-b9ddb9d662c8:group-42CDF234EBB5:LeaderElection72] INFO  impl.RaftServerImpl (ServerState.java:setRaftConf(361)) - 90807a67-81c1-4bdc-9300-b9ddb9d662c8:group-42CDF234EBB5 set configuration 0: [90807a67-81c1-4bdc-9300-b9ddb9d662c8:192.168.157.226:46825], old=null at 0
2019-09-19 16:47:11,443 [1e2f6a91-9c74-4dc9-a67c-8a4903c0b606:group-5C4DB54BD8EF:LeaderElection73] INFO  impl.RaftServerImpl (ServerState.java:setRaftConf(361)) - 1e2f6a91-9c74-4dc9-a67c-8a4903c0b606:group-5C4DB54BD8EF set configuration 0: [1e2f6a91-9c74-4dc9-a67c-8a4903c0b606:192.168.157.226:45939], old=null at 0
2019-09-19 16:47:11,453 | INFO  | SCMAudit | user=jenkins1000 | ip=192.168.157.226 | op=SEND_HEARTBEAT {datanodeUUID=26a699e2-9f6c-4368-8bb8-6bca25baed85, command=[]} | ret=SUCCESS |  
2019-09-19 16:47:11,465 [1e2f6a91-9c74-4dc9-a67c-8a4903c0b606-SegmentedRaftLogWorker:Storage Directory /workdir/hadoop-ozone/ozonefs/target/test-dir/MiniOzoneClusterImpl-fcaa30ee-2967-4065-be48-824e4576b1bf/datanode-0/data/ratis/28940566-b4cc-4648-b441-51ecb5f97c0d] INFO  segmented.SegmentedRaftLogWorker (SegmentedRaftLogWorker.java:execute(569)) - 1e2f6a91-9c74-4dc9-a67c-8a4903c0b606-SegmentedRaftLogWorker:Storage Directory /workdir/hadoop-ozone/ozonefs/target/test-dir/MiniOzoneClusterImpl-fcaa30ee-2967-4065-be48-824e4576b1bf/datanode-0/data/ratis/28940566-b4cc-4648-b441-51ecb5f97c0d: created new log segment /workdir/hadoop-ozone/ozonefs/target/test-dir/MiniOzoneClusterImpl-fcaa30ee-2967-4065-be48-824e4576b1bf/datanode-0/data/ratis/28940566-b4cc-4648-b441-51ecb5f97c0d/current/log_inprogress_0
2019-09-19 16:47:11,491 [90807a67-81c1-4bdc-9300-b9ddb9d662c8-SegmentedRaftLogWorker:Storage Directory /workdir/hadoop-ozone/ozonefs/target/test-dir/MiniOzoneClusterImpl-fcaa30ee-2967-4065-be48-824e4576b1bf/datanode-1/data/ratis/b6ae5504-365a-4129-bc6c-42cdf234ebb5] INFO  segmented.SegmentedRaftLogWorker (SegmentedRaftLogWorker.java:execute(569)) - 90807a67-81c1-4bdc-9300-b9ddb9d662c8-SegmentedRaftLogWorker:Storage Directory /workdir/hadoop-ozone/ozonefs/target/test-dir/MiniOzoneClusterImpl-fcaa30ee-2967-4065-be48-824e4576b1bf/datanode-1/data/ratis/b6ae5504-365a-4129-bc6c-42cdf234ebb5: created new log segment /workdir/hadoop-ozone/ozonefs/target/test-dir/MiniOzoneClusterImpl-fcaa30ee-2967-4065-be48-824e4576b1bf/datanode-1/data/ratis/b6ae5504-365a-4129-bc6c-42cdf234ebb5/current/log_inprogress_0
2019-09-19 16:47:11,492 [1e2f6a91-9c74-4dc9-a67c-8a4903c0b606-SegmentedRaftLogWorker:Storage Directory /workdir/hadoop-ozone/ozonefs/target/test-dir/MiniOzoneClusterImpl-fcaa30ee-2967-4065-be48-824e4576b1bf/datanode-0/data/ratis/fad3ba11-8a60-46dd-9acf-5c4db54bd8ef] INFO  segmented.SegmentedRaftLogWorker (SegmentedRaftLogWorker.java:execute(569)) - 1e2f6a91-9c74-4dc9-a67c-8a4903c0b606-SegmentedRaftLogWorker:Storage Directory /workdir/hadoop-ozone/ozonefs/target/test-dir/MiniOzoneClusterImpl-fcaa30ee-2967-4065-be48-824e4576b1bf/datanode-0/data/ratis/fad3ba11-8a60-46dd-9acf-5c4db54bd8ef: created new log segment /workdir/hadoop-ozone/ozonefs/target/test-dir/MiniOzoneClusterImpl-fcaa30ee-2967-4065-be48-824e4576b1bf/datanode-0/data/ratis/fad3ba11-8a60-46dd-9acf-5c4db54bd8ef/current/log_inprogress_0
2019-09-19 16:47:11,492 [Thread-1254] INFO  impl.FollowerState (FollowerState.java:run(106)) - 1e2f6a91-9c74-4dc9-a67c-8a4903c0b606:group-6711056DE131 changes to CANDIDATE, lastRpcTime:5138, electionTimeout:5138ms
2019-09-19 16:47:11,492 [Thread-1254] INFO  impl.RoleInfo (RoleInfo.java:shutdownFollowerState(121)) - 1e2f6a91-9c74-4dc9-a67c-8a4903c0b606: shutdown FollowerState
2019-09-19 16:47:11,492 [Thread-1254] INFO  impl.RaftServerImpl (RaftServerImpl.java:setRole(171)) - 1e2f6a91-9c74-4dc9-a67c-8a4903c0b606:group-6711056DE131 changes role from FOLLOWER to CANDIDATE at term 0 for changeToCandidate
2019-09-19 16:47:11,492 [Thread-1254] INFO  impl.RoleInfo (RoleInfo.java:updateAndGet(143)) - 1e2f6a91-9c74-4dc9-a67c-8a4903c0b606: start LeaderElection
2019-09-19 16:47:11,505 [1e2f6a91-9c74-4dc9-a67c-8a4903c0b606:group-6711056DE131:LeaderElection74] INFO  impl.LeaderElection (LeaderElection.java:askForVotes(181)) - 1e2f6a91-9c74-4dc9-a67c-8a4903c0b606:group-6711056DE131:LeaderElection74: begin an election at term 1 for -1: [1e2f6a91-9c74-4dc9-a67c-8a4903c0b606:192.168.157.226:45939], old=null
2019-09-19 16:47:11,505 [1e2f6a91-9c74-4dc9-a67c-8a4903c0b606:group-6711056DE131:LeaderElection74] INFO  impl.RoleInfo (RoleInfo.java:shutdownLeaderElection(134)) - 1e2f6a91-9c74-4dc9-a67c-8a4903c0b606: shutdown LeaderElection
2019-09-19 16:47:11,505 [1e2f6a91-9c74-4dc9-a67c-8a4903c0b606:group-6711056DE131:LeaderElection74] INFO  impl.RaftServerImpl (RaftServerImpl.java:setRole(171)) - 1e2f6a91-9c74-4dc9-a67c-8a4903c0b606:group-6711056DE131 changes role from CANDIDATE to LEADER at term 1 for changeToLeader
2019-09-19 16:47:11,505 [1e2f6a91-9c74-4dc9-a67c-8a4903c0b606:group-6711056DE131:LeaderElection74] INFO  impl.RaftServerImpl (ServerState.java:setLeader(263)) - 1e2f6a91-9c74-4dc9-a67c-8a4903c0b606:group-6711056DE131 change Leader from null to 1e2f6a91-9c74-4dc9-a67c-8a4903c0b606 at term 1 for becomeLeader, leader elected after 5156ms
2019-09-19 16:47:11,505 [1e2f6a91-9c74-4dc9-a67c-8a4903c0b606:group-6711056DE131:LeaderElection74] INFO  server.RaftServerConfigKeys (ConfUtils.java:logGet(43)) - raft.server.staging.catchup.gap = 1000 (default)
2019-09-19 16:47:11,506 [1e2f6a91-9c74-4dc9-a67c-8a4903c0b606:group-6711056DE131:LeaderElection74] INFO  server.RaftServerConfigKeys (ConfUtils.java:logGet(43)) - raft.server.rpc.sleep.time = 25ms (default)
2019-09-19 16:47:11,506 [1e2f6a91-9c74-4dc9-a67c-8a4903c0b606:group-6711056DE131:LeaderElection74] INFO  server.RaftServerConfigKeys (ConfUtils.java:logGet(43)) - raft.server.write.element-limit = 4096 (default)
2019-09-19 16:47:11,506 [1e2f6a91-9c74-4dc9-a67c-8a4903c0b606:group-6711056DE131:LeaderElection74] INFO  server.RaftServerConfigKeys (ConfUtils.java:logGet(43)) - raft.server.watch.timeout = 10s (default)
2019-09-19 16:47:11,506 [1e2f6a91-9c74-4dc9-a67c-8a4903c0b606:group-6711056DE131:LeaderElection74] INFO  server.RaftServerConfigKeys (ConfUtils.java:logGet(43)) - raft.server.watch.timeout.denomination = 1s (default)
2019-09-19 16:47:11,506 [1e2f6a91-9c74-4dc9-a67c-8a4903c0b606:group-6711056DE131:LeaderElection74] INFO  server.RaftServerConfigKeys (ConfUtils.java:logGet(43)) - raft.server.watch.element-limit = 65536 (default)
2019-09-19 16:47:11,506 [1e2f6a91-9c74-4dc9-a67c-8a4903c0b606:group-6711056DE131:LeaderElection74] INFO  impl.RoleInfo (RoleInfo.java:updateAndGet(143)) - 1e2f6a91-9c74-4dc9-a67c-8a4903c0b606: start LeaderState
2019-09-19 16:47:11,506 [Thread-1257] INFO  impl.FollowerState (FollowerState.java:run(106)) - 90807a67-81c1-4bdc-9300-b9ddb9d662c8:group-68D965F9FCB2 changes to CANDIDATE, lastRpcTime:5114, electionTimeout:5114ms
2019-09-19 16:47:11,506 [1e2f6a91-9c74-4dc9-a67c-8a4903c0b606:group-6711056DE131:LeaderElection74] INFO  segmented.SegmentedRaftLogWorker (SegmentedRaftLogWorker.java:startLogSegment(380)) - 1e2f6a91-9c74-4dc9-a67c-8a4903c0b606-SegmentedRaftLogWorker:Storage Directory /workdir/hadoop-ozone/ozonefs/target/test-dir/MiniOzoneClusterImpl-fcaa30ee-2967-4065-be48-824e4576b1bf/datanode-0/data/ratis/89132f7c-1a22-4843-9bab-6711056de131: Starting segment from index:0
2019-09-19 16:47:11,507 [Thread-1257] INFO  impl.RoleInfo (RoleInfo.java:shutdownFollowerState(121)) - 90807a67-81c1-4bdc-9300-b9ddb9d662c8: shutdown FollowerState
2019-09-19 16:47:11,507 [Thread-1257] INFO  impl.RaftServerImpl (RaftServerImpl.java:setRole(171)) - 90807a67-81c1-4bdc-9300-b9ddb9d662c8:group-68D965F9FCB2 changes role from FOLLOWER to CANDIDATE at term 0 for changeToCandidate
2019-09-19 16:47:11,507 [1e2f6a91-9c74-4dc9-a67c-8a4903c0b606:group-6711056DE131:LeaderElection74] INFO  impl.RaftServerImpl (ServerState.java:setRaftConf(361)) - 1e2f6a91-9c74-4dc9-a67c-8a4903c0b606:group-6711056DE131 set configuration 0: [1e2f6a91-9c74-4dc9-a67c-8a4903c0b606:192.168.157.226:45939], old=null at 0
2019-09-19 16:47:11,507 [Thread-1257] INFO  impl.RoleInfo (RoleInfo.java:updateAndGet(143)) - 90807a67-81c1-4bdc-9300-b9ddb9d662c8: start LeaderElection
2019-09-19 16:47:11,522 [90807a67-81c1-4bdc-9300-b9ddb9d662c8:group-68D965F9FCB2:LeaderElection75] INFO  impl.LeaderElection (LeaderElection.java:askForVotes(181)) - 90807a67-81c1-4bdc-9300-b9ddb9d662c8:group-68D965F9FCB2:LeaderElection75: begin an election at term 1 for -1: [90807a67-81c1-4bdc-9300-b9ddb9d662c8:192.168.157.226:46825], old=null
2019-09-19 16:47:11,522 [90807a67-81c1-4bdc-9300-b9ddb9d662c8:group-68D965F9FCB2:LeaderElection75] INFO  impl.RoleInfo (RoleInfo.java:shutdownLeaderElection(134)) - 90807a67-81c1-4bdc-9300-b9ddb9d662c8: shutdown LeaderElection
2019-09-19 16:47:11,522 [90807a67-81c1-4bdc-9300-b9ddb9d662c8:group-68D965F9FCB2:LeaderElection75] INFO  impl.RaftServerImpl (RaftServerImpl.java:setRole(171)) - 90807a67-81c1-4bdc-9300-b9ddb9d662c8:group-68D965F9FCB2 changes role from CANDIDATE to LEADER at term 1 for changeToLeader
2019-09-19 16:47:11,522 [90807a67-81c1-4bdc-9300-b9ddb9d662c8:group-68D965F9FCB2:LeaderElection75] INFO  impl.RaftServerImpl (ServerState.java:setLeader(263)) - 90807a67-81c1-4bdc-9300-b9ddb9d662c8:group-68D965F9FCB2 change Leader from null to 90807a67-81c1-4bdc-9300-b9ddb9d662c8 at term 1 for becomeLeader, leader elected after 5134ms
2019-09-19 16:47:11,522 [90807a67-81c1-4bdc-9300-b9ddb9d662c8:group-68D965F9FCB2:LeaderElection75] INFO  server.RaftServerConfigKeys (ConfUtils.java:logGet(43)) - raft.server.staging.catchup.gap = 1000 (default)
2019-09-19 16:47:11,522 [90807a67-81c1-4bdc-9300-b9ddb9d662c8:group-68D965F9FCB2:LeaderElection75] INFO  server.RaftServerConfigKeys (ConfUtils.java:logGet(43)) - raft.server.rpc.sleep.time = 25ms (default)
2019-09-19 16:47:11,523 [90807a67-81c1-4bdc-9300-b9ddb9d662c8:group-68D965F9FCB2:LeaderElection75] INFO  server.RaftServerConfigKeys (ConfUtils.java:logGet(43)) - raft.server.write.element-limit = 4096 (default)
2019-09-19 16:47:11,523 [90807a67-81c1-4bdc-9300-b9ddb9d662c8:group-68D965F9FCB2:LeaderElection75] INFO  server.RaftServerConfigKeys (ConfUtils.java:logGet(43)) - raft.server.watch.timeout = 10s (default)
2019-09-19 16:47:11,523 [90807a67-81c1-4bdc-9300-b9ddb9d662c8:group-68D965F9FCB2:LeaderElection75] INFO  server.RaftServerConfigKeys (ConfUtils.java:logGet(43)) - raft.server.watch.timeout.denomination = 1s (default)
2019-09-19 16:47:11,523 [90807a67-81c1-4bdc-9300-b9ddb9d662c8:group-68D965F9FCB2:LeaderElection75] INFO  server.RaftServerConfigKeys (ConfUtils.java:logGet(43)) - raft.server.watch.element-limit = 65536 (default)
2019-09-19 16:47:11,523 [90807a67-81c1-4bdc-9300-b9ddb9d662c8:group-68D965F9FCB2:LeaderElection75] INFO  impl.RoleInfo (RoleInfo.java:updateAndGet(143)) - 90807a67-81c1-4bdc-9300-b9ddb9d662c8: start LeaderState
2019-09-19 16:47:11,523 [90807a67-81c1-4bdc-9300-b9ddb9d662c8:group-68D965F9FCB2:LeaderElection75] INFO  segmented.SegmentedRaftLogWorker (SegmentedRaftLogWorker.java:startLogSegment(380)) - 90807a67-81c1-4bdc-9300-b9ddb9d662c8-SegmentedRaftLogWorker:Storage Directory /workdir/hadoop-ozone/ozonefs/target/test-dir/MiniOzoneClusterImpl-fcaa30ee-2967-4065-be48-824e4576b1bf/datanode-1/data/ratis/fb8df488-6acb-4071-89bf-68d965f9fcb2: Starting segment from index:0
2019-09-19 16:47:11,524 [90807a67-81c1-4bdc-9300-b9ddb9d662c8:group-68D965F9FCB2:LeaderElection75] INFO  impl.RaftServerImpl (ServerState.java:setRaftConf(361)) - 90807a67-81c1-4bdc-9300-b9ddb9d662c8:group-68D965F9FCB2 set configuration 0: [90807a67-81c1-4bdc-9300-b9ddb9d662c8:192.168.157.226:46825], old=null at 0
2019-09-19 16:47:11,539 [1e2f6a91-9c74-4dc9-a67c-8a4903c0b606-SegmentedRaftLogWorker:Storage Directory /workdir/hadoop-ozone/ozonefs/target/test-dir/MiniOzoneClusterImpl-fcaa30ee-2967-4065-be48-824e4576b1bf/datanode-0/data/ratis/89132f7c-1a22-4843-9bab-6711056de131] INFO  segmented.SegmentedRaftLogWorker (SegmentedRaftLogWorker.java:execute(569)) - 1e2f6a91-9c74-4dc9-a67c-8a4903c0b606-SegmentedRaftLogWorker:Storage Directory /workdir/hadoop-ozone/ozonefs/target/test-dir/MiniOzoneClusterImpl-fcaa30ee-2967-4065-be48-824e4576b1bf/datanode-0/data/ratis/89132f7c-1a22-4843-9bab-6711056de131: created new log segment /workdir/hadoop-ozone/ozonefs/target/test-dir/MiniOzoneClusterImpl-fcaa30ee-2967-4065-be48-824e4576b1bf/datanode-0/data/ratis/89132f7c-1a22-4843-9bab-6711056de131/current/log_inprogress_0
2019-09-19 16:47:11,548 [Thread-1260] INFO  impl.FollowerState (FollowerState.java:run(106)) - 90807a67-81c1-4bdc-9300-b9ddb9d662c8:group-AF81D515D86E changes to CANDIDATE, lastRpcTime:5114, electionTimeout:5114ms
2019-09-19 16:47:11,548 [Thread-1260] INFO  impl.RoleInfo (RoleInfo.java:shutdownFollowerState(121)) - 90807a67-81c1-4bdc-9300-b9ddb9d662c8: shutdown FollowerState
2019-09-19 16:47:11,548 [Thread-1260] INFO  impl.RaftServerImpl (RaftServerImpl.java:setRole(171)) - 90807a67-81c1-4bdc-9300-b9ddb9d662c8:group-AF81D515D86E changes role from FOLLOWER to CANDIDATE at term 0 for changeToCandidate
2019-09-19 16:47:11,548 [Thread-1260] INFO  impl.RoleInfo (RoleInfo.java:updateAndGet(143)) - 90807a67-81c1-4bdc-9300-b9ddb9d662c8: start LeaderElection
2019-09-19 16:47:11,574 [Thread-1263] INFO  impl.FollowerState (FollowerState.java:run(106)) - 90807a67-81c1-4bdc-9300-b9ddb9d662c8:group-878065D338A8 changes to CANDIDATE, lastRpcTime:5100, electionTimeout:5100ms
2019-09-19 16:47:11,574 [Thread-1263] INFO  impl.RoleInfo (RoleInfo.java:shutdownFollowerState(121)) - 90807a67-81c1-4bdc-9300-b9ddb9d662c8: shutdown FollowerState
2019-09-19 16:47:11,574 [Thread-1263] INFO  impl.RaftServerImpl (RaftServerImpl.java:setRole(171)) - 90807a67-81c1-4bdc-9300-b9ddb9d662c8:group-878065D338A8 changes role from FOLLOWER to CANDIDATE at term 0 for changeToCandidate
2019-09-19 16:47:11,574 [Thread-1263] INFO  impl.RoleInfo (RoleInfo.java:updateAndGet(143)) - 90807a67-81c1-4bdc-9300-b9ddb9d662c8: start LeaderElection
2019-09-19 16:47:11,586 [90807a67-81c1-4bdc-9300-b9ddb9d662c8-SegmentedRaftLogWorker:Storage Directory /workdir/hadoop-ozone/ozonefs/target/test-dir/MiniOzoneClusterImpl-fcaa30ee-2967-4065-be48-824e4576b1bf/datanode-1/data/ratis/fb8df488-6acb-4071-89bf-68d965f9fcb2] INFO  segmented.SegmentedRaftLogWorker (SegmentedRaftLogWorker.java:execute(569)) - 90807a67-81c1-4bdc-9300-b9ddb9d662c8-SegmentedRaftLogWorker:Storage Directory /workdir/hadoop-ozone/ozonefs/target/test-dir/MiniOzoneClusterImpl-fcaa30ee-2967-4065-be48-824e4576b1bf/datanode-1/data/ratis/fb8df488-6acb-4071-89bf-68d965f9fcb2: created new log segment /workdir/hadoop-ozone/ozonefs/target/test-dir/MiniOzoneClusterImpl-fcaa30ee-2967-4065-be48-824e4576b1bf/datanode-1/data/ratis/fb8df488-6acb-4071-89bf-68d965f9fcb2/current/log_inprogress_0
2019-09-19 16:47:11,587 [90807a67-81c1-4bdc-9300-b9ddb9d662c8:group-AF81D515D86E:LeaderElection76] INFO  impl.LeaderElection (LeaderElection.java:askForVotes(181)) - 90807a67-81c1-4bdc-9300-b9ddb9d662c8:group-AF81D515D86E:LeaderElection76: begin an election at term 1 for -1: [90807a67-81c1-4bdc-9300-b9ddb9d662c8:192.168.157.226:46825], old=null
2019-09-19 16:47:11,587 [90807a67-81c1-4bdc-9300-b9ddb9d662c8:group-878065D338A8:LeaderElection77] INFO  impl.LeaderElection (LeaderElection.java:askForVotes(181)) - 90807a67-81c1-4bdc-9300-b9ddb9d662c8:group-878065D338A8:LeaderElection77: begin an election at term 1 for -1: [90807a67-81c1-4bdc-9300-b9ddb9d662c8:192.168.157.226:46825], old=null
2019-09-19 16:47:11,587 [90807a67-81c1-4bdc-9300-b9ddb9d662c8:group-AF81D515D86E:LeaderElection76] INFO  impl.RoleInfo (RoleInfo.java:shutdownLeaderElection(134)) - 90807a67-81c1-4bdc-9300-b9ddb9d662c8: shutdown LeaderElection
2019-09-19 16:47:11,587 [90807a67-81c1-4bdc-9300-b9ddb9d662c8:group-878065D338A8:LeaderElection77] INFO  impl.RoleInfo (RoleInfo.java:shutdownLeaderElection(134)) - 90807a67-81c1-4bdc-9300-b9ddb9d662c8: shutdown LeaderElection
2019-09-19 16:47:11,587 [90807a67-81c1-4bdc-9300-b9ddb9d662c8:group-AF81D515D86E:LeaderElection76] INFO  impl.RaftServerImpl (RaftServerImpl.java:setRole(171)) - 90807a67-81c1-4bdc-9300-b9ddb9d662c8:group-AF81D515D86E changes role from CANDIDATE to LEADER at term 1 for changeToLeader
2019-09-19 16:47:11,587 [90807a67-81c1-4bdc-9300-b9ddb9d662c8:group-878065D338A8:LeaderElection77] INFO  impl.RaftServerImpl (RaftServerImpl.java:setRole(171)) - 90807a67-81c1-4bdc-9300-b9ddb9d662c8:group-878065D338A8 changes role from CANDIDATE to LEADER at term 1 for changeToLeader
2019-09-19 16:47:11,587 [90807a67-81c1-4bdc-9300-b9ddb9d662c8:group-AF81D515D86E:LeaderElection76] INFO  impl.RaftServerImpl (ServerState.java:setLeader(263)) - 90807a67-81c1-4bdc-9300-b9ddb9d662c8:group-AF81D515D86E change Leader from null to 90807a67-81c1-4bdc-9300-b9ddb9d662c8 at term 1 for becomeLeader, leader elected after 5157ms
2019-09-19 16:47:11,587 [90807a67-81c1-4bdc-9300-b9ddb9d662c8:group-878065D338A8:LeaderElection77] INFO  impl.RaftServerImpl (ServerState.java:setLeader(263)) - 90807a67-81c1-4bdc-9300-b9ddb9d662c8:group-878065D338A8 change Leader from null to 90807a67-81c1-4bdc-9300-b9ddb9d662c8 at term 1 for becomeLeader, leader elected after 5117ms
2019-09-19 16:47:11,587 [90807a67-81c1-4bdc-9300-b9ddb9d662c8:group-AF81D515D86E:LeaderElection76] INFO  server.RaftServerConfigKeys (ConfUtils.java:logGet(43)) - raft.server.staging.catchup.gap = 1000 (default)
2019-09-19 16:47:11,588 [90807a67-81c1-4bdc-9300-b9ddb9d662c8:group-878065D338A8:LeaderElection77] INFO  server.RaftServerConfigKeys (ConfUtils.java:logGet(43)) - raft.server.staging.catchup.gap = 1000 (default)
2019-09-19 16:47:11,588 [90807a67-81c1-4bdc-9300-b9ddb9d662c8:group-AF81D515D86E:LeaderElection76] INFO  server.RaftServerConfigKeys (ConfUtils.java:logGet(43)) - raft.server.rpc.sleep.time = 25ms (default)
2019-09-19 16:47:11,588 [90807a67-81c1-4bdc-9300-b9ddb9d662c8:group-878065D338A8:LeaderElection77] INFO  server.RaftServerConfigKeys (ConfUtils.java:logGet(43)) - raft.server.rpc.sleep.time = 25ms (default)
2019-09-19 16:47:11,588 [90807a67-81c1-4bdc-9300-b9ddb9d662c8:group-AF81D515D86E:LeaderElection76] INFO  server.RaftServerConfigKeys (ConfUtils.java:logGet(43)) - raft.server.write.element-limit = 4096 (default)
2019-09-19 16:47:11,588 [90807a67-81c1-4bdc-9300-b9ddb9d662c8:group-878065D338A8:LeaderElection77] INFO  server.RaftServerConfigKeys (ConfUtils.java:logGet(43)) - raft.server.write.element-limit = 4096 (default)
2019-09-19 16:47:11,588 [90807a67-81c1-4bdc-9300-b9ddb9d662c8:group-AF81D515D86E:LeaderElection76] INFO  server.RaftServerConfigKeys (ConfUtils.java:logGet(43)) - raft.server.watch.timeout = 10s (default)
2019-09-19 16:47:11,589 [90807a67-81c1-4bdc-9300-b9ddb9d662c8:group-878065D338A8:LeaderElection77] INFO  server.RaftServerConfigKeys (ConfUtils.java:logGet(43)) - raft.server.watch.timeout = 10s (default)
2019-09-19 16:47:11,589 [90807a67-81c1-4bdc-9300-b9ddb9d662c8:group-AF81D515D86E:LeaderElection76] INFO  server.RaftServerConfigKeys (ConfUtils.java:logGet(43)) - raft.server.watch.timeout.denomination = 1s (default)
2019-09-19 16:47:11,589 [90807a67-81c1-4bdc-9300-b9ddb9d662c8:group-878065D338A8:LeaderElection77] INFO  server.RaftServerConfigKeys (ConfUtils.java:logGet(43)) - raft.server.watch.timeout.denomination = 1s (default)
2019-09-19 16:47:11,589 [90807a67-81c1-4bdc-9300-b9ddb9d662c8:group-AF81D515D86E:LeaderElection76] INFO  server.RaftServerConfigKeys (ConfUtils.java:logGet(43)) - raft.server.watch.element-limit = 65536 (default)
2019-09-19 16:47:11,589 [90807a67-81c1-4bdc-9300-b9ddb9d662c8:group-878065D338A8:LeaderElection77] INFO  server.RaftServerConfigKeys (ConfUtils.java:logGet(43)) - raft.server.watch.element-limit = 65536 (default)
2019-09-19 16:47:11,589 [90807a67-81c1-4bdc-9300-b9ddb9d662c8:group-AF81D515D86E:LeaderElection76] INFO  impl.RoleInfo (RoleInfo.java:updateAndGet(143)) - 90807a67-81c1-4bdc-9300-b9ddb9d662c8: start LeaderState
2019-09-19 16:47:11,589 [90807a67-81c1-4bdc-9300-b9ddb9d662c8:group-878065D338A8:LeaderElection77] INFO  impl.RoleInfo (RoleInfo.java:updateAndGet(143)) - 90807a67-81c1-4bdc-9300-b9ddb9d662c8: start LeaderState
2019-09-19 16:47:11,589 [90807a67-81c1-4bdc-9300-b9ddb9d662c8:group-AF81D515D86E:LeaderElection76] INFO  segmented.SegmentedRaftLogWorker (SegmentedRaftLogWorker.java:startLogSegment(380)) - 90807a67-81c1-4bdc-9300-b9ddb9d662c8-SegmentedRaftLogWorker:Storage Directory /workdir/hadoop-ozone/ozonefs/target/test-dir/MiniOzoneClusterImpl-fcaa30ee-2967-4065-be48-824e4576b1bf/datanode-1/data/ratis/71cacc58-da63-435b-87c9-af81d515d86e: Starting segment from index:0
2019-09-19 16:47:11,590 [90807a67-81c1-4bdc-9300-b9ddb9d662c8:group-878065D338A8:LeaderElection77] INFO  segmented.SegmentedRaftLogWorker (SegmentedRaftLogWorker.java:startLogSegment(380)) - 90807a67-81c1-4bdc-9300-b9ddb9d662c8-SegmentedRaftLogWorker:Storage Directory /workdir/hadoop-ozone/ozonefs/target/test-dir/MiniOzoneClusterImpl-fcaa30ee-2967-4065-be48-824e4576b1bf/datanode-1/data/ratis/41fb6e9a-99ab-44d2-a22e-878065d338a8: Starting segment from index:0
2019-09-19 16:47:11,590 [90807a67-81c1-4bdc-9300-b9ddb9d662c8:group-AF81D515D86E:LeaderElection76] INFO  impl.RaftServerImpl (ServerState.java:setRaftConf(361)) - 90807a67-81c1-4bdc-9300-b9ddb9d662c8:group-AF81D515D86E set configuration 0: [90807a67-81c1-4bdc-9300-b9ddb9d662c8:192.168.157.226:46825], old=null at 0
2019-09-19 16:47:11,590 [90807a67-81c1-4bdc-9300-b9ddb9d662c8:group-878065D338A8:LeaderElection77] INFO  impl.RaftServerImpl (ServerState.java:setRaftConf(361)) - 90807a67-81c1-4bdc-9300-b9ddb9d662c8:group-878065D338A8 set configuration 0: [90807a67-81c1-4bdc-9300-b9ddb9d662c8:192.168.157.226:46825], old=null at 0
2019-09-19 16:47:11,640 [90807a67-81c1-4bdc-9300-b9ddb9d662c8-SegmentedRaftLogWorker:Storage Directory /workdir/hadoop-ozone/ozonefs/target/test-dir/MiniOzoneClusterImpl-fcaa30ee-2967-4065-be48-824e4576b1bf/datanode-1/data/ratis/71cacc58-da63-435b-87c9-af81d515d86e] INFO  segmented.SegmentedRaftLogWorker (SegmentedRaftLogWorker.java:execute(569)) - 90807a67-81c1-4bdc-9300-b9ddb9d662c8-SegmentedRaftLogWorker:Storage Directory /workdir/hadoop-ozone/ozonefs/target/test-dir/MiniOzoneClusterImpl-fcaa30ee-2967-4065-be48-824e4576b1bf/datanode-1/data/ratis/71cacc58-da63-435b-87c9-af81d515d86e: created new log segment /workdir/hadoop-ozone/ozonefs/target/test-dir/MiniOzoneClusterImpl-fcaa30ee-2967-4065-be48-824e4576b1bf/datanode-1/data/ratis/71cacc58-da63-435b-87c9-af81d515d86e/current/log_inprogress_0
2019-09-19 16:47:11,640 [90807a67-81c1-4bdc-9300-b9ddb9d662c8-SegmentedRaftLogWorker:Storage Directory /workdir/hadoop-ozone/ozonefs/target/test-dir/MiniOzoneClusterImpl-fcaa30ee-2967-4065-be48-824e4576b1bf/datanode-1/data/ratis/41fb6e9a-99ab-44d2-a22e-878065d338a8] INFO  segmented.SegmentedRaftLogWorker (SegmentedRaftLogWorker.java:execute(569)) - 90807a67-81c1-4bdc-9300-b9ddb9d662c8-SegmentedRaftLogWorker:Storage Directory /workdir/hadoop-ozone/ozonefs/target/test-dir/MiniOzoneClusterImpl-fcaa30ee-2967-4065-be48-824e4576b1bf/datanode-1/data/ratis/41fb6e9a-99ab-44d2-a22e-878065d338a8: created new log segment /workdir/hadoop-ozone/ozonefs/target/test-dir/MiniOzoneClusterImpl-fcaa30ee-2967-4065-be48-824e4576b1bf/datanode-1/data/ratis/41fb6e9a-99ab-44d2-a22e-878065d338a8/current/log_inprogress_0
2019-09-19 16:47:11,662 [Thread-1266] INFO  impl.FollowerState (FollowerState.java:run(106)) - 90807a67-81c1-4bdc-9300-b9ddb9d662c8:group-DEF91B1EE60D changes to CANDIDATE, lastRpcTime:5148, electionTimeout:5148ms
2019-09-19 16:47:11,662 [Thread-1266] INFO  impl.RoleInfo (RoleInfo.java:shutdownFollowerState(121)) - 90807a67-81c1-4bdc-9300-b9ddb9d662c8: shutdown FollowerState
2019-09-19 16:47:11,662 [Thread-1266] INFO  impl.RaftServerImpl (RaftServerImpl.java:setRole(171)) - 90807a67-81c1-4bdc-9300-b9ddb9d662c8:group-DEF91B1EE60D changes role from FOLLOWER to CANDIDATE at term 0 for changeToCandidate
2019-09-19 16:47:11,663 [Thread-1266] INFO  impl.RoleInfo (RoleInfo.java:updateAndGet(143)) - 90807a67-81c1-4bdc-9300-b9ddb9d662c8: start LeaderElection
2019-09-19 16:47:11,668 [Thread-1269] INFO  impl.FollowerState (FollowerState.java:run(106)) - 90807a67-81c1-4bdc-9300-b9ddb9d662c8:group-C2D5FDED4DBE changes to CANDIDATE, lastRpcTime:5114, electionTimeout:5114ms
2019-09-19 16:47:11,668 [Thread-1269] INFO  impl.RoleInfo (RoleInfo.java:shutdownFollowerState(121)) - 90807a67-81c1-4bdc-9300-b9ddb9d662c8: shutdown FollowerState
2019-09-19 16:47:11,668 [Thread-1269] INFO  impl.RaftServerImpl (RaftServerImpl.java:setRole(171)) - 90807a67-81c1-4bdc-9300-b9ddb9d662c8:group-C2D5FDED4DBE changes role from FOLLOWER to CANDIDATE at term 0 for changeToCandidate
2019-09-19 16:47:11,669 [Thread-1269] INFO  impl.RoleInfo (RoleInfo.java:updateAndGet(143)) - 90807a67-81c1-4bdc-9300-b9ddb9d662c8: start LeaderElection
2019-09-19 16:47:11,675 [Thread-1278] INFO  impl.FollowerState (FollowerState.java:run(106)) - 26a699e2-9f6c-4368-8bb8-6bca25baed85:group-93C6970D86FC changes to CANDIDATE, lastRpcTime:5025, electionTimeout:5025ms
2019-09-19 16:47:11,675 [Thread-1278] INFO  impl.RoleInfo (RoleInfo.java:shutdownFollowerState(121)) - 26a699e2-9f6c-4368-8bb8-6bca25baed85: shutdown FollowerState
2019-09-19 16:47:11,675 [Thread-1278] INFO  impl.RaftServerImpl (RaftServerImpl.java:setRole(171)) - 26a699e2-9f6c-4368-8bb8-6bca25baed85:group-93C6970D86FC changes role from FOLLOWER to CANDIDATE at term 0 for changeToCandidate
2019-09-19 16:47:11,675 [Thread-1278] INFO  impl.RoleInfo (RoleInfo.java:updateAndGet(143)) - 26a699e2-9f6c-4368-8bb8-6bca25baed85: start LeaderElection
2019-09-19 16:47:11,677 [90807a67-81c1-4bdc-9300-b9ddb9d662c8:group-DEF91B1EE60D:LeaderElection78] INFO  impl.LeaderElection (LeaderElection.java:askForVotes(181)) - 90807a67-81c1-4bdc-9300-b9ddb9d662c8:group-DEF91B1EE60D:LeaderElection78: begin an election at term 1 for -1: [90807a67-81c1-4bdc-9300-b9ddb9d662c8:192.168.157.226:46825], old=null
2019-09-19 16:47:11,677 [90807a67-81c1-4bdc-9300-b9ddb9d662c8:group-C2D5FDED4DBE:LeaderElection79] INFO  impl.LeaderElection (LeaderElection.java:askForVotes(181)) - 90807a67-81c1-4bdc-9300-b9ddb9d662c8:group-C2D5FDED4DBE:LeaderElection79: begin an election at term 1 for -1: [90807a67-81c1-4bdc-9300-b9ddb9d662c8:192.168.157.226:46825], old=null
2019-09-19 16:47:11,677 [90807a67-81c1-4bdc-9300-b9ddb9d662c8:group-DEF91B1EE60D:LeaderElection78] INFO  impl.RoleInfo (RoleInfo.java:shutdownLeaderElection(134)) - 90807a67-81c1-4bdc-9300-b9ddb9d662c8: shutdown LeaderElection
2019-09-19 16:47:11,678 [90807a67-81c1-4bdc-9300-b9ddb9d662c8:group-C2D5FDED4DBE:LeaderElection79] INFO  impl.RoleInfo (RoleInfo.java:shutdownLeaderElection(134)) - 90807a67-81c1-4bdc-9300-b9ddb9d662c8: shutdown LeaderElection
2019-09-19 16:47:11,678 [90807a67-81c1-4bdc-9300-b9ddb9d662c8:group-DEF91B1EE60D:LeaderElection78] INFO  impl.RaftServerImpl (RaftServerImpl.java:setRole(171)) - 90807a67-81c1-4bdc-9300-b9ddb9d662c8:group-DEF91B1EE60D changes role from CANDIDATE to LEADER at term 1 for changeToLeader
2019-09-19 16:47:11,678 [90807a67-81c1-4bdc-9300-b9ddb9d662c8:group-C2D5FDED4DBE:LeaderElection79] INFO  impl.RaftServerImpl (RaftServerImpl.java:setRole(171)) - 90807a67-81c1-4bdc-9300-b9ddb9d662c8:group-C2D5FDED4DBE changes role from CANDIDATE to LEADER at term 1 for changeToLeader
2019-09-19 16:47:11,678 [90807a67-81c1-4bdc-9300-b9ddb9d662c8:group-DEF91B1EE60D:LeaderElection78] INFO  impl.RaftServerImpl (ServerState.java:setLeader(263)) - 90807a67-81c1-4bdc-9300-b9ddb9d662c8:group-DEF91B1EE60D change Leader from null to 90807a67-81c1-4bdc-9300-b9ddb9d662c8 at term 1 for becomeLeader, leader elected after 5167ms
2019-09-19 16:47:11,678 [90807a67-81c1-4bdc-9300-b9ddb9d662c8:group-C2D5FDED4DBE:LeaderElection79] INFO  impl.RaftServerImpl (ServerState.java:setLeader(263)) - 90807a67-81c1-4bdc-9300-b9ddb9d662c8:group-C2D5FDED4DBE change Leader from null to 90807a67-81c1-4bdc-9300-b9ddb9d662c8 at term 1 for becomeLeader, leader elected after 5128ms
2019-09-19 16:47:11,678 [90807a67-81c1-4bdc-9300-b9ddb9d662c8:group-DEF91B1EE60D:LeaderElection78] INFO  server.RaftServerConfigKeys (ConfUtils.java:logGet(43)) - raft.server.staging.catchup.gap = 1000 (default)
2019-09-19 16:47:11,678 [90807a67-81c1-4bdc-9300-b9ddb9d662c8:group-C2D5FDED4DBE:LeaderElection79] INFO  server.RaftServerConfigKeys (ConfUtils.java:logGet(43)) - raft.server.staging.catchup.gap = 1000 (default)
2019-09-19 16:47:11,678 [90807a67-81c1-4bdc-9300-b9ddb9d662c8:group-DEF91B1EE60D:LeaderElection78] INFO  server.RaftServerConfigKeys (ConfUtils.java:logGet(43)) - raft.server.rpc.sleep.time = 25ms (default)
2019-09-19 16:47:11,679 [90807a67-81c1-4bdc-9300-b9ddb9d662c8:group-C2D5FDED4DBE:LeaderElection79] INFO  server.RaftServerConfigKeys (ConfUtils.java:logGet(43)) - raft.server.rpc.sleep.time = 25ms (default)
2019-09-19 16:47:11,679 [90807a67-81c1-4bdc-9300-b9ddb9d662c8:group-DEF91B1EE60D:LeaderElection78] INFO  server.RaftServerConfigKeys (ConfUtils.java:logGet(43)) - raft.server.write.element-limit = 4096 (default)
2019-09-19 16:47:11,679 [90807a67-81c1-4bdc-9300-b9ddb9d662c8:group-C2D5FDED4DBE:LeaderElection79] INFO  server.RaftServerConfigKeys (ConfUtils.java:logGet(43)) - raft.server.write.element-limit = 4096 (default)
2019-09-19 16:47:11,679 [90807a67-81c1-4bdc-9300-b9ddb9d662c8:group-DEF91B1EE60D:LeaderElection78] INFO  server.RaftServerConfigKeys (ConfUtils.java:logGet(43)) - raft.server.watch.timeout = 10s (default)
2019-09-19 16:47:11,679 [90807a67-81c1-4bdc-9300-b9ddb9d662c8:group-C2D5FDED4DBE:LeaderElection79] INFO  server.RaftServerConfigKeys (ConfUtils.java:logGet(43)) - raft.server.watch.timeout = 10s (default)
2019-09-19 16:47:11,679 [90807a67-81c1-4bdc-9300-b9ddb9d662c8:group-DEF91B1EE60D:LeaderElection78] INFO  server.RaftServerConfigKeys (ConfUtils.java:logGet(43)) - raft.server.watch.timeout.denomination = 1s (default)
2019-09-19 16:47:11,679 [90807a67-81c1-4bdc-9300-b9ddb9d662c8:group-C2D5FDED4DBE:LeaderElection79] INFO  server.RaftServerConfigKeys (ConfUtils.java:logGet(43)) - raft.server.watch.timeout.denomination = 1s (default)
2019-09-19 16:47:11,680 [90807a67-81c1-4bdc-9300-b9ddb9d662c8:group-DEF91B1EE60D:LeaderElection78] INFO  server.RaftServerConfigKeys (ConfUtils.java:logGet(43)) - raft.server.watch.element-limit = 65536 (default)
2019-09-19 16:47:11,680 [90807a67-81c1-4bdc-9300-b9ddb9d662c8:group-C2D5FDED4DBE:LeaderElection79] INFO  server.RaftServerConfigKeys (ConfUtils.java:logGet(43)) - raft.server.watch.element-limit = 65536 (default)
2019-09-19 16:47:11,680 [26a699e2-9f6c-4368-8bb8-6bca25baed85:group-93C6970D86FC:LeaderElection80] INFO  impl.LeaderElection (LeaderElection.java:askForVotes(181)) - 26a699e2-9f6c-4368-8bb8-6bca25baed85:group-93C6970D86FC:LeaderElection80: begin an election at term 1 for -1: [26a699e2-9f6c-4368-8bb8-6bca25baed85:192.168.157.226:42864], old=null
2019-09-19 16:47:11,680 [90807a67-81c1-4bdc-9300-b9ddb9d662c8:group-C2D5FDED4DBE:LeaderElection79] INFO  impl.RoleInfo (RoleInfo.java:updateAndGet(143)) - 90807a67-81c1-4bdc-9300-b9ddb9d662c8: start LeaderState
2019-09-19 16:47:11,680 [90807a67-81c1-4bdc-9300-b9ddb9d662c8:group-DEF91B1EE60D:LeaderElection78] INFO  impl.RoleInfo (RoleInfo.java:updateAndGet(143)) - 90807a67-81c1-4bdc-9300-b9ddb9d662c8: start LeaderState
2019-09-19 16:47:11,680 [26a699e2-9f6c-4368-8bb8-6bca25baed85:group-93C6970D86FC:LeaderElection80] INFO  impl.RoleInfo (RoleInfo.java:shutdownLeaderElection(134)) - 26a699e2-9f6c-4368-8bb8-6bca25baed85: shutdown LeaderElection
2019-09-19 16:47:11,680 [90807a67-81c1-4bdc-9300-b9ddb9d662c8:group-C2D5FDED4DBE:LeaderElection79] INFO  segmented.SegmentedRaftLogWorker (SegmentedRaftLogWorker.java:startLogSegment(380)) - 90807a67-81c1-4bdc-9300-b9ddb9d662c8-SegmentedRaftLogWorker:Storage Directory /workdir/hadoop-ozone/ozonefs/target/test-dir/MiniOzoneClusterImpl-fcaa30ee-2967-4065-be48-824e4576b1bf/datanode-1/data/ratis/4d34fa9e-1351-456b-b941-c2d5fded4dbe: Starting segment from index:0
2019-09-19 16:47:11,680 [26a699e2-9f6c-4368-8bb8-6bca25baed85:group-93C6970D86FC:LeaderElection80] INFO  impl.RaftServerImpl (RaftServerImpl.java:setRole(171)) - 26a699e2-9f6c-4368-8bb8-6bca25baed85:group-93C6970D86FC changes role from CANDIDATE to LEADER at term 1 for changeToLeader
2019-09-19 16:47:11,680 [90807a67-81c1-4bdc-9300-b9ddb9d662c8:group-DEF91B1EE60D:LeaderElection78] INFO  segmented.SegmentedRaftLogWorker (SegmentedRaftLogWorker.java:startLogSegment(380)) - 90807a67-81c1-4bdc-9300-b9ddb9d662c8-SegmentedRaftLogWorker:Storage Directory /workdir/hadoop-ozone/ozonefs/target/test-dir/MiniOzoneClusterImpl-fcaa30ee-2967-4065-be48-824e4576b1bf/datanode-1/data/ratis/a8361a5f-89a4-4b80-8d89-def91b1ee60d: Starting segment from index:0
2019-09-19 16:47:11,681 [26a699e2-9f6c-4368-8bb8-6bca25baed85:group-93C6970D86FC:LeaderElection80] INFO  impl.RaftServerImpl (ServerState.java:setLeader(263)) - 26a699e2-9f6c-4368-8bb8-6bca25baed85:group-93C6970D86FC change Leader from null to 26a699e2-9f6c-4368-8bb8-6bca25baed85 at term 1 for becomeLeader, leader elected after 5035ms
2019-09-19 16:47:11,681 [90807a67-81c1-4bdc-9300-b9ddb9d662c8:group-C2D5FDED4DBE:LeaderElection79] INFO  impl.RaftServerImpl (ServerState.java:setRaftConf(361)) - 90807a67-81c1-4bdc-9300-b9ddb9d662c8:group-C2D5FDED4DBE set configuration 0: [90807a67-81c1-4bdc-9300-b9ddb9d662c8:192.168.157.226:46825], old=null at 0
2019-09-19 16:47:11,681 [26a699e2-9f6c-4368-8bb8-6bca25baed85:group-93C6970D86FC:LeaderElection80] INFO  server.RaftServerConfigKeys (ConfUtils.java:logGet(43)) - raft.server.staging.catchup.gap = 1000 (default)
2019-09-19 16:47:11,682 [90807a67-81c1-4bdc-9300-b9ddb9d662c8:group-DEF91B1EE60D:LeaderElection78] INFO  impl.RaftServerImpl (ServerState.java:setRaftConf(361)) - 90807a67-81c1-4bdc-9300-b9ddb9d662c8:group-DEF91B1EE60D set configuration 0: [90807a67-81c1-4bdc-9300-b9ddb9d662c8:192.168.157.226:46825], old=null at 0
2019-09-19 16:47:11,682 [26a699e2-9f6c-4368-8bb8-6bca25baed85:group-93C6970D86FC:LeaderElection80] INFO  server.RaftServerConfigKeys (ConfUtils.java:logGet(43)) - raft.server.rpc.sleep.time = 25ms (default)
2019-09-19 16:47:11,682 [26a699e2-9f6c-4368-8bb8-6bca25baed85:group-93C6970D86FC:LeaderElection80] INFO  server.RaftServerConfigKeys (ConfUtils.java:logGet(43)) - raft.server.write.element-limit = 4096 (default)
2019-09-19 16:47:11,682 [26a699e2-9f6c-4368-8bb8-6bca25baed85:group-93C6970D86FC:LeaderElection80] INFO  server.RaftServerConfigKeys (ConfUtils.java:logGet(43)) - raft.server.watch.timeout = 10s (default)
2019-09-19 16:47:11,682 [26a699e2-9f6c-4368-8bb8-6bca25baed85:group-93C6970D86FC:LeaderElection80] INFO  server.RaftServerConfigKeys (ConfUtils.java:logGet(43)) - raft.server.watch.timeout.denomination = 1s (default)
2019-09-19 16:47:11,682 [26a699e2-9f6c-4368-8bb8-6bca25baed85:group-93C6970D86FC:LeaderElection80] INFO  server.RaftServerConfigKeys (ConfUtils.java:logGet(43)) - raft.server.watch.element-limit = 65536 (default)
2019-09-19 16:47:11,683 [26a699e2-9f6c-4368-8bb8-6bca25baed85:group-93C6970D86FC:LeaderElection80] INFO  impl.RoleInfo (RoleInfo.java:updateAndGet(143)) - 26a699e2-9f6c-4368-8bb8-6bca25baed85: start LeaderState
2019-09-19 16:47:11,683 [26a699e2-9f6c-4368-8bb8-6bca25baed85:group-93C6970D86FC:LeaderElection80] INFO  segmented.SegmentedRaftLogWorker (SegmentedRaftLogWorker.java:startLogSegment(380)) - 26a699e2-9f6c-4368-8bb8-6bca25baed85-SegmentedRaftLogWorker:Storage Directory /workdir/hadoop-ozone/ozonefs/target/test-dir/MiniOzoneClusterImpl-fcaa30ee-2967-4065-be48-824e4576b1bf/datanode-2/data/ratis/84d529d4-cb58-4e76-b926-93c6970d86fc: Starting segment from index:0
2019-09-19 16:47:11,683 [26a699e2-9f6c-4368-8bb8-6bca25baed85:group-93C6970D86FC:LeaderElection80] INFO  impl.RaftServerImpl (ServerState.java:setRaftConf(361)) - 26a699e2-9f6c-4368-8bb8-6bca25baed85:group-93C6970D86FC set configuration 0: [26a699e2-9f6c-4368-8bb8-6bca25baed85:192.168.157.226:42864], old=null at 0
2019-09-19 16:47:11,689 [Thread-1275] INFO  impl.FollowerState (FollowerState.java:run(106)) - 26a699e2-9f6c-4368-8bb8-6bca25baed85:group-32575B7A9555 changes to CANDIDATE, lastRpcTime:5086, electionTimeout:5086ms
2019-09-19 16:47:11,689 [Thread-1275] INFO  impl.RoleInfo (RoleInfo.java:shutdownFollowerState(121)) - 26a699e2-9f6c-4368-8bb8-6bca25baed85: shutdown FollowerState
2019-09-19 16:47:11,689 [Thread-1275] INFO  impl.RaftServerImpl (RaftServerImpl.java:setRole(171)) - 26a699e2-9f6c-4368-8bb8-6bca25baed85:group-32575B7A9555 changes role from FOLLOWER to CANDIDATE at term 0 for changeToCandidate
2019-09-19 16:47:11,689 [Thread-1275] INFO  impl.RoleInfo (RoleInfo.java:updateAndGet(143)) - 26a699e2-9f6c-4368-8bb8-6bca25baed85: start LeaderElection
2019-09-19 16:47:11,703 [26a699e2-9f6c-4368-8bb8-6bca25baed85:group-32575B7A9555:LeaderElection81] INFO  impl.LeaderElection (LeaderElection.java:askForVotes(181)) - 26a699e2-9f6c-4368-8bb8-6bca25baed85:group-32575B7A9555:LeaderElection81: begin an election at term 1 for -1: [26a699e2-9f6c-4368-8bb8-6bca25baed85:192.168.157.226:42864], old=null
2019-09-19 16:47:11,703 [26a699e2-9f6c-4368-8bb8-6bca25baed85:group-32575B7A9555:LeaderElection81] INFO  impl.RoleInfo (RoleInfo.java:shutdownLeaderElection(134)) - 26a699e2-9f6c-4368-8bb8-6bca25baed85: shutdown LeaderElection
2019-09-19 16:47:11,703 [26a699e2-9f6c-4368-8bb8-6bca25baed85:group-32575B7A9555:LeaderElection81] INFO  impl.RaftServerImpl (RaftServerImpl.java:setRole(171)) - 26a699e2-9f6c-4368-8bb8-6bca25baed85:group-32575B7A9555 changes role from CANDIDATE to LEADER at term 1 for changeToLeader
2019-09-19 16:47:11,703 [26a699e2-9f6c-4368-8bb8-6bca25baed85:group-32575B7A9555:LeaderElection81] INFO  impl.RaftServerImpl (ServerState.java:setLeader(263)) - 26a699e2-9f6c-4368-8bb8-6bca25baed85:group-32575B7A9555 change Leader from null to 26a699e2-9f6c-4368-8bb8-6bca25baed85 at term 1 for becomeLeader, leader elected after 5104ms
2019-09-19 16:47:11,703 [26a699e2-9f6c-4368-8bb8-6bca25baed85:group-32575B7A9555:LeaderElection81] INFO  server.RaftServerConfigKeys (ConfUtils.java:logGet(43)) - raft.server.staging.catchup.gap = 1000 (default)
2019-09-19 16:47:11,704 [26a699e2-9f6c-4368-8bb8-6bca25baed85:group-32575B7A9555:LeaderElection81] INFO  server.RaftServerConfigKeys (ConfUtils.java:logGet(43)) - raft.server.rpc.sleep.time = 25ms (default)
2019-09-19 16:47:11,704 [26a699e2-9f6c-4368-8bb8-6bca25baed85:group-32575B7A9555:LeaderElection81] INFO  server.RaftServerConfigKeys (ConfUtils.java:logGet(43)) - raft.server.write.element-limit = 4096 (default)
2019-09-19 16:47:11,704 [26a699e2-9f6c-4368-8bb8-6bca25baed85:group-32575B7A9555:LeaderElection81] INFO  server.RaftServerConfigKeys (ConfUtils.java:logGet(43)) - raft.server.watch.timeout = 10s (default)
2019-09-19 16:47:11,704 [26a699e2-9f6c-4368-8bb8-6bca25baed85:group-32575B7A9555:LeaderElection81] INFO  server.RaftServerConfigKeys (ConfUtils.java:logGet(43)) - raft.server.watch.timeout.denomination = 1s (default)
2019-09-19 16:47:11,704 [26a699e2-9f6c-4368-8bb8-6bca25baed85:group-32575B7A9555:LeaderElection81] INFO  server.RaftServerConfigKeys (ConfUtils.java:logGet(43)) - raft.server.watch.element-limit = 65536 (default)
2019-09-19 16:47:11,705 [26a699e2-9f6c-4368-8bb8-6bca25baed85:group-32575B7A9555:LeaderElection81] INFO  impl.RoleInfo (RoleInfo.java:updateAndGet(143)) - 26a699e2-9f6c-4368-8bb8-6bca25baed85: start LeaderState
2019-09-19 16:47:11,705 [26a699e2-9f6c-4368-8bb8-6bca25baed85:group-32575B7A9555:LeaderElection81] INFO  segmented.SegmentedRaftLogWorker (SegmentedRaftLogWorker.java:startLogSegment(380)) - 26a699e2-9f6c-4368-8bb8-6bca25baed85-SegmentedRaftLogWorker:Storage Directory /workdir/hadoop-ozone/ozonefs/target/test-dir/MiniOzoneClusterImpl-fcaa30ee-2967-4065-be48-824e4576b1bf/datanode-2/data/ratis/5af2a0b0-d4ca-4ef8-9b3a-32575b7a9555: Starting segment from index:0
2019-09-19 16:47:11,706 [26a699e2-9f6c-4368-8bb8-6bca25baed85:group-32575B7A9555:LeaderElection81] INFO  impl.RaftServerImpl (ServerState.java:setRaftConf(361)) - 26a699e2-9f6c-4368-8bb8-6bca25baed85:group-32575B7A9555 set configuration 0: [26a699e2-9f6c-4368-8bb8-6bca25baed85:192.168.157.226:42864], old=null at 0
2019-09-19 16:47:11,725 [Thread-1272] INFO  impl.FollowerState (FollowerState.java:run(106)) - 26a699e2-9f6c-4368-8bb8-6bca25baed85:group-B0786EF4FB8C changes to CANDIDATE, lastRpcTime:5145, electionTimeout:5145ms
2019-09-19 16:47:11,725 [Thread-1272] INFO  impl.RoleInfo (RoleInfo.java:shutdownFollowerState(121)) - 26a699e2-9f6c-4368-8bb8-6bca25baed85: shutdown FollowerState
2019-09-19 16:47:11,725 [Thread-1272] INFO  impl.RaftServerImpl (RaftServerImpl.java:setRole(171)) - 26a699e2-9f6c-4368-8bb8-6bca25baed85:group-B0786EF4FB8C changes role from FOLLOWER to CANDIDATE at term 0 for changeToCandidate
2019-09-19 16:47:11,725 [Thread-1272] INFO  impl.RoleInfo (RoleInfo.java:updateAndGet(143)) - 26a699e2-9f6c-4368-8bb8-6bca25baed85: start LeaderElection
2019-09-19 16:47:11,735 [90807a67-81c1-4bdc-9300-b9ddb9d662c8-SegmentedRaftLogWorker:Storage Directory /workdir/hadoop-ozone/ozonefs/target/test-dir/MiniOzoneClusterImpl-fcaa30ee-2967-4065-be48-824e4576b1bf/datanode-1/data/ratis/4d34fa9e-1351-456b-b941-c2d5fded4dbe] INFO  segmented.SegmentedRaftLogWorker (SegmentedRaftLogWorker.java:execute(569)) - 90807a67-81c1-4bdc-9300-b9ddb9d662c8-SegmentedRaftLogWorker:Storage Directory /workdir/hadoop-ozone/ozonefs/target/test-dir/MiniOzoneClusterImpl-fcaa30ee-2967-4065-be48-824e4576b1bf/datanode-1/data/ratis/4d34fa9e-1351-456b-b941-c2d5fded4dbe: created new log segment /workdir/hadoop-ozone/ozonefs/target/test-dir/MiniOzoneClusterImpl-fcaa30ee-2967-4065-be48-824e4576b1bf/datanode-1/data/ratis/4d34fa9e-1351-456b-b941-c2d5fded4dbe/current/log_inprogress_0
2019-09-19 16:47:11,735 [26a699e2-9f6c-4368-8bb8-6bca25baed85:group-B0786EF4FB8C:LeaderElection82] INFO  impl.LeaderElection (LeaderElection.java:askForVotes(181)) - 26a699e2-9f6c-4368-8bb8-6bca25baed85:group-B0786EF4FB8C:LeaderElection82: begin an election at term 1 for -1: [26a699e2-9f6c-4368-8bb8-6bca25baed85:192.168.157.226:42864], old=null
2019-09-19 16:47:11,735 [26a699e2-9f6c-4368-8bb8-6bca25baed85-SegmentedRaftLogWorker:Storage Directory /workdir/hadoop-ozone/ozonefs/target/test-dir/MiniOzoneClusterImpl-fcaa30ee-2967-4065-be48-824e4576b1bf/datanode-2/data/ratis/84d529d4-cb58-4e76-b926-93c6970d86fc] INFO  segmented.SegmentedRaftLogWorker (SegmentedRaftLogWorker.java:execute(569)) - 26a699e2-9f6c-4368-8bb8-6bca25baed85-SegmentedRaftLogWorker:Storage Directory /workdir/hadoop-ozone/ozonefs/target/test-dir/MiniOzoneClusterImpl-fcaa30ee-2967-4065-be48-824e4576b1bf/datanode-2/data/ratis/84d529d4-cb58-4e76-b926-93c6970d86fc: created new log segment /workdir/hadoop-ozone/ozonefs/target/test-dir/MiniOzoneClusterImpl-fcaa30ee-2967-4065-be48-824e4576b1bf/datanode-2/data/ratis/84d529d4-cb58-4e76-b926-93c6970d86fc/current/log_inprogress_0
2019-09-19 16:47:11,735 [90807a67-81c1-4bdc-9300-b9ddb9d662c8-SegmentedRaftLogWorker:Storage Directory /workdir/hadoop-ozone/ozonefs/target/test-dir/MiniOzoneClusterImpl-fcaa30ee-2967-4065-be48-824e4576b1bf/datanode-1/data/ratis/a8361a5f-89a4-4b80-8d89-def91b1ee60d] INFO  segmented.SegmentedRaftLogWorker (SegmentedRaftLogWorker.java:execute(569)) - 90807a67-81c1-4bdc-9300-b9ddb9d662c8-SegmentedRaftLogWorker:Storage Directory /workdir/hadoop-ozone/ozonefs/target/test-dir/MiniOzoneClusterImpl-fcaa30ee-2967-4065-be48-824e4576b1bf/datanode-1/data/ratis/a8361a5f-89a4-4b80-8d89-def91b1ee60d: created new log segment /workdir/hadoop-ozone/ozonefs/target/test-dir/MiniOzoneClusterImpl-fcaa30ee-2967-4065-be48-824e4576b1bf/datanode-1/data/ratis/a8361a5f-89a4-4b80-8d89-def91b1ee60d/current/log_inprogress_0
2019-09-19 16:47:11,736 [26a699e2-9f6c-4368-8bb8-6bca25baed85:group-B0786EF4FB8C:LeaderElection82] INFO  impl.RoleInfo (RoleInfo.java:shutdownLeaderElection(134)) - 26a699e2-9f6c-4368-8bb8-6bca25baed85: shutdown LeaderElection
2019-09-19 16:47:11,736 [26a699e2-9f6c-4368-8bb8-6bca25baed85:group-B0786EF4FB8C:LeaderElection82] INFO  impl.RaftServerImpl (RaftServerImpl.java:setRole(171)) - 26a699e2-9f6c-4368-8bb8-6bca25baed85:group-B0786EF4FB8C changes role from CANDIDATE to LEADER at term 1 for changeToLeader
2019-09-19 16:47:11,736 [26a699e2-9f6c-4368-8bb8-6bca25baed85:group-B0786EF4FB8C:LeaderElection82] INFO  impl.RaftServerImpl (ServerState.java:setLeader(263)) - 26a699e2-9f6c-4368-8bb8-6bca25baed85:group-B0786EF4FB8C change Leader from null to 26a699e2-9f6c-4368-8bb8-6bca25baed85 at term 1 for becomeLeader, leader elected after 5160ms
2019-09-19 16:47:11,736 [26a699e2-9f6c-4368-8bb8-6bca25baed85:group-B0786EF4FB8C:LeaderElection82] INFO  server.RaftServerConfigKeys (ConfUtils.java:logGet(43)) - raft.server.staging.catchup.gap = 1000 (default)
2019-09-19 16:47:11,736 [26a699e2-9f6c-4368-8bb8-6bca25baed85:group-B0786EF4FB8C:LeaderElection82] INFO  server.RaftServerConfigKeys (ConfUtils.java:logGet(43)) - raft.server.rpc.sleep.time = 25ms (default)
2019-09-19 16:47:11,737 [26a699e2-9f6c-4368-8bb8-6bca25baed85:group-B0786EF4FB8C:LeaderElection82] INFO  server.RaftServerConfigKeys (ConfUtils.java:logGet(43)) - raft.server.write.element-limit = 4096 (default)
2019-09-19 16:47:11,737 [26a699e2-9f6c-4368-8bb8-6bca25baed85:group-B0786EF4FB8C:LeaderElection82] INFO  server.RaftServerConfigKeys (ConfUtils.java:logGet(43)) - raft.server.watch.timeout = 10s (default)
2019-09-19 16:47:11,737 [26a699e2-9f6c-4368-8bb8-6bca25baed85:group-B0786EF4FB8C:LeaderElection82] INFO  server.RaftServerConfigKeys (ConfUtils.java:logGet(43)) - raft.server.watch.timeout.denomination = 1s (default)
2019-09-19 16:47:11,737 [26a699e2-9f6c-4368-8bb8-6bca25baed85:group-B0786EF4FB8C:LeaderElection82] INFO  server.RaftServerConfigKeys (ConfUtils.java:logGet(43)) - raft.server.watch.element-limit = 65536 (default)
2019-09-19 16:47:11,737 [26a699e2-9f6c-4368-8bb8-6bca25baed85:group-B0786EF4FB8C:LeaderElection82] INFO  impl.RoleInfo (RoleInfo.java:updateAndGet(143)) - 26a699e2-9f6c-4368-8bb8-6bca25baed85: start LeaderState
2019-09-19 16:47:11,738 [26a699e2-9f6c-4368-8bb8-6bca25baed85:group-B0786EF4FB8C:LeaderElection82] INFO  segmented.SegmentedRaftLogWorker (SegmentedRaftLogWorker.java:startLogSegment(380)) - 26a699e2-9f6c-4368-8bb8-6bca25baed85-SegmentedRaftLogWorker:Storage Directory /workdir/hadoop-ozone/ozonefs/target/test-dir/MiniOzoneClusterImpl-fcaa30ee-2967-4065-be48-824e4576b1bf/datanode-2/data/ratis/c84e701f-7bbf-47da-b495-b0786ef4fb8c: Starting segment from index:0
2019-09-19 16:47:11,738 [26a699e2-9f6c-4368-8bb8-6bca25baed85:group-B0786EF4FB8C:LeaderElection82] INFO  impl.RaftServerImpl (ServerState.java:setRaftConf(361)) - 26a699e2-9f6c-4368-8bb8-6bca25baed85:group-B0786EF4FB8C set configuration 0: [26a699e2-9f6c-4368-8bb8-6bca25baed85:192.168.157.226:42864], old=null at 0
2019-09-19 16:47:11,749 [26a699e2-9f6c-4368-8bb8-6bca25baed85-SegmentedRaftLogWorker:Storage Directory /workdir/hadoop-ozone/ozonefs/target/test-dir/MiniOzoneClusterImpl-fcaa30ee-2967-4065-be48-824e4576b1bf/datanode-2/data/ratis/5af2a0b0-d4ca-4ef8-9b3a-32575b7a9555] INFO  segmented.SegmentedRaftLogWorker (SegmentedRaftLogWorker.java:execute(569)) - 26a699e2-9f6c-4368-8bb8-6bca25baed85-SegmentedRaftLogWorker:Storage Directory /workdir/hadoop-ozone/ozonefs/target/test-dir/MiniOzoneClusterImpl-fcaa30ee-2967-4065-be48-824e4576b1bf/datanode-2/data/ratis/5af2a0b0-d4ca-4ef8-9b3a-32575b7a9555: created new log segment /workdir/hadoop-ozone/ozonefs/target/test-dir/MiniOzoneClusterImpl-fcaa30ee-2967-4065-be48-824e4576b1bf/datanode-2/data/ratis/5af2a0b0-d4ca-4ef8-9b3a-32575b7a9555/current/log_inprogress_0
2019-09-19 16:47:11,782 [26a699e2-9f6c-4368-8bb8-6bca25baed85-SegmentedRaftLogWorker:Storage Directory /workdir/hadoop-ozone/ozonefs/target/test-dir/MiniOzoneClusterImpl-fcaa30ee-2967-4065-be48-824e4576b1bf/datanode-2/data/ratis/c84e701f-7bbf-47da-b495-b0786ef4fb8c] INFO  segmented.SegmentedRaftLogWorker (SegmentedRaftLogWorker.java:execute(569)) - 26a699e2-9f6c-4368-8bb8-6bca25baed85-SegmentedRaftLogWorker:Storage Directory /workdir/hadoop-ozone/ozonefs/target/test-dir/MiniOzoneClusterImpl-fcaa30ee-2967-4065-be48-824e4576b1bf/datanode-2/data/ratis/c84e701f-7bbf-47da-b495-b0786ef4fb8c: created new log segment /workdir/hadoop-ozone/ozonefs/target/test-dir/MiniOzoneClusterImpl-fcaa30ee-2967-4065-be48-824e4576b1bf/datanode-2/data/ratis/c84e701f-7bbf-47da-b495-b0786ef4fb8c/current/log_inprogress_0
2019-09-19 16:47:11,787 [Thread-1281] INFO  impl.FollowerState (FollowerState.java:run(106)) - 26a699e2-9f6c-4368-8bb8-6bca25baed85:group-10E7AFE7E343 changes to CANDIDATE, lastRpcTime:5084, electionTimeout:5084ms
2019-09-19 16:47:11,787 [Thread-1281] INFO  impl.RoleInfo (RoleInfo.java:shutdownFollowerState(121)) - 26a699e2-9f6c-4368-8bb8-6bca25baed85: shutdown FollowerState
2019-09-19 16:47:11,787 [Thread-1281] INFO  impl.RaftServerImpl (RaftServerImpl.java:setRole(171)) - 26a699e2-9f6c-4368-8bb8-6bca25baed85:group-10E7AFE7E343 changes role from FOLLOWER to CANDIDATE at term 0 for changeToCandidate
2019-09-19 16:47:11,788 [Thread-1281] INFO  impl.RoleInfo (RoleInfo.java:updateAndGet(143)) - 26a699e2-9f6c-4368-8bb8-6bca25baed85: start LeaderElection
2019-09-19 16:47:11,801 [26a699e2-9f6c-4368-8bb8-6bca25baed85:group-10E7AFE7E343:LeaderElection83] INFO  impl.LeaderElection (LeaderElection.java:askForVotes(181)) - 26a699e2-9f6c-4368-8bb8-6bca25baed85:group-10E7AFE7E343:LeaderElection83: begin an election at term 1 for -1: [26a699e2-9f6c-4368-8bb8-6bca25baed85:192.168.157.226:42864], old=null
2019-09-19 16:47:11,801 [26a699e2-9f6c-4368-8bb8-6bca25baed85:group-10E7AFE7E343:LeaderElection83] INFO  impl.RoleInfo (RoleInfo.java:shutdownLeaderElection(134)) - 26a699e2-9f6c-4368-8bb8-6bca25baed85: shutdown LeaderElection
2019-09-19 16:47:11,801 [26a699e2-9f6c-4368-8bb8-6bca25baed85:group-10E7AFE7E343:LeaderElection83] INFO  impl.RaftServerImpl (RaftServerImpl.java:setRole(171)) - 26a699e2-9f6c-4368-8bb8-6bca25baed85:group-10E7AFE7E343 changes role from CANDIDATE to LEADER at term 1 for changeToLeader
2019-09-19 16:47:11,801 [26a699e2-9f6c-4368-8bb8-6bca25baed85:group-10E7AFE7E343:LeaderElection83] INFO  impl.RaftServerImpl (ServerState.java:setLeader(263)) - 26a699e2-9f6c-4368-8bb8-6bca25baed85:group-10E7AFE7E343 change Leader from null to 26a699e2-9f6c-4368-8bb8-6bca25baed85 at term 1 for becomeLeader, leader elected after 5102ms
2019-09-19 16:47:11,802 [26a699e2-9f6c-4368-8bb8-6bca25baed85:group-10E7AFE7E343:LeaderElection83] INFO  server.RaftServerConfigKeys (ConfUtils.java:logGet(43)) - raft.server.staging.catchup.gap = 1000 (default)
2019-09-19 16:47:11,802 [26a699e2-9f6c-4368-8bb8-6bca25baed85:group-10E7AFE7E343:LeaderElection83] INFO  server.RaftServerConfigKeys (ConfUtils.java:logGet(43)) - raft.server.rpc.sleep.time = 25ms (default)
2019-09-19 16:47:11,802 [26a699e2-9f6c-4368-8bb8-6bca25baed85:group-10E7AFE7E343:LeaderElection83] INFO  server.RaftServerConfigKeys (ConfUtils.java:logGet(43)) - raft.server.write.element-limit = 4096 (default)
2019-09-19 16:47:11,802 [26a699e2-9f6c-4368-8bb8-6bca25baed85:group-10E7AFE7E343:LeaderElection83] INFO  server.RaftServerConfigKeys (ConfUtils.java:logGet(43)) - raft.server.watch.timeout = 10s (default)
2019-09-19 16:47:11,802 [26a699e2-9f6c-4368-8bb8-6bca25baed85:group-10E7AFE7E343:LeaderElection83] INFO  server.RaftServerConfigKeys (ConfUtils.java:logGet(43)) - raft.server.watch.timeout.denomination = 1s (default)
2019-09-19 16:47:11,803 [26a699e2-9f6c-4368-8bb8-6bca25baed85:group-10E7AFE7E343:LeaderElection83] INFO  server.RaftServerConfigKeys (ConfUtils.java:logGet(43)) - raft.server.watch.element-limit = 65536 (default)
2019-09-19 16:47:11,803 [26a699e2-9f6c-4368-8bb8-6bca25baed85:group-10E7AFE7E343:LeaderElection83] INFO  impl.RoleInfo (RoleInfo.java:updateAndGet(143)) - 26a699e2-9f6c-4368-8bb8-6bca25baed85: start LeaderState
2019-09-19 16:47:11,803 [26a699e2-9f6c-4368-8bb8-6bca25baed85:group-10E7AFE7E343:LeaderElection83] INFO  segmented.SegmentedRaftLogWorker (SegmentedRaftLogWorker.java:startLogSegment(380)) - 26a699e2-9f6c-4368-8bb8-6bca25baed85-SegmentedRaftLogWorker:Storage Directory /workdir/hadoop-ozone/ozonefs/target/test-dir/MiniOzoneClusterImpl-fcaa30ee-2967-4065-be48-824e4576b1bf/datanode-2/data/ratis/a0196db8-880f-439b-9d09-10e7afe7e343: Starting segment from index:0
2019-09-19 16:47:11,804 [26a699e2-9f6c-4368-8bb8-6bca25baed85:group-10E7AFE7E343:LeaderElection83] INFO  impl.RaftServerImpl (ServerState.java:setRaftConf(361)) - 26a699e2-9f6c-4368-8bb8-6bca25baed85:group-10E7AFE7E343 set configuration 0: [26a699e2-9f6c-4368-8bb8-6bca25baed85:192.168.157.226:42864], old=null at 0
2019-09-19 16:47:11,835 [Thread-1287] INFO  impl.FollowerState (FollowerState.java:run(106)) - 26a699e2-9f6c-4368-8bb8-6bca25baed85:group-22008E4D7031 changes to CANDIDATE, lastRpcTime:5050, electionTimeout:5050ms
2019-09-19 16:47:11,836 [Thread-1287] INFO  impl.RoleInfo (RoleInfo.java:shutdownFollowerState(121)) - 26a699e2-9f6c-4368-8bb8-6bca25baed85: shutdown FollowerState
2019-09-19 16:47:11,836 [Thread-1287] INFO  impl.RaftServerImpl (RaftServerImpl.java:setRole(171)) - 26a699e2-9f6c-4368-8bb8-6bca25baed85:group-22008E4D7031 changes role from FOLLOWER to CANDIDATE at term 0 for changeToCandidate
2019-09-19 16:47:11,836 [Thread-1287] INFO  impl.RoleInfo (RoleInfo.java:updateAndGet(143)) - 26a699e2-9f6c-4368-8bb8-6bca25baed85: start LeaderElection
2019-09-19 16:47:11,851 [26a699e2-9f6c-4368-8bb8-6bca25baed85-SegmentedRaftLogWorker:Storage Directory /workdir/hadoop-ozone/ozonefs/target/test-dir/MiniOzoneClusterImpl-fcaa30ee-2967-4065-be48-824e4576b1bf/datanode-2/data/ratis/a0196db8-880f-439b-9d09-10e7afe7e343] INFO  segmented.SegmentedRaftLogWorker (SegmentedRaftLogWorker.java:execute(569)) - 26a699e2-9f6c-4368-8bb8-6bca25baed85-SegmentedRaftLogWorker:Storage Directory /workdir/hadoop-ozone/ozonefs/target/test-dir/MiniOzoneClusterImpl-fcaa30ee-2967-4065-be48-824e4576b1bf/datanode-2/data/ratis/a0196db8-880f-439b-9d09-10e7afe7e343: created new log segment /workdir/hadoop-ozone/ozonefs/target/test-dir/MiniOzoneClusterImpl-fcaa30ee-2967-4065-be48-824e4576b1bf/datanode-2/data/ratis/a0196db8-880f-439b-9d09-10e7afe7e343/current/log_inprogress_0
2019-09-19 16:47:11,851 [26a699e2-9f6c-4368-8bb8-6bca25baed85:group-22008E4D7031:LeaderElection84] INFO  impl.LeaderElection (LeaderElection.java:askForVotes(181)) - 26a699e2-9f6c-4368-8bb8-6bca25baed85:group-22008E4D7031:LeaderElection84: begin an election at term 1 for -1: [26a699e2-9f6c-4368-8bb8-6bca25baed85:192.168.157.226:42864], old=null
2019-09-19 16:47:11,851 [26a699e2-9f6c-4368-8bb8-6bca25baed85:group-22008E4D7031:LeaderElection84] INFO  impl.RoleInfo (RoleInfo.java:shutdownLeaderElection(134)) - 26a699e2-9f6c-4368-8bb8-6bca25baed85: shutdown LeaderElection
2019-09-19 16:47:11,851 [26a699e2-9f6c-4368-8bb8-6bca25baed85:group-22008E4D7031:LeaderElection84] INFO  impl.RaftServerImpl (RaftServerImpl.java:setRole(171)) - 26a699e2-9f6c-4368-8bb8-6bca25baed85:group-22008E4D7031 changes role from CANDIDATE to LEADER at term 1 for changeToLeader
2019-09-19 16:47:11,851 [26a699e2-9f6c-4368-8bb8-6bca25baed85:group-22008E4D7031:LeaderElection84] INFO  impl.RaftServerImpl (ServerState.java:setLeader(263)) - 26a699e2-9f6c-4368-8bb8-6bca25baed85:group-22008E4D7031 change Leader from null to 26a699e2-9f6c-4368-8bb8-6bca25baed85 at term 1 for becomeLeader, leader elected after 5070ms
2019-09-19 16:47:11,852 [26a699e2-9f6c-4368-8bb8-6bca25baed85:group-22008E4D7031:LeaderElection84] INFO  server.RaftServerConfigKeys (ConfUtils.java:logGet(43)) - raft.server.staging.catchup.gap = 1000 (default)
2019-09-19 16:47:11,852 [26a699e2-9f6c-4368-8bb8-6bca25baed85:group-22008E4D7031:LeaderElection84] INFO  server.RaftServerConfigKeys (ConfUtils.java:logGet(43)) - raft.server.rpc.sleep.time = 25ms (default)
2019-09-19 16:47:11,852 [26a699e2-9f6c-4368-8bb8-6bca25baed85:group-22008E4D7031:LeaderElection84] INFO  server.RaftServerConfigKeys (ConfUtils.java:logGet(43)) - raft.server.write.element-limit = 4096 (default)
2019-09-19 16:47:11,852 [26a699e2-9f6c-4368-8bb8-6bca25baed85:group-22008E4D7031:LeaderElection84] INFO  server.RaftServerConfigKeys (ConfUtils.java:logGet(43)) - raft.server.watch.timeout = 10s (default)
2019-09-19 16:47:11,852 [26a699e2-9f6c-4368-8bb8-6bca25baed85:group-22008E4D7031:LeaderElection84] INFO  server.RaftServerConfigKeys (ConfUtils.java:logGet(43)) - raft.server.watch.timeout.denomination = 1s (default)
2019-09-19 16:47:11,853 [26a699e2-9f6c-4368-8bb8-6bca25baed85:group-22008E4D7031:LeaderElection84] INFO  server.RaftServerConfigKeys (ConfUtils.java:logGet(43)) - raft.server.watch.element-limit = 65536 (default)
2019-09-19 16:47:11,853 [26a699e2-9f6c-4368-8bb8-6bca25baed85:group-22008E4D7031:LeaderElection84] INFO  impl.RoleInfo (RoleInfo.java:updateAndGet(143)) - 26a699e2-9f6c-4368-8bb8-6bca25baed85: start LeaderState
2019-09-19 16:47:11,853 [26a699e2-9f6c-4368-8bb8-6bca25baed85:group-22008E4D7031:LeaderElection84] INFO  segmented.SegmentedRaftLogWorker (SegmentedRaftLogWorker.java:startLogSegment(380)) - 26a699e2-9f6c-4368-8bb8-6bca25baed85-SegmentedRaftLogWorker:Storage Directory /workdir/hadoop-ozone/ozonefs/target/test-dir/MiniOzoneClusterImpl-fcaa30ee-2967-4065-be48-824e4576b1bf/datanode-2/data/ratis/ed4117ac-4ce8-4794-98bb-22008e4d7031: Starting segment from index:0
2019-09-19 16:47:11,854 [26a699e2-9f6c-4368-8bb8-6bca25baed85:group-22008E4D7031:LeaderElection84] INFO  impl.RaftServerImpl (ServerState.java:setRaftConf(361)) - 26a699e2-9f6c-4368-8bb8-6bca25baed85:group-22008E4D7031 set configuration 0: [26a699e2-9f6c-4368-8bb8-6bca25baed85:192.168.157.226:42864], old=null at 0
2019-09-19 16:47:11,916 [Thread-1284] INFO  impl.FollowerState (FollowerState.java:run(106)) - 26a699e2-9f6c-4368-8bb8-6bca25baed85:group-DE62524D4D6E changes to CANDIDATE, lastRpcTime:5173, electionTimeout:5173ms
2019-09-19 16:47:11,916 [Thread-1284] INFO  impl.RoleInfo (RoleInfo.java:shutdownFollowerState(121)) - 26a699e2-9f6c-4368-8bb8-6bca25baed85: shutdown FollowerState
2019-09-19 16:47:11,916 [Thread-1284] INFO  impl.RaftServerImpl (RaftServerImpl.java:setRole(171)) - 26a699e2-9f6c-4368-8bb8-6bca25baed85:group-DE62524D4D6E changes role from FOLLOWER to CANDIDATE at term 0 for changeToCandidate
2019-09-19 16:47:11,917 [Thread-1284] INFO  impl.RoleInfo (RoleInfo.java:updateAndGet(143)) - 26a699e2-9f6c-4368-8bb8-6bca25baed85: start LeaderElection
2019-09-19 16:47:11,917 [26a699e2-9f6c-4368-8bb8-6bca25baed85-SegmentedRaftLogWorker:Storage Directory /workdir/hadoop-ozone/ozonefs/target/test-dir/MiniOzoneClusterImpl-fcaa30ee-2967-4065-be48-824e4576b1bf/datanode-2/data/ratis/ed4117ac-4ce8-4794-98bb-22008e4d7031] INFO  segmented.SegmentedRaftLogWorker (SegmentedRaftLogWorker.java:execute(569)) - 26a699e2-9f6c-4368-8bb8-6bca25baed85-SegmentedRaftLogWorker:Storage Directory /workdir/hadoop-ozone/ozonefs/target/test-dir/MiniOzoneClusterImpl-fcaa30ee-2967-4065-be48-824e4576b1bf/datanode-2/data/ratis/ed4117ac-4ce8-4794-98bb-22008e4d7031: created new log segment /workdir/hadoop-ozone/ozonefs/target/test-dir/MiniOzoneClusterImpl-fcaa30ee-2967-4065-be48-824e4576b1bf/datanode-2/data/ratis/ed4117ac-4ce8-4794-98bb-22008e4d7031/current/log_inprogress_0
2019-09-19 16:47:11,930 [26a699e2-9f6c-4368-8bb8-6bca25baed85:group-DE62524D4D6E:LeaderElection85] INFO  impl.LeaderElection (LeaderElection.java:askForVotes(181)) - 26a699e2-9f6c-4368-8bb8-6bca25baed85:group-DE62524D4D6E:LeaderElection85: begin an election at term 1 for -1: [26a699e2-9f6c-4368-8bb8-6bca25baed85:192.168.157.226:42864], old=null
2019-09-19 16:47:11,931 [26a699e2-9f6c-4368-8bb8-6bca25baed85:group-DE62524D4D6E:LeaderElection85] INFO  impl.RoleInfo (RoleInfo.java:shutdownLeaderElection(134)) - 26a699e2-9f6c-4368-8bb8-6bca25baed85: shutdown LeaderElection
2019-09-19 16:47:11,931 [26a699e2-9f6c-4368-8bb8-6bca25baed85:group-DE62524D4D6E:LeaderElection85] INFO  impl.RaftServerImpl (RaftServerImpl.java:setRole(171)) - 26a699e2-9f6c-4368-8bb8-6bca25baed85:group-DE62524D4D6E changes role from CANDIDATE to LEADER at term 1 for changeToLeader
2019-09-19 16:47:11,931 [26a699e2-9f6c-4368-8bb8-6bca25baed85:group-DE62524D4D6E:LeaderElection85] INFO  impl.RaftServerImpl (ServerState.java:setLeader(263)) - 26a699e2-9f6c-4368-8bb8-6bca25baed85:group-DE62524D4D6E change Leader from null to 26a699e2-9f6c-4368-8bb8-6bca25baed85 at term 1 for becomeLeader, leader elected after 5192ms
2019-09-19 16:47:11,931 [26a699e2-9f6c-4368-8bb8-6bca25baed85:group-DE62524D4D6E:LeaderElection85] INFO  server.RaftServerConfigKeys (ConfUtils.java:logGet(43)) - raft.server.staging.catchup.gap = 1000 (default)
2019-09-19 16:47:11,931 [26a699e2-9f6c-4368-8bb8-6bca25baed85:group-DE62524D4D6E:LeaderElection85] INFO  server.RaftServerConfigKeys (ConfUtils.java:logGet(43)) - raft.server.rpc.sleep.time = 25ms (default)
2019-09-19 16:47:11,931 [26a699e2-9f6c-4368-8bb8-6bca25baed85:group-DE62524D4D6E:LeaderElection85] INFO  server.RaftServerConfigKeys (ConfUtils.java:logGet(43)) - raft.server.write.element-limit = 4096 (default)
2019-09-19 16:47:11,932 [26a699e2-9f6c-4368-8bb8-6bca25baed85:group-DE62524D4D6E:LeaderElection85] INFO  server.RaftServerConfigKeys (ConfUtils.java:logGet(43)) - raft.server.watch.timeout = 10s (default)
2019-09-19 16:47:11,932 [26a699e2-9f6c-4368-8bb8-6bca25baed85:group-DE62524D4D6E:LeaderElection85] INFO  server.RaftServerConfigKeys (ConfUtils.java:logGet(43)) - raft.server.watch.timeout.denomination = 1s (default)
2019-09-19 16:47:11,932 [26a699e2-9f6c-4368-8bb8-6bca25baed85:group-DE62524D4D6E:LeaderElection85] INFO  server.RaftServerConfigKeys (ConfUtils.java:logGet(43)) - raft.server.watch.element-limit = 65536 (default)
2019-09-19 16:47:11,932 [26a699e2-9f6c-4368-8bb8-6bca25baed85:group-DE62524D4D6E:LeaderElection85] INFO  impl.RoleInfo (RoleInfo.java:updateAndGet(143)) - 26a699e2-9f6c-4368-8bb8-6bca25baed85: start LeaderState
2019-09-19 16:47:11,932 [26a699e2-9f6c-4368-8bb8-6bca25baed85:group-DE62524D4D6E:LeaderElection85] INFO  segmented.SegmentedRaftLogWorker (SegmentedRaftLogWorker.java:startLogSegment(380)) - 26a699e2-9f6c-4368-8bb8-6bca25baed85-SegmentedRaftLogWorker:Storage Directory /workdir/hadoop-ozone/ozonefs/target/test-dir/MiniOzoneClusterImpl-fcaa30ee-2967-4065-be48-824e4576b1bf/datanode-2/data/ratis/81252bf9-3db1-444a-bbee-de62524d4d6e: Starting segment from index:0
2019-09-19 16:47:11,933 [26a699e2-9f6c-4368-8bb8-6bca25baed85:group-DE62524D4D6E:LeaderElection85] INFO  impl.RaftServerImpl (ServerState.java:setRaftConf(361)) - 26a699e2-9f6c-4368-8bb8-6bca25baed85:group-DE62524D4D6E set configuration 0: [26a699e2-9f6c-4368-8bb8-6bca25baed85:192.168.157.226:42864], old=null at 0
2019-09-19 16:47:11,997 [26a699e2-9f6c-4368-8bb8-6bca25baed85-SegmentedRaftLogWorker:Storage Directory /workdir/hadoop-ozone/ozonefs/target/test-dir/MiniOzoneClusterImpl-fcaa30ee-2967-4065-be48-824e4576b1bf/datanode-2/data/ratis/81252bf9-3db1-444a-bbee-de62524d4d6e] INFO  segmented.SegmentedRaftLogWorker (SegmentedRaftLogWorker.java:execute(569)) - 26a699e2-9f6c-4368-8bb8-6bca25baed85-SegmentedRaftLogWorker:Storage Directory /workdir/hadoop-ozone/ozonefs/target/test-dir/MiniOzoneClusterImpl-fcaa30ee-2967-4065-be48-824e4576b1bf/datanode-2/data/ratis/81252bf9-3db1-444a-bbee-de62524d4d6e: created new log segment /workdir/hadoop-ozone/ozonefs/target/test-dir/MiniOzoneClusterImpl-fcaa30ee-2967-4065-be48-824e4576b1bf/datanode-2/data/ratis/81252bf9-3db1-444a-bbee-de62524d4d6e/current/log_inprogress_0
2019-09-19 16:47:12,453 | INFO  | SCMAudit | user=jenkins1000 | ip=192.168.157.226 | op=SEND_HEARTBEAT {datanodeUUID=26a699e2-9f6c-4368-8bb8-6bca25baed85, command=[]} | ret=SUCCESS |  
2019-09-19 16:47:12,698 [Thread-1062] INFO  ozoneimpl.OzoneContainer (OzoneContainer.java:stop(199)) - Attempting to stop container services.
2019-09-19 16:47:12,698 [ForkJoinPool.commonPool-worker-1] INFO  ozoneimpl.OzoneContainer (OzoneContainer.java:stop(199)) - Attempting to stop container services.
2019-09-19 16:47:12,699 [Thread-1062] INFO  impl.RaftServerProxy (RaftServerProxy.java:lambda$close$4(314)) - 90807a67-81c1-4bdc-9300-b9ddb9d662c8: close
2019-09-19 16:47:12,699 [ForkJoinPool.commonPool-worker-1] INFO  impl.RaftServerProxy (RaftServerProxy.java:lambda$close$4(314)) - 1e2f6a91-9c74-4dc9-a67c-8a4903c0b606: close
2019-09-19 16:47:12,699 [Thread-1062] INFO  impl.RaftServerImpl (RaftServerImpl.java:lambda$shutdown$3(245)) - 90807a67-81c1-4bdc-9300-b9ddb9d662c8: shutdown group-C2D5FDED4DBE
2019-09-19 16:47:12,699 [ForkJoinPool.commonPool-worker-1] INFO  impl.RaftServerImpl (RaftServerImpl.java:lambda$shutdown$3(245)) - 1e2f6a91-9c74-4dc9-a67c-8a4903c0b606: shutdown group-B3D2E73F83A2
2019-09-19 16:47:12,700 [Thread-1062] INFO  util.JmxRegister (JmxRegister.java:unregister(73)) - Successfully un-registered JMX Bean with object name Ratis:service=RaftServer,group=group-C2D5FDED4DBE,id=90807a67-81c1-4bdc-9300-b9ddb9d662c8
2019-09-19 16:47:12,700 [ForkJoinPool.commonPool-worker-1] INFO  util.JmxRegister (JmxRegister.java:unregister(73)) - Successfully un-registered JMX Bean with object name Ratis:service=RaftServer,group=group-B3D2E73F83A2,id=1e2f6a91-9c74-4dc9-a67c-8a4903c0b606
2019-09-19 16:47:12,700 [Thread-1062] INFO  impl.RoleInfo (RoleInfo.java:shutdownLeaderState(104)) - 90807a67-81c1-4bdc-9300-b9ddb9d662c8: shutdown LeaderState
2019-09-19 16:47:12,701 [ForkJoinPool.commonPool-worker-1] INFO  impl.RoleInfo (RoleInfo.java:shutdownLeaderState(104)) - 1e2f6a91-9c74-4dc9-a67c-8a4903c0b606: shutdown LeaderState
2019-09-19 16:47:12,701 [Thread-1062] INFO  impl.PendingRequests (PendingRequests.java:sendNotLeaderResponses(202)) - 90807a67-81c1-4bdc-9300-b9ddb9d662c8-PendingRequests: sendNotLeaderResponses
2019-09-19 16:47:12,701 [ForkJoinPool.commonPool-worker-1] INFO  impl.PendingRequests (PendingRequests.java:sendNotLeaderResponses(202)) - 1e2f6a91-9c74-4dc9-a67c-8a4903c0b606-PendingRequests: sendNotLeaderResponses
2019-09-19 16:47:12,702 [Thread-1062] INFO  impl.StateMachineUpdater (StateMachineUpdater.java:stopAndJoin(115)) - StateMachineUpdater:90807a67-81c1-4bdc-9300-b9ddb9d662c8:group-C2D5FDED4DBE: set stopIndex = 0
2019-09-19 16:47:12,702 [ForkJoinPool.commonPool-worker-1] INFO  impl.StateMachineUpdater (StateMachineUpdater.java:stopAndJoin(115)) - StateMachineUpdater:1e2f6a91-9c74-4dc9-a67c-8a4903c0b606:group-B3D2E73F83A2: set stopIndex = 0
2019-09-19 16:47:12,703 [Thread-1062] INFO  impl.RaftServerImpl (ServerState.java:close(394)) - 90807a67-81c1-4bdc-9300-b9ddb9d662c8:group-C2D5FDED4DBE closes. The last applied log index is 0
2019-09-19 16:47:12,703 [ForkJoinPool.commonPool-worker-1] INFO  impl.RaftServerImpl (ServerState.java:close(394)) - 1e2f6a91-9c74-4dc9-a67c-8a4903c0b606:group-B3D2E73F83A2 closes. The last applied log index is 0
2019-09-19 16:47:12,703 [90807a67-81c1-4bdc-9300-b9ddb9d662c8-SegmentedRaftLogWorker:Storage Directory /workdir/hadoop-ozone/ozonefs/target/test-dir/MiniOzoneClusterImpl-fcaa30ee-2967-4065-be48-824e4576b1bf/datanode-1/data/ratis/4d34fa9e-1351-456b-b941-c2d5fded4dbe] INFO  segmented.SegmentedRaftLogWorker (SegmentedRaftLogWorker.java:run(313)) - 90807a67-81c1-4bdc-9300-b9ddb9d662c8-SegmentedRaftLogWorker:Storage Directory /workdir/hadoop-ozone/ozonefs/target/test-dir/MiniOzoneClusterImpl-fcaa30ee-2967-4065-be48-824e4576b1bf/datanode-1/data/ratis/4d34fa9e-1351-456b-b941-c2d5fded4dbe was interrupted, exiting. There are 0 tasks remaining in the queue.
2019-09-19 16:47:12,704 [1e2f6a91-9c74-4dc9-a67c-8a4903c0b606-SegmentedRaftLogWorker:Storage Directory /workdir/hadoop-ozone/ozonefs/target/test-dir/MiniOzoneClusterImpl-fcaa30ee-2967-4065-be48-824e4576b1bf/datanode-0/data/ratis/a797f05f-3c83-4a13-9c43-b3d2e73f83a2] INFO  segmented.SegmentedRaftLogWorker (SegmentedRaftLogWorker.java:run(313)) - 1e2f6a91-9c74-4dc9-a67c-8a4903c0b606-SegmentedRaftLogWorker:Storage Directory /workdir/hadoop-ozone/ozonefs/target/test-dir/MiniOzoneClusterImpl-fcaa30ee-2967-4065-be48-824e4576b1bf/datanode-0/data/ratis/a797f05f-3c83-4a13-9c43-b3d2e73f83a2 was interrupted, exiting. There are 0 tasks remaining in the queue.
2019-09-19 16:47:12,704 [Thread-1062] INFO  segmented.SegmentedRaftLogWorker (SegmentedRaftLogWorker.java:close(228)) - 90807a67-81c1-4bdc-9300-b9ddb9d662c8-SegmentedRaftLogWorker:Storage Directory /workdir/hadoop-ozone/ozonefs/target/test-dir/MiniOzoneClusterImpl-fcaa30ee-2967-4065-be48-824e4576b1bf/datanode-1/data/ratis/4d34fa9e-1351-456b-b941-c2d5fded4dbe close()
2019-09-19 16:47:12,704 [ForkJoinPool.commonPool-worker-1] INFO  segmented.SegmentedRaftLogWorker (SegmentedRaftLogWorker.java:close(228)) - 1e2f6a91-9c74-4dc9-a67c-8a4903c0b606-SegmentedRaftLogWorker:Storage Directory /workdir/hadoop-ozone/ozonefs/target/test-dir/MiniOzoneClusterImpl-fcaa30ee-2967-4065-be48-824e4576b1bf/datanode-0/data/ratis/a797f05f-3c83-4a13-9c43-b3d2e73f83a2 close()
2019-09-19 16:47:12,707 [Thread-1062] INFO  impl.RaftServerImpl (RaftServerImpl.java:lambda$shutdown$3(245)) - 90807a67-81c1-4bdc-9300-b9ddb9d662c8: shutdown group-68D965F9FCB2
2019-09-19 16:47:12,713 [ForkJoinPool.commonPool-worker-1] INFO  impl.RaftServerImpl (RaftServerImpl.java:lambda$shutdown$3(245)) - 1e2f6a91-9c74-4dc9-a67c-8a4903c0b606: shutdown group-A891B034C021
2019-09-19 16:47:12,714 [Thread-1062] INFO  util.JmxRegister (JmxRegister.java:unregister(73)) - Successfully un-registered JMX Bean with object name Ratis:service=RaftServer,group=group-68D965F9FCB2,id=90807a67-81c1-4bdc-9300-b9ddb9d662c8
2019-09-19 16:47:12,714 [ForkJoinPool.commonPool-worker-1] INFO  util.JmxRegister (JmxRegister.java:unregister(73)) - Successfully un-registered JMX Bean with object name Ratis:service=RaftServer,group=group-A891B034C021,id=1e2f6a91-9c74-4dc9-a67c-8a4903c0b606
2019-09-19 16:47:12,714 [Thread-1062] INFO  impl.RoleInfo (RoleInfo.java:shutdownLeaderState(104)) - 90807a67-81c1-4bdc-9300-b9ddb9d662c8: shutdown LeaderState
2019-09-19 16:47:12,715 [ForkJoinPool.commonPool-worker-1] INFO  impl.RoleInfo (RoleInfo.java:shutdownLeaderState(104)) - 1e2f6a91-9c74-4dc9-a67c-8a4903c0b606: shutdown LeaderState
2019-09-19 16:47:12,715 [Thread-1062] INFO  impl.PendingRequests (PendingRequests.java:sendNotLeaderResponses(202)) - 90807a67-81c1-4bdc-9300-b9ddb9d662c8-PendingRequests: sendNotLeaderResponses
2019-09-19 16:47:12,715 [ForkJoinPool.commonPool-worker-1] INFO  impl.PendingRequests (PendingRequests.java:sendNotLeaderResponses(202)) - 1e2f6a91-9c74-4dc9-a67c-8a4903c0b606-PendingRequests: sendNotLeaderResponses
2019-09-19 16:47:12,716 [Thread-1062] INFO  impl.StateMachineUpdater (StateMachineUpdater.java:stopAndJoin(115)) - StateMachineUpdater:90807a67-81c1-4bdc-9300-b9ddb9d662c8:group-68D965F9FCB2: set stopIndex = 0
2019-09-19 16:47:12,716 [ForkJoinPool.commonPool-worker-1] INFO  impl.StateMachineUpdater (StateMachineUpdater.java:stopAndJoin(115)) - StateMachineUpdater:1e2f6a91-9c74-4dc9-a67c-8a4903c0b606:group-A891B034C021: set stopIndex = 0
2019-09-19 16:47:12,717 [Thread-1062] INFO  impl.RaftServerImpl (ServerState.java:close(394)) - 90807a67-81c1-4bdc-9300-b9ddb9d662c8:group-68D965F9FCB2 closes. The last applied log index is 0
2019-09-19 16:47:12,717 [ForkJoinPool.commonPool-worker-1] INFO  impl.RaftServerImpl (ServerState.java:close(394)) - 1e2f6a91-9c74-4dc9-a67c-8a4903c0b606:group-A891B034C021 closes. The last applied log index is 0
2019-09-19 16:47:12,717 [90807a67-81c1-4bdc-9300-b9ddb9d662c8-SegmentedRaftLogWorker:Storage Directory /workdir/hadoop-ozone/ozonefs/target/test-dir/MiniOzoneClusterImpl-fcaa30ee-2967-4065-be48-824e4576b1bf/datanode-1/data/ratis/fb8df488-6acb-4071-89bf-68d965f9fcb2] INFO  segmented.SegmentedRaftLogWorker (SegmentedRaftLogWorker.java:run(313)) - 90807a67-81c1-4bdc-9300-b9ddb9d662c8-SegmentedRaftLogWorker:Storage Directory /workdir/hadoop-ozone/ozonefs/target/test-dir/MiniOzoneClusterImpl-fcaa30ee-2967-4065-be48-824e4576b1bf/datanode-1/data/ratis/fb8df488-6acb-4071-89bf-68d965f9fcb2 was interrupted, exiting. There are 0 tasks remaining in the queue.
2019-09-19 16:47:12,718 [1e2f6a91-9c74-4dc9-a67c-8a4903c0b606-SegmentedRaftLogWorker:Storage Directory /workdir/hadoop-ozone/ozonefs/target/test-dir/MiniOzoneClusterImpl-fcaa30ee-2967-4065-be48-824e4576b1bf/datanode-0/data/ratis/50453309-357a-4dd5-bca2-a891b034c021] INFO  segmented.SegmentedRaftLogWorker (SegmentedRaftLogWorker.java:run(313)) - 1e2f6a91-9c74-4dc9-a67c-8a4903c0b606-SegmentedRaftLogWorker:Storage Directory /workdir/hadoop-ozone/ozonefs/target/test-dir/MiniOzoneClusterImpl-fcaa30ee-2967-4065-be48-824e4576b1bf/datanode-0/data/ratis/50453309-357a-4dd5-bca2-a891b034c021 was interrupted, exiting. There are 0 tasks remaining in the queue.
2019-09-19 16:47:12,718 [Thread-1062] INFO  segmented.SegmentedRaftLogWorker (SegmentedRaftLogWorker.java:close(228)) - 90807a67-81c1-4bdc-9300-b9ddb9d662c8-SegmentedRaftLogWorker:Storage Directory /workdir/hadoop-ozone/ozonefs/target/test-dir/MiniOzoneClusterImpl-fcaa30ee-2967-4065-be48-824e4576b1bf/datanode-1/data/ratis/fb8df488-6acb-4071-89bf-68d965f9fcb2 close()
2019-09-19 16:47:12,718 [ForkJoinPool.commonPool-worker-1] INFO  segmented.SegmentedRaftLogWorker (SegmentedRaftLogWorker.java:close(228)) - 1e2f6a91-9c74-4dc9-a67c-8a4903c0b606-SegmentedRaftLogWorker:Storage Directory /workdir/hadoop-ozone/ozonefs/target/test-dir/MiniOzoneClusterImpl-fcaa30ee-2967-4065-be48-824e4576b1bf/datanode-0/data/ratis/50453309-357a-4dd5-bca2-a891b034c021 close()
2019-09-19 16:47:12,718 [Thread-1062] INFO  impl.RaftServerImpl (RaftServerImpl.java:lambda$shutdown$3(245)) - 90807a67-81c1-4bdc-9300-b9ddb9d662c8: shutdown group-42CDF234EBB5
2019-09-19 16:47:12,719 [ForkJoinPool.commonPool-worker-1] INFO  impl.RaftServerImpl (RaftServerImpl.java:lambda$shutdown$3(245)) - 1e2f6a91-9c74-4dc9-a67c-8a4903c0b606: shutdown group-C451F71E7F1D
2019-09-19 16:47:12,719 [Thread-1062] INFO  util.JmxRegister (JmxRegister.java:unregister(73)) - Successfully un-registered JMX Bean with object name Ratis:service=RaftServer,group=group-42CDF234EBB5,id=90807a67-81c1-4bdc-9300-b9ddb9d662c8
2019-09-19 16:47:12,719 [ForkJoinPool.commonPool-worker-1] INFO  util.JmxRegister (JmxRegister.java:unregister(73)) - Successfully un-registered JMX Bean with object name Ratis:service=RaftServer,group=group-C451F71E7F1D,id=1e2f6a91-9c74-4dc9-a67c-8a4903c0b606
2019-09-19 16:47:12,719 [Thread-1062] INFO  impl.RoleInfo (RoleInfo.java:shutdownLeaderState(104)) - 90807a67-81c1-4bdc-9300-b9ddb9d662c8: shutdown LeaderState
2019-09-19 16:47:12,720 [ForkJoinPool.commonPool-worker-1] INFO  impl.RoleInfo (RoleInfo.java:shutdownLeaderState(104)) - 1e2f6a91-9c74-4dc9-a67c-8a4903c0b606: shutdown LeaderState
2019-09-19 16:47:12,720 [Thread-1062] INFO  impl.PendingRequests (PendingRequests.java:sendNotLeaderResponses(202)) - 90807a67-81c1-4bdc-9300-b9ddb9d662c8-PendingRequests: sendNotLeaderResponses
2019-09-19 16:47:12,721 [ForkJoinPool.commonPool-worker-1] INFO  impl.PendingRequests (PendingRequests.java:sendNotLeaderResponses(202)) - 1e2f6a91-9c74-4dc9-a67c-8a4903c0b606-PendingRequests: sendNotLeaderResponses
2019-09-19 16:47:12,721 [Thread-1062] INFO  impl.StateMachineUpdater (StateMachineUpdater.java:stopAndJoin(115)) - StateMachineUpdater:90807a67-81c1-4bdc-9300-b9ddb9d662c8:group-42CDF234EBB5: set stopIndex = 0
2019-09-19 16:47:12,721 [ForkJoinPool.commonPool-worker-1] INFO  impl.StateMachineUpdater (StateMachineUpdater.java:stopAndJoin(115)) - StateMachineUpdater:1e2f6a91-9c74-4dc9-a67c-8a4903c0b606:group-C451F71E7F1D: set stopIndex = 0
2019-09-19 16:47:12,722 [Thread-1062] INFO  impl.RaftServerImpl (ServerState.java:close(394)) - 90807a67-81c1-4bdc-9300-b9ddb9d662c8:group-42CDF234EBB5 closes. The last applied log index is 0
2019-09-19 16:47:12,722 [ForkJoinPool.commonPool-worker-1] INFO  impl.RaftServerImpl (ServerState.java:close(394)) - 1e2f6a91-9c74-4dc9-a67c-8a4903c0b606:group-C451F71E7F1D closes. The last applied log index is 0
2019-09-19 16:47:12,722 [90807a67-81c1-4bdc-9300-b9ddb9d662c8-SegmentedRaftLogWorker:Storage Directory /workdir/hadoop-ozone/ozonefs/target/test-dir/MiniOzoneClusterImpl-fcaa30ee-2967-4065-be48-824e4576b1bf/datanode-1/data/ratis/b6ae5504-365a-4129-bc6c-42cdf234ebb5] INFO  segmented.SegmentedRaftLogWorker (SegmentedRaftLogWorker.java:run(313)) - 90807a67-81c1-4bdc-9300-b9ddb9d662c8-SegmentedRaftLogWorker:Storage Directory /workdir/hadoop-ozone/ozonefs/target/test-dir/MiniOzoneClusterImpl-fcaa30ee-2967-4065-be48-824e4576b1bf/datanode-1/data/ratis/b6ae5504-365a-4129-bc6c-42cdf234ebb5 was interrupted, exiting. There are 0 tasks remaining in the queue.
2019-09-19 16:47:12,723 [1e2f6a91-9c74-4dc9-a67c-8a4903c0b606-SegmentedRaftLogWorker:Storage Directory /workdir/hadoop-ozone/ozonefs/target/test-dir/MiniOzoneClusterImpl-fcaa30ee-2967-4065-be48-824e4576b1bf/datanode-0/data/ratis/68aaf1c5-71b1-4062-ac5c-c451f71e7f1d] INFO  segmented.SegmentedRaftLogWorker (SegmentedRaftLogWorker.java:run(313)) - 1e2f6a91-9c74-4dc9-a67c-8a4903c0b606-SegmentedRaftLogWorker:Storage Directory /workdir/hadoop-ozone/ozonefs/target/test-dir/MiniOzoneClusterImpl-fcaa30ee-2967-4065-be48-824e4576b1bf/datanode-0/data/ratis/68aaf1c5-71b1-4062-ac5c-c451f71e7f1d was interrupted, exiting. There are 0 tasks remaining in the queue.
2019-09-19 16:47:12,723 [Thread-1062] INFO  segmented.SegmentedRaftLogWorker (SegmentedRaftLogWorker.java:close(228)) - 90807a67-81c1-4bdc-9300-b9ddb9d662c8-SegmentedRaftLogWorker:Storage Directory /workdir/hadoop-ozone/ozonefs/target/test-dir/MiniOzoneClusterImpl-fcaa30ee-2967-4065-be48-824e4576b1bf/datanode-1/data/ratis/b6ae5504-365a-4129-bc6c-42cdf234ebb5 close()
2019-09-19 16:47:12,723 [ForkJoinPool.commonPool-worker-1] INFO  segmented.SegmentedRaftLogWorker (SegmentedRaftLogWorker.java:close(228)) - 1e2f6a91-9c74-4dc9-a67c-8a4903c0b606-SegmentedRaftLogWorker:Storage Directory /workdir/hadoop-ozone/ozonefs/target/test-dir/MiniOzoneClusterImpl-fcaa30ee-2967-4065-be48-824e4576b1bf/datanode-0/data/ratis/68aaf1c5-71b1-4062-ac5c-c451f71e7f1d close()
2019-09-19 16:47:12,723 [Thread-1062] INFO  impl.RaftServerImpl (RaftServerImpl.java:lambda$shutdown$3(245)) - 90807a67-81c1-4bdc-9300-b9ddb9d662c8: shutdown group-AF81D515D86E
2019-09-19 16:47:12,724 [ForkJoinPool.commonPool-worker-1] INFO  impl.RaftServerImpl (RaftServerImpl.java:lambda$shutdown$3(245)) - 1e2f6a91-9c74-4dc9-a67c-8a4903c0b606: shutdown group-6711056DE131
2019-09-19 16:47:12,724 [Thread-1062] INFO  util.JmxRegister (JmxRegister.java:unregister(73)) - Successfully un-registered JMX Bean with object name Ratis:service=RaftServer,group=group-AF81D515D86E,id=90807a67-81c1-4bdc-9300-b9ddb9d662c8
2019-09-19 16:47:12,724 [ForkJoinPool.commonPool-worker-1] INFO  util.JmxRegister (JmxRegister.java:unregister(73)) - Successfully un-registered JMX Bean with object name Ratis:service=RaftServer,group=group-6711056DE131,id=1e2f6a91-9c74-4dc9-a67c-8a4903c0b606
2019-09-19 16:47:12,724 [Thread-1062] INFO  impl.RoleInfo (RoleInfo.java:shutdownLeaderState(104)) - 90807a67-81c1-4bdc-9300-b9ddb9d662c8: shutdown LeaderState
2019-09-19 16:47:12,725 [ForkJoinPool.commonPool-worker-1] INFO  impl.RoleInfo (RoleInfo.java:shutdownLeaderState(104)) - 1e2f6a91-9c74-4dc9-a67c-8a4903c0b606: shutdown LeaderState
2019-09-19 16:47:12,725 [Thread-1062] INFO  impl.PendingRequests (PendingRequests.java:sendNotLeaderResponses(202)) - 90807a67-81c1-4bdc-9300-b9ddb9d662c8-PendingRequests: sendNotLeaderResponses
2019-09-19 16:47:12,725 [ForkJoinPool.commonPool-worker-1] INFO  impl.PendingRequests (PendingRequests.java:sendNotLeaderResponses(202)) - 1e2f6a91-9c74-4dc9-a67c-8a4903c0b606-PendingRequests: sendNotLeaderResponses
2019-09-19 16:47:12,726 [Thread-1062] INFO  impl.StateMachineUpdater (StateMachineUpdater.java:stopAndJoin(115)) - StateMachineUpdater:90807a67-81c1-4bdc-9300-b9ddb9d662c8:group-AF81D515D86E: set stopIndex = 0
2019-09-19 16:47:12,726 [ForkJoinPool.commonPool-worker-1] INFO  impl.StateMachineUpdater (StateMachineUpdater.java:stopAndJoin(115)) - StateMachineUpdater:1e2f6a91-9c74-4dc9-a67c-8a4903c0b606:group-6711056DE131: set stopIndex = 0
2019-09-19 16:47:12,726 [Thread-1062] INFO  impl.RaftServerImpl (ServerState.java:close(394)) - 90807a67-81c1-4bdc-9300-b9ddb9d662c8:group-AF81D515D86E closes. The last applied log index is 0
2019-09-19 16:47:12,727 [ForkJoinPool.commonPool-worker-1] INFO  impl.RaftServerImpl (ServerState.java:close(394)) - 1e2f6a91-9c74-4dc9-a67c-8a4903c0b606:group-6711056DE131 closes. The last applied log index is 0
2019-09-19 16:47:12,727 [90807a67-81c1-4bdc-9300-b9ddb9d662c8-SegmentedRaftLogWorker:Storage Directory /workdir/hadoop-ozone/ozonefs/target/test-dir/MiniOzoneClusterImpl-fcaa30ee-2967-4065-be48-824e4576b1bf/datanode-1/data/ratis/71cacc58-da63-435b-87c9-af81d515d86e] INFO  segmented.SegmentedRaftLogWorker (SegmentedRaftLogWorker.java:run(313)) - 90807a67-81c1-4bdc-9300-b9ddb9d662c8-SegmentedRaftLogWorker:Storage Directory /workdir/hadoop-ozone/ozonefs/target/test-dir/MiniOzoneClusterImpl-fcaa30ee-2967-4065-be48-824e4576b1bf/datanode-1/data/ratis/71cacc58-da63-435b-87c9-af81d515d86e was interrupted, exiting. There are 0 tasks remaining in the queue.
2019-09-19 16:47:12,727 [1e2f6a91-9c74-4dc9-a67c-8a4903c0b606-SegmentedRaftLogWorker:Storage Directory /workdir/hadoop-ozone/ozonefs/target/test-dir/MiniOzoneClusterImpl-fcaa30ee-2967-4065-be48-824e4576b1bf/datanode-0/data/ratis/89132f7c-1a22-4843-9bab-6711056de131] INFO  segmented.SegmentedRaftLogWorker (SegmentedRaftLogWorker.java:run(313)) - 1e2f6a91-9c74-4dc9-a67c-8a4903c0b606-SegmentedRaftLogWorker:Storage Directory /workdir/hadoop-ozone/ozonefs/target/test-dir/MiniOzoneClusterImpl-fcaa30ee-2967-4065-be48-824e4576b1bf/datanode-0/data/ratis/89132f7c-1a22-4843-9bab-6711056de131 was interrupted, exiting. There are 0 tasks remaining in the queue.
2019-09-19 16:47:12,727 [Thread-1062] INFO  segmented.SegmentedRaftLogWorker (SegmentedRaftLogWorker.java:close(228)) - 90807a67-81c1-4bdc-9300-b9ddb9d662c8-SegmentedRaftLogWorker:Storage Directory /workdir/hadoop-ozone/ozonefs/target/test-dir/MiniOzoneClusterImpl-fcaa30ee-2967-4065-be48-824e4576b1bf/datanode-1/data/ratis/71cacc58-da63-435b-87c9-af81d515d86e close()
2019-09-19 16:47:12,728 [ForkJoinPool.commonPool-worker-1] INFO  segmented.SegmentedRaftLogWorker (SegmentedRaftLogWorker.java:close(228)) - 1e2f6a91-9c74-4dc9-a67c-8a4903c0b606-SegmentedRaftLogWorker:Storage Directory /workdir/hadoop-ozone/ozonefs/target/test-dir/MiniOzoneClusterImpl-fcaa30ee-2967-4065-be48-824e4576b1bf/datanode-0/data/ratis/89132f7c-1a22-4843-9bab-6711056de131 close()
2019-09-19 16:47:12,728 [Thread-1062] INFO  impl.RaftServerImpl (RaftServerImpl.java:lambda$shutdown$3(245)) - 90807a67-81c1-4bdc-9300-b9ddb9d662c8: shutdown group-878065D338A8
2019-09-19 16:47:12,728 [ForkJoinPool.commonPool-worker-1] INFO  impl.RaftServerImpl (RaftServerImpl.java:lambda$shutdown$3(245)) - 1e2f6a91-9c74-4dc9-a67c-8a4903c0b606: shutdown group-5C4DB54BD8EF
2019-09-19 16:47:12,729 [Thread-1062] INFO  util.JmxRegister (JmxRegister.java:unregister(73)) - Successfully un-registered JMX Bean with object name Ratis:service=RaftServer,group=group-878065D338A8,id=90807a67-81c1-4bdc-9300-b9ddb9d662c8
2019-09-19 16:47:12,729 [ForkJoinPool.commonPool-worker-1] INFO  util.JmxRegister (JmxRegister.java:unregister(73)) - Successfully un-registered JMX Bean with object name Ratis:service=RaftServer,group=group-5C4DB54BD8EF,id=1e2f6a91-9c74-4dc9-a67c-8a4903c0b606
2019-09-19 16:47:12,729 [Thread-1062] INFO  impl.RoleInfo (RoleInfo.java:shutdownLeaderState(104)) - 90807a67-81c1-4bdc-9300-b9ddb9d662c8: shutdown LeaderState
2019-09-19 16:47:12,729 [ForkJoinPool.commonPool-worker-1] INFO  impl.RoleInfo (RoleInfo.java:shutdownLeaderState(104)) - 1e2f6a91-9c74-4dc9-a67c-8a4903c0b606: shutdown LeaderState
2019-09-19 16:47:12,730 [Thread-1062] INFO  impl.PendingRequests (PendingRequests.java:sendNotLeaderResponses(202)) - 90807a67-81c1-4bdc-9300-b9ddb9d662c8-PendingRequests: sendNotLeaderResponses
2019-09-19 16:47:12,730 [ForkJoinPool.commonPool-worker-1] INFO  impl.PendingRequests (PendingRequests.java:sendNotLeaderResponses(202)) - 1e2f6a91-9c74-4dc9-a67c-8a4903c0b606-PendingRequests: sendNotLeaderResponses
2019-09-19 16:47:12,730 [Thread-1062] INFO  impl.StateMachineUpdater (StateMachineUpdater.java:stopAndJoin(115)) - StateMachineUpdater:90807a67-81c1-4bdc-9300-b9ddb9d662c8:group-878065D338A8: set stopIndex = 0
2019-09-19 16:47:12,731 [ForkJoinPool.commonPool-worker-1] INFO  impl.StateMachineUpdater (StateMachineUpdater.java:stopAndJoin(115)) - StateMachineUpdater:1e2f6a91-9c74-4dc9-a67c-8a4903c0b606:group-5C4DB54BD8EF: set stopIndex = 0
2019-09-19 16:47:12,731 [Thread-1062] INFO  impl.RaftServerImpl (ServerState.java:close(394)) - 90807a67-81c1-4bdc-9300-b9ddb9d662c8:group-878065D338A8 closes. The last applied log index is 0
2019-09-19 16:47:12,731 [ForkJoinPool.commonPool-worker-1] INFO  impl.RaftServerImpl (ServerState.java:close(394)) - 1e2f6a91-9c74-4dc9-a67c-8a4903c0b606:group-5C4DB54BD8EF closes. The last applied log index is 0
2019-09-19 16:47:12,732 [90807a67-81c1-4bdc-9300-b9ddb9d662c8-SegmentedRaftLogWorker:Storage Directory /workdir/hadoop-ozone/ozonefs/target/test-dir/MiniOzoneClusterImpl-fcaa30ee-2967-4065-be48-824e4576b1bf/datanode-1/data/ratis/41fb6e9a-99ab-44d2-a22e-878065d338a8] INFO  segmented.SegmentedRaftLogWorker (SegmentedRaftLogWorker.java:run(313)) - 90807a67-81c1-4bdc-9300-b9ddb9d662c8-SegmentedRaftLogWorker:Storage Directory /workdir/hadoop-ozone/ozonefs/target/test-dir/MiniOzoneClusterImpl-fcaa30ee-2967-4065-be48-824e4576b1bf/datanode-1/data/ratis/41fb6e9a-99ab-44d2-a22e-878065d338a8 was interrupted, exiting. There are 0 tasks remaining in the queue.
2019-09-19 16:47:12,732 [1e2f6a91-9c74-4dc9-a67c-8a4903c0b606-SegmentedRaftLogWorker:Storage Directory /workdir/hadoop-ozone/ozonefs/target/test-dir/MiniOzoneClusterImpl-fcaa30ee-2967-4065-be48-824e4576b1bf/datanode-0/data/ratis/fad3ba11-8a60-46dd-9acf-5c4db54bd8ef] INFO  segmented.SegmentedRaftLogWorker (SegmentedRaftLogWorker.java:run(313)) - 1e2f6a91-9c74-4dc9-a67c-8a4903c0b606-SegmentedRaftLogWorker:Storage Directory /workdir/hadoop-ozone/ozonefs/target/test-dir/MiniOzoneClusterImpl-fcaa30ee-2967-4065-be48-824e4576b1bf/datanode-0/data/ratis/fad3ba11-8a60-46dd-9acf-5c4db54bd8ef was interrupted, exiting. There are 0 tasks remaining in the queue.
2019-09-19 16:47:12,732 [Thread-1062] INFO  segmented.SegmentedRaftLogWorker (SegmentedRaftLogWorker.java:close(228)) - 90807a67-81c1-4bdc-9300-b9ddb9d662c8-SegmentedRaftLogWorker:Storage Directory /workdir/hadoop-ozone/ozonefs/target/test-dir/MiniOzoneClusterImpl-fcaa30ee-2967-4065-be48-824e4576b1bf/datanode-1/data/ratis/41fb6e9a-99ab-44d2-a22e-878065d338a8 close()
2019-09-19 16:47:12,732 [ForkJoinPool.commonPool-worker-1] INFO  segmented.SegmentedRaftLogWorker (SegmentedRaftLogWorker.java:close(228)) - 1e2f6a91-9c74-4dc9-a67c-8a4903c0b606-SegmentedRaftLogWorker:Storage Directory /workdir/hadoop-ozone/ozonefs/target/test-dir/MiniOzoneClusterImpl-fcaa30ee-2967-4065-be48-824e4576b1bf/datanode-0/data/ratis/fad3ba11-8a60-46dd-9acf-5c4db54bd8ef close()
2019-09-19 16:47:12,732 [Thread-1062] INFO  impl.RaftServerImpl (RaftServerImpl.java:lambda$shutdown$3(245)) - 90807a67-81c1-4bdc-9300-b9ddb9d662c8: shutdown group-DEF91B1EE60D
2019-09-19 16:47:12,733 [ForkJoinPool.commonPool-worker-1] INFO  impl.RaftServerImpl (RaftServerImpl.java:lambda$shutdown$3(245)) - 1e2f6a91-9c74-4dc9-a67c-8a4903c0b606: shutdown group-51ECB5F97C0D
2019-09-19 16:47:12,733 [Thread-1062] INFO  util.JmxRegister (JmxRegister.java:unregister(73)) - Successfully un-registered JMX Bean with object name Ratis:service=RaftServer,group=group-DEF91B1EE60D,id=90807a67-81c1-4bdc-9300-b9ddb9d662c8
2019-09-19 16:47:12,734 [Thread-1062] INFO  impl.RoleInfo (RoleInfo.java:shutdownLeaderState(104)) - 90807a67-81c1-4bdc-9300-b9ddb9d662c8: shutdown LeaderState
2019-09-19 16:47:12,733 [ForkJoinPool.commonPool-worker-1] INFO  util.JmxRegister (JmxRegister.java:unregister(73)) - Successfully un-registered JMX Bean with object name Ratis:service=RaftServer,group=group-51ECB5F97C0D,id=1e2f6a91-9c74-4dc9-a67c-8a4903c0b606
2019-09-19 16:47:12,734 [Thread-1062] INFO  impl.PendingRequests (PendingRequests.java:sendNotLeaderResponses(202)) - 90807a67-81c1-4bdc-9300-b9ddb9d662c8-PendingRequests: sendNotLeaderResponses
2019-09-19 16:47:12,734 [ForkJoinPool.commonPool-worker-1] INFO  impl.RoleInfo (RoleInfo.java:shutdownLeaderState(104)) - 1e2f6a91-9c74-4dc9-a67c-8a4903c0b606: shutdown LeaderState
2019-09-19 16:47:12,735 [Thread-1062] INFO  impl.StateMachineUpdater (StateMachineUpdater.java:stopAndJoin(115)) - StateMachineUpdater:90807a67-81c1-4bdc-9300-b9ddb9d662c8:group-DEF91B1EE60D: set stopIndex = 0
2019-09-19 16:47:12,735 [ForkJoinPool.commonPool-worker-1] INFO  impl.PendingRequests (PendingRequests.java:sendNotLeaderResponses(202)) - 1e2f6a91-9c74-4dc9-a67c-8a4903c0b606-PendingRequests: sendNotLeaderResponses
2019-09-19 16:47:12,735 [Thread-1062] INFO  impl.RaftServerImpl (ServerState.java:close(394)) - 90807a67-81c1-4bdc-9300-b9ddb9d662c8:group-DEF91B1EE60D closes. The last applied log index is 0
2019-09-19 16:47:12,735 [ForkJoinPool.commonPool-worker-1] INFO  impl.StateMachineUpdater (StateMachineUpdater.java:stopAndJoin(115)) - StateMachineUpdater:1e2f6a91-9c74-4dc9-a67c-8a4903c0b606:group-51ECB5F97C0D: set stopIndex = 0
2019-09-19 16:47:12,736 [90807a67-81c1-4bdc-9300-b9ddb9d662c8-SegmentedRaftLogWorker:Storage Directory /workdir/hadoop-ozone/ozonefs/target/test-dir/MiniOzoneClusterImpl-fcaa30ee-2967-4065-be48-824e4576b1bf/datanode-1/data/ratis/a8361a5f-89a4-4b80-8d89-def91b1ee60d] INFO  segmented.SegmentedRaftLogWorker (SegmentedRaftLogWorker.java:run(313)) - 90807a67-81c1-4bdc-9300-b9ddb9d662c8-SegmentedRaftLogWorker:Storage Directory /workdir/hadoop-ozone/ozonefs/target/test-dir/MiniOzoneClusterImpl-fcaa30ee-2967-4065-be48-824e4576b1bf/datanode-1/data/ratis/a8361a5f-89a4-4b80-8d89-def91b1ee60d was interrupted, exiting. There are 0 tasks remaining in the queue.
2019-09-19 16:47:12,736 [ForkJoinPool.commonPool-worker-1] INFO  impl.RaftServerImpl (ServerState.java:close(394)) - 1e2f6a91-9c74-4dc9-a67c-8a4903c0b606:group-51ECB5F97C0D closes. The last applied log index is 0
2019-09-19 16:47:12,736 [Thread-1062] INFO  segmented.SegmentedRaftLogWorker (SegmentedRaftLogWorker.java:close(228)) - 90807a67-81c1-4bdc-9300-b9ddb9d662c8-SegmentedRaftLogWorker:Storage Directory /workdir/hadoop-ozone/ozonefs/target/test-dir/MiniOzoneClusterImpl-fcaa30ee-2967-4065-be48-824e4576b1bf/datanode-1/data/ratis/a8361a5f-89a4-4b80-8d89-def91b1ee60d close()
2019-09-19 16:47:12,736 [1e2f6a91-9c74-4dc9-a67c-8a4903c0b606-SegmentedRaftLogWorker:Storage Directory /workdir/hadoop-ozone/ozonefs/target/test-dir/MiniOzoneClusterImpl-fcaa30ee-2967-4065-be48-824e4576b1bf/datanode-0/data/ratis/28940566-b4cc-4648-b441-51ecb5f97c0d] INFO  segmented.SegmentedRaftLogWorker (SegmentedRaftLogWorker.java:run(313)) - 1e2f6a91-9c74-4dc9-a67c-8a4903c0b606-SegmentedRaftLogWorker:Storage Directory /workdir/hadoop-ozone/ozonefs/target/test-dir/MiniOzoneClusterImpl-fcaa30ee-2967-4065-be48-824e4576b1bf/datanode-0/data/ratis/28940566-b4cc-4648-b441-51ecb5f97c0d was interrupted, exiting. There are 0 tasks remaining in the queue.
2019-09-19 16:47:12,737 [Thread-1062] INFO  server.GrpcService (GrpcService.java:closeImpl(155)) - 90807a67-81c1-4bdc-9300-b9ddb9d662c8: shutdown server with port 46825 now
2019-09-19 16:47:12,737 [ForkJoinPool.commonPool-worker-1] INFO  segmented.SegmentedRaftLogWorker (SegmentedRaftLogWorker.java:close(228)) - 1e2f6a91-9c74-4dc9-a67c-8a4903c0b606-SegmentedRaftLogWorker:Storage Directory /workdir/hadoop-ozone/ozonefs/target/test-dir/MiniOzoneClusterImpl-fcaa30ee-2967-4065-be48-824e4576b1bf/datanode-0/data/ratis/28940566-b4cc-4648-b441-51ecb5f97c0d close()
2019-09-19 16:47:12,739 [Thread-1062] INFO  server.GrpcService (GrpcService.java:closeImpl(163)) - 90807a67-81c1-4bdc-9300-b9ddb9d662c8: shutdown server with port 46825 successfully
2019-09-19 16:47:12,739 [ForkJoinPool.commonPool-worker-1] INFO  server.GrpcService (GrpcService.java:closeImpl(155)) - 1e2f6a91-9c74-4dc9-a67c-8a4903c0b606: shutdown server with port 45939 now
2019-09-19 16:47:12,742 [ForkJoinPool.commonPool-worker-1] INFO  server.GrpcService (GrpcService.java:closeImpl(163)) - 1e2f6a91-9c74-4dc9-a67c-8a4903c0b606: shutdown server with port 45939 successfully
2019-09-19 16:47:12,742 [Thread-1062] INFO  utils.BackgroundService (BackgroundService.java:shutdown(148)) - Shutting down service BlockDeletingService
2019-09-19 16:47:12,744 [ForkJoinPool.commonPool-worker-1] INFO  utils.BackgroundService (BackgroundService.java:shutdown(148)) - Shutting down service BlockDeletingService
2019-09-19 16:47:12,744 [refreshUsed-/workdir/hadoop-ozone/ozonefs/target/test-dir/MiniOzoneClusterImpl-fcaa30ee-2967-4065-be48-824e4576b1bf/datanode-1/data/containers] WARN  fs.CachingGetSpaceUsed (CachingGetSpaceUsed.java:run(183)) - Thread Interrupted waiting to refresh disk information: sleep interrupted
2019-09-19 16:47:12,749 [refreshUsed-/workdir/hadoop-ozone/ozonefs/target/test-dir/MiniOzoneClusterImpl-fcaa30ee-2967-4065-be48-824e4576b1bf/datanode-0/data/containers] WARN  fs.CachingGetSpaceUsed (CachingGetSpaceUsed.java:run(183)) - Thread Interrupted waiting to refresh disk information: sleep interrupted
2019-09-19 16:47:12,775 [Thread-1062] INFO  statemachine.DatanodeStateMachine (DatanodeStateMachine.java:stopDaemon(395)) - Ozone container server stopped.
2019-09-19 16:47:12,776 [Thread-1062] INFO  handler.ContextHandler (ContextHandler.java:doStop(910)) - Stopped o.e.j.w.WebAppContext@7e7b7694{/,null,UNAVAILABLE}{/hddsDatanode}
2019-09-19 16:47:12,777 [Thread-1062] INFO  server.AbstractConnector (AbstractConnector.java:doStop(318)) - Stopped ServerConnector@7bd4e550{HTTP/1.1,[http/1.1]}{0.0.0.0:0}
2019-09-19 16:47:12,778 [Thread-1062] INFO  handler.ContextHandler (ContextHandler.java:doStop(910)) - Stopped o.e.j.s.ServletContextHandler@68343630{/static,jar:file:/home/user/.m2/repository/org/apache/hadoop/hadoop-hdds-container-service/0.5.0-SNAPSHOT/hadoop-hdds-container-service-0.5.0-SNAPSHOT.jar!/webapps/static,UNAVAILABLE}
2019-09-19 16:47:12,779 [ForkJoinPool.commonPool-worker-1] INFO  statemachine.DatanodeStateMachine (DatanodeStateMachine.java:stopDaemon(395)) - Ozone container server stopped.
2019-09-19 16:47:12,779 [Thread-1062] INFO  handler.ContextHandler (ContextHandler.java:doStop(910)) - Stopped o.e.j.s.ServletContextHandler@2ad41d99{/logs,file:///workdir/hadoop-ozone/ozonefs/target/log,UNAVAILABLE}
2019-09-19 16:47:12,782 [Thread-1062] INFO  datanode.ObjectStoreHandler (ObjectStoreHandler.java:close(155)) - Closing ObjectStoreHandler.
2019-09-19 16:47:12,783 [ForkJoinPool.commonPool-worker-1] INFO  handler.ContextHandler (ContextHandler.java:doStop(910)) - Stopped o.e.j.w.WebAppContext@af30cdf{/,null,UNAVAILABLE}{/hddsDatanode}
2019-09-19 16:47:12,783 [Thread-1062] INFO  ozone.HddsDatanodeService (HddsDatanodeService.java:stop(451)) - Stopped plug-in org.apache.hadoop.ozone.web.OzoneHddsDatanodeService@21ce6134
2019-09-19 16:47:12,783 [ForkJoinPool.commonPool-worker-1] INFO  server.AbstractConnector (AbstractConnector.java:doStop(318)) - Stopped ServerConnector@61494d39{HTTP/1.1,[http/1.1]}{0.0.0.0:0}
2019-09-19 16:47:12,787 [ForkJoinPool.commonPool-worker-1] INFO  handler.ContextHandler (ContextHandler.java:doStop(910)) - Stopped o.e.j.s.ServletContextHandler@686d93fd{/static,jar:file:/home/user/.m2/repository/org/apache/hadoop/hadoop-hdds-container-service/0.5.0-SNAPSHOT/hadoop-hdds-container-service-0.5.0-SNAPSHOT.jar!/webapps/static,UNAVAILABLE}
2019-09-19 16:47:12,787 [ForkJoinPool.commonPool-worker-1] INFO  handler.ContextHandler (ContextHandler.java:doStop(910)) - Stopped o.e.j.s.ServletContextHandler@4bdded86{/logs,file:///workdir/hadoop-ozone/ozonefs/target/log,UNAVAILABLE}
2019-09-19 16:47:13,451 [Datanode State Machine Thread - 0] INFO  statemachine.DatanodeStateMachine (DatanodeStateMachine.java:lambda$startDaemon$0(350)) - Ozone container server started.
2019-09-19 16:47:17,785 [Thread-1062] INFO  ozoneimpl.OzoneContainer (OzoneContainer.java:stop(199)) - Attempting to stop container services.
2019-09-19 16:47:17,785 [Thread-1062] INFO  impl.RaftServerProxy (RaftServerProxy.java:lambda$close$4(314)) - 26a699e2-9f6c-4368-8bb8-6bca25baed85: close
2019-09-19 16:47:17,786 [Thread-1062] INFO  impl.RaftServerImpl (RaftServerImpl.java:lambda$shutdown$3(245)) - 26a699e2-9f6c-4368-8bb8-6bca25baed85: shutdown group-22008E4D7031
2019-09-19 16:47:17,786 [ForkJoinPool.commonPool-worker-0] INFO  impl.RaftServerImpl (RaftServerImpl.java:lambda$shutdown$3(245)) - 26a699e2-9f6c-4368-8bb8-6bca25baed85: shutdown group-DE62524D4D6E
2019-09-19 16:47:17,786 [Thread-1062] INFO  util.JmxRegister (JmxRegister.java:unregister(73)) - Successfully un-registered JMX Bean with object name Ratis:service=RaftServer,group=group-22008E4D7031,id=26a699e2-9f6c-4368-8bb8-6bca25baed85
2019-09-19 16:47:17,786 [ForkJoinPool.commonPool-worker-0] INFO  util.JmxRegister (JmxRegister.java:unregister(73)) - Successfully un-registered JMX Bean with object name Ratis:service=RaftServer,group=group-DE62524D4D6E,id=26a699e2-9f6c-4368-8bb8-6bca25baed85
2019-09-19 16:47:17,787 [Thread-1062] INFO  impl.RoleInfo (RoleInfo.java:shutdownLeaderState(104)) - 26a699e2-9f6c-4368-8bb8-6bca25baed85: shutdown LeaderState
2019-09-19 16:47:17,787 [ForkJoinPool.commonPool-worker-0] INFO  impl.RoleInfo (RoleInfo.java:shutdownLeaderState(104)) - 26a699e2-9f6c-4368-8bb8-6bca25baed85: shutdown LeaderState
2019-09-19 16:47:17,787 [Thread-1062] INFO  impl.PendingRequests (PendingRequests.java:sendNotLeaderResponses(202)) - 26a699e2-9f6c-4368-8bb8-6bca25baed85-PendingRequests: sendNotLeaderResponses
2019-09-19 16:47:17,787 [ForkJoinPool.commonPool-worker-0] INFO  impl.PendingRequests (PendingRequests.java:sendNotLeaderResponses(202)) - 26a699e2-9f6c-4368-8bb8-6bca25baed85-PendingRequests: sendNotLeaderResponses
2019-09-19 16:47:17,788 [Thread-1062] INFO  impl.StateMachineUpdater (StateMachineUpdater.java:stopAndJoin(115)) - StateMachineUpdater:26a699e2-9f6c-4368-8bb8-6bca25baed85:group-22008E4D7031: set stopIndex = 0
2019-09-19 16:47:17,788 [ForkJoinPool.commonPool-worker-0] INFO  impl.StateMachineUpdater (StateMachineUpdater.java:stopAndJoin(115)) - StateMachineUpdater:26a699e2-9f6c-4368-8bb8-6bca25baed85:group-DE62524D4D6E: set stopIndex = 0
2019-09-19 16:47:17,788 [Thread-1062] INFO  impl.RaftServerImpl (ServerState.java:close(394)) - 26a699e2-9f6c-4368-8bb8-6bca25baed85:group-22008E4D7031 closes. The last applied log index is 0
2019-09-19 16:47:17,789 [ForkJoinPool.commonPool-worker-0] INFO  impl.RaftServerImpl (ServerState.java:close(394)) - 26a699e2-9f6c-4368-8bb8-6bca25baed85:group-DE62524D4D6E closes. The last applied log index is 0
2019-09-19 16:47:17,789 [26a699e2-9f6c-4368-8bb8-6bca25baed85-SegmentedRaftLogWorker:Storage Directory /workdir/hadoop-ozone/ozonefs/target/test-dir/MiniOzoneClusterImpl-fcaa30ee-2967-4065-be48-824e4576b1bf/datanode-2/data/ratis/ed4117ac-4ce8-4794-98bb-22008e4d7031] INFO  segmented.SegmentedRaftLogWorker (SegmentedRaftLogWorker.java:run(313)) - 26a699e2-9f6c-4368-8bb8-6bca25baed85-SegmentedRaftLogWorker:Storage Directory /workdir/hadoop-ozone/ozonefs/target/test-dir/MiniOzoneClusterImpl-fcaa30ee-2967-4065-be48-824e4576b1bf/datanode-2/data/ratis/ed4117ac-4ce8-4794-98bb-22008e4d7031 was interrupted, exiting. There are 0 tasks remaining in the queue.
2019-09-19 16:47:17,789 [26a699e2-9f6c-4368-8bb8-6bca25baed85-SegmentedRaftLogWorker:Storage Directory /workdir/hadoop-ozone/ozonefs/target/test-dir/MiniOzoneClusterImpl-fcaa30ee-2967-4065-be48-824e4576b1bf/datanode-2/data/ratis/81252bf9-3db1-444a-bbee-de62524d4d6e] INFO  segmented.SegmentedRaftLogWorker (SegmentedRaftLogWorker.java:run(313)) - 26a699e2-9f6c-4368-8bb8-6bca25baed85-SegmentedRaftLogWorker:Storage Directory /workdir/hadoop-ozone/ozonefs/target/test-dir/MiniOzoneClusterImpl-fcaa30ee-2967-4065-be48-824e4576b1bf/datanode-2/data/ratis/81252bf9-3db1-444a-bbee-de62524d4d6e was interrupted, exiting. There are 0 tasks remaining in the queue.
2019-09-19 16:47:17,789 [Thread-1062] INFO  segmented.SegmentedRaftLogWorker (SegmentedRaftLogWorker.java:close(228)) - 26a699e2-9f6c-4368-8bb8-6bca25baed85-SegmentedRaftLogWorker:Storage Directory /workdir/hadoop-ozone/ozonefs/target/test-dir/MiniOzoneClusterImpl-fcaa30ee-2967-4065-be48-824e4576b1bf/datanode-2/data/ratis/ed4117ac-4ce8-4794-98bb-22008e4d7031 close()
2019-09-19 16:47:17,790 [ForkJoinPool.commonPool-worker-0] INFO  segmented.SegmentedRaftLogWorker (SegmentedRaftLogWorker.java:close(228)) - 26a699e2-9f6c-4368-8bb8-6bca25baed85-SegmentedRaftLogWorker:Storage Directory /workdir/hadoop-ozone/ozonefs/target/test-dir/MiniOzoneClusterImpl-fcaa30ee-2967-4065-be48-824e4576b1bf/datanode-2/data/ratis/81252bf9-3db1-444a-bbee-de62524d4d6e close()
2019-09-19 16:47:17,790 [Thread-1062] INFO  impl.RaftServerImpl (RaftServerImpl.java:lambda$shutdown$3(245)) - 26a699e2-9f6c-4368-8bb8-6bca25baed85: shutdown group-B0786EF4FB8C
2019-09-19 16:47:17,790 [ForkJoinPool.commonPool-worker-0] INFO  impl.RaftServerImpl (RaftServerImpl.java:lambda$shutdown$3(245)) - 26a699e2-9f6c-4368-8bb8-6bca25baed85: shutdown group-93C6970D86FC
2019-09-19 16:47:17,790 [Thread-1062] INFO  util.JmxRegister (JmxRegister.java:unregister(73)) - Successfully un-registered JMX Bean with object name Ratis:service=RaftServer,group=group-B0786EF4FB8C,id=26a699e2-9f6c-4368-8bb8-6bca25baed85
2019-09-19 16:47:17,791 [ForkJoinPool.commonPool-worker-0] INFO  util.JmxRegister (JmxRegister.java:unregister(73)) - Successfully un-registered JMX Bean with object name Ratis:service=RaftServer,group=group-93C6970D86FC,id=26a699e2-9f6c-4368-8bb8-6bca25baed85
2019-09-19 16:47:17,791 [Thread-1062] INFO  impl.RoleInfo (RoleInfo.java:shutdownLeaderState(104)) - 26a699e2-9f6c-4368-8bb8-6bca25baed85: shutdown LeaderState
2019-09-19 16:47:17,791 [ForkJoinPool.commonPool-worker-0] INFO  impl.RoleInfo (RoleInfo.java:shutdownLeaderState(104)) - 26a699e2-9f6c-4368-8bb8-6bca25baed85: shutdown LeaderState
2019-09-19 16:47:17,791 [Thread-1062] INFO  impl.PendingRequests (PendingRequests.java:sendNotLeaderResponses(202)) - 26a699e2-9f6c-4368-8bb8-6bca25baed85-PendingRequests: sendNotLeaderResponses
2019-09-19 16:47:17,792 [ForkJoinPool.commonPool-worker-0] INFO  impl.PendingRequests (PendingRequests.java:sendNotLeaderResponses(202)) - 26a699e2-9f6c-4368-8bb8-6bca25baed85-PendingRequests: sendNotLeaderResponses
2019-09-19 16:47:17,792 [Thread-1062] INFO  impl.StateMachineUpdater (StateMachineUpdater.java:stopAndJoin(115)) - StateMachineUpdater:26a699e2-9f6c-4368-8bb8-6bca25baed85:group-B0786EF4FB8C: set stopIndex = 0
2019-09-19 16:47:17,792 [ForkJoinPool.commonPool-worker-0] INFO  impl.StateMachineUpdater (StateMachineUpdater.java:stopAndJoin(115)) - StateMachineUpdater:26a699e2-9f6c-4368-8bb8-6bca25baed85:group-93C6970D86FC: set stopIndex = 0
2019-09-19 16:47:17,792 [Thread-1062] INFO  impl.RaftServerImpl (ServerState.java:close(394)) - 26a699e2-9f6c-4368-8bb8-6bca25baed85:group-B0786EF4FB8C closes. The last applied log index is 0
2019-09-19 16:47:17,793 [ForkJoinPool.commonPool-worker-0] INFO  impl.RaftServerImpl (ServerState.java:close(394)) - 26a699e2-9f6c-4368-8bb8-6bca25baed85:group-93C6970D86FC closes. The last applied log index is 0
2019-09-19 16:47:17,793 [26a699e2-9f6c-4368-8bb8-6bca25baed85-SegmentedRaftLogWorker:Storage Directory /workdir/hadoop-ozone/ozonefs/target/test-dir/MiniOzoneClusterImpl-fcaa30ee-2967-4065-be48-824e4576b1bf/datanode-2/data/ratis/c84e701f-7bbf-47da-b495-b0786ef4fb8c] INFO  segmented.SegmentedRaftLogWorker (SegmentedRaftLogWorker.java:run(313)) - 26a699e2-9f6c-4368-8bb8-6bca25baed85-SegmentedRaftLogWorker:Storage Directory /workdir/hadoop-ozone/ozonefs/target/test-dir/MiniOzoneClusterImpl-fcaa30ee-2967-4065-be48-824e4576b1bf/datanode-2/data/ratis/c84e701f-7bbf-47da-b495-b0786ef4fb8c was interrupted, exiting. There are 0 tasks remaining in the queue.
2019-09-19 16:47:17,793 [26a699e2-9f6c-4368-8bb8-6bca25baed85-SegmentedRaftLogWorker:Storage Directory /workdir/hadoop-ozone/ozonefs/target/test-dir/MiniOzoneClusterImpl-fcaa30ee-2967-4065-be48-824e4576b1bf/datanode-2/data/ratis/84d529d4-cb58-4e76-b926-93c6970d86fc] INFO  segmented.SegmentedRaftLogWorker (SegmentedRaftLogWorker.java:run(313)) - 26a699e2-9f6c-4368-8bb8-6bca25baed85-SegmentedRaftLogWorker:Storage Directory /workdir/hadoop-ozone/ozonefs/target/test-dir/MiniOzoneClusterImpl-fcaa30ee-2967-4065-be48-824e4576b1bf/datanode-2/data/ratis/84d529d4-cb58-4e76-b926-93c6970d86fc was interrupted, exiting. There are 0 tasks remaining in the queue.
2019-09-19 16:47:17,793 [Thread-1062] INFO  segmented.SegmentedRaftLogWorker (SegmentedRaftLogWorker.java:close(228)) - 26a699e2-9f6c-4368-8bb8-6bca25baed85-SegmentedRaftLogWorker:Storage Directory /workdir/hadoop-ozone/ozonefs/target/test-dir/MiniOzoneClusterImpl-fcaa30ee-2967-4065-be48-824e4576b1bf/datanode-2/data/ratis/c84e701f-7bbf-47da-b495-b0786ef4fb8c close()
2019-09-19 16:47:17,793 [ForkJoinPool.commonPool-worker-0] INFO  segmented.SegmentedRaftLogWorker (SegmentedRaftLogWorker.java:close(228)) - 26a699e2-9f6c-4368-8bb8-6bca25baed85-SegmentedRaftLogWorker:Storage Directory /workdir/hadoop-ozone/ozonefs/target/test-dir/MiniOzoneClusterImpl-fcaa30ee-2967-4065-be48-824e4576b1bf/datanode-2/data/ratis/84d529d4-cb58-4e76-b926-93c6970d86fc close()
2019-09-19 16:47:17,794 [Thread-1062] INFO  impl.RaftServerImpl (RaftServerImpl.java:lambda$shutdown$3(245)) - 26a699e2-9f6c-4368-8bb8-6bca25baed85: shutdown group-32575B7A9555
2019-09-19 16:47:17,794 [ForkJoinPool.commonPool-worker-0] INFO  impl.RaftServerImpl (RaftServerImpl.java:lambda$shutdown$3(245)) - 26a699e2-9f6c-4368-8bb8-6bca25baed85: shutdown group-10E7AFE7E343
2019-09-19 16:47:17,794 [Thread-1062] INFO  util.JmxRegister (JmxRegister.java:unregister(73)) - Successfully un-registered JMX Bean with object name Ratis:service=RaftServer,group=group-32575B7A9555,id=26a699e2-9f6c-4368-8bb8-6bca25baed85
2019-09-19 16:47:17,794 [ForkJoinPool.commonPool-worker-0] INFO  util.JmxRegister (JmxRegister.java:unregister(73)) - Successfully un-registered JMX Bean with object name Ratis:service=RaftServer,group=group-10E7AFE7E343,id=26a699e2-9f6c-4368-8bb8-6bca25baed85
2019-09-19 16:47:17,795 [Thread-1062] INFO  impl.RoleInfo (RoleInfo.java:shutdownLeaderState(104)) - 26a699e2-9f6c-4368-8bb8-6bca25baed85: shutdown LeaderState
2019-09-19 16:47:17,795 [ForkJoinPool.commonPool-worker-0] INFO  impl.RoleInfo (RoleInfo.java:shutdownLeaderState(104)) - 26a699e2-9f6c-4368-8bb8-6bca25baed85: shutdown LeaderState
2019-09-19 16:47:17,795 [Thread-1062] INFO  impl.PendingRequests (PendingRequests.java:sendNotLeaderResponses(202)) - 26a699e2-9f6c-4368-8bb8-6bca25baed85-PendingRequests: sendNotLeaderResponses
2019-09-19 16:47:17,795 [ForkJoinPool.commonPool-worker-0] INFO  impl.PendingRequests (PendingRequests.java:sendNotLeaderResponses(202)) - 26a699e2-9f6c-4368-8bb8-6bca25baed85-PendingRequests: sendNotLeaderResponses
2019-09-19 16:47:17,796 [Thread-1062] INFO  impl.StateMachineUpdater (StateMachineUpdater.java:stopAndJoin(115)) - StateMachineUpdater:26a699e2-9f6c-4368-8bb8-6bca25baed85:group-32575B7A9555: set stopIndex = 0
2019-09-19 16:47:17,796 [ForkJoinPool.commonPool-worker-0] INFO  impl.StateMachineUpdater (StateMachineUpdater.java:stopAndJoin(115)) - StateMachineUpdater:26a699e2-9f6c-4368-8bb8-6bca25baed85:group-10E7AFE7E343: set stopIndex = 0
2019-09-19 16:47:17,796 [Thread-1062] INFO  impl.RaftServerImpl (ServerState.java:close(394)) - 26a699e2-9f6c-4368-8bb8-6bca25baed85:group-32575B7A9555 closes. The last applied log index is 0
2019-09-19 16:47:17,796 [ForkJoinPool.commonPool-worker-0] INFO  impl.RaftServerImpl (ServerState.java:close(394)) - 26a699e2-9f6c-4368-8bb8-6bca25baed85:group-10E7AFE7E343 closes. The last applied log index is 0
2019-09-19 16:47:17,797 [26a699e2-9f6c-4368-8bb8-6bca25baed85-SegmentedRaftLogWorker:Storage Directory /workdir/hadoop-ozone/ozonefs/target/test-dir/MiniOzoneClusterImpl-fcaa30ee-2967-4065-be48-824e4576b1bf/datanode-2/data/ratis/5af2a0b0-d4ca-4ef8-9b3a-32575b7a9555] INFO  segmented.SegmentedRaftLogWorker (SegmentedRaftLogWorker.java:run(313)) - 26a699e2-9f6c-4368-8bb8-6bca25baed85-SegmentedRaftLogWorker:Storage Directory /workdir/hadoop-ozone/ozonefs/target/test-dir/MiniOzoneClusterImpl-fcaa30ee-2967-4065-be48-824e4576b1bf/datanode-2/data/ratis/5af2a0b0-d4ca-4ef8-9b3a-32575b7a9555 was interrupted, exiting. There are 0 tasks remaining in the queue.
2019-09-19 16:47:17,797 [26a699e2-9f6c-4368-8bb8-6bca25baed85-SegmentedRaftLogWorker:Storage Directory /workdir/hadoop-ozone/ozonefs/target/test-dir/MiniOzoneClusterImpl-fcaa30ee-2967-4065-be48-824e4576b1bf/datanode-2/data/ratis/a0196db8-880f-439b-9d09-10e7afe7e343] INFO  segmented.SegmentedRaftLogWorker (SegmentedRaftLogWorker.java:run(313)) - 26a699e2-9f6c-4368-8bb8-6bca25baed85-SegmentedRaftLogWorker:Storage Directory /workdir/hadoop-ozone/ozonefs/target/test-dir/MiniOzoneClusterImpl-fcaa30ee-2967-4065-be48-824e4576b1bf/datanode-2/data/ratis/a0196db8-880f-439b-9d09-10e7afe7e343 was interrupted, exiting. There are 0 tasks remaining in the queue.
2019-09-19 16:47:17,797 [Thread-1062] INFO  segmented.SegmentedRaftLogWorker (SegmentedRaftLogWorker.java:close(228)) - 26a699e2-9f6c-4368-8bb8-6bca25baed85-SegmentedRaftLogWorker:Storage Directory /workdir/hadoop-ozone/ozonefs/target/test-dir/MiniOzoneClusterImpl-fcaa30ee-2967-4065-be48-824e4576b1bf/datanode-2/data/ratis/5af2a0b0-d4ca-4ef8-9b3a-32575b7a9555 close()
2019-09-19 16:47:17,797 [ForkJoinPool.commonPool-worker-0] INFO  segmented.SegmentedRaftLogWorker (SegmentedRaftLogWorker.java:close(228)) - 26a699e2-9f6c-4368-8bb8-6bca25baed85-SegmentedRaftLogWorker:Storage Directory /workdir/hadoop-ozone/ozonefs/target/test-dir/MiniOzoneClusterImpl-fcaa30ee-2967-4065-be48-824e4576b1bf/datanode-2/data/ratis/a0196db8-880f-439b-9d09-10e7afe7e343 close()
2019-09-19 16:47:17,798 [Thread-1062] INFO  server.GrpcService (GrpcService.java:closeImpl(155)) - 26a699e2-9f6c-4368-8bb8-6bca25baed85: shutdown server with port 42864 now
2019-09-19 16:47:17,800 [Thread-1062] INFO  server.GrpcService (GrpcService.java:closeImpl(163)) - 26a699e2-9f6c-4368-8bb8-6bca25baed85: shutdown server with port 42864 successfully
2019-09-19 16:47:17,802 [Thread-1062] INFO  utils.BackgroundService (BackgroundService.java:shutdown(148)) - Shutting down service BlockDeletingService
2019-09-19 16:47:17,803 [refreshUsed-/workdir/hadoop-ozone/ozonefs/target/test-dir/MiniOzoneClusterImpl-fcaa30ee-2967-4065-be48-824e4576b1bf/datanode-2/data/containers] WARN  fs.CachingGetSpaceUsed (CachingGetSpaceUsed.java:run(183)) - Thread Interrupted waiting to refresh disk information: sleep interrupted
2019-09-19 16:47:17,824 [Thread-1062] INFO  statemachine.DatanodeStateMachine (DatanodeStateMachine.java:stopDaemon(395)) - Ozone container server stopped.
2019-09-19 16:47:17,825 [Thread-1062] INFO  handler.ContextHandler (ContextHandler.java:doStop(910)) - Stopped o.e.j.w.WebAppContext@54f1ff13{/,null,UNAVAILABLE}{/hddsDatanode}
2019-09-19 16:47:17,825 [Thread-1062] INFO  server.AbstractConnector (AbstractConnector.java:doStop(318)) - Stopped ServerConnector@53b23b26{HTTP/1.1,[http/1.1]}{0.0.0.0:0}
2019-09-19 16:47:17,826 [Thread-1062] INFO  handler.ContextHandler (ContextHandler.java:doStop(910)) - Stopped o.e.j.s.ServletContextHandler@301c9069{/static,jar:file:/home/user/.m2/repository/org/apache/hadoop/hadoop-hdds-container-service/0.5.0-SNAPSHOT/hadoop-hdds-container-service-0.5.0-SNAPSHOT.jar!/webapps/static,UNAVAILABLE}
2019-09-19 16:47:17,826 [Thread-1062] INFO  handler.ContextHandler (ContextHandler.java:doStop(910)) - Stopped o.e.j.s.ServletContextHandler@462ebb0c{/logs,file:///workdir/hadoop-ozone/ozonefs/target/log,UNAVAILABLE}
2019-09-19 16:47:17,827 [Thread-1062] INFO  ozone.MiniOzoneClusterImpl (MiniOzoneClusterImpl.java:stop(353)) - Stopping the StorageContainerManager
2019-09-19 16:47:17,827 [Thread-1062] INFO  server.StorageContainerManager (StorageContainerManager.java:stop(797)) - Stopping Replication Manager Service.
2019-09-19 16:47:17,827 [Thread-1062] INFO  container.ReplicationManager (ReplicationManager.java:stop(192)) - Stopping Replication Monitor Thread.
2019-09-19 16:47:17,827 [Thread-1062] INFO  server.StorageContainerManager (StorageContainerManager.java:stop(804)) - Stopping Lease Manager of the command watchers
2019-09-19 16:47:17,827 [Thread-1062] INFO  server.StorageContainerManager (StorageContainerManager.java:stop(811)) - Stopping datanode service RPC server
2019-09-19 16:47:17,827 [Thread-1062] INFO  server.SCMDatanodeProtocolServer (SCMDatanodeProtocolServer.java:stop(367)) - Stopping the RPC server for DataNodes
2019-09-19 16:47:17,827 [Thread-1062] INFO  ipc.Server (Server.java:stop(3082)) - Stopping server on 39918
2019-09-19 16:47:17,830 [IPC Server listener on 39918] INFO  ipc.Server (Server.java:run(1185)) - Stopping IPC Server listener on 39918
2019-09-19 16:47:17,831 [IPC Server Responder] INFO  ipc.Server (Server.java:run(1319)) - Stopping IPC Server Responder
2019-09-19 16:47:17,883 [SCM Heartbeat Processing Thread - 0] WARN  node.NodeStateManager (NodeStateManager.java:scheduleNextHealthCheck(655)) - Current Thread is interrupted, shutting down HB processing thread for Node Manager.
2019-09-19 16:47:17,883 [Thread-1062] INFO  server.StorageContainerManager (StorageContainerManager.java:stop(819)) - Stopping block service RPC server
2019-09-19 16:47:17,884 [Thread-1062] INFO  server.SCMBlockProtocolServer (SCMBlockProtocolServer.java:stop(148)) - Stopping the RPC server for Block Protocol
2019-09-19 16:47:17,884 [Thread-1062] INFO  ipc.Server (Server.java:stop(3082)) - Stopping server on 42824
2019-09-19 16:47:17,885 [IPC Server listener on 42824] INFO  ipc.Server (Server.java:run(1185)) - Stopping IPC Server listener on 42824
2019-09-19 16:47:17,886 [Thread-1062] INFO  server.StorageContainerManager (StorageContainerManager.java:stop(826)) - Stopping the StorageContainerLocationProtocol RPC server
2019-09-19 16:47:17,886 [IPC Server Responder] INFO  ipc.Server (Server.java:run(1319)) - Stopping IPC Server Responder
2019-09-19 16:47:17,888 [Thread-1062] INFO  server.SCMClientProtocolServer (SCMClientProtocolServer.java:stop(159)) - Stopping the RPC server for Client Protocol
2019-09-19 16:47:17,888 [Thread-1062] INFO  ipc.Server (Server.java:stop(3082)) - Stopping server on 41425
2019-09-19 16:47:17,889 [IPC Server listener on 41425] INFO  ipc.Server (Server.java:run(1185)) - Stopping IPC Server listener on 41425
2019-09-19 16:47:17,889 [IPC Server Responder] INFO  ipc.Server (Server.java:run(1319)) - Stopping IPC Server Responder
2019-09-19 16:47:17,889 [Thread-1062] INFO  server.StorageContainerManager (StorageContainerManager.java:stop(833)) - Stopping Storage Container Manager HTTP server.
2019-09-19 16:47:17,892 [Thread-1062] INFO  handler.ContextHandler (ContextHandler.java:doStop(910)) - Stopped o.e.j.w.WebAppContext@529628a8{/,null,UNAVAILABLE}{/scm}
2019-09-19 16:47:17,894 [Thread-1062] INFO  server.AbstractConnector (AbstractConnector.java:doStop(318)) - Stopped ServerConnector@444bc976{HTTP/1.1,[http/1.1]}{0.0.0.0:0}
2019-09-19 16:47:17,894 [Thread-1062] INFO  handler.ContextHandler (ContextHandler.java:doStop(910)) - Stopped o.e.j.s.ServletContextHandler@7336e6d2{/static,jar:file:/home/user/.m2/repository/org/apache/hadoop/hadoop-hdds-server-scm/0.5.0-SNAPSHOT/hadoop-hdds-server-scm-0.5.0-SNAPSHOT.jar!/webapps/static,UNAVAILABLE}
2019-09-19 16:47:17,894 [Thread-1062] INFO  handler.ContextHandler (ContextHandler.java:doStop(910)) - Stopped o.e.j.s.ServletContextHandler@313f5f14{/logs,file:///workdir/hadoop-ozone/ozonefs/target/log,UNAVAILABLE}
2019-09-19 16:47:17,895 [Thread-1062] INFO  server.StorageContainerManager (StorageContainerManager.java:stop(844)) - Stopping Block Manager Service.
2019-09-19 16:47:17,896 [Thread-1062] INFO  utils.BackgroundService (BackgroundService.java:shutdown(148)) - Shutting down service SCMBlockDeletingService
2019-09-19 16:47:17,896 [Thread-1062] INFO  utils.BackgroundService (BackgroundService.java:shutdown(148)) - Shutting down service SCMBlockDeletingService
2019-09-19 16:47:17,897 [Thread-1062] INFO  server.StorageContainerManager (StorageContainerManager.java:stop(866)) - Stopping SCM Event Queue.
2019-09-19 16:47:17,901 [Thread-1062] INFO  impl.MetricsSystemImpl (MetricsSystemImpl.java:stop(210)) - Stopping HddsDatanode metrics system...
2019-09-19 16:47:17,906 [Thread-1062] INFO  impl.MetricsSystemImpl (MetricsSystemImpl.java:stop(216)) - HddsDatanode metrics system stopped.
]]></system-out>
    <system-err><![CDATA[Sep 19, 2019 4:47:01 PM com.sun.jersey.server.impl.application.WebApplicationImpl _initiate
INFO: Initiating Jersey application, version 'Jersey: 1.19 02/11/2015 03:25 AM'
Sep 19, 2019 4:47:02 PM com.sun.jersey.server.impl.application.WebApplicationImpl _initiate
INFO: Initiating Jersey application, version 'Jersey: 1.19 02/11/2015 03:25 AM'
Sep 19, 2019 4:47:02 PM com.sun.jersey.server.impl.application.WebApplicationImpl _initiate
INFO: Initiating Jersey application, version 'Jersey: 1.19 02/11/2015 03:25 AM'
Sep 19, 2019 4:47:07 PM com.sun.jersey.server.impl.application.WebApplicationImpl _initiate
INFO: Initiating Jersey application, version 'Jersey: 1.19 02/11/2015 03:25 AM'
]]></system-err>
  </testcase>
  <testcase name="testDeleteCreatesFakeParentDir" classname="org.apache.hadoop.fs.ozone.TestOzoneFileSystem" time="17.411">
    <error message="Allocated 0 blocks. Requested 1 blocks" type="INTERNAL_ERROR org.apache.hadoop.ozone.om.exceptions.OMException">INTERNAL_ERROR org.apache.hadoop.ozone.om.exceptions.OMException: Allocated 0 blocks. Requested 1 blocks
	at org.apache.hadoop.ozone.om.protocolPB.OzoneManagerProtocolClientSideTranslatorPB.handleError(OzoneManagerProtocolClientSideTranslatorPB.java:725)
	at org.apache.hadoop.ozone.om.protocolPB.OzoneManagerProtocolClientSideTranslatorPB.createFile(OzoneManagerProtocolClientSideTranslatorPB.java:1474)
	at org.apache.hadoop.ozone.client.rpc.RpcClient.createFile(RpcClient.java:984)
	at org.apache.hadoop.ozone.client.OzoneBucket.createFile(OzoneBucket.java:535)
	at org.apache.hadoop.fs.ozone.BasicOzoneClientAdapterImpl.createFile(BasicOzoneClientAdapterImpl.java:181)
	at org.apache.hadoop.fs.ozone.BasicOzoneFileSystem.createOutputStream(BasicOzoneFileSystem.java:249)
	at org.apache.hadoop.fs.ozone.BasicOzoneFileSystem.create(BasicOzoneFileSystem.java:230)
	at org.apache.hadoop.fs.FileSystem.create(FileSystem.java:1118)
	at org.apache.hadoop.fs.FileSystem.create(FileSystem.java:1098)
	at org.apache.hadoop.fs.FileSystem.create(FileSystem.java:987)
	at org.apache.hadoop.fs.contract.ContractTestUtils.createFile(ContractTestUtils.java:633)
	at org.apache.hadoop.fs.contract.ContractTestUtils.touch(ContractTestUtils.java:669)
	at org.apache.hadoop.fs.ozone.TestOzoneFileSystem.testDeleteCreatesFakeParentDir(TestOzoneFileSystem.java:154)
	at sun.reflect.NativeMethodAccessorImpl.invoke0(Native Method)
	at sun.reflect.NativeMethodAccessorImpl.invoke(NativeMethodAccessorImpl.java:62)
	at sun.reflect.DelegatingMethodAccessorImpl.invoke(DelegatingMethodAccessorImpl.java:43)
	at java.lang.reflect.Method.invoke(Method.java:498)
	at org.junit.runners.model.FrameworkMethod$1.runReflectiveCall(FrameworkMethod.java:47)
	at org.junit.internal.runners.model.ReflectiveCallable.run(ReflectiveCallable.java:12)
	at org.junit.runners.model.FrameworkMethod.invokeExplosively(FrameworkMethod.java:44)
	at org.junit.internal.runners.statements.InvokeMethod.evaluate(InvokeMethod.java:17)
	at org.junit.internal.runners.statements.RunBefores.evaluate(RunBefores.java:26)
	at org.junit.internal.runners.statements.RunAfters.evaluate(RunAfters.java:27)
	at org.junit.internal.runners.statements.FailOnTimeout$StatementThread.run(FailOnTimeout.java:74)
</error>
    <system-out><![CDATA[2019-09-19 16:47:17,960 [Thread-1328] WARN  server.ServerUtils (ServerUtils.java:getScmDbDir(145)) - ozone.scm.db.dirs is not configured. We recommend adding this setting. Falling back to ozone.metadata.dirs instead.
2019-09-19 16:47:17,987 [Thread-1328] WARN  server.ServerUtils (ServerUtils.java:getScmDbDir(145)) - ozone.scm.db.dirs is not configured. We recommend adding this setting. Falling back to ozone.metadata.dirs instead.
2019-09-19 16:47:17,987 [Thread-1328] WARN  server.ServerUtils (ServerUtils.java:getScmDbDir(145)) - ozone.scm.db.dirs is not configured. We recommend adding this setting. Falling back to ozone.metadata.dirs instead.
2019-09-19 16:47:17,988 [Thread-1328] INFO  db.DBStoreBuilder (DBStoreBuilder.java:addTable(110)) - using custom profile for table: deletedBlocks
2019-09-19 16:47:17,988 [Thread-1328] INFO  db.DBStoreBuilder (DBStoreBuilder.java:processTables(161)) - Using default column profile:DBProfile.DISK for Table:deletedBlocks
2019-09-19 16:47:17,989 [Thread-1328] INFO  db.DBStoreBuilder (DBStoreBuilder.java:addTable(110)) - using custom profile for table: validCerts
2019-09-19 16:47:17,989 [Thread-1328] INFO  db.DBStoreBuilder (DBStoreBuilder.java:processTables(161)) - Using default column profile:DBProfile.DISK for Table:validCerts
2019-09-19 16:47:17,989 [Thread-1328] INFO  db.DBStoreBuilder (DBStoreBuilder.java:addTable(110)) - using custom profile for table: revokedCerts
2019-09-19 16:47:17,990 [Thread-1328] INFO  db.DBStoreBuilder (DBStoreBuilder.java:processTables(161)) - Using default column profile:DBProfile.DISK for Table:revokedCerts
2019-09-19 16:47:17,990 [Thread-1328] INFO  db.DBStoreBuilder (DBStoreBuilder.java:addTable(110)) - using custom profile for table: default
2019-09-19 16:47:17,990 [Thread-1328] INFO  db.DBStoreBuilder (DBStoreBuilder.java:processTables(167)) - Using default column profile:DBProfile.DISK for Table:default
2019-09-19 16:47:17,991 [Thread-1328] INFO  db.DBStoreBuilder (DBStoreBuilder.java:getDbProfile(198)) - Using default options. DBProfile.DISK
2019-09-19 16:47:18,206 [Thread-1328] INFO  net.NodeSchemaLoader (NodeSchemaLoader.java:loadSchemaFromFile(125)) - Loading file from sun.misc.CompoundEnumeration@4f970931
2019-09-19 16:47:18,206 [Thread-1328] INFO  net.NodeSchemaLoader (NodeSchemaLoader.java:loadSchema(171)) - Loading network topology layer schema file
2019-09-19 16:47:18,213 [Thread-1328] WARN  server.ServerUtils (ServerUtils.java:sanitizeUserArgs(70)) - ozone.scm.stale.node.interval value = 300000 is larger than max = 100000 based on the key value of ozone.scm.heartbeat.thread.interval, reset to the max value 100000.
2019-09-19 16:47:18,213 [Thread-1328] WARN  server.ServerUtils (ServerUtils.java:sanitizeUserArgs(70)) - ozone.scm.stale.node.interval value = 300000 is larger than max = 100000 based on the key value of ozone.scm.heartbeat.thread.interval, reset to the max value 100000.
2019-09-19 16:47:18,213 [Thread-1328] INFO  node.SCMNodeManager (SCMNodeManager.java:<init>(121)) - Entering startup safe mode.
2019-09-19 16:47:18,214 [Thread-1328] INFO  algorithms.ContainerPlacementPolicyFactory (ContainerPlacementPolicyFactory.java:getPolicy(56)) - Create container placement policy of type org.apache.hadoop.hdds.scm.container.placement.algorithms.SCMContainerPlacementRandom
2019-09-19 16:47:18,215 [Thread-1328] WARN  server.ServerUtils (ServerUtils.java:getScmDbDir(145)) - ozone.scm.db.dirs is not configured. We recommend adding this setting. Falling back to ozone.metadata.dirs instead.
2019-09-19 16:47:18,291 [Thread-1328] INFO  pipeline.SCMPipelineManager (SCMPipelineManager.java:initializePipelineState(126)) - No pipeline exists in current db
2019-09-19 16:47:18,292 [Thread-1328] WARN  server.ServerUtils (ServerUtils.java:getScmDbDir(145)) - ozone.scm.db.dirs is not configured. We recommend adding this setting. Falling back to ozone.metadata.dirs instead.
2019-09-19 16:47:18,390 [Thread-1328] WARN  events.EventQueue (EventQueue.java:fireEvent(175)) - No event handler registered for event TypedEvent{payloadType=SafeModeStatus, name='SafeModeStatus'}
2019-09-19 16:47:18,390 [Thread-1328] INFO  ipc.CallQueueManager (CallQueueManager.java:<init>(84)) - Using callQueue: class java.util.concurrent.LinkedBlockingQueue, queueCapacity: 2000, scheduler: class org.apache.hadoop.ipc.DefaultRpcScheduler, ipcBackoff: false.
2019-09-19 16:47:18,391 [Socket Reader #1 for port 39065] INFO  ipc.Server (Server.java:run(1074)) - Starting Socket Reader #1 for port 39065
2019-09-19 16:47:18,394 [Thread-1328] INFO  ipc.CallQueueManager (CallQueueManager.java:<init>(84)) - Using callQueue: class java.util.concurrent.LinkedBlockingQueue, queueCapacity: 2000, scheduler: class org.apache.hadoop.ipc.DefaultRpcScheduler, ipcBackoff: false.
2019-09-19 16:47:18,395 [Socket Reader #1 for port 34207] INFO  ipc.Server (Server.java:run(1074)) - Starting Socket Reader #1 for port 34207
2019-09-19 16:47:18,397 [Thread-1328] INFO  ipc.CallQueueManager (CallQueueManager.java:<init>(84)) - Using callQueue: class java.util.concurrent.LinkedBlockingQueue, queueCapacity: 2000, scheduler: class org.apache.hadoop.ipc.DefaultRpcScheduler, ipcBackoff: false.
2019-09-19 16:47:18,398 [Socket Reader #1 for port 40863] INFO  ipc.Server (Server.java:run(1074)) - Starting Socket Reader #1 for port 40863
2019-09-19 16:47:18,404 [Thread-1328] INFO  hdfs.DFSUtil (DFSUtil.java:httpServerTemplateForNNAndJN(1641)) - Starting Web-server for scm at: http://0.0.0.0:0
2019-09-19 16:47:18,408 [Thread-1328] INFO  server.AuthenticationFilter (AuthenticationFilter.java:constructSecretProvider(240)) - Unable to initialize FileSignerSecretProvider, falling back to use random secrets.
2019-09-19 16:47:18,409 [Thread-1328] WARN  http.HttpRequestLog (HttpRequestLog.java:getRequestLog(97)) - Jetty request log can only be enabled using Log4j
2019-09-19 16:47:18,412 [Thread-1328] INFO  http.HttpServer2 (HttpServer2.java:addGlobalFilter(975)) - Added global filter 'safety' (class=org.apache.hadoop.http.HttpServer2$QuotingInputFilter)
2019-09-19 16:47:18,413 [Thread-1328] INFO  http.HttpServer2 (HttpServer2.java:addFilter(948)) - Added filter static_user_filter (class=org.apache.hadoop.http.lib.StaticUserWebFilter$StaticUserFilter) to context scm
2019-09-19 16:47:18,413 [Thread-1328] INFO  http.HttpServer2 (HttpServer2.java:addFilter(958)) - Added filter static_user_filter (class=org.apache.hadoop.http.lib.StaticUserWebFilter$StaticUserFilter) to context static
2019-09-19 16:47:18,413 [Thread-1328] INFO  http.HttpServer2 (HttpServer2.java:addFilter(958)) - Added filter static_user_filter (class=org.apache.hadoop.http.lib.StaticUserWebFilter$StaticUserFilter) to context logs
2019-09-19 16:47:18,416 [Thread-1328] INFO  server.StorageContainerManager (StorageContainerManager.java:start(759)) - StorageContainerLocationProtocol RPC server is listening at /0.0.0.0:40863
2019-09-19 16:47:18,418 [Thread-1328] WARN  impl.MetricsConfig (MetricsConfig.java:loadFirst(134)) - Cannot locate configuration: tried hadoop-metrics2-storagecontainermanager.properties,hadoop-metrics2.properties
2019-09-19 16:47:18,419 [Thread-1328] INFO  impl.MetricsSystemImpl (MetricsSystemImpl.java:startTimer(374)) - Scheduled Metric snapshot period at 10 second(s).
2019-09-19 16:47:18,420 [Thread-1328] INFO  impl.MetricsSystemImpl (MetricsSystemImpl.java:start(191)) - StorageContainerManager metrics system started
2019-09-19 16:47:18,490 [Thread-1328] INFO  server.SCMClientProtocolServer (SCMClientProtocolServer.java:start(151)) - RPC server for Client  is listening at /0.0.0.0:40863
2019-09-19 16:47:18,491 [IPC Server Responder] INFO  ipc.Server (Server.java:run(1314)) - IPC Server Responder: starting
2019-09-19 16:47:18,492 [IPC Server listener on 40863] INFO  ipc.Server (Server.java:run(1153)) - IPC Server listener on 40863: starting
2019-09-19 16:47:18,495 [Thread-1328] INFO  server.StorageContainerManager (StorageContainerManager.java:start(769)) - ScmBlockLocationProtocol RPC server is listening at /0.0.0.0:34207
2019-09-19 16:47:18,496 [Thread-1328] INFO  server.SCMBlockProtocolServer (SCMBlockProtocolServer.java:start(140)) - RPC server for Block Protocol is listening at /0.0.0.0:34207
2019-09-19 16:47:18,496 [IPC Server Responder] INFO  ipc.Server (Server.java:run(1314)) - IPC Server Responder: starting
2019-09-19 16:47:18,496 [IPC Server listener on 34207] INFO  ipc.Server (Server.java:run(1153)) - IPC Server listener on 34207: starting
2019-09-19 16:47:18,500 [Thread-1328] INFO  server.StorageContainerManager (StorageContainerManager.java:start(773)) - ScmDatanodeProtocl RPC server is listening at /0.0.0.0:39065
2019-09-19 16:47:18,500 [Thread-1328] INFO  server.SCMDatanodeProtocolServer (SCMDatanodeProtocolServer.java:start(191)) - RPC server for DataNodes is listening at /0.0.0.0:39065
2019-09-19 16:47:18,501 [IPC Server Responder] INFO  ipc.Server (Server.java:run(1314)) - IPC Server Responder: starting
2019-09-19 16:47:18,501 [IPC Server listener on 39065] INFO  ipc.Server (Server.java:run(1153)) - IPC Server listener on 39065: starting
2019-09-19 16:47:18,507 [Thread-1328] INFO  http.HttpServer2 (HttpServer2.java:bindListener(1191)) - Jetty bound to port 40383
2019-09-19 16:47:18,507 [Thread-1328] INFO  server.Server (Server.java:doStart(351)) - jetty-9.3.24.v20180605, build timestamp: 2018-06-05T17:11:56Z, git hash: 84205aa28f11a4f31f2a3b86d1bba2cc8ab69827
2019-09-19 16:47:18,509 [Thread-1328] INFO  handler.ContextHandler (ContextHandler.java:doStart(781)) - Started o.e.j.s.ServletContextHandler@11a20080{/logs,file:///workdir/hadoop-ozone/ozonefs/target/log,AVAILABLE}
2019-09-19 16:47:18,510 [Thread-1328] INFO  handler.ContextHandler (ContextHandler.java:doStart(781)) - Started o.e.j.s.ServletContextHandler@29c6a1f6{/static,jar:file:/home/user/.m2/repository/org/apache/hadoop/hadoop-hdds-server-scm/0.5.0-SNAPSHOT/hadoop-hdds-server-scm-0.5.0-SNAPSHOT.jar!/webapps/static,AVAILABLE}
2019-09-19 16:47:18,581 [Thread-1328] INFO  handler.ContextHandler (ContextHandler.java:doStart(781)) - Started o.e.j.w.WebAppContext@626e192d{/,file:///tmp/jetty-0.0.0.0-40383-scm-_-any-6390005244262350032.dir/webapp/,AVAILABLE}{/scm}
2019-09-19 16:47:18,583 [Thread-1328] INFO  server.AbstractConnector (AbstractConnector.java:doStart(278)) - Started ServerConnector@3a3a03ba{HTTP/1.1,[http/1.1]}{0.0.0.0:40383}
2019-09-19 16:47:18,583 [Thread-1328] INFO  server.Server (Server.java:doStart(419)) - Started @95190ms
2019-09-19 16:47:18,584 [Thread-1328] INFO  server.BaseHttpServer (BaseHttpServer.java:updateConnectorAddress(213)) - HTTP server of SCM is listening at http://0.0.0.0:40383
2019-09-19 16:47:18,585 [Thread-1328] WARN  server.ServerUtils (ServerUtils.java:getDBPath(222)) - ozone.om.db.dirs is not configured. We recommend adding this setting. Falling back to ozone.metadata.dirs instead.
2019-09-19 16:47:18,585 [org.apache.hadoop.util.JvmPauseMonitor$Monitor@51c70da4] INFO  util.JvmPauseMonitor (JvmPauseMonitor.java:run(188)) - Starting JVM pause monitor
2019-09-19 16:47:18,611 [Thread-1328] WARN  server.ServerUtils (ServerUtils.java:getDBPath(222)) - ozone.om.db.dirs is not configured. We recommend adding this setting. Falling back to ozone.metadata.dirs instead.
2019-09-19 16:47:18,612 [Thread-1328] WARN  server.ServerUtils (ServerUtils.java:getDBPath(222)) - ozone.om.db.dirs is not configured. We recommend adding this setting. Falling back to ozone.metadata.dirs instead.
2019-09-19 16:47:18,612 [Thread-1328] INFO  om.OzoneManager (OzoneManager.java:setOMNodeDetails(645)) - OM Service ID is not set. Setting it to the default ID: omServiceIdDefault
2019-09-19 16:47:18,612 [Thread-1328] INFO  om.OzoneManager (OzoneManager.java:setOMNodeDetails(651)) - OM Node ID is not set. Setting it to the OmStorage's OmID: 6dfcb763-6461-46d3-b7f3-92b384eec6cd
2019-09-19 16:47:18,612 [Thread-1328] INFO  om.OzoneManager (OzoneManager.java:loadOMHAConfigs(602)) - Found matching OM address with OMServiceId: null, OMNodeId: null, RPC Address: localhost:0 and Ratis port: 9872
2019-09-19 16:47:18,622 | INFO  | SCMAudit | user=jenkins1000 | ip=192.168.157.226 | op=GET_SCM_INFO null | ret=SUCCESS |  
2019-09-19 16:47:18,625 [Thread-1328] WARN  server.ServerUtils (ServerUtils.java:getDBPath(222)) - ozone.om.db.dirs is not configured. We recommend adding this setting. Falling back to ozone.metadata.dirs instead.
2019-09-19 16:47:18,625 [Thread-1328] INFO  db.DBStoreBuilder (DBStoreBuilder.java:addTable(110)) - using custom profile for table: userTable
2019-09-19 16:47:18,625 [Thread-1328] INFO  db.DBStoreBuilder (DBStoreBuilder.java:processTables(161)) - Using default column profile:DBProfile.DISK for Table:userTable
2019-09-19 16:47:18,626 [Thread-1328] INFO  db.DBStoreBuilder (DBStoreBuilder.java:addTable(110)) - using custom profile for table: volumeTable
2019-09-19 16:47:18,626 [Thread-1328] INFO  db.DBStoreBuilder (DBStoreBuilder.java:processTables(161)) - Using default column profile:DBProfile.DISK for Table:volumeTable
2019-09-19 16:47:18,626 [Thread-1328] INFO  db.DBStoreBuilder (DBStoreBuilder.java:addTable(110)) - using custom profile for table: bucketTable
2019-09-19 16:47:18,626 [Thread-1328] INFO  db.DBStoreBuilder (DBStoreBuilder.java:processTables(161)) - Using default column profile:DBProfile.DISK for Table:bucketTable
2019-09-19 16:47:18,626 [Thread-1328] INFO  db.DBStoreBuilder (DBStoreBuilder.java:addTable(110)) - using custom profile for table: keyTable
2019-09-19 16:47:18,627 [Thread-1328] INFO  db.DBStoreBuilder (DBStoreBuilder.java:processTables(161)) - Using default column profile:DBProfile.DISK for Table:keyTable
2019-09-19 16:47:18,627 [Thread-1328] INFO  db.DBStoreBuilder (DBStoreBuilder.java:addTable(110)) - using custom profile for table: deletedTable
2019-09-19 16:47:18,627 [Thread-1328] INFO  db.DBStoreBuilder (DBStoreBuilder.java:processTables(161)) - Using default column profile:DBProfile.DISK for Table:deletedTable
2019-09-19 16:47:18,627 [Thread-1328] INFO  db.DBStoreBuilder (DBStoreBuilder.java:addTable(110)) - using custom profile for table: openKeyTable
2019-09-19 16:47:18,628 [Thread-1328] INFO  db.DBStoreBuilder (DBStoreBuilder.java:processTables(161)) - Using default column profile:DBProfile.DISK for Table:openKeyTable
2019-09-19 16:47:18,628 [Thread-1328] INFO  db.DBStoreBuilder (DBStoreBuilder.java:addTable(110)) - using custom profile for table: s3Table
2019-09-19 16:47:18,628 [Thread-1328] INFO  db.DBStoreBuilder (DBStoreBuilder.java:processTables(161)) - Using default column profile:DBProfile.DISK for Table:s3Table
2019-09-19 16:47:18,628 [Thread-1328] INFO  db.DBStoreBuilder (DBStoreBuilder.java:addTable(110)) - using custom profile for table: multipartInfoTable
2019-09-19 16:47:18,628 [Thread-1328] INFO  db.DBStoreBuilder (DBStoreBuilder.java:processTables(161)) - Using default column profile:DBProfile.DISK for Table:multipartInfoTable
2019-09-19 16:47:18,629 [Thread-1328] INFO  db.DBStoreBuilder (DBStoreBuilder.java:addTable(110)) - using custom profile for table: dTokenTable
2019-09-19 16:47:18,629 [Thread-1328] INFO  db.DBStoreBuilder (DBStoreBuilder.java:processTables(161)) - Using default column profile:DBProfile.DISK for Table:dTokenTable
2019-09-19 16:47:18,629 [Thread-1328] INFO  db.DBStoreBuilder (DBStoreBuilder.java:addTable(110)) - using custom profile for table: s3SecretTable
2019-09-19 16:47:18,629 [Thread-1328] INFO  db.DBStoreBuilder (DBStoreBuilder.java:processTables(161)) - Using default column profile:DBProfile.DISK for Table:s3SecretTable
2019-09-19 16:47:18,630 [Thread-1328] INFO  db.DBStoreBuilder (DBStoreBuilder.java:addTable(110)) - using custom profile for table: prefixTable
2019-09-19 16:47:18,630 [Thread-1328] INFO  db.DBStoreBuilder (DBStoreBuilder.java:processTables(161)) - Using default column profile:DBProfile.DISK for Table:prefixTable
2019-09-19 16:47:18,630 [Thread-1328] INFO  db.DBStoreBuilder (DBStoreBuilder.java:addTable(110)) - using custom profile for table: default
2019-09-19 16:47:18,630 [Thread-1328] INFO  db.DBStoreBuilder (DBStoreBuilder.java:processTables(167)) - Using default column profile:DBProfile.DISK for Table:default
2019-09-19 16:47:18,630 [Thread-1328] INFO  db.DBStoreBuilder (DBStoreBuilder.java:getDbProfile(198)) - Using default options. DBProfile.DISK
2019-09-19 16:47:19,137 [Thread-1328] INFO  ipc.CallQueueManager (CallQueueManager.java:<init>(84)) - Using callQueue: class java.util.concurrent.LinkedBlockingQueue, queueCapacity: 2000, scheduler: class org.apache.hadoop.ipc.DefaultRpcScheduler, ipcBackoff: false.
2019-09-19 16:47:19,138 [Socket Reader #1 for port 40826] INFO  ipc.Server (Server.java:run(1074)) - Starting Socket Reader #1 for port 40826
2019-09-19 16:47:19,161 [Thread-1328] INFO  om.OzoneManager (OzoneManager.java:start(1256)) - OzoneManager RPC server is listening at localhost/127.0.0.1:40826
2019-09-19 16:47:19,161 [Thread-1328] INFO  impl.MetricsSystemImpl (MetricsSystemImpl.java:init(158)) - OzoneManager metrics system started (again)
2019-09-19 16:47:19,162 [IPC Server Responder] INFO  ipc.Server (Server.java:run(1314)) - IPC Server Responder: starting
2019-09-19 16:47:19,162 [IPC Server listener on 40826] INFO  ipc.Server (Server.java:run(1153)) - IPC Server listener on 40826: starting
2019-09-19 16:47:19,167 [Thread-1328] INFO  hdfs.DFSUtil (DFSUtil.java:httpServerTemplateForNNAndJN(1641)) - Starting Web-server for ozoneManager at: http://0.0.0.0:0
2019-09-19 16:47:19,170 [Thread-1328] INFO  server.AuthenticationFilter (AuthenticationFilter.java:constructSecretProvider(240)) - Unable to initialize FileSignerSecretProvider, falling back to use random secrets.
2019-09-19 16:47:19,170 [Thread-1328] WARN  http.HttpRequestLog (HttpRequestLog.java:getRequestLog(97)) - Jetty request log can only be enabled using Log4j
2019-09-19 16:47:19,173 [Thread-1328] INFO  http.HttpServer2 (HttpServer2.java:addGlobalFilter(975)) - Added global filter 'safety' (class=org.apache.hadoop.http.HttpServer2$QuotingInputFilter)
2019-09-19 16:47:19,174 [Thread-1328] INFO  http.HttpServer2 (HttpServer2.java:addFilter(948)) - Added filter static_user_filter (class=org.apache.hadoop.http.lib.StaticUserWebFilter$StaticUserFilter) to context ozoneManager
2019-09-19 16:47:19,174 [Thread-1328] INFO  http.HttpServer2 (HttpServer2.java:addFilter(958)) - Added filter static_user_filter (class=org.apache.hadoop.http.lib.StaticUserWebFilter$StaticUserFilter) to context logs
2019-09-19 16:47:19,174 [Thread-1328] INFO  http.HttpServer2 (HttpServer2.java:addFilter(958)) - Added filter static_user_filter (class=org.apache.hadoop.http.lib.StaticUserWebFilter$StaticUserFilter) to context static
2019-09-19 16:47:19,175 [Thread-1328] INFO  http.HttpServer2 (HttpServer2.java:bindListener(1191)) - Jetty bound to port 38602
2019-09-19 16:47:19,175 [Thread-1328] INFO  server.Server (Server.java:doStart(351)) - jetty-9.3.24.v20180605, build timestamp: 2018-06-05T17:11:56Z, git hash: 84205aa28f11a4f31f2a3b86d1bba2cc8ab69827
2019-09-19 16:47:19,177 [Thread-1328] INFO  handler.ContextHandler (ContextHandler.java:doStart(781)) - Started o.e.j.s.ServletContextHandler@725e6c19{/logs,file:///workdir/hadoop-ozone/ozonefs/target/log,AVAILABLE}
2019-09-19 16:47:19,178 [Thread-1328] INFO  handler.ContextHandler (ContextHandler.java:doStart(781)) - Started o.e.j.s.ServletContextHandler@10f6d81b{/static,jar:file:/home/user/.m2/repository/org/apache/hadoop/hadoop-ozone-ozone-manager/0.5.0-SNAPSHOT/hadoop-ozone-ozone-manager-0.5.0-SNAPSHOT.jar!/webapps/static,AVAILABLE}
2019-09-19 16:47:19,232 [Thread-1328] INFO  handler.ContextHandler (ContextHandler.java:doStart(781)) - Started o.e.j.w.WebAppContext@5ae1ad91{/,file:///tmp/jetty-0.0.0.0-38602-ozoneManager-_-any-3704847808406803037.dir/webapp/,AVAILABLE}{/ozoneManager}
2019-09-19 16:47:19,232 [Thread-1328] INFO  server.AbstractConnector (AbstractConnector.java:doStart(278)) - Started ServerConnector@6a59f3b9{HTTP/1.1,[http/1.1]}{0.0.0.0:38602}
2019-09-19 16:47:19,233 [Thread-1328] INFO  server.Server (Server.java:doStart(419)) - Started @95840ms
2019-09-19 16:47:19,234 [Thread-1328] INFO  server.BaseHttpServer (BaseHttpServer.java:updateConnectorAddress(213)) - HTTP server of OZONEMANAGER is listening at http://0.0.0.0:38602
2019-09-19 16:47:19,242 [Thread-1328] INFO  impl.MetricsSystemImpl (MetricsSystemImpl.java:init(158)) - HddsDatanode metrics system started (again)
2019-09-19 16:47:19,244 [Thread-1328] INFO  ozone.HddsDatanodeService (HddsDatanodeService.java:start(184)) - HddsDatanodeService host:pr-hdds-1569-swxfz-3172132826 ip:192.168.157.226
2019-09-19 16:47:19,253 [Thread-1328] INFO  volume.HddsVolume (HddsVolume.java:<init>(176)) - Creating Volume: /workdir/hadoop-ozone/ozonefs/target/test-dir/MiniOzoneClusterImpl-220b86cd-4451-44e8-8e13-531534607eb8/datanode-0/data/containers/hdds of  storage type : DISK and capacity : 1482555576320
2019-09-19 16:47:19,253 [Thread-1328] INFO  volume.VolumeSet (VolumeSet.java:initializeVolumeSet(170)) - Added Volume : /workdir/hadoop-ozone/ozonefs/target/test-dir/MiniOzoneClusterImpl-220b86cd-4451-44e8-8e13-531534607eb8/datanode-0/data/containers/hdds to VolumeSet
2019-09-19 16:47:19,253 [Thread-1328] INFO  volume.ThrottledAsyncChecker (ThrottledAsyncChecker.java:schedule(140)) - Scheduling a check for org.apache.hadoop.ozone.container.common.volume.HddsVolume@60f4971e
2019-09-19 16:47:19,254 [Thread-1328] INFO  volume.HddsVolumeChecker (HddsVolumeChecker.java:checkAllVolumes(203)) - Scheduled health check for volume org.apache.hadoop.ozone.container.common.volume.HddsVolume@60f4971e
2019-09-19 16:47:19,274 [Thread-1328] INFO  impl.RaftServerProxy (ConfUtils.java:logGet(43)) - raft.rpc.type = GRPC (default)
2019-09-19 16:47:19,274 [Thread-1328] INFO  grpc.GrpcFactory (GrpcFactory.java:checkPooledByteBufAllocatorUseCacheForAllThreads(45)) - PERFORMANCE WARNING: useCacheForAllThreads is true that may cause Netty to create a lot garbage objects and, as a result, trigger GC.
	It is recommended to disable useCacheForAllThreads by setting -Dorg.apache.ratis.thirdparty.io.netty.allocator.useCacheForAllThreads=false in command line.
2019-09-19 16:47:19,274 [Thread-1328] INFO  grpc.GrpcConfigKeys$Server (ConfUtils.java:logGet(43)) - raft.grpc.server.port = 0 (default)
2019-09-19 16:47:19,274 [Thread-1328] INFO  server.GrpcService (ConfUtils.java:logGet(43)) - raft.grpc.message.size.max = 33570816 (custom)
2019-09-19 16:47:19,274 [Thread-1328] INFO  server.RaftServerConfigKeys (ConfUtils.java:logGet(43)) - raft.server.log.appender.buffer.byte-limit = 33554432 (custom)
2019-09-19 16:47:19,275 [Thread-1328] INFO  server.GrpcService (ConfUtils.java:logGet(43)) - raft.grpc.flow.control.window = 1MB (=1048576) (default)
2019-09-19 16:47:19,275 [Thread-1328] INFO  server.RaftServerConfigKeys (ConfUtils.java:logGet(43)) - raft.server.rpc.request.timeout = 3000ms (default)
2019-09-19 16:47:19,275 [Thread-1328] INFO  server.RaftServerConfigKeys (ConfUtils.java:logGet(43)) - raft.server.storage.dir = [/workdir/hadoop-ozone/ozonefs/target/test-dir/MiniOzoneClusterImpl-220b86cd-4451-44e8-8e13-531534607eb8/datanode-0/data/ratis] (custom)
2019-09-19 16:47:19,276 [Thread-1328] INFO  replication.SimpleContainerDownloader (SimpleContainerDownloader.java:<init>(72)) - Starting container downloader service to copy containers to replicate.
2019-09-19 16:47:19,277 [Thread-1328] INFO  hdfs.DFSUtil (DFSUtil.java:httpServerTemplateForNNAndJN(1641)) - Starting Web-server for hddsDatanode at: http://0.0.0.0:0
2019-09-19 16:47:19,279 [Thread-1328] INFO  server.AuthenticationFilter (AuthenticationFilter.java:constructSecretProvider(240)) - Unable to initialize FileSignerSecretProvider, falling back to use random secrets.
2019-09-19 16:47:19,279 [Thread-1328] WARN  http.HttpRequestLog (HttpRequestLog.java:getRequestLog(97)) - Jetty request log can only be enabled using Log4j
2019-09-19 16:47:19,280 [Thread-1328] INFO  http.HttpServer2 (HttpServer2.java:addGlobalFilter(975)) - Added global filter 'safety' (class=org.apache.hadoop.http.HttpServer2$QuotingInputFilter)
2019-09-19 16:47:19,281 [Thread-1328] INFO  http.HttpServer2 (HttpServer2.java:addFilter(948)) - Added filter static_user_filter (class=org.apache.hadoop.http.lib.StaticUserWebFilter$StaticUserFilter) to context hddsDatanode
2019-09-19 16:47:19,281 [Thread-1328] INFO  http.HttpServer2 (HttpServer2.java:addFilter(958)) - Added filter static_user_filter (class=org.apache.hadoop.http.lib.StaticUserWebFilter$StaticUserFilter) to context static
2019-09-19 16:47:19,281 [Thread-1328] INFO  http.HttpServer2 (HttpServer2.java:addFilter(958)) - Added filter static_user_filter (class=org.apache.hadoop.http.lib.StaticUserWebFilter$StaticUserFilter) to context logs
2019-09-19 16:47:19,282 [Thread-1328] INFO  http.HttpServer2 (HttpServer2.java:bindListener(1191)) - Jetty bound to port 38383
2019-09-19 16:47:19,282 [Thread-1328] INFO  server.Server (Server.java:doStart(351)) - jetty-9.3.24.v20180605, build timestamp: 2018-06-05T17:11:56Z, git hash: 84205aa28f11a4f31f2a3b86d1bba2cc8ab69827
2019-09-19 16:47:19,284 [Thread-1328] INFO  handler.ContextHandler (ContextHandler.java:doStart(781)) - Started o.e.j.s.ServletContextHandler@3360875c{/logs,file:///workdir/hadoop-ozone/ozonefs/target/log,AVAILABLE}
2019-09-19 16:47:19,284 [Thread-1328] INFO  handler.ContextHandler (ContextHandler.java:doStart(781)) - Started o.e.j.s.ServletContextHandler@5f327611{/static,jar:file:/home/user/.m2/repository/org/apache/hadoop/hadoop-hdds-container-service/0.5.0-SNAPSHOT/hadoop-hdds-container-service-0.5.0-SNAPSHOT.jar!/webapps/static,AVAILABLE}
2019-09-19 16:47:19,310 [Thread-1328] INFO  handler.ContextHandler (ContextHandler.java:doStart(781)) - Started o.e.j.w.WebAppContext@3c09819e{/,file:///tmp/jetty-0.0.0.0-38383-hddsDatanode-_-any-8047814904264956597.dir/webapp/,AVAILABLE}{/hddsDatanode}
2019-09-19 16:47:19,310 [Thread-1328] INFO  server.AbstractConnector (AbstractConnector.java:doStart(278)) - Started ServerConnector@2e9fbbba{HTTP/1.1,[http/1.1]}{0.0.0.0:38383}
2019-09-19 16:47:19,312 [Thread-1328] INFO  server.Server (Server.java:doStart(419)) - Started @95919ms
2019-09-19 16:47:19,312 [Thread-1328] INFO  server.BaseHttpServer (BaseHttpServer.java:updateConnectorAddress(213)) - HTTP server of HDDSDATANODE is listening at http://0.0.0.0:38383
2019-09-19 16:47:19,431 | INFO  | ObjectStoreRestHttpServer | Listening HDDS REST traffic on /0.0.0.0:39939 |  
2019-09-19 16:47:19,431 [Thread-1328] INFO  ozone.HddsDatanodeService (HddsDatanodeService.java:startPlugins(395)) - Started plug-in org.apache.hadoop.ozone.web.OzoneHddsDatanodeService@1ed724ea
2019-09-19 16:47:19,431 [Thread-1328] INFO  impl.MetricsSystemImpl (MetricsSystemImpl.java:init(158)) - HddsDatanode metrics system started (again)
2019-09-19 16:47:19,434 [Thread-1328] INFO  ozone.HddsDatanodeService (HddsDatanodeService.java:start(184)) - HddsDatanodeService host:pr-hdds-1569-swxfz-3172132826 ip:192.168.157.226
2019-09-19 16:47:19,434 [org.apache.hadoop.util.JvmPauseMonitor$Monitor@302255e6] INFO  util.JvmPauseMonitor (JvmPauseMonitor.java:run(188)) - Starting JVM pause monitor
2019-09-19 16:47:19,438 [Datanode State Machine Thread - 0] INFO  datanode.InitDatanodeState (InitDatanodeState.java:persistContainerDatanodeDetails(140)) - DatanodeDetails is persisted to /workdir/hadoop-ozone/ozonefs/target/test-dir/MiniOzoneClusterImpl-220b86cd-4451-44e8-8e13-531534607eb8/datanode-0/meta/datanode.id
2019-09-19 16:47:19,443 [Thread-1328] INFO  volume.HddsVolume (HddsVolume.java:<init>(176)) - Creating Volume: /workdir/hadoop-ozone/ozonefs/target/test-dir/MiniOzoneClusterImpl-220b86cd-4451-44e8-8e13-531534607eb8/datanode-1/data/containers/hdds of  storage type : DISK and capacity : 1482555576320
2019-09-19 16:47:19,444 [Thread-1328] INFO  volume.VolumeSet (VolumeSet.java:initializeVolumeSet(170)) - Added Volume : /workdir/hadoop-ozone/ozonefs/target/test-dir/MiniOzoneClusterImpl-220b86cd-4451-44e8-8e13-531534607eb8/datanode-1/data/containers/hdds to VolumeSet
2019-09-19 16:47:19,444 [Thread-1328] INFO  volume.ThrottledAsyncChecker (ThrottledAsyncChecker.java:schedule(140)) - Scheduling a check for org.apache.hadoop.ozone.container.common.volume.HddsVolume@3a3caeca
2019-09-19 16:47:19,444 [Thread-1328] INFO  volume.HddsVolumeChecker (HddsVolumeChecker.java:checkAllVolumes(203)) - Scheduled health check for volume org.apache.hadoop.ozone.container.common.volume.HddsVolume@3a3caeca
2019-09-19 16:47:19,464 [Thread-1328] INFO  impl.RaftServerProxy (ConfUtils.java:logGet(43)) - raft.rpc.type = GRPC (default)
2019-09-19 16:47:19,464 [Thread-1328] INFO  grpc.GrpcFactory (GrpcFactory.java:checkPooledByteBufAllocatorUseCacheForAllThreads(45)) - PERFORMANCE WARNING: useCacheForAllThreads is true that may cause Netty to create a lot garbage objects and, as a result, trigger GC.
	It is recommended to disable useCacheForAllThreads by setting -Dorg.apache.ratis.thirdparty.io.netty.allocator.useCacheForAllThreads=false in command line.
2019-09-19 16:47:19,464 [Thread-1328] INFO  grpc.GrpcConfigKeys$Server (ConfUtils.java:logGet(43)) - raft.grpc.server.port = 0 (default)
2019-09-19 16:47:19,465 [Thread-1328] INFO  server.GrpcService (ConfUtils.java:logGet(43)) - raft.grpc.message.size.max = 33570816 (custom)
2019-09-19 16:47:19,465 [Thread-1328] INFO  server.RaftServerConfigKeys (ConfUtils.java:logGet(43)) - raft.server.log.appender.buffer.byte-limit = 33554432 (custom)
2019-09-19 16:47:19,465 [Thread-1328] INFO  server.GrpcService (ConfUtils.java:logGet(43)) - raft.grpc.flow.control.window = 1MB (=1048576) (default)
2019-09-19 16:47:19,465 [Thread-1328] INFO  server.RaftServerConfigKeys (ConfUtils.java:logGet(43)) - raft.server.rpc.request.timeout = 3000ms (default)
2019-09-19 16:47:19,466 [Thread-1328] INFO  server.RaftServerConfigKeys (ConfUtils.java:logGet(43)) - raft.server.storage.dir = [/workdir/hadoop-ozone/ozonefs/target/test-dir/MiniOzoneClusterImpl-220b86cd-4451-44e8-8e13-531534607eb8/datanode-1/data/ratis] (custom)
2019-09-19 16:47:19,466 [Thread-1328] INFO  replication.SimpleContainerDownloader (SimpleContainerDownloader.java:<init>(72)) - Starting container downloader service to copy containers to replicate.
2019-09-19 16:47:19,467 [Thread-1328] INFO  hdfs.DFSUtil (DFSUtil.java:httpServerTemplateForNNAndJN(1641)) - Starting Web-server for hddsDatanode at: http://0.0.0.0:0
2019-09-19 16:47:19,468 [Thread-1328] INFO  server.AuthenticationFilter (AuthenticationFilter.java:constructSecretProvider(240)) - Unable to initialize FileSignerSecretProvider, falling back to use random secrets.
2019-09-19 16:47:19,469 [Thread-1328] WARN  http.HttpRequestLog (HttpRequestLog.java:getRequestLog(97)) - Jetty request log can only be enabled using Log4j
2019-09-19 16:47:19,470 [Thread-1328] INFO  http.HttpServer2 (HttpServer2.java:addGlobalFilter(975)) - Added global filter 'safety' (class=org.apache.hadoop.http.HttpServer2$QuotingInputFilter)
2019-09-19 16:47:19,471 [Thread-1328] INFO  http.HttpServer2 (HttpServer2.java:addFilter(948)) - Added filter static_user_filter (class=org.apache.hadoop.http.lib.StaticUserWebFilter$StaticUserFilter) to context hddsDatanode
2019-09-19 16:47:19,471 [Thread-1328] INFO  http.HttpServer2 (HttpServer2.java:addFilter(958)) - Added filter static_user_filter (class=org.apache.hadoop.http.lib.StaticUserWebFilter$StaticUserFilter) to context static
2019-09-19 16:47:19,471 [Thread-1328] INFO  http.HttpServer2 (HttpServer2.java:addFilter(958)) - Added filter static_user_filter (class=org.apache.hadoop.http.lib.StaticUserWebFilter$StaticUserFilter) to context logs
2019-09-19 16:47:19,472 [Thread-1328] INFO  http.HttpServer2 (HttpServer2.java:bindListener(1191)) - Jetty bound to port 33030
2019-09-19 16:47:19,472 [Thread-1328] INFO  server.Server (Server.java:doStart(351)) - jetty-9.3.24.v20180605, build timestamp: 2018-06-05T17:11:56Z, git hash: 84205aa28f11a4f31f2a3b86d1bba2cc8ab69827
2019-09-19 16:47:19,473 [Thread-1328] INFO  handler.ContextHandler (ContextHandler.java:doStart(781)) - Started o.e.j.s.ServletContextHandler@6da88365{/logs,file:///workdir/hadoop-ozone/ozonefs/target/log,AVAILABLE}
2019-09-19 16:47:19,474 [Thread-1328] INFO  handler.ContextHandler (ContextHandler.java:doStart(781)) - Started o.e.j.s.ServletContextHandler@161988bc{/static,jar:file:/home/user/.m2/repository/org/apache/hadoop/hadoop-hdds-container-service/0.5.0-SNAPSHOT/hadoop-hdds-container-service-0.5.0-SNAPSHOT.jar!/webapps/static,AVAILABLE}
2019-09-19 16:47:19,500 [Thread-1328] INFO  handler.ContextHandler (ContextHandler.java:doStart(781)) - Started o.e.j.w.WebAppContext@3f468363{/,file:///tmp/jetty-0.0.0.0-33030-hddsDatanode-_-any-4302912201497687335.dir/webapp/,AVAILABLE}{/hddsDatanode}
2019-09-19 16:47:19,500 [Thread-1328] INFO  server.AbstractConnector (AbstractConnector.java:doStart(278)) - Started ServerConnector@462b90b5{HTTP/1.1,[http/1.1]}{0.0.0.0:33030}
2019-09-19 16:47:19,501 [Thread-1328] INFO  server.Server (Server.java:doStart(419)) - Started @96109ms
2019-09-19 16:47:19,502 [Thread-1328] INFO  server.BaseHttpServer (BaseHttpServer.java:updateConnectorAddress(213)) - HTTP server of HDDSDATANODE is listening at http://0.0.0.0:33030
2019-09-19 16:47:19,619 | INFO  | ObjectStoreRestHttpServer | Listening HDDS REST traffic on /0.0.0.0:37056 |  
2019-09-19 16:47:19,619 [Thread-1328] INFO  ozone.HddsDatanodeService (HddsDatanodeService.java:startPlugins(395)) - Started plug-in org.apache.hadoop.ozone.web.OzoneHddsDatanodeService@195177d3
2019-09-19 16:47:19,619 [Thread-1328] INFO  impl.MetricsSystemImpl (MetricsSystemImpl.java:init(158)) - HddsDatanode metrics system started (again)
2019-09-19 16:47:19,622 [org.apache.hadoop.util.JvmPauseMonitor$Monitor@185ba0d7] INFO  util.JvmPauseMonitor (JvmPauseMonitor.java:run(188)) - Starting JVM pause monitor
2019-09-19 16:47:19,622 [Thread-1328] INFO  ozone.HddsDatanodeService (HddsDatanodeService.java:start(184)) - HddsDatanodeService host:pr-hdds-1569-swxfz-3172132826 ip:192.168.157.226
2019-09-19 16:47:19,624 [Datanode State Machine Thread - 0] INFO  datanode.InitDatanodeState (InitDatanodeState.java:persistContainerDatanodeDetails(140)) - DatanodeDetails is persisted to /workdir/hadoop-ozone/ozonefs/target/test-dir/MiniOzoneClusterImpl-220b86cd-4451-44e8-8e13-531534607eb8/datanode-1/meta/datanode.id
2019-09-19 16:47:19,633 [Thread-1328] INFO  volume.HddsVolume (HddsVolume.java:<init>(176)) - Creating Volume: /workdir/hadoop-ozone/ozonefs/target/test-dir/MiniOzoneClusterImpl-220b86cd-4451-44e8-8e13-531534607eb8/datanode-2/data/containers/hdds of  storage type : DISK and capacity : 1482555576320
2019-09-19 16:47:19,633 [Thread-1328] INFO  volume.VolumeSet (VolumeSet.java:initializeVolumeSet(170)) - Added Volume : /workdir/hadoop-ozone/ozonefs/target/test-dir/MiniOzoneClusterImpl-220b86cd-4451-44e8-8e13-531534607eb8/datanode-2/data/containers/hdds to VolumeSet
2019-09-19 16:47:19,633 [Thread-1328] INFO  volume.ThrottledAsyncChecker (ThrottledAsyncChecker.java:schedule(140)) - Scheduling a check for org.apache.hadoop.ozone.container.common.volume.HddsVolume@500d6941
2019-09-19 16:47:19,634 [Thread-1328] INFO  volume.HddsVolumeChecker (HddsVolumeChecker.java:checkAllVolumes(203)) - Scheduled health check for volume org.apache.hadoop.ozone.container.common.volume.HddsVolume@500d6941
2019-09-19 16:47:19,654 [Thread-1328] INFO  impl.RaftServerProxy (ConfUtils.java:logGet(43)) - raft.rpc.type = GRPC (default)
2019-09-19 16:47:19,654 [Thread-1328] INFO  grpc.GrpcFactory (GrpcFactory.java:checkPooledByteBufAllocatorUseCacheForAllThreads(45)) - PERFORMANCE WARNING: useCacheForAllThreads is true that may cause Netty to create a lot garbage objects and, as a result, trigger GC.
	It is recommended to disable useCacheForAllThreads by setting -Dorg.apache.ratis.thirdparty.io.netty.allocator.useCacheForAllThreads=false in command line.
2019-09-19 16:47:19,654 [Thread-1328] INFO  grpc.GrpcConfigKeys$Server (ConfUtils.java:logGet(43)) - raft.grpc.server.port = 0 (default)
2019-09-19 16:47:19,655 [Thread-1328] INFO  server.GrpcService (ConfUtils.java:logGet(43)) - raft.grpc.message.size.max = 33570816 (custom)
2019-09-19 16:47:19,655 [Thread-1328] INFO  server.RaftServerConfigKeys (ConfUtils.java:logGet(43)) - raft.server.log.appender.buffer.byte-limit = 33554432 (custom)
2019-09-19 16:47:19,655 [Thread-1328] INFO  server.GrpcService (ConfUtils.java:logGet(43)) - raft.grpc.flow.control.window = 1MB (=1048576) (default)
2019-09-19 16:47:19,655 [Thread-1328] INFO  server.RaftServerConfigKeys (ConfUtils.java:logGet(43)) - raft.server.rpc.request.timeout = 3000ms (default)
2019-09-19 16:47:19,656 [Thread-1328] INFO  server.RaftServerConfigKeys (ConfUtils.java:logGet(43)) - raft.server.storage.dir = [/workdir/hadoop-ozone/ozonefs/target/test-dir/MiniOzoneClusterImpl-220b86cd-4451-44e8-8e13-531534607eb8/datanode-2/data/ratis] (custom)
2019-09-19 16:47:19,656 [Thread-1328] INFO  replication.SimpleContainerDownloader (SimpleContainerDownloader.java:<init>(72)) - Starting container downloader service to copy containers to replicate.
2019-09-19 16:47:19,657 [Thread-1328] INFO  hdfs.DFSUtil (DFSUtil.java:httpServerTemplateForNNAndJN(1641)) - Starting Web-server for hddsDatanode at: http://0.0.0.0:0
2019-09-19 16:47:19,659 [Thread-1328] INFO  server.AuthenticationFilter (AuthenticationFilter.java:constructSecretProvider(240)) - Unable to initialize FileSignerSecretProvider, falling back to use random secrets.
2019-09-19 16:47:19,659 [Thread-1328] WARN  http.HttpRequestLog (HttpRequestLog.java:getRequestLog(97)) - Jetty request log can only be enabled using Log4j
2019-09-19 16:47:19,660 [Thread-1328] INFO  http.HttpServer2 (HttpServer2.java:addGlobalFilter(975)) - Added global filter 'safety' (class=org.apache.hadoop.http.HttpServer2$QuotingInputFilter)
2019-09-19 16:47:19,661 [Thread-1328] INFO  http.HttpServer2 (HttpServer2.java:addFilter(948)) - Added filter static_user_filter (class=org.apache.hadoop.http.lib.StaticUserWebFilter$StaticUserFilter) to context hddsDatanode
2019-09-19 16:47:19,661 [Thread-1328] INFO  http.HttpServer2 (HttpServer2.java:addFilter(958)) - Added filter static_user_filter (class=org.apache.hadoop.http.lib.StaticUserWebFilter$StaticUserFilter) to context logs
2019-09-19 16:47:19,661 [Thread-1328] INFO  http.HttpServer2 (HttpServer2.java:addFilter(958)) - Added filter static_user_filter (class=org.apache.hadoop.http.lib.StaticUserWebFilter$StaticUserFilter) to context static
2019-09-19 16:47:19,662 [Thread-1328] INFO  http.HttpServer2 (HttpServer2.java:bindListener(1191)) - Jetty bound to port 33740
2019-09-19 16:47:19,662 [Thread-1328] INFO  server.Server (Server.java:doStart(351)) - jetty-9.3.24.v20180605, build timestamp: 2018-06-05T17:11:56Z, git hash: 84205aa28f11a4f31f2a3b86d1bba2cc8ab69827
2019-09-19 16:47:19,664 [Thread-1328] INFO  handler.ContextHandler (ContextHandler.java:doStart(781)) - Started o.e.j.s.ServletContextHandler@4b8e671e{/logs,file:///workdir/hadoop-ozone/ozonefs/target/log,AVAILABLE}
2019-09-19 16:47:19,664 [Thread-1328] INFO  handler.ContextHandler (ContextHandler.java:doStart(781)) - Started o.e.j.s.ServletContextHandler@3de382b3{/static,jar:file:/home/user/.m2/repository/org/apache/hadoop/hadoop-hdds-container-service/0.5.0-SNAPSHOT/hadoop-hdds-container-service-0.5.0-SNAPSHOT.jar!/webapps/static,AVAILABLE}
2019-09-19 16:47:19,690 [Thread-1328] INFO  handler.ContextHandler (ContextHandler.java:doStart(781)) - Started o.e.j.w.WebAppContext@556b418e{/,file:///tmp/jetty-0.0.0.0-33740-hddsDatanode-_-any-8691069380004590980.dir/webapp/,AVAILABLE}{/hddsDatanode}
2019-09-19 16:47:19,691 [Thread-1328] INFO  server.AbstractConnector (AbstractConnector.java:doStart(278)) - Started ServerConnector@3408c8fd{HTTP/1.1,[http/1.1]}{0.0.0.0:33740}
2019-09-19 16:47:19,692 [Thread-1328] INFO  server.Server (Server.java:doStart(419)) - Started @96299ms
2019-09-19 16:47:19,693 [Thread-1328] INFO  server.BaseHttpServer (BaseHttpServer.java:updateConnectorAddress(213)) - HTTP server of HDDSDATANODE is listening at http://0.0.0.0:33740
2019-09-19 16:47:19,824 | INFO  | ObjectStoreRestHttpServer | Listening HDDS REST traffic on /0.0.0.0:44200 |  
2019-09-19 16:47:19,824 [Thread-1328] INFO  ozone.HddsDatanodeService (HddsDatanodeService.java:startPlugins(395)) - Started plug-in org.apache.hadoop.ozone.web.OzoneHddsDatanodeService@19462a0c
2019-09-19 16:47:19,825 [Thread-1328] INFO  ozone.MiniOzoneClusterImpl (MiniOzoneClusterImpl.java:lambda$waitForClusterToBeReady$0(142)) - Waiting for cluster to be ready. Got 0 of 3 DN Heartbeats.
2019-09-19 16:47:19,826 [org.apache.hadoop.util.JvmPauseMonitor$Monitor@55d0ba36] INFO  util.JvmPauseMonitor (JvmPauseMonitor.java:run(188)) - Starting JVM pause monitor
2019-09-19 16:47:19,829 [Datanode State Machine Thread - 0] INFO  datanode.InitDatanodeState (InitDatanodeState.java:persistContainerDatanodeDetails(140)) - DatanodeDetails is persisted to /workdir/hadoop-ozone/ozonefs/target/test-dir/MiniOzoneClusterImpl-220b86cd-4451-44e8-8e13-531534607eb8/datanode-2/meta/datanode.id
2019-09-19 16:47:20,825 [Thread-1328] INFO  ozone.MiniOzoneClusterImpl (MiniOzoneClusterImpl.java:lambda$waitForClusterToBeReady$0(142)) - Waiting for cluster to be ready. Got 0 of 3 DN Heartbeats.
2019-09-19 16:47:21,439 | INFO  | SCMAudit | user=jenkins1000 | ip=192.168.157.226 | op=GET_VERSION null | ret=SUCCESS |  
2019-09-19 16:47:21,455 [Datanode State Machine Thread - 0] INFO  ozoneimpl.OzoneContainer (OzoneContainer.java:start(186)) - Attempting to start container services.
2019-09-19 16:47:21,455 [Datanode State Machine Thread - 0] INFO  ozoneimpl.OzoneContainer (OzoneContainer.java:startContainerScrub(160)) - Background container scrubber has been disabled by hdds.containerscrub.enabled
2019-09-19 16:47:21,455 [Datanode State Machine Thread - 0] INFO  ratis.XceiverServerRatis (XceiverServerRatis.java:start(404)) - Starting XceiverServerRatis 825ae09a-0c9d-49c2-a438-cc08e7284827 at port 0
2019-09-19 16:47:21,462 [Datanode State Machine Thread - 0] INFO  impl.RaftServerProxy (RaftServerProxy.java:lambda$start$3(299)) - 825ae09a-0c9d-49c2-a438-cc08e7284827: start RPC server
2019-09-19 16:47:21,465 [Datanode State Machine Thread - 0] INFO  server.GrpcService (GrpcService.java:startImpl(149)) - 825ae09a-0c9d-49c2-a438-cc08e7284827: GrpcService started, listening on 0.0.0.0/0.0.0.0:36158
2019-09-19 16:47:21,465 [Datanode State Machine Thread - 0] INFO  ratis.XceiverServerRatis (XceiverServerRatis.java:start(414)) - XceiverServerRatis 825ae09a-0c9d-49c2-a438-cc08e7284827 is started using port 36158
2019-09-19 16:47:21,467 [Datanode State Machine Thread - 0] INFO  server.XceiverServerGrpc (XceiverServerGrpc.java:start(163)) - XceiverServerGrpc 825ae09a-0c9d-49c2-a438-cc08e7284827 is started using port 37645
2019-09-19 16:47:21,623 | INFO  | SCMAudit | user=jenkins1000 | ip=192.168.157.226 | op=GET_VERSION null | ret=SUCCESS |  
2019-09-19 16:47:21,649 [Datanode State Machine Thread - 0] INFO  ozoneimpl.OzoneContainer (OzoneContainer.java:start(186)) - Attempting to start container services.
2019-09-19 16:47:21,649 [Datanode State Machine Thread - 0] INFO  ozoneimpl.OzoneContainer (OzoneContainer.java:startContainerScrub(160)) - Background container scrubber has been disabled by hdds.containerscrub.enabled
2019-09-19 16:47:21,649 [Datanode State Machine Thread - 0] INFO  ratis.XceiverServerRatis (XceiverServerRatis.java:start(404)) - Starting XceiverServerRatis 12a124ac-5800-4d9d-a708-502084c57585 at port 0
2019-09-19 16:47:21,657 [Datanode State Machine Thread - 0] INFO  impl.RaftServerProxy (RaftServerProxy.java:lambda$start$3(299)) - 12a124ac-5800-4d9d-a708-502084c57585: start RPC server
2019-09-19 16:47:21,658 [Datanode State Machine Thread - 0] INFO  server.GrpcService (GrpcService.java:startImpl(149)) - 12a124ac-5800-4d9d-a708-502084c57585: GrpcService started, listening on 0.0.0.0/0.0.0.0:41511
2019-09-19 16:47:21,658 [Datanode State Machine Thread - 0] INFO  ratis.XceiverServerRatis (XceiverServerRatis.java:start(414)) - XceiverServerRatis 12a124ac-5800-4d9d-a708-502084c57585 is started using port 41511
2019-09-19 16:47:21,659 [Datanode State Machine Thread - 0] INFO  server.XceiverServerGrpc (XceiverServerGrpc.java:start(163)) - XceiverServerGrpc 12a124ac-5800-4d9d-a708-502084c57585 is started using port 33429
2019-09-19 16:47:21,825 [Thread-1328] INFO  ozone.MiniOzoneClusterImpl (MiniOzoneClusterImpl.java:lambda$waitForClusterToBeReady$0(142)) - Waiting for cluster to be ready. Got 0 of 3 DN Heartbeats.
2019-09-19 16:47:21,827 | INFO  | SCMAudit | user=jenkins1000 | ip=192.168.157.226 | op=GET_VERSION null | ret=SUCCESS |  
2019-09-19 16:47:21,844 [Datanode State Machine Thread - 0] INFO  ozoneimpl.OzoneContainer (OzoneContainer.java:start(186)) - Attempting to start container services.
2019-09-19 16:47:21,844 [Datanode State Machine Thread - 0] INFO  ozoneimpl.OzoneContainer (OzoneContainer.java:startContainerScrub(160)) - Background container scrubber has been disabled by hdds.containerscrub.enabled
2019-09-19 16:47:21,844 [Datanode State Machine Thread - 0] INFO  ratis.XceiverServerRatis (XceiverServerRatis.java:start(404)) - Starting XceiverServerRatis 0160fd49-54d3-4cfd-b1ef-90ca4fe52f57 at port 0
2019-09-19 16:47:21,853 [Datanode State Machine Thread - 0] INFO  impl.RaftServerProxy (RaftServerProxy.java:lambda$start$3(299)) - 0160fd49-54d3-4cfd-b1ef-90ca4fe52f57: start RPC server
2019-09-19 16:47:21,855 [Datanode State Machine Thread - 0] INFO  server.GrpcService (GrpcService.java:startImpl(149)) - 0160fd49-54d3-4cfd-b1ef-90ca4fe52f57: GrpcService started, listening on 0.0.0.0/0.0.0.0:45929
2019-09-19 16:47:21,856 [Datanode State Machine Thread - 0] INFO  ratis.XceiverServerRatis (XceiverServerRatis.java:start(414)) - XceiverServerRatis 0160fd49-54d3-4cfd-b1ef-90ca4fe52f57 is started using port 45929
2019-09-19 16:47:21,858 [Datanode State Machine Thread - 0] INFO  server.XceiverServerGrpc (XceiverServerGrpc.java:start(163)) - XceiverServerGrpc 0160fd49-54d3-4cfd-b1ef-90ca4fe52f57 is started using port 41365
2019-09-19 16:47:22,826 [Thread-1328] INFO  ozone.MiniOzoneClusterImpl (MiniOzoneClusterImpl.java:lambda$waitForClusterToBeReady$0(142)) - Waiting for cluster to be ready. Got 0 of 3 DN Heartbeats.
2019-09-19 16:47:23,439 [IPC Server handler 1 on 39065] INFO  net.NetworkTopology (NetworkTopologyImpl.java:add(110)) - Added a new node: /default-rack/825ae09a-0c9d-49c2-a438-cc08e7284827
2019-09-19 16:47:23,440 [IPC Server handler 1 on 39065] INFO  node.SCMNodeManager (SCMNodeManager.java:register(273)) - Registered Data node : 825ae09a-0c9d-49c2-a438-cc08e7284827{ip: 192.168.157.226, host: pr-hdds-1569-swxfz-3172132826, networkLocation: /default-rack, certSerialId: null}
2019-09-19 16:47:23,442 [EventQueue-NodeRegistrationContainerReportForDataNodeSafeModeRule] INFO  safemode.SCMSafeModeManager (DataNodeSafeModeRule.java:process(71)) - SCM in safe mode. 1 DataNodes registered, 1 required.
2019-09-19 16:47:23,444 [EventQueue-NodeRegistrationContainerReportForDataNodeSafeModeRule] INFO  safemode.SCMSafeModeManager (SCMSafeModeManager.java:validateSafeModeExitRules(177)) - ScmSafeModeManager, all rules are successfully validated
2019-09-19 16:47:23,444 [EventQueue-NodeRegistrationContainerReportForDataNodeSafeModeRule] INFO  safemode.SCMSafeModeManager (SCMSafeModeManager.java:exitSafeMode(193)) - SCM exiting safe mode.
2019-09-19 16:47:23,444 | INFO  | SCMAudit | user=jenkins1000 | ip=192.168.157.226 | op=REGISTER {datanodeDetails=825ae09a-0c9d-49c2-a438-cc08e7284827{ip: 192.168.157.226, host: pr-hdds-1569-swxfz-3172132826, networkLocation: /default-rack, certSerialId: null}} | ret=SUCCESS |  
2019-09-19 16:47:23,461 [grpc-default-executor-0] INFO  impl.RaftServerProxy (RaftServerProxy.java:addNew(89)) - 825ae09a-0c9d-49c2-a438-cc08e7284827: addNew group-A93AA0DDE73A:[825ae09a-0c9d-49c2-a438-cc08e7284827:192.168.157.226:36158] returns group-A93AA0DDE73A:java.util.concurrent.CompletableFuture@53ca055f[Not completed]
2019-09-19 16:47:23,463 [pool-292-thread-1] INFO  impl.RaftServerImpl (RaftServerImpl.java:<init>(93)) - 825ae09a-0c9d-49c2-a438-cc08e7284827: new RaftServerImpl for group-A93AA0DDE73A:[825ae09a-0c9d-49c2-a438-cc08e7284827:192.168.157.226:36158] with ContainerStateMachine:uninitialized
2019-09-19 16:47:23,464 [pool-292-thread-1] INFO  server.RaftServerConfigKeys (ConfUtils.java:logGet(43)) - raft.server.rpc.timeout.min = 5s (custom)
2019-09-19 16:47:23,464 [pool-292-thread-1] INFO  server.RaftServerConfigKeys (ConfUtils.java:logGet(43)) - raft.server.rpc.timeout.max = 5200ms (custom)
2019-09-19 16:47:23,464 [pool-292-thread-1] INFO  server.RaftServerConfigKeys (ConfUtils.java:logGet(43)) - raft.server.rpcslowness.timeout = 120s (custom)
2019-09-19 16:47:23,464 [pool-292-thread-1] INFO  server.RaftServerConfigKeys (ConfUtils.java:logGet(43)) - raft.server.sleep.deviation.threshold = 300 (default)
2019-09-19 16:47:23,464 [pool-292-thread-1] INFO  server.RaftServerConfigKeys (ConfUtils.java:logGet(43)) - raft.server.log.appender.install.snapshot.enabled = false (custom)
2019-09-19 16:47:23,464 [pool-292-thread-1] INFO  impl.RaftServerImpl (ServerState.java:<init>(105)) - 825ae09a-0c9d-49c2-a438-cc08e7284827:group-A93AA0DDE73A ConfigurationManager, init=-1: [825ae09a-0c9d-49c2-a438-cc08e7284827:192.168.157.226:36158], old=null, confs=<EMPTY_MAP>
2019-09-19 16:47:23,465 [pool-292-thread-1] INFO  server.RaftServerConfigKeys (ConfUtils.java:logGet(43)) - raft.server.storage.dir = [/workdir/hadoop-ozone/ozonefs/target/test-dir/MiniOzoneClusterImpl-220b86cd-4451-44e8-8e13-531534607eb8/datanode-0/data/ratis] (custom)
2019-09-19 16:47:23,465 [pool-292-thread-1] INFO  storage.RaftStorageDirectory (RaftStorageDirectory.java:analyzeStorage(246)) - The storage directory /workdir/hadoop-ozone/ozonefs/target/test-dir/MiniOzoneClusterImpl-220b86cd-4451-44e8-8e13-531534607eb8/datanode-0/data/ratis/a9e41da9-6d7a-46c2-bb3b-a93aa0dde73a does not exist. Creating ...
2019-09-19 16:47:23,479 [pool-292-thread-1] INFO  storage.RaftStorageDirectory (RaftStorageDirectory.java:tryLock(328)) - Lock on /workdir/hadoop-ozone/ozonefs/target/test-dir/MiniOzoneClusterImpl-220b86cd-4451-44e8-8e13-531534607eb8/datanode-0/data/ratis/a9e41da9-6d7a-46c2-bb3b-a93aa0dde73a/in_use.lock acquired by nodename 32682@pr-hdds-1569-swxfz-3172132826
2019-09-19 16:47:23,492 [pool-292-thread-1] INFO  storage.RaftStorage (RaftStorage.java:format(72)) - Storage directory /workdir/hadoop-ozone/ozonefs/target/test-dir/MiniOzoneClusterImpl-220b86cd-4451-44e8-8e13-531534607eb8/datanode-0/data/ratis/a9e41da9-6d7a-46c2-bb3b-a93aa0dde73a has been successfully formatted.
2019-09-19 16:47:23,492 [pool-292-thread-1] INFO  ratis.ContainerStateMachine (ContainerStateMachine.java:loadSnapshot(226)) - group-A93AA0DDE73A: The snapshot info is null. Setting the last applied indexto:(t:0, i:~)
2019-09-19 16:47:23,493 [pool-292-thread-1] INFO  server.RaftServerConfigKeys (ConfUtils.java:logGet(43)) - raft.server.leader.election.timeout = 120s (custom)
2019-09-19 16:47:23,493 [pool-292-thread-1] INFO  server.RaftServerConfigKeys (ConfUtils.java:logGet(43)) - raft.server.log.use.memory = false (default)
2019-09-19 16:47:23,493 [pool-292-thread-1] INFO  server.RaftServerConfigKeys (ConfUtils.java:logGet(43)) - raft.server.log.purge.gap = 1000000 (custom)
2019-09-19 16:47:23,493 [pool-292-thread-1] INFO  server.RaftServerConfigKeys (ConfUtils.java:logGet(43)) - raft.server.log.appender.buffer.byte-limit = 33554432 (custom)
2019-09-19 16:47:23,493 [pool-292-thread-1] INFO  server.RaftServerConfigKeys (ConfUtils.java:logGet(43)) - raft.server.log.segment.size.max = 1048576 (custom)
2019-09-19 16:47:23,494 [pool-292-thread-1] INFO  server.RaftServerConfigKeys (ConfUtils.java:logGet(43)) - raft.server.log.segment.cache.num.max = 2 (custom)
2019-09-19 16:47:23,494 [pool-292-thread-1] INFO  segmented.SegmentedRaftLogWorker (SegmentedRaftLogWorker.java:<init>(172)) - new 825ae09a-0c9d-49c2-a438-cc08e7284827-SegmentedRaftLogWorker:Storage Directory /workdir/hadoop-ozone/ozonefs/target/test-dir/MiniOzoneClusterImpl-220b86cd-4451-44e8-8e13-531534607eb8/datanode-0/data/ratis/a9e41da9-6d7a-46c2-bb3b-a93aa0dde73a for RaftStorage:Storage Directory /workdir/hadoop-ozone/ozonefs/target/test-dir/MiniOzoneClusterImpl-220b86cd-4451-44e8-8e13-531534607eb8/datanode-0/data/ratis/a9e41da9-6d7a-46c2-bb3b-a93aa0dde73a
2019-09-19 16:47:23,494 [pool-292-thread-1] INFO  server.RaftServerConfigKeys (ConfUtils.java:logGet(43)) - raft.server.log.queue.byte-limit = 2147483647 (custom)
2019-09-19 16:47:23,494 [pool-292-thread-1] INFO  server.RaftServerConfigKeys (ConfUtils.java:logGet(43)) - raft.server.log.queue.element-limit = 1024 (custom)
2019-09-19 16:47:23,495 [pool-292-thread-1] INFO  server.RaftServerConfigKeys (ConfUtils.java:logGet(43)) - raft.server.log.segment.size.max = 1048576 (custom)
2019-09-19 16:47:23,495 [pool-292-thread-1] INFO  server.RaftServerConfigKeys (ConfUtils.java:logGet(43)) - raft.server.log.preallocated.size = 16384 (custom)
2019-09-19 16:47:23,495 [pool-292-thread-1] INFO  server.RaftServerConfigKeys (ConfUtils.java:logGet(43)) - raft.server.log.write.buffer.size = 33554432 (custom)
2019-09-19 16:47:23,495 [pool-292-thread-1] INFO  server.RaftServerConfigKeys (ConfUtils.java:logGet(43)) - raft.server.log.force.sync.num = 128 (default)
2019-09-19 16:47:23,495 [pool-292-thread-1] INFO  server.RaftServerConfigKeys (ConfUtils.java:logGet(43)) - raft.server.log.statemachine.data.sync = true (default)
2019-09-19 16:47:23,495 [pool-292-thread-1] INFO  server.RaftServerConfigKeys (ConfUtils.java:logGet(43)) - raft.server.log.statemachine.data.sync.timeout = 10s (default)
2019-09-19 16:47:23,496 [pool-292-thread-1] INFO  server.RaftServerConfigKeys (ConfUtils.java:logGet(43)) - raft.server.log.statemachine.data.sync.timeout.retry = -1 (default)
2019-09-19 16:47:23,496 [pool-292-thread-1] INFO  server.RaftServerConfigKeys (ConfUtils.java:logGet(43)) - raft.server.log.statemachine.data.caching.enabled = true (custom)
2019-09-19 16:47:23,496 [pool-292-thread-1] INFO  segmented.SegmentedRaftLogWorker (SegmentedRaftLogWorker.java:lambda$new$0(132)) - 825ae09a-0c9d-49c2-a438-cc08e7284827-SegmentedRaftLogWorker:Storage Directory /workdir/hadoop-ozone/ozonefs/target/test-dir/MiniOzoneClusterImpl-220b86cd-4451-44e8-8e13-531534607eb8/datanode-0/data/ratis/a9e41da9-6d7a-46c2-bb3b-a93aa0dde73a: flushIndex: setUnconditionally 0 -> -1
2019-09-19 16:47:23,497 [pool-292-thread-1] INFO  server.RaftServerConfigKeys (ConfUtils.java:logGet(43)) - raft.server.snapshot.auto.trigger.enabled = true (custom)
2019-09-19 16:47:23,497 [pool-292-thread-1] INFO  server.RaftServerConfigKeys (ConfUtils.java:logGet(43)) - raft.server.snapshot.auto.trigger.threshold = 10000 (custom)
2019-09-19 16:47:23,497 [pool-292-thread-1] INFO  server.RaftServerConfigKeys (ConfUtils.java:logGet(43)) - raft.server.retrycache.expirytime = 600000ms (custom)
2019-09-19 16:47:23,497 [pool-292-thread-1] INFO  impl.RaftServerImpl (RaftServerImpl.java:start(180)) - 825ae09a-0c9d-49c2-a438-cc08e7284827: start group-A93AA0DDE73A
2019-09-19 16:47:23,498 [pool-292-thread-1] INFO  impl.RaftServerImpl (RaftServerImpl.java:setRole(171)) - 825ae09a-0c9d-49c2-a438-cc08e7284827:group-A93AA0DDE73A changes role from null to FOLLOWER at term 0 for startAsFollower
2019-09-19 16:47:23,498 [pool-292-thread-1] INFO  impl.RoleInfo (RoleInfo.java:updateAndGet(143)) - 825ae09a-0c9d-49c2-a438-cc08e7284827: start FollowerState
2019-09-19 16:47:23,498 [pool-292-thread-1] INFO  util.JmxRegister (JmxRegister.java:tryRegister(44)) - Successfully registered JMX Bean with object name Ratis:service=RaftServer,group=group-A93AA0DDE73A,id=825ae09a-0c9d-49c2-a438-cc08e7284827
2019-09-19 16:47:23,503 [RatisPipelineUtilsThread] INFO  pipeline.PipelineStateManager (PipelineStateManager.java:addPipeline(56)) - Created pipeline Pipeline[ Id: a9e41da9-6d7a-46c2-bb3b-a93aa0dde73a, Nodes: 825ae09a-0c9d-49c2-a438-cc08e7284827{ip: 192.168.157.226, host: pr-hdds-1569-swxfz-3172132826, networkLocation: /default-rack, certSerialId: null}, Type:RATIS, Factor:ONE, State:OPEN]
2019-09-19 16:47:23,514 [grpc-default-executor-0] INFO  impl.RaftServerProxy (RaftServerProxy.java:addNew(89)) - 825ae09a-0c9d-49c2-a438-cc08e7284827: addNew group-0496954F79FD:[825ae09a-0c9d-49c2-a438-cc08e7284827:192.168.157.226:36158] returns group-0496954F79FD:java.util.concurrent.CompletableFuture@62537383[Not completed]
2019-09-19 16:47:23,516 [pool-292-thread-1] INFO  impl.RaftServerImpl (RaftServerImpl.java:<init>(93)) - 825ae09a-0c9d-49c2-a438-cc08e7284827: new RaftServerImpl for group-0496954F79FD:[825ae09a-0c9d-49c2-a438-cc08e7284827:192.168.157.226:36158] with ContainerStateMachine:uninitialized
2019-09-19 16:47:23,516 [pool-292-thread-1] INFO  server.RaftServerConfigKeys (ConfUtils.java:logGet(43)) - raft.server.rpc.timeout.min = 5s (custom)
2019-09-19 16:47:23,516 [pool-292-thread-1] INFO  server.RaftServerConfigKeys (ConfUtils.java:logGet(43)) - raft.server.rpc.timeout.max = 5200ms (custom)
2019-09-19 16:47:23,516 [pool-292-thread-1] INFO  server.RaftServerConfigKeys (ConfUtils.java:logGet(43)) - raft.server.rpcslowness.timeout = 120s (custom)
2019-09-19 16:47:23,516 [pool-292-thread-1] INFO  server.RaftServerConfigKeys (ConfUtils.java:logGet(43)) - raft.server.sleep.deviation.threshold = 300 (default)
2019-09-19 16:47:23,516 [pool-292-thread-1] INFO  server.RaftServerConfigKeys (ConfUtils.java:logGet(43)) - raft.server.log.appender.install.snapshot.enabled = false (custom)
2019-09-19 16:47:23,516 [pool-292-thread-1] INFO  impl.RaftServerImpl (ServerState.java:<init>(105)) - 825ae09a-0c9d-49c2-a438-cc08e7284827:group-0496954F79FD ConfigurationManager, init=-1: [825ae09a-0c9d-49c2-a438-cc08e7284827:192.168.157.226:36158], old=null, confs=<EMPTY_MAP>
2019-09-19 16:47:23,517 [pool-292-thread-1] INFO  server.RaftServerConfigKeys (ConfUtils.java:logGet(43)) - raft.server.storage.dir = [/workdir/hadoop-ozone/ozonefs/target/test-dir/MiniOzoneClusterImpl-220b86cd-4451-44e8-8e13-531534607eb8/datanode-0/data/ratis] (custom)
2019-09-19 16:47:23,517 [pool-292-thread-1] INFO  storage.RaftStorageDirectory (RaftStorageDirectory.java:analyzeStorage(246)) - The storage directory /workdir/hadoop-ozone/ozonefs/target/test-dir/MiniOzoneClusterImpl-220b86cd-4451-44e8-8e13-531534607eb8/datanode-0/data/ratis/eb65ea17-9ddb-4877-8c18-0496954f79fd does not exist. Creating ...
2019-09-19 16:47:23,530 [pool-292-thread-1] INFO  storage.RaftStorageDirectory (RaftStorageDirectory.java:tryLock(328)) - Lock on /workdir/hadoop-ozone/ozonefs/target/test-dir/MiniOzoneClusterImpl-220b86cd-4451-44e8-8e13-531534607eb8/datanode-0/data/ratis/eb65ea17-9ddb-4877-8c18-0496954f79fd/in_use.lock acquired by nodename 32682@pr-hdds-1569-swxfz-3172132826
2019-09-19 16:47:23,543 [pool-292-thread-1] INFO  storage.RaftStorage (RaftStorage.java:format(72)) - Storage directory /workdir/hadoop-ozone/ozonefs/target/test-dir/MiniOzoneClusterImpl-220b86cd-4451-44e8-8e13-531534607eb8/datanode-0/data/ratis/eb65ea17-9ddb-4877-8c18-0496954f79fd has been successfully formatted.
2019-09-19 16:47:23,543 [pool-292-thread-1] INFO  ratis.ContainerStateMachine (ContainerStateMachine.java:loadSnapshot(226)) - group-0496954F79FD: The snapshot info is null. Setting the last applied indexto:(t:0, i:~)
2019-09-19 16:47:23,543 [pool-292-thread-1] INFO  server.RaftServerConfigKeys (ConfUtils.java:logGet(43)) - raft.server.leader.election.timeout = 120s (custom)
2019-09-19 16:47:23,543 [pool-292-thread-1] INFO  server.RaftServerConfigKeys (ConfUtils.java:logGet(43)) - raft.server.log.use.memory = false (default)
2019-09-19 16:47:23,543 [pool-292-thread-1] INFO  server.RaftServerConfigKeys (ConfUtils.java:logGet(43)) - raft.server.log.purge.gap = 1000000 (custom)
2019-09-19 16:47:23,544 [pool-292-thread-1] INFO  server.RaftServerConfigKeys (ConfUtils.java:logGet(43)) - raft.server.log.appender.buffer.byte-limit = 33554432 (custom)
2019-09-19 16:47:23,544 [pool-292-thread-1] INFO  server.RaftServerConfigKeys (ConfUtils.java:logGet(43)) - raft.server.log.segment.size.max = 1048576 (custom)
2019-09-19 16:47:23,544 [pool-292-thread-1] INFO  server.RaftServerConfigKeys (ConfUtils.java:logGet(43)) - raft.server.log.segment.cache.num.max = 2 (custom)
2019-09-19 16:47:23,544 [pool-292-thread-1] INFO  segmented.SegmentedRaftLogWorker (SegmentedRaftLogWorker.java:<init>(172)) - new 825ae09a-0c9d-49c2-a438-cc08e7284827-SegmentedRaftLogWorker:Storage Directory /workdir/hadoop-ozone/ozonefs/target/test-dir/MiniOzoneClusterImpl-220b86cd-4451-44e8-8e13-531534607eb8/datanode-0/data/ratis/eb65ea17-9ddb-4877-8c18-0496954f79fd for RaftStorage:Storage Directory /workdir/hadoop-ozone/ozonefs/target/test-dir/MiniOzoneClusterImpl-220b86cd-4451-44e8-8e13-531534607eb8/datanode-0/data/ratis/eb65ea17-9ddb-4877-8c18-0496954f79fd
2019-09-19 16:47:23,544 [pool-292-thread-1] INFO  server.RaftServerConfigKeys (ConfUtils.java:logGet(43)) - raft.server.log.queue.byte-limit = 2147483647 (custom)
2019-09-19 16:47:23,544 [pool-292-thread-1] INFO  server.RaftServerConfigKeys (ConfUtils.java:logGet(43)) - raft.server.log.queue.element-limit = 1024 (custom)
2019-09-19 16:47:23,545 [pool-292-thread-1] INFO  server.RaftServerConfigKeys (ConfUtils.java:logGet(43)) - raft.server.log.segment.size.max = 1048576 (custom)
2019-09-19 16:47:23,545 [pool-292-thread-1] INFO  server.RaftServerConfigKeys (ConfUtils.java:logGet(43)) - raft.server.log.preallocated.size = 16384 (custom)
2019-09-19 16:47:23,545 [pool-292-thread-1] INFO  server.RaftServerConfigKeys (ConfUtils.java:logGet(43)) - raft.server.log.write.buffer.size = 33554432 (custom)
2019-09-19 16:47:23,545 [pool-292-thread-1] INFO  server.RaftServerConfigKeys (ConfUtils.java:logGet(43)) - raft.server.log.force.sync.num = 128 (default)
2019-09-19 16:47:23,545 [pool-292-thread-1] INFO  server.RaftServerConfigKeys (ConfUtils.java:logGet(43)) - raft.server.log.statemachine.data.sync = true (default)
2019-09-19 16:47:23,545 [pool-292-thread-1] INFO  server.RaftServerConfigKeys (ConfUtils.java:logGet(43)) - raft.server.log.statemachine.data.sync.timeout = 10s (default)
2019-09-19 16:47:23,545 [pool-292-thread-1] INFO  server.RaftServerConfigKeys (ConfUtils.java:logGet(43)) - raft.server.log.statemachine.data.sync.timeout.retry = -1 (default)
2019-09-19 16:47:23,546 [pool-292-thread-1] INFO  server.RaftServerConfigKeys (ConfUtils.java:logGet(43)) - raft.server.log.statemachine.data.caching.enabled = true (custom)
2019-09-19 16:47:23,546 [pool-292-thread-1] INFO  segmented.SegmentedRaftLogWorker (SegmentedRaftLogWorker.java:lambda$new$0(132)) - 825ae09a-0c9d-49c2-a438-cc08e7284827-SegmentedRaftLogWorker:Storage Directory /workdir/hadoop-ozone/ozonefs/target/test-dir/MiniOzoneClusterImpl-220b86cd-4451-44e8-8e13-531534607eb8/datanode-0/data/ratis/eb65ea17-9ddb-4877-8c18-0496954f79fd: flushIndex: setUnconditionally 0 -> -1
2019-09-19 16:47:23,546 [pool-292-thread-1] INFO  server.RaftServerConfigKeys (ConfUtils.java:logGet(43)) - raft.server.snapshot.auto.trigger.enabled = true (custom)
2019-09-19 16:47:23,546 [pool-292-thread-1] INFO  server.RaftServerConfigKeys (ConfUtils.java:logGet(43)) - raft.server.snapshot.auto.trigger.threshold = 10000 (custom)
2019-09-19 16:47:23,547 [pool-292-thread-1] INFO  server.RaftServerConfigKeys (ConfUtils.java:logGet(43)) - raft.server.retrycache.expirytime = 600000ms (custom)
2019-09-19 16:47:23,547 [pool-292-thread-1] INFO  impl.RaftServerImpl (RaftServerImpl.java:start(180)) - 825ae09a-0c9d-49c2-a438-cc08e7284827: start group-0496954F79FD
2019-09-19 16:47:23,547 [pool-292-thread-1] INFO  impl.RaftServerImpl (RaftServerImpl.java:setRole(171)) - 825ae09a-0c9d-49c2-a438-cc08e7284827:group-0496954F79FD changes role from null to FOLLOWER at term 0 for startAsFollower
2019-09-19 16:47:23,547 [pool-292-thread-1] INFO  impl.RoleInfo (RoleInfo.java:updateAndGet(143)) - 825ae09a-0c9d-49c2-a438-cc08e7284827: start FollowerState
2019-09-19 16:47:23,548 [pool-292-thread-1] INFO  util.JmxRegister (JmxRegister.java:tryRegister(44)) - Successfully registered JMX Bean with object name Ratis:service=RaftServer,group=group-0496954F79FD,id=825ae09a-0c9d-49c2-a438-cc08e7284827
2019-09-19 16:47:23,552 [RatisPipelineUtilsThread] INFO  pipeline.PipelineStateManager (PipelineStateManager.java:addPipeline(56)) - Created pipeline Pipeline[ Id: eb65ea17-9ddb-4877-8c18-0496954f79fd, Nodes: 825ae09a-0c9d-49c2-a438-cc08e7284827{ip: 192.168.157.226, host: pr-hdds-1569-swxfz-3172132826, networkLocation: /default-rack, certSerialId: null}, Type:RATIS, Factor:ONE, State:OPEN]
2019-09-19 16:47:23,557 [grpc-default-executor-0] INFO  impl.RaftServerProxy (RaftServerProxy.java:addNew(89)) - 825ae09a-0c9d-49c2-a438-cc08e7284827: addNew group-8AAEA424BFF3:[825ae09a-0c9d-49c2-a438-cc08e7284827:192.168.157.226:36158] returns group-8AAEA424BFF3:java.util.concurrent.CompletableFuture@33e5fa10[Not completed]
2019-09-19 16:47:23,558 [pool-292-thread-1] INFO  impl.RaftServerImpl (RaftServerImpl.java:<init>(93)) - 825ae09a-0c9d-49c2-a438-cc08e7284827: new RaftServerImpl for group-8AAEA424BFF3:[825ae09a-0c9d-49c2-a438-cc08e7284827:192.168.157.226:36158] with ContainerStateMachine:uninitialized
2019-09-19 16:47:23,559 [pool-292-thread-1] INFO  server.RaftServerConfigKeys (ConfUtils.java:logGet(43)) - raft.server.rpc.timeout.min = 5s (custom)
2019-09-19 16:47:23,559 [pool-292-thread-1] INFO  server.RaftServerConfigKeys (ConfUtils.java:logGet(43)) - raft.server.rpc.timeout.max = 5200ms (custom)
2019-09-19 16:47:23,559 [pool-292-thread-1] INFO  server.RaftServerConfigKeys (ConfUtils.java:logGet(43)) - raft.server.rpcslowness.timeout = 120s (custom)
2019-09-19 16:47:23,559 [pool-292-thread-1] INFO  server.RaftServerConfigKeys (ConfUtils.java:logGet(43)) - raft.server.sleep.deviation.threshold = 300 (default)
2019-09-19 16:47:23,559 [pool-292-thread-1] INFO  server.RaftServerConfigKeys (ConfUtils.java:logGet(43)) - raft.server.log.appender.install.snapshot.enabled = false (custom)
2019-09-19 16:47:23,559 [pool-292-thread-1] INFO  impl.RaftServerImpl (ServerState.java:<init>(105)) - 825ae09a-0c9d-49c2-a438-cc08e7284827:group-8AAEA424BFF3 ConfigurationManager, init=-1: [825ae09a-0c9d-49c2-a438-cc08e7284827:192.168.157.226:36158], old=null, confs=<EMPTY_MAP>
2019-09-19 16:47:23,560 [pool-292-thread-1] INFO  server.RaftServerConfigKeys (ConfUtils.java:logGet(43)) - raft.server.storage.dir = [/workdir/hadoop-ozone/ozonefs/target/test-dir/MiniOzoneClusterImpl-220b86cd-4451-44e8-8e13-531534607eb8/datanode-0/data/ratis] (custom)
2019-09-19 16:47:23,560 [pool-292-thread-1] INFO  storage.RaftStorageDirectory (RaftStorageDirectory.java:analyzeStorage(246)) - The storage directory /workdir/hadoop-ozone/ozonefs/target/test-dir/MiniOzoneClusterImpl-220b86cd-4451-44e8-8e13-531534607eb8/datanode-0/data/ratis/3e58f0b9-96f6-4396-856e-8aaea424bff3 does not exist. Creating ...
2019-09-19 16:47:23,572 [pool-292-thread-1] INFO  storage.RaftStorageDirectory (RaftStorageDirectory.java:tryLock(328)) - Lock on /workdir/hadoop-ozone/ozonefs/target/test-dir/MiniOzoneClusterImpl-220b86cd-4451-44e8-8e13-531534607eb8/datanode-0/data/ratis/3e58f0b9-96f6-4396-856e-8aaea424bff3/in_use.lock acquired by nodename 32682@pr-hdds-1569-swxfz-3172132826
2019-09-19 16:47:23,586 [pool-292-thread-1] INFO  storage.RaftStorage (RaftStorage.java:format(72)) - Storage directory /workdir/hadoop-ozone/ozonefs/target/test-dir/MiniOzoneClusterImpl-220b86cd-4451-44e8-8e13-531534607eb8/datanode-0/data/ratis/3e58f0b9-96f6-4396-856e-8aaea424bff3 has been successfully formatted.
2019-09-19 16:47:23,586 [pool-292-thread-1] INFO  ratis.ContainerStateMachine (ContainerStateMachine.java:loadSnapshot(226)) - group-8AAEA424BFF3: The snapshot info is null. Setting the last applied indexto:(t:0, i:~)
2019-09-19 16:47:23,586 [pool-292-thread-1] INFO  server.RaftServerConfigKeys (ConfUtils.java:logGet(43)) - raft.server.leader.election.timeout = 120s (custom)
2019-09-19 16:47:23,586 [pool-292-thread-1] INFO  server.RaftServerConfigKeys (ConfUtils.java:logGet(43)) - raft.server.log.use.memory = false (default)
2019-09-19 16:47:23,586 [pool-292-thread-1] INFO  server.RaftServerConfigKeys (ConfUtils.java:logGet(43)) - raft.server.log.purge.gap = 1000000 (custom)
2019-09-19 16:47:23,586 [pool-292-thread-1] INFO  server.RaftServerConfigKeys (ConfUtils.java:logGet(43)) - raft.server.log.appender.buffer.byte-limit = 33554432 (custom)
2019-09-19 16:47:23,587 [pool-292-thread-1] INFO  server.RaftServerConfigKeys (ConfUtils.java:logGet(43)) - raft.server.log.segment.size.max = 1048576 (custom)
2019-09-19 16:47:23,587 [pool-292-thread-1] INFO  server.RaftServerConfigKeys (ConfUtils.java:logGet(43)) - raft.server.log.segment.cache.num.max = 2 (custom)
2019-09-19 16:47:23,587 [pool-292-thread-1] INFO  segmented.SegmentedRaftLogWorker (SegmentedRaftLogWorker.java:<init>(172)) - new 825ae09a-0c9d-49c2-a438-cc08e7284827-SegmentedRaftLogWorker:Storage Directory /workdir/hadoop-ozone/ozonefs/target/test-dir/MiniOzoneClusterImpl-220b86cd-4451-44e8-8e13-531534607eb8/datanode-0/data/ratis/3e58f0b9-96f6-4396-856e-8aaea424bff3 for RaftStorage:Storage Directory /workdir/hadoop-ozone/ozonefs/target/test-dir/MiniOzoneClusterImpl-220b86cd-4451-44e8-8e13-531534607eb8/datanode-0/data/ratis/3e58f0b9-96f6-4396-856e-8aaea424bff3
2019-09-19 16:47:23,587 [pool-292-thread-1] INFO  server.RaftServerConfigKeys (ConfUtils.java:logGet(43)) - raft.server.log.queue.byte-limit = 2147483647 (custom)
2019-09-19 16:47:23,587 [pool-292-thread-1] INFO  server.RaftServerConfigKeys (ConfUtils.java:logGet(43)) - raft.server.log.queue.element-limit = 1024 (custom)
2019-09-19 16:47:23,587 [pool-292-thread-1] INFO  server.RaftServerConfigKeys (ConfUtils.java:logGet(43)) - raft.server.log.segment.size.max = 1048576 (custom)
2019-09-19 16:47:23,587 [pool-292-thread-1] INFO  server.RaftServerConfigKeys (ConfUtils.java:logGet(43)) - raft.server.log.preallocated.size = 16384 (custom)
2019-09-19 16:47:23,588 [pool-292-thread-1] INFO  server.RaftServerConfigKeys (ConfUtils.java:logGet(43)) - raft.server.log.write.buffer.size = 33554432 (custom)
2019-09-19 16:47:23,588 [pool-292-thread-1] INFO  server.RaftServerConfigKeys (ConfUtils.java:logGet(43)) - raft.server.log.force.sync.num = 128 (default)
2019-09-19 16:47:23,588 [pool-292-thread-1] INFO  server.RaftServerConfigKeys (ConfUtils.java:logGet(43)) - raft.server.log.statemachine.data.sync = true (default)
2019-09-19 16:47:23,588 [pool-292-thread-1] INFO  server.RaftServerConfigKeys (ConfUtils.java:logGet(43)) - raft.server.log.statemachine.data.sync.timeout = 10s (default)
2019-09-19 16:47:23,588 [pool-292-thread-1] INFO  server.RaftServerConfigKeys (ConfUtils.java:logGet(43)) - raft.server.log.statemachine.data.sync.timeout.retry = -1 (default)
2019-09-19 16:47:23,588 [pool-292-thread-1] INFO  server.RaftServerConfigKeys (ConfUtils.java:logGet(43)) - raft.server.log.statemachine.data.caching.enabled = true (custom)
2019-09-19 16:47:23,589 [pool-292-thread-1] INFO  segmented.SegmentedRaftLogWorker (SegmentedRaftLogWorker.java:lambda$new$0(132)) - 825ae09a-0c9d-49c2-a438-cc08e7284827-SegmentedRaftLogWorker:Storage Directory /workdir/hadoop-ozone/ozonefs/target/test-dir/MiniOzoneClusterImpl-220b86cd-4451-44e8-8e13-531534607eb8/datanode-0/data/ratis/3e58f0b9-96f6-4396-856e-8aaea424bff3: flushIndex: setUnconditionally 0 -> -1
2019-09-19 16:47:23,589 [pool-292-thread-1] INFO  server.RaftServerConfigKeys (ConfUtils.java:logGet(43)) - raft.server.snapshot.auto.trigger.enabled = true (custom)
2019-09-19 16:47:23,589 [pool-292-thread-1] INFO  server.RaftServerConfigKeys (ConfUtils.java:logGet(43)) - raft.server.snapshot.auto.trigger.threshold = 10000 (custom)
2019-09-19 16:47:23,589 [pool-292-thread-1] INFO  server.RaftServerConfigKeys (ConfUtils.java:logGet(43)) - raft.server.retrycache.expirytime = 600000ms (custom)
2019-09-19 16:47:23,589 [pool-292-thread-1] INFO  impl.RaftServerImpl (RaftServerImpl.java:start(180)) - 825ae09a-0c9d-49c2-a438-cc08e7284827: start group-8AAEA424BFF3
2019-09-19 16:47:23,590 [pool-292-thread-1] INFO  impl.RaftServerImpl (RaftServerImpl.java:setRole(171)) - 825ae09a-0c9d-49c2-a438-cc08e7284827:group-8AAEA424BFF3 changes role from null to FOLLOWER at term 0 for startAsFollower
2019-09-19 16:47:23,590 [pool-292-thread-1] INFO  impl.RoleInfo (RoleInfo.java:updateAndGet(143)) - 825ae09a-0c9d-49c2-a438-cc08e7284827: start FollowerState
2019-09-19 16:47:23,590 [pool-292-thread-1] INFO  util.JmxRegister (JmxRegister.java:tryRegister(44)) - Successfully registered JMX Bean with object name Ratis:service=RaftServer,group=group-8AAEA424BFF3,id=825ae09a-0c9d-49c2-a438-cc08e7284827
2019-09-19 16:47:23,593 [RatisPipelineUtilsThread] INFO  pipeline.PipelineStateManager (PipelineStateManager.java:addPipeline(56)) - Created pipeline Pipeline[ Id: 3e58f0b9-96f6-4396-856e-8aaea424bff3, Nodes: 825ae09a-0c9d-49c2-a438-cc08e7284827{ip: 192.168.157.226, host: pr-hdds-1569-swxfz-3172132826, networkLocation: /default-rack, certSerialId: null}, Type:RATIS, Factor:ONE, State:OPEN]
2019-09-19 16:47:23,598 [grpc-default-executor-0] INFO  impl.RaftServerProxy (RaftServerProxy.java:addNew(89)) - 825ae09a-0c9d-49c2-a438-cc08e7284827: addNew group-A70BE390B469:[825ae09a-0c9d-49c2-a438-cc08e7284827:192.168.157.226:36158] returns group-A70BE390B469:java.util.concurrent.CompletableFuture@2c0e109c[Not completed]
2019-09-19 16:47:23,599 [pool-292-thread-1] INFO  impl.RaftServerImpl (RaftServerImpl.java:<init>(93)) - 825ae09a-0c9d-49c2-a438-cc08e7284827: new RaftServerImpl for group-A70BE390B469:[825ae09a-0c9d-49c2-a438-cc08e7284827:192.168.157.226:36158] with ContainerStateMachine:uninitialized
2019-09-19 16:47:23,599 [pool-292-thread-1] INFO  server.RaftServerConfigKeys (ConfUtils.java:logGet(43)) - raft.server.rpc.timeout.min = 5s (custom)
2019-09-19 16:47:23,599 [pool-292-thread-1] INFO  server.RaftServerConfigKeys (ConfUtils.java:logGet(43)) - raft.server.rpc.timeout.max = 5200ms (custom)
2019-09-19 16:47:23,599 [pool-292-thread-1] INFO  server.RaftServerConfigKeys (ConfUtils.java:logGet(43)) - raft.server.rpcslowness.timeout = 120s (custom)
2019-09-19 16:47:23,600 [pool-292-thread-1] INFO  server.RaftServerConfigKeys (ConfUtils.java:logGet(43)) - raft.server.sleep.deviation.threshold = 300 (default)
2019-09-19 16:47:23,600 [pool-292-thread-1] INFO  server.RaftServerConfigKeys (ConfUtils.java:logGet(43)) - raft.server.log.appender.install.snapshot.enabled = false (custom)
2019-09-19 16:47:23,600 [pool-292-thread-1] INFO  impl.RaftServerImpl (ServerState.java:<init>(105)) - 825ae09a-0c9d-49c2-a438-cc08e7284827:group-A70BE390B469 ConfigurationManager, init=-1: [825ae09a-0c9d-49c2-a438-cc08e7284827:192.168.157.226:36158], old=null, confs=<EMPTY_MAP>
2019-09-19 16:47:23,600 [pool-292-thread-1] INFO  server.RaftServerConfigKeys (ConfUtils.java:logGet(43)) - raft.server.storage.dir = [/workdir/hadoop-ozone/ozonefs/target/test-dir/MiniOzoneClusterImpl-220b86cd-4451-44e8-8e13-531534607eb8/datanode-0/data/ratis] (custom)
2019-09-19 16:47:23,600 [pool-292-thread-1] INFO  storage.RaftStorageDirectory (RaftStorageDirectory.java:analyzeStorage(246)) - The storage directory /workdir/hadoop-ozone/ozonefs/target/test-dir/MiniOzoneClusterImpl-220b86cd-4451-44e8-8e13-531534607eb8/datanode-0/data/ratis/435f33fb-f9c5-491d-826b-a70be390b469 does not exist. Creating ...
2019-09-19 16:47:23,613 [pool-292-thread-1] INFO  storage.RaftStorageDirectory (RaftStorageDirectory.java:tryLock(328)) - Lock on /workdir/hadoop-ozone/ozonefs/target/test-dir/MiniOzoneClusterImpl-220b86cd-4451-44e8-8e13-531534607eb8/datanode-0/data/ratis/435f33fb-f9c5-491d-826b-a70be390b469/in_use.lock acquired by nodename 32682@pr-hdds-1569-swxfz-3172132826
2019-09-19 16:47:23,625 [IPC Server handler 0 on 39065] INFO  net.NetworkTopology (NetworkTopologyImpl.java:add(110)) - Added a new node: /default-rack/12a124ac-5800-4d9d-a708-502084c57585
2019-09-19 16:47:23,625 [IPC Server handler 0 on 39065] INFO  node.SCMNodeManager (SCMNodeManager.java:register(273)) - Registered Data node : 12a124ac-5800-4d9d-a708-502084c57585{ip: 192.168.157.226, host: pr-hdds-1569-swxfz-3172132826, networkLocation: /default-rack, certSerialId: null}
2019-09-19 16:47:23,625 | INFO  | SCMAudit | user=jenkins1000 | ip=192.168.157.226 | op=REGISTER {datanodeDetails=12a124ac-5800-4d9d-a708-502084c57585{ip: 192.168.157.226, host: pr-hdds-1569-swxfz-3172132826, networkLocation: /default-rack, certSerialId: null}} | ret=SUCCESS |  
2019-09-19 16:47:23,626 [pool-292-thread-1] INFO  storage.RaftStorage (RaftStorage.java:format(72)) - Storage directory /workdir/hadoop-ozone/ozonefs/target/test-dir/MiniOzoneClusterImpl-220b86cd-4451-44e8-8e13-531534607eb8/datanode-0/data/ratis/435f33fb-f9c5-491d-826b-a70be390b469 has been successfully formatted.
2019-09-19 16:47:23,626 [pool-292-thread-1] INFO  ratis.ContainerStateMachine (ContainerStateMachine.java:loadSnapshot(226)) - group-A70BE390B469: The snapshot info is null. Setting the last applied indexto:(t:0, i:~)
2019-09-19 16:47:23,626 [pool-292-thread-1] INFO  server.RaftServerConfigKeys (ConfUtils.java:logGet(43)) - raft.server.leader.election.timeout = 120s (custom)
2019-09-19 16:47:23,627 [pool-292-thread-1] INFO  server.RaftServerConfigKeys (ConfUtils.java:logGet(43)) - raft.server.log.use.memory = false (default)
2019-09-19 16:47:23,627 [pool-292-thread-1] INFO  server.RaftServerConfigKeys (ConfUtils.java:logGet(43)) - raft.server.log.purge.gap = 1000000 (custom)
2019-09-19 16:47:23,627 [pool-292-thread-1] INFO  server.RaftServerConfigKeys (ConfUtils.java:logGet(43)) - raft.server.log.appender.buffer.byte-limit = 33554432 (custom)
2019-09-19 16:47:23,627 [pool-292-thread-1] INFO  server.RaftServerConfigKeys (ConfUtils.java:logGet(43)) - raft.server.log.segment.size.max = 1048576 (custom)
2019-09-19 16:47:23,627 [pool-292-thread-1] INFO  server.RaftServerConfigKeys (ConfUtils.java:logGet(43)) - raft.server.log.segment.cache.num.max = 2 (custom)
2019-09-19 16:47:23,627 [pool-292-thread-1] INFO  segmented.SegmentedRaftLogWorker (SegmentedRaftLogWorker.java:<init>(172)) - new 825ae09a-0c9d-49c2-a438-cc08e7284827-SegmentedRaftLogWorker:Storage Directory /workdir/hadoop-ozone/ozonefs/target/test-dir/MiniOzoneClusterImpl-220b86cd-4451-44e8-8e13-531534607eb8/datanode-0/data/ratis/435f33fb-f9c5-491d-826b-a70be390b469 for RaftStorage:Storage Directory /workdir/hadoop-ozone/ozonefs/target/test-dir/MiniOzoneClusterImpl-220b86cd-4451-44e8-8e13-531534607eb8/datanode-0/data/ratis/435f33fb-f9c5-491d-826b-a70be390b469
2019-09-19 16:47:23,627 [pool-292-thread-1] INFO  server.RaftServerConfigKeys (ConfUtils.java:logGet(43)) - raft.server.log.queue.byte-limit = 2147483647 (custom)
2019-09-19 16:47:23,627 [pool-292-thread-1] INFO  server.RaftServerConfigKeys (ConfUtils.java:logGet(43)) - raft.server.log.queue.element-limit = 1024 (custom)
2019-09-19 16:47:23,628 [pool-292-thread-1] INFO  server.RaftServerConfigKeys (ConfUtils.java:logGet(43)) - raft.server.log.segment.size.max = 1048576 (custom)
2019-09-19 16:47:23,628 [pool-292-thread-1] INFO  server.RaftServerConfigKeys (ConfUtils.java:logGet(43)) - raft.server.log.preallocated.size = 16384 (custom)
2019-09-19 16:47:23,628 [pool-292-thread-1] INFO  server.RaftServerConfigKeys (ConfUtils.java:logGet(43)) - raft.server.log.write.buffer.size = 33554432 (custom)
2019-09-19 16:47:23,628 [pool-292-thread-1] INFO  server.RaftServerConfigKeys (ConfUtils.java:logGet(43)) - raft.server.log.force.sync.num = 128 (default)
2019-09-19 16:47:23,628 [pool-292-thread-1] INFO  server.RaftServerConfigKeys (ConfUtils.java:logGet(43)) - raft.server.log.statemachine.data.sync = true (default)
2019-09-19 16:47:23,628 [pool-292-thread-1] INFO  server.RaftServerConfigKeys (ConfUtils.java:logGet(43)) - raft.server.log.statemachine.data.sync.timeout = 10s (default)
2019-09-19 16:47:23,628 [pool-292-thread-1] INFO  server.RaftServerConfigKeys (ConfUtils.java:logGet(43)) - raft.server.log.statemachine.data.sync.timeout.retry = -1 (default)
2019-09-19 16:47:23,628 [pool-292-thread-1] INFO  server.RaftServerConfigKeys (ConfUtils.java:logGet(43)) - raft.server.log.statemachine.data.caching.enabled = true (custom)
2019-09-19 16:47:23,629 [pool-292-thread-1] INFO  segmented.SegmentedRaftLogWorker (SegmentedRaftLogWorker.java:lambda$new$0(132)) - 825ae09a-0c9d-49c2-a438-cc08e7284827-SegmentedRaftLogWorker:Storage Directory /workdir/hadoop-ozone/ozonefs/target/test-dir/MiniOzoneClusterImpl-220b86cd-4451-44e8-8e13-531534607eb8/datanode-0/data/ratis/435f33fb-f9c5-491d-826b-a70be390b469: flushIndex: setUnconditionally 0 -> -1
2019-09-19 16:47:23,629 [pool-292-thread-1] INFO  server.RaftServerConfigKeys (ConfUtils.java:logGet(43)) - raft.server.snapshot.auto.trigger.enabled = true (custom)
2019-09-19 16:47:23,629 [pool-292-thread-1] INFO  server.RaftServerConfigKeys (ConfUtils.java:logGet(43)) - raft.server.snapshot.auto.trigger.threshold = 10000 (custom)
2019-09-19 16:47:23,629 [pool-292-thread-1] INFO  server.RaftServerConfigKeys (ConfUtils.java:logGet(43)) - raft.server.retrycache.expirytime = 600000ms (custom)
2019-09-19 16:47:23,630 [pool-292-thread-1] INFO  impl.RaftServerImpl (RaftServerImpl.java:start(180)) - 825ae09a-0c9d-49c2-a438-cc08e7284827: start group-A70BE390B469
2019-09-19 16:47:23,630 [pool-292-thread-1] INFO  impl.RaftServerImpl (RaftServerImpl.java:setRole(171)) - 825ae09a-0c9d-49c2-a438-cc08e7284827:group-A70BE390B469 changes role from null to FOLLOWER at term 0 for startAsFollower
2019-09-19 16:47:23,630 [pool-292-thread-1] INFO  impl.RoleInfo (RoleInfo.java:updateAndGet(143)) - 825ae09a-0c9d-49c2-a438-cc08e7284827: start FollowerState
2019-09-19 16:47:23,630 [pool-292-thread-1] INFO  util.JmxRegister (JmxRegister.java:tryRegister(44)) - Successfully registered JMX Bean with object name Ratis:service=RaftServer,group=group-A70BE390B469,id=825ae09a-0c9d-49c2-a438-cc08e7284827
2019-09-19 16:47:23,633 [RatisPipelineUtilsThread] INFO  pipeline.PipelineStateManager (PipelineStateManager.java:addPipeline(56)) - Created pipeline Pipeline[ Id: 435f33fb-f9c5-491d-826b-a70be390b469, Nodes: 825ae09a-0c9d-49c2-a438-cc08e7284827{ip: 192.168.157.226, host: pr-hdds-1569-swxfz-3172132826, networkLocation: /default-rack, certSerialId: null}, Type:RATIS, Factor:ONE, State:OPEN]
2019-09-19 16:47:23,644 [grpc-default-executor-0] INFO  impl.RaftServerProxy (RaftServerProxy.java:addNew(89)) - 12a124ac-5800-4d9d-a708-502084c57585: addNew group-9AC773C0286B:[12a124ac-5800-4d9d-a708-502084c57585:192.168.157.226:41511] returns group-9AC773C0286B:java.util.concurrent.CompletableFuture@27f5cb54[Not completed]
2019-09-19 16:47:23,645 [pool-303-thread-1] INFO  impl.RaftServerImpl (RaftServerImpl.java:<init>(93)) - 12a124ac-5800-4d9d-a708-502084c57585: new RaftServerImpl for group-9AC773C0286B:[12a124ac-5800-4d9d-a708-502084c57585:192.168.157.226:41511] with ContainerStateMachine:uninitialized
2019-09-19 16:47:23,645 [pool-303-thread-1] INFO  server.RaftServerConfigKeys (ConfUtils.java:logGet(43)) - raft.server.rpc.timeout.min = 5s (custom)
2019-09-19 16:47:23,645 [pool-303-thread-1] INFO  server.RaftServerConfigKeys (ConfUtils.java:logGet(43)) - raft.server.rpc.timeout.max = 5200ms (custom)
2019-09-19 16:47:23,645 [pool-303-thread-1] INFO  server.RaftServerConfigKeys (ConfUtils.java:logGet(43)) - raft.server.rpcslowness.timeout = 120s (custom)
2019-09-19 16:47:23,645 [pool-303-thread-1] INFO  server.RaftServerConfigKeys (ConfUtils.java:logGet(43)) - raft.server.sleep.deviation.threshold = 300 (default)
2019-09-19 16:47:23,645 [pool-303-thread-1] INFO  server.RaftServerConfigKeys (ConfUtils.java:logGet(43)) - raft.server.log.appender.install.snapshot.enabled = false (custom)
2019-09-19 16:47:23,645 [pool-303-thread-1] INFO  impl.RaftServerImpl (ServerState.java:<init>(105)) - 12a124ac-5800-4d9d-a708-502084c57585:group-9AC773C0286B ConfigurationManager, init=-1: [12a124ac-5800-4d9d-a708-502084c57585:192.168.157.226:41511], old=null, confs=<EMPTY_MAP>
2019-09-19 16:47:23,646 [pool-303-thread-1] INFO  server.RaftServerConfigKeys (ConfUtils.java:logGet(43)) - raft.server.storage.dir = [/workdir/hadoop-ozone/ozonefs/target/test-dir/MiniOzoneClusterImpl-220b86cd-4451-44e8-8e13-531534607eb8/datanode-1/data/ratis] (custom)
2019-09-19 16:47:23,646 [pool-303-thread-1] INFO  storage.RaftStorageDirectory (RaftStorageDirectory.java:analyzeStorage(246)) - The storage directory /workdir/hadoop-ozone/ozonefs/target/test-dir/MiniOzoneClusterImpl-220b86cd-4451-44e8-8e13-531534607eb8/datanode-1/data/ratis/46094569-89ea-4404-96af-9ac773c0286b does not exist. Creating ...
2019-09-19 16:47:23,658 [pool-303-thread-1] INFO  storage.RaftStorageDirectory (RaftStorageDirectory.java:tryLock(328)) - Lock on /workdir/hadoop-ozone/ozonefs/target/test-dir/MiniOzoneClusterImpl-220b86cd-4451-44e8-8e13-531534607eb8/datanode-1/data/ratis/46094569-89ea-4404-96af-9ac773c0286b/in_use.lock acquired by nodename 32682@pr-hdds-1569-swxfz-3172132826
2019-09-19 16:47:23,671 [pool-303-thread-1] INFO  storage.RaftStorage (RaftStorage.java:format(72)) - Storage directory /workdir/hadoop-ozone/ozonefs/target/test-dir/MiniOzoneClusterImpl-220b86cd-4451-44e8-8e13-531534607eb8/datanode-1/data/ratis/46094569-89ea-4404-96af-9ac773c0286b has been successfully formatted.
2019-09-19 16:47:23,671 [pool-303-thread-1] INFO  ratis.ContainerStateMachine (ContainerStateMachine.java:loadSnapshot(226)) - group-9AC773C0286B: The snapshot info is null. Setting the last applied indexto:(t:0, i:~)
2019-09-19 16:47:23,672 [pool-303-thread-1] INFO  server.RaftServerConfigKeys (ConfUtils.java:logGet(43)) - raft.server.leader.election.timeout = 120s (custom)
2019-09-19 16:47:23,672 [pool-303-thread-1] INFO  server.RaftServerConfigKeys (ConfUtils.java:logGet(43)) - raft.server.log.use.memory = false (default)
2019-09-19 16:47:23,672 [pool-303-thread-1] INFO  server.RaftServerConfigKeys (ConfUtils.java:logGet(43)) - raft.server.log.purge.gap = 1000000 (custom)
2019-09-19 16:47:23,672 [pool-303-thread-1] INFO  server.RaftServerConfigKeys (ConfUtils.java:logGet(43)) - raft.server.log.appender.buffer.byte-limit = 33554432 (custom)
2019-09-19 16:47:23,672 [pool-303-thread-1] INFO  server.RaftServerConfigKeys (ConfUtils.java:logGet(43)) - raft.server.log.segment.size.max = 1048576 (custom)
2019-09-19 16:47:23,672 [pool-303-thread-1] INFO  server.RaftServerConfigKeys (ConfUtils.java:logGet(43)) - raft.server.log.segment.cache.num.max = 2 (custom)
2019-09-19 16:47:23,672 [pool-303-thread-1] INFO  segmented.SegmentedRaftLogWorker (SegmentedRaftLogWorker.java:<init>(172)) - new 12a124ac-5800-4d9d-a708-502084c57585-SegmentedRaftLogWorker:Storage Directory /workdir/hadoop-ozone/ozonefs/target/test-dir/MiniOzoneClusterImpl-220b86cd-4451-44e8-8e13-531534607eb8/datanode-1/data/ratis/46094569-89ea-4404-96af-9ac773c0286b for RaftStorage:Storage Directory /workdir/hadoop-ozone/ozonefs/target/test-dir/MiniOzoneClusterImpl-220b86cd-4451-44e8-8e13-531534607eb8/datanode-1/data/ratis/46094569-89ea-4404-96af-9ac773c0286b
2019-09-19 16:47:23,673 [pool-303-thread-1] INFO  server.RaftServerConfigKeys (ConfUtils.java:logGet(43)) - raft.server.log.queue.byte-limit = 2147483647 (custom)
2019-09-19 16:47:23,673 [pool-303-thread-1] INFO  server.RaftServerConfigKeys (ConfUtils.java:logGet(43)) - raft.server.log.queue.element-limit = 1024 (custom)
2019-09-19 16:47:23,673 [pool-303-thread-1] INFO  server.RaftServerConfigKeys (ConfUtils.java:logGet(43)) - raft.server.log.segment.size.max = 1048576 (custom)
2019-09-19 16:47:23,673 [pool-303-thread-1] INFO  server.RaftServerConfigKeys (ConfUtils.java:logGet(43)) - raft.server.log.preallocated.size = 16384 (custom)
2019-09-19 16:47:23,673 [pool-303-thread-1] INFO  server.RaftServerConfigKeys (ConfUtils.java:logGet(43)) - raft.server.log.write.buffer.size = 33554432 (custom)
2019-09-19 16:47:23,673 [pool-303-thread-1] INFO  server.RaftServerConfigKeys (ConfUtils.java:logGet(43)) - raft.server.log.force.sync.num = 128 (default)
2019-09-19 16:47:23,674 [pool-303-thread-1] INFO  server.RaftServerConfigKeys (ConfUtils.java:logGet(43)) - raft.server.log.statemachine.data.sync = true (default)
2019-09-19 16:47:23,674 [pool-303-thread-1] INFO  server.RaftServerConfigKeys (ConfUtils.java:logGet(43)) - raft.server.log.statemachine.data.sync.timeout = 10s (default)
2019-09-19 16:47:23,674 [pool-303-thread-1] INFO  server.RaftServerConfigKeys (ConfUtils.java:logGet(43)) - raft.server.log.statemachine.data.sync.timeout.retry = -1 (default)
2019-09-19 16:47:23,674 [pool-303-thread-1] INFO  server.RaftServerConfigKeys (ConfUtils.java:logGet(43)) - raft.server.log.statemachine.data.caching.enabled = true (custom)
2019-09-19 16:47:23,674 [pool-303-thread-1] INFO  segmented.SegmentedRaftLogWorker (SegmentedRaftLogWorker.java:lambda$new$0(132)) - 12a124ac-5800-4d9d-a708-502084c57585-SegmentedRaftLogWorker:Storage Directory /workdir/hadoop-ozone/ozonefs/target/test-dir/MiniOzoneClusterImpl-220b86cd-4451-44e8-8e13-531534607eb8/datanode-1/data/ratis/46094569-89ea-4404-96af-9ac773c0286b: flushIndex: setUnconditionally 0 -> -1
2019-09-19 16:47:23,675 [pool-303-thread-1] INFO  server.RaftServerConfigKeys (ConfUtils.java:logGet(43)) - raft.server.snapshot.auto.trigger.enabled = true (custom)
2019-09-19 16:47:23,675 [pool-303-thread-1] INFO  server.RaftServerConfigKeys (ConfUtils.java:logGet(43)) - raft.server.snapshot.auto.trigger.threshold = 10000 (custom)
2019-09-19 16:47:23,675 [pool-303-thread-1] INFO  server.RaftServerConfigKeys (ConfUtils.java:logGet(43)) - raft.server.retrycache.expirytime = 600000ms (custom)
2019-09-19 16:47:23,675 [pool-303-thread-1] INFO  impl.RaftServerImpl (RaftServerImpl.java:start(180)) - 12a124ac-5800-4d9d-a708-502084c57585: start group-9AC773C0286B
2019-09-19 16:47:23,675 [pool-303-thread-1] INFO  impl.RaftServerImpl (RaftServerImpl.java:setRole(171)) - 12a124ac-5800-4d9d-a708-502084c57585:group-9AC773C0286B changes role from null to FOLLOWER at term 0 for startAsFollower
2019-09-19 16:47:23,676 [pool-303-thread-1] INFO  impl.RoleInfo (RoleInfo.java:updateAndGet(143)) - 12a124ac-5800-4d9d-a708-502084c57585: start FollowerState
2019-09-19 16:47:23,676 [pool-303-thread-1] INFO  util.JmxRegister (JmxRegister.java:tryRegister(44)) - Successfully registered JMX Bean with object name Ratis:service=RaftServer,group=group-9AC773C0286B,id=12a124ac-5800-4d9d-a708-502084c57585
2019-09-19 16:47:23,679 [RatisPipelineUtilsThread] INFO  pipeline.PipelineStateManager (PipelineStateManager.java:addPipeline(56)) - Created pipeline Pipeline[ Id: 46094569-89ea-4404-96af-9ac773c0286b, Nodes: 12a124ac-5800-4d9d-a708-502084c57585{ip: 192.168.157.226, host: pr-hdds-1569-swxfz-3172132826, networkLocation: /default-rack, certSerialId: null}, Type:RATIS, Factor:ONE, State:OPEN]
2019-09-19 16:47:23,684 [grpc-default-executor-0] INFO  impl.RaftServerProxy (RaftServerProxy.java:addNew(89)) - 825ae09a-0c9d-49c2-a438-cc08e7284827: addNew group-1C714CA882B2:[825ae09a-0c9d-49c2-a438-cc08e7284827:192.168.157.226:36158] returns group-1C714CA882B2:java.util.concurrent.CompletableFuture@47e7cdf3[Not completed]
2019-09-19 16:47:23,686 [pool-292-thread-1] INFO  impl.RaftServerImpl (RaftServerImpl.java:<init>(93)) - 825ae09a-0c9d-49c2-a438-cc08e7284827: new RaftServerImpl for group-1C714CA882B2:[825ae09a-0c9d-49c2-a438-cc08e7284827:192.168.157.226:36158] with ContainerStateMachine:uninitialized
2019-09-19 16:47:23,686 [pool-292-thread-1] INFO  server.RaftServerConfigKeys (ConfUtils.java:logGet(43)) - raft.server.rpc.timeout.min = 5s (custom)
2019-09-19 16:47:23,686 [pool-292-thread-1] INFO  server.RaftServerConfigKeys (ConfUtils.java:logGet(43)) - raft.server.rpc.timeout.max = 5200ms (custom)
2019-09-19 16:47:23,686 [pool-292-thread-1] INFO  server.RaftServerConfigKeys (ConfUtils.java:logGet(43)) - raft.server.rpcslowness.timeout = 120s (custom)
2019-09-19 16:47:23,686 [pool-292-thread-1] INFO  server.RaftServerConfigKeys (ConfUtils.java:logGet(43)) - raft.server.sleep.deviation.threshold = 300 (default)
2019-09-19 16:47:23,686 [pool-292-thread-1] INFO  server.RaftServerConfigKeys (ConfUtils.java:logGet(43)) - raft.server.log.appender.install.snapshot.enabled = false (custom)
2019-09-19 16:47:23,686 [pool-292-thread-1] INFO  impl.RaftServerImpl (ServerState.java:<init>(105)) - 825ae09a-0c9d-49c2-a438-cc08e7284827:group-1C714CA882B2 ConfigurationManager, init=-1: [825ae09a-0c9d-49c2-a438-cc08e7284827:192.168.157.226:36158], old=null, confs=<EMPTY_MAP>
2019-09-19 16:47:23,687 [pool-292-thread-1] INFO  server.RaftServerConfigKeys (ConfUtils.java:logGet(43)) - raft.server.storage.dir = [/workdir/hadoop-ozone/ozonefs/target/test-dir/MiniOzoneClusterImpl-220b86cd-4451-44e8-8e13-531534607eb8/datanode-0/data/ratis] (custom)
2019-09-19 16:47:23,687 [pool-292-thread-1] INFO  storage.RaftStorageDirectory (RaftStorageDirectory.java:analyzeStorage(246)) - The storage directory /workdir/hadoop-ozone/ozonefs/target/test-dir/MiniOzoneClusterImpl-220b86cd-4451-44e8-8e13-531534607eb8/datanode-0/data/ratis/bbaea70f-ef44-4d48-8d1a-1c714ca882b2 does not exist. Creating ...
2019-09-19 16:47:23,702 [pool-292-thread-1] INFO  storage.RaftStorageDirectory (RaftStorageDirectory.java:tryLock(328)) - Lock on /workdir/hadoop-ozone/ozonefs/target/test-dir/MiniOzoneClusterImpl-220b86cd-4451-44e8-8e13-531534607eb8/datanode-0/data/ratis/bbaea70f-ef44-4d48-8d1a-1c714ca882b2/in_use.lock acquired by nodename 32682@pr-hdds-1569-swxfz-3172132826
2019-09-19 16:47:23,706 [pool-292-thread-1] INFO  storage.RaftStorage (RaftStorage.java:format(72)) - Storage directory /workdir/hadoop-ozone/ozonefs/target/test-dir/MiniOzoneClusterImpl-220b86cd-4451-44e8-8e13-531534607eb8/datanode-0/data/ratis/bbaea70f-ef44-4d48-8d1a-1c714ca882b2 has been successfully formatted.
2019-09-19 16:47:23,706 [pool-292-thread-1] INFO  ratis.ContainerStateMachine (ContainerStateMachine.java:loadSnapshot(226)) - group-1C714CA882B2: The snapshot info is null. Setting the last applied indexto:(t:0, i:~)
2019-09-19 16:47:23,706 [pool-292-thread-1] INFO  server.RaftServerConfigKeys (ConfUtils.java:logGet(43)) - raft.server.leader.election.timeout = 120s (custom)
2019-09-19 16:47:23,706 [pool-292-thread-1] INFO  server.RaftServerConfigKeys (ConfUtils.java:logGet(43)) - raft.server.log.use.memory = false (default)
2019-09-19 16:47:23,706 [pool-292-thread-1] INFO  server.RaftServerConfigKeys (ConfUtils.java:logGet(43)) - raft.server.log.purge.gap = 1000000 (custom)
2019-09-19 16:47:23,707 [pool-292-thread-1] INFO  server.RaftServerConfigKeys (ConfUtils.java:logGet(43)) - raft.server.log.appender.buffer.byte-limit = 33554432 (custom)
2019-09-19 16:47:23,707 [pool-292-thread-1] INFO  server.RaftServerConfigKeys (ConfUtils.java:logGet(43)) - raft.server.log.segment.size.max = 1048576 (custom)
2019-09-19 16:47:23,707 [pool-292-thread-1] INFO  server.RaftServerConfigKeys (ConfUtils.java:logGet(43)) - raft.server.log.segment.cache.num.max = 2 (custom)
2019-09-19 16:47:23,707 [pool-292-thread-1] INFO  segmented.SegmentedRaftLogWorker (SegmentedRaftLogWorker.java:<init>(172)) - new 825ae09a-0c9d-49c2-a438-cc08e7284827-SegmentedRaftLogWorker:Storage Directory /workdir/hadoop-ozone/ozonefs/target/test-dir/MiniOzoneClusterImpl-220b86cd-4451-44e8-8e13-531534607eb8/datanode-0/data/ratis/bbaea70f-ef44-4d48-8d1a-1c714ca882b2 for RaftStorage:Storage Directory /workdir/hadoop-ozone/ozonefs/target/test-dir/MiniOzoneClusterImpl-220b86cd-4451-44e8-8e13-531534607eb8/datanode-0/data/ratis/bbaea70f-ef44-4d48-8d1a-1c714ca882b2
2019-09-19 16:47:23,707 [pool-292-thread-1] INFO  server.RaftServerConfigKeys (ConfUtils.java:logGet(43)) - raft.server.log.queue.byte-limit = 2147483647 (custom)
2019-09-19 16:47:23,707 [pool-292-thread-1] INFO  server.RaftServerConfigKeys (ConfUtils.java:logGet(43)) - raft.server.log.queue.element-limit = 1024 (custom)
2019-09-19 16:47:23,708 [pool-292-thread-1] INFO  server.RaftServerConfigKeys (ConfUtils.java:logGet(43)) - raft.server.log.segment.size.max = 1048576 (custom)
2019-09-19 16:47:23,708 [pool-292-thread-1] INFO  server.RaftServerConfigKeys (ConfUtils.java:logGet(43)) - raft.server.log.preallocated.size = 16384 (custom)
2019-09-19 16:47:23,708 [pool-292-thread-1] INFO  server.RaftServerConfigKeys (ConfUtils.java:logGet(43)) - raft.server.log.write.buffer.size = 33554432 (custom)
2019-09-19 16:47:23,708 [pool-292-thread-1] INFO  server.RaftServerConfigKeys (ConfUtils.java:logGet(43)) - raft.server.log.force.sync.num = 128 (default)
2019-09-19 16:47:23,708 [pool-292-thread-1] INFO  server.RaftServerConfigKeys (ConfUtils.java:logGet(43)) - raft.server.log.statemachine.data.sync = true (default)
2019-09-19 16:47:23,708 [pool-292-thread-1] INFO  server.RaftServerConfigKeys (ConfUtils.java:logGet(43)) - raft.server.log.statemachine.data.sync.timeout = 10s (default)
2019-09-19 16:47:23,708 [pool-292-thread-1] INFO  server.RaftServerConfigKeys (ConfUtils.java:logGet(43)) - raft.server.log.statemachine.data.sync.timeout.retry = -1 (default)
2019-09-19 16:47:23,709 [pool-292-thread-1] INFO  server.RaftServerConfigKeys (ConfUtils.java:logGet(43)) - raft.server.log.statemachine.data.caching.enabled = true (custom)
2019-09-19 16:47:23,709 [pool-292-thread-1] INFO  segmented.SegmentedRaftLogWorker (SegmentedRaftLogWorker.java:lambda$new$0(132)) - 825ae09a-0c9d-49c2-a438-cc08e7284827-SegmentedRaftLogWorker:Storage Directory /workdir/hadoop-ozone/ozonefs/target/test-dir/MiniOzoneClusterImpl-220b86cd-4451-44e8-8e13-531534607eb8/datanode-0/data/ratis/bbaea70f-ef44-4d48-8d1a-1c714ca882b2: flushIndex: setUnconditionally 0 -> -1
2019-09-19 16:47:23,709 [pool-292-thread-1] INFO  server.RaftServerConfigKeys (ConfUtils.java:logGet(43)) - raft.server.snapshot.auto.trigger.enabled = true (custom)
2019-09-19 16:47:23,709 [pool-292-thread-1] INFO  server.RaftServerConfigKeys (ConfUtils.java:logGet(43)) - raft.server.snapshot.auto.trigger.threshold = 10000 (custom)
2019-09-19 16:47:23,710 [pool-292-thread-1] INFO  server.RaftServerConfigKeys (ConfUtils.java:logGet(43)) - raft.server.retrycache.expirytime = 600000ms (custom)
2019-09-19 16:47:23,710 [pool-292-thread-1] INFO  impl.RaftServerImpl (RaftServerImpl.java:start(180)) - 825ae09a-0c9d-49c2-a438-cc08e7284827: start group-1C714CA882B2
2019-09-19 16:47:23,710 [pool-292-thread-1] INFO  impl.RaftServerImpl (RaftServerImpl.java:setRole(171)) - 825ae09a-0c9d-49c2-a438-cc08e7284827:group-1C714CA882B2 changes role from null to FOLLOWER at term 0 for startAsFollower
2019-09-19 16:47:23,710 [pool-292-thread-1] INFO  impl.RoleInfo (RoleInfo.java:updateAndGet(143)) - 825ae09a-0c9d-49c2-a438-cc08e7284827: start FollowerState
2019-09-19 16:47:23,711 [pool-292-thread-1] INFO  util.JmxRegister (JmxRegister.java:tryRegister(44)) - Successfully registered JMX Bean with object name Ratis:service=RaftServer,group=group-1C714CA882B2,id=825ae09a-0c9d-49c2-a438-cc08e7284827
2019-09-19 16:47:23,713 [RatisPipelineUtilsThread] INFO  pipeline.PipelineStateManager (PipelineStateManager.java:addPipeline(56)) - Created pipeline Pipeline[ Id: bbaea70f-ef44-4d48-8d1a-1c714ca882b2, Nodes: 825ae09a-0c9d-49c2-a438-cc08e7284827{ip: 192.168.157.226, host: pr-hdds-1569-swxfz-3172132826, networkLocation: /default-rack, certSerialId: null}, Type:RATIS, Factor:ONE, State:OPEN]
2019-09-19 16:47:23,725 [grpc-default-executor-0] INFO  impl.RaftServerProxy (RaftServerProxy.java:addNew(89)) - 825ae09a-0c9d-49c2-a438-cc08e7284827: addNew group-F8A56754D501:[825ae09a-0c9d-49c2-a438-cc08e7284827:192.168.157.226:36158] returns group-F8A56754D501:java.util.concurrent.CompletableFuture@242a1040[Not completed]
2019-09-19 16:47:23,728 [pool-292-thread-1] INFO  impl.RaftServerImpl (RaftServerImpl.java:<init>(93)) - 825ae09a-0c9d-49c2-a438-cc08e7284827: new RaftServerImpl for group-F8A56754D501:[825ae09a-0c9d-49c2-a438-cc08e7284827:192.168.157.226:36158] with ContainerStateMachine:uninitialized
2019-09-19 16:47:23,728 [pool-292-thread-1] INFO  server.RaftServerConfigKeys (ConfUtils.java:logGet(43)) - raft.server.rpc.timeout.min = 5s (custom)
2019-09-19 16:47:23,729 [pool-292-thread-1] INFO  server.RaftServerConfigKeys (ConfUtils.java:logGet(43)) - raft.server.rpc.timeout.max = 5200ms (custom)
2019-09-19 16:47:23,729 [pool-292-thread-1] INFO  server.RaftServerConfigKeys (ConfUtils.java:logGet(43)) - raft.server.rpcslowness.timeout = 120s (custom)
2019-09-19 16:47:23,729 [pool-292-thread-1] INFO  server.RaftServerConfigKeys (ConfUtils.java:logGet(43)) - raft.server.sleep.deviation.threshold = 300 (default)
2019-09-19 16:47:23,729 [pool-292-thread-1] INFO  server.RaftServerConfigKeys (ConfUtils.java:logGet(43)) - raft.server.log.appender.install.snapshot.enabled = false (custom)
2019-09-19 16:47:23,729 [pool-292-thread-1] INFO  impl.RaftServerImpl (ServerState.java:<init>(105)) - 825ae09a-0c9d-49c2-a438-cc08e7284827:group-F8A56754D501 ConfigurationManager, init=-1: [825ae09a-0c9d-49c2-a438-cc08e7284827:192.168.157.226:36158], old=null, confs=<EMPTY_MAP>
2019-09-19 16:47:23,729 [pool-292-thread-1] INFO  server.RaftServerConfigKeys (ConfUtils.java:logGet(43)) - raft.server.storage.dir = [/workdir/hadoop-ozone/ozonefs/target/test-dir/MiniOzoneClusterImpl-220b86cd-4451-44e8-8e13-531534607eb8/datanode-0/data/ratis] (custom)
2019-09-19 16:47:23,730 [pool-292-thread-1] INFO  storage.RaftStorageDirectory (RaftStorageDirectory.java:analyzeStorage(246)) - The storage directory /workdir/hadoop-ozone/ozonefs/target/test-dir/MiniOzoneClusterImpl-220b86cd-4451-44e8-8e13-531534607eb8/datanode-0/data/ratis/291104be-ebde-4fe2-9803-f8a56754d501 does not exist. Creating ...
2019-09-19 16:47:23,734 [pool-292-thread-1] INFO  storage.RaftStorageDirectory (RaftStorageDirectory.java:tryLock(328)) - Lock on /workdir/hadoop-ozone/ozonefs/target/test-dir/MiniOzoneClusterImpl-220b86cd-4451-44e8-8e13-531534607eb8/datanode-0/data/ratis/291104be-ebde-4fe2-9803-f8a56754d501/in_use.lock acquired by nodename 32682@pr-hdds-1569-swxfz-3172132826
2019-09-19 16:47:23,773 [pool-292-thread-1] INFO  storage.RaftStorage (RaftStorage.java:format(72)) - Storage directory /workdir/hadoop-ozone/ozonefs/target/test-dir/MiniOzoneClusterImpl-220b86cd-4451-44e8-8e13-531534607eb8/datanode-0/data/ratis/291104be-ebde-4fe2-9803-f8a56754d501 has been successfully formatted.
2019-09-19 16:47:23,774 [pool-292-thread-1] INFO  ratis.ContainerStateMachine (ContainerStateMachine.java:loadSnapshot(226)) - group-F8A56754D501: The snapshot info is null. Setting the last applied indexto:(t:0, i:~)
2019-09-19 16:47:23,774 [pool-292-thread-1] INFO  server.RaftServerConfigKeys (ConfUtils.java:logGet(43)) - raft.server.leader.election.timeout = 120s (custom)
2019-09-19 16:47:23,774 [pool-292-thread-1] INFO  server.RaftServerConfigKeys (ConfUtils.java:logGet(43)) - raft.server.log.use.memory = false (default)
2019-09-19 16:47:23,774 [pool-292-thread-1] INFO  server.RaftServerConfigKeys (ConfUtils.java:logGet(43)) - raft.server.log.purge.gap = 1000000 (custom)
2019-09-19 16:47:23,774 [pool-292-thread-1] INFO  server.RaftServerConfigKeys (ConfUtils.java:logGet(43)) - raft.server.log.appender.buffer.byte-limit = 33554432 (custom)
2019-09-19 16:47:23,775 [pool-292-thread-1] INFO  server.RaftServerConfigKeys (ConfUtils.java:logGet(43)) - raft.server.log.segment.size.max = 1048576 (custom)
2019-09-19 16:47:23,775 [pool-292-thread-1] INFO  server.RaftServerConfigKeys (ConfUtils.java:logGet(43)) - raft.server.log.segment.cache.num.max = 2 (custom)
2019-09-19 16:47:23,775 [pool-292-thread-1] INFO  segmented.SegmentedRaftLogWorker (SegmentedRaftLogWorker.java:<init>(172)) - new 825ae09a-0c9d-49c2-a438-cc08e7284827-SegmentedRaftLogWorker:Storage Directory /workdir/hadoop-ozone/ozonefs/target/test-dir/MiniOzoneClusterImpl-220b86cd-4451-44e8-8e13-531534607eb8/datanode-0/data/ratis/291104be-ebde-4fe2-9803-f8a56754d501 for RaftStorage:Storage Directory /workdir/hadoop-ozone/ozonefs/target/test-dir/MiniOzoneClusterImpl-220b86cd-4451-44e8-8e13-531534607eb8/datanode-0/data/ratis/291104be-ebde-4fe2-9803-f8a56754d501
2019-09-19 16:47:23,775 [pool-292-thread-1] INFO  server.RaftServerConfigKeys (ConfUtils.java:logGet(43)) - raft.server.log.queue.byte-limit = 2147483647 (custom)
2019-09-19 16:47:23,775 [pool-292-thread-1] INFO  server.RaftServerConfigKeys (ConfUtils.java:logGet(43)) - raft.server.log.queue.element-limit = 1024 (custom)
2019-09-19 16:47:23,776 [pool-292-thread-1] INFO  server.RaftServerConfigKeys (ConfUtils.java:logGet(43)) - raft.server.log.segment.size.max = 1048576 (custom)
2019-09-19 16:47:23,776 [pool-292-thread-1] INFO  server.RaftServerConfigKeys (ConfUtils.java:logGet(43)) - raft.server.log.preallocated.size = 16384 (custom)
2019-09-19 16:47:23,776 [pool-292-thread-1] INFO  server.RaftServerConfigKeys (ConfUtils.java:logGet(43)) - raft.server.log.write.buffer.size = 33554432 (custom)
2019-09-19 16:47:23,776 [pool-292-thread-1] INFO  server.RaftServerConfigKeys (ConfUtils.java:logGet(43)) - raft.server.log.force.sync.num = 128 (default)
2019-09-19 16:47:23,776 [pool-292-thread-1] INFO  server.RaftServerConfigKeys (ConfUtils.java:logGet(43)) - raft.server.log.statemachine.data.sync = true (default)
2019-09-19 16:47:23,777 [pool-292-thread-1] INFO  server.RaftServerConfigKeys (ConfUtils.java:logGet(43)) - raft.server.log.statemachine.data.sync.timeout = 10s (default)
2019-09-19 16:47:23,777 [pool-292-thread-1] INFO  server.RaftServerConfigKeys (ConfUtils.java:logGet(43)) - raft.server.log.statemachine.data.sync.timeout.retry = -1 (default)
2019-09-19 16:47:23,777 [pool-292-thread-1] INFO  server.RaftServerConfigKeys (ConfUtils.java:logGet(43)) - raft.server.log.statemachine.data.caching.enabled = true (custom)
2019-09-19 16:47:23,777 [pool-292-thread-1] INFO  segmented.SegmentedRaftLogWorker (SegmentedRaftLogWorker.java:lambda$new$0(132)) - 825ae09a-0c9d-49c2-a438-cc08e7284827-SegmentedRaftLogWorker:Storage Directory /workdir/hadoop-ozone/ozonefs/target/test-dir/MiniOzoneClusterImpl-220b86cd-4451-44e8-8e13-531534607eb8/datanode-0/data/ratis/291104be-ebde-4fe2-9803-f8a56754d501: flushIndex: setUnconditionally 0 -> -1
2019-09-19 16:47:23,778 [pool-292-thread-1] INFO  server.RaftServerConfigKeys (ConfUtils.java:logGet(43)) - raft.server.snapshot.auto.trigger.enabled = true (custom)
2019-09-19 16:47:23,778 [pool-292-thread-1] INFO  server.RaftServerConfigKeys (ConfUtils.java:logGet(43)) - raft.server.snapshot.auto.trigger.threshold = 10000 (custom)
2019-09-19 16:47:23,778 [pool-292-thread-1] INFO  server.RaftServerConfigKeys (ConfUtils.java:logGet(43)) - raft.server.retrycache.expirytime = 600000ms (custom)
2019-09-19 16:47:23,779 [pool-292-thread-1] INFO  impl.RaftServerImpl (RaftServerImpl.java:start(180)) - 825ae09a-0c9d-49c2-a438-cc08e7284827: start group-F8A56754D501
2019-09-19 16:47:23,779 [pool-292-thread-1] INFO  impl.RaftServerImpl (RaftServerImpl.java:setRole(171)) - 825ae09a-0c9d-49c2-a438-cc08e7284827:group-F8A56754D501 changes role from null to FOLLOWER at term 0 for startAsFollower
2019-09-19 16:47:23,779 [pool-292-thread-1] INFO  impl.RoleInfo (RoleInfo.java:updateAndGet(143)) - 825ae09a-0c9d-49c2-a438-cc08e7284827: start FollowerState
2019-09-19 16:47:23,780 [pool-292-thread-1] INFO  util.JmxRegister (JmxRegister.java:tryRegister(44)) - Successfully registered JMX Bean with object name Ratis:service=RaftServer,group=group-F8A56754D501,id=825ae09a-0c9d-49c2-a438-cc08e7284827
2019-09-19 16:47:23,784 [RatisPipelineUtilsThread] INFO  pipeline.PipelineStateManager (PipelineStateManager.java:addPipeline(56)) - Created pipeline Pipeline[ Id: 291104be-ebde-4fe2-9803-f8a56754d501, Nodes: 825ae09a-0c9d-49c2-a438-cc08e7284827{ip: 192.168.157.226, host: pr-hdds-1569-swxfz-3172132826, networkLocation: /default-rack, certSerialId: null}, Type:RATIS, Factor:ONE, State:OPEN]
2019-09-19 16:47:23,785 [RatisPipelineUtilsThread] ERROR pipeline.PipelinePlacementPolicy (PipelinePlacementPolicy.java:meetCriteria(91)) - Pipeline Placement: Doesn't meet the criteria to be viable node. Heaviness: 6
2019-09-19 16:47:23,791 [grpc-default-executor-0] INFO  impl.RaftServerProxy (RaftServerProxy.java:addNew(89)) - 12a124ac-5800-4d9d-a708-502084c57585: addNew group-46BD11D2E02C:[12a124ac-5800-4d9d-a708-502084c57585:192.168.157.226:41511] returns group-46BD11D2E02C:java.util.concurrent.CompletableFuture@3b304968[Not completed]
2019-09-19 16:47:23,793 [pool-303-thread-1] INFO  impl.RaftServerImpl (RaftServerImpl.java:<init>(93)) - 12a124ac-5800-4d9d-a708-502084c57585: new RaftServerImpl for group-46BD11D2E02C:[12a124ac-5800-4d9d-a708-502084c57585:192.168.157.226:41511] with ContainerStateMachine:uninitialized
2019-09-19 16:47:23,793 [pool-303-thread-1] INFO  server.RaftServerConfigKeys (ConfUtils.java:logGet(43)) - raft.server.rpc.timeout.min = 5s (custom)
2019-09-19 16:47:23,794 [pool-303-thread-1] INFO  server.RaftServerConfigKeys (ConfUtils.java:logGet(43)) - raft.server.rpc.timeout.max = 5200ms (custom)
2019-09-19 16:47:23,794 [pool-303-thread-1] INFO  server.RaftServerConfigKeys (ConfUtils.java:logGet(43)) - raft.server.rpcslowness.timeout = 120s (custom)
2019-09-19 16:47:23,794 [pool-303-thread-1] INFO  server.RaftServerConfigKeys (ConfUtils.java:logGet(43)) - raft.server.sleep.deviation.threshold = 300 (default)
2019-09-19 16:47:23,794 [pool-303-thread-1] INFO  server.RaftServerConfigKeys (ConfUtils.java:logGet(43)) - raft.server.log.appender.install.snapshot.enabled = false (custom)
2019-09-19 16:47:23,794 [pool-303-thread-1] INFO  impl.RaftServerImpl (ServerState.java:<init>(105)) - 12a124ac-5800-4d9d-a708-502084c57585:group-46BD11D2E02C ConfigurationManager, init=-1: [12a124ac-5800-4d9d-a708-502084c57585:192.168.157.226:41511], old=null, confs=<EMPTY_MAP>
2019-09-19 16:47:23,794 [pool-303-thread-1] INFO  server.RaftServerConfigKeys (ConfUtils.java:logGet(43)) - raft.server.storage.dir = [/workdir/hadoop-ozone/ozonefs/target/test-dir/MiniOzoneClusterImpl-220b86cd-4451-44e8-8e13-531534607eb8/datanode-1/data/ratis] (custom)
2019-09-19 16:47:23,795 [pool-303-thread-1] INFO  storage.RaftStorageDirectory (RaftStorageDirectory.java:analyzeStorage(246)) - The storage directory /workdir/hadoop-ozone/ozonefs/target/test-dir/MiniOzoneClusterImpl-220b86cd-4451-44e8-8e13-531534607eb8/datanode-1/data/ratis/3f04d88c-2512-43ae-ac26-46bd11d2e02c does not exist. Creating ...
2019-09-19 16:47:23,820 [pool-303-thread-1] INFO  storage.RaftStorageDirectory (RaftStorageDirectory.java:tryLock(328)) - Lock on /workdir/hadoop-ozone/ozonefs/target/test-dir/MiniOzoneClusterImpl-220b86cd-4451-44e8-8e13-531534607eb8/datanode-1/data/ratis/3f04d88c-2512-43ae-ac26-46bd11d2e02c/in_use.lock acquired by nodename 32682@pr-hdds-1569-swxfz-3172132826
2019-09-19 16:47:23,826 [Thread-1328] INFO  ozone.MiniOzoneClusterImpl (MiniOzoneClusterImpl.java:lambda$waitForClusterToBeReady$0(142)) - Waiting for cluster to be ready. Got 2 of 3 DN Heartbeats.
2019-09-19 16:47:23,830 [IPC Server handler 1 on 39065] INFO  net.NetworkTopology (NetworkTopologyImpl.java:add(110)) - Added a new node: /default-rack/0160fd49-54d3-4cfd-b1ef-90ca4fe52f57
2019-09-19 16:47:23,830 [IPC Server handler 1 on 39065] INFO  node.SCMNodeManager (SCMNodeManager.java:register(273)) - Registered Data node : 0160fd49-54d3-4cfd-b1ef-90ca4fe52f57{ip: 192.168.157.226, host: pr-hdds-1569-swxfz-3172132826, networkLocation: /default-rack, certSerialId: null}
2019-09-19 16:47:23,831 | INFO  | SCMAudit | user=jenkins1000 | ip=192.168.157.226 | op=REGISTER {datanodeDetails=0160fd49-54d3-4cfd-b1ef-90ca4fe52f57{ip: 192.168.157.226, host: pr-hdds-1569-swxfz-3172132826, networkLocation: /default-rack, certSerialId: null}} | ret=SUCCESS |  
2019-09-19 16:47:23,850 [pool-303-thread-1] INFO  storage.RaftStorage (RaftStorage.java:format(72)) - Storage directory /workdir/hadoop-ozone/ozonefs/target/test-dir/MiniOzoneClusterImpl-220b86cd-4451-44e8-8e13-531534607eb8/datanode-1/data/ratis/3f04d88c-2512-43ae-ac26-46bd11d2e02c has been successfully formatted.
2019-09-19 16:47:23,850 [pool-303-thread-1] INFO  ratis.ContainerStateMachine (ContainerStateMachine.java:loadSnapshot(226)) - group-46BD11D2E02C: The snapshot info is null. Setting the last applied indexto:(t:0, i:~)
2019-09-19 16:47:23,850 [pool-303-thread-1] INFO  server.RaftServerConfigKeys (ConfUtils.java:logGet(43)) - raft.server.leader.election.timeout = 120s (custom)
2019-09-19 16:47:23,851 [pool-303-thread-1] INFO  server.RaftServerConfigKeys (ConfUtils.java:logGet(43)) - raft.server.log.use.memory = false (default)
2019-09-19 16:47:23,851 [pool-303-thread-1] INFO  server.RaftServerConfigKeys (ConfUtils.java:logGet(43)) - raft.server.log.purge.gap = 1000000 (custom)
2019-09-19 16:47:23,851 [pool-303-thread-1] INFO  server.RaftServerConfigKeys (ConfUtils.java:logGet(43)) - raft.server.log.appender.buffer.byte-limit = 33554432 (custom)
2019-09-19 16:47:23,851 [pool-303-thread-1] INFO  server.RaftServerConfigKeys (ConfUtils.java:logGet(43)) - raft.server.log.segment.size.max = 1048576 (custom)
2019-09-19 16:47:23,851 [pool-303-thread-1] INFO  server.RaftServerConfigKeys (ConfUtils.java:logGet(43)) - raft.server.log.segment.cache.num.max = 2 (custom)
2019-09-19 16:47:23,851 [pool-303-thread-1] INFO  segmented.SegmentedRaftLogWorker (SegmentedRaftLogWorker.java:<init>(172)) - new 12a124ac-5800-4d9d-a708-502084c57585-SegmentedRaftLogWorker:Storage Directory /workdir/hadoop-ozone/ozonefs/target/test-dir/MiniOzoneClusterImpl-220b86cd-4451-44e8-8e13-531534607eb8/datanode-1/data/ratis/3f04d88c-2512-43ae-ac26-46bd11d2e02c for RaftStorage:Storage Directory /workdir/hadoop-ozone/ozonefs/target/test-dir/MiniOzoneClusterImpl-220b86cd-4451-44e8-8e13-531534607eb8/datanode-1/data/ratis/3f04d88c-2512-43ae-ac26-46bd11d2e02c
2019-09-19 16:47:23,852 [pool-303-thread-1] INFO  server.RaftServerConfigKeys (ConfUtils.java:logGet(43)) - raft.server.log.queue.byte-limit = 2147483647 (custom)
2019-09-19 16:47:23,852 [pool-303-thread-1] INFO  server.RaftServerConfigKeys (ConfUtils.java:logGet(43)) - raft.server.log.queue.element-limit = 1024 (custom)
2019-09-19 16:47:23,852 [pool-303-thread-1] INFO  server.RaftServerConfigKeys (ConfUtils.java:logGet(43)) - raft.server.log.segment.size.max = 1048576 (custom)
2019-09-19 16:47:23,852 [pool-303-thread-1] INFO  server.RaftServerConfigKeys (ConfUtils.java:logGet(43)) - raft.server.log.preallocated.size = 16384 (custom)
2019-09-19 16:47:23,852 [pool-303-thread-1] INFO  server.RaftServerConfigKeys (ConfUtils.java:logGet(43)) - raft.server.log.write.buffer.size = 33554432 (custom)
2019-09-19 16:47:23,853 [pool-303-thread-1] INFO  server.RaftServerConfigKeys (ConfUtils.java:logGet(43)) - raft.server.log.force.sync.num = 128 (default)
2019-09-19 16:47:23,853 [pool-303-thread-1] INFO  server.RaftServerConfigKeys (ConfUtils.java:logGet(43)) - raft.server.log.statemachine.data.sync = true (default)
2019-09-19 16:47:23,853 [pool-303-thread-1] INFO  server.RaftServerConfigKeys (ConfUtils.java:logGet(43)) - raft.server.log.statemachine.data.sync.timeout = 10s (default)
2019-09-19 16:47:23,853 [pool-303-thread-1] INFO  server.RaftServerConfigKeys (ConfUtils.java:logGet(43)) - raft.server.log.statemachine.data.sync.timeout.retry = -1 (default)
2019-09-19 16:47:23,853 [pool-303-thread-1] INFO  server.RaftServerConfigKeys (ConfUtils.java:logGet(43)) - raft.server.log.statemachine.data.caching.enabled = true (custom)
2019-09-19 16:47:23,854 [pool-303-thread-1] INFO  segmented.SegmentedRaftLogWorker (SegmentedRaftLogWorker.java:lambda$new$0(132)) - 12a124ac-5800-4d9d-a708-502084c57585-SegmentedRaftLogWorker:Storage Directory /workdir/hadoop-ozone/ozonefs/target/test-dir/MiniOzoneClusterImpl-220b86cd-4451-44e8-8e13-531534607eb8/datanode-1/data/ratis/3f04d88c-2512-43ae-ac26-46bd11d2e02c: flushIndex: setUnconditionally 0 -> -1
2019-09-19 16:47:23,854 [pool-303-thread-1] INFO  server.RaftServerConfigKeys (ConfUtils.java:logGet(43)) - raft.server.snapshot.auto.trigger.enabled = true (custom)
2019-09-19 16:47:23,854 [pool-303-thread-1] INFO  server.RaftServerConfigKeys (ConfUtils.java:logGet(43)) - raft.server.snapshot.auto.trigger.threshold = 10000 (custom)
2019-09-19 16:47:23,854 [pool-303-thread-1] INFO  server.RaftServerConfigKeys (ConfUtils.java:logGet(43)) - raft.server.retrycache.expirytime = 600000ms (custom)
2019-09-19 16:47:23,855 [pool-303-thread-1] INFO  impl.RaftServerImpl (RaftServerImpl.java:start(180)) - 12a124ac-5800-4d9d-a708-502084c57585: start group-46BD11D2E02C
2019-09-19 16:47:23,855 [pool-303-thread-1] INFO  impl.RaftServerImpl (RaftServerImpl.java:setRole(171)) - 12a124ac-5800-4d9d-a708-502084c57585:group-46BD11D2E02C changes role from null to FOLLOWER at term 0 for startAsFollower
2019-09-19 16:47:23,855 [pool-303-thread-1] INFO  impl.RoleInfo (RoleInfo.java:updateAndGet(143)) - 12a124ac-5800-4d9d-a708-502084c57585: start FollowerState
2019-09-19 16:47:23,855 [pool-303-thread-1] INFO  util.JmxRegister (JmxRegister.java:tryRegister(44)) - Successfully registered JMX Bean with object name Ratis:service=RaftServer,group=group-46BD11D2E02C,id=12a124ac-5800-4d9d-a708-502084c57585
2019-09-19 16:47:23,859 [RatisPipelineUtilsThread] INFO  pipeline.PipelineStateManager (PipelineStateManager.java:addPipeline(56)) - Created pipeline Pipeline[ Id: 3f04d88c-2512-43ae-ac26-46bd11d2e02c, Nodes: 12a124ac-5800-4d9d-a708-502084c57585{ip: 192.168.157.226, host: pr-hdds-1569-swxfz-3172132826, networkLocation: /default-rack, certSerialId: null}, Type:RATIS, Factor:ONE, State:OPEN]
2019-09-19 16:47:23,859 [RatisPipelineUtilsThread] ERROR pipeline.PipelinePlacementPolicy (PipelinePlacementPolicy.java:meetCriteria(91)) - Pipeline Placement: Doesn't meet the criteria to be viable node. Heaviness: 6
2019-09-19 16:47:23,865 [grpc-default-executor-0] INFO  impl.RaftServerProxy (RaftServerProxy.java:addNew(89)) - 12a124ac-5800-4d9d-a708-502084c57585: addNew group-A7D507A29728:[12a124ac-5800-4d9d-a708-502084c57585:192.168.157.226:41511] returns group-A7D507A29728:java.util.concurrent.CompletableFuture@425db2e[Not completed]
2019-09-19 16:47:23,866 [pool-303-thread-1] INFO  impl.RaftServerImpl (RaftServerImpl.java:<init>(93)) - 12a124ac-5800-4d9d-a708-502084c57585: new RaftServerImpl for group-A7D507A29728:[12a124ac-5800-4d9d-a708-502084c57585:192.168.157.226:41511] with ContainerStateMachine:uninitialized
2019-09-19 16:47:23,866 [pool-303-thread-1] INFO  server.RaftServerConfigKeys (ConfUtils.java:logGet(43)) - raft.server.rpc.timeout.min = 5s (custom)
2019-09-19 16:47:23,866 [pool-303-thread-1] INFO  server.RaftServerConfigKeys (ConfUtils.java:logGet(43)) - raft.server.rpc.timeout.max = 5200ms (custom)
2019-09-19 16:47:23,866 [pool-303-thread-1] INFO  server.RaftServerConfigKeys (ConfUtils.java:logGet(43)) - raft.server.rpcslowness.timeout = 120s (custom)
2019-09-19 16:47:23,867 [pool-303-thread-1] INFO  server.RaftServerConfigKeys (ConfUtils.java:logGet(43)) - raft.server.sleep.deviation.threshold = 300 (default)
2019-09-19 16:47:23,867 [pool-303-thread-1] INFO  server.RaftServerConfigKeys (ConfUtils.java:logGet(43)) - raft.server.log.appender.install.snapshot.enabled = false (custom)
2019-09-19 16:47:23,867 [pool-303-thread-1] INFO  impl.RaftServerImpl (ServerState.java:<init>(105)) - 12a124ac-5800-4d9d-a708-502084c57585:group-A7D507A29728 ConfigurationManager, init=-1: [12a124ac-5800-4d9d-a708-502084c57585:192.168.157.226:41511], old=null, confs=<EMPTY_MAP>
2019-09-19 16:47:23,867 [pool-303-thread-1] INFO  server.RaftServerConfigKeys (ConfUtils.java:logGet(43)) - raft.server.storage.dir = [/workdir/hadoop-ozone/ozonefs/target/test-dir/MiniOzoneClusterImpl-220b86cd-4451-44e8-8e13-531534607eb8/datanode-1/data/ratis] (custom)
2019-09-19 16:47:23,867 [pool-303-thread-1] INFO  storage.RaftStorageDirectory (RaftStorageDirectory.java:analyzeStorage(246)) - The storage directory /workdir/hadoop-ozone/ozonefs/target/test-dir/MiniOzoneClusterImpl-220b86cd-4451-44e8-8e13-531534607eb8/datanode-1/data/ratis/8308de18-4c05-45ee-ac53-a7d507a29728 does not exist. Creating ...
2019-09-19 16:47:23,880 [pool-303-thread-1] INFO  storage.RaftStorageDirectory (RaftStorageDirectory.java:tryLock(328)) - Lock on /workdir/hadoop-ozone/ozonefs/target/test-dir/MiniOzoneClusterImpl-220b86cd-4451-44e8-8e13-531534607eb8/datanode-1/data/ratis/8308de18-4c05-45ee-ac53-a7d507a29728/in_use.lock acquired by nodename 32682@pr-hdds-1569-swxfz-3172132826
2019-09-19 16:47:23,893 [pool-303-thread-1] INFO  storage.RaftStorage (RaftStorage.java:format(72)) - Storage directory /workdir/hadoop-ozone/ozonefs/target/test-dir/MiniOzoneClusterImpl-220b86cd-4451-44e8-8e13-531534607eb8/datanode-1/data/ratis/8308de18-4c05-45ee-ac53-a7d507a29728 has been successfully formatted.
2019-09-19 16:47:23,893 [pool-303-thread-1] INFO  ratis.ContainerStateMachine (ContainerStateMachine.java:loadSnapshot(226)) - group-A7D507A29728: The snapshot info is null. Setting the last applied indexto:(t:0, i:~)
2019-09-19 16:47:23,893 [pool-303-thread-1] INFO  server.RaftServerConfigKeys (ConfUtils.java:logGet(43)) - raft.server.leader.election.timeout = 120s (custom)
2019-09-19 16:47:23,893 [pool-303-thread-1] INFO  server.RaftServerConfigKeys (ConfUtils.java:logGet(43)) - raft.server.log.use.memory = false (default)
2019-09-19 16:47:23,894 [pool-303-thread-1] INFO  server.RaftServerConfigKeys (ConfUtils.java:logGet(43)) - raft.server.log.purge.gap = 1000000 (custom)
2019-09-19 16:47:23,894 [pool-303-thread-1] INFO  server.RaftServerConfigKeys (ConfUtils.java:logGet(43)) - raft.server.log.appender.buffer.byte-limit = 33554432 (custom)
2019-09-19 16:47:23,894 [pool-303-thread-1] INFO  server.RaftServerConfigKeys (ConfUtils.java:logGet(43)) - raft.server.log.segment.size.max = 1048576 (custom)
2019-09-19 16:47:23,894 [pool-303-thread-1] INFO  server.RaftServerConfigKeys (ConfUtils.java:logGet(43)) - raft.server.log.segment.cache.num.max = 2 (custom)
2019-09-19 16:47:23,894 [pool-303-thread-1] INFO  segmented.SegmentedRaftLogWorker (SegmentedRaftLogWorker.java:<init>(172)) - new 12a124ac-5800-4d9d-a708-502084c57585-SegmentedRaftLogWorker:Storage Directory /workdir/hadoop-ozone/ozonefs/target/test-dir/MiniOzoneClusterImpl-220b86cd-4451-44e8-8e13-531534607eb8/datanode-1/data/ratis/8308de18-4c05-45ee-ac53-a7d507a29728 for RaftStorage:Storage Directory /workdir/hadoop-ozone/ozonefs/target/test-dir/MiniOzoneClusterImpl-220b86cd-4451-44e8-8e13-531534607eb8/datanode-1/data/ratis/8308de18-4c05-45ee-ac53-a7d507a29728
2019-09-19 16:47:23,894 [pool-303-thread-1] INFO  server.RaftServerConfigKeys (ConfUtils.java:logGet(43)) - raft.server.log.queue.byte-limit = 2147483647 (custom)
2019-09-19 16:47:23,895 [pool-303-thread-1] INFO  server.RaftServerConfigKeys (ConfUtils.java:logGet(43)) - raft.server.log.queue.element-limit = 1024 (custom)
2019-09-19 16:47:23,895 [pool-303-thread-1] INFO  server.RaftServerConfigKeys (ConfUtils.java:logGet(43)) - raft.server.log.segment.size.max = 1048576 (custom)
2019-09-19 16:47:23,895 [pool-303-thread-1] INFO  server.RaftServerConfigKeys (ConfUtils.java:logGet(43)) - raft.server.log.preallocated.size = 16384 (custom)
2019-09-19 16:47:23,895 [pool-303-thread-1] INFO  server.RaftServerConfigKeys (ConfUtils.java:logGet(43)) - raft.server.log.write.buffer.size = 33554432 (custom)
2019-09-19 16:47:23,895 [pool-303-thread-1] INFO  server.RaftServerConfigKeys (ConfUtils.java:logGet(43)) - raft.server.log.force.sync.num = 128 (default)
2019-09-19 16:47:23,896 [pool-303-thread-1] INFO  server.RaftServerConfigKeys (ConfUtils.java:logGet(43)) - raft.server.log.statemachine.data.sync = true (default)
2019-09-19 16:47:23,896 [pool-303-thread-1] INFO  server.RaftServerConfigKeys (ConfUtils.java:logGet(43)) - raft.server.log.statemachine.data.sync.timeout = 10s (default)
2019-09-19 16:47:23,896 [pool-303-thread-1] INFO  server.RaftServerConfigKeys (ConfUtils.java:logGet(43)) - raft.server.log.statemachine.data.sync.timeout.retry = -1 (default)
2019-09-19 16:47:23,896 [pool-303-thread-1] INFO  server.RaftServerConfigKeys (ConfUtils.java:logGet(43)) - raft.server.log.statemachine.data.caching.enabled = true (custom)
2019-09-19 16:47:23,897 [pool-303-thread-1] INFO  segmented.SegmentedRaftLogWorker (SegmentedRaftLogWorker.java:lambda$new$0(132)) - 12a124ac-5800-4d9d-a708-502084c57585-SegmentedRaftLogWorker:Storage Directory /workdir/hadoop-ozone/ozonefs/target/test-dir/MiniOzoneClusterImpl-220b86cd-4451-44e8-8e13-531534607eb8/datanode-1/data/ratis/8308de18-4c05-45ee-ac53-a7d507a29728: flushIndex: setUnconditionally 0 -> -1
2019-09-19 16:47:23,897 [pool-303-thread-1] INFO  server.RaftServerConfigKeys (ConfUtils.java:logGet(43)) - raft.server.snapshot.auto.trigger.enabled = true (custom)
2019-09-19 16:47:23,897 [pool-303-thread-1] INFO  server.RaftServerConfigKeys (ConfUtils.java:logGet(43)) - raft.server.snapshot.auto.trigger.threshold = 10000 (custom)
2019-09-19 16:47:23,897 [pool-303-thread-1] INFO  server.RaftServerConfigKeys (ConfUtils.java:logGet(43)) - raft.server.retrycache.expirytime = 600000ms (custom)
2019-09-19 16:47:23,898 [pool-303-thread-1] INFO  impl.RaftServerImpl (RaftServerImpl.java:start(180)) - 12a124ac-5800-4d9d-a708-502084c57585: start group-A7D507A29728
2019-09-19 16:47:23,898 [pool-303-thread-1] INFO  impl.RaftServerImpl (RaftServerImpl.java:setRole(171)) - 12a124ac-5800-4d9d-a708-502084c57585:group-A7D507A29728 changes role from null to FOLLOWER at term 0 for startAsFollower
2019-09-19 16:47:23,898 [pool-303-thread-1] INFO  impl.RoleInfo (RoleInfo.java:updateAndGet(143)) - 12a124ac-5800-4d9d-a708-502084c57585: start FollowerState
2019-09-19 16:47:23,899 [pool-303-thread-1] INFO  util.JmxRegister (JmxRegister.java:tryRegister(44)) - Successfully registered JMX Bean with object name Ratis:service=RaftServer,group=group-A7D507A29728,id=12a124ac-5800-4d9d-a708-502084c57585
2019-09-19 16:47:23,902 [RatisPipelineUtilsThread] INFO  pipeline.PipelineStateManager (PipelineStateManager.java:addPipeline(56)) - Created pipeline Pipeline[ Id: 8308de18-4c05-45ee-ac53-a7d507a29728, Nodes: 12a124ac-5800-4d9d-a708-502084c57585{ip: 192.168.157.226, host: pr-hdds-1569-swxfz-3172132826, networkLocation: /default-rack, certSerialId: null}, Type:RATIS, Factor:ONE, State:OPEN]
2019-09-19 16:47:23,902 [RatisPipelineUtilsThread] ERROR pipeline.PipelinePlacementPolicy (PipelinePlacementPolicy.java:meetCriteria(91)) - Pipeline Placement: Doesn't meet the criteria to be viable node. Heaviness: 6
2019-09-19 16:47:23,907 [grpc-default-executor-0] INFO  impl.RaftServerProxy (RaftServerProxy.java:addNew(89)) - 12a124ac-5800-4d9d-a708-502084c57585: addNew group-F7A2725D72C2:[12a124ac-5800-4d9d-a708-502084c57585:192.168.157.226:41511] returns group-F7A2725D72C2:java.util.concurrent.CompletableFuture@738ca938[Not completed]
2019-09-19 16:47:23,909 [pool-303-thread-1] INFO  impl.RaftServerImpl (RaftServerImpl.java:<init>(93)) - 12a124ac-5800-4d9d-a708-502084c57585: new RaftServerImpl for group-F7A2725D72C2:[12a124ac-5800-4d9d-a708-502084c57585:192.168.157.226:41511] with ContainerStateMachine:uninitialized
2019-09-19 16:47:23,909 [pool-303-thread-1] INFO  server.RaftServerConfigKeys (ConfUtils.java:logGet(43)) - raft.server.rpc.timeout.min = 5s (custom)
2019-09-19 16:47:23,909 [pool-303-thread-1] INFO  server.RaftServerConfigKeys (ConfUtils.java:logGet(43)) - raft.server.rpc.timeout.max = 5200ms (custom)
2019-09-19 16:47:23,909 [pool-303-thread-1] INFO  server.RaftServerConfigKeys (ConfUtils.java:logGet(43)) - raft.server.rpcslowness.timeout = 120s (custom)
2019-09-19 16:47:23,910 [pool-303-thread-1] INFO  server.RaftServerConfigKeys (ConfUtils.java:logGet(43)) - raft.server.sleep.deviation.threshold = 300 (default)
2019-09-19 16:47:23,910 [pool-303-thread-1] INFO  server.RaftServerConfigKeys (ConfUtils.java:logGet(43)) - raft.server.log.appender.install.snapshot.enabled = false (custom)
2019-09-19 16:47:23,910 [pool-303-thread-1] INFO  impl.RaftServerImpl (ServerState.java:<init>(105)) - 12a124ac-5800-4d9d-a708-502084c57585:group-F7A2725D72C2 ConfigurationManager, init=-1: [12a124ac-5800-4d9d-a708-502084c57585:192.168.157.226:41511], old=null, confs=<EMPTY_MAP>
2019-09-19 16:47:23,910 [pool-303-thread-1] INFO  server.RaftServerConfigKeys (ConfUtils.java:logGet(43)) - raft.server.storage.dir = [/workdir/hadoop-ozone/ozonefs/target/test-dir/MiniOzoneClusterImpl-220b86cd-4451-44e8-8e13-531534607eb8/datanode-1/data/ratis] (custom)
2019-09-19 16:47:23,910 [pool-303-thread-1] INFO  storage.RaftStorageDirectory (RaftStorageDirectory.java:analyzeStorage(246)) - The storage directory /workdir/hadoop-ozone/ozonefs/target/test-dir/MiniOzoneClusterImpl-220b86cd-4451-44e8-8e13-531534607eb8/datanode-1/data/ratis/a359a8d2-e851-4dcd-bfee-f7a2725d72c2 does not exist. Creating ...
2019-09-19 16:47:23,923 [pool-303-thread-1] INFO  storage.RaftStorageDirectory (RaftStorageDirectory.java:tryLock(328)) - Lock on /workdir/hadoop-ozone/ozonefs/target/test-dir/MiniOzoneClusterImpl-220b86cd-4451-44e8-8e13-531534607eb8/datanode-1/data/ratis/a359a8d2-e851-4dcd-bfee-f7a2725d72c2/in_use.lock acquired by nodename 32682@pr-hdds-1569-swxfz-3172132826
2019-09-19 16:47:23,936 [pool-303-thread-1] INFO  storage.RaftStorage (RaftStorage.java:format(72)) - Storage directory /workdir/hadoop-ozone/ozonefs/target/test-dir/MiniOzoneClusterImpl-220b86cd-4451-44e8-8e13-531534607eb8/datanode-1/data/ratis/a359a8d2-e851-4dcd-bfee-f7a2725d72c2 has been successfully formatted.
2019-09-19 16:47:23,937 [pool-303-thread-1] INFO  ratis.ContainerStateMachine (ContainerStateMachine.java:loadSnapshot(226)) - group-F7A2725D72C2: The snapshot info is null. Setting the last applied indexto:(t:0, i:~)
2019-09-19 16:47:23,937 [pool-303-thread-1] INFO  server.RaftServerConfigKeys (ConfUtils.java:logGet(43)) - raft.server.leader.election.timeout = 120s (custom)
2019-09-19 16:47:23,937 [pool-303-thread-1] INFO  server.RaftServerConfigKeys (ConfUtils.java:logGet(43)) - raft.server.log.use.memory = false (default)
2019-09-19 16:47:23,937 [pool-303-thread-1] INFO  server.RaftServerConfigKeys (ConfUtils.java:logGet(43)) - raft.server.log.purge.gap = 1000000 (custom)
2019-09-19 16:47:23,937 [pool-303-thread-1] INFO  server.RaftServerConfigKeys (ConfUtils.java:logGet(43)) - raft.server.log.appender.buffer.byte-limit = 33554432 (custom)
2019-09-19 16:47:23,938 [pool-303-thread-1] INFO  server.RaftServerConfigKeys (ConfUtils.java:logGet(43)) - raft.server.log.segment.size.max = 1048576 (custom)
2019-09-19 16:47:23,938 [pool-303-thread-1] INFO  server.RaftServerConfigKeys (ConfUtils.java:logGet(43)) - raft.server.log.segment.cache.num.max = 2 (custom)
2019-09-19 16:47:23,938 [pool-303-thread-1] INFO  segmented.SegmentedRaftLogWorker (SegmentedRaftLogWorker.java:<init>(172)) - new 12a124ac-5800-4d9d-a708-502084c57585-SegmentedRaftLogWorker:Storage Directory /workdir/hadoop-ozone/ozonefs/target/test-dir/MiniOzoneClusterImpl-220b86cd-4451-44e8-8e13-531534607eb8/datanode-1/data/ratis/a359a8d2-e851-4dcd-bfee-f7a2725d72c2 for RaftStorage:Storage Directory /workdir/hadoop-ozone/ozonefs/target/test-dir/MiniOzoneClusterImpl-220b86cd-4451-44e8-8e13-531534607eb8/datanode-1/data/ratis/a359a8d2-e851-4dcd-bfee-f7a2725d72c2
2019-09-19 16:47:23,938 [pool-303-thread-1] INFO  server.RaftServerConfigKeys (ConfUtils.java:logGet(43)) - raft.server.log.queue.byte-limit = 2147483647 (custom)
2019-09-19 16:47:23,938 [pool-303-thread-1] INFO  server.RaftServerConfigKeys (ConfUtils.java:logGet(43)) - raft.server.log.queue.element-limit = 1024 (custom)
2019-09-19 16:47:23,938 [pool-303-thread-1] INFO  server.RaftServerConfigKeys (ConfUtils.java:logGet(43)) - raft.server.log.segment.size.max = 1048576 (custom)
2019-09-19 16:47:23,939 [pool-303-thread-1] INFO  server.RaftServerConfigKeys (ConfUtils.java:logGet(43)) - raft.server.log.preallocated.size = 16384 (custom)
2019-09-19 16:47:23,939 [pool-303-thread-1] INFO  server.RaftServerConfigKeys (ConfUtils.java:logGet(43)) - raft.server.log.write.buffer.size = 33554432 (custom)
2019-09-19 16:47:23,939 [pool-303-thread-1] INFO  server.RaftServerConfigKeys (ConfUtils.java:logGet(43)) - raft.server.log.force.sync.num = 128 (default)
2019-09-19 16:47:23,939 [pool-303-thread-1] INFO  server.RaftServerConfigKeys (ConfUtils.java:logGet(43)) - raft.server.log.statemachine.data.sync = true (default)
2019-09-19 16:47:23,939 [pool-303-thread-1] INFO  server.RaftServerConfigKeys (ConfUtils.java:logGet(43)) - raft.server.log.statemachine.data.sync.timeout = 10s (default)
2019-09-19 16:47:23,939 [pool-303-thread-1] INFO  server.RaftServerConfigKeys (ConfUtils.java:logGet(43)) - raft.server.log.statemachine.data.sync.timeout.retry = -1 (default)
2019-09-19 16:47:23,940 [pool-303-thread-1] INFO  server.RaftServerConfigKeys (ConfUtils.java:logGet(43)) - raft.server.log.statemachine.data.caching.enabled = true (custom)
2019-09-19 16:47:23,940 [pool-303-thread-1] INFO  segmented.SegmentedRaftLogWorker (SegmentedRaftLogWorker.java:lambda$new$0(132)) - 12a124ac-5800-4d9d-a708-502084c57585-SegmentedRaftLogWorker:Storage Directory /workdir/hadoop-ozone/ozonefs/target/test-dir/MiniOzoneClusterImpl-220b86cd-4451-44e8-8e13-531534607eb8/datanode-1/data/ratis/a359a8d2-e851-4dcd-bfee-f7a2725d72c2: flushIndex: setUnconditionally 0 -> -1
2019-09-19 16:47:23,940 [pool-303-thread-1] INFO  server.RaftServerConfigKeys (ConfUtils.java:logGet(43)) - raft.server.snapshot.auto.trigger.enabled = true (custom)
2019-09-19 16:47:23,940 [pool-303-thread-1] INFO  server.RaftServerConfigKeys (ConfUtils.java:logGet(43)) - raft.server.snapshot.auto.trigger.threshold = 10000 (custom)
2019-09-19 16:47:23,941 [pool-303-thread-1] INFO  server.RaftServerConfigKeys (ConfUtils.java:logGet(43)) - raft.server.retrycache.expirytime = 600000ms (custom)
2019-09-19 16:47:23,941 [pool-303-thread-1] INFO  impl.RaftServerImpl (RaftServerImpl.java:start(180)) - 12a124ac-5800-4d9d-a708-502084c57585: start group-F7A2725D72C2
2019-09-19 16:47:23,941 [pool-303-thread-1] INFO  impl.RaftServerImpl (RaftServerImpl.java:setRole(171)) - 12a124ac-5800-4d9d-a708-502084c57585:group-F7A2725D72C2 changes role from null to FOLLOWER at term 0 for startAsFollower
2019-09-19 16:47:23,941 [pool-303-thread-1] INFO  impl.RoleInfo (RoleInfo.java:updateAndGet(143)) - 12a124ac-5800-4d9d-a708-502084c57585: start FollowerState
2019-09-19 16:47:23,941 [pool-303-thread-1] INFO  util.JmxRegister (JmxRegister.java:tryRegister(44)) - Successfully registered JMX Bean with object name Ratis:service=RaftServer,group=group-F7A2725D72C2,id=12a124ac-5800-4d9d-a708-502084c57585
2019-09-19 16:47:23,944 [RatisPipelineUtilsThread] INFO  pipeline.PipelineStateManager (PipelineStateManager.java:addPipeline(56)) - Created pipeline Pipeline[ Id: a359a8d2-e851-4dcd-bfee-f7a2725d72c2, Nodes: 12a124ac-5800-4d9d-a708-502084c57585{ip: 192.168.157.226, host: pr-hdds-1569-swxfz-3172132826, networkLocation: /default-rack, certSerialId: null}, Type:RATIS, Factor:ONE, State:OPEN]
2019-09-19 16:47:23,944 [RatisPipelineUtilsThread] ERROR pipeline.PipelinePlacementPolicy (PipelinePlacementPolicy.java:meetCriteria(91)) - Pipeline Placement: Doesn't meet the criteria to be viable node. Heaviness: 6
2019-09-19 16:47:23,950 [grpc-default-executor-0] INFO  impl.RaftServerProxy (RaftServerProxy.java:addNew(89)) - 12a124ac-5800-4d9d-a708-502084c57585: addNew group-BE02ED68418D:[12a124ac-5800-4d9d-a708-502084c57585:192.168.157.226:41511] returns group-BE02ED68418D:java.util.concurrent.CompletableFuture@62f39e4c[Not completed]
2019-09-19 16:47:23,951 [pool-303-thread-1] INFO  impl.RaftServerImpl (RaftServerImpl.java:<init>(93)) - 12a124ac-5800-4d9d-a708-502084c57585: new RaftServerImpl for group-BE02ED68418D:[12a124ac-5800-4d9d-a708-502084c57585:192.168.157.226:41511] with ContainerStateMachine:uninitialized
2019-09-19 16:47:23,951 [pool-303-thread-1] INFO  server.RaftServerConfigKeys (ConfUtils.java:logGet(43)) - raft.server.rpc.timeout.min = 5s (custom)
2019-09-19 16:47:23,952 [pool-303-thread-1] INFO  server.RaftServerConfigKeys (ConfUtils.java:logGet(43)) - raft.server.rpc.timeout.max = 5200ms (custom)
2019-09-19 16:47:23,952 [pool-303-thread-1] INFO  server.RaftServerConfigKeys (ConfUtils.java:logGet(43)) - raft.server.rpcslowness.timeout = 120s (custom)
2019-09-19 16:47:23,952 [pool-303-thread-1] INFO  server.RaftServerConfigKeys (ConfUtils.java:logGet(43)) - raft.server.sleep.deviation.threshold = 300 (default)
2019-09-19 16:47:23,952 [pool-303-thread-1] INFO  server.RaftServerConfigKeys (ConfUtils.java:logGet(43)) - raft.server.log.appender.install.snapshot.enabled = false (custom)
2019-09-19 16:47:23,952 [pool-303-thread-1] INFO  impl.RaftServerImpl (ServerState.java:<init>(105)) - 12a124ac-5800-4d9d-a708-502084c57585:group-BE02ED68418D ConfigurationManager, init=-1: [12a124ac-5800-4d9d-a708-502084c57585:192.168.157.226:41511], old=null, confs=<EMPTY_MAP>
2019-09-19 16:47:23,952 [pool-303-thread-1] INFO  server.RaftServerConfigKeys (ConfUtils.java:logGet(43)) - raft.server.storage.dir = [/workdir/hadoop-ozone/ozonefs/target/test-dir/MiniOzoneClusterImpl-220b86cd-4451-44e8-8e13-531534607eb8/datanode-1/data/ratis] (custom)
2019-09-19 16:47:23,953 [pool-303-thread-1] INFO  storage.RaftStorageDirectory (RaftStorageDirectory.java:analyzeStorage(246)) - The storage directory /workdir/hadoop-ozone/ozonefs/target/test-dir/MiniOzoneClusterImpl-220b86cd-4451-44e8-8e13-531534607eb8/datanode-1/data/ratis/d50d6dc0-ba7b-4221-b43c-be02ed68418d does not exist. Creating ...
2019-09-19 16:47:23,965 [pool-303-thread-1] INFO  storage.RaftStorageDirectory (RaftStorageDirectory.java:tryLock(328)) - Lock on /workdir/hadoop-ozone/ozonefs/target/test-dir/MiniOzoneClusterImpl-220b86cd-4451-44e8-8e13-531534607eb8/datanode-1/data/ratis/d50d6dc0-ba7b-4221-b43c-be02ed68418d/in_use.lock acquired by nodename 32682@pr-hdds-1569-swxfz-3172132826
2019-09-19 16:47:23,978 [pool-303-thread-1] INFO  storage.RaftStorage (RaftStorage.java:format(72)) - Storage directory /workdir/hadoop-ozone/ozonefs/target/test-dir/MiniOzoneClusterImpl-220b86cd-4451-44e8-8e13-531534607eb8/datanode-1/data/ratis/d50d6dc0-ba7b-4221-b43c-be02ed68418d has been successfully formatted.
2019-09-19 16:47:23,978 [pool-303-thread-1] INFO  ratis.ContainerStateMachine (ContainerStateMachine.java:loadSnapshot(226)) - group-BE02ED68418D: The snapshot info is null. Setting the last applied indexto:(t:0, i:~)
2019-09-19 16:47:23,978 [pool-303-thread-1] INFO  server.RaftServerConfigKeys (ConfUtils.java:logGet(43)) - raft.server.leader.election.timeout = 120s (custom)
2019-09-19 16:47:23,979 [pool-303-thread-1] INFO  server.RaftServerConfigKeys (ConfUtils.java:logGet(43)) - raft.server.log.use.memory = false (default)
2019-09-19 16:47:23,979 [pool-303-thread-1] INFO  server.RaftServerConfigKeys (ConfUtils.java:logGet(43)) - raft.server.log.purge.gap = 1000000 (custom)
2019-09-19 16:47:23,979 [pool-303-thread-1] INFO  server.RaftServerConfigKeys (ConfUtils.java:logGet(43)) - raft.server.log.appender.buffer.byte-limit = 33554432 (custom)
2019-09-19 16:47:23,979 [pool-303-thread-1] INFO  server.RaftServerConfigKeys (ConfUtils.java:logGet(43)) - raft.server.log.segment.size.max = 1048576 (custom)
2019-09-19 16:47:23,979 [pool-303-thread-1] INFO  server.RaftServerConfigKeys (ConfUtils.java:logGet(43)) - raft.server.log.segment.cache.num.max = 2 (custom)
2019-09-19 16:47:23,979 [pool-303-thread-1] INFO  segmented.SegmentedRaftLogWorker (SegmentedRaftLogWorker.java:<init>(172)) - new 12a124ac-5800-4d9d-a708-502084c57585-SegmentedRaftLogWorker:Storage Directory /workdir/hadoop-ozone/ozonefs/target/test-dir/MiniOzoneClusterImpl-220b86cd-4451-44e8-8e13-531534607eb8/datanode-1/data/ratis/d50d6dc0-ba7b-4221-b43c-be02ed68418d for RaftStorage:Storage Directory /workdir/hadoop-ozone/ozonefs/target/test-dir/MiniOzoneClusterImpl-220b86cd-4451-44e8-8e13-531534607eb8/datanode-1/data/ratis/d50d6dc0-ba7b-4221-b43c-be02ed68418d
2019-09-19 16:47:23,979 [pool-303-thread-1] INFO  server.RaftServerConfigKeys (ConfUtils.java:logGet(43)) - raft.server.log.queue.byte-limit = 2147483647 (custom)
2019-09-19 16:47:23,980 [pool-303-thread-1] INFO  server.RaftServerConfigKeys (ConfUtils.java:logGet(43)) - raft.server.log.queue.element-limit = 1024 (custom)
2019-09-19 16:47:23,980 [pool-303-thread-1] INFO  server.RaftServerConfigKeys (ConfUtils.java:logGet(43)) - raft.server.log.segment.size.max = 1048576 (custom)
2019-09-19 16:47:23,980 [pool-303-thread-1] INFO  server.RaftServerConfigKeys (ConfUtils.java:logGet(43)) - raft.server.log.preallocated.size = 16384 (custom)
2019-09-19 16:47:23,980 [pool-303-thread-1] INFO  server.RaftServerConfigKeys (ConfUtils.java:logGet(43)) - raft.server.log.write.buffer.size = 33554432 (custom)
2019-09-19 16:47:23,980 [pool-303-thread-1] INFO  server.RaftServerConfigKeys (ConfUtils.java:logGet(43)) - raft.server.log.force.sync.num = 128 (default)
2019-09-19 16:47:23,980 [pool-303-thread-1] INFO  server.RaftServerConfigKeys (ConfUtils.java:logGet(43)) - raft.server.log.statemachine.data.sync = true (default)
2019-09-19 16:47:23,981 [pool-303-thread-1] INFO  server.RaftServerConfigKeys (ConfUtils.java:logGet(43)) - raft.server.log.statemachine.data.sync.timeout = 10s (default)
2019-09-19 16:47:23,981 [pool-303-thread-1] INFO  server.RaftServerConfigKeys (ConfUtils.java:logGet(43)) - raft.server.log.statemachine.data.sync.timeout.retry = -1 (default)
2019-09-19 16:47:23,981 [pool-303-thread-1] INFO  server.RaftServerConfigKeys (ConfUtils.java:logGet(43)) - raft.server.log.statemachine.data.caching.enabled = true (custom)
2019-09-19 16:47:23,981 [pool-303-thread-1] INFO  segmented.SegmentedRaftLogWorker (SegmentedRaftLogWorker.java:lambda$new$0(132)) - 12a124ac-5800-4d9d-a708-502084c57585-SegmentedRaftLogWorker:Storage Directory /workdir/hadoop-ozone/ozonefs/target/test-dir/MiniOzoneClusterImpl-220b86cd-4451-44e8-8e13-531534607eb8/datanode-1/data/ratis/d50d6dc0-ba7b-4221-b43c-be02ed68418d: flushIndex: setUnconditionally 0 -> -1
2019-09-19 16:47:23,982 [pool-303-thread-1] INFO  server.RaftServerConfigKeys (ConfUtils.java:logGet(43)) - raft.server.snapshot.auto.trigger.enabled = true (custom)
2019-09-19 16:47:23,982 [pool-303-thread-1] INFO  server.RaftServerConfigKeys (ConfUtils.java:logGet(43)) - raft.server.snapshot.auto.trigger.threshold = 10000 (custom)
2019-09-19 16:47:23,982 [pool-303-thread-1] INFO  server.RaftServerConfigKeys (ConfUtils.java:logGet(43)) - raft.server.retrycache.expirytime = 600000ms (custom)
2019-09-19 16:47:23,982 [pool-303-thread-1] INFO  impl.RaftServerImpl (RaftServerImpl.java:start(180)) - 12a124ac-5800-4d9d-a708-502084c57585: start group-BE02ED68418D
2019-09-19 16:47:23,982 [pool-303-thread-1] INFO  impl.RaftServerImpl (RaftServerImpl.java:setRole(171)) - 12a124ac-5800-4d9d-a708-502084c57585:group-BE02ED68418D changes role from null to FOLLOWER at term 0 for startAsFollower
2019-09-19 16:47:23,982 [pool-303-thread-1] INFO  impl.RoleInfo (RoleInfo.java:updateAndGet(143)) - 12a124ac-5800-4d9d-a708-502084c57585: start FollowerState
2019-09-19 16:47:23,983 [pool-303-thread-1] INFO  util.JmxRegister (JmxRegister.java:tryRegister(44)) - Successfully registered JMX Bean with object name Ratis:service=RaftServer,group=group-BE02ED68418D,id=12a124ac-5800-4d9d-a708-502084c57585
2019-09-19 16:47:23,985 [RatisPipelineUtilsThread] INFO  pipeline.PipelineStateManager (PipelineStateManager.java:addPipeline(56)) - Created pipeline Pipeline[ Id: d50d6dc0-ba7b-4221-b43c-be02ed68418d, Nodes: 12a124ac-5800-4d9d-a708-502084c57585{ip: 192.168.157.226, host: pr-hdds-1569-swxfz-3172132826, networkLocation: /default-rack, certSerialId: null}, Type:RATIS, Factor:ONE, State:OPEN]
2019-09-19 16:47:23,986 [RatisPipelineUtilsThread] ERROR pipeline.PipelinePlacementPolicy (PipelinePlacementPolicy.java:meetCriteria(91)) - Pipeline Placement: Doesn't meet the criteria to be viable node. Heaviness: 6
2019-09-19 16:47:23,991 [grpc-default-executor-0] INFO  impl.RaftServerProxy (RaftServerProxy.java:addNew(89)) - 12a124ac-5800-4d9d-a708-502084c57585: addNew group-BD8B0B28C36A:[12a124ac-5800-4d9d-a708-502084c57585:192.168.157.226:41511] returns group-BD8B0B28C36A:java.util.concurrent.CompletableFuture@4842b9c3[Not completed]
2019-09-19 16:47:23,992 [pool-303-thread-1] INFO  impl.RaftServerImpl (RaftServerImpl.java:<init>(93)) - 12a124ac-5800-4d9d-a708-502084c57585: new RaftServerImpl for group-BD8B0B28C36A:[12a124ac-5800-4d9d-a708-502084c57585:192.168.157.226:41511] with ContainerStateMachine:uninitialized
2019-09-19 16:47:23,992 [pool-303-thread-1] INFO  server.RaftServerConfigKeys (ConfUtils.java:logGet(43)) - raft.server.rpc.timeout.min = 5s (custom)
2019-09-19 16:47:23,992 [pool-303-thread-1] INFO  server.RaftServerConfigKeys (ConfUtils.java:logGet(43)) - raft.server.rpc.timeout.max = 5200ms (custom)
2019-09-19 16:47:23,992 [pool-303-thread-1] INFO  server.RaftServerConfigKeys (ConfUtils.java:logGet(43)) - raft.server.rpcslowness.timeout = 120s (custom)
2019-09-19 16:47:23,992 [pool-303-thread-1] INFO  server.RaftServerConfigKeys (ConfUtils.java:logGet(43)) - raft.server.sleep.deviation.threshold = 300 (default)
2019-09-19 16:47:23,992 [pool-303-thread-1] INFO  server.RaftServerConfigKeys (ConfUtils.java:logGet(43)) - raft.server.log.appender.install.snapshot.enabled = false (custom)
2019-09-19 16:47:23,992 [pool-303-thread-1] INFO  impl.RaftServerImpl (ServerState.java:<init>(105)) - 12a124ac-5800-4d9d-a708-502084c57585:group-BD8B0B28C36A ConfigurationManager, init=-1: [12a124ac-5800-4d9d-a708-502084c57585:192.168.157.226:41511], old=null, confs=<EMPTY_MAP>
2019-09-19 16:47:23,993 [pool-303-thread-1] INFO  server.RaftServerConfigKeys (ConfUtils.java:logGet(43)) - raft.server.storage.dir = [/workdir/hadoop-ozone/ozonefs/target/test-dir/MiniOzoneClusterImpl-220b86cd-4451-44e8-8e13-531534607eb8/datanode-1/data/ratis] (custom)
2019-09-19 16:47:23,993 [pool-303-thread-1] INFO  storage.RaftStorageDirectory (RaftStorageDirectory.java:analyzeStorage(246)) - The storage directory /workdir/hadoop-ozone/ozonefs/target/test-dir/MiniOzoneClusterImpl-220b86cd-4451-44e8-8e13-531534607eb8/datanode-1/data/ratis/e2a7027b-16fb-4dff-8854-bd8b0b28c36a does not exist. Creating ...
2019-09-19 16:47:24,005 [pool-303-thread-1] INFO  storage.RaftStorageDirectory (RaftStorageDirectory.java:tryLock(328)) - Lock on /workdir/hadoop-ozone/ozonefs/target/test-dir/MiniOzoneClusterImpl-220b86cd-4451-44e8-8e13-531534607eb8/datanode-1/data/ratis/e2a7027b-16fb-4dff-8854-bd8b0b28c36a/in_use.lock acquired by nodename 32682@pr-hdds-1569-swxfz-3172132826
2019-09-19 16:47:24,018 [pool-303-thread-1] INFO  storage.RaftStorage (RaftStorage.java:format(72)) - Storage directory /workdir/hadoop-ozone/ozonefs/target/test-dir/MiniOzoneClusterImpl-220b86cd-4451-44e8-8e13-531534607eb8/datanode-1/data/ratis/e2a7027b-16fb-4dff-8854-bd8b0b28c36a has been successfully formatted.
2019-09-19 16:47:24,018 [pool-303-thread-1] INFO  ratis.ContainerStateMachine (ContainerStateMachine.java:loadSnapshot(226)) - group-BD8B0B28C36A: The snapshot info is null. Setting the last applied indexto:(t:0, i:~)
2019-09-19 16:47:24,019 [pool-303-thread-1] INFO  server.RaftServerConfigKeys (ConfUtils.java:logGet(43)) - raft.server.leader.election.timeout = 120s (custom)
2019-09-19 16:47:24,019 [pool-303-thread-1] INFO  server.RaftServerConfigKeys (ConfUtils.java:logGet(43)) - raft.server.log.use.memory = false (default)
2019-09-19 16:47:24,019 [pool-303-thread-1] INFO  server.RaftServerConfigKeys (ConfUtils.java:logGet(43)) - raft.server.log.purge.gap = 1000000 (custom)
2019-09-19 16:47:24,019 [pool-303-thread-1] INFO  server.RaftServerConfigKeys (ConfUtils.java:logGet(43)) - raft.server.log.appender.buffer.byte-limit = 33554432 (custom)
2019-09-19 16:47:24,019 [pool-303-thread-1] INFO  server.RaftServerConfigKeys (ConfUtils.java:logGet(43)) - raft.server.log.segment.size.max = 1048576 (custom)
2019-09-19 16:47:24,019 [pool-303-thread-1] INFO  server.RaftServerConfigKeys (ConfUtils.java:logGet(43)) - raft.server.log.segment.cache.num.max = 2 (custom)
2019-09-19 16:47:24,020 [pool-303-thread-1] INFO  segmented.SegmentedRaftLogWorker (SegmentedRaftLogWorker.java:<init>(172)) - new 12a124ac-5800-4d9d-a708-502084c57585-SegmentedRaftLogWorker:Storage Directory /workdir/hadoop-ozone/ozonefs/target/test-dir/MiniOzoneClusterImpl-220b86cd-4451-44e8-8e13-531534607eb8/datanode-1/data/ratis/e2a7027b-16fb-4dff-8854-bd8b0b28c36a for RaftStorage:Storage Directory /workdir/hadoop-ozone/ozonefs/target/test-dir/MiniOzoneClusterImpl-220b86cd-4451-44e8-8e13-531534607eb8/datanode-1/data/ratis/e2a7027b-16fb-4dff-8854-bd8b0b28c36a
2019-09-19 16:47:24,020 [pool-303-thread-1] INFO  server.RaftServerConfigKeys (ConfUtils.java:logGet(43)) - raft.server.log.queue.byte-limit = 2147483647 (custom)
2019-09-19 16:47:24,020 [pool-303-thread-1] INFO  server.RaftServerConfigKeys (ConfUtils.java:logGet(43)) - raft.server.log.queue.element-limit = 1024 (custom)
2019-09-19 16:47:24,020 [pool-303-thread-1] INFO  server.RaftServerConfigKeys (ConfUtils.java:logGet(43)) - raft.server.log.segment.size.max = 1048576 (custom)
2019-09-19 16:47:24,020 [pool-303-thread-1] INFO  server.RaftServerConfigKeys (ConfUtils.java:logGet(43)) - raft.server.log.preallocated.size = 16384 (custom)
2019-09-19 16:47:24,020 [pool-303-thread-1] INFO  server.RaftServerConfigKeys (ConfUtils.java:logGet(43)) - raft.server.log.write.buffer.size = 33554432 (custom)
2019-09-19 16:47:24,020 [pool-303-thread-1] INFO  server.RaftServerConfigKeys (ConfUtils.java:logGet(43)) - raft.server.log.force.sync.num = 128 (default)
2019-09-19 16:47:24,020 [pool-303-thread-1] INFO  server.RaftServerConfigKeys (ConfUtils.java:logGet(43)) - raft.server.log.statemachine.data.sync = true (default)
2019-09-19 16:47:24,021 [pool-303-thread-1] INFO  server.RaftServerConfigKeys (ConfUtils.java:logGet(43)) - raft.server.log.statemachine.data.sync.timeout = 10s (default)
2019-09-19 16:47:24,021 [pool-303-thread-1] INFO  server.RaftServerConfigKeys (ConfUtils.java:logGet(43)) - raft.server.log.statemachine.data.sync.timeout.retry = -1 (default)
2019-09-19 16:47:24,021 [pool-303-thread-1] INFO  server.RaftServerConfigKeys (ConfUtils.java:logGet(43)) - raft.server.log.statemachine.data.caching.enabled = true (custom)
2019-09-19 16:47:24,021 [pool-303-thread-1] INFO  segmented.SegmentedRaftLogWorker (SegmentedRaftLogWorker.java:lambda$new$0(132)) - 12a124ac-5800-4d9d-a708-502084c57585-SegmentedRaftLogWorker:Storage Directory /workdir/hadoop-ozone/ozonefs/target/test-dir/MiniOzoneClusterImpl-220b86cd-4451-44e8-8e13-531534607eb8/datanode-1/data/ratis/e2a7027b-16fb-4dff-8854-bd8b0b28c36a: flushIndex: setUnconditionally 0 -> -1
2019-09-19 16:47:24,021 [pool-303-thread-1] INFO  server.RaftServerConfigKeys (ConfUtils.java:logGet(43)) - raft.server.snapshot.auto.trigger.enabled = true (custom)
2019-09-19 16:47:24,022 [pool-303-thread-1] INFO  server.RaftServerConfigKeys (ConfUtils.java:logGet(43)) - raft.server.snapshot.auto.trigger.threshold = 10000 (custom)
2019-09-19 16:47:24,022 [pool-303-thread-1] INFO  server.RaftServerConfigKeys (ConfUtils.java:logGet(43)) - raft.server.retrycache.expirytime = 600000ms (custom)
2019-09-19 16:47:24,022 [pool-303-thread-1] INFO  impl.RaftServerImpl (RaftServerImpl.java:start(180)) - 12a124ac-5800-4d9d-a708-502084c57585: start group-BD8B0B28C36A
2019-09-19 16:47:24,022 [pool-303-thread-1] INFO  impl.RaftServerImpl (RaftServerImpl.java:setRole(171)) - 12a124ac-5800-4d9d-a708-502084c57585:group-BD8B0B28C36A changes role from null to FOLLOWER at term 0 for startAsFollower
2019-09-19 16:47:24,022 [pool-303-thread-1] INFO  impl.RoleInfo (RoleInfo.java:updateAndGet(143)) - 12a124ac-5800-4d9d-a708-502084c57585: start FollowerState
2019-09-19 16:47:24,023 [pool-303-thread-1] INFO  util.JmxRegister (JmxRegister.java:tryRegister(44)) - Successfully registered JMX Bean with object name Ratis:service=RaftServer,group=group-BD8B0B28C36A,id=12a124ac-5800-4d9d-a708-502084c57585
2019-09-19 16:47:24,025 [RatisPipelineUtilsThread] INFO  pipeline.PipelineStateManager (PipelineStateManager.java:addPipeline(56)) - Created pipeline Pipeline[ Id: e2a7027b-16fb-4dff-8854-bd8b0b28c36a, Nodes: 12a124ac-5800-4d9d-a708-502084c57585{ip: 192.168.157.226, host: pr-hdds-1569-swxfz-3172132826, networkLocation: /default-rack, certSerialId: null}, Type:RATIS, Factor:ONE, State:OPEN]
2019-09-19 16:47:24,025 [RatisPipelineUtilsThread] ERROR pipeline.PipelinePlacementPolicy (PipelinePlacementPolicy.java:meetCriteria(91)) - Pipeline Placement: Doesn't meet the criteria to be viable node. Heaviness: 6
2019-09-19 16:47:24,026 [RatisPipelineUtilsThread] ERROR pipeline.PipelinePlacementPolicy (PipelinePlacementPolicy.java:meetCriteria(91)) - Pipeline Placement: Doesn't meet the criteria to be viable node. Heaviness: 6
2019-09-19 16:47:24,033 [grpc-default-executor-0] INFO  impl.RaftServerProxy (RaftServerProxy.java:addNew(89)) - 0160fd49-54d3-4cfd-b1ef-90ca4fe52f57: addNew group-5299FBAE860A:[0160fd49-54d3-4cfd-b1ef-90ca4fe52f57:192.168.157.226:45929] returns group-5299FBAE860A:java.util.concurrent.CompletableFuture@64db61d[Not completed]
2019-09-19 16:47:24,035 [pool-314-thread-1] INFO  impl.RaftServerImpl (RaftServerImpl.java:<init>(93)) - 0160fd49-54d3-4cfd-b1ef-90ca4fe52f57: new RaftServerImpl for group-5299FBAE860A:[0160fd49-54d3-4cfd-b1ef-90ca4fe52f57:192.168.157.226:45929] with ContainerStateMachine:uninitialized
2019-09-19 16:47:24,035 [pool-314-thread-1] INFO  server.RaftServerConfigKeys (ConfUtils.java:logGet(43)) - raft.server.rpc.timeout.min = 5s (custom)
2019-09-19 16:47:24,035 [pool-314-thread-1] INFO  server.RaftServerConfigKeys (ConfUtils.java:logGet(43)) - raft.server.rpc.timeout.max = 5200ms (custom)
2019-09-19 16:47:24,035 [pool-314-thread-1] INFO  server.RaftServerConfigKeys (ConfUtils.java:logGet(43)) - raft.server.rpcslowness.timeout = 120s (custom)
2019-09-19 16:47:24,035 [pool-314-thread-1] INFO  server.RaftServerConfigKeys (ConfUtils.java:logGet(43)) - raft.server.sleep.deviation.threshold = 300 (default)
2019-09-19 16:47:24,036 [pool-314-thread-1] INFO  server.RaftServerConfigKeys (ConfUtils.java:logGet(43)) - raft.server.log.appender.install.snapshot.enabled = false (custom)
2019-09-19 16:47:24,036 [pool-314-thread-1] INFO  impl.RaftServerImpl (ServerState.java:<init>(105)) - 0160fd49-54d3-4cfd-b1ef-90ca4fe52f57:group-5299FBAE860A ConfigurationManager, init=-1: [0160fd49-54d3-4cfd-b1ef-90ca4fe52f57:192.168.157.226:45929], old=null, confs=<EMPTY_MAP>
2019-09-19 16:47:24,036 [pool-314-thread-1] INFO  server.RaftServerConfigKeys (ConfUtils.java:logGet(43)) - raft.server.storage.dir = [/workdir/hadoop-ozone/ozonefs/target/test-dir/MiniOzoneClusterImpl-220b86cd-4451-44e8-8e13-531534607eb8/datanode-2/data/ratis] (custom)
2019-09-19 16:47:24,036 [pool-314-thread-1] INFO  storage.RaftStorageDirectory (RaftStorageDirectory.java:analyzeStorage(246)) - The storage directory /workdir/hadoop-ozone/ozonefs/target/test-dir/MiniOzoneClusterImpl-220b86cd-4451-44e8-8e13-531534607eb8/datanode-2/data/ratis/41212c98-53e3-4213-8f43-5299fbae860a does not exist. Creating ...
2019-09-19 16:47:24,040 [pool-314-thread-1] INFO  storage.RaftStorageDirectory (RaftStorageDirectory.java:tryLock(328)) - Lock on /workdir/hadoop-ozone/ozonefs/target/test-dir/MiniOzoneClusterImpl-220b86cd-4451-44e8-8e13-531534607eb8/datanode-2/data/ratis/41212c98-53e3-4213-8f43-5299fbae860a/in_use.lock acquired by nodename 32682@pr-hdds-1569-swxfz-3172132826
2019-09-19 16:47:24,064 [pool-314-thread-1] INFO  storage.RaftStorage (RaftStorage.java:format(72)) - Storage directory /workdir/hadoop-ozone/ozonefs/target/test-dir/MiniOzoneClusterImpl-220b86cd-4451-44e8-8e13-531534607eb8/datanode-2/data/ratis/41212c98-53e3-4213-8f43-5299fbae860a has been successfully formatted.
2019-09-19 16:47:24,064 [pool-314-thread-1] INFO  ratis.ContainerStateMachine (ContainerStateMachine.java:loadSnapshot(226)) - group-5299FBAE860A: The snapshot info is null. Setting the last applied indexto:(t:0, i:~)
2019-09-19 16:47:24,064 [pool-314-thread-1] INFO  server.RaftServerConfigKeys (ConfUtils.java:logGet(43)) - raft.server.leader.election.timeout = 120s (custom)
2019-09-19 16:47:24,065 [pool-314-thread-1] INFO  server.RaftServerConfigKeys (ConfUtils.java:logGet(43)) - raft.server.log.use.memory = false (default)
2019-09-19 16:47:24,065 [pool-314-thread-1] INFO  server.RaftServerConfigKeys (ConfUtils.java:logGet(43)) - raft.server.log.purge.gap = 1000000 (custom)
2019-09-19 16:47:24,065 [pool-314-thread-1] INFO  server.RaftServerConfigKeys (ConfUtils.java:logGet(43)) - raft.server.log.appender.buffer.byte-limit = 33554432 (custom)
2019-09-19 16:47:24,065 [pool-314-thread-1] INFO  server.RaftServerConfigKeys (ConfUtils.java:logGet(43)) - raft.server.log.segment.size.max = 1048576 (custom)
2019-09-19 16:47:24,065 [pool-314-thread-1] INFO  server.RaftServerConfigKeys (ConfUtils.java:logGet(43)) - raft.server.log.segment.cache.num.max = 2 (custom)
2019-09-19 16:47:24,065 [pool-314-thread-1] INFO  segmented.SegmentedRaftLogWorker (SegmentedRaftLogWorker.java:<init>(172)) - new 0160fd49-54d3-4cfd-b1ef-90ca4fe52f57-SegmentedRaftLogWorker:Storage Directory /workdir/hadoop-ozone/ozonefs/target/test-dir/MiniOzoneClusterImpl-220b86cd-4451-44e8-8e13-531534607eb8/datanode-2/data/ratis/41212c98-53e3-4213-8f43-5299fbae860a for RaftStorage:Storage Directory /workdir/hadoop-ozone/ozonefs/target/test-dir/MiniOzoneClusterImpl-220b86cd-4451-44e8-8e13-531534607eb8/datanode-2/data/ratis/41212c98-53e3-4213-8f43-5299fbae860a
2019-09-19 16:47:24,066 [pool-314-thread-1] INFO  server.RaftServerConfigKeys (ConfUtils.java:logGet(43)) - raft.server.log.queue.byte-limit = 2147483647 (custom)
2019-09-19 16:47:24,066 [pool-314-thread-1] INFO  server.RaftServerConfigKeys (ConfUtils.java:logGet(43)) - raft.server.log.queue.element-limit = 1024 (custom)
2019-09-19 16:47:24,066 [pool-314-thread-1] INFO  server.RaftServerConfigKeys (ConfUtils.java:logGet(43)) - raft.server.log.segment.size.max = 1048576 (custom)
2019-09-19 16:47:24,066 [pool-314-thread-1] INFO  server.RaftServerConfigKeys (ConfUtils.java:logGet(43)) - raft.server.log.preallocated.size = 16384 (custom)
2019-09-19 16:47:24,066 [pool-314-thread-1] INFO  server.RaftServerConfigKeys (ConfUtils.java:logGet(43)) - raft.server.log.write.buffer.size = 33554432 (custom)
2019-09-19 16:47:24,067 [pool-314-thread-1] INFO  server.RaftServerConfigKeys (ConfUtils.java:logGet(43)) - raft.server.log.force.sync.num = 128 (default)
2019-09-19 16:47:24,067 [pool-314-thread-1] INFO  server.RaftServerConfigKeys (ConfUtils.java:logGet(43)) - raft.server.log.statemachine.data.sync = true (default)
2019-09-19 16:47:24,067 [pool-314-thread-1] INFO  server.RaftServerConfigKeys (ConfUtils.java:logGet(43)) - raft.server.log.statemachine.data.sync.timeout = 10s (default)
2019-09-19 16:47:24,067 [pool-314-thread-1] INFO  server.RaftServerConfigKeys (ConfUtils.java:logGet(43)) - raft.server.log.statemachine.data.sync.timeout.retry = -1 (default)
2019-09-19 16:47:24,067 [pool-314-thread-1] INFO  server.RaftServerConfigKeys (ConfUtils.java:logGet(43)) - raft.server.log.statemachine.data.caching.enabled = true (custom)
2019-09-19 16:47:24,068 [pool-314-thread-1] INFO  segmented.SegmentedRaftLogWorker (SegmentedRaftLogWorker.java:lambda$new$0(132)) - 0160fd49-54d3-4cfd-b1ef-90ca4fe52f57-SegmentedRaftLogWorker:Storage Directory /workdir/hadoop-ozone/ozonefs/target/test-dir/MiniOzoneClusterImpl-220b86cd-4451-44e8-8e13-531534607eb8/datanode-2/data/ratis/41212c98-53e3-4213-8f43-5299fbae860a: flushIndex: setUnconditionally 0 -> -1
2019-09-19 16:47:24,068 [pool-314-thread-1] INFO  server.RaftServerConfigKeys (ConfUtils.java:logGet(43)) - raft.server.snapshot.auto.trigger.enabled = true (custom)
2019-09-19 16:47:24,068 [pool-314-thread-1] INFO  server.RaftServerConfigKeys (ConfUtils.java:logGet(43)) - raft.server.snapshot.auto.trigger.threshold = 10000 (custom)
2019-09-19 16:47:24,068 [pool-314-thread-1] INFO  server.RaftServerConfigKeys (ConfUtils.java:logGet(43)) - raft.server.retrycache.expirytime = 600000ms (custom)
2019-09-19 16:47:24,069 [pool-314-thread-1] INFO  impl.RaftServerImpl (RaftServerImpl.java:start(180)) - 0160fd49-54d3-4cfd-b1ef-90ca4fe52f57: start group-5299FBAE860A
2019-09-19 16:47:24,069 [pool-314-thread-1] INFO  impl.RaftServerImpl (RaftServerImpl.java:setRole(171)) - 0160fd49-54d3-4cfd-b1ef-90ca4fe52f57:group-5299FBAE860A changes role from null to FOLLOWER at term 0 for startAsFollower
2019-09-19 16:47:24,069 [pool-314-thread-1] INFO  impl.RoleInfo (RoleInfo.java:updateAndGet(143)) - 0160fd49-54d3-4cfd-b1ef-90ca4fe52f57: start FollowerState
2019-09-19 16:47:24,069 [pool-314-thread-1] INFO  util.JmxRegister (JmxRegister.java:tryRegister(44)) - Successfully registered JMX Bean with object name Ratis:service=RaftServer,group=group-5299FBAE860A,id=0160fd49-54d3-4cfd-b1ef-90ca4fe52f57
2019-09-19 16:47:24,073 [RatisPipelineUtilsThread] INFO  pipeline.PipelineStateManager (PipelineStateManager.java:addPipeline(56)) - Created pipeline Pipeline[ Id: 41212c98-53e3-4213-8f43-5299fbae860a, Nodes: 0160fd49-54d3-4cfd-b1ef-90ca4fe52f57{ip: 192.168.157.226, host: pr-hdds-1569-swxfz-3172132826, networkLocation: /default-rack, certSerialId: null}, Type:RATIS, Factor:ONE, State:OPEN]
2019-09-19 16:47:24,073 [RatisPipelineUtilsThread] ERROR pipeline.PipelinePlacementPolicy (PipelinePlacementPolicy.java:meetCriteria(91)) - Pipeline Placement: Doesn't meet the criteria to be viable node. Heaviness: 6
2019-09-19 16:47:24,073 [RatisPipelineUtilsThread] ERROR pipeline.PipelinePlacementPolicy (PipelinePlacementPolicy.java:meetCriteria(91)) - Pipeline Placement: Doesn't meet the criteria to be viable node. Heaviness: 6
2019-09-19 16:47:24,079 [grpc-default-executor-0] INFO  impl.RaftServerProxy (RaftServerProxy.java:addNew(89)) - 0160fd49-54d3-4cfd-b1ef-90ca4fe52f57: addNew group-C98FFC8DB4CB:[0160fd49-54d3-4cfd-b1ef-90ca4fe52f57:192.168.157.226:45929] returns group-C98FFC8DB4CB:java.util.concurrent.CompletableFuture@48559120[Not completed]
2019-09-19 16:47:24,081 [pool-314-thread-1] INFO  impl.RaftServerImpl (RaftServerImpl.java:<init>(93)) - 0160fd49-54d3-4cfd-b1ef-90ca4fe52f57: new RaftServerImpl for group-C98FFC8DB4CB:[0160fd49-54d3-4cfd-b1ef-90ca4fe52f57:192.168.157.226:45929] with ContainerStateMachine:uninitialized
2019-09-19 16:47:24,081 [pool-314-thread-1] INFO  server.RaftServerConfigKeys (ConfUtils.java:logGet(43)) - raft.server.rpc.timeout.min = 5s (custom)
2019-09-19 16:47:24,081 [pool-314-thread-1] INFO  server.RaftServerConfigKeys (ConfUtils.java:logGet(43)) - raft.server.rpc.timeout.max = 5200ms (custom)
2019-09-19 16:47:24,081 [pool-314-thread-1] INFO  server.RaftServerConfigKeys (ConfUtils.java:logGet(43)) - raft.server.rpcslowness.timeout = 120s (custom)
2019-09-19 16:47:24,081 [pool-314-thread-1] INFO  server.RaftServerConfigKeys (ConfUtils.java:logGet(43)) - raft.server.sleep.deviation.threshold = 300 (default)
2019-09-19 16:47:24,081 [pool-314-thread-1] INFO  server.RaftServerConfigKeys (ConfUtils.java:logGet(43)) - raft.server.log.appender.install.snapshot.enabled = false (custom)
2019-09-19 16:47:24,081 [pool-314-thread-1] INFO  impl.RaftServerImpl (ServerState.java:<init>(105)) - 0160fd49-54d3-4cfd-b1ef-90ca4fe52f57:group-C98FFC8DB4CB ConfigurationManager, init=-1: [0160fd49-54d3-4cfd-b1ef-90ca4fe52f57:192.168.157.226:45929], old=null, confs=<EMPTY_MAP>
2019-09-19 16:47:24,082 [pool-314-thread-1] INFO  server.RaftServerConfigKeys (ConfUtils.java:logGet(43)) - raft.server.storage.dir = [/workdir/hadoop-ozone/ozonefs/target/test-dir/MiniOzoneClusterImpl-220b86cd-4451-44e8-8e13-531534607eb8/datanode-2/data/ratis] (custom)
2019-09-19 16:47:24,082 [pool-314-thread-1] INFO  storage.RaftStorageDirectory (RaftStorageDirectory.java:analyzeStorage(246)) - The storage directory /workdir/hadoop-ozone/ozonefs/target/test-dir/MiniOzoneClusterImpl-220b86cd-4451-44e8-8e13-531534607eb8/datanode-2/data/ratis/6674b9b8-1c6c-4d1c-a908-c98ffc8db4cb does not exist. Creating ...
2019-09-19 16:47:24,107 [pool-314-thread-1] INFO  storage.RaftStorageDirectory (RaftStorageDirectory.java:tryLock(328)) - Lock on /workdir/hadoop-ozone/ozonefs/target/test-dir/MiniOzoneClusterImpl-220b86cd-4451-44e8-8e13-531534607eb8/datanode-2/data/ratis/6674b9b8-1c6c-4d1c-a908-c98ffc8db4cb/in_use.lock acquired by nodename 32682@pr-hdds-1569-swxfz-3172132826
2019-09-19 16:47:24,120 [pool-314-thread-1] INFO  storage.RaftStorage (RaftStorage.java:format(72)) - Storage directory /workdir/hadoop-ozone/ozonefs/target/test-dir/MiniOzoneClusterImpl-220b86cd-4451-44e8-8e13-531534607eb8/datanode-2/data/ratis/6674b9b8-1c6c-4d1c-a908-c98ffc8db4cb has been successfully formatted.
2019-09-19 16:47:24,120 [pool-314-thread-1] INFO  ratis.ContainerStateMachine (ContainerStateMachine.java:loadSnapshot(226)) - group-C98FFC8DB4CB: The snapshot info is null. Setting the last applied indexto:(t:0, i:~)
2019-09-19 16:47:24,120 [pool-314-thread-1] INFO  server.RaftServerConfigKeys (ConfUtils.java:logGet(43)) - raft.server.leader.election.timeout = 120s (custom)
2019-09-19 16:47:24,121 [pool-314-thread-1] INFO  server.RaftServerConfigKeys (ConfUtils.java:logGet(43)) - raft.server.log.use.memory = false (default)
2019-09-19 16:47:24,121 [pool-314-thread-1] INFO  server.RaftServerConfigKeys (ConfUtils.java:logGet(43)) - raft.server.log.purge.gap = 1000000 (custom)
2019-09-19 16:47:24,121 [pool-314-thread-1] INFO  server.RaftServerConfigKeys (ConfUtils.java:logGet(43)) - raft.server.log.appender.buffer.byte-limit = 33554432 (custom)
2019-09-19 16:47:24,121 [pool-314-thread-1] INFO  server.RaftServerConfigKeys (ConfUtils.java:logGet(43)) - raft.server.log.segment.size.max = 1048576 (custom)
2019-09-19 16:47:24,121 [pool-314-thread-1] INFO  server.RaftServerConfigKeys (ConfUtils.java:logGet(43)) - raft.server.log.segment.cache.num.max = 2 (custom)
2019-09-19 16:47:24,121 [pool-314-thread-1] INFO  segmented.SegmentedRaftLogWorker (SegmentedRaftLogWorker.java:<init>(172)) - new 0160fd49-54d3-4cfd-b1ef-90ca4fe52f57-SegmentedRaftLogWorker:Storage Directory /workdir/hadoop-ozone/ozonefs/target/test-dir/MiniOzoneClusterImpl-220b86cd-4451-44e8-8e13-531534607eb8/datanode-2/data/ratis/6674b9b8-1c6c-4d1c-a908-c98ffc8db4cb for RaftStorage:Storage Directory /workdir/hadoop-ozone/ozonefs/target/test-dir/MiniOzoneClusterImpl-220b86cd-4451-44e8-8e13-531534607eb8/datanode-2/data/ratis/6674b9b8-1c6c-4d1c-a908-c98ffc8db4cb
2019-09-19 16:47:24,121 [pool-314-thread-1] INFO  server.RaftServerConfigKeys (ConfUtils.java:logGet(43)) - raft.server.log.queue.byte-limit = 2147483647 (custom)
2019-09-19 16:47:24,122 [pool-314-thread-1] INFO  server.RaftServerConfigKeys (ConfUtils.java:logGet(43)) - raft.server.log.queue.element-limit = 1024 (custom)
2019-09-19 16:47:24,122 [pool-314-thread-1] INFO  server.RaftServerConfigKeys (ConfUtils.java:logGet(43)) - raft.server.log.segment.size.max = 1048576 (custom)
2019-09-19 16:47:24,122 [pool-314-thread-1] INFO  server.RaftServerConfigKeys (ConfUtils.java:logGet(43)) - raft.server.log.preallocated.size = 16384 (custom)
2019-09-19 16:47:24,122 [pool-314-thread-1] INFO  server.RaftServerConfigKeys (ConfUtils.java:logGet(43)) - raft.server.log.write.buffer.size = 33554432 (custom)
2019-09-19 16:47:24,122 [pool-314-thread-1] INFO  server.RaftServerConfigKeys (ConfUtils.java:logGet(43)) - raft.server.log.force.sync.num = 128 (default)
2019-09-19 16:47:24,122 [pool-314-thread-1] INFO  server.RaftServerConfigKeys (ConfUtils.java:logGet(43)) - raft.server.log.statemachine.data.sync = true (default)
2019-09-19 16:47:24,122 [pool-314-thread-1] INFO  server.RaftServerConfigKeys (ConfUtils.java:logGet(43)) - raft.server.log.statemachine.data.sync.timeout = 10s (default)
2019-09-19 16:47:24,122 [pool-314-thread-1] INFO  server.RaftServerConfigKeys (ConfUtils.java:logGet(43)) - raft.server.log.statemachine.data.sync.timeout.retry = -1 (default)
2019-09-19 16:47:24,123 [pool-314-thread-1] INFO  server.RaftServerConfigKeys (ConfUtils.java:logGet(43)) - raft.server.log.statemachine.data.caching.enabled = true (custom)
2019-09-19 16:47:24,123 [pool-314-thread-1] INFO  segmented.SegmentedRaftLogWorker (SegmentedRaftLogWorker.java:lambda$new$0(132)) - 0160fd49-54d3-4cfd-b1ef-90ca4fe52f57-SegmentedRaftLogWorker:Storage Directory /workdir/hadoop-ozone/ozonefs/target/test-dir/MiniOzoneClusterImpl-220b86cd-4451-44e8-8e13-531534607eb8/datanode-2/data/ratis/6674b9b8-1c6c-4d1c-a908-c98ffc8db4cb: flushIndex: setUnconditionally 0 -> -1
2019-09-19 16:47:24,123 [pool-314-thread-1] INFO  server.RaftServerConfigKeys (ConfUtils.java:logGet(43)) - raft.server.snapshot.auto.trigger.enabled = true (custom)
2019-09-19 16:47:24,123 [pool-314-thread-1] INFO  server.RaftServerConfigKeys (ConfUtils.java:logGet(43)) - raft.server.snapshot.auto.trigger.threshold = 10000 (custom)
2019-09-19 16:47:24,124 [pool-314-thread-1] INFO  server.RaftServerConfigKeys (ConfUtils.java:logGet(43)) - raft.server.retrycache.expirytime = 600000ms (custom)
2019-09-19 16:47:24,124 [pool-314-thread-1] INFO  impl.RaftServerImpl (RaftServerImpl.java:start(180)) - 0160fd49-54d3-4cfd-b1ef-90ca4fe52f57: start group-C98FFC8DB4CB
2019-09-19 16:47:24,124 [pool-314-thread-1] INFO  impl.RaftServerImpl (RaftServerImpl.java:setRole(171)) - 0160fd49-54d3-4cfd-b1ef-90ca4fe52f57:group-C98FFC8DB4CB changes role from null to FOLLOWER at term 0 for startAsFollower
2019-09-19 16:47:24,124 [pool-314-thread-1] INFO  impl.RoleInfo (RoleInfo.java:updateAndGet(143)) - 0160fd49-54d3-4cfd-b1ef-90ca4fe52f57: start FollowerState
2019-09-19 16:47:24,124 [pool-314-thread-1] INFO  util.JmxRegister (JmxRegister.java:tryRegister(44)) - Successfully registered JMX Bean with object name Ratis:service=RaftServer,group=group-C98FFC8DB4CB,id=0160fd49-54d3-4cfd-b1ef-90ca4fe52f57
2019-09-19 16:47:24,127 [RatisPipelineUtilsThread] INFO  pipeline.PipelineStateManager (PipelineStateManager.java:addPipeline(56)) - Created pipeline Pipeline[ Id: 6674b9b8-1c6c-4d1c-a908-c98ffc8db4cb, Nodes: 0160fd49-54d3-4cfd-b1ef-90ca4fe52f57{ip: 192.168.157.226, host: pr-hdds-1569-swxfz-3172132826, networkLocation: /default-rack, certSerialId: null}, Type:RATIS, Factor:ONE, State:OPEN]
2019-09-19 16:47:24,128 [RatisPipelineUtilsThread] ERROR pipeline.PipelinePlacementPolicy (PipelinePlacementPolicy.java:meetCriteria(91)) - Pipeline Placement: Doesn't meet the criteria to be viable node. Heaviness: 6
2019-09-19 16:47:24,128 [RatisPipelineUtilsThread] ERROR pipeline.PipelinePlacementPolicy (PipelinePlacementPolicy.java:meetCriteria(91)) - Pipeline Placement: Doesn't meet the criteria to be viable node. Heaviness: 6
2019-09-19 16:47:24,133 [grpc-default-executor-0] INFO  impl.RaftServerProxy (RaftServerProxy.java:addNew(89)) - 0160fd49-54d3-4cfd-b1ef-90ca4fe52f57: addNew group-AC1D388C31F6:[0160fd49-54d3-4cfd-b1ef-90ca4fe52f57:192.168.157.226:45929] returns group-AC1D388C31F6:java.util.concurrent.CompletableFuture@312767c2[Not completed]
2019-09-19 16:47:24,134 [pool-314-thread-1] INFO  impl.RaftServerImpl (RaftServerImpl.java:<init>(93)) - 0160fd49-54d3-4cfd-b1ef-90ca4fe52f57: new RaftServerImpl for group-AC1D388C31F6:[0160fd49-54d3-4cfd-b1ef-90ca4fe52f57:192.168.157.226:45929] with ContainerStateMachine:uninitialized
2019-09-19 16:47:24,134 [pool-314-thread-1] INFO  server.RaftServerConfigKeys (ConfUtils.java:logGet(43)) - raft.server.rpc.timeout.min = 5s (custom)
2019-09-19 16:47:24,135 [pool-314-thread-1] INFO  server.RaftServerConfigKeys (ConfUtils.java:logGet(43)) - raft.server.rpc.timeout.max = 5200ms (custom)
2019-09-19 16:47:24,135 [pool-314-thread-1] INFO  server.RaftServerConfigKeys (ConfUtils.java:logGet(43)) - raft.server.rpcslowness.timeout = 120s (custom)
2019-09-19 16:47:24,135 [pool-314-thread-1] INFO  server.RaftServerConfigKeys (ConfUtils.java:logGet(43)) - raft.server.sleep.deviation.threshold = 300 (default)
2019-09-19 16:47:24,135 [pool-314-thread-1] INFO  server.RaftServerConfigKeys (ConfUtils.java:logGet(43)) - raft.server.log.appender.install.snapshot.enabled = false (custom)
2019-09-19 16:47:24,135 [pool-314-thread-1] INFO  impl.RaftServerImpl (ServerState.java:<init>(105)) - 0160fd49-54d3-4cfd-b1ef-90ca4fe52f57:group-AC1D388C31F6 ConfigurationManager, init=-1: [0160fd49-54d3-4cfd-b1ef-90ca4fe52f57:192.168.157.226:45929], old=null, confs=<EMPTY_MAP>
2019-09-19 16:47:24,135 [pool-314-thread-1] INFO  server.RaftServerConfigKeys (ConfUtils.java:logGet(43)) - raft.server.storage.dir = [/workdir/hadoop-ozone/ozonefs/target/test-dir/MiniOzoneClusterImpl-220b86cd-4451-44e8-8e13-531534607eb8/datanode-2/data/ratis] (custom)
2019-09-19 16:47:24,136 [pool-314-thread-1] INFO  storage.RaftStorageDirectory (RaftStorageDirectory.java:analyzeStorage(246)) - The storage directory /workdir/hadoop-ozone/ozonefs/target/test-dir/MiniOzoneClusterImpl-220b86cd-4451-44e8-8e13-531534607eb8/datanode-2/data/ratis/e8a0b254-7dc7-4c0d-b2ac-ac1d388c31f6 does not exist. Creating ...
2019-09-19 16:47:24,148 [pool-314-thread-1] INFO  storage.RaftStorageDirectory (RaftStorageDirectory.java:tryLock(328)) - Lock on /workdir/hadoop-ozone/ozonefs/target/test-dir/MiniOzoneClusterImpl-220b86cd-4451-44e8-8e13-531534607eb8/datanode-2/data/ratis/e8a0b254-7dc7-4c0d-b2ac-ac1d388c31f6/in_use.lock acquired by nodename 32682@pr-hdds-1569-swxfz-3172132826
2019-09-19 16:47:24,161 [pool-314-thread-1] INFO  storage.RaftStorage (RaftStorage.java:format(72)) - Storage directory /workdir/hadoop-ozone/ozonefs/target/test-dir/MiniOzoneClusterImpl-220b86cd-4451-44e8-8e13-531534607eb8/datanode-2/data/ratis/e8a0b254-7dc7-4c0d-b2ac-ac1d388c31f6 has been successfully formatted.
2019-09-19 16:47:24,161 [pool-314-thread-1] INFO  ratis.ContainerStateMachine (ContainerStateMachine.java:loadSnapshot(226)) - group-AC1D388C31F6: The snapshot info is null. Setting the last applied indexto:(t:0, i:~)
2019-09-19 16:47:24,161 [pool-314-thread-1] INFO  server.RaftServerConfigKeys (ConfUtils.java:logGet(43)) - raft.server.leader.election.timeout = 120s (custom)
2019-09-19 16:47:24,161 [pool-314-thread-1] INFO  server.RaftServerConfigKeys (ConfUtils.java:logGet(43)) - raft.server.log.use.memory = false (default)
2019-09-19 16:47:24,162 [pool-314-thread-1] INFO  server.RaftServerConfigKeys (ConfUtils.java:logGet(43)) - raft.server.log.purge.gap = 1000000 (custom)
2019-09-19 16:47:24,162 [pool-314-thread-1] INFO  server.RaftServerConfigKeys (ConfUtils.java:logGet(43)) - raft.server.log.appender.buffer.byte-limit = 33554432 (custom)
2019-09-19 16:47:24,162 [pool-314-thread-1] INFO  server.RaftServerConfigKeys (ConfUtils.java:logGet(43)) - raft.server.log.segment.size.max = 1048576 (custom)
2019-09-19 16:47:24,162 [pool-314-thread-1] INFO  server.RaftServerConfigKeys (ConfUtils.java:logGet(43)) - raft.server.log.segment.cache.num.max = 2 (custom)
2019-09-19 16:47:24,162 [pool-314-thread-1] INFO  segmented.SegmentedRaftLogWorker (SegmentedRaftLogWorker.java:<init>(172)) - new 0160fd49-54d3-4cfd-b1ef-90ca4fe52f57-SegmentedRaftLogWorker:Storage Directory /workdir/hadoop-ozone/ozonefs/target/test-dir/MiniOzoneClusterImpl-220b86cd-4451-44e8-8e13-531534607eb8/datanode-2/data/ratis/e8a0b254-7dc7-4c0d-b2ac-ac1d388c31f6 for RaftStorage:Storage Directory /workdir/hadoop-ozone/ozonefs/target/test-dir/MiniOzoneClusterImpl-220b86cd-4451-44e8-8e13-531534607eb8/datanode-2/data/ratis/e8a0b254-7dc7-4c0d-b2ac-ac1d388c31f6
2019-09-19 16:47:24,163 [pool-314-thread-1] INFO  server.RaftServerConfigKeys (ConfUtils.java:logGet(43)) - raft.server.log.queue.byte-limit = 2147483647 (custom)
2019-09-19 16:47:24,163 [pool-314-thread-1] INFO  server.RaftServerConfigKeys (ConfUtils.java:logGet(43)) - raft.server.log.queue.element-limit = 1024 (custom)
2019-09-19 16:47:24,163 [pool-314-thread-1] INFO  server.RaftServerConfigKeys (ConfUtils.java:logGet(43)) - raft.server.log.segment.size.max = 1048576 (custom)
2019-09-19 16:47:24,163 [pool-314-thread-1] INFO  server.RaftServerConfigKeys (ConfUtils.java:logGet(43)) - raft.server.log.preallocated.size = 16384 (custom)
2019-09-19 16:47:24,163 [pool-314-thread-1] INFO  server.RaftServerConfigKeys (ConfUtils.java:logGet(43)) - raft.server.log.write.buffer.size = 33554432 (custom)
2019-09-19 16:47:24,164 [pool-314-thread-1] INFO  server.RaftServerConfigKeys (ConfUtils.java:logGet(43)) - raft.server.log.force.sync.num = 128 (default)
2019-09-19 16:47:24,164 [pool-314-thread-1] INFO  server.RaftServerConfigKeys (ConfUtils.java:logGet(43)) - raft.server.log.statemachine.data.sync = true (default)
2019-09-19 16:47:24,164 [pool-314-thread-1] INFO  server.RaftServerConfigKeys (ConfUtils.java:logGet(43)) - raft.server.log.statemachine.data.sync.timeout = 10s (default)
2019-09-19 16:47:24,164 [pool-314-thread-1] INFO  server.RaftServerConfigKeys (ConfUtils.java:logGet(43)) - raft.server.log.statemachine.data.sync.timeout.retry = -1 (default)
2019-09-19 16:47:24,164 [pool-314-thread-1] INFO  server.RaftServerConfigKeys (ConfUtils.java:logGet(43)) - raft.server.log.statemachine.data.caching.enabled = true (custom)
2019-09-19 16:47:24,165 [pool-314-thread-1] INFO  segmented.SegmentedRaftLogWorker (SegmentedRaftLogWorker.java:lambda$new$0(132)) - 0160fd49-54d3-4cfd-b1ef-90ca4fe52f57-SegmentedRaftLogWorker:Storage Directory /workdir/hadoop-ozone/ozonefs/target/test-dir/MiniOzoneClusterImpl-220b86cd-4451-44e8-8e13-531534607eb8/datanode-2/data/ratis/e8a0b254-7dc7-4c0d-b2ac-ac1d388c31f6: flushIndex: setUnconditionally 0 -> -1
2019-09-19 16:47:24,165 [pool-314-thread-1] INFO  server.RaftServerConfigKeys (ConfUtils.java:logGet(43)) - raft.server.snapshot.auto.trigger.enabled = true (custom)
2019-09-19 16:47:24,165 [pool-314-thread-1] INFO  server.RaftServerConfigKeys (ConfUtils.java:logGet(43)) - raft.server.snapshot.auto.trigger.threshold = 10000 (custom)
2019-09-19 16:47:24,166 [pool-314-thread-1] INFO  server.RaftServerConfigKeys (ConfUtils.java:logGet(43)) - raft.server.retrycache.expirytime = 600000ms (custom)
2019-09-19 16:47:24,166 [pool-314-thread-1] INFO  impl.RaftServerImpl (RaftServerImpl.java:start(180)) - 0160fd49-54d3-4cfd-b1ef-90ca4fe52f57: start group-AC1D388C31F6
2019-09-19 16:47:24,166 [pool-314-thread-1] INFO  impl.RaftServerImpl (RaftServerImpl.java:setRole(171)) - 0160fd49-54d3-4cfd-b1ef-90ca4fe52f57:group-AC1D388C31F6 changes role from null to FOLLOWER at term 0 for startAsFollower
2019-09-19 16:47:24,166 [pool-314-thread-1] INFO  impl.RoleInfo (RoleInfo.java:updateAndGet(143)) - 0160fd49-54d3-4cfd-b1ef-90ca4fe52f57: start FollowerState
2019-09-19 16:47:24,167 [pool-314-thread-1] INFO  util.JmxRegister (JmxRegister.java:tryRegister(44)) - Successfully registered JMX Bean with object name Ratis:service=RaftServer,group=group-AC1D388C31F6,id=0160fd49-54d3-4cfd-b1ef-90ca4fe52f57
2019-09-19 16:47:24,171 [RatisPipelineUtilsThread] INFO  pipeline.PipelineStateManager (PipelineStateManager.java:addPipeline(56)) - Created pipeline Pipeline[ Id: e8a0b254-7dc7-4c0d-b2ac-ac1d388c31f6, Nodes: 0160fd49-54d3-4cfd-b1ef-90ca4fe52f57{ip: 192.168.157.226, host: pr-hdds-1569-swxfz-3172132826, networkLocation: /default-rack, certSerialId: null}, Type:RATIS, Factor:ONE, State:OPEN]
2019-09-19 16:47:24,172 [RatisPipelineUtilsThread] ERROR pipeline.PipelinePlacementPolicy (PipelinePlacementPolicy.java:meetCriteria(91)) - Pipeline Placement: Doesn't meet the criteria to be viable node. Heaviness: 6
2019-09-19 16:47:24,172 [RatisPipelineUtilsThread] ERROR pipeline.PipelinePlacementPolicy (PipelinePlacementPolicy.java:meetCriteria(91)) - Pipeline Placement: Doesn't meet the criteria to be viable node. Heaviness: 6
2019-09-19 16:47:24,177 [grpc-default-executor-0] INFO  impl.RaftServerProxy (RaftServerProxy.java:addNew(89)) - 0160fd49-54d3-4cfd-b1ef-90ca4fe52f57: addNew group-16C7668C07AB:[0160fd49-54d3-4cfd-b1ef-90ca4fe52f57:192.168.157.226:45929] returns group-16C7668C07AB:java.util.concurrent.CompletableFuture@6ae1d701[Not completed]
2019-09-19 16:47:24,178 [pool-314-thread-1] INFO  impl.RaftServerImpl (RaftServerImpl.java:<init>(93)) - 0160fd49-54d3-4cfd-b1ef-90ca4fe52f57: new RaftServerImpl for group-16C7668C07AB:[0160fd49-54d3-4cfd-b1ef-90ca4fe52f57:192.168.157.226:45929] with ContainerStateMachine:uninitialized
2019-09-19 16:47:24,178 [pool-314-thread-1] INFO  server.RaftServerConfigKeys (ConfUtils.java:logGet(43)) - raft.server.rpc.timeout.min = 5s (custom)
2019-09-19 16:47:24,178 [pool-314-thread-1] INFO  server.RaftServerConfigKeys (ConfUtils.java:logGet(43)) - raft.server.rpc.timeout.max = 5200ms (custom)
2019-09-19 16:47:24,179 [pool-314-thread-1] INFO  server.RaftServerConfigKeys (ConfUtils.java:logGet(43)) - raft.server.rpcslowness.timeout = 120s (custom)
2019-09-19 16:47:24,179 [pool-314-thread-1] INFO  server.RaftServerConfigKeys (ConfUtils.java:logGet(43)) - raft.server.sleep.deviation.threshold = 300 (default)
2019-09-19 16:47:24,179 [pool-314-thread-1] INFO  server.RaftServerConfigKeys (ConfUtils.java:logGet(43)) - raft.server.log.appender.install.snapshot.enabled = false (custom)
2019-09-19 16:47:24,179 [pool-314-thread-1] INFO  impl.RaftServerImpl (ServerState.java:<init>(105)) - 0160fd49-54d3-4cfd-b1ef-90ca4fe52f57:group-16C7668C07AB ConfigurationManager, init=-1: [0160fd49-54d3-4cfd-b1ef-90ca4fe52f57:192.168.157.226:45929], old=null, confs=<EMPTY_MAP>
2019-09-19 16:47:24,179 [pool-314-thread-1] INFO  server.RaftServerConfigKeys (ConfUtils.java:logGet(43)) - raft.server.storage.dir = [/workdir/hadoop-ozone/ozonefs/target/test-dir/MiniOzoneClusterImpl-220b86cd-4451-44e8-8e13-531534607eb8/datanode-2/data/ratis] (custom)
2019-09-19 16:47:24,179 [pool-314-thread-1] INFO  storage.RaftStorageDirectory (RaftStorageDirectory.java:analyzeStorage(246)) - The storage directory /workdir/hadoop-ozone/ozonefs/target/test-dir/MiniOzoneClusterImpl-220b86cd-4451-44e8-8e13-531534607eb8/datanode-2/data/ratis/7da3786a-cf7d-464b-aede-16c7668c07ab does not exist. Creating ...
2019-09-19 16:47:24,192 [pool-314-thread-1] INFO  storage.RaftStorageDirectory (RaftStorageDirectory.java:tryLock(328)) - Lock on /workdir/hadoop-ozone/ozonefs/target/test-dir/MiniOzoneClusterImpl-220b86cd-4451-44e8-8e13-531534607eb8/datanode-2/data/ratis/7da3786a-cf7d-464b-aede-16c7668c07ab/in_use.lock acquired by nodename 32682@pr-hdds-1569-swxfz-3172132826
2019-09-19 16:47:24,205 [pool-314-thread-1] INFO  storage.RaftStorage (RaftStorage.java:format(72)) - Storage directory /workdir/hadoop-ozone/ozonefs/target/test-dir/MiniOzoneClusterImpl-220b86cd-4451-44e8-8e13-531534607eb8/datanode-2/data/ratis/7da3786a-cf7d-464b-aede-16c7668c07ab has been successfully formatted.
2019-09-19 16:47:24,205 [pool-314-thread-1] INFO  ratis.ContainerStateMachine (ContainerStateMachine.java:loadSnapshot(226)) - group-16C7668C07AB: The snapshot info is null. Setting the last applied indexto:(t:0, i:~)
2019-09-19 16:47:24,205 [pool-314-thread-1] INFO  server.RaftServerConfigKeys (ConfUtils.java:logGet(43)) - raft.server.leader.election.timeout = 120s (custom)
2019-09-19 16:47:24,205 [pool-314-thread-1] INFO  server.RaftServerConfigKeys (ConfUtils.java:logGet(43)) - raft.server.log.use.memory = false (default)
2019-09-19 16:47:24,205 [pool-314-thread-1] INFO  server.RaftServerConfigKeys (ConfUtils.java:logGet(43)) - raft.server.log.purge.gap = 1000000 (custom)
2019-09-19 16:47:24,206 [pool-314-thread-1] INFO  server.RaftServerConfigKeys (ConfUtils.java:logGet(43)) - raft.server.log.appender.buffer.byte-limit = 33554432 (custom)
2019-09-19 16:47:24,206 [pool-314-thread-1] INFO  server.RaftServerConfigKeys (ConfUtils.java:logGet(43)) - raft.server.log.segment.size.max = 1048576 (custom)
2019-09-19 16:47:24,206 [pool-314-thread-1] INFO  server.RaftServerConfigKeys (ConfUtils.java:logGet(43)) - raft.server.log.segment.cache.num.max = 2 (custom)
2019-09-19 16:47:24,206 [pool-314-thread-1] INFO  segmented.SegmentedRaftLogWorker (SegmentedRaftLogWorker.java:<init>(172)) - new 0160fd49-54d3-4cfd-b1ef-90ca4fe52f57-SegmentedRaftLogWorker:Storage Directory /workdir/hadoop-ozone/ozonefs/target/test-dir/MiniOzoneClusterImpl-220b86cd-4451-44e8-8e13-531534607eb8/datanode-2/data/ratis/7da3786a-cf7d-464b-aede-16c7668c07ab for RaftStorage:Storage Directory /workdir/hadoop-ozone/ozonefs/target/test-dir/MiniOzoneClusterImpl-220b86cd-4451-44e8-8e13-531534607eb8/datanode-2/data/ratis/7da3786a-cf7d-464b-aede-16c7668c07ab
2019-09-19 16:47:24,206 [pool-314-thread-1] INFO  server.RaftServerConfigKeys (ConfUtils.java:logGet(43)) - raft.server.log.queue.byte-limit = 2147483647 (custom)
2019-09-19 16:47:24,206 [pool-314-thread-1] INFO  server.RaftServerConfigKeys (ConfUtils.java:logGet(43)) - raft.server.log.queue.element-limit = 1024 (custom)
2019-09-19 16:47:24,206 [pool-314-thread-1] INFO  server.RaftServerConfigKeys (ConfUtils.java:logGet(43)) - raft.server.log.segment.size.max = 1048576 (custom)
2019-09-19 16:47:24,206 [pool-314-thread-1] INFO  server.RaftServerConfigKeys (ConfUtils.java:logGet(43)) - raft.server.log.preallocated.size = 16384 (custom)
2019-09-19 16:47:24,207 [pool-314-thread-1] INFO  server.RaftServerConfigKeys (ConfUtils.java:logGet(43)) - raft.server.log.write.buffer.size = 33554432 (custom)
2019-09-19 16:47:24,207 [pool-314-thread-1] INFO  server.RaftServerConfigKeys (ConfUtils.java:logGet(43)) - raft.server.log.force.sync.num = 128 (default)
2019-09-19 16:47:24,207 [pool-314-thread-1] INFO  server.RaftServerConfigKeys (ConfUtils.java:logGet(43)) - raft.server.log.statemachine.data.sync = true (default)
2019-09-19 16:47:24,207 [pool-314-thread-1] INFO  server.RaftServerConfigKeys (ConfUtils.java:logGet(43)) - raft.server.log.statemachine.data.sync.timeout = 10s (default)
2019-09-19 16:47:24,207 [pool-314-thread-1] INFO  server.RaftServerConfigKeys (ConfUtils.java:logGet(43)) - raft.server.log.statemachine.data.sync.timeout.retry = -1 (default)
2019-09-19 16:47:24,207 [pool-314-thread-1] INFO  server.RaftServerConfigKeys (ConfUtils.java:logGet(43)) - raft.server.log.statemachine.data.caching.enabled = true (custom)
2019-09-19 16:47:24,208 [pool-314-thread-1] INFO  segmented.SegmentedRaftLogWorker (SegmentedRaftLogWorker.java:lambda$new$0(132)) - 0160fd49-54d3-4cfd-b1ef-90ca4fe52f57-SegmentedRaftLogWorker:Storage Directory /workdir/hadoop-ozone/ozonefs/target/test-dir/MiniOzoneClusterImpl-220b86cd-4451-44e8-8e13-531534607eb8/datanode-2/data/ratis/7da3786a-cf7d-464b-aede-16c7668c07ab: flushIndex: setUnconditionally 0 -> -1
2019-09-19 16:47:24,208 [pool-314-thread-1] INFO  server.RaftServerConfigKeys (ConfUtils.java:logGet(43)) - raft.server.snapshot.auto.trigger.enabled = true (custom)
2019-09-19 16:47:24,208 [pool-314-thread-1] INFO  server.RaftServerConfigKeys (ConfUtils.java:logGet(43)) - raft.server.snapshot.auto.trigger.threshold = 10000 (custom)
2019-09-19 16:47:24,208 [pool-314-thread-1] INFO  server.RaftServerConfigKeys (ConfUtils.java:logGet(43)) - raft.server.retrycache.expirytime = 600000ms (custom)
2019-09-19 16:47:24,208 [pool-314-thread-1] INFO  impl.RaftServerImpl (RaftServerImpl.java:start(180)) - 0160fd49-54d3-4cfd-b1ef-90ca4fe52f57: start group-16C7668C07AB
2019-09-19 16:47:24,208 [pool-314-thread-1] INFO  impl.RaftServerImpl (RaftServerImpl.java:setRole(171)) - 0160fd49-54d3-4cfd-b1ef-90ca4fe52f57:group-16C7668C07AB changes role from null to FOLLOWER at term 0 for startAsFollower
2019-09-19 16:47:24,208 [pool-314-thread-1] INFO  impl.RoleInfo (RoleInfo.java:updateAndGet(143)) - 0160fd49-54d3-4cfd-b1ef-90ca4fe52f57: start FollowerState
2019-09-19 16:47:24,209 [pool-314-thread-1] INFO  util.JmxRegister (JmxRegister.java:tryRegister(44)) - Successfully registered JMX Bean with object name Ratis:service=RaftServer,group=group-16C7668C07AB,id=0160fd49-54d3-4cfd-b1ef-90ca4fe52f57
2019-09-19 16:47:24,212 [RatisPipelineUtilsThread] INFO  pipeline.PipelineStateManager (PipelineStateManager.java:addPipeline(56)) - Created pipeline Pipeline[ Id: 7da3786a-cf7d-464b-aede-16c7668c07ab, Nodes: 0160fd49-54d3-4cfd-b1ef-90ca4fe52f57{ip: 192.168.157.226, host: pr-hdds-1569-swxfz-3172132826, networkLocation: /default-rack, certSerialId: null}, Type:RATIS, Factor:ONE, State:OPEN]
2019-09-19 16:47:24,212 [RatisPipelineUtilsThread] ERROR pipeline.PipelinePlacementPolicy (PipelinePlacementPolicy.java:meetCriteria(91)) - Pipeline Placement: Doesn't meet the criteria to be viable node. Heaviness: 6
2019-09-19 16:47:24,212 [RatisPipelineUtilsThread] ERROR pipeline.PipelinePlacementPolicy (PipelinePlacementPolicy.java:meetCriteria(91)) - Pipeline Placement: Doesn't meet the criteria to be viable node. Heaviness: 6
2019-09-19 16:47:24,218 [grpc-default-executor-0] INFO  impl.RaftServerProxy (RaftServerProxy.java:addNew(89)) - 0160fd49-54d3-4cfd-b1ef-90ca4fe52f57: addNew group-81CF8D0CE298:[0160fd49-54d3-4cfd-b1ef-90ca4fe52f57:192.168.157.226:45929] returns group-81CF8D0CE298:java.util.concurrent.CompletableFuture@34e91b17[Not completed]
2019-09-19 16:47:24,219 [pool-314-thread-1] INFO  impl.RaftServerImpl (RaftServerImpl.java:<init>(93)) - 0160fd49-54d3-4cfd-b1ef-90ca4fe52f57: new RaftServerImpl for group-81CF8D0CE298:[0160fd49-54d3-4cfd-b1ef-90ca4fe52f57:192.168.157.226:45929] with ContainerStateMachine:uninitialized
2019-09-19 16:47:24,219 [pool-314-thread-1] INFO  server.RaftServerConfigKeys (ConfUtils.java:logGet(43)) - raft.server.rpc.timeout.min = 5s (custom)
2019-09-19 16:47:24,219 [pool-314-thread-1] INFO  server.RaftServerConfigKeys (ConfUtils.java:logGet(43)) - raft.server.rpc.timeout.max = 5200ms (custom)
2019-09-19 16:47:24,220 [pool-314-thread-1] INFO  server.RaftServerConfigKeys (ConfUtils.java:logGet(43)) - raft.server.rpcslowness.timeout = 120s (custom)
2019-09-19 16:47:24,220 [pool-314-thread-1] INFO  server.RaftServerConfigKeys (ConfUtils.java:logGet(43)) - raft.server.sleep.deviation.threshold = 300 (default)
2019-09-19 16:47:24,220 [pool-314-thread-1] INFO  server.RaftServerConfigKeys (ConfUtils.java:logGet(43)) - raft.server.log.appender.install.snapshot.enabled = false (custom)
2019-09-19 16:47:24,220 [pool-314-thread-1] INFO  impl.RaftServerImpl (ServerState.java:<init>(105)) - 0160fd49-54d3-4cfd-b1ef-90ca4fe52f57:group-81CF8D0CE298 ConfigurationManager, init=-1: [0160fd49-54d3-4cfd-b1ef-90ca4fe52f57:192.168.157.226:45929], old=null, confs=<EMPTY_MAP>
2019-09-19 16:47:24,220 [pool-314-thread-1] INFO  server.RaftServerConfigKeys (ConfUtils.java:logGet(43)) - raft.server.storage.dir = [/workdir/hadoop-ozone/ozonefs/target/test-dir/MiniOzoneClusterImpl-220b86cd-4451-44e8-8e13-531534607eb8/datanode-2/data/ratis] (custom)
2019-09-19 16:47:24,220 [pool-314-thread-1] INFO  storage.RaftStorageDirectory (RaftStorageDirectory.java:analyzeStorage(246)) - The storage directory /workdir/hadoop-ozone/ozonefs/target/test-dir/MiniOzoneClusterImpl-220b86cd-4451-44e8-8e13-531534607eb8/datanode-2/data/ratis/e6a01d0d-9820-4daf-9f5a-81cf8d0ce298 does not exist. Creating ...
2019-09-19 16:47:24,288 [pool-314-thread-1] INFO  storage.RaftStorageDirectory (RaftStorageDirectory.java:tryLock(328)) - Lock on /workdir/hadoop-ozone/ozonefs/target/test-dir/MiniOzoneClusterImpl-220b86cd-4451-44e8-8e13-531534607eb8/datanode-2/data/ratis/e6a01d0d-9820-4daf-9f5a-81cf8d0ce298/in_use.lock acquired by nodename 32682@pr-hdds-1569-swxfz-3172132826
2019-09-19 16:47:24,301 [pool-314-thread-1] INFO  storage.RaftStorage (RaftStorage.java:format(72)) - Storage directory /workdir/hadoop-ozone/ozonefs/target/test-dir/MiniOzoneClusterImpl-220b86cd-4451-44e8-8e13-531534607eb8/datanode-2/data/ratis/e6a01d0d-9820-4daf-9f5a-81cf8d0ce298 has been successfully formatted.
2019-09-19 16:47:24,302 [pool-314-thread-1] INFO  ratis.ContainerStateMachine (ContainerStateMachine.java:loadSnapshot(226)) - group-81CF8D0CE298: The snapshot info is null. Setting the last applied indexto:(t:0, i:~)
2019-09-19 16:47:24,302 [pool-314-thread-1] INFO  server.RaftServerConfigKeys (ConfUtils.java:logGet(43)) - raft.server.leader.election.timeout = 120s (custom)
2019-09-19 16:47:24,302 [pool-314-thread-1] INFO  server.RaftServerConfigKeys (ConfUtils.java:logGet(43)) - raft.server.log.use.memory = false (default)
2019-09-19 16:47:24,302 [pool-314-thread-1] INFO  server.RaftServerConfigKeys (ConfUtils.java:logGet(43)) - raft.server.log.purge.gap = 1000000 (custom)
2019-09-19 16:47:24,303 [pool-314-thread-1] INFO  server.RaftServerConfigKeys (ConfUtils.java:logGet(43)) - raft.server.log.appender.buffer.byte-limit = 33554432 (custom)
2019-09-19 16:47:24,303 [pool-314-thread-1] INFO  server.RaftServerConfigKeys (ConfUtils.java:logGet(43)) - raft.server.log.segment.size.max = 1048576 (custom)
2019-09-19 16:47:24,303 [pool-314-thread-1] INFO  server.RaftServerConfigKeys (ConfUtils.java:logGet(43)) - raft.server.log.segment.cache.num.max = 2 (custom)
2019-09-19 16:47:24,303 [pool-314-thread-1] INFO  segmented.SegmentedRaftLogWorker (SegmentedRaftLogWorker.java:<init>(172)) - new 0160fd49-54d3-4cfd-b1ef-90ca4fe52f57-SegmentedRaftLogWorker:Storage Directory /workdir/hadoop-ozone/ozonefs/target/test-dir/MiniOzoneClusterImpl-220b86cd-4451-44e8-8e13-531534607eb8/datanode-2/data/ratis/e6a01d0d-9820-4daf-9f5a-81cf8d0ce298 for RaftStorage:Storage Directory /workdir/hadoop-ozone/ozonefs/target/test-dir/MiniOzoneClusterImpl-220b86cd-4451-44e8-8e13-531534607eb8/datanode-2/data/ratis/e6a01d0d-9820-4daf-9f5a-81cf8d0ce298
2019-09-19 16:47:24,303 [pool-314-thread-1] INFO  server.RaftServerConfigKeys (ConfUtils.java:logGet(43)) - raft.server.log.queue.byte-limit = 2147483647 (custom)
2019-09-19 16:47:24,304 [pool-314-thread-1] INFO  server.RaftServerConfigKeys (ConfUtils.java:logGet(43)) - raft.server.log.queue.element-limit = 1024 (custom)
2019-09-19 16:47:24,304 [pool-314-thread-1] INFO  server.RaftServerConfigKeys (ConfUtils.java:logGet(43)) - raft.server.log.segment.size.max = 1048576 (custom)
2019-09-19 16:47:24,304 [pool-314-thread-1] INFO  server.RaftServerConfigKeys (ConfUtils.java:logGet(43)) - raft.server.log.preallocated.size = 16384 (custom)
2019-09-19 16:47:24,304 [pool-314-thread-1] INFO  server.RaftServerConfigKeys (ConfUtils.java:logGet(43)) - raft.server.log.write.buffer.size = 33554432 (custom)
2019-09-19 16:47:24,304 [pool-314-thread-1] INFO  server.RaftServerConfigKeys (ConfUtils.java:logGet(43)) - raft.server.log.force.sync.num = 128 (default)
2019-09-19 16:47:24,305 [pool-314-thread-1] INFO  server.RaftServerConfigKeys (ConfUtils.java:logGet(43)) - raft.server.log.statemachine.data.sync = true (default)
2019-09-19 16:47:24,305 [pool-314-thread-1] INFO  server.RaftServerConfigKeys (ConfUtils.java:logGet(43)) - raft.server.log.statemachine.data.sync.timeout = 10s (default)
2019-09-19 16:47:24,305 [pool-314-thread-1] INFO  server.RaftServerConfigKeys (ConfUtils.java:logGet(43)) - raft.server.log.statemachine.data.sync.timeout.retry = -1 (default)
2019-09-19 16:47:24,305 [pool-314-thread-1] INFO  server.RaftServerConfigKeys (ConfUtils.java:logGet(43)) - raft.server.log.statemachine.data.caching.enabled = true (custom)
2019-09-19 16:47:24,306 [pool-314-thread-1] INFO  segmented.SegmentedRaftLogWorker (SegmentedRaftLogWorker.java:lambda$new$0(132)) - 0160fd49-54d3-4cfd-b1ef-90ca4fe52f57-SegmentedRaftLogWorker:Storage Directory /workdir/hadoop-ozone/ozonefs/target/test-dir/MiniOzoneClusterImpl-220b86cd-4451-44e8-8e13-531534607eb8/datanode-2/data/ratis/e6a01d0d-9820-4daf-9f5a-81cf8d0ce298: flushIndex: setUnconditionally 0 -> -1
2019-09-19 16:47:24,306 [pool-314-thread-1] INFO  server.RaftServerConfigKeys (ConfUtils.java:logGet(43)) - raft.server.snapshot.auto.trigger.enabled = true (custom)
2019-09-19 16:47:24,306 [pool-314-thread-1] INFO  server.RaftServerConfigKeys (ConfUtils.java:logGet(43)) - raft.server.snapshot.auto.trigger.threshold = 10000 (custom)
2019-09-19 16:47:24,306 [pool-314-thread-1] INFO  server.RaftServerConfigKeys (ConfUtils.java:logGet(43)) - raft.server.retrycache.expirytime = 600000ms (custom)
2019-09-19 16:47:24,307 [pool-314-thread-1] INFO  impl.RaftServerImpl (RaftServerImpl.java:start(180)) - 0160fd49-54d3-4cfd-b1ef-90ca4fe52f57: start group-81CF8D0CE298
2019-09-19 16:47:24,307 [pool-314-thread-1] INFO  impl.RaftServerImpl (RaftServerImpl.java:setRole(171)) - 0160fd49-54d3-4cfd-b1ef-90ca4fe52f57:group-81CF8D0CE298 changes role from null to FOLLOWER at term 0 for startAsFollower
2019-09-19 16:47:24,307 [pool-314-thread-1] INFO  impl.RoleInfo (RoleInfo.java:updateAndGet(143)) - 0160fd49-54d3-4cfd-b1ef-90ca4fe52f57: start FollowerState
2019-09-19 16:47:24,308 [pool-314-thread-1] INFO  util.JmxRegister (JmxRegister.java:tryRegister(44)) - Successfully registered JMX Bean with object name Ratis:service=RaftServer,group=group-81CF8D0CE298,id=0160fd49-54d3-4cfd-b1ef-90ca4fe52f57
2019-09-19 16:47:24,311 [RatisPipelineUtilsThread] INFO  pipeline.PipelineStateManager (PipelineStateManager.java:addPipeline(56)) - Created pipeline Pipeline[ Id: e6a01d0d-9820-4daf-9f5a-81cf8d0ce298, Nodes: 0160fd49-54d3-4cfd-b1ef-90ca4fe52f57{ip: 192.168.157.226, host: pr-hdds-1569-swxfz-3172132826, networkLocation: /default-rack, certSerialId: null}, Type:RATIS, Factor:ONE, State:OPEN]
2019-09-19 16:47:24,312 [RatisPipelineUtilsThread] ERROR pipeline.PipelinePlacementPolicy (PipelinePlacementPolicy.java:meetCriteria(91)) - Pipeline Placement: Doesn't meet the criteria to be viable node. Heaviness: 6
2019-09-19 16:47:24,312 [RatisPipelineUtilsThread] ERROR pipeline.PipelinePlacementPolicy (PipelinePlacementPolicy.java:meetCriteria(91)) - Pipeline Placement: Doesn't meet the criteria to be viable node. Heaviness: 6
2019-09-19 16:47:24,318 [grpc-default-executor-0] INFO  impl.RaftServerProxy (RaftServerProxy.java:addNew(89)) - 0160fd49-54d3-4cfd-b1ef-90ca4fe52f57: addNew group-D352D0D89050:[0160fd49-54d3-4cfd-b1ef-90ca4fe52f57:192.168.157.226:45929] returns group-D352D0D89050:java.util.concurrent.CompletableFuture@1214c429[Not completed]
2019-09-19 16:47:24,320 [pool-314-thread-1] INFO  impl.RaftServerImpl (RaftServerImpl.java:<init>(93)) - 0160fd49-54d3-4cfd-b1ef-90ca4fe52f57: new RaftServerImpl for group-D352D0D89050:[0160fd49-54d3-4cfd-b1ef-90ca4fe52f57:192.168.157.226:45929] with ContainerStateMachine:uninitialized
2019-09-19 16:47:24,320 [pool-314-thread-1] INFO  server.RaftServerConfigKeys (ConfUtils.java:logGet(43)) - raft.server.rpc.timeout.min = 5s (custom)
2019-09-19 16:47:24,320 [pool-314-thread-1] INFO  server.RaftServerConfigKeys (ConfUtils.java:logGet(43)) - raft.server.rpc.timeout.max = 5200ms (custom)
2019-09-19 16:47:24,320 [pool-314-thread-1] INFO  server.RaftServerConfigKeys (ConfUtils.java:logGet(43)) - raft.server.rpcslowness.timeout = 120s (custom)
2019-09-19 16:47:24,321 [pool-314-thread-1] INFO  server.RaftServerConfigKeys (ConfUtils.java:logGet(43)) - raft.server.sleep.deviation.threshold = 300 (default)
2019-09-19 16:47:24,321 [pool-314-thread-1] INFO  server.RaftServerConfigKeys (ConfUtils.java:logGet(43)) - raft.server.log.appender.install.snapshot.enabled = false (custom)
2019-09-19 16:47:24,321 [pool-314-thread-1] INFO  impl.RaftServerImpl (ServerState.java:<init>(105)) - 0160fd49-54d3-4cfd-b1ef-90ca4fe52f57:group-D352D0D89050 ConfigurationManager, init=-1: [0160fd49-54d3-4cfd-b1ef-90ca4fe52f57:192.168.157.226:45929], old=null, confs=<EMPTY_MAP>
2019-09-19 16:47:24,321 [pool-314-thread-1] INFO  server.RaftServerConfigKeys (ConfUtils.java:logGet(43)) - raft.server.storage.dir = [/workdir/hadoop-ozone/ozonefs/target/test-dir/MiniOzoneClusterImpl-220b86cd-4451-44e8-8e13-531534607eb8/datanode-2/data/ratis] (custom)
2019-09-19 16:47:24,322 [pool-314-thread-1] INFO  storage.RaftStorageDirectory (RaftStorageDirectory.java:analyzeStorage(246)) - The storage directory /workdir/hadoop-ozone/ozonefs/target/test-dir/MiniOzoneClusterImpl-220b86cd-4451-44e8-8e13-531534607eb8/datanode-2/data/ratis/61a4888e-d2d9-4049-a499-d352d0d89050 does not exist. Creating ...
2019-09-19 16:47:24,342 [pool-314-thread-1] INFO  storage.RaftStorageDirectory (RaftStorageDirectory.java:tryLock(328)) - Lock on /workdir/hadoop-ozone/ozonefs/target/test-dir/MiniOzoneClusterImpl-220b86cd-4451-44e8-8e13-531534607eb8/datanode-2/data/ratis/61a4888e-d2d9-4049-a499-d352d0d89050/in_use.lock acquired by nodename 32682@pr-hdds-1569-swxfz-3172132826
2019-09-19 16:47:24,358 [pool-314-thread-1] INFO  storage.RaftStorage (RaftStorage.java:format(72)) - Storage directory /workdir/hadoop-ozone/ozonefs/target/test-dir/MiniOzoneClusterImpl-220b86cd-4451-44e8-8e13-531534607eb8/datanode-2/data/ratis/61a4888e-d2d9-4049-a499-d352d0d89050 has been successfully formatted.
2019-09-19 16:47:24,358 [pool-314-thread-1] INFO  ratis.ContainerStateMachine (ContainerStateMachine.java:loadSnapshot(226)) - group-D352D0D89050: The snapshot info is null. Setting the last applied indexto:(t:0, i:~)
2019-09-19 16:47:24,358 [pool-314-thread-1] INFO  server.RaftServerConfigKeys (ConfUtils.java:logGet(43)) - raft.server.leader.election.timeout = 120s (custom)
2019-09-19 16:47:24,358 [pool-314-thread-1] INFO  server.RaftServerConfigKeys (ConfUtils.java:logGet(43)) - raft.server.log.use.memory = false (default)
2019-09-19 16:47:24,358 [pool-314-thread-1] INFO  server.RaftServerConfigKeys (ConfUtils.java:logGet(43)) - raft.server.log.purge.gap = 1000000 (custom)
2019-09-19 16:47:24,359 [pool-314-thread-1] INFO  server.RaftServerConfigKeys (ConfUtils.java:logGet(43)) - raft.server.log.appender.buffer.byte-limit = 33554432 (custom)
2019-09-19 16:47:24,359 [pool-314-thread-1] INFO  server.RaftServerConfigKeys (ConfUtils.java:logGet(43)) - raft.server.log.segment.size.max = 1048576 (custom)
2019-09-19 16:47:24,359 [pool-314-thread-1] INFO  server.RaftServerConfigKeys (ConfUtils.java:logGet(43)) - raft.server.log.segment.cache.num.max = 2 (custom)
2019-09-19 16:47:24,359 [pool-314-thread-1] INFO  segmented.SegmentedRaftLogWorker (SegmentedRaftLogWorker.java:<init>(172)) - new 0160fd49-54d3-4cfd-b1ef-90ca4fe52f57-SegmentedRaftLogWorker:Storage Directory /workdir/hadoop-ozone/ozonefs/target/test-dir/MiniOzoneClusterImpl-220b86cd-4451-44e8-8e13-531534607eb8/datanode-2/data/ratis/61a4888e-d2d9-4049-a499-d352d0d89050 for RaftStorage:Storage Directory /workdir/hadoop-ozone/ozonefs/target/test-dir/MiniOzoneClusterImpl-220b86cd-4451-44e8-8e13-531534607eb8/datanode-2/data/ratis/61a4888e-d2d9-4049-a499-d352d0d89050
2019-09-19 16:47:24,359 [pool-314-thread-1] INFO  server.RaftServerConfigKeys (ConfUtils.java:logGet(43)) - raft.server.log.queue.byte-limit = 2147483647 (custom)
2019-09-19 16:47:24,359 [pool-314-thread-1] INFO  server.RaftServerConfigKeys (ConfUtils.java:logGet(43)) - raft.server.log.queue.element-limit = 1024 (custom)
2019-09-19 16:47:24,359 [pool-314-thread-1] INFO  server.RaftServerConfigKeys (ConfUtils.java:logGet(43)) - raft.server.log.segment.size.max = 1048576 (custom)
2019-09-19 16:47:24,360 [pool-314-thread-1] INFO  server.RaftServerConfigKeys (ConfUtils.java:logGet(43)) - raft.server.log.preallocated.size = 16384 (custom)
2019-09-19 16:47:24,360 [pool-314-thread-1] INFO  server.RaftServerConfigKeys (ConfUtils.java:logGet(43)) - raft.server.log.write.buffer.size = 33554432 (custom)
2019-09-19 16:47:24,360 [pool-314-thread-1] INFO  server.RaftServerConfigKeys (ConfUtils.java:logGet(43)) - raft.server.log.force.sync.num = 128 (default)
2019-09-19 16:47:24,360 [pool-314-thread-1] INFO  server.RaftServerConfigKeys (ConfUtils.java:logGet(43)) - raft.server.log.statemachine.data.sync = true (default)
2019-09-19 16:47:24,360 [pool-314-thread-1] INFO  server.RaftServerConfigKeys (ConfUtils.java:logGet(43)) - raft.server.log.statemachine.data.sync.timeout = 10s (default)
2019-09-19 16:47:24,360 [pool-314-thread-1] INFO  server.RaftServerConfigKeys (ConfUtils.java:logGet(43)) - raft.server.log.statemachine.data.sync.timeout.retry = -1 (default)
2019-09-19 16:47:24,361 [pool-314-thread-1] INFO  server.RaftServerConfigKeys (ConfUtils.java:logGet(43)) - raft.server.log.statemachine.data.caching.enabled = true (custom)
2019-09-19 16:47:24,361 [pool-314-thread-1] INFO  segmented.SegmentedRaftLogWorker (SegmentedRaftLogWorker.java:lambda$new$0(132)) - 0160fd49-54d3-4cfd-b1ef-90ca4fe52f57-SegmentedRaftLogWorker:Storage Directory /workdir/hadoop-ozone/ozonefs/target/test-dir/MiniOzoneClusterImpl-220b86cd-4451-44e8-8e13-531534607eb8/datanode-2/data/ratis/61a4888e-d2d9-4049-a499-d352d0d89050: flushIndex: setUnconditionally 0 -> -1
2019-09-19 16:47:24,361 [pool-314-thread-1] INFO  server.RaftServerConfigKeys (ConfUtils.java:logGet(43)) - raft.server.snapshot.auto.trigger.enabled = true (custom)
2019-09-19 16:47:24,362 [pool-314-thread-1] INFO  server.RaftServerConfigKeys (ConfUtils.java:logGet(43)) - raft.server.snapshot.auto.trigger.threshold = 10000 (custom)
2019-09-19 16:47:24,362 [pool-314-thread-1] INFO  server.RaftServerConfigKeys (ConfUtils.java:logGet(43)) - raft.server.retrycache.expirytime = 600000ms (custom)
2019-09-19 16:47:24,362 [pool-314-thread-1] INFO  impl.RaftServerImpl (RaftServerImpl.java:start(180)) - 0160fd49-54d3-4cfd-b1ef-90ca4fe52f57: start group-D352D0D89050
2019-09-19 16:47:24,362 [pool-314-thread-1] INFO  impl.RaftServerImpl (RaftServerImpl.java:setRole(171)) - 0160fd49-54d3-4cfd-b1ef-90ca4fe52f57:group-D352D0D89050 changes role from null to FOLLOWER at term 0 for startAsFollower
2019-09-19 16:47:24,362 [pool-314-thread-1] INFO  impl.RoleInfo (RoleInfo.java:updateAndGet(143)) - 0160fd49-54d3-4cfd-b1ef-90ca4fe52f57: start FollowerState
2019-09-19 16:47:24,363 [pool-314-thread-1] INFO  util.JmxRegister (JmxRegister.java:tryRegister(44)) - Successfully registered JMX Bean with object name Ratis:service=RaftServer,group=group-D352D0D89050,id=0160fd49-54d3-4cfd-b1ef-90ca4fe52f57
2019-09-19 16:47:24,365 [RatisPipelineUtilsThread] INFO  pipeline.PipelineStateManager (PipelineStateManager.java:addPipeline(56)) - Created pipeline Pipeline[ Id: 61a4888e-d2d9-4049-a499-d352d0d89050, Nodes: 0160fd49-54d3-4cfd-b1ef-90ca4fe52f57{ip: 192.168.157.226, host: pr-hdds-1569-swxfz-3172132826, networkLocation: /default-rack, certSerialId: null}, Type:RATIS, Factor:ONE, State:OPEN]
2019-09-19 16:47:24,366 [RatisPipelineUtilsThread] ERROR pipeline.PipelinePlacementPolicy (PipelinePlacementPolicy.java:meetCriteria(91)) - Pipeline Placement: Doesn't meet the criteria to be viable node. Heaviness: 6
2019-09-19 16:47:24,366 [RatisPipelineUtilsThread] ERROR pipeline.PipelinePlacementPolicy (PipelinePlacementPolicy.java:meetCriteria(91)) - Pipeline Placement: Doesn't meet the criteria to be viable node. Heaviness: 6
2019-09-19 16:47:24,366 [RatisPipelineUtilsThread] ERROR pipeline.PipelinePlacementPolicy (PipelinePlacementPolicy.java:meetCriteria(91)) - Pipeline Placement: Doesn't meet the criteria to be viable node. Heaviness: 6
2019-09-19 16:47:24,366 [RatisPipelineUtilsThread] ERROR pipeline.PipelinePlacementPolicy (PipelinePlacementPolicy.java:filterViableNodes(146)) - Unable to find enough nodes that meet the criteria that cannot engage in more than 5 pipelines. Nodes required: 1 Found: 0, healthy nodes count inNodeManager: 3.
2019-09-19 16:47:24,367 [RatisPipelineUtilsThread] ERROR pipeline.SCMPipelineManager (SCMPipelineManager.java:createPipeline(161)) - Pipeline creation failed due to exception: Unable to find enough nodes that meet the criteria that cannot engage in more than 5 pipelines. Nodes required: 1 Found: 0, healthy nodes count inNodeManager: 3.
2019-09-19 16:47:24,367 [RatisPipelineUtilsThread] ERROR pipeline.PipelinePlacementPolicy (PipelinePlacementPolicy.java:meetCriteria(91)) - Pipeline Placement: Doesn't meet the criteria to be viable node. Heaviness: 6
2019-09-19 16:47:24,367 [RatisPipelineUtilsThread] ERROR pipeline.PipelinePlacementPolicy (PipelinePlacementPolicy.java:meetCriteria(91)) - Pipeline Placement: Doesn't meet the criteria to be viable node. Heaviness: 6
2019-09-19 16:47:24,367 [RatisPipelineUtilsThread] ERROR pipeline.PipelinePlacementPolicy (PipelinePlacementPolicy.java:meetCriteria(91)) - Pipeline Placement: Doesn't meet the criteria to be viable node. Heaviness: 6
2019-09-19 16:47:24,367 [RatisPipelineUtilsThread] ERROR pipeline.PipelinePlacementPolicy (PipelinePlacementPolicy.java:filterViableNodes(146)) - Unable to find enough nodes that meet the criteria that cannot engage in more than 5 pipelines. Nodes required: 3 Found: 0, healthy nodes count inNodeManager: 3.
2019-09-19 16:47:24,368 [RatisPipelineUtilsThread] ERROR pipeline.SCMPipelineManager (SCMPipelineManager.java:createPipeline(161)) - Pipeline creation failed due to exception: Unable to find enough nodes that meet the criteria that cannot engage in more than 5 pipelines. Nodes required: 3 Found: 0, healthy nodes count inNodeManager: 3.
2019-09-19 16:47:24,368 [RatisPipelineUtilsThread] ERROR pipeline.PipelinePlacementPolicy (PipelinePlacementPolicy.java:meetCriteria(91)) - Pipeline Placement: Doesn't meet the criteria to be viable node. Heaviness: 6
2019-09-19 16:47:24,368 [RatisPipelineUtilsThread] ERROR pipeline.PipelinePlacementPolicy (PipelinePlacementPolicy.java:meetCriteria(91)) - Pipeline Placement: Doesn't meet the criteria to be viable node. Heaviness: 6
2019-09-19 16:47:24,368 [RatisPipelineUtilsThread] ERROR pipeline.PipelinePlacementPolicy (PipelinePlacementPolicy.java:meetCriteria(91)) - Pipeline Placement: Doesn't meet the criteria to be viable node. Heaviness: 6
2019-09-19 16:47:24,369 [RatisPipelineUtilsThread] ERROR pipeline.PipelinePlacementPolicy (PipelinePlacementPolicy.java:filterViableNodes(146)) - Unable to find enough nodes that meet the criteria that cannot engage in more than 5 pipelines. Nodes required: 1 Found: 0, healthy nodes count inNodeManager: 3.
2019-09-19 16:47:24,369 [RatisPipelineUtilsThread] ERROR pipeline.SCMPipelineManager (SCMPipelineManager.java:createPipeline(161)) - Pipeline creation failed due to exception: Unable to find enough nodes that meet the criteria that cannot engage in more than 5 pipelines. Nodes required: 1 Found: 0, healthy nodes count inNodeManager: 3.
2019-09-19 16:47:24,369 [RatisPipelineUtilsThread] ERROR pipeline.PipelinePlacementPolicy (PipelinePlacementPolicy.java:meetCriteria(91)) - Pipeline Placement: Doesn't meet the criteria to be viable node. Heaviness: 6
2019-09-19 16:47:24,369 [RatisPipelineUtilsThread] ERROR pipeline.PipelinePlacementPolicy (PipelinePlacementPolicy.java:meetCriteria(91)) - Pipeline Placement: Doesn't meet the criteria to be viable node. Heaviness: 6
2019-09-19 16:47:24,369 [RatisPipelineUtilsThread] ERROR pipeline.PipelinePlacementPolicy (PipelinePlacementPolicy.java:meetCriteria(91)) - Pipeline Placement: Doesn't meet the criteria to be viable node. Heaviness: 6
2019-09-19 16:47:24,370 [RatisPipelineUtilsThread] ERROR pipeline.PipelinePlacementPolicy (PipelinePlacementPolicy.java:filterViableNodes(146)) - Unable to find enough nodes that meet the criteria that cannot engage in more than 5 pipelines. Nodes required: 3 Found: 0, healthy nodes count inNodeManager: 3.
2019-09-19 16:47:24,370 [RatisPipelineUtilsThread] ERROR pipeline.SCMPipelineManager (SCMPipelineManager.java:createPipeline(161)) - Pipeline creation failed due to exception: Unable to find enough nodes that meet the criteria that cannot engage in more than 5 pipelines. Nodes required: 3 Found: 0, healthy nodes count inNodeManager: 3.
2019-09-19 16:47:24,827 [Thread-1328] INFO  ozone.MiniOzoneClusterImpl (MiniOzoneClusterImpl.java:lambda$waitForClusterToBeReady$0(142)) - Cluster is ready. Got 3 of 3 DN Heartbeats.
2019-09-19 16:47:24,980 | INFO  | OMAudit | user=jenkins1000 | ip=127.0.0.1 | op=CREATE_VOLUME {admin=admin64358, owner=user10967, volume=volume27642, creationTime=1568911644979, quotaInBytes=1152921504606846976} | ret=SUCCESS |  
2019-09-19 16:47:24,990 | INFO  | OMAudit | user=jenkins1000 | ip=127.0.0.1 | op=CREATE_BUCKET {volume=volume27642, bucket=bucket81850, acls=[], isVersionEnabled=false, storageType=DISK, creationTime=0} | ret=SUCCESS |  
2019-09-19 16:47:25,014 | INFO  | OMAudit | user=jenkins1000 | ip=127.0.0.1 | op=READ_VOLUME {volume=volume27642} | ret=SUCCESS |  
2019-09-19 16:47:25,016 | INFO  | OMAudit | user=jenkins1000 | ip=127.0.0.1 | op=READ_BUCKET {volume=volume27642, bucket=bucket81850} | ret=SUCCESS |  
2019-09-19 16:47:25,043 [IPC Server handler 2 on 34207] ERROR pipeline.PipelinePlacementPolicy (PipelinePlacementPolicy.java:meetCriteria(91)) - Pipeline Placement: Doesn't meet the criteria to be viable node. Heaviness: 6
2019-09-19 16:47:25,043 [IPC Server handler 2 on 34207] ERROR pipeline.PipelinePlacementPolicy (PipelinePlacementPolicy.java:meetCriteria(91)) - Pipeline Placement: Doesn't meet the criteria to be viable node. Heaviness: 6
2019-09-19 16:47:25,044 [IPC Server handler 2 on 34207] ERROR pipeline.PipelinePlacementPolicy (PipelinePlacementPolicy.java:meetCriteria(91)) - Pipeline Placement: Doesn't meet the criteria to be viable node. Heaviness: 6
2019-09-19 16:47:25,044 [IPC Server handler 2 on 34207] ERROR pipeline.PipelinePlacementPolicy (PipelinePlacementPolicy.java:filterViableNodes(146)) - Unable to find enough nodes that meet the criteria that cannot engage in more than 5 pipelines. Nodes required: 3 Found: 0, healthy nodes count inNodeManager: 3.
2019-09-19 16:47:25,044 [IPC Server handler 2 on 34207] ERROR pipeline.SCMPipelineManager (SCMPipelineManager.java:createPipeline(161)) - Pipeline creation failed due to exception: Unable to find enough nodes that meet the criteria that cannot engage in more than 5 pipelines. Nodes required: 3 Found: 0, healthy nodes count inNodeManager: 3.
2019-09-19 16:47:25,044 [IPC Server handler 2 on 34207] WARN  block.BlockManagerImpl (BlockManagerImpl.java:allocateBlock(192)) - Pipeline creation failed for type:RATIS factor:THREE. Retrying get pipelines call once.
org.apache.hadoop.hdds.scm.exceptions.SCMException: Unable to find enough nodes that meet the criteria that cannot engage in more than 5 pipelines. Nodes required: 3 Found: 0, healthy nodes count inNodeManager: 3.
	at org.apache.hadoop.hdds.scm.pipeline.PipelinePlacementPolicy.filterViableNodes(PipelinePlacementPolicy.java:147)
	at org.apache.hadoop.hdds.scm.pipeline.PipelinePlacementPolicy.chooseDatanodes(PipelinePlacementPolicy.java:170)
	at org.apache.hadoop.hdds.scm.pipeline.RatisPipelineProvider.create(RatisPipelineProvider.java:92)
	at org.apache.hadoop.hdds.scm.pipeline.PipelineFactory.create(PipelineFactory.java:57)
	at org.apache.hadoop.hdds.scm.pipeline.SCMPipelineManager.createPipeline(SCMPipelineManager.java:149)
	at org.apache.hadoop.hdds.scm.block.BlockManagerImpl.allocateBlock(BlockManagerImpl.java:190)
	at org.apache.hadoop.hdds.scm.server.SCMBlockProtocolServer.allocateBlock(SCMBlockProtocolServer.java:175)
	at org.apache.hadoop.ozone.protocolPB.ScmBlockLocationProtocolServerSideTranslatorPB.allocateScmBlock(ScmBlockLocationProtocolServerSideTranslatorPB.java:153)
	at org.apache.hadoop.ozone.protocolPB.ScmBlockLocationProtocolServerSideTranslatorPB.send(ScmBlockLocationProtocolServerSideTranslatorPB.java:112)
	at org.apache.hadoop.hdds.protocol.proto.ScmBlockLocationProtocolProtos$ScmBlockLocationProtocolService$2.callBlockingMethod(ScmBlockLocationProtocolProtos.java:13157)
	at org.apache.hadoop.ipc.ProtobufRpcEngine$Server$ProtoBufRpcInvoker.call(ProtobufRpcEngine.java:524)
	at org.apache.hadoop.ipc.RPC$Server.call(RPC.java:1025)
	at org.apache.hadoop.ipc.Server$RpcCall.run(Server.java:876)
	at org.apache.hadoop.ipc.Server$RpcCall.run(Server.java:822)
	at java.security.AccessController.doPrivileged(Native Method)
	at javax.security.auth.Subject.doAs(Subject.java:422)
	at org.apache.hadoop.security.UserGroupInformation.doAs(UserGroupInformation.java:1730)
	at org.apache.hadoop.ipc.Server$Handler.run(Server.java:2682)
2019-09-19 16:47:25,045 [IPC Server handler 2 on 34207] INFO  block.BlockManagerImpl (BlockManagerImpl.java:allocateBlock(198)) - Could not find available pipeline of type:RATIS and factor:THREE even after retrying
2019-09-19 16:47:25,045 [IPC Server handler 2 on 34207] ERROR block.BlockManagerImpl (BlockManagerImpl.java:allocateBlock(222)) - Unable to allocate a block for the size: 4194304, type: RATIS, factor: THREE
2019-09-19 16:47:25,045 | INFO  | SCMAudit | user=jenkins1000 | ip=192.168.157.226 | op=ALLOCATE_BLOCK {owner=6dfcb763-6461-46d3-b7f3-92b384eec6cd, size=4194304, type=RATIS, factor=THREE} | ret=SUCCESS |  
2019-09-19 16:47:25,048 | ERROR | OMAudit | user=jenkins1000 | ip=127.0.0.1 | op=CREATE_FILE {volume=volume27642, bucket=bucket81850, key=testDeleteCreatesFakeParentDir/parent/child, dataSize=0, replicationType=RATIS, replicationFactor=THREE, keyLocationInfo=null} | ret=FAILURE | org.apache.hadoop.hdds.scm.exceptions.SCMException: Allocated 0 blocks. Requested 1 blocks
	at org.apache.hadoop.hdds.scm.protocolPB.ScmBlockLocationProtocolClientSideTranslatorPB.handleError(ScmBlockLocationProtocolClientSideTranslatorPB.java:118)
	at org.apache.hadoop.hdds.scm.protocolPB.ScmBlockLocationProtocolClientSideTranslatorPB.allocateBlock(ScmBlockLocationProtocolClientSideTranslatorPB.java:156) 
2019-09-19 16:47:25,051 [Thread-1328] INFO  ozone.MiniOzoneClusterImpl (MiniOzoneClusterImpl.java:shutdown(321)) - Shutting down the Mini Ozone Cluster
2019-09-19 16:47:25,052 | INFO  | SCMAudit | user=null | ip=null | op=GET_SCM_INFO null | ret=SUCCESS |  
2019-09-19 16:47:25,052 [Thread-1328] INFO  ozone.MiniOzoneClusterImpl (MiniOzoneClusterImpl.java:stop(336)) - Stopping the Mini Ozone Cluster
2019-09-19 16:47:25,052 [Thread-1328] INFO  ozone.MiniOzoneClusterImpl (MiniOzoneClusterImpl.java:stop(338)) - Stopping the OzoneManager
2019-09-19 16:47:25,052 [Thread-1328] INFO  ipc.Server (Server.java:stop(3082)) - Stopping server on 40826
2019-09-19 16:47:25,056 [IPC Server listener on 40826] INFO  ipc.Server (Server.java:run(1185)) - Stopping IPC Server listener on 40826
2019-09-19 16:47:25,056 [Thread-1328] INFO  ratis.OzoneManagerDoubleBuffer (OzoneManagerDoubleBuffer.java:stop(248)) - Stopping OMDoubleBuffer flush thread
2019-09-19 16:47:25,056 [IPC Server Responder] INFO  ipc.Server (Server.java:run(1319)) - Stopping IPC Server Responder
2019-09-19 16:47:25,059 [OMDoubleBufferFlushThread] INFO  ratis.OzoneManagerDoubleBuffer (OzoneManagerDoubleBuffer.java:flushTransactions(191)) - OMDoubleBuffer flush thread OMDoubleBufferFlushThread is interrupted and will exit. OMDoubleBufferFlushThread
2019-09-19 16:47:25,059 [Thread-1328] INFO  utils.BackgroundService (BackgroundService.java:shutdown(148)) - Shutting down service KeyDeletingService
2019-09-19 16:47:25,062 [Thread-1328] INFO  handler.ContextHandler (ContextHandler.java:doStop(910)) - Stopped o.e.j.w.WebAppContext@5ae1ad91{/,null,UNAVAILABLE}{/ozoneManager}
2019-09-19 16:47:25,063 [Thread-1328] INFO  server.AbstractConnector (AbstractConnector.java:doStop(318)) - Stopped ServerConnector@6a59f3b9{HTTP/1.1,[http/1.1]}{0.0.0.0:0}
2019-09-19 16:47:25,063 [Thread-1328] INFO  handler.ContextHandler (ContextHandler.java:doStop(910)) - Stopped o.e.j.s.ServletContextHandler@10f6d81b{/static,jar:file:/home/user/.m2/repository/org/apache/hadoop/hadoop-ozone-ozone-manager/0.5.0-SNAPSHOT/hadoop-ozone-ozone-manager-0.5.0-SNAPSHOT.jar!/webapps/static,UNAVAILABLE}
2019-09-19 16:47:25,063 [Thread-1328] INFO  handler.ContextHandler (ContextHandler.java:doStop(910)) - Stopped o.e.j.s.ServletContextHandler@725e6c19{/logs,file:///workdir/hadoop-ozone/ozonefs/target/log,UNAVAILABLE}
2019-09-19 16:47:25,066 [Thread-1328] INFO  ozone.MiniOzoneClusterImpl (MiniOzoneClusterImpl.java:stop(344)) - Shutting the HddsDatanodes
2019-09-19 16:47:25,066 [Thread-1328] INFO  datanode.ObjectStoreHandler (ObjectStoreHandler.java:close(155)) - Closing ObjectStoreHandler.
2019-09-19 16:47:25,067 [ForkJoinPool.commonPool-worker-1] INFO  datanode.ObjectStoreHandler (ObjectStoreHandler.java:close(155)) - Closing ObjectStoreHandler.
2019-09-19 16:47:25,067 [Thread-1328] INFO  ozone.HddsDatanodeService (HddsDatanodeService.java:stop(451)) - Stopped plug-in org.apache.hadoop.ozone.web.OzoneHddsDatanodeService@195177d3
2019-09-19 16:47:25,067 [ForkJoinPool.commonPool-worker-1] INFO  ozone.HddsDatanodeService (HddsDatanodeService.java:stop(451)) - Stopped plug-in org.apache.hadoop.ozone.web.OzoneHddsDatanodeService@1ed724ea
2019-09-19 16:47:25,434 [Datanode State Machine Thread - 0] INFO  statemachine.DatanodeStateMachine (DatanodeStateMachine.java:lambda$startDaemon$0(350)) - Ozone container server started.
2019-09-19 16:47:25,623 [Datanode State Machine Thread - 0] INFO  statemachine.DatanodeStateMachine (DatanodeStateMachine.java:lambda$startDaemon$0(350)) - Ozone container server started.
2019-09-19 16:47:25,829 | INFO  | SCMAudit | user=jenkins1000 | ip=192.168.157.226 | op=SEND_HEARTBEAT {datanodeUUID=0160fd49-54d3-4cfd-b1ef-90ca4fe52f57, command=[]} | ret=SUCCESS |  
2019-09-19 16:47:26,445 [Thread-1500] INFO  container.ReplicationManager (ReplicationManager.java:start(151)) - Starting Replication Monitor Thread.
2019-09-19 16:47:26,448 [ReplicationMonitor] INFO  container.ReplicationManager (ReplicationManager.java:run(214)) - Replication Monitor Thread took 0 milliseconds for processing 0 containers.
2019-09-19 16:47:26,829 | INFO  | SCMAudit | user=jenkins1000 | ip=192.168.157.226 | op=SEND_HEARTBEAT {datanodeUUID=0160fd49-54d3-4cfd-b1ef-90ca4fe52f57, command=[]} | ret=SUCCESS |  
2019-09-19 16:47:27,829 | INFO  | SCMAudit | user=jenkins1000 | ip=192.168.157.226 | op=SEND_HEARTBEAT {datanodeUUID=0160fd49-54d3-4cfd-b1ef-90ca4fe52f57, command=[]} | ret=SUCCESS |  
2019-09-19 16:47:28,504 [Thread-1502] INFO  impl.FollowerState (FollowerState.java:run(106)) - 825ae09a-0c9d-49c2-a438-cc08e7284827:group-A93AA0DDE73A changes to CANDIDATE, lastRpcTime:5006, electionTimeout:5006ms
2019-09-19 16:47:28,505 [Thread-1502] INFO  impl.RoleInfo (RoleInfo.java:shutdownFollowerState(121)) - 825ae09a-0c9d-49c2-a438-cc08e7284827: shutdown FollowerState
2019-09-19 16:47:28,505 [Thread-1502] INFO  impl.RaftServerImpl (RaftServerImpl.java:setRole(171)) - 825ae09a-0c9d-49c2-a438-cc08e7284827:group-A93AA0DDE73A changes role from FOLLOWER to CANDIDATE at term 0 for changeToCandidate
2019-09-19 16:47:28,505 [Thread-1502] INFO  impl.RoleInfo (RoleInfo.java:updateAndGet(143)) - 825ae09a-0c9d-49c2-a438-cc08e7284827: start LeaderElection
2019-09-19 16:47:28,535 [825ae09a-0c9d-49c2-a438-cc08e7284827:group-A93AA0DDE73A:LeaderElection86] INFO  impl.LeaderElection (LeaderElection.java:askForVotes(181)) - 825ae09a-0c9d-49c2-a438-cc08e7284827:group-A93AA0DDE73A:LeaderElection86: begin an election at term 1 for -1: [825ae09a-0c9d-49c2-a438-cc08e7284827:192.168.157.226:36158], old=null
2019-09-19 16:47:28,535 [825ae09a-0c9d-49c2-a438-cc08e7284827:group-A93AA0DDE73A:LeaderElection86] INFO  impl.RoleInfo (RoleInfo.java:shutdownLeaderElection(134)) - 825ae09a-0c9d-49c2-a438-cc08e7284827: shutdown LeaderElection
2019-09-19 16:47:28,535 [825ae09a-0c9d-49c2-a438-cc08e7284827:group-A93AA0DDE73A:LeaderElection86] INFO  impl.RaftServerImpl (RaftServerImpl.java:setRole(171)) - 825ae09a-0c9d-49c2-a438-cc08e7284827:group-A93AA0DDE73A changes role from CANDIDATE to LEADER at term 1 for changeToLeader
2019-09-19 16:47:28,535 [825ae09a-0c9d-49c2-a438-cc08e7284827:group-A93AA0DDE73A:LeaderElection86] INFO  impl.RaftServerImpl (ServerState.java:setLeader(263)) - 825ae09a-0c9d-49c2-a438-cc08e7284827:group-A93AA0DDE73A change Leader from null to 825ae09a-0c9d-49c2-a438-cc08e7284827 at term 1 for becomeLeader, leader elected after 5042ms
2019-09-19 16:47:28,535 [825ae09a-0c9d-49c2-a438-cc08e7284827:group-A93AA0DDE73A:LeaderElection86] INFO  server.RaftServerConfigKeys (ConfUtils.java:logGet(43)) - raft.server.staging.catchup.gap = 1000 (default)
2019-09-19 16:47:28,536 [825ae09a-0c9d-49c2-a438-cc08e7284827:group-A93AA0DDE73A:LeaderElection86] INFO  server.RaftServerConfigKeys (ConfUtils.java:logGet(43)) - raft.server.rpc.sleep.time = 25ms (default)
2019-09-19 16:47:28,536 [825ae09a-0c9d-49c2-a438-cc08e7284827:group-A93AA0DDE73A:LeaderElection86] INFO  server.RaftServerConfigKeys (ConfUtils.java:logGet(43)) - raft.server.write.element-limit = 4096 (default)
2019-09-19 16:47:28,536 [825ae09a-0c9d-49c2-a438-cc08e7284827:group-A93AA0DDE73A:LeaderElection86] INFO  server.RaftServerConfigKeys (ConfUtils.java:logGet(43)) - raft.server.watch.timeout = 10s (default)
2019-09-19 16:47:28,536 [825ae09a-0c9d-49c2-a438-cc08e7284827:group-A93AA0DDE73A:LeaderElection86] INFO  server.RaftServerConfigKeys (ConfUtils.java:logGet(43)) - raft.server.watch.timeout.denomination = 1s (default)
2019-09-19 16:47:28,536 [825ae09a-0c9d-49c2-a438-cc08e7284827:group-A93AA0DDE73A:LeaderElection86] INFO  server.RaftServerConfigKeys (ConfUtils.java:logGet(43)) - raft.server.watch.element-limit = 65536 (default)
2019-09-19 16:47:28,537 [825ae09a-0c9d-49c2-a438-cc08e7284827:group-A93AA0DDE73A:LeaderElection86] INFO  impl.RoleInfo (RoleInfo.java:updateAndGet(143)) - 825ae09a-0c9d-49c2-a438-cc08e7284827: start LeaderState
2019-09-19 16:47:28,537 [825ae09a-0c9d-49c2-a438-cc08e7284827:group-A93AA0DDE73A:LeaderElection86] INFO  segmented.SegmentedRaftLogWorker (SegmentedRaftLogWorker.java:startLogSegment(380)) - 825ae09a-0c9d-49c2-a438-cc08e7284827-SegmentedRaftLogWorker:Storage Directory /workdir/hadoop-ozone/ozonefs/target/test-dir/MiniOzoneClusterImpl-220b86cd-4451-44e8-8e13-531534607eb8/datanode-0/data/ratis/a9e41da9-6d7a-46c2-bb3b-a93aa0dde73a: Starting segment from index:0
2019-09-19 16:47:28,538 [825ae09a-0c9d-49c2-a438-cc08e7284827:group-A93AA0DDE73A:LeaderElection86] INFO  impl.RaftServerImpl (ServerState.java:setRaftConf(361)) - 825ae09a-0c9d-49c2-a438-cc08e7284827:group-A93AA0DDE73A set configuration 0: [825ae09a-0c9d-49c2-a438-cc08e7284827:192.168.157.226:36158], old=null at 0
2019-09-19 16:47:28,562 [Thread-1505] INFO  impl.FollowerState (FollowerState.java:run(106)) - 825ae09a-0c9d-49c2-a438-cc08e7284827:group-0496954F79FD changes to CANDIDATE, lastRpcTime:5014, electionTimeout:5014ms
2019-09-19 16:47:28,562 [Thread-1505] INFO  impl.RoleInfo (RoleInfo.java:shutdownFollowerState(121)) - 825ae09a-0c9d-49c2-a438-cc08e7284827: shutdown FollowerState
2019-09-19 16:47:28,562 [Thread-1505] INFO  impl.RaftServerImpl (RaftServerImpl.java:setRole(171)) - 825ae09a-0c9d-49c2-a438-cc08e7284827:group-0496954F79FD changes role from FOLLOWER to CANDIDATE at term 0 for changeToCandidate
2019-09-19 16:47:28,562 [Thread-1505] INFO  impl.RoleInfo (RoleInfo.java:updateAndGet(143)) - 825ae09a-0c9d-49c2-a438-cc08e7284827: start LeaderElection
2019-09-19 16:47:28,606 [825ae09a-0c9d-49c2-a438-cc08e7284827-SegmentedRaftLogWorker:Storage Directory /workdir/hadoop-ozone/ozonefs/target/test-dir/MiniOzoneClusterImpl-220b86cd-4451-44e8-8e13-531534607eb8/datanode-0/data/ratis/a9e41da9-6d7a-46c2-bb3b-a93aa0dde73a] INFO  segmented.SegmentedRaftLogWorker (SegmentedRaftLogWorker.java:execute(569)) - 825ae09a-0c9d-49c2-a438-cc08e7284827-SegmentedRaftLogWorker:Storage Directory /workdir/hadoop-ozone/ozonefs/target/test-dir/MiniOzoneClusterImpl-220b86cd-4451-44e8-8e13-531534607eb8/datanode-0/data/ratis/a9e41da9-6d7a-46c2-bb3b-a93aa0dde73a: created new log segment /workdir/hadoop-ozone/ozonefs/target/test-dir/MiniOzoneClusterImpl-220b86cd-4451-44e8-8e13-531534607eb8/datanode-0/data/ratis/a9e41da9-6d7a-46c2-bb3b-a93aa0dde73a/current/log_inprogress_0
2019-09-19 16:47:28,606 [825ae09a-0c9d-49c2-a438-cc08e7284827:group-0496954F79FD:LeaderElection87] INFO  impl.LeaderElection (LeaderElection.java:askForVotes(181)) - 825ae09a-0c9d-49c2-a438-cc08e7284827:group-0496954F79FD:LeaderElection87: begin an election at term 1 for -1: [825ae09a-0c9d-49c2-a438-cc08e7284827:192.168.157.226:36158], old=null
2019-09-19 16:47:28,606 [825ae09a-0c9d-49c2-a438-cc08e7284827:group-0496954F79FD:LeaderElection87] INFO  impl.RoleInfo (RoleInfo.java:shutdownLeaderElection(134)) - 825ae09a-0c9d-49c2-a438-cc08e7284827: shutdown LeaderElection
2019-09-19 16:47:28,606 [825ae09a-0c9d-49c2-a438-cc08e7284827:group-0496954F79FD:LeaderElection87] INFO  impl.RaftServerImpl (RaftServerImpl.java:setRole(171)) - 825ae09a-0c9d-49c2-a438-cc08e7284827:group-0496954F79FD changes role from CANDIDATE to LEADER at term 1 for changeToLeader
2019-09-19 16:47:28,606 [825ae09a-0c9d-49c2-a438-cc08e7284827:group-0496954F79FD:LeaderElection87] INFO  impl.RaftServerImpl (ServerState.java:setLeader(263)) - 825ae09a-0c9d-49c2-a438-cc08e7284827:group-0496954F79FD change Leader from null to 825ae09a-0c9d-49c2-a438-cc08e7284827 at term 1 for becomeLeader, leader elected after 5063ms
2019-09-19 16:47:28,607 [825ae09a-0c9d-49c2-a438-cc08e7284827:group-0496954F79FD:LeaderElection87] INFO  server.RaftServerConfigKeys (ConfUtils.java:logGet(43)) - raft.server.staging.catchup.gap = 1000 (default)
2019-09-19 16:47:28,607 [825ae09a-0c9d-49c2-a438-cc08e7284827:group-0496954F79FD:LeaderElection87] INFO  server.RaftServerConfigKeys (ConfUtils.java:logGet(43)) - raft.server.rpc.sleep.time = 25ms (default)
2019-09-19 16:47:28,607 [825ae09a-0c9d-49c2-a438-cc08e7284827:group-0496954F79FD:LeaderElection87] INFO  server.RaftServerConfigKeys (ConfUtils.java:logGet(43)) - raft.server.write.element-limit = 4096 (default)
2019-09-19 16:47:28,607 [825ae09a-0c9d-49c2-a438-cc08e7284827:group-0496954F79FD:LeaderElection87] INFO  server.RaftServerConfigKeys (ConfUtils.java:logGet(43)) - raft.server.watch.timeout = 10s (default)
2019-09-19 16:47:28,607 [825ae09a-0c9d-49c2-a438-cc08e7284827:group-0496954F79FD:LeaderElection87] INFO  server.RaftServerConfigKeys (ConfUtils.java:logGet(43)) - raft.server.watch.timeout.denomination = 1s (default)
2019-09-19 16:47:28,607 [825ae09a-0c9d-49c2-a438-cc08e7284827:group-0496954F79FD:LeaderElection87] INFO  server.RaftServerConfigKeys (ConfUtils.java:logGet(43)) - raft.server.watch.element-limit = 65536 (default)
2019-09-19 16:47:28,607 [825ae09a-0c9d-49c2-a438-cc08e7284827:group-0496954F79FD:LeaderElection87] INFO  impl.RoleInfo (RoleInfo.java:updateAndGet(143)) - 825ae09a-0c9d-49c2-a438-cc08e7284827: start LeaderState
2019-09-19 16:47:28,608 [825ae09a-0c9d-49c2-a438-cc08e7284827:group-0496954F79FD:LeaderElection87] INFO  segmented.SegmentedRaftLogWorker (SegmentedRaftLogWorker.java:startLogSegment(380)) - 825ae09a-0c9d-49c2-a438-cc08e7284827-SegmentedRaftLogWorker:Storage Directory /workdir/hadoop-ozone/ozonefs/target/test-dir/MiniOzoneClusterImpl-220b86cd-4451-44e8-8e13-531534607eb8/datanode-0/data/ratis/eb65ea17-9ddb-4877-8c18-0496954f79fd: Starting segment from index:0
2019-09-19 16:47:28,608 [825ae09a-0c9d-49c2-a438-cc08e7284827:group-0496954F79FD:LeaderElection87] INFO  impl.RaftServerImpl (ServerState.java:setRaftConf(361)) - 825ae09a-0c9d-49c2-a438-cc08e7284827:group-0496954F79FD set configuration 0: [825ae09a-0c9d-49c2-a438-cc08e7284827:192.168.157.226:36158], old=null at 0
2019-09-19 16:47:28,670 [825ae09a-0c9d-49c2-a438-cc08e7284827-SegmentedRaftLogWorker:Storage Directory /workdir/hadoop-ozone/ozonefs/target/test-dir/MiniOzoneClusterImpl-220b86cd-4451-44e8-8e13-531534607eb8/datanode-0/data/ratis/eb65ea17-9ddb-4877-8c18-0496954f79fd] INFO  segmented.SegmentedRaftLogWorker (SegmentedRaftLogWorker.java:execute(569)) - 825ae09a-0c9d-49c2-a438-cc08e7284827-SegmentedRaftLogWorker:Storage Directory /workdir/hadoop-ozone/ozonefs/target/test-dir/MiniOzoneClusterImpl-220b86cd-4451-44e8-8e13-531534607eb8/datanode-0/data/ratis/eb65ea17-9ddb-4877-8c18-0496954f79fd: created new log segment /workdir/hadoop-ozone/ozonefs/target/test-dir/MiniOzoneClusterImpl-220b86cd-4451-44e8-8e13-531534607eb8/datanode-0/data/ratis/eb65ea17-9ddb-4877-8c18-0496954f79fd/current/log_inprogress_0
2019-09-19 16:47:28,697 [Thread-1511] INFO  impl.FollowerState (FollowerState.java:run(106)) - 825ae09a-0c9d-49c2-a438-cc08e7284827:group-A70BE390B469 changes to CANDIDATE, lastRpcTime:5067, electionTimeout:5067ms
2019-09-19 16:47:28,698 [Thread-1511] INFO  impl.RoleInfo (RoleInfo.java:shutdownFollowerState(121)) - 825ae09a-0c9d-49c2-a438-cc08e7284827: shutdown FollowerState
2019-09-19 16:47:28,698 [Thread-1511] INFO  impl.RaftServerImpl (RaftServerImpl.java:setRole(171)) - 825ae09a-0c9d-49c2-a438-cc08e7284827:group-A70BE390B469 changes role from FOLLOWER to CANDIDATE at term 0 for changeToCandidate
2019-09-19 16:47:28,698 [Thread-1511] INFO  impl.RoleInfo (RoleInfo.java:updateAndGet(143)) - 825ae09a-0c9d-49c2-a438-cc08e7284827: start LeaderElection
2019-09-19 16:47:28,714 [825ae09a-0c9d-49c2-a438-cc08e7284827:group-A70BE390B469:LeaderElection88] INFO  impl.LeaderElection (LeaderElection.java:askForVotes(181)) - 825ae09a-0c9d-49c2-a438-cc08e7284827:group-A70BE390B469:LeaderElection88: begin an election at term 1 for -1: [825ae09a-0c9d-49c2-a438-cc08e7284827:192.168.157.226:36158], old=null
2019-09-19 16:47:28,714 [825ae09a-0c9d-49c2-a438-cc08e7284827:group-A70BE390B469:LeaderElection88] INFO  impl.RoleInfo (RoleInfo.java:shutdownLeaderElection(134)) - 825ae09a-0c9d-49c2-a438-cc08e7284827: shutdown LeaderElection
2019-09-19 16:47:28,714 [825ae09a-0c9d-49c2-a438-cc08e7284827:group-A70BE390B469:LeaderElection88] INFO  impl.RaftServerImpl (RaftServerImpl.java:setRole(171)) - 825ae09a-0c9d-49c2-a438-cc08e7284827:group-A70BE390B469 changes role from CANDIDATE to LEADER at term 1 for changeToLeader
2019-09-19 16:47:28,715 [825ae09a-0c9d-49c2-a438-cc08e7284827:group-A70BE390B469:LeaderElection88] INFO  impl.RaftServerImpl (ServerState.java:setLeader(263)) - 825ae09a-0c9d-49c2-a438-cc08e7284827:group-A70BE390B469 change Leader from null to 825ae09a-0c9d-49c2-a438-cc08e7284827 at term 1 for becomeLeader, leader elected after 5088ms
2019-09-19 16:47:28,715 [825ae09a-0c9d-49c2-a438-cc08e7284827:group-A70BE390B469:LeaderElection88] INFO  server.RaftServerConfigKeys (ConfUtils.java:logGet(43)) - raft.server.staging.catchup.gap = 1000 (default)
2019-09-19 16:47:28,715 [825ae09a-0c9d-49c2-a438-cc08e7284827:group-A70BE390B469:LeaderElection88] INFO  server.RaftServerConfigKeys (ConfUtils.java:logGet(43)) - raft.server.rpc.sleep.time = 25ms (default)
2019-09-19 16:47:28,715 [825ae09a-0c9d-49c2-a438-cc08e7284827:group-A70BE390B469:LeaderElection88] INFO  server.RaftServerConfigKeys (ConfUtils.java:logGet(43)) - raft.server.write.element-limit = 4096 (default)
2019-09-19 16:47:28,715 [825ae09a-0c9d-49c2-a438-cc08e7284827:group-A70BE390B469:LeaderElection88] INFO  server.RaftServerConfigKeys (ConfUtils.java:logGet(43)) - raft.server.watch.timeout = 10s (default)
2019-09-19 16:47:28,716 [825ae09a-0c9d-49c2-a438-cc08e7284827:group-A70BE390B469:LeaderElection88] INFO  server.RaftServerConfigKeys (ConfUtils.java:logGet(43)) - raft.server.watch.timeout.denomination = 1s (default)
2019-09-19 16:47:28,716 [825ae09a-0c9d-49c2-a438-cc08e7284827:group-A70BE390B469:LeaderElection88] INFO  server.RaftServerConfigKeys (ConfUtils.java:logGet(43)) - raft.server.watch.element-limit = 65536 (default)
2019-09-19 16:47:28,716 [825ae09a-0c9d-49c2-a438-cc08e7284827:group-A70BE390B469:LeaderElection88] INFO  impl.RoleInfo (RoleInfo.java:updateAndGet(143)) - 825ae09a-0c9d-49c2-a438-cc08e7284827: start LeaderState
2019-09-19 16:47:28,716 [825ae09a-0c9d-49c2-a438-cc08e7284827:group-A70BE390B469:LeaderElection88] INFO  segmented.SegmentedRaftLogWorker (SegmentedRaftLogWorker.java:startLogSegment(380)) - 825ae09a-0c9d-49c2-a438-cc08e7284827-SegmentedRaftLogWorker:Storage Directory /workdir/hadoop-ozone/ozonefs/target/test-dir/MiniOzoneClusterImpl-220b86cd-4451-44e8-8e13-531534607eb8/datanode-0/data/ratis/435f33fb-f9c5-491d-826b-a70be390b469: Starting segment from index:0
2019-09-19 16:47:28,717 [825ae09a-0c9d-49c2-a438-cc08e7284827:group-A70BE390B469:LeaderElection88] INFO  impl.RaftServerImpl (ServerState.java:setRaftConf(361)) - 825ae09a-0c9d-49c2-a438-cc08e7284827:group-A70BE390B469 set configuration 0: [825ae09a-0c9d-49c2-a438-cc08e7284827:192.168.157.226:36158], old=null at 0
2019-09-19 16:47:28,768 [825ae09a-0c9d-49c2-a438-cc08e7284827-SegmentedRaftLogWorker:Storage Directory /workdir/hadoop-ozone/ozonefs/target/test-dir/MiniOzoneClusterImpl-220b86cd-4451-44e8-8e13-531534607eb8/datanode-0/data/ratis/435f33fb-f9c5-491d-826b-a70be390b469] INFO  segmented.SegmentedRaftLogWorker (SegmentedRaftLogWorker.java:execute(569)) - 825ae09a-0c9d-49c2-a438-cc08e7284827-SegmentedRaftLogWorker:Storage Directory /workdir/hadoop-ozone/ozonefs/target/test-dir/MiniOzoneClusterImpl-220b86cd-4451-44e8-8e13-531534607eb8/datanode-0/data/ratis/435f33fb-f9c5-491d-826b-a70be390b469: created new log segment /workdir/hadoop-ozone/ozonefs/target/test-dir/MiniOzoneClusterImpl-220b86cd-4451-44e8-8e13-531534607eb8/datanode-0/data/ratis/435f33fb-f9c5-491d-826b-a70be390b469/current/log_inprogress_0
2019-09-19 16:47:28,784 [Thread-1508] INFO  impl.FollowerState (FollowerState.java:run(106)) - 825ae09a-0c9d-49c2-a438-cc08e7284827:group-8AAEA424BFF3 changes to CANDIDATE, lastRpcTime:5194, electionTimeout:5194ms
2019-09-19 16:47:28,784 [Thread-1508] INFO  impl.RoleInfo (RoleInfo.java:shutdownFollowerState(121)) - 825ae09a-0c9d-49c2-a438-cc08e7284827: shutdown FollowerState
2019-09-19 16:47:28,785 [Thread-1508] INFO  impl.RaftServerImpl (RaftServerImpl.java:setRole(171)) - 825ae09a-0c9d-49c2-a438-cc08e7284827:group-8AAEA424BFF3 changes role from FOLLOWER to CANDIDATE at term 0 for changeToCandidate
2019-09-19 16:47:28,785 [Thread-1508] INFO  impl.RoleInfo (RoleInfo.java:updateAndGet(143)) - 825ae09a-0c9d-49c2-a438-cc08e7284827: start LeaderElection
2019-09-19 16:47:28,802 [825ae09a-0c9d-49c2-a438-cc08e7284827:group-8AAEA424BFF3:LeaderElection89] INFO  impl.LeaderElection (LeaderElection.java:askForVotes(181)) - 825ae09a-0c9d-49c2-a438-cc08e7284827:group-8AAEA424BFF3:LeaderElection89: begin an election at term 1 for -1: [825ae09a-0c9d-49c2-a438-cc08e7284827:192.168.157.226:36158], old=null
2019-09-19 16:47:28,802 [825ae09a-0c9d-49c2-a438-cc08e7284827:group-8AAEA424BFF3:LeaderElection89] INFO  impl.RoleInfo (RoleInfo.java:shutdownLeaderElection(134)) - 825ae09a-0c9d-49c2-a438-cc08e7284827: shutdown LeaderElection
2019-09-19 16:47:28,802 [825ae09a-0c9d-49c2-a438-cc08e7284827:group-8AAEA424BFF3:LeaderElection89] INFO  impl.RaftServerImpl (RaftServerImpl.java:setRole(171)) - 825ae09a-0c9d-49c2-a438-cc08e7284827:group-8AAEA424BFF3 changes role from CANDIDATE to LEADER at term 1 for changeToLeader
2019-09-19 16:47:28,802 [825ae09a-0c9d-49c2-a438-cc08e7284827:group-8AAEA424BFF3:LeaderElection89] INFO  impl.RaftServerImpl (ServerState.java:setLeader(263)) - 825ae09a-0c9d-49c2-a438-cc08e7284827:group-8AAEA424BFF3 change Leader from null to 825ae09a-0c9d-49c2-a438-cc08e7284827 at term 1 for becomeLeader, leader elected after 5215ms
2019-09-19 16:47:28,802 [825ae09a-0c9d-49c2-a438-cc08e7284827:group-8AAEA424BFF3:LeaderElection89] INFO  server.RaftServerConfigKeys (ConfUtils.java:logGet(43)) - raft.server.staging.catchup.gap = 1000 (default)
2019-09-19 16:47:28,802 [825ae09a-0c9d-49c2-a438-cc08e7284827:group-8AAEA424BFF3:LeaderElection89] INFO  server.RaftServerConfigKeys (ConfUtils.java:logGet(43)) - raft.server.rpc.sleep.time = 25ms (default)
2019-09-19 16:47:28,802 [825ae09a-0c9d-49c2-a438-cc08e7284827:group-8AAEA424BFF3:LeaderElection89] INFO  server.RaftServerConfigKeys (ConfUtils.java:logGet(43)) - raft.server.write.element-limit = 4096 (default)
2019-09-19 16:47:28,802 [825ae09a-0c9d-49c2-a438-cc08e7284827:group-8AAEA424BFF3:LeaderElection89] INFO  server.RaftServerConfigKeys (ConfUtils.java:logGet(43)) - raft.server.watch.timeout = 10s (default)
2019-09-19 16:47:28,802 [825ae09a-0c9d-49c2-a438-cc08e7284827:group-8AAEA424BFF3:LeaderElection89] INFO  server.RaftServerConfigKeys (ConfUtils.java:logGet(43)) - raft.server.watch.timeout.denomination = 1s (default)
2019-09-19 16:47:28,803 [825ae09a-0c9d-49c2-a438-cc08e7284827:group-8AAEA424BFF3:LeaderElection89] INFO  server.RaftServerConfigKeys (ConfUtils.java:logGet(43)) - raft.server.watch.element-limit = 65536 (default)
2019-09-19 16:47:28,803 [825ae09a-0c9d-49c2-a438-cc08e7284827:group-8AAEA424BFF3:LeaderElection89] INFO  impl.RoleInfo (RoleInfo.java:updateAndGet(143)) - 825ae09a-0c9d-49c2-a438-cc08e7284827: start LeaderState
2019-09-19 16:47:28,803 [825ae09a-0c9d-49c2-a438-cc08e7284827:group-8AAEA424BFF3:LeaderElection89] INFO  segmented.SegmentedRaftLogWorker (SegmentedRaftLogWorker.java:startLogSegment(380)) - 825ae09a-0c9d-49c2-a438-cc08e7284827-SegmentedRaftLogWorker:Storage Directory /workdir/hadoop-ozone/ozonefs/target/test-dir/MiniOzoneClusterImpl-220b86cd-4451-44e8-8e13-531534607eb8/datanode-0/data/ratis/3e58f0b9-96f6-4396-856e-8aaea424bff3: Starting segment from index:0
2019-09-19 16:47:28,804 [825ae09a-0c9d-49c2-a438-cc08e7284827:group-8AAEA424BFF3:LeaderElection89] INFO  impl.RaftServerImpl (ServerState.java:setRaftConf(361)) - 825ae09a-0c9d-49c2-a438-cc08e7284827:group-8AAEA424BFF3 set configuration 0: [825ae09a-0c9d-49c2-a438-cc08e7284827:192.168.157.226:36158], old=null at 0
2019-09-19 16:47:28,823 [Thread-1517] INFO  impl.FollowerState (FollowerState.java:run(106)) - 825ae09a-0c9d-49c2-a438-cc08e7284827:group-1C714CA882B2 changes to CANDIDATE, lastRpcTime:5112, electionTimeout:5112ms
2019-09-19 16:47:28,823 [Thread-1517] INFO  impl.RoleInfo (RoleInfo.java:shutdownFollowerState(121)) - 825ae09a-0c9d-49c2-a438-cc08e7284827: shutdown FollowerState
2019-09-19 16:47:28,823 [Thread-1517] INFO  impl.RaftServerImpl (RaftServerImpl.java:setRole(171)) - 825ae09a-0c9d-49c2-a438-cc08e7284827:group-1C714CA882B2 changes role from FOLLOWER to CANDIDATE at term 0 for changeToCandidate
2019-09-19 16:47:28,823 [Thread-1517] INFO  impl.RoleInfo (RoleInfo.java:updateAndGet(143)) - 825ae09a-0c9d-49c2-a438-cc08e7284827: start LeaderElection
2019-09-19 16:47:28,839 | INFO  | SCMAudit | user=jenkins1000 | ip=192.168.157.226 | op=SEND_HEARTBEAT {datanodeUUID=0160fd49-54d3-4cfd-b1ef-90ca4fe52f57, command=[]} | ret=SUCCESS |  
2019-09-19 16:47:28,845 [Thread-1514] INFO  impl.FollowerState (FollowerState.java:run(106)) - 12a124ac-5800-4d9d-a708-502084c57585:group-9AC773C0286B changes to CANDIDATE, lastRpcTime:5169, electionTimeout:5169ms
2019-09-19 16:47:28,845 [Thread-1514] INFO  impl.RoleInfo (RoleInfo.java:shutdownFollowerState(121)) - 12a124ac-5800-4d9d-a708-502084c57585: shutdown FollowerState
2019-09-19 16:47:28,845 [Thread-1514] INFO  impl.RaftServerImpl (RaftServerImpl.java:setRole(171)) - 12a124ac-5800-4d9d-a708-502084c57585:group-9AC773C0286B changes role from FOLLOWER to CANDIDATE at term 0 for changeToCandidate
2019-09-19 16:47:28,845 [Thread-1514] INFO  impl.RoleInfo (RoleInfo.java:updateAndGet(143)) - 12a124ac-5800-4d9d-a708-502084c57585: start LeaderElection
2019-09-19 16:47:28,851 [825ae09a-0c9d-49c2-a438-cc08e7284827-SegmentedRaftLogWorker:Storage Directory /workdir/hadoop-ozone/ozonefs/target/test-dir/MiniOzoneClusterImpl-220b86cd-4451-44e8-8e13-531534607eb8/datanode-0/data/ratis/3e58f0b9-96f6-4396-856e-8aaea424bff3] INFO  segmented.SegmentedRaftLogWorker (SegmentedRaftLogWorker.java:execute(569)) - 825ae09a-0c9d-49c2-a438-cc08e7284827-SegmentedRaftLogWorker:Storage Directory /workdir/hadoop-ozone/ozonefs/target/test-dir/MiniOzoneClusterImpl-220b86cd-4451-44e8-8e13-531534607eb8/datanode-0/data/ratis/3e58f0b9-96f6-4396-856e-8aaea424bff3: created new log segment /workdir/hadoop-ozone/ozonefs/target/test-dir/MiniOzoneClusterImpl-220b86cd-4451-44e8-8e13-531534607eb8/datanode-0/data/ratis/3e58f0b9-96f6-4396-856e-8aaea424bff3/current/log_inprogress_0
2019-09-19 16:47:28,851 [825ae09a-0c9d-49c2-a438-cc08e7284827:group-1C714CA882B2:LeaderElection90] INFO  impl.LeaderElection (LeaderElection.java:askForVotes(181)) - 825ae09a-0c9d-49c2-a438-cc08e7284827:group-1C714CA882B2:LeaderElection90: begin an election at term 1 for -1: [825ae09a-0c9d-49c2-a438-cc08e7284827:192.168.157.226:36158], old=null
2019-09-19 16:47:28,851 [12a124ac-5800-4d9d-a708-502084c57585:group-9AC773C0286B:LeaderElection91] INFO  impl.LeaderElection (LeaderElection.java:askForVotes(181)) - 12a124ac-5800-4d9d-a708-502084c57585:group-9AC773C0286B:LeaderElection91: begin an election at term 1 for -1: [12a124ac-5800-4d9d-a708-502084c57585:192.168.157.226:41511], old=null
2019-09-19 16:47:28,851 [825ae09a-0c9d-49c2-a438-cc08e7284827:group-1C714CA882B2:LeaderElection90] INFO  impl.RoleInfo (RoleInfo.java:shutdownLeaderElection(134)) - 825ae09a-0c9d-49c2-a438-cc08e7284827: shutdown LeaderElection
2019-09-19 16:47:28,851 [12a124ac-5800-4d9d-a708-502084c57585:group-9AC773C0286B:LeaderElection91] INFO  impl.RoleInfo (RoleInfo.java:shutdownLeaderElection(134)) - 12a124ac-5800-4d9d-a708-502084c57585: shutdown LeaderElection
2019-09-19 16:47:28,851 [825ae09a-0c9d-49c2-a438-cc08e7284827:group-1C714CA882B2:LeaderElection90] INFO  impl.RaftServerImpl (RaftServerImpl.java:setRole(171)) - 825ae09a-0c9d-49c2-a438-cc08e7284827:group-1C714CA882B2 changes role from CANDIDATE to LEADER at term 1 for changeToLeader
2019-09-19 16:47:28,852 [12a124ac-5800-4d9d-a708-502084c57585:group-9AC773C0286B:LeaderElection91] INFO  impl.RaftServerImpl (RaftServerImpl.java:setRole(171)) - 12a124ac-5800-4d9d-a708-502084c57585:group-9AC773C0286B changes role from CANDIDATE to LEADER at term 1 for changeToLeader
2019-09-19 16:47:28,852 [825ae09a-0c9d-49c2-a438-cc08e7284827:group-1C714CA882B2:LeaderElection90] INFO  impl.RaftServerImpl (ServerState.java:setLeader(263)) - 825ae09a-0c9d-49c2-a438-cc08e7284827:group-1C714CA882B2 change Leader from null to 825ae09a-0c9d-49c2-a438-cc08e7284827 at term 1 for becomeLeader, leader elected after 5145ms
2019-09-19 16:47:28,852 [12a124ac-5800-4d9d-a708-502084c57585:group-9AC773C0286B:LeaderElection91] INFO  impl.RaftServerImpl (ServerState.java:setLeader(263)) - 12a124ac-5800-4d9d-a708-502084c57585:group-9AC773C0286B change Leader from null to 12a124ac-5800-4d9d-a708-502084c57585 at term 1 for becomeLeader, leader elected after 5180ms
2019-09-19 16:47:28,852 [825ae09a-0c9d-49c2-a438-cc08e7284827:group-1C714CA882B2:LeaderElection90] INFO  server.RaftServerConfigKeys (ConfUtils.java:logGet(43)) - raft.server.staging.catchup.gap = 1000 (default)
2019-09-19 16:47:28,852 [12a124ac-5800-4d9d-a708-502084c57585:group-9AC773C0286B:LeaderElection91] INFO  server.RaftServerConfigKeys (ConfUtils.java:logGet(43)) - raft.server.staging.catchup.gap = 1000 (default)
2019-09-19 16:47:28,852 [825ae09a-0c9d-49c2-a438-cc08e7284827:group-1C714CA882B2:LeaderElection90] INFO  server.RaftServerConfigKeys (ConfUtils.java:logGet(43)) - raft.server.rpc.sleep.time = 25ms (default)
2019-09-19 16:47:28,852 [12a124ac-5800-4d9d-a708-502084c57585:group-9AC773C0286B:LeaderElection91] INFO  server.RaftServerConfigKeys (ConfUtils.java:logGet(43)) - raft.server.rpc.sleep.time = 25ms (default)
2019-09-19 16:47:28,852 [825ae09a-0c9d-49c2-a438-cc08e7284827:group-1C714CA882B2:LeaderElection90] INFO  server.RaftServerConfigKeys (ConfUtils.java:logGet(43)) - raft.server.write.element-limit = 4096 (default)
2019-09-19 16:47:28,853 [12a124ac-5800-4d9d-a708-502084c57585:group-9AC773C0286B:LeaderElection91] INFO  server.RaftServerConfigKeys (ConfUtils.java:logGet(43)) - raft.server.write.element-limit = 4096 (default)
2019-09-19 16:47:28,853 [825ae09a-0c9d-49c2-a438-cc08e7284827:group-1C714CA882B2:LeaderElection90] INFO  server.RaftServerConfigKeys (ConfUtils.java:logGet(43)) - raft.server.watch.timeout = 10s (default)
2019-09-19 16:47:28,853 [12a124ac-5800-4d9d-a708-502084c57585:group-9AC773C0286B:LeaderElection91] INFO  server.RaftServerConfigKeys (ConfUtils.java:logGet(43)) - raft.server.watch.timeout = 10s (default)
2019-09-19 16:47:28,853 [825ae09a-0c9d-49c2-a438-cc08e7284827:group-1C714CA882B2:LeaderElection90] INFO  server.RaftServerConfigKeys (ConfUtils.java:logGet(43)) - raft.server.watch.timeout.denomination = 1s (default)
2019-09-19 16:47:28,853 [12a124ac-5800-4d9d-a708-502084c57585:group-9AC773C0286B:LeaderElection91] INFO  server.RaftServerConfigKeys (ConfUtils.java:logGet(43)) - raft.server.watch.timeout.denomination = 1s (default)
2019-09-19 16:47:28,853 [825ae09a-0c9d-49c2-a438-cc08e7284827:group-1C714CA882B2:LeaderElection90] INFO  server.RaftServerConfigKeys (ConfUtils.java:logGet(43)) - raft.server.watch.element-limit = 65536 (default)
2019-09-19 16:47:28,853 [12a124ac-5800-4d9d-a708-502084c57585:group-9AC773C0286B:LeaderElection91] INFO  server.RaftServerConfigKeys (ConfUtils.java:logGet(43)) - raft.server.watch.element-limit = 65536 (default)
2019-09-19 16:47:28,854 [825ae09a-0c9d-49c2-a438-cc08e7284827:group-1C714CA882B2:LeaderElection90] INFO  impl.RoleInfo (RoleInfo.java:updateAndGet(143)) - 825ae09a-0c9d-49c2-a438-cc08e7284827: start LeaderState
2019-09-19 16:47:28,854 [12a124ac-5800-4d9d-a708-502084c57585:group-9AC773C0286B:LeaderElection91] INFO  impl.RoleInfo (RoleInfo.java:updateAndGet(143)) - 12a124ac-5800-4d9d-a708-502084c57585: start LeaderState
2019-09-19 16:47:28,854 [825ae09a-0c9d-49c2-a438-cc08e7284827:group-1C714CA882B2:LeaderElection90] INFO  segmented.SegmentedRaftLogWorker (SegmentedRaftLogWorker.java:startLogSegment(380)) - 825ae09a-0c9d-49c2-a438-cc08e7284827-SegmentedRaftLogWorker:Storage Directory /workdir/hadoop-ozone/ozonefs/target/test-dir/MiniOzoneClusterImpl-220b86cd-4451-44e8-8e13-531534607eb8/datanode-0/data/ratis/bbaea70f-ef44-4d48-8d1a-1c714ca882b2: Starting segment from index:0
2019-09-19 16:47:28,854 [12a124ac-5800-4d9d-a708-502084c57585:group-9AC773C0286B:LeaderElection91] INFO  segmented.SegmentedRaftLogWorker (SegmentedRaftLogWorker.java:startLogSegment(380)) - 12a124ac-5800-4d9d-a708-502084c57585-SegmentedRaftLogWorker:Storage Directory /workdir/hadoop-ozone/ozonefs/target/test-dir/MiniOzoneClusterImpl-220b86cd-4451-44e8-8e13-531534607eb8/datanode-1/data/ratis/46094569-89ea-4404-96af-9ac773c0286b: Starting segment from index:0
2019-09-19 16:47:28,854 [825ae09a-0c9d-49c2-a438-cc08e7284827:group-1C714CA882B2:LeaderElection90] INFO  impl.RaftServerImpl (ServerState.java:setRaftConf(361)) - 825ae09a-0c9d-49c2-a438-cc08e7284827:group-1C714CA882B2 set configuration 0: [825ae09a-0c9d-49c2-a438-cc08e7284827:192.168.157.226:36158], old=null at 0
2019-09-19 16:47:28,855 [12a124ac-5800-4d9d-a708-502084c57585:group-9AC773C0286B:LeaderElection91] INFO  impl.RaftServerImpl (ServerState.java:setRaftConf(361)) - 12a124ac-5800-4d9d-a708-502084c57585:group-9AC773C0286B set configuration 0: [12a124ac-5800-4d9d-a708-502084c57585:192.168.157.226:41511], old=null at 0
2019-09-19 16:47:28,878 [Thread-1523] INFO  impl.FollowerState (FollowerState.java:run(106)) - 12a124ac-5800-4d9d-a708-502084c57585:group-46BD11D2E02C changes to CANDIDATE, lastRpcTime:5022, electionTimeout:5022ms
2019-09-19 16:47:28,878 [Thread-1523] INFO  impl.RoleInfo (RoleInfo.java:shutdownFollowerState(121)) - 12a124ac-5800-4d9d-a708-502084c57585: shutdown FollowerState
2019-09-19 16:47:28,878 [Thread-1523] INFO  impl.RaftServerImpl (RaftServerImpl.java:setRole(171)) - 12a124ac-5800-4d9d-a708-502084c57585:group-46BD11D2E02C changes role from FOLLOWER to CANDIDATE at term 0 for changeToCandidate
2019-09-19 16:47:28,878 [Thread-1523] INFO  impl.RoleInfo (RoleInfo.java:updateAndGet(143)) - 12a124ac-5800-4d9d-a708-502084c57585: start LeaderElection
2019-09-19 16:47:28,909 [825ae09a-0c9d-49c2-a438-cc08e7284827-SegmentedRaftLogWorker:Storage Directory /workdir/hadoop-ozone/ozonefs/target/test-dir/MiniOzoneClusterImpl-220b86cd-4451-44e8-8e13-531534607eb8/datanode-0/data/ratis/bbaea70f-ef44-4d48-8d1a-1c714ca882b2] INFO  segmented.SegmentedRaftLogWorker (SegmentedRaftLogWorker.java:execute(569)) - 825ae09a-0c9d-49c2-a438-cc08e7284827-SegmentedRaftLogWorker:Storage Directory /workdir/hadoop-ozone/ozonefs/target/test-dir/MiniOzoneClusterImpl-220b86cd-4451-44e8-8e13-531534607eb8/datanode-0/data/ratis/bbaea70f-ef44-4d48-8d1a-1c714ca882b2: created new log segment /workdir/hadoop-ozone/ozonefs/target/test-dir/MiniOzoneClusterImpl-220b86cd-4451-44e8-8e13-531534607eb8/datanode-0/data/ratis/bbaea70f-ef44-4d48-8d1a-1c714ca882b2/current/log_inprogress_0
2019-09-19 16:47:28,909 [12a124ac-5800-4d9d-a708-502084c57585-SegmentedRaftLogWorker:Storage Directory /workdir/hadoop-ozone/ozonefs/target/test-dir/MiniOzoneClusterImpl-220b86cd-4451-44e8-8e13-531534607eb8/datanode-1/data/ratis/46094569-89ea-4404-96af-9ac773c0286b] INFO  segmented.SegmentedRaftLogWorker (SegmentedRaftLogWorker.java:execute(569)) - 12a124ac-5800-4d9d-a708-502084c57585-SegmentedRaftLogWorker:Storage Directory /workdir/hadoop-ozone/ozonefs/target/test-dir/MiniOzoneClusterImpl-220b86cd-4451-44e8-8e13-531534607eb8/datanode-1/data/ratis/46094569-89ea-4404-96af-9ac773c0286b: created new log segment /workdir/hadoop-ozone/ozonefs/target/test-dir/MiniOzoneClusterImpl-220b86cd-4451-44e8-8e13-531534607eb8/datanode-1/data/ratis/46094569-89ea-4404-96af-9ac773c0286b/current/log_inprogress_0
2019-09-19 16:47:28,909 [12a124ac-5800-4d9d-a708-502084c57585:group-46BD11D2E02C:LeaderElection92] INFO  impl.LeaderElection (LeaderElection.java:askForVotes(181)) - 12a124ac-5800-4d9d-a708-502084c57585:group-46BD11D2E02C:LeaderElection92: begin an election at term 1 for -1: [12a124ac-5800-4d9d-a708-502084c57585:192.168.157.226:41511], old=null
2019-09-19 16:47:28,909 [12a124ac-5800-4d9d-a708-502084c57585:group-46BD11D2E02C:LeaderElection92] INFO  impl.RoleInfo (RoleInfo.java:shutdownLeaderElection(134)) - 12a124ac-5800-4d9d-a708-502084c57585: shutdown LeaderElection
2019-09-19 16:47:28,909 [12a124ac-5800-4d9d-a708-502084c57585:group-46BD11D2E02C:LeaderElection92] INFO  impl.RaftServerImpl (RaftServerImpl.java:setRole(171)) - 12a124ac-5800-4d9d-a708-502084c57585:group-46BD11D2E02C changes role from CANDIDATE to LEADER at term 1 for changeToLeader
2019-09-19 16:47:28,909 [12a124ac-5800-4d9d-a708-502084c57585:group-46BD11D2E02C:LeaderElection92] INFO  impl.RaftServerImpl (ServerState.java:setLeader(263)) - 12a124ac-5800-4d9d-a708-502084c57585:group-46BD11D2E02C change Leader from null to 12a124ac-5800-4d9d-a708-502084c57585 at term 1 for becomeLeader, leader elected after 5058ms
2019-09-19 16:47:28,909 [12a124ac-5800-4d9d-a708-502084c57585:group-46BD11D2E02C:LeaderElection92] INFO  server.RaftServerConfigKeys (ConfUtils.java:logGet(43)) - raft.server.staging.catchup.gap = 1000 (default)
2019-09-19 16:47:28,910 [12a124ac-5800-4d9d-a708-502084c57585:group-46BD11D2E02C:LeaderElection92] INFO  server.RaftServerConfigKeys (ConfUtils.java:logGet(43)) - raft.server.rpc.sleep.time = 25ms (default)
2019-09-19 16:47:28,910 [12a124ac-5800-4d9d-a708-502084c57585:group-46BD11D2E02C:LeaderElection92] INFO  server.RaftServerConfigKeys (ConfUtils.java:logGet(43)) - raft.server.write.element-limit = 4096 (default)
2019-09-19 16:47:28,910 [12a124ac-5800-4d9d-a708-502084c57585:group-46BD11D2E02C:LeaderElection92] INFO  server.RaftServerConfigKeys (ConfUtils.java:logGet(43)) - raft.server.watch.timeout = 10s (default)
2019-09-19 16:47:28,910 [12a124ac-5800-4d9d-a708-502084c57585:group-46BD11D2E02C:LeaderElection92] INFO  server.RaftServerConfigKeys (ConfUtils.java:logGet(43)) - raft.server.watch.timeout.denomination = 1s (default)
2019-09-19 16:47:28,910 [12a124ac-5800-4d9d-a708-502084c57585:group-46BD11D2E02C:LeaderElection92] INFO  server.RaftServerConfigKeys (ConfUtils.java:logGet(43)) - raft.server.watch.element-limit = 65536 (default)
2019-09-19 16:47:28,910 [12a124ac-5800-4d9d-a708-502084c57585:group-46BD11D2E02C:LeaderElection92] INFO  impl.RoleInfo (RoleInfo.java:updateAndGet(143)) - 12a124ac-5800-4d9d-a708-502084c57585: start LeaderState
2019-09-19 16:47:28,911 [12a124ac-5800-4d9d-a708-502084c57585:group-46BD11D2E02C:LeaderElection92] INFO  segmented.SegmentedRaftLogWorker (SegmentedRaftLogWorker.java:startLogSegment(380)) - 12a124ac-5800-4d9d-a708-502084c57585-SegmentedRaftLogWorker:Storage Directory /workdir/hadoop-ozone/ozonefs/target/test-dir/MiniOzoneClusterImpl-220b86cd-4451-44e8-8e13-531534607eb8/datanode-1/data/ratis/3f04d88c-2512-43ae-ac26-46bd11d2e02c: Starting segment from index:0
2019-09-19 16:47:28,911 [12a124ac-5800-4d9d-a708-502084c57585:group-46BD11D2E02C:LeaderElection92] INFO  impl.RaftServerImpl (ServerState.java:setRaftConf(361)) - 12a124ac-5800-4d9d-a708-502084c57585:group-46BD11D2E02C set configuration 0: [12a124ac-5800-4d9d-a708-502084c57585:192.168.157.226:41511], old=null at 0
2019-09-19 16:47:28,922 [Thread-1520] INFO  impl.FollowerState (FollowerState.java:run(106)) - 825ae09a-0c9d-49c2-a438-cc08e7284827:group-F8A56754D501 changes to CANDIDATE, lastRpcTime:5142, electionTimeout:5142ms
2019-09-19 16:47:28,922 [Thread-1520] INFO  impl.RoleInfo (RoleInfo.java:shutdownFollowerState(121)) - 825ae09a-0c9d-49c2-a438-cc08e7284827: shutdown FollowerState
2019-09-19 16:47:28,922 [Thread-1520] INFO  impl.RaftServerImpl (RaftServerImpl.java:setRole(171)) - 825ae09a-0c9d-49c2-a438-cc08e7284827:group-F8A56754D501 changes role from FOLLOWER to CANDIDATE at term 0 for changeToCandidate
2019-09-19 16:47:28,922 [Thread-1520] INFO  impl.RoleInfo (RoleInfo.java:updateAndGet(143)) - 825ae09a-0c9d-49c2-a438-cc08e7284827: start LeaderElection
2019-09-19 16:47:28,974 [12a124ac-5800-4d9d-a708-502084c57585-SegmentedRaftLogWorker:Storage Directory /workdir/hadoop-ozone/ozonefs/target/test-dir/MiniOzoneClusterImpl-220b86cd-4451-44e8-8e13-531534607eb8/datanode-1/data/ratis/3f04d88c-2512-43ae-ac26-46bd11d2e02c] INFO  segmented.SegmentedRaftLogWorker (SegmentedRaftLogWorker.java:execute(569)) - 12a124ac-5800-4d9d-a708-502084c57585-SegmentedRaftLogWorker:Storage Directory /workdir/hadoop-ozone/ozonefs/target/test-dir/MiniOzoneClusterImpl-220b86cd-4451-44e8-8e13-531534607eb8/datanode-1/data/ratis/3f04d88c-2512-43ae-ac26-46bd11d2e02c: created new log segment /workdir/hadoop-ozone/ozonefs/target/test-dir/MiniOzoneClusterImpl-220b86cd-4451-44e8-8e13-531534607eb8/datanode-1/data/ratis/3f04d88c-2512-43ae-ac26-46bd11d2e02c/current/log_inprogress_0
2019-09-19 16:47:28,974 [825ae09a-0c9d-49c2-a438-cc08e7284827:group-F8A56754D501:LeaderElection93] INFO  impl.LeaderElection (LeaderElection.java:askForVotes(181)) - 825ae09a-0c9d-49c2-a438-cc08e7284827:group-F8A56754D501:LeaderElection93: begin an election at term 1 for -1: [825ae09a-0c9d-49c2-a438-cc08e7284827:192.168.157.226:36158], old=null
2019-09-19 16:47:28,975 [825ae09a-0c9d-49c2-a438-cc08e7284827:group-F8A56754D501:LeaderElection93] INFO  impl.RoleInfo (RoleInfo.java:shutdownLeaderElection(134)) - 825ae09a-0c9d-49c2-a438-cc08e7284827: shutdown LeaderElection
2019-09-19 16:47:28,975 [825ae09a-0c9d-49c2-a438-cc08e7284827:group-F8A56754D501:LeaderElection93] INFO  impl.RaftServerImpl (RaftServerImpl.java:setRole(171)) - 825ae09a-0c9d-49c2-a438-cc08e7284827:group-F8A56754D501 changes role from CANDIDATE to LEADER at term 1 for changeToLeader
2019-09-19 16:47:28,975 [825ae09a-0c9d-49c2-a438-cc08e7284827:group-F8A56754D501:LeaderElection93] INFO  impl.RaftServerImpl (ServerState.java:setLeader(263)) - 825ae09a-0c9d-49c2-a438-cc08e7284827:group-F8A56754D501 change Leader from null to 825ae09a-0c9d-49c2-a438-cc08e7284827 at term 1 for becomeLeader, leader elected after 5201ms
2019-09-19 16:47:28,975 [825ae09a-0c9d-49c2-a438-cc08e7284827:group-F8A56754D501:LeaderElection93] INFO  server.RaftServerConfigKeys (ConfUtils.java:logGet(43)) - raft.server.staging.catchup.gap = 1000 (default)
2019-09-19 16:47:28,975 [825ae09a-0c9d-49c2-a438-cc08e7284827:group-F8A56754D501:LeaderElection93] INFO  server.RaftServerConfigKeys (ConfUtils.java:logGet(43)) - raft.server.rpc.sleep.time = 25ms (default)
2019-09-19 16:47:28,975 [825ae09a-0c9d-49c2-a438-cc08e7284827:group-F8A56754D501:LeaderElection93] INFO  server.RaftServerConfigKeys (ConfUtils.java:logGet(43)) - raft.server.write.element-limit = 4096 (default)
2019-09-19 16:47:28,976 [825ae09a-0c9d-49c2-a438-cc08e7284827:group-F8A56754D501:LeaderElection93] INFO  server.RaftServerConfigKeys (ConfUtils.java:logGet(43)) - raft.server.watch.timeout = 10s (default)
2019-09-19 16:47:28,976 [825ae09a-0c9d-49c2-a438-cc08e7284827:group-F8A56754D501:LeaderElection93] INFO  server.RaftServerConfigKeys (ConfUtils.java:logGet(43)) - raft.server.watch.timeout.denomination = 1s (default)
2019-09-19 16:47:28,976 [825ae09a-0c9d-49c2-a438-cc08e7284827:group-F8A56754D501:LeaderElection93] INFO  server.RaftServerConfigKeys (ConfUtils.java:logGet(43)) - raft.server.watch.element-limit = 65536 (default)
2019-09-19 16:47:28,976 [825ae09a-0c9d-49c2-a438-cc08e7284827:group-F8A56754D501:LeaderElection93] INFO  impl.RoleInfo (RoleInfo.java:updateAndGet(143)) - 825ae09a-0c9d-49c2-a438-cc08e7284827: start LeaderState
2019-09-19 16:47:28,976 [825ae09a-0c9d-49c2-a438-cc08e7284827:group-F8A56754D501:LeaderElection93] INFO  segmented.SegmentedRaftLogWorker (SegmentedRaftLogWorker.java:startLogSegment(380)) - 825ae09a-0c9d-49c2-a438-cc08e7284827-SegmentedRaftLogWorker:Storage Directory /workdir/hadoop-ozone/ozonefs/target/test-dir/MiniOzoneClusterImpl-220b86cd-4451-44e8-8e13-531534607eb8/datanode-0/data/ratis/291104be-ebde-4fe2-9803-f8a56754d501: Starting segment from index:0
2019-09-19 16:47:28,977 [825ae09a-0c9d-49c2-a438-cc08e7284827:group-F8A56754D501:LeaderElection93] INFO  impl.RaftServerImpl (ServerState.java:setRaftConf(361)) - 825ae09a-0c9d-49c2-a438-cc08e7284827:group-F8A56754D501 set configuration 0: [825ae09a-0c9d-49c2-a438-cc08e7284827:192.168.157.226:36158], old=null at 0
2019-09-19 16:47:28,996 [Thread-1529] INFO  impl.FollowerState (FollowerState.java:run(106)) - 12a124ac-5800-4d9d-a708-502084c57585:group-F7A2725D72C2 changes to CANDIDATE, lastRpcTime:5054, electionTimeout:5054ms
2019-09-19 16:47:28,996 [Thread-1529] INFO  impl.RoleInfo (RoleInfo.java:shutdownFollowerState(121)) - 12a124ac-5800-4d9d-a708-502084c57585: shutdown FollowerState
2019-09-19 16:47:28,996 [Thread-1529] INFO  impl.RaftServerImpl (RaftServerImpl.java:setRole(171)) - 12a124ac-5800-4d9d-a708-502084c57585:group-F7A2725D72C2 changes role from FOLLOWER to CANDIDATE at term 0 for changeToCandidate
2019-09-19 16:47:28,996 [Thread-1529] INFO  impl.RoleInfo (RoleInfo.java:updateAndGet(143)) - 12a124ac-5800-4d9d-a708-502084c57585: start LeaderElection
2019-09-19 16:47:29,028 [Thread-1526] INFO  impl.FollowerState (FollowerState.java:run(106)) - 12a124ac-5800-4d9d-a708-502084c57585:group-A7D507A29728 changes to CANDIDATE, lastRpcTime:5129, electionTimeout:5129ms
2019-09-19 16:47:29,028 [Thread-1526] INFO  impl.RoleInfo (RoleInfo.java:shutdownFollowerState(121)) - 12a124ac-5800-4d9d-a708-502084c57585: shutdown FollowerState
2019-09-19 16:47:29,028 [Thread-1526] INFO  impl.RaftServerImpl (RaftServerImpl.java:setRole(171)) - 12a124ac-5800-4d9d-a708-502084c57585:group-A7D507A29728 changes role from FOLLOWER to CANDIDATE at term 0 for changeToCandidate
2019-09-19 16:47:29,028 [Thread-1526] INFO  impl.RoleInfo (RoleInfo.java:updateAndGet(143)) - 12a124ac-5800-4d9d-a708-502084c57585: start LeaderElection
2019-09-19 16:47:29,030 [825ae09a-0c9d-49c2-a438-cc08e7284827-SegmentedRaftLogWorker:Storage Directory /workdir/hadoop-ozone/ozonefs/target/test-dir/MiniOzoneClusterImpl-220b86cd-4451-44e8-8e13-531534607eb8/datanode-0/data/ratis/291104be-ebde-4fe2-9803-f8a56754d501] INFO  segmented.SegmentedRaftLogWorker (SegmentedRaftLogWorker.java:execute(569)) - 825ae09a-0c9d-49c2-a438-cc08e7284827-SegmentedRaftLogWorker:Storage Directory /workdir/hadoop-ozone/ozonefs/target/test-dir/MiniOzoneClusterImpl-220b86cd-4451-44e8-8e13-531534607eb8/datanode-0/data/ratis/291104be-ebde-4fe2-9803-f8a56754d501: created new log segment /workdir/hadoop-ozone/ozonefs/target/test-dir/MiniOzoneClusterImpl-220b86cd-4451-44e8-8e13-531534607eb8/datanode-0/data/ratis/291104be-ebde-4fe2-9803-f8a56754d501/current/log_inprogress_0
2019-09-19 16:47:29,030 [12a124ac-5800-4d9d-a708-502084c57585:group-F7A2725D72C2:LeaderElection94] INFO  impl.LeaderElection (LeaderElection.java:askForVotes(181)) - 12a124ac-5800-4d9d-a708-502084c57585:group-F7A2725D72C2:LeaderElection94: begin an election at term 1 for -1: [12a124ac-5800-4d9d-a708-502084c57585:192.168.157.226:41511], old=null
2019-09-19 16:47:29,030 [12a124ac-5800-4d9d-a708-502084c57585:group-F7A2725D72C2:LeaderElection94] INFO  impl.RoleInfo (RoleInfo.java:shutdownLeaderElection(134)) - 12a124ac-5800-4d9d-a708-502084c57585: shutdown LeaderElection
2019-09-19 16:47:29,031 [12a124ac-5800-4d9d-a708-502084c57585:group-F7A2725D72C2:LeaderElection94] INFO  impl.RaftServerImpl (RaftServerImpl.java:setRole(171)) - 12a124ac-5800-4d9d-a708-502084c57585:group-F7A2725D72C2 changes role from CANDIDATE to LEADER at term 1 for changeToLeader
2019-09-19 16:47:29,031 [12a124ac-5800-4d9d-a708-502084c57585:group-F7A2725D72C2:LeaderElection94] INFO  impl.RaftServerImpl (ServerState.java:setLeader(263)) - 12a124ac-5800-4d9d-a708-502084c57585:group-F7A2725D72C2 change Leader from null to 12a124ac-5800-4d9d-a708-502084c57585 at term 1 for becomeLeader, leader elected after 5093ms
2019-09-19 16:47:29,031 [12a124ac-5800-4d9d-a708-502084c57585:group-F7A2725D72C2:LeaderElection94] INFO  server.RaftServerConfigKeys (ConfUtils.java:logGet(43)) - raft.server.staging.catchup.gap = 1000 (default)
2019-09-19 16:47:29,031 [12a124ac-5800-4d9d-a708-502084c57585:group-F7A2725D72C2:LeaderElection94] INFO  server.RaftServerConfigKeys (ConfUtils.java:logGet(43)) - raft.server.rpc.sleep.time = 25ms (default)
2019-09-19 16:47:29,031 [12a124ac-5800-4d9d-a708-502084c57585:group-F7A2725D72C2:LeaderElection94] INFO  server.RaftServerConfigKeys (ConfUtils.java:logGet(43)) - raft.server.write.element-limit = 4096 (default)
2019-09-19 16:47:29,031 [12a124ac-5800-4d9d-a708-502084c57585:group-F7A2725D72C2:LeaderElection94] INFO  server.RaftServerConfigKeys (ConfUtils.java:logGet(43)) - raft.server.watch.timeout = 10s (default)
2019-09-19 16:47:29,032 [12a124ac-5800-4d9d-a708-502084c57585:group-F7A2725D72C2:LeaderElection94] INFO  server.RaftServerConfigKeys (ConfUtils.java:logGet(43)) - raft.server.watch.timeout.denomination = 1s (default)
2019-09-19 16:47:29,032 [12a124ac-5800-4d9d-a708-502084c57585:group-F7A2725D72C2:LeaderElection94] INFO  server.RaftServerConfigKeys (ConfUtils.java:logGet(43)) - raft.server.watch.element-limit = 65536 (default)
2019-09-19 16:47:29,032 [12a124ac-5800-4d9d-a708-502084c57585:group-F7A2725D72C2:LeaderElection94] INFO  impl.RoleInfo (RoleInfo.java:updateAndGet(143)) - 12a124ac-5800-4d9d-a708-502084c57585: start LeaderState
2019-09-19 16:47:29,032 [12a124ac-5800-4d9d-a708-502084c57585:group-F7A2725D72C2:LeaderElection94] INFO  segmented.SegmentedRaftLogWorker (SegmentedRaftLogWorker.java:startLogSegment(380)) - 12a124ac-5800-4d9d-a708-502084c57585-SegmentedRaftLogWorker:Storage Directory /workdir/hadoop-ozone/ozonefs/target/test-dir/MiniOzoneClusterImpl-220b86cd-4451-44e8-8e13-531534607eb8/datanode-1/data/ratis/a359a8d2-e851-4dcd-bfee-f7a2725d72c2: Starting segment from index:0
2019-09-19 16:47:29,033 [12a124ac-5800-4d9d-a708-502084c57585:group-F7A2725D72C2:LeaderElection94] INFO  impl.RaftServerImpl (ServerState.java:setRaftConf(361)) - 12a124ac-5800-4d9d-a708-502084c57585:group-F7A2725D72C2 set configuration 0: [12a124ac-5800-4d9d-a708-502084c57585:192.168.157.226:41511], old=null at 0
2019-09-19 16:47:29,045 [12a124ac-5800-4d9d-a708-502084c57585:group-A7D507A29728:LeaderElection95] INFO  impl.LeaderElection (LeaderElection.java:askForVotes(181)) - 12a124ac-5800-4d9d-a708-502084c57585:group-A7D507A29728:LeaderElection95: begin an election at term 1 for -1: [12a124ac-5800-4d9d-a708-502084c57585:192.168.157.226:41511], old=null
2019-09-19 16:47:29,045 [12a124ac-5800-4d9d-a708-502084c57585:group-A7D507A29728:LeaderElection95] INFO  impl.RoleInfo (RoleInfo.java:shutdownLeaderElection(134)) - 12a124ac-5800-4d9d-a708-502084c57585: shutdown LeaderElection
2019-09-19 16:47:29,045 [12a124ac-5800-4d9d-a708-502084c57585:group-A7D507A29728:LeaderElection95] INFO  impl.RaftServerImpl (RaftServerImpl.java:setRole(171)) - 12a124ac-5800-4d9d-a708-502084c57585:group-A7D507A29728 changes role from CANDIDATE to LEADER at term 1 for changeToLeader
2019-09-19 16:47:29,045 [12a124ac-5800-4d9d-a708-502084c57585:group-A7D507A29728:LeaderElection95] INFO  impl.RaftServerImpl (ServerState.java:setLeader(263)) - 12a124ac-5800-4d9d-a708-502084c57585:group-A7D507A29728 change Leader from null to 12a124ac-5800-4d9d-a708-502084c57585 at term 1 for becomeLeader, leader elected after 5151ms
2019-09-19 16:47:29,045 [12a124ac-5800-4d9d-a708-502084c57585:group-A7D507A29728:LeaderElection95] INFO  server.RaftServerConfigKeys (ConfUtils.java:logGet(43)) - raft.server.staging.catchup.gap = 1000 (default)
2019-09-19 16:47:29,045 [12a124ac-5800-4d9d-a708-502084c57585:group-A7D507A29728:LeaderElection95] INFO  server.RaftServerConfigKeys (ConfUtils.java:logGet(43)) - raft.server.rpc.sleep.time = 25ms (default)
2019-09-19 16:47:29,046 [12a124ac-5800-4d9d-a708-502084c57585:group-A7D507A29728:LeaderElection95] INFO  server.RaftServerConfigKeys (ConfUtils.java:logGet(43)) - raft.server.write.element-limit = 4096 (default)
2019-09-19 16:47:29,046 [12a124ac-5800-4d9d-a708-502084c57585:group-A7D507A29728:LeaderElection95] INFO  server.RaftServerConfigKeys (ConfUtils.java:logGet(43)) - raft.server.watch.timeout = 10s (default)
2019-09-19 16:47:29,046 [12a124ac-5800-4d9d-a708-502084c57585:group-A7D507A29728:LeaderElection95] INFO  server.RaftServerConfigKeys (ConfUtils.java:logGet(43)) - raft.server.watch.timeout.denomination = 1s (default)
2019-09-19 16:47:29,046 [12a124ac-5800-4d9d-a708-502084c57585:group-A7D507A29728:LeaderElection95] INFO  server.RaftServerConfigKeys (ConfUtils.java:logGet(43)) - raft.server.watch.element-limit = 65536 (default)
2019-09-19 16:47:29,046 [12a124ac-5800-4d9d-a708-502084c57585:group-A7D507A29728:LeaderElection95] INFO  impl.RoleInfo (RoleInfo.java:updateAndGet(143)) - 12a124ac-5800-4d9d-a708-502084c57585: start LeaderState
2019-09-19 16:47:29,046 [12a124ac-5800-4d9d-a708-502084c57585:group-A7D507A29728:LeaderElection95] INFO  segmented.SegmentedRaftLogWorker (SegmentedRaftLogWorker.java:startLogSegment(380)) - 12a124ac-5800-4d9d-a708-502084c57585-SegmentedRaftLogWorker:Storage Directory /workdir/hadoop-ozone/ozonefs/target/test-dir/MiniOzoneClusterImpl-220b86cd-4451-44e8-8e13-531534607eb8/datanode-1/data/ratis/8308de18-4c05-45ee-ac53-a7d507a29728: Starting segment from index:0
2019-09-19 16:47:29,047 [12a124ac-5800-4d9d-a708-502084c57585:group-A7D507A29728:LeaderElection95] INFO  impl.RaftServerImpl (ServerState.java:setRaftConf(361)) - 12a124ac-5800-4d9d-a708-502084c57585:group-A7D507A29728 set configuration 0: [12a124ac-5800-4d9d-a708-502084c57585:192.168.157.226:41511], old=null at 0
2019-09-19 16:47:29,058 [Thread-1532] INFO  impl.FollowerState (FollowerState.java:run(106)) - 12a124ac-5800-4d9d-a708-502084c57585:group-BE02ED68418D changes to CANDIDATE, lastRpcTime:5075, electionTimeout:5075ms
2019-09-19 16:47:29,058 [Thread-1532] INFO  impl.RoleInfo (RoleInfo.java:shutdownFollowerState(121)) - 12a124ac-5800-4d9d-a708-502084c57585: shutdown FollowerState
2019-09-19 16:47:29,058 [Thread-1532] INFO  impl.RaftServerImpl (RaftServerImpl.java:setRole(171)) - 12a124ac-5800-4d9d-a708-502084c57585:group-BE02ED68418D changes role from FOLLOWER to CANDIDATE at term 0 for changeToCandidate
2019-09-19 16:47:29,058 [Thread-1532] INFO  impl.RoleInfo (RoleInfo.java:updateAndGet(143)) - 12a124ac-5800-4d9d-a708-502084c57585: start LeaderElection
2019-09-19 16:47:29,107 [12a124ac-5800-4d9d-a708-502084c57585-SegmentedRaftLogWorker:Storage Directory /workdir/hadoop-ozone/ozonefs/target/test-dir/MiniOzoneClusterImpl-220b86cd-4451-44e8-8e13-531534607eb8/datanode-1/data/ratis/8308de18-4c05-45ee-ac53-a7d507a29728] INFO  segmented.SegmentedRaftLogWorker (SegmentedRaftLogWorker.java:execute(569)) - 12a124ac-5800-4d9d-a708-502084c57585-SegmentedRaftLogWorker:Storage Directory /workdir/hadoop-ozone/ozonefs/target/test-dir/MiniOzoneClusterImpl-220b86cd-4451-44e8-8e13-531534607eb8/datanode-1/data/ratis/8308de18-4c05-45ee-ac53-a7d507a29728: created new log segment /workdir/hadoop-ozone/ozonefs/target/test-dir/MiniOzoneClusterImpl-220b86cd-4451-44e8-8e13-531534607eb8/datanode-1/data/ratis/8308de18-4c05-45ee-ac53-a7d507a29728/current/log_inprogress_0
2019-09-19 16:47:29,107 [12a124ac-5800-4d9d-a708-502084c57585:group-BE02ED68418D:LeaderElection96] INFO  impl.LeaderElection (LeaderElection.java:askForVotes(181)) - 12a124ac-5800-4d9d-a708-502084c57585:group-BE02ED68418D:LeaderElection96: begin an election at term 1 for -1: [12a124ac-5800-4d9d-a708-502084c57585:192.168.157.226:41511], old=null
2019-09-19 16:47:29,107 [12a124ac-5800-4d9d-a708-502084c57585-SegmentedRaftLogWorker:Storage Directory /workdir/hadoop-ozone/ozonefs/target/test-dir/MiniOzoneClusterImpl-220b86cd-4451-44e8-8e13-531534607eb8/datanode-1/data/ratis/a359a8d2-e851-4dcd-bfee-f7a2725d72c2] INFO  segmented.SegmentedRaftLogWorker (SegmentedRaftLogWorker.java:execute(569)) - 12a124ac-5800-4d9d-a708-502084c57585-SegmentedRaftLogWorker:Storage Directory /workdir/hadoop-ozone/ozonefs/target/test-dir/MiniOzoneClusterImpl-220b86cd-4451-44e8-8e13-531534607eb8/datanode-1/data/ratis/a359a8d2-e851-4dcd-bfee-f7a2725d72c2: created new log segment /workdir/hadoop-ozone/ozonefs/target/test-dir/MiniOzoneClusterImpl-220b86cd-4451-44e8-8e13-531534607eb8/datanode-1/data/ratis/a359a8d2-e851-4dcd-bfee-f7a2725d72c2/current/log_inprogress_0
2019-09-19 16:47:29,107 [12a124ac-5800-4d9d-a708-502084c57585:group-BE02ED68418D:LeaderElection96] INFO  impl.RoleInfo (RoleInfo.java:shutdownLeaderElection(134)) - 12a124ac-5800-4d9d-a708-502084c57585: shutdown LeaderElection
2019-09-19 16:47:29,108 [12a124ac-5800-4d9d-a708-502084c57585:group-BE02ED68418D:LeaderElection96] INFO  impl.RaftServerImpl (RaftServerImpl.java:setRole(171)) - 12a124ac-5800-4d9d-a708-502084c57585:group-BE02ED68418D changes role from CANDIDATE to LEADER at term 1 for changeToLeader
2019-09-19 16:47:29,108 [12a124ac-5800-4d9d-a708-502084c57585:group-BE02ED68418D:LeaderElection96] INFO  impl.RaftServerImpl (ServerState.java:setLeader(263)) - 12a124ac-5800-4d9d-a708-502084c57585:group-BE02ED68418D change Leader from null to 12a124ac-5800-4d9d-a708-502084c57585 at term 1 for becomeLeader, leader elected after 5129ms
2019-09-19 16:47:29,108 [12a124ac-5800-4d9d-a708-502084c57585:group-BE02ED68418D:LeaderElection96] INFO  server.RaftServerConfigKeys (ConfUtils.java:logGet(43)) - raft.server.staging.catchup.gap = 1000 (default)
2019-09-19 16:47:29,108 [12a124ac-5800-4d9d-a708-502084c57585:group-BE02ED68418D:LeaderElection96] INFO  server.RaftServerConfigKeys (ConfUtils.java:logGet(43)) - raft.server.rpc.sleep.time = 25ms (default)
2019-09-19 16:47:29,108 [12a124ac-5800-4d9d-a708-502084c57585:group-BE02ED68418D:LeaderElection96] INFO  server.RaftServerConfigKeys (ConfUtils.java:logGet(43)) - raft.server.write.element-limit = 4096 (default)
2019-09-19 16:47:29,109 [12a124ac-5800-4d9d-a708-502084c57585:group-BE02ED68418D:LeaderElection96] INFO  server.RaftServerConfigKeys (ConfUtils.java:logGet(43)) - raft.server.watch.timeout = 10s (default)
2019-09-19 16:47:29,109 [12a124ac-5800-4d9d-a708-502084c57585:group-BE02ED68418D:LeaderElection96] INFO  server.RaftServerConfigKeys (ConfUtils.java:logGet(43)) - raft.server.watch.timeout.denomination = 1s (default)
2019-09-19 16:47:29,109 [12a124ac-5800-4d9d-a708-502084c57585:group-BE02ED68418D:LeaderElection96] INFO  server.RaftServerConfigKeys (ConfUtils.java:logGet(43)) - raft.server.watch.element-limit = 65536 (default)
2019-09-19 16:47:29,109 [12a124ac-5800-4d9d-a708-502084c57585:group-BE02ED68418D:LeaderElection96] INFO  impl.RoleInfo (RoleInfo.java:updateAndGet(143)) - 12a124ac-5800-4d9d-a708-502084c57585: start LeaderState
2019-09-19 16:47:29,109 [12a124ac-5800-4d9d-a708-502084c57585:group-BE02ED68418D:LeaderElection96] INFO  segmented.SegmentedRaftLogWorker (SegmentedRaftLogWorker.java:startLogSegment(380)) - 12a124ac-5800-4d9d-a708-502084c57585-SegmentedRaftLogWorker:Storage Directory /workdir/hadoop-ozone/ozonefs/target/test-dir/MiniOzoneClusterImpl-220b86cd-4451-44e8-8e13-531534607eb8/datanode-1/data/ratis/d50d6dc0-ba7b-4221-b43c-be02ed68418d: Starting segment from index:0
2019-09-19 16:47:29,110 [12a124ac-5800-4d9d-a708-502084c57585:group-BE02ED68418D:LeaderElection96] INFO  impl.RaftServerImpl (ServerState.java:setRaftConf(361)) - 12a124ac-5800-4d9d-a708-502084c57585:group-BE02ED68418D set configuration 0: [12a124ac-5800-4d9d-a708-502084c57585:192.168.157.226:41511], old=null at 0
2019-09-19 16:47:29,153 [12a124ac-5800-4d9d-a708-502084c57585-SegmentedRaftLogWorker:Storage Directory /workdir/hadoop-ozone/ozonefs/target/test-dir/MiniOzoneClusterImpl-220b86cd-4451-44e8-8e13-531534607eb8/datanode-1/data/ratis/d50d6dc0-ba7b-4221-b43c-be02ed68418d] INFO  segmented.SegmentedRaftLogWorker (SegmentedRaftLogWorker.java:execute(569)) - 12a124ac-5800-4d9d-a708-502084c57585-SegmentedRaftLogWorker:Storage Directory /workdir/hadoop-ozone/ozonefs/target/test-dir/MiniOzoneClusterImpl-220b86cd-4451-44e8-8e13-531534607eb8/datanode-1/data/ratis/d50d6dc0-ba7b-4221-b43c-be02ed68418d: created new log segment /workdir/hadoop-ozone/ozonefs/target/test-dir/MiniOzoneClusterImpl-220b86cd-4451-44e8-8e13-531534607eb8/datanode-1/data/ratis/d50d6dc0-ba7b-4221-b43c-be02ed68418d/current/log_inprogress_0
2019-09-19 16:47:29,181 [Thread-1544] INFO  impl.FollowerState (FollowerState.java:run(106)) - 0160fd49-54d3-4cfd-b1ef-90ca4fe52f57:group-AC1D388C31F6 changes to CANDIDATE, lastRpcTime:5014, electionTimeout:5014ms
2019-09-19 16:47:29,181 [Thread-1544] INFO  impl.RoleInfo (RoleInfo.java:shutdownFollowerState(121)) - 0160fd49-54d3-4cfd-b1ef-90ca4fe52f57: shutdown FollowerState
2019-09-19 16:47:29,181 [Thread-1544] INFO  impl.RaftServerImpl (RaftServerImpl.java:setRole(171)) - 0160fd49-54d3-4cfd-b1ef-90ca4fe52f57:group-AC1D388C31F6 changes role from FOLLOWER to CANDIDATE at term 0 for changeToCandidate
2019-09-19 16:47:29,182 [Thread-1544] INFO  impl.RoleInfo (RoleInfo.java:updateAndGet(143)) - 0160fd49-54d3-4cfd-b1ef-90ca4fe52f57: start LeaderElection
2019-09-19 16:47:29,197 [0160fd49-54d3-4cfd-b1ef-90ca4fe52f57:group-AC1D388C31F6:LeaderElection97] INFO  impl.LeaderElection (LeaderElection.java:askForVotes(181)) - 0160fd49-54d3-4cfd-b1ef-90ca4fe52f57:group-AC1D388C31F6:LeaderElection97: begin an election at term 1 for -1: [0160fd49-54d3-4cfd-b1ef-90ca4fe52f57:192.168.157.226:45929], old=null
2019-09-19 16:47:29,197 [0160fd49-54d3-4cfd-b1ef-90ca4fe52f57:group-AC1D388C31F6:LeaderElection97] INFO  impl.RoleInfo (RoleInfo.java:shutdownLeaderElection(134)) - 0160fd49-54d3-4cfd-b1ef-90ca4fe52f57: shutdown LeaderElection
2019-09-19 16:47:29,197 [0160fd49-54d3-4cfd-b1ef-90ca4fe52f57:group-AC1D388C31F6:LeaderElection97] INFO  impl.RaftServerImpl (RaftServerImpl.java:setRole(171)) - 0160fd49-54d3-4cfd-b1ef-90ca4fe52f57:group-AC1D388C31F6 changes role from CANDIDATE to LEADER at term 1 for changeToLeader
2019-09-19 16:47:29,198 [0160fd49-54d3-4cfd-b1ef-90ca4fe52f57:group-AC1D388C31F6:LeaderElection97] INFO  impl.RaftServerImpl (ServerState.java:setLeader(263)) - 0160fd49-54d3-4cfd-b1ef-90ca4fe52f57:group-AC1D388C31F6 change Leader from null to 0160fd49-54d3-4cfd-b1ef-90ca4fe52f57 at term 1 for becomeLeader, leader elected after 5036ms
2019-09-19 16:47:29,198 [0160fd49-54d3-4cfd-b1ef-90ca4fe52f57:group-AC1D388C31F6:LeaderElection97] INFO  server.RaftServerConfigKeys (ConfUtils.java:logGet(43)) - raft.server.staging.catchup.gap = 1000 (default)
2019-09-19 16:47:29,198 [0160fd49-54d3-4cfd-b1ef-90ca4fe52f57:group-AC1D388C31F6:LeaderElection97] INFO  server.RaftServerConfigKeys (ConfUtils.java:logGet(43)) - raft.server.rpc.sleep.time = 25ms (default)
2019-09-19 16:47:29,198 [0160fd49-54d3-4cfd-b1ef-90ca4fe52f57:group-AC1D388C31F6:LeaderElection97] INFO  server.RaftServerConfigKeys (ConfUtils.java:logGet(43)) - raft.server.write.element-limit = 4096 (default)
2019-09-19 16:47:29,198 [0160fd49-54d3-4cfd-b1ef-90ca4fe52f57:group-AC1D388C31F6:LeaderElection97] INFO  server.RaftServerConfigKeys (ConfUtils.java:logGet(43)) - raft.server.watch.timeout = 10s (default)
2019-09-19 16:47:29,198 [0160fd49-54d3-4cfd-b1ef-90ca4fe52f57:group-AC1D388C31F6:LeaderElection97] INFO  server.RaftServerConfigKeys (ConfUtils.java:logGet(43)) - raft.server.watch.timeout.denomination = 1s (default)
2019-09-19 16:47:29,198 [0160fd49-54d3-4cfd-b1ef-90ca4fe52f57:group-AC1D388C31F6:LeaderElection97] INFO  server.RaftServerConfigKeys (ConfUtils.java:logGet(43)) - raft.server.watch.element-limit = 65536 (default)
2019-09-19 16:47:29,199 [0160fd49-54d3-4cfd-b1ef-90ca4fe52f57:group-AC1D388C31F6:LeaderElection97] INFO  impl.RoleInfo (RoleInfo.java:updateAndGet(143)) - 0160fd49-54d3-4cfd-b1ef-90ca4fe52f57: start LeaderState
2019-09-19 16:47:29,199 [0160fd49-54d3-4cfd-b1ef-90ca4fe52f57:group-AC1D388C31F6:LeaderElection97] INFO  segmented.SegmentedRaftLogWorker (SegmentedRaftLogWorker.java:startLogSegment(380)) - 0160fd49-54d3-4cfd-b1ef-90ca4fe52f57-SegmentedRaftLogWorker:Storage Directory /workdir/hadoop-ozone/ozonefs/target/test-dir/MiniOzoneClusterImpl-220b86cd-4451-44e8-8e13-531534607eb8/datanode-2/data/ratis/e8a0b254-7dc7-4c0d-b2ac-ac1d388c31f6: Starting segment from index:0
2019-09-19 16:47:29,199 [0160fd49-54d3-4cfd-b1ef-90ca4fe52f57:group-AC1D388C31F6:LeaderElection97] INFO  impl.RaftServerImpl (ServerState.java:setRaftConf(361)) - 0160fd49-54d3-4cfd-b1ef-90ca4fe52f57:group-AC1D388C31F6 set configuration 0: [0160fd49-54d3-4cfd-b1ef-90ca4fe52f57:192.168.157.226:45929], old=null at 0
2019-09-19 16:47:29,202 [Thread-1535] INFO  impl.FollowerState (FollowerState.java:run(106)) - 12a124ac-5800-4d9d-a708-502084c57585:group-BD8B0B28C36A changes to CANDIDATE, lastRpcTime:5179, electionTimeout:5179ms
2019-09-19 16:47:29,202 [Thread-1535] INFO  impl.RoleInfo (RoleInfo.java:shutdownFollowerState(121)) - 12a124ac-5800-4d9d-a708-502084c57585: shutdown FollowerState
2019-09-19 16:47:29,202 [Thread-1535] INFO  impl.RaftServerImpl (RaftServerImpl.java:setRole(171)) - 12a124ac-5800-4d9d-a708-502084c57585:group-BD8B0B28C36A changes role from FOLLOWER to CANDIDATE at term 0 for changeToCandidate
2019-09-19 16:47:29,202 [Thread-1535] INFO  impl.RoleInfo (RoleInfo.java:updateAndGet(143)) - 12a124ac-5800-4d9d-a708-502084c57585: start LeaderElection
2019-09-19 16:47:29,239 [Thread-1538] INFO  impl.FollowerState (FollowerState.java:run(106)) - 0160fd49-54d3-4cfd-b1ef-90ca4fe52f57:group-5299FBAE860A changes to CANDIDATE, lastRpcTime:5169, electionTimeout:5136ms
2019-09-19 16:47:29,239 [Thread-1538] INFO  impl.RoleInfo (RoleInfo.java:shutdownFollowerState(121)) - 0160fd49-54d3-4cfd-b1ef-90ca4fe52f57: shutdown FollowerState
2019-09-19 16:47:29,239 [Thread-1538] INFO  impl.RaftServerImpl (RaftServerImpl.java:setRole(171)) - 0160fd49-54d3-4cfd-b1ef-90ca4fe52f57:group-5299FBAE860A changes role from FOLLOWER to CANDIDATE at term 0 for changeToCandidate
2019-09-19 16:47:29,239 [Thread-1538] INFO  impl.RoleInfo (RoleInfo.java:updateAndGet(143)) - 0160fd49-54d3-4cfd-b1ef-90ca4fe52f57: start LeaderElection
2019-09-19 16:47:29,252 [0160fd49-54d3-4cfd-b1ef-90ca4fe52f57-SegmentedRaftLogWorker:Storage Directory /workdir/hadoop-ozone/ozonefs/target/test-dir/MiniOzoneClusterImpl-220b86cd-4451-44e8-8e13-531534607eb8/datanode-2/data/ratis/e8a0b254-7dc7-4c0d-b2ac-ac1d388c31f6] INFO  segmented.SegmentedRaftLogWorker (SegmentedRaftLogWorker.java:execute(569)) - 0160fd49-54d3-4cfd-b1ef-90ca4fe52f57-SegmentedRaftLogWorker:Storage Directory /workdir/hadoop-ozone/ozonefs/target/test-dir/MiniOzoneClusterImpl-220b86cd-4451-44e8-8e13-531534607eb8/datanode-2/data/ratis/e8a0b254-7dc7-4c0d-b2ac-ac1d388c31f6: created new log segment /workdir/hadoop-ozone/ozonefs/target/test-dir/MiniOzoneClusterImpl-220b86cd-4451-44e8-8e13-531534607eb8/datanode-2/data/ratis/e8a0b254-7dc7-4c0d-b2ac-ac1d388c31f6/current/log_inprogress_0
2019-09-19 16:47:29,252 [0160fd49-54d3-4cfd-b1ef-90ca4fe52f57:group-5299FBAE860A:LeaderElection99] INFO  impl.LeaderElection (LeaderElection.java:askForVotes(181)) - 0160fd49-54d3-4cfd-b1ef-90ca4fe52f57:group-5299FBAE860A:LeaderElection99: begin an election at term 1 for -1: [0160fd49-54d3-4cfd-b1ef-90ca4fe52f57:192.168.157.226:45929], old=null
2019-09-19 16:47:29,252 [12a124ac-5800-4d9d-a708-502084c57585:group-BD8B0B28C36A:LeaderElection98] INFO  impl.LeaderElection (LeaderElection.java:askForVotes(181)) - 12a124ac-5800-4d9d-a708-502084c57585:group-BD8B0B28C36A:LeaderElection98: begin an election at term 1 for -1: [12a124ac-5800-4d9d-a708-502084c57585:192.168.157.226:41511], old=null
2019-09-19 16:47:29,252 [0160fd49-54d3-4cfd-b1ef-90ca4fe52f57:group-5299FBAE860A:LeaderElection99] INFO  impl.RoleInfo (RoleInfo.java:shutdownLeaderElection(134)) - 0160fd49-54d3-4cfd-b1ef-90ca4fe52f57: shutdown LeaderElection
2019-09-19 16:47:29,252 [12a124ac-5800-4d9d-a708-502084c57585:group-BD8B0B28C36A:LeaderElection98] INFO  impl.RoleInfo (RoleInfo.java:shutdownLeaderElection(134)) - 12a124ac-5800-4d9d-a708-502084c57585: shutdown LeaderElection
2019-09-19 16:47:29,253 [0160fd49-54d3-4cfd-b1ef-90ca4fe52f57:group-5299FBAE860A:LeaderElection99] INFO  impl.RaftServerImpl (RaftServerImpl.java:setRole(171)) - 0160fd49-54d3-4cfd-b1ef-90ca4fe52f57:group-5299FBAE860A changes role from CANDIDATE to LEADER at term 1 for changeToLeader
2019-09-19 16:47:29,253 [12a124ac-5800-4d9d-a708-502084c57585:group-BD8B0B28C36A:LeaderElection98] INFO  impl.RaftServerImpl (RaftServerImpl.java:setRole(171)) - 12a124ac-5800-4d9d-a708-502084c57585:group-BD8B0B28C36A changes role from CANDIDATE to LEADER at term 1 for changeToLeader
2019-09-19 16:47:29,253 [0160fd49-54d3-4cfd-b1ef-90ca4fe52f57:group-5299FBAE860A:LeaderElection99] INFO  impl.RaftServerImpl (ServerState.java:setLeader(263)) - 0160fd49-54d3-4cfd-b1ef-90ca4fe52f57:group-5299FBAE860A change Leader from null to 0160fd49-54d3-4cfd-b1ef-90ca4fe52f57 at term 1 for becomeLeader, leader elected after 5188ms
2019-09-19 16:47:29,253 [12a124ac-5800-4d9d-a708-502084c57585:group-BD8B0B28C36A:LeaderElection98] INFO  impl.RaftServerImpl (ServerState.java:setLeader(263)) - 12a124ac-5800-4d9d-a708-502084c57585:group-BD8B0B28C36A change Leader from null to 12a124ac-5800-4d9d-a708-502084c57585 at term 1 for becomeLeader, leader elected after 5234ms
2019-09-19 16:47:29,253 [0160fd49-54d3-4cfd-b1ef-90ca4fe52f57:group-5299FBAE860A:LeaderElection99] INFO  server.RaftServerConfigKeys (ConfUtils.java:logGet(43)) - raft.server.staging.catchup.gap = 1000 (default)
2019-09-19 16:47:29,253 [12a124ac-5800-4d9d-a708-502084c57585:group-BD8B0B28C36A:LeaderElection98] INFO  server.RaftServerConfigKeys (ConfUtils.java:logGet(43)) - raft.server.staging.catchup.gap = 1000 (default)
2019-09-19 16:47:29,253 [0160fd49-54d3-4cfd-b1ef-90ca4fe52f57:group-5299FBAE860A:LeaderElection99] INFO  server.RaftServerConfigKeys (ConfUtils.java:logGet(43)) - raft.server.rpc.sleep.time = 25ms (default)
2019-09-19 16:47:29,253 [12a124ac-5800-4d9d-a708-502084c57585:group-BD8B0B28C36A:LeaderElection98] INFO  server.RaftServerConfigKeys (ConfUtils.java:logGet(43)) - raft.server.rpc.sleep.time = 25ms (default)
2019-09-19 16:47:29,254 [0160fd49-54d3-4cfd-b1ef-90ca4fe52f57:group-5299FBAE860A:LeaderElection99] INFO  server.RaftServerConfigKeys (ConfUtils.java:logGet(43)) - raft.server.write.element-limit = 4096 (default)
2019-09-19 16:47:29,254 [12a124ac-5800-4d9d-a708-502084c57585:group-BD8B0B28C36A:LeaderElection98] INFO  server.RaftServerConfigKeys (ConfUtils.java:logGet(43)) - raft.server.write.element-limit = 4096 (default)
2019-09-19 16:47:29,254 [0160fd49-54d3-4cfd-b1ef-90ca4fe52f57:group-5299FBAE860A:LeaderElection99] INFO  server.RaftServerConfigKeys (ConfUtils.java:logGet(43)) - raft.server.watch.timeout = 10s (default)
2019-09-19 16:47:29,254 [12a124ac-5800-4d9d-a708-502084c57585:group-BD8B0B28C36A:LeaderElection98] INFO  server.RaftServerConfigKeys (ConfUtils.java:logGet(43)) - raft.server.watch.timeout = 10s (default)
2019-09-19 16:47:29,254 [0160fd49-54d3-4cfd-b1ef-90ca4fe52f57:group-5299FBAE860A:LeaderElection99] INFO  server.RaftServerConfigKeys (ConfUtils.java:logGet(43)) - raft.server.watch.timeout.denomination = 1s (default)
2019-09-19 16:47:29,254 [12a124ac-5800-4d9d-a708-502084c57585:group-BD8B0B28C36A:LeaderElection98] INFO  server.RaftServerConfigKeys (ConfUtils.java:logGet(43)) - raft.server.watch.timeout.denomination = 1s (default)
2019-09-19 16:47:29,254 [0160fd49-54d3-4cfd-b1ef-90ca4fe52f57:group-5299FBAE860A:LeaderElection99] INFO  server.RaftServerConfigKeys (ConfUtils.java:logGet(43)) - raft.server.watch.element-limit = 65536 (default)
2019-09-19 16:47:29,254 [12a124ac-5800-4d9d-a708-502084c57585:group-BD8B0B28C36A:LeaderElection98] INFO  server.RaftServerConfigKeys (ConfUtils.java:logGet(43)) - raft.server.watch.element-limit = 65536 (default)
2019-09-19 16:47:29,255 [0160fd49-54d3-4cfd-b1ef-90ca4fe52f57:group-5299FBAE860A:LeaderElection99] INFO  impl.RoleInfo (RoleInfo.java:updateAndGet(143)) - 0160fd49-54d3-4cfd-b1ef-90ca4fe52f57: start LeaderState
2019-09-19 16:47:29,255 [12a124ac-5800-4d9d-a708-502084c57585:group-BD8B0B28C36A:LeaderElection98] INFO  impl.RoleInfo (RoleInfo.java:updateAndGet(143)) - 12a124ac-5800-4d9d-a708-502084c57585: start LeaderState
2019-09-19 16:47:29,255 [0160fd49-54d3-4cfd-b1ef-90ca4fe52f57:group-5299FBAE860A:LeaderElection99] INFO  segmented.SegmentedRaftLogWorker (SegmentedRaftLogWorker.java:startLogSegment(380)) - 0160fd49-54d3-4cfd-b1ef-90ca4fe52f57-SegmentedRaftLogWorker:Storage Directory /workdir/hadoop-ozone/ozonefs/target/test-dir/MiniOzoneClusterImpl-220b86cd-4451-44e8-8e13-531534607eb8/datanode-2/data/ratis/41212c98-53e3-4213-8f43-5299fbae860a: Starting segment from index:0
2019-09-19 16:47:29,255 [12a124ac-5800-4d9d-a708-502084c57585:group-BD8B0B28C36A:LeaderElection98] INFO  segmented.SegmentedRaftLogWorker (SegmentedRaftLogWorker.java:startLogSegment(380)) - 12a124ac-5800-4d9d-a708-502084c57585-SegmentedRaftLogWorker:Storage Directory /workdir/hadoop-ozone/ozonefs/target/test-dir/MiniOzoneClusterImpl-220b86cd-4451-44e8-8e13-531534607eb8/datanode-1/data/ratis/e2a7027b-16fb-4dff-8854-bd8b0b28c36a: Starting segment from index:0
2019-09-19 16:47:29,256 [12a124ac-5800-4d9d-a708-502084c57585:group-BD8B0B28C36A:LeaderElection98] INFO  impl.RaftServerImpl (ServerState.java:setRaftConf(361)) - 12a124ac-5800-4d9d-a708-502084c57585:group-BD8B0B28C36A set configuration 0: [12a124ac-5800-4d9d-a708-502084c57585:192.168.157.226:41511], old=null at 0
2019-09-19 16:47:29,256 [0160fd49-54d3-4cfd-b1ef-90ca4fe52f57:group-5299FBAE860A:LeaderElection99] INFO  impl.RaftServerImpl (ServerState.java:setRaftConf(361)) - 0160fd49-54d3-4cfd-b1ef-90ca4fe52f57:group-5299FBAE860A set configuration 0: [0160fd49-54d3-4cfd-b1ef-90ca4fe52f57:192.168.157.226:45929], old=null at 0
2019-09-19 16:47:29,305 [0160fd49-54d3-4cfd-b1ef-90ca4fe52f57-SegmentedRaftLogWorker:Storage Directory /workdir/hadoop-ozone/ozonefs/target/test-dir/MiniOzoneClusterImpl-220b86cd-4451-44e8-8e13-531534607eb8/datanode-2/data/ratis/41212c98-53e3-4213-8f43-5299fbae860a] INFO  segmented.SegmentedRaftLogWorker (SegmentedRaftLogWorker.java:execute(569)) - 0160fd49-54d3-4cfd-b1ef-90ca4fe52f57-SegmentedRaftLogWorker:Storage Directory /workdir/hadoop-ozone/ozonefs/target/test-dir/MiniOzoneClusterImpl-220b86cd-4451-44e8-8e13-531534607eb8/datanode-2/data/ratis/41212c98-53e3-4213-8f43-5299fbae860a: created new log segment /workdir/hadoop-ozone/ozonefs/target/test-dir/MiniOzoneClusterImpl-220b86cd-4451-44e8-8e13-531534607eb8/datanode-2/data/ratis/41212c98-53e3-4213-8f43-5299fbae860a/current/log_inprogress_0
2019-09-19 16:47:29,305 [12a124ac-5800-4d9d-a708-502084c57585-SegmentedRaftLogWorker:Storage Directory /workdir/hadoop-ozone/ozonefs/target/test-dir/MiniOzoneClusterImpl-220b86cd-4451-44e8-8e13-531534607eb8/datanode-1/data/ratis/e2a7027b-16fb-4dff-8854-bd8b0b28c36a] INFO  segmented.SegmentedRaftLogWorker (SegmentedRaftLogWorker.java:execute(569)) - 12a124ac-5800-4d9d-a708-502084c57585-SegmentedRaftLogWorker:Storage Directory /workdir/hadoop-ozone/ozonefs/target/test-dir/MiniOzoneClusterImpl-220b86cd-4451-44e8-8e13-531534607eb8/datanode-1/data/ratis/e2a7027b-16fb-4dff-8854-bd8b0b28c36a: created new log segment /workdir/hadoop-ozone/ozonefs/target/test-dir/MiniOzoneClusterImpl-220b86cd-4451-44e8-8e13-531534607eb8/datanode-1/data/ratis/e2a7027b-16fb-4dff-8854-bd8b0b28c36a/current/log_inprogress_0
2019-09-19 16:47:29,321 [Thread-1541] INFO  impl.FollowerState (FollowerState.java:run(106)) - 0160fd49-54d3-4cfd-b1ef-90ca4fe52f57:group-C98FFC8DB4CB changes to CANDIDATE, lastRpcTime:5196, electionTimeout:5196ms
2019-09-19 16:47:29,321 [Thread-1541] INFO  impl.RoleInfo (RoleInfo.java:shutdownFollowerState(121)) - 0160fd49-54d3-4cfd-b1ef-90ca4fe52f57: shutdown FollowerState
2019-09-19 16:47:29,321 [Thread-1541] INFO  impl.RaftServerImpl (RaftServerImpl.java:setRole(171)) - 0160fd49-54d3-4cfd-b1ef-90ca4fe52f57:group-C98FFC8DB4CB changes role from FOLLOWER to CANDIDATE at term 0 for changeToCandidate
2019-09-19 16:47:29,321 [Thread-1541] INFO  impl.RoleInfo (RoleInfo.java:updateAndGet(143)) - 0160fd49-54d3-4cfd-b1ef-90ca4fe52f57: start LeaderElection
2019-09-19 16:47:29,337 [0160fd49-54d3-4cfd-b1ef-90ca4fe52f57:group-C98FFC8DB4CB:LeaderElection100] INFO  impl.LeaderElection (LeaderElection.java:askForVotes(181)) - 0160fd49-54d3-4cfd-b1ef-90ca4fe52f57:group-C98FFC8DB4CB:LeaderElection100: begin an election at term 1 for -1: [0160fd49-54d3-4cfd-b1ef-90ca4fe52f57:192.168.157.226:45929], old=null
2019-09-19 16:47:29,337 [0160fd49-54d3-4cfd-b1ef-90ca4fe52f57:group-C98FFC8DB4CB:LeaderElection100] INFO  impl.RoleInfo (RoleInfo.java:shutdownLeaderElection(134)) - 0160fd49-54d3-4cfd-b1ef-90ca4fe52f57: shutdown LeaderElection
2019-09-19 16:47:29,338 [0160fd49-54d3-4cfd-b1ef-90ca4fe52f57:group-C98FFC8DB4CB:LeaderElection100] INFO  impl.RaftServerImpl (RaftServerImpl.java:setRole(171)) - 0160fd49-54d3-4cfd-b1ef-90ca4fe52f57:group-C98FFC8DB4CB changes role from CANDIDATE to LEADER at term 1 for changeToLeader
2019-09-19 16:47:29,338 [0160fd49-54d3-4cfd-b1ef-90ca4fe52f57:group-C98FFC8DB4CB:LeaderElection100] INFO  impl.RaftServerImpl (ServerState.java:setLeader(263)) - 0160fd49-54d3-4cfd-b1ef-90ca4fe52f57:group-C98FFC8DB4CB change Leader from null to 0160fd49-54d3-4cfd-b1ef-90ca4fe52f57 at term 1 for becomeLeader, leader elected after 5217ms
2019-09-19 16:47:29,338 [0160fd49-54d3-4cfd-b1ef-90ca4fe52f57:group-C98FFC8DB4CB:LeaderElection100] INFO  server.RaftServerConfigKeys (ConfUtils.java:logGet(43)) - raft.server.staging.catchup.gap = 1000 (default)
2019-09-19 16:47:29,338 [0160fd49-54d3-4cfd-b1ef-90ca4fe52f57:group-C98FFC8DB4CB:LeaderElection100] INFO  server.RaftServerConfigKeys (ConfUtils.java:logGet(43)) - raft.server.rpc.sleep.time = 25ms (default)
2019-09-19 16:47:29,338 [0160fd49-54d3-4cfd-b1ef-90ca4fe52f57:group-C98FFC8DB4CB:LeaderElection100] INFO  server.RaftServerConfigKeys (ConfUtils.java:logGet(43)) - raft.server.write.element-limit = 4096 (default)
2019-09-19 16:47:29,339 [0160fd49-54d3-4cfd-b1ef-90ca4fe52f57:group-C98FFC8DB4CB:LeaderElection100] INFO  server.RaftServerConfigKeys (ConfUtils.java:logGet(43)) - raft.server.watch.timeout = 10s (default)
2019-09-19 16:47:29,339 [0160fd49-54d3-4cfd-b1ef-90ca4fe52f57:group-C98FFC8DB4CB:LeaderElection100] INFO  server.RaftServerConfigKeys (ConfUtils.java:logGet(43)) - raft.server.watch.timeout.denomination = 1s (default)
2019-09-19 16:47:29,339 [0160fd49-54d3-4cfd-b1ef-90ca4fe52f57:group-C98FFC8DB4CB:LeaderElection100] INFO  server.RaftServerConfigKeys (ConfUtils.java:logGet(43)) - raft.server.watch.element-limit = 65536 (default)
2019-09-19 16:47:29,339 [0160fd49-54d3-4cfd-b1ef-90ca4fe52f57:group-C98FFC8DB4CB:LeaderElection100] INFO  impl.RoleInfo (RoleInfo.java:updateAndGet(143)) - 0160fd49-54d3-4cfd-b1ef-90ca4fe52f57: start LeaderState
2019-09-19 16:47:29,339 [0160fd49-54d3-4cfd-b1ef-90ca4fe52f57:group-C98FFC8DB4CB:LeaderElection100] INFO  segmented.SegmentedRaftLogWorker (SegmentedRaftLogWorker.java:startLogSegment(380)) - 0160fd49-54d3-4cfd-b1ef-90ca4fe52f57-SegmentedRaftLogWorker:Storage Directory /workdir/hadoop-ozone/ozonefs/target/test-dir/MiniOzoneClusterImpl-220b86cd-4451-44e8-8e13-531534607eb8/datanode-2/data/ratis/6674b9b8-1c6c-4d1c-a908-c98ffc8db4cb: Starting segment from index:0
2019-09-19 16:47:29,340 [0160fd49-54d3-4cfd-b1ef-90ca4fe52f57:group-C98FFC8DB4CB:LeaderElection100] INFO  impl.RaftServerImpl (ServerState.java:setRaftConf(361)) - 0160fd49-54d3-4cfd-b1ef-90ca4fe52f57:group-C98FFC8DB4CB set configuration 0: [0160fd49-54d3-4cfd-b1ef-90ca4fe52f57:192.168.157.226:45929], old=null at 0
2019-09-19 16:47:29,347 [Thread-1547] INFO  impl.FollowerState (FollowerState.java:run(106)) - 0160fd49-54d3-4cfd-b1ef-90ca4fe52f57:group-16C7668C07AB changes to CANDIDATE, lastRpcTime:5138, electionTimeout:5138ms
2019-09-19 16:47:29,347 [Thread-1547] INFO  impl.RoleInfo (RoleInfo.java:shutdownFollowerState(121)) - 0160fd49-54d3-4cfd-b1ef-90ca4fe52f57: shutdown FollowerState
2019-09-19 16:47:29,347 [Thread-1547] INFO  impl.RaftServerImpl (RaftServerImpl.java:setRole(171)) - 0160fd49-54d3-4cfd-b1ef-90ca4fe52f57:group-16C7668C07AB changes role from FOLLOWER to CANDIDATE at term 0 for changeToCandidate
2019-09-19 16:47:29,347 [Thread-1547] INFO  impl.RoleInfo (RoleInfo.java:updateAndGet(143)) - 0160fd49-54d3-4cfd-b1ef-90ca4fe52f57: start LeaderElection
2019-09-19 16:47:29,390 [0160fd49-54d3-4cfd-b1ef-90ca4fe52f57-SegmentedRaftLogWorker:Storage Directory /workdir/hadoop-ozone/ozonefs/target/test-dir/MiniOzoneClusterImpl-220b86cd-4451-44e8-8e13-531534607eb8/datanode-2/data/ratis/6674b9b8-1c6c-4d1c-a908-c98ffc8db4cb] INFO  segmented.SegmentedRaftLogWorker (SegmentedRaftLogWorker.java:execute(569)) - 0160fd49-54d3-4cfd-b1ef-90ca4fe52f57-SegmentedRaftLogWorker:Storage Directory /workdir/hadoop-ozone/ozonefs/target/test-dir/MiniOzoneClusterImpl-220b86cd-4451-44e8-8e13-531534607eb8/datanode-2/data/ratis/6674b9b8-1c6c-4d1c-a908-c98ffc8db4cb: created new log segment /workdir/hadoop-ozone/ozonefs/target/test-dir/MiniOzoneClusterImpl-220b86cd-4451-44e8-8e13-531534607eb8/datanode-2/data/ratis/6674b9b8-1c6c-4d1c-a908-c98ffc8db4cb/current/log_inprogress_0
2019-09-19 16:47:29,390 [0160fd49-54d3-4cfd-b1ef-90ca4fe52f57:group-16C7668C07AB:LeaderElection101] INFO  impl.LeaderElection (LeaderElection.java:askForVotes(181)) - 0160fd49-54d3-4cfd-b1ef-90ca4fe52f57:group-16C7668C07AB:LeaderElection101: begin an election at term 1 for -1: [0160fd49-54d3-4cfd-b1ef-90ca4fe52f57:192.168.157.226:45929], old=null
2019-09-19 16:47:29,390 [0160fd49-54d3-4cfd-b1ef-90ca4fe52f57:group-16C7668C07AB:LeaderElection101] INFO  impl.RoleInfo (RoleInfo.java:shutdownLeaderElection(134)) - 0160fd49-54d3-4cfd-b1ef-90ca4fe52f57: shutdown LeaderElection
2019-09-19 16:47:29,391 [0160fd49-54d3-4cfd-b1ef-90ca4fe52f57:group-16C7668C07AB:LeaderElection101] INFO  impl.RaftServerImpl (RaftServerImpl.java:setRole(171)) - 0160fd49-54d3-4cfd-b1ef-90ca4fe52f57:group-16C7668C07AB changes role from CANDIDATE to LEADER at term 1 for changeToLeader
2019-09-19 16:47:29,391 [0160fd49-54d3-4cfd-b1ef-90ca4fe52f57:group-16C7668C07AB:LeaderElection101] INFO  impl.RaftServerImpl (ServerState.java:setLeader(263)) - 0160fd49-54d3-4cfd-b1ef-90ca4fe52f57:group-16C7668C07AB change Leader from null to 0160fd49-54d3-4cfd-b1ef-90ca4fe52f57 at term 1 for becomeLeader, leader elected after 5185ms
2019-09-19 16:47:29,391 [0160fd49-54d3-4cfd-b1ef-90ca4fe52f57:group-16C7668C07AB:LeaderElection101] INFO  server.RaftServerConfigKeys (ConfUtils.java:logGet(43)) - raft.server.staging.catchup.gap = 1000 (default)
2019-09-19 16:47:29,391 [0160fd49-54d3-4cfd-b1ef-90ca4fe52f57:group-16C7668C07AB:LeaderElection101] INFO  server.RaftServerConfigKeys (ConfUtils.java:logGet(43)) - raft.server.rpc.sleep.time = 25ms (default)
2019-09-19 16:47:29,391 [0160fd49-54d3-4cfd-b1ef-90ca4fe52f57:group-16C7668C07AB:LeaderElection101] INFO  server.RaftServerConfigKeys (ConfUtils.java:logGet(43)) - raft.server.write.element-limit = 4096 (default)
2019-09-19 16:47:29,391 [0160fd49-54d3-4cfd-b1ef-90ca4fe52f57:group-16C7668C07AB:LeaderElection101] INFO  server.RaftServerConfigKeys (ConfUtils.java:logGet(43)) - raft.server.watch.timeout = 10s (default)
2019-09-19 16:47:29,392 [0160fd49-54d3-4cfd-b1ef-90ca4fe52f57:group-16C7668C07AB:LeaderElection101] INFO  server.RaftServerConfigKeys (ConfUtils.java:logGet(43)) - raft.server.watch.timeout.denomination = 1s (default)
2019-09-19 16:47:29,392 [0160fd49-54d3-4cfd-b1ef-90ca4fe52f57:group-16C7668C07AB:LeaderElection101] INFO  server.RaftServerConfigKeys (ConfUtils.java:logGet(43)) - raft.server.watch.element-limit = 65536 (default)
2019-09-19 16:47:29,392 [0160fd49-54d3-4cfd-b1ef-90ca4fe52f57:group-16C7668C07AB:LeaderElection101] INFO  impl.RoleInfo (RoleInfo.java:updateAndGet(143)) - 0160fd49-54d3-4cfd-b1ef-90ca4fe52f57: start LeaderState
2019-09-19 16:47:29,392 [0160fd49-54d3-4cfd-b1ef-90ca4fe52f57:group-16C7668C07AB:LeaderElection101] INFO  segmented.SegmentedRaftLogWorker (SegmentedRaftLogWorker.java:startLogSegment(380)) - 0160fd49-54d3-4cfd-b1ef-90ca4fe52f57-SegmentedRaftLogWorker:Storage Directory /workdir/hadoop-ozone/ozonefs/target/test-dir/MiniOzoneClusterImpl-220b86cd-4451-44e8-8e13-531534607eb8/datanode-2/data/ratis/7da3786a-cf7d-464b-aede-16c7668c07ab: Starting segment from index:0
2019-09-19 16:47:29,393 [0160fd49-54d3-4cfd-b1ef-90ca4fe52f57:group-16C7668C07AB:LeaderElection101] INFO  impl.RaftServerImpl (ServerState.java:setRaftConf(361)) - 0160fd49-54d3-4cfd-b1ef-90ca4fe52f57:group-16C7668C07AB set configuration 0: [0160fd49-54d3-4cfd-b1ef-90ca4fe52f57:192.168.157.226:45929], old=null at 0
2019-09-19 16:47:29,456 [0160fd49-54d3-4cfd-b1ef-90ca4fe52f57-SegmentedRaftLogWorker:Storage Directory /workdir/hadoop-ozone/ozonefs/target/test-dir/MiniOzoneClusterImpl-220b86cd-4451-44e8-8e13-531534607eb8/datanode-2/data/ratis/7da3786a-cf7d-464b-aede-16c7668c07ab] INFO  segmented.SegmentedRaftLogWorker (SegmentedRaftLogWorker.java:execute(569)) - 0160fd49-54d3-4cfd-b1ef-90ca4fe52f57-SegmentedRaftLogWorker:Storage Directory /workdir/hadoop-ozone/ozonefs/target/test-dir/MiniOzoneClusterImpl-220b86cd-4451-44e8-8e13-531534607eb8/datanode-2/data/ratis/7da3786a-cf7d-464b-aede-16c7668c07ab: created new log segment /workdir/hadoop-ozone/ozonefs/target/test-dir/MiniOzoneClusterImpl-220b86cd-4451-44e8-8e13-531534607eb8/datanode-2/data/ratis/7da3786a-cf7d-464b-aede-16c7668c07ab/current/log_inprogress_0
2019-09-19 16:47:29,477 [Thread-1550] INFO  impl.FollowerState (FollowerState.java:run(106)) - 0160fd49-54d3-4cfd-b1ef-90ca4fe52f57:group-81CF8D0CE298 changes to CANDIDATE, lastRpcTime:5169, electionTimeout:5169ms
2019-09-19 16:47:29,477 [Thread-1550] INFO  impl.RoleInfo (RoleInfo.java:shutdownFollowerState(121)) - 0160fd49-54d3-4cfd-b1ef-90ca4fe52f57: shutdown FollowerState
2019-09-19 16:47:29,477 [Thread-1550] INFO  impl.RaftServerImpl (RaftServerImpl.java:setRole(171)) - 0160fd49-54d3-4cfd-b1ef-90ca4fe52f57:group-81CF8D0CE298 changes role from FOLLOWER to CANDIDATE at term 0 for changeToCandidate
2019-09-19 16:47:29,477 [Thread-1550] INFO  impl.RoleInfo (RoleInfo.java:updateAndGet(143)) - 0160fd49-54d3-4cfd-b1ef-90ca4fe52f57: start LeaderElection
2019-09-19 16:47:29,493 [0160fd49-54d3-4cfd-b1ef-90ca4fe52f57:group-81CF8D0CE298:LeaderElection102] INFO  impl.LeaderElection (LeaderElection.java:askForVotes(181)) - 0160fd49-54d3-4cfd-b1ef-90ca4fe52f57:group-81CF8D0CE298:LeaderElection102: begin an election at term 1 for -1: [0160fd49-54d3-4cfd-b1ef-90ca4fe52f57:192.168.157.226:45929], old=null
2019-09-19 16:47:29,493 [0160fd49-54d3-4cfd-b1ef-90ca4fe52f57:group-81CF8D0CE298:LeaderElection102] INFO  impl.RoleInfo (RoleInfo.java:shutdownLeaderElection(134)) - 0160fd49-54d3-4cfd-b1ef-90ca4fe52f57: shutdown LeaderElection
2019-09-19 16:47:29,493 [0160fd49-54d3-4cfd-b1ef-90ca4fe52f57:group-81CF8D0CE298:LeaderElection102] INFO  impl.RaftServerImpl (RaftServerImpl.java:setRole(171)) - 0160fd49-54d3-4cfd-b1ef-90ca4fe52f57:group-81CF8D0CE298 changes role from CANDIDATE to LEADER at term 1 for changeToLeader
2019-09-19 16:47:29,493 [0160fd49-54d3-4cfd-b1ef-90ca4fe52f57:group-81CF8D0CE298:LeaderElection102] INFO  impl.RaftServerImpl (ServerState.java:setLeader(263)) - 0160fd49-54d3-4cfd-b1ef-90ca4fe52f57:group-81CF8D0CE298 change Leader from null to 0160fd49-54d3-4cfd-b1ef-90ca4fe52f57 at term 1 for becomeLeader, leader elected after 5191ms
2019-09-19 16:47:29,493 [0160fd49-54d3-4cfd-b1ef-90ca4fe52f57:group-81CF8D0CE298:LeaderElection102] INFO  server.RaftServerConfigKeys (ConfUtils.java:logGet(43)) - raft.server.staging.catchup.gap = 1000 (default)
2019-09-19 16:47:29,493 [0160fd49-54d3-4cfd-b1ef-90ca4fe52f57:group-81CF8D0CE298:LeaderElection102] INFO  server.RaftServerConfigKeys (ConfUtils.java:logGet(43)) - raft.server.rpc.sleep.time = 25ms (default)
2019-09-19 16:47:29,494 [0160fd49-54d3-4cfd-b1ef-90ca4fe52f57:group-81CF8D0CE298:LeaderElection102] INFO  server.RaftServerConfigKeys (ConfUtils.java:logGet(43)) - raft.server.write.element-limit = 4096 (default)
2019-09-19 16:47:29,494 [0160fd49-54d3-4cfd-b1ef-90ca4fe52f57:group-81CF8D0CE298:LeaderElection102] INFO  server.RaftServerConfigKeys (ConfUtils.java:logGet(43)) - raft.server.watch.timeout = 10s (default)
2019-09-19 16:47:29,494 [0160fd49-54d3-4cfd-b1ef-90ca4fe52f57:group-81CF8D0CE298:LeaderElection102] INFO  server.RaftServerConfigKeys (ConfUtils.java:logGet(43)) - raft.server.watch.timeout.denomination = 1s (default)
2019-09-19 16:47:29,494 [0160fd49-54d3-4cfd-b1ef-90ca4fe52f57:group-81CF8D0CE298:LeaderElection102] INFO  server.RaftServerConfigKeys (ConfUtils.java:logGet(43)) - raft.server.watch.element-limit = 65536 (default)
2019-09-19 16:47:29,494 [0160fd49-54d3-4cfd-b1ef-90ca4fe52f57:group-81CF8D0CE298:LeaderElection102] INFO  impl.RoleInfo (RoleInfo.java:updateAndGet(143)) - 0160fd49-54d3-4cfd-b1ef-90ca4fe52f57: start LeaderState
2019-09-19 16:47:29,494 [0160fd49-54d3-4cfd-b1ef-90ca4fe52f57:group-81CF8D0CE298:LeaderElection102] INFO  segmented.SegmentedRaftLogWorker (SegmentedRaftLogWorker.java:startLogSegment(380)) - 0160fd49-54d3-4cfd-b1ef-90ca4fe52f57-SegmentedRaftLogWorker:Storage Directory /workdir/hadoop-ozone/ozonefs/target/test-dir/MiniOzoneClusterImpl-220b86cd-4451-44e8-8e13-531534607eb8/datanode-2/data/ratis/e6a01d0d-9820-4daf-9f5a-81cf8d0ce298: Starting segment from index:0
2019-09-19 16:47:29,495 [0160fd49-54d3-4cfd-b1ef-90ca4fe52f57:group-81CF8D0CE298:LeaderElection102] INFO  impl.RaftServerImpl (ServerState.java:setRaftConf(361)) - 0160fd49-54d3-4cfd-b1ef-90ca4fe52f57:group-81CF8D0CE298 set configuration 0: [0160fd49-54d3-4cfd-b1ef-90ca4fe52f57:192.168.157.226:45929], old=null at 0
2019-09-19 16:47:29,545 [0160fd49-54d3-4cfd-b1ef-90ca4fe52f57-SegmentedRaftLogWorker:Storage Directory /workdir/hadoop-ozone/ozonefs/target/test-dir/MiniOzoneClusterImpl-220b86cd-4451-44e8-8e13-531534607eb8/datanode-2/data/ratis/e6a01d0d-9820-4daf-9f5a-81cf8d0ce298] INFO  segmented.SegmentedRaftLogWorker (SegmentedRaftLogWorker.java:execute(569)) - 0160fd49-54d3-4cfd-b1ef-90ca4fe52f57-SegmentedRaftLogWorker:Storage Directory /workdir/hadoop-ozone/ozonefs/target/test-dir/MiniOzoneClusterImpl-220b86cd-4451-44e8-8e13-531534607eb8/datanode-2/data/ratis/e6a01d0d-9820-4daf-9f5a-81cf8d0ce298: created new log segment /workdir/hadoop-ozone/ozonefs/target/test-dir/MiniOzoneClusterImpl-220b86cd-4451-44e8-8e13-531534607eb8/datanode-2/data/ratis/e6a01d0d-9820-4daf-9f5a-81cf8d0ce298/current/log_inprogress_0
2019-09-19 16:47:29,557 [Thread-1553] INFO  impl.FollowerState (FollowerState.java:run(106)) - 0160fd49-54d3-4cfd-b1ef-90ca4fe52f57:group-D352D0D89050 changes to CANDIDATE, lastRpcTime:5194, electionTimeout:5194ms
2019-09-19 16:47:29,557 [Thread-1553] INFO  impl.RoleInfo (RoleInfo.java:shutdownFollowerState(121)) - 0160fd49-54d3-4cfd-b1ef-90ca4fe52f57: shutdown FollowerState
2019-09-19 16:47:29,557 [Thread-1553] INFO  impl.RaftServerImpl (RaftServerImpl.java:setRole(171)) - 0160fd49-54d3-4cfd-b1ef-90ca4fe52f57:group-D352D0D89050 changes role from FOLLOWER to CANDIDATE at term 0 for changeToCandidate
2019-09-19 16:47:29,557 [Thread-1553] INFO  impl.RoleInfo (RoleInfo.java:updateAndGet(143)) - 0160fd49-54d3-4cfd-b1ef-90ca4fe52f57: start LeaderElection
2019-09-19 16:47:29,570 [0160fd49-54d3-4cfd-b1ef-90ca4fe52f57:group-D352D0D89050:LeaderElection103] INFO  impl.LeaderElection (LeaderElection.java:askForVotes(181)) - 0160fd49-54d3-4cfd-b1ef-90ca4fe52f57:group-D352D0D89050:LeaderElection103: begin an election at term 1 for -1: [0160fd49-54d3-4cfd-b1ef-90ca4fe52f57:192.168.157.226:45929], old=null
2019-09-19 16:47:29,570 [0160fd49-54d3-4cfd-b1ef-90ca4fe52f57:group-D352D0D89050:LeaderElection103] INFO  impl.RoleInfo (RoleInfo.java:shutdownLeaderElection(134)) - 0160fd49-54d3-4cfd-b1ef-90ca4fe52f57: shutdown LeaderElection
2019-09-19 16:47:29,571 [0160fd49-54d3-4cfd-b1ef-90ca4fe52f57:group-D352D0D89050:LeaderElection103] INFO  impl.RaftServerImpl (RaftServerImpl.java:setRole(171)) - 0160fd49-54d3-4cfd-b1ef-90ca4fe52f57:group-D352D0D89050 changes role from CANDIDATE to LEADER at term 1 for changeToLeader
2019-09-19 16:47:29,571 [0160fd49-54d3-4cfd-b1ef-90ca4fe52f57:group-D352D0D89050:LeaderElection103] INFO  impl.RaftServerImpl (ServerState.java:setLeader(263)) - 0160fd49-54d3-4cfd-b1ef-90ca4fe52f57:group-D352D0D89050 change Leader from null to 0160fd49-54d3-4cfd-b1ef-90ca4fe52f57 at term 1 for becomeLeader, leader elected after 5212ms
2019-09-19 16:47:29,571 [0160fd49-54d3-4cfd-b1ef-90ca4fe52f57:group-D352D0D89050:LeaderElection103] INFO  server.RaftServerConfigKeys (ConfUtils.java:logGet(43)) - raft.server.staging.catchup.gap = 1000 (default)
2019-09-19 16:47:29,571 [0160fd49-54d3-4cfd-b1ef-90ca4fe52f57:group-D352D0D89050:LeaderElection103] INFO  server.RaftServerConfigKeys (ConfUtils.java:logGet(43)) - raft.server.rpc.sleep.time = 25ms (default)
2019-09-19 16:47:29,571 [0160fd49-54d3-4cfd-b1ef-90ca4fe52f57:group-D352D0D89050:LeaderElection103] INFO  server.RaftServerConfigKeys (ConfUtils.java:logGet(43)) - raft.server.write.element-limit = 4096 (default)
2019-09-19 16:47:29,571 [0160fd49-54d3-4cfd-b1ef-90ca4fe52f57:group-D352D0D89050:LeaderElection103] INFO  server.RaftServerConfigKeys (ConfUtils.java:logGet(43)) - raft.server.watch.timeout = 10s (default)
2019-09-19 16:47:29,571 [0160fd49-54d3-4cfd-b1ef-90ca4fe52f57:group-D352D0D89050:LeaderElection103] INFO  server.RaftServerConfigKeys (ConfUtils.java:logGet(43)) - raft.server.watch.timeout.denomination = 1s (default)
2019-09-19 16:47:29,572 [0160fd49-54d3-4cfd-b1ef-90ca4fe52f57:group-D352D0D89050:LeaderElection103] INFO  server.RaftServerConfigKeys (ConfUtils.java:logGet(43)) - raft.server.watch.element-limit = 65536 (default)
2019-09-19 16:47:29,572 [0160fd49-54d3-4cfd-b1ef-90ca4fe52f57:group-D352D0D89050:LeaderElection103] INFO  impl.RoleInfo (RoleInfo.java:updateAndGet(143)) - 0160fd49-54d3-4cfd-b1ef-90ca4fe52f57: start LeaderState
2019-09-19 16:47:29,572 [0160fd49-54d3-4cfd-b1ef-90ca4fe52f57:group-D352D0D89050:LeaderElection103] INFO  segmented.SegmentedRaftLogWorker (SegmentedRaftLogWorker.java:startLogSegment(380)) - 0160fd49-54d3-4cfd-b1ef-90ca4fe52f57-SegmentedRaftLogWorker:Storage Directory /workdir/hadoop-ozone/ozonefs/target/test-dir/MiniOzoneClusterImpl-220b86cd-4451-44e8-8e13-531534607eb8/datanode-2/data/ratis/61a4888e-d2d9-4049-a499-d352d0d89050: Starting segment from index:0
2019-09-19 16:47:29,572 [0160fd49-54d3-4cfd-b1ef-90ca4fe52f57:group-D352D0D89050:LeaderElection103] INFO  impl.RaftServerImpl (ServerState.java:setRaftConf(361)) - 0160fd49-54d3-4cfd-b1ef-90ca4fe52f57:group-D352D0D89050 set configuration 0: [0160fd49-54d3-4cfd-b1ef-90ca4fe52f57:192.168.157.226:45929], old=null at 0
2019-09-19 16:47:29,624 [0160fd49-54d3-4cfd-b1ef-90ca4fe52f57-SegmentedRaftLogWorker:Storage Directory /workdir/hadoop-ozone/ozonefs/target/test-dir/MiniOzoneClusterImpl-220b86cd-4451-44e8-8e13-531534607eb8/datanode-2/data/ratis/61a4888e-d2d9-4049-a499-d352d0d89050] INFO  segmented.SegmentedRaftLogWorker (SegmentedRaftLogWorker.java:execute(569)) - 0160fd49-54d3-4cfd-b1ef-90ca4fe52f57-SegmentedRaftLogWorker:Storage Directory /workdir/hadoop-ozone/ozonefs/target/test-dir/MiniOzoneClusterImpl-220b86cd-4451-44e8-8e13-531534607eb8/datanode-2/data/ratis/61a4888e-d2d9-4049-a499-d352d0d89050: created new log segment /workdir/hadoop-ozone/ozonefs/target/test-dir/MiniOzoneClusterImpl-220b86cd-4451-44e8-8e13-531534607eb8/datanode-2/data/ratis/61a4888e-d2d9-4049-a499-d352d0d89050/current/log_inprogress_0
2019-09-19 16:47:29,839 | INFO  | SCMAudit | user=jenkins1000 | ip=192.168.157.226 | op=SEND_HEARTBEAT {datanodeUUID=0160fd49-54d3-4cfd-b1ef-90ca4fe52f57, command=[]} | ret=SUCCESS |  
2019-09-19 16:47:30,068 [Thread-1328] INFO  ozoneimpl.OzoneContainer (OzoneContainer.java:stop(199)) - Attempting to stop container services.
2019-09-19 16:47:30,068 [ForkJoinPool.commonPool-worker-1] INFO  ozoneimpl.OzoneContainer (OzoneContainer.java:stop(199)) - Attempting to stop container services.
2019-09-19 16:47:30,069 [Thread-1328] INFO  impl.RaftServerProxy (RaftServerProxy.java:lambda$close$4(314)) - 12a124ac-5800-4d9d-a708-502084c57585: close
2019-09-19 16:47:30,069 [ForkJoinPool.commonPool-worker-1] INFO  impl.RaftServerProxy (RaftServerProxy.java:lambda$close$4(314)) - 825ae09a-0c9d-49c2-a438-cc08e7284827: close
2019-09-19 16:47:30,069 [Thread-1328] INFO  impl.RaftServerImpl (RaftServerImpl.java:lambda$shutdown$3(245)) - 12a124ac-5800-4d9d-a708-502084c57585: shutdown group-F7A2725D72C2
2019-09-19 16:47:30,070 [ForkJoinPool.commonPool-worker-1] INFO  impl.RaftServerImpl (RaftServerImpl.java:lambda$shutdown$3(245)) - 825ae09a-0c9d-49c2-a438-cc08e7284827: shutdown group-A70BE390B469
2019-09-19 16:47:30,070 [Thread-1328] INFO  util.JmxRegister (JmxRegister.java:unregister(73)) - Successfully un-registered JMX Bean with object name Ratis:service=RaftServer,group=group-F7A2725D72C2,id=12a124ac-5800-4d9d-a708-502084c57585
2019-09-19 16:47:30,071 [Thread-1328] INFO  impl.RoleInfo (RoleInfo.java:shutdownLeaderState(104)) - 12a124ac-5800-4d9d-a708-502084c57585: shutdown LeaderState
2019-09-19 16:47:30,070 [ForkJoinPool.commonPool-worker-1] INFO  util.JmxRegister (JmxRegister.java:unregister(73)) - Successfully un-registered JMX Bean with object name Ratis:service=RaftServer,group=group-A70BE390B469,id=825ae09a-0c9d-49c2-a438-cc08e7284827
2019-09-19 16:47:30,071 [Thread-1328] INFO  impl.PendingRequests (PendingRequests.java:sendNotLeaderResponses(202)) - 12a124ac-5800-4d9d-a708-502084c57585-PendingRequests: sendNotLeaderResponses
2019-09-19 16:47:30,071 [ForkJoinPool.commonPool-worker-1] INFO  impl.RoleInfo (RoleInfo.java:shutdownLeaderState(104)) - 825ae09a-0c9d-49c2-a438-cc08e7284827: shutdown LeaderState
2019-09-19 16:47:30,072 [Thread-1328] INFO  impl.StateMachineUpdater (StateMachineUpdater.java:stopAndJoin(115)) - StateMachineUpdater:12a124ac-5800-4d9d-a708-502084c57585:group-F7A2725D72C2: set stopIndex = 0
2019-09-19 16:47:30,072 [ForkJoinPool.commonPool-worker-1] INFO  impl.PendingRequests (PendingRequests.java:sendNotLeaderResponses(202)) - 825ae09a-0c9d-49c2-a438-cc08e7284827-PendingRequests: sendNotLeaderResponses
2019-09-19 16:47:30,073 [Thread-1328] INFO  impl.RaftServerImpl (ServerState.java:close(394)) - 12a124ac-5800-4d9d-a708-502084c57585:group-F7A2725D72C2 closes. The last applied log index is 0
2019-09-19 16:47:30,073 [ForkJoinPool.commonPool-worker-1] INFO  impl.StateMachineUpdater (StateMachineUpdater.java:stopAndJoin(115)) - StateMachineUpdater:825ae09a-0c9d-49c2-a438-cc08e7284827:group-A70BE390B469: set stopIndex = 0
2019-09-19 16:47:30,074 [12a124ac-5800-4d9d-a708-502084c57585-SegmentedRaftLogWorker:Storage Directory /workdir/hadoop-ozone/ozonefs/target/test-dir/MiniOzoneClusterImpl-220b86cd-4451-44e8-8e13-531534607eb8/datanode-1/data/ratis/a359a8d2-e851-4dcd-bfee-f7a2725d72c2] INFO  segmented.SegmentedRaftLogWorker (SegmentedRaftLogWorker.java:run(313)) - 12a124ac-5800-4d9d-a708-502084c57585-SegmentedRaftLogWorker:Storage Directory /workdir/hadoop-ozone/ozonefs/target/test-dir/MiniOzoneClusterImpl-220b86cd-4451-44e8-8e13-531534607eb8/datanode-1/data/ratis/a359a8d2-e851-4dcd-bfee-f7a2725d72c2 was interrupted, exiting. There are 0 tasks remaining in the queue.
2019-09-19 16:47:30,074 [ForkJoinPool.commonPool-worker-1] INFO  impl.RaftServerImpl (ServerState.java:close(394)) - 825ae09a-0c9d-49c2-a438-cc08e7284827:group-A70BE390B469 closes. The last applied log index is 0
2019-09-19 16:47:30,074 [Thread-1328] INFO  segmented.SegmentedRaftLogWorker (SegmentedRaftLogWorker.java:close(228)) - 12a124ac-5800-4d9d-a708-502084c57585-SegmentedRaftLogWorker:Storage Directory /workdir/hadoop-ozone/ozonefs/target/test-dir/MiniOzoneClusterImpl-220b86cd-4451-44e8-8e13-531534607eb8/datanode-1/data/ratis/a359a8d2-e851-4dcd-bfee-f7a2725d72c2 close()
2019-09-19 16:47:30,074 [825ae09a-0c9d-49c2-a438-cc08e7284827-SegmentedRaftLogWorker:Storage Directory /workdir/hadoop-ozone/ozonefs/target/test-dir/MiniOzoneClusterImpl-220b86cd-4451-44e8-8e13-531534607eb8/datanode-0/data/ratis/435f33fb-f9c5-491d-826b-a70be390b469] INFO  segmented.SegmentedRaftLogWorker (SegmentedRaftLogWorker.java:run(313)) - 825ae09a-0c9d-49c2-a438-cc08e7284827-SegmentedRaftLogWorker:Storage Directory /workdir/hadoop-ozone/ozonefs/target/test-dir/MiniOzoneClusterImpl-220b86cd-4451-44e8-8e13-531534607eb8/datanode-0/data/ratis/435f33fb-f9c5-491d-826b-a70be390b469 was interrupted, exiting. There are 0 tasks remaining in the queue.
2019-09-19 16:47:30,077 [Thread-1328] INFO  impl.RaftServerImpl (RaftServerImpl.java:lambda$shutdown$3(245)) - 12a124ac-5800-4d9d-a708-502084c57585: shutdown group-BD8B0B28C36A
2019-09-19 16:47:30,077 [ForkJoinPool.commonPool-worker-1] INFO  segmented.SegmentedRaftLogWorker (SegmentedRaftLogWorker.java:close(228)) - 825ae09a-0c9d-49c2-a438-cc08e7284827-SegmentedRaftLogWorker:Storage Directory /workdir/hadoop-ozone/ozonefs/target/test-dir/MiniOzoneClusterImpl-220b86cd-4451-44e8-8e13-531534607eb8/datanode-0/data/ratis/435f33fb-f9c5-491d-826b-a70be390b469 close()
2019-09-19 16:47:30,078 [Thread-1328] INFO  util.JmxRegister (JmxRegister.java:unregister(73)) - Successfully un-registered JMX Bean with object name Ratis:service=RaftServer,group=group-BD8B0B28C36A,id=12a124ac-5800-4d9d-a708-502084c57585
2019-09-19 16:47:30,080 [ForkJoinPool.commonPool-worker-1] INFO  impl.RaftServerImpl (RaftServerImpl.java:lambda$shutdown$3(245)) - 825ae09a-0c9d-49c2-a438-cc08e7284827: shutdown group-8AAEA424BFF3
2019-09-19 16:47:30,080 [Thread-1328] INFO  impl.RoleInfo (RoleInfo.java:shutdownLeaderState(104)) - 12a124ac-5800-4d9d-a708-502084c57585: shutdown LeaderState
2019-09-19 16:47:30,080 [ForkJoinPool.commonPool-worker-1] INFO  util.JmxRegister (JmxRegister.java:unregister(73)) - Successfully un-registered JMX Bean with object name Ratis:service=RaftServer,group=group-8AAEA424BFF3,id=825ae09a-0c9d-49c2-a438-cc08e7284827
2019-09-19 16:47:30,081 [Thread-1328] INFO  impl.PendingRequests (PendingRequests.java:sendNotLeaderResponses(202)) - 12a124ac-5800-4d9d-a708-502084c57585-PendingRequests: sendNotLeaderResponses
2019-09-19 16:47:30,081 [ForkJoinPool.commonPool-worker-1] INFO  impl.RoleInfo (RoleInfo.java:shutdownLeaderState(104)) - 825ae09a-0c9d-49c2-a438-cc08e7284827: shutdown LeaderState
2019-09-19 16:47:30,081 [Thread-1328] INFO  impl.StateMachineUpdater (StateMachineUpdater.java:stopAndJoin(115)) - StateMachineUpdater:12a124ac-5800-4d9d-a708-502084c57585:group-BD8B0B28C36A: set stopIndex = 0
2019-09-19 16:47:30,082 [ForkJoinPool.commonPool-worker-1] INFO  impl.PendingRequests (PendingRequests.java:sendNotLeaderResponses(202)) - 825ae09a-0c9d-49c2-a438-cc08e7284827-PendingRequests: sendNotLeaderResponses
2019-09-19 16:47:30,082 [Thread-1328] INFO  impl.RaftServerImpl (ServerState.java:close(394)) - 12a124ac-5800-4d9d-a708-502084c57585:group-BD8B0B28C36A closes. The last applied log index is 0
2019-09-19 16:47:30,082 [ForkJoinPool.commonPool-worker-1] INFO  impl.StateMachineUpdater (StateMachineUpdater.java:stopAndJoin(115)) - StateMachineUpdater:825ae09a-0c9d-49c2-a438-cc08e7284827:group-8AAEA424BFF3: set stopIndex = 0
2019-09-19 16:47:30,083 [12a124ac-5800-4d9d-a708-502084c57585-SegmentedRaftLogWorker:Storage Directory /workdir/hadoop-ozone/ozonefs/target/test-dir/MiniOzoneClusterImpl-220b86cd-4451-44e8-8e13-531534607eb8/datanode-1/data/ratis/e2a7027b-16fb-4dff-8854-bd8b0b28c36a] INFO  segmented.SegmentedRaftLogWorker (SegmentedRaftLogWorker.java:run(313)) - 12a124ac-5800-4d9d-a708-502084c57585-SegmentedRaftLogWorker:Storage Directory /workdir/hadoop-ozone/ozonefs/target/test-dir/MiniOzoneClusterImpl-220b86cd-4451-44e8-8e13-531534607eb8/datanode-1/data/ratis/e2a7027b-16fb-4dff-8854-bd8b0b28c36a was interrupted, exiting. There are 0 tasks remaining in the queue.
2019-09-19 16:47:30,083 [ForkJoinPool.commonPool-worker-1] INFO  impl.RaftServerImpl (ServerState.java:close(394)) - 825ae09a-0c9d-49c2-a438-cc08e7284827:group-8AAEA424BFF3 closes. The last applied log index is 0
2019-09-19 16:47:30,083 [Thread-1328] INFO  segmented.SegmentedRaftLogWorker (SegmentedRaftLogWorker.java:close(228)) - 12a124ac-5800-4d9d-a708-502084c57585-SegmentedRaftLogWorker:Storage Directory /workdir/hadoop-ozone/ozonefs/target/test-dir/MiniOzoneClusterImpl-220b86cd-4451-44e8-8e13-531534607eb8/datanode-1/data/ratis/e2a7027b-16fb-4dff-8854-bd8b0b28c36a close()
2019-09-19 16:47:30,083 [825ae09a-0c9d-49c2-a438-cc08e7284827-SegmentedRaftLogWorker:Storage Directory /workdir/hadoop-ozone/ozonefs/target/test-dir/MiniOzoneClusterImpl-220b86cd-4451-44e8-8e13-531534607eb8/datanode-0/data/ratis/3e58f0b9-96f6-4396-856e-8aaea424bff3] INFO  segmented.SegmentedRaftLogWorker (SegmentedRaftLogWorker.java:run(313)) - 825ae09a-0c9d-49c2-a438-cc08e7284827-SegmentedRaftLogWorker:Storage Directory /workdir/hadoop-ozone/ozonefs/target/test-dir/MiniOzoneClusterImpl-220b86cd-4451-44e8-8e13-531534607eb8/datanode-0/data/ratis/3e58f0b9-96f6-4396-856e-8aaea424bff3 was interrupted, exiting. There are 0 tasks remaining in the queue.
2019-09-19 16:47:30,085 [Thread-1328] INFO  impl.RaftServerImpl (RaftServerImpl.java:lambda$shutdown$3(245)) - 12a124ac-5800-4d9d-a708-502084c57585: shutdown group-A7D507A29728
2019-09-19 16:47:30,085 [ForkJoinPool.commonPool-worker-1] INFO  segmented.SegmentedRaftLogWorker (SegmentedRaftLogWorker.java:close(228)) - 825ae09a-0c9d-49c2-a438-cc08e7284827-SegmentedRaftLogWorker:Storage Directory /workdir/hadoop-ozone/ozonefs/target/test-dir/MiniOzoneClusterImpl-220b86cd-4451-44e8-8e13-531534607eb8/datanode-0/data/ratis/3e58f0b9-96f6-4396-856e-8aaea424bff3 close()
2019-09-19 16:47:30,086 [Thread-1328] INFO  util.JmxRegister (JmxRegister.java:unregister(73)) - Successfully un-registered JMX Bean with object name Ratis:service=RaftServer,group=group-A7D507A29728,id=12a124ac-5800-4d9d-a708-502084c57585
2019-09-19 16:47:30,088 [Thread-1328] INFO  impl.RoleInfo (RoleInfo.java:shutdownLeaderState(104)) - 12a124ac-5800-4d9d-a708-502084c57585: shutdown LeaderState
2019-09-19 16:47:30,087 [ForkJoinPool.commonPool-worker-1] INFO  impl.RaftServerImpl (RaftServerImpl.java:lambda$shutdown$3(245)) - 825ae09a-0c9d-49c2-a438-cc08e7284827: shutdown group-F8A56754D501
2019-09-19 16:47:30,088 [Thread-1328] INFO  impl.PendingRequests (PendingRequests.java:sendNotLeaderResponses(202)) - 12a124ac-5800-4d9d-a708-502084c57585-PendingRequests: sendNotLeaderResponses
2019-09-19 16:47:30,088 [ForkJoinPool.commonPool-worker-1] INFO  util.JmxRegister (JmxRegister.java:unregister(73)) - Successfully un-registered JMX Bean with object name Ratis:service=RaftServer,group=group-F8A56754D501,id=825ae09a-0c9d-49c2-a438-cc08e7284827
2019-09-19 16:47:30,089 [ForkJoinPool.commonPool-worker-1] INFO  impl.RoleInfo (RoleInfo.java:shutdownLeaderState(104)) - 825ae09a-0c9d-49c2-a438-cc08e7284827: shutdown LeaderState
2019-09-19 16:47:30,089 [Thread-1328] INFO  impl.StateMachineUpdater (StateMachineUpdater.java:stopAndJoin(115)) - StateMachineUpdater:12a124ac-5800-4d9d-a708-502084c57585:group-A7D507A29728: set stopIndex = 0
2019-09-19 16:47:30,089 [ForkJoinPool.commonPool-worker-1] INFO  impl.PendingRequests (PendingRequests.java:sendNotLeaderResponses(202)) - 825ae09a-0c9d-49c2-a438-cc08e7284827-PendingRequests: sendNotLeaderResponses
2019-09-19 16:47:30,090 [Thread-1328] INFO  impl.RaftServerImpl (ServerState.java:close(394)) - 12a124ac-5800-4d9d-a708-502084c57585:group-A7D507A29728 closes. The last applied log index is 0
2019-09-19 16:47:30,090 [ForkJoinPool.commonPool-worker-1] INFO  impl.StateMachineUpdater (StateMachineUpdater.java:stopAndJoin(115)) - StateMachineUpdater:825ae09a-0c9d-49c2-a438-cc08e7284827:group-F8A56754D501: set stopIndex = 0
2019-09-19 16:47:30,091 [ForkJoinPool.commonPool-worker-1] INFO  impl.RaftServerImpl (ServerState.java:close(394)) - 825ae09a-0c9d-49c2-a438-cc08e7284827:group-F8A56754D501 closes. The last applied log index is 0
2019-09-19 16:47:30,091 [12a124ac-5800-4d9d-a708-502084c57585-SegmentedRaftLogWorker:Storage Directory /workdir/hadoop-ozone/ozonefs/target/test-dir/MiniOzoneClusterImpl-220b86cd-4451-44e8-8e13-531534607eb8/datanode-1/data/ratis/8308de18-4c05-45ee-ac53-a7d507a29728] INFO  segmented.SegmentedRaftLogWorker (SegmentedRaftLogWorker.java:run(313)) - 12a124ac-5800-4d9d-a708-502084c57585-SegmentedRaftLogWorker:Storage Directory /workdir/hadoop-ozone/ozonefs/target/test-dir/MiniOzoneClusterImpl-220b86cd-4451-44e8-8e13-531534607eb8/datanode-1/data/ratis/8308de18-4c05-45ee-ac53-a7d507a29728 was interrupted, exiting. There are 0 tasks remaining in the queue.
2019-09-19 16:47:30,091 [825ae09a-0c9d-49c2-a438-cc08e7284827-SegmentedRaftLogWorker:Storage Directory /workdir/hadoop-ozone/ozonefs/target/test-dir/MiniOzoneClusterImpl-220b86cd-4451-44e8-8e13-531534607eb8/datanode-0/data/ratis/291104be-ebde-4fe2-9803-f8a56754d501] INFO  segmented.SegmentedRaftLogWorker (SegmentedRaftLogWorker.java:run(313)) - 825ae09a-0c9d-49c2-a438-cc08e7284827-SegmentedRaftLogWorker:Storage Directory /workdir/hadoop-ozone/ozonefs/target/test-dir/MiniOzoneClusterImpl-220b86cd-4451-44e8-8e13-531534607eb8/datanode-0/data/ratis/291104be-ebde-4fe2-9803-f8a56754d501 was interrupted, exiting. There are 0 tasks remaining in the queue.
2019-09-19 16:47:30,091 [Thread-1328] INFO  segmented.SegmentedRaftLogWorker (SegmentedRaftLogWorker.java:close(228)) - 12a124ac-5800-4d9d-a708-502084c57585-SegmentedRaftLogWorker:Storage Directory /workdir/hadoop-ozone/ozonefs/target/test-dir/MiniOzoneClusterImpl-220b86cd-4451-44e8-8e13-531534607eb8/datanode-1/data/ratis/8308de18-4c05-45ee-ac53-a7d507a29728 close()
2019-09-19 16:47:30,092 [ForkJoinPool.commonPool-worker-1] INFO  segmented.SegmentedRaftLogWorker (SegmentedRaftLogWorker.java:close(228)) - 825ae09a-0c9d-49c2-a438-cc08e7284827-SegmentedRaftLogWorker:Storage Directory /workdir/hadoop-ozone/ozonefs/target/test-dir/MiniOzoneClusterImpl-220b86cd-4451-44e8-8e13-531534607eb8/datanode-0/data/ratis/291104be-ebde-4fe2-9803-f8a56754d501 close()
2019-09-19 16:47:30,093 [Thread-1328] INFO  impl.RaftServerImpl (RaftServerImpl.java:lambda$shutdown$3(245)) - 12a124ac-5800-4d9d-a708-502084c57585: shutdown group-46BD11D2E02C
2019-09-19 16:47:30,095 [ForkJoinPool.commonPool-worker-1] INFO  impl.RaftServerImpl (RaftServerImpl.java:lambda$shutdown$3(245)) - 825ae09a-0c9d-49c2-a438-cc08e7284827: shutdown group-0496954F79FD
2019-09-19 16:47:30,095 [Thread-1328] INFO  util.JmxRegister (JmxRegister.java:unregister(73)) - Successfully un-registered JMX Bean with object name Ratis:service=RaftServer,group=group-46BD11D2E02C,id=12a124ac-5800-4d9d-a708-502084c57585
2019-09-19 16:47:30,096 [ForkJoinPool.commonPool-worker-1] INFO  util.JmxRegister (JmxRegister.java:unregister(73)) - Successfully un-registered JMX Bean with object name Ratis:service=RaftServer,group=group-0496954F79FD,id=825ae09a-0c9d-49c2-a438-cc08e7284827
2019-09-19 16:47:30,096 [Thread-1328] INFO  impl.RoleInfo (RoleInfo.java:shutdownLeaderState(104)) - 12a124ac-5800-4d9d-a708-502084c57585: shutdown LeaderState
2019-09-19 16:47:30,096 [ForkJoinPool.commonPool-worker-1] INFO  impl.RoleInfo (RoleInfo.java:shutdownLeaderState(104)) - 825ae09a-0c9d-49c2-a438-cc08e7284827: shutdown LeaderState
2019-09-19 16:47:30,097 [Thread-1328] INFO  impl.PendingRequests (PendingRequests.java:sendNotLeaderResponses(202)) - 12a124ac-5800-4d9d-a708-502084c57585-PendingRequests: sendNotLeaderResponses
2019-09-19 16:47:30,097 [ForkJoinPool.commonPool-worker-1] INFO  impl.PendingRequests (PendingRequests.java:sendNotLeaderResponses(202)) - 825ae09a-0c9d-49c2-a438-cc08e7284827-PendingRequests: sendNotLeaderResponses
2019-09-19 16:47:30,097 [Thread-1328] INFO  impl.StateMachineUpdater (StateMachineUpdater.java:stopAndJoin(115)) - StateMachineUpdater:12a124ac-5800-4d9d-a708-502084c57585:group-46BD11D2E02C: set stopIndex = 0
2019-09-19 16:47:30,098 [Thread-1328] INFO  impl.RaftServerImpl (ServerState.java:close(394)) - 12a124ac-5800-4d9d-a708-502084c57585:group-46BD11D2E02C closes. The last applied log index is 0
2019-09-19 16:47:30,098 [ForkJoinPool.commonPool-worker-1] INFO  impl.StateMachineUpdater (StateMachineUpdater.java:stopAndJoin(115)) - StateMachineUpdater:825ae09a-0c9d-49c2-a438-cc08e7284827:group-0496954F79FD: set stopIndex = 0
2019-09-19 16:47:30,099 [12a124ac-5800-4d9d-a708-502084c57585-SegmentedRaftLogWorker:Storage Directory /workdir/hadoop-ozone/ozonefs/target/test-dir/MiniOzoneClusterImpl-220b86cd-4451-44e8-8e13-531534607eb8/datanode-1/data/ratis/3f04d88c-2512-43ae-ac26-46bd11d2e02c] INFO  segmented.SegmentedRaftLogWorker (SegmentedRaftLogWorker.java:run(313)) - 12a124ac-5800-4d9d-a708-502084c57585-SegmentedRaftLogWorker:Storage Directory /workdir/hadoop-ozone/ozonefs/target/test-dir/MiniOzoneClusterImpl-220b86cd-4451-44e8-8e13-531534607eb8/datanode-1/data/ratis/3f04d88c-2512-43ae-ac26-46bd11d2e02c was interrupted, exiting. There are 0 tasks remaining in the queue.
2019-09-19 16:47:30,099 [ForkJoinPool.commonPool-worker-1] INFO  impl.RaftServerImpl (ServerState.java:close(394)) - 825ae09a-0c9d-49c2-a438-cc08e7284827:group-0496954F79FD closes. The last applied log index is 0
2019-09-19 16:47:30,099 [Thread-1328] INFO  segmented.SegmentedRaftLogWorker (SegmentedRaftLogWorker.java:close(228)) - 12a124ac-5800-4d9d-a708-502084c57585-SegmentedRaftLogWorker:Storage Directory /workdir/hadoop-ozone/ozonefs/target/test-dir/MiniOzoneClusterImpl-220b86cd-4451-44e8-8e13-531534607eb8/datanode-1/data/ratis/3f04d88c-2512-43ae-ac26-46bd11d2e02c close()
2019-09-19 16:47:30,099 [825ae09a-0c9d-49c2-a438-cc08e7284827-SegmentedRaftLogWorker:Storage Directory /workdir/hadoop-ozone/ozonefs/target/test-dir/MiniOzoneClusterImpl-220b86cd-4451-44e8-8e13-531534607eb8/datanode-0/data/ratis/eb65ea17-9ddb-4877-8c18-0496954f79fd] INFO  segmented.SegmentedRaftLogWorker (SegmentedRaftLogWorker.java:run(313)) - 825ae09a-0c9d-49c2-a438-cc08e7284827-SegmentedRaftLogWorker:Storage Directory /workdir/hadoop-ozone/ozonefs/target/test-dir/MiniOzoneClusterImpl-220b86cd-4451-44e8-8e13-531534607eb8/datanode-0/data/ratis/eb65ea17-9ddb-4877-8c18-0496954f79fd was interrupted, exiting. There are 0 tasks remaining in the queue.
2019-09-19 16:47:30,101 [Thread-1328] INFO  impl.RaftServerImpl (RaftServerImpl.java:lambda$shutdown$3(245)) - 12a124ac-5800-4d9d-a708-502084c57585: shutdown group-BE02ED68418D
2019-09-19 16:47:30,101 [ForkJoinPool.commonPool-worker-1] INFO  segmented.SegmentedRaftLogWorker (SegmentedRaftLogWorker.java:close(228)) - 825ae09a-0c9d-49c2-a438-cc08e7284827-SegmentedRaftLogWorker:Storage Directory /workdir/hadoop-ozone/ozonefs/target/test-dir/MiniOzoneClusterImpl-220b86cd-4451-44e8-8e13-531534607eb8/datanode-0/data/ratis/eb65ea17-9ddb-4877-8c18-0496954f79fd close()
2019-09-19 16:47:30,101 [Thread-1328] INFO  util.JmxRegister (JmxRegister.java:unregister(73)) - Successfully un-registered JMX Bean with object name Ratis:service=RaftServer,group=group-BE02ED68418D,id=12a124ac-5800-4d9d-a708-502084c57585
2019-09-19 16:47:30,104 [Thread-1328] INFO  impl.RoleInfo (RoleInfo.java:shutdownLeaderState(104)) - 12a124ac-5800-4d9d-a708-502084c57585: shutdown LeaderState
2019-09-19 16:47:30,103 [ForkJoinPool.commonPool-worker-1] INFO  impl.RaftServerImpl (RaftServerImpl.java:lambda$shutdown$3(245)) - 825ae09a-0c9d-49c2-a438-cc08e7284827: shutdown group-A93AA0DDE73A
2019-09-19 16:47:30,104 [Thread-1328] INFO  impl.PendingRequests (PendingRequests.java:sendNotLeaderResponses(202)) - 12a124ac-5800-4d9d-a708-502084c57585-PendingRequests: sendNotLeaderResponses
2019-09-19 16:47:30,104 [ForkJoinPool.commonPool-worker-1] INFO  util.JmxRegister (JmxRegister.java:unregister(73)) - Successfully un-registered JMX Bean with object name Ratis:service=RaftServer,group=group-A93AA0DDE73A,id=825ae09a-0c9d-49c2-a438-cc08e7284827
2019-09-19 16:47:30,105 [Thread-1328] INFO  impl.StateMachineUpdater (StateMachineUpdater.java:stopAndJoin(115)) - StateMachineUpdater:12a124ac-5800-4d9d-a708-502084c57585:group-BE02ED68418D: set stopIndex = 0
2019-09-19 16:47:30,105 [ForkJoinPool.commonPool-worker-1] INFO  impl.RoleInfo (RoleInfo.java:shutdownLeaderState(104)) - 825ae09a-0c9d-49c2-a438-cc08e7284827: shutdown LeaderState
2019-09-19 16:47:30,105 [Thread-1328] INFO  impl.RaftServerImpl (ServerState.java:close(394)) - 12a124ac-5800-4d9d-a708-502084c57585:group-BE02ED68418D closes. The last applied log index is 0
2019-09-19 16:47:30,106 [ForkJoinPool.commonPool-worker-1] INFO  impl.PendingRequests (PendingRequests.java:sendNotLeaderResponses(202)) - 825ae09a-0c9d-49c2-a438-cc08e7284827-PendingRequests: sendNotLeaderResponses
2019-09-19 16:47:30,106 [12a124ac-5800-4d9d-a708-502084c57585-SegmentedRaftLogWorker:Storage Directory /workdir/hadoop-ozone/ozonefs/target/test-dir/MiniOzoneClusterImpl-220b86cd-4451-44e8-8e13-531534607eb8/datanode-1/data/ratis/d50d6dc0-ba7b-4221-b43c-be02ed68418d] INFO  segmented.SegmentedRaftLogWorker (SegmentedRaftLogWorker.java:run(313)) - 12a124ac-5800-4d9d-a708-502084c57585-SegmentedRaftLogWorker:Storage Directory /workdir/hadoop-ozone/ozonefs/target/test-dir/MiniOzoneClusterImpl-220b86cd-4451-44e8-8e13-531534607eb8/datanode-1/data/ratis/d50d6dc0-ba7b-4221-b43c-be02ed68418d was interrupted, exiting. There are 0 tasks remaining in the queue.
2019-09-19 16:47:30,106 [ForkJoinPool.commonPool-worker-1] INFO  impl.StateMachineUpdater (StateMachineUpdater.java:stopAndJoin(115)) - StateMachineUpdater:825ae09a-0c9d-49c2-a438-cc08e7284827:group-A93AA0DDE73A: set stopIndex = 0
2019-09-19 16:47:30,107 [Thread-1328] INFO  segmented.SegmentedRaftLogWorker (SegmentedRaftLogWorker.java:close(228)) - 12a124ac-5800-4d9d-a708-502084c57585-SegmentedRaftLogWorker:Storage Directory /workdir/hadoop-ozone/ozonefs/target/test-dir/MiniOzoneClusterImpl-220b86cd-4451-44e8-8e13-531534607eb8/datanode-1/data/ratis/d50d6dc0-ba7b-4221-b43c-be02ed68418d close()
2019-09-19 16:47:30,107 [ForkJoinPool.commonPool-worker-1] INFO  impl.RaftServerImpl (ServerState.java:close(394)) - 825ae09a-0c9d-49c2-a438-cc08e7284827:group-A93AA0DDE73A closes. The last applied log index is 0
2019-09-19 16:47:30,109 [Thread-1328] INFO  impl.RaftServerImpl (RaftServerImpl.java:lambda$shutdown$3(245)) - 12a124ac-5800-4d9d-a708-502084c57585: shutdown group-9AC773C0286B
2019-09-19 16:47:30,109 [825ae09a-0c9d-49c2-a438-cc08e7284827-SegmentedRaftLogWorker:Storage Directory /workdir/hadoop-ozone/ozonefs/target/test-dir/MiniOzoneClusterImpl-220b86cd-4451-44e8-8e13-531534607eb8/datanode-0/data/ratis/a9e41da9-6d7a-46c2-bb3b-a93aa0dde73a] INFO  segmented.SegmentedRaftLogWorker (SegmentedRaftLogWorker.java:run(313)) - 825ae09a-0c9d-49c2-a438-cc08e7284827-SegmentedRaftLogWorker:Storage Directory /workdir/hadoop-ozone/ozonefs/target/test-dir/MiniOzoneClusterImpl-220b86cd-4451-44e8-8e13-531534607eb8/datanode-0/data/ratis/a9e41da9-6d7a-46c2-bb3b-a93aa0dde73a was interrupted, exiting. There are 0 tasks remaining in the queue.
2019-09-19 16:47:30,109 [Thread-1328] INFO  util.JmxRegister (JmxRegister.java:unregister(73)) - Successfully un-registered JMX Bean with object name Ratis:service=RaftServer,group=group-9AC773C0286B,id=12a124ac-5800-4d9d-a708-502084c57585
2019-09-19 16:47:30,110 [ForkJoinPool.commonPool-worker-1] INFO  segmented.SegmentedRaftLogWorker (SegmentedRaftLogWorker.java:close(228)) - 825ae09a-0c9d-49c2-a438-cc08e7284827-SegmentedRaftLogWorker:Storage Directory /workdir/hadoop-ozone/ozonefs/target/test-dir/MiniOzoneClusterImpl-220b86cd-4451-44e8-8e13-531534607eb8/datanode-0/data/ratis/a9e41da9-6d7a-46c2-bb3b-a93aa0dde73a close()
2019-09-19 16:47:30,110 [Thread-1328] INFO  impl.RoleInfo (RoleInfo.java:shutdownLeaderState(104)) - 12a124ac-5800-4d9d-a708-502084c57585: shutdown LeaderState
2019-09-19 16:47:30,112 [ForkJoinPool.commonPool-worker-1] INFO  impl.RaftServerImpl (RaftServerImpl.java:lambda$shutdown$3(245)) - 825ae09a-0c9d-49c2-a438-cc08e7284827: shutdown group-1C714CA882B2
2019-09-19 16:47:30,112 [Thread-1328] INFO  impl.PendingRequests (PendingRequests.java:sendNotLeaderResponses(202)) - 12a124ac-5800-4d9d-a708-502084c57585-PendingRequests: sendNotLeaderResponses
2019-09-19 16:47:30,113 [ForkJoinPool.commonPool-worker-1] INFO  util.JmxRegister (JmxRegister.java:unregister(73)) - Successfully un-registered JMX Bean with object name Ratis:service=RaftServer,group=group-1C714CA882B2,id=825ae09a-0c9d-49c2-a438-cc08e7284827
2019-09-19 16:47:30,113 [Thread-1328] INFO  impl.StateMachineUpdater (StateMachineUpdater.java:stopAndJoin(115)) - StateMachineUpdater:12a124ac-5800-4d9d-a708-502084c57585:group-9AC773C0286B: set stopIndex = 0
2019-09-19 16:47:30,113 [ForkJoinPool.commonPool-worker-1] INFO  impl.RoleInfo (RoleInfo.java:shutdownLeaderState(104)) - 825ae09a-0c9d-49c2-a438-cc08e7284827: shutdown LeaderState
2019-09-19 16:47:30,114 [Thread-1328] INFO  impl.RaftServerImpl (ServerState.java:close(394)) - 12a124ac-5800-4d9d-a708-502084c57585:group-9AC773C0286B closes. The last applied log index is 0
2019-09-19 16:47:30,114 [ForkJoinPool.commonPool-worker-1] INFO  impl.PendingRequests (PendingRequests.java:sendNotLeaderResponses(202)) - 825ae09a-0c9d-49c2-a438-cc08e7284827-PendingRequests: sendNotLeaderResponses
2019-09-19 16:47:30,115 [12a124ac-5800-4d9d-a708-502084c57585-SegmentedRaftLogWorker:Storage Directory /workdir/hadoop-ozone/ozonefs/target/test-dir/MiniOzoneClusterImpl-220b86cd-4451-44e8-8e13-531534607eb8/datanode-1/data/ratis/46094569-89ea-4404-96af-9ac773c0286b] INFO  segmented.SegmentedRaftLogWorker (SegmentedRaftLogWorker.java:run(313)) - 12a124ac-5800-4d9d-a708-502084c57585-SegmentedRaftLogWorker:Storage Directory /workdir/hadoop-ozone/ozonefs/target/test-dir/MiniOzoneClusterImpl-220b86cd-4451-44e8-8e13-531534607eb8/datanode-1/data/ratis/46094569-89ea-4404-96af-9ac773c0286b was interrupted, exiting. There are 0 tasks remaining in the queue.
2019-09-19 16:47:30,115 [ForkJoinPool.commonPool-worker-1] INFO  impl.StateMachineUpdater (StateMachineUpdater.java:stopAndJoin(115)) - StateMachineUpdater:825ae09a-0c9d-49c2-a438-cc08e7284827:group-1C714CA882B2: set stopIndex = 0
2019-09-19 16:47:30,115 [Thread-1328] INFO  segmented.SegmentedRaftLogWorker (SegmentedRaftLogWorker.java:close(228)) - 12a124ac-5800-4d9d-a708-502084c57585-SegmentedRaftLogWorker:Storage Directory /workdir/hadoop-ozone/ozonefs/target/test-dir/MiniOzoneClusterImpl-220b86cd-4451-44e8-8e13-531534607eb8/datanode-1/data/ratis/46094569-89ea-4404-96af-9ac773c0286b close()
2019-09-19 16:47:30,115 [ForkJoinPool.commonPool-worker-1] INFO  impl.RaftServerImpl (ServerState.java:close(394)) - 825ae09a-0c9d-49c2-a438-cc08e7284827:group-1C714CA882B2 closes. The last applied log index is 0
2019-09-19 16:47:30,117 [Thread-1328] INFO  server.GrpcService (GrpcService.java:closeImpl(155)) - 12a124ac-5800-4d9d-a708-502084c57585: shutdown server with port 41511 now
2019-09-19 16:47:30,117 [825ae09a-0c9d-49c2-a438-cc08e7284827-SegmentedRaftLogWorker:Storage Directory /workdir/hadoop-ozone/ozonefs/target/test-dir/MiniOzoneClusterImpl-220b86cd-4451-44e8-8e13-531534607eb8/datanode-0/data/ratis/bbaea70f-ef44-4d48-8d1a-1c714ca882b2] INFO  segmented.SegmentedRaftLogWorker (SegmentedRaftLogWorker.java:run(313)) - 825ae09a-0c9d-49c2-a438-cc08e7284827-SegmentedRaftLogWorker:Storage Directory /workdir/hadoop-ozone/ozonefs/target/test-dir/MiniOzoneClusterImpl-220b86cd-4451-44e8-8e13-531534607eb8/datanode-0/data/ratis/bbaea70f-ef44-4d48-8d1a-1c714ca882b2 was interrupted, exiting. There are 0 tasks remaining in the queue.
2019-09-19 16:47:30,118 [ForkJoinPool.commonPool-worker-1] INFO  segmented.SegmentedRaftLogWorker (SegmentedRaftLogWorker.java:close(228)) - 825ae09a-0c9d-49c2-a438-cc08e7284827-SegmentedRaftLogWorker:Storage Directory /workdir/hadoop-ozone/ozonefs/target/test-dir/MiniOzoneClusterImpl-220b86cd-4451-44e8-8e13-531534607eb8/datanode-0/data/ratis/bbaea70f-ef44-4d48-8d1a-1c714ca882b2 close()
2019-09-19 16:47:30,119 [Thread-1328] INFO  server.GrpcService (GrpcService.java:closeImpl(163)) - 12a124ac-5800-4d9d-a708-502084c57585: shutdown server with port 41511 successfully
2019-09-19 16:47:30,121 [ForkJoinPool.commonPool-worker-1] INFO  server.GrpcService (GrpcService.java:closeImpl(155)) - 825ae09a-0c9d-49c2-a438-cc08e7284827: shutdown server with port 36158 now
2019-09-19 16:47:30,123 [ForkJoinPool.commonPool-worker-1] INFO  server.GrpcService (GrpcService.java:closeImpl(163)) - 825ae09a-0c9d-49c2-a438-cc08e7284827: shutdown server with port 36158 successfully
2019-09-19 16:47:30,125 [ForkJoinPool.commonPool-worker-1] INFO  utils.BackgroundService (BackgroundService.java:shutdown(148)) - Shutting down service BlockDeletingService
2019-09-19 16:47:30,128 [refreshUsed-/workdir/hadoop-ozone/ozonefs/target/test-dir/MiniOzoneClusterImpl-220b86cd-4451-44e8-8e13-531534607eb8/datanode-0/data/containers] WARN  fs.CachingGetSpaceUsed (CachingGetSpaceUsed.java:run(183)) - Thread Interrupted waiting to refresh disk information: sleep interrupted
2019-09-19 16:47:30,131 [Thread-1328] INFO  utils.BackgroundService (BackgroundService.java:shutdown(148)) - Shutting down service BlockDeletingService
2019-09-19 16:47:30,134 [refreshUsed-/workdir/hadoop-ozone/ozonefs/target/test-dir/MiniOzoneClusterImpl-220b86cd-4451-44e8-8e13-531534607eb8/datanode-1/data/containers] WARN  fs.CachingGetSpaceUsed (CachingGetSpaceUsed.java:run(183)) - Thread Interrupted waiting to refresh disk information: sleep interrupted
2019-09-19 16:47:30,161 [Thread-1328] INFO  statemachine.DatanodeStateMachine (DatanodeStateMachine.java:stopDaemon(395)) - Ozone container server stopped.
2019-09-19 16:47:30,164 [Thread-1328] INFO  handler.ContextHandler (ContextHandler.java:doStop(910)) - Stopped o.e.j.w.WebAppContext@3f468363{/,null,UNAVAILABLE}{/hddsDatanode}
2019-09-19 16:47:30,165 [ForkJoinPool.commonPool-worker-1] INFO  statemachine.DatanodeStateMachine (DatanodeStateMachine.java:stopDaemon(395)) - Ozone container server stopped.
2019-09-19 16:47:30,167 [Thread-1328] INFO  server.AbstractConnector (AbstractConnector.java:doStop(318)) - Stopped ServerConnector@462b90b5{HTTP/1.1,[http/1.1]}{0.0.0.0:0}
2019-09-19 16:47:30,168 [ForkJoinPool.commonPool-worker-1] INFO  handler.ContextHandler (ContextHandler.java:doStop(910)) - Stopped o.e.j.w.WebAppContext@3c09819e{/,null,UNAVAILABLE}{/hddsDatanode}
2019-09-19 16:47:30,168 [Thread-1328] INFO  handler.ContextHandler (ContextHandler.java:doStop(910)) - Stopped o.e.j.s.ServletContextHandler@161988bc{/static,jar:file:/home/user/.m2/repository/org/apache/hadoop/hadoop-hdds-container-service/0.5.0-SNAPSHOT/hadoop-hdds-container-service-0.5.0-SNAPSHOT.jar!/webapps/static,UNAVAILABLE}
2019-09-19 16:47:30,169 [Thread-1328] INFO  handler.ContextHandler (ContextHandler.java:doStop(910)) - Stopped o.e.j.s.ServletContextHandler@6da88365{/logs,file:///workdir/hadoop-ozone/ozonefs/target/log,UNAVAILABLE}
2019-09-19 16:47:30,169 [ForkJoinPool.commonPool-worker-1] INFO  server.AbstractConnector (AbstractConnector.java:doStop(318)) - Stopped ServerConnector@2e9fbbba{HTTP/1.1,[http/1.1]}{0.0.0.0:0}
2019-09-19 16:47:30,170 [ForkJoinPool.commonPool-worker-1] INFO  handler.ContextHandler (ContextHandler.java:doStop(910)) - Stopped o.e.j.s.ServletContextHandler@5f327611{/static,jar:file:/home/user/.m2/repository/org/apache/hadoop/hadoop-hdds-container-service/0.5.0-SNAPSHOT/hadoop-hdds-container-service-0.5.0-SNAPSHOT.jar!/webapps/static,UNAVAILABLE}
2019-09-19 16:47:30,172 [ForkJoinPool.commonPool-worker-1] INFO  handler.ContextHandler (ContextHandler.java:doStop(910)) - Stopped o.e.j.s.ServletContextHandler@3360875c{/logs,file:///workdir/hadoop-ozone/ozonefs/target/log,UNAVAILABLE}
2019-09-19 16:47:30,172 [Thread-1328] INFO  datanode.ObjectStoreHandler (ObjectStoreHandler.java:close(155)) - Closing ObjectStoreHandler.
2019-09-19 16:47:30,173 [Thread-1328] INFO  ozone.HddsDatanodeService (HddsDatanodeService.java:stop(451)) - Stopped plug-in org.apache.hadoop.ozone.web.OzoneHddsDatanodeService@19462a0c
2019-09-19 16:47:30,838 [Datanode State Machine Thread - 0] INFO  statemachine.DatanodeStateMachine (DatanodeStateMachine.java:lambda$startDaemon$0(350)) - Ozone container server started.
2019-09-19 16:47:35,174 [Thread-1328] INFO  ozoneimpl.OzoneContainer (OzoneContainer.java:stop(199)) - Attempting to stop container services.
2019-09-19 16:47:35,175 [Thread-1328] INFO  impl.RaftServerProxy (RaftServerProxy.java:lambda$close$4(314)) - 0160fd49-54d3-4cfd-b1ef-90ca4fe52f57: close
2019-09-19 16:47:35,175 [Thread-1328] INFO  impl.RaftServerImpl (RaftServerImpl.java:lambda$shutdown$3(245)) - 0160fd49-54d3-4cfd-b1ef-90ca4fe52f57: shutdown group-AC1D388C31F6
2019-09-19 16:47:35,176 [ForkJoinPool.commonPool-worker-0] INFO  impl.RaftServerImpl (RaftServerImpl.java:lambda$shutdown$3(245)) - 0160fd49-54d3-4cfd-b1ef-90ca4fe52f57: shutdown group-D352D0D89050
2019-09-19 16:47:35,176 [Thread-1328] INFO  util.JmxRegister (JmxRegister.java:unregister(73)) - Successfully un-registered JMX Bean with object name Ratis:service=RaftServer,group=group-AC1D388C31F6,id=0160fd49-54d3-4cfd-b1ef-90ca4fe52f57
2019-09-19 16:47:35,176 [ForkJoinPool.commonPool-worker-0] INFO  util.JmxRegister (JmxRegister.java:unregister(73)) - Successfully un-registered JMX Bean with object name Ratis:service=RaftServer,group=group-D352D0D89050,id=0160fd49-54d3-4cfd-b1ef-90ca4fe52f57
2019-09-19 16:47:35,176 [Thread-1328] INFO  impl.RoleInfo (RoleInfo.java:shutdownLeaderState(104)) - 0160fd49-54d3-4cfd-b1ef-90ca4fe52f57: shutdown LeaderState
2019-09-19 16:47:35,177 [ForkJoinPool.commonPool-worker-0] INFO  impl.RoleInfo (RoleInfo.java:shutdownLeaderState(104)) - 0160fd49-54d3-4cfd-b1ef-90ca4fe52f57: shutdown LeaderState
2019-09-19 16:47:35,177 [Thread-1328] INFO  impl.PendingRequests (PendingRequests.java:sendNotLeaderResponses(202)) - 0160fd49-54d3-4cfd-b1ef-90ca4fe52f57-PendingRequests: sendNotLeaderResponses
2019-09-19 16:47:35,177 [ForkJoinPool.commonPool-worker-0] INFO  impl.PendingRequests (PendingRequests.java:sendNotLeaderResponses(202)) - 0160fd49-54d3-4cfd-b1ef-90ca4fe52f57-PendingRequests: sendNotLeaderResponses
2019-09-19 16:47:35,178 [Thread-1328] INFO  impl.StateMachineUpdater (StateMachineUpdater.java:stopAndJoin(115)) - StateMachineUpdater:0160fd49-54d3-4cfd-b1ef-90ca4fe52f57:group-AC1D388C31F6: set stopIndex = 0
2019-09-19 16:47:35,178 [ForkJoinPool.commonPool-worker-0] INFO  impl.StateMachineUpdater (StateMachineUpdater.java:stopAndJoin(115)) - StateMachineUpdater:0160fd49-54d3-4cfd-b1ef-90ca4fe52f57:group-D352D0D89050: set stopIndex = 0
2019-09-19 16:47:35,178 [Thread-1328] INFO  impl.RaftServerImpl (ServerState.java:close(394)) - 0160fd49-54d3-4cfd-b1ef-90ca4fe52f57:group-AC1D388C31F6 closes. The last applied log index is 0
2019-09-19 16:47:35,178 [ForkJoinPool.commonPool-worker-0] INFO  impl.RaftServerImpl (ServerState.java:close(394)) - 0160fd49-54d3-4cfd-b1ef-90ca4fe52f57:group-D352D0D89050 closes. The last applied log index is 0
2019-09-19 16:47:35,179 [0160fd49-54d3-4cfd-b1ef-90ca4fe52f57-SegmentedRaftLogWorker:Storage Directory /workdir/hadoop-ozone/ozonefs/target/test-dir/MiniOzoneClusterImpl-220b86cd-4451-44e8-8e13-531534607eb8/datanode-2/data/ratis/e8a0b254-7dc7-4c0d-b2ac-ac1d388c31f6] INFO  segmented.SegmentedRaftLogWorker (SegmentedRaftLogWorker.java:run(313)) - 0160fd49-54d3-4cfd-b1ef-90ca4fe52f57-SegmentedRaftLogWorker:Storage Directory /workdir/hadoop-ozone/ozonefs/target/test-dir/MiniOzoneClusterImpl-220b86cd-4451-44e8-8e13-531534607eb8/datanode-2/data/ratis/e8a0b254-7dc7-4c0d-b2ac-ac1d388c31f6 was interrupted, exiting. There are 0 tasks remaining in the queue.
2019-09-19 16:47:35,179 [0160fd49-54d3-4cfd-b1ef-90ca4fe52f57-SegmentedRaftLogWorker:Storage Directory /workdir/hadoop-ozone/ozonefs/target/test-dir/MiniOzoneClusterImpl-220b86cd-4451-44e8-8e13-531534607eb8/datanode-2/data/ratis/61a4888e-d2d9-4049-a499-d352d0d89050] INFO  segmented.SegmentedRaftLogWorker (SegmentedRaftLogWorker.java:run(313)) - 0160fd49-54d3-4cfd-b1ef-90ca4fe52f57-SegmentedRaftLogWorker:Storage Directory /workdir/hadoop-ozone/ozonefs/target/test-dir/MiniOzoneClusterImpl-220b86cd-4451-44e8-8e13-531534607eb8/datanode-2/data/ratis/61a4888e-d2d9-4049-a499-d352d0d89050 was interrupted, exiting. There are 0 tasks remaining in the queue.
2019-09-19 16:47:35,179 [Thread-1328] INFO  segmented.SegmentedRaftLogWorker (SegmentedRaftLogWorker.java:close(228)) - 0160fd49-54d3-4cfd-b1ef-90ca4fe52f57-SegmentedRaftLogWorker:Storage Directory /workdir/hadoop-ozone/ozonefs/target/test-dir/MiniOzoneClusterImpl-220b86cd-4451-44e8-8e13-531534607eb8/datanode-2/data/ratis/e8a0b254-7dc7-4c0d-b2ac-ac1d388c31f6 close()
2019-09-19 16:47:35,182 [Thread-1328] INFO  impl.RaftServerImpl (RaftServerImpl.java:lambda$shutdown$3(245)) - 0160fd49-54d3-4cfd-b1ef-90ca4fe52f57: shutdown group-5299FBAE860A
2019-09-19 16:47:35,182 [Thread-1328] INFO  util.JmxRegister (JmxRegister.java:unregister(73)) - Successfully un-registered JMX Bean with object name Ratis:service=RaftServer,group=group-5299FBAE860A,id=0160fd49-54d3-4cfd-b1ef-90ca4fe52f57
2019-09-19 16:47:35,182 [Thread-1328] INFO  impl.RoleInfo (RoleInfo.java:shutdownLeaderState(104)) - 0160fd49-54d3-4cfd-b1ef-90ca4fe52f57: shutdown LeaderState
2019-09-19 16:47:35,183 [Thread-1328] INFO  impl.PendingRequests (PendingRequests.java:sendNotLeaderResponses(202)) - 0160fd49-54d3-4cfd-b1ef-90ca4fe52f57-PendingRequests: sendNotLeaderResponses
2019-09-19 16:47:35,183 [Thread-1328] INFO  impl.StateMachineUpdater (StateMachineUpdater.java:stopAndJoin(115)) - StateMachineUpdater:0160fd49-54d3-4cfd-b1ef-90ca4fe52f57:group-5299FBAE860A: set stopIndex = 0
2019-09-19 16:47:35,183 [Thread-1328] INFO  impl.RaftServerImpl (ServerState.java:close(394)) - 0160fd49-54d3-4cfd-b1ef-90ca4fe52f57:group-5299FBAE860A closes. The last applied log index is 0
2019-09-19 16:47:35,184 [0160fd49-54d3-4cfd-b1ef-90ca4fe52f57-SegmentedRaftLogWorker:Storage Directory /workdir/hadoop-ozone/ozonefs/target/test-dir/MiniOzoneClusterImpl-220b86cd-4451-44e8-8e13-531534607eb8/datanode-2/data/ratis/41212c98-53e3-4213-8f43-5299fbae860a] INFO  segmented.SegmentedRaftLogWorker (SegmentedRaftLogWorker.java:run(313)) - 0160fd49-54d3-4cfd-b1ef-90ca4fe52f57-SegmentedRaftLogWorker:Storage Directory /workdir/hadoop-ozone/ozonefs/target/test-dir/MiniOzoneClusterImpl-220b86cd-4451-44e8-8e13-531534607eb8/datanode-2/data/ratis/41212c98-53e3-4213-8f43-5299fbae860a was interrupted, exiting. There are 0 tasks remaining in the queue.
2019-09-19 16:47:35,192 [Thread-1328] INFO  segmented.SegmentedRaftLogWorker (SegmentedRaftLogWorker.java:close(228)) - 0160fd49-54d3-4cfd-b1ef-90ca4fe52f57-SegmentedRaftLogWorker:Storage Directory /workdir/hadoop-ozone/ozonefs/target/test-dir/MiniOzoneClusterImpl-220b86cd-4451-44e8-8e13-531534607eb8/datanode-2/data/ratis/41212c98-53e3-4213-8f43-5299fbae860a close()
2019-09-19 16:47:35,192 [ForkJoinPool.commonPool-worker-0] INFO  segmented.SegmentedRaftLogWorker (SegmentedRaftLogWorker.java:close(228)) - 0160fd49-54d3-4cfd-b1ef-90ca4fe52f57-SegmentedRaftLogWorker:Storage Directory /workdir/hadoop-ozone/ozonefs/target/test-dir/MiniOzoneClusterImpl-220b86cd-4451-44e8-8e13-531534607eb8/datanode-2/data/ratis/61a4888e-d2d9-4049-a499-d352d0d89050 close()
2019-09-19 16:47:35,195 [Thread-1328] INFO  impl.RaftServerImpl (RaftServerImpl.java:lambda$shutdown$3(245)) - 0160fd49-54d3-4cfd-b1ef-90ca4fe52f57: shutdown group-16C7668C07AB
2019-09-19 16:47:35,197 [ForkJoinPool.commonPool-worker-0] INFO  impl.RaftServerImpl (RaftServerImpl.java:lambda$shutdown$3(245)) - 0160fd49-54d3-4cfd-b1ef-90ca4fe52f57: shutdown group-C98FFC8DB4CB
2019-09-19 16:47:35,197 [Thread-1328] INFO  util.JmxRegister (JmxRegister.java:unregister(73)) - Successfully un-registered JMX Bean with object name Ratis:service=RaftServer,group=group-16C7668C07AB,id=0160fd49-54d3-4cfd-b1ef-90ca4fe52f57
2019-09-19 16:47:35,197 [ForkJoinPool.commonPool-worker-0] INFO  util.JmxRegister (JmxRegister.java:unregister(73)) - Successfully un-registered JMX Bean with object name Ratis:service=RaftServer,group=group-C98FFC8DB4CB,id=0160fd49-54d3-4cfd-b1ef-90ca4fe52f57
2019-09-19 16:47:35,197 [Thread-1328] INFO  impl.RoleInfo (RoleInfo.java:shutdownLeaderState(104)) - 0160fd49-54d3-4cfd-b1ef-90ca4fe52f57: shutdown LeaderState
2019-09-19 16:47:35,198 [ForkJoinPool.commonPool-worker-0] INFO  impl.RoleInfo (RoleInfo.java:shutdownLeaderState(104)) - 0160fd49-54d3-4cfd-b1ef-90ca4fe52f57: shutdown LeaderState
2019-09-19 16:47:35,198 [Thread-1328] INFO  impl.PendingRequests (PendingRequests.java:sendNotLeaderResponses(202)) - 0160fd49-54d3-4cfd-b1ef-90ca4fe52f57-PendingRequests: sendNotLeaderResponses
2019-09-19 16:47:35,198 [ForkJoinPool.commonPool-worker-0] INFO  impl.PendingRequests (PendingRequests.java:sendNotLeaderResponses(202)) - 0160fd49-54d3-4cfd-b1ef-90ca4fe52f57-PendingRequests: sendNotLeaderResponses
2019-09-19 16:47:35,199 [Thread-1328] INFO  impl.StateMachineUpdater (StateMachineUpdater.java:stopAndJoin(115)) - StateMachineUpdater:0160fd49-54d3-4cfd-b1ef-90ca4fe52f57:group-16C7668C07AB: set stopIndex = 0
2019-09-19 16:47:35,199 [ForkJoinPool.commonPool-worker-0] INFO  impl.StateMachineUpdater (StateMachineUpdater.java:stopAndJoin(115)) - StateMachineUpdater:0160fd49-54d3-4cfd-b1ef-90ca4fe52f57:group-C98FFC8DB4CB: set stopIndex = 0
2019-09-19 16:47:35,199 [Thread-1328] INFO  impl.RaftServerImpl (ServerState.java:close(394)) - 0160fd49-54d3-4cfd-b1ef-90ca4fe52f57:group-16C7668C07AB closes. The last applied log index is 0
2019-09-19 16:47:35,199 [ForkJoinPool.commonPool-worker-0] INFO  impl.RaftServerImpl (ServerState.java:close(394)) - 0160fd49-54d3-4cfd-b1ef-90ca4fe52f57:group-C98FFC8DB4CB closes. The last applied log index is 0
2019-09-19 16:47:35,200 [0160fd49-54d3-4cfd-b1ef-90ca4fe52f57-SegmentedRaftLogWorker:Storage Directory /workdir/hadoop-ozone/ozonefs/target/test-dir/MiniOzoneClusterImpl-220b86cd-4451-44e8-8e13-531534607eb8/datanode-2/data/ratis/7da3786a-cf7d-464b-aede-16c7668c07ab] INFO  segmented.SegmentedRaftLogWorker (SegmentedRaftLogWorker.java:run(313)) - 0160fd49-54d3-4cfd-b1ef-90ca4fe52f57-SegmentedRaftLogWorker:Storage Directory /workdir/hadoop-ozone/ozonefs/target/test-dir/MiniOzoneClusterImpl-220b86cd-4451-44e8-8e13-531534607eb8/datanode-2/data/ratis/7da3786a-cf7d-464b-aede-16c7668c07ab was interrupted, exiting. There are 0 tasks remaining in the queue.
2019-09-19 16:47:35,200 [0160fd49-54d3-4cfd-b1ef-90ca4fe52f57-SegmentedRaftLogWorker:Storage Directory /workdir/hadoop-ozone/ozonefs/target/test-dir/MiniOzoneClusterImpl-220b86cd-4451-44e8-8e13-531534607eb8/datanode-2/data/ratis/6674b9b8-1c6c-4d1c-a908-c98ffc8db4cb] INFO  segmented.SegmentedRaftLogWorker (SegmentedRaftLogWorker.java:run(313)) - 0160fd49-54d3-4cfd-b1ef-90ca4fe52f57-SegmentedRaftLogWorker:Storage Directory /workdir/hadoop-ozone/ozonefs/target/test-dir/MiniOzoneClusterImpl-220b86cd-4451-44e8-8e13-531534607eb8/datanode-2/data/ratis/6674b9b8-1c6c-4d1c-a908-c98ffc8db4cb was interrupted, exiting. There are 0 tasks remaining in the queue.
2019-09-19 16:47:35,200 [Thread-1328] INFO  segmented.SegmentedRaftLogWorker (SegmentedRaftLogWorker.java:close(228)) - 0160fd49-54d3-4cfd-b1ef-90ca4fe52f57-SegmentedRaftLogWorker:Storage Directory /workdir/hadoop-ozone/ozonefs/target/test-dir/MiniOzoneClusterImpl-220b86cd-4451-44e8-8e13-531534607eb8/datanode-2/data/ratis/7da3786a-cf7d-464b-aede-16c7668c07ab close()
2019-09-19 16:47:35,200 [ForkJoinPool.commonPool-worker-0] INFO  segmented.SegmentedRaftLogWorker (SegmentedRaftLogWorker.java:close(228)) - 0160fd49-54d3-4cfd-b1ef-90ca4fe52f57-SegmentedRaftLogWorker:Storage Directory /workdir/hadoop-ozone/ozonefs/target/test-dir/MiniOzoneClusterImpl-220b86cd-4451-44e8-8e13-531534607eb8/datanode-2/data/ratis/6674b9b8-1c6c-4d1c-a908-c98ffc8db4cb close()
2019-09-19 16:47:35,202 [Thread-1328] INFO  impl.RaftServerImpl (RaftServerImpl.java:lambda$shutdown$3(245)) - 0160fd49-54d3-4cfd-b1ef-90ca4fe52f57: shutdown group-81CF8D0CE298
2019-09-19 16:47:35,203 [Thread-1328] INFO  util.JmxRegister (JmxRegister.java:unregister(73)) - Successfully un-registered JMX Bean with object name Ratis:service=RaftServer,group=group-81CF8D0CE298,id=0160fd49-54d3-4cfd-b1ef-90ca4fe52f57
2019-09-19 16:47:35,203 [Thread-1328] INFO  impl.RoleInfo (RoleInfo.java:shutdownLeaderState(104)) - 0160fd49-54d3-4cfd-b1ef-90ca4fe52f57: shutdown LeaderState
2019-09-19 16:47:35,204 [Thread-1328] INFO  impl.PendingRequests (PendingRequests.java:sendNotLeaderResponses(202)) - 0160fd49-54d3-4cfd-b1ef-90ca4fe52f57-PendingRequests: sendNotLeaderResponses
2019-09-19 16:47:35,204 [Thread-1328] INFO  impl.StateMachineUpdater (StateMachineUpdater.java:stopAndJoin(115)) - StateMachineUpdater:0160fd49-54d3-4cfd-b1ef-90ca4fe52f57:group-81CF8D0CE298: set stopIndex = 0
2019-09-19 16:47:35,205 [Thread-1328] INFO  impl.RaftServerImpl (ServerState.java:close(394)) - 0160fd49-54d3-4cfd-b1ef-90ca4fe52f57:group-81CF8D0CE298 closes. The last applied log index is 0
2019-09-19 16:47:35,205 [0160fd49-54d3-4cfd-b1ef-90ca4fe52f57-SegmentedRaftLogWorker:Storage Directory /workdir/hadoop-ozone/ozonefs/target/test-dir/MiniOzoneClusterImpl-220b86cd-4451-44e8-8e13-531534607eb8/datanode-2/data/ratis/e6a01d0d-9820-4daf-9f5a-81cf8d0ce298] INFO  segmented.SegmentedRaftLogWorker (SegmentedRaftLogWorker.java:run(313)) - 0160fd49-54d3-4cfd-b1ef-90ca4fe52f57-SegmentedRaftLogWorker:Storage Directory /workdir/hadoop-ozone/ozonefs/target/test-dir/MiniOzoneClusterImpl-220b86cd-4451-44e8-8e13-531534607eb8/datanode-2/data/ratis/e6a01d0d-9820-4daf-9f5a-81cf8d0ce298 was interrupted, exiting. There are 0 tasks remaining in the queue.
2019-09-19 16:47:35,205 [Thread-1328] INFO  segmented.SegmentedRaftLogWorker (SegmentedRaftLogWorker.java:close(228)) - 0160fd49-54d3-4cfd-b1ef-90ca4fe52f57-SegmentedRaftLogWorker:Storage Directory /workdir/hadoop-ozone/ozonefs/target/test-dir/MiniOzoneClusterImpl-220b86cd-4451-44e8-8e13-531534607eb8/datanode-2/data/ratis/e6a01d0d-9820-4daf-9f5a-81cf8d0ce298 close()
2019-09-19 16:47:35,207 [Thread-1328] INFO  server.GrpcService (GrpcService.java:closeImpl(155)) - 0160fd49-54d3-4cfd-b1ef-90ca4fe52f57: shutdown server with port 45929 now
2019-09-19 16:47:35,208 [Thread-1328] INFO  server.GrpcService (GrpcService.java:closeImpl(163)) - 0160fd49-54d3-4cfd-b1ef-90ca4fe52f57: shutdown server with port 45929 successfully
2019-09-19 16:47:35,210 [Thread-1328] INFO  utils.BackgroundService (BackgroundService.java:shutdown(148)) - Shutting down service BlockDeletingService
2019-09-19 16:47:35,215 [refreshUsed-/workdir/hadoop-ozone/ozonefs/target/test-dir/MiniOzoneClusterImpl-220b86cd-4451-44e8-8e13-531534607eb8/datanode-2/data/containers] WARN  fs.CachingGetSpaceUsed (CachingGetSpaceUsed.java:run(183)) - Thread Interrupted waiting to refresh disk information: sleep interrupted
2019-09-19 16:47:35,245 [Thread-1328] INFO  statemachine.DatanodeStateMachine (DatanodeStateMachine.java:stopDaemon(395)) - Ozone container server stopped.
2019-09-19 16:47:35,257 [Thread-1328] INFO  handler.ContextHandler (ContextHandler.java:doStop(910)) - Stopped o.e.j.w.WebAppContext@556b418e{/,null,UNAVAILABLE}{/hddsDatanode}
2019-09-19 16:47:35,258 [Thread-1328] INFO  server.AbstractConnector (AbstractConnector.java:doStop(318)) - Stopped ServerConnector@3408c8fd{HTTP/1.1,[http/1.1]}{0.0.0.0:0}
2019-09-19 16:47:35,259 [Thread-1328] INFO  handler.ContextHandler (ContextHandler.java:doStop(910)) - Stopped o.e.j.s.ServletContextHandler@3de382b3{/static,jar:file:/home/user/.m2/repository/org/apache/hadoop/hadoop-hdds-container-service/0.5.0-SNAPSHOT/hadoop-hdds-container-service-0.5.0-SNAPSHOT.jar!/webapps/static,UNAVAILABLE}
2019-09-19 16:47:35,259 [Thread-1328] INFO  handler.ContextHandler (ContextHandler.java:doStop(910)) - Stopped o.e.j.s.ServletContextHandler@4b8e671e{/logs,file:///workdir/hadoop-ozone/ozonefs/target/log,UNAVAILABLE}
2019-09-19 16:47:35,261 [Thread-1328] INFO  ozone.MiniOzoneClusterImpl (MiniOzoneClusterImpl.java:stop(353)) - Stopping the StorageContainerManager
2019-09-19 16:47:35,261 [Thread-1328] INFO  server.StorageContainerManager (StorageContainerManager.java:stop(797)) - Stopping Replication Manager Service.
2019-09-19 16:47:35,261 [Thread-1328] INFO  container.ReplicationManager (ReplicationManager.java:stop(192)) - Stopping Replication Monitor Thread.
2019-09-19 16:47:35,261 [Thread-1328] INFO  server.StorageContainerManager (StorageContainerManager.java:stop(804)) - Stopping Lease Manager of the command watchers
2019-09-19 16:47:35,261 [Thread-1328] INFO  server.StorageContainerManager (StorageContainerManager.java:stop(811)) - Stopping datanode service RPC server
2019-09-19 16:47:35,261 [Thread-1328] INFO  server.SCMDatanodeProtocolServer (SCMDatanodeProtocolServer.java:stop(367)) - Stopping the RPC server for DataNodes
2019-09-19 16:47:35,262 [Thread-1328] INFO  ipc.Server (Server.java:stop(3082)) - Stopping server on 39065
2019-09-19 16:47:35,265 [IPC Server listener on 39065] INFO  ipc.Server (Server.java:run(1185)) - Stopping IPC Server listener on 39065
2019-09-19 16:47:35,266 [IPC Server Responder] INFO  ipc.Server (Server.java:run(1319)) - Stopping IPC Server Responder
2019-09-19 16:47:35,286 [SCM Heartbeat Processing Thread - 0] WARN  node.NodeStateManager (NodeStateManager.java:scheduleNextHealthCheck(655)) - Current Thread is interrupted, shutting down HB processing thread for Node Manager.
2019-09-19 16:47:35,286 [Thread-1328] INFO  server.StorageContainerManager (StorageContainerManager.java:stop(819)) - Stopping block service RPC server
2019-09-19 16:47:35,286 [Thread-1328] INFO  server.SCMBlockProtocolServer (SCMBlockProtocolServer.java:stop(148)) - Stopping the RPC server for Block Protocol
2019-09-19 16:47:35,287 [Thread-1328] INFO  ipc.Server (Server.java:stop(3082)) - Stopping server on 34207
2019-09-19 16:47:35,291 [Thread-1328] INFO  server.StorageContainerManager (StorageContainerManager.java:stop(826)) - Stopping the StorageContainerLocationProtocol RPC server
2019-09-19 16:47:35,291 [IPC Server listener on 34207] INFO  ipc.Server (Server.java:run(1185)) - Stopping IPC Server listener on 34207
2019-09-19 16:47:35,291 [Thread-1328] INFO  server.SCMClientProtocolServer (SCMClientProtocolServer.java:stop(159)) - Stopping the RPC server for Client Protocol
2019-09-19 16:47:35,292 [Thread-1328] INFO  ipc.Server (Server.java:stop(3082)) - Stopping server on 40863
2019-09-19 16:47:35,291 [IPC Server Responder] INFO  ipc.Server (Server.java:run(1319)) - Stopping IPC Server Responder
2019-09-19 16:47:35,295 [IPC Server listener on 40863] INFO  ipc.Server (Server.java:run(1185)) - Stopping IPC Server listener on 40863
2019-09-19 16:47:35,295 [Thread-1328] INFO  server.StorageContainerManager (StorageContainerManager.java:stop(833)) - Stopping Storage Container Manager HTTP server.
2019-09-19 16:47:35,296 [IPC Server Responder] INFO  ipc.Server (Server.java:run(1319)) - Stopping IPC Server Responder
2019-09-19 16:47:35,297 [Thread-1328] INFO  handler.ContextHandler (ContextHandler.java:doStop(910)) - Stopped o.e.j.w.WebAppContext@626e192d{/,null,UNAVAILABLE}{/scm}
2019-09-19 16:47:35,298 [Thread-1328] INFO  server.AbstractConnector (AbstractConnector.java:doStop(318)) - Stopped ServerConnector@3a3a03ba{HTTP/1.1,[http/1.1]}{0.0.0.0:0}
2019-09-19 16:47:35,298 [Thread-1328] INFO  handler.ContextHandler (ContextHandler.java:doStop(910)) - Stopped o.e.j.s.ServletContextHandler@29c6a1f6{/static,jar:file:/home/user/.m2/repository/org/apache/hadoop/hadoop-hdds-server-scm/0.5.0-SNAPSHOT/hadoop-hdds-server-scm-0.5.0-SNAPSHOT.jar!/webapps/static,UNAVAILABLE}
2019-09-19 16:47:35,299 [Thread-1328] INFO  handler.ContextHandler (ContextHandler.java:doStop(910)) - Stopped o.e.j.s.ServletContextHandler@11a20080{/logs,file:///workdir/hadoop-ozone/ozonefs/target/log,UNAVAILABLE}
2019-09-19 16:47:35,300 [Thread-1328] INFO  server.StorageContainerManager (StorageContainerManager.java:stop(844)) - Stopping Block Manager Service.
2019-09-19 16:47:35,300 [Thread-1328] INFO  utils.BackgroundService (BackgroundService.java:shutdown(148)) - Shutting down service SCMBlockDeletingService
2019-09-19 16:47:35,300 [Thread-1328] INFO  utils.BackgroundService (BackgroundService.java:shutdown(148)) - Shutting down service SCMBlockDeletingService
2019-09-19 16:47:35,301 [Thread-1328] INFO  server.StorageContainerManager (StorageContainerManager.java:stop(866)) - Stopping SCM Event Queue.
2019-09-19 16:47:35,304 [Thread-1328] INFO  impl.MetricsSystemImpl (MetricsSystemImpl.java:stop(210)) - Stopping HddsDatanode metrics system...
2019-09-19 16:47:35,317 [Thread-1328] INFO  impl.MetricsSystemImpl (MetricsSystemImpl.java:stop(216)) - HddsDatanode metrics system stopped.
]]></system-out>
    <system-err><![CDATA[Sep 19, 2019 4:47:19 PM com.sun.jersey.server.impl.application.WebApplicationImpl _initiate
INFO: Initiating Jersey application, version 'Jersey: 1.19 02/11/2015 03:25 AM'
Sep 19, 2019 4:47:19 PM com.sun.jersey.server.impl.application.WebApplicationImpl _initiate
INFO: Initiating Jersey application, version 'Jersey: 1.19 02/11/2015 03:25 AM'
Sep 19, 2019 4:47:19 PM com.sun.jersey.server.impl.application.WebApplicationImpl _initiate
INFO: Initiating Jersey application, version 'Jersey: 1.19 02/11/2015 03:25 AM'
Sep 19, 2019 4:47:24 PM com.sun.jersey.server.impl.application.WebApplicationImpl _initiate
INFO: Initiating Jersey application, version 'Jersey: 1.19 02/11/2015 03:25 AM'
]]></system-err>
  </testcase>
  <testcase name="testListStatusOnLargeDirectory" classname="org.apache.hadoop.fs.ozone.TestOzoneFileSystem" time="23.082"/>
</testsuite>