<?xml version="1.0" encoding="UTF-8"?>
<testsuite xmlns:xsi="http://www.w3.org/2001/XMLSchema-instance" xsi:noNamespaceSchemaLocation="https://maven.apache.org/surefire/maven-surefire-plugin/xsd/surefire-test-report.xsd" name="org.apache.hadoop.ozone.client.rpc.TestCommitWatcher" time="45.296" tests="2" errors="0" skipped="0" failures="1">
  <properties>
    <property name="awt.toolkit" value="sun.awt.X11.XToolkit"/>
    <property name="file.encoding.pkg" value="sun.io"/>
    <property name="java.specification.version" value="1.8"/>
    <property name="sun.cpu.isalist" value=""/>
    <property name="sun.jnu.encoding" value="UTF-8"/>
    <property name="java.class.path" value="/workdir/hadoop-ozone/integration-test/target/test-classes:/workdir/hadoop-ozone/integration-test/target/classes:/home/user/.m2/repository/org/apache/hadoop/hadoop-ozone-common/0.5.0-SNAPSHOT/hadoop-ozone-common-0.5.0-SNAPSHOT.jar:/home/user/.m2/repository/org/apache/commons/commons-compress/1.4.1/commons-compress-1.4.1.jar:/home/user/.m2/repository/org/tukaani/xz/1.0/xz-1.0.jar:/home/user/.m2/repository/org/apache/hadoop/hadoop-common/3.2.0/hadoop-common-3.2.0.jar:/home/user/.m2/repository/org/apache/hadoop/hadoop-hdfs/3.2.0/hadoop-hdfs-3.2.0.jar:/home/user/.m2/repository/org/apache/hadoop/hadoop-hdfs-client/3.2.0/hadoop-hdfs-client-3.2.0.jar:/home/user/.m2/repository/com/fasterxml/jackson/core/jackson-annotations/2.9.5/jackson-annotations-2.9.5.jar:/home/user/.m2/repository/org/apache/hadoop/hadoop-hdds-common/0.5.0-SNAPSHOT/hadoop-hdds-common-0.5.0-SNAPSHOT.jar:/home/user/.m2/repository/javax/annotation/javax.annotation-api/1.2/javax.annotation-api-1.2.jar:/home/user/.m2/repository/org/apache/ratis/ratis-server/0.4.0-2337318-SNAPSHOT/ratis-server-0.4.0-2337318-SNAPSHOT.jar:/home/user/.m2/repository/org/apache/ratis/ratis-thirdparty-misc/0.2.0/ratis-thirdparty-misc-0.2.0.jar:/home/user/.m2/repository/org/apache/ratis/ratis-proto/0.4.0-2337318-SNAPSHOT/ratis-proto-0.4.0-2337318-SNAPSHOT.jar:/home/user/.m2/repository/org/apache/ratis/ratis-common/0.4.0-2337318-SNAPSHOT/ratis-common-0.4.0-2337318-SNAPSHOT.jar:/home/user/.m2/repository/org/apache/ratis/ratis-client/0.4.0-2337318-SNAPSHOT/ratis-client-0.4.0-2337318-SNAPSHOT.jar:/home/user/.m2/repository/org/apache/ratis/ratis-metrics/0.4.0-2337318-SNAPSHOT/ratis-metrics-0.4.0-2337318-SNAPSHOT.jar:/home/user/.m2/repository/org/apache/ratis/ratis-netty/0.4.0-2337318-SNAPSHOT/ratis-netty-0.4.0-2337318-SNAPSHOT.jar:/home/user/.m2/repository/org/apache/ratis/ratis-grpc/0.4.0-2337318-SNAPSHOT/ratis-grpc-0.4.0-2337318-SNAPSHOT.jar:/home/user/.m2/repository/org/rocksdb/rocksdbjni/6.0.1/rocksdbjni-6.0.1.jar:/home/user/.m2/repository/org/apache/logging/log4j/log4j-api/2.11.0/log4j-api-2.11.0.jar:/home/user/.m2/repository/org/apache/logging/log4j/log4j-core/2.11.0/log4j-core-2.11.0.jar:/home/user/.m2/repository/com/lmax/disruptor/3.4.2/disruptor-3.4.2.jar:/home/user/.m2/repository/org/apache/commons/commons-pool2/2.6.0/commons-pool2-2.6.0.jar:/home/user/.m2/repository/org/bouncycastle/bcpkix-jdk15on/1.60/bcpkix-jdk15on-1.60.jar:/home/user/.m2/repository/commons-validator/commons-validator/1.6/commons-validator-1.6.jar:/home/user/.m2/repository/commons-digester/commons-digester/1.8.1/commons-digester-1.8.1.jar:/home/user/.m2/repository/io/jaegertracing/jaeger-client/0.33.1/jaeger-client-0.33.1.jar:/home/user/.m2/repository/io/jaegertracing/jaeger-thrift/0.33.1/jaeger-thrift-0.33.1.jar:/home/user/.m2/repository/org/apache/thrift/libthrift/0.11.0/libthrift-0.11.0.jar:/home/user/.m2/repository/com/squareup/okhttp3/okhttp/3.9.0/okhttp-3.9.0.jar:/home/user/.m2/repository/com/squareup/okio/okio/1.13.0/okio-1.13.0.jar:/home/user/.m2/repository/io/jaegertracing/jaeger-core/0.33.1/jaeger-core-0.33.1.jar:/home/user/.m2/repository/io/jaegertracing/jaeger-tracerresolver/0.33.1/jaeger-tracerresolver-0.33.1.jar:/home/user/.m2/repository/io/opentracing/contrib/opentracing-tracerresolver/0.1.5/opentracing-tracerresolver-0.1.5.jar:/home/user/.m2/repository/io/opentracing/opentracing-util/0.31.0/opentracing-util-0.31.0.jar:/home/user/.m2/repository/io/opentracing/opentracing-api/0.31.0/opentracing-api-0.31.0.jar:/home/user/.m2/repository/io/opentracing/opentracing-noop/0.31.0/opentracing-noop-0.31.0.jar:/home/user/.m2/repository/org/apache/hadoop/hadoop-hdds-server-framework/0.5.0-SNAPSHOT/hadoop-hdds-server-framework-0.5.0-SNAPSHOT.jar:/home/user/.m2/repository/org/apache/hadoop/hadoop-hdds-container-service/0.5.0-SNAPSHOT/hadoop-hdds-container-service-0.5.0-SNAPSHOT.jar:/home/user/.m2/repository/org/apache/hadoop/hadoop-hdds-client/0.5.0-SNAPSHOT/hadoop-hdds-client-0.5.0-SNAPSHOT.jar:/home/user/.m2/repository/org/apache/hadoop/hadoop-hdds-tools/0.5.0-SNAPSHOT/hadoop-hdds-tools-0.5.0-SNAPSHOT.jar:/home/user/.m2/repository/org/apache/hadoop/hadoop-hdds-server-scm/0.5.0-SNAPSHOT/hadoop-hdds-server-scm-0.5.0-SNAPSHOT.jar:/home/user/.m2/repository/org/apache/hadoop/hadoop-hdds-docs/0.5.0-SNAPSHOT/hadoop-hdds-docs-0.5.0-SNAPSHOT.jar:/home/user/.m2/repository/io/dropwizard/metrics/metrics-core/3.2.4/metrics-core-3.2.4.jar:/home/user/.m2/repository/org/hamcrest/hamcrest-all/1.3/hamcrest-all-1.3.jar:/home/user/.m2/repository/org/bouncycastle/bcprov-jdk15on/1.60/bcprov-jdk15on-1.60.jar:/home/user/.m2/repository/info/picocli/picocli/3.9.6/picocli-3.9.6.jar:/home/user/.m2/repository/com/google/protobuf/protobuf-java/2.5.0/protobuf-java-2.5.0.jar:/home/user/.m2/repository/com/google/guava/guava/11.0.2/guava-11.0.2.jar:/home/user/.m2/repository/org/apache/hadoop/hadoop-ozone-ozone-manager/0.5.0-SNAPSHOT/hadoop-ozone-ozone-manager-0.5.0-SNAPSHOT.jar:/home/user/.m2/repository/org/apache/hadoop/hadoop-minikdc/3.2.0/hadoop-minikdc-3.2.0.jar:/home/user/.m2/repository/commons-io/commons-io/2.5/commons-io-2.5.jar:/home/user/.m2/repository/org/apache/kerby/kerb-simplekdc/1.0.1/kerb-simplekdc-1.0.1.jar:/home/user/.m2/repository/org/apache/kerby/kerb-client/1.0.1/kerb-client-1.0.1.jar:/home/user/.m2/repository/org/apache/kerby/kerby-config/1.0.1/kerby-config-1.0.1.jar:/home/user/.m2/repository/org/apache/kerby/kerb-core/1.0.1/kerb-core-1.0.1.jar:/home/user/.m2/repository/org/apache/kerby/kerby-pkix/1.0.1/kerby-pkix-1.0.1.jar:/home/user/.m2/repository/org/apache/kerby/kerby-asn1/1.0.1/kerby-asn1-1.0.1.jar:/home/user/.m2/repository/org/apache/kerby/kerby-util/1.0.1/kerby-util-1.0.1.jar:/home/user/.m2/repository/org/apache/kerby/kerb-common/1.0.1/kerb-common-1.0.1.jar:/home/user/.m2/repository/org/apache/kerby/kerb-crypto/1.0.1/kerb-crypto-1.0.1.jar:/home/user/.m2/repository/org/apache/kerby/kerb-util/1.0.1/kerb-util-1.0.1.jar:/home/user/.m2/repository/org/apache/kerby/token-provider/1.0.1/token-provider-1.0.1.jar:/home/user/.m2/repository/org/apache/kerby/kerb-admin/1.0.1/kerb-admin-1.0.1.jar:/home/user/.m2/repository/org/apache/kerby/kerb-server/1.0.1/kerb-server-1.0.1.jar:/home/user/.m2/repository/org/apache/kerby/kerb-identity/1.0.1/kerb-identity-1.0.1.jar:/home/user/.m2/repository/org/apache/kerby/kerby-xdr/1.0.1/kerby-xdr-1.0.1.jar:/home/user/.m2/repository/org/slf4j/slf4j-log4j12/1.7.25/slf4j-log4j12-1.7.25.jar:/home/user/.m2/repository/org/apache/hadoop/hadoop-ozone-objectstore-service/0.5.0-SNAPSHOT/hadoop-ozone-objectstore-service-0.5.0-SNAPSHOT.jar:/home/user/.m2/repository/org/apache/hadoop/hadoop-ozone-s3gateway/0.5.0-SNAPSHOT/hadoop-ozone-s3gateway-0.5.0-SNAPSHOT.jar:/home/user/.m2/repository/org/jboss/weld/servlet/weld-servlet/2.4.7.Final/weld-servlet-2.4.7.Final.jar:/home/user/.m2/repository/org/glassfish/jersey/containers/jersey-container-servlet-core/2.27/jersey-container-servlet-core-2.27.jar:/home/user/.m2/repository/org/glassfish/hk2/external/javax.inject/2.5.0-b42/javax.inject-2.5.0-b42.jar:/home/user/.m2/repository/org/glassfish/jersey/core/jersey-common/2.27/jersey-common-2.27.jar:/home/user/.m2/repository/org/glassfish/hk2/osgi-resource-locator/1.0.1/osgi-resource-locator-1.0.1.jar:/home/user/.m2/repository/javax/ws/rs/javax.ws.rs-api/2.1/javax.ws.rs-api-2.1.jar:/home/user/.m2/repository/org/glassfish/jersey/ext/cdi/jersey-cdi1x/2.27/jersey-cdi1x-2.27.jar:/home/user/.m2/repository/org/glassfish/jersey/inject/jersey-hk2/2.27/jersey-hk2-2.27.jar:/home/user/.m2/repository/org/glassfish/hk2/hk2-locator/2.5.0-b42/hk2-locator-2.5.0-b42.jar:/home/user/.m2/repository/org/javassist/javassist/3.22.0-CR2/javassist-3.22.0-CR2.jar:/home/user/.m2/repository/org/glassfish/hk2/hk2-api/2.5.0/hk2-api-2.5.0.jar:/home/user/.m2/repository/org/glassfish/hk2/external/jakarta.inject/2.5.0/jakarta.inject-2.5.0.jar:/home/user/.m2/repository/org/glassfish/hk2/hk2-utils/2.5.0/hk2-utils-2.5.0.jar:/home/user/.m2/repository/jakarta/annotation/jakarta.annotation-api/1.3.4/jakarta.annotation-api-1.3.4.jar:/home/user/.m2/repository/org/glassfish/hk2/external/aopalliance-repackaged/2.5.0/aopalliance-repackaged-2.5.0.jar:/home/user/.m2/repository/com/fasterxml/jackson/dataformat/jackson-dataformat-xml/2.9.0/jackson-dataformat-xml-2.9.0.jar:/home/user/.m2/repository/com/fasterxml/jackson/core/jackson-core/2.9.5/jackson-core-2.9.5.jar:/home/user/.m2/repository/com/fasterxml/jackson/module/jackson-module-jaxb-annotations/2.9.5/jackson-module-jaxb-annotations-2.9.5.jar:/home/user/.m2/repository/javax/enterprise/cdi-api/1.2/cdi-api-1.2.jar:/home/user/.m2/repository/javax/el/javax.el-api/3.0.0/javax.el-api-3.0.0.jar:/home/user/.m2/repository/javax/interceptor/javax.interceptor-api/1.2/javax.interceptor-api-1.2.jar:/home/user/.m2/repository/javax/inject/javax.inject/1/javax.inject-1.jar:/home/user/.m2/repository/com/sun/xml/bind/jaxb-impl/2.3.0.1/jaxb-impl-2.3.0.1.jar:/home/user/.m2/repository/com/sun/xml/bind/jaxb-core/2.3.0.1/jaxb-core-2.3.0.1.jar:/home/user/.m2/repository/javax/xml/bind/jaxb-api/2.3.0/jaxb-api-2.3.0.jar:/home/user/.m2/repository/javax/activation/activation/1.1.1/activation-1.1.1.jar:/home/user/.m2/repository/org/apache/hadoop/hadoop-ozone-csi/0.5.0-SNAPSHOT/hadoop-ozone-csi-0.5.0-SNAPSHOT.jar:/home/user/.m2/repository/com/google/protobuf/protobuf-java-util/3.5.1/protobuf-java-util-3.5.1.jar:/home/user/.m2/repository/org/apache/hadoop/hadoop-hdds-config/0.5.0-SNAPSHOT/hadoop-hdds-config-0.5.0-SNAPSHOT.jar:/home/user/.m2/repository/io/grpc/grpc-netty/1.17.1/grpc-netty-1.17.1.jar:/home/user/.m2/repository/io/grpc/grpc-core/1.17.1/grpc-core-1.17.1.jar:/home/user/.m2/repository/io/grpc/grpc-context/1.17.1/grpc-context-1.17.1.jar:/home/user/.m2/repository/com/google/errorprone/error_prone_annotations/2.2.0/error_prone_annotations-2.2.0.jar:/home/user/.m2/repository/org/codehaus/mojo/animal-sniffer-annotations/1.17/animal-sniffer-annotations-1.17.jar:/home/user/.m2/repository/io/opencensus/opencensus-api/0.17.0/opencensus-api-0.17.0.jar:/home/user/.m2/repository/io/opencensus/opencensus-contrib-grpc-metrics/0.17.0/opencensus-contrib-grpc-metrics-0.17.0.jar:/home/user/.m2/repository/io/netty/netty-codec-http2/4.1.30.Final/netty-codec-http2-4.1.30.Final.jar:/home/user/.m2/repository/io/netty/netty-codec-http/4.1.30.Final/netty-codec-http-4.1.30.Final.jar:/home/user/.m2/repository/io/netty/netty-codec/4.1.30.Final/netty-codec-4.1.30.Final.jar:/home/user/.m2/repository/io/netty/netty-handler/4.1.30.Final/netty-handler-4.1.30.Final.jar:/home/user/.m2/repository/io/netty/netty-handler-proxy/4.1.30.Final/netty-handler-proxy-4.1.30.Final.jar:/home/user/.m2/repository/io/netty/netty-codec-socks/4.1.30.Final/netty-codec-socks-4.1.30.Final.jar:/home/user/.m2/repository/io/netty/netty-transport-native-epoll/4.1.30.Final/netty-transport-native-epoll-4.1.30.Final.jar:/home/user/.m2/repository/io/netty/netty-common/4.1.30.Final/netty-common-4.1.30.Final.jar:/home/user/.m2/repository/io/netty/netty-buffer/4.1.30.Final/netty-buffer-4.1.30.Final.jar:/home/user/.m2/repository/io/netty/netty-transport/4.1.30.Final/netty-transport-4.1.30.Final.jar:/home/user/.m2/repository/io/netty/netty-resolver/4.1.30.Final/netty-resolver-4.1.30.Final.jar:/home/user/.m2/repository/io/netty/netty-transport-native-unix-common/4.1.30.Final/netty-transport-native-unix-common-4.1.30.Final.jar:/home/user/.m2/repository/io/grpc/grpc-protobuf/1.17.1/grpc-protobuf-1.17.1.jar:/home/user/.m2/repository/com/google/api/grpc/proto-google-common-protos/1.0.0/proto-google-common-protos-1.0.0.jar:/home/user/.m2/repository/io/grpc/grpc-protobuf-lite/1.17.1/grpc-protobuf-lite-1.17.1.jar:/home/user/.m2/repository/io/grpc/grpc-stub/1.17.1/grpc-stub-1.17.1.jar:/home/user/.m2/repository/org/apache/hadoop/hadoop-ozone-recon/0.5.0-SNAPSHOT/hadoop-ozone-recon-0.5.0-SNAPSHOT.jar:/home/user/.m2/repository/org/apache/hadoop/hadoop-ozone-reconcodegen/0.5.0-SNAPSHOT/hadoop-ozone-reconcodegen-0.5.0-SNAPSHOT.jar:/home/user/.m2/repository/com/google/inject/extensions/guice-multibindings/4.0/guice-multibindings-4.0.jar:/home/user/.m2/repository/com/google/inject/guice/4.0/guice-4.0.jar:/home/user/.m2/repository/aopalliance/aopalliance/1.0/aopalliance-1.0.jar:/home/user/.m2/repository/com/google/inject/extensions/guice-servlet/4.0/guice-servlet-4.0.jar:/home/user/.m2/repository/org/glassfish/jersey/containers/jersey-container-servlet/2.27/jersey-container-servlet-2.27.jar:/home/user/.m2/repository/org/glassfish/hk2/guice-bridge/2.5.0/guice-bridge-2.5.0.jar:/home/user/.m2/repository/org/glassfish/jersey/core/jersey-server/2.27/jersey-server-2.27.jar:/home/user/.m2/repository/org/glassfish/jersey/core/jersey-client/2.27/jersey-client-2.27.jar:/home/user/.m2/repository/org/glassfish/jersey/media/jersey-media-jaxb/2.27/jersey-media-jaxb-2.27.jar:/home/user/.m2/repository/javax/validation/validation-api/1.1.0.Final/validation-api-1.1.0.Final.jar:/home/user/.m2/repository/org/glassfish/jersey/media/jersey-media-json-jackson/2.27/jersey-media-json-jackson-2.27.jar:/home/user/.m2/repository/org/glassfish/jersey/ext/jersey-entity-filtering/2.27/jersey-entity-filtering-2.27.jar:/home/user/.m2/repository/com/google/inject/extensions/guice-assistedinject/4.0/guice-assistedinject-4.0.jar:/home/user/.m2/repository/org/jooq/jooq/3.11.10/jooq-3.11.10.jar:/home/user/.m2/repository/org/jooq/jooq-meta/3.11.10/jooq-meta-3.11.10.jar:/home/user/.m2/repository/org/jooq/jooq-codegen/3.11.10/jooq-codegen-3.11.10.jar:/home/user/.m2/repository/com/jolbox/bonecp/0.8.0.RELEASE/bonecp-0.8.0.RELEASE.jar:/home/user/.m2/repository/org/xerial/sqlite-jdbc/3.25.2/sqlite-jdbc-3.25.2.jar:/home/user/.m2/repository/org/springframework/spring-jdbc/5.1.3.RELEASE/spring-jdbc-5.1.3.RELEASE.jar:/home/user/.m2/repository/org/springframework/spring-beans/5.1.3.RELEASE/spring-beans-5.1.3.RELEASE.jar:/home/user/.m2/repository/org/springframework/spring-core/5.1.3.RELEASE/spring-core-5.1.3.RELEASE.jar:/home/user/.m2/repository/org/springframework/spring-jcl/5.1.3.RELEASE/spring-jcl-5.1.3.RELEASE.jar:/home/user/.m2/repository/org/springframework/spring-tx/5.1.3.RELEASE/spring-tx-5.1.3.RELEASE.jar:/home/user/.m2/repository/org/apache/hadoop/hadoop-ozone-client/0.5.0-SNAPSHOT/hadoop-ozone-client-0.5.0-SNAPSHOT.jar:/home/user/.m2/repository/commons-lang/commons-lang/2.6/commons-lang-2.6.jar:/home/user/.m2/repository/org/apache/hadoop/hadoop-ozone-ozone-manager/0.5.0-SNAPSHOT/hadoop-ozone-ozone-manager-0.5.0-SNAPSHOT-tests.jar:/home/user/.m2/repository/junit/junit/4.11/junit-4.11.jar:/home/user/.m2/repository/org/hamcrest/hamcrest-core/1.3/hamcrest-core-1.3.jar:/home/user/.m2/repository/org/openjdk/jmh/jmh-core/1.19/jmh-core-1.19.jar:/home/user/.m2/repository/net/sf/jopt-simple/jopt-simple/4.6/jopt-simple-4.6.jar:/home/user/.m2/repository/org/apache/commons/commons-math3/3.1.1/commons-math3-3.1.1.jar:/home/user/.m2/repository/org/openjdk/jmh/jmh-generator-annprocess/1.19/jmh-generator-annprocess-1.19.jar:/home/user/.m2/repository/org/mockito/mockito-all/1.8.5/mockito-all-1.8.5.jar:/home/user/.m2/repository/org/apache/hadoop/hadoop-kms/3.2.0/hadoop-kms-3.2.0.jar:/home/user/.m2/repository/org/apache/hadoop/hadoop-auth/3.2.0/hadoop-auth-3.2.0.jar:/home/user/.m2/repository/com/nimbusds/nimbus-jose-jwt/4.41.1/nimbus-jose-jwt-4.41.1.jar:/home/user/.m2/repository/com/github/stephenc/jcip/jcip-annotations/1.0-1/jcip-annotations-1.0-1.jar:/home/user/.m2/repository/net/minidev/json-smart/2.3/json-smart-2.3.jar:/home/user/.m2/repository/net/minidev/accessors-smart/1.2/accessors-smart-1.2.jar:/home/user/.m2/repository/org/ow2/asm/asm/5.0.4/asm-5.0.4.jar:/home/user/.m2/repository/org/apache/curator/curator-framework/2.12.0/curator-framework-2.12.0.jar:/home/user/.m2/repository/com/sun/jersey/jersey-core/1.19/jersey-core-1.19.jar:/home/user/.m2/repository/javax/ws/rs/jsr311-api/1.1.1/jsr311-api-1.1.1.jar:/home/user/.m2/repository/com/sun/jersey/jersey-server/1.19/jersey-server-1.19.jar:/home/user/.m2/repository/javax/servlet/javax.servlet-api/3.1.0/javax.servlet-api-3.1.0.jar:/home/user/.m2/repository/org/eclipse/jetty/jetty-server/9.3.24.v20180605/jetty-server-9.3.24.v20180605.jar:/home/user/.m2/repository/org/eclipse/jetty/jetty-http/9.3.24.v20180605/jetty-http-9.3.24.v20180605.jar:/home/user/.m2/repository/org/eclipse/jetty/jetty-io/9.3.24.v20180605/jetty-io-9.3.24.v20180605.jar:/home/user/.m2/repository/org/eclipse/jetty/jetty-webapp/9.3.24.v20180605/jetty-webapp-9.3.24.v20180605.jar:/home/user/.m2/repository/org/eclipse/jetty/jetty-xml/9.3.24.v20180605/jetty-xml-9.3.24.v20180605.jar:/home/user/.m2/repository/log4j/log4j/1.2.17/log4j-1.2.17.jar:/home/user/.m2/repository/org/slf4j/slf4j-api/1.7.25/slf4j-api-1.7.25.jar:/home/user/.m2/repository/org/slf4j/jul-to-slf4j/1.7.25/jul-to-slf4j-1.7.25.jar:/home/user/.m2/repository/org/eclipse/jetty/jetty-util/9.3.24.v20180605/jetty-util-9.3.24.v20180605.jar:/home/user/.m2/repository/com/fasterxml/jackson/core/jackson-databind/2.9.5/jackson-databind-2.9.5.jar:/home/user/.m2/repository/org/apache/hadoop/hadoop-kms/3.2.0/hadoop-kms-3.2.0-tests.jar:/home/user/.m2/repository/org/apache/hadoop/hadoop-hdds-server-scm/0.5.0-SNAPSHOT/hadoop-hdds-server-scm-0.5.0-SNAPSHOT-tests.jar:/home/user/.m2/repository/org/apache/hadoop/hadoop-hdds-container-service/0.5.0-SNAPSHOT/hadoop-hdds-container-service-0.5.0-SNAPSHOT-tests.jar:/home/user/.m2/repository/org/yaml/snakeyaml/1.16/snakeyaml-1.16.jar:/home/user/.m2/repository/org/apache/hadoop/hadoop-common/3.2.0/hadoop-common-3.2.0-tests.jar:/home/user/.m2/repository/org/apache/hadoop/hadoop-annotations/3.2.0/hadoop-annotations-3.2.0.jar:/usr/lib/jvm/java-1.8-openjdk/jre/../lib/tools.jar:/home/user/.m2/repository/commons-cli/commons-cli/1.2/commons-cli-1.2.jar:/home/user/.m2/repository/org/apache/httpcomponents/httpclient/4.5.2/httpclient-4.5.2.jar:/home/user/.m2/repository/org/apache/httpcomponents/httpcore/4.4.4/httpcore-4.4.4.jar:/home/user/.m2/repository/commons-codec/commons-codec/1.11/commons-codec-1.11.jar:/home/user/.m2/repository/commons-net/commons-net/3.6/commons-net-3.6.jar:/home/user/.m2/repository/commons-collections/commons-collections/3.2.2/commons-collections-3.2.2.jar:/home/user/.m2/repository/org/eclipse/jetty/jetty-servlet/9.3.24.v20180605/jetty-servlet-9.3.24.v20180605.jar:/home/user/.m2/repository/org/eclipse/jetty/jetty-security/9.3.24.v20180605/jetty-security-9.3.24.v20180605.jar:/home/user/.m2/repository/javax/servlet/jsp/jsp-api/2.1/jsp-api-2.1.jar:/home/user/.m2/repository/com/sun/jersey/jersey-servlet/1.19/jersey-servlet-1.19.jar:/home/user/.m2/repository/com/sun/jersey/jersey-json/1.19/jersey-json-1.19.jar:/home/user/.m2/repository/org/codehaus/jettison/jettison/1.1/jettison-1.1.jar:/home/user/.m2/repository/org/codehaus/jackson/jackson-core-asl/1.9.13/jackson-core-asl-1.9.13.jar:/home/user/.m2/repository/org/codehaus/jackson/jackson-mapper-asl/1.9.13/jackson-mapper-asl-1.9.13.jar:/home/user/.m2/repository/org/codehaus/jackson/jackson-jaxrs/1.9.13/jackson-jaxrs-1.9.13.jar:/home/user/.m2/repository/org/codehaus/jackson/jackson-xc/1.9.13/jackson-xc-1.9.13.jar:/home/user/.m2/repository/commons-logging/commons-logging/1.1.3/commons-logging-1.1.3.jar:/home/user/.m2/repository/commons-beanutils/commons-beanutils/1.9.3/commons-beanutils-1.9.3.jar:/home/user/.m2/repository/org/apache/commons/commons-configuration2/2.1.1/commons-configuration2-2.1.1.jar:/home/user/.m2/repository/org/apache/commons/commons-lang3/3.7/commons-lang3-3.7.jar:/home/user/.m2/repository/org/apache/commons/commons-text/1.4/commons-text-1.4.jar:/home/user/.m2/repository/org/apache/avro/avro/1.7.7/avro-1.7.7.jar:/home/user/.m2/repository/com/thoughtworks/paranamer/paranamer/2.3/paranamer-2.3.jar:/home/user/.m2/repository/org/xerial/snappy/snappy-java/1.0.5/snappy-java-1.0.5.jar:/home/user/.m2/repository/com/google/re2j/re2j/1.1/re2j-1.1.jar:/home/user/.m2/repository/com/google/code/gson/gson/2.2.4/gson-2.2.4.jar:/home/user/.m2/repository/com/jcraft/jsch/0.1.54/jsch-0.1.54.jar:/home/user/.m2/repository/org/apache/curator/curator-client/2.12.0/curator-client-2.12.0.jar:/home/user/.m2/repository/org/apache/curator/curator-recipes/2.12.0/curator-recipes-2.12.0.jar:/home/user/.m2/repository/com/google/code/findbugs/jsr305/3.0.0/jsr305-3.0.0.jar:/home/user/.m2/repository/org/apache/htrace/htrace-core4/4.1.0-incubating/htrace-core4-4.1.0-incubating.jar:/home/user/.m2/repository/org/apache/zookeeper/zookeeper/3.4.13/zookeeper-3.4.13.jar:/home/user/.m2/repository/org/apache/yetus/audience-annotations/0.5.0/audience-annotations-0.5.0.jar:/home/user/.m2/repository/org/codehaus/woodstox/stax2-api/3.1.4/stax2-api-3.1.4.jar:/home/user/.m2/repository/com/fasterxml/woodstox/woodstox-core/5.0.3/woodstox-core-5.0.3.jar:/home/user/.m2/repository/dnsjava/dnsjava/2.1.7/dnsjava-2.1.7.jar:/home/user/.m2/repository/org/apache/hadoop/hadoop-hdfs/3.2.0/hadoop-hdfs-3.2.0-tests.jar:/home/user/.m2/repository/org/eclipse/jetty/jetty-util-ajax/9.3.24.v20180605/jetty-util-ajax-9.3.24.v20180605.jar:/home/user/.m2/repository/commons-daemon/commons-daemon/1.0.13/commons-daemon-1.0.13.jar:/home/user/.m2/repository/io/netty/netty/3.10.5.Final/netty-3.10.5.Final.jar:/home/user/.m2/repository/io/netty/netty-all/4.0.52.Final/netty-all-4.0.52.Final.jar:/home/user/.m2/repository/org/fusesource/leveldbjni/leveldbjni-all/1.8/leveldbjni-all-1.8.jar:"/>
    <property name="java.vm.vendor" value="IcedTea"/>
    <property name="sun.arch.data.model" value="64"/>
    <property name="test.build.dir" value="/workdir/hadoop-ozone/integration-test/target/test-dir"/>
    <property name="test.cache.data" value=""/>
    <property name="java.vendor.url" value="https://icedtea.classpath.org"/>
    <property name="user.timezone" value=""/>
    <property name="java.vm.specification.version" value="1.8"/>
    <property name="os.name" value="Linux"/>
    <property name="test.build.data" value="/workdir/hadoop-ozone/integration-test/target/test-dir"/>
    <property name="user.country" value="US"/>
    <property name="sun.java.launcher" value="SUN_STANDARD"/>
    <property name="sun.boot.library.path" value="/usr/lib/jvm/java-1.8-openjdk/jre/lib/amd64"/>
    <property name="sun.java.command" value="/workdir/hadoop-ozone/integration-test/target/surefire/surefirebooter7803525473067953059.jar /workdir/hadoop-ozone/integration-test/target/surefire 2019-08-27T17-15-35_773-jvmRun1 surefire6434384498895356450tmp surefire_218972267048957364776tmp"/>
    <property name="test" value="!TestMiniChaosOzoneCluster"/>
    <property name="surefire.test.class.path" value="/workdir/hadoop-ozone/integration-test/target/test-classes:/workdir/hadoop-ozone/integration-test/target/classes:/home/user/.m2/repository/org/apache/hadoop/hadoop-ozone-common/0.5.0-SNAPSHOT/hadoop-ozone-common-0.5.0-SNAPSHOT.jar:/home/user/.m2/repository/org/apache/commons/commons-compress/1.4.1/commons-compress-1.4.1.jar:/home/user/.m2/repository/org/tukaani/xz/1.0/xz-1.0.jar:/home/user/.m2/repository/org/apache/hadoop/hadoop-common/3.2.0/hadoop-common-3.2.0.jar:/home/user/.m2/repository/org/apache/hadoop/hadoop-hdfs/3.2.0/hadoop-hdfs-3.2.0.jar:/home/user/.m2/repository/org/apache/hadoop/hadoop-hdfs-client/3.2.0/hadoop-hdfs-client-3.2.0.jar:/home/user/.m2/repository/com/fasterxml/jackson/core/jackson-annotations/2.9.5/jackson-annotations-2.9.5.jar:/home/user/.m2/repository/org/apache/hadoop/hadoop-hdds-common/0.5.0-SNAPSHOT/hadoop-hdds-common-0.5.0-SNAPSHOT.jar:/home/user/.m2/repository/javax/annotation/javax.annotation-api/1.2/javax.annotation-api-1.2.jar:/home/user/.m2/repository/org/apache/ratis/ratis-server/0.4.0-2337318-SNAPSHOT/ratis-server-0.4.0-2337318-SNAPSHOT.jar:/home/user/.m2/repository/org/apache/ratis/ratis-thirdparty-misc/0.2.0/ratis-thirdparty-misc-0.2.0.jar:/home/user/.m2/repository/org/apache/ratis/ratis-proto/0.4.0-2337318-SNAPSHOT/ratis-proto-0.4.0-2337318-SNAPSHOT.jar:/home/user/.m2/repository/org/apache/ratis/ratis-common/0.4.0-2337318-SNAPSHOT/ratis-common-0.4.0-2337318-SNAPSHOT.jar:/home/user/.m2/repository/org/apache/ratis/ratis-client/0.4.0-2337318-SNAPSHOT/ratis-client-0.4.0-2337318-SNAPSHOT.jar:/home/user/.m2/repository/org/apache/ratis/ratis-metrics/0.4.0-2337318-SNAPSHOT/ratis-metrics-0.4.0-2337318-SNAPSHOT.jar:/home/user/.m2/repository/org/apache/ratis/ratis-netty/0.4.0-2337318-SNAPSHOT/ratis-netty-0.4.0-2337318-SNAPSHOT.jar:/home/user/.m2/repository/org/apache/ratis/ratis-grpc/0.4.0-2337318-SNAPSHOT/ratis-grpc-0.4.0-2337318-SNAPSHOT.jar:/home/user/.m2/repository/org/rocksdb/rocksdbjni/6.0.1/rocksdbjni-6.0.1.jar:/home/user/.m2/repository/org/apache/logging/log4j/log4j-api/2.11.0/log4j-api-2.11.0.jar:/home/user/.m2/repository/org/apache/logging/log4j/log4j-core/2.11.0/log4j-core-2.11.0.jar:/home/user/.m2/repository/com/lmax/disruptor/3.4.2/disruptor-3.4.2.jar:/home/user/.m2/repository/org/apache/commons/commons-pool2/2.6.0/commons-pool2-2.6.0.jar:/home/user/.m2/repository/org/bouncycastle/bcpkix-jdk15on/1.60/bcpkix-jdk15on-1.60.jar:/home/user/.m2/repository/commons-validator/commons-validator/1.6/commons-validator-1.6.jar:/home/user/.m2/repository/commons-digester/commons-digester/1.8.1/commons-digester-1.8.1.jar:/home/user/.m2/repository/io/jaegertracing/jaeger-client/0.33.1/jaeger-client-0.33.1.jar:/home/user/.m2/repository/io/jaegertracing/jaeger-thrift/0.33.1/jaeger-thrift-0.33.1.jar:/home/user/.m2/repository/org/apache/thrift/libthrift/0.11.0/libthrift-0.11.0.jar:/home/user/.m2/repository/com/squareup/okhttp3/okhttp/3.9.0/okhttp-3.9.0.jar:/home/user/.m2/repository/com/squareup/okio/okio/1.13.0/okio-1.13.0.jar:/home/user/.m2/repository/io/jaegertracing/jaeger-core/0.33.1/jaeger-core-0.33.1.jar:/home/user/.m2/repository/io/jaegertracing/jaeger-tracerresolver/0.33.1/jaeger-tracerresolver-0.33.1.jar:/home/user/.m2/repository/io/opentracing/contrib/opentracing-tracerresolver/0.1.5/opentracing-tracerresolver-0.1.5.jar:/home/user/.m2/repository/io/opentracing/opentracing-util/0.31.0/opentracing-util-0.31.0.jar:/home/user/.m2/repository/io/opentracing/opentracing-api/0.31.0/opentracing-api-0.31.0.jar:/home/user/.m2/repository/io/opentracing/opentracing-noop/0.31.0/opentracing-noop-0.31.0.jar:/home/user/.m2/repository/org/apache/hadoop/hadoop-hdds-server-framework/0.5.0-SNAPSHOT/hadoop-hdds-server-framework-0.5.0-SNAPSHOT.jar:/home/user/.m2/repository/org/apache/hadoop/hadoop-hdds-container-service/0.5.0-SNAPSHOT/hadoop-hdds-container-service-0.5.0-SNAPSHOT.jar:/home/user/.m2/repository/org/apache/hadoop/hadoop-hdds-client/0.5.0-SNAPSHOT/hadoop-hdds-client-0.5.0-SNAPSHOT.jar:/home/user/.m2/repository/org/apache/hadoop/hadoop-hdds-tools/0.5.0-SNAPSHOT/hadoop-hdds-tools-0.5.0-SNAPSHOT.jar:/home/user/.m2/repository/org/apache/hadoop/hadoop-hdds-server-scm/0.5.0-SNAPSHOT/hadoop-hdds-server-scm-0.5.0-SNAPSHOT.jar:/home/user/.m2/repository/org/apache/hadoop/hadoop-hdds-docs/0.5.0-SNAPSHOT/hadoop-hdds-docs-0.5.0-SNAPSHOT.jar:/home/user/.m2/repository/io/dropwizard/metrics/metrics-core/3.2.4/metrics-core-3.2.4.jar:/home/user/.m2/repository/org/hamcrest/hamcrest-all/1.3/hamcrest-all-1.3.jar:/home/user/.m2/repository/org/bouncycastle/bcprov-jdk15on/1.60/bcprov-jdk15on-1.60.jar:/home/user/.m2/repository/info/picocli/picocli/3.9.6/picocli-3.9.6.jar:/home/user/.m2/repository/com/google/protobuf/protobuf-java/2.5.0/protobuf-java-2.5.0.jar:/home/user/.m2/repository/com/google/guava/guava/11.0.2/guava-11.0.2.jar:/home/user/.m2/repository/org/apache/hadoop/hadoop-ozone-ozone-manager/0.5.0-SNAPSHOT/hadoop-ozone-ozone-manager-0.5.0-SNAPSHOT.jar:/home/user/.m2/repository/org/apache/hadoop/hadoop-minikdc/3.2.0/hadoop-minikdc-3.2.0.jar:/home/user/.m2/repository/commons-io/commons-io/2.5/commons-io-2.5.jar:/home/user/.m2/repository/org/apache/kerby/kerb-simplekdc/1.0.1/kerb-simplekdc-1.0.1.jar:/home/user/.m2/repository/org/apache/kerby/kerb-client/1.0.1/kerb-client-1.0.1.jar:/home/user/.m2/repository/org/apache/kerby/kerby-config/1.0.1/kerby-config-1.0.1.jar:/home/user/.m2/repository/org/apache/kerby/kerb-core/1.0.1/kerb-core-1.0.1.jar:/home/user/.m2/repository/org/apache/kerby/kerby-pkix/1.0.1/kerby-pkix-1.0.1.jar:/home/user/.m2/repository/org/apache/kerby/kerby-asn1/1.0.1/kerby-asn1-1.0.1.jar:/home/user/.m2/repository/org/apache/kerby/kerby-util/1.0.1/kerby-util-1.0.1.jar:/home/user/.m2/repository/org/apache/kerby/kerb-common/1.0.1/kerb-common-1.0.1.jar:/home/user/.m2/repository/org/apache/kerby/kerb-crypto/1.0.1/kerb-crypto-1.0.1.jar:/home/user/.m2/repository/org/apache/kerby/kerb-util/1.0.1/kerb-util-1.0.1.jar:/home/user/.m2/repository/org/apache/kerby/token-provider/1.0.1/token-provider-1.0.1.jar:/home/user/.m2/repository/org/apache/kerby/kerb-admin/1.0.1/kerb-admin-1.0.1.jar:/home/user/.m2/repository/org/apache/kerby/kerb-server/1.0.1/kerb-server-1.0.1.jar:/home/user/.m2/repository/org/apache/kerby/kerb-identity/1.0.1/kerb-identity-1.0.1.jar:/home/user/.m2/repository/org/apache/kerby/kerby-xdr/1.0.1/kerby-xdr-1.0.1.jar:/home/user/.m2/repository/org/slf4j/slf4j-log4j12/1.7.25/slf4j-log4j12-1.7.25.jar:/home/user/.m2/repository/org/apache/hadoop/hadoop-ozone-objectstore-service/0.5.0-SNAPSHOT/hadoop-ozone-objectstore-service-0.5.0-SNAPSHOT.jar:/home/user/.m2/repository/org/apache/hadoop/hadoop-ozone-s3gateway/0.5.0-SNAPSHOT/hadoop-ozone-s3gateway-0.5.0-SNAPSHOT.jar:/home/user/.m2/repository/org/jboss/weld/servlet/weld-servlet/2.4.7.Final/weld-servlet-2.4.7.Final.jar:/home/user/.m2/repository/org/glassfish/jersey/containers/jersey-container-servlet-core/2.27/jersey-container-servlet-core-2.27.jar:/home/user/.m2/repository/org/glassfish/hk2/external/javax.inject/2.5.0-b42/javax.inject-2.5.0-b42.jar:/home/user/.m2/repository/org/glassfish/jersey/core/jersey-common/2.27/jersey-common-2.27.jar:/home/user/.m2/repository/org/glassfish/hk2/osgi-resource-locator/1.0.1/osgi-resource-locator-1.0.1.jar:/home/user/.m2/repository/javax/ws/rs/javax.ws.rs-api/2.1/javax.ws.rs-api-2.1.jar:/home/user/.m2/repository/org/glassfish/jersey/ext/cdi/jersey-cdi1x/2.27/jersey-cdi1x-2.27.jar:/home/user/.m2/repository/org/glassfish/jersey/inject/jersey-hk2/2.27/jersey-hk2-2.27.jar:/home/user/.m2/repository/org/glassfish/hk2/hk2-locator/2.5.0-b42/hk2-locator-2.5.0-b42.jar:/home/user/.m2/repository/org/javassist/javassist/3.22.0-CR2/javassist-3.22.0-CR2.jar:/home/user/.m2/repository/org/glassfish/hk2/hk2-api/2.5.0/hk2-api-2.5.0.jar:/home/user/.m2/repository/org/glassfish/hk2/external/jakarta.inject/2.5.0/jakarta.inject-2.5.0.jar:/home/user/.m2/repository/org/glassfish/hk2/hk2-utils/2.5.0/hk2-utils-2.5.0.jar:/home/user/.m2/repository/jakarta/annotation/jakarta.annotation-api/1.3.4/jakarta.annotation-api-1.3.4.jar:/home/user/.m2/repository/org/glassfish/hk2/external/aopalliance-repackaged/2.5.0/aopalliance-repackaged-2.5.0.jar:/home/user/.m2/repository/com/fasterxml/jackson/dataformat/jackson-dataformat-xml/2.9.0/jackson-dataformat-xml-2.9.0.jar:/home/user/.m2/repository/com/fasterxml/jackson/core/jackson-core/2.9.5/jackson-core-2.9.5.jar:/home/user/.m2/repository/com/fasterxml/jackson/module/jackson-module-jaxb-annotations/2.9.5/jackson-module-jaxb-annotations-2.9.5.jar:/home/user/.m2/repository/javax/enterprise/cdi-api/1.2/cdi-api-1.2.jar:/home/user/.m2/repository/javax/el/javax.el-api/3.0.0/javax.el-api-3.0.0.jar:/home/user/.m2/repository/javax/interceptor/javax.interceptor-api/1.2/javax.interceptor-api-1.2.jar:/home/user/.m2/repository/javax/inject/javax.inject/1/javax.inject-1.jar:/home/user/.m2/repository/com/sun/xml/bind/jaxb-impl/2.3.0.1/jaxb-impl-2.3.0.1.jar:/home/user/.m2/repository/com/sun/xml/bind/jaxb-core/2.3.0.1/jaxb-core-2.3.0.1.jar:/home/user/.m2/repository/javax/xml/bind/jaxb-api/2.3.0/jaxb-api-2.3.0.jar:/home/user/.m2/repository/javax/activation/activation/1.1.1/activation-1.1.1.jar:/home/user/.m2/repository/org/apache/hadoop/hadoop-ozone-csi/0.5.0-SNAPSHOT/hadoop-ozone-csi-0.5.0-SNAPSHOT.jar:/home/user/.m2/repository/com/google/protobuf/protobuf-java-util/3.5.1/protobuf-java-util-3.5.1.jar:/home/user/.m2/repository/org/apache/hadoop/hadoop-hdds-config/0.5.0-SNAPSHOT/hadoop-hdds-config-0.5.0-SNAPSHOT.jar:/home/user/.m2/repository/io/grpc/grpc-netty/1.17.1/grpc-netty-1.17.1.jar:/home/user/.m2/repository/io/grpc/grpc-core/1.17.1/grpc-core-1.17.1.jar:/home/user/.m2/repository/io/grpc/grpc-context/1.17.1/grpc-context-1.17.1.jar:/home/user/.m2/repository/com/google/errorprone/error_prone_annotations/2.2.0/error_prone_annotations-2.2.0.jar:/home/user/.m2/repository/org/codehaus/mojo/animal-sniffer-annotations/1.17/animal-sniffer-annotations-1.17.jar:/home/user/.m2/repository/io/opencensus/opencensus-api/0.17.0/opencensus-api-0.17.0.jar:/home/user/.m2/repository/io/opencensus/opencensus-contrib-grpc-metrics/0.17.0/opencensus-contrib-grpc-metrics-0.17.0.jar:/home/user/.m2/repository/io/netty/netty-codec-http2/4.1.30.Final/netty-codec-http2-4.1.30.Final.jar:/home/user/.m2/repository/io/netty/netty-codec-http/4.1.30.Final/netty-codec-http-4.1.30.Final.jar:/home/user/.m2/repository/io/netty/netty-codec/4.1.30.Final/netty-codec-4.1.30.Final.jar:/home/user/.m2/repository/io/netty/netty-handler/4.1.30.Final/netty-handler-4.1.30.Final.jar:/home/user/.m2/repository/io/netty/netty-handler-proxy/4.1.30.Final/netty-handler-proxy-4.1.30.Final.jar:/home/user/.m2/repository/io/netty/netty-codec-socks/4.1.30.Final/netty-codec-socks-4.1.30.Final.jar:/home/user/.m2/repository/io/netty/netty-transport-native-epoll/4.1.30.Final/netty-transport-native-epoll-4.1.30.Final.jar:/home/user/.m2/repository/io/netty/netty-common/4.1.30.Final/netty-common-4.1.30.Final.jar:/home/user/.m2/repository/io/netty/netty-buffer/4.1.30.Final/netty-buffer-4.1.30.Final.jar:/home/user/.m2/repository/io/netty/netty-transport/4.1.30.Final/netty-transport-4.1.30.Final.jar:/home/user/.m2/repository/io/netty/netty-resolver/4.1.30.Final/netty-resolver-4.1.30.Final.jar:/home/user/.m2/repository/io/netty/netty-transport-native-unix-common/4.1.30.Final/netty-transport-native-unix-common-4.1.30.Final.jar:/home/user/.m2/repository/io/grpc/grpc-protobuf/1.17.1/grpc-protobuf-1.17.1.jar:/home/user/.m2/repository/com/google/api/grpc/proto-google-common-protos/1.0.0/proto-google-common-protos-1.0.0.jar:/home/user/.m2/repository/io/grpc/grpc-protobuf-lite/1.17.1/grpc-protobuf-lite-1.17.1.jar:/home/user/.m2/repository/io/grpc/grpc-stub/1.17.1/grpc-stub-1.17.1.jar:/home/user/.m2/repository/org/apache/hadoop/hadoop-ozone-recon/0.5.0-SNAPSHOT/hadoop-ozone-recon-0.5.0-SNAPSHOT.jar:/home/user/.m2/repository/org/apache/hadoop/hadoop-ozone-reconcodegen/0.5.0-SNAPSHOT/hadoop-ozone-reconcodegen-0.5.0-SNAPSHOT.jar:/home/user/.m2/repository/com/google/inject/extensions/guice-multibindings/4.0/guice-multibindings-4.0.jar:/home/user/.m2/repository/com/google/inject/guice/4.0/guice-4.0.jar:/home/user/.m2/repository/aopalliance/aopalliance/1.0/aopalliance-1.0.jar:/home/user/.m2/repository/com/google/inject/extensions/guice-servlet/4.0/guice-servlet-4.0.jar:/home/user/.m2/repository/org/glassfish/jersey/containers/jersey-container-servlet/2.27/jersey-container-servlet-2.27.jar:/home/user/.m2/repository/org/glassfish/hk2/guice-bridge/2.5.0/guice-bridge-2.5.0.jar:/home/user/.m2/repository/org/glassfish/jersey/core/jersey-server/2.27/jersey-server-2.27.jar:/home/user/.m2/repository/org/glassfish/jersey/core/jersey-client/2.27/jersey-client-2.27.jar:/home/user/.m2/repository/org/glassfish/jersey/media/jersey-media-jaxb/2.27/jersey-media-jaxb-2.27.jar:/home/user/.m2/repository/javax/validation/validation-api/1.1.0.Final/validation-api-1.1.0.Final.jar:/home/user/.m2/repository/org/glassfish/jersey/media/jersey-media-json-jackson/2.27/jersey-media-json-jackson-2.27.jar:/home/user/.m2/repository/org/glassfish/jersey/ext/jersey-entity-filtering/2.27/jersey-entity-filtering-2.27.jar:/home/user/.m2/repository/com/google/inject/extensions/guice-assistedinject/4.0/guice-assistedinject-4.0.jar:/home/user/.m2/repository/org/jooq/jooq/3.11.10/jooq-3.11.10.jar:/home/user/.m2/repository/org/jooq/jooq-meta/3.11.10/jooq-meta-3.11.10.jar:/home/user/.m2/repository/org/jooq/jooq-codegen/3.11.10/jooq-codegen-3.11.10.jar:/home/user/.m2/repository/com/jolbox/bonecp/0.8.0.RELEASE/bonecp-0.8.0.RELEASE.jar:/home/user/.m2/repository/org/xerial/sqlite-jdbc/3.25.2/sqlite-jdbc-3.25.2.jar:/home/user/.m2/repository/org/springframework/spring-jdbc/5.1.3.RELEASE/spring-jdbc-5.1.3.RELEASE.jar:/home/user/.m2/repository/org/springframework/spring-beans/5.1.3.RELEASE/spring-beans-5.1.3.RELEASE.jar:/home/user/.m2/repository/org/springframework/spring-core/5.1.3.RELEASE/spring-core-5.1.3.RELEASE.jar:/home/user/.m2/repository/org/springframework/spring-jcl/5.1.3.RELEASE/spring-jcl-5.1.3.RELEASE.jar:/home/user/.m2/repository/org/springframework/spring-tx/5.1.3.RELEASE/spring-tx-5.1.3.RELEASE.jar:/home/user/.m2/repository/org/apache/hadoop/hadoop-ozone-client/0.5.0-SNAPSHOT/hadoop-ozone-client-0.5.0-SNAPSHOT.jar:/home/user/.m2/repository/commons-lang/commons-lang/2.6/commons-lang-2.6.jar:/home/user/.m2/repository/org/apache/hadoop/hadoop-ozone-ozone-manager/0.5.0-SNAPSHOT/hadoop-ozone-ozone-manager-0.5.0-SNAPSHOT-tests.jar:/home/user/.m2/repository/junit/junit/4.11/junit-4.11.jar:/home/user/.m2/repository/org/hamcrest/hamcrest-core/1.3/hamcrest-core-1.3.jar:/home/user/.m2/repository/org/openjdk/jmh/jmh-core/1.19/jmh-core-1.19.jar:/home/user/.m2/repository/net/sf/jopt-simple/jopt-simple/4.6/jopt-simple-4.6.jar:/home/user/.m2/repository/org/apache/commons/commons-math3/3.1.1/commons-math3-3.1.1.jar:/home/user/.m2/repository/org/openjdk/jmh/jmh-generator-annprocess/1.19/jmh-generator-annprocess-1.19.jar:/home/user/.m2/repository/org/mockito/mockito-all/1.8.5/mockito-all-1.8.5.jar:/home/user/.m2/repository/org/apache/hadoop/hadoop-kms/3.2.0/hadoop-kms-3.2.0.jar:/home/user/.m2/repository/org/apache/hadoop/hadoop-auth/3.2.0/hadoop-auth-3.2.0.jar:/home/user/.m2/repository/com/nimbusds/nimbus-jose-jwt/4.41.1/nimbus-jose-jwt-4.41.1.jar:/home/user/.m2/repository/com/github/stephenc/jcip/jcip-annotations/1.0-1/jcip-annotations-1.0-1.jar:/home/user/.m2/repository/net/minidev/json-smart/2.3/json-smart-2.3.jar:/home/user/.m2/repository/net/minidev/accessors-smart/1.2/accessors-smart-1.2.jar:/home/user/.m2/repository/org/ow2/asm/asm/5.0.4/asm-5.0.4.jar:/home/user/.m2/repository/org/apache/curator/curator-framework/2.12.0/curator-framework-2.12.0.jar:/home/user/.m2/repository/com/sun/jersey/jersey-core/1.19/jersey-core-1.19.jar:/home/user/.m2/repository/javax/ws/rs/jsr311-api/1.1.1/jsr311-api-1.1.1.jar:/home/user/.m2/repository/com/sun/jersey/jersey-server/1.19/jersey-server-1.19.jar:/home/user/.m2/repository/javax/servlet/javax.servlet-api/3.1.0/javax.servlet-api-3.1.0.jar:/home/user/.m2/repository/org/eclipse/jetty/jetty-server/9.3.24.v20180605/jetty-server-9.3.24.v20180605.jar:/home/user/.m2/repository/org/eclipse/jetty/jetty-http/9.3.24.v20180605/jetty-http-9.3.24.v20180605.jar:/home/user/.m2/repository/org/eclipse/jetty/jetty-io/9.3.24.v20180605/jetty-io-9.3.24.v20180605.jar:/home/user/.m2/repository/org/eclipse/jetty/jetty-webapp/9.3.24.v20180605/jetty-webapp-9.3.24.v20180605.jar:/home/user/.m2/repository/org/eclipse/jetty/jetty-xml/9.3.24.v20180605/jetty-xml-9.3.24.v20180605.jar:/home/user/.m2/repository/log4j/log4j/1.2.17/log4j-1.2.17.jar:/home/user/.m2/repository/org/slf4j/slf4j-api/1.7.25/slf4j-api-1.7.25.jar:/home/user/.m2/repository/org/slf4j/jul-to-slf4j/1.7.25/jul-to-slf4j-1.7.25.jar:/home/user/.m2/repository/org/eclipse/jetty/jetty-util/9.3.24.v20180605/jetty-util-9.3.24.v20180605.jar:/home/user/.m2/repository/com/fasterxml/jackson/core/jackson-databind/2.9.5/jackson-databind-2.9.5.jar:/home/user/.m2/repository/org/apache/hadoop/hadoop-kms/3.2.0/hadoop-kms-3.2.0-tests.jar:/home/user/.m2/repository/org/apache/hadoop/hadoop-hdds-server-scm/0.5.0-SNAPSHOT/hadoop-hdds-server-scm-0.5.0-SNAPSHOT-tests.jar:/home/user/.m2/repository/org/apache/hadoop/hadoop-hdds-container-service/0.5.0-SNAPSHOT/hadoop-hdds-container-service-0.5.0-SNAPSHOT-tests.jar:/home/user/.m2/repository/org/yaml/snakeyaml/1.16/snakeyaml-1.16.jar:/home/user/.m2/repository/org/apache/hadoop/hadoop-common/3.2.0/hadoop-common-3.2.0-tests.jar:/home/user/.m2/repository/org/apache/hadoop/hadoop-annotations/3.2.0/hadoop-annotations-3.2.0.jar:/usr/lib/jvm/java-1.8-openjdk/jre/../lib/tools.jar:/home/user/.m2/repository/commons-cli/commons-cli/1.2/commons-cli-1.2.jar:/home/user/.m2/repository/org/apache/httpcomponents/httpclient/4.5.2/httpclient-4.5.2.jar:/home/user/.m2/repository/org/apache/httpcomponents/httpcore/4.4.4/httpcore-4.4.4.jar:/home/user/.m2/repository/commons-codec/commons-codec/1.11/commons-codec-1.11.jar:/home/user/.m2/repository/commons-net/commons-net/3.6/commons-net-3.6.jar:/home/user/.m2/repository/commons-collections/commons-collections/3.2.2/commons-collections-3.2.2.jar:/home/user/.m2/repository/org/eclipse/jetty/jetty-servlet/9.3.24.v20180605/jetty-servlet-9.3.24.v20180605.jar:/home/user/.m2/repository/org/eclipse/jetty/jetty-security/9.3.24.v20180605/jetty-security-9.3.24.v20180605.jar:/home/user/.m2/repository/javax/servlet/jsp/jsp-api/2.1/jsp-api-2.1.jar:/home/user/.m2/repository/com/sun/jersey/jersey-servlet/1.19/jersey-servlet-1.19.jar:/home/user/.m2/repository/com/sun/jersey/jersey-json/1.19/jersey-json-1.19.jar:/home/user/.m2/repository/org/codehaus/jettison/jettison/1.1/jettison-1.1.jar:/home/user/.m2/repository/org/codehaus/jackson/jackson-core-asl/1.9.13/jackson-core-asl-1.9.13.jar:/home/user/.m2/repository/org/codehaus/jackson/jackson-mapper-asl/1.9.13/jackson-mapper-asl-1.9.13.jar:/home/user/.m2/repository/org/codehaus/jackson/jackson-jaxrs/1.9.13/jackson-jaxrs-1.9.13.jar:/home/user/.m2/repository/org/codehaus/jackson/jackson-xc/1.9.13/jackson-xc-1.9.13.jar:/home/user/.m2/repository/commons-logging/commons-logging/1.1.3/commons-logging-1.1.3.jar:/home/user/.m2/repository/commons-beanutils/commons-beanutils/1.9.3/commons-beanutils-1.9.3.jar:/home/user/.m2/repository/org/apache/commons/commons-configuration2/2.1.1/commons-configuration2-2.1.1.jar:/home/user/.m2/repository/org/apache/commons/commons-lang3/3.7/commons-lang3-3.7.jar:/home/user/.m2/repository/org/apache/commons/commons-text/1.4/commons-text-1.4.jar:/home/user/.m2/repository/org/apache/avro/avro/1.7.7/avro-1.7.7.jar:/home/user/.m2/repository/com/thoughtworks/paranamer/paranamer/2.3/paranamer-2.3.jar:/home/user/.m2/repository/org/xerial/snappy/snappy-java/1.0.5/snappy-java-1.0.5.jar:/home/user/.m2/repository/com/google/re2j/re2j/1.1/re2j-1.1.jar:/home/user/.m2/repository/com/google/code/gson/gson/2.2.4/gson-2.2.4.jar:/home/user/.m2/repository/com/jcraft/jsch/0.1.54/jsch-0.1.54.jar:/home/user/.m2/repository/org/apache/curator/curator-client/2.12.0/curator-client-2.12.0.jar:/home/user/.m2/repository/org/apache/curator/curator-recipes/2.12.0/curator-recipes-2.12.0.jar:/home/user/.m2/repository/com/google/code/findbugs/jsr305/3.0.0/jsr305-3.0.0.jar:/home/user/.m2/repository/org/apache/htrace/htrace-core4/4.1.0-incubating/htrace-core4-4.1.0-incubating.jar:/home/user/.m2/repository/org/apache/zookeeper/zookeeper/3.4.13/zookeeper-3.4.13.jar:/home/user/.m2/repository/org/apache/yetus/audience-annotations/0.5.0/audience-annotations-0.5.0.jar:/home/user/.m2/repository/org/codehaus/woodstox/stax2-api/3.1.4/stax2-api-3.1.4.jar:/home/user/.m2/repository/com/fasterxml/woodstox/woodstox-core/5.0.3/woodstox-core-5.0.3.jar:/home/user/.m2/repository/dnsjava/dnsjava/2.1.7/dnsjava-2.1.7.jar:/home/user/.m2/repository/org/apache/hadoop/hadoop-hdfs/3.2.0/hadoop-hdfs-3.2.0-tests.jar:/home/user/.m2/repository/org/eclipse/jetty/jetty-util-ajax/9.3.24.v20180605/jetty-util-ajax-9.3.24.v20180605.jar:/home/user/.m2/repository/commons-daemon/commons-daemon/1.0.13/commons-daemon-1.0.13.jar:/home/user/.m2/repository/io/netty/netty/3.10.5.Final/netty-3.10.5.Final.jar:/home/user/.m2/repository/io/netty/netty-all/4.0.52.Final/netty-all-4.0.52.Final.jar:/home/user/.m2/repository/org/fusesource/leveldbjni/leveldbjni-all/1.8/leveldbjni-all-1.8.jar:"/>
    <property name="sun.cpu.endian" value="little"/>
    <property name="user.home" value="/home/user"/>
    <property name="user.language" value="en"/>
    <property name="java.specification.vendor" value="Oracle Corporation"/>
    <property name="java.home" value="/usr/lib/jvm/java-1.8-openjdk/jre"/>
    <property name="java.security.krb5.conf" value="/workdir/hadoop-ozone/integration-test/target/test-classes/krb5.conf"/>
    <property name="basedir" value="/workdir/hadoop-ozone/integration-test"/>
    <property name="file.separator" value="/"/>
    <property name="line.separator" value="&#10;"/>
    <property name="java.vm.specification.vendor" value="Oracle Corporation"/>
    <property name="java.specification.name" value="Java Platform API Specification"/>
    <property name="java.awt.graphicsenv" value="sun.awt.X11GraphicsEnvironment"/>
    <property name="surefire.real.class.path" value="/workdir/hadoop-ozone/integration-test/target/surefire/surefirebooter7803525473067953059.jar"/>
    <property name="hadoop.log.dir" value="/workdir/hadoop-ozone/integration-test/target/log"/>
    <property name="sun.boot.class.path" value="/usr/lib/jvm/java-1.8-openjdk/jre/lib/resources.jar:/usr/lib/jvm/java-1.8-openjdk/jre/lib/rt.jar:/usr/lib/jvm/java-1.8-openjdk/jre/lib/sunrsasign.jar:/usr/lib/jvm/java-1.8-openjdk/jre/lib/jsse.jar:/usr/lib/jvm/java-1.8-openjdk/jre/lib/jce.jar:/usr/lib/jvm/java-1.8-openjdk/jre/lib/charsets.jar:/usr/lib/jvm/java-1.8-openjdk/jre/lib/jfr.jar:/usr/lib/jvm/java-1.8-openjdk/jre/classes"/>
    <property name="sun.management.compiler" value="HotSpot 64-Bit Tiered Compilers"/>
    <property name="java.runtime.version" value="1.8.0_212-b04"/>
    <property name="java.net.preferIPv4Stack" value="true"/>
    <property name="user.name" value="jenkins1000"/>
    <property name="path.separator" value=":"/>
    <property name="java.security.egd" value="file:///dev/urandom"/>
    <property name="os.version" value="3.10.0-957.12.2.el7.x86_64"/>
    <property name="java.endorsed.dirs" value="/usr/lib/jvm/java-1.8-openjdk/jre/lib/endorsed"/>
    <property name="java.runtime.name" value="OpenJDK Runtime Environment"/>
    <property name="file.encoding" value="UTF-8"/>
    <property name="java.vm.name" value="OpenJDK 64-Bit Server VM"/>
    <property name="test.build.webapps" value=""/>
    <property name="localRepository" value="/home/user/.m2/repository"/>
    <property name="java.vendor.url.bug" value="https://icedtea.classpath.org/bugzilla"/>
    <property name="java.io.tmpdir" value="/tmp"/>
    <property name="require.test.libhadoop" value=""/>
    <property name="java.version" value="1.8.0_212"/>
    <property name="user.dir" value="/workdir/hadoop-ozone/integration-test"/>
    <property name="os.arch" value="amd64"/>
    <property name="java.vm.specification.name" value="Java Virtual Machine Specification"/>
    <property name="test.build.classes" value="/workdir/hadoop-ozone/integration-test/target/test-classes"/>
    <property name="java.awt.printerjob" value="sun.print.PSPrinterJob"/>
    <property name="sun.os.patch.level" value="unknown"/>
    <property name="hadoop.tmp.dir" value="/workdir/hadoop-ozone/integration-test/target/tmp"/>
    <property name="java.library.path" value="/usr/lib/jvm/java-1.8-openjdk/jre/lib/amd64/server:/usr/lib/jvm/java-1.8-openjdk/jre/lib/amd64:/usr/lib/jvm/java-1.8-openjdk/jre/../lib/amd64:/workdir/hadoop-ozone/integration-test/target/native/target/usr/local/lib:/workdir/hadoop-ozone/integration-test/../../hadoop-common-project/hadoop-common/target/native/target/usr/local/lib:/usr/java/packages/lib/amd64:/usr/lib64:/lib64:/lib:/usr/lib"/>
    <property name="java.vm.info" value="mixed mode"/>
    <property name="java.vendor" value="IcedTea"/>
    <property name="java.vm.version" value="25.212-b04"/>
    <property name="java.ext.dirs" value="/usr/lib/jvm/java-1.8-openjdk/jre/lib/ext:/usr/java/packages/lib/ext"/>
    <property name="sun.io.unicode.encoding" value="UnicodeLittle"/>
    <property name="java.class.version" value="52.0"/>
  </properties>
  <testcase name="testReleaseBuffers" classname="org.apache.hadoop.ozone.client.rpc.TestCommitWatcher" time="5.983"/>
  <testcase name="testReleaseBuffersOnException" classname="org.apache.hadoop.ozone.client.rpc.TestCommitWatcher" time="10.645">
    <failure type="java.lang.AssertionError">java.lang.AssertionError
	at org.junit.Assert.fail(Assert.java:86)
	at org.junit.Assert.assertTrue(Assert.java:41)
	at org.junit.Assert.assertTrue(Assert.java:52)
	at org.apache.hadoop.ozone.client.rpc.TestCommitWatcher.testReleaseBuffersOnException(TestCommitWatcher.java:284)
	at sun.reflect.NativeMethodAccessorImpl.invoke0(Native Method)
	at sun.reflect.NativeMethodAccessorImpl.invoke(NativeMethodAccessorImpl.java:62)
	at sun.reflect.DelegatingMethodAccessorImpl.invoke(DelegatingMethodAccessorImpl.java:43)
	at java.lang.reflect.Method.invoke(Method.java:498)
	at org.junit.runners.model.FrameworkMethod$1.runReflectiveCall(FrameworkMethod.java:47)
	at org.junit.internal.runners.model.ReflectiveCallable.run(ReflectiveCallable.java:12)
	at org.junit.runners.model.FrameworkMethod.invokeExplosively(FrameworkMethod.java:44)
	at org.junit.internal.runners.statements.InvokeMethod.evaluate(InvokeMethod.java:17)
	at org.junit.runners.ParentRunner.runLeaf(ParentRunner.java:271)
	at org.junit.runners.BlockJUnit4ClassRunner.runChild(BlockJUnit4ClassRunner.java:70)
	at org.junit.runners.BlockJUnit4ClassRunner.runChild(BlockJUnit4ClassRunner.java:50)
	at org.junit.runners.ParentRunner$3.run(ParentRunner.java:238)
	at org.junit.runners.ParentRunner$1.schedule(ParentRunner.java:63)
	at org.junit.runners.ParentRunner.runChildren(ParentRunner.java:236)
	at org.junit.runners.ParentRunner.access$000(ParentRunner.java:53)
	at org.junit.runners.ParentRunner$2.evaluate(ParentRunner.java:229)
	at org.junit.internal.runners.statements.RunBefores.evaluate(RunBefores.java:26)
	at org.junit.internal.runners.statements.RunAfters.evaluate(RunAfters.java:27)
	at org.junit.runners.ParentRunner.run(ParentRunner.java:309)
	at org.apache.maven.surefire.junit4.JUnit4Provider.execute(JUnit4Provider.java:365)
	at org.apache.maven.surefire.junit4.JUnit4Provider.executeWithRerun(JUnit4Provider.java:273)
	at org.apache.maven.surefire.junit4.JUnit4Provider.executeTestSet(JUnit4Provider.java:238)
	at org.apache.maven.surefire.junit4.JUnit4Provider.invoke(JUnit4Provider.java:159)
	at org.apache.maven.surefire.booter.ForkedBooter.invokeProviderInSameClassLoader(ForkedBooter.java:384)
	at org.apache.maven.surefire.booter.ForkedBooter.runSuitesInProcess(ForkedBooter.java:345)
	at org.apache.maven.surefire.booter.ForkedBooter.execute(ForkedBooter.java:126)
	at org.apache.maven.surefire.booter.ForkedBooter.main(ForkedBooter.java:418)
</failure>
    <system-out><![CDATA[2019-08-27 17:47:12,779 | INFO  | SCMAudit | user=jenkins1000 | ip=192.168.36.88 | op=SEND_HEARTBEAT {datanodeUUID=ab75403a-92ac-42e0-ba85-54a2243ded7d, command=[]} | ret=SUCCESS |  
2019-08-27 17:47:12,816 | INFO  | SCMAudit | user=jenkins1000 | ip=192.168.36.88 | op=SEND_HEARTBEAT {datanodeUUID=a7fa0ea5-adb9-41e0-b602-3852e377c54a, command=[]} | ret=SUCCESS |  
2019-08-27 17:47:12,941 | INFO  | SCMAudit | user=jenkins1000 | ip=192.168.36.88 | op=SEND_HEARTBEAT {datanodeUUID=ab75403a-92ac-42e0-ba85-54a2243ded7d, command=[]} | ret=SUCCESS |  
2019-08-27 17:47:12,944 | INFO  | DNAudit | user=null | ip=null | op=WRITE_CHUNK {blockData=conID: 2 locID: 1566928032781 bcsId: 0} | ret=SUCCESS |  
2019-08-27 17:47:12,964 | INFO  | SCMAudit | user=jenkins1000 | ip=192.168.36.88 | op=SEND_HEARTBEAT {datanodeUUID=a7fa0ea5-adb9-41e0-b602-3852e377c54a, command=[]} | ret=SUCCESS |  
2019-08-27 17:47:12,964 | INFO  | SCMAudit | user=jenkins1000 | ip=192.168.36.88 | op=SEND_HEARTBEAT {datanodeUUID=6aaa6a6a-4b5a-495a-91e0-029f296c7cc5, command=[]} | ret=SUCCESS |  
2019-08-27 17:47:12,966 | INFO  | DNAudit | user=null | ip=null | op=WRITE_CHUNK {blockData=conID: 2 locID: 1566928032781 bcsId: 0} | ret=SUCCESS |  
2019-08-27 17:47:12,968 | INFO  | DNAudit | user=null | ip=null | op=WRITE_CHUNK {blockData=conID: 2 locID: 1566928032781 bcsId: 0} | ret=SUCCESS |  
2019-08-27 17:47:12,984 | INFO  | DNAudit | user=null | ip=null | op=WRITE_CHUNK {blockData=conID: 2 locID: 1566928032781 bcsId: 0} | ret=SUCCESS |  
2019-08-27 17:47:12,994 [grpc-default-executor-2] INFO  client.GrpcClientProtocolClient (GrpcClientProtocolClient.java:onNext(255)) - client-33980DE41171->ab75403a-92ac-42e0-ba85-54a2243ded7d: receive RaftClientReply:client-33980DE41171->ab75403a-92ac-42e0-ba85-54a2243ded7d@group-9CE928F21A08, cid=17, SUCCESS, logIndex=1, commits[ab75403a-92ac-42e0-ba85-54a2243ded7d:c1, a7fa0ea5-adb9-41e0-b602-3852e377c54a:c0, 6aaa6a6a-4b5a-495a-91e0-029f296c7cc5:c0]
2019-08-27 17:47:13,004 | INFO  | DNAudit | user=null | ip=null | op=WRITE_CHUNK {blockData=conID: 2 locID: 1566928032781 bcsId: 0} | ret=SUCCESS |  
2019-08-27 17:47:13,005 | INFO  | DNAudit | user=null | ip=null | op=WRITE_CHUNK {blockData=conID: 2 locID: 1566928032781 bcsId: 0} | ret=SUCCESS |  
2019-08-27 17:47:13,015 [pool-48-thread-4] WARN  impl.ChunkManagerImpl (ChunkUtils.java:validateChunkForOverwrite(218)) - Duplicate write chunk request. Chunk overwrite without explicit request. ChunkInfo{chunkName='1566928032781.data.0, offset=0, len=1048576}
2019-08-27 17:47:13,016 [pool-48-thread-4] WARN  impl.ChunkManagerImpl (ChunkManagerImpl.java:writeChunk(111)) - ChunkFile already exists/workdir/hadoop-ozone/integration-test/target/test-dir/MiniOzoneClusterImpl-bc25084f-9e68-4021-896a-31cc9b0201fe/datanode-2/data/containers/hdds/9e9e0473-1694-4362-bff7-36bc8ae4e830/current/containerDir0/2/chunks/1566928032781.data.0.Deleting it.
2019-08-27 17:47:13,020 | INFO  | DNAudit | user=null | ip=null | op=WRITE_CHUNK {blockData=conID: 2 locID: 1566928032781 bcsId: 0} | ret=SUCCESS |  
2019-08-27 17:47:13,037 [pool-70-thread-2] WARN  impl.ChunkManagerImpl (ChunkUtils.java:validateChunkForOverwrite(218)) - Duplicate write chunk request. Chunk overwrite without explicit request. ChunkInfo{chunkName='1566928032781.data.0, offset=0, len=1048576}
2019-08-27 17:47:13,037 [pool-70-thread-2] WARN  impl.ChunkManagerImpl (ChunkManagerImpl.java:writeChunk(111)) - ChunkFile already exists/workdir/hadoop-ozone/integration-test/target/test-dir/MiniOzoneClusterImpl-bc25084f-9e68-4021-896a-31cc9b0201fe/datanode-4/data/containers/hdds/9e9e0473-1694-4362-bff7-36bc8ae4e830/current/containerDir0/2/chunks/1566928032781.data.0.Deleting it.
2019-08-27 17:47:13,039 [pool-92-thread-2] WARN  impl.ChunkManagerImpl (ChunkUtils.java:validateChunkForOverwrite(218)) - Duplicate write chunk request. Chunk overwrite without explicit request. ChunkInfo{chunkName='1566928032781.data.0, offset=0, len=1048576}
2019-08-27 17:47:13,039 [pool-92-thread-2] WARN  impl.ChunkManagerImpl (ChunkManagerImpl.java:writeChunk(111)) - ChunkFile already exists/workdir/hadoop-ozone/integration-test/target/test-dir/MiniOzoneClusterImpl-bc25084f-9e68-4021-896a-31cc9b0201fe/datanode-6/data/containers/hdds/9e9e0473-1694-4362-bff7-36bc8ae4e830/current/containerDir0/2/chunks/1566928032781.data.0.Deleting it.
2019-08-27 17:47:13,041 | INFO  | DNAudit | user=null | ip=null | op=WRITE_CHUNK {blockData=conID: 2 locID: 1566928032781 bcsId: 0} | ret=SUCCESS |  
2019-08-27 17:47:13,045 | INFO  | DNAudit | user=null | ip=null | op=WRITE_CHUNK {blockData=conID: 2 locID: 1566928032781 bcsId: 0} | ret=SUCCESS |  
2019-08-27 17:47:13,072 | INFO  | DNAudit | user=null | ip=null | op=PUT_BLOCK {blockData=[blockId=conID: 2 locID: 1566928032781 bcsId: 0,size=1048576]} | ret=SUCCESS |  
2019-08-27 17:47:13,081 | INFO  | DNAudit | user=null | ip=null | op=WRITE_CHUNK {blockData=conID: 2 locID: 1566928032781 bcsId: 0} | ret=SUCCESS |  
2019-08-27 17:47:13,082 [grpc-default-executor-1] INFO  client.GrpcClientProtocolClient (GrpcClientProtocolClient.java:onNext(255)) - client-33980DE41171->ab75403a-92ac-42e0-ba85-54a2243ded7d: receive RaftClientReply:client-33980DE41171->ab75403a-92ac-42e0-ba85-54a2243ded7d@group-9CE928F21A08, cid=18, SUCCESS, logIndex=3, commits[ab75403a-92ac-42e0-ba85-54a2243ded7d:c8, a7fa0ea5-adb9-41e0-b602-3852e377c54a:c6, 6aaa6a6a-4b5a-495a-91e0-029f296c7cc5:c6]
2019-08-27 17:47:13,083 [grpc-default-executor-1] INFO  client.GrpcClientProtocolClient (GrpcClientProtocolClient.java:onNext(255)) - client-33980DE41171->ab75403a-92ac-42e0-ba85-54a2243ded7d: receive RaftClientReply:client-33980DE41171->ab75403a-92ac-42e0-ba85-54a2243ded7d@group-9CE928F21A08, cid=19, SUCCESS, logIndex=4, commits[ab75403a-92ac-42e0-ba85-54a2243ded7d:c8, a7fa0ea5-adb9-41e0-b602-3852e377c54a:c6, 6aaa6a6a-4b5a-495a-91e0-029f296c7cc5:c6]
2019-08-27 17:47:13,144 | INFO  | DNAudit | user=null | ip=null | op=PUT_BLOCK {blockData=[blockId=conID: 2 locID: 1566928032781 bcsId: 0,size=1048576]} | ret=SUCCESS |  
2019-08-27 17:47:13,145 | INFO  | DNAudit | user=null | ip=null | op=WRITE_CHUNK {blockData=conID: 2 locID: 1566928032781 bcsId: 0} | ret=SUCCESS |  
2019-08-27 17:47:13,160 | INFO  | SCMAudit | user=jenkins1000 | ip=192.168.36.88 | op=SEND_HEARTBEAT {datanodeUUID=a5567b31-ab4f-4114-b33d-79400be0990f, command=[]} | ret=SUCCESS |  
2019-08-27 17:47:13,179 | INFO  | DNAudit | user=null | ip=null | op=PUT_BLOCK {blockData=[blockId=conID: 2 locID: 1566928032781 bcsId: 0,size=1048576]} | ret=SUCCESS |  
2019-08-27 17:47:13,179 | INFO  | DNAudit | user=null | ip=null | op=PUT_BLOCK {blockData=[blockId=conID: 2 locID: 1566928032781 bcsId: 0,size=1048576]} | ret=SUCCESS |  
2019-08-27 17:47:13,179 | INFO  | DNAudit | user=null | ip=null | op=PUT_BLOCK {blockData=[blockId=conID: 2 locID: 1566928032781 bcsId: 0,size=1048576]} | ret=SUCCESS |  
2019-08-27 17:47:13,180 | INFO  | DNAudit | user=null | ip=null | op=WRITE_CHUNK {blockData=conID: 2 locID: 1566928032781 bcsId: 0} | ret=SUCCESS |  
2019-08-27 17:47:13,181 | INFO  | DNAudit | user=null | ip=null | op=PUT_BLOCK {blockData=[blockId=conID: 2 locID: 1566928032781 bcsId: 0,size=1048576]} | ret=SUCCESS |  
2019-08-27 17:47:13,182 [grpc-default-executor-1] INFO  client.GrpcClientProtocolClient (GrpcClientProtocolClient.java:onNext(255)) - client-33980DE41171->ab75403a-92ac-42e0-ba85-54a2243ded7d: receive RaftClientReply:client-33980DE41171->ab75403a-92ac-42e0-ba85-54a2243ded7d@group-9CE928F21A08, cid=20, SUCCESS, logIndex=5, commits[ab75403a-92ac-42e0-ba85-54a2243ded7d:c8, a7fa0ea5-adb9-41e0-b602-3852e377c54a:c6, 6aaa6a6a-4b5a-495a-91e0-029f296c7cc5:c6]
2019-08-27 17:47:13,183 [main] INFO  datanode.ObjectStoreHandler (ObjectStoreHandler.java:close(155)) - Closing ObjectStoreHandler.
2019-08-27 17:47:13,185 [main] INFO  ozone.HddsDatanodeService (HddsDatanodeService.java:stop(451)) - Stopped plug-in org.apache.hadoop.ozone.web.OzoneHddsDatanodeService@64f4f12
2019-08-27 17:47:13,494 | INFO  | SCMAudit | user=jenkins1000 | ip=192.168.36.88 | op=SEND_HEARTBEAT {datanodeUUID=1608f533-1d68-4f5e-bf89-bdd2c32888ed, command=[]} | ret=SUCCESS |  
2019-08-27 17:47:13,553 | INFO  | SCMAudit | user=jenkins1000 | ip=192.168.36.88 | op=SEND_HEARTBEAT {datanodeUUID=3d5c9ec2-c8c3-4424-8f0a-d6e0195fca8f, command=[]} | ret=SUCCESS |  
2019-08-27 17:47:13,555 | INFO  | SCMAudit | user=jenkins1000 | ip=192.168.36.88 | op=SEND_HEARTBEAT {datanodeUUID=94dc168f-463b-43bf-a6cc-7c4d36620514, command=[]} | ret=SUCCESS |  
2019-08-27 17:47:13,940 [Datanode State Machine Thread - 0] INFO  statemachine.DatanodeStateMachine (DatanodeStateMachine.java:lambda$startDaemon$0(350)) - Ozone container server started.
2019-08-27 17:47:13,963 | INFO  | SCMAudit | user=jenkins1000 | ip=192.168.36.88 | op=SEND_HEARTBEAT {datanodeUUID=6aaa6a6a-4b5a-495a-91e0-029f296c7cc5, command=[]} | ret=SUCCESS |  
2019-08-27 17:47:13,963 | INFO  | SCMAudit | user=jenkins1000 | ip=192.168.36.88 | op=SEND_HEARTBEAT {datanodeUUID=a7fa0ea5-adb9-41e0-b602-3852e377c54a, command=[]} | ret=SUCCESS |  
2019-08-27 17:47:14,160 | INFO  | SCMAudit | user=jenkins1000 | ip=192.168.36.88 | op=SEND_HEARTBEAT {datanodeUUID=a5567b31-ab4f-4114-b33d-79400be0990f, command=[]} | ret=SUCCESS |  
2019-08-27 17:47:14,495 | INFO  | SCMAudit | user=jenkins1000 | ip=192.168.36.88 | op=SEND_HEARTBEAT {datanodeUUID=1608f533-1d68-4f5e-bf89-bdd2c32888ed, command=[]} | ret=SUCCESS |  
2019-08-27 17:47:14,553 | INFO  | SCMAudit | user=jenkins1000 | ip=192.168.36.88 | op=SEND_HEARTBEAT {datanodeUUID=3d5c9ec2-c8c3-4424-8f0a-d6e0195fca8f, command=[]} | ret=SUCCESS |  
2019-08-27 17:47:14,556 | INFO  | SCMAudit | user=jenkins1000 | ip=192.168.36.88 | op=SEND_HEARTBEAT {datanodeUUID=94dc168f-463b-43bf-a6cc-7c4d36620514, command=[]} | ret=SUCCESS |  
2019-08-27 17:47:14,963 | INFO  | SCMAudit | user=jenkins1000 | ip=192.168.36.88 | op=SEND_HEARTBEAT {datanodeUUID=6aaa6a6a-4b5a-495a-91e0-029f296c7cc5, command=[]} | ret=SUCCESS |  
2019-08-27 17:47:14,964 | INFO  | SCMAudit | user=jenkins1000 | ip=192.168.36.88 | op=SEND_HEARTBEAT {datanodeUUID=a7fa0ea5-adb9-41e0-b602-3852e377c54a, command=[]} | ret=SUCCESS |  
2019-08-27 17:47:15,160 | INFO  | SCMAudit | user=jenkins1000 | ip=192.168.36.88 | op=SEND_HEARTBEAT {datanodeUUID=a5567b31-ab4f-4114-b33d-79400be0990f, command=[]} | ret=SUCCESS |  
2019-08-27 17:47:15,496 | INFO  | SCMAudit | user=jenkins1000 | ip=192.168.36.88 | op=SEND_HEARTBEAT {datanodeUUID=1608f533-1d68-4f5e-bf89-bdd2c32888ed, command=[]} | ret=SUCCESS |  
2019-08-27 17:47:15,552 | INFO  | SCMAudit | user=jenkins1000 | ip=192.168.36.88 | op=SEND_HEARTBEAT {datanodeUUID=3d5c9ec2-c8c3-4424-8f0a-d6e0195fca8f, command=[]} | ret=SUCCESS |  
2019-08-27 17:47:15,556 | INFO  | SCMAudit | user=jenkins1000 | ip=192.168.36.88 | op=SEND_HEARTBEAT {datanodeUUID=94dc168f-463b-43bf-a6cc-7c4d36620514, command=[]} | ret=SUCCESS |  
2019-08-27 17:47:15,945 [EventQueue-StaleNodeForStaleNodeHandler] INFO  node.StaleNodeHandler (StaleNodeHandler.java:onMessage(58)) - Datanode ab75403a-92ac-42e0-ba85-54a2243ded7d{ip: 192.168.36.88, host: pr-hdds-1937-lmpjj-3050322230, networkLocation: /default-rack, certSerialId: null} moved to stale state. Finalizing its pipelines [PipelineID=ad76533a-0893-4f16-a9cb-9ce928f21a08, PipelineID=765ef762-ba78-45af-afa7-df941aaf941f]
2019-08-27 17:47:15,946 [EventQueue-StaleNodeForStaleNodeHandler] INFO  pipeline.SCMPipelineManager (SCMPipelineManager.java:finalizeAndDestroyPipeline(309)) - destroying pipeline:Pipeline[ Id: ad76533a-0893-4f16-a9cb-9ce928f21a08, Nodes: ab75403a-92ac-42e0-ba85-54a2243ded7d{ip: 192.168.36.88, host: pr-hdds-1937-lmpjj-3050322230, networkLocation: /default-rack, certSerialId: null}6aaa6a6a-4b5a-495a-91e0-029f296c7cc5{ip: 192.168.36.88, host: pr-hdds-1937-lmpjj-3050322230, networkLocation: /default-rack, certSerialId: null}a7fa0ea5-adb9-41e0-b602-3852e377c54a{ip: 192.168.36.88, host: pr-hdds-1937-lmpjj-3050322230, networkLocation: /default-rack, certSerialId: null}, Type:RATIS, Factor:THREE, State:OPEN]
2019-08-27 17:47:15,947 [EventQueue-StaleNodeForStaleNodeHandler] INFO  pipeline.PipelineStateManager (PipelineStateManager.java:finalizePipeline(123)) - Pipeline Pipeline[ Id: ad76533a-0893-4f16-a9cb-9ce928f21a08, Nodes: ab75403a-92ac-42e0-ba85-54a2243ded7d{ip: 192.168.36.88, host: pr-hdds-1937-lmpjj-3050322230, networkLocation: /default-rack, certSerialId: null}6aaa6a6a-4b5a-495a-91e0-029f296c7cc5{ip: 192.168.36.88, host: pr-hdds-1937-lmpjj-3050322230, networkLocation: /default-rack, certSerialId: null}a7fa0ea5-adb9-41e0-b602-3852e377c54a{ip: 192.168.36.88, host: pr-hdds-1937-lmpjj-3050322230, networkLocation: /default-rack, certSerialId: null}, Type:RATIS, Factor:THREE, State:CLOSED] moved to CLOSED state
2019-08-27 17:47:15,948 [EventQueue-CloseContainerForCloseContainerEventHandler] INFO  container.CloseContainerEventHandler (CloseContainerEventHandler.java:onMessage(61)) - Close container Event triggered for container : #2
2019-08-27 17:47:15,953 [EventQueue-StaleNodeForStaleNodeHandler] INFO  pipeline.SCMPipelineManager (SCMPipelineManager.java:finalizeAndDestroyPipeline(309)) - destroying pipeline:Pipeline[ Id: 765ef762-ba78-45af-afa7-df941aaf941f, Nodes: ab75403a-92ac-42e0-ba85-54a2243ded7d{ip: 192.168.36.88, host: pr-hdds-1937-lmpjj-3050322230, networkLocation: /default-rack, certSerialId: null}, Type:RATIS, Factor:ONE, State:OPEN]
2019-08-27 17:47:15,956 [EventQueue-StaleNodeForStaleNodeHandler] INFO  pipeline.PipelineStateManager (PipelineStateManager.java:finalizePipeline(123)) - Pipeline Pipeline[ Id: 765ef762-ba78-45af-afa7-df941aaf941f, Nodes: ab75403a-92ac-42e0-ba85-54a2243ded7d{ip: 192.168.36.88, host: pr-hdds-1937-lmpjj-3050322230, networkLocation: /default-rack, certSerialId: null}, Type:RATIS, Factor:ONE, State:CLOSED] moved to CLOSED state
2019-08-27 17:47:16,002 | INFO  | SCMAudit | user=jenkins1000 | ip=192.168.36.88 | op=SEND_HEARTBEAT {datanodeUUID=6aaa6a6a-4b5a-495a-91e0-029f296c7cc5, command=[commandType: closeContainerCommand closeContainerCommandProto { containerID: 2 pipelineID { id: "ad76533a-0893-4f16-a9cb-9ce928f21a08" } cmdId: 2 force: false } ]} | ret=SUCCESS |  
2019-08-27 17:47:16,002 | INFO  | SCMAudit | user=jenkins1000 | ip=192.168.36.88 | op=SEND_HEARTBEAT {datanodeUUID=a7fa0ea5-adb9-41e0-b602-3852e377c54a, command=[commandType: closeContainerCommand closeContainerCommandProto { containerID: 2 pipelineID { id: "ad76533a-0893-4f16-a9cb-9ce928f21a08" } cmdId: 2 force: false } ]} | ret=SUCCESS |  
2019-08-27 17:47:16,161 | INFO  | SCMAudit | user=jenkins1000 | ip=192.168.36.88 | op=SEND_HEARTBEAT {datanodeUUID=a5567b31-ab4f-4114-b33d-79400be0990f, command=[]} | ret=SUCCESS |  
2019-08-27 17:47:16,495 | INFO  | SCMAudit | user=jenkins1000 | ip=192.168.36.88 | op=SEND_HEARTBEAT {datanodeUUID=1608f533-1d68-4f5e-bf89-bdd2c32888ed, command=[]} | ret=SUCCESS |  
2019-08-27 17:47:16,552 | INFO  | SCMAudit | user=jenkins1000 | ip=192.168.36.88 | op=SEND_HEARTBEAT {datanodeUUID=3d5c9ec2-c8c3-4424-8f0a-d6e0195fca8f, command=[]} | ret=SUCCESS |  
2019-08-27 17:47:16,556 | INFO  | SCMAudit | user=jenkins1000 | ip=192.168.36.88 | op=SEND_HEARTBEAT {datanodeUUID=94dc168f-463b-43bf-a6cc-7c4d36620514, command=[]} | ret=SUCCESS |  
2019-08-27 17:47:16,964 | INFO  | SCMAudit | user=jenkins1000 | ip=192.168.36.88 | op=SEND_HEARTBEAT {datanodeUUID=6aaa6a6a-4b5a-495a-91e0-029f296c7cc5, command=[]} | ret=SUCCESS |  
2019-08-27 17:47:16,965 | INFO  | SCMAudit | user=jenkins1000 | ip=192.168.36.88 | op=SEND_HEARTBEAT {datanodeUUID=a7fa0ea5-adb9-41e0-b602-3852e377c54a, command=[]} | ret=SUCCESS |  
2019-08-27 17:47:17,160 | INFO  | SCMAudit | user=jenkins1000 | ip=192.168.36.88 | op=SEND_HEARTBEAT {datanodeUUID=a5567b31-ab4f-4114-b33d-79400be0990f, command=[]} | ret=SUCCESS |  
2019-08-27 17:47:17,495 | INFO  | SCMAudit | user=jenkins1000 | ip=192.168.36.88 | op=SEND_HEARTBEAT {datanodeUUID=1608f533-1d68-4f5e-bf89-bdd2c32888ed, command=[]} | ret=SUCCESS |  
2019-08-27 17:47:17,551 | INFO  | SCMAudit | user=jenkins1000 | ip=192.168.36.88 | op=SEND_HEARTBEAT {datanodeUUID=3d5c9ec2-c8c3-4424-8f0a-d6e0195fca8f, command=[]} | ret=SUCCESS |  
2019-08-27 17:47:17,556 | INFO  | SCMAudit | user=jenkins1000 | ip=192.168.36.88 | op=SEND_HEARTBEAT {datanodeUUID=94dc168f-463b-43bf-a6cc-7c4d36620514, command=[]} | ret=SUCCESS |  
2019-08-27 17:47:17,964 | INFO  | SCMAudit | user=jenkins1000 | ip=192.168.36.88 | op=SEND_HEARTBEAT {datanodeUUID=6aaa6a6a-4b5a-495a-91e0-029f296c7cc5, command=[]} | ret=SUCCESS |  
2019-08-27 17:47:17,966 | INFO  | SCMAudit | user=jenkins1000 | ip=192.168.36.88 | op=SEND_HEARTBEAT {datanodeUUID=a7fa0ea5-adb9-41e0-b602-3852e377c54a, command=[]} | ret=SUCCESS |  
2019-08-27 17:47:17,994 | INFO  | SCMAudit | user=jenkins1000 | ip=192.168.36.88 | op=SEND_HEARTBEAT {datanodeUUID=6aaa6a6a-4b5a-495a-91e0-029f296c7cc5, command=[]} | ret=SUCCESS |  
2019-08-27 17:47:17,994 | INFO  | SCMAudit | user=jenkins1000 | ip=192.168.36.88 | op=SEND_HEARTBEAT {datanodeUUID=a7fa0ea5-adb9-41e0-b602-3852e377c54a, command=[]} | ret=SUCCESS |  
2019-08-27 17:47:18,160 | INFO  | SCMAudit | user=jenkins1000 | ip=192.168.36.88 | op=SEND_HEARTBEAT {datanodeUUID=a5567b31-ab4f-4114-b33d-79400be0990f, command=[]} | ret=SUCCESS |  
2019-08-27 17:47:18,187 [main] INFO  ozoneimpl.OzoneContainer (OzoneContainer.java:stop(199)) - Attempting to stop container services.
2019-08-27 17:47:18,188 [main] INFO  impl.RaftServerProxy (RaftServerProxy.java:lambda$close$4(314)) - ab75403a-92ac-42e0-ba85-54a2243ded7d: close
2019-08-27 17:47:18,189 [main] INFO  impl.RaftServerImpl (RaftServerImpl.java:lambda$shutdown$3(245)) - ab75403a-92ac-42e0-ba85-54a2243ded7d: shutdown group-9CE928F21A08
2019-08-27 17:47:18,189 [main] INFO  util.JmxRegister (JmxRegister.java:unregister(73)) - Successfully un-registered JMX Bean with object name Ratis:service=RaftServer,group=group-9CE928F21A08,id=ab75403a-92ac-42e0-ba85-54a2243ded7d
2019-08-27 17:47:18,189 [ForkJoinPool.commonPool-worker-1] INFO  impl.RaftServerImpl (RaftServerImpl.java:lambda$shutdown$3(245)) - ab75403a-92ac-42e0-ba85-54a2243ded7d: shutdown group-DF941AAF941F
2019-08-27 17:47:18,189 [main] INFO  impl.RoleInfo (RoleInfo.java:shutdownLeaderState(104)) - ab75403a-92ac-42e0-ba85-54a2243ded7d: shutdown LeaderState
2019-08-27 17:47:18,190 [ForkJoinPool.commonPool-worker-1] INFO  util.JmxRegister (JmxRegister.java:unregister(73)) - Successfully un-registered JMX Bean with object name Ratis:service=RaftServer,group=group-DF941AAF941F,id=ab75403a-92ac-42e0-ba85-54a2243ded7d
2019-08-27 17:47:18,190 [ForkJoinPool.commonPool-worker-1] INFO  impl.RoleInfo (RoleInfo.java:shutdownLeaderState(104)) - ab75403a-92ac-42e0-ba85-54a2243ded7d: shutdown LeaderState
2019-08-27 17:47:18,195 [main] INFO  impl.PendingRequests (PendingRequests.java:sendNotLeaderResponses(202)) - ab75403a-92ac-42e0-ba85-54a2243ded7d-PendingRequests: sendNotLeaderResponses
2019-08-27 17:47:18,209 [org.apache.ratis.server.impl.LogAppender$AppenderDaemon$$Lambda$510/609900888@56aaee3b] WARN  server.GrpcLogAppender (GrpcLogAppender.java:mayWait(143)) - GrpcLogAppender(ab75403a-92ac-42e0-ba85-54a2243ded7d->6aaa6a6a-4b5a-495a-91e0-029f296c7cc5): Wait interrupted by java.lang.InterruptedException
2019-08-27 17:47:18,209 [org.apache.ratis.server.impl.LogAppender$AppenderDaemon$$Lambda$510/609900888@13a8622a] WARN  server.GrpcLogAppender (GrpcLogAppender.java:mayWait(143)) - GrpcLogAppender(ab75403a-92ac-42e0-ba85-54a2243ded7d->a7fa0ea5-adb9-41e0-b602-3852e377c54a): Wait interrupted by java.lang.InterruptedException
2019-08-27 17:47:18,195 [ForkJoinPool.commonPool-worker-1] INFO  impl.PendingRequests (PendingRequests.java:sendNotLeaderResponses(202)) - ab75403a-92ac-42e0-ba85-54a2243ded7d-PendingRequests: sendNotLeaderResponses
2019-08-27 17:47:18,215 [grpc-default-executor-1] INFO  server.GrpcServerProtocolService (GrpcServerProtocolService.java:onCompleted(104)) - 6aaa6a6a-4b5a-495a-91e0-029f296c7cc5: appendEntries completed
2019-08-27 17:47:18,215 [grpc-default-executor-2] INFO  server.GrpcServerProtocolService (GrpcServerProtocolService.java:onCompleted(104)) - a7fa0ea5-adb9-41e0-b602-3852e377c54a: appendEntries completed
2019-08-27 17:47:18,217 [ForkJoinPool.commonPool-worker-1] INFO  impl.StateMachineUpdater (StateMachineUpdater.java:stopAndJoin(115)) - StateMachineUpdater:ab75403a-92ac-42e0-ba85-54a2243ded7d:group-DF941AAF941F: set stopIndex = 0
2019-08-27 17:47:18,222 [main] INFO  impl.StateMachineUpdater (StateMachineUpdater.java:stopAndJoin(115)) - StateMachineUpdater:ab75403a-92ac-42e0-ba85-54a2243ded7d:group-9CE928F21A08: set stopIndex = 8
2019-08-27 17:47:18,224 [ForkJoinPool.commonPool-worker-1] INFO  impl.RaftServerImpl (ServerState.java:close(394)) - ab75403a-92ac-42e0-ba85-54a2243ded7d:group-DF941AAF941F closes. The last applied log index is 0
2019-08-27 17:47:18,232 [StateMachineUpdater:ab75403a-92ac-42e0-ba85-54a2243ded7d:group-9CE928F21A08] INFO  ratis.ContainerStateMachine (ContainerStateMachine.java:takeSnapshot(283)) - group-9CE928F21A08: Taking a snapshot at:(t:1, i:8) file /workdir/hadoop-ozone/integration-test/target/test-dir/MiniOzoneClusterImpl-bc25084f-9e68-4021-896a-31cc9b0201fe/datanode-2/data/ratis/ad76533a-0893-4f16-a9cb-9ce928f21a08/sm/snapshot.1_8
2019-08-27 17:47:18,235 [grpc-default-executor-2] INFO  server.GrpcLogAppender (GrpcLogAppender.java:onCompleted(292)) - ab75403a-92ac-42e0-ba85-54a2243ded7d->a7fa0ea5-adb9-41e0-b602-3852e377c54a: follower responses appendEntries COMPLETED
2019-08-27 17:47:18,235 [grpc-default-executor-1] INFO  server.GrpcLogAppender (GrpcLogAppender.java:onCompleted(292)) - ab75403a-92ac-42e0-ba85-54a2243ded7d->6aaa6a6a-4b5a-495a-91e0-029f296c7cc5: follower responses appendEntries COMPLETED
2019-08-27 17:47:18,241 [grpc-default-executor-2] INFO  impl.FollowerInfo (FollowerInfo.java:lambda$new$0(50)) - ab75403a-92ac-42e0-ba85-54a2243ded7d->a7fa0ea5-adb9-41e0-b602-3852e377c54a: nextIndex: updateUnconditionally 9 -> 8
2019-08-27 17:47:18,241 [grpc-default-executor-1] INFO  impl.FollowerInfo (FollowerInfo.java:lambda$new$0(50)) - ab75403a-92ac-42e0-ba85-54a2243ded7d->6aaa6a6a-4b5a-495a-91e0-029f296c7cc5: nextIndex: updateUnconditionally 9 -> 8
2019-08-27 17:47:18,244 [ab75403a-92ac-42e0-ba85-54a2243ded7d-SegmentedRaftLogWorker:Storage Directory /workdir/hadoop-ozone/integration-test/target/test-dir/MiniOzoneClusterImpl-bc25084f-9e68-4021-896a-31cc9b0201fe/datanode-2/data/ratis/765ef762-ba78-45af-afa7-df941aaf941f] INFO  segmented.SegmentedRaftLogWorker (SegmentedRaftLogWorker.java:run(313)) - ab75403a-92ac-42e0-ba85-54a2243ded7d-SegmentedRaftLogWorker:Storage Directory /workdir/hadoop-ozone/integration-test/target/test-dir/MiniOzoneClusterImpl-bc25084f-9e68-4021-896a-31cc9b0201fe/datanode-2/data/ratis/765ef762-ba78-45af-afa7-df941aaf941f was interrupted, exiting. There are 0 tasks remaining in the queue.
2019-08-27 17:47:18,246 [ForkJoinPool.commonPool-worker-1] INFO  segmented.SegmentedRaftLogWorker (SegmentedRaftLogWorker.java:close(228)) - ab75403a-92ac-42e0-ba85-54a2243ded7d-SegmentedRaftLogWorker:Storage Directory /workdir/hadoop-ozone/integration-test/target/test-dir/MiniOzoneClusterImpl-bc25084f-9e68-4021-896a-31cc9b0201fe/datanode-2/data/ratis/765ef762-ba78-45af-afa7-df941aaf941f close()
2019-08-27 17:47:18,269 [StateMachineUpdater:ab75403a-92ac-42e0-ba85-54a2243ded7d:group-9CE928F21A08] INFO  ratis.ContainerStateMachine (ContainerStateMachine.java:takeSnapshot(294)) - group-9CE928F21A08: Finished taking a snapshot at:(t:1, i:8) file:/workdir/hadoop-ozone/integration-test/target/test-dir/MiniOzoneClusterImpl-bc25084f-9e68-4021-896a-31cc9b0201fe/datanode-2/data/ratis/ad76533a-0893-4f16-a9cb-9ce928f21a08/sm/snapshot.1_8 time:45
2019-08-27 17:47:18,271 [StateMachineUpdater:ab75403a-92ac-42e0-ba85-54a2243ded7d:group-9CE928F21A08] INFO  impl.StateMachineUpdater (StateMachineUpdater.java:takeSnapshot(242)) - StateMachineUpdater:ab75403a-92ac-42e0-ba85-54a2243ded7d:group-9CE928F21A08: Took a snapshot at index 8
2019-08-27 17:47:18,271 [StateMachineUpdater:ab75403a-92ac-42e0-ba85-54a2243ded7d:group-9CE928F21A08] INFO  impl.StateMachineUpdater (StateMachineUpdater.java:lambda$new$0(80)) - StateMachineUpdater:ab75403a-92ac-42e0-ba85-54a2243ded7d:group-9CE928F21A08: snapshotIndex: updateIncreasingly -1 -> 8
2019-08-27 17:47:18,275 [main] INFO  impl.RaftServerImpl (ServerState.java:close(394)) - ab75403a-92ac-42e0-ba85-54a2243ded7d:group-9CE928F21A08 closes. The last applied log index is 8
2019-08-27 17:47:18,276 [ab75403a-92ac-42e0-ba85-54a2243ded7d-SegmentedRaftLogWorker:Storage Directory /workdir/hadoop-ozone/integration-test/target/test-dir/MiniOzoneClusterImpl-bc25084f-9e68-4021-896a-31cc9b0201fe/datanode-2/data/ratis/ad76533a-0893-4f16-a9cb-9ce928f21a08] INFO  segmented.SegmentedRaftLogWorker (SegmentedRaftLogWorker.java:run(313)) - ab75403a-92ac-42e0-ba85-54a2243ded7d-SegmentedRaftLogWorker:Storage Directory /workdir/hadoop-ozone/integration-test/target/test-dir/MiniOzoneClusterImpl-bc25084f-9e68-4021-896a-31cc9b0201fe/datanode-2/data/ratis/ad76533a-0893-4f16-a9cb-9ce928f21a08 was interrupted, exiting. There are 0 tasks remaining in the queue.
2019-08-27 17:47:18,278 [main] INFO  segmented.SegmentedRaftLogWorker (SegmentedRaftLogWorker.java:close(228)) - ab75403a-92ac-42e0-ba85-54a2243ded7d-SegmentedRaftLogWorker:Storage Directory /workdir/hadoop-ozone/integration-test/target/test-dir/MiniOzoneClusterImpl-bc25084f-9e68-4021-896a-31cc9b0201fe/datanode-2/data/ratis/ad76533a-0893-4f16-a9cb-9ce928f21a08 close()
2019-08-27 17:47:18,282 [main] INFO  server.GrpcService (GrpcService.java:closeImpl(155)) - ab75403a-92ac-42e0-ba85-54a2243ded7d: shutdown server with port 44442 now
2019-08-27 17:47:18,284 [main] INFO  server.GrpcService (GrpcService.java:closeImpl(163)) - ab75403a-92ac-42e0-ba85-54a2243ded7d: shutdown server with port 44442 successfully
2019-08-27 17:47:18,289 [main] INFO  utils.BackgroundService (BackgroundService.java:shutdown(148)) - Shutting down service BlockDeletingService
2019-08-27 17:47:18,292 [refreshUsed-/workdir/hadoop-ozone/integration-test/target/test-dir/MiniOzoneClusterImpl-bc25084f-9e68-4021-896a-31cc9b0201fe/datanode-2/data/containers] WARN  fs.CachingGetSpaceUsed (CachingGetSpaceUsed.java:run(183)) - Thread Interrupted waiting to refresh disk information: sleep interrupted
2019-08-27 17:47:18,308 [main] INFO  statemachine.DatanodeStateMachine (DatanodeStateMachine.java:stopDaemon(395)) - Ozone container server stopped.
2019-08-27 17:47:18,312 [main] INFO  handler.ContextHandler (ContextHandler.java:doStop(910)) - Stopped o.e.j.w.WebAppContext@1d289d3f{/,null,UNAVAILABLE}{/hddsDatanode}
2019-08-27 17:47:18,318 [main] INFO  server.AbstractConnector (AbstractConnector.java:doStop(318)) - Stopped ServerConnector@10f405ff{HTTP/1.1,[http/1.1]}{0.0.0.0:0}
2019-08-27 17:47:18,319 [main] INFO  handler.ContextHandler (ContextHandler.java:doStop(910)) - Stopped o.e.j.s.ServletContextHandler@6df4af5{/static,jar:file:/home/user/.m2/repository/org/apache/hadoop/hadoop-hdds-container-service/0.5.0-SNAPSHOT/hadoop-hdds-container-service-0.5.0-SNAPSHOT.jar!/webapps/static,UNAVAILABLE}
2019-08-27 17:47:18,319 [main] INFO  handler.ContextHandler (ContextHandler.java:doStop(910)) - Stopped o.e.j.s.ServletContextHandler@4966bab1{/logs,file:///workdir/hadoop-ozone/integration-test/target/log,UNAVAILABLE}
2019-08-27 17:47:18,321 [main] INFO  datanode.ObjectStoreHandler (ObjectStoreHandler.java:close(155)) - Closing ObjectStoreHandler.
2019-08-27 17:47:18,322 [main] INFO  ozone.HddsDatanodeService (HddsDatanodeService.java:stop(451)) - Stopped plug-in org.apache.hadoop.ozone.web.OzoneHddsDatanodeService@fabef2e
2019-08-27 17:47:18,495 | INFO  | SCMAudit | user=jenkins1000 | ip=192.168.36.88 | op=SEND_HEARTBEAT {datanodeUUID=1608f533-1d68-4f5e-bf89-bdd2c32888ed, command=[]} | ret=SUCCESS |  
2019-08-27 17:47:18,552 | INFO  | SCMAudit | user=jenkins1000 | ip=192.168.36.88 | op=SEND_HEARTBEAT {datanodeUUID=3d5c9ec2-c8c3-4424-8f0a-d6e0195fca8f, command=[]} | ret=SUCCESS |  
2019-08-27 17:47:18,555 | INFO  | SCMAudit | user=jenkins1000 | ip=192.168.36.88 | op=SEND_HEARTBEAT {datanodeUUID=94dc168f-463b-43bf-a6cc-7c4d36620514, command=[]} | ret=SUCCESS |  
2019-08-27 17:47:18,992 [Datanode State Machine Thread - 0] INFO  statemachine.DatanodeStateMachine (DatanodeStateMachine.java:lambda$startDaemon$0(350)) - Ozone container server started.
2019-08-27 17:47:18,996 | INFO  | SCMAudit | user=jenkins1000 | ip=192.168.36.88 | op=SEND_HEARTBEAT {datanodeUUID=a7fa0ea5-adb9-41e0-b602-3852e377c54a, command=[]} | ret=SUCCESS |  
2019-08-27 17:47:19,160 | INFO  | SCMAudit | user=jenkins1000 | ip=192.168.36.88 | op=SEND_HEARTBEAT {datanodeUUID=a5567b31-ab4f-4114-b33d-79400be0990f, command=[]} | ret=SUCCESS |  
2019-08-27 17:47:19,495 | INFO  | SCMAudit | user=jenkins1000 | ip=192.168.36.88 | op=SEND_HEARTBEAT {datanodeUUID=1608f533-1d68-4f5e-bf89-bdd2c32888ed, command=[]} | ret=SUCCESS |  
2019-08-27 17:47:19,552 | INFO  | SCMAudit | user=jenkins1000 | ip=192.168.36.88 | op=SEND_HEARTBEAT {datanodeUUID=3d5c9ec2-c8c3-4424-8f0a-d6e0195fca8f, command=[]} | ret=SUCCESS |  
2019-08-27 17:47:19,556 | INFO  | SCMAudit | user=jenkins1000 | ip=192.168.36.88 | op=SEND_HEARTBEAT {datanodeUUID=94dc168f-463b-43bf-a6cc-7c4d36620514, command=[]} | ret=SUCCESS |  
2019-08-27 17:47:19,994 | INFO  | SCMAudit | user=jenkins1000 | ip=192.168.36.88 | op=SEND_HEARTBEAT {datanodeUUID=a7fa0ea5-adb9-41e0-b602-3852e377c54a, command=[]} | ret=SUCCESS |  
2019-08-27 17:47:20,166 | INFO  | SCMAudit | user=jenkins1000 | ip=192.168.36.88 | op=SEND_HEARTBEAT {datanodeUUID=a5567b31-ab4f-4114-b33d-79400be0990f, command=[]} | ret=SUCCESS |  
2019-08-27 17:47:20,496 | INFO  | SCMAudit | user=jenkins1000 | ip=192.168.36.88 | op=SEND_HEARTBEAT {datanodeUUID=1608f533-1d68-4f5e-bf89-bdd2c32888ed, command=[]} | ret=SUCCESS |  
2019-08-27 17:47:20,552 | INFO  | SCMAudit | user=jenkins1000 | ip=192.168.36.88 | op=SEND_HEARTBEAT {datanodeUUID=3d5c9ec2-c8c3-4424-8f0a-d6e0195fca8f, command=[]} | ret=SUCCESS |  
2019-08-27 17:47:20,556 | INFO  | SCMAudit | user=jenkins1000 | ip=192.168.36.88 | op=SEND_HEARTBEAT {datanodeUUID=94dc168f-463b-43bf-a6cc-7c4d36620514, command=[]} | ret=SUCCESS |  
2019-08-27 17:47:20,994 | INFO  | SCMAudit | user=jenkins1000 | ip=192.168.36.88 | op=SEND_HEARTBEAT {datanodeUUID=a7fa0ea5-adb9-41e0-b602-3852e377c54a, command=[]} | ret=SUCCESS |  
2019-08-27 17:47:21,055 [EventQueue-StaleNodeForStaleNodeHandler] INFO  node.StaleNodeHandler (StaleNodeHandler.java:onMessage(58)) - Datanode 6aaa6a6a-4b5a-495a-91e0-029f296c7cc5{ip: 192.168.36.88, host: pr-hdds-1937-lmpjj-3050322230, networkLocation: /default-rack, certSerialId: null} moved to stale state. Finalizing its pipelines [PipelineID=ad76533a-0893-4f16-a9cb-9ce928f21a08, PipelineID=128f744f-eb8d-4392-815f-6ab52c52de23]
2019-08-27 17:47:21,055 [EventQueue-StaleNodeForStaleNodeHandler] INFO  pipeline.SCMPipelineManager (SCMPipelineManager.java:finalizeAndDestroyPipeline(309)) - destroying pipeline:Pipeline[ Id: ad76533a-0893-4f16-a9cb-9ce928f21a08, Nodes: ab75403a-92ac-42e0-ba85-54a2243ded7d{ip: 192.168.36.88, host: pr-hdds-1937-lmpjj-3050322230, networkLocation: /default-rack, certSerialId: null}6aaa6a6a-4b5a-495a-91e0-029f296c7cc5{ip: 192.168.36.88, host: pr-hdds-1937-lmpjj-3050322230, networkLocation: /default-rack, certSerialId: null}a7fa0ea5-adb9-41e0-b602-3852e377c54a{ip: 192.168.36.88, host: pr-hdds-1937-lmpjj-3050322230, networkLocation: /default-rack, certSerialId: null}, Type:RATIS, Factor:THREE, State:CLOSED]
2019-08-27 17:47:21,056 [EventQueue-StaleNodeForStaleNodeHandler] INFO  pipeline.SCMPipelineManager (SCMPipelineManager.java:finalizeAndDestroyPipeline(309)) - destroying pipeline:Pipeline[ Id: 128f744f-eb8d-4392-815f-6ab52c52de23, Nodes: 6aaa6a6a-4b5a-495a-91e0-029f296c7cc5{ip: 192.168.36.88, host: pr-hdds-1937-lmpjj-3050322230, networkLocation: /default-rack, certSerialId: null}, Type:RATIS, Factor:ONE, State:OPEN]
2019-08-27 17:47:21,056 [EventQueue-StaleNodeForStaleNodeHandler] INFO  pipeline.PipelineStateManager (PipelineStateManager.java:finalizePipeline(123)) - Pipeline Pipeline[ Id: 128f744f-eb8d-4392-815f-6ab52c52de23, Nodes: 6aaa6a6a-4b5a-495a-91e0-029f296c7cc5{ip: 192.168.36.88, host: pr-hdds-1937-lmpjj-3050322230, networkLocation: /default-rack, certSerialId: null}, Type:RATIS, Factor:ONE, State:CLOSED] moved to CLOSED state
2019-08-27 17:47:21,161 | INFO  | SCMAudit | user=jenkins1000 | ip=192.168.36.88 | op=SEND_HEARTBEAT {datanodeUUID=a5567b31-ab4f-4114-b33d-79400be0990f, command=[]} | ret=SUCCESS |  
2019-08-27 17:47:21,495 | INFO  | SCMAudit | user=jenkins1000 | ip=192.168.36.88 | op=SEND_HEARTBEAT {datanodeUUID=1608f533-1d68-4f5e-bf89-bdd2c32888ed, command=[]} | ret=SUCCESS |  
2019-08-27 17:47:21,552 | INFO  | SCMAudit | user=jenkins1000 | ip=192.168.36.88 | op=SEND_HEARTBEAT {datanodeUUID=3d5c9ec2-c8c3-4424-8f0a-d6e0195fca8f, command=[]} | ret=SUCCESS |  
2019-08-27 17:47:21,556 | INFO  | SCMAudit | user=jenkins1000 | ip=192.168.36.88 | op=SEND_HEARTBEAT {datanodeUUID=94dc168f-463b-43bf-a6cc-7c4d36620514, command=[]} | ret=SUCCESS |  
2019-08-27 17:47:21,994 | INFO  | SCMAudit | user=jenkins1000 | ip=192.168.36.88 | op=SEND_HEARTBEAT {datanodeUUID=a7fa0ea5-adb9-41e0-b602-3852e377c54a, command=[]} | ret=SUCCESS |  
2019-08-27 17:47:22,160 | INFO  | SCMAudit | user=jenkins1000 | ip=192.168.36.88 | op=SEND_HEARTBEAT {datanodeUUID=a5567b31-ab4f-4114-b33d-79400be0990f, command=[]} | ret=SUCCESS |  
2019-08-27 17:47:22,496 | INFO  | SCMAudit | user=jenkins1000 | ip=192.168.36.88 | op=SEND_HEARTBEAT {datanodeUUID=1608f533-1d68-4f5e-bf89-bdd2c32888ed, command=[]} | ret=SUCCESS |  
2019-08-27 17:47:22,552 | INFO  | SCMAudit | user=jenkins1000 | ip=192.168.36.88 | op=SEND_HEARTBEAT {datanodeUUID=3d5c9ec2-c8c3-4424-8f0a-d6e0195fca8f, command=[]} | ret=SUCCESS |  
2019-08-27 17:47:22,556 | INFO  | SCMAudit | user=jenkins1000 | ip=192.168.36.88 | op=SEND_HEARTBEAT {datanodeUUID=94dc168f-463b-43bf-a6cc-7c4d36620514, command=[]} | ret=SUCCESS |  
2019-08-27 17:47:22,996 | INFO  | SCMAudit | user=jenkins1000 | ip=192.168.36.88 | op=SEND_HEARTBEAT {datanodeUUID=a7fa0ea5-adb9-41e0-b602-3852e377c54a, command=[]} | ret=SUCCESS |  
2019-08-27 17:47:23,161 | INFO  | SCMAudit | user=jenkins1000 | ip=192.168.36.88 | op=SEND_HEARTBEAT {datanodeUUID=a5567b31-ab4f-4114-b33d-79400be0990f, command=[]} | ret=SUCCESS |  
2019-08-27 17:47:23,323 [main] INFO  ozoneimpl.OzoneContainer (OzoneContainer.java:stop(199)) - Attempting to stop container services.
2019-08-27 17:47:23,332 [main] INFO  impl.RaftServerProxy (RaftServerProxy.java:lambda$close$4(314)) - 6aaa6a6a-4b5a-495a-91e0-029f296c7cc5: close
2019-08-27 17:47:23,333 [main] INFO  impl.RaftServerImpl (RaftServerImpl.java:lambda$shutdown$3(245)) - 6aaa6a6a-4b5a-495a-91e0-029f296c7cc5: shutdown group-9CE928F21A08
2019-08-27 17:47:23,334 [main] INFO  util.JmxRegister (JmxRegister.java:unregister(73)) - Successfully un-registered JMX Bean with object name Ratis:service=RaftServer,group=group-9CE928F21A08,id=6aaa6a6a-4b5a-495a-91e0-029f296c7cc5
2019-08-27 17:47:23,334 [main] INFO  impl.RoleInfo (RoleInfo.java:shutdownFollowerState(121)) - 6aaa6a6a-4b5a-495a-91e0-029f296c7cc5: shutdown FollowerState
2019-08-27 17:47:23,334 [main] INFO  impl.StateMachineUpdater (StateMachineUpdater.java:stopAndJoin(115)) - StateMachineUpdater:6aaa6a6a-4b5a-495a-91e0-029f296c7cc5:group-9CE928F21A08: set stopIndex = 8
2019-08-27 17:47:23,335 [StateMachineUpdater:6aaa6a6a-4b5a-495a-91e0-029f296c7cc5:group-9CE928F21A08] INFO  ratis.ContainerStateMachine (ContainerStateMachine.java:takeSnapshot(283)) - group-9CE928F21A08: Taking a snapshot at:(t:1, i:6) file /workdir/hadoop-ozone/integration-test/target/test-dir/MiniOzoneClusterImpl-bc25084f-9e68-4021-896a-31cc9b0201fe/datanode-6/data/ratis/ad76533a-0893-4f16-a9cb-9ce928f21a08/sm/snapshot.1_6
2019-08-27 17:47:23,335 [Thread-323] INFO  impl.FollowerState (FollowerState.java:run(114)) - 6aaa6a6a-4b5a-495a-91e0-029f296c7cc5: FollowerState was interrupted: java.lang.InterruptedException: sleep interrupted
2019-08-27 17:47:23,349 [StateMachineUpdater:6aaa6a6a-4b5a-495a-91e0-029f296c7cc5:group-9CE928F21A08] INFO  ratis.ContainerStateMachine (ContainerStateMachine.java:takeSnapshot(294)) - group-9CE928F21A08: Finished taking a snapshot at:(t:1, i:6) file:/workdir/hadoop-ozone/integration-test/target/test-dir/MiniOzoneClusterImpl-bc25084f-9e68-4021-896a-31cc9b0201fe/datanode-6/data/ratis/ad76533a-0893-4f16-a9cb-9ce928f21a08/sm/snapshot.1_6 time:14
2019-08-27 17:47:23,349 [StateMachineUpdater:6aaa6a6a-4b5a-495a-91e0-029f296c7cc5:group-9CE928F21A08] INFO  impl.StateMachineUpdater (StateMachineUpdater.java:takeSnapshot(242)) - StateMachineUpdater:6aaa6a6a-4b5a-495a-91e0-029f296c7cc5:group-9CE928F21A08: Took a snapshot at index 6
2019-08-27 17:47:23,349 [StateMachineUpdater:6aaa6a6a-4b5a-495a-91e0-029f296c7cc5:group-9CE928F21A08] INFO  impl.StateMachineUpdater (StateMachineUpdater.java:lambda$new$0(80)) - StateMachineUpdater:6aaa6a6a-4b5a-495a-91e0-029f296c7cc5:group-9CE928F21A08: snapshotIndex: updateIncreasingly -1 -> 6
2019-08-27 17:47:23,350 [main] INFO  impl.RaftServerImpl (ServerState.java:close(394)) - 6aaa6a6a-4b5a-495a-91e0-029f296c7cc5:group-9CE928F21A08 closes. The last applied log index is 8
2019-08-27 17:47:23,350 [6aaa6a6a-4b5a-495a-91e0-029f296c7cc5-SegmentedRaftLogWorker:Storage Directory /workdir/hadoop-ozone/integration-test/target/test-dir/MiniOzoneClusterImpl-bc25084f-9e68-4021-896a-31cc9b0201fe/datanode-6/data/ratis/ad76533a-0893-4f16-a9cb-9ce928f21a08] INFO  segmented.SegmentedRaftLogWorker (SegmentedRaftLogWorker.java:run(313)) - 6aaa6a6a-4b5a-495a-91e0-029f296c7cc5-SegmentedRaftLogWorker:Storage Directory /workdir/hadoop-ozone/integration-test/target/test-dir/MiniOzoneClusterImpl-bc25084f-9e68-4021-896a-31cc9b0201fe/datanode-6/data/ratis/ad76533a-0893-4f16-a9cb-9ce928f21a08 was interrupted, exiting. There are 0 tasks remaining in the queue.
2019-08-27 17:47:23,352 [main] INFO  segmented.SegmentedRaftLogWorker (SegmentedRaftLogWorker.java:close(228)) - 6aaa6a6a-4b5a-495a-91e0-029f296c7cc5-SegmentedRaftLogWorker:Storage Directory /workdir/hadoop-ozone/integration-test/target/test-dir/MiniOzoneClusterImpl-bc25084f-9e68-4021-896a-31cc9b0201fe/datanode-6/data/ratis/ad76533a-0893-4f16-a9cb-9ce928f21a08 close()
2019-08-27 17:47:23,356 [main] INFO  impl.RaftServerImpl (RaftServerImpl.java:lambda$shutdown$3(245)) - 6aaa6a6a-4b5a-495a-91e0-029f296c7cc5: shutdown group-6AB52C52DE23
2019-08-27 17:47:23,357 [main] INFO  util.JmxRegister (JmxRegister.java:unregister(73)) - Successfully un-registered JMX Bean with object name Ratis:service=RaftServer,group=group-6AB52C52DE23,id=6aaa6a6a-4b5a-495a-91e0-029f296c7cc5
2019-08-27 17:47:23,357 [main] INFO  impl.RoleInfo (RoleInfo.java:shutdownLeaderState(104)) - 6aaa6a6a-4b5a-495a-91e0-029f296c7cc5: shutdown LeaderState
2019-08-27 17:47:23,357 [main] INFO  impl.PendingRequests (PendingRequests.java:sendNotLeaderResponses(202)) - 6aaa6a6a-4b5a-495a-91e0-029f296c7cc5-PendingRequests: sendNotLeaderResponses
2019-08-27 17:47:23,359 [main] INFO  impl.StateMachineUpdater (StateMachineUpdater.java:stopAndJoin(115)) - StateMachineUpdater:6aaa6a6a-4b5a-495a-91e0-029f296c7cc5:group-6AB52C52DE23: set stopIndex = 0
2019-08-27 17:47:23,360 [main] INFO  impl.RaftServerImpl (ServerState.java:close(394)) - 6aaa6a6a-4b5a-495a-91e0-029f296c7cc5:group-6AB52C52DE23 closes. The last applied log index is 0
2019-08-27 17:47:23,360 [6aaa6a6a-4b5a-495a-91e0-029f296c7cc5-SegmentedRaftLogWorker:Storage Directory /workdir/hadoop-ozone/integration-test/target/test-dir/MiniOzoneClusterImpl-bc25084f-9e68-4021-896a-31cc9b0201fe/datanode-6/data/ratis/128f744f-eb8d-4392-815f-6ab52c52de23] INFO  segmented.SegmentedRaftLogWorker (SegmentedRaftLogWorker.java:run(313)) - 6aaa6a6a-4b5a-495a-91e0-029f296c7cc5-SegmentedRaftLogWorker:Storage Directory /workdir/hadoop-ozone/integration-test/target/test-dir/MiniOzoneClusterImpl-bc25084f-9e68-4021-896a-31cc9b0201fe/datanode-6/data/ratis/128f744f-eb8d-4392-815f-6ab52c52de23 was interrupted, exiting. There are 0 tasks remaining in the queue.
2019-08-27 17:47:23,362 [main] INFO  segmented.SegmentedRaftLogWorker (SegmentedRaftLogWorker.java:close(228)) - 6aaa6a6a-4b5a-495a-91e0-029f296c7cc5-SegmentedRaftLogWorker:Storage Directory /workdir/hadoop-ozone/integration-test/target/test-dir/MiniOzoneClusterImpl-bc25084f-9e68-4021-896a-31cc9b0201fe/datanode-6/data/ratis/128f744f-eb8d-4392-815f-6ab52c52de23 close()
2019-08-27 17:47:23,366 [main] INFO  server.GrpcService (GrpcService.java:closeImpl(155)) - 6aaa6a6a-4b5a-495a-91e0-029f296c7cc5: shutdown server with port 34688 now
2019-08-27 17:47:23,367 [main] INFO  server.GrpcService (GrpcService.java:closeImpl(163)) - 6aaa6a6a-4b5a-495a-91e0-029f296c7cc5: shutdown server with port 34688 successfully
2019-08-27 17:47:23,378 [main] INFO  utils.BackgroundService (BackgroundService.java:shutdown(148)) - Shutting down service BlockDeletingService
2019-08-27 17:47:23,383 [refreshUsed-/workdir/hadoop-ozone/integration-test/target/test-dir/MiniOzoneClusterImpl-bc25084f-9e68-4021-896a-31cc9b0201fe/datanode-6/data/containers] WARN  fs.CachingGetSpaceUsed (CachingGetSpaceUsed.java:run(183)) - Thread Interrupted waiting to refresh disk information: sleep interrupted
2019-08-27 17:47:23,405 [main] INFO  statemachine.DatanodeStateMachine (DatanodeStateMachine.java:stopDaemon(395)) - Ozone container server stopped.
2019-08-27 17:47:23,406 [main] INFO  handler.ContextHandler (ContextHandler.java:doStop(910)) - Stopped o.e.j.w.WebAppContext@474e34e4{/,null,UNAVAILABLE}{/hddsDatanode}
2019-08-27 17:47:23,407 [main] INFO  server.AbstractConnector (AbstractConnector.java:doStop(318)) - Stopped ServerConnector@7e2c6702{HTTP/1.1,[http/1.1]}{0.0.0.0:0}
2019-08-27 17:47:23,408 [main] INFO  handler.ContextHandler (ContextHandler.java:doStop(910)) - Stopped o.e.j.s.ServletContextHandler@5773d271{/static,jar:file:/home/user/.m2/repository/org/apache/hadoop/hadoop-hdds-container-service/0.5.0-SNAPSHOT/hadoop-hdds-container-service-0.5.0-SNAPSHOT.jar!/webapps/static,UNAVAILABLE}
2019-08-27 17:47:23,408 [main] INFO  handler.ContextHandler (ContextHandler.java:doStop(910)) - Stopped o.e.j.s.ServletContextHandler@a457c2b{/logs,file:///workdir/hadoop-ozone/integration-test/target/log,UNAVAILABLE}
]]></system-out>
  </testcase>
</testsuite>